<?xml version="1.0" encoding="UTF-8"?>
<testsuite xmlns:xsi="http://www.w3.org/2001/XMLSchema-instance" xsi:noNamespaceSchemaLocation="https://maven.apache.org/surefire/maven-surefire-plugin/xsd/surefire-test-report.xsd" name="org.apache.hadoop.ozone.client.rpc.TestMultiBlockWritesWithDnFailures" time="190.158" tests="2" errors="0" skipped="0" failures="1">
  <properties>
    <property name="awt.toolkit" value="sun.awt.X11.XToolkit"/>
    <property name="file.encoding.pkg" value="sun.io"/>
    <property name="java.specification.version" value="1.8"/>
    <property name="sun.cpu.isalist" value=""/>
    <property name="sun.jnu.encoding" value="ANSI_X3.4-1968"/>
    <property name="java.class.path" value="/workdir/hadoop-ozone/integration-test/target/test-classes:/workdir/hadoop-ozone/integration-test/target/classes:/home/user/.m2/repository/org/apache/hadoop/hadoop-ozone-common/0.5.0-SNAPSHOT/hadoop-ozone-common-0.5.0-SNAPSHOT.jar:/home/user/.m2/repository/org/apache/commons/commons-compress/1.4.1/commons-compress-1.4.1.jar:/home/user/.m2/repository/org/tukaani/xz/1.0/xz-1.0.jar:/home/user/.m2/repository/org/apache/hadoop/hadoop-common/3.2.0/hadoop-common-3.2.0.jar:/home/user/.m2/repository/org/apache/hadoop/hadoop-hdfs/3.2.0/hadoop-hdfs-3.2.0.jar:/home/user/.m2/repository/org/apache/hadoop/hadoop-hdfs-client/3.2.0/hadoop-hdfs-client-3.2.0.jar:/home/user/.m2/repository/com/fasterxml/jackson/core/jackson-annotations/2.9.9/jackson-annotations-2.9.9.jar:/home/user/.m2/repository/org/apache/hadoop/hadoop-hdds-common/0.5.0-SNAPSHOT/hadoop-hdds-common-0.5.0-SNAPSHOT.jar:/home/user/.m2/repository/javax/annotation/javax.annotation-api/1.2/javax.annotation-api-1.2.jar:/home/user/.m2/repository/org/apache/ratis/ratis-server/0.5.0-3f446aa-SNAPSHOT/ratis-server-0.5.0-3f446aa-SNAPSHOT.jar:/home/user/.m2/repository/org/apache/ratis/ratis-thirdparty-misc/0.2.0/ratis-thirdparty-misc-0.2.0.jar:/home/user/.m2/repository/org/apache/ratis/ratis-proto/0.5.0-3f446aa-SNAPSHOT/ratis-proto-0.5.0-3f446aa-SNAPSHOT.jar:/home/user/.m2/repository/org/apache/ratis/ratis-common/0.5.0-3f446aa-SNAPSHOT/ratis-common-0.5.0-3f446aa-SNAPSHOT.jar:/home/user/.m2/repository/org/apache/ratis/ratis-client/0.5.0-3f446aa-SNAPSHOT/ratis-client-0.5.0-3f446aa-SNAPSHOT.jar:/home/user/.m2/repository/org/apache/ratis/ratis-metrics/0.5.0-3f446aa-SNAPSHOT/ratis-metrics-0.5.0-3f446aa-SNAPSHOT.jar:/home/user/.m2/repository/com/github/joshelser/dropwizard-metrics-hadoop-metrics2-reporter/0.1.2/dropwizard-metrics-hadoop-metrics2-reporter-0.1.2.jar:/home/user/.m2/repository/io/dropwizard/metrics/metrics-jvm/3.2.5/metrics-jvm-3.2.5.jar:/home/user/.m2/repository/io/dropwizard/metrics/metrics-ganglia/3.2.5/metrics-ganglia-3.2.5.jar:/home/user/.m2/repository/info/ganglia/gmetric4j/gmetric4j/1.0.7/gmetric4j-1.0.7.jar:/home/user/.m2/repository/org/apache/ratis/ratis-netty/0.5.0-3f446aa-SNAPSHOT/ratis-netty-0.5.0-3f446aa-SNAPSHOT.jar:/home/user/.m2/repository/org/apache/ratis/ratis-grpc/0.5.0-3f446aa-SNAPSHOT/ratis-grpc-0.5.0-3f446aa-SNAPSHOT.jar:/home/user/.m2/repository/org/rocksdb/rocksdbjni/6.0.1/rocksdbjni-6.0.1.jar:/home/user/.m2/repository/org/apache/logging/log4j/log4j-api/2.11.0/log4j-api-2.11.0.jar:/home/user/.m2/repository/org/apache/logging/log4j/log4j-core/2.11.0/log4j-core-2.11.0.jar:/home/user/.m2/repository/com/lmax/disruptor/3.4.2/disruptor-3.4.2.jar:/home/user/.m2/repository/org/apache/commons/commons-pool2/2.6.0/commons-pool2-2.6.0.jar:/home/user/.m2/repository/org/bouncycastle/bcpkix-jdk15on/1.60/bcpkix-jdk15on-1.60.jar:/home/user/.m2/repository/commons-validator/commons-validator/1.6/commons-validator-1.6.jar:/home/user/.m2/repository/commons-digester/commons-digester/1.8.1/commons-digester-1.8.1.jar:/home/user/.m2/repository/io/jaegertracing/jaeger-client/0.34.0/jaeger-client-0.34.0.jar:/home/user/.m2/repository/io/jaegertracing/jaeger-thrift/0.34.0/jaeger-thrift-0.34.0.jar:/home/user/.m2/repository/org/apache/thrift/libthrift/0.12.0/libthrift-0.12.0.jar:/home/user/.m2/repository/com/squareup/okhttp3/okhttp/3.9.0/okhttp-3.9.0.jar:/home/user/.m2/repository/com/squareup/okio/okio/1.13.0/okio-1.13.0.jar:/home/user/.m2/repository/io/jaegertracing/jaeger-core/0.34.0/jaeger-core-0.34.0.jar:/home/user/.m2/repository/io/jaegertracing/jaeger-tracerresolver/0.34.0/jaeger-tracerresolver-0.34.0.jar:/home/user/.m2/repository/io/opentracing/contrib/opentracing-tracerresolver/0.1.5/opentracing-tracerresolver-0.1.5.jar:/home/user/.m2/repository/io/opentracing/opentracing-util/0.31.0/opentracing-util-0.31.0.jar:/home/user/.m2/repository/io/opentracing/opentracing-api/0.31.0/opentracing-api-0.31.0.jar:/home/user/.m2/repository/io/opentracing/opentracing-noop/0.31.0/opentracing-noop-0.31.0.jar:/home/user/.m2/repository/org/apache/hadoop/hadoop-hdds-server-framework/0.5.0-SNAPSHOT/hadoop-hdds-server-framework-0.5.0-SNAPSHOT.jar:/home/user/.m2/repository/org/apache/hadoop/hadoop-hdds-container-service/0.5.0-SNAPSHOT/hadoop-hdds-container-service-0.5.0-SNAPSHOT.jar:/home/user/.m2/repository/org/apache/hadoop/hadoop-hdds-client/0.5.0-SNAPSHOT/hadoop-hdds-client-0.5.0-SNAPSHOT.jar:/home/user/.m2/repository/org/apache/hadoop/hadoop-hdds-tools/0.5.0-SNAPSHOT/hadoop-hdds-tools-0.5.0-SNAPSHOT.jar:/home/user/.m2/repository/org/apache/hadoop/hadoop-hdds-server-scm/0.5.0-SNAPSHOT/hadoop-hdds-server-scm-0.5.0-SNAPSHOT.jar:/home/user/.m2/repository/org/apache/hadoop/hadoop-hdds-docs/0.5.0-SNAPSHOT/hadoop-hdds-docs-0.5.0-SNAPSHOT.jar:/home/user/.m2/repository/io/dropwizard/metrics/metrics-core/3.2.4/metrics-core-3.2.4.jar:/home/user/.m2/repository/org/hamcrest/hamcrest-all/1.3/hamcrest-all-1.3.jar:/home/user/.m2/repository/org/bouncycastle/bcprov-jdk15on/1.60/bcprov-jdk15on-1.60.jar:/home/user/.m2/repository/info/picocli/picocli/3.9.6/picocli-3.9.6.jar:/home/user/.m2/repository/com/google/protobuf/protobuf-java/2.5.0/protobuf-java-2.5.0.jar:/home/user/.m2/repository/com/google/guava/guava/11.0.2/guava-11.0.2.jar:/home/user/.m2/repository/org/apache/hadoop/hadoop-ozone-ozone-manager/0.5.0-SNAPSHOT/hadoop-ozone-ozone-manager-0.5.0-SNAPSHOT.jar:/home/user/.m2/repository/org/apache/hadoop/hadoop-minikdc/3.2.0/hadoop-minikdc-3.2.0.jar:/home/user/.m2/repository/commons-io/commons-io/2.5/commons-io-2.5.jar:/home/user/.m2/repository/org/apache/kerby/kerb-simplekdc/1.0.1/kerb-simplekdc-1.0.1.jar:/home/user/.m2/repository/org/apache/kerby/kerb-client/1.0.1/kerb-client-1.0.1.jar:/home/user/.m2/repository/org/apache/kerby/kerby-config/1.0.1/kerby-config-1.0.1.jar:/home/user/.m2/repository/org/apache/kerby/kerb-core/1.0.1/kerb-core-1.0.1.jar:/home/user/.m2/repository/org/apache/kerby/kerby-pkix/1.0.1/kerby-pkix-1.0.1.jar:/home/user/.m2/repository/org/apache/kerby/kerby-asn1/1.0.1/kerby-asn1-1.0.1.jar:/home/user/.m2/repository/org/apache/kerby/kerby-util/1.0.1/kerby-util-1.0.1.jar:/home/user/.m2/repository/org/apache/kerby/kerb-common/1.0.1/kerb-common-1.0.1.jar:/home/user/.m2/repository/org/apache/kerby/kerb-crypto/1.0.1/kerb-crypto-1.0.1.jar:/home/user/.m2/repository/org/apache/kerby/kerb-util/1.0.1/kerb-util-1.0.1.jar:/home/user/.m2/repository/org/apache/kerby/token-provider/1.0.1/token-provider-1.0.1.jar:/home/user/.m2/repository/org/apache/kerby/kerb-admin/1.0.1/kerb-admin-1.0.1.jar:/home/user/.m2/repository/org/apache/kerby/kerb-server/1.0.1/kerb-server-1.0.1.jar:/home/user/.m2/repository/org/apache/kerby/kerb-identity/1.0.1/kerb-identity-1.0.1.jar:/home/user/.m2/repository/org/apache/kerby/kerby-xdr/1.0.1/kerby-xdr-1.0.1.jar:/home/user/.m2/repository/org/slf4j/slf4j-log4j12/1.7.25/slf4j-log4j12-1.7.25.jar:/home/user/.m2/repository/org/apache/hadoop/hadoop-ozone-s3gateway/0.5.0-SNAPSHOT/hadoop-ozone-s3gateway-0.5.0-SNAPSHOT.jar:/home/user/.m2/repository/org/jboss/weld/servlet/weld-servlet/2.4.7.Final/weld-servlet-2.4.7.Final.jar:/home/user/.m2/repository/org/glassfish/jersey/containers/jersey-container-servlet-core/2.27/jersey-container-servlet-core-2.27.jar:/home/user/.m2/repository/org/glassfish/hk2/external/javax.inject/2.5.0-b42/javax.inject-2.5.0-b42.jar:/home/user/.m2/repository/org/glassfish/jersey/core/jersey-common/2.27/jersey-common-2.27.jar:/home/user/.m2/repository/org/glassfish/hk2/osgi-resource-locator/1.0.1/osgi-resource-locator-1.0.1.jar:/home/user/.m2/repository/javax/ws/rs/javax.ws.rs-api/2.1/javax.ws.rs-api-2.1.jar:/home/user/.m2/repository/org/glassfish/jersey/ext/cdi/jersey-cdi1x/2.27/jersey-cdi1x-2.27.jar:/home/user/.m2/repository/org/glassfish/jersey/inject/jersey-hk2/2.27/jersey-hk2-2.27.jar:/home/user/.m2/repository/org/glassfish/hk2/hk2-locator/2.5.0-b42/hk2-locator-2.5.0-b42.jar:/home/user/.m2/repository/org/javassist/javassist/3.22.0-CR2/javassist-3.22.0-CR2.jar:/home/user/.m2/repository/org/glassfish/hk2/hk2-api/2.5.0/hk2-api-2.5.0.jar:/home/user/.m2/repository/org/glassfish/hk2/external/jakarta.inject/2.5.0/jakarta.inject-2.5.0.jar:/home/user/.m2/repository/org/glassfish/hk2/hk2-utils/2.5.0/hk2-utils-2.5.0.jar:/home/user/.m2/repository/jakarta/annotation/jakarta.annotation-api/1.3.4/jakarta.annotation-api-1.3.4.jar:/home/user/.m2/repository/org/glassfish/hk2/external/aopalliance-repackaged/2.5.0/aopalliance-repackaged-2.5.0.jar:/home/user/.m2/repository/com/fasterxml/jackson/dataformat/jackson-dataformat-xml/2.9.0/jackson-dataformat-xml-2.9.0.jar:/home/user/.m2/repository/com/fasterxml/jackson/core/jackson-core/2.9.9/jackson-core-2.9.9.jar:/home/user/.m2/repository/com/fasterxml/jackson/module/jackson-module-jaxb-annotations/2.9.9/jackson-module-jaxb-annotations-2.9.9.jar:/home/user/.m2/repository/javax/enterprise/cdi-api/1.2/cdi-api-1.2.jar:/home/user/.m2/repository/javax/el/javax.el-api/3.0.0/javax.el-api-3.0.0.jar:/home/user/.m2/repository/javax/interceptor/javax.interceptor-api/1.2/javax.interceptor-api-1.2.jar:/home/user/.m2/repository/javax/inject/javax.inject/1/javax.inject-1.jar:/home/user/.m2/repository/com/sun/xml/bind/jaxb-impl/2.3.0.1/jaxb-impl-2.3.0.1.jar:/home/user/.m2/repository/com/sun/xml/bind/jaxb-core/2.3.0.1/jaxb-core-2.3.0.1.jar:/home/user/.m2/repository/javax/xml/bind/jaxb-api/2.3.0/jaxb-api-2.3.0.jar:/home/user/.m2/repository/javax/activation/activation/1.1.1/activation-1.1.1.jar:/home/user/.m2/repository/org/apache/hadoop/hadoop-ozone-csi/0.5.0-SNAPSHOT/hadoop-ozone-csi-0.5.0-SNAPSHOT.jar:/home/user/.m2/repository/com/google/protobuf/protobuf-java-util/3.5.1/protobuf-java-util-3.5.1.jar:/home/user/.m2/repository/org/apache/hadoop/hadoop-hdds-config/0.5.0-SNAPSHOT/hadoop-hdds-config-0.5.0-SNAPSHOT.jar:/home/user/.m2/repository/io/grpc/grpc-netty/1.17.1/grpc-netty-1.17.1.jar:/home/user/.m2/repository/io/grpc/grpc-core/1.17.1/grpc-core-1.17.1.jar:/home/user/.m2/repository/io/grpc/grpc-context/1.17.1/grpc-context-1.17.1.jar:/home/user/.m2/repository/com/google/errorprone/error_prone_annotations/2.2.0/error_prone_annotations-2.2.0.jar:/home/user/.m2/repository/org/codehaus/mojo/animal-sniffer-annotations/1.17/animal-sniffer-annotations-1.17.jar:/home/user/.m2/repository/io/opencensus/opencensus-api/0.17.0/opencensus-api-0.17.0.jar:/home/user/.m2/repository/io/opencensus/opencensus-contrib-grpc-metrics/0.17.0/opencensus-contrib-grpc-metrics-0.17.0.jar:/home/user/.m2/repository/io/netty/netty-codec-http2/4.1.30.Final/netty-codec-http2-4.1.30.Final.jar:/home/user/.m2/repository/io/netty/netty-codec-http/4.1.30.Final/netty-codec-http-4.1.30.Final.jar:/home/user/.m2/repository/io/netty/netty-codec/4.1.30.Final/netty-codec-4.1.30.Final.jar:/home/user/.m2/repository/io/netty/netty-handler/4.1.30.Final/netty-handler-4.1.30.Final.jar:/home/user/.m2/repository/io/netty/netty-handler-proxy/4.1.30.Final/netty-handler-proxy-4.1.30.Final.jar:/home/user/.m2/repository/io/netty/netty-codec-socks/4.1.30.Final/netty-codec-socks-4.1.30.Final.jar:/home/user/.m2/repository/io/netty/netty-transport-native-epoll/4.1.30.Final/netty-transport-native-epoll-4.1.30.Final.jar:/home/user/.m2/repository/io/netty/netty-common/4.1.30.Final/netty-common-4.1.30.Final.jar:/home/user/.m2/repository/io/netty/netty-buffer/4.1.30.Final/netty-buffer-4.1.30.Final.jar:/home/user/.m2/repository/io/netty/netty-transport/4.1.30.Final/netty-transport-4.1.30.Final.jar:/home/user/.m2/repository/io/netty/netty-resolver/4.1.30.Final/netty-resolver-4.1.30.Final.jar:/home/user/.m2/repository/io/netty/netty-transport-native-unix-common/4.1.30.Final/netty-transport-native-unix-common-4.1.30.Final.jar:/home/user/.m2/repository/io/grpc/grpc-protobuf/1.17.1/grpc-protobuf-1.17.1.jar:/home/user/.m2/repository/com/google/api/grpc/proto-google-common-protos/1.0.0/proto-google-common-protos-1.0.0.jar:/home/user/.m2/repository/io/grpc/grpc-protobuf-lite/1.17.1/grpc-protobuf-lite-1.17.1.jar:/home/user/.m2/repository/io/grpc/grpc-stub/1.17.1/grpc-stub-1.17.1.jar:/home/user/.m2/repository/org/apache/hadoop/hadoop-ozone-recon/0.5.0-SNAPSHOT/hadoop-ozone-recon-0.5.0-SNAPSHOT.jar:/home/user/.m2/repository/org/apache/hadoop/hadoop-ozone-reconcodegen/0.5.0-SNAPSHOT/hadoop-ozone-reconcodegen-0.5.0-SNAPSHOT.jar:/home/user/.m2/repository/com/google/inject/extensions/guice-multibindings/4.0/guice-multibindings-4.0.jar:/home/user/.m2/repository/com/google/inject/guice/4.0/guice-4.0.jar:/home/user/.m2/repository/aopalliance/aopalliance/1.0/aopalliance-1.0.jar:/home/user/.m2/repository/com/google/inject/extensions/guice-servlet/4.0/guice-servlet-4.0.jar:/home/user/.m2/repository/org/glassfish/jersey/containers/jersey-container-servlet/2.27/jersey-container-servlet-2.27.jar:/home/user/.m2/repository/org/glassfish/hk2/guice-bridge/2.5.0/guice-bridge-2.5.0.jar:/home/user/.m2/repository/org/glassfish/jersey/core/jersey-server/2.27/jersey-server-2.27.jar:/home/user/.m2/repository/org/glassfish/jersey/core/jersey-client/2.27/jersey-client-2.27.jar:/home/user/.m2/repository/org/glassfish/jersey/media/jersey-media-jaxb/2.27/jersey-media-jaxb-2.27.jar:/home/user/.m2/repository/javax/validation/validation-api/1.1.0.Final/validation-api-1.1.0.Final.jar:/home/user/.m2/repository/org/glassfish/jersey/media/jersey-media-json-jackson/2.27/jersey-media-json-jackson-2.27.jar:/home/user/.m2/repository/org/glassfish/jersey/ext/jersey-entity-filtering/2.27/jersey-entity-filtering-2.27.jar:/home/user/.m2/repository/com/google/inject/extensions/guice-assistedinject/4.0/guice-assistedinject-4.0.jar:/home/user/.m2/repository/org/jooq/jooq/3.11.10/jooq-3.11.10.jar:/home/user/.m2/repository/org/jooq/jooq-meta/3.11.10/jooq-meta-3.11.10.jar:/home/user/.m2/repository/org/jooq/jooq-codegen/3.11.10/jooq-codegen-3.11.10.jar:/home/user/.m2/repository/com/jolbox/bonecp/0.8.0.RELEASE/bonecp-0.8.0.RELEASE.jar:/home/user/.m2/repository/org/xerial/sqlite-jdbc/3.25.2/sqlite-jdbc-3.25.2.jar:/home/user/.m2/repository/org/springframework/spring-jdbc/5.1.3.RELEASE/spring-jdbc-5.1.3.RELEASE.jar:/home/user/.m2/repository/org/springframework/spring-beans/5.1.3.RELEASE/spring-beans-5.1.3.RELEASE.jar:/home/user/.m2/repository/org/springframework/spring-core/5.1.3.RELEASE/spring-core-5.1.3.RELEASE.jar:/home/user/.m2/repository/org/springframework/spring-jcl/5.1.3.RELEASE/spring-jcl-5.1.3.RELEASE.jar:/home/user/.m2/repository/org/springframework/spring-tx/5.1.3.RELEASE/spring-tx-5.1.3.RELEASE.jar:/home/user/.m2/repository/org/apache/hadoop/hadoop-ozone-client/0.5.0-SNAPSHOT/hadoop-ozone-client-0.5.0-SNAPSHOT.jar:/home/user/.m2/repository/commons-lang/commons-lang/2.6/commons-lang-2.6.jar:/home/user/.m2/repository/org/apache/hadoop/hadoop-ozone-ozone-manager/0.5.0-SNAPSHOT/hadoop-ozone-ozone-manager-0.5.0-SNAPSHOT-tests.jar:/home/user/.m2/repository/junit/junit/4.11/junit-4.11.jar:/home/user/.m2/repository/org/hamcrest/hamcrest-core/1.3/hamcrest-core-1.3.jar:/home/user/.m2/repository/org/openjdk/jmh/jmh-core/1.19/jmh-core-1.19.jar:/home/user/.m2/repository/net/sf/jopt-simple/jopt-simple/4.6/jopt-simple-4.6.jar:/home/user/.m2/repository/org/apache/commons/commons-math3/3.1.1/commons-math3-3.1.1.jar:/home/user/.m2/repository/org/openjdk/jmh/jmh-generator-annprocess/1.19/jmh-generator-annprocess-1.19.jar:/home/user/.m2/repository/org/mockito/mockito-all/1.8.5/mockito-all-1.8.5.jar:/home/user/.m2/repository/org/apache/hadoop/hadoop-kms/3.2.0/hadoop-kms-3.2.0.jar:/home/user/.m2/repository/org/apache/hadoop/hadoop-auth/3.2.0/hadoop-auth-3.2.0.jar:/home/user/.m2/repository/com/nimbusds/nimbus-jose-jwt/4.41.1/nimbus-jose-jwt-4.41.1.jar:/home/user/.m2/repository/com/github/stephenc/jcip/jcip-annotations/1.0-1/jcip-annotations-1.0-1.jar:/home/user/.m2/repository/net/minidev/json-smart/2.3/json-smart-2.3.jar:/home/user/.m2/repository/net/minidev/accessors-smart/1.2/accessors-smart-1.2.jar:/home/user/.m2/repository/org/ow2/asm/asm/5.0.4/asm-5.0.4.jar:/home/user/.m2/repository/org/apache/curator/curator-framework/2.12.0/curator-framework-2.12.0.jar:/home/user/.m2/repository/com/sun/jersey/jersey-core/1.19/jersey-core-1.19.jar:/home/user/.m2/repository/javax/ws/rs/jsr311-api/1.1.1/jsr311-api-1.1.1.jar:/home/user/.m2/repository/com/sun/jersey/jersey-server/1.19/jersey-server-1.19.jar:/home/user/.m2/repository/javax/servlet/javax.servlet-api/3.1.0/javax.servlet-api-3.1.0.jar:/home/user/.m2/repository/org/eclipse/jetty/jetty-server/9.3.25.v20180904/jetty-server-9.3.25.v20180904.jar:/home/user/.m2/repository/org/eclipse/jetty/jetty-http/9.3.25.v20180904/jetty-http-9.3.25.v20180904.jar:/home/user/.m2/repository/org/eclipse/jetty/jetty-io/9.3.25.v20180904/jetty-io-9.3.25.v20180904.jar:/home/user/.m2/repository/org/eclipse/jetty/jetty-webapp/9.3.25.v20180904/jetty-webapp-9.3.25.v20180904.jar:/home/user/.m2/repository/org/eclipse/jetty/jetty-xml/9.3.25.v20180904/jetty-xml-9.3.25.v20180904.jar:/home/user/.m2/repository/log4j/log4j/1.2.17/log4j-1.2.17.jar:/home/user/.m2/repository/org/slf4j/slf4j-api/1.7.25/slf4j-api-1.7.25.jar:/home/user/.m2/repository/org/slf4j/jul-to-slf4j/1.7.25/jul-to-slf4j-1.7.25.jar:/home/user/.m2/repository/org/eclipse/jetty/jetty-util/9.3.25.v20180904/jetty-util-9.3.25.v20180904.jar:/home/user/.m2/repository/com/fasterxml/jackson/core/jackson-databind/2.9.9/jackson-databind-2.9.9.jar:/home/user/.m2/repository/org/apache/hadoop/hadoop-kms/3.2.0/hadoop-kms-3.2.0-tests.jar:/home/user/.m2/repository/org/apache/hadoop/hadoop-hdds-server-scm/0.5.0-SNAPSHOT/hadoop-hdds-server-scm-0.5.0-SNAPSHOT-tests.jar:/home/user/.m2/repository/org/apache/hadoop/hadoop-hdds-container-service/0.5.0-SNAPSHOT/hadoop-hdds-container-service-0.5.0-SNAPSHOT-tests.jar:/home/user/.m2/repository/org/yaml/snakeyaml/1.16/snakeyaml-1.16.jar:/home/user/.m2/repository/org/apache/hadoop/hadoop-common/3.2.0/hadoop-common-3.2.0-tests.jar:/home/user/.m2/repository/org/apache/hadoop/hadoop-annotations/3.2.0/hadoop-annotations-3.2.0.jar:/usr/lib/jvm/java-1.8.0-openjdk-1.8.0.222.b10-1.el7_7.x86_64/jre/../lib/tools.jar:/home/user/.m2/repository/commons-cli/commons-cli/1.2/commons-cli-1.2.jar:/home/user/.m2/repository/org/apache/httpcomponents/httpclient/4.5.2/httpclient-4.5.2.jar:/home/user/.m2/repository/org/apache/httpcomponents/httpcore/4.4.4/httpcore-4.4.4.jar:/home/user/.m2/repository/commons-codec/commons-codec/1.11/commons-codec-1.11.jar:/home/user/.m2/repository/commons-net/commons-net/3.6/commons-net-3.6.jar:/home/user/.m2/repository/commons-collections/commons-collections/3.2.2/commons-collections-3.2.2.jar:/home/user/.m2/repository/org/eclipse/jetty/jetty-servlet/9.3.25.v20180904/jetty-servlet-9.3.25.v20180904.jar:/home/user/.m2/repository/org/eclipse/jetty/jetty-security/9.3.25.v20180904/jetty-security-9.3.25.v20180904.jar:/home/user/.m2/repository/javax/servlet/jsp/jsp-api/2.1/jsp-api-2.1.jar:/home/user/.m2/repository/com/sun/jersey/jersey-servlet/1.19/jersey-servlet-1.19.jar:/home/user/.m2/repository/com/sun/jersey/jersey-json/1.19/jersey-json-1.19.jar:/home/user/.m2/repository/org/codehaus/jettison/jettison/1.1/jettison-1.1.jar:/home/user/.m2/repository/org/codehaus/jackson/jackson-core-asl/1.9.13/jackson-core-asl-1.9.13.jar:/home/user/.m2/repository/org/codehaus/jackson/jackson-mapper-asl/1.9.13/jackson-mapper-asl-1.9.13.jar:/home/user/.m2/repository/org/codehaus/jackson/jackson-jaxrs/1.9.13/jackson-jaxrs-1.9.13.jar:/home/user/.m2/repository/org/codehaus/jackson/jackson-xc/1.9.13/jackson-xc-1.9.13.jar:/home/user/.m2/repository/commons-logging/commons-logging/1.1.3/commons-logging-1.1.3.jar:/home/user/.m2/repository/commons-beanutils/commons-beanutils/1.9.4/commons-beanutils-1.9.4.jar:/home/user/.m2/repository/org/apache/commons/commons-configuration2/2.1.1/commons-configuration2-2.1.1.jar:/home/user/.m2/repository/org/apache/commons/commons-lang3/3.7/commons-lang3-3.7.jar:/home/user/.m2/repository/org/apache/commons/commons-text/1.4/commons-text-1.4.jar:/home/user/.m2/repository/org/apache/avro/avro/1.7.7/avro-1.7.7.jar:/home/user/.m2/repository/com/thoughtworks/paranamer/paranamer/2.3/paranamer-2.3.jar:/home/user/.m2/repository/org/xerial/snappy/snappy-java/1.0.5/snappy-java-1.0.5.jar:/home/user/.m2/repository/com/google/re2j/re2j/1.1/re2j-1.1.jar:/home/user/.m2/repository/com/google/code/gson/gson/2.2.4/gson-2.2.4.jar:/home/user/.m2/repository/com/jcraft/jsch/0.1.54/jsch-0.1.54.jar:/home/user/.m2/repository/org/apache/curator/curator-client/2.12.0/curator-client-2.12.0.jar:/home/user/.m2/repository/org/apache/curator/curator-recipes/2.12.0/curator-recipes-2.12.0.jar:/home/user/.m2/repository/com/google/code/findbugs/jsr305/3.0.0/jsr305-3.0.0.jar:/home/user/.m2/repository/org/apache/htrace/htrace-core4/4.1.0-incubating/htrace-core4-4.1.0-incubating.jar:/home/user/.m2/repository/org/apache/zookeeper/zookeeper/3.4.13/zookeeper-3.4.13.jar:/home/user/.m2/repository/jline/jline/0.9.94/jline-0.9.94.jar:/home/user/.m2/repository/org/apache/yetus/audience-annotations/0.5.0/audience-annotations-0.5.0.jar:/home/user/.m2/repository/org/codehaus/woodstox/stax2-api/3.1.4/stax2-api-3.1.4.jar:/home/user/.m2/repository/com/fasterxml/woodstox/woodstox-core/5.0.3/woodstox-core-5.0.3.jar:/home/user/.m2/repository/dnsjava/dnsjava/2.1.7/dnsjava-2.1.7.jar:/home/user/.m2/repository/org/apache/hadoop/hadoop-hdfs/3.2.0/hadoop-hdfs-3.2.0-tests.jar:/home/user/.m2/repository/org/eclipse/jetty/jetty-util-ajax/9.3.25.v20180904/jetty-util-ajax-9.3.25.v20180904.jar:/home/user/.m2/repository/commons-daemon/commons-daemon/1.0.13/commons-daemon-1.0.13.jar:/home/user/.m2/repository/io/netty/netty/3.10.5.Final/netty-3.10.5.Final.jar:/home/user/.m2/repository/io/netty/netty-all/4.0.52.Final/netty-all-4.0.52.Final.jar:/home/user/.m2/repository/org/fusesource/leveldbjni/leveldbjni-all/1.8/leveldbjni-all-1.8.jar:"/>
    <property name="java.vm.vendor" value="Oracle Corporation"/>
    <property name="sun.arch.data.model" value="64"/>
    <property name="test.build.dir" value="/workdir/hadoop-ozone/integration-test/target/test-dir"/>
    <property name="test.cache.data" value=""/>
    <property name="java.vendor.url" value="http://java.oracle.com/"/>
    <property name="user.timezone" value=""/>
    <property name="java.vm.specification.version" value="1.8"/>
    <property name="os.name" value="Linux"/>
    <property name="test.build.data" value="/workdir/hadoop-ozone/integration-test/target/test-dir"/>
    <property name="user.country" value="US"/>
    <property name="sun.java.launcher" value="SUN_STANDARD"/>
    <property name="sun.boot.library.path" value="/usr/lib/jvm/java-1.8.0-openjdk-1.8.0.222.b10-1.el7_7.x86_64/jre/lib/amd64"/>
    <property name="sun.java.command" value="/workdir/hadoop-ozone/integration-test/target/surefire/surefirebooter3183907791993778933.jar /workdir/hadoop-ozone/integration-test/target/surefire 2019-10-17T21-06-53_162-jvmRun1 surefire6298359866240623513tmp surefire_368972582773010452152tmp"/>
    <property name="surefire.test.class.path" value="/workdir/hadoop-ozone/integration-test/target/test-classes:/workdir/hadoop-ozone/integration-test/target/classes:/home/user/.m2/repository/org/apache/hadoop/hadoop-ozone-common/0.5.0-SNAPSHOT/hadoop-ozone-common-0.5.0-SNAPSHOT.jar:/home/user/.m2/repository/org/apache/commons/commons-compress/1.4.1/commons-compress-1.4.1.jar:/home/user/.m2/repository/org/tukaani/xz/1.0/xz-1.0.jar:/home/user/.m2/repository/org/apache/hadoop/hadoop-common/3.2.0/hadoop-common-3.2.0.jar:/home/user/.m2/repository/org/apache/hadoop/hadoop-hdfs/3.2.0/hadoop-hdfs-3.2.0.jar:/home/user/.m2/repository/org/apache/hadoop/hadoop-hdfs-client/3.2.0/hadoop-hdfs-client-3.2.0.jar:/home/user/.m2/repository/com/fasterxml/jackson/core/jackson-annotations/2.9.9/jackson-annotations-2.9.9.jar:/home/user/.m2/repository/org/apache/hadoop/hadoop-hdds-common/0.5.0-SNAPSHOT/hadoop-hdds-common-0.5.0-SNAPSHOT.jar:/home/user/.m2/repository/javax/annotation/javax.annotation-api/1.2/javax.annotation-api-1.2.jar:/home/user/.m2/repository/org/apache/ratis/ratis-server/0.5.0-3f446aa-SNAPSHOT/ratis-server-0.5.0-3f446aa-SNAPSHOT.jar:/home/user/.m2/repository/org/apache/ratis/ratis-thirdparty-misc/0.2.0/ratis-thirdparty-misc-0.2.0.jar:/home/user/.m2/repository/org/apache/ratis/ratis-proto/0.5.0-3f446aa-SNAPSHOT/ratis-proto-0.5.0-3f446aa-SNAPSHOT.jar:/home/user/.m2/repository/org/apache/ratis/ratis-common/0.5.0-3f446aa-SNAPSHOT/ratis-common-0.5.0-3f446aa-SNAPSHOT.jar:/home/user/.m2/repository/org/apache/ratis/ratis-client/0.5.0-3f446aa-SNAPSHOT/ratis-client-0.5.0-3f446aa-SNAPSHOT.jar:/home/user/.m2/repository/org/apache/ratis/ratis-metrics/0.5.0-3f446aa-SNAPSHOT/ratis-metrics-0.5.0-3f446aa-SNAPSHOT.jar:/home/user/.m2/repository/com/github/joshelser/dropwizard-metrics-hadoop-metrics2-reporter/0.1.2/dropwizard-metrics-hadoop-metrics2-reporter-0.1.2.jar:/home/user/.m2/repository/io/dropwizard/metrics/metrics-jvm/3.2.5/metrics-jvm-3.2.5.jar:/home/user/.m2/repository/io/dropwizard/metrics/metrics-ganglia/3.2.5/metrics-ganglia-3.2.5.jar:/home/user/.m2/repository/info/ganglia/gmetric4j/gmetric4j/1.0.7/gmetric4j-1.0.7.jar:/home/user/.m2/repository/org/apache/ratis/ratis-netty/0.5.0-3f446aa-SNAPSHOT/ratis-netty-0.5.0-3f446aa-SNAPSHOT.jar:/home/user/.m2/repository/org/apache/ratis/ratis-grpc/0.5.0-3f446aa-SNAPSHOT/ratis-grpc-0.5.0-3f446aa-SNAPSHOT.jar:/home/user/.m2/repository/org/rocksdb/rocksdbjni/6.0.1/rocksdbjni-6.0.1.jar:/home/user/.m2/repository/org/apache/logging/log4j/log4j-api/2.11.0/log4j-api-2.11.0.jar:/home/user/.m2/repository/org/apache/logging/log4j/log4j-core/2.11.0/log4j-core-2.11.0.jar:/home/user/.m2/repository/com/lmax/disruptor/3.4.2/disruptor-3.4.2.jar:/home/user/.m2/repository/org/apache/commons/commons-pool2/2.6.0/commons-pool2-2.6.0.jar:/home/user/.m2/repository/org/bouncycastle/bcpkix-jdk15on/1.60/bcpkix-jdk15on-1.60.jar:/home/user/.m2/repository/commons-validator/commons-validator/1.6/commons-validator-1.6.jar:/home/user/.m2/repository/commons-digester/commons-digester/1.8.1/commons-digester-1.8.1.jar:/home/user/.m2/repository/io/jaegertracing/jaeger-client/0.34.0/jaeger-client-0.34.0.jar:/home/user/.m2/repository/io/jaegertracing/jaeger-thrift/0.34.0/jaeger-thrift-0.34.0.jar:/home/user/.m2/repository/org/apache/thrift/libthrift/0.12.0/libthrift-0.12.0.jar:/home/user/.m2/repository/com/squareup/okhttp3/okhttp/3.9.0/okhttp-3.9.0.jar:/home/user/.m2/repository/com/squareup/okio/okio/1.13.0/okio-1.13.0.jar:/home/user/.m2/repository/io/jaegertracing/jaeger-core/0.34.0/jaeger-core-0.34.0.jar:/home/user/.m2/repository/io/jaegertracing/jaeger-tracerresolver/0.34.0/jaeger-tracerresolver-0.34.0.jar:/home/user/.m2/repository/io/opentracing/contrib/opentracing-tracerresolver/0.1.5/opentracing-tracerresolver-0.1.5.jar:/home/user/.m2/repository/io/opentracing/opentracing-util/0.31.0/opentracing-util-0.31.0.jar:/home/user/.m2/repository/io/opentracing/opentracing-api/0.31.0/opentracing-api-0.31.0.jar:/home/user/.m2/repository/io/opentracing/opentracing-noop/0.31.0/opentracing-noop-0.31.0.jar:/home/user/.m2/repository/org/apache/hadoop/hadoop-hdds-server-framework/0.5.0-SNAPSHOT/hadoop-hdds-server-framework-0.5.0-SNAPSHOT.jar:/home/user/.m2/repository/org/apache/hadoop/hadoop-hdds-container-service/0.5.0-SNAPSHOT/hadoop-hdds-container-service-0.5.0-SNAPSHOT.jar:/home/user/.m2/repository/org/apache/hadoop/hadoop-hdds-client/0.5.0-SNAPSHOT/hadoop-hdds-client-0.5.0-SNAPSHOT.jar:/home/user/.m2/repository/org/apache/hadoop/hadoop-hdds-tools/0.5.0-SNAPSHOT/hadoop-hdds-tools-0.5.0-SNAPSHOT.jar:/home/user/.m2/repository/org/apache/hadoop/hadoop-hdds-server-scm/0.5.0-SNAPSHOT/hadoop-hdds-server-scm-0.5.0-SNAPSHOT.jar:/home/user/.m2/repository/org/apache/hadoop/hadoop-hdds-docs/0.5.0-SNAPSHOT/hadoop-hdds-docs-0.5.0-SNAPSHOT.jar:/home/user/.m2/repository/io/dropwizard/metrics/metrics-core/3.2.4/metrics-core-3.2.4.jar:/home/user/.m2/repository/org/hamcrest/hamcrest-all/1.3/hamcrest-all-1.3.jar:/home/user/.m2/repository/org/bouncycastle/bcprov-jdk15on/1.60/bcprov-jdk15on-1.60.jar:/home/user/.m2/repository/info/picocli/picocli/3.9.6/picocli-3.9.6.jar:/home/user/.m2/repository/com/google/protobuf/protobuf-java/2.5.0/protobuf-java-2.5.0.jar:/home/user/.m2/repository/com/google/guava/guava/11.0.2/guava-11.0.2.jar:/home/user/.m2/repository/org/apache/hadoop/hadoop-ozone-ozone-manager/0.5.0-SNAPSHOT/hadoop-ozone-ozone-manager-0.5.0-SNAPSHOT.jar:/home/user/.m2/repository/org/apache/hadoop/hadoop-minikdc/3.2.0/hadoop-minikdc-3.2.0.jar:/home/user/.m2/repository/commons-io/commons-io/2.5/commons-io-2.5.jar:/home/user/.m2/repository/org/apache/kerby/kerb-simplekdc/1.0.1/kerb-simplekdc-1.0.1.jar:/home/user/.m2/repository/org/apache/kerby/kerb-client/1.0.1/kerb-client-1.0.1.jar:/home/user/.m2/repository/org/apache/kerby/kerby-config/1.0.1/kerby-config-1.0.1.jar:/home/user/.m2/repository/org/apache/kerby/kerb-core/1.0.1/kerb-core-1.0.1.jar:/home/user/.m2/repository/org/apache/kerby/kerby-pkix/1.0.1/kerby-pkix-1.0.1.jar:/home/user/.m2/repository/org/apache/kerby/kerby-asn1/1.0.1/kerby-asn1-1.0.1.jar:/home/user/.m2/repository/org/apache/kerby/kerby-util/1.0.1/kerby-util-1.0.1.jar:/home/user/.m2/repository/org/apache/kerby/kerb-common/1.0.1/kerb-common-1.0.1.jar:/home/user/.m2/repository/org/apache/kerby/kerb-crypto/1.0.1/kerb-crypto-1.0.1.jar:/home/user/.m2/repository/org/apache/kerby/kerb-util/1.0.1/kerb-util-1.0.1.jar:/home/user/.m2/repository/org/apache/kerby/token-provider/1.0.1/token-provider-1.0.1.jar:/home/user/.m2/repository/org/apache/kerby/kerb-admin/1.0.1/kerb-admin-1.0.1.jar:/home/user/.m2/repository/org/apache/kerby/kerb-server/1.0.1/kerb-server-1.0.1.jar:/home/user/.m2/repository/org/apache/kerby/kerb-identity/1.0.1/kerb-identity-1.0.1.jar:/home/user/.m2/repository/org/apache/kerby/kerby-xdr/1.0.1/kerby-xdr-1.0.1.jar:/home/user/.m2/repository/org/slf4j/slf4j-log4j12/1.7.25/slf4j-log4j12-1.7.25.jar:/home/user/.m2/repository/org/apache/hadoop/hadoop-ozone-s3gateway/0.5.0-SNAPSHOT/hadoop-ozone-s3gateway-0.5.0-SNAPSHOT.jar:/home/user/.m2/repository/org/jboss/weld/servlet/weld-servlet/2.4.7.Final/weld-servlet-2.4.7.Final.jar:/home/user/.m2/repository/org/glassfish/jersey/containers/jersey-container-servlet-core/2.27/jersey-container-servlet-core-2.27.jar:/home/user/.m2/repository/org/glassfish/hk2/external/javax.inject/2.5.0-b42/javax.inject-2.5.0-b42.jar:/home/user/.m2/repository/org/glassfish/jersey/core/jersey-common/2.27/jersey-common-2.27.jar:/home/user/.m2/repository/org/glassfish/hk2/osgi-resource-locator/1.0.1/osgi-resource-locator-1.0.1.jar:/home/user/.m2/repository/javax/ws/rs/javax.ws.rs-api/2.1/javax.ws.rs-api-2.1.jar:/home/user/.m2/repository/org/glassfish/jersey/ext/cdi/jersey-cdi1x/2.27/jersey-cdi1x-2.27.jar:/home/user/.m2/repository/org/glassfish/jersey/inject/jersey-hk2/2.27/jersey-hk2-2.27.jar:/home/user/.m2/repository/org/glassfish/hk2/hk2-locator/2.5.0-b42/hk2-locator-2.5.0-b42.jar:/home/user/.m2/repository/org/javassist/javassist/3.22.0-CR2/javassist-3.22.0-CR2.jar:/home/user/.m2/repository/org/glassfish/hk2/hk2-api/2.5.0/hk2-api-2.5.0.jar:/home/user/.m2/repository/org/glassfish/hk2/external/jakarta.inject/2.5.0/jakarta.inject-2.5.0.jar:/home/user/.m2/repository/org/glassfish/hk2/hk2-utils/2.5.0/hk2-utils-2.5.0.jar:/home/user/.m2/repository/jakarta/annotation/jakarta.annotation-api/1.3.4/jakarta.annotation-api-1.3.4.jar:/home/user/.m2/repository/org/glassfish/hk2/external/aopalliance-repackaged/2.5.0/aopalliance-repackaged-2.5.0.jar:/home/user/.m2/repository/com/fasterxml/jackson/dataformat/jackson-dataformat-xml/2.9.0/jackson-dataformat-xml-2.9.0.jar:/home/user/.m2/repository/com/fasterxml/jackson/core/jackson-core/2.9.9/jackson-core-2.9.9.jar:/home/user/.m2/repository/com/fasterxml/jackson/module/jackson-module-jaxb-annotations/2.9.9/jackson-module-jaxb-annotations-2.9.9.jar:/home/user/.m2/repository/javax/enterprise/cdi-api/1.2/cdi-api-1.2.jar:/home/user/.m2/repository/javax/el/javax.el-api/3.0.0/javax.el-api-3.0.0.jar:/home/user/.m2/repository/javax/interceptor/javax.interceptor-api/1.2/javax.interceptor-api-1.2.jar:/home/user/.m2/repository/javax/inject/javax.inject/1/javax.inject-1.jar:/home/user/.m2/repository/com/sun/xml/bind/jaxb-impl/2.3.0.1/jaxb-impl-2.3.0.1.jar:/home/user/.m2/repository/com/sun/xml/bind/jaxb-core/2.3.0.1/jaxb-core-2.3.0.1.jar:/home/user/.m2/repository/javax/xml/bind/jaxb-api/2.3.0/jaxb-api-2.3.0.jar:/home/user/.m2/repository/javax/activation/activation/1.1.1/activation-1.1.1.jar:/home/user/.m2/repository/org/apache/hadoop/hadoop-ozone-csi/0.5.0-SNAPSHOT/hadoop-ozone-csi-0.5.0-SNAPSHOT.jar:/home/user/.m2/repository/com/google/protobuf/protobuf-java-util/3.5.1/protobuf-java-util-3.5.1.jar:/home/user/.m2/repository/org/apache/hadoop/hadoop-hdds-config/0.5.0-SNAPSHOT/hadoop-hdds-config-0.5.0-SNAPSHOT.jar:/home/user/.m2/repository/io/grpc/grpc-netty/1.17.1/grpc-netty-1.17.1.jar:/home/user/.m2/repository/io/grpc/grpc-core/1.17.1/grpc-core-1.17.1.jar:/home/user/.m2/repository/io/grpc/grpc-context/1.17.1/grpc-context-1.17.1.jar:/home/user/.m2/repository/com/google/errorprone/error_prone_annotations/2.2.0/error_prone_annotations-2.2.0.jar:/home/user/.m2/repository/org/codehaus/mojo/animal-sniffer-annotations/1.17/animal-sniffer-annotations-1.17.jar:/home/user/.m2/repository/io/opencensus/opencensus-api/0.17.0/opencensus-api-0.17.0.jar:/home/user/.m2/repository/io/opencensus/opencensus-contrib-grpc-metrics/0.17.0/opencensus-contrib-grpc-metrics-0.17.0.jar:/home/user/.m2/repository/io/netty/netty-codec-http2/4.1.30.Final/netty-codec-http2-4.1.30.Final.jar:/home/user/.m2/repository/io/netty/netty-codec-http/4.1.30.Final/netty-codec-http-4.1.30.Final.jar:/home/user/.m2/repository/io/netty/netty-codec/4.1.30.Final/netty-codec-4.1.30.Final.jar:/home/user/.m2/repository/io/netty/netty-handler/4.1.30.Final/netty-handler-4.1.30.Final.jar:/home/user/.m2/repository/io/netty/netty-handler-proxy/4.1.30.Final/netty-handler-proxy-4.1.30.Final.jar:/home/user/.m2/repository/io/netty/netty-codec-socks/4.1.30.Final/netty-codec-socks-4.1.30.Final.jar:/home/user/.m2/repository/io/netty/netty-transport-native-epoll/4.1.30.Final/netty-transport-native-epoll-4.1.30.Final.jar:/home/user/.m2/repository/io/netty/netty-common/4.1.30.Final/netty-common-4.1.30.Final.jar:/home/user/.m2/repository/io/netty/netty-buffer/4.1.30.Final/netty-buffer-4.1.30.Final.jar:/home/user/.m2/repository/io/netty/netty-transport/4.1.30.Final/netty-transport-4.1.30.Final.jar:/home/user/.m2/repository/io/netty/netty-resolver/4.1.30.Final/netty-resolver-4.1.30.Final.jar:/home/user/.m2/repository/io/netty/netty-transport-native-unix-common/4.1.30.Final/netty-transport-native-unix-common-4.1.30.Final.jar:/home/user/.m2/repository/io/grpc/grpc-protobuf/1.17.1/grpc-protobuf-1.17.1.jar:/home/user/.m2/repository/com/google/api/grpc/proto-google-common-protos/1.0.0/proto-google-common-protos-1.0.0.jar:/home/user/.m2/repository/io/grpc/grpc-protobuf-lite/1.17.1/grpc-protobuf-lite-1.17.1.jar:/home/user/.m2/repository/io/grpc/grpc-stub/1.17.1/grpc-stub-1.17.1.jar:/home/user/.m2/repository/org/apache/hadoop/hadoop-ozone-recon/0.5.0-SNAPSHOT/hadoop-ozone-recon-0.5.0-SNAPSHOT.jar:/home/user/.m2/repository/org/apache/hadoop/hadoop-ozone-reconcodegen/0.5.0-SNAPSHOT/hadoop-ozone-reconcodegen-0.5.0-SNAPSHOT.jar:/home/user/.m2/repository/com/google/inject/extensions/guice-multibindings/4.0/guice-multibindings-4.0.jar:/home/user/.m2/repository/com/google/inject/guice/4.0/guice-4.0.jar:/home/user/.m2/repository/aopalliance/aopalliance/1.0/aopalliance-1.0.jar:/home/user/.m2/repository/com/google/inject/extensions/guice-servlet/4.0/guice-servlet-4.0.jar:/home/user/.m2/repository/org/glassfish/jersey/containers/jersey-container-servlet/2.27/jersey-container-servlet-2.27.jar:/home/user/.m2/repository/org/glassfish/hk2/guice-bridge/2.5.0/guice-bridge-2.5.0.jar:/home/user/.m2/repository/org/glassfish/jersey/core/jersey-server/2.27/jersey-server-2.27.jar:/home/user/.m2/repository/org/glassfish/jersey/core/jersey-client/2.27/jersey-client-2.27.jar:/home/user/.m2/repository/org/glassfish/jersey/media/jersey-media-jaxb/2.27/jersey-media-jaxb-2.27.jar:/home/user/.m2/repository/javax/validation/validation-api/1.1.0.Final/validation-api-1.1.0.Final.jar:/home/user/.m2/repository/org/glassfish/jersey/media/jersey-media-json-jackson/2.27/jersey-media-json-jackson-2.27.jar:/home/user/.m2/repository/org/glassfish/jersey/ext/jersey-entity-filtering/2.27/jersey-entity-filtering-2.27.jar:/home/user/.m2/repository/com/google/inject/extensions/guice-assistedinject/4.0/guice-assistedinject-4.0.jar:/home/user/.m2/repository/org/jooq/jooq/3.11.10/jooq-3.11.10.jar:/home/user/.m2/repository/org/jooq/jooq-meta/3.11.10/jooq-meta-3.11.10.jar:/home/user/.m2/repository/org/jooq/jooq-codegen/3.11.10/jooq-codegen-3.11.10.jar:/home/user/.m2/repository/com/jolbox/bonecp/0.8.0.RELEASE/bonecp-0.8.0.RELEASE.jar:/home/user/.m2/repository/org/xerial/sqlite-jdbc/3.25.2/sqlite-jdbc-3.25.2.jar:/home/user/.m2/repository/org/springframework/spring-jdbc/5.1.3.RELEASE/spring-jdbc-5.1.3.RELEASE.jar:/home/user/.m2/repository/org/springframework/spring-beans/5.1.3.RELEASE/spring-beans-5.1.3.RELEASE.jar:/home/user/.m2/repository/org/springframework/spring-core/5.1.3.RELEASE/spring-core-5.1.3.RELEASE.jar:/home/user/.m2/repository/org/springframework/spring-jcl/5.1.3.RELEASE/spring-jcl-5.1.3.RELEASE.jar:/home/user/.m2/repository/org/springframework/spring-tx/5.1.3.RELEASE/spring-tx-5.1.3.RELEASE.jar:/home/user/.m2/repository/org/apache/hadoop/hadoop-ozone-client/0.5.0-SNAPSHOT/hadoop-ozone-client-0.5.0-SNAPSHOT.jar:/home/user/.m2/repository/commons-lang/commons-lang/2.6/commons-lang-2.6.jar:/home/user/.m2/repository/org/apache/hadoop/hadoop-ozone-ozone-manager/0.5.0-SNAPSHOT/hadoop-ozone-ozone-manager-0.5.0-SNAPSHOT-tests.jar:/home/user/.m2/repository/junit/junit/4.11/junit-4.11.jar:/home/user/.m2/repository/org/hamcrest/hamcrest-core/1.3/hamcrest-core-1.3.jar:/home/user/.m2/repository/org/openjdk/jmh/jmh-core/1.19/jmh-core-1.19.jar:/home/user/.m2/repository/net/sf/jopt-simple/jopt-simple/4.6/jopt-simple-4.6.jar:/home/user/.m2/repository/org/apache/commons/commons-math3/3.1.1/commons-math3-3.1.1.jar:/home/user/.m2/repository/org/openjdk/jmh/jmh-generator-annprocess/1.19/jmh-generator-annprocess-1.19.jar:/home/user/.m2/repository/org/mockito/mockito-all/1.8.5/mockito-all-1.8.5.jar:/home/user/.m2/repository/org/apache/hadoop/hadoop-kms/3.2.0/hadoop-kms-3.2.0.jar:/home/user/.m2/repository/org/apache/hadoop/hadoop-auth/3.2.0/hadoop-auth-3.2.0.jar:/home/user/.m2/repository/com/nimbusds/nimbus-jose-jwt/4.41.1/nimbus-jose-jwt-4.41.1.jar:/home/user/.m2/repository/com/github/stephenc/jcip/jcip-annotations/1.0-1/jcip-annotations-1.0-1.jar:/home/user/.m2/repository/net/minidev/json-smart/2.3/json-smart-2.3.jar:/home/user/.m2/repository/net/minidev/accessors-smart/1.2/accessors-smart-1.2.jar:/home/user/.m2/repository/org/ow2/asm/asm/5.0.4/asm-5.0.4.jar:/home/user/.m2/repository/org/apache/curator/curator-framework/2.12.0/curator-framework-2.12.0.jar:/home/user/.m2/repository/com/sun/jersey/jersey-core/1.19/jersey-core-1.19.jar:/home/user/.m2/repository/javax/ws/rs/jsr311-api/1.1.1/jsr311-api-1.1.1.jar:/home/user/.m2/repository/com/sun/jersey/jersey-server/1.19/jersey-server-1.19.jar:/home/user/.m2/repository/javax/servlet/javax.servlet-api/3.1.0/javax.servlet-api-3.1.0.jar:/home/user/.m2/repository/org/eclipse/jetty/jetty-server/9.3.25.v20180904/jetty-server-9.3.25.v20180904.jar:/home/user/.m2/repository/org/eclipse/jetty/jetty-http/9.3.25.v20180904/jetty-http-9.3.25.v20180904.jar:/home/user/.m2/repository/org/eclipse/jetty/jetty-io/9.3.25.v20180904/jetty-io-9.3.25.v20180904.jar:/home/user/.m2/repository/org/eclipse/jetty/jetty-webapp/9.3.25.v20180904/jetty-webapp-9.3.25.v20180904.jar:/home/user/.m2/repository/org/eclipse/jetty/jetty-xml/9.3.25.v20180904/jetty-xml-9.3.25.v20180904.jar:/home/user/.m2/repository/log4j/log4j/1.2.17/log4j-1.2.17.jar:/home/user/.m2/repository/org/slf4j/slf4j-api/1.7.25/slf4j-api-1.7.25.jar:/home/user/.m2/repository/org/slf4j/jul-to-slf4j/1.7.25/jul-to-slf4j-1.7.25.jar:/home/user/.m2/repository/org/eclipse/jetty/jetty-util/9.3.25.v20180904/jetty-util-9.3.25.v20180904.jar:/home/user/.m2/repository/com/fasterxml/jackson/core/jackson-databind/2.9.9/jackson-databind-2.9.9.jar:/home/user/.m2/repository/org/apache/hadoop/hadoop-kms/3.2.0/hadoop-kms-3.2.0-tests.jar:/home/user/.m2/repository/org/apache/hadoop/hadoop-hdds-server-scm/0.5.0-SNAPSHOT/hadoop-hdds-server-scm-0.5.0-SNAPSHOT-tests.jar:/home/user/.m2/repository/org/apache/hadoop/hadoop-hdds-container-service/0.5.0-SNAPSHOT/hadoop-hdds-container-service-0.5.0-SNAPSHOT-tests.jar:/home/user/.m2/repository/org/yaml/snakeyaml/1.16/snakeyaml-1.16.jar:/home/user/.m2/repository/org/apache/hadoop/hadoop-common/3.2.0/hadoop-common-3.2.0-tests.jar:/home/user/.m2/repository/org/apache/hadoop/hadoop-annotations/3.2.0/hadoop-annotations-3.2.0.jar:/usr/lib/jvm/java-1.8.0-openjdk-1.8.0.222.b10-1.el7_7.x86_64/jre/../lib/tools.jar:/home/user/.m2/repository/commons-cli/commons-cli/1.2/commons-cli-1.2.jar:/home/user/.m2/repository/org/apache/httpcomponents/httpclient/4.5.2/httpclient-4.5.2.jar:/home/user/.m2/repository/org/apache/httpcomponents/httpcore/4.4.4/httpcore-4.4.4.jar:/home/user/.m2/repository/commons-codec/commons-codec/1.11/commons-codec-1.11.jar:/home/user/.m2/repository/commons-net/commons-net/3.6/commons-net-3.6.jar:/home/user/.m2/repository/commons-collections/commons-collections/3.2.2/commons-collections-3.2.2.jar:/home/user/.m2/repository/org/eclipse/jetty/jetty-servlet/9.3.25.v20180904/jetty-servlet-9.3.25.v20180904.jar:/home/user/.m2/repository/org/eclipse/jetty/jetty-security/9.3.25.v20180904/jetty-security-9.3.25.v20180904.jar:/home/user/.m2/repository/javax/servlet/jsp/jsp-api/2.1/jsp-api-2.1.jar:/home/user/.m2/repository/com/sun/jersey/jersey-servlet/1.19/jersey-servlet-1.19.jar:/home/user/.m2/repository/com/sun/jersey/jersey-json/1.19/jersey-json-1.19.jar:/home/user/.m2/repository/org/codehaus/jettison/jettison/1.1/jettison-1.1.jar:/home/user/.m2/repository/org/codehaus/jackson/jackson-core-asl/1.9.13/jackson-core-asl-1.9.13.jar:/home/user/.m2/repository/org/codehaus/jackson/jackson-mapper-asl/1.9.13/jackson-mapper-asl-1.9.13.jar:/home/user/.m2/repository/org/codehaus/jackson/jackson-jaxrs/1.9.13/jackson-jaxrs-1.9.13.jar:/home/user/.m2/repository/org/codehaus/jackson/jackson-xc/1.9.13/jackson-xc-1.9.13.jar:/home/user/.m2/repository/commons-logging/commons-logging/1.1.3/commons-logging-1.1.3.jar:/home/user/.m2/repository/commons-beanutils/commons-beanutils/1.9.4/commons-beanutils-1.9.4.jar:/home/user/.m2/repository/org/apache/commons/commons-configuration2/2.1.1/commons-configuration2-2.1.1.jar:/home/user/.m2/repository/org/apache/commons/commons-lang3/3.7/commons-lang3-3.7.jar:/home/user/.m2/repository/org/apache/commons/commons-text/1.4/commons-text-1.4.jar:/home/user/.m2/repository/org/apache/avro/avro/1.7.7/avro-1.7.7.jar:/home/user/.m2/repository/com/thoughtworks/paranamer/paranamer/2.3/paranamer-2.3.jar:/home/user/.m2/repository/org/xerial/snappy/snappy-java/1.0.5/snappy-java-1.0.5.jar:/home/user/.m2/repository/com/google/re2j/re2j/1.1/re2j-1.1.jar:/home/user/.m2/repository/com/google/code/gson/gson/2.2.4/gson-2.2.4.jar:/home/user/.m2/repository/com/jcraft/jsch/0.1.54/jsch-0.1.54.jar:/home/user/.m2/repository/org/apache/curator/curator-client/2.12.0/curator-client-2.12.0.jar:/home/user/.m2/repository/org/apache/curator/curator-recipes/2.12.0/curator-recipes-2.12.0.jar:/home/user/.m2/repository/com/google/code/findbugs/jsr305/3.0.0/jsr305-3.0.0.jar:/home/user/.m2/repository/org/apache/htrace/htrace-core4/4.1.0-incubating/htrace-core4-4.1.0-incubating.jar:/home/user/.m2/repository/org/apache/zookeeper/zookeeper/3.4.13/zookeeper-3.4.13.jar:/home/user/.m2/repository/jline/jline/0.9.94/jline-0.9.94.jar:/home/user/.m2/repository/org/apache/yetus/audience-annotations/0.5.0/audience-annotations-0.5.0.jar:/home/user/.m2/repository/org/codehaus/woodstox/stax2-api/3.1.4/stax2-api-3.1.4.jar:/home/user/.m2/repository/com/fasterxml/woodstox/woodstox-core/5.0.3/woodstox-core-5.0.3.jar:/home/user/.m2/repository/dnsjava/dnsjava/2.1.7/dnsjava-2.1.7.jar:/home/user/.m2/repository/org/apache/hadoop/hadoop-hdfs/3.2.0/hadoop-hdfs-3.2.0-tests.jar:/home/user/.m2/repository/org/eclipse/jetty/jetty-util-ajax/9.3.25.v20180904/jetty-util-ajax-9.3.25.v20180904.jar:/home/user/.m2/repository/commons-daemon/commons-daemon/1.0.13/commons-daemon-1.0.13.jar:/home/user/.m2/repository/io/netty/netty/3.10.5.Final/netty-3.10.5.Final.jar:/home/user/.m2/repository/io/netty/netty-all/4.0.52.Final/netty-all-4.0.52.Final.jar:/home/user/.m2/repository/org/fusesource/leveldbjni/leveldbjni-all/1.8/leveldbjni-all-1.8.jar:"/>
    <property name="sun.cpu.endian" value="little"/>
    <property name="user.home" value="/home/user"/>
    <property name="user.language" value="en"/>
    <property name="java.specification.vendor" value="Oracle Corporation"/>
    <property name="java.home" value="/usr/lib/jvm/java-1.8.0-openjdk-1.8.0.222.b10-1.el7_7.x86_64/jre"/>
    <property name="surefire.excludesFile" value="/tools/ozone-bad-unit-tests"/>
    <property name="java.security.krb5.conf" value="/workdir/hadoop-ozone/integration-test/target/test-classes/krb5.conf"/>
    <property name="basedir" value="/workdir/hadoop-ozone/integration-test"/>
    <property name="file.separator" value="/"/>
    <property name="line.separator" value="&#10;"/>
    <property name="java.vm.specification.vendor" value="Oracle Corporation"/>
    <property name="java.specification.name" value="Java Platform API Specification"/>
    <property name="java.awt.graphicsenv" value="sun.awt.X11GraphicsEnvironment"/>
    <property name="surefire.real.class.path" value="/workdir/hadoop-ozone/integration-test/target/surefire/surefirebooter3183907791993778933.jar"/>
    <property name="hadoop.log.dir" value="/workdir/hadoop-ozone/integration-test/target/log"/>
    <property name="sun.boot.class.path" value="/usr/lib/jvm/java-1.8.0-openjdk-1.8.0.222.b10-1.el7_7.x86_64/jre/lib/resources.jar:/usr/lib/jvm/java-1.8.0-openjdk-1.8.0.222.b10-1.el7_7.x86_64/jre/lib/rt.jar:/usr/lib/jvm/java-1.8.0-openjdk-1.8.0.222.b10-1.el7_7.x86_64/jre/lib/sunrsasign.jar:/usr/lib/jvm/java-1.8.0-openjdk-1.8.0.222.b10-1.el7_7.x86_64/jre/lib/jsse.jar:/usr/lib/jvm/java-1.8.0-openjdk-1.8.0.222.b10-1.el7_7.x86_64/jre/lib/jce.jar:/usr/lib/jvm/java-1.8.0-openjdk-1.8.0.222.b10-1.el7_7.x86_64/jre/lib/charsets.jar:/usr/lib/jvm/java-1.8.0-openjdk-1.8.0.222.b10-1.el7_7.x86_64/jre/lib/jfr.jar:/usr/lib/jvm/java-1.8.0-openjdk-1.8.0.222.b10-1.el7_7.x86_64/jre/classes"/>
    <property name="sun.management.compiler" value="HotSpot 64-Bit Tiered Compilers"/>
    <property name="java.runtime.version" value="1.8.0_222-b10"/>
    <property name="java.net.preferIPv4Stack" value="true"/>
    <property name="user.name" value="jenkins1000"/>
    <property name="path.separator" value=":"/>
    <property name="java.security.egd" value="file:///dev/urandom"/>
    <property name="os.version" value="3.10.0-957.12.2.el7.x86_64"/>
    <property name="java.endorsed.dirs" value="/usr/lib/jvm/java-1.8.0-openjdk-1.8.0.222.b10-1.el7_7.x86_64/jre/lib/endorsed"/>
    <property name="java.runtime.name" value="OpenJDK Runtime Environment"/>
    <property name="file.encoding" value="ANSI_X3.4-1968"/>
    <property name="java.vm.name" value="OpenJDK 64-Bit Server VM"/>
    <property name="test.build.webapps" value=""/>
    <property name="localRepository" value="/home/user/.m2/repository"/>
    <property name="java.vendor.url.bug" value="http://bugreport.sun.com/bugreport/"/>
    <property name="java.io.tmpdir" value="/tmp"/>
    <property name="require.test.libhadoop" value=""/>
    <property name="java.version" value="1.8.0_222"/>
    <property name="user.dir" value="/workdir/hadoop-ozone/integration-test"/>
    <property name="os.arch" value="amd64"/>
    <property name="java.vm.specification.name" value="Java Virtual Machine Specification"/>
    <property name="test.build.classes" value="/workdir/hadoop-ozone/integration-test/target/test-classes"/>
    <property name="java.awt.printerjob" value="sun.print.PSPrinterJob"/>
    <property name="sun.os.patch.level" value="unknown"/>
    <property name="hadoop.tmp.dir" value="/workdir/hadoop-ozone/integration-test/target/tmp"/>
    <property name="java.library.path" value="/usr/lib:/workdir/hadoop-ozone/integration-test/target/native/target/usr/local/lib:/workdir/hadoop-ozone/integration-test/../../hadoop-common-project/hadoop-common/target/native/target/usr/local/lib:/usr/java/packages/lib/amd64:/usr/lib64:/lib64:/lib:/usr/lib"/>
    <property name="java.vm.info" value="mixed mode"/>
    <property name="java.vendor" value="Oracle Corporation"/>
    <property name="java.vm.version" value="25.222-b10"/>
    <property name="java.ext.dirs" value="/usr/lib/jvm/java-1.8.0-openjdk-1.8.0.222.b10-1.el7_7.x86_64/jre/lib/ext:/usr/java/packages/lib/ext"/>
    <property name="sun.io.unicode.encoding" value="UnicodeLittle"/>
    <property name="java.class.version" value="52.0"/>
  </properties>
  <testcase name="testMultiBlockWritesWithIntermittentDnFailures" classname="org.apache.hadoop.ozone.client.rpc.TestMultiBlockWritesWithDnFailures" time="49.289">
    <failure message="expected:&lt;6&gt; but was:&lt;4&gt;" type="java.lang.AssertionError"><![CDATA[java.lang.AssertionError: expected:<6> but was:<4>
	at org.junit.Assert.fail(Assert.java:88)
	at org.junit.Assert.failNotEquals(Assert.java:743)
	at org.junit.Assert.assertEquals(Assert.java:118)
	at org.junit.Assert.assertEquals(Assert.java:555)
	at org.junit.Assert.assertEquals(Assert.java:542)
	at org.apache.hadoop.ozone.client.rpc.TestMultiBlockWritesWithDnFailures.testMultiBlockWritesWithIntermittentDnFailures(TestMultiBlockWritesWithDnFailures.java:176)
	at sun.reflect.NativeMethodAccessorImpl.invoke0(Native Method)
	at sun.reflect.NativeMethodAccessorImpl.invoke(NativeMethodAccessorImpl.java:62)
	at sun.reflect.DelegatingMethodAccessorImpl.invoke(DelegatingMethodAccessorImpl.java:43)
	at java.lang.reflect.Method.invoke(Method.java:498)
	at org.junit.runners.model.FrameworkMethod$1.runReflectiveCall(FrameworkMethod.java:47)
	at org.junit.internal.runners.model.ReflectiveCallable.run(ReflectiveCallable.java:12)
	at org.junit.runners.model.FrameworkMethod.invokeExplosively(FrameworkMethod.java:44)
	at org.junit.internal.runners.statements.InvokeMethod.evaluate(InvokeMethod.java:17)
	at org.junit.internal.runners.statements.RunAfters.evaluate(RunAfters.java:27)
	at org.junit.runners.ParentRunner.runLeaf(ParentRunner.java:271)
	at org.junit.runners.BlockJUnit4ClassRunner.runChild(BlockJUnit4ClassRunner.java:70)
	at org.junit.runners.BlockJUnit4ClassRunner.runChild(BlockJUnit4ClassRunner.java:50)
	at org.junit.runners.ParentRunner$3.run(ParentRunner.java:238)
	at org.junit.runners.ParentRunner$1.schedule(ParentRunner.java:63)
	at org.junit.runners.ParentRunner.runChildren(ParentRunner.java:236)
	at org.junit.runners.ParentRunner.access$000(ParentRunner.java:53)
	at org.junit.runners.ParentRunner$2.evaluate(ParentRunner.java:229)
	at org.junit.runners.ParentRunner.run(ParentRunner.java:309)
	at org.apache.maven.surefire.junit4.JUnit4Provider.execute(JUnit4Provider.java:365)
	at org.apache.maven.surefire.junit4.JUnit4Provider.executeWithRerun(JUnit4Provider.java:273)
	at org.apache.maven.surefire.junit4.JUnit4Provider.executeTestSet(JUnit4Provider.java:238)
	at org.apache.maven.surefire.junit4.JUnit4Provider.invoke(JUnit4Provider.java:159)
	at org.apache.maven.surefire.booter.ForkedBooter.invokeProviderInSameClassLoader(ForkedBooter.java:384)
	at org.apache.maven.surefire.booter.ForkedBooter.runSuitesInProcess(ForkedBooter.java:345)
	at org.apache.maven.surefire.booter.ForkedBooter.execute(ForkedBooter.java:126)
	at org.apache.maven.surefire.booter.ForkedBooter.main(ForkedBooter.java:418)
]]></failure>
    <system-out><![CDATA[2019-10-17 21:54:31,711 [main] WARN  server.ServerUtils (ServerUtils.java:getScmDbDir(145)) - ozone.scm.db.dirs is not configured. We recommend adding this setting. Falling back to ozone.metadata.dirs instead.
2019-10-17 21:54:31,852 [main] WARN  server.ServerUtils (ServerUtils.java:getScmDbDir(145)) - ozone.scm.db.dirs is not configured. We recommend adding this setting. Falling back to ozone.metadata.dirs instead.
2019-10-17 21:54:31,856 [main] WARN  server.ServerUtils (ServerUtils.java:getScmDbDir(145)) - ozone.scm.db.dirs is not configured. We recommend adding this setting. Falling back to ozone.metadata.dirs instead.
2019-10-17 21:54:31,885 [main] INFO  util.log (Log.java:initialized(192)) - Logging initialized @973ms
2019-10-17 21:54:31,986 [main] INFO  db.DBStoreBuilder (DBStoreBuilder.java:addTable(117)) - using custom profile for table: deletedBlocks
2019-10-17 21:54:31,987 [main] INFO  db.DBStoreBuilder (DBStoreBuilder.java:processTables(168)) - Using default column profile:DBProfile.DISK for Table:deletedBlocks
2019-10-17 21:54:31,987 [main] INFO  db.DBStoreBuilder (DBStoreBuilder.java:addTable(117)) - using custom profile for table: validCerts
2019-10-17 21:54:31,987 [main] INFO  db.DBStoreBuilder (DBStoreBuilder.java:processTables(168)) - Using default column profile:DBProfile.DISK for Table:validCerts
2019-10-17 21:54:31,988 [main] INFO  db.DBStoreBuilder (DBStoreBuilder.java:addTable(117)) - using custom profile for table: revokedCerts
2019-10-17 21:54:31,988 [main] INFO  db.DBStoreBuilder (DBStoreBuilder.java:processTables(168)) - Using default column profile:DBProfile.DISK for Table:revokedCerts
2019-10-17 21:54:32,000 [main] INFO  db.DBStoreBuilder (DBStoreBuilder.java:addTable(117)) - using custom profile for table: default
2019-10-17 21:54:32,000 [main] INFO  db.DBStoreBuilder (DBStoreBuilder.java:processTables(174)) - Using default column profile:DBProfile.DISK for Table:default
2019-10-17 21:54:32,002 [main] INFO  db.DBStoreBuilder (DBStoreBuilder.java:getDbProfile(205)) - Using default options. DBProfile.DISK
2019-10-17 21:54:32,295 [main] INFO  net.NodeSchemaLoader (NodeSchemaLoader.java:loadSchemaFromFile(125)) - Loading file from sun.misc.CompoundEnumeration@6b2ea799
2019-10-17 21:54:32,298 [main] INFO  net.NodeSchemaLoader (NodeSchemaLoader.java:loadSchema(171)) - Loading network topology layer schema file
2019-10-17 21:54:32,368 [main] INFO  node.SCMNodeManager (SCMNodeManager.java:<init>(116)) - Entering startup safe mode.
2019-10-17 21:54:32,434 [main] INFO  algorithms.ContainerPlacementPolicyFactory (ContainerPlacementPolicyFactory.java:getPolicy(57)) - Create container placement policy of type org.apache.hadoop.hdds.scm.container.placement.algorithms.SCMContainerPlacementRandom
2019-10-17 21:54:32,448 [main] WARN  server.ServerUtils (ServerUtils.java:getScmDbDir(145)) - ozone.scm.db.dirs is not configured. We recommend adding this setting. Falling back to ozone.metadata.dirs instead.
2019-10-17 21:54:32,531 [main] INFO  pipeline.SCMPipelineManager (SCMPipelineManager.java:initializePipelineState(132)) - No pipeline exists in current db
2019-10-17 21:54:32,535 [main] WARN  server.ServerUtils (ServerUtils.java:getScmDbDir(145)) - ozone.scm.db.dirs is not configured. We recommend adding this setting. Falling back to ozone.metadata.dirs instead.
2019-10-17 21:54:32,678 [main] WARN  events.EventQueue (EventQueue.java:fireEvent(183)) - No event handler registered for event TypedEvent{payloadType=SafeModeStatus, name='SafeModeStatus'}
2019-10-17 21:54:33,024 [main] INFO  ipc.CallQueueManager (CallQueueManager.java:<init>(84)) - Using callQueue: class java.util.concurrent.LinkedBlockingQueue, queueCapacity: 2000, scheduler: class org.apache.hadoop.ipc.DefaultRpcScheduler, ipcBackoff: false.
2019-10-17 21:54:33,052 [Socket Reader #1 for port 35671] INFO  ipc.Server (Server.java:run(1074)) - Starting Socket Reader #1 for port 35671
2019-10-17 21:54:33,199 [main] INFO  ipc.CallQueueManager (CallQueueManager.java:<init>(84)) - Using callQueue: class java.util.concurrent.LinkedBlockingQueue, queueCapacity: 2000, scheduler: class org.apache.hadoop.ipc.DefaultRpcScheduler, ipcBackoff: false.
2019-10-17 21:54:33,200 [Socket Reader #1 for port 37109] INFO  ipc.Server (Server.java:run(1074)) - Starting Socket Reader #1 for port 37109
2019-10-17 21:54:33,211 [main] INFO  ipc.CallQueueManager (CallQueueManager.java:<init>(84)) - Using callQueue: class java.util.concurrent.LinkedBlockingQueue, queueCapacity: 2000, scheduler: class org.apache.hadoop.ipc.DefaultRpcScheduler, ipcBackoff: false.
2019-10-17 21:54:33,212 [Socket Reader #1 for port 41809] INFO  ipc.Server (Server.java:run(1074)) - Starting Socket Reader #1 for port 41809
2019-10-17 21:54:33,241 [main] INFO  hdfs.DFSUtil (DFSUtil.java:httpServerTemplateForNNAndJN(1641)) - Starting Web-server for scm at: http://0.0.0.0:0
2019-10-17 21:54:33,405 [main] INFO  server.AuthenticationFilter (AuthenticationFilter.java:constructSecretProvider(240)) - Unable to initialize FileSignerSecretProvider, falling back to use random secrets.
2019-10-17 21:54:33,413 [main] WARN  http.HttpRequestLog (HttpRequestLog.java:getRequestLog(97)) - Jetty request log can only be enabled using Log4j
2019-10-17 21:54:33,421 [main] INFO  http.HttpServer2 (HttpServer2.java:addGlobalFilter(975)) - Added global filter 'safety' (class=org.apache.hadoop.http.HttpServer2$QuotingInputFilter)
2019-10-17 21:54:33,423 [main] INFO  http.HttpServer2 (HttpServer2.java:addFilter(948)) - Added filter static_user_filter (class=org.apache.hadoop.http.lib.StaticUserWebFilter$StaticUserFilter) to context scm
2019-10-17 21:54:33,423 [main] INFO  http.HttpServer2 (HttpServer2.java:addFilter(958)) - Added filter static_user_filter (class=org.apache.hadoop.http.lib.StaticUserWebFilter$StaticUserFilter) to context logs
2019-10-17 21:54:33,424 [main] INFO  http.HttpServer2 (HttpServer2.java:addFilter(958)) - Added filter static_user_filter (class=org.apache.hadoop.http.lib.StaticUserWebFilter$StaticUserFilter) to context static
2019-10-17 21:54:33,453 [main] INFO  server.StorageContainerManager (StorageContainerManager.java:start(772)) - StorageContainerLocationProtocol RPC server is listening at /0.0.0.0:41809
2019-10-17 21:54:33,507 [main] WARN  impl.MetricsConfig (MetricsConfig.java:loadFirst(134)) - Cannot locate configuration: tried hadoop-metrics2-storagecontainermanager.properties,hadoop-metrics2.properties
2019-10-17 21:54:33,519 [main] INFO  impl.MetricsSystemImpl (MetricsSystemImpl.java:startTimer(374)) - Scheduled Metric snapshot period at 10 second(s).
2019-10-17 21:54:33,519 [main] INFO  impl.MetricsSystemImpl (MetricsSystemImpl.java:start(191)) - StorageContainerManager metrics system started
2019-10-17 21:54:33,752 [main] INFO  server.SCMClientProtocolServer (SCMClientProtocolServer.java:start(159)) - RPC server for Client  is listening at /0.0.0.0:41809
2019-10-17 21:54:33,752 [IPC Server Responder] INFO  ipc.Server (Server.java:run(1314)) - IPC Server Responder: starting
2019-10-17 21:54:33,753 [IPC Server listener on 41809] INFO  ipc.Server (Server.java:run(1153)) - IPC Server listener on 41809: starting
2019-10-17 21:54:33,757 [main] INFO  server.StorageContainerManager (StorageContainerManager.java:start(782)) - ScmBlockLocationProtocol RPC server is listening at /0.0.0.0:37109
2019-10-17 21:54:33,758 [main] INFO  server.SCMBlockProtocolServer (SCMBlockProtocolServer.java:start(146)) - RPC server for Block Protocol is listening at /0.0.0.0:37109
2019-10-17 21:54:33,759 [IPC Server Responder] INFO  ipc.Server (Server.java:run(1314)) - IPC Server Responder: starting
2019-10-17 21:54:33,759 [IPC Server listener on 37109] INFO  ipc.Server (Server.java:run(1153)) - IPC Server listener on 37109: starting
2019-10-17 21:54:33,762 [main] INFO  server.StorageContainerManager (StorageContainerManager.java:start(786)) - ScmDatanodeProtocl RPC server is listening at /0.0.0.0:35671
2019-10-17 21:54:33,762 [main] INFO  server.SCMDatanodeProtocolServer (SCMDatanodeProtocolServer.java:start(169)) - RPC server for DataNodes is listening at /0.0.0.0:35671
2019-10-17 21:54:33,764 [IPC Server Responder] INFO  ipc.Server (Server.java:run(1314)) - IPC Server Responder: starting
2019-10-17 21:54:33,764 [IPC Server listener on 35671] INFO  ipc.Server (Server.java:run(1153)) - IPC Server listener on 35671: starting
2019-10-17 21:54:33,770 [main] INFO  http.HttpServer2 (HttpServer2.java:bindListener(1191)) - Jetty bound to port 39585
2019-10-17 21:54:33,773 [main] INFO  server.Server (Server.java:doStart(351)) - jetty-9.3.25.v20180904, build timestamp: 2018-09-04T21:11:46Z, git hash: 3ce520221d0240229c862b122d2b06c12a625732
2019-10-17 21:54:33,828 [main] INFO  handler.ContextHandler (ContextHandler.java:doStart(781)) - Started o.e.j.s.ServletContextHandler@340da44c{/logs,file:///workdir/hadoop-ozone/integration-test/target/log,AVAILABLE}
2019-10-17 21:54:33,829 [main] INFO  handler.ContextHandler (ContextHandler.java:doStart(781)) - Started o.e.j.s.ServletContextHandler@37052337{/static,file:///workdir/hadoop-ozone/integration-test/target/test-classes/webapps/static,AVAILABLE}
2019-10-17 21:54:33,867 [main] INFO  handler.ContextHandler (ContextHandler.java:doStart(781)) - Started o.e.j.w.WebAppContext@3b366632{/,file:///workdir/hadoop-ozone/integration-test/target/test-classes/webapps/scm/,AVAILABLE}{/scm}
2019-10-17 21:54:33,875 [main] INFO  server.AbstractConnector (AbstractConnector.java:doStart(278)) - Started ServerConnector@6815c5f2{HTTP/1.1,[http/1.1]}{0.0.0.0:39585}
2019-10-17 21:54:33,875 [main] INFO  server.Server (Server.java:doStart(419)) - Started @2963ms
2019-10-17 21:54:33,879 [main] INFO  impl.MetricsSinkAdapter (MetricsSinkAdapter.java:start(204)) - Sink prometheus started
2019-10-17 21:54:33,880 [main] INFO  impl.MetricsSystemImpl (MetricsSystemImpl.java:registerSink(301)) - Registered sink prometheus
2019-10-17 21:54:33,882 [main] INFO  server.BaseHttpServer (BaseHttpServer.java:updateConnectorAddress(215)) - HTTP server of SCM is listening at http://0.0.0.0:39585
2019-10-17 21:54:33,887 [org.apache.hadoop.util.JvmPauseMonitor$Monitor@4263b080] INFO  util.JvmPauseMonitor (JvmPauseMonitor.java:run(188)) - Starting JVM pause monitor
2019-10-17 21:54:33,890 [main] WARN  server.ServerUtils (ServerUtils.java:getDBPath(222)) - ozone.om.db.dirs is not configured. We recommend adding this setting. Falling back to ozone.metadata.dirs instead.
2019-10-17 21:54:33,991 [main] INFO  ha.OMHANodeDetails (OMHANodeDetails.java:loadOMHAConfig(190)) - Configuration either no ozone.om.address set. Falling back to the default OM address /127.0.0.1:0
2019-10-17 21:54:33,992 [main] INFO  ha.OMHANodeDetails (OMHANodeDetails.java:getOMNodeDetails(220)) - OM Service ID is not set. Setting it to the default ID: omServiceIdDefault
2019-10-17 21:54:33,995 [main] WARN  server.ServerUtils (ServerUtils.java:getDBPath(222)) - ozone.om.db.dirs is not configured. We recommend adding this setting. Falling back to ozone.metadata.dirs instead.
2019-10-17 21:54:33,997 [main] WARN  server.ServerUtils (ServerUtils.java:getDBPath(222)) - ozone.om.db.dirs is not configured. We recommend adding this setting. Falling back to ozone.metadata.dirs instead.
2019-10-17 21:54:34,612 [main] WARN  server.ServerUtils (ServerUtils.java:getDBPath(222)) - ozone.om.db.dirs is not configured. We recommend adding this setting. Falling back to ozone.metadata.dirs instead.
2019-10-17 21:54:34,620 [main] INFO  db.DBStoreBuilder (DBStoreBuilder.java:addTable(117)) - using custom profile for table: userTable
2019-10-17 21:54:34,620 [main] INFO  db.DBStoreBuilder (DBStoreBuilder.java:processTables(168)) - Using default column profile:DBProfile.DISK for Table:userTable
2019-10-17 21:54:34,620 [main] INFO  db.DBStoreBuilder (DBStoreBuilder.java:addTable(117)) - using custom profile for table: volumeTable
2019-10-17 21:54:34,621 [main] INFO  db.DBStoreBuilder (DBStoreBuilder.java:processTables(168)) - Using default column profile:DBProfile.DISK for Table:volumeTable
2019-10-17 21:54:34,621 [main] INFO  db.DBStoreBuilder (DBStoreBuilder.java:addTable(117)) - using custom profile for table: bucketTable
2019-10-17 21:54:34,621 [main] INFO  db.DBStoreBuilder (DBStoreBuilder.java:processTables(168)) - Using default column profile:DBProfile.DISK for Table:bucketTable
2019-10-17 21:54:34,621 [main] INFO  db.DBStoreBuilder (DBStoreBuilder.java:addTable(117)) - using custom profile for table: keyTable
2019-10-17 21:54:34,622 [main] INFO  db.DBStoreBuilder (DBStoreBuilder.java:processTables(168)) - Using default column profile:DBProfile.DISK for Table:keyTable
2019-10-17 21:54:34,622 [main] INFO  db.DBStoreBuilder (DBStoreBuilder.java:addTable(117)) - using custom profile for table: deletedTable
2019-10-17 21:54:34,622 [main] INFO  db.DBStoreBuilder (DBStoreBuilder.java:processTables(168)) - Using default column profile:DBProfile.DISK for Table:deletedTable
2019-10-17 21:54:34,622 [main] INFO  db.DBStoreBuilder (DBStoreBuilder.java:addTable(117)) - using custom profile for table: openKeyTable
2019-10-17 21:54:34,623 [main] INFO  db.DBStoreBuilder (DBStoreBuilder.java:processTables(168)) - Using default column profile:DBProfile.DISK for Table:openKeyTable
2019-10-17 21:54:34,623 [main] INFO  db.DBStoreBuilder (DBStoreBuilder.java:addTable(117)) - using custom profile for table: s3Table
2019-10-17 21:54:34,623 [main] INFO  db.DBStoreBuilder (DBStoreBuilder.java:processTables(168)) - Using default column profile:DBProfile.DISK for Table:s3Table
2019-10-17 21:54:34,623 [main] INFO  db.DBStoreBuilder (DBStoreBuilder.java:addTable(117)) - using custom profile for table: multipartInfoTable
2019-10-17 21:54:34,624 [main] INFO  db.DBStoreBuilder (DBStoreBuilder.java:processTables(168)) - Using default column profile:DBProfile.DISK for Table:multipartInfoTable
2019-10-17 21:54:34,624 [main] INFO  db.DBStoreBuilder (DBStoreBuilder.java:addTable(117)) - using custom profile for table: dTokenTable
2019-10-17 21:54:34,624 [main] INFO  db.DBStoreBuilder (DBStoreBuilder.java:processTables(168)) - Using default column profile:DBProfile.DISK for Table:dTokenTable
2019-10-17 21:54:34,624 [main] INFO  db.DBStoreBuilder (DBStoreBuilder.java:addTable(117)) - using custom profile for table: s3SecretTable
2019-10-17 21:54:34,625 [main] INFO  db.DBStoreBuilder (DBStoreBuilder.java:processTables(168)) - Using default column profile:DBProfile.DISK for Table:s3SecretTable
2019-10-17 21:54:34,625 [main] INFO  db.DBStoreBuilder (DBStoreBuilder.java:addTable(117)) - using custom profile for table: prefixTable
2019-10-17 21:54:34,625 [main] INFO  db.DBStoreBuilder (DBStoreBuilder.java:processTables(168)) - Using default column profile:DBProfile.DISK for Table:prefixTable
2019-10-17 21:54:34,625 [main] INFO  db.DBStoreBuilder (DBStoreBuilder.java:addTable(117)) - using custom profile for table: default
2019-10-17 21:54:34,626 [main] INFO  db.DBStoreBuilder (DBStoreBuilder.java:processTables(174)) - Using default column profile:DBProfile.DISK for Table:default
2019-10-17 21:54:34,626 [main] INFO  db.DBStoreBuilder (DBStoreBuilder.java:getDbProfile(205)) - Using default options. DBProfile.DISK
2019-10-17 21:54:34,949 [main] INFO  ipc.CallQueueManager (CallQueueManager.java:<init>(84)) - Using callQueue: class java.util.concurrent.LinkedBlockingQueue, queueCapacity: 2000, scheduler: class org.apache.hadoop.ipc.DefaultRpcScheduler, ipcBackoff: false.
2019-10-17 21:54:34,950 [Socket Reader #1 for port 42687] INFO  ipc.Server (Server.java:run(1074)) - Starting Socket Reader #1 for port 42687
2019-10-17 21:54:34,972 [main] INFO  om.OzoneManager (OzoneManager.java:start(1074)) - OzoneManager RPC server is listening at localhost/127.0.0.1:42687
2019-10-17 21:54:34,972 [main] INFO  impl.MetricsSystemImpl (MetricsSystemImpl.java:init(158)) - OzoneManager metrics system started (again)
2019-10-17 21:54:34,982 [IPC Server listener on 42687] INFO  ipc.Server (Server.java:run(1153)) - IPC Server listener on 42687: starting
2019-10-17 21:54:34,982 [IPC Server Responder] INFO  ipc.Server (Server.java:run(1314)) - IPC Server Responder: starting
2019-10-17 21:54:34,987 [main] INFO  hdfs.DFSUtil (DFSUtil.java:httpServerTemplateForNNAndJN(1641)) - Starting Web-server for ozoneManager at: http://0.0.0.0:0
2019-10-17 21:54:34,990 [main] INFO  server.AuthenticationFilter (AuthenticationFilter.java:constructSecretProvider(240)) - Unable to initialize FileSignerSecretProvider, falling back to use random secrets.
2019-10-17 21:54:34,991 [main] WARN  http.HttpRequestLog (HttpRequestLog.java:getRequestLog(97)) - Jetty request log can only be enabled using Log4j
2019-10-17 21:54:34,994 [main] INFO  http.HttpServer2 (HttpServer2.java:addGlobalFilter(975)) - Added global filter 'safety' (class=org.apache.hadoop.http.HttpServer2$QuotingInputFilter)
2019-10-17 21:54:34,995 [main] INFO  http.HttpServer2 (HttpServer2.java:addFilter(948)) - Added filter static_user_filter (class=org.apache.hadoop.http.lib.StaticUserWebFilter$StaticUserFilter) to context ozoneManager
2019-10-17 21:54:34,996 [main] INFO  http.HttpServer2 (HttpServer2.java:addFilter(958)) - Added filter static_user_filter (class=org.apache.hadoop.http.lib.StaticUserWebFilter$StaticUserFilter) to context logs
2019-10-17 21:54:34,996 [main] INFO  http.HttpServer2 (HttpServer2.java:addFilter(958)) - Added filter static_user_filter (class=org.apache.hadoop.http.lib.StaticUserWebFilter$StaticUserFilter) to context static
2019-10-17 21:54:34,999 [main] INFO  http.HttpServer2 (HttpServer2.java:bindListener(1191)) - Jetty bound to port 45481
2019-10-17 21:54:35,000 [main] INFO  server.Server (Server.java:doStart(351)) - jetty-9.3.25.v20180904, build timestamp: 2018-09-04T21:11:46Z, git hash: 3ce520221d0240229c862b122d2b06c12a625732
2019-10-17 21:54:35,003 [main] INFO  handler.ContextHandler (ContextHandler.java:doStart(781)) - Started o.e.j.s.ServletContextHandler@6b63d445{/logs,file:///workdir/hadoop-ozone/integration-test/target/log,AVAILABLE}
2019-10-17 21:54:35,004 [main] INFO  handler.ContextHandler (ContextHandler.java:doStart(781)) - Started o.e.j.s.ServletContextHandler@30b2b76f{/static,file:///workdir/hadoop-ozone/integration-test/target/test-classes/webapps/static,AVAILABLE}
2019-10-17 21:54:35,013 [main] INFO  handler.ContextHandler (ContextHandler.java:doStart(781)) - Started o.e.j.w.WebAppContext@12db3386{/,file:///workdir/hadoop-ozone/integration-test/target/test-classes/webapps/ozoneManager/,AVAILABLE}{/ozoneManager}
2019-10-17 21:54:35,014 [main] INFO  server.AbstractConnector (AbstractConnector.java:doStart(278)) - Started ServerConnector@4078695f{HTTP/1.1,[http/1.1]}{0.0.0.0:45481}
2019-10-17 21:54:35,014 [main] INFO  server.Server (Server.java:doStart(419)) - Started @4102ms
2019-10-17 21:54:35,014 [main] WARN  impl.MetricsSystemImpl (MetricsSystemImpl.java:register(276)) - Sink prometheus already exists!
2019-10-17 21:54:35,015 [main] INFO  server.BaseHttpServer (BaseHttpServer.java:updateConnectorAddress(215)) - HTTP server of OZONEMANAGER is listening at http://0.0.0.0:45481
2019-10-17 21:54:35,348 [main] INFO  impl.MetricsSystemImpl (MetricsSystemImpl.java:init(158)) - HddsDatanode metrics system started (again)
2019-10-17 21:54:35,395 [main] INFO  ozone.HddsDatanodeService (HddsDatanodeService.java:start(184)) - HddsDatanodeService host:pr-hdds-2310-7mltm-1665714090 ip:192.168.157.223
2019-10-17 21:54:35,428 [main] INFO  volume.HddsVolume (HddsVolume.java:<init>(176)) - Creating Volume: /workdir/hadoop-ozone/integration-test/target/test-dir/MiniOzoneClusterImpl-8354d78d-dcd0-455c-bdef-cdb54255caab/datanode-0/data/containers/hdds of  storage type : DISK and capacity : 1482555576320
2019-10-17 21:54:35,430 [main] INFO  volume.VolumeSet (VolumeSet.java:initializeVolumeSet(170)) - Added Volume : /workdir/hadoop-ozone/integration-test/target/test-dir/MiniOzoneClusterImpl-8354d78d-dcd0-455c-bdef-cdb54255caab/datanode-0/data/containers/hdds to VolumeSet
2019-10-17 21:54:35,433 [main] INFO  volume.ThrottledAsyncChecker (ThrottledAsyncChecker.java:schedule(141)) - Scheduling a check for /workdir/hadoop-ozone/integration-test/target/test-dir/MiniOzoneClusterImpl-8354d78d-dcd0-455c-bdef-cdb54255caab/datanode-0/data/containers/hdds
2019-10-17 21:54:35,450 [main] INFO  volume.HddsVolumeChecker (HddsVolumeChecker.java:checkAllVolumes(204)) - Scheduled health check for volume /workdir/hadoop-ozone/integration-test/target/test-dir/MiniOzoneClusterImpl-8354d78d-dcd0-455c-bdef-cdb54255caab/datanode-0/data/containers/hdds
2019-10-17 21:54:35,554 [main] INFO  impl.RaftServerProxy (ConfUtils.java:logGet(43)) - raft.rpc.type = GRPC (default)
2019-10-17 21:54:35,614 [main] INFO  grpc.GrpcFactory (GrpcFactory.java:checkPooledByteBufAllocatorUseCacheForAllThreads(45)) - PERFORMANCE WARNING: useCacheForAllThreads is true that may cause Netty to create a lot garbage objects and, as a result, trigger GC.
	It is recommended to disable useCacheForAllThreads by setting -Dorg.apache.ratis.thirdparty.io.netty.allocator.useCacheForAllThreads=false in command line.
2019-10-17 21:54:35,619 [main] INFO  grpc.GrpcConfigKeys$Server (ConfUtils.java:logGet(43)) - raft.grpc.server.port = 0 (default)
2019-10-17 21:54:35,620 [main] INFO  server.GrpcService (ConfUtils.java:logGet(43)) - raft.grpc.message.size.max = 33570816 (custom)
2019-10-17 21:54:35,621 [main] INFO  server.RaftServerConfigKeys (ConfUtils.java:logGet(43)) - raft.server.log.appender.buffer.byte-limit = 33554432 (custom)
2019-10-17 21:54:35,622 [main] INFO  server.GrpcService (ConfUtils.java:logGet(43)) - raft.grpc.flow.control.window = 1MB (=1048576) (default)
2019-10-17 21:54:35,623 [main] INFO  server.RaftServerConfigKeys (ConfUtils.java:logGet(43)) - raft.server.rpc.request.timeout = 3000ms (default)
2019-10-17 21:54:35,776 [main] INFO  server.RaftServerConfigKeys (ConfUtils.java:logGet(43)) - raft.server.storage.dir = [/workdir/hadoop-ozone/integration-test/target/test-dir/MiniOzoneClusterImpl-8354d78d-dcd0-455c-bdef-cdb54255caab/datanode-0/data/ratis] (custom)
2019-10-17 21:54:35,825 [main] INFO  hdfs.DFSUtil (DFSUtil.java:httpServerTemplateForNNAndJN(1641)) - Starting Web-server for hddsDatanode at: http://0.0.0.0:0
2019-10-17 21:54:35,826 [main] INFO  server.AuthenticationFilter (AuthenticationFilter.java:constructSecretProvider(240)) - Unable to initialize FileSignerSecretProvider, falling back to use random secrets.
2019-10-17 21:54:35,827 [main] WARN  http.HttpRequestLog (HttpRequestLog.java:getRequestLog(97)) - Jetty request log can only be enabled using Log4j
2019-10-17 21:54:35,829 [main] INFO  http.HttpServer2 (HttpServer2.java:addGlobalFilter(975)) - Added global filter 'safety' (class=org.apache.hadoop.http.HttpServer2$QuotingInputFilter)
2019-10-17 21:54:35,829 [main] INFO  http.HttpServer2 (HttpServer2.java:addFilter(948)) - Added filter static_user_filter (class=org.apache.hadoop.http.lib.StaticUserWebFilter$StaticUserFilter) to context hddsDatanode
2019-10-17 21:54:35,829 [main] INFO  http.HttpServer2 (HttpServer2.java:addFilter(958)) - Added filter static_user_filter (class=org.apache.hadoop.http.lib.StaticUserWebFilter$StaticUserFilter) to context logs
2019-10-17 21:54:35,830 [main] INFO  http.HttpServer2 (HttpServer2.java:addFilter(958)) - Added filter static_user_filter (class=org.apache.hadoop.http.lib.StaticUserWebFilter$StaticUserFilter) to context static
2019-10-17 21:54:35,831 [main] INFO  http.HttpServer2 (HttpServer2.java:bindListener(1191)) - Jetty bound to port 34160
2019-10-17 21:54:35,831 [main] INFO  server.Server (Server.java:doStart(351)) - jetty-9.3.25.v20180904, build timestamp: 2018-09-04T21:11:46Z, git hash: 3ce520221d0240229c862b122d2b06c12a625732
2019-10-17 21:54:35,833 [main] INFO  handler.ContextHandler (ContextHandler.java:doStart(781)) - Started o.e.j.s.ServletContextHandler@5292ceca{/logs,file:///workdir/hadoop-ozone/integration-test/target/log,AVAILABLE}
2019-10-17 21:54:35,834 [main] INFO  handler.ContextHandler (ContextHandler.java:doStart(781)) - Started o.e.j.s.ServletContextHandler@e9ef5b6{/static,jar:file:/home/user/.m2/repository/org/apache/hadoop/hadoop-hdds-container-service/0.5.0-SNAPSHOT/hadoop-hdds-container-service-0.5.0-SNAPSHOT.jar!/webapps/static,AVAILABLE}
2019-10-17 21:54:35,870 [main] INFO  handler.ContextHandler (ContextHandler.java:doStart(781)) - Started o.e.j.w.WebAppContext@6724cdec{/,file:///tmp/jetty-0.0.0.0-34160-hddsDatanode-_-any-1867458289543759615.dir/webapp/,AVAILABLE}{/hddsDatanode}
2019-10-17 21:54:35,870 [main] INFO  server.AbstractConnector (AbstractConnector.java:doStart(278)) - Started ServerConnector@6944e53e{HTTP/1.1,[http/1.1]}{0.0.0.0:34160}
2019-10-17 21:54:35,872 [main] INFO  server.Server (Server.java:doStart(419)) - Started @4959ms
2019-10-17 21:54:35,872 [main] WARN  impl.MetricsSystemImpl (MetricsSystemImpl.java:register(276)) - Sink prometheus already exists!
2019-10-17 21:54:35,875 [main] INFO  server.BaseHttpServer (BaseHttpServer.java:updateConnectorAddress(215)) - HTTP server of HDDSDATANODE is listening at http://0.0.0.0:34160
2019-10-17 21:54:35,876 [main] INFO  impl.MetricsSystemImpl (MetricsSystemImpl.java:init(158)) - HddsDatanode metrics system started (again)
2019-10-17 21:54:35,879 [main] INFO  ozone.HddsDatanodeService (HddsDatanodeService.java:start(184)) - HddsDatanodeService host:pr-hdds-2310-7mltm-1665714090 ip:192.168.157.223
2019-10-17 21:54:35,882 [org.apache.hadoop.util.JvmPauseMonitor$Monitor@7ebe7f7e] INFO  util.JvmPauseMonitor (JvmPauseMonitor.java:run(188)) - Starting JVM pause monitor
2019-10-17 21:54:35,887 [main] INFO  volume.HddsVolume (HddsVolume.java:<init>(176)) - Creating Volume: /workdir/hadoop-ozone/integration-test/target/test-dir/MiniOzoneClusterImpl-8354d78d-dcd0-455c-bdef-cdb54255caab/datanode-1/data/containers/hdds of  storage type : DISK and capacity : 1482555576320
2019-10-17 21:54:35,888 [main] INFO  volume.VolumeSet (VolumeSet.java:initializeVolumeSet(170)) - Added Volume : /workdir/hadoop-ozone/integration-test/target/test-dir/MiniOzoneClusterImpl-8354d78d-dcd0-455c-bdef-cdb54255caab/datanode-1/data/containers/hdds to VolumeSet
2019-10-17 21:54:35,888 [main] INFO  volume.ThrottledAsyncChecker (ThrottledAsyncChecker.java:schedule(141)) - Scheduling a check for /workdir/hadoop-ozone/integration-test/target/test-dir/MiniOzoneClusterImpl-8354d78d-dcd0-455c-bdef-cdb54255caab/datanode-1/data/containers/hdds
2019-10-17 21:54:35,889 [main] INFO  volume.HddsVolumeChecker (HddsVolumeChecker.java:checkAllVolumes(204)) - Scheduled health check for volume /workdir/hadoop-ozone/integration-test/target/test-dir/MiniOzoneClusterImpl-8354d78d-dcd0-455c-bdef-cdb54255caab/datanode-1/data/containers/hdds
2019-10-17 21:54:35,903 [main] INFO  impl.RaftServerProxy (ConfUtils.java:logGet(43)) - raft.rpc.type = GRPC (default)
2019-10-17 21:54:35,904 [main] INFO  grpc.GrpcFactory (GrpcFactory.java:checkPooledByteBufAllocatorUseCacheForAllThreads(45)) - PERFORMANCE WARNING: useCacheForAllThreads is true that may cause Netty to create a lot garbage objects and, as a result, trigger GC.
	It is recommended to disable useCacheForAllThreads by setting -Dorg.apache.ratis.thirdparty.io.netty.allocator.useCacheForAllThreads=false in command line.
2019-10-17 21:54:35,904 [main] INFO  grpc.GrpcConfigKeys$Server (ConfUtils.java:logGet(43)) - raft.grpc.server.port = 0 (default)
2019-10-17 21:54:35,904 [main] INFO  server.GrpcService (ConfUtils.java:logGet(43)) - raft.grpc.message.size.max = 33570816 (custom)
2019-10-17 21:54:35,905 [main] INFO  server.RaftServerConfigKeys (ConfUtils.java:logGet(43)) - raft.server.log.appender.buffer.byte-limit = 33554432 (custom)
2019-10-17 21:54:35,905 [main] INFO  server.GrpcService (ConfUtils.java:logGet(43)) - raft.grpc.flow.control.window = 1MB (=1048576) (default)
2019-10-17 21:54:35,905 [main] INFO  server.RaftServerConfigKeys (ConfUtils.java:logGet(43)) - raft.server.rpc.request.timeout = 3000ms (default)
2019-10-17 21:54:35,906 [main] INFO  server.RaftServerConfigKeys (ConfUtils.java:logGet(43)) - raft.server.storage.dir = [/workdir/hadoop-ozone/integration-test/target/test-dir/MiniOzoneClusterImpl-8354d78d-dcd0-455c-bdef-cdb54255caab/datanode-1/data/ratis] (custom)
2019-10-17 21:54:35,908 [main] INFO  hdfs.DFSUtil (DFSUtil.java:httpServerTemplateForNNAndJN(1641)) - Starting Web-server for hddsDatanode at: http://0.0.0.0:0
2019-10-17 21:54:35,909 [main] INFO  server.AuthenticationFilter (AuthenticationFilter.java:constructSecretProvider(240)) - Unable to initialize FileSignerSecretProvider, falling back to use random secrets.
2019-10-17 21:54:35,910 [main] WARN  http.HttpRequestLog (HttpRequestLog.java:getRequestLog(97)) - Jetty request log can only be enabled using Log4j
2019-10-17 21:54:35,911 [main] INFO  http.HttpServer2 (HttpServer2.java:addGlobalFilter(975)) - Added global filter 'safety' (class=org.apache.hadoop.http.HttpServer2$QuotingInputFilter)
2019-10-17 21:54:35,912 [main] INFO  http.HttpServer2 (HttpServer2.java:addFilter(948)) - Added filter static_user_filter (class=org.apache.hadoop.http.lib.StaticUserWebFilter$StaticUserFilter) to context hddsDatanode
2019-10-17 21:54:35,912 [main] INFO  http.HttpServer2 (HttpServer2.java:addFilter(958)) - Added filter static_user_filter (class=org.apache.hadoop.http.lib.StaticUserWebFilter$StaticUserFilter) to context logs
2019-10-17 21:54:35,912 [main] INFO  http.HttpServer2 (HttpServer2.java:addFilter(958)) - Added filter static_user_filter (class=org.apache.hadoop.http.lib.StaticUserWebFilter$StaticUserFilter) to context static
2019-10-17 21:54:35,913 [main] INFO  http.HttpServer2 (HttpServer2.java:bindListener(1191)) - Jetty bound to port 37621
2019-10-17 21:54:35,913 [main] INFO  server.Server (Server.java:doStart(351)) - jetty-9.3.25.v20180904, build timestamp: 2018-09-04T21:11:46Z, git hash: 3ce520221d0240229c862b122d2b06c12a625732
2019-10-17 21:54:35,915 [main] INFO  handler.ContextHandler (ContextHandler.java:doStart(781)) - Started o.e.j.s.ServletContextHandler@6a094db2{/logs,file:///workdir/hadoop-ozone/integration-test/target/log,AVAILABLE}
2019-10-17 21:54:35,916 [main] INFO  handler.ContextHandler (ContextHandler.java:doStart(781)) - Started o.e.j.s.ServletContextHandler@1dba4e06{/static,jar:file:/home/user/.m2/repository/org/apache/hadoop/hadoop-hdds-container-service/0.5.0-SNAPSHOT/hadoop-hdds-container-service-0.5.0-SNAPSHOT.jar!/webapps/static,AVAILABLE}
2019-10-17 21:54:35,946 [main] INFO  handler.ContextHandler (ContextHandler.java:doStart(781)) - Started o.e.j.w.WebAppContext@1e58512c{/,file:///tmp/jetty-0.0.0.0-37621-hddsDatanode-_-any-2458672873677669559.dir/webapp/,AVAILABLE}{/hddsDatanode}
2019-10-17 21:54:35,947 [main] INFO  server.AbstractConnector (AbstractConnector.java:doStart(278)) - Started ServerConnector@210308d5{HTTP/1.1,[http/1.1]}{0.0.0.0:37621}
2019-10-17 21:54:35,948 [main] INFO  server.Server (Server.java:doStart(419)) - Started @5036ms
2019-10-17 21:54:35,949 [main] WARN  impl.MetricsSystemImpl (MetricsSystemImpl.java:register(276)) - Sink prometheus already exists!
2019-10-17 21:54:35,949 [main] INFO  server.BaseHttpServer (BaseHttpServer.java:updateConnectorAddress(215)) - HTTP server of HDDSDATANODE is listening at http://0.0.0.0:37621
2019-10-17 21:54:35,950 [main] INFO  impl.MetricsSystemImpl (MetricsSystemImpl.java:init(158)) - HddsDatanode metrics system started (again)
2019-10-17 21:54:35,952 [main] INFO  ozone.HddsDatanodeService (HddsDatanodeService.java:start(184)) - HddsDatanodeService host:pr-hdds-2310-7mltm-1665714090 ip:192.168.157.223
2019-10-17 21:54:35,953 [org.apache.hadoop.util.JvmPauseMonitor$Monitor@10746f5b] INFO  util.JvmPauseMonitor (JvmPauseMonitor.java:run(188)) - Starting JVM pause monitor
2019-10-17 21:54:35,962 [main] INFO  volume.HddsVolume (HddsVolume.java:<init>(176)) - Creating Volume: /workdir/hadoop-ozone/integration-test/target/test-dir/MiniOzoneClusterImpl-8354d78d-dcd0-455c-bdef-cdb54255caab/datanode-2/data/containers/hdds of  storage type : DISK and capacity : 1482555576320
2019-10-17 21:54:35,962 [main] INFO  volume.VolumeSet (VolumeSet.java:initializeVolumeSet(170)) - Added Volume : /workdir/hadoop-ozone/integration-test/target/test-dir/MiniOzoneClusterImpl-8354d78d-dcd0-455c-bdef-cdb54255caab/datanode-2/data/containers/hdds to VolumeSet
2019-10-17 21:54:35,962 [main] INFO  volume.ThrottledAsyncChecker (ThrottledAsyncChecker.java:schedule(141)) - Scheduling a check for /workdir/hadoop-ozone/integration-test/target/test-dir/MiniOzoneClusterImpl-8354d78d-dcd0-455c-bdef-cdb54255caab/datanode-2/data/containers/hdds
2019-10-17 21:54:35,963 [main] INFO  volume.HddsVolumeChecker (HddsVolumeChecker.java:checkAllVolumes(204)) - Scheduled health check for volume /workdir/hadoop-ozone/integration-test/target/test-dir/MiniOzoneClusterImpl-8354d78d-dcd0-455c-bdef-cdb54255caab/datanode-2/data/containers/hdds
2019-10-17 21:54:35,977 [main] INFO  impl.RaftServerProxy (ConfUtils.java:logGet(43)) - raft.rpc.type = GRPC (default)
2019-10-17 21:54:35,977 [main] INFO  grpc.GrpcFactory (GrpcFactory.java:checkPooledByteBufAllocatorUseCacheForAllThreads(45)) - PERFORMANCE WARNING: useCacheForAllThreads is true that may cause Netty to create a lot garbage objects and, as a result, trigger GC.
	It is recommended to disable useCacheForAllThreads by setting -Dorg.apache.ratis.thirdparty.io.netty.allocator.useCacheForAllThreads=false in command line.
2019-10-17 21:54:35,977 [main] INFO  grpc.GrpcConfigKeys$Server (ConfUtils.java:logGet(43)) - raft.grpc.server.port = 0 (default)
2019-10-17 21:54:35,977 [main] INFO  server.GrpcService (ConfUtils.java:logGet(43)) - raft.grpc.message.size.max = 33570816 (custom)
2019-10-17 21:54:35,978 [main] INFO  server.RaftServerConfigKeys (ConfUtils.java:logGet(43)) - raft.server.log.appender.buffer.byte-limit = 33554432 (custom)
2019-10-17 21:54:35,978 [main] INFO  server.GrpcService (ConfUtils.java:logGet(43)) - raft.grpc.flow.control.window = 1MB (=1048576) (default)
2019-10-17 21:54:35,978 [main] INFO  server.RaftServerConfigKeys (ConfUtils.java:logGet(43)) - raft.server.rpc.request.timeout = 3000ms (default)
2019-10-17 21:54:35,979 [main] INFO  server.RaftServerConfigKeys (ConfUtils.java:logGet(43)) - raft.server.storage.dir = [/workdir/hadoop-ozone/integration-test/target/test-dir/MiniOzoneClusterImpl-8354d78d-dcd0-455c-bdef-cdb54255caab/datanode-2/data/ratis] (custom)
2019-10-17 21:54:35,981 [main] INFO  hdfs.DFSUtil (DFSUtil.java:httpServerTemplateForNNAndJN(1641)) - Starting Web-server for hddsDatanode at: http://0.0.0.0:0
2019-10-17 21:54:35,982 [main] INFO  server.AuthenticationFilter (AuthenticationFilter.java:constructSecretProvider(240)) - Unable to initialize FileSignerSecretProvider, falling back to use random secrets.
2019-10-17 21:54:35,983 [main] WARN  http.HttpRequestLog (HttpRequestLog.java:getRequestLog(97)) - Jetty request log can only be enabled using Log4j
2019-10-17 21:54:35,984 [main] INFO  http.HttpServer2 (HttpServer2.java:addGlobalFilter(975)) - Added global filter 'safety' (class=org.apache.hadoop.http.HttpServer2$QuotingInputFilter)
2019-10-17 21:54:35,985 [main] INFO  http.HttpServer2 (HttpServer2.java:addFilter(948)) - Added filter static_user_filter (class=org.apache.hadoop.http.lib.StaticUserWebFilter$StaticUserFilter) to context hddsDatanode
2019-10-17 21:54:35,985 [main] INFO  http.HttpServer2 (HttpServer2.java:addFilter(958)) - Added filter static_user_filter (class=org.apache.hadoop.http.lib.StaticUserWebFilter$StaticUserFilter) to context static
2019-10-17 21:54:35,985 [main] INFO  http.HttpServer2 (HttpServer2.java:addFilter(958)) - Added filter static_user_filter (class=org.apache.hadoop.http.lib.StaticUserWebFilter$StaticUserFilter) to context logs
2019-10-17 21:54:35,986 [main] INFO  http.HttpServer2 (HttpServer2.java:bindListener(1191)) - Jetty bound to port 46441
2019-10-17 21:54:35,986 [main] INFO  server.Server (Server.java:doStart(351)) - jetty-9.3.25.v20180904, build timestamp: 2018-09-04T21:11:46Z, git hash: 3ce520221d0240229c862b122d2b06c12a625732
2019-10-17 21:54:35,990 [main] INFO  handler.ContextHandler (ContextHandler.java:doStart(781)) - Started o.e.j.s.ServletContextHandler@d109c4f{/logs,file:///workdir/hadoop-ozone/integration-test/target/log,AVAILABLE}
2019-10-17 21:54:35,991 [main] INFO  handler.ContextHandler (ContextHandler.java:doStart(781)) - Started o.e.j.s.ServletContextHandler@26f46fa6{/static,jar:file:/home/user/.m2/repository/org/apache/hadoop/hadoop-hdds-container-service/0.5.0-SNAPSHOT/hadoop-hdds-container-service-0.5.0-SNAPSHOT.jar!/webapps/static,AVAILABLE}
2019-10-17 21:54:36,015 [Datanode State Machine Thread - 0] INFO  datanode.InitDatanodeState (InitDatanodeState.java:persistContainerDatanodeDetails(140)) - DatanodeDetails is persisted to /workdir/hadoop-ozone/integration-test/target/test-dir/MiniOzoneClusterImpl-8354d78d-dcd0-455c-bdef-cdb54255caab/datanode-0/meta/datanode.id
2019-10-17 21:54:36,019 [Datanode State Machine Thread - 0] INFO  datanode.InitDatanodeState (InitDatanodeState.java:persistContainerDatanodeDetails(140)) - DatanodeDetails is persisted to /workdir/hadoop-ozone/integration-test/target/test-dir/MiniOzoneClusterImpl-8354d78d-dcd0-455c-bdef-cdb54255caab/datanode-1/meta/datanode.id
2019-10-17 21:54:36,023 [main] INFO  handler.ContextHandler (ContextHandler.java:doStart(781)) - Started o.e.j.w.WebAppContext@4c6007fb{/,file:///tmp/jetty-0.0.0.0-46441-hddsDatanode-_-any-4248636515299176564.dir/webapp/,AVAILABLE}{/hddsDatanode}
2019-10-17 21:54:36,023 [main] INFO  server.AbstractConnector (AbstractConnector.java:doStart(278)) - Started ServerConnector@3e33d73e{HTTP/1.1,[http/1.1]}{0.0.0.0:46441}
2019-10-17 21:54:36,024 [main] INFO  server.Server (Server.java:doStart(419)) - Started @5112ms
2019-10-17 21:54:36,024 [main] WARN  impl.MetricsSystemImpl (MetricsSystemImpl.java:register(276)) - Sink prometheus already exists!
2019-10-17 21:54:36,025 [main] INFO  server.BaseHttpServer (BaseHttpServer.java:updateConnectorAddress(215)) - HTTP server of HDDSDATANODE is listening at http://0.0.0.0:46441
2019-10-17 21:54:36,025 [main] INFO  impl.MetricsSystemImpl (MetricsSystemImpl.java:init(158)) - HddsDatanode metrics system started (again)
2019-10-17 21:54:36,028 [main] INFO  ozone.HddsDatanodeService (HddsDatanodeService.java:start(184)) - HddsDatanodeService host:pr-hdds-2310-7mltm-1665714090 ip:192.168.157.223
2019-10-17 21:54:36,029 [org.apache.hadoop.util.JvmPauseMonitor$Monitor@1ba62339] INFO  util.JvmPauseMonitor (JvmPauseMonitor.java:run(188)) - Starting JVM pause monitor
2019-10-17 21:54:36,032 [Datanode State Machine Thread - 0] INFO  datanode.InitDatanodeState (InitDatanodeState.java:persistContainerDatanodeDetails(140)) - DatanodeDetails is persisted to /workdir/hadoop-ozone/integration-test/target/test-dir/MiniOzoneClusterImpl-8354d78d-dcd0-455c-bdef-cdb54255caab/datanode-2/meta/datanode.id
2019-10-17 21:54:36,038 [main] INFO  volume.HddsVolume (HddsVolume.java:<init>(176)) - Creating Volume: /workdir/hadoop-ozone/integration-test/target/test-dir/MiniOzoneClusterImpl-8354d78d-dcd0-455c-bdef-cdb54255caab/datanode-3/data/containers/hdds of  storage type : DISK and capacity : 1482555576320
2019-10-17 21:54:36,039 [main] INFO  volume.VolumeSet (VolumeSet.java:initializeVolumeSet(170)) - Added Volume : /workdir/hadoop-ozone/integration-test/target/test-dir/MiniOzoneClusterImpl-8354d78d-dcd0-455c-bdef-cdb54255caab/datanode-3/data/containers/hdds to VolumeSet
2019-10-17 21:54:36,039 [main] INFO  volume.ThrottledAsyncChecker (ThrottledAsyncChecker.java:schedule(141)) - Scheduling a check for /workdir/hadoop-ozone/integration-test/target/test-dir/MiniOzoneClusterImpl-8354d78d-dcd0-455c-bdef-cdb54255caab/datanode-3/data/containers/hdds
2019-10-17 21:54:36,040 [main] INFO  volume.HddsVolumeChecker (HddsVolumeChecker.java:checkAllVolumes(204)) - Scheduled health check for volume /workdir/hadoop-ozone/integration-test/target/test-dir/MiniOzoneClusterImpl-8354d78d-dcd0-455c-bdef-cdb54255caab/datanode-3/data/containers/hdds
2019-10-17 21:54:36,052 [main] INFO  impl.RaftServerProxy (ConfUtils.java:logGet(43)) - raft.rpc.type = GRPC (default)
2019-10-17 21:54:36,053 [main] INFO  grpc.GrpcFactory (GrpcFactory.java:checkPooledByteBufAllocatorUseCacheForAllThreads(45)) - PERFORMANCE WARNING: useCacheForAllThreads is true that may cause Netty to create a lot garbage objects and, as a result, trigger GC.
	It is recommended to disable useCacheForAllThreads by setting -Dorg.apache.ratis.thirdparty.io.netty.allocator.useCacheForAllThreads=false in command line.
2019-10-17 21:54:36,053 [main] INFO  grpc.GrpcConfigKeys$Server (ConfUtils.java:logGet(43)) - raft.grpc.server.port = 0 (default)
2019-10-17 21:54:36,053 [main] INFO  server.GrpcService (ConfUtils.java:logGet(43)) - raft.grpc.message.size.max = 33570816 (custom)
2019-10-17 21:54:36,053 [main] INFO  server.RaftServerConfigKeys (ConfUtils.java:logGet(43)) - raft.server.log.appender.buffer.byte-limit = 33554432 (custom)
2019-10-17 21:54:36,053 [main] INFO  server.GrpcService (ConfUtils.java:logGet(43)) - raft.grpc.flow.control.window = 1MB (=1048576) (default)
2019-10-17 21:54:36,054 [main] INFO  server.RaftServerConfigKeys (ConfUtils.java:logGet(43)) - raft.server.rpc.request.timeout = 3000ms (default)
2019-10-17 21:54:36,054 [main] INFO  server.RaftServerConfigKeys (ConfUtils.java:logGet(43)) - raft.server.storage.dir = [/workdir/hadoop-ozone/integration-test/target/test-dir/MiniOzoneClusterImpl-8354d78d-dcd0-455c-bdef-cdb54255caab/datanode-3/data/ratis] (custom)
2019-10-17 21:54:36,056 [main] INFO  hdfs.DFSUtil (DFSUtil.java:httpServerTemplateForNNAndJN(1641)) - Starting Web-server for hddsDatanode at: http://0.0.0.0:0
2019-10-17 21:54:36,057 [main] INFO  server.AuthenticationFilter (AuthenticationFilter.java:constructSecretProvider(240)) - Unable to initialize FileSignerSecretProvider, falling back to use random secrets.
2019-10-17 21:54:36,057 [main] WARN  http.HttpRequestLog (HttpRequestLog.java:getRequestLog(97)) - Jetty request log can only be enabled using Log4j
2019-10-17 21:54:36,059 [main] INFO  http.HttpServer2 (HttpServer2.java:addGlobalFilter(975)) - Added global filter 'safety' (class=org.apache.hadoop.http.HttpServer2$QuotingInputFilter)
2019-10-17 21:54:36,059 [main] INFO  http.HttpServer2 (HttpServer2.java:addFilter(948)) - Added filter static_user_filter (class=org.apache.hadoop.http.lib.StaticUserWebFilter$StaticUserFilter) to context hddsDatanode
2019-10-17 21:54:36,059 [main] INFO  http.HttpServer2 (HttpServer2.java:addFilter(958)) - Added filter static_user_filter (class=org.apache.hadoop.http.lib.StaticUserWebFilter$StaticUserFilter) to context logs
2019-10-17 21:54:36,060 [main] INFO  http.HttpServer2 (HttpServer2.java:addFilter(958)) - Added filter static_user_filter (class=org.apache.hadoop.http.lib.StaticUserWebFilter$StaticUserFilter) to context static
2019-10-17 21:54:36,060 [main] INFO  http.HttpServer2 (HttpServer2.java:bindListener(1191)) - Jetty bound to port 38801
2019-10-17 21:54:36,060 [main] INFO  server.Server (Server.java:doStart(351)) - jetty-9.3.25.v20180904, build timestamp: 2018-09-04T21:11:46Z, git hash: 3ce520221d0240229c862b122d2b06c12a625732
2019-10-17 21:54:36,062 [main] INFO  handler.ContextHandler (ContextHandler.java:doStart(781)) - Started o.e.j.s.ServletContextHandler@4b200971{/logs,file:///workdir/hadoop-ozone/integration-test/target/log,AVAILABLE}
2019-10-17 21:54:36,063 [main] INFO  handler.ContextHandler (ContextHandler.java:doStart(781)) - Started o.e.j.s.ServletContextHandler@68d7a2df{/static,jar:file:/home/user/.m2/repository/org/apache/hadoop/hadoop-hdds-container-service/0.5.0-SNAPSHOT/hadoop-hdds-container-service-0.5.0-SNAPSHOT.jar!/webapps/static,AVAILABLE}
2019-10-17 21:54:36,092 [main] INFO  handler.ContextHandler (ContextHandler.java:doStart(781)) - Started o.e.j.w.WebAppContext@4da6d664{/,file:///tmp/jetty-0.0.0.0-38801-hddsDatanode-_-any-6547731137593497086.dir/webapp/,AVAILABLE}{/hddsDatanode}
2019-10-17 21:54:36,093 [main] INFO  server.AbstractConnector (AbstractConnector.java:doStart(278)) - Started ServerConnector@5e5af8e1{HTTP/1.1,[http/1.1]}{0.0.0.0:38801}
2019-10-17 21:54:36,093 [main] INFO  server.Server (Server.java:doStart(419)) - Started @5182ms
2019-10-17 21:54:36,094 [main] WARN  impl.MetricsSystemImpl (MetricsSystemImpl.java:register(276)) - Sink prometheus already exists!
2019-10-17 21:54:36,095 [main] INFO  server.BaseHttpServer (BaseHttpServer.java:updateConnectorAddress(215)) - HTTP server of HDDSDATANODE is listening at http://0.0.0.0:38801
2019-10-17 21:54:36,095 [main] INFO  impl.MetricsSystemImpl (MetricsSystemImpl.java:init(158)) - HddsDatanode metrics system started (again)
2019-10-17 21:54:36,098 [main] INFO  ozone.HddsDatanodeService (HddsDatanodeService.java:start(184)) - HddsDatanodeService host:pr-hdds-2310-7mltm-1665714090 ip:192.168.157.223
2019-10-17 21:54:36,099 [org.apache.hadoop.util.JvmPauseMonitor$Monitor@7296ce8b] INFO  util.JvmPauseMonitor (JvmPauseMonitor.java:run(188)) - Starting JVM pause monitor
2019-10-17 21:54:36,102 [Datanode State Machine Thread - 0] INFO  datanode.InitDatanodeState (InitDatanodeState.java:persistContainerDatanodeDetails(140)) - DatanodeDetails is persisted to /workdir/hadoop-ozone/integration-test/target/test-dir/MiniOzoneClusterImpl-8354d78d-dcd0-455c-bdef-cdb54255caab/datanode-3/meta/datanode.id
2019-10-17 21:54:36,107 [main] INFO  volume.HddsVolume (HddsVolume.java:<init>(176)) - Creating Volume: /workdir/hadoop-ozone/integration-test/target/test-dir/MiniOzoneClusterImpl-8354d78d-dcd0-455c-bdef-cdb54255caab/datanode-4/data/containers/hdds of  storage type : DISK and capacity : 1482555576320
2019-10-17 21:54:36,107 [main] INFO  volume.VolumeSet (VolumeSet.java:initializeVolumeSet(170)) - Added Volume : /workdir/hadoop-ozone/integration-test/target/test-dir/MiniOzoneClusterImpl-8354d78d-dcd0-455c-bdef-cdb54255caab/datanode-4/data/containers/hdds to VolumeSet
2019-10-17 21:54:36,107 [main] INFO  volume.ThrottledAsyncChecker (ThrottledAsyncChecker.java:schedule(141)) - Scheduling a check for /workdir/hadoop-ozone/integration-test/target/test-dir/MiniOzoneClusterImpl-8354d78d-dcd0-455c-bdef-cdb54255caab/datanode-4/data/containers/hdds
2019-10-17 21:54:36,108 [main] INFO  volume.HddsVolumeChecker (HddsVolumeChecker.java:checkAllVolumes(204)) - Scheduled health check for volume /workdir/hadoop-ozone/integration-test/target/test-dir/MiniOzoneClusterImpl-8354d78d-dcd0-455c-bdef-cdb54255caab/datanode-4/data/containers/hdds
2019-10-17 21:54:36,121 [main] INFO  impl.RaftServerProxy (ConfUtils.java:logGet(43)) - raft.rpc.type = GRPC (default)
2019-10-17 21:54:36,121 [main] INFO  grpc.GrpcFactory (GrpcFactory.java:checkPooledByteBufAllocatorUseCacheForAllThreads(45)) - PERFORMANCE WARNING: useCacheForAllThreads is true that may cause Netty to create a lot garbage objects and, as a result, trigger GC.
	It is recommended to disable useCacheForAllThreads by setting -Dorg.apache.ratis.thirdparty.io.netty.allocator.useCacheForAllThreads=false in command line.
2019-10-17 21:54:36,121 [main] INFO  grpc.GrpcConfigKeys$Server (ConfUtils.java:logGet(43)) - raft.grpc.server.port = 0 (default)
2019-10-17 21:54:36,121 [main] INFO  server.GrpcService (ConfUtils.java:logGet(43)) - raft.grpc.message.size.max = 33570816 (custom)
2019-10-17 21:54:36,122 [main] INFO  server.RaftServerConfigKeys (ConfUtils.java:logGet(43)) - raft.server.log.appender.buffer.byte-limit = 33554432 (custom)
2019-10-17 21:54:36,122 [main] INFO  server.GrpcService (ConfUtils.java:logGet(43)) - raft.grpc.flow.control.window = 1MB (=1048576) (default)
2019-10-17 21:54:36,122 [main] INFO  server.RaftServerConfigKeys (ConfUtils.java:logGet(43)) - raft.server.rpc.request.timeout = 3000ms (default)
2019-10-17 21:54:36,123 [main] INFO  server.RaftServerConfigKeys (ConfUtils.java:logGet(43)) - raft.server.storage.dir = [/workdir/hadoop-ozone/integration-test/target/test-dir/MiniOzoneClusterImpl-8354d78d-dcd0-455c-bdef-cdb54255caab/datanode-4/data/ratis] (custom)
2019-10-17 21:54:36,124 [main] INFO  hdfs.DFSUtil (DFSUtil.java:httpServerTemplateForNNAndJN(1641)) - Starting Web-server for hddsDatanode at: http://0.0.0.0:0
2019-10-17 21:54:36,126 [main] INFO  server.AuthenticationFilter (AuthenticationFilter.java:constructSecretProvider(240)) - Unable to initialize FileSignerSecretProvider, falling back to use random secrets.
2019-10-17 21:54:36,128 [main] WARN  http.HttpRequestLog (HttpRequestLog.java:getRequestLog(97)) - Jetty request log can only be enabled using Log4j
2019-10-17 21:54:36,129 [main] INFO  http.HttpServer2 (HttpServer2.java:addGlobalFilter(975)) - Added global filter 'safety' (class=org.apache.hadoop.http.HttpServer2$QuotingInputFilter)
2019-10-17 21:54:36,130 [main] INFO  http.HttpServer2 (HttpServer2.java:addFilter(948)) - Added filter static_user_filter (class=org.apache.hadoop.http.lib.StaticUserWebFilter$StaticUserFilter) to context hddsDatanode
2019-10-17 21:54:36,130 [main] INFO  http.HttpServer2 (HttpServer2.java:addFilter(958)) - Added filter static_user_filter (class=org.apache.hadoop.http.lib.StaticUserWebFilter$StaticUserFilter) to context static
2019-10-17 21:54:36,130 [main] INFO  http.HttpServer2 (HttpServer2.java:addFilter(958)) - Added filter static_user_filter (class=org.apache.hadoop.http.lib.StaticUserWebFilter$StaticUserFilter) to context logs
2019-10-17 21:54:36,131 [main] INFO  http.HttpServer2 (HttpServer2.java:bindListener(1191)) - Jetty bound to port 33046
2019-10-17 21:54:36,131 [main] INFO  server.Server (Server.java:doStart(351)) - jetty-9.3.25.v20180904, build timestamp: 2018-09-04T21:11:46Z, git hash: 3ce520221d0240229c862b122d2b06c12a625732
2019-10-17 21:54:36,135 [main] INFO  handler.ContextHandler (ContextHandler.java:doStart(781)) - Started o.e.j.s.ServletContextHandler@712cfb63{/logs,file:///workdir/hadoop-ozone/integration-test/target/log,AVAILABLE}
2019-10-17 21:54:36,135 [main] INFO  handler.ContextHandler (ContextHandler.java:doStart(781)) - Started o.e.j.s.ServletContextHandler@15639440{/static,jar:file:/home/user/.m2/repository/org/apache/hadoop/hadoop-hdds-container-service/0.5.0-SNAPSHOT/hadoop-hdds-container-service-0.5.0-SNAPSHOT.jar!/webapps/static,AVAILABLE}
2019-10-17 21:54:36,164 [main] INFO  handler.ContextHandler (ContextHandler.java:doStart(781)) - Started o.e.j.w.WebAppContext@5a6fa56e{/,file:///tmp/jetty-0.0.0.0-33046-hddsDatanode-_-any-1596620970486269088.dir/webapp/,AVAILABLE}{/hddsDatanode}
2019-10-17 21:54:36,165 [main] INFO  server.AbstractConnector (AbstractConnector.java:doStart(278)) - Started ServerConnector@1981d861{HTTP/1.1,[http/1.1]}{0.0.0.0:33046}
2019-10-17 21:54:36,165 [main] INFO  server.Server (Server.java:doStart(419)) - Started @5253ms
2019-10-17 21:54:36,165 [main] WARN  impl.MetricsSystemImpl (MetricsSystemImpl.java:register(276)) - Sink prometheus already exists!
2019-10-17 21:54:36,167 [main] INFO  server.BaseHttpServer (BaseHttpServer.java:updateConnectorAddress(215)) - HTTP server of HDDSDATANODE is listening at http://0.0.0.0:33046
2019-10-17 21:54:36,167 [main] INFO  impl.MetricsSystemImpl (MetricsSystemImpl.java:init(158)) - HddsDatanode metrics system started (again)
2019-10-17 21:54:36,170 [main] INFO  ozone.HddsDatanodeService (HddsDatanodeService.java:start(184)) - HddsDatanodeService host:pr-hdds-2310-7mltm-1665714090 ip:192.168.157.223
2019-10-17 21:54:36,171 [org.apache.hadoop.util.JvmPauseMonitor$Monitor@45872047] INFO  util.JvmPauseMonitor (JvmPauseMonitor.java:run(188)) - Starting JVM pause monitor
2019-10-17 21:54:36,175 [Datanode State Machine Thread - 0] INFO  datanode.InitDatanodeState (InitDatanodeState.java:persistContainerDatanodeDetails(140)) - DatanodeDetails is persisted to /workdir/hadoop-ozone/integration-test/target/test-dir/MiniOzoneClusterImpl-8354d78d-dcd0-455c-bdef-cdb54255caab/datanode-4/meta/datanode.id
2019-10-17 21:54:36,180 [main] INFO  volume.HddsVolume (HddsVolume.java:<init>(176)) - Creating Volume: /workdir/hadoop-ozone/integration-test/target/test-dir/MiniOzoneClusterImpl-8354d78d-dcd0-455c-bdef-cdb54255caab/datanode-5/data/containers/hdds of  storage type : DISK and capacity : 1482555576320
2019-10-17 21:54:36,181 [main] INFO  volume.VolumeSet (VolumeSet.java:initializeVolumeSet(170)) - Added Volume : /workdir/hadoop-ozone/integration-test/target/test-dir/MiniOzoneClusterImpl-8354d78d-dcd0-455c-bdef-cdb54255caab/datanode-5/data/containers/hdds to VolumeSet
2019-10-17 21:54:36,181 [main] INFO  volume.ThrottledAsyncChecker (ThrottledAsyncChecker.java:schedule(141)) - Scheduling a check for /workdir/hadoop-ozone/integration-test/target/test-dir/MiniOzoneClusterImpl-8354d78d-dcd0-455c-bdef-cdb54255caab/datanode-5/data/containers/hdds
2019-10-17 21:54:36,182 [main] INFO  volume.HddsVolumeChecker (HddsVolumeChecker.java:checkAllVolumes(204)) - Scheduled health check for volume /workdir/hadoop-ozone/integration-test/target/test-dir/MiniOzoneClusterImpl-8354d78d-dcd0-455c-bdef-cdb54255caab/datanode-5/data/containers/hdds
2019-10-17 21:54:36,194 [main] INFO  impl.RaftServerProxy (ConfUtils.java:logGet(43)) - raft.rpc.type = GRPC (default)
2019-10-17 21:54:36,194 [main] INFO  grpc.GrpcFactory (GrpcFactory.java:checkPooledByteBufAllocatorUseCacheForAllThreads(45)) - PERFORMANCE WARNING: useCacheForAllThreads is true that may cause Netty to create a lot garbage objects and, as a result, trigger GC.
	It is recommended to disable useCacheForAllThreads by setting -Dorg.apache.ratis.thirdparty.io.netty.allocator.useCacheForAllThreads=false in command line.
2019-10-17 21:54:36,195 [main] INFO  grpc.GrpcConfigKeys$Server (ConfUtils.java:logGet(43)) - raft.grpc.server.port = 0 (default)
2019-10-17 21:54:36,195 [main] INFO  server.GrpcService (ConfUtils.java:logGet(43)) - raft.grpc.message.size.max = 33570816 (custom)
2019-10-17 21:54:36,195 [main] INFO  server.RaftServerConfigKeys (ConfUtils.java:logGet(43)) - raft.server.log.appender.buffer.byte-limit = 33554432 (custom)
2019-10-17 21:54:36,195 [main] INFO  server.GrpcService (ConfUtils.java:logGet(43)) - raft.grpc.flow.control.window = 1MB (=1048576) (default)
2019-10-17 21:54:36,195 [main] INFO  server.RaftServerConfigKeys (ConfUtils.java:logGet(43)) - raft.server.rpc.request.timeout = 3000ms (default)
2019-10-17 21:54:36,196 [main] INFO  server.RaftServerConfigKeys (ConfUtils.java:logGet(43)) - raft.server.storage.dir = [/workdir/hadoop-ozone/integration-test/target/test-dir/MiniOzoneClusterImpl-8354d78d-dcd0-455c-bdef-cdb54255caab/datanode-5/data/ratis] (custom)
2019-10-17 21:54:36,197 [main] INFO  hdfs.DFSUtil (DFSUtil.java:httpServerTemplateForNNAndJN(1641)) - Starting Web-server for hddsDatanode at: http://0.0.0.0:0
2019-10-17 21:54:36,199 [main] INFO  server.AuthenticationFilter (AuthenticationFilter.java:constructSecretProvider(240)) - Unable to initialize FileSignerSecretProvider, falling back to use random secrets.
2019-10-17 21:54:36,199 [main] WARN  http.HttpRequestLog (HttpRequestLog.java:getRequestLog(97)) - Jetty request log can only be enabled using Log4j
2019-10-17 21:54:36,200 [main] INFO  http.HttpServer2 (HttpServer2.java:addGlobalFilter(975)) - Added global filter 'safety' (class=org.apache.hadoop.http.HttpServer2$QuotingInputFilter)
2019-10-17 21:54:36,201 [main] INFO  http.HttpServer2 (HttpServer2.java:addFilter(948)) - Added filter static_user_filter (class=org.apache.hadoop.http.lib.StaticUserWebFilter$StaticUserFilter) to context hddsDatanode
2019-10-17 21:54:36,201 [main] INFO  http.HttpServer2 (HttpServer2.java:addFilter(958)) - Added filter static_user_filter (class=org.apache.hadoop.http.lib.StaticUserWebFilter$StaticUserFilter) to context logs
2019-10-17 21:54:36,201 [main] INFO  http.HttpServer2 (HttpServer2.java:addFilter(958)) - Added filter static_user_filter (class=org.apache.hadoop.http.lib.StaticUserWebFilter$StaticUserFilter) to context static
2019-10-17 21:54:36,202 [main] INFO  http.HttpServer2 (HttpServer2.java:bindListener(1191)) - Jetty bound to port 42863
2019-10-17 21:54:36,202 [main] INFO  server.Server (Server.java:doStart(351)) - jetty-9.3.25.v20180904, build timestamp: 2018-09-04T21:11:46Z, git hash: 3ce520221d0240229c862b122d2b06c12a625732
2019-10-17 21:54:36,204 [main] INFO  handler.ContextHandler (ContextHandler.java:doStart(781)) - Started o.e.j.s.ServletContextHandler@72f9f27c{/logs,file:///workdir/hadoop-ozone/integration-test/target/log,AVAILABLE}
2019-10-17 21:54:36,204 [main] INFO  handler.ContextHandler (ContextHandler.java:doStart(781)) - Started o.e.j.s.ServletContextHandler@762637be{/static,jar:file:/home/user/.m2/repository/org/apache/hadoop/hadoop-hdds-container-service/0.5.0-SNAPSHOT/hadoop-hdds-container-service-0.5.0-SNAPSHOT.jar!/webapps/static,AVAILABLE}
2019-10-17 21:54:36,233 [main] INFO  handler.ContextHandler (ContextHandler.java:doStart(781)) - Started o.e.j.w.WebAppContext@7fb29ca9{/,file:///tmp/jetty-0.0.0.0-42863-hddsDatanode-_-any-3773450861292202129.dir/webapp/,AVAILABLE}{/hddsDatanode}
2019-10-17 21:54:36,233 [main] INFO  server.AbstractConnector (AbstractConnector.java:doStart(278)) - Started ServerConnector@1e253c9d{HTTP/1.1,[http/1.1]}{0.0.0.0:42863}
2019-10-17 21:54:36,234 [main] INFO  server.Server (Server.java:doStart(419)) - Started @5322ms
2019-10-17 21:54:36,234 [main] WARN  impl.MetricsSystemImpl (MetricsSystemImpl.java:register(276)) - Sink prometheus already exists!
2019-10-17 21:54:36,236 [main] INFO  server.BaseHttpServer (BaseHttpServer.java:updateConnectorAddress(215)) - HTTP server of HDDSDATANODE is listening at http://0.0.0.0:42863
2019-10-17 21:54:36,236 [main] INFO  impl.MetricsSystemImpl (MetricsSystemImpl.java:init(158)) - HddsDatanode metrics system started (again)
2019-10-17 21:54:36,239 [main] INFO  ozone.HddsDatanodeService (HddsDatanodeService.java:start(184)) - HddsDatanodeService host:pr-hdds-2310-7mltm-1665714090 ip:192.168.157.223
2019-10-17 21:54:36,240 [org.apache.hadoop.util.JvmPauseMonitor$Monitor@1eb13887] INFO  util.JvmPauseMonitor (JvmPauseMonitor.java:run(188)) - Starting JVM pause monitor
2019-10-17 21:54:36,244 [Datanode State Machine Thread - 0] INFO  datanode.InitDatanodeState (InitDatanodeState.java:persistContainerDatanodeDetails(140)) - DatanodeDetails is persisted to /workdir/hadoop-ozone/integration-test/target/test-dir/MiniOzoneClusterImpl-8354d78d-dcd0-455c-bdef-cdb54255caab/datanode-5/meta/datanode.id
2019-10-17 21:54:36,249 [main] INFO  volume.HddsVolume (HddsVolume.java:<init>(176)) - Creating Volume: /workdir/hadoop-ozone/integration-test/target/test-dir/MiniOzoneClusterImpl-8354d78d-dcd0-455c-bdef-cdb54255caab/datanode-6/data/containers/hdds of  storage type : DISK and capacity : 1482555576320
2019-10-17 21:54:36,249 [main] INFO  volume.VolumeSet (VolumeSet.java:initializeVolumeSet(170)) - Added Volume : /workdir/hadoop-ozone/integration-test/target/test-dir/MiniOzoneClusterImpl-8354d78d-dcd0-455c-bdef-cdb54255caab/datanode-6/data/containers/hdds to VolumeSet
2019-10-17 21:54:36,249 [main] INFO  volume.ThrottledAsyncChecker (ThrottledAsyncChecker.java:schedule(141)) - Scheduling a check for /workdir/hadoop-ozone/integration-test/target/test-dir/MiniOzoneClusterImpl-8354d78d-dcd0-455c-bdef-cdb54255caab/datanode-6/data/containers/hdds
2019-10-17 21:54:36,250 [main] INFO  volume.HddsVolumeChecker (HddsVolumeChecker.java:checkAllVolumes(204)) - Scheduled health check for volume /workdir/hadoop-ozone/integration-test/target/test-dir/MiniOzoneClusterImpl-8354d78d-dcd0-455c-bdef-cdb54255caab/datanode-6/data/containers/hdds
2019-10-17 21:54:36,264 [main] INFO  impl.RaftServerProxy (ConfUtils.java:logGet(43)) - raft.rpc.type = GRPC (default)
2019-10-17 21:54:36,264 [main] INFO  grpc.GrpcFactory (GrpcFactory.java:checkPooledByteBufAllocatorUseCacheForAllThreads(45)) - PERFORMANCE WARNING: useCacheForAllThreads is true that may cause Netty to create a lot garbage objects and, as a result, trigger GC.
	It is recommended to disable useCacheForAllThreads by setting -Dorg.apache.ratis.thirdparty.io.netty.allocator.useCacheForAllThreads=false in command line.
2019-10-17 21:54:36,264 [main] INFO  grpc.GrpcConfigKeys$Server (ConfUtils.java:logGet(43)) - raft.grpc.server.port = 0 (default)
2019-10-17 21:54:36,265 [main] INFO  server.GrpcService (ConfUtils.java:logGet(43)) - raft.grpc.message.size.max = 33570816 (custom)
2019-10-17 21:54:36,265 [main] INFO  server.RaftServerConfigKeys (ConfUtils.java:logGet(43)) - raft.server.log.appender.buffer.byte-limit = 33554432 (custom)
2019-10-17 21:54:36,265 [main] INFO  server.GrpcService (ConfUtils.java:logGet(43)) - raft.grpc.flow.control.window = 1MB (=1048576) (default)
2019-10-17 21:54:36,265 [main] INFO  server.RaftServerConfigKeys (ConfUtils.java:logGet(43)) - raft.server.rpc.request.timeout = 3000ms (default)
2019-10-17 21:54:36,266 [main] INFO  server.RaftServerConfigKeys (ConfUtils.java:logGet(43)) - raft.server.storage.dir = [/workdir/hadoop-ozone/integration-test/target/test-dir/MiniOzoneClusterImpl-8354d78d-dcd0-455c-bdef-cdb54255caab/datanode-6/data/ratis] (custom)
2019-10-17 21:54:36,267 [main] INFO  hdfs.DFSUtil (DFSUtil.java:httpServerTemplateForNNAndJN(1641)) - Starting Web-server for hddsDatanode at: http://0.0.0.0:0
2019-10-17 21:54:36,268 [main] INFO  server.AuthenticationFilter (AuthenticationFilter.java:constructSecretProvider(240)) - Unable to initialize FileSignerSecretProvider, falling back to use random secrets.
2019-10-17 21:54:36,269 [main] WARN  http.HttpRequestLog (HttpRequestLog.java:getRequestLog(97)) - Jetty request log can only be enabled using Log4j
2019-10-17 21:54:36,270 [main] INFO  http.HttpServer2 (HttpServer2.java:addGlobalFilter(975)) - Added global filter 'safety' (class=org.apache.hadoop.http.HttpServer2$QuotingInputFilter)
2019-10-17 21:54:36,270 [main] INFO  http.HttpServer2 (HttpServer2.java:addFilter(948)) - Added filter static_user_filter (class=org.apache.hadoop.http.lib.StaticUserWebFilter$StaticUserFilter) to context hddsDatanode
2019-10-17 21:54:36,271 [main] INFO  http.HttpServer2 (HttpServer2.java:addFilter(958)) - Added filter static_user_filter (class=org.apache.hadoop.http.lib.StaticUserWebFilter$StaticUserFilter) to context static
2019-10-17 21:54:36,271 [main] INFO  http.HttpServer2 (HttpServer2.java:addFilter(958)) - Added filter static_user_filter (class=org.apache.hadoop.http.lib.StaticUserWebFilter$StaticUserFilter) to context logs
2019-10-17 21:54:36,271 [main] INFO  http.HttpServer2 (HttpServer2.java:bindListener(1191)) - Jetty bound to port 41830
2019-10-17 21:54:36,272 [main] INFO  server.Server (Server.java:doStart(351)) - jetty-9.3.25.v20180904, build timestamp: 2018-09-04T21:11:46Z, git hash: 3ce520221d0240229c862b122d2b06c12a625732
2019-10-17 21:54:36,273 [main] INFO  handler.ContextHandler (ContextHandler.java:doStart(781)) - Started o.e.j.s.ServletContextHandler@17fa1336{/logs,file:///workdir/hadoop-ozone/integration-test/target/log,AVAILABLE}
2019-10-17 21:54:36,274 [main] INFO  handler.ContextHandler (ContextHandler.java:doStart(781)) - Started o.e.j.s.ServletContextHandler@68b9834c{/static,jar:file:/home/user/.m2/repository/org/apache/hadoop/hadoop-hdds-container-service/0.5.0-SNAPSHOT/hadoop-hdds-container-service-0.5.0-SNAPSHOT.jar!/webapps/static,AVAILABLE}
2019-10-17 21:54:36,303 [main] INFO  handler.ContextHandler (ContextHandler.java:doStart(781)) - Started o.e.j.w.WebAppContext@2630dbc4{/,file:///tmp/jetty-0.0.0.0-41830-hddsDatanode-_-any-312789701442516974.dir/webapp/,AVAILABLE}{/hddsDatanode}
2019-10-17 21:54:36,303 [main] INFO  server.AbstractConnector (AbstractConnector.java:doStart(278)) - Started ServerConnector@5ea4300e{HTTP/1.1,[http/1.1]}{0.0.0.0:41830}
2019-10-17 21:54:36,304 [main] INFO  server.Server (Server.java:doStart(419)) - Started @5392ms
2019-10-17 21:54:36,304 [main] WARN  impl.MetricsSystemImpl (MetricsSystemImpl.java:register(276)) - Sink prometheus already exists!
2019-10-17 21:54:36,306 [main] INFO  server.BaseHttpServer (BaseHttpServer.java:updateConnectorAddress(215)) - HTTP server of HDDSDATANODE is listening at http://0.0.0.0:41830
2019-10-17 21:54:36,307 [main] INFO  impl.MetricsSystemImpl (MetricsSystemImpl.java:init(158)) - HddsDatanode metrics system started (again)
2019-10-17 21:54:36,310 [main] INFO  ozone.HddsDatanodeService (HddsDatanodeService.java:start(184)) - HddsDatanodeService host:pr-hdds-2310-7mltm-1665714090 ip:192.168.157.223
2019-10-17 21:54:36,311 [org.apache.hadoop.util.JvmPauseMonitor$Monitor@23f61920] INFO  util.JvmPauseMonitor (JvmPauseMonitor.java:run(188)) - Starting JVM pause monitor
2019-10-17 21:54:36,314 [Datanode State Machine Thread - 0] INFO  datanode.InitDatanodeState (InitDatanodeState.java:persistContainerDatanodeDetails(140)) - DatanodeDetails is persisted to /workdir/hadoop-ozone/integration-test/target/test-dir/MiniOzoneClusterImpl-8354d78d-dcd0-455c-bdef-cdb54255caab/datanode-6/meta/datanode.id
2019-10-17 21:54:36,318 [main] INFO  volume.HddsVolume (HddsVolume.java:<init>(176)) - Creating Volume: /workdir/hadoop-ozone/integration-test/target/test-dir/MiniOzoneClusterImpl-8354d78d-dcd0-455c-bdef-cdb54255caab/datanode-7/data/containers/hdds of  storage type : DISK and capacity : 1482555576320
2019-10-17 21:54:36,318 [main] INFO  volume.VolumeSet (VolumeSet.java:initializeVolumeSet(170)) - Added Volume : /workdir/hadoop-ozone/integration-test/target/test-dir/MiniOzoneClusterImpl-8354d78d-dcd0-455c-bdef-cdb54255caab/datanode-7/data/containers/hdds to VolumeSet
2019-10-17 21:54:36,318 [main] INFO  volume.ThrottledAsyncChecker (ThrottledAsyncChecker.java:schedule(141)) - Scheduling a check for /workdir/hadoop-ozone/integration-test/target/test-dir/MiniOzoneClusterImpl-8354d78d-dcd0-455c-bdef-cdb54255caab/datanode-7/data/containers/hdds
2019-10-17 21:54:36,319 [main] INFO  volume.HddsVolumeChecker (HddsVolumeChecker.java:checkAllVolumes(204)) - Scheduled health check for volume /workdir/hadoop-ozone/integration-test/target/test-dir/MiniOzoneClusterImpl-8354d78d-dcd0-455c-bdef-cdb54255caab/datanode-7/data/containers/hdds
2019-10-17 21:54:36,331 [main] INFO  impl.RaftServerProxy (ConfUtils.java:logGet(43)) - raft.rpc.type = GRPC (default)
2019-10-17 21:54:36,332 [main] INFO  grpc.GrpcFactory (GrpcFactory.java:checkPooledByteBufAllocatorUseCacheForAllThreads(45)) - PERFORMANCE WARNING: useCacheForAllThreads is true that may cause Netty to create a lot garbage objects and, as a result, trigger GC.
	It is recommended to disable useCacheForAllThreads by setting -Dorg.apache.ratis.thirdparty.io.netty.allocator.useCacheForAllThreads=false in command line.
2019-10-17 21:54:36,332 [main] INFO  grpc.GrpcConfigKeys$Server (ConfUtils.java:logGet(43)) - raft.grpc.server.port = 0 (default)
2019-10-17 21:54:36,332 [main] INFO  server.GrpcService (ConfUtils.java:logGet(43)) - raft.grpc.message.size.max = 33570816 (custom)
2019-10-17 21:54:36,332 [main] INFO  server.RaftServerConfigKeys (ConfUtils.java:logGet(43)) - raft.server.log.appender.buffer.byte-limit = 33554432 (custom)
2019-10-17 21:54:36,332 [main] INFO  server.GrpcService (ConfUtils.java:logGet(43)) - raft.grpc.flow.control.window = 1MB (=1048576) (default)
2019-10-17 21:54:36,332 [main] INFO  server.RaftServerConfigKeys (ConfUtils.java:logGet(43)) - raft.server.rpc.request.timeout = 3000ms (default)
2019-10-17 21:54:36,333 [main] INFO  server.RaftServerConfigKeys (ConfUtils.java:logGet(43)) - raft.server.storage.dir = [/workdir/hadoop-ozone/integration-test/target/test-dir/MiniOzoneClusterImpl-8354d78d-dcd0-455c-bdef-cdb54255caab/datanode-7/data/ratis] (custom)
2019-10-17 21:54:36,334 [main] INFO  hdfs.DFSUtil (DFSUtil.java:httpServerTemplateForNNAndJN(1641)) - Starting Web-server for hddsDatanode at: http://0.0.0.0:0
2019-10-17 21:54:36,335 [main] INFO  server.AuthenticationFilter (AuthenticationFilter.java:constructSecretProvider(240)) - Unable to initialize FileSignerSecretProvider, falling back to use random secrets.
2019-10-17 21:54:36,336 [main] WARN  http.HttpRequestLog (HttpRequestLog.java:getRequestLog(97)) - Jetty request log can only be enabled using Log4j
2019-10-17 21:54:36,337 [main] INFO  http.HttpServer2 (HttpServer2.java:addGlobalFilter(975)) - Added global filter 'safety' (class=org.apache.hadoop.http.HttpServer2$QuotingInputFilter)
2019-10-17 21:54:36,337 [main] INFO  http.HttpServer2 (HttpServer2.java:addFilter(948)) - Added filter static_user_filter (class=org.apache.hadoop.http.lib.StaticUserWebFilter$StaticUserFilter) to context hddsDatanode
2019-10-17 21:54:36,338 [main] INFO  http.HttpServer2 (HttpServer2.java:addFilter(958)) - Added filter static_user_filter (class=org.apache.hadoop.http.lib.StaticUserWebFilter$StaticUserFilter) to context logs
2019-10-17 21:54:36,338 [main] INFO  http.HttpServer2 (HttpServer2.java:addFilter(958)) - Added filter static_user_filter (class=org.apache.hadoop.http.lib.StaticUserWebFilter$StaticUserFilter) to context static
2019-10-17 21:54:36,338 [main] INFO  http.HttpServer2 (HttpServer2.java:bindListener(1191)) - Jetty bound to port 32900
2019-10-17 21:54:36,338 [main] INFO  server.Server (Server.java:doStart(351)) - jetty-9.3.25.v20180904, build timestamp: 2018-09-04T21:11:46Z, git hash: 3ce520221d0240229c862b122d2b06c12a625732
2019-10-17 21:54:36,340 [main] INFO  handler.ContextHandler (ContextHandler.java:doStart(781)) - Started o.e.j.s.ServletContextHandler@12eedfee{/logs,file:///workdir/hadoop-ozone/integration-test/target/log,AVAILABLE}
2019-10-17 21:54:36,341 [main] INFO  handler.ContextHandler (ContextHandler.java:doStart(781)) - Started o.e.j.s.ServletContextHandler@1352434e{/static,jar:file:/home/user/.m2/repository/org/apache/hadoop/hadoop-hdds-container-service/0.5.0-SNAPSHOT/hadoop-hdds-container-service-0.5.0-SNAPSHOT.jar!/webapps/static,AVAILABLE}
2019-10-17 21:54:36,369 [main] INFO  handler.ContextHandler (ContextHandler.java:doStart(781)) - Started o.e.j.w.WebAppContext@10f7918f{/,file:///tmp/jetty-0.0.0.0-32900-hddsDatanode-_-any-6711431170474809445.dir/webapp/,AVAILABLE}{/hddsDatanode}
2019-10-17 21:54:36,369 [main] INFO  server.AbstractConnector (AbstractConnector.java:doStart(278)) - Started ServerConnector@64d4f7c7{HTTP/1.1,[http/1.1]}{0.0.0.0:32900}
2019-10-17 21:54:36,370 [main] INFO  server.Server (Server.java:doStart(419)) - Started @5458ms
2019-10-17 21:54:36,370 [main] WARN  impl.MetricsSystemImpl (MetricsSystemImpl.java:register(276)) - Sink prometheus already exists!
2019-10-17 21:54:36,371 [main] INFO  server.BaseHttpServer (BaseHttpServer.java:updateConnectorAddress(215)) - HTTP server of HDDSDATANODE is listening at http://0.0.0.0:32900
2019-10-17 21:54:36,371 [main] INFO  impl.MetricsSystemImpl (MetricsSystemImpl.java:init(158)) - HddsDatanode metrics system started (again)
2019-10-17 21:54:36,375 [main] INFO  ozone.HddsDatanodeService (HddsDatanodeService.java:start(184)) - HddsDatanodeService host:pr-hdds-2310-7mltm-1665714090 ip:192.168.157.223
2019-10-17 21:54:36,375 [org.apache.hadoop.util.JvmPauseMonitor$Monitor@2be61c46] INFO  util.JvmPauseMonitor (JvmPauseMonitor.java:run(188)) - Starting JVM pause monitor
2019-10-17 21:54:36,379 [Datanode State Machine Thread - 0] INFO  datanode.InitDatanodeState (InitDatanodeState.java:persistContainerDatanodeDetails(140)) - DatanodeDetails is persisted to /workdir/hadoop-ozone/integration-test/target/test-dir/MiniOzoneClusterImpl-8354d78d-dcd0-455c-bdef-cdb54255caab/datanode-7/meta/datanode.id
2019-10-17 21:54:36,385 [main] INFO  volume.HddsVolume (HddsVolume.java:<init>(176)) - Creating Volume: /workdir/hadoop-ozone/integration-test/target/test-dir/MiniOzoneClusterImpl-8354d78d-dcd0-455c-bdef-cdb54255caab/datanode-8/data/containers/hdds of  storage type : DISK and capacity : 1482555576320
2019-10-17 21:54:36,385 [main] INFO  volume.VolumeSet (VolumeSet.java:initializeVolumeSet(170)) - Added Volume : /workdir/hadoop-ozone/integration-test/target/test-dir/MiniOzoneClusterImpl-8354d78d-dcd0-455c-bdef-cdb54255caab/datanode-8/data/containers/hdds to VolumeSet
2019-10-17 21:54:36,386 [main] INFO  volume.ThrottledAsyncChecker (ThrottledAsyncChecker.java:schedule(141)) - Scheduling a check for /workdir/hadoop-ozone/integration-test/target/test-dir/MiniOzoneClusterImpl-8354d78d-dcd0-455c-bdef-cdb54255caab/datanode-8/data/containers/hdds
2019-10-17 21:54:36,386 [main] INFO  volume.HddsVolumeChecker (HddsVolumeChecker.java:checkAllVolumes(204)) - Scheduled health check for volume /workdir/hadoop-ozone/integration-test/target/test-dir/MiniOzoneClusterImpl-8354d78d-dcd0-455c-bdef-cdb54255caab/datanode-8/data/containers/hdds
2019-10-17 21:54:36,399 [main] INFO  impl.RaftServerProxy (ConfUtils.java:logGet(43)) - raft.rpc.type = GRPC (default)
2019-10-17 21:54:36,399 [main] INFO  grpc.GrpcFactory (GrpcFactory.java:checkPooledByteBufAllocatorUseCacheForAllThreads(45)) - PERFORMANCE WARNING: useCacheForAllThreads is true that may cause Netty to create a lot garbage objects and, as a result, trigger GC.
	It is recommended to disable useCacheForAllThreads by setting -Dorg.apache.ratis.thirdparty.io.netty.allocator.useCacheForAllThreads=false in command line.
2019-10-17 21:54:36,399 [main] INFO  grpc.GrpcConfigKeys$Server (ConfUtils.java:logGet(43)) - raft.grpc.server.port = 0 (default)
2019-10-17 21:54:36,399 [main] INFO  server.GrpcService (ConfUtils.java:logGet(43)) - raft.grpc.message.size.max = 33570816 (custom)
2019-10-17 21:54:36,399 [main] INFO  server.RaftServerConfigKeys (ConfUtils.java:logGet(43)) - raft.server.log.appender.buffer.byte-limit = 33554432 (custom)
2019-10-17 21:54:36,400 [main] INFO  server.GrpcService (ConfUtils.java:logGet(43)) - raft.grpc.flow.control.window = 1MB (=1048576) (default)
2019-10-17 21:54:36,400 [main] INFO  server.RaftServerConfigKeys (ConfUtils.java:logGet(43)) - raft.server.rpc.request.timeout = 3000ms (default)
2019-10-17 21:54:36,400 [main] INFO  server.RaftServerConfigKeys (ConfUtils.java:logGet(43)) - raft.server.storage.dir = [/workdir/hadoop-ozone/integration-test/target/test-dir/MiniOzoneClusterImpl-8354d78d-dcd0-455c-bdef-cdb54255caab/datanode-8/data/ratis] (custom)
2019-10-17 21:54:36,402 [main] INFO  hdfs.DFSUtil (DFSUtil.java:httpServerTemplateForNNAndJN(1641)) - Starting Web-server for hddsDatanode at: http://0.0.0.0:0
2019-10-17 21:54:36,403 [main] INFO  server.AuthenticationFilter (AuthenticationFilter.java:constructSecretProvider(240)) - Unable to initialize FileSignerSecretProvider, falling back to use random secrets.
2019-10-17 21:54:36,403 [main] WARN  http.HttpRequestLog (HttpRequestLog.java:getRequestLog(97)) - Jetty request log can only be enabled using Log4j
2019-10-17 21:54:36,404 [main] INFO  http.HttpServer2 (HttpServer2.java:addGlobalFilter(975)) - Added global filter 'safety' (class=org.apache.hadoop.http.HttpServer2$QuotingInputFilter)
2019-10-17 21:54:36,405 [main] INFO  http.HttpServer2 (HttpServer2.java:addFilter(948)) - Added filter static_user_filter (class=org.apache.hadoop.http.lib.StaticUserWebFilter$StaticUserFilter) to context hddsDatanode
2019-10-17 21:54:36,405 [main] INFO  http.HttpServer2 (HttpServer2.java:addFilter(958)) - Added filter static_user_filter (class=org.apache.hadoop.http.lib.StaticUserWebFilter$StaticUserFilter) to context static
2019-10-17 21:54:36,405 [main] INFO  http.HttpServer2 (HttpServer2.java:addFilter(958)) - Added filter static_user_filter (class=org.apache.hadoop.http.lib.StaticUserWebFilter$StaticUserFilter) to context logs
2019-10-17 21:54:36,406 [main] INFO  http.HttpServer2 (HttpServer2.java:bindListener(1191)) - Jetty bound to port 34653
2019-10-17 21:54:36,406 [main] INFO  server.Server (Server.java:doStart(351)) - jetty-9.3.25.v20180904, build timestamp: 2018-09-04T21:11:46Z, git hash: 3ce520221d0240229c862b122d2b06c12a625732
2019-10-17 21:54:36,408 [main] INFO  handler.ContextHandler (ContextHandler.java:doStart(781)) - Started o.e.j.s.ServletContextHandler@66b59b7d{/logs,file:///workdir/hadoop-ozone/integration-test/target/log,AVAILABLE}
2019-10-17 21:54:36,408 [main] INFO  handler.ContextHandler (ContextHandler.java:doStart(781)) - Started o.e.j.s.ServletContextHandler@4437ac07{/static,jar:file:/home/user/.m2/repository/org/apache/hadoop/hadoop-hdds-container-service/0.5.0-SNAPSHOT/hadoop-hdds-container-service-0.5.0-SNAPSHOT.jar!/webapps/static,AVAILABLE}
2019-10-17 21:54:36,446 [main] INFO  handler.ContextHandler (ContextHandler.java:doStart(781)) - Started o.e.j.w.WebAppContext@648d0e6d{/,file:///tmp/jetty-0.0.0.0-34653-hddsDatanode-_-any-886984688734354785.dir/webapp/,AVAILABLE}{/hddsDatanode}
2019-10-17 21:54:36,447 [main] INFO  server.AbstractConnector (AbstractConnector.java:doStart(278)) - Started ServerConnector@79e66b2f{HTTP/1.1,[http/1.1]}{0.0.0.0:34653}
2019-10-17 21:54:36,447 [main] INFO  server.Server (Server.java:doStart(419)) - Started @5535ms
2019-10-17 21:54:36,447 [main] WARN  impl.MetricsSystemImpl (MetricsSystemImpl.java:register(276)) - Sink prometheus already exists!
2019-10-17 21:54:36,448 [main] INFO  server.BaseHttpServer (BaseHttpServer.java:updateConnectorAddress(215)) - HTTP server of HDDSDATANODE is listening at http://0.0.0.0:34653
2019-10-17 21:54:36,448 [main] INFO  impl.MetricsSystemImpl (MetricsSystemImpl.java:init(158)) - HddsDatanode metrics system started (again)
2019-10-17 21:54:36,452 [org.apache.hadoop.util.JvmPauseMonitor$Monitor@6196647b] INFO  util.JvmPauseMonitor (JvmPauseMonitor.java:run(188)) - Starting JVM pause monitor
2019-10-17 21:54:36,453 [main] INFO  ozone.HddsDatanodeService (HddsDatanodeService.java:start(184)) - HddsDatanodeService host:pr-hdds-2310-7mltm-1665714090 ip:192.168.157.223
2019-10-17 21:54:36,456 [Datanode State Machine Thread - 0] INFO  datanode.InitDatanodeState (InitDatanodeState.java:persistContainerDatanodeDetails(140)) - DatanodeDetails is persisted to /workdir/hadoop-ozone/integration-test/target/test-dir/MiniOzoneClusterImpl-8354d78d-dcd0-455c-bdef-cdb54255caab/datanode-8/meta/datanode.id
2019-10-17 21:54:36,460 [main] INFO  volume.HddsVolume (HddsVolume.java:<init>(176)) - Creating Volume: /workdir/hadoop-ozone/integration-test/target/test-dir/MiniOzoneClusterImpl-8354d78d-dcd0-455c-bdef-cdb54255caab/datanode-9/data/containers/hdds of  storage type : DISK and capacity : 1482555576320
2019-10-17 21:54:36,460 [main] INFO  volume.VolumeSet (VolumeSet.java:initializeVolumeSet(170)) - Added Volume : /workdir/hadoop-ozone/integration-test/target/test-dir/MiniOzoneClusterImpl-8354d78d-dcd0-455c-bdef-cdb54255caab/datanode-9/data/containers/hdds to VolumeSet
2019-10-17 21:54:36,461 [main] INFO  volume.ThrottledAsyncChecker (ThrottledAsyncChecker.java:schedule(141)) - Scheduling a check for /workdir/hadoop-ozone/integration-test/target/test-dir/MiniOzoneClusterImpl-8354d78d-dcd0-455c-bdef-cdb54255caab/datanode-9/data/containers/hdds
2019-10-17 21:54:36,461 [main] INFO  volume.HddsVolumeChecker (HddsVolumeChecker.java:checkAllVolumes(204)) - Scheduled health check for volume /workdir/hadoop-ozone/integration-test/target/test-dir/MiniOzoneClusterImpl-8354d78d-dcd0-455c-bdef-cdb54255caab/datanode-9/data/containers/hdds
2019-10-17 21:54:36,475 [main] INFO  impl.RaftServerProxy (ConfUtils.java:logGet(43)) - raft.rpc.type = GRPC (default)
2019-10-17 21:54:36,475 [main] INFO  grpc.GrpcFactory (GrpcFactory.java:checkPooledByteBufAllocatorUseCacheForAllThreads(45)) - PERFORMANCE WARNING: useCacheForAllThreads is true that may cause Netty to create a lot garbage objects and, as a result, trigger GC.
	It is recommended to disable useCacheForAllThreads by setting -Dorg.apache.ratis.thirdparty.io.netty.allocator.useCacheForAllThreads=false in command line.
2019-10-17 21:54:36,476 [main] INFO  grpc.GrpcConfigKeys$Server (ConfUtils.java:logGet(43)) - raft.grpc.server.port = 0 (default)
2019-10-17 21:54:36,476 [main] INFO  server.GrpcService (ConfUtils.java:logGet(43)) - raft.grpc.message.size.max = 33570816 (custom)
2019-10-17 21:54:36,476 [main] INFO  server.RaftServerConfigKeys (ConfUtils.java:logGet(43)) - raft.server.log.appender.buffer.byte-limit = 33554432 (custom)
2019-10-17 21:54:36,476 [main] INFO  server.GrpcService (ConfUtils.java:logGet(43)) - raft.grpc.flow.control.window = 1MB (=1048576) (default)
2019-10-17 21:54:36,476 [main] INFO  server.RaftServerConfigKeys (ConfUtils.java:logGet(43)) - raft.server.rpc.request.timeout = 3000ms (default)
2019-10-17 21:54:36,477 [main] INFO  server.RaftServerConfigKeys (ConfUtils.java:logGet(43)) - raft.server.storage.dir = [/workdir/hadoop-ozone/integration-test/target/test-dir/MiniOzoneClusterImpl-8354d78d-dcd0-455c-bdef-cdb54255caab/datanode-9/data/ratis] (custom)
2019-10-17 21:54:36,478 [main] INFO  hdfs.DFSUtil (DFSUtil.java:httpServerTemplateForNNAndJN(1641)) - Starting Web-server for hddsDatanode at: http://0.0.0.0:0
2019-10-17 21:54:36,480 [main] INFO  server.AuthenticationFilter (AuthenticationFilter.java:constructSecretProvider(240)) - Unable to initialize FileSignerSecretProvider, falling back to use random secrets.
2019-10-17 21:54:36,480 [main] WARN  http.HttpRequestLog (HttpRequestLog.java:getRequestLog(97)) - Jetty request log can only be enabled using Log4j
2019-10-17 21:54:36,481 [main] INFO  http.HttpServer2 (HttpServer2.java:addGlobalFilter(975)) - Added global filter 'safety' (class=org.apache.hadoop.http.HttpServer2$QuotingInputFilter)
2019-10-17 21:54:36,482 [main] INFO  http.HttpServer2 (HttpServer2.java:addFilter(948)) - Added filter static_user_filter (class=org.apache.hadoop.http.lib.StaticUserWebFilter$StaticUserFilter) to context hddsDatanode
2019-10-17 21:54:36,482 [main] INFO  http.HttpServer2 (HttpServer2.java:addFilter(958)) - Added filter static_user_filter (class=org.apache.hadoop.http.lib.StaticUserWebFilter$StaticUserFilter) to context logs
2019-10-17 21:54:36,482 [main] INFO  http.HttpServer2 (HttpServer2.java:addFilter(958)) - Added filter static_user_filter (class=org.apache.hadoop.http.lib.StaticUserWebFilter$StaticUserFilter) to context static
2019-10-17 21:54:36,483 [main] INFO  http.HttpServer2 (HttpServer2.java:bindListener(1191)) - Jetty bound to port 41345
2019-10-17 21:54:36,483 [main] INFO  server.Server (Server.java:doStart(351)) - jetty-9.3.25.v20180904, build timestamp: 2018-09-04T21:11:46Z, git hash: 3ce520221d0240229c862b122d2b06c12a625732
2019-10-17 21:54:36,485 [main] INFO  handler.ContextHandler (ContextHandler.java:doStart(781)) - Started o.e.j.s.ServletContextHandler@55d58825{/logs,file:///workdir/hadoop-ozone/integration-test/target/log,AVAILABLE}
2019-10-17 21:54:36,485 [main] INFO  handler.ContextHandler (ContextHandler.java:doStart(781)) - Started o.e.j.s.ServletContextHandler@29a98d9f{/static,jar:file:/home/user/.m2/repository/org/apache/hadoop/hadoop-hdds-container-service/0.5.0-SNAPSHOT/hadoop-hdds-container-service-0.5.0-SNAPSHOT.jar!/webapps/static,AVAILABLE}
2019-10-17 21:54:36,514 [main] INFO  handler.ContextHandler (ContextHandler.java:doStart(781)) - Started o.e.j.w.WebAppContext@70e94ecb{/,file:///tmp/jetty-0.0.0.0-41345-hddsDatanode-_-any-2374364758484914804.dir/webapp/,AVAILABLE}{/hddsDatanode}
2019-10-17 21:54:36,515 [main] INFO  server.AbstractConnector (AbstractConnector.java:doStart(278)) - Started ServerConnector@56cfe111{HTTP/1.1,[http/1.1]}{0.0.0.0:41345}
2019-10-17 21:54:36,516 [main] INFO  server.Server (Server.java:doStart(419)) - Started @5604ms
2019-10-17 21:54:36,516 [main] WARN  impl.MetricsSystemImpl (MetricsSystemImpl.java:register(276)) - Sink prometheus already exists!
2019-10-17 21:54:36,517 [main] INFO  server.BaseHttpServer (BaseHttpServer.java:updateConnectorAddress(215)) - HTTP server of HDDSDATANODE is listening at http://0.0.0.0:41345
2019-10-17 21:54:36,524 [main] INFO  ozone.MiniOzoneClusterImpl (MiniOzoneClusterImpl.java:lambda$waitForClusterToBeReady$0(147)) - Waiting for cluster to be ready. Got 0 of 10 DN Heartbeats.
2019-10-17 21:54:36,525 [org.apache.hadoop.util.JvmPauseMonitor$Monitor@5e549765] INFO  util.JvmPauseMonitor (JvmPauseMonitor.java:run(188)) - Starting JVM pause monitor
2019-10-17 21:54:36,530 [Datanode State Machine Thread - 0] INFO  datanode.InitDatanodeState (InitDatanodeState.java:persistContainerDatanodeDetails(140)) - DatanodeDetails is persisted to /workdir/hadoop-ozone/integration-test/target/test-dir/MiniOzoneClusterImpl-8354d78d-dcd0-455c-bdef-cdb54255caab/datanode-9/meta/datanode.id
2019-10-17 21:54:37,524 [main] INFO  ozone.MiniOzoneClusterImpl (MiniOzoneClusterImpl.java:lambda$waitForClusterToBeReady$0(147)) - Waiting for cluster to be ready. Got 0 of 10 DN Heartbeats.
2019-10-17 21:54:38,005 [Datanode State Machine Thread - 0] INFO  ozoneimpl.OzoneContainer (OzoneContainer.java:start(213)) - Attempting to start container services.
2019-10-17 21:54:38,005 [Datanode State Machine Thread - 0] INFO  ozoneimpl.OzoneContainer (OzoneContainer.java:start(213)) - Attempting to start container services.
2019-10-17 21:54:38,008 [Datanode State Machine Thread - 0] INFO  ozoneimpl.OzoneContainer (OzoneContainer.java:startContainerScrub(177)) - Background container scanner has been disabled.
2019-10-17 21:54:38,008 [Datanode State Machine Thread - 0] INFO  ozoneimpl.OzoneContainer (OzoneContainer.java:startContainerScrub(177)) - Background container scanner has been disabled.
2019-10-17 21:54:38,008 [Datanode State Machine Thread - 0] INFO  ratis.XceiverServerRatis (XceiverServerRatis.java:start(418)) - Starting XceiverServerRatis d6dfcdd7-fc6e-4b51-b91e-b64503dadc5e at port 0
2019-10-17 21:54:38,008 [Datanode State Machine Thread - 0] INFO  ratis.XceiverServerRatis (XceiverServerRatis.java:start(418)) - Starting XceiverServerRatis 08d4cbaa-ffed-4411-a5fd-c4a38026aead at port 0
2019-10-17 21:54:38,047 [Datanode State Machine Thread - 0] INFO  ozoneimpl.OzoneContainer (OzoneContainer.java:start(213)) - Attempting to start container services.
2019-10-17 21:54:38,054 [Datanode State Machine Thread - 0] INFO  ozoneimpl.OzoneContainer (OzoneContainer.java:startContainerScrub(177)) - Background container scanner has been disabled.
2019-10-17 21:54:38,054 [Datanode State Machine Thread - 0] INFO  impl.RaftServerProxy (RaftServerProxy.java:lambda$start$3(299)) - d6dfcdd7-fc6e-4b51-b91e-b64503dadc5e: start RPC server
2019-10-17 21:54:38,054 [Datanode State Machine Thread - 0] INFO  impl.RaftServerProxy (RaftServerProxy.java:lambda$start$3(299)) - 08d4cbaa-ffed-4411-a5fd-c4a38026aead: start RPC server
2019-10-17 21:54:38,055 [Datanode State Machine Thread - 0] INFO  ratis.XceiverServerRatis (XceiverServerRatis.java:start(418)) - Starting XceiverServerRatis db0af43e-c62e-4c1d-affa-ffdb4faae2f8 at port 0
2019-10-17 21:54:38,065 [Datanode State Machine Thread - 0] INFO  impl.RaftServerProxy (RaftServerProxy.java:lambda$start$3(299)) - db0af43e-c62e-4c1d-affa-ffdb4faae2f8: start RPC server
2019-10-17 21:54:38,115 [Datanode State Machine Thread - 0] INFO  ozoneimpl.OzoneContainer (OzoneContainer.java:start(213)) - Attempting to start container services.
2019-10-17 21:54:38,116 [Datanode State Machine Thread - 0] INFO  ozoneimpl.OzoneContainer (OzoneContainer.java:startContainerScrub(177)) - Background container scanner has been disabled.
2019-10-17 21:54:38,116 [Datanode State Machine Thread - 0] INFO  ratis.XceiverServerRatis (XceiverServerRatis.java:start(418)) - Starting XceiverServerRatis da15dfee-23f0-4dc4-ad77-c00156c49cfa at port 0
2019-10-17 21:54:38,131 [Datanode State Machine Thread - 0] INFO  impl.RaftServerProxy (RaftServerProxy.java:lambda$start$3(299)) - da15dfee-23f0-4dc4-ad77-c00156c49cfa: start RPC server
2019-10-17 21:54:38,188 [Datanode State Machine Thread - 0] INFO  ozoneimpl.OzoneContainer (OzoneContainer.java:start(213)) - Attempting to start container services.
2019-10-17 21:54:38,188 [Datanode State Machine Thread - 0] INFO  ozoneimpl.OzoneContainer (OzoneContainer.java:startContainerScrub(177)) - Background container scanner has been disabled.
2019-10-17 21:54:38,188 [Datanode State Machine Thread - 0] INFO  ratis.XceiverServerRatis (XceiverServerRatis.java:start(418)) - Starting XceiverServerRatis 9a96bff1-ea9f-4cea-8163-a3905a9e2704 at port 0
2019-10-17 21:54:38,203 [Datanode State Machine Thread - 0] INFO  impl.RaftServerProxy (RaftServerProxy.java:lambda$start$3(299)) - 9a96bff1-ea9f-4cea-8163-a3905a9e2704: start RPC server
2019-10-17 21:54:38,210 [Datanode State Machine Thread - 0] INFO  server.GrpcService (GrpcService.java:startImpl(158)) - da15dfee-23f0-4dc4-ad77-c00156c49cfa: GrpcService started, listening on 0.0.0.0/0.0.0.0:42172
2019-10-17 21:54:38,210 [Datanode State Machine Thread - 0] INFO  server.GrpcService (GrpcService.java:startImpl(158)) - 9a96bff1-ea9f-4cea-8163-a3905a9e2704: GrpcService started, listening on 0.0.0.0/0.0.0.0:39495
2019-10-17 21:54:38,210 [Datanode State Machine Thread - 0] INFO  server.GrpcService (GrpcService.java:startImpl(158)) - d6dfcdd7-fc6e-4b51-b91e-b64503dadc5e: GrpcService started, listening on 0.0.0.0/0.0.0.0:43575
2019-10-17 21:54:38,210 [Datanode State Machine Thread - 0] INFO  server.GrpcService (GrpcService.java:startImpl(158)) - db0af43e-c62e-4c1d-affa-ffdb4faae2f8: GrpcService started, listening on 0.0.0.0/0.0.0.0:36633
2019-10-17 21:54:38,210 [Datanode State Machine Thread - 0] INFO  server.GrpcService (GrpcService.java:startImpl(158)) - 08d4cbaa-ffed-4411-a5fd-c4a38026aead: GrpcService started, listening on 0.0.0.0/0.0.0.0:33910
2019-10-17 21:54:38,212 [Datanode State Machine Thread - 0] INFO  ratis.XceiverServerRatis (XceiverServerRatis.java:start(428)) - XceiverServerRatis db0af43e-c62e-4c1d-affa-ffdb4faae2f8 is started using port 36633
2019-10-17 21:54:38,212 [Datanode State Machine Thread - 0] INFO  ratis.XceiverServerRatis (XceiverServerRatis.java:start(428)) - XceiverServerRatis d6dfcdd7-fc6e-4b51-b91e-b64503dadc5e is started using port 43575
2019-10-17 21:54:38,212 [Datanode State Machine Thread - 0] INFO  ratis.XceiverServerRatis (XceiverServerRatis.java:start(428)) - XceiverServerRatis 9a96bff1-ea9f-4cea-8163-a3905a9e2704 is started using port 39495
2019-10-17 21:54:38,212 [Datanode State Machine Thread - 0] INFO  ratis.XceiverServerRatis (XceiverServerRatis.java:start(428)) - XceiverServerRatis da15dfee-23f0-4dc4-ad77-c00156c49cfa is started using port 42172
2019-10-17 21:54:38,212 [Datanode State Machine Thread - 0] INFO  ratis.XceiverServerRatis (XceiverServerRatis.java:start(428)) - XceiverServerRatis 08d4cbaa-ffed-4411-a5fd-c4a38026aead is started using port 33910
2019-10-17 21:54:38,222 [Datanode State Machine Thread - 0] INFO  server.XceiverServerGrpc (XceiverServerGrpc.java:start(149)) - XceiverServerGrpc 08d4cbaa-ffed-4411-a5fd-c4a38026aead is started using port 33006
2019-10-17 21:54:38,222 [Datanode State Machine Thread - 0] INFO  server.XceiverServerGrpc (XceiverServerGrpc.java:start(149)) - XceiverServerGrpc d6dfcdd7-fc6e-4b51-b91e-b64503dadc5e is started using port 38637
2019-10-17 21:54:38,223 [Datanode State Machine Thread - 0] INFO  server.XceiverServerGrpc (XceiverServerGrpc.java:start(149)) - XceiverServerGrpc da15dfee-23f0-4dc4-ad77-c00156c49cfa is started using port 46689
2019-10-17 21:54:38,223 [Datanode State Machine Thread - 0] INFO  server.XceiverServerGrpc (XceiverServerGrpc.java:start(149)) - XceiverServerGrpc 9a96bff1-ea9f-4cea-8163-a3905a9e2704 is started using port 43526
2019-10-17 21:54:38,222 [Datanode State Machine Thread - 0] INFO  server.XceiverServerGrpc (XceiverServerGrpc.java:start(149)) - XceiverServerGrpc db0af43e-c62e-4c1d-affa-ffdb4faae2f8 is started using port 39732
2019-10-17 21:54:38,254 [Datanode State Machine Thread - 0] INFO  ozoneimpl.OzoneContainer (OzoneContainer.java:start(213)) - Attempting to start container services.
2019-10-17 21:54:38,255 [Datanode State Machine Thread - 0] INFO  ozoneimpl.OzoneContainer (OzoneContainer.java:startContainerScrub(177)) - Background container scanner has been disabled.
2019-10-17 21:54:38,255 [Datanode State Machine Thread - 0] INFO  ratis.XceiverServerRatis (XceiverServerRatis.java:start(418)) - Starting XceiverServerRatis c3d1d4b8-f513-489f-ad1a-d9e469eb6c8d at port 0
2019-10-17 21:54:38,264 [Datanode State Machine Thread - 0] INFO  impl.RaftServerProxy (RaftServerProxy.java:lambda$start$3(299)) - c3d1d4b8-f513-489f-ad1a-d9e469eb6c8d: start RPC server
2019-10-17 21:54:38,266 [Datanode State Machine Thread - 0] INFO  server.GrpcService (GrpcService.java:startImpl(158)) - c3d1d4b8-f513-489f-ad1a-d9e469eb6c8d: GrpcService started, listening on 0.0.0.0/0.0.0.0:35769
2019-10-17 21:54:38,266 [Datanode State Machine Thread - 0] INFO  ratis.XceiverServerRatis (XceiverServerRatis.java:start(428)) - XceiverServerRatis c3d1d4b8-f513-489f-ad1a-d9e469eb6c8d is started using port 35769
2019-10-17 21:54:38,268 [Datanode State Machine Thread - 0] INFO  server.XceiverServerGrpc (XceiverServerGrpc.java:start(149)) - XceiverServerGrpc c3d1d4b8-f513-489f-ad1a-d9e469eb6c8d is started using port 35296
2019-10-17 21:54:38,327 [Datanode State Machine Thread - 0] INFO  ozoneimpl.OzoneContainer (OzoneContainer.java:start(213)) - Attempting to start container services.
2019-10-17 21:54:38,327 [Datanode State Machine Thread - 0] INFO  ozoneimpl.OzoneContainer (OzoneContainer.java:startContainerScrub(177)) - Background container scanner has been disabled.
2019-10-17 21:54:38,328 [Datanode State Machine Thread - 0] INFO  ratis.XceiverServerRatis (XceiverServerRatis.java:start(418)) - Starting XceiverServerRatis fff7125c-610a-434d-b194-38800617abc4 at port 0
2019-10-17 21:54:38,335 [Datanode State Machine Thread - 0] INFO  impl.RaftServerProxy (RaftServerProxy.java:lambda$start$3(299)) - fff7125c-610a-434d-b194-38800617abc4: start RPC server
2019-10-17 21:54:38,338 [Datanode State Machine Thread - 0] INFO  server.GrpcService (GrpcService.java:startImpl(158)) - fff7125c-610a-434d-b194-38800617abc4: GrpcService started, listening on 0.0.0.0/0.0.0.0:34162
2019-10-17 21:54:38,339 [Datanode State Machine Thread - 0] INFO  ratis.XceiverServerRatis (XceiverServerRatis.java:start(428)) - XceiverServerRatis fff7125c-610a-434d-b194-38800617abc4 is started using port 34162
2019-10-17 21:54:38,341 [Datanode State Machine Thread - 0] INFO  server.XceiverServerGrpc (XceiverServerGrpc.java:start(149)) - XceiverServerGrpc fff7125c-610a-434d-b194-38800617abc4 is started using port 36290
2019-10-17 21:54:38,417 [Datanode State Machine Thread - 0] INFO  ozoneimpl.OzoneContainer (OzoneContainer.java:start(213)) - Attempting to start container services.
2019-10-17 21:54:38,417 [Datanode State Machine Thread - 0] INFO  ozoneimpl.OzoneContainer (OzoneContainer.java:startContainerScrub(177)) - Background container scanner has been disabled.
2019-10-17 21:54:38,417 [Datanode State Machine Thread - 0] INFO  ratis.XceiverServerRatis (XceiverServerRatis.java:start(418)) - Starting XceiverServerRatis de567563-d0dd-4cf2-91b7-f72627909699 at port 0
2019-10-17 21:54:38,429 [Datanode State Machine Thread - 0] INFO  impl.RaftServerProxy (RaftServerProxy.java:lambda$start$3(299)) - de567563-d0dd-4cf2-91b7-f72627909699: start RPC server
2019-10-17 21:54:38,433 [Datanode State Machine Thread - 0] INFO  server.GrpcService (GrpcService.java:startImpl(158)) - de567563-d0dd-4cf2-91b7-f72627909699: GrpcService started, listening on 0.0.0.0/0.0.0.0:42420
2019-10-17 21:54:38,433 [Datanode State Machine Thread - 0] INFO  ratis.XceiverServerRatis (XceiverServerRatis.java:start(428)) - XceiverServerRatis de567563-d0dd-4cf2-91b7-f72627909699 is started using port 42420
2019-10-17 21:54:38,436 [Datanode State Machine Thread - 0] INFO  server.XceiverServerGrpc (XceiverServerGrpc.java:start(149)) - XceiverServerGrpc de567563-d0dd-4cf2-91b7-f72627909699 is started using port 46279
2019-10-17 21:54:38,461 [Datanode State Machine Thread - 0] INFO  ozoneimpl.OzoneContainer (OzoneContainer.java:start(213)) - Attempting to start container services.
2019-10-17 21:54:38,461 [Datanode State Machine Thread - 0] INFO  ozoneimpl.OzoneContainer (OzoneContainer.java:startContainerScrub(177)) - Background container scanner has been disabled.
2019-10-17 21:54:38,461 [Datanode State Machine Thread - 0] INFO  ratis.XceiverServerRatis (XceiverServerRatis.java:start(418)) - Starting XceiverServerRatis f6afcf7f-f3cc-4d61-b406-e2750f6d6b8c at port 0
2019-10-17 21:54:38,477 [Datanode State Machine Thread - 0] INFO  impl.RaftServerProxy (RaftServerProxy.java:lambda$start$3(299)) - f6afcf7f-f3cc-4d61-b406-e2750f6d6b8c: start RPC server
2019-10-17 21:54:38,481 [Datanode State Machine Thread - 0] INFO  server.GrpcService (GrpcService.java:startImpl(158)) - f6afcf7f-f3cc-4d61-b406-e2750f6d6b8c: GrpcService started, listening on 0.0.0.0/0.0.0.0:45157
2019-10-17 21:54:38,481 [Datanode State Machine Thread - 0] INFO  ratis.XceiverServerRatis (XceiverServerRatis.java:start(428)) - XceiverServerRatis f6afcf7f-f3cc-4d61-b406-e2750f6d6b8c is started using port 45157
2019-10-17 21:54:38,485 [Datanode State Machine Thread - 0] INFO  server.XceiverServerGrpc (XceiverServerGrpc.java:start(149)) - XceiverServerGrpc f6afcf7f-f3cc-4d61-b406-e2750f6d6b8c is started using port 34043
2019-10-17 21:54:38,525 [main] INFO  ozone.MiniOzoneClusterImpl (MiniOzoneClusterImpl.java:lambda$waitForClusterToBeReady$0(147)) - Waiting for cluster to be ready. Got 0 of 10 DN Heartbeats.
2019-10-17 21:54:38,549 [Datanode State Machine Thread - 0] INFO  ozoneimpl.OzoneContainer (OzoneContainer.java:start(213)) - Attempting to start container services.
2019-10-17 21:54:38,549 [Datanode State Machine Thread - 0] INFO  ozoneimpl.OzoneContainer (OzoneContainer.java:startContainerScrub(177)) - Background container scanner has been disabled.
2019-10-17 21:54:38,550 [Datanode State Machine Thread - 0] INFO  ratis.XceiverServerRatis (XceiverServerRatis.java:start(418)) - Starting XceiverServerRatis 92c37ee0-6a4e-44d1-b217-daba3b24c095 at port 0
2019-10-17 21:54:38,558 [Datanode State Machine Thread - 0] INFO  impl.RaftServerProxy (RaftServerProxy.java:lambda$start$3(299)) - 92c37ee0-6a4e-44d1-b217-daba3b24c095: start RPC server
2019-10-17 21:54:38,572 [Datanode State Machine Thread - 0] INFO  server.GrpcService (GrpcService.java:startImpl(158)) - 92c37ee0-6a4e-44d1-b217-daba3b24c095: GrpcService started, listening on 0.0.0.0/0.0.0.0:35068
2019-10-17 21:54:38,572 [Datanode State Machine Thread - 0] INFO  ratis.XceiverServerRatis (XceiverServerRatis.java:start(428)) - XceiverServerRatis 92c37ee0-6a4e-44d1-b217-daba3b24c095 is started using port 35068
2019-10-17 21:54:38,596 [Datanode State Machine Thread - 0] INFO  server.XceiverServerGrpc (XceiverServerGrpc.java:start(149)) - XceiverServerGrpc 92c37ee0-6a4e-44d1-b217-daba3b24c095 is started using port 33394
2019-10-17 21:54:39,526 [main] INFO  ozone.MiniOzoneClusterImpl (MiniOzoneClusterImpl.java:lambda$waitForClusterToBeReady$0(147)) - Waiting for cluster to be ready. Got 0 of 10 DN Heartbeats.
2019-10-17 21:54:39,924 [IPC Server handler 1 on 35671] INFO  net.NetworkTopology (NetworkTopologyImpl.java:add(111)) - Added a new node: /default-rack/08d4cbaa-ffed-4411-a5fd-c4a38026aead
2019-10-17 21:54:39,924 [IPC Server handler 1 on 35671] INFO  node.SCMNodeManager (SCMNodeManager.java:register(268)) - Registered Data node : 08d4cbaa-ffed-4411-a5fd-c4a38026aead{ip: 192.168.157.223, host: pr-hdds-2310-7mltm-1665714090, networkLocation: /default-rack, certSerialId: null}
2019-10-17 21:54:39,929 [EventQueue-NodeRegistrationContainerReportForDataNodeSafeModeRule] INFO  safemode.SCMSafeModeManager (DataNodeSafeModeRule.java:process(71)) - SCM in safe mode. 1 DataNodes registered, 1 required.
2019-10-17 21:54:39,929 [EventQueue-NodeRegistrationContainerReportForDataNodeSafeModeRule] INFO  safemode.SCMSafeModeManager (SCMSafeModeManager.java:validateSafeModeExitRules(177)) - ScmSafeModeManager, all rules are successfully validated
2019-10-17 21:54:39,930 [EventQueue-NodeRegistrationContainerReportForDataNodeSafeModeRule] INFO  safemode.SCMSafeModeManager (SCMSafeModeManager.java:exitSafeMode(193)) - SCM exiting safe mode.
2019-10-17 21:54:39,956 [IPC Server handler 0 on 35671] INFO  net.NetworkTopology (NetworkTopologyImpl.java:add(111)) - Added a new node: /default-rack/d6dfcdd7-fc6e-4b51-b91e-b64503dadc5e
2019-10-17 21:54:39,957 [IPC Server handler 0 on 35671] INFO  node.SCMNodeManager (SCMNodeManager.java:register(268)) - Registered Data node : d6dfcdd7-fc6e-4b51-b91e-b64503dadc5e{ip: 192.168.157.223, host: pr-hdds-2310-7mltm-1665714090, networkLocation: /default-rack, certSerialId: null}
2019-10-17 21:54:40,034 [IPC Server handler 2 on 35671] INFO  net.NetworkTopology (NetworkTopologyImpl.java:add(111)) - Added a new node: /default-rack/db0af43e-c62e-4c1d-affa-ffdb4faae2f8
2019-10-17 21:54:40,039 [IPC Server handler 2 on 35671] INFO  node.SCMNodeManager (SCMNodeManager.java:register(268)) - Registered Data node : db0af43e-c62e-4c1d-affa-ffdb4faae2f8{ip: 192.168.157.223, host: pr-hdds-2310-7mltm-1665714090, networkLocation: /default-rack, certSerialId: null}
2019-10-17 21:54:40,102 [IPC Server handler 3 on 35671] INFO  net.NetworkTopology (NetworkTopologyImpl.java:add(111)) - Added a new node: /default-rack/da15dfee-23f0-4dc4-ad77-c00156c49cfa
2019-10-17 21:54:40,102 [IPC Server handler 3 on 35671] INFO  node.SCMNodeManager (SCMNodeManager.java:register(268)) - Registered Data node : da15dfee-23f0-4dc4-ad77-c00156c49cfa{ip: 192.168.157.223, host: pr-hdds-2310-7mltm-1665714090, networkLocation: /default-rack, certSerialId: null}
2019-10-17 21:54:40,176 [IPC Server handler 5 on 35671] INFO  net.NetworkTopology (NetworkTopologyImpl.java:add(111)) - Added a new node: /default-rack/9a96bff1-ea9f-4cea-8163-a3905a9e2704
2019-10-17 21:54:40,176 [IPC Server handler 5 on 35671] INFO  node.SCMNodeManager (SCMNodeManager.java:register(268)) - Registered Data node : 9a96bff1-ea9f-4cea-8163-a3905a9e2704{ip: 192.168.157.223, host: pr-hdds-2310-7mltm-1665714090, networkLocation: /default-rack, certSerialId: null}
2019-10-17 21:54:40,244 [IPC Server handler 6 on 35671] INFO  net.NetworkTopology (NetworkTopologyImpl.java:add(111)) - Added a new node: /default-rack/c3d1d4b8-f513-489f-ad1a-d9e469eb6c8d
2019-10-17 21:54:40,245 [IPC Server handler 6 on 35671] INFO  node.SCMNodeManager (SCMNodeManager.java:register(268)) - Registered Data node : c3d1d4b8-f513-489f-ad1a-d9e469eb6c8d{ip: 192.168.157.223, host: pr-hdds-2310-7mltm-1665714090, networkLocation: /default-rack, certSerialId: null}
2019-10-17 21:54:40,315 [IPC Server handler 7 on 35671] INFO  net.NetworkTopology (NetworkTopologyImpl.java:add(111)) - Added a new node: /default-rack/fff7125c-610a-434d-b194-38800617abc4
2019-10-17 21:54:40,315 [IPC Server handler 7 on 35671] INFO  node.SCMNodeManager (SCMNodeManager.java:register(268)) - Registered Data node : fff7125c-610a-434d-b194-38800617abc4{ip: 192.168.157.223, host: pr-hdds-2310-7mltm-1665714090, networkLocation: /default-rack, certSerialId: null}
2019-10-17 21:54:40,391 [IPC Server handler 8 on 35671] INFO  net.NetworkTopology (NetworkTopologyImpl.java:add(111)) - Added a new node: /default-rack/de567563-d0dd-4cf2-91b7-f72627909699
2019-10-17 21:54:40,391 [IPC Server handler 8 on 35671] INFO  node.SCMNodeManager (SCMNodeManager.java:register(268)) - Registered Data node : de567563-d0dd-4cf2-91b7-f72627909699{ip: 192.168.157.223, host: pr-hdds-2310-7mltm-1665714090, networkLocation: /default-rack, certSerialId: null}
2019-10-17 21:54:40,460 [IPC Server handler 9 on 35671] INFO  net.NetworkTopology (NetworkTopologyImpl.java:add(111)) - Added a new node: /default-rack/f6afcf7f-f3cc-4d61-b406-e2750f6d6b8c
2019-10-17 21:54:40,460 [IPC Server handler 9 on 35671] INFO  node.SCMNodeManager (SCMNodeManager.java:register(268)) - Registered Data node : f6afcf7f-f3cc-4d61-b406-e2750f6d6b8c{ip: 192.168.157.223, host: pr-hdds-2310-7mltm-1665714090, networkLocation: /default-rack, certSerialId: null}
2019-10-17 21:54:40,526 [main] INFO  ozone.MiniOzoneClusterImpl (MiniOzoneClusterImpl.java:lambda$waitForClusterToBeReady$0(147)) - Waiting for cluster to be ready. Got 9 of 10 DN Heartbeats.
2019-10-17 21:54:40,542 [IPC Server handler 10 on 35671] INFO  net.NetworkTopology (NetworkTopologyImpl.java:add(111)) - Added a new node: /default-rack/92c37ee0-6a4e-44d1-b217-daba3b24c095
2019-10-17 21:54:40,542 [IPC Server handler 10 on 35671] INFO  node.SCMNodeManager (SCMNodeManager.java:register(268)) - Registered Data node : 92c37ee0-6a4e-44d1-b217-daba3b24c095{ip: 192.168.157.223, host: pr-hdds-2310-7mltm-1665714090, networkLocation: /default-rack, certSerialId: null}
2019-10-17 21:54:40,616 [grpc-default-executor-0] INFO  impl.RaftServerProxy (RaftServerProxy.java:addNew(89)) - 08d4cbaa-ffed-4411-a5fd-c4a38026aead: addNew group-51D552DC61CC:[08d4cbaa-ffed-4411-a5fd-c4a38026aead:192.168.157.223:33910] returns group-51D552DC61CC:java.util.concurrent.CompletableFuture@60fbb728[Not completed]
2019-10-17 21:54:40,636 [pool-27-thread-1] INFO  impl.RaftServerImpl (RaftServerImpl.java:<init>(104)) - 08d4cbaa-ffed-4411-a5fd-c4a38026aead: new RaftServerImpl for group-51D552DC61CC:[08d4cbaa-ffed-4411-a5fd-c4a38026aead:192.168.157.223:33910] with ContainerStateMachine:uninitialized
2019-10-17 21:54:40,638 [pool-27-thread-1] INFO  server.RaftServerConfigKeys (ConfUtils.java:logGet(43)) - raft.server.rpc.timeout.min = 1s (custom)
2019-10-17 21:54:40,640 [pool-27-thread-1] INFO  server.RaftServerConfigKeys (ConfUtils.java:logGet(43)) - raft.server.rpc.timeout.max = 1200ms (custom)
2019-10-17 21:54:40,640 [pool-27-thread-1] INFO  server.RaftServerConfigKeys (ConfUtils.java:logGet(43)) - raft.server.rpcslowness.timeout = 120s (custom)
2019-10-17 21:54:40,640 [pool-27-thread-1] INFO  server.RaftServerConfigKeys (ConfUtils.java:logGet(43)) - raft.server.sleep.deviation.threshold = 300 (default)
2019-10-17 21:54:40,641 [pool-27-thread-1] INFO  server.RaftServerConfigKeys (ConfUtils.java:logGet(43)) - raft.server.log.appender.install.snapshot.enabled = false (custom)
2019-10-17 21:54:40,651 [pool-27-thread-1] INFO  impl.RaftServerImpl (ServerState.java:<init>(103)) - 08d4cbaa-ffed-4411-a5fd-c4a38026aead@group-51D552DC61CC: ConfigurationManager, init=-1: [08d4cbaa-ffed-4411-a5fd-c4a38026aead:192.168.157.223:33910], old=null, confs=<EMPTY_MAP>
2019-10-17 21:54:40,652 [pool-27-thread-1] INFO  server.RaftServerConfigKeys (ConfUtils.java:logGet(43)) - raft.server.storage.dir = [/workdir/hadoop-ozone/integration-test/target/test-dir/MiniOzoneClusterImpl-8354d78d-dcd0-455c-bdef-cdb54255caab/datanode-0/data/ratis] (custom)
2019-10-17 21:54:40,660 [pool-27-thread-1] INFO  server.RaftServerConfigKeys (ConfUtils.java:logGet(43)) - raft.server.log.corruption.policy = EXCEPTION (default)
2019-10-17 21:54:40,661 [pool-27-thread-1] INFO  storage.RaftStorageDirectory (RaftStorageDirectory.java:analyzeStorage(246)) - The storage directory /workdir/hadoop-ozone/integration-test/target/test-dir/MiniOzoneClusterImpl-8354d78d-dcd0-455c-bdef-cdb54255caab/datanode-0/data/ratis/0deebd1b-f9e0-4022-8686-51d552dc61cc does not exist. Creating ...
2019-10-17 21:54:40,680 [pool-27-thread-1] INFO  storage.RaftStorageDirectory (RaftStorageDirectory.java:tryLock(328)) - Lock on /workdir/hadoop-ozone/integration-test/target/test-dir/MiniOzoneClusterImpl-8354d78d-dcd0-455c-bdef-cdb54255caab/datanode-0/data/ratis/0deebd1b-f9e0-4022-8686-51d552dc61cc/in_use.lock acquired by nodename 6590@pr-hdds-2310-7mltm-1665714090
2019-10-17 21:54:40,695 [pool-27-thread-1] INFO  storage.RaftStorage (RaftStorage.java:format(84)) - Storage directory /workdir/hadoop-ozone/integration-test/target/test-dir/MiniOzoneClusterImpl-8354d78d-dcd0-455c-bdef-cdb54255caab/datanode-0/data/ratis/0deebd1b-f9e0-4022-8686-51d552dc61cc has been successfully formatted.
2019-10-17 21:54:40,697 [pool-27-thread-1] INFO  ratis.ContainerStateMachine (ContainerStateMachine.java:loadSnapshot(231)) - group-51D552DC61CC: The snapshot info is null. Setting the last applied indexto:(t:0, i:~)
2019-10-17 21:54:40,697 [pool-27-thread-1] INFO  server.RaftServerConfigKeys (ConfUtils.java:logGet(43)) - raft.server.notification.no-leader.timeout = 120s (custom)
2019-10-17 21:54:40,700 [pool-27-thread-1] INFO  server.RaftServerConfigKeys (ConfUtils.java:logGet(43)) - raft.server.log.use.memory = false (default)
2019-10-17 21:54:40,705 [pool-27-thread-1] INFO  server.RaftServerConfigKeys (ConfUtils.java:logGet(43)) - raft.server.log.purge.gap = 1000000 (custom)
2019-10-17 21:54:40,706 [pool-27-thread-1] INFO  server.RaftServerConfigKeys (ConfUtils.java:logGet(43)) - raft.server.log.appender.buffer.byte-limit = 33554432 (custom)
2019-10-17 21:54:40,708 [pool-27-thread-1] INFO  server.RaftServerConfigKeys (ConfUtils.java:logGet(43)) - raft.server.log.segment.size.max = 1048576 (custom)
2019-10-17 21:54:40,710 [pool-27-thread-1] INFO  impl.MetricsSystemImpl (MetricsSystemImpl.java:init(158)) - ratis metrics system started (again)
2019-10-17 21:54:40,715 [pool-27-thread-1] INFO  metrics.MetricRegistries (MetricRegistriesLoader.java:load(64)) - Loaded MetricRegistries class org.apache.ratis.metrics.impl.MetricRegistriesImpl
2019-10-17 21:54:40,757 [pool-27-thread-1] INFO  server.RaftServerConfigKeys (ConfUtils.java:logGet(43)) - raft.server.log.segment.cache.num.max = 2 (custom)
2019-10-17 21:54:40,763 [pool-27-thread-1] INFO  segmented.SegmentedRaftLogWorker (SegmentedRaftLogWorker.java:<init>(173)) - new 08d4cbaa-ffed-4411-a5fd-c4a38026aead@group-51D552DC61CC-SegmentedRaftLogWorker for RaftStorage:Storage Directory /workdir/hadoop-ozone/integration-test/target/test-dir/MiniOzoneClusterImpl-8354d78d-dcd0-455c-bdef-cdb54255caab/datanode-0/data/ratis/0deebd1b-f9e0-4022-8686-51d552dc61cc
2019-10-17 21:54:40,763 [pool-27-thread-1] INFO  server.RaftServerConfigKeys (ConfUtils.java:logGet(43)) - raft.server.log.queue.byte-limit = 2147483647 (custom)
2019-10-17 21:54:40,764 [pool-27-thread-1] INFO  server.RaftServerConfigKeys (ConfUtils.java:logGet(43)) - raft.server.log.queue.element-limit = 1024 (custom)
2019-10-17 21:54:40,765 [pool-27-thread-1] INFO  server.RaftServerConfigKeys (ConfUtils.java:logGet(43)) - raft.server.log.segment.size.max = 1048576 (custom)
2019-10-17 21:54:40,765 [pool-27-thread-1] INFO  server.RaftServerConfigKeys (ConfUtils.java:logGet(43)) - raft.server.log.preallocated.size = 16384 (custom)
2019-10-17 21:54:40,766 [pool-27-thread-1] INFO  server.RaftServerConfigKeys (ConfUtils.java:logGet(43)) - raft.server.log.write.buffer.size = 33554432 (custom)
2019-10-17 21:54:40,766 [pool-27-thread-1] INFO  server.RaftServerConfigKeys (ConfUtils.java:logGet(43)) - raft.server.log.force.sync.num = 128 (default)
2019-10-17 21:54:40,767 [pool-27-thread-1] INFO  server.RaftServerConfigKeys (ConfUtils.java:logGet(43)) - raft.server.log.statemachine.data.sync = true (default)
2019-10-17 21:54:40,767 [pool-27-thread-1] INFO  server.RaftServerConfigKeys (ConfUtils.java:logGet(43)) - raft.server.log.statemachine.data.sync.timeout = 10s (default)
2019-10-17 21:54:40,768 [pool-27-thread-1] INFO  server.RaftServerConfigKeys (ConfUtils.java:logGet(43)) - raft.server.log.statemachine.data.sync.timeout.retry = -1 (default)
2019-10-17 21:54:40,779 [pool-27-thread-1] INFO  server.RaftServerConfigKeys (ConfUtils.java:logGet(43)) - raft.server.log.statemachine.data.caching.enabled = true (custom)
2019-10-17 21:54:40,783 [pool-27-thread-1] INFO  segmented.SegmentedRaftLogWorker (SegmentedRaftLogWorker.java:lambda$new$0(128)) - 08d4cbaa-ffed-4411-a5fd-c4a38026aead@group-51D552DC61CC-SegmentedRaftLogWorker: flushIndex: setUnconditionally 0 -> -1
2019-10-17 21:54:40,787 [pool-27-thread-1] INFO  server.RaftServerConfigKeys (ConfUtils.java:logGet(43)) - raft.server.snapshot.auto.trigger.enabled = true (custom)
2019-10-17 21:54:40,788 [pool-27-thread-1] INFO  server.RaftServerConfigKeys (ConfUtils.java:logGet(43)) - raft.server.snapshot.auto.trigger.threshold = 10000 (custom)
2019-10-17 21:54:40,788 [pool-27-thread-1] INFO  server.RaftServerConfigKeys (ConfUtils.java:logGet(43)) - raft.server.snapshot.retention.file.num = 5 (custom)
2019-10-17 21:54:40,789 [pool-27-thread-1] INFO  server.RaftServerConfigKeys (ConfUtils.java:logGet(43)) - raft.server.retrycache.expirytime = 600000ms (custom)
2019-10-17 21:54:40,816 [pool-27-thread-1] INFO  impl.RaftServerImpl (RaftServerImpl.java:start(195)) - 08d4cbaa-ffed-4411-a5fd-c4a38026aead@group-51D552DC61CC: start as a follower, conf=-1: [08d4cbaa-ffed-4411-a5fd-c4a38026aead:192.168.157.223:33910], old=null
2019-10-17 21:54:40,817 [pool-27-thread-1] INFO  impl.RaftServerImpl (RaftServerImpl.java:setRole(184)) - 08d4cbaa-ffed-4411-a5fd-c4a38026aead@group-51D552DC61CC: changes role from      null to FOLLOWER at term 0 for startAsFollower
2019-10-17 21:54:40,818 [pool-27-thread-1] INFO  impl.RoleInfo (RoleInfo.java:updateAndGet(143)) - 08d4cbaa-ffed-4411-a5fd-c4a38026aead: start FollowerState
2019-10-17 21:54:40,819 [pool-27-thread-1] INFO  util.JmxRegister (JmxRegister.java:tryRegister(44)) - Successfully registered JMX Bean with object name Ratis:service=RaftServer,group=group-51D552DC61CC,id=08d4cbaa-ffed-4411-a5fd-c4a38026aead
2019-10-17 21:54:40,871 [Thread-285] INFO  impl.FollowerState (FollowerState.java:run(108)) - 08d4cbaa-ffed-4411-a5fd-c4a38026aead@group-51D552DC61CC-FollowerState: change to CANDIDATE, lastRpcTime:53ms, electionTimeout:53ms
2019-10-17 21:54:40,876 [Thread-285] INFO  impl.RoleInfo (RoleInfo.java:shutdownFollowerState(121)) - 08d4cbaa-ffed-4411-a5fd-c4a38026aead: shutdown FollowerState
2019-10-17 21:54:40,878 [Thread-285] INFO  impl.RaftServerImpl (RaftServerImpl.java:setRole(184)) - 08d4cbaa-ffed-4411-a5fd-c4a38026aead@group-51D552DC61CC: changes role from  FOLLOWER to CANDIDATE at term 0 for changeToCandidate
2019-10-17 21:54:40,886 [Thread-285] INFO  impl.RoleInfo (RoleInfo.java:updateAndGet(143)) - 08d4cbaa-ffed-4411-a5fd-c4a38026aead: start LeaderElection
2019-10-17 21:54:40,904 [08d4cbaa-ffed-4411-a5fd-c4a38026aead@group-51D552DC61CC-LeaderElection1] INFO  impl.LeaderElection (LeaderElection.java:askForVotes(178)) - 08d4cbaa-ffed-4411-a5fd-c4a38026aead@group-51D552DC61CC-LeaderElection1: begin an election at term 1 for -1: [08d4cbaa-ffed-4411-a5fd-c4a38026aead:192.168.157.223:33910], old=null
2019-10-17 21:54:40,906 [08d4cbaa-ffed-4411-a5fd-c4a38026aead@group-51D552DC61CC-LeaderElection1] INFO  impl.RoleInfo (RoleInfo.java:shutdownLeaderElection(134)) - 08d4cbaa-ffed-4411-a5fd-c4a38026aead: shutdown LeaderElection
2019-10-17 21:54:40,906 [08d4cbaa-ffed-4411-a5fd-c4a38026aead@group-51D552DC61CC-LeaderElection1] INFO  impl.RaftServerImpl (RaftServerImpl.java:setRole(184)) - 08d4cbaa-ffed-4411-a5fd-c4a38026aead@group-51D552DC61CC: changes role from CANDIDATE to LEADER at term 1 for changeToLeader
2019-10-17 21:54:40,907 [08d4cbaa-ffed-4411-a5fd-c4a38026aead@group-51D552DC61CC-LeaderElection1] INFO  impl.RaftServerImpl (ServerState.java:setLeader(256)) - 08d4cbaa-ffed-4411-a5fd-c4a38026aead@group-51D552DC61CC: change Leader from null to 08d4cbaa-ffed-4411-a5fd-c4a38026aead at term 1 for becomeLeader, leader elected after 209ms
2019-10-17 21:54:40,915 [08d4cbaa-ffed-4411-a5fd-c4a38026aead@group-51D552DC61CC-LeaderElection1] INFO  server.RaftServerConfigKeys (ConfUtils.java:logGet(43)) - raft.server.staging.catchup.gap = 1000 (default)
2019-10-17 21:54:40,915 [08d4cbaa-ffed-4411-a5fd-c4a38026aead@group-51D552DC61CC-LeaderElection1] INFO  server.RaftServerConfigKeys (ConfUtils.java:logGet(43)) - raft.server.rpc.sleep.time = 25ms (default)
2019-10-17 21:54:40,920 [08d4cbaa-ffed-4411-a5fd-c4a38026aead@group-51D552DC61CC-LeaderElection1] INFO  server.RaftServerConfigKeys (ConfUtils.java:logGet(43)) - raft.server.write.element-limit = 4096 (default)
2019-10-17 21:54:40,921 [RatisPipelineUtilsThread] INFO  pipeline.PipelineStateManager (PipelineStateManager.java:addPipeline(56)) - Created pipeline Pipeline[ Id: 0deebd1b-f9e0-4022-8686-51d552dc61cc, Nodes: 08d4cbaa-ffed-4411-a5fd-c4a38026aead{ip: 192.168.157.223, host: pr-hdds-2310-7mltm-1665714090, networkLocation: /default-rack, certSerialId: null}, Type:RATIS, Factor:ONE, State:OPEN]
2019-10-17 21:54:40,923 [08d4cbaa-ffed-4411-a5fd-c4a38026aead@group-51D552DC61CC-LeaderElection1] INFO  server.RaftServerConfigKeys (ConfUtils.java:logGet(43)) - raft.server.watch.timeout = 10s (default)
2019-10-17 21:54:40,923 [08d4cbaa-ffed-4411-a5fd-c4a38026aead@group-51D552DC61CC-LeaderElection1] INFO  server.RaftServerConfigKeys (ConfUtils.java:logGet(43)) - raft.server.watch.timeout.denomination = 1s (default)
2019-10-17 21:54:40,924 [08d4cbaa-ffed-4411-a5fd-c4a38026aead@group-51D552DC61CC-LeaderElection1] INFO  server.RaftServerConfigKeys (ConfUtils.java:logGet(43)) - raft.server.watch.element-limit = 65536 (default)
2019-10-17 21:54:40,995 [grpc-default-executor-0] INFO  impl.RaftServerProxy (RaftServerProxy.java:addNew(89)) - 92c37ee0-6a4e-44d1-b217-daba3b24c095: addNew group-85ED72DF7B6D:[92c37ee0-6a4e-44d1-b217-daba3b24c095:192.168.157.223:35068] returns group-85ED72DF7B6D:java.util.concurrent.CompletableFuture@11704022[Not completed]
2019-10-17 21:54:40,999 [pool-117-thread-1] INFO  impl.RaftServerImpl (RaftServerImpl.java:<init>(104)) - 92c37ee0-6a4e-44d1-b217-daba3b24c095: new RaftServerImpl for group-85ED72DF7B6D:[92c37ee0-6a4e-44d1-b217-daba3b24c095:192.168.157.223:35068] with ContainerStateMachine:uninitialized
2019-10-17 21:54:40,999 [pool-117-thread-1] INFO  server.RaftServerConfigKeys (ConfUtils.java:logGet(43)) - raft.server.rpc.timeout.min = 1s (custom)
2019-10-17 21:54:40,999 [pool-117-thread-1] INFO  server.RaftServerConfigKeys (ConfUtils.java:logGet(43)) - raft.server.rpc.timeout.max = 1200ms (custom)
2019-10-17 21:54:41,000 [pool-117-thread-1] INFO  server.RaftServerConfigKeys (ConfUtils.java:logGet(43)) - raft.server.rpcslowness.timeout = 120s (custom)
2019-10-17 21:54:41,000 [pool-117-thread-1] INFO  server.RaftServerConfigKeys (ConfUtils.java:logGet(43)) - raft.server.sleep.deviation.threshold = 300 (default)
2019-10-17 21:54:41,000 [pool-117-thread-1] INFO  server.RaftServerConfigKeys (ConfUtils.java:logGet(43)) - raft.server.log.appender.install.snapshot.enabled = false (custom)
2019-10-17 21:54:41,000 [pool-117-thread-1] INFO  impl.RaftServerImpl (ServerState.java:<init>(103)) - 92c37ee0-6a4e-44d1-b217-daba3b24c095@group-85ED72DF7B6D: ConfigurationManager, init=-1: [92c37ee0-6a4e-44d1-b217-daba3b24c095:192.168.157.223:35068], old=null, confs=<EMPTY_MAP>
2019-10-17 21:54:41,000 [pool-117-thread-1] INFO  server.RaftServerConfigKeys (ConfUtils.java:logGet(43)) - raft.server.storage.dir = [/workdir/hadoop-ozone/integration-test/target/test-dir/MiniOzoneClusterImpl-8354d78d-dcd0-455c-bdef-cdb54255caab/datanode-9/data/ratis] (custom)
2019-10-17 21:54:41,000 [pool-117-thread-1] INFO  server.RaftServerConfigKeys (ConfUtils.java:logGet(43)) - raft.server.log.corruption.policy = EXCEPTION (default)
2019-10-17 21:54:41,001 [pool-117-thread-1] INFO  storage.RaftStorageDirectory (RaftStorageDirectory.java:analyzeStorage(246)) - The storage directory /workdir/hadoop-ozone/integration-test/target/test-dir/MiniOzoneClusterImpl-8354d78d-dcd0-455c-bdef-cdb54255caab/datanode-9/data/ratis/6654aec4-e080-46e4-a815-85ed72df7b6d does not exist. Creating ...
2019-10-17 21:54:41,007 [08d4cbaa-ffed-4411-a5fd-c4a38026aead@group-51D552DC61CC-LeaderElection1] INFO  impl.RoleInfo (RoleInfo.java:updateAndGet(143)) - 08d4cbaa-ffed-4411-a5fd-c4a38026aead: start LeaderState
2019-10-17 21:54:41,015 [pool-117-thread-1] INFO  storage.RaftStorageDirectory (RaftStorageDirectory.java:tryLock(328)) - Lock on /workdir/hadoop-ozone/integration-test/target/test-dir/MiniOzoneClusterImpl-8354d78d-dcd0-455c-bdef-cdb54255caab/datanode-9/data/ratis/6654aec4-e080-46e4-a815-85ed72df7b6d/in_use.lock acquired by nodename 6590@pr-hdds-2310-7mltm-1665714090
2019-10-17 21:54:41,034 [08d4cbaa-ffed-4411-a5fd-c4a38026aead@group-51D552DC61CC-LeaderElection1] INFO  segmented.SegmentedRaftLogWorker (SegmentedRaftLogWorker.java:startLogSegment(385)) - 08d4cbaa-ffed-4411-a5fd-c4a38026aead@group-51D552DC61CC-SegmentedRaftLogWorker: Starting segment from index:0
2019-10-17 21:54:41,037 [pool-117-thread-1] INFO  storage.RaftStorage (RaftStorage.java:format(84)) - Storage directory /workdir/hadoop-ozone/integration-test/target/test-dir/MiniOzoneClusterImpl-8354d78d-dcd0-455c-bdef-cdb54255caab/datanode-9/data/ratis/6654aec4-e080-46e4-a815-85ed72df7b6d has been successfully formatted.
2019-10-17 21:54:41,039 [pool-117-thread-1] INFO  ratis.ContainerStateMachine (ContainerStateMachine.java:loadSnapshot(231)) - group-85ED72DF7B6D: The snapshot info is null. Setting the last applied indexto:(t:0, i:~)
2019-10-17 21:54:41,041 [pool-117-thread-1] INFO  server.RaftServerConfigKeys (ConfUtils.java:logGet(43)) - raft.server.notification.no-leader.timeout = 120s (custom)
2019-10-17 21:54:41,041 [pool-117-thread-1] INFO  server.RaftServerConfigKeys (ConfUtils.java:logGet(43)) - raft.server.log.use.memory = false (default)
2019-10-17 21:54:41,041 [pool-117-thread-1] INFO  server.RaftServerConfigKeys (ConfUtils.java:logGet(43)) - raft.server.log.purge.gap = 1000000 (custom)
2019-10-17 21:54:41,041 [pool-117-thread-1] INFO  server.RaftServerConfigKeys (ConfUtils.java:logGet(43)) - raft.server.log.appender.buffer.byte-limit = 33554432 (custom)
2019-10-17 21:54:41,041 [pool-117-thread-1] INFO  server.RaftServerConfigKeys (ConfUtils.java:logGet(43)) - raft.server.log.segment.size.max = 1048576 (custom)
2019-10-17 21:54:41,090 [pool-117-thread-1] INFO  server.RaftServerConfigKeys (ConfUtils.java:logGet(43)) - raft.server.log.segment.cache.num.max = 2 (custom)
2019-10-17 21:54:41,091 [pool-117-thread-1] INFO  segmented.SegmentedRaftLogWorker (SegmentedRaftLogWorker.java:<init>(173)) - new 92c37ee0-6a4e-44d1-b217-daba3b24c095@group-85ED72DF7B6D-SegmentedRaftLogWorker for RaftStorage:Storage Directory /workdir/hadoop-ozone/integration-test/target/test-dir/MiniOzoneClusterImpl-8354d78d-dcd0-455c-bdef-cdb54255caab/datanode-9/data/ratis/6654aec4-e080-46e4-a815-85ed72df7b6d
2019-10-17 21:54:41,091 [pool-117-thread-1] INFO  server.RaftServerConfigKeys (ConfUtils.java:logGet(43)) - raft.server.log.queue.byte-limit = 2147483647 (custom)
2019-10-17 21:54:41,091 [pool-117-thread-1] INFO  server.RaftServerConfigKeys (ConfUtils.java:logGet(43)) - raft.server.log.queue.element-limit = 1024 (custom)
2019-10-17 21:54:41,091 [pool-117-thread-1] INFO  server.RaftServerConfigKeys (ConfUtils.java:logGet(43)) - raft.server.log.segment.size.max = 1048576 (custom)
2019-10-17 21:54:41,091 [pool-117-thread-1] INFO  server.RaftServerConfigKeys (ConfUtils.java:logGet(43)) - raft.server.log.preallocated.size = 16384 (custom)
2019-10-17 21:54:41,091 [pool-117-thread-1] INFO  server.RaftServerConfigKeys (ConfUtils.java:logGet(43)) - raft.server.log.write.buffer.size = 33554432 (custom)
2019-10-17 21:54:41,091 [pool-117-thread-1] INFO  server.RaftServerConfigKeys (ConfUtils.java:logGet(43)) - raft.server.log.force.sync.num = 128 (default)
2019-10-17 21:54:41,091 [pool-117-thread-1] INFO  server.RaftServerConfigKeys (ConfUtils.java:logGet(43)) - raft.server.log.statemachine.data.sync = true (default)
2019-10-17 21:54:41,092 [pool-117-thread-1] INFO  server.RaftServerConfigKeys (ConfUtils.java:logGet(43)) - raft.server.log.statemachine.data.sync.timeout = 10s (default)
2019-10-17 21:54:41,092 [pool-117-thread-1] INFO  server.RaftServerConfigKeys (ConfUtils.java:logGet(43)) - raft.server.log.statemachine.data.sync.timeout.retry = -1 (default)
2019-10-17 21:54:41,092 [pool-117-thread-1] INFO  server.RaftServerConfigKeys (ConfUtils.java:logGet(43)) - raft.server.log.statemachine.data.caching.enabled = true (custom)
2019-10-17 21:54:41,093 [pool-117-thread-1] INFO  segmented.SegmentedRaftLogWorker (SegmentedRaftLogWorker.java:lambda$new$0(128)) - 92c37ee0-6a4e-44d1-b217-daba3b24c095@group-85ED72DF7B6D-SegmentedRaftLogWorker: flushIndex: setUnconditionally 0 -> -1
2019-10-17 21:54:41,093 [pool-117-thread-1] INFO  server.RaftServerConfigKeys (ConfUtils.java:logGet(43)) - raft.server.snapshot.auto.trigger.enabled = true (custom)
2019-10-17 21:54:41,093 [pool-117-thread-1] INFO  server.RaftServerConfigKeys (ConfUtils.java:logGet(43)) - raft.server.snapshot.auto.trigger.threshold = 10000 (custom)
2019-10-17 21:54:41,093 [pool-117-thread-1] INFO  server.RaftServerConfigKeys (ConfUtils.java:logGet(43)) - raft.server.snapshot.retention.file.num = 5 (custom)
2019-10-17 21:54:41,093 [pool-117-thread-1] INFO  server.RaftServerConfigKeys (ConfUtils.java:logGet(43)) - raft.server.retrycache.expirytime = 600000ms (custom)
2019-10-17 21:54:41,096 [08d4cbaa-ffed-4411-a5fd-c4a38026aead@group-51D552DC61CC-LeaderElection1] INFO  impl.RaftServerImpl (ServerState.java:setRaftConf(357)) - 08d4cbaa-ffed-4411-a5fd-c4a38026aead@group-51D552DC61CC: set configuration 0: [08d4cbaa-ffed-4411-a5fd-c4a38026aead:192.168.157.223:33910], old=null at 0
2019-10-17 21:54:41,102 [pool-117-thread-1] INFO  impl.RaftServerImpl (RaftServerImpl.java:start(195)) - 92c37ee0-6a4e-44d1-b217-daba3b24c095@group-85ED72DF7B6D: start as a follower, conf=-1: [92c37ee0-6a4e-44d1-b217-daba3b24c095:192.168.157.223:35068], old=null
2019-10-17 21:54:41,102 [pool-117-thread-1] INFO  impl.RaftServerImpl (RaftServerImpl.java:setRole(184)) - 92c37ee0-6a4e-44d1-b217-daba3b24c095@group-85ED72DF7B6D: changes role from      null to FOLLOWER at term 0 for startAsFollower
2019-10-17 21:54:41,102 [pool-117-thread-1] INFO  impl.RoleInfo (RoleInfo.java:updateAndGet(143)) - 92c37ee0-6a4e-44d1-b217-daba3b24c095: start FollowerState
2019-10-17 21:54:41,103 [pool-117-thread-1] INFO  util.JmxRegister (JmxRegister.java:tryRegister(44)) - Successfully registered JMX Bean with object name Ratis:service=RaftServer,group=group-85ED72DF7B6D,id=92c37ee0-6a4e-44d1-b217-daba3b24c095
2019-10-17 21:54:41,132 [RatisPipelineUtilsThread] INFO  pipeline.PipelineStateManager (PipelineStateManager.java:addPipeline(56)) - Created pipeline Pipeline[ Id: 6654aec4-e080-46e4-a815-85ed72df7b6d, Nodes: 92c37ee0-6a4e-44d1-b217-daba3b24c095{ip: 192.168.157.223, host: pr-hdds-2310-7mltm-1665714090, networkLocation: /default-rack, certSerialId: null}, Type:RATIS, Factor:ONE, State:OPEN]
2019-10-17 21:54:41,154 [grpc-default-executor-0] INFO  impl.RaftServerProxy (RaftServerProxy.java:addNew(89)) - de567563-d0dd-4cf2-91b7-f72627909699: addNew group-AB53FDA2A734:[de567563-d0dd-4cf2-91b7-f72627909699:192.168.157.223:42420] returns group-AB53FDA2A734:java.util.concurrent.CompletableFuture@479f27e5[Not completed]
2019-10-17 21:54:41,175 [pool-97-thread-1] INFO  impl.RaftServerImpl (RaftServerImpl.java:<init>(104)) - de567563-d0dd-4cf2-91b7-f72627909699: new RaftServerImpl for group-AB53FDA2A734:[de567563-d0dd-4cf2-91b7-f72627909699:192.168.157.223:42420] with ContainerStateMachine:uninitialized
2019-10-17 21:54:41,175 [pool-97-thread-1] INFO  server.RaftServerConfigKeys (ConfUtils.java:logGet(43)) - raft.server.rpc.timeout.min = 1s (custom)
2019-10-17 21:54:41,175 [pool-97-thread-1] INFO  server.RaftServerConfigKeys (ConfUtils.java:logGet(43)) - raft.server.rpc.timeout.max = 1200ms (custom)
2019-10-17 21:54:41,176 [pool-97-thread-1] INFO  server.RaftServerConfigKeys (ConfUtils.java:logGet(43)) - raft.server.rpcslowness.timeout = 120s (custom)
2019-10-17 21:54:41,176 [pool-97-thread-1] INFO  server.RaftServerConfigKeys (ConfUtils.java:logGet(43)) - raft.server.sleep.deviation.threshold = 300 (default)
2019-10-17 21:54:41,176 [pool-97-thread-1] INFO  server.RaftServerConfigKeys (ConfUtils.java:logGet(43)) - raft.server.log.appender.install.snapshot.enabled = false (custom)
2019-10-17 21:54:41,176 [pool-97-thread-1] INFO  impl.RaftServerImpl (ServerState.java:<init>(103)) - de567563-d0dd-4cf2-91b7-f72627909699@group-AB53FDA2A734: ConfigurationManager, init=-1: [de567563-d0dd-4cf2-91b7-f72627909699:192.168.157.223:42420], old=null, confs=<EMPTY_MAP>
2019-10-17 21:54:41,176 [pool-97-thread-1] INFO  server.RaftServerConfigKeys (ConfUtils.java:logGet(43)) - raft.server.storage.dir = [/workdir/hadoop-ozone/integration-test/target/test-dir/MiniOzoneClusterImpl-8354d78d-dcd0-455c-bdef-cdb54255caab/datanode-7/data/ratis] (custom)
2019-10-17 21:54:41,177 [pool-97-thread-1] INFO  server.RaftServerConfigKeys (ConfUtils.java:logGet(43)) - raft.server.log.corruption.policy = EXCEPTION (default)
2019-10-17 21:54:41,177 [pool-97-thread-1] INFO  storage.RaftStorageDirectory (RaftStorageDirectory.java:analyzeStorage(246)) - The storage directory /workdir/hadoop-ozone/integration-test/target/test-dir/MiniOzoneClusterImpl-8354d78d-dcd0-455c-bdef-cdb54255caab/datanode-7/data/ratis/cf5fce2e-36ea-452b-a62f-ab53fda2a734 does not exist. Creating ...
2019-10-17 21:54:41,190 [pool-97-thread-1] INFO  storage.RaftStorageDirectory (RaftStorageDirectory.java:tryLock(328)) - Lock on /workdir/hadoop-ozone/integration-test/target/test-dir/MiniOzoneClusterImpl-8354d78d-dcd0-455c-bdef-cdb54255caab/datanode-7/data/ratis/cf5fce2e-36ea-452b-a62f-ab53fda2a734/in_use.lock acquired by nodename 6590@pr-hdds-2310-7mltm-1665714090
2019-10-17 21:54:41,202 [pool-97-thread-1] INFO  storage.RaftStorage (RaftStorage.java:format(84)) - Storage directory /workdir/hadoop-ozone/integration-test/target/test-dir/MiniOzoneClusterImpl-8354d78d-dcd0-455c-bdef-cdb54255caab/datanode-7/data/ratis/cf5fce2e-36ea-452b-a62f-ab53fda2a734 has been successfully formatted.
2019-10-17 21:54:41,203 [pool-97-thread-1] INFO  ratis.ContainerStateMachine (ContainerStateMachine.java:loadSnapshot(231)) - group-AB53FDA2A734: The snapshot info is null. Setting the last applied indexto:(t:0, i:~)
2019-10-17 21:54:41,203 [pool-97-thread-1] INFO  server.RaftServerConfigKeys (ConfUtils.java:logGet(43)) - raft.server.notification.no-leader.timeout = 120s (custom)
2019-10-17 21:54:41,203 [pool-97-thread-1] INFO  server.RaftServerConfigKeys (ConfUtils.java:logGet(43)) - raft.server.log.use.memory = false (default)
2019-10-17 21:54:41,203 [pool-97-thread-1] INFO  server.RaftServerConfigKeys (ConfUtils.java:logGet(43)) - raft.server.log.purge.gap = 1000000 (custom)
2019-10-17 21:54:41,203 [pool-97-thread-1] INFO  server.RaftServerConfigKeys (ConfUtils.java:logGet(43)) - raft.server.log.appender.buffer.byte-limit = 33554432 (custom)
2019-10-17 21:54:41,203 [pool-97-thread-1] INFO  server.RaftServerConfigKeys (ConfUtils.java:logGet(43)) - raft.server.log.segment.size.max = 1048576 (custom)
2019-10-17 21:54:41,208 [pool-97-thread-1] INFO  server.RaftServerConfigKeys (ConfUtils.java:logGet(43)) - raft.server.log.segment.cache.num.max = 2 (custom)
2019-10-17 21:54:41,208 [pool-97-thread-1] INFO  segmented.SegmentedRaftLogWorker (SegmentedRaftLogWorker.java:<init>(173)) - new de567563-d0dd-4cf2-91b7-f72627909699@group-AB53FDA2A734-SegmentedRaftLogWorker for RaftStorage:Storage Directory /workdir/hadoop-ozone/integration-test/target/test-dir/MiniOzoneClusterImpl-8354d78d-dcd0-455c-bdef-cdb54255caab/datanode-7/data/ratis/cf5fce2e-36ea-452b-a62f-ab53fda2a734
2019-10-17 21:54:41,209 [pool-97-thread-1] INFO  server.RaftServerConfigKeys (ConfUtils.java:logGet(43)) - raft.server.log.queue.byte-limit = 2147483647 (custom)
2019-10-17 21:54:41,209 [pool-97-thread-1] INFO  server.RaftServerConfigKeys (ConfUtils.java:logGet(43)) - raft.server.log.queue.element-limit = 1024 (custom)
2019-10-17 21:54:41,209 [pool-97-thread-1] INFO  server.RaftServerConfigKeys (ConfUtils.java:logGet(43)) - raft.server.log.segment.size.max = 1048576 (custom)
2019-10-17 21:54:41,209 [pool-97-thread-1] INFO  server.RaftServerConfigKeys (ConfUtils.java:logGet(43)) - raft.server.log.preallocated.size = 16384 (custom)
2019-10-17 21:54:41,209 [pool-97-thread-1] INFO  server.RaftServerConfigKeys (ConfUtils.java:logGet(43)) - raft.server.log.write.buffer.size = 33554432 (custom)
2019-10-17 21:54:41,209 [pool-97-thread-1] INFO  server.RaftServerConfigKeys (ConfUtils.java:logGet(43)) - raft.server.log.force.sync.num = 128 (default)
2019-10-17 21:54:41,209 [pool-97-thread-1] INFO  server.RaftServerConfigKeys (ConfUtils.java:logGet(43)) - raft.server.log.statemachine.data.sync = true (default)
2019-10-17 21:54:41,210 [pool-97-thread-1] INFO  server.RaftServerConfigKeys (ConfUtils.java:logGet(43)) - raft.server.log.statemachine.data.sync.timeout = 10s (default)
2019-10-17 21:54:41,210 [pool-97-thread-1] INFO  server.RaftServerConfigKeys (ConfUtils.java:logGet(43)) - raft.server.log.statemachine.data.sync.timeout.retry = -1 (default)
2019-10-17 21:54:41,210 [pool-97-thread-1] INFO  server.RaftServerConfigKeys (ConfUtils.java:logGet(43)) - raft.server.log.statemachine.data.caching.enabled = true (custom)
2019-10-17 21:54:41,211 [pool-97-thread-1] INFO  segmented.SegmentedRaftLogWorker (SegmentedRaftLogWorker.java:lambda$new$0(128)) - de567563-d0dd-4cf2-91b7-f72627909699@group-AB53FDA2A734-SegmentedRaftLogWorker: flushIndex: setUnconditionally 0 -> -1
2019-10-17 21:54:41,211 [pool-97-thread-1] INFO  server.RaftServerConfigKeys (ConfUtils.java:logGet(43)) - raft.server.snapshot.auto.trigger.enabled = true (custom)
2019-10-17 21:54:41,211 [pool-97-thread-1] INFO  server.RaftServerConfigKeys (ConfUtils.java:logGet(43)) - raft.server.snapshot.auto.trigger.threshold = 10000 (custom)
2019-10-17 21:54:41,211 [pool-97-thread-1] INFO  server.RaftServerConfigKeys (ConfUtils.java:logGet(43)) - raft.server.snapshot.retention.file.num = 5 (custom)
2019-10-17 21:54:41,212 [pool-97-thread-1] INFO  server.RaftServerConfigKeys (ConfUtils.java:logGet(43)) - raft.server.retrycache.expirytime = 600000ms (custom)
2019-10-17 21:54:41,220 [pool-97-thread-1] INFO  impl.RaftServerImpl (RaftServerImpl.java:start(195)) - de567563-d0dd-4cf2-91b7-f72627909699@group-AB53FDA2A734: start as a follower, conf=-1: [de567563-d0dd-4cf2-91b7-f72627909699:192.168.157.223:42420], old=null
2019-10-17 21:54:41,220 [pool-97-thread-1] INFO  impl.RaftServerImpl (RaftServerImpl.java:setRole(184)) - de567563-d0dd-4cf2-91b7-f72627909699@group-AB53FDA2A734: changes role from      null to FOLLOWER at term 0 for startAsFollower
2019-10-17 21:54:41,220 [pool-97-thread-1] INFO  impl.RoleInfo (RoleInfo.java:updateAndGet(143)) - de567563-d0dd-4cf2-91b7-f72627909699: start FollowerState
2019-10-17 21:54:41,221 [pool-97-thread-1] INFO  util.JmxRegister (JmxRegister.java:tryRegister(44)) - Successfully registered JMX Bean with object name Ratis:service=RaftServer,group=group-AB53FDA2A734,id=de567563-d0dd-4cf2-91b7-f72627909699
2019-10-17 21:54:41,237 [Thread-293] INFO  impl.FollowerState (FollowerState.java:run(108)) - de567563-d0dd-4cf2-91b7-f72627909699@group-AB53FDA2A734-FollowerState: change to CANDIDATE, lastRpcTime:16ms, electionTimeout:16ms
2019-10-17 21:54:41,237 [RatisPipelineUtilsThread] INFO  pipeline.PipelineStateManager (PipelineStateManager.java:addPipeline(56)) - Created pipeline Pipeline[ Id: cf5fce2e-36ea-452b-a62f-ab53fda2a734, Nodes: de567563-d0dd-4cf2-91b7-f72627909699{ip: 192.168.157.223, host: pr-hdds-2310-7mltm-1665714090, networkLocation: /default-rack, certSerialId: null}, Type:RATIS, Factor:ONE, State:OPEN]
2019-10-17 21:54:41,237 [Thread-293] INFO  impl.RoleInfo (RoleInfo.java:shutdownFollowerState(121)) - de567563-d0dd-4cf2-91b7-f72627909699: shutdown FollowerState
2019-10-17 21:54:41,237 [Thread-293] INFO  impl.RaftServerImpl (RaftServerImpl.java:setRole(184)) - de567563-d0dd-4cf2-91b7-f72627909699@group-AB53FDA2A734: changes role from  FOLLOWER to CANDIDATE at term 0 for changeToCandidate
2019-10-17 21:54:41,237 [Thread-293] INFO  impl.RoleInfo (RoleInfo.java:updateAndGet(143)) - de567563-d0dd-4cf2-91b7-f72627909699: start LeaderElection
2019-10-17 21:54:41,243 [Thread-290] INFO  impl.FollowerState (FollowerState.java:run(108)) - 92c37ee0-6a4e-44d1-b217-daba3b24c095@group-85ED72DF7B6D-FollowerState: change to CANDIDATE, lastRpcTime:140ms, electionTimeout:140ms
2019-10-17 21:54:41,244 [Thread-290] INFO  impl.RoleInfo (RoleInfo.java:shutdownFollowerState(121)) - 92c37ee0-6a4e-44d1-b217-daba3b24c095: shutdown FollowerState
2019-10-17 21:54:41,245 [Thread-290] INFO  impl.RaftServerImpl (RaftServerImpl.java:setRole(184)) - 92c37ee0-6a4e-44d1-b217-daba3b24c095@group-85ED72DF7B6D: changes role from  FOLLOWER to CANDIDATE at term 0 for changeToCandidate
2019-10-17 21:54:41,246 [Thread-290] INFO  impl.RoleInfo (RoleInfo.java:updateAndGet(143)) - 92c37ee0-6a4e-44d1-b217-daba3b24c095: start LeaderElection
2019-10-17 21:54:41,253 [de567563-d0dd-4cf2-91b7-f72627909699@group-AB53FDA2A734-LeaderElection2] INFO  impl.LeaderElection (LeaderElection.java:askForVotes(178)) - de567563-d0dd-4cf2-91b7-f72627909699@group-AB53FDA2A734-LeaderElection2: begin an election at term 1 for -1: [de567563-d0dd-4cf2-91b7-f72627909699:192.168.157.223:42420], old=null
2019-10-17 21:54:41,253 [92c37ee0-6a4e-44d1-b217-daba3b24c095@group-85ED72DF7B6D-LeaderElection3] INFO  impl.LeaderElection (LeaderElection.java:askForVotes(178)) - 92c37ee0-6a4e-44d1-b217-daba3b24c095@group-85ED72DF7B6D-LeaderElection3: begin an election at term 1 for -1: [92c37ee0-6a4e-44d1-b217-daba3b24c095:192.168.157.223:35068], old=null
2019-10-17 21:54:41,257 [de567563-d0dd-4cf2-91b7-f72627909699@group-AB53FDA2A734-LeaderElection2] INFO  impl.RoleInfo (RoleInfo.java:shutdownLeaderElection(134)) - de567563-d0dd-4cf2-91b7-f72627909699: shutdown LeaderElection
2019-10-17 21:54:41,257 [92c37ee0-6a4e-44d1-b217-daba3b24c095@group-85ED72DF7B6D-LeaderElection3] INFO  impl.RoleInfo (RoleInfo.java:shutdownLeaderElection(134)) - 92c37ee0-6a4e-44d1-b217-daba3b24c095: shutdown LeaderElection
2019-10-17 21:54:41,257 [de567563-d0dd-4cf2-91b7-f72627909699@group-AB53FDA2A734-LeaderElection2] INFO  impl.RaftServerImpl (RaftServerImpl.java:setRole(184)) - de567563-d0dd-4cf2-91b7-f72627909699@group-AB53FDA2A734: changes role from CANDIDATE to LEADER at term 1 for changeToLeader
2019-10-17 21:54:41,257 [92c37ee0-6a4e-44d1-b217-daba3b24c095@group-85ED72DF7B6D-LeaderElection3] INFO  impl.RaftServerImpl (RaftServerImpl.java:setRole(184)) - 92c37ee0-6a4e-44d1-b217-daba3b24c095@group-85ED72DF7B6D: changes role from CANDIDATE to LEADER at term 1 for changeToLeader
2019-10-17 21:54:41,257 [de567563-d0dd-4cf2-91b7-f72627909699@group-AB53FDA2A734-LeaderElection2] INFO  impl.RaftServerImpl (ServerState.java:setLeader(256)) - de567563-d0dd-4cf2-91b7-f72627909699@group-AB53FDA2A734: change Leader from null to de567563-d0dd-4cf2-91b7-f72627909699 at term 1 for becomeLeader, leader elected after 54ms
2019-10-17 21:54:41,257 [92c37ee0-6a4e-44d1-b217-daba3b24c095@group-85ED72DF7B6D-LeaderElection3] INFO  impl.RaftServerImpl (ServerState.java:setLeader(256)) - 92c37ee0-6a4e-44d1-b217-daba3b24c095@group-85ED72DF7B6D: change Leader from null to 92c37ee0-6a4e-44d1-b217-daba3b24c095 at term 1 for becomeLeader, leader elected after 216ms
2019-10-17 21:54:41,259 [de567563-d0dd-4cf2-91b7-f72627909699@group-AB53FDA2A734-LeaderElection2] INFO  server.RaftServerConfigKeys (ConfUtils.java:logGet(43)) - raft.server.staging.catchup.gap = 1000 (default)
2019-10-17 21:54:41,260 [92c37ee0-6a4e-44d1-b217-daba3b24c095@group-85ED72DF7B6D-LeaderElection3] INFO  server.RaftServerConfigKeys (ConfUtils.java:logGet(43)) - raft.server.staging.catchup.gap = 1000 (default)
2019-10-17 21:54:41,260 [de567563-d0dd-4cf2-91b7-f72627909699@group-AB53FDA2A734-LeaderElection2] INFO  server.RaftServerConfigKeys (ConfUtils.java:logGet(43)) - raft.server.rpc.sleep.time = 25ms (default)
2019-10-17 21:54:41,261 [92c37ee0-6a4e-44d1-b217-daba3b24c095@group-85ED72DF7B6D-LeaderElection3] INFO  server.RaftServerConfigKeys (ConfUtils.java:logGet(43)) - raft.server.rpc.sleep.time = 25ms (default)
2019-10-17 21:54:41,261 [de567563-d0dd-4cf2-91b7-f72627909699@group-AB53FDA2A734-LeaderElection2] INFO  server.RaftServerConfigKeys (ConfUtils.java:logGet(43)) - raft.server.write.element-limit = 4096 (default)
2019-10-17 21:54:41,262 [92c37ee0-6a4e-44d1-b217-daba3b24c095@group-85ED72DF7B6D-LeaderElection3] INFO  server.RaftServerConfigKeys (ConfUtils.java:logGet(43)) - raft.server.write.element-limit = 4096 (default)
2019-10-17 21:54:41,262 [de567563-d0dd-4cf2-91b7-f72627909699@group-AB53FDA2A734-LeaderElection2] INFO  server.RaftServerConfigKeys (ConfUtils.java:logGet(43)) - raft.server.watch.timeout = 10s (default)
2019-10-17 21:54:41,263 [92c37ee0-6a4e-44d1-b217-daba3b24c095@group-85ED72DF7B6D-LeaderElection3] INFO  server.RaftServerConfigKeys (ConfUtils.java:logGet(43)) - raft.server.watch.timeout = 10s (default)
2019-10-17 21:54:41,263 [grpc-default-executor-0] INFO  impl.RaftServerProxy (RaftServerProxy.java:addNew(89)) - db0af43e-c62e-4c1d-affa-ffdb4faae2f8: addNew group-DE0B7198D7BD:[db0af43e-c62e-4c1d-affa-ffdb4faae2f8:192.168.157.223:36633] returns group-DE0B7198D7BD:java.util.concurrent.CompletableFuture@5e5b3a64[Not completed]
2019-10-17 21:54:41,263 [de567563-d0dd-4cf2-91b7-f72627909699@group-AB53FDA2A734-LeaderElection2] INFO  server.RaftServerConfigKeys (ConfUtils.java:logGet(43)) - raft.server.watch.timeout.denomination = 1s (default)
2019-10-17 21:54:41,263 [92c37ee0-6a4e-44d1-b217-daba3b24c095@group-85ED72DF7B6D-LeaderElection3] INFO  server.RaftServerConfigKeys (ConfUtils.java:logGet(43)) - raft.server.watch.timeout.denomination = 1s (default)
2019-10-17 21:54:41,264 [de567563-d0dd-4cf2-91b7-f72627909699@group-AB53FDA2A734-LeaderElection2] INFO  server.RaftServerConfigKeys (ConfUtils.java:logGet(43)) - raft.server.watch.element-limit = 65536 (default)
2019-10-17 21:54:41,264 [92c37ee0-6a4e-44d1-b217-daba3b24c095@group-85ED72DF7B6D-LeaderElection3] INFO  server.RaftServerConfigKeys (ConfUtils.java:logGet(43)) - raft.server.watch.element-limit = 65536 (default)
2019-10-17 21:54:41,267 [pool-47-thread-1] INFO  impl.RaftServerImpl (RaftServerImpl.java:<init>(104)) - db0af43e-c62e-4c1d-affa-ffdb4faae2f8: new RaftServerImpl for group-DE0B7198D7BD:[db0af43e-c62e-4c1d-affa-ffdb4faae2f8:192.168.157.223:36633] with ContainerStateMachine:uninitialized
2019-10-17 21:54:41,267 [pool-47-thread-1] INFO  server.RaftServerConfigKeys (ConfUtils.java:logGet(43)) - raft.server.rpc.timeout.min = 1s (custom)
2019-10-17 21:54:41,268 [pool-47-thread-1] INFO  server.RaftServerConfigKeys (ConfUtils.java:logGet(43)) - raft.server.rpc.timeout.max = 1200ms (custom)
2019-10-17 21:54:41,268 [pool-47-thread-1] INFO  server.RaftServerConfigKeys (ConfUtils.java:logGet(43)) - raft.server.rpcslowness.timeout = 120s (custom)
2019-10-17 21:54:41,268 [pool-47-thread-1] INFO  server.RaftServerConfigKeys (ConfUtils.java:logGet(43)) - raft.server.sleep.deviation.threshold = 300 (default)
2019-10-17 21:54:41,268 [pool-47-thread-1] INFO  server.RaftServerConfigKeys (ConfUtils.java:logGet(43)) - raft.server.log.appender.install.snapshot.enabled = false (custom)
2019-10-17 21:54:41,268 [pool-47-thread-1] INFO  impl.RaftServerImpl (ServerState.java:<init>(103)) - db0af43e-c62e-4c1d-affa-ffdb4faae2f8@group-DE0B7198D7BD: ConfigurationManager, init=-1: [db0af43e-c62e-4c1d-affa-ffdb4faae2f8:192.168.157.223:36633], old=null, confs=<EMPTY_MAP>
2019-10-17 21:54:41,268 [pool-47-thread-1] INFO  server.RaftServerConfigKeys (ConfUtils.java:logGet(43)) - raft.server.storage.dir = [/workdir/hadoop-ozone/integration-test/target/test-dir/MiniOzoneClusterImpl-8354d78d-dcd0-455c-bdef-cdb54255caab/datanode-2/data/ratis] (custom)
2019-10-17 21:54:41,269 [pool-47-thread-1] INFO  server.RaftServerConfigKeys (ConfUtils.java:logGet(43)) - raft.server.log.corruption.policy = EXCEPTION (default)
2019-10-17 21:54:41,269 [pool-47-thread-1] INFO  storage.RaftStorageDirectory (RaftStorageDirectory.java:analyzeStorage(246)) - The storage directory /workdir/hadoop-ozone/integration-test/target/test-dir/MiniOzoneClusterImpl-8354d78d-dcd0-455c-bdef-cdb54255caab/datanode-2/data/ratis/68771f50-4513-4d42-bcb6-de0b7198d7bd does not exist. Creating ...
2019-10-17 21:54:41,271 [92c37ee0-6a4e-44d1-b217-daba3b24c095@group-85ED72DF7B6D-LeaderElection3] INFO  impl.RoleInfo (RoleInfo.java:updateAndGet(143)) - 92c37ee0-6a4e-44d1-b217-daba3b24c095: start LeaderState
2019-10-17 21:54:41,271 [de567563-d0dd-4cf2-91b7-f72627909699@group-AB53FDA2A734-LeaderElection2] INFO  impl.RoleInfo (RoleInfo.java:updateAndGet(143)) - de567563-d0dd-4cf2-91b7-f72627909699: start LeaderState
2019-10-17 21:54:41,271 [92c37ee0-6a4e-44d1-b217-daba3b24c095@group-85ED72DF7B6D-LeaderElection3] INFO  segmented.SegmentedRaftLogWorker (SegmentedRaftLogWorker.java:startLogSegment(385)) - 92c37ee0-6a4e-44d1-b217-daba3b24c095@group-85ED72DF7B6D-SegmentedRaftLogWorker: Starting segment from index:0
2019-10-17 21:54:41,272 [de567563-d0dd-4cf2-91b7-f72627909699@group-AB53FDA2A734-LeaderElection2] INFO  segmented.SegmentedRaftLogWorker (SegmentedRaftLogWorker.java:startLogSegment(385)) - de567563-d0dd-4cf2-91b7-f72627909699@group-AB53FDA2A734-SegmentedRaftLogWorker: Starting segment from index:0
2019-10-17 21:54:41,272 [92c37ee0-6a4e-44d1-b217-daba3b24c095@group-85ED72DF7B6D-LeaderElection3] INFO  impl.RaftServerImpl (ServerState.java:setRaftConf(357)) - 92c37ee0-6a4e-44d1-b217-daba3b24c095@group-85ED72DF7B6D: set configuration 0: [92c37ee0-6a4e-44d1-b217-daba3b24c095:192.168.157.223:35068], old=null at 0
2019-10-17 21:54:41,310 [pool-47-thread-1] INFO  storage.RaftStorageDirectory (RaftStorageDirectory.java:tryLock(328)) - Lock on /workdir/hadoop-ozone/integration-test/target/test-dir/MiniOzoneClusterImpl-8354d78d-dcd0-455c-bdef-cdb54255caab/datanode-2/data/ratis/68771f50-4513-4d42-bcb6-de0b7198d7bd/in_use.lock acquired by nodename 6590@pr-hdds-2310-7mltm-1665714090
2019-10-17 21:54:41,311 [de567563-d0dd-4cf2-91b7-f72627909699@group-AB53FDA2A734-LeaderElection2] INFO  impl.RaftServerImpl (ServerState.java:setRaftConf(357)) - de567563-d0dd-4cf2-91b7-f72627909699@group-AB53FDA2A734: set configuration 0: [de567563-d0dd-4cf2-91b7-f72627909699:192.168.157.223:42420], old=null at 0
2019-10-17 21:54:41,366 [pool-47-thread-1] INFO  storage.RaftStorage (RaftStorage.java:format(84)) - Storage directory /workdir/hadoop-ozone/integration-test/target/test-dir/MiniOzoneClusterImpl-8354d78d-dcd0-455c-bdef-cdb54255caab/datanode-2/data/ratis/68771f50-4513-4d42-bcb6-de0b7198d7bd has been successfully formatted.
2019-10-17 21:54:41,366 [de567563-d0dd-4cf2-91b7-f72627909699@group-AB53FDA2A734-SegmentedRaftLogWorker] INFO  segmented.SegmentedRaftLogWorker (SegmentedRaftLogWorker.java:execute(576)) - de567563-d0dd-4cf2-91b7-f72627909699@group-AB53FDA2A734-SegmentedRaftLogWorker: created new log segment /workdir/hadoop-ozone/integration-test/target/test-dir/MiniOzoneClusterImpl-8354d78d-dcd0-455c-bdef-cdb54255caab/datanode-7/data/ratis/cf5fce2e-36ea-452b-a62f-ab53fda2a734/current/log_inprogress_0
2019-10-17 21:54:41,366 [92c37ee0-6a4e-44d1-b217-daba3b24c095@group-85ED72DF7B6D-SegmentedRaftLogWorker] INFO  segmented.SegmentedRaftLogWorker (SegmentedRaftLogWorker.java:execute(576)) - 92c37ee0-6a4e-44d1-b217-daba3b24c095@group-85ED72DF7B6D-SegmentedRaftLogWorker: created new log segment /workdir/hadoop-ozone/integration-test/target/test-dir/MiniOzoneClusterImpl-8354d78d-dcd0-455c-bdef-cdb54255caab/datanode-9/data/ratis/6654aec4-e080-46e4-a815-85ed72df7b6d/current/log_inprogress_0
2019-10-17 21:54:41,366 [08d4cbaa-ffed-4411-a5fd-c4a38026aead@group-51D552DC61CC-SegmentedRaftLogWorker] INFO  segmented.SegmentedRaftLogWorker (SegmentedRaftLogWorker.java:execute(576)) - 08d4cbaa-ffed-4411-a5fd-c4a38026aead@group-51D552DC61CC-SegmentedRaftLogWorker: created new log segment /workdir/hadoop-ozone/integration-test/target/test-dir/MiniOzoneClusterImpl-8354d78d-dcd0-455c-bdef-cdb54255caab/datanode-0/data/ratis/0deebd1b-f9e0-4022-8686-51d552dc61cc/current/log_inprogress_0
2019-10-17 21:54:41,367 [pool-47-thread-1] INFO  ratis.ContainerStateMachine (ContainerStateMachine.java:loadSnapshot(231)) - group-DE0B7198D7BD: The snapshot info is null. Setting the last applied indexto:(t:0, i:~)
2019-10-17 21:54:41,367 [pool-47-thread-1] INFO  server.RaftServerConfigKeys (ConfUtils.java:logGet(43)) - raft.server.notification.no-leader.timeout = 120s (custom)
2019-10-17 21:54:41,367 [pool-47-thread-1] INFO  server.RaftServerConfigKeys (ConfUtils.java:logGet(43)) - raft.server.log.use.memory = false (default)
2019-10-17 21:54:41,368 [pool-47-thread-1] INFO  server.RaftServerConfigKeys (ConfUtils.java:logGet(43)) - raft.server.log.purge.gap = 1000000 (custom)
2019-10-17 21:54:41,368 [pool-47-thread-1] INFO  server.RaftServerConfigKeys (ConfUtils.java:logGet(43)) - raft.server.log.appender.buffer.byte-limit = 33554432 (custom)
2019-10-17 21:54:41,368 [pool-47-thread-1] INFO  server.RaftServerConfigKeys (ConfUtils.java:logGet(43)) - raft.server.log.segment.size.max = 1048576 (custom)
2019-10-17 21:54:41,372 [pool-47-thread-1] INFO  server.RaftServerConfigKeys (ConfUtils.java:logGet(43)) - raft.server.log.segment.cache.num.max = 2 (custom)
2019-10-17 21:54:41,372 [pool-47-thread-1] INFO  segmented.SegmentedRaftLogWorker (SegmentedRaftLogWorker.java:<init>(173)) - new db0af43e-c62e-4c1d-affa-ffdb4faae2f8@group-DE0B7198D7BD-SegmentedRaftLogWorker for RaftStorage:Storage Directory /workdir/hadoop-ozone/integration-test/target/test-dir/MiniOzoneClusterImpl-8354d78d-dcd0-455c-bdef-cdb54255caab/datanode-2/data/ratis/68771f50-4513-4d42-bcb6-de0b7198d7bd
2019-10-17 21:54:41,372 [pool-47-thread-1] INFO  server.RaftServerConfigKeys (ConfUtils.java:logGet(43)) - raft.server.log.queue.byte-limit = 2147483647 (custom)
2019-10-17 21:54:41,372 [pool-47-thread-1] INFO  server.RaftServerConfigKeys (ConfUtils.java:logGet(43)) - raft.server.log.queue.element-limit = 1024 (custom)
2019-10-17 21:54:41,372 [pool-47-thread-1] INFO  server.RaftServerConfigKeys (ConfUtils.java:logGet(43)) - raft.server.log.segment.size.max = 1048576 (custom)
2019-10-17 21:54:41,373 [pool-47-thread-1] INFO  server.RaftServerConfigKeys (ConfUtils.java:logGet(43)) - raft.server.log.preallocated.size = 16384 (custom)
2019-10-17 21:54:41,373 [pool-47-thread-1] INFO  server.RaftServerConfigKeys (ConfUtils.java:logGet(43)) - raft.server.log.write.buffer.size = 33554432 (custom)
2019-10-17 21:54:41,373 [pool-47-thread-1] INFO  server.RaftServerConfigKeys (ConfUtils.java:logGet(43)) - raft.server.log.force.sync.num = 128 (default)
2019-10-17 21:54:41,373 [pool-47-thread-1] INFO  server.RaftServerConfigKeys (ConfUtils.java:logGet(43)) - raft.server.log.statemachine.data.sync = true (default)
2019-10-17 21:54:41,373 [pool-47-thread-1] INFO  server.RaftServerConfigKeys (ConfUtils.java:logGet(43)) - raft.server.log.statemachine.data.sync.timeout = 10s (default)
2019-10-17 21:54:41,373 [pool-47-thread-1] INFO  server.RaftServerConfigKeys (ConfUtils.java:logGet(43)) - raft.server.log.statemachine.data.sync.timeout.retry = -1 (default)
2019-10-17 21:54:41,374 [pool-47-thread-1] INFO  server.RaftServerConfigKeys (ConfUtils.java:logGet(43)) - raft.server.log.statemachine.data.caching.enabled = true (custom)
2019-10-17 21:54:41,375 [pool-47-thread-1] INFO  segmented.SegmentedRaftLogWorker (SegmentedRaftLogWorker.java:lambda$new$0(128)) - db0af43e-c62e-4c1d-affa-ffdb4faae2f8@group-DE0B7198D7BD-SegmentedRaftLogWorker: flushIndex: setUnconditionally 0 -> -1
2019-10-17 21:54:41,375 [pool-47-thread-1] INFO  server.RaftServerConfigKeys (ConfUtils.java:logGet(43)) - raft.server.snapshot.auto.trigger.enabled = true (custom)
2019-10-17 21:54:41,375 [pool-47-thread-1] INFO  server.RaftServerConfigKeys (ConfUtils.java:logGet(43)) - raft.server.snapshot.auto.trigger.threshold = 10000 (custom)
2019-10-17 21:54:41,375 [pool-47-thread-1] INFO  server.RaftServerConfigKeys (ConfUtils.java:logGet(43)) - raft.server.snapshot.retention.file.num = 5 (custom)
2019-10-17 21:54:41,376 [pool-47-thread-1] INFO  server.RaftServerConfigKeys (ConfUtils.java:logGet(43)) - raft.server.retrycache.expirytime = 600000ms (custom)
2019-10-17 21:54:41,381 [pool-47-thread-1] INFO  impl.RaftServerImpl (RaftServerImpl.java:start(195)) - db0af43e-c62e-4c1d-affa-ffdb4faae2f8@group-DE0B7198D7BD: start as a follower, conf=-1: [db0af43e-c62e-4c1d-affa-ffdb4faae2f8:192.168.157.223:36633], old=null
2019-10-17 21:54:41,382 [pool-47-thread-1] INFO  impl.RaftServerImpl (RaftServerImpl.java:setRole(184)) - db0af43e-c62e-4c1d-affa-ffdb4faae2f8@group-DE0B7198D7BD: changes role from      null to FOLLOWER at term 0 for startAsFollower
2019-10-17 21:54:41,382 [pool-47-thread-1] INFO  impl.RoleInfo (RoleInfo.java:updateAndGet(143)) - db0af43e-c62e-4c1d-affa-ffdb4faae2f8: start FollowerState
2019-10-17 21:54:41,382 [pool-47-thread-1] INFO  util.JmxRegister (JmxRegister.java:tryRegister(44)) - Successfully registered JMX Bean with object name Ratis:service=RaftServer,group=group-DE0B7198D7BD,id=db0af43e-c62e-4c1d-affa-ffdb4faae2f8
2019-10-17 21:54:41,410 [RatisPipelineUtilsThread] INFO  pipeline.PipelineStateManager (PipelineStateManager.java:addPipeline(56)) - Created pipeline Pipeline[ Id: 68771f50-4513-4d42-bcb6-de0b7198d7bd, Nodes: db0af43e-c62e-4c1d-affa-ffdb4faae2f8{ip: 192.168.157.223, host: pr-hdds-2310-7mltm-1665714090, networkLocation: /default-rack, certSerialId: null}, Type:RATIS, Factor:ONE, State:OPEN]
2019-10-17 21:54:41,427 [grpc-default-executor-0] INFO  impl.RaftServerProxy (RaftServerProxy.java:addNew(89)) - da15dfee-23f0-4dc4-ad77-c00156c49cfa: addNew group-83EC0E0CEEC2:[da15dfee-23f0-4dc4-ad77-c00156c49cfa:192.168.157.223:42172] returns group-83EC0E0CEEC2:java.util.concurrent.CompletableFuture@2bd5cf6b[Not completed]
2019-10-17 21:54:41,432 [pool-57-thread-1] INFO  impl.RaftServerImpl (RaftServerImpl.java:<init>(104)) - da15dfee-23f0-4dc4-ad77-c00156c49cfa: new RaftServerImpl for group-83EC0E0CEEC2:[da15dfee-23f0-4dc4-ad77-c00156c49cfa:192.168.157.223:42172] with ContainerStateMachine:uninitialized
2019-10-17 21:54:41,433 [pool-57-thread-1] INFO  server.RaftServerConfigKeys (ConfUtils.java:logGet(43)) - raft.server.rpc.timeout.min = 1s (custom)
2019-10-17 21:54:41,433 [pool-57-thread-1] INFO  server.RaftServerConfigKeys (ConfUtils.java:logGet(43)) - raft.server.rpc.timeout.max = 1200ms (custom)
2019-10-17 21:54:41,433 [pool-57-thread-1] INFO  server.RaftServerConfigKeys (ConfUtils.java:logGet(43)) - raft.server.rpcslowness.timeout = 120s (custom)
2019-10-17 21:54:41,433 [pool-57-thread-1] INFO  server.RaftServerConfigKeys (ConfUtils.java:logGet(43)) - raft.server.sleep.deviation.threshold = 300 (default)
2019-10-17 21:54:41,433 [pool-57-thread-1] INFO  server.RaftServerConfigKeys (ConfUtils.java:logGet(43)) - raft.server.log.appender.install.snapshot.enabled = false (custom)
2019-10-17 21:54:41,434 [pool-57-thread-1] INFO  impl.RaftServerImpl (ServerState.java:<init>(103)) - da15dfee-23f0-4dc4-ad77-c00156c49cfa@group-83EC0E0CEEC2: ConfigurationManager, init=-1: [da15dfee-23f0-4dc4-ad77-c00156c49cfa:192.168.157.223:42172], old=null, confs=<EMPTY_MAP>
2019-10-17 21:54:41,434 [pool-57-thread-1] INFO  server.RaftServerConfigKeys (ConfUtils.java:logGet(43)) - raft.server.storage.dir = [/workdir/hadoop-ozone/integration-test/target/test-dir/MiniOzoneClusterImpl-8354d78d-dcd0-455c-bdef-cdb54255caab/datanode-3/data/ratis] (custom)
2019-10-17 21:54:41,435 [pool-57-thread-1] INFO  server.RaftServerConfigKeys (ConfUtils.java:logGet(43)) - raft.server.log.corruption.policy = EXCEPTION (default)
2019-10-17 21:54:41,435 [pool-57-thread-1] INFO  storage.RaftStorageDirectory (RaftStorageDirectory.java:analyzeStorage(246)) - The storage directory /workdir/hadoop-ozone/integration-test/target/test-dir/MiniOzoneClusterImpl-8354d78d-dcd0-455c-bdef-cdb54255caab/datanode-3/data/ratis/8edf3089-6e5c-4b80-a32c-83ec0e0ceec2 does not exist. Creating ...
2019-10-17 21:54:41,448 [pool-57-thread-1] INFO  storage.RaftStorageDirectory (RaftStorageDirectory.java:tryLock(328)) - Lock on /workdir/hadoop-ozone/integration-test/target/test-dir/MiniOzoneClusterImpl-8354d78d-dcd0-455c-bdef-cdb54255caab/datanode-3/data/ratis/8edf3089-6e5c-4b80-a32c-83ec0e0ceec2/in_use.lock acquired by nodename 6590@pr-hdds-2310-7mltm-1665714090
2019-10-17 21:54:41,461 [pool-57-thread-1] INFO  storage.RaftStorage (RaftStorage.java:format(84)) - Storage directory /workdir/hadoop-ozone/integration-test/target/test-dir/MiniOzoneClusterImpl-8354d78d-dcd0-455c-bdef-cdb54255caab/datanode-3/data/ratis/8edf3089-6e5c-4b80-a32c-83ec0e0ceec2 has been successfully formatted.
2019-10-17 21:54:41,462 [pool-57-thread-1] INFO  ratis.ContainerStateMachine (ContainerStateMachine.java:loadSnapshot(231)) - group-83EC0E0CEEC2: The snapshot info is null. Setting the last applied indexto:(t:0, i:~)
2019-10-17 21:54:41,462 [pool-57-thread-1] INFO  server.RaftServerConfigKeys (ConfUtils.java:logGet(43)) - raft.server.notification.no-leader.timeout = 120s (custom)
2019-10-17 21:54:41,462 [pool-57-thread-1] INFO  server.RaftServerConfigKeys (ConfUtils.java:logGet(43)) - raft.server.log.use.memory = false (default)
2019-10-17 21:54:41,462 [pool-57-thread-1] INFO  server.RaftServerConfigKeys (ConfUtils.java:logGet(43)) - raft.server.log.purge.gap = 1000000 (custom)
2019-10-17 21:54:41,462 [pool-57-thread-1] INFO  server.RaftServerConfigKeys (ConfUtils.java:logGet(43)) - raft.server.log.appender.buffer.byte-limit = 33554432 (custom)
2019-10-17 21:54:41,462 [pool-57-thread-1] INFO  server.RaftServerConfigKeys (ConfUtils.java:logGet(43)) - raft.server.log.segment.size.max = 1048576 (custom)
2019-10-17 21:54:41,465 [pool-57-thread-1] INFO  server.RaftServerConfigKeys (ConfUtils.java:logGet(43)) - raft.server.log.segment.cache.num.max = 2 (custom)
2019-10-17 21:54:41,465 [pool-57-thread-1] INFO  segmented.SegmentedRaftLogWorker (SegmentedRaftLogWorker.java:<init>(173)) - new da15dfee-23f0-4dc4-ad77-c00156c49cfa@group-83EC0E0CEEC2-SegmentedRaftLogWorker for RaftStorage:Storage Directory /workdir/hadoop-ozone/integration-test/target/test-dir/MiniOzoneClusterImpl-8354d78d-dcd0-455c-bdef-cdb54255caab/datanode-3/data/ratis/8edf3089-6e5c-4b80-a32c-83ec0e0ceec2
2019-10-17 21:54:41,466 [pool-57-thread-1] INFO  server.RaftServerConfigKeys (ConfUtils.java:logGet(43)) - raft.server.log.queue.byte-limit = 2147483647 (custom)
2019-10-17 21:54:41,466 [pool-57-thread-1] INFO  server.RaftServerConfigKeys (ConfUtils.java:logGet(43)) - raft.server.log.queue.element-limit = 1024 (custom)
2019-10-17 21:54:41,466 [pool-57-thread-1] INFO  server.RaftServerConfigKeys (ConfUtils.java:logGet(43)) - raft.server.log.segment.size.max = 1048576 (custom)
2019-10-17 21:54:41,466 [pool-57-thread-1] INFO  server.RaftServerConfigKeys (ConfUtils.java:logGet(43)) - raft.server.log.preallocated.size = 16384 (custom)
2019-10-17 21:54:41,466 [pool-57-thread-1] INFO  server.RaftServerConfigKeys (ConfUtils.java:logGet(43)) - raft.server.log.write.buffer.size = 33554432 (custom)
2019-10-17 21:54:41,466 [pool-57-thread-1] INFO  server.RaftServerConfigKeys (ConfUtils.java:logGet(43)) - raft.server.log.force.sync.num = 128 (default)
2019-10-17 21:54:41,467 [pool-57-thread-1] INFO  server.RaftServerConfigKeys (ConfUtils.java:logGet(43)) - raft.server.log.statemachine.data.sync = true (default)
2019-10-17 21:54:41,467 [pool-57-thread-1] INFO  server.RaftServerConfigKeys (ConfUtils.java:logGet(43)) - raft.server.log.statemachine.data.sync.timeout = 10s (default)
2019-10-17 21:54:41,467 [pool-57-thread-1] INFO  server.RaftServerConfigKeys (ConfUtils.java:logGet(43)) - raft.server.log.statemachine.data.sync.timeout.retry = -1 (default)
2019-10-17 21:54:41,467 [pool-57-thread-1] INFO  server.RaftServerConfigKeys (ConfUtils.java:logGet(43)) - raft.server.log.statemachine.data.caching.enabled = true (custom)
2019-10-17 21:54:41,468 [pool-57-thread-1] INFO  segmented.SegmentedRaftLogWorker (SegmentedRaftLogWorker.java:lambda$new$0(128)) - da15dfee-23f0-4dc4-ad77-c00156c49cfa@group-83EC0E0CEEC2-SegmentedRaftLogWorker: flushIndex: setUnconditionally 0 -> -1
2019-10-17 21:54:41,468 [pool-57-thread-1] INFO  server.RaftServerConfigKeys (ConfUtils.java:logGet(43)) - raft.server.snapshot.auto.trigger.enabled = true (custom)
2019-10-17 21:54:41,468 [pool-57-thread-1] INFO  server.RaftServerConfigKeys (ConfUtils.java:logGet(43)) - raft.server.snapshot.auto.trigger.threshold = 10000 (custom)
2019-10-17 21:54:41,469 [pool-57-thread-1] INFO  server.RaftServerConfigKeys (ConfUtils.java:logGet(43)) - raft.server.snapshot.retention.file.num = 5 (custom)
2019-10-17 21:54:41,469 [pool-57-thread-1] INFO  server.RaftServerConfigKeys (ConfUtils.java:logGet(43)) - raft.server.retrycache.expirytime = 600000ms (custom)
2019-10-17 21:54:41,475 [pool-57-thread-1] INFO  impl.RaftServerImpl (RaftServerImpl.java:start(195)) - da15dfee-23f0-4dc4-ad77-c00156c49cfa@group-83EC0E0CEEC2: start as a follower, conf=-1: [da15dfee-23f0-4dc4-ad77-c00156c49cfa:192.168.157.223:42172], old=null
2019-10-17 21:54:41,475 [pool-57-thread-1] INFO  impl.RaftServerImpl (RaftServerImpl.java:setRole(184)) - da15dfee-23f0-4dc4-ad77-c00156c49cfa@group-83EC0E0CEEC2: changes role from      null to FOLLOWER at term 0 for startAsFollower
2019-10-17 21:54:41,475 [pool-57-thread-1] INFO  impl.RoleInfo (RoleInfo.java:updateAndGet(143)) - da15dfee-23f0-4dc4-ad77-c00156c49cfa: start FollowerState
2019-10-17 21:54:41,476 [pool-57-thread-1] INFO  util.JmxRegister (JmxRegister.java:tryRegister(44)) - Successfully registered JMX Bean with object name Ratis:service=RaftServer,group=group-83EC0E0CEEC2,id=da15dfee-23f0-4dc4-ad77-c00156c49cfa
2019-10-17 21:54:41,488 [Thread-300] INFO  impl.FollowerState (FollowerState.java:run(108)) - db0af43e-c62e-4c1d-affa-ffdb4faae2f8@group-DE0B7198D7BD-FollowerState: change to CANDIDATE, lastRpcTime:105ms, electionTimeout:105ms
2019-10-17 21:54:41,489 [Thread-300] INFO  impl.RoleInfo (RoleInfo.java:shutdownFollowerState(121)) - db0af43e-c62e-4c1d-affa-ffdb4faae2f8: shutdown FollowerState
2019-10-17 21:54:41,489 [Thread-300] INFO  impl.RaftServerImpl (RaftServerImpl.java:setRole(184)) - db0af43e-c62e-4c1d-affa-ffdb4faae2f8@group-DE0B7198D7BD: changes role from  FOLLOWER to CANDIDATE at term 0 for changeToCandidate
2019-10-17 21:54:41,491 [Thread-300] INFO  impl.RoleInfo (RoleInfo.java:updateAndGet(143)) - db0af43e-c62e-4c1d-affa-ffdb4faae2f8: start LeaderElection
2019-10-17 21:54:41,498 [RatisPipelineUtilsThread] INFO  pipeline.PipelineStateManager (PipelineStateManager.java:addPipeline(56)) - Created pipeline Pipeline[ Id: 8edf3089-6e5c-4b80-a32c-83ec0e0ceec2, Nodes: da15dfee-23f0-4dc4-ad77-c00156c49cfa{ip: 192.168.157.223, host: pr-hdds-2310-7mltm-1665714090, networkLocation: /default-rack, certSerialId: null}, Type:RATIS, Factor:ONE, State:OPEN]
2019-10-17 21:54:41,510 [db0af43e-c62e-4c1d-affa-ffdb4faae2f8@group-DE0B7198D7BD-LeaderElection4] INFO  impl.LeaderElection (LeaderElection.java:askForVotes(178)) - db0af43e-c62e-4c1d-affa-ffdb4faae2f8@group-DE0B7198D7BD-LeaderElection4: begin an election at term 1 for -1: [db0af43e-c62e-4c1d-affa-ffdb4faae2f8:192.168.157.223:36633], old=null
2019-10-17 21:54:41,510 [db0af43e-c62e-4c1d-affa-ffdb4faae2f8@group-DE0B7198D7BD-LeaderElection4] INFO  impl.RoleInfo (RoleInfo.java:shutdownLeaderElection(134)) - db0af43e-c62e-4c1d-affa-ffdb4faae2f8: shutdown LeaderElection
2019-10-17 21:54:41,510 [db0af43e-c62e-4c1d-affa-ffdb4faae2f8@group-DE0B7198D7BD-LeaderElection4] INFO  impl.RaftServerImpl (RaftServerImpl.java:setRole(184)) - db0af43e-c62e-4c1d-affa-ffdb4faae2f8@group-DE0B7198D7BD: changes role from CANDIDATE to LEADER at term 1 for changeToLeader
2019-10-17 21:54:41,510 [db0af43e-c62e-4c1d-affa-ffdb4faae2f8@group-DE0B7198D7BD-LeaderElection4] INFO  impl.RaftServerImpl (ServerState.java:setLeader(256)) - db0af43e-c62e-4c1d-affa-ffdb4faae2f8@group-DE0B7198D7BD: change Leader from null to db0af43e-c62e-4c1d-affa-ffdb4faae2f8 at term 1 for becomeLeader, leader elected after 142ms
2019-10-17 21:54:41,512 [db0af43e-c62e-4c1d-affa-ffdb4faae2f8@group-DE0B7198D7BD-LeaderElection4] INFO  server.RaftServerConfigKeys (ConfUtils.java:logGet(43)) - raft.server.staging.catchup.gap = 1000 (default)
2019-10-17 21:54:41,512 [db0af43e-c62e-4c1d-affa-ffdb4faae2f8@group-DE0B7198D7BD-LeaderElection4] INFO  server.RaftServerConfigKeys (ConfUtils.java:logGet(43)) - raft.server.rpc.sleep.time = 25ms (default)
2019-10-17 21:54:41,512 [db0af43e-c62e-4c1d-affa-ffdb4faae2f8@group-DE0B7198D7BD-LeaderElection4] INFO  server.RaftServerConfigKeys (ConfUtils.java:logGet(43)) - raft.server.write.element-limit = 4096 (default)
2019-10-17 21:54:41,512 [db0af43e-c62e-4c1d-affa-ffdb4faae2f8@group-DE0B7198D7BD-LeaderElection4] INFO  server.RaftServerConfigKeys (ConfUtils.java:logGet(43)) - raft.server.watch.timeout = 10s (default)
2019-10-17 21:54:41,514 [db0af43e-c62e-4c1d-affa-ffdb4faae2f8@group-DE0B7198D7BD-LeaderElection4] INFO  server.RaftServerConfigKeys (ConfUtils.java:logGet(43)) - raft.server.watch.timeout.denomination = 1s (default)
2019-10-17 21:54:41,514 [db0af43e-c62e-4c1d-affa-ffdb4faae2f8@group-DE0B7198D7BD-LeaderElection4] INFO  server.RaftServerConfigKeys (ConfUtils.java:logGet(43)) - raft.server.watch.element-limit = 65536 (default)
2019-10-17 21:54:41,516 [grpc-default-executor-0] INFO  impl.RaftServerProxy (RaftServerProxy.java:addNew(89)) - d6dfcdd7-fc6e-4b51-b91e-b64503dadc5e: addNew group-AAE2E2C46965:[d6dfcdd7-fc6e-4b51-b91e-b64503dadc5e:192.168.157.223:43575] returns group-AAE2E2C46965:java.util.concurrent.CompletableFuture@1a7bd8e[Not completed]
2019-10-17 21:54:41,520 [pool-37-thread-1] INFO  impl.RaftServerImpl (RaftServerImpl.java:<init>(104)) - d6dfcdd7-fc6e-4b51-b91e-b64503dadc5e: new RaftServerImpl for group-AAE2E2C46965:[d6dfcdd7-fc6e-4b51-b91e-b64503dadc5e:192.168.157.223:43575] with ContainerStateMachine:uninitialized
2019-10-17 21:54:41,520 [pool-37-thread-1] INFO  server.RaftServerConfigKeys (ConfUtils.java:logGet(43)) - raft.server.rpc.timeout.min = 1s (custom)
2019-10-17 21:54:41,521 [db0af43e-c62e-4c1d-affa-ffdb4faae2f8@group-DE0B7198D7BD-LeaderElection4] INFO  impl.RoleInfo (RoleInfo.java:updateAndGet(143)) - db0af43e-c62e-4c1d-affa-ffdb4faae2f8: start LeaderState
2019-10-17 21:54:41,521 [pool-37-thread-1] INFO  server.RaftServerConfigKeys (ConfUtils.java:logGet(43)) - raft.server.rpc.timeout.max = 1200ms (custom)
2019-10-17 21:54:41,521 [pool-37-thread-1] INFO  server.RaftServerConfigKeys (ConfUtils.java:logGet(43)) - raft.server.rpcslowness.timeout = 120s (custom)
2019-10-17 21:54:41,521 [pool-37-thread-1] INFO  server.RaftServerConfigKeys (ConfUtils.java:logGet(43)) - raft.server.sleep.deviation.threshold = 300 (default)
2019-10-17 21:54:41,521 [db0af43e-c62e-4c1d-affa-ffdb4faae2f8@group-DE0B7198D7BD-LeaderElection4] INFO  segmented.SegmentedRaftLogWorker (SegmentedRaftLogWorker.java:startLogSegment(385)) - db0af43e-c62e-4c1d-affa-ffdb4faae2f8@group-DE0B7198D7BD-SegmentedRaftLogWorker: Starting segment from index:0
2019-10-17 21:54:41,521 [pool-37-thread-1] INFO  server.RaftServerConfigKeys (ConfUtils.java:logGet(43)) - raft.server.log.appender.install.snapshot.enabled = false (custom)
2019-10-17 21:54:41,521 [pool-37-thread-1] INFO  impl.RaftServerImpl (ServerState.java:<init>(103)) - d6dfcdd7-fc6e-4b51-b91e-b64503dadc5e@group-AAE2E2C46965: ConfigurationManager, init=-1: [d6dfcdd7-fc6e-4b51-b91e-b64503dadc5e:192.168.157.223:43575], old=null, confs=<EMPTY_MAP>
2019-10-17 21:54:41,522 [pool-37-thread-1] INFO  server.RaftServerConfigKeys (ConfUtils.java:logGet(43)) - raft.server.storage.dir = [/workdir/hadoop-ozone/integration-test/target/test-dir/MiniOzoneClusterImpl-8354d78d-dcd0-455c-bdef-cdb54255caab/datanode-1/data/ratis] (custom)
2019-10-17 21:54:41,522 [db0af43e-c62e-4c1d-affa-ffdb4faae2f8@group-DE0B7198D7BD-LeaderElection4] INFO  impl.RaftServerImpl (ServerState.java:setRaftConf(357)) - db0af43e-c62e-4c1d-affa-ffdb4faae2f8@group-DE0B7198D7BD: set configuration 0: [db0af43e-c62e-4c1d-affa-ffdb4faae2f8:192.168.157.223:36633], old=null at 0
2019-10-17 21:54:41,522 [pool-37-thread-1] INFO  server.RaftServerConfigKeys (ConfUtils.java:logGet(43)) - raft.server.log.corruption.policy = EXCEPTION (default)
2019-10-17 21:54:41,560 [main] INFO  ozone.MiniOzoneClusterImpl (MiniOzoneClusterImpl.java:lambda$waitForClusterToBeReady$0(147)) - Cluster is ready. Got 10 of 10 DN Heartbeats.
2019-10-17 21:54:41,567 [pool-37-thread-1] INFO  storage.RaftStorageDirectory (RaftStorageDirectory.java:analyzeStorage(246)) - The storage directory /workdir/hadoop-ozone/integration-test/target/test-dir/MiniOzoneClusterImpl-8354d78d-dcd0-455c-bdef-cdb54255caab/datanode-1/data/ratis/66ada51d-078b-49e0-b963-aae2e2c46965 does not exist. Creating ...
2019-10-17 21:54:41,573 [pool-37-thread-1] INFO  storage.RaftStorageDirectory (RaftStorageDirectory.java:tryLock(328)) - Lock on /workdir/hadoop-ozone/integration-test/target/test-dir/MiniOzoneClusterImpl-8354d78d-dcd0-455c-bdef-cdb54255caab/datanode-1/data/ratis/66ada51d-078b-49e0-b963-aae2e2c46965/in_use.lock acquired by nodename 6590@pr-hdds-2310-7mltm-1665714090
2019-10-17 21:54:41,573 [db0af43e-c62e-4c1d-affa-ffdb4faae2f8@group-DE0B7198D7BD-SegmentedRaftLogWorker] INFO  segmented.SegmentedRaftLogWorker (SegmentedRaftLogWorker.java:execute(576)) - db0af43e-c62e-4c1d-affa-ffdb4faae2f8@group-DE0B7198D7BD-SegmentedRaftLogWorker: created new log segment /workdir/hadoop-ozone/integration-test/target/test-dir/MiniOzoneClusterImpl-8354d78d-dcd0-455c-bdef-cdb54255caab/datanode-2/data/ratis/68771f50-4513-4d42-bcb6-de0b7198d7bd/current/log_inprogress_0
2019-10-17 21:54:41,583 [Thread-303] INFO  impl.FollowerState (FollowerState.java:run(108)) - da15dfee-23f0-4dc4-ad77-c00156c49cfa@group-83EC0E0CEEC2-FollowerState: change to CANDIDATE, lastRpcTime:107ms, electionTimeout:107ms
2019-10-17 21:54:41,583 [Thread-303] INFO  impl.RoleInfo (RoleInfo.java:shutdownFollowerState(121)) - da15dfee-23f0-4dc4-ad77-c00156c49cfa: shutdown FollowerState
2019-10-17 21:54:41,583 [Thread-303] INFO  impl.RaftServerImpl (RaftServerImpl.java:setRole(184)) - da15dfee-23f0-4dc4-ad77-c00156c49cfa@group-83EC0E0CEEC2: changes role from  FOLLOWER to CANDIDATE at term 0 for changeToCandidate
2019-10-17 21:54:41,584 [Thread-303] INFO  impl.RoleInfo (RoleInfo.java:updateAndGet(143)) - da15dfee-23f0-4dc4-ad77-c00156c49cfa: start LeaderElection
2019-10-17 21:54:41,588 [pool-37-thread-1] INFO  storage.RaftStorage (RaftStorage.java:format(84)) - Storage directory /workdir/hadoop-ozone/integration-test/target/test-dir/MiniOzoneClusterImpl-8354d78d-dcd0-455c-bdef-cdb54255caab/datanode-1/data/ratis/66ada51d-078b-49e0-b963-aae2e2c46965 has been successfully formatted.
2019-10-17 21:54:41,589 [pool-37-thread-1] INFO  ratis.ContainerStateMachine (ContainerStateMachine.java:loadSnapshot(231)) - group-AAE2E2C46965: The snapshot info is null. Setting the last applied indexto:(t:0, i:~)
2019-10-17 21:54:41,589 [pool-37-thread-1] INFO  server.RaftServerConfigKeys (ConfUtils.java:logGet(43)) - raft.server.notification.no-leader.timeout = 120s (custom)
2019-10-17 21:54:41,589 [pool-37-thread-1] INFO  server.RaftServerConfigKeys (ConfUtils.java:logGet(43)) - raft.server.log.use.memory = false (default)
2019-10-17 21:54:41,590 [pool-37-thread-1] INFO  server.RaftServerConfigKeys (ConfUtils.java:logGet(43)) - raft.server.log.purge.gap = 1000000 (custom)
2019-10-17 21:54:41,590 [pool-37-thread-1] INFO  server.RaftServerConfigKeys (ConfUtils.java:logGet(43)) - raft.server.log.appender.buffer.byte-limit = 33554432 (custom)
2019-10-17 21:54:41,590 [pool-37-thread-1] INFO  server.RaftServerConfigKeys (ConfUtils.java:logGet(43)) - raft.server.log.segment.size.max = 1048576 (custom)
2019-10-17 21:54:41,593 [pool-37-thread-1] INFO  server.RaftServerConfigKeys (ConfUtils.java:logGet(43)) - raft.server.log.segment.cache.num.max = 2 (custom)
2019-10-17 21:54:41,594 [pool-37-thread-1] INFO  segmented.SegmentedRaftLogWorker (SegmentedRaftLogWorker.java:<init>(173)) - new d6dfcdd7-fc6e-4b51-b91e-b64503dadc5e@group-AAE2E2C46965-SegmentedRaftLogWorker for RaftStorage:Storage Directory /workdir/hadoop-ozone/integration-test/target/test-dir/MiniOzoneClusterImpl-8354d78d-dcd0-455c-bdef-cdb54255caab/datanode-1/data/ratis/66ada51d-078b-49e0-b963-aae2e2c46965
2019-10-17 21:54:41,594 [pool-37-thread-1] INFO  server.RaftServerConfigKeys (ConfUtils.java:logGet(43)) - raft.server.log.queue.byte-limit = 2147483647 (custom)
2019-10-17 21:54:41,594 [pool-37-thread-1] INFO  server.RaftServerConfigKeys (ConfUtils.java:logGet(43)) - raft.server.log.queue.element-limit = 1024 (custom)
2019-10-17 21:54:41,596 [pool-37-thread-1] INFO  server.RaftServerConfigKeys (ConfUtils.java:logGet(43)) - raft.server.log.segment.size.max = 1048576 (custom)
2019-10-17 21:54:41,596 [pool-37-thread-1] INFO  server.RaftServerConfigKeys (ConfUtils.java:logGet(43)) - raft.server.log.preallocated.size = 16384 (custom)
2019-10-17 21:54:41,597 [pool-37-thread-1] INFO  server.RaftServerConfigKeys (ConfUtils.java:logGet(43)) - raft.server.log.write.buffer.size = 33554432 (custom)
2019-10-17 21:54:41,597 [pool-37-thread-1] INFO  server.RaftServerConfigKeys (ConfUtils.java:logGet(43)) - raft.server.log.force.sync.num = 128 (default)
2019-10-17 21:54:41,597 [pool-37-thread-1] INFO  server.RaftServerConfigKeys (ConfUtils.java:logGet(43)) - raft.server.log.statemachine.data.sync = true (default)
2019-10-17 21:54:41,597 [pool-37-thread-1] INFO  server.RaftServerConfigKeys (ConfUtils.java:logGet(43)) - raft.server.log.statemachine.data.sync.timeout = 10s (default)
2019-10-17 21:54:41,597 [pool-37-thread-1] INFO  server.RaftServerConfigKeys (ConfUtils.java:logGet(43)) - raft.server.log.statemachine.data.sync.timeout.retry = -1 (default)
2019-10-17 21:54:41,598 [pool-37-thread-1] INFO  server.RaftServerConfigKeys (ConfUtils.java:logGet(43)) - raft.server.log.statemachine.data.caching.enabled = true (custom)
2019-10-17 21:54:41,598 [pool-37-thread-1] INFO  segmented.SegmentedRaftLogWorker (SegmentedRaftLogWorker.java:lambda$new$0(128)) - d6dfcdd7-fc6e-4b51-b91e-b64503dadc5e@group-AAE2E2C46965-SegmentedRaftLogWorker: flushIndex: setUnconditionally 0 -> -1
2019-10-17 21:54:41,599 [pool-37-thread-1] INFO  server.RaftServerConfigKeys (ConfUtils.java:logGet(43)) - raft.server.snapshot.auto.trigger.enabled = true (custom)
2019-10-17 21:54:41,599 [pool-37-thread-1] INFO  server.RaftServerConfigKeys (ConfUtils.java:logGet(43)) - raft.server.snapshot.auto.trigger.threshold = 10000 (custom)
2019-10-17 21:54:41,599 [pool-37-thread-1] INFO  server.RaftServerConfigKeys (ConfUtils.java:logGet(43)) - raft.server.snapshot.retention.file.num = 5 (custom)
2019-10-17 21:54:41,601 [pool-37-thread-1] INFO  server.RaftServerConfigKeys (ConfUtils.java:logGet(43)) - raft.server.retrycache.expirytime = 600000ms (custom)
2019-10-17 21:54:41,601 [da15dfee-23f0-4dc4-ad77-c00156c49cfa@group-83EC0E0CEEC2-LeaderElection5] INFO  impl.LeaderElection (LeaderElection.java:askForVotes(178)) - da15dfee-23f0-4dc4-ad77-c00156c49cfa@group-83EC0E0CEEC2-LeaderElection5: begin an election at term 1 for -1: [da15dfee-23f0-4dc4-ad77-c00156c49cfa:192.168.157.223:42172], old=null
2019-10-17 21:54:41,601 [da15dfee-23f0-4dc4-ad77-c00156c49cfa@group-83EC0E0CEEC2-LeaderElection5] INFO  impl.RoleInfo (RoleInfo.java:shutdownLeaderElection(134)) - da15dfee-23f0-4dc4-ad77-c00156c49cfa: shutdown LeaderElection
2019-10-17 21:54:41,602 [da15dfee-23f0-4dc4-ad77-c00156c49cfa@group-83EC0E0CEEC2-LeaderElection5] INFO  impl.RaftServerImpl (RaftServerImpl.java:setRole(184)) - da15dfee-23f0-4dc4-ad77-c00156c49cfa@group-83EC0E0CEEC2: changes role from CANDIDATE to LEADER at term 1 for changeToLeader
2019-10-17 21:54:41,602 [da15dfee-23f0-4dc4-ad77-c00156c49cfa@group-83EC0E0CEEC2-LeaderElection5] INFO  impl.RaftServerImpl (ServerState.java:setLeader(256)) - da15dfee-23f0-4dc4-ad77-c00156c49cfa@group-83EC0E0CEEC2: change Leader from null to da15dfee-23f0-4dc4-ad77-c00156c49cfa at term 1 for becomeLeader, leader elected after 140ms
2019-10-17 21:54:41,603 [da15dfee-23f0-4dc4-ad77-c00156c49cfa@group-83EC0E0CEEC2-LeaderElection5] INFO  server.RaftServerConfigKeys (ConfUtils.java:logGet(43)) - raft.server.staging.catchup.gap = 1000 (default)
2019-10-17 21:54:41,604 [da15dfee-23f0-4dc4-ad77-c00156c49cfa@group-83EC0E0CEEC2-LeaderElection5] INFO  server.RaftServerConfigKeys (ConfUtils.java:logGet(43)) - raft.server.rpc.sleep.time = 25ms (default)
2019-10-17 21:54:41,604 [da15dfee-23f0-4dc4-ad77-c00156c49cfa@group-83EC0E0CEEC2-LeaderElection5] INFO  server.RaftServerConfigKeys (ConfUtils.java:logGet(43)) - raft.server.write.element-limit = 4096 (default)
2019-10-17 21:54:41,604 [da15dfee-23f0-4dc4-ad77-c00156c49cfa@group-83EC0E0CEEC2-LeaderElection5] INFO  server.RaftServerConfigKeys (ConfUtils.java:logGet(43)) - raft.server.watch.timeout = 10s (default)
2019-10-17 21:54:41,605 [da15dfee-23f0-4dc4-ad77-c00156c49cfa@group-83EC0E0CEEC2-LeaderElection5] INFO  server.RaftServerConfigKeys (ConfUtils.java:logGet(43)) - raft.server.watch.timeout.denomination = 1s (default)
2019-10-17 21:54:41,605 [da15dfee-23f0-4dc4-ad77-c00156c49cfa@group-83EC0E0CEEC2-LeaderElection5] INFO  server.RaftServerConfigKeys (ConfUtils.java:logGet(43)) - raft.server.watch.element-limit = 65536 (default)
2019-10-17 21:54:41,610 [da15dfee-23f0-4dc4-ad77-c00156c49cfa@group-83EC0E0CEEC2-LeaderElection5] INFO  impl.RoleInfo (RoleInfo.java:updateAndGet(143)) - da15dfee-23f0-4dc4-ad77-c00156c49cfa: start LeaderState
2019-10-17 21:54:41,611 [da15dfee-23f0-4dc4-ad77-c00156c49cfa@group-83EC0E0CEEC2-LeaderElection5] INFO  segmented.SegmentedRaftLogWorker (SegmentedRaftLogWorker.java:startLogSegment(385)) - da15dfee-23f0-4dc4-ad77-c00156c49cfa@group-83EC0E0CEEC2-SegmentedRaftLogWorker: Starting segment from index:0
2019-10-17 21:54:41,612 [da15dfee-23f0-4dc4-ad77-c00156c49cfa@group-83EC0E0CEEC2-LeaderElection5] INFO  impl.RaftServerImpl (ServerState.java:setRaftConf(357)) - da15dfee-23f0-4dc4-ad77-c00156c49cfa@group-83EC0E0CEEC2: set configuration 0: [da15dfee-23f0-4dc4-ad77-c00156c49cfa:192.168.157.223:42172], old=null at 0
2019-10-17 21:54:41,612 [pool-37-thread-1] INFO  impl.RaftServerImpl (RaftServerImpl.java:start(195)) - d6dfcdd7-fc6e-4b51-b91e-b64503dadc5e@group-AAE2E2C46965: start as a follower, conf=-1: [d6dfcdd7-fc6e-4b51-b91e-b64503dadc5e:192.168.157.223:43575], old=null
2019-10-17 21:54:41,643 [pool-37-thread-1] INFO  impl.RaftServerImpl (RaftServerImpl.java:setRole(184)) - d6dfcdd7-fc6e-4b51-b91e-b64503dadc5e@group-AAE2E2C46965: changes role from      null to FOLLOWER at term 0 for startAsFollower
2019-10-17 21:54:41,643 [pool-37-thread-1] INFO  impl.RoleInfo (RoleInfo.java:updateAndGet(143)) - d6dfcdd7-fc6e-4b51-b91e-b64503dadc5e: start FollowerState
2019-10-17 21:54:41,644 [pool-37-thread-1] INFO  util.JmxRegister (JmxRegister.java:tryRegister(44)) - Successfully registered JMX Bean with object name Ratis:service=RaftServer,group=group-AAE2E2C46965,id=d6dfcdd7-fc6e-4b51-b91e-b64503dadc5e
2019-10-17 21:54:41,656 [da15dfee-23f0-4dc4-ad77-c00156c49cfa@group-83EC0E0CEEC2-SegmentedRaftLogWorker] INFO  segmented.SegmentedRaftLogWorker (SegmentedRaftLogWorker.java:execute(576)) - da15dfee-23f0-4dc4-ad77-c00156c49cfa@group-83EC0E0CEEC2-SegmentedRaftLogWorker: created new log segment /workdir/hadoop-ozone/integration-test/target/test-dir/MiniOzoneClusterImpl-8354d78d-dcd0-455c-bdef-cdb54255caab/datanode-3/data/ratis/8edf3089-6e5c-4b80-a32c-83ec0e0ceec2/current/log_inprogress_0
2019-10-17 21:54:41,659 [RatisPipelineUtilsThread] INFO  pipeline.PipelineStateManager (PipelineStateManager.java:addPipeline(56)) - Created pipeline Pipeline[ Id: 66ada51d-078b-49e0-b963-aae2e2c46965, Nodes: d6dfcdd7-fc6e-4b51-b91e-b64503dadc5e{ip: 192.168.157.223, host: pr-hdds-2310-7mltm-1665714090, networkLocation: /default-rack, certSerialId: null}, Type:RATIS, Factor:ONE, State:OPEN]
2019-10-17 21:54:41,675 [grpc-default-executor-0] INFO  impl.RaftServerProxy (RaftServerProxy.java:addNew(89)) - 9a96bff1-ea9f-4cea-8163-a3905a9e2704: addNew group-77AE7B78E8E3:[9a96bff1-ea9f-4cea-8163-a3905a9e2704:192.168.157.223:39495] returns group-77AE7B78E8E3:java.util.concurrent.CompletableFuture@14c41726[Not completed]
2019-10-17 21:54:41,688 [pool-67-thread-1] INFO  impl.RaftServerImpl (RaftServerImpl.java:<init>(104)) - 9a96bff1-ea9f-4cea-8163-a3905a9e2704: new RaftServerImpl for group-77AE7B78E8E3:[9a96bff1-ea9f-4cea-8163-a3905a9e2704:192.168.157.223:39495] with ContainerStateMachine:uninitialized
2019-10-17 21:54:41,688 [pool-67-thread-1] INFO  server.RaftServerConfigKeys (ConfUtils.java:logGet(43)) - raft.server.rpc.timeout.min = 1s (custom)
2019-10-17 21:54:41,688 [pool-67-thread-1] INFO  server.RaftServerConfigKeys (ConfUtils.java:logGet(43)) - raft.server.rpc.timeout.max = 1200ms (custom)
2019-10-17 21:54:41,689 [pool-67-thread-1] INFO  server.RaftServerConfigKeys (ConfUtils.java:logGet(43)) - raft.server.rpcslowness.timeout = 120s (custom)
2019-10-17 21:54:41,689 [pool-67-thread-1] INFO  server.RaftServerConfigKeys (ConfUtils.java:logGet(43)) - raft.server.sleep.deviation.threshold = 300 (default)
2019-10-17 21:54:41,689 [pool-67-thread-1] INFO  server.RaftServerConfigKeys (ConfUtils.java:logGet(43)) - raft.server.log.appender.install.snapshot.enabled = false (custom)
2019-10-17 21:54:41,689 [pool-67-thread-1] INFO  impl.RaftServerImpl (ServerState.java:<init>(103)) - 9a96bff1-ea9f-4cea-8163-a3905a9e2704@group-77AE7B78E8E3: ConfigurationManager, init=-1: [9a96bff1-ea9f-4cea-8163-a3905a9e2704:192.168.157.223:39495], old=null, confs=<EMPTY_MAP>
2019-10-17 21:54:41,689 [pool-67-thread-1] INFO  server.RaftServerConfigKeys (ConfUtils.java:logGet(43)) - raft.server.storage.dir = [/workdir/hadoop-ozone/integration-test/target/test-dir/MiniOzoneClusterImpl-8354d78d-dcd0-455c-bdef-cdb54255caab/datanode-4/data/ratis] (custom)
2019-10-17 21:54:41,689 [pool-67-thread-1] INFO  server.RaftServerConfigKeys (ConfUtils.java:logGet(43)) - raft.server.log.corruption.policy = EXCEPTION (default)
2019-10-17 21:54:41,690 [pool-67-thread-1] INFO  storage.RaftStorageDirectory (RaftStorageDirectory.java:analyzeStorage(246)) - The storage directory /workdir/hadoop-ozone/integration-test/target/test-dir/MiniOzoneClusterImpl-8354d78d-dcd0-455c-bdef-cdb54255caab/datanode-4/data/ratis/16cedcbe-736a-4d69-bbbc-77ae7b78e8e3 does not exist. Creating ...
2019-10-17 21:54:41,702 [pool-67-thread-1] INFO  storage.RaftStorageDirectory (RaftStorageDirectory.java:tryLock(328)) - Lock on /workdir/hadoop-ozone/integration-test/target/test-dir/MiniOzoneClusterImpl-8354d78d-dcd0-455c-bdef-cdb54255caab/datanode-4/data/ratis/16cedcbe-736a-4d69-bbbc-77ae7b78e8e3/in_use.lock acquired by nodename 6590@pr-hdds-2310-7mltm-1665714090
2019-10-17 21:54:41,715 [pool-67-thread-1] INFO  storage.RaftStorage (RaftStorage.java:format(84)) - Storage directory /workdir/hadoop-ozone/integration-test/target/test-dir/MiniOzoneClusterImpl-8354d78d-dcd0-455c-bdef-cdb54255caab/datanode-4/data/ratis/16cedcbe-736a-4d69-bbbc-77ae7b78e8e3 has been successfully formatted.
2019-10-17 21:54:41,715 [pool-67-thread-1] INFO  ratis.ContainerStateMachine (ContainerStateMachine.java:loadSnapshot(231)) - group-77AE7B78E8E3: The snapshot info is null. Setting the last applied indexto:(t:0, i:~)
2019-10-17 21:54:41,716 [pool-67-thread-1] INFO  server.RaftServerConfigKeys (ConfUtils.java:logGet(43)) - raft.server.notification.no-leader.timeout = 120s (custom)
2019-10-17 21:54:41,716 [pool-67-thread-1] INFO  server.RaftServerConfigKeys (ConfUtils.java:logGet(43)) - raft.server.log.use.memory = false (default)
2019-10-17 21:54:41,716 [pool-67-thread-1] INFO  server.RaftServerConfigKeys (ConfUtils.java:logGet(43)) - raft.server.log.purge.gap = 1000000 (custom)
2019-10-17 21:54:41,716 [pool-67-thread-1] INFO  server.RaftServerConfigKeys (ConfUtils.java:logGet(43)) - raft.server.log.appender.buffer.byte-limit = 33554432 (custom)
2019-10-17 21:54:41,716 [pool-67-thread-1] INFO  server.RaftServerConfigKeys (ConfUtils.java:logGet(43)) - raft.server.log.segment.size.max = 1048576 (custom)
2019-10-17 21:54:41,719 [pool-67-thread-1] INFO  server.RaftServerConfigKeys (ConfUtils.java:logGet(43)) - raft.server.log.segment.cache.num.max = 2 (custom)
2019-10-17 21:54:41,720 [pool-67-thread-1] INFO  segmented.SegmentedRaftLogWorker (SegmentedRaftLogWorker.java:<init>(173)) - new 9a96bff1-ea9f-4cea-8163-a3905a9e2704@group-77AE7B78E8E3-SegmentedRaftLogWorker for RaftStorage:Storage Directory /workdir/hadoop-ozone/integration-test/target/test-dir/MiniOzoneClusterImpl-8354d78d-dcd0-455c-bdef-cdb54255caab/datanode-4/data/ratis/16cedcbe-736a-4d69-bbbc-77ae7b78e8e3
2019-10-17 21:54:41,720 [pool-67-thread-1] INFO  server.RaftServerConfigKeys (ConfUtils.java:logGet(43)) - raft.server.log.queue.byte-limit = 2147483647 (custom)
2019-10-17 21:54:41,720 [pool-67-thread-1] INFO  server.RaftServerConfigKeys (ConfUtils.java:logGet(43)) - raft.server.log.queue.element-limit = 1024 (custom)
2019-10-17 21:54:41,720 [pool-67-thread-1] INFO  server.RaftServerConfigKeys (ConfUtils.java:logGet(43)) - raft.server.log.segment.size.max = 1048576 (custom)
2019-10-17 21:54:41,720 [pool-67-thread-1] INFO  server.RaftServerConfigKeys (ConfUtils.java:logGet(43)) - raft.server.log.preallocated.size = 16384 (custom)
2019-10-17 21:54:41,720 [pool-67-thread-1] INFO  server.RaftServerConfigKeys (ConfUtils.java:logGet(43)) - raft.server.log.write.buffer.size = 33554432 (custom)
2019-10-17 21:54:41,720 [pool-67-thread-1] INFO  server.RaftServerConfigKeys (ConfUtils.java:logGet(43)) - raft.server.log.force.sync.num = 128 (default)
2019-10-17 21:54:41,720 [pool-67-thread-1] INFO  server.RaftServerConfigKeys (ConfUtils.java:logGet(43)) - raft.server.log.statemachine.data.sync = true (default)
2019-10-17 21:54:41,720 [pool-67-thread-1] INFO  server.RaftServerConfigKeys (ConfUtils.java:logGet(43)) - raft.server.log.statemachine.data.sync.timeout = 10s (default)
2019-10-17 21:54:41,721 [pool-67-thread-1] INFO  server.RaftServerConfigKeys (ConfUtils.java:logGet(43)) - raft.server.log.statemachine.data.sync.timeout.retry = -1 (default)
2019-10-17 21:54:41,721 [pool-67-thread-1] INFO  server.RaftServerConfigKeys (ConfUtils.java:logGet(43)) - raft.server.log.statemachine.data.caching.enabled = true (custom)
2019-10-17 21:54:41,721 [pool-67-thread-1] INFO  segmented.SegmentedRaftLogWorker (SegmentedRaftLogWorker.java:lambda$new$0(128)) - 9a96bff1-ea9f-4cea-8163-a3905a9e2704@group-77AE7B78E8E3-SegmentedRaftLogWorker: flushIndex: setUnconditionally 0 -> -1
2019-10-17 21:54:41,722 [pool-67-thread-1] INFO  server.RaftServerConfigKeys (ConfUtils.java:logGet(43)) - raft.server.snapshot.auto.trigger.enabled = true (custom)
2019-10-17 21:54:41,722 [pool-67-thread-1] INFO  server.RaftServerConfigKeys (ConfUtils.java:logGet(43)) - raft.server.snapshot.auto.trigger.threshold = 10000 (custom)
2019-10-17 21:54:41,722 [pool-67-thread-1] INFO  server.RaftServerConfigKeys (ConfUtils.java:logGet(43)) - raft.server.snapshot.retention.file.num = 5 (custom)
2019-10-17 21:54:41,722 [pool-67-thread-1] INFO  server.RaftServerConfigKeys (ConfUtils.java:logGet(43)) - raft.server.retrycache.expirytime = 600000ms (custom)
2019-10-17 21:54:41,727 [pool-67-thread-1] INFO  impl.RaftServerImpl (RaftServerImpl.java:start(195)) - 9a96bff1-ea9f-4cea-8163-a3905a9e2704@group-77AE7B78E8E3: start as a follower, conf=-1: [9a96bff1-ea9f-4cea-8163-a3905a9e2704:192.168.157.223:39495], old=null
2019-10-17 21:54:41,727 [pool-67-thread-1] INFO  impl.RaftServerImpl (RaftServerImpl.java:setRole(184)) - 9a96bff1-ea9f-4cea-8163-a3905a9e2704@group-77AE7B78E8E3: changes role from      null to FOLLOWER at term 0 for startAsFollower
2019-10-17 21:54:41,727 [pool-67-thread-1] INFO  impl.RoleInfo (RoleInfo.java:updateAndGet(143)) - 9a96bff1-ea9f-4cea-8163-a3905a9e2704: start FollowerState
2019-10-17 21:54:41,728 [pool-67-thread-1] INFO  util.JmxRegister (JmxRegister.java:tryRegister(44)) - Successfully registered JMX Bean with object name Ratis:service=RaftServer,group=group-77AE7B78E8E3,id=9a96bff1-ea9f-4cea-8163-a3905a9e2704
2019-10-17 21:54:41,745 [RatisPipelineUtilsThread] INFO  pipeline.PipelineStateManager (PipelineStateManager.java:addPipeline(56)) - Created pipeline Pipeline[ Id: 16cedcbe-736a-4d69-bbbc-77ae7b78e8e3, Nodes: 9a96bff1-ea9f-4cea-8163-a3905a9e2704{ip: 192.168.157.223, host: pr-hdds-2310-7mltm-1665714090, networkLocation: /default-rack, certSerialId: null}, Type:RATIS, Factor:ONE, State:OPEN]
2019-10-17 21:54:41,764 [grpc-default-executor-0] INFO  impl.RaftServerProxy (RaftServerProxy.java:addNew(89)) - fff7125c-610a-434d-b194-38800617abc4: addNew group-AE396C2A2895:[fff7125c-610a-434d-b194-38800617abc4:192.168.157.223:34162] returns group-AE396C2A2895:java.util.concurrent.CompletableFuture@6b596f63[Not completed]
2019-10-17 21:54:41,765 [pool-87-thread-1] INFO  impl.RaftServerImpl (RaftServerImpl.java:<init>(104)) - fff7125c-610a-434d-b194-38800617abc4: new RaftServerImpl for group-AE396C2A2895:[fff7125c-610a-434d-b194-38800617abc4:192.168.157.223:34162] with ContainerStateMachine:uninitialized
2019-10-17 21:54:41,765 [pool-87-thread-1] INFO  server.RaftServerConfigKeys (ConfUtils.java:logGet(43)) - raft.server.rpc.timeout.min = 1s (custom)
2019-10-17 21:54:41,765 [pool-87-thread-1] INFO  server.RaftServerConfigKeys (ConfUtils.java:logGet(43)) - raft.server.rpc.timeout.max = 1200ms (custom)
2019-10-17 21:54:41,766 [pool-87-thread-1] INFO  server.RaftServerConfigKeys (ConfUtils.java:logGet(43)) - raft.server.rpcslowness.timeout = 120s (custom)
2019-10-17 21:54:41,766 [pool-87-thread-1] INFO  server.RaftServerConfigKeys (ConfUtils.java:logGet(43)) - raft.server.sleep.deviation.threshold = 300 (default)
2019-10-17 21:54:41,766 [pool-87-thread-1] INFO  server.RaftServerConfigKeys (ConfUtils.java:logGet(43)) - raft.server.log.appender.install.snapshot.enabled = false (custom)
2019-10-17 21:54:41,766 [pool-87-thread-1] INFO  impl.RaftServerImpl (ServerState.java:<init>(103)) - fff7125c-610a-434d-b194-38800617abc4@group-AE396C2A2895: ConfigurationManager, init=-1: [fff7125c-610a-434d-b194-38800617abc4:192.168.157.223:34162], old=null, confs=<EMPTY_MAP>
2019-10-17 21:54:41,766 [pool-87-thread-1] INFO  server.RaftServerConfigKeys (ConfUtils.java:logGet(43)) - raft.server.storage.dir = [/workdir/hadoop-ozone/integration-test/target/test-dir/MiniOzoneClusterImpl-8354d78d-dcd0-455c-bdef-cdb54255caab/datanode-6/data/ratis] (custom)
2019-10-17 21:54:41,766 [pool-87-thread-1] INFO  server.RaftServerConfigKeys (ConfUtils.java:logGet(43)) - raft.server.log.corruption.policy = EXCEPTION (default)
2019-10-17 21:54:41,766 [pool-87-thread-1] INFO  storage.RaftStorageDirectory (RaftStorageDirectory.java:analyzeStorage(246)) - The storage directory /workdir/hadoop-ozone/integration-test/target/test-dir/MiniOzoneClusterImpl-8354d78d-dcd0-455c-bdef-cdb54255caab/datanode-6/data/ratis/7251e0cd-bb8c-4fe5-9831-ae396c2a2895 does not exist. Creating ...
2019-10-17 21:54:41,777 [Thread-310] INFO  impl.FollowerState (FollowerState.java:run(108)) - d6dfcdd7-fc6e-4b51-b91e-b64503dadc5e@group-AAE2E2C46965-FollowerState: change to CANDIDATE, lastRpcTime:133ms, electionTimeout:133ms
2019-10-17 21:54:41,777 [Thread-310] INFO  impl.RoleInfo (RoleInfo.java:shutdownFollowerState(121)) - d6dfcdd7-fc6e-4b51-b91e-b64503dadc5e: shutdown FollowerState
2019-10-17 21:54:41,777 [Thread-310] INFO  impl.RaftServerImpl (RaftServerImpl.java:setRole(184)) - d6dfcdd7-fc6e-4b51-b91e-b64503dadc5e@group-AAE2E2C46965: changes role from  FOLLOWER to CANDIDATE at term 0 for changeToCandidate
2019-10-17 21:54:41,777 [Thread-310] INFO  impl.RoleInfo (RoleInfo.java:updateAndGet(143)) - d6dfcdd7-fc6e-4b51-b91e-b64503dadc5e: start LeaderElection
2019-10-17 21:54:41,783 [pool-87-thread-1] INFO  storage.RaftStorageDirectory (RaftStorageDirectory.java:tryLock(328)) - Lock on /workdir/hadoop-ozone/integration-test/target/test-dir/MiniOzoneClusterImpl-8354d78d-dcd0-455c-bdef-cdb54255caab/datanode-6/data/ratis/7251e0cd-bb8c-4fe5-9831-ae396c2a2895/in_use.lock acquired by nodename 6590@pr-hdds-2310-7mltm-1665714090
2019-10-17 21:54:41,784 [d6dfcdd7-fc6e-4b51-b91e-b64503dadc5e@group-AAE2E2C46965-LeaderElection6] INFO  impl.LeaderElection (LeaderElection.java:askForVotes(178)) - d6dfcdd7-fc6e-4b51-b91e-b64503dadc5e@group-AAE2E2C46965-LeaderElection6: begin an election at term 1 for -1: [d6dfcdd7-fc6e-4b51-b91e-b64503dadc5e:192.168.157.223:43575], old=null
2019-10-17 21:54:41,784 [d6dfcdd7-fc6e-4b51-b91e-b64503dadc5e@group-AAE2E2C46965-LeaderElection6] INFO  impl.RoleInfo (RoleInfo.java:shutdownLeaderElection(134)) - d6dfcdd7-fc6e-4b51-b91e-b64503dadc5e: shutdown LeaderElection
2019-10-17 21:54:41,784 [d6dfcdd7-fc6e-4b51-b91e-b64503dadc5e@group-AAE2E2C46965-LeaderElection6] INFO  impl.RaftServerImpl (RaftServerImpl.java:setRole(184)) - d6dfcdd7-fc6e-4b51-b91e-b64503dadc5e@group-AAE2E2C46965: changes role from CANDIDATE to LEADER at term 1 for changeToLeader
2019-10-17 21:54:41,784 [d6dfcdd7-fc6e-4b51-b91e-b64503dadc5e@group-AAE2E2C46965-LeaderElection6] INFO  impl.RaftServerImpl (ServerState.java:setLeader(256)) - d6dfcdd7-fc6e-4b51-b91e-b64503dadc5e@group-AAE2E2C46965: change Leader from null to d6dfcdd7-fc6e-4b51-b91e-b64503dadc5e at term 1 for becomeLeader, leader elected after 195ms
2019-10-17 21:54:41,784 [d6dfcdd7-fc6e-4b51-b91e-b64503dadc5e@group-AAE2E2C46965-LeaderElection6] INFO  server.RaftServerConfigKeys (ConfUtils.java:logGet(43)) - raft.server.staging.catchup.gap = 1000 (default)
2019-10-17 21:54:41,785 [d6dfcdd7-fc6e-4b51-b91e-b64503dadc5e@group-AAE2E2C46965-LeaderElection6] INFO  server.RaftServerConfigKeys (ConfUtils.java:logGet(43)) - raft.server.rpc.sleep.time = 25ms (default)
2019-10-17 21:54:41,785 [d6dfcdd7-fc6e-4b51-b91e-b64503dadc5e@group-AAE2E2C46965-LeaderElection6] INFO  server.RaftServerConfigKeys (ConfUtils.java:logGet(43)) - raft.server.write.element-limit = 4096 (default)
2019-10-17 21:54:41,785 [d6dfcdd7-fc6e-4b51-b91e-b64503dadc5e@group-AAE2E2C46965-LeaderElection6] INFO  server.RaftServerConfigKeys (ConfUtils.java:logGet(43)) - raft.server.watch.timeout = 10s (default)
2019-10-17 21:54:41,785 [d6dfcdd7-fc6e-4b51-b91e-b64503dadc5e@group-AAE2E2C46965-LeaderElection6] INFO  server.RaftServerConfigKeys (ConfUtils.java:logGet(43)) - raft.server.watch.timeout.denomination = 1s (default)
2019-10-17 21:54:41,785 [d6dfcdd7-fc6e-4b51-b91e-b64503dadc5e@group-AAE2E2C46965-LeaderElection6] INFO  server.RaftServerConfigKeys (ConfUtils.java:logGet(43)) - raft.server.watch.element-limit = 65536 (default)
2019-10-17 21:54:41,789 [d6dfcdd7-fc6e-4b51-b91e-b64503dadc5e@group-AAE2E2C46965-LeaderElection6] INFO  impl.RoleInfo (RoleInfo.java:updateAndGet(143)) - d6dfcdd7-fc6e-4b51-b91e-b64503dadc5e: start LeaderState
2019-10-17 21:54:41,789 [d6dfcdd7-fc6e-4b51-b91e-b64503dadc5e@group-AAE2E2C46965-LeaderElection6] INFO  segmented.SegmentedRaftLogWorker (SegmentedRaftLogWorker.java:startLogSegment(385)) - d6dfcdd7-fc6e-4b51-b91e-b64503dadc5e@group-AAE2E2C46965-SegmentedRaftLogWorker: Starting segment from index:0
2019-10-17 21:54:41,790 [d6dfcdd7-fc6e-4b51-b91e-b64503dadc5e@group-AAE2E2C46965-LeaderElection6] INFO  impl.RaftServerImpl (ServerState.java:setRaftConf(357)) - d6dfcdd7-fc6e-4b51-b91e-b64503dadc5e@group-AAE2E2C46965: set configuration 0: [d6dfcdd7-fc6e-4b51-b91e-b64503dadc5e:192.168.157.223:43575], old=null at 0
2019-10-17 21:54:41,828 [pool-87-thread-1] INFO  storage.RaftStorage (RaftStorage.java:format(84)) - Storage directory /workdir/hadoop-ozone/integration-test/target/test-dir/MiniOzoneClusterImpl-8354d78d-dcd0-455c-bdef-cdb54255caab/datanode-6/data/ratis/7251e0cd-bb8c-4fe5-9831-ae396c2a2895 has been successfully formatted.
2019-10-17 21:54:41,829 [pool-87-thread-1] INFO  ratis.ContainerStateMachine (ContainerStateMachine.java:loadSnapshot(231)) - group-AE396C2A2895: The snapshot info is null. Setting the last applied indexto:(t:0, i:~)
2019-10-17 21:54:41,829 [pool-87-thread-1] INFO  server.RaftServerConfigKeys (ConfUtils.java:logGet(43)) - raft.server.notification.no-leader.timeout = 120s (custom)
2019-10-17 21:54:41,829 [pool-87-thread-1] INFO  server.RaftServerConfigKeys (ConfUtils.java:logGet(43)) - raft.server.log.use.memory = false (default)
2019-10-17 21:54:41,829 [pool-87-thread-1] INFO  server.RaftServerConfigKeys (ConfUtils.java:logGet(43)) - raft.server.log.purge.gap = 1000000 (custom)
2019-10-17 21:54:41,830 [pool-87-thread-1] INFO  server.RaftServerConfigKeys (ConfUtils.java:logGet(43)) - raft.server.log.appender.buffer.byte-limit = 33554432 (custom)
2019-10-17 21:54:41,830 [pool-87-thread-1] INFO  server.RaftServerConfigKeys (ConfUtils.java:logGet(43)) - raft.server.log.segment.size.max = 1048576 (custom)
2019-10-17 21:54:41,833 [pool-87-thread-1] INFO  server.RaftServerConfigKeys (ConfUtils.java:logGet(43)) - raft.server.log.segment.cache.num.max = 2 (custom)
2019-10-17 21:54:41,834 [pool-87-thread-1] INFO  segmented.SegmentedRaftLogWorker (SegmentedRaftLogWorker.java:<init>(173)) - new fff7125c-610a-434d-b194-38800617abc4@group-AE396C2A2895-SegmentedRaftLogWorker for RaftStorage:Storage Directory /workdir/hadoop-ozone/integration-test/target/test-dir/MiniOzoneClusterImpl-8354d78d-dcd0-455c-bdef-cdb54255caab/datanode-6/data/ratis/7251e0cd-bb8c-4fe5-9831-ae396c2a2895
2019-10-17 21:54:41,834 [pool-87-thread-1] INFO  server.RaftServerConfigKeys (ConfUtils.java:logGet(43)) - raft.server.log.queue.byte-limit = 2147483647 (custom)
2019-10-17 21:54:41,834 [pool-87-thread-1] INFO  server.RaftServerConfigKeys (ConfUtils.java:logGet(43)) - raft.server.log.queue.element-limit = 1024 (custom)
2019-10-17 21:54:41,834 [pool-87-thread-1] INFO  server.RaftServerConfigKeys (ConfUtils.java:logGet(43)) - raft.server.log.segment.size.max = 1048576 (custom)
2019-10-17 21:54:41,834 [pool-87-thread-1] INFO  server.RaftServerConfigKeys (ConfUtils.java:logGet(43)) - raft.server.log.preallocated.size = 16384 (custom)
2019-10-17 21:54:41,834 [pool-87-thread-1] INFO  server.RaftServerConfigKeys (ConfUtils.java:logGet(43)) - raft.server.log.write.buffer.size = 33554432 (custom)
2019-10-17 21:54:41,835 [pool-87-thread-1] INFO  server.RaftServerConfigKeys (ConfUtils.java:logGet(43)) - raft.server.log.force.sync.num = 128 (default)
2019-10-17 21:54:41,835 [pool-87-thread-1] INFO  server.RaftServerConfigKeys (ConfUtils.java:logGet(43)) - raft.server.log.statemachine.data.sync = true (default)
2019-10-17 21:54:41,835 [pool-87-thread-1] INFO  server.RaftServerConfigKeys (ConfUtils.java:logGet(43)) - raft.server.log.statemachine.data.sync.timeout = 10s (default)
2019-10-17 21:54:41,835 [pool-87-thread-1] INFO  server.RaftServerConfigKeys (ConfUtils.java:logGet(43)) - raft.server.log.statemachine.data.sync.timeout.retry = -1 (default)
2019-10-17 21:54:41,836 [pool-87-thread-1] INFO  server.RaftServerConfigKeys (ConfUtils.java:logGet(43)) - raft.server.log.statemachine.data.caching.enabled = true (custom)
2019-10-17 21:54:41,836 [pool-87-thread-1] INFO  segmented.SegmentedRaftLogWorker (SegmentedRaftLogWorker.java:lambda$new$0(128)) - fff7125c-610a-434d-b194-38800617abc4@group-AE396C2A2895-SegmentedRaftLogWorker: flushIndex: setUnconditionally 0 -> -1
2019-10-17 21:54:41,837 [pool-87-thread-1] INFO  server.RaftServerConfigKeys (ConfUtils.java:logGet(43)) - raft.server.snapshot.auto.trigger.enabled = true (custom)
2019-10-17 21:54:41,837 [pool-87-thread-1] INFO  server.RaftServerConfigKeys (ConfUtils.java:logGet(43)) - raft.server.snapshot.auto.trigger.threshold = 10000 (custom)
2019-10-17 21:54:41,837 [pool-87-thread-1] INFO  server.RaftServerConfigKeys (ConfUtils.java:logGet(43)) - raft.server.snapshot.retention.file.num = 5 (custom)
2019-10-17 21:54:41,837 [pool-87-thread-1] INFO  server.RaftServerConfigKeys (ConfUtils.java:logGet(43)) - raft.server.retrycache.expirytime = 600000ms (custom)
2019-10-17 21:54:41,841 [d6dfcdd7-fc6e-4b51-b91e-b64503dadc5e@group-AAE2E2C46965-SegmentedRaftLogWorker] INFO  segmented.SegmentedRaftLogWorker (SegmentedRaftLogWorker.java:execute(576)) - d6dfcdd7-fc6e-4b51-b91e-b64503dadc5e@group-AAE2E2C46965-SegmentedRaftLogWorker: created new log segment /workdir/hadoop-ozone/integration-test/target/test-dir/MiniOzoneClusterImpl-8354d78d-dcd0-455c-bdef-cdb54255caab/datanode-1/data/ratis/66ada51d-078b-49e0-b963-aae2e2c46965/current/log_inprogress_0
2019-10-17 21:54:41,843 [pool-87-thread-1] INFO  impl.RaftServerImpl (RaftServerImpl.java:start(195)) - fff7125c-610a-434d-b194-38800617abc4@group-AE396C2A2895: start as a follower, conf=-1: [fff7125c-610a-434d-b194-38800617abc4:192.168.157.223:34162], old=null
2019-10-17 21:54:41,843 [pool-87-thread-1] INFO  impl.RaftServerImpl (RaftServerImpl.java:setRole(184)) - fff7125c-610a-434d-b194-38800617abc4@group-AE396C2A2895: changes role from      null to FOLLOWER at term 0 for startAsFollower
2019-10-17 21:54:41,843 [pool-87-thread-1] INFO  impl.RoleInfo (RoleInfo.java:updateAndGet(143)) - fff7125c-610a-434d-b194-38800617abc4: start FollowerState
2019-10-17 21:54:41,844 [pool-87-thread-1] INFO  util.JmxRegister (JmxRegister.java:tryRegister(44)) - Successfully registered JMX Bean with object name Ratis:service=RaftServer,group=group-AE396C2A2895,id=fff7125c-610a-434d-b194-38800617abc4
2019-10-17 21:54:41,927 [Thread-313] INFO  impl.FollowerState (FollowerState.java:run(108)) - 9a96bff1-ea9f-4cea-8163-a3905a9e2704@group-77AE7B78E8E3-FollowerState: change to CANDIDATE, lastRpcTime:199ms, electionTimeout:196ms
2019-10-17 21:54:41,935 [Thread-313] INFO  impl.RoleInfo (RoleInfo.java:shutdownFollowerState(121)) - 9a96bff1-ea9f-4cea-8163-a3905a9e2704: shutdown FollowerState
2019-10-17 21:54:41,935 [Thread-313] INFO  impl.RaftServerImpl (RaftServerImpl.java:setRole(184)) - 9a96bff1-ea9f-4cea-8163-a3905a9e2704@group-77AE7B78E8E3: changes role from  FOLLOWER to CANDIDATE at term 0 for changeToCandidate
2019-10-17 21:54:41,935 [Thread-313] INFO  impl.RoleInfo (RoleInfo.java:updateAndGet(143)) - 9a96bff1-ea9f-4cea-8163-a3905a9e2704: start LeaderElection
2019-10-17 21:54:41,944 [Thread-318] INFO  impl.FollowerState (FollowerState.java:run(108)) - fff7125c-610a-434d-b194-38800617abc4@group-AE396C2A2895-FollowerState: change to CANDIDATE, lastRpcTime:100ms, electionTimeout:99ms
2019-10-17 21:54:41,946 [Thread-318] INFO  impl.RoleInfo (RoleInfo.java:shutdownFollowerState(121)) - fff7125c-610a-434d-b194-38800617abc4: shutdown FollowerState
2019-10-17 21:54:41,946 [Thread-318] INFO  impl.RaftServerImpl (RaftServerImpl.java:setRole(184)) - fff7125c-610a-434d-b194-38800617abc4@group-AE396C2A2895: changes role from  FOLLOWER to CANDIDATE at term 0 for changeToCandidate
2019-10-17 21:54:41,946 [Thread-318] INFO  impl.RoleInfo (RoleInfo.java:updateAndGet(143)) - fff7125c-610a-434d-b194-38800617abc4: start LeaderElection
2019-10-17 21:54:41,950 [RatisPipelineUtilsThread] INFO  pipeline.PipelineStateManager (PipelineStateManager.java:addPipeline(56)) - Created pipeline Pipeline[ Id: 7251e0cd-bb8c-4fe5-9831-ae396c2a2895, Nodes: fff7125c-610a-434d-b194-38800617abc4{ip: 192.168.157.223, host: pr-hdds-2310-7mltm-1665714090, networkLocation: /default-rack, certSerialId: null}, Type:RATIS, Factor:ONE, State:OPEN]
2019-10-17 21:54:41,959 [fff7125c-610a-434d-b194-38800617abc4@group-AE396C2A2895-LeaderElection8] INFO  impl.LeaderElection (LeaderElection.java:askForVotes(178)) - fff7125c-610a-434d-b194-38800617abc4@group-AE396C2A2895-LeaderElection8: begin an election at term 1 for -1: [fff7125c-610a-434d-b194-38800617abc4:192.168.157.223:34162], old=null
2019-10-17 21:54:41,959 [9a96bff1-ea9f-4cea-8163-a3905a9e2704@group-77AE7B78E8E3-LeaderElection7] INFO  impl.LeaderElection (LeaderElection.java:askForVotes(178)) - 9a96bff1-ea9f-4cea-8163-a3905a9e2704@group-77AE7B78E8E3-LeaderElection7: begin an election at term 1 for -1: [9a96bff1-ea9f-4cea-8163-a3905a9e2704:192.168.157.223:39495], old=null
2019-10-17 21:54:41,961 [9a96bff1-ea9f-4cea-8163-a3905a9e2704@group-77AE7B78E8E3-LeaderElection7] INFO  impl.RoleInfo (RoleInfo.java:shutdownLeaderElection(134)) - 9a96bff1-ea9f-4cea-8163-a3905a9e2704: shutdown LeaderElection
2019-10-17 21:54:41,961 [fff7125c-610a-434d-b194-38800617abc4@group-AE396C2A2895-LeaderElection8] INFO  impl.RoleInfo (RoleInfo.java:shutdownLeaderElection(134)) - fff7125c-610a-434d-b194-38800617abc4: shutdown LeaderElection
2019-10-17 21:54:41,961 [9a96bff1-ea9f-4cea-8163-a3905a9e2704@group-77AE7B78E8E3-LeaderElection7] INFO  impl.RaftServerImpl (RaftServerImpl.java:setRole(184)) - 9a96bff1-ea9f-4cea-8163-a3905a9e2704@group-77AE7B78E8E3: changes role from CANDIDATE to LEADER at term 1 for changeToLeader
2019-10-17 21:54:41,963 [fff7125c-610a-434d-b194-38800617abc4@group-AE396C2A2895-LeaderElection8] INFO  impl.RaftServerImpl (RaftServerImpl.java:setRole(184)) - fff7125c-610a-434d-b194-38800617abc4@group-AE396C2A2895: changes role from CANDIDATE to LEADER at term 1 for changeToLeader
2019-10-17 21:54:41,971 [9a96bff1-ea9f-4cea-8163-a3905a9e2704@group-77AE7B78E8E3-LeaderElection7] INFO  impl.RaftServerImpl (ServerState.java:setLeader(256)) - 9a96bff1-ea9f-4cea-8163-a3905a9e2704@group-77AE7B78E8E3: change Leader from null to 9a96bff1-ea9f-4cea-8163-a3905a9e2704 at term 1 for becomeLeader, leader elected after 247ms
2019-10-17 21:54:41,972 [fff7125c-610a-434d-b194-38800617abc4@group-AE396C2A2895-LeaderElection8] INFO  impl.RaftServerImpl (ServerState.java:setLeader(256)) - fff7125c-610a-434d-b194-38800617abc4@group-AE396C2A2895: change Leader from null to fff7125c-610a-434d-b194-38800617abc4 at term 1 for becomeLeader, leader elected after 141ms
2019-10-17 21:54:41,983 [9a96bff1-ea9f-4cea-8163-a3905a9e2704@group-77AE7B78E8E3-LeaderElection7] INFO  server.RaftServerConfigKeys (ConfUtils.java:logGet(43)) - raft.server.staging.catchup.gap = 1000 (default)
2019-10-17 21:54:41,983 [fff7125c-610a-434d-b194-38800617abc4@group-AE396C2A2895-LeaderElection8] INFO  server.RaftServerConfigKeys (ConfUtils.java:logGet(43)) - raft.server.staging.catchup.gap = 1000 (default)
2019-10-17 21:54:41,984 [9a96bff1-ea9f-4cea-8163-a3905a9e2704@group-77AE7B78E8E3-LeaderElection7] INFO  server.RaftServerConfigKeys (ConfUtils.java:logGet(43)) - raft.server.rpc.sleep.time = 25ms (default)
2019-10-17 21:54:41,984 [fff7125c-610a-434d-b194-38800617abc4@group-AE396C2A2895-LeaderElection8] INFO  server.RaftServerConfigKeys (ConfUtils.java:logGet(43)) - raft.server.rpc.sleep.time = 25ms (default)
2019-10-17 21:54:41,992 [fff7125c-610a-434d-b194-38800617abc4@group-AE396C2A2895-LeaderElection8] INFO  server.RaftServerConfigKeys (ConfUtils.java:logGet(43)) - raft.server.write.element-limit = 4096 (default)
2019-10-17 21:54:41,992 [fff7125c-610a-434d-b194-38800617abc4@group-AE396C2A2895-LeaderElection8] INFO  server.RaftServerConfigKeys (ConfUtils.java:logGet(43)) - raft.server.watch.timeout = 10s (default)
2019-10-17 21:54:41,992 [9a96bff1-ea9f-4cea-8163-a3905a9e2704@group-77AE7B78E8E3-LeaderElection7] INFO  server.RaftServerConfigKeys (ConfUtils.java:logGet(43)) - raft.server.write.element-limit = 4096 (default)
2019-10-17 21:54:41,992 [fff7125c-610a-434d-b194-38800617abc4@group-AE396C2A2895-LeaderElection8] INFO  server.RaftServerConfigKeys (ConfUtils.java:logGet(43)) - raft.server.watch.timeout.denomination = 1s (default)
2019-10-17 21:54:41,992 [9a96bff1-ea9f-4cea-8163-a3905a9e2704@group-77AE7B78E8E3-LeaderElection7] INFO  server.RaftServerConfigKeys (ConfUtils.java:logGet(43)) - raft.server.watch.timeout = 10s (default)
2019-10-17 21:54:41,992 [fff7125c-610a-434d-b194-38800617abc4@group-AE396C2A2895-LeaderElection8] INFO  server.RaftServerConfigKeys (ConfUtils.java:logGet(43)) - raft.server.watch.element-limit = 65536 (default)
2019-10-17 21:54:41,994 [9a96bff1-ea9f-4cea-8163-a3905a9e2704@group-77AE7B78E8E3-LeaderElection7] INFO  server.RaftServerConfigKeys (ConfUtils.java:logGet(43)) - raft.server.watch.timeout.denomination = 1s (default)
2019-10-17 21:54:41,995 [9a96bff1-ea9f-4cea-8163-a3905a9e2704@group-77AE7B78E8E3-LeaderElection7] INFO  server.RaftServerConfigKeys (ConfUtils.java:logGet(43)) - raft.server.watch.element-limit = 65536 (default)
2019-10-17 21:54:42,003 [fff7125c-610a-434d-b194-38800617abc4@group-AE396C2A2895-LeaderElection8] INFO  impl.RoleInfo (RoleInfo.java:updateAndGet(143)) - fff7125c-610a-434d-b194-38800617abc4: start LeaderState
2019-10-17 21:54:42,003 [9a96bff1-ea9f-4cea-8163-a3905a9e2704@group-77AE7B78E8E3-LeaderElection7] INFO  impl.RoleInfo (RoleInfo.java:updateAndGet(143)) - 9a96bff1-ea9f-4cea-8163-a3905a9e2704: start LeaderState
2019-10-17 21:54:42,003 [9a96bff1-ea9f-4cea-8163-a3905a9e2704@group-77AE7B78E8E3-LeaderElection7] INFO  segmented.SegmentedRaftLogWorker (SegmentedRaftLogWorker.java:startLogSegment(385)) - 9a96bff1-ea9f-4cea-8163-a3905a9e2704@group-77AE7B78E8E3-SegmentedRaftLogWorker: Starting segment from index:0
2019-10-17 21:54:42,003 [fff7125c-610a-434d-b194-38800617abc4@group-AE396C2A2895-LeaderElection8] INFO  segmented.SegmentedRaftLogWorker (SegmentedRaftLogWorker.java:startLogSegment(385)) - fff7125c-610a-434d-b194-38800617abc4@group-AE396C2A2895-SegmentedRaftLogWorker: Starting segment from index:0
2019-10-17 21:54:42,064 [9a96bff1-ea9f-4cea-8163-a3905a9e2704@group-77AE7B78E8E3-LeaderElection7] INFO  impl.RaftServerImpl (ServerState.java:setRaftConf(357)) - 9a96bff1-ea9f-4cea-8163-a3905a9e2704@group-77AE7B78E8E3: set configuration 0: [9a96bff1-ea9f-4cea-8163-a3905a9e2704:192.168.157.223:39495], old=null at 0
2019-10-17 21:54:42,064 [fff7125c-610a-434d-b194-38800617abc4@group-AE396C2A2895-LeaderElection8] INFO  impl.RaftServerImpl (ServerState.java:setRaftConf(357)) - fff7125c-610a-434d-b194-38800617abc4@group-AE396C2A2895: set configuration 0: [fff7125c-610a-434d-b194-38800617abc4:192.168.157.223:34162], old=null at 0
2019-10-17 21:54:42,104 [9a96bff1-ea9f-4cea-8163-a3905a9e2704@group-77AE7B78E8E3-SegmentedRaftLogWorker] INFO  segmented.SegmentedRaftLogWorker (SegmentedRaftLogWorker.java:execute(576)) - 9a96bff1-ea9f-4cea-8163-a3905a9e2704@group-77AE7B78E8E3-SegmentedRaftLogWorker: created new log segment /workdir/hadoop-ozone/integration-test/target/test-dir/MiniOzoneClusterImpl-8354d78d-dcd0-455c-bdef-cdb54255caab/datanode-4/data/ratis/16cedcbe-736a-4d69-bbbc-77ae7b78e8e3/current/log_inprogress_0
2019-10-17 21:54:42,114 [grpc-default-executor-0] INFO  impl.RaftServerProxy (RaftServerProxy.java:addNew(89)) - c3d1d4b8-f513-489f-ad1a-d9e469eb6c8d: addNew group-5E627D0C77E9:[c3d1d4b8-f513-489f-ad1a-d9e469eb6c8d:192.168.157.223:35769] returns group-5E627D0C77E9:java.util.concurrent.CompletableFuture@4f31b041[Not completed]
2019-10-17 21:54:42,116 [pool-77-thread-1] INFO  impl.RaftServerImpl (RaftServerImpl.java:<init>(104)) - c3d1d4b8-f513-489f-ad1a-d9e469eb6c8d: new RaftServerImpl for group-5E627D0C77E9:[c3d1d4b8-f513-489f-ad1a-d9e469eb6c8d:192.168.157.223:35769] with ContainerStateMachine:uninitialized
2019-10-17 21:54:42,116 [pool-77-thread-1] INFO  server.RaftServerConfigKeys (ConfUtils.java:logGet(43)) - raft.server.rpc.timeout.min = 1s (custom)
2019-10-17 21:54:42,116 [fff7125c-610a-434d-b194-38800617abc4@group-AE396C2A2895-SegmentedRaftLogWorker] INFO  segmented.SegmentedRaftLogWorker (SegmentedRaftLogWorker.java:execute(576)) - fff7125c-610a-434d-b194-38800617abc4@group-AE396C2A2895-SegmentedRaftLogWorker: created new log segment /workdir/hadoop-ozone/integration-test/target/test-dir/MiniOzoneClusterImpl-8354d78d-dcd0-455c-bdef-cdb54255caab/datanode-6/data/ratis/7251e0cd-bb8c-4fe5-9831-ae396c2a2895/current/log_inprogress_0
2019-10-17 21:54:42,117 [pool-77-thread-1] INFO  server.RaftServerConfigKeys (ConfUtils.java:logGet(43)) - raft.server.rpc.timeout.max = 1200ms (custom)
2019-10-17 21:54:42,117 [pool-77-thread-1] INFO  server.RaftServerConfigKeys (ConfUtils.java:logGet(43)) - raft.server.rpcslowness.timeout = 120s (custom)
2019-10-17 21:54:42,117 [pool-77-thread-1] INFO  server.RaftServerConfigKeys (ConfUtils.java:logGet(43)) - raft.server.sleep.deviation.threshold = 300 (default)
2019-10-17 21:54:42,117 [pool-77-thread-1] INFO  server.RaftServerConfigKeys (ConfUtils.java:logGet(43)) - raft.server.log.appender.install.snapshot.enabled = false (custom)
2019-10-17 21:54:42,117 [pool-77-thread-1] INFO  impl.RaftServerImpl (ServerState.java:<init>(103)) - c3d1d4b8-f513-489f-ad1a-d9e469eb6c8d@group-5E627D0C77E9: ConfigurationManager, init=-1: [c3d1d4b8-f513-489f-ad1a-d9e469eb6c8d:192.168.157.223:35769], old=null, confs=<EMPTY_MAP>
2019-10-17 21:54:42,117 [pool-77-thread-1] INFO  server.RaftServerConfigKeys (ConfUtils.java:logGet(43)) - raft.server.storage.dir = [/workdir/hadoop-ozone/integration-test/target/test-dir/MiniOzoneClusterImpl-8354d78d-dcd0-455c-bdef-cdb54255caab/datanode-5/data/ratis] (custom)
2019-10-17 21:54:42,118 [pool-77-thread-1] INFO  server.RaftServerConfigKeys (ConfUtils.java:logGet(43)) - raft.server.log.corruption.policy = EXCEPTION (default)
2019-10-17 21:54:42,118 [pool-77-thread-1] INFO  storage.RaftStorageDirectory (RaftStorageDirectory.java:analyzeStorage(246)) - The storage directory /workdir/hadoop-ozone/integration-test/target/test-dir/MiniOzoneClusterImpl-8354d78d-dcd0-455c-bdef-cdb54255caab/datanode-5/data/ratis/1740f177-c6e4-4f77-b552-5e627d0c77e9 does not exist. Creating ...
2019-10-17 21:54:42,130 [pool-77-thread-1] INFO  storage.RaftStorageDirectory (RaftStorageDirectory.java:tryLock(328)) - Lock on /workdir/hadoop-ozone/integration-test/target/test-dir/MiniOzoneClusterImpl-8354d78d-dcd0-455c-bdef-cdb54255caab/datanode-5/data/ratis/1740f177-c6e4-4f77-b552-5e627d0c77e9/in_use.lock acquired by nodename 6590@pr-hdds-2310-7mltm-1665714090
2019-10-17 21:54:42,143 [pool-77-thread-1] INFO  storage.RaftStorage (RaftStorage.java:format(84)) - Storage directory /workdir/hadoop-ozone/integration-test/target/test-dir/MiniOzoneClusterImpl-8354d78d-dcd0-455c-bdef-cdb54255caab/datanode-5/data/ratis/1740f177-c6e4-4f77-b552-5e627d0c77e9 has been successfully formatted.
2019-10-17 21:54:42,143 [pool-77-thread-1] INFO  ratis.ContainerStateMachine (ContainerStateMachine.java:loadSnapshot(231)) - group-5E627D0C77E9: The snapshot info is null. Setting the last applied indexto:(t:0, i:~)
2019-10-17 21:54:42,143 [pool-77-thread-1] INFO  server.RaftServerConfigKeys (ConfUtils.java:logGet(43)) - raft.server.notification.no-leader.timeout = 120s (custom)
2019-10-17 21:54:42,143 [pool-77-thread-1] INFO  server.RaftServerConfigKeys (ConfUtils.java:logGet(43)) - raft.server.log.use.memory = false (default)
2019-10-17 21:54:42,143 [pool-77-thread-1] INFO  server.RaftServerConfigKeys (ConfUtils.java:logGet(43)) - raft.server.log.purge.gap = 1000000 (custom)
2019-10-17 21:54:42,143 [pool-77-thread-1] INFO  server.RaftServerConfigKeys (ConfUtils.java:logGet(43)) - raft.server.log.appender.buffer.byte-limit = 33554432 (custom)
2019-10-17 21:54:42,144 [pool-77-thread-1] INFO  server.RaftServerConfigKeys (ConfUtils.java:logGet(43)) - raft.server.log.segment.size.max = 1048576 (custom)
2019-10-17 21:54:42,146 [pool-77-thread-1] INFO  server.RaftServerConfigKeys (ConfUtils.java:logGet(43)) - raft.server.log.segment.cache.num.max = 2 (custom)
2019-10-17 21:54:42,146 [pool-77-thread-1] INFO  segmented.SegmentedRaftLogWorker (SegmentedRaftLogWorker.java:<init>(173)) - new c3d1d4b8-f513-489f-ad1a-d9e469eb6c8d@group-5E627D0C77E9-SegmentedRaftLogWorker for RaftStorage:Storage Directory /workdir/hadoop-ozone/integration-test/target/test-dir/MiniOzoneClusterImpl-8354d78d-dcd0-455c-bdef-cdb54255caab/datanode-5/data/ratis/1740f177-c6e4-4f77-b552-5e627d0c77e9
2019-10-17 21:54:42,146 [pool-77-thread-1] INFO  server.RaftServerConfigKeys (ConfUtils.java:logGet(43)) - raft.server.log.queue.byte-limit = 2147483647 (custom)
2019-10-17 21:54:42,146 [pool-77-thread-1] INFO  server.RaftServerConfigKeys (ConfUtils.java:logGet(43)) - raft.server.log.queue.element-limit = 1024 (custom)
2019-10-17 21:54:42,146 [pool-77-thread-1] INFO  server.RaftServerConfigKeys (ConfUtils.java:logGet(43)) - raft.server.log.segment.size.max = 1048576 (custom)
2019-10-17 21:54:42,146 [pool-77-thread-1] INFO  server.RaftServerConfigKeys (ConfUtils.java:logGet(43)) - raft.server.log.preallocated.size = 16384 (custom)
2019-10-17 21:54:42,146 [pool-77-thread-1] INFO  server.RaftServerConfigKeys (ConfUtils.java:logGet(43)) - raft.server.log.write.buffer.size = 33554432 (custom)
2019-10-17 21:54:42,146 [pool-77-thread-1] INFO  server.RaftServerConfigKeys (ConfUtils.java:logGet(43)) - raft.server.log.force.sync.num = 128 (default)
2019-10-17 21:54:42,146 [pool-77-thread-1] INFO  server.RaftServerConfigKeys (ConfUtils.java:logGet(43)) - raft.server.log.statemachine.data.sync = true (default)
2019-10-17 21:54:42,146 [pool-77-thread-1] INFO  server.RaftServerConfigKeys (ConfUtils.java:logGet(43)) - raft.server.log.statemachine.data.sync.timeout = 10s (default)
2019-10-17 21:54:42,147 [pool-77-thread-1] INFO  server.RaftServerConfigKeys (ConfUtils.java:logGet(43)) - raft.server.log.statemachine.data.sync.timeout.retry = -1 (default)
2019-10-17 21:54:42,147 [pool-77-thread-1] INFO  server.RaftServerConfigKeys (ConfUtils.java:logGet(43)) - raft.server.log.statemachine.data.caching.enabled = true (custom)
2019-10-17 21:54:42,147 [pool-77-thread-1] INFO  segmented.SegmentedRaftLogWorker (SegmentedRaftLogWorker.java:lambda$new$0(128)) - c3d1d4b8-f513-489f-ad1a-d9e469eb6c8d@group-5E627D0C77E9-SegmentedRaftLogWorker: flushIndex: setUnconditionally 0 -> -1
2019-10-17 21:54:42,147 [pool-77-thread-1] INFO  server.RaftServerConfigKeys (ConfUtils.java:logGet(43)) - raft.server.snapshot.auto.trigger.enabled = true (custom)
2019-10-17 21:54:42,148 [pool-77-thread-1] INFO  server.RaftServerConfigKeys (ConfUtils.java:logGet(43)) - raft.server.snapshot.auto.trigger.threshold = 10000 (custom)
2019-10-17 21:54:42,148 [pool-77-thread-1] INFO  server.RaftServerConfigKeys (ConfUtils.java:logGet(43)) - raft.server.snapshot.retention.file.num = 5 (custom)
2019-10-17 21:54:42,148 [pool-77-thread-1] INFO  server.RaftServerConfigKeys (ConfUtils.java:logGet(43)) - raft.server.retrycache.expirytime = 600000ms (custom)
2019-10-17 21:54:42,151 [pool-77-thread-1] INFO  impl.RaftServerImpl (RaftServerImpl.java:start(195)) - c3d1d4b8-f513-489f-ad1a-d9e469eb6c8d@group-5E627D0C77E9: start as a follower, conf=-1: [c3d1d4b8-f513-489f-ad1a-d9e469eb6c8d:192.168.157.223:35769], old=null
2019-10-17 21:54:42,151 [pool-77-thread-1] INFO  impl.RaftServerImpl (RaftServerImpl.java:setRole(184)) - c3d1d4b8-f513-489f-ad1a-d9e469eb6c8d@group-5E627D0C77E9: changes role from      null to FOLLOWER at term 0 for startAsFollower
2019-10-17 21:54:42,151 [pool-77-thread-1] INFO  impl.RoleInfo (RoleInfo.java:updateAndGet(143)) - c3d1d4b8-f513-489f-ad1a-d9e469eb6c8d: start FollowerState
2019-10-17 21:54:42,151 [pool-77-thread-1] INFO  util.JmxRegister (JmxRegister.java:tryRegister(44)) - Successfully registered JMX Bean with object name Ratis:service=RaftServer,group=group-5E627D0C77E9,id=c3d1d4b8-f513-489f-ad1a-d9e469eb6c8d
2019-10-17 21:54:42,165 [RatisPipelineUtilsThread] INFO  pipeline.PipelineStateManager (PipelineStateManager.java:addPipeline(56)) - Created pipeline Pipeline[ Id: 1740f177-c6e4-4f77-b552-5e627d0c77e9, Nodes: c3d1d4b8-f513-489f-ad1a-d9e469eb6c8d{ip: 192.168.157.223, host: pr-hdds-2310-7mltm-1665714090, networkLocation: /default-rack, certSerialId: null}, Type:RATIS, Factor:ONE, State:OPEN]
2019-10-17 21:54:42,200 [grpc-default-executor-0] INFO  impl.RaftServerProxy (RaftServerProxy.java:addNew(89)) - f6afcf7f-f3cc-4d61-b406-e2750f6d6b8c: addNew group-4DFBE40C9EE0:[f6afcf7f-f3cc-4d61-b406-e2750f6d6b8c:192.168.157.223:45157] returns group-4DFBE40C9EE0:java.util.concurrent.CompletableFuture@1d3a60ea[Not completed]
2019-10-17 21:54:42,203 [pool-107-thread-1] INFO  impl.RaftServerImpl (RaftServerImpl.java:<init>(104)) - f6afcf7f-f3cc-4d61-b406-e2750f6d6b8c: new RaftServerImpl for group-4DFBE40C9EE0:[f6afcf7f-f3cc-4d61-b406-e2750f6d6b8c:192.168.157.223:45157] with ContainerStateMachine:uninitialized
2019-10-17 21:54:42,203 [pool-107-thread-1] INFO  server.RaftServerConfigKeys (ConfUtils.java:logGet(43)) - raft.server.rpc.timeout.min = 1s (custom)
2019-10-17 21:54:42,204 [pool-107-thread-1] INFO  server.RaftServerConfigKeys (ConfUtils.java:logGet(43)) - raft.server.rpc.timeout.max = 1200ms (custom)
2019-10-17 21:54:42,204 [pool-107-thread-1] INFO  server.RaftServerConfigKeys (ConfUtils.java:logGet(43)) - raft.server.rpcslowness.timeout = 120s (custom)
2019-10-17 21:54:42,204 [pool-107-thread-1] INFO  server.RaftServerConfigKeys (ConfUtils.java:logGet(43)) - raft.server.sleep.deviation.threshold = 300 (default)
2019-10-17 21:54:42,204 [pool-107-thread-1] INFO  server.RaftServerConfigKeys (ConfUtils.java:logGet(43)) - raft.server.log.appender.install.snapshot.enabled = false (custom)
2019-10-17 21:54:42,204 [pool-107-thread-1] INFO  impl.RaftServerImpl (ServerState.java:<init>(103)) - f6afcf7f-f3cc-4d61-b406-e2750f6d6b8c@group-4DFBE40C9EE0: ConfigurationManager, init=-1: [f6afcf7f-f3cc-4d61-b406-e2750f6d6b8c:192.168.157.223:45157], old=null, confs=<EMPTY_MAP>
2019-10-17 21:54:42,205 [pool-107-thread-1] INFO  server.RaftServerConfigKeys (ConfUtils.java:logGet(43)) - raft.server.storage.dir = [/workdir/hadoop-ozone/integration-test/target/test-dir/MiniOzoneClusterImpl-8354d78d-dcd0-455c-bdef-cdb54255caab/datanode-8/data/ratis] (custom)
2019-10-17 21:54:42,205 [pool-107-thread-1] INFO  server.RaftServerConfigKeys (ConfUtils.java:logGet(43)) - raft.server.log.corruption.policy = EXCEPTION (default)
2019-10-17 21:54:42,205 [pool-107-thread-1] INFO  storage.RaftStorageDirectory (RaftStorageDirectory.java:analyzeStorage(246)) - The storage directory /workdir/hadoop-ozone/integration-test/target/test-dir/MiniOzoneClusterImpl-8354d78d-dcd0-455c-bdef-cdb54255caab/datanode-8/data/ratis/1d02a7f0-01d1-42c6-98d9-4dfbe40c9ee0 does not exist. Creating ...
2019-10-17 21:54:42,218 [pool-107-thread-1] INFO  storage.RaftStorageDirectory (RaftStorageDirectory.java:tryLock(328)) - Lock on /workdir/hadoop-ozone/integration-test/target/test-dir/MiniOzoneClusterImpl-8354d78d-dcd0-455c-bdef-cdb54255caab/datanode-8/data/ratis/1d02a7f0-01d1-42c6-98d9-4dfbe40c9ee0/in_use.lock acquired by nodename 6590@pr-hdds-2310-7mltm-1665714090
2019-10-17 21:54:42,231 [pool-107-thread-1] INFO  storage.RaftStorage (RaftStorage.java:format(84)) - Storage directory /workdir/hadoop-ozone/integration-test/target/test-dir/MiniOzoneClusterImpl-8354d78d-dcd0-455c-bdef-cdb54255caab/datanode-8/data/ratis/1d02a7f0-01d1-42c6-98d9-4dfbe40c9ee0 has been successfully formatted.
2019-10-17 21:54:42,232 [pool-107-thread-1] INFO  ratis.ContainerStateMachine (ContainerStateMachine.java:loadSnapshot(231)) - group-4DFBE40C9EE0: The snapshot info is null. Setting the last applied indexto:(t:0, i:~)
2019-10-17 21:54:42,232 [pool-107-thread-1] INFO  server.RaftServerConfigKeys (ConfUtils.java:logGet(43)) - raft.server.notification.no-leader.timeout = 120s (custom)
2019-10-17 21:54:42,232 [pool-107-thread-1] INFO  server.RaftServerConfigKeys (ConfUtils.java:logGet(43)) - raft.server.log.use.memory = false (default)
2019-10-17 21:54:42,232 [pool-107-thread-1] INFO  server.RaftServerConfigKeys (ConfUtils.java:logGet(43)) - raft.server.log.purge.gap = 1000000 (custom)
2019-10-17 21:54:42,232 [pool-107-thread-1] INFO  server.RaftServerConfigKeys (ConfUtils.java:logGet(43)) - raft.server.log.appender.buffer.byte-limit = 33554432 (custom)
2019-10-17 21:54:42,232 [pool-107-thread-1] INFO  server.RaftServerConfigKeys (ConfUtils.java:logGet(43)) - raft.server.log.segment.size.max = 1048576 (custom)
2019-10-17 21:54:42,235 [pool-107-thread-1] INFO  server.RaftServerConfigKeys (ConfUtils.java:logGet(43)) - raft.server.log.segment.cache.num.max = 2 (custom)
2019-10-17 21:54:42,235 [pool-107-thread-1] INFO  segmented.SegmentedRaftLogWorker (SegmentedRaftLogWorker.java:<init>(173)) - new f6afcf7f-f3cc-4d61-b406-e2750f6d6b8c@group-4DFBE40C9EE0-SegmentedRaftLogWorker for RaftStorage:Storage Directory /workdir/hadoop-ozone/integration-test/target/test-dir/MiniOzoneClusterImpl-8354d78d-dcd0-455c-bdef-cdb54255caab/datanode-8/data/ratis/1d02a7f0-01d1-42c6-98d9-4dfbe40c9ee0
2019-10-17 21:54:42,235 [pool-107-thread-1] INFO  server.RaftServerConfigKeys (ConfUtils.java:logGet(43)) - raft.server.log.queue.byte-limit = 2147483647 (custom)
2019-10-17 21:54:42,235 [pool-107-thread-1] INFO  server.RaftServerConfigKeys (ConfUtils.java:logGet(43)) - raft.server.log.queue.element-limit = 1024 (custom)
2019-10-17 21:54:42,235 [pool-107-thread-1] INFO  server.RaftServerConfigKeys (ConfUtils.java:logGet(43)) - raft.server.log.segment.size.max = 1048576 (custom)
2019-10-17 21:54:42,236 [pool-107-thread-1] INFO  server.RaftServerConfigKeys (ConfUtils.java:logGet(43)) - raft.server.log.preallocated.size = 16384 (custom)
2019-10-17 21:54:42,236 [pool-107-thread-1] INFO  server.RaftServerConfigKeys (ConfUtils.java:logGet(43)) - raft.server.log.write.buffer.size = 33554432 (custom)
2019-10-17 21:54:42,236 [pool-107-thread-1] INFO  server.RaftServerConfigKeys (ConfUtils.java:logGet(43)) - raft.server.log.force.sync.num = 128 (default)
2019-10-17 21:54:42,236 [pool-107-thread-1] INFO  server.RaftServerConfigKeys (ConfUtils.java:logGet(43)) - raft.server.log.statemachine.data.sync = true (default)
2019-10-17 21:54:42,236 [pool-107-thread-1] INFO  server.RaftServerConfigKeys (ConfUtils.java:logGet(43)) - raft.server.log.statemachine.data.sync.timeout = 10s (default)
2019-10-17 21:54:42,236 [pool-107-thread-1] INFO  server.RaftServerConfigKeys (ConfUtils.java:logGet(43)) - raft.server.log.statemachine.data.sync.timeout.retry = -1 (default)
2019-10-17 21:54:42,237 [pool-107-thread-1] INFO  server.RaftServerConfigKeys (ConfUtils.java:logGet(43)) - raft.server.log.statemachine.data.caching.enabled = true (custom)
2019-10-17 21:54:42,237 [pool-107-thread-1] INFO  segmented.SegmentedRaftLogWorker (SegmentedRaftLogWorker.java:lambda$new$0(128)) - f6afcf7f-f3cc-4d61-b406-e2750f6d6b8c@group-4DFBE40C9EE0-SegmentedRaftLogWorker: flushIndex: setUnconditionally 0 -> -1
2019-10-17 21:54:42,238 [pool-107-thread-1] INFO  server.RaftServerConfigKeys (ConfUtils.java:logGet(43)) - raft.server.snapshot.auto.trigger.enabled = true (custom)
2019-10-17 21:54:42,238 [pool-107-thread-1] INFO  server.RaftServerConfigKeys (ConfUtils.java:logGet(43)) - raft.server.snapshot.auto.trigger.threshold = 10000 (custom)
2019-10-17 21:54:42,238 [pool-107-thread-1] INFO  server.RaftServerConfigKeys (ConfUtils.java:logGet(43)) - raft.server.snapshot.retention.file.num = 5 (custom)
2019-10-17 21:54:42,238 [pool-107-thread-1] INFO  server.RaftServerConfigKeys (ConfUtils.java:logGet(43)) - raft.server.retrycache.expirytime = 600000ms (custom)
2019-10-17 21:54:42,245 [pool-107-thread-1] INFO  impl.RaftServerImpl (RaftServerImpl.java:start(195)) - f6afcf7f-f3cc-4d61-b406-e2750f6d6b8c@group-4DFBE40C9EE0: start as a follower, conf=-1: [f6afcf7f-f3cc-4d61-b406-e2750f6d6b8c:192.168.157.223:45157], old=null
2019-10-17 21:54:42,245 [pool-107-thread-1] INFO  impl.RaftServerImpl (RaftServerImpl.java:setRole(184)) - f6afcf7f-f3cc-4d61-b406-e2750f6d6b8c@group-4DFBE40C9EE0: changes role from      null to FOLLOWER at term 0 for startAsFollower
2019-10-17 21:54:42,245 [pool-107-thread-1] INFO  impl.RoleInfo (RoleInfo.java:updateAndGet(143)) - f6afcf7f-f3cc-4d61-b406-e2750f6d6b8c: start FollowerState
2019-10-17 21:54:42,246 [pool-107-thread-1] INFO  util.JmxRegister (JmxRegister.java:tryRegister(44)) - Successfully registered JMX Bean with object name Ratis:service=RaftServer,group=group-4DFBE40C9EE0,id=f6afcf7f-f3cc-4d61-b406-e2750f6d6b8c
2019-10-17 21:54:42,272 [RatisPipelineUtilsThread] INFO  pipeline.PipelineStateManager (PipelineStateManager.java:addPipeline(56)) - Created pipeline Pipeline[ Id: 1d02a7f0-01d1-42c6-98d9-4dfbe40c9ee0, Nodes: f6afcf7f-f3cc-4d61-b406-e2750f6d6b8c{ip: 192.168.157.223, host: pr-hdds-2310-7mltm-1665714090, networkLocation: /default-rack, certSerialId: null}, Type:RATIS, Factor:ONE, State:OPEN]
2019-10-17 21:54:42,300 [Thread-325] INFO  impl.FollowerState (FollowerState.java:run(108)) - c3d1d4b8-f513-489f-ad1a-d9e469eb6c8d@group-5E627D0C77E9-FollowerState: change to CANDIDATE, lastRpcTime:147ms, electionTimeout:147ms
2019-10-17 21:54:42,303 [Thread-325] INFO  impl.RoleInfo (RoleInfo.java:shutdownFollowerState(121)) - c3d1d4b8-f513-489f-ad1a-d9e469eb6c8d: shutdown FollowerState
2019-10-17 21:54:42,303 [Thread-325] INFO  impl.RaftServerImpl (RaftServerImpl.java:setRole(184)) - c3d1d4b8-f513-489f-ad1a-d9e469eb6c8d@group-5E627D0C77E9: changes role from  FOLLOWER to CANDIDATE at term 0 for changeToCandidate
2019-10-17 21:54:42,304 [Thread-325] INFO  impl.RoleInfo (RoleInfo.java:updateAndGet(143)) - c3d1d4b8-f513-489f-ad1a-d9e469eb6c8d: start LeaderElection
2019-10-17 21:54:42,313 [grpc-default-executor-1] INFO  impl.RaftServerProxy (RaftServerProxy.java:addNew(89)) - 92c37ee0-6a4e-44d1-b217-daba3b24c095: addNew group-3097D7458558:[92c37ee0-6a4e-44d1-b217-daba3b24c095:192.168.157.223:35068, de567563-d0dd-4cf2-91b7-f72627909699:192.168.157.223:42420, db0af43e-c62e-4c1d-affa-ffdb4faae2f8:192.168.157.223:36633] returns group-3097D7458558:java.util.concurrent.CompletableFuture@723f9bf5[Not completed]
2019-10-17 21:54:42,315 [grpc-default-executor-0] INFO  impl.RaftServerProxy (RaftServerProxy.java:addNew(89)) - db0af43e-c62e-4c1d-affa-ffdb4faae2f8: addNew group-3097D7458558:[92c37ee0-6a4e-44d1-b217-daba3b24c095:192.168.157.223:35068, de567563-d0dd-4cf2-91b7-f72627909699:192.168.157.223:42420, db0af43e-c62e-4c1d-affa-ffdb4faae2f8:192.168.157.223:36633] returns group-3097D7458558:java.util.concurrent.CompletableFuture@2f6d519a[Not completed]
2019-10-17 21:54:42,313 [grpc-default-executor-2] INFO  impl.RaftServerProxy (RaftServerProxy.java:addNew(89)) - de567563-d0dd-4cf2-91b7-f72627909699: addNew group-3097D7458558:[92c37ee0-6a4e-44d1-b217-daba3b24c095:192.168.157.223:35068, de567563-d0dd-4cf2-91b7-f72627909699:192.168.157.223:42420, db0af43e-c62e-4c1d-affa-ffdb4faae2f8:192.168.157.223:36633] returns group-3097D7458558:java.util.concurrent.CompletableFuture@4f8d308d[Not completed]
2019-10-17 21:54:42,318 [pool-117-thread-1] INFO  impl.RaftServerImpl (RaftServerImpl.java:<init>(104)) - 92c37ee0-6a4e-44d1-b217-daba3b24c095: new RaftServerImpl for group-3097D7458558:[92c37ee0-6a4e-44d1-b217-daba3b24c095:192.168.157.223:35068, de567563-d0dd-4cf2-91b7-f72627909699:192.168.157.223:42420, db0af43e-c62e-4c1d-affa-ffdb4faae2f8:192.168.157.223:36633] with ContainerStateMachine:uninitialized
2019-10-17 21:54:42,318 [pool-117-thread-1] INFO  server.RaftServerConfigKeys (ConfUtils.java:logGet(43)) - raft.server.rpc.timeout.min = 1s (custom)
2019-10-17 21:54:42,319 [pool-117-thread-1] INFO  server.RaftServerConfigKeys (ConfUtils.java:logGet(43)) - raft.server.rpc.timeout.max = 1200ms (custom)
2019-10-17 21:54:42,319 [pool-117-thread-1] INFO  server.RaftServerConfigKeys (ConfUtils.java:logGet(43)) - raft.server.rpcslowness.timeout = 120s (custom)
2019-10-17 21:54:42,319 [pool-117-thread-1] INFO  server.RaftServerConfigKeys (ConfUtils.java:logGet(43)) - raft.server.sleep.deviation.threshold = 300 (default)
2019-10-17 21:54:42,319 [pool-117-thread-1] INFO  server.RaftServerConfigKeys (ConfUtils.java:logGet(43)) - raft.server.log.appender.install.snapshot.enabled = false (custom)
2019-10-17 21:54:42,319 [pool-117-thread-1] INFO  impl.RaftServerImpl (ServerState.java:<init>(103)) - 92c37ee0-6a4e-44d1-b217-daba3b24c095@group-3097D7458558: ConfigurationManager, init=-1: [92c37ee0-6a4e-44d1-b217-daba3b24c095:192.168.157.223:35068, de567563-d0dd-4cf2-91b7-f72627909699:192.168.157.223:42420, db0af43e-c62e-4c1d-affa-ffdb4faae2f8:192.168.157.223:36633], old=null, confs=<EMPTY_MAP>
2019-10-17 21:54:42,319 [pool-47-thread-1] INFO  impl.RaftServerImpl (RaftServerImpl.java:<init>(104)) - db0af43e-c62e-4c1d-affa-ffdb4faae2f8: new RaftServerImpl for group-3097D7458558:[92c37ee0-6a4e-44d1-b217-daba3b24c095:192.168.157.223:35068, de567563-d0dd-4cf2-91b7-f72627909699:192.168.157.223:42420, db0af43e-c62e-4c1d-affa-ffdb4faae2f8:192.168.157.223:36633] with ContainerStateMachine:uninitialized
2019-10-17 21:54:42,319 [pool-117-thread-1] INFO  server.RaftServerConfigKeys (ConfUtils.java:logGet(43)) - raft.server.storage.dir = [/workdir/hadoop-ozone/integration-test/target/test-dir/MiniOzoneClusterImpl-8354d78d-dcd0-455c-bdef-cdb54255caab/datanode-9/data/ratis] (custom)
2019-10-17 21:54:42,319 [pool-47-thread-1] INFO  server.RaftServerConfigKeys (ConfUtils.java:logGet(43)) - raft.server.rpc.timeout.min = 1s (custom)
2019-10-17 21:54:42,320 [pool-47-thread-1] INFO  server.RaftServerConfigKeys (ConfUtils.java:logGet(43)) - raft.server.rpc.timeout.max = 1200ms (custom)
2019-10-17 21:54:42,320 [pool-117-thread-1] INFO  server.RaftServerConfigKeys (ConfUtils.java:logGet(43)) - raft.server.log.corruption.policy = EXCEPTION (default)
2019-10-17 21:54:42,320 [pool-47-thread-1] INFO  server.RaftServerConfigKeys (ConfUtils.java:logGet(43)) - raft.server.rpcslowness.timeout = 120s (custom)
2019-10-17 21:54:42,320 [pool-117-thread-1] INFO  storage.RaftStorageDirectory (RaftStorageDirectory.java:analyzeStorage(246)) - The storage directory /workdir/hadoop-ozone/integration-test/target/test-dir/MiniOzoneClusterImpl-8354d78d-dcd0-455c-bdef-cdb54255caab/datanode-9/data/ratis/79705d85-8c11-4082-a1d0-3097d7458558 does not exist. Creating ...
2019-10-17 21:54:42,320 [pool-47-thread-1] INFO  server.RaftServerConfigKeys (ConfUtils.java:logGet(43)) - raft.server.sleep.deviation.threshold = 300 (default)
2019-10-17 21:54:42,320 [pool-97-thread-1] INFO  impl.RaftServerImpl (RaftServerImpl.java:<init>(104)) - de567563-d0dd-4cf2-91b7-f72627909699: new RaftServerImpl for group-3097D7458558:[92c37ee0-6a4e-44d1-b217-daba3b24c095:192.168.157.223:35068, de567563-d0dd-4cf2-91b7-f72627909699:192.168.157.223:42420, db0af43e-c62e-4c1d-affa-ffdb4faae2f8:192.168.157.223:36633] with ContainerStateMachine:uninitialized
2019-10-17 21:54:42,320 [pool-47-thread-1] INFO  server.RaftServerConfigKeys (ConfUtils.java:logGet(43)) - raft.server.log.appender.install.snapshot.enabled = false (custom)
2019-10-17 21:54:42,320 [pool-97-thread-1] INFO  server.RaftServerConfigKeys (ConfUtils.java:logGet(43)) - raft.server.rpc.timeout.min = 1s (custom)
2019-10-17 21:54:42,320 [pool-47-thread-1] INFO  impl.RaftServerImpl (ServerState.java:<init>(103)) - db0af43e-c62e-4c1d-affa-ffdb4faae2f8@group-3097D7458558: ConfigurationManager, init=-1: [92c37ee0-6a4e-44d1-b217-daba3b24c095:192.168.157.223:35068, de567563-d0dd-4cf2-91b7-f72627909699:192.168.157.223:42420, db0af43e-c62e-4c1d-affa-ffdb4faae2f8:192.168.157.223:36633], old=null, confs=<EMPTY_MAP>
2019-10-17 21:54:42,321 [pool-97-thread-1] INFO  server.RaftServerConfigKeys (ConfUtils.java:logGet(43)) - raft.server.rpc.timeout.max = 1200ms (custom)
2019-10-17 21:54:42,321 [pool-47-thread-1] INFO  server.RaftServerConfigKeys (ConfUtils.java:logGet(43)) - raft.server.storage.dir = [/workdir/hadoop-ozone/integration-test/target/test-dir/MiniOzoneClusterImpl-8354d78d-dcd0-455c-bdef-cdb54255caab/datanode-2/data/ratis] (custom)
2019-10-17 21:54:42,321 [pool-97-thread-1] INFO  server.RaftServerConfigKeys (ConfUtils.java:logGet(43)) - raft.server.rpcslowness.timeout = 120s (custom)
2019-10-17 21:54:42,321 [pool-97-thread-1] INFO  server.RaftServerConfigKeys (ConfUtils.java:logGet(43)) - raft.server.sleep.deviation.threshold = 300 (default)
2019-10-17 21:54:42,321 [pool-47-thread-1] INFO  server.RaftServerConfigKeys (ConfUtils.java:logGet(43)) - raft.server.log.corruption.policy = EXCEPTION (default)
2019-10-17 21:54:42,321 [pool-97-thread-1] INFO  server.RaftServerConfigKeys (ConfUtils.java:logGet(43)) - raft.server.log.appender.install.snapshot.enabled = false (custom)
2019-10-17 21:54:42,321 [pool-47-thread-1] INFO  storage.RaftStorageDirectory (RaftStorageDirectory.java:analyzeStorage(246)) - The storage directory /workdir/hadoop-ozone/integration-test/target/test-dir/MiniOzoneClusterImpl-8354d78d-dcd0-455c-bdef-cdb54255caab/datanode-2/data/ratis/79705d85-8c11-4082-a1d0-3097d7458558 does not exist. Creating ...
2019-10-17 21:54:42,321 [pool-97-thread-1] INFO  impl.RaftServerImpl (ServerState.java:<init>(103)) - de567563-d0dd-4cf2-91b7-f72627909699@group-3097D7458558: ConfigurationManager, init=-1: [92c37ee0-6a4e-44d1-b217-daba3b24c095:192.168.157.223:35068, de567563-d0dd-4cf2-91b7-f72627909699:192.168.157.223:42420, db0af43e-c62e-4c1d-affa-ffdb4faae2f8:192.168.157.223:36633], old=null, confs=<EMPTY_MAP>
2019-10-17 21:54:42,322 [pool-97-thread-1] INFO  server.RaftServerConfigKeys (ConfUtils.java:logGet(43)) - raft.server.storage.dir = [/workdir/hadoop-ozone/integration-test/target/test-dir/MiniOzoneClusterImpl-8354d78d-dcd0-455c-bdef-cdb54255caab/datanode-7/data/ratis] (custom)
2019-10-17 21:54:42,322 [pool-97-thread-1] INFO  server.RaftServerConfigKeys (ConfUtils.java:logGet(43)) - raft.server.log.corruption.policy = EXCEPTION (default)
2019-10-17 21:54:42,322 [pool-97-thread-1] INFO  storage.RaftStorageDirectory (RaftStorageDirectory.java:analyzeStorage(246)) - The storage directory /workdir/hadoop-ozone/integration-test/target/test-dir/MiniOzoneClusterImpl-8354d78d-dcd0-455c-bdef-cdb54255caab/datanode-7/data/ratis/79705d85-8c11-4082-a1d0-3097d7458558 does not exist. Creating ...
2019-10-17 21:54:42,329 [pool-117-thread-1] INFO  storage.RaftStorageDirectory (RaftStorageDirectory.java:tryLock(328)) - Lock on /workdir/hadoop-ozone/integration-test/target/test-dir/MiniOzoneClusterImpl-8354d78d-dcd0-455c-bdef-cdb54255caab/datanode-9/data/ratis/79705d85-8c11-4082-a1d0-3097d7458558/in_use.lock acquired by nodename 6590@pr-hdds-2310-7mltm-1665714090
2019-10-17 21:54:42,329 [pool-47-thread-1] INFO  storage.RaftStorageDirectory (RaftStorageDirectory.java:tryLock(328)) - Lock on /workdir/hadoop-ozone/integration-test/target/test-dir/MiniOzoneClusterImpl-8354d78d-dcd0-455c-bdef-cdb54255caab/datanode-2/data/ratis/79705d85-8c11-4082-a1d0-3097d7458558/in_use.lock acquired by nodename 6590@pr-hdds-2310-7mltm-1665714090
2019-10-17 21:54:42,329 [pool-97-thread-1] INFO  storage.RaftStorageDirectory (RaftStorageDirectory.java:tryLock(328)) - Lock on /workdir/hadoop-ozone/integration-test/target/test-dir/MiniOzoneClusterImpl-8354d78d-dcd0-455c-bdef-cdb54255caab/datanode-7/data/ratis/79705d85-8c11-4082-a1d0-3097d7458558/in_use.lock acquired by nodename 6590@pr-hdds-2310-7mltm-1665714090
2019-10-17 21:54:42,329 [c3d1d4b8-f513-489f-ad1a-d9e469eb6c8d@group-5E627D0C77E9-LeaderElection9] INFO  impl.LeaderElection (LeaderElection.java:askForVotes(178)) - c3d1d4b8-f513-489f-ad1a-d9e469eb6c8d@group-5E627D0C77E9-LeaderElection9: begin an election at term 1 for -1: [c3d1d4b8-f513-489f-ad1a-d9e469eb6c8d:192.168.157.223:35769], old=null
2019-10-17 21:54:42,329 [c3d1d4b8-f513-489f-ad1a-d9e469eb6c8d@group-5E627D0C77E9-LeaderElection9] INFO  impl.RoleInfo (RoleInfo.java:shutdownLeaderElection(134)) - c3d1d4b8-f513-489f-ad1a-d9e469eb6c8d: shutdown LeaderElection
2019-10-17 21:54:42,329 [c3d1d4b8-f513-489f-ad1a-d9e469eb6c8d@group-5E627D0C77E9-LeaderElection9] INFO  impl.RaftServerImpl (RaftServerImpl.java:setRole(184)) - c3d1d4b8-f513-489f-ad1a-d9e469eb6c8d@group-5E627D0C77E9: changes role from CANDIDATE to LEADER at term 1 for changeToLeader
2019-10-17 21:54:42,330 [c3d1d4b8-f513-489f-ad1a-d9e469eb6c8d@group-5E627D0C77E9-LeaderElection9] INFO  impl.RaftServerImpl (ServerState.java:setLeader(256)) - c3d1d4b8-f513-489f-ad1a-d9e469eb6c8d@group-5E627D0C77E9: change Leader from null to c3d1d4b8-f513-489f-ad1a-d9e469eb6c8d at term 1 for becomeLeader, leader elected after 186ms
2019-10-17 21:54:42,330 [c3d1d4b8-f513-489f-ad1a-d9e469eb6c8d@group-5E627D0C77E9-LeaderElection9] INFO  server.RaftServerConfigKeys (ConfUtils.java:logGet(43)) - raft.server.staging.catchup.gap = 1000 (default)
2019-10-17 21:54:42,330 [c3d1d4b8-f513-489f-ad1a-d9e469eb6c8d@group-5E627D0C77E9-LeaderElection9] INFO  server.RaftServerConfigKeys (ConfUtils.java:logGet(43)) - raft.server.rpc.sleep.time = 25ms (default)
2019-10-17 21:54:42,330 [c3d1d4b8-f513-489f-ad1a-d9e469eb6c8d@group-5E627D0C77E9-LeaderElection9] INFO  server.RaftServerConfigKeys (ConfUtils.java:logGet(43)) - raft.server.write.element-limit = 4096 (default)
2019-10-17 21:54:42,330 [c3d1d4b8-f513-489f-ad1a-d9e469eb6c8d@group-5E627D0C77E9-LeaderElection9] INFO  server.RaftServerConfigKeys (ConfUtils.java:logGet(43)) - raft.server.watch.timeout = 10s (default)
2019-10-17 21:54:42,331 [c3d1d4b8-f513-489f-ad1a-d9e469eb6c8d@group-5E627D0C77E9-LeaderElection9] INFO  server.RaftServerConfigKeys (ConfUtils.java:logGet(43)) - raft.server.watch.timeout.denomination = 1s (default)
2019-10-17 21:54:42,331 [c3d1d4b8-f513-489f-ad1a-d9e469eb6c8d@group-5E627D0C77E9-LeaderElection9] INFO  server.RaftServerConfigKeys (ConfUtils.java:logGet(43)) - raft.server.watch.element-limit = 65536 (default)
2019-10-17 21:54:42,335 [c3d1d4b8-f513-489f-ad1a-d9e469eb6c8d@group-5E627D0C77E9-LeaderElection9] INFO  impl.RoleInfo (RoleInfo.java:updateAndGet(143)) - c3d1d4b8-f513-489f-ad1a-d9e469eb6c8d: start LeaderState
2019-10-17 21:54:42,335 [c3d1d4b8-f513-489f-ad1a-d9e469eb6c8d@group-5E627D0C77E9-LeaderElection9] INFO  segmented.SegmentedRaftLogWorker (SegmentedRaftLogWorker.java:startLogSegment(385)) - c3d1d4b8-f513-489f-ad1a-d9e469eb6c8d@group-5E627D0C77E9-SegmentedRaftLogWorker: Starting segment from index:0
2019-10-17 21:54:42,336 [c3d1d4b8-f513-489f-ad1a-d9e469eb6c8d@group-5E627D0C77E9-LeaderElection9] INFO  impl.RaftServerImpl (ServerState.java:setRaftConf(357)) - c3d1d4b8-f513-489f-ad1a-d9e469eb6c8d@group-5E627D0C77E9: set configuration 0: [c3d1d4b8-f513-489f-ad1a-d9e469eb6c8d:192.168.157.223:35769], old=null at 0
2019-10-17 21:54:42,366 [pool-117-thread-1] INFO  storage.RaftStorage (RaftStorage.java:format(84)) - Storage directory /workdir/hadoop-ozone/integration-test/target/test-dir/MiniOzoneClusterImpl-8354d78d-dcd0-455c-bdef-cdb54255caab/datanode-9/data/ratis/79705d85-8c11-4082-a1d0-3097d7458558 has been successfully formatted.
2019-10-17 21:54:42,366 [pool-97-thread-1] INFO  storage.RaftStorage (RaftStorage.java:format(84)) - Storage directory /workdir/hadoop-ozone/integration-test/target/test-dir/MiniOzoneClusterImpl-8354d78d-dcd0-455c-bdef-cdb54255caab/datanode-7/data/ratis/79705d85-8c11-4082-a1d0-3097d7458558 has been successfully formatted.
2019-10-17 21:54:42,366 [pool-117-thread-1] INFO  ratis.ContainerStateMachine (ContainerStateMachine.java:loadSnapshot(231)) - group-3097D7458558: The snapshot info is null. Setting the last applied indexto:(t:0, i:~)
2019-10-17 21:54:42,366 [pool-47-thread-1] INFO  storage.RaftStorage (RaftStorage.java:format(84)) - Storage directory /workdir/hadoop-ozone/integration-test/target/test-dir/MiniOzoneClusterImpl-8354d78d-dcd0-455c-bdef-cdb54255caab/datanode-2/data/ratis/79705d85-8c11-4082-a1d0-3097d7458558 has been successfully formatted.
2019-10-17 21:54:42,366 [pool-117-thread-1] INFO  server.RaftServerConfigKeys (ConfUtils.java:logGet(43)) - raft.server.notification.no-leader.timeout = 120s (custom)
2019-10-17 21:54:42,366 [pool-97-thread-1] INFO  ratis.ContainerStateMachine (ContainerStateMachine.java:loadSnapshot(231)) - group-3097D7458558: The snapshot info is null. Setting the last applied indexto:(t:0, i:~)
2019-10-17 21:54:42,367 [pool-47-thread-1] INFO  ratis.ContainerStateMachine (ContainerStateMachine.java:loadSnapshot(231)) - group-3097D7458558: The snapshot info is null. Setting the last applied indexto:(t:0, i:~)
2019-10-17 21:54:42,366 [pool-117-thread-1] INFO  server.RaftServerConfigKeys (ConfUtils.java:logGet(43)) - raft.server.log.use.memory = false (default)
2019-10-17 21:54:42,367 [pool-47-thread-1] INFO  server.RaftServerConfigKeys (ConfUtils.java:logGet(43)) - raft.server.notification.no-leader.timeout = 120s (custom)
2019-10-17 21:54:42,367 [pool-97-thread-1] INFO  server.RaftServerConfigKeys (ConfUtils.java:logGet(43)) - raft.server.notification.no-leader.timeout = 120s (custom)
2019-10-17 21:54:42,367 [pool-47-thread-1] INFO  server.RaftServerConfigKeys (ConfUtils.java:logGet(43)) - raft.server.log.use.memory = false (default)
2019-10-17 21:54:42,367 [pool-117-thread-1] INFO  server.RaftServerConfigKeys (ConfUtils.java:logGet(43)) - raft.server.log.purge.gap = 1000000 (custom)
2019-10-17 21:54:42,367 [pool-47-thread-1] INFO  server.RaftServerConfigKeys (ConfUtils.java:logGet(43)) - raft.server.log.purge.gap = 1000000 (custom)
2019-10-17 21:54:42,367 [pool-97-thread-1] INFO  server.RaftServerConfigKeys (ConfUtils.java:logGet(43)) - raft.server.log.use.memory = false (default)
2019-10-17 21:54:42,368 [pool-47-thread-1] INFO  server.RaftServerConfigKeys (ConfUtils.java:logGet(43)) - raft.server.log.appender.buffer.byte-limit = 33554432 (custom)
2019-10-17 21:54:42,367 [pool-117-thread-1] INFO  server.RaftServerConfigKeys (ConfUtils.java:logGet(43)) - raft.server.log.appender.buffer.byte-limit = 33554432 (custom)
2019-10-17 21:54:42,368 [pool-47-thread-1] INFO  server.RaftServerConfigKeys (ConfUtils.java:logGet(43)) - raft.server.log.segment.size.max = 1048576 (custom)
2019-10-17 21:54:42,368 [pool-97-thread-1] INFO  server.RaftServerConfigKeys (ConfUtils.java:logGet(43)) - raft.server.log.purge.gap = 1000000 (custom)
2019-10-17 21:54:42,368 [pool-47-thread-1] INFO  server.RaftServerConfigKeys (ConfUtils.java:logGet(43)) - raft.server.log.segment.cache.num.max = 2 (custom)
2019-10-17 21:54:42,368 [pool-117-thread-1] INFO  server.RaftServerConfigKeys (ConfUtils.java:logGet(43)) - raft.server.log.segment.size.max = 1048576 (custom)
2019-10-17 21:54:42,368 [pool-47-thread-1] INFO  segmented.SegmentedRaftLogWorker (SegmentedRaftLogWorker.java:<init>(173)) - new db0af43e-c62e-4c1d-affa-ffdb4faae2f8@group-3097D7458558-SegmentedRaftLogWorker for RaftStorage:Storage Directory /workdir/hadoop-ozone/integration-test/target/test-dir/MiniOzoneClusterImpl-8354d78d-dcd0-455c-bdef-cdb54255caab/datanode-2/data/ratis/79705d85-8c11-4082-a1d0-3097d7458558
2019-10-17 21:54:42,368 [pool-97-thread-1] INFO  server.RaftServerConfigKeys (ConfUtils.java:logGet(43)) - raft.server.log.appender.buffer.byte-limit = 33554432 (custom)
2019-10-17 21:54:42,369 [pool-47-thread-1] INFO  server.RaftServerConfigKeys (ConfUtils.java:logGet(43)) - raft.server.log.queue.byte-limit = 2147483647 (custom)
2019-10-17 21:54:42,369 [pool-117-thread-1] INFO  server.RaftServerConfigKeys (ConfUtils.java:logGet(43)) - raft.server.log.segment.cache.num.max = 2 (custom)
2019-10-17 21:54:42,369 [pool-47-thread-1] INFO  server.RaftServerConfigKeys (ConfUtils.java:logGet(43)) - raft.server.log.queue.element-limit = 1024 (custom)
2019-10-17 21:54:42,369 [pool-97-thread-1] INFO  server.RaftServerConfigKeys (ConfUtils.java:logGet(43)) - raft.server.log.segment.size.max = 1048576 (custom)
2019-10-17 21:54:42,369 [pool-47-thread-1] INFO  server.RaftServerConfigKeys (ConfUtils.java:logGet(43)) - raft.server.log.segment.size.max = 1048576 (custom)
2019-10-17 21:54:42,369 [pool-117-thread-1] INFO  segmented.SegmentedRaftLogWorker (SegmentedRaftLogWorker.java:<init>(173)) - new 92c37ee0-6a4e-44d1-b217-daba3b24c095@group-3097D7458558-SegmentedRaftLogWorker for RaftStorage:Storage Directory /workdir/hadoop-ozone/integration-test/target/test-dir/MiniOzoneClusterImpl-8354d78d-dcd0-455c-bdef-cdb54255caab/datanode-9/data/ratis/79705d85-8c11-4082-a1d0-3097d7458558
2019-10-17 21:54:42,370 [pool-47-thread-1] INFO  server.RaftServerConfigKeys (ConfUtils.java:logGet(43)) - raft.server.log.preallocated.size = 16384 (custom)
2019-10-17 21:54:42,369 [pool-97-thread-1] INFO  server.RaftServerConfigKeys (ConfUtils.java:logGet(43)) - raft.server.log.segment.cache.num.max = 2 (custom)
2019-10-17 21:54:42,370 [pool-47-thread-1] INFO  server.RaftServerConfigKeys (ConfUtils.java:logGet(43)) - raft.server.log.write.buffer.size = 33554432 (custom)
2019-10-17 21:54:42,370 [pool-117-thread-1] INFO  server.RaftServerConfigKeys (ConfUtils.java:logGet(43)) - raft.server.log.queue.byte-limit = 2147483647 (custom)
2019-10-17 21:54:42,370 [pool-47-thread-1] INFO  server.RaftServerConfigKeys (ConfUtils.java:logGet(43)) - raft.server.log.force.sync.num = 128 (default)
2019-10-17 21:54:42,370 [pool-97-thread-1] INFO  segmented.SegmentedRaftLogWorker (SegmentedRaftLogWorker.java:<init>(173)) - new de567563-d0dd-4cf2-91b7-f72627909699@group-3097D7458558-SegmentedRaftLogWorker for RaftStorage:Storage Directory /workdir/hadoop-ozone/integration-test/target/test-dir/MiniOzoneClusterImpl-8354d78d-dcd0-455c-bdef-cdb54255caab/datanode-7/data/ratis/79705d85-8c11-4082-a1d0-3097d7458558
2019-10-17 21:54:42,370 [pool-47-thread-1] INFO  server.RaftServerConfigKeys (ConfUtils.java:logGet(43)) - raft.server.log.statemachine.data.sync = true (default)
2019-10-17 21:54:42,370 [pool-117-thread-1] INFO  server.RaftServerConfigKeys (ConfUtils.java:logGet(43)) - raft.server.log.queue.element-limit = 1024 (custom)
2019-10-17 21:54:42,371 [pool-47-thread-1] INFO  server.RaftServerConfigKeys (ConfUtils.java:logGet(43)) - raft.server.log.statemachine.data.sync.timeout = 10s (default)
2019-10-17 21:54:42,370 [pool-97-thread-1] INFO  server.RaftServerConfigKeys (ConfUtils.java:logGet(43)) - raft.server.log.queue.byte-limit = 2147483647 (custom)
2019-10-17 21:54:42,371 [pool-47-thread-1] INFO  server.RaftServerConfigKeys (ConfUtils.java:logGet(43)) - raft.server.log.statemachine.data.sync.timeout.retry = -1 (default)
2019-10-17 21:54:42,371 [pool-117-thread-1] INFO  server.RaftServerConfigKeys (ConfUtils.java:logGet(43)) - raft.server.log.segment.size.max = 1048576 (custom)
2019-10-17 21:54:42,371 [pool-97-thread-1] INFO  server.RaftServerConfigKeys (ConfUtils.java:logGet(43)) - raft.server.log.queue.element-limit = 1024 (custom)
2019-10-17 21:54:42,371 [pool-117-thread-1] INFO  server.RaftServerConfigKeys (ConfUtils.java:logGet(43)) - raft.server.log.preallocated.size = 16384 (custom)
2019-10-17 21:54:42,371 [pool-47-thread-1] INFO  server.RaftServerConfigKeys (ConfUtils.java:logGet(43)) - raft.server.log.statemachine.data.caching.enabled = true (custom)
2019-10-17 21:54:42,372 [pool-117-thread-1] INFO  server.RaftServerConfigKeys (ConfUtils.java:logGet(43)) - raft.server.log.write.buffer.size = 33554432 (custom)
2019-10-17 21:54:42,372 [pool-97-thread-1] INFO  server.RaftServerConfigKeys (ConfUtils.java:logGet(43)) - raft.server.log.segment.size.max = 1048576 (custom)
2019-10-17 21:54:42,372 [pool-117-thread-1] INFO  server.RaftServerConfigKeys (ConfUtils.java:logGet(43)) - raft.server.log.force.sync.num = 128 (default)
2019-10-17 21:54:42,372 [pool-47-thread-1] INFO  segmented.SegmentedRaftLogWorker (SegmentedRaftLogWorker.java:lambda$new$0(128)) - db0af43e-c62e-4c1d-affa-ffdb4faae2f8@group-3097D7458558-SegmentedRaftLogWorker: flushIndex: setUnconditionally 0 -> -1
2019-10-17 21:54:42,372 [pool-97-thread-1] INFO  server.RaftServerConfigKeys (ConfUtils.java:logGet(43)) - raft.server.log.preallocated.size = 16384 (custom)
2019-10-17 21:54:42,372 [pool-117-thread-1] INFO  server.RaftServerConfigKeys (ConfUtils.java:logGet(43)) - raft.server.log.statemachine.data.sync = true (default)
2019-10-17 21:54:42,373 [pool-47-thread-1] INFO  server.RaftServerConfigKeys (ConfUtils.java:logGet(43)) - raft.server.snapshot.auto.trigger.enabled = true (custom)
2019-10-17 21:54:42,373 [pool-97-thread-1] INFO  server.RaftServerConfigKeys (ConfUtils.java:logGet(43)) - raft.server.log.write.buffer.size = 33554432 (custom)
2019-10-17 21:54:42,373 [pool-47-thread-1] INFO  server.RaftServerConfigKeys (ConfUtils.java:logGet(43)) - raft.server.snapshot.auto.trigger.threshold = 10000 (custom)
2019-10-17 21:54:42,373 [pool-117-thread-1] INFO  server.RaftServerConfigKeys (ConfUtils.java:logGet(43)) - raft.server.log.statemachine.data.sync.timeout = 10s (default)
2019-10-17 21:54:42,373 [pool-47-thread-1] INFO  server.RaftServerConfigKeys (ConfUtils.java:logGet(43)) - raft.server.snapshot.retention.file.num = 5 (custom)
2019-10-17 21:54:42,373 [pool-97-thread-1] INFO  server.RaftServerConfigKeys (ConfUtils.java:logGet(43)) - raft.server.log.force.sync.num = 128 (default)
2019-10-17 21:54:42,373 [pool-117-thread-1] INFO  server.RaftServerConfigKeys (ConfUtils.java:logGet(43)) - raft.server.log.statemachine.data.sync.timeout.retry = -1 (default)
2019-10-17 21:54:42,373 [pool-97-thread-1] INFO  server.RaftServerConfigKeys (ConfUtils.java:logGet(43)) - raft.server.log.statemachine.data.sync = true (default)
2019-10-17 21:54:42,373 [pool-47-thread-1] INFO  server.RaftServerConfigKeys (ConfUtils.java:logGet(43)) - raft.server.retrycache.expirytime = 600000ms (custom)
2019-10-17 21:54:42,374 [pool-97-thread-1] INFO  server.RaftServerConfigKeys (ConfUtils.java:logGet(43)) - raft.server.log.statemachine.data.sync.timeout = 10s (default)
2019-10-17 21:54:42,374 [pool-117-thread-1] INFO  server.RaftServerConfigKeys (ConfUtils.java:logGet(43)) - raft.server.log.statemachine.data.caching.enabled = true (custom)
2019-10-17 21:54:42,374 [pool-97-thread-1] INFO  server.RaftServerConfigKeys (ConfUtils.java:logGet(43)) - raft.server.log.statemachine.data.sync.timeout.retry = -1 (default)
2019-10-17 21:54:42,374 [pool-117-thread-1] INFO  segmented.SegmentedRaftLogWorker (SegmentedRaftLogWorker.java:lambda$new$0(128)) - 92c37ee0-6a4e-44d1-b217-daba3b24c095@group-3097D7458558-SegmentedRaftLogWorker: flushIndex: setUnconditionally 0 -> -1
2019-10-17 21:54:42,374 [pool-97-thread-1] INFO  server.RaftServerConfigKeys (ConfUtils.java:logGet(43)) - raft.server.log.statemachine.data.caching.enabled = true (custom)
2019-10-17 21:54:42,374 [pool-117-thread-1] INFO  server.RaftServerConfigKeys (ConfUtils.java:logGet(43)) - raft.server.snapshot.auto.trigger.enabled = true (custom)
2019-10-17 21:54:42,375 [pool-117-thread-1] INFO  server.RaftServerConfigKeys (ConfUtils.java:logGet(43)) - raft.server.snapshot.auto.trigger.threshold = 10000 (custom)
2019-10-17 21:54:42,375 [pool-97-thread-1] INFO  segmented.SegmentedRaftLogWorker (SegmentedRaftLogWorker.java:lambda$new$0(128)) - de567563-d0dd-4cf2-91b7-f72627909699@group-3097D7458558-SegmentedRaftLogWorker: flushIndex: setUnconditionally 0 -> -1
2019-10-17 21:54:42,375 [pool-117-thread-1] INFO  server.RaftServerConfigKeys (ConfUtils.java:logGet(43)) - raft.server.snapshot.retention.file.num = 5 (custom)
2019-10-17 21:54:42,375 [pool-117-thread-1] INFO  server.RaftServerConfigKeys (ConfUtils.java:logGet(43)) - raft.server.retrycache.expirytime = 600000ms (custom)
2019-10-17 21:54:42,375 [pool-97-thread-1] INFO  server.RaftServerConfigKeys (ConfUtils.java:logGet(43)) - raft.server.snapshot.auto.trigger.enabled = true (custom)
2019-10-17 21:54:42,375 [pool-97-thread-1] INFO  server.RaftServerConfigKeys (ConfUtils.java:logGet(43)) - raft.server.snapshot.auto.trigger.threshold = 10000 (custom)
2019-10-17 21:54:42,376 [pool-97-thread-1] INFO  server.RaftServerConfigKeys (ConfUtils.java:logGet(43)) - raft.server.snapshot.retention.file.num = 5 (custom)
2019-10-17 21:54:42,376 [pool-97-thread-1] INFO  server.RaftServerConfigKeys (ConfUtils.java:logGet(43)) - raft.server.retrycache.expirytime = 600000ms (custom)
2019-10-17 21:54:42,378 [pool-47-thread-1] INFO  impl.RaftServerImpl (RaftServerImpl.java:start(195)) - db0af43e-c62e-4c1d-affa-ffdb4faae2f8@group-3097D7458558: start as a follower, conf=-1: [92c37ee0-6a4e-44d1-b217-daba3b24c095:192.168.157.223:35068, de567563-d0dd-4cf2-91b7-f72627909699:192.168.157.223:42420, db0af43e-c62e-4c1d-affa-ffdb4faae2f8:192.168.157.223:36633], old=null
2019-10-17 21:54:42,378 [pool-47-thread-1] INFO  impl.RaftServerImpl (RaftServerImpl.java:setRole(184)) - db0af43e-c62e-4c1d-affa-ffdb4faae2f8@group-3097D7458558: changes role from      null to FOLLOWER at term 0 for startAsFollower
2019-10-17 21:54:42,378 [c3d1d4b8-f513-489f-ad1a-d9e469eb6c8d@group-5E627D0C77E9-SegmentedRaftLogWorker] INFO  segmented.SegmentedRaftLogWorker (SegmentedRaftLogWorker.java:execute(576)) - c3d1d4b8-f513-489f-ad1a-d9e469eb6c8d@group-5E627D0C77E9-SegmentedRaftLogWorker: created new log segment /workdir/hadoop-ozone/integration-test/target/test-dir/MiniOzoneClusterImpl-8354d78d-dcd0-455c-bdef-cdb54255caab/datanode-5/data/ratis/1740f177-c6e4-4f77-b552-5e627d0c77e9/current/log_inprogress_0
2019-10-17 21:54:42,378 [pool-47-thread-1] INFO  impl.RoleInfo (RoleInfo.java:updateAndGet(143)) - db0af43e-c62e-4c1d-affa-ffdb4faae2f8: start FollowerState
2019-10-17 21:54:42,379 [pool-47-thread-1] INFO  util.JmxRegister (JmxRegister.java:tryRegister(44)) - Successfully registered JMX Bean with object name Ratis:service=RaftServer,group=group-3097D7458558,id=db0af43e-c62e-4c1d-affa-ffdb4faae2f8
2019-10-17 21:54:42,379 [pool-117-thread-1] INFO  impl.RaftServerImpl (RaftServerImpl.java:start(195)) - 92c37ee0-6a4e-44d1-b217-daba3b24c095@group-3097D7458558: start as a follower, conf=-1: [92c37ee0-6a4e-44d1-b217-daba3b24c095:192.168.157.223:35068, de567563-d0dd-4cf2-91b7-f72627909699:192.168.157.223:42420, db0af43e-c62e-4c1d-affa-ffdb4faae2f8:192.168.157.223:36633], old=null
2019-10-17 21:54:42,379 [pool-117-thread-1] INFO  impl.RaftServerImpl (RaftServerImpl.java:setRole(184)) - 92c37ee0-6a4e-44d1-b217-daba3b24c095@group-3097D7458558: changes role from      null to FOLLOWER at term 0 for startAsFollower
2019-10-17 21:54:42,379 [pool-117-thread-1] INFO  impl.RoleInfo (RoleInfo.java:updateAndGet(143)) - 92c37ee0-6a4e-44d1-b217-daba3b24c095: start FollowerState
2019-10-17 21:54:42,380 [pool-97-thread-1] INFO  impl.RaftServerImpl (RaftServerImpl.java:start(195)) - de567563-d0dd-4cf2-91b7-f72627909699@group-3097D7458558: start as a follower, conf=-1: [92c37ee0-6a4e-44d1-b217-daba3b24c095:192.168.157.223:35068, de567563-d0dd-4cf2-91b7-f72627909699:192.168.157.223:42420, db0af43e-c62e-4c1d-affa-ffdb4faae2f8:192.168.157.223:36633], old=null
2019-10-17 21:54:42,380 [pool-117-thread-1] INFO  util.JmxRegister (JmxRegister.java:tryRegister(44)) - Successfully registered JMX Bean with object name Ratis:service=RaftServer,group=group-3097D7458558,id=92c37ee0-6a4e-44d1-b217-daba3b24c095
2019-10-17 21:54:42,380 [pool-97-thread-1] INFO  impl.RaftServerImpl (RaftServerImpl.java:setRole(184)) - de567563-d0dd-4cf2-91b7-f72627909699@group-3097D7458558: changes role from      null to FOLLOWER at term 0 for startAsFollower
2019-10-17 21:54:42,380 [pool-97-thread-1] INFO  impl.RoleInfo (RoleInfo.java:updateAndGet(143)) - de567563-d0dd-4cf2-91b7-f72627909699: start FollowerState
2019-10-17 21:54:42,381 [pool-97-thread-1] INFO  util.JmxRegister (JmxRegister.java:tryRegister(44)) - Successfully registered JMX Bean with object name Ratis:service=RaftServer,group=group-3097D7458558,id=de567563-d0dd-4cf2-91b7-f72627909699
2019-10-17 21:54:42,415 [RatisPipelineUtilsThread] INFO  pipeline.PipelineStateManager (PipelineStateManager.java:addPipeline(56)) - Created pipeline Pipeline[ Id: 79705d85-8c11-4082-a1d0-3097d7458558, Nodes: 92c37ee0-6a4e-44d1-b217-daba3b24c095{ip: 192.168.157.223, host: pr-hdds-2310-7mltm-1665714090, networkLocation: /default-rack, certSerialId: null}de567563-d0dd-4cf2-91b7-f72627909699{ip: 192.168.157.223, host: pr-hdds-2310-7mltm-1665714090, networkLocation: /default-rack, certSerialId: null}db0af43e-c62e-4c1d-affa-ffdb4faae2f8{ip: 192.168.157.223, host: pr-hdds-2310-7mltm-1665714090, networkLocation: /default-rack, certSerialId: null}, Type:RATIS, Factor:THREE, State:OPEN]
2019-10-17 21:54:42,422 [Thread-336] INFO  impl.FollowerState (FollowerState.java:run(108)) - db0af43e-c62e-4c1d-affa-ffdb4faae2f8@group-3097D7458558-FollowerState: change to CANDIDATE, lastRpcTime:43ms, electionTimeout:43ms
2019-10-17 21:54:42,422 [Thread-336] INFO  impl.RoleInfo (RoleInfo.java:shutdownFollowerState(121)) - db0af43e-c62e-4c1d-affa-ffdb4faae2f8: shutdown FollowerState
2019-10-17 21:54:42,422 [Thread-336] INFO  impl.RaftServerImpl (RaftServerImpl.java:setRole(184)) - db0af43e-c62e-4c1d-affa-ffdb4faae2f8@group-3097D7458558: changes role from  FOLLOWER to CANDIDATE at term 0 for changeToCandidate
2019-10-17 21:54:42,423 [Thread-336] INFO  impl.RoleInfo (RoleInfo.java:updateAndGet(143)) - db0af43e-c62e-4c1d-affa-ffdb4faae2f8: start LeaderElection
2019-10-17 21:54:42,425 [Thread-329] INFO  impl.FollowerState (FollowerState.java:run(108)) - f6afcf7f-f3cc-4d61-b406-e2750f6d6b8c@group-4DFBE40C9EE0-FollowerState: change to CANDIDATE, lastRpcTime:179ms, electionTimeout:178ms
2019-10-17 21:54:42,429 [Thread-329] INFO  impl.RoleInfo (RoleInfo.java:shutdownFollowerState(121)) - f6afcf7f-f3cc-4d61-b406-e2750f6d6b8c: shutdown FollowerState
2019-10-17 21:54:42,429 [Thread-329] INFO  impl.RaftServerImpl (RaftServerImpl.java:setRole(184)) - f6afcf7f-f3cc-4d61-b406-e2750f6d6b8c@group-4DFBE40C9EE0: changes role from  FOLLOWER to CANDIDATE at term 0 for changeToCandidate
2019-10-17 21:54:42,432 [Thread-329] INFO  impl.RoleInfo (RoleInfo.java:updateAndGet(143)) - f6afcf7f-f3cc-4d61-b406-e2750f6d6b8c: start LeaderElection
2019-10-17 21:54:42,444 [grpc-default-executor-2] INFO  impl.RaftServerProxy (RaftServerProxy.java:addNew(89)) - 08d4cbaa-ffed-4411-a5fd-c4a38026aead: addNew group-F967393F7C93:[08d4cbaa-ffed-4411-a5fd-c4a38026aead:192.168.157.223:33910, da15dfee-23f0-4dc4-ad77-c00156c49cfa:192.168.157.223:42172, d6dfcdd7-fc6e-4b51-b91e-b64503dadc5e:192.168.157.223:43575] returns group-F967393F7C93:java.util.concurrent.CompletableFuture@654aaf07[Not completed]
2019-10-17 21:54:42,444 [grpc-default-executor-1] INFO  impl.RaftServerProxy (RaftServerProxy.java:addNew(89)) - d6dfcdd7-fc6e-4b51-b91e-b64503dadc5e: addNew group-F967393F7C93:[08d4cbaa-ffed-4411-a5fd-c4a38026aead:192.168.157.223:33910, da15dfee-23f0-4dc4-ad77-c00156c49cfa:192.168.157.223:42172, d6dfcdd7-fc6e-4b51-b91e-b64503dadc5e:192.168.157.223:43575] returns group-F967393F7C93:java.util.concurrent.CompletableFuture@82eade1[Not completed]
2019-10-17 21:54:42,446 [f6afcf7f-f3cc-4d61-b406-e2750f6d6b8c@group-4DFBE40C9EE0-LeaderElection11] INFO  impl.LeaderElection (LeaderElection.java:askForVotes(178)) - f6afcf7f-f3cc-4d61-b406-e2750f6d6b8c@group-4DFBE40C9EE0-LeaderElection11: begin an election at term 1 for -1: [f6afcf7f-f3cc-4d61-b406-e2750f6d6b8c:192.168.157.223:45157], old=null
2019-10-17 21:54:42,446 [db0af43e-c62e-4c1d-affa-ffdb4faae2f8@group-3097D7458558-LeaderElection10] INFO  impl.LeaderElection (LeaderElection.java:askForVotes(178)) - db0af43e-c62e-4c1d-affa-ffdb4faae2f8@group-3097D7458558-LeaderElection10: begin an election at term 1 for -1: [92c37ee0-6a4e-44d1-b217-daba3b24c095:192.168.157.223:35068, de567563-d0dd-4cf2-91b7-f72627909699:192.168.157.223:42420, db0af43e-c62e-4c1d-affa-ffdb4faae2f8:192.168.157.223:36633], old=null
2019-10-17 21:54:42,446 [f6afcf7f-f3cc-4d61-b406-e2750f6d6b8c@group-4DFBE40C9EE0-LeaderElection11] INFO  impl.RoleInfo (RoleInfo.java:shutdownLeaderElection(134)) - f6afcf7f-f3cc-4d61-b406-e2750f6d6b8c: shutdown LeaderElection
2019-10-17 21:54:42,446 [f6afcf7f-f3cc-4d61-b406-e2750f6d6b8c@group-4DFBE40C9EE0-LeaderElection11] INFO  impl.RaftServerImpl (RaftServerImpl.java:setRole(184)) - f6afcf7f-f3cc-4d61-b406-e2750f6d6b8c@group-4DFBE40C9EE0: changes role from CANDIDATE to LEADER at term 1 for changeToLeader
2019-10-17 21:54:42,447 [f6afcf7f-f3cc-4d61-b406-e2750f6d6b8c@group-4DFBE40C9EE0-LeaderElection11] INFO  impl.RaftServerImpl (ServerState.java:setLeader(256)) - f6afcf7f-f3cc-4d61-b406-e2750f6d6b8c@group-4DFBE40C9EE0: change Leader from null to f6afcf7f-f3cc-4d61-b406-e2750f6d6b8c at term 1 for becomeLeader, leader elected after 214ms
2019-10-17 21:54:42,447 [Thread-338] INFO  impl.FollowerState (FollowerState.java:run(108)) - de567563-d0dd-4cf2-91b7-f72627909699@group-3097D7458558-FollowerState: change to CANDIDATE, lastRpcTime:66ms, electionTimeout:66ms
2019-10-17 21:54:42,447 [grpc-default-executor-1] INFO  impl.RaftServerProxy (RaftServerProxy.java:addNew(89)) - da15dfee-23f0-4dc4-ad77-c00156c49cfa: addNew group-F967393F7C93:[08d4cbaa-ffed-4411-a5fd-c4a38026aead:192.168.157.223:33910, da15dfee-23f0-4dc4-ad77-c00156c49cfa:192.168.157.223:42172, d6dfcdd7-fc6e-4b51-b91e-b64503dadc5e:192.168.157.223:43575] returns group-F967393F7C93:java.util.concurrent.CompletableFuture@5712e499[Not completed]
2019-10-17 21:54:42,447 [f6afcf7f-f3cc-4d61-b406-e2750f6d6b8c@group-4DFBE40C9EE0-LeaderElection11] INFO  server.RaftServerConfigKeys (ConfUtils.java:logGet(43)) - raft.server.staging.catchup.gap = 1000 (default)
2019-10-17 21:54:42,447 [Thread-338] INFO  impl.RoleInfo (RoleInfo.java:shutdownFollowerState(121)) - de567563-d0dd-4cf2-91b7-f72627909699: shutdown FollowerState
2019-10-17 21:54:42,447 [f6afcf7f-f3cc-4d61-b406-e2750f6d6b8c@group-4DFBE40C9EE0-LeaderElection11] INFO  server.RaftServerConfigKeys (ConfUtils.java:logGet(43)) - raft.server.rpc.sleep.time = 25ms (default)
2019-10-17 21:54:42,447 [pool-37-thread-1] INFO  impl.RaftServerImpl (RaftServerImpl.java:<init>(104)) - d6dfcdd7-fc6e-4b51-b91e-b64503dadc5e: new RaftServerImpl for group-F967393F7C93:[08d4cbaa-ffed-4411-a5fd-c4a38026aead:192.168.157.223:33910, da15dfee-23f0-4dc4-ad77-c00156c49cfa:192.168.157.223:42172, d6dfcdd7-fc6e-4b51-b91e-b64503dadc5e:192.168.157.223:43575] with ContainerStateMachine:uninitialized
2019-10-17 21:54:42,447 [Thread-338] INFO  impl.RaftServerImpl (RaftServerImpl.java:setRole(184)) - de567563-d0dd-4cf2-91b7-f72627909699@group-3097D7458558: changes role from  FOLLOWER to CANDIDATE at term 0 for changeToCandidate
2019-10-17 21:54:42,448 [pool-37-thread-1] INFO  server.RaftServerConfigKeys (ConfUtils.java:logGet(43)) - raft.server.rpc.timeout.min = 1s (custom)
2019-10-17 21:54:42,448 [f6afcf7f-f3cc-4d61-b406-e2750f6d6b8c@group-4DFBE40C9EE0-LeaderElection11] INFO  server.RaftServerConfigKeys (ConfUtils.java:logGet(43)) - raft.server.write.element-limit = 4096 (default)
2019-10-17 21:54:42,448 [pool-37-thread-1] INFO  server.RaftServerConfigKeys (ConfUtils.java:logGet(43)) - raft.server.rpc.timeout.max = 1200ms (custom)
2019-10-17 21:54:42,448 [Thread-338] INFO  impl.RoleInfo (RoleInfo.java:updateAndGet(143)) - de567563-d0dd-4cf2-91b7-f72627909699: start LeaderElection
2019-10-17 21:54:42,448 [pool-37-thread-1] INFO  server.RaftServerConfigKeys (ConfUtils.java:logGet(43)) - raft.server.rpcslowness.timeout = 120s (custom)
2019-10-17 21:54:42,448 [f6afcf7f-f3cc-4d61-b406-e2750f6d6b8c@group-4DFBE40C9EE0-LeaderElection11] INFO  server.RaftServerConfigKeys (ConfUtils.java:logGet(43)) - raft.server.watch.timeout = 10s (default)
2019-10-17 21:54:42,448 [pool-37-thread-1] INFO  server.RaftServerConfigKeys (ConfUtils.java:logGet(43)) - raft.server.sleep.deviation.threshold = 300 (default)
2019-10-17 21:54:42,448 [f6afcf7f-f3cc-4d61-b406-e2750f6d6b8c@group-4DFBE40C9EE0-LeaderElection11] INFO  server.RaftServerConfigKeys (ConfUtils.java:logGet(43)) - raft.server.watch.timeout.denomination = 1s (default)
2019-10-17 21:54:42,450 [pool-37-thread-1] INFO  server.RaftServerConfigKeys (ConfUtils.java:logGet(43)) - raft.server.log.appender.install.snapshot.enabled = false (custom)
2019-10-17 21:54:42,454 [f6afcf7f-f3cc-4d61-b406-e2750f6d6b8c@group-4DFBE40C9EE0-LeaderElection11] INFO  server.RaftServerConfigKeys (ConfUtils.java:logGet(43)) - raft.server.watch.element-limit = 65536 (default)
2019-10-17 21:54:42,451 [pool-57-thread-1] INFO  impl.RaftServerImpl (RaftServerImpl.java:<init>(104)) - da15dfee-23f0-4dc4-ad77-c00156c49cfa: new RaftServerImpl for group-F967393F7C93:[08d4cbaa-ffed-4411-a5fd-c4a38026aead:192.168.157.223:33910, da15dfee-23f0-4dc4-ad77-c00156c49cfa:192.168.157.223:42172, d6dfcdd7-fc6e-4b51-b91e-b64503dadc5e:192.168.157.223:43575] with ContainerStateMachine:uninitialized
2019-10-17 21:54:42,454 [pool-37-thread-1] INFO  impl.RaftServerImpl (ServerState.java:<init>(103)) - d6dfcdd7-fc6e-4b51-b91e-b64503dadc5e@group-F967393F7C93: ConfigurationManager, init=-1: [08d4cbaa-ffed-4411-a5fd-c4a38026aead:192.168.157.223:33910, da15dfee-23f0-4dc4-ad77-c00156c49cfa:192.168.157.223:42172, d6dfcdd7-fc6e-4b51-b91e-b64503dadc5e:192.168.157.223:43575], old=null, confs=<EMPTY_MAP>
2019-10-17 21:54:42,454 [pool-57-thread-1] INFO  server.RaftServerConfigKeys (ConfUtils.java:logGet(43)) - raft.server.rpc.timeout.min = 1s (custom)
2019-10-17 21:54:42,455 [pool-37-thread-1] INFO  server.RaftServerConfigKeys (ConfUtils.java:logGet(43)) - raft.server.storage.dir = [/workdir/hadoop-ozone/integration-test/target/test-dir/MiniOzoneClusterImpl-8354d78d-dcd0-455c-bdef-cdb54255caab/datanode-1/data/ratis] (custom)
2019-10-17 21:54:42,455 [pool-57-thread-1] INFO  server.RaftServerConfigKeys (ConfUtils.java:logGet(43)) - raft.server.rpc.timeout.max = 1200ms (custom)
2019-10-17 21:54:42,455 [pool-57-thread-1] INFO  server.RaftServerConfigKeys (ConfUtils.java:logGet(43)) - raft.server.rpcslowness.timeout = 120s (custom)
2019-10-17 21:54:42,455 [pool-37-thread-1] INFO  server.RaftServerConfigKeys (ConfUtils.java:logGet(43)) - raft.server.log.corruption.policy = EXCEPTION (default)
2019-10-17 21:54:42,455 [pool-57-thread-1] INFO  server.RaftServerConfigKeys (ConfUtils.java:logGet(43)) - raft.server.sleep.deviation.threshold = 300 (default)
2019-10-17 21:54:42,458 [pool-57-thread-1] INFO  server.RaftServerConfigKeys (ConfUtils.java:logGet(43)) - raft.server.log.appender.install.snapshot.enabled = false (custom)
2019-10-17 21:54:42,458 [pool-37-thread-1] INFO  storage.RaftStorageDirectory (RaftStorageDirectory.java:analyzeStorage(246)) - The storage directory /workdir/hadoop-ozone/integration-test/target/test-dir/MiniOzoneClusterImpl-8354d78d-dcd0-455c-bdef-cdb54255caab/datanode-1/data/ratis/ff2c67d1-d198-49b1-9fd4-f967393f7c93 does not exist. Creating ...
2019-10-17 21:54:42,458 [pool-57-thread-1] INFO  impl.RaftServerImpl (ServerState.java:<init>(103)) - da15dfee-23f0-4dc4-ad77-c00156c49cfa@group-F967393F7C93: ConfigurationManager, init=-1: [08d4cbaa-ffed-4411-a5fd-c4a38026aead:192.168.157.223:33910, da15dfee-23f0-4dc4-ad77-c00156c49cfa:192.168.157.223:42172, d6dfcdd7-fc6e-4b51-b91e-b64503dadc5e:192.168.157.223:43575], old=null, confs=<EMPTY_MAP>
2019-10-17 21:54:42,458 [pool-27-thread-1] INFO  impl.RaftServerImpl (RaftServerImpl.java:<init>(104)) - 08d4cbaa-ffed-4411-a5fd-c4a38026aead: new RaftServerImpl for group-F967393F7C93:[08d4cbaa-ffed-4411-a5fd-c4a38026aead:192.168.157.223:33910, da15dfee-23f0-4dc4-ad77-c00156c49cfa:192.168.157.223:42172, d6dfcdd7-fc6e-4b51-b91e-b64503dadc5e:192.168.157.223:43575] with ContainerStateMachine:uninitialized
2019-10-17 21:54:42,458 [pool-57-thread-1] INFO  server.RaftServerConfigKeys (ConfUtils.java:logGet(43)) - raft.server.storage.dir = [/workdir/hadoop-ozone/integration-test/target/test-dir/MiniOzoneClusterImpl-8354d78d-dcd0-455c-bdef-cdb54255caab/datanode-3/data/ratis] (custom)
2019-10-17 21:54:42,458 [pool-27-thread-1] INFO  server.RaftServerConfigKeys (ConfUtils.java:logGet(43)) - raft.server.rpc.timeout.min = 1s (custom)
2019-10-17 21:54:42,458 [pool-27-thread-1] INFO  server.RaftServerConfigKeys (ConfUtils.java:logGet(43)) - raft.server.rpc.timeout.max = 1200ms (custom)
2019-10-17 21:54:42,458 [pool-57-thread-1] INFO  server.RaftServerConfigKeys (ConfUtils.java:logGet(43)) - raft.server.log.corruption.policy = EXCEPTION (default)
2019-10-17 21:54:42,458 [pool-27-thread-1] INFO  server.RaftServerConfigKeys (ConfUtils.java:logGet(43)) - raft.server.rpcslowness.timeout = 120s (custom)
2019-10-17 21:54:42,459 [pool-57-thread-1] INFO  storage.RaftStorageDirectory (RaftStorageDirectory.java:analyzeStorage(246)) - The storage directory /workdir/hadoop-ozone/integration-test/target/test-dir/MiniOzoneClusterImpl-8354d78d-dcd0-455c-bdef-cdb54255caab/datanode-3/data/ratis/ff2c67d1-d198-49b1-9fd4-f967393f7c93 does not exist. Creating ...
2019-10-17 21:54:42,459 [pool-27-thread-1] INFO  server.RaftServerConfigKeys (ConfUtils.java:logGet(43)) - raft.server.sleep.deviation.threshold = 300 (default)
2019-10-17 21:54:42,459 [pool-27-thread-1] INFO  server.RaftServerConfigKeys (ConfUtils.java:logGet(43)) - raft.server.log.appender.install.snapshot.enabled = false (custom)
2019-10-17 21:54:42,459 [pool-27-thread-1] INFO  impl.RaftServerImpl (ServerState.java:<init>(103)) - 08d4cbaa-ffed-4411-a5fd-c4a38026aead@group-F967393F7C93: ConfigurationManager, init=-1: [08d4cbaa-ffed-4411-a5fd-c4a38026aead:192.168.157.223:33910, da15dfee-23f0-4dc4-ad77-c00156c49cfa:192.168.157.223:42172, d6dfcdd7-fc6e-4b51-b91e-b64503dadc5e:192.168.157.223:43575], old=null, confs=<EMPTY_MAP>
2019-10-17 21:54:42,459 [pool-27-thread-1] INFO  server.RaftServerConfigKeys (ConfUtils.java:logGet(43)) - raft.server.storage.dir = [/workdir/hadoop-ozone/integration-test/target/test-dir/MiniOzoneClusterImpl-8354d78d-dcd0-455c-bdef-cdb54255caab/datanode-0/data/ratis] (custom)
2019-10-17 21:54:42,460 [pool-27-thread-1] INFO  server.RaftServerConfigKeys (ConfUtils.java:logGet(43)) - raft.server.log.corruption.policy = EXCEPTION (default)
2019-10-17 21:54:42,460 [pool-27-thread-1] INFO  storage.RaftStorageDirectory (RaftStorageDirectory.java:analyzeStorage(246)) - The storage directory /workdir/hadoop-ozone/integration-test/target/test-dir/MiniOzoneClusterImpl-8354d78d-dcd0-455c-bdef-cdb54255caab/datanode-0/data/ratis/ff2c67d1-d198-49b1-9fd4-f967393f7c93 does not exist. Creating ...
2019-10-17 21:54:42,460 [f6afcf7f-f3cc-4d61-b406-e2750f6d6b8c@group-4DFBE40C9EE0-LeaderElection11] INFO  impl.RoleInfo (RoleInfo.java:updateAndGet(143)) - f6afcf7f-f3cc-4d61-b406-e2750f6d6b8c: start LeaderState
2019-10-17 21:54:42,461 [f6afcf7f-f3cc-4d61-b406-e2750f6d6b8c@group-4DFBE40C9EE0-LeaderElection11] INFO  segmented.SegmentedRaftLogWorker (SegmentedRaftLogWorker.java:startLogSegment(385)) - f6afcf7f-f3cc-4d61-b406-e2750f6d6b8c@group-4DFBE40C9EE0-SegmentedRaftLogWorker: Starting segment from index:0
2019-10-17 21:54:42,461 [f6afcf7f-f3cc-4d61-b406-e2750f6d6b8c@group-4DFBE40C9EE0-LeaderElection11] INFO  impl.RaftServerImpl (ServerState.java:setRaftConf(357)) - f6afcf7f-f3cc-4d61-b406-e2750f6d6b8c@group-4DFBE40C9EE0: set configuration 0: [f6afcf7f-f3cc-4d61-b406-e2750f6d6b8c:192.168.157.223:45157], old=null at 0
2019-10-17 21:54:42,489 [Thread-337] INFO  impl.FollowerState (FollowerState.java:run(108)) - 92c37ee0-6a4e-44d1-b217-daba3b24c095@group-3097D7458558-FollowerState: change to CANDIDATE, lastRpcTime:109ms, electionTimeout:101ms
2019-10-17 21:54:42,489 [pool-37-thread-1] INFO  storage.RaftStorageDirectory (RaftStorageDirectory.java:tryLock(328)) - Lock on /workdir/hadoop-ozone/integration-test/target/test-dir/MiniOzoneClusterImpl-8354d78d-dcd0-455c-bdef-cdb54255caab/datanode-1/data/ratis/ff2c67d1-d198-49b1-9fd4-f967393f7c93/in_use.lock acquired by nodename 6590@pr-hdds-2310-7mltm-1665714090
2019-10-17 21:54:42,489 [pool-27-thread-1] INFO  storage.RaftStorageDirectory (RaftStorageDirectory.java:tryLock(328)) - Lock on /workdir/hadoop-ozone/integration-test/target/test-dir/MiniOzoneClusterImpl-8354d78d-dcd0-455c-bdef-cdb54255caab/datanode-0/data/ratis/ff2c67d1-d198-49b1-9fd4-f967393f7c93/in_use.lock acquired by nodename 6590@pr-hdds-2310-7mltm-1665714090
2019-10-17 21:54:42,489 [de567563-d0dd-4cf2-91b7-f72627909699@group-3097D7458558-LeaderElection12] INFO  impl.LeaderElection (LeaderElection.java:askForVotes(178)) - de567563-d0dd-4cf2-91b7-f72627909699@group-3097D7458558-LeaderElection12: begin an election at term 1 for -1: [92c37ee0-6a4e-44d1-b217-daba3b24c095:192.168.157.223:35068, de567563-d0dd-4cf2-91b7-f72627909699:192.168.157.223:42420, db0af43e-c62e-4c1d-affa-ffdb4faae2f8:192.168.157.223:36633], old=null
2019-10-17 21:54:42,489 [pool-57-thread-1] INFO  storage.RaftStorageDirectory (RaftStorageDirectory.java:tryLock(328)) - Lock on /workdir/hadoop-ozone/integration-test/target/test-dir/MiniOzoneClusterImpl-8354d78d-dcd0-455c-bdef-cdb54255caab/datanode-3/data/ratis/ff2c67d1-d198-49b1-9fd4-f967393f7c93/in_use.lock acquired by nodename 6590@pr-hdds-2310-7mltm-1665714090
2019-10-17 21:54:42,489 [Thread-337] INFO  impl.RoleInfo (RoleInfo.java:shutdownFollowerState(121)) - 92c37ee0-6a4e-44d1-b217-daba3b24c095: shutdown FollowerState
2019-10-17 21:54:42,490 [Thread-337] INFO  impl.RaftServerImpl (RaftServerImpl.java:setRole(184)) - 92c37ee0-6a4e-44d1-b217-daba3b24c095@group-3097D7458558: changes role from  FOLLOWER to CANDIDATE at term 0 for changeToCandidate
2019-10-17 21:54:42,490 [Thread-337] INFO  impl.RoleInfo (RoleInfo.java:updateAndGet(143)) - 92c37ee0-6a4e-44d1-b217-daba3b24c095: start LeaderElection
2019-10-17 21:54:42,503 [f6afcf7f-f3cc-4d61-b406-e2750f6d6b8c@group-4DFBE40C9EE0-SegmentedRaftLogWorker] INFO  segmented.SegmentedRaftLogWorker (SegmentedRaftLogWorker.java:execute(576)) - f6afcf7f-f3cc-4d61-b406-e2750f6d6b8c@group-4DFBE40C9EE0-SegmentedRaftLogWorker: created new log segment /workdir/hadoop-ozone/integration-test/target/test-dir/MiniOzoneClusterImpl-8354d78d-dcd0-455c-bdef-cdb54255caab/datanode-8/data/ratis/1d02a7f0-01d1-42c6-98d9-4dfbe40c9ee0/current/log_inprogress_0
2019-10-17 21:54:42,503 [pool-37-thread-1] INFO  storage.RaftStorage (RaftStorage.java:format(84)) - Storage directory /workdir/hadoop-ozone/integration-test/target/test-dir/MiniOzoneClusterImpl-8354d78d-dcd0-455c-bdef-cdb54255caab/datanode-1/data/ratis/ff2c67d1-d198-49b1-9fd4-f967393f7c93 has been successfully formatted.
2019-10-17 21:54:42,503 [pool-57-thread-1] INFO  storage.RaftStorage (RaftStorage.java:format(84)) - Storage directory /workdir/hadoop-ozone/integration-test/target/test-dir/MiniOzoneClusterImpl-8354d78d-dcd0-455c-bdef-cdb54255caab/datanode-3/data/ratis/ff2c67d1-d198-49b1-9fd4-f967393f7c93 has been successfully formatted.
2019-10-17 21:54:42,503 [pool-27-thread-1] INFO  storage.RaftStorage (RaftStorage.java:format(84)) - Storage directory /workdir/hadoop-ozone/integration-test/target/test-dir/MiniOzoneClusterImpl-8354d78d-dcd0-455c-bdef-cdb54255caab/datanode-0/data/ratis/ff2c67d1-d198-49b1-9fd4-f967393f7c93 has been successfully formatted.
2019-10-17 21:54:42,512 [pool-37-thread-1] INFO  ratis.ContainerStateMachine (ContainerStateMachine.java:loadSnapshot(231)) - group-F967393F7C93: The snapshot info is null. Setting the last applied indexto:(t:0, i:~)
2019-10-17 21:54:42,514 [pool-57-thread-1] INFO  ratis.ContainerStateMachine (ContainerStateMachine.java:loadSnapshot(231)) - group-F967393F7C93: The snapshot info is null. Setting the last applied indexto:(t:0, i:~)
2019-10-17 21:54:42,514 [pool-37-thread-1] INFO  server.RaftServerConfigKeys (ConfUtils.java:logGet(43)) - raft.server.notification.no-leader.timeout = 120s (custom)
2019-10-17 21:54:42,514 [pool-27-thread-1] INFO  ratis.ContainerStateMachine (ContainerStateMachine.java:loadSnapshot(231)) - group-F967393F7C93: The snapshot info is null. Setting the last applied indexto:(t:0, i:~)
2019-10-17 21:54:42,514 [pool-37-thread-1] INFO  server.RaftServerConfigKeys (ConfUtils.java:logGet(43)) - raft.server.log.use.memory = false (default)
2019-10-17 21:54:42,514 [pool-57-thread-1] INFO  server.RaftServerConfigKeys (ConfUtils.java:logGet(43)) - raft.server.notification.no-leader.timeout = 120s (custom)
2019-10-17 21:54:42,524 [pool-37-thread-1] INFO  server.RaftServerConfigKeys (ConfUtils.java:logGet(43)) - raft.server.log.purge.gap = 1000000 (custom)
2019-10-17 21:54:42,523 [pool-27-thread-1] INFO  server.RaftServerConfigKeys (ConfUtils.java:logGet(43)) - raft.server.notification.no-leader.timeout = 120s (custom)
2019-10-17 21:54:42,526 [pool-37-thread-1] INFO  server.RaftServerConfigKeys (ConfUtils.java:logGet(43)) - raft.server.log.appender.buffer.byte-limit = 33554432 (custom)
2019-10-17 21:54:42,526 [92c37ee0-6a4e-44d1-b217-daba3b24c095@group-3097D7458558-LeaderElection13] INFO  impl.LeaderElection (LeaderElection.java:askForVotes(178)) - 92c37ee0-6a4e-44d1-b217-daba3b24c095@group-3097D7458558-LeaderElection13: begin an election at term 1 for -1: [92c37ee0-6a4e-44d1-b217-daba3b24c095:192.168.157.223:35068, de567563-d0dd-4cf2-91b7-f72627909699:192.168.157.223:42420, db0af43e-c62e-4c1d-affa-ffdb4faae2f8:192.168.157.223:36633], old=null
2019-10-17 21:54:42,526 [pool-57-thread-1] INFO  server.RaftServerConfigKeys (ConfUtils.java:logGet(43)) - raft.server.log.use.memory = false (default)
2019-10-17 21:54:42,526 [pool-37-thread-1] INFO  server.RaftServerConfigKeys (ConfUtils.java:logGet(43)) - raft.server.log.segment.size.max = 1048576 (custom)
2019-10-17 21:54:42,526 [pool-27-thread-1] INFO  server.RaftServerConfigKeys (ConfUtils.java:logGet(43)) - raft.server.log.use.memory = false (default)
2019-10-17 21:54:42,528 [pool-37-thread-1] INFO  server.RaftServerConfigKeys (ConfUtils.java:logGet(43)) - raft.server.log.segment.cache.num.max = 2 (custom)
2019-10-17 21:54:42,528 [pool-57-thread-1] INFO  server.RaftServerConfigKeys (ConfUtils.java:logGet(43)) - raft.server.log.purge.gap = 1000000 (custom)
2019-10-17 21:54:42,529 [pool-37-thread-1] INFO  segmented.SegmentedRaftLogWorker (SegmentedRaftLogWorker.java:<init>(173)) - new d6dfcdd7-fc6e-4b51-b91e-b64503dadc5e@group-F967393F7C93-SegmentedRaftLogWorker for RaftStorage:Storage Directory /workdir/hadoop-ozone/integration-test/target/test-dir/MiniOzoneClusterImpl-8354d78d-dcd0-455c-bdef-cdb54255caab/datanode-1/data/ratis/ff2c67d1-d198-49b1-9fd4-f967393f7c93
2019-10-17 21:54:42,528 [pool-27-thread-1] INFO  server.RaftServerConfigKeys (ConfUtils.java:logGet(43)) - raft.server.log.purge.gap = 1000000 (custom)
2019-10-17 21:54:42,529 [pool-37-thread-1] INFO  server.RaftServerConfigKeys (ConfUtils.java:logGet(43)) - raft.server.log.queue.byte-limit = 2147483647 (custom)
2019-10-17 21:54:42,529 [pool-57-thread-1] INFO  server.RaftServerConfigKeys (ConfUtils.java:logGet(43)) - raft.server.log.appender.buffer.byte-limit = 33554432 (custom)
2019-10-17 21:54:42,529 [pool-37-thread-1] INFO  server.RaftServerConfigKeys (ConfUtils.java:logGet(43)) - raft.server.log.queue.element-limit = 1024 (custom)
2019-10-17 21:54:42,529 [pool-27-thread-1] INFO  server.RaftServerConfigKeys (ConfUtils.java:logGet(43)) - raft.server.log.appender.buffer.byte-limit = 33554432 (custom)
2019-10-17 21:54:42,531 [pool-37-thread-1] INFO  server.RaftServerConfigKeys (ConfUtils.java:logGet(43)) - raft.server.log.segment.size.max = 1048576 (custom)
2019-10-17 21:54:42,531 [pool-57-thread-1] INFO  server.RaftServerConfigKeys (ConfUtils.java:logGet(43)) - raft.server.log.segment.size.max = 1048576 (custom)
2019-10-17 21:54:42,531 [pool-37-thread-1] INFO  server.RaftServerConfigKeys (ConfUtils.java:logGet(43)) - raft.server.log.preallocated.size = 16384 (custom)
2019-10-17 21:54:42,531 [pool-27-thread-1] INFO  server.RaftServerConfigKeys (ConfUtils.java:logGet(43)) - raft.server.log.segment.size.max = 1048576 (custom)
2019-10-17 21:54:42,532 [pool-37-thread-1] INFO  server.RaftServerConfigKeys (ConfUtils.java:logGet(43)) - raft.server.log.write.buffer.size = 33554432 (custom)
2019-10-17 21:54:42,532 [pool-57-thread-1] INFO  server.RaftServerConfigKeys (ConfUtils.java:logGet(43)) - raft.server.log.segment.cache.num.max = 2 (custom)
2019-10-17 21:54:42,532 [pool-37-thread-1] INFO  server.RaftServerConfigKeys (ConfUtils.java:logGet(43)) - raft.server.log.force.sync.num = 128 (default)
2019-10-17 21:54:42,532 [db0af43e-c62e-4c1d-affa-ffdb4faae2f8@group-3097D7458558-LeaderElection10] INFO  impl.LeaderElection (LeaderElection.java:logAndReturn(56)) - db0af43e-c62e-4c1d-affa-ffdb4faae2f8@group-3097D7458558-LeaderElection10: Election TIMEOUT; received 0 response(s) [] and 0 exception(s); db0af43e-c62e-4c1d-affa-ffdb4faae2f8@group-3097D7458558:t1, leader=null, voted=db0af43e-c62e-4c1d-affa-ffdb4faae2f8, raftlog=db0af43e-c62e-4c1d-affa-ffdb4faae2f8@group-3097D7458558-SegmentedRaftLog:OPENED:c-1,f-1,i0, conf=-1: [92c37ee0-6a4e-44d1-b217-daba3b24c095:192.168.157.223:35068, de567563-d0dd-4cf2-91b7-f72627909699:192.168.157.223:42420, db0af43e-c62e-4c1d-affa-ffdb4faae2f8:192.168.157.223:36633], old=null
2019-10-17 21:54:42,532 [pool-27-thread-1] INFO  server.RaftServerConfigKeys (ConfUtils.java:logGet(43)) - raft.server.log.segment.cache.num.max = 2 (custom)
2019-10-17 21:54:42,532 [pool-37-thread-1] INFO  server.RaftServerConfigKeys (ConfUtils.java:logGet(43)) - raft.server.log.statemachine.data.sync = true (default)
2019-10-17 21:54:42,532 [pool-57-thread-1] INFO  segmented.SegmentedRaftLogWorker (SegmentedRaftLogWorker.java:<init>(173)) - new da15dfee-23f0-4dc4-ad77-c00156c49cfa@group-F967393F7C93-SegmentedRaftLogWorker for RaftStorage:Storage Directory /workdir/hadoop-ozone/integration-test/target/test-dir/MiniOzoneClusterImpl-8354d78d-dcd0-455c-bdef-cdb54255caab/datanode-3/data/ratis/ff2c67d1-d198-49b1-9fd4-f967393f7c93
2019-10-17 21:54:42,535 [pool-37-thread-1] INFO  server.RaftServerConfigKeys (ConfUtils.java:logGet(43)) - raft.server.log.statemachine.data.sync.timeout = 10s (default)
2019-10-17 21:54:42,533 [pool-27-thread-1] INFO  segmented.SegmentedRaftLogWorker (SegmentedRaftLogWorker.java:<init>(173)) - new 08d4cbaa-ffed-4411-a5fd-c4a38026aead@group-F967393F7C93-SegmentedRaftLogWorker for RaftStorage:Storage Directory /workdir/hadoop-ozone/integration-test/target/test-dir/MiniOzoneClusterImpl-8354d78d-dcd0-455c-bdef-cdb54255caab/datanode-0/data/ratis/ff2c67d1-d198-49b1-9fd4-f967393f7c93
2019-10-17 21:54:42,537 [pool-37-thread-1] INFO  server.RaftServerConfigKeys (ConfUtils.java:logGet(43)) - raft.server.log.statemachine.data.sync.timeout.retry = -1 (default)
2019-10-17 21:54:42,536 [pool-57-thread-1] INFO  server.RaftServerConfigKeys (ConfUtils.java:logGet(43)) - raft.server.log.queue.byte-limit = 2147483647 (custom)
2019-10-17 21:54:42,539 [pool-37-thread-1] INFO  server.RaftServerConfigKeys (ConfUtils.java:logGet(43)) - raft.server.log.statemachine.data.caching.enabled = true (custom)
2019-10-17 21:54:42,537 [pool-27-thread-1] INFO  server.RaftServerConfigKeys (ConfUtils.java:logGet(43)) - raft.server.log.queue.byte-limit = 2147483647 (custom)
2019-10-17 21:54:42,541 [pool-27-thread-1] INFO  server.RaftServerConfigKeys (ConfUtils.java:logGet(43)) - raft.server.log.queue.element-limit = 1024 (custom)
2019-10-17 21:54:42,541 [de567563-d0dd-4cf2-91b7-f72627909699@group-3097D7458558-LeaderElection12] INFO  impl.LeaderElection (LeaderElection.java:logAndReturn(56)) - de567563-d0dd-4cf2-91b7-f72627909699@group-3097D7458558-LeaderElection12: Election TIMEOUT; received 0 response(s) [] and 0 exception(s); de567563-d0dd-4cf2-91b7-f72627909699@group-3097D7458558:t1, leader=null, voted=de567563-d0dd-4cf2-91b7-f72627909699, raftlog=de567563-d0dd-4cf2-91b7-f72627909699@group-3097D7458558-SegmentedRaftLog:OPENED:c-1,f-1,i0, conf=-1: [92c37ee0-6a4e-44d1-b217-daba3b24c095:192.168.157.223:35068, de567563-d0dd-4cf2-91b7-f72627909699:192.168.157.223:42420, db0af43e-c62e-4c1d-affa-ffdb4faae2f8:192.168.157.223:36633], old=null
2019-10-17 21:54:42,541 [pool-37-thread-1] INFO  segmented.SegmentedRaftLogWorker (SegmentedRaftLogWorker.java:lambda$new$0(128)) - d6dfcdd7-fc6e-4b51-b91e-b64503dadc5e@group-F967393F7C93-SegmentedRaftLogWorker: flushIndex: setUnconditionally 0 -> -1
2019-10-17 21:54:42,541 [pool-57-thread-1] INFO  server.RaftServerConfigKeys (ConfUtils.java:logGet(43)) - raft.server.log.queue.element-limit = 1024 (custom)
2019-10-17 21:54:42,541 [pool-27-thread-1] INFO  server.RaftServerConfigKeys (ConfUtils.java:logGet(43)) - raft.server.log.segment.size.max = 1048576 (custom)
2019-10-17 21:54:42,543 [pool-37-thread-1] INFO  server.RaftServerConfigKeys (ConfUtils.java:logGet(43)) - raft.server.snapshot.auto.trigger.enabled = true (custom)
2019-10-17 21:54:42,543 [pool-57-thread-1] INFO  server.RaftServerConfigKeys (ConfUtils.java:logGet(43)) - raft.server.log.segment.size.max = 1048576 (custom)
2019-10-17 21:54:42,545 [pool-37-thread-1] INFO  server.RaftServerConfigKeys (ConfUtils.java:logGet(43)) - raft.server.snapshot.auto.trigger.threshold = 10000 (custom)
2019-10-17 21:54:42,545 [pool-27-thread-1] INFO  server.RaftServerConfigKeys (ConfUtils.java:logGet(43)) - raft.server.log.preallocated.size = 16384 (custom)
2019-10-17 21:54:42,552 [de567563-d0dd-4cf2-91b7-f72627909699@group-3097D7458558-LeaderElection12] INFO  impl.LeaderElection (LeaderElection.java:askForVotes(178)) - de567563-d0dd-4cf2-91b7-f72627909699@group-3097D7458558-LeaderElection12: begin an election at term 2 for -1: [92c37ee0-6a4e-44d1-b217-daba3b24c095:192.168.157.223:35068, de567563-d0dd-4cf2-91b7-f72627909699:192.168.157.223:42420, db0af43e-c62e-4c1d-affa-ffdb4faae2f8:192.168.157.223:36633], old=null
2019-10-17 21:54:42,545 [pool-57-thread-1] INFO  server.RaftServerConfigKeys (ConfUtils.java:logGet(43)) - raft.server.log.preallocated.size = 16384 (custom)
2019-10-17 21:54:42,552 [db0af43e-c62e-4c1d-affa-ffdb4faae2f8@group-3097D7458558-LeaderElection10] INFO  impl.LeaderElection (LeaderElection.java:askForVotes(178)) - db0af43e-c62e-4c1d-affa-ffdb4faae2f8@group-3097D7458558-LeaderElection10: begin an election at term 2 for -1: [92c37ee0-6a4e-44d1-b217-daba3b24c095:192.168.157.223:35068, de567563-d0dd-4cf2-91b7-f72627909699:192.168.157.223:42420, db0af43e-c62e-4c1d-affa-ffdb4faae2f8:192.168.157.223:36633], old=null
2019-10-17 21:54:42,545 [pool-37-thread-1] INFO  server.RaftServerConfigKeys (ConfUtils.java:logGet(43)) - raft.server.snapshot.retention.file.num = 5 (custom)
2019-10-17 21:54:42,552 [pool-27-thread-1] INFO  server.RaftServerConfigKeys (ConfUtils.java:logGet(43)) - raft.server.log.write.buffer.size = 33554432 (custom)
2019-10-17 21:54:42,552 [pool-57-thread-1] INFO  server.RaftServerConfigKeys (ConfUtils.java:logGet(43)) - raft.server.log.write.buffer.size = 33554432 (custom)
2019-10-17 21:54:42,553 [pool-37-thread-1] INFO  server.RaftServerConfigKeys (ConfUtils.java:logGet(43)) - raft.server.retrycache.expirytime = 600000ms (custom)
2019-10-17 21:54:42,553 [pool-27-thread-1] INFO  server.RaftServerConfigKeys (ConfUtils.java:logGet(43)) - raft.server.log.force.sync.num = 128 (default)
2019-10-17 21:54:42,553 [pool-57-thread-1] INFO  server.RaftServerConfigKeys (ConfUtils.java:logGet(43)) - raft.server.log.force.sync.num = 128 (default)
2019-10-17 21:54:42,556 [pool-27-thread-1] INFO  server.RaftServerConfigKeys (ConfUtils.java:logGet(43)) - raft.server.log.statemachine.data.sync = true (default)
2019-10-17 21:54:42,556 [pool-57-thread-1] INFO  server.RaftServerConfigKeys (ConfUtils.java:logGet(43)) - raft.server.log.statemachine.data.sync = true (default)
2019-10-17 21:54:42,556 [pool-27-thread-1] INFO  server.RaftServerConfigKeys (ConfUtils.java:logGet(43)) - raft.server.log.statemachine.data.sync.timeout = 10s (default)
2019-10-17 21:54:42,556 [pool-57-thread-1] INFO  server.RaftServerConfigKeys (ConfUtils.java:logGet(43)) - raft.server.log.statemachine.data.sync.timeout = 10s (default)
2019-10-17 21:54:42,556 [pool-27-thread-1] INFO  server.RaftServerConfigKeys (ConfUtils.java:logGet(43)) - raft.server.log.statemachine.data.sync.timeout.retry = -1 (default)
2019-10-17 21:54:42,557 [pool-57-thread-1] INFO  server.RaftServerConfigKeys (ConfUtils.java:logGet(43)) - raft.server.log.statemachine.data.sync.timeout.retry = -1 (default)
2019-10-17 21:54:42,559 [pool-27-thread-1] INFO  server.RaftServerConfigKeys (ConfUtils.java:logGet(43)) - raft.server.log.statemachine.data.caching.enabled = true (custom)
2019-10-17 21:54:42,559 [pool-57-thread-1] INFO  server.RaftServerConfigKeys (ConfUtils.java:logGet(43)) - raft.server.log.statemachine.data.caching.enabled = true (custom)
2019-10-17 21:54:42,559 [pool-27-thread-1] INFO  segmented.SegmentedRaftLogWorker (SegmentedRaftLogWorker.java:lambda$new$0(128)) - 08d4cbaa-ffed-4411-a5fd-c4a38026aead@group-F967393F7C93-SegmentedRaftLogWorker: flushIndex: setUnconditionally 0 -> -1
2019-10-17 21:54:42,559 [pool-57-thread-1] INFO  segmented.SegmentedRaftLogWorker (SegmentedRaftLogWorker.java:lambda$new$0(128)) - da15dfee-23f0-4dc4-ad77-c00156c49cfa@group-F967393F7C93-SegmentedRaftLogWorker: flushIndex: setUnconditionally 0 -> -1
2019-10-17 21:54:42,559 [pool-27-thread-1] INFO  server.RaftServerConfigKeys (ConfUtils.java:logGet(43)) - raft.server.snapshot.auto.trigger.enabled = true (custom)
2019-10-17 21:54:42,560 [pool-27-thread-1] INFO  server.RaftServerConfigKeys (ConfUtils.java:logGet(43)) - raft.server.snapshot.auto.trigger.threshold = 10000 (custom)
2019-10-17 21:54:42,560 [pool-57-thread-1] INFO  server.RaftServerConfigKeys (ConfUtils.java:logGet(43)) - raft.server.snapshot.auto.trigger.enabled = true (custom)
2019-10-17 21:54:42,569 [pool-27-thread-1] INFO  server.RaftServerConfigKeys (ConfUtils.java:logGet(43)) - raft.server.snapshot.retention.file.num = 5 (custom)
2019-10-17 21:54:42,569 [pool-37-thread-1] INFO  impl.RaftServerImpl (RaftServerImpl.java:start(195)) - d6dfcdd7-fc6e-4b51-b91e-b64503dadc5e@group-F967393F7C93: start as a follower, conf=-1: [08d4cbaa-ffed-4411-a5fd-c4a38026aead:192.168.157.223:33910, da15dfee-23f0-4dc4-ad77-c00156c49cfa:192.168.157.223:42172, d6dfcdd7-fc6e-4b51-b91e-b64503dadc5e:192.168.157.223:43575], old=null
2019-10-17 21:54:42,569 [pool-57-thread-1] INFO  server.RaftServerConfigKeys (ConfUtils.java:logGet(43)) - raft.server.snapshot.auto.trigger.threshold = 10000 (custom)
2019-10-17 21:54:42,572 [pool-37-thread-1] INFO  impl.RaftServerImpl (RaftServerImpl.java:setRole(184)) - d6dfcdd7-fc6e-4b51-b91e-b64503dadc5e@group-F967393F7C93: changes role from      null to FOLLOWER at term 0 for startAsFollower
2019-10-17 21:54:42,572 [pool-27-thread-1] INFO  server.RaftServerConfigKeys (ConfUtils.java:logGet(43)) - raft.server.retrycache.expirytime = 600000ms (custom)
2019-10-17 21:54:42,572 [pool-57-thread-1] INFO  server.RaftServerConfigKeys (ConfUtils.java:logGet(43)) - raft.server.snapshot.retention.file.num = 5 (custom)
2019-10-17 21:54:42,576 [pool-37-thread-1] INFO  impl.RoleInfo (RoleInfo.java:updateAndGet(143)) - d6dfcdd7-fc6e-4b51-b91e-b64503dadc5e: start FollowerState
2019-10-17 21:54:42,576 [pool-57-thread-1] INFO  server.RaftServerConfigKeys (ConfUtils.java:logGet(43)) - raft.server.retrycache.expirytime = 600000ms (custom)
2019-10-17 21:54:42,576 [pool-37-thread-1] INFO  util.JmxRegister (JmxRegister.java:tryRegister(44)) - Successfully registered JMX Bean with object name Ratis:service=RaftServer,group=group-F967393F7C93,id=d6dfcdd7-fc6e-4b51-b91e-b64503dadc5e
2019-10-17 21:54:42,578 [92c37ee0-6a4e-44d1-b217-daba3b24c095@group-3097D7458558-LeaderElection13] INFO  impl.LeaderElection (LeaderElection.java:logAndReturn(56)) - 92c37ee0-6a4e-44d1-b217-daba3b24c095@group-3097D7458558-LeaderElection13: Election DISCOVERED_A_NEW_TERM; received 1 response(s) [92c37ee0-6a4e-44d1-b217-daba3b24c095<-de567563-d0dd-4cf2-91b7-f72627909699#0:FAIL-t2] and 0 exception(s); 92c37ee0-6a4e-44d1-b217-daba3b24c095@group-3097D7458558:t1, leader=null, voted=92c37ee0-6a4e-44d1-b217-daba3b24c095, raftlog=92c37ee0-6a4e-44d1-b217-daba3b24c095@group-3097D7458558-SegmentedRaftLog:OPENED:c-1,f-1,i0, conf=-1: [92c37ee0-6a4e-44d1-b217-daba3b24c095:192.168.157.223:35068, de567563-d0dd-4cf2-91b7-f72627909699:192.168.157.223:42420, db0af43e-c62e-4c1d-affa-ffdb4faae2f8:192.168.157.223:36633], old=null
2019-10-17 21:54:42,585 [grpc-default-executor-4] INFO  impl.RaftServerImpl (RaftServerImpl.java:setRole(184)) - 92c37ee0-6a4e-44d1-b217-daba3b24c095@group-3097D7458558: changes role from CANDIDATE to FOLLOWER at term 2 for recognizeCandidate:de567563-d0dd-4cf2-91b7-f72627909699
2019-10-17 21:54:42,595 [grpc-default-executor-4] INFO  impl.RoleInfo (RoleInfo.java:shutdownLeaderElection(134)) - 92c37ee0-6a4e-44d1-b217-daba3b24c095: shutdown LeaderElection
2019-10-17 21:54:42,602 [grpc-default-executor-4] INFO  impl.RoleInfo (RoleInfo.java:updateAndGet(143)) - 92c37ee0-6a4e-44d1-b217-daba3b24c095: start FollowerState
2019-10-17 21:54:42,611 [pool-27-thread-1] INFO  impl.RaftServerImpl (RaftServerImpl.java:start(195)) - 08d4cbaa-ffed-4411-a5fd-c4a38026aead@group-F967393F7C93: start as a follower, conf=-1: [08d4cbaa-ffed-4411-a5fd-c4a38026aead:192.168.157.223:33910, da15dfee-23f0-4dc4-ad77-c00156c49cfa:192.168.157.223:42172, d6dfcdd7-fc6e-4b51-b91e-b64503dadc5e:192.168.157.223:43575], old=null
2019-10-17 21:54:42,611 [pool-57-thread-1] INFO  impl.RaftServerImpl (RaftServerImpl.java:start(195)) - da15dfee-23f0-4dc4-ad77-c00156c49cfa@group-F967393F7C93: start as a follower, conf=-1: [08d4cbaa-ffed-4411-a5fd-c4a38026aead:192.168.157.223:33910, da15dfee-23f0-4dc4-ad77-c00156c49cfa:192.168.157.223:42172, d6dfcdd7-fc6e-4b51-b91e-b64503dadc5e:192.168.157.223:43575], old=null
2019-10-17 21:54:42,613 [pool-27-thread-1] INFO  impl.RaftServerImpl (RaftServerImpl.java:setRole(184)) - 08d4cbaa-ffed-4411-a5fd-c4a38026aead@group-F967393F7C93: changes role from      null to FOLLOWER at term 0 for startAsFollower
2019-10-17 21:54:42,613 [pool-57-thread-1] INFO  impl.RaftServerImpl (RaftServerImpl.java:setRole(184)) - da15dfee-23f0-4dc4-ad77-c00156c49cfa@group-F967393F7C93: changes role from      null to FOLLOWER at term 0 for startAsFollower
2019-10-17 21:54:42,614 [pool-27-thread-1] INFO  impl.RoleInfo (RoleInfo.java:updateAndGet(143)) - 08d4cbaa-ffed-4411-a5fd-c4a38026aead: start FollowerState
2019-10-17 21:54:42,614 [pool-57-thread-1] INFO  impl.RoleInfo (RoleInfo.java:updateAndGet(143)) - da15dfee-23f0-4dc4-ad77-c00156c49cfa: start FollowerState
2019-10-17 21:54:42,614 [pool-57-thread-1] INFO  util.JmxRegister (JmxRegister.java:tryRegister(44)) - Successfully registered JMX Bean with object name Ratis:service=RaftServer,group=group-F967393F7C93,id=da15dfee-23f0-4dc4-ad77-c00156c49cfa
2019-10-17 21:54:42,614 [pool-27-thread-1] INFO  util.JmxRegister (JmxRegister.java:tryRegister(44)) - Successfully registered JMX Bean with object name Ratis:service=RaftServer,group=group-F967393F7C93,id=08d4cbaa-ffed-4411-a5fd-c4a38026aead
2019-10-17 21:54:42,627 [Thread-363] INFO  impl.FollowerState (FollowerState.java:run(108)) - da15dfee-23f0-4dc4-ad77-c00156c49cfa@group-F967393F7C93-FollowerState: change to CANDIDATE, lastRpcTime:13ms, electionTimeout:3ms
2019-10-17 21:54:42,627 [Thread-363] INFO  impl.RoleInfo (RoleInfo.java:shutdownFollowerState(121)) - da15dfee-23f0-4dc4-ad77-c00156c49cfa: shutdown FollowerState
2019-10-17 21:54:42,627 [grpc-default-executor-2] INFO  impl.RaftServerImpl (RaftServerImpl.java:setRole(184)) - 92c37ee0-6a4e-44d1-b217-daba3b24c095@group-3097D7458558: changes role from  FOLLOWER to FOLLOWER at term 2 for recognizeCandidate:db0af43e-c62e-4c1d-affa-ffdb4faae2f8
2019-10-17 21:54:42,627 [Thread-363] INFO  impl.RaftServerImpl (RaftServerImpl.java:setRole(184)) - da15dfee-23f0-4dc4-ad77-c00156c49cfa@group-F967393F7C93: changes role from  FOLLOWER to CANDIDATE at term 0 for changeToCandidate
2019-10-17 21:54:42,628 [grpc-default-executor-2] INFO  impl.RoleInfo (RoleInfo.java:shutdownFollowerState(121)) - 92c37ee0-6a4e-44d1-b217-daba3b24c095: shutdown FollowerState
2019-10-17 21:54:42,628 [Thread-363] INFO  impl.RoleInfo (RoleInfo.java:updateAndGet(143)) - da15dfee-23f0-4dc4-ad77-c00156c49cfa: start LeaderElection
2019-10-17 21:54:42,628 [Thread-361] INFO  impl.FollowerState (FollowerState.java:run(117)) - 92c37ee0-6a4e-44d1-b217-daba3b24c095@group-3097D7458558-FollowerState was interrupted: java.lang.InterruptedException: sleep interrupted
2019-10-17 21:54:42,628 [grpc-default-executor-2] INFO  impl.RoleInfo (RoleInfo.java:updateAndGet(143)) - 92c37ee0-6a4e-44d1-b217-daba3b24c095: start FollowerState
2019-10-17 21:54:42,633 [de567563-d0dd-4cf2-91b7-f72627909699@group-3097D7458558-LeaderElection12] INFO  impl.LeaderElection (LeaderElection.java:logAndReturn(56)) - de567563-d0dd-4cf2-91b7-f72627909699@group-3097D7458558-LeaderElection12: Election REJECTED; received 2 response(s) [de567563-d0dd-4cf2-91b7-f72627909699<-92c37ee0-6a4e-44d1-b217-daba3b24c095#0:FAIL-t2, de567563-d0dd-4cf2-91b7-f72627909699<-db0af43e-c62e-4c1d-affa-ffdb4faae2f8#0:FAIL-t2] and 0 exception(s); de567563-d0dd-4cf2-91b7-f72627909699@group-3097D7458558:t2, leader=null, voted=de567563-d0dd-4cf2-91b7-f72627909699, raftlog=de567563-d0dd-4cf2-91b7-f72627909699@group-3097D7458558-SegmentedRaftLog:OPENED:c-1,f-1,i0, conf=-1: [92c37ee0-6a4e-44d1-b217-daba3b24c095:192.168.157.223:35068, de567563-d0dd-4cf2-91b7-f72627909699:192.168.157.223:42420, db0af43e-c62e-4c1d-affa-ffdb4faae2f8:192.168.157.223:36633], old=null
2019-10-17 21:54:42,634 [de567563-d0dd-4cf2-91b7-f72627909699@group-3097D7458558-LeaderElection12] INFO  impl.RaftServerImpl (RaftServerImpl.java:setRole(184)) - de567563-d0dd-4cf2-91b7-f72627909699@group-3097D7458558: changes role from CANDIDATE to FOLLOWER at term 2 for DISCOVERED_A_NEW_TERM
2019-10-17 21:54:42,635 [de567563-d0dd-4cf2-91b7-f72627909699@group-3097D7458558-LeaderElection12] INFO  impl.RoleInfo (RoleInfo.java:shutdownLeaderElection(134)) - de567563-d0dd-4cf2-91b7-f72627909699: shutdown LeaderElection
2019-10-17 21:54:42,637 [de567563-d0dd-4cf2-91b7-f72627909699@group-3097D7458558-LeaderElection12] INFO  impl.RoleInfo (RoleInfo.java:updateAndGet(143)) - de567563-d0dd-4cf2-91b7-f72627909699: start FollowerState
2019-10-17 21:54:42,641 [RatisPipelineUtilsThread] INFO  pipeline.PipelineStateManager (PipelineStateManager.java:addPipeline(56)) - Created pipeline Pipeline[ Id: ff2c67d1-d198-49b1-9fd4-f967393f7c93, Nodes: 08d4cbaa-ffed-4411-a5fd-c4a38026aead{ip: 192.168.157.223, host: pr-hdds-2310-7mltm-1665714090, networkLocation: /default-rack, certSerialId: null}da15dfee-23f0-4dc4-ad77-c00156c49cfa{ip: 192.168.157.223, host: pr-hdds-2310-7mltm-1665714090, networkLocation: /default-rack, certSerialId: null}d6dfcdd7-fc6e-4b51-b91e-b64503dadc5e{ip: 192.168.157.223, host: pr-hdds-2310-7mltm-1665714090, networkLocation: /default-rack, certSerialId: null}, Type:RATIS, Factor:THREE, State:OPEN]
2019-10-17 21:54:42,648 [da15dfee-23f0-4dc4-ad77-c00156c49cfa@group-F967393F7C93-LeaderElection14] INFO  impl.LeaderElection (LeaderElection.java:askForVotes(178)) - da15dfee-23f0-4dc4-ad77-c00156c49cfa@group-F967393F7C93-LeaderElection14: begin an election at term 1 for -1: [08d4cbaa-ffed-4411-a5fd-c4a38026aead:192.168.157.223:33910, da15dfee-23f0-4dc4-ad77-c00156c49cfa:192.168.157.223:42172, d6dfcdd7-fc6e-4b51-b91e-b64503dadc5e:192.168.157.223:43575], old=null
2019-10-17 21:54:42,666 [db0af43e-c62e-4c1d-affa-ffdb4faae2f8@group-3097D7458558-LeaderElection10] INFO  impl.LeaderElection (LeaderElection.java:logAndReturn(56)) - db0af43e-c62e-4c1d-affa-ffdb4faae2f8@group-3097D7458558-LeaderElection10: Election PASSED; received 2 response(s) [db0af43e-c62e-4c1d-affa-ffdb4faae2f8<-92c37ee0-6a4e-44d1-b217-daba3b24c095#0:OK-t2, db0af43e-c62e-4c1d-affa-ffdb4faae2f8<-de567563-d0dd-4cf2-91b7-f72627909699#0:FAIL-t2] and 0 exception(s); db0af43e-c62e-4c1d-affa-ffdb4faae2f8@group-3097D7458558:t2, leader=null, voted=db0af43e-c62e-4c1d-affa-ffdb4faae2f8, raftlog=db0af43e-c62e-4c1d-affa-ffdb4faae2f8@group-3097D7458558-SegmentedRaftLog:OPENED:c-1,f-1,i0, conf=-1: [92c37ee0-6a4e-44d1-b217-daba3b24c095:192.168.157.223:35068, de567563-d0dd-4cf2-91b7-f72627909699:192.168.157.223:42420, db0af43e-c62e-4c1d-affa-ffdb4faae2f8:192.168.157.223:36633], old=null
2019-10-17 21:54:42,670 [db0af43e-c62e-4c1d-affa-ffdb4faae2f8@group-3097D7458558-LeaderElection10] INFO  impl.RoleInfo (RoleInfo.java:shutdownLeaderElection(134)) - db0af43e-c62e-4c1d-affa-ffdb4faae2f8: shutdown LeaderElection
2019-10-17 21:54:42,671 [db0af43e-c62e-4c1d-affa-ffdb4faae2f8@group-3097D7458558-LeaderElection10] INFO  impl.RaftServerImpl (RaftServerImpl.java:setRole(184)) - db0af43e-c62e-4c1d-affa-ffdb4faae2f8@group-3097D7458558: changes role from CANDIDATE to LEADER at term 2 for changeToLeader
2019-10-17 21:54:42,672 [db0af43e-c62e-4c1d-affa-ffdb4faae2f8@group-3097D7458558-LeaderElection10] INFO  impl.RaftServerImpl (ServerState.java:setLeader(256)) - db0af43e-c62e-4c1d-affa-ffdb4faae2f8@group-3097D7458558: change Leader from null to db0af43e-c62e-4c1d-affa-ffdb4faae2f8 at term 2 for becomeLeader, leader elected after 305ms
2019-10-17 21:54:42,672 [db0af43e-c62e-4c1d-affa-ffdb4faae2f8@group-3097D7458558-LeaderElection10] INFO  server.RaftServerConfigKeys (ConfUtils.java:logGet(43)) - raft.server.staging.catchup.gap = 1000 (default)
2019-10-17 21:54:42,673 [db0af43e-c62e-4c1d-affa-ffdb4faae2f8@group-3097D7458558-LeaderElection10] INFO  server.RaftServerConfigKeys (ConfUtils.java:logGet(43)) - raft.server.rpc.sleep.time = 25ms (default)
2019-10-17 21:54:42,673 [db0af43e-c62e-4c1d-affa-ffdb4faae2f8@group-3097D7458558-LeaderElection10] INFO  server.RaftServerConfigKeys (ConfUtils.java:logGet(43)) - raft.server.write.element-limit = 4096 (default)
2019-10-17 21:54:42,673 [db0af43e-c62e-4c1d-affa-ffdb4faae2f8@group-3097D7458558-LeaderElection10] INFO  server.RaftServerConfigKeys (ConfUtils.java:logGet(43)) - raft.server.watch.timeout = 10s (default)
2019-10-17 21:54:42,673 [db0af43e-c62e-4c1d-affa-ffdb4faae2f8@group-3097D7458558-LeaderElection10] INFO  server.RaftServerConfigKeys (ConfUtils.java:logGet(43)) - raft.server.watch.timeout.denomination = 1s (default)
2019-10-17 21:54:42,673 [db0af43e-c62e-4c1d-affa-ffdb4faae2f8@group-3097D7458558-LeaderElection10] INFO  server.RaftServerConfigKeys (ConfUtils.java:logGet(43)) - raft.server.watch.element-limit = 65536 (default)
2019-10-17 21:54:42,682 [grpc-default-executor-2] INFO  impl.RaftServerProxy (RaftServerProxy.java:addNew(89)) - c3d1d4b8-f513-489f-ad1a-d9e469eb6c8d: addNew group-4FF8CA26B826:[c3d1d4b8-f513-489f-ad1a-d9e469eb6c8d:192.168.157.223:35769, 9a96bff1-ea9f-4cea-8163-a3905a9e2704:192.168.157.223:39495, fff7125c-610a-434d-b194-38800617abc4:192.168.157.223:34162] returns group-4FF8CA26B826:java.util.concurrent.CompletableFuture@2e53d417[Not completed]
2019-10-17 21:54:42,684 [db0af43e-c62e-4c1d-affa-ffdb4faae2f8@group-3097D7458558-LeaderElection10] INFO  server.RaftServerConfigKeys (ConfUtils.java:logGet(43)) - raft.server.log.appender.snapshot.chunk.size.max = 16MB (=16777216) (default)
2019-10-17 21:54:42,686 [grpc-default-executor-1] INFO  impl.RaftServerImpl (RaftServerImpl.java:setRole(184)) - 08d4cbaa-ffed-4411-a5fd-c4a38026aead@group-F967393F7C93: changes role from  FOLLOWER to FOLLOWER at term 1 for recognizeCandidate:da15dfee-23f0-4dc4-ad77-c00156c49cfa
2019-10-17 21:54:42,686 [db0af43e-c62e-4c1d-affa-ffdb4faae2f8@group-3097D7458558-LeaderElection10] INFO  server.RaftServerConfigKeys (ConfUtils.java:logGet(43)) - raft.server.log.appender.buffer.byte-limit = 33554432 (custom)
2019-10-17 21:54:42,688 [grpc-default-executor-1] INFO  impl.RoleInfo (RoleInfo.java:shutdownFollowerState(121)) - 08d4cbaa-ffed-4411-a5fd-c4a38026aead: shutdown FollowerState
2019-10-17 21:54:42,688 [grpc-default-executor-4] INFO  impl.RaftServerProxy (RaftServerProxy.java:addNew(89)) - 9a96bff1-ea9f-4cea-8163-a3905a9e2704: addNew group-4FF8CA26B826:[c3d1d4b8-f513-489f-ad1a-d9e469eb6c8d:192.168.157.223:35769, 9a96bff1-ea9f-4cea-8163-a3905a9e2704:192.168.157.223:39495, fff7125c-610a-434d-b194-38800617abc4:192.168.157.223:34162] returns group-4FF8CA26B826:java.util.concurrent.CompletableFuture@1a027cbc[Not completed]
2019-10-17 21:54:42,688 [Thread-362] INFO  impl.FollowerState (FollowerState.java:run(117)) - 08d4cbaa-ffed-4411-a5fd-c4a38026aead@group-F967393F7C93-FollowerState was interrupted: java.lang.InterruptedException: sleep interrupted
2019-10-17 21:54:42,688 [grpc-default-executor-1] INFO  impl.RoleInfo (RoleInfo.java:updateAndGet(143)) - 08d4cbaa-ffed-4411-a5fd-c4a38026aead: start FollowerState
2019-10-17 21:54:42,688 [db0af43e-c62e-4c1d-affa-ffdb4faae2f8@group-3097D7458558-LeaderElection10] INFO  server.RaftServerConfigKeys (ConfUtils.java:logGet(43)) - raft.server.log.appender.buffer.element-limit = 1 (custom)
2019-10-17 21:54:42,692 [pool-77-thread-1] INFO  impl.RaftServerImpl (RaftServerImpl.java:<init>(104)) - c3d1d4b8-f513-489f-ad1a-d9e469eb6c8d: new RaftServerImpl for group-4FF8CA26B826:[c3d1d4b8-f513-489f-ad1a-d9e469eb6c8d:192.168.157.223:35769, 9a96bff1-ea9f-4cea-8163-a3905a9e2704:192.168.157.223:39495, fff7125c-610a-434d-b194-38800617abc4:192.168.157.223:34162] with ContainerStateMachine:uninitialized
2019-10-17 21:54:42,692 [pool-77-thread-1] INFO  server.RaftServerConfigKeys (ConfUtils.java:logGet(43)) - raft.server.rpc.timeout.min = 1s (custom)
2019-10-17 21:54:42,693 [pool-77-thread-1] INFO  server.RaftServerConfigKeys (ConfUtils.java:logGet(43)) - raft.server.rpc.timeout.max = 1200ms (custom)
2019-10-17 21:54:42,693 [pool-77-thread-1] INFO  server.RaftServerConfigKeys (ConfUtils.java:logGet(43)) - raft.server.rpcslowness.timeout = 120s (custom)
2019-10-17 21:54:42,693 [pool-77-thread-1] INFO  server.RaftServerConfigKeys (ConfUtils.java:logGet(43)) - raft.server.sleep.deviation.threshold = 300 (default)
2019-10-17 21:54:42,693 [grpc-default-executor-4] INFO  impl.RaftServerProxy (RaftServerProxy.java:addNew(89)) - fff7125c-610a-434d-b194-38800617abc4: addNew group-4FF8CA26B826:[c3d1d4b8-f513-489f-ad1a-d9e469eb6c8d:192.168.157.223:35769, 9a96bff1-ea9f-4cea-8163-a3905a9e2704:192.168.157.223:39495, fff7125c-610a-434d-b194-38800617abc4:192.168.157.223:34162] returns group-4FF8CA26B826:java.util.concurrent.CompletableFuture@b794776[Not completed]
2019-10-17 21:54:42,695 [grpc-default-executor-0] INFO  impl.RaftServerImpl (RaftServerImpl.java:setRole(184)) - d6dfcdd7-fc6e-4b51-b91e-b64503dadc5e@group-F967393F7C93: changes role from  FOLLOWER to FOLLOWER at term 1 for recognizeCandidate:da15dfee-23f0-4dc4-ad77-c00156c49cfa
2019-10-17 21:54:42,695 [pool-67-thread-1] INFO  impl.RaftServerImpl (RaftServerImpl.java:<init>(104)) - 9a96bff1-ea9f-4cea-8163-a3905a9e2704: new RaftServerImpl for group-4FF8CA26B826:[c3d1d4b8-f513-489f-ad1a-d9e469eb6c8d:192.168.157.223:35769, 9a96bff1-ea9f-4cea-8163-a3905a9e2704:192.168.157.223:39495, fff7125c-610a-434d-b194-38800617abc4:192.168.157.223:34162] with ContainerStateMachine:uninitialized
2019-10-17 21:54:42,693 [pool-77-thread-1] INFO  server.RaftServerConfigKeys (ConfUtils.java:logGet(43)) - raft.server.log.appender.install.snapshot.enabled = false (custom)
2019-10-17 21:54:42,693 [Thread-366] INFO  impl.FollowerState (FollowerState.java:run(108)) - 92c37ee0-6a4e-44d1-b217-daba3b24c095@group-3097D7458558-FollowerState: change to CANDIDATE, lastRpcTime:64ms, electionTimeout:60ms
2019-10-17 21:54:42,695 [pool-77-thread-1] INFO  impl.RaftServerImpl (ServerState.java:<init>(103)) - c3d1d4b8-f513-489f-ad1a-d9e469eb6c8d@group-4FF8CA26B826: ConfigurationManager, init=-1: [c3d1d4b8-f513-489f-ad1a-d9e469eb6c8d:192.168.157.223:35769, 9a96bff1-ea9f-4cea-8163-a3905a9e2704:192.168.157.223:39495, fff7125c-610a-434d-b194-38800617abc4:192.168.157.223:34162], old=null, confs=<EMPTY_MAP>
2019-10-17 21:54:42,695 [pool-87-thread-1] INFO  impl.RaftServerImpl (RaftServerImpl.java:<init>(104)) - fff7125c-610a-434d-b194-38800617abc4: new RaftServerImpl for group-4FF8CA26B826:[c3d1d4b8-f513-489f-ad1a-d9e469eb6c8d:192.168.157.223:35769, 9a96bff1-ea9f-4cea-8163-a3905a9e2704:192.168.157.223:39495, fff7125c-610a-434d-b194-38800617abc4:192.168.157.223:34162] with ContainerStateMachine:uninitialized
2019-10-17 21:54:42,695 [pool-67-thread-1] INFO  server.RaftServerConfigKeys (ConfUtils.java:logGet(43)) - raft.server.rpc.timeout.min = 1s (custom)
2019-10-17 21:54:42,695 [grpc-default-executor-0] INFO  impl.RoleInfo (RoleInfo.java:shutdownFollowerState(121)) - d6dfcdd7-fc6e-4b51-b91e-b64503dadc5e: shutdown FollowerState
2019-10-17 21:54:42,695 [pool-67-thread-1] INFO  server.RaftServerConfigKeys (ConfUtils.java:logGet(43)) - raft.server.rpc.timeout.max = 1200ms (custom)
2019-10-17 21:54:42,696 [grpc-default-executor-0] INFO  impl.RoleInfo (RoleInfo.java:updateAndGet(143)) - d6dfcdd7-fc6e-4b51-b91e-b64503dadc5e: start FollowerState
2019-10-17 21:54:42,695 [pool-87-thread-1] INFO  server.RaftServerConfigKeys (ConfUtils.java:logGet(43)) - raft.server.rpc.timeout.min = 1s (custom)
2019-10-17 21:54:42,695 [pool-77-thread-1] INFO  server.RaftServerConfigKeys (ConfUtils.java:logGet(43)) - raft.server.storage.dir = [/workdir/hadoop-ozone/integration-test/target/test-dir/MiniOzoneClusterImpl-8354d78d-dcd0-455c-bdef-cdb54255caab/datanode-5/data/ratis] (custom)
2019-10-17 21:54:42,695 [Thread-366] INFO  impl.RoleInfo (RoleInfo.java:shutdownFollowerState(121)) - 92c37ee0-6a4e-44d1-b217-daba3b24c095: shutdown FollowerState
2019-10-17 21:54:42,696 [pool-87-thread-1] INFO  server.RaftServerConfigKeys (ConfUtils.java:logGet(43)) - raft.server.rpc.timeout.max = 1200ms (custom)
2019-10-17 21:54:42,696 [pool-67-thread-1] INFO  server.RaftServerConfigKeys (ConfUtils.java:logGet(43)) - raft.server.rpcslowness.timeout = 120s (custom)
2019-10-17 21:54:42,696 [Thread-359] INFO  impl.FollowerState (FollowerState.java:run(117)) - d6dfcdd7-fc6e-4b51-b91e-b64503dadc5e@group-F967393F7C93-FollowerState was interrupted: java.lang.InterruptedException: sleep interrupted
2019-10-17 21:54:42,697 [pool-67-thread-1] INFO  server.RaftServerConfigKeys (ConfUtils.java:logGet(43)) - raft.server.sleep.deviation.threshold = 300 (default)
2019-10-17 21:54:42,696 [pool-87-thread-1] INFO  server.RaftServerConfigKeys (ConfUtils.java:logGet(43)) - raft.server.rpcslowness.timeout = 120s (custom)
2019-10-17 21:54:42,696 [pool-77-thread-1] INFO  server.RaftServerConfigKeys (ConfUtils.java:logGet(43)) - raft.server.log.corruption.policy = EXCEPTION (default)
2019-10-17 21:54:42,696 [Thread-366] INFO  impl.RaftServerImpl (RaftServerImpl.java:setRole(184)) - 92c37ee0-6a4e-44d1-b217-daba3b24c095@group-3097D7458558: changes role from  FOLLOWER to CANDIDATE at term 2 for changeToCandidate
2019-10-17 21:54:42,699 [pool-87-thread-1] INFO  server.RaftServerConfigKeys (ConfUtils.java:logGet(43)) - raft.server.sleep.deviation.threshold = 300 (default)
2019-10-17 21:54:42,699 [Thread-366] INFO  impl.RoleInfo (RoleInfo.java:updateAndGet(143)) - 92c37ee0-6a4e-44d1-b217-daba3b24c095: start LeaderElection
2019-10-17 21:54:42,699 [pool-67-thread-1] INFO  server.RaftServerConfigKeys (ConfUtils.java:logGet(43)) - raft.server.log.appender.install.snapshot.enabled = false (custom)
2019-10-17 21:54:42,697 [db0af43e-c62e-4c1d-affa-ffdb4faae2f8@group-3097D7458558-LeaderElection10] INFO  grpc.GrpcConfigKeys$Server (ConfUtils.java:logGet(43)) - raft.grpc.server.leader.outstanding.appends.max = 128 (default)
2019-10-17 21:54:42,699 [pool-67-thread-1] INFO  impl.RaftServerImpl (ServerState.java:<init>(103)) - 9a96bff1-ea9f-4cea-8163-a3905a9e2704@group-4FF8CA26B826: ConfigurationManager, init=-1: [c3d1d4b8-f513-489f-ad1a-d9e469eb6c8d:192.168.157.223:35769, 9a96bff1-ea9f-4cea-8163-a3905a9e2704:192.168.157.223:39495, fff7125c-610a-434d-b194-38800617abc4:192.168.157.223:34162], old=null, confs=<EMPTY_MAP>
2019-10-17 21:54:42,699 [pool-87-thread-1] INFO  server.RaftServerConfigKeys (ConfUtils.java:logGet(43)) - raft.server.log.appender.install.snapshot.enabled = false (custom)
2019-10-17 21:54:42,699 [pool-77-thread-1] INFO  storage.RaftStorageDirectory (RaftStorageDirectory.java:analyzeStorage(246)) - The storage directory /workdir/hadoop-ozone/integration-test/target/test-dir/MiniOzoneClusterImpl-8354d78d-dcd0-455c-bdef-cdb54255caab/datanode-5/data/ratis/e919e467-9e8c-41dd-b4c7-4ff8ca26b826 does not exist. Creating ...
2019-10-17 21:54:42,701 [pool-87-thread-1] INFO  impl.RaftServerImpl (ServerState.java:<init>(103)) - fff7125c-610a-434d-b194-38800617abc4@group-4FF8CA26B826: ConfigurationManager, init=-1: [c3d1d4b8-f513-489f-ad1a-d9e469eb6c8d:192.168.157.223:35769, 9a96bff1-ea9f-4cea-8163-a3905a9e2704:192.168.157.223:39495, fff7125c-610a-434d-b194-38800617abc4:192.168.157.223:34162], old=null, confs=<EMPTY_MAP>
2019-10-17 21:54:42,701 [pool-67-thread-1] INFO  server.RaftServerConfigKeys (ConfUtils.java:logGet(43)) - raft.server.storage.dir = [/workdir/hadoop-ozone/integration-test/target/test-dir/MiniOzoneClusterImpl-8354d78d-dcd0-455c-bdef-cdb54255caab/datanode-4/data/ratis] (custom)
2019-10-17 21:54:42,701 [db0af43e-c62e-4c1d-affa-ffdb4faae2f8@group-3097D7458558-LeaderElection10] INFO  server.RaftServerConfigKeys (ConfUtils.java:logGet(43)) - raft.server.rpc.request.timeout = 3000ms (default)
2019-10-17 21:54:42,702 [pool-87-thread-1] INFO  server.RaftServerConfigKeys (ConfUtils.java:logGet(43)) - raft.server.storage.dir = [/workdir/hadoop-ozone/integration-test/target/test-dir/MiniOzoneClusterImpl-8354d78d-dcd0-455c-bdef-cdb54255caab/datanode-6/data/ratis] (custom)
2019-10-17 21:54:42,702 [db0af43e-c62e-4c1d-affa-ffdb4faae2f8@group-3097D7458558-LeaderElection10] INFO  server.RaftServerConfigKeys (ConfUtils.java:logGet(43)) - raft.server.log.appender.install.snapshot.enabled = false (custom)
2019-10-17 21:54:42,702 [pool-87-thread-1] INFO  server.RaftServerConfigKeys (ConfUtils.java:logGet(43)) - raft.server.log.corruption.policy = EXCEPTION (default)
2019-10-17 21:54:42,702 [pool-67-thread-1] INFO  server.RaftServerConfigKeys (ConfUtils.java:logGet(43)) - raft.server.log.corruption.policy = EXCEPTION (default)
2019-10-17 21:54:42,702 [pool-87-thread-1] INFO  storage.RaftStorageDirectory (RaftStorageDirectory.java:analyzeStorage(246)) - The storage directory /workdir/hadoop-ozone/integration-test/target/test-dir/MiniOzoneClusterImpl-8354d78d-dcd0-455c-bdef-cdb54255caab/datanode-6/data/ratis/e919e467-9e8c-41dd-b4c7-4ff8ca26b826 does not exist. Creating ...
2019-10-17 21:54:42,702 [pool-67-thread-1] INFO  storage.RaftStorageDirectory (RaftStorageDirectory.java:analyzeStorage(246)) - The storage directory /workdir/hadoop-ozone/integration-test/target/test-dir/MiniOzoneClusterImpl-8354d78d-dcd0-455c-bdef-cdb54255caab/datanode-4/data/ratis/e919e467-9e8c-41dd-b4c7-4ff8ca26b826 does not exist. Creating ...
2019-10-17 21:54:42,705 [db0af43e-c62e-4c1d-affa-ffdb4faae2f8@group-3097D7458558-LeaderElection10] INFO  server.RaftServerConfigKeys (ConfUtils.java:logGet(43)) - raft.server.log.appender.snapshot.chunk.size.max = 16MB (=16777216) (default)
2019-10-17 21:54:42,705 [db0af43e-c62e-4c1d-affa-ffdb4faae2f8@group-3097D7458558-LeaderElection10] INFO  server.RaftServerConfigKeys (ConfUtils.java:logGet(43)) - raft.server.log.appender.buffer.byte-limit = 33554432 (custom)
2019-10-17 21:54:42,705 [pool-67-thread-1] INFO  storage.RaftStorageDirectory (RaftStorageDirectory.java:tryLock(328)) - Lock on /workdir/hadoop-ozone/integration-test/target/test-dir/MiniOzoneClusterImpl-8354d78d-dcd0-455c-bdef-cdb54255caab/datanode-4/data/ratis/e919e467-9e8c-41dd-b4c7-4ff8ca26b826/in_use.lock acquired by nodename 6590@pr-hdds-2310-7mltm-1665714090
2019-10-17 21:54:42,705 [pool-77-thread-1] INFO  storage.RaftStorageDirectory (RaftStorageDirectory.java:tryLock(328)) - Lock on /workdir/hadoop-ozone/integration-test/target/test-dir/MiniOzoneClusterImpl-8354d78d-dcd0-455c-bdef-cdb54255caab/datanode-5/data/ratis/e919e467-9e8c-41dd-b4c7-4ff8ca26b826/in_use.lock acquired by nodename 6590@pr-hdds-2310-7mltm-1665714090
2019-10-17 21:54:42,705 [pool-87-thread-1] INFO  storage.RaftStorageDirectory (RaftStorageDirectory.java:tryLock(328)) - Lock on /workdir/hadoop-ozone/integration-test/target/test-dir/MiniOzoneClusterImpl-8354d78d-dcd0-455c-bdef-cdb54255caab/datanode-6/data/ratis/e919e467-9e8c-41dd-b4c7-4ff8ca26b826/in_use.lock acquired by nodename 6590@pr-hdds-2310-7mltm-1665714090
2019-10-17 21:54:42,706 [Thread-369] INFO  impl.FollowerState (FollowerState.java:run(108)) - de567563-d0dd-4cf2-91b7-f72627909699@group-3097D7458558-FollowerState: change to CANDIDATE, lastRpcTime:68ms, electionTimeout:68ms
2019-10-17 21:54:42,706 [92c37ee0-6a4e-44d1-b217-daba3b24c095@group-3097D7458558-LeaderElection15] INFO  impl.LeaderElection (LeaderElection.java:askForVotes(178)) - 92c37ee0-6a4e-44d1-b217-daba3b24c095@group-3097D7458558-LeaderElection15: begin an election at term 3 for -1: [92c37ee0-6a4e-44d1-b217-daba3b24c095:192.168.157.223:35068, de567563-d0dd-4cf2-91b7-f72627909699:192.168.157.223:42420, db0af43e-c62e-4c1d-affa-ffdb4faae2f8:192.168.157.223:36633], old=null
2019-10-17 21:54:42,706 [db0af43e-c62e-4c1d-affa-ffdb4faae2f8@group-3097D7458558-LeaderElection10] INFO  server.RaftServerConfigKeys (ConfUtils.java:logGet(43)) - raft.server.log.appender.buffer.element-limit = 1 (custom)
2019-10-17 21:54:42,706 [Thread-369] INFO  impl.RoleInfo (RoleInfo.java:shutdownFollowerState(121)) - de567563-d0dd-4cf2-91b7-f72627909699: shutdown FollowerState
2019-10-17 21:54:42,706 [db0af43e-c62e-4c1d-affa-ffdb4faae2f8@group-3097D7458558-LeaderElection10] INFO  grpc.GrpcConfigKeys$Server (ConfUtils.java:logGet(43)) - raft.grpc.server.leader.outstanding.appends.max = 128 (default)
2019-10-17 21:54:42,706 [Thread-369] INFO  impl.RaftServerImpl (RaftServerImpl.java:setRole(184)) - de567563-d0dd-4cf2-91b7-f72627909699@group-3097D7458558: changes role from  FOLLOWER to CANDIDATE at term 2 for changeToCandidate
2019-10-17 21:54:42,707 [db0af43e-c62e-4c1d-affa-ffdb4faae2f8@group-3097D7458558-LeaderElection10] INFO  server.RaftServerConfigKeys (ConfUtils.java:logGet(43)) - raft.server.rpc.request.timeout = 3000ms (default)
2019-10-17 21:54:42,707 [Thread-369] INFO  impl.RoleInfo (RoleInfo.java:updateAndGet(143)) - de567563-d0dd-4cf2-91b7-f72627909699: start LeaderElection
2019-10-17 21:54:42,707 [db0af43e-c62e-4c1d-affa-ffdb4faae2f8@group-3097D7458558-LeaderElection10] INFO  server.RaftServerConfigKeys (ConfUtils.java:logGet(43)) - raft.server.log.appender.install.snapshot.enabled = false (custom)
2019-10-17 21:54:42,714 [da15dfee-23f0-4dc4-ad77-c00156c49cfa@group-F967393F7C93-LeaderElection14] INFO  impl.LeaderElection (LeaderElection.java:logAndReturn(56)) - da15dfee-23f0-4dc4-ad77-c00156c49cfa@group-F967393F7C93-LeaderElection14: Election PASSED; received 1 response(s) [da15dfee-23f0-4dc4-ad77-c00156c49cfa<-d6dfcdd7-fc6e-4b51-b91e-b64503dadc5e#0:OK-t1] and 0 exception(s); da15dfee-23f0-4dc4-ad77-c00156c49cfa@group-F967393F7C93:t1, leader=null, voted=da15dfee-23f0-4dc4-ad77-c00156c49cfa, raftlog=da15dfee-23f0-4dc4-ad77-c00156c49cfa@group-F967393F7C93-SegmentedRaftLog:OPENED:c-1,f-1,i0, conf=-1: [08d4cbaa-ffed-4411-a5fd-c4a38026aead:192.168.157.223:33910, da15dfee-23f0-4dc4-ad77-c00156c49cfa:192.168.157.223:42172, d6dfcdd7-fc6e-4b51-b91e-b64503dadc5e:192.168.157.223:43575], old=null
2019-10-17 21:54:42,715 [da15dfee-23f0-4dc4-ad77-c00156c49cfa@group-F967393F7C93-LeaderElection14] INFO  impl.RoleInfo (RoleInfo.java:shutdownLeaderElection(134)) - da15dfee-23f0-4dc4-ad77-c00156c49cfa: shutdown LeaderElection
2019-10-17 21:54:42,719 [pool-77-thread-1] INFO  storage.RaftStorage (RaftStorage.java:format(84)) - Storage directory /workdir/hadoop-ozone/integration-test/target/test-dir/MiniOzoneClusterImpl-8354d78d-dcd0-455c-bdef-cdb54255caab/datanode-5/data/ratis/e919e467-9e8c-41dd-b4c7-4ff8ca26b826 has been successfully formatted.
2019-10-17 21:54:42,719 [pool-87-thread-1] INFO  storage.RaftStorage (RaftStorage.java:format(84)) - Storage directory /workdir/hadoop-ozone/integration-test/target/test-dir/MiniOzoneClusterImpl-8354d78d-dcd0-455c-bdef-cdb54255caab/datanode-6/data/ratis/e919e467-9e8c-41dd-b4c7-4ff8ca26b826 has been successfully formatted.
2019-10-17 21:54:42,724 [pool-77-thread-1] INFO  ratis.ContainerStateMachine (ContainerStateMachine.java:loadSnapshot(231)) - group-4FF8CA26B826: The snapshot info is null. Setting the last applied indexto:(t:0, i:~)
2019-10-17 21:54:42,719 [pool-67-thread-1] INFO  storage.RaftStorage (RaftStorage.java:format(84)) - Storage directory /workdir/hadoop-ozone/integration-test/target/test-dir/MiniOzoneClusterImpl-8354d78d-dcd0-455c-bdef-cdb54255caab/datanode-4/data/ratis/e919e467-9e8c-41dd-b4c7-4ff8ca26b826 has been successfully formatted.
2019-10-17 21:54:42,725 [pool-77-thread-1] INFO  server.RaftServerConfigKeys (ConfUtils.java:logGet(43)) - raft.server.notification.no-leader.timeout = 120s (custom)
2019-10-17 21:54:42,722 [da15dfee-23f0-4dc4-ad77-c00156c49cfa@group-F967393F7C93-LeaderElection14] INFO  impl.RaftServerImpl (RaftServerImpl.java:setRole(184)) - da15dfee-23f0-4dc4-ad77-c00156c49cfa@group-F967393F7C93: changes role from CANDIDATE to LEADER at term 1 for changeToLeader
2019-10-17 21:54:42,722 [de567563-d0dd-4cf2-91b7-f72627909699@group-3097D7458558-LeaderElection16] INFO  impl.LeaderElection (LeaderElection.java:askForVotes(178)) - de567563-d0dd-4cf2-91b7-f72627909699@group-3097D7458558-LeaderElection16: begin an election at term 3 for -1: [92c37ee0-6a4e-44d1-b217-daba3b24c095:192.168.157.223:35068, de567563-d0dd-4cf2-91b7-f72627909699:192.168.157.223:42420, db0af43e-c62e-4c1d-affa-ffdb4faae2f8:192.168.157.223:36633], old=null
2019-10-17 21:54:42,730 [da15dfee-23f0-4dc4-ad77-c00156c49cfa@group-F967393F7C93-LeaderElection14] INFO  impl.RaftServerImpl (ServerState.java:setLeader(256)) - da15dfee-23f0-4dc4-ad77-c00156c49cfa@group-F967393F7C93: change Leader from null to da15dfee-23f0-4dc4-ad77-c00156c49cfa at term 1 for becomeLeader, leader elected after 215ms
2019-10-17 21:54:42,729 [pool-67-thread-1] INFO  ratis.ContainerStateMachine (ContainerStateMachine.java:loadSnapshot(231)) - group-4FF8CA26B826: The snapshot info is null. Setting the last applied indexto:(t:0, i:~)
2019-10-17 21:54:42,729 [pool-77-thread-1] INFO  server.RaftServerConfigKeys (ConfUtils.java:logGet(43)) - raft.server.log.use.memory = false (default)
2019-10-17 21:54:42,725 [pool-87-thread-1] INFO  ratis.ContainerStateMachine (ContainerStateMachine.java:loadSnapshot(231)) - group-4FF8CA26B826: The snapshot info is null. Setting the last applied indexto:(t:0, i:~)
2019-10-17 21:54:42,730 [pool-77-thread-1] INFO  server.RaftServerConfigKeys (ConfUtils.java:logGet(43)) - raft.server.log.purge.gap = 1000000 (custom)
2019-10-17 21:54:42,730 [pool-67-thread-1] INFO  server.RaftServerConfigKeys (ConfUtils.java:logGet(43)) - raft.server.notification.no-leader.timeout = 120s (custom)
2019-10-17 21:54:42,735 [pool-67-thread-1] INFO  server.RaftServerConfigKeys (ConfUtils.java:logGet(43)) - raft.server.log.use.memory = false (default)
2019-10-17 21:54:42,730 [da15dfee-23f0-4dc4-ad77-c00156c49cfa@group-F967393F7C93-LeaderElection14] INFO  server.RaftServerConfigKeys (ConfUtils.java:logGet(43)) - raft.server.staging.catchup.gap = 1000 (default)
2019-10-17 21:54:42,735 [pool-67-thread-1] INFO  server.RaftServerConfigKeys (ConfUtils.java:logGet(43)) - raft.server.log.purge.gap = 1000000 (custom)
2019-10-17 21:54:42,735 [pool-77-thread-1] INFO  server.RaftServerConfigKeys (ConfUtils.java:logGet(43)) - raft.server.log.appender.buffer.byte-limit = 33554432 (custom)
2019-10-17 21:54:42,735 [pool-87-thread-1] INFO  server.RaftServerConfigKeys (ConfUtils.java:logGet(43)) - raft.server.notification.no-leader.timeout = 120s (custom)
2019-10-17 21:54:42,738 [pool-77-thread-1] INFO  server.RaftServerConfigKeys (ConfUtils.java:logGet(43)) - raft.server.log.segment.size.max = 1048576 (custom)
2019-10-17 21:54:42,738 [pool-67-thread-1] INFO  server.RaftServerConfigKeys (ConfUtils.java:logGet(43)) - raft.server.log.appender.buffer.byte-limit = 33554432 (custom)
2019-10-17 21:54:42,738 [da15dfee-23f0-4dc4-ad77-c00156c49cfa@group-F967393F7C93-LeaderElection14] INFO  server.RaftServerConfigKeys (ConfUtils.java:logGet(43)) - raft.server.rpc.sleep.time = 25ms (default)
2019-10-17 21:54:42,738 [pool-67-thread-1] INFO  server.RaftServerConfigKeys (ConfUtils.java:logGet(43)) - raft.server.log.segment.size.max = 1048576 (custom)
2019-10-17 21:54:42,738 [pool-77-thread-1] INFO  server.RaftServerConfigKeys (ConfUtils.java:logGet(43)) - raft.server.log.segment.cache.num.max = 2 (custom)
2019-10-17 21:54:42,738 [pool-87-thread-1] INFO  server.RaftServerConfigKeys (ConfUtils.java:logGet(43)) - raft.server.log.use.memory = false (default)
2019-10-17 21:54:42,739 [pool-77-thread-1] INFO  segmented.SegmentedRaftLogWorker (SegmentedRaftLogWorker.java:<init>(173)) - new c3d1d4b8-f513-489f-ad1a-d9e469eb6c8d@group-4FF8CA26B826-SegmentedRaftLogWorker for RaftStorage:Storage Directory /workdir/hadoop-ozone/integration-test/target/test-dir/MiniOzoneClusterImpl-8354d78d-dcd0-455c-bdef-cdb54255caab/datanode-5/data/ratis/e919e467-9e8c-41dd-b4c7-4ff8ca26b826
2019-10-17 21:54:42,739 [pool-77-thread-1] INFO  server.RaftServerConfigKeys (ConfUtils.java:logGet(43)) - raft.server.log.queue.byte-limit = 2147483647 (custom)
2019-10-17 21:54:42,739 [pool-67-thread-1] INFO  server.RaftServerConfigKeys (ConfUtils.java:logGet(43)) - raft.server.log.segment.cache.num.max = 2 (custom)
2019-10-17 21:54:42,739 [da15dfee-23f0-4dc4-ad77-c00156c49cfa@group-F967393F7C93-LeaderElection14] INFO  server.RaftServerConfigKeys (ConfUtils.java:logGet(43)) - raft.server.write.element-limit = 4096 (default)
2019-10-17 21:54:42,741 [pool-67-thread-1] INFO  segmented.SegmentedRaftLogWorker (SegmentedRaftLogWorker.java:<init>(173)) - new 9a96bff1-ea9f-4cea-8163-a3905a9e2704@group-4FF8CA26B826-SegmentedRaftLogWorker for RaftStorage:Storage Directory /workdir/hadoop-ozone/integration-test/target/test-dir/MiniOzoneClusterImpl-8354d78d-dcd0-455c-bdef-cdb54255caab/datanode-4/data/ratis/e919e467-9e8c-41dd-b4c7-4ff8ca26b826
2019-10-17 21:54:42,739 [pool-77-thread-1] INFO  server.RaftServerConfigKeys (ConfUtils.java:logGet(43)) - raft.server.log.queue.element-limit = 1024 (custom)
2019-10-17 21:54:42,739 [pool-87-thread-1] INFO  server.RaftServerConfigKeys (ConfUtils.java:logGet(43)) - raft.server.log.purge.gap = 1000000 (custom)
2019-10-17 21:54:42,745 [pool-77-thread-1] INFO  server.RaftServerConfigKeys (ConfUtils.java:logGet(43)) - raft.server.log.segment.size.max = 1048576 (custom)
2019-10-17 21:54:42,742 [pool-67-thread-1] INFO  server.RaftServerConfigKeys (ConfUtils.java:logGet(43)) - raft.server.log.queue.byte-limit = 2147483647 (custom)
2019-10-17 21:54:42,741 [da15dfee-23f0-4dc4-ad77-c00156c49cfa@group-F967393F7C93-LeaderElection14] INFO  server.RaftServerConfigKeys (ConfUtils.java:logGet(43)) - raft.server.watch.timeout = 10s (default)
2019-10-17 21:54:42,746 [pool-67-thread-1] INFO  server.RaftServerConfigKeys (ConfUtils.java:logGet(43)) - raft.server.log.queue.element-limit = 1024 (custom)
2019-10-17 21:54:42,746 [pool-77-thread-1] INFO  server.RaftServerConfigKeys (ConfUtils.java:logGet(43)) - raft.server.log.preallocated.size = 16384 (custom)
2019-10-17 21:54:42,745 [pool-87-thread-1] INFO  server.RaftServerConfigKeys (ConfUtils.java:logGet(43)) - raft.server.log.appender.buffer.byte-limit = 33554432 (custom)
2019-10-17 21:54:42,746 [pool-77-thread-1] INFO  server.RaftServerConfigKeys (ConfUtils.java:logGet(43)) - raft.server.log.write.buffer.size = 33554432 (custom)
2019-10-17 21:54:42,746 [pool-67-thread-1] INFO  server.RaftServerConfigKeys (ConfUtils.java:logGet(43)) - raft.server.log.segment.size.max = 1048576 (custom)
2019-10-17 21:54:42,750 [pool-67-thread-1] INFO  server.RaftServerConfigKeys (ConfUtils.java:logGet(43)) - raft.server.log.preallocated.size = 16384 (custom)
2019-10-17 21:54:42,746 [da15dfee-23f0-4dc4-ad77-c00156c49cfa@group-F967393F7C93-LeaderElection14] INFO  server.RaftServerConfigKeys (ConfUtils.java:logGet(43)) - raft.server.watch.timeout.denomination = 1s (default)
2019-10-17 21:54:42,750 [pool-67-thread-1] INFO  server.RaftServerConfigKeys (ConfUtils.java:logGet(43)) - raft.server.log.write.buffer.size = 33554432 (custom)
2019-10-17 21:54:42,750 [pool-77-thread-1] INFO  server.RaftServerConfigKeys (ConfUtils.java:logGet(43)) - raft.server.log.force.sync.num = 128 (default)
2019-10-17 21:54:42,748 [pool-87-thread-1] INFO  server.RaftServerConfigKeys (ConfUtils.java:logGet(43)) - raft.server.log.segment.size.max = 1048576 (custom)
2019-10-17 21:54:42,751 [db0af43e-c62e-4c1d-affa-ffdb4faae2f8@group-3097D7458558-LeaderElection10] INFO  impl.RoleInfo (RoleInfo.java:updateAndGet(143)) - db0af43e-c62e-4c1d-affa-ffdb4faae2f8: start LeaderState
2019-10-17 21:54:42,751 [pool-77-thread-1] INFO  server.RaftServerConfigKeys (ConfUtils.java:logGet(43)) - raft.server.log.statemachine.data.sync = true (default)
2019-10-17 21:54:42,750 [pool-67-thread-1] INFO  server.RaftServerConfigKeys (ConfUtils.java:logGet(43)) - raft.server.log.force.sync.num = 128 (default)
2019-10-17 21:54:42,751 [pool-67-thread-1] INFO  server.RaftServerConfigKeys (ConfUtils.java:logGet(43)) - raft.server.log.statemachine.data.sync = true (default)
2019-10-17 21:54:42,750 [da15dfee-23f0-4dc4-ad77-c00156c49cfa@group-F967393F7C93-LeaderElection14] INFO  server.RaftServerConfigKeys (ConfUtils.java:logGet(43)) - raft.server.watch.element-limit = 65536 (default)
2019-10-17 21:54:42,751 [pool-67-thread-1] INFO  server.RaftServerConfigKeys (ConfUtils.java:logGet(43)) - raft.server.log.statemachine.data.sync.timeout = 10s (default)
2019-10-17 21:54:42,751 [db0af43e-c62e-4c1d-affa-ffdb4faae2f8@group-3097D7458558-LeaderElection10] INFO  segmented.SegmentedRaftLogWorker (SegmentedRaftLogWorker.java:startLogSegment(385)) - db0af43e-c62e-4c1d-affa-ffdb4faae2f8@group-3097D7458558-SegmentedRaftLogWorker: Starting segment from index:0
2019-10-17 21:54:42,751 [pool-77-thread-1] INFO  server.RaftServerConfigKeys (ConfUtils.java:logGet(43)) - raft.server.log.statemachine.data.sync.timeout = 10s (default)
2019-10-17 21:54:42,751 [pool-87-thread-1] INFO  server.RaftServerConfigKeys (ConfUtils.java:logGet(43)) - raft.server.log.segment.cache.num.max = 2 (custom)
2019-10-17 21:54:42,752 [pool-77-thread-1] INFO  server.RaftServerConfigKeys (ConfUtils.java:logGet(43)) - raft.server.log.statemachine.data.sync.timeout.retry = -1 (default)
2019-10-17 21:54:42,751 [pool-67-thread-1] INFO  server.RaftServerConfigKeys (ConfUtils.java:logGet(43)) - raft.server.log.statemachine.data.sync.timeout.retry = -1 (default)
2019-10-17 21:54:42,752 [pool-77-thread-1] INFO  server.RaftServerConfigKeys (ConfUtils.java:logGet(43)) - raft.server.log.statemachine.data.caching.enabled = true (custom)
2019-10-17 21:54:42,752 [pool-87-thread-1] INFO  segmented.SegmentedRaftLogWorker (SegmentedRaftLogWorker.java:<init>(173)) - new fff7125c-610a-434d-b194-38800617abc4@group-4FF8CA26B826-SegmentedRaftLogWorker for RaftStorage:Storage Directory /workdir/hadoop-ozone/integration-test/target/test-dir/MiniOzoneClusterImpl-8354d78d-dcd0-455c-bdef-cdb54255caab/datanode-6/data/ratis/e919e467-9e8c-41dd-b4c7-4ff8ca26b826
2019-10-17 21:54:42,752 [pool-67-thread-1] INFO  server.RaftServerConfigKeys (ConfUtils.java:logGet(43)) - raft.server.log.statemachine.data.caching.enabled = true (custom)
2019-10-17 21:54:42,752 [pool-77-thread-1] INFO  segmented.SegmentedRaftLogWorker (SegmentedRaftLogWorker.java:lambda$new$0(128)) - c3d1d4b8-f513-489f-ad1a-d9e469eb6c8d@group-4FF8CA26B826-SegmentedRaftLogWorker: flushIndex: setUnconditionally 0 -> -1
2019-10-17 21:54:42,752 [pool-87-thread-1] INFO  server.RaftServerConfigKeys (ConfUtils.java:logGet(43)) - raft.server.log.queue.byte-limit = 2147483647 (custom)
2019-10-17 21:54:42,753 [pool-67-thread-1] INFO  segmented.SegmentedRaftLogWorker (SegmentedRaftLogWorker.java:lambda$new$0(128)) - 9a96bff1-ea9f-4cea-8163-a3905a9e2704@group-4FF8CA26B826-SegmentedRaftLogWorker: flushIndex: setUnconditionally 0 -> -1
2019-10-17 21:54:42,753 [db0af43e-c62e-4c1d-affa-ffdb4faae2f8@group-3097D7458558-LeaderElection10] INFO  impl.RaftServerImpl (ServerState.java:setRaftConf(357)) - db0af43e-c62e-4c1d-affa-ffdb4faae2f8@group-3097D7458558: set configuration 0: [92c37ee0-6a4e-44d1-b217-daba3b24c095:192.168.157.223:35068, de567563-d0dd-4cf2-91b7-f72627909699:192.168.157.223:42420, db0af43e-c62e-4c1d-affa-ffdb4faae2f8:192.168.157.223:36633], old=null at 0
2019-10-17 21:54:42,753 [pool-77-thread-1] INFO  server.RaftServerConfigKeys (ConfUtils.java:logGet(43)) - raft.server.snapshot.auto.trigger.enabled = true (custom)
2019-10-17 21:54:42,753 [pool-87-thread-1] INFO  server.RaftServerConfigKeys (ConfUtils.java:logGet(43)) - raft.server.log.queue.element-limit = 1024 (custom)
2019-10-17 21:54:42,753 [pool-77-thread-1] INFO  server.RaftServerConfigKeys (ConfUtils.java:logGet(43)) - raft.server.snapshot.auto.trigger.threshold = 10000 (custom)
2019-10-17 21:54:42,753 [grpc-default-executor-1] INFO  impl.RaftServerImpl (ServerState.java:setLeader(256)) - db0af43e-c62e-4c1d-affa-ffdb4faae2f8@group-3097D7458558: change Leader from db0af43e-c62e-4c1d-affa-ffdb4faae2f8 to null at term 3 for updateCurrentTerm
2019-10-17 21:54:42,753 [pool-67-thread-1] INFO  server.RaftServerConfigKeys (ConfUtils.java:logGet(43)) - raft.server.snapshot.auto.trigger.enabled = true (custom)
2019-10-17 21:54:42,754 [grpc-default-executor-1] INFO  impl.RaftServerImpl (RaftServerImpl.java:setRole(184)) - db0af43e-c62e-4c1d-affa-ffdb4faae2f8@group-3097D7458558: changes role from    LEADER to FOLLOWER at term 3 for recognizeCandidate:de567563-d0dd-4cf2-91b7-f72627909699
2019-10-17 21:54:42,753 [pool-77-thread-1] INFO  server.RaftServerConfigKeys (ConfUtils.java:logGet(43)) - raft.server.snapshot.retention.file.num = 5 (custom)
2019-10-17 21:54:42,753 [pool-87-thread-1] INFO  server.RaftServerConfigKeys (ConfUtils.java:logGet(43)) - raft.server.log.segment.size.max = 1048576 (custom)
2019-10-17 21:54:42,780 [grpc-default-executor-1] INFO  impl.RoleInfo (RoleInfo.java:shutdownLeaderState(104)) - db0af43e-c62e-4c1d-affa-ffdb4faae2f8: shutdown LeaderState
2019-10-17 21:54:42,779 [Thread-373] INFO  impl.FollowerState (FollowerState.java:run(108)) - 08d4cbaa-ffed-4411-a5fd-c4a38026aead@group-F967393F7C93-FollowerState: change to CANDIDATE, lastRpcTime:91ms, electionTimeout:63ms
2019-10-17 21:54:42,754 [pool-67-thread-1] INFO  server.RaftServerConfigKeys (ConfUtils.java:logGet(43)) - raft.server.snapshot.auto.trigger.threshold = 10000 (custom)
2019-10-17 21:54:42,781 [pool-87-thread-1] INFO  server.RaftServerConfigKeys (ConfUtils.java:logGet(43)) - raft.server.log.preallocated.size = 16384 (custom)
2019-10-17 21:54:42,781 [pool-77-thread-1] INFO  server.RaftServerConfigKeys (ConfUtils.java:logGet(43)) - raft.server.retrycache.expirytime = 600000ms (custom)
2019-10-17 21:54:42,788 [pool-87-thread-1] INFO  server.RaftServerConfigKeys (ConfUtils.java:logGet(43)) - raft.server.log.write.buffer.size = 33554432 (custom)
2019-10-17 21:54:42,781 [pool-67-thread-1] INFO  server.RaftServerConfigKeys (ConfUtils.java:logGet(43)) - raft.server.snapshot.retention.file.num = 5 (custom)
2019-10-17 21:54:42,781 [Thread-373] INFO  impl.RoleInfo (RoleInfo.java:shutdownFollowerState(121)) - 08d4cbaa-ffed-4411-a5fd-c4a38026aead: shutdown FollowerState
2019-10-17 21:54:42,788 [pool-67-thread-1] INFO  server.RaftServerConfigKeys (ConfUtils.java:logGet(43)) - raft.server.retrycache.expirytime = 600000ms (custom)
2019-10-17 21:54:42,788 [da15dfee-23f0-4dc4-ad77-c00156c49cfa@group-F967393F7C93-LeaderElection14] INFO  server.RaftServerConfigKeys (ConfUtils.java:logGet(43)) - raft.server.log.appender.snapshot.chunk.size.max = 16MB (=16777216) (default)
2019-10-17 21:54:42,788 [pool-87-thread-1] INFO  server.RaftServerConfigKeys (ConfUtils.java:logGet(43)) - raft.server.log.force.sync.num = 128 (default)
2019-10-17 21:54:42,789 [da15dfee-23f0-4dc4-ad77-c00156c49cfa@group-F967393F7C93-LeaderElection14] INFO  server.RaftServerConfigKeys (ConfUtils.java:logGet(43)) - raft.server.log.appender.buffer.byte-limit = 33554432 (custom)
2019-10-17 21:54:42,788 [grpc-default-executor-1] INFO  impl.PendingRequests (PendingRequests.java:sendNotLeaderResponses(202)) - db0af43e-c62e-4c1d-affa-ffdb4faae2f8@group-3097D7458558-PendingRequests: sendNotLeaderResponses
2019-10-17 21:54:42,788 [Thread-373] INFO  impl.RaftServerImpl (RaftServerImpl.java:setRole(184)) - 08d4cbaa-ffed-4411-a5fd-c4a38026aead@group-F967393F7C93: changes role from  FOLLOWER to CANDIDATE at term 1 for changeToCandidate
2019-10-17 21:54:42,789 [da15dfee-23f0-4dc4-ad77-c00156c49cfa@group-F967393F7C93-LeaderElection14] INFO  server.RaftServerConfigKeys (ConfUtils.java:logGet(43)) - raft.server.log.appender.buffer.element-limit = 1 (custom)
2019-10-17 21:54:42,789 [Thread-373] INFO  impl.RoleInfo (RoleInfo.java:updateAndGet(143)) - 08d4cbaa-ffed-4411-a5fd-c4a38026aead: start LeaderElection
2019-10-17 21:54:42,789 [pool-87-thread-1] INFO  server.RaftServerConfigKeys (ConfUtils.java:logGet(43)) - raft.server.log.statemachine.data.sync = true (default)
2019-10-17 21:54:42,790 [pool-87-thread-1] INFO  server.RaftServerConfigKeys (ConfUtils.java:logGet(43)) - raft.server.log.statemachine.data.sync.timeout = 10s (default)
2019-10-17 21:54:42,792 [db0af43e-c62e-4c1d-affa-ffdb4faae2f8@group-3097D7458558-SegmentedRaftLogWorker] INFO  segmented.SegmentedRaftLogWorker (SegmentedRaftLogWorker.java:execute(576)) - db0af43e-c62e-4c1d-affa-ffdb4faae2f8@group-3097D7458558-SegmentedRaftLogWorker: created new log segment /workdir/hadoop-ozone/integration-test/target/test-dir/MiniOzoneClusterImpl-8354d78d-dcd0-455c-bdef-cdb54255caab/datanode-2/data/ratis/79705d85-8c11-4082-a1d0-3097d7458558/current/log_inprogress_0
2019-10-17 21:54:42,789 [da15dfee-23f0-4dc4-ad77-c00156c49cfa@group-F967393F7C93-LeaderElection14] INFO  grpc.GrpcConfigKeys$Server (ConfUtils.java:logGet(43)) - raft.grpc.server.leader.outstanding.appends.max = 128 (default)
2019-10-17 21:54:42,793 [92c37ee0-6a4e-44d1-b217-daba3b24c095@group-3097D7458558-LeaderElection15] INFO  impl.LeaderElection (LeaderElection.java:logAndReturn(56)) - 92c37ee0-6a4e-44d1-b217-daba3b24c095@group-3097D7458558-LeaderElection15: Election TIMEOUT; received 1 response(s) [92c37ee0-6a4e-44d1-b217-daba3b24c095<-de567563-d0dd-4cf2-91b7-f72627909699#0:FAIL-t3] and 0 exception(s); 92c37ee0-6a4e-44d1-b217-daba3b24c095@group-3097D7458558:t3, leader=null, voted=92c37ee0-6a4e-44d1-b217-daba3b24c095, raftlog=92c37ee0-6a4e-44d1-b217-daba3b24c095@group-3097D7458558-SegmentedRaftLog:OPENED:c-1,f-1,i0, conf=-1: [92c37ee0-6a4e-44d1-b217-daba3b24c095:192.168.157.223:35068, de567563-d0dd-4cf2-91b7-f72627909699:192.168.157.223:42420, db0af43e-c62e-4c1d-affa-ffdb4faae2f8:192.168.157.223:36633], old=null
2019-10-17 21:54:42,803 [da15dfee-23f0-4dc4-ad77-c00156c49cfa@group-F967393F7C93-LeaderElection14] INFO  server.RaftServerConfigKeys (ConfUtils.java:logGet(43)) - raft.server.rpc.request.timeout = 3000ms (default)
2019-10-17 21:54:42,793 [pool-87-thread-1] INFO  server.RaftServerConfigKeys (ConfUtils.java:logGet(43)) - raft.server.log.statemachine.data.sync.timeout.retry = -1 (default)
2019-10-17 21:54:42,806 [grpc-default-executor-1] INFO  impl.RoleInfo (RoleInfo.java:updateAndGet(143)) - db0af43e-c62e-4c1d-affa-ffdb4faae2f8: start FollowerState
2019-10-17 21:54:42,806 [da15dfee-23f0-4dc4-ad77-c00156c49cfa@group-F967393F7C93-LeaderElection14] INFO  server.RaftServerConfigKeys (ConfUtils.java:logGet(43)) - raft.server.log.appender.install.snapshot.enabled = false (custom)
2019-10-17 21:54:42,808 [de567563-d0dd-4cf2-91b7-f72627909699@group-3097D7458558-LeaderElection16] INFO  impl.LeaderElection (LeaderElection.java:logAndReturn(56)) - de567563-d0dd-4cf2-91b7-f72627909699@group-3097D7458558-LeaderElection16: Election TIMEOUT; received 1 response(s) [de567563-d0dd-4cf2-91b7-f72627909699<-92c37ee0-6a4e-44d1-b217-daba3b24c095#0:FAIL-t3] and 0 exception(s); de567563-d0dd-4cf2-91b7-f72627909699@group-3097D7458558:t3, leader=null, voted=de567563-d0dd-4cf2-91b7-f72627909699, raftlog=de567563-d0dd-4cf2-91b7-f72627909699@group-3097D7458558-SegmentedRaftLog:OPENED:c-1,f-1,i0, conf=-1: [92c37ee0-6a4e-44d1-b217-daba3b24c095:192.168.157.223:35068, de567563-d0dd-4cf2-91b7-f72627909699:192.168.157.223:42420, db0af43e-c62e-4c1d-affa-ffdb4faae2f8:192.168.157.223:36633], old=null
2019-10-17 21:54:42,808 [pool-87-thread-1] INFO  server.RaftServerConfigKeys (ConfUtils.java:logGet(43)) - raft.server.log.statemachine.data.caching.enabled = true (custom)
2019-10-17 21:54:42,811 [pool-87-thread-1] INFO  segmented.SegmentedRaftLogWorker (SegmentedRaftLogWorker.java:lambda$new$0(128)) - fff7125c-610a-434d-b194-38800617abc4@group-4FF8CA26B826-SegmentedRaftLogWorker: flushIndex: setUnconditionally 0 -> -1
2019-10-17 21:54:42,811 [pool-87-thread-1] INFO  server.RaftServerConfigKeys (ConfUtils.java:logGet(43)) - raft.server.snapshot.auto.trigger.enabled = true (custom)
2019-10-17 21:54:42,811 [pool-87-thread-1] INFO  server.RaftServerConfigKeys (ConfUtils.java:logGet(43)) - raft.server.snapshot.auto.trigger.threshold = 10000 (custom)
2019-10-17 21:54:42,811 [pool-87-thread-1] INFO  server.RaftServerConfigKeys (ConfUtils.java:logGet(43)) - raft.server.snapshot.retention.file.num = 5 (custom)
2019-10-17 21:54:42,811 [pool-87-thread-1] INFO  server.RaftServerConfigKeys (ConfUtils.java:logGet(43)) - raft.server.retrycache.expirytime = 600000ms (custom)
2019-10-17 21:54:42,812 [pool-67-thread-1] INFO  impl.RaftServerImpl (RaftServerImpl.java:start(195)) - 9a96bff1-ea9f-4cea-8163-a3905a9e2704@group-4FF8CA26B826: start as a follower, conf=-1: [c3d1d4b8-f513-489f-ad1a-d9e469eb6c8d:192.168.157.223:35769, 9a96bff1-ea9f-4cea-8163-a3905a9e2704:192.168.157.223:39495, fff7125c-610a-434d-b194-38800617abc4:192.168.157.223:34162], old=null
2019-10-17 21:54:42,814 [pool-67-thread-1] INFO  impl.RaftServerImpl (RaftServerImpl.java:setRole(184)) - 9a96bff1-ea9f-4cea-8163-a3905a9e2704@group-4FF8CA26B826: changes role from      null to FOLLOWER at term 0 for startAsFollower
2019-10-17 21:54:42,814 [pool-67-thread-1] INFO  impl.RoleInfo (RoleInfo.java:updateAndGet(143)) - 9a96bff1-ea9f-4cea-8163-a3905a9e2704: start FollowerState
2019-10-17 21:54:42,815 [pool-77-thread-1] INFO  impl.RaftServerImpl (RaftServerImpl.java:start(195)) - c3d1d4b8-f513-489f-ad1a-d9e469eb6c8d@group-4FF8CA26B826: start as a follower, conf=-1: [c3d1d4b8-f513-489f-ad1a-d9e469eb6c8d:192.168.157.223:35769, 9a96bff1-ea9f-4cea-8163-a3905a9e2704:192.168.157.223:39495, fff7125c-610a-434d-b194-38800617abc4:192.168.157.223:34162], old=null
2019-10-17 21:54:42,815 [pool-77-thread-1] INFO  impl.RaftServerImpl (RaftServerImpl.java:setRole(184)) - c3d1d4b8-f513-489f-ad1a-d9e469eb6c8d@group-4FF8CA26B826: changes role from      null to FOLLOWER at term 0 for startAsFollower
2019-10-17 21:54:42,815 [pool-67-thread-1] INFO  util.JmxRegister (JmxRegister.java:tryRegister(44)) - Successfully registered JMX Bean with object name Ratis:service=RaftServer,group=group-4FF8CA26B826,id=9a96bff1-ea9f-4cea-8163-a3905a9e2704
2019-10-17 21:54:42,815 [pool-77-thread-1] INFO  impl.RoleInfo (RoleInfo.java:updateAndGet(143)) - c3d1d4b8-f513-489f-ad1a-d9e469eb6c8d: start FollowerState
2019-10-17 21:54:42,815 [pool-77-thread-1] INFO  util.JmxRegister (JmxRegister.java:tryRegister(44)) - Successfully registered JMX Bean with object name Ratis:service=RaftServer,group=group-4FF8CA26B826,id=c3d1d4b8-f513-489f-ad1a-d9e469eb6c8d
2019-10-17 21:54:42,816 [92c37ee0-6a4e-44d1-b217-daba3b24c095@group-3097D7458558-LeaderElection15] INFO  impl.LeaderElection (LeaderElection.java:askForVotes(178)) - 92c37ee0-6a4e-44d1-b217-daba3b24c095@group-3097D7458558-LeaderElection15: begin an election at term 4 for -1: [92c37ee0-6a4e-44d1-b217-daba3b24c095:192.168.157.223:35068, de567563-d0dd-4cf2-91b7-f72627909699:192.168.157.223:42420, db0af43e-c62e-4c1d-affa-ffdb4faae2f8:192.168.157.223:36633], old=null
2019-10-17 21:54:42,816 [08d4cbaa-ffed-4411-a5fd-c4a38026aead@group-F967393F7C93-LeaderElection17] INFO  impl.LeaderElection (LeaderElection.java:askForVotes(178)) - 08d4cbaa-ffed-4411-a5fd-c4a38026aead@group-F967393F7C93-LeaderElection17: begin an election at term 2 for -1: [08d4cbaa-ffed-4411-a5fd-c4a38026aead:192.168.157.223:33910, da15dfee-23f0-4dc4-ad77-c00156c49cfa:192.168.157.223:42172, d6dfcdd7-fc6e-4b51-b91e-b64503dadc5e:192.168.157.223:43575], old=null
2019-10-17 21:54:42,816 [grpc-default-executor-0] INFO  impl.RaftServerImpl (RaftServerImpl.java:setRole(184)) - db0af43e-c62e-4c1d-affa-ffdb4faae2f8@group-3097D7458558: changes role from  FOLLOWER to FOLLOWER at term 3 for recognizeCandidate:92c37ee0-6a4e-44d1-b217-daba3b24c095
2019-10-17 21:54:42,816 [de567563-d0dd-4cf2-91b7-f72627909699@group-3097D7458558-LeaderElection16] INFO  impl.LeaderElection (LeaderElection.java:askForVotes(178)) - de567563-d0dd-4cf2-91b7-f72627909699@group-3097D7458558-LeaderElection16: begin an election at term 4 for -1: [92c37ee0-6a4e-44d1-b217-daba3b24c095:192.168.157.223:35068, de567563-d0dd-4cf2-91b7-f72627909699:192.168.157.223:42420, db0af43e-c62e-4c1d-affa-ffdb4faae2f8:192.168.157.223:36633], old=null
2019-10-17 21:54:42,816 [grpc-default-executor-0] INFO  impl.RoleInfo (RoleInfo.java:shutdownFollowerState(121)) - db0af43e-c62e-4c1d-affa-ffdb4faae2f8: shutdown FollowerState
2019-10-17 21:54:42,817 [Thread-389] INFO  impl.FollowerState (FollowerState.java:run(117)) - db0af43e-c62e-4c1d-affa-ffdb4faae2f8@group-3097D7458558-FollowerState was interrupted: java.lang.InterruptedException: sleep interrupted
2019-10-17 21:54:42,817 [grpc-default-executor-0] INFO  impl.RoleInfo (RoleInfo.java:updateAndGet(143)) - db0af43e-c62e-4c1d-affa-ffdb4faae2f8: start FollowerState
2019-10-17 21:54:42,820 [org.apache.ratis.server.impl.LogAppender$AppenderDaemon$$Lambda$456/2008494382@7b6def7f] WARN  server.GrpcLogAppender (GrpcLogAppender.java:mayWait(149)) - db0af43e-c62e-4c1d-affa-ffdb4faae2f8@group-3097D7458558->de567563-d0dd-4cf2-91b7-f72627909699-GrpcLogAppender: Wait interrupted by java.lang.InterruptedException
2019-10-17 21:54:42,817 [org.apache.ratis.server.impl.LogAppender$AppenderDaemon$$Lambda$456/2008494382@8796939] WARN  server.GrpcLogAppender (GrpcLogAppender.java:mayWait(149)) - db0af43e-c62e-4c1d-affa-ffdb4faae2f8@group-3097D7458558->92c37ee0-6a4e-44d1-b217-daba3b24c095-GrpcLogAppender: Wait interrupted by java.lang.InterruptedException
2019-10-17 21:54:42,824 [08d4cbaa-ffed-4411-a5fd-c4a38026aead@group-F967393F7C93-LeaderElection17] INFO  impl.LeaderElection (LeaderElection.java:logAndReturn(56)) - 08d4cbaa-ffed-4411-a5fd-c4a38026aead@group-F967393F7C93-LeaderElection17: Election TIMEOUT; received 0 response(s) [] and 0 exception(s); 08d4cbaa-ffed-4411-a5fd-c4a38026aead@group-F967393F7C93:t2, leader=null, voted=08d4cbaa-ffed-4411-a5fd-c4a38026aead, raftlog=08d4cbaa-ffed-4411-a5fd-c4a38026aead@group-F967393F7C93-SegmentedRaftLog:OPENED:c-1,f-1,i0, conf=-1: [08d4cbaa-ffed-4411-a5fd-c4a38026aead:192.168.157.223:33910, da15dfee-23f0-4dc4-ad77-c00156c49cfa:192.168.157.223:42172, d6dfcdd7-fc6e-4b51-b91e-b64503dadc5e:192.168.157.223:43575], old=null
2019-10-17 21:54:42,831 [da15dfee-23f0-4dc4-ad77-c00156c49cfa@group-F967393F7C93-LeaderElection14] INFO  server.RaftServerConfigKeys (ConfUtils.java:logGet(43)) - raft.server.log.appender.snapshot.chunk.size.max = 16MB (=16777216) (default)
2019-10-17 21:54:42,837 [da15dfee-23f0-4dc4-ad77-c00156c49cfa@group-F967393F7C93-LeaderElection14] INFO  server.RaftServerConfigKeys (ConfUtils.java:logGet(43)) - raft.server.log.appender.buffer.byte-limit = 33554432 (custom)
2019-10-17 21:54:42,837 [da15dfee-23f0-4dc4-ad77-c00156c49cfa@group-F967393F7C93-LeaderElection14] INFO  server.RaftServerConfigKeys (ConfUtils.java:logGet(43)) - raft.server.log.appender.buffer.element-limit = 1 (custom)
2019-10-17 21:54:42,848 [Thread-374] INFO  impl.FollowerState (FollowerState.java:run(108)) - d6dfcdd7-fc6e-4b51-b91e-b64503dadc5e@group-F967393F7C93-FollowerState: change to CANDIDATE, lastRpcTime:152ms, electionTimeout:144ms
2019-10-17 21:54:42,850 [grpc-default-executor-4] INFO  impl.RaftServerImpl (RaftServerImpl.java:setRole(184)) - db0af43e-c62e-4c1d-affa-ffdb4faae2f8@group-3097D7458558: changes role from  FOLLOWER to FOLLOWER at term 4 for recognizeCandidate:92c37ee0-6a4e-44d1-b217-daba3b24c095
2019-10-17 21:54:42,850 [grpc-default-executor-4] INFO  impl.RoleInfo (RoleInfo.java:shutdownFollowerState(121)) - db0af43e-c62e-4c1d-affa-ffdb4faae2f8: shutdown FollowerState
2019-10-17 21:54:42,851 [08d4cbaa-ffed-4411-a5fd-c4a38026aead@group-F967393F7C93-LeaderElection17] INFO  impl.LeaderElection (LeaderElection.java:askForVotes(178)) - 08d4cbaa-ffed-4411-a5fd-c4a38026aead@group-F967393F7C93-LeaderElection17: begin an election at term 3 for -1: [08d4cbaa-ffed-4411-a5fd-c4a38026aead:192.168.157.223:33910, da15dfee-23f0-4dc4-ad77-c00156c49cfa:192.168.157.223:42172, d6dfcdd7-fc6e-4b51-b91e-b64503dadc5e:192.168.157.223:43575], old=null
2019-10-17 21:54:42,850 [da15dfee-23f0-4dc4-ad77-c00156c49cfa@group-F967393F7C93-LeaderElection14] INFO  grpc.GrpcConfigKeys$Server (ConfUtils.java:logGet(43)) - raft.grpc.server.leader.outstanding.appends.max = 128 (default)
2019-10-17 21:54:42,851 [grpc-default-executor-4] INFO  impl.RoleInfo (RoleInfo.java:updateAndGet(143)) - db0af43e-c62e-4c1d-affa-ffdb4faae2f8: start FollowerState
2019-10-17 21:54:42,851 [Thread-374] INFO  impl.RoleInfo (RoleInfo.java:shutdownFollowerState(121)) - d6dfcdd7-fc6e-4b51-b91e-b64503dadc5e: shutdown FollowerState
2019-10-17 21:54:42,851 [Thread-397] INFO  impl.FollowerState (FollowerState.java:run(117)) - db0af43e-c62e-4c1d-affa-ffdb4faae2f8@group-3097D7458558-FollowerState was interrupted: java.lang.InterruptedException: sleep interrupted
2019-10-17 21:54:42,851 [pool-87-thread-1] INFO  impl.RaftServerImpl (RaftServerImpl.java:start(195)) - fff7125c-610a-434d-b194-38800617abc4@group-4FF8CA26B826: start as a follower, conf=-1: [c3d1d4b8-f513-489f-ad1a-d9e469eb6c8d:192.168.157.223:35769, 9a96bff1-ea9f-4cea-8163-a3905a9e2704:192.168.157.223:39495, fff7125c-610a-434d-b194-38800617abc4:192.168.157.223:34162], old=null
2019-10-17 21:54:42,851 [Thread-374] INFO  impl.RaftServerImpl (RaftServerImpl.java:setRole(184)) - d6dfcdd7-fc6e-4b51-b91e-b64503dadc5e@group-F967393F7C93: changes role from  FOLLOWER to CANDIDATE at term 1 for changeToCandidate
2019-10-17 21:54:42,851 [da15dfee-23f0-4dc4-ad77-c00156c49cfa@group-F967393F7C93-LeaderElection14] INFO  server.RaftServerConfigKeys (ConfUtils.java:logGet(43)) - raft.server.rpc.request.timeout = 3000ms (default)
2019-10-17 21:54:42,853 [grpc-default-executor-2] INFO  server.GrpcServerProtocolService (GrpcServerProtocolService.java:onCompleted(113)) - 92c37ee0-6a4e-44d1-b217-daba3b24c095: Completed APPEND_ENTRIES, lastRequest: null
2019-10-17 21:54:42,853 [grpc-default-executor-1] INFO  server.GrpcServerProtocolService (GrpcServerProtocolService.java:onCompleted(113)) - de567563-d0dd-4cf2-91b7-f72627909699: Completed APPEND_ENTRIES, lastRequest: null
2019-10-17 21:54:42,853 [Thread-374] INFO  impl.RoleInfo (RoleInfo.java:updateAndGet(143)) - d6dfcdd7-fc6e-4b51-b91e-b64503dadc5e: start LeaderElection
2019-10-17 21:54:42,853 [pool-87-thread-1] INFO  impl.RaftServerImpl (RaftServerImpl.java:setRole(184)) - fff7125c-610a-434d-b194-38800617abc4@group-4FF8CA26B826: changes role from      null to FOLLOWER at term 0 for startAsFollower
2019-10-17 21:54:42,855 [da15dfee-23f0-4dc4-ad77-c00156c49cfa@group-F967393F7C93-LeaderElection14] INFO  server.RaftServerConfigKeys (ConfUtils.java:logGet(43)) - raft.server.log.appender.install.snapshot.enabled = false (custom)
2019-10-17 21:54:42,855 [pool-87-thread-1] INFO  impl.RoleInfo (RoleInfo.java:updateAndGet(143)) - fff7125c-610a-434d-b194-38800617abc4: start FollowerState
2019-10-17 21:54:42,856 [pool-87-thread-1] INFO  util.JmxRegister (JmxRegister.java:tryRegister(44)) - Successfully registered JMX Bean with object name Ratis:service=RaftServer,group=group-4FF8CA26B826,id=fff7125c-610a-434d-b194-38800617abc4
2019-10-17 21:54:42,856 [grpc-default-executor-1] INFO  server.GrpcLogAppender (GrpcLogAppender.java:onCompleted(308)) - db0af43e-c62e-4c1d-affa-ffdb4faae2f8@group-3097D7458558->de567563-d0dd-4cf2-91b7-f72627909699-AppendLogResponseHandler: follower responses appendEntries COMPLETED
2019-10-17 21:54:42,856 [grpc-default-executor-2] INFO  server.GrpcLogAppender (GrpcLogAppender.java:onCompleted(308)) - db0af43e-c62e-4c1d-affa-ffdb4faae2f8@group-3097D7458558->92c37ee0-6a4e-44d1-b217-daba3b24c095-AppendLogResponseHandler: follower responses appendEntries COMPLETED
2019-10-17 21:54:42,863 [d6dfcdd7-fc6e-4b51-b91e-b64503dadc5e@group-F967393F7C93-LeaderElection18] INFO  impl.LeaderElection (LeaderElection.java:askForVotes(178)) - d6dfcdd7-fc6e-4b51-b91e-b64503dadc5e@group-F967393F7C93-LeaderElection18: begin an election at term 2 for -1: [08d4cbaa-ffed-4411-a5fd-c4a38026aead:192.168.157.223:33910, da15dfee-23f0-4dc4-ad77-c00156c49cfa:192.168.157.223:42172, d6dfcdd7-fc6e-4b51-b91e-b64503dadc5e:192.168.157.223:43575], old=null
2019-10-17 21:54:42,863 [grpc-default-executor-3] INFO  impl.RaftServerImpl (RaftServerImpl.java:setRole(184)) - db0af43e-c62e-4c1d-affa-ffdb4faae2f8@group-3097D7458558: changes role from  FOLLOWER to FOLLOWER at term 4 for recognizeCandidate:de567563-d0dd-4cf2-91b7-f72627909699
2019-10-17 21:54:42,863 [grpc-default-executor-3] INFO  impl.RoleInfo (RoleInfo.java:shutdownFollowerState(121)) - db0af43e-c62e-4c1d-affa-ffdb4faae2f8: shutdown FollowerState
2019-10-17 21:54:42,863 [Thread-401] INFO  impl.FollowerState (FollowerState.java:run(117)) - db0af43e-c62e-4c1d-affa-ffdb4faae2f8@group-3097D7458558-FollowerState was interrupted: java.lang.InterruptedException: sleep interrupted
2019-10-17 21:54:42,863 [grpc-default-executor-3] INFO  impl.RoleInfo (RoleInfo.java:updateAndGet(143)) - db0af43e-c62e-4c1d-affa-ffdb4faae2f8: start FollowerState
2019-10-17 21:54:42,865 [grpc-default-executor-1] INFO  impl.FollowerInfo (FollowerInfo.java:lambda$new$0(51)) - db0af43e-c62e-4c1d-affa-ffdb4faae2f8@group-3097D7458558->de567563-d0dd-4cf2-91b7-f72627909699: nextIndex: updateUnconditionally 0 -> 0
2019-10-17 21:54:42,869 [grpc-default-executor-2] INFO  impl.FollowerInfo (FollowerInfo.java:lambda$new$0(51)) - db0af43e-c62e-4c1d-affa-ffdb4faae2f8@group-3097D7458558->92c37ee0-6a4e-44d1-b217-daba3b24c095: nextIndex: updateUnconditionally 0 -> 0
2019-10-17 21:54:42,874 [08d4cbaa-ffed-4411-a5fd-c4a38026aead@group-F967393F7C93-LeaderElection17] INFO  impl.LeaderElection (LeaderElection.java:logAndReturn(56)) - 08d4cbaa-ffed-4411-a5fd-c4a38026aead@group-F967393F7C93-LeaderElection17: Election TIMEOUT; received 0 response(s) [] and 0 exception(s); 08d4cbaa-ffed-4411-a5fd-c4a38026aead@group-F967393F7C93:t3, leader=null, voted=08d4cbaa-ffed-4411-a5fd-c4a38026aead, raftlog=08d4cbaa-ffed-4411-a5fd-c4a38026aead@group-F967393F7C93-SegmentedRaftLog:OPENED:c-1,f-1,i0, conf=-1: [08d4cbaa-ffed-4411-a5fd-c4a38026aead:192.168.157.223:33910, da15dfee-23f0-4dc4-ad77-c00156c49cfa:192.168.157.223:42172, d6dfcdd7-fc6e-4b51-b91e-b64503dadc5e:192.168.157.223:43575], old=null
2019-10-17 21:54:42,875 [92c37ee0-6a4e-44d1-b217-daba3b24c095@group-3097D7458558-LeaderElection15] INFO  impl.LeaderElection (LeaderElection.java:logAndReturn(56)) - 92c37ee0-6a4e-44d1-b217-daba3b24c095@group-3097D7458558-LeaderElection15: Election REJECTED; received 2 response(s) [92c37ee0-6a4e-44d1-b217-daba3b24c095<-de567563-d0dd-4cf2-91b7-f72627909699#0:FAIL-t4, 92c37ee0-6a4e-44d1-b217-daba3b24c095<-db0af43e-c62e-4c1d-affa-ffdb4faae2f8#0:FAIL-t4] and 0 exception(s); 92c37ee0-6a4e-44d1-b217-daba3b24c095@group-3097D7458558:t4, leader=null, voted=92c37ee0-6a4e-44d1-b217-daba3b24c095, raftlog=92c37ee0-6a4e-44d1-b217-daba3b24c095@group-3097D7458558-SegmentedRaftLog:OPENED:c-1,f-1,i0, conf=-1: [92c37ee0-6a4e-44d1-b217-daba3b24c095:192.168.157.223:35068, de567563-d0dd-4cf2-91b7-f72627909699:192.168.157.223:42420, db0af43e-c62e-4c1d-affa-ffdb4faae2f8:192.168.157.223:36633], old=null
2019-10-17 21:54:42,875 [92c37ee0-6a4e-44d1-b217-daba3b24c095@group-3097D7458558-LeaderElection15] INFO  impl.RaftServerImpl (RaftServerImpl.java:setRole(184)) - 92c37ee0-6a4e-44d1-b217-daba3b24c095@group-3097D7458558: changes role from CANDIDATE to FOLLOWER at term 4 for DISCOVERED_A_NEW_TERM
2019-10-17 21:54:42,882 [92c37ee0-6a4e-44d1-b217-daba3b24c095@group-3097D7458558-LeaderElection15] INFO  impl.RoleInfo (RoleInfo.java:shutdownLeaderElection(134)) - 92c37ee0-6a4e-44d1-b217-daba3b24c095: shutdown LeaderElection
2019-10-17 21:54:42,876 [d6dfcdd7-fc6e-4b51-b91e-b64503dadc5e@group-F967393F7C93-LeaderElection18] INFO  impl.LeaderElection (LeaderElection.java:logAndReturn(56)) - d6dfcdd7-fc6e-4b51-b91e-b64503dadc5e@group-F967393F7C93-LeaderElection18: Election TIMEOUT; received 0 response(s) [] and 0 exception(s); d6dfcdd7-fc6e-4b51-b91e-b64503dadc5e@group-F967393F7C93:t2, leader=null, voted=d6dfcdd7-fc6e-4b51-b91e-b64503dadc5e, raftlog=d6dfcdd7-fc6e-4b51-b91e-b64503dadc5e@group-F967393F7C93-SegmentedRaftLog:OPENED:c-1,f-1,i0, conf=-1: [08d4cbaa-ffed-4411-a5fd-c4a38026aead:192.168.157.223:33910, da15dfee-23f0-4dc4-ad77-c00156c49cfa:192.168.157.223:42172, d6dfcdd7-fc6e-4b51-b91e-b64503dadc5e:192.168.157.223:43575], old=null
2019-10-17 21:54:42,884 [92c37ee0-6a4e-44d1-b217-daba3b24c095@group-3097D7458558-LeaderElection15] INFO  impl.RoleInfo (RoleInfo.java:updateAndGet(143)) - 92c37ee0-6a4e-44d1-b217-daba3b24c095: start FollowerState
2019-10-17 21:54:42,886 [da15dfee-23f0-4dc4-ad77-c00156c49cfa@group-F967393F7C93-LeaderElection14] INFO  impl.RoleInfo (RoleInfo.java:updateAndGet(143)) - da15dfee-23f0-4dc4-ad77-c00156c49cfa: start LeaderState
2019-10-17 21:54:42,888 [da15dfee-23f0-4dc4-ad77-c00156c49cfa@group-F967393F7C93-LeaderElection14] INFO  segmented.SegmentedRaftLogWorker (SegmentedRaftLogWorker.java:startLogSegment(385)) - da15dfee-23f0-4dc4-ad77-c00156c49cfa@group-F967393F7C93-SegmentedRaftLogWorker: Starting segment from index:0
2019-10-17 21:54:42,889 [da15dfee-23f0-4dc4-ad77-c00156c49cfa@group-F967393F7C93-LeaderElection14] INFO  impl.RaftServerImpl (ServerState.java:setRaftConf(357)) - da15dfee-23f0-4dc4-ad77-c00156c49cfa@group-F967393F7C93: set configuration 0: [08d4cbaa-ffed-4411-a5fd-c4a38026aead:192.168.157.223:33910, da15dfee-23f0-4dc4-ad77-c00156c49cfa:192.168.157.223:42172, d6dfcdd7-fc6e-4b51-b91e-b64503dadc5e:192.168.157.223:43575], old=null at 0
2019-10-17 21:54:42,918 [Thread-412] INFO  impl.FollowerState (FollowerState.java:run(108)) - 92c37ee0-6a4e-44d1-b217-daba3b24c095@group-3097D7458558-FollowerState: change to CANDIDATE, lastRpcTime:34ms, electionTimeout:26ms
2019-10-17 21:54:42,919 [grpc-default-executor-4] INFO  impl.RaftServerImpl (ServerState.java:setLeader(256)) - da15dfee-23f0-4dc4-ad77-c00156c49cfa@group-F967393F7C93: change Leader from da15dfee-23f0-4dc4-ad77-c00156c49cfa to null at term 2 for updateCurrentTerm
2019-10-17 21:54:42,919 [08d4cbaa-ffed-4411-a5fd-c4a38026aead@group-F967393F7C93-LeaderElection17] INFO  impl.LeaderElection (LeaderElection.java:askForVotes(178)) - 08d4cbaa-ffed-4411-a5fd-c4a38026aead@group-F967393F7C93-LeaderElection17: begin an election at term 4 for -1: [08d4cbaa-ffed-4411-a5fd-c4a38026aead:192.168.157.223:33910, da15dfee-23f0-4dc4-ad77-c00156c49cfa:192.168.157.223:42172, d6dfcdd7-fc6e-4b51-b91e-b64503dadc5e:192.168.157.223:43575], old=null
2019-10-17 21:54:42,919 [d6dfcdd7-fc6e-4b51-b91e-b64503dadc5e@group-F967393F7C93-LeaderElection18] INFO  impl.LeaderElection (LeaderElection.java:askForVotes(178)) - d6dfcdd7-fc6e-4b51-b91e-b64503dadc5e@group-F967393F7C93-LeaderElection18: begin an election at term 3 for -1: [08d4cbaa-ffed-4411-a5fd-c4a38026aead:192.168.157.223:33910, da15dfee-23f0-4dc4-ad77-c00156c49cfa:192.168.157.223:42172, d6dfcdd7-fc6e-4b51-b91e-b64503dadc5e:192.168.157.223:43575], old=null
2019-10-17 21:54:42,919 [Thread-412] INFO  impl.RoleInfo (RoleInfo.java:shutdownFollowerState(121)) - 92c37ee0-6a4e-44d1-b217-daba3b24c095: shutdown FollowerState
2019-10-17 21:54:42,919 [grpc-default-executor-4] INFO  impl.RaftServerImpl (RaftServerImpl.java:setRole(184)) - da15dfee-23f0-4dc4-ad77-c00156c49cfa@group-F967393F7C93: changes role from    LEADER to FOLLOWER at term 2 for recognizeCandidate:08d4cbaa-ffed-4411-a5fd-c4a38026aead
2019-10-17 21:54:42,919 [Thread-412] INFO  impl.RaftServerImpl (RaftServerImpl.java:setRole(184)) - 92c37ee0-6a4e-44d1-b217-daba3b24c095@group-3097D7458558: changes role from  FOLLOWER to CANDIDATE at term 4 for changeToCandidate
2019-10-17 21:54:42,920 [grpc-default-executor-4] INFO  impl.RoleInfo (RoleInfo.java:shutdownLeaderState(104)) - da15dfee-23f0-4dc4-ad77-c00156c49cfa: shutdown LeaderState
2019-10-17 21:54:42,925 [grpc-default-executor-4] INFO  impl.PendingRequests (PendingRequests.java:sendNotLeaderResponses(202)) - da15dfee-23f0-4dc4-ad77-c00156c49cfa@group-F967393F7C93-PendingRequests: sendNotLeaderResponses
2019-10-17 21:54:42,927 [Thread-391] INFO  impl.FollowerState (FollowerState.java:run(108)) - 9a96bff1-ea9f-4cea-8163-a3905a9e2704@group-4FF8CA26B826-FollowerState: change to CANDIDATE, lastRpcTime:112ms, electionTimeout:112ms
2019-10-17 21:54:42,927 [Thread-412] INFO  impl.RoleInfo (RoleInfo.java:updateAndGet(143)) - 92c37ee0-6a4e-44d1-b217-daba3b24c095: start LeaderElection
2019-10-17 21:54:42,927 [grpc-default-executor-4] INFO  impl.RoleInfo (RoleInfo.java:updateAndGet(143)) - da15dfee-23f0-4dc4-ad77-c00156c49cfa: start FollowerState
2019-10-17 21:54:42,927 [Thread-391] INFO  impl.RoleInfo (RoleInfo.java:shutdownFollowerState(121)) - 9a96bff1-ea9f-4cea-8163-a3905a9e2704: shutdown FollowerState
2019-10-17 21:54:42,930 [Thread-391] INFO  impl.RaftServerImpl (RaftServerImpl.java:setRole(184)) - 9a96bff1-ea9f-4cea-8163-a3905a9e2704@group-4FF8CA26B826: changes role from  FOLLOWER to CANDIDATE at term 0 for changeToCandidate
2019-10-17 21:54:42,930 [Thread-391] INFO  impl.RoleInfo (RoleInfo.java:updateAndGet(143)) - 9a96bff1-ea9f-4cea-8163-a3905a9e2704: start LeaderElection
2019-10-17 21:54:42,996 [da15dfee-23f0-4dc4-ad77-c00156c49cfa@group-F967393F7C93-SegmentedRaftLogWorker] INFO  segmented.SegmentedRaftLogWorker (SegmentedRaftLogWorker.java:execute(576)) - da15dfee-23f0-4dc4-ad77-c00156c49cfa@group-F967393F7C93-SegmentedRaftLogWorker: created new log segment /workdir/hadoop-ozone/integration-test/target/test-dir/MiniOzoneClusterImpl-8354d78d-dcd0-455c-bdef-cdb54255caab/datanode-3/data/ratis/ff2c67d1-d198-49b1-9fd4-f967393f7c93/current/log_inprogress_0
2019-10-17 21:54:43,000 [Thread-392] INFO  impl.FollowerState (FollowerState.java:run(108)) - c3d1d4b8-f513-489f-ad1a-d9e469eb6c8d@group-4FF8CA26B826-FollowerState: change to CANDIDATE, lastRpcTime:184ms, electionTimeout:142ms
2019-10-17 21:54:43,002 [de567563-d0dd-4cf2-91b7-f72627909699@group-3097D7458558-LeaderElection16] INFO  impl.LeaderElection (LeaderElection.java:logAndReturn(56)) - de567563-d0dd-4cf2-91b7-f72627909699@group-3097D7458558-LeaderElection16: Election TIMEOUT; received 1 response(s) [de567563-d0dd-4cf2-91b7-f72627909699<-92c37ee0-6a4e-44d1-b217-daba3b24c095#0:FAIL-t4] and 0 exception(s); de567563-d0dd-4cf2-91b7-f72627909699@group-3097D7458558:t4, leader=null, voted=de567563-d0dd-4cf2-91b7-f72627909699, raftlog=de567563-d0dd-4cf2-91b7-f72627909699@group-3097D7458558-SegmentedRaftLog:OPENED:c-1,f-1,i0, conf=-1: [92c37ee0-6a4e-44d1-b217-daba3b24c095:192.168.157.223:35068, de567563-d0dd-4cf2-91b7-f72627909699:192.168.157.223:42420, db0af43e-c62e-4c1d-affa-ffdb4faae2f8:192.168.157.223:36633], old=null
2019-10-17 21:54:43,002 [Thread-392] INFO  impl.RoleInfo (RoleInfo.java:shutdownFollowerState(121)) - c3d1d4b8-f513-489f-ad1a-d9e469eb6c8d: shutdown FollowerState
2019-10-17 21:54:43,005 [Thread-392] INFO  impl.RaftServerImpl (RaftServerImpl.java:setRole(184)) - c3d1d4b8-f513-489f-ad1a-d9e469eb6c8d@group-4FF8CA26B826: changes role from  FOLLOWER to CANDIDATE at term 0 for changeToCandidate
2019-10-17 21:54:43,005 [RatisPipelineUtilsThread] INFO  pipeline.PipelineStateManager (PipelineStateManager.java:addPipeline(56)) - Created pipeline Pipeline[ Id: e919e467-9e8c-41dd-b4c7-4ff8ca26b826, Nodes: 9a96bff1-ea9f-4cea-8163-a3905a9e2704{ip: 192.168.157.223, host: pr-hdds-2310-7mltm-1665714090, networkLocation: /default-rack, certSerialId: null}fff7125c-610a-434d-b194-38800617abc4{ip: 192.168.157.223, host: pr-hdds-2310-7mltm-1665714090, networkLocation: /default-rack, certSerialId: null}c3d1d4b8-f513-489f-ad1a-d9e469eb6c8d{ip: 192.168.157.223, host: pr-hdds-2310-7mltm-1665714090, networkLocation: /default-rack, certSerialId: null}, Type:RATIS, Factor:THREE, State:OPEN]
2019-10-17 21:54:43,005 [Thread-392] INFO  impl.RoleInfo (RoleInfo.java:updateAndGet(143)) - c3d1d4b8-f513-489f-ad1a-d9e469eb6c8d: start LeaderElection
2019-10-17 21:54:43,011 [de567563-d0dd-4cf2-91b7-f72627909699@group-3097D7458558-LeaderElection16] INFO  impl.LeaderElection (LeaderElection.java:askForVotes(178)) - de567563-d0dd-4cf2-91b7-f72627909699@group-3097D7458558-LeaderElection16: begin an election at term 5 for -1: [92c37ee0-6a4e-44d1-b217-daba3b24c095:192.168.157.223:35068, de567563-d0dd-4cf2-91b7-f72627909699:192.168.157.223:42420, db0af43e-c62e-4c1d-affa-ffdb4faae2f8:192.168.157.223:36633], old=null
2019-10-17 21:54:43,015 [92c37ee0-6a4e-44d1-b217-daba3b24c095@group-3097D7458558-LeaderElection19] INFO  impl.LeaderElection (LeaderElection.java:askForVotes(178)) - 92c37ee0-6a4e-44d1-b217-daba3b24c095@group-3097D7458558-LeaderElection19: begin an election at term 5 for -1: [92c37ee0-6a4e-44d1-b217-daba3b24c095:192.168.157.223:35068, de567563-d0dd-4cf2-91b7-f72627909699:192.168.157.223:42420, db0af43e-c62e-4c1d-affa-ffdb4faae2f8:192.168.157.223:36633], old=null
2019-10-17 21:54:43,016 [grpc-default-executor-0] INFO  impl.RaftServerImpl (RaftServerImpl.java:setRole(184)) - da15dfee-23f0-4dc4-ad77-c00156c49cfa@group-F967393F7C93: changes role from  FOLLOWER to FOLLOWER at term 3 for recognizeCandidate:08d4cbaa-ffed-4411-a5fd-c4a38026aead
2019-10-17 21:54:43,016 [9a96bff1-ea9f-4cea-8163-a3905a9e2704@group-4FF8CA26B826-LeaderElection20] INFO  impl.LeaderElection (LeaderElection.java:askForVotes(178)) - 9a96bff1-ea9f-4cea-8163-a3905a9e2704@group-4FF8CA26B826-LeaderElection20: begin an election at term 1 for -1: [c3d1d4b8-f513-489f-ad1a-d9e469eb6c8d:192.168.157.223:35769, 9a96bff1-ea9f-4cea-8163-a3905a9e2704:192.168.157.223:39495, fff7125c-610a-434d-b194-38800617abc4:192.168.157.223:34162], old=null
2019-10-17 21:54:43,016 [grpc-default-executor-0] INFO  impl.RoleInfo (RoleInfo.java:shutdownFollowerState(121)) - da15dfee-23f0-4dc4-ad77-c00156c49cfa: shutdown FollowerState
2019-10-17 21:54:43,019 [Thread-418] INFO  impl.FollowerState (FollowerState.java:run(117)) - da15dfee-23f0-4dc4-ad77-c00156c49cfa@group-F967393F7C93-FollowerState was interrupted: java.lang.InterruptedException: sleep interrupted
2019-10-17 21:54:43,022 [grpc-default-executor-0] INFO  impl.RoleInfo (RoleInfo.java:updateAndGet(143)) - da15dfee-23f0-4dc4-ad77-c00156c49cfa: start FollowerState
2019-10-17 21:54:43,026 [org.apache.ratis.server.impl.LogAppender$AppenderDaemon$$Lambda$456/2008494382@6c6ed429] WARN  server.GrpcLogAppender (GrpcLogAppender.java:mayWait(149)) - da15dfee-23f0-4dc4-ad77-c00156c49cfa@group-F967393F7C93->08d4cbaa-ffed-4411-a5fd-c4a38026aead-GrpcLogAppender: Wait interrupted by java.lang.InterruptedException
2019-10-17 21:54:43,028 [c3d1d4b8-f513-489f-ad1a-d9e469eb6c8d@group-4FF8CA26B826-LeaderElection21] INFO  impl.LeaderElection (LeaderElection.java:askForVotes(178)) - c3d1d4b8-f513-489f-ad1a-d9e469eb6c8d@group-4FF8CA26B826-LeaderElection21: begin an election at term 1 for -1: [c3d1d4b8-f513-489f-ad1a-d9e469eb6c8d:192.168.157.223:35769, 9a96bff1-ea9f-4cea-8163-a3905a9e2704:192.168.157.223:39495, fff7125c-610a-434d-b194-38800617abc4:192.168.157.223:34162], old=null
2019-10-17 21:54:43,028 [org.apache.ratis.server.impl.LogAppender$AppenderDaemon$$Lambda$456/2008494382@5d48b997] WARN  server.GrpcLogAppender (GrpcLogAppender.java:mayWait(149)) - da15dfee-23f0-4dc4-ad77-c00156c49cfa@group-F967393F7C93->d6dfcdd7-fc6e-4b51-b91e-b64503dadc5e-GrpcLogAppender: Wait interrupted by java.lang.InterruptedException
2019-10-17 21:54:43,032 [Thread-283] INFO  container.ReplicationManager (ReplicationManager.java:start(162)) - Starting Replication Monitor Thread.
2019-10-17 21:54:43,032 [grpc-default-executor-4] INFO  impl.RaftServerImpl (RaftServerImpl.java:setRole(184)) - da15dfee-23f0-4dc4-ad77-c00156c49cfa@group-F967393F7C93: changes role from  FOLLOWER to FOLLOWER at term 4 for recognizeCandidate:08d4cbaa-ffed-4411-a5fd-c4a38026aead
2019-10-17 21:54:43,034 [grpc-default-executor-4] INFO  impl.RoleInfo (RoleInfo.java:shutdownFollowerState(121)) - da15dfee-23f0-4dc4-ad77-c00156c49cfa: shutdown FollowerState
2019-10-17 21:54:43,036 [Thread-425] INFO  impl.FollowerState (FollowerState.java:run(117)) - da15dfee-23f0-4dc4-ad77-c00156c49cfa@group-F967393F7C93-FollowerState was interrupted: java.lang.InterruptedException: sleep interrupted
2019-10-17 21:54:43,037 [grpc-default-executor-4] INFO  impl.RoleInfo (RoleInfo.java:updateAndGet(143)) - da15dfee-23f0-4dc4-ad77-c00156c49cfa: start FollowerState
2019-10-17 21:54:43,042 [ReplicationMonitor] INFO  container.ReplicationManager (ReplicationManager.java:run(225)) - Replication Monitor Thread took 2 milliseconds for processing 0 containers.
2019-10-17 21:54:43,043 [grpc-default-executor-0] INFO  impl.RaftServerImpl (RaftServerImpl.java:setRole(184)) - d6dfcdd7-fc6e-4b51-b91e-b64503dadc5e@group-F967393F7C93: changes role from CANDIDATE to FOLLOWER at term 4 for recognizeCandidate:08d4cbaa-ffed-4411-a5fd-c4a38026aead
2019-10-17 21:54:43,043 [grpc-default-executor-0] INFO  impl.RoleInfo (RoleInfo.java:shutdownLeaderElection(134)) - d6dfcdd7-fc6e-4b51-b91e-b64503dadc5e: shutdown LeaderElection
2019-10-17 21:54:43,043 [grpc-default-executor-0] INFO  impl.RoleInfo (RoleInfo.java:updateAndGet(143)) - d6dfcdd7-fc6e-4b51-b91e-b64503dadc5e: start FollowerState
2019-10-17 21:54:43,046 [grpc-default-executor-6] INFO  impl.RaftServerImpl (RaftServerImpl.java:setRole(184)) - db0af43e-c62e-4c1d-affa-ffdb4faae2f8@group-3097D7458558: changes role from  FOLLOWER to FOLLOWER at term 5 for recognizeCandidate:92c37ee0-6a4e-44d1-b217-daba3b24c095
2019-10-17 21:54:43,046 [grpc-default-executor-6] INFO  impl.RoleInfo (RoleInfo.java:shutdownFollowerState(121)) - db0af43e-c62e-4c1d-affa-ffdb4faae2f8: shutdown FollowerState
2019-10-17 21:54:43,049 [Thread-410] INFO  impl.FollowerState (FollowerState.java:run(117)) - db0af43e-c62e-4c1d-affa-ffdb4faae2f8@group-3097D7458558-FollowerState was interrupted: java.lang.InterruptedException: sleep interrupted
2019-10-17 21:54:43,051 [grpc-default-executor-6] INFO  impl.RoleInfo (RoleInfo.java:updateAndGet(143)) - db0af43e-c62e-4c1d-affa-ffdb4faae2f8: start FollowerState
2019-10-17 21:54:43,057 [Thread-405] INFO  impl.FollowerState (FollowerState.java:run(108)) - fff7125c-610a-434d-b194-38800617abc4@group-4FF8CA26B826-FollowerState: change to CANDIDATE, lastRpcTime:201ms, electionTimeout:199ms
2019-10-17 21:54:43,059 [Thread-405] INFO  impl.RoleInfo (RoleInfo.java:shutdownFollowerState(121)) - fff7125c-610a-434d-b194-38800617abc4: shutdown FollowerState
2019-10-17 21:54:43,059 [Thread-405] INFO  impl.RaftServerImpl (RaftServerImpl.java:setRole(184)) - fff7125c-610a-434d-b194-38800617abc4@group-4FF8CA26B826: changes role from  FOLLOWER to CANDIDATE at term 0 for changeToCandidate
2019-10-17 21:54:43,060 [Thread-405] INFO  impl.RoleInfo (RoleInfo.java:updateAndGet(143)) - fff7125c-610a-434d-b194-38800617abc4: start LeaderElection
2019-10-17 21:54:43,064 [9a96bff1-ea9f-4cea-8163-a3905a9e2704@group-4FF8CA26B826-LeaderElection20] INFO  impl.LeaderElection (LeaderElection.java:logAndReturn(56)) - 9a96bff1-ea9f-4cea-8163-a3905a9e2704@group-4FF8CA26B826-LeaderElection20: Election TIMEOUT; received 0 response(s) [] and 0 exception(s); 9a96bff1-ea9f-4cea-8163-a3905a9e2704@group-4FF8CA26B826:t1, leader=null, voted=9a96bff1-ea9f-4cea-8163-a3905a9e2704, raftlog=9a96bff1-ea9f-4cea-8163-a3905a9e2704@group-4FF8CA26B826-SegmentedRaftLog:OPENED:c-1,f-1,i0, conf=-1: [c3d1d4b8-f513-489f-ad1a-d9e469eb6c8d:192.168.157.223:35769, 9a96bff1-ea9f-4cea-8163-a3905a9e2704:192.168.157.223:39495, fff7125c-610a-434d-b194-38800617abc4:192.168.157.223:34162], old=null
2019-10-17 21:54:43,080 [d6dfcdd7-fc6e-4b51-b91e-b64503dadc5e@group-F967393F7C93-LeaderElection18] INFO  impl.LeaderElection (LeaderElection.java:logAndReturn(56)) - d6dfcdd7-fc6e-4b51-b91e-b64503dadc5e@group-F967393F7C93-LeaderElection18: Election DISCOVERED_A_NEW_TERM; received 1 response(s) [d6dfcdd7-fc6e-4b51-b91e-b64503dadc5e<-08d4cbaa-ffed-4411-a5fd-c4a38026aead#0:FAIL-t4] and 0 exception(s); d6dfcdd7-fc6e-4b51-b91e-b64503dadc5e@group-F967393F7C93:t4, leader=null, voted=null, raftlog=d6dfcdd7-fc6e-4b51-b91e-b64503dadc5e@group-F967393F7C93-SegmentedRaftLog:OPENED:c-1,f-1,i0, conf=-1: [08d4cbaa-ffed-4411-a5fd-c4a38026aead:192.168.157.223:33910, da15dfee-23f0-4dc4-ad77-c00156c49cfa:192.168.157.223:42172, d6dfcdd7-fc6e-4b51-b91e-b64503dadc5e:192.168.157.223:43575], old=null
2019-10-17 21:54:43,087 [08d4cbaa-ffed-4411-a5fd-c4a38026aead@group-F967393F7C93-LeaderElection17] INFO  impl.LeaderElection (LeaderElection.java:logAndReturn(56)) - 08d4cbaa-ffed-4411-a5fd-c4a38026aead@group-F967393F7C93-LeaderElection17: Election TIMEOUT; received 0 response(s) [] and 0 exception(s); 08d4cbaa-ffed-4411-a5fd-c4a38026aead@group-F967393F7C93:t4, leader=null, voted=08d4cbaa-ffed-4411-a5fd-c4a38026aead, raftlog=08d4cbaa-ffed-4411-a5fd-c4a38026aead@group-F967393F7C93-SegmentedRaftLog:OPENED:c-1,f-1,i0, conf=-1: [08d4cbaa-ffed-4411-a5fd-c4a38026aead:192.168.157.223:33910, da15dfee-23f0-4dc4-ad77-c00156c49cfa:192.168.157.223:42172, d6dfcdd7-fc6e-4b51-b91e-b64503dadc5e:192.168.157.223:43575], old=null
2019-10-17 21:54:43,090 [grpc-default-executor-5] INFO  server.GrpcServerProtocolService (GrpcServerProtocolService.java:onCompleted(113)) - 08d4cbaa-ffed-4411-a5fd-c4a38026aead: Completed APPEND_ENTRIES, lastRequest: da15dfee-23f0-4dc4-ad77-c00156c49cfa->08d4cbaa-ffed-4411-a5fd-c4a38026aead#0-t1, previous=(t:0, i:0), leaderCommit=-1, initializing? false, entries: <empty>
2019-10-17 21:54:43,090 [grpc-default-executor-1] INFO  server.GrpcServerProtocolService (GrpcServerProtocolService.java:onCompleted(113)) - d6dfcdd7-fc6e-4b51-b91e-b64503dadc5e: Completed APPEND_ENTRIES, lastRequest: da15dfee-23f0-4dc4-ad77-c00156c49cfa->d6dfcdd7-fc6e-4b51-b91e-b64503dadc5e#0-t1, previous=(t:0, i:0), leaderCommit=-1, initializing? false, entries: <empty>
2019-10-17 21:54:43,093 [fff7125c-610a-434d-b194-38800617abc4@group-4FF8CA26B826-LeaderElection22] INFO  impl.LeaderElection (LeaderElection.java:askForVotes(178)) - fff7125c-610a-434d-b194-38800617abc4@group-4FF8CA26B826-LeaderElection22: begin an election at term 1 for -1: [c3d1d4b8-f513-489f-ad1a-d9e469eb6c8d:192.168.157.223:35769, 9a96bff1-ea9f-4cea-8163-a3905a9e2704:192.168.157.223:39495, fff7125c-610a-434d-b194-38800617abc4:192.168.157.223:34162], old=null
2019-10-17 21:54:43,093 [9a96bff1-ea9f-4cea-8163-a3905a9e2704@group-4FF8CA26B826-LeaderElection20] INFO  impl.LeaderElection (LeaderElection.java:askForVotes(178)) - 9a96bff1-ea9f-4cea-8163-a3905a9e2704@group-4FF8CA26B826-LeaderElection20: begin an election at term 2 for -1: [c3d1d4b8-f513-489f-ad1a-d9e469eb6c8d:192.168.157.223:35769, 9a96bff1-ea9f-4cea-8163-a3905a9e2704:192.168.157.223:39495, fff7125c-610a-434d-b194-38800617abc4:192.168.157.223:34162], old=null
2019-10-17 21:54:43,096 [08d4cbaa-ffed-4411-a5fd-c4a38026aead@group-F967393F7C93-LeaderElection17] INFO  impl.LeaderElection (LeaderElection.java:askForVotes(178)) - 08d4cbaa-ffed-4411-a5fd-c4a38026aead@group-F967393F7C93-LeaderElection17: begin an election at term 5 for -1: [08d4cbaa-ffed-4411-a5fd-c4a38026aead:192.168.157.223:33910, da15dfee-23f0-4dc4-ad77-c00156c49cfa:192.168.157.223:42172, d6dfcdd7-fc6e-4b51-b91e-b64503dadc5e:192.168.157.223:43575], old=null
2019-10-17 21:54:43,101 [Thread-434] INFO  impl.FollowerState (FollowerState.java:run(108)) - d6dfcdd7-fc6e-4b51-b91e-b64503dadc5e@group-F967393F7C93-FollowerState: change to CANDIDATE, lastRpcTime:58ms, electionTimeout:58ms
2019-10-17 21:54:43,102 [Thread-434] INFO  impl.RoleInfo (RoleInfo.java:shutdownFollowerState(121)) - d6dfcdd7-fc6e-4b51-b91e-b64503dadc5e: shutdown FollowerState
2019-10-17 21:54:43,102 [Thread-434] INFO  impl.RaftServerImpl (RaftServerImpl.java:setRole(184)) - d6dfcdd7-fc6e-4b51-b91e-b64503dadc5e@group-F967393F7C93: changes role from  FOLLOWER to CANDIDATE at term 4 for changeToCandidate
2019-10-17 21:54:43,102 [grpc-default-executor-1] INFO  impl.RaftServerImpl (RaftServerImpl.java:setRole(184)) - db0af43e-c62e-4c1d-affa-ffdb4faae2f8@group-3097D7458558: changes role from  FOLLOWER to FOLLOWER at term 5 for recognizeCandidate:de567563-d0dd-4cf2-91b7-f72627909699
2019-10-17 21:54:43,102 [Thread-434] INFO  impl.RoleInfo (RoleInfo.java:updateAndGet(143)) - d6dfcdd7-fc6e-4b51-b91e-b64503dadc5e: start LeaderElection
2019-10-17 21:54:43,402 [de567563-d0dd-4cf2-91b7-f72627909699@group-3097D7458558-LeaderElection16] INFO  impl.LeaderElection (LeaderElection.java:logAndReturn(56)) - de567563-d0dd-4cf2-91b7-f72627909699@group-3097D7458558-LeaderElection16: Election TIMEOUT; received 1 response(s) [de567563-d0dd-4cf2-91b7-f72627909699<-92c37ee0-6a4e-44d1-b217-daba3b24c095#0:FAIL-t5] and 0 exception(s); de567563-d0dd-4cf2-91b7-f72627909699@group-3097D7458558:t5, leader=null, voted=de567563-d0dd-4cf2-91b7-f72627909699, raftlog=de567563-d0dd-4cf2-91b7-f72627909699@group-3097D7458558-SegmentedRaftLog:OPENED:c-1,f-1,i0, conf=-1: [92c37ee0-6a4e-44d1-b217-daba3b24c095:192.168.157.223:35068, de567563-d0dd-4cf2-91b7-f72627909699:192.168.157.223:42420, db0af43e-c62e-4c1d-affa-ffdb4faae2f8:192.168.157.223:36633], old=null
2019-10-17 21:54:43,402 [92c37ee0-6a4e-44d1-b217-daba3b24c095@group-3097D7458558-LeaderElection19] INFO  impl.LeaderElection (LeaderElection.java:logAndReturn(56)) - 92c37ee0-6a4e-44d1-b217-daba3b24c095@group-3097D7458558-LeaderElection19: Election TIMEOUT; received 1 response(s) [92c37ee0-6a4e-44d1-b217-daba3b24c095<-db0af43e-c62e-4c1d-affa-ffdb4faae2f8#0:FAIL-t5] and 0 exception(s); 92c37ee0-6a4e-44d1-b217-daba3b24c095@group-3097D7458558:t5, leader=null, voted=92c37ee0-6a4e-44d1-b217-daba3b24c095, raftlog=92c37ee0-6a4e-44d1-b217-daba3b24c095@group-3097D7458558-SegmentedRaftLog:OPENED:c-1,f-1,i0, conf=-1: [92c37ee0-6a4e-44d1-b217-daba3b24c095:192.168.157.223:35068, de567563-d0dd-4cf2-91b7-f72627909699:192.168.157.223:42420, db0af43e-c62e-4c1d-affa-ffdb4faae2f8:192.168.157.223:36633], old=null
2019-10-17 21:54:43,401 [9a96bff1-ea9f-4cea-8163-a3905a9e2704@group-4FF8CA26B826-LeaderElection20] INFO  impl.LeaderElection (LeaderElection.java:logAndReturn(56)) - 9a96bff1-ea9f-4cea-8163-a3905a9e2704@group-4FF8CA26B826-LeaderElection20: Election TIMEOUT; received 0 response(s) [] and 0 exception(s); 9a96bff1-ea9f-4cea-8163-a3905a9e2704@group-4FF8CA26B826:t2, leader=null, voted=9a96bff1-ea9f-4cea-8163-a3905a9e2704, raftlog=9a96bff1-ea9f-4cea-8163-a3905a9e2704@group-4FF8CA26B826-SegmentedRaftLog:OPENED:c-1,f-1,i0, conf=-1: [c3d1d4b8-f513-489f-ad1a-d9e469eb6c8d:192.168.157.223:35769, 9a96bff1-ea9f-4cea-8163-a3905a9e2704:192.168.157.223:39495, fff7125c-610a-434d-b194-38800617abc4:192.168.157.223:34162], old=null
2019-10-17 21:54:43,401 [c3d1d4b8-f513-489f-ad1a-d9e469eb6c8d@group-4FF8CA26B826-LeaderElection21] INFO  impl.LeaderElection (LeaderElection.java:logAndReturn(56)) - c3d1d4b8-f513-489f-ad1a-d9e469eb6c8d@group-4FF8CA26B826-LeaderElection21: Election TIMEOUT; received 0 response(s) [] and 0 exception(s); c3d1d4b8-f513-489f-ad1a-d9e469eb6c8d@group-4FF8CA26B826:t1, leader=null, voted=c3d1d4b8-f513-489f-ad1a-d9e469eb6c8d, raftlog=c3d1d4b8-f513-489f-ad1a-d9e469eb6c8d@group-4FF8CA26B826-SegmentedRaftLog:OPENED:c-1,f-1,i0, conf=-1: [c3d1d4b8-f513-489f-ad1a-d9e469eb6c8d:192.168.157.223:35769, 9a96bff1-ea9f-4cea-8163-a3905a9e2704:192.168.157.223:39495, fff7125c-610a-434d-b194-38800617abc4:192.168.157.223:34162], old=null
2019-10-17 21:54:43,399 [08d4cbaa-ffed-4411-a5fd-c4a38026aead@group-F967393F7C93-LeaderElection17] INFO  impl.LeaderElection (LeaderElection.java:logAndReturn(56)) - 08d4cbaa-ffed-4411-a5fd-c4a38026aead@group-F967393F7C93-LeaderElection17: Election TIMEOUT; received 0 response(s) [] and 0 exception(s); 08d4cbaa-ffed-4411-a5fd-c4a38026aead@group-F967393F7C93:t5, leader=null, voted=08d4cbaa-ffed-4411-a5fd-c4a38026aead, raftlog=08d4cbaa-ffed-4411-a5fd-c4a38026aead@group-F967393F7C93-SegmentedRaftLog:OPENED:c-1,f-1,i0, conf=-1: [08d4cbaa-ffed-4411-a5fd-c4a38026aead:192.168.157.223:33910, da15dfee-23f0-4dc4-ad77-c00156c49cfa:192.168.157.223:42172, d6dfcdd7-fc6e-4b51-b91e-b64503dadc5e:192.168.157.223:43575], old=null
2019-10-17 21:54:43,399 [fff7125c-610a-434d-b194-38800617abc4@group-4FF8CA26B826-LeaderElection22] INFO  impl.LeaderElection (LeaderElection.java:logAndReturn(56)) - fff7125c-610a-434d-b194-38800617abc4@group-4FF8CA26B826-LeaderElection22: Election TIMEOUT; received 0 response(s) [] and 0 exception(s); fff7125c-610a-434d-b194-38800617abc4@group-4FF8CA26B826:t1, leader=null, voted=fff7125c-610a-434d-b194-38800617abc4, raftlog=fff7125c-610a-434d-b194-38800617abc4@group-4FF8CA26B826-SegmentedRaftLog:OPENED:c-1,f-1,i0, conf=-1: [c3d1d4b8-f513-489f-ad1a-d9e469eb6c8d:192.168.157.223:35769, 9a96bff1-ea9f-4cea-8163-a3905a9e2704:192.168.157.223:39495, fff7125c-610a-434d-b194-38800617abc4:192.168.157.223:34162], old=null
2019-10-17 21:54:43,404 [grpc-default-executor-1] INFO  impl.RoleInfo (RoleInfo.java:shutdownFollowerState(121)) - db0af43e-c62e-4c1d-affa-ffdb4faae2f8: shutdown FollowerState
2019-10-17 21:54:43,444 [Thread-435] INFO  impl.FollowerState (FollowerState.java:run(117)) - db0af43e-c62e-4c1d-affa-ffdb4faae2f8@group-3097D7458558-FollowerState was interrupted: java.lang.InterruptedException: sleep interrupted
2019-10-17 21:54:43,448 [grpc-default-executor-1] INFO  impl.RoleInfo (RoleInfo.java:updateAndGet(143)) - db0af43e-c62e-4c1d-affa-ffdb4faae2f8: start FollowerState
2019-10-17 21:54:43,449 [grpc-default-executor-7] INFO  server.GrpcLogAppender (GrpcLogAppender.java:onCompleted(308)) - da15dfee-23f0-4dc4-ad77-c00156c49cfa@group-F967393F7C93->08d4cbaa-ffed-4411-a5fd-c4a38026aead-AppendLogResponseHandler: follower responses appendEntries COMPLETED
2019-10-17 21:54:43,451 [grpc-default-executor-5] INFO  server.GrpcLogAppender (GrpcLogAppender.java:onCompleted(308)) - da15dfee-23f0-4dc4-ad77-c00156c49cfa@group-F967393F7C93->d6dfcdd7-fc6e-4b51-b91e-b64503dadc5e-AppendLogResponseHandler: follower responses appendEntries COMPLETED
2019-10-17 21:54:43,454 [grpc-default-executor-7] INFO  impl.FollowerInfo (FollowerInfo.java:lambda$new$0(51)) - da15dfee-23f0-4dc4-ad77-c00156c49cfa@group-F967393F7C93->08d4cbaa-ffed-4411-a5fd-c4a38026aead: nextIndex: updateUnconditionally 0 -> 0
2019-10-17 21:54:43,458 [fff7125c-610a-434d-b194-38800617abc4@group-4FF8CA26B826-LeaderElection22] INFO  impl.LeaderElection (LeaderElection.java:askForVotes(178)) - fff7125c-610a-434d-b194-38800617abc4@group-4FF8CA26B826-LeaderElection22: begin an election at term 2 for -1: [c3d1d4b8-f513-489f-ad1a-d9e469eb6c8d:192.168.157.223:35769, 9a96bff1-ea9f-4cea-8163-a3905a9e2704:192.168.157.223:39495, fff7125c-610a-434d-b194-38800617abc4:192.168.157.223:34162], old=null
2019-10-17 21:54:43,458 [08d4cbaa-ffed-4411-a5fd-c4a38026aead@group-F967393F7C93-LeaderElection17] INFO  impl.LeaderElection (LeaderElection.java:askForVotes(178)) - 08d4cbaa-ffed-4411-a5fd-c4a38026aead@group-F967393F7C93-LeaderElection17: begin an election at term 6 for -1: [08d4cbaa-ffed-4411-a5fd-c4a38026aead:192.168.157.223:33910, da15dfee-23f0-4dc4-ad77-c00156c49cfa:192.168.157.223:42172, d6dfcdd7-fc6e-4b51-b91e-b64503dadc5e:192.168.157.223:43575], old=null
2019-10-17 21:54:43,458 [92c37ee0-6a4e-44d1-b217-daba3b24c095@group-3097D7458558-LeaderElection19] INFO  impl.LeaderElection (LeaderElection.java:askForVotes(178)) - 92c37ee0-6a4e-44d1-b217-daba3b24c095@group-3097D7458558-LeaderElection19: begin an election at term 6 for -1: [92c37ee0-6a4e-44d1-b217-daba3b24c095:192.168.157.223:35068, de567563-d0dd-4cf2-91b7-f72627909699:192.168.157.223:42420, db0af43e-c62e-4c1d-affa-ffdb4faae2f8:192.168.157.223:36633], old=null
2019-10-17 21:54:43,458 [c3d1d4b8-f513-489f-ad1a-d9e469eb6c8d@group-4FF8CA26B826-LeaderElection21] INFO  impl.LeaderElection (LeaderElection.java:askForVotes(178)) - c3d1d4b8-f513-489f-ad1a-d9e469eb6c8d@group-4FF8CA26B826-LeaderElection21: begin an election at term 2 for -1: [c3d1d4b8-f513-489f-ad1a-d9e469eb6c8d:192.168.157.223:35769, 9a96bff1-ea9f-4cea-8163-a3905a9e2704:192.168.157.223:39495, fff7125c-610a-434d-b194-38800617abc4:192.168.157.223:34162], old=null
2019-10-17 21:54:43,458 [d6dfcdd7-fc6e-4b51-b91e-b64503dadc5e@group-F967393F7C93-LeaderElection23] INFO  impl.LeaderElection (LeaderElection.java:askForVotes(178)) - d6dfcdd7-fc6e-4b51-b91e-b64503dadc5e@group-F967393F7C93-LeaderElection23: begin an election at term 5 for -1: [08d4cbaa-ffed-4411-a5fd-c4a38026aead:192.168.157.223:33910, da15dfee-23f0-4dc4-ad77-c00156c49cfa:192.168.157.223:42172, d6dfcdd7-fc6e-4b51-b91e-b64503dadc5e:192.168.157.223:43575], old=null
2019-10-17 21:54:43,459 [grpc-default-executor-5] INFO  impl.FollowerInfo (FollowerInfo.java:lambda$new$0(51)) - da15dfee-23f0-4dc4-ad77-c00156c49cfa@group-F967393F7C93->d6dfcdd7-fc6e-4b51-b91e-b64503dadc5e: nextIndex: updateUnconditionally 0 -> 0
2019-10-17 21:54:43,458 [de567563-d0dd-4cf2-91b7-f72627909699@group-3097D7458558-LeaderElection16] INFO  impl.LeaderElection (LeaderElection.java:askForVotes(178)) - de567563-d0dd-4cf2-91b7-f72627909699@group-3097D7458558-LeaderElection16: begin an election at term 6 for -1: [92c37ee0-6a4e-44d1-b217-daba3b24c095:192.168.157.223:35068, de567563-d0dd-4cf2-91b7-f72627909699:192.168.157.223:42420, db0af43e-c62e-4c1d-affa-ffdb4faae2f8:192.168.157.223:36633], old=null
2019-10-17 21:54:43,458 [9a96bff1-ea9f-4cea-8163-a3905a9e2704@group-4FF8CA26B826-LeaderElection20] INFO  impl.LeaderElection (LeaderElection.java:askForVotes(178)) - 9a96bff1-ea9f-4cea-8163-a3905a9e2704@group-4FF8CA26B826-LeaderElection20: begin an election at term 3 for -1: [c3d1d4b8-f513-489f-ad1a-d9e469eb6c8d:192.168.157.223:35769, 9a96bff1-ea9f-4cea-8163-a3905a9e2704:192.168.157.223:39495, fff7125c-610a-434d-b194-38800617abc4:192.168.157.223:34162], old=null
2019-10-17 21:54:43,470 [grpc-default-executor-7] INFO  impl.RaftServerImpl (RaftServerImpl.java:setRole(184)) - da15dfee-23f0-4dc4-ad77-c00156c49cfa@group-F967393F7C93: changes role from  FOLLOWER to FOLLOWER at term 5 for recognizeCandidate:08d4cbaa-ffed-4411-a5fd-c4a38026aead
2019-10-17 21:54:43,471 [grpc-default-executor-7] INFO  impl.RoleInfo (RoleInfo.java:shutdownFollowerState(121)) - da15dfee-23f0-4dc4-ad77-c00156c49cfa: shutdown FollowerState
2019-10-17 21:54:43,471 [Thread-432] INFO  impl.FollowerState (FollowerState.java:run(117)) - da15dfee-23f0-4dc4-ad77-c00156c49cfa@group-F967393F7C93-FollowerState was interrupted: java.lang.InterruptedException: sleep interrupted
2019-10-17 21:54:43,471 [grpc-default-executor-7] INFO  impl.RoleInfo (RoleInfo.java:updateAndGet(143)) - da15dfee-23f0-4dc4-ad77-c00156c49cfa: start FollowerState
2019-10-17 21:54:43,474 [08d4cbaa-ffed-4411-a5fd-c4a38026aead@group-F967393F7C93-LeaderElection17] INFO  impl.LeaderElection (LeaderElection.java:logAndReturn(56)) - 08d4cbaa-ffed-4411-a5fd-c4a38026aead@group-F967393F7C93-LeaderElection17: Election TIMEOUT; received 0 response(s) [] and 0 exception(s); 08d4cbaa-ffed-4411-a5fd-c4a38026aead@group-F967393F7C93:t6, leader=null, voted=08d4cbaa-ffed-4411-a5fd-c4a38026aead, raftlog=08d4cbaa-ffed-4411-a5fd-c4a38026aead@group-F967393F7C93-SegmentedRaftLog:OPENED:c-1,f-1,i0, conf=-1: [08d4cbaa-ffed-4411-a5fd-c4a38026aead:192.168.157.223:33910, da15dfee-23f0-4dc4-ad77-c00156c49cfa:192.168.157.223:42172, d6dfcdd7-fc6e-4b51-b91e-b64503dadc5e:192.168.157.223:43575], old=null
2019-10-17 21:54:43,490 [08d4cbaa-ffed-4411-a5fd-c4a38026aead@group-F967393F7C93-LeaderElection17] INFO  impl.LeaderElection (LeaderElection.java:askForVotes(178)) - 08d4cbaa-ffed-4411-a5fd-c4a38026aead@group-F967393F7C93-LeaderElection17: begin an election at term 7 for -1: [08d4cbaa-ffed-4411-a5fd-c4a38026aead:192.168.157.223:33910, da15dfee-23f0-4dc4-ad77-c00156c49cfa:192.168.157.223:42172, d6dfcdd7-fc6e-4b51-b91e-b64503dadc5e:192.168.157.223:43575], old=null
2019-10-17 21:54:43,491 [grpc-default-executor-7] INFO  impl.RaftServerImpl (RaftServerImpl.java:setRole(184)) - da15dfee-23f0-4dc4-ad77-c00156c49cfa@group-F967393F7C93: changes role from  FOLLOWER to FOLLOWER at term 5 for recognizeCandidate:d6dfcdd7-fc6e-4b51-b91e-b64503dadc5e
2019-10-17 21:54:43,493 [grpc-default-executor-7] INFO  impl.RoleInfo (RoleInfo.java:shutdownFollowerState(121)) - da15dfee-23f0-4dc4-ad77-c00156c49cfa: shutdown FollowerState
2019-10-17 21:54:43,494 [Thread-459] INFO  impl.FollowerState (FollowerState.java:run(117)) - da15dfee-23f0-4dc4-ad77-c00156c49cfa@group-F967393F7C93-FollowerState was interrupted: java.lang.InterruptedException: sleep interrupted
2019-10-17 21:54:43,494 [grpc-default-executor-7] INFO  impl.RoleInfo (RoleInfo.java:updateAndGet(143)) - da15dfee-23f0-4dc4-ad77-c00156c49cfa: start FollowerState
2019-10-17 21:54:43,496 [grpc-default-executor-5] INFO  impl.RaftServerImpl (RaftServerImpl.java:setRole(184)) - da15dfee-23f0-4dc4-ad77-c00156c49cfa@group-F967393F7C93: changes role from  FOLLOWER to FOLLOWER at term 6 for recognizeCandidate:08d4cbaa-ffed-4411-a5fd-c4a38026aead
2019-10-17 21:54:43,496 [de567563-d0dd-4cf2-91b7-f72627909699@group-3097D7458558-LeaderElection16] INFO  impl.LeaderElection (LeaderElection.java:logAndReturn(56)) - de567563-d0dd-4cf2-91b7-f72627909699@group-3097D7458558-LeaderElection16: Election TIMEOUT; received 0 response(s) [] and 0 exception(s); de567563-d0dd-4cf2-91b7-f72627909699@group-3097D7458558:t6, leader=null, voted=de567563-d0dd-4cf2-91b7-f72627909699, raftlog=de567563-d0dd-4cf2-91b7-f72627909699@group-3097D7458558-SegmentedRaftLog:OPENED:c-1,f-1,i0, conf=-1: [92c37ee0-6a4e-44d1-b217-daba3b24c095:192.168.157.223:35068, de567563-d0dd-4cf2-91b7-f72627909699:192.168.157.223:42420, db0af43e-c62e-4c1d-affa-ffdb4faae2f8:192.168.157.223:36633], old=null
2019-10-17 21:54:43,496 [grpc-default-executor-5] INFO  impl.RoleInfo (RoleInfo.java:shutdownFollowerState(121)) - da15dfee-23f0-4dc4-ad77-c00156c49cfa: shutdown FollowerState
2019-10-17 21:54:43,497 [grpc-default-executor-5] INFO  impl.RoleInfo (RoleInfo.java:updateAndGet(143)) - da15dfee-23f0-4dc4-ad77-c00156c49cfa: start FollowerState
2019-10-17 21:54:43,497 [Thread-462] INFO  impl.FollowerState (FollowerState.java:run(117)) - da15dfee-23f0-4dc4-ad77-c00156c49cfa@group-F967393F7C93-FollowerState was interrupted: java.lang.InterruptedException: sleep interrupted
2019-10-17 21:54:43,502 [grpc-default-executor-7] INFO  impl.RaftServerImpl (RaftServerImpl.java:setRole(184)) - db0af43e-c62e-4c1d-affa-ffdb4faae2f8@group-3097D7458558: changes role from  FOLLOWER to FOLLOWER at term 6 for recognizeCandidate:92c37ee0-6a4e-44d1-b217-daba3b24c095
2019-10-17 21:54:43,502 [c3d1d4b8-f513-489f-ad1a-d9e469eb6c8d@group-4FF8CA26B826-LeaderElection21] INFO  impl.LeaderElection (LeaderElection.java:logAndReturn(56)) - c3d1d4b8-f513-489f-ad1a-d9e469eb6c8d@group-4FF8CA26B826-LeaderElection21: Election TIMEOUT; received 0 response(s) [] and 0 exception(s); c3d1d4b8-f513-489f-ad1a-d9e469eb6c8d@group-4FF8CA26B826:t2, leader=null, voted=c3d1d4b8-f513-489f-ad1a-d9e469eb6c8d, raftlog=c3d1d4b8-f513-489f-ad1a-d9e469eb6c8d@group-4FF8CA26B826-SegmentedRaftLog:OPENED:c-1,f-1,i0, conf=-1: [c3d1d4b8-f513-489f-ad1a-d9e469eb6c8d:192.168.157.223:35769, 9a96bff1-ea9f-4cea-8163-a3905a9e2704:192.168.157.223:39495, fff7125c-610a-434d-b194-38800617abc4:192.168.157.223:34162], old=null
2019-10-17 21:54:43,502 [grpc-default-executor-7] INFO  impl.RoleInfo (RoleInfo.java:shutdownFollowerState(121)) - db0af43e-c62e-4c1d-affa-ffdb4faae2f8: shutdown FollowerState
2019-10-17 21:54:43,502 [Thread-444] INFO  impl.FollowerState (FollowerState.java:run(117)) - db0af43e-c62e-4c1d-affa-ffdb4faae2f8@group-3097D7458558-FollowerState was interrupted: java.lang.InterruptedException: sleep interrupted
2019-10-17 21:54:43,502 [grpc-default-executor-7] INFO  impl.RoleInfo (RoleInfo.java:updateAndGet(143)) - db0af43e-c62e-4c1d-affa-ffdb4faae2f8: start FollowerState
2019-10-17 21:54:43,510 [grpc-default-executor-4] INFO  impl.RaftServerImpl (RaftServerImpl.java:setRole(184)) - d6dfcdd7-fc6e-4b51-b91e-b64503dadc5e@group-F967393F7C93: changes role from CANDIDATE to FOLLOWER at term 6 for recognizeCandidate:08d4cbaa-ffed-4411-a5fd-c4a38026aead
2019-10-17 21:54:43,510 [grpc-default-executor-4] INFO  impl.RoleInfo (RoleInfo.java:shutdownLeaderElection(134)) - d6dfcdd7-fc6e-4b51-b91e-b64503dadc5e: shutdown LeaderElection
2019-10-17 21:54:43,510 [grpc-default-executor-4] INFO  impl.RoleInfo (RoleInfo.java:updateAndGet(143)) - d6dfcdd7-fc6e-4b51-b91e-b64503dadc5e: start FollowerState
2019-10-17 21:54:43,512 [grpc-default-executor-9] INFO  impl.RaftServerImpl (RaftServerImpl.java:setRole(184)) - fff7125c-610a-434d-b194-38800617abc4@group-4FF8CA26B826: changes role from CANDIDATE to FOLLOWER at term 3 for recognizeCandidate:9a96bff1-ea9f-4cea-8163-a3905a9e2704
2019-10-17 21:54:43,512 [grpc-default-executor-9] INFO  impl.RoleInfo (RoleInfo.java:shutdownLeaderElection(134)) - fff7125c-610a-434d-b194-38800617abc4: shutdown LeaderElection
2019-10-17 21:54:43,512 [grpc-default-executor-9] INFO  impl.RoleInfo (RoleInfo.java:updateAndGet(143)) - fff7125c-610a-434d-b194-38800617abc4: start FollowerState
2019-10-17 21:54:43,518 [c3d1d4b8-f513-489f-ad1a-d9e469eb6c8d@group-4FF8CA26B826-LeaderElection21] INFO  impl.LeaderElection (LeaderElection.java:askForVotes(178)) - c3d1d4b8-f513-489f-ad1a-d9e469eb6c8d@group-4FF8CA26B826-LeaderElection21: begin an election at term 3 for -1: [c3d1d4b8-f513-489f-ad1a-d9e469eb6c8d:192.168.157.223:35769, 9a96bff1-ea9f-4cea-8163-a3905a9e2704:192.168.157.223:39495, fff7125c-610a-434d-b194-38800617abc4:192.168.157.223:34162], old=null
2019-10-17 21:54:43,518 [grpc-default-executor-2] INFO  impl.RaftServerImpl (RaftServerImpl.java:setRole(184)) - db0af43e-c62e-4c1d-affa-ffdb4faae2f8@group-3097D7458558: changes role from  FOLLOWER to FOLLOWER at term 6 for recognizeCandidate:de567563-d0dd-4cf2-91b7-f72627909699
2019-10-17 21:54:43,518 [de567563-d0dd-4cf2-91b7-f72627909699@group-3097D7458558-LeaderElection16] INFO  impl.LeaderElection (LeaderElection.java:askForVotes(178)) - de567563-d0dd-4cf2-91b7-f72627909699@group-3097D7458558-LeaderElection16: begin an election at term 7 for -1: [92c37ee0-6a4e-44d1-b217-daba3b24c095:192.168.157.223:35068, de567563-d0dd-4cf2-91b7-f72627909699:192.168.157.223:42420, db0af43e-c62e-4c1d-affa-ffdb4faae2f8:192.168.157.223:36633], old=null
2019-10-17 21:54:43,518 [grpc-default-executor-0] INFO  impl.RaftServerImpl (RaftServerImpl.java:setRole(184)) - d6dfcdd7-fc6e-4b51-b91e-b64503dadc5e@group-F967393F7C93: changes role from  FOLLOWER to FOLLOWER at term 7 for recognizeCandidate:08d4cbaa-ffed-4411-a5fd-c4a38026aead
2019-10-17 21:54:43,518 [grpc-default-executor-6] INFO  impl.RaftServerImpl (RaftServerImpl.java:setRole(184)) - da15dfee-23f0-4dc4-ad77-c00156c49cfa@group-F967393F7C93: changes role from  FOLLOWER to FOLLOWER at term 7 for recognizeCandidate:08d4cbaa-ffed-4411-a5fd-c4a38026aead
2019-10-17 21:54:43,523 [grpc-default-executor-0] INFO  impl.RoleInfo (RoleInfo.java:shutdownFollowerState(121)) - d6dfcdd7-fc6e-4b51-b91e-b64503dadc5e: shutdown FollowerState
2019-10-17 21:54:43,523 [d6dfcdd7-fc6e-4b51-b91e-b64503dadc5e@group-F967393F7C93-LeaderElection23] INFO  impl.LeaderElection (LeaderElection.java:logAndReturn(56)) - d6dfcdd7-fc6e-4b51-b91e-b64503dadc5e@group-F967393F7C93-LeaderElection23: Election DISCOVERED_A_NEW_TERM; received 2 response(s) [d6dfcdd7-fc6e-4b51-b91e-b64503dadc5e<-08d4cbaa-ffed-4411-a5fd-c4a38026aead#0:FAIL-t7, d6dfcdd7-fc6e-4b51-b91e-b64503dadc5e<-da15dfee-23f0-4dc4-ad77-c00156c49cfa#0:FAIL-t5] and 0 exception(s); d6dfcdd7-fc6e-4b51-b91e-b64503dadc5e@group-F967393F7C93:t7, leader=null, voted=null, raftlog=d6dfcdd7-fc6e-4b51-b91e-b64503dadc5e@group-F967393F7C93-SegmentedRaftLog:OPENED:c-1,f-1,i0, conf=-1: [08d4cbaa-ffed-4411-a5fd-c4a38026aead:192.168.157.223:33910, da15dfee-23f0-4dc4-ad77-c00156c49cfa:192.168.157.223:42172, d6dfcdd7-fc6e-4b51-b91e-b64503dadc5e:192.168.157.223:43575], old=null
2019-10-17 21:54:43,523 [Thread-465] INFO  impl.FollowerState (FollowerState.java:run(117)) - d6dfcdd7-fc6e-4b51-b91e-b64503dadc5e@group-F967393F7C93-FollowerState was interrupted: java.lang.InterruptedException: sleep interrupted
2019-10-17 21:54:43,522 [grpc-default-executor-2] INFO  impl.RoleInfo (RoleInfo.java:shutdownFollowerState(121)) - db0af43e-c62e-4c1d-affa-ffdb4faae2f8: shutdown FollowerState
2019-10-17 21:54:43,522 [fff7125c-610a-434d-b194-38800617abc4@group-4FF8CA26B826-LeaderElection22] INFO  impl.LeaderElection (LeaderElection.java:logAndReturn(56)) - fff7125c-610a-434d-b194-38800617abc4@group-4FF8CA26B826-LeaderElection22: Election DISCOVERED_A_NEW_TERM; received 2 response(s) [fff7125c-610a-434d-b194-38800617abc4<-c3d1d4b8-f513-489f-ad1a-d9e469eb6c8d#0:FAIL-t2, fff7125c-610a-434d-b194-38800617abc4<-9a96bff1-ea9f-4cea-8163-a3905a9e2704#0:FAIL-t3] and 0 exception(s); fff7125c-610a-434d-b194-38800617abc4@group-4FF8CA26B826:t3, leader=null, voted=null, raftlog=fff7125c-610a-434d-b194-38800617abc4@group-4FF8CA26B826-SegmentedRaftLog:OPENED:c-1,f-1,i0, conf=-1: [c3d1d4b8-f513-489f-ad1a-d9e469eb6c8d:192.168.157.223:35769, 9a96bff1-ea9f-4cea-8163-a3905a9e2704:192.168.157.223:39495, fff7125c-610a-434d-b194-38800617abc4:192.168.157.223:34162], old=null
2019-10-17 21:54:43,526 [grpc-default-executor-2] INFO  impl.RoleInfo (RoleInfo.java:updateAndGet(143)) - db0af43e-c62e-4c1d-affa-ffdb4faae2f8: start FollowerState
2019-10-17 21:54:43,526 [Thread-464] INFO  impl.FollowerState (FollowerState.java:run(117)) - db0af43e-c62e-4c1d-affa-ffdb4faae2f8@group-3097D7458558-FollowerState was interrupted: java.lang.InterruptedException: sleep interrupted
2019-10-17 21:54:43,523 [grpc-default-executor-0] INFO  impl.RoleInfo (RoleInfo.java:updateAndGet(143)) - d6dfcdd7-fc6e-4b51-b91e-b64503dadc5e: start FollowerState
2019-10-17 21:54:43,523 [grpc-default-executor-6] INFO  impl.RoleInfo (RoleInfo.java:shutdownFollowerState(121)) - da15dfee-23f0-4dc4-ad77-c00156c49cfa: shutdown FollowerState
2019-10-17 21:54:43,528 [92c37ee0-6a4e-44d1-b217-daba3b24c095@group-3097D7458558-LeaderElection19] INFO  impl.LeaderElection (LeaderElection.java:logAndReturn(56)) - 92c37ee0-6a4e-44d1-b217-daba3b24c095@group-3097D7458558-LeaderElection19: Election TIMEOUT; received 0 response(s) [] and 0 exception(s); 92c37ee0-6a4e-44d1-b217-daba3b24c095@group-3097D7458558:t6, leader=null, voted=92c37ee0-6a4e-44d1-b217-daba3b24c095, raftlog=92c37ee0-6a4e-44d1-b217-daba3b24c095@group-3097D7458558-SegmentedRaftLog:OPENED:c-1,f-1,i0, conf=-1: [92c37ee0-6a4e-44d1-b217-daba3b24c095:192.168.157.223:35068, de567563-d0dd-4cf2-91b7-f72627909699:192.168.157.223:42420, db0af43e-c62e-4c1d-affa-ffdb4faae2f8:192.168.157.223:36633], old=null
2019-10-17 21:54:43,532 [grpc-default-executor-6] INFO  impl.RoleInfo (RoleInfo.java:updateAndGet(143)) - da15dfee-23f0-4dc4-ad77-c00156c49cfa: start FollowerState
2019-10-17 21:54:43,532 [Thread-463] INFO  impl.FollowerState (FollowerState.java:run(117)) - da15dfee-23f0-4dc4-ad77-c00156c49cfa@group-F967393F7C93-FollowerState was interrupted: java.lang.InterruptedException: sleep interrupted
2019-10-17 21:54:43,536 [Thread-466] INFO  impl.FollowerState (FollowerState.java:run(108)) - fff7125c-610a-434d-b194-38800617abc4@group-4FF8CA26B826-FollowerState: change to CANDIDATE, lastRpcTime:23ms, electionTimeout:22ms
2019-10-17 21:54:43,537 [Thread-466] INFO  impl.RoleInfo (RoleInfo.java:shutdownFollowerState(121)) - fff7125c-610a-434d-b194-38800617abc4: shutdown FollowerState
2019-10-17 21:54:43,537 [Thread-466] INFO  impl.RaftServerImpl (RaftServerImpl.java:setRole(184)) - fff7125c-610a-434d-b194-38800617abc4@group-4FF8CA26B826: changes role from  FOLLOWER to CANDIDATE at term 3 for changeToCandidate
2019-10-17 21:54:43,537 [Thread-466] INFO  impl.RoleInfo (RoleInfo.java:updateAndGet(143)) - fff7125c-610a-434d-b194-38800617abc4: start LeaderElection
2019-10-17 21:54:43,548 [9a96bff1-ea9f-4cea-8163-a3905a9e2704@group-4FF8CA26B826-LeaderElection20] INFO  impl.LeaderElection (LeaderElection.java:logAndReturn(56)) - 9a96bff1-ea9f-4cea-8163-a3905a9e2704@group-4FF8CA26B826-LeaderElection20: Election REJECTED; received 2 response(s) [9a96bff1-ea9f-4cea-8163-a3905a9e2704<-c3d1d4b8-f513-489f-ad1a-d9e469eb6c8d#0:FAIL-t3, 9a96bff1-ea9f-4cea-8163-a3905a9e2704<-fff7125c-610a-434d-b194-38800617abc4#0:FAIL-t3] and 0 exception(s); 9a96bff1-ea9f-4cea-8163-a3905a9e2704@group-4FF8CA26B826:t3, leader=null, voted=9a96bff1-ea9f-4cea-8163-a3905a9e2704, raftlog=9a96bff1-ea9f-4cea-8163-a3905a9e2704@group-4FF8CA26B826-SegmentedRaftLog:OPENED:c-1,f-1,i0, conf=-1: [c3d1d4b8-f513-489f-ad1a-d9e469eb6c8d:192.168.157.223:35769, 9a96bff1-ea9f-4cea-8163-a3905a9e2704:192.168.157.223:39495, fff7125c-610a-434d-b194-38800617abc4:192.168.157.223:34162], old=null
2019-10-17 21:54:43,548 [9a96bff1-ea9f-4cea-8163-a3905a9e2704@group-4FF8CA26B826-LeaderElection20] INFO  impl.RaftServerImpl (RaftServerImpl.java:setRole(184)) - 9a96bff1-ea9f-4cea-8163-a3905a9e2704@group-4FF8CA26B826: changes role from CANDIDATE to FOLLOWER at term 3 for DISCOVERED_A_NEW_TERM
2019-10-17 21:54:43,549 [9a96bff1-ea9f-4cea-8163-a3905a9e2704@group-4FF8CA26B826-LeaderElection20] INFO  impl.RoleInfo (RoleInfo.java:shutdownLeaderElection(134)) - 9a96bff1-ea9f-4cea-8163-a3905a9e2704: shutdown LeaderElection
2019-10-17 21:54:43,549 [9a96bff1-ea9f-4cea-8163-a3905a9e2704@group-4FF8CA26B826-LeaderElection20] INFO  impl.RoleInfo (RoleInfo.java:updateAndGet(143)) - 9a96bff1-ea9f-4cea-8163-a3905a9e2704: start FollowerState
2019-10-17 21:54:43,550 [fff7125c-610a-434d-b194-38800617abc4@group-4FF8CA26B826-LeaderElection24] INFO  impl.LeaderElection (LeaderElection.java:askForVotes(178)) - fff7125c-610a-434d-b194-38800617abc4@group-4FF8CA26B826-LeaderElection24: begin an election at term 4 for -1: [c3d1d4b8-f513-489f-ad1a-d9e469eb6c8d:192.168.157.223:35769, 9a96bff1-ea9f-4cea-8163-a3905a9e2704:192.168.157.223:39495, fff7125c-610a-434d-b194-38800617abc4:192.168.157.223:34162], old=null
2019-10-17 21:54:43,550 [92c37ee0-6a4e-44d1-b217-daba3b24c095@group-3097D7458558-LeaderElection19] INFO  impl.LeaderElection (LeaderElection.java:askForVotes(178)) - 92c37ee0-6a4e-44d1-b217-daba3b24c095@group-3097D7458558-LeaderElection19: begin an election at term 7 for -1: [92c37ee0-6a4e-44d1-b217-daba3b24c095:192.168.157.223:35068, de567563-d0dd-4cf2-91b7-f72627909699:192.168.157.223:42420, db0af43e-c62e-4c1d-affa-ffdb4faae2f8:192.168.157.223:36633], old=null
2019-10-17 21:54:43,550 [Thread-470] INFO  impl.FollowerState (FollowerState.java:run(108)) - d6dfcdd7-fc6e-4b51-b91e-b64503dadc5e@group-F967393F7C93-FollowerState: change to CANDIDATE, lastRpcTime:26ms, electionTimeout:6ms
2019-10-17 21:54:43,553 [Thread-470] INFO  impl.RoleInfo (RoleInfo.java:shutdownFollowerState(121)) - d6dfcdd7-fc6e-4b51-b91e-b64503dadc5e: shutdown FollowerState
2019-10-17 21:54:43,553 [grpc-default-executor-2] INFO  impl.RaftServerImpl (RaftServerImpl.java:setRole(184)) - db0af43e-c62e-4c1d-affa-ffdb4faae2f8@group-3097D7458558: changes role from  FOLLOWER to FOLLOWER at term 7 for recognizeCandidate:de567563-d0dd-4cf2-91b7-f72627909699
2019-10-17 21:54:43,553 [Thread-470] INFO  impl.RaftServerImpl (RaftServerImpl.java:setRole(184)) - d6dfcdd7-fc6e-4b51-b91e-b64503dadc5e@group-F967393F7C93: changes role from  FOLLOWER to CANDIDATE at term 7 for changeToCandidate
2019-10-17 21:54:43,553 [grpc-default-executor-2] INFO  impl.RoleInfo (RoleInfo.java:shutdownFollowerState(121)) - db0af43e-c62e-4c1d-affa-ffdb4faae2f8: shutdown FollowerState
2019-10-17 21:54:43,554 [Thread-470] INFO  impl.RoleInfo (RoleInfo.java:updateAndGet(143)) - d6dfcdd7-fc6e-4b51-b91e-b64503dadc5e: start LeaderElection
2019-10-17 21:54:43,554 [grpc-default-executor-2] INFO  impl.RoleInfo (RoleInfo.java:updateAndGet(143)) - db0af43e-c62e-4c1d-affa-ffdb4faae2f8: start FollowerState
2019-10-17 21:54:43,554 [Thread-472] INFO  impl.FollowerState (FollowerState.java:run(117)) - db0af43e-c62e-4c1d-affa-ffdb4faae2f8@group-3097D7458558-FollowerState was interrupted: java.lang.InterruptedException: sleep interrupted
2019-10-17 21:54:43,554 [c3d1d4b8-f513-489f-ad1a-d9e469eb6c8d@group-4FF8CA26B826-LeaderElection21] INFO  impl.LeaderElection (LeaderElection.java:logAndReturn(56)) - c3d1d4b8-f513-489f-ad1a-d9e469eb6c8d@group-4FF8CA26B826-LeaderElection21: Election DISCOVERED_A_NEW_TERM; received 1 response(s) [c3d1d4b8-f513-489f-ad1a-d9e469eb6c8d<-fff7125c-610a-434d-b194-38800617abc4#0:FAIL-t4] and 0 exception(s); c3d1d4b8-f513-489f-ad1a-d9e469eb6c8d@group-4FF8CA26B826:t3, leader=null, voted=c3d1d4b8-f513-489f-ad1a-d9e469eb6c8d, raftlog=c3d1d4b8-f513-489f-ad1a-d9e469eb6c8d@group-4FF8CA26B826-SegmentedRaftLog:OPENED:c-1,f-1,i0, conf=-1: [c3d1d4b8-f513-489f-ad1a-d9e469eb6c8d:192.168.157.223:35769, 9a96bff1-ea9f-4cea-8163-a3905a9e2704:192.168.157.223:39495, fff7125c-610a-434d-b194-38800617abc4:192.168.157.223:34162], old=null
2019-10-17 21:54:43,555 [c3d1d4b8-f513-489f-ad1a-d9e469eb6c8d@group-4FF8CA26B826-LeaderElection21] INFO  impl.RaftServerImpl (RaftServerImpl.java:setRole(184)) - c3d1d4b8-f513-489f-ad1a-d9e469eb6c8d@group-4FF8CA26B826: changes role from CANDIDATE to FOLLOWER at term 4 for DISCOVERED_A_NEW_TERM
2019-10-17 21:54:43,555 [c3d1d4b8-f513-489f-ad1a-d9e469eb6c8d@group-4FF8CA26B826-LeaderElection21] INFO  impl.RoleInfo (RoleInfo.java:shutdownLeaderElection(134)) - c3d1d4b8-f513-489f-ad1a-d9e469eb6c8d: shutdown LeaderElection
2019-10-17 21:54:43,555 [c3d1d4b8-f513-489f-ad1a-d9e469eb6c8d@group-4FF8CA26B826-LeaderElection21] INFO  impl.RoleInfo (RoleInfo.java:updateAndGet(143)) - c3d1d4b8-f513-489f-ad1a-d9e469eb6c8d: start FollowerState
2019-10-17 21:54:43,556 [08d4cbaa-ffed-4411-a5fd-c4a38026aead@group-F967393F7C93-LeaderElection17] INFO  impl.LeaderElection (LeaderElection.java:logAndReturn(56)) - 08d4cbaa-ffed-4411-a5fd-c4a38026aead@group-F967393F7C93-LeaderElection17: Election PASSED; received 2 response(s) [08d4cbaa-ffed-4411-a5fd-c4a38026aead<-da15dfee-23f0-4dc4-ad77-c00156c49cfa#0:FAIL-t7, 08d4cbaa-ffed-4411-a5fd-c4a38026aead<-d6dfcdd7-fc6e-4b51-b91e-b64503dadc5e#0:OK-t7] and 0 exception(s); 08d4cbaa-ffed-4411-a5fd-c4a38026aead@group-F967393F7C93:t7, leader=null, voted=08d4cbaa-ffed-4411-a5fd-c4a38026aead, raftlog=08d4cbaa-ffed-4411-a5fd-c4a38026aead@group-F967393F7C93-SegmentedRaftLog:OPENED:c-1,f-1,i0, conf=-1: [08d4cbaa-ffed-4411-a5fd-c4a38026aead:192.168.157.223:33910, da15dfee-23f0-4dc4-ad77-c00156c49cfa:192.168.157.223:42172, d6dfcdd7-fc6e-4b51-b91e-b64503dadc5e:192.168.157.223:43575], old=null
2019-10-17 21:54:43,588 [d6dfcdd7-fc6e-4b51-b91e-b64503dadc5e@group-F967393F7C93-LeaderElection25] INFO  impl.LeaderElection (LeaderElection.java:askForVotes(178)) - d6dfcdd7-fc6e-4b51-b91e-b64503dadc5e@group-F967393F7C93-LeaderElection25: begin an election at term 8 for -1: [08d4cbaa-ffed-4411-a5fd-c4a38026aead:192.168.157.223:33910, da15dfee-23f0-4dc4-ad77-c00156c49cfa:192.168.157.223:42172, d6dfcdd7-fc6e-4b51-b91e-b64503dadc5e:192.168.157.223:43575], old=null
2019-10-17 21:54:43,588 [grpc-default-executor-8] INFO  impl.RaftServerImpl (RaftServerImpl.java:setRole(184)) - c3d1d4b8-f513-489f-ad1a-d9e469eb6c8d@group-4FF8CA26B826: changes role from  FOLLOWER to FOLLOWER at term 4 for recognizeCandidate:fff7125c-610a-434d-b194-38800617abc4
2019-10-17 21:54:43,590 [grpc-default-executor-8] INFO  impl.RoleInfo (RoleInfo.java:shutdownFollowerState(121)) - c3d1d4b8-f513-489f-ad1a-d9e469eb6c8d: shutdown FollowerState
2019-10-17 21:54:43,590 [Thread-482] INFO  impl.FollowerState (FollowerState.java:run(117)) - c3d1d4b8-f513-489f-ad1a-d9e469eb6c8d@group-4FF8CA26B826-FollowerState was interrupted: java.lang.InterruptedException: sleep interrupted
2019-10-17 21:54:43,591 [grpc-default-executor-2] INFO  impl.RaftServerImpl (RaftServerImpl.java:setRole(184)) - db0af43e-c62e-4c1d-affa-ffdb4faae2f8@group-3097D7458558: changes role from  FOLLOWER to FOLLOWER at term 7 for recognizeCandidate:92c37ee0-6a4e-44d1-b217-daba3b24c095
2019-10-17 21:54:43,591 [grpc-default-executor-3] INFO  impl.RaftServerImpl (RaftServerImpl.java:setRole(184)) - 9a96bff1-ea9f-4cea-8163-a3905a9e2704@group-4FF8CA26B826: changes role from  FOLLOWER to FOLLOWER at term 4 for recognizeCandidate:fff7125c-610a-434d-b194-38800617abc4
2019-10-17 21:54:43,591 [grpc-default-executor-2] INFO  impl.RoleInfo (RoleInfo.java:shutdownFollowerState(121)) - db0af43e-c62e-4c1d-affa-ffdb4faae2f8: shutdown FollowerState
2019-10-17 21:54:43,592 [grpc-default-executor-3] INFO  impl.RoleInfo (RoleInfo.java:shutdownFollowerState(121)) - 9a96bff1-ea9f-4cea-8163-a3905a9e2704: shutdown FollowerState
2019-10-17 21:54:43,608 [Thread-475] INFO  impl.FollowerState (FollowerState.java:run(103)) - 9a96bff1-ea9f-4cea-8163-a3905a9e2704@group-4FF8CA26B826-FollowerState: Stopping now (isRunning? false, isFollower? true)
2019-10-17 21:54:43,620 [08d4cbaa-ffed-4411-a5fd-c4a38026aead@group-F967393F7C93-LeaderElection17] INFO  impl.RoleInfo (RoleInfo.java:shutdownLeaderElection(134)) - 08d4cbaa-ffed-4411-a5fd-c4a38026aead: shutdown LeaderElection
2019-10-17 21:54:43,623 [grpc-default-executor-3] INFO  impl.RoleInfo (RoleInfo.java:updateAndGet(143)) - 9a96bff1-ea9f-4cea-8163-a3905a9e2704: start FollowerState
2019-10-17 21:54:43,625 [grpc-default-executor-8] INFO  impl.RoleInfo (RoleInfo.java:updateAndGet(143)) - c3d1d4b8-f513-489f-ad1a-d9e469eb6c8d: start FollowerState
2019-10-17 21:54:43,623 [Thread-481] INFO  impl.FollowerState (FollowerState.java:run(117)) - db0af43e-c62e-4c1d-affa-ffdb4faae2f8@group-3097D7458558-FollowerState was interrupted: java.lang.InterruptedException: sleep interrupted
2019-10-17 21:54:43,626 [grpc-default-executor-2] INFO  impl.RoleInfo (RoleInfo.java:updateAndGet(143)) - db0af43e-c62e-4c1d-affa-ffdb4faae2f8: start FollowerState
2019-10-17 21:54:43,626 [92c37ee0-6a4e-44d1-b217-daba3b24c095@group-3097D7458558-LeaderElection19] INFO  impl.LeaderElection (LeaderElection.java:logAndReturn(56)) - 92c37ee0-6a4e-44d1-b217-daba3b24c095@group-3097D7458558-LeaderElection19: Election TIMEOUT; received 0 response(s) [] and 0 exception(s); 92c37ee0-6a4e-44d1-b217-daba3b24c095@group-3097D7458558:t7, leader=null, voted=92c37ee0-6a4e-44d1-b217-daba3b24c095, raftlog=92c37ee0-6a4e-44d1-b217-daba3b24c095@group-3097D7458558-SegmentedRaftLog:OPENED:c-1,f-1,i0, conf=-1: [92c37ee0-6a4e-44d1-b217-daba3b24c095:192.168.157.223:35068, de567563-d0dd-4cf2-91b7-f72627909699:192.168.157.223:42420, db0af43e-c62e-4c1d-affa-ffdb4faae2f8:192.168.157.223:36633], old=null
2019-10-17 21:54:43,626 [08d4cbaa-ffed-4411-a5fd-c4a38026aead@group-F967393F7C93-LeaderElection17] INFO  impl.RaftServerImpl (RaftServerImpl.java:setRole(184)) - 08d4cbaa-ffed-4411-a5fd-c4a38026aead@group-F967393F7C93: changes role from CANDIDATE to LEADER at term 7 for changeToLeader
2019-10-17 21:54:43,627 [08d4cbaa-ffed-4411-a5fd-c4a38026aead@group-F967393F7C93-LeaderElection17] INFO  impl.RaftServerImpl (ServerState.java:setLeader(256)) - 08d4cbaa-ffed-4411-a5fd-c4a38026aead@group-F967393F7C93: change Leader from null to 08d4cbaa-ffed-4411-a5fd-c4a38026aead at term 7 for becomeLeader, leader elected after 1111ms
2019-10-17 21:54:43,640 [08d4cbaa-ffed-4411-a5fd-c4a38026aead@group-F967393F7C93-LeaderElection17] INFO  server.RaftServerConfigKeys (ConfUtils.java:logGet(43)) - raft.server.staging.catchup.gap = 1000 (default)
2019-10-17 21:54:43,640 [08d4cbaa-ffed-4411-a5fd-c4a38026aead@group-F967393F7C93-LeaderElection17] INFO  server.RaftServerConfigKeys (ConfUtils.java:logGet(43)) - raft.server.rpc.sleep.time = 25ms (default)
2019-10-17 21:54:43,640 [08d4cbaa-ffed-4411-a5fd-c4a38026aead@group-F967393F7C93-LeaderElection17] INFO  server.RaftServerConfigKeys (ConfUtils.java:logGet(43)) - raft.server.write.element-limit = 4096 (default)
2019-10-17 21:54:43,640 [08d4cbaa-ffed-4411-a5fd-c4a38026aead@group-F967393F7C93-LeaderElection17] INFO  server.RaftServerConfigKeys (ConfUtils.java:logGet(43)) - raft.server.watch.timeout = 10s (default)
2019-10-17 21:54:43,652 [de567563-d0dd-4cf2-91b7-f72627909699@group-3097D7458558-LeaderElection16] INFO  impl.LeaderElection (LeaderElection.java:logAndReturn(56)) - de567563-d0dd-4cf2-91b7-f72627909699@group-3097D7458558-LeaderElection16: Election REJECTED; received 2 response(s) [de567563-d0dd-4cf2-91b7-f72627909699<-92c37ee0-6a4e-44d1-b217-daba3b24c095#0:FAIL-t7, de567563-d0dd-4cf2-91b7-f72627909699<-db0af43e-c62e-4c1d-affa-ffdb4faae2f8#0:FAIL-t7] and 0 exception(s); de567563-d0dd-4cf2-91b7-f72627909699@group-3097D7458558:t7, leader=null, voted=de567563-d0dd-4cf2-91b7-f72627909699, raftlog=de567563-d0dd-4cf2-91b7-f72627909699@group-3097D7458558-SegmentedRaftLog:OPENED:c-1,f-1,i0, conf=-1: [92c37ee0-6a4e-44d1-b217-daba3b24c095:192.168.157.223:35068, de567563-d0dd-4cf2-91b7-f72627909699:192.168.157.223:42420, db0af43e-c62e-4c1d-affa-ffdb4faae2f8:192.168.157.223:36633], old=null
2019-10-17 21:54:43,652 [08d4cbaa-ffed-4411-a5fd-c4a38026aead@group-F967393F7C93-LeaderElection17] INFO  server.RaftServerConfigKeys (ConfUtils.java:logGet(43)) - raft.server.watch.timeout.denomination = 1s (default)
2019-10-17 21:54:43,654 [de567563-d0dd-4cf2-91b7-f72627909699@group-3097D7458558-LeaderElection16] INFO  impl.RaftServerImpl (RaftServerImpl.java:setRole(184)) - de567563-d0dd-4cf2-91b7-f72627909699@group-3097D7458558: changes role from CANDIDATE to FOLLOWER at term 7 for DISCOVERED_A_NEW_TERM
2019-10-17 21:54:43,654 [08d4cbaa-ffed-4411-a5fd-c4a38026aead@group-F967393F7C93-LeaderElection17] INFO  server.RaftServerConfigKeys (ConfUtils.java:logGet(43)) - raft.server.watch.element-limit = 65536 (default)
2019-10-17 21:54:43,656 [de567563-d0dd-4cf2-91b7-f72627909699@group-3097D7458558-LeaderElection16] INFO  impl.RoleInfo (RoleInfo.java:shutdownLeaderElection(134)) - de567563-d0dd-4cf2-91b7-f72627909699: shutdown LeaderElection
2019-10-17 21:54:43,657 [de567563-d0dd-4cf2-91b7-f72627909699@group-3097D7458558-LeaderElection16] INFO  impl.RoleInfo (RoleInfo.java:updateAndGet(143)) - de567563-d0dd-4cf2-91b7-f72627909699: start FollowerState
2019-10-17 21:54:43,661 [grpc-default-executor-9] INFO  impl.RaftServerImpl (RaftServerImpl.java:setRole(184)) - da15dfee-23f0-4dc4-ad77-c00156c49cfa@group-F967393F7C93: changes role from  FOLLOWER to FOLLOWER at term 8 for recognizeCandidate:d6dfcdd7-fc6e-4b51-b91e-b64503dadc5e
2019-10-17 21:54:43,661 [grpc-default-executor-9] INFO  impl.RoleInfo (RoleInfo.java:shutdownFollowerState(121)) - da15dfee-23f0-4dc4-ad77-c00156c49cfa: shutdown FollowerState
2019-10-17 21:54:43,664 [Thread-490] INFO  impl.FollowerState (FollowerState.java:run(108)) - de567563-d0dd-4cf2-91b7-f72627909699@group-3097D7458558-FollowerState: change to CANDIDATE, lastRpcTime:7ms, electionTimeout:7ms
2019-10-17 21:54:43,665 [Thread-490] INFO  impl.RoleInfo (RoleInfo.java:shutdownFollowerState(121)) - de567563-d0dd-4cf2-91b7-f72627909699: shutdown FollowerState
2019-10-17 21:54:43,665 [main] INFO  rpc.RpcClient (RpcClient.java:createVolume(272)) - Creating Volume: datanodefailurehandlingtest, with jenkins1000 as owner.
2019-10-17 21:54:43,665 [Thread-490] INFO  impl.RaftServerImpl (RaftServerImpl.java:setRole(184)) - de567563-d0dd-4cf2-91b7-f72627909699@group-3097D7458558: changes role from  FOLLOWER to CANDIDATE at term 7 for changeToCandidate
2019-10-17 21:54:43,674 [92c37ee0-6a4e-44d1-b217-daba3b24c095@group-3097D7458558-LeaderElection19] INFO  impl.LeaderElection (LeaderElection.java:askForVotes(178)) - 92c37ee0-6a4e-44d1-b217-daba3b24c095@group-3097D7458558-LeaderElection19: begin an election at term 8 for -1: [92c37ee0-6a4e-44d1-b217-daba3b24c095:192.168.157.223:35068, de567563-d0dd-4cf2-91b7-f72627909699:192.168.157.223:42420, db0af43e-c62e-4c1d-affa-ffdb4faae2f8:192.168.157.223:36633], old=null
2019-10-17 21:54:43,674 [Thread-486] INFO  impl.FollowerState (FollowerState.java:run(108)) - 9a96bff1-ea9f-4cea-8163-a3905a9e2704@group-4FF8CA26B826-FollowerState: change to CANDIDATE, lastRpcTime:50ms, electionTimeout:15ms
2019-10-17 21:54:43,674 [Thread-486] INFO  impl.RoleInfo (RoleInfo.java:shutdownFollowerState(121)) - 9a96bff1-ea9f-4cea-8163-a3905a9e2704: shutdown FollowerState
2019-10-17 21:54:43,674 [Thread-486] INFO  impl.RaftServerImpl (RaftServerImpl.java:setRole(184)) - 9a96bff1-ea9f-4cea-8163-a3905a9e2704@group-4FF8CA26B826: changes role from  FOLLOWER to CANDIDATE at term 4 for changeToCandidate
2019-10-17 21:54:43,687 [Thread-486] INFO  impl.RoleInfo (RoleInfo.java:updateAndGet(143)) - 9a96bff1-ea9f-4cea-8163-a3905a9e2704: start LeaderElection
2019-10-17 21:54:43,687 [Thread-490] INFO  impl.RoleInfo (RoleInfo.java:updateAndGet(143)) - de567563-d0dd-4cf2-91b7-f72627909699: start LeaderElection
2019-10-17 21:54:43,687 [Thread-473] INFO  impl.FollowerState (FollowerState.java:run(117)) - da15dfee-23f0-4dc4-ad77-c00156c49cfa@group-F967393F7C93-FollowerState was interrupted: java.lang.InterruptedException: sleep interrupted
2019-10-17 21:54:43,687 [fff7125c-610a-434d-b194-38800617abc4@group-4FF8CA26B826-LeaderElection24] INFO  impl.LeaderElection (LeaderElection.java:logAndReturn(56)) - fff7125c-610a-434d-b194-38800617abc4@group-4FF8CA26B826-LeaderElection24: Election PASSED; received 1 response(s) [fff7125c-610a-434d-b194-38800617abc4<-c3d1d4b8-f513-489f-ad1a-d9e469eb6c8d#0:OK-t4] and 0 exception(s); fff7125c-610a-434d-b194-38800617abc4@group-4FF8CA26B826:t4, leader=null, voted=fff7125c-610a-434d-b194-38800617abc4, raftlog=fff7125c-610a-434d-b194-38800617abc4@group-4FF8CA26B826-SegmentedRaftLog:OPENED:c-1,f-1,i0, conf=-1: [c3d1d4b8-f513-489f-ad1a-d9e469eb6c8d:192.168.157.223:35769, 9a96bff1-ea9f-4cea-8163-a3905a9e2704:192.168.157.223:39495, fff7125c-610a-434d-b194-38800617abc4:192.168.157.223:34162], old=null
2019-10-17 21:54:43,688 [grpc-default-executor-9] INFO  impl.RoleInfo (RoleInfo.java:updateAndGet(143)) - da15dfee-23f0-4dc4-ad77-c00156c49cfa: start FollowerState
2019-10-17 21:54:43,688 [fff7125c-610a-434d-b194-38800617abc4@group-4FF8CA26B826-LeaderElection24] INFO  impl.RoleInfo (RoleInfo.java:shutdownLeaderElection(134)) - fff7125c-610a-434d-b194-38800617abc4: shutdown LeaderElection
2019-10-17 21:54:43,690 [fff7125c-610a-434d-b194-38800617abc4@group-4FF8CA26B826-LeaderElection24] INFO  impl.RaftServerImpl (RaftServerImpl.java:setRole(184)) - fff7125c-610a-434d-b194-38800617abc4@group-4FF8CA26B826: changes role from CANDIDATE to LEADER at term 4 for changeToLeader
2019-10-17 21:54:43,690 [fff7125c-610a-434d-b194-38800617abc4@group-4FF8CA26B826-LeaderElection24] INFO  impl.RaftServerImpl (ServerState.java:setLeader(256)) - fff7125c-610a-434d-b194-38800617abc4@group-4FF8CA26B826: change Leader from null to fff7125c-610a-434d-b194-38800617abc4 at term 4 for becomeLeader, leader elected after 954ms
2019-10-17 21:54:43,690 [fff7125c-610a-434d-b194-38800617abc4@group-4FF8CA26B826-LeaderElection24] INFO  server.RaftServerConfigKeys (ConfUtils.java:logGet(43)) - raft.server.staging.catchup.gap = 1000 (default)
2019-10-17 21:54:43,690 [fff7125c-610a-434d-b194-38800617abc4@group-4FF8CA26B826-LeaderElection24] INFO  server.RaftServerConfigKeys (ConfUtils.java:logGet(43)) - raft.server.rpc.sleep.time = 25ms (default)
2019-10-17 21:54:43,690 [fff7125c-610a-434d-b194-38800617abc4@group-4FF8CA26B826-LeaderElection24] INFO  server.RaftServerConfigKeys (ConfUtils.java:logGet(43)) - raft.server.write.element-limit = 4096 (default)
2019-10-17 21:54:43,691 [fff7125c-610a-434d-b194-38800617abc4@group-4FF8CA26B826-LeaderElection24] INFO  server.RaftServerConfigKeys (ConfUtils.java:logGet(43)) - raft.server.watch.timeout = 10s (default)
2019-10-17 21:54:43,691 [fff7125c-610a-434d-b194-38800617abc4@group-4FF8CA26B826-LeaderElection24] INFO  server.RaftServerConfigKeys (ConfUtils.java:logGet(43)) - raft.server.watch.timeout.denomination = 1s (default)
2019-10-17 21:54:43,691 [fff7125c-610a-434d-b194-38800617abc4@group-4FF8CA26B826-LeaderElection24] INFO  server.RaftServerConfigKeys (ConfUtils.java:logGet(43)) - raft.server.watch.element-limit = 65536 (default)
2019-10-17 21:54:43,714 [de567563-d0dd-4cf2-91b7-f72627909699@group-3097D7458558-LeaderElection26] INFO  impl.LeaderElection (LeaderElection.java:askForVotes(178)) - de567563-d0dd-4cf2-91b7-f72627909699@group-3097D7458558-LeaderElection26: begin an election at term 8 for -1: [92c37ee0-6a4e-44d1-b217-daba3b24c095:192.168.157.223:35068, de567563-d0dd-4cf2-91b7-f72627909699:192.168.157.223:42420, db0af43e-c62e-4c1d-affa-ffdb4faae2f8:192.168.157.223:36633], old=null
2019-10-17 21:54:43,715 [grpc-default-executor-3] INFO  impl.RaftServerImpl (RaftServerImpl.java:setRole(184)) - db0af43e-c62e-4c1d-affa-ffdb4faae2f8@group-3097D7458558: changes role from  FOLLOWER to FOLLOWER at term 8 for recognizeCandidate:92c37ee0-6a4e-44d1-b217-daba3b24c095
2019-10-17 21:54:43,715 [grpc-default-executor-3] INFO  impl.RoleInfo (RoleInfo.java:shutdownFollowerState(121)) - db0af43e-c62e-4c1d-affa-ffdb4faae2f8: shutdown FollowerState
2019-10-17 21:54:43,730 [d6dfcdd7-fc6e-4b51-b91e-b64503dadc5e@group-F967393F7C93-LeaderElection25] INFO  impl.LeaderElection (LeaderElection.java:logAndReturn(56)) - d6dfcdd7-fc6e-4b51-b91e-b64503dadc5e@group-F967393F7C93-LeaderElection25: Election TIMEOUT; received 0 response(s) [] and 0 exception(s); d6dfcdd7-fc6e-4b51-b91e-b64503dadc5e@group-F967393F7C93:t8, leader=null, voted=d6dfcdd7-fc6e-4b51-b91e-b64503dadc5e, raftlog=d6dfcdd7-fc6e-4b51-b91e-b64503dadc5e@group-F967393F7C93-SegmentedRaftLog:OPENED:c-1,f-1,i0, conf=-1: [08d4cbaa-ffed-4411-a5fd-c4a38026aead:192.168.157.223:33910, da15dfee-23f0-4dc4-ad77-c00156c49cfa:192.168.157.223:42172, d6dfcdd7-fc6e-4b51-b91e-b64503dadc5e:192.168.157.223:43575], old=null
2019-10-17 21:54:43,738 [9a96bff1-ea9f-4cea-8163-a3905a9e2704@group-4FF8CA26B826-LeaderElection27] INFO  impl.LeaderElection (LeaderElection.java:askForVotes(178)) - 9a96bff1-ea9f-4cea-8163-a3905a9e2704@group-4FF8CA26B826-LeaderElection27: begin an election at term 5 for -1: [c3d1d4b8-f513-489f-ad1a-d9e469eb6c8d:192.168.157.223:35769, 9a96bff1-ea9f-4cea-8163-a3905a9e2704:192.168.157.223:39495, fff7125c-610a-434d-b194-38800617abc4:192.168.157.223:34162], old=null
2019-10-17 21:54:43,738 [Thread-487] INFO  impl.FollowerState (FollowerState.java:run(117)) - db0af43e-c62e-4c1d-affa-ffdb4faae2f8@group-3097D7458558-FollowerState was interrupted: java.lang.InterruptedException: sleep interrupted
2019-10-17 21:54:43,740 [grpc-default-executor-3] INFO  impl.RoleInfo (RoleInfo.java:updateAndGet(143)) - db0af43e-c62e-4c1d-affa-ffdb4faae2f8: start FollowerState
2019-10-17 21:54:43,756 [d6dfcdd7-fc6e-4b51-b91e-b64503dadc5e@group-F967393F7C93-LeaderElection25] INFO  impl.LeaderElection (LeaderElection.java:askForVotes(178)) - d6dfcdd7-fc6e-4b51-b91e-b64503dadc5e@group-F967393F7C93-LeaderElection25: begin an election at term 9 for -1: [08d4cbaa-ffed-4411-a5fd-c4a38026aead:192.168.157.223:33910, da15dfee-23f0-4dc4-ad77-c00156c49cfa:192.168.157.223:42172, d6dfcdd7-fc6e-4b51-b91e-b64503dadc5e:192.168.157.223:43575], old=null
2019-10-17 21:54:43,766 [Thread-484] INFO  impl.FollowerState (FollowerState.java:run(108)) - c3d1d4b8-f513-489f-ad1a-d9e469eb6c8d@group-4FF8CA26B826-FollowerState: change to CANDIDATE, lastRpcTime:140ms, electionTimeout:140ms
2019-10-17 21:54:43,766 [Thread-484] INFO  impl.RoleInfo (RoleInfo.java:shutdownFollowerState(121)) - c3d1d4b8-f513-489f-ad1a-d9e469eb6c8d: shutdown FollowerState
2019-10-17 21:54:43,767 [Thread-484] INFO  impl.RaftServerImpl (RaftServerImpl.java:setRole(184)) - c3d1d4b8-f513-489f-ad1a-d9e469eb6c8d@group-4FF8CA26B826: changes role from  FOLLOWER to CANDIDATE at term 4 for changeToCandidate
2019-10-17 21:54:43,780 [Thread-484] INFO  impl.RoleInfo (RoleInfo.java:updateAndGet(143)) - c3d1d4b8-f513-489f-ad1a-d9e469eb6c8d: start LeaderElection
2019-10-17 21:54:43,785 [92c37ee0-6a4e-44d1-b217-daba3b24c095@group-3097D7458558-LeaderElection19] INFO  impl.LeaderElection (LeaderElection.java:logAndReturn(56)) - 92c37ee0-6a4e-44d1-b217-daba3b24c095@group-3097D7458558-LeaderElection19: Election REJECTED; received 2 response(s) [92c37ee0-6a4e-44d1-b217-daba3b24c095<-de567563-d0dd-4cf2-91b7-f72627909699#0:FAIL-t8, 92c37ee0-6a4e-44d1-b217-daba3b24c095<-db0af43e-c62e-4c1d-affa-ffdb4faae2f8#0:FAIL-t8] and 0 exception(s); 92c37ee0-6a4e-44d1-b217-daba3b24c095@group-3097D7458558:t8, leader=null, voted=92c37ee0-6a4e-44d1-b217-daba3b24c095, raftlog=92c37ee0-6a4e-44d1-b217-daba3b24c095@group-3097D7458558-SegmentedRaftLog:OPENED:c-1,f-1,i0, conf=-1: [92c37ee0-6a4e-44d1-b217-daba3b24c095:192.168.157.223:35068, de567563-d0dd-4cf2-91b7-f72627909699:192.168.157.223:42420, db0af43e-c62e-4c1d-affa-ffdb4faae2f8:192.168.157.223:36633], old=null
2019-10-17 21:54:43,785 [grpc-default-executor-3] INFO  impl.RaftServerImpl (RaftServerImpl.java:setRole(184)) - db0af43e-c62e-4c1d-affa-ffdb4faae2f8@group-3097D7458558: changes role from  FOLLOWER to FOLLOWER at term 8 for recognizeCandidate:de567563-d0dd-4cf2-91b7-f72627909699
2019-10-17 21:54:43,785 [grpc-default-executor-3] INFO  impl.RoleInfo (RoleInfo.java:shutdownFollowerState(121)) - db0af43e-c62e-4c1d-affa-ffdb4faae2f8: shutdown FollowerState
2019-10-17 21:54:43,793 [c3d1d4b8-f513-489f-ad1a-d9e469eb6c8d@group-4FF8CA26B826-LeaderElection28] INFO  impl.LeaderElection (LeaderElection.java:askForVotes(178)) - c3d1d4b8-f513-489f-ad1a-d9e469eb6c8d@group-4FF8CA26B826-LeaderElection28: begin an election at term 5 for -1: [c3d1d4b8-f513-489f-ad1a-d9e469eb6c8d:192.168.157.223:35769, 9a96bff1-ea9f-4cea-8163-a3905a9e2704:192.168.157.223:39495, fff7125c-610a-434d-b194-38800617abc4:192.168.157.223:34162], old=null
2019-10-17 21:54:43,810 [Thread-498] INFO  impl.FollowerState (FollowerState.java:run(117)) - db0af43e-c62e-4c1d-affa-ffdb4faae2f8@group-3097D7458558-FollowerState was interrupted: java.lang.InterruptedException: sleep interrupted
2019-10-17 21:54:43,810 [92c37ee0-6a4e-44d1-b217-daba3b24c095@group-3097D7458558-LeaderElection19] INFO  impl.RaftServerImpl (RaftServerImpl.java:setRole(184)) - 92c37ee0-6a4e-44d1-b217-daba3b24c095@group-3097D7458558: changes role from CANDIDATE to FOLLOWER at term 8 for DISCOVERED_A_NEW_TERM
2019-10-17 21:54:43,810 [grpc-default-executor-3] INFO  impl.RoleInfo (RoleInfo.java:updateAndGet(143)) - db0af43e-c62e-4c1d-affa-ffdb4faae2f8: start FollowerState
2019-10-17 21:54:43,810 [IPC Server handler 10 on 42687] INFO  volume.OMVolumeCreateRequest (OMVolumeCreateRequest.java:validateAndUpdateCache(193)) - created volume:datanodefailurehandlingtest for user:jenkins1000
2019-10-17 21:54:43,810 [92c37ee0-6a4e-44d1-b217-daba3b24c095@group-3097D7458558-LeaderElection19] INFO  impl.RoleInfo (RoleInfo.java:shutdownLeaderElection(134)) - 92c37ee0-6a4e-44d1-b217-daba3b24c095: shutdown LeaderElection
2019-10-17 21:54:43,811 [92c37ee0-6a4e-44d1-b217-daba3b24c095@group-3097D7458558-LeaderElection19] INFO  impl.RoleInfo (RoleInfo.java:updateAndGet(143)) - 92c37ee0-6a4e-44d1-b217-daba3b24c095: start FollowerState
2019-10-17 21:54:43,811 [grpc-default-executor-0] INFO  impl.RaftServerImpl (RaftServerImpl.java:setRole(184)) - da15dfee-23f0-4dc4-ad77-c00156c49cfa@group-F967393F7C93: changes role from  FOLLOWER to FOLLOWER at term 9 for recognizeCandidate:d6dfcdd7-fc6e-4b51-b91e-b64503dadc5e
2019-10-17 21:54:43,811 [grpc-default-executor-0] INFO  impl.RoleInfo (RoleInfo.java:shutdownFollowerState(121)) - da15dfee-23f0-4dc4-ad77-c00156c49cfa: shutdown FollowerState
2019-10-17 21:54:43,812 [Thread-495] INFO  impl.FollowerState (FollowerState.java:run(117)) - da15dfee-23f0-4dc4-ad77-c00156c49cfa@group-F967393F7C93-FollowerState was interrupted: java.lang.InterruptedException: sleep interrupted
2019-10-17 21:54:43,812 [grpc-default-executor-0] INFO  impl.RoleInfo (RoleInfo.java:updateAndGet(143)) - da15dfee-23f0-4dc4-ad77-c00156c49cfa: start FollowerState
2019-10-17 21:54:43,815 [de567563-d0dd-4cf2-91b7-f72627909699@group-3097D7458558-LeaderElection26] INFO  impl.LeaderElection (LeaderElection.java:logAndReturn(56)) - de567563-d0dd-4cf2-91b7-f72627909699@group-3097D7458558-LeaderElection26: Election REJECTED; received 2 response(s) [de567563-d0dd-4cf2-91b7-f72627909699<-92c37ee0-6a4e-44d1-b217-daba3b24c095#0:FAIL-t8, de567563-d0dd-4cf2-91b7-f72627909699<-db0af43e-c62e-4c1d-affa-ffdb4faae2f8#0:FAIL-t8] and 0 exception(s); de567563-d0dd-4cf2-91b7-f72627909699@group-3097D7458558:t8, leader=null, voted=de567563-d0dd-4cf2-91b7-f72627909699, raftlog=de567563-d0dd-4cf2-91b7-f72627909699@group-3097D7458558-SegmentedRaftLog:OPENED:c-1,f-1,i0, conf=-1: [92c37ee0-6a4e-44d1-b217-daba3b24c095:192.168.157.223:35068, de567563-d0dd-4cf2-91b7-f72627909699:192.168.157.223:42420, db0af43e-c62e-4c1d-affa-ffdb4faae2f8:192.168.157.223:36633], old=null
2019-10-17 21:54:43,838 [de567563-d0dd-4cf2-91b7-f72627909699@group-3097D7458558-LeaderElection26] INFO  impl.RaftServerImpl (RaftServerImpl.java:setRole(184)) - de567563-d0dd-4cf2-91b7-f72627909699@group-3097D7458558: changes role from CANDIDATE to FOLLOWER at term 8 for DISCOVERED_A_NEW_TERM
2019-10-17 21:54:43,838 [de567563-d0dd-4cf2-91b7-f72627909699@group-3097D7458558-LeaderElection26] INFO  impl.RoleInfo (RoleInfo.java:shutdownLeaderElection(134)) - de567563-d0dd-4cf2-91b7-f72627909699: shutdown LeaderElection
2019-10-17 21:54:43,838 [de567563-d0dd-4cf2-91b7-f72627909699@group-3097D7458558-LeaderElection26] INFO  impl.RoleInfo (RoleInfo.java:updateAndGet(143)) - de567563-d0dd-4cf2-91b7-f72627909699: start FollowerState
2019-10-17 21:54:43,883 [main] INFO  rpc.RpcClient (RpcClient.java:createBucket(411)) - Creating Bucket: datanodefailurehandlingtest/datanodefailurehandlingtest, with Versioning false and Storage Type set to DISK and Encryption set to false 
2019-10-17 21:54:43,895 [c3d1d4b8-f513-489f-ad1a-d9e469eb6c8d@group-4FF8CA26B826-LeaderElection28] INFO  impl.LeaderElection (LeaderElection.java:logAndReturn(56)) - c3d1d4b8-f513-489f-ad1a-d9e469eb6c8d@group-4FF8CA26B826-LeaderElection28: Election TIMEOUT; received 1 response(s) [c3d1d4b8-f513-489f-ad1a-d9e469eb6c8d<-9a96bff1-ea9f-4cea-8163-a3905a9e2704#0:FAIL-t5] and 0 exception(s); c3d1d4b8-f513-489f-ad1a-d9e469eb6c8d@group-4FF8CA26B826:t5, leader=null, voted=c3d1d4b8-f513-489f-ad1a-d9e469eb6c8d, raftlog=c3d1d4b8-f513-489f-ad1a-d9e469eb6c8d@group-4FF8CA26B826-SegmentedRaftLog:OPENED:c-1,f-1,i0, conf=-1: [c3d1d4b8-f513-489f-ad1a-d9e469eb6c8d:192.168.157.223:35769, 9a96bff1-ea9f-4cea-8163-a3905a9e2704:192.168.157.223:39495, fff7125c-610a-434d-b194-38800617abc4:192.168.157.223:34162], old=null
2019-10-17 21:54:43,903 [d6dfcdd7-fc6e-4b51-b91e-b64503dadc5e@group-F967393F7C93-LeaderElection25] INFO  impl.LeaderElection (LeaderElection.java:logAndReturn(56)) - d6dfcdd7-fc6e-4b51-b91e-b64503dadc5e@group-F967393F7C93-LeaderElection25: Election TIMEOUT; received 1 response(s) [d6dfcdd7-fc6e-4b51-b91e-b64503dadc5e<-da15dfee-23f0-4dc4-ad77-c00156c49cfa#0:FAIL-t9] and 0 exception(s); d6dfcdd7-fc6e-4b51-b91e-b64503dadc5e@group-F967393F7C93:t9, leader=null, voted=d6dfcdd7-fc6e-4b51-b91e-b64503dadc5e, raftlog=d6dfcdd7-fc6e-4b51-b91e-b64503dadc5e@group-F967393F7C93-SegmentedRaftLog:OPENED:c-1,f-1,i0, conf=-1: [08d4cbaa-ffed-4411-a5fd-c4a38026aead:192.168.157.223:33910, da15dfee-23f0-4dc4-ad77-c00156c49cfa:192.168.157.223:42172, d6dfcdd7-fc6e-4b51-b91e-b64503dadc5e:192.168.157.223:43575], old=null
2019-10-17 21:54:43,916 [d6dfcdd7-fc6e-4b51-b91e-b64503dadc5e@group-F967393F7C93-LeaderElection25] INFO  impl.LeaderElection (LeaderElection.java:askForVotes(178)) - d6dfcdd7-fc6e-4b51-b91e-b64503dadc5e@group-F967393F7C93-LeaderElection25: begin an election at term 10 for -1: [08d4cbaa-ffed-4411-a5fd-c4a38026aead:192.168.157.223:33910, da15dfee-23f0-4dc4-ad77-c00156c49cfa:192.168.157.223:42172, d6dfcdd7-fc6e-4b51-b91e-b64503dadc5e:192.168.157.223:43575], old=null
2019-10-17 21:54:43,916 [c3d1d4b8-f513-489f-ad1a-d9e469eb6c8d@group-4FF8CA26B826-LeaderElection28] INFO  impl.LeaderElection (LeaderElection.java:askForVotes(178)) - c3d1d4b8-f513-489f-ad1a-d9e469eb6c8d@group-4FF8CA26B826-LeaderElection28: begin an election at term 6 for -1: [c3d1d4b8-f513-489f-ad1a-d9e469eb6c8d:192.168.157.223:35769, 9a96bff1-ea9f-4cea-8163-a3905a9e2704:192.168.157.223:39495, fff7125c-610a-434d-b194-38800617abc4:192.168.157.223:34162], old=null
2019-10-17 21:54:43,939 [Thread-510] INFO  impl.FollowerState (FollowerState.java:run(108)) - de567563-d0dd-4cf2-91b7-f72627909699@group-3097D7458558-FollowerState: change to CANDIDATE, lastRpcTime:100ms, electionTimeout:98ms
2019-10-17 21:54:43,926 [9a96bff1-ea9f-4cea-8163-a3905a9e2704@group-4FF8CA26B826-LeaderElection27] INFO  impl.LeaderElection (LeaderElection.java:logAndReturn(56)) - 9a96bff1-ea9f-4cea-8163-a3905a9e2704@group-4FF8CA26B826-LeaderElection27: Election TIMEOUT; received 1 response(s) [9a96bff1-ea9f-4cea-8163-a3905a9e2704<-c3d1d4b8-f513-489f-ad1a-d9e469eb6c8d#0:FAIL-t5] and 0 exception(s); 9a96bff1-ea9f-4cea-8163-a3905a9e2704@group-4FF8CA26B826:t5, leader=null, voted=9a96bff1-ea9f-4cea-8163-a3905a9e2704, raftlog=9a96bff1-ea9f-4cea-8163-a3905a9e2704@group-4FF8CA26B826-SegmentedRaftLog:OPENED:c-1,f-1,i0, conf=-1: [c3d1d4b8-f513-489f-ad1a-d9e469eb6c8d:192.168.157.223:35769, 9a96bff1-ea9f-4cea-8163-a3905a9e2704:192.168.157.223:39495, fff7125c-610a-434d-b194-38800617abc4:192.168.157.223:34162], old=null
2019-10-17 21:54:43,922 [Thread-508] INFO  impl.FollowerState (FollowerState.java:run(108)) - 92c37ee0-6a4e-44d1-b217-daba3b24c095@group-3097D7458558-FollowerState: change to CANDIDATE, lastRpcTime:111ms, electionTimeout:111ms
2019-10-17 21:54:43,939 [Thread-510] INFO  impl.RoleInfo (RoleInfo.java:shutdownFollowerState(121)) - de567563-d0dd-4cf2-91b7-f72627909699: shutdown FollowerState
2019-10-17 21:54:43,939 [Thread-508] INFO  impl.RoleInfo (RoleInfo.java:shutdownFollowerState(121)) - 92c37ee0-6a4e-44d1-b217-daba3b24c095: shutdown FollowerState
2019-10-17 21:54:43,940 [Thread-510] INFO  impl.RaftServerImpl (RaftServerImpl.java:setRole(184)) - de567563-d0dd-4cf2-91b7-f72627909699@group-3097D7458558: changes role from  FOLLOWER to CANDIDATE at term 8 for changeToCandidate
2019-10-17 21:54:43,940 [Thread-508] INFO  impl.RaftServerImpl (RaftServerImpl.java:setRole(184)) - 92c37ee0-6a4e-44d1-b217-daba3b24c095@group-3097D7458558: changes role from  FOLLOWER to CANDIDATE at term 8 for changeToCandidate
2019-10-17 21:54:43,940 [Thread-510] INFO  impl.RoleInfo (RoleInfo.java:updateAndGet(143)) - de567563-d0dd-4cf2-91b7-f72627909699: start LeaderElection
2019-10-17 21:54:43,953 [9a96bff1-ea9f-4cea-8163-a3905a9e2704@group-4FF8CA26B826-LeaderElection27] INFO  impl.LeaderElection (LeaderElection.java:askForVotes(178)) - 9a96bff1-ea9f-4cea-8163-a3905a9e2704@group-4FF8CA26B826-LeaderElection27: begin an election at term 6 for -1: [c3d1d4b8-f513-489f-ad1a-d9e469eb6c8d:192.168.157.223:35769, 9a96bff1-ea9f-4cea-8163-a3905a9e2704:192.168.157.223:39495, fff7125c-610a-434d-b194-38800617abc4:192.168.157.223:34162], old=null
2019-10-17 21:54:43,966 [Thread-508] INFO  impl.RoleInfo (RoleInfo.java:updateAndGet(143)) - 92c37ee0-6a4e-44d1-b217-daba3b24c095: start LeaderElection
2019-10-17 21:54:43,973 [grpc-default-executor-4] INFO  impl.RaftServerImpl (RaftServerImpl.java:setRole(184)) - da15dfee-23f0-4dc4-ad77-c00156c49cfa@group-F967393F7C93: changes role from  FOLLOWER to FOLLOWER at term 10 for recognizeCandidate:d6dfcdd7-fc6e-4b51-b91e-b64503dadc5e
2019-10-17 21:54:43,973 [grpc-default-executor-4] INFO  impl.RoleInfo (RoleInfo.java:shutdownFollowerState(121)) - da15dfee-23f0-4dc4-ad77-c00156c49cfa: shutdown FollowerState
2019-10-17 21:54:43,981 [9a96bff1-ea9f-4cea-8163-a3905a9e2704@group-4FF8CA26B826-LeaderElection27] INFO  impl.LeaderElection (LeaderElection.java:logAndReturn(56)) - 9a96bff1-ea9f-4cea-8163-a3905a9e2704@group-4FF8CA26B826-LeaderElection27: Election TIMEOUT; received 0 response(s) [] and 0 exception(s); 9a96bff1-ea9f-4cea-8163-a3905a9e2704@group-4FF8CA26B826:t6, leader=null, voted=9a96bff1-ea9f-4cea-8163-a3905a9e2704, raftlog=9a96bff1-ea9f-4cea-8163-a3905a9e2704@group-4FF8CA26B826-SegmentedRaftLog:OPENED:c-1,f-1,i0, conf=-1: [c3d1d4b8-f513-489f-ad1a-d9e469eb6c8d:192.168.157.223:35769, 9a96bff1-ea9f-4cea-8163-a3905a9e2704:192.168.157.223:39495, fff7125c-610a-434d-b194-38800617abc4:192.168.157.223:34162], old=null
2019-10-17 21:54:43,985 [92c37ee0-6a4e-44d1-b217-daba3b24c095@group-3097D7458558-LeaderElection30] INFO  impl.LeaderElection (LeaderElection.java:askForVotes(178)) - 92c37ee0-6a4e-44d1-b217-daba3b24c095@group-3097D7458558-LeaderElection30: begin an election at term 9 for -1: [92c37ee0-6a4e-44d1-b217-daba3b24c095:192.168.157.223:35068, de567563-d0dd-4cf2-91b7-f72627909699:192.168.157.223:42420, db0af43e-c62e-4c1d-affa-ffdb4faae2f8:192.168.157.223:36633], old=null
2019-10-17 21:54:43,985 [de567563-d0dd-4cf2-91b7-f72627909699@group-3097D7458558-LeaderElection29] INFO  impl.LeaderElection (LeaderElection.java:askForVotes(178)) - de567563-d0dd-4cf2-91b7-f72627909699@group-3097D7458558-LeaderElection29: begin an election at term 9 for -1: [92c37ee0-6a4e-44d1-b217-daba3b24c095:192.168.157.223:35068, de567563-d0dd-4cf2-91b7-f72627909699:192.168.157.223:42420, db0af43e-c62e-4c1d-affa-ffdb4faae2f8:192.168.157.223:36633], old=null
2019-10-17 21:54:43,996 [Thread-509] INFO  impl.FollowerState (FollowerState.java:run(117)) - da15dfee-23f0-4dc4-ad77-c00156c49cfa@group-F967393F7C93-FollowerState was interrupted: java.lang.InterruptedException: sleep interrupted
2019-10-17 21:54:43,996 [grpc-default-executor-4] INFO  impl.RoleInfo (RoleInfo.java:updateAndGet(143)) - da15dfee-23f0-4dc4-ad77-c00156c49cfa: start FollowerState
2019-10-17 21:54:44,021 [de567563-d0dd-4cf2-91b7-f72627909699@group-3097D7458558-LeaderElection29] INFO  impl.LeaderElection (LeaderElection.java:logAndReturn(56)) - de567563-d0dd-4cf2-91b7-f72627909699@group-3097D7458558-LeaderElection29: Election TIMEOUT; received 0 response(s) [] and 0 exception(s); de567563-d0dd-4cf2-91b7-f72627909699@group-3097D7458558:t9, leader=null, voted=de567563-d0dd-4cf2-91b7-f72627909699, raftlog=de567563-d0dd-4cf2-91b7-f72627909699@group-3097D7458558-SegmentedRaftLog:OPENED:c-1,f-1,i0, conf=-1: [92c37ee0-6a4e-44d1-b217-daba3b24c095:192.168.157.223:35068, de567563-d0dd-4cf2-91b7-f72627909699:192.168.157.223:42420, db0af43e-c62e-4c1d-affa-ffdb4faae2f8:192.168.157.223:36633], old=null
2019-10-17 21:54:44,021 [9a96bff1-ea9f-4cea-8163-a3905a9e2704@group-4FF8CA26B826-LeaderElection27] INFO  impl.LeaderElection (LeaderElection.java:askForVotes(178)) - 9a96bff1-ea9f-4cea-8163-a3905a9e2704@group-4FF8CA26B826-LeaderElection27: begin an election at term 7 for -1: [c3d1d4b8-f513-489f-ad1a-d9e469eb6c8d:192.168.157.223:35769, 9a96bff1-ea9f-4cea-8163-a3905a9e2704:192.168.157.223:39495, fff7125c-610a-434d-b194-38800617abc4:192.168.157.223:34162], old=null
2019-10-17 21:54:44,022 [grpc-default-executor-5] INFO  impl.RaftServerImpl (RaftServerImpl.java:setRole(184)) - db0af43e-c62e-4c1d-affa-ffdb4faae2f8@group-3097D7458558: changes role from  FOLLOWER to FOLLOWER at term 9 for recognizeCandidate:92c37ee0-6a4e-44d1-b217-daba3b24c095
2019-10-17 21:54:44,022 [grpc-default-executor-5] INFO  impl.RoleInfo (RoleInfo.java:shutdownFollowerState(121)) - db0af43e-c62e-4c1d-affa-ffdb4faae2f8: shutdown FollowerState
2019-10-17 21:54:44,022 [grpc-default-executor-5] INFO  impl.RoleInfo (RoleInfo.java:updateAndGet(143)) - db0af43e-c62e-4c1d-affa-ffdb4faae2f8: start FollowerState
2019-10-17 21:54:44,022 [Thread-505] INFO  impl.FollowerState (FollowerState.java:run(117)) - db0af43e-c62e-4c1d-affa-ffdb4faae2f8@group-3097D7458558-FollowerState was interrupted: java.lang.InterruptedException: sleep interrupted
2019-10-17 21:54:44,025 [grpc-default-executor-10] INFO  impl.RaftServerImpl (RaftServerImpl.java:setRole(184)) - c3d1d4b8-f513-489f-ad1a-d9e469eb6c8d@group-4FF8CA26B826: changes role from CANDIDATE to FOLLOWER at term 7 for recognizeCandidate:9a96bff1-ea9f-4cea-8163-a3905a9e2704
2019-10-17 21:54:44,025 [grpc-default-executor-10] INFO  impl.RoleInfo (RoleInfo.java:shutdownLeaderElection(134)) - c3d1d4b8-f513-489f-ad1a-d9e469eb6c8d: shutdown LeaderElection
2019-10-17 21:54:44,025 [grpc-default-executor-10] INFO  impl.RoleInfo (RoleInfo.java:updateAndGet(143)) - c3d1d4b8-f513-489f-ad1a-d9e469eb6c8d: start FollowerState
2019-10-17 21:54:44,026 [Timer for 'StorageContainerManager' metrics system] INFO  lib.Interns (Interns.java:removeEldestEntry(50)) - Metrics intern cache overflow at 2011 for MetricsSystem={MetricsSystem=MetricsInfoImpl{name=MetricsSystem, description=MetricsSystem}, MetricsSystem record=MetricsInfoImpl{name=MetricsSystem, description=MetricsSystem record}}
2019-10-17 21:54:44,029 [fff7125c-610a-434d-b194-38800617abc4@group-4FF8CA26B826-LeaderElection24] INFO  server.RaftServerConfigKeys (ConfUtils.java:logGet(43)) - raft.server.log.appender.snapshot.chunk.size.max = 16MB (=16777216) (default)
2019-10-17 21:54:44,030 [fff7125c-610a-434d-b194-38800617abc4@group-4FF8CA26B826-LeaderElection24] INFO  server.RaftServerConfigKeys (ConfUtils.java:logGet(43)) - raft.server.log.appender.buffer.byte-limit = 33554432 (custom)
2019-10-17 21:54:44,030 [fff7125c-610a-434d-b194-38800617abc4@group-4FF8CA26B826-LeaderElection24] INFO  server.RaftServerConfigKeys (ConfUtils.java:logGet(43)) - raft.server.log.appender.buffer.element-limit = 1 (custom)
2019-10-17 21:54:44,030 [fff7125c-610a-434d-b194-38800617abc4@group-4FF8CA26B826-LeaderElection24] INFO  grpc.GrpcConfigKeys$Server (ConfUtils.java:logGet(43)) - raft.grpc.server.leader.outstanding.appends.max = 128 (default)
2019-10-17 21:54:44,030 [08d4cbaa-ffed-4411-a5fd-c4a38026aead@group-F967393F7C93-LeaderElection17] INFO  server.RaftServerConfigKeys (ConfUtils.java:logGet(43)) - raft.server.log.appender.snapshot.chunk.size.max = 16MB (=16777216) (default)
2019-10-17 21:54:44,030 [fff7125c-610a-434d-b194-38800617abc4@group-4FF8CA26B826-LeaderElection24] INFO  server.RaftServerConfigKeys (ConfUtils.java:logGet(43)) - raft.server.rpc.request.timeout = 3000ms (default)
2019-10-17 21:54:44,030 [08d4cbaa-ffed-4411-a5fd-c4a38026aead@group-F967393F7C93-LeaderElection17] INFO  server.RaftServerConfigKeys (ConfUtils.java:logGet(43)) - raft.server.log.appender.buffer.byte-limit = 33554432 (custom)
2019-10-17 21:54:44,030 [fff7125c-610a-434d-b194-38800617abc4@group-4FF8CA26B826-LeaderElection24] INFO  server.RaftServerConfigKeys (ConfUtils.java:logGet(43)) - raft.server.log.appender.install.snapshot.enabled = false (custom)
2019-10-17 21:54:44,030 [08d4cbaa-ffed-4411-a5fd-c4a38026aead@group-F967393F7C93-LeaderElection17] INFO  server.RaftServerConfigKeys (ConfUtils.java:logGet(43)) - raft.server.log.appender.buffer.element-limit = 1 (custom)
2019-10-17 21:54:44,031 [08d4cbaa-ffed-4411-a5fd-c4a38026aead@group-F967393F7C93-LeaderElection17] INFO  grpc.GrpcConfigKeys$Server (ConfUtils.java:logGet(43)) - raft.grpc.server.leader.outstanding.appends.max = 128 (default)
2019-10-17 21:54:44,031 [08d4cbaa-ffed-4411-a5fd-c4a38026aead@group-F967393F7C93-LeaderElection17] INFO  server.RaftServerConfigKeys (ConfUtils.java:logGet(43)) - raft.server.rpc.request.timeout = 3000ms (default)
2019-10-17 21:54:44,031 [08d4cbaa-ffed-4411-a5fd-c4a38026aead@group-F967393F7C93-LeaderElection17] INFO  server.RaftServerConfigKeys (ConfUtils.java:logGet(43)) - raft.server.log.appender.install.snapshot.enabled = false (custom)
2019-10-17 21:54:44,032 [fff7125c-610a-434d-b194-38800617abc4@group-4FF8CA26B826-LeaderElection24] INFO  server.RaftServerConfigKeys (ConfUtils.java:logGet(43)) - raft.server.log.appender.snapshot.chunk.size.max = 16MB (=16777216) (default)
2019-10-17 21:54:44,032 [fff7125c-610a-434d-b194-38800617abc4@group-4FF8CA26B826-LeaderElection24] INFO  server.RaftServerConfigKeys (ConfUtils.java:logGet(43)) - raft.server.log.appender.buffer.byte-limit = 33554432 (custom)
2019-10-17 21:54:44,032 [fff7125c-610a-434d-b194-38800617abc4@group-4FF8CA26B826-LeaderElection24] INFO  server.RaftServerConfigKeys (ConfUtils.java:logGet(43)) - raft.server.log.appender.buffer.element-limit = 1 (custom)
2019-10-17 21:54:44,032 [fff7125c-610a-434d-b194-38800617abc4@group-4FF8CA26B826-LeaderElection24] INFO  grpc.GrpcConfigKeys$Server (ConfUtils.java:logGet(43)) - raft.grpc.server.leader.outstanding.appends.max = 128 (default)
2019-10-17 21:54:44,033 [fff7125c-610a-434d-b194-38800617abc4@group-4FF8CA26B826-LeaderElection24] INFO  server.RaftServerConfigKeys (ConfUtils.java:logGet(43)) - raft.server.rpc.request.timeout = 3000ms (default)
2019-10-17 21:54:44,033 [fff7125c-610a-434d-b194-38800617abc4@group-4FF8CA26B826-LeaderElection24] INFO  server.RaftServerConfigKeys (ConfUtils.java:logGet(43)) - raft.server.log.appender.install.snapshot.enabled = false (custom)
2019-10-17 21:54:44,033 [08d4cbaa-ffed-4411-a5fd-c4a38026aead@group-F967393F7C93-LeaderElection17] INFO  server.RaftServerConfigKeys (ConfUtils.java:logGet(43)) - raft.server.log.appender.snapshot.chunk.size.max = 16MB (=16777216) (default)
2019-10-17 21:54:44,033 [08d4cbaa-ffed-4411-a5fd-c4a38026aead@group-F967393F7C93-LeaderElection17] INFO  server.RaftServerConfigKeys (ConfUtils.java:logGet(43)) - raft.server.log.appender.buffer.byte-limit = 33554432 (custom)
2019-10-17 21:54:44,033 [08d4cbaa-ffed-4411-a5fd-c4a38026aead@group-F967393F7C93-LeaderElection17] INFO  server.RaftServerConfigKeys (ConfUtils.java:logGet(43)) - raft.server.log.appender.buffer.element-limit = 1 (custom)
2019-10-17 21:54:44,033 [08d4cbaa-ffed-4411-a5fd-c4a38026aead@group-F967393F7C93-LeaderElection17] INFO  grpc.GrpcConfigKeys$Server (ConfUtils.java:logGet(43)) - raft.grpc.server.leader.outstanding.appends.max = 128 (default)
2019-10-17 21:54:44,033 [08d4cbaa-ffed-4411-a5fd-c4a38026aead@group-F967393F7C93-LeaderElection17] INFO  server.RaftServerConfigKeys (ConfUtils.java:logGet(43)) - raft.server.rpc.request.timeout = 3000ms (default)
2019-10-17 21:54:44,033 [08d4cbaa-ffed-4411-a5fd-c4a38026aead@group-F967393F7C93-LeaderElection17] INFO  server.RaftServerConfigKeys (ConfUtils.java:logGet(43)) - raft.server.log.appender.install.snapshot.enabled = false (custom)
2019-10-17 21:54:44,034 [fff7125c-610a-434d-b194-38800617abc4@group-4FF8CA26B826-LeaderElection24] INFO  impl.RoleInfo (RoleInfo.java:updateAndGet(143)) - fff7125c-610a-434d-b194-38800617abc4: start LeaderState
2019-10-17 21:54:44,034 [fff7125c-610a-434d-b194-38800617abc4@group-4FF8CA26B826-LeaderElection24] INFO  segmented.SegmentedRaftLogWorker (SegmentedRaftLogWorker.java:startLogSegment(385)) - fff7125c-610a-434d-b194-38800617abc4@group-4FF8CA26B826-SegmentedRaftLogWorker: Starting segment from index:0
2019-10-17 21:54:44,035 [fff7125c-610a-434d-b194-38800617abc4@group-4FF8CA26B826-LeaderElection24] INFO  impl.RaftServerImpl (ServerState.java:setRaftConf(357)) - fff7125c-610a-434d-b194-38800617abc4@group-4FF8CA26B826: set configuration 0: [c3d1d4b8-f513-489f-ad1a-d9e469eb6c8d:192.168.157.223:35769, 9a96bff1-ea9f-4cea-8163-a3905a9e2704:192.168.157.223:39495, fff7125c-610a-434d-b194-38800617abc4:192.168.157.223:34162], old=null at 0
2019-10-17 21:54:44,035 [08d4cbaa-ffed-4411-a5fd-c4a38026aead@group-F967393F7C93-LeaderElection17] INFO  impl.RoleInfo (RoleInfo.java:updateAndGet(143)) - 08d4cbaa-ffed-4411-a5fd-c4a38026aead: start LeaderState
2019-10-17 21:54:44,036 [grpc-default-executor-11] INFO  impl.RaftServerImpl (ServerState.java:setLeader(256)) - fff7125c-610a-434d-b194-38800617abc4@group-4FF8CA26B826: change Leader from fff7125c-610a-434d-b194-38800617abc4 to null at term 7 for updateCurrentTerm
2019-10-17 21:54:44,036 [08d4cbaa-ffed-4411-a5fd-c4a38026aead@group-F967393F7C93-LeaderElection17] INFO  segmented.SegmentedRaftLogWorker (SegmentedRaftLogWorker.java:startLogSegment(385)) - 08d4cbaa-ffed-4411-a5fd-c4a38026aead@group-F967393F7C93-SegmentedRaftLogWorker: Starting segment from index:0
2019-10-17 21:54:44,036 [de567563-d0dd-4cf2-91b7-f72627909699@group-3097D7458558-LeaderElection29] INFO  impl.LeaderElection (LeaderElection.java:askForVotes(178)) - de567563-d0dd-4cf2-91b7-f72627909699@group-3097D7458558-LeaderElection29: begin an election at term 10 for -1: [92c37ee0-6a4e-44d1-b217-daba3b24c095:192.168.157.223:35068, de567563-d0dd-4cf2-91b7-f72627909699:192.168.157.223:42420, db0af43e-c62e-4c1d-affa-ffdb4faae2f8:192.168.157.223:36633], old=null
2019-10-17 21:54:44,036 [grpc-default-executor-11] INFO  impl.RaftServerImpl (RaftServerImpl.java:setRole(184)) - fff7125c-610a-434d-b194-38800617abc4@group-4FF8CA26B826: changes role from    LEADER to FOLLOWER at term 7 for recognizeCandidate:9a96bff1-ea9f-4cea-8163-a3905a9e2704
2019-10-17 21:54:44,036 [grpc-default-executor-4] INFO  impl.RaftServerImpl (RaftServerImpl.java:setRole(184)) - db0af43e-c62e-4c1d-affa-ffdb4faae2f8@group-3097D7458558: changes role from  FOLLOWER to FOLLOWER at term 9 for recognizeCandidate:de567563-d0dd-4cf2-91b7-f72627909699
2019-10-17 21:54:44,036 [grpc-default-executor-11] INFO  impl.RoleInfo (RoleInfo.java:shutdownLeaderState(104)) - fff7125c-610a-434d-b194-38800617abc4: shutdown LeaderState
2019-10-17 21:54:44,036 [grpc-default-executor-4] INFO  impl.RoleInfo (RoleInfo.java:shutdownFollowerState(121)) - db0af43e-c62e-4c1d-affa-ffdb4faae2f8: shutdown FollowerState
2019-10-17 21:54:44,078 [c3d1d4b8-f513-489f-ad1a-d9e469eb6c8d@group-4FF8CA26B826-LeaderElection28] INFO  impl.LeaderElection (LeaderElection.java:logAndReturn(56)) - c3d1d4b8-f513-489f-ad1a-d9e469eb6c8d@group-4FF8CA26B826-LeaderElection28: Election REJECTED; received 1 response(s) [c3d1d4b8-f513-489f-ad1a-d9e469eb6c8d<-9a96bff1-ea9f-4cea-8163-a3905a9e2704#0:FAIL-t6] and 0 exception(s); c3d1d4b8-f513-489f-ad1a-d9e469eb6c8d@group-4FF8CA26B826:t7, leader=null, voted=null, raftlog=c3d1d4b8-f513-489f-ad1a-d9e469eb6c8d@group-4FF8CA26B826-SegmentedRaftLog:OPENED:c-1,f-1,i0, conf=-1: [c3d1d4b8-f513-489f-ad1a-d9e469eb6c8d:192.168.157.223:35769, 9a96bff1-ea9f-4cea-8163-a3905a9e2704:192.168.157.223:39495, fff7125c-610a-434d-b194-38800617abc4:192.168.157.223:34162], old=null
2019-10-17 21:54:44,078 [d6dfcdd7-fc6e-4b51-b91e-b64503dadc5e@group-F967393F7C93-LeaderElection25] INFO  impl.LeaderElection (LeaderElection.java:logAndReturn(56)) - d6dfcdd7-fc6e-4b51-b91e-b64503dadc5e@group-F967393F7C93-LeaderElection25: Election TIMEOUT; received 1 response(s) [d6dfcdd7-fc6e-4b51-b91e-b64503dadc5e<-da15dfee-23f0-4dc4-ad77-c00156c49cfa#0:FAIL-t10] and 0 exception(s); d6dfcdd7-fc6e-4b51-b91e-b64503dadc5e@group-F967393F7C93:t10, leader=null, voted=d6dfcdd7-fc6e-4b51-b91e-b64503dadc5e, raftlog=d6dfcdd7-fc6e-4b51-b91e-b64503dadc5e@group-F967393F7C93-SegmentedRaftLog:OPENED:c-1,f-1,i0, conf=-1: [08d4cbaa-ffed-4411-a5fd-c4a38026aead:192.168.157.223:33910, da15dfee-23f0-4dc4-ad77-c00156c49cfa:192.168.157.223:42172, d6dfcdd7-fc6e-4b51-b91e-b64503dadc5e:192.168.157.223:43575], old=null
2019-10-17 21:54:44,078 [grpc-default-executor-11] INFO  impl.PendingRequests (PendingRequests.java:sendNotLeaderResponses(202)) - fff7125c-610a-434d-b194-38800617abc4@group-4FF8CA26B826-PendingRequests: sendNotLeaderResponses
2019-10-17 21:54:44,079 [org.apache.ratis.server.impl.LogAppender$AppenderDaemon$$Lambda$456/2008494382@623df0ee] WARN  server.GrpcLogAppender (GrpcLogAppender.java:mayWait(149)) - fff7125c-610a-434d-b194-38800617abc4@group-4FF8CA26B826->9a96bff1-ea9f-4cea-8163-a3905a9e2704-GrpcLogAppender: Wait interrupted by java.lang.InterruptedException
2019-10-17 21:54:44,079 [08d4cbaa-ffed-4411-a5fd-c4a38026aead@group-F967393F7C93-LeaderElection17] INFO  impl.RaftServerImpl (ServerState.java:setRaftConf(357)) - 08d4cbaa-ffed-4411-a5fd-c4a38026aead@group-F967393F7C93: set configuration 0: [08d4cbaa-ffed-4411-a5fd-c4a38026aead:192.168.157.223:33910, da15dfee-23f0-4dc4-ad77-c00156c49cfa:192.168.157.223:42172, d6dfcdd7-fc6e-4b51-b91e-b64503dadc5e:192.168.157.223:43575], old=null at 0
2019-10-17 21:54:44,078 [Thread-526] INFO  impl.FollowerState (FollowerState.java:run(117)) - db0af43e-c62e-4c1d-affa-ffdb4faae2f8@group-3097D7458558-FollowerState was interrupted: java.lang.InterruptedException: sleep interrupted
2019-10-17 21:54:44,078 [grpc-default-executor-4] INFO  impl.RoleInfo (RoleInfo.java:updateAndGet(143)) - db0af43e-c62e-4c1d-affa-ffdb4faae2f8: start FollowerState
2019-10-17 21:54:44,080 [92c37ee0-6a4e-44d1-b217-daba3b24c095@group-3097D7458558-LeaderElection30] INFO  impl.LeaderElection (LeaderElection.java:logAndReturn(56)) - 92c37ee0-6a4e-44d1-b217-daba3b24c095@group-3097D7458558-LeaderElection30: Election DISCOVERED_A_NEW_TERM; received 2 response(s) [92c37ee0-6a4e-44d1-b217-daba3b24c095<-de567563-d0dd-4cf2-91b7-f72627909699#0:FAIL-t10, 92c37ee0-6a4e-44d1-b217-daba3b24c095<-db0af43e-c62e-4c1d-affa-ffdb4faae2f8#0:FAIL-t9] and 0 exception(s); 92c37ee0-6a4e-44d1-b217-daba3b24c095@group-3097D7458558:t9, leader=null, voted=92c37ee0-6a4e-44d1-b217-daba3b24c095, raftlog=92c37ee0-6a4e-44d1-b217-daba3b24c095@group-3097D7458558-SegmentedRaftLog:OPENED:c-1,f-1,i0, conf=-1: [92c37ee0-6a4e-44d1-b217-daba3b24c095:192.168.157.223:35068, de567563-d0dd-4cf2-91b7-f72627909699:192.168.157.223:42420, db0af43e-c62e-4c1d-affa-ffdb4faae2f8:192.168.157.223:36633], old=null
2019-10-17 21:54:44,080 [grpc-default-executor-0] INFO  impl.RaftServerImpl (ServerState.java:setLeader(256)) - 08d4cbaa-ffed-4411-a5fd-c4a38026aead@group-F967393F7C93: change Leader from 08d4cbaa-ffed-4411-a5fd-c4a38026aead to null at term 10 for updateCurrentTerm
2019-10-17 21:54:44,079 [org.apache.ratis.server.impl.LogAppender$AppenderDaemon$$Lambda$456/2008494382@5324e021] WARN  server.GrpcLogAppender (GrpcLogAppender.java:mayWait(149)) - fff7125c-610a-434d-b194-38800617abc4@group-4FF8CA26B826->c3d1d4b8-f513-489f-ad1a-d9e469eb6c8d-GrpcLogAppender: Wait interrupted by java.lang.InterruptedException
2019-10-17 21:54:44,079 [grpc-default-executor-11] INFO  impl.RoleInfo (RoleInfo.java:updateAndGet(143)) - fff7125c-610a-434d-b194-38800617abc4: start FollowerState
2019-10-17 21:54:44,080 [grpc-default-executor-0] INFO  impl.RaftServerImpl (RaftServerImpl.java:setRole(184)) - 08d4cbaa-ffed-4411-a5fd-c4a38026aead@group-F967393F7C93: changes role from    LEADER to FOLLOWER at term 10 for recognizeCandidate:d6dfcdd7-fc6e-4b51-b91e-b64503dadc5e
2019-10-17 21:54:44,080 [92c37ee0-6a4e-44d1-b217-daba3b24c095@group-3097D7458558-LeaderElection30] INFO  impl.RaftServerImpl (RaftServerImpl.java:setRole(184)) - 92c37ee0-6a4e-44d1-b217-daba3b24c095@group-3097D7458558: changes role from CANDIDATE to FOLLOWER at term 10 for DISCOVERED_A_NEW_TERM
2019-10-17 21:54:44,081 [grpc-default-executor-0] INFO  impl.RoleInfo (RoleInfo.java:shutdownLeaderState(104)) - 08d4cbaa-ffed-4411-a5fd-c4a38026aead: shutdown LeaderState
2019-10-17 21:54:44,081 [92c37ee0-6a4e-44d1-b217-daba3b24c095@group-3097D7458558-LeaderElection30] INFO  impl.RoleInfo (RoleInfo.java:shutdownLeaderElection(134)) - 92c37ee0-6a4e-44d1-b217-daba3b24c095: shutdown LeaderElection
2019-10-17 21:54:44,086 [org.apache.ratis.server.impl.LogAppender$AppenderDaemon$$Lambda$456/2008494382@42cdbd2b] WARN  server.GrpcLogAppender (GrpcLogAppender.java:mayWait(149)) - 08d4cbaa-ffed-4411-a5fd-c4a38026aead@group-F967393F7C93->da15dfee-23f0-4dc4-ad77-c00156c49cfa-GrpcLogAppender: Wait interrupted by java.lang.InterruptedException
2019-10-17 21:54:44,086 [grpc-default-executor-0] INFO  impl.PendingRequests (PendingRequests.java:sendNotLeaderResponses(202)) - 08d4cbaa-ffed-4411-a5fd-c4a38026aead@group-F967393F7C93-PendingRequests: sendNotLeaderResponses
2019-10-17 21:54:44,086 [org.apache.ratis.server.impl.LogAppender$AppenderDaemon$$Lambda$456/2008494382@642b723f] WARN  server.GrpcLogAppender (GrpcLogAppender.java:mayWait(149)) - 08d4cbaa-ffed-4411-a5fd-c4a38026aead@group-F967393F7C93->d6dfcdd7-fc6e-4b51-b91e-b64503dadc5e-GrpcLogAppender: Wait interrupted by java.lang.InterruptedException
2019-10-17 21:54:44,087 [grpc-default-executor-0] INFO  impl.RoleInfo (RoleInfo.java:updateAndGet(143)) - 08d4cbaa-ffed-4411-a5fd-c4a38026aead: start FollowerState
2019-10-17 21:54:44,087 [92c37ee0-6a4e-44d1-b217-daba3b24c095@group-3097D7458558-LeaderElection30] INFO  impl.RoleInfo (RoleInfo.java:updateAndGet(143)) - 92c37ee0-6a4e-44d1-b217-daba3b24c095: start FollowerState
2019-10-17 21:54:44,088 [grpc-default-executor-4] INFO  impl.RaftServerImpl (RaftServerImpl.java:setRole(184)) - db0af43e-c62e-4c1d-affa-ffdb4faae2f8@group-3097D7458558: changes role from  FOLLOWER to FOLLOWER at term 10 for recognizeCandidate:de567563-d0dd-4cf2-91b7-f72627909699
2019-10-17 21:54:44,088 [grpc-default-executor-4] INFO  impl.RoleInfo (RoleInfo.java:shutdownFollowerState(121)) - db0af43e-c62e-4c1d-affa-ffdb4faae2f8: shutdown FollowerState
2019-10-17 21:54:44,088 [grpc-default-executor-13] INFO  server.GrpcServerProtocolService (GrpcServerProtocolService.java:onCompleted(113)) - c3d1d4b8-f513-489f-ad1a-d9e469eb6c8d: Completed APPEND_ENTRIES, lastRequest: fff7125c-610a-434d-b194-38800617abc4->c3d1d4b8-f513-489f-ad1a-d9e469eb6c8d#0-t4, previous=(t:0, i:0), leaderCommit=-1, initializing? false, entries: <empty>
2019-10-17 21:54:44,088 [grpc-default-executor-4] INFO  impl.RoleInfo (RoleInfo.java:updateAndGet(143)) - db0af43e-c62e-4c1d-affa-ffdb4faae2f8: start FollowerState
2019-10-17 21:54:44,088 [Thread-533] INFO  impl.FollowerState (FollowerState.java:run(117)) - db0af43e-c62e-4c1d-affa-ffdb4faae2f8@group-3097D7458558-FollowerState was interrupted: java.lang.InterruptedException: sleep interrupted
2019-10-17 21:54:44,094 [08d4cbaa-ffed-4411-a5fd-c4a38026aead@group-F967393F7C93-SegmentedRaftLogWorker] INFO  segmented.SegmentedRaftLogWorker (SegmentedRaftLogWorker.java:execute(576)) - 08d4cbaa-ffed-4411-a5fd-c4a38026aead@group-F967393F7C93-SegmentedRaftLogWorker: created new log segment /workdir/hadoop-ozone/integration-test/target/test-dir/MiniOzoneClusterImpl-8354d78d-dcd0-455c-bdef-cdb54255caab/datanode-0/data/ratis/ff2c67d1-d198-49b1-9fd4-f967393f7c93/current/log_inprogress_0
2019-10-17 21:54:44,094 [fff7125c-610a-434d-b194-38800617abc4@group-4FF8CA26B826-SegmentedRaftLogWorker] INFO  segmented.SegmentedRaftLogWorker (SegmentedRaftLogWorker.java:execute(576)) - fff7125c-610a-434d-b194-38800617abc4@group-4FF8CA26B826-SegmentedRaftLogWorker: created new log segment /workdir/hadoop-ozone/integration-test/target/test-dir/MiniOzoneClusterImpl-8354d78d-dcd0-455c-bdef-cdb54255caab/datanode-6/data/ratis/e919e467-9e8c-41dd-b4c7-4ff8ca26b826/current/log_inprogress_0
2019-10-17 21:54:44,094 [grpc-default-executor-10] INFO  impl.RaftServerImpl (RaftServerImpl.java:setRole(184)) - 92c37ee0-6a4e-44d1-b217-daba3b24c095@group-3097D7458558: changes role from  FOLLOWER to FOLLOWER at term 10 for recognizeCandidate:de567563-d0dd-4cf2-91b7-f72627909699
2019-10-17 21:54:44,094 [d6dfcdd7-fc6e-4b51-b91e-b64503dadc5e@group-F967393F7C93-LeaderElection25] INFO  impl.LeaderElection (LeaderElection.java:askForVotes(178)) - d6dfcdd7-fc6e-4b51-b91e-b64503dadc5e@group-F967393F7C93-LeaderElection25: begin an election at term 11 for -1: [08d4cbaa-ffed-4411-a5fd-c4a38026aead:192.168.157.223:33910, da15dfee-23f0-4dc4-ad77-c00156c49cfa:192.168.157.223:42172, d6dfcdd7-fc6e-4b51-b91e-b64503dadc5e:192.168.157.223:43575], old=null
2019-10-17 21:54:44,094 [grpc-default-executor-10] INFO  impl.RoleInfo (RoleInfo.java:shutdownFollowerState(121)) - 92c37ee0-6a4e-44d1-b217-daba3b24c095: shutdown FollowerState
2019-10-17 21:54:44,094 [grpc-default-executor-10] INFO  impl.RoleInfo (RoleInfo.java:updateAndGet(143)) - 92c37ee0-6a4e-44d1-b217-daba3b24c095: start FollowerState
2019-10-17 21:54:44,094 [grpc-default-executor-1] INFO  server.GrpcLogAppender (GrpcLogAppender.java:onCompleted(308)) - fff7125c-610a-434d-b194-38800617abc4@group-4FF8CA26B826->c3d1d4b8-f513-489f-ad1a-d9e469eb6c8d-AppendLogResponseHandler: follower responses appendEntries COMPLETED
2019-10-17 21:54:44,094 [Thread-540] INFO  impl.FollowerState (FollowerState.java:run(117)) - 92c37ee0-6a4e-44d1-b217-daba3b24c095@group-3097D7458558-FollowerState was interrupted: java.lang.InterruptedException: sleep interrupted
2019-10-17 21:54:44,098 [grpc-default-executor-1] INFO  impl.FollowerInfo (FollowerInfo.java:lambda$new$0(51)) - fff7125c-610a-434d-b194-38800617abc4@group-4FF8CA26B826->c3d1d4b8-f513-489f-ad1a-d9e469eb6c8d: nextIndex: updateUnconditionally 0 -> 0
2019-10-17 21:54:44,100 [grpc-default-executor-12] INFO  server.GrpcServerProtocolService (GrpcServerProtocolService.java:onCompleted(113)) - da15dfee-23f0-4dc4-ad77-c00156c49cfa: Completed APPEND_ENTRIES, lastRequest: 08d4cbaa-ffed-4411-a5fd-c4a38026aead->da15dfee-23f0-4dc4-ad77-c00156c49cfa#0-t7, previous=(t:0, i:0), leaderCommit=-1, initializing? false, entries: <empty>
2019-10-17 21:54:44,100 [9a96bff1-ea9f-4cea-8163-a3905a9e2704@group-4FF8CA26B826-LeaderElection27] INFO  impl.LeaderElection (LeaderElection.java:logAndReturn(56)) - 9a96bff1-ea9f-4cea-8163-a3905a9e2704@group-4FF8CA26B826-LeaderElection27: Election REJECTED; received 2 response(s) [9a96bff1-ea9f-4cea-8163-a3905a9e2704<-c3d1d4b8-f513-489f-ad1a-d9e469eb6c8d#0:FAIL-t7, 9a96bff1-ea9f-4cea-8163-a3905a9e2704<-fff7125c-610a-434d-b194-38800617abc4#0:FAIL-t7] and 0 exception(s); 9a96bff1-ea9f-4cea-8163-a3905a9e2704@group-4FF8CA26B826:t7, leader=null, voted=9a96bff1-ea9f-4cea-8163-a3905a9e2704, raftlog=9a96bff1-ea9f-4cea-8163-a3905a9e2704@group-4FF8CA26B826-SegmentedRaftLog:OPENED:c-1,f-1,i0, conf=-1: [c3d1d4b8-f513-489f-ad1a-d9e469eb6c8d:192.168.157.223:35769, 9a96bff1-ea9f-4cea-8163-a3905a9e2704:192.168.157.223:39495, fff7125c-610a-434d-b194-38800617abc4:192.168.157.223:34162], old=null
2019-10-17 21:54:44,100 [9a96bff1-ea9f-4cea-8163-a3905a9e2704@group-4FF8CA26B826-LeaderElection27] INFO  impl.RaftServerImpl (RaftServerImpl.java:setRole(184)) - 9a96bff1-ea9f-4cea-8163-a3905a9e2704@group-4FF8CA26B826: changes role from CANDIDATE to FOLLOWER at term 7 for DISCOVERED_A_NEW_TERM
2019-10-17 21:54:44,100 [9a96bff1-ea9f-4cea-8163-a3905a9e2704@group-4FF8CA26B826-LeaderElection27] INFO  impl.RoleInfo (RoleInfo.java:shutdownLeaderElection(134)) - 9a96bff1-ea9f-4cea-8163-a3905a9e2704: shutdown LeaderElection
2019-10-17 21:54:44,100 [grpc-default-executor-12] INFO  impl.RaftServerImpl (RaftServerImpl.java:setRole(184)) - 08d4cbaa-ffed-4411-a5fd-c4a38026aead@group-F967393F7C93: changes role from  FOLLOWER to FOLLOWER at term 11 for recognizeCandidate:d6dfcdd7-fc6e-4b51-b91e-b64503dadc5e
2019-10-17 21:54:44,100 [grpc-default-executor-1] INFO  server.GrpcServerProtocolService (GrpcServerProtocolService.java:onCompleted(113)) - d6dfcdd7-fc6e-4b51-b91e-b64503dadc5e: Completed APPEND_ENTRIES, lastRequest: 08d4cbaa-ffed-4411-a5fd-c4a38026aead->d6dfcdd7-fc6e-4b51-b91e-b64503dadc5e#0-t7, previous=(t:0, i:0), leaderCommit=-1, initializing? false, entries: <empty>
2019-10-17 21:54:44,100 [9a96bff1-ea9f-4cea-8163-a3905a9e2704@group-4FF8CA26B826-LeaderElection27] INFO  impl.RoleInfo (RoleInfo.java:updateAndGet(143)) - 9a96bff1-ea9f-4cea-8163-a3905a9e2704: start FollowerState
2019-10-17 21:54:44,100 [grpc-default-executor-12] INFO  impl.RoleInfo (RoleInfo.java:shutdownFollowerState(121)) - 08d4cbaa-ffed-4411-a5fd-c4a38026aead: shutdown FollowerState
2019-10-17 21:54:44,101 [grpc-default-executor-12] INFO  impl.RoleInfo (RoleInfo.java:updateAndGet(143)) - 08d4cbaa-ffed-4411-a5fd-c4a38026aead: start FollowerState
2019-10-17 21:54:44,101 [Thread-541] INFO  impl.FollowerState (FollowerState.java:run(117)) - 08d4cbaa-ffed-4411-a5fd-c4a38026aead@group-F967393F7C93-FollowerState was interrupted: java.lang.InterruptedException: sleep interrupted
2019-10-17 21:54:44,101 [grpc-default-executor-1] INFO  server.GrpcServerProtocolService (GrpcServerProtocolService.java:onCompleted(113)) - 9a96bff1-ea9f-4cea-8163-a3905a9e2704: Completed APPEND_ENTRIES, lastRequest: fff7125c-610a-434d-b194-38800617abc4->9a96bff1-ea9f-4cea-8163-a3905a9e2704#0-t4, previous=(t:0, i:0), leaderCommit=-1, initializing? false, entries: <empty>
2019-10-17 21:54:44,104 [grpc-default-executor-6] INFO  server.GrpcLogAppender (GrpcLogAppender.java:onCompleted(308)) - fff7125c-610a-434d-b194-38800617abc4@group-4FF8CA26B826->9a96bff1-ea9f-4cea-8163-a3905a9e2704-AppendLogResponseHandler: follower responses appendEntries COMPLETED
2019-10-17 21:54:44,104 [grpc-default-executor-9] INFO  impl.RaftServerImpl (RaftServerImpl.java:setRole(184)) - da15dfee-23f0-4dc4-ad77-c00156c49cfa@group-F967393F7C93: changes role from  FOLLOWER to FOLLOWER at term 11 for recognizeCandidate:d6dfcdd7-fc6e-4b51-b91e-b64503dadc5e
2019-10-17 21:54:44,106 [grpc-default-executor-9] INFO  impl.RoleInfo (RoleInfo.java:shutdownFollowerState(121)) - da15dfee-23f0-4dc4-ad77-c00156c49cfa: shutdown FollowerState
2019-10-17 21:54:44,107 [grpc-default-executor-9] INFO  impl.RoleInfo (RoleInfo.java:updateAndGet(143)) - da15dfee-23f0-4dc4-ad77-c00156c49cfa: start FollowerState
2019-10-17 21:54:44,107 [Thread-523] INFO  impl.FollowerState (FollowerState.java:run(117)) - da15dfee-23f0-4dc4-ad77-c00156c49cfa@group-F967393F7C93-FollowerState was interrupted: java.lang.InterruptedException: sleep interrupted
2019-10-17 21:54:44,112 [grpc-default-executor-6] INFO  impl.FollowerInfo (FollowerInfo.java:lambda$new$0(51)) - fff7125c-610a-434d-b194-38800617abc4@group-4FF8CA26B826->9a96bff1-ea9f-4cea-8163-a3905a9e2704: nextIndex: updateUnconditionally 0 -> 0
2019-10-17 21:54:44,112 [grpc-default-executor-11] INFO  server.GrpcLogAppender (GrpcLogAppender.java:onCompleted(308)) - 08d4cbaa-ffed-4411-a5fd-c4a38026aead@group-F967393F7C93->d6dfcdd7-fc6e-4b51-b91e-b64503dadc5e-AppendLogResponseHandler: follower responses appendEntries COMPLETED
2019-10-17 21:54:44,112 [grpc-default-executor-1] INFO  server.GrpcLogAppender (GrpcLogAppender.java:onCompleted(308)) - 08d4cbaa-ffed-4411-a5fd-c4a38026aead@group-F967393F7C93->da15dfee-23f0-4dc4-ad77-c00156c49cfa-AppendLogResponseHandler: follower responses appendEntries COMPLETED
2019-10-17 21:54:44,115 [de567563-d0dd-4cf2-91b7-f72627909699@group-3097D7458558-LeaderElection29] INFO  impl.LeaderElection (LeaderElection.java:logAndReturn(56)) - de567563-d0dd-4cf2-91b7-f72627909699@group-3097D7458558-LeaderElection29: Election PASSED; received 1 response(s) [de567563-d0dd-4cf2-91b7-f72627909699<-92c37ee0-6a4e-44d1-b217-daba3b24c095#0:OK-t10] and 0 exception(s); de567563-d0dd-4cf2-91b7-f72627909699@group-3097D7458558:t10, leader=null, voted=de567563-d0dd-4cf2-91b7-f72627909699, raftlog=de567563-d0dd-4cf2-91b7-f72627909699@group-3097D7458558-SegmentedRaftLog:OPENED:c-1,f-1,i0, conf=-1: [92c37ee0-6a4e-44d1-b217-daba3b24c095:192.168.157.223:35068, de567563-d0dd-4cf2-91b7-f72627909699:192.168.157.223:42420, db0af43e-c62e-4c1d-affa-ffdb4faae2f8:192.168.157.223:36633], old=null
2019-10-17 21:54:44,115 [de567563-d0dd-4cf2-91b7-f72627909699@group-3097D7458558-LeaderElection29] INFO  impl.RoleInfo (RoleInfo.java:shutdownLeaderElection(134)) - de567563-d0dd-4cf2-91b7-f72627909699: shutdown LeaderElection
2019-10-17 21:54:44,115 [grpc-default-executor-11] INFO  impl.FollowerInfo (FollowerInfo.java:lambda$new$0(51)) - 08d4cbaa-ffed-4411-a5fd-c4a38026aead@group-F967393F7C93->d6dfcdd7-fc6e-4b51-b91e-b64503dadc5e: nextIndex: updateUnconditionally 0 -> 0
2019-10-17 21:54:44,116 [de567563-d0dd-4cf2-91b7-f72627909699@group-3097D7458558-LeaderElection29] INFO  impl.RaftServerImpl (RaftServerImpl.java:setRole(184)) - de567563-d0dd-4cf2-91b7-f72627909699@group-3097D7458558: changes role from CANDIDATE to LEADER at term 10 for changeToLeader
2019-10-17 21:54:44,118 [de567563-d0dd-4cf2-91b7-f72627909699@group-3097D7458558-LeaderElection29] INFO  impl.RaftServerImpl (ServerState.java:setLeader(256)) - de567563-d0dd-4cf2-91b7-f72627909699@group-3097D7458558: change Leader from null to de567563-d0dd-4cf2-91b7-f72627909699 at term 10 for becomeLeader, leader elected after 1749ms
2019-10-17 21:54:44,118 [grpc-default-executor-1] INFO  impl.FollowerInfo (FollowerInfo.java:lambda$new$0(51)) - 08d4cbaa-ffed-4411-a5fd-c4a38026aead@group-F967393F7C93->da15dfee-23f0-4dc4-ad77-c00156c49cfa: nextIndex: updateUnconditionally 0 -> 0
2019-10-17 21:54:44,118 [de567563-d0dd-4cf2-91b7-f72627909699@group-3097D7458558-LeaderElection29] INFO  server.RaftServerConfigKeys (ConfUtils.java:logGet(43)) - raft.server.staging.catchup.gap = 1000 (default)
2019-10-17 21:54:44,118 [de567563-d0dd-4cf2-91b7-f72627909699@group-3097D7458558-LeaderElection29] INFO  server.RaftServerConfigKeys (ConfUtils.java:logGet(43)) - raft.server.rpc.sleep.time = 25ms (default)
2019-10-17 21:54:44,119 [de567563-d0dd-4cf2-91b7-f72627909699@group-3097D7458558-LeaderElection29] INFO  server.RaftServerConfigKeys (ConfUtils.java:logGet(43)) - raft.server.write.element-limit = 4096 (default)
2019-10-17 21:54:44,119 [de567563-d0dd-4cf2-91b7-f72627909699@group-3097D7458558-LeaderElection29] INFO  server.RaftServerConfigKeys (ConfUtils.java:logGet(43)) - raft.server.watch.timeout = 10s (default)
2019-10-17 21:54:44,119 [de567563-d0dd-4cf2-91b7-f72627909699@group-3097D7458558-LeaderElection29] INFO  server.RaftServerConfigKeys (ConfUtils.java:logGet(43)) - raft.server.watch.timeout.denomination = 1s (default)
2019-10-17 21:54:44,119 [de567563-d0dd-4cf2-91b7-f72627909699@group-3097D7458558-LeaderElection29] INFO  server.RaftServerConfigKeys (ConfUtils.java:logGet(43)) - raft.server.watch.element-limit = 65536 (default)
2019-10-17 21:54:44,122 [de567563-d0dd-4cf2-91b7-f72627909699@group-3097D7458558-LeaderElection29] INFO  server.RaftServerConfigKeys (ConfUtils.java:logGet(43)) - raft.server.log.appender.snapshot.chunk.size.max = 16MB (=16777216) (default)
2019-10-17 21:54:44,122 [de567563-d0dd-4cf2-91b7-f72627909699@group-3097D7458558-LeaderElection29] INFO  server.RaftServerConfigKeys (ConfUtils.java:logGet(43)) - raft.server.log.appender.buffer.byte-limit = 33554432 (custom)
2019-10-17 21:54:44,122 [de567563-d0dd-4cf2-91b7-f72627909699@group-3097D7458558-LeaderElection29] INFO  server.RaftServerConfigKeys (ConfUtils.java:logGet(43)) - raft.server.log.appender.buffer.element-limit = 1 (custom)
2019-10-17 21:54:44,123 [de567563-d0dd-4cf2-91b7-f72627909699@group-3097D7458558-LeaderElection29] INFO  grpc.GrpcConfigKeys$Server (ConfUtils.java:logGet(43)) - raft.grpc.server.leader.outstanding.appends.max = 128 (default)
2019-10-17 21:54:44,123 [de567563-d0dd-4cf2-91b7-f72627909699@group-3097D7458558-LeaderElection29] INFO  server.RaftServerConfigKeys (ConfUtils.java:logGet(43)) - raft.server.rpc.request.timeout = 3000ms (default)
2019-10-17 21:54:44,123 [de567563-d0dd-4cf2-91b7-f72627909699@group-3097D7458558-LeaderElection29] INFO  server.RaftServerConfigKeys (ConfUtils.java:logGet(43)) - raft.server.log.appender.install.snapshot.enabled = false (custom)
2019-10-17 21:54:44,126 [d6dfcdd7-fc6e-4b51-b91e-b64503dadc5e@group-F967393F7C93-LeaderElection25] INFO  impl.LeaderElection (LeaderElection.java:logAndReturn(56)) - d6dfcdd7-fc6e-4b51-b91e-b64503dadc5e@group-F967393F7C93-LeaderElection25: Election REJECTED; received 2 response(s) [d6dfcdd7-fc6e-4b51-b91e-b64503dadc5e<-08d4cbaa-ffed-4411-a5fd-c4a38026aead#0:FAIL-t11, d6dfcdd7-fc6e-4b51-b91e-b64503dadc5e<-da15dfee-23f0-4dc4-ad77-c00156c49cfa#0:FAIL-t11] and 0 exception(s); d6dfcdd7-fc6e-4b51-b91e-b64503dadc5e@group-F967393F7C93:t11, leader=null, voted=d6dfcdd7-fc6e-4b51-b91e-b64503dadc5e, raftlog=d6dfcdd7-fc6e-4b51-b91e-b64503dadc5e@group-F967393F7C93-SegmentedRaftLog:OPENED:c-1,f-1,i0, conf=-1: [08d4cbaa-ffed-4411-a5fd-c4a38026aead:192.168.157.223:33910, da15dfee-23f0-4dc4-ad77-c00156c49cfa:192.168.157.223:42172, d6dfcdd7-fc6e-4b51-b91e-b64503dadc5e:192.168.157.223:43575], old=null
2019-10-17 21:54:44,126 [de567563-d0dd-4cf2-91b7-f72627909699@group-3097D7458558-LeaderElection29] INFO  server.RaftServerConfigKeys (ConfUtils.java:logGet(43)) - raft.server.log.appender.snapshot.chunk.size.max = 16MB (=16777216) (default)
2019-10-17 21:54:44,126 [d6dfcdd7-fc6e-4b51-b91e-b64503dadc5e@group-F967393F7C93-LeaderElection25] INFO  impl.RaftServerImpl (RaftServerImpl.java:setRole(184)) - d6dfcdd7-fc6e-4b51-b91e-b64503dadc5e@group-F967393F7C93: changes role from CANDIDATE to FOLLOWER at term 11 for DISCOVERED_A_NEW_TERM
2019-10-17 21:54:44,126 [de567563-d0dd-4cf2-91b7-f72627909699@group-3097D7458558-LeaderElection29] INFO  server.RaftServerConfigKeys (ConfUtils.java:logGet(43)) - raft.server.log.appender.buffer.byte-limit = 33554432 (custom)
2019-10-17 21:54:44,126 [d6dfcdd7-fc6e-4b51-b91e-b64503dadc5e@group-F967393F7C93-LeaderElection25] INFO  impl.RoleInfo (RoleInfo.java:shutdownLeaderElection(134)) - d6dfcdd7-fc6e-4b51-b91e-b64503dadc5e: shutdown LeaderElection
2019-10-17 21:54:44,127 [de567563-d0dd-4cf2-91b7-f72627909699@group-3097D7458558-LeaderElection29] INFO  server.RaftServerConfigKeys (ConfUtils.java:logGet(43)) - raft.server.log.appender.buffer.element-limit = 1 (custom)
2019-10-17 21:54:44,127 [d6dfcdd7-fc6e-4b51-b91e-b64503dadc5e@group-F967393F7C93-LeaderElection25] INFO  impl.RoleInfo (RoleInfo.java:updateAndGet(143)) - d6dfcdd7-fc6e-4b51-b91e-b64503dadc5e: start FollowerState
2019-10-17 21:54:44,127 [de567563-d0dd-4cf2-91b7-f72627909699@group-3097D7458558-LeaderElection29] INFO  grpc.GrpcConfigKeys$Server (ConfUtils.java:logGet(43)) - raft.grpc.server.leader.outstanding.appends.max = 128 (default)
2019-10-17 21:54:44,127 [de567563-d0dd-4cf2-91b7-f72627909699@group-3097D7458558-LeaderElection29] INFO  server.RaftServerConfigKeys (ConfUtils.java:logGet(43)) - raft.server.rpc.request.timeout = 3000ms (default)
2019-10-17 21:54:44,127 [de567563-d0dd-4cf2-91b7-f72627909699@group-3097D7458558-LeaderElection29] INFO  server.RaftServerConfigKeys (ConfUtils.java:logGet(43)) - raft.server.log.appender.install.snapshot.enabled = false (custom)
2019-10-17 21:54:44,130 [de567563-d0dd-4cf2-91b7-f72627909699@group-3097D7458558-LeaderElection29] INFO  impl.RoleInfo (RoleInfo.java:updateAndGet(143)) - de567563-d0dd-4cf2-91b7-f72627909699: start LeaderState
2019-10-17 21:54:44,130 [de567563-d0dd-4cf2-91b7-f72627909699@group-3097D7458558-LeaderElection29] INFO  segmented.SegmentedRaftLogWorker (SegmentedRaftLogWorker.java:startLogSegment(385)) - de567563-d0dd-4cf2-91b7-f72627909699@group-3097D7458558-SegmentedRaftLogWorker: Starting segment from index:0
2019-10-17 21:54:44,131 [de567563-d0dd-4cf2-91b7-f72627909699@group-3097D7458558-LeaderElection29] INFO  impl.RaftServerImpl (ServerState.java:setRaftConf(357)) - de567563-d0dd-4cf2-91b7-f72627909699@group-3097D7458558: set configuration 0: [92c37ee0-6a4e-44d1-b217-daba3b24c095:192.168.157.223:35068, de567563-d0dd-4cf2-91b7-f72627909699:192.168.157.223:42420, db0af43e-c62e-4c1d-affa-ffdb4faae2f8:192.168.157.223:36633], old=null at 0
2019-10-17 21:54:44,134 [grpc-default-executor-9] INFO  impl.RaftServerImpl (ServerState.java:setLeader(256)) - db0af43e-c62e-4c1d-affa-ffdb4faae2f8@group-3097D7458558: change Leader from null to de567563-d0dd-4cf2-91b7-f72627909699 at term 10 for appendEntries, leader elected after 1380ms
2019-10-17 21:54:44,134 [grpc-default-executor-1] INFO  impl.RaftServerImpl (ServerState.java:setLeader(256)) - 92c37ee0-6a4e-44d1-b217-daba3b24c095@group-3097D7458558: change Leader from null to de567563-d0dd-4cf2-91b7-f72627909699 at term 10 for appendEntries, leader elected after 1768ms
2019-10-17 21:54:44,164 [Thread-551] INFO  impl.FollowerState (FollowerState.java:run(108)) - d6dfcdd7-fc6e-4b51-b91e-b64503dadc5e@group-F967393F7C93-FollowerState: change to CANDIDATE, lastRpcTime:37ms, electionTimeout:26ms
2019-10-17 21:54:44,165 [Thread-551] INFO  impl.RoleInfo (RoleInfo.java:shutdownFollowerState(121)) - d6dfcdd7-fc6e-4b51-b91e-b64503dadc5e: shutdown FollowerState
2019-10-17 21:54:44,165 [Thread-551] INFO  impl.RaftServerImpl (RaftServerImpl.java:setRole(184)) - d6dfcdd7-fc6e-4b51-b91e-b64503dadc5e@group-F967393F7C93: changes role from  FOLLOWER to CANDIDATE at term 11 for changeToCandidate
2019-10-17 21:54:44,165 [Thread-551] INFO  impl.RoleInfo (RoleInfo.java:updateAndGet(143)) - d6dfcdd7-fc6e-4b51-b91e-b64503dadc5e: start LeaderElection
2019-10-17 21:54:44,179 [de567563-d0dd-4cf2-91b7-f72627909699@group-3097D7458558-SegmentedRaftLogWorker] INFO  segmented.SegmentedRaftLogWorker (SegmentedRaftLogWorker.java:execute(576)) - de567563-d0dd-4cf2-91b7-f72627909699@group-3097D7458558-SegmentedRaftLogWorker: created new log segment /workdir/hadoop-ozone/integration-test/target/test-dir/MiniOzoneClusterImpl-8354d78d-dcd0-455c-bdef-cdb54255caab/datanode-7/data/ratis/79705d85-8c11-4082-a1d0-3097d7458558/current/log_inprogress_0
2019-10-17 21:54:44,179 [d6dfcdd7-fc6e-4b51-b91e-b64503dadc5e@group-F967393F7C93-LeaderElection31] INFO  impl.LeaderElection (LeaderElection.java:askForVotes(178)) - d6dfcdd7-fc6e-4b51-b91e-b64503dadc5e@group-F967393F7C93-LeaderElection31: begin an election at term 12 for -1: [08d4cbaa-ffed-4411-a5fd-c4a38026aead:192.168.157.223:33910, da15dfee-23f0-4dc4-ad77-c00156c49cfa:192.168.157.223:42172, d6dfcdd7-fc6e-4b51-b91e-b64503dadc5e:192.168.157.223:43575], old=null
2019-10-17 21:54:44,183 [grpc-default-executor-9] INFO  impl.RaftServerImpl (RaftServerImpl.java:setRole(184)) - 08d4cbaa-ffed-4411-a5fd-c4a38026aead@group-F967393F7C93: changes role from  FOLLOWER to FOLLOWER at term 12 for recognizeCandidate:d6dfcdd7-fc6e-4b51-b91e-b64503dadc5e
2019-10-17 21:54:44,183 [grpc-default-executor-9] INFO  impl.RoleInfo (RoleInfo.java:shutdownFollowerState(121)) - 08d4cbaa-ffed-4411-a5fd-c4a38026aead: shutdown FollowerState
2019-10-17 21:54:44,184 [Thread-547] INFO  impl.FollowerState (FollowerState.java:run(117)) - 08d4cbaa-ffed-4411-a5fd-c4a38026aead@group-F967393F7C93-FollowerState was interrupted: java.lang.InterruptedException: sleep interrupted
2019-10-17 21:54:44,184 [grpc-default-executor-9] INFO  impl.RoleInfo (RoleInfo.java:updateAndGet(143)) - 08d4cbaa-ffed-4411-a5fd-c4a38026aead: start FollowerState
2019-10-17 21:54:44,184 [grpc-default-executor-11] INFO  impl.RaftServerImpl (RaftServerImpl.java:setRole(184)) - da15dfee-23f0-4dc4-ad77-c00156c49cfa@group-F967393F7C93: changes role from  FOLLOWER to FOLLOWER at term 12 for recognizeCandidate:d6dfcdd7-fc6e-4b51-b91e-b64503dadc5e
2019-10-17 21:54:44,184 [grpc-default-executor-11] INFO  impl.RoleInfo (RoleInfo.java:shutdownFollowerState(121)) - da15dfee-23f0-4dc4-ad77-c00156c49cfa: shutdown FollowerState
2019-10-17 21:54:44,185 [grpc-default-executor-11] INFO  impl.RoleInfo (RoleInfo.java:updateAndGet(143)) - da15dfee-23f0-4dc4-ad77-c00156c49cfa: start FollowerState
2019-10-17 21:54:44,185 [Thread-548] INFO  impl.FollowerState (FollowerState.java:run(117)) - da15dfee-23f0-4dc4-ad77-c00156c49cfa@group-F967393F7C93-FollowerState was interrupted: java.lang.InterruptedException: sleep interrupted
2019-10-17 21:54:44,187 [grpc-default-executor-1] INFO  impl.RaftServerImpl (ServerState.java:setRaftConf(357)) - db0af43e-c62e-4c1d-affa-ffdb4faae2f8@group-3097D7458558: set configuration 0: [92c37ee0-6a4e-44d1-b217-daba3b24c095:192.168.157.223:35068, de567563-d0dd-4cf2-91b7-f72627909699:192.168.157.223:42420, db0af43e-c62e-4c1d-affa-ffdb4faae2f8:192.168.157.223:36633], old=null at 0
2019-10-17 21:54:44,187 [grpc-default-executor-12] INFO  impl.RaftServerImpl (ServerState.java:setRaftConf(357)) - 92c37ee0-6a4e-44d1-b217-daba3b24c095@group-3097D7458558: set configuration 0: [92c37ee0-6a4e-44d1-b217-daba3b24c095:192.168.157.223:35068, de567563-d0dd-4cf2-91b7-f72627909699:192.168.157.223:42420, db0af43e-c62e-4c1d-affa-ffdb4faae2f8:192.168.157.223:36633], old=null at 0
2019-10-17 21:54:44,187 [grpc-default-executor-12] INFO  segmented.SegmentedRaftLogWorker (SegmentedRaftLogWorker.java:startLogSegment(385)) - 92c37ee0-6a4e-44d1-b217-daba3b24c095@group-3097D7458558-SegmentedRaftLogWorker: Starting segment from index:0
2019-10-17 21:54:44,189 [grpc-default-executor-1] INFO  segmented.SegmentedRaftLogWorker (SegmentedRaftLogWorker.java:truncate(401)) - db0af43e-c62e-4c1d-affa-ffdb4faae2f8@group-3097D7458558-SegmentedRaftLogWorker: Truncating segments toTruncate: null
  toDelete: [(0, 0) isOpen? true, length=0, newEndIndex=-1], start index 0
2019-10-17 21:54:44,190 [grpc-default-executor-1] INFO  segmented.SegmentedRaftLogWorker (SegmentedRaftLogWorker.java:startLogSegment(385)) - db0af43e-c62e-4c1d-affa-ffdb4faae2f8@group-3097D7458558-SegmentedRaftLogWorker: Starting segment from index:0
2019-10-17 21:54:44,191 [db0af43e-c62e-4c1d-affa-ffdb4faae2f8@group-3097D7458558-SegmentedRaftLogWorker] INFO  segmented.SegmentedRaftLogWorker (SegmentedRaftLogWorker.java:execute(640)) - db0af43e-c62e-4c1d-affa-ffdb4faae2f8@group-3097D7458558-SegmentedRaftLogWorker: Deleted log file /workdir/hadoop-ozone/integration-test/target/test-dir/MiniOzoneClusterImpl-8354d78d-dcd0-455c-bdef-cdb54255caab/datanode-2/data/ratis/79705d85-8c11-4082-a1d0-3097d7458558/current/log_inprogress_0
2019-10-17 21:54:44,191 [db0af43e-c62e-4c1d-affa-ffdb4faae2f8@group-3097D7458558-SegmentedRaftLogWorker] INFO  segmented.SegmentedRaftLogWorker (SegmentedRaftLogWorker.java:lambda$new$0(128)) - db0af43e-c62e-4c1d-affa-ffdb4faae2f8@group-3097D7458558-SegmentedRaftLogWorker: flushIndex: setUnconditionally 0 -> -1
2019-10-17 21:54:44,220 [Thread-527] INFO  impl.FollowerState (FollowerState.java:run(108)) - c3d1d4b8-f513-489f-ad1a-d9e469eb6c8d@group-4FF8CA26B826-FollowerState: change to CANDIDATE, lastRpcTime:195ms, electionTimeout:186ms
2019-10-17 21:54:44,220 [Thread-546] INFO  impl.FollowerState (FollowerState.java:run(108)) - 9a96bff1-ea9f-4cea-8163-a3905a9e2704@group-4FF8CA26B826-FollowerState: change to CANDIDATE, lastRpcTime:120ms, electionTimeout:97ms
2019-10-17 21:54:44,220 [Thread-527] INFO  impl.RoleInfo (RoleInfo.java:shutdownFollowerState(121)) - c3d1d4b8-f513-489f-ad1a-d9e469eb6c8d: shutdown FollowerState
2019-10-17 21:54:44,221 [Thread-546] INFO  impl.RoleInfo (RoleInfo.java:shutdownFollowerState(121)) - 9a96bff1-ea9f-4cea-8163-a3905a9e2704: shutdown FollowerState
2019-10-17 21:54:44,221 [Thread-527] INFO  impl.RaftServerImpl (RaftServerImpl.java:setRole(184)) - c3d1d4b8-f513-489f-ad1a-d9e469eb6c8d@group-4FF8CA26B826: changes role from  FOLLOWER to CANDIDATE at term 7 for changeToCandidate
2019-10-17 21:54:44,221 [Thread-546] INFO  impl.RaftServerImpl (RaftServerImpl.java:setRole(184)) - 9a96bff1-ea9f-4cea-8163-a3905a9e2704@group-4FF8CA26B826: changes role from  FOLLOWER to CANDIDATE at term 7 for changeToCandidate
2019-10-17 21:54:44,221 [Thread-527] INFO  impl.RoleInfo (RoleInfo.java:updateAndGet(143)) - c3d1d4b8-f513-489f-ad1a-d9e469eb6c8d: start LeaderElection
2019-10-17 21:54:44,221 [Thread-546] INFO  impl.RoleInfo (RoleInfo.java:updateAndGet(143)) - 9a96bff1-ea9f-4cea-8163-a3905a9e2704: start LeaderElection
2019-10-17 21:54:44,223 [d6dfcdd7-fc6e-4b51-b91e-b64503dadc5e@group-F967393F7C93-LeaderElection31] INFO  impl.LeaderElection (LeaderElection.java:logAndReturn(56)) - d6dfcdd7-fc6e-4b51-b91e-b64503dadc5e@group-F967393F7C93-LeaderElection31: Election REJECTED; received 2 response(s) [d6dfcdd7-fc6e-4b51-b91e-b64503dadc5e<-08d4cbaa-ffed-4411-a5fd-c4a38026aead#0:FAIL-t12, d6dfcdd7-fc6e-4b51-b91e-b64503dadc5e<-da15dfee-23f0-4dc4-ad77-c00156c49cfa#0:FAIL-t12] and 0 exception(s); d6dfcdd7-fc6e-4b51-b91e-b64503dadc5e@group-F967393F7C93:t12, leader=null, voted=d6dfcdd7-fc6e-4b51-b91e-b64503dadc5e, raftlog=d6dfcdd7-fc6e-4b51-b91e-b64503dadc5e@group-F967393F7C93-SegmentedRaftLog:OPENED:c-1,f-1,i0, conf=-1: [08d4cbaa-ffed-4411-a5fd-c4a38026aead:192.168.157.223:33910, da15dfee-23f0-4dc4-ad77-c00156c49cfa:192.168.157.223:42172, d6dfcdd7-fc6e-4b51-b91e-b64503dadc5e:192.168.157.223:43575], old=null
2019-10-17 21:54:44,224 [d6dfcdd7-fc6e-4b51-b91e-b64503dadc5e@group-F967393F7C93-LeaderElection31] INFO  impl.RaftServerImpl (RaftServerImpl.java:setRole(184)) - d6dfcdd7-fc6e-4b51-b91e-b64503dadc5e@group-F967393F7C93: changes role from CANDIDATE to FOLLOWER at term 12 for DISCOVERED_A_NEW_TERM
2019-10-17 21:54:44,224 [d6dfcdd7-fc6e-4b51-b91e-b64503dadc5e@group-F967393F7C93-LeaderElection31] INFO  impl.RoleInfo (RoleInfo.java:shutdownLeaderElection(134)) - d6dfcdd7-fc6e-4b51-b91e-b64503dadc5e: shutdown LeaderElection
2019-10-17 21:54:44,224 [d6dfcdd7-fc6e-4b51-b91e-b64503dadc5e@group-F967393F7C93-LeaderElection31] INFO  impl.RoleInfo (RoleInfo.java:updateAndGet(143)) - d6dfcdd7-fc6e-4b51-b91e-b64503dadc5e: start FollowerState
2019-10-17 21:54:44,245 [92c37ee0-6a4e-44d1-b217-daba3b24c095@group-3097D7458558-SegmentedRaftLogWorker] INFO  segmented.SegmentedRaftLogWorker (SegmentedRaftLogWorker.java:execute(576)) - 92c37ee0-6a4e-44d1-b217-daba3b24c095@group-3097D7458558-SegmentedRaftLogWorker: created new log segment /workdir/hadoop-ozone/integration-test/target/test-dir/MiniOzoneClusterImpl-8354d78d-dcd0-455c-bdef-cdb54255caab/datanode-9/data/ratis/79705d85-8c11-4082-a1d0-3097d7458558/current/log_inprogress_0
2019-10-17 21:54:44,245 [db0af43e-c62e-4c1d-affa-ffdb4faae2f8@group-3097D7458558-SegmentedRaftLogWorker] INFO  segmented.SegmentedRaftLogWorker (SegmentedRaftLogWorker.java:execute(576)) - db0af43e-c62e-4c1d-affa-ffdb4faae2f8@group-3097D7458558-SegmentedRaftLogWorker: created new log segment /workdir/hadoop-ozone/integration-test/target/test-dir/MiniOzoneClusterImpl-8354d78d-dcd0-455c-bdef-cdb54255caab/datanode-2/data/ratis/79705d85-8c11-4082-a1d0-3097d7458558/current/log_inprogress_0
2019-10-17 21:54:44,245 [9a96bff1-ea9f-4cea-8163-a3905a9e2704@group-4FF8CA26B826-LeaderElection33] INFO  impl.LeaderElection (LeaderElection.java:askForVotes(178)) - 9a96bff1-ea9f-4cea-8163-a3905a9e2704@group-4FF8CA26B826-LeaderElection33: begin an election at term 8 for -1: [c3d1d4b8-f513-489f-ad1a-d9e469eb6c8d:192.168.157.223:35769, 9a96bff1-ea9f-4cea-8163-a3905a9e2704:192.168.157.223:39495, fff7125c-610a-434d-b194-38800617abc4:192.168.157.223:34162], old=null
2019-10-17 21:54:44,245 [c3d1d4b8-f513-489f-ad1a-d9e469eb6c8d@group-4FF8CA26B826-LeaderElection32] INFO  impl.LeaderElection (LeaderElection.java:askForVotes(178)) - c3d1d4b8-f513-489f-ad1a-d9e469eb6c8d@group-4FF8CA26B826-LeaderElection32: begin an election at term 8 for -1: [c3d1d4b8-f513-489f-ad1a-d9e469eb6c8d:192.168.157.223:35769, 9a96bff1-ea9f-4cea-8163-a3905a9e2704:192.168.157.223:39495, fff7125c-610a-434d-b194-38800617abc4:192.168.157.223:34162], old=null
2019-10-17 21:54:44,250 [grpc-default-executor-9] INFO  impl.RaftServerImpl (RaftServerImpl.java:setRole(184)) - fff7125c-610a-434d-b194-38800617abc4@group-4FF8CA26B826: changes role from  FOLLOWER to FOLLOWER at term 8 for recognizeCandidate:c3d1d4b8-f513-489f-ad1a-d9e469eb6c8d
2019-10-17 21:54:44,251 [grpc-default-executor-9] INFO  impl.RoleInfo (RoleInfo.java:shutdownFollowerState(121)) - fff7125c-610a-434d-b194-38800617abc4: shutdown FollowerState
2019-10-17 21:54:44,251 [grpc-default-executor-9] INFO  impl.RoleInfo (RoleInfo.java:updateAndGet(143)) - fff7125c-610a-434d-b194-38800617abc4: start FollowerState
2019-10-17 21:54:44,251 [Thread-537] INFO  impl.FollowerState (FollowerState.java:run(117)) - fff7125c-610a-434d-b194-38800617abc4@group-4FF8CA26B826-FollowerState was interrupted: java.lang.InterruptedException: sleep interrupted
2019-10-17 21:54:44,259 [grpc-default-executor-1] INFO  impl.RaftServerImpl (RaftServerImpl.java:setRole(184)) - fff7125c-610a-434d-b194-38800617abc4@group-4FF8CA26B826: changes role from  FOLLOWER to FOLLOWER at term 8 for recognizeCandidate:9a96bff1-ea9f-4cea-8163-a3905a9e2704
2019-10-17 21:54:44,259 [grpc-default-executor-1] INFO  impl.RoleInfo (RoleInfo.java:shutdownFollowerState(121)) - fff7125c-610a-434d-b194-38800617abc4: shutdown FollowerState
2019-10-17 21:54:44,259 [grpc-default-executor-1] INFO  impl.RoleInfo (RoleInfo.java:updateAndGet(143)) - fff7125c-610a-434d-b194-38800617abc4: start FollowerState
2019-10-17 21:54:44,259 [Thread-569] INFO  impl.FollowerState (FollowerState.java:run(117)) - fff7125c-610a-434d-b194-38800617abc4@group-4FF8CA26B826-FollowerState was interrupted: java.lang.InterruptedException: sleep interrupted
2019-10-17 21:54:44,260 [c3d1d4b8-f513-489f-ad1a-d9e469eb6c8d@group-4FF8CA26B826-LeaderElection32] INFO  impl.LeaderElection (LeaderElection.java:logAndReturn(56)) - c3d1d4b8-f513-489f-ad1a-d9e469eb6c8d@group-4FF8CA26B826-LeaderElection32: Election REJECTED; received 2 response(s) [c3d1d4b8-f513-489f-ad1a-d9e469eb6c8d<-9a96bff1-ea9f-4cea-8163-a3905a9e2704#0:FAIL-t8, c3d1d4b8-f513-489f-ad1a-d9e469eb6c8d<-fff7125c-610a-434d-b194-38800617abc4#0:FAIL-t8] and 0 exception(s); c3d1d4b8-f513-489f-ad1a-d9e469eb6c8d@group-4FF8CA26B826:t8, leader=null, voted=c3d1d4b8-f513-489f-ad1a-d9e469eb6c8d, raftlog=c3d1d4b8-f513-489f-ad1a-d9e469eb6c8d@group-4FF8CA26B826-SegmentedRaftLog:OPENED:c-1,f-1,i0, conf=-1: [c3d1d4b8-f513-489f-ad1a-d9e469eb6c8d:192.168.157.223:35769, 9a96bff1-ea9f-4cea-8163-a3905a9e2704:192.168.157.223:39495, fff7125c-610a-434d-b194-38800617abc4:192.168.157.223:34162], old=null
2019-10-17 21:54:44,260 [c3d1d4b8-f513-489f-ad1a-d9e469eb6c8d@group-4FF8CA26B826-LeaderElection32] INFO  impl.RaftServerImpl (RaftServerImpl.java:setRole(184)) - c3d1d4b8-f513-489f-ad1a-d9e469eb6c8d@group-4FF8CA26B826: changes role from CANDIDATE to FOLLOWER at term 8 for DISCOVERED_A_NEW_TERM
2019-10-17 21:54:44,260 [c3d1d4b8-f513-489f-ad1a-d9e469eb6c8d@group-4FF8CA26B826-LeaderElection32] INFO  impl.RoleInfo (RoleInfo.java:shutdownLeaderElection(134)) - c3d1d4b8-f513-489f-ad1a-d9e469eb6c8d: shutdown LeaderElection
2019-10-17 21:54:44,260 [c3d1d4b8-f513-489f-ad1a-d9e469eb6c8d@group-4FF8CA26B826-LeaderElection32] INFO  impl.RoleInfo (RoleInfo.java:updateAndGet(143)) - c3d1d4b8-f513-489f-ad1a-d9e469eb6c8d: start FollowerState
2019-10-17 21:54:44,261 [9a96bff1-ea9f-4cea-8163-a3905a9e2704@group-4FF8CA26B826-LeaderElection33] INFO  impl.LeaderElection (LeaderElection.java:logAndReturn(56)) - 9a96bff1-ea9f-4cea-8163-a3905a9e2704@group-4FF8CA26B826-LeaderElection33: Election REJECTED; received 2 response(s) [9a96bff1-ea9f-4cea-8163-a3905a9e2704<-c3d1d4b8-f513-489f-ad1a-d9e469eb6c8d#0:FAIL-t8, 9a96bff1-ea9f-4cea-8163-a3905a9e2704<-fff7125c-610a-434d-b194-38800617abc4#0:FAIL-t8] and 0 exception(s); 9a96bff1-ea9f-4cea-8163-a3905a9e2704@group-4FF8CA26B826:t8, leader=null, voted=9a96bff1-ea9f-4cea-8163-a3905a9e2704, raftlog=9a96bff1-ea9f-4cea-8163-a3905a9e2704@group-4FF8CA26B826-SegmentedRaftLog:OPENED:c-1,f-1,i0, conf=-1: [c3d1d4b8-f513-489f-ad1a-d9e469eb6c8d:192.168.157.223:35769, 9a96bff1-ea9f-4cea-8163-a3905a9e2704:192.168.157.223:39495, fff7125c-610a-434d-b194-38800617abc4:192.168.157.223:34162], old=null
2019-10-17 21:54:44,261 [9a96bff1-ea9f-4cea-8163-a3905a9e2704@group-4FF8CA26B826-LeaderElection33] INFO  impl.RaftServerImpl (RaftServerImpl.java:setRole(184)) - 9a96bff1-ea9f-4cea-8163-a3905a9e2704@group-4FF8CA26B826: changes role from CANDIDATE to FOLLOWER at term 8 for DISCOVERED_A_NEW_TERM
2019-10-17 21:54:44,262 [9a96bff1-ea9f-4cea-8163-a3905a9e2704@group-4FF8CA26B826-LeaderElection33] INFO  impl.RoleInfo (RoleInfo.java:shutdownLeaderElection(134)) - 9a96bff1-ea9f-4cea-8163-a3905a9e2704: shutdown LeaderElection
2019-10-17 21:54:44,262 [9a96bff1-ea9f-4cea-8163-a3905a9e2704@group-4FF8CA26B826-LeaderElection33] INFO  impl.RoleInfo (RoleInfo.java:updateAndGet(143)) - 9a96bff1-ea9f-4cea-8163-a3905a9e2704: start FollowerState
2019-10-17 21:54:44,291 [Thread-574] INFO  impl.FollowerState (FollowerState.java:run(108)) - 9a96bff1-ea9f-4cea-8163-a3905a9e2704@group-4FF8CA26B826-FollowerState: change to CANDIDATE, lastRpcTime:29ms, electionTimeout:29ms
2019-10-17 21:54:44,291 [Thread-574] INFO  impl.RoleInfo (RoleInfo.java:shutdownFollowerState(121)) - 9a96bff1-ea9f-4cea-8163-a3905a9e2704: shutdown FollowerState
2019-10-17 21:54:44,291 [Thread-574] INFO  impl.RaftServerImpl (RaftServerImpl.java:setRole(184)) - 9a96bff1-ea9f-4cea-8163-a3905a9e2704@group-4FF8CA26B826: changes role from  FOLLOWER to CANDIDATE at term 8 for changeToCandidate
2019-10-17 21:54:44,292 [Thread-574] INFO  impl.RoleInfo (RoleInfo.java:updateAndGet(143)) - 9a96bff1-ea9f-4cea-8163-a3905a9e2704: start LeaderElection
2019-10-17 21:54:44,304 [9a96bff1-ea9f-4cea-8163-a3905a9e2704@group-4FF8CA26B826-LeaderElection34] INFO  impl.LeaderElection (LeaderElection.java:askForVotes(178)) - 9a96bff1-ea9f-4cea-8163-a3905a9e2704@group-4FF8CA26B826-LeaderElection34: begin an election at term 9 for -1: [c3d1d4b8-f513-489f-ad1a-d9e469eb6c8d:192.168.157.223:35769, 9a96bff1-ea9f-4cea-8163-a3905a9e2704:192.168.157.223:39495, fff7125c-610a-434d-b194-38800617abc4:192.168.157.223:34162], old=null
2019-10-17 21:54:44,308 [grpc-default-executor-11] INFO  impl.RaftServerImpl (RaftServerImpl.java:setRole(184)) - fff7125c-610a-434d-b194-38800617abc4@group-4FF8CA26B826: changes role from  FOLLOWER to FOLLOWER at term 9 for recognizeCandidate:9a96bff1-ea9f-4cea-8163-a3905a9e2704
2019-10-17 21:54:44,308 [grpc-default-executor-11] INFO  impl.RoleInfo (RoleInfo.java:shutdownFollowerState(121)) - fff7125c-610a-434d-b194-38800617abc4: shutdown FollowerState
2019-10-17 21:54:44,308 [grpc-default-executor-9] INFO  impl.RaftServerImpl (RaftServerImpl.java:setRole(184)) - c3d1d4b8-f513-489f-ad1a-d9e469eb6c8d@group-4FF8CA26B826: changes role from  FOLLOWER to FOLLOWER at term 9 for recognizeCandidate:9a96bff1-ea9f-4cea-8163-a3905a9e2704
2019-10-17 21:54:44,308 [Thread-572] INFO  impl.FollowerState (FollowerState.java:run(117)) - fff7125c-610a-434d-b194-38800617abc4@group-4FF8CA26B826-FollowerState was interrupted: java.lang.InterruptedException: sleep interrupted
2019-10-17 21:54:44,308 [grpc-default-executor-11] INFO  impl.RoleInfo (RoleInfo.java:updateAndGet(143)) - fff7125c-610a-434d-b194-38800617abc4: start FollowerState
2019-10-17 21:54:44,309 [grpc-default-executor-9] INFO  impl.RoleInfo (RoleInfo.java:shutdownFollowerState(121)) - c3d1d4b8-f513-489f-ad1a-d9e469eb6c8d: shutdown FollowerState
2019-10-17 21:54:44,309 [Thread-573] INFO  impl.FollowerState (FollowerState.java:run(117)) - c3d1d4b8-f513-489f-ad1a-d9e469eb6c8d@group-4FF8CA26B826-FollowerState was interrupted: java.lang.InterruptedException: sleep interrupted
2019-10-17 21:54:44,309 [grpc-default-executor-9] INFO  impl.RoleInfo (RoleInfo.java:updateAndGet(143)) - c3d1d4b8-f513-489f-ad1a-d9e469eb6c8d: start FollowerState
2019-10-17 21:54:44,323 [9a96bff1-ea9f-4cea-8163-a3905a9e2704@group-4FF8CA26B826-LeaderElection34] INFO  impl.LeaderElection (LeaderElection.java:logAndReturn(56)) - 9a96bff1-ea9f-4cea-8163-a3905a9e2704@group-4FF8CA26B826-LeaderElection34: Election PASSED; received 1 response(s) [9a96bff1-ea9f-4cea-8163-a3905a9e2704<-c3d1d4b8-f513-489f-ad1a-d9e469eb6c8d#0:OK-t9] and 0 exception(s); 9a96bff1-ea9f-4cea-8163-a3905a9e2704@group-4FF8CA26B826:t9, leader=null, voted=9a96bff1-ea9f-4cea-8163-a3905a9e2704, raftlog=9a96bff1-ea9f-4cea-8163-a3905a9e2704@group-4FF8CA26B826-SegmentedRaftLog:OPENED:c-1,f-1,i0, conf=-1: [c3d1d4b8-f513-489f-ad1a-d9e469eb6c8d:192.168.157.223:35769, 9a96bff1-ea9f-4cea-8163-a3905a9e2704:192.168.157.223:39495, fff7125c-610a-434d-b194-38800617abc4:192.168.157.223:34162], old=null
2019-10-17 21:54:44,324 [9a96bff1-ea9f-4cea-8163-a3905a9e2704@group-4FF8CA26B826-LeaderElection34] INFO  impl.RoleInfo (RoleInfo.java:shutdownLeaderElection(134)) - 9a96bff1-ea9f-4cea-8163-a3905a9e2704: shutdown LeaderElection
2019-10-17 21:54:44,324 [9a96bff1-ea9f-4cea-8163-a3905a9e2704@group-4FF8CA26B826-LeaderElection34] INFO  impl.RaftServerImpl (RaftServerImpl.java:setRole(184)) - 9a96bff1-ea9f-4cea-8163-a3905a9e2704@group-4FF8CA26B826: changes role from CANDIDATE to LEADER at term 9 for changeToLeader
2019-10-17 21:54:44,324 [9a96bff1-ea9f-4cea-8163-a3905a9e2704@group-4FF8CA26B826-LeaderElection34] INFO  impl.RaftServerImpl (ServerState.java:setLeader(256)) - 9a96bff1-ea9f-4cea-8163-a3905a9e2704@group-4FF8CA26B826: change Leader from null to 9a96bff1-ea9f-4cea-8163-a3905a9e2704 at term 9 for becomeLeader, leader elected after 1593ms
2019-10-17 21:54:44,324 [9a96bff1-ea9f-4cea-8163-a3905a9e2704@group-4FF8CA26B826-LeaderElection34] INFO  server.RaftServerConfigKeys (ConfUtils.java:logGet(43)) - raft.server.staging.catchup.gap = 1000 (default)
2019-10-17 21:54:44,324 [9a96bff1-ea9f-4cea-8163-a3905a9e2704@group-4FF8CA26B826-LeaderElection34] INFO  server.RaftServerConfigKeys (ConfUtils.java:logGet(43)) - raft.server.rpc.sleep.time = 25ms (default)
2019-10-17 21:54:44,324 [9a96bff1-ea9f-4cea-8163-a3905a9e2704@group-4FF8CA26B826-LeaderElection34] INFO  server.RaftServerConfigKeys (ConfUtils.java:logGet(43)) - raft.server.write.element-limit = 4096 (default)
2019-10-17 21:54:44,324 [9a96bff1-ea9f-4cea-8163-a3905a9e2704@group-4FF8CA26B826-LeaderElection34] INFO  server.RaftServerConfigKeys (ConfUtils.java:logGet(43)) - raft.server.watch.timeout = 10s (default)
2019-10-17 21:54:44,324 [9a96bff1-ea9f-4cea-8163-a3905a9e2704@group-4FF8CA26B826-LeaderElection34] INFO  server.RaftServerConfigKeys (ConfUtils.java:logGet(43)) - raft.server.watch.timeout.denomination = 1s (default)
2019-10-17 21:54:44,324 [9a96bff1-ea9f-4cea-8163-a3905a9e2704@group-4FF8CA26B826-LeaderElection34] INFO  server.RaftServerConfigKeys (ConfUtils.java:logGet(43)) - raft.server.watch.element-limit = 65536 (default)
2019-10-17 21:54:44,326 [9a96bff1-ea9f-4cea-8163-a3905a9e2704@group-4FF8CA26B826-LeaderElection34] INFO  server.RaftServerConfigKeys (ConfUtils.java:logGet(43)) - raft.server.log.appender.snapshot.chunk.size.max = 16MB (=16777216) (default)
2019-10-17 21:54:44,327 [9a96bff1-ea9f-4cea-8163-a3905a9e2704@group-4FF8CA26B826-LeaderElection34] INFO  server.RaftServerConfigKeys (ConfUtils.java:logGet(43)) - raft.server.log.appender.buffer.byte-limit = 33554432 (custom)
2019-10-17 21:54:44,327 [9a96bff1-ea9f-4cea-8163-a3905a9e2704@group-4FF8CA26B826-LeaderElection34] INFO  server.RaftServerConfigKeys (ConfUtils.java:logGet(43)) - raft.server.log.appender.buffer.element-limit = 1 (custom)
2019-10-17 21:54:44,327 [9a96bff1-ea9f-4cea-8163-a3905a9e2704@group-4FF8CA26B826-LeaderElection34] INFO  grpc.GrpcConfigKeys$Server (ConfUtils.java:logGet(43)) - raft.grpc.server.leader.outstanding.appends.max = 128 (default)
2019-10-17 21:54:44,327 [9a96bff1-ea9f-4cea-8163-a3905a9e2704@group-4FF8CA26B826-LeaderElection34] INFO  server.RaftServerConfigKeys (ConfUtils.java:logGet(43)) - raft.server.rpc.request.timeout = 3000ms (default)
2019-10-17 21:54:44,327 [9a96bff1-ea9f-4cea-8163-a3905a9e2704@group-4FF8CA26B826-LeaderElection34] INFO  server.RaftServerConfigKeys (ConfUtils.java:logGet(43)) - raft.server.log.appender.install.snapshot.enabled = false (custom)
2019-10-17 21:54:44,329 [9a96bff1-ea9f-4cea-8163-a3905a9e2704@group-4FF8CA26B826-LeaderElection34] INFO  server.RaftServerConfigKeys (ConfUtils.java:logGet(43)) - raft.server.log.appender.snapshot.chunk.size.max = 16MB (=16777216) (default)
2019-10-17 21:54:44,329 [9a96bff1-ea9f-4cea-8163-a3905a9e2704@group-4FF8CA26B826-LeaderElection34] INFO  server.RaftServerConfigKeys (ConfUtils.java:logGet(43)) - raft.server.log.appender.buffer.byte-limit = 33554432 (custom)
2019-10-17 21:54:44,329 [9a96bff1-ea9f-4cea-8163-a3905a9e2704@group-4FF8CA26B826-LeaderElection34] INFO  server.RaftServerConfigKeys (ConfUtils.java:logGet(43)) - raft.server.log.appender.buffer.element-limit = 1 (custom)
2019-10-17 21:54:44,329 [9a96bff1-ea9f-4cea-8163-a3905a9e2704@group-4FF8CA26B826-LeaderElection34] INFO  grpc.GrpcConfigKeys$Server (ConfUtils.java:logGet(43)) - raft.grpc.server.leader.outstanding.appends.max = 128 (default)
2019-10-17 21:54:44,329 [9a96bff1-ea9f-4cea-8163-a3905a9e2704@group-4FF8CA26B826-LeaderElection34] INFO  server.RaftServerConfigKeys (ConfUtils.java:logGet(43)) - raft.server.rpc.request.timeout = 3000ms (default)
2019-10-17 21:54:44,329 [9a96bff1-ea9f-4cea-8163-a3905a9e2704@group-4FF8CA26B826-LeaderElection34] INFO  server.RaftServerConfigKeys (ConfUtils.java:logGet(43)) - raft.server.log.appender.install.snapshot.enabled = false (custom)
2019-10-17 21:54:44,331 [9a96bff1-ea9f-4cea-8163-a3905a9e2704@group-4FF8CA26B826-LeaderElection34] INFO  impl.RoleInfo (RoleInfo.java:updateAndGet(143)) - 9a96bff1-ea9f-4cea-8163-a3905a9e2704: start LeaderState
2019-10-17 21:54:44,331 [9a96bff1-ea9f-4cea-8163-a3905a9e2704@group-4FF8CA26B826-LeaderElection34] INFO  segmented.SegmentedRaftLogWorker (SegmentedRaftLogWorker.java:startLogSegment(385)) - 9a96bff1-ea9f-4cea-8163-a3905a9e2704@group-4FF8CA26B826-SegmentedRaftLogWorker: Starting segment from index:0
2019-10-17 21:54:44,332 [9a96bff1-ea9f-4cea-8163-a3905a9e2704@group-4FF8CA26B826-LeaderElection34] INFO  impl.RaftServerImpl (ServerState.java:setRaftConf(357)) - 9a96bff1-ea9f-4cea-8163-a3905a9e2704@group-4FF8CA26B826: set configuration 0: [c3d1d4b8-f513-489f-ad1a-d9e469eb6c8d:192.168.157.223:35769, 9a96bff1-ea9f-4cea-8163-a3905a9e2704:192.168.157.223:39495, fff7125c-610a-434d-b194-38800617abc4:192.168.157.223:34162], old=null at 0
2019-10-17 21:54:44,335 [grpc-default-executor-11] INFO  impl.RaftServerImpl (ServerState.java:setLeader(256)) - fff7125c-610a-434d-b194-38800617abc4@group-4FF8CA26B826: change Leader from null to 9a96bff1-ea9f-4cea-8163-a3905a9e2704 at term 9 for appendEntries, leader elected after 299ms
2019-10-17 21:54:44,335 [grpc-default-executor-9] INFO  impl.RaftServerImpl (ServerState.java:setLeader(256)) - c3d1d4b8-f513-489f-ad1a-d9e469eb6c8d@group-4FF8CA26B826: change Leader from null to 9a96bff1-ea9f-4cea-8163-a3905a9e2704 at term 9 for appendEntries, leader elected after 1609ms
2019-10-17 21:54:44,392 [Thread-564] INFO  impl.FollowerState (FollowerState.java:run(108)) - d6dfcdd7-fc6e-4b51-b91e-b64503dadc5e@group-F967393F7C93-FollowerState: change to CANDIDATE, lastRpcTime:167ms, electionTimeout:125ms
2019-10-17 21:54:44,392 [Thread-579] INFO  impl.FollowerState (FollowerState.java:run(108)) - c3d1d4b8-f513-489f-ad1a-d9e469eb6c8d@group-4FF8CA26B826-FollowerState: change to CANDIDATE, lastRpcTime:55ms, electionTimeout:39ms
2019-10-17 21:54:44,392 [Thread-564] INFO  impl.RoleInfo (RoleInfo.java:shutdownFollowerState(121)) - d6dfcdd7-fc6e-4b51-b91e-b64503dadc5e: shutdown FollowerState
2019-10-17 21:54:44,392 [Thread-579] INFO  impl.RoleInfo (RoleInfo.java:shutdownFollowerState(121)) - c3d1d4b8-f513-489f-ad1a-d9e469eb6c8d: shutdown FollowerState
2019-10-17 21:54:44,392 [Thread-564] INFO  impl.RaftServerImpl (RaftServerImpl.java:setRole(184)) - d6dfcdd7-fc6e-4b51-b91e-b64503dadc5e@group-F967393F7C93: changes role from  FOLLOWER to CANDIDATE at term 12 for changeToCandidate
2019-10-17 21:54:44,392 [Thread-579] INFO  impl.RaftServerImpl (RaftServerImpl.java:setRole(184)) - c3d1d4b8-f513-489f-ad1a-d9e469eb6c8d@group-4FF8CA26B826: changes role from  FOLLOWER to CANDIDATE at term 9 for changeToCandidate
2019-10-17 21:54:44,392 [Thread-564] INFO  impl.RoleInfo (RoleInfo.java:updateAndGet(143)) - d6dfcdd7-fc6e-4b51-b91e-b64503dadc5e: start LeaderElection
2019-10-17 21:54:44,392 [Thread-579] INFO  impl.RoleInfo (RoleInfo.java:updateAndGet(143)) - c3d1d4b8-f513-489f-ad1a-d9e469eb6c8d: start LeaderElection
2019-10-17 21:54:44,393 [c3d1d4b8-f513-489f-ad1a-d9e469eb6c8d@group-4FF8CA26B826-LeaderElection36] INFO  impl.RaftServerImpl (ServerState.java:setLeader(256)) - c3d1d4b8-f513-489f-ad1a-d9e469eb6c8d@group-4FF8CA26B826: change Leader from 9a96bff1-ea9f-4cea-8163-a3905a9e2704 to null at term 9 for initElection
2019-10-17 21:54:44,394 [grpc-default-executor-9] INFO  impl.RaftServerImpl (ServerState.java:setRaftConf(357)) - fff7125c-610a-434d-b194-38800617abc4@group-4FF8CA26B826: set configuration 0: [c3d1d4b8-f513-489f-ad1a-d9e469eb6c8d:192.168.157.223:35769, 9a96bff1-ea9f-4cea-8163-a3905a9e2704:192.168.157.223:39495, fff7125c-610a-434d-b194-38800617abc4:192.168.157.223:34162], old=null at 0
2019-10-17 21:54:44,394 [grpc-default-executor-9] INFO  segmented.SegmentedRaftLogWorker (SegmentedRaftLogWorker.java:truncate(401)) - fff7125c-610a-434d-b194-38800617abc4@group-4FF8CA26B826-SegmentedRaftLogWorker: Truncating segments toTruncate: null
  toDelete: [(0, 0) isOpen? true, length=0, newEndIndex=-1], start index 0
2019-10-17 21:54:44,395 [grpc-default-executor-9] INFO  segmented.SegmentedRaftLogWorker (SegmentedRaftLogWorker.java:startLogSegment(385)) - fff7125c-610a-434d-b194-38800617abc4@group-4FF8CA26B826-SegmentedRaftLogWorker: Starting segment from index:0
2019-10-17 21:54:44,395 [fff7125c-610a-434d-b194-38800617abc4@group-4FF8CA26B826-SegmentedRaftLogWorker] INFO  segmented.SegmentedRaftLogWorker (SegmentedRaftLogWorker.java:execute(640)) - fff7125c-610a-434d-b194-38800617abc4@group-4FF8CA26B826-SegmentedRaftLogWorker: Deleted log file /workdir/hadoop-ozone/integration-test/target/test-dir/MiniOzoneClusterImpl-8354d78d-dcd0-455c-bdef-cdb54255caab/datanode-6/data/ratis/e919e467-9e8c-41dd-b4c7-4ff8ca26b826/current/log_inprogress_0
2019-10-17 21:54:44,396 [fff7125c-610a-434d-b194-38800617abc4@group-4FF8CA26B826-SegmentedRaftLogWorker] INFO  segmented.SegmentedRaftLogWorker (SegmentedRaftLogWorker.java:lambda$new$0(128)) - fff7125c-610a-434d-b194-38800617abc4@group-4FF8CA26B826-SegmentedRaftLogWorker: flushIndex: setUnconditionally 0 -> -1
2019-10-17 21:54:44,408 [9a96bff1-ea9f-4cea-8163-a3905a9e2704@group-4FF8CA26B826-SegmentedRaftLogWorker] INFO  segmented.SegmentedRaftLogWorker (SegmentedRaftLogWorker.java:execute(576)) - 9a96bff1-ea9f-4cea-8163-a3905a9e2704@group-4FF8CA26B826-SegmentedRaftLogWorker: created new log segment /workdir/hadoop-ozone/integration-test/target/test-dir/MiniOzoneClusterImpl-8354d78d-dcd0-455c-bdef-cdb54255caab/datanode-4/data/ratis/e919e467-9e8c-41dd-b4c7-4ff8ca26b826/current/log_inprogress_0
2019-10-17 21:54:44,409 [d6dfcdd7-fc6e-4b51-b91e-b64503dadc5e@group-F967393F7C93-LeaderElection35] INFO  impl.LeaderElection (LeaderElection.java:askForVotes(178)) - d6dfcdd7-fc6e-4b51-b91e-b64503dadc5e@group-F967393F7C93-LeaderElection35: begin an election at term 13 for -1: [08d4cbaa-ffed-4411-a5fd-c4a38026aead:192.168.157.223:33910, da15dfee-23f0-4dc4-ad77-c00156c49cfa:192.168.157.223:42172, d6dfcdd7-fc6e-4b51-b91e-b64503dadc5e:192.168.157.223:43575], old=null
2019-10-17 21:54:44,409 [c3d1d4b8-f513-489f-ad1a-d9e469eb6c8d@group-4FF8CA26B826-LeaderElection36] INFO  impl.LeaderElection (LeaderElection.java:askForVotes(178)) - c3d1d4b8-f513-489f-ad1a-d9e469eb6c8d@group-4FF8CA26B826-LeaderElection36: begin an election at term 10 for -1: [c3d1d4b8-f513-489f-ad1a-d9e469eb6c8d:192.168.157.223:35769, 9a96bff1-ea9f-4cea-8163-a3905a9e2704:192.168.157.223:39495, fff7125c-610a-434d-b194-38800617abc4:192.168.157.223:34162], old=null
2019-10-17 21:54:44,411 [Thread-580] INFO  impl.RaftServerImpl (ServerState.java:setLeader(256)) - 9a96bff1-ea9f-4cea-8163-a3905a9e2704@group-4FF8CA26B826: change Leader from 9a96bff1-ea9f-4cea-8163-a3905a9e2704 to null at term 10 for updateCurrentTerm
2019-10-17 21:54:44,411 [Thread-580] INFO  impl.RaftServerImpl (RaftServerImpl.java:setRole(184)) - 9a96bff1-ea9f-4cea-8163-a3905a9e2704@group-4FF8CA26B826: changes role from    LEADER to FOLLOWER at term 10 for stepDown
2019-10-17 21:54:44,411 [Thread-580] INFO  impl.RoleInfo (RoleInfo.java:shutdownLeaderState(104)) - 9a96bff1-ea9f-4cea-8163-a3905a9e2704: shutdown LeaderState
2019-10-17 21:54:44,438 [org.apache.ratis.server.impl.LogAppender$AppenderDaemon$$Lambda$456/2008494382@29ec5454] WARN  server.GrpcLogAppender (GrpcLogAppender.java:mayWait(149)) - 9a96bff1-ea9f-4cea-8163-a3905a9e2704@group-4FF8CA26B826->fff7125c-610a-434d-b194-38800617abc4-GrpcLogAppender: Wait interrupted by java.lang.InterruptedException
2019-10-17 21:54:44,438 [Thread-580] INFO  impl.PendingRequests (PendingRequests.java:sendNotLeaderResponses(202)) - 9a96bff1-ea9f-4cea-8163-a3905a9e2704@group-4FF8CA26B826-PendingRequests: sendNotLeaderResponses
2019-10-17 21:54:44,438 [org.apache.ratis.server.impl.LogAppender$AppenderDaemon$$Lambda$456/2008494382@183e8ded] WARN  server.GrpcLogAppender (GrpcLogAppender.java:mayWait(149)) - 9a96bff1-ea9f-4cea-8163-a3905a9e2704@group-4FF8CA26B826->c3d1d4b8-f513-489f-ad1a-d9e469eb6c8d-GrpcLogAppender: Wait interrupted by java.lang.InterruptedException
2019-10-17 21:54:44,438 [Thread-580] INFO  impl.RoleInfo (RoleInfo.java:updateAndGet(143)) - 9a96bff1-ea9f-4cea-8163-a3905a9e2704: start FollowerState
2019-10-17 21:54:44,440 [grpc-default-executor-9] INFO  impl.RaftServerImpl (ServerState.java:setLeader(256)) - fff7125c-610a-434d-b194-38800617abc4@group-4FF8CA26B826: change Leader from 9a96bff1-ea9f-4cea-8163-a3905a9e2704 to null at term 10 for updateCurrentTerm
2019-10-17 21:54:44,440 [grpc-default-executor-9] INFO  impl.RaftServerImpl (RaftServerImpl.java:setRole(184)) - fff7125c-610a-434d-b194-38800617abc4@group-4FF8CA26B826: changes role from  FOLLOWER to FOLLOWER at term 10 for recognizeCandidate:c3d1d4b8-f513-489f-ad1a-d9e469eb6c8d
2019-10-17 21:54:44,440 [grpc-default-executor-9] INFO  impl.RoleInfo (RoleInfo.java:shutdownFollowerState(121)) - fff7125c-610a-434d-b194-38800617abc4: shutdown FollowerState
2019-10-17 21:54:44,440 [grpc-default-executor-1] INFO  impl.RaftServerImpl (RaftServerImpl.java:setRole(184)) - 08d4cbaa-ffed-4411-a5fd-c4a38026aead@group-F967393F7C93: changes role from  FOLLOWER to FOLLOWER at term 13 for recognizeCandidate:d6dfcdd7-fc6e-4b51-b91e-b64503dadc5e
2019-10-17 21:54:44,440 [Thread-578] INFO  impl.FollowerState (FollowerState.java:run(117)) - fff7125c-610a-434d-b194-38800617abc4@group-4FF8CA26B826-FollowerState was interrupted: java.lang.InterruptedException: sleep interrupted
2019-10-17 21:54:44,440 [grpc-default-executor-9] INFO  impl.RoleInfo (RoleInfo.java:updateAndGet(143)) - fff7125c-610a-434d-b194-38800617abc4: start FollowerState
2019-10-17 21:54:44,440 [grpc-default-executor-6] INFO  impl.RaftServerImpl (RaftServerImpl.java:setRole(184)) - da15dfee-23f0-4dc4-ad77-c00156c49cfa@group-F967393F7C93: changes role from  FOLLOWER to FOLLOWER at term 13 for recognizeCandidate:d6dfcdd7-fc6e-4b51-b91e-b64503dadc5e
2019-10-17 21:54:44,440 [grpc-default-executor-1] INFO  impl.RoleInfo (RoleInfo.java:shutdownFollowerState(121)) - 08d4cbaa-ffed-4411-a5fd-c4a38026aead: shutdown FollowerState
2019-10-17 21:54:44,441 [grpc-default-executor-12] INFO  server.GrpcServerProtocolService (GrpcServerProtocolService.java:onCompleted(113)) - fff7125c-610a-434d-b194-38800617abc4: Completed APPEND_ENTRIES, lastRequest: 9a96bff1-ea9f-4cea-8163-a3905a9e2704->fff7125c-610a-434d-b194-38800617abc4#1-t9, previous=(t:0, i:0), leaderCommit=-1, initializing? false, entries: size=1, first=(t:9, i:0), CONFIGURATIONENTRY
2019-10-17 21:54:44,441 [grpc-default-executor-1] INFO  impl.RoleInfo (RoleInfo.java:updateAndGet(143)) - 08d4cbaa-ffed-4411-a5fd-c4a38026aead: start FollowerState
2019-10-17 21:54:44,441 [grpc-default-executor-10] INFO  server.GrpcServerProtocolService (GrpcServerProtocolService.java:onCompleted(113)) - c3d1d4b8-f513-489f-ad1a-d9e469eb6c8d: Completed APPEND_ENTRIES, lastRequest: 9a96bff1-ea9f-4cea-8163-a3905a9e2704->c3d1d4b8-f513-489f-ad1a-d9e469eb6c8d#1-t9, previous=(t:0, i:0), leaderCommit=-1, initializing? false, entries: size=1, first=(t:9, i:0), CONFIGURATIONENTRY
2019-10-17 21:54:44,441 [grpc-default-executor-6] INFO  impl.RoleInfo (RoleInfo.java:shutdownFollowerState(121)) - da15dfee-23f0-4dc4-ad77-c00156c49cfa: shutdown FollowerState
2019-10-17 21:54:44,441 [Thread-560] INFO  impl.FollowerState (FollowerState.java:run(117)) - 08d4cbaa-ffed-4411-a5fd-c4a38026aead@group-F967393F7C93-FollowerState was interrupted: java.lang.InterruptedException: sleep interrupted
2019-10-17 21:54:44,442 [grpc-default-executor-10] INFO  server.GrpcLogAppender (GrpcLogAppender.java:onCompleted(308)) - 9a96bff1-ea9f-4cea-8163-a3905a9e2704@group-4FF8CA26B826->fff7125c-610a-434d-b194-38800617abc4-AppendLogResponseHandler: follower responses appendEntries COMPLETED
2019-10-17 21:54:44,442 [grpc-default-executor-6] INFO  impl.RoleInfo (RoleInfo.java:updateAndGet(143)) - da15dfee-23f0-4dc4-ad77-c00156c49cfa: start FollowerState
2019-10-17 21:54:44,442 [Thread-561] INFO  impl.FollowerState (FollowerState.java:run(117)) - da15dfee-23f0-4dc4-ad77-c00156c49cfa@group-F967393F7C93-FollowerState was interrupted: java.lang.InterruptedException: sleep interrupted
2019-10-17 21:54:44,446 [grpc-default-executor-10] INFO  impl.FollowerInfo (FollowerInfo.java:lambda$new$0(51)) - 9a96bff1-ea9f-4cea-8163-a3905a9e2704@group-4FF8CA26B826->fff7125c-610a-434d-b194-38800617abc4: nextIndex: updateUnconditionally 1 -> 0
2019-10-17 21:54:44,446 [grpc-default-executor-12] INFO  server.GrpcLogAppender (GrpcLogAppender.java:onCompleted(308)) - 9a96bff1-ea9f-4cea-8163-a3905a9e2704@group-4FF8CA26B826->c3d1d4b8-f513-489f-ad1a-d9e469eb6c8d-AppendLogResponseHandler: follower responses appendEntries COMPLETED
2019-10-17 21:54:44,471 [fff7125c-610a-434d-b194-38800617abc4@group-4FF8CA26B826-SegmentedRaftLogWorker] INFO  segmented.SegmentedRaftLogWorker (SegmentedRaftLogWorker.java:execute(576)) - fff7125c-610a-434d-b194-38800617abc4@group-4FF8CA26B826-SegmentedRaftLogWorker: created new log segment /workdir/hadoop-ozone/integration-test/target/test-dir/MiniOzoneClusterImpl-8354d78d-dcd0-455c-bdef-cdb54255caab/datanode-6/data/ratis/e919e467-9e8c-41dd-b4c7-4ff8ca26b826/current/log_inprogress_0
2019-10-17 21:54:44,476 [d6dfcdd7-fc6e-4b51-b91e-b64503dadc5e@group-F967393F7C93-LeaderElection35] INFO  impl.LeaderElection (LeaderElection.java:logAndReturn(56)) - d6dfcdd7-fc6e-4b51-b91e-b64503dadc5e@group-F967393F7C93-LeaderElection35: Election TIMEOUT; received 0 response(s) [] and 0 exception(s); d6dfcdd7-fc6e-4b51-b91e-b64503dadc5e@group-F967393F7C93:t13, leader=null, voted=d6dfcdd7-fc6e-4b51-b91e-b64503dadc5e, raftlog=d6dfcdd7-fc6e-4b51-b91e-b64503dadc5e@group-F967393F7C93-SegmentedRaftLog:OPENED:c-1,f-1,i0, conf=-1: [08d4cbaa-ffed-4411-a5fd-c4a38026aead:192.168.157.223:33910, da15dfee-23f0-4dc4-ad77-c00156c49cfa:192.168.157.223:42172, d6dfcdd7-fc6e-4b51-b91e-b64503dadc5e:192.168.157.223:43575], old=null
2019-10-17 21:54:44,476 [grpc-default-executor-11] INFO  impl.RaftServerImpl (RaftServerImpl.java:setRole(184)) - 9a96bff1-ea9f-4cea-8163-a3905a9e2704@group-4FF8CA26B826: changes role from  FOLLOWER to FOLLOWER at term 10 for recognizeCandidate:c3d1d4b8-f513-489f-ad1a-d9e469eb6c8d
2019-10-17 21:54:44,476 [grpc-default-executor-11] INFO  impl.RoleInfo (RoleInfo.java:shutdownFollowerState(121)) - 9a96bff1-ea9f-4cea-8163-a3905a9e2704: shutdown FollowerState
2019-10-17 21:54:44,476 [grpc-default-executor-12] INFO  impl.FollowerInfo (FollowerInfo.java:lambda$new$0(51)) - 9a96bff1-ea9f-4cea-8163-a3905a9e2704@group-4FF8CA26B826->c3d1d4b8-f513-489f-ad1a-d9e469eb6c8d: nextIndex: updateUnconditionally 1 -> 0
2019-10-17 21:54:44,476 [grpc-default-executor-11] INFO  impl.RoleInfo (RoleInfo.java:updateAndGet(143)) - 9a96bff1-ea9f-4cea-8163-a3905a9e2704: start FollowerState
2019-10-17 21:54:44,476 [Thread-593] INFO  impl.FollowerState (FollowerState.java:run(117)) - 9a96bff1-ea9f-4cea-8163-a3905a9e2704@group-4FF8CA26B826-FollowerState was interrupted: java.lang.InterruptedException: sleep interrupted
2019-10-17 21:54:44,479 [c3d1d4b8-f513-489f-ad1a-d9e469eb6c8d@group-4FF8CA26B826-LeaderElection36] INFO  impl.LeaderElection (LeaderElection.java:logAndReturn(56)) - c3d1d4b8-f513-489f-ad1a-d9e469eb6c8d@group-4FF8CA26B826-LeaderElection36: Election REJECTED; received 2 response(s) [c3d1d4b8-f513-489f-ad1a-d9e469eb6c8d<-9a96bff1-ea9f-4cea-8163-a3905a9e2704#0:FAIL-t10, c3d1d4b8-f513-489f-ad1a-d9e469eb6c8d<-fff7125c-610a-434d-b194-38800617abc4#0:FAIL-t10] and 0 exception(s); c3d1d4b8-f513-489f-ad1a-d9e469eb6c8d@group-4FF8CA26B826:t10, leader=null, voted=c3d1d4b8-f513-489f-ad1a-d9e469eb6c8d, raftlog=c3d1d4b8-f513-489f-ad1a-d9e469eb6c8d@group-4FF8CA26B826-SegmentedRaftLog:OPENED:c-1,f-1,i0, conf=-1: [c3d1d4b8-f513-489f-ad1a-d9e469eb6c8d:192.168.157.223:35769, 9a96bff1-ea9f-4cea-8163-a3905a9e2704:192.168.157.223:39495, fff7125c-610a-434d-b194-38800617abc4:192.168.157.223:34162], old=null
2019-10-17 21:54:44,479 [c3d1d4b8-f513-489f-ad1a-d9e469eb6c8d@group-4FF8CA26B826-LeaderElection36] INFO  impl.RaftServerImpl (RaftServerImpl.java:setRole(184)) - c3d1d4b8-f513-489f-ad1a-d9e469eb6c8d@group-4FF8CA26B826: changes role from CANDIDATE to FOLLOWER at term 10 for DISCOVERED_A_NEW_TERM
2019-10-17 21:54:44,479 [c3d1d4b8-f513-489f-ad1a-d9e469eb6c8d@group-4FF8CA26B826-LeaderElection36] INFO  impl.RoleInfo (RoleInfo.java:shutdownLeaderElection(134)) - c3d1d4b8-f513-489f-ad1a-d9e469eb6c8d: shutdown LeaderElection
2019-10-17 21:54:44,480 [c3d1d4b8-f513-489f-ad1a-d9e469eb6c8d@group-4FF8CA26B826-LeaderElection36] INFO  impl.RoleInfo (RoleInfo.java:updateAndGet(143)) - c3d1d4b8-f513-489f-ad1a-d9e469eb6c8d: start FollowerState
2019-10-17 21:54:44,482 [d6dfcdd7-fc6e-4b51-b91e-b64503dadc5e@group-F967393F7C93-LeaderElection35] INFO  impl.LeaderElection (LeaderElection.java:askForVotes(178)) - d6dfcdd7-fc6e-4b51-b91e-b64503dadc5e@group-F967393F7C93-LeaderElection35: begin an election at term 14 for -1: [08d4cbaa-ffed-4411-a5fd-c4a38026aead:192.168.157.223:33910, da15dfee-23f0-4dc4-ad77-c00156c49cfa:192.168.157.223:42172, d6dfcdd7-fc6e-4b51-b91e-b64503dadc5e:192.168.157.223:43575], old=null
2019-10-17 21:54:44,486 [grpc-default-executor-11] INFO  impl.RaftServerImpl (RaftServerImpl.java:setRole(184)) - 08d4cbaa-ffed-4411-a5fd-c4a38026aead@group-F967393F7C93: changes role from  FOLLOWER to FOLLOWER at term 14 for recognizeCandidate:d6dfcdd7-fc6e-4b51-b91e-b64503dadc5e
2019-10-17 21:54:44,486 [grpc-default-executor-11] INFO  impl.RoleInfo (RoleInfo.java:shutdownFollowerState(121)) - 08d4cbaa-ffed-4411-a5fd-c4a38026aead: shutdown FollowerState
2019-10-17 21:54:44,486 [grpc-default-executor-12] INFO  impl.RaftServerImpl (RaftServerImpl.java:setRole(184)) - da15dfee-23f0-4dc4-ad77-c00156c49cfa@group-F967393F7C93: changes role from  FOLLOWER to FOLLOWER at term 14 for recognizeCandidate:d6dfcdd7-fc6e-4b51-b91e-b64503dadc5e
2019-10-17 21:54:44,487 [grpc-default-executor-11] INFO  impl.RoleInfo (RoleInfo.java:updateAndGet(143)) - 08d4cbaa-ffed-4411-a5fd-c4a38026aead: start FollowerState
2019-10-17 21:54:44,487 [Thread-595] INFO  impl.FollowerState (FollowerState.java:run(117)) - 08d4cbaa-ffed-4411-a5fd-c4a38026aead@group-F967393F7C93-FollowerState was interrupted: java.lang.InterruptedException: sleep interrupted
2019-10-17 21:54:44,487 [grpc-default-executor-12] INFO  impl.RoleInfo (RoleInfo.java:shutdownFollowerState(121)) - da15dfee-23f0-4dc4-ad77-c00156c49cfa: shutdown FollowerState
2019-10-17 21:54:44,487 [grpc-default-executor-12] INFO  impl.RoleInfo (RoleInfo.java:updateAndGet(143)) - da15dfee-23f0-4dc4-ad77-c00156c49cfa: start FollowerState
2019-10-17 21:54:44,487 [Thread-596] INFO  impl.FollowerState (FollowerState.java:run(117)) - da15dfee-23f0-4dc4-ad77-c00156c49cfa@group-F967393F7C93-FollowerState was interrupted: java.lang.InterruptedException: sleep interrupted
2019-10-17 21:54:44,496 [d6dfcdd7-fc6e-4b51-b91e-b64503dadc5e@group-F967393F7C93-LeaderElection35] INFO  impl.LeaderElection (LeaderElection.java:logAndReturn(56)) - d6dfcdd7-fc6e-4b51-b91e-b64503dadc5e@group-F967393F7C93-LeaderElection35: Election REJECTED; received 2 response(s) [d6dfcdd7-fc6e-4b51-b91e-b64503dadc5e<-08d4cbaa-ffed-4411-a5fd-c4a38026aead#0:FAIL-t14, d6dfcdd7-fc6e-4b51-b91e-b64503dadc5e<-da15dfee-23f0-4dc4-ad77-c00156c49cfa#0:FAIL-t14] and 0 exception(s); d6dfcdd7-fc6e-4b51-b91e-b64503dadc5e@group-F967393F7C93:t14, leader=null, voted=d6dfcdd7-fc6e-4b51-b91e-b64503dadc5e, raftlog=d6dfcdd7-fc6e-4b51-b91e-b64503dadc5e@group-F967393F7C93-SegmentedRaftLog:OPENED:c-1,f-1,i0, conf=-1: [08d4cbaa-ffed-4411-a5fd-c4a38026aead:192.168.157.223:33910, da15dfee-23f0-4dc4-ad77-c00156c49cfa:192.168.157.223:42172, d6dfcdd7-fc6e-4b51-b91e-b64503dadc5e:192.168.157.223:43575], old=null
2019-10-17 21:54:44,496 [d6dfcdd7-fc6e-4b51-b91e-b64503dadc5e@group-F967393F7C93-LeaderElection35] INFO  impl.RaftServerImpl (RaftServerImpl.java:setRole(184)) - d6dfcdd7-fc6e-4b51-b91e-b64503dadc5e@group-F967393F7C93: changes role from CANDIDATE to FOLLOWER at term 14 for DISCOVERED_A_NEW_TERM
2019-10-17 21:54:44,496 [d6dfcdd7-fc6e-4b51-b91e-b64503dadc5e@group-F967393F7C93-LeaderElection35] INFO  impl.RoleInfo (RoleInfo.java:shutdownLeaderElection(134)) - d6dfcdd7-fc6e-4b51-b91e-b64503dadc5e: shutdown LeaderElection
2019-10-17 21:54:44,496 [d6dfcdd7-fc6e-4b51-b91e-b64503dadc5e@group-F967393F7C93-LeaderElection35] INFO  impl.RoleInfo (RoleInfo.java:updateAndGet(143)) - d6dfcdd7-fc6e-4b51-b91e-b64503dadc5e: start FollowerState
2019-10-17 21:54:44,542 [main] INFO  impl.MetricsSystemImpl (MetricsSystemImpl.java:init(158)) - XceiverClientMetrics metrics system started (again)
2019-10-17 21:54:44,563 [Thread-604] INFO  impl.FollowerState (FollowerState.java:run(108)) - d6dfcdd7-fc6e-4b51-b91e-b64503dadc5e@group-F967393F7C93-FollowerState: change to CANDIDATE, lastRpcTime:66ms, electionTimeout:66ms
2019-10-17 21:54:44,563 [Thread-604] INFO  impl.RoleInfo (RoleInfo.java:shutdownFollowerState(121)) - d6dfcdd7-fc6e-4b51-b91e-b64503dadc5e: shutdown FollowerState
2019-10-17 21:54:44,563 [Thread-604] INFO  impl.RaftServerImpl (RaftServerImpl.java:setRole(184)) - d6dfcdd7-fc6e-4b51-b91e-b64503dadc5e@group-F967393F7C93: changes role from  FOLLOWER to CANDIDATE at term 14 for changeToCandidate
2019-10-17 21:54:44,564 [Thread-604] INFO  impl.RoleInfo (RoleInfo.java:updateAndGet(143)) - d6dfcdd7-fc6e-4b51-b91e-b64503dadc5e: start LeaderElection
2019-10-17 21:54:44,579 [d6dfcdd7-fc6e-4b51-b91e-b64503dadc5e@group-F967393F7C93-LeaderElection37] INFO  impl.LeaderElection (LeaderElection.java:askForVotes(178)) - d6dfcdd7-fc6e-4b51-b91e-b64503dadc5e@group-F967393F7C93-LeaderElection37: begin an election at term 15 for -1: [08d4cbaa-ffed-4411-a5fd-c4a38026aead:192.168.157.223:33910, da15dfee-23f0-4dc4-ad77-c00156c49cfa:192.168.157.223:42172, d6dfcdd7-fc6e-4b51-b91e-b64503dadc5e:192.168.157.223:43575], old=null
2019-10-17 21:54:44,582 [grpc-default-executor-12] INFO  impl.RaftServerImpl (RaftServerImpl.java:setRole(184)) - da15dfee-23f0-4dc4-ad77-c00156c49cfa@group-F967393F7C93: changes role from  FOLLOWER to FOLLOWER at term 15 for recognizeCandidate:d6dfcdd7-fc6e-4b51-b91e-b64503dadc5e
2019-10-17 21:54:44,582 [grpc-default-executor-11] INFO  impl.RaftServerImpl (RaftServerImpl.java:setRole(184)) - 08d4cbaa-ffed-4411-a5fd-c4a38026aead@group-F967393F7C93: changes role from  FOLLOWER to FOLLOWER at term 15 for recognizeCandidate:d6dfcdd7-fc6e-4b51-b91e-b64503dadc5e
2019-10-17 21:54:44,582 [grpc-default-executor-12] INFO  impl.RoleInfo (RoleInfo.java:shutdownFollowerState(121)) - da15dfee-23f0-4dc4-ad77-c00156c49cfa: shutdown FollowerState
2019-10-17 21:54:44,583 [grpc-default-executor-11] INFO  impl.RoleInfo (RoleInfo.java:shutdownFollowerState(121)) - 08d4cbaa-ffed-4411-a5fd-c4a38026aead: shutdown FollowerState
2019-10-17 21:54:44,583 [grpc-default-executor-12] INFO  impl.RoleInfo (RoleInfo.java:updateAndGet(143)) - da15dfee-23f0-4dc4-ad77-c00156c49cfa: start FollowerState
2019-10-17 21:54:44,583 [Thread-602] INFO  impl.FollowerState (FollowerState.java:run(117)) - 08d4cbaa-ffed-4411-a5fd-c4a38026aead@group-F967393F7C93-FollowerState was interrupted: java.lang.InterruptedException: sleep interrupted
2019-10-17 21:54:44,583 [grpc-default-executor-11] INFO  impl.RoleInfo (RoleInfo.java:updateAndGet(143)) - 08d4cbaa-ffed-4411-a5fd-c4a38026aead: start FollowerState
2019-10-17 21:54:44,583 [Thread-603] INFO  impl.FollowerState (FollowerState.java:run(117)) - da15dfee-23f0-4dc4-ad77-c00156c49cfa@group-F967393F7C93-FollowerState was interrupted: java.lang.InterruptedException: sleep interrupted
2019-10-17 21:54:44,593 [d6dfcdd7-fc6e-4b51-b91e-b64503dadc5e@group-F967393F7C93-LeaderElection37] INFO  impl.LeaderElection (LeaderElection.java:logAndReturn(56)) - d6dfcdd7-fc6e-4b51-b91e-b64503dadc5e@group-F967393F7C93-LeaderElection37: Election REJECTED; received 2 response(s) [d6dfcdd7-fc6e-4b51-b91e-b64503dadc5e<-08d4cbaa-ffed-4411-a5fd-c4a38026aead#0:FAIL-t15, d6dfcdd7-fc6e-4b51-b91e-b64503dadc5e<-da15dfee-23f0-4dc4-ad77-c00156c49cfa#0:FAIL-t15] and 0 exception(s); d6dfcdd7-fc6e-4b51-b91e-b64503dadc5e@group-F967393F7C93:t15, leader=null, voted=d6dfcdd7-fc6e-4b51-b91e-b64503dadc5e, raftlog=d6dfcdd7-fc6e-4b51-b91e-b64503dadc5e@group-F967393F7C93-SegmentedRaftLog:OPENED:c-1,f-1,i0, conf=-1: [08d4cbaa-ffed-4411-a5fd-c4a38026aead:192.168.157.223:33910, da15dfee-23f0-4dc4-ad77-c00156c49cfa:192.168.157.223:42172, d6dfcdd7-fc6e-4b51-b91e-b64503dadc5e:192.168.157.223:43575], old=null
2019-10-17 21:54:44,593 [d6dfcdd7-fc6e-4b51-b91e-b64503dadc5e@group-F967393F7C93-LeaderElection37] INFO  impl.RaftServerImpl (RaftServerImpl.java:setRole(184)) - d6dfcdd7-fc6e-4b51-b91e-b64503dadc5e@group-F967393F7C93: changes role from CANDIDATE to FOLLOWER at term 15 for DISCOVERED_A_NEW_TERM
2019-10-17 21:54:44,593 [d6dfcdd7-fc6e-4b51-b91e-b64503dadc5e@group-F967393F7C93-LeaderElection37] INFO  impl.RoleInfo (RoleInfo.java:shutdownLeaderElection(134)) - d6dfcdd7-fc6e-4b51-b91e-b64503dadc5e: shutdown LeaderElection
2019-10-17 21:54:44,593 [d6dfcdd7-fc6e-4b51-b91e-b64503dadc5e@group-F967393F7C93-LeaderElection37] INFO  impl.RoleInfo (RoleInfo.java:updateAndGet(143)) - d6dfcdd7-fc6e-4b51-b91e-b64503dadc5e: start FollowerState
2019-10-17 21:54:44,792 [Thread-610] INFO  impl.FollowerState (FollowerState.java:run(108)) - d6dfcdd7-fc6e-4b51-b91e-b64503dadc5e@group-F967393F7C93-FollowerState: change to CANDIDATE, lastRpcTime:198ms, electionTimeout:198ms
2019-10-17 21:54:44,792 [Thread-610] INFO  impl.RoleInfo (RoleInfo.java:shutdownFollowerState(121)) - d6dfcdd7-fc6e-4b51-b91e-b64503dadc5e: shutdown FollowerState
2019-10-17 21:54:44,792 [Thread-610] INFO  impl.RaftServerImpl (RaftServerImpl.java:setRole(184)) - d6dfcdd7-fc6e-4b51-b91e-b64503dadc5e@group-F967393F7C93: changes role from  FOLLOWER to CANDIDATE at term 15 for changeToCandidate
2019-10-17 21:54:44,792 [Thread-610] INFO  impl.RoleInfo (RoleInfo.java:updateAndGet(143)) - d6dfcdd7-fc6e-4b51-b91e-b64503dadc5e: start LeaderElection
2019-10-17 21:54:44,806 [d6dfcdd7-fc6e-4b51-b91e-b64503dadc5e@group-F967393F7C93-LeaderElection38] INFO  impl.LeaderElection (LeaderElection.java:askForVotes(178)) - d6dfcdd7-fc6e-4b51-b91e-b64503dadc5e@group-F967393F7C93-LeaderElection38: begin an election at term 16 for -1: [08d4cbaa-ffed-4411-a5fd-c4a38026aead:192.168.157.223:33910, da15dfee-23f0-4dc4-ad77-c00156c49cfa:192.168.157.223:42172, d6dfcdd7-fc6e-4b51-b91e-b64503dadc5e:192.168.157.223:43575], old=null
2019-10-17 21:54:44,809 [grpc-default-executor-12] INFO  impl.RaftServerImpl (RaftServerImpl.java:setRole(184)) - 08d4cbaa-ffed-4411-a5fd-c4a38026aead@group-F967393F7C93: changes role from  FOLLOWER to FOLLOWER at term 16 for recognizeCandidate:d6dfcdd7-fc6e-4b51-b91e-b64503dadc5e
2019-10-17 21:54:44,810 [grpc-default-executor-12] INFO  impl.RoleInfo (RoleInfo.java:shutdownFollowerState(121)) - 08d4cbaa-ffed-4411-a5fd-c4a38026aead: shutdown FollowerState
2019-10-17 21:54:44,810 [grpc-default-executor-12] INFO  impl.RoleInfo (RoleInfo.java:updateAndGet(143)) - 08d4cbaa-ffed-4411-a5fd-c4a38026aead: start FollowerState
2019-10-17 21:54:44,810 [Thread-609] INFO  impl.FollowerState (FollowerState.java:run(117)) - 08d4cbaa-ffed-4411-a5fd-c4a38026aead@group-F967393F7C93-FollowerState was interrupted: java.lang.InterruptedException: sleep interrupted
2019-10-17 21:54:44,810 [grpc-default-executor-11] INFO  impl.RaftServerImpl (RaftServerImpl.java:setRole(184)) - da15dfee-23f0-4dc4-ad77-c00156c49cfa@group-F967393F7C93: changes role from  FOLLOWER to FOLLOWER at term 16 for recognizeCandidate:d6dfcdd7-fc6e-4b51-b91e-b64503dadc5e
2019-10-17 21:54:44,810 [grpc-default-executor-11] INFO  impl.RoleInfo (RoleInfo.java:shutdownFollowerState(121)) - da15dfee-23f0-4dc4-ad77-c00156c49cfa: shutdown FollowerState
2019-10-17 21:54:44,811 [grpc-default-executor-11] INFO  impl.RoleInfo (RoleInfo.java:updateAndGet(143)) - da15dfee-23f0-4dc4-ad77-c00156c49cfa: start FollowerState
2019-10-17 21:54:44,811 [Thread-608] INFO  impl.FollowerState (FollowerState.java:run(117)) - da15dfee-23f0-4dc4-ad77-c00156c49cfa@group-F967393F7C93-FollowerState was interrupted: java.lang.InterruptedException: sleep interrupted
2019-10-17 21:54:44,825 [d6dfcdd7-fc6e-4b51-b91e-b64503dadc5e@group-F967393F7C93-LeaderElection38] INFO  impl.LeaderElection (LeaderElection.java:logAndReturn(56)) - d6dfcdd7-fc6e-4b51-b91e-b64503dadc5e@group-F967393F7C93-LeaderElection38: Election REJECTED; received 2 response(s) [d6dfcdd7-fc6e-4b51-b91e-b64503dadc5e<-08d4cbaa-ffed-4411-a5fd-c4a38026aead#0:FAIL-t16, d6dfcdd7-fc6e-4b51-b91e-b64503dadc5e<-da15dfee-23f0-4dc4-ad77-c00156c49cfa#0:FAIL-t16] and 0 exception(s); d6dfcdd7-fc6e-4b51-b91e-b64503dadc5e@group-F967393F7C93:t16, leader=null, voted=d6dfcdd7-fc6e-4b51-b91e-b64503dadc5e, raftlog=d6dfcdd7-fc6e-4b51-b91e-b64503dadc5e@group-F967393F7C93-SegmentedRaftLog:OPENED:c-1,f-1,i0, conf=-1: [08d4cbaa-ffed-4411-a5fd-c4a38026aead:192.168.157.223:33910, da15dfee-23f0-4dc4-ad77-c00156c49cfa:192.168.157.223:42172, d6dfcdd7-fc6e-4b51-b91e-b64503dadc5e:192.168.157.223:43575], old=null
2019-10-17 21:54:44,826 [d6dfcdd7-fc6e-4b51-b91e-b64503dadc5e@group-F967393F7C93-LeaderElection38] INFO  impl.RaftServerImpl (RaftServerImpl.java:setRole(184)) - d6dfcdd7-fc6e-4b51-b91e-b64503dadc5e@group-F967393F7C93: changes role from CANDIDATE to FOLLOWER at term 16 for DISCOVERED_A_NEW_TERM
2019-10-17 21:54:44,826 [d6dfcdd7-fc6e-4b51-b91e-b64503dadc5e@group-F967393F7C93-LeaderElection38] INFO  impl.RoleInfo (RoleInfo.java:shutdownLeaderElection(134)) - d6dfcdd7-fc6e-4b51-b91e-b64503dadc5e: shutdown LeaderElection
2019-10-17 21:54:44,826 [d6dfcdd7-fc6e-4b51-b91e-b64503dadc5e@group-F967393F7C93-LeaderElection38] INFO  impl.RoleInfo (RoleInfo.java:updateAndGet(143)) - d6dfcdd7-fc6e-4b51-b91e-b64503dadc5e: start FollowerState
2019-10-17 21:54:44,855 [Thread-621] INFO  impl.FollowerState (FollowerState.java:run(108)) - d6dfcdd7-fc6e-4b51-b91e-b64503dadc5e@group-F967393F7C93-FollowerState: change to CANDIDATE, lastRpcTime:29ms, electionTimeout:29ms
2019-10-17 21:54:44,856 [Thread-621] INFO  impl.RoleInfo (RoleInfo.java:shutdownFollowerState(121)) - d6dfcdd7-fc6e-4b51-b91e-b64503dadc5e: shutdown FollowerState
2019-10-17 21:54:44,856 [Thread-621] INFO  impl.RaftServerImpl (RaftServerImpl.java:setRole(184)) - d6dfcdd7-fc6e-4b51-b91e-b64503dadc5e@group-F967393F7C93: changes role from  FOLLOWER to CANDIDATE at term 16 for changeToCandidate
2019-10-17 21:54:44,856 [Thread-621] INFO  impl.RoleInfo (RoleInfo.java:updateAndGet(143)) - d6dfcdd7-fc6e-4b51-b91e-b64503dadc5e: start LeaderElection
2019-10-17 21:54:44,869 [d6dfcdd7-fc6e-4b51-b91e-b64503dadc5e@group-F967393F7C93-LeaderElection39] INFO  impl.LeaderElection (LeaderElection.java:askForVotes(178)) - d6dfcdd7-fc6e-4b51-b91e-b64503dadc5e@group-F967393F7C93-LeaderElection39: begin an election at term 17 for -1: [08d4cbaa-ffed-4411-a5fd-c4a38026aead:192.168.157.223:33910, da15dfee-23f0-4dc4-ad77-c00156c49cfa:192.168.157.223:42172, d6dfcdd7-fc6e-4b51-b91e-b64503dadc5e:192.168.157.223:43575], old=null
2019-10-17 21:54:44,872 [grpc-default-executor-11] INFO  impl.RaftServerImpl (RaftServerImpl.java:setRole(184)) - 08d4cbaa-ffed-4411-a5fd-c4a38026aead@group-F967393F7C93: changes role from  FOLLOWER to FOLLOWER at term 17 for recognizeCandidate:d6dfcdd7-fc6e-4b51-b91e-b64503dadc5e
2019-10-17 21:54:44,872 [grpc-default-executor-11] INFO  impl.RoleInfo (RoleInfo.java:shutdownFollowerState(121)) - 08d4cbaa-ffed-4411-a5fd-c4a38026aead: shutdown FollowerState
2019-10-17 21:54:44,872 [grpc-default-executor-11] INFO  impl.RoleInfo (RoleInfo.java:updateAndGet(143)) - 08d4cbaa-ffed-4411-a5fd-c4a38026aead: start FollowerState
2019-10-17 21:54:44,872 [Thread-619] INFO  impl.FollowerState (FollowerState.java:run(117)) - 08d4cbaa-ffed-4411-a5fd-c4a38026aead@group-F967393F7C93-FollowerState was interrupted: java.lang.InterruptedException: sleep interrupted
2019-10-17 21:54:44,872 [grpc-default-executor-12] INFO  impl.RaftServerImpl (RaftServerImpl.java:setRole(184)) - da15dfee-23f0-4dc4-ad77-c00156c49cfa@group-F967393F7C93: changes role from  FOLLOWER to FOLLOWER at term 17 for recognizeCandidate:d6dfcdd7-fc6e-4b51-b91e-b64503dadc5e
2019-10-17 21:54:44,873 [grpc-default-executor-12] INFO  impl.RoleInfo (RoleInfo.java:shutdownFollowerState(121)) - da15dfee-23f0-4dc4-ad77-c00156c49cfa: shutdown FollowerState
2019-10-17 21:54:44,873 [grpc-default-executor-12] INFO  impl.RoleInfo (RoleInfo.java:updateAndGet(143)) - da15dfee-23f0-4dc4-ad77-c00156c49cfa: start FollowerState
2019-10-17 21:54:44,873 [Thread-620] INFO  impl.FollowerState (FollowerState.java:run(117)) - da15dfee-23f0-4dc4-ad77-c00156c49cfa@group-F967393F7C93-FollowerState was interrupted: java.lang.InterruptedException: sleep interrupted
2019-10-17 21:54:44,881 [d6dfcdd7-fc6e-4b51-b91e-b64503dadc5e@group-F967393F7C93-LeaderElection39] INFO  impl.LeaderElection (LeaderElection.java:logAndReturn(56)) - d6dfcdd7-fc6e-4b51-b91e-b64503dadc5e@group-F967393F7C93-LeaderElection39: Election TIMEOUT; received 0 response(s) [] and 0 exception(s); d6dfcdd7-fc6e-4b51-b91e-b64503dadc5e@group-F967393F7C93:t17, leader=null, voted=d6dfcdd7-fc6e-4b51-b91e-b64503dadc5e, raftlog=d6dfcdd7-fc6e-4b51-b91e-b64503dadc5e@group-F967393F7C93-SegmentedRaftLog:OPENED:c-1,f-1,i0, conf=-1: [08d4cbaa-ffed-4411-a5fd-c4a38026aead:192.168.157.223:33910, da15dfee-23f0-4dc4-ad77-c00156c49cfa:192.168.157.223:42172, d6dfcdd7-fc6e-4b51-b91e-b64503dadc5e:192.168.157.223:43575], old=null
2019-10-17 21:54:44,885 [d6dfcdd7-fc6e-4b51-b91e-b64503dadc5e@group-F967393F7C93-LeaderElection39] INFO  impl.LeaderElection (LeaderElection.java:askForVotes(178)) - d6dfcdd7-fc6e-4b51-b91e-b64503dadc5e@group-F967393F7C93-LeaderElection39: begin an election at term 18 for -1: [08d4cbaa-ffed-4411-a5fd-c4a38026aead:192.168.157.223:33910, da15dfee-23f0-4dc4-ad77-c00156c49cfa:192.168.157.223:42172, d6dfcdd7-fc6e-4b51-b91e-b64503dadc5e:192.168.157.223:43575], old=null
2019-10-17 21:54:44,888 [grpc-default-executor-11] INFO  impl.RaftServerImpl (RaftServerImpl.java:setRole(184)) - 08d4cbaa-ffed-4411-a5fd-c4a38026aead@group-F967393F7C93: changes role from  FOLLOWER to FOLLOWER at term 18 for recognizeCandidate:d6dfcdd7-fc6e-4b51-b91e-b64503dadc5e
2019-10-17 21:54:44,888 [grpc-default-executor-11] INFO  impl.RoleInfo (RoleInfo.java:shutdownFollowerState(121)) - 08d4cbaa-ffed-4411-a5fd-c4a38026aead: shutdown FollowerState
2019-10-17 21:54:44,888 [grpc-default-executor-11] INFO  impl.RoleInfo (RoleInfo.java:updateAndGet(143)) - 08d4cbaa-ffed-4411-a5fd-c4a38026aead: start FollowerState
2019-10-17 21:54:44,888 [Thread-625] INFO  impl.FollowerState (FollowerState.java:run(117)) - 08d4cbaa-ffed-4411-a5fd-c4a38026aead@group-F967393F7C93-FollowerState was interrupted: java.lang.InterruptedException: sleep interrupted
2019-10-17 21:54:44,889 [grpc-default-executor-12] INFO  impl.RaftServerImpl (RaftServerImpl.java:setRole(184)) - da15dfee-23f0-4dc4-ad77-c00156c49cfa@group-F967393F7C93: changes role from  FOLLOWER to FOLLOWER at term 18 for recognizeCandidate:d6dfcdd7-fc6e-4b51-b91e-b64503dadc5e
2019-10-17 21:54:44,889 [grpc-default-executor-12] INFO  impl.RoleInfo (RoleInfo.java:shutdownFollowerState(121)) - da15dfee-23f0-4dc4-ad77-c00156c49cfa: shutdown FollowerState
2019-10-17 21:54:44,889 [grpc-default-executor-12] INFO  impl.RoleInfo (RoleInfo.java:updateAndGet(143)) - da15dfee-23f0-4dc4-ad77-c00156c49cfa: start FollowerState
2019-10-17 21:54:44,889 [Thread-626] INFO  impl.FollowerState (FollowerState.java:run(117)) - da15dfee-23f0-4dc4-ad77-c00156c49cfa@group-F967393F7C93-FollowerState was interrupted: java.lang.InterruptedException: sleep interrupted
2019-10-17 21:54:44,902 [d6dfcdd7-fc6e-4b51-b91e-b64503dadc5e@group-F967393F7C93-LeaderElection39] INFO  impl.LeaderElection (LeaderElection.java:logAndReturn(56)) - d6dfcdd7-fc6e-4b51-b91e-b64503dadc5e@group-F967393F7C93-LeaderElection39: Election REJECTED; received 2 response(s) [d6dfcdd7-fc6e-4b51-b91e-b64503dadc5e<-08d4cbaa-ffed-4411-a5fd-c4a38026aead#0:FAIL-t18, d6dfcdd7-fc6e-4b51-b91e-b64503dadc5e<-da15dfee-23f0-4dc4-ad77-c00156c49cfa#0:FAIL-t18] and 0 exception(s); d6dfcdd7-fc6e-4b51-b91e-b64503dadc5e@group-F967393F7C93:t18, leader=null, voted=d6dfcdd7-fc6e-4b51-b91e-b64503dadc5e, raftlog=d6dfcdd7-fc6e-4b51-b91e-b64503dadc5e@group-F967393F7C93-SegmentedRaftLog:OPENED:c-1,f-1,i0, conf=-1: [08d4cbaa-ffed-4411-a5fd-c4a38026aead:192.168.157.223:33910, da15dfee-23f0-4dc4-ad77-c00156c49cfa:192.168.157.223:42172, d6dfcdd7-fc6e-4b51-b91e-b64503dadc5e:192.168.157.223:43575], old=null
2019-10-17 21:54:44,902 [d6dfcdd7-fc6e-4b51-b91e-b64503dadc5e@group-F967393F7C93-LeaderElection39] INFO  impl.RaftServerImpl (RaftServerImpl.java:setRole(184)) - d6dfcdd7-fc6e-4b51-b91e-b64503dadc5e@group-F967393F7C93: changes role from CANDIDATE to FOLLOWER at term 18 for DISCOVERED_A_NEW_TERM
2019-10-17 21:54:44,902 [d6dfcdd7-fc6e-4b51-b91e-b64503dadc5e@group-F967393F7C93-LeaderElection39] INFO  impl.RoleInfo (RoleInfo.java:shutdownLeaderElection(134)) - d6dfcdd7-fc6e-4b51-b91e-b64503dadc5e: shutdown LeaderElection
2019-10-17 21:54:44,902 [d6dfcdd7-fc6e-4b51-b91e-b64503dadc5e@group-F967393F7C93-LeaderElection39] INFO  impl.RoleInfo (RoleInfo.java:updateAndGet(143)) - d6dfcdd7-fc6e-4b51-b91e-b64503dadc5e: start FollowerState
2019-10-17 21:54:44,936 [Thread-631] INFO  impl.FollowerState (FollowerState.java:run(108)) - d6dfcdd7-fc6e-4b51-b91e-b64503dadc5e@group-F967393F7C93-FollowerState: change to CANDIDATE, lastRpcTime:33ms, electionTimeout:33ms
2019-10-17 21:54:44,936 [Thread-631] INFO  impl.RoleInfo (RoleInfo.java:shutdownFollowerState(121)) - d6dfcdd7-fc6e-4b51-b91e-b64503dadc5e: shutdown FollowerState
2019-10-17 21:54:44,936 [Thread-631] INFO  impl.RaftServerImpl (RaftServerImpl.java:setRole(184)) - d6dfcdd7-fc6e-4b51-b91e-b64503dadc5e@group-F967393F7C93: changes role from  FOLLOWER to CANDIDATE at term 18 for changeToCandidate
2019-10-17 21:54:44,936 [Thread-631] INFO  impl.RoleInfo (RoleInfo.java:updateAndGet(143)) - d6dfcdd7-fc6e-4b51-b91e-b64503dadc5e: start LeaderElection
2019-10-17 21:54:44,950 [d6dfcdd7-fc6e-4b51-b91e-b64503dadc5e@group-F967393F7C93-LeaderElection40] INFO  impl.LeaderElection (LeaderElection.java:askForVotes(178)) - d6dfcdd7-fc6e-4b51-b91e-b64503dadc5e@group-F967393F7C93-LeaderElection40: begin an election at term 19 for -1: [08d4cbaa-ffed-4411-a5fd-c4a38026aead:192.168.157.223:33910, da15dfee-23f0-4dc4-ad77-c00156c49cfa:192.168.157.223:42172, d6dfcdd7-fc6e-4b51-b91e-b64503dadc5e:192.168.157.223:43575], old=null
2019-10-17 21:54:44,953 [grpc-default-executor-11] INFO  impl.RaftServerImpl (RaftServerImpl.java:setRole(184)) - 08d4cbaa-ffed-4411-a5fd-c4a38026aead@group-F967393F7C93: changes role from  FOLLOWER to FOLLOWER at term 19 for recognizeCandidate:d6dfcdd7-fc6e-4b51-b91e-b64503dadc5e
2019-10-17 21:54:44,953 [grpc-default-executor-11] INFO  impl.RoleInfo (RoleInfo.java:shutdownFollowerState(121)) - 08d4cbaa-ffed-4411-a5fd-c4a38026aead: shutdown FollowerState
2019-10-17 21:54:44,953 [Thread-629] INFO  impl.FollowerState (FollowerState.java:run(117)) - 08d4cbaa-ffed-4411-a5fd-c4a38026aead@group-F967393F7C93-FollowerState was interrupted: java.lang.InterruptedException: sleep interrupted
2019-10-17 21:54:44,953 [grpc-default-executor-11] INFO  impl.RoleInfo (RoleInfo.java:updateAndGet(143)) - 08d4cbaa-ffed-4411-a5fd-c4a38026aead: start FollowerState
2019-10-17 21:54:44,953 [grpc-default-executor-12] INFO  impl.RaftServerImpl (RaftServerImpl.java:setRole(184)) - da15dfee-23f0-4dc4-ad77-c00156c49cfa@group-F967393F7C93: changes role from  FOLLOWER to FOLLOWER at term 19 for recognizeCandidate:d6dfcdd7-fc6e-4b51-b91e-b64503dadc5e
2019-10-17 21:54:44,954 [grpc-default-executor-12] INFO  impl.RoleInfo (RoleInfo.java:shutdownFollowerState(121)) - da15dfee-23f0-4dc4-ad77-c00156c49cfa: shutdown FollowerState
2019-10-17 21:54:44,954 [grpc-default-executor-12] INFO  impl.RoleInfo (RoleInfo.java:updateAndGet(143)) - da15dfee-23f0-4dc4-ad77-c00156c49cfa: start FollowerState
2019-10-17 21:54:44,954 [Thread-630] INFO  impl.FollowerState (FollowerState.java:run(117)) - da15dfee-23f0-4dc4-ad77-c00156c49cfa@group-F967393F7C93-FollowerState was interrupted: java.lang.InterruptedException: sleep interrupted
2019-10-17 21:54:44,969 [d6dfcdd7-fc6e-4b51-b91e-b64503dadc5e@group-F967393F7C93-LeaderElection40] INFO  impl.LeaderElection (LeaderElection.java:logAndReturn(56)) - d6dfcdd7-fc6e-4b51-b91e-b64503dadc5e@group-F967393F7C93-LeaderElection40: Election REJECTED; received 2 response(s) [d6dfcdd7-fc6e-4b51-b91e-b64503dadc5e<-08d4cbaa-ffed-4411-a5fd-c4a38026aead#0:FAIL-t19, d6dfcdd7-fc6e-4b51-b91e-b64503dadc5e<-da15dfee-23f0-4dc4-ad77-c00156c49cfa#0:FAIL-t19] and 0 exception(s); d6dfcdd7-fc6e-4b51-b91e-b64503dadc5e@group-F967393F7C93:t19, leader=null, voted=d6dfcdd7-fc6e-4b51-b91e-b64503dadc5e, raftlog=d6dfcdd7-fc6e-4b51-b91e-b64503dadc5e@group-F967393F7C93-SegmentedRaftLog:OPENED:c-1,f-1,i0, conf=-1: [08d4cbaa-ffed-4411-a5fd-c4a38026aead:192.168.157.223:33910, da15dfee-23f0-4dc4-ad77-c00156c49cfa:192.168.157.223:42172, d6dfcdd7-fc6e-4b51-b91e-b64503dadc5e:192.168.157.223:43575], old=null
2019-10-17 21:54:44,969 [d6dfcdd7-fc6e-4b51-b91e-b64503dadc5e@group-F967393F7C93-LeaderElection40] INFO  impl.RaftServerImpl (RaftServerImpl.java:setRole(184)) - d6dfcdd7-fc6e-4b51-b91e-b64503dadc5e@group-F967393F7C93: changes role from CANDIDATE to FOLLOWER at term 19 for DISCOVERED_A_NEW_TERM
2019-10-17 21:54:44,969 [d6dfcdd7-fc6e-4b51-b91e-b64503dadc5e@group-F967393F7C93-LeaderElection40] INFO  impl.RoleInfo (RoleInfo.java:shutdownLeaderElection(134)) - d6dfcdd7-fc6e-4b51-b91e-b64503dadc5e: shutdown LeaderElection
2019-10-17 21:54:44,969 [d6dfcdd7-fc6e-4b51-b91e-b64503dadc5e@group-F967393F7C93-LeaderElection40] INFO  impl.RoleInfo (RoleInfo.java:updateAndGet(143)) - d6dfcdd7-fc6e-4b51-b91e-b64503dadc5e: start FollowerState
2019-10-17 21:54:45,059 [Thread-637] INFO  impl.FollowerState (FollowerState.java:run(108)) - d6dfcdd7-fc6e-4b51-b91e-b64503dadc5e@group-F967393F7C93-FollowerState: change to CANDIDATE, lastRpcTime:89ms, electionTimeout:89ms
2019-10-17 21:54:45,059 [Thread-637] INFO  impl.RoleInfo (RoleInfo.java:shutdownFollowerState(121)) - d6dfcdd7-fc6e-4b51-b91e-b64503dadc5e: shutdown FollowerState
2019-10-17 21:54:45,059 [Thread-637] INFO  impl.RaftServerImpl (RaftServerImpl.java:setRole(184)) - d6dfcdd7-fc6e-4b51-b91e-b64503dadc5e@group-F967393F7C93: changes role from  FOLLOWER to CANDIDATE at term 19 for changeToCandidate
2019-10-17 21:54:45,060 [Thread-637] INFO  impl.RoleInfo (RoleInfo.java:updateAndGet(143)) - d6dfcdd7-fc6e-4b51-b91e-b64503dadc5e: start LeaderElection
2019-10-17 21:54:45,074 [d6dfcdd7-fc6e-4b51-b91e-b64503dadc5e@group-F967393F7C93-LeaderElection41] INFO  impl.LeaderElection (LeaderElection.java:askForVotes(178)) - d6dfcdd7-fc6e-4b51-b91e-b64503dadc5e@group-F967393F7C93-LeaderElection41: begin an election at term 20 for -1: [08d4cbaa-ffed-4411-a5fd-c4a38026aead:192.168.157.223:33910, da15dfee-23f0-4dc4-ad77-c00156c49cfa:192.168.157.223:42172, d6dfcdd7-fc6e-4b51-b91e-b64503dadc5e:192.168.157.223:43575], old=null
2019-10-17 21:54:45,077 [grpc-default-executor-11] INFO  impl.RaftServerImpl (RaftServerImpl.java:setRole(184)) - da15dfee-23f0-4dc4-ad77-c00156c49cfa@group-F967393F7C93: changes role from  FOLLOWER to FOLLOWER at term 20 for recognizeCandidate:d6dfcdd7-fc6e-4b51-b91e-b64503dadc5e
2019-10-17 21:54:45,077 [grpc-default-executor-12] INFO  impl.RaftServerImpl (RaftServerImpl.java:setRole(184)) - 08d4cbaa-ffed-4411-a5fd-c4a38026aead@group-F967393F7C93: changes role from  FOLLOWER to FOLLOWER at term 20 for recognizeCandidate:d6dfcdd7-fc6e-4b51-b91e-b64503dadc5e
2019-10-17 21:54:45,078 [grpc-default-executor-11] INFO  impl.RoleInfo (RoleInfo.java:shutdownFollowerState(121)) - da15dfee-23f0-4dc4-ad77-c00156c49cfa: shutdown FollowerState
2019-10-17 21:54:45,078 [grpc-default-executor-12] INFO  impl.RoleInfo (RoleInfo.java:shutdownFollowerState(121)) - 08d4cbaa-ffed-4411-a5fd-c4a38026aead: shutdown FollowerState
2019-10-17 21:54:45,078 [grpc-default-executor-11] INFO  impl.RoleInfo (RoleInfo.java:updateAndGet(143)) - da15dfee-23f0-4dc4-ad77-c00156c49cfa: start FollowerState
2019-10-17 21:54:45,078 [Thread-636] INFO  impl.FollowerState (FollowerState.java:run(117)) - da15dfee-23f0-4dc4-ad77-c00156c49cfa@group-F967393F7C93-FollowerState was interrupted: java.lang.InterruptedException: sleep interrupted
2019-10-17 21:54:45,078 [Thread-635] INFO  impl.FollowerState (FollowerState.java:run(117)) - 08d4cbaa-ffed-4411-a5fd-c4a38026aead@group-F967393F7C93-FollowerState was interrupted: java.lang.InterruptedException: sleep interrupted
2019-10-17 21:54:45,078 [grpc-default-executor-12] INFO  impl.RoleInfo (RoleInfo.java:updateAndGet(143)) - 08d4cbaa-ffed-4411-a5fd-c4a38026aead: start FollowerState
2019-10-17 21:54:45,094 [d6dfcdd7-fc6e-4b51-b91e-b64503dadc5e@group-F967393F7C93-LeaderElection41] INFO  impl.LeaderElection (LeaderElection.java:logAndReturn(56)) - d6dfcdd7-fc6e-4b51-b91e-b64503dadc5e@group-F967393F7C93-LeaderElection41: Election REJECTED; received 2 response(s) [d6dfcdd7-fc6e-4b51-b91e-b64503dadc5e<-08d4cbaa-ffed-4411-a5fd-c4a38026aead#0:FAIL-t20, d6dfcdd7-fc6e-4b51-b91e-b64503dadc5e<-da15dfee-23f0-4dc4-ad77-c00156c49cfa#0:FAIL-t20] and 0 exception(s); d6dfcdd7-fc6e-4b51-b91e-b64503dadc5e@group-F967393F7C93:t20, leader=null, voted=d6dfcdd7-fc6e-4b51-b91e-b64503dadc5e, raftlog=d6dfcdd7-fc6e-4b51-b91e-b64503dadc5e@group-F967393F7C93-SegmentedRaftLog:OPENED:c-1,f-1,i0, conf=-1: [08d4cbaa-ffed-4411-a5fd-c4a38026aead:192.168.157.223:33910, da15dfee-23f0-4dc4-ad77-c00156c49cfa:192.168.157.223:42172, d6dfcdd7-fc6e-4b51-b91e-b64503dadc5e:192.168.157.223:43575], old=null
2019-10-17 21:54:45,095 [d6dfcdd7-fc6e-4b51-b91e-b64503dadc5e@group-F967393F7C93-LeaderElection41] INFO  impl.RaftServerImpl (RaftServerImpl.java:setRole(184)) - d6dfcdd7-fc6e-4b51-b91e-b64503dadc5e@group-F967393F7C93: changes role from CANDIDATE to FOLLOWER at term 20 for DISCOVERED_A_NEW_TERM
2019-10-17 21:54:45,095 [d6dfcdd7-fc6e-4b51-b91e-b64503dadc5e@group-F967393F7C93-LeaderElection41] INFO  impl.RoleInfo (RoleInfo.java:shutdownLeaderElection(134)) - d6dfcdd7-fc6e-4b51-b91e-b64503dadc5e: shutdown LeaderElection
2019-10-17 21:54:45,095 [d6dfcdd7-fc6e-4b51-b91e-b64503dadc5e@group-F967393F7C93-LeaderElection41] INFO  impl.RoleInfo (RoleInfo.java:updateAndGet(143)) - d6dfcdd7-fc6e-4b51-b91e-b64503dadc5e: start FollowerState
2019-10-17 21:54:45,249 [Thread-643] INFO  impl.FollowerState (FollowerState.java:run(108)) - d6dfcdd7-fc6e-4b51-b91e-b64503dadc5e@group-F967393F7C93-FollowerState: change to CANDIDATE, lastRpcTime:154ms, electionTimeout:154ms
2019-10-17 21:54:45,250 [Thread-643] INFO  impl.RoleInfo (RoleInfo.java:shutdownFollowerState(121)) - d6dfcdd7-fc6e-4b51-b91e-b64503dadc5e: shutdown FollowerState
2019-10-17 21:54:45,250 [Thread-643] INFO  impl.RaftServerImpl (RaftServerImpl.java:setRole(184)) - d6dfcdd7-fc6e-4b51-b91e-b64503dadc5e@group-F967393F7C93: changes role from  FOLLOWER to CANDIDATE at term 20 for changeToCandidate
2019-10-17 21:54:45,250 [Thread-643] INFO  impl.RoleInfo (RoleInfo.java:updateAndGet(143)) - d6dfcdd7-fc6e-4b51-b91e-b64503dadc5e: start LeaderElection
2019-10-17 21:54:45,264 [d6dfcdd7-fc6e-4b51-b91e-b64503dadc5e@group-F967393F7C93-LeaderElection42] INFO  impl.LeaderElection (LeaderElection.java:askForVotes(178)) - d6dfcdd7-fc6e-4b51-b91e-b64503dadc5e@group-F967393F7C93-LeaderElection42: begin an election at term 21 for -1: [08d4cbaa-ffed-4411-a5fd-c4a38026aead:192.168.157.223:33910, da15dfee-23f0-4dc4-ad77-c00156c49cfa:192.168.157.223:42172, d6dfcdd7-fc6e-4b51-b91e-b64503dadc5e:192.168.157.223:43575], old=null
2019-10-17 21:54:45,268 [grpc-default-executor-11] INFO  impl.RaftServerImpl (RaftServerImpl.java:setRole(184)) - 08d4cbaa-ffed-4411-a5fd-c4a38026aead@group-F967393F7C93: changes role from  FOLLOWER to FOLLOWER at term 21 for recognizeCandidate:d6dfcdd7-fc6e-4b51-b91e-b64503dadc5e
2019-10-17 21:54:45,268 [grpc-default-executor-12] INFO  impl.RaftServerImpl (RaftServerImpl.java:setRole(184)) - da15dfee-23f0-4dc4-ad77-c00156c49cfa@group-F967393F7C93: changes role from  FOLLOWER to FOLLOWER at term 21 for recognizeCandidate:d6dfcdd7-fc6e-4b51-b91e-b64503dadc5e
2019-10-17 21:54:45,268 [grpc-default-executor-11] INFO  impl.RoleInfo (RoleInfo.java:shutdownFollowerState(121)) - 08d4cbaa-ffed-4411-a5fd-c4a38026aead: shutdown FollowerState
2019-10-17 21:54:45,268 [grpc-default-executor-12] INFO  impl.RoleInfo (RoleInfo.java:shutdownFollowerState(121)) - da15dfee-23f0-4dc4-ad77-c00156c49cfa: shutdown FollowerState
2019-10-17 21:54:45,269 [grpc-default-executor-11] INFO  impl.RoleInfo (RoleInfo.java:updateAndGet(143)) - 08d4cbaa-ffed-4411-a5fd-c4a38026aead: start FollowerState
2019-10-17 21:54:45,269 [Thread-641] INFO  impl.FollowerState (FollowerState.java:run(117)) - da15dfee-23f0-4dc4-ad77-c00156c49cfa@group-F967393F7C93-FollowerState was interrupted: java.lang.InterruptedException: sleep interrupted
2019-10-17 21:54:45,269 [grpc-default-executor-12] INFO  impl.RoleInfo (RoleInfo.java:updateAndGet(143)) - da15dfee-23f0-4dc4-ad77-c00156c49cfa: start FollowerState
2019-10-17 21:54:45,269 [Thread-642] INFO  impl.FollowerState (FollowerState.java:run(117)) - 08d4cbaa-ffed-4411-a5fd-c4a38026aead@group-F967393F7C93-FollowerState was interrupted: java.lang.InterruptedException: sleep interrupted
2019-10-17 21:54:45,278 [d6dfcdd7-fc6e-4b51-b91e-b64503dadc5e@group-F967393F7C93-LeaderElection42] INFO  impl.LeaderElection (LeaderElection.java:logAndReturn(56)) - d6dfcdd7-fc6e-4b51-b91e-b64503dadc5e@group-F967393F7C93-LeaderElection42: Election REJECTED; received 2 response(s) [d6dfcdd7-fc6e-4b51-b91e-b64503dadc5e<-08d4cbaa-ffed-4411-a5fd-c4a38026aead#0:FAIL-t21, d6dfcdd7-fc6e-4b51-b91e-b64503dadc5e<-da15dfee-23f0-4dc4-ad77-c00156c49cfa#0:FAIL-t21] and 0 exception(s); d6dfcdd7-fc6e-4b51-b91e-b64503dadc5e@group-F967393F7C93:t21, leader=null, voted=d6dfcdd7-fc6e-4b51-b91e-b64503dadc5e, raftlog=d6dfcdd7-fc6e-4b51-b91e-b64503dadc5e@group-F967393F7C93-SegmentedRaftLog:OPENED:c-1,f-1,i0, conf=-1: [08d4cbaa-ffed-4411-a5fd-c4a38026aead:192.168.157.223:33910, da15dfee-23f0-4dc4-ad77-c00156c49cfa:192.168.157.223:42172, d6dfcdd7-fc6e-4b51-b91e-b64503dadc5e:192.168.157.223:43575], old=null
2019-10-17 21:54:45,279 [d6dfcdd7-fc6e-4b51-b91e-b64503dadc5e@group-F967393F7C93-LeaderElection42] INFO  impl.RaftServerImpl (RaftServerImpl.java:setRole(184)) - d6dfcdd7-fc6e-4b51-b91e-b64503dadc5e@group-F967393F7C93: changes role from CANDIDATE to FOLLOWER at term 21 for DISCOVERED_A_NEW_TERM
2019-10-17 21:54:45,279 [d6dfcdd7-fc6e-4b51-b91e-b64503dadc5e@group-F967393F7C93-LeaderElection42] INFO  impl.RoleInfo (RoleInfo.java:shutdownLeaderElection(134)) - d6dfcdd7-fc6e-4b51-b91e-b64503dadc5e: shutdown LeaderElection
2019-10-17 21:54:45,279 [d6dfcdd7-fc6e-4b51-b91e-b64503dadc5e@group-F967393F7C93-LeaderElection42] INFO  impl.RoleInfo (RoleInfo.java:updateAndGet(143)) - d6dfcdd7-fc6e-4b51-b91e-b64503dadc5e: start FollowerState
2019-10-17 21:54:45,467 [Thread-651] INFO  impl.FollowerState (FollowerState.java:run(108)) - d6dfcdd7-fc6e-4b51-b91e-b64503dadc5e@group-F967393F7C93-FollowerState: change to CANDIDATE, lastRpcTime:187ms, electionTimeout:187ms
2019-10-17 21:54:45,467 [Thread-651] INFO  impl.RoleInfo (RoleInfo.java:shutdownFollowerState(121)) - d6dfcdd7-fc6e-4b51-b91e-b64503dadc5e: shutdown FollowerState
2019-10-17 21:54:45,467 [Thread-651] INFO  impl.RaftServerImpl (RaftServerImpl.java:setRole(184)) - d6dfcdd7-fc6e-4b51-b91e-b64503dadc5e@group-F967393F7C93: changes role from  FOLLOWER to CANDIDATE at term 21 for changeToCandidate
2019-10-17 21:54:45,467 [Thread-651] INFO  impl.RoleInfo (RoleInfo.java:updateAndGet(143)) - d6dfcdd7-fc6e-4b51-b91e-b64503dadc5e: start LeaderElection
2019-10-17 21:54:45,481 [d6dfcdd7-fc6e-4b51-b91e-b64503dadc5e@group-F967393F7C93-LeaderElection43] INFO  impl.LeaderElection (LeaderElection.java:askForVotes(178)) - d6dfcdd7-fc6e-4b51-b91e-b64503dadc5e@group-F967393F7C93-LeaderElection43: begin an election at term 22 for -1: [08d4cbaa-ffed-4411-a5fd-c4a38026aead:192.168.157.223:33910, da15dfee-23f0-4dc4-ad77-c00156c49cfa:192.168.157.223:42172, d6dfcdd7-fc6e-4b51-b91e-b64503dadc5e:192.168.157.223:43575], old=null
2019-10-17 21:54:45,489 [grpc-default-executor-11] INFO  impl.RaftServerImpl (RaftServerImpl.java:setRole(184)) - 08d4cbaa-ffed-4411-a5fd-c4a38026aead@group-F967393F7C93: changes role from  FOLLOWER to FOLLOWER at term 22 for recognizeCandidate:d6dfcdd7-fc6e-4b51-b91e-b64503dadc5e
2019-10-17 21:54:45,489 [grpc-default-executor-11] INFO  impl.RoleInfo (RoleInfo.java:shutdownFollowerState(121)) - 08d4cbaa-ffed-4411-a5fd-c4a38026aead: shutdown FollowerState
2019-10-17 21:54:45,489 [grpc-default-executor-12] INFO  impl.RaftServerImpl (RaftServerImpl.java:setRole(184)) - da15dfee-23f0-4dc4-ad77-c00156c49cfa@group-F967393F7C93: changes role from  FOLLOWER to FOLLOWER at term 22 for recognizeCandidate:d6dfcdd7-fc6e-4b51-b91e-b64503dadc5e
2019-10-17 21:54:45,489 [Thread-647] INFO  impl.FollowerState (FollowerState.java:run(117)) - 08d4cbaa-ffed-4411-a5fd-c4a38026aead@group-F967393F7C93-FollowerState was interrupted: java.lang.InterruptedException: sleep interrupted
2019-10-17 21:54:45,489 [grpc-default-executor-11] INFO  impl.RoleInfo (RoleInfo.java:updateAndGet(143)) - 08d4cbaa-ffed-4411-a5fd-c4a38026aead: start FollowerState
2019-10-17 21:54:45,489 [grpc-default-executor-12] INFO  impl.RoleInfo (RoleInfo.java:shutdownFollowerState(121)) - da15dfee-23f0-4dc4-ad77-c00156c49cfa: shutdown FollowerState
2019-10-17 21:54:45,490 [grpc-default-executor-12] INFO  impl.RoleInfo (RoleInfo.java:updateAndGet(143)) - da15dfee-23f0-4dc4-ad77-c00156c49cfa: start FollowerState
2019-10-17 21:54:45,490 [Thread-648] INFO  impl.FollowerState (FollowerState.java:run(117)) - da15dfee-23f0-4dc4-ad77-c00156c49cfa@group-F967393F7C93-FollowerState was interrupted: java.lang.InterruptedException: sleep interrupted
2019-10-17 21:54:45,505 [d6dfcdd7-fc6e-4b51-b91e-b64503dadc5e@group-F967393F7C93-LeaderElection43] INFO  impl.LeaderElection (LeaderElection.java:logAndReturn(56)) - d6dfcdd7-fc6e-4b51-b91e-b64503dadc5e@group-F967393F7C93-LeaderElection43: Election REJECTED; received 2 response(s) [d6dfcdd7-fc6e-4b51-b91e-b64503dadc5e<-08d4cbaa-ffed-4411-a5fd-c4a38026aead#0:FAIL-t22, d6dfcdd7-fc6e-4b51-b91e-b64503dadc5e<-da15dfee-23f0-4dc4-ad77-c00156c49cfa#0:FAIL-t22] and 0 exception(s); d6dfcdd7-fc6e-4b51-b91e-b64503dadc5e@group-F967393F7C93:t22, leader=null, voted=d6dfcdd7-fc6e-4b51-b91e-b64503dadc5e, raftlog=d6dfcdd7-fc6e-4b51-b91e-b64503dadc5e@group-F967393F7C93-SegmentedRaftLog:OPENED:c-1,f-1,i0, conf=-1: [08d4cbaa-ffed-4411-a5fd-c4a38026aead:192.168.157.223:33910, da15dfee-23f0-4dc4-ad77-c00156c49cfa:192.168.157.223:42172, d6dfcdd7-fc6e-4b51-b91e-b64503dadc5e:192.168.157.223:43575], old=null
2019-10-17 21:54:45,505 [d6dfcdd7-fc6e-4b51-b91e-b64503dadc5e@group-F967393F7C93-LeaderElection43] INFO  impl.RaftServerImpl (RaftServerImpl.java:setRole(184)) - d6dfcdd7-fc6e-4b51-b91e-b64503dadc5e@group-F967393F7C93: changes role from CANDIDATE to FOLLOWER at term 22 for DISCOVERED_A_NEW_TERM
2019-10-17 21:54:45,506 [d6dfcdd7-fc6e-4b51-b91e-b64503dadc5e@group-F967393F7C93-LeaderElection43] INFO  impl.RoleInfo (RoleInfo.java:shutdownLeaderElection(134)) - d6dfcdd7-fc6e-4b51-b91e-b64503dadc5e: shutdown LeaderElection
2019-10-17 21:54:45,506 [d6dfcdd7-fc6e-4b51-b91e-b64503dadc5e@group-F967393F7C93-LeaderElection43] INFO  impl.RoleInfo (RoleInfo.java:updateAndGet(143)) - d6dfcdd7-fc6e-4b51-b91e-b64503dadc5e: start FollowerState
2019-10-17 21:54:45,564 [Thread-594] INFO  impl.FollowerState (FollowerState.java:run(108)) - fff7125c-610a-434d-b194-38800617abc4@group-4FF8CA26B826-FollowerState: change to CANDIDATE, lastRpcTime:1123ms, electionTimeout:1123ms
2019-10-17 21:54:45,565 [Thread-594] INFO  impl.RoleInfo (RoleInfo.java:shutdownFollowerState(121)) - fff7125c-610a-434d-b194-38800617abc4: shutdown FollowerState
2019-10-17 21:54:45,565 [Thread-594] INFO  impl.RaftServerImpl (RaftServerImpl.java:setRole(184)) - fff7125c-610a-434d-b194-38800617abc4@group-4FF8CA26B826: changes role from  FOLLOWER to CANDIDATE at term 10 for changeToCandidate
2019-10-17 21:54:45,565 [Thread-594] INFO  impl.RoleInfo (RoleInfo.java:updateAndGet(143)) - fff7125c-610a-434d-b194-38800617abc4: start LeaderElection
2019-10-17 21:54:45,566 [Thread-598] INFO  impl.FollowerState (FollowerState.java:run(108)) - c3d1d4b8-f513-489f-ad1a-d9e469eb6c8d@group-4FF8CA26B826-FollowerState: change to CANDIDATE, lastRpcTime:1086ms, electionTimeout:1086ms
2019-10-17 21:54:45,566 [Thread-598] INFO  impl.RoleInfo (RoleInfo.java:shutdownFollowerState(121)) - c3d1d4b8-f513-489f-ad1a-d9e469eb6c8d: shutdown FollowerState
2019-10-17 21:54:45,566 [Thread-598] INFO  impl.RaftServerImpl (RaftServerImpl.java:setRole(184)) - c3d1d4b8-f513-489f-ad1a-d9e469eb6c8d@group-4FF8CA26B826: changes role from  FOLLOWER to CANDIDATE at term 10 for changeToCandidate
2019-10-17 21:54:45,567 [Thread-598] INFO  impl.RoleInfo (RoleInfo.java:updateAndGet(143)) - c3d1d4b8-f513-489f-ad1a-d9e469eb6c8d: start LeaderElection
2019-10-17 21:54:45,579 [c3d1d4b8-f513-489f-ad1a-d9e469eb6c8d@group-4FF8CA26B826-LeaderElection45] INFO  impl.LeaderElection (LeaderElection.java:askForVotes(178)) - c3d1d4b8-f513-489f-ad1a-d9e469eb6c8d@group-4FF8CA26B826-LeaderElection45: begin an election at term 11 for -1: [c3d1d4b8-f513-489f-ad1a-d9e469eb6c8d:192.168.157.223:35769, 9a96bff1-ea9f-4cea-8163-a3905a9e2704:192.168.157.223:39495, fff7125c-610a-434d-b194-38800617abc4:192.168.157.223:34162], old=null
2019-10-17 21:54:45,579 [fff7125c-610a-434d-b194-38800617abc4@group-4FF8CA26B826-LeaderElection44] INFO  impl.LeaderElection (LeaderElection.java:askForVotes(178)) - fff7125c-610a-434d-b194-38800617abc4@group-4FF8CA26B826-LeaderElection44: begin an election at term 11 for 0: [c3d1d4b8-f513-489f-ad1a-d9e469eb6c8d:192.168.157.223:35769, 9a96bff1-ea9f-4cea-8163-a3905a9e2704:192.168.157.223:39495, fff7125c-610a-434d-b194-38800617abc4:192.168.157.223:34162], old=null
2019-10-17 21:54:45,593 [grpc-default-executor-11] INFO  impl.RaftServerImpl (RaftServerImpl.java:setRole(184)) - 9a96bff1-ea9f-4cea-8163-a3905a9e2704@group-4FF8CA26B826: changes role from  FOLLOWER to FOLLOWER at term 11 for recognizeCandidate:c3d1d4b8-f513-489f-ad1a-d9e469eb6c8d
2019-10-17 21:54:45,593 [grpc-default-executor-11] INFO  impl.RoleInfo (RoleInfo.java:shutdownFollowerState(121)) - 9a96bff1-ea9f-4cea-8163-a3905a9e2704: shutdown FollowerState
2019-10-17 21:54:45,593 [grpc-default-executor-11] INFO  impl.RoleInfo (RoleInfo.java:updateAndGet(143)) - 9a96bff1-ea9f-4cea-8163-a3905a9e2704: start FollowerState
2019-10-17 21:54:45,593 [Thread-597] INFO  impl.FollowerState (FollowerState.java:run(117)) - 9a96bff1-ea9f-4cea-8163-a3905a9e2704@group-4FF8CA26B826-FollowerState was interrupted: java.lang.InterruptedException: sleep interrupted
2019-10-17 21:54:45,606 [grpc-default-executor-12] INFO  impl.RaftServerImpl (RaftServerImpl.java:setRole(184)) - 9a96bff1-ea9f-4cea-8163-a3905a9e2704@group-4FF8CA26B826: changes role from  FOLLOWER to FOLLOWER at term 11 for recognizeCandidate:fff7125c-610a-434d-b194-38800617abc4
2019-10-17 21:54:45,607 [grpc-default-executor-12] INFO  impl.RoleInfo (RoleInfo.java:shutdownFollowerState(121)) - 9a96bff1-ea9f-4cea-8163-a3905a9e2704: shutdown FollowerState
2019-10-17 21:54:45,607 [grpc-default-executor-12] INFO  impl.RoleInfo (RoleInfo.java:updateAndGet(143)) - 9a96bff1-ea9f-4cea-8163-a3905a9e2704: start FollowerState
2019-10-17 21:54:45,607 [Thread-664] INFO  impl.FollowerState (FollowerState.java:run(117)) - 9a96bff1-ea9f-4cea-8163-a3905a9e2704@group-4FF8CA26B826-FollowerState was interrupted: java.lang.InterruptedException: sleep interrupted
2019-10-17 21:54:45,608 [c3d1d4b8-f513-489f-ad1a-d9e469eb6c8d@group-4FF8CA26B826-LeaderElection45] INFO  impl.LeaderElection (LeaderElection.java:logAndReturn(56)) - c3d1d4b8-f513-489f-ad1a-d9e469eb6c8d@group-4FF8CA26B826-LeaderElection45: Election REJECTED; received 2 response(s) [c3d1d4b8-f513-489f-ad1a-d9e469eb6c8d<-9a96bff1-ea9f-4cea-8163-a3905a9e2704#0:FAIL-t11, c3d1d4b8-f513-489f-ad1a-d9e469eb6c8d<-fff7125c-610a-434d-b194-38800617abc4#0:FAIL-t11] and 0 exception(s); c3d1d4b8-f513-489f-ad1a-d9e469eb6c8d@group-4FF8CA26B826:t11, leader=null, voted=c3d1d4b8-f513-489f-ad1a-d9e469eb6c8d, raftlog=c3d1d4b8-f513-489f-ad1a-d9e469eb6c8d@group-4FF8CA26B826-SegmentedRaftLog:OPENED:c-1,f-1,i0, conf=-1: [c3d1d4b8-f513-489f-ad1a-d9e469eb6c8d:192.168.157.223:35769, 9a96bff1-ea9f-4cea-8163-a3905a9e2704:192.168.157.223:39495, fff7125c-610a-434d-b194-38800617abc4:192.168.157.223:34162], old=null
2019-10-17 21:54:45,608 [c3d1d4b8-f513-489f-ad1a-d9e469eb6c8d@group-4FF8CA26B826-LeaderElection45] INFO  impl.RaftServerImpl (RaftServerImpl.java:setRole(184)) - c3d1d4b8-f513-489f-ad1a-d9e469eb6c8d@group-4FF8CA26B826: changes role from CANDIDATE to FOLLOWER at term 11 for DISCOVERED_A_NEW_TERM
2019-10-17 21:54:45,608 [c3d1d4b8-f513-489f-ad1a-d9e469eb6c8d@group-4FF8CA26B826-LeaderElection45] INFO  impl.RoleInfo (RoleInfo.java:shutdownLeaderElection(134)) - c3d1d4b8-f513-489f-ad1a-d9e469eb6c8d: shutdown LeaderElection
2019-10-17 21:54:45,608 [c3d1d4b8-f513-489f-ad1a-d9e469eb6c8d@group-4FF8CA26B826-LeaderElection45] INFO  impl.RoleInfo (RoleInfo.java:updateAndGet(143)) - c3d1d4b8-f513-489f-ad1a-d9e469eb6c8d: start FollowerState
2019-10-17 21:54:45,622 [fff7125c-610a-434d-b194-38800617abc4@group-4FF8CA26B826-LeaderElection44] INFO  impl.LeaderElection (LeaderElection.java:logAndReturn(56)) - fff7125c-610a-434d-b194-38800617abc4@group-4FF8CA26B826-LeaderElection44: Election PASSED; received 2 response(s) [fff7125c-610a-434d-b194-38800617abc4<-c3d1d4b8-f513-489f-ad1a-d9e469eb6c8d#0:FAIL-t11, fff7125c-610a-434d-b194-38800617abc4<-9a96bff1-ea9f-4cea-8163-a3905a9e2704#0:OK-t11] and 0 exception(s); fff7125c-610a-434d-b194-38800617abc4@group-4FF8CA26B826:t11, leader=null, voted=fff7125c-610a-434d-b194-38800617abc4, raftlog=fff7125c-610a-434d-b194-38800617abc4@group-4FF8CA26B826-SegmentedRaftLog:OPENED:c-1,f0,i0, conf=0: [c3d1d4b8-f513-489f-ad1a-d9e469eb6c8d:192.168.157.223:35769, 9a96bff1-ea9f-4cea-8163-a3905a9e2704:192.168.157.223:39495, fff7125c-610a-434d-b194-38800617abc4:192.168.157.223:34162], old=null
2019-10-17 21:54:45,622 [fff7125c-610a-434d-b194-38800617abc4@group-4FF8CA26B826-LeaderElection44] INFO  impl.RoleInfo (RoleInfo.java:shutdownLeaderElection(134)) - fff7125c-610a-434d-b194-38800617abc4: shutdown LeaderElection
2019-10-17 21:54:45,622 [fff7125c-610a-434d-b194-38800617abc4@group-4FF8CA26B826-LeaderElection44] INFO  impl.RaftServerImpl (RaftServerImpl.java:setRole(184)) - fff7125c-610a-434d-b194-38800617abc4@group-4FF8CA26B826: changes role from CANDIDATE to LEADER at term 11 for changeToLeader
2019-10-17 21:54:45,622 [fff7125c-610a-434d-b194-38800617abc4@group-4FF8CA26B826-LeaderElection44] INFO  impl.RaftServerImpl (ServerState.java:setLeader(256)) - fff7125c-610a-434d-b194-38800617abc4@group-4FF8CA26B826: change Leader from null to fff7125c-610a-434d-b194-38800617abc4 at term 11 for becomeLeader, leader elected after 1182ms
2019-10-17 21:54:45,623 [fff7125c-610a-434d-b194-38800617abc4@group-4FF8CA26B826-LeaderElection44] INFO  server.RaftServerConfigKeys (ConfUtils.java:logGet(43)) - raft.server.staging.catchup.gap = 1000 (default)
2019-10-17 21:54:45,623 [fff7125c-610a-434d-b194-38800617abc4@group-4FF8CA26B826-LeaderElection44] INFO  server.RaftServerConfigKeys (ConfUtils.java:logGet(43)) - raft.server.rpc.sleep.time = 25ms (default)
2019-10-17 21:54:45,623 [fff7125c-610a-434d-b194-38800617abc4@group-4FF8CA26B826-LeaderElection44] INFO  server.RaftServerConfigKeys (ConfUtils.java:logGet(43)) - raft.server.write.element-limit = 4096 (default)
2019-10-17 21:54:45,623 [fff7125c-610a-434d-b194-38800617abc4@group-4FF8CA26B826-LeaderElection44] INFO  server.RaftServerConfigKeys (ConfUtils.java:logGet(43)) - raft.server.watch.timeout = 10s (default)
2019-10-17 21:54:45,623 [fff7125c-610a-434d-b194-38800617abc4@group-4FF8CA26B826-LeaderElection44] INFO  server.RaftServerConfigKeys (ConfUtils.java:logGet(43)) - raft.server.watch.timeout.denomination = 1s (default)
2019-10-17 21:54:45,623 [fff7125c-610a-434d-b194-38800617abc4@group-4FF8CA26B826-LeaderElection44] INFO  server.RaftServerConfigKeys (ConfUtils.java:logGet(43)) - raft.server.watch.element-limit = 65536 (default)
2019-10-17 21:54:45,624 [fff7125c-610a-434d-b194-38800617abc4@group-4FF8CA26B826-LeaderElection44] INFO  server.RaftServerConfigKeys (ConfUtils.java:logGet(43)) - raft.server.log.appender.snapshot.chunk.size.max = 16MB (=16777216) (default)
2019-10-17 21:54:45,624 [fff7125c-610a-434d-b194-38800617abc4@group-4FF8CA26B826-LeaderElection44] INFO  server.RaftServerConfigKeys (ConfUtils.java:logGet(43)) - raft.server.log.appender.buffer.byte-limit = 33554432 (custom)
2019-10-17 21:54:45,624 [fff7125c-610a-434d-b194-38800617abc4@group-4FF8CA26B826-LeaderElection44] INFO  server.RaftServerConfigKeys (ConfUtils.java:logGet(43)) - raft.server.log.appender.buffer.element-limit = 1 (custom)
2019-10-17 21:54:45,624 [fff7125c-610a-434d-b194-38800617abc4@group-4FF8CA26B826-LeaderElection44] INFO  grpc.GrpcConfigKeys$Server (ConfUtils.java:logGet(43)) - raft.grpc.server.leader.outstanding.appends.max = 128 (default)
2019-10-17 21:54:45,624 [fff7125c-610a-434d-b194-38800617abc4@group-4FF8CA26B826-LeaderElection44] INFO  server.RaftServerConfigKeys (ConfUtils.java:logGet(43)) - raft.server.rpc.request.timeout = 3000ms (default)
2019-10-17 21:54:45,624 [fff7125c-610a-434d-b194-38800617abc4@group-4FF8CA26B826-LeaderElection44] INFO  server.RaftServerConfigKeys (ConfUtils.java:logGet(43)) - raft.server.log.appender.install.snapshot.enabled = false (custom)
2019-10-17 21:54:45,627 [fff7125c-610a-434d-b194-38800617abc4@group-4FF8CA26B826-LeaderElection44] INFO  server.RaftServerConfigKeys (ConfUtils.java:logGet(43)) - raft.server.log.appender.snapshot.chunk.size.max = 16MB (=16777216) (default)
2019-10-17 21:54:45,628 [fff7125c-610a-434d-b194-38800617abc4@group-4FF8CA26B826-LeaderElection44] INFO  server.RaftServerConfigKeys (ConfUtils.java:logGet(43)) - raft.server.log.appender.buffer.byte-limit = 33554432 (custom)
2019-10-17 21:54:45,628 [fff7125c-610a-434d-b194-38800617abc4@group-4FF8CA26B826-LeaderElection44] INFO  server.RaftServerConfigKeys (ConfUtils.java:logGet(43)) - raft.server.log.appender.buffer.element-limit = 1 (custom)
2019-10-17 21:54:45,628 [fff7125c-610a-434d-b194-38800617abc4@group-4FF8CA26B826-LeaderElection44] INFO  grpc.GrpcConfigKeys$Server (ConfUtils.java:logGet(43)) - raft.grpc.server.leader.outstanding.appends.max = 128 (default)
2019-10-17 21:54:45,628 [fff7125c-610a-434d-b194-38800617abc4@group-4FF8CA26B826-LeaderElection44] INFO  server.RaftServerConfigKeys (ConfUtils.java:logGet(43)) - raft.server.rpc.request.timeout = 3000ms (default)
2019-10-17 21:54:45,628 [fff7125c-610a-434d-b194-38800617abc4@group-4FF8CA26B826-LeaderElection44] INFO  server.RaftServerConfigKeys (ConfUtils.java:logGet(43)) - raft.server.log.appender.install.snapshot.enabled = false (custom)
2019-10-17 21:54:45,630 [fff7125c-610a-434d-b194-38800617abc4@group-4FF8CA26B826-LeaderElection44] INFO  impl.RoleInfo (RoleInfo.java:updateAndGet(143)) - fff7125c-610a-434d-b194-38800617abc4: start LeaderState
2019-10-17 21:54:45,631 [fff7125c-610a-434d-b194-38800617abc4@group-4FF8CA26B826-LeaderElection44] INFO  segmented.SegmentedRaftLogWorker (SegmentedRaftLogWorker.java:rollLogSegment(390)) - fff7125c-610a-434d-b194-38800617abc4@group-4FF8CA26B826-SegmentedRaftLogWorker: Rolling segment log-0_0 to index:0
2019-10-17 21:54:45,633 [fff7125c-610a-434d-b194-38800617abc4@group-4FF8CA26B826-SegmentedRaftLogWorker] INFO  segmented.SegmentedRaftLogWorker (SegmentedRaftLogWorker.java:execute(533)) - fff7125c-610a-434d-b194-38800617abc4@group-4FF8CA26B826-SegmentedRaftLogWorker: Rolled log segment from /workdir/hadoop-ozone/integration-test/target/test-dir/MiniOzoneClusterImpl-8354d78d-dcd0-455c-bdef-cdb54255caab/datanode-6/data/ratis/e919e467-9e8c-41dd-b4c7-4ff8ca26b826/current/log_inprogress_0 to /workdir/hadoop-ozone/integration-test/target/test-dir/MiniOzoneClusterImpl-8354d78d-dcd0-455c-bdef-cdb54255caab/datanode-6/data/ratis/e919e467-9e8c-41dd-b4c7-4ff8ca26b826/current/log_0-0
2019-10-17 21:54:45,635 [fff7125c-610a-434d-b194-38800617abc4@group-4FF8CA26B826-LeaderElection44] INFO  impl.RaftServerImpl (ServerState.java:setRaftConf(357)) - fff7125c-610a-434d-b194-38800617abc4@group-4FF8CA26B826: set configuration 1: [c3d1d4b8-f513-489f-ad1a-d9e469eb6c8d:192.168.157.223:35769, 9a96bff1-ea9f-4cea-8163-a3905a9e2704:192.168.157.223:39495, fff7125c-610a-434d-b194-38800617abc4:192.168.157.223:34162], old=null at 1
2019-10-17 21:54:45,637 [grpc-default-executor-11] INFO  impl.RaftServerImpl (ServerState.java:setLeader(256)) - 9a96bff1-ea9f-4cea-8163-a3905a9e2704@group-4FF8CA26B826: change Leader from null to fff7125c-610a-434d-b194-38800617abc4 at term 11 for appendEntries, leader elected after 1226ms
2019-10-17 21:54:45,637 [grpc-default-executor-12] INFO  impl.RaftServerImpl (ServerState.java:setLeader(256)) - c3d1d4b8-f513-489f-ad1a-d9e469eb6c8d@group-4FF8CA26B826: change Leader from null to fff7125c-610a-434d-b194-38800617abc4 at term 11 for appendEntries, leader elected after 1244ms
2019-10-17 21:54:45,638 [grpc-default-executor-12] INFO  impl.RaftServerImpl (RaftServerImpl.java:checkInconsistentAppendEntries(1023)) - c3d1d4b8-f513-489f-ad1a-d9e469eb6c8d@group-4FF8CA26B826: Failed appendEntries as previous log entry ((t:9, i:0)) is not found
2019-10-17 21:54:45,638 [grpc-default-executor-12] INFO  impl.RaftServerImpl (RaftServerImpl.java:checkInconsistentAppendEntries(996)) - c3d1d4b8-f513-489f-ad1a-d9e469eb6c8d@group-4FF8CA26B826: inconsistency entries. Reply:fff7125c-610a-434d-b194-38800617abc4<-c3d1d4b8-f513-489f-ad1a-d9e469eb6c8d#0:FAIL,INCONSISTENCY,nextIndex:0,term:11,followerCommit:-1
2019-10-17 21:54:45,640 [grpc-default-executor-11] INFO  impl.FollowerInfo (FollowerInfo.java:lambda$new$0(51)) - fff7125c-610a-434d-b194-38800617abc4@group-4FF8CA26B826->c3d1d4b8-f513-489f-ad1a-d9e469eb6c8d: nextIndex: updateUnconditionally 1 -> 0
2019-10-17 21:54:45,642 [grpc-default-executor-11] INFO  impl.RaftServerImpl (ServerState.java:setRaftConf(357)) - c3d1d4b8-f513-489f-ad1a-d9e469eb6c8d@group-4FF8CA26B826: set configuration 0: [c3d1d4b8-f513-489f-ad1a-d9e469eb6c8d:192.168.157.223:35769, 9a96bff1-ea9f-4cea-8163-a3905a9e2704:192.168.157.223:39495, fff7125c-610a-434d-b194-38800617abc4:192.168.157.223:34162], old=null at 0
2019-10-17 21:54:45,642 [grpc-default-executor-11] INFO  segmented.SegmentedRaftLogWorker (SegmentedRaftLogWorker.java:startLogSegment(385)) - c3d1d4b8-f513-489f-ad1a-d9e469eb6c8d@group-4FF8CA26B826-SegmentedRaftLogWorker: Starting segment from index:0
2019-10-17 21:54:45,643 [grpc-default-executor-12] INFO  impl.RaftServerImpl (ServerState.java:setRaftConf(357)) - 9a96bff1-ea9f-4cea-8163-a3905a9e2704@group-4FF8CA26B826: set configuration 1: [c3d1d4b8-f513-489f-ad1a-d9e469eb6c8d:192.168.157.223:35769, 9a96bff1-ea9f-4cea-8163-a3905a9e2704:192.168.157.223:39495, fff7125c-610a-434d-b194-38800617abc4:192.168.157.223:34162], old=null at 1
2019-10-17 21:54:45,643 [grpc-default-executor-12] INFO  segmented.SegmentedRaftLogWorker (SegmentedRaftLogWorker.java:rollLogSegment(390)) - 9a96bff1-ea9f-4cea-8163-a3905a9e2704@group-4FF8CA26B826-SegmentedRaftLogWorker: Rolling segment log-0_0 to index:0
2019-10-17 21:54:45,643 [grpc-default-executor-11] INFO  impl.RaftServerImpl (ServerState.java:setRaftConf(357)) - c3d1d4b8-f513-489f-ad1a-d9e469eb6c8d@group-4FF8CA26B826: set configuration 1: [c3d1d4b8-f513-489f-ad1a-d9e469eb6c8d:192.168.157.223:35769, 9a96bff1-ea9f-4cea-8163-a3905a9e2704:192.168.157.223:39495, fff7125c-610a-434d-b194-38800617abc4:192.168.157.223:34162], old=null at 1
2019-10-17 21:54:45,644 [grpc-default-executor-11] INFO  segmented.SegmentedRaftLogWorker (SegmentedRaftLogWorker.java:rollLogSegment(390)) - c3d1d4b8-f513-489f-ad1a-d9e469eb6c8d@group-4FF8CA26B826-SegmentedRaftLogWorker: Rolling segment log-0_0 to index:0
2019-10-17 21:54:45,644 [9a96bff1-ea9f-4cea-8163-a3905a9e2704@group-4FF8CA26B826-SegmentedRaftLogWorker] INFO  segmented.SegmentedRaftLogWorker (SegmentedRaftLogWorker.java:execute(533)) - 9a96bff1-ea9f-4cea-8163-a3905a9e2704@group-4FF8CA26B826-SegmentedRaftLogWorker: Rolled log segment from /workdir/hadoop-ozone/integration-test/target/test-dir/MiniOzoneClusterImpl-8354d78d-dcd0-455c-bdef-cdb54255caab/datanode-4/data/ratis/e919e467-9e8c-41dd-b4c7-4ff8ca26b826/current/log_inprogress_0 to /workdir/hadoop-ozone/integration-test/target/test-dir/MiniOzoneClusterImpl-8354d78d-dcd0-455c-bdef-cdb54255caab/datanode-4/data/ratis/e919e467-9e8c-41dd-b4c7-4ff8ca26b826/current/log_0-0
2019-10-17 21:54:45,644 [Thread-657] INFO  impl.FollowerState (FollowerState.java:run(108)) - d6dfcdd7-fc6e-4b51-b91e-b64503dadc5e@group-F967393F7C93-FollowerState: change to CANDIDATE, lastRpcTime:138ms, electionTimeout:138ms
2019-10-17 21:54:45,644 [Thread-657] INFO  impl.RoleInfo (RoleInfo.java:shutdownFollowerState(121)) - d6dfcdd7-fc6e-4b51-b91e-b64503dadc5e: shutdown FollowerState
2019-10-17 21:54:45,644 [Thread-657] INFO  impl.RaftServerImpl (RaftServerImpl.java:setRole(184)) - d6dfcdd7-fc6e-4b51-b91e-b64503dadc5e@group-F967393F7C93: changes role from  FOLLOWER to CANDIDATE at term 22 for changeToCandidate
2019-10-17 21:54:45,645 [Thread-657] INFO  impl.RoleInfo (RoleInfo.java:updateAndGet(143)) - d6dfcdd7-fc6e-4b51-b91e-b64503dadc5e: start LeaderElection
2019-10-17 21:54:45,716 [fff7125c-610a-434d-b194-38800617abc4@group-4FF8CA26B826-SegmentedRaftLogWorker] INFO  segmented.SegmentedRaftLogWorker (SegmentedRaftLogWorker.java:execute(576)) - fff7125c-610a-434d-b194-38800617abc4@group-4FF8CA26B826-SegmentedRaftLogWorker: created new log segment /workdir/hadoop-ozone/integration-test/target/test-dir/MiniOzoneClusterImpl-8354d78d-dcd0-455c-bdef-cdb54255caab/datanode-6/data/ratis/e919e467-9e8c-41dd-b4c7-4ff8ca26b826/current/log_inprogress_1
2019-10-17 21:54:45,716 [d6dfcdd7-fc6e-4b51-b91e-b64503dadc5e@group-F967393F7C93-LeaderElection46] INFO  impl.LeaderElection (LeaderElection.java:askForVotes(178)) - d6dfcdd7-fc6e-4b51-b91e-b64503dadc5e@group-F967393F7C93-LeaderElection46: begin an election at term 23 for -1: [08d4cbaa-ffed-4411-a5fd-c4a38026aead:192.168.157.223:33910, da15dfee-23f0-4dc4-ad77-c00156c49cfa:192.168.157.223:42172, d6dfcdd7-fc6e-4b51-b91e-b64503dadc5e:192.168.157.223:43575], old=null
2019-10-17 21:54:45,716 [9a96bff1-ea9f-4cea-8163-a3905a9e2704@group-4FF8CA26B826-SegmentedRaftLogWorker] INFO  segmented.SegmentedRaftLogWorker (SegmentedRaftLogWorker.java:execute(576)) - 9a96bff1-ea9f-4cea-8163-a3905a9e2704@group-4FF8CA26B826-SegmentedRaftLogWorker: created new log segment /workdir/hadoop-ozone/integration-test/target/test-dir/MiniOzoneClusterImpl-8354d78d-dcd0-455c-bdef-cdb54255caab/datanode-4/data/ratis/e919e467-9e8c-41dd-b4c7-4ff8ca26b826/current/log_inprogress_1
2019-10-17 21:54:45,716 [c3d1d4b8-f513-489f-ad1a-d9e469eb6c8d@group-4FF8CA26B826-SegmentedRaftLogWorker] INFO  segmented.SegmentedRaftLogWorker (SegmentedRaftLogWorker.java:execute(576)) - c3d1d4b8-f513-489f-ad1a-d9e469eb6c8d@group-4FF8CA26B826-SegmentedRaftLogWorker: created new log segment /workdir/hadoop-ozone/integration-test/target/test-dir/MiniOzoneClusterImpl-8354d78d-dcd0-455c-bdef-cdb54255caab/datanode-5/data/ratis/e919e467-9e8c-41dd-b4c7-4ff8ca26b826/current/log_inprogress_0
2019-10-17 21:54:45,721 [grpc-default-executor-11] INFO  impl.RaftServerImpl (RaftServerImpl.java:setRole(184)) - da15dfee-23f0-4dc4-ad77-c00156c49cfa@group-F967393F7C93: changes role from  FOLLOWER to FOLLOWER at term 23 for recognizeCandidate:d6dfcdd7-fc6e-4b51-b91e-b64503dadc5e
2019-10-17 21:54:45,721 [grpc-default-executor-12] INFO  impl.RaftServerImpl (RaftServerImpl.java:setRole(184)) - 08d4cbaa-ffed-4411-a5fd-c4a38026aead@group-F967393F7C93: changes role from  FOLLOWER to FOLLOWER at term 23 for recognizeCandidate:d6dfcdd7-fc6e-4b51-b91e-b64503dadc5e
2019-10-17 21:54:45,723 [grpc-default-executor-12] INFO  impl.RoleInfo (RoleInfo.java:shutdownFollowerState(121)) - 08d4cbaa-ffed-4411-a5fd-c4a38026aead: shutdown FollowerState
2019-10-17 21:54:45,722 [grpc-default-executor-11] INFO  impl.RoleInfo (RoleInfo.java:shutdownFollowerState(121)) - da15dfee-23f0-4dc4-ad77-c00156c49cfa: shutdown FollowerState
2019-10-17 21:54:45,726 [Thread-655] INFO  impl.FollowerState (FollowerState.java:run(117)) - 08d4cbaa-ffed-4411-a5fd-c4a38026aead@group-F967393F7C93-FollowerState was interrupted: java.lang.InterruptedException: sleep interrupted
2019-10-17 21:54:45,727 [grpc-default-executor-11] INFO  impl.RoleInfo (RoleInfo.java:updateAndGet(143)) - da15dfee-23f0-4dc4-ad77-c00156c49cfa: start FollowerState
2019-10-17 21:54:45,726 [grpc-default-executor-12] INFO  impl.RoleInfo (RoleInfo.java:updateAndGet(143)) - 08d4cbaa-ffed-4411-a5fd-c4a38026aead: start FollowerState
2019-10-17 21:54:45,727 [Thread-656] INFO  impl.FollowerState (FollowerState.java:run(117)) - da15dfee-23f0-4dc4-ad77-c00156c49cfa@group-F967393F7C93-FollowerState was interrupted: java.lang.InterruptedException: sleep interrupted
2019-10-17 21:54:45,729 [c3d1d4b8-f513-489f-ad1a-d9e469eb6c8d@group-4FF8CA26B826-SegmentedRaftLogWorker] INFO  segmented.SegmentedRaftLogWorker (SegmentedRaftLogWorker.java:execute(533)) - c3d1d4b8-f513-489f-ad1a-d9e469eb6c8d@group-4FF8CA26B826-SegmentedRaftLogWorker: Rolled log segment from /workdir/hadoop-ozone/integration-test/target/test-dir/MiniOzoneClusterImpl-8354d78d-dcd0-455c-bdef-cdb54255caab/datanode-5/data/ratis/e919e467-9e8c-41dd-b4c7-4ff8ca26b826/current/log_inprogress_0 to /workdir/hadoop-ozone/integration-test/target/test-dir/MiniOzoneClusterImpl-8354d78d-dcd0-455c-bdef-cdb54255caab/datanode-5/data/ratis/e919e467-9e8c-41dd-b4c7-4ff8ca26b826/current/log_0-0
2019-10-17 21:54:45,771 [d6dfcdd7-fc6e-4b51-b91e-b64503dadc5e@group-F967393F7C93-LeaderElection46] INFO  impl.LeaderElection (LeaderElection.java:logAndReturn(56)) - d6dfcdd7-fc6e-4b51-b91e-b64503dadc5e@group-F967393F7C93-LeaderElection46: Election REJECTED; received 2 response(s) [d6dfcdd7-fc6e-4b51-b91e-b64503dadc5e<-08d4cbaa-ffed-4411-a5fd-c4a38026aead#0:FAIL-t23, d6dfcdd7-fc6e-4b51-b91e-b64503dadc5e<-da15dfee-23f0-4dc4-ad77-c00156c49cfa#0:FAIL-t23] and 0 exception(s); d6dfcdd7-fc6e-4b51-b91e-b64503dadc5e@group-F967393F7C93:t23, leader=null, voted=d6dfcdd7-fc6e-4b51-b91e-b64503dadc5e, raftlog=d6dfcdd7-fc6e-4b51-b91e-b64503dadc5e@group-F967393F7C93-SegmentedRaftLog:OPENED:c-1,f-1,i0, conf=-1: [08d4cbaa-ffed-4411-a5fd-c4a38026aead:192.168.157.223:33910, da15dfee-23f0-4dc4-ad77-c00156c49cfa:192.168.157.223:42172, d6dfcdd7-fc6e-4b51-b91e-b64503dadc5e:192.168.157.223:43575], old=null
2019-10-17 21:54:45,771 [d6dfcdd7-fc6e-4b51-b91e-b64503dadc5e@group-F967393F7C93-LeaderElection46] INFO  impl.RaftServerImpl (RaftServerImpl.java:setRole(184)) - d6dfcdd7-fc6e-4b51-b91e-b64503dadc5e@group-F967393F7C93: changes role from CANDIDATE to FOLLOWER at term 23 for DISCOVERED_A_NEW_TERM
2019-10-17 21:54:45,771 [d6dfcdd7-fc6e-4b51-b91e-b64503dadc5e@group-F967393F7C93-LeaderElection46] INFO  impl.RoleInfo (RoleInfo.java:shutdownLeaderElection(134)) - d6dfcdd7-fc6e-4b51-b91e-b64503dadc5e: shutdown LeaderElection
2019-10-17 21:54:45,772 [d6dfcdd7-fc6e-4b51-b91e-b64503dadc5e@group-F967393F7C93-LeaderElection46] INFO  impl.RoleInfo (RoleInfo.java:updateAndGet(143)) - d6dfcdd7-fc6e-4b51-b91e-b64503dadc5e: start FollowerState
2019-10-17 21:54:45,795 [c3d1d4b8-f513-489f-ad1a-d9e469eb6c8d@group-4FF8CA26B826-SegmentedRaftLogWorker] INFO  segmented.SegmentedRaftLogWorker (SegmentedRaftLogWorker.java:execute(576)) - c3d1d4b8-f513-489f-ad1a-d9e469eb6c8d@group-4FF8CA26B826-SegmentedRaftLogWorker: created new log segment /workdir/hadoop-ozone/integration-test/target/test-dir/MiniOzoneClusterImpl-8354d78d-dcd0-455c-bdef-cdb54255caab/datanode-5/data/ratis/e919e467-9e8c-41dd-b4c7-4ff8ca26b826/current/log_inprogress_1
2019-10-17 21:54:45,875 [Thread-682] INFO  impl.FollowerState (FollowerState.java:run(108)) - d6dfcdd7-fc6e-4b51-b91e-b64503dadc5e@group-F967393F7C93-FollowerState: change to CANDIDATE, lastRpcTime:103ms, electionTimeout:103ms
2019-10-17 21:54:45,875 [Thread-682] INFO  impl.RoleInfo (RoleInfo.java:shutdownFollowerState(121)) - d6dfcdd7-fc6e-4b51-b91e-b64503dadc5e: shutdown FollowerState
2019-10-17 21:54:45,875 [Thread-682] INFO  impl.RaftServerImpl (RaftServerImpl.java:setRole(184)) - d6dfcdd7-fc6e-4b51-b91e-b64503dadc5e@group-F967393F7C93: changes role from  FOLLOWER to CANDIDATE at term 23 for changeToCandidate
2019-10-17 21:54:45,876 [Thread-682] INFO  impl.RoleInfo (RoleInfo.java:updateAndGet(143)) - d6dfcdd7-fc6e-4b51-b91e-b64503dadc5e: start LeaderElection
2019-10-17 21:54:45,889 [d6dfcdd7-fc6e-4b51-b91e-b64503dadc5e@group-F967393F7C93-LeaderElection47] INFO  impl.LeaderElection (LeaderElection.java:askForVotes(178)) - d6dfcdd7-fc6e-4b51-b91e-b64503dadc5e@group-F967393F7C93-LeaderElection47: begin an election at term 24 for -1: [08d4cbaa-ffed-4411-a5fd-c4a38026aead:192.168.157.223:33910, da15dfee-23f0-4dc4-ad77-c00156c49cfa:192.168.157.223:42172, d6dfcdd7-fc6e-4b51-b91e-b64503dadc5e:192.168.157.223:43575], old=null
2019-10-17 21:54:45,895 [grpc-default-executor-11] INFO  impl.RaftServerImpl (RaftServerImpl.java:setRole(184)) - 08d4cbaa-ffed-4411-a5fd-c4a38026aead@group-F967393F7C93: changes role from  FOLLOWER to FOLLOWER at term 24 for recognizeCandidate:d6dfcdd7-fc6e-4b51-b91e-b64503dadc5e
2019-10-17 21:54:45,896 [grpc-default-executor-11] INFO  impl.RoleInfo (RoleInfo.java:shutdownFollowerState(121)) - 08d4cbaa-ffed-4411-a5fd-c4a38026aead: shutdown FollowerState
2019-10-17 21:54:45,896 [grpc-default-executor-12] INFO  impl.RaftServerImpl (RaftServerImpl.java:setRole(184)) - da15dfee-23f0-4dc4-ad77-c00156c49cfa@group-F967393F7C93: changes role from  FOLLOWER to FOLLOWER at term 24 for recognizeCandidate:d6dfcdd7-fc6e-4b51-b91e-b64503dadc5e
2019-10-17 21:54:45,896 [Thread-679] INFO  impl.FollowerState (FollowerState.java:run(117)) - 08d4cbaa-ffed-4411-a5fd-c4a38026aead@group-F967393F7C93-FollowerState was interrupted: java.lang.InterruptedException: sleep interrupted
2019-10-17 21:54:45,896 [grpc-default-executor-12] INFO  impl.RoleInfo (RoleInfo.java:shutdownFollowerState(121)) - da15dfee-23f0-4dc4-ad77-c00156c49cfa: shutdown FollowerState
2019-10-17 21:54:45,896 [grpc-default-executor-11] INFO  impl.RoleInfo (RoleInfo.java:updateAndGet(143)) - 08d4cbaa-ffed-4411-a5fd-c4a38026aead: start FollowerState
2019-10-17 21:54:45,896 [Thread-680] INFO  impl.FollowerState (FollowerState.java:run(117)) - da15dfee-23f0-4dc4-ad77-c00156c49cfa@group-F967393F7C93-FollowerState was interrupted: java.lang.InterruptedException: sleep interrupted
2019-10-17 21:54:45,896 [grpc-default-executor-12] INFO  impl.RoleInfo (RoleInfo.java:updateAndGet(143)) - da15dfee-23f0-4dc4-ad77-c00156c49cfa: start FollowerState
2019-10-17 21:54:45,912 [d6dfcdd7-fc6e-4b51-b91e-b64503dadc5e@group-F967393F7C93-LeaderElection47] INFO  impl.LeaderElection (LeaderElection.java:logAndReturn(56)) - d6dfcdd7-fc6e-4b51-b91e-b64503dadc5e@group-F967393F7C93-LeaderElection47: Election REJECTED; received 2 response(s) [d6dfcdd7-fc6e-4b51-b91e-b64503dadc5e<-08d4cbaa-ffed-4411-a5fd-c4a38026aead#0:FAIL-t24, d6dfcdd7-fc6e-4b51-b91e-b64503dadc5e<-da15dfee-23f0-4dc4-ad77-c00156c49cfa#0:FAIL-t24] and 0 exception(s); d6dfcdd7-fc6e-4b51-b91e-b64503dadc5e@group-F967393F7C93:t24, leader=null, voted=d6dfcdd7-fc6e-4b51-b91e-b64503dadc5e, raftlog=d6dfcdd7-fc6e-4b51-b91e-b64503dadc5e@group-F967393F7C93-SegmentedRaftLog:OPENED:c-1,f-1,i0, conf=-1: [08d4cbaa-ffed-4411-a5fd-c4a38026aead:192.168.157.223:33910, da15dfee-23f0-4dc4-ad77-c00156c49cfa:192.168.157.223:42172, d6dfcdd7-fc6e-4b51-b91e-b64503dadc5e:192.168.157.223:43575], old=null
2019-10-17 21:54:45,912 [d6dfcdd7-fc6e-4b51-b91e-b64503dadc5e@group-F967393F7C93-LeaderElection47] INFO  impl.RaftServerImpl (RaftServerImpl.java:setRole(184)) - d6dfcdd7-fc6e-4b51-b91e-b64503dadc5e@group-F967393F7C93: changes role from CANDIDATE to FOLLOWER at term 24 for DISCOVERED_A_NEW_TERM
2019-10-17 21:54:45,912 [d6dfcdd7-fc6e-4b51-b91e-b64503dadc5e@group-F967393F7C93-LeaderElection47] INFO  impl.RoleInfo (RoleInfo.java:shutdownLeaderElection(134)) - d6dfcdd7-fc6e-4b51-b91e-b64503dadc5e: shutdown LeaderElection
2019-10-17 21:54:45,913 [d6dfcdd7-fc6e-4b51-b91e-b64503dadc5e@group-F967393F7C93-LeaderElection47] INFO  impl.RoleInfo (RoleInfo.java:updateAndGet(143)) - d6dfcdd7-fc6e-4b51-b91e-b64503dadc5e: start FollowerState
2019-10-17 21:54:45,977 [Thread-693] INFO  impl.FollowerState (FollowerState.java:run(108)) - d6dfcdd7-fc6e-4b51-b91e-b64503dadc5e@group-F967393F7C93-FollowerState: change to CANDIDATE, lastRpcTime:64ms, electionTimeout:64ms
2019-10-17 21:54:45,977 [Thread-693] INFO  impl.RoleInfo (RoleInfo.java:shutdownFollowerState(121)) - d6dfcdd7-fc6e-4b51-b91e-b64503dadc5e: shutdown FollowerState
2019-10-17 21:54:45,977 [Thread-693] INFO  impl.RaftServerImpl (RaftServerImpl.java:setRole(184)) - d6dfcdd7-fc6e-4b51-b91e-b64503dadc5e@group-F967393F7C93: changes role from  FOLLOWER to CANDIDATE at term 24 for changeToCandidate
2019-10-17 21:54:45,978 [Thread-693] INFO  impl.RoleInfo (RoleInfo.java:updateAndGet(143)) - d6dfcdd7-fc6e-4b51-b91e-b64503dadc5e: start LeaderElection
2019-10-17 21:54:45,991 [d6dfcdd7-fc6e-4b51-b91e-b64503dadc5e@group-F967393F7C93-LeaderElection48] INFO  impl.LeaderElection (LeaderElection.java:askForVotes(178)) - d6dfcdd7-fc6e-4b51-b91e-b64503dadc5e@group-F967393F7C93-LeaderElection48: begin an election at term 25 for -1: [08d4cbaa-ffed-4411-a5fd-c4a38026aead:192.168.157.223:33910, da15dfee-23f0-4dc4-ad77-c00156c49cfa:192.168.157.223:42172, d6dfcdd7-fc6e-4b51-b91e-b64503dadc5e:192.168.157.223:43575], old=null
2019-10-17 21:54:45,994 [grpc-default-executor-11] INFO  impl.RaftServerImpl (RaftServerImpl.java:setRole(184)) - 08d4cbaa-ffed-4411-a5fd-c4a38026aead@group-F967393F7C93: changes role from  FOLLOWER to FOLLOWER at term 25 for recognizeCandidate:d6dfcdd7-fc6e-4b51-b91e-b64503dadc5e
2019-10-17 21:54:45,994 [grpc-default-executor-11] INFO  impl.RoleInfo (RoleInfo.java:shutdownFollowerState(121)) - 08d4cbaa-ffed-4411-a5fd-c4a38026aead: shutdown FollowerState
2019-10-17 21:54:45,994 [grpc-default-executor-12] INFO  impl.RaftServerImpl (RaftServerImpl.java:setRole(184)) - da15dfee-23f0-4dc4-ad77-c00156c49cfa@group-F967393F7C93: changes role from  FOLLOWER to FOLLOWER at term 25 for recognizeCandidate:d6dfcdd7-fc6e-4b51-b91e-b64503dadc5e
2019-10-17 21:54:45,994 [Thread-691] INFO  impl.FollowerState (FollowerState.java:run(117)) - 08d4cbaa-ffed-4411-a5fd-c4a38026aead@group-F967393F7C93-FollowerState was interrupted: java.lang.InterruptedException: sleep interrupted
2019-10-17 21:54:45,994 [grpc-default-executor-11] INFO  impl.RoleInfo (RoleInfo.java:updateAndGet(143)) - 08d4cbaa-ffed-4411-a5fd-c4a38026aead: start FollowerState
2019-10-17 21:54:45,994 [grpc-default-executor-12] INFO  impl.RoleInfo (RoleInfo.java:shutdownFollowerState(121)) - da15dfee-23f0-4dc4-ad77-c00156c49cfa: shutdown FollowerState
2019-10-17 21:54:45,995 [grpc-default-executor-12] INFO  impl.RoleInfo (RoleInfo.java:updateAndGet(143)) - da15dfee-23f0-4dc4-ad77-c00156c49cfa: start FollowerState
2019-10-17 21:54:45,995 [Thread-692] INFO  impl.FollowerState (FollowerState.java:run(117)) - da15dfee-23f0-4dc4-ad77-c00156c49cfa@group-F967393F7C93-FollowerState was interrupted: java.lang.InterruptedException: sleep interrupted
2019-10-17 21:54:46,010 [d6dfcdd7-fc6e-4b51-b91e-b64503dadc5e@group-F967393F7C93-LeaderElection48] INFO  impl.LeaderElection (LeaderElection.java:logAndReturn(56)) - d6dfcdd7-fc6e-4b51-b91e-b64503dadc5e@group-F967393F7C93-LeaderElection48: Election REJECTED; received 2 response(s) [d6dfcdd7-fc6e-4b51-b91e-b64503dadc5e<-08d4cbaa-ffed-4411-a5fd-c4a38026aead#0:FAIL-t25, d6dfcdd7-fc6e-4b51-b91e-b64503dadc5e<-da15dfee-23f0-4dc4-ad77-c00156c49cfa#0:FAIL-t25] and 0 exception(s); d6dfcdd7-fc6e-4b51-b91e-b64503dadc5e@group-F967393F7C93:t25, leader=null, voted=d6dfcdd7-fc6e-4b51-b91e-b64503dadc5e, raftlog=d6dfcdd7-fc6e-4b51-b91e-b64503dadc5e@group-F967393F7C93-SegmentedRaftLog:OPENED:c-1,f-1,i0, conf=-1: [08d4cbaa-ffed-4411-a5fd-c4a38026aead:192.168.157.223:33910, da15dfee-23f0-4dc4-ad77-c00156c49cfa:192.168.157.223:42172, d6dfcdd7-fc6e-4b51-b91e-b64503dadc5e:192.168.157.223:43575], old=null
2019-10-17 21:54:46,010 [d6dfcdd7-fc6e-4b51-b91e-b64503dadc5e@group-F967393F7C93-LeaderElection48] INFO  impl.RaftServerImpl (RaftServerImpl.java:setRole(184)) - d6dfcdd7-fc6e-4b51-b91e-b64503dadc5e@group-F967393F7C93: changes role from CANDIDATE to FOLLOWER at term 25 for DISCOVERED_A_NEW_TERM
2019-10-17 21:54:46,010 [d6dfcdd7-fc6e-4b51-b91e-b64503dadc5e@group-F967393F7C93-LeaderElection48] INFO  impl.RoleInfo (RoleInfo.java:shutdownLeaderElection(134)) - d6dfcdd7-fc6e-4b51-b91e-b64503dadc5e: shutdown LeaderElection
2019-10-17 21:54:46,011 [d6dfcdd7-fc6e-4b51-b91e-b64503dadc5e@group-F967393F7C93-LeaderElection48] INFO  impl.RoleInfo (RoleInfo.java:updateAndGet(143)) - d6dfcdd7-fc6e-4b51-b91e-b64503dadc5e: start FollowerState
2019-10-17 21:54:46,048 [Thread-699] INFO  impl.FollowerState (FollowerState.java:run(108)) - d6dfcdd7-fc6e-4b51-b91e-b64503dadc5e@group-F967393F7C93-FollowerState: change to CANDIDATE, lastRpcTime:37ms, electionTimeout:37ms
2019-10-17 21:54:46,048 [Thread-699] INFO  impl.RoleInfo (RoleInfo.java:shutdownFollowerState(121)) - d6dfcdd7-fc6e-4b51-b91e-b64503dadc5e: shutdown FollowerState
2019-10-17 21:54:46,048 [Thread-699] INFO  impl.RaftServerImpl (RaftServerImpl.java:setRole(184)) - d6dfcdd7-fc6e-4b51-b91e-b64503dadc5e@group-F967393F7C93: changes role from  FOLLOWER to CANDIDATE at term 25 for changeToCandidate
2019-10-17 21:54:46,049 [Thread-699] INFO  impl.RoleInfo (RoleInfo.java:updateAndGet(143)) - d6dfcdd7-fc6e-4b51-b91e-b64503dadc5e: start LeaderElection
2019-10-17 21:54:46,062 [d6dfcdd7-fc6e-4b51-b91e-b64503dadc5e@group-F967393F7C93-LeaderElection49] INFO  impl.LeaderElection (LeaderElection.java:askForVotes(178)) - d6dfcdd7-fc6e-4b51-b91e-b64503dadc5e@group-F967393F7C93-LeaderElection49: begin an election at term 26 for -1: [08d4cbaa-ffed-4411-a5fd-c4a38026aead:192.168.157.223:33910, da15dfee-23f0-4dc4-ad77-c00156c49cfa:192.168.157.223:42172, d6dfcdd7-fc6e-4b51-b91e-b64503dadc5e:192.168.157.223:43575], old=null
2019-10-17 21:54:46,067 [grpc-default-executor-11] INFO  impl.RaftServerImpl (RaftServerImpl.java:setRole(184)) - 08d4cbaa-ffed-4411-a5fd-c4a38026aead@group-F967393F7C93: changes role from  FOLLOWER to FOLLOWER at term 26 for recognizeCandidate:d6dfcdd7-fc6e-4b51-b91e-b64503dadc5e
2019-10-17 21:54:46,067 [grpc-default-executor-11] INFO  impl.RoleInfo (RoleInfo.java:shutdownFollowerState(121)) - 08d4cbaa-ffed-4411-a5fd-c4a38026aead: shutdown FollowerState
2019-10-17 21:54:46,067 [grpc-default-executor-12] INFO  impl.RaftServerImpl (RaftServerImpl.java:setRole(184)) - da15dfee-23f0-4dc4-ad77-c00156c49cfa@group-F967393F7C93: changes role from  FOLLOWER to FOLLOWER at term 26 for recognizeCandidate:d6dfcdd7-fc6e-4b51-b91e-b64503dadc5e
2019-10-17 21:54:46,068 [grpc-default-executor-12] INFO  impl.RoleInfo (RoleInfo.java:shutdownFollowerState(121)) - da15dfee-23f0-4dc4-ad77-c00156c49cfa: shutdown FollowerState
2019-10-17 21:54:46,068 [grpc-default-executor-11] INFO  impl.RoleInfo (RoleInfo.java:updateAndGet(143)) - 08d4cbaa-ffed-4411-a5fd-c4a38026aead: start FollowerState
2019-10-17 21:54:46,068 [Thread-698] INFO  impl.FollowerState (FollowerState.java:run(117)) - da15dfee-23f0-4dc4-ad77-c00156c49cfa@group-F967393F7C93-FollowerState was interrupted: java.lang.InterruptedException: sleep interrupted
2019-10-17 21:54:46,068 [grpc-default-executor-12] INFO  impl.RoleInfo (RoleInfo.java:updateAndGet(143)) - da15dfee-23f0-4dc4-ad77-c00156c49cfa: start FollowerState
2019-10-17 21:54:46,068 [Thread-697] INFO  impl.FollowerState (FollowerState.java:run(117)) - 08d4cbaa-ffed-4411-a5fd-c4a38026aead@group-F967393F7C93-FollowerState was interrupted: java.lang.InterruptedException: sleep interrupted
2019-10-17 21:54:46,110 [d6dfcdd7-fc6e-4b51-b91e-b64503dadc5e@group-F967393F7C93-LeaderElection49] INFO  impl.LeaderElection (LeaderElection.java:logAndReturn(56)) - d6dfcdd7-fc6e-4b51-b91e-b64503dadc5e@group-F967393F7C93-LeaderElection49: Election REJECTED; received 2 response(s) [d6dfcdd7-fc6e-4b51-b91e-b64503dadc5e<-08d4cbaa-ffed-4411-a5fd-c4a38026aead#0:FAIL-t26, d6dfcdd7-fc6e-4b51-b91e-b64503dadc5e<-da15dfee-23f0-4dc4-ad77-c00156c49cfa#0:FAIL-t26] and 0 exception(s); d6dfcdd7-fc6e-4b51-b91e-b64503dadc5e@group-F967393F7C93:t26, leader=null, voted=d6dfcdd7-fc6e-4b51-b91e-b64503dadc5e, raftlog=d6dfcdd7-fc6e-4b51-b91e-b64503dadc5e@group-F967393F7C93-SegmentedRaftLog:OPENED:c-1,f-1,i0, conf=-1: [08d4cbaa-ffed-4411-a5fd-c4a38026aead:192.168.157.223:33910, da15dfee-23f0-4dc4-ad77-c00156c49cfa:192.168.157.223:42172, d6dfcdd7-fc6e-4b51-b91e-b64503dadc5e:192.168.157.223:43575], old=null
2019-10-17 21:54:46,110 [d6dfcdd7-fc6e-4b51-b91e-b64503dadc5e@group-F967393F7C93-LeaderElection49] INFO  impl.RaftServerImpl (RaftServerImpl.java:setRole(184)) - d6dfcdd7-fc6e-4b51-b91e-b64503dadc5e@group-F967393F7C93: changes role from CANDIDATE to FOLLOWER at term 26 for DISCOVERED_A_NEW_TERM
2019-10-17 21:54:46,110 [d6dfcdd7-fc6e-4b51-b91e-b64503dadc5e@group-F967393F7C93-LeaderElection49] INFO  impl.RoleInfo (RoleInfo.java:shutdownLeaderElection(134)) - d6dfcdd7-fc6e-4b51-b91e-b64503dadc5e: shutdown LeaderElection
2019-10-17 21:54:46,110 [d6dfcdd7-fc6e-4b51-b91e-b64503dadc5e@group-F967393F7C93-LeaderElection49] INFO  impl.RoleInfo (RoleInfo.java:updateAndGet(143)) - d6dfcdd7-fc6e-4b51-b91e-b64503dadc5e: start FollowerState
2019-10-17 21:54:46,173 [Thread-705] INFO  impl.FollowerState (FollowerState.java:run(108)) - d6dfcdd7-fc6e-4b51-b91e-b64503dadc5e@group-F967393F7C93-FollowerState: change to CANDIDATE, lastRpcTime:62ms, electionTimeout:62ms
2019-10-17 21:54:46,173 [Thread-705] INFO  impl.RoleInfo (RoleInfo.java:shutdownFollowerState(121)) - d6dfcdd7-fc6e-4b51-b91e-b64503dadc5e: shutdown FollowerState
2019-10-17 21:54:46,173 [Thread-705] INFO  impl.RaftServerImpl (RaftServerImpl.java:setRole(184)) - d6dfcdd7-fc6e-4b51-b91e-b64503dadc5e@group-F967393F7C93: changes role from  FOLLOWER to CANDIDATE at term 26 for changeToCandidate
2019-10-17 21:54:46,173 [Thread-705] INFO  impl.RoleInfo (RoleInfo.java:updateAndGet(143)) - d6dfcdd7-fc6e-4b51-b91e-b64503dadc5e: start LeaderElection
2019-10-17 21:54:46,187 [d6dfcdd7-fc6e-4b51-b91e-b64503dadc5e@group-F967393F7C93-LeaderElection50] INFO  impl.LeaderElection (LeaderElection.java:askForVotes(178)) - d6dfcdd7-fc6e-4b51-b91e-b64503dadc5e@group-F967393F7C93-LeaderElection50: begin an election at term 27 for -1: [08d4cbaa-ffed-4411-a5fd-c4a38026aead:192.168.157.223:33910, da15dfee-23f0-4dc4-ad77-c00156c49cfa:192.168.157.223:42172, d6dfcdd7-fc6e-4b51-b91e-b64503dadc5e:192.168.157.223:43575], old=null
2019-10-17 21:54:46,190 [grpc-default-executor-11] INFO  impl.RaftServerImpl (RaftServerImpl.java:setRole(184)) - 08d4cbaa-ffed-4411-a5fd-c4a38026aead@group-F967393F7C93: changes role from  FOLLOWER to FOLLOWER at term 27 for recognizeCandidate:d6dfcdd7-fc6e-4b51-b91e-b64503dadc5e
2019-10-17 21:54:46,190 [grpc-default-executor-11] INFO  impl.RoleInfo (RoleInfo.java:shutdownFollowerState(121)) - 08d4cbaa-ffed-4411-a5fd-c4a38026aead: shutdown FollowerState
2019-10-17 21:54:46,190 [Thread-703] INFO  impl.FollowerState (FollowerState.java:run(117)) - 08d4cbaa-ffed-4411-a5fd-c4a38026aead@group-F967393F7C93-FollowerState was interrupted: java.lang.InterruptedException: sleep interrupted
2019-10-17 21:54:46,190 [grpc-default-executor-11] INFO  impl.RoleInfo (RoleInfo.java:updateAndGet(143)) - 08d4cbaa-ffed-4411-a5fd-c4a38026aead: start FollowerState
2019-10-17 21:54:46,190 [grpc-default-executor-12] INFO  impl.RaftServerImpl (RaftServerImpl.java:setRole(184)) - da15dfee-23f0-4dc4-ad77-c00156c49cfa@group-F967393F7C93: changes role from  FOLLOWER to FOLLOWER at term 27 for recognizeCandidate:d6dfcdd7-fc6e-4b51-b91e-b64503dadc5e
2019-10-17 21:54:46,191 [grpc-default-executor-12] INFO  impl.RoleInfo (RoleInfo.java:shutdownFollowerState(121)) - da15dfee-23f0-4dc4-ad77-c00156c49cfa: shutdown FollowerState
2019-10-17 21:54:46,191 [grpc-default-executor-12] INFO  impl.RoleInfo (RoleInfo.java:updateAndGet(143)) - da15dfee-23f0-4dc4-ad77-c00156c49cfa: start FollowerState
2019-10-17 21:54:46,191 [Thread-704] INFO  impl.FollowerState (FollowerState.java:run(117)) - da15dfee-23f0-4dc4-ad77-c00156c49cfa@group-F967393F7C93-FollowerState was interrupted: java.lang.InterruptedException: sleep interrupted
2019-10-17 21:54:46,206 [d6dfcdd7-fc6e-4b51-b91e-b64503dadc5e@group-F967393F7C93-LeaderElection50] INFO  impl.LeaderElection (LeaderElection.java:logAndReturn(56)) - d6dfcdd7-fc6e-4b51-b91e-b64503dadc5e@group-F967393F7C93-LeaderElection50: Election REJECTED; received 2 response(s) [d6dfcdd7-fc6e-4b51-b91e-b64503dadc5e<-08d4cbaa-ffed-4411-a5fd-c4a38026aead#0:FAIL-t27, d6dfcdd7-fc6e-4b51-b91e-b64503dadc5e<-da15dfee-23f0-4dc4-ad77-c00156c49cfa#0:FAIL-t27] and 0 exception(s); d6dfcdd7-fc6e-4b51-b91e-b64503dadc5e@group-F967393F7C93:t27, leader=null, voted=d6dfcdd7-fc6e-4b51-b91e-b64503dadc5e, raftlog=d6dfcdd7-fc6e-4b51-b91e-b64503dadc5e@group-F967393F7C93-SegmentedRaftLog:OPENED:c-1,f-1,i0, conf=-1: [08d4cbaa-ffed-4411-a5fd-c4a38026aead:192.168.157.223:33910, da15dfee-23f0-4dc4-ad77-c00156c49cfa:192.168.157.223:42172, d6dfcdd7-fc6e-4b51-b91e-b64503dadc5e:192.168.157.223:43575], old=null
2019-10-17 21:54:46,206 [d6dfcdd7-fc6e-4b51-b91e-b64503dadc5e@group-F967393F7C93-LeaderElection50] INFO  impl.RaftServerImpl (RaftServerImpl.java:setRole(184)) - d6dfcdd7-fc6e-4b51-b91e-b64503dadc5e@group-F967393F7C93: changes role from CANDIDATE to FOLLOWER at term 27 for DISCOVERED_A_NEW_TERM
2019-10-17 21:54:46,206 [d6dfcdd7-fc6e-4b51-b91e-b64503dadc5e@group-F967393F7C93-LeaderElection50] INFO  impl.RoleInfo (RoleInfo.java:shutdownLeaderElection(134)) - d6dfcdd7-fc6e-4b51-b91e-b64503dadc5e: shutdown LeaderElection
2019-10-17 21:54:46,206 [d6dfcdd7-fc6e-4b51-b91e-b64503dadc5e@group-F967393F7C93-LeaderElection50] INFO  impl.RoleInfo (RoleInfo.java:updateAndGet(143)) - d6dfcdd7-fc6e-4b51-b91e-b64503dadc5e: start FollowerState
2019-10-17 21:54:46,383 [Thread-711] INFO  impl.FollowerState (FollowerState.java:run(108)) - d6dfcdd7-fc6e-4b51-b91e-b64503dadc5e@group-F967393F7C93-FollowerState: change to CANDIDATE, lastRpcTime:176ms, electionTimeout:176ms
2019-10-17 21:54:46,383 [Thread-711] INFO  impl.RoleInfo (RoleInfo.java:shutdownFollowerState(121)) - d6dfcdd7-fc6e-4b51-b91e-b64503dadc5e: shutdown FollowerState
2019-10-17 21:54:46,383 [Thread-711] INFO  impl.RaftServerImpl (RaftServerImpl.java:setRole(184)) - d6dfcdd7-fc6e-4b51-b91e-b64503dadc5e@group-F967393F7C93: changes role from  FOLLOWER to CANDIDATE at term 27 for changeToCandidate
2019-10-17 21:54:46,383 [Thread-711] INFO  impl.RoleInfo (RoleInfo.java:updateAndGet(143)) - d6dfcdd7-fc6e-4b51-b91e-b64503dadc5e: start LeaderElection
2019-10-17 21:54:46,398 [d6dfcdd7-fc6e-4b51-b91e-b64503dadc5e@group-F967393F7C93-LeaderElection51] INFO  impl.LeaderElection (LeaderElection.java:askForVotes(178)) - d6dfcdd7-fc6e-4b51-b91e-b64503dadc5e@group-F967393F7C93-LeaderElection51: begin an election at term 28 for -1: [08d4cbaa-ffed-4411-a5fd-c4a38026aead:192.168.157.223:33910, da15dfee-23f0-4dc4-ad77-c00156c49cfa:192.168.157.223:42172, d6dfcdd7-fc6e-4b51-b91e-b64503dadc5e:192.168.157.223:43575], old=null
2019-10-17 21:54:46,398 [d6dfcdd7-fc6e-4b51-b91e-b64503dadc5e@group-F967393F7C93-LeaderElection51] INFO  impl.LeaderElection (LeaderElection.java:logAndReturn(56)) - d6dfcdd7-fc6e-4b51-b91e-b64503dadc5e@group-F967393F7C93-LeaderElection51: Election TIMEOUT; received 0 response(s) [] and 0 exception(s); d6dfcdd7-fc6e-4b51-b91e-b64503dadc5e@group-F967393F7C93:t28, leader=null, voted=d6dfcdd7-fc6e-4b51-b91e-b64503dadc5e, raftlog=d6dfcdd7-fc6e-4b51-b91e-b64503dadc5e@group-F967393F7C93-SegmentedRaftLog:OPENED:c-1,f-1,i0, conf=-1: [08d4cbaa-ffed-4411-a5fd-c4a38026aead:192.168.157.223:33910, da15dfee-23f0-4dc4-ad77-c00156c49cfa:192.168.157.223:42172, d6dfcdd7-fc6e-4b51-b91e-b64503dadc5e:192.168.157.223:43575], old=null
2019-10-17 21:54:46,403 [grpc-default-executor-12] INFO  impl.RaftServerImpl (RaftServerImpl.java:setRole(184)) - 08d4cbaa-ffed-4411-a5fd-c4a38026aead@group-F967393F7C93: changes role from  FOLLOWER to FOLLOWER at term 28 for recognizeCandidate:d6dfcdd7-fc6e-4b51-b91e-b64503dadc5e
2019-10-17 21:54:46,404 [grpc-default-executor-12] INFO  impl.RoleInfo (RoleInfo.java:shutdownFollowerState(121)) - 08d4cbaa-ffed-4411-a5fd-c4a38026aead: shutdown FollowerState
2019-10-17 21:54:46,404 [grpc-default-executor-12] INFO  impl.RoleInfo (RoleInfo.java:updateAndGet(143)) - 08d4cbaa-ffed-4411-a5fd-c4a38026aead: start FollowerState
2019-10-17 21:54:46,404 [Thread-709] INFO  impl.FollowerState (FollowerState.java:run(117)) - 08d4cbaa-ffed-4411-a5fd-c4a38026aead@group-F967393F7C93-FollowerState was interrupted: java.lang.InterruptedException: sleep interrupted
2019-10-17 21:54:46,404 [grpc-default-executor-11] INFO  impl.RaftServerImpl (RaftServerImpl.java:setRole(184)) - da15dfee-23f0-4dc4-ad77-c00156c49cfa@group-F967393F7C93: changes role from  FOLLOWER to FOLLOWER at term 28 for recognizeCandidate:d6dfcdd7-fc6e-4b51-b91e-b64503dadc5e
2019-10-17 21:54:46,404 [grpc-default-executor-11] INFO  impl.RoleInfo (RoleInfo.java:shutdownFollowerState(121)) - da15dfee-23f0-4dc4-ad77-c00156c49cfa: shutdown FollowerState
2019-10-17 21:54:46,404 [grpc-default-executor-11] INFO  impl.RoleInfo (RoleInfo.java:updateAndGet(143)) - da15dfee-23f0-4dc4-ad77-c00156c49cfa: start FollowerState
2019-10-17 21:54:46,404 [Thread-710] INFO  impl.FollowerState (FollowerState.java:run(117)) - da15dfee-23f0-4dc4-ad77-c00156c49cfa@group-F967393F7C93-FollowerState was interrupted: java.lang.InterruptedException: sleep interrupted
2019-10-17 21:54:46,412 [d6dfcdd7-fc6e-4b51-b91e-b64503dadc5e@group-F967393F7C93-LeaderElection51] INFO  impl.LeaderElection (LeaderElection.java:askForVotes(178)) - d6dfcdd7-fc6e-4b51-b91e-b64503dadc5e@group-F967393F7C93-LeaderElection51: begin an election at term 29 for -1: [08d4cbaa-ffed-4411-a5fd-c4a38026aead:192.168.157.223:33910, da15dfee-23f0-4dc4-ad77-c00156c49cfa:192.168.157.223:42172, d6dfcdd7-fc6e-4b51-b91e-b64503dadc5e:192.168.157.223:43575], old=null
2019-10-17 21:54:46,414 [grpc-default-executor-11] INFO  impl.RaftServerImpl (RaftServerImpl.java:setRole(184)) - 08d4cbaa-ffed-4411-a5fd-c4a38026aead@group-F967393F7C93: changes role from  FOLLOWER to FOLLOWER at term 29 for recognizeCandidate:d6dfcdd7-fc6e-4b51-b91e-b64503dadc5e
2019-10-17 21:54:46,414 [grpc-default-executor-11] INFO  impl.RoleInfo (RoleInfo.java:shutdownFollowerState(121)) - 08d4cbaa-ffed-4411-a5fd-c4a38026aead: shutdown FollowerState
2019-10-17 21:54:46,415 [grpc-default-executor-11] INFO  impl.RoleInfo (RoleInfo.java:updateAndGet(143)) - 08d4cbaa-ffed-4411-a5fd-c4a38026aead: start FollowerState
2019-10-17 21:54:46,415 [Thread-719] INFO  impl.FollowerState (FollowerState.java:run(117)) - 08d4cbaa-ffed-4411-a5fd-c4a38026aead@group-F967393F7C93-FollowerState was interrupted: java.lang.InterruptedException: sleep interrupted
2019-10-17 21:54:46,415 [grpc-default-executor-12] INFO  impl.RaftServerImpl (RaftServerImpl.java:setRole(184)) - da15dfee-23f0-4dc4-ad77-c00156c49cfa@group-F967393F7C93: changes role from  FOLLOWER to FOLLOWER at term 29 for recognizeCandidate:d6dfcdd7-fc6e-4b51-b91e-b64503dadc5e
2019-10-17 21:54:46,415 [grpc-default-executor-12] INFO  impl.RoleInfo (RoleInfo.java:shutdownFollowerState(121)) - da15dfee-23f0-4dc4-ad77-c00156c49cfa: shutdown FollowerState
2019-10-17 21:54:46,415 [grpc-default-executor-12] INFO  impl.RoleInfo (RoleInfo.java:updateAndGet(143)) - da15dfee-23f0-4dc4-ad77-c00156c49cfa: start FollowerState
2019-10-17 21:54:46,415 [Thread-720] INFO  impl.FollowerState (FollowerState.java:run(117)) - da15dfee-23f0-4dc4-ad77-c00156c49cfa@group-F967393F7C93-FollowerState was interrupted: java.lang.InterruptedException: sleep interrupted
2019-10-17 21:54:46,430 [d6dfcdd7-fc6e-4b51-b91e-b64503dadc5e@group-F967393F7C93-LeaderElection51] INFO  impl.LeaderElection (LeaderElection.java:logAndReturn(56)) - d6dfcdd7-fc6e-4b51-b91e-b64503dadc5e@group-F967393F7C93-LeaderElection51: Election REJECTED; received 2 response(s) [d6dfcdd7-fc6e-4b51-b91e-b64503dadc5e<-08d4cbaa-ffed-4411-a5fd-c4a38026aead#0:FAIL-t29, d6dfcdd7-fc6e-4b51-b91e-b64503dadc5e<-da15dfee-23f0-4dc4-ad77-c00156c49cfa#0:FAIL-t29] and 0 exception(s); d6dfcdd7-fc6e-4b51-b91e-b64503dadc5e@group-F967393F7C93:t29, leader=null, voted=d6dfcdd7-fc6e-4b51-b91e-b64503dadc5e, raftlog=d6dfcdd7-fc6e-4b51-b91e-b64503dadc5e@group-F967393F7C93-SegmentedRaftLog:OPENED:c-1,f-1,i0, conf=-1: [08d4cbaa-ffed-4411-a5fd-c4a38026aead:192.168.157.223:33910, da15dfee-23f0-4dc4-ad77-c00156c49cfa:192.168.157.223:42172, d6dfcdd7-fc6e-4b51-b91e-b64503dadc5e:192.168.157.223:43575], old=null
2019-10-17 21:54:46,430 [d6dfcdd7-fc6e-4b51-b91e-b64503dadc5e@group-F967393F7C93-LeaderElection51] INFO  impl.RaftServerImpl (RaftServerImpl.java:setRole(184)) - d6dfcdd7-fc6e-4b51-b91e-b64503dadc5e@group-F967393F7C93: changes role from CANDIDATE to FOLLOWER at term 29 for DISCOVERED_A_NEW_TERM
2019-10-17 21:54:46,430 [d6dfcdd7-fc6e-4b51-b91e-b64503dadc5e@group-F967393F7C93-LeaderElection51] INFO  impl.RoleInfo (RoleInfo.java:shutdownLeaderElection(134)) - d6dfcdd7-fc6e-4b51-b91e-b64503dadc5e: shutdown LeaderElection
2019-10-17 21:54:46,430 [d6dfcdd7-fc6e-4b51-b91e-b64503dadc5e@group-F967393F7C93-LeaderElection51] INFO  impl.RoleInfo (RoleInfo.java:updateAndGet(143)) - d6dfcdd7-fc6e-4b51-b91e-b64503dadc5e: start FollowerState
2019-10-17 21:54:46,457 [Thread-725] INFO  impl.FollowerState (FollowerState.java:run(108)) - d6dfcdd7-fc6e-4b51-b91e-b64503dadc5e@group-F967393F7C93-FollowerState: change to CANDIDATE, lastRpcTime:26ms, electionTimeout:26ms
2019-10-17 21:54:46,457 [Thread-725] INFO  impl.RoleInfo (RoleInfo.java:shutdownFollowerState(121)) - d6dfcdd7-fc6e-4b51-b91e-b64503dadc5e: shutdown FollowerState
2019-10-17 21:54:46,457 [Thread-725] INFO  impl.RaftServerImpl (RaftServerImpl.java:setRole(184)) - d6dfcdd7-fc6e-4b51-b91e-b64503dadc5e@group-F967393F7C93: changes role from  FOLLOWER to CANDIDATE at term 29 for changeToCandidate
2019-10-17 21:54:46,457 [Thread-725] INFO  impl.RoleInfo (RoleInfo.java:updateAndGet(143)) - d6dfcdd7-fc6e-4b51-b91e-b64503dadc5e: start LeaderElection
2019-10-17 21:54:46,471 [d6dfcdd7-fc6e-4b51-b91e-b64503dadc5e@group-F967393F7C93-LeaderElection52] INFO  impl.LeaderElection (LeaderElection.java:askForVotes(178)) - d6dfcdd7-fc6e-4b51-b91e-b64503dadc5e@group-F967393F7C93-LeaderElection52: begin an election at term 30 for -1: [08d4cbaa-ffed-4411-a5fd-c4a38026aead:192.168.157.223:33910, da15dfee-23f0-4dc4-ad77-c00156c49cfa:192.168.157.223:42172, d6dfcdd7-fc6e-4b51-b91e-b64503dadc5e:192.168.157.223:43575], old=null
2019-10-17 21:54:46,476 [grpc-default-executor-12] INFO  impl.RaftServerImpl (RaftServerImpl.java:setRole(184)) - 08d4cbaa-ffed-4411-a5fd-c4a38026aead@group-F967393F7C93: changes role from  FOLLOWER to FOLLOWER at term 30 for recognizeCandidate:d6dfcdd7-fc6e-4b51-b91e-b64503dadc5e
2019-10-17 21:54:46,476 [grpc-default-executor-12] INFO  impl.RoleInfo (RoleInfo.java:shutdownFollowerState(121)) - 08d4cbaa-ffed-4411-a5fd-c4a38026aead: shutdown FollowerState
2019-10-17 21:54:46,476 [grpc-default-executor-11] INFO  impl.RaftServerImpl (RaftServerImpl.java:setRole(184)) - da15dfee-23f0-4dc4-ad77-c00156c49cfa@group-F967393F7C93: changes role from  FOLLOWER to FOLLOWER at term 30 for recognizeCandidate:d6dfcdd7-fc6e-4b51-b91e-b64503dadc5e
2019-10-17 21:54:46,476 [Thread-723] INFO  impl.FollowerState (FollowerState.java:run(117)) - 08d4cbaa-ffed-4411-a5fd-c4a38026aead@group-F967393F7C93-FollowerState was interrupted: java.lang.InterruptedException: sleep interrupted
2019-10-17 21:54:46,476 [grpc-default-executor-11] INFO  impl.RoleInfo (RoleInfo.java:shutdownFollowerState(121)) - da15dfee-23f0-4dc4-ad77-c00156c49cfa: shutdown FollowerState
2019-10-17 21:54:46,476 [grpc-default-executor-12] INFO  impl.RoleInfo (RoleInfo.java:updateAndGet(143)) - 08d4cbaa-ffed-4411-a5fd-c4a38026aead: start FollowerState
2019-10-17 21:54:46,477 [grpc-default-executor-11] INFO  impl.RoleInfo (RoleInfo.java:updateAndGet(143)) - da15dfee-23f0-4dc4-ad77-c00156c49cfa: start FollowerState
2019-10-17 21:54:46,477 [Thread-724] INFO  impl.FollowerState (FollowerState.java:run(117)) - da15dfee-23f0-4dc4-ad77-c00156c49cfa@group-F967393F7C93-FollowerState was interrupted: java.lang.InterruptedException: sleep interrupted
2019-10-17 21:54:46,492 [d6dfcdd7-fc6e-4b51-b91e-b64503dadc5e@group-F967393F7C93-LeaderElection52] INFO  impl.LeaderElection (LeaderElection.java:logAndReturn(56)) - d6dfcdd7-fc6e-4b51-b91e-b64503dadc5e@group-F967393F7C93-LeaderElection52: Election REJECTED; received 2 response(s) [d6dfcdd7-fc6e-4b51-b91e-b64503dadc5e<-08d4cbaa-ffed-4411-a5fd-c4a38026aead#0:FAIL-t30, d6dfcdd7-fc6e-4b51-b91e-b64503dadc5e<-da15dfee-23f0-4dc4-ad77-c00156c49cfa#0:FAIL-t30] and 0 exception(s); d6dfcdd7-fc6e-4b51-b91e-b64503dadc5e@group-F967393F7C93:t30, leader=null, voted=d6dfcdd7-fc6e-4b51-b91e-b64503dadc5e, raftlog=d6dfcdd7-fc6e-4b51-b91e-b64503dadc5e@group-F967393F7C93-SegmentedRaftLog:OPENED:c-1,f-1,i0, conf=-1: [08d4cbaa-ffed-4411-a5fd-c4a38026aead:192.168.157.223:33910, da15dfee-23f0-4dc4-ad77-c00156c49cfa:192.168.157.223:42172, d6dfcdd7-fc6e-4b51-b91e-b64503dadc5e:192.168.157.223:43575], old=null
2019-10-17 21:54:46,492 [d6dfcdd7-fc6e-4b51-b91e-b64503dadc5e@group-F967393F7C93-LeaderElection52] INFO  impl.RaftServerImpl (RaftServerImpl.java:setRole(184)) - d6dfcdd7-fc6e-4b51-b91e-b64503dadc5e@group-F967393F7C93: changes role from CANDIDATE to FOLLOWER at term 30 for DISCOVERED_A_NEW_TERM
2019-10-17 21:54:46,492 [d6dfcdd7-fc6e-4b51-b91e-b64503dadc5e@group-F967393F7C93-LeaderElection52] INFO  impl.RoleInfo (RoleInfo.java:shutdownLeaderElection(134)) - d6dfcdd7-fc6e-4b51-b91e-b64503dadc5e: shutdown LeaderElection
2019-10-17 21:54:46,492 [d6dfcdd7-fc6e-4b51-b91e-b64503dadc5e@group-F967393F7C93-LeaderElection52] INFO  impl.RoleInfo (RoleInfo.java:updateAndGet(143)) - d6dfcdd7-fc6e-4b51-b91e-b64503dadc5e: start FollowerState
2019-10-17 21:54:46,657 [Thread-731] INFO  impl.FollowerState (FollowerState.java:run(108)) - d6dfcdd7-fc6e-4b51-b91e-b64503dadc5e@group-F967393F7C93-FollowerState: change to CANDIDATE, lastRpcTime:164ms, electionTimeout:164ms
2019-10-17 21:54:46,657 [Thread-731] INFO  impl.RoleInfo (RoleInfo.java:shutdownFollowerState(121)) - d6dfcdd7-fc6e-4b51-b91e-b64503dadc5e: shutdown FollowerState
2019-10-17 21:54:46,657 [Thread-731] INFO  impl.RaftServerImpl (RaftServerImpl.java:setRole(184)) - d6dfcdd7-fc6e-4b51-b91e-b64503dadc5e@group-F967393F7C93: changes role from  FOLLOWER to CANDIDATE at term 30 for changeToCandidate
2019-10-17 21:54:46,657 [Thread-731] INFO  impl.RoleInfo (RoleInfo.java:updateAndGet(143)) - d6dfcdd7-fc6e-4b51-b91e-b64503dadc5e: start LeaderElection
2019-10-17 21:54:46,671 [d6dfcdd7-fc6e-4b51-b91e-b64503dadc5e@group-F967393F7C93-LeaderElection53] INFO  impl.LeaderElection (LeaderElection.java:askForVotes(178)) - d6dfcdd7-fc6e-4b51-b91e-b64503dadc5e@group-F967393F7C93-LeaderElection53: begin an election at term 31 for -1: [08d4cbaa-ffed-4411-a5fd-c4a38026aead:192.168.157.223:33910, da15dfee-23f0-4dc4-ad77-c00156c49cfa:192.168.157.223:42172, d6dfcdd7-fc6e-4b51-b91e-b64503dadc5e:192.168.157.223:43575], old=null
2019-10-17 21:54:46,674 [grpc-default-executor-11] INFO  impl.RaftServerImpl (RaftServerImpl.java:setRole(184)) - 08d4cbaa-ffed-4411-a5fd-c4a38026aead@group-F967393F7C93: changes role from  FOLLOWER to FOLLOWER at term 31 for recognizeCandidate:d6dfcdd7-fc6e-4b51-b91e-b64503dadc5e
2019-10-17 21:54:46,674 [grpc-default-executor-11] INFO  impl.RoleInfo (RoleInfo.java:shutdownFollowerState(121)) - 08d4cbaa-ffed-4411-a5fd-c4a38026aead: shutdown FollowerState
2019-10-17 21:54:46,674 [grpc-default-executor-11] INFO  impl.RoleInfo (RoleInfo.java:updateAndGet(143)) - 08d4cbaa-ffed-4411-a5fd-c4a38026aead: start FollowerState
2019-10-17 21:54:46,674 [grpc-default-executor-12] INFO  impl.RaftServerImpl (RaftServerImpl.java:setRole(184)) - da15dfee-23f0-4dc4-ad77-c00156c49cfa@group-F967393F7C93: changes role from  FOLLOWER to FOLLOWER at term 31 for recognizeCandidate:d6dfcdd7-fc6e-4b51-b91e-b64503dadc5e
2019-10-17 21:54:46,675 [grpc-default-executor-12] INFO  impl.RoleInfo (RoleInfo.java:shutdownFollowerState(121)) - da15dfee-23f0-4dc4-ad77-c00156c49cfa: shutdown FollowerState
2019-10-17 21:54:46,674 [Thread-729] INFO  impl.FollowerState (FollowerState.java:run(117)) - 08d4cbaa-ffed-4411-a5fd-c4a38026aead@group-F967393F7C93-FollowerState was interrupted: java.lang.InterruptedException: sleep interrupted
2019-10-17 21:54:46,675 [Thread-730] INFO  impl.FollowerState (FollowerState.java:run(117)) - da15dfee-23f0-4dc4-ad77-c00156c49cfa@group-F967393F7C93-FollowerState was interrupted: java.lang.InterruptedException: sleep interrupted
2019-10-17 21:54:46,675 [grpc-default-executor-12] INFO  impl.RoleInfo (RoleInfo.java:updateAndGet(143)) - da15dfee-23f0-4dc4-ad77-c00156c49cfa: start FollowerState
2019-10-17 21:54:46,690 [d6dfcdd7-fc6e-4b51-b91e-b64503dadc5e@group-F967393F7C93-LeaderElection53] INFO  impl.LeaderElection (LeaderElection.java:logAndReturn(56)) - d6dfcdd7-fc6e-4b51-b91e-b64503dadc5e@group-F967393F7C93-LeaderElection53: Election REJECTED; received 2 response(s) [d6dfcdd7-fc6e-4b51-b91e-b64503dadc5e<-08d4cbaa-ffed-4411-a5fd-c4a38026aead#0:FAIL-t31, d6dfcdd7-fc6e-4b51-b91e-b64503dadc5e<-da15dfee-23f0-4dc4-ad77-c00156c49cfa#0:FAIL-t31] and 0 exception(s); d6dfcdd7-fc6e-4b51-b91e-b64503dadc5e@group-F967393F7C93:t31, leader=null, voted=d6dfcdd7-fc6e-4b51-b91e-b64503dadc5e, raftlog=d6dfcdd7-fc6e-4b51-b91e-b64503dadc5e@group-F967393F7C93-SegmentedRaftLog:OPENED:c-1,f-1,i0, conf=-1: [08d4cbaa-ffed-4411-a5fd-c4a38026aead:192.168.157.223:33910, da15dfee-23f0-4dc4-ad77-c00156c49cfa:192.168.157.223:42172, d6dfcdd7-fc6e-4b51-b91e-b64503dadc5e:192.168.157.223:43575], old=null
2019-10-17 21:54:46,690 [d6dfcdd7-fc6e-4b51-b91e-b64503dadc5e@group-F967393F7C93-LeaderElection53] INFO  impl.RaftServerImpl (RaftServerImpl.java:setRole(184)) - d6dfcdd7-fc6e-4b51-b91e-b64503dadc5e@group-F967393F7C93: changes role from CANDIDATE to FOLLOWER at term 31 for DISCOVERED_A_NEW_TERM
2019-10-17 21:54:46,690 [d6dfcdd7-fc6e-4b51-b91e-b64503dadc5e@group-F967393F7C93-LeaderElection53] INFO  impl.RoleInfo (RoleInfo.java:shutdownLeaderElection(134)) - d6dfcdd7-fc6e-4b51-b91e-b64503dadc5e: shutdown LeaderElection
2019-10-17 21:54:46,690 [d6dfcdd7-fc6e-4b51-b91e-b64503dadc5e@group-F967393F7C93-LeaderElection53] INFO  impl.RoleInfo (RoleInfo.java:updateAndGet(143)) - d6dfcdd7-fc6e-4b51-b91e-b64503dadc5e: start FollowerState
2019-10-17 21:54:46,808 [Thread-737] INFO  impl.FollowerState (FollowerState.java:run(108)) - d6dfcdd7-fc6e-4b51-b91e-b64503dadc5e@group-F967393F7C93-FollowerState: change to CANDIDATE, lastRpcTime:117ms, electionTimeout:117ms
2019-10-17 21:54:46,808 [Thread-737] INFO  impl.RoleInfo (RoleInfo.java:shutdownFollowerState(121)) - d6dfcdd7-fc6e-4b51-b91e-b64503dadc5e: shutdown FollowerState
2019-10-17 21:54:46,808 [Thread-737] INFO  impl.RaftServerImpl (RaftServerImpl.java:setRole(184)) - d6dfcdd7-fc6e-4b51-b91e-b64503dadc5e@group-F967393F7C93: changes role from  FOLLOWER to CANDIDATE at term 31 for changeToCandidate
2019-10-17 21:54:46,808 [Thread-737] INFO  impl.RoleInfo (RoleInfo.java:updateAndGet(143)) - d6dfcdd7-fc6e-4b51-b91e-b64503dadc5e: start LeaderElection
2019-10-17 21:54:46,822 [d6dfcdd7-fc6e-4b51-b91e-b64503dadc5e@group-F967393F7C93-LeaderElection54] INFO  impl.LeaderElection (LeaderElection.java:askForVotes(178)) - d6dfcdd7-fc6e-4b51-b91e-b64503dadc5e@group-F967393F7C93-LeaderElection54: begin an election at term 32 for -1: [08d4cbaa-ffed-4411-a5fd-c4a38026aead:192.168.157.223:33910, da15dfee-23f0-4dc4-ad77-c00156c49cfa:192.168.157.223:42172, d6dfcdd7-fc6e-4b51-b91e-b64503dadc5e:192.168.157.223:43575], old=null
2019-10-17 21:54:46,827 [grpc-default-executor-12] INFO  impl.RaftServerImpl (RaftServerImpl.java:setRole(184)) - 08d4cbaa-ffed-4411-a5fd-c4a38026aead@group-F967393F7C93: changes role from  FOLLOWER to FOLLOWER at term 32 for recognizeCandidate:d6dfcdd7-fc6e-4b51-b91e-b64503dadc5e
2019-10-17 21:54:46,827 [grpc-default-executor-1] INFO  impl.RaftServerImpl (RaftServerImpl.java:setRole(184)) - da15dfee-23f0-4dc4-ad77-c00156c49cfa@group-F967393F7C93: changes role from  FOLLOWER to FOLLOWER at term 32 for recognizeCandidate:d6dfcdd7-fc6e-4b51-b91e-b64503dadc5e
2019-10-17 21:54:46,827 [grpc-default-executor-12] INFO  impl.RoleInfo (RoleInfo.java:shutdownFollowerState(121)) - 08d4cbaa-ffed-4411-a5fd-c4a38026aead: shutdown FollowerState
2019-10-17 21:54:46,828 [grpc-default-executor-1] INFO  impl.RoleInfo (RoleInfo.java:shutdownFollowerState(121)) - da15dfee-23f0-4dc4-ad77-c00156c49cfa: shutdown FollowerState
2019-10-17 21:54:46,828 [Thread-735] INFO  impl.FollowerState (FollowerState.java:run(117)) - 08d4cbaa-ffed-4411-a5fd-c4a38026aead@group-F967393F7C93-FollowerState was interrupted: java.lang.InterruptedException: sleep interrupted
2019-10-17 21:54:46,828 [grpc-default-executor-12] INFO  impl.RoleInfo (RoleInfo.java:updateAndGet(143)) - 08d4cbaa-ffed-4411-a5fd-c4a38026aead: start FollowerState
2019-10-17 21:54:46,828 [Thread-736] INFO  impl.FollowerState (FollowerState.java:run(117)) - da15dfee-23f0-4dc4-ad77-c00156c49cfa@group-F967393F7C93-FollowerState was interrupted: java.lang.InterruptedException: sleep interrupted
2019-10-17 21:54:46,828 [grpc-default-executor-1] INFO  impl.RoleInfo (RoleInfo.java:updateAndGet(143)) - da15dfee-23f0-4dc4-ad77-c00156c49cfa: start FollowerState
2019-10-17 21:54:46,844 [d6dfcdd7-fc6e-4b51-b91e-b64503dadc5e@group-F967393F7C93-LeaderElection54] INFO  impl.LeaderElection (LeaderElection.java:logAndReturn(56)) - d6dfcdd7-fc6e-4b51-b91e-b64503dadc5e@group-F967393F7C93-LeaderElection54: Election REJECTED; received 2 response(s) [d6dfcdd7-fc6e-4b51-b91e-b64503dadc5e<-08d4cbaa-ffed-4411-a5fd-c4a38026aead#0:FAIL-t32, d6dfcdd7-fc6e-4b51-b91e-b64503dadc5e<-da15dfee-23f0-4dc4-ad77-c00156c49cfa#0:FAIL-t32] and 0 exception(s); d6dfcdd7-fc6e-4b51-b91e-b64503dadc5e@group-F967393F7C93:t32, leader=null, voted=d6dfcdd7-fc6e-4b51-b91e-b64503dadc5e, raftlog=d6dfcdd7-fc6e-4b51-b91e-b64503dadc5e@group-F967393F7C93-SegmentedRaftLog:OPENED:c-1,f-1,i0, conf=-1: [08d4cbaa-ffed-4411-a5fd-c4a38026aead:192.168.157.223:33910, da15dfee-23f0-4dc4-ad77-c00156c49cfa:192.168.157.223:42172, d6dfcdd7-fc6e-4b51-b91e-b64503dadc5e:192.168.157.223:43575], old=null
2019-10-17 21:54:46,844 [d6dfcdd7-fc6e-4b51-b91e-b64503dadc5e@group-F967393F7C93-LeaderElection54] INFO  impl.RaftServerImpl (RaftServerImpl.java:setRole(184)) - d6dfcdd7-fc6e-4b51-b91e-b64503dadc5e@group-F967393F7C93: changes role from CANDIDATE to FOLLOWER at term 32 for DISCOVERED_A_NEW_TERM
2019-10-17 21:54:46,844 [d6dfcdd7-fc6e-4b51-b91e-b64503dadc5e@group-F967393F7C93-LeaderElection54] INFO  impl.RoleInfo (RoleInfo.java:shutdownLeaderElection(134)) - d6dfcdd7-fc6e-4b51-b91e-b64503dadc5e: shutdown LeaderElection
2019-10-17 21:54:46,844 [d6dfcdd7-fc6e-4b51-b91e-b64503dadc5e@group-F967393F7C93-LeaderElection54] INFO  impl.RoleInfo (RoleInfo.java:updateAndGet(143)) - d6dfcdd7-fc6e-4b51-b91e-b64503dadc5e: start FollowerState
2019-10-17 21:54:47,001 [Thread-749] INFO  impl.FollowerState (FollowerState.java:run(108)) - d6dfcdd7-fc6e-4b51-b91e-b64503dadc5e@group-F967393F7C93-FollowerState: change to CANDIDATE, lastRpcTime:156ms, electionTimeout:156ms
2019-10-17 21:54:47,001 [Thread-749] INFO  impl.RoleInfo (RoleInfo.java:shutdownFollowerState(121)) - d6dfcdd7-fc6e-4b51-b91e-b64503dadc5e: shutdown FollowerState
2019-10-17 21:54:47,001 [Thread-749] INFO  impl.RaftServerImpl (RaftServerImpl.java:setRole(184)) - d6dfcdd7-fc6e-4b51-b91e-b64503dadc5e@group-F967393F7C93: changes role from  FOLLOWER to CANDIDATE at term 32 for changeToCandidate
2019-10-17 21:54:47,002 [Thread-749] INFO  impl.RoleInfo (RoleInfo.java:updateAndGet(143)) - d6dfcdd7-fc6e-4b51-b91e-b64503dadc5e: start LeaderElection
2019-10-17 21:54:47,017 [d6dfcdd7-fc6e-4b51-b91e-b64503dadc5e@group-F967393F7C93-LeaderElection55] INFO  impl.LeaderElection (LeaderElection.java:askForVotes(178)) - d6dfcdd7-fc6e-4b51-b91e-b64503dadc5e@group-F967393F7C93-LeaderElection55: begin an election at term 33 for -1: [08d4cbaa-ffed-4411-a5fd-c4a38026aead:192.168.157.223:33910, da15dfee-23f0-4dc4-ad77-c00156c49cfa:192.168.157.223:42172, d6dfcdd7-fc6e-4b51-b91e-b64503dadc5e:192.168.157.223:43575], old=null
2019-10-17 21:54:47,021 [grpc-default-executor-1] INFO  impl.RaftServerImpl (RaftServerImpl.java:setRole(184)) - da15dfee-23f0-4dc4-ad77-c00156c49cfa@group-F967393F7C93: changes role from  FOLLOWER to FOLLOWER at term 33 for recognizeCandidate:d6dfcdd7-fc6e-4b51-b91e-b64503dadc5e
2019-10-17 21:54:47,021 [grpc-default-executor-1] INFO  impl.RoleInfo (RoleInfo.java:shutdownFollowerState(121)) - da15dfee-23f0-4dc4-ad77-c00156c49cfa: shutdown FollowerState
2019-10-17 21:54:47,021 [grpc-default-executor-12] INFO  impl.RaftServerImpl (RaftServerImpl.java:setRole(184)) - 08d4cbaa-ffed-4411-a5fd-c4a38026aead@group-F967393F7C93: changes role from  FOLLOWER to FOLLOWER at term 33 for recognizeCandidate:d6dfcdd7-fc6e-4b51-b91e-b64503dadc5e
2019-10-17 21:54:47,022 [grpc-default-executor-12] INFO  impl.RoleInfo (RoleInfo.java:shutdownFollowerState(121)) - 08d4cbaa-ffed-4411-a5fd-c4a38026aead: shutdown FollowerState
2019-10-17 21:54:47,021 [Thread-748] INFO  impl.FollowerState (FollowerState.java:run(117)) - da15dfee-23f0-4dc4-ad77-c00156c49cfa@group-F967393F7C93-FollowerState was interrupted: java.lang.InterruptedException: sleep interrupted
2019-10-17 21:54:47,021 [grpc-default-executor-1] INFO  impl.RoleInfo (RoleInfo.java:updateAndGet(143)) - da15dfee-23f0-4dc4-ad77-c00156c49cfa: start FollowerState
2019-10-17 21:54:47,022 [Thread-747] INFO  impl.FollowerState (FollowerState.java:run(117)) - 08d4cbaa-ffed-4411-a5fd-c4a38026aead@group-F967393F7C93-FollowerState was interrupted: java.lang.InterruptedException: sleep interrupted
2019-10-17 21:54:47,022 [grpc-default-executor-12] INFO  impl.RoleInfo (RoleInfo.java:updateAndGet(143)) - 08d4cbaa-ffed-4411-a5fd-c4a38026aead: start FollowerState
2019-10-17 21:54:47,039 [d6dfcdd7-fc6e-4b51-b91e-b64503dadc5e@group-F967393F7C93-LeaderElection55] INFO  impl.LeaderElection (LeaderElection.java:logAndReturn(56)) - d6dfcdd7-fc6e-4b51-b91e-b64503dadc5e@group-F967393F7C93-LeaderElection55: Election REJECTED; received 2 response(s) [d6dfcdd7-fc6e-4b51-b91e-b64503dadc5e<-08d4cbaa-ffed-4411-a5fd-c4a38026aead#0:FAIL-t33, d6dfcdd7-fc6e-4b51-b91e-b64503dadc5e<-da15dfee-23f0-4dc4-ad77-c00156c49cfa#0:FAIL-t33] and 0 exception(s); d6dfcdd7-fc6e-4b51-b91e-b64503dadc5e@group-F967393F7C93:t33, leader=null, voted=d6dfcdd7-fc6e-4b51-b91e-b64503dadc5e, raftlog=d6dfcdd7-fc6e-4b51-b91e-b64503dadc5e@group-F967393F7C93-SegmentedRaftLog:OPENED:c-1,f-1,i0, conf=-1: [08d4cbaa-ffed-4411-a5fd-c4a38026aead:192.168.157.223:33910, da15dfee-23f0-4dc4-ad77-c00156c49cfa:192.168.157.223:42172, d6dfcdd7-fc6e-4b51-b91e-b64503dadc5e:192.168.157.223:43575], old=null
2019-10-17 21:54:47,040 [d6dfcdd7-fc6e-4b51-b91e-b64503dadc5e@group-F967393F7C93-LeaderElection55] INFO  impl.RaftServerImpl (RaftServerImpl.java:setRole(184)) - d6dfcdd7-fc6e-4b51-b91e-b64503dadc5e@group-F967393F7C93: changes role from CANDIDATE to FOLLOWER at term 33 for DISCOVERED_A_NEW_TERM
2019-10-17 21:54:47,040 [d6dfcdd7-fc6e-4b51-b91e-b64503dadc5e@group-F967393F7C93-LeaderElection55] INFO  impl.RoleInfo (RoleInfo.java:shutdownLeaderElection(134)) - d6dfcdd7-fc6e-4b51-b91e-b64503dadc5e: shutdown LeaderElection
2019-10-17 21:54:47,040 [d6dfcdd7-fc6e-4b51-b91e-b64503dadc5e@group-F967393F7C93-LeaderElection55] INFO  impl.RoleInfo (RoleInfo.java:updateAndGet(143)) - d6dfcdd7-fc6e-4b51-b91e-b64503dadc5e: start FollowerState
2019-10-17 21:54:47,153 [Thread-755] INFO  impl.FollowerState (FollowerState.java:run(108)) - d6dfcdd7-fc6e-4b51-b91e-b64503dadc5e@group-F967393F7C93-FollowerState: change to CANDIDATE, lastRpcTime:112ms, electionTimeout:112ms
2019-10-17 21:54:47,153 [Thread-755] INFO  impl.RoleInfo (RoleInfo.java:shutdownFollowerState(121)) - d6dfcdd7-fc6e-4b51-b91e-b64503dadc5e: shutdown FollowerState
2019-10-17 21:54:47,154 [Thread-755] INFO  impl.RaftServerImpl (RaftServerImpl.java:setRole(184)) - d6dfcdd7-fc6e-4b51-b91e-b64503dadc5e@group-F967393F7C93: changes role from  FOLLOWER to CANDIDATE at term 33 for changeToCandidate
2019-10-17 21:54:47,154 [Thread-755] INFO  impl.RoleInfo (RoleInfo.java:updateAndGet(143)) - d6dfcdd7-fc6e-4b51-b91e-b64503dadc5e: start LeaderElection
2019-10-17 21:54:47,168 [d6dfcdd7-fc6e-4b51-b91e-b64503dadc5e@group-F967393F7C93-LeaderElection56] INFO  impl.LeaderElection (LeaderElection.java:askForVotes(178)) - d6dfcdd7-fc6e-4b51-b91e-b64503dadc5e@group-F967393F7C93-LeaderElection56: begin an election at term 34 for -1: [08d4cbaa-ffed-4411-a5fd-c4a38026aead:192.168.157.223:33910, da15dfee-23f0-4dc4-ad77-c00156c49cfa:192.168.157.223:42172, d6dfcdd7-fc6e-4b51-b91e-b64503dadc5e:192.168.157.223:43575], old=null
2019-10-17 21:54:47,176 [grpc-default-executor-12] INFO  impl.RaftServerImpl (RaftServerImpl.java:setRole(184)) - 08d4cbaa-ffed-4411-a5fd-c4a38026aead@group-F967393F7C93: changes role from  FOLLOWER to FOLLOWER at term 34 for recognizeCandidate:d6dfcdd7-fc6e-4b51-b91e-b64503dadc5e
2019-10-17 21:54:47,176 [grpc-default-executor-1] INFO  impl.RaftServerImpl (RaftServerImpl.java:setRole(184)) - da15dfee-23f0-4dc4-ad77-c00156c49cfa@group-F967393F7C93: changes role from  FOLLOWER to FOLLOWER at term 34 for recognizeCandidate:d6dfcdd7-fc6e-4b51-b91e-b64503dadc5e
2019-10-17 21:54:47,176 [grpc-default-executor-12] INFO  impl.RoleInfo (RoleInfo.java:shutdownFollowerState(121)) - 08d4cbaa-ffed-4411-a5fd-c4a38026aead: shutdown FollowerState
2019-10-17 21:54:47,177 [grpc-default-executor-1] INFO  impl.RoleInfo (RoleInfo.java:shutdownFollowerState(121)) - da15dfee-23f0-4dc4-ad77-c00156c49cfa: shutdown FollowerState
2019-10-17 21:54:47,177 [Thread-754] INFO  impl.FollowerState (FollowerState.java:run(117)) - 08d4cbaa-ffed-4411-a5fd-c4a38026aead@group-F967393F7C93-FollowerState was interrupted: java.lang.InterruptedException: sleep interrupted
2019-10-17 21:54:47,177 [grpc-default-executor-12] INFO  impl.RoleInfo (RoleInfo.java:updateAndGet(143)) - 08d4cbaa-ffed-4411-a5fd-c4a38026aead: start FollowerState
2019-10-17 21:54:47,177 [grpc-default-executor-1] INFO  impl.RoleInfo (RoleInfo.java:updateAndGet(143)) - da15dfee-23f0-4dc4-ad77-c00156c49cfa: start FollowerState
2019-10-17 21:54:47,177 [Thread-753] INFO  impl.FollowerState (FollowerState.java:run(117)) - da15dfee-23f0-4dc4-ad77-c00156c49cfa@group-F967393F7C93-FollowerState was interrupted: java.lang.InterruptedException: sleep interrupted
2019-10-17 21:54:47,187 [d6dfcdd7-fc6e-4b51-b91e-b64503dadc5e@group-F967393F7C93-LeaderElection56] INFO  impl.LeaderElection (LeaderElection.java:logAndReturn(56)) - d6dfcdd7-fc6e-4b51-b91e-b64503dadc5e@group-F967393F7C93-LeaderElection56: Election REJECTED; received 2 response(s) [d6dfcdd7-fc6e-4b51-b91e-b64503dadc5e<-08d4cbaa-ffed-4411-a5fd-c4a38026aead#0:FAIL-t34, d6dfcdd7-fc6e-4b51-b91e-b64503dadc5e<-da15dfee-23f0-4dc4-ad77-c00156c49cfa#0:FAIL-t34] and 0 exception(s); d6dfcdd7-fc6e-4b51-b91e-b64503dadc5e@group-F967393F7C93:t34, leader=null, voted=d6dfcdd7-fc6e-4b51-b91e-b64503dadc5e, raftlog=d6dfcdd7-fc6e-4b51-b91e-b64503dadc5e@group-F967393F7C93-SegmentedRaftLog:OPENED:c-1,f-1,i0, conf=-1: [08d4cbaa-ffed-4411-a5fd-c4a38026aead:192.168.157.223:33910, da15dfee-23f0-4dc4-ad77-c00156c49cfa:192.168.157.223:42172, d6dfcdd7-fc6e-4b51-b91e-b64503dadc5e:192.168.157.223:43575], old=null
2019-10-17 21:54:47,187 [d6dfcdd7-fc6e-4b51-b91e-b64503dadc5e@group-F967393F7C93-LeaderElection56] INFO  impl.RaftServerImpl (RaftServerImpl.java:setRole(184)) - d6dfcdd7-fc6e-4b51-b91e-b64503dadc5e@group-F967393F7C93: changes role from CANDIDATE to FOLLOWER at term 34 for DISCOVERED_A_NEW_TERM
2019-10-17 21:54:47,188 [d6dfcdd7-fc6e-4b51-b91e-b64503dadc5e@group-F967393F7C93-LeaderElection56] INFO  impl.RoleInfo (RoleInfo.java:shutdownLeaderElection(134)) - d6dfcdd7-fc6e-4b51-b91e-b64503dadc5e: shutdown LeaderElection
2019-10-17 21:54:47,188 [d6dfcdd7-fc6e-4b51-b91e-b64503dadc5e@group-F967393F7C93-LeaderElection56] INFO  impl.RoleInfo (RoleInfo.java:updateAndGet(143)) - d6dfcdd7-fc6e-4b51-b91e-b64503dadc5e: start FollowerState
2019-10-17 21:54:47,362 [Thread-761] INFO  impl.FollowerState (FollowerState.java:run(108)) - d6dfcdd7-fc6e-4b51-b91e-b64503dadc5e@group-F967393F7C93-FollowerState: change to CANDIDATE, lastRpcTime:174ms, electionTimeout:173ms
2019-10-17 21:54:47,362 [Thread-761] INFO  impl.RoleInfo (RoleInfo.java:shutdownFollowerState(121)) - d6dfcdd7-fc6e-4b51-b91e-b64503dadc5e: shutdown FollowerState
2019-10-17 21:54:47,363 [Thread-761] INFO  impl.RaftServerImpl (RaftServerImpl.java:setRole(184)) - d6dfcdd7-fc6e-4b51-b91e-b64503dadc5e@group-F967393F7C93: changes role from  FOLLOWER to CANDIDATE at term 34 for changeToCandidate
2019-10-17 21:54:47,363 [Thread-761] INFO  impl.RoleInfo (RoleInfo.java:updateAndGet(143)) - d6dfcdd7-fc6e-4b51-b91e-b64503dadc5e: start LeaderElection
2019-10-17 21:54:47,377 [d6dfcdd7-fc6e-4b51-b91e-b64503dadc5e@group-F967393F7C93-LeaderElection57] INFO  impl.LeaderElection (LeaderElection.java:askForVotes(178)) - d6dfcdd7-fc6e-4b51-b91e-b64503dadc5e@group-F967393F7C93-LeaderElection57: begin an election at term 35 for -1: [08d4cbaa-ffed-4411-a5fd-c4a38026aead:192.168.157.223:33910, da15dfee-23f0-4dc4-ad77-c00156c49cfa:192.168.157.223:42172, d6dfcdd7-fc6e-4b51-b91e-b64503dadc5e:192.168.157.223:43575], old=null
2019-10-17 21:54:47,380 [grpc-default-executor-12] INFO  impl.RaftServerImpl (RaftServerImpl.java:setRole(184)) - 08d4cbaa-ffed-4411-a5fd-c4a38026aead@group-F967393F7C93: changes role from  FOLLOWER to FOLLOWER at term 35 for recognizeCandidate:d6dfcdd7-fc6e-4b51-b91e-b64503dadc5e
2019-10-17 21:54:47,380 [grpc-default-executor-12] INFO  impl.RoleInfo (RoleInfo.java:shutdownFollowerState(121)) - 08d4cbaa-ffed-4411-a5fd-c4a38026aead: shutdown FollowerState
2019-10-17 21:54:47,380 [grpc-default-executor-12] INFO  impl.RoleInfo (RoleInfo.java:updateAndGet(143)) - 08d4cbaa-ffed-4411-a5fd-c4a38026aead: start FollowerState
2019-10-17 21:54:47,380 [grpc-default-executor-1] INFO  impl.RaftServerImpl (RaftServerImpl.java:setRole(184)) - da15dfee-23f0-4dc4-ad77-c00156c49cfa@group-F967393F7C93: changes role from  FOLLOWER to FOLLOWER at term 35 for recognizeCandidate:d6dfcdd7-fc6e-4b51-b91e-b64503dadc5e
2019-10-17 21:54:47,380 [Thread-759] INFO  impl.FollowerState (FollowerState.java:run(117)) - 08d4cbaa-ffed-4411-a5fd-c4a38026aead@group-F967393F7C93-FollowerState was interrupted: java.lang.InterruptedException: sleep interrupted
2019-10-17 21:54:47,381 [grpc-default-executor-1] INFO  impl.RoleInfo (RoleInfo.java:shutdownFollowerState(121)) - da15dfee-23f0-4dc4-ad77-c00156c49cfa: shutdown FollowerState
2019-10-17 21:54:47,381 [grpc-default-executor-1] INFO  impl.RoleInfo (RoleInfo.java:updateAndGet(143)) - da15dfee-23f0-4dc4-ad77-c00156c49cfa: start FollowerState
2019-10-17 21:54:47,381 [Thread-760] INFO  impl.FollowerState (FollowerState.java:run(117)) - da15dfee-23f0-4dc4-ad77-c00156c49cfa@group-F967393F7C93-FollowerState was interrupted: java.lang.InterruptedException: sleep interrupted
2019-10-17 21:54:47,396 [d6dfcdd7-fc6e-4b51-b91e-b64503dadc5e@group-F967393F7C93-LeaderElection57] INFO  impl.LeaderElection (LeaderElection.java:logAndReturn(56)) - d6dfcdd7-fc6e-4b51-b91e-b64503dadc5e@group-F967393F7C93-LeaderElection57: Election REJECTED; received 2 response(s) [d6dfcdd7-fc6e-4b51-b91e-b64503dadc5e<-08d4cbaa-ffed-4411-a5fd-c4a38026aead#0:FAIL-t35, d6dfcdd7-fc6e-4b51-b91e-b64503dadc5e<-da15dfee-23f0-4dc4-ad77-c00156c49cfa#0:FAIL-t35] and 0 exception(s); d6dfcdd7-fc6e-4b51-b91e-b64503dadc5e@group-F967393F7C93:t35, leader=null, voted=d6dfcdd7-fc6e-4b51-b91e-b64503dadc5e, raftlog=d6dfcdd7-fc6e-4b51-b91e-b64503dadc5e@group-F967393F7C93-SegmentedRaftLog:OPENED:c-1,f-1,i0, conf=-1: [08d4cbaa-ffed-4411-a5fd-c4a38026aead:192.168.157.223:33910, da15dfee-23f0-4dc4-ad77-c00156c49cfa:192.168.157.223:42172, d6dfcdd7-fc6e-4b51-b91e-b64503dadc5e:192.168.157.223:43575], old=null
2019-10-17 21:54:47,396 [d6dfcdd7-fc6e-4b51-b91e-b64503dadc5e@group-F967393F7C93-LeaderElection57] INFO  impl.RaftServerImpl (RaftServerImpl.java:setRole(184)) - d6dfcdd7-fc6e-4b51-b91e-b64503dadc5e@group-F967393F7C93: changes role from CANDIDATE to FOLLOWER at term 35 for DISCOVERED_A_NEW_TERM
2019-10-17 21:54:47,397 [d6dfcdd7-fc6e-4b51-b91e-b64503dadc5e@group-F967393F7C93-LeaderElection57] INFO  impl.RoleInfo (RoleInfo.java:shutdownLeaderElection(134)) - d6dfcdd7-fc6e-4b51-b91e-b64503dadc5e: shutdown LeaderElection
2019-10-17 21:54:47,397 [d6dfcdd7-fc6e-4b51-b91e-b64503dadc5e@group-F967393F7C93-LeaderElection57] INFO  impl.RoleInfo (RoleInfo.java:updateAndGet(143)) - d6dfcdd7-fc6e-4b51-b91e-b64503dadc5e: start FollowerState
2019-10-17 21:54:47,535 [Thread-771] INFO  impl.FollowerState (FollowerState.java:run(108)) - d6dfcdd7-fc6e-4b51-b91e-b64503dadc5e@group-F967393F7C93-FollowerState: change to CANDIDATE, lastRpcTime:138ms, electionTimeout:138ms
2019-10-17 21:54:47,535 [Thread-771] INFO  impl.RoleInfo (RoleInfo.java:shutdownFollowerState(121)) - d6dfcdd7-fc6e-4b51-b91e-b64503dadc5e: shutdown FollowerState
2019-10-17 21:54:47,535 [Thread-771] INFO  impl.RaftServerImpl (RaftServerImpl.java:setRole(184)) - d6dfcdd7-fc6e-4b51-b91e-b64503dadc5e@group-F967393F7C93: changes role from  FOLLOWER to CANDIDATE at term 35 for changeToCandidate
2019-10-17 21:54:47,536 [Thread-771] INFO  impl.RoleInfo (RoleInfo.java:updateAndGet(143)) - d6dfcdd7-fc6e-4b51-b91e-b64503dadc5e: start LeaderElection
2019-10-17 21:54:47,550 [d6dfcdd7-fc6e-4b51-b91e-b64503dadc5e@group-F967393F7C93-LeaderElection58] INFO  impl.LeaderElection (LeaderElection.java:askForVotes(178)) - d6dfcdd7-fc6e-4b51-b91e-b64503dadc5e@group-F967393F7C93-LeaderElection58: begin an election at term 36 for -1: [08d4cbaa-ffed-4411-a5fd-c4a38026aead:192.168.157.223:33910, da15dfee-23f0-4dc4-ad77-c00156c49cfa:192.168.157.223:42172, d6dfcdd7-fc6e-4b51-b91e-b64503dadc5e:192.168.157.223:43575], old=null
2019-10-17 21:54:47,556 [grpc-default-executor-12] INFO  impl.RaftServerImpl (RaftServerImpl.java:setRole(184)) - 08d4cbaa-ffed-4411-a5fd-c4a38026aead@group-F967393F7C93: changes role from  FOLLOWER to FOLLOWER at term 36 for recognizeCandidate:d6dfcdd7-fc6e-4b51-b91e-b64503dadc5e
2019-10-17 21:54:47,556 [grpc-default-executor-12] INFO  impl.RoleInfo (RoleInfo.java:shutdownFollowerState(121)) - 08d4cbaa-ffed-4411-a5fd-c4a38026aead: shutdown FollowerState
2019-10-17 21:54:47,556 [grpc-default-executor-1] INFO  impl.RaftServerImpl (RaftServerImpl.java:setRole(184)) - da15dfee-23f0-4dc4-ad77-c00156c49cfa@group-F967393F7C93: changes role from  FOLLOWER to FOLLOWER at term 36 for recognizeCandidate:d6dfcdd7-fc6e-4b51-b91e-b64503dadc5e
2019-10-17 21:54:47,556 [Thread-769] INFO  impl.FollowerState (FollowerState.java:run(117)) - 08d4cbaa-ffed-4411-a5fd-c4a38026aead@group-F967393F7C93-FollowerState was interrupted: java.lang.InterruptedException: sleep interrupted
2019-10-17 21:54:47,556 [grpc-default-executor-12] INFO  impl.RoleInfo (RoleInfo.java:updateAndGet(143)) - 08d4cbaa-ffed-4411-a5fd-c4a38026aead: start FollowerState
2019-10-17 21:54:47,557 [grpc-default-executor-1] INFO  impl.RoleInfo (RoleInfo.java:shutdownFollowerState(121)) - da15dfee-23f0-4dc4-ad77-c00156c49cfa: shutdown FollowerState
2019-10-17 21:54:47,557 [grpc-default-executor-1] INFO  impl.RoleInfo (RoleInfo.java:updateAndGet(143)) - da15dfee-23f0-4dc4-ad77-c00156c49cfa: start FollowerState
2019-10-17 21:54:47,557 [Thread-770] INFO  impl.FollowerState (FollowerState.java:run(117)) - da15dfee-23f0-4dc4-ad77-c00156c49cfa@group-F967393F7C93-FollowerState was interrupted: java.lang.InterruptedException: sleep interrupted
2019-10-17 21:54:47,566 [d6dfcdd7-fc6e-4b51-b91e-b64503dadc5e@group-F967393F7C93-LeaderElection58] INFO  impl.LeaderElection (LeaderElection.java:logAndReturn(56)) - d6dfcdd7-fc6e-4b51-b91e-b64503dadc5e@group-F967393F7C93-LeaderElection58: Election TIMEOUT; received 0 response(s) [] and 0 exception(s); d6dfcdd7-fc6e-4b51-b91e-b64503dadc5e@group-F967393F7C93:t36, leader=null, voted=d6dfcdd7-fc6e-4b51-b91e-b64503dadc5e, raftlog=d6dfcdd7-fc6e-4b51-b91e-b64503dadc5e@group-F967393F7C93-SegmentedRaftLog:OPENED:c-1,f-1,i0, conf=-1: [08d4cbaa-ffed-4411-a5fd-c4a38026aead:192.168.157.223:33910, da15dfee-23f0-4dc4-ad77-c00156c49cfa:192.168.157.223:42172, d6dfcdd7-fc6e-4b51-b91e-b64503dadc5e:192.168.157.223:43575], old=null
2019-10-17 21:54:47,571 [d6dfcdd7-fc6e-4b51-b91e-b64503dadc5e@group-F967393F7C93-LeaderElection58] INFO  impl.LeaderElection (LeaderElection.java:askForVotes(178)) - d6dfcdd7-fc6e-4b51-b91e-b64503dadc5e@group-F967393F7C93-LeaderElection58: begin an election at term 37 for -1: [08d4cbaa-ffed-4411-a5fd-c4a38026aead:192.168.157.223:33910, da15dfee-23f0-4dc4-ad77-c00156c49cfa:192.168.157.223:42172, d6dfcdd7-fc6e-4b51-b91e-b64503dadc5e:192.168.157.223:43575], old=null
2019-10-17 21:54:47,573 [d6dfcdd7-fc6e-4b51-b91e-b64503dadc5e@group-F967393F7C93-LeaderElection58] INFO  impl.LeaderElection (LeaderElection.java:logAndReturn(56)) - d6dfcdd7-fc6e-4b51-b91e-b64503dadc5e@group-F967393F7C93-LeaderElection58: Election TIMEOUT; received 0 response(s) [] and 0 exception(s); d6dfcdd7-fc6e-4b51-b91e-b64503dadc5e@group-F967393F7C93:t37, leader=null, voted=d6dfcdd7-fc6e-4b51-b91e-b64503dadc5e, raftlog=d6dfcdd7-fc6e-4b51-b91e-b64503dadc5e@group-F967393F7C93-SegmentedRaftLog:OPENED:c-1,f-1,i0, conf=-1: [08d4cbaa-ffed-4411-a5fd-c4a38026aead:192.168.157.223:33910, da15dfee-23f0-4dc4-ad77-c00156c49cfa:192.168.157.223:42172, d6dfcdd7-fc6e-4b51-b91e-b64503dadc5e:192.168.157.223:43575], old=null
2019-10-17 21:54:47,574 [grpc-default-executor-12] INFO  impl.RaftServerImpl (RaftServerImpl.java:setRole(184)) - da15dfee-23f0-4dc4-ad77-c00156c49cfa@group-F967393F7C93: changes role from  FOLLOWER to FOLLOWER at term 37 for recognizeCandidate:d6dfcdd7-fc6e-4b51-b91e-b64503dadc5e
2019-10-17 21:54:47,574 [grpc-default-executor-12] INFO  impl.RoleInfo (RoleInfo.java:shutdownFollowerState(121)) - da15dfee-23f0-4dc4-ad77-c00156c49cfa: shutdown FollowerState
2019-10-17 21:54:47,574 [grpc-default-executor-12] INFO  impl.RoleInfo (RoleInfo.java:updateAndGet(143)) - da15dfee-23f0-4dc4-ad77-c00156c49cfa: start FollowerState
2019-10-17 21:54:47,574 [Thread-776] INFO  impl.FollowerState (FollowerState.java:run(117)) - da15dfee-23f0-4dc4-ad77-c00156c49cfa@group-F967393F7C93-FollowerState was interrupted: java.lang.InterruptedException: sleep interrupted
2019-10-17 21:54:47,574 [grpc-default-executor-1] INFO  impl.RaftServerImpl (RaftServerImpl.java:setRole(184)) - 08d4cbaa-ffed-4411-a5fd-c4a38026aead@group-F967393F7C93: changes role from  FOLLOWER to FOLLOWER at term 37 for recognizeCandidate:d6dfcdd7-fc6e-4b51-b91e-b64503dadc5e
2019-10-17 21:54:47,574 [grpc-default-executor-1] INFO  impl.RoleInfo (RoleInfo.java:shutdownFollowerState(121)) - 08d4cbaa-ffed-4411-a5fd-c4a38026aead: shutdown FollowerState
2019-10-17 21:54:47,575 [Thread-775] INFO  impl.FollowerState (FollowerState.java:run(117)) - 08d4cbaa-ffed-4411-a5fd-c4a38026aead@group-F967393F7C93-FollowerState was interrupted: java.lang.InterruptedException: sleep interrupted
2019-10-17 21:54:47,575 [grpc-default-executor-1] INFO  impl.RoleInfo (RoleInfo.java:updateAndGet(143)) - 08d4cbaa-ffed-4411-a5fd-c4a38026aead: start FollowerState
2019-10-17 21:54:47,587 [d6dfcdd7-fc6e-4b51-b91e-b64503dadc5e@group-F967393F7C93-LeaderElection58] INFO  impl.LeaderElection (LeaderElection.java:askForVotes(178)) - d6dfcdd7-fc6e-4b51-b91e-b64503dadc5e@group-F967393F7C93-LeaderElection58: begin an election at term 38 for -1: [08d4cbaa-ffed-4411-a5fd-c4a38026aead:192.168.157.223:33910, da15dfee-23f0-4dc4-ad77-c00156c49cfa:192.168.157.223:42172, d6dfcdd7-fc6e-4b51-b91e-b64503dadc5e:192.168.157.223:43575], old=null
2019-10-17 21:54:47,592 [grpc-default-executor-1] INFO  impl.RaftServerImpl (RaftServerImpl.java:setRole(184)) - da15dfee-23f0-4dc4-ad77-c00156c49cfa@group-F967393F7C93: changes role from  FOLLOWER to FOLLOWER at term 38 for recognizeCandidate:d6dfcdd7-fc6e-4b51-b91e-b64503dadc5e
2019-10-17 21:54:47,592 [grpc-default-executor-1] INFO  impl.RoleInfo (RoleInfo.java:shutdownFollowerState(121)) - da15dfee-23f0-4dc4-ad77-c00156c49cfa: shutdown FollowerState
2019-10-17 21:54:47,592 [grpc-default-executor-12] INFO  impl.RaftServerImpl (RaftServerImpl.java:setRole(184)) - 08d4cbaa-ffed-4411-a5fd-c4a38026aead@group-F967393F7C93: changes role from  FOLLOWER to FOLLOWER at term 38 for recognizeCandidate:d6dfcdd7-fc6e-4b51-b91e-b64503dadc5e
2019-10-17 21:54:47,593 [grpc-default-executor-1] INFO  impl.RoleInfo (RoleInfo.java:updateAndGet(143)) - da15dfee-23f0-4dc4-ad77-c00156c49cfa: start FollowerState
2019-10-17 21:54:47,593 [Thread-779] INFO  impl.FollowerState (FollowerState.java:run(117)) - da15dfee-23f0-4dc4-ad77-c00156c49cfa@group-F967393F7C93-FollowerState was interrupted: java.lang.InterruptedException: sleep interrupted
2019-10-17 21:54:47,593 [grpc-default-executor-12] INFO  impl.RoleInfo (RoleInfo.java:shutdownFollowerState(121)) - 08d4cbaa-ffed-4411-a5fd-c4a38026aead: shutdown FollowerState
2019-10-17 21:54:47,593 [grpc-default-executor-12] INFO  impl.RoleInfo (RoleInfo.java:updateAndGet(143)) - 08d4cbaa-ffed-4411-a5fd-c4a38026aead: start FollowerState
2019-10-17 21:54:47,593 [Thread-780] INFO  impl.FollowerState (FollowerState.java:run(117)) - 08d4cbaa-ffed-4411-a5fd-c4a38026aead@group-F967393F7C93-FollowerState was interrupted: java.lang.InterruptedException: sleep interrupted
2019-10-17 21:54:47,608 [d6dfcdd7-fc6e-4b51-b91e-b64503dadc5e@group-F967393F7C93-LeaderElection58] INFO  impl.LeaderElection (LeaderElection.java:logAndReturn(56)) - d6dfcdd7-fc6e-4b51-b91e-b64503dadc5e@group-F967393F7C93-LeaderElection58: Election REJECTED; received 2 response(s) [d6dfcdd7-fc6e-4b51-b91e-b64503dadc5e<-08d4cbaa-ffed-4411-a5fd-c4a38026aead#0:FAIL-t38, d6dfcdd7-fc6e-4b51-b91e-b64503dadc5e<-da15dfee-23f0-4dc4-ad77-c00156c49cfa#0:FAIL-t38] and 0 exception(s); d6dfcdd7-fc6e-4b51-b91e-b64503dadc5e@group-F967393F7C93:t38, leader=null, voted=d6dfcdd7-fc6e-4b51-b91e-b64503dadc5e, raftlog=d6dfcdd7-fc6e-4b51-b91e-b64503dadc5e@group-F967393F7C93-SegmentedRaftLog:OPENED:c-1,f-1,i0, conf=-1: [08d4cbaa-ffed-4411-a5fd-c4a38026aead:192.168.157.223:33910, da15dfee-23f0-4dc4-ad77-c00156c49cfa:192.168.157.223:42172, d6dfcdd7-fc6e-4b51-b91e-b64503dadc5e:192.168.157.223:43575], old=null
2019-10-17 21:54:47,608 [d6dfcdd7-fc6e-4b51-b91e-b64503dadc5e@group-F967393F7C93-LeaderElection58] INFO  impl.RaftServerImpl (RaftServerImpl.java:setRole(184)) - d6dfcdd7-fc6e-4b51-b91e-b64503dadc5e@group-F967393F7C93: changes role from CANDIDATE to FOLLOWER at term 38 for DISCOVERED_A_NEW_TERM
2019-10-17 21:54:47,609 [d6dfcdd7-fc6e-4b51-b91e-b64503dadc5e@group-F967393F7C93-LeaderElection58] INFO  impl.RoleInfo (RoleInfo.java:shutdownLeaderElection(134)) - d6dfcdd7-fc6e-4b51-b91e-b64503dadc5e: shutdown LeaderElection
2019-10-17 21:54:47,609 [d6dfcdd7-fc6e-4b51-b91e-b64503dadc5e@group-F967393F7C93-LeaderElection58] INFO  impl.RoleInfo (RoleInfo.java:updateAndGet(143)) - d6dfcdd7-fc6e-4b51-b91e-b64503dadc5e: start FollowerState
2019-10-17 21:54:47,799 [Thread-785] INFO  impl.FollowerState (FollowerState.java:run(108)) - d6dfcdd7-fc6e-4b51-b91e-b64503dadc5e@group-F967393F7C93-FollowerState: change to CANDIDATE, lastRpcTime:190ms, electionTimeout:190ms
2019-10-17 21:54:47,799 [Thread-785] INFO  impl.RoleInfo (RoleInfo.java:shutdownFollowerState(121)) - d6dfcdd7-fc6e-4b51-b91e-b64503dadc5e: shutdown FollowerState
2019-10-17 21:54:47,800 [Thread-785] INFO  impl.RaftServerImpl (RaftServerImpl.java:setRole(184)) - d6dfcdd7-fc6e-4b51-b91e-b64503dadc5e@group-F967393F7C93: changes role from  FOLLOWER to CANDIDATE at term 38 for changeToCandidate
2019-10-17 21:54:47,800 [Thread-785] INFO  impl.RoleInfo (RoleInfo.java:updateAndGet(143)) - d6dfcdd7-fc6e-4b51-b91e-b64503dadc5e: start LeaderElection
2019-10-17 21:54:47,814 [d6dfcdd7-fc6e-4b51-b91e-b64503dadc5e@group-F967393F7C93-LeaderElection59] INFO  impl.LeaderElection (LeaderElection.java:askForVotes(178)) - d6dfcdd7-fc6e-4b51-b91e-b64503dadc5e@group-F967393F7C93-LeaderElection59: begin an election at term 39 for -1: [08d4cbaa-ffed-4411-a5fd-c4a38026aead:192.168.157.223:33910, da15dfee-23f0-4dc4-ad77-c00156c49cfa:192.168.157.223:42172, d6dfcdd7-fc6e-4b51-b91e-b64503dadc5e:192.168.157.223:43575], old=null
2019-10-17 21:54:47,826 [grpc-default-executor-12] INFO  impl.RaftServerImpl (RaftServerImpl.java:setRole(184)) - 08d4cbaa-ffed-4411-a5fd-c4a38026aead@group-F967393F7C93: changes role from  FOLLOWER to FOLLOWER at term 39 for recognizeCandidate:d6dfcdd7-fc6e-4b51-b91e-b64503dadc5e
2019-10-17 21:54:47,826 [grpc-default-executor-12] INFO  impl.RoleInfo (RoleInfo.java:shutdownFollowerState(121)) - 08d4cbaa-ffed-4411-a5fd-c4a38026aead: shutdown FollowerState
2019-10-17 21:54:47,826 [grpc-default-executor-12] INFO  impl.RoleInfo (RoleInfo.java:updateAndGet(143)) - 08d4cbaa-ffed-4411-a5fd-c4a38026aead: start FollowerState
2019-10-17 21:54:47,826 [Thread-784] INFO  impl.FollowerState (FollowerState.java:run(117)) - 08d4cbaa-ffed-4411-a5fd-c4a38026aead@group-F967393F7C93-FollowerState was interrupted: java.lang.InterruptedException: sleep interrupted
2019-10-17 21:54:47,829 [grpc-default-executor-1] INFO  impl.RaftServerImpl (RaftServerImpl.java:setRole(184)) - da15dfee-23f0-4dc4-ad77-c00156c49cfa@group-F967393F7C93: changes role from  FOLLOWER to FOLLOWER at term 39 for recognizeCandidate:d6dfcdd7-fc6e-4b51-b91e-b64503dadc5e
2019-10-17 21:54:47,829 [grpc-default-executor-1] INFO  impl.RoleInfo (RoleInfo.java:shutdownFollowerState(121)) - da15dfee-23f0-4dc4-ad77-c00156c49cfa: shutdown FollowerState
2019-10-17 21:54:47,829 [grpc-default-executor-1] INFO  impl.RoleInfo (RoleInfo.java:updateAndGet(143)) - da15dfee-23f0-4dc4-ad77-c00156c49cfa: start FollowerState
2019-10-17 21:54:47,829 [Thread-783] INFO  impl.FollowerState (FollowerState.java:run(117)) - da15dfee-23f0-4dc4-ad77-c00156c49cfa@group-F967393F7C93-FollowerState was interrupted: java.lang.InterruptedException: sleep interrupted
2019-10-17 21:54:47,844 [d6dfcdd7-fc6e-4b51-b91e-b64503dadc5e@group-F967393F7C93-LeaderElection59] INFO  impl.LeaderElection (LeaderElection.java:logAndReturn(56)) - d6dfcdd7-fc6e-4b51-b91e-b64503dadc5e@group-F967393F7C93-LeaderElection59: Election REJECTED; received 2 response(s) [d6dfcdd7-fc6e-4b51-b91e-b64503dadc5e<-08d4cbaa-ffed-4411-a5fd-c4a38026aead#0:FAIL-t39, d6dfcdd7-fc6e-4b51-b91e-b64503dadc5e<-da15dfee-23f0-4dc4-ad77-c00156c49cfa#0:FAIL-t39] and 0 exception(s); d6dfcdd7-fc6e-4b51-b91e-b64503dadc5e@group-F967393F7C93:t39, leader=null, voted=d6dfcdd7-fc6e-4b51-b91e-b64503dadc5e, raftlog=d6dfcdd7-fc6e-4b51-b91e-b64503dadc5e@group-F967393F7C93-SegmentedRaftLog:OPENED:c-1,f-1,i0, conf=-1: [08d4cbaa-ffed-4411-a5fd-c4a38026aead:192.168.157.223:33910, da15dfee-23f0-4dc4-ad77-c00156c49cfa:192.168.157.223:42172, d6dfcdd7-fc6e-4b51-b91e-b64503dadc5e:192.168.157.223:43575], old=null
2019-10-17 21:54:47,844 [d6dfcdd7-fc6e-4b51-b91e-b64503dadc5e@group-F967393F7C93-LeaderElection59] INFO  impl.RaftServerImpl (RaftServerImpl.java:setRole(184)) - d6dfcdd7-fc6e-4b51-b91e-b64503dadc5e@group-F967393F7C93: changes role from CANDIDATE to FOLLOWER at term 39 for DISCOVERED_A_NEW_TERM
2019-10-17 21:54:47,844 [d6dfcdd7-fc6e-4b51-b91e-b64503dadc5e@group-F967393F7C93-LeaderElection59] INFO  impl.RoleInfo (RoleInfo.java:shutdownLeaderElection(134)) - d6dfcdd7-fc6e-4b51-b91e-b64503dadc5e: shutdown LeaderElection
2019-10-17 21:54:47,844 [d6dfcdd7-fc6e-4b51-b91e-b64503dadc5e@group-F967393F7C93-LeaderElection59] INFO  impl.RoleInfo (RoleInfo.java:updateAndGet(143)) - d6dfcdd7-fc6e-4b51-b91e-b64503dadc5e: start FollowerState
2019-10-17 21:54:48,012 [Thread-797] INFO  impl.FollowerState (FollowerState.java:run(108)) - d6dfcdd7-fc6e-4b51-b91e-b64503dadc5e@group-F967393F7C93-FollowerState: change to CANDIDATE, lastRpcTime:167ms, electionTimeout:167ms
2019-10-17 21:54:48,012 [Thread-797] INFO  impl.RoleInfo (RoleInfo.java:shutdownFollowerState(121)) - d6dfcdd7-fc6e-4b51-b91e-b64503dadc5e: shutdown FollowerState
2019-10-17 21:54:48,012 [Thread-797] INFO  impl.RaftServerImpl (RaftServerImpl.java:setRole(184)) - d6dfcdd7-fc6e-4b51-b91e-b64503dadc5e@group-F967393F7C93: changes role from  FOLLOWER to CANDIDATE at term 39 for changeToCandidate
2019-10-17 21:54:48,012 [Thread-797] INFO  impl.RoleInfo (RoleInfo.java:updateAndGet(143)) - d6dfcdd7-fc6e-4b51-b91e-b64503dadc5e: start LeaderElection
2019-10-17 21:54:48,026 [d6dfcdd7-fc6e-4b51-b91e-b64503dadc5e@group-F967393F7C93-LeaderElection60] INFO  impl.LeaderElection (LeaderElection.java:askForVotes(178)) - d6dfcdd7-fc6e-4b51-b91e-b64503dadc5e@group-F967393F7C93-LeaderElection60: begin an election at term 40 for -1: [08d4cbaa-ffed-4411-a5fd-c4a38026aead:192.168.157.223:33910, da15dfee-23f0-4dc4-ad77-c00156c49cfa:192.168.157.223:42172, d6dfcdd7-fc6e-4b51-b91e-b64503dadc5e:192.168.157.223:43575], old=null
2019-10-17 21:54:48,028 [grpc-default-executor-1] INFO  impl.RaftServerImpl (RaftServerImpl.java:setRole(184)) - 08d4cbaa-ffed-4411-a5fd-c4a38026aead@group-F967393F7C93: changes role from  FOLLOWER to FOLLOWER at term 40 for recognizeCandidate:d6dfcdd7-fc6e-4b51-b91e-b64503dadc5e
2019-10-17 21:54:48,028 [grpc-default-executor-1] INFO  impl.RoleInfo (RoleInfo.java:shutdownFollowerState(121)) - 08d4cbaa-ffed-4411-a5fd-c4a38026aead: shutdown FollowerState
2019-10-17 21:54:48,028 [grpc-default-executor-12] INFO  impl.RaftServerImpl (RaftServerImpl.java:setRole(184)) - da15dfee-23f0-4dc4-ad77-c00156c49cfa@group-F967393F7C93: changes role from  FOLLOWER to FOLLOWER at term 40 for recognizeCandidate:d6dfcdd7-fc6e-4b51-b91e-b64503dadc5e
2019-10-17 21:54:48,029 [Thread-795] INFO  impl.FollowerState (FollowerState.java:run(117)) - 08d4cbaa-ffed-4411-a5fd-c4a38026aead@group-F967393F7C93-FollowerState was interrupted: java.lang.InterruptedException: sleep interrupted
2019-10-17 21:54:48,029 [grpc-default-executor-1] INFO  impl.RoleInfo (RoleInfo.java:updateAndGet(143)) - 08d4cbaa-ffed-4411-a5fd-c4a38026aead: start FollowerState
2019-10-17 21:54:48,029 [grpc-default-executor-12] INFO  impl.RoleInfo (RoleInfo.java:shutdownFollowerState(121)) - da15dfee-23f0-4dc4-ad77-c00156c49cfa: shutdown FollowerState
2019-10-17 21:54:48,029 [grpc-default-executor-12] INFO  impl.RoleInfo (RoleInfo.java:updateAndGet(143)) - da15dfee-23f0-4dc4-ad77-c00156c49cfa: start FollowerState
2019-10-17 21:54:48,029 [Thread-796] INFO  impl.FollowerState (FollowerState.java:run(117)) - da15dfee-23f0-4dc4-ad77-c00156c49cfa@group-F967393F7C93-FollowerState was interrupted: java.lang.InterruptedException: sleep interrupted
2019-10-17 21:54:48,043 [d6dfcdd7-fc6e-4b51-b91e-b64503dadc5e@group-F967393F7C93-LeaderElection60] INFO  impl.LeaderElection (LeaderElection.java:logAndReturn(56)) - d6dfcdd7-fc6e-4b51-b91e-b64503dadc5e@group-F967393F7C93-LeaderElection60: Election REJECTED; received 2 response(s) [d6dfcdd7-fc6e-4b51-b91e-b64503dadc5e<-08d4cbaa-ffed-4411-a5fd-c4a38026aead#0:FAIL-t40, d6dfcdd7-fc6e-4b51-b91e-b64503dadc5e<-da15dfee-23f0-4dc4-ad77-c00156c49cfa#0:FAIL-t40] and 0 exception(s); d6dfcdd7-fc6e-4b51-b91e-b64503dadc5e@group-F967393F7C93:t40, leader=null, voted=d6dfcdd7-fc6e-4b51-b91e-b64503dadc5e, raftlog=d6dfcdd7-fc6e-4b51-b91e-b64503dadc5e@group-F967393F7C93-SegmentedRaftLog:OPENED:c-1,f-1,i0, conf=-1: [08d4cbaa-ffed-4411-a5fd-c4a38026aead:192.168.157.223:33910, da15dfee-23f0-4dc4-ad77-c00156c49cfa:192.168.157.223:42172, d6dfcdd7-fc6e-4b51-b91e-b64503dadc5e:192.168.157.223:43575], old=null
2019-10-17 21:54:48,043 [d6dfcdd7-fc6e-4b51-b91e-b64503dadc5e@group-F967393F7C93-LeaderElection60] INFO  impl.RaftServerImpl (RaftServerImpl.java:setRole(184)) - d6dfcdd7-fc6e-4b51-b91e-b64503dadc5e@group-F967393F7C93: changes role from CANDIDATE to FOLLOWER at term 40 for DISCOVERED_A_NEW_TERM
2019-10-17 21:54:48,043 [d6dfcdd7-fc6e-4b51-b91e-b64503dadc5e@group-F967393F7C93-LeaderElection60] INFO  impl.RoleInfo (RoleInfo.java:shutdownLeaderElection(134)) - d6dfcdd7-fc6e-4b51-b91e-b64503dadc5e: shutdown LeaderElection
2019-10-17 21:54:48,043 [d6dfcdd7-fc6e-4b51-b91e-b64503dadc5e@group-F967393F7C93-LeaderElection60] INFO  impl.RoleInfo (RoleInfo.java:updateAndGet(143)) - d6dfcdd7-fc6e-4b51-b91e-b64503dadc5e: start FollowerState
2019-10-17 21:54:48,164 [Thread-803] INFO  impl.FollowerState (FollowerState.java:run(108)) - d6dfcdd7-fc6e-4b51-b91e-b64503dadc5e@group-F967393F7C93-FollowerState: change to CANDIDATE, lastRpcTime:121ms, electionTimeout:121ms
2019-10-17 21:54:48,165 [Thread-803] INFO  impl.RoleInfo (RoleInfo.java:shutdownFollowerState(121)) - d6dfcdd7-fc6e-4b51-b91e-b64503dadc5e: shutdown FollowerState
2019-10-17 21:54:48,165 [Thread-803] INFO  impl.RaftServerImpl (RaftServerImpl.java:setRole(184)) - d6dfcdd7-fc6e-4b51-b91e-b64503dadc5e@group-F967393F7C93: changes role from  FOLLOWER to CANDIDATE at term 40 for changeToCandidate
2019-10-17 21:54:48,165 [Thread-803] INFO  impl.RoleInfo (RoleInfo.java:updateAndGet(143)) - d6dfcdd7-fc6e-4b51-b91e-b64503dadc5e: start LeaderElection
2019-10-17 21:54:48,179 [d6dfcdd7-fc6e-4b51-b91e-b64503dadc5e@group-F967393F7C93-LeaderElection61] INFO  impl.LeaderElection (LeaderElection.java:askForVotes(178)) - d6dfcdd7-fc6e-4b51-b91e-b64503dadc5e@group-F967393F7C93-LeaderElection61: begin an election at term 41 for -1: [08d4cbaa-ffed-4411-a5fd-c4a38026aead:192.168.157.223:33910, da15dfee-23f0-4dc4-ad77-c00156c49cfa:192.168.157.223:42172, d6dfcdd7-fc6e-4b51-b91e-b64503dadc5e:192.168.157.223:43575], old=null
2019-10-17 21:54:48,181 [grpc-default-executor-1] INFO  impl.RaftServerImpl (RaftServerImpl.java:setRole(184)) - 08d4cbaa-ffed-4411-a5fd-c4a38026aead@group-F967393F7C93: changes role from  FOLLOWER to FOLLOWER at term 41 for recognizeCandidate:d6dfcdd7-fc6e-4b51-b91e-b64503dadc5e
2019-10-17 21:54:48,181 [grpc-default-executor-12] INFO  impl.RaftServerImpl (RaftServerImpl.java:setRole(184)) - da15dfee-23f0-4dc4-ad77-c00156c49cfa@group-F967393F7C93: changes role from  FOLLOWER to FOLLOWER at term 41 for recognizeCandidate:d6dfcdd7-fc6e-4b51-b91e-b64503dadc5e
2019-10-17 21:54:48,181 [grpc-default-executor-1] INFO  impl.RoleInfo (RoleInfo.java:shutdownFollowerState(121)) - 08d4cbaa-ffed-4411-a5fd-c4a38026aead: shutdown FollowerState
2019-10-17 21:54:48,182 [grpc-default-executor-12] INFO  impl.RoleInfo (RoleInfo.java:shutdownFollowerState(121)) - da15dfee-23f0-4dc4-ad77-c00156c49cfa: shutdown FollowerState
2019-10-17 21:54:48,182 [Thread-801] INFO  impl.FollowerState (FollowerState.java:run(117)) - 08d4cbaa-ffed-4411-a5fd-c4a38026aead@group-F967393F7C93-FollowerState was interrupted: java.lang.InterruptedException: sleep interrupted
2019-10-17 21:54:48,182 [grpc-default-executor-1] INFO  impl.RoleInfo (RoleInfo.java:updateAndGet(143)) - 08d4cbaa-ffed-4411-a5fd-c4a38026aead: start FollowerState
2019-10-17 21:54:48,182 [grpc-default-executor-12] INFO  impl.RoleInfo (RoleInfo.java:updateAndGet(143)) - da15dfee-23f0-4dc4-ad77-c00156c49cfa: start FollowerState
2019-10-17 21:54:48,182 [Thread-802] INFO  impl.FollowerState (FollowerState.java:run(117)) - da15dfee-23f0-4dc4-ad77-c00156c49cfa@group-F967393F7C93-FollowerState was interrupted: java.lang.InterruptedException: sleep interrupted
2019-10-17 21:54:48,197 [d6dfcdd7-fc6e-4b51-b91e-b64503dadc5e@group-F967393F7C93-LeaderElection61] INFO  impl.LeaderElection (LeaderElection.java:logAndReturn(56)) - d6dfcdd7-fc6e-4b51-b91e-b64503dadc5e@group-F967393F7C93-LeaderElection61: Election REJECTED; received 2 response(s) [d6dfcdd7-fc6e-4b51-b91e-b64503dadc5e<-08d4cbaa-ffed-4411-a5fd-c4a38026aead#0:FAIL-t41, d6dfcdd7-fc6e-4b51-b91e-b64503dadc5e<-da15dfee-23f0-4dc4-ad77-c00156c49cfa#0:FAIL-t41] and 0 exception(s); d6dfcdd7-fc6e-4b51-b91e-b64503dadc5e@group-F967393F7C93:t41, leader=null, voted=d6dfcdd7-fc6e-4b51-b91e-b64503dadc5e, raftlog=d6dfcdd7-fc6e-4b51-b91e-b64503dadc5e@group-F967393F7C93-SegmentedRaftLog:OPENED:c-1,f-1,i0, conf=-1: [08d4cbaa-ffed-4411-a5fd-c4a38026aead:192.168.157.223:33910, da15dfee-23f0-4dc4-ad77-c00156c49cfa:192.168.157.223:42172, d6dfcdd7-fc6e-4b51-b91e-b64503dadc5e:192.168.157.223:43575], old=null
2019-10-17 21:54:48,198 [d6dfcdd7-fc6e-4b51-b91e-b64503dadc5e@group-F967393F7C93-LeaderElection61] INFO  impl.RaftServerImpl (RaftServerImpl.java:setRole(184)) - d6dfcdd7-fc6e-4b51-b91e-b64503dadc5e@group-F967393F7C93: changes role from CANDIDATE to FOLLOWER at term 41 for DISCOVERED_A_NEW_TERM
2019-10-17 21:54:48,198 [d6dfcdd7-fc6e-4b51-b91e-b64503dadc5e@group-F967393F7C93-LeaderElection61] INFO  impl.RoleInfo (RoleInfo.java:shutdownLeaderElection(134)) - d6dfcdd7-fc6e-4b51-b91e-b64503dadc5e: shutdown LeaderElection
2019-10-17 21:54:48,198 [d6dfcdd7-fc6e-4b51-b91e-b64503dadc5e@group-F967393F7C93-LeaderElection61] INFO  impl.RoleInfo (RoleInfo.java:updateAndGet(143)) - d6dfcdd7-fc6e-4b51-b91e-b64503dadc5e: start FollowerState
2019-10-17 21:54:48,212 [Thread-809] INFO  impl.FollowerState (FollowerState.java:run(108)) - d6dfcdd7-fc6e-4b51-b91e-b64503dadc5e@group-F967393F7C93-FollowerState: change to CANDIDATE, lastRpcTime:14ms, electionTimeout:14ms
2019-10-17 21:54:48,212 [Thread-809] INFO  impl.RoleInfo (RoleInfo.java:shutdownFollowerState(121)) - d6dfcdd7-fc6e-4b51-b91e-b64503dadc5e: shutdown FollowerState
2019-10-17 21:54:48,212 [Thread-809] INFO  impl.RaftServerImpl (RaftServerImpl.java:setRole(184)) - d6dfcdd7-fc6e-4b51-b91e-b64503dadc5e@group-F967393F7C93: changes role from  FOLLOWER to CANDIDATE at term 41 for changeToCandidate
2019-10-17 21:54:48,213 [Thread-809] INFO  impl.RoleInfo (RoleInfo.java:updateAndGet(143)) - d6dfcdd7-fc6e-4b51-b91e-b64503dadc5e: start LeaderElection
2019-10-17 21:54:48,226 [d6dfcdd7-fc6e-4b51-b91e-b64503dadc5e@group-F967393F7C93-LeaderElection62] INFO  impl.LeaderElection (LeaderElection.java:askForVotes(178)) - d6dfcdd7-fc6e-4b51-b91e-b64503dadc5e@group-F967393F7C93-LeaderElection62: begin an election at term 42 for -1: [08d4cbaa-ffed-4411-a5fd-c4a38026aead:192.168.157.223:33910, da15dfee-23f0-4dc4-ad77-c00156c49cfa:192.168.157.223:42172, d6dfcdd7-fc6e-4b51-b91e-b64503dadc5e:192.168.157.223:43575], old=null
2019-10-17 21:54:48,232 [grpc-default-executor-12] INFO  impl.RaftServerImpl (RaftServerImpl.java:setRole(184)) - 08d4cbaa-ffed-4411-a5fd-c4a38026aead@group-F967393F7C93: changes role from  FOLLOWER to FOLLOWER at term 42 for recognizeCandidate:d6dfcdd7-fc6e-4b51-b91e-b64503dadc5e
2019-10-17 21:54:48,232 [grpc-default-executor-12] INFO  impl.RoleInfo (RoleInfo.java:shutdownFollowerState(121)) - 08d4cbaa-ffed-4411-a5fd-c4a38026aead: shutdown FollowerState
2019-10-17 21:54:48,232 [grpc-default-executor-1] INFO  impl.RaftServerImpl (RaftServerImpl.java:setRole(184)) - da15dfee-23f0-4dc4-ad77-c00156c49cfa@group-F967393F7C93: changes role from  FOLLOWER to FOLLOWER at term 42 for recognizeCandidate:d6dfcdd7-fc6e-4b51-b91e-b64503dadc5e
2019-10-17 21:54:48,232 [Thread-807] INFO  impl.FollowerState (FollowerState.java:run(117)) - 08d4cbaa-ffed-4411-a5fd-c4a38026aead@group-F967393F7C93-FollowerState was interrupted: java.lang.InterruptedException: sleep interrupted
2019-10-17 21:54:48,232 [grpc-default-executor-12] INFO  impl.RoleInfo (RoleInfo.java:updateAndGet(143)) - 08d4cbaa-ffed-4411-a5fd-c4a38026aead: start FollowerState
2019-10-17 21:54:48,232 [grpc-default-executor-1] INFO  impl.RoleInfo (RoleInfo.java:shutdownFollowerState(121)) - da15dfee-23f0-4dc4-ad77-c00156c49cfa: shutdown FollowerState
2019-10-17 21:54:48,233 [grpc-default-executor-1] INFO  impl.RoleInfo (RoleInfo.java:updateAndGet(143)) - da15dfee-23f0-4dc4-ad77-c00156c49cfa: start FollowerState
2019-10-17 21:54:48,233 [Thread-808] INFO  impl.FollowerState (FollowerState.java:run(117)) - da15dfee-23f0-4dc4-ad77-c00156c49cfa@group-F967393F7C93-FollowerState was interrupted: java.lang.InterruptedException: sleep interrupted
2019-10-17 21:54:48,248 [d6dfcdd7-fc6e-4b51-b91e-b64503dadc5e@group-F967393F7C93-LeaderElection62] INFO  impl.LeaderElection (LeaderElection.java:logAndReturn(56)) - d6dfcdd7-fc6e-4b51-b91e-b64503dadc5e@group-F967393F7C93-LeaderElection62: Election REJECTED; received 2 response(s) [d6dfcdd7-fc6e-4b51-b91e-b64503dadc5e<-08d4cbaa-ffed-4411-a5fd-c4a38026aead#0:FAIL-t42, d6dfcdd7-fc6e-4b51-b91e-b64503dadc5e<-da15dfee-23f0-4dc4-ad77-c00156c49cfa#0:FAIL-t42] and 0 exception(s); d6dfcdd7-fc6e-4b51-b91e-b64503dadc5e@group-F967393F7C93:t42, leader=null, voted=d6dfcdd7-fc6e-4b51-b91e-b64503dadc5e, raftlog=d6dfcdd7-fc6e-4b51-b91e-b64503dadc5e@group-F967393F7C93-SegmentedRaftLog:OPENED:c-1,f-1,i0, conf=-1: [08d4cbaa-ffed-4411-a5fd-c4a38026aead:192.168.157.223:33910, da15dfee-23f0-4dc4-ad77-c00156c49cfa:192.168.157.223:42172, d6dfcdd7-fc6e-4b51-b91e-b64503dadc5e:192.168.157.223:43575], old=null
2019-10-17 21:54:48,248 [d6dfcdd7-fc6e-4b51-b91e-b64503dadc5e@group-F967393F7C93-LeaderElection62] INFO  impl.RaftServerImpl (RaftServerImpl.java:setRole(184)) - d6dfcdd7-fc6e-4b51-b91e-b64503dadc5e@group-F967393F7C93: changes role from CANDIDATE to FOLLOWER at term 42 for DISCOVERED_A_NEW_TERM
2019-10-17 21:54:48,249 [d6dfcdd7-fc6e-4b51-b91e-b64503dadc5e@group-F967393F7C93-LeaderElection62] INFO  impl.RoleInfo (RoleInfo.java:shutdownLeaderElection(134)) - d6dfcdd7-fc6e-4b51-b91e-b64503dadc5e: shutdown LeaderElection
2019-10-17 21:54:48,249 [d6dfcdd7-fc6e-4b51-b91e-b64503dadc5e@group-F967393F7C93-LeaderElection62] INFO  impl.RoleInfo (RoleInfo.java:updateAndGet(143)) - d6dfcdd7-fc6e-4b51-b91e-b64503dadc5e: start FollowerState
2019-10-17 21:54:48,273 [Thread-815] INFO  impl.FollowerState (FollowerState.java:run(108)) - d6dfcdd7-fc6e-4b51-b91e-b64503dadc5e@group-F967393F7C93-FollowerState: change to CANDIDATE, lastRpcTime:24ms, electionTimeout:24ms
2019-10-17 21:54:48,273 [Thread-815] INFO  impl.RoleInfo (RoleInfo.java:shutdownFollowerState(121)) - d6dfcdd7-fc6e-4b51-b91e-b64503dadc5e: shutdown FollowerState
2019-10-17 21:54:48,274 [Thread-815] INFO  impl.RaftServerImpl (RaftServerImpl.java:setRole(184)) - d6dfcdd7-fc6e-4b51-b91e-b64503dadc5e@group-F967393F7C93: changes role from  FOLLOWER to CANDIDATE at term 42 for changeToCandidate
2019-10-17 21:54:48,274 [Thread-815] INFO  impl.RoleInfo (RoleInfo.java:updateAndGet(143)) - d6dfcdd7-fc6e-4b51-b91e-b64503dadc5e: start LeaderElection
2019-10-17 21:54:48,288 [d6dfcdd7-fc6e-4b51-b91e-b64503dadc5e@group-F967393F7C93-LeaderElection63] INFO  impl.LeaderElection (LeaderElection.java:askForVotes(178)) - d6dfcdd7-fc6e-4b51-b91e-b64503dadc5e@group-F967393F7C93-LeaderElection63: begin an election at term 43 for -1: [08d4cbaa-ffed-4411-a5fd-c4a38026aead:192.168.157.223:33910, da15dfee-23f0-4dc4-ad77-c00156c49cfa:192.168.157.223:42172, d6dfcdd7-fc6e-4b51-b91e-b64503dadc5e:192.168.157.223:43575], old=null
2019-10-17 21:54:48,290 [grpc-default-executor-12] INFO  impl.RaftServerImpl (RaftServerImpl.java:setRole(184)) - 08d4cbaa-ffed-4411-a5fd-c4a38026aead@group-F967393F7C93: changes role from  FOLLOWER to FOLLOWER at term 43 for recognizeCandidate:d6dfcdd7-fc6e-4b51-b91e-b64503dadc5e
2019-10-17 21:54:48,290 [grpc-default-executor-12] INFO  impl.RoleInfo (RoleInfo.java:shutdownFollowerState(121)) - 08d4cbaa-ffed-4411-a5fd-c4a38026aead: shutdown FollowerState
2019-10-17 21:54:48,290 [grpc-default-executor-12] INFO  impl.RoleInfo (RoleInfo.java:updateAndGet(143)) - 08d4cbaa-ffed-4411-a5fd-c4a38026aead: start FollowerState
2019-10-17 21:54:48,291 [Thread-813] INFO  impl.FollowerState (FollowerState.java:run(117)) - 08d4cbaa-ffed-4411-a5fd-c4a38026aead@group-F967393F7C93-FollowerState was interrupted: java.lang.InterruptedException: sleep interrupted
2019-10-17 21:54:48,291 [grpc-default-executor-1] INFO  impl.RaftServerImpl (RaftServerImpl.java:setRole(184)) - da15dfee-23f0-4dc4-ad77-c00156c49cfa@group-F967393F7C93: changes role from  FOLLOWER to FOLLOWER at term 43 for recognizeCandidate:d6dfcdd7-fc6e-4b51-b91e-b64503dadc5e
2019-10-17 21:54:48,291 [grpc-default-executor-1] INFO  impl.RoleInfo (RoleInfo.java:shutdownFollowerState(121)) - da15dfee-23f0-4dc4-ad77-c00156c49cfa: shutdown FollowerState
2019-10-17 21:54:48,291 [Thread-814] INFO  impl.FollowerState (FollowerState.java:run(117)) - da15dfee-23f0-4dc4-ad77-c00156c49cfa@group-F967393F7C93-FollowerState was interrupted: java.lang.InterruptedException: sleep interrupted
2019-10-17 21:54:48,291 [grpc-default-executor-1] INFO  impl.RoleInfo (RoleInfo.java:updateAndGet(143)) - da15dfee-23f0-4dc4-ad77-c00156c49cfa: start FollowerState
2019-10-17 21:54:48,333 [d6dfcdd7-fc6e-4b51-b91e-b64503dadc5e@group-F967393F7C93-LeaderElection63] INFO  impl.LeaderElection (LeaderElection.java:logAndReturn(56)) - d6dfcdd7-fc6e-4b51-b91e-b64503dadc5e@group-F967393F7C93-LeaderElection63: Election REJECTED; received 2 response(s) [d6dfcdd7-fc6e-4b51-b91e-b64503dadc5e<-08d4cbaa-ffed-4411-a5fd-c4a38026aead#0:FAIL-t43, d6dfcdd7-fc6e-4b51-b91e-b64503dadc5e<-da15dfee-23f0-4dc4-ad77-c00156c49cfa#0:FAIL-t43] and 0 exception(s); d6dfcdd7-fc6e-4b51-b91e-b64503dadc5e@group-F967393F7C93:t43, leader=null, voted=d6dfcdd7-fc6e-4b51-b91e-b64503dadc5e, raftlog=d6dfcdd7-fc6e-4b51-b91e-b64503dadc5e@group-F967393F7C93-SegmentedRaftLog:OPENED:c-1,f-1,i0, conf=-1: [08d4cbaa-ffed-4411-a5fd-c4a38026aead:192.168.157.223:33910, da15dfee-23f0-4dc4-ad77-c00156c49cfa:192.168.157.223:42172, d6dfcdd7-fc6e-4b51-b91e-b64503dadc5e:192.168.157.223:43575], old=null
2019-10-17 21:54:48,333 [d6dfcdd7-fc6e-4b51-b91e-b64503dadc5e@group-F967393F7C93-LeaderElection63] INFO  impl.RaftServerImpl (RaftServerImpl.java:setRole(184)) - d6dfcdd7-fc6e-4b51-b91e-b64503dadc5e@group-F967393F7C93: changes role from CANDIDATE to FOLLOWER at term 43 for DISCOVERED_A_NEW_TERM
2019-10-17 21:54:48,333 [d6dfcdd7-fc6e-4b51-b91e-b64503dadc5e@group-F967393F7C93-LeaderElection63] INFO  impl.RoleInfo (RoleInfo.java:shutdownLeaderElection(134)) - d6dfcdd7-fc6e-4b51-b91e-b64503dadc5e: shutdown LeaderElection
2019-10-17 21:54:48,333 [d6dfcdd7-fc6e-4b51-b91e-b64503dadc5e@group-F967393F7C93-LeaderElection63] INFO  impl.RoleInfo (RoleInfo.java:updateAndGet(143)) - d6dfcdd7-fc6e-4b51-b91e-b64503dadc5e: start FollowerState
2019-10-17 21:54:48,348 [Thread-825] INFO  impl.FollowerState (FollowerState.java:run(108)) - d6dfcdd7-fc6e-4b51-b91e-b64503dadc5e@group-F967393F7C93-FollowerState: change to CANDIDATE, lastRpcTime:14ms, electionTimeout:14ms
2019-10-17 21:54:48,348 [Thread-825] INFO  impl.RoleInfo (RoleInfo.java:shutdownFollowerState(121)) - d6dfcdd7-fc6e-4b51-b91e-b64503dadc5e: shutdown FollowerState
2019-10-17 21:54:48,348 [Thread-825] INFO  impl.RaftServerImpl (RaftServerImpl.java:setRole(184)) - d6dfcdd7-fc6e-4b51-b91e-b64503dadc5e@group-F967393F7C93: changes role from  FOLLOWER to CANDIDATE at term 43 for changeToCandidate
2019-10-17 21:54:48,348 [Thread-825] INFO  impl.RoleInfo (RoleInfo.java:updateAndGet(143)) - d6dfcdd7-fc6e-4b51-b91e-b64503dadc5e: start LeaderElection
2019-10-17 21:54:48,362 [d6dfcdd7-fc6e-4b51-b91e-b64503dadc5e@group-F967393F7C93-LeaderElection64] INFO  impl.LeaderElection (LeaderElection.java:askForVotes(178)) - d6dfcdd7-fc6e-4b51-b91e-b64503dadc5e@group-F967393F7C93-LeaderElection64: begin an election at term 44 for -1: [08d4cbaa-ffed-4411-a5fd-c4a38026aead:192.168.157.223:33910, da15dfee-23f0-4dc4-ad77-c00156c49cfa:192.168.157.223:42172, d6dfcdd7-fc6e-4b51-b91e-b64503dadc5e:192.168.157.223:43575], old=null
2019-10-17 21:54:48,368 [grpc-default-executor-12] INFO  impl.RaftServerImpl (RaftServerImpl.java:setRole(184)) - 08d4cbaa-ffed-4411-a5fd-c4a38026aead@group-F967393F7C93: changes role from  FOLLOWER to FOLLOWER at term 44 for recognizeCandidate:d6dfcdd7-fc6e-4b51-b91e-b64503dadc5e
2019-10-17 21:54:48,368 [grpc-default-executor-12] INFO  impl.RoleInfo (RoleInfo.java:shutdownFollowerState(121)) - 08d4cbaa-ffed-4411-a5fd-c4a38026aead: shutdown FollowerState
2019-10-17 21:54:48,368 [grpc-default-executor-1] INFO  impl.RaftServerImpl (RaftServerImpl.java:setRole(184)) - da15dfee-23f0-4dc4-ad77-c00156c49cfa@group-F967393F7C93: changes role from  FOLLOWER to FOLLOWER at term 44 for recognizeCandidate:d6dfcdd7-fc6e-4b51-b91e-b64503dadc5e
2019-10-17 21:54:48,368 [Thread-819] INFO  impl.FollowerState (FollowerState.java:run(117)) - 08d4cbaa-ffed-4411-a5fd-c4a38026aead@group-F967393F7C93-FollowerState was interrupted: java.lang.InterruptedException: sleep interrupted
2019-10-17 21:54:48,368 [grpc-default-executor-12] INFO  impl.RoleInfo (RoleInfo.java:updateAndGet(143)) - 08d4cbaa-ffed-4411-a5fd-c4a38026aead: start FollowerState
2019-10-17 21:54:48,368 [grpc-default-executor-1] INFO  impl.RoleInfo (RoleInfo.java:shutdownFollowerState(121)) - da15dfee-23f0-4dc4-ad77-c00156c49cfa: shutdown FollowerState
2019-10-17 21:54:48,369 [grpc-default-executor-1] INFO  impl.RoleInfo (RoleInfo.java:updateAndGet(143)) - da15dfee-23f0-4dc4-ad77-c00156c49cfa: start FollowerState
2019-10-17 21:54:48,369 [Thread-820] INFO  impl.FollowerState (FollowerState.java:run(117)) - da15dfee-23f0-4dc4-ad77-c00156c49cfa@group-F967393F7C93-FollowerState was interrupted: java.lang.InterruptedException: sleep interrupted
2019-10-17 21:54:48,417 [d6dfcdd7-fc6e-4b51-b91e-b64503dadc5e@group-F967393F7C93-LeaderElection64] INFO  impl.LeaderElection (LeaderElection.java:logAndReturn(56)) - d6dfcdd7-fc6e-4b51-b91e-b64503dadc5e@group-F967393F7C93-LeaderElection64: Election REJECTED; received 2 response(s) [d6dfcdd7-fc6e-4b51-b91e-b64503dadc5e<-08d4cbaa-ffed-4411-a5fd-c4a38026aead#0:FAIL-t44, d6dfcdd7-fc6e-4b51-b91e-b64503dadc5e<-da15dfee-23f0-4dc4-ad77-c00156c49cfa#0:FAIL-t44] and 0 exception(s); d6dfcdd7-fc6e-4b51-b91e-b64503dadc5e@group-F967393F7C93:t44, leader=null, voted=d6dfcdd7-fc6e-4b51-b91e-b64503dadc5e, raftlog=d6dfcdd7-fc6e-4b51-b91e-b64503dadc5e@group-F967393F7C93-SegmentedRaftLog:OPENED:c-1,f-1,i0, conf=-1: [08d4cbaa-ffed-4411-a5fd-c4a38026aead:192.168.157.223:33910, da15dfee-23f0-4dc4-ad77-c00156c49cfa:192.168.157.223:42172, d6dfcdd7-fc6e-4b51-b91e-b64503dadc5e:192.168.157.223:43575], old=null
2019-10-17 21:54:48,417 [d6dfcdd7-fc6e-4b51-b91e-b64503dadc5e@group-F967393F7C93-LeaderElection64] INFO  impl.RaftServerImpl (RaftServerImpl.java:setRole(184)) - d6dfcdd7-fc6e-4b51-b91e-b64503dadc5e@group-F967393F7C93: changes role from CANDIDATE to FOLLOWER at term 44 for DISCOVERED_A_NEW_TERM
2019-10-17 21:54:48,417 [d6dfcdd7-fc6e-4b51-b91e-b64503dadc5e@group-F967393F7C93-LeaderElection64] INFO  impl.RoleInfo (RoleInfo.java:shutdownLeaderElection(134)) - d6dfcdd7-fc6e-4b51-b91e-b64503dadc5e: shutdown LeaderElection
2019-10-17 21:54:48,417 [d6dfcdd7-fc6e-4b51-b91e-b64503dadc5e@group-F967393F7C93-LeaderElection64] INFO  impl.RoleInfo (RoleInfo.java:updateAndGet(143)) - d6dfcdd7-fc6e-4b51-b91e-b64503dadc5e: start FollowerState
2019-10-17 21:54:48,498 [Thread-831] INFO  impl.FollowerState (FollowerState.java:run(108)) - d6dfcdd7-fc6e-4b51-b91e-b64503dadc5e@group-F967393F7C93-FollowerState: change to CANDIDATE, lastRpcTime:81ms, electionTimeout:81ms
2019-10-17 21:54:48,499 [Thread-831] INFO  impl.RoleInfo (RoleInfo.java:shutdownFollowerState(121)) - d6dfcdd7-fc6e-4b51-b91e-b64503dadc5e: shutdown FollowerState
2019-10-17 21:54:48,499 [Thread-831] INFO  impl.RaftServerImpl (RaftServerImpl.java:setRole(184)) - d6dfcdd7-fc6e-4b51-b91e-b64503dadc5e@group-F967393F7C93: changes role from  FOLLOWER to CANDIDATE at term 44 for changeToCandidate
2019-10-17 21:54:48,499 [Thread-831] INFO  impl.RoleInfo (RoleInfo.java:updateAndGet(143)) - d6dfcdd7-fc6e-4b51-b91e-b64503dadc5e: start LeaderElection
2019-10-17 21:54:48,504 [d6dfcdd7-fc6e-4b51-b91e-b64503dadc5e@group-F967393F7C93-LeaderElection65] INFO  impl.LeaderElection (LeaderElection.java:askForVotes(178)) - d6dfcdd7-fc6e-4b51-b91e-b64503dadc5e@group-F967393F7C93-LeaderElection65: begin an election at term 45 for -1: [08d4cbaa-ffed-4411-a5fd-c4a38026aead:192.168.157.223:33910, da15dfee-23f0-4dc4-ad77-c00156c49cfa:192.168.157.223:42172, d6dfcdd7-fc6e-4b51-b91e-b64503dadc5e:192.168.157.223:43575], old=null
2019-10-17 21:54:48,506 [grpc-default-executor-12] INFO  impl.RaftServerImpl (RaftServerImpl.java:setRole(184)) - da15dfee-23f0-4dc4-ad77-c00156c49cfa@group-F967393F7C93: changes role from  FOLLOWER to FOLLOWER at term 45 for recognizeCandidate:d6dfcdd7-fc6e-4b51-b91e-b64503dadc5e
2019-10-17 21:54:48,507 [grpc-default-executor-12] INFO  impl.RoleInfo (RoleInfo.java:shutdownFollowerState(121)) - da15dfee-23f0-4dc4-ad77-c00156c49cfa: shutdown FollowerState
2019-10-17 21:54:48,507 [grpc-default-executor-1] INFO  impl.RaftServerImpl (RaftServerImpl.java:setRole(184)) - 08d4cbaa-ffed-4411-a5fd-c4a38026aead@group-F967393F7C93: changes role from  FOLLOWER to FOLLOWER at term 45 for recognizeCandidate:d6dfcdd7-fc6e-4b51-b91e-b64503dadc5e
2019-10-17 21:54:48,507 [Thread-830] INFO  impl.FollowerState (FollowerState.java:run(117)) - da15dfee-23f0-4dc4-ad77-c00156c49cfa@group-F967393F7C93-FollowerState was interrupted: java.lang.InterruptedException: sleep interrupted
2019-10-17 21:54:48,507 [grpc-default-executor-12] INFO  impl.RoleInfo (RoleInfo.java:updateAndGet(143)) - da15dfee-23f0-4dc4-ad77-c00156c49cfa: start FollowerState
2019-10-17 21:54:48,507 [grpc-default-executor-1] INFO  impl.RoleInfo (RoleInfo.java:shutdownFollowerState(121)) - 08d4cbaa-ffed-4411-a5fd-c4a38026aead: shutdown FollowerState
2019-10-17 21:54:48,508 [grpc-default-executor-1] INFO  impl.RoleInfo (RoleInfo.java:updateAndGet(143)) - 08d4cbaa-ffed-4411-a5fd-c4a38026aead: start FollowerState
2019-10-17 21:54:48,508 [Thread-829] INFO  impl.FollowerState (FollowerState.java:run(117)) - 08d4cbaa-ffed-4411-a5fd-c4a38026aead@group-F967393F7C93-FollowerState was interrupted: java.lang.InterruptedException: sleep interrupted
2019-10-17 21:54:48,513 [d6dfcdd7-fc6e-4b51-b91e-b64503dadc5e@group-F967393F7C93-LeaderElection65] INFO  impl.LeaderElection (LeaderElection.java:logAndReturn(56)) - d6dfcdd7-fc6e-4b51-b91e-b64503dadc5e@group-F967393F7C93-LeaderElection65: Election REJECTED; received 2 response(s) [d6dfcdd7-fc6e-4b51-b91e-b64503dadc5e<-08d4cbaa-ffed-4411-a5fd-c4a38026aead#0:FAIL-t45, d6dfcdd7-fc6e-4b51-b91e-b64503dadc5e<-da15dfee-23f0-4dc4-ad77-c00156c49cfa#0:FAIL-t45] and 0 exception(s); d6dfcdd7-fc6e-4b51-b91e-b64503dadc5e@group-F967393F7C93:t45, leader=null, voted=d6dfcdd7-fc6e-4b51-b91e-b64503dadc5e, raftlog=d6dfcdd7-fc6e-4b51-b91e-b64503dadc5e@group-F967393F7C93-SegmentedRaftLog:OPENED:c-1,f-1,i0, conf=-1: [08d4cbaa-ffed-4411-a5fd-c4a38026aead:192.168.157.223:33910, da15dfee-23f0-4dc4-ad77-c00156c49cfa:192.168.157.223:42172, d6dfcdd7-fc6e-4b51-b91e-b64503dadc5e:192.168.157.223:43575], old=null
2019-10-17 21:54:48,514 [d6dfcdd7-fc6e-4b51-b91e-b64503dadc5e@group-F967393F7C93-LeaderElection65] INFO  impl.RaftServerImpl (RaftServerImpl.java:setRole(184)) - d6dfcdd7-fc6e-4b51-b91e-b64503dadc5e@group-F967393F7C93: changes role from CANDIDATE to FOLLOWER at term 45 for DISCOVERED_A_NEW_TERM
2019-10-17 21:54:48,514 [d6dfcdd7-fc6e-4b51-b91e-b64503dadc5e@group-F967393F7C93-LeaderElection65] INFO  impl.RoleInfo (RoleInfo.java:shutdownLeaderElection(134)) - d6dfcdd7-fc6e-4b51-b91e-b64503dadc5e: shutdown LeaderElection
2019-10-17 21:54:48,514 [d6dfcdd7-fc6e-4b51-b91e-b64503dadc5e@group-F967393F7C93-LeaderElection65] INFO  impl.RoleInfo (RoleInfo.java:updateAndGet(143)) - d6dfcdd7-fc6e-4b51-b91e-b64503dadc5e: start FollowerState
2019-10-17 21:54:48,547 [Thread-837] INFO  impl.FollowerState (FollowerState.java:run(108)) - d6dfcdd7-fc6e-4b51-b91e-b64503dadc5e@group-F967393F7C93-FollowerState: change to CANDIDATE, lastRpcTime:33ms, electionTimeout:33ms
2019-10-17 21:54:48,548 [Thread-837] INFO  impl.RoleInfo (RoleInfo.java:shutdownFollowerState(121)) - d6dfcdd7-fc6e-4b51-b91e-b64503dadc5e: shutdown FollowerState
2019-10-17 21:54:48,548 [Thread-837] INFO  impl.RaftServerImpl (RaftServerImpl.java:setRole(184)) - d6dfcdd7-fc6e-4b51-b91e-b64503dadc5e@group-F967393F7C93: changes role from  FOLLOWER to CANDIDATE at term 45 for changeToCandidate
2019-10-17 21:54:48,548 [Thread-837] INFO  impl.RoleInfo (RoleInfo.java:updateAndGet(143)) - d6dfcdd7-fc6e-4b51-b91e-b64503dadc5e: start LeaderElection
2019-10-17 21:54:48,560 [d6dfcdd7-fc6e-4b51-b91e-b64503dadc5e@group-F967393F7C93-LeaderElection66] INFO  impl.LeaderElection (LeaderElection.java:askForVotes(178)) - d6dfcdd7-fc6e-4b51-b91e-b64503dadc5e@group-F967393F7C93-LeaderElection66: begin an election at term 46 for -1: [08d4cbaa-ffed-4411-a5fd-c4a38026aead:192.168.157.223:33910, da15dfee-23f0-4dc4-ad77-c00156c49cfa:192.168.157.223:42172, d6dfcdd7-fc6e-4b51-b91e-b64503dadc5e:192.168.157.223:43575], old=null
2019-10-17 21:54:48,582 [grpc-default-executor-12] INFO  impl.RaftServerImpl (RaftServerImpl.java:setRole(184)) - 08d4cbaa-ffed-4411-a5fd-c4a38026aead@group-F967393F7C93: changes role from  FOLLOWER to FOLLOWER at term 46 for recognizeCandidate:d6dfcdd7-fc6e-4b51-b91e-b64503dadc5e
2019-10-17 21:54:48,582 [grpc-default-executor-12] INFO  impl.RoleInfo (RoleInfo.java:shutdownFollowerState(121)) - 08d4cbaa-ffed-4411-a5fd-c4a38026aead: shutdown FollowerState
2019-10-17 21:54:48,582 [grpc-default-executor-12] INFO  impl.RoleInfo (RoleInfo.java:updateAndGet(143)) - 08d4cbaa-ffed-4411-a5fd-c4a38026aead: start FollowerState
2019-10-17 21:54:48,582 [Thread-836] INFO  impl.FollowerState (FollowerState.java:run(117)) - 08d4cbaa-ffed-4411-a5fd-c4a38026aead@group-F967393F7C93-FollowerState was interrupted: java.lang.InterruptedException: sleep interrupted
2019-10-17 21:54:48,583 [grpc-default-executor-1] INFO  impl.RaftServerImpl (RaftServerImpl.java:setRole(184)) - da15dfee-23f0-4dc4-ad77-c00156c49cfa@group-F967393F7C93: changes role from  FOLLOWER to FOLLOWER at term 46 for recognizeCandidate:d6dfcdd7-fc6e-4b51-b91e-b64503dadc5e
2019-10-17 21:54:48,583 [grpc-default-executor-1] INFO  impl.RoleInfo (RoleInfo.java:shutdownFollowerState(121)) - da15dfee-23f0-4dc4-ad77-c00156c49cfa: shutdown FollowerState
2019-10-17 21:54:48,583 [Thread-835] INFO  impl.FollowerState (FollowerState.java:run(117)) - da15dfee-23f0-4dc4-ad77-c00156c49cfa@group-F967393F7C93-FollowerState was interrupted: java.lang.InterruptedException: sleep interrupted
2019-10-17 21:54:48,583 [grpc-default-executor-1] INFO  impl.RoleInfo (RoleInfo.java:updateAndGet(143)) - da15dfee-23f0-4dc4-ad77-c00156c49cfa: start FollowerState
2019-10-17 21:54:48,598 [d6dfcdd7-fc6e-4b51-b91e-b64503dadc5e@group-F967393F7C93-LeaderElection66] INFO  impl.LeaderElection (LeaderElection.java:logAndReturn(56)) - d6dfcdd7-fc6e-4b51-b91e-b64503dadc5e@group-F967393F7C93-LeaderElection66: Election REJECTED; received 2 response(s) [d6dfcdd7-fc6e-4b51-b91e-b64503dadc5e<-08d4cbaa-ffed-4411-a5fd-c4a38026aead#0:FAIL-t46, d6dfcdd7-fc6e-4b51-b91e-b64503dadc5e<-da15dfee-23f0-4dc4-ad77-c00156c49cfa#0:FAIL-t46] and 0 exception(s); d6dfcdd7-fc6e-4b51-b91e-b64503dadc5e@group-F967393F7C93:t46, leader=null, voted=d6dfcdd7-fc6e-4b51-b91e-b64503dadc5e, raftlog=d6dfcdd7-fc6e-4b51-b91e-b64503dadc5e@group-F967393F7C93-SegmentedRaftLog:OPENED:c-1,f-1,i0, conf=-1: [08d4cbaa-ffed-4411-a5fd-c4a38026aead:192.168.157.223:33910, da15dfee-23f0-4dc4-ad77-c00156c49cfa:192.168.157.223:42172, d6dfcdd7-fc6e-4b51-b91e-b64503dadc5e:192.168.157.223:43575], old=null
2019-10-17 21:54:48,598 [d6dfcdd7-fc6e-4b51-b91e-b64503dadc5e@group-F967393F7C93-LeaderElection66] INFO  impl.RaftServerImpl (RaftServerImpl.java:setRole(184)) - d6dfcdd7-fc6e-4b51-b91e-b64503dadc5e@group-F967393F7C93: changes role from CANDIDATE to FOLLOWER at term 46 for DISCOVERED_A_NEW_TERM
2019-10-17 21:54:48,598 [d6dfcdd7-fc6e-4b51-b91e-b64503dadc5e@group-F967393F7C93-LeaderElection66] INFO  impl.RoleInfo (RoleInfo.java:shutdownLeaderElection(134)) - d6dfcdd7-fc6e-4b51-b91e-b64503dadc5e: shutdown LeaderElection
2019-10-17 21:54:48,598 [d6dfcdd7-fc6e-4b51-b91e-b64503dadc5e@group-F967393F7C93-LeaderElection66] INFO  impl.RoleInfo (RoleInfo.java:updateAndGet(143)) - d6dfcdd7-fc6e-4b51-b91e-b64503dadc5e: start FollowerState
2019-10-17 21:54:48,735 [Thread-843] INFO  impl.FollowerState (FollowerState.java:run(108)) - d6dfcdd7-fc6e-4b51-b91e-b64503dadc5e@group-F967393F7C93-FollowerState: change to CANDIDATE, lastRpcTime:136ms, electionTimeout:136ms
2019-10-17 21:54:48,735 [Thread-843] INFO  impl.RoleInfo (RoleInfo.java:shutdownFollowerState(121)) - d6dfcdd7-fc6e-4b51-b91e-b64503dadc5e: shutdown FollowerState
2019-10-17 21:54:48,735 [Thread-843] INFO  impl.RaftServerImpl (RaftServerImpl.java:setRole(184)) - d6dfcdd7-fc6e-4b51-b91e-b64503dadc5e@group-F967393F7C93: changes role from  FOLLOWER to CANDIDATE at term 46 for changeToCandidate
2019-10-17 21:54:48,735 [Thread-843] INFO  impl.RoleInfo (RoleInfo.java:updateAndGet(143)) - d6dfcdd7-fc6e-4b51-b91e-b64503dadc5e: start LeaderElection
2019-10-17 21:54:48,759 [d6dfcdd7-fc6e-4b51-b91e-b64503dadc5e@group-F967393F7C93-LeaderElection67] INFO  impl.LeaderElection (LeaderElection.java:askForVotes(178)) - d6dfcdd7-fc6e-4b51-b91e-b64503dadc5e@group-F967393F7C93-LeaderElection67: begin an election at term 47 for -1: [08d4cbaa-ffed-4411-a5fd-c4a38026aead:192.168.157.223:33910, da15dfee-23f0-4dc4-ad77-c00156c49cfa:192.168.157.223:42172, d6dfcdd7-fc6e-4b51-b91e-b64503dadc5e:192.168.157.223:43575], old=null
2019-10-17 21:54:48,761 [grpc-default-executor-12] INFO  impl.RaftServerImpl (RaftServerImpl.java:setRole(184)) - 08d4cbaa-ffed-4411-a5fd-c4a38026aead@group-F967393F7C93: changes role from  FOLLOWER to FOLLOWER at term 47 for recognizeCandidate:d6dfcdd7-fc6e-4b51-b91e-b64503dadc5e
2019-10-17 21:54:48,762 [grpc-default-executor-12] INFO  impl.RoleInfo (RoleInfo.java:shutdownFollowerState(121)) - 08d4cbaa-ffed-4411-a5fd-c4a38026aead: shutdown FollowerState
2019-10-17 21:54:48,762 [grpc-default-executor-12] INFO  impl.RoleInfo (RoleInfo.java:updateAndGet(143)) - 08d4cbaa-ffed-4411-a5fd-c4a38026aead: start FollowerState
2019-10-17 21:54:48,762 [Thread-841] INFO  impl.FollowerState (FollowerState.java:run(117)) - 08d4cbaa-ffed-4411-a5fd-c4a38026aead@group-F967393F7C93-FollowerState was interrupted: java.lang.InterruptedException: sleep interrupted
2019-10-17 21:54:48,762 [grpc-default-executor-1] INFO  impl.RaftServerImpl (RaftServerImpl.java:setRole(184)) - da15dfee-23f0-4dc4-ad77-c00156c49cfa@group-F967393F7C93: changes role from  FOLLOWER to FOLLOWER at term 47 for recognizeCandidate:d6dfcdd7-fc6e-4b51-b91e-b64503dadc5e
2019-10-17 21:54:48,762 [grpc-default-executor-1] INFO  impl.RoleInfo (RoleInfo.java:shutdownFollowerState(121)) - da15dfee-23f0-4dc4-ad77-c00156c49cfa: shutdown FollowerState
2019-10-17 21:54:48,762 [grpc-default-executor-1] INFO  impl.RoleInfo (RoleInfo.java:updateAndGet(143)) - da15dfee-23f0-4dc4-ad77-c00156c49cfa: start FollowerState
2019-10-17 21:54:48,763 [Thread-842] INFO  impl.FollowerState (FollowerState.java:run(117)) - da15dfee-23f0-4dc4-ad77-c00156c49cfa@group-F967393F7C93-FollowerState was interrupted: java.lang.InterruptedException: sleep interrupted
2019-10-17 21:54:48,778 [d6dfcdd7-fc6e-4b51-b91e-b64503dadc5e@group-F967393F7C93-LeaderElection67] INFO  impl.LeaderElection (LeaderElection.java:logAndReturn(56)) - d6dfcdd7-fc6e-4b51-b91e-b64503dadc5e@group-F967393F7C93-LeaderElection67: Election REJECTED; received 2 response(s) [d6dfcdd7-fc6e-4b51-b91e-b64503dadc5e<-08d4cbaa-ffed-4411-a5fd-c4a38026aead#0:FAIL-t47, d6dfcdd7-fc6e-4b51-b91e-b64503dadc5e<-da15dfee-23f0-4dc4-ad77-c00156c49cfa#0:FAIL-t47] and 0 exception(s); d6dfcdd7-fc6e-4b51-b91e-b64503dadc5e@group-F967393F7C93:t47, leader=null, voted=d6dfcdd7-fc6e-4b51-b91e-b64503dadc5e, raftlog=d6dfcdd7-fc6e-4b51-b91e-b64503dadc5e@group-F967393F7C93-SegmentedRaftLog:OPENED:c-1,f-1,i0, conf=-1: [08d4cbaa-ffed-4411-a5fd-c4a38026aead:192.168.157.223:33910, da15dfee-23f0-4dc4-ad77-c00156c49cfa:192.168.157.223:42172, d6dfcdd7-fc6e-4b51-b91e-b64503dadc5e:192.168.157.223:43575], old=null
2019-10-17 21:54:48,778 [d6dfcdd7-fc6e-4b51-b91e-b64503dadc5e@group-F967393F7C93-LeaderElection67] INFO  impl.RaftServerImpl (RaftServerImpl.java:setRole(184)) - d6dfcdd7-fc6e-4b51-b91e-b64503dadc5e@group-F967393F7C93: changes role from CANDIDATE to FOLLOWER at term 47 for DISCOVERED_A_NEW_TERM
2019-10-17 21:54:48,778 [d6dfcdd7-fc6e-4b51-b91e-b64503dadc5e@group-F967393F7C93-LeaderElection67] INFO  impl.RoleInfo (RoleInfo.java:shutdownLeaderElection(134)) - d6dfcdd7-fc6e-4b51-b91e-b64503dadc5e: shutdown LeaderElection
2019-10-17 21:54:48,778 [d6dfcdd7-fc6e-4b51-b91e-b64503dadc5e@group-F967393F7C93-LeaderElection67] INFO  impl.RoleInfo (RoleInfo.java:updateAndGet(143)) - d6dfcdd7-fc6e-4b51-b91e-b64503dadc5e: start FollowerState
2019-10-17 21:54:48,832 [Thread-849] INFO  impl.FollowerState (FollowerState.java:run(108)) - d6dfcdd7-fc6e-4b51-b91e-b64503dadc5e@group-F967393F7C93-FollowerState: change to CANDIDATE, lastRpcTime:53ms, electionTimeout:53ms
2019-10-17 21:54:48,832 [Thread-849] INFO  impl.RoleInfo (RoleInfo.java:shutdownFollowerState(121)) - d6dfcdd7-fc6e-4b51-b91e-b64503dadc5e: shutdown FollowerState
2019-10-17 21:54:48,832 [Thread-849] INFO  impl.RaftServerImpl (RaftServerImpl.java:setRole(184)) - d6dfcdd7-fc6e-4b51-b91e-b64503dadc5e@group-F967393F7C93: changes role from  FOLLOWER to CANDIDATE at term 47 for changeToCandidate
2019-10-17 21:54:48,832 [Thread-849] INFO  impl.RoleInfo (RoleInfo.java:updateAndGet(143)) - d6dfcdd7-fc6e-4b51-b91e-b64503dadc5e: start LeaderElection
2019-10-17 21:54:48,844 [d6dfcdd7-fc6e-4b51-b91e-b64503dadc5e@group-F967393F7C93-LeaderElection68] INFO  impl.LeaderElection (LeaderElection.java:askForVotes(178)) - d6dfcdd7-fc6e-4b51-b91e-b64503dadc5e@group-F967393F7C93-LeaderElection68: begin an election at term 48 for -1: [08d4cbaa-ffed-4411-a5fd-c4a38026aead:192.168.157.223:33910, da15dfee-23f0-4dc4-ad77-c00156c49cfa:192.168.157.223:42172, d6dfcdd7-fc6e-4b51-b91e-b64503dadc5e:192.168.157.223:43575], old=null
2019-10-17 21:54:48,854 [grpc-default-executor-12] INFO  impl.RaftServerImpl (RaftServerImpl.java:setRole(184)) - 08d4cbaa-ffed-4411-a5fd-c4a38026aead@group-F967393F7C93: changes role from  FOLLOWER to FOLLOWER at term 48 for recognizeCandidate:d6dfcdd7-fc6e-4b51-b91e-b64503dadc5e
2019-10-17 21:54:48,854 [grpc-default-executor-1] INFO  impl.RaftServerImpl (RaftServerImpl.java:setRole(184)) - da15dfee-23f0-4dc4-ad77-c00156c49cfa@group-F967393F7C93: changes role from  FOLLOWER to FOLLOWER at term 48 for recognizeCandidate:d6dfcdd7-fc6e-4b51-b91e-b64503dadc5e
2019-10-17 21:54:48,854 [grpc-default-executor-12] INFO  impl.RoleInfo (RoleInfo.java:shutdownFollowerState(121)) - 08d4cbaa-ffed-4411-a5fd-c4a38026aead: shutdown FollowerState
2019-10-17 21:54:48,854 [grpc-default-executor-1] INFO  impl.RoleInfo (RoleInfo.java:shutdownFollowerState(121)) - da15dfee-23f0-4dc4-ad77-c00156c49cfa: shutdown FollowerState
2019-10-17 21:54:48,854 [Thread-847] INFO  impl.FollowerState (FollowerState.java:run(117)) - 08d4cbaa-ffed-4411-a5fd-c4a38026aead@group-F967393F7C93-FollowerState was interrupted: java.lang.InterruptedException: sleep interrupted
2019-10-17 21:54:48,854 [Thread-848] INFO  impl.FollowerState (FollowerState.java:run(117)) - da15dfee-23f0-4dc4-ad77-c00156c49cfa@group-F967393F7C93-FollowerState was interrupted: java.lang.InterruptedException: sleep interrupted
2019-10-17 21:54:48,854 [grpc-default-executor-12] INFO  impl.RoleInfo (RoleInfo.java:updateAndGet(143)) - 08d4cbaa-ffed-4411-a5fd-c4a38026aead: start FollowerState
2019-10-17 21:54:48,854 [grpc-default-executor-1] INFO  impl.RoleInfo (RoleInfo.java:updateAndGet(143)) - da15dfee-23f0-4dc4-ad77-c00156c49cfa: start FollowerState
2019-10-17 21:54:48,861 [d6dfcdd7-fc6e-4b51-b91e-b64503dadc5e@group-F967393F7C93-LeaderElection68] INFO  impl.LeaderElection (LeaderElection.java:logAndReturn(56)) - d6dfcdd7-fc6e-4b51-b91e-b64503dadc5e@group-F967393F7C93-LeaderElection68: Election TIMEOUT; received 0 response(s) [] and 0 exception(s); d6dfcdd7-fc6e-4b51-b91e-b64503dadc5e@group-F967393F7C93:t48, leader=null, voted=d6dfcdd7-fc6e-4b51-b91e-b64503dadc5e, raftlog=d6dfcdd7-fc6e-4b51-b91e-b64503dadc5e@group-F967393F7C93-SegmentedRaftLog:OPENED:c-1,f-1,i0, conf=-1: [08d4cbaa-ffed-4411-a5fd-c4a38026aead:192.168.157.223:33910, da15dfee-23f0-4dc4-ad77-c00156c49cfa:192.168.157.223:42172, d6dfcdd7-fc6e-4b51-b91e-b64503dadc5e:192.168.157.223:43575], old=null
2019-10-17 21:54:48,868 [d6dfcdd7-fc6e-4b51-b91e-b64503dadc5e@group-F967393F7C93-LeaderElection68] INFO  impl.LeaderElection (LeaderElection.java:askForVotes(178)) - d6dfcdd7-fc6e-4b51-b91e-b64503dadc5e@group-F967393F7C93-LeaderElection68: begin an election at term 49 for -1: [08d4cbaa-ffed-4411-a5fd-c4a38026aead:192.168.157.223:33910, da15dfee-23f0-4dc4-ad77-c00156c49cfa:192.168.157.223:42172, d6dfcdd7-fc6e-4b51-b91e-b64503dadc5e:192.168.157.223:43575], old=null
2019-10-17 21:54:48,870 [grpc-default-executor-12] INFO  impl.RaftServerImpl (RaftServerImpl.java:setRole(184)) - da15dfee-23f0-4dc4-ad77-c00156c49cfa@group-F967393F7C93: changes role from  FOLLOWER to FOLLOWER at term 49 for recognizeCandidate:d6dfcdd7-fc6e-4b51-b91e-b64503dadc5e
2019-10-17 21:54:48,871 [grpc-default-executor-12] INFO  impl.RoleInfo (RoleInfo.java:shutdownFollowerState(121)) - da15dfee-23f0-4dc4-ad77-c00156c49cfa: shutdown FollowerState
2019-10-17 21:54:48,871 [grpc-default-executor-1] INFO  impl.RaftServerImpl (RaftServerImpl.java:setRole(184)) - 08d4cbaa-ffed-4411-a5fd-c4a38026aead@group-F967393F7C93: changes role from  FOLLOWER to FOLLOWER at term 49 for recognizeCandidate:d6dfcdd7-fc6e-4b51-b91e-b64503dadc5e
2019-10-17 21:54:48,871 [Thread-860] INFO  impl.FollowerState (FollowerState.java:run(117)) - da15dfee-23f0-4dc4-ad77-c00156c49cfa@group-F967393F7C93-FollowerState was interrupted: java.lang.InterruptedException: sleep interrupted
2019-10-17 21:54:48,871 [grpc-default-executor-12] INFO  impl.RoleInfo (RoleInfo.java:updateAndGet(143)) - da15dfee-23f0-4dc4-ad77-c00156c49cfa: start FollowerState
2019-10-17 21:54:48,871 [grpc-default-executor-1] INFO  impl.RoleInfo (RoleInfo.java:shutdownFollowerState(121)) - 08d4cbaa-ffed-4411-a5fd-c4a38026aead: shutdown FollowerState
2019-10-17 21:54:48,871 [grpc-default-executor-1] INFO  impl.RoleInfo (RoleInfo.java:updateAndGet(143)) - 08d4cbaa-ffed-4411-a5fd-c4a38026aead: start FollowerState
2019-10-17 21:54:48,871 [Thread-859] INFO  impl.FollowerState (FollowerState.java:run(117)) - 08d4cbaa-ffed-4411-a5fd-c4a38026aead@group-F967393F7C93-FollowerState was interrupted: java.lang.InterruptedException: sleep interrupted
2019-10-17 21:54:48,884 [d6dfcdd7-fc6e-4b51-b91e-b64503dadc5e@group-F967393F7C93-LeaderElection68] INFO  impl.LeaderElection (LeaderElection.java:logAndReturn(56)) - d6dfcdd7-fc6e-4b51-b91e-b64503dadc5e@group-F967393F7C93-LeaderElection68: Election TIMEOUT; received 0 response(s) [] and 0 exception(s); d6dfcdd7-fc6e-4b51-b91e-b64503dadc5e@group-F967393F7C93:t49, leader=null, voted=d6dfcdd7-fc6e-4b51-b91e-b64503dadc5e, raftlog=d6dfcdd7-fc6e-4b51-b91e-b64503dadc5e@group-F967393F7C93-SegmentedRaftLog:OPENED:c-1,f-1,i0, conf=-1: [08d4cbaa-ffed-4411-a5fd-c4a38026aead:192.168.157.223:33910, da15dfee-23f0-4dc4-ad77-c00156c49cfa:192.168.157.223:42172, d6dfcdd7-fc6e-4b51-b91e-b64503dadc5e:192.168.157.223:43575], old=null
2019-10-17 21:54:48,897 [d6dfcdd7-fc6e-4b51-b91e-b64503dadc5e@group-F967393F7C93-LeaderElection68] INFO  impl.LeaderElection (LeaderElection.java:askForVotes(178)) - d6dfcdd7-fc6e-4b51-b91e-b64503dadc5e@group-F967393F7C93-LeaderElection68: begin an election at term 50 for -1: [08d4cbaa-ffed-4411-a5fd-c4a38026aead:192.168.157.223:33910, da15dfee-23f0-4dc4-ad77-c00156c49cfa:192.168.157.223:42172, d6dfcdd7-fc6e-4b51-b91e-b64503dadc5e:192.168.157.223:43575], old=null
2019-10-17 21:54:48,899 [grpc-default-executor-1] INFO  impl.RaftServerImpl (RaftServerImpl.java:setRole(184)) - 08d4cbaa-ffed-4411-a5fd-c4a38026aead@group-F967393F7C93: changes role from  FOLLOWER to FOLLOWER at term 50 for recognizeCandidate:d6dfcdd7-fc6e-4b51-b91e-b64503dadc5e
2019-10-17 21:54:48,900 [grpc-default-executor-1] INFO  impl.RoleInfo (RoleInfo.java:shutdownFollowerState(121)) - 08d4cbaa-ffed-4411-a5fd-c4a38026aead: shutdown FollowerState
2019-10-17 21:54:48,900 [grpc-default-executor-1] INFO  impl.RoleInfo (RoleInfo.java:updateAndGet(143)) - 08d4cbaa-ffed-4411-a5fd-c4a38026aead: start FollowerState
2019-10-17 21:54:48,900 [grpc-default-executor-12] INFO  impl.RaftServerImpl (RaftServerImpl.java:setRole(184)) - da15dfee-23f0-4dc4-ad77-c00156c49cfa@group-F967393F7C93: changes role from  FOLLOWER to FOLLOWER at term 50 for recognizeCandidate:d6dfcdd7-fc6e-4b51-b91e-b64503dadc5e
2019-10-17 21:54:48,900 [Thread-864] INFO  impl.FollowerState (FollowerState.java:run(117)) - 08d4cbaa-ffed-4411-a5fd-c4a38026aead@group-F967393F7C93-FollowerState was interrupted: java.lang.InterruptedException: sleep interrupted
2019-10-17 21:54:48,900 [grpc-default-executor-12] INFO  impl.RoleInfo (RoleInfo.java:shutdownFollowerState(121)) - da15dfee-23f0-4dc4-ad77-c00156c49cfa: shutdown FollowerState
2019-10-17 21:54:48,900 [grpc-default-executor-12] INFO  impl.RoleInfo (RoleInfo.java:updateAndGet(143)) - da15dfee-23f0-4dc4-ad77-c00156c49cfa: start FollowerState
2019-10-17 21:54:48,900 [Thread-863] INFO  impl.FollowerState (FollowerState.java:run(117)) - da15dfee-23f0-4dc4-ad77-c00156c49cfa@group-F967393F7C93-FollowerState was interrupted: java.lang.InterruptedException: sleep interrupted
2019-10-17 21:54:48,915 [d6dfcdd7-fc6e-4b51-b91e-b64503dadc5e@group-F967393F7C93-LeaderElection68] INFO  impl.LeaderElection (LeaderElection.java:logAndReturn(56)) - d6dfcdd7-fc6e-4b51-b91e-b64503dadc5e@group-F967393F7C93-LeaderElection68: Election REJECTED; received 2 response(s) [d6dfcdd7-fc6e-4b51-b91e-b64503dadc5e<-08d4cbaa-ffed-4411-a5fd-c4a38026aead#0:FAIL-t50, d6dfcdd7-fc6e-4b51-b91e-b64503dadc5e<-da15dfee-23f0-4dc4-ad77-c00156c49cfa#0:FAIL-t50] and 0 exception(s); d6dfcdd7-fc6e-4b51-b91e-b64503dadc5e@group-F967393F7C93:t50, leader=null, voted=d6dfcdd7-fc6e-4b51-b91e-b64503dadc5e, raftlog=d6dfcdd7-fc6e-4b51-b91e-b64503dadc5e@group-F967393F7C93-SegmentedRaftLog:OPENED:c-1,f-1,i0, conf=-1: [08d4cbaa-ffed-4411-a5fd-c4a38026aead:192.168.157.223:33910, da15dfee-23f0-4dc4-ad77-c00156c49cfa:192.168.157.223:42172, d6dfcdd7-fc6e-4b51-b91e-b64503dadc5e:192.168.157.223:43575], old=null
2019-10-17 21:54:48,915 [d6dfcdd7-fc6e-4b51-b91e-b64503dadc5e@group-F967393F7C93-LeaderElection68] INFO  impl.RaftServerImpl (RaftServerImpl.java:setRole(184)) - d6dfcdd7-fc6e-4b51-b91e-b64503dadc5e@group-F967393F7C93: changes role from CANDIDATE to FOLLOWER at term 50 for DISCOVERED_A_NEW_TERM
2019-10-17 21:54:48,915 [d6dfcdd7-fc6e-4b51-b91e-b64503dadc5e@group-F967393F7C93-LeaderElection68] INFO  impl.RoleInfo (RoleInfo.java:shutdownLeaderElection(134)) - d6dfcdd7-fc6e-4b51-b91e-b64503dadc5e: shutdown LeaderElection
2019-10-17 21:54:48,915 [d6dfcdd7-fc6e-4b51-b91e-b64503dadc5e@group-F967393F7C93-LeaderElection68] INFO  impl.RoleInfo (RoleInfo.java:updateAndGet(143)) - d6dfcdd7-fc6e-4b51-b91e-b64503dadc5e: start FollowerState
2019-10-17 21:54:49,046 [Thread-869] INFO  impl.FollowerState (FollowerState.java:run(108)) - d6dfcdd7-fc6e-4b51-b91e-b64503dadc5e@group-F967393F7C93-FollowerState: change to CANDIDATE, lastRpcTime:130ms, electionTimeout:130ms
2019-10-17 21:54:49,046 [Thread-869] INFO  impl.RoleInfo (RoleInfo.java:shutdownFollowerState(121)) - d6dfcdd7-fc6e-4b51-b91e-b64503dadc5e: shutdown FollowerState
2019-10-17 21:54:49,046 [Thread-869] INFO  impl.RaftServerImpl (RaftServerImpl.java:setRole(184)) - d6dfcdd7-fc6e-4b51-b91e-b64503dadc5e@group-F967393F7C93: changes role from  FOLLOWER to CANDIDATE at term 50 for changeToCandidate
2019-10-17 21:54:49,046 [Thread-869] INFO  impl.RoleInfo (RoleInfo.java:updateAndGet(143)) - d6dfcdd7-fc6e-4b51-b91e-b64503dadc5e: start LeaderElection
2019-10-17 21:54:49,061 [d6dfcdd7-fc6e-4b51-b91e-b64503dadc5e@group-F967393F7C93-LeaderElection69] INFO  impl.LeaderElection (LeaderElection.java:askForVotes(178)) - d6dfcdd7-fc6e-4b51-b91e-b64503dadc5e@group-F967393F7C93-LeaderElection69: begin an election at term 51 for -1: [08d4cbaa-ffed-4411-a5fd-c4a38026aead:192.168.157.223:33910, da15dfee-23f0-4dc4-ad77-c00156c49cfa:192.168.157.223:42172, d6dfcdd7-fc6e-4b51-b91e-b64503dadc5e:192.168.157.223:43575], old=null
2019-10-17 21:54:49,064 [grpc-default-executor-12] INFO  impl.RaftServerImpl (RaftServerImpl.java:setRole(184)) - 08d4cbaa-ffed-4411-a5fd-c4a38026aead@group-F967393F7C93: changes role from  FOLLOWER to FOLLOWER at term 51 for recognizeCandidate:d6dfcdd7-fc6e-4b51-b91e-b64503dadc5e
2019-10-17 21:54:49,064 [grpc-default-executor-12] INFO  impl.RoleInfo (RoleInfo.java:shutdownFollowerState(121)) - 08d4cbaa-ffed-4411-a5fd-c4a38026aead: shutdown FollowerState
2019-10-17 21:54:49,064 [grpc-default-executor-12] INFO  impl.RoleInfo (RoleInfo.java:updateAndGet(143)) - 08d4cbaa-ffed-4411-a5fd-c4a38026aead: start FollowerState
2019-10-17 21:54:49,064 [Thread-867] INFO  impl.FollowerState (FollowerState.java:run(117)) - 08d4cbaa-ffed-4411-a5fd-c4a38026aead@group-F967393F7C93-FollowerState was interrupted: java.lang.InterruptedException: sleep interrupted
2019-10-17 21:54:49,065 [grpc-default-executor-1] INFO  impl.RaftServerImpl (RaftServerImpl.java:setRole(184)) - da15dfee-23f0-4dc4-ad77-c00156c49cfa@group-F967393F7C93: changes role from  FOLLOWER to FOLLOWER at term 51 for recognizeCandidate:d6dfcdd7-fc6e-4b51-b91e-b64503dadc5e
2019-10-17 21:54:49,065 [grpc-default-executor-1] INFO  impl.RoleInfo (RoleInfo.java:shutdownFollowerState(121)) - da15dfee-23f0-4dc4-ad77-c00156c49cfa: shutdown FollowerState
2019-10-17 21:54:49,065 [grpc-default-executor-1] INFO  impl.RoleInfo (RoleInfo.java:updateAndGet(143)) - da15dfee-23f0-4dc4-ad77-c00156c49cfa: start FollowerState
2019-10-17 21:54:49,065 [Thread-868] INFO  impl.FollowerState (FollowerState.java:run(117)) - da15dfee-23f0-4dc4-ad77-c00156c49cfa@group-F967393F7C93-FollowerState was interrupted: java.lang.InterruptedException: sleep interrupted
2019-10-17 21:54:49,070 [d6dfcdd7-fc6e-4b51-b91e-b64503dadc5e@group-F967393F7C93-LeaderElection69] INFO  impl.LeaderElection (LeaderElection.java:logAndReturn(56)) - d6dfcdd7-fc6e-4b51-b91e-b64503dadc5e@group-F967393F7C93-LeaderElection69: Election TIMEOUT; received 0 response(s) [] and 0 exception(s); d6dfcdd7-fc6e-4b51-b91e-b64503dadc5e@group-F967393F7C93:t51, leader=null, voted=d6dfcdd7-fc6e-4b51-b91e-b64503dadc5e, raftlog=d6dfcdd7-fc6e-4b51-b91e-b64503dadc5e@group-F967393F7C93-SegmentedRaftLog:OPENED:c-1,f-1,i0, conf=-1: [08d4cbaa-ffed-4411-a5fd-c4a38026aead:192.168.157.223:33910, da15dfee-23f0-4dc4-ad77-c00156c49cfa:192.168.157.223:42172, d6dfcdd7-fc6e-4b51-b91e-b64503dadc5e:192.168.157.223:43575], old=null
2019-10-17 21:54:49,078 [d6dfcdd7-fc6e-4b51-b91e-b64503dadc5e@group-F967393F7C93-LeaderElection69] INFO  impl.LeaderElection (LeaderElection.java:askForVotes(178)) - d6dfcdd7-fc6e-4b51-b91e-b64503dadc5e@group-F967393F7C93-LeaderElection69: begin an election at term 52 for -1: [08d4cbaa-ffed-4411-a5fd-c4a38026aead:192.168.157.223:33910, da15dfee-23f0-4dc4-ad77-c00156c49cfa:192.168.157.223:42172, d6dfcdd7-fc6e-4b51-b91e-b64503dadc5e:192.168.157.223:43575], old=null
2019-10-17 21:54:49,080 [grpc-default-executor-1] INFO  impl.RaftServerImpl (RaftServerImpl.java:setRole(184)) - da15dfee-23f0-4dc4-ad77-c00156c49cfa@group-F967393F7C93: changes role from  FOLLOWER to FOLLOWER at term 52 for recognizeCandidate:d6dfcdd7-fc6e-4b51-b91e-b64503dadc5e
2019-10-17 21:54:49,080 [grpc-default-executor-12] INFO  impl.RaftServerImpl (RaftServerImpl.java:setRole(184)) - 08d4cbaa-ffed-4411-a5fd-c4a38026aead@group-F967393F7C93: changes role from  FOLLOWER to FOLLOWER at term 52 for recognizeCandidate:d6dfcdd7-fc6e-4b51-b91e-b64503dadc5e
2019-10-17 21:54:49,080 [grpc-default-executor-1] INFO  impl.RoleInfo (RoleInfo.java:shutdownFollowerState(121)) - da15dfee-23f0-4dc4-ad77-c00156c49cfa: shutdown FollowerState
2019-10-17 21:54:49,081 [grpc-default-executor-12] INFO  impl.RoleInfo (RoleInfo.java:shutdownFollowerState(121)) - 08d4cbaa-ffed-4411-a5fd-c4a38026aead: shutdown FollowerState
2019-10-17 21:54:49,081 [Thread-874] INFO  impl.FollowerState (FollowerState.java:run(117)) - da15dfee-23f0-4dc4-ad77-c00156c49cfa@group-F967393F7C93-FollowerState was interrupted: java.lang.InterruptedException: sleep interrupted
2019-10-17 21:54:49,081 [grpc-default-executor-1] INFO  impl.RoleInfo (RoleInfo.java:updateAndGet(143)) - da15dfee-23f0-4dc4-ad77-c00156c49cfa: start FollowerState
2019-10-17 21:54:49,081 [Thread-873] INFO  impl.FollowerState (FollowerState.java:run(117)) - 08d4cbaa-ffed-4411-a5fd-c4a38026aead@group-F967393F7C93-FollowerState was interrupted: java.lang.InterruptedException: sleep interrupted
2019-10-17 21:54:49,081 [grpc-default-executor-12] INFO  impl.RoleInfo (RoleInfo.java:updateAndGet(143)) - 08d4cbaa-ffed-4411-a5fd-c4a38026aead: start FollowerState
2019-10-17 21:54:49,093 [d6dfcdd7-fc6e-4b51-b91e-b64503dadc5e@group-F967393F7C93-LeaderElection69] INFO  impl.LeaderElection (LeaderElection.java:logAndReturn(56)) - d6dfcdd7-fc6e-4b51-b91e-b64503dadc5e@group-F967393F7C93-LeaderElection69: Election TIMEOUT; received 0 response(s) [] and 0 exception(s); d6dfcdd7-fc6e-4b51-b91e-b64503dadc5e@group-F967393F7C93:t52, leader=null, voted=d6dfcdd7-fc6e-4b51-b91e-b64503dadc5e, raftlog=d6dfcdd7-fc6e-4b51-b91e-b64503dadc5e@group-F967393F7C93-SegmentedRaftLog:OPENED:c-1,f-1,i0, conf=-1: [08d4cbaa-ffed-4411-a5fd-c4a38026aead:192.168.157.223:33910, da15dfee-23f0-4dc4-ad77-c00156c49cfa:192.168.157.223:42172, d6dfcdd7-fc6e-4b51-b91e-b64503dadc5e:192.168.157.223:43575], old=null
2019-10-17 21:54:49,102 [d6dfcdd7-fc6e-4b51-b91e-b64503dadc5e@group-F967393F7C93-LeaderElection69] INFO  impl.LeaderElection (LeaderElection.java:askForVotes(178)) - d6dfcdd7-fc6e-4b51-b91e-b64503dadc5e@group-F967393F7C93-LeaderElection69: begin an election at term 53 for -1: [08d4cbaa-ffed-4411-a5fd-c4a38026aead:192.168.157.223:33910, da15dfee-23f0-4dc4-ad77-c00156c49cfa:192.168.157.223:42172, d6dfcdd7-fc6e-4b51-b91e-b64503dadc5e:192.168.157.223:43575], old=null
2019-10-17 21:54:49,105 [grpc-default-executor-12] INFO  impl.RaftServerImpl (RaftServerImpl.java:setRole(184)) - 08d4cbaa-ffed-4411-a5fd-c4a38026aead@group-F967393F7C93: changes role from  FOLLOWER to FOLLOWER at term 53 for recognizeCandidate:d6dfcdd7-fc6e-4b51-b91e-b64503dadc5e
2019-10-17 21:54:49,105 [grpc-default-executor-12] INFO  impl.RoleInfo (RoleInfo.java:shutdownFollowerState(121)) - 08d4cbaa-ffed-4411-a5fd-c4a38026aead: shutdown FollowerState
2019-10-17 21:54:49,105 [grpc-default-executor-1] INFO  impl.RaftServerImpl (RaftServerImpl.java:setRole(184)) - da15dfee-23f0-4dc4-ad77-c00156c49cfa@group-F967393F7C93: changes role from  FOLLOWER to FOLLOWER at term 53 for recognizeCandidate:d6dfcdd7-fc6e-4b51-b91e-b64503dadc5e
2019-10-17 21:54:49,105 [Thread-878] INFO  impl.FollowerState (FollowerState.java:run(117)) - 08d4cbaa-ffed-4411-a5fd-c4a38026aead@group-F967393F7C93-FollowerState was interrupted: java.lang.InterruptedException: sleep interrupted
2019-10-17 21:54:49,105 [grpc-default-executor-12] INFO  impl.RoleInfo (RoleInfo.java:updateAndGet(143)) - 08d4cbaa-ffed-4411-a5fd-c4a38026aead: start FollowerState
2019-10-17 21:54:49,105 [grpc-default-executor-1] INFO  impl.RoleInfo (RoleInfo.java:shutdownFollowerState(121)) - da15dfee-23f0-4dc4-ad77-c00156c49cfa: shutdown FollowerState
2019-10-17 21:54:49,106 [grpc-default-executor-1] INFO  impl.RoleInfo (RoleInfo.java:updateAndGet(143)) - da15dfee-23f0-4dc4-ad77-c00156c49cfa: start FollowerState
2019-10-17 21:54:49,106 [Thread-877] INFO  impl.FollowerState (FollowerState.java:run(117)) - da15dfee-23f0-4dc4-ad77-c00156c49cfa@group-F967393F7C93-FollowerState was interrupted: java.lang.InterruptedException: sleep interrupted
2019-10-17 21:54:49,116 [d6dfcdd7-fc6e-4b51-b91e-b64503dadc5e@group-F967393F7C93-LeaderElection69] INFO  impl.LeaderElection (LeaderElection.java:logAndReturn(56)) - d6dfcdd7-fc6e-4b51-b91e-b64503dadc5e@group-F967393F7C93-LeaderElection69: Election REJECTED; received 2 response(s) [d6dfcdd7-fc6e-4b51-b91e-b64503dadc5e<-08d4cbaa-ffed-4411-a5fd-c4a38026aead#0:FAIL-t53, d6dfcdd7-fc6e-4b51-b91e-b64503dadc5e<-da15dfee-23f0-4dc4-ad77-c00156c49cfa#0:FAIL-t53] and 0 exception(s); d6dfcdd7-fc6e-4b51-b91e-b64503dadc5e@group-F967393F7C93:t53, leader=null, voted=d6dfcdd7-fc6e-4b51-b91e-b64503dadc5e, raftlog=d6dfcdd7-fc6e-4b51-b91e-b64503dadc5e@group-F967393F7C93-SegmentedRaftLog:OPENED:c-1,f-1,i0, conf=-1: [08d4cbaa-ffed-4411-a5fd-c4a38026aead:192.168.157.223:33910, da15dfee-23f0-4dc4-ad77-c00156c49cfa:192.168.157.223:42172, d6dfcdd7-fc6e-4b51-b91e-b64503dadc5e:192.168.157.223:43575], old=null
2019-10-17 21:54:49,116 [d6dfcdd7-fc6e-4b51-b91e-b64503dadc5e@group-F967393F7C93-LeaderElection69] INFO  impl.RaftServerImpl (RaftServerImpl.java:setRole(184)) - d6dfcdd7-fc6e-4b51-b91e-b64503dadc5e@group-F967393F7C93: changes role from CANDIDATE to FOLLOWER at term 53 for DISCOVERED_A_NEW_TERM
2019-10-17 21:54:49,116 [d6dfcdd7-fc6e-4b51-b91e-b64503dadc5e@group-F967393F7C93-LeaderElection69] INFO  impl.RoleInfo (RoleInfo.java:shutdownLeaderElection(134)) - d6dfcdd7-fc6e-4b51-b91e-b64503dadc5e: shutdown LeaderElection
2019-10-17 21:54:49,116 [d6dfcdd7-fc6e-4b51-b91e-b64503dadc5e@group-F967393F7C93-LeaderElection69] INFO  impl.RoleInfo (RoleInfo.java:updateAndGet(143)) - d6dfcdd7-fc6e-4b51-b91e-b64503dadc5e: start FollowerState
2019-10-17 21:54:49,294 [Thread-883] INFO  impl.FollowerState (FollowerState.java:run(108)) - d6dfcdd7-fc6e-4b51-b91e-b64503dadc5e@group-F967393F7C93-FollowerState: change to CANDIDATE, lastRpcTime:177ms, electionTimeout:177ms
2019-10-17 21:54:49,294 [Thread-883] INFO  impl.RoleInfo (RoleInfo.java:shutdownFollowerState(121)) - d6dfcdd7-fc6e-4b51-b91e-b64503dadc5e: shutdown FollowerState
2019-10-17 21:54:49,294 [Thread-883] INFO  impl.RaftServerImpl (RaftServerImpl.java:setRole(184)) - d6dfcdd7-fc6e-4b51-b91e-b64503dadc5e@group-F967393F7C93: changes role from  FOLLOWER to CANDIDATE at term 53 for changeToCandidate
2019-10-17 21:54:49,294 [Thread-883] INFO  impl.RoleInfo (RoleInfo.java:updateAndGet(143)) - d6dfcdd7-fc6e-4b51-b91e-b64503dadc5e: start LeaderElection
2019-10-17 21:54:49,308 [d6dfcdd7-fc6e-4b51-b91e-b64503dadc5e@group-F967393F7C93-LeaderElection70] INFO  impl.LeaderElection (LeaderElection.java:askForVotes(178)) - d6dfcdd7-fc6e-4b51-b91e-b64503dadc5e@group-F967393F7C93-LeaderElection70: begin an election at term 54 for -1: [08d4cbaa-ffed-4411-a5fd-c4a38026aead:192.168.157.223:33910, da15dfee-23f0-4dc4-ad77-c00156c49cfa:192.168.157.223:42172, d6dfcdd7-fc6e-4b51-b91e-b64503dadc5e:192.168.157.223:43575], old=null
2019-10-17 21:54:49,310 [grpc-default-executor-12] INFO  impl.RaftServerImpl (RaftServerImpl.java:setRole(184)) - 08d4cbaa-ffed-4411-a5fd-c4a38026aead@group-F967393F7C93: changes role from  FOLLOWER to FOLLOWER at term 54 for recognizeCandidate:d6dfcdd7-fc6e-4b51-b91e-b64503dadc5e
2019-10-17 21:54:49,310 [grpc-default-executor-12] INFO  impl.RoleInfo (RoleInfo.java:shutdownFollowerState(121)) - 08d4cbaa-ffed-4411-a5fd-c4a38026aead: shutdown FollowerState
2019-10-17 21:54:49,310 [grpc-default-executor-12] INFO  impl.RoleInfo (RoleInfo.java:updateAndGet(143)) - 08d4cbaa-ffed-4411-a5fd-c4a38026aead: start FollowerState
2019-10-17 21:54:49,310 [Thread-881] INFO  impl.FollowerState (FollowerState.java:run(117)) - 08d4cbaa-ffed-4411-a5fd-c4a38026aead@group-F967393F7C93-FollowerState was interrupted: java.lang.InterruptedException: sleep interrupted
2019-10-17 21:54:49,310 [grpc-default-executor-1] INFO  impl.RaftServerImpl (RaftServerImpl.java:setRole(184)) - da15dfee-23f0-4dc4-ad77-c00156c49cfa@group-F967393F7C93: changes role from  FOLLOWER to FOLLOWER at term 54 for recognizeCandidate:d6dfcdd7-fc6e-4b51-b91e-b64503dadc5e
2019-10-17 21:54:49,311 [grpc-default-executor-1] INFO  impl.RoleInfo (RoleInfo.java:shutdownFollowerState(121)) - da15dfee-23f0-4dc4-ad77-c00156c49cfa: shutdown FollowerState
2019-10-17 21:54:49,311 [grpc-default-executor-1] INFO  impl.RoleInfo (RoleInfo.java:updateAndGet(143)) - da15dfee-23f0-4dc4-ad77-c00156c49cfa: start FollowerState
2019-10-17 21:54:49,311 [Thread-882] INFO  impl.FollowerState (FollowerState.java:run(117)) - da15dfee-23f0-4dc4-ad77-c00156c49cfa@group-F967393F7C93-FollowerState was interrupted: java.lang.InterruptedException: sleep interrupted
2019-10-17 21:54:49,325 [d6dfcdd7-fc6e-4b51-b91e-b64503dadc5e@group-F967393F7C93-LeaderElection70] INFO  impl.LeaderElection (LeaderElection.java:logAndReturn(56)) - d6dfcdd7-fc6e-4b51-b91e-b64503dadc5e@group-F967393F7C93-LeaderElection70: Election REJECTED; received 2 response(s) [d6dfcdd7-fc6e-4b51-b91e-b64503dadc5e<-08d4cbaa-ffed-4411-a5fd-c4a38026aead#0:FAIL-t54, d6dfcdd7-fc6e-4b51-b91e-b64503dadc5e<-da15dfee-23f0-4dc4-ad77-c00156c49cfa#0:FAIL-t54] and 0 exception(s); d6dfcdd7-fc6e-4b51-b91e-b64503dadc5e@group-F967393F7C93:t54, leader=null, voted=d6dfcdd7-fc6e-4b51-b91e-b64503dadc5e, raftlog=d6dfcdd7-fc6e-4b51-b91e-b64503dadc5e@group-F967393F7C93-SegmentedRaftLog:OPENED:c-1,f-1,i0, conf=-1: [08d4cbaa-ffed-4411-a5fd-c4a38026aead:192.168.157.223:33910, da15dfee-23f0-4dc4-ad77-c00156c49cfa:192.168.157.223:42172, d6dfcdd7-fc6e-4b51-b91e-b64503dadc5e:192.168.157.223:43575], old=null
2019-10-17 21:54:49,325 [d6dfcdd7-fc6e-4b51-b91e-b64503dadc5e@group-F967393F7C93-LeaderElection70] INFO  impl.RaftServerImpl (RaftServerImpl.java:setRole(184)) - d6dfcdd7-fc6e-4b51-b91e-b64503dadc5e@group-F967393F7C93: changes role from CANDIDATE to FOLLOWER at term 54 for DISCOVERED_A_NEW_TERM
2019-10-17 21:54:49,325 [d6dfcdd7-fc6e-4b51-b91e-b64503dadc5e@group-F967393F7C93-LeaderElection70] INFO  impl.RoleInfo (RoleInfo.java:shutdownLeaderElection(134)) - d6dfcdd7-fc6e-4b51-b91e-b64503dadc5e: shutdown LeaderElection
2019-10-17 21:54:49,326 [d6dfcdd7-fc6e-4b51-b91e-b64503dadc5e@group-F967393F7C93-LeaderElection70] INFO  impl.RoleInfo (RoleInfo.java:updateAndGet(143)) - d6dfcdd7-fc6e-4b51-b91e-b64503dadc5e: start FollowerState
2019-10-17 21:54:49,386 [Thread-893] INFO  impl.FollowerState (FollowerState.java:run(108)) - d6dfcdd7-fc6e-4b51-b91e-b64503dadc5e@group-F967393F7C93-FollowerState: change to CANDIDATE, lastRpcTime:60ms, electionTimeout:60ms
2019-10-17 21:54:49,386 [Thread-893] INFO  impl.RoleInfo (RoleInfo.java:shutdownFollowerState(121)) - d6dfcdd7-fc6e-4b51-b91e-b64503dadc5e: shutdown FollowerState
2019-10-17 21:54:49,386 [Thread-893] INFO  impl.RaftServerImpl (RaftServerImpl.java:setRole(184)) - d6dfcdd7-fc6e-4b51-b91e-b64503dadc5e@group-F967393F7C93: changes role from  FOLLOWER to CANDIDATE at term 54 for changeToCandidate
2019-10-17 21:54:49,386 [Thread-893] INFO  impl.RoleInfo (RoleInfo.java:updateAndGet(143)) - d6dfcdd7-fc6e-4b51-b91e-b64503dadc5e: start LeaderElection
2019-10-17 21:54:49,400 [d6dfcdd7-fc6e-4b51-b91e-b64503dadc5e@group-F967393F7C93-LeaderElection71] INFO  impl.LeaderElection (LeaderElection.java:askForVotes(178)) - d6dfcdd7-fc6e-4b51-b91e-b64503dadc5e@group-F967393F7C93-LeaderElection71: begin an election at term 55 for -1: [08d4cbaa-ffed-4411-a5fd-c4a38026aead:192.168.157.223:33910, da15dfee-23f0-4dc4-ad77-c00156c49cfa:192.168.157.223:42172, d6dfcdd7-fc6e-4b51-b91e-b64503dadc5e:192.168.157.223:43575], old=null
2019-10-17 21:54:49,402 [grpc-default-executor-1] INFO  impl.RaftServerImpl (RaftServerImpl.java:setRole(184)) - 08d4cbaa-ffed-4411-a5fd-c4a38026aead@group-F967393F7C93: changes role from  FOLLOWER to FOLLOWER at term 55 for recognizeCandidate:d6dfcdd7-fc6e-4b51-b91e-b64503dadc5e
2019-10-17 21:54:49,402 [grpc-default-executor-1] INFO  impl.RoleInfo (RoleInfo.java:shutdownFollowerState(121)) - 08d4cbaa-ffed-4411-a5fd-c4a38026aead: shutdown FollowerState
2019-10-17 21:54:49,402 [grpc-default-executor-1] INFO  impl.RoleInfo (RoleInfo.java:updateAndGet(143)) - 08d4cbaa-ffed-4411-a5fd-c4a38026aead: start FollowerState
2019-10-17 21:54:49,403 [grpc-default-executor-12] INFO  impl.RaftServerImpl (RaftServerImpl.java:setRole(184)) - da15dfee-23f0-4dc4-ad77-c00156c49cfa@group-F967393F7C93: changes role from  FOLLOWER to FOLLOWER at term 55 for recognizeCandidate:d6dfcdd7-fc6e-4b51-b91e-b64503dadc5e
2019-10-17 21:54:49,403 [Thread-889] INFO  impl.FollowerState (FollowerState.java:run(117)) - 08d4cbaa-ffed-4411-a5fd-c4a38026aead@group-F967393F7C93-FollowerState was interrupted: java.lang.InterruptedException: sleep interrupted
2019-10-17 21:54:49,403 [grpc-default-executor-12] INFO  impl.RoleInfo (RoleInfo.java:shutdownFollowerState(121)) - da15dfee-23f0-4dc4-ad77-c00156c49cfa: shutdown FollowerState
2019-10-17 21:54:49,403 [grpc-default-executor-12] INFO  impl.RoleInfo (RoleInfo.java:updateAndGet(143)) - da15dfee-23f0-4dc4-ad77-c00156c49cfa: start FollowerState
2019-10-17 21:54:49,403 [Thread-890] INFO  impl.FollowerState (FollowerState.java:run(117)) - da15dfee-23f0-4dc4-ad77-c00156c49cfa@group-F967393F7C93-FollowerState was interrupted: java.lang.InterruptedException: sleep interrupted
2019-10-17 21:54:49,418 [d6dfcdd7-fc6e-4b51-b91e-b64503dadc5e@group-F967393F7C93-LeaderElection71] INFO  impl.LeaderElection (LeaderElection.java:logAndReturn(56)) - d6dfcdd7-fc6e-4b51-b91e-b64503dadc5e@group-F967393F7C93-LeaderElection71: Election REJECTED; received 2 response(s) [d6dfcdd7-fc6e-4b51-b91e-b64503dadc5e<-08d4cbaa-ffed-4411-a5fd-c4a38026aead#0:FAIL-t55, d6dfcdd7-fc6e-4b51-b91e-b64503dadc5e<-da15dfee-23f0-4dc4-ad77-c00156c49cfa#0:FAIL-t55] and 0 exception(s); d6dfcdd7-fc6e-4b51-b91e-b64503dadc5e@group-F967393F7C93:t55, leader=null, voted=d6dfcdd7-fc6e-4b51-b91e-b64503dadc5e, raftlog=d6dfcdd7-fc6e-4b51-b91e-b64503dadc5e@group-F967393F7C93-SegmentedRaftLog:OPENED:c-1,f-1,i0, conf=-1: [08d4cbaa-ffed-4411-a5fd-c4a38026aead:192.168.157.223:33910, da15dfee-23f0-4dc4-ad77-c00156c49cfa:192.168.157.223:42172, d6dfcdd7-fc6e-4b51-b91e-b64503dadc5e:192.168.157.223:43575], old=null
2019-10-17 21:54:49,418 [d6dfcdd7-fc6e-4b51-b91e-b64503dadc5e@group-F967393F7C93-LeaderElection71] INFO  impl.RaftServerImpl (RaftServerImpl.java:setRole(184)) - d6dfcdd7-fc6e-4b51-b91e-b64503dadc5e@group-F967393F7C93: changes role from CANDIDATE to FOLLOWER at term 55 for DISCOVERED_A_NEW_TERM
2019-10-17 21:54:49,418 [d6dfcdd7-fc6e-4b51-b91e-b64503dadc5e@group-F967393F7C93-LeaderElection71] INFO  impl.RoleInfo (RoleInfo.java:shutdownLeaderElection(134)) - d6dfcdd7-fc6e-4b51-b91e-b64503dadc5e: shutdown LeaderElection
2019-10-17 21:54:49,418 [d6dfcdd7-fc6e-4b51-b91e-b64503dadc5e@group-F967393F7C93-LeaderElection71] INFO  impl.RoleInfo (RoleInfo.java:updateAndGet(143)) - d6dfcdd7-fc6e-4b51-b91e-b64503dadc5e: start FollowerState
2019-10-17 21:54:49,580 [Thread-899] INFO  impl.FollowerState (FollowerState.java:run(108)) - d6dfcdd7-fc6e-4b51-b91e-b64503dadc5e@group-F967393F7C93-FollowerState: change to CANDIDATE, lastRpcTime:161ms, electionTimeout:161ms
2019-10-17 21:54:49,580 [Thread-899] INFO  impl.RoleInfo (RoleInfo.java:shutdownFollowerState(121)) - d6dfcdd7-fc6e-4b51-b91e-b64503dadc5e: shutdown FollowerState
2019-10-17 21:54:49,580 [Thread-899] INFO  impl.RaftServerImpl (RaftServerImpl.java:setRole(184)) - d6dfcdd7-fc6e-4b51-b91e-b64503dadc5e@group-F967393F7C93: changes role from  FOLLOWER to CANDIDATE at term 55 for changeToCandidate
2019-10-17 21:54:49,580 [Thread-899] INFO  impl.RoleInfo (RoleInfo.java:updateAndGet(143)) - d6dfcdd7-fc6e-4b51-b91e-b64503dadc5e: start LeaderElection
2019-10-17 21:54:49,594 [d6dfcdd7-fc6e-4b51-b91e-b64503dadc5e@group-F967393F7C93-LeaderElection72] INFO  impl.LeaderElection (LeaderElection.java:askForVotes(178)) - d6dfcdd7-fc6e-4b51-b91e-b64503dadc5e@group-F967393F7C93-LeaderElection72: begin an election at term 56 for -1: [08d4cbaa-ffed-4411-a5fd-c4a38026aead:192.168.157.223:33910, da15dfee-23f0-4dc4-ad77-c00156c49cfa:192.168.157.223:42172, d6dfcdd7-fc6e-4b51-b91e-b64503dadc5e:192.168.157.223:43575], old=null
2019-10-17 21:54:49,597 [grpc-default-executor-1] INFO  impl.RaftServerImpl (RaftServerImpl.java:setRole(184)) - da15dfee-23f0-4dc4-ad77-c00156c49cfa@group-F967393F7C93: changes role from  FOLLOWER to FOLLOWER at term 56 for recognizeCandidate:d6dfcdd7-fc6e-4b51-b91e-b64503dadc5e
2019-10-17 21:54:49,597 [grpc-default-executor-12] INFO  impl.RaftServerImpl (RaftServerImpl.java:setRole(184)) - 08d4cbaa-ffed-4411-a5fd-c4a38026aead@group-F967393F7C93: changes role from  FOLLOWER to FOLLOWER at term 56 for recognizeCandidate:d6dfcdd7-fc6e-4b51-b91e-b64503dadc5e
2019-10-17 21:54:49,597 [grpc-default-executor-12] INFO  impl.RoleInfo (RoleInfo.java:shutdownFollowerState(121)) - 08d4cbaa-ffed-4411-a5fd-c4a38026aead: shutdown FollowerState
2019-10-17 21:54:49,597 [grpc-default-executor-1] INFO  impl.RoleInfo (RoleInfo.java:shutdownFollowerState(121)) - da15dfee-23f0-4dc4-ad77-c00156c49cfa: shutdown FollowerState
2019-10-17 21:54:49,598 [Thread-897] INFO  impl.FollowerState (FollowerState.java:run(117)) - 08d4cbaa-ffed-4411-a5fd-c4a38026aead@group-F967393F7C93-FollowerState was interrupted: java.lang.InterruptedException: sleep interrupted
2019-10-17 21:54:49,598 [Thread-898] INFO  impl.FollowerState (FollowerState.java:run(117)) - da15dfee-23f0-4dc4-ad77-c00156c49cfa@group-F967393F7C93-FollowerState was interrupted: java.lang.InterruptedException: sleep interrupted
2019-10-17 21:54:49,598 [grpc-default-executor-12] INFO  impl.RoleInfo (RoleInfo.java:updateAndGet(143)) - 08d4cbaa-ffed-4411-a5fd-c4a38026aead: start FollowerState
2019-10-17 21:54:49,598 [grpc-default-executor-1] INFO  impl.RoleInfo (RoleInfo.java:updateAndGet(143)) - da15dfee-23f0-4dc4-ad77-c00156c49cfa: start FollowerState
2019-10-17 21:54:49,613 [d6dfcdd7-fc6e-4b51-b91e-b64503dadc5e@group-F967393F7C93-LeaderElection72] INFO  impl.LeaderElection (LeaderElection.java:logAndReturn(56)) - d6dfcdd7-fc6e-4b51-b91e-b64503dadc5e@group-F967393F7C93-LeaderElection72: Election REJECTED; received 2 response(s) [d6dfcdd7-fc6e-4b51-b91e-b64503dadc5e<-08d4cbaa-ffed-4411-a5fd-c4a38026aead#0:FAIL-t56, d6dfcdd7-fc6e-4b51-b91e-b64503dadc5e<-da15dfee-23f0-4dc4-ad77-c00156c49cfa#0:FAIL-t56] and 0 exception(s); d6dfcdd7-fc6e-4b51-b91e-b64503dadc5e@group-F967393F7C93:t56, leader=null, voted=d6dfcdd7-fc6e-4b51-b91e-b64503dadc5e, raftlog=d6dfcdd7-fc6e-4b51-b91e-b64503dadc5e@group-F967393F7C93-SegmentedRaftLog:OPENED:c-1,f-1,i0, conf=-1: [08d4cbaa-ffed-4411-a5fd-c4a38026aead:192.168.157.223:33910, da15dfee-23f0-4dc4-ad77-c00156c49cfa:192.168.157.223:42172, d6dfcdd7-fc6e-4b51-b91e-b64503dadc5e:192.168.157.223:43575], old=null
2019-10-17 21:54:49,613 [d6dfcdd7-fc6e-4b51-b91e-b64503dadc5e@group-F967393F7C93-LeaderElection72] INFO  impl.RaftServerImpl (RaftServerImpl.java:setRole(184)) - d6dfcdd7-fc6e-4b51-b91e-b64503dadc5e@group-F967393F7C93: changes role from CANDIDATE to FOLLOWER at term 56 for DISCOVERED_A_NEW_TERM
2019-10-17 21:54:49,614 [d6dfcdd7-fc6e-4b51-b91e-b64503dadc5e@group-F967393F7C93-LeaderElection72] INFO  impl.RoleInfo (RoleInfo.java:shutdownLeaderElection(134)) - d6dfcdd7-fc6e-4b51-b91e-b64503dadc5e: shutdown LeaderElection
2019-10-17 21:54:49,614 [d6dfcdd7-fc6e-4b51-b91e-b64503dadc5e@group-F967393F7C93-LeaderElection72] INFO  impl.RoleInfo (RoleInfo.java:updateAndGet(143)) - d6dfcdd7-fc6e-4b51-b91e-b64503dadc5e: start FollowerState
2019-10-17 21:54:49,766 [Thread-905] INFO  impl.FollowerState (FollowerState.java:run(108)) - d6dfcdd7-fc6e-4b51-b91e-b64503dadc5e@group-F967393F7C93-FollowerState: change to CANDIDATE, lastRpcTime:152ms, electionTimeout:152ms
2019-10-17 21:54:49,766 [Thread-905] INFO  impl.RoleInfo (RoleInfo.java:shutdownFollowerState(121)) - d6dfcdd7-fc6e-4b51-b91e-b64503dadc5e: shutdown FollowerState
2019-10-17 21:54:49,767 [Thread-905] INFO  impl.RaftServerImpl (RaftServerImpl.java:setRole(184)) - d6dfcdd7-fc6e-4b51-b91e-b64503dadc5e@group-F967393F7C93: changes role from  FOLLOWER to CANDIDATE at term 56 for changeToCandidate
2019-10-17 21:54:49,767 [Thread-905] INFO  impl.RoleInfo (RoleInfo.java:updateAndGet(143)) - d6dfcdd7-fc6e-4b51-b91e-b64503dadc5e: start LeaderElection
2019-10-17 21:54:49,781 [d6dfcdd7-fc6e-4b51-b91e-b64503dadc5e@group-F967393F7C93-LeaderElection73] INFO  impl.LeaderElection (LeaderElection.java:askForVotes(178)) - d6dfcdd7-fc6e-4b51-b91e-b64503dadc5e@group-F967393F7C93-LeaderElection73: begin an election at term 57 for -1: [08d4cbaa-ffed-4411-a5fd-c4a38026aead:192.168.157.223:33910, da15dfee-23f0-4dc4-ad77-c00156c49cfa:192.168.157.223:42172, d6dfcdd7-fc6e-4b51-b91e-b64503dadc5e:192.168.157.223:43575], old=null
2019-10-17 21:54:49,784 [grpc-default-executor-12] INFO  impl.RaftServerImpl (RaftServerImpl.java:setRole(184)) - da15dfee-23f0-4dc4-ad77-c00156c49cfa@group-F967393F7C93: changes role from  FOLLOWER to FOLLOWER at term 57 for recognizeCandidate:d6dfcdd7-fc6e-4b51-b91e-b64503dadc5e
2019-10-17 21:54:49,784 [grpc-default-executor-1] INFO  impl.RaftServerImpl (RaftServerImpl.java:setRole(184)) - 08d4cbaa-ffed-4411-a5fd-c4a38026aead@group-F967393F7C93: changes role from  FOLLOWER to FOLLOWER at term 57 for recognizeCandidate:d6dfcdd7-fc6e-4b51-b91e-b64503dadc5e
2019-10-17 21:54:49,784 [grpc-default-executor-12] INFO  impl.RoleInfo (RoleInfo.java:shutdownFollowerState(121)) - da15dfee-23f0-4dc4-ad77-c00156c49cfa: shutdown FollowerState
2019-10-17 21:54:49,784 [grpc-default-executor-1] INFO  impl.RoleInfo (RoleInfo.java:shutdownFollowerState(121)) - 08d4cbaa-ffed-4411-a5fd-c4a38026aead: shutdown FollowerState
2019-10-17 21:54:49,784 [grpc-default-executor-12] INFO  impl.RoleInfo (RoleInfo.java:updateAndGet(143)) - da15dfee-23f0-4dc4-ad77-c00156c49cfa: start FollowerState
2019-10-17 21:54:49,785 [grpc-default-executor-1] INFO  impl.RoleInfo (RoleInfo.java:updateAndGet(143)) - 08d4cbaa-ffed-4411-a5fd-c4a38026aead: start FollowerState
2019-10-17 21:54:49,784 [Thread-904] INFO  impl.FollowerState (FollowerState.java:run(117)) - da15dfee-23f0-4dc4-ad77-c00156c49cfa@group-F967393F7C93-FollowerState was interrupted: java.lang.InterruptedException: sleep interrupted
2019-10-17 21:54:49,785 [Thread-903] INFO  impl.FollowerState (FollowerState.java:run(117)) - 08d4cbaa-ffed-4411-a5fd-c4a38026aead@group-F967393F7C93-FollowerState was interrupted: java.lang.InterruptedException: sleep interrupted
2019-10-17 21:54:49,799 [d6dfcdd7-fc6e-4b51-b91e-b64503dadc5e@group-F967393F7C93-LeaderElection73] INFO  impl.LeaderElection (LeaderElection.java:logAndReturn(56)) - d6dfcdd7-fc6e-4b51-b91e-b64503dadc5e@group-F967393F7C93-LeaderElection73: Election REJECTED; received 2 response(s) [d6dfcdd7-fc6e-4b51-b91e-b64503dadc5e<-08d4cbaa-ffed-4411-a5fd-c4a38026aead#0:FAIL-t57, d6dfcdd7-fc6e-4b51-b91e-b64503dadc5e<-da15dfee-23f0-4dc4-ad77-c00156c49cfa#0:FAIL-t57] and 0 exception(s); d6dfcdd7-fc6e-4b51-b91e-b64503dadc5e@group-F967393F7C93:t57, leader=null, voted=d6dfcdd7-fc6e-4b51-b91e-b64503dadc5e, raftlog=d6dfcdd7-fc6e-4b51-b91e-b64503dadc5e@group-F967393F7C93-SegmentedRaftLog:OPENED:c-1,f-1,i0, conf=-1: [08d4cbaa-ffed-4411-a5fd-c4a38026aead:192.168.157.223:33910, da15dfee-23f0-4dc4-ad77-c00156c49cfa:192.168.157.223:42172, d6dfcdd7-fc6e-4b51-b91e-b64503dadc5e:192.168.157.223:43575], old=null
2019-10-17 21:54:49,799 [d6dfcdd7-fc6e-4b51-b91e-b64503dadc5e@group-F967393F7C93-LeaderElection73] INFO  impl.RaftServerImpl (RaftServerImpl.java:setRole(184)) - d6dfcdd7-fc6e-4b51-b91e-b64503dadc5e@group-F967393F7C93: changes role from CANDIDATE to FOLLOWER at term 57 for DISCOVERED_A_NEW_TERM
2019-10-17 21:54:49,800 [d6dfcdd7-fc6e-4b51-b91e-b64503dadc5e@group-F967393F7C93-LeaderElection73] INFO  impl.RoleInfo (RoleInfo.java:shutdownLeaderElection(134)) - d6dfcdd7-fc6e-4b51-b91e-b64503dadc5e: shutdown LeaderElection
2019-10-17 21:54:49,800 [d6dfcdd7-fc6e-4b51-b91e-b64503dadc5e@group-F967393F7C93-LeaderElection73] INFO  impl.RoleInfo (RoleInfo.java:updateAndGet(143)) - d6dfcdd7-fc6e-4b51-b91e-b64503dadc5e: start FollowerState
2019-10-17 21:54:49,881 [Thread-911] INFO  impl.FollowerState (FollowerState.java:run(108)) - d6dfcdd7-fc6e-4b51-b91e-b64503dadc5e@group-F967393F7C93-FollowerState: change to CANDIDATE, lastRpcTime:81ms, electionTimeout:81ms
2019-10-17 21:54:49,881 [Thread-911] INFO  impl.RoleInfo (RoleInfo.java:shutdownFollowerState(121)) - d6dfcdd7-fc6e-4b51-b91e-b64503dadc5e: shutdown FollowerState
2019-10-17 21:54:49,881 [Thread-911] INFO  impl.RaftServerImpl (RaftServerImpl.java:setRole(184)) - d6dfcdd7-fc6e-4b51-b91e-b64503dadc5e@group-F967393F7C93: changes role from  FOLLOWER to CANDIDATE at term 57 for changeToCandidate
2019-10-17 21:54:49,881 [Thread-911] INFO  impl.RoleInfo (RoleInfo.java:updateAndGet(143)) - d6dfcdd7-fc6e-4b51-b91e-b64503dadc5e: start LeaderElection
2019-10-17 21:54:49,895 [d6dfcdd7-fc6e-4b51-b91e-b64503dadc5e@group-F967393F7C93-LeaderElection74] INFO  impl.LeaderElection (LeaderElection.java:askForVotes(178)) - d6dfcdd7-fc6e-4b51-b91e-b64503dadc5e@group-F967393F7C93-LeaderElection74: begin an election at term 58 for -1: [08d4cbaa-ffed-4411-a5fd-c4a38026aead:192.168.157.223:33910, da15dfee-23f0-4dc4-ad77-c00156c49cfa:192.168.157.223:42172, d6dfcdd7-fc6e-4b51-b91e-b64503dadc5e:192.168.157.223:43575], old=null
2019-10-17 21:54:49,898 [grpc-default-executor-12] INFO  impl.RaftServerImpl (RaftServerImpl.java:setRole(184)) - da15dfee-23f0-4dc4-ad77-c00156c49cfa@group-F967393F7C93: changes role from  FOLLOWER to FOLLOWER at term 58 for recognizeCandidate:d6dfcdd7-fc6e-4b51-b91e-b64503dadc5e
2019-10-17 21:54:49,898 [grpc-default-executor-1] INFO  impl.RaftServerImpl (RaftServerImpl.java:setRole(184)) - 08d4cbaa-ffed-4411-a5fd-c4a38026aead@group-F967393F7C93: changes role from  FOLLOWER to FOLLOWER at term 58 for recognizeCandidate:d6dfcdd7-fc6e-4b51-b91e-b64503dadc5e
2019-10-17 21:54:49,898 [grpc-default-executor-12] INFO  impl.RoleInfo (RoleInfo.java:shutdownFollowerState(121)) - da15dfee-23f0-4dc4-ad77-c00156c49cfa: shutdown FollowerState
2019-10-17 21:54:49,898 [grpc-default-executor-1] INFO  impl.RoleInfo (RoleInfo.java:shutdownFollowerState(121)) - 08d4cbaa-ffed-4411-a5fd-c4a38026aead: shutdown FollowerState
2019-10-17 21:54:49,898 [Thread-909] INFO  impl.FollowerState (FollowerState.java:run(117)) - da15dfee-23f0-4dc4-ad77-c00156c49cfa@group-F967393F7C93-FollowerState was interrupted: java.lang.InterruptedException: sleep interrupted
2019-10-17 21:54:49,898 [grpc-default-executor-12] INFO  impl.RoleInfo (RoleInfo.java:updateAndGet(143)) - da15dfee-23f0-4dc4-ad77-c00156c49cfa: start FollowerState
2019-10-17 21:54:49,898 [Thread-910] INFO  impl.FollowerState (FollowerState.java:run(117)) - 08d4cbaa-ffed-4411-a5fd-c4a38026aead@group-F967393F7C93-FollowerState was interrupted: java.lang.InterruptedException: sleep interrupted
2019-10-17 21:54:49,898 [grpc-default-executor-1] INFO  impl.RoleInfo (RoleInfo.java:updateAndGet(143)) - 08d4cbaa-ffed-4411-a5fd-c4a38026aead: start FollowerState
2019-10-17 21:54:49,913 [d6dfcdd7-fc6e-4b51-b91e-b64503dadc5e@group-F967393F7C93-LeaderElection74] INFO  impl.LeaderElection (LeaderElection.java:logAndReturn(56)) - d6dfcdd7-fc6e-4b51-b91e-b64503dadc5e@group-F967393F7C93-LeaderElection74: Election REJECTED; received 2 response(s) [d6dfcdd7-fc6e-4b51-b91e-b64503dadc5e<-08d4cbaa-ffed-4411-a5fd-c4a38026aead#0:FAIL-t58, d6dfcdd7-fc6e-4b51-b91e-b64503dadc5e<-da15dfee-23f0-4dc4-ad77-c00156c49cfa#0:FAIL-t58] and 0 exception(s); d6dfcdd7-fc6e-4b51-b91e-b64503dadc5e@group-F967393F7C93:t58, leader=null, voted=d6dfcdd7-fc6e-4b51-b91e-b64503dadc5e, raftlog=d6dfcdd7-fc6e-4b51-b91e-b64503dadc5e@group-F967393F7C93-SegmentedRaftLog:OPENED:c-1,f-1,i0, conf=-1: [08d4cbaa-ffed-4411-a5fd-c4a38026aead:192.168.157.223:33910, da15dfee-23f0-4dc4-ad77-c00156c49cfa:192.168.157.223:42172, d6dfcdd7-fc6e-4b51-b91e-b64503dadc5e:192.168.157.223:43575], old=null
2019-10-17 21:54:49,913 [d6dfcdd7-fc6e-4b51-b91e-b64503dadc5e@group-F967393F7C93-LeaderElection74] INFO  impl.RaftServerImpl (RaftServerImpl.java:setRole(184)) - d6dfcdd7-fc6e-4b51-b91e-b64503dadc5e@group-F967393F7C93: changes role from CANDIDATE to FOLLOWER at term 58 for DISCOVERED_A_NEW_TERM
2019-10-17 21:54:49,914 [d6dfcdd7-fc6e-4b51-b91e-b64503dadc5e@group-F967393F7C93-LeaderElection74] INFO  impl.RoleInfo (RoleInfo.java:shutdownLeaderElection(134)) - d6dfcdd7-fc6e-4b51-b91e-b64503dadc5e: shutdown LeaderElection
2019-10-17 21:54:49,914 [d6dfcdd7-fc6e-4b51-b91e-b64503dadc5e@group-F967393F7C93-LeaderElection74] INFO  impl.RoleInfo (RoleInfo.java:updateAndGet(143)) - d6dfcdd7-fc6e-4b51-b91e-b64503dadc5e: start FollowerState
2019-10-17 21:54:50,086 [Thread-923] INFO  impl.FollowerState (FollowerState.java:run(108)) - d6dfcdd7-fc6e-4b51-b91e-b64503dadc5e@group-F967393F7C93-FollowerState: change to CANDIDATE, lastRpcTime:172ms, electionTimeout:172ms
2019-10-17 21:54:50,086 [Thread-923] INFO  impl.RoleInfo (RoleInfo.java:shutdownFollowerState(121)) - d6dfcdd7-fc6e-4b51-b91e-b64503dadc5e: shutdown FollowerState
2019-10-17 21:54:50,086 [Thread-923] INFO  impl.RaftServerImpl (RaftServerImpl.java:setRole(184)) - d6dfcdd7-fc6e-4b51-b91e-b64503dadc5e@group-F967393F7C93: changes role from  FOLLOWER to CANDIDATE at term 58 for changeToCandidate
2019-10-17 21:54:50,087 [Thread-923] INFO  impl.RoleInfo (RoleInfo.java:updateAndGet(143)) - d6dfcdd7-fc6e-4b51-b91e-b64503dadc5e: start LeaderElection
2019-10-17 21:54:50,101 [d6dfcdd7-fc6e-4b51-b91e-b64503dadc5e@group-F967393F7C93-LeaderElection75] INFO  impl.LeaderElection (LeaderElection.java:askForVotes(178)) - d6dfcdd7-fc6e-4b51-b91e-b64503dadc5e@group-F967393F7C93-LeaderElection75: begin an election at term 59 for -1: [08d4cbaa-ffed-4411-a5fd-c4a38026aead:192.168.157.223:33910, da15dfee-23f0-4dc4-ad77-c00156c49cfa:192.168.157.223:42172, d6dfcdd7-fc6e-4b51-b91e-b64503dadc5e:192.168.157.223:43575], old=null
2019-10-17 21:54:50,104 [grpc-default-executor-12] INFO  impl.RaftServerImpl (RaftServerImpl.java:setRole(184)) - da15dfee-23f0-4dc4-ad77-c00156c49cfa@group-F967393F7C93: changes role from  FOLLOWER to FOLLOWER at term 59 for recognizeCandidate:d6dfcdd7-fc6e-4b51-b91e-b64503dadc5e
2019-10-17 21:54:50,104 [grpc-default-executor-1] INFO  impl.RaftServerImpl (RaftServerImpl.java:setRole(184)) - 08d4cbaa-ffed-4411-a5fd-c4a38026aead@group-F967393F7C93: changes role from  FOLLOWER to FOLLOWER at term 59 for recognizeCandidate:d6dfcdd7-fc6e-4b51-b91e-b64503dadc5e
2019-10-17 21:54:50,104 [grpc-default-executor-12] INFO  impl.RoleInfo (RoleInfo.java:shutdownFollowerState(121)) - da15dfee-23f0-4dc4-ad77-c00156c49cfa: shutdown FollowerState
2019-10-17 21:54:50,104 [grpc-default-executor-1] INFO  impl.RoleInfo (RoleInfo.java:shutdownFollowerState(121)) - 08d4cbaa-ffed-4411-a5fd-c4a38026aead: shutdown FollowerState
2019-10-17 21:54:50,105 [Thread-921] INFO  impl.FollowerState (FollowerState.java:run(117)) - da15dfee-23f0-4dc4-ad77-c00156c49cfa@group-F967393F7C93-FollowerState was interrupted: java.lang.InterruptedException: sleep interrupted
2019-10-17 21:54:50,105 [Thread-922] INFO  impl.FollowerState (FollowerState.java:run(117)) - 08d4cbaa-ffed-4411-a5fd-c4a38026aead@group-F967393F7C93-FollowerState was interrupted: java.lang.InterruptedException: sleep interrupted
2019-10-17 21:54:50,105 [grpc-default-executor-12] INFO  impl.RoleInfo (RoleInfo.java:updateAndGet(143)) - da15dfee-23f0-4dc4-ad77-c00156c49cfa: start FollowerState
2019-10-17 21:54:50,105 [grpc-default-executor-1] INFO  impl.RoleInfo (RoleInfo.java:updateAndGet(143)) - 08d4cbaa-ffed-4411-a5fd-c4a38026aead: start FollowerState
2019-10-17 21:54:50,120 [d6dfcdd7-fc6e-4b51-b91e-b64503dadc5e@group-F967393F7C93-LeaderElection75] INFO  impl.LeaderElection (LeaderElection.java:logAndReturn(56)) - d6dfcdd7-fc6e-4b51-b91e-b64503dadc5e@group-F967393F7C93-LeaderElection75: Election REJECTED; received 2 response(s) [d6dfcdd7-fc6e-4b51-b91e-b64503dadc5e<-08d4cbaa-ffed-4411-a5fd-c4a38026aead#0:FAIL-t59, d6dfcdd7-fc6e-4b51-b91e-b64503dadc5e<-da15dfee-23f0-4dc4-ad77-c00156c49cfa#0:FAIL-t59] and 0 exception(s); d6dfcdd7-fc6e-4b51-b91e-b64503dadc5e@group-F967393F7C93:t59, leader=null, voted=d6dfcdd7-fc6e-4b51-b91e-b64503dadc5e, raftlog=d6dfcdd7-fc6e-4b51-b91e-b64503dadc5e@group-F967393F7C93-SegmentedRaftLog:OPENED:c-1,f-1,i0, conf=-1: [08d4cbaa-ffed-4411-a5fd-c4a38026aead:192.168.157.223:33910, da15dfee-23f0-4dc4-ad77-c00156c49cfa:192.168.157.223:42172, d6dfcdd7-fc6e-4b51-b91e-b64503dadc5e:192.168.157.223:43575], old=null
2019-10-17 21:54:50,121 [d6dfcdd7-fc6e-4b51-b91e-b64503dadc5e@group-F967393F7C93-LeaderElection75] INFO  impl.RaftServerImpl (RaftServerImpl.java:setRole(184)) - d6dfcdd7-fc6e-4b51-b91e-b64503dadc5e@group-F967393F7C93: changes role from CANDIDATE to FOLLOWER at term 59 for DISCOVERED_A_NEW_TERM
2019-10-17 21:54:50,121 [d6dfcdd7-fc6e-4b51-b91e-b64503dadc5e@group-F967393F7C93-LeaderElection75] INFO  impl.RoleInfo (RoleInfo.java:shutdownLeaderElection(134)) - d6dfcdd7-fc6e-4b51-b91e-b64503dadc5e: shutdown LeaderElection
2019-10-17 21:54:50,121 [d6dfcdd7-fc6e-4b51-b91e-b64503dadc5e@group-F967393F7C93-LeaderElection75] INFO  impl.RoleInfo (RoleInfo.java:updateAndGet(143)) - d6dfcdd7-fc6e-4b51-b91e-b64503dadc5e: start FollowerState
2019-10-17 21:54:50,272 [Thread-929] INFO  impl.FollowerState (FollowerState.java:run(108)) - d6dfcdd7-fc6e-4b51-b91e-b64503dadc5e@group-F967393F7C93-FollowerState: change to CANDIDATE, lastRpcTime:151ms, electionTimeout:151ms
2019-10-17 21:54:50,272 [Thread-929] INFO  impl.RoleInfo (RoleInfo.java:shutdownFollowerState(121)) - d6dfcdd7-fc6e-4b51-b91e-b64503dadc5e: shutdown FollowerState
2019-10-17 21:54:50,273 [Thread-929] INFO  impl.RaftServerImpl (RaftServerImpl.java:setRole(184)) - d6dfcdd7-fc6e-4b51-b91e-b64503dadc5e@group-F967393F7C93: changes role from  FOLLOWER to CANDIDATE at term 59 for changeToCandidate
2019-10-17 21:54:50,273 [Thread-929] INFO  impl.RoleInfo (RoleInfo.java:updateAndGet(143)) - d6dfcdd7-fc6e-4b51-b91e-b64503dadc5e: start LeaderElection
2019-10-17 21:54:50,303 [d6dfcdd7-fc6e-4b51-b91e-b64503dadc5e@group-F967393F7C93-LeaderElection76] INFO  impl.LeaderElection (LeaderElection.java:askForVotes(178)) - d6dfcdd7-fc6e-4b51-b91e-b64503dadc5e@group-F967393F7C93-LeaderElection76: begin an election at term 60 for -1: [08d4cbaa-ffed-4411-a5fd-c4a38026aead:192.168.157.223:33910, da15dfee-23f0-4dc4-ad77-c00156c49cfa:192.168.157.223:42172, d6dfcdd7-fc6e-4b51-b91e-b64503dadc5e:192.168.157.223:43575], old=null
2019-10-17 21:54:50,305 [grpc-default-executor-12] INFO  impl.RaftServerImpl (RaftServerImpl.java:setRole(184)) - 08d4cbaa-ffed-4411-a5fd-c4a38026aead@group-F967393F7C93: changes role from  FOLLOWER to FOLLOWER at term 60 for recognizeCandidate:d6dfcdd7-fc6e-4b51-b91e-b64503dadc5e
2019-10-17 21:54:50,305 [grpc-default-executor-12] INFO  impl.RoleInfo (RoleInfo.java:shutdownFollowerState(121)) - 08d4cbaa-ffed-4411-a5fd-c4a38026aead: shutdown FollowerState
2019-10-17 21:54:50,305 [grpc-default-executor-1] INFO  impl.RaftServerImpl (RaftServerImpl.java:setRole(184)) - da15dfee-23f0-4dc4-ad77-c00156c49cfa@group-F967393F7C93: changes role from  FOLLOWER to FOLLOWER at term 60 for recognizeCandidate:d6dfcdd7-fc6e-4b51-b91e-b64503dadc5e
2019-10-17 21:54:50,305 [Thread-928] INFO  impl.FollowerState (FollowerState.java:run(117)) - 08d4cbaa-ffed-4411-a5fd-c4a38026aead@group-F967393F7C93-FollowerState was interrupted: java.lang.InterruptedException: sleep interrupted
2019-10-17 21:54:50,305 [grpc-default-executor-12] INFO  impl.RoleInfo (RoleInfo.java:updateAndGet(143)) - 08d4cbaa-ffed-4411-a5fd-c4a38026aead: start FollowerState
2019-10-17 21:54:50,305 [grpc-default-executor-1] INFO  impl.RoleInfo (RoleInfo.java:shutdownFollowerState(121)) - da15dfee-23f0-4dc4-ad77-c00156c49cfa: shutdown FollowerState
2019-10-17 21:54:50,308 [grpc-default-executor-1] INFO  impl.RoleInfo (RoleInfo.java:updateAndGet(143)) - da15dfee-23f0-4dc4-ad77-c00156c49cfa: start FollowerState
2019-10-17 21:54:50,308 [Thread-927] INFO  impl.FollowerState (FollowerState.java:run(117)) - da15dfee-23f0-4dc4-ad77-c00156c49cfa@group-F967393F7C93-FollowerState was interrupted: java.lang.InterruptedException: sleep interrupted
2019-10-17 21:54:50,317 [d6dfcdd7-fc6e-4b51-b91e-b64503dadc5e@group-F967393F7C93-LeaderElection76] INFO  impl.LeaderElection (LeaderElection.java:logAndReturn(56)) - d6dfcdd7-fc6e-4b51-b91e-b64503dadc5e@group-F967393F7C93-LeaderElection76: Election REJECTED; received 2 response(s) [d6dfcdd7-fc6e-4b51-b91e-b64503dadc5e<-08d4cbaa-ffed-4411-a5fd-c4a38026aead#0:FAIL-t60, d6dfcdd7-fc6e-4b51-b91e-b64503dadc5e<-da15dfee-23f0-4dc4-ad77-c00156c49cfa#0:FAIL-t60] and 0 exception(s); d6dfcdd7-fc6e-4b51-b91e-b64503dadc5e@group-F967393F7C93:t60, leader=null, voted=d6dfcdd7-fc6e-4b51-b91e-b64503dadc5e, raftlog=d6dfcdd7-fc6e-4b51-b91e-b64503dadc5e@group-F967393F7C93-SegmentedRaftLog:OPENED:c-1,f-1,i0, conf=-1: [08d4cbaa-ffed-4411-a5fd-c4a38026aead:192.168.157.223:33910, da15dfee-23f0-4dc4-ad77-c00156c49cfa:192.168.157.223:42172, d6dfcdd7-fc6e-4b51-b91e-b64503dadc5e:192.168.157.223:43575], old=null
2019-10-17 21:54:50,318 [d6dfcdd7-fc6e-4b51-b91e-b64503dadc5e@group-F967393F7C93-LeaderElection76] INFO  impl.RaftServerImpl (RaftServerImpl.java:setRole(184)) - d6dfcdd7-fc6e-4b51-b91e-b64503dadc5e@group-F967393F7C93: changes role from CANDIDATE to FOLLOWER at term 60 for DISCOVERED_A_NEW_TERM
2019-10-17 21:54:50,318 [d6dfcdd7-fc6e-4b51-b91e-b64503dadc5e@group-F967393F7C93-LeaderElection76] INFO  impl.RoleInfo (RoleInfo.java:shutdownLeaderElection(134)) - d6dfcdd7-fc6e-4b51-b91e-b64503dadc5e: shutdown LeaderElection
2019-10-17 21:54:50,318 [d6dfcdd7-fc6e-4b51-b91e-b64503dadc5e@group-F967393F7C93-LeaderElection76] INFO  impl.RoleInfo (RoleInfo.java:updateAndGet(143)) - d6dfcdd7-fc6e-4b51-b91e-b64503dadc5e: start FollowerState
2019-10-17 21:54:50,341 [Thread-937] INFO  impl.FollowerState (FollowerState.java:run(108)) - d6dfcdd7-fc6e-4b51-b91e-b64503dadc5e@group-F967393F7C93-FollowerState: change to CANDIDATE, lastRpcTime:23ms, electionTimeout:23ms
2019-10-17 21:54:50,342 [Thread-937] INFO  impl.RoleInfo (RoleInfo.java:shutdownFollowerState(121)) - d6dfcdd7-fc6e-4b51-b91e-b64503dadc5e: shutdown FollowerState
2019-10-17 21:54:50,342 [Thread-937] INFO  impl.RaftServerImpl (RaftServerImpl.java:setRole(184)) - d6dfcdd7-fc6e-4b51-b91e-b64503dadc5e@group-F967393F7C93: changes role from  FOLLOWER to CANDIDATE at term 60 for changeToCandidate
2019-10-17 21:54:50,342 [Thread-937] INFO  impl.RoleInfo (RoleInfo.java:updateAndGet(143)) - d6dfcdd7-fc6e-4b51-b91e-b64503dadc5e: start LeaderElection
2019-10-17 21:54:50,355 [d6dfcdd7-fc6e-4b51-b91e-b64503dadc5e@group-F967393F7C93-LeaderElection77] INFO  impl.LeaderElection (LeaderElection.java:askForVotes(178)) - d6dfcdd7-fc6e-4b51-b91e-b64503dadc5e@group-F967393F7C93-LeaderElection77: begin an election at term 61 for -1: [08d4cbaa-ffed-4411-a5fd-c4a38026aead:192.168.157.223:33910, da15dfee-23f0-4dc4-ad77-c00156c49cfa:192.168.157.223:42172, d6dfcdd7-fc6e-4b51-b91e-b64503dadc5e:192.168.157.223:43575], old=null
2019-10-17 21:54:50,358 [grpc-default-executor-1] INFO  impl.RaftServerImpl (RaftServerImpl.java:setRole(184)) - 08d4cbaa-ffed-4411-a5fd-c4a38026aead@group-F967393F7C93: changes role from  FOLLOWER to FOLLOWER at term 61 for recognizeCandidate:d6dfcdd7-fc6e-4b51-b91e-b64503dadc5e
2019-10-17 21:54:50,358 [grpc-default-executor-1] INFO  impl.RoleInfo (RoleInfo.java:shutdownFollowerState(121)) - 08d4cbaa-ffed-4411-a5fd-c4a38026aead: shutdown FollowerState
2019-10-17 21:54:50,358 [grpc-default-executor-1] INFO  impl.RoleInfo (RoleInfo.java:updateAndGet(143)) - 08d4cbaa-ffed-4411-a5fd-c4a38026aead: start FollowerState
2019-10-17 21:54:50,358 [grpc-default-executor-12] INFO  impl.RaftServerImpl (RaftServerImpl.java:setRole(184)) - da15dfee-23f0-4dc4-ad77-c00156c49cfa@group-F967393F7C93: changes role from  FOLLOWER to FOLLOWER at term 61 for recognizeCandidate:d6dfcdd7-fc6e-4b51-b91e-b64503dadc5e
2019-10-17 21:54:50,358 [grpc-default-executor-12] INFO  impl.RoleInfo (RoleInfo.java:shutdownFollowerState(121)) - da15dfee-23f0-4dc4-ad77-c00156c49cfa: shutdown FollowerState
2019-10-17 21:54:50,358 [Thread-933] INFO  impl.FollowerState (FollowerState.java:run(117)) - 08d4cbaa-ffed-4411-a5fd-c4a38026aead@group-F967393F7C93-FollowerState was interrupted: java.lang.InterruptedException: sleep interrupted
2019-10-17 21:54:50,359 [Thread-935] INFO  impl.FollowerState (FollowerState.java:run(117)) - da15dfee-23f0-4dc4-ad77-c00156c49cfa@group-F967393F7C93-FollowerState was interrupted: java.lang.InterruptedException: sleep interrupted
2019-10-17 21:54:50,358 [grpc-default-executor-12] INFO  impl.RoleInfo (RoleInfo.java:updateAndGet(143)) - da15dfee-23f0-4dc4-ad77-c00156c49cfa: start FollowerState
2019-10-17 21:54:50,367 [d6dfcdd7-fc6e-4b51-b91e-b64503dadc5e@group-F967393F7C93-LeaderElection77] INFO  impl.LeaderElection (LeaderElection.java:logAndReturn(56)) - d6dfcdd7-fc6e-4b51-b91e-b64503dadc5e@group-F967393F7C93-LeaderElection77: Election TIMEOUT; received 0 response(s) [] and 0 exception(s); d6dfcdd7-fc6e-4b51-b91e-b64503dadc5e@group-F967393F7C93:t61, leader=null, voted=d6dfcdd7-fc6e-4b51-b91e-b64503dadc5e, raftlog=d6dfcdd7-fc6e-4b51-b91e-b64503dadc5e@group-F967393F7C93-SegmentedRaftLog:OPENED:c-1,f-1,i0, conf=-1: [08d4cbaa-ffed-4411-a5fd-c4a38026aead:192.168.157.223:33910, da15dfee-23f0-4dc4-ad77-c00156c49cfa:192.168.157.223:42172, d6dfcdd7-fc6e-4b51-b91e-b64503dadc5e:192.168.157.223:43575], old=null
2019-10-17 21:54:50,371 [d6dfcdd7-fc6e-4b51-b91e-b64503dadc5e@group-F967393F7C93-LeaderElection77] INFO  impl.LeaderElection (LeaderElection.java:askForVotes(178)) - d6dfcdd7-fc6e-4b51-b91e-b64503dadc5e@group-F967393F7C93-LeaderElection77: begin an election at term 62 for -1: [08d4cbaa-ffed-4411-a5fd-c4a38026aead:192.168.157.223:33910, da15dfee-23f0-4dc4-ad77-c00156c49cfa:192.168.157.223:42172, d6dfcdd7-fc6e-4b51-b91e-b64503dadc5e:192.168.157.223:43575], old=null
2019-10-17 21:54:50,374 [grpc-default-executor-12] INFO  impl.RaftServerImpl (RaftServerImpl.java:setRole(184)) - da15dfee-23f0-4dc4-ad77-c00156c49cfa@group-F967393F7C93: changes role from  FOLLOWER to FOLLOWER at term 62 for recognizeCandidate:d6dfcdd7-fc6e-4b51-b91e-b64503dadc5e
2019-10-17 21:54:50,374 [grpc-default-executor-12] INFO  impl.RoleInfo (RoleInfo.java:shutdownFollowerState(121)) - da15dfee-23f0-4dc4-ad77-c00156c49cfa: shutdown FollowerState
2019-10-17 21:54:50,374 [grpc-default-executor-1] INFO  impl.RaftServerImpl (RaftServerImpl.java:setRole(184)) - 08d4cbaa-ffed-4411-a5fd-c4a38026aead@group-F967393F7C93: changes role from  FOLLOWER to FOLLOWER at term 62 for recognizeCandidate:d6dfcdd7-fc6e-4b51-b91e-b64503dadc5e
2019-10-17 21:54:50,374 [grpc-default-executor-1] INFO  impl.RoleInfo (RoleInfo.java:shutdownFollowerState(121)) - 08d4cbaa-ffed-4411-a5fd-c4a38026aead: shutdown FollowerState
2019-10-17 21:54:50,374 [Thread-944] INFO  impl.FollowerState (FollowerState.java:run(117)) - da15dfee-23f0-4dc4-ad77-c00156c49cfa@group-F967393F7C93-FollowerState was interrupted: java.lang.InterruptedException: sleep interrupted
2019-10-17 21:54:50,374 [Thread-943] INFO  impl.FollowerState (FollowerState.java:run(117)) - 08d4cbaa-ffed-4411-a5fd-c4a38026aead@group-F967393F7C93-FollowerState was interrupted: java.lang.InterruptedException: sleep interrupted
2019-10-17 21:54:50,374 [grpc-default-executor-12] INFO  impl.RoleInfo (RoleInfo.java:updateAndGet(143)) - da15dfee-23f0-4dc4-ad77-c00156c49cfa: start FollowerState
2019-10-17 21:54:50,374 [grpc-default-executor-1] INFO  impl.RoleInfo (RoleInfo.java:updateAndGet(143)) - 08d4cbaa-ffed-4411-a5fd-c4a38026aead: start FollowerState
2019-10-17 21:54:50,390 [d6dfcdd7-fc6e-4b51-b91e-b64503dadc5e@group-F967393F7C93-LeaderElection77] INFO  impl.LeaderElection (LeaderElection.java:logAndReturn(56)) - d6dfcdd7-fc6e-4b51-b91e-b64503dadc5e@group-F967393F7C93-LeaderElection77: Election REJECTED; received 2 response(s) [d6dfcdd7-fc6e-4b51-b91e-b64503dadc5e<-08d4cbaa-ffed-4411-a5fd-c4a38026aead#0:FAIL-t62, d6dfcdd7-fc6e-4b51-b91e-b64503dadc5e<-da15dfee-23f0-4dc4-ad77-c00156c49cfa#0:FAIL-t62] and 0 exception(s); d6dfcdd7-fc6e-4b51-b91e-b64503dadc5e@group-F967393F7C93:t62, leader=null, voted=d6dfcdd7-fc6e-4b51-b91e-b64503dadc5e, raftlog=d6dfcdd7-fc6e-4b51-b91e-b64503dadc5e@group-F967393F7C93-SegmentedRaftLog:OPENED:c-1,f-1,i0, conf=-1: [08d4cbaa-ffed-4411-a5fd-c4a38026aead:192.168.157.223:33910, da15dfee-23f0-4dc4-ad77-c00156c49cfa:192.168.157.223:42172, d6dfcdd7-fc6e-4b51-b91e-b64503dadc5e:192.168.157.223:43575], old=null
2019-10-17 21:54:50,390 [d6dfcdd7-fc6e-4b51-b91e-b64503dadc5e@group-F967393F7C93-LeaderElection77] INFO  impl.RaftServerImpl (RaftServerImpl.java:setRole(184)) - d6dfcdd7-fc6e-4b51-b91e-b64503dadc5e@group-F967393F7C93: changes role from CANDIDATE to FOLLOWER at term 62 for DISCOVERED_A_NEW_TERM
2019-10-17 21:54:50,390 [d6dfcdd7-fc6e-4b51-b91e-b64503dadc5e@group-F967393F7C93-LeaderElection77] INFO  impl.RoleInfo (RoleInfo.java:shutdownLeaderElection(134)) - d6dfcdd7-fc6e-4b51-b91e-b64503dadc5e: shutdown LeaderElection
2019-10-17 21:54:50,390 [d6dfcdd7-fc6e-4b51-b91e-b64503dadc5e@group-F967393F7C93-LeaderElection77] INFO  impl.RoleInfo (RoleInfo.java:updateAndGet(143)) - d6dfcdd7-fc6e-4b51-b91e-b64503dadc5e: start FollowerState
2019-10-17 21:54:50,472 [Thread-949] INFO  impl.FollowerState (FollowerState.java:run(108)) - d6dfcdd7-fc6e-4b51-b91e-b64503dadc5e@group-F967393F7C93-FollowerState: change to CANDIDATE, lastRpcTime:81ms, electionTimeout:81ms
2019-10-17 21:54:50,472 [Thread-949] INFO  impl.RoleInfo (RoleInfo.java:shutdownFollowerState(121)) - d6dfcdd7-fc6e-4b51-b91e-b64503dadc5e: shutdown FollowerState
2019-10-17 21:54:50,472 [Thread-949] INFO  impl.RaftServerImpl (RaftServerImpl.java:setRole(184)) - d6dfcdd7-fc6e-4b51-b91e-b64503dadc5e@group-F967393F7C93: changes role from  FOLLOWER to CANDIDATE at term 62 for changeToCandidate
2019-10-17 21:54:50,472 [Thread-949] INFO  impl.RoleInfo (RoleInfo.java:updateAndGet(143)) - d6dfcdd7-fc6e-4b51-b91e-b64503dadc5e: start LeaderElection
2019-10-17 21:54:50,485 [d6dfcdd7-fc6e-4b51-b91e-b64503dadc5e@group-F967393F7C93-LeaderElection78] INFO  impl.LeaderElection (LeaderElection.java:askForVotes(178)) - d6dfcdd7-fc6e-4b51-b91e-b64503dadc5e@group-F967393F7C93-LeaderElection78: begin an election at term 63 for -1: [08d4cbaa-ffed-4411-a5fd-c4a38026aead:192.168.157.223:33910, da15dfee-23f0-4dc4-ad77-c00156c49cfa:192.168.157.223:42172, d6dfcdd7-fc6e-4b51-b91e-b64503dadc5e:192.168.157.223:43575], old=null
2019-10-17 21:54:50,487 [grpc-default-executor-12] INFO  impl.RaftServerImpl (RaftServerImpl.java:setRole(184)) - 08d4cbaa-ffed-4411-a5fd-c4a38026aead@group-F967393F7C93: changes role from  FOLLOWER to FOLLOWER at term 63 for recognizeCandidate:d6dfcdd7-fc6e-4b51-b91e-b64503dadc5e
2019-10-17 21:54:50,487 [grpc-default-executor-12] INFO  impl.RoleInfo (RoleInfo.java:shutdownFollowerState(121)) - 08d4cbaa-ffed-4411-a5fd-c4a38026aead: shutdown FollowerState
2019-10-17 21:54:50,488 [grpc-default-executor-12] INFO  impl.RoleInfo (RoleInfo.java:updateAndGet(143)) - 08d4cbaa-ffed-4411-a5fd-c4a38026aead: start FollowerState
2019-10-17 21:54:50,488 [grpc-default-executor-1] INFO  impl.RaftServerImpl (RaftServerImpl.java:setRole(184)) - da15dfee-23f0-4dc4-ad77-c00156c49cfa@group-F967393F7C93: changes role from  FOLLOWER to FOLLOWER at term 63 for recognizeCandidate:d6dfcdd7-fc6e-4b51-b91e-b64503dadc5e
2019-10-17 21:54:50,488 [grpc-default-executor-1] INFO  impl.RoleInfo (RoleInfo.java:shutdownFollowerState(121)) - da15dfee-23f0-4dc4-ad77-c00156c49cfa: shutdown FollowerState
2019-10-17 21:54:50,488 [Thread-948] INFO  impl.FollowerState (FollowerState.java:run(117)) - 08d4cbaa-ffed-4411-a5fd-c4a38026aead@group-F967393F7C93-FollowerState was interrupted: java.lang.InterruptedException: sleep interrupted
2019-10-17 21:54:50,488 [Thread-947] INFO  impl.FollowerState (FollowerState.java:run(117)) - da15dfee-23f0-4dc4-ad77-c00156c49cfa@group-F967393F7C93-FollowerState was interrupted: java.lang.InterruptedException: sleep interrupted
2019-10-17 21:54:50,488 [grpc-default-executor-1] INFO  impl.RoleInfo (RoleInfo.java:updateAndGet(143)) - da15dfee-23f0-4dc4-ad77-c00156c49cfa: start FollowerState
2019-10-17 21:54:50,504 [d6dfcdd7-fc6e-4b51-b91e-b64503dadc5e@group-F967393F7C93-LeaderElection78] INFO  impl.LeaderElection (LeaderElection.java:logAndReturn(56)) - d6dfcdd7-fc6e-4b51-b91e-b64503dadc5e@group-F967393F7C93-LeaderElection78: Election REJECTED; received 2 response(s) [d6dfcdd7-fc6e-4b51-b91e-b64503dadc5e<-08d4cbaa-ffed-4411-a5fd-c4a38026aead#0:FAIL-t63, d6dfcdd7-fc6e-4b51-b91e-b64503dadc5e<-da15dfee-23f0-4dc4-ad77-c00156c49cfa#0:FAIL-t63] and 0 exception(s); d6dfcdd7-fc6e-4b51-b91e-b64503dadc5e@group-F967393F7C93:t63, leader=null, voted=d6dfcdd7-fc6e-4b51-b91e-b64503dadc5e, raftlog=d6dfcdd7-fc6e-4b51-b91e-b64503dadc5e@group-F967393F7C93-SegmentedRaftLog:OPENED:c-1,f-1,i0, conf=-1: [08d4cbaa-ffed-4411-a5fd-c4a38026aead:192.168.157.223:33910, da15dfee-23f0-4dc4-ad77-c00156c49cfa:192.168.157.223:42172, d6dfcdd7-fc6e-4b51-b91e-b64503dadc5e:192.168.157.223:43575], old=null
2019-10-17 21:54:50,504 [d6dfcdd7-fc6e-4b51-b91e-b64503dadc5e@group-F967393F7C93-LeaderElection78] INFO  impl.RaftServerImpl (RaftServerImpl.java:setRole(184)) - d6dfcdd7-fc6e-4b51-b91e-b64503dadc5e@group-F967393F7C93: changes role from CANDIDATE to FOLLOWER at term 63 for DISCOVERED_A_NEW_TERM
2019-10-17 21:54:50,504 [d6dfcdd7-fc6e-4b51-b91e-b64503dadc5e@group-F967393F7C93-LeaderElection78] INFO  impl.RoleInfo (RoleInfo.java:shutdownLeaderElection(134)) - d6dfcdd7-fc6e-4b51-b91e-b64503dadc5e: shutdown LeaderElection
2019-10-17 21:54:50,504 [d6dfcdd7-fc6e-4b51-b91e-b64503dadc5e@group-F967393F7C93-LeaderElection78] INFO  impl.RoleInfo (RoleInfo.java:updateAndGet(143)) - d6dfcdd7-fc6e-4b51-b91e-b64503dadc5e: start FollowerState
2019-10-17 21:54:50,511 [Thread-955] INFO  impl.FollowerState (FollowerState.java:run(108)) - d6dfcdd7-fc6e-4b51-b91e-b64503dadc5e@group-F967393F7C93-FollowerState: change to CANDIDATE, lastRpcTime:6ms, electionTimeout:6ms
2019-10-17 21:54:50,511 [Thread-955] INFO  impl.RoleInfo (RoleInfo.java:shutdownFollowerState(121)) - d6dfcdd7-fc6e-4b51-b91e-b64503dadc5e: shutdown FollowerState
2019-10-17 21:54:50,511 [Thread-955] INFO  impl.RaftServerImpl (RaftServerImpl.java:setRole(184)) - d6dfcdd7-fc6e-4b51-b91e-b64503dadc5e@group-F967393F7C93: changes role from  FOLLOWER to CANDIDATE at term 63 for changeToCandidate
2019-10-17 21:54:50,511 [Thread-955] INFO  impl.RoleInfo (RoleInfo.java:updateAndGet(143)) - d6dfcdd7-fc6e-4b51-b91e-b64503dadc5e: start LeaderElection
2019-10-17 21:54:50,524 [d6dfcdd7-fc6e-4b51-b91e-b64503dadc5e@group-F967393F7C93-LeaderElection79] INFO  impl.LeaderElection (LeaderElection.java:askForVotes(178)) - d6dfcdd7-fc6e-4b51-b91e-b64503dadc5e@group-F967393F7C93-LeaderElection79: begin an election at term 64 for -1: [08d4cbaa-ffed-4411-a5fd-c4a38026aead:192.168.157.223:33910, da15dfee-23f0-4dc4-ad77-c00156c49cfa:192.168.157.223:42172, d6dfcdd7-fc6e-4b51-b91e-b64503dadc5e:192.168.157.223:43575], old=null
2019-10-17 21:54:50,526 [grpc-default-executor-1] INFO  impl.RaftServerImpl (RaftServerImpl.java:setRole(184)) - 08d4cbaa-ffed-4411-a5fd-c4a38026aead@group-F967393F7C93: changes role from  FOLLOWER to FOLLOWER at term 64 for recognizeCandidate:d6dfcdd7-fc6e-4b51-b91e-b64503dadc5e
2019-10-17 21:54:50,526 [grpc-default-executor-1] INFO  impl.RoleInfo (RoleInfo.java:shutdownFollowerState(121)) - 08d4cbaa-ffed-4411-a5fd-c4a38026aead: shutdown FollowerState
2019-10-17 21:54:50,526 [grpc-default-executor-1] INFO  impl.RoleInfo (RoleInfo.java:updateAndGet(143)) - 08d4cbaa-ffed-4411-a5fd-c4a38026aead: start FollowerState
2019-10-17 21:54:50,526 [grpc-default-executor-12] INFO  impl.RaftServerImpl (RaftServerImpl.java:setRole(184)) - da15dfee-23f0-4dc4-ad77-c00156c49cfa@group-F967393F7C93: changes role from  FOLLOWER to FOLLOWER at term 64 for recognizeCandidate:d6dfcdd7-fc6e-4b51-b91e-b64503dadc5e
2019-10-17 21:54:50,526 [grpc-default-executor-12] INFO  impl.RoleInfo (RoleInfo.java:shutdownFollowerState(121)) - da15dfee-23f0-4dc4-ad77-c00156c49cfa: shutdown FollowerState
2019-10-17 21:54:50,526 [Thread-953] INFO  impl.FollowerState (FollowerState.java:run(117)) - 08d4cbaa-ffed-4411-a5fd-c4a38026aead@group-F967393F7C93-FollowerState was interrupted: java.lang.InterruptedException: sleep interrupted
2019-10-17 21:54:50,527 [Thread-954] INFO  impl.FollowerState (FollowerState.java:run(117)) - da15dfee-23f0-4dc4-ad77-c00156c49cfa@group-F967393F7C93-FollowerState was interrupted: java.lang.InterruptedException: sleep interrupted
2019-10-17 21:54:50,527 [grpc-default-executor-12] INFO  impl.RoleInfo (RoleInfo.java:updateAndGet(143)) - da15dfee-23f0-4dc4-ad77-c00156c49cfa: start FollowerState
2019-10-17 21:54:50,547 [d6dfcdd7-fc6e-4b51-b91e-b64503dadc5e@group-F967393F7C93-LeaderElection79] INFO  impl.LeaderElection (LeaderElection.java:logAndReturn(56)) - d6dfcdd7-fc6e-4b51-b91e-b64503dadc5e@group-F967393F7C93-LeaderElection79: Election REJECTED; received 2 response(s) [d6dfcdd7-fc6e-4b51-b91e-b64503dadc5e<-08d4cbaa-ffed-4411-a5fd-c4a38026aead#0:FAIL-t64, d6dfcdd7-fc6e-4b51-b91e-b64503dadc5e<-da15dfee-23f0-4dc4-ad77-c00156c49cfa#0:FAIL-t64] and 0 exception(s); d6dfcdd7-fc6e-4b51-b91e-b64503dadc5e@group-F967393F7C93:t64, leader=null, voted=d6dfcdd7-fc6e-4b51-b91e-b64503dadc5e, raftlog=d6dfcdd7-fc6e-4b51-b91e-b64503dadc5e@group-F967393F7C93-SegmentedRaftLog:OPENED:c-1,f-1,i0, conf=-1: [08d4cbaa-ffed-4411-a5fd-c4a38026aead:192.168.157.223:33910, da15dfee-23f0-4dc4-ad77-c00156c49cfa:192.168.157.223:42172, d6dfcdd7-fc6e-4b51-b91e-b64503dadc5e:192.168.157.223:43575], old=null
2019-10-17 21:54:50,547 [d6dfcdd7-fc6e-4b51-b91e-b64503dadc5e@group-F967393F7C93-LeaderElection79] INFO  impl.RaftServerImpl (RaftServerImpl.java:setRole(184)) - d6dfcdd7-fc6e-4b51-b91e-b64503dadc5e@group-F967393F7C93: changes role from CANDIDATE to FOLLOWER at term 64 for DISCOVERED_A_NEW_TERM
2019-10-17 21:54:50,547 [d6dfcdd7-fc6e-4b51-b91e-b64503dadc5e@group-F967393F7C93-LeaderElection79] INFO  impl.RoleInfo (RoleInfo.java:shutdownLeaderElection(134)) - d6dfcdd7-fc6e-4b51-b91e-b64503dadc5e: shutdown LeaderElection
2019-10-17 21:54:50,547 [d6dfcdd7-fc6e-4b51-b91e-b64503dadc5e@group-F967393F7C93-LeaderElection79] INFO  impl.RoleInfo (RoleInfo.java:updateAndGet(143)) - d6dfcdd7-fc6e-4b51-b91e-b64503dadc5e: start FollowerState
2019-10-17 21:54:50,673 [Thread-961] INFO  impl.FollowerState (FollowerState.java:run(108)) - d6dfcdd7-fc6e-4b51-b91e-b64503dadc5e@group-F967393F7C93-FollowerState: change to CANDIDATE, lastRpcTime:126ms, electionTimeout:126ms
2019-10-17 21:54:50,674 [Thread-961] INFO  impl.RoleInfo (RoleInfo.java:shutdownFollowerState(121)) - d6dfcdd7-fc6e-4b51-b91e-b64503dadc5e: shutdown FollowerState
2019-10-17 21:54:50,674 [Thread-961] INFO  impl.RaftServerImpl (RaftServerImpl.java:setRole(184)) - d6dfcdd7-fc6e-4b51-b91e-b64503dadc5e@group-F967393F7C93: changes role from  FOLLOWER to CANDIDATE at term 64 for changeToCandidate
2019-10-17 21:54:50,674 [Thread-961] INFO  impl.RoleInfo (RoleInfo.java:updateAndGet(143)) - d6dfcdd7-fc6e-4b51-b91e-b64503dadc5e: start LeaderElection
2019-10-17 21:54:50,688 [d6dfcdd7-fc6e-4b51-b91e-b64503dadc5e@group-F967393F7C93-LeaderElection80] INFO  impl.LeaderElection (LeaderElection.java:askForVotes(178)) - d6dfcdd7-fc6e-4b51-b91e-b64503dadc5e@group-F967393F7C93-LeaderElection80: begin an election at term 65 for -1: [08d4cbaa-ffed-4411-a5fd-c4a38026aead:192.168.157.223:33910, da15dfee-23f0-4dc4-ad77-c00156c49cfa:192.168.157.223:42172, d6dfcdd7-fc6e-4b51-b91e-b64503dadc5e:192.168.157.223:43575], old=null
2019-10-17 21:54:50,690 [grpc-default-executor-12] INFO  impl.RaftServerImpl (RaftServerImpl.java:setRole(184)) - 08d4cbaa-ffed-4411-a5fd-c4a38026aead@group-F967393F7C93: changes role from  FOLLOWER to FOLLOWER at term 65 for recognizeCandidate:d6dfcdd7-fc6e-4b51-b91e-b64503dadc5e
2019-10-17 21:54:50,690 [grpc-default-executor-12] INFO  impl.RoleInfo (RoleInfo.java:shutdownFollowerState(121)) - 08d4cbaa-ffed-4411-a5fd-c4a38026aead: shutdown FollowerState
2019-10-17 21:54:50,690 [grpc-default-executor-1] INFO  impl.RaftServerImpl (RaftServerImpl.java:setRole(184)) - da15dfee-23f0-4dc4-ad77-c00156c49cfa@group-F967393F7C93: changes role from  FOLLOWER to FOLLOWER at term 65 for recognizeCandidate:d6dfcdd7-fc6e-4b51-b91e-b64503dadc5e
2019-10-17 21:54:50,690 [Thread-959] INFO  impl.FollowerState (FollowerState.java:run(117)) - 08d4cbaa-ffed-4411-a5fd-c4a38026aead@group-F967393F7C93-FollowerState was interrupted: java.lang.InterruptedException: sleep interrupted
2019-10-17 21:54:50,690 [grpc-default-executor-12] INFO  impl.RoleInfo (RoleInfo.java:updateAndGet(143)) - 08d4cbaa-ffed-4411-a5fd-c4a38026aead: start FollowerState
2019-10-17 21:54:50,691 [grpc-default-executor-1] INFO  impl.RoleInfo (RoleInfo.java:shutdownFollowerState(121)) - da15dfee-23f0-4dc4-ad77-c00156c49cfa: shutdown FollowerState
2019-10-17 21:54:50,691 [grpc-default-executor-1] INFO  impl.RoleInfo (RoleInfo.java:updateAndGet(143)) - da15dfee-23f0-4dc4-ad77-c00156c49cfa: start FollowerState
2019-10-17 21:54:50,691 [Thread-960] INFO  impl.FollowerState (FollowerState.java:run(117)) - da15dfee-23f0-4dc4-ad77-c00156c49cfa@group-F967393F7C93-FollowerState was interrupted: java.lang.InterruptedException: sleep interrupted
2019-10-17 21:54:50,706 [d6dfcdd7-fc6e-4b51-b91e-b64503dadc5e@group-F967393F7C93-LeaderElection80] INFO  impl.LeaderElection (LeaderElection.java:logAndReturn(56)) - d6dfcdd7-fc6e-4b51-b91e-b64503dadc5e@group-F967393F7C93-LeaderElection80: Election REJECTED; received 2 response(s) [d6dfcdd7-fc6e-4b51-b91e-b64503dadc5e<-08d4cbaa-ffed-4411-a5fd-c4a38026aead#0:FAIL-t65, d6dfcdd7-fc6e-4b51-b91e-b64503dadc5e<-da15dfee-23f0-4dc4-ad77-c00156c49cfa#0:FAIL-t65] and 0 exception(s); d6dfcdd7-fc6e-4b51-b91e-b64503dadc5e@group-F967393F7C93:t65, leader=null, voted=d6dfcdd7-fc6e-4b51-b91e-b64503dadc5e, raftlog=d6dfcdd7-fc6e-4b51-b91e-b64503dadc5e@group-F967393F7C93-SegmentedRaftLog:OPENED:c-1,f-1,i0, conf=-1: [08d4cbaa-ffed-4411-a5fd-c4a38026aead:192.168.157.223:33910, da15dfee-23f0-4dc4-ad77-c00156c49cfa:192.168.157.223:42172, d6dfcdd7-fc6e-4b51-b91e-b64503dadc5e:192.168.157.223:43575], old=null
2019-10-17 21:54:50,706 [d6dfcdd7-fc6e-4b51-b91e-b64503dadc5e@group-F967393F7C93-LeaderElection80] INFO  impl.RaftServerImpl (RaftServerImpl.java:setRole(184)) - d6dfcdd7-fc6e-4b51-b91e-b64503dadc5e@group-F967393F7C93: changes role from CANDIDATE to FOLLOWER at term 65 for DISCOVERED_A_NEW_TERM
2019-10-17 21:54:50,706 [d6dfcdd7-fc6e-4b51-b91e-b64503dadc5e@group-F967393F7C93-LeaderElection80] INFO  impl.RoleInfo (RoleInfo.java:shutdownLeaderElection(134)) - d6dfcdd7-fc6e-4b51-b91e-b64503dadc5e: shutdown LeaderElection
2019-10-17 21:54:50,706 [d6dfcdd7-fc6e-4b51-b91e-b64503dadc5e@group-F967393F7C93-LeaderElection80] INFO  impl.RoleInfo (RoleInfo.java:updateAndGet(143)) - d6dfcdd7-fc6e-4b51-b91e-b64503dadc5e: start FollowerState
2019-10-17 21:54:50,754 [Thread-967] INFO  impl.FollowerState (FollowerState.java:run(108)) - d6dfcdd7-fc6e-4b51-b91e-b64503dadc5e@group-F967393F7C93-FollowerState: change to CANDIDATE, lastRpcTime:48ms, electionTimeout:48ms
2019-10-17 21:54:50,755 [Thread-967] INFO  impl.RoleInfo (RoleInfo.java:shutdownFollowerState(121)) - d6dfcdd7-fc6e-4b51-b91e-b64503dadc5e: shutdown FollowerState
2019-10-17 21:54:50,755 [Thread-967] INFO  impl.RaftServerImpl (RaftServerImpl.java:setRole(184)) - d6dfcdd7-fc6e-4b51-b91e-b64503dadc5e@group-F967393F7C93: changes role from  FOLLOWER to CANDIDATE at term 65 for changeToCandidate
2019-10-17 21:54:50,755 [Thread-967] INFO  impl.RoleInfo (RoleInfo.java:updateAndGet(143)) - d6dfcdd7-fc6e-4b51-b91e-b64503dadc5e: start LeaderElection
2019-10-17 21:54:50,768 [d6dfcdd7-fc6e-4b51-b91e-b64503dadc5e@group-F967393F7C93-LeaderElection81] INFO  impl.LeaderElection (LeaderElection.java:askForVotes(178)) - d6dfcdd7-fc6e-4b51-b91e-b64503dadc5e@group-F967393F7C93-LeaderElection81: begin an election at term 66 for -1: [08d4cbaa-ffed-4411-a5fd-c4a38026aead:192.168.157.223:33910, da15dfee-23f0-4dc4-ad77-c00156c49cfa:192.168.157.223:42172, d6dfcdd7-fc6e-4b51-b91e-b64503dadc5e:192.168.157.223:43575], old=null
2019-10-17 21:54:50,770 [grpc-default-executor-1] INFO  impl.RaftServerImpl (RaftServerImpl.java:setRole(184)) - 08d4cbaa-ffed-4411-a5fd-c4a38026aead@group-F967393F7C93: changes role from  FOLLOWER to FOLLOWER at term 66 for recognizeCandidate:d6dfcdd7-fc6e-4b51-b91e-b64503dadc5e
2019-10-17 21:54:50,771 [grpc-default-executor-1] INFO  impl.RoleInfo (RoleInfo.java:shutdownFollowerState(121)) - 08d4cbaa-ffed-4411-a5fd-c4a38026aead: shutdown FollowerState
2019-10-17 21:54:50,771 [grpc-default-executor-1] INFO  impl.RoleInfo (RoleInfo.java:updateAndGet(143)) - 08d4cbaa-ffed-4411-a5fd-c4a38026aead: start FollowerState
2019-10-17 21:54:50,771 [grpc-default-executor-12] INFO  impl.RaftServerImpl (RaftServerImpl.java:setRole(184)) - da15dfee-23f0-4dc4-ad77-c00156c49cfa@group-F967393F7C93: changes role from  FOLLOWER to FOLLOWER at term 66 for recognizeCandidate:d6dfcdd7-fc6e-4b51-b91e-b64503dadc5e
2019-10-17 21:54:50,771 [grpc-default-executor-12] INFO  impl.RoleInfo (RoleInfo.java:shutdownFollowerState(121)) - da15dfee-23f0-4dc4-ad77-c00156c49cfa: shutdown FollowerState
2019-10-17 21:54:50,771 [Thread-965] INFO  impl.FollowerState (FollowerState.java:run(117)) - 08d4cbaa-ffed-4411-a5fd-c4a38026aead@group-F967393F7C93-FollowerState was interrupted: java.lang.InterruptedException: sleep interrupted
2019-10-17 21:54:50,771 [Thread-966] INFO  impl.FollowerState (FollowerState.java:run(117)) - da15dfee-23f0-4dc4-ad77-c00156c49cfa@group-F967393F7C93-FollowerState was interrupted: java.lang.InterruptedException: sleep interrupted
2019-10-17 21:54:50,771 [grpc-default-executor-12] INFO  impl.RoleInfo (RoleInfo.java:updateAndGet(143)) - da15dfee-23f0-4dc4-ad77-c00156c49cfa: start FollowerState
2019-10-17 21:54:50,786 [d6dfcdd7-fc6e-4b51-b91e-b64503dadc5e@group-F967393F7C93-LeaderElection81] INFO  impl.LeaderElection (LeaderElection.java:logAndReturn(56)) - d6dfcdd7-fc6e-4b51-b91e-b64503dadc5e@group-F967393F7C93-LeaderElection81: Election REJECTED; received 2 response(s) [d6dfcdd7-fc6e-4b51-b91e-b64503dadc5e<-08d4cbaa-ffed-4411-a5fd-c4a38026aead#0:FAIL-t66, d6dfcdd7-fc6e-4b51-b91e-b64503dadc5e<-da15dfee-23f0-4dc4-ad77-c00156c49cfa#0:FAIL-t66] and 0 exception(s); d6dfcdd7-fc6e-4b51-b91e-b64503dadc5e@group-F967393F7C93:t66, leader=null, voted=d6dfcdd7-fc6e-4b51-b91e-b64503dadc5e, raftlog=d6dfcdd7-fc6e-4b51-b91e-b64503dadc5e@group-F967393F7C93-SegmentedRaftLog:OPENED:c-1,f-1,i0, conf=-1: [08d4cbaa-ffed-4411-a5fd-c4a38026aead:192.168.157.223:33910, da15dfee-23f0-4dc4-ad77-c00156c49cfa:192.168.157.223:42172, d6dfcdd7-fc6e-4b51-b91e-b64503dadc5e:192.168.157.223:43575], old=null
2019-10-17 21:54:50,786 [d6dfcdd7-fc6e-4b51-b91e-b64503dadc5e@group-F967393F7C93-LeaderElection81] INFO  impl.RaftServerImpl (RaftServerImpl.java:setRole(184)) - d6dfcdd7-fc6e-4b51-b91e-b64503dadc5e@group-F967393F7C93: changes role from CANDIDATE to FOLLOWER at term 66 for DISCOVERED_A_NEW_TERM
2019-10-17 21:54:50,786 [d6dfcdd7-fc6e-4b51-b91e-b64503dadc5e@group-F967393F7C93-LeaderElection81] INFO  impl.RoleInfo (RoleInfo.java:shutdownLeaderElection(134)) - d6dfcdd7-fc6e-4b51-b91e-b64503dadc5e: shutdown LeaderElection
2019-10-17 21:54:50,786 [d6dfcdd7-fc6e-4b51-b91e-b64503dadc5e@group-F967393F7C93-LeaderElection81] INFO  impl.RoleInfo (RoleInfo.java:updateAndGet(143)) - d6dfcdd7-fc6e-4b51-b91e-b64503dadc5e: start FollowerState
2019-10-17 21:54:50,889 [Thread-973] INFO  impl.FollowerState (FollowerState.java:run(108)) - d6dfcdd7-fc6e-4b51-b91e-b64503dadc5e@group-F967393F7C93-FollowerState: change to CANDIDATE, lastRpcTime:103ms, electionTimeout:102ms
2019-10-17 21:54:50,890 [Thread-973] INFO  impl.RoleInfo (RoleInfo.java:shutdownFollowerState(121)) - d6dfcdd7-fc6e-4b51-b91e-b64503dadc5e: shutdown FollowerState
2019-10-17 21:54:50,890 [Thread-973] INFO  impl.RaftServerImpl (RaftServerImpl.java:setRole(184)) - d6dfcdd7-fc6e-4b51-b91e-b64503dadc5e@group-F967393F7C93: changes role from  FOLLOWER to CANDIDATE at term 66 for changeToCandidate
2019-10-17 21:54:50,890 [Thread-973] INFO  impl.RoleInfo (RoleInfo.java:updateAndGet(143)) - d6dfcdd7-fc6e-4b51-b91e-b64503dadc5e: start LeaderElection
2019-10-17 21:54:50,910 [d6dfcdd7-fc6e-4b51-b91e-b64503dadc5e@group-F967393F7C93-LeaderElection82] INFO  impl.LeaderElection (LeaderElection.java:askForVotes(178)) - d6dfcdd7-fc6e-4b51-b91e-b64503dadc5e@group-F967393F7C93-LeaderElection82: begin an election at term 67 for -1: [08d4cbaa-ffed-4411-a5fd-c4a38026aead:192.168.157.223:33910, da15dfee-23f0-4dc4-ad77-c00156c49cfa:192.168.157.223:42172, d6dfcdd7-fc6e-4b51-b91e-b64503dadc5e:192.168.157.223:43575], old=null
2019-10-17 21:54:50,913 [grpc-default-executor-1] INFO  impl.RaftServerImpl (RaftServerImpl.java:setRole(184)) - 08d4cbaa-ffed-4411-a5fd-c4a38026aead@group-F967393F7C93: changes role from  FOLLOWER to FOLLOWER at term 67 for recognizeCandidate:d6dfcdd7-fc6e-4b51-b91e-b64503dadc5e
2019-10-17 21:54:50,913 [grpc-default-executor-12] INFO  impl.RaftServerImpl (RaftServerImpl.java:setRole(184)) - da15dfee-23f0-4dc4-ad77-c00156c49cfa@group-F967393F7C93: changes role from  FOLLOWER to FOLLOWER at term 67 for recognizeCandidate:d6dfcdd7-fc6e-4b51-b91e-b64503dadc5e
2019-10-17 21:54:50,913 [grpc-default-executor-1] INFO  impl.RoleInfo (RoleInfo.java:shutdownFollowerState(121)) - 08d4cbaa-ffed-4411-a5fd-c4a38026aead: shutdown FollowerState
2019-10-17 21:54:50,913 [grpc-default-executor-12] INFO  impl.RoleInfo (RoleInfo.java:shutdownFollowerState(121)) - da15dfee-23f0-4dc4-ad77-c00156c49cfa: shutdown FollowerState
2019-10-17 21:54:50,914 [Thread-971] INFO  impl.FollowerState (FollowerState.java:run(117)) - 08d4cbaa-ffed-4411-a5fd-c4a38026aead@group-F967393F7C93-FollowerState was interrupted: java.lang.InterruptedException: sleep interrupted
2019-10-17 21:54:50,914 [grpc-default-executor-1] INFO  impl.RoleInfo (RoleInfo.java:updateAndGet(143)) - 08d4cbaa-ffed-4411-a5fd-c4a38026aead: start FollowerState
2019-10-17 21:54:50,914 [Thread-972] INFO  impl.FollowerState (FollowerState.java:run(117)) - da15dfee-23f0-4dc4-ad77-c00156c49cfa@group-F967393F7C93-FollowerState was interrupted: java.lang.InterruptedException: sleep interrupted
2019-10-17 21:54:50,914 [grpc-default-executor-12] INFO  impl.RoleInfo (RoleInfo.java:updateAndGet(143)) - da15dfee-23f0-4dc4-ad77-c00156c49cfa: start FollowerState
2019-10-17 21:54:50,930 [d6dfcdd7-fc6e-4b51-b91e-b64503dadc5e@group-F967393F7C93-LeaderElection82] INFO  impl.LeaderElection (LeaderElection.java:logAndReturn(56)) - d6dfcdd7-fc6e-4b51-b91e-b64503dadc5e@group-F967393F7C93-LeaderElection82: Election REJECTED; received 2 response(s) [d6dfcdd7-fc6e-4b51-b91e-b64503dadc5e<-08d4cbaa-ffed-4411-a5fd-c4a38026aead#0:FAIL-t67, d6dfcdd7-fc6e-4b51-b91e-b64503dadc5e<-da15dfee-23f0-4dc4-ad77-c00156c49cfa#0:FAIL-t67] and 0 exception(s); d6dfcdd7-fc6e-4b51-b91e-b64503dadc5e@group-F967393F7C93:t67, leader=null, voted=d6dfcdd7-fc6e-4b51-b91e-b64503dadc5e, raftlog=d6dfcdd7-fc6e-4b51-b91e-b64503dadc5e@group-F967393F7C93-SegmentedRaftLog:OPENED:c-1,f-1,i0, conf=-1: [08d4cbaa-ffed-4411-a5fd-c4a38026aead:192.168.157.223:33910, da15dfee-23f0-4dc4-ad77-c00156c49cfa:192.168.157.223:42172, d6dfcdd7-fc6e-4b51-b91e-b64503dadc5e:192.168.157.223:43575], old=null
2019-10-17 21:54:50,930 [d6dfcdd7-fc6e-4b51-b91e-b64503dadc5e@group-F967393F7C93-LeaderElection82] INFO  impl.RaftServerImpl (RaftServerImpl.java:setRole(184)) - d6dfcdd7-fc6e-4b51-b91e-b64503dadc5e@group-F967393F7C93: changes role from CANDIDATE to FOLLOWER at term 67 for DISCOVERED_A_NEW_TERM
2019-10-17 21:54:50,930 [d6dfcdd7-fc6e-4b51-b91e-b64503dadc5e@group-F967393F7C93-LeaderElection82] INFO  impl.RoleInfo (RoleInfo.java:shutdownLeaderElection(134)) - d6dfcdd7-fc6e-4b51-b91e-b64503dadc5e: shutdown LeaderElection
2019-10-17 21:54:50,931 [d6dfcdd7-fc6e-4b51-b91e-b64503dadc5e@group-F967393F7C93-LeaderElection82] INFO  impl.RoleInfo (RoleInfo.java:updateAndGet(143)) - d6dfcdd7-fc6e-4b51-b91e-b64503dadc5e: start FollowerState
2019-10-17 21:54:51,067 [Thread-985] INFO  impl.FollowerState (FollowerState.java:run(108)) - d6dfcdd7-fc6e-4b51-b91e-b64503dadc5e@group-F967393F7C93-FollowerState: change to CANDIDATE, lastRpcTime:136ms, electionTimeout:136ms
2019-10-17 21:54:51,067 [Thread-985] INFO  impl.RoleInfo (RoleInfo.java:shutdownFollowerState(121)) - d6dfcdd7-fc6e-4b51-b91e-b64503dadc5e: shutdown FollowerState
2019-10-17 21:54:51,068 [Thread-985] INFO  impl.RaftServerImpl (RaftServerImpl.java:setRole(184)) - d6dfcdd7-fc6e-4b51-b91e-b64503dadc5e@group-F967393F7C93: changes role from  FOLLOWER to CANDIDATE at term 67 for changeToCandidate
2019-10-17 21:54:51,068 [Thread-985] INFO  impl.RoleInfo (RoleInfo.java:updateAndGet(143)) - d6dfcdd7-fc6e-4b51-b91e-b64503dadc5e: start LeaderElection
2019-10-17 21:54:51,118 [d6dfcdd7-fc6e-4b51-b91e-b64503dadc5e@group-F967393F7C93-LeaderElection83] INFO  impl.LeaderElection (LeaderElection.java:askForVotes(178)) - d6dfcdd7-fc6e-4b51-b91e-b64503dadc5e@group-F967393F7C93-LeaderElection83: begin an election at term 68 for -1: [08d4cbaa-ffed-4411-a5fd-c4a38026aead:192.168.157.223:33910, da15dfee-23f0-4dc4-ad77-c00156c49cfa:192.168.157.223:42172, d6dfcdd7-fc6e-4b51-b91e-b64503dadc5e:192.168.157.223:43575], old=null
2019-10-17 21:54:51,121 [grpc-default-executor-12] INFO  impl.RaftServerImpl (RaftServerImpl.java:setRole(184)) - 08d4cbaa-ffed-4411-a5fd-c4a38026aead@group-F967393F7C93: changes role from  FOLLOWER to FOLLOWER at term 68 for recognizeCandidate:d6dfcdd7-fc6e-4b51-b91e-b64503dadc5e
2019-10-17 21:54:51,121 [grpc-default-executor-1] INFO  impl.RaftServerImpl (RaftServerImpl.java:setRole(184)) - da15dfee-23f0-4dc4-ad77-c00156c49cfa@group-F967393F7C93: changes role from  FOLLOWER to FOLLOWER at term 68 for recognizeCandidate:d6dfcdd7-fc6e-4b51-b91e-b64503dadc5e
2019-10-17 21:54:51,121 [grpc-default-executor-12] INFO  impl.RoleInfo (RoleInfo.java:shutdownFollowerState(121)) - 08d4cbaa-ffed-4411-a5fd-c4a38026aead: shutdown FollowerState
2019-10-17 21:54:51,121 [grpc-default-executor-1] INFO  impl.RoleInfo (RoleInfo.java:shutdownFollowerState(121)) - da15dfee-23f0-4dc4-ad77-c00156c49cfa: shutdown FollowerState
2019-10-17 21:54:51,122 [Thread-983] INFO  impl.FollowerState (FollowerState.java:run(117)) - 08d4cbaa-ffed-4411-a5fd-c4a38026aead@group-F967393F7C93-FollowerState was interrupted: java.lang.InterruptedException: sleep interrupted
2019-10-17 21:54:51,122 [grpc-default-executor-12] INFO  impl.RoleInfo (RoleInfo.java:updateAndGet(143)) - 08d4cbaa-ffed-4411-a5fd-c4a38026aead: start FollowerState
2019-10-17 21:54:51,122 [Thread-984] INFO  impl.FollowerState (FollowerState.java:run(117)) - da15dfee-23f0-4dc4-ad77-c00156c49cfa@group-F967393F7C93-FollowerState was interrupted: java.lang.InterruptedException: sleep interrupted
2019-10-17 21:54:51,122 [grpc-default-executor-1] INFO  impl.RoleInfo (RoleInfo.java:updateAndGet(143)) - da15dfee-23f0-4dc4-ad77-c00156c49cfa: start FollowerState
2019-10-17 21:54:51,138 [d6dfcdd7-fc6e-4b51-b91e-b64503dadc5e@group-F967393F7C93-LeaderElection83] INFO  impl.LeaderElection (LeaderElection.java:logAndReturn(56)) - d6dfcdd7-fc6e-4b51-b91e-b64503dadc5e@group-F967393F7C93-LeaderElection83: Election REJECTED; received 2 response(s) [d6dfcdd7-fc6e-4b51-b91e-b64503dadc5e<-08d4cbaa-ffed-4411-a5fd-c4a38026aead#0:FAIL-t68, d6dfcdd7-fc6e-4b51-b91e-b64503dadc5e<-da15dfee-23f0-4dc4-ad77-c00156c49cfa#0:FAIL-t68] and 0 exception(s); d6dfcdd7-fc6e-4b51-b91e-b64503dadc5e@group-F967393F7C93:t68, leader=null, voted=d6dfcdd7-fc6e-4b51-b91e-b64503dadc5e, raftlog=d6dfcdd7-fc6e-4b51-b91e-b64503dadc5e@group-F967393F7C93-SegmentedRaftLog:OPENED:c-1,f-1,i0, conf=-1: [08d4cbaa-ffed-4411-a5fd-c4a38026aead:192.168.157.223:33910, da15dfee-23f0-4dc4-ad77-c00156c49cfa:192.168.157.223:42172, d6dfcdd7-fc6e-4b51-b91e-b64503dadc5e:192.168.157.223:43575], old=null
2019-10-17 21:54:51,138 [d6dfcdd7-fc6e-4b51-b91e-b64503dadc5e@group-F967393F7C93-LeaderElection83] INFO  impl.RaftServerImpl (RaftServerImpl.java:setRole(184)) - d6dfcdd7-fc6e-4b51-b91e-b64503dadc5e@group-F967393F7C93: changes role from CANDIDATE to FOLLOWER at term 68 for DISCOVERED_A_NEW_TERM
2019-10-17 21:54:51,138 [d6dfcdd7-fc6e-4b51-b91e-b64503dadc5e@group-F967393F7C93-LeaderElection83] INFO  impl.RoleInfo (RoleInfo.java:shutdownLeaderElection(134)) - d6dfcdd7-fc6e-4b51-b91e-b64503dadc5e: shutdown LeaderElection
2019-10-17 21:54:51,138 [d6dfcdd7-fc6e-4b51-b91e-b64503dadc5e@group-F967393F7C93-LeaderElection83] INFO  impl.RoleInfo (RoleInfo.java:updateAndGet(143)) - d6dfcdd7-fc6e-4b51-b91e-b64503dadc5e: start FollowerState
2019-10-17 21:54:51,249 [Thread-991] INFO  impl.FollowerState (FollowerState.java:run(108)) - d6dfcdd7-fc6e-4b51-b91e-b64503dadc5e@group-F967393F7C93-FollowerState: change to CANDIDATE, lastRpcTime:110ms, electionTimeout:110ms
2019-10-17 21:54:51,249 [Thread-991] INFO  impl.RoleInfo (RoleInfo.java:shutdownFollowerState(121)) - d6dfcdd7-fc6e-4b51-b91e-b64503dadc5e: shutdown FollowerState
2019-10-17 21:54:51,249 [Thread-991] INFO  impl.RaftServerImpl (RaftServerImpl.java:setRole(184)) - d6dfcdd7-fc6e-4b51-b91e-b64503dadc5e@group-F967393F7C93: changes role from  FOLLOWER to CANDIDATE at term 68 for changeToCandidate
2019-10-17 21:54:51,250 [Thread-991] INFO  impl.RoleInfo (RoleInfo.java:updateAndGet(143)) - d6dfcdd7-fc6e-4b51-b91e-b64503dadc5e: start LeaderElection
2019-10-17 21:54:51,263 [d6dfcdd7-fc6e-4b51-b91e-b64503dadc5e@group-F967393F7C93-LeaderElection84] INFO  impl.LeaderElection (LeaderElection.java:askForVotes(178)) - d6dfcdd7-fc6e-4b51-b91e-b64503dadc5e@group-F967393F7C93-LeaderElection84: begin an election at term 69 for -1: [08d4cbaa-ffed-4411-a5fd-c4a38026aead:192.168.157.223:33910, da15dfee-23f0-4dc4-ad77-c00156c49cfa:192.168.157.223:42172, d6dfcdd7-fc6e-4b51-b91e-b64503dadc5e:192.168.157.223:43575], old=null
2019-10-17 21:54:51,265 [grpc-default-executor-12] INFO  impl.RaftServerImpl (RaftServerImpl.java:setRole(184)) - 08d4cbaa-ffed-4411-a5fd-c4a38026aead@group-F967393F7C93: changes role from  FOLLOWER to FOLLOWER at term 69 for recognizeCandidate:d6dfcdd7-fc6e-4b51-b91e-b64503dadc5e
2019-10-17 21:54:51,265 [grpc-default-executor-1] INFO  impl.RaftServerImpl (RaftServerImpl.java:setRole(184)) - da15dfee-23f0-4dc4-ad77-c00156c49cfa@group-F967393F7C93: changes role from  FOLLOWER to FOLLOWER at term 69 for recognizeCandidate:d6dfcdd7-fc6e-4b51-b91e-b64503dadc5e
2019-10-17 21:54:51,266 [grpc-default-executor-12] INFO  impl.RoleInfo (RoleInfo.java:shutdownFollowerState(121)) - 08d4cbaa-ffed-4411-a5fd-c4a38026aead: shutdown FollowerState
2019-10-17 21:54:51,266 [grpc-default-executor-1] INFO  impl.RoleInfo (RoleInfo.java:shutdownFollowerState(121)) - da15dfee-23f0-4dc4-ad77-c00156c49cfa: shutdown FollowerState
2019-10-17 21:54:51,266 [Thread-989] INFO  impl.FollowerState (FollowerState.java:run(117)) - 08d4cbaa-ffed-4411-a5fd-c4a38026aead@group-F967393F7C93-FollowerState was interrupted: java.lang.InterruptedException: sleep interrupted
2019-10-17 21:54:51,266 [grpc-default-executor-12] INFO  impl.RoleInfo (RoleInfo.java:updateAndGet(143)) - 08d4cbaa-ffed-4411-a5fd-c4a38026aead: start FollowerState
2019-10-17 21:54:51,266 [Thread-990] INFO  impl.FollowerState (FollowerState.java:run(117)) - da15dfee-23f0-4dc4-ad77-c00156c49cfa@group-F967393F7C93-FollowerState was interrupted: java.lang.InterruptedException: sleep interrupted
2019-10-17 21:54:51,266 [grpc-default-executor-1] INFO  impl.RoleInfo (RoleInfo.java:updateAndGet(143)) - da15dfee-23f0-4dc4-ad77-c00156c49cfa: start FollowerState
2019-10-17 21:54:51,281 [d6dfcdd7-fc6e-4b51-b91e-b64503dadc5e@group-F967393F7C93-LeaderElection84] INFO  impl.LeaderElection (LeaderElection.java:logAndReturn(56)) - d6dfcdd7-fc6e-4b51-b91e-b64503dadc5e@group-F967393F7C93-LeaderElection84: Election REJECTED; received 2 response(s) [d6dfcdd7-fc6e-4b51-b91e-b64503dadc5e<-08d4cbaa-ffed-4411-a5fd-c4a38026aead#0:FAIL-t69, d6dfcdd7-fc6e-4b51-b91e-b64503dadc5e<-da15dfee-23f0-4dc4-ad77-c00156c49cfa#0:FAIL-t69] and 0 exception(s); d6dfcdd7-fc6e-4b51-b91e-b64503dadc5e@group-F967393F7C93:t69, leader=null, voted=d6dfcdd7-fc6e-4b51-b91e-b64503dadc5e, raftlog=d6dfcdd7-fc6e-4b51-b91e-b64503dadc5e@group-F967393F7C93-SegmentedRaftLog:OPENED:c-1,f-1,i0, conf=-1: [08d4cbaa-ffed-4411-a5fd-c4a38026aead:192.168.157.223:33910, da15dfee-23f0-4dc4-ad77-c00156c49cfa:192.168.157.223:42172, d6dfcdd7-fc6e-4b51-b91e-b64503dadc5e:192.168.157.223:43575], old=null
2019-10-17 21:54:51,282 [d6dfcdd7-fc6e-4b51-b91e-b64503dadc5e@group-F967393F7C93-LeaderElection84] INFO  impl.RaftServerImpl (RaftServerImpl.java:setRole(184)) - d6dfcdd7-fc6e-4b51-b91e-b64503dadc5e@group-F967393F7C93: changes role from CANDIDATE to FOLLOWER at term 69 for DISCOVERED_A_NEW_TERM
2019-10-17 21:54:51,282 [d6dfcdd7-fc6e-4b51-b91e-b64503dadc5e@group-F967393F7C93-LeaderElection84] INFO  impl.RoleInfo (RoleInfo.java:shutdownLeaderElection(134)) - d6dfcdd7-fc6e-4b51-b91e-b64503dadc5e: shutdown LeaderElection
2019-10-17 21:54:51,282 [d6dfcdd7-fc6e-4b51-b91e-b64503dadc5e@group-F967393F7C93-LeaderElection84] INFO  impl.RoleInfo (RoleInfo.java:updateAndGet(143)) - d6dfcdd7-fc6e-4b51-b91e-b64503dadc5e: start FollowerState
2019-10-17 21:54:51,307 [Thread-997] INFO  impl.FollowerState (FollowerState.java:run(108)) - d6dfcdd7-fc6e-4b51-b91e-b64503dadc5e@group-F967393F7C93-FollowerState: change to CANDIDATE, lastRpcTime:25ms, electionTimeout:25ms
2019-10-17 21:54:51,307 [Thread-997] INFO  impl.RoleInfo (RoleInfo.java:shutdownFollowerState(121)) - d6dfcdd7-fc6e-4b51-b91e-b64503dadc5e: shutdown FollowerState
2019-10-17 21:54:51,307 [Thread-997] INFO  impl.RaftServerImpl (RaftServerImpl.java:setRole(184)) - d6dfcdd7-fc6e-4b51-b91e-b64503dadc5e@group-F967393F7C93: changes role from  FOLLOWER to CANDIDATE at term 69 for changeToCandidate
2019-10-17 21:54:51,308 [Thread-997] INFO  impl.RoleInfo (RoleInfo.java:updateAndGet(143)) - d6dfcdd7-fc6e-4b51-b91e-b64503dadc5e: start LeaderElection
2019-10-17 21:54:51,321 [d6dfcdd7-fc6e-4b51-b91e-b64503dadc5e@group-F967393F7C93-LeaderElection85] INFO  impl.LeaderElection (LeaderElection.java:askForVotes(178)) - d6dfcdd7-fc6e-4b51-b91e-b64503dadc5e@group-F967393F7C93-LeaderElection85: begin an election at term 70 for -1: [08d4cbaa-ffed-4411-a5fd-c4a38026aead:192.168.157.223:33910, da15dfee-23f0-4dc4-ad77-c00156c49cfa:192.168.157.223:42172, d6dfcdd7-fc6e-4b51-b91e-b64503dadc5e:192.168.157.223:43575], old=null
2019-10-17 21:54:51,323 [grpc-default-executor-1] INFO  impl.RaftServerImpl (RaftServerImpl.java:setRole(184)) - 08d4cbaa-ffed-4411-a5fd-c4a38026aead@group-F967393F7C93: changes role from  FOLLOWER to FOLLOWER at term 70 for recognizeCandidate:d6dfcdd7-fc6e-4b51-b91e-b64503dadc5e
2019-10-17 21:54:51,323 [grpc-default-executor-1] INFO  impl.RoleInfo (RoleInfo.java:shutdownFollowerState(121)) - 08d4cbaa-ffed-4411-a5fd-c4a38026aead: shutdown FollowerState
2019-10-17 21:54:51,323 [grpc-default-executor-1] INFO  impl.RoleInfo (RoleInfo.java:updateAndGet(143)) - 08d4cbaa-ffed-4411-a5fd-c4a38026aead: start FollowerState
2019-10-17 21:54:51,323 [grpc-default-executor-12] INFO  impl.RaftServerImpl (RaftServerImpl.java:setRole(184)) - da15dfee-23f0-4dc4-ad77-c00156c49cfa@group-F967393F7C93: changes role from  FOLLOWER to FOLLOWER at term 70 for recognizeCandidate:d6dfcdd7-fc6e-4b51-b91e-b64503dadc5e
2019-10-17 21:54:51,323 [Thread-995] INFO  impl.FollowerState (FollowerState.java:run(117)) - 08d4cbaa-ffed-4411-a5fd-c4a38026aead@group-F967393F7C93-FollowerState was interrupted: java.lang.InterruptedException: sleep interrupted
2019-10-17 21:54:51,323 [grpc-default-executor-12] INFO  impl.RoleInfo (RoleInfo.java:shutdownFollowerState(121)) - da15dfee-23f0-4dc4-ad77-c00156c49cfa: shutdown FollowerState
2019-10-17 21:54:51,323 [grpc-default-executor-12] INFO  impl.RoleInfo (RoleInfo.java:updateAndGet(143)) - da15dfee-23f0-4dc4-ad77-c00156c49cfa: start FollowerState
2019-10-17 21:54:51,323 [Thread-996] INFO  impl.FollowerState (FollowerState.java:run(117)) - da15dfee-23f0-4dc4-ad77-c00156c49cfa@group-F967393F7C93-FollowerState was interrupted: java.lang.InterruptedException: sleep interrupted
2019-10-17 21:54:51,339 [d6dfcdd7-fc6e-4b51-b91e-b64503dadc5e@group-F967393F7C93-LeaderElection85] INFO  impl.LeaderElection (LeaderElection.java:logAndReturn(56)) - d6dfcdd7-fc6e-4b51-b91e-b64503dadc5e@group-F967393F7C93-LeaderElection85: Election REJECTED; received 2 response(s) [d6dfcdd7-fc6e-4b51-b91e-b64503dadc5e<-08d4cbaa-ffed-4411-a5fd-c4a38026aead#0:FAIL-t70, d6dfcdd7-fc6e-4b51-b91e-b64503dadc5e<-da15dfee-23f0-4dc4-ad77-c00156c49cfa#0:FAIL-t70] and 0 exception(s); d6dfcdd7-fc6e-4b51-b91e-b64503dadc5e@group-F967393F7C93:t70, leader=null, voted=d6dfcdd7-fc6e-4b51-b91e-b64503dadc5e, raftlog=d6dfcdd7-fc6e-4b51-b91e-b64503dadc5e@group-F967393F7C93-SegmentedRaftLog:OPENED:c-1,f-1,i0, conf=-1: [08d4cbaa-ffed-4411-a5fd-c4a38026aead:192.168.157.223:33910, da15dfee-23f0-4dc4-ad77-c00156c49cfa:192.168.157.223:42172, d6dfcdd7-fc6e-4b51-b91e-b64503dadc5e:192.168.157.223:43575], old=null
2019-10-17 21:54:51,340 [d6dfcdd7-fc6e-4b51-b91e-b64503dadc5e@group-F967393F7C93-LeaderElection85] INFO  impl.RaftServerImpl (RaftServerImpl.java:setRole(184)) - d6dfcdd7-fc6e-4b51-b91e-b64503dadc5e@group-F967393F7C93: changes role from CANDIDATE to FOLLOWER at term 70 for DISCOVERED_A_NEW_TERM
2019-10-17 21:54:51,340 [d6dfcdd7-fc6e-4b51-b91e-b64503dadc5e@group-F967393F7C93-LeaderElection85] INFO  impl.RoleInfo (RoleInfo.java:shutdownLeaderElection(134)) - d6dfcdd7-fc6e-4b51-b91e-b64503dadc5e: shutdown LeaderElection
2019-10-17 21:54:51,340 [d6dfcdd7-fc6e-4b51-b91e-b64503dadc5e@group-F967393F7C93-LeaderElection85] INFO  impl.RoleInfo (RoleInfo.java:updateAndGet(143)) - d6dfcdd7-fc6e-4b51-b91e-b64503dadc5e: start FollowerState
2019-10-17 21:54:51,356 [Thread-1007] INFO  impl.FollowerState (FollowerState.java:run(108)) - d6dfcdd7-fc6e-4b51-b91e-b64503dadc5e@group-F967393F7C93-FollowerState: change to CANDIDATE, lastRpcTime:16ms, electionTimeout:16ms
2019-10-17 21:54:51,357 [Thread-1007] INFO  impl.RoleInfo (RoleInfo.java:shutdownFollowerState(121)) - d6dfcdd7-fc6e-4b51-b91e-b64503dadc5e: shutdown FollowerState
2019-10-17 21:54:51,357 [Thread-1007] INFO  impl.RaftServerImpl (RaftServerImpl.java:setRole(184)) - d6dfcdd7-fc6e-4b51-b91e-b64503dadc5e@group-F967393F7C93: changes role from  FOLLOWER to CANDIDATE at term 70 for changeToCandidate
2019-10-17 21:54:51,357 [Thread-1007] INFO  impl.RoleInfo (RoleInfo.java:updateAndGet(143)) - d6dfcdd7-fc6e-4b51-b91e-b64503dadc5e: start LeaderElection
2019-10-17 21:54:51,374 [d6dfcdd7-fc6e-4b51-b91e-b64503dadc5e@group-F967393F7C93-LeaderElection86] INFO  impl.LeaderElection (LeaderElection.java:askForVotes(178)) - d6dfcdd7-fc6e-4b51-b91e-b64503dadc5e@group-F967393F7C93-LeaderElection86: begin an election at term 71 for -1: [08d4cbaa-ffed-4411-a5fd-c4a38026aead:192.168.157.223:33910, da15dfee-23f0-4dc4-ad77-c00156c49cfa:192.168.157.223:42172, d6dfcdd7-fc6e-4b51-b91e-b64503dadc5e:192.168.157.223:43575], old=null
2019-10-17 21:54:51,377 [grpc-default-executor-1] INFO  impl.RaftServerImpl (RaftServerImpl.java:setRole(184)) - da15dfee-23f0-4dc4-ad77-c00156c49cfa@group-F967393F7C93: changes role from  FOLLOWER to FOLLOWER at term 71 for recognizeCandidate:d6dfcdd7-fc6e-4b51-b91e-b64503dadc5e
2019-10-17 21:54:51,377 [grpc-default-executor-12] INFO  impl.RaftServerImpl (RaftServerImpl.java:setRole(184)) - 08d4cbaa-ffed-4411-a5fd-c4a38026aead@group-F967393F7C93: changes role from  FOLLOWER to FOLLOWER at term 71 for recognizeCandidate:d6dfcdd7-fc6e-4b51-b91e-b64503dadc5e
2019-10-17 21:54:51,377 [grpc-default-executor-1] INFO  impl.RoleInfo (RoleInfo.java:shutdownFollowerState(121)) - da15dfee-23f0-4dc4-ad77-c00156c49cfa: shutdown FollowerState
2019-10-17 21:54:51,377 [grpc-default-executor-12] INFO  impl.RoleInfo (RoleInfo.java:shutdownFollowerState(121)) - 08d4cbaa-ffed-4411-a5fd-c4a38026aead: shutdown FollowerState
2019-10-17 21:54:51,377 [grpc-default-executor-1] INFO  impl.RoleInfo (RoleInfo.java:updateAndGet(143)) - da15dfee-23f0-4dc4-ad77-c00156c49cfa: start FollowerState
2019-10-17 21:54:51,377 [Thread-1003] INFO  impl.FollowerState (FollowerState.java:run(117)) - 08d4cbaa-ffed-4411-a5fd-c4a38026aead@group-F967393F7C93-FollowerState was interrupted: java.lang.InterruptedException: sleep interrupted
2019-10-17 21:54:51,377 [Thread-1004] INFO  impl.FollowerState (FollowerState.java:run(117)) - da15dfee-23f0-4dc4-ad77-c00156c49cfa@group-F967393F7C93-FollowerState was interrupted: java.lang.InterruptedException: sleep interrupted
2019-10-17 21:54:51,377 [grpc-default-executor-12] INFO  impl.RoleInfo (RoleInfo.java:updateAndGet(143)) - 08d4cbaa-ffed-4411-a5fd-c4a38026aead: start FollowerState
2019-10-17 21:54:51,392 [d6dfcdd7-fc6e-4b51-b91e-b64503dadc5e@group-F967393F7C93-LeaderElection86] INFO  impl.LeaderElection (LeaderElection.java:logAndReturn(56)) - d6dfcdd7-fc6e-4b51-b91e-b64503dadc5e@group-F967393F7C93-LeaderElection86: Election REJECTED; received 2 response(s) [d6dfcdd7-fc6e-4b51-b91e-b64503dadc5e<-08d4cbaa-ffed-4411-a5fd-c4a38026aead#0:FAIL-t71, d6dfcdd7-fc6e-4b51-b91e-b64503dadc5e<-da15dfee-23f0-4dc4-ad77-c00156c49cfa#0:FAIL-t71] and 0 exception(s); d6dfcdd7-fc6e-4b51-b91e-b64503dadc5e@group-F967393F7C93:t71, leader=null, voted=d6dfcdd7-fc6e-4b51-b91e-b64503dadc5e, raftlog=d6dfcdd7-fc6e-4b51-b91e-b64503dadc5e@group-F967393F7C93-SegmentedRaftLog:OPENED:c-1,f-1,i0, conf=-1: [08d4cbaa-ffed-4411-a5fd-c4a38026aead:192.168.157.223:33910, da15dfee-23f0-4dc4-ad77-c00156c49cfa:192.168.157.223:42172, d6dfcdd7-fc6e-4b51-b91e-b64503dadc5e:192.168.157.223:43575], old=null
2019-10-17 21:54:51,393 [d6dfcdd7-fc6e-4b51-b91e-b64503dadc5e@group-F967393F7C93-LeaderElection86] INFO  impl.RaftServerImpl (RaftServerImpl.java:setRole(184)) - d6dfcdd7-fc6e-4b51-b91e-b64503dadc5e@group-F967393F7C93: changes role from CANDIDATE to FOLLOWER at term 71 for DISCOVERED_A_NEW_TERM
2019-10-17 21:54:51,393 [d6dfcdd7-fc6e-4b51-b91e-b64503dadc5e@group-F967393F7C93-LeaderElection86] INFO  impl.RoleInfo (RoleInfo.java:shutdownLeaderElection(134)) - d6dfcdd7-fc6e-4b51-b91e-b64503dadc5e: shutdown LeaderElection
2019-10-17 21:54:51,393 [d6dfcdd7-fc6e-4b51-b91e-b64503dadc5e@group-F967393F7C93-LeaderElection86] INFO  impl.RoleInfo (RoleInfo.java:updateAndGet(143)) - d6dfcdd7-fc6e-4b51-b91e-b64503dadc5e: start FollowerState
2019-10-17 21:54:51,526 [Thread-1013] INFO  impl.FollowerState (FollowerState.java:run(108)) - d6dfcdd7-fc6e-4b51-b91e-b64503dadc5e@group-F967393F7C93-FollowerState: change to CANDIDATE, lastRpcTime:133ms, electionTimeout:133ms
2019-10-17 21:54:51,527 [Thread-1013] INFO  impl.RoleInfo (RoleInfo.java:shutdownFollowerState(121)) - d6dfcdd7-fc6e-4b51-b91e-b64503dadc5e: shutdown FollowerState
2019-10-17 21:54:51,527 [Thread-1013] INFO  impl.RaftServerImpl (RaftServerImpl.java:setRole(184)) - d6dfcdd7-fc6e-4b51-b91e-b64503dadc5e@group-F967393F7C93: changes role from  FOLLOWER to CANDIDATE at term 71 for changeToCandidate
2019-10-17 21:54:51,527 [Thread-1013] INFO  impl.RoleInfo (RoleInfo.java:updateAndGet(143)) - d6dfcdd7-fc6e-4b51-b91e-b64503dadc5e: start LeaderElection
2019-10-17 21:54:51,541 [d6dfcdd7-fc6e-4b51-b91e-b64503dadc5e@group-F967393F7C93-LeaderElection87] INFO  impl.LeaderElection (LeaderElection.java:askForVotes(178)) - d6dfcdd7-fc6e-4b51-b91e-b64503dadc5e@group-F967393F7C93-LeaderElection87: begin an election at term 72 for -1: [08d4cbaa-ffed-4411-a5fd-c4a38026aead:192.168.157.223:33910, da15dfee-23f0-4dc4-ad77-c00156c49cfa:192.168.157.223:42172, d6dfcdd7-fc6e-4b51-b91e-b64503dadc5e:192.168.157.223:43575], old=null
2019-10-17 21:54:51,544 [grpc-default-executor-1] INFO  impl.RaftServerImpl (RaftServerImpl.java:setRole(184)) - da15dfee-23f0-4dc4-ad77-c00156c49cfa@group-F967393F7C93: changes role from  FOLLOWER to FOLLOWER at term 72 for recognizeCandidate:d6dfcdd7-fc6e-4b51-b91e-b64503dadc5e
2019-10-17 21:54:51,544 [grpc-default-executor-12] INFO  impl.RaftServerImpl (RaftServerImpl.java:setRole(184)) - 08d4cbaa-ffed-4411-a5fd-c4a38026aead@group-F967393F7C93: changes role from  FOLLOWER to FOLLOWER at term 72 for recognizeCandidate:d6dfcdd7-fc6e-4b51-b91e-b64503dadc5e
2019-10-17 21:54:51,544 [grpc-default-executor-1] INFO  impl.RoleInfo (RoleInfo.java:shutdownFollowerState(121)) - da15dfee-23f0-4dc4-ad77-c00156c49cfa: shutdown FollowerState
2019-10-17 21:54:51,544 [grpc-default-executor-12] INFO  impl.RoleInfo (RoleInfo.java:shutdownFollowerState(121)) - 08d4cbaa-ffed-4411-a5fd-c4a38026aead: shutdown FollowerState
2019-10-17 21:54:51,544 [Thread-1011] INFO  impl.FollowerState (FollowerState.java:run(117)) - da15dfee-23f0-4dc4-ad77-c00156c49cfa@group-F967393F7C93-FollowerState was interrupted: java.lang.InterruptedException: sleep interrupted
2019-10-17 21:54:51,544 [grpc-default-executor-1] INFO  impl.RoleInfo (RoleInfo.java:updateAndGet(143)) - da15dfee-23f0-4dc4-ad77-c00156c49cfa: start FollowerState
2019-10-17 21:54:51,544 [Thread-1012] INFO  impl.FollowerState (FollowerState.java:run(117)) - 08d4cbaa-ffed-4411-a5fd-c4a38026aead@group-F967393F7C93-FollowerState was interrupted: java.lang.InterruptedException: sleep interrupted
2019-10-17 21:54:51,544 [grpc-default-executor-12] INFO  impl.RoleInfo (RoleInfo.java:updateAndGet(143)) - 08d4cbaa-ffed-4411-a5fd-c4a38026aead: start FollowerState
2019-10-17 21:54:51,559 [d6dfcdd7-fc6e-4b51-b91e-b64503dadc5e@group-F967393F7C93-LeaderElection87] INFO  impl.LeaderElection (LeaderElection.java:logAndReturn(56)) - d6dfcdd7-fc6e-4b51-b91e-b64503dadc5e@group-F967393F7C93-LeaderElection87: Election REJECTED; received 2 response(s) [d6dfcdd7-fc6e-4b51-b91e-b64503dadc5e<-08d4cbaa-ffed-4411-a5fd-c4a38026aead#0:FAIL-t72, d6dfcdd7-fc6e-4b51-b91e-b64503dadc5e<-da15dfee-23f0-4dc4-ad77-c00156c49cfa#0:FAIL-t72] and 0 exception(s); d6dfcdd7-fc6e-4b51-b91e-b64503dadc5e@group-F967393F7C93:t72, leader=null, voted=d6dfcdd7-fc6e-4b51-b91e-b64503dadc5e, raftlog=d6dfcdd7-fc6e-4b51-b91e-b64503dadc5e@group-F967393F7C93-SegmentedRaftLog:OPENED:c-1,f-1,i0, conf=-1: [08d4cbaa-ffed-4411-a5fd-c4a38026aead:192.168.157.223:33910, da15dfee-23f0-4dc4-ad77-c00156c49cfa:192.168.157.223:42172, d6dfcdd7-fc6e-4b51-b91e-b64503dadc5e:192.168.157.223:43575], old=null
2019-10-17 21:54:51,559 [d6dfcdd7-fc6e-4b51-b91e-b64503dadc5e@group-F967393F7C93-LeaderElection87] INFO  impl.RaftServerImpl (RaftServerImpl.java:setRole(184)) - d6dfcdd7-fc6e-4b51-b91e-b64503dadc5e@group-F967393F7C93: changes role from CANDIDATE to FOLLOWER at term 72 for DISCOVERED_A_NEW_TERM
2019-10-17 21:54:51,559 [d6dfcdd7-fc6e-4b51-b91e-b64503dadc5e@group-F967393F7C93-LeaderElection87] INFO  impl.RoleInfo (RoleInfo.java:shutdownLeaderElection(134)) - d6dfcdd7-fc6e-4b51-b91e-b64503dadc5e: shutdown LeaderElection
2019-10-17 21:54:51,560 [d6dfcdd7-fc6e-4b51-b91e-b64503dadc5e@group-F967393F7C93-LeaderElection87] INFO  impl.RoleInfo (RoleInfo.java:updateAndGet(143)) - d6dfcdd7-fc6e-4b51-b91e-b64503dadc5e: start FollowerState
2019-10-17 21:54:51,690 [Thread-1019] INFO  impl.FollowerState (FollowerState.java:run(108)) - d6dfcdd7-fc6e-4b51-b91e-b64503dadc5e@group-F967393F7C93-FollowerState: change to CANDIDATE, lastRpcTime:130ms, electionTimeout:130ms
2019-10-17 21:54:51,690 [Thread-1019] INFO  impl.RoleInfo (RoleInfo.java:shutdownFollowerState(121)) - d6dfcdd7-fc6e-4b51-b91e-b64503dadc5e: shutdown FollowerState
2019-10-17 21:54:51,690 [Thread-1019] INFO  impl.RaftServerImpl (RaftServerImpl.java:setRole(184)) - d6dfcdd7-fc6e-4b51-b91e-b64503dadc5e@group-F967393F7C93: changes role from  FOLLOWER to CANDIDATE at term 72 for changeToCandidate
2019-10-17 21:54:51,690 [Thread-1019] INFO  impl.RoleInfo (RoleInfo.java:updateAndGet(143)) - d6dfcdd7-fc6e-4b51-b91e-b64503dadc5e: start LeaderElection
2019-10-17 21:54:51,704 [d6dfcdd7-fc6e-4b51-b91e-b64503dadc5e@group-F967393F7C93-LeaderElection88] INFO  impl.LeaderElection (LeaderElection.java:askForVotes(178)) - d6dfcdd7-fc6e-4b51-b91e-b64503dadc5e@group-F967393F7C93-LeaderElection88: begin an election at term 73 for -1: [08d4cbaa-ffed-4411-a5fd-c4a38026aead:192.168.157.223:33910, da15dfee-23f0-4dc4-ad77-c00156c49cfa:192.168.157.223:42172, d6dfcdd7-fc6e-4b51-b91e-b64503dadc5e:192.168.157.223:43575], old=null
2019-10-17 21:54:51,707 [grpc-default-executor-12] INFO  impl.RaftServerImpl (RaftServerImpl.java:setRole(184)) - 08d4cbaa-ffed-4411-a5fd-c4a38026aead@group-F967393F7C93: changes role from  FOLLOWER to FOLLOWER at term 73 for recognizeCandidate:d6dfcdd7-fc6e-4b51-b91e-b64503dadc5e
2019-10-17 21:54:51,707 [grpc-default-executor-1] INFO  impl.RaftServerImpl (RaftServerImpl.java:setRole(184)) - da15dfee-23f0-4dc4-ad77-c00156c49cfa@group-F967393F7C93: changes role from  FOLLOWER to FOLLOWER at term 73 for recognizeCandidate:d6dfcdd7-fc6e-4b51-b91e-b64503dadc5e
2019-10-17 21:54:51,707 [grpc-default-executor-12] INFO  impl.RoleInfo (RoleInfo.java:shutdownFollowerState(121)) - 08d4cbaa-ffed-4411-a5fd-c4a38026aead: shutdown FollowerState
2019-10-17 21:54:51,707 [grpc-default-executor-1] INFO  impl.RoleInfo (RoleInfo.java:shutdownFollowerState(121)) - da15dfee-23f0-4dc4-ad77-c00156c49cfa: shutdown FollowerState
2019-10-17 21:54:51,707 [Thread-1018] INFO  impl.FollowerState (FollowerState.java:run(117)) - 08d4cbaa-ffed-4411-a5fd-c4a38026aead@group-F967393F7C93-FollowerState was interrupted: java.lang.InterruptedException: sleep interrupted
2019-10-17 21:54:51,708 [Thread-1017] INFO  impl.FollowerState (FollowerState.java:run(117)) - da15dfee-23f0-4dc4-ad77-c00156c49cfa@group-F967393F7C93-FollowerState was interrupted: java.lang.InterruptedException: sleep interrupted
2019-10-17 21:54:51,707 [grpc-default-executor-12] INFO  impl.RoleInfo (RoleInfo.java:updateAndGet(143)) - 08d4cbaa-ffed-4411-a5fd-c4a38026aead: start FollowerState
2019-10-17 21:54:51,708 [grpc-default-executor-1] INFO  impl.RoleInfo (RoleInfo.java:updateAndGet(143)) - da15dfee-23f0-4dc4-ad77-c00156c49cfa: start FollowerState
2019-10-17 21:54:51,731 [d6dfcdd7-fc6e-4b51-b91e-b64503dadc5e@group-F967393F7C93-LeaderElection88] INFO  impl.LeaderElection (LeaderElection.java:logAndReturn(56)) - d6dfcdd7-fc6e-4b51-b91e-b64503dadc5e@group-F967393F7C93-LeaderElection88: Election REJECTED; received 2 response(s) [d6dfcdd7-fc6e-4b51-b91e-b64503dadc5e<-08d4cbaa-ffed-4411-a5fd-c4a38026aead#0:FAIL-t73, d6dfcdd7-fc6e-4b51-b91e-b64503dadc5e<-da15dfee-23f0-4dc4-ad77-c00156c49cfa#0:FAIL-t73] and 0 exception(s); d6dfcdd7-fc6e-4b51-b91e-b64503dadc5e@group-F967393F7C93:t73, leader=null, voted=d6dfcdd7-fc6e-4b51-b91e-b64503dadc5e, raftlog=d6dfcdd7-fc6e-4b51-b91e-b64503dadc5e@group-F967393F7C93-SegmentedRaftLog:OPENED:c-1,f-1,i0, conf=-1: [08d4cbaa-ffed-4411-a5fd-c4a38026aead:192.168.157.223:33910, da15dfee-23f0-4dc4-ad77-c00156c49cfa:192.168.157.223:42172, d6dfcdd7-fc6e-4b51-b91e-b64503dadc5e:192.168.157.223:43575], old=null
2019-10-17 21:54:51,731 [d6dfcdd7-fc6e-4b51-b91e-b64503dadc5e@group-F967393F7C93-LeaderElection88] INFO  impl.RaftServerImpl (RaftServerImpl.java:setRole(184)) - d6dfcdd7-fc6e-4b51-b91e-b64503dadc5e@group-F967393F7C93: changes role from CANDIDATE to FOLLOWER at term 73 for DISCOVERED_A_NEW_TERM
2019-10-17 21:54:51,732 [d6dfcdd7-fc6e-4b51-b91e-b64503dadc5e@group-F967393F7C93-LeaderElection88] INFO  impl.RoleInfo (RoleInfo.java:shutdownLeaderElection(134)) - d6dfcdd7-fc6e-4b51-b91e-b64503dadc5e: shutdown LeaderElection
2019-10-17 21:54:51,732 [d6dfcdd7-fc6e-4b51-b91e-b64503dadc5e@group-F967393F7C93-LeaderElection88] INFO  impl.RoleInfo (RoleInfo.java:updateAndGet(143)) - d6dfcdd7-fc6e-4b51-b91e-b64503dadc5e: start FollowerState
2019-10-17 21:54:51,827 [Thread-1025] INFO  impl.FollowerState (FollowerState.java:run(108)) - d6dfcdd7-fc6e-4b51-b91e-b64503dadc5e@group-F967393F7C93-FollowerState: change to CANDIDATE, lastRpcTime:95ms, electionTimeout:94ms
2019-10-17 21:54:51,828 [Thread-1025] INFO  impl.RoleInfo (RoleInfo.java:shutdownFollowerState(121)) - d6dfcdd7-fc6e-4b51-b91e-b64503dadc5e: shutdown FollowerState
2019-10-17 21:54:51,828 [Thread-1025] INFO  impl.RaftServerImpl (RaftServerImpl.java:setRole(184)) - d6dfcdd7-fc6e-4b51-b91e-b64503dadc5e@group-F967393F7C93: changes role from  FOLLOWER to CANDIDATE at term 73 for changeToCandidate
2019-10-17 21:54:51,828 [Thread-1025] INFO  impl.RoleInfo (RoleInfo.java:updateAndGet(143)) - d6dfcdd7-fc6e-4b51-b91e-b64503dadc5e: start LeaderElection
2019-10-17 21:54:51,841 [d6dfcdd7-fc6e-4b51-b91e-b64503dadc5e@group-F967393F7C93-LeaderElection89] INFO  impl.LeaderElection (LeaderElection.java:askForVotes(178)) - d6dfcdd7-fc6e-4b51-b91e-b64503dadc5e@group-F967393F7C93-LeaderElection89: begin an election at term 74 for -1: [08d4cbaa-ffed-4411-a5fd-c4a38026aead:192.168.157.223:33910, da15dfee-23f0-4dc4-ad77-c00156c49cfa:192.168.157.223:42172, d6dfcdd7-fc6e-4b51-b91e-b64503dadc5e:192.168.157.223:43575], old=null
2019-10-17 21:54:51,843 [grpc-default-executor-1] INFO  impl.RaftServerImpl (RaftServerImpl.java:setRole(184)) - 08d4cbaa-ffed-4411-a5fd-c4a38026aead@group-F967393F7C93: changes role from  FOLLOWER to FOLLOWER at term 74 for recognizeCandidate:d6dfcdd7-fc6e-4b51-b91e-b64503dadc5e
2019-10-17 21:54:51,843 [grpc-default-executor-1] INFO  impl.RoleInfo (RoleInfo.java:shutdownFollowerState(121)) - 08d4cbaa-ffed-4411-a5fd-c4a38026aead: shutdown FollowerState
2019-10-17 21:54:51,843 [grpc-default-executor-9] INFO  impl.RaftServerImpl (RaftServerImpl.java:setRole(184)) - da15dfee-23f0-4dc4-ad77-c00156c49cfa@group-F967393F7C93: changes role from  FOLLOWER to FOLLOWER at term 74 for recognizeCandidate:d6dfcdd7-fc6e-4b51-b91e-b64503dadc5e
2019-10-17 21:54:51,844 [Thread-1023] INFO  impl.FollowerState (FollowerState.java:run(117)) - 08d4cbaa-ffed-4411-a5fd-c4a38026aead@group-F967393F7C93-FollowerState was interrupted: java.lang.InterruptedException: sleep interrupted
2019-10-17 21:54:51,844 [grpc-default-executor-1] INFO  impl.RoleInfo (RoleInfo.java:updateAndGet(143)) - 08d4cbaa-ffed-4411-a5fd-c4a38026aead: start FollowerState
2019-10-17 21:54:51,844 [grpc-default-executor-9] INFO  impl.RoleInfo (RoleInfo.java:shutdownFollowerState(121)) - da15dfee-23f0-4dc4-ad77-c00156c49cfa: shutdown FollowerState
2019-10-17 21:54:51,844 [grpc-default-executor-9] INFO  impl.RoleInfo (RoleInfo.java:updateAndGet(143)) - da15dfee-23f0-4dc4-ad77-c00156c49cfa: start FollowerState
2019-10-17 21:54:51,844 [Thread-1024] INFO  impl.FollowerState (FollowerState.java:run(117)) - da15dfee-23f0-4dc4-ad77-c00156c49cfa@group-F967393F7C93-FollowerState was interrupted: java.lang.InterruptedException: sleep interrupted
2019-10-17 21:54:51,854 [d6dfcdd7-fc6e-4b51-b91e-b64503dadc5e@group-F967393F7C93-LeaderElection89] INFO  impl.LeaderElection (LeaderElection.java:logAndReturn(56)) - d6dfcdd7-fc6e-4b51-b91e-b64503dadc5e@group-F967393F7C93-LeaderElection89: Election TIMEOUT; received 0 response(s) [] and 0 exception(s); d6dfcdd7-fc6e-4b51-b91e-b64503dadc5e@group-F967393F7C93:t74, leader=null, voted=d6dfcdd7-fc6e-4b51-b91e-b64503dadc5e, raftlog=d6dfcdd7-fc6e-4b51-b91e-b64503dadc5e@group-F967393F7C93-SegmentedRaftLog:OPENED:c-1,f-1,i0, conf=-1: [08d4cbaa-ffed-4411-a5fd-c4a38026aead:192.168.157.223:33910, da15dfee-23f0-4dc4-ad77-c00156c49cfa:192.168.157.223:42172, d6dfcdd7-fc6e-4b51-b91e-b64503dadc5e:192.168.157.223:43575], old=null
2019-10-17 21:54:51,858 [d6dfcdd7-fc6e-4b51-b91e-b64503dadc5e@group-F967393F7C93-LeaderElection89] INFO  impl.LeaderElection (LeaderElection.java:askForVotes(178)) - d6dfcdd7-fc6e-4b51-b91e-b64503dadc5e@group-F967393F7C93-LeaderElection89: begin an election at term 75 for -1: [08d4cbaa-ffed-4411-a5fd-c4a38026aead:192.168.157.223:33910, da15dfee-23f0-4dc4-ad77-c00156c49cfa:192.168.157.223:42172, d6dfcdd7-fc6e-4b51-b91e-b64503dadc5e:192.168.157.223:43575], old=null
2019-10-17 21:54:51,859 [grpc-default-executor-1] INFO  impl.RaftServerImpl (RaftServerImpl.java:setRole(184)) - 08d4cbaa-ffed-4411-a5fd-c4a38026aead@group-F967393F7C93: changes role from  FOLLOWER to FOLLOWER at term 75 for recognizeCandidate:d6dfcdd7-fc6e-4b51-b91e-b64503dadc5e
2019-10-17 21:54:51,859 [grpc-default-executor-1] INFO  impl.RoleInfo (RoleInfo.java:shutdownFollowerState(121)) - 08d4cbaa-ffed-4411-a5fd-c4a38026aead: shutdown FollowerState
2019-10-17 21:54:51,859 [grpc-default-executor-9] INFO  impl.RaftServerImpl (RaftServerImpl.java:setRole(184)) - da15dfee-23f0-4dc4-ad77-c00156c49cfa@group-F967393F7C93: changes role from  FOLLOWER to FOLLOWER at term 75 for recognizeCandidate:d6dfcdd7-fc6e-4b51-b91e-b64503dadc5e
2019-10-17 21:54:51,860 [Thread-1033] INFO  impl.FollowerState (FollowerState.java:run(117)) - 08d4cbaa-ffed-4411-a5fd-c4a38026aead@group-F967393F7C93-FollowerState was interrupted: java.lang.InterruptedException: sleep interrupted
2019-10-17 21:54:51,860 [grpc-default-executor-1] INFO  impl.RoleInfo (RoleInfo.java:updateAndGet(143)) - 08d4cbaa-ffed-4411-a5fd-c4a38026aead: start FollowerState
2019-10-17 21:54:51,860 [grpc-default-executor-9] INFO  impl.RoleInfo (RoleInfo.java:shutdownFollowerState(121)) - da15dfee-23f0-4dc4-ad77-c00156c49cfa: shutdown FollowerState
2019-10-17 21:54:51,860 [grpc-default-executor-9] INFO  impl.RoleInfo (RoleInfo.java:updateAndGet(143)) - da15dfee-23f0-4dc4-ad77-c00156c49cfa: start FollowerState
2019-10-17 21:54:51,860 [Thread-1034] INFO  impl.FollowerState (FollowerState.java:run(117)) - da15dfee-23f0-4dc4-ad77-c00156c49cfa@group-F967393F7C93-FollowerState was interrupted: java.lang.InterruptedException: sleep interrupted
2019-10-17 21:54:51,874 [d6dfcdd7-fc6e-4b51-b91e-b64503dadc5e@group-F967393F7C93-LeaderElection89] INFO  impl.LeaderElection (LeaderElection.java:logAndReturn(56)) - d6dfcdd7-fc6e-4b51-b91e-b64503dadc5e@group-F967393F7C93-LeaderElection89: Election REJECTED; received 2 response(s) [d6dfcdd7-fc6e-4b51-b91e-b64503dadc5e<-08d4cbaa-ffed-4411-a5fd-c4a38026aead#0:FAIL-t75, d6dfcdd7-fc6e-4b51-b91e-b64503dadc5e<-da15dfee-23f0-4dc4-ad77-c00156c49cfa#0:FAIL-t75] and 0 exception(s); d6dfcdd7-fc6e-4b51-b91e-b64503dadc5e@group-F967393F7C93:t75, leader=null, voted=d6dfcdd7-fc6e-4b51-b91e-b64503dadc5e, raftlog=d6dfcdd7-fc6e-4b51-b91e-b64503dadc5e@group-F967393F7C93-SegmentedRaftLog:OPENED:c-1,f-1,i0, conf=-1: [08d4cbaa-ffed-4411-a5fd-c4a38026aead:192.168.157.223:33910, da15dfee-23f0-4dc4-ad77-c00156c49cfa:192.168.157.223:42172, d6dfcdd7-fc6e-4b51-b91e-b64503dadc5e:192.168.157.223:43575], old=null
2019-10-17 21:54:51,874 [d6dfcdd7-fc6e-4b51-b91e-b64503dadc5e@group-F967393F7C93-LeaderElection89] INFO  impl.RaftServerImpl (RaftServerImpl.java:setRole(184)) - d6dfcdd7-fc6e-4b51-b91e-b64503dadc5e@group-F967393F7C93: changes role from CANDIDATE to FOLLOWER at term 75 for DISCOVERED_A_NEW_TERM
2019-10-17 21:54:51,874 [d6dfcdd7-fc6e-4b51-b91e-b64503dadc5e@group-F967393F7C93-LeaderElection89] INFO  impl.RoleInfo (RoleInfo.java:shutdownLeaderElection(134)) - d6dfcdd7-fc6e-4b51-b91e-b64503dadc5e: shutdown LeaderElection
2019-10-17 21:54:51,874 [d6dfcdd7-fc6e-4b51-b91e-b64503dadc5e@group-F967393F7C93-LeaderElection89] INFO  impl.RoleInfo (RoleInfo.java:updateAndGet(143)) - d6dfcdd7-fc6e-4b51-b91e-b64503dadc5e: start FollowerState
2019-10-17 21:54:51,961 [Thread-1039] INFO  impl.FollowerState (FollowerState.java:run(108)) - d6dfcdd7-fc6e-4b51-b91e-b64503dadc5e@group-F967393F7C93-FollowerState: change to CANDIDATE, lastRpcTime:87ms, electionTimeout:87ms
2019-10-17 21:54:51,961 [Thread-1039] INFO  impl.RoleInfo (RoleInfo.java:shutdownFollowerState(121)) - d6dfcdd7-fc6e-4b51-b91e-b64503dadc5e: shutdown FollowerState
2019-10-17 21:54:51,962 [Thread-1039] INFO  impl.RaftServerImpl (RaftServerImpl.java:setRole(184)) - d6dfcdd7-fc6e-4b51-b91e-b64503dadc5e@group-F967393F7C93: changes role from  FOLLOWER to CANDIDATE at term 75 for changeToCandidate
2019-10-17 21:54:51,962 [Thread-1039] INFO  impl.RoleInfo (RoleInfo.java:updateAndGet(143)) - d6dfcdd7-fc6e-4b51-b91e-b64503dadc5e: start LeaderElection
2019-10-17 21:54:51,975 [d6dfcdd7-fc6e-4b51-b91e-b64503dadc5e@group-F967393F7C93-LeaderElection90] INFO  impl.LeaderElection (LeaderElection.java:askForVotes(178)) - d6dfcdd7-fc6e-4b51-b91e-b64503dadc5e@group-F967393F7C93-LeaderElection90: begin an election at term 76 for -1: [08d4cbaa-ffed-4411-a5fd-c4a38026aead:192.168.157.223:33910, da15dfee-23f0-4dc4-ad77-c00156c49cfa:192.168.157.223:42172, d6dfcdd7-fc6e-4b51-b91e-b64503dadc5e:192.168.157.223:43575], old=null
2019-10-17 21:54:51,978 [grpc-default-executor-1] INFO  impl.RaftServerImpl (RaftServerImpl.java:setRole(184)) - 08d4cbaa-ffed-4411-a5fd-c4a38026aead@group-F967393F7C93: changes role from  FOLLOWER to FOLLOWER at term 76 for recognizeCandidate:d6dfcdd7-fc6e-4b51-b91e-b64503dadc5e
2019-10-17 21:54:51,978 [grpc-default-executor-12] INFO  impl.RaftServerImpl (RaftServerImpl.java:setRole(184)) - da15dfee-23f0-4dc4-ad77-c00156c49cfa@group-F967393F7C93: changes role from  FOLLOWER to FOLLOWER at term 76 for recognizeCandidate:d6dfcdd7-fc6e-4b51-b91e-b64503dadc5e
2019-10-17 21:54:51,978 [grpc-default-executor-1] INFO  impl.RoleInfo (RoleInfo.java:shutdownFollowerState(121)) - 08d4cbaa-ffed-4411-a5fd-c4a38026aead: shutdown FollowerState
2019-10-17 21:54:51,978 [grpc-default-executor-12] INFO  impl.RoleInfo (RoleInfo.java:shutdownFollowerState(121)) - da15dfee-23f0-4dc4-ad77-c00156c49cfa: shutdown FollowerState
2019-10-17 21:54:51,978 [Thread-1037] INFO  impl.FollowerState (FollowerState.java:run(117)) - 08d4cbaa-ffed-4411-a5fd-c4a38026aead@group-F967393F7C93-FollowerState was interrupted: java.lang.InterruptedException: sleep interrupted
2019-10-17 21:54:51,978 [grpc-default-executor-1] INFO  impl.RoleInfo (RoleInfo.java:updateAndGet(143)) - 08d4cbaa-ffed-4411-a5fd-c4a38026aead: start FollowerState
2019-10-17 21:54:51,978 [Thread-1038] INFO  impl.FollowerState (FollowerState.java:run(117)) - da15dfee-23f0-4dc4-ad77-c00156c49cfa@group-F967393F7C93-FollowerState was interrupted: java.lang.InterruptedException: sleep interrupted
2019-10-17 21:54:51,978 [grpc-default-executor-12] INFO  impl.RoleInfo (RoleInfo.java:updateAndGet(143)) - da15dfee-23f0-4dc4-ad77-c00156c49cfa: start FollowerState
2019-10-17 21:54:51,994 [d6dfcdd7-fc6e-4b51-b91e-b64503dadc5e@group-F967393F7C93-LeaderElection90] INFO  impl.LeaderElection (LeaderElection.java:logAndReturn(56)) - d6dfcdd7-fc6e-4b51-b91e-b64503dadc5e@group-F967393F7C93-LeaderElection90: Election REJECTED; received 2 response(s) [d6dfcdd7-fc6e-4b51-b91e-b64503dadc5e<-08d4cbaa-ffed-4411-a5fd-c4a38026aead#0:FAIL-t76, d6dfcdd7-fc6e-4b51-b91e-b64503dadc5e<-da15dfee-23f0-4dc4-ad77-c00156c49cfa#0:FAIL-t76] and 0 exception(s); d6dfcdd7-fc6e-4b51-b91e-b64503dadc5e@group-F967393F7C93:t76, leader=null, voted=d6dfcdd7-fc6e-4b51-b91e-b64503dadc5e, raftlog=d6dfcdd7-fc6e-4b51-b91e-b64503dadc5e@group-F967393F7C93-SegmentedRaftLog:OPENED:c-1,f-1,i0, conf=-1: [08d4cbaa-ffed-4411-a5fd-c4a38026aead:192.168.157.223:33910, da15dfee-23f0-4dc4-ad77-c00156c49cfa:192.168.157.223:42172, d6dfcdd7-fc6e-4b51-b91e-b64503dadc5e:192.168.157.223:43575], old=null
2019-10-17 21:54:51,994 [d6dfcdd7-fc6e-4b51-b91e-b64503dadc5e@group-F967393F7C93-LeaderElection90] INFO  impl.RaftServerImpl (RaftServerImpl.java:setRole(184)) - d6dfcdd7-fc6e-4b51-b91e-b64503dadc5e@group-F967393F7C93: changes role from CANDIDATE to FOLLOWER at term 76 for DISCOVERED_A_NEW_TERM
2019-10-17 21:54:51,994 [d6dfcdd7-fc6e-4b51-b91e-b64503dadc5e@group-F967393F7C93-LeaderElection90] INFO  impl.RoleInfo (RoleInfo.java:shutdownLeaderElection(134)) - d6dfcdd7-fc6e-4b51-b91e-b64503dadc5e: shutdown LeaderElection
2019-10-17 21:54:51,994 [d6dfcdd7-fc6e-4b51-b91e-b64503dadc5e@group-F967393F7C93-LeaderElection90] INFO  impl.RoleInfo (RoleInfo.java:updateAndGet(143)) - d6dfcdd7-fc6e-4b51-b91e-b64503dadc5e: start FollowerState
2019-10-17 21:54:51,995 [Thread-1047] INFO  impl.FollowerState (FollowerState.java:run(108)) - d6dfcdd7-fc6e-4b51-b91e-b64503dadc5e@group-F967393F7C93-FollowerState: change to CANDIDATE, lastRpcTime:1ms, electionTimeout:1ms
2019-10-17 21:54:51,995 [Thread-1047] INFO  impl.RoleInfo (RoleInfo.java:shutdownFollowerState(121)) - d6dfcdd7-fc6e-4b51-b91e-b64503dadc5e: shutdown FollowerState
2019-10-17 21:54:51,995 [Thread-1047] INFO  impl.RaftServerImpl (RaftServerImpl.java:setRole(184)) - d6dfcdd7-fc6e-4b51-b91e-b64503dadc5e@group-F967393F7C93: changes role from  FOLLOWER to CANDIDATE at term 76 for changeToCandidate
2019-10-17 21:54:51,996 [Thread-1047] INFO  impl.RoleInfo (RoleInfo.java:updateAndGet(143)) - d6dfcdd7-fc6e-4b51-b91e-b64503dadc5e: start LeaderElection
2019-10-17 21:54:52,008 [d6dfcdd7-fc6e-4b51-b91e-b64503dadc5e@group-F967393F7C93-LeaderElection91] INFO  impl.LeaderElection (LeaderElection.java:askForVotes(178)) - d6dfcdd7-fc6e-4b51-b91e-b64503dadc5e@group-F967393F7C93-LeaderElection91: begin an election at term 77 for -1: [08d4cbaa-ffed-4411-a5fd-c4a38026aead:192.168.157.223:33910, da15dfee-23f0-4dc4-ad77-c00156c49cfa:192.168.157.223:42172, d6dfcdd7-fc6e-4b51-b91e-b64503dadc5e:192.168.157.223:43575], old=null
2019-10-17 21:54:52,010 [grpc-default-executor-1] INFO  impl.RaftServerImpl (RaftServerImpl.java:setRole(184)) - da15dfee-23f0-4dc4-ad77-c00156c49cfa@group-F967393F7C93: changes role from  FOLLOWER to FOLLOWER at term 77 for recognizeCandidate:d6dfcdd7-fc6e-4b51-b91e-b64503dadc5e
2019-10-17 21:54:52,010 [grpc-default-executor-1] INFO  impl.RoleInfo (RoleInfo.java:shutdownFollowerState(121)) - da15dfee-23f0-4dc4-ad77-c00156c49cfa: shutdown FollowerState
2019-10-17 21:54:52,010 [grpc-default-executor-12] INFO  impl.RaftServerImpl (RaftServerImpl.java:setRole(184)) - 08d4cbaa-ffed-4411-a5fd-c4a38026aead@group-F967393F7C93: changes role from  FOLLOWER to FOLLOWER at term 77 for recognizeCandidate:d6dfcdd7-fc6e-4b51-b91e-b64503dadc5e
2019-10-17 21:54:52,011 [Thread-1046] INFO  impl.FollowerState (FollowerState.java:run(117)) - da15dfee-23f0-4dc4-ad77-c00156c49cfa@group-F967393F7C93-FollowerState was interrupted: java.lang.InterruptedException: sleep interrupted
2019-10-17 21:54:52,011 [grpc-default-executor-1] INFO  impl.RoleInfo (RoleInfo.java:updateAndGet(143)) - da15dfee-23f0-4dc4-ad77-c00156c49cfa: start FollowerState
2019-10-17 21:54:52,011 [grpc-default-executor-12] INFO  impl.RoleInfo (RoleInfo.java:shutdownFollowerState(121)) - 08d4cbaa-ffed-4411-a5fd-c4a38026aead: shutdown FollowerState
2019-10-17 21:54:52,011 [grpc-default-executor-12] INFO  impl.RoleInfo (RoleInfo.java:updateAndGet(143)) - 08d4cbaa-ffed-4411-a5fd-c4a38026aead: start FollowerState
2019-10-17 21:54:52,011 [Thread-1045] INFO  impl.FollowerState (FollowerState.java:run(117)) - 08d4cbaa-ffed-4411-a5fd-c4a38026aead@group-F967393F7C93-FollowerState was interrupted: java.lang.InterruptedException: sleep interrupted
2019-10-17 21:54:52,025 [d6dfcdd7-fc6e-4b51-b91e-b64503dadc5e@group-F967393F7C93-LeaderElection91] INFO  impl.LeaderElection (LeaderElection.java:logAndReturn(56)) - d6dfcdd7-fc6e-4b51-b91e-b64503dadc5e@group-F967393F7C93-LeaderElection91: Election REJECTED; received 2 response(s) [d6dfcdd7-fc6e-4b51-b91e-b64503dadc5e<-08d4cbaa-ffed-4411-a5fd-c4a38026aead#0:FAIL-t77, d6dfcdd7-fc6e-4b51-b91e-b64503dadc5e<-da15dfee-23f0-4dc4-ad77-c00156c49cfa#0:FAIL-t77] and 0 exception(s); d6dfcdd7-fc6e-4b51-b91e-b64503dadc5e@group-F967393F7C93:t77, leader=null, voted=d6dfcdd7-fc6e-4b51-b91e-b64503dadc5e, raftlog=d6dfcdd7-fc6e-4b51-b91e-b64503dadc5e@group-F967393F7C93-SegmentedRaftLog:OPENED:c-1,f-1,i0, conf=-1: [08d4cbaa-ffed-4411-a5fd-c4a38026aead:192.168.157.223:33910, da15dfee-23f0-4dc4-ad77-c00156c49cfa:192.168.157.223:42172, d6dfcdd7-fc6e-4b51-b91e-b64503dadc5e:192.168.157.223:43575], old=null
2019-10-17 21:54:52,025 [d6dfcdd7-fc6e-4b51-b91e-b64503dadc5e@group-F967393F7C93-LeaderElection91] INFO  impl.RaftServerImpl (RaftServerImpl.java:setRole(184)) - d6dfcdd7-fc6e-4b51-b91e-b64503dadc5e@group-F967393F7C93: changes role from CANDIDATE to FOLLOWER at term 77 for DISCOVERED_A_NEW_TERM
2019-10-17 21:54:52,025 [d6dfcdd7-fc6e-4b51-b91e-b64503dadc5e@group-F967393F7C93-LeaderElection91] INFO  impl.RoleInfo (RoleInfo.java:shutdownLeaderElection(134)) - d6dfcdd7-fc6e-4b51-b91e-b64503dadc5e: shutdown LeaderElection
2019-10-17 21:54:52,025 [d6dfcdd7-fc6e-4b51-b91e-b64503dadc5e@group-F967393F7C93-LeaderElection91] INFO  impl.RoleInfo (RoleInfo.java:updateAndGet(143)) - d6dfcdd7-fc6e-4b51-b91e-b64503dadc5e: start FollowerState
2019-10-17 21:54:52,151 [Thread-1053] INFO  impl.FollowerState (FollowerState.java:run(108)) - d6dfcdd7-fc6e-4b51-b91e-b64503dadc5e@group-F967393F7C93-FollowerState: change to CANDIDATE, lastRpcTime:125ms, electionTimeout:125ms
2019-10-17 21:54:52,151 [Thread-1053] INFO  impl.RoleInfo (RoleInfo.java:shutdownFollowerState(121)) - d6dfcdd7-fc6e-4b51-b91e-b64503dadc5e: shutdown FollowerState
2019-10-17 21:54:52,151 [Thread-1053] INFO  impl.RaftServerImpl (RaftServerImpl.java:setRole(184)) - d6dfcdd7-fc6e-4b51-b91e-b64503dadc5e@group-F967393F7C93: changes role from  FOLLOWER to CANDIDATE at term 77 for changeToCandidate
2019-10-17 21:54:52,151 [Thread-1053] INFO  impl.RoleInfo (RoleInfo.java:updateAndGet(143)) - d6dfcdd7-fc6e-4b51-b91e-b64503dadc5e: start LeaderElection
2019-10-17 21:54:52,164 [d6dfcdd7-fc6e-4b51-b91e-b64503dadc5e@group-F967393F7C93-LeaderElection92] INFO  impl.LeaderElection (LeaderElection.java:askForVotes(178)) - d6dfcdd7-fc6e-4b51-b91e-b64503dadc5e@group-F967393F7C93-LeaderElection92: begin an election at term 78 for -1: [08d4cbaa-ffed-4411-a5fd-c4a38026aead:192.168.157.223:33910, da15dfee-23f0-4dc4-ad77-c00156c49cfa:192.168.157.223:42172, d6dfcdd7-fc6e-4b51-b91e-b64503dadc5e:192.168.157.223:43575], old=null
2019-10-17 21:54:52,166 [grpc-default-executor-12] INFO  impl.RaftServerImpl (RaftServerImpl.java:setRole(184)) - 08d4cbaa-ffed-4411-a5fd-c4a38026aead@group-F967393F7C93: changes role from  FOLLOWER to FOLLOWER at term 78 for recognizeCandidate:d6dfcdd7-fc6e-4b51-b91e-b64503dadc5e
2019-10-17 21:54:52,166 [grpc-default-executor-1] INFO  impl.RaftServerImpl (RaftServerImpl.java:setRole(184)) - da15dfee-23f0-4dc4-ad77-c00156c49cfa@group-F967393F7C93: changes role from  FOLLOWER to FOLLOWER at term 78 for recognizeCandidate:d6dfcdd7-fc6e-4b51-b91e-b64503dadc5e
2019-10-17 21:54:52,166 [grpc-default-executor-12] INFO  impl.RoleInfo (RoleInfo.java:shutdownFollowerState(121)) - 08d4cbaa-ffed-4411-a5fd-c4a38026aead: shutdown FollowerState
2019-10-17 21:54:52,166 [grpc-default-executor-1] INFO  impl.RoleInfo (RoleInfo.java:shutdownFollowerState(121)) - da15dfee-23f0-4dc4-ad77-c00156c49cfa: shutdown FollowerState
2019-10-17 21:54:52,166 [Thread-1052] INFO  impl.FollowerState (FollowerState.java:run(117)) - 08d4cbaa-ffed-4411-a5fd-c4a38026aead@group-F967393F7C93-FollowerState was interrupted: java.lang.InterruptedException: sleep interrupted
2019-10-17 21:54:52,166 [grpc-default-executor-1] INFO  impl.RoleInfo (RoleInfo.java:updateAndGet(143)) - da15dfee-23f0-4dc4-ad77-c00156c49cfa: start FollowerState
2019-10-17 21:54:52,166 [grpc-default-executor-12] INFO  impl.RoleInfo (RoleInfo.java:updateAndGet(143)) - 08d4cbaa-ffed-4411-a5fd-c4a38026aead: start FollowerState
2019-10-17 21:54:52,167 [Thread-1051] INFO  impl.FollowerState (FollowerState.java:run(117)) - da15dfee-23f0-4dc4-ad77-c00156c49cfa@group-F967393F7C93-FollowerState was interrupted: java.lang.InterruptedException: sleep interrupted
2019-10-17 21:54:52,172 [d6dfcdd7-fc6e-4b51-b91e-b64503dadc5e@group-F967393F7C93-LeaderElection92] INFO  impl.LeaderElection (LeaderElection.java:logAndReturn(56)) - d6dfcdd7-fc6e-4b51-b91e-b64503dadc5e@group-F967393F7C93-LeaderElection92: Election TIMEOUT; received 0 response(s) [] and 0 exception(s); d6dfcdd7-fc6e-4b51-b91e-b64503dadc5e@group-F967393F7C93:t78, leader=null, voted=d6dfcdd7-fc6e-4b51-b91e-b64503dadc5e, raftlog=d6dfcdd7-fc6e-4b51-b91e-b64503dadc5e@group-F967393F7C93-SegmentedRaftLog:OPENED:c-1,f-1,i0, conf=-1: [08d4cbaa-ffed-4411-a5fd-c4a38026aead:192.168.157.223:33910, da15dfee-23f0-4dc4-ad77-c00156c49cfa:192.168.157.223:42172, d6dfcdd7-fc6e-4b51-b91e-b64503dadc5e:192.168.157.223:43575], old=null
2019-10-17 21:54:52,183 [d6dfcdd7-fc6e-4b51-b91e-b64503dadc5e@group-F967393F7C93-LeaderElection92] INFO  impl.LeaderElection (LeaderElection.java:askForVotes(178)) - d6dfcdd7-fc6e-4b51-b91e-b64503dadc5e@group-F967393F7C93-LeaderElection92: begin an election at term 79 for -1: [08d4cbaa-ffed-4411-a5fd-c4a38026aead:192.168.157.223:33910, da15dfee-23f0-4dc4-ad77-c00156c49cfa:192.168.157.223:42172, d6dfcdd7-fc6e-4b51-b91e-b64503dadc5e:192.168.157.223:43575], old=null
2019-10-17 21:54:52,184 [grpc-default-executor-1] INFO  impl.RaftServerImpl (RaftServerImpl.java:setRole(184)) - da15dfee-23f0-4dc4-ad77-c00156c49cfa@group-F967393F7C93: changes role from  FOLLOWER to FOLLOWER at term 79 for recognizeCandidate:d6dfcdd7-fc6e-4b51-b91e-b64503dadc5e
2019-10-17 21:54:52,185 [grpc-default-executor-1] INFO  impl.RoleInfo (RoleInfo.java:shutdownFollowerState(121)) - da15dfee-23f0-4dc4-ad77-c00156c49cfa: shutdown FollowerState
2019-10-17 21:54:52,185 [grpc-default-executor-12] INFO  impl.RaftServerImpl (RaftServerImpl.java:setRole(184)) - 08d4cbaa-ffed-4411-a5fd-c4a38026aead@group-F967393F7C93: changes role from  FOLLOWER to FOLLOWER at term 79 for recognizeCandidate:d6dfcdd7-fc6e-4b51-b91e-b64503dadc5e
2019-10-17 21:54:52,185 [Thread-1058] INFO  impl.FollowerState (FollowerState.java:run(117)) - da15dfee-23f0-4dc4-ad77-c00156c49cfa@group-F967393F7C93-FollowerState was interrupted: java.lang.InterruptedException: sleep interrupted
2019-10-17 21:54:52,185 [grpc-default-executor-1] INFO  impl.RoleInfo (RoleInfo.java:updateAndGet(143)) - da15dfee-23f0-4dc4-ad77-c00156c49cfa: start FollowerState
2019-10-17 21:54:52,185 [grpc-default-executor-12] INFO  impl.RoleInfo (RoleInfo.java:shutdownFollowerState(121)) - 08d4cbaa-ffed-4411-a5fd-c4a38026aead: shutdown FollowerState
2019-10-17 21:54:52,185 [grpc-default-executor-12] INFO  impl.RoleInfo (RoleInfo.java:updateAndGet(143)) - 08d4cbaa-ffed-4411-a5fd-c4a38026aead: start FollowerState
2019-10-17 21:54:52,185 [Thread-1057] INFO  impl.FollowerState (FollowerState.java:run(117)) - 08d4cbaa-ffed-4411-a5fd-c4a38026aead@group-F967393F7C93-FollowerState was interrupted: java.lang.InterruptedException: sleep interrupted
2019-10-17 21:54:52,194 [d6dfcdd7-fc6e-4b51-b91e-b64503dadc5e@group-F967393F7C93-LeaderElection92] INFO  impl.LeaderElection (LeaderElection.java:logAndReturn(56)) - d6dfcdd7-fc6e-4b51-b91e-b64503dadc5e@group-F967393F7C93-LeaderElection92: Election REJECTED; received 2 response(s) [d6dfcdd7-fc6e-4b51-b91e-b64503dadc5e<-08d4cbaa-ffed-4411-a5fd-c4a38026aead#0:FAIL-t79, d6dfcdd7-fc6e-4b51-b91e-b64503dadc5e<-da15dfee-23f0-4dc4-ad77-c00156c49cfa#0:FAIL-t79] and 0 exception(s); d6dfcdd7-fc6e-4b51-b91e-b64503dadc5e@group-F967393F7C93:t79, leader=null, voted=d6dfcdd7-fc6e-4b51-b91e-b64503dadc5e, raftlog=d6dfcdd7-fc6e-4b51-b91e-b64503dadc5e@group-F967393F7C93-SegmentedRaftLog:OPENED:c-1,f-1,i0, conf=-1: [08d4cbaa-ffed-4411-a5fd-c4a38026aead:192.168.157.223:33910, da15dfee-23f0-4dc4-ad77-c00156c49cfa:192.168.157.223:42172, d6dfcdd7-fc6e-4b51-b91e-b64503dadc5e:192.168.157.223:43575], old=null
2019-10-17 21:54:52,194 [d6dfcdd7-fc6e-4b51-b91e-b64503dadc5e@group-F967393F7C93-LeaderElection92] INFO  impl.RaftServerImpl (RaftServerImpl.java:setRole(184)) - d6dfcdd7-fc6e-4b51-b91e-b64503dadc5e@group-F967393F7C93: changes role from CANDIDATE to FOLLOWER at term 79 for DISCOVERED_A_NEW_TERM
2019-10-17 21:54:52,194 [d6dfcdd7-fc6e-4b51-b91e-b64503dadc5e@group-F967393F7C93-LeaderElection92] INFO  impl.RoleInfo (RoleInfo.java:shutdownLeaderElection(134)) - d6dfcdd7-fc6e-4b51-b91e-b64503dadc5e: shutdown LeaderElection
2019-10-17 21:54:52,195 [d6dfcdd7-fc6e-4b51-b91e-b64503dadc5e@group-F967393F7C93-LeaderElection92] INFO  impl.RoleInfo (RoleInfo.java:updateAndGet(143)) - d6dfcdd7-fc6e-4b51-b91e-b64503dadc5e: start FollowerState
2019-10-17 21:54:52,269 [Thread-1063] INFO  impl.FollowerState (FollowerState.java:run(108)) - d6dfcdd7-fc6e-4b51-b91e-b64503dadc5e@group-F967393F7C93-FollowerState: change to CANDIDATE, lastRpcTime:74ms, electionTimeout:74ms
2019-10-17 21:54:52,269 [Thread-1063] INFO  impl.RoleInfo (RoleInfo.java:shutdownFollowerState(121)) - d6dfcdd7-fc6e-4b51-b91e-b64503dadc5e: shutdown FollowerState
2019-10-17 21:54:52,269 [Thread-1063] INFO  impl.RaftServerImpl (RaftServerImpl.java:setRole(184)) - d6dfcdd7-fc6e-4b51-b91e-b64503dadc5e@group-F967393F7C93: changes role from  FOLLOWER to CANDIDATE at term 79 for changeToCandidate
2019-10-17 21:54:52,269 [Thread-1063] INFO  impl.RoleInfo (RoleInfo.java:updateAndGet(143)) - d6dfcdd7-fc6e-4b51-b91e-b64503dadc5e: start LeaderElection
2019-10-17 21:54:52,283 [d6dfcdd7-fc6e-4b51-b91e-b64503dadc5e@group-F967393F7C93-LeaderElection93] INFO  impl.LeaderElection (LeaderElection.java:askForVotes(178)) - d6dfcdd7-fc6e-4b51-b91e-b64503dadc5e@group-F967393F7C93-LeaderElection93: begin an election at term 80 for -1: [08d4cbaa-ffed-4411-a5fd-c4a38026aead:192.168.157.223:33910, da15dfee-23f0-4dc4-ad77-c00156c49cfa:192.168.157.223:42172, d6dfcdd7-fc6e-4b51-b91e-b64503dadc5e:192.168.157.223:43575], old=null
2019-10-17 21:54:52,285 [grpc-default-executor-1] INFO  impl.RaftServerImpl (RaftServerImpl.java:setRole(184)) - da15dfee-23f0-4dc4-ad77-c00156c49cfa@group-F967393F7C93: changes role from  FOLLOWER to FOLLOWER at term 80 for recognizeCandidate:d6dfcdd7-fc6e-4b51-b91e-b64503dadc5e
2019-10-17 21:54:52,285 [grpc-default-executor-12] INFO  impl.RaftServerImpl (RaftServerImpl.java:setRole(184)) - 08d4cbaa-ffed-4411-a5fd-c4a38026aead@group-F967393F7C93: changes role from  FOLLOWER to FOLLOWER at term 80 for recognizeCandidate:d6dfcdd7-fc6e-4b51-b91e-b64503dadc5e
2019-10-17 21:54:52,285 [grpc-default-executor-1] INFO  impl.RoleInfo (RoleInfo.java:shutdownFollowerState(121)) - da15dfee-23f0-4dc4-ad77-c00156c49cfa: shutdown FollowerState
2019-10-17 21:54:52,285 [grpc-default-executor-12] INFO  impl.RoleInfo (RoleInfo.java:shutdownFollowerState(121)) - 08d4cbaa-ffed-4411-a5fd-c4a38026aead: shutdown FollowerState
2019-10-17 21:54:52,286 [Thread-1061] INFO  impl.FollowerState (FollowerState.java:run(117)) - da15dfee-23f0-4dc4-ad77-c00156c49cfa@group-F967393F7C93-FollowerState was interrupted: java.lang.InterruptedException: sleep interrupted
2019-10-17 21:54:52,286 [grpc-default-executor-1] INFO  impl.RoleInfo (RoleInfo.java:updateAndGet(143)) - da15dfee-23f0-4dc4-ad77-c00156c49cfa: start FollowerState
2019-10-17 21:54:52,286 [grpc-default-executor-12] INFO  impl.RoleInfo (RoleInfo.java:updateAndGet(143)) - 08d4cbaa-ffed-4411-a5fd-c4a38026aead: start FollowerState
2019-10-17 21:54:52,286 [Thread-1062] INFO  impl.FollowerState (FollowerState.java:run(117)) - 08d4cbaa-ffed-4411-a5fd-c4a38026aead@group-F967393F7C93-FollowerState was interrupted: java.lang.InterruptedException: sleep interrupted
2019-10-17 21:54:52,300 [d6dfcdd7-fc6e-4b51-b91e-b64503dadc5e@group-F967393F7C93-LeaderElection93] INFO  impl.LeaderElection (LeaderElection.java:logAndReturn(56)) - d6dfcdd7-fc6e-4b51-b91e-b64503dadc5e@group-F967393F7C93-LeaderElection93: Election REJECTED; received 2 response(s) [d6dfcdd7-fc6e-4b51-b91e-b64503dadc5e<-08d4cbaa-ffed-4411-a5fd-c4a38026aead#0:FAIL-t80, d6dfcdd7-fc6e-4b51-b91e-b64503dadc5e<-da15dfee-23f0-4dc4-ad77-c00156c49cfa#0:FAIL-t80] and 0 exception(s); d6dfcdd7-fc6e-4b51-b91e-b64503dadc5e@group-F967393F7C93:t80, leader=null, voted=d6dfcdd7-fc6e-4b51-b91e-b64503dadc5e, raftlog=d6dfcdd7-fc6e-4b51-b91e-b64503dadc5e@group-F967393F7C93-SegmentedRaftLog:OPENED:c-1,f-1,i0, conf=-1: [08d4cbaa-ffed-4411-a5fd-c4a38026aead:192.168.157.223:33910, da15dfee-23f0-4dc4-ad77-c00156c49cfa:192.168.157.223:42172, d6dfcdd7-fc6e-4b51-b91e-b64503dadc5e:192.168.157.223:43575], old=null
2019-10-17 21:54:52,300 [d6dfcdd7-fc6e-4b51-b91e-b64503dadc5e@group-F967393F7C93-LeaderElection93] INFO  impl.RaftServerImpl (RaftServerImpl.java:setRole(184)) - d6dfcdd7-fc6e-4b51-b91e-b64503dadc5e@group-F967393F7C93: changes role from CANDIDATE to FOLLOWER at term 80 for DISCOVERED_A_NEW_TERM
2019-10-17 21:54:52,300 [d6dfcdd7-fc6e-4b51-b91e-b64503dadc5e@group-F967393F7C93-LeaderElection93] INFO  impl.RoleInfo (RoleInfo.java:shutdownLeaderElection(134)) - d6dfcdd7-fc6e-4b51-b91e-b64503dadc5e: shutdown LeaderElection
2019-10-17 21:54:52,300 [d6dfcdd7-fc6e-4b51-b91e-b64503dadc5e@group-F967393F7C93-LeaderElection93] INFO  impl.RoleInfo (RoleInfo.java:updateAndGet(143)) - d6dfcdd7-fc6e-4b51-b91e-b64503dadc5e: start FollowerState
2019-10-17 21:54:52,420 [Thread-1069] INFO  impl.FollowerState (FollowerState.java:run(108)) - d6dfcdd7-fc6e-4b51-b91e-b64503dadc5e@group-F967393F7C93-FollowerState: change to CANDIDATE, lastRpcTime:119ms, electionTimeout:119ms
2019-10-17 21:54:52,420 [Thread-1069] INFO  impl.RoleInfo (RoleInfo.java:shutdownFollowerState(121)) - d6dfcdd7-fc6e-4b51-b91e-b64503dadc5e: shutdown FollowerState
2019-10-17 21:54:52,420 [Thread-1069] INFO  impl.RaftServerImpl (RaftServerImpl.java:setRole(184)) - d6dfcdd7-fc6e-4b51-b91e-b64503dadc5e@group-F967393F7C93: changes role from  FOLLOWER to CANDIDATE at term 80 for changeToCandidate
2019-10-17 21:54:52,420 [Thread-1069] INFO  impl.RoleInfo (RoleInfo.java:updateAndGet(143)) - d6dfcdd7-fc6e-4b51-b91e-b64503dadc5e: start LeaderElection
2019-10-17 21:54:52,433 [d6dfcdd7-fc6e-4b51-b91e-b64503dadc5e@group-F967393F7C93-LeaderElection94] INFO  impl.LeaderElection (LeaderElection.java:askForVotes(178)) - d6dfcdd7-fc6e-4b51-b91e-b64503dadc5e@group-F967393F7C93-LeaderElection94: begin an election at term 81 for -1: [08d4cbaa-ffed-4411-a5fd-c4a38026aead:192.168.157.223:33910, da15dfee-23f0-4dc4-ad77-c00156c49cfa:192.168.157.223:42172, d6dfcdd7-fc6e-4b51-b91e-b64503dadc5e:192.168.157.223:43575], old=null
2019-10-17 21:54:52,435 [grpc-default-executor-9] INFO  impl.RaftServerImpl (RaftServerImpl.java:setRole(184)) - da15dfee-23f0-4dc4-ad77-c00156c49cfa@group-F967393F7C93: changes role from  FOLLOWER to FOLLOWER at term 81 for recognizeCandidate:d6dfcdd7-fc6e-4b51-b91e-b64503dadc5e
2019-10-17 21:54:52,435 [grpc-default-executor-1] INFO  impl.RaftServerImpl (RaftServerImpl.java:setRole(184)) - 08d4cbaa-ffed-4411-a5fd-c4a38026aead@group-F967393F7C93: changes role from  FOLLOWER to FOLLOWER at term 81 for recognizeCandidate:d6dfcdd7-fc6e-4b51-b91e-b64503dadc5e
2019-10-17 21:54:52,435 [grpc-default-executor-9] INFO  impl.RoleInfo (RoleInfo.java:shutdownFollowerState(121)) - da15dfee-23f0-4dc4-ad77-c00156c49cfa: shutdown FollowerState
2019-10-17 21:54:52,436 [grpc-default-executor-1] INFO  impl.RoleInfo (RoleInfo.java:shutdownFollowerState(121)) - 08d4cbaa-ffed-4411-a5fd-c4a38026aead: shutdown FollowerState
2019-10-17 21:54:52,436 [grpc-default-executor-9] INFO  impl.RoleInfo (RoleInfo.java:updateAndGet(143)) - da15dfee-23f0-4dc4-ad77-c00156c49cfa: start FollowerState
2019-10-17 21:54:52,436 [Thread-1067] INFO  impl.FollowerState (FollowerState.java:run(117)) - da15dfee-23f0-4dc4-ad77-c00156c49cfa@group-F967393F7C93-FollowerState was interrupted: java.lang.InterruptedException: sleep interrupted
2019-10-17 21:54:52,436 [Thread-1068] INFO  impl.FollowerState (FollowerState.java:run(117)) - 08d4cbaa-ffed-4411-a5fd-c4a38026aead@group-F967393F7C93-FollowerState was interrupted: java.lang.InterruptedException: sleep interrupted
2019-10-17 21:54:52,436 [grpc-default-executor-1] INFO  impl.RoleInfo (RoleInfo.java:updateAndGet(143)) - 08d4cbaa-ffed-4411-a5fd-c4a38026aead: start FollowerState
2019-10-17 21:54:52,451 [d6dfcdd7-fc6e-4b51-b91e-b64503dadc5e@group-F967393F7C93-LeaderElection94] INFO  impl.LeaderElection (LeaderElection.java:logAndReturn(56)) - d6dfcdd7-fc6e-4b51-b91e-b64503dadc5e@group-F967393F7C93-LeaderElection94: Election REJECTED; received 2 response(s) [d6dfcdd7-fc6e-4b51-b91e-b64503dadc5e<-08d4cbaa-ffed-4411-a5fd-c4a38026aead#0:FAIL-t81, d6dfcdd7-fc6e-4b51-b91e-b64503dadc5e<-da15dfee-23f0-4dc4-ad77-c00156c49cfa#0:FAIL-t81] and 0 exception(s); d6dfcdd7-fc6e-4b51-b91e-b64503dadc5e@group-F967393F7C93:t81, leader=null, voted=d6dfcdd7-fc6e-4b51-b91e-b64503dadc5e, raftlog=d6dfcdd7-fc6e-4b51-b91e-b64503dadc5e@group-F967393F7C93-SegmentedRaftLog:OPENED:c-1,f-1,i0, conf=-1: [08d4cbaa-ffed-4411-a5fd-c4a38026aead:192.168.157.223:33910, da15dfee-23f0-4dc4-ad77-c00156c49cfa:192.168.157.223:42172, d6dfcdd7-fc6e-4b51-b91e-b64503dadc5e:192.168.157.223:43575], old=null
2019-10-17 21:54:52,452 [d6dfcdd7-fc6e-4b51-b91e-b64503dadc5e@group-F967393F7C93-LeaderElection94] INFO  impl.RaftServerImpl (RaftServerImpl.java:setRole(184)) - d6dfcdd7-fc6e-4b51-b91e-b64503dadc5e@group-F967393F7C93: changes role from CANDIDATE to FOLLOWER at term 81 for DISCOVERED_A_NEW_TERM
2019-10-17 21:54:52,452 [d6dfcdd7-fc6e-4b51-b91e-b64503dadc5e@group-F967393F7C93-LeaderElection94] INFO  impl.RoleInfo (RoleInfo.java:shutdownLeaderElection(134)) - d6dfcdd7-fc6e-4b51-b91e-b64503dadc5e: shutdown LeaderElection
2019-10-17 21:54:52,452 [d6dfcdd7-fc6e-4b51-b91e-b64503dadc5e@group-F967393F7C93-LeaderElection94] INFO  impl.RoleInfo (RoleInfo.java:updateAndGet(143)) - d6dfcdd7-fc6e-4b51-b91e-b64503dadc5e: start FollowerState
2019-10-17 21:54:52,635 [Thread-1079] INFO  impl.FollowerState (FollowerState.java:run(108)) - d6dfcdd7-fc6e-4b51-b91e-b64503dadc5e@group-F967393F7C93-FollowerState: change to CANDIDATE, lastRpcTime:183ms, electionTimeout:183ms
2019-10-17 21:54:52,636 [Thread-1079] INFO  impl.RoleInfo (RoleInfo.java:shutdownFollowerState(121)) - d6dfcdd7-fc6e-4b51-b91e-b64503dadc5e: shutdown FollowerState
2019-10-17 21:54:52,636 [Thread-1079] INFO  impl.RaftServerImpl (RaftServerImpl.java:setRole(184)) - d6dfcdd7-fc6e-4b51-b91e-b64503dadc5e@group-F967393F7C93: changes role from  FOLLOWER to CANDIDATE at term 81 for changeToCandidate
2019-10-17 21:54:52,636 [Thread-1079] INFO  impl.RoleInfo (RoleInfo.java:updateAndGet(143)) - d6dfcdd7-fc6e-4b51-b91e-b64503dadc5e: start LeaderElection
2019-10-17 21:54:52,662 [d6dfcdd7-fc6e-4b51-b91e-b64503dadc5e@group-F967393F7C93-LeaderElection95] INFO  impl.LeaderElection (LeaderElection.java:askForVotes(178)) - d6dfcdd7-fc6e-4b51-b91e-b64503dadc5e@group-F967393F7C93-LeaderElection95: begin an election at term 82 for -1: [08d4cbaa-ffed-4411-a5fd-c4a38026aead:192.168.157.223:33910, da15dfee-23f0-4dc4-ad77-c00156c49cfa:192.168.157.223:42172, d6dfcdd7-fc6e-4b51-b91e-b64503dadc5e:192.168.157.223:43575], old=null
2019-10-17 21:54:52,665 [grpc-default-executor-9] INFO  impl.RaftServerImpl (RaftServerImpl.java:setRole(184)) - da15dfee-23f0-4dc4-ad77-c00156c49cfa@group-F967393F7C93: changes role from  FOLLOWER to FOLLOWER at term 82 for recognizeCandidate:d6dfcdd7-fc6e-4b51-b91e-b64503dadc5e
2019-10-17 21:54:52,665 [grpc-default-executor-9] INFO  impl.RoleInfo (RoleInfo.java:shutdownFollowerState(121)) - da15dfee-23f0-4dc4-ad77-c00156c49cfa: shutdown FollowerState
2019-10-17 21:54:52,665 [grpc-default-executor-1] INFO  impl.RaftServerImpl (RaftServerImpl.java:setRole(184)) - 08d4cbaa-ffed-4411-a5fd-c4a38026aead@group-F967393F7C93: changes role from  FOLLOWER to FOLLOWER at term 82 for recognizeCandidate:d6dfcdd7-fc6e-4b51-b91e-b64503dadc5e
2019-10-17 21:54:52,665 [grpc-default-executor-1] INFO  impl.RoleInfo (RoleInfo.java:shutdownFollowerState(121)) - 08d4cbaa-ffed-4411-a5fd-c4a38026aead: shutdown FollowerState
2019-10-17 21:54:52,665 [grpc-default-executor-1] INFO  impl.RoleInfo (RoleInfo.java:updateAndGet(143)) - 08d4cbaa-ffed-4411-a5fd-c4a38026aead: start FollowerState
2019-10-17 21:54:52,665 [Thread-1077] INFO  impl.FollowerState (FollowerState.java:run(117)) - da15dfee-23f0-4dc4-ad77-c00156c49cfa@group-F967393F7C93-FollowerState was interrupted: java.lang.InterruptedException: sleep interrupted
2019-10-17 21:54:52,665 [grpc-default-executor-9] INFO  impl.RoleInfo (RoleInfo.java:updateAndGet(143)) - da15dfee-23f0-4dc4-ad77-c00156c49cfa: start FollowerState
2019-10-17 21:54:52,665 [Thread-1078] INFO  impl.FollowerState (FollowerState.java:run(117)) - 08d4cbaa-ffed-4411-a5fd-c4a38026aead@group-F967393F7C93-FollowerState was interrupted: java.lang.InterruptedException: sleep interrupted
2019-10-17 21:54:52,681 [d6dfcdd7-fc6e-4b51-b91e-b64503dadc5e@group-F967393F7C93-LeaderElection95] INFO  impl.LeaderElection (LeaderElection.java:logAndReturn(56)) - d6dfcdd7-fc6e-4b51-b91e-b64503dadc5e@group-F967393F7C93-LeaderElection95: Election REJECTED; received 2 response(s) [d6dfcdd7-fc6e-4b51-b91e-b64503dadc5e<-08d4cbaa-ffed-4411-a5fd-c4a38026aead#0:FAIL-t82, d6dfcdd7-fc6e-4b51-b91e-b64503dadc5e<-da15dfee-23f0-4dc4-ad77-c00156c49cfa#0:FAIL-t82] and 0 exception(s); d6dfcdd7-fc6e-4b51-b91e-b64503dadc5e@group-F967393F7C93:t82, leader=null, voted=d6dfcdd7-fc6e-4b51-b91e-b64503dadc5e, raftlog=d6dfcdd7-fc6e-4b51-b91e-b64503dadc5e@group-F967393F7C93-SegmentedRaftLog:OPENED:c-1,f-1,i0, conf=-1: [08d4cbaa-ffed-4411-a5fd-c4a38026aead:192.168.157.223:33910, da15dfee-23f0-4dc4-ad77-c00156c49cfa:192.168.157.223:42172, d6dfcdd7-fc6e-4b51-b91e-b64503dadc5e:192.168.157.223:43575], old=null
2019-10-17 21:54:52,681 [d6dfcdd7-fc6e-4b51-b91e-b64503dadc5e@group-F967393F7C93-LeaderElection95] INFO  impl.RaftServerImpl (RaftServerImpl.java:setRole(184)) - d6dfcdd7-fc6e-4b51-b91e-b64503dadc5e@group-F967393F7C93: changes role from CANDIDATE to FOLLOWER at term 82 for DISCOVERED_A_NEW_TERM
2019-10-17 21:54:52,681 [d6dfcdd7-fc6e-4b51-b91e-b64503dadc5e@group-F967393F7C93-LeaderElection95] INFO  impl.RoleInfo (RoleInfo.java:shutdownLeaderElection(134)) - d6dfcdd7-fc6e-4b51-b91e-b64503dadc5e: shutdown LeaderElection
2019-10-17 21:54:52,682 [d6dfcdd7-fc6e-4b51-b91e-b64503dadc5e@group-F967393F7C93-LeaderElection95] INFO  impl.RoleInfo (RoleInfo.java:updateAndGet(143)) - d6dfcdd7-fc6e-4b51-b91e-b64503dadc5e: start FollowerState
2019-10-17 21:54:52,711 [Thread-1085] INFO  impl.FollowerState (FollowerState.java:run(108)) - d6dfcdd7-fc6e-4b51-b91e-b64503dadc5e@group-F967393F7C93-FollowerState: change to CANDIDATE, lastRpcTime:29ms, electionTimeout:29ms
2019-10-17 21:54:52,711 [Thread-1085] INFO  impl.RoleInfo (RoleInfo.java:shutdownFollowerState(121)) - d6dfcdd7-fc6e-4b51-b91e-b64503dadc5e: shutdown FollowerState
2019-10-17 21:54:52,711 [Thread-1085] INFO  impl.RaftServerImpl (RaftServerImpl.java:setRole(184)) - d6dfcdd7-fc6e-4b51-b91e-b64503dadc5e@group-F967393F7C93: changes role from  FOLLOWER to CANDIDATE at term 82 for changeToCandidate
2019-10-17 21:54:52,712 [Thread-1085] INFO  impl.RoleInfo (RoleInfo.java:updateAndGet(143)) - d6dfcdd7-fc6e-4b51-b91e-b64503dadc5e: start LeaderElection
2019-10-17 21:54:52,726 [d6dfcdd7-fc6e-4b51-b91e-b64503dadc5e@group-F967393F7C93-LeaderElection96] INFO  impl.LeaderElection (LeaderElection.java:askForVotes(178)) - d6dfcdd7-fc6e-4b51-b91e-b64503dadc5e@group-F967393F7C93-LeaderElection96: begin an election at term 83 for -1: [08d4cbaa-ffed-4411-a5fd-c4a38026aead:192.168.157.223:33910, da15dfee-23f0-4dc4-ad77-c00156c49cfa:192.168.157.223:42172, d6dfcdd7-fc6e-4b51-b91e-b64503dadc5e:192.168.157.223:43575], old=null
2019-10-17 21:54:52,730 [grpc-default-executor-9] INFO  impl.RaftServerImpl (RaftServerImpl.java:setRole(184)) - 08d4cbaa-ffed-4411-a5fd-c4a38026aead@group-F967393F7C93: changes role from  FOLLOWER to FOLLOWER at term 83 for recognizeCandidate:d6dfcdd7-fc6e-4b51-b91e-b64503dadc5e
2019-10-17 21:54:52,730 [grpc-default-executor-1] INFO  impl.RaftServerImpl (RaftServerImpl.java:setRole(184)) - da15dfee-23f0-4dc4-ad77-c00156c49cfa@group-F967393F7C93: changes role from  FOLLOWER to FOLLOWER at term 83 for recognizeCandidate:d6dfcdd7-fc6e-4b51-b91e-b64503dadc5e
2019-10-17 21:54:52,730 [grpc-default-executor-9] INFO  impl.RoleInfo (RoleInfo.java:shutdownFollowerState(121)) - 08d4cbaa-ffed-4411-a5fd-c4a38026aead: shutdown FollowerState
2019-10-17 21:54:52,730 [grpc-default-executor-1] INFO  impl.RoleInfo (RoleInfo.java:shutdownFollowerState(121)) - da15dfee-23f0-4dc4-ad77-c00156c49cfa: shutdown FollowerState
2019-10-17 21:54:52,730 [grpc-default-executor-9] INFO  impl.RoleInfo (RoleInfo.java:updateAndGet(143)) - 08d4cbaa-ffed-4411-a5fd-c4a38026aead: start FollowerState
2019-10-17 21:54:52,731 [Thread-1083] INFO  impl.FollowerState (FollowerState.java:run(117)) - da15dfee-23f0-4dc4-ad77-c00156c49cfa@group-F967393F7C93-FollowerState was interrupted: java.lang.InterruptedException: sleep interrupted
2019-10-17 21:54:52,730 [grpc-default-executor-1] INFO  impl.RoleInfo (RoleInfo.java:updateAndGet(143)) - da15dfee-23f0-4dc4-ad77-c00156c49cfa: start FollowerState
2019-10-17 21:54:52,730 [Thread-1084] INFO  impl.FollowerState (FollowerState.java:run(117)) - 08d4cbaa-ffed-4411-a5fd-c4a38026aead@group-F967393F7C93-FollowerState was interrupted: java.lang.InterruptedException: sleep interrupted
2019-10-17 21:54:52,746 [d6dfcdd7-fc6e-4b51-b91e-b64503dadc5e@group-F967393F7C93-LeaderElection96] INFO  impl.LeaderElection (LeaderElection.java:logAndReturn(56)) - d6dfcdd7-fc6e-4b51-b91e-b64503dadc5e@group-F967393F7C93-LeaderElection96: Election REJECTED; received 2 response(s) [d6dfcdd7-fc6e-4b51-b91e-b64503dadc5e<-08d4cbaa-ffed-4411-a5fd-c4a38026aead#0:FAIL-t83, d6dfcdd7-fc6e-4b51-b91e-b64503dadc5e<-da15dfee-23f0-4dc4-ad77-c00156c49cfa#0:FAIL-t83] and 0 exception(s); d6dfcdd7-fc6e-4b51-b91e-b64503dadc5e@group-F967393F7C93:t83, leader=null, voted=d6dfcdd7-fc6e-4b51-b91e-b64503dadc5e, raftlog=d6dfcdd7-fc6e-4b51-b91e-b64503dadc5e@group-F967393F7C93-SegmentedRaftLog:OPENED:c-1,f-1,i0, conf=-1: [08d4cbaa-ffed-4411-a5fd-c4a38026aead:192.168.157.223:33910, da15dfee-23f0-4dc4-ad77-c00156c49cfa:192.168.157.223:42172, d6dfcdd7-fc6e-4b51-b91e-b64503dadc5e:192.168.157.223:43575], old=null
2019-10-17 21:54:52,746 [d6dfcdd7-fc6e-4b51-b91e-b64503dadc5e@group-F967393F7C93-LeaderElection96] INFO  impl.RaftServerImpl (RaftServerImpl.java:setRole(184)) - d6dfcdd7-fc6e-4b51-b91e-b64503dadc5e@group-F967393F7C93: changes role from CANDIDATE to FOLLOWER at term 83 for DISCOVERED_A_NEW_TERM
2019-10-17 21:54:52,747 [d6dfcdd7-fc6e-4b51-b91e-b64503dadc5e@group-F967393F7C93-LeaderElection96] INFO  impl.RoleInfo (RoleInfo.java:shutdownLeaderElection(134)) - d6dfcdd7-fc6e-4b51-b91e-b64503dadc5e: shutdown LeaderElection
2019-10-17 21:54:52,747 [d6dfcdd7-fc6e-4b51-b91e-b64503dadc5e@group-F967393F7C93-LeaderElection96] INFO  impl.RoleInfo (RoleInfo.java:updateAndGet(143)) - d6dfcdd7-fc6e-4b51-b91e-b64503dadc5e: start FollowerState
2019-10-17 21:54:52,784 [Thread-1091] INFO  impl.FollowerState (FollowerState.java:run(108)) - d6dfcdd7-fc6e-4b51-b91e-b64503dadc5e@group-F967393F7C93-FollowerState: change to CANDIDATE, lastRpcTime:37ms, electionTimeout:37ms
2019-10-17 21:54:52,784 [Thread-1091] INFO  impl.RoleInfo (RoleInfo.java:shutdownFollowerState(121)) - d6dfcdd7-fc6e-4b51-b91e-b64503dadc5e: shutdown FollowerState
2019-10-17 21:54:52,784 [Thread-1091] INFO  impl.RaftServerImpl (RaftServerImpl.java:setRole(184)) - d6dfcdd7-fc6e-4b51-b91e-b64503dadc5e@group-F967393F7C93: changes role from  FOLLOWER to CANDIDATE at term 83 for changeToCandidate
2019-10-17 21:54:52,785 [Thread-1091] INFO  impl.RoleInfo (RoleInfo.java:updateAndGet(143)) - d6dfcdd7-fc6e-4b51-b91e-b64503dadc5e: start LeaderElection
2019-10-17 21:54:52,798 [d6dfcdd7-fc6e-4b51-b91e-b64503dadc5e@group-F967393F7C93-LeaderElection97] INFO  impl.LeaderElection (LeaderElection.java:askForVotes(178)) - d6dfcdd7-fc6e-4b51-b91e-b64503dadc5e@group-F967393F7C93-LeaderElection97: begin an election at term 84 for -1: [08d4cbaa-ffed-4411-a5fd-c4a38026aead:192.168.157.223:33910, da15dfee-23f0-4dc4-ad77-c00156c49cfa:192.168.157.223:42172, d6dfcdd7-fc6e-4b51-b91e-b64503dadc5e:192.168.157.223:43575], old=null
2019-10-17 21:54:52,800 [grpc-default-executor-9] INFO  impl.RaftServerImpl (RaftServerImpl.java:setRole(184)) - 08d4cbaa-ffed-4411-a5fd-c4a38026aead@group-F967393F7C93: changes role from  FOLLOWER to FOLLOWER at term 84 for recognizeCandidate:d6dfcdd7-fc6e-4b51-b91e-b64503dadc5e
2019-10-17 21:54:52,800 [grpc-default-executor-1] INFO  impl.RaftServerImpl (RaftServerImpl.java:setRole(184)) - da15dfee-23f0-4dc4-ad77-c00156c49cfa@group-F967393F7C93: changes role from  FOLLOWER to FOLLOWER at term 84 for recognizeCandidate:d6dfcdd7-fc6e-4b51-b91e-b64503dadc5e
2019-10-17 21:54:52,800 [grpc-default-executor-9] INFO  impl.RoleInfo (RoleInfo.java:shutdownFollowerState(121)) - 08d4cbaa-ffed-4411-a5fd-c4a38026aead: shutdown FollowerState
2019-10-17 21:54:52,800 [grpc-default-executor-1] INFO  impl.RoleInfo (RoleInfo.java:shutdownFollowerState(121)) - da15dfee-23f0-4dc4-ad77-c00156c49cfa: shutdown FollowerState
2019-10-17 21:54:52,801 [Thread-1089] INFO  impl.FollowerState (FollowerState.java:run(117)) - 08d4cbaa-ffed-4411-a5fd-c4a38026aead@group-F967393F7C93-FollowerState was interrupted: java.lang.InterruptedException: sleep interrupted
2019-10-17 21:54:52,801 [Thread-1090] INFO  impl.FollowerState (FollowerState.java:run(117)) - da15dfee-23f0-4dc4-ad77-c00156c49cfa@group-F967393F7C93-FollowerState was interrupted: java.lang.InterruptedException: sleep interrupted
2019-10-17 21:54:52,801 [grpc-default-executor-9] INFO  impl.RoleInfo (RoleInfo.java:updateAndGet(143)) - 08d4cbaa-ffed-4411-a5fd-c4a38026aead: start FollowerState
2019-10-17 21:54:52,801 [grpc-default-executor-1] INFO  impl.RoleInfo (RoleInfo.java:updateAndGet(143)) - da15dfee-23f0-4dc4-ad77-c00156c49cfa: start FollowerState
2019-10-17 21:54:52,813 [d6dfcdd7-fc6e-4b51-b91e-b64503dadc5e@group-F967393F7C93-LeaderElection97] INFO  impl.LeaderElection (LeaderElection.java:logAndReturn(56)) - d6dfcdd7-fc6e-4b51-b91e-b64503dadc5e@group-F967393F7C93-LeaderElection97: Election TIMEOUT; received 0 response(s) [] and 0 exception(s); d6dfcdd7-fc6e-4b51-b91e-b64503dadc5e@group-F967393F7C93:t84, leader=null, voted=d6dfcdd7-fc6e-4b51-b91e-b64503dadc5e, raftlog=d6dfcdd7-fc6e-4b51-b91e-b64503dadc5e@group-F967393F7C93-SegmentedRaftLog:OPENED:c-1,f-1,i0, conf=-1: [08d4cbaa-ffed-4411-a5fd-c4a38026aead:192.168.157.223:33910, da15dfee-23f0-4dc4-ad77-c00156c49cfa:192.168.157.223:42172, d6dfcdd7-fc6e-4b51-b91e-b64503dadc5e:192.168.157.223:43575], old=null
2019-10-17 21:54:52,817 [d6dfcdd7-fc6e-4b51-b91e-b64503dadc5e@group-F967393F7C93-LeaderElection97] INFO  impl.LeaderElection (LeaderElection.java:askForVotes(178)) - d6dfcdd7-fc6e-4b51-b91e-b64503dadc5e@group-F967393F7C93-LeaderElection97: begin an election at term 85 for -1: [08d4cbaa-ffed-4411-a5fd-c4a38026aead:192.168.157.223:33910, da15dfee-23f0-4dc4-ad77-c00156c49cfa:192.168.157.223:42172, d6dfcdd7-fc6e-4b51-b91e-b64503dadc5e:192.168.157.223:43575], old=null
2019-10-17 21:54:52,819 [grpc-default-executor-9] INFO  impl.RaftServerImpl (RaftServerImpl.java:setRole(184)) - 08d4cbaa-ffed-4411-a5fd-c4a38026aead@group-F967393F7C93: changes role from  FOLLOWER to FOLLOWER at term 85 for recognizeCandidate:d6dfcdd7-fc6e-4b51-b91e-b64503dadc5e
2019-10-17 21:54:52,819 [grpc-default-executor-9] INFO  impl.RoleInfo (RoleInfo.java:shutdownFollowerState(121)) - 08d4cbaa-ffed-4411-a5fd-c4a38026aead: shutdown FollowerState
2019-10-17 21:54:52,819 [grpc-default-executor-9] INFO  impl.RoleInfo (RoleInfo.java:updateAndGet(143)) - 08d4cbaa-ffed-4411-a5fd-c4a38026aead: start FollowerState
2019-10-17 21:54:52,819 [Thread-1095] INFO  impl.FollowerState (FollowerState.java:run(117)) - 08d4cbaa-ffed-4411-a5fd-c4a38026aead@group-F967393F7C93-FollowerState was interrupted: java.lang.InterruptedException: sleep interrupted
2019-10-17 21:54:52,819 [grpc-default-executor-1] INFO  impl.RaftServerImpl (RaftServerImpl.java:setRole(184)) - da15dfee-23f0-4dc4-ad77-c00156c49cfa@group-F967393F7C93: changes role from  FOLLOWER to FOLLOWER at term 85 for recognizeCandidate:d6dfcdd7-fc6e-4b51-b91e-b64503dadc5e
2019-10-17 21:54:52,820 [grpc-default-executor-1] INFO  impl.RoleInfo (RoleInfo.java:shutdownFollowerState(121)) - da15dfee-23f0-4dc4-ad77-c00156c49cfa: shutdown FollowerState
2019-10-17 21:54:52,820 [grpc-default-executor-1] INFO  impl.RoleInfo (RoleInfo.java:updateAndGet(143)) - da15dfee-23f0-4dc4-ad77-c00156c49cfa: start FollowerState
2019-10-17 21:54:52,820 [Thread-1096] INFO  impl.FollowerState (FollowerState.java:run(117)) - da15dfee-23f0-4dc4-ad77-c00156c49cfa@group-F967393F7C93-FollowerState was interrupted: java.lang.InterruptedException: sleep interrupted
2019-10-17 21:54:52,835 [d6dfcdd7-fc6e-4b51-b91e-b64503dadc5e@group-F967393F7C93-LeaderElection97] INFO  impl.LeaderElection (LeaderElection.java:logAndReturn(56)) - d6dfcdd7-fc6e-4b51-b91e-b64503dadc5e@group-F967393F7C93-LeaderElection97: Election REJECTED; received 2 response(s) [d6dfcdd7-fc6e-4b51-b91e-b64503dadc5e<-08d4cbaa-ffed-4411-a5fd-c4a38026aead#0:FAIL-t85, d6dfcdd7-fc6e-4b51-b91e-b64503dadc5e<-da15dfee-23f0-4dc4-ad77-c00156c49cfa#0:FAIL-t85] and 0 exception(s); d6dfcdd7-fc6e-4b51-b91e-b64503dadc5e@group-F967393F7C93:t85, leader=null, voted=d6dfcdd7-fc6e-4b51-b91e-b64503dadc5e, raftlog=d6dfcdd7-fc6e-4b51-b91e-b64503dadc5e@group-F967393F7C93-SegmentedRaftLog:OPENED:c-1,f-1,i0, conf=-1: [08d4cbaa-ffed-4411-a5fd-c4a38026aead:192.168.157.223:33910, da15dfee-23f0-4dc4-ad77-c00156c49cfa:192.168.157.223:42172, d6dfcdd7-fc6e-4b51-b91e-b64503dadc5e:192.168.157.223:43575], old=null
2019-10-17 21:54:52,835 [d6dfcdd7-fc6e-4b51-b91e-b64503dadc5e@group-F967393F7C93-LeaderElection97] INFO  impl.RaftServerImpl (RaftServerImpl.java:setRole(184)) - d6dfcdd7-fc6e-4b51-b91e-b64503dadc5e@group-F967393F7C93: changes role from CANDIDATE to FOLLOWER at term 85 for DISCOVERED_A_NEW_TERM
2019-10-17 21:54:52,835 [d6dfcdd7-fc6e-4b51-b91e-b64503dadc5e@group-F967393F7C93-LeaderElection97] INFO  impl.RoleInfo (RoleInfo.java:shutdownLeaderElection(134)) - d6dfcdd7-fc6e-4b51-b91e-b64503dadc5e: shutdown LeaderElection
2019-10-17 21:54:52,835 [d6dfcdd7-fc6e-4b51-b91e-b64503dadc5e@group-F967393F7C93-LeaderElection97] INFO  impl.RoleInfo (RoleInfo.java:updateAndGet(143)) - d6dfcdd7-fc6e-4b51-b91e-b64503dadc5e: start FollowerState
2019-10-17 21:54:53,025 [Thread-1104] INFO  impl.FollowerState (FollowerState.java:run(108)) - d6dfcdd7-fc6e-4b51-b91e-b64503dadc5e@group-F967393F7C93-FollowerState: change to CANDIDATE, lastRpcTime:189ms, electionTimeout:189ms
2019-10-17 21:54:53,025 [Thread-1104] INFO  impl.RoleInfo (RoleInfo.java:shutdownFollowerState(121)) - d6dfcdd7-fc6e-4b51-b91e-b64503dadc5e: shutdown FollowerState
2019-10-17 21:54:53,025 [Thread-1104] INFO  impl.RaftServerImpl (RaftServerImpl.java:setRole(184)) - d6dfcdd7-fc6e-4b51-b91e-b64503dadc5e@group-F967393F7C93: changes role from  FOLLOWER to CANDIDATE at term 85 for changeToCandidate
2019-10-17 21:54:53,026 [Thread-1104] INFO  impl.RoleInfo (RoleInfo.java:updateAndGet(143)) - d6dfcdd7-fc6e-4b51-b91e-b64503dadc5e: start LeaderElection
2019-10-17 21:54:53,040 [d6dfcdd7-fc6e-4b51-b91e-b64503dadc5e@group-F967393F7C93-LeaderElection98] INFO  impl.LeaderElection (LeaderElection.java:askForVotes(178)) - d6dfcdd7-fc6e-4b51-b91e-b64503dadc5e@group-F967393F7C93-LeaderElection98: begin an election at term 86 for -1: [08d4cbaa-ffed-4411-a5fd-c4a38026aead:192.168.157.223:33910, da15dfee-23f0-4dc4-ad77-c00156c49cfa:192.168.157.223:42172, d6dfcdd7-fc6e-4b51-b91e-b64503dadc5e:192.168.157.223:43575], old=null
2019-10-17 21:54:53,043 [grpc-default-executor-9] INFO  impl.RaftServerImpl (RaftServerImpl.java:setRole(184)) - da15dfee-23f0-4dc4-ad77-c00156c49cfa@group-F967393F7C93: changes role from  FOLLOWER to FOLLOWER at term 86 for recognizeCandidate:d6dfcdd7-fc6e-4b51-b91e-b64503dadc5e
2019-10-17 21:54:53,044 [grpc-default-executor-12] INFO  impl.RaftServerImpl (RaftServerImpl.java:setRole(184)) - 08d4cbaa-ffed-4411-a5fd-c4a38026aead@group-F967393F7C93: changes role from  FOLLOWER to FOLLOWER at term 86 for recognizeCandidate:d6dfcdd7-fc6e-4b51-b91e-b64503dadc5e
2019-10-17 21:54:53,044 [grpc-default-executor-9] INFO  impl.RoleInfo (RoleInfo.java:shutdownFollowerState(121)) - da15dfee-23f0-4dc4-ad77-c00156c49cfa: shutdown FollowerState
2019-10-17 21:54:53,044 [grpc-default-executor-12] INFO  impl.RoleInfo (RoleInfo.java:shutdownFollowerState(121)) - 08d4cbaa-ffed-4411-a5fd-c4a38026aead: shutdown FollowerState
2019-10-17 21:54:53,044 [grpc-default-executor-9] INFO  impl.RoleInfo (RoleInfo.java:updateAndGet(143)) - da15dfee-23f0-4dc4-ad77-c00156c49cfa: start FollowerState
2019-10-17 21:54:53,044 [Thread-1100] INFO  impl.FollowerState (FollowerState.java:run(117)) - da15dfee-23f0-4dc4-ad77-c00156c49cfa@group-F967393F7C93-FollowerState was interrupted: java.lang.InterruptedException: sleep interrupted
2019-10-17 21:54:53,044 [Thread-1099] INFO  impl.FollowerState (FollowerState.java:run(117)) - 08d4cbaa-ffed-4411-a5fd-c4a38026aead@group-F967393F7C93-FollowerState was interrupted: java.lang.InterruptedException: sleep interrupted
2019-10-17 21:54:53,044 [grpc-default-executor-12] INFO  impl.RoleInfo (RoleInfo.java:updateAndGet(143)) - 08d4cbaa-ffed-4411-a5fd-c4a38026aead: start FollowerState
2019-10-17 21:54:53,061 [d6dfcdd7-fc6e-4b51-b91e-b64503dadc5e@group-F967393F7C93-LeaderElection98] INFO  impl.LeaderElection (LeaderElection.java:logAndReturn(56)) - d6dfcdd7-fc6e-4b51-b91e-b64503dadc5e@group-F967393F7C93-LeaderElection98: Election REJECTED; received 2 response(s) [d6dfcdd7-fc6e-4b51-b91e-b64503dadc5e<-08d4cbaa-ffed-4411-a5fd-c4a38026aead#0:FAIL-t86, d6dfcdd7-fc6e-4b51-b91e-b64503dadc5e<-da15dfee-23f0-4dc4-ad77-c00156c49cfa#0:FAIL-t86] and 0 exception(s); d6dfcdd7-fc6e-4b51-b91e-b64503dadc5e@group-F967393F7C93:t86, leader=null, voted=d6dfcdd7-fc6e-4b51-b91e-b64503dadc5e, raftlog=d6dfcdd7-fc6e-4b51-b91e-b64503dadc5e@group-F967393F7C93-SegmentedRaftLog:OPENED:c-1,f-1,i0, conf=-1: [08d4cbaa-ffed-4411-a5fd-c4a38026aead:192.168.157.223:33910, da15dfee-23f0-4dc4-ad77-c00156c49cfa:192.168.157.223:42172, d6dfcdd7-fc6e-4b51-b91e-b64503dadc5e:192.168.157.223:43575], old=null
2019-10-17 21:54:53,061 [d6dfcdd7-fc6e-4b51-b91e-b64503dadc5e@group-F967393F7C93-LeaderElection98] INFO  impl.RaftServerImpl (RaftServerImpl.java:setRole(184)) - d6dfcdd7-fc6e-4b51-b91e-b64503dadc5e@group-F967393F7C93: changes role from CANDIDATE to FOLLOWER at term 86 for DISCOVERED_A_NEW_TERM
2019-10-17 21:54:53,061 [d6dfcdd7-fc6e-4b51-b91e-b64503dadc5e@group-F967393F7C93-LeaderElection98] INFO  impl.RoleInfo (RoleInfo.java:shutdownLeaderElection(134)) - d6dfcdd7-fc6e-4b51-b91e-b64503dadc5e: shutdown LeaderElection
2019-10-17 21:54:53,062 [d6dfcdd7-fc6e-4b51-b91e-b64503dadc5e@group-F967393F7C93-LeaderElection98] INFO  impl.RoleInfo (RoleInfo.java:updateAndGet(143)) - d6dfcdd7-fc6e-4b51-b91e-b64503dadc5e: start FollowerState
2019-10-17 21:54:53,133 [Thread-1113] INFO  impl.FollowerState (FollowerState.java:run(108)) - d6dfcdd7-fc6e-4b51-b91e-b64503dadc5e@group-F967393F7C93-FollowerState: change to CANDIDATE, lastRpcTime:71ms, electionTimeout:71ms
2019-10-17 21:54:53,133 [Thread-1113] INFO  impl.RoleInfo (RoleInfo.java:shutdownFollowerState(121)) - d6dfcdd7-fc6e-4b51-b91e-b64503dadc5e: shutdown FollowerState
2019-10-17 21:54:53,134 [Thread-1113] INFO  impl.RaftServerImpl (RaftServerImpl.java:setRole(184)) - d6dfcdd7-fc6e-4b51-b91e-b64503dadc5e@group-F967393F7C93: changes role from  FOLLOWER to CANDIDATE at term 86 for changeToCandidate
2019-10-17 21:54:53,134 [Thread-1113] INFO  impl.RoleInfo (RoleInfo.java:updateAndGet(143)) - d6dfcdd7-fc6e-4b51-b91e-b64503dadc5e: start LeaderElection
2019-10-17 21:54:53,160 [d6dfcdd7-fc6e-4b51-b91e-b64503dadc5e@group-F967393F7C93-LeaderElection99] INFO  impl.LeaderElection (LeaderElection.java:askForVotes(178)) - d6dfcdd7-fc6e-4b51-b91e-b64503dadc5e@group-F967393F7C93-LeaderElection99: begin an election at term 87 for -1: [08d4cbaa-ffed-4411-a5fd-c4a38026aead:192.168.157.223:33910, da15dfee-23f0-4dc4-ad77-c00156c49cfa:192.168.157.223:42172, d6dfcdd7-fc6e-4b51-b91e-b64503dadc5e:192.168.157.223:43575], old=null
2019-10-17 21:54:53,162 [grpc-default-executor-12] INFO  impl.RaftServerImpl (RaftServerImpl.java:setRole(184)) - 08d4cbaa-ffed-4411-a5fd-c4a38026aead@group-F967393F7C93: changes role from  FOLLOWER to FOLLOWER at term 87 for recognizeCandidate:d6dfcdd7-fc6e-4b51-b91e-b64503dadc5e
2019-10-17 21:54:53,162 [grpc-default-executor-12] INFO  impl.RoleInfo (RoleInfo.java:shutdownFollowerState(121)) - 08d4cbaa-ffed-4411-a5fd-c4a38026aead: shutdown FollowerState
2019-10-17 21:54:53,163 [grpc-default-executor-12] INFO  impl.RoleInfo (RoleInfo.java:updateAndGet(143)) - 08d4cbaa-ffed-4411-a5fd-c4a38026aead: start FollowerState
2019-10-17 21:54:53,163 [grpc-default-executor-9] INFO  impl.RaftServerImpl (RaftServerImpl.java:setRole(184)) - da15dfee-23f0-4dc4-ad77-c00156c49cfa@group-F967393F7C93: changes role from  FOLLOWER to FOLLOWER at term 87 for recognizeCandidate:d6dfcdd7-fc6e-4b51-b91e-b64503dadc5e
2019-10-17 21:54:53,163 [Thread-1112] INFO  impl.FollowerState (FollowerState.java:run(117)) - 08d4cbaa-ffed-4411-a5fd-c4a38026aead@group-F967393F7C93-FollowerState was interrupted: java.lang.InterruptedException: sleep interrupted
2019-10-17 21:54:53,163 [grpc-default-executor-9] INFO  impl.RoleInfo (RoleInfo.java:shutdownFollowerState(121)) - da15dfee-23f0-4dc4-ad77-c00156c49cfa: shutdown FollowerState
2019-10-17 21:54:53,163 [grpc-default-executor-9] INFO  impl.RoleInfo (RoleInfo.java:updateAndGet(143)) - da15dfee-23f0-4dc4-ad77-c00156c49cfa: start FollowerState
2019-10-17 21:54:53,163 [Thread-1111] INFO  impl.FollowerState (FollowerState.java:run(117)) - da15dfee-23f0-4dc4-ad77-c00156c49cfa@group-F967393F7C93-FollowerState was interrupted: java.lang.InterruptedException: sleep interrupted
2019-10-17 21:54:53,179 [d6dfcdd7-fc6e-4b51-b91e-b64503dadc5e@group-F967393F7C93-LeaderElection99] INFO  impl.LeaderElection (LeaderElection.java:logAndReturn(56)) - d6dfcdd7-fc6e-4b51-b91e-b64503dadc5e@group-F967393F7C93-LeaderElection99: Election REJECTED; received 2 response(s) [d6dfcdd7-fc6e-4b51-b91e-b64503dadc5e<-08d4cbaa-ffed-4411-a5fd-c4a38026aead#0:FAIL-t87, d6dfcdd7-fc6e-4b51-b91e-b64503dadc5e<-da15dfee-23f0-4dc4-ad77-c00156c49cfa#0:FAIL-t87] and 0 exception(s); d6dfcdd7-fc6e-4b51-b91e-b64503dadc5e@group-F967393F7C93:t87, leader=null, voted=d6dfcdd7-fc6e-4b51-b91e-b64503dadc5e, raftlog=d6dfcdd7-fc6e-4b51-b91e-b64503dadc5e@group-F967393F7C93-SegmentedRaftLog:OPENED:c-1,f-1,i0, conf=-1: [08d4cbaa-ffed-4411-a5fd-c4a38026aead:192.168.157.223:33910, da15dfee-23f0-4dc4-ad77-c00156c49cfa:192.168.157.223:42172, d6dfcdd7-fc6e-4b51-b91e-b64503dadc5e:192.168.157.223:43575], old=null
2019-10-17 21:54:53,179 [d6dfcdd7-fc6e-4b51-b91e-b64503dadc5e@group-F967393F7C93-LeaderElection99] INFO  impl.RaftServerImpl (RaftServerImpl.java:setRole(184)) - d6dfcdd7-fc6e-4b51-b91e-b64503dadc5e@group-F967393F7C93: changes role from CANDIDATE to FOLLOWER at term 87 for DISCOVERED_A_NEW_TERM
2019-10-17 21:54:53,179 [d6dfcdd7-fc6e-4b51-b91e-b64503dadc5e@group-F967393F7C93-LeaderElection99] INFO  impl.RoleInfo (RoleInfo.java:shutdownLeaderElection(134)) - d6dfcdd7-fc6e-4b51-b91e-b64503dadc5e: shutdown LeaderElection
2019-10-17 21:54:53,179 [d6dfcdd7-fc6e-4b51-b91e-b64503dadc5e@group-F967393F7C93-LeaderElection99] INFO  impl.RoleInfo (RoleInfo.java:updateAndGet(143)) - d6dfcdd7-fc6e-4b51-b91e-b64503dadc5e: start FollowerState
2019-10-17 21:54:53,272 [Thread-1119] INFO  impl.FollowerState (FollowerState.java:run(108)) - d6dfcdd7-fc6e-4b51-b91e-b64503dadc5e@group-F967393F7C93-FollowerState: change to CANDIDATE, lastRpcTime:92ms, electionTimeout:92ms
2019-10-17 21:54:53,272 [Thread-1119] INFO  impl.RoleInfo (RoleInfo.java:shutdownFollowerState(121)) - d6dfcdd7-fc6e-4b51-b91e-b64503dadc5e: shutdown FollowerState
2019-10-17 21:54:53,272 [Thread-1119] INFO  impl.RaftServerImpl (RaftServerImpl.java:setRole(184)) - d6dfcdd7-fc6e-4b51-b91e-b64503dadc5e@group-F967393F7C93: changes role from  FOLLOWER to CANDIDATE at term 87 for changeToCandidate
2019-10-17 21:54:53,272 [Thread-1119] INFO  impl.RoleInfo (RoleInfo.java:updateAndGet(143)) - d6dfcdd7-fc6e-4b51-b91e-b64503dadc5e: start LeaderElection
2019-10-17 21:54:53,312 [d6dfcdd7-fc6e-4b51-b91e-b64503dadc5e@group-F967393F7C93-LeaderElection100] INFO  impl.LeaderElection (LeaderElection.java:askForVotes(178)) - d6dfcdd7-fc6e-4b51-b91e-b64503dadc5e@group-F967393F7C93-LeaderElection100: begin an election at term 88 for -1: [08d4cbaa-ffed-4411-a5fd-c4a38026aead:192.168.157.223:33910, da15dfee-23f0-4dc4-ad77-c00156c49cfa:192.168.157.223:42172, d6dfcdd7-fc6e-4b51-b91e-b64503dadc5e:192.168.157.223:43575], old=null
2019-10-17 21:54:53,317 [grpc-default-executor-12] INFO  impl.RaftServerImpl (RaftServerImpl.java:setRole(184)) - da15dfee-23f0-4dc4-ad77-c00156c49cfa@group-F967393F7C93: changes role from  FOLLOWER to FOLLOWER at term 88 for recognizeCandidate:d6dfcdd7-fc6e-4b51-b91e-b64503dadc5e
2019-10-17 21:54:53,317 [grpc-default-executor-9] INFO  impl.RaftServerImpl (RaftServerImpl.java:setRole(184)) - 08d4cbaa-ffed-4411-a5fd-c4a38026aead@group-F967393F7C93: changes role from  FOLLOWER to FOLLOWER at term 88 for recognizeCandidate:d6dfcdd7-fc6e-4b51-b91e-b64503dadc5e
2019-10-17 21:54:53,317 [grpc-default-executor-12] INFO  impl.RoleInfo (RoleInfo.java:shutdownFollowerState(121)) - da15dfee-23f0-4dc4-ad77-c00156c49cfa: shutdown FollowerState
2019-10-17 21:54:53,317 [grpc-default-executor-9] INFO  impl.RoleInfo (RoleInfo.java:shutdownFollowerState(121)) - 08d4cbaa-ffed-4411-a5fd-c4a38026aead: shutdown FollowerState
2019-10-17 21:54:53,318 [Thread-1118] INFO  impl.FollowerState (FollowerState.java:run(117)) - da15dfee-23f0-4dc4-ad77-c00156c49cfa@group-F967393F7C93-FollowerState was interrupted: java.lang.InterruptedException: sleep interrupted
2019-10-17 21:54:53,318 [grpc-default-executor-12] INFO  impl.RoleInfo (RoleInfo.java:updateAndGet(143)) - da15dfee-23f0-4dc4-ad77-c00156c49cfa: start FollowerState
2019-10-17 21:54:53,318 [Thread-1117] INFO  impl.FollowerState (FollowerState.java:run(117)) - 08d4cbaa-ffed-4411-a5fd-c4a38026aead@group-F967393F7C93-FollowerState was interrupted: java.lang.InterruptedException: sleep interrupted
2019-10-17 21:54:53,318 [grpc-default-executor-9] INFO  impl.RoleInfo (RoleInfo.java:updateAndGet(143)) - 08d4cbaa-ffed-4411-a5fd-c4a38026aead: start FollowerState
2019-10-17 21:54:53,330 [d6dfcdd7-fc6e-4b51-b91e-b64503dadc5e@group-F967393F7C93-LeaderElection100] INFO  impl.LeaderElection (LeaderElection.java:logAndReturn(56)) - d6dfcdd7-fc6e-4b51-b91e-b64503dadc5e@group-F967393F7C93-LeaderElection100: Election REJECTED; received 2 response(s) [d6dfcdd7-fc6e-4b51-b91e-b64503dadc5e<-08d4cbaa-ffed-4411-a5fd-c4a38026aead#0:FAIL-t88, d6dfcdd7-fc6e-4b51-b91e-b64503dadc5e<-da15dfee-23f0-4dc4-ad77-c00156c49cfa#0:FAIL-t88] and 0 exception(s); d6dfcdd7-fc6e-4b51-b91e-b64503dadc5e@group-F967393F7C93:t88, leader=null, voted=d6dfcdd7-fc6e-4b51-b91e-b64503dadc5e, raftlog=d6dfcdd7-fc6e-4b51-b91e-b64503dadc5e@group-F967393F7C93-SegmentedRaftLog:OPENED:c-1,f-1,i0, conf=-1: [08d4cbaa-ffed-4411-a5fd-c4a38026aead:192.168.157.223:33910, da15dfee-23f0-4dc4-ad77-c00156c49cfa:192.168.157.223:42172, d6dfcdd7-fc6e-4b51-b91e-b64503dadc5e:192.168.157.223:43575], old=null
2019-10-17 21:54:53,331 [d6dfcdd7-fc6e-4b51-b91e-b64503dadc5e@group-F967393F7C93-LeaderElection100] INFO  impl.RaftServerImpl (RaftServerImpl.java:setRole(184)) - d6dfcdd7-fc6e-4b51-b91e-b64503dadc5e@group-F967393F7C93: changes role from CANDIDATE to FOLLOWER at term 88 for DISCOVERED_A_NEW_TERM
2019-10-17 21:54:53,331 [d6dfcdd7-fc6e-4b51-b91e-b64503dadc5e@group-F967393F7C93-LeaderElection100] INFO  impl.RoleInfo (RoleInfo.java:shutdownLeaderElection(134)) - d6dfcdd7-fc6e-4b51-b91e-b64503dadc5e: shutdown LeaderElection
2019-10-17 21:54:53,331 [d6dfcdd7-fc6e-4b51-b91e-b64503dadc5e@group-F967393F7C93-LeaderElection100] INFO  impl.RoleInfo (RoleInfo.java:updateAndGet(143)) - d6dfcdd7-fc6e-4b51-b91e-b64503dadc5e: start FollowerState
2019-10-17 21:54:53,476 [Thread-1125] INFO  impl.FollowerState (FollowerState.java:run(108)) - d6dfcdd7-fc6e-4b51-b91e-b64503dadc5e@group-F967393F7C93-FollowerState: change to CANDIDATE, lastRpcTime:145ms, electionTimeout:145ms
2019-10-17 21:54:53,476 [Thread-1125] INFO  impl.RoleInfo (RoleInfo.java:shutdownFollowerState(121)) - d6dfcdd7-fc6e-4b51-b91e-b64503dadc5e: shutdown FollowerState
2019-10-17 21:54:53,476 [Thread-1125] INFO  impl.RaftServerImpl (RaftServerImpl.java:setRole(184)) - d6dfcdd7-fc6e-4b51-b91e-b64503dadc5e@group-F967393F7C93: changes role from  FOLLOWER to CANDIDATE at term 88 for changeToCandidate
2019-10-17 21:54:53,477 [Thread-1125] INFO  impl.RoleInfo (RoleInfo.java:updateAndGet(143)) - d6dfcdd7-fc6e-4b51-b91e-b64503dadc5e: start LeaderElection
2019-10-17 21:54:53,490 [d6dfcdd7-fc6e-4b51-b91e-b64503dadc5e@group-F967393F7C93-LeaderElection101] INFO  impl.LeaderElection (LeaderElection.java:askForVotes(178)) - d6dfcdd7-fc6e-4b51-b91e-b64503dadc5e@group-F967393F7C93-LeaderElection101: begin an election at term 89 for -1: [08d4cbaa-ffed-4411-a5fd-c4a38026aead:192.168.157.223:33910, da15dfee-23f0-4dc4-ad77-c00156c49cfa:192.168.157.223:42172, d6dfcdd7-fc6e-4b51-b91e-b64503dadc5e:192.168.157.223:43575], old=null
2019-10-17 21:54:53,493 [grpc-default-executor-11] INFO  impl.RaftServerImpl (RaftServerImpl.java:setRole(184)) - 08d4cbaa-ffed-4411-a5fd-c4a38026aead@group-F967393F7C93: changes role from  FOLLOWER to FOLLOWER at term 89 for recognizeCandidate:d6dfcdd7-fc6e-4b51-b91e-b64503dadc5e
2019-10-17 21:54:53,493 [grpc-default-executor-11] INFO  impl.RoleInfo (RoleInfo.java:shutdownFollowerState(121)) - 08d4cbaa-ffed-4411-a5fd-c4a38026aead: shutdown FollowerState
2019-10-17 21:54:53,493 [grpc-default-executor-11] INFO  impl.RoleInfo (RoleInfo.java:updateAndGet(143)) - 08d4cbaa-ffed-4411-a5fd-c4a38026aead: start FollowerState
2019-10-17 21:54:53,493 [grpc-default-executor-12] INFO  impl.RaftServerImpl (RaftServerImpl.java:setRole(184)) - da15dfee-23f0-4dc4-ad77-c00156c49cfa@group-F967393F7C93: changes role from  FOLLOWER to FOLLOWER at term 89 for recognizeCandidate:d6dfcdd7-fc6e-4b51-b91e-b64503dadc5e
2019-10-17 21:54:53,493 [Thread-1124] INFO  impl.FollowerState (FollowerState.java:run(117)) - 08d4cbaa-ffed-4411-a5fd-c4a38026aead@group-F967393F7C93-FollowerState was interrupted: java.lang.InterruptedException: sleep interrupted
2019-10-17 21:54:53,493 [grpc-default-executor-12] INFO  impl.RoleInfo (RoleInfo.java:shutdownFollowerState(121)) - da15dfee-23f0-4dc4-ad77-c00156c49cfa: shutdown FollowerState
2019-10-17 21:54:53,494 [grpc-default-executor-12] INFO  impl.RoleInfo (RoleInfo.java:updateAndGet(143)) - da15dfee-23f0-4dc4-ad77-c00156c49cfa: start FollowerState
2019-10-17 21:54:53,494 [Thread-1123] INFO  impl.FollowerState (FollowerState.java:run(117)) - da15dfee-23f0-4dc4-ad77-c00156c49cfa@group-F967393F7C93-FollowerState was interrupted: java.lang.InterruptedException: sleep interrupted
2019-10-17 21:54:53,508 [d6dfcdd7-fc6e-4b51-b91e-b64503dadc5e@group-F967393F7C93-LeaderElection101] INFO  impl.LeaderElection (LeaderElection.java:logAndReturn(56)) - d6dfcdd7-fc6e-4b51-b91e-b64503dadc5e@group-F967393F7C93-LeaderElection101: Election REJECTED; received 2 response(s) [d6dfcdd7-fc6e-4b51-b91e-b64503dadc5e<-08d4cbaa-ffed-4411-a5fd-c4a38026aead#0:FAIL-t89, d6dfcdd7-fc6e-4b51-b91e-b64503dadc5e<-da15dfee-23f0-4dc4-ad77-c00156c49cfa#0:FAIL-t89] and 0 exception(s); d6dfcdd7-fc6e-4b51-b91e-b64503dadc5e@group-F967393F7C93:t89, leader=null, voted=d6dfcdd7-fc6e-4b51-b91e-b64503dadc5e, raftlog=d6dfcdd7-fc6e-4b51-b91e-b64503dadc5e@group-F967393F7C93-SegmentedRaftLog:OPENED:c-1,f-1,i0, conf=-1: [08d4cbaa-ffed-4411-a5fd-c4a38026aead:192.168.157.223:33910, da15dfee-23f0-4dc4-ad77-c00156c49cfa:192.168.157.223:42172, d6dfcdd7-fc6e-4b51-b91e-b64503dadc5e:192.168.157.223:43575], old=null
2019-10-17 21:54:53,508 [d6dfcdd7-fc6e-4b51-b91e-b64503dadc5e@group-F967393F7C93-LeaderElection101] INFO  impl.RaftServerImpl (RaftServerImpl.java:setRole(184)) - d6dfcdd7-fc6e-4b51-b91e-b64503dadc5e@group-F967393F7C93: changes role from CANDIDATE to FOLLOWER at term 89 for DISCOVERED_A_NEW_TERM
2019-10-17 21:54:53,508 [d6dfcdd7-fc6e-4b51-b91e-b64503dadc5e@group-F967393F7C93-LeaderElection101] INFO  impl.RoleInfo (RoleInfo.java:shutdownLeaderElection(134)) - d6dfcdd7-fc6e-4b51-b91e-b64503dadc5e: shutdown LeaderElection
2019-10-17 21:54:53,509 [d6dfcdd7-fc6e-4b51-b91e-b64503dadc5e@group-F967393F7C93-LeaderElection101] INFO  impl.RoleInfo (RoleInfo.java:updateAndGet(143)) - d6dfcdd7-fc6e-4b51-b91e-b64503dadc5e: start FollowerState
2019-10-17 21:54:53,586 [Thread-1135] INFO  impl.FollowerState (FollowerState.java:run(108)) - d6dfcdd7-fc6e-4b51-b91e-b64503dadc5e@group-F967393F7C93-FollowerState: change to CANDIDATE, lastRpcTime:77ms, electionTimeout:77ms
2019-10-17 21:54:53,586 [Thread-1135] INFO  impl.RoleInfo (RoleInfo.java:shutdownFollowerState(121)) - d6dfcdd7-fc6e-4b51-b91e-b64503dadc5e: shutdown FollowerState
2019-10-17 21:54:53,586 [Thread-1135] INFO  impl.RaftServerImpl (RaftServerImpl.java:setRole(184)) - d6dfcdd7-fc6e-4b51-b91e-b64503dadc5e@group-F967393F7C93: changes role from  FOLLOWER to CANDIDATE at term 89 for changeToCandidate
2019-10-17 21:54:53,616 [Thread-1135] INFO  impl.RoleInfo (RoleInfo.java:updateAndGet(143)) - d6dfcdd7-fc6e-4b51-b91e-b64503dadc5e: start LeaderElection
2019-10-17 21:54:53,630 [d6dfcdd7-fc6e-4b51-b91e-b64503dadc5e@group-F967393F7C93-LeaderElection102] INFO  impl.LeaderElection (LeaderElection.java:askForVotes(178)) - d6dfcdd7-fc6e-4b51-b91e-b64503dadc5e@group-F967393F7C93-LeaderElection102: begin an election at term 90 for -1: [08d4cbaa-ffed-4411-a5fd-c4a38026aead:192.168.157.223:33910, da15dfee-23f0-4dc4-ad77-c00156c49cfa:192.168.157.223:42172, d6dfcdd7-fc6e-4b51-b91e-b64503dadc5e:192.168.157.223:43575], old=null
2019-10-17 21:54:53,650 [grpc-default-executor-11] INFO  impl.RaftServerImpl (RaftServerImpl.java:setRole(184)) - 08d4cbaa-ffed-4411-a5fd-c4a38026aead@group-F967393F7C93: changes role from  FOLLOWER to FOLLOWER at term 90 for recognizeCandidate:d6dfcdd7-fc6e-4b51-b91e-b64503dadc5e
2019-10-17 21:54:53,651 [grpc-default-executor-12] INFO  impl.RaftServerImpl (RaftServerImpl.java:setRole(184)) - da15dfee-23f0-4dc4-ad77-c00156c49cfa@group-F967393F7C93: changes role from  FOLLOWER to FOLLOWER at term 90 for recognizeCandidate:d6dfcdd7-fc6e-4b51-b91e-b64503dadc5e
2019-10-17 21:54:53,651 [grpc-default-executor-11] INFO  impl.RoleInfo (RoleInfo.java:shutdownFollowerState(121)) - 08d4cbaa-ffed-4411-a5fd-c4a38026aead: shutdown FollowerState
2019-10-17 21:54:53,651 [grpc-default-executor-12] INFO  impl.RoleInfo (RoleInfo.java:shutdownFollowerState(121)) - da15dfee-23f0-4dc4-ad77-c00156c49cfa: shutdown FollowerState
2019-10-17 21:54:53,675 [grpc-default-executor-12] INFO  impl.RoleInfo (RoleInfo.java:updateAndGet(143)) - da15dfee-23f0-4dc4-ad77-c00156c49cfa: start FollowerState
2019-10-17 21:54:53,675 [Thread-1133] INFO  impl.FollowerState (FollowerState.java:run(117)) - 08d4cbaa-ffed-4411-a5fd-c4a38026aead@group-F967393F7C93-FollowerState was interrupted: java.lang.InterruptedException: sleep interrupted
2019-10-17 21:54:53,675 [grpc-default-executor-11] INFO  impl.RoleInfo (RoleInfo.java:updateAndGet(143)) - 08d4cbaa-ffed-4411-a5fd-c4a38026aead: start FollowerState
2019-10-17 21:54:53,675 [Thread-1134] INFO  impl.FollowerState (FollowerState.java:run(117)) - da15dfee-23f0-4dc4-ad77-c00156c49cfa@group-F967393F7C93-FollowerState was interrupted: java.lang.InterruptedException: sleep interrupted
2019-10-17 21:54:53,701 [d6dfcdd7-fc6e-4b51-b91e-b64503dadc5e@group-F967393F7C93-LeaderElection102] INFO  impl.LeaderElection (LeaderElection.java:logAndReturn(56)) - d6dfcdd7-fc6e-4b51-b91e-b64503dadc5e@group-F967393F7C93-LeaderElection102: Election REJECTED; received 2 response(s) [d6dfcdd7-fc6e-4b51-b91e-b64503dadc5e<-08d4cbaa-ffed-4411-a5fd-c4a38026aead#0:FAIL-t90, d6dfcdd7-fc6e-4b51-b91e-b64503dadc5e<-da15dfee-23f0-4dc4-ad77-c00156c49cfa#0:FAIL-t90] and 0 exception(s); d6dfcdd7-fc6e-4b51-b91e-b64503dadc5e@group-F967393F7C93:t90, leader=null, voted=d6dfcdd7-fc6e-4b51-b91e-b64503dadc5e, raftlog=d6dfcdd7-fc6e-4b51-b91e-b64503dadc5e@group-F967393F7C93-SegmentedRaftLog:OPENED:c-1,f-1,i0, conf=-1: [08d4cbaa-ffed-4411-a5fd-c4a38026aead:192.168.157.223:33910, da15dfee-23f0-4dc4-ad77-c00156c49cfa:192.168.157.223:42172, d6dfcdd7-fc6e-4b51-b91e-b64503dadc5e:192.168.157.223:43575], old=null
2019-10-17 21:54:53,701 [d6dfcdd7-fc6e-4b51-b91e-b64503dadc5e@group-F967393F7C93-LeaderElection102] INFO  impl.RaftServerImpl (RaftServerImpl.java:setRole(184)) - d6dfcdd7-fc6e-4b51-b91e-b64503dadc5e@group-F967393F7C93: changes role from CANDIDATE to FOLLOWER at term 90 for DISCOVERED_A_NEW_TERM
2019-10-17 21:54:53,701 [d6dfcdd7-fc6e-4b51-b91e-b64503dadc5e@group-F967393F7C93-LeaderElection102] INFO  impl.RoleInfo (RoleInfo.java:shutdownLeaderElection(134)) - d6dfcdd7-fc6e-4b51-b91e-b64503dadc5e: shutdown LeaderElection
2019-10-17 21:54:53,701 [d6dfcdd7-fc6e-4b51-b91e-b64503dadc5e@group-F967393F7C93-LeaderElection102] INFO  impl.RoleInfo (RoleInfo.java:updateAndGet(143)) - d6dfcdd7-fc6e-4b51-b91e-b64503dadc5e: start FollowerState
2019-10-17 21:54:53,788 [Thread-1141] INFO  impl.FollowerState (FollowerState.java:run(108)) - d6dfcdd7-fc6e-4b51-b91e-b64503dadc5e@group-F967393F7C93-FollowerState: change to CANDIDATE, lastRpcTime:86ms, electionTimeout:86ms
2019-10-17 21:54:53,788 [Thread-1141] INFO  impl.RoleInfo (RoleInfo.java:shutdownFollowerState(121)) - d6dfcdd7-fc6e-4b51-b91e-b64503dadc5e: shutdown FollowerState
2019-10-17 21:54:53,788 [Thread-1141] INFO  impl.RaftServerImpl (RaftServerImpl.java:setRole(184)) - d6dfcdd7-fc6e-4b51-b91e-b64503dadc5e@group-F967393F7C93: changes role from  FOLLOWER to CANDIDATE at term 90 for changeToCandidate
2019-10-17 21:54:53,801 [Thread-1141] INFO  impl.RoleInfo (RoleInfo.java:updateAndGet(143)) - d6dfcdd7-fc6e-4b51-b91e-b64503dadc5e: start LeaderElection
2019-10-17 21:54:53,814 [d6dfcdd7-fc6e-4b51-b91e-b64503dadc5e@group-F967393F7C93-LeaderElection103] INFO  impl.LeaderElection (LeaderElection.java:askForVotes(178)) - d6dfcdd7-fc6e-4b51-b91e-b64503dadc5e@group-F967393F7C93-LeaderElection103: begin an election at term 91 for -1: [08d4cbaa-ffed-4411-a5fd-c4a38026aead:192.168.157.223:33910, da15dfee-23f0-4dc4-ad77-c00156c49cfa:192.168.157.223:42172, d6dfcdd7-fc6e-4b51-b91e-b64503dadc5e:192.168.157.223:43575], old=null
2019-10-17 21:54:53,834 [grpc-default-executor-12] INFO  impl.RaftServerImpl (RaftServerImpl.java:setRole(184)) - 08d4cbaa-ffed-4411-a5fd-c4a38026aead@group-F967393F7C93: changes role from  FOLLOWER to FOLLOWER at term 91 for recognizeCandidate:d6dfcdd7-fc6e-4b51-b91e-b64503dadc5e
2019-10-17 21:54:53,834 [grpc-default-executor-12] INFO  impl.RoleInfo (RoleInfo.java:shutdownFollowerState(121)) - 08d4cbaa-ffed-4411-a5fd-c4a38026aead: shutdown FollowerState
2019-10-17 21:54:53,856 [Thread-1140] INFO  impl.FollowerState (FollowerState.java:run(117)) - 08d4cbaa-ffed-4411-a5fd-c4a38026aead@group-F967393F7C93-FollowerState was interrupted: java.lang.InterruptedException: sleep interrupted
2019-10-17 21:54:53,856 [grpc-default-executor-12] INFO  impl.RoleInfo (RoleInfo.java:updateAndGet(143)) - 08d4cbaa-ffed-4411-a5fd-c4a38026aead: start FollowerState
2019-10-17 21:54:53,857 [grpc-default-executor-11] INFO  impl.RaftServerImpl (RaftServerImpl.java:setRole(184)) - da15dfee-23f0-4dc4-ad77-c00156c49cfa@group-F967393F7C93: changes role from  FOLLOWER to FOLLOWER at term 91 for recognizeCandidate:d6dfcdd7-fc6e-4b51-b91e-b64503dadc5e
2019-10-17 21:54:53,858 [grpc-default-executor-11] INFO  impl.RoleInfo (RoleInfo.java:shutdownFollowerState(121)) - da15dfee-23f0-4dc4-ad77-c00156c49cfa: shutdown FollowerState
2019-10-17 21:54:53,858 [Thread-1139] INFO  impl.FollowerState (FollowerState.java:run(117)) - da15dfee-23f0-4dc4-ad77-c00156c49cfa@group-F967393F7C93-FollowerState was interrupted: java.lang.InterruptedException: sleep interrupted
2019-10-17 21:54:53,858 [grpc-default-executor-11] INFO  impl.RoleInfo (RoleInfo.java:updateAndGet(143)) - da15dfee-23f0-4dc4-ad77-c00156c49cfa: start FollowerState
2019-10-17 21:54:53,889 [d6dfcdd7-fc6e-4b51-b91e-b64503dadc5e@group-F967393F7C93-LeaderElection103] INFO  impl.LeaderElection (LeaderElection.java:logAndReturn(56)) - d6dfcdd7-fc6e-4b51-b91e-b64503dadc5e@group-F967393F7C93-LeaderElection103: Election REJECTED; received 2 response(s) [d6dfcdd7-fc6e-4b51-b91e-b64503dadc5e<-08d4cbaa-ffed-4411-a5fd-c4a38026aead#0:FAIL-t91, d6dfcdd7-fc6e-4b51-b91e-b64503dadc5e<-da15dfee-23f0-4dc4-ad77-c00156c49cfa#0:FAIL-t91] and 0 exception(s); d6dfcdd7-fc6e-4b51-b91e-b64503dadc5e@group-F967393F7C93:t91, leader=null, voted=d6dfcdd7-fc6e-4b51-b91e-b64503dadc5e, raftlog=d6dfcdd7-fc6e-4b51-b91e-b64503dadc5e@group-F967393F7C93-SegmentedRaftLog:OPENED:c-1,f-1,i0, conf=-1: [08d4cbaa-ffed-4411-a5fd-c4a38026aead:192.168.157.223:33910, da15dfee-23f0-4dc4-ad77-c00156c49cfa:192.168.157.223:42172, d6dfcdd7-fc6e-4b51-b91e-b64503dadc5e:192.168.157.223:43575], old=null
2019-10-17 21:54:53,889 [d6dfcdd7-fc6e-4b51-b91e-b64503dadc5e@group-F967393F7C93-LeaderElection103] INFO  impl.RaftServerImpl (RaftServerImpl.java:setRole(184)) - d6dfcdd7-fc6e-4b51-b91e-b64503dadc5e@group-F967393F7C93: changes role from CANDIDATE to FOLLOWER at term 91 for DISCOVERED_A_NEW_TERM
2019-10-17 21:54:53,890 [d6dfcdd7-fc6e-4b51-b91e-b64503dadc5e@group-F967393F7C93-LeaderElection103] INFO  impl.RoleInfo (RoleInfo.java:shutdownLeaderElection(134)) - d6dfcdd7-fc6e-4b51-b91e-b64503dadc5e: shutdown LeaderElection
2019-10-17 21:54:53,890 [d6dfcdd7-fc6e-4b51-b91e-b64503dadc5e@group-F967393F7C93-LeaderElection103] INFO  impl.RoleInfo (RoleInfo.java:updateAndGet(143)) - d6dfcdd7-fc6e-4b51-b91e-b64503dadc5e: start FollowerState
2019-10-17 21:54:54,006 [Thread-1151] INFO  impl.FollowerState (FollowerState.java:run(108)) - d6dfcdd7-fc6e-4b51-b91e-b64503dadc5e@group-F967393F7C93-FollowerState: change to CANDIDATE, lastRpcTime:116ms, electionTimeout:116ms
2019-10-17 21:54:54,007 [Thread-1151] INFO  impl.RoleInfo (RoleInfo.java:shutdownFollowerState(121)) - d6dfcdd7-fc6e-4b51-b91e-b64503dadc5e: shutdown FollowerState
2019-10-17 21:54:54,007 [Thread-1151] INFO  impl.RaftServerImpl (RaftServerImpl.java:setRole(184)) - d6dfcdd7-fc6e-4b51-b91e-b64503dadc5e@group-F967393F7C93: changes role from  FOLLOWER to CANDIDATE at term 91 for changeToCandidate
2019-10-17 21:54:54,007 [Thread-1151] INFO  impl.RoleInfo (RoleInfo.java:updateAndGet(143)) - d6dfcdd7-fc6e-4b51-b91e-b64503dadc5e: start LeaderElection
2019-10-17 21:54:54,030 [d6dfcdd7-fc6e-4b51-b91e-b64503dadc5e@group-F967393F7C93-LeaderElection104] INFO  impl.LeaderElection (LeaderElection.java:askForVotes(178)) - d6dfcdd7-fc6e-4b51-b91e-b64503dadc5e@group-F967393F7C93-LeaderElection104: begin an election at term 92 for -1: [08d4cbaa-ffed-4411-a5fd-c4a38026aead:192.168.157.223:33910, da15dfee-23f0-4dc4-ad77-c00156c49cfa:192.168.157.223:42172, d6dfcdd7-fc6e-4b51-b91e-b64503dadc5e:192.168.157.223:43575], old=null
2019-10-17 21:54:54,034 [grpc-default-executor-11] INFO  impl.RaftServerImpl (RaftServerImpl.java:setRole(184)) - 08d4cbaa-ffed-4411-a5fd-c4a38026aead@group-F967393F7C93: changes role from  FOLLOWER to FOLLOWER at term 92 for recognizeCandidate:d6dfcdd7-fc6e-4b51-b91e-b64503dadc5e
2019-10-17 21:54:54,034 [grpc-default-executor-1] INFO  impl.RaftServerImpl (RaftServerImpl.java:setRole(184)) - da15dfee-23f0-4dc4-ad77-c00156c49cfa@group-F967393F7C93: changes role from  FOLLOWER to FOLLOWER at term 92 for recognizeCandidate:d6dfcdd7-fc6e-4b51-b91e-b64503dadc5e
2019-10-17 21:54:54,034 [grpc-default-executor-11] INFO  impl.RoleInfo (RoleInfo.java:shutdownFollowerState(121)) - 08d4cbaa-ffed-4411-a5fd-c4a38026aead: shutdown FollowerState
2019-10-17 21:54:54,034 [grpc-default-executor-1] INFO  impl.RoleInfo (RoleInfo.java:shutdownFollowerState(121)) - da15dfee-23f0-4dc4-ad77-c00156c49cfa: shutdown FollowerState
2019-10-17 21:54:54,035 [grpc-default-executor-11] INFO  impl.RoleInfo (RoleInfo.java:updateAndGet(143)) - 08d4cbaa-ffed-4411-a5fd-c4a38026aead: start FollowerState
2019-10-17 21:54:54,035 [Thread-1149] INFO  impl.FollowerState (FollowerState.java:run(117)) - da15dfee-23f0-4dc4-ad77-c00156c49cfa@group-F967393F7C93-FollowerState was interrupted: java.lang.InterruptedException: sleep interrupted
2019-10-17 21:54:54,035 [grpc-default-executor-1] INFO  impl.RoleInfo (RoleInfo.java:updateAndGet(143)) - da15dfee-23f0-4dc4-ad77-c00156c49cfa: start FollowerState
2019-10-17 21:54:54,035 [Thread-1147] INFO  impl.FollowerState (FollowerState.java:run(117)) - 08d4cbaa-ffed-4411-a5fd-c4a38026aead@group-F967393F7C93-FollowerState was interrupted: java.lang.InterruptedException: sleep interrupted
2019-10-17 21:54:54,048 [d6dfcdd7-fc6e-4b51-b91e-b64503dadc5e@group-F967393F7C93-LeaderElection104] INFO  impl.LeaderElection (LeaderElection.java:logAndReturn(56)) - d6dfcdd7-fc6e-4b51-b91e-b64503dadc5e@group-F967393F7C93-LeaderElection104: Election TIMEOUT; received 0 response(s) [] and 0 exception(s); d6dfcdd7-fc6e-4b51-b91e-b64503dadc5e@group-F967393F7C93:t92, leader=null, voted=d6dfcdd7-fc6e-4b51-b91e-b64503dadc5e, raftlog=d6dfcdd7-fc6e-4b51-b91e-b64503dadc5e@group-F967393F7C93-SegmentedRaftLog:OPENED:c-1,f-1,i0, conf=-1: [08d4cbaa-ffed-4411-a5fd-c4a38026aead:192.168.157.223:33910, da15dfee-23f0-4dc4-ad77-c00156c49cfa:192.168.157.223:42172, d6dfcdd7-fc6e-4b51-b91e-b64503dadc5e:192.168.157.223:43575], old=null
2019-10-17 21:54:54,051 [d6dfcdd7-fc6e-4b51-b91e-b64503dadc5e@group-F967393F7C93-LeaderElection104] INFO  impl.LeaderElection (LeaderElection.java:askForVotes(178)) - d6dfcdd7-fc6e-4b51-b91e-b64503dadc5e@group-F967393F7C93-LeaderElection104: begin an election at term 93 for -1: [08d4cbaa-ffed-4411-a5fd-c4a38026aead:192.168.157.223:33910, da15dfee-23f0-4dc4-ad77-c00156c49cfa:192.168.157.223:42172, d6dfcdd7-fc6e-4b51-b91e-b64503dadc5e:192.168.157.223:43575], old=null
2019-10-17 21:54:54,053 [grpc-default-executor-11] INFO  impl.RaftServerImpl (RaftServerImpl.java:setRole(184)) - 08d4cbaa-ffed-4411-a5fd-c4a38026aead@group-F967393F7C93: changes role from  FOLLOWER to FOLLOWER at term 93 for recognizeCandidate:d6dfcdd7-fc6e-4b51-b91e-b64503dadc5e
2019-10-17 21:54:54,053 [grpc-default-executor-1] INFO  impl.RaftServerImpl (RaftServerImpl.java:setRole(184)) - da15dfee-23f0-4dc4-ad77-c00156c49cfa@group-F967393F7C93: changes role from  FOLLOWER to FOLLOWER at term 93 for recognizeCandidate:d6dfcdd7-fc6e-4b51-b91e-b64503dadc5e
2019-10-17 21:54:54,053 [grpc-default-executor-11] INFO  impl.RoleInfo (RoleInfo.java:shutdownFollowerState(121)) - 08d4cbaa-ffed-4411-a5fd-c4a38026aead: shutdown FollowerState
2019-10-17 21:54:54,054 [grpc-default-executor-1] INFO  impl.RoleInfo (RoleInfo.java:shutdownFollowerState(121)) - da15dfee-23f0-4dc4-ad77-c00156c49cfa: shutdown FollowerState
2019-10-17 21:54:54,054 [Thread-1157] INFO  impl.FollowerState (FollowerState.java:run(117)) - 08d4cbaa-ffed-4411-a5fd-c4a38026aead@group-F967393F7C93-FollowerState was interrupted: java.lang.InterruptedException: sleep interrupted
2019-10-17 21:54:54,054 [grpc-default-executor-11] INFO  impl.RoleInfo (RoleInfo.java:updateAndGet(143)) - 08d4cbaa-ffed-4411-a5fd-c4a38026aead: start FollowerState
2019-10-17 21:54:54,054 [Thread-1158] INFO  impl.FollowerState (FollowerState.java:run(117)) - da15dfee-23f0-4dc4-ad77-c00156c49cfa@group-F967393F7C93-FollowerState was interrupted: java.lang.InterruptedException: sleep interrupted
2019-10-17 21:54:54,054 [grpc-default-executor-1] INFO  impl.RoleInfo (RoleInfo.java:updateAndGet(143)) - da15dfee-23f0-4dc4-ad77-c00156c49cfa: start FollowerState
2019-10-17 21:54:54,071 [d6dfcdd7-fc6e-4b51-b91e-b64503dadc5e@group-F967393F7C93-LeaderElection104] INFO  impl.LeaderElection (LeaderElection.java:logAndReturn(56)) - d6dfcdd7-fc6e-4b51-b91e-b64503dadc5e@group-F967393F7C93-LeaderElection104: Election REJECTED; received 2 response(s) [d6dfcdd7-fc6e-4b51-b91e-b64503dadc5e<-08d4cbaa-ffed-4411-a5fd-c4a38026aead#0:FAIL-t93, d6dfcdd7-fc6e-4b51-b91e-b64503dadc5e<-da15dfee-23f0-4dc4-ad77-c00156c49cfa#0:FAIL-t93] and 0 exception(s); d6dfcdd7-fc6e-4b51-b91e-b64503dadc5e@group-F967393F7C93:t93, leader=null, voted=d6dfcdd7-fc6e-4b51-b91e-b64503dadc5e, raftlog=d6dfcdd7-fc6e-4b51-b91e-b64503dadc5e@group-F967393F7C93-SegmentedRaftLog:OPENED:c-1,f-1,i0, conf=-1: [08d4cbaa-ffed-4411-a5fd-c4a38026aead:192.168.157.223:33910, da15dfee-23f0-4dc4-ad77-c00156c49cfa:192.168.157.223:42172, d6dfcdd7-fc6e-4b51-b91e-b64503dadc5e:192.168.157.223:43575], old=null
2019-10-17 21:54:54,071 [d6dfcdd7-fc6e-4b51-b91e-b64503dadc5e@group-F967393F7C93-LeaderElection104] INFO  impl.RaftServerImpl (RaftServerImpl.java:setRole(184)) - d6dfcdd7-fc6e-4b51-b91e-b64503dadc5e@group-F967393F7C93: changes role from CANDIDATE to FOLLOWER at term 93 for DISCOVERED_A_NEW_TERM
2019-10-17 21:54:54,071 [d6dfcdd7-fc6e-4b51-b91e-b64503dadc5e@group-F967393F7C93-LeaderElection104] INFO  impl.RoleInfo (RoleInfo.java:shutdownLeaderElection(134)) - d6dfcdd7-fc6e-4b51-b91e-b64503dadc5e: shutdown LeaderElection
2019-10-17 21:54:54,071 [d6dfcdd7-fc6e-4b51-b91e-b64503dadc5e@group-F967393F7C93-LeaderElection104] INFO  impl.RoleInfo (RoleInfo.java:updateAndGet(143)) - d6dfcdd7-fc6e-4b51-b91e-b64503dadc5e: start FollowerState
2019-10-17 21:54:54,124 [main] WARN  io.KeyOutputStream (KeyOutputStream.java:handleException(274)) - Encountered exception java.io.IOException: Unexpected Storage Container Exception: java.util.concurrent.CompletionException: java.util.concurrent.CompletionException: org.apache.ratis.protocol.RaftRetryFailureException: Failed RaftClientRequest:client-189415040E5B->08d4cbaa-ffed-4411-a5fd-c4a38026aead@group-F967393F7C93, cid=19, seq=1*, RW, cmdType: WriteChunk
traceID: "b1787712110778b0:b1787712110778b0:0:0"
containerID: 1
datanodeUuid: "08d4cbaa-ffed-4411-a5fd-c4a38026aead"
writeChunk {
  blockID {
    containerID: 1
    localID: 102979946684809216
    blockCommitSequenceId: 0
  }
  chunkData {
    chunkName: "102979946684809216_chunk_1"
    offset: 0
    len: 1048576
    checksumData {
      type: CRC32
      bytesPerChecksum: 1048576
      checksums: "\361\003\002\247"
    }
  }
}
, data.size=1048576 for 10 attempts with RetryLimited(maxAttempts=10, sleepTime=1000ms) on the pipeline Pipeline[ Id: ff2c67d1-d198-49b1-9fd4-f967393f7c93, Nodes: 08d4cbaa-ffed-4411-a5fd-c4a38026aead{ip: 192.168.157.223, host: pr-hdds-2310-7mltm-1665714090, networkLocation: /default-rack, certSerialId: null}da15dfee-23f0-4dc4-ad77-c00156c49cfa{ip: 192.168.157.223, host: pr-hdds-2310-7mltm-1665714090, networkLocation: /default-rack, certSerialId: null}d6dfcdd7-fc6e-4b51-b91e-b64503dadc5e{ip: 192.168.157.223, host: pr-hdds-2310-7mltm-1665714090, networkLocation: /default-rack, certSerialId: null}, Type:RATIS, Factor:THREE, State:OPEN]. The last committed block length is 0, uncommitted data length is 2097152 retry count 0
2019-10-17 21:54:54,252 [Thread-1163] INFO  impl.FollowerState (FollowerState.java:run(108)) - d6dfcdd7-fc6e-4b51-b91e-b64503dadc5e@group-F967393F7C93-FollowerState: change to CANDIDATE, lastRpcTime:180ms, electionTimeout:180ms
2019-10-17 21:54:54,252 [Thread-1163] INFO  impl.RoleInfo (RoleInfo.java:shutdownFollowerState(121)) - d6dfcdd7-fc6e-4b51-b91e-b64503dadc5e: shutdown FollowerState
2019-10-17 21:54:54,252 [Thread-1163] INFO  impl.RaftServerImpl (RaftServerImpl.java:setRole(184)) - d6dfcdd7-fc6e-4b51-b91e-b64503dadc5e@group-F967393F7C93: changes role from  FOLLOWER to CANDIDATE at term 93 for changeToCandidate
2019-10-17 21:54:54,252 [Thread-1163] INFO  impl.RoleInfo (RoleInfo.java:updateAndGet(143)) - d6dfcdd7-fc6e-4b51-b91e-b64503dadc5e: start LeaderElection
2019-10-17 21:54:54,262 [d6dfcdd7-fc6e-4b51-b91e-b64503dadc5e@group-F967393F7C93-LeaderElection105] INFO  impl.LeaderElection (LeaderElection.java:askForVotes(178)) - d6dfcdd7-fc6e-4b51-b91e-b64503dadc5e@group-F967393F7C93-LeaderElection105: begin an election at term 94 for -1: [08d4cbaa-ffed-4411-a5fd-c4a38026aead:192.168.157.223:33910, da15dfee-23f0-4dc4-ad77-c00156c49cfa:192.168.157.223:42172, d6dfcdd7-fc6e-4b51-b91e-b64503dadc5e:192.168.157.223:43575], old=null
2019-10-17 21:54:54,264 [grpc-default-executor-12] INFO  impl.RaftServerImpl (RaftServerImpl.java:setRole(184)) - da15dfee-23f0-4dc4-ad77-c00156c49cfa@group-F967393F7C93: changes role from  FOLLOWER to FOLLOWER at term 94 for recognizeCandidate:d6dfcdd7-fc6e-4b51-b91e-b64503dadc5e
2019-10-17 21:54:54,265 [grpc-default-executor-12] INFO  impl.RoleInfo (RoleInfo.java:shutdownFollowerState(121)) - da15dfee-23f0-4dc4-ad77-c00156c49cfa: shutdown FollowerState
2019-10-17 21:54:54,265 [grpc-default-executor-12] INFO  impl.RoleInfo (RoleInfo.java:updateAndGet(143)) - da15dfee-23f0-4dc4-ad77-c00156c49cfa: start FollowerState
2019-10-17 21:54:54,265 [Thread-1162] INFO  impl.FollowerState (FollowerState.java:run(117)) - da15dfee-23f0-4dc4-ad77-c00156c49cfa@group-F967393F7C93-FollowerState was interrupted: java.lang.InterruptedException: sleep interrupted
2019-10-17 21:54:54,265 [grpc-default-executor-11] INFO  impl.RaftServerImpl (RaftServerImpl.java:setRole(184)) - 08d4cbaa-ffed-4411-a5fd-c4a38026aead@group-F967393F7C93: changes role from  FOLLOWER to FOLLOWER at term 94 for recognizeCandidate:d6dfcdd7-fc6e-4b51-b91e-b64503dadc5e
2019-10-17 21:54:54,265 [grpc-default-executor-11] INFO  impl.RoleInfo (RoleInfo.java:shutdownFollowerState(121)) - 08d4cbaa-ffed-4411-a5fd-c4a38026aead: shutdown FollowerState
2019-10-17 21:54:54,265 [grpc-default-executor-11] INFO  impl.RoleInfo (RoleInfo.java:updateAndGet(143)) - 08d4cbaa-ffed-4411-a5fd-c4a38026aead: start FollowerState
2019-10-17 21:54:54,265 [Thread-1161] INFO  impl.FollowerState (FollowerState.java:run(117)) - 08d4cbaa-ffed-4411-a5fd-c4a38026aead@group-F967393F7C93-FollowerState was interrupted: java.lang.InterruptedException: sleep interrupted
2019-10-17 21:54:54,282 [d6dfcdd7-fc6e-4b51-b91e-b64503dadc5e@group-F967393F7C93-LeaderElection105] INFO  impl.LeaderElection (LeaderElection.java:logAndReturn(56)) - d6dfcdd7-fc6e-4b51-b91e-b64503dadc5e@group-F967393F7C93-LeaderElection105: Election REJECTED; received 2 response(s) [d6dfcdd7-fc6e-4b51-b91e-b64503dadc5e<-08d4cbaa-ffed-4411-a5fd-c4a38026aead#0:FAIL-t94, d6dfcdd7-fc6e-4b51-b91e-b64503dadc5e<-da15dfee-23f0-4dc4-ad77-c00156c49cfa#0:FAIL-t94] and 0 exception(s); d6dfcdd7-fc6e-4b51-b91e-b64503dadc5e@group-F967393F7C93:t94, leader=null, voted=d6dfcdd7-fc6e-4b51-b91e-b64503dadc5e, raftlog=d6dfcdd7-fc6e-4b51-b91e-b64503dadc5e@group-F967393F7C93-SegmentedRaftLog:OPENED:c-1,f-1,i0, conf=-1: [08d4cbaa-ffed-4411-a5fd-c4a38026aead:192.168.157.223:33910, da15dfee-23f0-4dc4-ad77-c00156c49cfa:192.168.157.223:42172, d6dfcdd7-fc6e-4b51-b91e-b64503dadc5e:192.168.157.223:43575], old=null
2019-10-17 21:54:54,282 [d6dfcdd7-fc6e-4b51-b91e-b64503dadc5e@group-F967393F7C93-LeaderElection105] INFO  impl.RaftServerImpl (RaftServerImpl.java:setRole(184)) - d6dfcdd7-fc6e-4b51-b91e-b64503dadc5e@group-F967393F7C93: changes role from CANDIDATE to FOLLOWER at term 94 for DISCOVERED_A_NEW_TERM
2019-10-17 21:54:54,282 [d6dfcdd7-fc6e-4b51-b91e-b64503dadc5e@group-F967393F7C93-LeaderElection105] INFO  impl.RoleInfo (RoleInfo.java:shutdownLeaderElection(134)) - d6dfcdd7-fc6e-4b51-b91e-b64503dadc5e: shutdown LeaderElection
2019-10-17 21:54:54,282 [d6dfcdd7-fc6e-4b51-b91e-b64503dadc5e@group-F967393F7C93-LeaderElection105] INFO  impl.RoleInfo (RoleInfo.java:updateAndGet(143)) - d6dfcdd7-fc6e-4b51-b91e-b64503dadc5e: start FollowerState
2019-10-17 21:54:54,474 [Thread-1173] INFO  impl.FollowerState (FollowerState.java:run(108)) - d6dfcdd7-fc6e-4b51-b91e-b64503dadc5e@group-F967393F7C93-FollowerState: change to CANDIDATE, lastRpcTime:191ms, electionTimeout:188ms
2019-10-17 21:54:54,475 [Thread-1173] INFO  impl.RoleInfo (RoleInfo.java:shutdownFollowerState(121)) - d6dfcdd7-fc6e-4b51-b91e-b64503dadc5e: shutdown FollowerState
2019-10-17 21:54:54,475 [Thread-1173] INFO  impl.RaftServerImpl (RaftServerImpl.java:setRole(184)) - d6dfcdd7-fc6e-4b51-b91e-b64503dadc5e@group-F967393F7C93: changes role from  FOLLOWER to CANDIDATE at term 94 for changeToCandidate
2019-10-17 21:54:54,475 [Thread-1173] INFO  impl.RoleInfo (RoleInfo.java:updateAndGet(143)) - d6dfcdd7-fc6e-4b51-b91e-b64503dadc5e: start LeaderElection
2019-10-17 21:54:54,490 [d6dfcdd7-fc6e-4b51-b91e-b64503dadc5e@group-F967393F7C93-LeaderElection106] INFO  impl.LeaderElection (LeaderElection.java:askForVotes(178)) - d6dfcdd7-fc6e-4b51-b91e-b64503dadc5e@group-F967393F7C93-LeaderElection106: begin an election at term 95 for -1: [08d4cbaa-ffed-4411-a5fd-c4a38026aead:192.168.157.223:33910, da15dfee-23f0-4dc4-ad77-c00156c49cfa:192.168.157.223:42172, d6dfcdd7-fc6e-4b51-b91e-b64503dadc5e:192.168.157.223:43575], old=null
2019-10-17 21:54:54,495 [grpc-default-executor-12] INFO  impl.RaftServerImpl (RaftServerImpl.java:setRole(184)) - 08d4cbaa-ffed-4411-a5fd-c4a38026aead@group-F967393F7C93: changes role from  FOLLOWER to FOLLOWER at term 95 for recognizeCandidate:d6dfcdd7-fc6e-4b51-b91e-b64503dadc5e
2019-10-17 21:54:54,495 [grpc-default-executor-11] INFO  impl.RaftServerImpl (RaftServerImpl.java:setRole(184)) - da15dfee-23f0-4dc4-ad77-c00156c49cfa@group-F967393F7C93: changes role from  FOLLOWER to FOLLOWER at term 95 for recognizeCandidate:d6dfcdd7-fc6e-4b51-b91e-b64503dadc5e
2019-10-17 21:54:54,496 [grpc-default-executor-12] INFO  impl.RoleInfo (RoleInfo.java:shutdownFollowerState(121)) - 08d4cbaa-ffed-4411-a5fd-c4a38026aead: shutdown FollowerState
2019-10-17 21:54:54,496 [grpc-default-executor-11] INFO  impl.RoleInfo (RoleInfo.java:shutdownFollowerState(121)) - da15dfee-23f0-4dc4-ad77-c00156c49cfa: shutdown FollowerState
2019-10-17 21:54:54,496 [Thread-1172] INFO  impl.FollowerState (FollowerState.java:run(117)) - 08d4cbaa-ffed-4411-a5fd-c4a38026aead@group-F967393F7C93-FollowerState was interrupted: java.lang.InterruptedException: sleep interrupted
2019-10-17 21:54:54,496 [grpc-default-executor-12] INFO  impl.RoleInfo (RoleInfo.java:updateAndGet(143)) - 08d4cbaa-ffed-4411-a5fd-c4a38026aead: start FollowerState
2019-10-17 21:54:54,496 [grpc-default-executor-11] INFO  impl.RoleInfo (RoleInfo.java:updateAndGet(143)) - da15dfee-23f0-4dc4-ad77-c00156c49cfa: start FollowerState
2019-10-17 21:54:54,496 [Thread-1171] INFO  impl.FollowerState (FollowerState.java:run(117)) - da15dfee-23f0-4dc4-ad77-c00156c49cfa@group-F967393F7C93-FollowerState was interrupted: java.lang.InterruptedException: sleep interrupted
2019-10-17 21:54:54,512 [d6dfcdd7-fc6e-4b51-b91e-b64503dadc5e@group-F967393F7C93-LeaderElection106] INFO  impl.LeaderElection (LeaderElection.java:logAndReturn(56)) - d6dfcdd7-fc6e-4b51-b91e-b64503dadc5e@group-F967393F7C93-LeaderElection106: Election REJECTED; received 2 response(s) [d6dfcdd7-fc6e-4b51-b91e-b64503dadc5e<-08d4cbaa-ffed-4411-a5fd-c4a38026aead#0:FAIL-t95, d6dfcdd7-fc6e-4b51-b91e-b64503dadc5e<-da15dfee-23f0-4dc4-ad77-c00156c49cfa#0:FAIL-t95] and 0 exception(s); d6dfcdd7-fc6e-4b51-b91e-b64503dadc5e@group-F967393F7C93:t95, leader=null, voted=d6dfcdd7-fc6e-4b51-b91e-b64503dadc5e, raftlog=d6dfcdd7-fc6e-4b51-b91e-b64503dadc5e@group-F967393F7C93-SegmentedRaftLog:OPENED:c-1,f-1,i0, conf=-1: [08d4cbaa-ffed-4411-a5fd-c4a38026aead:192.168.157.223:33910, da15dfee-23f0-4dc4-ad77-c00156c49cfa:192.168.157.223:42172, d6dfcdd7-fc6e-4b51-b91e-b64503dadc5e:192.168.157.223:43575], old=null
2019-10-17 21:54:54,512 [d6dfcdd7-fc6e-4b51-b91e-b64503dadc5e@group-F967393F7C93-LeaderElection106] INFO  impl.RaftServerImpl (RaftServerImpl.java:setRole(184)) - d6dfcdd7-fc6e-4b51-b91e-b64503dadc5e@group-F967393F7C93: changes role from CANDIDATE to FOLLOWER at term 95 for DISCOVERED_A_NEW_TERM
2019-10-17 21:54:54,515 [d6dfcdd7-fc6e-4b51-b91e-b64503dadc5e@group-F967393F7C93-LeaderElection106] INFO  impl.RoleInfo (RoleInfo.java:shutdownLeaderElection(134)) - d6dfcdd7-fc6e-4b51-b91e-b64503dadc5e: shutdown LeaderElection
2019-10-17 21:54:54,515 [d6dfcdd7-fc6e-4b51-b91e-b64503dadc5e@group-F967393F7C93-LeaderElection106] INFO  impl.RoleInfo (RoleInfo.java:updateAndGet(143)) - d6dfcdd7-fc6e-4b51-b91e-b64503dadc5e: start FollowerState
2019-10-17 21:54:54,688 [Thread-1189] INFO  impl.FollowerState (FollowerState.java:run(108)) - d6dfcdd7-fc6e-4b51-b91e-b64503dadc5e@group-F967393F7C93-FollowerState: change to CANDIDATE, lastRpcTime:173ms, electionTimeout:173ms
2019-10-17 21:54:54,689 [Thread-1189] INFO  impl.RoleInfo (RoleInfo.java:shutdownFollowerState(121)) - d6dfcdd7-fc6e-4b51-b91e-b64503dadc5e: shutdown FollowerState
2019-10-17 21:54:54,689 [Thread-1189] INFO  impl.RaftServerImpl (RaftServerImpl.java:setRole(184)) - d6dfcdd7-fc6e-4b51-b91e-b64503dadc5e@group-F967393F7C93: changes role from  FOLLOWER to CANDIDATE at term 95 for changeToCandidate
2019-10-17 21:54:54,689 [Thread-1189] INFO  impl.RoleInfo (RoleInfo.java:updateAndGet(143)) - d6dfcdd7-fc6e-4b51-b91e-b64503dadc5e: start LeaderElection
2019-10-17 21:54:54,695 [d6dfcdd7-fc6e-4b51-b91e-b64503dadc5e@group-F967393F7C93-LeaderElection107] INFO  impl.LeaderElection (LeaderElection.java:askForVotes(178)) - d6dfcdd7-fc6e-4b51-b91e-b64503dadc5e@group-F967393F7C93-LeaderElection107: begin an election at term 96 for -1: [08d4cbaa-ffed-4411-a5fd-c4a38026aead:192.168.157.223:33910, da15dfee-23f0-4dc4-ad77-c00156c49cfa:192.168.157.223:42172, d6dfcdd7-fc6e-4b51-b91e-b64503dadc5e:192.168.157.223:43575], old=null
2019-10-17 21:54:54,698 [grpc-default-executor-1] INFO  impl.RaftServerImpl (RaftServerImpl.java:setRole(184)) - da15dfee-23f0-4dc4-ad77-c00156c49cfa@group-F967393F7C93: changes role from  FOLLOWER to FOLLOWER at term 96 for recognizeCandidate:d6dfcdd7-fc6e-4b51-b91e-b64503dadc5e
2019-10-17 21:54:54,698 [grpc-default-executor-11] INFO  impl.RaftServerImpl (RaftServerImpl.java:setRole(184)) - 08d4cbaa-ffed-4411-a5fd-c4a38026aead@group-F967393F7C93: changes role from  FOLLOWER to FOLLOWER at term 96 for recognizeCandidate:d6dfcdd7-fc6e-4b51-b91e-b64503dadc5e
2019-10-17 21:54:54,698 [grpc-default-executor-11] INFO  impl.RoleInfo (RoleInfo.java:shutdownFollowerState(121)) - 08d4cbaa-ffed-4411-a5fd-c4a38026aead: shutdown FollowerState
2019-10-17 21:54:54,698 [grpc-default-executor-1] INFO  impl.RoleInfo (RoleInfo.java:shutdownFollowerState(121)) - da15dfee-23f0-4dc4-ad77-c00156c49cfa: shutdown FollowerState
2019-10-17 21:54:54,698 [Thread-1183] INFO  impl.FollowerState (FollowerState.java:run(117)) - 08d4cbaa-ffed-4411-a5fd-c4a38026aead@group-F967393F7C93-FollowerState was interrupted: java.lang.InterruptedException: sleep interrupted
2019-10-17 21:54:54,698 [grpc-default-executor-11] INFO  impl.RoleInfo (RoleInfo.java:updateAndGet(143)) - 08d4cbaa-ffed-4411-a5fd-c4a38026aead: start FollowerState
2019-10-17 21:54:54,698 [Thread-1184] INFO  impl.FollowerState (FollowerState.java:run(117)) - da15dfee-23f0-4dc4-ad77-c00156c49cfa@group-F967393F7C93-FollowerState was interrupted: java.lang.InterruptedException: sleep interrupted
2019-10-17 21:54:54,698 [grpc-default-executor-1] INFO  impl.RoleInfo (RoleInfo.java:updateAndGet(143)) - da15dfee-23f0-4dc4-ad77-c00156c49cfa: start FollowerState
2019-10-17 21:54:54,714 [d6dfcdd7-fc6e-4b51-b91e-b64503dadc5e@group-F967393F7C93-LeaderElection107] INFO  impl.LeaderElection (LeaderElection.java:logAndReturn(56)) - d6dfcdd7-fc6e-4b51-b91e-b64503dadc5e@group-F967393F7C93-LeaderElection107: Election REJECTED; received 2 response(s) [d6dfcdd7-fc6e-4b51-b91e-b64503dadc5e<-08d4cbaa-ffed-4411-a5fd-c4a38026aead#0:FAIL-t96, d6dfcdd7-fc6e-4b51-b91e-b64503dadc5e<-da15dfee-23f0-4dc4-ad77-c00156c49cfa#0:FAIL-t96] and 0 exception(s); d6dfcdd7-fc6e-4b51-b91e-b64503dadc5e@group-F967393F7C93:t96, leader=null, voted=d6dfcdd7-fc6e-4b51-b91e-b64503dadc5e, raftlog=d6dfcdd7-fc6e-4b51-b91e-b64503dadc5e@group-F967393F7C93-SegmentedRaftLog:OPENED:c-1,f-1,i0, conf=-1: [08d4cbaa-ffed-4411-a5fd-c4a38026aead:192.168.157.223:33910, da15dfee-23f0-4dc4-ad77-c00156c49cfa:192.168.157.223:42172, d6dfcdd7-fc6e-4b51-b91e-b64503dadc5e:192.168.157.223:43575], old=null
2019-10-17 21:54:54,714 [d6dfcdd7-fc6e-4b51-b91e-b64503dadc5e@group-F967393F7C93-LeaderElection107] INFO  impl.RaftServerImpl (RaftServerImpl.java:setRole(184)) - d6dfcdd7-fc6e-4b51-b91e-b64503dadc5e@group-F967393F7C93: changes role from CANDIDATE to FOLLOWER at term 96 for DISCOVERED_A_NEW_TERM
2019-10-17 21:54:54,714 [d6dfcdd7-fc6e-4b51-b91e-b64503dadc5e@group-F967393F7C93-LeaderElection107] INFO  impl.RoleInfo (RoleInfo.java:shutdownLeaderElection(134)) - d6dfcdd7-fc6e-4b51-b91e-b64503dadc5e: shutdown LeaderElection
2019-10-17 21:54:54,714 [d6dfcdd7-fc6e-4b51-b91e-b64503dadc5e@group-F967393F7C93-LeaderElection107] INFO  impl.RoleInfo (RoleInfo.java:updateAndGet(143)) - d6dfcdd7-fc6e-4b51-b91e-b64503dadc5e: start FollowerState
2019-10-17 21:54:54,799 [main] INFO  ozone.MiniOzoneClusterImpl (MiniOzoneClusterImpl.java:shutdown(314)) - Shutting down the Mini Ozone Cluster
2019-10-17 21:54:54,800 [main] INFO  ozone.MiniOzoneClusterImpl (MiniOzoneClusterImpl.java:stop(330)) - Stopping the Mini Ozone Cluster
2019-10-17 21:54:54,800 [main] INFO  ozone.MiniOzoneClusterImpl (MiniOzoneClusterImpl.java:stopOM(400)) - Stopping the OzoneManager
2019-10-17 21:54:54,800 [main] INFO  ipc.Server (Server.java:stop(3082)) - Stopping server on 42687
2019-10-17 21:54:54,801 [IPC Server listener on 42687] INFO  ipc.Server (Server.java:run(1185)) - Stopping IPC Server listener on 42687
2019-10-17 21:54:54,801 [main] INFO  ratis.OzoneManagerDoubleBuffer (OzoneManagerDoubleBuffer.java:stop(250)) - Stopping OMDoubleBuffer flush thread
2019-10-17 21:54:54,802 [IPC Server Responder] INFO  ipc.Server (Server.java:run(1319)) - Stopping IPC Server Responder
2019-10-17 21:54:54,802 [OMDoubleBufferFlushThread] INFO  ratis.OzoneManagerDoubleBuffer (OzoneManagerDoubleBuffer.java:flushTransactions(193)) - OMDoubleBuffer flush thread OMDoubleBufferFlushThread is interrupted and will exit. OMDoubleBufferFlushThread
2019-10-17 21:54:54,803 [main] INFO  utils.BackgroundService (BackgroundService.java:shutdown(151)) - Shutting down service KeyDeletingService
2019-10-17 21:54:54,806 [main] INFO  handler.ContextHandler (ContextHandler.java:doStop(910)) - Stopped o.e.j.w.WebAppContext@12db3386{/,null,UNAVAILABLE}{/ozoneManager}
2019-10-17 21:54:54,823 [main] INFO  server.AbstractConnector (AbstractConnector.java:doStop(318)) - Stopped ServerConnector@4078695f{HTTP/1.1,[http/1.1]}{0.0.0.0:0}
2019-10-17 21:54:54,824 [main] INFO  handler.ContextHandler (ContextHandler.java:doStop(910)) - Stopped o.e.j.s.ServletContextHandler@30b2b76f{/static,file:///workdir/hadoop-ozone/integration-test/target/test-classes/webapps/static,UNAVAILABLE}
2019-10-17 21:54:54,824 [main] INFO  handler.ContextHandler (ContextHandler.java:doStop(910)) - Stopped o.e.j.s.ServletContextHandler@6b63d445{/logs,file:///workdir/hadoop-ozone/integration-test/target/log,UNAVAILABLE}
2019-10-17 21:54:55,015 [Thread-1211] INFO  impl.FollowerState (FollowerState.java:run(108)) - d6dfcdd7-fc6e-4b51-b91e-b64503dadc5e@group-F967393F7C93-FollowerState: change to CANDIDATE, lastRpcTime:300ms, electionTimeout:183ms
2019-10-17 21:54:55,019 [Thread-1211] INFO  impl.RoleInfo (RoleInfo.java:shutdownFollowerState(121)) - d6dfcdd7-fc6e-4b51-b91e-b64503dadc5e: shutdown FollowerState
2019-10-17 21:54:55,020 [Thread-1211] INFO  impl.RaftServerImpl (RaftServerImpl.java:setRole(184)) - d6dfcdd7-fc6e-4b51-b91e-b64503dadc5e@group-F967393F7C93: changes role from  FOLLOWER to CANDIDATE at term 96 for changeToCandidate
2019-10-17 21:54:55,028 [Thread-1211] INFO  impl.RoleInfo (RoleInfo.java:updateAndGet(143)) - d6dfcdd7-fc6e-4b51-b91e-b64503dadc5e: start LeaderElection
2019-10-17 21:54:55,047 [main] INFO  ozone.MiniOzoneClusterImpl (MiniOzoneClusterImpl.java:stopDatanodes(377)) - Stopping the HddsDatanodes
2019-10-17 21:54:55,078 [d6dfcdd7-fc6e-4b51-b91e-b64503dadc5e@group-F967393F7C93-LeaderElection108] INFO  impl.LeaderElection (LeaderElection.java:askForVotes(178)) - d6dfcdd7-fc6e-4b51-b91e-b64503dadc5e@group-F967393F7C93-LeaderElection108: begin an election at term 97 for -1: [08d4cbaa-ffed-4411-a5fd-c4a38026aead:192.168.157.223:33910, da15dfee-23f0-4dc4-ad77-c00156c49cfa:192.168.157.223:42172, d6dfcdd7-fc6e-4b51-b91e-b64503dadc5e:192.168.157.223:43575], old=null
2019-10-17 21:54:55,082 [grpc-default-executor-12] INFO  impl.RaftServerImpl (RaftServerImpl.java:setRole(184)) - da15dfee-23f0-4dc4-ad77-c00156c49cfa@group-F967393F7C93: changes role from  FOLLOWER to FOLLOWER at term 97 for recognizeCandidate:d6dfcdd7-fc6e-4b51-b91e-b64503dadc5e
2019-10-17 21:54:55,082 [grpc-default-executor-9] INFO  impl.RaftServerImpl (RaftServerImpl.java:setRole(184)) - 08d4cbaa-ffed-4411-a5fd-c4a38026aead@group-F967393F7C93: changes role from  FOLLOWER to FOLLOWER at term 97 for recognizeCandidate:d6dfcdd7-fc6e-4b51-b91e-b64503dadc5e
2019-10-17 21:54:55,082 [grpc-default-executor-9] INFO  impl.RoleInfo (RoleInfo.java:shutdownFollowerState(121)) - 08d4cbaa-ffed-4411-a5fd-c4a38026aead: shutdown FollowerState
2019-10-17 21:54:55,082 [grpc-default-executor-12] INFO  impl.RoleInfo (RoleInfo.java:shutdownFollowerState(121)) - da15dfee-23f0-4dc4-ad77-c00156c49cfa: shutdown FollowerState
2019-10-17 21:54:55,083 [Thread-1209] INFO  impl.FollowerState (FollowerState.java:run(117)) - 08d4cbaa-ffed-4411-a5fd-c4a38026aead@group-F967393F7C93-FollowerState was interrupted: java.lang.InterruptedException: sleep interrupted
2019-10-17 21:54:55,083 [Thread-1210] INFO  impl.FollowerState (FollowerState.java:run(117)) - da15dfee-23f0-4dc4-ad77-c00156c49cfa@group-F967393F7C93-FollowerState was interrupted: java.lang.InterruptedException: sleep interrupted
2019-10-17 21:54:55,083 [grpc-default-executor-9] INFO  impl.RoleInfo (RoleInfo.java:updateAndGet(143)) - 08d4cbaa-ffed-4411-a5fd-c4a38026aead: start FollowerState
2019-10-17 21:54:55,083 [grpc-default-executor-12] INFO  impl.RoleInfo (RoleInfo.java:updateAndGet(143)) - da15dfee-23f0-4dc4-ad77-c00156c49cfa: start FollowerState
2019-10-17 21:54:55,107 [d6dfcdd7-fc6e-4b51-b91e-b64503dadc5e@group-F967393F7C93-LeaderElection108] INFO  impl.LeaderElection (LeaderElection.java:logAndReturn(56)) - d6dfcdd7-fc6e-4b51-b91e-b64503dadc5e@group-F967393F7C93-LeaderElection108: Election REJECTED; received 2 response(s) [d6dfcdd7-fc6e-4b51-b91e-b64503dadc5e<-08d4cbaa-ffed-4411-a5fd-c4a38026aead#0:FAIL-t97, d6dfcdd7-fc6e-4b51-b91e-b64503dadc5e<-da15dfee-23f0-4dc4-ad77-c00156c49cfa#0:FAIL-t97] and 0 exception(s); d6dfcdd7-fc6e-4b51-b91e-b64503dadc5e@group-F967393F7C93:t97, leader=null, voted=d6dfcdd7-fc6e-4b51-b91e-b64503dadc5e, raftlog=d6dfcdd7-fc6e-4b51-b91e-b64503dadc5e@group-F967393F7C93-SegmentedRaftLog:OPENED:c-1,f-1,i0, conf=-1: [08d4cbaa-ffed-4411-a5fd-c4a38026aead:192.168.157.223:33910, da15dfee-23f0-4dc4-ad77-c00156c49cfa:192.168.157.223:42172, d6dfcdd7-fc6e-4b51-b91e-b64503dadc5e:192.168.157.223:43575], old=null
2019-10-17 21:54:55,108 [d6dfcdd7-fc6e-4b51-b91e-b64503dadc5e@group-F967393F7C93-LeaderElection108] INFO  impl.RaftServerImpl (RaftServerImpl.java:setRole(184)) - d6dfcdd7-fc6e-4b51-b91e-b64503dadc5e@group-F967393F7C93: changes role from CANDIDATE to FOLLOWER at term 97 for DISCOVERED_A_NEW_TERM
2019-10-17 21:54:55,108 [d6dfcdd7-fc6e-4b51-b91e-b64503dadc5e@group-F967393F7C93-LeaderElection108] INFO  impl.RoleInfo (RoleInfo.java:shutdownLeaderElection(134)) - d6dfcdd7-fc6e-4b51-b91e-b64503dadc5e: shutdown LeaderElection
2019-10-17 21:54:55,108 [d6dfcdd7-fc6e-4b51-b91e-b64503dadc5e@group-F967393F7C93-LeaderElection108] INFO  impl.RoleInfo (RoleInfo.java:updateAndGet(143)) - d6dfcdd7-fc6e-4b51-b91e-b64503dadc5e: start FollowerState
2019-10-17 21:54:55,235 [Thread-1245] INFO  impl.FollowerState (FollowerState.java:run(108)) - d6dfcdd7-fc6e-4b51-b91e-b64503dadc5e@group-F967393F7C93-FollowerState: change to CANDIDATE, lastRpcTime:126ms, electionTimeout:126ms
2019-10-17 21:54:55,235 [Thread-1245] INFO  impl.RoleInfo (RoleInfo.java:shutdownFollowerState(121)) - d6dfcdd7-fc6e-4b51-b91e-b64503dadc5e: shutdown FollowerState
2019-10-17 21:54:55,235 [Thread-1245] INFO  impl.RaftServerImpl (RaftServerImpl.java:setRole(184)) - d6dfcdd7-fc6e-4b51-b91e-b64503dadc5e@group-F967393F7C93: changes role from  FOLLOWER to CANDIDATE at term 97 for changeToCandidate
2019-10-17 21:54:55,235 [Thread-1245] INFO  impl.RoleInfo (RoleInfo.java:updateAndGet(143)) - d6dfcdd7-fc6e-4b51-b91e-b64503dadc5e: start LeaderElection
2019-10-17 21:54:55,244 [d6dfcdd7-fc6e-4b51-b91e-b64503dadc5e@group-F967393F7C93-LeaderElection109] INFO  impl.LeaderElection (LeaderElection.java:askForVotes(178)) - d6dfcdd7-fc6e-4b51-b91e-b64503dadc5e@group-F967393F7C93-LeaderElection109: begin an election at term 98 for -1: [08d4cbaa-ffed-4411-a5fd-c4a38026aead:192.168.157.223:33910, da15dfee-23f0-4dc4-ad77-c00156c49cfa:192.168.157.223:42172, d6dfcdd7-fc6e-4b51-b91e-b64503dadc5e:192.168.157.223:43575], old=null
2019-10-17 21:54:55,247 [grpc-default-executor-9] INFO  impl.RaftServerImpl (RaftServerImpl.java:setRole(184)) - 08d4cbaa-ffed-4411-a5fd-c4a38026aead@group-F967393F7C93: changes role from  FOLLOWER to FOLLOWER at term 98 for recognizeCandidate:d6dfcdd7-fc6e-4b51-b91e-b64503dadc5e
2019-10-17 21:54:55,247 [grpc-default-executor-12] INFO  impl.RaftServerImpl (RaftServerImpl.java:setRole(184)) - da15dfee-23f0-4dc4-ad77-c00156c49cfa@group-F967393F7C93: changes role from  FOLLOWER to FOLLOWER at term 98 for recognizeCandidate:d6dfcdd7-fc6e-4b51-b91e-b64503dadc5e
2019-10-17 21:54:55,247 [grpc-default-executor-12] INFO  impl.RoleInfo (RoleInfo.java:shutdownFollowerState(121)) - da15dfee-23f0-4dc4-ad77-c00156c49cfa: shutdown FollowerState
2019-10-17 21:54:55,247 [grpc-default-executor-9] INFO  impl.RoleInfo (RoleInfo.java:shutdownFollowerState(121)) - 08d4cbaa-ffed-4411-a5fd-c4a38026aead: shutdown FollowerState
2019-10-17 21:54:55,247 [grpc-default-executor-12] INFO  impl.RoleInfo (RoleInfo.java:updateAndGet(143)) - da15dfee-23f0-4dc4-ad77-c00156c49cfa: start FollowerState
2019-10-17 21:54:55,247 [Thread-1243] INFO  impl.FollowerState (FollowerState.java:run(117)) - 08d4cbaa-ffed-4411-a5fd-c4a38026aead@group-F967393F7C93-FollowerState was interrupted: java.lang.InterruptedException: sleep interrupted
2019-10-17 21:54:55,247 [grpc-default-executor-9] INFO  impl.RoleInfo (RoleInfo.java:updateAndGet(143)) - 08d4cbaa-ffed-4411-a5fd-c4a38026aead: start FollowerState
2019-10-17 21:54:55,247 [Thread-1244] INFO  impl.FollowerState (FollowerState.java:run(117)) - da15dfee-23f0-4dc4-ad77-c00156c49cfa@group-F967393F7C93-FollowerState was interrupted: java.lang.InterruptedException: sleep interrupted
2019-10-17 21:54:55,262 [d6dfcdd7-fc6e-4b51-b91e-b64503dadc5e@group-F967393F7C93-LeaderElection109] INFO  impl.LeaderElection (LeaderElection.java:logAndReturn(56)) - d6dfcdd7-fc6e-4b51-b91e-b64503dadc5e@group-F967393F7C93-LeaderElection109: Election REJECTED; received 2 response(s) [d6dfcdd7-fc6e-4b51-b91e-b64503dadc5e<-08d4cbaa-ffed-4411-a5fd-c4a38026aead#0:FAIL-t98, d6dfcdd7-fc6e-4b51-b91e-b64503dadc5e<-da15dfee-23f0-4dc4-ad77-c00156c49cfa#0:FAIL-t98] and 0 exception(s); d6dfcdd7-fc6e-4b51-b91e-b64503dadc5e@group-F967393F7C93:t98, leader=null, voted=d6dfcdd7-fc6e-4b51-b91e-b64503dadc5e, raftlog=d6dfcdd7-fc6e-4b51-b91e-b64503dadc5e@group-F967393F7C93-SegmentedRaftLog:OPENED:c-1,f-1,i0, conf=-1: [08d4cbaa-ffed-4411-a5fd-c4a38026aead:192.168.157.223:33910, da15dfee-23f0-4dc4-ad77-c00156c49cfa:192.168.157.223:42172, d6dfcdd7-fc6e-4b51-b91e-b64503dadc5e:192.168.157.223:43575], old=null
2019-10-17 21:54:55,262 [d6dfcdd7-fc6e-4b51-b91e-b64503dadc5e@group-F967393F7C93-LeaderElection109] INFO  impl.RaftServerImpl (RaftServerImpl.java:setRole(184)) - d6dfcdd7-fc6e-4b51-b91e-b64503dadc5e@group-F967393F7C93: changes role from CANDIDATE to FOLLOWER at term 98 for DISCOVERED_A_NEW_TERM
2019-10-17 21:54:55,262 [d6dfcdd7-fc6e-4b51-b91e-b64503dadc5e@group-F967393F7C93-LeaderElection109] INFO  impl.RoleInfo (RoleInfo.java:shutdownLeaderElection(134)) - d6dfcdd7-fc6e-4b51-b91e-b64503dadc5e: shutdown LeaderElection
2019-10-17 21:54:55,262 [d6dfcdd7-fc6e-4b51-b91e-b64503dadc5e@group-F967393F7C93-LeaderElection109] INFO  impl.RoleInfo (RoleInfo.java:updateAndGet(143)) - d6dfcdd7-fc6e-4b51-b91e-b64503dadc5e: start FollowerState
2019-10-17 21:54:55,373 [Thread-1263] INFO  impl.FollowerState (FollowerState.java:run(108)) - d6dfcdd7-fc6e-4b51-b91e-b64503dadc5e@group-F967393F7C93-FollowerState: change to CANDIDATE, lastRpcTime:111ms, electionTimeout:111ms
2019-10-17 21:54:55,374 [Thread-1263] INFO  impl.RoleInfo (RoleInfo.java:shutdownFollowerState(121)) - d6dfcdd7-fc6e-4b51-b91e-b64503dadc5e: shutdown FollowerState
2019-10-17 21:54:55,374 [Thread-1263] INFO  impl.RaftServerImpl (RaftServerImpl.java:setRole(184)) - d6dfcdd7-fc6e-4b51-b91e-b64503dadc5e@group-F967393F7C93: changes role from  FOLLOWER to CANDIDATE at term 98 for changeToCandidate
2019-10-17 21:54:55,374 [Thread-1263] INFO  impl.RoleInfo (RoleInfo.java:updateAndGet(143)) - d6dfcdd7-fc6e-4b51-b91e-b64503dadc5e: start LeaderElection
2019-10-17 21:54:55,388 [d6dfcdd7-fc6e-4b51-b91e-b64503dadc5e@group-F967393F7C93-LeaderElection110] INFO  impl.LeaderElection (LeaderElection.java:askForVotes(178)) - d6dfcdd7-fc6e-4b51-b91e-b64503dadc5e@group-F967393F7C93-LeaderElection110: begin an election at term 99 for -1: [08d4cbaa-ffed-4411-a5fd-c4a38026aead:192.168.157.223:33910, da15dfee-23f0-4dc4-ad77-c00156c49cfa:192.168.157.223:42172, d6dfcdd7-fc6e-4b51-b91e-b64503dadc5e:192.168.157.223:43575], old=null
2019-10-17 21:54:55,391 [grpc-default-executor-12] INFO  impl.RaftServerImpl (RaftServerImpl.java:setRole(184)) - 08d4cbaa-ffed-4411-a5fd-c4a38026aead@group-F967393F7C93: changes role from  FOLLOWER to FOLLOWER at term 99 for recognizeCandidate:d6dfcdd7-fc6e-4b51-b91e-b64503dadc5e
2019-10-17 21:54:55,391 [grpc-default-executor-12] INFO  impl.RoleInfo (RoleInfo.java:shutdownFollowerState(121)) - 08d4cbaa-ffed-4411-a5fd-c4a38026aead: shutdown FollowerState
2019-10-17 21:54:55,391 [grpc-default-executor-9] INFO  impl.RaftServerImpl (RaftServerImpl.java:setRole(184)) - da15dfee-23f0-4dc4-ad77-c00156c49cfa@group-F967393F7C93: changes role from  FOLLOWER to FOLLOWER at term 99 for recognizeCandidate:d6dfcdd7-fc6e-4b51-b91e-b64503dadc5e
2019-10-17 21:54:55,392 [Thread-1262] INFO  impl.FollowerState (FollowerState.java:run(117)) - 08d4cbaa-ffed-4411-a5fd-c4a38026aead@group-F967393F7C93-FollowerState was interrupted: java.lang.InterruptedException: sleep interrupted
2019-10-17 21:54:55,392 [grpc-default-executor-12] INFO  impl.RoleInfo (RoleInfo.java:updateAndGet(143)) - 08d4cbaa-ffed-4411-a5fd-c4a38026aead: start FollowerState
2019-10-17 21:54:55,392 [grpc-default-executor-9] INFO  impl.RoleInfo (RoleInfo.java:shutdownFollowerState(121)) - da15dfee-23f0-4dc4-ad77-c00156c49cfa: shutdown FollowerState
2019-10-17 21:54:55,392 [grpc-default-executor-9] INFO  impl.RoleInfo (RoleInfo.java:updateAndGet(143)) - da15dfee-23f0-4dc4-ad77-c00156c49cfa: start FollowerState
2019-10-17 21:54:55,392 [Thread-1261] INFO  impl.FollowerState (FollowerState.java:run(117)) - da15dfee-23f0-4dc4-ad77-c00156c49cfa@group-F967393F7C93-FollowerState was interrupted: java.lang.InterruptedException: sleep interrupted
2019-10-17 21:54:55,405 [d6dfcdd7-fc6e-4b51-b91e-b64503dadc5e@group-F967393F7C93-LeaderElection110] INFO  impl.LeaderElection (LeaderElection.java:logAndReturn(56)) - d6dfcdd7-fc6e-4b51-b91e-b64503dadc5e@group-F967393F7C93-LeaderElection110: Election REJECTED; received 2 response(s) [d6dfcdd7-fc6e-4b51-b91e-b64503dadc5e<-08d4cbaa-ffed-4411-a5fd-c4a38026aead#0:FAIL-t99, d6dfcdd7-fc6e-4b51-b91e-b64503dadc5e<-da15dfee-23f0-4dc4-ad77-c00156c49cfa#0:FAIL-t99] and 0 exception(s); d6dfcdd7-fc6e-4b51-b91e-b64503dadc5e@group-F967393F7C93:t99, leader=null, voted=d6dfcdd7-fc6e-4b51-b91e-b64503dadc5e, raftlog=d6dfcdd7-fc6e-4b51-b91e-b64503dadc5e@group-F967393F7C93-SegmentedRaftLog:OPENED:c-1,f-1,i0, conf=-1: [08d4cbaa-ffed-4411-a5fd-c4a38026aead:192.168.157.223:33910, da15dfee-23f0-4dc4-ad77-c00156c49cfa:192.168.157.223:42172, d6dfcdd7-fc6e-4b51-b91e-b64503dadc5e:192.168.157.223:43575], old=null
2019-10-17 21:54:55,405 [d6dfcdd7-fc6e-4b51-b91e-b64503dadc5e@group-F967393F7C93-LeaderElection110] INFO  impl.RaftServerImpl (RaftServerImpl.java:setRole(184)) - d6dfcdd7-fc6e-4b51-b91e-b64503dadc5e@group-F967393F7C93: changes role from CANDIDATE to FOLLOWER at term 99 for DISCOVERED_A_NEW_TERM
2019-10-17 21:54:55,405 [d6dfcdd7-fc6e-4b51-b91e-b64503dadc5e@group-F967393F7C93-LeaderElection110] INFO  impl.RoleInfo (RoleInfo.java:shutdownLeaderElection(134)) - d6dfcdd7-fc6e-4b51-b91e-b64503dadc5e: shutdown LeaderElection
2019-10-17 21:54:55,406 [d6dfcdd7-fc6e-4b51-b91e-b64503dadc5e@group-F967393F7C93-LeaderElection110] INFO  impl.RoleInfo (RoleInfo.java:updateAndGet(143)) - d6dfcdd7-fc6e-4b51-b91e-b64503dadc5e: start FollowerState
2019-10-17 21:54:55,423 [Datanode State Machine Thread - 0] INFO  statemachine.DatanodeStateMachine (DatanodeStateMachine.java:lambda$startDaemon$0(350)) - Ozone container server started.
2019-10-17 21:54:55,433 [Thread-1272] INFO  impl.FollowerState (FollowerState.java:run(108)) - d6dfcdd7-fc6e-4b51-b91e-b64503dadc5e@group-F967393F7C93-FollowerState: change to CANDIDATE, lastRpcTime:27ms, electionTimeout:27ms
2019-10-17 21:54:55,433 [Thread-1272] INFO  impl.RoleInfo (RoleInfo.java:shutdownFollowerState(121)) - d6dfcdd7-fc6e-4b51-b91e-b64503dadc5e: shutdown FollowerState
2019-10-17 21:54:55,433 [Thread-1272] INFO  impl.RaftServerImpl (RaftServerImpl.java:setRole(184)) - d6dfcdd7-fc6e-4b51-b91e-b64503dadc5e@group-F967393F7C93: changes role from  FOLLOWER to CANDIDATE at term 99 for changeToCandidate
2019-10-17 21:54:55,434 [Thread-1272] INFO  impl.RoleInfo (RoleInfo.java:updateAndGet(143)) - d6dfcdd7-fc6e-4b51-b91e-b64503dadc5e: start LeaderElection
2019-10-17 21:54:55,447 [d6dfcdd7-fc6e-4b51-b91e-b64503dadc5e@group-F967393F7C93-LeaderElection111] INFO  impl.LeaderElection (LeaderElection.java:askForVotes(178)) - d6dfcdd7-fc6e-4b51-b91e-b64503dadc5e@group-F967393F7C93-LeaderElection111: begin an election at term 100 for -1: [08d4cbaa-ffed-4411-a5fd-c4a38026aead:192.168.157.223:33910, da15dfee-23f0-4dc4-ad77-c00156c49cfa:192.168.157.223:42172, d6dfcdd7-fc6e-4b51-b91e-b64503dadc5e:192.168.157.223:43575], old=null
2019-10-17 21:54:55,448 [grpc-default-executor-9] INFO  impl.RaftServerImpl (RaftServerImpl.java:setRole(184)) - 08d4cbaa-ffed-4411-a5fd-c4a38026aead@group-F967393F7C93: changes role from  FOLLOWER to FOLLOWER at term 100 for recognizeCandidate:d6dfcdd7-fc6e-4b51-b91e-b64503dadc5e
2019-10-17 21:54:55,449 [grpc-default-executor-9] INFO  impl.RoleInfo (RoleInfo.java:shutdownFollowerState(121)) - 08d4cbaa-ffed-4411-a5fd-c4a38026aead: shutdown FollowerState
2019-10-17 21:54:55,449 [grpc-default-executor-9] INFO  impl.RoleInfo (RoleInfo.java:updateAndGet(143)) - 08d4cbaa-ffed-4411-a5fd-c4a38026aead: start FollowerState
2019-10-17 21:54:55,449 [grpc-default-executor-12] INFO  impl.RaftServerImpl (RaftServerImpl.java:setRole(184)) - da15dfee-23f0-4dc4-ad77-c00156c49cfa@group-F967393F7C93: changes role from  FOLLOWER to FOLLOWER at term 100 for recognizeCandidate:d6dfcdd7-fc6e-4b51-b91e-b64503dadc5e
2019-10-17 21:54:55,449 [grpc-default-executor-12] INFO  impl.RoleInfo (RoleInfo.java:shutdownFollowerState(121)) - da15dfee-23f0-4dc4-ad77-c00156c49cfa: shutdown FollowerState
2019-10-17 21:54:55,449 [Thread-1270] INFO  impl.FollowerState (FollowerState.java:run(117)) - 08d4cbaa-ffed-4411-a5fd-c4a38026aead@group-F967393F7C93-FollowerState was interrupted: java.lang.InterruptedException: sleep interrupted
2019-10-17 21:54:55,450 [Thread-1271] INFO  impl.FollowerState (FollowerState.java:run(117)) - da15dfee-23f0-4dc4-ad77-c00156c49cfa@group-F967393F7C93-FollowerState was interrupted: java.lang.InterruptedException: sleep interrupted
2019-10-17 21:54:55,450 [grpc-default-executor-12] INFO  impl.RoleInfo (RoleInfo.java:updateAndGet(143)) - da15dfee-23f0-4dc4-ad77-c00156c49cfa: start FollowerState
2019-10-17 21:54:55,466 [d6dfcdd7-fc6e-4b51-b91e-b64503dadc5e@group-F967393F7C93-LeaderElection111] INFO  impl.LeaderElection (LeaderElection.java:logAndReturn(56)) - d6dfcdd7-fc6e-4b51-b91e-b64503dadc5e@group-F967393F7C93-LeaderElection111: Election REJECTED; received 2 response(s) [d6dfcdd7-fc6e-4b51-b91e-b64503dadc5e<-08d4cbaa-ffed-4411-a5fd-c4a38026aead#0:FAIL-t100, d6dfcdd7-fc6e-4b51-b91e-b64503dadc5e<-da15dfee-23f0-4dc4-ad77-c00156c49cfa#0:FAIL-t100] and 0 exception(s); d6dfcdd7-fc6e-4b51-b91e-b64503dadc5e@group-F967393F7C93:t100, leader=null, voted=d6dfcdd7-fc6e-4b51-b91e-b64503dadc5e, raftlog=d6dfcdd7-fc6e-4b51-b91e-b64503dadc5e@group-F967393F7C93-SegmentedRaftLog:OPENED:c-1,f-1,i0, conf=-1: [08d4cbaa-ffed-4411-a5fd-c4a38026aead:192.168.157.223:33910, da15dfee-23f0-4dc4-ad77-c00156c49cfa:192.168.157.223:42172, d6dfcdd7-fc6e-4b51-b91e-b64503dadc5e:192.168.157.223:43575], old=null
2019-10-17 21:54:55,466 [d6dfcdd7-fc6e-4b51-b91e-b64503dadc5e@group-F967393F7C93-LeaderElection111] INFO  impl.RaftServerImpl (RaftServerImpl.java:setRole(184)) - d6dfcdd7-fc6e-4b51-b91e-b64503dadc5e@group-F967393F7C93: changes role from CANDIDATE to FOLLOWER at term 100 for DISCOVERED_A_NEW_TERM
2019-10-17 21:54:55,466 [d6dfcdd7-fc6e-4b51-b91e-b64503dadc5e@group-F967393F7C93-LeaderElection111] INFO  impl.RoleInfo (RoleInfo.java:shutdownLeaderElection(134)) - d6dfcdd7-fc6e-4b51-b91e-b64503dadc5e: shutdown LeaderElection
2019-10-17 21:54:55,467 [d6dfcdd7-fc6e-4b51-b91e-b64503dadc5e@group-F967393F7C93-LeaderElection111] INFO  impl.RoleInfo (RoleInfo.java:updateAndGet(143)) - d6dfcdd7-fc6e-4b51-b91e-b64503dadc5e: start FollowerState
2019-10-17 21:54:55,624 [Thread-1278] INFO  impl.FollowerState (FollowerState.java:run(108)) - d6dfcdd7-fc6e-4b51-b91e-b64503dadc5e@group-F967393F7C93-FollowerState: change to CANDIDATE, lastRpcTime:157ms, electionTimeout:157ms
2019-10-17 21:54:55,624 [Thread-1278] INFO  impl.RoleInfo (RoleInfo.java:shutdownFollowerState(121)) - d6dfcdd7-fc6e-4b51-b91e-b64503dadc5e: shutdown FollowerState
2019-10-17 21:54:55,624 [Thread-1278] INFO  impl.RaftServerImpl (RaftServerImpl.java:setRole(184)) - d6dfcdd7-fc6e-4b51-b91e-b64503dadc5e@group-F967393F7C93: changes role from  FOLLOWER to CANDIDATE at term 100 for changeToCandidate
2019-10-17 21:54:55,624 [Thread-1278] INFO  impl.RoleInfo (RoleInfo.java:updateAndGet(143)) - d6dfcdd7-fc6e-4b51-b91e-b64503dadc5e: start LeaderElection
2019-10-17 21:54:55,638 [d6dfcdd7-fc6e-4b51-b91e-b64503dadc5e@group-F967393F7C93-LeaderElection112] INFO  impl.LeaderElection (LeaderElection.java:askForVotes(178)) - d6dfcdd7-fc6e-4b51-b91e-b64503dadc5e@group-F967393F7C93-LeaderElection112: begin an election at term 101 for -1: [08d4cbaa-ffed-4411-a5fd-c4a38026aead:192.168.157.223:33910, da15dfee-23f0-4dc4-ad77-c00156c49cfa:192.168.157.223:42172, d6dfcdd7-fc6e-4b51-b91e-b64503dadc5e:192.168.157.223:43575], old=null
2019-10-17 21:54:55,641 [grpc-default-executor-9] INFO  impl.RaftServerImpl (RaftServerImpl.java:setRole(184)) - da15dfee-23f0-4dc4-ad77-c00156c49cfa@group-F967393F7C93: changes role from  FOLLOWER to FOLLOWER at term 101 for recognizeCandidate:d6dfcdd7-fc6e-4b51-b91e-b64503dadc5e
2019-10-17 21:54:55,641 [grpc-default-executor-9] INFO  impl.RoleInfo (RoleInfo.java:shutdownFollowerState(121)) - da15dfee-23f0-4dc4-ad77-c00156c49cfa: shutdown FollowerState
2019-10-17 21:54:55,641 [grpc-default-executor-9] INFO  impl.RoleInfo (RoleInfo.java:updateAndGet(143)) - da15dfee-23f0-4dc4-ad77-c00156c49cfa: start FollowerState
2019-10-17 21:54:55,641 [grpc-default-executor-12] INFO  impl.RaftServerImpl (RaftServerImpl.java:setRole(184)) - 08d4cbaa-ffed-4411-a5fd-c4a38026aead@group-F967393F7C93: changes role from  FOLLOWER to FOLLOWER at term 101 for recognizeCandidate:d6dfcdd7-fc6e-4b51-b91e-b64503dadc5e
2019-10-17 21:54:55,642 [Thread-1277] INFO  impl.FollowerState (FollowerState.java:run(117)) - da15dfee-23f0-4dc4-ad77-c00156c49cfa@group-F967393F7C93-FollowerState was interrupted: java.lang.InterruptedException: sleep interrupted
2019-10-17 21:54:55,642 [grpc-default-executor-12] INFO  impl.RoleInfo (RoleInfo.java:shutdownFollowerState(121)) - 08d4cbaa-ffed-4411-a5fd-c4a38026aead: shutdown FollowerState
2019-10-17 21:54:55,642 [grpc-default-executor-12] INFO  impl.RoleInfo (RoleInfo.java:updateAndGet(143)) - 08d4cbaa-ffed-4411-a5fd-c4a38026aead: start FollowerState
2019-10-17 21:54:55,642 [Thread-1276] INFO  impl.FollowerState (FollowerState.java:run(117)) - 08d4cbaa-ffed-4411-a5fd-c4a38026aead@group-F967393F7C93-FollowerState was interrupted: java.lang.InterruptedException: sleep interrupted
2019-10-17 21:54:55,657 [d6dfcdd7-fc6e-4b51-b91e-b64503dadc5e@group-F967393F7C93-LeaderElection112] INFO  impl.LeaderElection (LeaderElection.java:logAndReturn(56)) - d6dfcdd7-fc6e-4b51-b91e-b64503dadc5e@group-F967393F7C93-LeaderElection112: Election REJECTED; received 2 response(s) [d6dfcdd7-fc6e-4b51-b91e-b64503dadc5e<-08d4cbaa-ffed-4411-a5fd-c4a38026aead#0:FAIL-t101, d6dfcdd7-fc6e-4b51-b91e-b64503dadc5e<-da15dfee-23f0-4dc4-ad77-c00156c49cfa#0:FAIL-t101] and 0 exception(s); d6dfcdd7-fc6e-4b51-b91e-b64503dadc5e@group-F967393F7C93:t101, leader=null, voted=d6dfcdd7-fc6e-4b51-b91e-b64503dadc5e, raftlog=d6dfcdd7-fc6e-4b51-b91e-b64503dadc5e@group-F967393F7C93-SegmentedRaftLog:OPENED:c-1,f-1,i0, conf=-1: [08d4cbaa-ffed-4411-a5fd-c4a38026aead:192.168.157.223:33910, da15dfee-23f0-4dc4-ad77-c00156c49cfa:192.168.157.223:42172, d6dfcdd7-fc6e-4b51-b91e-b64503dadc5e:192.168.157.223:43575], old=null
2019-10-17 21:54:55,657 [d6dfcdd7-fc6e-4b51-b91e-b64503dadc5e@group-F967393F7C93-LeaderElection112] INFO  impl.RaftServerImpl (RaftServerImpl.java:setRole(184)) - d6dfcdd7-fc6e-4b51-b91e-b64503dadc5e@group-F967393F7C93: changes role from CANDIDATE to FOLLOWER at term 101 for DISCOVERED_A_NEW_TERM
2019-10-17 21:54:55,657 [d6dfcdd7-fc6e-4b51-b91e-b64503dadc5e@group-F967393F7C93-LeaderElection112] INFO  impl.RoleInfo (RoleInfo.java:shutdownLeaderElection(134)) - d6dfcdd7-fc6e-4b51-b91e-b64503dadc5e: shutdown LeaderElection
2019-10-17 21:54:55,657 [d6dfcdd7-fc6e-4b51-b91e-b64503dadc5e@group-F967393F7C93-LeaderElection112] INFO  impl.RoleInfo (RoleInfo.java:updateAndGet(143)) - d6dfcdd7-fc6e-4b51-b91e-b64503dadc5e: start FollowerState
2019-10-17 21:54:55,681 [Thread-1284] INFO  impl.FollowerState (FollowerState.java:run(108)) - d6dfcdd7-fc6e-4b51-b91e-b64503dadc5e@group-F967393F7C93-FollowerState: change to CANDIDATE, lastRpcTime:24ms, electionTimeout:24ms
2019-10-17 21:54:55,681 [Thread-1284] INFO  impl.RoleInfo (RoleInfo.java:shutdownFollowerState(121)) - d6dfcdd7-fc6e-4b51-b91e-b64503dadc5e: shutdown FollowerState
2019-10-17 21:54:55,682 [Thread-1284] INFO  impl.RaftServerImpl (RaftServerImpl.java:setRole(184)) - d6dfcdd7-fc6e-4b51-b91e-b64503dadc5e@group-F967393F7C93: changes role from  FOLLOWER to CANDIDATE at term 101 for changeToCandidate
2019-10-17 21:54:55,682 [Thread-1284] INFO  impl.RoleInfo (RoleInfo.java:updateAndGet(143)) - d6dfcdd7-fc6e-4b51-b91e-b64503dadc5e: start LeaderElection
2019-10-17 21:54:55,695 [d6dfcdd7-fc6e-4b51-b91e-b64503dadc5e@group-F967393F7C93-LeaderElection113] INFO  impl.LeaderElection (LeaderElection.java:askForVotes(178)) - d6dfcdd7-fc6e-4b51-b91e-b64503dadc5e@group-F967393F7C93-LeaderElection113: begin an election at term 102 for -1: [08d4cbaa-ffed-4411-a5fd-c4a38026aead:192.168.157.223:33910, da15dfee-23f0-4dc4-ad77-c00156c49cfa:192.168.157.223:42172, d6dfcdd7-fc6e-4b51-b91e-b64503dadc5e:192.168.157.223:43575], old=null
2019-10-17 21:54:55,698 [grpc-default-executor-9] INFO  impl.RaftServerImpl (RaftServerImpl.java:setRole(184)) - da15dfee-23f0-4dc4-ad77-c00156c49cfa@group-F967393F7C93: changes role from  FOLLOWER to FOLLOWER at term 102 for recognizeCandidate:d6dfcdd7-fc6e-4b51-b91e-b64503dadc5e
2019-10-17 21:54:55,698 [grpc-default-executor-9] INFO  impl.RoleInfo (RoleInfo.java:shutdownFollowerState(121)) - da15dfee-23f0-4dc4-ad77-c00156c49cfa: shutdown FollowerState
2019-10-17 21:54:55,698 [grpc-default-executor-12] INFO  impl.RaftServerImpl (RaftServerImpl.java:setRole(184)) - 08d4cbaa-ffed-4411-a5fd-c4a38026aead@group-F967393F7C93: changes role from  FOLLOWER to FOLLOWER at term 102 for recognizeCandidate:d6dfcdd7-fc6e-4b51-b91e-b64503dadc5e
2019-10-17 21:54:55,698 [grpc-default-executor-9] INFO  impl.RoleInfo (RoleInfo.java:updateAndGet(143)) - da15dfee-23f0-4dc4-ad77-c00156c49cfa: start FollowerState
2019-10-17 21:54:55,698 [Thread-1282] INFO  impl.FollowerState (FollowerState.java:run(117)) - da15dfee-23f0-4dc4-ad77-c00156c49cfa@group-F967393F7C93-FollowerState was interrupted: java.lang.InterruptedException: sleep interrupted
2019-10-17 21:54:55,698 [grpc-default-executor-12] INFO  impl.RoleInfo (RoleInfo.java:shutdownFollowerState(121)) - 08d4cbaa-ffed-4411-a5fd-c4a38026aead: shutdown FollowerState
2019-10-17 21:54:55,699 [grpc-default-executor-12] INFO  impl.RoleInfo (RoleInfo.java:updateAndGet(143)) - 08d4cbaa-ffed-4411-a5fd-c4a38026aead: start FollowerState
2019-10-17 21:54:55,699 [Thread-1283] INFO  impl.FollowerState (FollowerState.java:run(117)) - 08d4cbaa-ffed-4411-a5fd-c4a38026aead@group-F967393F7C93-FollowerState was interrupted: java.lang.InterruptedException: sleep interrupted
2019-10-17 21:54:55,713 [d6dfcdd7-fc6e-4b51-b91e-b64503dadc5e@group-F967393F7C93-LeaderElection113] INFO  impl.LeaderElection (LeaderElection.java:logAndReturn(56)) - d6dfcdd7-fc6e-4b51-b91e-b64503dadc5e@group-F967393F7C93-LeaderElection113: Election REJECTED; received 2 response(s) [d6dfcdd7-fc6e-4b51-b91e-b64503dadc5e<-08d4cbaa-ffed-4411-a5fd-c4a38026aead#0:FAIL-t102, d6dfcdd7-fc6e-4b51-b91e-b64503dadc5e<-da15dfee-23f0-4dc4-ad77-c00156c49cfa#0:FAIL-t102] and 0 exception(s); d6dfcdd7-fc6e-4b51-b91e-b64503dadc5e@group-F967393F7C93:t102, leader=null, voted=d6dfcdd7-fc6e-4b51-b91e-b64503dadc5e, raftlog=d6dfcdd7-fc6e-4b51-b91e-b64503dadc5e@group-F967393F7C93-SegmentedRaftLog:OPENED:c-1,f-1,i0, conf=-1: [08d4cbaa-ffed-4411-a5fd-c4a38026aead:192.168.157.223:33910, da15dfee-23f0-4dc4-ad77-c00156c49cfa:192.168.157.223:42172, d6dfcdd7-fc6e-4b51-b91e-b64503dadc5e:192.168.157.223:43575], old=null
2019-10-17 21:54:55,713 [d6dfcdd7-fc6e-4b51-b91e-b64503dadc5e@group-F967393F7C93-LeaderElection113] INFO  impl.RaftServerImpl (RaftServerImpl.java:setRole(184)) - d6dfcdd7-fc6e-4b51-b91e-b64503dadc5e@group-F967393F7C93: changes role from CANDIDATE to FOLLOWER at term 102 for DISCOVERED_A_NEW_TERM
2019-10-17 21:54:55,713 [d6dfcdd7-fc6e-4b51-b91e-b64503dadc5e@group-F967393F7C93-LeaderElection113] INFO  impl.RoleInfo (RoleInfo.java:shutdownLeaderElection(134)) - d6dfcdd7-fc6e-4b51-b91e-b64503dadc5e: shutdown LeaderElection
2019-10-17 21:54:55,713 [d6dfcdd7-fc6e-4b51-b91e-b64503dadc5e@group-F967393F7C93-LeaderElection113] INFO  impl.RoleInfo (RoleInfo.java:updateAndGet(143)) - d6dfcdd7-fc6e-4b51-b91e-b64503dadc5e: start FollowerState
2019-10-17 21:54:55,809 [Thread-1290] INFO  impl.FollowerState (FollowerState.java:run(108)) - d6dfcdd7-fc6e-4b51-b91e-b64503dadc5e@group-F967393F7C93-FollowerState: change to CANDIDATE, lastRpcTime:95ms, electionTimeout:95ms
2019-10-17 21:54:55,809 [Thread-1290] INFO  impl.RoleInfo (RoleInfo.java:shutdownFollowerState(121)) - d6dfcdd7-fc6e-4b51-b91e-b64503dadc5e: shutdown FollowerState
2019-10-17 21:54:55,809 [Thread-1290] INFO  impl.RaftServerImpl (RaftServerImpl.java:setRole(184)) - d6dfcdd7-fc6e-4b51-b91e-b64503dadc5e@group-F967393F7C93: changes role from  FOLLOWER to CANDIDATE at term 102 for changeToCandidate
2019-10-17 21:54:55,809 [Thread-1290] INFO  impl.RoleInfo (RoleInfo.java:updateAndGet(143)) - d6dfcdd7-fc6e-4b51-b91e-b64503dadc5e: start LeaderElection
2019-10-17 21:54:55,831 [d6dfcdd7-fc6e-4b51-b91e-b64503dadc5e@group-F967393F7C93-LeaderElection114] INFO  impl.LeaderElection (LeaderElection.java:askForVotes(178)) - d6dfcdd7-fc6e-4b51-b91e-b64503dadc5e@group-F967393F7C93-LeaderElection114: begin an election at term 103 for -1: [08d4cbaa-ffed-4411-a5fd-c4a38026aead:192.168.157.223:33910, da15dfee-23f0-4dc4-ad77-c00156c49cfa:192.168.157.223:42172, d6dfcdd7-fc6e-4b51-b91e-b64503dadc5e:192.168.157.223:43575], old=null
2019-10-17 21:54:55,834 [grpc-default-executor-9] INFO  impl.RaftServerImpl (RaftServerImpl.java:setRole(184)) - 08d4cbaa-ffed-4411-a5fd-c4a38026aead@group-F967393F7C93: changes role from  FOLLOWER to FOLLOWER at term 103 for recognizeCandidate:d6dfcdd7-fc6e-4b51-b91e-b64503dadc5e
2019-10-17 21:54:55,834 [grpc-default-executor-12] INFO  impl.RaftServerImpl (RaftServerImpl.java:setRole(184)) - da15dfee-23f0-4dc4-ad77-c00156c49cfa@group-F967393F7C93: changes role from  FOLLOWER to FOLLOWER at term 103 for recognizeCandidate:d6dfcdd7-fc6e-4b51-b91e-b64503dadc5e
2019-10-17 21:54:55,834 [grpc-default-executor-9] INFO  impl.RoleInfo (RoleInfo.java:shutdownFollowerState(121)) - 08d4cbaa-ffed-4411-a5fd-c4a38026aead: shutdown FollowerState
2019-10-17 21:54:55,834 [grpc-default-executor-12] INFO  impl.RoleInfo (RoleInfo.java:shutdownFollowerState(121)) - da15dfee-23f0-4dc4-ad77-c00156c49cfa: shutdown FollowerState
2019-10-17 21:54:55,834 [Thread-1289] INFO  impl.FollowerState (FollowerState.java:run(117)) - 08d4cbaa-ffed-4411-a5fd-c4a38026aead@group-F967393F7C93-FollowerState was interrupted: java.lang.InterruptedException: sleep interrupted
2019-10-17 21:54:55,834 [grpc-default-executor-9] INFO  impl.RoleInfo (RoleInfo.java:updateAndGet(143)) - 08d4cbaa-ffed-4411-a5fd-c4a38026aead: start FollowerState
2019-10-17 21:54:55,834 [Thread-1288] INFO  impl.FollowerState (FollowerState.java:run(117)) - da15dfee-23f0-4dc4-ad77-c00156c49cfa@group-F967393F7C93-FollowerState was interrupted: java.lang.InterruptedException: sleep interrupted
2019-10-17 21:54:55,834 [grpc-default-executor-12] INFO  impl.RoleInfo (RoleInfo.java:updateAndGet(143)) - da15dfee-23f0-4dc4-ad77-c00156c49cfa: start FollowerState
2019-10-17 21:54:55,849 [d6dfcdd7-fc6e-4b51-b91e-b64503dadc5e@group-F967393F7C93-LeaderElection114] INFO  impl.LeaderElection (LeaderElection.java:logAndReturn(56)) - d6dfcdd7-fc6e-4b51-b91e-b64503dadc5e@group-F967393F7C93-LeaderElection114: Election REJECTED; received 2 response(s) [d6dfcdd7-fc6e-4b51-b91e-b64503dadc5e<-08d4cbaa-ffed-4411-a5fd-c4a38026aead#0:FAIL-t103, d6dfcdd7-fc6e-4b51-b91e-b64503dadc5e<-da15dfee-23f0-4dc4-ad77-c00156c49cfa#0:FAIL-t103] and 0 exception(s); d6dfcdd7-fc6e-4b51-b91e-b64503dadc5e@group-F967393F7C93:t103, leader=null, voted=d6dfcdd7-fc6e-4b51-b91e-b64503dadc5e, raftlog=d6dfcdd7-fc6e-4b51-b91e-b64503dadc5e@group-F967393F7C93-SegmentedRaftLog:OPENED:c-1,f-1,i0, conf=-1: [08d4cbaa-ffed-4411-a5fd-c4a38026aead:192.168.157.223:33910, da15dfee-23f0-4dc4-ad77-c00156c49cfa:192.168.157.223:42172, d6dfcdd7-fc6e-4b51-b91e-b64503dadc5e:192.168.157.223:43575], old=null
2019-10-17 21:54:55,849 [d6dfcdd7-fc6e-4b51-b91e-b64503dadc5e@group-F967393F7C93-LeaderElection114] INFO  impl.RaftServerImpl (RaftServerImpl.java:setRole(184)) - d6dfcdd7-fc6e-4b51-b91e-b64503dadc5e@group-F967393F7C93: changes role from CANDIDATE to FOLLOWER at term 103 for DISCOVERED_A_NEW_TERM
2019-10-17 21:54:55,849 [d6dfcdd7-fc6e-4b51-b91e-b64503dadc5e@group-F967393F7C93-LeaderElection114] INFO  impl.RoleInfo (RoleInfo.java:shutdownLeaderElection(134)) - d6dfcdd7-fc6e-4b51-b91e-b64503dadc5e: shutdown LeaderElection
2019-10-17 21:54:55,850 [d6dfcdd7-fc6e-4b51-b91e-b64503dadc5e@group-F967393F7C93-LeaderElection114] INFO  impl.RoleInfo (RoleInfo.java:updateAndGet(143)) - d6dfcdd7-fc6e-4b51-b91e-b64503dadc5e: start FollowerState
2019-10-17 21:54:55,962 [Thread-1300] INFO  impl.FollowerState (FollowerState.java:run(108)) - d6dfcdd7-fc6e-4b51-b91e-b64503dadc5e@group-F967393F7C93-FollowerState: change to CANDIDATE, lastRpcTime:112ms, electionTimeout:112ms
2019-10-17 21:54:55,962 [Thread-1300] INFO  impl.RoleInfo (RoleInfo.java:shutdownFollowerState(121)) - d6dfcdd7-fc6e-4b51-b91e-b64503dadc5e: shutdown FollowerState
2019-10-17 21:54:55,963 [Thread-1300] INFO  impl.RaftServerImpl (RaftServerImpl.java:setRole(184)) - d6dfcdd7-fc6e-4b51-b91e-b64503dadc5e@group-F967393F7C93: changes role from  FOLLOWER to CANDIDATE at term 103 for changeToCandidate
2019-10-17 21:54:55,963 [Thread-1300] INFO  impl.RoleInfo (RoleInfo.java:updateAndGet(143)) - d6dfcdd7-fc6e-4b51-b91e-b64503dadc5e: start LeaderElection
2019-10-17 21:54:55,976 [d6dfcdd7-fc6e-4b51-b91e-b64503dadc5e@group-F967393F7C93-LeaderElection115] INFO  impl.LeaderElection (LeaderElection.java:askForVotes(178)) - d6dfcdd7-fc6e-4b51-b91e-b64503dadc5e@group-F967393F7C93-LeaderElection115: begin an election at term 104 for -1: [08d4cbaa-ffed-4411-a5fd-c4a38026aead:192.168.157.223:33910, da15dfee-23f0-4dc4-ad77-c00156c49cfa:192.168.157.223:42172, d6dfcdd7-fc6e-4b51-b91e-b64503dadc5e:192.168.157.223:43575], old=null
2019-10-17 21:54:55,978 [grpc-default-executor-9] INFO  impl.RaftServerImpl (RaftServerImpl.java:setRole(184)) - 08d4cbaa-ffed-4411-a5fd-c4a38026aead@group-F967393F7C93: changes role from  FOLLOWER to FOLLOWER at term 104 for recognizeCandidate:d6dfcdd7-fc6e-4b51-b91e-b64503dadc5e
2019-10-17 21:54:55,978 [grpc-default-executor-12] INFO  impl.RaftServerImpl (RaftServerImpl.java:setRole(184)) - da15dfee-23f0-4dc4-ad77-c00156c49cfa@group-F967393F7C93: changes role from  FOLLOWER to FOLLOWER at term 104 for recognizeCandidate:d6dfcdd7-fc6e-4b51-b91e-b64503dadc5e
2019-10-17 21:54:55,978 [grpc-default-executor-9] INFO  impl.RoleInfo (RoleInfo.java:shutdownFollowerState(121)) - 08d4cbaa-ffed-4411-a5fd-c4a38026aead: shutdown FollowerState
2019-10-17 21:54:55,979 [grpc-default-executor-12] INFO  impl.RoleInfo (RoleInfo.java:shutdownFollowerState(121)) - da15dfee-23f0-4dc4-ad77-c00156c49cfa: shutdown FollowerState
2019-10-17 21:54:55,979 [Thread-1298] INFO  impl.FollowerState (FollowerState.java:run(117)) - 08d4cbaa-ffed-4411-a5fd-c4a38026aead@group-F967393F7C93-FollowerState was interrupted: java.lang.InterruptedException: sleep interrupted
2019-10-17 21:54:55,979 [grpc-default-executor-9] INFO  impl.RoleInfo (RoleInfo.java:updateAndGet(143)) - 08d4cbaa-ffed-4411-a5fd-c4a38026aead: start FollowerState
2019-10-17 21:54:55,979 [Thread-1299] INFO  impl.FollowerState (FollowerState.java:run(117)) - da15dfee-23f0-4dc4-ad77-c00156c49cfa@group-F967393F7C93-FollowerState was interrupted: java.lang.InterruptedException: sleep interrupted
2019-10-17 21:54:55,979 [grpc-default-executor-12] INFO  impl.RoleInfo (RoleInfo.java:updateAndGet(143)) - da15dfee-23f0-4dc4-ad77-c00156c49cfa: start FollowerState
2019-10-17 21:54:55,995 [d6dfcdd7-fc6e-4b51-b91e-b64503dadc5e@group-F967393F7C93-LeaderElection115] INFO  impl.LeaderElection (LeaderElection.java:logAndReturn(56)) - d6dfcdd7-fc6e-4b51-b91e-b64503dadc5e@group-F967393F7C93-LeaderElection115: Election REJECTED; received 2 response(s) [d6dfcdd7-fc6e-4b51-b91e-b64503dadc5e<-08d4cbaa-ffed-4411-a5fd-c4a38026aead#0:FAIL-t104, d6dfcdd7-fc6e-4b51-b91e-b64503dadc5e<-da15dfee-23f0-4dc4-ad77-c00156c49cfa#0:FAIL-t104] and 0 exception(s); d6dfcdd7-fc6e-4b51-b91e-b64503dadc5e@group-F967393F7C93:t104, leader=null, voted=d6dfcdd7-fc6e-4b51-b91e-b64503dadc5e, raftlog=d6dfcdd7-fc6e-4b51-b91e-b64503dadc5e@group-F967393F7C93-SegmentedRaftLog:OPENED:c-1,f-1,i0, conf=-1: [08d4cbaa-ffed-4411-a5fd-c4a38026aead:192.168.157.223:33910, da15dfee-23f0-4dc4-ad77-c00156c49cfa:192.168.157.223:42172, d6dfcdd7-fc6e-4b51-b91e-b64503dadc5e:192.168.157.223:43575], old=null
2019-10-17 21:54:55,995 [d6dfcdd7-fc6e-4b51-b91e-b64503dadc5e@group-F967393F7C93-LeaderElection115] INFO  impl.RaftServerImpl (RaftServerImpl.java:setRole(184)) - d6dfcdd7-fc6e-4b51-b91e-b64503dadc5e@group-F967393F7C93: changes role from CANDIDATE to FOLLOWER at term 104 for DISCOVERED_A_NEW_TERM
2019-10-17 21:54:55,995 [d6dfcdd7-fc6e-4b51-b91e-b64503dadc5e@group-F967393F7C93-LeaderElection115] INFO  impl.RoleInfo (RoleInfo.java:shutdownLeaderElection(134)) - d6dfcdd7-fc6e-4b51-b91e-b64503dadc5e: shutdown LeaderElection
2019-10-17 21:54:55,995 [d6dfcdd7-fc6e-4b51-b91e-b64503dadc5e@group-F967393F7C93-LeaderElection115] INFO  impl.RoleInfo (RoleInfo.java:updateAndGet(143)) - d6dfcdd7-fc6e-4b51-b91e-b64503dadc5e: start FollowerState
2019-10-17 21:54:56,074 [Thread-1306] INFO  impl.FollowerState (FollowerState.java:run(108)) - d6dfcdd7-fc6e-4b51-b91e-b64503dadc5e@group-F967393F7C93-FollowerState: change to CANDIDATE, lastRpcTime:78ms, electionTimeout:78ms
2019-10-17 21:54:56,074 [Thread-1306] INFO  impl.RoleInfo (RoleInfo.java:shutdownFollowerState(121)) - d6dfcdd7-fc6e-4b51-b91e-b64503dadc5e: shutdown FollowerState
2019-10-17 21:54:56,074 [Thread-1306] INFO  impl.RaftServerImpl (RaftServerImpl.java:setRole(184)) - d6dfcdd7-fc6e-4b51-b91e-b64503dadc5e@group-F967393F7C93: changes role from  FOLLOWER to CANDIDATE at term 104 for changeToCandidate
2019-10-17 21:54:56,074 [Thread-1306] INFO  impl.RoleInfo (RoleInfo.java:updateAndGet(143)) - d6dfcdd7-fc6e-4b51-b91e-b64503dadc5e: start LeaderElection
2019-10-17 21:54:56,088 [d6dfcdd7-fc6e-4b51-b91e-b64503dadc5e@group-F967393F7C93-LeaderElection116] INFO  impl.LeaderElection (LeaderElection.java:askForVotes(178)) - d6dfcdd7-fc6e-4b51-b91e-b64503dadc5e@group-F967393F7C93-LeaderElection116: begin an election at term 105 for -1: [08d4cbaa-ffed-4411-a5fd-c4a38026aead:192.168.157.223:33910, da15dfee-23f0-4dc4-ad77-c00156c49cfa:192.168.157.223:42172, d6dfcdd7-fc6e-4b51-b91e-b64503dadc5e:192.168.157.223:43575], old=null
2019-10-17 21:54:56,090 [grpc-default-executor-9] INFO  impl.RaftServerImpl (RaftServerImpl.java:setRole(184)) - 08d4cbaa-ffed-4411-a5fd-c4a38026aead@group-F967393F7C93: changes role from  FOLLOWER to FOLLOWER at term 105 for recognizeCandidate:d6dfcdd7-fc6e-4b51-b91e-b64503dadc5e
2019-10-17 21:54:56,090 [grpc-default-executor-12] INFO  impl.RaftServerImpl (RaftServerImpl.java:setRole(184)) - da15dfee-23f0-4dc4-ad77-c00156c49cfa@group-F967393F7C93: changes role from  FOLLOWER to FOLLOWER at term 105 for recognizeCandidate:d6dfcdd7-fc6e-4b51-b91e-b64503dadc5e
2019-10-17 21:54:56,090 [grpc-default-executor-9] INFO  impl.RoleInfo (RoleInfo.java:shutdownFollowerState(121)) - 08d4cbaa-ffed-4411-a5fd-c4a38026aead: shutdown FollowerState
2019-10-17 21:54:56,091 [grpc-default-executor-12] INFO  impl.RoleInfo (RoleInfo.java:shutdownFollowerState(121)) - da15dfee-23f0-4dc4-ad77-c00156c49cfa: shutdown FollowerState
2019-10-17 21:54:56,091 [Thread-1304] INFO  impl.FollowerState (FollowerState.java:run(117)) - 08d4cbaa-ffed-4411-a5fd-c4a38026aead@group-F967393F7C93-FollowerState was interrupted: java.lang.InterruptedException: sleep interrupted
2019-10-17 21:54:56,091 [grpc-default-executor-9] INFO  impl.RoleInfo (RoleInfo.java:updateAndGet(143)) - 08d4cbaa-ffed-4411-a5fd-c4a38026aead: start FollowerState
2019-10-17 21:54:56,091 [Thread-1305] INFO  impl.FollowerState (FollowerState.java:run(117)) - da15dfee-23f0-4dc4-ad77-c00156c49cfa@group-F967393F7C93-FollowerState was interrupted: java.lang.InterruptedException: sleep interrupted
2019-10-17 21:54:56,091 [grpc-default-executor-12] INFO  impl.RoleInfo (RoleInfo.java:updateAndGet(143)) - da15dfee-23f0-4dc4-ad77-c00156c49cfa: start FollowerState
2019-10-17 21:54:56,106 [d6dfcdd7-fc6e-4b51-b91e-b64503dadc5e@group-F967393F7C93-LeaderElection116] INFO  impl.LeaderElection (LeaderElection.java:logAndReturn(56)) - d6dfcdd7-fc6e-4b51-b91e-b64503dadc5e@group-F967393F7C93-LeaderElection116: Election REJECTED; received 2 response(s) [d6dfcdd7-fc6e-4b51-b91e-b64503dadc5e<-08d4cbaa-ffed-4411-a5fd-c4a38026aead#0:FAIL-t105, d6dfcdd7-fc6e-4b51-b91e-b64503dadc5e<-da15dfee-23f0-4dc4-ad77-c00156c49cfa#0:FAIL-t105] and 0 exception(s); d6dfcdd7-fc6e-4b51-b91e-b64503dadc5e@group-F967393F7C93:t105, leader=null, voted=d6dfcdd7-fc6e-4b51-b91e-b64503dadc5e, raftlog=d6dfcdd7-fc6e-4b51-b91e-b64503dadc5e@group-F967393F7C93-SegmentedRaftLog:OPENED:c-1,f-1,i0, conf=-1: [08d4cbaa-ffed-4411-a5fd-c4a38026aead:192.168.157.223:33910, da15dfee-23f0-4dc4-ad77-c00156c49cfa:192.168.157.223:42172, d6dfcdd7-fc6e-4b51-b91e-b64503dadc5e:192.168.157.223:43575], old=null
2019-10-17 21:54:56,106 [d6dfcdd7-fc6e-4b51-b91e-b64503dadc5e@group-F967393F7C93-LeaderElection116] INFO  impl.RaftServerImpl (RaftServerImpl.java:setRole(184)) - d6dfcdd7-fc6e-4b51-b91e-b64503dadc5e@group-F967393F7C93: changes role from CANDIDATE to FOLLOWER at term 105 for DISCOVERED_A_NEW_TERM
2019-10-17 21:54:56,106 [d6dfcdd7-fc6e-4b51-b91e-b64503dadc5e@group-F967393F7C93-LeaderElection116] INFO  impl.RoleInfo (RoleInfo.java:shutdownLeaderElection(134)) - d6dfcdd7-fc6e-4b51-b91e-b64503dadc5e: shutdown LeaderElection
2019-10-17 21:54:56,106 [d6dfcdd7-fc6e-4b51-b91e-b64503dadc5e@group-F967393F7C93-LeaderElection116] INFO  impl.RoleInfo (RoleInfo.java:updateAndGet(143)) - d6dfcdd7-fc6e-4b51-b91e-b64503dadc5e: start FollowerState
2019-10-17 21:54:56,259 [Thread-1312] INFO  impl.FollowerState (FollowerState.java:run(108)) - d6dfcdd7-fc6e-4b51-b91e-b64503dadc5e@group-F967393F7C93-FollowerState: change to CANDIDATE, lastRpcTime:152ms, electionTimeout:152ms
2019-10-17 21:54:56,259 [Thread-1312] INFO  impl.RoleInfo (RoleInfo.java:shutdownFollowerState(121)) - d6dfcdd7-fc6e-4b51-b91e-b64503dadc5e: shutdown FollowerState
2019-10-17 21:54:56,259 [Thread-1312] INFO  impl.RaftServerImpl (RaftServerImpl.java:setRole(184)) - d6dfcdd7-fc6e-4b51-b91e-b64503dadc5e@group-F967393F7C93: changes role from  FOLLOWER to CANDIDATE at term 105 for changeToCandidate
2019-10-17 21:54:56,259 [Thread-1312] INFO  impl.RoleInfo (RoleInfo.java:updateAndGet(143)) - d6dfcdd7-fc6e-4b51-b91e-b64503dadc5e: start LeaderElection
2019-10-17 21:54:56,273 [d6dfcdd7-fc6e-4b51-b91e-b64503dadc5e@group-F967393F7C93-LeaderElection117] INFO  impl.LeaderElection (LeaderElection.java:askForVotes(178)) - d6dfcdd7-fc6e-4b51-b91e-b64503dadc5e@group-F967393F7C93-LeaderElection117: begin an election at term 106 for -1: [08d4cbaa-ffed-4411-a5fd-c4a38026aead:192.168.157.223:33910, da15dfee-23f0-4dc4-ad77-c00156c49cfa:192.168.157.223:42172, d6dfcdd7-fc6e-4b51-b91e-b64503dadc5e:192.168.157.223:43575], old=null
2019-10-17 21:54:56,275 [grpc-default-executor-12] INFO  impl.RaftServerImpl (RaftServerImpl.java:setRole(184)) - 08d4cbaa-ffed-4411-a5fd-c4a38026aead@group-F967393F7C93: changes role from  FOLLOWER to FOLLOWER at term 106 for recognizeCandidate:d6dfcdd7-fc6e-4b51-b91e-b64503dadc5e
2019-10-17 21:54:56,275 [grpc-default-executor-12] INFO  impl.RoleInfo (RoleInfo.java:shutdownFollowerState(121)) - 08d4cbaa-ffed-4411-a5fd-c4a38026aead: shutdown FollowerState
2019-10-17 21:54:56,275 [grpc-default-executor-9] INFO  impl.RaftServerImpl (RaftServerImpl.java:setRole(184)) - da15dfee-23f0-4dc4-ad77-c00156c49cfa@group-F967393F7C93: changes role from  FOLLOWER to FOLLOWER at term 106 for recognizeCandidate:d6dfcdd7-fc6e-4b51-b91e-b64503dadc5e
2019-10-17 21:54:56,275 [grpc-default-executor-9] INFO  impl.RoleInfo (RoleInfo.java:shutdownFollowerState(121)) - da15dfee-23f0-4dc4-ad77-c00156c49cfa: shutdown FollowerState
2019-10-17 21:54:56,275 [grpc-default-executor-12] INFO  impl.RoleInfo (RoleInfo.java:updateAndGet(143)) - 08d4cbaa-ffed-4411-a5fd-c4a38026aead: start FollowerState
2019-10-17 21:54:56,275 [Thread-1310] INFO  impl.FollowerState (FollowerState.java:run(117)) - 08d4cbaa-ffed-4411-a5fd-c4a38026aead@group-F967393F7C93-FollowerState was interrupted: java.lang.InterruptedException: sleep interrupted
2019-10-17 21:54:56,275 [Thread-1311] INFO  impl.FollowerState (FollowerState.java:run(117)) - da15dfee-23f0-4dc4-ad77-c00156c49cfa@group-F967393F7C93-FollowerState was interrupted: java.lang.InterruptedException: sleep interrupted
2019-10-17 21:54:56,275 [grpc-default-executor-9] INFO  impl.RoleInfo (RoleInfo.java:updateAndGet(143)) - da15dfee-23f0-4dc4-ad77-c00156c49cfa: start FollowerState
2019-10-17 21:54:56,291 [d6dfcdd7-fc6e-4b51-b91e-b64503dadc5e@group-F967393F7C93-LeaderElection117] INFO  impl.LeaderElection (LeaderElection.java:logAndReturn(56)) - d6dfcdd7-fc6e-4b51-b91e-b64503dadc5e@group-F967393F7C93-LeaderElection117: Election REJECTED; received 2 response(s) [d6dfcdd7-fc6e-4b51-b91e-b64503dadc5e<-08d4cbaa-ffed-4411-a5fd-c4a38026aead#0:FAIL-t106, d6dfcdd7-fc6e-4b51-b91e-b64503dadc5e<-da15dfee-23f0-4dc4-ad77-c00156c49cfa#0:FAIL-t106] and 0 exception(s); d6dfcdd7-fc6e-4b51-b91e-b64503dadc5e@group-F967393F7C93:t106, leader=null, voted=d6dfcdd7-fc6e-4b51-b91e-b64503dadc5e, raftlog=d6dfcdd7-fc6e-4b51-b91e-b64503dadc5e@group-F967393F7C93-SegmentedRaftLog:OPENED:c-1,f-1,i0, conf=-1: [08d4cbaa-ffed-4411-a5fd-c4a38026aead:192.168.157.223:33910, da15dfee-23f0-4dc4-ad77-c00156c49cfa:192.168.157.223:42172, d6dfcdd7-fc6e-4b51-b91e-b64503dadc5e:192.168.157.223:43575], old=null
2019-10-17 21:54:56,292 [d6dfcdd7-fc6e-4b51-b91e-b64503dadc5e@group-F967393F7C93-LeaderElection117] INFO  impl.RaftServerImpl (RaftServerImpl.java:setRole(184)) - d6dfcdd7-fc6e-4b51-b91e-b64503dadc5e@group-F967393F7C93: changes role from CANDIDATE to FOLLOWER at term 106 for DISCOVERED_A_NEW_TERM
2019-10-17 21:54:56,292 [d6dfcdd7-fc6e-4b51-b91e-b64503dadc5e@group-F967393F7C93-LeaderElection117] INFO  impl.RoleInfo (RoleInfo.java:shutdownLeaderElection(134)) - d6dfcdd7-fc6e-4b51-b91e-b64503dadc5e: shutdown LeaderElection
2019-10-17 21:54:56,292 [d6dfcdd7-fc6e-4b51-b91e-b64503dadc5e@group-F967393F7C93-LeaderElection117] INFO  impl.RoleInfo (RoleInfo.java:updateAndGet(143)) - d6dfcdd7-fc6e-4b51-b91e-b64503dadc5e: start FollowerState
2019-10-17 21:54:56,393 [Thread-1322] INFO  impl.FollowerState (FollowerState.java:run(108)) - d6dfcdd7-fc6e-4b51-b91e-b64503dadc5e@group-F967393F7C93-FollowerState: change to CANDIDATE, lastRpcTime:101ms, electionTimeout:101ms
2019-10-17 21:54:56,393 [Thread-1322] INFO  impl.RoleInfo (RoleInfo.java:shutdownFollowerState(121)) - d6dfcdd7-fc6e-4b51-b91e-b64503dadc5e: shutdown FollowerState
2019-10-17 21:54:56,394 [Thread-1322] INFO  impl.RaftServerImpl (RaftServerImpl.java:setRole(184)) - d6dfcdd7-fc6e-4b51-b91e-b64503dadc5e@group-F967393F7C93: changes role from  FOLLOWER to CANDIDATE at term 106 for changeToCandidate
2019-10-17 21:54:56,394 [Thread-1322] INFO  impl.RoleInfo (RoleInfo.java:updateAndGet(143)) - d6dfcdd7-fc6e-4b51-b91e-b64503dadc5e: start LeaderElection
2019-10-17 21:54:56,407 [d6dfcdd7-fc6e-4b51-b91e-b64503dadc5e@group-F967393F7C93-LeaderElection118] INFO  impl.LeaderElection (LeaderElection.java:askForVotes(178)) - d6dfcdd7-fc6e-4b51-b91e-b64503dadc5e@group-F967393F7C93-LeaderElection118: begin an election at term 107 for -1: [08d4cbaa-ffed-4411-a5fd-c4a38026aead:192.168.157.223:33910, da15dfee-23f0-4dc4-ad77-c00156c49cfa:192.168.157.223:42172, d6dfcdd7-fc6e-4b51-b91e-b64503dadc5e:192.168.157.223:43575], old=null
2019-10-17 21:54:56,409 [grpc-default-executor-12] INFO  impl.RaftServerImpl (RaftServerImpl.java:setRole(184)) - 08d4cbaa-ffed-4411-a5fd-c4a38026aead@group-F967393F7C93: changes role from  FOLLOWER to FOLLOWER at term 107 for recognizeCandidate:d6dfcdd7-fc6e-4b51-b91e-b64503dadc5e
2019-10-17 21:54:56,409 [grpc-default-executor-12] INFO  impl.RoleInfo (RoleInfo.java:shutdownFollowerState(121)) - 08d4cbaa-ffed-4411-a5fd-c4a38026aead: shutdown FollowerState
2019-10-17 21:54:56,409 [grpc-default-executor-12] INFO  impl.RoleInfo (RoleInfo.java:updateAndGet(143)) - 08d4cbaa-ffed-4411-a5fd-c4a38026aead: start FollowerState
2019-10-17 21:54:56,409 [Thread-1318] INFO  impl.FollowerState (FollowerState.java:run(117)) - 08d4cbaa-ffed-4411-a5fd-c4a38026aead@group-F967393F7C93-FollowerState was interrupted: java.lang.InterruptedException: sleep interrupted
2019-10-17 21:54:56,409 [grpc-default-executor-9] INFO  impl.RaftServerImpl (RaftServerImpl.java:setRole(184)) - da15dfee-23f0-4dc4-ad77-c00156c49cfa@group-F967393F7C93: changes role from  FOLLOWER to FOLLOWER at term 107 for recognizeCandidate:d6dfcdd7-fc6e-4b51-b91e-b64503dadc5e
2019-10-17 21:54:56,410 [grpc-default-executor-9] INFO  impl.RoleInfo (RoleInfo.java:shutdownFollowerState(121)) - da15dfee-23f0-4dc4-ad77-c00156c49cfa: shutdown FollowerState
2019-10-17 21:54:56,410 [grpc-default-executor-9] INFO  impl.RoleInfo (RoleInfo.java:updateAndGet(143)) - da15dfee-23f0-4dc4-ad77-c00156c49cfa: start FollowerState
2019-10-17 21:54:56,410 [Thread-1320] INFO  impl.FollowerState (FollowerState.java:run(117)) - da15dfee-23f0-4dc4-ad77-c00156c49cfa@group-F967393F7C93-FollowerState was interrupted: java.lang.InterruptedException: sleep interrupted
2019-10-17 21:54:56,424 [d6dfcdd7-fc6e-4b51-b91e-b64503dadc5e@group-F967393F7C93-LeaderElection118] INFO  impl.LeaderElection (LeaderElection.java:logAndReturn(56)) - d6dfcdd7-fc6e-4b51-b91e-b64503dadc5e@group-F967393F7C93-LeaderElection118: Election REJECTED; received 2 response(s) [d6dfcdd7-fc6e-4b51-b91e-b64503dadc5e<-08d4cbaa-ffed-4411-a5fd-c4a38026aead#0:FAIL-t107, d6dfcdd7-fc6e-4b51-b91e-b64503dadc5e<-da15dfee-23f0-4dc4-ad77-c00156c49cfa#0:FAIL-t107] and 0 exception(s); d6dfcdd7-fc6e-4b51-b91e-b64503dadc5e@group-F967393F7C93:t107, leader=null, voted=d6dfcdd7-fc6e-4b51-b91e-b64503dadc5e, raftlog=d6dfcdd7-fc6e-4b51-b91e-b64503dadc5e@group-F967393F7C93-SegmentedRaftLog:OPENED:c-1,f-1,i0, conf=-1: [08d4cbaa-ffed-4411-a5fd-c4a38026aead:192.168.157.223:33910, da15dfee-23f0-4dc4-ad77-c00156c49cfa:192.168.157.223:42172, d6dfcdd7-fc6e-4b51-b91e-b64503dadc5e:192.168.157.223:43575], old=null
2019-10-17 21:54:56,424 [d6dfcdd7-fc6e-4b51-b91e-b64503dadc5e@group-F967393F7C93-LeaderElection118] INFO  impl.RaftServerImpl (RaftServerImpl.java:setRole(184)) - d6dfcdd7-fc6e-4b51-b91e-b64503dadc5e@group-F967393F7C93: changes role from CANDIDATE to FOLLOWER at term 107 for DISCOVERED_A_NEW_TERM
2019-10-17 21:54:56,424 [d6dfcdd7-fc6e-4b51-b91e-b64503dadc5e@group-F967393F7C93-LeaderElection118] INFO  impl.RoleInfo (RoleInfo.java:shutdownLeaderElection(134)) - d6dfcdd7-fc6e-4b51-b91e-b64503dadc5e: shutdown LeaderElection
2019-10-17 21:54:56,424 [d6dfcdd7-fc6e-4b51-b91e-b64503dadc5e@group-F967393F7C93-LeaderElection118] INFO  impl.RoleInfo (RoleInfo.java:updateAndGet(143)) - d6dfcdd7-fc6e-4b51-b91e-b64503dadc5e: start FollowerState
2019-10-17 21:54:56,434 [Thread-1328] INFO  impl.FollowerState (FollowerState.java:run(108)) - d6dfcdd7-fc6e-4b51-b91e-b64503dadc5e@group-F967393F7C93-FollowerState: change to CANDIDATE, lastRpcTime:9ms, electionTimeout:9ms
2019-10-17 21:54:56,434 [Thread-1328] INFO  impl.RoleInfo (RoleInfo.java:shutdownFollowerState(121)) - d6dfcdd7-fc6e-4b51-b91e-b64503dadc5e: shutdown FollowerState
2019-10-17 21:54:56,434 [Thread-1328] INFO  impl.RaftServerImpl (RaftServerImpl.java:setRole(184)) - d6dfcdd7-fc6e-4b51-b91e-b64503dadc5e@group-F967393F7C93: changes role from  FOLLOWER to CANDIDATE at term 107 for changeToCandidate
2019-10-17 21:54:56,434 [Thread-1328] INFO  impl.RoleInfo (RoleInfo.java:updateAndGet(143)) - d6dfcdd7-fc6e-4b51-b91e-b64503dadc5e: start LeaderElection
2019-10-17 21:54:56,447 [d6dfcdd7-fc6e-4b51-b91e-b64503dadc5e@group-F967393F7C93-LeaderElection119] INFO  impl.LeaderElection (LeaderElection.java:askForVotes(178)) - d6dfcdd7-fc6e-4b51-b91e-b64503dadc5e@group-F967393F7C93-LeaderElection119: begin an election at term 108 for -1: [08d4cbaa-ffed-4411-a5fd-c4a38026aead:192.168.157.223:33910, da15dfee-23f0-4dc4-ad77-c00156c49cfa:192.168.157.223:42172, d6dfcdd7-fc6e-4b51-b91e-b64503dadc5e:192.168.157.223:43575], old=null
2019-10-17 21:54:56,449 [grpc-default-executor-9] INFO  impl.RaftServerImpl (RaftServerImpl.java:setRole(184)) - 08d4cbaa-ffed-4411-a5fd-c4a38026aead@group-F967393F7C93: changes role from  FOLLOWER to FOLLOWER at term 108 for recognizeCandidate:d6dfcdd7-fc6e-4b51-b91e-b64503dadc5e
2019-10-17 21:54:56,449 [grpc-default-executor-9] INFO  impl.RoleInfo (RoleInfo.java:shutdownFollowerState(121)) - 08d4cbaa-ffed-4411-a5fd-c4a38026aead: shutdown FollowerState
2019-10-17 21:54:56,449 [grpc-default-executor-12] INFO  impl.RaftServerImpl (RaftServerImpl.java:setRole(184)) - da15dfee-23f0-4dc4-ad77-c00156c49cfa@group-F967393F7C93: changes role from  FOLLOWER to FOLLOWER at term 108 for recognizeCandidate:d6dfcdd7-fc6e-4b51-b91e-b64503dadc5e
2019-10-17 21:54:56,449 [Thread-1326] INFO  impl.FollowerState (FollowerState.java:run(117)) - 08d4cbaa-ffed-4411-a5fd-c4a38026aead@group-F967393F7C93-FollowerState was interrupted: java.lang.InterruptedException: sleep interrupted
2019-10-17 21:54:56,449 [grpc-default-executor-9] INFO  impl.RoleInfo (RoleInfo.java:updateAndGet(143)) - 08d4cbaa-ffed-4411-a5fd-c4a38026aead: start FollowerState
2019-10-17 21:54:56,449 [grpc-default-executor-12] INFO  impl.RoleInfo (RoleInfo.java:shutdownFollowerState(121)) - da15dfee-23f0-4dc4-ad77-c00156c49cfa: shutdown FollowerState
2019-10-17 21:54:56,450 [grpc-default-executor-12] INFO  impl.RoleInfo (RoleInfo.java:updateAndGet(143)) - da15dfee-23f0-4dc4-ad77-c00156c49cfa: start FollowerState
2019-10-17 21:54:56,450 [Thread-1327] INFO  impl.FollowerState (FollowerState.java:run(117)) - da15dfee-23f0-4dc4-ad77-c00156c49cfa@group-F967393F7C93-FollowerState was interrupted: java.lang.InterruptedException: sleep interrupted
2019-10-17 21:54:56,464 [d6dfcdd7-fc6e-4b51-b91e-b64503dadc5e@group-F967393F7C93-LeaderElection119] INFO  impl.LeaderElection (LeaderElection.java:logAndReturn(56)) - d6dfcdd7-fc6e-4b51-b91e-b64503dadc5e@group-F967393F7C93-LeaderElection119: Election REJECTED; received 2 response(s) [d6dfcdd7-fc6e-4b51-b91e-b64503dadc5e<-08d4cbaa-ffed-4411-a5fd-c4a38026aead#0:FAIL-t108, d6dfcdd7-fc6e-4b51-b91e-b64503dadc5e<-da15dfee-23f0-4dc4-ad77-c00156c49cfa#0:FAIL-t108] and 0 exception(s); d6dfcdd7-fc6e-4b51-b91e-b64503dadc5e@group-F967393F7C93:t108, leader=null, voted=d6dfcdd7-fc6e-4b51-b91e-b64503dadc5e, raftlog=d6dfcdd7-fc6e-4b51-b91e-b64503dadc5e@group-F967393F7C93-SegmentedRaftLog:OPENED:c-1,f-1,i0, conf=-1: [08d4cbaa-ffed-4411-a5fd-c4a38026aead:192.168.157.223:33910, da15dfee-23f0-4dc4-ad77-c00156c49cfa:192.168.157.223:42172, d6dfcdd7-fc6e-4b51-b91e-b64503dadc5e:192.168.157.223:43575], old=null
2019-10-17 21:54:56,464 [d6dfcdd7-fc6e-4b51-b91e-b64503dadc5e@group-F967393F7C93-LeaderElection119] INFO  impl.RaftServerImpl (RaftServerImpl.java:setRole(184)) - d6dfcdd7-fc6e-4b51-b91e-b64503dadc5e@group-F967393F7C93: changes role from CANDIDATE to FOLLOWER at term 108 for DISCOVERED_A_NEW_TERM
2019-10-17 21:54:56,464 [d6dfcdd7-fc6e-4b51-b91e-b64503dadc5e@group-F967393F7C93-LeaderElection119] INFO  impl.RoleInfo (RoleInfo.java:shutdownLeaderElection(134)) - d6dfcdd7-fc6e-4b51-b91e-b64503dadc5e: shutdown LeaderElection
2019-10-17 21:54:56,464 [d6dfcdd7-fc6e-4b51-b91e-b64503dadc5e@group-F967393F7C93-LeaderElection119] INFO  impl.RoleInfo (RoleInfo.java:updateAndGet(143)) - d6dfcdd7-fc6e-4b51-b91e-b64503dadc5e: start FollowerState
2019-10-17 21:54:56,630 [Thread-1334] INFO  impl.FollowerState (FollowerState.java:run(108)) - d6dfcdd7-fc6e-4b51-b91e-b64503dadc5e@group-F967393F7C93-FollowerState: change to CANDIDATE, lastRpcTime:165ms, electionTimeout:165ms
2019-10-17 21:54:56,630 [Thread-1334] INFO  impl.RoleInfo (RoleInfo.java:shutdownFollowerState(121)) - d6dfcdd7-fc6e-4b51-b91e-b64503dadc5e: shutdown FollowerState
2019-10-17 21:54:56,630 [Thread-1334] INFO  impl.RaftServerImpl (RaftServerImpl.java:setRole(184)) - d6dfcdd7-fc6e-4b51-b91e-b64503dadc5e@group-F967393F7C93: changes role from  FOLLOWER to CANDIDATE at term 108 for changeToCandidate
2019-10-17 21:54:56,630 [Thread-1334] INFO  impl.RoleInfo (RoleInfo.java:updateAndGet(143)) - d6dfcdd7-fc6e-4b51-b91e-b64503dadc5e: start LeaderElection
2019-10-17 21:54:56,643 [d6dfcdd7-fc6e-4b51-b91e-b64503dadc5e@group-F967393F7C93-LeaderElection120] INFO  impl.LeaderElection (LeaderElection.java:askForVotes(178)) - d6dfcdd7-fc6e-4b51-b91e-b64503dadc5e@group-F967393F7C93-LeaderElection120: begin an election at term 109 for -1: [08d4cbaa-ffed-4411-a5fd-c4a38026aead:192.168.157.223:33910, da15dfee-23f0-4dc4-ad77-c00156c49cfa:192.168.157.223:42172, d6dfcdd7-fc6e-4b51-b91e-b64503dadc5e:192.168.157.223:43575], old=null
2019-10-17 21:54:56,646 [grpc-default-executor-9] INFO  impl.RaftServerImpl (RaftServerImpl.java:setRole(184)) - 08d4cbaa-ffed-4411-a5fd-c4a38026aead@group-F967393F7C93: changes role from  FOLLOWER to FOLLOWER at term 109 for recognizeCandidate:d6dfcdd7-fc6e-4b51-b91e-b64503dadc5e
2019-10-17 21:54:56,646 [grpc-default-executor-9] INFO  impl.RoleInfo (RoleInfo.java:shutdownFollowerState(121)) - 08d4cbaa-ffed-4411-a5fd-c4a38026aead: shutdown FollowerState
2019-10-17 21:54:56,646 [grpc-default-executor-12] INFO  impl.RaftServerImpl (RaftServerImpl.java:setRole(184)) - da15dfee-23f0-4dc4-ad77-c00156c49cfa@group-F967393F7C93: changes role from  FOLLOWER to FOLLOWER at term 109 for recognizeCandidate:d6dfcdd7-fc6e-4b51-b91e-b64503dadc5e
2019-10-17 21:54:56,646 [grpc-default-executor-9] INFO  impl.RoleInfo (RoleInfo.java:updateAndGet(143)) - 08d4cbaa-ffed-4411-a5fd-c4a38026aead: start FollowerState
2019-10-17 21:54:56,646 [Thread-1332] INFO  impl.FollowerState (FollowerState.java:run(117)) - 08d4cbaa-ffed-4411-a5fd-c4a38026aead@group-F967393F7C93-FollowerState was interrupted: java.lang.InterruptedException: sleep interrupted
2019-10-17 21:54:56,646 [grpc-default-executor-12] INFO  impl.RoleInfo (RoleInfo.java:shutdownFollowerState(121)) - da15dfee-23f0-4dc4-ad77-c00156c49cfa: shutdown FollowerState
2019-10-17 21:54:56,647 [grpc-default-executor-12] INFO  impl.RoleInfo (RoleInfo.java:updateAndGet(143)) - da15dfee-23f0-4dc4-ad77-c00156c49cfa: start FollowerState
2019-10-17 21:54:56,647 [Thread-1333] INFO  impl.FollowerState (FollowerState.java:run(117)) - da15dfee-23f0-4dc4-ad77-c00156c49cfa@group-F967393F7C93-FollowerState was interrupted: java.lang.InterruptedException: sleep interrupted
2019-10-17 21:54:56,661 [d6dfcdd7-fc6e-4b51-b91e-b64503dadc5e@group-F967393F7C93-LeaderElection120] INFO  impl.LeaderElection (LeaderElection.java:logAndReturn(56)) - d6dfcdd7-fc6e-4b51-b91e-b64503dadc5e@group-F967393F7C93-LeaderElection120: Election REJECTED; received 2 response(s) [d6dfcdd7-fc6e-4b51-b91e-b64503dadc5e<-08d4cbaa-ffed-4411-a5fd-c4a38026aead#0:FAIL-t109, d6dfcdd7-fc6e-4b51-b91e-b64503dadc5e<-da15dfee-23f0-4dc4-ad77-c00156c49cfa#0:FAIL-t109] and 0 exception(s); d6dfcdd7-fc6e-4b51-b91e-b64503dadc5e@group-F967393F7C93:t109, leader=null, voted=d6dfcdd7-fc6e-4b51-b91e-b64503dadc5e, raftlog=d6dfcdd7-fc6e-4b51-b91e-b64503dadc5e@group-F967393F7C93-SegmentedRaftLog:OPENED:c-1,f-1,i0, conf=-1: [08d4cbaa-ffed-4411-a5fd-c4a38026aead:192.168.157.223:33910, da15dfee-23f0-4dc4-ad77-c00156c49cfa:192.168.157.223:42172, d6dfcdd7-fc6e-4b51-b91e-b64503dadc5e:192.168.157.223:43575], old=null
2019-10-17 21:54:56,661 [d6dfcdd7-fc6e-4b51-b91e-b64503dadc5e@group-F967393F7C93-LeaderElection120] INFO  impl.RaftServerImpl (RaftServerImpl.java:setRole(184)) - d6dfcdd7-fc6e-4b51-b91e-b64503dadc5e@group-F967393F7C93: changes role from CANDIDATE to FOLLOWER at term 109 for DISCOVERED_A_NEW_TERM
2019-10-17 21:54:56,662 [d6dfcdd7-fc6e-4b51-b91e-b64503dadc5e@group-F967393F7C93-LeaderElection120] INFO  impl.RoleInfo (RoleInfo.java:shutdownLeaderElection(134)) - d6dfcdd7-fc6e-4b51-b91e-b64503dadc5e: shutdown LeaderElection
2019-10-17 21:54:56,662 [d6dfcdd7-fc6e-4b51-b91e-b64503dadc5e@group-F967393F7C93-LeaderElection120] INFO  impl.RoleInfo (RoleInfo.java:updateAndGet(143)) - d6dfcdd7-fc6e-4b51-b91e-b64503dadc5e: start FollowerState
2019-10-17 21:54:56,736 [Thread-1340] INFO  impl.FollowerState (FollowerState.java:run(108)) - d6dfcdd7-fc6e-4b51-b91e-b64503dadc5e@group-F967393F7C93-FollowerState: change to CANDIDATE, lastRpcTime:74ms, electionTimeout:74ms
2019-10-17 21:54:56,736 [Thread-1340] INFO  impl.RoleInfo (RoleInfo.java:shutdownFollowerState(121)) - d6dfcdd7-fc6e-4b51-b91e-b64503dadc5e: shutdown FollowerState
2019-10-17 21:54:56,736 [Thread-1340] INFO  impl.RaftServerImpl (RaftServerImpl.java:setRole(184)) - d6dfcdd7-fc6e-4b51-b91e-b64503dadc5e@group-F967393F7C93: changes role from  FOLLOWER to CANDIDATE at term 109 for changeToCandidate
2019-10-17 21:54:56,736 [Thread-1340] INFO  impl.RoleInfo (RoleInfo.java:updateAndGet(143)) - d6dfcdd7-fc6e-4b51-b91e-b64503dadc5e: start LeaderElection
2019-10-17 21:54:56,777 [d6dfcdd7-fc6e-4b51-b91e-b64503dadc5e@group-F967393F7C93-LeaderElection121] INFO  impl.LeaderElection (LeaderElection.java:askForVotes(178)) - d6dfcdd7-fc6e-4b51-b91e-b64503dadc5e@group-F967393F7C93-LeaderElection121: begin an election at term 110 for -1: [08d4cbaa-ffed-4411-a5fd-c4a38026aead:192.168.157.223:33910, da15dfee-23f0-4dc4-ad77-c00156c49cfa:192.168.157.223:42172, d6dfcdd7-fc6e-4b51-b91e-b64503dadc5e:192.168.157.223:43575], old=null
2019-10-17 21:54:56,779 [grpc-default-executor-12] INFO  impl.RaftServerImpl (RaftServerImpl.java:setRole(184)) - 08d4cbaa-ffed-4411-a5fd-c4a38026aead@group-F967393F7C93: changes role from  FOLLOWER to FOLLOWER at term 110 for recognizeCandidate:d6dfcdd7-fc6e-4b51-b91e-b64503dadc5e
2019-10-17 21:54:56,779 [grpc-default-executor-12] INFO  impl.RoleInfo (RoleInfo.java:shutdownFollowerState(121)) - 08d4cbaa-ffed-4411-a5fd-c4a38026aead: shutdown FollowerState
2019-10-17 21:54:56,779 [grpc-default-executor-11] INFO  impl.RaftServerImpl (RaftServerImpl.java:setRole(184)) - da15dfee-23f0-4dc4-ad77-c00156c49cfa@group-F967393F7C93: changes role from  FOLLOWER to FOLLOWER at term 110 for recognizeCandidate:d6dfcdd7-fc6e-4b51-b91e-b64503dadc5e
2019-10-17 21:54:56,779 [Thread-1338] INFO  impl.FollowerState (FollowerState.java:run(117)) - 08d4cbaa-ffed-4411-a5fd-c4a38026aead@group-F967393F7C93-FollowerState was interrupted: java.lang.InterruptedException: sleep interrupted
2019-10-17 21:54:56,779 [grpc-default-executor-12] INFO  impl.RoleInfo (RoleInfo.java:updateAndGet(143)) - 08d4cbaa-ffed-4411-a5fd-c4a38026aead: start FollowerState
2019-10-17 21:54:56,779 [grpc-default-executor-11] INFO  impl.RoleInfo (RoleInfo.java:shutdownFollowerState(121)) - da15dfee-23f0-4dc4-ad77-c00156c49cfa: shutdown FollowerState
2019-10-17 21:54:56,780 [grpc-default-executor-11] INFO  impl.RoleInfo (RoleInfo.java:updateAndGet(143)) - da15dfee-23f0-4dc4-ad77-c00156c49cfa: start FollowerState
2019-10-17 21:54:56,780 [Thread-1339] INFO  impl.FollowerState (FollowerState.java:run(117)) - da15dfee-23f0-4dc4-ad77-c00156c49cfa@group-F967393F7C93-FollowerState was interrupted: java.lang.InterruptedException: sleep interrupted
2019-10-17 21:54:56,949 [d6dfcdd7-fc6e-4b51-b91e-b64503dadc5e@group-F967393F7C93-LeaderElection121] INFO  impl.LeaderElection (LeaderElection.java:logAndReturn(56)) - d6dfcdd7-fc6e-4b51-b91e-b64503dadc5e@group-F967393F7C93-LeaderElection121: Election TIMEOUT; received 0 response(s) [] and 0 exception(s); d6dfcdd7-fc6e-4b51-b91e-b64503dadc5e@group-F967393F7C93:t110, leader=null, voted=d6dfcdd7-fc6e-4b51-b91e-b64503dadc5e, raftlog=d6dfcdd7-fc6e-4b51-b91e-b64503dadc5e@group-F967393F7C93-SegmentedRaftLog:OPENED:c-1,f-1,i0, conf=-1: [08d4cbaa-ffed-4411-a5fd-c4a38026aead:192.168.157.223:33910, da15dfee-23f0-4dc4-ad77-c00156c49cfa:192.168.157.223:42172, d6dfcdd7-fc6e-4b51-b91e-b64503dadc5e:192.168.157.223:43575], old=null
2019-10-17 21:54:57,083 [d6dfcdd7-fc6e-4b51-b91e-b64503dadc5e@group-F967393F7C93-LeaderElection121] INFO  impl.LeaderElection (LeaderElection.java:askForVotes(178)) - d6dfcdd7-fc6e-4b51-b91e-b64503dadc5e@group-F967393F7C93-LeaderElection121: begin an election at term 111 for -1: [08d4cbaa-ffed-4411-a5fd-c4a38026aead:192.168.157.223:33910, da15dfee-23f0-4dc4-ad77-c00156c49cfa:192.168.157.223:42172, d6dfcdd7-fc6e-4b51-b91e-b64503dadc5e:192.168.157.223:43575], old=null
2019-10-17 21:54:57,086 [grpc-default-executor-12] INFO  impl.RaftServerImpl (RaftServerImpl.java:setRole(184)) - da15dfee-23f0-4dc4-ad77-c00156c49cfa@group-F967393F7C93: changes role from  FOLLOWER to FOLLOWER at term 111 for recognizeCandidate:d6dfcdd7-fc6e-4b51-b91e-b64503dadc5e
2019-10-17 21:54:57,086 [grpc-default-executor-12] INFO  impl.RoleInfo (RoleInfo.java:shutdownFollowerState(121)) - da15dfee-23f0-4dc4-ad77-c00156c49cfa: shutdown FollowerState
2019-10-17 21:54:57,086 [grpc-default-executor-11] INFO  impl.RaftServerImpl (RaftServerImpl.java:setRole(184)) - 08d4cbaa-ffed-4411-a5fd-c4a38026aead@group-F967393F7C93: changes role from  FOLLOWER to FOLLOWER at term 111 for recognizeCandidate:d6dfcdd7-fc6e-4b51-b91e-b64503dadc5e
2019-10-17 21:54:57,086 [Thread-1348] INFO  impl.FollowerState (FollowerState.java:run(117)) - da15dfee-23f0-4dc4-ad77-c00156c49cfa@group-F967393F7C93-FollowerState was interrupted: java.lang.InterruptedException: sleep interrupted
2019-10-17 21:54:57,086 [grpc-default-executor-12] INFO  impl.RoleInfo (RoleInfo.java:updateAndGet(143)) - da15dfee-23f0-4dc4-ad77-c00156c49cfa: start FollowerState
2019-10-17 21:54:57,086 [grpc-default-executor-11] INFO  impl.RoleInfo (RoleInfo.java:shutdownFollowerState(121)) - 08d4cbaa-ffed-4411-a5fd-c4a38026aead: shutdown FollowerState
2019-10-17 21:54:57,087 [grpc-default-executor-11] INFO  impl.RoleInfo (RoleInfo.java:updateAndGet(143)) - 08d4cbaa-ffed-4411-a5fd-c4a38026aead: start FollowerState
2019-10-17 21:54:57,087 [Thread-1347] INFO  impl.FollowerState (FollowerState.java:run(117)) - 08d4cbaa-ffed-4411-a5fd-c4a38026aead@group-F967393F7C93-FollowerState was interrupted: java.lang.InterruptedException: sleep interrupted
2019-10-17 21:54:57,097 [d6dfcdd7-fc6e-4b51-b91e-b64503dadc5e@group-F967393F7C93-LeaderElection121] INFO  impl.LeaderElection (LeaderElection.java:logAndReturn(56)) - d6dfcdd7-fc6e-4b51-b91e-b64503dadc5e@group-F967393F7C93-LeaderElection121: Election REJECTED; received 2 response(s) [d6dfcdd7-fc6e-4b51-b91e-b64503dadc5e<-08d4cbaa-ffed-4411-a5fd-c4a38026aead#0:FAIL-t111, d6dfcdd7-fc6e-4b51-b91e-b64503dadc5e<-da15dfee-23f0-4dc4-ad77-c00156c49cfa#0:FAIL-t111] and 0 exception(s); d6dfcdd7-fc6e-4b51-b91e-b64503dadc5e@group-F967393F7C93:t111, leader=null, voted=d6dfcdd7-fc6e-4b51-b91e-b64503dadc5e, raftlog=d6dfcdd7-fc6e-4b51-b91e-b64503dadc5e@group-F967393F7C93-SegmentedRaftLog:OPENED:c-1,f-1,i0, conf=-1: [08d4cbaa-ffed-4411-a5fd-c4a38026aead:192.168.157.223:33910, da15dfee-23f0-4dc4-ad77-c00156c49cfa:192.168.157.223:42172, d6dfcdd7-fc6e-4b51-b91e-b64503dadc5e:192.168.157.223:43575], old=null
2019-10-17 21:54:57,097 [d6dfcdd7-fc6e-4b51-b91e-b64503dadc5e@group-F967393F7C93-LeaderElection121] INFO  impl.RaftServerImpl (RaftServerImpl.java:setRole(184)) - d6dfcdd7-fc6e-4b51-b91e-b64503dadc5e@group-F967393F7C93: changes role from CANDIDATE to FOLLOWER at term 111 for DISCOVERED_A_NEW_TERM
2019-10-17 21:54:57,097 [d6dfcdd7-fc6e-4b51-b91e-b64503dadc5e@group-F967393F7C93-LeaderElection121] INFO  impl.RoleInfo (RoleInfo.java:shutdownLeaderElection(134)) - d6dfcdd7-fc6e-4b51-b91e-b64503dadc5e: shutdown LeaderElection
2019-10-17 21:54:57,097 [d6dfcdd7-fc6e-4b51-b91e-b64503dadc5e@group-F967393F7C93-LeaderElection121] INFO  impl.RoleInfo (RoleInfo.java:updateAndGet(143)) - d6dfcdd7-fc6e-4b51-b91e-b64503dadc5e: start FollowerState
2019-10-17 21:54:57,272 [Thread-1354] INFO  impl.FollowerState (FollowerState.java:run(108)) - d6dfcdd7-fc6e-4b51-b91e-b64503dadc5e@group-F967393F7C93-FollowerState: change to CANDIDATE, lastRpcTime:174ms, electionTimeout:174ms
2019-10-17 21:54:57,272 [Thread-1354] INFO  impl.RoleInfo (RoleInfo.java:shutdownFollowerState(121)) - d6dfcdd7-fc6e-4b51-b91e-b64503dadc5e: shutdown FollowerState
2019-10-17 21:54:57,272 [Thread-1354] INFO  impl.RaftServerImpl (RaftServerImpl.java:setRole(184)) - d6dfcdd7-fc6e-4b51-b91e-b64503dadc5e@group-F967393F7C93: changes role from  FOLLOWER to CANDIDATE at term 111 for changeToCandidate
2019-10-17 21:54:57,272 [Thread-1354] INFO  impl.RoleInfo (RoleInfo.java:updateAndGet(143)) - d6dfcdd7-fc6e-4b51-b91e-b64503dadc5e: start LeaderElection
2019-10-17 21:54:57,310 [d6dfcdd7-fc6e-4b51-b91e-b64503dadc5e@group-F967393F7C93-LeaderElection122] INFO  impl.LeaderElection (LeaderElection.java:askForVotes(178)) - d6dfcdd7-fc6e-4b51-b91e-b64503dadc5e@group-F967393F7C93-LeaderElection122: begin an election at term 112 for -1: [08d4cbaa-ffed-4411-a5fd-c4a38026aead:192.168.157.223:33910, da15dfee-23f0-4dc4-ad77-c00156c49cfa:192.168.157.223:42172, d6dfcdd7-fc6e-4b51-b91e-b64503dadc5e:192.168.157.223:43575], old=null
2019-10-17 21:54:57,313 [grpc-default-executor-11] INFO  impl.RaftServerImpl (RaftServerImpl.java:setRole(184)) - da15dfee-23f0-4dc4-ad77-c00156c49cfa@group-F967393F7C93: changes role from  FOLLOWER to FOLLOWER at term 112 for recognizeCandidate:d6dfcdd7-fc6e-4b51-b91e-b64503dadc5e
2019-10-17 21:54:57,313 [grpc-default-executor-11] INFO  impl.RoleInfo (RoleInfo.java:shutdownFollowerState(121)) - da15dfee-23f0-4dc4-ad77-c00156c49cfa: shutdown FollowerState
2019-10-17 21:54:57,313 [grpc-default-executor-12] INFO  impl.RaftServerImpl (RaftServerImpl.java:setRole(184)) - 08d4cbaa-ffed-4411-a5fd-c4a38026aead@group-F967393F7C93: changes role from  FOLLOWER to FOLLOWER at term 112 for recognizeCandidate:d6dfcdd7-fc6e-4b51-b91e-b64503dadc5e
2019-10-17 21:54:57,313 [Thread-1352] INFO  impl.FollowerState (FollowerState.java:run(117)) - da15dfee-23f0-4dc4-ad77-c00156c49cfa@group-F967393F7C93-FollowerState was interrupted: java.lang.InterruptedException: sleep interrupted
2019-10-17 21:54:57,313 [grpc-default-executor-11] INFO  impl.RoleInfo (RoleInfo.java:updateAndGet(143)) - da15dfee-23f0-4dc4-ad77-c00156c49cfa: start FollowerState
2019-10-17 21:54:57,313 [grpc-default-executor-12] INFO  impl.RoleInfo (RoleInfo.java:shutdownFollowerState(121)) - 08d4cbaa-ffed-4411-a5fd-c4a38026aead: shutdown FollowerState
2019-10-17 21:54:57,314 [grpc-default-executor-12] INFO  impl.RoleInfo (RoleInfo.java:updateAndGet(143)) - 08d4cbaa-ffed-4411-a5fd-c4a38026aead: start FollowerState
2019-10-17 21:54:57,314 [Thread-1353] INFO  impl.FollowerState (FollowerState.java:run(117)) - 08d4cbaa-ffed-4411-a5fd-c4a38026aead@group-F967393F7C93-FollowerState was interrupted: java.lang.InterruptedException: sleep interrupted
2019-10-17 21:54:57,323 [d6dfcdd7-fc6e-4b51-b91e-b64503dadc5e@group-F967393F7C93-LeaderElection122] INFO  impl.LeaderElection (LeaderElection.java:logAndReturn(56)) - d6dfcdd7-fc6e-4b51-b91e-b64503dadc5e@group-F967393F7C93-LeaderElection122: Election REJECTED; received 2 response(s) [d6dfcdd7-fc6e-4b51-b91e-b64503dadc5e<-08d4cbaa-ffed-4411-a5fd-c4a38026aead#0:FAIL-t112, d6dfcdd7-fc6e-4b51-b91e-b64503dadc5e<-da15dfee-23f0-4dc4-ad77-c00156c49cfa#0:FAIL-t112] and 0 exception(s); d6dfcdd7-fc6e-4b51-b91e-b64503dadc5e@group-F967393F7C93:t112, leader=null, voted=d6dfcdd7-fc6e-4b51-b91e-b64503dadc5e, raftlog=d6dfcdd7-fc6e-4b51-b91e-b64503dadc5e@group-F967393F7C93-SegmentedRaftLog:OPENED:c-1,f-1,i0, conf=-1: [08d4cbaa-ffed-4411-a5fd-c4a38026aead:192.168.157.223:33910, da15dfee-23f0-4dc4-ad77-c00156c49cfa:192.168.157.223:42172, d6dfcdd7-fc6e-4b51-b91e-b64503dadc5e:192.168.157.223:43575], old=null
2019-10-17 21:54:57,323 [d6dfcdd7-fc6e-4b51-b91e-b64503dadc5e@group-F967393F7C93-LeaderElection122] INFO  impl.RaftServerImpl (RaftServerImpl.java:setRole(184)) - d6dfcdd7-fc6e-4b51-b91e-b64503dadc5e@group-F967393F7C93: changes role from CANDIDATE to FOLLOWER at term 112 for DISCOVERED_A_NEW_TERM
2019-10-17 21:54:57,323 [d6dfcdd7-fc6e-4b51-b91e-b64503dadc5e@group-F967393F7C93-LeaderElection122] INFO  impl.RoleInfo (RoleInfo.java:shutdownLeaderElection(134)) - d6dfcdd7-fc6e-4b51-b91e-b64503dadc5e: shutdown LeaderElection
2019-10-17 21:54:57,323 [d6dfcdd7-fc6e-4b51-b91e-b64503dadc5e@group-F967393F7C93-LeaderElection122] INFO  impl.RoleInfo (RoleInfo.java:updateAndGet(143)) - d6dfcdd7-fc6e-4b51-b91e-b64503dadc5e: start FollowerState
2019-10-17 21:54:57,372 [Thread-1364] INFO  impl.FollowerState (FollowerState.java:run(108)) - d6dfcdd7-fc6e-4b51-b91e-b64503dadc5e@group-F967393F7C93-FollowerState: change to CANDIDATE, lastRpcTime:48ms, electionTimeout:48ms
2019-10-17 21:54:57,372 [Thread-1364] INFO  impl.RoleInfo (RoleInfo.java:shutdownFollowerState(121)) - d6dfcdd7-fc6e-4b51-b91e-b64503dadc5e: shutdown FollowerState
2019-10-17 21:54:57,372 [Thread-1364] INFO  impl.RaftServerImpl (RaftServerImpl.java:setRole(184)) - d6dfcdd7-fc6e-4b51-b91e-b64503dadc5e@group-F967393F7C93: changes role from  FOLLOWER to CANDIDATE at term 112 for changeToCandidate
2019-10-17 21:54:57,372 [Thread-1364] INFO  impl.RoleInfo (RoleInfo.java:updateAndGet(143)) - d6dfcdd7-fc6e-4b51-b91e-b64503dadc5e: start LeaderElection
2019-10-17 21:54:57,380 [d6dfcdd7-fc6e-4b51-b91e-b64503dadc5e@group-F967393F7C93-LeaderElection123] INFO  impl.LeaderElection (LeaderElection.java:askForVotes(178)) - d6dfcdd7-fc6e-4b51-b91e-b64503dadc5e@group-F967393F7C93-LeaderElection123: begin an election at term 113 for -1: [08d4cbaa-ffed-4411-a5fd-c4a38026aead:192.168.157.223:33910, da15dfee-23f0-4dc4-ad77-c00156c49cfa:192.168.157.223:42172, d6dfcdd7-fc6e-4b51-b91e-b64503dadc5e:192.168.157.223:43575], old=null
2019-10-17 21:54:57,383 [grpc-default-executor-11] INFO  impl.RaftServerImpl (RaftServerImpl.java:setRole(184)) - 08d4cbaa-ffed-4411-a5fd-c4a38026aead@group-F967393F7C93: changes role from  FOLLOWER to FOLLOWER at term 113 for recognizeCandidate:d6dfcdd7-fc6e-4b51-b91e-b64503dadc5e
2019-10-17 21:54:57,383 [grpc-default-executor-12] INFO  impl.RaftServerImpl (RaftServerImpl.java:setRole(184)) - da15dfee-23f0-4dc4-ad77-c00156c49cfa@group-F967393F7C93: changes role from  FOLLOWER to FOLLOWER at term 113 for recognizeCandidate:d6dfcdd7-fc6e-4b51-b91e-b64503dadc5e
2019-10-17 21:54:57,383 [grpc-default-executor-12] INFO  impl.RoleInfo (RoleInfo.java:shutdownFollowerState(121)) - da15dfee-23f0-4dc4-ad77-c00156c49cfa: shutdown FollowerState
2019-10-17 21:54:57,383 [grpc-default-executor-11] INFO  impl.RoleInfo (RoleInfo.java:shutdownFollowerState(121)) - 08d4cbaa-ffed-4411-a5fd-c4a38026aead: shutdown FollowerState
2019-10-17 21:54:57,383 [Thread-1362] INFO  impl.FollowerState (FollowerState.java:run(117)) - da15dfee-23f0-4dc4-ad77-c00156c49cfa@group-F967393F7C93-FollowerState was interrupted: java.lang.InterruptedException: sleep interrupted
2019-10-17 21:54:57,383 [grpc-default-executor-12] INFO  impl.RoleInfo (RoleInfo.java:updateAndGet(143)) - da15dfee-23f0-4dc4-ad77-c00156c49cfa: start FollowerState
2019-10-17 21:54:57,383 [Thread-1363] INFO  impl.FollowerState (FollowerState.java:run(117)) - 08d4cbaa-ffed-4411-a5fd-c4a38026aead@group-F967393F7C93-FollowerState was interrupted: java.lang.InterruptedException: sleep interrupted
2019-10-17 21:54:57,383 [grpc-default-executor-11] INFO  impl.RoleInfo (RoleInfo.java:updateAndGet(143)) - 08d4cbaa-ffed-4411-a5fd-c4a38026aead: start FollowerState
2019-10-17 21:54:57,393 [d6dfcdd7-fc6e-4b51-b91e-b64503dadc5e@group-F967393F7C93-LeaderElection123] INFO  impl.LeaderElection (LeaderElection.java:logAndReturn(56)) - d6dfcdd7-fc6e-4b51-b91e-b64503dadc5e@group-F967393F7C93-LeaderElection123: Election REJECTED; received 2 response(s) [d6dfcdd7-fc6e-4b51-b91e-b64503dadc5e<-08d4cbaa-ffed-4411-a5fd-c4a38026aead#0:FAIL-t113, d6dfcdd7-fc6e-4b51-b91e-b64503dadc5e<-da15dfee-23f0-4dc4-ad77-c00156c49cfa#0:FAIL-t113] and 0 exception(s); d6dfcdd7-fc6e-4b51-b91e-b64503dadc5e@group-F967393F7C93:t113, leader=null, voted=d6dfcdd7-fc6e-4b51-b91e-b64503dadc5e, raftlog=d6dfcdd7-fc6e-4b51-b91e-b64503dadc5e@group-F967393F7C93-SegmentedRaftLog:OPENED:c-1,f-1,i0, conf=-1: [08d4cbaa-ffed-4411-a5fd-c4a38026aead:192.168.157.223:33910, da15dfee-23f0-4dc4-ad77-c00156c49cfa:192.168.157.223:42172, d6dfcdd7-fc6e-4b51-b91e-b64503dadc5e:192.168.157.223:43575], old=null
2019-10-17 21:54:57,394 [d6dfcdd7-fc6e-4b51-b91e-b64503dadc5e@group-F967393F7C93-LeaderElection123] INFO  impl.RaftServerImpl (RaftServerImpl.java:setRole(184)) - d6dfcdd7-fc6e-4b51-b91e-b64503dadc5e@group-F967393F7C93: changes role from CANDIDATE to FOLLOWER at term 113 for DISCOVERED_A_NEW_TERM
2019-10-17 21:54:57,394 [d6dfcdd7-fc6e-4b51-b91e-b64503dadc5e@group-F967393F7C93-LeaderElection123] INFO  impl.RoleInfo (RoleInfo.java:shutdownLeaderElection(134)) - d6dfcdd7-fc6e-4b51-b91e-b64503dadc5e: shutdown LeaderElection
2019-10-17 21:54:57,394 [d6dfcdd7-fc6e-4b51-b91e-b64503dadc5e@group-F967393F7C93-LeaderElection123] INFO  impl.RoleInfo (RoleInfo.java:updateAndGet(143)) - d6dfcdd7-fc6e-4b51-b91e-b64503dadc5e: start FollowerState
2019-10-17 21:54:57,551 [Thread-1370] INFO  impl.FollowerState (FollowerState.java:run(108)) - d6dfcdd7-fc6e-4b51-b91e-b64503dadc5e@group-F967393F7C93-FollowerState: change to CANDIDATE, lastRpcTime:157ms, electionTimeout:157ms
2019-10-17 21:54:57,552 [Thread-1370] INFO  impl.RoleInfo (RoleInfo.java:shutdownFollowerState(121)) - d6dfcdd7-fc6e-4b51-b91e-b64503dadc5e: shutdown FollowerState
2019-10-17 21:54:57,552 [Thread-1370] INFO  impl.RaftServerImpl (RaftServerImpl.java:setRole(184)) - d6dfcdd7-fc6e-4b51-b91e-b64503dadc5e@group-F967393F7C93: changes role from  FOLLOWER to CANDIDATE at term 113 for changeToCandidate
2019-10-17 21:54:57,553 [Thread-1370] INFO  impl.RoleInfo (RoleInfo.java:updateAndGet(143)) - d6dfcdd7-fc6e-4b51-b91e-b64503dadc5e: start LeaderElection
2019-10-17 21:54:57,566 [d6dfcdd7-fc6e-4b51-b91e-b64503dadc5e@group-F967393F7C93-LeaderElection124] INFO  impl.LeaderElection (LeaderElection.java:askForVotes(178)) - d6dfcdd7-fc6e-4b51-b91e-b64503dadc5e@group-F967393F7C93-LeaderElection124: begin an election at term 114 for -1: [08d4cbaa-ffed-4411-a5fd-c4a38026aead:192.168.157.223:33910, da15dfee-23f0-4dc4-ad77-c00156c49cfa:192.168.157.223:42172, d6dfcdd7-fc6e-4b51-b91e-b64503dadc5e:192.168.157.223:43575], old=null
2019-10-17 21:54:57,569 [grpc-default-executor-12] INFO  impl.RaftServerImpl (RaftServerImpl.java:setRole(184)) - da15dfee-23f0-4dc4-ad77-c00156c49cfa@group-F967393F7C93: changes role from  FOLLOWER to FOLLOWER at term 114 for recognizeCandidate:d6dfcdd7-fc6e-4b51-b91e-b64503dadc5e
2019-10-17 21:54:57,569 [grpc-default-executor-11] INFO  impl.RaftServerImpl (RaftServerImpl.java:setRole(184)) - 08d4cbaa-ffed-4411-a5fd-c4a38026aead@group-F967393F7C93: changes role from  FOLLOWER to FOLLOWER at term 114 for recognizeCandidate:d6dfcdd7-fc6e-4b51-b91e-b64503dadc5e
2019-10-17 21:54:57,570 [grpc-default-executor-12] INFO  impl.RoleInfo (RoleInfo.java:shutdownFollowerState(121)) - da15dfee-23f0-4dc4-ad77-c00156c49cfa: shutdown FollowerState
2019-10-17 21:54:57,570 [grpc-default-executor-11] INFO  impl.RoleInfo (RoleInfo.java:shutdownFollowerState(121)) - 08d4cbaa-ffed-4411-a5fd-c4a38026aead: shutdown FollowerState
2019-10-17 21:54:57,570 [grpc-default-executor-12] INFO  impl.RoleInfo (RoleInfo.java:updateAndGet(143)) - da15dfee-23f0-4dc4-ad77-c00156c49cfa: start FollowerState
2019-10-17 21:54:57,570 [grpc-default-executor-11] INFO  impl.RoleInfo (RoleInfo.java:updateAndGet(143)) - 08d4cbaa-ffed-4411-a5fd-c4a38026aead: start FollowerState
2019-10-17 21:54:57,570 [Thread-1368] INFO  impl.FollowerState (FollowerState.java:run(117)) - da15dfee-23f0-4dc4-ad77-c00156c49cfa@group-F967393F7C93-FollowerState was interrupted: java.lang.InterruptedException: sleep interrupted
2019-10-17 21:54:57,570 [Thread-1369] INFO  impl.FollowerState (FollowerState.java:run(117)) - 08d4cbaa-ffed-4411-a5fd-c4a38026aead@group-F967393F7C93-FollowerState was interrupted: java.lang.InterruptedException: sleep interrupted
2019-10-17 21:54:57,585 [d6dfcdd7-fc6e-4b51-b91e-b64503dadc5e@group-F967393F7C93-LeaderElection124] INFO  impl.LeaderElection (LeaderElection.java:logAndReturn(56)) - d6dfcdd7-fc6e-4b51-b91e-b64503dadc5e@group-F967393F7C93-LeaderElection124: Election REJECTED; received 2 response(s) [d6dfcdd7-fc6e-4b51-b91e-b64503dadc5e<-08d4cbaa-ffed-4411-a5fd-c4a38026aead#0:FAIL-t114, d6dfcdd7-fc6e-4b51-b91e-b64503dadc5e<-da15dfee-23f0-4dc4-ad77-c00156c49cfa#0:FAIL-t114] and 0 exception(s); d6dfcdd7-fc6e-4b51-b91e-b64503dadc5e@group-F967393F7C93:t114, leader=null, voted=d6dfcdd7-fc6e-4b51-b91e-b64503dadc5e, raftlog=d6dfcdd7-fc6e-4b51-b91e-b64503dadc5e@group-F967393F7C93-SegmentedRaftLog:OPENED:c-1,f-1,i0, conf=-1: [08d4cbaa-ffed-4411-a5fd-c4a38026aead:192.168.157.223:33910, da15dfee-23f0-4dc4-ad77-c00156c49cfa:192.168.157.223:42172, d6dfcdd7-fc6e-4b51-b91e-b64503dadc5e:192.168.157.223:43575], old=null
2019-10-17 21:54:57,585 [d6dfcdd7-fc6e-4b51-b91e-b64503dadc5e@group-F967393F7C93-LeaderElection124] INFO  impl.RaftServerImpl (RaftServerImpl.java:setRole(184)) - d6dfcdd7-fc6e-4b51-b91e-b64503dadc5e@group-F967393F7C93: changes role from CANDIDATE to FOLLOWER at term 114 for DISCOVERED_A_NEW_TERM
2019-10-17 21:54:57,585 [d6dfcdd7-fc6e-4b51-b91e-b64503dadc5e@group-F967393F7C93-LeaderElection124] INFO  impl.RoleInfo (RoleInfo.java:shutdownLeaderElection(134)) - d6dfcdd7-fc6e-4b51-b91e-b64503dadc5e: shutdown LeaderElection
2019-10-17 21:54:57,585 [d6dfcdd7-fc6e-4b51-b91e-b64503dadc5e@group-F967393F7C93-LeaderElection124] INFO  impl.RoleInfo (RoleInfo.java:updateAndGet(143)) - d6dfcdd7-fc6e-4b51-b91e-b64503dadc5e: start FollowerState
2019-10-17 21:54:57,705 [Thread-1376] INFO  impl.FollowerState (FollowerState.java:run(108)) - d6dfcdd7-fc6e-4b51-b91e-b64503dadc5e@group-F967393F7C93-FollowerState: change to CANDIDATE, lastRpcTime:119ms, electionTimeout:119ms
2019-10-17 21:54:57,705 [Thread-1376] INFO  impl.RoleInfo (RoleInfo.java:shutdownFollowerState(121)) - d6dfcdd7-fc6e-4b51-b91e-b64503dadc5e: shutdown FollowerState
2019-10-17 21:54:57,705 [Thread-1376] INFO  impl.RaftServerImpl (RaftServerImpl.java:setRole(184)) - d6dfcdd7-fc6e-4b51-b91e-b64503dadc5e@group-F967393F7C93: changes role from  FOLLOWER to CANDIDATE at term 114 for changeToCandidate
2019-10-17 21:54:57,705 [Thread-1376] INFO  impl.RoleInfo (RoleInfo.java:updateAndGet(143)) - d6dfcdd7-fc6e-4b51-b91e-b64503dadc5e: start LeaderElection
2019-10-17 21:54:57,720 [d6dfcdd7-fc6e-4b51-b91e-b64503dadc5e@group-F967393F7C93-LeaderElection125] INFO  impl.LeaderElection (LeaderElection.java:askForVotes(178)) - d6dfcdd7-fc6e-4b51-b91e-b64503dadc5e@group-F967393F7C93-LeaderElection125: begin an election at term 115 for -1: [08d4cbaa-ffed-4411-a5fd-c4a38026aead:192.168.157.223:33910, da15dfee-23f0-4dc4-ad77-c00156c49cfa:192.168.157.223:42172, d6dfcdd7-fc6e-4b51-b91e-b64503dadc5e:192.168.157.223:43575], old=null
2019-10-17 21:54:57,728 [grpc-default-executor-12] INFO  impl.RaftServerImpl (RaftServerImpl.java:setRole(184)) - 08d4cbaa-ffed-4411-a5fd-c4a38026aead@group-F967393F7C93: changes role from  FOLLOWER to FOLLOWER at term 115 for recognizeCandidate:d6dfcdd7-fc6e-4b51-b91e-b64503dadc5e
2019-10-17 21:54:57,728 [grpc-default-executor-11] INFO  impl.RaftServerImpl (RaftServerImpl.java:setRole(184)) - da15dfee-23f0-4dc4-ad77-c00156c49cfa@group-F967393F7C93: changes role from  FOLLOWER to FOLLOWER at term 115 for recognizeCandidate:d6dfcdd7-fc6e-4b51-b91e-b64503dadc5e
2019-10-17 21:54:57,729 [grpc-default-executor-12] INFO  impl.RoleInfo (RoleInfo.java:shutdownFollowerState(121)) - 08d4cbaa-ffed-4411-a5fd-c4a38026aead: shutdown FollowerState
2019-10-17 21:54:57,729 [grpc-default-executor-11] INFO  impl.RoleInfo (RoleInfo.java:shutdownFollowerState(121)) - da15dfee-23f0-4dc4-ad77-c00156c49cfa: shutdown FollowerState
2019-10-17 21:54:57,729 [grpc-default-executor-12] INFO  impl.RoleInfo (RoleInfo.java:updateAndGet(143)) - 08d4cbaa-ffed-4411-a5fd-c4a38026aead: start FollowerState
2019-10-17 21:54:57,729 [grpc-default-executor-11] INFO  impl.RoleInfo (RoleInfo.java:updateAndGet(143)) - da15dfee-23f0-4dc4-ad77-c00156c49cfa: start FollowerState
2019-10-17 21:54:57,730 [Thread-1374] INFO  impl.FollowerState (FollowerState.java:run(117)) - da15dfee-23f0-4dc4-ad77-c00156c49cfa@group-F967393F7C93-FollowerState was interrupted: java.lang.InterruptedException: sleep interrupted
2019-10-17 21:54:57,730 [Thread-1375] INFO  impl.FollowerState (FollowerState.java:run(117)) - 08d4cbaa-ffed-4411-a5fd-c4a38026aead@group-F967393F7C93-FollowerState was interrupted: java.lang.InterruptedException: sleep interrupted
2019-10-17 21:54:57,744 [d6dfcdd7-fc6e-4b51-b91e-b64503dadc5e@group-F967393F7C93-LeaderElection125] INFO  impl.LeaderElection (LeaderElection.java:logAndReturn(56)) - d6dfcdd7-fc6e-4b51-b91e-b64503dadc5e@group-F967393F7C93-LeaderElection125: Election REJECTED; received 2 response(s) [d6dfcdd7-fc6e-4b51-b91e-b64503dadc5e<-08d4cbaa-ffed-4411-a5fd-c4a38026aead#0:FAIL-t115, d6dfcdd7-fc6e-4b51-b91e-b64503dadc5e<-da15dfee-23f0-4dc4-ad77-c00156c49cfa#0:FAIL-t115] and 0 exception(s); d6dfcdd7-fc6e-4b51-b91e-b64503dadc5e@group-F967393F7C93:t115, leader=null, voted=d6dfcdd7-fc6e-4b51-b91e-b64503dadc5e, raftlog=d6dfcdd7-fc6e-4b51-b91e-b64503dadc5e@group-F967393F7C93-SegmentedRaftLog:OPENED:c-1,f-1,i0, conf=-1: [08d4cbaa-ffed-4411-a5fd-c4a38026aead:192.168.157.223:33910, da15dfee-23f0-4dc4-ad77-c00156c49cfa:192.168.157.223:42172, d6dfcdd7-fc6e-4b51-b91e-b64503dadc5e:192.168.157.223:43575], old=null
2019-10-17 21:54:57,744 [d6dfcdd7-fc6e-4b51-b91e-b64503dadc5e@group-F967393F7C93-LeaderElection125] INFO  impl.RaftServerImpl (RaftServerImpl.java:setRole(184)) - d6dfcdd7-fc6e-4b51-b91e-b64503dadc5e@group-F967393F7C93: changes role from CANDIDATE to FOLLOWER at term 115 for DISCOVERED_A_NEW_TERM
2019-10-17 21:54:57,745 [d6dfcdd7-fc6e-4b51-b91e-b64503dadc5e@group-F967393F7C93-LeaderElection125] INFO  impl.RoleInfo (RoleInfo.java:shutdownLeaderElection(134)) - d6dfcdd7-fc6e-4b51-b91e-b64503dadc5e: shutdown LeaderElection
2019-10-17 21:54:57,745 [d6dfcdd7-fc6e-4b51-b91e-b64503dadc5e@group-F967393F7C93-LeaderElection125] INFO  impl.RoleInfo (RoleInfo.java:updateAndGet(143)) - d6dfcdd7-fc6e-4b51-b91e-b64503dadc5e: start FollowerState
2019-10-17 21:54:57,911 [Thread-1382] INFO  impl.FollowerState (FollowerState.java:run(108)) - d6dfcdd7-fc6e-4b51-b91e-b64503dadc5e@group-F967393F7C93-FollowerState: change to CANDIDATE, lastRpcTime:166ms, electionTimeout:166ms
2019-10-17 21:54:57,911 [Thread-1382] INFO  impl.RoleInfo (RoleInfo.java:shutdownFollowerState(121)) - d6dfcdd7-fc6e-4b51-b91e-b64503dadc5e: shutdown FollowerState
2019-10-17 21:54:57,911 [Thread-1382] INFO  impl.RaftServerImpl (RaftServerImpl.java:setRole(184)) - d6dfcdd7-fc6e-4b51-b91e-b64503dadc5e@group-F967393F7C93: changes role from  FOLLOWER to CANDIDATE at term 115 for changeToCandidate
2019-10-17 21:54:57,912 [Thread-1382] INFO  impl.RoleInfo (RoleInfo.java:updateAndGet(143)) - d6dfcdd7-fc6e-4b51-b91e-b64503dadc5e: start LeaderElection
2019-10-17 21:54:57,925 [d6dfcdd7-fc6e-4b51-b91e-b64503dadc5e@group-F967393F7C93-LeaderElection126] INFO  impl.LeaderElection (LeaderElection.java:askForVotes(178)) - d6dfcdd7-fc6e-4b51-b91e-b64503dadc5e@group-F967393F7C93-LeaderElection126: begin an election at term 116 for -1: [08d4cbaa-ffed-4411-a5fd-c4a38026aead:192.168.157.223:33910, da15dfee-23f0-4dc4-ad77-c00156c49cfa:192.168.157.223:42172, d6dfcdd7-fc6e-4b51-b91e-b64503dadc5e:192.168.157.223:43575], old=null
2019-10-17 21:54:57,928 [grpc-default-executor-11] INFO  impl.RaftServerImpl (RaftServerImpl.java:setRole(184)) - da15dfee-23f0-4dc4-ad77-c00156c49cfa@group-F967393F7C93: changes role from  FOLLOWER to FOLLOWER at term 116 for recognizeCandidate:d6dfcdd7-fc6e-4b51-b91e-b64503dadc5e
2019-10-17 21:54:57,928 [grpc-default-executor-11] INFO  impl.RoleInfo (RoleInfo.java:shutdownFollowerState(121)) - da15dfee-23f0-4dc4-ad77-c00156c49cfa: shutdown FollowerState
2019-10-17 21:54:57,928 [grpc-default-executor-12] INFO  impl.RaftServerImpl (RaftServerImpl.java:setRole(184)) - 08d4cbaa-ffed-4411-a5fd-c4a38026aead@group-F967393F7C93: changes role from  FOLLOWER to FOLLOWER at term 116 for recognizeCandidate:d6dfcdd7-fc6e-4b51-b91e-b64503dadc5e
2019-10-17 21:54:57,928 [Thread-1381] INFO  impl.FollowerState (FollowerState.java:run(117)) - da15dfee-23f0-4dc4-ad77-c00156c49cfa@group-F967393F7C93-FollowerState was interrupted: java.lang.InterruptedException: sleep interrupted
2019-10-17 21:54:57,928 [grpc-default-executor-11] INFO  impl.RoleInfo (RoleInfo.java:updateAndGet(143)) - da15dfee-23f0-4dc4-ad77-c00156c49cfa: start FollowerState
2019-10-17 21:54:57,928 [grpc-default-executor-12] INFO  impl.RoleInfo (RoleInfo.java:shutdownFollowerState(121)) - 08d4cbaa-ffed-4411-a5fd-c4a38026aead: shutdown FollowerState
2019-10-17 21:54:57,929 [grpc-default-executor-12] INFO  impl.RoleInfo (RoleInfo.java:updateAndGet(143)) - 08d4cbaa-ffed-4411-a5fd-c4a38026aead: start FollowerState
2019-10-17 21:54:57,929 [Thread-1380] INFO  impl.FollowerState (FollowerState.java:run(117)) - 08d4cbaa-ffed-4411-a5fd-c4a38026aead@group-F967393F7C93-FollowerState was interrupted: java.lang.InterruptedException: sleep interrupted
2019-10-17 21:54:57,943 [d6dfcdd7-fc6e-4b51-b91e-b64503dadc5e@group-F967393F7C93-LeaderElection126] INFO  impl.LeaderElection (LeaderElection.java:logAndReturn(56)) - d6dfcdd7-fc6e-4b51-b91e-b64503dadc5e@group-F967393F7C93-LeaderElection126: Election REJECTED; received 2 response(s) [d6dfcdd7-fc6e-4b51-b91e-b64503dadc5e<-08d4cbaa-ffed-4411-a5fd-c4a38026aead#0:FAIL-t116, d6dfcdd7-fc6e-4b51-b91e-b64503dadc5e<-da15dfee-23f0-4dc4-ad77-c00156c49cfa#0:FAIL-t116] and 0 exception(s); d6dfcdd7-fc6e-4b51-b91e-b64503dadc5e@group-F967393F7C93:t116, leader=null, voted=d6dfcdd7-fc6e-4b51-b91e-b64503dadc5e, raftlog=d6dfcdd7-fc6e-4b51-b91e-b64503dadc5e@group-F967393F7C93-SegmentedRaftLog:OPENED:c-1,f-1,i0, conf=-1: [08d4cbaa-ffed-4411-a5fd-c4a38026aead:192.168.157.223:33910, da15dfee-23f0-4dc4-ad77-c00156c49cfa:192.168.157.223:42172, d6dfcdd7-fc6e-4b51-b91e-b64503dadc5e:192.168.157.223:43575], old=null
2019-10-17 21:54:57,943 [d6dfcdd7-fc6e-4b51-b91e-b64503dadc5e@group-F967393F7C93-LeaderElection126] INFO  impl.RaftServerImpl (RaftServerImpl.java:setRole(184)) - d6dfcdd7-fc6e-4b51-b91e-b64503dadc5e@group-F967393F7C93: changes role from CANDIDATE to FOLLOWER at term 116 for DISCOVERED_A_NEW_TERM
2019-10-17 21:54:57,943 [d6dfcdd7-fc6e-4b51-b91e-b64503dadc5e@group-F967393F7C93-LeaderElection126] INFO  impl.RoleInfo (RoleInfo.java:shutdownLeaderElection(134)) - d6dfcdd7-fc6e-4b51-b91e-b64503dadc5e: shutdown LeaderElection
2019-10-17 21:54:57,943 [d6dfcdd7-fc6e-4b51-b91e-b64503dadc5e@group-F967393F7C93-LeaderElection126] INFO  impl.RoleInfo (RoleInfo.java:updateAndGet(143)) - d6dfcdd7-fc6e-4b51-b91e-b64503dadc5e: start FollowerState
2019-10-17 21:54:57,973 [Thread-1392] INFO  impl.FollowerState (FollowerState.java:run(108)) - d6dfcdd7-fc6e-4b51-b91e-b64503dadc5e@group-F967393F7C93-FollowerState: change to CANDIDATE, lastRpcTime:29ms, electionTimeout:29ms
2019-10-17 21:54:57,973 [Thread-1392] INFO  impl.RoleInfo (RoleInfo.java:shutdownFollowerState(121)) - d6dfcdd7-fc6e-4b51-b91e-b64503dadc5e: shutdown FollowerState
2019-10-17 21:54:57,973 [Thread-1392] INFO  impl.RaftServerImpl (RaftServerImpl.java:setRole(184)) - d6dfcdd7-fc6e-4b51-b91e-b64503dadc5e@group-F967393F7C93: changes role from  FOLLOWER to CANDIDATE at term 116 for changeToCandidate
2019-10-17 21:54:57,973 [Thread-1392] INFO  impl.RoleInfo (RoleInfo.java:updateAndGet(143)) - d6dfcdd7-fc6e-4b51-b91e-b64503dadc5e: start LeaderElection
2019-10-17 21:54:57,986 [d6dfcdd7-fc6e-4b51-b91e-b64503dadc5e@group-F967393F7C93-LeaderElection127] INFO  impl.LeaderElection (LeaderElection.java:askForVotes(178)) - d6dfcdd7-fc6e-4b51-b91e-b64503dadc5e@group-F967393F7C93-LeaderElection127: begin an election at term 117 for -1: [08d4cbaa-ffed-4411-a5fd-c4a38026aead:192.168.157.223:33910, da15dfee-23f0-4dc4-ad77-c00156c49cfa:192.168.157.223:42172, d6dfcdd7-fc6e-4b51-b91e-b64503dadc5e:192.168.157.223:43575], old=null
2019-10-17 21:54:57,988 [grpc-default-executor-11] INFO  impl.RaftServerImpl (RaftServerImpl.java:setRole(184)) - 08d4cbaa-ffed-4411-a5fd-c4a38026aead@group-F967393F7C93: changes role from  FOLLOWER to FOLLOWER at term 117 for recognizeCandidate:d6dfcdd7-fc6e-4b51-b91e-b64503dadc5e
2019-10-17 21:54:57,988 [grpc-default-executor-12] INFO  impl.RaftServerImpl (RaftServerImpl.java:setRole(184)) - da15dfee-23f0-4dc4-ad77-c00156c49cfa@group-F967393F7C93: changes role from  FOLLOWER to FOLLOWER at term 117 for recognizeCandidate:d6dfcdd7-fc6e-4b51-b91e-b64503dadc5e
2019-10-17 21:54:57,989 [grpc-default-executor-12] INFO  impl.RoleInfo (RoleInfo.java:shutdownFollowerState(121)) - da15dfee-23f0-4dc4-ad77-c00156c49cfa: shutdown FollowerState
2019-10-17 21:54:57,988 [grpc-default-executor-11] INFO  impl.RoleInfo (RoleInfo.java:shutdownFollowerState(121)) - 08d4cbaa-ffed-4411-a5fd-c4a38026aead: shutdown FollowerState
2019-10-17 21:54:57,989 [Thread-1390] INFO  impl.FollowerState (FollowerState.java:run(117)) - da15dfee-23f0-4dc4-ad77-c00156c49cfa@group-F967393F7C93-FollowerState was interrupted: java.lang.InterruptedException: sleep interrupted
2019-10-17 21:54:57,989 [grpc-default-executor-12] INFO  impl.RoleInfo (RoleInfo.java:updateAndGet(143)) - da15dfee-23f0-4dc4-ad77-c00156c49cfa: start FollowerState
2019-10-17 21:54:57,989 [Thread-1391] INFO  impl.FollowerState (FollowerState.java:run(117)) - 08d4cbaa-ffed-4411-a5fd-c4a38026aead@group-F967393F7C93-FollowerState was interrupted: java.lang.InterruptedException: sleep interrupted
2019-10-17 21:54:57,989 [grpc-default-executor-11] INFO  impl.RoleInfo (RoleInfo.java:updateAndGet(143)) - 08d4cbaa-ffed-4411-a5fd-c4a38026aead: start FollowerState
2019-10-17 21:54:58,009 [d6dfcdd7-fc6e-4b51-b91e-b64503dadc5e@group-F967393F7C93-LeaderElection127] INFO  impl.LeaderElection (LeaderElection.java:logAndReturn(56)) - d6dfcdd7-fc6e-4b51-b91e-b64503dadc5e@group-F967393F7C93-LeaderElection127: Election REJECTED; received 2 response(s) [d6dfcdd7-fc6e-4b51-b91e-b64503dadc5e<-08d4cbaa-ffed-4411-a5fd-c4a38026aead#0:FAIL-t117, d6dfcdd7-fc6e-4b51-b91e-b64503dadc5e<-da15dfee-23f0-4dc4-ad77-c00156c49cfa#0:FAIL-t117] and 0 exception(s); d6dfcdd7-fc6e-4b51-b91e-b64503dadc5e@group-F967393F7C93:t117, leader=null, voted=d6dfcdd7-fc6e-4b51-b91e-b64503dadc5e, raftlog=d6dfcdd7-fc6e-4b51-b91e-b64503dadc5e@group-F967393F7C93-SegmentedRaftLog:OPENED:c-1,f-1,i0, conf=-1: [08d4cbaa-ffed-4411-a5fd-c4a38026aead:192.168.157.223:33910, da15dfee-23f0-4dc4-ad77-c00156c49cfa:192.168.157.223:42172, d6dfcdd7-fc6e-4b51-b91e-b64503dadc5e:192.168.157.223:43575], old=null
2019-10-17 21:54:58,010 [d6dfcdd7-fc6e-4b51-b91e-b64503dadc5e@group-F967393F7C93-LeaderElection127] INFO  impl.RaftServerImpl (RaftServerImpl.java:setRole(184)) - d6dfcdd7-fc6e-4b51-b91e-b64503dadc5e@group-F967393F7C93: changes role from CANDIDATE to FOLLOWER at term 117 for DISCOVERED_A_NEW_TERM
2019-10-17 21:54:58,010 [d6dfcdd7-fc6e-4b51-b91e-b64503dadc5e@group-F967393F7C93-LeaderElection127] INFO  impl.RoleInfo (RoleInfo.java:shutdownLeaderElection(134)) - d6dfcdd7-fc6e-4b51-b91e-b64503dadc5e: shutdown LeaderElection
2019-10-17 21:54:58,010 [d6dfcdd7-fc6e-4b51-b91e-b64503dadc5e@group-F967393F7C93-LeaderElection127] INFO  impl.RoleInfo (RoleInfo.java:updateAndGet(143)) - d6dfcdd7-fc6e-4b51-b91e-b64503dadc5e: start FollowerState
2019-10-17 21:54:58,087 [Thread-1398] INFO  impl.FollowerState (FollowerState.java:run(108)) - d6dfcdd7-fc6e-4b51-b91e-b64503dadc5e@group-F967393F7C93-FollowerState: change to CANDIDATE, lastRpcTime:77ms, electionTimeout:77ms
2019-10-17 21:54:58,088 [Thread-1398] INFO  impl.RoleInfo (RoleInfo.java:shutdownFollowerState(121)) - d6dfcdd7-fc6e-4b51-b91e-b64503dadc5e: shutdown FollowerState
2019-10-17 21:54:58,088 [Thread-1398] INFO  impl.RaftServerImpl (RaftServerImpl.java:setRole(184)) - d6dfcdd7-fc6e-4b51-b91e-b64503dadc5e@group-F967393F7C93: changes role from  FOLLOWER to CANDIDATE at term 117 for changeToCandidate
2019-10-17 21:54:58,088 [Thread-1398] INFO  impl.RoleInfo (RoleInfo.java:updateAndGet(143)) - d6dfcdd7-fc6e-4b51-b91e-b64503dadc5e: start LeaderElection
2019-10-17 21:54:58,103 [d6dfcdd7-fc6e-4b51-b91e-b64503dadc5e@group-F967393F7C93-LeaderElection128] INFO  impl.LeaderElection (LeaderElection.java:askForVotes(178)) - d6dfcdd7-fc6e-4b51-b91e-b64503dadc5e@group-F967393F7C93-LeaderElection128: begin an election at term 118 for -1: [08d4cbaa-ffed-4411-a5fd-c4a38026aead:192.168.157.223:33910, da15dfee-23f0-4dc4-ad77-c00156c49cfa:192.168.157.223:42172, d6dfcdd7-fc6e-4b51-b91e-b64503dadc5e:192.168.157.223:43575], old=null
2019-10-17 21:54:58,105 [grpc-default-executor-11] INFO  impl.RaftServerImpl (RaftServerImpl.java:setRole(184)) - da15dfee-23f0-4dc4-ad77-c00156c49cfa@group-F967393F7C93: changes role from  FOLLOWER to FOLLOWER at term 118 for recognizeCandidate:d6dfcdd7-fc6e-4b51-b91e-b64503dadc5e
2019-10-17 21:54:58,105 [grpc-default-executor-11] INFO  impl.RoleInfo (RoleInfo.java:shutdownFollowerState(121)) - da15dfee-23f0-4dc4-ad77-c00156c49cfa: shutdown FollowerState
2019-10-17 21:54:58,105 [grpc-default-executor-12] INFO  impl.RaftServerImpl (RaftServerImpl.java:setRole(184)) - 08d4cbaa-ffed-4411-a5fd-c4a38026aead@group-F967393F7C93: changes role from  FOLLOWER to FOLLOWER at term 118 for recognizeCandidate:d6dfcdd7-fc6e-4b51-b91e-b64503dadc5e
2019-10-17 21:54:58,105 [Thread-1396] INFO  impl.FollowerState (FollowerState.java:run(117)) - da15dfee-23f0-4dc4-ad77-c00156c49cfa@group-F967393F7C93-FollowerState was interrupted: java.lang.InterruptedException: sleep interrupted
2019-10-17 21:54:58,105 [grpc-default-executor-12] INFO  impl.RoleInfo (RoleInfo.java:shutdownFollowerState(121)) - 08d4cbaa-ffed-4411-a5fd-c4a38026aead: shutdown FollowerState
2019-10-17 21:54:58,105 [grpc-default-executor-11] INFO  impl.RoleInfo (RoleInfo.java:updateAndGet(143)) - da15dfee-23f0-4dc4-ad77-c00156c49cfa: start FollowerState
2019-10-17 21:54:58,106 [Thread-1397] INFO  impl.FollowerState (FollowerState.java:run(117)) - 08d4cbaa-ffed-4411-a5fd-c4a38026aead@group-F967393F7C93-FollowerState was interrupted: java.lang.InterruptedException: sleep interrupted
2019-10-17 21:54:58,106 [grpc-default-executor-12] INFO  impl.RoleInfo (RoleInfo.java:updateAndGet(143)) - 08d4cbaa-ffed-4411-a5fd-c4a38026aead: start FollowerState
2019-10-17 21:54:58,120 [d6dfcdd7-fc6e-4b51-b91e-b64503dadc5e@group-F967393F7C93-LeaderElection128] INFO  impl.LeaderElection (LeaderElection.java:logAndReturn(56)) - d6dfcdd7-fc6e-4b51-b91e-b64503dadc5e@group-F967393F7C93-LeaderElection128: Election REJECTED; received 2 response(s) [d6dfcdd7-fc6e-4b51-b91e-b64503dadc5e<-08d4cbaa-ffed-4411-a5fd-c4a38026aead#0:FAIL-t118, d6dfcdd7-fc6e-4b51-b91e-b64503dadc5e<-da15dfee-23f0-4dc4-ad77-c00156c49cfa#0:FAIL-t118] and 0 exception(s); d6dfcdd7-fc6e-4b51-b91e-b64503dadc5e@group-F967393F7C93:t118, leader=null, voted=d6dfcdd7-fc6e-4b51-b91e-b64503dadc5e, raftlog=d6dfcdd7-fc6e-4b51-b91e-b64503dadc5e@group-F967393F7C93-SegmentedRaftLog:OPENED:c-1,f-1,i0, conf=-1: [08d4cbaa-ffed-4411-a5fd-c4a38026aead:192.168.157.223:33910, da15dfee-23f0-4dc4-ad77-c00156c49cfa:192.168.157.223:42172, d6dfcdd7-fc6e-4b51-b91e-b64503dadc5e:192.168.157.223:43575], old=null
2019-10-17 21:54:58,121 [d6dfcdd7-fc6e-4b51-b91e-b64503dadc5e@group-F967393F7C93-LeaderElection128] INFO  impl.RaftServerImpl (RaftServerImpl.java:setRole(184)) - d6dfcdd7-fc6e-4b51-b91e-b64503dadc5e@group-F967393F7C93: changes role from CANDIDATE to FOLLOWER at term 118 for DISCOVERED_A_NEW_TERM
2019-10-17 21:54:58,121 [d6dfcdd7-fc6e-4b51-b91e-b64503dadc5e@group-F967393F7C93-LeaderElection128] INFO  impl.RoleInfo (RoleInfo.java:shutdownLeaderElection(134)) - d6dfcdd7-fc6e-4b51-b91e-b64503dadc5e: shutdown LeaderElection
2019-10-17 21:54:58,121 [d6dfcdd7-fc6e-4b51-b91e-b64503dadc5e@group-F967393F7C93-LeaderElection128] INFO  impl.RoleInfo (RoleInfo.java:updateAndGet(143)) - d6dfcdd7-fc6e-4b51-b91e-b64503dadc5e: start FollowerState
2019-10-17 21:54:58,316 [Thread-1404] INFO  impl.FollowerState (FollowerState.java:run(108)) - d6dfcdd7-fc6e-4b51-b91e-b64503dadc5e@group-F967393F7C93-FollowerState: change to CANDIDATE, lastRpcTime:195ms, electionTimeout:195ms
2019-10-17 21:54:58,317 [Thread-1404] INFO  impl.RoleInfo (RoleInfo.java:shutdownFollowerState(121)) - d6dfcdd7-fc6e-4b51-b91e-b64503dadc5e: shutdown FollowerState
2019-10-17 21:54:58,317 [Thread-1404] INFO  impl.RaftServerImpl (RaftServerImpl.java:setRole(184)) - d6dfcdd7-fc6e-4b51-b91e-b64503dadc5e@group-F967393F7C93: changes role from  FOLLOWER to CANDIDATE at term 118 for changeToCandidate
2019-10-17 21:54:58,317 [Thread-1404] INFO  impl.RoleInfo (RoleInfo.java:updateAndGet(143)) - d6dfcdd7-fc6e-4b51-b91e-b64503dadc5e: start LeaderElection
2019-10-17 21:54:58,330 [d6dfcdd7-fc6e-4b51-b91e-b64503dadc5e@group-F967393F7C93-LeaderElection129] INFO  impl.LeaderElection (LeaderElection.java:askForVotes(178)) - d6dfcdd7-fc6e-4b51-b91e-b64503dadc5e@group-F967393F7C93-LeaderElection129: begin an election at term 119 for -1: [08d4cbaa-ffed-4411-a5fd-c4a38026aead:192.168.157.223:33910, da15dfee-23f0-4dc4-ad77-c00156c49cfa:192.168.157.223:42172, d6dfcdd7-fc6e-4b51-b91e-b64503dadc5e:192.168.157.223:43575], old=null
2019-10-17 21:54:58,333 [grpc-default-executor-12] INFO  impl.RaftServerImpl (RaftServerImpl.java:setRole(184)) - 08d4cbaa-ffed-4411-a5fd-c4a38026aead@group-F967393F7C93: changes role from  FOLLOWER to FOLLOWER at term 119 for recognizeCandidate:d6dfcdd7-fc6e-4b51-b91e-b64503dadc5e
2019-10-17 21:54:58,333 [grpc-default-executor-12] INFO  impl.RoleInfo (RoleInfo.java:shutdownFollowerState(121)) - 08d4cbaa-ffed-4411-a5fd-c4a38026aead: shutdown FollowerState
2019-10-17 21:54:58,333 [grpc-default-executor-11] INFO  impl.RaftServerImpl (RaftServerImpl.java:setRole(184)) - da15dfee-23f0-4dc4-ad77-c00156c49cfa@group-F967393F7C93: changes role from  FOLLOWER to FOLLOWER at term 119 for recognizeCandidate:d6dfcdd7-fc6e-4b51-b91e-b64503dadc5e
2019-10-17 21:54:58,333 [Thread-1403] INFO  impl.FollowerState (FollowerState.java:run(117)) - 08d4cbaa-ffed-4411-a5fd-c4a38026aead@group-F967393F7C93-FollowerState was interrupted: java.lang.InterruptedException: sleep interrupted
2019-10-17 21:54:58,333 [grpc-default-executor-12] INFO  impl.RoleInfo (RoleInfo.java:updateAndGet(143)) - 08d4cbaa-ffed-4411-a5fd-c4a38026aead: start FollowerState
2019-10-17 21:54:58,333 [grpc-default-executor-11] INFO  impl.RoleInfo (RoleInfo.java:shutdownFollowerState(121)) - da15dfee-23f0-4dc4-ad77-c00156c49cfa: shutdown FollowerState
2019-10-17 21:54:58,334 [grpc-default-executor-11] INFO  impl.RoleInfo (RoleInfo.java:updateAndGet(143)) - da15dfee-23f0-4dc4-ad77-c00156c49cfa: start FollowerState
2019-10-17 21:54:58,334 [Thread-1402] INFO  impl.FollowerState (FollowerState.java:run(117)) - da15dfee-23f0-4dc4-ad77-c00156c49cfa@group-F967393F7C93-FollowerState was interrupted: java.lang.InterruptedException: sleep interrupted
2019-10-17 21:54:58,347 [d6dfcdd7-fc6e-4b51-b91e-b64503dadc5e@group-F967393F7C93-LeaderElection129] INFO  impl.LeaderElection (LeaderElection.java:logAndReturn(56)) - d6dfcdd7-fc6e-4b51-b91e-b64503dadc5e@group-F967393F7C93-LeaderElection129: Election REJECTED; received 2 response(s) [d6dfcdd7-fc6e-4b51-b91e-b64503dadc5e<-08d4cbaa-ffed-4411-a5fd-c4a38026aead#0:FAIL-t119, d6dfcdd7-fc6e-4b51-b91e-b64503dadc5e<-da15dfee-23f0-4dc4-ad77-c00156c49cfa#0:FAIL-t119] and 0 exception(s); d6dfcdd7-fc6e-4b51-b91e-b64503dadc5e@group-F967393F7C93:t119, leader=null, voted=d6dfcdd7-fc6e-4b51-b91e-b64503dadc5e, raftlog=d6dfcdd7-fc6e-4b51-b91e-b64503dadc5e@group-F967393F7C93-SegmentedRaftLog:OPENED:c-1,f-1,i0, conf=-1: [08d4cbaa-ffed-4411-a5fd-c4a38026aead:192.168.157.223:33910, da15dfee-23f0-4dc4-ad77-c00156c49cfa:192.168.157.223:42172, d6dfcdd7-fc6e-4b51-b91e-b64503dadc5e:192.168.157.223:43575], old=null
2019-10-17 21:54:58,348 [d6dfcdd7-fc6e-4b51-b91e-b64503dadc5e@group-F967393F7C93-LeaderElection129] INFO  impl.RaftServerImpl (RaftServerImpl.java:setRole(184)) - d6dfcdd7-fc6e-4b51-b91e-b64503dadc5e@group-F967393F7C93: changes role from CANDIDATE to FOLLOWER at term 119 for DISCOVERED_A_NEW_TERM
2019-10-17 21:54:58,348 [d6dfcdd7-fc6e-4b51-b91e-b64503dadc5e@group-F967393F7C93-LeaderElection129] INFO  impl.RoleInfo (RoleInfo.java:shutdownLeaderElection(134)) - d6dfcdd7-fc6e-4b51-b91e-b64503dadc5e: shutdown LeaderElection
2019-10-17 21:54:58,348 [d6dfcdd7-fc6e-4b51-b91e-b64503dadc5e@group-F967393F7C93-LeaderElection129] INFO  impl.RoleInfo (RoleInfo.java:updateAndGet(143)) - d6dfcdd7-fc6e-4b51-b91e-b64503dadc5e: start FollowerState
2019-10-17 21:54:58,461 [Thread-1414] INFO  impl.FollowerState (FollowerState.java:run(108)) - d6dfcdd7-fc6e-4b51-b91e-b64503dadc5e@group-F967393F7C93-FollowerState: change to CANDIDATE, lastRpcTime:113ms, electionTimeout:113ms
2019-10-17 21:54:58,461 [Thread-1414] INFO  impl.RoleInfo (RoleInfo.java:shutdownFollowerState(121)) - d6dfcdd7-fc6e-4b51-b91e-b64503dadc5e: shutdown FollowerState
2019-10-17 21:54:58,461 [Thread-1414] INFO  impl.RaftServerImpl (RaftServerImpl.java:setRole(184)) - d6dfcdd7-fc6e-4b51-b91e-b64503dadc5e@group-F967393F7C93: changes role from  FOLLOWER to CANDIDATE at term 119 for changeToCandidate
2019-10-17 21:54:58,462 [Thread-1414] INFO  impl.RoleInfo (RoleInfo.java:updateAndGet(143)) - d6dfcdd7-fc6e-4b51-b91e-b64503dadc5e: start LeaderElection
2019-10-17 21:54:58,475 [d6dfcdd7-fc6e-4b51-b91e-b64503dadc5e@group-F967393F7C93-LeaderElection130] INFO  impl.LeaderElection (LeaderElection.java:askForVotes(178)) - d6dfcdd7-fc6e-4b51-b91e-b64503dadc5e@group-F967393F7C93-LeaderElection130: begin an election at term 120 for -1: [08d4cbaa-ffed-4411-a5fd-c4a38026aead:192.168.157.223:33910, da15dfee-23f0-4dc4-ad77-c00156c49cfa:192.168.157.223:42172, d6dfcdd7-fc6e-4b51-b91e-b64503dadc5e:192.168.157.223:43575], old=null
2019-10-17 21:54:58,477 [grpc-default-executor-12] INFO  impl.RaftServerImpl (RaftServerImpl.java:setRole(184)) - 08d4cbaa-ffed-4411-a5fd-c4a38026aead@group-F967393F7C93: changes role from  FOLLOWER to FOLLOWER at term 120 for recognizeCandidate:d6dfcdd7-fc6e-4b51-b91e-b64503dadc5e
2019-10-17 21:54:58,478 [grpc-default-executor-12] INFO  impl.RoleInfo (RoleInfo.java:shutdownFollowerState(121)) - 08d4cbaa-ffed-4411-a5fd-c4a38026aead: shutdown FollowerState
2019-10-17 21:54:58,477 [grpc-default-executor-11] INFO  impl.RaftServerImpl (RaftServerImpl.java:setRole(184)) - da15dfee-23f0-4dc4-ad77-c00156c49cfa@group-F967393F7C93: changes role from  FOLLOWER to FOLLOWER at term 120 for recognizeCandidate:d6dfcdd7-fc6e-4b51-b91e-b64503dadc5e
2019-10-17 21:54:58,478 [Thread-1412] INFO  impl.FollowerState (FollowerState.java:run(117)) - 08d4cbaa-ffed-4411-a5fd-c4a38026aead@group-F967393F7C93-FollowerState was interrupted: java.lang.InterruptedException: sleep interrupted
2019-10-17 21:54:58,478 [grpc-default-executor-12] INFO  impl.RoleInfo (RoleInfo.java:updateAndGet(143)) - 08d4cbaa-ffed-4411-a5fd-c4a38026aead: start FollowerState
2019-10-17 21:54:58,478 [grpc-default-executor-11] INFO  impl.RoleInfo (RoleInfo.java:shutdownFollowerState(121)) - da15dfee-23f0-4dc4-ad77-c00156c49cfa: shutdown FollowerState
2019-10-17 21:54:58,479 [grpc-default-executor-11] INFO  impl.RoleInfo (RoleInfo.java:updateAndGet(143)) - da15dfee-23f0-4dc4-ad77-c00156c49cfa: start FollowerState
2019-10-17 21:54:58,479 [Thread-1413] INFO  impl.FollowerState (FollowerState.java:run(117)) - da15dfee-23f0-4dc4-ad77-c00156c49cfa@group-F967393F7C93-FollowerState was interrupted: java.lang.InterruptedException: sleep interrupted
2019-10-17 21:54:58,493 [d6dfcdd7-fc6e-4b51-b91e-b64503dadc5e@group-F967393F7C93-LeaderElection130] INFO  impl.LeaderElection (LeaderElection.java:logAndReturn(56)) - d6dfcdd7-fc6e-4b51-b91e-b64503dadc5e@group-F967393F7C93-LeaderElection130: Election REJECTED; received 2 response(s) [d6dfcdd7-fc6e-4b51-b91e-b64503dadc5e<-08d4cbaa-ffed-4411-a5fd-c4a38026aead#0:FAIL-t120, d6dfcdd7-fc6e-4b51-b91e-b64503dadc5e<-da15dfee-23f0-4dc4-ad77-c00156c49cfa#0:FAIL-t120] and 0 exception(s); d6dfcdd7-fc6e-4b51-b91e-b64503dadc5e@group-F967393F7C93:t120, leader=null, voted=d6dfcdd7-fc6e-4b51-b91e-b64503dadc5e, raftlog=d6dfcdd7-fc6e-4b51-b91e-b64503dadc5e@group-F967393F7C93-SegmentedRaftLog:OPENED:c-1,f-1,i0, conf=-1: [08d4cbaa-ffed-4411-a5fd-c4a38026aead:192.168.157.223:33910, da15dfee-23f0-4dc4-ad77-c00156c49cfa:192.168.157.223:42172, d6dfcdd7-fc6e-4b51-b91e-b64503dadc5e:192.168.157.223:43575], old=null
2019-10-17 21:54:58,493 [d6dfcdd7-fc6e-4b51-b91e-b64503dadc5e@group-F967393F7C93-LeaderElection130] INFO  impl.RaftServerImpl (RaftServerImpl.java:setRole(184)) - d6dfcdd7-fc6e-4b51-b91e-b64503dadc5e@group-F967393F7C93: changes role from CANDIDATE to FOLLOWER at term 120 for DISCOVERED_A_NEW_TERM
2019-10-17 21:54:58,493 [d6dfcdd7-fc6e-4b51-b91e-b64503dadc5e@group-F967393F7C93-LeaderElection130] INFO  impl.RoleInfo (RoleInfo.java:shutdownLeaderElection(134)) - d6dfcdd7-fc6e-4b51-b91e-b64503dadc5e: shutdown LeaderElection
2019-10-17 21:54:58,494 [d6dfcdd7-fc6e-4b51-b91e-b64503dadc5e@group-F967393F7C93-LeaderElection130] INFO  impl.RoleInfo (RoleInfo.java:updateAndGet(143)) - d6dfcdd7-fc6e-4b51-b91e-b64503dadc5e: start FollowerState
2019-10-17 21:54:58,576 [Thread-1420] INFO  impl.FollowerState (FollowerState.java:run(108)) - d6dfcdd7-fc6e-4b51-b91e-b64503dadc5e@group-F967393F7C93-FollowerState: change to CANDIDATE, lastRpcTime:82ms, electionTimeout:82ms
2019-10-17 21:54:58,576 [Thread-1420] INFO  impl.RoleInfo (RoleInfo.java:shutdownFollowerState(121)) - d6dfcdd7-fc6e-4b51-b91e-b64503dadc5e: shutdown FollowerState
2019-10-17 21:54:58,576 [Thread-1420] INFO  impl.RaftServerImpl (RaftServerImpl.java:setRole(184)) - d6dfcdd7-fc6e-4b51-b91e-b64503dadc5e@group-F967393F7C93: changes role from  FOLLOWER to CANDIDATE at term 120 for changeToCandidate
2019-10-17 21:54:58,577 [Thread-1420] INFO  impl.RoleInfo (RoleInfo.java:updateAndGet(143)) - d6dfcdd7-fc6e-4b51-b91e-b64503dadc5e: start LeaderElection
2019-10-17 21:54:58,590 [d6dfcdd7-fc6e-4b51-b91e-b64503dadc5e@group-F967393F7C93-LeaderElection131] INFO  impl.LeaderElection (LeaderElection.java:askForVotes(178)) - d6dfcdd7-fc6e-4b51-b91e-b64503dadc5e@group-F967393F7C93-LeaderElection131: begin an election at term 121 for -1: [08d4cbaa-ffed-4411-a5fd-c4a38026aead:192.168.157.223:33910, da15dfee-23f0-4dc4-ad77-c00156c49cfa:192.168.157.223:42172, d6dfcdd7-fc6e-4b51-b91e-b64503dadc5e:192.168.157.223:43575], old=null
2019-10-17 21:54:58,592 [grpc-default-executor-12] INFO  impl.RaftServerImpl (RaftServerImpl.java:setRole(184)) - 08d4cbaa-ffed-4411-a5fd-c4a38026aead@group-F967393F7C93: changes role from  FOLLOWER to FOLLOWER at term 121 for recognizeCandidate:d6dfcdd7-fc6e-4b51-b91e-b64503dadc5e
2019-10-17 21:54:58,592 [grpc-default-executor-11] INFO  impl.RaftServerImpl (RaftServerImpl.java:setRole(184)) - da15dfee-23f0-4dc4-ad77-c00156c49cfa@group-F967393F7C93: changes role from  FOLLOWER to FOLLOWER at term 121 for recognizeCandidate:d6dfcdd7-fc6e-4b51-b91e-b64503dadc5e
2019-10-17 21:54:58,592 [grpc-default-executor-11] INFO  impl.RoleInfo (RoleInfo.java:shutdownFollowerState(121)) - da15dfee-23f0-4dc4-ad77-c00156c49cfa: shutdown FollowerState
2019-10-17 21:54:58,592 [grpc-default-executor-12] INFO  impl.RoleInfo (RoleInfo.java:shutdownFollowerState(121)) - 08d4cbaa-ffed-4411-a5fd-c4a38026aead: shutdown FollowerState
2019-10-17 21:54:58,593 [Thread-1419] INFO  impl.FollowerState (FollowerState.java:run(117)) - da15dfee-23f0-4dc4-ad77-c00156c49cfa@group-F967393F7C93-FollowerState was interrupted: java.lang.InterruptedException: sleep interrupted
2019-10-17 21:54:58,593 [grpc-default-executor-11] INFO  impl.RoleInfo (RoleInfo.java:updateAndGet(143)) - da15dfee-23f0-4dc4-ad77-c00156c49cfa: start FollowerState
2019-10-17 21:54:58,593 [grpc-default-executor-12] INFO  impl.RoleInfo (RoleInfo.java:updateAndGet(143)) - 08d4cbaa-ffed-4411-a5fd-c4a38026aead: start FollowerState
2019-10-17 21:54:58,593 [Thread-1418] INFO  impl.FollowerState (FollowerState.java:run(117)) - 08d4cbaa-ffed-4411-a5fd-c4a38026aead@group-F967393F7C93-FollowerState was interrupted: java.lang.InterruptedException: sleep interrupted
2019-10-17 21:54:58,608 [d6dfcdd7-fc6e-4b51-b91e-b64503dadc5e@group-F967393F7C93-LeaderElection131] INFO  impl.LeaderElection (LeaderElection.java:logAndReturn(56)) - d6dfcdd7-fc6e-4b51-b91e-b64503dadc5e@group-F967393F7C93-LeaderElection131: Election REJECTED; received 2 response(s) [d6dfcdd7-fc6e-4b51-b91e-b64503dadc5e<-08d4cbaa-ffed-4411-a5fd-c4a38026aead#0:FAIL-t121, d6dfcdd7-fc6e-4b51-b91e-b64503dadc5e<-da15dfee-23f0-4dc4-ad77-c00156c49cfa#0:FAIL-t121] and 0 exception(s); d6dfcdd7-fc6e-4b51-b91e-b64503dadc5e@group-F967393F7C93:t121, leader=null, voted=d6dfcdd7-fc6e-4b51-b91e-b64503dadc5e, raftlog=d6dfcdd7-fc6e-4b51-b91e-b64503dadc5e@group-F967393F7C93-SegmentedRaftLog:OPENED:c-1,f-1,i0, conf=-1: [08d4cbaa-ffed-4411-a5fd-c4a38026aead:192.168.157.223:33910, da15dfee-23f0-4dc4-ad77-c00156c49cfa:192.168.157.223:42172, d6dfcdd7-fc6e-4b51-b91e-b64503dadc5e:192.168.157.223:43575], old=null
2019-10-17 21:54:58,608 [d6dfcdd7-fc6e-4b51-b91e-b64503dadc5e@group-F967393F7C93-LeaderElection131] INFO  impl.RaftServerImpl (RaftServerImpl.java:setRole(184)) - d6dfcdd7-fc6e-4b51-b91e-b64503dadc5e@group-F967393F7C93: changes role from CANDIDATE to FOLLOWER at term 121 for DISCOVERED_A_NEW_TERM
2019-10-17 21:54:58,608 [d6dfcdd7-fc6e-4b51-b91e-b64503dadc5e@group-F967393F7C93-LeaderElection131] INFO  impl.RoleInfo (RoleInfo.java:shutdownLeaderElection(134)) - d6dfcdd7-fc6e-4b51-b91e-b64503dadc5e: shutdown LeaderElection
2019-10-17 21:54:58,608 [d6dfcdd7-fc6e-4b51-b91e-b64503dadc5e@group-F967393F7C93-LeaderElection131] INFO  impl.RoleInfo (RoleInfo.java:updateAndGet(143)) - d6dfcdd7-fc6e-4b51-b91e-b64503dadc5e: start FollowerState
2019-10-17 21:54:58,705 [Thread-1426] INFO  impl.FollowerState (FollowerState.java:run(108)) - d6dfcdd7-fc6e-4b51-b91e-b64503dadc5e@group-F967393F7C93-FollowerState: change to CANDIDATE, lastRpcTime:97ms, electionTimeout:97ms
2019-10-17 21:54:58,706 [Thread-1426] INFO  impl.RoleInfo (RoleInfo.java:shutdownFollowerState(121)) - d6dfcdd7-fc6e-4b51-b91e-b64503dadc5e: shutdown FollowerState
2019-10-17 21:54:58,706 [Thread-1426] INFO  impl.RaftServerImpl (RaftServerImpl.java:setRole(184)) - d6dfcdd7-fc6e-4b51-b91e-b64503dadc5e@group-F967393F7C93: changes role from  FOLLOWER to CANDIDATE at term 121 for changeToCandidate
2019-10-17 21:54:58,706 [Thread-1426] INFO  impl.RoleInfo (RoleInfo.java:updateAndGet(143)) - d6dfcdd7-fc6e-4b51-b91e-b64503dadc5e: start LeaderElection
2019-10-17 21:54:58,719 [d6dfcdd7-fc6e-4b51-b91e-b64503dadc5e@group-F967393F7C93-LeaderElection132] INFO  impl.LeaderElection (LeaderElection.java:askForVotes(178)) - d6dfcdd7-fc6e-4b51-b91e-b64503dadc5e@group-F967393F7C93-LeaderElection132: begin an election at term 122 for -1: [08d4cbaa-ffed-4411-a5fd-c4a38026aead:192.168.157.223:33910, da15dfee-23f0-4dc4-ad77-c00156c49cfa:192.168.157.223:42172, d6dfcdd7-fc6e-4b51-b91e-b64503dadc5e:192.168.157.223:43575], old=null
2019-10-17 21:54:58,722 [grpc-default-executor-11] INFO  impl.RaftServerImpl (RaftServerImpl.java:setRole(184)) - 08d4cbaa-ffed-4411-a5fd-c4a38026aead@group-F967393F7C93: changes role from  FOLLOWER to FOLLOWER at term 122 for recognizeCandidate:d6dfcdd7-fc6e-4b51-b91e-b64503dadc5e
2019-10-17 21:54:58,722 [grpc-default-executor-12] INFO  impl.RaftServerImpl (RaftServerImpl.java:setRole(184)) - da15dfee-23f0-4dc4-ad77-c00156c49cfa@group-F967393F7C93: changes role from  FOLLOWER to FOLLOWER at term 122 for recognizeCandidate:d6dfcdd7-fc6e-4b51-b91e-b64503dadc5e
2019-10-17 21:54:58,722 [grpc-default-executor-11] INFO  impl.RoleInfo (RoleInfo.java:shutdownFollowerState(121)) - 08d4cbaa-ffed-4411-a5fd-c4a38026aead: shutdown FollowerState
2019-10-17 21:54:58,722 [grpc-default-executor-12] INFO  impl.RoleInfo (RoleInfo.java:shutdownFollowerState(121)) - da15dfee-23f0-4dc4-ad77-c00156c49cfa: shutdown FollowerState
2019-10-17 21:54:58,722 [Thread-1425] INFO  impl.FollowerState (FollowerState.java:run(117)) - 08d4cbaa-ffed-4411-a5fd-c4a38026aead@group-F967393F7C93-FollowerState was interrupted: java.lang.InterruptedException: sleep interrupted
2019-10-17 21:54:58,722 [grpc-default-executor-11] INFO  impl.RoleInfo (RoleInfo.java:updateAndGet(143)) - 08d4cbaa-ffed-4411-a5fd-c4a38026aead: start FollowerState
2019-10-17 21:54:58,723 [Thread-1424] INFO  impl.FollowerState (FollowerState.java:run(117)) - da15dfee-23f0-4dc4-ad77-c00156c49cfa@group-F967393F7C93-FollowerState was interrupted: java.lang.InterruptedException: sleep interrupted
2019-10-17 21:54:58,722 [grpc-default-executor-12] INFO  impl.RoleInfo (RoleInfo.java:updateAndGet(143)) - da15dfee-23f0-4dc4-ad77-c00156c49cfa: start FollowerState
2019-10-17 21:54:58,745 [d6dfcdd7-fc6e-4b51-b91e-b64503dadc5e@group-F967393F7C93-LeaderElection132] INFO  impl.LeaderElection (LeaderElection.java:logAndReturn(56)) - d6dfcdd7-fc6e-4b51-b91e-b64503dadc5e@group-F967393F7C93-LeaderElection132: Election TIMEOUT; received 0 response(s) [] and 0 exception(s); d6dfcdd7-fc6e-4b51-b91e-b64503dadc5e@group-F967393F7C93:t122, leader=null, voted=d6dfcdd7-fc6e-4b51-b91e-b64503dadc5e, raftlog=d6dfcdd7-fc6e-4b51-b91e-b64503dadc5e@group-F967393F7C93-SegmentedRaftLog:OPENED:c-1,f-1,i0, conf=-1: [08d4cbaa-ffed-4411-a5fd-c4a38026aead:192.168.157.223:33910, da15dfee-23f0-4dc4-ad77-c00156c49cfa:192.168.157.223:42172, d6dfcdd7-fc6e-4b51-b91e-b64503dadc5e:192.168.157.223:43575], old=null
2019-10-17 21:54:58,759 [d6dfcdd7-fc6e-4b51-b91e-b64503dadc5e@group-F967393F7C93-LeaderElection132] INFO  impl.LeaderElection (LeaderElection.java:askForVotes(178)) - d6dfcdd7-fc6e-4b51-b91e-b64503dadc5e@group-F967393F7C93-LeaderElection132: begin an election at term 123 for -1: [08d4cbaa-ffed-4411-a5fd-c4a38026aead:192.168.157.223:33910, da15dfee-23f0-4dc4-ad77-c00156c49cfa:192.168.157.223:42172, d6dfcdd7-fc6e-4b51-b91e-b64503dadc5e:192.168.157.223:43575], old=null
2019-10-17 21:54:58,761 [grpc-default-executor-12] INFO  impl.RaftServerImpl (RaftServerImpl.java:setRole(184)) - da15dfee-23f0-4dc4-ad77-c00156c49cfa@group-F967393F7C93: changes role from  FOLLOWER to FOLLOWER at term 123 for recognizeCandidate:d6dfcdd7-fc6e-4b51-b91e-b64503dadc5e
2019-10-17 21:54:58,761 [grpc-default-executor-12] INFO  impl.RoleInfo (RoleInfo.java:shutdownFollowerState(121)) - da15dfee-23f0-4dc4-ad77-c00156c49cfa: shutdown FollowerState
2019-10-17 21:54:58,761 [grpc-default-executor-9] INFO  impl.RaftServerImpl (RaftServerImpl.java:setRole(184)) - 08d4cbaa-ffed-4411-a5fd-c4a38026aead@group-F967393F7C93: changes role from  FOLLOWER to FOLLOWER at term 123 for recognizeCandidate:d6dfcdd7-fc6e-4b51-b91e-b64503dadc5e
2019-10-17 21:54:58,761 [grpc-default-executor-9] INFO  impl.RoleInfo (RoleInfo.java:shutdownFollowerState(121)) - 08d4cbaa-ffed-4411-a5fd-c4a38026aead: shutdown FollowerState
2019-10-17 21:54:58,761 [Thread-1431] INFO  impl.FollowerState (FollowerState.java:run(117)) - da15dfee-23f0-4dc4-ad77-c00156c49cfa@group-F967393F7C93-FollowerState was interrupted: java.lang.InterruptedException: sleep interrupted
2019-10-17 21:54:58,761 [grpc-default-executor-12] INFO  impl.RoleInfo (RoleInfo.java:updateAndGet(143)) - da15dfee-23f0-4dc4-ad77-c00156c49cfa: start FollowerState
2019-10-17 21:54:58,762 [Thread-1430] INFO  impl.FollowerState (FollowerState.java:run(117)) - 08d4cbaa-ffed-4411-a5fd-c4a38026aead@group-F967393F7C93-FollowerState was interrupted: java.lang.InterruptedException: sleep interrupted
2019-10-17 21:54:58,762 [grpc-default-executor-9] INFO  impl.RoleInfo (RoleInfo.java:updateAndGet(143)) - 08d4cbaa-ffed-4411-a5fd-c4a38026aead: start FollowerState
2019-10-17 21:54:58,781 [d6dfcdd7-fc6e-4b51-b91e-b64503dadc5e@group-F967393F7C93-LeaderElection132] INFO  impl.LeaderElection (LeaderElection.java:logAndReturn(56)) - d6dfcdd7-fc6e-4b51-b91e-b64503dadc5e@group-F967393F7C93-LeaderElection132: Election REJECTED; received 2 response(s) [d6dfcdd7-fc6e-4b51-b91e-b64503dadc5e<-08d4cbaa-ffed-4411-a5fd-c4a38026aead#0:FAIL-t123, d6dfcdd7-fc6e-4b51-b91e-b64503dadc5e<-da15dfee-23f0-4dc4-ad77-c00156c49cfa#0:FAIL-t123] and 0 exception(s); d6dfcdd7-fc6e-4b51-b91e-b64503dadc5e@group-F967393F7C93:t123, leader=null, voted=d6dfcdd7-fc6e-4b51-b91e-b64503dadc5e, raftlog=d6dfcdd7-fc6e-4b51-b91e-b64503dadc5e@group-F967393F7C93-SegmentedRaftLog:OPENED:c-1,f-1,i0, conf=-1: [08d4cbaa-ffed-4411-a5fd-c4a38026aead:192.168.157.223:33910, da15dfee-23f0-4dc4-ad77-c00156c49cfa:192.168.157.223:42172, d6dfcdd7-fc6e-4b51-b91e-b64503dadc5e:192.168.157.223:43575], old=null
2019-10-17 21:54:58,781 [d6dfcdd7-fc6e-4b51-b91e-b64503dadc5e@group-F967393F7C93-LeaderElection132] INFO  impl.RaftServerImpl (RaftServerImpl.java:setRole(184)) - d6dfcdd7-fc6e-4b51-b91e-b64503dadc5e@group-F967393F7C93: changes role from CANDIDATE to FOLLOWER at term 123 for DISCOVERED_A_NEW_TERM
2019-10-17 21:54:58,781 [d6dfcdd7-fc6e-4b51-b91e-b64503dadc5e@group-F967393F7C93-LeaderElection132] INFO  impl.RoleInfo (RoleInfo.java:shutdownLeaderElection(134)) - d6dfcdd7-fc6e-4b51-b91e-b64503dadc5e: shutdown LeaderElection
2019-10-17 21:54:58,781 [d6dfcdd7-fc6e-4b51-b91e-b64503dadc5e@group-F967393F7C93-LeaderElection132] INFO  impl.RoleInfo (RoleInfo.java:updateAndGet(143)) - d6dfcdd7-fc6e-4b51-b91e-b64503dadc5e: start FollowerState
2019-10-17 21:54:58,833 [Thread-1438] INFO  impl.FollowerState (FollowerState.java:run(108)) - d6dfcdd7-fc6e-4b51-b91e-b64503dadc5e@group-F967393F7C93-FollowerState: change to CANDIDATE, lastRpcTime:51ms, electionTimeout:51ms
2019-10-17 21:54:58,833 [Thread-1438] INFO  impl.RoleInfo (RoleInfo.java:shutdownFollowerState(121)) - d6dfcdd7-fc6e-4b51-b91e-b64503dadc5e: shutdown FollowerState
2019-10-17 21:54:58,833 [Thread-1438] INFO  impl.RaftServerImpl (RaftServerImpl.java:setRole(184)) - d6dfcdd7-fc6e-4b51-b91e-b64503dadc5e@group-F967393F7C93: changes role from  FOLLOWER to CANDIDATE at term 123 for changeToCandidate
2019-10-17 21:54:58,833 [Thread-1438] INFO  impl.RoleInfo (RoleInfo.java:updateAndGet(143)) - d6dfcdd7-fc6e-4b51-b91e-b64503dadc5e: start LeaderElection
2019-10-17 21:54:58,847 [d6dfcdd7-fc6e-4b51-b91e-b64503dadc5e@group-F967393F7C93-LeaderElection133] INFO  impl.LeaderElection (LeaderElection.java:askForVotes(178)) - d6dfcdd7-fc6e-4b51-b91e-b64503dadc5e@group-F967393F7C93-LeaderElection133: begin an election at term 124 for -1: [08d4cbaa-ffed-4411-a5fd-c4a38026aead:192.168.157.223:33910, da15dfee-23f0-4dc4-ad77-c00156c49cfa:192.168.157.223:42172, d6dfcdd7-fc6e-4b51-b91e-b64503dadc5e:192.168.157.223:43575], old=null
2019-10-17 21:54:58,849 [grpc-default-executor-9] INFO  impl.RaftServerImpl (RaftServerImpl.java:setRole(184)) - 08d4cbaa-ffed-4411-a5fd-c4a38026aead@group-F967393F7C93: changes role from  FOLLOWER to FOLLOWER at term 124 for recognizeCandidate:d6dfcdd7-fc6e-4b51-b91e-b64503dadc5e
2019-10-17 21:54:58,849 [grpc-default-executor-9] INFO  impl.RoleInfo (RoleInfo.java:shutdownFollowerState(121)) - 08d4cbaa-ffed-4411-a5fd-c4a38026aead: shutdown FollowerState
2019-10-17 21:54:58,849 [grpc-default-executor-12] INFO  impl.RaftServerImpl (RaftServerImpl.java:setRole(184)) - da15dfee-23f0-4dc4-ad77-c00156c49cfa@group-F967393F7C93: changes role from  FOLLOWER to FOLLOWER at term 124 for recognizeCandidate:d6dfcdd7-fc6e-4b51-b91e-b64503dadc5e
2019-10-17 21:54:58,849 [grpc-default-executor-12] INFO  impl.RoleInfo (RoleInfo.java:shutdownFollowerState(121)) - da15dfee-23f0-4dc4-ad77-c00156c49cfa: shutdown FollowerState
2019-10-17 21:54:58,849 [Thread-1437] INFO  impl.FollowerState (FollowerState.java:run(117)) - 08d4cbaa-ffed-4411-a5fd-c4a38026aead@group-F967393F7C93-FollowerState was interrupted: java.lang.InterruptedException: sleep interrupted
2019-10-17 21:54:58,849 [grpc-default-executor-9] INFO  impl.RoleInfo (RoleInfo.java:updateAndGet(143)) - 08d4cbaa-ffed-4411-a5fd-c4a38026aead: start FollowerState
2019-10-17 21:54:58,849 [Thread-1435] INFO  impl.FollowerState (FollowerState.java:run(117)) - da15dfee-23f0-4dc4-ad77-c00156c49cfa@group-F967393F7C93-FollowerState was interrupted: java.lang.InterruptedException: sleep interrupted
2019-10-17 21:54:58,849 [grpc-default-executor-12] INFO  impl.RoleInfo (RoleInfo.java:updateAndGet(143)) - da15dfee-23f0-4dc4-ad77-c00156c49cfa: start FollowerState
2019-10-17 21:54:58,864 [d6dfcdd7-fc6e-4b51-b91e-b64503dadc5e@group-F967393F7C93-LeaderElection133] INFO  impl.LeaderElection (LeaderElection.java:logAndReturn(56)) - d6dfcdd7-fc6e-4b51-b91e-b64503dadc5e@group-F967393F7C93-LeaderElection133: Election REJECTED; received 2 response(s) [d6dfcdd7-fc6e-4b51-b91e-b64503dadc5e<-08d4cbaa-ffed-4411-a5fd-c4a38026aead#0:FAIL-t124, d6dfcdd7-fc6e-4b51-b91e-b64503dadc5e<-da15dfee-23f0-4dc4-ad77-c00156c49cfa#0:FAIL-t124] and 0 exception(s); d6dfcdd7-fc6e-4b51-b91e-b64503dadc5e@group-F967393F7C93:t124, leader=null, voted=d6dfcdd7-fc6e-4b51-b91e-b64503dadc5e, raftlog=d6dfcdd7-fc6e-4b51-b91e-b64503dadc5e@group-F967393F7C93-SegmentedRaftLog:OPENED:c-1,f-1,i0, conf=-1: [08d4cbaa-ffed-4411-a5fd-c4a38026aead:192.168.157.223:33910, da15dfee-23f0-4dc4-ad77-c00156c49cfa:192.168.157.223:42172, d6dfcdd7-fc6e-4b51-b91e-b64503dadc5e:192.168.157.223:43575], old=null
2019-10-17 21:54:58,864 [d6dfcdd7-fc6e-4b51-b91e-b64503dadc5e@group-F967393F7C93-LeaderElection133] INFO  impl.RaftServerImpl (RaftServerImpl.java:setRole(184)) - d6dfcdd7-fc6e-4b51-b91e-b64503dadc5e@group-F967393F7C93: changes role from CANDIDATE to FOLLOWER at term 124 for DISCOVERED_A_NEW_TERM
2019-10-17 21:54:58,864 [d6dfcdd7-fc6e-4b51-b91e-b64503dadc5e@group-F967393F7C93-LeaderElection133] INFO  impl.RoleInfo (RoleInfo.java:shutdownLeaderElection(134)) - d6dfcdd7-fc6e-4b51-b91e-b64503dadc5e: shutdown LeaderElection
2019-10-17 21:54:58,864 [d6dfcdd7-fc6e-4b51-b91e-b64503dadc5e@group-F967393F7C93-LeaderElection133] INFO  impl.RoleInfo (RoleInfo.java:updateAndGet(143)) - d6dfcdd7-fc6e-4b51-b91e-b64503dadc5e: start FollowerState
2019-10-17 21:54:59,017 [Thread-1446] INFO  impl.FollowerState (FollowerState.java:run(108)) - d6dfcdd7-fc6e-4b51-b91e-b64503dadc5e@group-F967393F7C93-FollowerState: change to CANDIDATE, lastRpcTime:153ms, electionTimeout:153ms
2019-10-17 21:54:59,018 [Thread-1446] INFO  impl.RoleInfo (RoleInfo.java:shutdownFollowerState(121)) - d6dfcdd7-fc6e-4b51-b91e-b64503dadc5e: shutdown FollowerState
2019-10-17 21:54:59,018 [Thread-1446] INFO  impl.RaftServerImpl (RaftServerImpl.java:setRole(184)) - d6dfcdd7-fc6e-4b51-b91e-b64503dadc5e@group-F967393F7C93: changes role from  FOLLOWER to CANDIDATE at term 124 for changeToCandidate
2019-10-17 21:54:59,018 [Thread-1446] INFO  impl.RoleInfo (RoleInfo.java:updateAndGet(143)) - d6dfcdd7-fc6e-4b51-b91e-b64503dadc5e: start LeaderElection
2019-10-17 21:54:59,044 [d6dfcdd7-fc6e-4b51-b91e-b64503dadc5e@group-F967393F7C93-LeaderElection134] INFO  impl.LeaderElection (LeaderElection.java:askForVotes(178)) - d6dfcdd7-fc6e-4b51-b91e-b64503dadc5e@group-F967393F7C93-LeaderElection134: begin an election at term 125 for -1: [08d4cbaa-ffed-4411-a5fd-c4a38026aead:192.168.157.223:33910, da15dfee-23f0-4dc4-ad77-c00156c49cfa:192.168.157.223:42172, d6dfcdd7-fc6e-4b51-b91e-b64503dadc5e:192.168.157.223:43575], old=null
2019-10-17 21:54:59,046 [grpc-default-executor-12] INFO  impl.RaftServerImpl (RaftServerImpl.java:setRole(184)) - da15dfee-23f0-4dc4-ad77-c00156c49cfa@group-F967393F7C93: changes role from  FOLLOWER to FOLLOWER at term 125 for recognizeCandidate:d6dfcdd7-fc6e-4b51-b91e-b64503dadc5e
2019-10-17 21:54:59,046 [grpc-default-executor-12] INFO  impl.RoleInfo (RoleInfo.java:shutdownFollowerState(121)) - da15dfee-23f0-4dc4-ad77-c00156c49cfa: shutdown FollowerState
2019-10-17 21:54:59,047 [grpc-default-executor-9] INFO  impl.RaftServerImpl (RaftServerImpl.java:setRole(184)) - 08d4cbaa-ffed-4411-a5fd-c4a38026aead@group-F967393F7C93: changes role from  FOLLOWER to FOLLOWER at term 125 for recognizeCandidate:d6dfcdd7-fc6e-4b51-b91e-b64503dadc5e
2019-10-17 21:54:59,047 [Thread-1445] INFO  impl.FollowerState (FollowerState.java:run(117)) - da15dfee-23f0-4dc4-ad77-c00156c49cfa@group-F967393F7C93-FollowerState was interrupted: java.lang.InterruptedException: sleep interrupted
2019-10-17 21:54:59,047 [grpc-default-executor-12] INFO  impl.RoleInfo (RoleInfo.java:updateAndGet(143)) - da15dfee-23f0-4dc4-ad77-c00156c49cfa: start FollowerState
2019-10-17 21:54:59,047 [grpc-default-executor-9] INFO  impl.RoleInfo (RoleInfo.java:shutdownFollowerState(121)) - 08d4cbaa-ffed-4411-a5fd-c4a38026aead: shutdown FollowerState
2019-10-17 21:54:59,047 [grpc-default-executor-9] INFO  impl.RoleInfo (RoleInfo.java:updateAndGet(143)) - 08d4cbaa-ffed-4411-a5fd-c4a38026aead: start FollowerState
2019-10-17 21:54:59,047 [Thread-1444] INFO  impl.FollowerState (FollowerState.java:run(117)) - 08d4cbaa-ffed-4411-a5fd-c4a38026aead@group-F967393F7C93-FollowerState was interrupted: java.lang.InterruptedException: sleep interrupted
2019-10-17 21:54:59,061 [d6dfcdd7-fc6e-4b51-b91e-b64503dadc5e@group-F967393F7C93-LeaderElection134] INFO  impl.LeaderElection (LeaderElection.java:logAndReturn(56)) - d6dfcdd7-fc6e-4b51-b91e-b64503dadc5e@group-F967393F7C93-LeaderElection134: Election REJECTED; received 2 response(s) [d6dfcdd7-fc6e-4b51-b91e-b64503dadc5e<-08d4cbaa-ffed-4411-a5fd-c4a38026aead#0:FAIL-t125, d6dfcdd7-fc6e-4b51-b91e-b64503dadc5e<-da15dfee-23f0-4dc4-ad77-c00156c49cfa#0:FAIL-t125] and 0 exception(s); d6dfcdd7-fc6e-4b51-b91e-b64503dadc5e@group-F967393F7C93:t125, leader=null, voted=d6dfcdd7-fc6e-4b51-b91e-b64503dadc5e, raftlog=d6dfcdd7-fc6e-4b51-b91e-b64503dadc5e@group-F967393F7C93-SegmentedRaftLog:OPENED:c-1,f-1,i0, conf=-1: [08d4cbaa-ffed-4411-a5fd-c4a38026aead:192.168.157.223:33910, da15dfee-23f0-4dc4-ad77-c00156c49cfa:192.168.157.223:42172, d6dfcdd7-fc6e-4b51-b91e-b64503dadc5e:192.168.157.223:43575], old=null
2019-10-17 21:54:59,061 [d6dfcdd7-fc6e-4b51-b91e-b64503dadc5e@group-F967393F7C93-LeaderElection134] INFO  impl.RaftServerImpl (RaftServerImpl.java:setRole(184)) - d6dfcdd7-fc6e-4b51-b91e-b64503dadc5e@group-F967393F7C93: changes role from CANDIDATE to FOLLOWER at term 125 for DISCOVERED_A_NEW_TERM
2019-10-17 21:54:59,061 [d6dfcdd7-fc6e-4b51-b91e-b64503dadc5e@group-F967393F7C93-LeaderElection134] INFO  impl.RoleInfo (RoleInfo.java:shutdownLeaderElection(134)) - d6dfcdd7-fc6e-4b51-b91e-b64503dadc5e: shutdown LeaderElection
2019-10-17 21:54:59,062 [d6dfcdd7-fc6e-4b51-b91e-b64503dadc5e@group-F967393F7C93-LeaderElection134] INFO  impl.RoleInfo (RoleInfo.java:updateAndGet(143)) - d6dfcdd7-fc6e-4b51-b91e-b64503dadc5e: start FollowerState
2019-10-17 21:54:59,178 [Thread-1452] INFO  impl.FollowerState (FollowerState.java:run(108)) - d6dfcdd7-fc6e-4b51-b91e-b64503dadc5e@group-F967393F7C93-FollowerState: change to CANDIDATE, lastRpcTime:116ms, electionTimeout:116ms
2019-10-17 21:54:59,178 [Thread-1452] INFO  impl.RoleInfo (RoleInfo.java:shutdownFollowerState(121)) - d6dfcdd7-fc6e-4b51-b91e-b64503dadc5e: shutdown FollowerState
2019-10-17 21:54:59,178 [Thread-1452] INFO  impl.RaftServerImpl (RaftServerImpl.java:setRole(184)) - d6dfcdd7-fc6e-4b51-b91e-b64503dadc5e@group-F967393F7C93: changes role from  FOLLOWER to CANDIDATE at term 125 for changeToCandidate
2019-10-17 21:54:59,179 [Thread-1452] INFO  impl.RoleInfo (RoleInfo.java:updateAndGet(143)) - d6dfcdd7-fc6e-4b51-b91e-b64503dadc5e: start LeaderElection
2019-10-17 21:54:59,192 [d6dfcdd7-fc6e-4b51-b91e-b64503dadc5e@group-F967393F7C93-LeaderElection135] INFO  impl.LeaderElection (LeaderElection.java:askForVotes(178)) - d6dfcdd7-fc6e-4b51-b91e-b64503dadc5e@group-F967393F7C93-LeaderElection135: begin an election at term 126 for -1: [08d4cbaa-ffed-4411-a5fd-c4a38026aead:192.168.157.223:33910, da15dfee-23f0-4dc4-ad77-c00156c49cfa:192.168.157.223:42172, d6dfcdd7-fc6e-4b51-b91e-b64503dadc5e:192.168.157.223:43575], old=null
2019-10-17 21:54:59,195 [grpc-default-executor-9] INFO  impl.RaftServerImpl (RaftServerImpl.java:setRole(184)) - da15dfee-23f0-4dc4-ad77-c00156c49cfa@group-F967393F7C93: changes role from  FOLLOWER to FOLLOWER at term 126 for recognizeCandidate:d6dfcdd7-fc6e-4b51-b91e-b64503dadc5e
2019-10-17 21:54:59,195 [grpc-default-executor-12] INFO  impl.RaftServerImpl (RaftServerImpl.java:setRole(184)) - 08d4cbaa-ffed-4411-a5fd-c4a38026aead@group-F967393F7C93: changes role from  FOLLOWER to FOLLOWER at term 126 for recognizeCandidate:d6dfcdd7-fc6e-4b51-b91e-b64503dadc5e
2019-10-17 21:54:59,195 [grpc-default-executor-9] INFO  impl.RoleInfo (RoleInfo.java:shutdownFollowerState(121)) - da15dfee-23f0-4dc4-ad77-c00156c49cfa: shutdown FollowerState
2019-10-17 21:54:59,195 [grpc-default-executor-12] INFO  impl.RoleInfo (RoleInfo.java:shutdownFollowerState(121)) - 08d4cbaa-ffed-4411-a5fd-c4a38026aead: shutdown FollowerState
2019-10-17 21:54:59,195 [grpc-default-executor-9] INFO  impl.RoleInfo (RoleInfo.java:updateAndGet(143)) - da15dfee-23f0-4dc4-ad77-c00156c49cfa: start FollowerState
2019-10-17 21:54:59,195 [Thread-1450] INFO  impl.FollowerState (FollowerState.java:run(117)) - da15dfee-23f0-4dc4-ad77-c00156c49cfa@group-F967393F7C93-FollowerState was interrupted: java.lang.InterruptedException: sleep interrupted
2019-10-17 21:54:59,196 [Thread-1451] INFO  impl.FollowerState (FollowerState.java:run(117)) - 08d4cbaa-ffed-4411-a5fd-c4a38026aead@group-F967393F7C93-FollowerState was interrupted: java.lang.InterruptedException: sleep interrupted
2019-10-17 21:54:59,196 [grpc-default-executor-12] INFO  impl.RoleInfo (RoleInfo.java:updateAndGet(143)) - 08d4cbaa-ffed-4411-a5fd-c4a38026aead: start FollowerState
2019-10-17 21:54:59,210 [d6dfcdd7-fc6e-4b51-b91e-b64503dadc5e@group-F967393F7C93-LeaderElection135] INFO  impl.LeaderElection (LeaderElection.java:logAndReturn(56)) - d6dfcdd7-fc6e-4b51-b91e-b64503dadc5e@group-F967393F7C93-LeaderElection135: Election REJECTED; received 2 response(s) [d6dfcdd7-fc6e-4b51-b91e-b64503dadc5e<-08d4cbaa-ffed-4411-a5fd-c4a38026aead#0:FAIL-t126, d6dfcdd7-fc6e-4b51-b91e-b64503dadc5e<-da15dfee-23f0-4dc4-ad77-c00156c49cfa#0:FAIL-t126] and 0 exception(s); d6dfcdd7-fc6e-4b51-b91e-b64503dadc5e@group-F967393F7C93:t126, leader=null, voted=d6dfcdd7-fc6e-4b51-b91e-b64503dadc5e, raftlog=d6dfcdd7-fc6e-4b51-b91e-b64503dadc5e@group-F967393F7C93-SegmentedRaftLog:OPENED:c-1,f-1,i0, conf=-1: [08d4cbaa-ffed-4411-a5fd-c4a38026aead:192.168.157.223:33910, da15dfee-23f0-4dc4-ad77-c00156c49cfa:192.168.157.223:42172, d6dfcdd7-fc6e-4b51-b91e-b64503dadc5e:192.168.157.223:43575], old=null
2019-10-17 21:54:59,210 [d6dfcdd7-fc6e-4b51-b91e-b64503dadc5e@group-F967393F7C93-LeaderElection135] INFO  impl.RaftServerImpl (RaftServerImpl.java:setRole(184)) - d6dfcdd7-fc6e-4b51-b91e-b64503dadc5e@group-F967393F7C93: changes role from CANDIDATE to FOLLOWER at term 126 for DISCOVERED_A_NEW_TERM
2019-10-17 21:54:59,210 [d6dfcdd7-fc6e-4b51-b91e-b64503dadc5e@group-F967393F7C93-LeaderElection135] INFO  impl.RoleInfo (RoleInfo.java:shutdownLeaderElection(134)) - d6dfcdd7-fc6e-4b51-b91e-b64503dadc5e: shutdown LeaderElection
2019-10-17 21:54:59,210 [d6dfcdd7-fc6e-4b51-b91e-b64503dadc5e@group-F967393F7C93-LeaderElection135] INFO  impl.RoleInfo (RoleInfo.java:updateAndGet(143)) - d6dfcdd7-fc6e-4b51-b91e-b64503dadc5e: start FollowerState
2019-10-17 21:54:59,295 [Thread-1458] INFO  impl.FollowerState (FollowerState.java:run(108)) - d6dfcdd7-fc6e-4b51-b91e-b64503dadc5e@group-F967393F7C93-FollowerState: change to CANDIDATE, lastRpcTime:84ms, electionTimeout:84ms
2019-10-17 21:54:59,295 [Thread-1458] INFO  impl.RoleInfo (RoleInfo.java:shutdownFollowerState(121)) - d6dfcdd7-fc6e-4b51-b91e-b64503dadc5e: shutdown FollowerState
2019-10-17 21:54:59,295 [Thread-1458] INFO  impl.RaftServerImpl (RaftServerImpl.java:setRole(184)) - d6dfcdd7-fc6e-4b51-b91e-b64503dadc5e@group-F967393F7C93: changes role from  FOLLOWER to CANDIDATE at term 126 for changeToCandidate
2019-10-17 21:54:59,295 [Thread-1458] INFO  impl.RoleInfo (RoleInfo.java:updateAndGet(143)) - d6dfcdd7-fc6e-4b51-b91e-b64503dadc5e: start LeaderElection
2019-10-17 21:54:59,309 [d6dfcdd7-fc6e-4b51-b91e-b64503dadc5e@group-F967393F7C93-LeaderElection136] INFO  impl.LeaderElection (LeaderElection.java:askForVotes(178)) - d6dfcdd7-fc6e-4b51-b91e-b64503dadc5e@group-F967393F7C93-LeaderElection136: begin an election at term 127 for -1: [08d4cbaa-ffed-4411-a5fd-c4a38026aead:192.168.157.223:33910, da15dfee-23f0-4dc4-ad77-c00156c49cfa:192.168.157.223:42172, d6dfcdd7-fc6e-4b51-b91e-b64503dadc5e:192.168.157.223:43575], old=null
2019-10-17 21:54:59,312 [grpc-default-executor-12] INFO  impl.RaftServerImpl (RaftServerImpl.java:setRole(184)) - 08d4cbaa-ffed-4411-a5fd-c4a38026aead@group-F967393F7C93: changes role from  FOLLOWER to FOLLOWER at term 127 for recognizeCandidate:d6dfcdd7-fc6e-4b51-b91e-b64503dadc5e
2019-10-17 21:54:59,312 [grpc-default-executor-9] INFO  impl.RaftServerImpl (RaftServerImpl.java:setRole(184)) - da15dfee-23f0-4dc4-ad77-c00156c49cfa@group-F967393F7C93: changes role from  FOLLOWER to FOLLOWER at term 127 for recognizeCandidate:d6dfcdd7-fc6e-4b51-b91e-b64503dadc5e
2019-10-17 21:54:59,312 [grpc-default-executor-12] INFO  impl.RoleInfo (RoleInfo.java:shutdownFollowerState(121)) - 08d4cbaa-ffed-4411-a5fd-c4a38026aead: shutdown FollowerState
2019-10-17 21:54:59,312 [grpc-default-executor-9] INFO  impl.RoleInfo (RoleInfo.java:shutdownFollowerState(121)) - da15dfee-23f0-4dc4-ad77-c00156c49cfa: shutdown FollowerState
2019-10-17 21:54:59,312 [Thread-1457] INFO  impl.FollowerState (FollowerState.java:run(117)) - 08d4cbaa-ffed-4411-a5fd-c4a38026aead@group-F967393F7C93-FollowerState was interrupted: java.lang.InterruptedException: sleep interrupted
2019-10-17 21:54:59,312 [grpc-default-executor-12] INFO  impl.RoleInfo (RoleInfo.java:updateAndGet(143)) - 08d4cbaa-ffed-4411-a5fd-c4a38026aead: start FollowerState
2019-10-17 21:54:59,312 [Thread-1456] INFO  impl.FollowerState (FollowerState.java:run(117)) - da15dfee-23f0-4dc4-ad77-c00156c49cfa@group-F967393F7C93-FollowerState was interrupted: java.lang.InterruptedException: sleep interrupted
2019-10-17 21:54:59,312 [grpc-default-executor-9] INFO  impl.RoleInfo (RoleInfo.java:updateAndGet(143)) - da15dfee-23f0-4dc4-ad77-c00156c49cfa: start FollowerState
2019-10-17 21:54:59,328 [d6dfcdd7-fc6e-4b51-b91e-b64503dadc5e@group-F967393F7C93-LeaderElection136] INFO  impl.LeaderElection (LeaderElection.java:logAndReturn(56)) - d6dfcdd7-fc6e-4b51-b91e-b64503dadc5e@group-F967393F7C93-LeaderElection136: Election REJECTED; received 2 response(s) [d6dfcdd7-fc6e-4b51-b91e-b64503dadc5e<-08d4cbaa-ffed-4411-a5fd-c4a38026aead#0:FAIL-t127, d6dfcdd7-fc6e-4b51-b91e-b64503dadc5e<-da15dfee-23f0-4dc4-ad77-c00156c49cfa#0:FAIL-t127] and 0 exception(s); d6dfcdd7-fc6e-4b51-b91e-b64503dadc5e@group-F967393F7C93:t127, leader=null, voted=d6dfcdd7-fc6e-4b51-b91e-b64503dadc5e, raftlog=d6dfcdd7-fc6e-4b51-b91e-b64503dadc5e@group-F967393F7C93-SegmentedRaftLog:OPENED:c-1,f-1,i0, conf=-1: [08d4cbaa-ffed-4411-a5fd-c4a38026aead:192.168.157.223:33910, da15dfee-23f0-4dc4-ad77-c00156c49cfa:192.168.157.223:42172, d6dfcdd7-fc6e-4b51-b91e-b64503dadc5e:192.168.157.223:43575], old=null
2019-10-17 21:54:59,328 [d6dfcdd7-fc6e-4b51-b91e-b64503dadc5e@group-F967393F7C93-LeaderElection136] INFO  impl.RaftServerImpl (RaftServerImpl.java:setRole(184)) - d6dfcdd7-fc6e-4b51-b91e-b64503dadc5e@group-F967393F7C93: changes role from CANDIDATE to FOLLOWER at term 127 for DISCOVERED_A_NEW_TERM
2019-10-17 21:54:59,328 [d6dfcdd7-fc6e-4b51-b91e-b64503dadc5e@group-F967393F7C93-LeaderElection136] INFO  impl.RoleInfo (RoleInfo.java:shutdownLeaderElection(134)) - d6dfcdd7-fc6e-4b51-b91e-b64503dadc5e: shutdown LeaderElection
2019-10-17 21:54:59,328 [d6dfcdd7-fc6e-4b51-b91e-b64503dadc5e@group-F967393F7C93-LeaderElection136] INFO  impl.RoleInfo (RoleInfo.java:updateAndGet(143)) - d6dfcdd7-fc6e-4b51-b91e-b64503dadc5e: start FollowerState
2019-10-17 21:54:59,459 [Thread-1468] INFO  impl.FollowerState (FollowerState.java:run(108)) - d6dfcdd7-fc6e-4b51-b91e-b64503dadc5e@group-F967393F7C93-FollowerState: change to CANDIDATE, lastRpcTime:130ms, electionTimeout:130ms
2019-10-17 21:54:59,459 [Thread-1468] INFO  impl.RoleInfo (RoleInfo.java:shutdownFollowerState(121)) - d6dfcdd7-fc6e-4b51-b91e-b64503dadc5e: shutdown FollowerState
2019-10-17 21:54:59,459 [Thread-1468] INFO  impl.RaftServerImpl (RaftServerImpl.java:setRole(184)) - d6dfcdd7-fc6e-4b51-b91e-b64503dadc5e@group-F967393F7C93: changes role from  FOLLOWER to CANDIDATE at term 127 for changeToCandidate
2019-10-17 21:54:59,459 [Thread-1468] INFO  impl.RoleInfo (RoleInfo.java:updateAndGet(143)) - d6dfcdd7-fc6e-4b51-b91e-b64503dadc5e: start LeaderElection
2019-10-17 21:54:59,473 [d6dfcdd7-fc6e-4b51-b91e-b64503dadc5e@group-F967393F7C93-LeaderElection137] INFO  impl.LeaderElection (LeaderElection.java:askForVotes(178)) - d6dfcdd7-fc6e-4b51-b91e-b64503dadc5e@group-F967393F7C93-LeaderElection137: begin an election at term 128 for -1: [08d4cbaa-ffed-4411-a5fd-c4a38026aead:192.168.157.223:33910, da15dfee-23f0-4dc4-ad77-c00156c49cfa:192.168.157.223:42172, d6dfcdd7-fc6e-4b51-b91e-b64503dadc5e:192.168.157.223:43575], old=null
2019-10-17 21:54:59,475 [grpc-default-executor-12] INFO  impl.RaftServerImpl (RaftServerImpl.java:setRole(184)) - da15dfee-23f0-4dc4-ad77-c00156c49cfa@group-F967393F7C93: changes role from  FOLLOWER to FOLLOWER at term 128 for recognizeCandidate:d6dfcdd7-fc6e-4b51-b91e-b64503dadc5e
2019-10-17 21:54:59,475 [grpc-default-executor-12] INFO  impl.RoleInfo (RoleInfo.java:shutdownFollowerState(121)) - da15dfee-23f0-4dc4-ad77-c00156c49cfa: shutdown FollowerState
2019-10-17 21:54:59,475 [grpc-default-executor-9] INFO  impl.RaftServerImpl (RaftServerImpl.java:setRole(184)) - 08d4cbaa-ffed-4411-a5fd-c4a38026aead@group-F967393F7C93: changes role from  FOLLOWER to FOLLOWER at term 128 for recognizeCandidate:d6dfcdd7-fc6e-4b51-b91e-b64503dadc5e
2019-10-17 21:54:59,475 [Thread-1467] INFO  impl.FollowerState (FollowerState.java:run(117)) - da15dfee-23f0-4dc4-ad77-c00156c49cfa@group-F967393F7C93-FollowerState was interrupted: java.lang.InterruptedException: sleep interrupted
2019-10-17 21:54:59,475 [grpc-default-executor-12] INFO  impl.RoleInfo (RoleInfo.java:updateAndGet(143)) - da15dfee-23f0-4dc4-ad77-c00156c49cfa: start FollowerState
2019-10-17 21:54:59,475 [grpc-default-executor-9] INFO  impl.RoleInfo (RoleInfo.java:shutdownFollowerState(121)) - 08d4cbaa-ffed-4411-a5fd-c4a38026aead: shutdown FollowerState
2019-10-17 21:54:59,476 [grpc-default-executor-9] INFO  impl.RoleInfo (RoleInfo.java:updateAndGet(143)) - 08d4cbaa-ffed-4411-a5fd-c4a38026aead: start FollowerState
2019-10-17 21:54:59,476 [Thread-1466] INFO  impl.FollowerState (FollowerState.java:run(117)) - 08d4cbaa-ffed-4411-a5fd-c4a38026aead@group-F967393F7C93-FollowerState was interrupted: java.lang.InterruptedException: sleep interrupted
2019-10-17 21:54:59,490 [d6dfcdd7-fc6e-4b51-b91e-b64503dadc5e@group-F967393F7C93-LeaderElection137] INFO  impl.LeaderElection (LeaderElection.java:logAndReturn(56)) - d6dfcdd7-fc6e-4b51-b91e-b64503dadc5e@group-F967393F7C93-LeaderElection137: Election REJECTED; received 2 response(s) [d6dfcdd7-fc6e-4b51-b91e-b64503dadc5e<-08d4cbaa-ffed-4411-a5fd-c4a38026aead#0:FAIL-t128, d6dfcdd7-fc6e-4b51-b91e-b64503dadc5e<-da15dfee-23f0-4dc4-ad77-c00156c49cfa#0:FAIL-t128] and 0 exception(s); d6dfcdd7-fc6e-4b51-b91e-b64503dadc5e@group-F967393F7C93:t128, leader=null, voted=d6dfcdd7-fc6e-4b51-b91e-b64503dadc5e, raftlog=d6dfcdd7-fc6e-4b51-b91e-b64503dadc5e@group-F967393F7C93-SegmentedRaftLog:OPENED:c-1,f-1,i0, conf=-1: [08d4cbaa-ffed-4411-a5fd-c4a38026aead:192.168.157.223:33910, da15dfee-23f0-4dc4-ad77-c00156c49cfa:192.168.157.223:42172, d6dfcdd7-fc6e-4b51-b91e-b64503dadc5e:192.168.157.223:43575], old=null
2019-10-17 21:54:59,490 [d6dfcdd7-fc6e-4b51-b91e-b64503dadc5e@group-F967393F7C93-LeaderElection137] INFO  impl.RaftServerImpl (RaftServerImpl.java:setRole(184)) - d6dfcdd7-fc6e-4b51-b91e-b64503dadc5e@group-F967393F7C93: changes role from CANDIDATE to FOLLOWER at term 128 for DISCOVERED_A_NEW_TERM
2019-10-17 21:54:59,491 [d6dfcdd7-fc6e-4b51-b91e-b64503dadc5e@group-F967393F7C93-LeaderElection137] INFO  impl.RoleInfo (RoleInfo.java:shutdownLeaderElection(134)) - d6dfcdd7-fc6e-4b51-b91e-b64503dadc5e: shutdown LeaderElection
2019-10-17 21:54:59,491 [d6dfcdd7-fc6e-4b51-b91e-b64503dadc5e@group-F967393F7C93-LeaderElection137] INFO  impl.RoleInfo (RoleInfo.java:updateAndGet(143)) - d6dfcdd7-fc6e-4b51-b91e-b64503dadc5e: start FollowerState
2019-10-17 21:54:59,588 [Thread-1474] INFO  impl.FollowerState (FollowerState.java:run(108)) - d6dfcdd7-fc6e-4b51-b91e-b64503dadc5e@group-F967393F7C93-FollowerState: change to CANDIDATE, lastRpcTime:97ms, electionTimeout:97ms
2019-10-17 21:54:59,588 [Thread-1474] INFO  impl.RoleInfo (RoleInfo.java:shutdownFollowerState(121)) - d6dfcdd7-fc6e-4b51-b91e-b64503dadc5e: shutdown FollowerState
2019-10-17 21:54:59,589 [Thread-1474] INFO  impl.RaftServerImpl (RaftServerImpl.java:setRole(184)) - d6dfcdd7-fc6e-4b51-b91e-b64503dadc5e@group-F967393F7C93: changes role from  FOLLOWER to CANDIDATE at term 128 for changeToCandidate
2019-10-17 21:54:59,589 [Thread-1474] INFO  impl.RoleInfo (RoleInfo.java:updateAndGet(143)) - d6dfcdd7-fc6e-4b51-b91e-b64503dadc5e: start LeaderElection
2019-10-17 21:54:59,603 [d6dfcdd7-fc6e-4b51-b91e-b64503dadc5e@group-F967393F7C93-LeaderElection138] INFO  impl.LeaderElection (LeaderElection.java:askForVotes(178)) - d6dfcdd7-fc6e-4b51-b91e-b64503dadc5e@group-F967393F7C93-LeaderElection138: begin an election at term 129 for -1: [08d4cbaa-ffed-4411-a5fd-c4a38026aead:192.168.157.223:33910, da15dfee-23f0-4dc4-ad77-c00156c49cfa:192.168.157.223:42172, d6dfcdd7-fc6e-4b51-b91e-b64503dadc5e:192.168.157.223:43575], old=null
2019-10-17 21:54:59,605 [grpc-default-executor-12] INFO  impl.RaftServerImpl (RaftServerImpl.java:setRole(184)) - da15dfee-23f0-4dc4-ad77-c00156c49cfa@group-F967393F7C93: changes role from  FOLLOWER to FOLLOWER at term 129 for recognizeCandidate:d6dfcdd7-fc6e-4b51-b91e-b64503dadc5e
2019-10-17 21:54:59,605 [grpc-default-executor-12] INFO  impl.RoleInfo (RoleInfo.java:shutdownFollowerState(121)) - da15dfee-23f0-4dc4-ad77-c00156c49cfa: shutdown FollowerState
2019-10-17 21:54:59,605 [grpc-default-executor-9] INFO  impl.RaftServerImpl (RaftServerImpl.java:setRole(184)) - 08d4cbaa-ffed-4411-a5fd-c4a38026aead@group-F967393F7C93: changes role from  FOLLOWER to FOLLOWER at term 129 for recognizeCandidate:d6dfcdd7-fc6e-4b51-b91e-b64503dadc5e
2019-10-17 21:54:59,605 [Thread-1472] INFO  impl.FollowerState (FollowerState.java:run(117)) - da15dfee-23f0-4dc4-ad77-c00156c49cfa@group-F967393F7C93-FollowerState was interrupted: java.lang.InterruptedException: sleep interrupted
2019-10-17 21:54:59,605 [grpc-default-executor-12] INFO  impl.RoleInfo (RoleInfo.java:updateAndGet(143)) - da15dfee-23f0-4dc4-ad77-c00156c49cfa: start FollowerState
2019-10-17 21:54:59,605 [grpc-default-executor-9] INFO  impl.RoleInfo (RoleInfo.java:shutdownFollowerState(121)) - 08d4cbaa-ffed-4411-a5fd-c4a38026aead: shutdown FollowerState
2019-10-17 21:54:59,606 [grpc-default-executor-9] INFO  impl.RoleInfo (RoleInfo.java:updateAndGet(143)) - 08d4cbaa-ffed-4411-a5fd-c4a38026aead: start FollowerState
2019-10-17 21:54:59,606 [Thread-1473] INFO  impl.FollowerState (FollowerState.java:run(117)) - 08d4cbaa-ffed-4411-a5fd-c4a38026aead@group-F967393F7C93-FollowerState was interrupted: java.lang.InterruptedException: sleep interrupted
2019-10-17 21:54:59,620 [d6dfcdd7-fc6e-4b51-b91e-b64503dadc5e@group-F967393F7C93-LeaderElection138] INFO  impl.LeaderElection (LeaderElection.java:logAndReturn(56)) - d6dfcdd7-fc6e-4b51-b91e-b64503dadc5e@group-F967393F7C93-LeaderElection138: Election REJECTED; received 2 response(s) [d6dfcdd7-fc6e-4b51-b91e-b64503dadc5e<-08d4cbaa-ffed-4411-a5fd-c4a38026aead#0:FAIL-t129, d6dfcdd7-fc6e-4b51-b91e-b64503dadc5e<-da15dfee-23f0-4dc4-ad77-c00156c49cfa#0:FAIL-t129] and 0 exception(s); d6dfcdd7-fc6e-4b51-b91e-b64503dadc5e@group-F967393F7C93:t129, leader=null, voted=d6dfcdd7-fc6e-4b51-b91e-b64503dadc5e, raftlog=d6dfcdd7-fc6e-4b51-b91e-b64503dadc5e@group-F967393F7C93-SegmentedRaftLog:OPENED:c-1,f-1,i0, conf=-1: [08d4cbaa-ffed-4411-a5fd-c4a38026aead:192.168.157.223:33910, da15dfee-23f0-4dc4-ad77-c00156c49cfa:192.168.157.223:42172, d6dfcdd7-fc6e-4b51-b91e-b64503dadc5e:192.168.157.223:43575], old=null
2019-10-17 21:54:59,620 [d6dfcdd7-fc6e-4b51-b91e-b64503dadc5e@group-F967393F7C93-LeaderElection138] INFO  impl.RaftServerImpl (RaftServerImpl.java:setRole(184)) - d6dfcdd7-fc6e-4b51-b91e-b64503dadc5e@group-F967393F7C93: changes role from CANDIDATE to FOLLOWER at term 129 for DISCOVERED_A_NEW_TERM
2019-10-17 21:54:59,620 [d6dfcdd7-fc6e-4b51-b91e-b64503dadc5e@group-F967393F7C93-LeaderElection138] INFO  impl.RoleInfo (RoleInfo.java:shutdownLeaderElection(134)) - d6dfcdd7-fc6e-4b51-b91e-b64503dadc5e: shutdown LeaderElection
2019-10-17 21:54:59,620 [d6dfcdd7-fc6e-4b51-b91e-b64503dadc5e@group-F967393F7C93-LeaderElection138] INFO  impl.RoleInfo (RoleInfo.java:updateAndGet(143)) - d6dfcdd7-fc6e-4b51-b91e-b64503dadc5e: start FollowerState
2019-10-17 21:54:59,726 [Thread-1480] INFO  impl.FollowerState (FollowerState.java:run(108)) - d6dfcdd7-fc6e-4b51-b91e-b64503dadc5e@group-F967393F7C93-FollowerState: change to CANDIDATE, lastRpcTime:105ms, electionTimeout:105ms
2019-10-17 21:54:59,726 [Thread-1480] INFO  impl.RoleInfo (RoleInfo.java:shutdownFollowerState(121)) - d6dfcdd7-fc6e-4b51-b91e-b64503dadc5e: shutdown FollowerState
2019-10-17 21:54:59,726 [Thread-1480] INFO  impl.RaftServerImpl (RaftServerImpl.java:setRole(184)) - d6dfcdd7-fc6e-4b51-b91e-b64503dadc5e@group-F967393F7C93: changes role from  FOLLOWER to CANDIDATE at term 129 for changeToCandidate
2019-10-17 21:54:59,726 [Thread-1480] INFO  impl.RoleInfo (RoleInfo.java:updateAndGet(143)) - d6dfcdd7-fc6e-4b51-b91e-b64503dadc5e: start LeaderElection
2019-10-17 21:54:59,740 [d6dfcdd7-fc6e-4b51-b91e-b64503dadc5e@group-F967393F7C93-LeaderElection139] INFO  impl.LeaderElection (LeaderElection.java:askForVotes(178)) - d6dfcdd7-fc6e-4b51-b91e-b64503dadc5e@group-F967393F7C93-LeaderElection139: begin an election at term 130 for -1: [08d4cbaa-ffed-4411-a5fd-c4a38026aead:192.168.157.223:33910, da15dfee-23f0-4dc4-ad77-c00156c49cfa:192.168.157.223:42172, d6dfcdd7-fc6e-4b51-b91e-b64503dadc5e:192.168.157.223:43575], old=null
2019-10-17 21:54:59,742 [grpc-default-executor-12] INFO  impl.RaftServerImpl (RaftServerImpl.java:setRole(184)) - 08d4cbaa-ffed-4411-a5fd-c4a38026aead@group-F967393F7C93: changes role from  FOLLOWER to FOLLOWER at term 130 for recognizeCandidate:d6dfcdd7-fc6e-4b51-b91e-b64503dadc5e
2019-10-17 21:54:59,742 [grpc-default-executor-12] INFO  impl.RoleInfo (RoleInfo.java:shutdownFollowerState(121)) - 08d4cbaa-ffed-4411-a5fd-c4a38026aead: shutdown FollowerState
2019-10-17 21:54:59,742 [grpc-default-executor-9] INFO  impl.RaftServerImpl (RaftServerImpl.java:setRole(184)) - da15dfee-23f0-4dc4-ad77-c00156c49cfa@group-F967393F7C93: changes role from  FOLLOWER to FOLLOWER at term 130 for recognizeCandidate:d6dfcdd7-fc6e-4b51-b91e-b64503dadc5e
2019-10-17 21:54:59,742 [grpc-default-executor-12] INFO  impl.RoleInfo (RoleInfo.java:updateAndGet(143)) - 08d4cbaa-ffed-4411-a5fd-c4a38026aead: start FollowerState
2019-10-17 21:54:59,742 [Thread-1479] INFO  impl.FollowerState (FollowerState.java:run(117)) - 08d4cbaa-ffed-4411-a5fd-c4a38026aead@group-F967393F7C93-FollowerState was interrupted: java.lang.InterruptedException: sleep interrupted
2019-10-17 21:54:59,742 [grpc-default-executor-9] INFO  impl.RoleInfo (RoleInfo.java:shutdownFollowerState(121)) - da15dfee-23f0-4dc4-ad77-c00156c49cfa: shutdown FollowerState
2019-10-17 21:54:59,743 [grpc-default-executor-9] INFO  impl.RoleInfo (RoleInfo.java:updateAndGet(143)) - da15dfee-23f0-4dc4-ad77-c00156c49cfa: start FollowerState
2019-10-17 21:54:59,743 [Thread-1478] INFO  impl.FollowerState (FollowerState.java:run(117)) - da15dfee-23f0-4dc4-ad77-c00156c49cfa@group-F967393F7C93-FollowerState was interrupted: java.lang.InterruptedException: sleep interrupted
2019-10-17 21:54:59,764 [d6dfcdd7-fc6e-4b51-b91e-b64503dadc5e@group-F967393F7C93-LeaderElection139] INFO  impl.LeaderElection (LeaderElection.java:logAndReturn(56)) - d6dfcdd7-fc6e-4b51-b91e-b64503dadc5e@group-F967393F7C93-LeaderElection139: Election REJECTED; received 2 response(s) [d6dfcdd7-fc6e-4b51-b91e-b64503dadc5e<-08d4cbaa-ffed-4411-a5fd-c4a38026aead#0:FAIL-t130, d6dfcdd7-fc6e-4b51-b91e-b64503dadc5e<-da15dfee-23f0-4dc4-ad77-c00156c49cfa#0:FAIL-t130] and 0 exception(s); d6dfcdd7-fc6e-4b51-b91e-b64503dadc5e@group-F967393F7C93:t130, leader=null, voted=d6dfcdd7-fc6e-4b51-b91e-b64503dadc5e, raftlog=d6dfcdd7-fc6e-4b51-b91e-b64503dadc5e@group-F967393F7C93-SegmentedRaftLog:OPENED:c-1,f-1,i0, conf=-1: [08d4cbaa-ffed-4411-a5fd-c4a38026aead:192.168.157.223:33910, da15dfee-23f0-4dc4-ad77-c00156c49cfa:192.168.157.223:42172, d6dfcdd7-fc6e-4b51-b91e-b64503dadc5e:192.168.157.223:43575], old=null
2019-10-17 21:54:59,765 [d6dfcdd7-fc6e-4b51-b91e-b64503dadc5e@group-F967393F7C93-LeaderElection139] INFO  impl.RaftServerImpl (RaftServerImpl.java:setRole(184)) - d6dfcdd7-fc6e-4b51-b91e-b64503dadc5e@group-F967393F7C93: changes role from CANDIDATE to FOLLOWER at term 130 for DISCOVERED_A_NEW_TERM
2019-10-17 21:54:59,765 [d6dfcdd7-fc6e-4b51-b91e-b64503dadc5e@group-F967393F7C93-LeaderElection139] INFO  impl.RoleInfo (RoleInfo.java:shutdownLeaderElection(134)) - d6dfcdd7-fc6e-4b51-b91e-b64503dadc5e: shutdown LeaderElection
2019-10-17 21:54:59,765 [d6dfcdd7-fc6e-4b51-b91e-b64503dadc5e@group-F967393F7C93-LeaderElection139] INFO  impl.RoleInfo (RoleInfo.java:updateAndGet(143)) - d6dfcdd7-fc6e-4b51-b91e-b64503dadc5e: start FollowerState
2019-10-17 21:54:59,861 [Thread-1486] INFO  impl.FollowerState (FollowerState.java:run(108)) - d6dfcdd7-fc6e-4b51-b91e-b64503dadc5e@group-F967393F7C93-FollowerState: change to CANDIDATE, lastRpcTime:96ms, electionTimeout:96ms
2019-10-17 21:54:59,861 [Thread-1486] INFO  impl.RoleInfo (RoleInfo.java:shutdownFollowerState(121)) - d6dfcdd7-fc6e-4b51-b91e-b64503dadc5e: shutdown FollowerState
2019-10-17 21:54:59,862 [Thread-1486] INFO  impl.RaftServerImpl (RaftServerImpl.java:setRole(184)) - d6dfcdd7-fc6e-4b51-b91e-b64503dadc5e@group-F967393F7C93: changes role from  FOLLOWER to CANDIDATE at term 130 for changeToCandidate
2019-10-17 21:54:59,862 [Thread-1486] INFO  impl.RoleInfo (RoleInfo.java:updateAndGet(143)) - d6dfcdd7-fc6e-4b51-b91e-b64503dadc5e: start LeaderElection
2019-10-17 21:54:59,875 [d6dfcdd7-fc6e-4b51-b91e-b64503dadc5e@group-F967393F7C93-LeaderElection140] INFO  impl.LeaderElection (LeaderElection.java:askForVotes(178)) - d6dfcdd7-fc6e-4b51-b91e-b64503dadc5e@group-F967393F7C93-LeaderElection140: begin an election at term 131 for -1: [08d4cbaa-ffed-4411-a5fd-c4a38026aead:192.168.157.223:33910, da15dfee-23f0-4dc4-ad77-c00156c49cfa:192.168.157.223:42172, d6dfcdd7-fc6e-4b51-b91e-b64503dadc5e:192.168.157.223:43575], old=null
2019-10-17 21:54:59,877 [grpc-default-executor-9] INFO  impl.RaftServerImpl (RaftServerImpl.java:setRole(184)) - da15dfee-23f0-4dc4-ad77-c00156c49cfa@group-F967393F7C93: changes role from  FOLLOWER to FOLLOWER at term 131 for recognizeCandidate:d6dfcdd7-fc6e-4b51-b91e-b64503dadc5e
2019-10-17 21:54:59,877 [grpc-default-executor-9] INFO  impl.RoleInfo (RoleInfo.java:shutdownFollowerState(121)) - da15dfee-23f0-4dc4-ad77-c00156c49cfa: shutdown FollowerState
2019-10-17 21:54:59,877 [grpc-default-executor-9] INFO  impl.RoleInfo (RoleInfo.java:updateAndGet(143)) - da15dfee-23f0-4dc4-ad77-c00156c49cfa: start FollowerState
2019-10-17 21:54:59,877 [Thread-1485] INFO  impl.FollowerState (FollowerState.java:run(117)) - da15dfee-23f0-4dc4-ad77-c00156c49cfa@group-F967393F7C93-FollowerState was interrupted: java.lang.InterruptedException: sleep interrupted
2019-10-17 21:54:59,877 [grpc-default-executor-12] INFO  impl.RaftServerImpl (RaftServerImpl.java:setRole(184)) - 08d4cbaa-ffed-4411-a5fd-c4a38026aead@group-F967393F7C93: changes role from  FOLLOWER to FOLLOWER at term 131 for recognizeCandidate:d6dfcdd7-fc6e-4b51-b91e-b64503dadc5e
2019-10-17 21:54:59,877 [grpc-default-executor-12] INFO  impl.RoleInfo (RoleInfo.java:shutdownFollowerState(121)) - 08d4cbaa-ffed-4411-a5fd-c4a38026aead: shutdown FollowerState
2019-10-17 21:54:59,877 [grpc-default-executor-12] INFO  impl.RoleInfo (RoleInfo.java:updateAndGet(143)) - 08d4cbaa-ffed-4411-a5fd-c4a38026aead: start FollowerState
2019-10-17 21:54:59,877 [Thread-1484] INFO  impl.FollowerState (FollowerState.java:run(117)) - 08d4cbaa-ffed-4411-a5fd-c4a38026aead@group-F967393F7C93-FollowerState was interrupted: java.lang.InterruptedException: sleep interrupted
2019-10-17 21:54:59,892 [d6dfcdd7-fc6e-4b51-b91e-b64503dadc5e@group-F967393F7C93-LeaderElection140] INFO  impl.LeaderElection (LeaderElection.java:logAndReturn(56)) - d6dfcdd7-fc6e-4b51-b91e-b64503dadc5e@group-F967393F7C93-LeaderElection140: Election REJECTED; received 2 response(s) [d6dfcdd7-fc6e-4b51-b91e-b64503dadc5e<-08d4cbaa-ffed-4411-a5fd-c4a38026aead#0:FAIL-t131, d6dfcdd7-fc6e-4b51-b91e-b64503dadc5e<-da15dfee-23f0-4dc4-ad77-c00156c49cfa#0:FAIL-t131] and 0 exception(s); d6dfcdd7-fc6e-4b51-b91e-b64503dadc5e@group-F967393F7C93:t131, leader=null, voted=d6dfcdd7-fc6e-4b51-b91e-b64503dadc5e, raftlog=d6dfcdd7-fc6e-4b51-b91e-b64503dadc5e@group-F967393F7C93-SegmentedRaftLog:OPENED:c-1,f-1,i0, conf=-1: [08d4cbaa-ffed-4411-a5fd-c4a38026aead:192.168.157.223:33910, da15dfee-23f0-4dc4-ad77-c00156c49cfa:192.168.157.223:42172, d6dfcdd7-fc6e-4b51-b91e-b64503dadc5e:192.168.157.223:43575], old=null
2019-10-17 21:54:59,893 [d6dfcdd7-fc6e-4b51-b91e-b64503dadc5e@group-F967393F7C93-LeaderElection140] INFO  impl.RaftServerImpl (RaftServerImpl.java:setRole(184)) - d6dfcdd7-fc6e-4b51-b91e-b64503dadc5e@group-F967393F7C93: changes role from CANDIDATE to FOLLOWER at term 131 for DISCOVERED_A_NEW_TERM
2019-10-17 21:54:59,893 [d6dfcdd7-fc6e-4b51-b91e-b64503dadc5e@group-F967393F7C93-LeaderElection140] INFO  impl.RoleInfo (RoleInfo.java:shutdownLeaderElection(134)) - d6dfcdd7-fc6e-4b51-b91e-b64503dadc5e: shutdown LeaderElection
2019-10-17 21:54:59,893 [d6dfcdd7-fc6e-4b51-b91e-b64503dadc5e@group-F967393F7C93-LeaderElection140] INFO  impl.RoleInfo (RoleInfo.java:updateAndGet(143)) - d6dfcdd7-fc6e-4b51-b91e-b64503dadc5e: start FollowerState
2019-10-17 21:54:59,987 [Thread-1496] INFO  impl.FollowerState (FollowerState.java:run(108)) - d6dfcdd7-fc6e-4b51-b91e-b64503dadc5e@group-F967393F7C93-FollowerState: change to CANDIDATE, lastRpcTime:94ms, electionTimeout:94ms
2019-10-17 21:54:59,987 [Thread-1496] INFO  impl.RoleInfo (RoleInfo.java:shutdownFollowerState(121)) - d6dfcdd7-fc6e-4b51-b91e-b64503dadc5e: shutdown FollowerState
2019-10-17 21:54:59,987 [Thread-1496] INFO  impl.RaftServerImpl (RaftServerImpl.java:setRole(184)) - d6dfcdd7-fc6e-4b51-b91e-b64503dadc5e@group-F967393F7C93: changes role from  FOLLOWER to CANDIDATE at term 131 for changeToCandidate
2019-10-17 21:54:59,988 [Thread-1496] INFO  impl.RoleInfo (RoleInfo.java:updateAndGet(143)) - d6dfcdd7-fc6e-4b51-b91e-b64503dadc5e: start LeaderElection
2019-10-17 21:55:00,014 [d6dfcdd7-fc6e-4b51-b91e-b64503dadc5e@group-F967393F7C93-LeaderElection141] INFO  impl.LeaderElection (LeaderElection.java:askForVotes(178)) - d6dfcdd7-fc6e-4b51-b91e-b64503dadc5e@group-F967393F7C93-LeaderElection141: begin an election at term 132 for -1: [08d4cbaa-ffed-4411-a5fd-c4a38026aead:192.168.157.223:33910, da15dfee-23f0-4dc4-ad77-c00156c49cfa:192.168.157.223:42172, d6dfcdd7-fc6e-4b51-b91e-b64503dadc5e:192.168.157.223:43575], old=null
2019-10-17 21:55:00,016 [grpc-default-executor-9] INFO  impl.RaftServerImpl (RaftServerImpl.java:setRole(184)) - 08d4cbaa-ffed-4411-a5fd-c4a38026aead@group-F967393F7C93: changes role from  FOLLOWER to FOLLOWER at term 132 for recognizeCandidate:d6dfcdd7-fc6e-4b51-b91e-b64503dadc5e
2019-10-17 21:55:00,016 [grpc-default-executor-9] INFO  impl.RoleInfo (RoleInfo.java:shutdownFollowerState(121)) - 08d4cbaa-ffed-4411-a5fd-c4a38026aead: shutdown FollowerState
2019-10-17 21:55:00,016 [grpc-default-executor-12] INFO  impl.RaftServerImpl (RaftServerImpl.java:setRole(184)) - da15dfee-23f0-4dc4-ad77-c00156c49cfa@group-F967393F7C93: changes role from  FOLLOWER to FOLLOWER at term 132 for recognizeCandidate:d6dfcdd7-fc6e-4b51-b91e-b64503dadc5e
2019-10-17 21:55:00,016 [Thread-1495] INFO  impl.FollowerState (FollowerState.java:run(117)) - 08d4cbaa-ffed-4411-a5fd-c4a38026aead@group-F967393F7C93-FollowerState was interrupted: java.lang.InterruptedException: sleep interrupted
2019-10-17 21:55:00,016 [grpc-default-executor-9] INFO  impl.RoleInfo (RoleInfo.java:updateAndGet(143)) - 08d4cbaa-ffed-4411-a5fd-c4a38026aead: start FollowerState
2019-10-17 21:55:00,016 [grpc-default-executor-12] INFO  impl.RoleInfo (RoleInfo.java:shutdownFollowerState(121)) - da15dfee-23f0-4dc4-ad77-c00156c49cfa: shutdown FollowerState
2019-10-17 21:55:00,017 [grpc-default-executor-12] INFO  impl.RoleInfo (RoleInfo.java:updateAndGet(143)) - da15dfee-23f0-4dc4-ad77-c00156c49cfa: start FollowerState
2019-10-17 21:55:00,017 [Thread-1494] INFO  impl.FollowerState (FollowerState.java:run(117)) - da15dfee-23f0-4dc4-ad77-c00156c49cfa@group-F967393F7C93-FollowerState was interrupted: java.lang.InterruptedException: sleep interrupted
2019-10-17 21:55:00,031 [d6dfcdd7-fc6e-4b51-b91e-b64503dadc5e@group-F967393F7C93-LeaderElection141] INFO  impl.LeaderElection (LeaderElection.java:logAndReturn(56)) - d6dfcdd7-fc6e-4b51-b91e-b64503dadc5e@group-F967393F7C93-LeaderElection141: Election REJECTED; received 2 response(s) [d6dfcdd7-fc6e-4b51-b91e-b64503dadc5e<-08d4cbaa-ffed-4411-a5fd-c4a38026aead#0:FAIL-t132, d6dfcdd7-fc6e-4b51-b91e-b64503dadc5e<-da15dfee-23f0-4dc4-ad77-c00156c49cfa#0:FAIL-t132] and 0 exception(s); d6dfcdd7-fc6e-4b51-b91e-b64503dadc5e@group-F967393F7C93:t132, leader=null, voted=d6dfcdd7-fc6e-4b51-b91e-b64503dadc5e, raftlog=d6dfcdd7-fc6e-4b51-b91e-b64503dadc5e@group-F967393F7C93-SegmentedRaftLog:OPENED:c-1,f-1,i0, conf=-1: [08d4cbaa-ffed-4411-a5fd-c4a38026aead:192.168.157.223:33910, da15dfee-23f0-4dc4-ad77-c00156c49cfa:192.168.157.223:42172, d6dfcdd7-fc6e-4b51-b91e-b64503dadc5e:192.168.157.223:43575], old=null
2019-10-17 21:55:00,031 [d6dfcdd7-fc6e-4b51-b91e-b64503dadc5e@group-F967393F7C93-LeaderElection141] INFO  impl.RaftServerImpl (RaftServerImpl.java:setRole(184)) - d6dfcdd7-fc6e-4b51-b91e-b64503dadc5e@group-F967393F7C93: changes role from CANDIDATE to FOLLOWER at term 132 for DISCOVERED_A_NEW_TERM
2019-10-17 21:55:00,031 [d6dfcdd7-fc6e-4b51-b91e-b64503dadc5e@group-F967393F7C93-LeaderElection141] INFO  impl.RoleInfo (RoleInfo.java:shutdownLeaderElection(134)) - d6dfcdd7-fc6e-4b51-b91e-b64503dadc5e: shutdown LeaderElection
2019-10-17 21:55:00,031 [d6dfcdd7-fc6e-4b51-b91e-b64503dadc5e@group-F967393F7C93-LeaderElection141] INFO  impl.RoleInfo (RoleInfo.java:updateAndGet(143)) - d6dfcdd7-fc6e-4b51-b91e-b64503dadc5e: start FollowerState
2019-10-17 21:55:00,053 [Datanode State Machine Thread - 0] INFO  statemachine.DatanodeStateMachine (DatanodeStateMachine.java:lambda$startDaemon$0(350)) - Ozone container server started.
2019-10-17 21:55:00,060 [ForkJoinPool.commonPool-worker-0] INFO  ozoneimpl.OzoneContainer (OzoneContainer.java:stop(227)) - Attempting to stop container services.
2019-10-17 21:55:00,060 [main] INFO  ozoneimpl.OzoneContainer (OzoneContainer.java:stop(227)) - Attempting to stop container services.
2019-10-17 21:55:00,061 [ForkJoinPool.commonPool-worker-0] INFO  impl.RaftServerProxy (RaftServerProxy.java:lambda$close$4(314)) - db0af43e-c62e-4c1d-affa-ffdb4faae2f8: close
2019-10-17 21:55:00,061 [main] INFO  impl.RaftServerProxy (RaftServerProxy.java:lambda$close$4(314)) - c3d1d4b8-f513-489f-ad1a-d9e469eb6c8d: close
2019-10-17 21:55:00,063 [ForkJoinPool.commonPool-worker-0] INFO  impl.RaftServerImpl (RaftServerImpl.java:lambda$shutdown$3(261)) - db0af43e-c62e-4c1d-affa-ffdb4faae2f8@group-3097D7458558: shutdown
2019-10-17 21:55:00,063 [main] INFO  impl.RaftServerImpl (RaftServerImpl.java:lambda$shutdown$3(261)) - c3d1d4b8-f513-489f-ad1a-d9e469eb6c8d@group-4FF8CA26B826: shutdown
2019-10-17 21:55:00,063 [ForkJoinPool.commonPool-worker-0] INFO  util.JmxRegister (JmxRegister.java:unregister(73)) - Successfully un-registered JMX Bean with object name Ratis:service=RaftServer,group=group-3097D7458558,id=db0af43e-c62e-4c1d-affa-ffdb4faae2f8
2019-10-17 21:55:00,064 [main] INFO  util.JmxRegister (JmxRegister.java:unregister(73)) - Successfully un-registered JMX Bean with object name Ratis:service=RaftServer,group=group-4FF8CA26B826,id=c3d1d4b8-f513-489f-ad1a-d9e469eb6c8d
2019-10-17 21:55:00,064 [ForkJoinPool.commonPool-worker-0] INFO  impl.RoleInfo (RoleInfo.java:shutdownFollowerState(121)) - db0af43e-c62e-4c1d-affa-ffdb4faae2f8: shutdown FollowerState
2019-10-17 21:55:00,064 [main] INFO  impl.RoleInfo (RoleInfo.java:shutdownFollowerState(121)) - c3d1d4b8-f513-489f-ad1a-d9e469eb6c8d: shutdown FollowerState
2019-10-17 21:55:00,065 [db0af43e-c62e-4c1d-affa-ffdb4faae2f8@group-3097D7458558-StateMachineUpdater] INFO  ratis.ContainerStateMachine (ContainerStateMachine.java:takeSnapshot(294)) - group-3097D7458558: Taking a snapshot at:(t:10, i:3) file /workdir/hadoop-ozone/integration-test/target/test-dir/MiniOzoneClusterImpl-8354d78d-dcd0-455c-bdef-cdb54255caab/datanode-2/data/ratis/79705d85-8c11-4082-a1d0-3097d7458558/sm/snapshot.10_3
2019-10-17 21:55:00,065 [main] INFO  impl.StateMachineUpdater (StateMachineUpdater.java:stopAndJoin(136)) - c3d1d4b8-f513-489f-ad1a-d9e469eb6c8d@group-4FF8CA26B826-StateMachineUpdater: set stopIndex = 18
2019-10-17 21:55:00,065 [ForkJoinPool.commonPool-worker-0] INFO  impl.StateMachineUpdater (StateMachineUpdater.java:stopAndJoin(136)) - db0af43e-c62e-4c1d-affa-ffdb4faae2f8@group-3097D7458558-StateMachineUpdater: set stopIndex = 4
2019-10-17 21:55:00,065 [Thread-542] INFO  impl.FollowerState (FollowerState.java:run(117)) - db0af43e-c62e-4c1d-affa-ffdb4faae2f8@group-3097D7458558-FollowerState was interrupted: java.lang.InterruptedException: sleep interrupted
2019-10-17 21:55:00,065 [c3d1d4b8-f513-489f-ad1a-d9e469eb6c8d@group-4FF8CA26B826-StateMachineUpdater] INFO  ratis.ContainerStateMachine (ContainerStateMachine.java:takeSnapshot(294)) - group-4FF8CA26B826: Taking a snapshot at:(t:11, i:14) file /workdir/hadoop-ozone/integration-test/target/test-dir/MiniOzoneClusterImpl-8354d78d-dcd0-455c-bdef-cdb54255caab/datanode-5/data/ratis/e919e467-9e8c-41dd-b4c7-4ff8ca26b826/sm/snapshot.11_14
2019-10-17 21:55:00,065 [Thread-666] INFO  impl.FollowerState (FollowerState.java:run(117)) - c3d1d4b8-f513-489f-ad1a-d9e469eb6c8d@group-4FF8CA26B826-FollowerState was interrupted: java.lang.InterruptedException: sleep interrupted
2019-10-17 21:55:00,084 [Thread-1502] INFO  impl.FollowerState (FollowerState.java:run(108)) - d6dfcdd7-fc6e-4b51-b91e-b64503dadc5e@group-F967393F7C93-FollowerState: change to CANDIDATE, lastRpcTime:52ms, electionTimeout:52ms
2019-10-17 21:55:00,084 [Thread-1502] INFO  impl.RoleInfo (RoleInfo.java:shutdownFollowerState(121)) - d6dfcdd7-fc6e-4b51-b91e-b64503dadc5e: shutdown FollowerState
2019-10-17 21:55:00,084 [Thread-1502] INFO  impl.RaftServerImpl (RaftServerImpl.java:setRole(184)) - d6dfcdd7-fc6e-4b51-b91e-b64503dadc5e@group-F967393F7C93: changes role from  FOLLOWER to CANDIDATE at term 132 for changeToCandidate
2019-10-17 21:55:00,084 [Thread-1502] INFO  impl.RoleInfo (RoleInfo.java:updateAndGet(143)) - d6dfcdd7-fc6e-4b51-b91e-b64503dadc5e: start LeaderElection
2019-10-17 21:55:00,098 [db0af43e-c62e-4c1d-affa-ffdb4faae2f8@group-3097D7458558-StateMachineUpdater] INFO  ratis.ContainerStateMachine (ContainerStateMachine.java:takeSnapshot(305)) - group-3097D7458558: Finished taking a snapshot at:(t:10, i:3) file:/workdir/hadoop-ozone/integration-test/target/test-dir/MiniOzoneClusterImpl-8354d78d-dcd0-455c-bdef-cdb54255caab/datanode-2/data/ratis/79705d85-8c11-4082-a1d0-3097d7458558/sm/snapshot.10_3 time:33
2019-10-17 21:55:00,098 [c3d1d4b8-f513-489f-ad1a-d9e469eb6c8d@group-4FF8CA26B826-StateMachineUpdater] INFO  ratis.ContainerStateMachine (ContainerStateMachine.java:takeSnapshot(305)) - group-4FF8CA26B826: Finished taking a snapshot at:(t:11, i:14) file:/workdir/hadoop-ozone/integration-test/target/test-dir/MiniOzoneClusterImpl-8354d78d-dcd0-455c-bdef-cdb54255caab/datanode-5/data/ratis/e919e467-9e8c-41dd-b4c7-4ff8ca26b826/sm/snapshot.11_14 time:33
2019-10-17 21:55:00,098 [d6dfcdd7-fc6e-4b51-b91e-b64503dadc5e@group-F967393F7C93-LeaderElection142] INFO  impl.LeaderElection (LeaderElection.java:askForVotes(178)) - d6dfcdd7-fc6e-4b51-b91e-b64503dadc5e@group-F967393F7C93-LeaderElection142: begin an election at term 133 for -1: [08d4cbaa-ffed-4411-a5fd-c4a38026aead:192.168.157.223:33910, da15dfee-23f0-4dc4-ad77-c00156c49cfa:192.168.157.223:42172, d6dfcdd7-fc6e-4b51-b91e-b64503dadc5e:192.168.157.223:43575], old=null
2019-10-17 21:55:00,100 [db0af43e-c62e-4c1d-affa-ffdb4faae2f8@group-3097D7458558-StateMachineUpdater] INFO  impl.StateMachineUpdater (StateMachineUpdater.java:takeSnapshot(269)) - db0af43e-c62e-4c1d-affa-ffdb4faae2f8@group-3097D7458558-StateMachineUpdater: Took a snapshot at index 3
2019-10-17 21:55:00,100 [c3d1d4b8-f513-489f-ad1a-d9e469eb6c8d@group-4FF8CA26B826-StateMachineUpdater] INFO  impl.StateMachineUpdater (StateMachineUpdater.java:takeSnapshot(269)) - c3d1d4b8-f513-489f-ad1a-d9e469eb6c8d@group-4FF8CA26B826-StateMachineUpdater: Took a snapshot at index 14
2019-10-17 21:55:00,100 [db0af43e-c62e-4c1d-affa-ffdb4faae2f8@group-3097D7458558-StateMachineUpdater] INFO  impl.StateMachineUpdater (StateMachineUpdater.java:lambda$new$0(84)) - db0af43e-c62e-4c1d-affa-ffdb4faae2f8@group-3097D7458558-StateMachineUpdater: snapshotIndex: updateIncreasingly -1 -> 3
2019-10-17 21:55:00,100 [c3d1d4b8-f513-489f-ad1a-d9e469eb6c8d@group-4FF8CA26B826-StateMachineUpdater] INFO  impl.StateMachineUpdater (StateMachineUpdater.java:lambda$new$0(84)) - c3d1d4b8-f513-489f-ad1a-d9e469eb6c8d@group-4FF8CA26B826-StateMachineUpdater: snapshotIndex: updateIncreasingly -1 -> 14
2019-10-17 21:55:00,102 [grpc-default-executor-12] INFO  impl.RaftServerImpl (RaftServerImpl.java:setRole(184)) - 08d4cbaa-ffed-4411-a5fd-c4a38026aead@group-F967393F7C93: changes role from  FOLLOWER to FOLLOWER at term 133 for recognizeCandidate:d6dfcdd7-fc6e-4b51-b91e-b64503dadc5e
2019-10-17 21:55:00,102 [grpc-default-executor-12] INFO  impl.RoleInfo (RoleInfo.java:shutdownFollowerState(121)) - 08d4cbaa-ffed-4411-a5fd-c4a38026aead: shutdown FollowerState
2019-10-17 21:55:00,102 [grpc-default-executor-12] INFO  impl.RoleInfo (RoleInfo.java:updateAndGet(143)) - 08d4cbaa-ffed-4411-a5fd-c4a38026aead: start FollowerState
2019-10-17 21:55:00,103 [Thread-1500] INFO  impl.FollowerState (FollowerState.java:run(117)) - 08d4cbaa-ffed-4411-a5fd-c4a38026aead@group-F967393F7C93-FollowerState was interrupted: java.lang.InterruptedException: sleep interrupted
2019-10-17 21:55:00,102 [grpc-default-executor-9] INFO  impl.RaftServerImpl (RaftServerImpl.java:setRole(184)) - da15dfee-23f0-4dc4-ad77-c00156c49cfa@group-F967393F7C93: changes role from  FOLLOWER to FOLLOWER at term 133 for recognizeCandidate:d6dfcdd7-fc6e-4b51-b91e-b64503dadc5e
2019-10-17 21:55:00,103 [grpc-default-executor-9] INFO  impl.RoleInfo (RoleInfo.java:shutdownFollowerState(121)) - da15dfee-23f0-4dc4-ad77-c00156c49cfa: shutdown FollowerState
2019-10-17 21:55:00,103 [grpc-default-executor-9] INFO  impl.RoleInfo (RoleInfo.java:updateAndGet(143)) - da15dfee-23f0-4dc4-ad77-c00156c49cfa: start FollowerState
2019-10-17 21:55:00,103 [Thread-1501] INFO  impl.FollowerState (FollowerState.java:run(117)) - da15dfee-23f0-4dc4-ad77-c00156c49cfa@group-F967393F7C93-FollowerState was interrupted: java.lang.InterruptedException: sleep interrupted
2019-10-17 21:55:00,104 [db0af43e-c62e-4c1d-affa-ffdb4faae2f8@group-3097D7458558-StateMachineUpdater] INFO  ratis.ContainerStateMachine (ContainerStateMachine.java:takeSnapshot(294)) - group-3097D7458558: Taking a snapshot at:(t:10, i:3) file /workdir/hadoop-ozone/integration-test/target/test-dir/MiniOzoneClusterImpl-8354d78d-dcd0-455c-bdef-cdb54255caab/datanode-2/data/ratis/79705d85-8c11-4082-a1d0-3097d7458558/sm/snapshot.10_3
2019-10-17 21:55:00,104 [c3d1d4b8-f513-489f-ad1a-d9e469eb6c8d@group-4FF8CA26B826-StateMachineUpdater] INFO  ratis.ContainerStateMachine (ContainerStateMachine.java:takeSnapshot(294)) - group-4FF8CA26B826: Taking a snapshot at:(t:11, i:14) file /workdir/hadoop-ozone/integration-test/target/test-dir/MiniOzoneClusterImpl-8354d78d-dcd0-455c-bdef-cdb54255caab/datanode-5/data/ratis/e919e467-9e8c-41dd-b4c7-4ff8ca26b826/sm/snapshot.11_14
2019-10-17 21:55:00,117 [c3d1d4b8-f513-489f-ad1a-d9e469eb6c8d@group-4FF8CA26B826-StateMachineUpdater] INFO  ratis.ContainerStateMachine (ContainerStateMachine.java:takeSnapshot(305)) - group-4FF8CA26B826: Finished taking a snapshot at:(t:11, i:14) file:/workdir/hadoop-ozone/integration-test/target/test-dir/MiniOzoneClusterImpl-8354d78d-dcd0-455c-bdef-cdb54255caab/datanode-5/data/ratis/e919e467-9e8c-41dd-b4c7-4ff8ca26b826/sm/snapshot.11_14 time:12
2019-10-17 21:55:00,117 [db0af43e-c62e-4c1d-affa-ffdb4faae2f8@group-3097D7458558-StateMachineUpdater] INFO  ratis.ContainerStateMachine (ContainerStateMachine.java:takeSnapshot(305)) - group-3097D7458558: Finished taking a snapshot at:(t:10, i:3) file:/workdir/hadoop-ozone/integration-test/target/test-dir/MiniOzoneClusterImpl-8354d78d-dcd0-455c-bdef-cdb54255caab/datanode-2/data/ratis/79705d85-8c11-4082-a1d0-3097d7458558/sm/snapshot.10_3 time:13
2019-10-17 21:55:00,117 [c3d1d4b8-f513-489f-ad1a-d9e469eb6c8d@group-4FF8CA26B826-StateMachineUpdater] INFO  impl.StateMachineUpdater (StateMachineUpdater.java:takeSnapshot(269)) - c3d1d4b8-f513-489f-ad1a-d9e469eb6c8d@group-4FF8CA26B826-StateMachineUpdater: Took a snapshot at index 14
2019-10-17 21:55:00,117 [db0af43e-c62e-4c1d-affa-ffdb4faae2f8@group-3097D7458558-StateMachineUpdater] INFO  impl.StateMachineUpdater (StateMachineUpdater.java:takeSnapshot(269)) - db0af43e-c62e-4c1d-affa-ffdb4faae2f8@group-3097D7458558-StateMachineUpdater: Took a snapshot at index 3
2019-10-17 21:55:00,117 [c3d1d4b8-f513-489f-ad1a-d9e469eb6c8d@group-4FF8CA26B826-StateMachineUpdater] INFO  impl.StateMachineUpdater (StateMachineUpdater.java:lambda$new$0(84)) - c3d1d4b8-f513-489f-ad1a-d9e469eb6c8d@group-4FF8CA26B826-StateMachineUpdater: snapshotIndex: updateIncreasingly 14 -> 14
2019-10-17 21:55:00,117 [db0af43e-c62e-4c1d-affa-ffdb4faae2f8@group-3097D7458558-StateMachineUpdater] INFO  impl.StateMachineUpdater (StateMachineUpdater.java:lambda$new$0(84)) - db0af43e-c62e-4c1d-affa-ffdb4faae2f8@group-3097D7458558-StateMachineUpdater: snapshotIndex: updateIncreasingly 3 -> 3
2019-10-17 21:55:00,117 [ForkJoinPool.commonPool-worker-0] INFO  impl.RaftServerImpl (ServerState.java:close(388)) - db0af43e-c62e-4c1d-affa-ffdb4faae2f8@group-3097D7458558: closes. applyIndex: 4
2019-10-17 21:55:00,118 [main] INFO  impl.RaftServerImpl (ServerState.java:close(388)) - c3d1d4b8-f513-489f-ad1a-d9e469eb6c8d@group-4FF8CA26B826: closes. applyIndex: 18
2019-10-17 21:55:00,118 [d6dfcdd7-fc6e-4b51-b91e-b64503dadc5e@group-F967393F7C93-LeaderElection142] INFO  impl.LeaderElection (LeaderElection.java:logAndReturn(56)) - d6dfcdd7-fc6e-4b51-b91e-b64503dadc5e@group-F967393F7C93-LeaderElection142: Election REJECTED; received 2 response(s) [d6dfcdd7-fc6e-4b51-b91e-b64503dadc5e<-08d4cbaa-ffed-4411-a5fd-c4a38026aead#0:FAIL-t133, d6dfcdd7-fc6e-4b51-b91e-b64503dadc5e<-da15dfee-23f0-4dc4-ad77-c00156c49cfa#0:FAIL-t133] and 0 exception(s); d6dfcdd7-fc6e-4b51-b91e-b64503dadc5e@group-F967393F7C93:t133, leader=null, voted=d6dfcdd7-fc6e-4b51-b91e-b64503dadc5e, raftlog=d6dfcdd7-fc6e-4b51-b91e-b64503dadc5e@group-F967393F7C93-SegmentedRaftLog:OPENED:c-1,f-1,i0, conf=-1: [08d4cbaa-ffed-4411-a5fd-c4a38026aead:192.168.157.223:33910, da15dfee-23f0-4dc4-ad77-c00156c49cfa:192.168.157.223:42172, d6dfcdd7-fc6e-4b51-b91e-b64503dadc5e:192.168.157.223:43575], old=null
2019-10-17 21:55:00,118 [d6dfcdd7-fc6e-4b51-b91e-b64503dadc5e@group-F967393F7C93-LeaderElection142] INFO  impl.RaftServerImpl (RaftServerImpl.java:setRole(184)) - d6dfcdd7-fc6e-4b51-b91e-b64503dadc5e@group-F967393F7C93: changes role from CANDIDATE to FOLLOWER at term 133 for DISCOVERED_A_NEW_TERM
2019-10-17 21:55:00,119 [d6dfcdd7-fc6e-4b51-b91e-b64503dadc5e@group-F967393F7C93-LeaderElection142] INFO  impl.RoleInfo (RoleInfo.java:shutdownLeaderElection(134)) - d6dfcdd7-fc6e-4b51-b91e-b64503dadc5e: shutdown LeaderElection
2019-10-17 21:55:00,119 [db0af43e-c62e-4c1d-affa-ffdb4faae2f8@group-3097D7458558-SegmentedRaftLogWorker] INFO  segmented.SegmentedRaftLogWorker (SegmentedRaftLogWorker.java:run(316)) - db0af43e-c62e-4c1d-affa-ffdb4faae2f8@group-3097D7458558-SegmentedRaftLogWorker was interrupted, exiting. There are 0 tasks remaining in the queue.
2019-10-17 21:55:00,119 [c3d1d4b8-f513-489f-ad1a-d9e469eb6c8d@group-4FF8CA26B826-SegmentedRaftLogWorker] INFO  segmented.SegmentedRaftLogWorker (SegmentedRaftLogWorker.java:run(316)) - c3d1d4b8-f513-489f-ad1a-d9e469eb6c8d@group-4FF8CA26B826-SegmentedRaftLogWorker was interrupted, exiting. There are 0 tasks remaining in the queue.
2019-10-17 21:55:00,119 [d6dfcdd7-fc6e-4b51-b91e-b64503dadc5e@group-F967393F7C93-LeaderElection142] INFO  impl.RoleInfo (RoleInfo.java:updateAndGet(143)) - d6dfcdd7-fc6e-4b51-b91e-b64503dadc5e: start FollowerState
2019-10-17 21:55:00,124 [ForkJoinPool.commonPool-worker-0] INFO  segmented.SegmentedRaftLogWorker (SegmentedRaftLogWorker.java:close(224)) - db0af43e-c62e-4c1d-affa-ffdb4faae2f8@group-3097D7458558-SegmentedRaftLogWorker close()
2019-10-17 21:55:00,124 [main] INFO  segmented.SegmentedRaftLogWorker (SegmentedRaftLogWorker.java:close(224)) - c3d1d4b8-f513-489f-ad1a-d9e469eb6c8d@group-4FF8CA26B826-SegmentedRaftLogWorker close()
2019-10-17 21:55:00,128 [ForkJoinPool.commonPool-worker-0] INFO  impl.RaftServerImpl (RaftServerImpl.java:lambda$shutdown$3(261)) - db0af43e-c62e-4c1d-affa-ffdb4faae2f8@group-DE0B7198D7BD: shutdown
2019-10-17 21:55:00,132 [main] INFO  impl.RaftServerImpl (RaftServerImpl.java:lambda$shutdown$3(261)) - c3d1d4b8-f513-489f-ad1a-d9e469eb6c8d@group-5E627D0C77E9: shutdown
2019-10-17 21:55:00,134 [ForkJoinPool.commonPool-worker-0] INFO  util.JmxRegister (JmxRegister.java:unregister(73)) - Successfully un-registered JMX Bean with object name Ratis:service=RaftServer,group=group-DE0B7198D7BD,id=db0af43e-c62e-4c1d-affa-ffdb4faae2f8
2019-10-17 21:55:00,134 [main] INFO  util.JmxRegister (JmxRegister.java:unregister(73)) - Successfully un-registered JMX Bean with object name Ratis:service=RaftServer,group=group-5E627D0C77E9,id=c3d1d4b8-f513-489f-ad1a-d9e469eb6c8d
2019-10-17 21:55:00,134 [ForkJoinPool.commonPool-worker-0] INFO  impl.RoleInfo (RoleInfo.java:shutdownLeaderState(104)) - db0af43e-c62e-4c1d-affa-ffdb4faae2f8: shutdown LeaderState
2019-10-17 21:55:00,134 [main] INFO  impl.RoleInfo (RoleInfo.java:shutdownLeaderState(104)) - c3d1d4b8-f513-489f-ad1a-d9e469eb6c8d: shutdown LeaderState
2019-10-17 21:55:00,135 [ForkJoinPool.commonPool-worker-0] INFO  impl.PendingRequests (PendingRequests.java:sendNotLeaderResponses(202)) - db0af43e-c62e-4c1d-affa-ffdb4faae2f8@group-DE0B7198D7BD-PendingRequests: sendNotLeaderResponses
2019-10-17 21:55:00,135 [main] INFO  impl.PendingRequests (PendingRequests.java:sendNotLeaderResponses(202)) - c3d1d4b8-f513-489f-ad1a-d9e469eb6c8d@group-5E627D0C77E9-PendingRequests: sendNotLeaderResponses
2019-10-17 21:55:00,135 [ForkJoinPool.commonPool-worker-0] INFO  impl.StateMachineUpdater (StateMachineUpdater.java:stopAndJoin(136)) - db0af43e-c62e-4c1d-affa-ffdb4faae2f8@group-DE0B7198D7BD-StateMachineUpdater: set stopIndex = 0
2019-10-17 21:55:00,135 [main] INFO  impl.StateMachineUpdater (StateMachineUpdater.java:stopAndJoin(136)) - c3d1d4b8-f513-489f-ad1a-d9e469eb6c8d@group-5E627D0C77E9-StateMachineUpdater: set stopIndex = 0
2019-10-17 21:55:00,135 [ForkJoinPool.commonPool-worker-0] INFO  impl.RaftServerImpl (ServerState.java:close(388)) - db0af43e-c62e-4c1d-affa-ffdb4faae2f8@group-DE0B7198D7BD: closes. applyIndex: 0
2019-10-17 21:55:00,135 [main] INFO  impl.RaftServerImpl (ServerState.java:close(388)) - c3d1d4b8-f513-489f-ad1a-d9e469eb6c8d@group-5E627D0C77E9: closes. applyIndex: 0
2019-10-17 21:55:00,136 [db0af43e-c62e-4c1d-affa-ffdb4faae2f8@group-DE0B7198D7BD-SegmentedRaftLogWorker] INFO  segmented.SegmentedRaftLogWorker (SegmentedRaftLogWorker.java:run(316)) - db0af43e-c62e-4c1d-affa-ffdb4faae2f8@group-DE0B7198D7BD-SegmentedRaftLogWorker was interrupted, exiting. There are 0 tasks remaining in the queue.
2019-10-17 21:55:00,136 [c3d1d4b8-f513-489f-ad1a-d9e469eb6c8d@group-5E627D0C77E9-SegmentedRaftLogWorker] INFO  segmented.SegmentedRaftLogWorker (SegmentedRaftLogWorker.java:run(316)) - c3d1d4b8-f513-489f-ad1a-d9e469eb6c8d@group-5E627D0C77E9-SegmentedRaftLogWorker was interrupted, exiting. There are 0 tasks remaining in the queue.
2019-10-17 21:55:00,138 [ForkJoinPool.commonPool-worker-0] INFO  segmented.SegmentedRaftLogWorker (SegmentedRaftLogWorker.java:close(224)) - db0af43e-c62e-4c1d-affa-ffdb4faae2f8@group-DE0B7198D7BD-SegmentedRaftLogWorker close()
2019-10-17 21:55:00,140 [main] INFO  segmented.SegmentedRaftLogWorker (SegmentedRaftLogWorker.java:close(224)) - c3d1d4b8-f513-489f-ad1a-d9e469eb6c8d@group-5E627D0C77E9-SegmentedRaftLogWorker close()
2019-10-17 21:55:00,147 [main] INFO  server.GrpcService (GrpcService.java:closeImpl(164)) - c3d1d4b8-f513-489f-ad1a-d9e469eb6c8d: shutdown server with port 35769 now
2019-10-17 21:55:00,147 [ForkJoinPool.commonPool-worker-0] INFO  server.GrpcService (GrpcService.java:closeImpl(164)) - db0af43e-c62e-4c1d-affa-ffdb4faae2f8: shutdown server with port 36633 now
2019-10-17 21:55:00,152 [grpc-default-executor-1] WARN  server.GrpcServerProtocolService (LogUtils.java:warn(134)) - db0af43e-c62e-4c1d-affa-ffdb4faae2f8: installSnapshot onError, lastRequest: de567563-d0dd-4cf2-91b7-f72627909699->db0af43e-c62e-4c1d-affa-ffdb4faae2f8#35-t10, previous=(t:10, i:4), leaderCommit=4, initializing? false, entries: <empty>: org.apache.ratis.thirdparty.io.grpc.StatusRuntimeException: CANCELLED: cancelled before receiving half close
2019-10-17 21:55:00,152 [grpc-default-executor-11] WARN  server.GrpcServerProtocolService (LogUtils.java:warn(134)) - c3d1d4b8-f513-489f-ad1a-d9e469eb6c8d: installSnapshot onError, lastRequest: fff7125c-610a-434d-b194-38800617abc4->c3d1d4b8-f513-489f-ad1a-d9e469eb6c8d#45-t11, previous=(t:11, i:18), leaderCommit=18, initializing? false, entries: <empty>: org.apache.ratis.thirdparty.io.grpc.StatusRuntimeException: CANCELLED: cancelled before receiving half close
2019-10-17 21:55:00,153 [ForkJoinPool.commonPool-worker-0] INFO  server.GrpcService (GrpcService.java:closeImpl(172)) - db0af43e-c62e-4c1d-affa-ffdb4faae2f8: shutdown server with port 36633 successfully
2019-10-17 21:55:00,153 [main] INFO  server.GrpcService (GrpcService.java:closeImpl(172)) - c3d1d4b8-f513-489f-ad1a-d9e469eb6c8d: shutdown server with port 35769 successfully
2019-10-17 21:55:00,157 [grpc-default-executor-9] WARN  server.GrpcLogAppender (LogUtils.java:warn(134)) - fff7125c-610a-434d-b194-38800617abc4@group-4FF8CA26B826->c3d1d4b8-f513-489f-ad1a-d9e469eb6c8d-AppendLogResponseHandler: Failed appendEntries: org.apache.ratis.thirdparty.io.grpc.StatusRuntimeException: CANCELLED: HTTP/2 error code: CANCEL
Received Rst Stream
2019-10-17 21:55:00,158 [grpc-default-executor-6] WARN  server.GrpcLogAppender (LogUtils.java:warn(134)) - de567563-d0dd-4cf2-91b7-f72627909699@group-3097D7458558->db0af43e-c62e-4c1d-affa-ffdb4faae2f8-AppendLogResponseHandler: Failed appendEntries: org.apache.ratis.thirdparty.io.grpc.StatusRuntimeException: CANCELLED: HTTP/2 error code: CANCEL
Received Rst Stream
2019-10-17 21:55:00,159 [refreshUsed-/workdir/hadoop-ozone/integration-test/target/test-dir/MiniOzoneClusterImpl-8354d78d-dcd0-455c-bdef-cdb54255caab/datanode-5/data/containers] WARN  fs.CachingGetSpaceUsed (CachingGetSpaceUsed.java:run(183)) - Thread Interrupted waiting to refresh disk information: sleep interrupted
2019-10-17 21:55:00,163 [refreshUsed-/workdir/hadoop-ozone/integration-test/target/test-dir/MiniOzoneClusterImpl-8354d78d-dcd0-455c-bdef-cdb54255caab/datanode-2/data/containers] WARN  fs.CachingGetSpaceUsed (CachingGetSpaceUsed.java:run(183)) - Thread Interrupted waiting to refresh disk information: sleep interrupted
2019-10-17 21:55:00,171 [Thread-1508] INFO  impl.FollowerState (FollowerState.java:run(108)) - d6dfcdd7-fc6e-4b51-b91e-b64503dadc5e@group-F967393F7C93-FollowerState: change to CANDIDATE, lastRpcTime:51ms, electionTimeout:46ms
2019-10-17 21:55:00,171 [Thread-1508] INFO  impl.RoleInfo (RoleInfo.java:shutdownFollowerState(121)) - d6dfcdd7-fc6e-4b51-b91e-b64503dadc5e: shutdown FollowerState
2019-10-17 21:55:00,171 [Thread-1508] INFO  impl.RaftServerImpl (RaftServerImpl.java:setRole(184)) - d6dfcdd7-fc6e-4b51-b91e-b64503dadc5e@group-F967393F7C93: changes role from  FOLLOWER to CANDIDATE at term 133 for changeToCandidate
2019-10-17 21:55:00,171 [Thread-1508] INFO  impl.RoleInfo (RoleInfo.java:updateAndGet(143)) - d6dfcdd7-fc6e-4b51-b91e-b64503dadc5e: start LeaderElection
2019-10-17 21:55:00,187 [ForkJoinPool.commonPool-worker-0] INFO  utils.BackgroundService (BackgroundService.java:shutdown(151)) - Shutting down service BlockDeletingService
2019-10-17 21:55:00,187 [main] INFO  utils.BackgroundService (BackgroundService.java:shutdown(151)) - Shutting down service BlockDeletingService
2019-10-17 21:55:00,192 [d6dfcdd7-fc6e-4b51-b91e-b64503dadc5e@group-F967393F7C93-LeaderElection143] INFO  impl.LeaderElection (LeaderElection.java:askForVotes(178)) - d6dfcdd7-fc6e-4b51-b91e-b64503dadc5e@group-F967393F7C93-LeaderElection143: begin an election at term 134 for -1: [08d4cbaa-ffed-4411-a5fd-c4a38026aead:192.168.157.223:33910, da15dfee-23f0-4dc4-ad77-c00156c49cfa:192.168.157.223:42172, d6dfcdd7-fc6e-4b51-b91e-b64503dadc5e:192.168.157.223:43575], old=null
2019-10-17 21:55:00,194 [main] INFO  statemachine.DatanodeStateMachine (DatanodeStateMachine.java:stopDaemon(395)) - Ozone container server stopped.
2019-10-17 21:55:00,194 [ForkJoinPool.commonPool-worker-0] INFO  statemachine.DatanodeStateMachine (DatanodeStateMachine.java:stopDaemon(395)) - Ozone container server stopped.
2019-10-17 21:55:00,198 [main] INFO  handler.ContextHandler (ContextHandler.java:doStop(910)) - Stopped o.e.j.w.WebAppContext@7fb29ca9{/,null,UNAVAILABLE}{/hddsDatanode}
2019-10-17 21:55:00,199 [ForkJoinPool.commonPool-worker-0] INFO  handler.ContextHandler (ContextHandler.java:doStop(910)) - Stopped o.e.j.w.WebAppContext@4c6007fb{/,null,UNAVAILABLE}{/hddsDatanode}
2019-10-17 21:55:00,199 [grpc-default-executor-1] INFO  impl.RaftServerImpl (RaftServerImpl.java:setRole(184)) - 08d4cbaa-ffed-4411-a5fd-c4a38026aead@group-F967393F7C93: changes role from  FOLLOWER to FOLLOWER at term 134 for recognizeCandidate:d6dfcdd7-fc6e-4b51-b91e-b64503dadc5e
2019-10-17 21:55:00,199 [grpc-default-executor-6] INFO  impl.RaftServerImpl (RaftServerImpl.java:setRole(184)) - da15dfee-23f0-4dc4-ad77-c00156c49cfa@group-F967393F7C93: changes role from  FOLLOWER to FOLLOWER at term 134 for recognizeCandidate:d6dfcdd7-fc6e-4b51-b91e-b64503dadc5e
2019-10-17 21:55:00,199 [main] INFO  server.AbstractConnector (AbstractConnector.java:doStop(318)) - Stopped ServerConnector@1e253c9d{HTTP/1.1,[http/1.1]}{0.0.0.0:0}
2019-10-17 21:55:00,199 [grpc-default-executor-1] INFO  impl.RoleInfo (RoleInfo.java:shutdownFollowerState(121)) - 08d4cbaa-ffed-4411-a5fd-c4a38026aead: shutdown FollowerState
2019-10-17 21:55:00,200 [main] INFO  handler.ContextHandler (ContextHandler.java:doStop(910)) - Stopped o.e.j.s.ServletContextHandler@762637be{/static,jar:file:/home/user/.m2/repository/org/apache/hadoop/hadoop-hdds-container-service/0.5.0-SNAPSHOT/hadoop-hdds-container-service-0.5.0-SNAPSHOT.jar!/webapps/static,UNAVAILABLE}
2019-10-17 21:55:00,200 [ForkJoinPool.commonPool-worker-0] INFO  server.AbstractConnector (AbstractConnector.java:doStop(318)) - Stopped ServerConnector@3e33d73e{HTTP/1.1,[http/1.1]}{0.0.0.0:0}
2019-10-17 21:55:00,199 [grpc-default-executor-6] INFO  impl.RoleInfo (RoleInfo.java:shutdownFollowerState(121)) - da15dfee-23f0-4dc4-ad77-c00156c49cfa: shutdown FollowerState
2019-10-17 21:55:00,200 [main] INFO  handler.ContextHandler (ContextHandler.java:doStop(910)) - Stopped o.e.j.s.ServletContextHandler@72f9f27c{/logs,file:///workdir/hadoop-ozone/integration-test/target/log,UNAVAILABLE}
2019-10-17 21:55:00,200 [Thread-1506] INFO  impl.FollowerState (FollowerState.java:run(117)) - 08d4cbaa-ffed-4411-a5fd-c4a38026aead@group-F967393F7C93-FollowerState was interrupted: java.lang.InterruptedException: sleep interrupted
2019-10-17 21:55:00,200 [grpc-default-executor-1] INFO  impl.RoleInfo (RoleInfo.java:updateAndGet(143)) - 08d4cbaa-ffed-4411-a5fd-c4a38026aead: start FollowerState
2019-10-17 21:55:00,202 [Thread-1507] INFO  impl.FollowerState (FollowerState.java:run(117)) - da15dfee-23f0-4dc4-ad77-c00156c49cfa@group-F967393F7C93-FollowerState was interrupted: java.lang.InterruptedException: sleep interrupted
2019-10-17 21:55:00,202 [ForkJoinPool.commonPool-worker-0] INFO  handler.ContextHandler (ContextHandler.java:doStop(910)) - Stopped o.e.j.s.ServletContextHandler@26f46fa6{/static,jar:file:/home/user/.m2/repository/org/apache/hadoop/hadoop-hdds-container-service/0.5.0-SNAPSHOT/hadoop-hdds-container-service-0.5.0-SNAPSHOT.jar!/webapps/static,UNAVAILABLE}
2019-10-17 21:55:00,202 [grpc-default-executor-6] INFO  impl.RoleInfo (RoleInfo.java:updateAndGet(143)) - da15dfee-23f0-4dc4-ad77-c00156c49cfa: start FollowerState
2019-10-17 21:55:00,205 [ForkJoinPool.commonPool-worker-0] INFO  handler.ContextHandler (ContextHandler.java:doStop(910)) - Stopped o.e.j.s.ServletContextHandler@d109c4f{/logs,file:///workdir/hadoop-ozone/integration-test/target/log,UNAVAILABLE}
2019-10-17 21:55:00,217 [d6dfcdd7-fc6e-4b51-b91e-b64503dadc5e@group-F967393F7C93-LeaderElection143] INFO  impl.LeaderElection (LeaderElection.java:logAndReturn(56)) - d6dfcdd7-fc6e-4b51-b91e-b64503dadc5e@group-F967393F7C93-LeaderElection143: Election REJECTED; received 2 response(s) [d6dfcdd7-fc6e-4b51-b91e-b64503dadc5e<-08d4cbaa-ffed-4411-a5fd-c4a38026aead#0:FAIL-t134, d6dfcdd7-fc6e-4b51-b91e-b64503dadc5e<-da15dfee-23f0-4dc4-ad77-c00156c49cfa#0:FAIL-t134] and 0 exception(s); d6dfcdd7-fc6e-4b51-b91e-b64503dadc5e@group-F967393F7C93:t134, leader=null, voted=d6dfcdd7-fc6e-4b51-b91e-b64503dadc5e, raftlog=d6dfcdd7-fc6e-4b51-b91e-b64503dadc5e@group-F967393F7C93-SegmentedRaftLog:OPENED:c-1,f-1,i0, conf=-1: [08d4cbaa-ffed-4411-a5fd-c4a38026aead:192.168.157.223:33910, da15dfee-23f0-4dc4-ad77-c00156c49cfa:192.168.157.223:42172, d6dfcdd7-fc6e-4b51-b91e-b64503dadc5e:192.168.157.223:43575], old=null
2019-10-17 21:55:00,217 [d6dfcdd7-fc6e-4b51-b91e-b64503dadc5e@group-F967393F7C93-LeaderElection143] INFO  impl.RaftServerImpl (RaftServerImpl.java:setRole(184)) - d6dfcdd7-fc6e-4b51-b91e-b64503dadc5e@group-F967393F7C93: changes role from CANDIDATE to FOLLOWER at term 134 for DISCOVERED_A_NEW_TERM
2019-10-17 21:55:00,217 [d6dfcdd7-fc6e-4b51-b91e-b64503dadc5e@group-F967393F7C93-LeaderElection143] INFO  impl.RoleInfo (RoleInfo.java:shutdownLeaderElection(134)) - d6dfcdd7-fc6e-4b51-b91e-b64503dadc5e: shutdown LeaderElection
2019-10-17 21:55:00,217 [d6dfcdd7-fc6e-4b51-b91e-b64503dadc5e@group-F967393F7C93-LeaderElection143] INFO  impl.RoleInfo (RoleInfo.java:updateAndGet(143)) - d6dfcdd7-fc6e-4b51-b91e-b64503dadc5e: start FollowerState
2019-10-17 21:55:00,323 [Thread-1514] INFO  impl.FollowerState (FollowerState.java:run(108)) - d6dfcdd7-fc6e-4b51-b91e-b64503dadc5e@group-F967393F7C93-FollowerState: change to CANDIDATE, lastRpcTime:105ms, electionTimeout:105ms
2019-10-17 21:55:00,323 [Thread-1514] INFO  impl.RoleInfo (RoleInfo.java:shutdownFollowerState(121)) - d6dfcdd7-fc6e-4b51-b91e-b64503dadc5e: shutdown FollowerState
2019-10-17 21:55:00,323 [Thread-1514] INFO  impl.RaftServerImpl (RaftServerImpl.java:setRole(184)) - d6dfcdd7-fc6e-4b51-b91e-b64503dadc5e@group-F967393F7C93: changes role from  FOLLOWER to CANDIDATE at term 134 for changeToCandidate
2019-10-17 21:55:00,323 [Thread-1514] INFO  impl.RoleInfo (RoleInfo.java:updateAndGet(143)) - d6dfcdd7-fc6e-4b51-b91e-b64503dadc5e: start LeaderElection
2019-10-17 21:55:00,336 [d6dfcdd7-fc6e-4b51-b91e-b64503dadc5e@group-F967393F7C93-LeaderElection144] INFO  impl.LeaderElection (LeaderElection.java:askForVotes(178)) - d6dfcdd7-fc6e-4b51-b91e-b64503dadc5e@group-F967393F7C93-LeaderElection144: begin an election at term 135 for -1: [08d4cbaa-ffed-4411-a5fd-c4a38026aead:192.168.157.223:33910, da15dfee-23f0-4dc4-ad77-c00156c49cfa:192.168.157.223:42172, d6dfcdd7-fc6e-4b51-b91e-b64503dadc5e:192.168.157.223:43575], old=null
2019-10-17 21:55:00,338 [grpc-default-executor-1] INFO  impl.RaftServerImpl (RaftServerImpl.java:setRole(184)) - da15dfee-23f0-4dc4-ad77-c00156c49cfa@group-F967393F7C93: changes role from  FOLLOWER to FOLLOWER at term 135 for recognizeCandidate:d6dfcdd7-fc6e-4b51-b91e-b64503dadc5e
2019-10-17 21:55:00,339 [grpc-default-executor-1] INFO  impl.RoleInfo (RoleInfo.java:shutdownFollowerState(121)) - da15dfee-23f0-4dc4-ad77-c00156c49cfa: shutdown FollowerState
2019-10-17 21:55:00,338 [grpc-default-executor-6] INFO  impl.RaftServerImpl (RaftServerImpl.java:setRole(184)) - 08d4cbaa-ffed-4411-a5fd-c4a38026aead@group-F967393F7C93: changes role from  FOLLOWER to FOLLOWER at term 135 for recognizeCandidate:d6dfcdd7-fc6e-4b51-b91e-b64503dadc5e
2019-10-17 21:55:00,339 [Thread-1513] INFO  impl.FollowerState (FollowerState.java:run(117)) - da15dfee-23f0-4dc4-ad77-c00156c49cfa@group-F967393F7C93-FollowerState was interrupted: java.lang.InterruptedException: sleep interrupted
2019-10-17 21:55:00,339 [grpc-default-executor-1] INFO  impl.RoleInfo (RoleInfo.java:updateAndGet(143)) - da15dfee-23f0-4dc4-ad77-c00156c49cfa: start FollowerState
2019-10-17 21:55:00,339 [grpc-default-executor-6] INFO  impl.RoleInfo (RoleInfo.java:shutdownFollowerState(121)) - 08d4cbaa-ffed-4411-a5fd-c4a38026aead: shutdown FollowerState
2019-10-17 21:55:00,340 [grpc-default-executor-6] INFO  impl.RoleInfo (RoleInfo.java:updateAndGet(143)) - 08d4cbaa-ffed-4411-a5fd-c4a38026aead: start FollowerState
2019-10-17 21:55:00,340 [Thread-1512] INFO  impl.FollowerState (FollowerState.java:run(117)) - 08d4cbaa-ffed-4411-a5fd-c4a38026aead@group-F967393F7C93-FollowerState was interrupted: java.lang.InterruptedException: sleep interrupted
2019-10-17 21:55:00,354 [d6dfcdd7-fc6e-4b51-b91e-b64503dadc5e@group-F967393F7C93-LeaderElection144] INFO  impl.LeaderElection (LeaderElection.java:logAndReturn(56)) - d6dfcdd7-fc6e-4b51-b91e-b64503dadc5e@group-F967393F7C93-LeaderElection144: Election REJECTED; received 2 response(s) [d6dfcdd7-fc6e-4b51-b91e-b64503dadc5e<-08d4cbaa-ffed-4411-a5fd-c4a38026aead#0:FAIL-t135, d6dfcdd7-fc6e-4b51-b91e-b64503dadc5e<-da15dfee-23f0-4dc4-ad77-c00156c49cfa#0:FAIL-t135] and 0 exception(s); d6dfcdd7-fc6e-4b51-b91e-b64503dadc5e@group-F967393F7C93:t135, leader=null, voted=d6dfcdd7-fc6e-4b51-b91e-b64503dadc5e, raftlog=d6dfcdd7-fc6e-4b51-b91e-b64503dadc5e@group-F967393F7C93-SegmentedRaftLog:OPENED:c-1,f-1,i0, conf=-1: [08d4cbaa-ffed-4411-a5fd-c4a38026aead:192.168.157.223:33910, da15dfee-23f0-4dc4-ad77-c00156c49cfa:192.168.157.223:42172, d6dfcdd7-fc6e-4b51-b91e-b64503dadc5e:192.168.157.223:43575], old=null
2019-10-17 21:55:00,354 [d6dfcdd7-fc6e-4b51-b91e-b64503dadc5e@group-F967393F7C93-LeaderElection144] INFO  impl.RaftServerImpl (RaftServerImpl.java:setRole(184)) - d6dfcdd7-fc6e-4b51-b91e-b64503dadc5e@group-F967393F7C93: changes role from CANDIDATE to FOLLOWER at term 135 for DISCOVERED_A_NEW_TERM
2019-10-17 21:55:00,354 [d6dfcdd7-fc6e-4b51-b91e-b64503dadc5e@group-F967393F7C93-LeaderElection144] INFO  impl.RoleInfo (RoleInfo.java:shutdownLeaderElection(134)) - d6dfcdd7-fc6e-4b51-b91e-b64503dadc5e: shutdown LeaderElection
2019-10-17 21:55:00,354 [d6dfcdd7-fc6e-4b51-b91e-b64503dadc5e@group-F967393F7C93-LeaderElection144] INFO  impl.RoleInfo (RoleInfo.java:updateAndGet(143)) - d6dfcdd7-fc6e-4b51-b91e-b64503dadc5e: start FollowerState
2019-10-17 21:55:00,402 [Datanode State Machine Thread - 0] INFO  statemachine.DatanodeStateMachine (DatanodeStateMachine.java:lambda$startDaemon$0(350)) - Ozone container server started.
2019-10-17 21:55:00,415 [Thread-1522] INFO  impl.FollowerState (FollowerState.java:run(108)) - d6dfcdd7-fc6e-4b51-b91e-b64503dadc5e@group-F967393F7C93-FollowerState: change to CANDIDATE, lastRpcTime:60ms, electionTimeout:60ms
2019-10-17 21:55:00,415 [Thread-1522] INFO  impl.RoleInfo (RoleInfo.java:shutdownFollowerState(121)) - d6dfcdd7-fc6e-4b51-b91e-b64503dadc5e: shutdown FollowerState
2019-10-17 21:55:00,415 [Thread-1522] INFO  impl.RaftServerImpl (RaftServerImpl.java:setRole(184)) - d6dfcdd7-fc6e-4b51-b91e-b64503dadc5e@group-F967393F7C93: changes role from  FOLLOWER to CANDIDATE at term 135 for changeToCandidate
2019-10-17 21:55:00,415 [Thread-1522] INFO  impl.RoleInfo (RoleInfo.java:updateAndGet(143)) - d6dfcdd7-fc6e-4b51-b91e-b64503dadc5e: start LeaderElection
2019-10-17 21:55:00,423 [Datanode State Machine Thread - 0] INFO  statemachine.DatanodeStateMachine (DatanodeStateMachine.java:lambda$startDaemon$0(350)) - Ozone container server started.
2019-10-17 21:55:00,438 [d6dfcdd7-fc6e-4b51-b91e-b64503dadc5e@group-F967393F7C93-LeaderElection145] INFO  impl.LeaderElection (LeaderElection.java:askForVotes(178)) - d6dfcdd7-fc6e-4b51-b91e-b64503dadc5e@group-F967393F7C93-LeaderElection145: begin an election at term 136 for -1: [08d4cbaa-ffed-4411-a5fd-c4a38026aead:192.168.157.223:33910, da15dfee-23f0-4dc4-ad77-c00156c49cfa:192.168.157.223:42172, d6dfcdd7-fc6e-4b51-b91e-b64503dadc5e:192.168.157.223:43575], old=null
2019-10-17 21:55:00,440 [grpc-default-executor-6] INFO  impl.RaftServerImpl (RaftServerImpl.java:setRole(184)) - 08d4cbaa-ffed-4411-a5fd-c4a38026aead@group-F967393F7C93: changes role from  FOLLOWER to FOLLOWER at term 136 for recognizeCandidate:d6dfcdd7-fc6e-4b51-b91e-b64503dadc5e
2019-10-17 21:55:00,441 [grpc-default-executor-6] INFO  impl.RoleInfo (RoleInfo.java:shutdownFollowerState(121)) - 08d4cbaa-ffed-4411-a5fd-c4a38026aead: shutdown FollowerState
2019-10-17 21:55:00,441 [grpc-default-executor-6] INFO  impl.RoleInfo (RoleInfo.java:updateAndGet(143)) - 08d4cbaa-ffed-4411-a5fd-c4a38026aead: start FollowerState
2019-10-17 21:55:00,441 [Thread-1521] INFO  impl.FollowerState (FollowerState.java:run(117)) - 08d4cbaa-ffed-4411-a5fd-c4a38026aead@group-F967393F7C93-FollowerState was interrupted: java.lang.InterruptedException: sleep interrupted
2019-10-17 21:55:00,441 [grpc-default-executor-1] INFO  impl.RaftServerImpl (RaftServerImpl.java:setRole(184)) - da15dfee-23f0-4dc4-ad77-c00156c49cfa@group-F967393F7C93: changes role from  FOLLOWER to FOLLOWER at term 136 for recognizeCandidate:d6dfcdd7-fc6e-4b51-b91e-b64503dadc5e
2019-10-17 21:55:00,441 [grpc-default-executor-1] INFO  impl.RoleInfo (RoleInfo.java:shutdownFollowerState(121)) - da15dfee-23f0-4dc4-ad77-c00156c49cfa: shutdown FollowerState
2019-10-17 21:55:00,442 [grpc-default-executor-1] INFO  impl.RoleInfo (RoleInfo.java:updateAndGet(143)) - da15dfee-23f0-4dc4-ad77-c00156c49cfa: start FollowerState
2019-10-17 21:55:00,442 [Thread-1520] INFO  impl.FollowerState (FollowerState.java:run(117)) - da15dfee-23f0-4dc4-ad77-c00156c49cfa@group-F967393F7C93-FollowerState was interrupted: java.lang.InterruptedException: sleep interrupted
2019-10-17 21:55:00,459 [d6dfcdd7-fc6e-4b51-b91e-b64503dadc5e@group-F967393F7C93-LeaderElection145] INFO  impl.LeaderElection (LeaderElection.java:logAndReturn(56)) - d6dfcdd7-fc6e-4b51-b91e-b64503dadc5e@group-F967393F7C93-LeaderElection145: Election REJECTED; received 2 response(s) [d6dfcdd7-fc6e-4b51-b91e-b64503dadc5e<-08d4cbaa-ffed-4411-a5fd-c4a38026aead#0:FAIL-t136, d6dfcdd7-fc6e-4b51-b91e-b64503dadc5e<-da15dfee-23f0-4dc4-ad77-c00156c49cfa#0:FAIL-t136] and 0 exception(s); d6dfcdd7-fc6e-4b51-b91e-b64503dadc5e@group-F967393F7C93:t136, leader=null, voted=d6dfcdd7-fc6e-4b51-b91e-b64503dadc5e, raftlog=d6dfcdd7-fc6e-4b51-b91e-b64503dadc5e@group-F967393F7C93-SegmentedRaftLog:OPENED:c-1,f-1,i0, conf=-1: [08d4cbaa-ffed-4411-a5fd-c4a38026aead:192.168.157.223:33910, da15dfee-23f0-4dc4-ad77-c00156c49cfa:192.168.157.223:42172, d6dfcdd7-fc6e-4b51-b91e-b64503dadc5e:192.168.157.223:43575], old=null
2019-10-17 21:55:00,459 [d6dfcdd7-fc6e-4b51-b91e-b64503dadc5e@group-F967393F7C93-LeaderElection145] INFO  impl.RaftServerImpl (RaftServerImpl.java:setRole(184)) - d6dfcdd7-fc6e-4b51-b91e-b64503dadc5e@group-F967393F7C93: changes role from CANDIDATE to FOLLOWER at term 136 for DISCOVERED_A_NEW_TERM
2019-10-17 21:55:00,460 [d6dfcdd7-fc6e-4b51-b91e-b64503dadc5e@group-F967393F7C93-LeaderElection145] INFO  impl.RoleInfo (RoleInfo.java:shutdownLeaderElection(134)) - d6dfcdd7-fc6e-4b51-b91e-b64503dadc5e: shutdown LeaderElection
2019-10-17 21:55:00,460 [d6dfcdd7-fc6e-4b51-b91e-b64503dadc5e@group-F967393F7C93-LeaderElection145] INFO  impl.RoleInfo (RoleInfo.java:updateAndGet(143)) - d6dfcdd7-fc6e-4b51-b91e-b64503dadc5e: start FollowerState
2019-10-17 21:55:00,507 [Thread-1528] INFO  impl.FollowerState (FollowerState.java:run(108)) - d6dfcdd7-fc6e-4b51-b91e-b64503dadc5e@group-F967393F7C93-FollowerState: change to CANDIDATE, lastRpcTime:47ms, electionTimeout:47ms
2019-10-17 21:55:00,507 [Thread-1528] INFO  impl.RoleInfo (RoleInfo.java:shutdownFollowerState(121)) - d6dfcdd7-fc6e-4b51-b91e-b64503dadc5e: shutdown FollowerState
2019-10-17 21:55:00,507 [Thread-1528] INFO  impl.RaftServerImpl (RaftServerImpl.java:setRole(184)) - d6dfcdd7-fc6e-4b51-b91e-b64503dadc5e@group-F967393F7C93: changes role from  FOLLOWER to CANDIDATE at term 136 for changeToCandidate
2019-10-17 21:55:00,507 [Thread-1528] INFO  impl.RoleInfo (RoleInfo.java:updateAndGet(143)) - d6dfcdd7-fc6e-4b51-b91e-b64503dadc5e: start LeaderElection
2019-10-17 21:55:00,521 [d6dfcdd7-fc6e-4b51-b91e-b64503dadc5e@group-F967393F7C93-LeaderElection146] INFO  impl.LeaderElection (LeaderElection.java:askForVotes(178)) - d6dfcdd7-fc6e-4b51-b91e-b64503dadc5e@group-F967393F7C93-LeaderElection146: begin an election at term 137 for -1: [08d4cbaa-ffed-4411-a5fd-c4a38026aead:192.168.157.223:33910, da15dfee-23f0-4dc4-ad77-c00156c49cfa:192.168.157.223:42172, d6dfcdd7-fc6e-4b51-b91e-b64503dadc5e:192.168.157.223:43575], old=null
2019-10-17 21:55:00,524 [grpc-default-executor-6] INFO  impl.RaftServerImpl (RaftServerImpl.java:setRole(184)) - 08d4cbaa-ffed-4411-a5fd-c4a38026aead@group-F967393F7C93: changes role from  FOLLOWER to FOLLOWER at term 137 for recognizeCandidate:d6dfcdd7-fc6e-4b51-b91e-b64503dadc5e
2019-10-17 21:55:00,524 [grpc-default-executor-6] INFO  impl.RoleInfo (RoleInfo.java:shutdownFollowerState(121)) - 08d4cbaa-ffed-4411-a5fd-c4a38026aead: shutdown FollowerState
2019-10-17 21:55:00,524 [grpc-default-executor-1] INFO  impl.RaftServerImpl (RaftServerImpl.java:setRole(184)) - da15dfee-23f0-4dc4-ad77-c00156c49cfa@group-F967393F7C93: changes role from  FOLLOWER to FOLLOWER at term 137 for recognizeCandidate:d6dfcdd7-fc6e-4b51-b91e-b64503dadc5e
2019-10-17 21:55:00,524 [grpc-default-executor-1] INFO  impl.RoleInfo (RoleInfo.java:shutdownFollowerState(121)) - da15dfee-23f0-4dc4-ad77-c00156c49cfa: shutdown FollowerState
2019-10-17 21:55:00,524 [grpc-default-executor-6] INFO  impl.RoleInfo (RoleInfo.java:updateAndGet(143)) - 08d4cbaa-ffed-4411-a5fd-c4a38026aead: start FollowerState
2019-10-17 21:55:00,524 [Thread-1527] INFO  impl.FollowerState (FollowerState.java:run(117)) - da15dfee-23f0-4dc4-ad77-c00156c49cfa@group-F967393F7C93-FollowerState was interrupted: java.lang.InterruptedException: sleep interrupted
2019-10-17 21:55:00,524 [grpc-default-executor-1] INFO  impl.RoleInfo (RoleInfo.java:updateAndGet(143)) - da15dfee-23f0-4dc4-ad77-c00156c49cfa: start FollowerState
2019-10-17 21:55:00,524 [Thread-1526] INFO  impl.FollowerState (FollowerState.java:run(117)) - 08d4cbaa-ffed-4411-a5fd-c4a38026aead@group-F967393F7C93-FollowerState was interrupted: java.lang.InterruptedException: sleep interrupted
2019-10-17 21:55:00,540 [d6dfcdd7-fc6e-4b51-b91e-b64503dadc5e@group-F967393F7C93-LeaderElection146] INFO  impl.LeaderElection (LeaderElection.java:logAndReturn(56)) - d6dfcdd7-fc6e-4b51-b91e-b64503dadc5e@group-F967393F7C93-LeaderElection146: Election REJECTED; received 2 response(s) [d6dfcdd7-fc6e-4b51-b91e-b64503dadc5e<-08d4cbaa-ffed-4411-a5fd-c4a38026aead#0:FAIL-t137, d6dfcdd7-fc6e-4b51-b91e-b64503dadc5e<-da15dfee-23f0-4dc4-ad77-c00156c49cfa#0:FAIL-t137] and 0 exception(s); d6dfcdd7-fc6e-4b51-b91e-b64503dadc5e@group-F967393F7C93:t137, leader=null, voted=d6dfcdd7-fc6e-4b51-b91e-b64503dadc5e, raftlog=d6dfcdd7-fc6e-4b51-b91e-b64503dadc5e@group-F967393F7C93-SegmentedRaftLog:OPENED:c-1,f-1,i0, conf=-1: [08d4cbaa-ffed-4411-a5fd-c4a38026aead:192.168.157.223:33910, da15dfee-23f0-4dc4-ad77-c00156c49cfa:192.168.157.223:42172, d6dfcdd7-fc6e-4b51-b91e-b64503dadc5e:192.168.157.223:43575], old=null
2019-10-17 21:55:00,540 [d6dfcdd7-fc6e-4b51-b91e-b64503dadc5e@group-F967393F7C93-LeaderElection146] INFO  impl.RaftServerImpl (RaftServerImpl.java:setRole(184)) - d6dfcdd7-fc6e-4b51-b91e-b64503dadc5e@group-F967393F7C93: changes role from CANDIDATE to FOLLOWER at term 137 for DISCOVERED_A_NEW_TERM
2019-10-17 21:55:00,540 [d6dfcdd7-fc6e-4b51-b91e-b64503dadc5e@group-F967393F7C93-LeaderElection146] INFO  impl.RoleInfo (RoleInfo.java:shutdownLeaderElection(134)) - d6dfcdd7-fc6e-4b51-b91e-b64503dadc5e: shutdown LeaderElection
2019-10-17 21:55:00,540 [d6dfcdd7-fc6e-4b51-b91e-b64503dadc5e@group-F967393F7C93-LeaderElection146] INFO  impl.RoleInfo (RoleInfo.java:updateAndGet(143)) - d6dfcdd7-fc6e-4b51-b91e-b64503dadc5e: start FollowerState
2019-10-17 21:55:00,740 [Thread-1534] INFO  impl.FollowerState (FollowerState.java:run(108)) - d6dfcdd7-fc6e-4b51-b91e-b64503dadc5e@group-F967393F7C93-FollowerState: change to CANDIDATE, lastRpcTime:200ms, electionTimeout:200ms
2019-10-17 21:55:00,741 [Thread-1534] INFO  impl.RoleInfo (RoleInfo.java:shutdownFollowerState(121)) - d6dfcdd7-fc6e-4b51-b91e-b64503dadc5e: shutdown FollowerState
2019-10-17 21:55:00,741 [Thread-1534] INFO  impl.RaftServerImpl (RaftServerImpl.java:setRole(184)) - d6dfcdd7-fc6e-4b51-b91e-b64503dadc5e@group-F967393F7C93: changes role from  FOLLOWER to CANDIDATE at term 137 for changeToCandidate
2019-10-17 21:55:00,741 [Thread-1534] INFO  impl.RoleInfo (RoleInfo.java:updateAndGet(143)) - d6dfcdd7-fc6e-4b51-b91e-b64503dadc5e: start LeaderElection
2019-10-17 21:55:00,755 [d6dfcdd7-fc6e-4b51-b91e-b64503dadc5e@group-F967393F7C93-LeaderElection147] INFO  impl.LeaderElection (LeaderElection.java:askForVotes(178)) - d6dfcdd7-fc6e-4b51-b91e-b64503dadc5e@group-F967393F7C93-LeaderElection147: begin an election at term 138 for -1: [08d4cbaa-ffed-4411-a5fd-c4a38026aead:192.168.157.223:33910, da15dfee-23f0-4dc4-ad77-c00156c49cfa:192.168.157.223:42172, d6dfcdd7-fc6e-4b51-b91e-b64503dadc5e:192.168.157.223:43575], old=null
2019-10-17 21:55:00,757 [grpc-default-executor-6] INFO  impl.RaftServerImpl (RaftServerImpl.java:setRole(184)) - 08d4cbaa-ffed-4411-a5fd-c4a38026aead@group-F967393F7C93: changes role from  FOLLOWER to FOLLOWER at term 138 for recognizeCandidate:d6dfcdd7-fc6e-4b51-b91e-b64503dadc5e
2019-10-17 21:55:00,757 [grpc-default-executor-1] INFO  impl.RaftServerImpl (RaftServerImpl.java:setRole(184)) - da15dfee-23f0-4dc4-ad77-c00156c49cfa@group-F967393F7C93: changes role from  FOLLOWER to FOLLOWER at term 138 for recognizeCandidate:d6dfcdd7-fc6e-4b51-b91e-b64503dadc5e
2019-10-17 21:55:00,758 [grpc-default-executor-1] INFO  impl.RoleInfo (RoleInfo.java:shutdownFollowerState(121)) - da15dfee-23f0-4dc4-ad77-c00156c49cfa: shutdown FollowerState
2019-10-17 21:55:00,758 [grpc-default-executor-6] INFO  impl.RoleInfo (RoleInfo.java:shutdownFollowerState(121)) - 08d4cbaa-ffed-4411-a5fd-c4a38026aead: shutdown FollowerState
2019-10-17 21:55:00,758 [Thread-1533] INFO  impl.FollowerState (FollowerState.java:run(117)) - da15dfee-23f0-4dc4-ad77-c00156c49cfa@group-F967393F7C93-FollowerState was interrupted: java.lang.InterruptedException: sleep interrupted
2019-10-17 21:55:00,758 [grpc-default-executor-1] INFO  impl.RoleInfo (RoleInfo.java:updateAndGet(143)) - da15dfee-23f0-4dc4-ad77-c00156c49cfa: start FollowerState
2019-10-17 21:55:00,758 [Thread-1532] INFO  impl.FollowerState (FollowerState.java:run(117)) - 08d4cbaa-ffed-4411-a5fd-c4a38026aead@group-F967393F7C93-FollowerState was interrupted: java.lang.InterruptedException: sleep interrupted
2019-10-17 21:55:00,758 [grpc-default-executor-6] INFO  impl.RoleInfo (RoleInfo.java:updateAndGet(143)) - 08d4cbaa-ffed-4411-a5fd-c4a38026aead: start FollowerState
2019-10-17 21:55:00,773 [d6dfcdd7-fc6e-4b51-b91e-b64503dadc5e@group-F967393F7C93-LeaderElection147] INFO  impl.LeaderElection (LeaderElection.java:logAndReturn(56)) - d6dfcdd7-fc6e-4b51-b91e-b64503dadc5e@group-F967393F7C93-LeaderElection147: Election REJECTED; received 2 response(s) [d6dfcdd7-fc6e-4b51-b91e-b64503dadc5e<-08d4cbaa-ffed-4411-a5fd-c4a38026aead#0:FAIL-t138, d6dfcdd7-fc6e-4b51-b91e-b64503dadc5e<-da15dfee-23f0-4dc4-ad77-c00156c49cfa#0:FAIL-t138] and 0 exception(s); d6dfcdd7-fc6e-4b51-b91e-b64503dadc5e@group-F967393F7C93:t138, leader=null, voted=d6dfcdd7-fc6e-4b51-b91e-b64503dadc5e, raftlog=d6dfcdd7-fc6e-4b51-b91e-b64503dadc5e@group-F967393F7C93-SegmentedRaftLog:OPENED:c-1,f-1,i0, conf=-1: [08d4cbaa-ffed-4411-a5fd-c4a38026aead:192.168.157.223:33910, da15dfee-23f0-4dc4-ad77-c00156c49cfa:192.168.157.223:42172, d6dfcdd7-fc6e-4b51-b91e-b64503dadc5e:192.168.157.223:43575], old=null
2019-10-17 21:55:00,773 [d6dfcdd7-fc6e-4b51-b91e-b64503dadc5e@group-F967393F7C93-LeaderElection147] INFO  impl.RaftServerImpl (RaftServerImpl.java:setRole(184)) - d6dfcdd7-fc6e-4b51-b91e-b64503dadc5e@group-F967393F7C93: changes role from CANDIDATE to FOLLOWER at term 138 for DISCOVERED_A_NEW_TERM
2019-10-17 21:55:00,773 [d6dfcdd7-fc6e-4b51-b91e-b64503dadc5e@group-F967393F7C93-LeaderElection147] INFO  impl.RoleInfo (RoleInfo.java:shutdownLeaderElection(134)) - d6dfcdd7-fc6e-4b51-b91e-b64503dadc5e: shutdown LeaderElection
2019-10-17 21:55:00,773 [d6dfcdd7-fc6e-4b51-b91e-b64503dadc5e@group-F967393F7C93-LeaderElection147] INFO  impl.RoleInfo (RoleInfo.java:updateAndGet(143)) - d6dfcdd7-fc6e-4b51-b91e-b64503dadc5e: start FollowerState
2019-10-17 21:55:00,787 [Thread-1541] INFO  impl.FollowerState (FollowerState.java:run(108)) - d6dfcdd7-fc6e-4b51-b91e-b64503dadc5e@group-F967393F7C93-FollowerState: change to CANDIDATE, lastRpcTime:13ms, electionTimeout:13ms
2019-10-17 21:55:00,787 [Thread-1541] INFO  impl.RoleInfo (RoleInfo.java:shutdownFollowerState(121)) - d6dfcdd7-fc6e-4b51-b91e-b64503dadc5e: shutdown FollowerState
2019-10-17 21:55:00,787 [Thread-1541] INFO  impl.RaftServerImpl (RaftServerImpl.java:setRole(184)) - d6dfcdd7-fc6e-4b51-b91e-b64503dadc5e@group-F967393F7C93: changes role from  FOLLOWER to CANDIDATE at term 138 for changeToCandidate
2019-10-17 21:55:00,787 [Thread-1541] INFO  impl.RoleInfo (RoleInfo.java:updateAndGet(143)) - d6dfcdd7-fc6e-4b51-b91e-b64503dadc5e: start LeaderElection
2019-10-17 21:55:00,801 [d6dfcdd7-fc6e-4b51-b91e-b64503dadc5e@group-F967393F7C93-LeaderElection148] INFO  impl.LeaderElection (LeaderElection.java:askForVotes(178)) - d6dfcdd7-fc6e-4b51-b91e-b64503dadc5e@group-F967393F7C93-LeaderElection148: begin an election at term 139 for -1: [08d4cbaa-ffed-4411-a5fd-c4a38026aead:192.168.157.223:33910, da15dfee-23f0-4dc4-ad77-c00156c49cfa:192.168.157.223:42172, d6dfcdd7-fc6e-4b51-b91e-b64503dadc5e:192.168.157.223:43575], old=null
2019-10-17 21:55:00,803 [grpc-default-executor-6] INFO  impl.RaftServerImpl (RaftServerImpl.java:setRole(184)) - 08d4cbaa-ffed-4411-a5fd-c4a38026aead@group-F967393F7C93: changes role from  FOLLOWER to FOLLOWER at term 139 for recognizeCandidate:d6dfcdd7-fc6e-4b51-b91e-b64503dadc5e
2019-10-17 21:55:00,803 [grpc-default-executor-6] INFO  impl.RoleInfo (RoleInfo.java:shutdownFollowerState(121)) - 08d4cbaa-ffed-4411-a5fd-c4a38026aead: shutdown FollowerState
2019-10-17 21:55:00,803 [grpc-default-executor-6] INFO  impl.RoleInfo (RoleInfo.java:updateAndGet(143)) - 08d4cbaa-ffed-4411-a5fd-c4a38026aead: start FollowerState
2019-10-17 21:55:00,803 [Thread-1539] INFO  impl.FollowerState (FollowerState.java:run(117)) - 08d4cbaa-ffed-4411-a5fd-c4a38026aead@group-F967393F7C93-FollowerState was interrupted: java.lang.InterruptedException: sleep interrupted
2019-10-17 21:55:00,803 [grpc-default-executor-1] INFO  impl.RaftServerImpl (RaftServerImpl.java:setRole(184)) - da15dfee-23f0-4dc4-ad77-c00156c49cfa@group-F967393F7C93: changes role from  FOLLOWER to FOLLOWER at term 139 for recognizeCandidate:d6dfcdd7-fc6e-4b51-b91e-b64503dadc5e
2019-10-17 21:55:00,804 [grpc-default-executor-1] INFO  impl.RoleInfo (RoleInfo.java:shutdownFollowerState(121)) - da15dfee-23f0-4dc4-ad77-c00156c49cfa: shutdown FollowerState
2019-10-17 21:55:00,804 [grpc-default-executor-1] INFO  impl.RoleInfo (RoleInfo.java:updateAndGet(143)) - da15dfee-23f0-4dc4-ad77-c00156c49cfa: start FollowerState
2019-10-17 21:55:00,804 [Thread-1538] INFO  impl.FollowerState (FollowerState.java:run(117)) - da15dfee-23f0-4dc4-ad77-c00156c49cfa@group-F967393F7C93-FollowerState was interrupted: java.lang.InterruptedException: sleep interrupted
2019-10-17 21:55:00,818 [d6dfcdd7-fc6e-4b51-b91e-b64503dadc5e@group-F967393F7C93-LeaderElection148] INFO  impl.LeaderElection (LeaderElection.java:logAndReturn(56)) - d6dfcdd7-fc6e-4b51-b91e-b64503dadc5e@group-F967393F7C93-LeaderElection148: Election REJECTED; received 2 response(s) [d6dfcdd7-fc6e-4b51-b91e-b64503dadc5e<-08d4cbaa-ffed-4411-a5fd-c4a38026aead#0:FAIL-t139, d6dfcdd7-fc6e-4b51-b91e-b64503dadc5e<-da15dfee-23f0-4dc4-ad77-c00156c49cfa#0:FAIL-t139] and 0 exception(s); d6dfcdd7-fc6e-4b51-b91e-b64503dadc5e@group-F967393F7C93:t139, leader=null, voted=d6dfcdd7-fc6e-4b51-b91e-b64503dadc5e, raftlog=d6dfcdd7-fc6e-4b51-b91e-b64503dadc5e@group-F967393F7C93-SegmentedRaftLog:OPENED:c-1,f-1,i0, conf=-1: [08d4cbaa-ffed-4411-a5fd-c4a38026aead:192.168.157.223:33910, da15dfee-23f0-4dc4-ad77-c00156c49cfa:192.168.157.223:42172, d6dfcdd7-fc6e-4b51-b91e-b64503dadc5e:192.168.157.223:43575], old=null
2019-10-17 21:55:00,818 [d6dfcdd7-fc6e-4b51-b91e-b64503dadc5e@group-F967393F7C93-LeaderElection148] INFO  impl.RaftServerImpl (RaftServerImpl.java:setRole(184)) - d6dfcdd7-fc6e-4b51-b91e-b64503dadc5e@group-F967393F7C93: changes role from CANDIDATE to FOLLOWER at term 139 for DISCOVERED_A_NEW_TERM
2019-10-17 21:55:00,818 [d6dfcdd7-fc6e-4b51-b91e-b64503dadc5e@group-F967393F7C93-LeaderElection148] INFO  impl.RoleInfo (RoleInfo.java:shutdownLeaderElection(134)) - d6dfcdd7-fc6e-4b51-b91e-b64503dadc5e: shutdown LeaderElection
2019-10-17 21:55:00,818 [d6dfcdd7-fc6e-4b51-b91e-b64503dadc5e@group-F967393F7C93-LeaderElection148] INFO  impl.RoleInfo (RoleInfo.java:updateAndGet(143)) - d6dfcdd7-fc6e-4b51-b91e-b64503dadc5e: start FollowerState
2019-10-17 21:55:00,994 [Thread-1548] INFO  impl.FollowerState (FollowerState.java:run(108)) - d6dfcdd7-fc6e-4b51-b91e-b64503dadc5e@group-F967393F7C93-FollowerState: change to CANDIDATE, lastRpcTime:175ms, electionTimeout:175ms
2019-10-17 21:55:00,994 [Thread-1548] INFO  impl.RoleInfo (RoleInfo.java:shutdownFollowerState(121)) - d6dfcdd7-fc6e-4b51-b91e-b64503dadc5e: shutdown FollowerState
2019-10-17 21:55:00,994 [Thread-1548] INFO  impl.RaftServerImpl (RaftServerImpl.java:setRole(184)) - d6dfcdd7-fc6e-4b51-b91e-b64503dadc5e@group-F967393F7C93: changes role from  FOLLOWER to CANDIDATE at term 139 for changeToCandidate
2019-10-17 21:55:00,994 [Thread-1548] INFO  impl.RoleInfo (RoleInfo.java:updateAndGet(143)) - d6dfcdd7-fc6e-4b51-b91e-b64503dadc5e: start LeaderElection
2019-10-17 21:55:01,008 [d6dfcdd7-fc6e-4b51-b91e-b64503dadc5e@group-F967393F7C93-LeaderElection149] INFO  impl.LeaderElection (LeaderElection.java:askForVotes(178)) - d6dfcdd7-fc6e-4b51-b91e-b64503dadc5e@group-F967393F7C93-LeaderElection149: begin an election at term 140 for -1: [08d4cbaa-ffed-4411-a5fd-c4a38026aead:192.168.157.223:33910, da15dfee-23f0-4dc4-ad77-c00156c49cfa:192.168.157.223:42172, d6dfcdd7-fc6e-4b51-b91e-b64503dadc5e:192.168.157.223:43575], old=null
2019-10-17 21:55:01,011 [grpc-default-executor-1] INFO  impl.RaftServerImpl (RaftServerImpl.java:setRole(184)) - 08d4cbaa-ffed-4411-a5fd-c4a38026aead@group-F967393F7C93: changes role from  FOLLOWER to FOLLOWER at term 140 for recognizeCandidate:d6dfcdd7-fc6e-4b51-b91e-b64503dadc5e
2019-10-17 21:55:01,011 [grpc-default-executor-1] INFO  impl.RoleInfo (RoleInfo.java:shutdownFollowerState(121)) - 08d4cbaa-ffed-4411-a5fd-c4a38026aead: shutdown FollowerState
2019-10-17 21:55:01,011 [grpc-default-executor-6] INFO  impl.RaftServerImpl (RaftServerImpl.java:setRole(184)) - da15dfee-23f0-4dc4-ad77-c00156c49cfa@group-F967393F7C93: changes role from  FOLLOWER to FOLLOWER at term 140 for recognizeCandidate:d6dfcdd7-fc6e-4b51-b91e-b64503dadc5e
2019-10-17 21:55:01,011 [Thread-1546] INFO  impl.FollowerState (FollowerState.java:run(117)) - 08d4cbaa-ffed-4411-a5fd-c4a38026aead@group-F967393F7C93-FollowerState was interrupted: java.lang.InterruptedException: sleep interrupted
2019-10-17 21:55:01,011 [grpc-default-executor-1] INFO  impl.RoleInfo (RoleInfo.java:updateAndGet(143)) - 08d4cbaa-ffed-4411-a5fd-c4a38026aead: start FollowerState
2019-10-17 21:55:01,011 [grpc-default-executor-6] INFO  impl.RoleInfo (RoleInfo.java:shutdownFollowerState(121)) - da15dfee-23f0-4dc4-ad77-c00156c49cfa: shutdown FollowerState
2019-10-17 21:55:01,012 [grpc-default-executor-6] INFO  impl.RoleInfo (RoleInfo.java:updateAndGet(143)) - da15dfee-23f0-4dc4-ad77-c00156c49cfa: start FollowerState
2019-10-17 21:55:01,012 [Thread-1547] INFO  impl.FollowerState (FollowerState.java:run(117)) - da15dfee-23f0-4dc4-ad77-c00156c49cfa@group-F967393F7C93-FollowerState was interrupted: java.lang.InterruptedException: sleep interrupted
2019-10-17 21:55:01,028 [d6dfcdd7-fc6e-4b51-b91e-b64503dadc5e@group-F967393F7C93-LeaderElection149] INFO  impl.LeaderElection (LeaderElection.java:logAndReturn(56)) - d6dfcdd7-fc6e-4b51-b91e-b64503dadc5e@group-F967393F7C93-LeaderElection149: Election REJECTED; received 2 response(s) [d6dfcdd7-fc6e-4b51-b91e-b64503dadc5e<-08d4cbaa-ffed-4411-a5fd-c4a38026aead#0:FAIL-t140, d6dfcdd7-fc6e-4b51-b91e-b64503dadc5e<-da15dfee-23f0-4dc4-ad77-c00156c49cfa#0:FAIL-t140] and 0 exception(s); d6dfcdd7-fc6e-4b51-b91e-b64503dadc5e@group-F967393F7C93:t140, leader=null, voted=d6dfcdd7-fc6e-4b51-b91e-b64503dadc5e, raftlog=d6dfcdd7-fc6e-4b51-b91e-b64503dadc5e@group-F967393F7C93-SegmentedRaftLog:OPENED:c-1,f-1,i0, conf=-1: [08d4cbaa-ffed-4411-a5fd-c4a38026aead:192.168.157.223:33910, da15dfee-23f0-4dc4-ad77-c00156c49cfa:192.168.157.223:42172, d6dfcdd7-fc6e-4b51-b91e-b64503dadc5e:192.168.157.223:43575], old=null
2019-10-17 21:55:01,028 [d6dfcdd7-fc6e-4b51-b91e-b64503dadc5e@group-F967393F7C93-LeaderElection149] INFO  impl.RaftServerImpl (RaftServerImpl.java:setRole(184)) - d6dfcdd7-fc6e-4b51-b91e-b64503dadc5e@group-F967393F7C93: changes role from CANDIDATE to FOLLOWER at term 140 for DISCOVERED_A_NEW_TERM
2019-10-17 21:55:01,029 [d6dfcdd7-fc6e-4b51-b91e-b64503dadc5e@group-F967393F7C93-LeaderElection149] INFO  impl.RoleInfo (RoleInfo.java:shutdownLeaderElection(134)) - d6dfcdd7-fc6e-4b51-b91e-b64503dadc5e: shutdown LeaderElection
2019-10-17 21:55:01,029 [d6dfcdd7-fc6e-4b51-b91e-b64503dadc5e@group-F967393F7C93-LeaderElection149] INFO  impl.RoleInfo (RoleInfo.java:updateAndGet(143)) - d6dfcdd7-fc6e-4b51-b91e-b64503dadc5e: start FollowerState
2019-10-17 21:55:01,189 [Thread-1554] INFO  impl.FollowerState (FollowerState.java:run(108)) - d6dfcdd7-fc6e-4b51-b91e-b64503dadc5e@group-F967393F7C93-FollowerState: change to CANDIDATE, lastRpcTime:160ms, electionTimeout:160ms
2019-10-17 21:55:01,190 [Thread-1554] INFO  impl.RoleInfo (RoleInfo.java:shutdownFollowerState(121)) - d6dfcdd7-fc6e-4b51-b91e-b64503dadc5e: shutdown FollowerState
2019-10-17 21:55:01,190 [Thread-1554] INFO  impl.RaftServerImpl (RaftServerImpl.java:setRole(184)) - d6dfcdd7-fc6e-4b51-b91e-b64503dadc5e@group-F967393F7C93: changes role from  FOLLOWER to CANDIDATE at term 140 for changeToCandidate
2019-10-17 21:55:01,190 [Thread-1554] INFO  impl.RoleInfo (RoleInfo.java:updateAndGet(143)) - d6dfcdd7-fc6e-4b51-b91e-b64503dadc5e: start LeaderElection
2019-10-17 21:55:01,216 [d6dfcdd7-fc6e-4b51-b91e-b64503dadc5e@group-F967393F7C93-LeaderElection150] INFO  impl.LeaderElection (LeaderElection.java:askForVotes(178)) - d6dfcdd7-fc6e-4b51-b91e-b64503dadc5e@group-F967393F7C93-LeaderElection150: begin an election at term 141 for -1: [08d4cbaa-ffed-4411-a5fd-c4a38026aead:192.168.157.223:33910, da15dfee-23f0-4dc4-ad77-c00156c49cfa:192.168.157.223:42172, d6dfcdd7-fc6e-4b51-b91e-b64503dadc5e:192.168.157.223:43575], old=null
2019-10-17 21:55:01,219 [grpc-default-executor-1] INFO  impl.RaftServerImpl (RaftServerImpl.java:setRole(184)) - da15dfee-23f0-4dc4-ad77-c00156c49cfa@group-F967393F7C93: changes role from  FOLLOWER to FOLLOWER at term 141 for recognizeCandidate:d6dfcdd7-fc6e-4b51-b91e-b64503dadc5e
2019-10-17 21:55:01,219 [grpc-default-executor-1] INFO  impl.RoleInfo (RoleInfo.java:shutdownFollowerState(121)) - da15dfee-23f0-4dc4-ad77-c00156c49cfa: shutdown FollowerState
2019-10-17 21:55:01,219 [grpc-default-executor-1] INFO  impl.RoleInfo (RoleInfo.java:updateAndGet(143)) - da15dfee-23f0-4dc4-ad77-c00156c49cfa: start FollowerState
2019-10-17 21:55:01,219 [Thread-1553] INFO  impl.FollowerState (FollowerState.java:run(117)) - da15dfee-23f0-4dc4-ad77-c00156c49cfa@group-F967393F7C93-FollowerState was interrupted: java.lang.InterruptedException: sleep interrupted
2019-10-17 21:55:01,219 [grpc-default-executor-6] INFO  impl.RaftServerImpl (RaftServerImpl.java:setRole(184)) - 08d4cbaa-ffed-4411-a5fd-c4a38026aead@group-F967393F7C93: changes role from  FOLLOWER to FOLLOWER at term 141 for recognizeCandidate:d6dfcdd7-fc6e-4b51-b91e-b64503dadc5e
2019-10-17 21:55:01,220 [grpc-default-executor-6] INFO  impl.RoleInfo (RoleInfo.java:shutdownFollowerState(121)) - 08d4cbaa-ffed-4411-a5fd-c4a38026aead: shutdown FollowerState
2019-10-17 21:55:01,220 [grpc-default-executor-6] INFO  impl.RoleInfo (RoleInfo.java:updateAndGet(143)) - 08d4cbaa-ffed-4411-a5fd-c4a38026aead: start FollowerState
2019-10-17 21:55:01,220 [Thread-1552] INFO  impl.FollowerState (FollowerState.java:run(117)) - 08d4cbaa-ffed-4411-a5fd-c4a38026aead@group-F967393F7C93-FollowerState was interrupted: java.lang.InterruptedException: sleep interrupted
2019-10-17 21:55:01,287 [d6dfcdd7-fc6e-4b51-b91e-b64503dadc5e@group-F967393F7C93-LeaderElection150] INFO  impl.LeaderElection (LeaderElection.java:logAndReturn(56)) - d6dfcdd7-fc6e-4b51-b91e-b64503dadc5e@group-F967393F7C93-LeaderElection150: Election TIMEOUT; received 0 response(s) [] and 0 exception(s); d6dfcdd7-fc6e-4b51-b91e-b64503dadc5e@group-F967393F7C93:t141, leader=null, voted=d6dfcdd7-fc6e-4b51-b91e-b64503dadc5e, raftlog=d6dfcdd7-fc6e-4b51-b91e-b64503dadc5e@group-F967393F7C93-SegmentedRaftLog:OPENED:c-1,f-1,i0, conf=-1: [08d4cbaa-ffed-4411-a5fd-c4a38026aead:192.168.157.223:33910, da15dfee-23f0-4dc4-ad77-c00156c49cfa:192.168.157.223:42172, d6dfcdd7-fc6e-4b51-b91e-b64503dadc5e:192.168.157.223:43575], old=null
2019-10-17 21:55:01,303 [d6dfcdd7-fc6e-4b51-b91e-b64503dadc5e@group-F967393F7C93-LeaderElection150] INFO  impl.LeaderElection (LeaderElection.java:askForVotes(178)) - d6dfcdd7-fc6e-4b51-b91e-b64503dadc5e@group-F967393F7C93-LeaderElection150: begin an election at term 142 for -1: [08d4cbaa-ffed-4411-a5fd-c4a38026aead:192.168.157.223:33910, da15dfee-23f0-4dc4-ad77-c00156c49cfa:192.168.157.223:42172, d6dfcdd7-fc6e-4b51-b91e-b64503dadc5e:192.168.157.223:43575], old=null
2019-10-17 21:55:01,304 [grpc-default-executor-6] INFO  impl.RaftServerImpl (RaftServerImpl.java:setRole(184)) - 08d4cbaa-ffed-4411-a5fd-c4a38026aead@group-F967393F7C93: changes role from  FOLLOWER to FOLLOWER at term 142 for recognizeCandidate:d6dfcdd7-fc6e-4b51-b91e-b64503dadc5e
2019-10-17 21:55:01,304 [grpc-default-executor-6] INFO  impl.RoleInfo (RoleInfo.java:shutdownFollowerState(121)) - 08d4cbaa-ffed-4411-a5fd-c4a38026aead: shutdown FollowerState
2019-10-17 21:55:01,304 [grpc-default-executor-6] INFO  impl.RoleInfo (RoleInfo.java:updateAndGet(143)) - 08d4cbaa-ffed-4411-a5fd-c4a38026aead: start FollowerState
2019-10-17 21:55:01,305 [Thread-1559] INFO  impl.FollowerState (FollowerState.java:run(117)) - 08d4cbaa-ffed-4411-a5fd-c4a38026aead@group-F967393F7C93-FollowerState was interrupted: java.lang.InterruptedException: sleep interrupted
2019-10-17 21:55:01,305 [grpc-default-executor-1] INFO  impl.RaftServerImpl (RaftServerImpl.java:setRole(184)) - da15dfee-23f0-4dc4-ad77-c00156c49cfa@group-F967393F7C93: changes role from  FOLLOWER to FOLLOWER at term 142 for recognizeCandidate:d6dfcdd7-fc6e-4b51-b91e-b64503dadc5e
2019-10-17 21:55:01,305 [grpc-default-executor-1] INFO  impl.RoleInfo (RoleInfo.java:shutdownFollowerState(121)) - da15dfee-23f0-4dc4-ad77-c00156c49cfa: shutdown FollowerState
2019-10-17 21:55:01,305 [grpc-default-executor-1] INFO  impl.RoleInfo (RoleInfo.java:updateAndGet(143)) - da15dfee-23f0-4dc4-ad77-c00156c49cfa: start FollowerState
2019-10-17 21:55:01,305 [Thread-1558] INFO  impl.FollowerState (FollowerState.java:run(117)) - da15dfee-23f0-4dc4-ad77-c00156c49cfa@group-F967393F7C93-FollowerState was interrupted: java.lang.InterruptedException: sleep interrupted
2019-10-17 21:55:01,319 [d6dfcdd7-fc6e-4b51-b91e-b64503dadc5e@group-F967393F7C93-LeaderElection150] INFO  impl.LeaderElection (LeaderElection.java:logAndReturn(56)) - d6dfcdd7-fc6e-4b51-b91e-b64503dadc5e@group-F967393F7C93-LeaderElection150: Election REJECTED; received 2 response(s) [d6dfcdd7-fc6e-4b51-b91e-b64503dadc5e<-08d4cbaa-ffed-4411-a5fd-c4a38026aead#0:FAIL-t142, d6dfcdd7-fc6e-4b51-b91e-b64503dadc5e<-da15dfee-23f0-4dc4-ad77-c00156c49cfa#0:FAIL-t142] and 0 exception(s); d6dfcdd7-fc6e-4b51-b91e-b64503dadc5e@group-F967393F7C93:t142, leader=null, voted=d6dfcdd7-fc6e-4b51-b91e-b64503dadc5e, raftlog=d6dfcdd7-fc6e-4b51-b91e-b64503dadc5e@group-F967393F7C93-SegmentedRaftLog:OPENED:c-1,f-1,i0, conf=-1: [08d4cbaa-ffed-4411-a5fd-c4a38026aead:192.168.157.223:33910, da15dfee-23f0-4dc4-ad77-c00156c49cfa:192.168.157.223:42172, d6dfcdd7-fc6e-4b51-b91e-b64503dadc5e:192.168.157.223:43575], old=null
2019-10-17 21:55:01,319 [d6dfcdd7-fc6e-4b51-b91e-b64503dadc5e@group-F967393F7C93-LeaderElection150] INFO  impl.RaftServerImpl (RaftServerImpl.java:setRole(184)) - d6dfcdd7-fc6e-4b51-b91e-b64503dadc5e@group-F967393F7C93: changes role from CANDIDATE to FOLLOWER at term 142 for DISCOVERED_A_NEW_TERM
2019-10-17 21:55:01,319 [d6dfcdd7-fc6e-4b51-b91e-b64503dadc5e@group-F967393F7C93-LeaderElection150] INFO  impl.RoleInfo (RoleInfo.java:shutdownLeaderElection(134)) - d6dfcdd7-fc6e-4b51-b91e-b64503dadc5e: shutdown LeaderElection
2019-10-17 21:55:01,319 [d6dfcdd7-fc6e-4b51-b91e-b64503dadc5e@group-F967393F7C93-LeaderElection150] INFO  impl.RoleInfo (RoleInfo.java:updateAndGet(143)) - d6dfcdd7-fc6e-4b51-b91e-b64503dadc5e: start FollowerState
2019-10-17 21:55:01,371 [Thread-1566] INFO  impl.FollowerState (FollowerState.java:run(108)) - d6dfcdd7-fc6e-4b51-b91e-b64503dadc5e@group-F967393F7C93-FollowerState: change to CANDIDATE, lastRpcTime:51ms, electionTimeout:51ms
2019-10-17 21:55:01,371 [Thread-1566] INFO  impl.RoleInfo (RoleInfo.java:shutdownFollowerState(121)) - d6dfcdd7-fc6e-4b51-b91e-b64503dadc5e: shutdown FollowerState
2019-10-17 21:55:01,371 [Thread-1566] INFO  impl.RaftServerImpl (RaftServerImpl.java:setRole(184)) - d6dfcdd7-fc6e-4b51-b91e-b64503dadc5e@group-F967393F7C93: changes role from  FOLLOWER to CANDIDATE at term 142 for changeToCandidate
2019-10-17 21:55:01,371 [Thread-1566] INFO  impl.RoleInfo (RoleInfo.java:updateAndGet(143)) - d6dfcdd7-fc6e-4b51-b91e-b64503dadc5e: start LeaderElection
2019-10-17 21:55:01,385 [d6dfcdd7-fc6e-4b51-b91e-b64503dadc5e@group-F967393F7C93-LeaderElection151] INFO  impl.LeaderElection (LeaderElection.java:askForVotes(178)) - d6dfcdd7-fc6e-4b51-b91e-b64503dadc5e@group-F967393F7C93-LeaderElection151: begin an election at term 143 for -1: [08d4cbaa-ffed-4411-a5fd-c4a38026aead:192.168.157.223:33910, da15dfee-23f0-4dc4-ad77-c00156c49cfa:192.168.157.223:42172, d6dfcdd7-fc6e-4b51-b91e-b64503dadc5e:192.168.157.223:43575], old=null
2019-10-17 21:55:01,387 [grpc-default-executor-6] INFO  impl.RaftServerImpl (RaftServerImpl.java:setRole(184)) - 08d4cbaa-ffed-4411-a5fd-c4a38026aead@group-F967393F7C93: changes role from  FOLLOWER to FOLLOWER at term 143 for recognizeCandidate:d6dfcdd7-fc6e-4b51-b91e-b64503dadc5e
2019-10-17 21:55:01,387 [grpc-default-executor-6] INFO  impl.RoleInfo (RoleInfo.java:shutdownFollowerState(121)) - 08d4cbaa-ffed-4411-a5fd-c4a38026aead: shutdown FollowerState
2019-10-17 21:55:01,387 [grpc-default-executor-1] INFO  impl.RaftServerImpl (RaftServerImpl.java:setRole(184)) - da15dfee-23f0-4dc4-ad77-c00156c49cfa@group-F967393F7C93: changes role from  FOLLOWER to FOLLOWER at term 143 for recognizeCandidate:d6dfcdd7-fc6e-4b51-b91e-b64503dadc5e
2019-10-17 21:55:01,387 [grpc-default-executor-1] INFO  impl.RoleInfo (RoleInfo.java:shutdownFollowerState(121)) - da15dfee-23f0-4dc4-ad77-c00156c49cfa: shutdown FollowerState
2019-10-17 21:55:01,387 [Thread-1564] INFO  impl.FollowerState (FollowerState.java:run(117)) - 08d4cbaa-ffed-4411-a5fd-c4a38026aead@group-F967393F7C93-FollowerState was interrupted: java.lang.InterruptedException: sleep interrupted
2019-10-17 21:55:01,387 [grpc-default-executor-6] INFO  impl.RoleInfo (RoleInfo.java:updateAndGet(143)) - 08d4cbaa-ffed-4411-a5fd-c4a38026aead: start FollowerState
2019-10-17 21:55:01,388 [Thread-1565] INFO  impl.FollowerState (FollowerState.java:run(117)) - da15dfee-23f0-4dc4-ad77-c00156c49cfa@group-F967393F7C93-FollowerState was interrupted: java.lang.InterruptedException: sleep interrupted
2019-10-17 21:55:01,388 [grpc-default-executor-1] INFO  impl.RoleInfo (RoleInfo.java:updateAndGet(143)) - da15dfee-23f0-4dc4-ad77-c00156c49cfa: start FollowerState
2019-10-17 21:55:01,403 [d6dfcdd7-fc6e-4b51-b91e-b64503dadc5e@group-F967393F7C93-LeaderElection151] INFO  impl.LeaderElection (LeaderElection.java:logAndReturn(56)) - d6dfcdd7-fc6e-4b51-b91e-b64503dadc5e@group-F967393F7C93-LeaderElection151: Election REJECTED; received 2 response(s) [d6dfcdd7-fc6e-4b51-b91e-b64503dadc5e<-08d4cbaa-ffed-4411-a5fd-c4a38026aead#0:FAIL-t143, d6dfcdd7-fc6e-4b51-b91e-b64503dadc5e<-da15dfee-23f0-4dc4-ad77-c00156c49cfa#0:FAIL-t143] and 0 exception(s); d6dfcdd7-fc6e-4b51-b91e-b64503dadc5e@group-F967393F7C93:t143, leader=null, voted=d6dfcdd7-fc6e-4b51-b91e-b64503dadc5e, raftlog=d6dfcdd7-fc6e-4b51-b91e-b64503dadc5e@group-F967393F7C93-SegmentedRaftLog:OPENED:c-1,f-1,i0, conf=-1: [08d4cbaa-ffed-4411-a5fd-c4a38026aead:192.168.157.223:33910, da15dfee-23f0-4dc4-ad77-c00156c49cfa:192.168.157.223:42172, d6dfcdd7-fc6e-4b51-b91e-b64503dadc5e:192.168.157.223:43575], old=null
2019-10-17 21:55:01,403 [d6dfcdd7-fc6e-4b51-b91e-b64503dadc5e@group-F967393F7C93-LeaderElection151] INFO  impl.RaftServerImpl (RaftServerImpl.java:setRole(184)) - d6dfcdd7-fc6e-4b51-b91e-b64503dadc5e@group-F967393F7C93: changes role from CANDIDATE to FOLLOWER at term 143 for DISCOVERED_A_NEW_TERM
2019-10-17 21:55:01,403 [d6dfcdd7-fc6e-4b51-b91e-b64503dadc5e@group-F967393F7C93-LeaderElection151] INFO  impl.RoleInfo (RoleInfo.java:shutdownLeaderElection(134)) - d6dfcdd7-fc6e-4b51-b91e-b64503dadc5e: shutdown LeaderElection
2019-10-17 21:55:01,403 [d6dfcdd7-fc6e-4b51-b91e-b64503dadc5e@group-F967393F7C93-LeaderElection151] INFO  impl.RoleInfo (RoleInfo.java:updateAndGet(143)) - d6dfcdd7-fc6e-4b51-b91e-b64503dadc5e: start FollowerState
2019-10-17 21:55:01,503 [Thread-1572] INFO  impl.FollowerState (FollowerState.java:run(108)) - d6dfcdd7-fc6e-4b51-b91e-b64503dadc5e@group-F967393F7C93-FollowerState: change to CANDIDATE, lastRpcTime:99ms, electionTimeout:99ms
2019-10-17 21:55:01,503 [Thread-1572] INFO  impl.RoleInfo (RoleInfo.java:shutdownFollowerState(121)) - d6dfcdd7-fc6e-4b51-b91e-b64503dadc5e: shutdown FollowerState
2019-10-17 21:55:01,503 [Thread-1572] INFO  impl.RaftServerImpl (RaftServerImpl.java:setRole(184)) - d6dfcdd7-fc6e-4b51-b91e-b64503dadc5e@group-F967393F7C93: changes role from  FOLLOWER to CANDIDATE at term 143 for changeToCandidate
2019-10-17 21:55:01,503 [Thread-1572] INFO  impl.RoleInfo (RoleInfo.java:updateAndGet(143)) - d6dfcdd7-fc6e-4b51-b91e-b64503dadc5e: start LeaderElection
2019-10-17 21:55:01,517 [d6dfcdd7-fc6e-4b51-b91e-b64503dadc5e@group-F967393F7C93-LeaderElection152] INFO  impl.LeaderElection (LeaderElection.java:askForVotes(178)) - d6dfcdd7-fc6e-4b51-b91e-b64503dadc5e@group-F967393F7C93-LeaderElection152: begin an election at term 144 for -1: [08d4cbaa-ffed-4411-a5fd-c4a38026aead:192.168.157.223:33910, da15dfee-23f0-4dc4-ad77-c00156c49cfa:192.168.157.223:42172, d6dfcdd7-fc6e-4b51-b91e-b64503dadc5e:192.168.157.223:43575], old=null
2019-10-17 21:55:01,520 [grpc-default-executor-6] INFO  impl.RaftServerImpl (RaftServerImpl.java:setRole(184)) - 08d4cbaa-ffed-4411-a5fd-c4a38026aead@group-F967393F7C93: changes role from  FOLLOWER to FOLLOWER at term 144 for recognizeCandidate:d6dfcdd7-fc6e-4b51-b91e-b64503dadc5e
2019-10-17 21:55:01,520 [grpc-default-executor-6] INFO  impl.RoleInfo (RoleInfo.java:shutdownFollowerState(121)) - 08d4cbaa-ffed-4411-a5fd-c4a38026aead: shutdown FollowerState
2019-10-17 21:55:01,520 [grpc-default-executor-1] INFO  impl.RaftServerImpl (RaftServerImpl.java:setRole(184)) - da15dfee-23f0-4dc4-ad77-c00156c49cfa@group-F967393F7C93: changes role from  FOLLOWER to FOLLOWER at term 144 for recognizeCandidate:d6dfcdd7-fc6e-4b51-b91e-b64503dadc5e
2019-10-17 21:55:01,521 [grpc-default-executor-1] INFO  impl.RoleInfo (RoleInfo.java:shutdownFollowerState(121)) - da15dfee-23f0-4dc4-ad77-c00156c49cfa: shutdown FollowerState
2019-10-17 21:55:01,521 [Thread-1570] INFO  impl.FollowerState (FollowerState.java:run(117)) - 08d4cbaa-ffed-4411-a5fd-c4a38026aead@group-F967393F7C93-FollowerState was interrupted: java.lang.InterruptedException: sleep interrupted
2019-10-17 21:55:01,520 [grpc-default-executor-6] INFO  impl.RoleInfo (RoleInfo.java:updateAndGet(143)) - 08d4cbaa-ffed-4411-a5fd-c4a38026aead: start FollowerState
2019-10-17 21:55:01,521 [Thread-1571] INFO  impl.FollowerState (FollowerState.java:run(117)) - da15dfee-23f0-4dc4-ad77-c00156c49cfa@group-F967393F7C93-FollowerState was interrupted: java.lang.InterruptedException: sleep interrupted
2019-10-17 21:55:01,521 [grpc-default-executor-1] INFO  impl.RoleInfo (RoleInfo.java:updateAndGet(143)) - da15dfee-23f0-4dc4-ad77-c00156c49cfa: start FollowerState
2019-10-17 21:55:01,529 [d6dfcdd7-fc6e-4b51-b91e-b64503dadc5e@group-F967393F7C93-LeaderElection152] INFO  impl.LeaderElection (LeaderElection.java:logAndReturn(56)) - d6dfcdd7-fc6e-4b51-b91e-b64503dadc5e@group-F967393F7C93-LeaderElection152: Election TIMEOUT; received 0 response(s) [] and 0 exception(s); d6dfcdd7-fc6e-4b51-b91e-b64503dadc5e@group-F967393F7C93:t144, leader=null, voted=d6dfcdd7-fc6e-4b51-b91e-b64503dadc5e, raftlog=d6dfcdd7-fc6e-4b51-b91e-b64503dadc5e@group-F967393F7C93-SegmentedRaftLog:OPENED:c-1,f-1,i0, conf=-1: [08d4cbaa-ffed-4411-a5fd-c4a38026aead:192.168.157.223:33910, da15dfee-23f0-4dc4-ad77-c00156c49cfa:192.168.157.223:42172, d6dfcdd7-fc6e-4b51-b91e-b64503dadc5e:192.168.157.223:43575], old=null
2019-10-17 21:55:01,534 [d6dfcdd7-fc6e-4b51-b91e-b64503dadc5e@group-F967393F7C93-LeaderElection152] INFO  impl.LeaderElection (LeaderElection.java:askForVotes(178)) - d6dfcdd7-fc6e-4b51-b91e-b64503dadc5e@group-F967393F7C93-LeaderElection152: begin an election at term 145 for -1: [08d4cbaa-ffed-4411-a5fd-c4a38026aead:192.168.157.223:33910, da15dfee-23f0-4dc4-ad77-c00156c49cfa:192.168.157.223:42172, d6dfcdd7-fc6e-4b51-b91e-b64503dadc5e:192.168.157.223:43575], old=null
2019-10-17 21:55:01,536 [grpc-default-executor-6] INFO  impl.RaftServerImpl (RaftServerImpl.java:setRole(184)) - 08d4cbaa-ffed-4411-a5fd-c4a38026aead@group-F967393F7C93: changes role from  FOLLOWER to FOLLOWER at term 145 for recognizeCandidate:d6dfcdd7-fc6e-4b51-b91e-b64503dadc5e
2019-10-17 21:55:01,537 [grpc-default-executor-6] INFO  impl.RoleInfo (RoleInfo.java:shutdownFollowerState(121)) - 08d4cbaa-ffed-4411-a5fd-c4a38026aead: shutdown FollowerState
2019-10-17 21:55:01,537 [grpc-default-executor-6] INFO  impl.RoleInfo (RoleInfo.java:updateAndGet(143)) - 08d4cbaa-ffed-4411-a5fd-c4a38026aead: start FollowerState
2019-10-17 21:55:01,537 [grpc-default-executor-1] INFO  impl.RaftServerImpl (RaftServerImpl.java:setRole(184)) - da15dfee-23f0-4dc4-ad77-c00156c49cfa@group-F967393F7C93: changes role from  FOLLOWER to FOLLOWER at term 145 for recognizeCandidate:d6dfcdd7-fc6e-4b51-b91e-b64503dadc5e
2019-10-17 21:55:01,537 [grpc-default-executor-1] INFO  impl.RoleInfo (RoleInfo.java:shutdownFollowerState(121)) - da15dfee-23f0-4dc4-ad77-c00156c49cfa: shutdown FollowerState
2019-10-17 21:55:01,537 [Thread-1576] INFO  impl.FollowerState (FollowerState.java:run(117)) - 08d4cbaa-ffed-4411-a5fd-c4a38026aead@group-F967393F7C93-FollowerState was interrupted: java.lang.InterruptedException: sleep interrupted
2019-10-17 21:55:01,537 [Thread-1577] INFO  impl.FollowerState (FollowerState.java:run(117)) - da15dfee-23f0-4dc4-ad77-c00156c49cfa@group-F967393F7C93-FollowerState was interrupted: java.lang.InterruptedException: sleep interrupted
2019-10-17 21:55:01,537 [grpc-default-executor-1] INFO  impl.RoleInfo (RoleInfo.java:updateAndGet(143)) - da15dfee-23f0-4dc4-ad77-c00156c49cfa: start FollowerState
2019-10-17 21:55:01,567 [d6dfcdd7-fc6e-4b51-b91e-b64503dadc5e@group-F967393F7C93-LeaderElection152] INFO  impl.LeaderElection (LeaderElection.java:logAndReturn(56)) - d6dfcdd7-fc6e-4b51-b91e-b64503dadc5e@group-F967393F7C93-LeaderElection152: Election TIMEOUT; received 0 response(s) [] and 0 exception(s); d6dfcdd7-fc6e-4b51-b91e-b64503dadc5e@group-F967393F7C93:t145, leader=null, voted=d6dfcdd7-fc6e-4b51-b91e-b64503dadc5e, raftlog=d6dfcdd7-fc6e-4b51-b91e-b64503dadc5e@group-F967393F7C93-SegmentedRaftLog:OPENED:c-1,f-1,i0, conf=-1: [08d4cbaa-ffed-4411-a5fd-c4a38026aead:192.168.157.223:33910, da15dfee-23f0-4dc4-ad77-c00156c49cfa:192.168.157.223:42172, d6dfcdd7-fc6e-4b51-b91e-b64503dadc5e:192.168.157.223:43575], old=null
2019-10-17 21:55:01,574 [d6dfcdd7-fc6e-4b51-b91e-b64503dadc5e@group-F967393F7C93-LeaderElection152] INFO  impl.LeaderElection (LeaderElection.java:askForVotes(178)) - d6dfcdd7-fc6e-4b51-b91e-b64503dadc5e@group-F967393F7C93-LeaderElection152: begin an election at term 146 for -1: [08d4cbaa-ffed-4411-a5fd-c4a38026aead:192.168.157.223:33910, da15dfee-23f0-4dc4-ad77-c00156c49cfa:192.168.157.223:42172, d6dfcdd7-fc6e-4b51-b91e-b64503dadc5e:192.168.157.223:43575], old=null
2019-10-17 21:55:01,576 [grpc-default-executor-6] INFO  impl.RaftServerImpl (RaftServerImpl.java:setRole(184)) - 08d4cbaa-ffed-4411-a5fd-c4a38026aead@group-F967393F7C93: changes role from  FOLLOWER to FOLLOWER at term 146 for recognizeCandidate:d6dfcdd7-fc6e-4b51-b91e-b64503dadc5e
2019-10-17 21:55:01,576 [grpc-default-executor-1] INFO  impl.RaftServerImpl (RaftServerImpl.java:setRole(184)) - da15dfee-23f0-4dc4-ad77-c00156c49cfa@group-F967393F7C93: changes role from  FOLLOWER to FOLLOWER at term 146 for recognizeCandidate:d6dfcdd7-fc6e-4b51-b91e-b64503dadc5e
2019-10-17 21:55:01,576 [grpc-default-executor-1] INFO  impl.RoleInfo (RoleInfo.java:shutdownFollowerState(121)) - da15dfee-23f0-4dc4-ad77-c00156c49cfa: shutdown FollowerState
2019-10-17 21:55:01,576 [grpc-default-executor-6] INFO  impl.RoleInfo (RoleInfo.java:shutdownFollowerState(121)) - 08d4cbaa-ffed-4411-a5fd-c4a38026aead: shutdown FollowerState
2019-10-17 21:55:01,576 [Thread-1581] INFO  impl.FollowerState (FollowerState.java:run(117)) - da15dfee-23f0-4dc4-ad77-c00156c49cfa@group-F967393F7C93-FollowerState was interrupted: java.lang.InterruptedException: sleep interrupted
2019-10-17 21:55:01,576 [grpc-default-executor-1] INFO  impl.RoleInfo (RoleInfo.java:updateAndGet(143)) - da15dfee-23f0-4dc4-ad77-c00156c49cfa: start FollowerState
2019-10-17 21:55:01,576 [Thread-1580] INFO  impl.FollowerState (FollowerState.java:run(117)) - 08d4cbaa-ffed-4411-a5fd-c4a38026aead@group-F967393F7C93-FollowerState was interrupted: java.lang.InterruptedException: sleep interrupted
2019-10-17 21:55:01,576 [grpc-default-executor-6] INFO  impl.RoleInfo (RoleInfo.java:updateAndGet(143)) - 08d4cbaa-ffed-4411-a5fd-c4a38026aead: start FollowerState
2019-10-17 21:55:01,591 [d6dfcdd7-fc6e-4b51-b91e-b64503dadc5e@group-F967393F7C93-LeaderElection152] INFO  impl.LeaderElection (LeaderElection.java:logAndReturn(56)) - d6dfcdd7-fc6e-4b51-b91e-b64503dadc5e@group-F967393F7C93-LeaderElection152: Election REJECTED; received 2 response(s) [d6dfcdd7-fc6e-4b51-b91e-b64503dadc5e<-08d4cbaa-ffed-4411-a5fd-c4a38026aead#0:FAIL-t146, d6dfcdd7-fc6e-4b51-b91e-b64503dadc5e<-da15dfee-23f0-4dc4-ad77-c00156c49cfa#0:FAIL-t146] and 0 exception(s); d6dfcdd7-fc6e-4b51-b91e-b64503dadc5e@group-F967393F7C93:t146, leader=null, voted=d6dfcdd7-fc6e-4b51-b91e-b64503dadc5e, raftlog=d6dfcdd7-fc6e-4b51-b91e-b64503dadc5e@group-F967393F7C93-SegmentedRaftLog:OPENED:c-1,f-1,i0, conf=-1: [08d4cbaa-ffed-4411-a5fd-c4a38026aead:192.168.157.223:33910, da15dfee-23f0-4dc4-ad77-c00156c49cfa:192.168.157.223:42172, d6dfcdd7-fc6e-4b51-b91e-b64503dadc5e:192.168.157.223:43575], old=null
2019-10-17 21:55:01,591 [d6dfcdd7-fc6e-4b51-b91e-b64503dadc5e@group-F967393F7C93-LeaderElection152] INFO  impl.RaftServerImpl (RaftServerImpl.java:setRole(184)) - d6dfcdd7-fc6e-4b51-b91e-b64503dadc5e@group-F967393F7C93: changes role from CANDIDATE to FOLLOWER at term 146 for DISCOVERED_A_NEW_TERM
2019-10-17 21:55:01,591 [d6dfcdd7-fc6e-4b51-b91e-b64503dadc5e@group-F967393F7C93-LeaderElection152] INFO  impl.RoleInfo (RoleInfo.java:shutdownLeaderElection(134)) - d6dfcdd7-fc6e-4b51-b91e-b64503dadc5e: shutdown LeaderElection
2019-10-17 21:55:01,591 [d6dfcdd7-fc6e-4b51-b91e-b64503dadc5e@group-F967393F7C93-LeaderElection152] INFO  impl.RoleInfo (RoleInfo.java:updateAndGet(143)) - d6dfcdd7-fc6e-4b51-b91e-b64503dadc5e: start FollowerState
2019-10-17 21:55:01,786 [Thread-1586] INFO  impl.FollowerState (FollowerState.java:run(108)) - d6dfcdd7-fc6e-4b51-b91e-b64503dadc5e@group-F967393F7C93-FollowerState: change to CANDIDATE, lastRpcTime:194ms, electionTimeout:194ms
2019-10-17 21:55:01,786 [Thread-1586] INFO  impl.RoleInfo (RoleInfo.java:shutdownFollowerState(121)) - d6dfcdd7-fc6e-4b51-b91e-b64503dadc5e: shutdown FollowerState
2019-10-17 21:55:01,786 [Thread-1586] INFO  impl.RaftServerImpl (RaftServerImpl.java:setRole(184)) - d6dfcdd7-fc6e-4b51-b91e-b64503dadc5e@group-F967393F7C93: changes role from  FOLLOWER to CANDIDATE at term 146 for changeToCandidate
2019-10-17 21:55:01,786 [Thread-1586] INFO  impl.RoleInfo (RoleInfo.java:updateAndGet(143)) - d6dfcdd7-fc6e-4b51-b91e-b64503dadc5e: start LeaderElection
2019-10-17 21:55:01,801 [d6dfcdd7-fc6e-4b51-b91e-b64503dadc5e@group-F967393F7C93-LeaderElection153] INFO  impl.LeaderElection (LeaderElection.java:askForVotes(178)) - d6dfcdd7-fc6e-4b51-b91e-b64503dadc5e@group-F967393F7C93-LeaderElection153: begin an election at term 147 for -1: [08d4cbaa-ffed-4411-a5fd-c4a38026aead:192.168.157.223:33910, da15dfee-23f0-4dc4-ad77-c00156c49cfa:192.168.157.223:42172, d6dfcdd7-fc6e-4b51-b91e-b64503dadc5e:192.168.157.223:43575], old=null
2019-10-17 21:55:01,803 [grpc-default-executor-6] INFO  impl.RaftServerImpl (RaftServerImpl.java:setRole(184)) - 08d4cbaa-ffed-4411-a5fd-c4a38026aead@group-F967393F7C93: changes role from  FOLLOWER to FOLLOWER at term 147 for recognizeCandidate:d6dfcdd7-fc6e-4b51-b91e-b64503dadc5e
2019-10-17 21:55:01,803 [grpc-default-executor-6] INFO  impl.RoleInfo (RoleInfo.java:shutdownFollowerState(121)) - 08d4cbaa-ffed-4411-a5fd-c4a38026aead: shutdown FollowerState
2019-10-17 21:55:01,803 [grpc-default-executor-9] INFO  impl.RaftServerImpl (RaftServerImpl.java:setRole(184)) - da15dfee-23f0-4dc4-ad77-c00156c49cfa@group-F967393F7C93: changes role from  FOLLOWER to FOLLOWER at term 147 for recognizeCandidate:d6dfcdd7-fc6e-4b51-b91e-b64503dadc5e
2019-10-17 21:55:01,803 [Thread-1585] INFO  impl.FollowerState (FollowerState.java:run(117)) - 08d4cbaa-ffed-4411-a5fd-c4a38026aead@group-F967393F7C93-FollowerState was interrupted: java.lang.InterruptedException: sleep interrupted
2019-10-17 21:55:01,803 [grpc-default-executor-6] INFO  impl.RoleInfo (RoleInfo.java:updateAndGet(143)) - 08d4cbaa-ffed-4411-a5fd-c4a38026aead: start FollowerState
2019-10-17 21:55:01,803 [grpc-default-executor-9] INFO  impl.RoleInfo (RoleInfo.java:shutdownFollowerState(121)) - da15dfee-23f0-4dc4-ad77-c00156c49cfa: shutdown FollowerState
2019-10-17 21:55:01,804 [Thread-1584] INFO  impl.FollowerState (FollowerState.java:run(117)) - da15dfee-23f0-4dc4-ad77-c00156c49cfa@group-F967393F7C93-FollowerState was interrupted: java.lang.InterruptedException: sleep interrupted
2019-10-17 21:55:01,804 [grpc-default-executor-9] INFO  impl.RoleInfo (RoleInfo.java:updateAndGet(143)) - da15dfee-23f0-4dc4-ad77-c00156c49cfa: start FollowerState
2019-10-17 21:55:01,819 [d6dfcdd7-fc6e-4b51-b91e-b64503dadc5e@group-F967393F7C93-LeaderElection153] INFO  impl.LeaderElection (LeaderElection.java:logAndReturn(56)) - d6dfcdd7-fc6e-4b51-b91e-b64503dadc5e@group-F967393F7C93-LeaderElection153: Election REJECTED; received 2 response(s) [d6dfcdd7-fc6e-4b51-b91e-b64503dadc5e<-08d4cbaa-ffed-4411-a5fd-c4a38026aead#0:FAIL-t147, d6dfcdd7-fc6e-4b51-b91e-b64503dadc5e<-da15dfee-23f0-4dc4-ad77-c00156c49cfa#0:FAIL-t147] and 0 exception(s); d6dfcdd7-fc6e-4b51-b91e-b64503dadc5e@group-F967393F7C93:t147, leader=null, voted=d6dfcdd7-fc6e-4b51-b91e-b64503dadc5e, raftlog=d6dfcdd7-fc6e-4b51-b91e-b64503dadc5e@group-F967393F7C93-SegmentedRaftLog:OPENED:c-1,f-1,i0, conf=-1: [08d4cbaa-ffed-4411-a5fd-c4a38026aead:192.168.157.223:33910, da15dfee-23f0-4dc4-ad77-c00156c49cfa:192.168.157.223:42172, d6dfcdd7-fc6e-4b51-b91e-b64503dadc5e:192.168.157.223:43575], old=null
2019-10-17 21:55:01,819 [d6dfcdd7-fc6e-4b51-b91e-b64503dadc5e@group-F967393F7C93-LeaderElection153] INFO  impl.RaftServerImpl (RaftServerImpl.java:setRole(184)) - d6dfcdd7-fc6e-4b51-b91e-b64503dadc5e@group-F967393F7C93: changes role from CANDIDATE to FOLLOWER at term 147 for DISCOVERED_A_NEW_TERM
2019-10-17 21:55:01,819 [d6dfcdd7-fc6e-4b51-b91e-b64503dadc5e@group-F967393F7C93-LeaderElection153] INFO  impl.RoleInfo (RoleInfo.java:shutdownLeaderElection(134)) - d6dfcdd7-fc6e-4b51-b91e-b64503dadc5e: shutdown LeaderElection
2019-10-17 21:55:01,819 [d6dfcdd7-fc6e-4b51-b91e-b64503dadc5e@group-F967393F7C93-LeaderElection153] INFO  impl.RoleInfo (RoleInfo.java:updateAndGet(143)) - d6dfcdd7-fc6e-4b51-b91e-b64503dadc5e: start FollowerState
2019-10-17 21:55:01,833 [Thread-1594] INFO  impl.FollowerState (FollowerState.java:run(108)) - d6dfcdd7-fc6e-4b51-b91e-b64503dadc5e@group-F967393F7C93-FollowerState: change to CANDIDATE, lastRpcTime:13ms, electionTimeout:13ms
2019-10-17 21:55:01,833 [Thread-1594] INFO  impl.RoleInfo (RoleInfo.java:shutdownFollowerState(121)) - d6dfcdd7-fc6e-4b51-b91e-b64503dadc5e: shutdown FollowerState
2019-10-17 21:55:01,833 [Thread-1594] INFO  impl.RaftServerImpl (RaftServerImpl.java:setRole(184)) - d6dfcdd7-fc6e-4b51-b91e-b64503dadc5e@group-F967393F7C93: changes role from  FOLLOWER to CANDIDATE at term 147 for changeToCandidate
2019-10-17 21:55:01,833 [Thread-1594] INFO  impl.RoleInfo (RoleInfo.java:updateAndGet(143)) - d6dfcdd7-fc6e-4b51-b91e-b64503dadc5e: start LeaderElection
2019-10-17 21:55:01,847 [d6dfcdd7-fc6e-4b51-b91e-b64503dadc5e@group-F967393F7C93-LeaderElection154] INFO  impl.LeaderElection (LeaderElection.java:askForVotes(178)) - d6dfcdd7-fc6e-4b51-b91e-b64503dadc5e@group-F967393F7C93-LeaderElection154: begin an election at term 148 for -1: [08d4cbaa-ffed-4411-a5fd-c4a38026aead:192.168.157.223:33910, da15dfee-23f0-4dc4-ad77-c00156c49cfa:192.168.157.223:42172, d6dfcdd7-fc6e-4b51-b91e-b64503dadc5e:192.168.157.223:43575], old=null
2019-10-17 21:55:01,849 [grpc-default-executor-9] INFO  impl.RaftServerImpl (RaftServerImpl.java:setRole(184)) - 08d4cbaa-ffed-4411-a5fd-c4a38026aead@group-F967393F7C93: changes role from  FOLLOWER to FOLLOWER at term 148 for recognizeCandidate:d6dfcdd7-fc6e-4b51-b91e-b64503dadc5e
2019-10-17 21:55:01,849 [grpc-default-executor-9] INFO  impl.RoleInfo (RoleInfo.java:shutdownFollowerState(121)) - 08d4cbaa-ffed-4411-a5fd-c4a38026aead: shutdown FollowerState
2019-10-17 21:55:01,849 [grpc-default-executor-6] INFO  impl.RaftServerImpl (RaftServerImpl.java:setRole(184)) - da15dfee-23f0-4dc4-ad77-c00156c49cfa@group-F967393F7C93: changes role from  FOLLOWER to FOLLOWER at term 148 for recognizeCandidate:d6dfcdd7-fc6e-4b51-b91e-b64503dadc5e
2019-10-17 21:55:01,849 [Thread-1592] INFO  impl.FollowerState (FollowerState.java:run(117)) - 08d4cbaa-ffed-4411-a5fd-c4a38026aead@group-F967393F7C93-FollowerState was interrupted: java.lang.InterruptedException: sleep interrupted
2019-10-17 21:55:01,849 [grpc-default-executor-9] INFO  impl.RoleInfo (RoleInfo.java:updateAndGet(143)) - 08d4cbaa-ffed-4411-a5fd-c4a38026aead: start FollowerState
2019-10-17 21:55:01,850 [grpc-default-executor-6] INFO  impl.RoleInfo (RoleInfo.java:shutdownFollowerState(121)) - da15dfee-23f0-4dc4-ad77-c00156c49cfa: shutdown FollowerState
2019-10-17 21:55:01,850 [Thread-1593] INFO  impl.FollowerState (FollowerState.java:run(117)) - da15dfee-23f0-4dc4-ad77-c00156c49cfa@group-F967393F7C93-FollowerState was interrupted: java.lang.InterruptedException: sleep interrupted
2019-10-17 21:55:01,850 [grpc-default-executor-6] INFO  impl.RoleInfo (RoleInfo.java:updateAndGet(143)) - da15dfee-23f0-4dc4-ad77-c00156c49cfa: start FollowerState
2019-10-17 21:55:01,865 [d6dfcdd7-fc6e-4b51-b91e-b64503dadc5e@group-F967393F7C93-LeaderElection154] INFO  impl.LeaderElection (LeaderElection.java:logAndReturn(56)) - d6dfcdd7-fc6e-4b51-b91e-b64503dadc5e@group-F967393F7C93-LeaderElection154: Election REJECTED; received 2 response(s) [d6dfcdd7-fc6e-4b51-b91e-b64503dadc5e<-08d4cbaa-ffed-4411-a5fd-c4a38026aead#0:FAIL-t148, d6dfcdd7-fc6e-4b51-b91e-b64503dadc5e<-da15dfee-23f0-4dc4-ad77-c00156c49cfa#0:FAIL-t148] and 0 exception(s); d6dfcdd7-fc6e-4b51-b91e-b64503dadc5e@group-F967393F7C93:t148, leader=null, voted=d6dfcdd7-fc6e-4b51-b91e-b64503dadc5e, raftlog=d6dfcdd7-fc6e-4b51-b91e-b64503dadc5e@group-F967393F7C93-SegmentedRaftLog:OPENED:c-1,f-1,i0, conf=-1: [08d4cbaa-ffed-4411-a5fd-c4a38026aead:192.168.157.223:33910, da15dfee-23f0-4dc4-ad77-c00156c49cfa:192.168.157.223:42172, d6dfcdd7-fc6e-4b51-b91e-b64503dadc5e:192.168.157.223:43575], old=null
2019-10-17 21:55:01,865 [d6dfcdd7-fc6e-4b51-b91e-b64503dadc5e@group-F967393F7C93-LeaderElection154] INFO  impl.RaftServerImpl (RaftServerImpl.java:setRole(184)) - d6dfcdd7-fc6e-4b51-b91e-b64503dadc5e@group-F967393F7C93: changes role from CANDIDATE to FOLLOWER at term 148 for DISCOVERED_A_NEW_TERM
2019-10-17 21:55:01,865 [d6dfcdd7-fc6e-4b51-b91e-b64503dadc5e@group-F967393F7C93-LeaderElection154] INFO  impl.RoleInfo (RoleInfo.java:shutdownLeaderElection(134)) - d6dfcdd7-fc6e-4b51-b91e-b64503dadc5e: shutdown LeaderElection
2019-10-17 21:55:01,865 [d6dfcdd7-fc6e-4b51-b91e-b64503dadc5e@group-F967393F7C93-LeaderElection154] INFO  impl.RoleInfo (RoleInfo.java:updateAndGet(143)) - d6dfcdd7-fc6e-4b51-b91e-b64503dadc5e: start FollowerState
2019-10-17 21:55:01,990 [Thread-1600] INFO  impl.FollowerState (FollowerState.java:run(108)) - d6dfcdd7-fc6e-4b51-b91e-b64503dadc5e@group-F967393F7C93-FollowerState: change to CANDIDATE, lastRpcTime:125ms, electionTimeout:125ms
2019-10-17 21:55:01,990 [Thread-1600] INFO  impl.RoleInfo (RoleInfo.java:shutdownFollowerState(121)) - d6dfcdd7-fc6e-4b51-b91e-b64503dadc5e: shutdown FollowerState
2019-10-17 21:55:01,991 [Thread-1600] INFO  impl.RaftServerImpl (RaftServerImpl.java:setRole(184)) - d6dfcdd7-fc6e-4b51-b91e-b64503dadc5e@group-F967393F7C93: changes role from  FOLLOWER to CANDIDATE at term 148 for changeToCandidate
2019-10-17 21:55:01,991 [Thread-1600] INFO  impl.RoleInfo (RoleInfo.java:updateAndGet(143)) - d6dfcdd7-fc6e-4b51-b91e-b64503dadc5e: start LeaderElection
2019-10-17 21:55:02,004 [d6dfcdd7-fc6e-4b51-b91e-b64503dadc5e@group-F967393F7C93-LeaderElection155] INFO  impl.LeaderElection (LeaderElection.java:askForVotes(178)) - d6dfcdd7-fc6e-4b51-b91e-b64503dadc5e@group-F967393F7C93-LeaderElection155: begin an election at term 149 for -1: [08d4cbaa-ffed-4411-a5fd-c4a38026aead:192.168.157.223:33910, da15dfee-23f0-4dc4-ad77-c00156c49cfa:192.168.157.223:42172, d6dfcdd7-fc6e-4b51-b91e-b64503dadc5e:192.168.157.223:43575], old=null
2019-10-17 21:55:02,006 [grpc-default-executor-9] INFO  impl.RaftServerImpl (RaftServerImpl.java:setRole(184)) - 08d4cbaa-ffed-4411-a5fd-c4a38026aead@group-F967393F7C93: changes role from  FOLLOWER to FOLLOWER at term 149 for recognizeCandidate:d6dfcdd7-fc6e-4b51-b91e-b64503dadc5e
2019-10-17 21:55:02,007 [grpc-default-executor-9] INFO  impl.RoleInfo (RoleInfo.java:shutdownFollowerState(121)) - 08d4cbaa-ffed-4411-a5fd-c4a38026aead: shutdown FollowerState
2019-10-17 21:55:02,007 [grpc-default-executor-6] INFO  impl.RaftServerImpl (RaftServerImpl.java:setRole(184)) - da15dfee-23f0-4dc4-ad77-c00156c49cfa@group-F967393F7C93: changes role from  FOLLOWER to FOLLOWER at term 149 for recognizeCandidate:d6dfcdd7-fc6e-4b51-b91e-b64503dadc5e
2019-10-17 21:55:02,007 [Thread-1598] INFO  impl.FollowerState (FollowerState.java:run(117)) - 08d4cbaa-ffed-4411-a5fd-c4a38026aead@group-F967393F7C93-FollowerState was interrupted: java.lang.InterruptedException: sleep interrupted
2019-10-17 21:55:02,007 [grpc-default-executor-9] INFO  impl.RoleInfo (RoleInfo.java:updateAndGet(143)) - 08d4cbaa-ffed-4411-a5fd-c4a38026aead: start FollowerState
2019-10-17 21:55:02,007 [grpc-default-executor-6] INFO  impl.RoleInfo (RoleInfo.java:shutdownFollowerState(121)) - da15dfee-23f0-4dc4-ad77-c00156c49cfa: shutdown FollowerState
2019-10-17 21:55:02,007 [grpc-default-executor-6] INFO  impl.RoleInfo (RoleInfo.java:updateAndGet(143)) - da15dfee-23f0-4dc4-ad77-c00156c49cfa: start FollowerState
2019-10-17 21:55:02,007 [Thread-1599] INFO  impl.FollowerState (FollowerState.java:run(117)) - da15dfee-23f0-4dc4-ad77-c00156c49cfa@group-F967393F7C93-FollowerState was interrupted: java.lang.InterruptedException: sleep interrupted
2019-10-17 21:55:02,021 [d6dfcdd7-fc6e-4b51-b91e-b64503dadc5e@group-F967393F7C93-LeaderElection155] INFO  impl.LeaderElection (LeaderElection.java:logAndReturn(56)) - d6dfcdd7-fc6e-4b51-b91e-b64503dadc5e@group-F967393F7C93-LeaderElection155: Election REJECTED; received 2 response(s) [d6dfcdd7-fc6e-4b51-b91e-b64503dadc5e<-08d4cbaa-ffed-4411-a5fd-c4a38026aead#0:FAIL-t149, d6dfcdd7-fc6e-4b51-b91e-b64503dadc5e<-da15dfee-23f0-4dc4-ad77-c00156c49cfa#0:FAIL-t149] and 0 exception(s); d6dfcdd7-fc6e-4b51-b91e-b64503dadc5e@group-F967393F7C93:t149, leader=null, voted=d6dfcdd7-fc6e-4b51-b91e-b64503dadc5e, raftlog=d6dfcdd7-fc6e-4b51-b91e-b64503dadc5e@group-F967393F7C93-SegmentedRaftLog:OPENED:c-1,f-1,i0, conf=-1: [08d4cbaa-ffed-4411-a5fd-c4a38026aead:192.168.157.223:33910, da15dfee-23f0-4dc4-ad77-c00156c49cfa:192.168.157.223:42172, d6dfcdd7-fc6e-4b51-b91e-b64503dadc5e:192.168.157.223:43575], old=null
2019-10-17 21:55:02,021 [d6dfcdd7-fc6e-4b51-b91e-b64503dadc5e@group-F967393F7C93-LeaderElection155] INFO  impl.RaftServerImpl (RaftServerImpl.java:setRole(184)) - d6dfcdd7-fc6e-4b51-b91e-b64503dadc5e@group-F967393F7C93: changes role from CANDIDATE to FOLLOWER at term 149 for DISCOVERED_A_NEW_TERM
2019-10-17 21:55:02,021 [d6dfcdd7-fc6e-4b51-b91e-b64503dadc5e@group-F967393F7C93-LeaderElection155] INFO  impl.RoleInfo (RoleInfo.java:shutdownLeaderElection(134)) - d6dfcdd7-fc6e-4b51-b91e-b64503dadc5e: shutdown LeaderElection
2019-10-17 21:55:02,021 [d6dfcdd7-fc6e-4b51-b91e-b64503dadc5e@group-F967393F7C93-LeaderElection155] INFO  impl.RoleInfo (RoleInfo.java:updateAndGet(143)) - d6dfcdd7-fc6e-4b51-b91e-b64503dadc5e: start FollowerState
2019-10-17 21:55:02,114 [Thread-1606] INFO  impl.FollowerState (FollowerState.java:run(108)) - d6dfcdd7-fc6e-4b51-b91e-b64503dadc5e@group-F967393F7C93-FollowerState: change to CANDIDATE, lastRpcTime:92ms, electionTimeout:92ms
2019-10-17 21:55:02,114 [Thread-1606] INFO  impl.RoleInfo (RoleInfo.java:shutdownFollowerState(121)) - d6dfcdd7-fc6e-4b51-b91e-b64503dadc5e: shutdown FollowerState
2019-10-17 21:55:02,114 [Thread-1606] INFO  impl.RaftServerImpl (RaftServerImpl.java:setRole(184)) - d6dfcdd7-fc6e-4b51-b91e-b64503dadc5e@group-F967393F7C93: changes role from  FOLLOWER to CANDIDATE at term 149 for changeToCandidate
2019-10-17 21:55:02,114 [Thread-1606] INFO  impl.RoleInfo (RoleInfo.java:updateAndGet(143)) - d6dfcdd7-fc6e-4b51-b91e-b64503dadc5e: start LeaderElection
2019-10-17 21:55:02,128 [d6dfcdd7-fc6e-4b51-b91e-b64503dadc5e@group-F967393F7C93-LeaderElection156] INFO  impl.LeaderElection (LeaderElection.java:askForVotes(178)) - d6dfcdd7-fc6e-4b51-b91e-b64503dadc5e@group-F967393F7C93-LeaderElection156: begin an election at term 150 for -1: [08d4cbaa-ffed-4411-a5fd-c4a38026aead:192.168.157.223:33910, da15dfee-23f0-4dc4-ad77-c00156c49cfa:192.168.157.223:42172, d6dfcdd7-fc6e-4b51-b91e-b64503dadc5e:192.168.157.223:43575], old=null
2019-10-17 21:55:02,130 [grpc-default-executor-9] INFO  impl.RaftServerImpl (RaftServerImpl.java:setRole(184)) - da15dfee-23f0-4dc4-ad77-c00156c49cfa@group-F967393F7C93: changes role from  FOLLOWER to FOLLOWER at term 150 for recognizeCandidate:d6dfcdd7-fc6e-4b51-b91e-b64503dadc5e
2019-10-17 21:55:02,130 [grpc-default-executor-6] INFO  impl.RaftServerImpl (RaftServerImpl.java:setRole(184)) - 08d4cbaa-ffed-4411-a5fd-c4a38026aead@group-F967393F7C93: changes role from  FOLLOWER to FOLLOWER at term 150 for recognizeCandidate:d6dfcdd7-fc6e-4b51-b91e-b64503dadc5e
2019-10-17 21:55:02,130 [grpc-default-executor-9] INFO  impl.RoleInfo (RoleInfo.java:shutdownFollowerState(121)) - da15dfee-23f0-4dc4-ad77-c00156c49cfa: shutdown FollowerState
2019-10-17 21:55:02,130 [grpc-default-executor-6] INFO  impl.RoleInfo (RoleInfo.java:shutdownFollowerState(121)) - 08d4cbaa-ffed-4411-a5fd-c4a38026aead: shutdown FollowerState
2019-10-17 21:55:02,130 [Thread-1605] INFO  impl.FollowerState (FollowerState.java:run(117)) - da15dfee-23f0-4dc4-ad77-c00156c49cfa@group-F967393F7C93-FollowerState was interrupted: java.lang.InterruptedException: sleep interrupted
2019-10-17 21:55:02,130 [grpc-default-executor-9] INFO  impl.RoleInfo (RoleInfo.java:updateAndGet(143)) - da15dfee-23f0-4dc4-ad77-c00156c49cfa: start FollowerState
2019-10-17 21:55:02,130 [grpc-default-executor-6] INFO  impl.RoleInfo (RoleInfo.java:updateAndGet(143)) - 08d4cbaa-ffed-4411-a5fd-c4a38026aead: start FollowerState
2019-10-17 21:55:02,131 [Thread-1604] INFO  impl.FollowerState (FollowerState.java:run(117)) - 08d4cbaa-ffed-4411-a5fd-c4a38026aead@group-F967393F7C93-FollowerState was interrupted: java.lang.InterruptedException: sleep interrupted
2019-10-17 21:55:02,146 [d6dfcdd7-fc6e-4b51-b91e-b64503dadc5e@group-F967393F7C93-LeaderElection156] INFO  impl.LeaderElection (LeaderElection.java:logAndReturn(56)) - d6dfcdd7-fc6e-4b51-b91e-b64503dadc5e@group-F967393F7C93-LeaderElection156: Election REJECTED; received 2 response(s) [d6dfcdd7-fc6e-4b51-b91e-b64503dadc5e<-08d4cbaa-ffed-4411-a5fd-c4a38026aead#0:FAIL-t150, d6dfcdd7-fc6e-4b51-b91e-b64503dadc5e<-da15dfee-23f0-4dc4-ad77-c00156c49cfa#0:FAIL-t150] and 0 exception(s); d6dfcdd7-fc6e-4b51-b91e-b64503dadc5e@group-F967393F7C93:t150, leader=null, voted=d6dfcdd7-fc6e-4b51-b91e-b64503dadc5e, raftlog=d6dfcdd7-fc6e-4b51-b91e-b64503dadc5e@group-F967393F7C93-SegmentedRaftLog:OPENED:c-1,f-1,i0, conf=-1: [08d4cbaa-ffed-4411-a5fd-c4a38026aead:192.168.157.223:33910, da15dfee-23f0-4dc4-ad77-c00156c49cfa:192.168.157.223:42172, d6dfcdd7-fc6e-4b51-b91e-b64503dadc5e:192.168.157.223:43575], old=null
2019-10-17 21:55:02,146 [d6dfcdd7-fc6e-4b51-b91e-b64503dadc5e@group-F967393F7C93-LeaderElection156] INFO  impl.RaftServerImpl (RaftServerImpl.java:setRole(184)) - d6dfcdd7-fc6e-4b51-b91e-b64503dadc5e@group-F967393F7C93: changes role from CANDIDATE to FOLLOWER at term 150 for DISCOVERED_A_NEW_TERM
2019-10-17 21:55:02,146 [d6dfcdd7-fc6e-4b51-b91e-b64503dadc5e@group-F967393F7C93-LeaderElection156] INFO  impl.RoleInfo (RoleInfo.java:shutdownLeaderElection(134)) - d6dfcdd7-fc6e-4b51-b91e-b64503dadc5e: shutdown LeaderElection
2019-10-17 21:55:02,146 [d6dfcdd7-fc6e-4b51-b91e-b64503dadc5e@group-F967393F7C93-LeaderElection156] INFO  impl.RoleInfo (RoleInfo.java:updateAndGet(143)) - d6dfcdd7-fc6e-4b51-b91e-b64503dadc5e: start FollowerState
2019-10-17 21:55:02,162 [Thread-1612] INFO  impl.FollowerState (FollowerState.java:run(108)) - d6dfcdd7-fc6e-4b51-b91e-b64503dadc5e@group-F967393F7C93-FollowerState: change to CANDIDATE, lastRpcTime:15ms, electionTimeout:15ms
2019-10-17 21:55:02,162 [Thread-1612] INFO  impl.RoleInfo (RoleInfo.java:shutdownFollowerState(121)) - d6dfcdd7-fc6e-4b51-b91e-b64503dadc5e: shutdown FollowerState
2019-10-17 21:55:02,162 [Thread-1612] INFO  impl.RaftServerImpl (RaftServerImpl.java:setRole(184)) - d6dfcdd7-fc6e-4b51-b91e-b64503dadc5e@group-F967393F7C93: changes role from  FOLLOWER to CANDIDATE at term 150 for changeToCandidate
2019-10-17 21:55:02,162 [Thread-1612] INFO  impl.RoleInfo (RoleInfo.java:updateAndGet(143)) - d6dfcdd7-fc6e-4b51-b91e-b64503dadc5e: start LeaderElection
2019-10-17 21:55:02,176 [d6dfcdd7-fc6e-4b51-b91e-b64503dadc5e@group-F967393F7C93-LeaderElection157] INFO  impl.LeaderElection (LeaderElection.java:askForVotes(178)) - d6dfcdd7-fc6e-4b51-b91e-b64503dadc5e@group-F967393F7C93-LeaderElection157: begin an election at term 151 for -1: [08d4cbaa-ffed-4411-a5fd-c4a38026aead:192.168.157.223:33910, da15dfee-23f0-4dc4-ad77-c00156c49cfa:192.168.157.223:42172, d6dfcdd7-fc6e-4b51-b91e-b64503dadc5e:192.168.157.223:43575], old=null
2019-10-17 21:55:02,178 [grpc-default-executor-9] INFO  impl.RaftServerImpl (RaftServerImpl.java:setRole(184)) - 08d4cbaa-ffed-4411-a5fd-c4a38026aead@group-F967393F7C93: changes role from  FOLLOWER to FOLLOWER at term 151 for recognizeCandidate:d6dfcdd7-fc6e-4b51-b91e-b64503dadc5e
2019-10-17 21:55:02,178 [grpc-default-executor-6] INFO  impl.RaftServerImpl (RaftServerImpl.java:setRole(184)) - da15dfee-23f0-4dc4-ad77-c00156c49cfa@group-F967393F7C93: changes role from  FOLLOWER to FOLLOWER at term 151 for recognizeCandidate:d6dfcdd7-fc6e-4b51-b91e-b64503dadc5e
2019-10-17 21:55:02,178 [grpc-default-executor-9] INFO  impl.RoleInfo (RoleInfo.java:shutdownFollowerState(121)) - 08d4cbaa-ffed-4411-a5fd-c4a38026aead: shutdown FollowerState
2019-10-17 21:55:02,178 [grpc-default-executor-6] INFO  impl.RoleInfo (RoleInfo.java:shutdownFollowerState(121)) - da15dfee-23f0-4dc4-ad77-c00156c49cfa: shutdown FollowerState
2019-10-17 21:55:02,178 [Thread-1611] INFO  impl.FollowerState (FollowerState.java:run(117)) - 08d4cbaa-ffed-4411-a5fd-c4a38026aead@group-F967393F7C93-FollowerState was interrupted: java.lang.InterruptedException: sleep interrupted
2019-10-17 21:55:02,178 [grpc-default-executor-9] INFO  impl.RoleInfo (RoleInfo.java:updateAndGet(143)) - 08d4cbaa-ffed-4411-a5fd-c4a38026aead: start FollowerState
2019-10-17 21:55:02,179 [Thread-1610] INFO  impl.FollowerState (FollowerState.java:run(117)) - da15dfee-23f0-4dc4-ad77-c00156c49cfa@group-F967393F7C93-FollowerState was interrupted: java.lang.InterruptedException: sleep interrupted
2019-10-17 21:55:02,179 [grpc-default-executor-6] INFO  impl.RoleInfo (RoleInfo.java:updateAndGet(143)) - da15dfee-23f0-4dc4-ad77-c00156c49cfa: start FollowerState
2019-10-17 21:55:02,193 [d6dfcdd7-fc6e-4b51-b91e-b64503dadc5e@group-F967393F7C93-LeaderElection157] INFO  impl.LeaderElection (LeaderElection.java:logAndReturn(56)) - d6dfcdd7-fc6e-4b51-b91e-b64503dadc5e@group-F967393F7C93-LeaderElection157: Election REJECTED; received 2 response(s) [d6dfcdd7-fc6e-4b51-b91e-b64503dadc5e<-08d4cbaa-ffed-4411-a5fd-c4a38026aead#0:FAIL-t151, d6dfcdd7-fc6e-4b51-b91e-b64503dadc5e<-da15dfee-23f0-4dc4-ad77-c00156c49cfa#0:FAIL-t151] and 0 exception(s); d6dfcdd7-fc6e-4b51-b91e-b64503dadc5e@group-F967393F7C93:t151, leader=null, voted=d6dfcdd7-fc6e-4b51-b91e-b64503dadc5e, raftlog=d6dfcdd7-fc6e-4b51-b91e-b64503dadc5e@group-F967393F7C93-SegmentedRaftLog:OPENED:c-1,f-1,i0, conf=-1: [08d4cbaa-ffed-4411-a5fd-c4a38026aead:192.168.157.223:33910, da15dfee-23f0-4dc4-ad77-c00156c49cfa:192.168.157.223:42172, d6dfcdd7-fc6e-4b51-b91e-b64503dadc5e:192.168.157.223:43575], old=null
2019-10-17 21:55:02,193 [d6dfcdd7-fc6e-4b51-b91e-b64503dadc5e@group-F967393F7C93-LeaderElection157] INFO  impl.RaftServerImpl (RaftServerImpl.java:setRole(184)) - d6dfcdd7-fc6e-4b51-b91e-b64503dadc5e@group-F967393F7C93: changes role from CANDIDATE to FOLLOWER at term 151 for DISCOVERED_A_NEW_TERM
2019-10-17 21:55:02,193 [d6dfcdd7-fc6e-4b51-b91e-b64503dadc5e@group-F967393F7C93-LeaderElection157] INFO  impl.RoleInfo (RoleInfo.java:shutdownLeaderElection(134)) - d6dfcdd7-fc6e-4b51-b91e-b64503dadc5e: shutdown LeaderElection
2019-10-17 21:55:02,193 [d6dfcdd7-fc6e-4b51-b91e-b64503dadc5e@group-F967393F7C93-LeaderElection157] INFO  impl.RoleInfo (RoleInfo.java:updateAndGet(143)) - d6dfcdd7-fc6e-4b51-b91e-b64503dadc5e: start FollowerState
2019-10-17 21:55:02,392 [Thread-1618] INFO  impl.FollowerState (FollowerState.java:run(108)) - d6dfcdd7-fc6e-4b51-b91e-b64503dadc5e@group-F967393F7C93-FollowerState: change to CANDIDATE, lastRpcTime:198ms, electionTimeout:198ms
2019-10-17 21:55:02,392 [Thread-1618] INFO  impl.RoleInfo (RoleInfo.java:shutdownFollowerState(121)) - d6dfcdd7-fc6e-4b51-b91e-b64503dadc5e: shutdown FollowerState
2019-10-17 21:55:02,392 [Thread-1618] INFO  impl.RaftServerImpl (RaftServerImpl.java:setRole(184)) - d6dfcdd7-fc6e-4b51-b91e-b64503dadc5e@group-F967393F7C93: changes role from  FOLLOWER to CANDIDATE at term 151 for changeToCandidate
2019-10-17 21:55:02,392 [Thread-1618] INFO  impl.RoleInfo (RoleInfo.java:updateAndGet(143)) - d6dfcdd7-fc6e-4b51-b91e-b64503dadc5e: start LeaderElection
2019-10-17 21:55:02,406 [d6dfcdd7-fc6e-4b51-b91e-b64503dadc5e@group-F967393F7C93-LeaderElection158] INFO  impl.LeaderElection (LeaderElection.java:askForVotes(178)) - d6dfcdd7-fc6e-4b51-b91e-b64503dadc5e@group-F967393F7C93-LeaderElection158: begin an election at term 152 for -1: [08d4cbaa-ffed-4411-a5fd-c4a38026aead:192.168.157.223:33910, da15dfee-23f0-4dc4-ad77-c00156c49cfa:192.168.157.223:42172, d6dfcdd7-fc6e-4b51-b91e-b64503dadc5e:192.168.157.223:43575], old=null
2019-10-17 21:55:02,409 [grpc-default-executor-6] INFO  impl.RaftServerImpl (RaftServerImpl.java:setRole(184)) - 08d4cbaa-ffed-4411-a5fd-c4a38026aead@group-F967393F7C93: changes role from  FOLLOWER to FOLLOWER at term 152 for recognizeCandidate:d6dfcdd7-fc6e-4b51-b91e-b64503dadc5e
2019-10-17 21:55:02,409 [grpc-default-executor-6] INFO  impl.RoleInfo (RoleInfo.java:shutdownFollowerState(121)) - 08d4cbaa-ffed-4411-a5fd-c4a38026aead: shutdown FollowerState
2019-10-17 21:55:02,409 [grpc-default-executor-9] INFO  impl.RaftServerImpl (RaftServerImpl.java:setRole(184)) - da15dfee-23f0-4dc4-ad77-c00156c49cfa@group-F967393F7C93: changes role from  FOLLOWER to FOLLOWER at term 152 for recognizeCandidate:d6dfcdd7-fc6e-4b51-b91e-b64503dadc5e
2019-10-17 21:55:02,409 [grpc-default-executor-6] INFO  impl.RoleInfo (RoleInfo.java:updateAndGet(143)) - 08d4cbaa-ffed-4411-a5fd-c4a38026aead: start FollowerState
2019-10-17 21:55:02,409 [grpc-default-executor-9] INFO  impl.RoleInfo (RoleInfo.java:shutdownFollowerState(121)) - da15dfee-23f0-4dc4-ad77-c00156c49cfa: shutdown FollowerState
2019-10-17 21:55:02,409 [Thread-1616] INFO  impl.FollowerState (FollowerState.java:run(117)) - 08d4cbaa-ffed-4411-a5fd-c4a38026aead@group-F967393F7C93-FollowerState was interrupted: java.lang.InterruptedException: sleep interrupted
2019-10-17 21:55:02,410 [Thread-1617] INFO  impl.FollowerState (FollowerState.java:run(117)) - da15dfee-23f0-4dc4-ad77-c00156c49cfa@group-F967393F7C93-FollowerState was interrupted: java.lang.InterruptedException: sleep interrupted
2019-10-17 21:55:02,410 [grpc-default-executor-9] INFO  impl.RoleInfo (RoleInfo.java:updateAndGet(143)) - da15dfee-23f0-4dc4-ad77-c00156c49cfa: start FollowerState
2019-10-17 21:55:02,426 [d6dfcdd7-fc6e-4b51-b91e-b64503dadc5e@group-F967393F7C93-LeaderElection158] INFO  impl.LeaderElection (LeaderElection.java:logAndReturn(56)) - d6dfcdd7-fc6e-4b51-b91e-b64503dadc5e@group-F967393F7C93-LeaderElection158: Election REJECTED; received 2 response(s) [d6dfcdd7-fc6e-4b51-b91e-b64503dadc5e<-08d4cbaa-ffed-4411-a5fd-c4a38026aead#0:FAIL-t152, d6dfcdd7-fc6e-4b51-b91e-b64503dadc5e<-da15dfee-23f0-4dc4-ad77-c00156c49cfa#0:FAIL-t152] and 0 exception(s); d6dfcdd7-fc6e-4b51-b91e-b64503dadc5e@group-F967393F7C93:t152, leader=null, voted=d6dfcdd7-fc6e-4b51-b91e-b64503dadc5e, raftlog=d6dfcdd7-fc6e-4b51-b91e-b64503dadc5e@group-F967393F7C93-SegmentedRaftLog:OPENED:c-1,f-1,i0, conf=-1: [08d4cbaa-ffed-4411-a5fd-c4a38026aead:192.168.157.223:33910, da15dfee-23f0-4dc4-ad77-c00156c49cfa:192.168.157.223:42172, d6dfcdd7-fc6e-4b51-b91e-b64503dadc5e:192.168.157.223:43575], old=null
2019-10-17 21:55:02,426 [d6dfcdd7-fc6e-4b51-b91e-b64503dadc5e@group-F967393F7C93-LeaderElection158] INFO  impl.RaftServerImpl (RaftServerImpl.java:setRole(184)) - d6dfcdd7-fc6e-4b51-b91e-b64503dadc5e@group-F967393F7C93: changes role from CANDIDATE to FOLLOWER at term 152 for DISCOVERED_A_NEW_TERM
2019-10-17 21:55:02,426 [d6dfcdd7-fc6e-4b51-b91e-b64503dadc5e@group-F967393F7C93-LeaderElection158] INFO  impl.RoleInfo (RoleInfo.java:shutdownLeaderElection(134)) - d6dfcdd7-fc6e-4b51-b91e-b64503dadc5e: shutdown LeaderElection
2019-10-17 21:55:02,426 [d6dfcdd7-fc6e-4b51-b91e-b64503dadc5e@group-F967393F7C93-LeaderElection158] INFO  impl.RoleInfo (RoleInfo.java:updateAndGet(143)) - d6dfcdd7-fc6e-4b51-b91e-b64503dadc5e: start FollowerState
2019-10-17 21:55:02,500 [Thread-1626] INFO  impl.FollowerState (FollowerState.java:run(108)) - d6dfcdd7-fc6e-4b51-b91e-b64503dadc5e@group-F967393F7C93-FollowerState: change to CANDIDATE, lastRpcTime:73ms, electionTimeout:73ms
2019-10-17 21:55:02,500 [Thread-1626] INFO  impl.RoleInfo (RoleInfo.java:shutdownFollowerState(121)) - d6dfcdd7-fc6e-4b51-b91e-b64503dadc5e: shutdown FollowerState
2019-10-17 21:55:02,500 [Thread-1626] INFO  impl.RaftServerImpl (RaftServerImpl.java:setRole(184)) - d6dfcdd7-fc6e-4b51-b91e-b64503dadc5e@group-F967393F7C93: changes role from  FOLLOWER to CANDIDATE at term 152 for changeToCandidate
2019-10-17 21:55:02,500 [Thread-1626] INFO  impl.RoleInfo (RoleInfo.java:updateAndGet(143)) - d6dfcdd7-fc6e-4b51-b91e-b64503dadc5e: start LeaderElection
2019-10-17 21:55:02,526 [d6dfcdd7-fc6e-4b51-b91e-b64503dadc5e@group-F967393F7C93-LeaderElection159] INFO  impl.LeaderElection (LeaderElection.java:askForVotes(178)) - d6dfcdd7-fc6e-4b51-b91e-b64503dadc5e@group-F967393F7C93-LeaderElection159: begin an election at term 153 for -1: [08d4cbaa-ffed-4411-a5fd-c4a38026aead:192.168.157.223:33910, da15dfee-23f0-4dc4-ad77-c00156c49cfa:192.168.157.223:42172, d6dfcdd7-fc6e-4b51-b91e-b64503dadc5e:192.168.157.223:43575], old=null
2019-10-17 21:55:02,529 [grpc-default-executor-9] INFO  impl.RaftServerImpl (RaftServerImpl.java:setRole(184)) - 08d4cbaa-ffed-4411-a5fd-c4a38026aead@group-F967393F7C93: changes role from  FOLLOWER to FOLLOWER at term 153 for recognizeCandidate:d6dfcdd7-fc6e-4b51-b91e-b64503dadc5e
2019-10-17 21:55:02,529 [grpc-default-executor-9] INFO  impl.RoleInfo (RoleInfo.java:shutdownFollowerState(121)) - 08d4cbaa-ffed-4411-a5fd-c4a38026aead: shutdown FollowerState
2019-10-17 21:55:02,529 [grpc-default-executor-6] INFO  impl.RaftServerImpl (RaftServerImpl.java:setRole(184)) - da15dfee-23f0-4dc4-ad77-c00156c49cfa@group-F967393F7C93: changes role from  FOLLOWER to FOLLOWER at term 153 for recognizeCandidate:d6dfcdd7-fc6e-4b51-b91e-b64503dadc5e
2019-10-17 21:55:02,529 [Thread-1624] INFO  impl.FollowerState (FollowerState.java:run(117)) - 08d4cbaa-ffed-4411-a5fd-c4a38026aead@group-F967393F7C93-FollowerState was interrupted: java.lang.InterruptedException: sleep interrupted
2019-10-17 21:55:02,529 [grpc-default-executor-9] INFO  impl.RoleInfo (RoleInfo.java:updateAndGet(143)) - 08d4cbaa-ffed-4411-a5fd-c4a38026aead: start FollowerState
2019-10-17 21:55:02,529 [grpc-default-executor-6] INFO  impl.RoleInfo (RoleInfo.java:shutdownFollowerState(121)) - da15dfee-23f0-4dc4-ad77-c00156c49cfa: shutdown FollowerState
2019-10-17 21:55:02,530 [Thread-1625] INFO  impl.FollowerState (FollowerState.java:run(117)) - da15dfee-23f0-4dc4-ad77-c00156c49cfa@group-F967393F7C93-FollowerState was interrupted: java.lang.InterruptedException: sleep interrupted
2019-10-17 21:55:02,530 [grpc-default-executor-6] INFO  impl.RoleInfo (RoleInfo.java:updateAndGet(143)) - da15dfee-23f0-4dc4-ad77-c00156c49cfa: start FollowerState
2019-10-17 21:55:02,545 [d6dfcdd7-fc6e-4b51-b91e-b64503dadc5e@group-F967393F7C93-LeaderElection159] INFO  impl.LeaderElection (LeaderElection.java:logAndReturn(56)) - d6dfcdd7-fc6e-4b51-b91e-b64503dadc5e@group-F967393F7C93-LeaderElection159: Election REJECTED; received 2 response(s) [d6dfcdd7-fc6e-4b51-b91e-b64503dadc5e<-08d4cbaa-ffed-4411-a5fd-c4a38026aead#0:FAIL-t153, d6dfcdd7-fc6e-4b51-b91e-b64503dadc5e<-da15dfee-23f0-4dc4-ad77-c00156c49cfa#0:FAIL-t153] and 0 exception(s); d6dfcdd7-fc6e-4b51-b91e-b64503dadc5e@group-F967393F7C93:t153, leader=null, voted=d6dfcdd7-fc6e-4b51-b91e-b64503dadc5e, raftlog=d6dfcdd7-fc6e-4b51-b91e-b64503dadc5e@group-F967393F7C93-SegmentedRaftLog:OPENED:c-1,f-1,i0, conf=-1: [08d4cbaa-ffed-4411-a5fd-c4a38026aead:192.168.157.223:33910, da15dfee-23f0-4dc4-ad77-c00156c49cfa:192.168.157.223:42172, d6dfcdd7-fc6e-4b51-b91e-b64503dadc5e:192.168.157.223:43575], old=null
2019-10-17 21:55:02,545 [d6dfcdd7-fc6e-4b51-b91e-b64503dadc5e@group-F967393F7C93-LeaderElection159] INFO  impl.RaftServerImpl (RaftServerImpl.java:setRole(184)) - d6dfcdd7-fc6e-4b51-b91e-b64503dadc5e@group-F967393F7C93: changes role from CANDIDATE to FOLLOWER at term 153 for DISCOVERED_A_NEW_TERM
2019-10-17 21:55:02,545 [d6dfcdd7-fc6e-4b51-b91e-b64503dadc5e@group-F967393F7C93-LeaderElection159] INFO  impl.RoleInfo (RoleInfo.java:shutdownLeaderElection(134)) - d6dfcdd7-fc6e-4b51-b91e-b64503dadc5e: shutdown LeaderElection
2019-10-17 21:55:02,545 [d6dfcdd7-fc6e-4b51-b91e-b64503dadc5e@group-F967393F7C93-LeaderElection159] INFO  impl.RoleInfo (RoleInfo.java:updateAndGet(143)) - d6dfcdd7-fc6e-4b51-b91e-b64503dadc5e: start FollowerState
2019-10-17 21:55:02,741 [Thread-1632] INFO  impl.FollowerState (FollowerState.java:run(108)) - d6dfcdd7-fc6e-4b51-b91e-b64503dadc5e@group-F967393F7C93-FollowerState: change to CANDIDATE, lastRpcTime:195ms, electionTimeout:195ms
2019-10-17 21:55:02,741 [Thread-1632] INFO  impl.RoleInfo (RoleInfo.java:shutdownFollowerState(121)) - d6dfcdd7-fc6e-4b51-b91e-b64503dadc5e: shutdown FollowerState
2019-10-17 21:55:02,741 [Thread-1632] INFO  impl.RaftServerImpl (RaftServerImpl.java:setRole(184)) - d6dfcdd7-fc6e-4b51-b91e-b64503dadc5e@group-F967393F7C93: changes role from  FOLLOWER to CANDIDATE at term 153 for changeToCandidate
2019-10-17 21:55:02,741 [Thread-1632] INFO  impl.RoleInfo (RoleInfo.java:updateAndGet(143)) - d6dfcdd7-fc6e-4b51-b91e-b64503dadc5e: start LeaderElection
2019-10-17 21:55:02,755 [d6dfcdd7-fc6e-4b51-b91e-b64503dadc5e@group-F967393F7C93-LeaderElection160] INFO  impl.LeaderElection (LeaderElection.java:askForVotes(178)) - d6dfcdd7-fc6e-4b51-b91e-b64503dadc5e@group-F967393F7C93-LeaderElection160: begin an election at term 154 for -1: [08d4cbaa-ffed-4411-a5fd-c4a38026aead:192.168.157.223:33910, da15dfee-23f0-4dc4-ad77-c00156c49cfa:192.168.157.223:42172, d6dfcdd7-fc6e-4b51-b91e-b64503dadc5e:192.168.157.223:43575], old=null
2019-10-17 21:55:02,757 [grpc-default-executor-6] INFO  impl.RaftServerImpl (RaftServerImpl.java:setRole(184)) - da15dfee-23f0-4dc4-ad77-c00156c49cfa@group-F967393F7C93: changes role from  FOLLOWER to FOLLOWER at term 154 for recognizeCandidate:d6dfcdd7-fc6e-4b51-b91e-b64503dadc5e
2019-10-17 21:55:02,757 [grpc-default-executor-9] INFO  impl.RaftServerImpl (RaftServerImpl.java:setRole(184)) - 08d4cbaa-ffed-4411-a5fd-c4a38026aead@group-F967393F7C93: changes role from  FOLLOWER to FOLLOWER at term 154 for recognizeCandidate:d6dfcdd7-fc6e-4b51-b91e-b64503dadc5e
2019-10-17 21:55:02,758 [grpc-default-executor-6] INFO  impl.RoleInfo (RoleInfo.java:shutdownFollowerState(121)) - da15dfee-23f0-4dc4-ad77-c00156c49cfa: shutdown FollowerState
2019-10-17 21:55:02,758 [grpc-default-executor-9] INFO  impl.RoleInfo (RoleInfo.java:shutdownFollowerState(121)) - 08d4cbaa-ffed-4411-a5fd-c4a38026aead: shutdown FollowerState
2019-10-17 21:55:02,758 [Thread-1631] INFO  impl.FollowerState (FollowerState.java:run(117)) - da15dfee-23f0-4dc4-ad77-c00156c49cfa@group-F967393F7C93-FollowerState was interrupted: java.lang.InterruptedException: sleep interrupted
2019-10-17 21:55:02,758 [grpc-default-executor-6] INFO  impl.RoleInfo (RoleInfo.java:updateAndGet(143)) - da15dfee-23f0-4dc4-ad77-c00156c49cfa: start FollowerState
2019-10-17 21:55:02,758 [Thread-1630] INFO  impl.FollowerState (FollowerState.java:run(117)) - 08d4cbaa-ffed-4411-a5fd-c4a38026aead@group-F967393F7C93-FollowerState was interrupted: java.lang.InterruptedException: sleep interrupted
2019-10-17 21:55:02,758 [grpc-default-executor-9] INFO  impl.RoleInfo (RoleInfo.java:updateAndGet(143)) - 08d4cbaa-ffed-4411-a5fd-c4a38026aead: start FollowerState
2019-10-17 21:55:02,773 [d6dfcdd7-fc6e-4b51-b91e-b64503dadc5e@group-F967393F7C93-LeaderElection160] INFO  impl.LeaderElection (LeaderElection.java:logAndReturn(56)) - d6dfcdd7-fc6e-4b51-b91e-b64503dadc5e@group-F967393F7C93-LeaderElection160: Election REJECTED; received 2 response(s) [d6dfcdd7-fc6e-4b51-b91e-b64503dadc5e<-08d4cbaa-ffed-4411-a5fd-c4a38026aead#0:FAIL-t154, d6dfcdd7-fc6e-4b51-b91e-b64503dadc5e<-da15dfee-23f0-4dc4-ad77-c00156c49cfa#0:FAIL-t154] and 0 exception(s); d6dfcdd7-fc6e-4b51-b91e-b64503dadc5e@group-F967393F7C93:t154, leader=null, voted=d6dfcdd7-fc6e-4b51-b91e-b64503dadc5e, raftlog=d6dfcdd7-fc6e-4b51-b91e-b64503dadc5e@group-F967393F7C93-SegmentedRaftLog:OPENED:c-1,f-1,i0, conf=-1: [08d4cbaa-ffed-4411-a5fd-c4a38026aead:192.168.157.223:33910, da15dfee-23f0-4dc4-ad77-c00156c49cfa:192.168.157.223:42172, d6dfcdd7-fc6e-4b51-b91e-b64503dadc5e:192.168.157.223:43575], old=null
2019-10-17 21:55:02,773 [d6dfcdd7-fc6e-4b51-b91e-b64503dadc5e@group-F967393F7C93-LeaderElection160] INFO  impl.RaftServerImpl (RaftServerImpl.java:setRole(184)) - d6dfcdd7-fc6e-4b51-b91e-b64503dadc5e@group-F967393F7C93: changes role from CANDIDATE to FOLLOWER at term 154 for DISCOVERED_A_NEW_TERM
2019-10-17 21:55:02,774 [d6dfcdd7-fc6e-4b51-b91e-b64503dadc5e@group-F967393F7C93-LeaderElection160] INFO  impl.RoleInfo (RoleInfo.java:shutdownLeaderElection(134)) - d6dfcdd7-fc6e-4b51-b91e-b64503dadc5e: shutdown LeaderElection
2019-10-17 21:55:02,774 [d6dfcdd7-fc6e-4b51-b91e-b64503dadc5e@group-F967393F7C93-LeaderElection160] INFO  impl.RoleInfo (RoleInfo.java:updateAndGet(143)) - d6dfcdd7-fc6e-4b51-b91e-b64503dadc5e: start FollowerState
2019-10-17 21:55:02,896 [Thread-1638] INFO  impl.FollowerState (FollowerState.java:run(108)) - d6dfcdd7-fc6e-4b51-b91e-b64503dadc5e@group-F967393F7C93-FollowerState: change to CANDIDATE, lastRpcTime:122ms, electionTimeout:122ms
2019-10-17 21:55:02,896 [Thread-1638] INFO  impl.RoleInfo (RoleInfo.java:shutdownFollowerState(121)) - d6dfcdd7-fc6e-4b51-b91e-b64503dadc5e: shutdown FollowerState
2019-10-17 21:55:02,897 [Thread-1638] INFO  impl.RaftServerImpl (RaftServerImpl.java:setRole(184)) - d6dfcdd7-fc6e-4b51-b91e-b64503dadc5e@group-F967393F7C93: changes role from  FOLLOWER to CANDIDATE at term 154 for changeToCandidate
2019-10-17 21:55:02,897 [Thread-1638] INFO  impl.RoleInfo (RoleInfo.java:updateAndGet(143)) - d6dfcdd7-fc6e-4b51-b91e-b64503dadc5e: start LeaderElection
2019-10-17 21:55:02,912 [d6dfcdd7-fc6e-4b51-b91e-b64503dadc5e@group-F967393F7C93-LeaderElection161] INFO  impl.LeaderElection (LeaderElection.java:askForVotes(178)) - d6dfcdd7-fc6e-4b51-b91e-b64503dadc5e@group-F967393F7C93-LeaderElection161: begin an election at term 155 for -1: [08d4cbaa-ffed-4411-a5fd-c4a38026aead:192.168.157.223:33910, da15dfee-23f0-4dc4-ad77-c00156c49cfa:192.168.157.223:42172, d6dfcdd7-fc6e-4b51-b91e-b64503dadc5e:192.168.157.223:43575], old=null
2019-10-17 21:55:02,914 [grpc-default-executor-9] INFO  impl.RaftServerImpl (RaftServerImpl.java:setRole(184)) - 08d4cbaa-ffed-4411-a5fd-c4a38026aead@group-F967393F7C93: changes role from  FOLLOWER to FOLLOWER at term 155 for recognizeCandidate:d6dfcdd7-fc6e-4b51-b91e-b64503dadc5e
2019-10-17 21:55:02,914 [grpc-default-executor-6] INFO  impl.RaftServerImpl (RaftServerImpl.java:setRole(184)) - da15dfee-23f0-4dc4-ad77-c00156c49cfa@group-F967393F7C93: changes role from  FOLLOWER to FOLLOWER at term 155 for recognizeCandidate:d6dfcdd7-fc6e-4b51-b91e-b64503dadc5e
2019-10-17 21:55:02,914 [grpc-default-executor-6] INFO  impl.RoleInfo (RoleInfo.java:shutdownFollowerState(121)) - da15dfee-23f0-4dc4-ad77-c00156c49cfa: shutdown FollowerState
2019-10-17 21:55:02,914 [grpc-default-executor-9] INFO  impl.RoleInfo (RoleInfo.java:shutdownFollowerState(121)) - 08d4cbaa-ffed-4411-a5fd-c4a38026aead: shutdown FollowerState
2019-10-17 21:55:02,914 [Thread-1636] INFO  impl.FollowerState (FollowerState.java:run(117)) - da15dfee-23f0-4dc4-ad77-c00156c49cfa@group-F967393F7C93-FollowerState was interrupted: java.lang.InterruptedException: sleep interrupted
2019-10-17 21:55:02,914 [grpc-default-executor-6] INFO  impl.RoleInfo (RoleInfo.java:updateAndGet(143)) - da15dfee-23f0-4dc4-ad77-c00156c49cfa: start FollowerState
2019-10-17 21:55:02,914 [Thread-1637] INFO  impl.FollowerState (FollowerState.java:run(117)) - 08d4cbaa-ffed-4411-a5fd-c4a38026aead@group-F967393F7C93-FollowerState was interrupted: java.lang.InterruptedException: sleep interrupted
2019-10-17 21:55:02,914 [grpc-default-executor-9] INFO  impl.RoleInfo (RoleInfo.java:updateAndGet(143)) - 08d4cbaa-ffed-4411-a5fd-c4a38026aead: start FollowerState
2019-10-17 21:55:02,930 [d6dfcdd7-fc6e-4b51-b91e-b64503dadc5e@group-F967393F7C93-LeaderElection161] INFO  impl.LeaderElection (LeaderElection.java:logAndReturn(56)) - d6dfcdd7-fc6e-4b51-b91e-b64503dadc5e@group-F967393F7C93-LeaderElection161: Election REJECTED; received 2 response(s) [d6dfcdd7-fc6e-4b51-b91e-b64503dadc5e<-08d4cbaa-ffed-4411-a5fd-c4a38026aead#0:FAIL-t155, d6dfcdd7-fc6e-4b51-b91e-b64503dadc5e<-da15dfee-23f0-4dc4-ad77-c00156c49cfa#0:FAIL-t155] and 0 exception(s); d6dfcdd7-fc6e-4b51-b91e-b64503dadc5e@group-F967393F7C93:t155, leader=null, voted=d6dfcdd7-fc6e-4b51-b91e-b64503dadc5e, raftlog=d6dfcdd7-fc6e-4b51-b91e-b64503dadc5e@group-F967393F7C93-SegmentedRaftLog:OPENED:c-1,f-1,i0, conf=-1: [08d4cbaa-ffed-4411-a5fd-c4a38026aead:192.168.157.223:33910, da15dfee-23f0-4dc4-ad77-c00156c49cfa:192.168.157.223:42172, d6dfcdd7-fc6e-4b51-b91e-b64503dadc5e:192.168.157.223:43575], old=null
2019-10-17 21:55:02,930 [d6dfcdd7-fc6e-4b51-b91e-b64503dadc5e@group-F967393F7C93-LeaderElection161] INFO  impl.RaftServerImpl (RaftServerImpl.java:setRole(184)) - d6dfcdd7-fc6e-4b51-b91e-b64503dadc5e@group-F967393F7C93: changes role from CANDIDATE to FOLLOWER at term 155 for DISCOVERED_A_NEW_TERM
2019-10-17 21:55:02,930 [d6dfcdd7-fc6e-4b51-b91e-b64503dadc5e@group-F967393F7C93-LeaderElection161] INFO  impl.RoleInfo (RoleInfo.java:shutdownLeaderElection(134)) - d6dfcdd7-fc6e-4b51-b91e-b64503dadc5e: shutdown LeaderElection
2019-10-17 21:55:02,930 [d6dfcdd7-fc6e-4b51-b91e-b64503dadc5e@group-F967393F7C93-LeaderElection161] INFO  impl.RoleInfo (RoleInfo.java:updateAndGet(143)) - d6dfcdd7-fc6e-4b51-b91e-b64503dadc5e: start FollowerState
2019-10-17 21:55:03,098 [Thread-1646] INFO  impl.FollowerState (FollowerState.java:run(108)) - d6dfcdd7-fc6e-4b51-b91e-b64503dadc5e@group-F967393F7C93-FollowerState: change to CANDIDATE, lastRpcTime:167ms, electionTimeout:167ms
2019-10-17 21:55:03,098 [Thread-1646] INFO  impl.RoleInfo (RoleInfo.java:shutdownFollowerState(121)) - d6dfcdd7-fc6e-4b51-b91e-b64503dadc5e: shutdown FollowerState
2019-10-17 21:55:03,098 [Thread-1646] INFO  impl.RaftServerImpl (RaftServerImpl.java:setRole(184)) - d6dfcdd7-fc6e-4b51-b91e-b64503dadc5e@group-F967393F7C93: changes role from  FOLLOWER to CANDIDATE at term 155 for changeToCandidate
2019-10-17 21:55:03,099 [Thread-1646] INFO  impl.RoleInfo (RoleInfo.java:updateAndGet(143)) - d6dfcdd7-fc6e-4b51-b91e-b64503dadc5e: start LeaderElection
2019-10-17 21:55:03,113 [d6dfcdd7-fc6e-4b51-b91e-b64503dadc5e@group-F967393F7C93-LeaderElection162] INFO  impl.LeaderElection (LeaderElection.java:askForVotes(178)) - d6dfcdd7-fc6e-4b51-b91e-b64503dadc5e@group-F967393F7C93-LeaderElection162: begin an election at term 156 for -1: [08d4cbaa-ffed-4411-a5fd-c4a38026aead:192.168.157.223:33910, da15dfee-23f0-4dc4-ad77-c00156c49cfa:192.168.157.223:42172, d6dfcdd7-fc6e-4b51-b91e-b64503dadc5e:192.168.157.223:43575], old=null
2019-10-17 21:55:03,117 [grpc-default-executor-1] INFO  impl.RaftServerImpl (RaftServerImpl.java:setRole(184)) - 08d4cbaa-ffed-4411-a5fd-c4a38026aead@group-F967393F7C93: changes role from  FOLLOWER to FOLLOWER at term 156 for recognizeCandidate:d6dfcdd7-fc6e-4b51-b91e-b64503dadc5e
2019-10-17 21:55:03,117 [grpc-default-executor-1] INFO  impl.RoleInfo (RoleInfo.java:shutdownFollowerState(121)) - 08d4cbaa-ffed-4411-a5fd-c4a38026aead: shutdown FollowerState
2019-10-17 21:55:03,117 [grpc-default-executor-6] INFO  impl.RaftServerImpl (RaftServerImpl.java:setRole(184)) - da15dfee-23f0-4dc4-ad77-c00156c49cfa@group-F967393F7C93: changes role from  FOLLOWER to FOLLOWER at term 156 for recognizeCandidate:d6dfcdd7-fc6e-4b51-b91e-b64503dadc5e
2019-10-17 21:55:03,117 [Thread-1645] INFO  impl.FollowerState (FollowerState.java:run(117)) - 08d4cbaa-ffed-4411-a5fd-c4a38026aead@group-F967393F7C93-FollowerState was interrupted: java.lang.InterruptedException: sleep interrupted
2019-10-17 21:55:03,117 [grpc-default-executor-1] INFO  impl.RoleInfo (RoleInfo.java:updateAndGet(143)) - 08d4cbaa-ffed-4411-a5fd-c4a38026aead: start FollowerState
2019-10-17 21:55:03,117 [grpc-default-executor-6] INFO  impl.RoleInfo (RoleInfo.java:shutdownFollowerState(121)) - da15dfee-23f0-4dc4-ad77-c00156c49cfa: shutdown FollowerState
2019-10-17 21:55:03,118 [grpc-default-executor-6] INFO  impl.RoleInfo (RoleInfo.java:updateAndGet(143)) - da15dfee-23f0-4dc4-ad77-c00156c49cfa: start FollowerState
2019-10-17 21:55:03,118 [Thread-1644] INFO  impl.FollowerState (FollowerState.java:run(117)) - da15dfee-23f0-4dc4-ad77-c00156c49cfa@group-F967393F7C93-FollowerState was interrupted: java.lang.InterruptedException: sleep interrupted
2019-10-17 21:55:03,134 [d6dfcdd7-fc6e-4b51-b91e-b64503dadc5e@group-F967393F7C93-LeaderElection162] INFO  impl.LeaderElection (LeaderElection.java:logAndReturn(56)) - d6dfcdd7-fc6e-4b51-b91e-b64503dadc5e@group-F967393F7C93-LeaderElection162: Election REJECTED; received 2 response(s) [d6dfcdd7-fc6e-4b51-b91e-b64503dadc5e<-08d4cbaa-ffed-4411-a5fd-c4a38026aead#0:FAIL-t156, d6dfcdd7-fc6e-4b51-b91e-b64503dadc5e<-da15dfee-23f0-4dc4-ad77-c00156c49cfa#0:FAIL-t156] and 0 exception(s); d6dfcdd7-fc6e-4b51-b91e-b64503dadc5e@group-F967393F7C93:t156, leader=null, voted=d6dfcdd7-fc6e-4b51-b91e-b64503dadc5e, raftlog=d6dfcdd7-fc6e-4b51-b91e-b64503dadc5e@group-F967393F7C93-SegmentedRaftLog:OPENED:c-1,f-1,i0, conf=-1: [08d4cbaa-ffed-4411-a5fd-c4a38026aead:192.168.157.223:33910, da15dfee-23f0-4dc4-ad77-c00156c49cfa:192.168.157.223:42172, d6dfcdd7-fc6e-4b51-b91e-b64503dadc5e:192.168.157.223:43575], old=null
2019-10-17 21:55:03,134 [d6dfcdd7-fc6e-4b51-b91e-b64503dadc5e@group-F967393F7C93-LeaderElection162] INFO  impl.RaftServerImpl (RaftServerImpl.java:setRole(184)) - d6dfcdd7-fc6e-4b51-b91e-b64503dadc5e@group-F967393F7C93: changes role from CANDIDATE to FOLLOWER at term 156 for DISCOVERED_A_NEW_TERM
2019-10-17 21:55:03,135 [d6dfcdd7-fc6e-4b51-b91e-b64503dadc5e@group-F967393F7C93-LeaderElection162] INFO  impl.RoleInfo (RoleInfo.java:shutdownLeaderElection(134)) - d6dfcdd7-fc6e-4b51-b91e-b64503dadc5e: shutdown LeaderElection
2019-10-17 21:55:03,135 [d6dfcdd7-fc6e-4b51-b91e-b64503dadc5e@group-F967393F7C93-LeaderElection162] INFO  impl.RoleInfo (RoleInfo.java:updateAndGet(143)) - d6dfcdd7-fc6e-4b51-b91e-b64503dadc5e: start FollowerState
2019-10-17 21:55:03,267 [java.util.concurrent.ThreadPoolExecutor$Worker@71aa17a1[State = -1, empty queue]] WARN  server.GrpcLogAppender (GrpcLogAppender.java:timeoutAppendRequest(209)) - de567563-d0dd-4cf2-91b7-f72627909699@group-3097D7458558->db0af43e-c62e-4c1d-affa-ffdb4faae2f8-GrpcLogAppender: appendEntries Timeout, request=de567563-d0dd-4cf2-91b7-f72627909699->db0af43e-c62e-4c1d-affa-ffdb4faae2f8#36-t10, previous=(t:10, i:4), leaderCommit=4, initializing? false, entries: <empty>
2019-10-17 21:55:03,287 [Thread-1652] INFO  impl.FollowerState (FollowerState.java:run(108)) - d6dfcdd7-fc6e-4b51-b91e-b64503dadc5e@group-F967393F7C93-FollowerState: change to CANDIDATE, lastRpcTime:152ms, electionTimeout:152ms
2019-10-17 21:55:03,287 [Thread-1652] INFO  impl.RoleInfo (RoleInfo.java:shutdownFollowerState(121)) - d6dfcdd7-fc6e-4b51-b91e-b64503dadc5e: shutdown FollowerState
2019-10-17 21:55:03,287 [Thread-1652] INFO  impl.RaftServerImpl (RaftServerImpl.java:setRole(184)) - d6dfcdd7-fc6e-4b51-b91e-b64503dadc5e@group-F967393F7C93: changes role from  FOLLOWER to CANDIDATE at term 156 for changeToCandidate
2019-10-17 21:55:03,288 [Thread-1652] INFO  impl.RoleInfo (RoleInfo.java:updateAndGet(143)) - d6dfcdd7-fc6e-4b51-b91e-b64503dadc5e: start LeaderElection
2019-10-17 21:55:03,290 [java.util.concurrent.ThreadPoolExecutor$Worker@53372d8e[State = -1, empty queue]] WARN  server.GrpcLogAppender (GrpcLogAppender.java:timeoutAppendRequest(209)) - fff7125c-610a-434d-b194-38800617abc4@group-4FF8CA26B826->c3d1d4b8-f513-489f-ad1a-d9e469eb6c8d-GrpcLogAppender: appendEntries Timeout, request=fff7125c-610a-434d-b194-38800617abc4->c3d1d4b8-f513-489f-ad1a-d9e469eb6c8d#46-t11, previous=(t:11, i:18), leaderCommit=18, initializing? false, entries: <empty>
2019-10-17 21:55:03,302 [d6dfcdd7-fc6e-4b51-b91e-b64503dadc5e@group-F967393F7C93-LeaderElection163] INFO  impl.LeaderElection (LeaderElection.java:askForVotes(178)) - d6dfcdd7-fc6e-4b51-b91e-b64503dadc5e@group-F967393F7C93-LeaderElection163: begin an election at term 157 for -1: [08d4cbaa-ffed-4411-a5fd-c4a38026aead:192.168.157.223:33910, da15dfee-23f0-4dc4-ad77-c00156c49cfa:192.168.157.223:42172, d6dfcdd7-fc6e-4b51-b91e-b64503dadc5e:192.168.157.223:43575], old=null
2019-10-17 21:55:03,305 [grpc-default-executor-6] INFO  impl.RaftServerImpl (RaftServerImpl.java:setRole(184)) - da15dfee-23f0-4dc4-ad77-c00156c49cfa@group-F967393F7C93: changes role from  FOLLOWER to FOLLOWER at term 157 for recognizeCandidate:d6dfcdd7-fc6e-4b51-b91e-b64503dadc5e
2019-10-17 21:55:03,305 [grpc-default-executor-6] INFO  impl.RoleInfo (RoleInfo.java:shutdownFollowerState(121)) - da15dfee-23f0-4dc4-ad77-c00156c49cfa: shutdown FollowerState
2019-10-17 21:55:03,305 [grpc-default-executor-1] INFO  impl.RaftServerImpl (RaftServerImpl.java:setRole(184)) - 08d4cbaa-ffed-4411-a5fd-c4a38026aead@group-F967393F7C93: changes role from  FOLLOWER to FOLLOWER at term 157 for recognizeCandidate:d6dfcdd7-fc6e-4b51-b91e-b64503dadc5e
2019-10-17 21:55:03,305 [Thread-1651] INFO  impl.FollowerState (FollowerState.java:run(117)) - da15dfee-23f0-4dc4-ad77-c00156c49cfa@group-F967393F7C93-FollowerState was interrupted: java.lang.InterruptedException: sleep interrupted
2019-10-17 21:55:03,305 [grpc-default-executor-6] INFO  impl.RoleInfo (RoleInfo.java:updateAndGet(143)) - da15dfee-23f0-4dc4-ad77-c00156c49cfa: start FollowerState
2019-10-17 21:55:03,305 [grpc-default-executor-1] INFO  impl.RoleInfo (RoleInfo.java:shutdownFollowerState(121)) - 08d4cbaa-ffed-4411-a5fd-c4a38026aead: shutdown FollowerState
2019-10-17 21:55:03,306 [grpc-default-executor-1] INFO  impl.RoleInfo (RoleInfo.java:updateAndGet(143)) - 08d4cbaa-ffed-4411-a5fd-c4a38026aead: start FollowerState
2019-10-17 21:55:03,306 [Thread-1650] INFO  impl.FollowerState (FollowerState.java:run(117)) - 08d4cbaa-ffed-4411-a5fd-c4a38026aead@group-F967393F7C93-FollowerState was interrupted: java.lang.InterruptedException: sleep interrupted
2019-10-17 21:55:03,320 [d6dfcdd7-fc6e-4b51-b91e-b64503dadc5e@group-F967393F7C93-LeaderElection163] INFO  impl.LeaderElection (LeaderElection.java:logAndReturn(56)) - d6dfcdd7-fc6e-4b51-b91e-b64503dadc5e@group-F967393F7C93-LeaderElection163: Election REJECTED; received 2 response(s) [d6dfcdd7-fc6e-4b51-b91e-b64503dadc5e<-08d4cbaa-ffed-4411-a5fd-c4a38026aead#0:FAIL-t157, d6dfcdd7-fc6e-4b51-b91e-b64503dadc5e<-da15dfee-23f0-4dc4-ad77-c00156c49cfa#0:FAIL-t157] and 0 exception(s); d6dfcdd7-fc6e-4b51-b91e-b64503dadc5e@group-F967393F7C93:t157, leader=null, voted=d6dfcdd7-fc6e-4b51-b91e-b64503dadc5e, raftlog=d6dfcdd7-fc6e-4b51-b91e-b64503dadc5e@group-F967393F7C93-SegmentedRaftLog:OPENED:c-1,f-1,i0, conf=-1: [08d4cbaa-ffed-4411-a5fd-c4a38026aead:192.168.157.223:33910, da15dfee-23f0-4dc4-ad77-c00156c49cfa:192.168.157.223:42172, d6dfcdd7-fc6e-4b51-b91e-b64503dadc5e:192.168.157.223:43575], old=null
2019-10-17 21:55:03,320 [d6dfcdd7-fc6e-4b51-b91e-b64503dadc5e@group-F967393F7C93-LeaderElection163] INFO  impl.RaftServerImpl (RaftServerImpl.java:setRole(184)) - d6dfcdd7-fc6e-4b51-b91e-b64503dadc5e@group-F967393F7C93: changes role from CANDIDATE to FOLLOWER at term 157 for DISCOVERED_A_NEW_TERM
2019-10-17 21:55:03,321 [d6dfcdd7-fc6e-4b51-b91e-b64503dadc5e@group-F967393F7C93-LeaderElection163] INFO  impl.RoleInfo (RoleInfo.java:shutdownLeaderElection(134)) - d6dfcdd7-fc6e-4b51-b91e-b64503dadc5e: shutdown LeaderElection
2019-10-17 21:55:03,321 [d6dfcdd7-fc6e-4b51-b91e-b64503dadc5e@group-F967393F7C93-LeaderElection163] INFO  impl.RoleInfo (RoleInfo.java:updateAndGet(143)) - d6dfcdd7-fc6e-4b51-b91e-b64503dadc5e: start FollowerState
2019-10-17 21:55:03,368 [Thread-1660] INFO  impl.FollowerState (FollowerState.java:run(108)) - d6dfcdd7-fc6e-4b51-b91e-b64503dadc5e@group-F967393F7C93-FollowerState: change to CANDIDATE, lastRpcTime:47ms, electionTimeout:47ms
2019-10-17 21:55:03,368 [Thread-1660] INFO  impl.RoleInfo (RoleInfo.java:shutdownFollowerState(121)) - d6dfcdd7-fc6e-4b51-b91e-b64503dadc5e: shutdown FollowerState
2019-10-17 21:55:03,368 [Thread-1660] INFO  impl.RaftServerImpl (RaftServerImpl.java:setRole(184)) - d6dfcdd7-fc6e-4b51-b91e-b64503dadc5e@group-F967393F7C93: changes role from  FOLLOWER to CANDIDATE at term 157 for changeToCandidate
2019-10-17 21:55:03,369 [Thread-1660] INFO  impl.RoleInfo (RoleInfo.java:updateAndGet(143)) - d6dfcdd7-fc6e-4b51-b91e-b64503dadc5e: start LeaderElection
2019-10-17 21:55:03,382 [d6dfcdd7-fc6e-4b51-b91e-b64503dadc5e@group-F967393F7C93-LeaderElection164] INFO  impl.LeaderElection (LeaderElection.java:askForVotes(178)) - d6dfcdd7-fc6e-4b51-b91e-b64503dadc5e@group-F967393F7C93-LeaderElection164: begin an election at term 158 for -1: [08d4cbaa-ffed-4411-a5fd-c4a38026aead:192.168.157.223:33910, da15dfee-23f0-4dc4-ad77-c00156c49cfa:192.168.157.223:42172, d6dfcdd7-fc6e-4b51-b91e-b64503dadc5e:192.168.157.223:43575], old=null
2019-10-17 21:55:03,385 [grpc-default-executor-1] INFO  impl.RaftServerImpl (RaftServerImpl.java:setRole(184)) - 08d4cbaa-ffed-4411-a5fd-c4a38026aead@group-F967393F7C93: changes role from  FOLLOWER to FOLLOWER at term 158 for recognizeCandidate:d6dfcdd7-fc6e-4b51-b91e-b64503dadc5e
2019-10-17 21:55:03,385 [grpc-default-executor-6] INFO  impl.RaftServerImpl (RaftServerImpl.java:setRole(184)) - da15dfee-23f0-4dc4-ad77-c00156c49cfa@group-F967393F7C93: changes role from  FOLLOWER to FOLLOWER at term 158 for recognizeCandidate:d6dfcdd7-fc6e-4b51-b91e-b64503dadc5e
2019-10-17 21:55:03,386 [grpc-default-executor-6] INFO  impl.RoleInfo (RoleInfo.java:shutdownFollowerState(121)) - da15dfee-23f0-4dc4-ad77-c00156c49cfa: shutdown FollowerState
2019-10-17 21:55:03,385 [grpc-default-executor-1] INFO  impl.RoleInfo (RoleInfo.java:shutdownFollowerState(121)) - 08d4cbaa-ffed-4411-a5fd-c4a38026aead: shutdown FollowerState
2019-10-17 21:55:03,386 [Thread-1657] INFO  impl.FollowerState (FollowerState.java:run(117)) - da15dfee-23f0-4dc4-ad77-c00156c49cfa@group-F967393F7C93-FollowerState was interrupted: java.lang.InterruptedException: sleep interrupted
2019-10-17 21:55:03,386 [grpc-default-executor-6] INFO  impl.RoleInfo (RoleInfo.java:updateAndGet(143)) - da15dfee-23f0-4dc4-ad77-c00156c49cfa: start FollowerState
2019-10-17 21:55:03,386 [Thread-1658] INFO  impl.FollowerState (FollowerState.java:run(117)) - 08d4cbaa-ffed-4411-a5fd-c4a38026aead@group-F967393F7C93-FollowerState was interrupted: java.lang.InterruptedException: sleep interrupted
2019-10-17 21:55:03,386 [grpc-default-executor-1] INFO  impl.RoleInfo (RoleInfo.java:updateAndGet(143)) - 08d4cbaa-ffed-4411-a5fd-c4a38026aead: start FollowerState
2019-10-17 21:55:03,401 [d6dfcdd7-fc6e-4b51-b91e-b64503dadc5e@group-F967393F7C93-LeaderElection164] INFO  impl.LeaderElection (LeaderElection.java:logAndReturn(56)) - d6dfcdd7-fc6e-4b51-b91e-b64503dadc5e@group-F967393F7C93-LeaderElection164: Election REJECTED; received 2 response(s) [d6dfcdd7-fc6e-4b51-b91e-b64503dadc5e<-08d4cbaa-ffed-4411-a5fd-c4a38026aead#0:FAIL-t158, d6dfcdd7-fc6e-4b51-b91e-b64503dadc5e<-da15dfee-23f0-4dc4-ad77-c00156c49cfa#0:FAIL-t158] and 0 exception(s); d6dfcdd7-fc6e-4b51-b91e-b64503dadc5e@group-F967393F7C93:t158, leader=null, voted=d6dfcdd7-fc6e-4b51-b91e-b64503dadc5e, raftlog=d6dfcdd7-fc6e-4b51-b91e-b64503dadc5e@group-F967393F7C93-SegmentedRaftLog:OPENED:c-1,f-1,i0, conf=-1: [08d4cbaa-ffed-4411-a5fd-c4a38026aead:192.168.157.223:33910, da15dfee-23f0-4dc4-ad77-c00156c49cfa:192.168.157.223:42172, d6dfcdd7-fc6e-4b51-b91e-b64503dadc5e:192.168.157.223:43575], old=null
2019-10-17 21:55:03,401 [d6dfcdd7-fc6e-4b51-b91e-b64503dadc5e@group-F967393F7C93-LeaderElection164] INFO  impl.RaftServerImpl (RaftServerImpl.java:setRole(184)) - d6dfcdd7-fc6e-4b51-b91e-b64503dadc5e@group-F967393F7C93: changes role from CANDIDATE to FOLLOWER at term 158 for DISCOVERED_A_NEW_TERM
2019-10-17 21:55:03,401 [d6dfcdd7-fc6e-4b51-b91e-b64503dadc5e@group-F967393F7C93-LeaderElection164] INFO  impl.RoleInfo (RoleInfo.java:shutdownLeaderElection(134)) - d6dfcdd7-fc6e-4b51-b91e-b64503dadc5e: shutdown LeaderElection
2019-10-17 21:55:03,401 [d6dfcdd7-fc6e-4b51-b91e-b64503dadc5e@group-F967393F7C93-LeaderElection164] INFO  impl.RoleInfo (RoleInfo.java:updateAndGet(143)) - d6dfcdd7-fc6e-4b51-b91e-b64503dadc5e: start FollowerState
2019-10-17 21:55:03,540 [Thread-1666] INFO  impl.FollowerState (FollowerState.java:run(108)) - d6dfcdd7-fc6e-4b51-b91e-b64503dadc5e@group-F967393F7C93-FollowerState: change to CANDIDATE, lastRpcTime:138ms, electionTimeout:138ms
2019-10-17 21:55:03,540 [Thread-1666] INFO  impl.RoleInfo (RoleInfo.java:shutdownFollowerState(121)) - d6dfcdd7-fc6e-4b51-b91e-b64503dadc5e: shutdown FollowerState
2019-10-17 21:55:03,540 [Thread-1666] INFO  impl.RaftServerImpl (RaftServerImpl.java:setRole(184)) - d6dfcdd7-fc6e-4b51-b91e-b64503dadc5e@group-F967393F7C93: changes role from  FOLLOWER to CANDIDATE at term 158 for changeToCandidate
2019-10-17 21:55:03,549 [Thread-1666] INFO  impl.RoleInfo (RoleInfo.java:updateAndGet(143)) - d6dfcdd7-fc6e-4b51-b91e-b64503dadc5e: start LeaderElection
2019-10-17 21:55:03,563 [d6dfcdd7-fc6e-4b51-b91e-b64503dadc5e@group-F967393F7C93-LeaderElection165] INFO  impl.LeaderElection (LeaderElection.java:askForVotes(178)) - d6dfcdd7-fc6e-4b51-b91e-b64503dadc5e@group-F967393F7C93-LeaderElection165: begin an election at term 159 for -1: [08d4cbaa-ffed-4411-a5fd-c4a38026aead:192.168.157.223:33910, da15dfee-23f0-4dc4-ad77-c00156c49cfa:192.168.157.223:42172, d6dfcdd7-fc6e-4b51-b91e-b64503dadc5e:192.168.157.223:43575], old=null
2019-10-17 21:55:03,575 [grpc-default-executor-6] INFO  impl.RaftServerImpl (RaftServerImpl.java:setRole(184)) - 08d4cbaa-ffed-4411-a5fd-c4a38026aead@group-F967393F7C93: changes role from  FOLLOWER to FOLLOWER at term 159 for recognizeCandidate:d6dfcdd7-fc6e-4b51-b91e-b64503dadc5e
2019-10-17 21:55:03,575 [grpc-default-executor-6] INFO  impl.RoleInfo (RoleInfo.java:shutdownFollowerState(121)) - 08d4cbaa-ffed-4411-a5fd-c4a38026aead: shutdown FollowerState
2019-10-17 21:55:03,575 [grpc-default-executor-1] INFO  impl.RaftServerImpl (RaftServerImpl.java:setRole(184)) - da15dfee-23f0-4dc4-ad77-c00156c49cfa@group-F967393F7C93: changes role from  FOLLOWER to FOLLOWER at term 159 for recognizeCandidate:d6dfcdd7-fc6e-4b51-b91e-b64503dadc5e
2019-10-17 21:55:03,575 [Thread-1665] INFO  impl.FollowerState (FollowerState.java:run(117)) - 08d4cbaa-ffed-4411-a5fd-c4a38026aead@group-F967393F7C93-FollowerState was interrupted: java.lang.InterruptedException: sleep interrupted
2019-10-17 21:55:03,575 [grpc-default-executor-6] INFO  impl.RoleInfo (RoleInfo.java:updateAndGet(143)) - 08d4cbaa-ffed-4411-a5fd-c4a38026aead: start FollowerState
2019-10-17 21:55:03,576 [grpc-default-executor-1] INFO  impl.RoleInfo (RoleInfo.java:shutdownFollowerState(121)) - da15dfee-23f0-4dc4-ad77-c00156c49cfa: shutdown FollowerState
2019-10-17 21:55:03,576 [grpc-default-executor-1] INFO  impl.RoleInfo (RoleInfo.java:updateAndGet(143)) - da15dfee-23f0-4dc4-ad77-c00156c49cfa: start FollowerState
2019-10-17 21:55:03,576 [Thread-1664] INFO  impl.FollowerState (FollowerState.java:run(117)) - da15dfee-23f0-4dc4-ad77-c00156c49cfa@group-F967393F7C93-FollowerState was interrupted: java.lang.InterruptedException: sleep interrupted
2019-10-17 21:55:03,606 [d6dfcdd7-fc6e-4b51-b91e-b64503dadc5e@group-F967393F7C93-LeaderElection165] INFO  impl.LeaderElection (LeaderElection.java:logAndReturn(56)) - d6dfcdd7-fc6e-4b51-b91e-b64503dadc5e@group-F967393F7C93-LeaderElection165: Election REJECTED; received 2 response(s) [d6dfcdd7-fc6e-4b51-b91e-b64503dadc5e<-08d4cbaa-ffed-4411-a5fd-c4a38026aead#0:FAIL-t159, d6dfcdd7-fc6e-4b51-b91e-b64503dadc5e<-da15dfee-23f0-4dc4-ad77-c00156c49cfa#0:FAIL-t159] and 0 exception(s); d6dfcdd7-fc6e-4b51-b91e-b64503dadc5e@group-F967393F7C93:t159, leader=null, voted=d6dfcdd7-fc6e-4b51-b91e-b64503dadc5e, raftlog=d6dfcdd7-fc6e-4b51-b91e-b64503dadc5e@group-F967393F7C93-SegmentedRaftLog:OPENED:c-1,f-1,i0, conf=-1: [08d4cbaa-ffed-4411-a5fd-c4a38026aead:192.168.157.223:33910, da15dfee-23f0-4dc4-ad77-c00156c49cfa:192.168.157.223:42172, d6dfcdd7-fc6e-4b51-b91e-b64503dadc5e:192.168.157.223:43575], old=null
2019-10-17 21:55:03,608 [d6dfcdd7-fc6e-4b51-b91e-b64503dadc5e@group-F967393F7C93-LeaderElection165] INFO  impl.RaftServerImpl (RaftServerImpl.java:setRole(184)) - d6dfcdd7-fc6e-4b51-b91e-b64503dadc5e@group-F967393F7C93: changes role from CANDIDATE to FOLLOWER at term 159 for DISCOVERED_A_NEW_TERM
2019-10-17 21:55:03,608 [d6dfcdd7-fc6e-4b51-b91e-b64503dadc5e@group-F967393F7C93-LeaderElection165] INFO  impl.RoleInfo (RoleInfo.java:shutdownLeaderElection(134)) - d6dfcdd7-fc6e-4b51-b91e-b64503dadc5e: shutdown LeaderElection
2019-10-17 21:55:03,608 [d6dfcdd7-fc6e-4b51-b91e-b64503dadc5e@group-F967393F7C93-LeaderElection165] INFO  impl.RoleInfo (RoleInfo.java:updateAndGet(143)) - d6dfcdd7-fc6e-4b51-b91e-b64503dadc5e: start FollowerState
2019-10-17 21:55:03,657 [Thread-1672] INFO  impl.FollowerState (FollowerState.java:run(108)) - d6dfcdd7-fc6e-4b51-b91e-b64503dadc5e@group-F967393F7C93-FollowerState: change to CANDIDATE, lastRpcTime:48ms, electionTimeout:48ms
2019-10-17 21:55:03,657 [Thread-1672] INFO  impl.RoleInfo (RoleInfo.java:shutdownFollowerState(121)) - d6dfcdd7-fc6e-4b51-b91e-b64503dadc5e: shutdown FollowerState
2019-10-17 21:55:03,657 [Thread-1672] INFO  impl.RaftServerImpl (RaftServerImpl.java:setRole(184)) - d6dfcdd7-fc6e-4b51-b91e-b64503dadc5e@group-F967393F7C93: changes role from  FOLLOWER to CANDIDATE at term 159 for changeToCandidate
2019-10-17 21:55:03,669 [Thread-1672] INFO  impl.RoleInfo (RoleInfo.java:updateAndGet(143)) - d6dfcdd7-fc6e-4b51-b91e-b64503dadc5e: start LeaderElection
2019-10-17 21:55:03,681 [d6dfcdd7-fc6e-4b51-b91e-b64503dadc5e@group-F967393F7C93-LeaderElection166] INFO  impl.LeaderElection (LeaderElection.java:askForVotes(178)) - d6dfcdd7-fc6e-4b51-b91e-b64503dadc5e@group-F967393F7C93-LeaderElection166: begin an election at term 160 for -1: [08d4cbaa-ffed-4411-a5fd-c4a38026aead:192.168.157.223:33910, da15dfee-23f0-4dc4-ad77-c00156c49cfa:192.168.157.223:42172, d6dfcdd7-fc6e-4b51-b91e-b64503dadc5e:192.168.157.223:43575], old=null
2019-10-17 21:55:03,686 [grpc-default-executor-1] INFO  impl.RaftServerImpl (RaftServerImpl.java:setRole(184)) - 08d4cbaa-ffed-4411-a5fd-c4a38026aead@group-F967393F7C93: changes role from  FOLLOWER to FOLLOWER at term 160 for recognizeCandidate:d6dfcdd7-fc6e-4b51-b91e-b64503dadc5e
2019-10-17 21:55:03,686 [grpc-default-executor-1] INFO  impl.RoleInfo (RoleInfo.java:shutdownFollowerState(121)) - 08d4cbaa-ffed-4411-a5fd-c4a38026aead: shutdown FollowerState
2019-10-17 21:55:03,686 [grpc-default-executor-6] INFO  impl.RaftServerImpl (RaftServerImpl.java:setRole(184)) - da15dfee-23f0-4dc4-ad77-c00156c49cfa@group-F967393F7C93: changes role from  FOLLOWER to FOLLOWER at term 160 for recognizeCandidate:d6dfcdd7-fc6e-4b51-b91e-b64503dadc5e
2019-10-17 21:55:03,686 [grpc-default-executor-6] INFO  impl.RoleInfo (RoleInfo.java:shutdownFollowerState(121)) - da15dfee-23f0-4dc4-ad77-c00156c49cfa: shutdown FollowerState
2019-10-17 21:55:03,699 [grpc-default-executor-6] INFO  impl.RoleInfo (RoleInfo.java:updateAndGet(143)) - da15dfee-23f0-4dc4-ad77-c00156c49cfa: start FollowerState
2019-10-17 21:55:03,699 [Thread-1670] INFO  impl.FollowerState (FollowerState.java:run(117)) - 08d4cbaa-ffed-4411-a5fd-c4a38026aead@group-F967393F7C93-FollowerState was interrupted: java.lang.InterruptedException: sleep interrupted
2019-10-17 21:55:03,699 [grpc-default-executor-1] INFO  impl.RoleInfo (RoleInfo.java:updateAndGet(143)) - 08d4cbaa-ffed-4411-a5fd-c4a38026aead: start FollowerState
2019-10-17 21:55:03,699 [Thread-1671] INFO  impl.FollowerState (FollowerState.java:run(117)) - da15dfee-23f0-4dc4-ad77-c00156c49cfa@group-F967393F7C93-FollowerState was interrupted: java.lang.InterruptedException: sleep interrupted
2019-10-17 21:55:03,715 [d6dfcdd7-fc6e-4b51-b91e-b64503dadc5e@group-F967393F7C93-LeaderElection166] INFO  impl.LeaderElection (LeaderElection.java:logAndReturn(56)) - d6dfcdd7-fc6e-4b51-b91e-b64503dadc5e@group-F967393F7C93-LeaderElection166: Election REJECTED; received 2 response(s) [d6dfcdd7-fc6e-4b51-b91e-b64503dadc5e<-08d4cbaa-ffed-4411-a5fd-c4a38026aead#0:FAIL-t160, d6dfcdd7-fc6e-4b51-b91e-b64503dadc5e<-da15dfee-23f0-4dc4-ad77-c00156c49cfa#0:FAIL-t160] and 0 exception(s); d6dfcdd7-fc6e-4b51-b91e-b64503dadc5e@group-F967393F7C93:t160, leader=null, voted=d6dfcdd7-fc6e-4b51-b91e-b64503dadc5e, raftlog=d6dfcdd7-fc6e-4b51-b91e-b64503dadc5e@group-F967393F7C93-SegmentedRaftLog:OPENED:c-1,f-1,i0, conf=-1: [08d4cbaa-ffed-4411-a5fd-c4a38026aead:192.168.157.223:33910, da15dfee-23f0-4dc4-ad77-c00156c49cfa:192.168.157.223:42172, d6dfcdd7-fc6e-4b51-b91e-b64503dadc5e:192.168.157.223:43575], old=null
2019-10-17 21:55:03,716 [d6dfcdd7-fc6e-4b51-b91e-b64503dadc5e@group-F967393F7C93-LeaderElection166] INFO  impl.RaftServerImpl (RaftServerImpl.java:setRole(184)) - d6dfcdd7-fc6e-4b51-b91e-b64503dadc5e@group-F967393F7C93: changes role from CANDIDATE to FOLLOWER at term 160 for DISCOVERED_A_NEW_TERM
2019-10-17 21:55:03,716 [d6dfcdd7-fc6e-4b51-b91e-b64503dadc5e@group-F967393F7C93-LeaderElection166] INFO  impl.RoleInfo (RoleInfo.java:shutdownLeaderElection(134)) - d6dfcdd7-fc6e-4b51-b91e-b64503dadc5e: shutdown LeaderElection
2019-10-17 21:55:03,716 [d6dfcdd7-fc6e-4b51-b91e-b64503dadc5e@group-F967393F7C93-LeaderElection166] INFO  impl.RoleInfo (RoleInfo.java:updateAndGet(143)) - d6dfcdd7-fc6e-4b51-b91e-b64503dadc5e: start FollowerState
2019-10-17 21:55:03,767 [java.util.concurrent.ThreadPoolExecutor$Worker@71aa17a1[State = -1, empty queue]] WARN  server.GrpcLogAppender (GrpcLogAppender.java:timeoutAppendRequest(209)) - de567563-d0dd-4cf2-91b7-f72627909699@group-3097D7458558->db0af43e-c62e-4c1d-affa-ffdb4faae2f8-GrpcLogAppender: appendEntries Timeout, request=de567563-d0dd-4cf2-91b7-f72627909699->db0af43e-c62e-4c1d-affa-ffdb4faae2f8#37-t10, previous=(t:10, i:4), leaderCommit=4, initializing? false, entries: <empty>
2019-10-17 21:55:03,791 [java.util.concurrent.ThreadPoolExecutor$Worker@53372d8e[State = -1, empty queue]] WARN  server.GrpcLogAppender (GrpcLogAppender.java:timeoutAppendRequest(209)) - fff7125c-610a-434d-b194-38800617abc4@group-4FF8CA26B826->c3d1d4b8-f513-489f-ad1a-d9e469eb6c8d-GrpcLogAppender: appendEntries Timeout, request=fff7125c-610a-434d-b194-38800617abc4->c3d1d4b8-f513-489f-ad1a-d9e469eb6c8d#47-t11, previous=(t:11, i:18), leaderCommit=18, initializing? false, entries: <empty>
2019-10-17 21:55:03,830 [Thread-1678] INFO  impl.FollowerState (FollowerState.java:run(108)) - d6dfcdd7-fc6e-4b51-b91e-b64503dadc5e@group-F967393F7C93-FollowerState: change to CANDIDATE, lastRpcTime:114ms, electionTimeout:114ms
2019-10-17 21:55:03,830 [Thread-1678] INFO  impl.RoleInfo (RoleInfo.java:shutdownFollowerState(121)) - d6dfcdd7-fc6e-4b51-b91e-b64503dadc5e: shutdown FollowerState
2019-10-17 21:55:03,830 [Thread-1678] INFO  impl.RaftServerImpl (RaftServerImpl.java:setRole(184)) - d6dfcdd7-fc6e-4b51-b91e-b64503dadc5e@group-F967393F7C93: changes role from  FOLLOWER to CANDIDATE at term 160 for changeToCandidate
2019-10-17 21:55:03,831 [Thread-1678] INFO  impl.RoleInfo (RoleInfo.java:updateAndGet(143)) - d6dfcdd7-fc6e-4b51-b91e-b64503dadc5e: start LeaderElection
2019-10-17 21:55:03,844 [d6dfcdd7-fc6e-4b51-b91e-b64503dadc5e@group-F967393F7C93-LeaderElection167] INFO  impl.LeaderElection (LeaderElection.java:askForVotes(178)) - d6dfcdd7-fc6e-4b51-b91e-b64503dadc5e@group-F967393F7C93-LeaderElection167: begin an election at term 161 for -1: [08d4cbaa-ffed-4411-a5fd-c4a38026aead:192.168.157.223:33910, da15dfee-23f0-4dc4-ad77-c00156c49cfa:192.168.157.223:42172, d6dfcdd7-fc6e-4b51-b91e-b64503dadc5e:192.168.157.223:43575], old=null
2019-10-17 21:55:03,848 [grpc-default-executor-6] INFO  impl.RaftServerImpl (RaftServerImpl.java:setRole(184)) - 08d4cbaa-ffed-4411-a5fd-c4a38026aead@group-F967393F7C93: changes role from  FOLLOWER to FOLLOWER at term 161 for recognizeCandidate:d6dfcdd7-fc6e-4b51-b91e-b64503dadc5e
2019-10-17 21:55:03,848 [grpc-default-executor-6] INFO  impl.RoleInfo (RoleInfo.java:shutdownFollowerState(121)) - 08d4cbaa-ffed-4411-a5fd-c4a38026aead: shutdown FollowerState
2019-10-17 21:55:03,848 [grpc-default-executor-1] INFO  impl.RaftServerImpl (RaftServerImpl.java:setRole(184)) - da15dfee-23f0-4dc4-ad77-c00156c49cfa@group-F967393F7C93: changes role from  FOLLOWER to FOLLOWER at term 161 for recognizeCandidate:d6dfcdd7-fc6e-4b51-b91e-b64503dadc5e
2019-10-17 21:55:03,848 [Thread-1677] INFO  impl.FollowerState (FollowerState.java:run(117)) - 08d4cbaa-ffed-4411-a5fd-c4a38026aead@group-F967393F7C93-FollowerState was interrupted: java.lang.InterruptedException: sleep interrupted
2019-10-17 21:55:03,848 [grpc-default-executor-6] INFO  impl.RoleInfo (RoleInfo.java:updateAndGet(143)) - 08d4cbaa-ffed-4411-a5fd-c4a38026aead: start FollowerState
2019-10-17 21:55:03,849 [grpc-default-executor-1] INFO  impl.RoleInfo (RoleInfo.java:shutdownFollowerState(121)) - da15dfee-23f0-4dc4-ad77-c00156c49cfa: shutdown FollowerState
2019-10-17 21:55:03,849 [grpc-default-executor-1] INFO  impl.RoleInfo (RoleInfo.java:updateAndGet(143)) - da15dfee-23f0-4dc4-ad77-c00156c49cfa: start FollowerState
2019-10-17 21:55:03,849 [Thread-1676] INFO  impl.FollowerState (FollowerState.java:run(117)) - da15dfee-23f0-4dc4-ad77-c00156c49cfa@group-F967393F7C93-FollowerState was interrupted: java.lang.InterruptedException: sleep interrupted
2019-10-17 21:55:03,864 [d6dfcdd7-fc6e-4b51-b91e-b64503dadc5e@group-F967393F7C93-LeaderElection167] INFO  impl.LeaderElection (LeaderElection.java:logAndReturn(56)) - d6dfcdd7-fc6e-4b51-b91e-b64503dadc5e@group-F967393F7C93-LeaderElection167: Election REJECTED; received 2 response(s) [d6dfcdd7-fc6e-4b51-b91e-b64503dadc5e<-08d4cbaa-ffed-4411-a5fd-c4a38026aead#0:FAIL-t161, d6dfcdd7-fc6e-4b51-b91e-b64503dadc5e<-da15dfee-23f0-4dc4-ad77-c00156c49cfa#0:FAIL-t161] and 0 exception(s); d6dfcdd7-fc6e-4b51-b91e-b64503dadc5e@group-F967393F7C93:t161, leader=null, voted=d6dfcdd7-fc6e-4b51-b91e-b64503dadc5e, raftlog=d6dfcdd7-fc6e-4b51-b91e-b64503dadc5e@group-F967393F7C93-SegmentedRaftLog:OPENED:c-1,f-1,i0, conf=-1: [08d4cbaa-ffed-4411-a5fd-c4a38026aead:192.168.157.223:33910, da15dfee-23f0-4dc4-ad77-c00156c49cfa:192.168.157.223:42172, d6dfcdd7-fc6e-4b51-b91e-b64503dadc5e:192.168.157.223:43575], old=null
2019-10-17 21:55:03,864 [d6dfcdd7-fc6e-4b51-b91e-b64503dadc5e@group-F967393F7C93-LeaderElection167] INFO  impl.RaftServerImpl (RaftServerImpl.java:setRole(184)) - d6dfcdd7-fc6e-4b51-b91e-b64503dadc5e@group-F967393F7C93: changes role from CANDIDATE to FOLLOWER at term 161 for DISCOVERED_A_NEW_TERM
2019-10-17 21:55:03,864 [d6dfcdd7-fc6e-4b51-b91e-b64503dadc5e@group-F967393F7C93-LeaderElection167] INFO  impl.RoleInfo (RoleInfo.java:shutdownLeaderElection(134)) - d6dfcdd7-fc6e-4b51-b91e-b64503dadc5e: shutdown LeaderElection
2019-10-17 21:55:03,864 [d6dfcdd7-fc6e-4b51-b91e-b64503dadc5e@group-F967393F7C93-LeaderElection167] INFO  impl.RoleInfo (RoleInfo.java:updateAndGet(143)) - d6dfcdd7-fc6e-4b51-b91e-b64503dadc5e: start FollowerState
2019-10-17 21:55:03,866 [Thread-1686] INFO  impl.FollowerState (FollowerState.java:run(108)) - d6dfcdd7-fc6e-4b51-b91e-b64503dadc5e@group-F967393F7C93-FollowerState: change to CANDIDATE, lastRpcTime:1ms, electionTimeout:1ms
2019-10-17 21:55:03,866 [Thread-1686] INFO  impl.RoleInfo (RoleInfo.java:shutdownFollowerState(121)) - d6dfcdd7-fc6e-4b51-b91e-b64503dadc5e: shutdown FollowerState
2019-10-17 21:55:03,866 [Thread-1686] INFO  impl.RaftServerImpl (RaftServerImpl.java:setRole(184)) - d6dfcdd7-fc6e-4b51-b91e-b64503dadc5e@group-F967393F7C93: changes role from  FOLLOWER to CANDIDATE at term 161 for changeToCandidate
2019-10-17 21:55:03,866 [Thread-1686] INFO  impl.RoleInfo (RoleInfo.java:updateAndGet(143)) - d6dfcdd7-fc6e-4b51-b91e-b64503dadc5e: start LeaderElection
2019-10-17 21:55:03,881 [d6dfcdd7-fc6e-4b51-b91e-b64503dadc5e@group-F967393F7C93-LeaderElection168] INFO  impl.LeaderElection (LeaderElection.java:askForVotes(178)) - d6dfcdd7-fc6e-4b51-b91e-b64503dadc5e@group-F967393F7C93-LeaderElection168: begin an election at term 162 for -1: [08d4cbaa-ffed-4411-a5fd-c4a38026aead:192.168.157.223:33910, da15dfee-23f0-4dc4-ad77-c00156c49cfa:192.168.157.223:42172, d6dfcdd7-fc6e-4b51-b91e-b64503dadc5e:192.168.157.223:43575], old=null
2019-10-17 21:55:03,883 [grpc-default-executor-1] INFO  impl.RaftServerImpl (RaftServerImpl.java:setRole(184)) - 08d4cbaa-ffed-4411-a5fd-c4a38026aead@group-F967393F7C93: changes role from  FOLLOWER to FOLLOWER at term 162 for recognizeCandidate:d6dfcdd7-fc6e-4b51-b91e-b64503dadc5e
2019-10-17 21:55:03,883 [grpc-default-executor-1] INFO  impl.RoleInfo (RoleInfo.java:shutdownFollowerState(121)) - 08d4cbaa-ffed-4411-a5fd-c4a38026aead: shutdown FollowerState
2019-10-17 21:55:03,883 [grpc-default-executor-1] INFO  impl.RoleInfo (RoleInfo.java:updateAndGet(143)) - 08d4cbaa-ffed-4411-a5fd-c4a38026aead: start FollowerState
2019-10-17 21:55:03,883 [Thread-1684] INFO  impl.FollowerState (FollowerState.java:run(117)) - 08d4cbaa-ffed-4411-a5fd-c4a38026aead@group-F967393F7C93-FollowerState was interrupted: java.lang.InterruptedException: sleep interrupted
2019-10-17 21:55:03,884 [grpc-default-executor-6] INFO  impl.RaftServerImpl (RaftServerImpl.java:setRole(184)) - da15dfee-23f0-4dc4-ad77-c00156c49cfa@group-F967393F7C93: changes role from  FOLLOWER to FOLLOWER at term 162 for recognizeCandidate:d6dfcdd7-fc6e-4b51-b91e-b64503dadc5e
2019-10-17 21:55:03,884 [grpc-default-executor-6] INFO  impl.RoleInfo (RoleInfo.java:shutdownFollowerState(121)) - da15dfee-23f0-4dc4-ad77-c00156c49cfa: shutdown FollowerState
2019-10-17 21:55:03,884 [grpc-default-executor-6] INFO  impl.RoleInfo (RoleInfo.java:updateAndGet(143)) - da15dfee-23f0-4dc4-ad77-c00156c49cfa: start FollowerState
2019-10-17 21:55:03,884 [Thread-1685] INFO  impl.FollowerState (FollowerState.java:run(117)) - da15dfee-23f0-4dc4-ad77-c00156c49cfa@group-F967393F7C93-FollowerState was interrupted: java.lang.InterruptedException: sleep interrupted
2019-10-17 21:55:03,897 [d6dfcdd7-fc6e-4b51-b91e-b64503dadc5e@group-F967393F7C93-LeaderElection168] INFO  impl.LeaderElection (LeaderElection.java:logAndReturn(56)) - d6dfcdd7-fc6e-4b51-b91e-b64503dadc5e@group-F967393F7C93-LeaderElection168: Election REJECTED; received 2 response(s) [d6dfcdd7-fc6e-4b51-b91e-b64503dadc5e<-08d4cbaa-ffed-4411-a5fd-c4a38026aead#0:FAIL-t162, d6dfcdd7-fc6e-4b51-b91e-b64503dadc5e<-da15dfee-23f0-4dc4-ad77-c00156c49cfa#0:FAIL-t162] and 0 exception(s); d6dfcdd7-fc6e-4b51-b91e-b64503dadc5e@group-F967393F7C93:t162, leader=null, voted=d6dfcdd7-fc6e-4b51-b91e-b64503dadc5e, raftlog=d6dfcdd7-fc6e-4b51-b91e-b64503dadc5e@group-F967393F7C93-SegmentedRaftLog:OPENED:c-1,f-1,i0, conf=-1: [08d4cbaa-ffed-4411-a5fd-c4a38026aead:192.168.157.223:33910, da15dfee-23f0-4dc4-ad77-c00156c49cfa:192.168.157.223:42172, d6dfcdd7-fc6e-4b51-b91e-b64503dadc5e:192.168.157.223:43575], old=null
2019-10-17 21:55:03,897 [d6dfcdd7-fc6e-4b51-b91e-b64503dadc5e@group-F967393F7C93-LeaderElection168] INFO  impl.RaftServerImpl (RaftServerImpl.java:setRole(184)) - d6dfcdd7-fc6e-4b51-b91e-b64503dadc5e@group-F967393F7C93: changes role from CANDIDATE to FOLLOWER at term 162 for DISCOVERED_A_NEW_TERM
2019-10-17 21:55:03,898 [d6dfcdd7-fc6e-4b51-b91e-b64503dadc5e@group-F967393F7C93-LeaderElection168] INFO  impl.RoleInfo (RoleInfo.java:shutdownLeaderElection(134)) - d6dfcdd7-fc6e-4b51-b91e-b64503dadc5e: shutdown LeaderElection
2019-10-17 21:55:03,898 [d6dfcdd7-fc6e-4b51-b91e-b64503dadc5e@group-F967393F7C93-LeaderElection168] INFO  impl.RoleInfo (RoleInfo.java:updateAndGet(143)) - d6dfcdd7-fc6e-4b51-b91e-b64503dadc5e: start FollowerState
2019-10-17 21:55:04,025 [Thread-1692] INFO  impl.FollowerState (FollowerState.java:run(108)) - d6dfcdd7-fc6e-4b51-b91e-b64503dadc5e@group-F967393F7C93-FollowerState: change to CANDIDATE, lastRpcTime:127ms, electionTimeout:127ms
2019-10-17 21:55:04,025 [Thread-1692] INFO  impl.RoleInfo (RoleInfo.java:shutdownFollowerState(121)) - d6dfcdd7-fc6e-4b51-b91e-b64503dadc5e: shutdown FollowerState
2019-10-17 21:55:04,025 [Thread-1692] INFO  impl.RaftServerImpl (RaftServerImpl.java:setRole(184)) - d6dfcdd7-fc6e-4b51-b91e-b64503dadc5e@group-F967393F7C93: changes role from  FOLLOWER to CANDIDATE at term 162 for changeToCandidate
2019-10-17 21:55:04,026 [Thread-1692] INFO  impl.RoleInfo (RoleInfo.java:updateAndGet(143)) - d6dfcdd7-fc6e-4b51-b91e-b64503dadc5e: start LeaderElection
2019-10-17 21:55:04,040 [d6dfcdd7-fc6e-4b51-b91e-b64503dadc5e@group-F967393F7C93-LeaderElection169] INFO  impl.LeaderElection (LeaderElection.java:askForVotes(178)) - d6dfcdd7-fc6e-4b51-b91e-b64503dadc5e@group-F967393F7C93-LeaderElection169: begin an election at term 163 for -1: [08d4cbaa-ffed-4411-a5fd-c4a38026aead:192.168.157.223:33910, da15dfee-23f0-4dc4-ad77-c00156c49cfa:192.168.157.223:42172, d6dfcdd7-fc6e-4b51-b91e-b64503dadc5e:192.168.157.223:43575], old=null
2019-10-17 21:55:04,042 [grpc-default-executor-6] INFO  impl.RaftServerImpl (RaftServerImpl.java:setRole(184)) - 08d4cbaa-ffed-4411-a5fd-c4a38026aead@group-F967393F7C93: changes role from  FOLLOWER to FOLLOWER at term 163 for recognizeCandidate:d6dfcdd7-fc6e-4b51-b91e-b64503dadc5e
2019-10-17 21:55:04,042 [grpc-default-executor-6] INFO  impl.RoleInfo (RoleInfo.java:shutdownFollowerState(121)) - 08d4cbaa-ffed-4411-a5fd-c4a38026aead: shutdown FollowerState
2019-10-17 21:55:04,042 [grpc-default-executor-1] INFO  impl.RaftServerImpl (RaftServerImpl.java:setRole(184)) - da15dfee-23f0-4dc4-ad77-c00156c49cfa@group-F967393F7C93: changes role from  FOLLOWER to FOLLOWER at term 163 for recognizeCandidate:d6dfcdd7-fc6e-4b51-b91e-b64503dadc5e
2019-10-17 21:55:04,042 [Thread-1690] INFO  impl.FollowerState (FollowerState.java:run(117)) - 08d4cbaa-ffed-4411-a5fd-c4a38026aead@group-F967393F7C93-FollowerState was interrupted: java.lang.InterruptedException: sleep interrupted
2019-10-17 21:55:04,042 [grpc-default-executor-6] INFO  impl.RoleInfo (RoleInfo.java:updateAndGet(143)) - 08d4cbaa-ffed-4411-a5fd-c4a38026aead: start FollowerState
2019-10-17 21:55:04,042 [grpc-default-executor-1] INFO  impl.RoleInfo (RoleInfo.java:shutdownFollowerState(121)) - da15dfee-23f0-4dc4-ad77-c00156c49cfa: shutdown FollowerState
2019-10-17 21:55:04,043 [grpc-default-executor-1] INFO  impl.RoleInfo (RoleInfo.java:updateAndGet(143)) - da15dfee-23f0-4dc4-ad77-c00156c49cfa: start FollowerState
2019-10-17 21:55:04,043 [Thread-1691] INFO  impl.FollowerState (FollowerState.java:run(117)) - da15dfee-23f0-4dc4-ad77-c00156c49cfa@group-F967393F7C93-FollowerState was interrupted: java.lang.InterruptedException: sleep interrupted
2019-10-17 21:55:04,060 [d6dfcdd7-fc6e-4b51-b91e-b64503dadc5e@group-F967393F7C93-LeaderElection169] INFO  impl.LeaderElection (LeaderElection.java:logAndReturn(56)) - d6dfcdd7-fc6e-4b51-b91e-b64503dadc5e@group-F967393F7C93-LeaderElection169: Election REJECTED; received 2 response(s) [d6dfcdd7-fc6e-4b51-b91e-b64503dadc5e<-08d4cbaa-ffed-4411-a5fd-c4a38026aead#0:FAIL-t163, d6dfcdd7-fc6e-4b51-b91e-b64503dadc5e<-da15dfee-23f0-4dc4-ad77-c00156c49cfa#0:FAIL-t163] and 0 exception(s); d6dfcdd7-fc6e-4b51-b91e-b64503dadc5e@group-F967393F7C93:t163, leader=null, voted=d6dfcdd7-fc6e-4b51-b91e-b64503dadc5e, raftlog=d6dfcdd7-fc6e-4b51-b91e-b64503dadc5e@group-F967393F7C93-SegmentedRaftLog:OPENED:c-1,f-1,i0, conf=-1: [08d4cbaa-ffed-4411-a5fd-c4a38026aead:192.168.157.223:33910, da15dfee-23f0-4dc4-ad77-c00156c49cfa:192.168.157.223:42172, d6dfcdd7-fc6e-4b51-b91e-b64503dadc5e:192.168.157.223:43575], old=null
2019-10-17 21:55:04,060 [d6dfcdd7-fc6e-4b51-b91e-b64503dadc5e@group-F967393F7C93-LeaderElection169] INFO  impl.RaftServerImpl (RaftServerImpl.java:setRole(184)) - d6dfcdd7-fc6e-4b51-b91e-b64503dadc5e@group-F967393F7C93: changes role from CANDIDATE to FOLLOWER at term 163 for DISCOVERED_A_NEW_TERM
2019-10-17 21:55:04,060 [d6dfcdd7-fc6e-4b51-b91e-b64503dadc5e@group-F967393F7C93-LeaderElection169] INFO  impl.RoleInfo (RoleInfo.java:shutdownLeaderElection(134)) - d6dfcdd7-fc6e-4b51-b91e-b64503dadc5e: shutdown LeaderElection
2019-10-17 21:55:04,060 [d6dfcdd7-fc6e-4b51-b91e-b64503dadc5e@group-F967393F7C93-LeaderElection169] INFO  impl.RoleInfo (RoleInfo.java:updateAndGet(143)) - d6dfcdd7-fc6e-4b51-b91e-b64503dadc5e: start FollowerState
2019-10-17 21:55:04,201 [Thread-1698] INFO  impl.FollowerState (FollowerState.java:run(108)) - d6dfcdd7-fc6e-4b51-b91e-b64503dadc5e@group-F967393F7C93-FollowerState: change to CANDIDATE, lastRpcTime:141ms, electionTimeout:141ms
2019-10-17 21:55:04,202 [Thread-1698] INFO  impl.RoleInfo (RoleInfo.java:shutdownFollowerState(121)) - d6dfcdd7-fc6e-4b51-b91e-b64503dadc5e: shutdown FollowerState
2019-10-17 21:55:04,202 [Thread-1698] INFO  impl.RaftServerImpl (RaftServerImpl.java:setRole(184)) - d6dfcdd7-fc6e-4b51-b91e-b64503dadc5e@group-F967393F7C93: changes role from  FOLLOWER to CANDIDATE at term 163 for changeToCandidate
2019-10-17 21:55:04,202 [Thread-1698] INFO  impl.RoleInfo (RoleInfo.java:updateAndGet(143)) - d6dfcdd7-fc6e-4b51-b91e-b64503dadc5e: start LeaderElection
2019-10-17 21:55:04,220 [d6dfcdd7-fc6e-4b51-b91e-b64503dadc5e@group-F967393F7C93-LeaderElection170] INFO  impl.LeaderElection (LeaderElection.java:askForVotes(178)) - d6dfcdd7-fc6e-4b51-b91e-b64503dadc5e@group-F967393F7C93-LeaderElection170: begin an election at term 164 for -1: [08d4cbaa-ffed-4411-a5fd-c4a38026aead:192.168.157.223:33910, da15dfee-23f0-4dc4-ad77-c00156c49cfa:192.168.157.223:42172, d6dfcdd7-fc6e-4b51-b91e-b64503dadc5e:192.168.157.223:43575], old=null
2019-10-17 21:55:04,222 [grpc-default-executor-1] INFO  impl.RaftServerImpl (RaftServerImpl.java:setRole(184)) - da15dfee-23f0-4dc4-ad77-c00156c49cfa@group-F967393F7C93: changes role from  FOLLOWER to FOLLOWER at term 164 for recognizeCandidate:d6dfcdd7-fc6e-4b51-b91e-b64503dadc5e
2019-10-17 21:55:04,222 [grpc-default-executor-1] INFO  impl.RoleInfo (RoleInfo.java:shutdownFollowerState(121)) - da15dfee-23f0-4dc4-ad77-c00156c49cfa: shutdown FollowerState
2019-10-17 21:55:04,222 [grpc-default-executor-6] INFO  impl.RaftServerImpl (RaftServerImpl.java:setRole(184)) - 08d4cbaa-ffed-4411-a5fd-c4a38026aead@group-F967393F7C93: changes role from  FOLLOWER to FOLLOWER at term 164 for recognizeCandidate:d6dfcdd7-fc6e-4b51-b91e-b64503dadc5e
2019-10-17 21:55:04,222 [Thread-1697] INFO  impl.FollowerState (FollowerState.java:run(117)) - da15dfee-23f0-4dc4-ad77-c00156c49cfa@group-F967393F7C93-FollowerState was interrupted: java.lang.InterruptedException: sleep interrupted
2019-10-17 21:55:04,222 [grpc-default-executor-6] INFO  impl.RoleInfo (RoleInfo.java:shutdownFollowerState(121)) - 08d4cbaa-ffed-4411-a5fd-c4a38026aead: shutdown FollowerState
2019-10-17 21:55:04,222 [grpc-default-executor-1] INFO  impl.RoleInfo (RoleInfo.java:updateAndGet(143)) - da15dfee-23f0-4dc4-ad77-c00156c49cfa: start FollowerState
2019-10-17 21:55:04,223 [Thread-1696] INFO  impl.FollowerState (FollowerState.java:run(117)) - 08d4cbaa-ffed-4411-a5fd-c4a38026aead@group-F967393F7C93-FollowerState was interrupted: java.lang.InterruptedException: sleep interrupted
2019-10-17 21:55:04,223 [grpc-default-executor-6] INFO  impl.RoleInfo (RoleInfo.java:updateAndGet(143)) - 08d4cbaa-ffed-4411-a5fd-c4a38026aead: start FollowerState
2019-10-17 21:55:04,239 [d6dfcdd7-fc6e-4b51-b91e-b64503dadc5e@group-F967393F7C93-LeaderElection170] INFO  impl.LeaderElection (LeaderElection.java:logAndReturn(56)) - d6dfcdd7-fc6e-4b51-b91e-b64503dadc5e@group-F967393F7C93-LeaderElection170: Election REJECTED; received 2 response(s) [d6dfcdd7-fc6e-4b51-b91e-b64503dadc5e<-08d4cbaa-ffed-4411-a5fd-c4a38026aead#0:FAIL-t164, d6dfcdd7-fc6e-4b51-b91e-b64503dadc5e<-da15dfee-23f0-4dc4-ad77-c00156c49cfa#0:FAIL-t164] and 0 exception(s); d6dfcdd7-fc6e-4b51-b91e-b64503dadc5e@group-F967393F7C93:t164, leader=null, voted=d6dfcdd7-fc6e-4b51-b91e-b64503dadc5e, raftlog=d6dfcdd7-fc6e-4b51-b91e-b64503dadc5e@group-F967393F7C93-SegmentedRaftLog:OPENED:c-1,f-1,i0, conf=-1: [08d4cbaa-ffed-4411-a5fd-c4a38026aead:192.168.157.223:33910, da15dfee-23f0-4dc4-ad77-c00156c49cfa:192.168.157.223:42172, d6dfcdd7-fc6e-4b51-b91e-b64503dadc5e:192.168.157.223:43575], old=null
2019-10-17 21:55:04,239 [d6dfcdd7-fc6e-4b51-b91e-b64503dadc5e@group-F967393F7C93-LeaderElection170] INFO  impl.RaftServerImpl (RaftServerImpl.java:setRole(184)) - d6dfcdd7-fc6e-4b51-b91e-b64503dadc5e@group-F967393F7C93: changes role from CANDIDATE to FOLLOWER at term 164 for DISCOVERED_A_NEW_TERM
2019-10-17 21:55:04,239 [d6dfcdd7-fc6e-4b51-b91e-b64503dadc5e@group-F967393F7C93-LeaderElection170] INFO  impl.RoleInfo (RoleInfo.java:shutdownLeaderElection(134)) - d6dfcdd7-fc6e-4b51-b91e-b64503dadc5e: shutdown LeaderElection
2019-10-17 21:55:04,239 [d6dfcdd7-fc6e-4b51-b91e-b64503dadc5e@group-F967393F7C93-LeaderElection170] INFO  impl.RoleInfo (RoleInfo.java:updateAndGet(143)) - d6dfcdd7-fc6e-4b51-b91e-b64503dadc5e: start FollowerState
2019-10-17 21:55:04,268 [java.util.concurrent.ThreadPoolExecutor$Worker@71aa17a1[State = -1, empty queue]] WARN  server.GrpcLogAppender (GrpcLogAppender.java:timeoutAppendRequest(209)) - de567563-d0dd-4cf2-91b7-f72627909699@group-3097D7458558->db0af43e-c62e-4c1d-affa-ffdb4faae2f8-GrpcLogAppender: appendEntries Timeout, request=de567563-d0dd-4cf2-91b7-f72627909699->db0af43e-c62e-4c1d-affa-ffdb4faae2f8#38-t10, previous=(t:10, i:4), leaderCommit=4, initializing? false, entries: <empty>
2019-10-17 21:55:04,291 [java.util.concurrent.ThreadPoolExecutor$Worker@53372d8e[State = -1, empty queue]] WARN  server.GrpcLogAppender (GrpcLogAppender.java:timeoutAppendRequest(209)) - fff7125c-610a-434d-b194-38800617abc4@group-4FF8CA26B826->c3d1d4b8-f513-489f-ad1a-d9e469eb6c8d-GrpcLogAppender: appendEntries Timeout, request=fff7125c-610a-434d-b194-38800617abc4->c3d1d4b8-f513-489f-ad1a-d9e469eb6c8d#48-t11, previous=(t:11, i:18), leaderCommit=18, initializing? false, entries: <empty>
2019-10-17 21:55:04,332 [Thread-1704] INFO  impl.FollowerState (FollowerState.java:run(108)) - d6dfcdd7-fc6e-4b51-b91e-b64503dadc5e@group-F967393F7C93-FollowerState: change to CANDIDATE, lastRpcTime:92ms, electionTimeout:92ms
2019-10-17 21:55:04,332 [Thread-1704] INFO  impl.RoleInfo (RoleInfo.java:shutdownFollowerState(121)) - d6dfcdd7-fc6e-4b51-b91e-b64503dadc5e: shutdown FollowerState
2019-10-17 21:55:04,332 [Thread-1704] INFO  impl.RaftServerImpl (RaftServerImpl.java:setRole(184)) - d6dfcdd7-fc6e-4b51-b91e-b64503dadc5e@group-F967393F7C93: changes role from  FOLLOWER to CANDIDATE at term 164 for changeToCandidate
2019-10-17 21:55:04,332 [Thread-1704] INFO  impl.RoleInfo (RoleInfo.java:updateAndGet(143)) - d6dfcdd7-fc6e-4b51-b91e-b64503dadc5e: start LeaderElection
2019-10-17 21:55:04,341 [d6dfcdd7-fc6e-4b51-b91e-b64503dadc5e@group-F967393F7C93-LeaderElection171] INFO  impl.LeaderElection (LeaderElection.java:askForVotes(178)) - d6dfcdd7-fc6e-4b51-b91e-b64503dadc5e@group-F967393F7C93-LeaderElection171: begin an election at term 165 for -1: [08d4cbaa-ffed-4411-a5fd-c4a38026aead:192.168.157.223:33910, da15dfee-23f0-4dc4-ad77-c00156c49cfa:192.168.157.223:42172, d6dfcdd7-fc6e-4b51-b91e-b64503dadc5e:192.168.157.223:43575], old=null
2019-10-17 21:55:04,343 [grpc-default-executor-1] INFO  impl.RaftServerImpl (RaftServerImpl.java:setRole(184)) - 08d4cbaa-ffed-4411-a5fd-c4a38026aead@group-F967393F7C93: changes role from  FOLLOWER to FOLLOWER at term 165 for recognizeCandidate:d6dfcdd7-fc6e-4b51-b91e-b64503dadc5e
2019-10-17 21:55:04,343 [grpc-default-executor-6] INFO  impl.RaftServerImpl (RaftServerImpl.java:setRole(184)) - da15dfee-23f0-4dc4-ad77-c00156c49cfa@group-F967393F7C93: changes role from  FOLLOWER to FOLLOWER at term 165 for recognizeCandidate:d6dfcdd7-fc6e-4b51-b91e-b64503dadc5e
2019-10-17 21:55:04,343 [grpc-default-executor-6] INFO  impl.RoleInfo (RoleInfo.java:shutdownFollowerState(121)) - da15dfee-23f0-4dc4-ad77-c00156c49cfa: shutdown FollowerState
2019-10-17 21:55:04,343 [grpc-default-executor-1] INFO  impl.RoleInfo (RoleInfo.java:shutdownFollowerState(121)) - 08d4cbaa-ffed-4411-a5fd-c4a38026aead: shutdown FollowerState
2019-10-17 21:55:04,343 [Thread-1702] INFO  impl.FollowerState (FollowerState.java:run(117)) - da15dfee-23f0-4dc4-ad77-c00156c49cfa@group-F967393F7C93-FollowerState was interrupted: java.lang.InterruptedException: sleep interrupted
2019-10-17 21:55:04,343 [grpc-default-executor-6] INFO  impl.RoleInfo (RoleInfo.java:updateAndGet(143)) - da15dfee-23f0-4dc4-ad77-c00156c49cfa: start FollowerState
2019-10-17 21:55:04,344 [Thread-1703] INFO  impl.FollowerState (FollowerState.java:run(117)) - 08d4cbaa-ffed-4411-a5fd-c4a38026aead@group-F967393F7C93-FollowerState was interrupted: java.lang.InterruptedException: sleep interrupted
2019-10-17 21:55:04,344 [grpc-default-executor-1] INFO  impl.RoleInfo (RoleInfo.java:updateAndGet(143)) - 08d4cbaa-ffed-4411-a5fd-c4a38026aead: start FollowerState
2019-10-17 21:55:04,359 [d6dfcdd7-fc6e-4b51-b91e-b64503dadc5e@group-F967393F7C93-LeaderElection171] INFO  impl.LeaderElection (LeaderElection.java:logAndReturn(56)) - d6dfcdd7-fc6e-4b51-b91e-b64503dadc5e@group-F967393F7C93-LeaderElection171: Election REJECTED; received 2 response(s) [d6dfcdd7-fc6e-4b51-b91e-b64503dadc5e<-08d4cbaa-ffed-4411-a5fd-c4a38026aead#0:FAIL-t165, d6dfcdd7-fc6e-4b51-b91e-b64503dadc5e<-da15dfee-23f0-4dc4-ad77-c00156c49cfa#0:FAIL-t165] and 0 exception(s); d6dfcdd7-fc6e-4b51-b91e-b64503dadc5e@group-F967393F7C93:t165, leader=null, voted=d6dfcdd7-fc6e-4b51-b91e-b64503dadc5e, raftlog=d6dfcdd7-fc6e-4b51-b91e-b64503dadc5e@group-F967393F7C93-SegmentedRaftLog:OPENED:c-1,f-1,i0, conf=-1: [08d4cbaa-ffed-4411-a5fd-c4a38026aead:192.168.157.223:33910, da15dfee-23f0-4dc4-ad77-c00156c49cfa:192.168.157.223:42172, d6dfcdd7-fc6e-4b51-b91e-b64503dadc5e:192.168.157.223:43575], old=null
2019-10-17 21:55:04,359 [d6dfcdd7-fc6e-4b51-b91e-b64503dadc5e@group-F967393F7C93-LeaderElection171] INFO  impl.RaftServerImpl (RaftServerImpl.java:setRole(184)) - d6dfcdd7-fc6e-4b51-b91e-b64503dadc5e@group-F967393F7C93: changes role from CANDIDATE to FOLLOWER at term 165 for DISCOVERED_A_NEW_TERM
2019-10-17 21:55:04,359 [d6dfcdd7-fc6e-4b51-b91e-b64503dadc5e@group-F967393F7C93-LeaderElection171] INFO  impl.RoleInfo (RoleInfo.java:shutdownLeaderElection(134)) - d6dfcdd7-fc6e-4b51-b91e-b64503dadc5e: shutdown LeaderElection
2019-10-17 21:55:04,359 [d6dfcdd7-fc6e-4b51-b91e-b64503dadc5e@group-F967393F7C93-LeaderElection171] INFO  impl.RoleInfo (RoleInfo.java:updateAndGet(143)) - d6dfcdd7-fc6e-4b51-b91e-b64503dadc5e: start FollowerState
2019-10-17 21:55:04,382 [Thread-1712] INFO  impl.FollowerState (FollowerState.java:run(108)) - d6dfcdd7-fc6e-4b51-b91e-b64503dadc5e@group-F967393F7C93-FollowerState: change to CANDIDATE, lastRpcTime:22ms, electionTimeout:22ms
2019-10-17 21:55:04,382 [Thread-1712] INFO  impl.RoleInfo (RoleInfo.java:shutdownFollowerState(121)) - d6dfcdd7-fc6e-4b51-b91e-b64503dadc5e: shutdown FollowerState
2019-10-17 21:55:04,382 [Thread-1712] INFO  impl.RaftServerImpl (RaftServerImpl.java:setRole(184)) - d6dfcdd7-fc6e-4b51-b91e-b64503dadc5e@group-F967393F7C93: changes role from  FOLLOWER to CANDIDATE at term 165 for changeToCandidate
2019-10-17 21:55:04,382 [Thread-1712] INFO  impl.RoleInfo (RoleInfo.java:updateAndGet(143)) - d6dfcdd7-fc6e-4b51-b91e-b64503dadc5e: start LeaderElection
2019-10-17 21:55:04,396 [d6dfcdd7-fc6e-4b51-b91e-b64503dadc5e@group-F967393F7C93-LeaderElection172] INFO  impl.LeaderElection (LeaderElection.java:askForVotes(178)) - d6dfcdd7-fc6e-4b51-b91e-b64503dadc5e@group-F967393F7C93-LeaderElection172: begin an election at term 166 for -1: [08d4cbaa-ffed-4411-a5fd-c4a38026aead:192.168.157.223:33910, da15dfee-23f0-4dc4-ad77-c00156c49cfa:192.168.157.223:42172, d6dfcdd7-fc6e-4b51-b91e-b64503dadc5e:192.168.157.223:43575], old=null
2019-10-17 21:55:04,397 [grpc-default-executor-1] INFO  impl.RaftServerImpl (RaftServerImpl.java:setRole(184)) - 08d4cbaa-ffed-4411-a5fd-c4a38026aead@group-F967393F7C93: changes role from  FOLLOWER to FOLLOWER at term 166 for recognizeCandidate:d6dfcdd7-fc6e-4b51-b91e-b64503dadc5e
2019-10-17 21:55:04,398 [grpc-default-executor-1] INFO  impl.RoleInfo (RoleInfo.java:shutdownFollowerState(121)) - 08d4cbaa-ffed-4411-a5fd-c4a38026aead: shutdown FollowerState
2019-10-17 21:55:04,398 [grpc-default-executor-1] INFO  impl.RoleInfo (RoleInfo.java:updateAndGet(143)) - 08d4cbaa-ffed-4411-a5fd-c4a38026aead: start FollowerState
2019-10-17 21:55:04,398 [Thread-1711] INFO  impl.FollowerState (FollowerState.java:run(117)) - 08d4cbaa-ffed-4411-a5fd-c4a38026aead@group-F967393F7C93-FollowerState was interrupted: java.lang.InterruptedException: sleep interrupted
2019-10-17 21:55:04,398 [grpc-default-executor-6] INFO  impl.RaftServerImpl (RaftServerImpl.java:setRole(184)) - da15dfee-23f0-4dc4-ad77-c00156c49cfa@group-F967393F7C93: changes role from  FOLLOWER to FOLLOWER at term 166 for recognizeCandidate:d6dfcdd7-fc6e-4b51-b91e-b64503dadc5e
2019-10-17 21:55:04,398 [grpc-default-executor-6] INFO  impl.RoleInfo (RoleInfo.java:shutdownFollowerState(121)) - da15dfee-23f0-4dc4-ad77-c00156c49cfa: shutdown FollowerState
2019-10-17 21:55:04,399 [grpc-default-executor-6] INFO  impl.RoleInfo (RoleInfo.java:updateAndGet(143)) - da15dfee-23f0-4dc4-ad77-c00156c49cfa: start FollowerState
2019-10-17 21:55:04,399 [Thread-1710] INFO  impl.FollowerState (FollowerState.java:run(117)) - da15dfee-23f0-4dc4-ad77-c00156c49cfa@group-F967393F7C93-FollowerState was interrupted: java.lang.InterruptedException: sleep interrupted
2019-10-17 21:55:04,424 [d6dfcdd7-fc6e-4b51-b91e-b64503dadc5e@group-F967393F7C93-LeaderElection172] INFO  impl.LeaderElection (LeaderElection.java:logAndReturn(56)) - d6dfcdd7-fc6e-4b51-b91e-b64503dadc5e@group-F967393F7C93-LeaderElection172: Election REJECTED; received 2 response(s) [d6dfcdd7-fc6e-4b51-b91e-b64503dadc5e<-08d4cbaa-ffed-4411-a5fd-c4a38026aead#0:FAIL-t166, d6dfcdd7-fc6e-4b51-b91e-b64503dadc5e<-da15dfee-23f0-4dc4-ad77-c00156c49cfa#0:FAIL-t166] and 0 exception(s); d6dfcdd7-fc6e-4b51-b91e-b64503dadc5e@group-F967393F7C93:t166, leader=null, voted=d6dfcdd7-fc6e-4b51-b91e-b64503dadc5e, raftlog=d6dfcdd7-fc6e-4b51-b91e-b64503dadc5e@group-F967393F7C93-SegmentedRaftLog:OPENED:c-1,f-1,i0, conf=-1: [08d4cbaa-ffed-4411-a5fd-c4a38026aead:192.168.157.223:33910, da15dfee-23f0-4dc4-ad77-c00156c49cfa:192.168.157.223:42172, d6dfcdd7-fc6e-4b51-b91e-b64503dadc5e:192.168.157.223:43575], old=null
2019-10-17 21:55:04,425 [d6dfcdd7-fc6e-4b51-b91e-b64503dadc5e@group-F967393F7C93-LeaderElection172] INFO  impl.RaftServerImpl (RaftServerImpl.java:setRole(184)) - d6dfcdd7-fc6e-4b51-b91e-b64503dadc5e@group-F967393F7C93: changes role from CANDIDATE to FOLLOWER at term 166 for DISCOVERED_A_NEW_TERM
2019-10-17 21:55:04,425 [d6dfcdd7-fc6e-4b51-b91e-b64503dadc5e@group-F967393F7C93-LeaderElection172] INFO  impl.RoleInfo (RoleInfo.java:shutdownLeaderElection(134)) - d6dfcdd7-fc6e-4b51-b91e-b64503dadc5e: shutdown LeaderElection
2019-10-17 21:55:04,425 [d6dfcdd7-fc6e-4b51-b91e-b64503dadc5e@group-F967393F7C93-LeaderElection172] INFO  impl.RoleInfo (RoleInfo.java:updateAndGet(143)) - d6dfcdd7-fc6e-4b51-b91e-b64503dadc5e: start FollowerState
2019-10-17 21:55:04,560 [Thread-1718] INFO  impl.FollowerState (FollowerState.java:run(108)) - d6dfcdd7-fc6e-4b51-b91e-b64503dadc5e@group-F967393F7C93-FollowerState: change to CANDIDATE, lastRpcTime:135ms, electionTimeout:135ms
2019-10-17 21:55:04,561 [Thread-1718] INFO  impl.RoleInfo (RoleInfo.java:shutdownFollowerState(121)) - d6dfcdd7-fc6e-4b51-b91e-b64503dadc5e: shutdown FollowerState
2019-10-17 21:55:04,561 [Thread-1718] INFO  impl.RaftServerImpl (RaftServerImpl.java:setRole(184)) - d6dfcdd7-fc6e-4b51-b91e-b64503dadc5e@group-F967393F7C93: changes role from  FOLLOWER to CANDIDATE at term 166 for changeToCandidate
2019-10-17 21:55:04,561 [Thread-1718] INFO  impl.RoleInfo (RoleInfo.java:updateAndGet(143)) - d6dfcdd7-fc6e-4b51-b91e-b64503dadc5e: start LeaderElection
2019-10-17 21:55:04,574 [d6dfcdd7-fc6e-4b51-b91e-b64503dadc5e@group-F967393F7C93-LeaderElection173] INFO  impl.LeaderElection (LeaderElection.java:askForVotes(178)) - d6dfcdd7-fc6e-4b51-b91e-b64503dadc5e@group-F967393F7C93-LeaderElection173: begin an election at term 167 for -1: [08d4cbaa-ffed-4411-a5fd-c4a38026aead:192.168.157.223:33910, da15dfee-23f0-4dc4-ad77-c00156c49cfa:192.168.157.223:42172, d6dfcdd7-fc6e-4b51-b91e-b64503dadc5e:192.168.157.223:43575], old=null
2019-10-17 21:55:04,576 [grpc-default-executor-1] INFO  impl.RaftServerImpl (RaftServerImpl.java:setRole(184)) - 08d4cbaa-ffed-4411-a5fd-c4a38026aead@group-F967393F7C93: changes role from  FOLLOWER to FOLLOWER at term 167 for recognizeCandidate:d6dfcdd7-fc6e-4b51-b91e-b64503dadc5e
2019-10-17 21:55:04,577 [grpc-default-executor-1] INFO  impl.RoleInfo (RoleInfo.java:shutdownFollowerState(121)) - 08d4cbaa-ffed-4411-a5fd-c4a38026aead: shutdown FollowerState
2019-10-17 21:55:04,577 [grpc-default-executor-1] INFO  impl.RoleInfo (RoleInfo.java:updateAndGet(143)) - 08d4cbaa-ffed-4411-a5fd-c4a38026aead: start FollowerState
2019-10-17 21:55:04,577 [Thread-1716] INFO  impl.FollowerState (FollowerState.java:run(117)) - 08d4cbaa-ffed-4411-a5fd-c4a38026aead@group-F967393F7C93-FollowerState was interrupted: java.lang.InterruptedException: sleep interrupted
2019-10-17 21:55:04,577 [grpc-default-executor-6] INFO  impl.RaftServerImpl (RaftServerImpl.java:setRole(184)) - da15dfee-23f0-4dc4-ad77-c00156c49cfa@group-F967393F7C93: changes role from  FOLLOWER to FOLLOWER at term 167 for recognizeCandidate:d6dfcdd7-fc6e-4b51-b91e-b64503dadc5e
2019-10-17 21:55:04,577 [grpc-default-executor-6] INFO  impl.RoleInfo (RoleInfo.java:shutdownFollowerState(121)) - da15dfee-23f0-4dc4-ad77-c00156c49cfa: shutdown FollowerState
2019-10-17 21:55:04,577 [grpc-default-executor-6] INFO  impl.RoleInfo (RoleInfo.java:updateAndGet(143)) - da15dfee-23f0-4dc4-ad77-c00156c49cfa: start FollowerState
2019-10-17 21:55:04,577 [Thread-1717] INFO  impl.FollowerState (FollowerState.java:run(117)) - da15dfee-23f0-4dc4-ad77-c00156c49cfa@group-F967393F7C93-FollowerState was interrupted: java.lang.InterruptedException: sleep interrupted
2019-10-17 21:55:04,619 [d6dfcdd7-fc6e-4b51-b91e-b64503dadc5e@group-F967393F7C93-LeaderElection173] INFO  impl.LeaderElection (LeaderElection.java:logAndReturn(56)) - d6dfcdd7-fc6e-4b51-b91e-b64503dadc5e@group-F967393F7C93-LeaderElection173: Election REJECTED; received 2 response(s) [d6dfcdd7-fc6e-4b51-b91e-b64503dadc5e<-08d4cbaa-ffed-4411-a5fd-c4a38026aead#0:FAIL-t167, d6dfcdd7-fc6e-4b51-b91e-b64503dadc5e<-da15dfee-23f0-4dc4-ad77-c00156c49cfa#0:FAIL-t167] and 0 exception(s); d6dfcdd7-fc6e-4b51-b91e-b64503dadc5e@group-F967393F7C93:t167, leader=null, voted=d6dfcdd7-fc6e-4b51-b91e-b64503dadc5e, raftlog=d6dfcdd7-fc6e-4b51-b91e-b64503dadc5e@group-F967393F7C93-SegmentedRaftLog:OPENED:c-1,f-1,i0, conf=-1: [08d4cbaa-ffed-4411-a5fd-c4a38026aead:192.168.157.223:33910, da15dfee-23f0-4dc4-ad77-c00156c49cfa:192.168.157.223:42172, d6dfcdd7-fc6e-4b51-b91e-b64503dadc5e:192.168.157.223:43575], old=null
2019-10-17 21:55:04,620 [d6dfcdd7-fc6e-4b51-b91e-b64503dadc5e@group-F967393F7C93-LeaderElection173] INFO  impl.RaftServerImpl (RaftServerImpl.java:setRole(184)) - d6dfcdd7-fc6e-4b51-b91e-b64503dadc5e@group-F967393F7C93: changes role from CANDIDATE to FOLLOWER at term 167 for DISCOVERED_A_NEW_TERM
2019-10-17 21:55:04,620 [d6dfcdd7-fc6e-4b51-b91e-b64503dadc5e@group-F967393F7C93-LeaderElection173] INFO  impl.RoleInfo (RoleInfo.java:shutdownLeaderElection(134)) - d6dfcdd7-fc6e-4b51-b91e-b64503dadc5e: shutdown LeaderElection
2019-10-17 21:55:04,620 [d6dfcdd7-fc6e-4b51-b91e-b64503dadc5e@group-F967393F7C93-LeaderElection173] INFO  impl.RoleInfo (RoleInfo.java:updateAndGet(143)) - d6dfcdd7-fc6e-4b51-b91e-b64503dadc5e: start FollowerState
2019-10-17 21:55:04,735 [Thread-1724] INFO  impl.FollowerState (FollowerState.java:run(108)) - d6dfcdd7-fc6e-4b51-b91e-b64503dadc5e@group-F967393F7C93-FollowerState: change to CANDIDATE, lastRpcTime:114ms, electionTimeout:114ms
2019-10-17 21:55:04,735 [Thread-1724] INFO  impl.RoleInfo (RoleInfo.java:shutdownFollowerState(121)) - d6dfcdd7-fc6e-4b51-b91e-b64503dadc5e: shutdown FollowerState
2019-10-17 21:55:04,735 [Thread-1724] INFO  impl.RaftServerImpl (RaftServerImpl.java:setRole(184)) - d6dfcdd7-fc6e-4b51-b91e-b64503dadc5e@group-F967393F7C93: changes role from  FOLLOWER to CANDIDATE at term 167 for changeToCandidate
2019-10-17 21:55:04,735 [Thread-1724] INFO  impl.RoleInfo (RoleInfo.java:updateAndGet(143)) - d6dfcdd7-fc6e-4b51-b91e-b64503dadc5e: start LeaderElection
2019-10-17 21:55:04,761 [d6dfcdd7-fc6e-4b51-b91e-b64503dadc5e@group-F967393F7C93-LeaderElection174] INFO  impl.LeaderElection (LeaderElection.java:askForVotes(178)) - d6dfcdd7-fc6e-4b51-b91e-b64503dadc5e@group-F967393F7C93-LeaderElection174: begin an election at term 168 for -1: [08d4cbaa-ffed-4411-a5fd-c4a38026aead:192.168.157.223:33910, da15dfee-23f0-4dc4-ad77-c00156c49cfa:192.168.157.223:42172, d6dfcdd7-fc6e-4b51-b91e-b64503dadc5e:192.168.157.223:43575], old=null
2019-10-17 21:55:04,763 [grpc-default-executor-6] INFO  impl.RaftServerImpl (RaftServerImpl.java:setRole(184)) - da15dfee-23f0-4dc4-ad77-c00156c49cfa@group-F967393F7C93: changes role from  FOLLOWER to FOLLOWER at term 168 for recognizeCandidate:d6dfcdd7-fc6e-4b51-b91e-b64503dadc5e
2019-10-17 21:55:04,763 [grpc-default-executor-1] INFO  impl.RaftServerImpl (RaftServerImpl.java:setRole(184)) - 08d4cbaa-ffed-4411-a5fd-c4a38026aead@group-F967393F7C93: changes role from  FOLLOWER to FOLLOWER at term 168 for recognizeCandidate:d6dfcdd7-fc6e-4b51-b91e-b64503dadc5e
2019-10-17 21:55:04,764 [grpc-default-executor-1] INFO  impl.RoleInfo (RoleInfo.java:shutdownFollowerState(121)) - 08d4cbaa-ffed-4411-a5fd-c4a38026aead: shutdown FollowerState
2019-10-17 21:55:04,764 [grpc-default-executor-6] INFO  impl.RoleInfo (RoleInfo.java:shutdownFollowerState(121)) - da15dfee-23f0-4dc4-ad77-c00156c49cfa: shutdown FollowerState
2019-10-17 21:55:04,764 [grpc-default-executor-1] INFO  impl.RoleInfo (RoleInfo.java:updateAndGet(143)) - 08d4cbaa-ffed-4411-a5fd-c4a38026aead: start FollowerState
2019-10-17 21:55:04,764 [Thread-1722] INFO  impl.FollowerState (FollowerState.java:run(117)) - 08d4cbaa-ffed-4411-a5fd-c4a38026aead@group-F967393F7C93-FollowerState was interrupted: java.lang.InterruptedException: sleep interrupted
2019-10-17 21:55:04,764 [Thread-1723] INFO  impl.FollowerState (FollowerState.java:run(117)) - da15dfee-23f0-4dc4-ad77-c00156c49cfa@group-F967393F7C93-FollowerState was interrupted: java.lang.InterruptedException: sleep interrupted
2019-10-17 21:55:04,764 [grpc-default-executor-6] INFO  impl.RoleInfo (RoleInfo.java:updateAndGet(143)) - da15dfee-23f0-4dc4-ad77-c00156c49cfa: start FollowerState
2019-10-17 21:55:04,768 [java.util.concurrent.ThreadPoolExecutor$Worker@71aa17a1[State = -1, empty queue]] WARN  server.GrpcLogAppender (GrpcLogAppender.java:timeoutAppendRequest(209)) - de567563-d0dd-4cf2-91b7-f72627909699@group-3097D7458558->db0af43e-c62e-4c1d-affa-ffdb4faae2f8-GrpcLogAppender: appendEntries Timeout, request=de567563-d0dd-4cf2-91b7-f72627909699->db0af43e-c62e-4c1d-affa-ffdb4faae2f8#39-t10, previous=(t:10, i:4), leaderCommit=4, initializing? false, entries: <empty>
2019-10-17 21:55:04,779 [d6dfcdd7-fc6e-4b51-b91e-b64503dadc5e@group-F967393F7C93-LeaderElection174] INFO  impl.LeaderElection (LeaderElection.java:logAndReturn(56)) - d6dfcdd7-fc6e-4b51-b91e-b64503dadc5e@group-F967393F7C93-LeaderElection174: Election REJECTED; received 2 response(s) [d6dfcdd7-fc6e-4b51-b91e-b64503dadc5e<-08d4cbaa-ffed-4411-a5fd-c4a38026aead#0:FAIL-t168, d6dfcdd7-fc6e-4b51-b91e-b64503dadc5e<-da15dfee-23f0-4dc4-ad77-c00156c49cfa#0:FAIL-t168] and 0 exception(s); d6dfcdd7-fc6e-4b51-b91e-b64503dadc5e@group-F967393F7C93:t168, leader=null, voted=d6dfcdd7-fc6e-4b51-b91e-b64503dadc5e, raftlog=d6dfcdd7-fc6e-4b51-b91e-b64503dadc5e@group-F967393F7C93-SegmentedRaftLog:OPENED:c-1,f-1,i0, conf=-1: [08d4cbaa-ffed-4411-a5fd-c4a38026aead:192.168.157.223:33910, da15dfee-23f0-4dc4-ad77-c00156c49cfa:192.168.157.223:42172, d6dfcdd7-fc6e-4b51-b91e-b64503dadc5e:192.168.157.223:43575], old=null
2019-10-17 21:55:04,779 [d6dfcdd7-fc6e-4b51-b91e-b64503dadc5e@group-F967393F7C93-LeaderElection174] INFO  impl.RaftServerImpl (RaftServerImpl.java:setRole(184)) - d6dfcdd7-fc6e-4b51-b91e-b64503dadc5e@group-F967393F7C93: changes role from CANDIDATE to FOLLOWER at term 168 for DISCOVERED_A_NEW_TERM
2019-10-17 21:55:04,779 [d6dfcdd7-fc6e-4b51-b91e-b64503dadc5e@group-F967393F7C93-LeaderElection174] INFO  impl.RoleInfo (RoleInfo.java:shutdownLeaderElection(134)) - d6dfcdd7-fc6e-4b51-b91e-b64503dadc5e: shutdown LeaderElection
2019-10-17 21:55:04,779 [d6dfcdd7-fc6e-4b51-b91e-b64503dadc5e@group-F967393F7C93-LeaderElection174] INFO  impl.RoleInfo (RoleInfo.java:updateAndGet(143)) - d6dfcdd7-fc6e-4b51-b91e-b64503dadc5e: start FollowerState
2019-10-17 21:55:04,791 [java.util.concurrent.ThreadPoolExecutor$Worker@53372d8e[State = -1, empty queue]] WARN  server.GrpcLogAppender (GrpcLogAppender.java:timeoutAppendRequest(209)) - fff7125c-610a-434d-b194-38800617abc4@group-4FF8CA26B826->c3d1d4b8-f513-489f-ad1a-d9e469eb6c8d-GrpcLogAppender: appendEntries Timeout, request=fff7125c-610a-434d-b194-38800617abc4->c3d1d4b8-f513-489f-ad1a-d9e469eb6c8d#49-t11, previous=(t:11, i:18), leaderCommit=18, initializing? false, entries: <empty>
2019-10-17 21:55:04,834 [Thread-1730] INFO  impl.FollowerState (FollowerState.java:run(108)) - d6dfcdd7-fc6e-4b51-b91e-b64503dadc5e@group-F967393F7C93-FollowerState: change to CANDIDATE, lastRpcTime:55ms, electionTimeout:55ms
2019-10-17 21:55:04,835 [Thread-1730] INFO  impl.RoleInfo (RoleInfo.java:shutdownFollowerState(121)) - d6dfcdd7-fc6e-4b51-b91e-b64503dadc5e: shutdown FollowerState
2019-10-17 21:55:04,835 [Thread-1730] INFO  impl.RaftServerImpl (RaftServerImpl.java:setRole(184)) - d6dfcdd7-fc6e-4b51-b91e-b64503dadc5e@group-F967393F7C93: changes role from  FOLLOWER to CANDIDATE at term 168 for changeToCandidate
2019-10-17 21:55:04,835 [Thread-1730] INFO  impl.RoleInfo (RoleInfo.java:updateAndGet(143)) - d6dfcdd7-fc6e-4b51-b91e-b64503dadc5e: start LeaderElection
2019-10-17 21:55:04,847 [d6dfcdd7-fc6e-4b51-b91e-b64503dadc5e@group-F967393F7C93-LeaderElection175] INFO  impl.LeaderElection (LeaderElection.java:askForVotes(178)) - d6dfcdd7-fc6e-4b51-b91e-b64503dadc5e@group-F967393F7C93-LeaderElection175: begin an election at term 169 for -1: [08d4cbaa-ffed-4411-a5fd-c4a38026aead:192.168.157.223:33910, da15dfee-23f0-4dc4-ad77-c00156c49cfa:192.168.157.223:42172, d6dfcdd7-fc6e-4b51-b91e-b64503dadc5e:192.168.157.223:43575], old=null
2019-10-17 21:55:04,849 [grpc-default-executor-1] INFO  impl.RaftServerImpl (RaftServerImpl.java:setRole(184)) - 08d4cbaa-ffed-4411-a5fd-c4a38026aead@group-F967393F7C93: changes role from  FOLLOWER to FOLLOWER at term 169 for recognizeCandidate:d6dfcdd7-fc6e-4b51-b91e-b64503dadc5e
2019-10-17 21:55:04,849 [grpc-default-executor-1] INFO  impl.RoleInfo (RoleInfo.java:shutdownFollowerState(121)) - 08d4cbaa-ffed-4411-a5fd-c4a38026aead: shutdown FollowerState
2019-10-17 21:55:04,849 [grpc-default-executor-6] INFO  impl.RaftServerImpl (RaftServerImpl.java:setRole(184)) - da15dfee-23f0-4dc4-ad77-c00156c49cfa@group-F967393F7C93: changes role from  FOLLOWER to FOLLOWER at term 169 for recognizeCandidate:d6dfcdd7-fc6e-4b51-b91e-b64503dadc5e
2019-10-17 21:55:04,850 [Thread-1728] INFO  impl.FollowerState (FollowerState.java:run(117)) - 08d4cbaa-ffed-4411-a5fd-c4a38026aead@group-F967393F7C93-FollowerState was interrupted: java.lang.InterruptedException: sleep interrupted
2019-10-17 21:55:04,849 [grpc-default-executor-1] INFO  impl.RoleInfo (RoleInfo.java:updateAndGet(143)) - 08d4cbaa-ffed-4411-a5fd-c4a38026aead: start FollowerState
2019-10-17 21:55:04,850 [grpc-default-executor-6] INFO  impl.RoleInfo (RoleInfo.java:shutdownFollowerState(121)) - da15dfee-23f0-4dc4-ad77-c00156c49cfa: shutdown FollowerState
2019-10-17 21:55:04,850 [grpc-default-executor-6] INFO  impl.RoleInfo (RoleInfo.java:updateAndGet(143)) - da15dfee-23f0-4dc4-ad77-c00156c49cfa: start FollowerState
2019-10-17 21:55:04,850 [Thread-1729] INFO  impl.FollowerState (FollowerState.java:run(117)) - da15dfee-23f0-4dc4-ad77-c00156c49cfa@group-F967393F7C93-FollowerState was interrupted: java.lang.InterruptedException: sleep interrupted
2019-10-17 21:55:04,864 [d6dfcdd7-fc6e-4b51-b91e-b64503dadc5e@group-F967393F7C93-LeaderElection175] INFO  impl.LeaderElection (LeaderElection.java:logAndReturn(56)) - d6dfcdd7-fc6e-4b51-b91e-b64503dadc5e@group-F967393F7C93-LeaderElection175: Election REJECTED; received 2 response(s) [d6dfcdd7-fc6e-4b51-b91e-b64503dadc5e<-08d4cbaa-ffed-4411-a5fd-c4a38026aead#0:FAIL-t169, d6dfcdd7-fc6e-4b51-b91e-b64503dadc5e<-da15dfee-23f0-4dc4-ad77-c00156c49cfa#0:FAIL-t169] and 0 exception(s); d6dfcdd7-fc6e-4b51-b91e-b64503dadc5e@group-F967393F7C93:t169, leader=null, voted=d6dfcdd7-fc6e-4b51-b91e-b64503dadc5e, raftlog=d6dfcdd7-fc6e-4b51-b91e-b64503dadc5e@group-F967393F7C93-SegmentedRaftLog:OPENED:c-1,f-1,i0, conf=-1: [08d4cbaa-ffed-4411-a5fd-c4a38026aead:192.168.157.223:33910, da15dfee-23f0-4dc4-ad77-c00156c49cfa:192.168.157.223:42172, d6dfcdd7-fc6e-4b51-b91e-b64503dadc5e:192.168.157.223:43575], old=null
2019-10-17 21:55:04,864 [d6dfcdd7-fc6e-4b51-b91e-b64503dadc5e@group-F967393F7C93-LeaderElection175] INFO  impl.RaftServerImpl (RaftServerImpl.java:setRole(184)) - d6dfcdd7-fc6e-4b51-b91e-b64503dadc5e@group-F967393F7C93: changes role from CANDIDATE to FOLLOWER at term 169 for DISCOVERED_A_NEW_TERM
2019-10-17 21:55:04,864 [d6dfcdd7-fc6e-4b51-b91e-b64503dadc5e@group-F967393F7C93-LeaderElection175] INFO  impl.RoleInfo (RoleInfo.java:shutdownLeaderElection(134)) - d6dfcdd7-fc6e-4b51-b91e-b64503dadc5e: shutdown LeaderElection
2019-10-17 21:55:04,864 [d6dfcdd7-fc6e-4b51-b91e-b64503dadc5e@group-F967393F7C93-LeaderElection175] INFO  impl.RoleInfo (RoleInfo.java:updateAndGet(143)) - d6dfcdd7-fc6e-4b51-b91e-b64503dadc5e: start FollowerState
2019-10-17 21:55:05,017 [Thread-1738] INFO  impl.FollowerState (FollowerState.java:run(108)) - d6dfcdd7-fc6e-4b51-b91e-b64503dadc5e@group-F967393F7C93-FollowerState: change to CANDIDATE, lastRpcTime:152ms, electionTimeout:152ms
2019-10-17 21:55:05,017 [Thread-1738] INFO  impl.RoleInfo (RoleInfo.java:shutdownFollowerState(121)) - d6dfcdd7-fc6e-4b51-b91e-b64503dadc5e: shutdown FollowerState
2019-10-17 21:55:05,017 [Thread-1738] INFO  impl.RaftServerImpl (RaftServerImpl.java:setRole(184)) - d6dfcdd7-fc6e-4b51-b91e-b64503dadc5e@group-F967393F7C93: changes role from  FOLLOWER to CANDIDATE at term 169 for changeToCandidate
2019-10-17 21:55:05,017 [Thread-1738] INFO  impl.RoleInfo (RoleInfo.java:updateAndGet(143)) - d6dfcdd7-fc6e-4b51-b91e-b64503dadc5e: start LeaderElection
2019-10-17 21:55:05,042 [d6dfcdd7-fc6e-4b51-b91e-b64503dadc5e@group-F967393F7C93-LeaderElection176] INFO  impl.LeaderElection (LeaderElection.java:askForVotes(178)) - d6dfcdd7-fc6e-4b51-b91e-b64503dadc5e@group-F967393F7C93-LeaderElection176: begin an election at term 170 for -1: [08d4cbaa-ffed-4411-a5fd-c4a38026aead:192.168.157.223:33910, da15dfee-23f0-4dc4-ad77-c00156c49cfa:192.168.157.223:42172, d6dfcdd7-fc6e-4b51-b91e-b64503dadc5e:192.168.157.223:43575], old=null
2019-10-17 21:55:05,045 [grpc-default-executor-6] INFO  impl.RaftServerImpl (RaftServerImpl.java:setRole(184)) - 08d4cbaa-ffed-4411-a5fd-c4a38026aead@group-F967393F7C93: changes role from  FOLLOWER to FOLLOWER at term 170 for recognizeCandidate:d6dfcdd7-fc6e-4b51-b91e-b64503dadc5e
2019-10-17 21:55:05,045 [grpc-default-executor-6] INFO  impl.RoleInfo (RoleInfo.java:shutdownFollowerState(121)) - 08d4cbaa-ffed-4411-a5fd-c4a38026aead: shutdown FollowerState
2019-10-17 21:55:05,045 [grpc-default-executor-6] INFO  impl.RoleInfo (RoleInfo.java:updateAndGet(143)) - 08d4cbaa-ffed-4411-a5fd-c4a38026aead: start FollowerState
2019-10-17 21:55:05,045 [Thread-1736] INFO  impl.FollowerState (FollowerState.java:run(117)) - 08d4cbaa-ffed-4411-a5fd-c4a38026aead@group-F967393F7C93-FollowerState was interrupted: java.lang.InterruptedException: sleep interrupted
2019-10-17 21:55:05,045 [grpc-default-executor-1] INFO  impl.RaftServerImpl (RaftServerImpl.java:setRole(184)) - da15dfee-23f0-4dc4-ad77-c00156c49cfa@group-F967393F7C93: changes role from  FOLLOWER to FOLLOWER at term 170 for recognizeCandidate:d6dfcdd7-fc6e-4b51-b91e-b64503dadc5e
2019-10-17 21:55:05,046 [grpc-default-executor-1] INFO  impl.RoleInfo (RoleInfo.java:shutdownFollowerState(121)) - da15dfee-23f0-4dc4-ad77-c00156c49cfa: shutdown FollowerState
2019-10-17 21:55:05,046 [grpc-default-executor-1] INFO  impl.RoleInfo (RoleInfo.java:updateAndGet(143)) - da15dfee-23f0-4dc4-ad77-c00156c49cfa: start FollowerState
2019-10-17 21:55:05,046 [Thread-1737] INFO  impl.FollowerState (FollowerState.java:run(117)) - da15dfee-23f0-4dc4-ad77-c00156c49cfa@group-F967393F7C93-FollowerState was interrupted: java.lang.InterruptedException: sleep interrupted
2019-10-17 21:55:05,060 [d6dfcdd7-fc6e-4b51-b91e-b64503dadc5e@group-F967393F7C93-LeaderElection176] INFO  impl.LeaderElection (LeaderElection.java:logAndReturn(56)) - d6dfcdd7-fc6e-4b51-b91e-b64503dadc5e@group-F967393F7C93-LeaderElection176: Election REJECTED; received 2 response(s) [d6dfcdd7-fc6e-4b51-b91e-b64503dadc5e<-08d4cbaa-ffed-4411-a5fd-c4a38026aead#0:FAIL-t170, d6dfcdd7-fc6e-4b51-b91e-b64503dadc5e<-da15dfee-23f0-4dc4-ad77-c00156c49cfa#0:FAIL-t170] and 0 exception(s); d6dfcdd7-fc6e-4b51-b91e-b64503dadc5e@group-F967393F7C93:t170, leader=null, voted=d6dfcdd7-fc6e-4b51-b91e-b64503dadc5e, raftlog=d6dfcdd7-fc6e-4b51-b91e-b64503dadc5e@group-F967393F7C93-SegmentedRaftLog:OPENED:c-1,f-1,i0, conf=-1: [08d4cbaa-ffed-4411-a5fd-c4a38026aead:192.168.157.223:33910, da15dfee-23f0-4dc4-ad77-c00156c49cfa:192.168.157.223:42172, d6dfcdd7-fc6e-4b51-b91e-b64503dadc5e:192.168.157.223:43575], old=null
2019-10-17 21:55:05,060 [d6dfcdd7-fc6e-4b51-b91e-b64503dadc5e@group-F967393F7C93-LeaderElection176] INFO  impl.RaftServerImpl (RaftServerImpl.java:setRole(184)) - d6dfcdd7-fc6e-4b51-b91e-b64503dadc5e@group-F967393F7C93: changes role from CANDIDATE to FOLLOWER at term 170 for DISCOVERED_A_NEW_TERM
2019-10-17 21:55:05,060 [d6dfcdd7-fc6e-4b51-b91e-b64503dadc5e@group-F967393F7C93-LeaderElection176] INFO  impl.RoleInfo (RoleInfo.java:shutdownLeaderElection(134)) - d6dfcdd7-fc6e-4b51-b91e-b64503dadc5e: shutdown LeaderElection
2019-10-17 21:55:05,060 [d6dfcdd7-fc6e-4b51-b91e-b64503dadc5e@group-F967393F7C93-LeaderElection176] INFO  impl.RoleInfo (RoleInfo.java:updateAndGet(143)) - d6dfcdd7-fc6e-4b51-b91e-b64503dadc5e: start FollowerState
2019-10-17 21:55:05,187 [Thread-1744] INFO  impl.FollowerState (FollowerState.java:run(108)) - d6dfcdd7-fc6e-4b51-b91e-b64503dadc5e@group-F967393F7C93-FollowerState: change to CANDIDATE, lastRpcTime:126ms, electionTimeout:126ms
2019-10-17 21:55:05,187 [Thread-1744] INFO  impl.RoleInfo (RoleInfo.java:shutdownFollowerState(121)) - d6dfcdd7-fc6e-4b51-b91e-b64503dadc5e: shutdown FollowerState
2019-10-17 21:55:05,187 [Thread-1744] INFO  impl.RaftServerImpl (RaftServerImpl.java:setRole(184)) - d6dfcdd7-fc6e-4b51-b91e-b64503dadc5e@group-F967393F7C93: changes role from  FOLLOWER to CANDIDATE at term 170 for changeToCandidate
2019-10-17 21:55:05,187 [Thread-1744] INFO  impl.RoleInfo (RoleInfo.java:updateAndGet(143)) - d6dfcdd7-fc6e-4b51-b91e-b64503dadc5e: start LeaderElection
2019-10-17 21:55:05,204 [main] INFO  ozoneimpl.OzoneContainer (OzoneContainer.java:stop(227)) - Attempting to stop container services.
2019-10-17 21:55:05,205 [main] INFO  impl.RaftServerProxy (RaftServerProxy.java:lambda$close$4(314)) - fff7125c-610a-434d-b194-38800617abc4: close
2019-10-17 21:55:05,205 [main] INFO  impl.RaftServerImpl (RaftServerImpl.java:lambda$shutdown$3(261)) - fff7125c-610a-434d-b194-38800617abc4@group-4FF8CA26B826: shutdown
2019-10-17 21:55:05,205 [main] INFO  util.JmxRegister (JmxRegister.java:unregister(73)) - Successfully un-registered JMX Bean with object name Ratis:service=RaftServer,group=group-4FF8CA26B826,id=fff7125c-610a-434d-b194-38800617abc4
2019-10-17 21:55:05,205 [main] INFO  impl.RoleInfo (RoleInfo.java:shutdownLeaderState(104)) - fff7125c-610a-434d-b194-38800617abc4: shutdown LeaderState
2019-10-17 21:55:05,210 [main] INFO  impl.PendingRequests (PendingRequests.java:sendNotLeaderResponses(202)) - fff7125c-610a-434d-b194-38800617abc4@group-4FF8CA26B826-PendingRequests: sendNotLeaderResponses
2019-10-17 21:55:05,210 [d6dfcdd7-fc6e-4b51-b91e-b64503dadc5e@group-F967393F7C93-LeaderElection177] INFO  impl.LeaderElection (LeaderElection.java:askForVotes(178)) - d6dfcdd7-fc6e-4b51-b91e-b64503dadc5e@group-F967393F7C93-LeaderElection177: begin an election at term 171 for -1: [08d4cbaa-ffed-4411-a5fd-c4a38026aead:192.168.157.223:33910, da15dfee-23f0-4dc4-ad77-c00156c49cfa:192.168.157.223:42172, d6dfcdd7-fc6e-4b51-b91e-b64503dadc5e:192.168.157.223:43575], old=null
2019-10-17 21:55:05,210 [org.apache.ratis.server.impl.LogAppender$AppenderDaemon$$Lambda$456/2008494382@1b508bdb] WARN  server.GrpcLogAppender (GrpcLogAppender.java:mayWait(149)) - fff7125c-610a-434d-b194-38800617abc4@group-4FF8CA26B826->c3d1d4b8-f513-489f-ad1a-d9e469eb6c8d-GrpcLogAppender: Wait interrupted by java.lang.InterruptedException
2019-10-17 21:55:05,210 [org.apache.ratis.server.impl.LogAppender$AppenderDaemon$$Lambda$456/2008494382@8a9180c] WARN  server.GrpcLogAppender (GrpcLogAppender.java:mayWait(149)) - fff7125c-610a-434d-b194-38800617abc4@group-4FF8CA26B826->9a96bff1-ea9f-4cea-8163-a3905a9e2704-GrpcLogAppender: Wait interrupted by java.lang.InterruptedException
2019-10-17 21:55:05,214 [main] INFO  impl.StateMachineUpdater (StateMachineUpdater.java:stopAndJoin(136)) - fff7125c-610a-434d-b194-38800617abc4@group-4FF8CA26B826-StateMachineUpdater: set stopIndex = 18
2019-10-17 21:55:05,211 [ForkJoinPool.commonPool-worker-0] INFO  ozoneimpl.OzoneContainer (OzoneContainer.java:stop(227)) - Attempting to stop container services.
2019-10-17 21:55:05,215 [fff7125c-610a-434d-b194-38800617abc4@group-4FF8CA26B826-StateMachineUpdater] INFO  ratis.ContainerStateMachine (ContainerStateMachine.java:takeSnapshot(294)) - group-4FF8CA26B826: Taking a snapshot at:(t:11, i:16) file /workdir/hadoop-ozone/integration-test/target/test-dir/MiniOzoneClusterImpl-8354d78d-dcd0-455c-bdef-cdb54255caab/datanode-6/data/ratis/e919e467-9e8c-41dd-b4c7-4ff8ca26b826/sm/snapshot.11_16
2019-10-17 21:55:05,216 [ForkJoinPool.commonPool-worker-0] INFO  impl.RaftServerProxy (RaftServerProxy.java:lambda$close$4(314)) - da15dfee-23f0-4dc4-ad77-c00156c49cfa: close
2019-10-17 21:55:05,216 [ForkJoinPool.commonPool-worker-0] INFO  impl.RaftServerImpl (RaftServerImpl.java:lambda$shutdown$3(261)) - da15dfee-23f0-4dc4-ad77-c00156c49cfa@group-83EC0E0CEEC2: shutdown
2019-10-17 21:55:05,216 [grpc-default-executor-6] INFO  server.GrpcServerProtocolService (GrpcServerProtocolService.java:onCompleted(113)) - 9a96bff1-ea9f-4cea-8163-a3905a9e2704: Completed APPEND_ENTRIES, lastRequest: fff7125c-610a-434d-b194-38800617abc4->9a96bff1-ea9f-4cea-8163-a3905a9e2704#54-t11, previous=(t:11, i:18), leaderCommit=18, initializing? false, entries: <empty>
2019-10-17 21:55:05,216 [ForkJoinPool.commonPool-worker-0] INFO  util.JmxRegister (JmxRegister.java:unregister(73)) - Successfully un-registered JMX Bean with object name Ratis:service=RaftServer,group=group-83EC0E0CEEC2,id=da15dfee-23f0-4dc4-ad77-c00156c49cfa
2019-10-17 21:55:05,217 [ForkJoinPool.commonPool-worker-0] INFO  impl.RoleInfo (RoleInfo.java:shutdownLeaderState(104)) - da15dfee-23f0-4dc4-ad77-c00156c49cfa: shutdown LeaderState
2019-10-17 21:55:05,217 [ForkJoinPool.commonPool-worker-0] INFO  impl.PendingRequests (PendingRequests.java:sendNotLeaderResponses(202)) - da15dfee-23f0-4dc4-ad77-c00156c49cfa@group-83EC0E0CEEC2-PendingRequests: sendNotLeaderResponses
2019-10-17 21:55:05,217 [grpc-default-executor-6] INFO  server.GrpcLogAppender (GrpcLogAppender.java:onCompleted(308)) - fff7125c-610a-434d-b194-38800617abc4@group-4FF8CA26B826->9a96bff1-ea9f-4cea-8163-a3905a9e2704-AppendLogResponseHandler: follower responses appendEntries COMPLETED
2019-10-17 21:55:05,217 [ForkJoinPool.commonPool-worker-0] INFO  impl.StateMachineUpdater (StateMachineUpdater.java:stopAndJoin(136)) - da15dfee-23f0-4dc4-ad77-c00156c49cfa@group-83EC0E0CEEC2-StateMachineUpdater: set stopIndex = 0
2019-10-17 21:55:05,217 [grpc-default-executor-1] INFO  impl.RaftServerImpl (RaftServerImpl.java:setRole(184)) - da15dfee-23f0-4dc4-ad77-c00156c49cfa@group-F967393F7C93: changes role from  FOLLOWER to FOLLOWER at term 171 for recognizeCandidate:d6dfcdd7-fc6e-4b51-b91e-b64503dadc5e
2019-10-17 21:55:05,218 [grpc-default-executor-9] INFO  impl.RaftServerImpl (RaftServerImpl.java:setRole(184)) - 08d4cbaa-ffed-4411-a5fd-c4a38026aead@group-F967393F7C93: changes role from  FOLLOWER to FOLLOWER at term 171 for recognizeCandidate:d6dfcdd7-fc6e-4b51-b91e-b64503dadc5e
2019-10-17 21:55:05,218 [grpc-default-executor-9] INFO  impl.RoleInfo (RoleInfo.java:shutdownFollowerState(121)) - 08d4cbaa-ffed-4411-a5fd-c4a38026aead: shutdown FollowerState
2019-10-17 21:55:05,218 [ForkJoinPool.commonPool-worker-0] INFO  impl.RaftServerImpl (ServerState.java:close(388)) - da15dfee-23f0-4dc4-ad77-c00156c49cfa@group-83EC0E0CEEC2: closes. applyIndex: 0
2019-10-17 21:55:05,219 [Thread-1742] INFO  impl.FollowerState (FollowerState.java:run(117)) - 08d4cbaa-ffed-4411-a5fd-c4a38026aead@group-F967393F7C93-FollowerState was interrupted: java.lang.InterruptedException: sleep interrupted
2019-10-17 21:55:05,218 [grpc-default-executor-9] INFO  impl.RoleInfo (RoleInfo.java:updateAndGet(143)) - 08d4cbaa-ffed-4411-a5fd-c4a38026aead: start FollowerState
2019-10-17 21:55:05,218 [grpc-default-executor-1] INFO  impl.RoleInfo (RoleInfo.java:shutdownFollowerState(121)) - da15dfee-23f0-4dc4-ad77-c00156c49cfa: shutdown FollowerState
2019-10-17 21:55:05,219 [da15dfee-23f0-4dc4-ad77-c00156c49cfa@group-83EC0E0CEEC2-SegmentedRaftLogWorker] INFO  segmented.SegmentedRaftLogWorker (SegmentedRaftLogWorker.java:run(316)) - da15dfee-23f0-4dc4-ad77-c00156c49cfa@group-83EC0E0CEEC2-SegmentedRaftLogWorker was interrupted, exiting. There are 0 tasks remaining in the queue.
2019-10-17 21:55:05,219 [grpc-default-executor-6] INFO  impl.FollowerInfo (FollowerInfo.java:lambda$new$0(51)) - fff7125c-610a-434d-b194-38800617abc4@group-4FF8CA26B826->9a96bff1-ea9f-4cea-8163-a3905a9e2704: nextIndex: updateUnconditionally 19 -> 18
2019-10-17 21:55:05,221 [ForkJoinPool.commonPool-worker-0] INFO  segmented.SegmentedRaftLogWorker (SegmentedRaftLogWorker.java:close(224)) - da15dfee-23f0-4dc4-ad77-c00156c49cfa@group-83EC0E0CEEC2-SegmentedRaftLogWorker close()
2019-10-17 21:55:05,219 [grpc-default-executor-1] INFO  impl.RoleInfo (RoleInfo.java:updateAndGet(143)) - da15dfee-23f0-4dc4-ad77-c00156c49cfa: start FollowerState
2019-10-17 21:55:05,219 [Thread-1743] INFO  impl.FollowerState (FollowerState.java:run(117)) - da15dfee-23f0-4dc4-ad77-c00156c49cfa@group-F967393F7C93-FollowerState was interrupted: java.lang.InterruptedException: sleep interrupted
2019-10-17 21:55:05,225 [ForkJoinPool.commonPool-worker-0] INFO  impl.RaftServerImpl (RaftServerImpl.java:lambda$shutdown$3(261)) - da15dfee-23f0-4dc4-ad77-c00156c49cfa@group-F967393F7C93: shutdown
2019-10-17 21:55:05,226 [ForkJoinPool.commonPool-worker-0] INFO  util.JmxRegister (JmxRegister.java:unregister(73)) - Successfully un-registered JMX Bean with object name Ratis:service=RaftServer,group=group-F967393F7C93,id=da15dfee-23f0-4dc4-ad77-c00156c49cfa
2019-10-17 21:55:05,226 [ForkJoinPool.commonPool-worker-0] INFO  impl.RoleInfo (RoleInfo.java:shutdownFollowerState(121)) - da15dfee-23f0-4dc4-ad77-c00156c49cfa: shutdown FollowerState
2019-10-17 21:55:05,226 [ForkJoinPool.commonPool-worker-0] INFO  impl.StateMachineUpdater (StateMachineUpdater.java:stopAndJoin(136)) - da15dfee-23f0-4dc4-ad77-c00156c49cfa@group-F967393F7C93-StateMachineUpdater: set stopIndex = -1
2019-10-17 21:55:05,226 [Thread-1749] INFO  impl.FollowerState (FollowerState.java:run(117)) - da15dfee-23f0-4dc4-ad77-c00156c49cfa@group-F967393F7C93-FollowerState was interrupted: java.lang.InterruptedException: sleep interrupted
2019-10-17 21:55:05,226 [ForkJoinPool.commonPool-worker-0] INFO  impl.RaftServerImpl (ServerState.java:close(388)) - da15dfee-23f0-4dc4-ad77-c00156c49cfa@group-F967393F7C93: closes. applyIndex: -1
2019-10-17 21:55:05,227 [da15dfee-23f0-4dc4-ad77-c00156c49cfa@group-F967393F7C93-SegmentedRaftLogWorker] INFO  segmented.SegmentedRaftLogWorker (SegmentedRaftLogWorker.java:run(316)) - da15dfee-23f0-4dc4-ad77-c00156c49cfa@group-F967393F7C93-SegmentedRaftLogWorker was interrupted, exiting. There are 0 tasks remaining in the queue.
2019-10-17 21:55:05,231 [ForkJoinPool.commonPool-worker-0] INFO  segmented.SegmentedRaftLogWorker (SegmentedRaftLogWorker.java:close(224)) - da15dfee-23f0-4dc4-ad77-c00156c49cfa@group-F967393F7C93-SegmentedRaftLogWorker close()
2019-10-17 21:55:05,235 [ForkJoinPool.commonPool-worker-0] INFO  server.GrpcService (GrpcService.java:closeImpl(164)) - da15dfee-23f0-4dc4-ad77-c00156c49cfa: shutdown server with port 42172 now
2019-10-17 21:55:05,236 [ForkJoinPool.commonPool-worker-0] INFO  server.GrpcService (GrpcService.java:closeImpl(172)) - da15dfee-23f0-4dc4-ad77-c00156c49cfa: shutdown server with port 42172 successfully
2019-10-17 21:55:05,240 [d6dfcdd7-fc6e-4b51-b91e-b64503dadc5e@group-F967393F7C93-LeaderElection177] INFO  impl.LeaderElection (LogUtils.java:infoOrTrace(149)) - d6dfcdd7-fc6e-4b51-b91e-b64503dadc5e@group-F967393F7C93-LeaderElection177 got exception when requesting votes: {}
java.util.concurrent.ExecutionException: org.apache.ratis.thirdparty.io.grpc.StatusRuntimeException: CANCELLED: HTTP/2 error code: CANCEL
Received Rst Stream
	at java.util.concurrent.FutureTask.report(FutureTask.java:122)
	at java.util.concurrent.FutureTask.get(FutureTask.java:192)
	at org.apache.ratis.server.impl.LeaderElection.waitForResults(LeaderElection.java:259)
	at org.apache.ratis.server.impl.LeaderElection.askForVotes(LeaderElection.java:197)
	at org.apache.ratis.server.impl.LeaderElection.run(LeaderElection.java:133)
	at java.lang.Thread.run(Thread.java:748)
Caused by: org.apache.ratis.thirdparty.io.grpc.StatusRuntimeException: CANCELLED: HTTP/2 error code: CANCEL
Received Rst Stream
	at org.apache.ratis.thirdparty.io.grpc.stub.ClientCalls.toStatusRuntimeException(ClientCalls.java:233)
	at org.apache.ratis.thirdparty.io.grpc.stub.ClientCalls.getUnchecked(ClientCalls.java:214)
	at org.apache.ratis.thirdparty.io.grpc.stub.ClientCalls.blockingUnaryCall(ClientCalls.java:139)
	at org.apache.ratis.proto.grpc.RaftServerProtocolServiceGrpc$RaftServerProtocolServiceBlockingStub.requestVote(RaftServerProtocolServiceGrpc.java:265)
	at org.apache.ratis.grpc.server.GrpcServerProtocolClient.requestVote(GrpcServerProtocolClient.java:99)
	at org.apache.ratis.grpc.server.GrpcService.requestVote(GrpcService.java:204)
	at org.apache.ratis.server.impl.LeaderElection.lambda$submitRequests$1(LeaderElection.java:234)
	at java.util.concurrent.FutureTask.run(FutureTask.java:266)
	at java.util.concurrent.Executors$RunnableAdapter.call(Executors.java:511)
	at java.util.concurrent.FutureTask.run(FutureTask.java:266)
	at java.util.concurrent.ThreadPoolExecutor.runWorker(ThreadPoolExecutor.java:1149)
	at java.util.concurrent.ThreadPoolExecutor$Worker.run(ThreadPoolExecutor.java:624)
	... 1 more
2019-10-17 21:55:05,242 [fff7125c-610a-434d-b194-38800617abc4@group-4FF8CA26B826-StateMachineUpdater] INFO  ratis.ContainerStateMachine (ContainerStateMachine.java:takeSnapshot(305)) - group-4FF8CA26B826: Finished taking a snapshot at:(t:11, i:16) file:/workdir/hadoop-ozone/integration-test/target/test-dir/MiniOzoneClusterImpl-8354d78d-dcd0-455c-bdef-cdb54255caab/datanode-6/data/ratis/e919e467-9e8c-41dd-b4c7-4ff8ca26b826/sm/snapshot.11_16 time:27
2019-10-17 21:55:05,245 [d6dfcdd7-fc6e-4b51-b91e-b64503dadc5e@group-F967393F7C93-LeaderElection177] INFO  impl.LeaderElection (LeaderElection.java:logAndReturn(56)) - d6dfcdd7-fc6e-4b51-b91e-b64503dadc5e@group-F967393F7C93-LeaderElection177: Election REJECTED; received 1 response(s) [d6dfcdd7-fc6e-4b51-b91e-b64503dadc5e<-08d4cbaa-ffed-4411-a5fd-c4a38026aead#0:FAIL-t171] and 1 exception(s); d6dfcdd7-fc6e-4b51-b91e-b64503dadc5e@group-F967393F7C93:t171, leader=null, voted=d6dfcdd7-fc6e-4b51-b91e-b64503dadc5e, raftlog=d6dfcdd7-fc6e-4b51-b91e-b64503dadc5e@group-F967393F7C93-SegmentedRaftLog:OPENED:c-1,f-1,i0, conf=-1: [08d4cbaa-ffed-4411-a5fd-c4a38026aead:192.168.157.223:33910, da15dfee-23f0-4dc4-ad77-c00156c49cfa:192.168.157.223:42172, d6dfcdd7-fc6e-4b51-b91e-b64503dadc5e:192.168.157.223:43575], old=null
2019-10-17 21:55:05,245 [fff7125c-610a-434d-b194-38800617abc4@group-4FF8CA26B826-StateMachineUpdater] INFO  impl.StateMachineUpdater (StateMachineUpdater.java:takeSnapshot(269)) - fff7125c-610a-434d-b194-38800617abc4@group-4FF8CA26B826-StateMachineUpdater: Took a snapshot at index 16
2019-10-17 21:55:05,246 [fff7125c-610a-434d-b194-38800617abc4@group-4FF8CA26B826-StateMachineUpdater] INFO  impl.StateMachineUpdater (StateMachineUpdater.java:lambda$new$0(84)) - fff7125c-610a-434d-b194-38800617abc4@group-4FF8CA26B826-StateMachineUpdater: snapshotIndex: updateIncreasingly -1 -> 16
2019-10-17 21:55:05,246 [d6dfcdd7-fc6e-4b51-b91e-b64503dadc5e@group-F967393F7C93-LeaderElection177] INFO  impl.LeaderElection (LogUtils.java:infoOrTrace(149)) -   Exception 0: {}
java.util.concurrent.ExecutionException: org.apache.ratis.thirdparty.io.grpc.StatusRuntimeException: CANCELLED: HTTP/2 error code: CANCEL
Received Rst Stream
	at java.util.concurrent.FutureTask.report(FutureTask.java:122)
	at java.util.concurrent.FutureTask.get(FutureTask.java:192)
	at org.apache.ratis.server.impl.LeaderElection.waitForResults(LeaderElection.java:259)
	at org.apache.ratis.server.impl.LeaderElection.askForVotes(LeaderElection.java:197)
	at org.apache.ratis.server.impl.LeaderElection.run(LeaderElection.java:133)
	at java.lang.Thread.run(Thread.java:748)
Caused by: org.apache.ratis.thirdparty.io.grpc.StatusRuntimeException: CANCELLED: HTTP/2 error code: CANCEL
Received Rst Stream
	at org.apache.ratis.thirdparty.io.grpc.stub.ClientCalls.toStatusRuntimeException(ClientCalls.java:233)
	at org.apache.ratis.thirdparty.io.grpc.stub.ClientCalls.getUnchecked(ClientCalls.java:214)
	at org.apache.ratis.thirdparty.io.grpc.stub.ClientCalls.blockingUnaryCall(ClientCalls.java:139)
	at org.apache.ratis.proto.grpc.RaftServerProtocolServiceGrpc$RaftServerProtocolServiceBlockingStub.requestVote(RaftServerProtocolServiceGrpc.java:265)
	at org.apache.ratis.grpc.server.GrpcServerProtocolClient.requestVote(GrpcServerProtocolClient.java:99)
	at org.apache.ratis.grpc.server.GrpcService.requestVote(GrpcService.java:204)
	at org.apache.ratis.server.impl.LeaderElection.lambda$submitRequests$1(LeaderElection.java:234)
	at java.util.concurrent.FutureTask.run(FutureTask.java:266)
	at java.util.concurrent.Executors$RunnableAdapter.call(Executors.java:511)
	at java.util.concurrent.FutureTask.run(FutureTask.java:266)
	at java.util.concurrent.ThreadPoolExecutor.runWorker(ThreadPoolExecutor.java:1149)
	at java.util.concurrent.ThreadPoolExecutor$Worker.run(ThreadPoolExecutor.java:624)
	... 1 more
2019-10-17 21:55:05,246 [fff7125c-610a-434d-b194-38800617abc4@group-4FF8CA26B826-StateMachineUpdater] INFO  ratis.ContainerStateMachine (ContainerStateMachine.java:takeSnapshot(294)) - group-4FF8CA26B826: Taking a snapshot at:(t:11, i:16) file /workdir/hadoop-ozone/integration-test/target/test-dir/MiniOzoneClusterImpl-8354d78d-dcd0-455c-bdef-cdb54255caab/datanode-6/data/ratis/e919e467-9e8c-41dd-b4c7-4ff8ca26b826/sm/snapshot.11_16
2019-10-17 21:55:05,247 [d6dfcdd7-fc6e-4b51-b91e-b64503dadc5e@group-F967393F7C93-LeaderElection177] INFO  impl.RaftServerImpl (RaftServerImpl.java:setRole(184)) - d6dfcdd7-fc6e-4b51-b91e-b64503dadc5e@group-F967393F7C93: changes role from CANDIDATE to FOLLOWER at term 171 for DISCOVERED_A_NEW_TERM
2019-10-17 21:55:05,247 [d6dfcdd7-fc6e-4b51-b91e-b64503dadc5e@group-F967393F7C93-LeaderElection177] INFO  impl.RoleInfo (RoleInfo.java:shutdownLeaderElection(134)) - d6dfcdd7-fc6e-4b51-b91e-b64503dadc5e: shutdown LeaderElection
2019-10-17 21:55:05,247 [d6dfcdd7-fc6e-4b51-b91e-b64503dadc5e@group-F967393F7C93-LeaderElection177] INFO  impl.RoleInfo (RoleInfo.java:updateAndGet(143)) - d6dfcdd7-fc6e-4b51-b91e-b64503dadc5e: start FollowerState
2019-10-17 21:55:05,250 [refreshUsed-/workdir/hadoop-ozone/integration-test/target/test-dir/MiniOzoneClusterImpl-8354d78d-dcd0-455c-bdef-cdb54255caab/datanode-3/data/containers] WARN  fs.CachingGetSpaceUsed (CachingGetSpaceUsed.java:run(183)) - Thread Interrupted waiting to refresh disk information: sleep interrupted
2019-10-17 21:55:05,267 [ForkJoinPool.commonPool-worker-0] INFO  utils.BackgroundService (BackgroundService.java:shutdown(151)) - Shutting down service BlockDeletingService
2019-10-17 21:55:05,271 [java.util.concurrent.ThreadPoolExecutor$Worker@71aa17a1[State = -1, empty queue]] WARN  server.GrpcLogAppender (GrpcLogAppender.java:timeoutAppendRequest(209)) - de567563-d0dd-4cf2-91b7-f72627909699@group-3097D7458558->db0af43e-c62e-4c1d-affa-ffdb4faae2f8-GrpcLogAppender: appendEntries Timeout, request=de567563-d0dd-4cf2-91b7-f72627909699->db0af43e-c62e-4c1d-affa-ffdb4faae2f8#40-t10, previous=(t:10, i:4), leaderCommit=4, initializing? false, entries: <empty>
2019-10-17 21:55:05,272 [ForkJoinPool.commonPool-worker-0] INFO  statemachine.DatanodeStateMachine (DatanodeStateMachine.java:stopDaemon(395)) - Ozone container server stopped.
2019-10-17 21:55:05,272 [fff7125c-610a-434d-b194-38800617abc4@group-4FF8CA26B826-StateMachineUpdater] INFO  ratis.ContainerStateMachine (ContainerStateMachine.java:takeSnapshot(305)) - group-4FF8CA26B826: Finished taking a snapshot at:(t:11, i:16) file:/workdir/hadoop-ozone/integration-test/target/test-dir/MiniOzoneClusterImpl-8354d78d-dcd0-455c-bdef-cdb54255caab/datanode-6/data/ratis/e919e467-9e8c-41dd-b4c7-4ff8ca26b826/sm/snapshot.11_16 time:26
2019-10-17 21:55:05,276 [fff7125c-610a-434d-b194-38800617abc4@group-4FF8CA26B826-StateMachineUpdater] INFO  impl.StateMachineUpdater (StateMachineUpdater.java:takeSnapshot(269)) - fff7125c-610a-434d-b194-38800617abc4@group-4FF8CA26B826-StateMachineUpdater: Took a snapshot at index 16
2019-10-17 21:55:05,276 [fff7125c-610a-434d-b194-38800617abc4@group-4FF8CA26B826-StateMachineUpdater] INFO  impl.StateMachineUpdater (StateMachineUpdater.java:lambda$new$0(84)) - fff7125c-610a-434d-b194-38800617abc4@group-4FF8CA26B826-StateMachineUpdater: snapshotIndex: updateIncreasingly 16 -> 16
2019-10-17 21:55:05,277 [main] INFO  impl.RaftServerImpl (ServerState.java:close(388)) - fff7125c-610a-434d-b194-38800617abc4@group-4FF8CA26B826: closes. applyIndex: 18
2019-10-17 21:55:05,279 [ForkJoinPool.commonPool-worker-0] INFO  handler.ContextHandler (ContextHandler.java:doStop(910)) - Stopped o.e.j.w.WebAppContext@4da6d664{/,null,UNAVAILABLE}{/hddsDatanode}
2019-10-17 21:55:05,279 [fff7125c-610a-434d-b194-38800617abc4@group-4FF8CA26B826-SegmentedRaftLogWorker] INFO  segmented.SegmentedRaftLogWorker (SegmentedRaftLogWorker.java:run(316)) - fff7125c-610a-434d-b194-38800617abc4@group-4FF8CA26B826-SegmentedRaftLogWorker was interrupted, exiting. There are 0 tasks remaining in the queue.
2019-10-17 21:55:05,281 [main] INFO  segmented.SegmentedRaftLogWorker (SegmentedRaftLogWorker.java:close(224)) - fff7125c-610a-434d-b194-38800617abc4@group-4FF8CA26B826-SegmentedRaftLogWorker close()
2019-10-17 21:55:05,284 [main] INFO  impl.RaftServerImpl (RaftServerImpl.java:lambda$shutdown$3(261)) - fff7125c-610a-434d-b194-38800617abc4@group-AE396C2A2895: shutdown
2019-10-17 21:55:05,284 [main] INFO  util.JmxRegister (JmxRegister.java:unregister(73)) - Successfully un-registered JMX Bean with object name Ratis:service=RaftServer,group=group-AE396C2A2895,id=fff7125c-610a-434d-b194-38800617abc4
2019-10-17 21:55:05,284 [ForkJoinPool.commonPool-worker-0] INFO  server.AbstractConnector (AbstractConnector.java:doStop(318)) - Stopped ServerConnector@5e5af8e1{HTTP/1.1,[http/1.1]}{0.0.0.0:0}
2019-10-17 21:55:05,284 [main] INFO  impl.RoleInfo (RoleInfo.java:shutdownLeaderState(104)) - fff7125c-610a-434d-b194-38800617abc4: shutdown LeaderState
2019-10-17 21:55:05,286 [ForkJoinPool.commonPool-worker-0] INFO  handler.ContextHandler (ContextHandler.java:doStop(910)) - Stopped o.e.j.s.ServletContextHandler@68d7a2df{/static,jar:file:/home/user/.m2/repository/org/apache/hadoop/hadoop-hdds-container-service/0.5.0-SNAPSHOT/hadoop-hdds-container-service-0.5.0-SNAPSHOT.jar!/webapps/static,UNAVAILABLE}
2019-10-17 21:55:05,286 [Thread-1750] INFO  impl.FollowerState (FollowerState.java:run(108)) - d6dfcdd7-fc6e-4b51-b91e-b64503dadc5e@group-F967393F7C93-FollowerState: change to CANDIDATE, lastRpcTime:38ms, electionTimeout:37ms
2019-10-17 21:55:05,286 [main] INFO  impl.PendingRequests (PendingRequests.java:sendNotLeaderResponses(202)) - fff7125c-610a-434d-b194-38800617abc4@group-AE396C2A2895-PendingRequests: sendNotLeaderResponses
2019-10-17 21:55:05,288 [ForkJoinPool.commonPool-worker-0] INFO  handler.ContextHandler (ContextHandler.java:doStop(910)) - Stopped o.e.j.s.ServletContextHandler@4b200971{/logs,file:///workdir/hadoop-ozone/integration-test/target/log,UNAVAILABLE}
2019-10-17 21:55:05,288 [Thread-1750] INFO  impl.RoleInfo (RoleInfo.java:shutdownFollowerState(121)) - d6dfcdd7-fc6e-4b51-b91e-b64503dadc5e: shutdown FollowerState
2019-10-17 21:55:05,288 [main] INFO  impl.StateMachineUpdater (StateMachineUpdater.java:stopAndJoin(136)) - fff7125c-610a-434d-b194-38800617abc4@group-AE396C2A2895-StateMachineUpdater: set stopIndex = 0
2019-10-17 21:55:05,288 [Thread-1750] INFO  impl.RaftServerImpl (RaftServerImpl.java:setRole(184)) - d6dfcdd7-fc6e-4b51-b91e-b64503dadc5e@group-F967393F7C93: changes role from  FOLLOWER to CANDIDATE at term 171 for changeToCandidate
2019-10-17 21:55:05,289 [main] INFO  impl.RaftServerImpl (ServerState.java:close(388)) - fff7125c-610a-434d-b194-38800617abc4@group-AE396C2A2895: closes. applyIndex: 0
2019-10-17 21:55:05,289 [Thread-1750] INFO  impl.RoleInfo (RoleInfo.java:updateAndGet(143)) - d6dfcdd7-fc6e-4b51-b91e-b64503dadc5e: start LeaderElection
2019-10-17 21:55:05,289 [fff7125c-610a-434d-b194-38800617abc4@group-AE396C2A2895-SegmentedRaftLogWorker] INFO  segmented.SegmentedRaftLogWorker (SegmentedRaftLogWorker.java:run(316)) - fff7125c-610a-434d-b194-38800617abc4@group-AE396C2A2895-SegmentedRaftLogWorker was interrupted, exiting. There are 0 tasks remaining in the queue.
2019-10-17 21:55:05,291 [main] INFO  segmented.SegmentedRaftLogWorker (SegmentedRaftLogWorker.java:close(224)) - fff7125c-610a-434d-b194-38800617abc4@group-AE396C2A2895-SegmentedRaftLogWorker close()
2019-10-17 21:55:05,294 [main] INFO  server.GrpcService (GrpcService.java:closeImpl(164)) - fff7125c-610a-434d-b194-38800617abc4: shutdown server with port 34162 now
2019-10-17 21:55:05,294 [java.util.concurrent.ThreadPoolExecutor$Worker@53372d8e[State = -1, empty queue]] WARN  server.GrpcLogAppender (GrpcLogAppender.java:timeoutAppendRequest(209)) - fff7125c-610a-434d-b194-38800617abc4@group-4FF8CA26B826->c3d1d4b8-f513-489f-ad1a-d9e469eb6c8d-GrpcLogAppender: appendEntries Timeout, request=fff7125c-610a-434d-b194-38800617abc4->c3d1d4b8-f513-489f-ad1a-d9e469eb6c8d#50-t11, previous=(t:11, i:18), leaderCommit=18, initializing? false, entries: <empty>
2019-10-17 21:55:05,295 [main] INFO  server.GrpcService (GrpcService.java:closeImpl(172)) - fff7125c-610a-434d-b194-38800617abc4: shutdown server with port 34162 successfully
2019-10-17 21:55:05,295 [grpc-default-executor-1] WARN  client.GrpcClientProtocolService (LogUtils.java:warn(134)) - 1-UnorderedRequestStreamObserver1: onError: org.apache.ratis.thirdparty.io.grpc.StatusRuntimeException: CANCELLED: cancelled before receiving half close
2019-10-17 21:55:05,298 [refreshUsed-/workdir/hadoop-ozone/integration-test/target/test-dir/MiniOzoneClusterImpl-8354d78d-dcd0-455c-bdef-cdb54255caab/datanode-6/data/containers] WARN  fs.CachingGetSpaceUsed (CachingGetSpaceUsed.java:run(183)) - Thread Interrupted waiting to refresh disk information: sleep interrupted
2019-10-17 21:55:05,307 [d6dfcdd7-fc6e-4b51-b91e-b64503dadc5e@group-F967393F7C93-LeaderElection178] INFO  impl.LeaderElection (LeaderElection.java:askForVotes(178)) - d6dfcdd7-fc6e-4b51-b91e-b64503dadc5e@group-F967393F7C93-LeaderElection178: begin an election at term 172 for -1: [08d4cbaa-ffed-4411-a5fd-c4a38026aead:192.168.157.223:33910, da15dfee-23f0-4dc4-ad77-c00156c49cfa:192.168.157.223:42172, d6dfcdd7-fc6e-4b51-b91e-b64503dadc5e:192.168.157.223:43575], old=null
2019-10-17 21:55:05,316 [grpc-default-executor-6] INFO  impl.RaftServerImpl (RaftServerImpl.java:setRole(184)) - 08d4cbaa-ffed-4411-a5fd-c4a38026aead@group-F967393F7C93: changes role from  FOLLOWER to FOLLOWER at term 172 for recognizeCandidate:d6dfcdd7-fc6e-4b51-b91e-b64503dadc5e
2019-10-17 21:55:05,316 [grpc-default-executor-6] INFO  impl.RoleInfo (RoleInfo.java:shutdownFollowerState(121)) - 08d4cbaa-ffed-4411-a5fd-c4a38026aead: shutdown FollowerState
2019-10-17 21:55:05,316 [grpc-default-executor-6] INFO  impl.RoleInfo (RoleInfo.java:updateAndGet(143)) - 08d4cbaa-ffed-4411-a5fd-c4a38026aead: start FollowerState
2019-10-17 21:55:05,316 [Thread-1748] INFO  impl.FollowerState (FollowerState.java:run(117)) - 08d4cbaa-ffed-4411-a5fd-c4a38026aead@group-F967393F7C93-FollowerState was interrupted: java.lang.InterruptedException: sleep interrupted
2019-10-17 21:55:05,316 [main] INFO  utils.BackgroundService (BackgroundService.java:shutdown(151)) - Shutting down service BlockDeletingService
2019-10-17 21:55:05,319 [d6dfcdd7-fc6e-4b51-b91e-b64503dadc5e@group-F967393F7C93-LeaderElection178] INFO  impl.LeaderElection (LogUtils.java:infoOrTrace(149)) - d6dfcdd7-fc6e-4b51-b91e-b64503dadc5e@group-F967393F7C93-LeaderElection178 got exception when requesting votes: {}
java.util.concurrent.ExecutionException: org.apache.ratis.thirdparty.io.grpc.StatusRuntimeException: UNAVAILABLE: io exception
	at java.util.concurrent.FutureTask.report(FutureTask.java:122)
	at java.util.concurrent.FutureTask.get(FutureTask.java:192)
	at org.apache.ratis.server.impl.LeaderElection.waitForResults(LeaderElection.java:259)
	at org.apache.ratis.server.impl.LeaderElection.askForVotes(LeaderElection.java:197)
	at org.apache.ratis.server.impl.LeaderElection.run(LeaderElection.java:133)
	at java.lang.Thread.run(Thread.java:748)
Caused by: org.apache.ratis.thirdparty.io.grpc.StatusRuntimeException: UNAVAILABLE: io exception
	at org.apache.ratis.thirdparty.io.grpc.stub.ClientCalls.toStatusRuntimeException(ClientCalls.java:233)
	at org.apache.ratis.thirdparty.io.grpc.stub.ClientCalls.getUnchecked(ClientCalls.java:214)
	at org.apache.ratis.thirdparty.io.grpc.stub.ClientCalls.blockingUnaryCall(ClientCalls.java:139)
	at org.apache.ratis.proto.grpc.RaftServerProtocolServiceGrpc$RaftServerProtocolServiceBlockingStub.requestVote(RaftServerProtocolServiceGrpc.java:265)
	at org.apache.ratis.grpc.server.GrpcServerProtocolClient.requestVote(GrpcServerProtocolClient.java:99)
	at org.apache.ratis.grpc.server.GrpcService.requestVote(GrpcService.java:204)
	at org.apache.ratis.server.impl.LeaderElection.lambda$submitRequests$1(LeaderElection.java:234)
	at java.util.concurrent.FutureTask.run(FutureTask.java:266)
	at java.util.concurrent.Executors$RunnableAdapter.call(Executors.java:511)
	at java.util.concurrent.FutureTask.run(FutureTask.java:266)
	at java.util.concurrent.ThreadPoolExecutor.runWorker(ThreadPoolExecutor.java:1149)
	at java.util.concurrent.ThreadPoolExecutor$Worker.run(ThreadPoolExecutor.java:624)
	... 1 more
Caused by: org.apache.ratis.thirdparty.io.netty.channel.AbstractChannel$AnnotatedConnectException: Connection refused: /192.168.157.223:42172
	at sun.nio.ch.SocketChannelImpl.checkConnect(Native Method)
	at sun.nio.ch.SocketChannelImpl.finishConnect(SocketChannelImpl.java:717)
	at org.apache.ratis.thirdparty.io.netty.channel.socket.nio.NioSocketChannel.doFinishConnect(NioSocketChannel.java:327)
	at org.apache.ratis.thirdparty.io.netty.channel.nio.AbstractNioChannel$AbstractNioUnsafe.finishConnect(AbstractNioChannel.java:340)
	at org.apache.ratis.thirdparty.io.netty.channel.nio.NioEventLoop.processSelectedKey(NioEventLoop.java:632)
	at org.apache.ratis.thirdparty.io.netty.channel.nio.NioEventLoop.processSelectedKeysOptimized(NioEventLoop.java:579)
	at org.apache.ratis.thirdparty.io.netty.channel.nio.NioEventLoop.processSelectedKeys(NioEventLoop.java:496)
	at org.apache.ratis.thirdparty.io.netty.channel.nio.NioEventLoop.run(NioEventLoop.java:458)
	at org.apache.ratis.thirdparty.io.netty.util.concurrent.SingleThreadEventExecutor$5.run(SingleThreadEventExecutor.java:897)
	at org.apache.ratis.thirdparty.io.netty.util.concurrent.FastThreadLocalRunnable.run(FastThreadLocalRunnable.java:30)
	... 1 more
Caused by: java.net.ConnectException: Connection refused
	... 11 more
2019-10-17 21:55:05,320 [main] INFO  statemachine.DatanodeStateMachine (DatanodeStateMachine.java:stopDaemon(395)) - Ozone container server stopped.
2019-10-17 21:55:05,321 [d6dfcdd7-fc6e-4b51-b91e-b64503dadc5e@group-F967393F7C93-LeaderElection178] INFO  impl.LeaderElection (LeaderElection.java:logAndReturn(56)) - d6dfcdd7-fc6e-4b51-b91e-b64503dadc5e@group-F967393F7C93-LeaderElection178: Election TIMEOUT; received 0 response(s) [] and 1 exception(s); d6dfcdd7-fc6e-4b51-b91e-b64503dadc5e@group-F967393F7C93:t172, leader=null, voted=d6dfcdd7-fc6e-4b51-b91e-b64503dadc5e, raftlog=d6dfcdd7-fc6e-4b51-b91e-b64503dadc5e@group-F967393F7C93-SegmentedRaftLog:OPENED:c-1,f-1,i0, conf=-1: [08d4cbaa-ffed-4411-a5fd-c4a38026aead:192.168.157.223:33910, da15dfee-23f0-4dc4-ad77-c00156c49cfa:192.168.157.223:42172, d6dfcdd7-fc6e-4b51-b91e-b64503dadc5e:192.168.157.223:43575], old=null
2019-10-17 21:55:05,321 [d6dfcdd7-fc6e-4b51-b91e-b64503dadc5e@group-F967393F7C93-LeaderElection178] INFO  impl.LeaderElection (LogUtils.java:infoOrTrace(149)) -   Exception 0: {}
java.util.concurrent.ExecutionException: org.apache.ratis.thirdparty.io.grpc.StatusRuntimeException: UNAVAILABLE: io exception
	at java.util.concurrent.FutureTask.report(FutureTask.java:122)
	at java.util.concurrent.FutureTask.get(FutureTask.java:192)
	at org.apache.ratis.server.impl.LeaderElection.waitForResults(LeaderElection.java:259)
	at org.apache.ratis.server.impl.LeaderElection.askForVotes(LeaderElection.java:197)
	at org.apache.ratis.server.impl.LeaderElection.run(LeaderElection.java:133)
	at java.lang.Thread.run(Thread.java:748)
Caused by: org.apache.ratis.thirdparty.io.grpc.StatusRuntimeException: UNAVAILABLE: io exception
	at org.apache.ratis.thirdparty.io.grpc.stub.ClientCalls.toStatusRuntimeException(ClientCalls.java:233)
	at org.apache.ratis.thirdparty.io.grpc.stub.ClientCalls.getUnchecked(ClientCalls.java:214)
	at org.apache.ratis.thirdparty.io.grpc.stub.ClientCalls.blockingUnaryCall(ClientCalls.java:139)
	at org.apache.ratis.proto.grpc.RaftServerProtocolServiceGrpc$RaftServerProtocolServiceBlockingStub.requestVote(RaftServerProtocolServiceGrpc.java:265)
	at org.apache.ratis.grpc.server.GrpcServerProtocolClient.requestVote(GrpcServerProtocolClient.java:99)
	at org.apache.ratis.grpc.server.GrpcService.requestVote(GrpcService.java:204)
	at org.apache.ratis.server.impl.LeaderElection.lambda$submitRequests$1(LeaderElection.java:234)
	at java.util.concurrent.FutureTask.run(FutureTask.java:266)
	at java.util.concurrent.Executors$RunnableAdapter.call(Executors.java:511)
	at java.util.concurrent.FutureTask.run(FutureTask.java:266)
	at java.util.concurrent.ThreadPoolExecutor.runWorker(ThreadPoolExecutor.java:1149)
	at java.util.concurrent.ThreadPoolExecutor$Worker.run(ThreadPoolExecutor.java:624)
	... 1 more
Caused by: org.apache.ratis.thirdparty.io.netty.channel.AbstractChannel$AnnotatedConnectException: Connection refused: /192.168.157.223:42172
	at sun.nio.ch.SocketChannelImpl.checkConnect(Native Method)
	at sun.nio.ch.SocketChannelImpl.finishConnect(SocketChannelImpl.java:717)
	at org.apache.ratis.thirdparty.io.netty.channel.socket.nio.NioSocketChannel.doFinishConnect(NioSocketChannel.java:327)
	at org.apache.ratis.thirdparty.io.netty.channel.nio.AbstractNioChannel$AbstractNioUnsafe.finishConnect(AbstractNioChannel.java:340)
	at org.apache.ratis.thirdparty.io.netty.channel.nio.NioEventLoop.processSelectedKey(NioEventLoop.java:632)
	at org.apache.ratis.thirdparty.io.netty.channel.nio.NioEventLoop.processSelectedKeysOptimized(NioEventLoop.java:579)
	at org.apache.ratis.thirdparty.io.netty.channel.nio.NioEventLoop.processSelectedKeys(NioEventLoop.java:496)
	at org.apache.ratis.thirdparty.io.netty.channel.nio.NioEventLoop.run(NioEventLoop.java:458)
	at org.apache.ratis.thirdparty.io.netty.util.concurrent.SingleThreadEventExecutor$5.run(SingleThreadEventExecutor.java:897)
	at org.apache.ratis.thirdparty.io.netty.util.concurrent.FastThreadLocalRunnable.run(FastThreadLocalRunnable.java:30)
	... 1 more
Caused by: java.net.ConnectException: Connection refused
	... 11 more
2019-10-17 21:55:05,322 [main] INFO  handler.ContextHandler (ContextHandler.java:doStop(910)) - Stopped o.e.j.w.WebAppContext@2630dbc4{/,null,UNAVAILABLE}{/hddsDatanode}
2019-10-17 21:55:05,323 [main] INFO  server.AbstractConnector (AbstractConnector.java:doStop(318)) - Stopped ServerConnector@5ea4300e{HTTP/1.1,[http/1.1]}{0.0.0.0:0}
2019-10-17 21:55:05,323 [main] INFO  handler.ContextHandler (ContextHandler.java:doStop(910)) - Stopped o.e.j.s.ServletContextHandler@68b9834c{/static,jar:file:/home/user/.m2/repository/org/apache/hadoop/hadoop-hdds-container-service/0.5.0-SNAPSHOT/hadoop-hdds-container-service-0.5.0-SNAPSHOT.jar!/webapps/static,UNAVAILABLE}
2019-10-17 21:55:05,324 [main] INFO  handler.ContextHandler (ContextHandler.java:doStop(910)) - Stopped o.e.j.s.ServletContextHandler@17fa1336{/logs,file:///workdir/hadoop-ozone/integration-test/target/log,UNAVAILABLE}
2019-10-17 21:55:05,341 [d6dfcdd7-fc6e-4b51-b91e-b64503dadc5e@group-F967393F7C93-LeaderElection178] INFO  impl.LeaderElection (LeaderElection.java:askForVotes(178)) - d6dfcdd7-fc6e-4b51-b91e-b64503dadc5e@group-F967393F7C93-LeaderElection178: begin an election at term 173 for -1: [08d4cbaa-ffed-4411-a5fd-c4a38026aead:192.168.157.223:33910, da15dfee-23f0-4dc4-ad77-c00156c49cfa:192.168.157.223:42172, d6dfcdd7-fc6e-4b51-b91e-b64503dadc5e:192.168.157.223:43575], old=null
2019-10-17 21:55:05,342 [d6dfcdd7-fc6e-4b51-b91e-b64503dadc5e@group-F967393F7C93-LeaderElection178] INFO  impl.LeaderElection (LogUtils.java:infoOrTrace(149)) - d6dfcdd7-fc6e-4b51-b91e-b64503dadc5e@group-F967393F7C93-LeaderElection178 got exception when requesting votes: {}
java.util.concurrent.ExecutionException: org.apache.ratis.thirdparty.io.grpc.StatusRuntimeException: UNAVAILABLE: io exception
	at java.util.concurrent.FutureTask.report(FutureTask.java:122)
	at java.util.concurrent.FutureTask.get(FutureTask.java:192)
	at org.apache.ratis.server.impl.LeaderElection.waitForResults(LeaderElection.java:259)
	at org.apache.ratis.server.impl.LeaderElection.askForVotes(LeaderElection.java:197)
	at org.apache.ratis.server.impl.LeaderElection.run(LeaderElection.java:133)
	at java.lang.Thread.run(Thread.java:748)
Caused by: org.apache.ratis.thirdparty.io.grpc.StatusRuntimeException: UNAVAILABLE: io exception
	at org.apache.ratis.thirdparty.io.grpc.stub.ClientCalls.toStatusRuntimeException(ClientCalls.java:233)
	at org.apache.ratis.thirdparty.io.grpc.stub.ClientCalls.getUnchecked(ClientCalls.java:214)
	at org.apache.ratis.thirdparty.io.grpc.stub.ClientCalls.blockingUnaryCall(ClientCalls.java:139)
	at org.apache.ratis.proto.grpc.RaftServerProtocolServiceGrpc$RaftServerProtocolServiceBlockingStub.requestVote(RaftServerProtocolServiceGrpc.java:265)
	at org.apache.ratis.grpc.server.GrpcServerProtocolClient.requestVote(GrpcServerProtocolClient.java:99)
	at org.apache.ratis.grpc.server.GrpcService.requestVote(GrpcService.java:204)
	at org.apache.ratis.server.impl.LeaderElection.lambda$submitRequests$1(LeaderElection.java:234)
	at java.util.concurrent.FutureTask.run(FutureTask.java:266)
	at java.util.concurrent.Executors$RunnableAdapter.call(Executors.java:511)
	at java.util.concurrent.FutureTask.run(FutureTask.java:266)
	at java.util.concurrent.ThreadPoolExecutor.runWorker(ThreadPoolExecutor.java:1149)
	at java.util.concurrent.ThreadPoolExecutor$Worker.run(ThreadPoolExecutor.java:624)
	... 1 more
Caused by: org.apache.ratis.thirdparty.io.netty.channel.AbstractChannel$AnnotatedConnectException: Connection refused: /192.168.157.223:42172
	at sun.nio.ch.SocketChannelImpl.checkConnect(Native Method)
	at sun.nio.ch.SocketChannelImpl.finishConnect(SocketChannelImpl.java:717)
	at org.apache.ratis.thirdparty.io.netty.channel.socket.nio.NioSocketChannel.doFinishConnect(NioSocketChannel.java:327)
	at org.apache.ratis.thirdparty.io.netty.channel.nio.AbstractNioChannel$AbstractNioUnsafe.finishConnect(AbstractNioChannel.java:340)
	at org.apache.ratis.thirdparty.io.netty.channel.nio.NioEventLoop.processSelectedKey(NioEventLoop.java:632)
	at org.apache.ratis.thirdparty.io.netty.channel.nio.NioEventLoop.processSelectedKeysOptimized(NioEventLoop.java:579)
	at org.apache.ratis.thirdparty.io.netty.channel.nio.NioEventLoop.processSelectedKeys(NioEventLoop.java:496)
	at org.apache.ratis.thirdparty.io.netty.channel.nio.NioEventLoop.run(NioEventLoop.java:458)
	at org.apache.ratis.thirdparty.io.netty.util.concurrent.SingleThreadEventExecutor$5.run(SingleThreadEventExecutor.java:897)
	at org.apache.ratis.thirdparty.io.netty.util.concurrent.FastThreadLocalRunnable.run(FastThreadLocalRunnable.java:30)
	... 1 more
Caused by: java.net.ConnectException: Connection refused
	... 11 more
2019-10-17 21:55:05,345 [grpc-default-executor-6] INFO  impl.RaftServerImpl (RaftServerImpl.java:setRole(184)) - 08d4cbaa-ffed-4411-a5fd-c4a38026aead@group-F967393F7C93: changes role from  FOLLOWER to FOLLOWER at term 173 for recognizeCandidate:d6dfcdd7-fc6e-4b51-b91e-b64503dadc5e
2019-10-17 21:55:05,345 [grpc-default-executor-6] INFO  impl.RoleInfo (RoleInfo.java:shutdownFollowerState(121)) - 08d4cbaa-ffed-4411-a5fd-c4a38026aead: shutdown FollowerState
2019-10-17 21:55:05,345 [grpc-default-executor-6] INFO  impl.RoleInfo (RoleInfo.java:updateAndGet(143)) - 08d4cbaa-ffed-4411-a5fd-c4a38026aead: start FollowerState
2019-10-17 21:55:05,345 [Thread-1755] INFO  impl.FollowerState (FollowerState.java:run(117)) - 08d4cbaa-ffed-4411-a5fd-c4a38026aead@group-F967393F7C93-FollowerState was interrupted: java.lang.InterruptedException: sleep interrupted
2019-10-17 21:55:05,358 [d6dfcdd7-fc6e-4b51-b91e-b64503dadc5e@group-F967393F7C93-LeaderElection178] INFO  impl.LeaderElection (LeaderElection.java:logAndReturn(56)) - d6dfcdd7-fc6e-4b51-b91e-b64503dadc5e@group-F967393F7C93-LeaderElection178: Election REJECTED; received 1 response(s) [d6dfcdd7-fc6e-4b51-b91e-b64503dadc5e<-08d4cbaa-ffed-4411-a5fd-c4a38026aead#0:FAIL-t173] and 1 exception(s); d6dfcdd7-fc6e-4b51-b91e-b64503dadc5e@group-F967393F7C93:t173, leader=null, voted=d6dfcdd7-fc6e-4b51-b91e-b64503dadc5e, raftlog=d6dfcdd7-fc6e-4b51-b91e-b64503dadc5e@group-F967393F7C93-SegmentedRaftLog:OPENED:c-1,f-1,i0, conf=-1: [08d4cbaa-ffed-4411-a5fd-c4a38026aead:192.168.157.223:33910, da15dfee-23f0-4dc4-ad77-c00156c49cfa:192.168.157.223:42172, d6dfcdd7-fc6e-4b51-b91e-b64503dadc5e:192.168.157.223:43575], old=null
2019-10-17 21:55:05,358 [d6dfcdd7-fc6e-4b51-b91e-b64503dadc5e@group-F967393F7C93-LeaderElection178] INFO  impl.LeaderElection (LogUtils.java:infoOrTrace(149)) -   Exception 0: {}
java.util.concurrent.ExecutionException: org.apache.ratis.thirdparty.io.grpc.StatusRuntimeException: UNAVAILABLE: io exception
	at java.util.concurrent.FutureTask.report(FutureTask.java:122)
	at java.util.concurrent.FutureTask.get(FutureTask.java:192)
	at org.apache.ratis.server.impl.LeaderElection.waitForResults(LeaderElection.java:259)
	at org.apache.ratis.server.impl.LeaderElection.askForVotes(LeaderElection.java:197)
	at org.apache.ratis.server.impl.LeaderElection.run(LeaderElection.java:133)
	at java.lang.Thread.run(Thread.java:748)
Caused by: org.apache.ratis.thirdparty.io.grpc.StatusRuntimeException: UNAVAILABLE: io exception
	at org.apache.ratis.thirdparty.io.grpc.stub.ClientCalls.toStatusRuntimeException(ClientCalls.java:233)
	at org.apache.ratis.thirdparty.io.grpc.stub.ClientCalls.getUnchecked(ClientCalls.java:214)
	at org.apache.ratis.thirdparty.io.grpc.stub.ClientCalls.blockingUnaryCall(ClientCalls.java:139)
	at org.apache.ratis.proto.grpc.RaftServerProtocolServiceGrpc$RaftServerProtocolServiceBlockingStub.requestVote(RaftServerProtocolServiceGrpc.java:265)
	at org.apache.ratis.grpc.server.GrpcServerProtocolClient.requestVote(GrpcServerProtocolClient.java:99)
	at org.apache.ratis.grpc.server.GrpcService.requestVote(GrpcService.java:204)
	at org.apache.ratis.server.impl.LeaderElection.lambda$submitRequests$1(LeaderElection.java:234)
	at java.util.concurrent.FutureTask.run(FutureTask.java:266)
	at java.util.concurrent.Executors$RunnableAdapter.call(Executors.java:511)
	at java.util.concurrent.FutureTask.run(FutureTask.java:266)
	at java.util.concurrent.ThreadPoolExecutor.runWorker(ThreadPoolExecutor.java:1149)
	at java.util.concurrent.ThreadPoolExecutor$Worker.run(ThreadPoolExecutor.java:624)
	... 1 more
Caused by: org.apache.ratis.thirdparty.io.netty.channel.AbstractChannel$AnnotatedConnectException: Connection refused: /192.168.157.223:42172
	at sun.nio.ch.SocketChannelImpl.checkConnect(Native Method)
	at sun.nio.ch.SocketChannelImpl.finishConnect(SocketChannelImpl.java:717)
	at org.apache.ratis.thirdparty.io.netty.channel.socket.nio.NioSocketChannel.doFinishConnect(NioSocketChannel.java:327)
	at org.apache.ratis.thirdparty.io.netty.channel.nio.AbstractNioChannel$AbstractNioUnsafe.finishConnect(AbstractNioChannel.java:340)
	at org.apache.ratis.thirdparty.io.netty.channel.nio.NioEventLoop.processSelectedKey(NioEventLoop.java:632)
	at org.apache.ratis.thirdparty.io.netty.channel.nio.NioEventLoop.processSelectedKeysOptimized(NioEventLoop.java:579)
	at org.apache.ratis.thirdparty.io.netty.channel.nio.NioEventLoop.processSelectedKeys(NioEventLoop.java:496)
	at org.apache.ratis.thirdparty.io.netty.channel.nio.NioEventLoop.run(NioEventLoop.java:458)
	at org.apache.ratis.thirdparty.io.netty.util.concurrent.SingleThreadEventExecutor$5.run(SingleThreadEventExecutor.java:897)
	at org.apache.ratis.thirdparty.io.netty.util.concurrent.FastThreadLocalRunnable.run(FastThreadLocalRunnable.java:30)
	... 1 more
Caused by: java.net.ConnectException: Connection refused
	... 11 more
2019-10-17 21:55:05,359 [d6dfcdd7-fc6e-4b51-b91e-b64503dadc5e@group-F967393F7C93-LeaderElection178] INFO  impl.RaftServerImpl (RaftServerImpl.java:setRole(184)) - d6dfcdd7-fc6e-4b51-b91e-b64503dadc5e@group-F967393F7C93: changes role from CANDIDATE to FOLLOWER at term 173 for DISCOVERED_A_NEW_TERM
2019-10-17 21:55:05,359 [d6dfcdd7-fc6e-4b51-b91e-b64503dadc5e@group-F967393F7C93-LeaderElection178] INFO  impl.RoleInfo (RoleInfo.java:shutdownLeaderElection(134)) - d6dfcdd7-fc6e-4b51-b91e-b64503dadc5e: shutdown LeaderElection
2019-10-17 21:55:05,359 [d6dfcdd7-fc6e-4b51-b91e-b64503dadc5e@group-F967393F7C93-LeaderElection178] INFO  impl.RoleInfo (RoleInfo.java:updateAndGet(143)) - d6dfcdd7-fc6e-4b51-b91e-b64503dadc5e: start FollowerState
2019-10-17 21:55:05,423 [Datanode State Machine Thread - 0] INFO  statemachine.DatanodeStateMachine (DatanodeStateMachine.java:lambda$startDaemon$0(350)) - Ozone container server started.
2019-10-17 21:55:05,475 [Datanode State Machine Thread - 0] INFO  statemachine.DatanodeStateMachine (DatanodeStateMachine.java:lambda$startDaemon$0(350)) - Ozone container server started.
2019-10-17 21:55:05,489 [Thread-1759] INFO  impl.FollowerState (FollowerState.java:run(108)) - d6dfcdd7-fc6e-4b51-b91e-b64503dadc5e@group-F967393F7C93-FollowerState: change to CANDIDATE, lastRpcTime:129ms, electionTimeout:129ms
2019-10-17 21:55:05,489 [Thread-1759] INFO  impl.RoleInfo (RoleInfo.java:shutdownFollowerState(121)) - d6dfcdd7-fc6e-4b51-b91e-b64503dadc5e: shutdown FollowerState
2019-10-17 21:55:05,489 [Thread-1759] INFO  impl.RaftServerImpl (RaftServerImpl.java:setRole(184)) - d6dfcdd7-fc6e-4b51-b91e-b64503dadc5e@group-F967393F7C93: changes role from  FOLLOWER to CANDIDATE at term 173 for changeToCandidate
2019-10-17 21:55:05,489 [Thread-1759] INFO  impl.RoleInfo (RoleInfo.java:updateAndGet(143)) - d6dfcdd7-fc6e-4b51-b91e-b64503dadc5e: start LeaderElection
2019-10-17 21:55:05,503 [d6dfcdd7-fc6e-4b51-b91e-b64503dadc5e@group-F967393F7C93-LeaderElection179] INFO  impl.LeaderElection (LeaderElection.java:askForVotes(178)) - d6dfcdd7-fc6e-4b51-b91e-b64503dadc5e@group-F967393F7C93-LeaderElection179: begin an election at term 174 for -1: [08d4cbaa-ffed-4411-a5fd-c4a38026aead:192.168.157.223:33910, da15dfee-23f0-4dc4-ad77-c00156c49cfa:192.168.157.223:42172, d6dfcdd7-fc6e-4b51-b91e-b64503dadc5e:192.168.157.223:43575], old=null
2019-10-17 21:55:05,504 [d6dfcdd7-fc6e-4b51-b91e-b64503dadc5e@group-F967393F7C93-LeaderElection179] INFO  impl.LeaderElection (LogUtils.java:infoOrTrace(149)) - d6dfcdd7-fc6e-4b51-b91e-b64503dadc5e@group-F967393F7C93-LeaderElection179 got exception when requesting votes: {}
java.util.concurrent.ExecutionException: org.apache.ratis.thirdparty.io.grpc.StatusRuntimeException: UNAVAILABLE: io exception
	at java.util.concurrent.FutureTask.report(FutureTask.java:122)
	at java.util.concurrent.FutureTask.get(FutureTask.java:192)
	at org.apache.ratis.server.impl.LeaderElection.waitForResults(LeaderElection.java:259)
	at org.apache.ratis.server.impl.LeaderElection.askForVotes(LeaderElection.java:197)
	at org.apache.ratis.server.impl.LeaderElection.run(LeaderElection.java:133)
	at java.lang.Thread.run(Thread.java:748)
Caused by: org.apache.ratis.thirdparty.io.grpc.StatusRuntimeException: UNAVAILABLE: io exception
	at org.apache.ratis.thirdparty.io.grpc.stub.ClientCalls.toStatusRuntimeException(ClientCalls.java:233)
	at org.apache.ratis.thirdparty.io.grpc.stub.ClientCalls.getUnchecked(ClientCalls.java:214)
	at org.apache.ratis.thirdparty.io.grpc.stub.ClientCalls.blockingUnaryCall(ClientCalls.java:139)
	at org.apache.ratis.proto.grpc.RaftServerProtocolServiceGrpc$RaftServerProtocolServiceBlockingStub.requestVote(RaftServerProtocolServiceGrpc.java:265)
	at org.apache.ratis.grpc.server.GrpcServerProtocolClient.requestVote(GrpcServerProtocolClient.java:99)
	at org.apache.ratis.grpc.server.GrpcService.requestVote(GrpcService.java:204)
	at org.apache.ratis.server.impl.LeaderElection.lambda$submitRequests$1(LeaderElection.java:234)
	at java.util.concurrent.FutureTask.run(FutureTask.java:266)
	at java.util.concurrent.Executors$RunnableAdapter.call(Executors.java:511)
	at java.util.concurrent.FutureTask.run(FutureTask.java:266)
	at java.util.concurrent.ThreadPoolExecutor.runWorker(ThreadPoolExecutor.java:1149)
	at java.util.concurrent.ThreadPoolExecutor$Worker.run(ThreadPoolExecutor.java:624)
	... 1 more
Caused by: org.apache.ratis.thirdparty.io.netty.channel.AbstractChannel$AnnotatedConnectException: Connection refused: /192.168.157.223:42172
	at sun.nio.ch.SocketChannelImpl.checkConnect(Native Method)
	at sun.nio.ch.SocketChannelImpl.finishConnect(SocketChannelImpl.java:717)
	at org.apache.ratis.thirdparty.io.netty.channel.socket.nio.NioSocketChannel.doFinishConnect(NioSocketChannel.java:327)
	at org.apache.ratis.thirdparty.io.netty.channel.nio.AbstractNioChannel$AbstractNioUnsafe.finishConnect(AbstractNioChannel.java:340)
	at org.apache.ratis.thirdparty.io.netty.channel.nio.NioEventLoop.processSelectedKey(NioEventLoop.java:632)
	at org.apache.ratis.thirdparty.io.netty.channel.nio.NioEventLoop.processSelectedKeysOptimized(NioEventLoop.java:579)
	at org.apache.ratis.thirdparty.io.netty.channel.nio.NioEventLoop.processSelectedKeys(NioEventLoop.java:496)
	at org.apache.ratis.thirdparty.io.netty.channel.nio.NioEventLoop.run(NioEventLoop.java:458)
	at org.apache.ratis.thirdparty.io.netty.util.concurrent.SingleThreadEventExecutor$5.run(SingleThreadEventExecutor.java:897)
	at org.apache.ratis.thirdparty.io.netty.util.concurrent.FastThreadLocalRunnable.run(FastThreadLocalRunnable.java:30)
	... 1 more
Caused by: java.net.ConnectException: Connection refused
	... 11 more
2019-10-17 21:55:05,507 [grpc-default-executor-6] INFO  impl.RaftServerImpl (RaftServerImpl.java:setRole(184)) - 08d4cbaa-ffed-4411-a5fd-c4a38026aead@group-F967393F7C93: changes role from  FOLLOWER to FOLLOWER at term 174 for recognizeCandidate:d6dfcdd7-fc6e-4b51-b91e-b64503dadc5e
2019-10-17 21:55:05,507 [grpc-default-executor-6] INFO  impl.RoleInfo (RoleInfo.java:shutdownFollowerState(121)) - 08d4cbaa-ffed-4411-a5fd-c4a38026aead: shutdown FollowerState
2019-10-17 21:55:05,507 [grpc-default-executor-6] INFO  impl.RoleInfo (RoleInfo.java:updateAndGet(143)) - 08d4cbaa-ffed-4411-a5fd-c4a38026aead: start FollowerState
2019-10-17 21:55:05,507 [Thread-1758] INFO  impl.FollowerState (FollowerState.java:run(117)) - 08d4cbaa-ffed-4411-a5fd-c4a38026aead@group-F967393F7C93-FollowerState was interrupted: java.lang.InterruptedException: sleep interrupted
2019-10-17 21:55:05,520 [d6dfcdd7-fc6e-4b51-b91e-b64503dadc5e@group-F967393F7C93-LeaderElection179] INFO  impl.LeaderElection (LeaderElection.java:logAndReturn(56)) - d6dfcdd7-fc6e-4b51-b91e-b64503dadc5e@group-F967393F7C93-LeaderElection179: Election REJECTED; received 1 response(s) [d6dfcdd7-fc6e-4b51-b91e-b64503dadc5e<-08d4cbaa-ffed-4411-a5fd-c4a38026aead#0:FAIL-t174] and 1 exception(s); d6dfcdd7-fc6e-4b51-b91e-b64503dadc5e@group-F967393F7C93:t174, leader=null, voted=d6dfcdd7-fc6e-4b51-b91e-b64503dadc5e, raftlog=d6dfcdd7-fc6e-4b51-b91e-b64503dadc5e@group-F967393F7C93-SegmentedRaftLog:OPENED:c-1,f-1,i0, conf=-1: [08d4cbaa-ffed-4411-a5fd-c4a38026aead:192.168.157.223:33910, da15dfee-23f0-4dc4-ad77-c00156c49cfa:192.168.157.223:42172, d6dfcdd7-fc6e-4b51-b91e-b64503dadc5e:192.168.157.223:43575], old=null
2019-10-17 21:55:05,520 [d6dfcdd7-fc6e-4b51-b91e-b64503dadc5e@group-F967393F7C93-LeaderElection179] INFO  impl.LeaderElection (LogUtils.java:infoOrTrace(149)) -   Exception 0: {}
java.util.concurrent.ExecutionException: org.apache.ratis.thirdparty.io.grpc.StatusRuntimeException: UNAVAILABLE: io exception
	at java.util.concurrent.FutureTask.report(FutureTask.java:122)
	at java.util.concurrent.FutureTask.get(FutureTask.java:192)
	at org.apache.ratis.server.impl.LeaderElection.waitForResults(LeaderElection.java:259)
	at org.apache.ratis.server.impl.LeaderElection.askForVotes(LeaderElection.java:197)
	at org.apache.ratis.server.impl.LeaderElection.run(LeaderElection.java:133)
	at java.lang.Thread.run(Thread.java:748)
Caused by: org.apache.ratis.thirdparty.io.grpc.StatusRuntimeException: UNAVAILABLE: io exception
	at org.apache.ratis.thirdparty.io.grpc.stub.ClientCalls.toStatusRuntimeException(ClientCalls.java:233)
	at org.apache.ratis.thirdparty.io.grpc.stub.ClientCalls.getUnchecked(ClientCalls.java:214)
	at org.apache.ratis.thirdparty.io.grpc.stub.ClientCalls.blockingUnaryCall(ClientCalls.java:139)
	at org.apache.ratis.proto.grpc.RaftServerProtocolServiceGrpc$RaftServerProtocolServiceBlockingStub.requestVote(RaftServerProtocolServiceGrpc.java:265)
	at org.apache.ratis.grpc.server.GrpcServerProtocolClient.requestVote(GrpcServerProtocolClient.java:99)
	at org.apache.ratis.grpc.server.GrpcService.requestVote(GrpcService.java:204)
	at org.apache.ratis.server.impl.LeaderElection.lambda$submitRequests$1(LeaderElection.java:234)
	at java.util.concurrent.FutureTask.run(FutureTask.java:266)
	at java.util.concurrent.Executors$RunnableAdapter.call(Executors.java:511)
	at java.util.concurrent.FutureTask.run(FutureTask.java:266)
	at java.util.concurrent.ThreadPoolExecutor.runWorker(ThreadPoolExecutor.java:1149)
	at java.util.concurrent.ThreadPoolExecutor$Worker.run(ThreadPoolExecutor.java:624)
	... 1 more
Caused by: org.apache.ratis.thirdparty.io.netty.channel.AbstractChannel$AnnotatedConnectException: Connection refused: /192.168.157.223:42172
	at sun.nio.ch.SocketChannelImpl.checkConnect(Native Method)
	at sun.nio.ch.SocketChannelImpl.finishConnect(SocketChannelImpl.java:717)
	at org.apache.ratis.thirdparty.io.netty.channel.socket.nio.NioSocketChannel.doFinishConnect(NioSocketChannel.java:327)
	at org.apache.ratis.thirdparty.io.netty.channel.nio.AbstractNioChannel$AbstractNioUnsafe.finishConnect(AbstractNioChannel.java:340)
	at org.apache.ratis.thirdparty.io.netty.channel.nio.NioEventLoop.processSelectedKey(NioEventLoop.java:632)
	at org.apache.ratis.thirdparty.io.netty.channel.nio.NioEventLoop.processSelectedKeysOptimized(NioEventLoop.java:579)
	at org.apache.ratis.thirdparty.io.netty.channel.nio.NioEventLoop.processSelectedKeys(NioEventLoop.java:496)
	at org.apache.ratis.thirdparty.io.netty.channel.nio.NioEventLoop.run(NioEventLoop.java:458)
	at org.apache.ratis.thirdparty.io.netty.util.concurrent.SingleThreadEventExecutor$5.run(SingleThreadEventExecutor.java:897)
	at org.apache.ratis.thirdparty.io.netty.util.concurrent.FastThreadLocalRunnable.run(FastThreadLocalRunnable.java:30)
	... 1 more
Caused by: java.net.ConnectException: Connection refused
	... 11 more
2019-10-17 21:55:05,521 [d6dfcdd7-fc6e-4b51-b91e-b64503dadc5e@group-F967393F7C93-LeaderElection179] INFO  impl.RaftServerImpl (RaftServerImpl.java:setRole(184)) - d6dfcdd7-fc6e-4b51-b91e-b64503dadc5e@group-F967393F7C93: changes role from CANDIDATE to FOLLOWER at term 174 for DISCOVERED_A_NEW_TERM
2019-10-17 21:55:05,521 [d6dfcdd7-fc6e-4b51-b91e-b64503dadc5e@group-F967393F7C93-LeaderElection179] INFO  impl.RoleInfo (RoleInfo.java:shutdownLeaderElection(134)) - d6dfcdd7-fc6e-4b51-b91e-b64503dadc5e: shutdown LeaderElection
2019-10-17 21:55:05,521 [d6dfcdd7-fc6e-4b51-b91e-b64503dadc5e@group-F967393F7C93-LeaderElection179] INFO  impl.RoleInfo (RoleInfo.java:updateAndGet(143)) - d6dfcdd7-fc6e-4b51-b91e-b64503dadc5e: start FollowerState
2019-10-17 21:55:05,638 [Thread-1764] INFO  impl.FollowerState (FollowerState.java:run(108)) - d6dfcdd7-fc6e-4b51-b91e-b64503dadc5e@group-F967393F7C93-FollowerState: change to CANDIDATE, lastRpcTime:116ms, electionTimeout:116ms
2019-10-17 21:55:05,638 [Thread-1764] INFO  impl.RoleInfo (RoleInfo.java:shutdownFollowerState(121)) - d6dfcdd7-fc6e-4b51-b91e-b64503dadc5e: shutdown FollowerState
2019-10-17 21:55:05,638 [Thread-1764] INFO  impl.RaftServerImpl (RaftServerImpl.java:setRole(184)) - d6dfcdd7-fc6e-4b51-b91e-b64503dadc5e@group-F967393F7C93: changes role from  FOLLOWER to CANDIDATE at term 174 for changeToCandidate
2019-10-17 21:55:05,638 [Thread-1764] INFO  impl.RoleInfo (RoleInfo.java:updateAndGet(143)) - d6dfcdd7-fc6e-4b51-b91e-b64503dadc5e: start LeaderElection
2019-10-17 21:55:05,651 [d6dfcdd7-fc6e-4b51-b91e-b64503dadc5e@group-F967393F7C93-LeaderElection180] INFO  impl.LeaderElection (LeaderElection.java:askForVotes(178)) - d6dfcdd7-fc6e-4b51-b91e-b64503dadc5e@group-F967393F7C93-LeaderElection180: begin an election at term 175 for -1: [08d4cbaa-ffed-4411-a5fd-c4a38026aead:192.168.157.223:33910, da15dfee-23f0-4dc4-ad77-c00156c49cfa:192.168.157.223:42172, d6dfcdd7-fc6e-4b51-b91e-b64503dadc5e:192.168.157.223:43575], old=null
2019-10-17 21:55:05,652 [d6dfcdd7-fc6e-4b51-b91e-b64503dadc5e@group-F967393F7C93-LeaderElection180] INFO  impl.LeaderElection (LogUtils.java:infoOrTrace(149)) - d6dfcdd7-fc6e-4b51-b91e-b64503dadc5e@group-F967393F7C93-LeaderElection180 got exception when requesting votes: {}
java.util.concurrent.ExecutionException: org.apache.ratis.thirdparty.io.grpc.StatusRuntimeException: UNAVAILABLE: io exception
	at java.util.concurrent.FutureTask.report(FutureTask.java:122)
	at java.util.concurrent.FutureTask.get(FutureTask.java:192)
	at org.apache.ratis.server.impl.LeaderElection.waitForResults(LeaderElection.java:259)
	at org.apache.ratis.server.impl.LeaderElection.askForVotes(LeaderElection.java:197)
	at org.apache.ratis.server.impl.LeaderElection.run(LeaderElection.java:133)
	at java.lang.Thread.run(Thread.java:748)
Caused by: org.apache.ratis.thirdparty.io.grpc.StatusRuntimeException: UNAVAILABLE: io exception
	at org.apache.ratis.thirdparty.io.grpc.stub.ClientCalls.toStatusRuntimeException(ClientCalls.java:233)
	at org.apache.ratis.thirdparty.io.grpc.stub.ClientCalls.getUnchecked(ClientCalls.java:214)
	at org.apache.ratis.thirdparty.io.grpc.stub.ClientCalls.blockingUnaryCall(ClientCalls.java:139)
	at org.apache.ratis.proto.grpc.RaftServerProtocolServiceGrpc$RaftServerProtocolServiceBlockingStub.requestVote(RaftServerProtocolServiceGrpc.java:265)
	at org.apache.ratis.grpc.server.GrpcServerProtocolClient.requestVote(GrpcServerProtocolClient.java:99)
	at org.apache.ratis.grpc.server.GrpcService.requestVote(GrpcService.java:204)
	at org.apache.ratis.server.impl.LeaderElection.lambda$submitRequests$1(LeaderElection.java:234)
	at java.util.concurrent.FutureTask.run(FutureTask.java:266)
	at java.util.concurrent.Executors$RunnableAdapter.call(Executors.java:511)
	at java.util.concurrent.FutureTask.run(FutureTask.java:266)
	at java.util.concurrent.ThreadPoolExecutor.runWorker(ThreadPoolExecutor.java:1149)
	at java.util.concurrent.ThreadPoolExecutor$Worker.run(ThreadPoolExecutor.java:624)
	... 1 more
Caused by: org.apache.ratis.thirdparty.io.netty.channel.AbstractChannel$AnnotatedConnectException: Connection refused: /192.168.157.223:42172
	at sun.nio.ch.SocketChannelImpl.checkConnect(Native Method)
	at sun.nio.ch.SocketChannelImpl.finishConnect(SocketChannelImpl.java:717)
	at org.apache.ratis.thirdparty.io.netty.channel.socket.nio.NioSocketChannel.doFinishConnect(NioSocketChannel.java:327)
	at org.apache.ratis.thirdparty.io.netty.channel.nio.AbstractNioChannel$AbstractNioUnsafe.finishConnect(AbstractNioChannel.java:340)
	at org.apache.ratis.thirdparty.io.netty.channel.nio.NioEventLoop.processSelectedKey(NioEventLoop.java:632)
	at org.apache.ratis.thirdparty.io.netty.channel.nio.NioEventLoop.processSelectedKeysOptimized(NioEventLoop.java:579)
	at org.apache.ratis.thirdparty.io.netty.channel.nio.NioEventLoop.processSelectedKeys(NioEventLoop.java:496)
	at org.apache.ratis.thirdparty.io.netty.channel.nio.NioEventLoop.run(NioEventLoop.java:458)
	at org.apache.ratis.thirdparty.io.netty.util.concurrent.SingleThreadEventExecutor$5.run(SingleThreadEventExecutor.java:897)
	at org.apache.ratis.thirdparty.io.netty.util.concurrent.FastThreadLocalRunnable.run(FastThreadLocalRunnable.java:30)
	... 1 more
Caused by: java.net.ConnectException: Connection refused
	... 11 more
2019-10-17 21:55:05,655 [grpc-default-executor-6] INFO  impl.RaftServerImpl (RaftServerImpl.java:setRole(184)) - 08d4cbaa-ffed-4411-a5fd-c4a38026aead@group-F967393F7C93: changes role from  FOLLOWER to FOLLOWER at term 175 for recognizeCandidate:d6dfcdd7-fc6e-4b51-b91e-b64503dadc5e
2019-10-17 21:55:05,656 [grpc-default-executor-6] INFO  impl.RoleInfo (RoleInfo.java:shutdownFollowerState(121)) - 08d4cbaa-ffed-4411-a5fd-c4a38026aead: shutdown FollowerState
2019-10-17 21:55:05,656 [grpc-default-executor-6] INFO  impl.RoleInfo (RoleInfo.java:updateAndGet(143)) - 08d4cbaa-ffed-4411-a5fd-c4a38026aead: start FollowerState
2019-10-17 21:55:05,656 [Thread-1763] INFO  impl.FollowerState (FollowerState.java:run(117)) - 08d4cbaa-ffed-4411-a5fd-c4a38026aead@group-F967393F7C93-FollowerState was interrupted: java.lang.InterruptedException: sleep interrupted
2019-10-17 21:55:05,661 [d6dfcdd7-fc6e-4b51-b91e-b64503dadc5e@group-F967393F7C93-LeaderElection180] INFO  impl.LeaderElection (LeaderElection.java:logAndReturn(56)) - d6dfcdd7-fc6e-4b51-b91e-b64503dadc5e@group-F967393F7C93-LeaderElection180: Election TIMEOUT; received 0 response(s) [] and 1 exception(s); d6dfcdd7-fc6e-4b51-b91e-b64503dadc5e@group-F967393F7C93:t175, leader=null, voted=d6dfcdd7-fc6e-4b51-b91e-b64503dadc5e, raftlog=d6dfcdd7-fc6e-4b51-b91e-b64503dadc5e@group-F967393F7C93-SegmentedRaftLog:OPENED:c-1,f-1,i0, conf=-1: [08d4cbaa-ffed-4411-a5fd-c4a38026aead:192.168.157.223:33910, da15dfee-23f0-4dc4-ad77-c00156c49cfa:192.168.157.223:42172, d6dfcdd7-fc6e-4b51-b91e-b64503dadc5e:192.168.157.223:43575], old=null
2019-10-17 21:55:05,661 [d6dfcdd7-fc6e-4b51-b91e-b64503dadc5e@group-F967393F7C93-LeaderElection180] INFO  impl.LeaderElection (LogUtils.java:infoOrTrace(149)) -   Exception 0: {}
java.util.concurrent.ExecutionException: org.apache.ratis.thirdparty.io.grpc.StatusRuntimeException: UNAVAILABLE: io exception
	at java.util.concurrent.FutureTask.report(FutureTask.java:122)
	at java.util.concurrent.FutureTask.get(FutureTask.java:192)
	at org.apache.ratis.server.impl.LeaderElection.waitForResults(LeaderElection.java:259)
	at org.apache.ratis.server.impl.LeaderElection.askForVotes(LeaderElection.java:197)
	at org.apache.ratis.server.impl.LeaderElection.run(LeaderElection.java:133)
	at java.lang.Thread.run(Thread.java:748)
Caused by: org.apache.ratis.thirdparty.io.grpc.StatusRuntimeException: UNAVAILABLE: io exception
	at org.apache.ratis.thirdparty.io.grpc.stub.ClientCalls.toStatusRuntimeException(ClientCalls.java:233)
	at org.apache.ratis.thirdparty.io.grpc.stub.ClientCalls.getUnchecked(ClientCalls.java:214)
	at org.apache.ratis.thirdparty.io.grpc.stub.ClientCalls.blockingUnaryCall(ClientCalls.java:139)
	at org.apache.ratis.proto.grpc.RaftServerProtocolServiceGrpc$RaftServerProtocolServiceBlockingStub.requestVote(RaftServerProtocolServiceGrpc.java:265)
	at org.apache.ratis.grpc.server.GrpcServerProtocolClient.requestVote(GrpcServerProtocolClient.java:99)
	at org.apache.ratis.grpc.server.GrpcService.requestVote(GrpcService.java:204)
	at org.apache.ratis.server.impl.LeaderElection.lambda$submitRequests$1(LeaderElection.java:234)
	at java.util.concurrent.FutureTask.run(FutureTask.java:266)
	at java.util.concurrent.Executors$RunnableAdapter.call(Executors.java:511)
	at java.util.concurrent.FutureTask.run(FutureTask.java:266)
	at java.util.concurrent.ThreadPoolExecutor.runWorker(ThreadPoolExecutor.java:1149)
	at java.util.concurrent.ThreadPoolExecutor$Worker.run(ThreadPoolExecutor.java:624)
	... 1 more
Caused by: org.apache.ratis.thirdparty.io.netty.channel.AbstractChannel$AnnotatedConnectException: Connection refused: /192.168.157.223:42172
	at sun.nio.ch.SocketChannelImpl.checkConnect(Native Method)
	at sun.nio.ch.SocketChannelImpl.finishConnect(SocketChannelImpl.java:717)
	at org.apache.ratis.thirdparty.io.netty.channel.socket.nio.NioSocketChannel.doFinishConnect(NioSocketChannel.java:327)
	at org.apache.ratis.thirdparty.io.netty.channel.nio.AbstractNioChannel$AbstractNioUnsafe.finishConnect(AbstractNioChannel.java:340)
	at org.apache.ratis.thirdparty.io.netty.channel.nio.NioEventLoop.processSelectedKey(NioEventLoop.java:632)
	at org.apache.ratis.thirdparty.io.netty.channel.nio.NioEventLoop.processSelectedKeysOptimized(NioEventLoop.java:579)
	at org.apache.ratis.thirdparty.io.netty.channel.nio.NioEventLoop.processSelectedKeys(NioEventLoop.java:496)
	at org.apache.ratis.thirdparty.io.netty.channel.nio.NioEventLoop.run(NioEventLoop.java:458)
	at org.apache.ratis.thirdparty.io.netty.util.concurrent.SingleThreadEventExecutor$5.run(SingleThreadEventExecutor.java:897)
	at org.apache.ratis.thirdparty.io.netty.util.concurrent.FastThreadLocalRunnable.run(FastThreadLocalRunnable.java:30)
	... 1 more
Caused by: java.net.ConnectException: Connection refused
	... 11 more
2019-10-17 21:55:05,681 [d6dfcdd7-fc6e-4b51-b91e-b64503dadc5e@group-F967393F7C93-LeaderElection180] INFO  impl.LeaderElection (LeaderElection.java:askForVotes(178)) - d6dfcdd7-fc6e-4b51-b91e-b64503dadc5e@group-F967393F7C93-LeaderElection180: begin an election at term 176 for -1: [08d4cbaa-ffed-4411-a5fd-c4a38026aead:192.168.157.223:33910, da15dfee-23f0-4dc4-ad77-c00156c49cfa:192.168.157.223:42172, d6dfcdd7-fc6e-4b51-b91e-b64503dadc5e:192.168.157.223:43575], old=null
2019-10-17 21:55:05,682 [d6dfcdd7-fc6e-4b51-b91e-b64503dadc5e@group-F967393F7C93-LeaderElection180] INFO  impl.LeaderElection (LogUtils.java:infoOrTrace(149)) - d6dfcdd7-fc6e-4b51-b91e-b64503dadc5e@group-F967393F7C93-LeaderElection180 got exception when requesting votes: {}
java.util.concurrent.ExecutionException: org.apache.ratis.thirdparty.io.grpc.StatusRuntimeException: UNAVAILABLE: io exception
	at java.util.concurrent.FutureTask.report(FutureTask.java:122)
	at java.util.concurrent.FutureTask.get(FutureTask.java:192)
	at org.apache.ratis.server.impl.LeaderElection.waitForResults(LeaderElection.java:259)
	at org.apache.ratis.server.impl.LeaderElection.askForVotes(LeaderElection.java:197)
	at org.apache.ratis.server.impl.LeaderElection.run(LeaderElection.java:133)
	at java.lang.Thread.run(Thread.java:748)
Caused by: org.apache.ratis.thirdparty.io.grpc.StatusRuntimeException: UNAVAILABLE: io exception
	at org.apache.ratis.thirdparty.io.grpc.stub.ClientCalls.toStatusRuntimeException(ClientCalls.java:233)
	at org.apache.ratis.thirdparty.io.grpc.stub.ClientCalls.getUnchecked(ClientCalls.java:214)
	at org.apache.ratis.thirdparty.io.grpc.stub.ClientCalls.blockingUnaryCall(ClientCalls.java:139)
	at org.apache.ratis.proto.grpc.RaftServerProtocolServiceGrpc$RaftServerProtocolServiceBlockingStub.requestVote(RaftServerProtocolServiceGrpc.java:265)
	at org.apache.ratis.grpc.server.GrpcServerProtocolClient.requestVote(GrpcServerProtocolClient.java:99)
	at org.apache.ratis.grpc.server.GrpcService.requestVote(GrpcService.java:204)
	at org.apache.ratis.server.impl.LeaderElection.lambda$submitRequests$1(LeaderElection.java:234)
	at java.util.concurrent.FutureTask.run(FutureTask.java:266)
	at java.util.concurrent.Executors$RunnableAdapter.call(Executors.java:511)
	at java.util.concurrent.FutureTask.run(FutureTask.java:266)
	at java.util.concurrent.ThreadPoolExecutor.runWorker(ThreadPoolExecutor.java:1149)
	at java.util.concurrent.ThreadPoolExecutor$Worker.run(ThreadPoolExecutor.java:624)
	... 1 more
Caused by: org.apache.ratis.thirdparty.io.netty.channel.AbstractChannel$AnnotatedConnectException: Connection refused: /192.168.157.223:42172
	at sun.nio.ch.SocketChannelImpl.checkConnect(Native Method)
	at sun.nio.ch.SocketChannelImpl.finishConnect(SocketChannelImpl.java:717)
	at org.apache.ratis.thirdparty.io.netty.channel.socket.nio.NioSocketChannel.doFinishConnect(NioSocketChannel.java:327)
	at org.apache.ratis.thirdparty.io.netty.channel.nio.AbstractNioChannel$AbstractNioUnsafe.finishConnect(AbstractNioChannel.java:340)
	at org.apache.ratis.thirdparty.io.netty.channel.nio.NioEventLoop.processSelectedKey(NioEventLoop.java:632)
	at org.apache.ratis.thirdparty.io.netty.channel.nio.NioEventLoop.processSelectedKeysOptimized(NioEventLoop.java:579)
	at org.apache.ratis.thirdparty.io.netty.channel.nio.NioEventLoop.processSelectedKeys(NioEventLoop.java:496)
	at org.apache.ratis.thirdparty.io.netty.channel.nio.NioEventLoop.run(NioEventLoop.java:458)
	at org.apache.ratis.thirdparty.io.netty.util.concurrent.SingleThreadEventExecutor$5.run(SingleThreadEventExecutor.java:897)
	at org.apache.ratis.thirdparty.io.netty.util.concurrent.FastThreadLocalRunnable.run(FastThreadLocalRunnable.java:30)
	... 1 more
Caused by: java.net.ConnectException: Connection refused
	... 11 more
2019-10-17 21:55:05,684 [grpc-default-executor-6] INFO  impl.RaftServerImpl (RaftServerImpl.java:setRole(184)) - 08d4cbaa-ffed-4411-a5fd-c4a38026aead@group-F967393F7C93: changes role from  FOLLOWER to FOLLOWER at term 176 for recognizeCandidate:d6dfcdd7-fc6e-4b51-b91e-b64503dadc5e
2019-10-17 21:55:05,685 [grpc-default-executor-6] INFO  impl.RoleInfo (RoleInfo.java:shutdownFollowerState(121)) - 08d4cbaa-ffed-4411-a5fd-c4a38026aead: shutdown FollowerState
2019-10-17 21:55:05,685 [grpc-default-executor-6] INFO  impl.RoleInfo (RoleInfo.java:updateAndGet(143)) - 08d4cbaa-ffed-4411-a5fd-c4a38026aead: start FollowerState
2019-10-17 21:55:05,685 [Thread-1768] INFO  impl.FollowerState (FollowerState.java:run(117)) - 08d4cbaa-ffed-4411-a5fd-c4a38026aead@group-F967393F7C93-FollowerState was interrupted: java.lang.InterruptedException: sleep interrupted
2019-10-17 21:55:05,698 [d6dfcdd7-fc6e-4b51-b91e-b64503dadc5e@group-F967393F7C93-LeaderElection180] INFO  impl.LeaderElection (LeaderElection.java:logAndReturn(56)) - d6dfcdd7-fc6e-4b51-b91e-b64503dadc5e@group-F967393F7C93-LeaderElection180: Election TIMEOUT; received 0 response(s) [] and 1 exception(s); d6dfcdd7-fc6e-4b51-b91e-b64503dadc5e@group-F967393F7C93:t176, leader=null, voted=d6dfcdd7-fc6e-4b51-b91e-b64503dadc5e, raftlog=d6dfcdd7-fc6e-4b51-b91e-b64503dadc5e@group-F967393F7C93-SegmentedRaftLog:OPENED:c-1,f-1,i0, conf=-1: [08d4cbaa-ffed-4411-a5fd-c4a38026aead:192.168.157.223:33910, da15dfee-23f0-4dc4-ad77-c00156c49cfa:192.168.157.223:42172, d6dfcdd7-fc6e-4b51-b91e-b64503dadc5e:192.168.157.223:43575], old=null
2019-10-17 21:55:05,698 [d6dfcdd7-fc6e-4b51-b91e-b64503dadc5e@group-F967393F7C93-LeaderElection180] INFO  impl.LeaderElection (LogUtils.java:infoOrTrace(149)) -   Exception 0: {}
java.util.concurrent.ExecutionException: org.apache.ratis.thirdparty.io.grpc.StatusRuntimeException: UNAVAILABLE: io exception
	at java.util.concurrent.FutureTask.report(FutureTask.java:122)
	at java.util.concurrent.FutureTask.get(FutureTask.java:192)
	at org.apache.ratis.server.impl.LeaderElection.waitForResults(LeaderElection.java:259)
	at org.apache.ratis.server.impl.LeaderElection.askForVotes(LeaderElection.java:197)
	at org.apache.ratis.server.impl.LeaderElection.run(LeaderElection.java:133)
	at java.lang.Thread.run(Thread.java:748)
Caused by: org.apache.ratis.thirdparty.io.grpc.StatusRuntimeException: UNAVAILABLE: io exception
	at org.apache.ratis.thirdparty.io.grpc.stub.ClientCalls.toStatusRuntimeException(ClientCalls.java:233)
	at org.apache.ratis.thirdparty.io.grpc.stub.ClientCalls.getUnchecked(ClientCalls.java:214)
	at org.apache.ratis.thirdparty.io.grpc.stub.ClientCalls.blockingUnaryCall(ClientCalls.java:139)
	at org.apache.ratis.proto.grpc.RaftServerProtocolServiceGrpc$RaftServerProtocolServiceBlockingStub.requestVote(RaftServerProtocolServiceGrpc.java:265)
	at org.apache.ratis.grpc.server.GrpcServerProtocolClient.requestVote(GrpcServerProtocolClient.java:99)
	at org.apache.ratis.grpc.server.GrpcService.requestVote(GrpcService.java:204)
	at org.apache.ratis.server.impl.LeaderElection.lambda$submitRequests$1(LeaderElection.java:234)
	at java.util.concurrent.FutureTask.run(FutureTask.java:266)
	at java.util.concurrent.Executors$RunnableAdapter.call(Executors.java:511)
	at java.util.concurrent.FutureTask.run(FutureTask.java:266)
	at java.util.concurrent.ThreadPoolExecutor.runWorker(ThreadPoolExecutor.java:1149)
	at java.util.concurrent.ThreadPoolExecutor$Worker.run(ThreadPoolExecutor.java:624)
	... 1 more
Caused by: org.apache.ratis.thirdparty.io.netty.channel.AbstractChannel$AnnotatedConnectException: Connection refused: /192.168.157.223:42172
	at sun.nio.ch.SocketChannelImpl.checkConnect(Native Method)
	at sun.nio.ch.SocketChannelImpl.finishConnect(SocketChannelImpl.java:717)
	at org.apache.ratis.thirdparty.io.netty.channel.socket.nio.NioSocketChannel.doFinishConnect(NioSocketChannel.java:327)
	at org.apache.ratis.thirdparty.io.netty.channel.nio.AbstractNioChannel$AbstractNioUnsafe.finishConnect(AbstractNioChannel.java:340)
	at org.apache.ratis.thirdparty.io.netty.channel.nio.NioEventLoop.processSelectedKey(NioEventLoop.java:632)
	at org.apache.ratis.thirdparty.io.netty.channel.nio.NioEventLoop.processSelectedKeysOptimized(NioEventLoop.java:579)
	at org.apache.ratis.thirdparty.io.netty.channel.nio.NioEventLoop.processSelectedKeys(NioEventLoop.java:496)
	at org.apache.ratis.thirdparty.io.netty.channel.nio.NioEventLoop.run(NioEventLoop.java:458)
	at org.apache.ratis.thirdparty.io.netty.util.concurrent.SingleThreadEventExecutor$5.run(SingleThreadEventExecutor.java:897)
	at org.apache.ratis.thirdparty.io.netty.util.concurrent.FastThreadLocalRunnable.run(FastThreadLocalRunnable.java:30)
	... 1 more
Caused by: java.net.ConnectException: Connection refused
	... 11 more
2019-10-17 21:55:05,715 [d6dfcdd7-fc6e-4b51-b91e-b64503dadc5e@group-F967393F7C93-LeaderElection180] INFO  impl.LeaderElection (LeaderElection.java:askForVotes(178)) - d6dfcdd7-fc6e-4b51-b91e-b64503dadc5e@group-F967393F7C93-LeaderElection180: begin an election at term 177 for -1: [08d4cbaa-ffed-4411-a5fd-c4a38026aead:192.168.157.223:33910, da15dfee-23f0-4dc4-ad77-c00156c49cfa:192.168.157.223:42172, d6dfcdd7-fc6e-4b51-b91e-b64503dadc5e:192.168.157.223:43575], old=null
2019-10-17 21:55:05,716 [d6dfcdd7-fc6e-4b51-b91e-b64503dadc5e@group-F967393F7C93-LeaderElection180] INFO  impl.LeaderElection (LogUtils.java:infoOrTrace(149)) - d6dfcdd7-fc6e-4b51-b91e-b64503dadc5e@group-F967393F7C93-LeaderElection180 got exception when requesting votes: {}
java.util.concurrent.ExecutionException: org.apache.ratis.thirdparty.io.grpc.StatusRuntimeException: UNAVAILABLE: io exception
	at java.util.concurrent.FutureTask.report(FutureTask.java:122)
	at java.util.concurrent.FutureTask.get(FutureTask.java:192)
	at org.apache.ratis.server.impl.LeaderElection.waitForResults(LeaderElection.java:259)
	at org.apache.ratis.server.impl.LeaderElection.askForVotes(LeaderElection.java:197)
	at org.apache.ratis.server.impl.LeaderElection.run(LeaderElection.java:133)
	at java.lang.Thread.run(Thread.java:748)
Caused by: org.apache.ratis.thirdparty.io.grpc.StatusRuntimeException: UNAVAILABLE: io exception
	at org.apache.ratis.thirdparty.io.grpc.stub.ClientCalls.toStatusRuntimeException(ClientCalls.java:233)
	at org.apache.ratis.thirdparty.io.grpc.stub.ClientCalls.getUnchecked(ClientCalls.java:214)
	at org.apache.ratis.thirdparty.io.grpc.stub.ClientCalls.blockingUnaryCall(ClientCalls.java:139)
	at org.apache.ratis.proto.grpc.RaftServerProtocolServiceGrpc$RaftServerProtocolServiceBlockingStub.requestVote(RaftServerProtocolServiceGrpc.java:265)
	at org.apache.ratis.grpc.server.GrpcServerProtocolClient.requestVote(GrpcServerProtocolClient.java:99)
	at org.apache.ratis.grpc.server.GrpcService.requestVote(GrpcService.java:204)
	at org.apache.ratis.server.impl.LeaderElection.lambda$submitRequests$1(LeaderElection.java:234)
	at java.util.concurrent.FutureTask.run(FutureTask.java:266)
	at java.util.concurrent.Executors$RunnableAdapter.call(Executors.java:511)
	at java.util.concurrent.FutureTask.run(FutureTask.java:266)
	at java.util.concurrent.ThreadPoolExecutor.runWorker(ThreadPoolExecutor.java:1149)
	at java.util.concurrent.ThreadPoolExecutor$Worker.run(ThreadPoolExecutor.java:624)
	... 1 more
Caused by: org.apache.ratis.thirdparty.io.netty.channel.AbstractChannel$AnnotatedConnectException: Connection refused: /192.168.157.223:42172
	at sun.nio.ch.SocketChannelImpl.checkConnect(Native Method)
	at sun.nio.ch.SocketChannelImpl.finishConnect(SocketChannelImpl.java:717)
	at org.apache.ratis.thirdparty.io.netty.channel.socket.nio.NioSocketChannel.doFinishConnect(NioSocketChannel.java:327)
	at org.apache.ratis.thirdparty.io.netty.channel.nio.AbstractNioChannel$AbstractNioUnsafe.finishConnect(AbstractNioChannel.java:340)
	at org.apache.ratis.thirdparty.io.netty.channel.nio.NioEventLoop.processSelectedKey(NioEventLoop.java:632)
	at org.apache.ratis.thirdparty.io.netty.channel.nio.NioEventLoop.processSelectedKeysOptimized(NioEventLoop.java:579)
	at org.apache.ratis.thirdparty.io.netty.channel.nio.NioEventLoop.processSelectedKeys(NioEventLoop.java:496)
	at org.apache.ratis.thirdparty.io.netty.channel.nio.NioEventLoop.run(NioEventLoop.java:458)
	at org.apache.ratis.thirdparty.io.netty.util.concurrent.SingleThreadEventExecutor$5.run(SingleThreadEventExecutor.java:897)
	at org.apache.ratis.thirdparty.io.netty.util.concurrent.FastThreadLocalRunnable.run(FastThreadLocalRunnable.java:30)
	... 1 more
Caused by: java.net.ConnectException: Connection refused
	... 11 more
2019-10-17 21:55:05,719 [grpc-default-executor-6] INFO  impl.RaftServerImpl (RaftServerImpl.java:setRole(184)) - 08d4cbaa-ffed-4411-a5fd-c4a38026aead@group-F967393F7C93: changes role from  FOLLOWER to FOLLOWER at term 177 for recognizeCandidate:d6dfcdd7-fc6e-4b51-b91e-b64503dadc5e
2019-10-17 21:55:05,719 [grpc-default-executor-6] INFO  impl.RoleInfo (RoleInfo.java:shutdownFollowerState(121)) - 08d4cbaa-ffed-4411-a5fd-c4a38026aead: shutdown FollowerState
2019-10-17 21:55:05,719 [grpc-default-executor-6] INFO  impl.RoleInfo (RoleInfo.java:updateAndGet(143)) - 08d4cbaa-ffed-4411-a5fd-c4a38026aead: start FollowerState
2019-10-17 21:55:05,719 [Thread-1771] INFO  impl.FollowerState (FollowerState.java:run(117)) - 08d4cbaa-ffed-4411-a5fd-c4a38026aead@group-F967393F7C93-FollowerState was interrupted: java.lang.InterruptedException: sleep interrupted
2019-10-17 21:55:05,739 [d6dfcdd7-fc6e-4b51-b91e-b64503dadc5e@group-F967393F7C93-LeaderElection180] INFO  impl.LeaderElection (LeaderElection.java:logAndReturn(56)) - d6dfcdd7-fc6e-4b51-b91e-b64503dadc5e@group-F967393F7C93-LeaderElection180: Election REJECTED; received 1 response(s) [d6dfcdd7-fc6e-4b51-b91e-b64503dadc5e<-08d4cbaa-ffed-4411-a5fd-c4a38026aead#0:FAIL-t177] and 1 exception(s); d6dfcdd7-fc6e-4b51-b91e-b64503dadc5e@group-F967393F7C93:t177, leader=null, voted=d6dfcdd7-fc6e-4b51-b91e-b64503dadc5e, raftlog=d6dfcdd7-fc6e-4b51-b91e-b64503dadc5e@group-F967393F7C93-SegmentedRaftLog:OPENED:c-1,f-1,i0, conf=-1: [08d4cbaa-ffed-4411-a5fd-c4a38026aead:192.168.157.223:33910, da15dfee-23f0-4dc4-ad77-c00156c49cfa:192.168.157.223:42172, d6dfcdd7-fc6e-4b51-b91e-b64503dadc5e:192.168.157.223:43575], old=null
2019-10-17 21:55:05,740 [d6dfcdd7-fc6e-4b51-b91e-b64503dadc5e@group-F967393F7C93-LeaderElection180] INFO  impl.LeaderElection (LogUtils.java:infoOrTrace(149)) -   Exception 0: {}
java.util.concurrent.ExecutionException: org.apache.ratis.thirdparty.io.grpc.StatusRuntimeException: UNAVAILABLE: io exception
	at java.util.concurrent.FutureTask.report(FutureTask.java:122)
	at java.util.concurrent.FutureTask.get(FutureTask.java:192)
	at org.apache.ratis.server.impl.LeaderElection.waitForResults(LeaderElection.java:259)
	at org.apache.ratis.server.impl.LeaderElection.askForVotes(LeaderElection.java:197)
	at org.apache.ratis.server.impl.LeaderElection.run(LeaderElection.java:133)
	at java.lang.Thread.run(Thread.java:748)
Caused by: org.apache.ratis.thirdparty.io.grpc.StatusRuntimeException: UNAVAILABLE: io exception
	at org.apache.ratis.thirdparty.io.grpc.stub.ClientCalls.toStatusRuntimeException(ClientCalls.java:233)
	at org.apache.ratis.thirdparty.io.grpc.stub.ClientCalls.getUnchecked(ClientCalls.java:214)
	at org.apache.ratis.thirdparty.io.grpc.stub.ClientCalls.blockingUnaryCall(ClientCalls.java:139)
	at org.apache.ratis.proto.grpc.RaftServerProtocolServiceGrpc$RaftServerProtocolServiceBlockingStub.requestVote(RaftServerProtocolServiceGrpc.java:265)
	at org.apache.ratis.grpc.server.GrpcServerProtocolClient.requestVote(GrpcServerProtocolClient.java:99)
	at org.apache.ratis.grpc.server.GrpcService.requestVote(GrpcService.java:204)
	at org.apache.ratis.server.impl.LeaderElection.lambda$submitRequests$1(LeaderElection.java:234)
	at java.util.concurrent.FutureTask.run(FutureTask.java:266)
	at java.util.concurrent.Executors$RunnableAdapter.call(Executors.java:511)
	at java.util.concurrent.FutureTask.run(FutureTask.java:266)
	at java.util.concurrent.ThreadPoolExecutor.runWorker(ThreadPoolExecutor.java:1149)
	at java.util.concurrent.ThreadPoolExecutor$Worker.run(ThreadPoolExecutor.java:624)
	... 1 more
Caused by: org.apache.ratis.thirdparty.io.netty.channel.AbstractChannel$AnnotatedConnectException: Connection refused: /192.168.157.223:42172
	at sun.nio.ch.SocketChannelImpl.checkConnect(Native Method)
	at sun.nio.ch.SocketChannelImpl.finishConnect(SocketChannelImpl.java:717)
	at org.apache.ratis.thirdparty.io.netty.channel.socket.nio.NioSocketChannel.doFinishConnect(NioSocketChannel.java:327)
	at org.apache.ratis.thirdparty.io.netty.channel.nio.AbstractNioChannel$AbstractNioUnsafe.finishConnect(AbstractNioChannel.java:340)
	at org.apache.ratis.thirdparty.io.netty.channel.nio.NioEventLoop.processSelectedKey(NioEventLoop.java:632)
	at org.apache.ratis.thirdparty.io.netty.channel.nio.NioEventLoop.processSelectedKeysOptimized(NioEventLoop.java:579)
	at org.apache.ratis.thirdparty.io.netty.channel.nio.NioEventLoop.processSelectedKeys(NioEventLoop.java:496)
	at org.apache.ratis.thirdparty.io.netty.channel.nio.NioEventLoop.run(NioEventLoop.java:458)
	at org.apache.ratis.thirdparty.io.netty.util.concurrent.SingleThreadEventExecutor$5.run(SingleThreadEventExecutor.java:897)
	at org.apache.ratis.thirdparty.io.netty.util.concurrent.FastThreadLocalRunnable.run(FastThreadLocalRunnable.java:30)
	... 1 more
Caused by: java.net.ConnectException: Connection refused
	... 11 more
2019-10-17 21:55:05,740 [d6dfcdd7-fc6e-4b51-b91e-b64503dadc5e@group-F967393F7C93-LeaderElection180] INFO  impl.RaftServerImpl (RaftServerImpl.java:setRole(184)) - d6dfcdd7-fc6e-4b51-b91e-b64503dadc5e@group-F967393F7C93: changes role from CANDIDATE to FOLLOWER at term 177 for DISCOVERED_A_NEW_TERM
2019-10-17 21:55:05,740 [d6dfcdd7-fc6e-4b51-b91e-b64503dadc5e@group-F967393F7C93-LeaderElection180] INFO  impl.RoleInfo (RoleInfo.java:shutdownLeaderElection(134)) - d6dfcdd7-fc6e-4b51-b91e-b64503dadc5e: shutdown LeaderElection
2019-10-17 21:55:05,740 [d6dfcdd7-fc6e-4b51-b91e-b64503dadc5e@group-F967393F7C93-LeaderElection180] INFO  impl.RoleInfo (RoleInfo.java:updateAndGet(143)) - d6dfcdd7-fc6e-4b51-b91e-b64503dadc5e: start FollowerState
2019-10-17 21:55:05,769 [java.util.concurrent.ThreadPoolExecutor$Worker@71aa17a1[State = -1, empty queue]] WARN  server.GrpcLogAppender (GrpcLogAppender.java:timeoutAppendRequest(209)) - de567563-d0dd-4cf2-91b7-f72627909699@group-3097D7458558->db0af43e-c62e-4c1d-affa-ffdb4faae2f8-GrpcLogAppender: appendEntries Timeout, request=de567563-d0dd-4cf2-91b7-f72627909699->db0af43e-c62e-4c1d-affa-ffdb4faae2f8#41-t10, previous=(t:10, i:4), leaderCommit=4, initializing? false, entries: <empty>
2019-10-17 21:55:05,792 [java.util.concurrent.ThreadPoolExecutor$Worker@53372d8e[State = -1, empty queue]] WARN  server.GrpcLogAppender (GrpcLogAppender.java:timeoutAppendRequest(209)) - fff7125c-610a-434d-b194-38800617abc4@group-4FF8CA26B826->c3d1d4b8-f513-489f-ad1a-d9e469eb6c8d-GrpcLogAppender: appendEntries Timeout, request=fff7125c-610a-434d-b194-38800617abc4->c3d1d4b8-f513-489f-ad1a-d9e469eb6c8d#51-t11, previous=(t:11, i:18), leaderCommit=18, initializing? false, entries: <empty>
2019-10-17 21:55:05,871 [Thread-1775] INFO  impl.FollowerState (FollowerState.java:run(108)) - d6dfcdd7-fc6e-4b51-b91e-b64503dadc5e@group-F967393F7C93-FollowerState: change to CANDIDATE, lastRpcTime:130ms, electionTimeout:130ms
2019-10-17 21:55:05,871 [Thread-1775] INFO  impl.RoleInfo (RoleInfo.java:shutdownFollowerState(121)) - d6dfcdd7-fc6e-4b51-b91e-b64503dadc5e: shutdown FollowerState
2019-10-17 21:55:05,871 [Thread-1775] INFO  impl.RaftServerImpl (RaftServerImpl.java:setRole(184)) - d6dfcdd7-fc6e-4b51-b91e-b64503dadc5e@group-F967393F7C93: changes role from  FOLLOWER to CANDIDATE at term 177 for changeToCandidate
2019-10-17 21:55:05,871 [Thread-1775] INFO  impl.RoleInfo (RoleInfo.java:updateAndGet(143)) - d6dfcdd7-fc6e-4b51-b91e-b64503dadc5e: start LeaderElection
2019-10-17 21:55:05,887 [d6dfcdd7-fc6e-4b51-b91e-b64503dadc5e@group-F967393F7C93-LeaderElection181] INFO  impl.LeaderElection (LeaderElection.java:askForVotes(178)) - d6dfcdd7-fc6e-4b51-b91e-b64503dadc5e@group-F967393F7C93-LeaderElection181: begin an election at term 178 for -1: [08d4cbaa-ffed-4411-a5fd-c4a38026aead:192.168.157.223:33910, da15dfee-23f0-4dc4-ad77-c00156c49cfa:192.168.157.223:42172, d6dfcdd7-fc6e-4b51-b91e-b64503dadc5e:192.168.157.223:43575], old=null
2019-10-17 21:55:05,888 [d6dfcdd7-fc6e-4b51-b91e-b64503dadc5e@group-F967393F7C93-LeaderElection181] INFO  impl.LeaderElection (LogUtils.java:infoOrTrace(149)) - d6dfcdd7-fc6e-4b51-b91e-b64503dadc5e@group-F967393F7C93-LeaderElection181 got exception when requesting votes: {}
java.util.concurrent.ExecutionException: org.apache.ratis.thirdparty.io.grpc.StatusRuntimeException: UNAVAILABLE: io exception
	at java.util.concurrent.FutureTask.report(FutureTask.java:122)
	at java.util.concurrent.FutureTask.get(FutureTask.java:192)
	at org.apache.ratis.server.impl.LeaderElection.waitForResults(LeaderElection.java:259)
	at org.apache.ratis.server.impl.LeaderElection.askForVotes(LeaderElection.java:197)
	at org.apache.ratis.server.impl.LeaderElection.run(LeaderElection.java:133)
	at java.lang.Thread.run(Thread.java:748)
Caused by: org.apache.ratis.thirdparty.io.grpc.StatusRuntimeException: UNAVAILABLE: io exception
	at org.apache.ratis.thirdparty.io.grpc.stub.ClientCalls.toStatusRuntimeException(ClientCalls.java:233)
	at org.apache.ratis.thirdparty.io.grpc.stub.ClientCalls.getUnchecked(ClientCalls.java:214)
	at org.apache.ratis.thirdparty.io.grpc.stub.ClientCalls.blockingUnaryCall(ClientCalls.java:139)
	at org.apache.ratis.proto.grpc.RaftServerProtocolServiceGrpc$RaftServerProtocolServiceBlockingStub.requestVote(RaftServerProtocolServiceGrpc.java:265)
	at org.apache.ratis.grpc.server.GrpcServerProtocolClient.requestVote(GrpcServerProtocolClient.java:99)
	at org.apache.ratis.grpc.server.GrpcService.requestVote(GrpcService.java:204)
	at org.apache.ratis.server.impl.LeaderElection.lambda$submitRequests$1(LeaderElection.java:234)
	at java.util.concurrent.FutureTask.run(FutureTask.java:266)
	at java.util.concurrent.Executors$RunnableAdapter.call(Executors.java:511)
	at java.util.concurrent.FutureTask.run(FutureTask.java:266)
	at java.util.concurrent.ThreadPoolExecutor.runWorker(ThreadPoolExecutor.java:1149)
	at java.util.concurrent.ThreadPoolExecutor$Worker.run(ThreadPoolExecutor.java:624)
	... 1 more
Caused by: org.apache.ratis.thirdparty.io.netty.channel.AbstractChannel$AnnotatedConnectException: Connection refused: /192.168.157.223:42172
	at sun.nio.ch.SocketChannelImpl.checkConnect(Native Method)
	at sun.nio.ch.SocketChannelImpl.finishConnect(SocketChannelImpl.java:717)
	at org.apache.ratis.thirdparty.io.netty.channel.socket.nio.NioSocketChannel.doFinishConnect(NioSocketChannel.java:327)
	at org.apache.ratis.thirdparty.io.netty.channel.nio.AbstractNioChannel$AbstractNioUnsafe.finishConnect(AbstractNioChannel.java:340)
	at org.apache.ratis.thirdparty.io.netty.channel.nio.NioEventLoop.processSelectedKey(NioEventLoop.java:632)
	at org.apache.ratis.thirdparty.io.netty.channel.nio.NioEventLoop.processSelectedKeysOptimized(NioEventLoop.java:579)
	at org.apache.ratis.thirdparty.io.netty.channel.nio.NioEventLoop.processSelectedKeys(NioEventLoop.java:496)
	at org.apache.ratis.thirdparty.io.netty.channel.nio.NioEventLoop.run(NioEventLoop.java:458)
	at org.apache.ratis.thirdparty.io.netty.util.concurrent.SingleThreadEventExecutor$5.run(SingleThreadEventExecutor.java:897)
	at org.apache.ratis.thirdparty.io.netty.util.concurrent.FastThreadLocalRunnable.run(FastThreadLocalRunnable.java:30)
	... 1 more
Caused by: java.net.ConnectException: Connection refused
	... 11 more
2019-10-17 21:55:05,890 [grpc-default-executor-6] INFO  impl.RaftServerImpl (RaftServerImpl.java:setRole(184)) - 08d4cbaa-ffed-4411-a5fd-c4a38026aead@group-F967393F7C93: changes role from  FOLLOWER to FOLLOWER at term 178 for recognizeCandidate:d6dfcdd7-fc6e-4b51-b91e-b64503dadc5e
2019-10-17 21:55:05,890 [grpc-default-executor-6] INFO  impl.RoleInfo (RoleInfo.java:shutdownFollowerState(121)) - 08d4cbaa-ffed-4411-a5fd-c4a38026aead: shutdown FollowerState
2019-10-17 21:55:05,891 [grpc-default-executor-6] INFO  impl.RoleInfo (RoleInfo.java:updateAndGet(143)) - 08d4cbaa-ffed-4411-a5fd-c4a38026aead: start FollowerState
2019-10-17 21:55:05,891 [Thread-1774] INFO  impl.FollowerState (FollowerState.java:run(117)) - 08d4cbaa-ffed-4411-a5fd-c4a38026aead@group-F967393F7C93-FollowerState was interrupted: java.lang.InterruptedException: sleep interrupted
2019-10-17 21:55:05,905 [d6dfcdd7-fc6e-4b51-b91e-b64503dadc5e@group-F967393F7C93-LeaderElection181] INFO  impl.LeaderElection (LeaderElection.java:logAndReturn(56)) - d6dfcdd7-fc6e-4b51-b91e-b64503dadc5e@group-F967393F7C93-LeaderElection181: Election REJECTED; received 1 response(s) [d6dfcdd7-fc6e-4b51-b91e-b64503dadc5e<-08d4cbaa-ffed-4411-a5fd-c4a38026aead#0:FAIL-t178] and 1 exception(s); d6dfcdd7-fc6e-4b51-b91e-b64503dadc5e@group-F967393F7C93:t178, leader=null, voted=d6dfcdd7-fc6e-4b51-b91e-b64503dadc5e, raftlog=d6dfcdd7-fc6e-4b51-b91e-b64503dadc5e@group-F967393F7C93-SegmentedRaftLog:OPENED:c-1,f-1,i0, conf=-1: [08d4cbaa-ffed-4411-a5fd-c4a38026aead:192.168.157.223:33910, da15dfee-23f0-4dc4-ad77-c00156c49cfa:192.168.157.223:42172, d6dfcdd7-fc6e-4b51-b91e-b64503dadc5e:192.168.157.223:43575], old=null
2019-10-17 21:55:05,905 [d6dfcdd7-fc6e-4b51-b91e-b64503dadc5e@group-F967393F7C93-LeaderElection181] INFO  impl.LeaderElection (LogUtils.java:infoOrTrace(149)) -   Exception 0: {}
java.util.concurrent.ExecutionException: org.apache.ratis.thirdparty.io.grpc.StatusRuntimeException: UNAVAILABLE: io exception
	at java.util.concurrent.FutureTask.report(FutureTask.java:122)
	at java.util.concurrent.FutureTask.get(FutureTask.java:192)
	at org.apache.ratis.server.impl.LeaderElection.waitForResults(LeaderElection.java:259)
	at org.apache.ratis.server.impl.LeaderElection.askForVotes(LeaderElection.java:197)
	at org.apache.ratis.server.impl.LeaderElection.run(LeaderElection.java:133)
	at java.lang.Thread.run(Thread.java:748)
Caused by: org.apache.ratis.thirdparty.io.grpc.StatusRuntimeException: UNAVAILABLE: io exception
	at org.apache.ratis.thirdparty.io.grpc.stub.ClientCalls.toStatusRuntimeException(ClientCalls.java:233)
	at org.apache.ratis.thirdparty.io.grpc.stub.ClientCalls.getUnchecked(ClientCalls.java:214)
	at org.apache.ratis.thirdparty.io.grpc.stub.ClientCalls.blockingUnaryCall(ClientCalls.java:139)
	at org.apache.ratis.proto.grpc.RaftServerProtocolServiceGrpc$RaftServerProtocolServiceBlockingStub.requestVote(RaftServerProtocolServiceGrpc.java:265)
	at org.apache.ratis.grpc.server.GrpcServerProtocolClient.requestVote(GrpcServerProtocolClient.java:99)
	at org.apache.ratis.grpc.server.GrpcService.requestVote(GrpcService.java:204)
	at org.apache.ratis.server.impl.LeaderElection.lambda$submitRequests$1(LeaderElection.java:234)
	at java.util.concurrent.FutureTask.run(FutureTask.java:266)
	at java.util.concurrent.Executors$RunnableAdapter.call(Executors.java:511)
	at java.util.concurrent.FutureTask.run(FutureTask.java:266)
	at java.util.concurrent.ThreadPoolExecutor.runWorker(ThreadPoolExecutor.java:1149)
	at java.util.concurrent.ThreadPoolExecutor$Worker.run(ThreadPoolExecutor.java:624)
	... 1 more
Caused by: org.apache.ratis.thirdparty.io.netty.channel.AbstractChannel$AnnotatedConnectException: Connection refused: /192.168.157.223:42172
	at sun.nio.ch.SocketChannelImpl.checkConnect(Native Method)
	at sun.nio.ch.SocketChannelImpl.finishConnect(SocketChannelImpl.java:717)
	at org.apache.ratis.thirdparty.io.netty.channel.socket.nio.NioSocketChannel.doFinishConnect(NioSocketChannel.java:327)
	at org.apache.ratis.thirdparty.io.netty.channel.nio.AbstractNioChannel$AbstractNioUnsafe.finishConnect(AbstractNioChannel.java:340)
	at org.apache.ratis.thirdparty.io.netty.channel.nio.NioEventLoop.processSelectedKey(NioEventLoop.java:632)
	at org.apache.ratis.thirdparty.io.netty.channel.nio.NioEventLoop.processSelectedKeysOptimized(NioEventLoop.java:579)
	at org.apache.ratis.thirdparty.io.netty.channel.nio.NioEventLoop.processSelectedKeys(NioEventLoop.java:496)
	at org.apache.ratis.thirdparty.io.netty.channel.nio.NioEventLoop.run(NioEventLoop.java:458)
	at org.apache.ratis.thirdparty.io.netty.util.concurrent.SingleThreadEventExecutor$5.run(SingleThreadEventExecutor.java:897)
	at org.apache.ratis.thirdparty.io.netty.util.concurrent.FastThreadLocalRunnable.run(FastThreadLocalRunnable.java:30)
	... 1 more
Caused by: java.net.ConnectException: Connection refused
	... 11 more
2019-10-17 21:55:05,906 [d6dfcdd7-fc6e-4b51-b91e-b64503dadc5e@group-F967393F7C93-LeaderElection181] INFO  impl.RaftServerImpl (RaftServerImpl.java:setRole(184)) - d6dfcdd7-fc6e-4b51-b91e-b64503dadc5e@group-F967393F7C93: changes role from CANDIDATE to FOLLOWER at term 178 for DISCOVERED_A_NEW_TERM
2019-10-17 21:55:05,906 [d6dfcdd7-fc6e-4b51-b91e-b64503dadc5e@group-F967393F7C93-LeaderElection181] INFO  impl.RoleInfo (RoleInfo.java:shutdownLeaderElection(134)) - d6dfcdd7-fc6e-4b51-b91e-b64503dadc5e: shutdown LeaderElection
2019-10-17 21:55:05,906 [d6dfcdd7-fc6e-4b51-b91e-b64503dadc5e@group-F967393F7C93-LeaderElection181] INFO  impl.RoleInfo (RoleInfo.java:updateAndGet(143)) - d6dfcdd7-fc6e-4b51-b91e-b64503dadc5e: start FollowerState
2019-10-17 21:55:06,102 [Thread-1781] INFO  impl.FollowerState (FollowerState.java:run(108)) - d6dfcdd7-fc6e-4b51-b91e-b64503dadc5e@group-F967393F7C93-FollowerState: change to CANDIDATE, lastRpcTime:195ms, electionTimeout:195ms
2019-10-17 21:55:06,102 [Thread-1781] INFO  impl.RoleInfo (RoleInfo.java:shutdownFollowerState(121)) - d6dfcdd7-fc6e-4b51-b91e-b64503dadc5e: shutdown FollowerState
2019-10-17 21:55:06,102 [Thread-1781] INFO  impl.RaftServerImpl (RaftServerImpl.java:setRole(184)) - d6dfcdd7-fc6e-4b51-b91e-b64503dadc5e@group-F967393F7C93: changes role from  FOLLOWER to CANDIDATE at term 178 for changeToCandidate
2019-10-17 21:55:06,102 [Thread-1781] INFO  impl.RoleInfo (RoleInfo.java:updateAndGet(143)) - d6dfcdd7-fc6e-4b51-b91e-b64503dadc5e: start LeaderElection
2019-10-17 21:55:06,118 [d6dfcdd7-fc6e-4b51-b91e-b64503dadc5e@group-F967393F7C93-LeaderElection182] INFO  impl.LeaderElection (LeaderElection.java:askForVotes(178)) - d6dfcdd7-fc6e-4b51-b91e-b64503dadc5e@group-F967393F7C93-LeaderElection182: begin an election at term 179 for -1: [08d4cbaa-ffed-4411-a5fd-c4a38026aead:192.168.157.223:33910, da15dfee-23f0-4dc4-ad77-c00156c49cfa:192.168.157.223:42172, d6dfcdd7-fc6e-4b51-b91e-b64503dadc5e:192.168.157.223:43575], old=null
2019-10-17 21:55:06,119 [d6dfcdd7-fc6e-4b51-b91e-b64503dadc5e@group-F967393F7C93-LeaderElection182] INFO  impl.LeaderElection (LogUtils.java:infoOrTrace(149)) - d6dfcdd7-fc6e-4b51-b91e-b64503dadc5e@group-F967393F7C93-LeaderElection182 got exception when requesting votes: {}
java.util.concurrent.ExecutionException: org.apache.ratis.thirdparty.io.grpc.StatusRuntimeException: UNAVAILABLE: io exception
	at java.util.concurrent.FutureTask.report(FutureTask.java:122)
	at java.util.concurrent.FutureTask.get(FutureTask.java:192)
	at org.apache.ratis.server.impl.LeaderElection.waitForResults(LeaderElection.java:259)
	at org.apache.ratis.server.impl.LeaderElection.askForVotes(LeaderElection.java:197)
	at org.apache.ratis.server.impl.LeaderElection.run(LeaderElection.java:133)
	at java.lang.Thread.run(Thread.java:748)
Caused by: org.apache.ratis.thirdparty.io.grpc.StatusRuntimeException: UNAVAILABLE: io exception
	at org.apache.ratis.thirdparty.io.grpc.stub.ClientCalls.toStatusRuntimeException(ClientCalls.java:233)
	at org.apache.ratis.thirdparty.io.grpc.stub.ClientCalls.getUnchecked(ClientCalls.java:214)
	at org.apache.ratis.thirdparty.io.grpc.stub.ClientCalls.blockingUnaryCall(ClientCalls.java:139)
	at org.apache.ratis.proto.grpc.RaftServerProtocolServiceGrpc$RaftServerProtocolServiceBlockingStub.requestVote(RaftServerProtocolServiceGrpc.java:265)
	at org.apache.ratis.grpc.server.GrpcServerProtocolClient.requestVote(GrpcServerProtocolClient.java:99)
	at org.apache.ratis.grpc.server.GrpcService.requestVote(GrpcService.java:204)
	at org.apache.ratis.server.impl.LeaderElection.lambda$submitRequests$1(LeaderElection.java:234)
	at java.util.concurrent.FutureTask.run(FutureTask.java:266)
	at java.util.concurrent.Executors$RunnableAdapter.call(Executors.java:511)
	at java.util.concurrent.FutureTask.run(FutureTask.java:266)
	at java.util.concurrent.ThreadPoolExecutor.runWorker(ThreadPoolExecutor.java:1149)
	at java.util.concurrent.ThreadPoolExecutor$Worker.run(ThreadPoolExecutor.java:624)
	... 1 more
Caused by: org.apache.ratis.thirdparty.io.netty.channel.AbstractChannel$AnnotatedConnectException: Connection refused: /192.168.157.223:42172
	at sun.nio.ch.SocketChannelImpl.checkConnect(Native Method)
	at sun.nio.ch.SocketChannelImpl.finishConnect(SocketChannelImpl.java:717)
	at org.apache.ratis.thirdparty.io.netty.channel.socket.nio.NioSocketChannel.doFinishConnect(NioSocketChannel.java:327)
	at org.apache.ratis.thirdparty.io.netty.channel.nio.AbstractNioChannel$AbstractNioUnsafe.finishConnect(AbstractNioChannel.java:340)
	at org.apache.ratis.thirdparty.io.netty.channel.nio.NioEventLoop.processSelectedKey(NioEventLoop.java:632)
	at org.apache.ratis.thirdparty.io.netty.channel.nio.NioEventLoop.processSelectedKeysOptimized(NioEventLoop.java:579)
	at org.apache.ratis.thirdparty.io.netty.channel.nio.NioEventLoop.processSelectedKeys(NioEventLoop.java:496)
	at org.apache.ratis.thirdparty.io.netty.channel.nio.NioEventLoop.run(NioEventLoop.java:458)
	at org.apache.ratis.thirdparty.io.netty.util.concurrent.SingleThreadEventExecutor$5.run(SingleThreadEventExecutor.java:897)
	at org.apache.ratis.thirdparty.io.netty.util.concurrent.FastThreadLocalRunnable.run(FastThreadLocalRunnable.java:30)
	... 1 more
Caused by: java.net.ConnectException: Connection refused
	... 11 more
2019-10-17 21:55:06,122 [grpc-default-executor-6] INFO  impl.RaftServerImpl (RaftServerImpl.java:setRole(184)) - 08d4cbaa-ffed-4411-a5fd-c4a38026aead@group-F967393F7C93: changes role from  FOLLOWER to FOLLOWER at term 179 for recognizeCandidate:d6dfcdd7-fc6e-4b51-b91e-b64503dadc5e
2019-10-17 21:55:06,123 [grpc-default-executor-6] INFO  impl.RoleInfo (RoleInfo.java:shutdownFollowerState(121)) - 08d4cbaa-ffed-4411-a5fd-c4a38026aead: shutdown FollowerState
2019-10-17 21:55:06,123 [grpc-default-executor-6] INFO  impl.RoleInfo (RoleInfo.java:updateAndGet(143)) - 08d4cbaa-ffed-4411-a5fd-c4a38026aead: start FollowerState
2019-10-17 21:55:06,123 [Thread-1780] INFO  impl.FollowerState (FollowerState.java:run(117)) - 08d4cbaa-ffed-4411-a5fd-c4a38026aead@group-F967393F7C93-FollowerState was interrupted: java.lang.InterruptedException: sleep interrupted
2019-10-17 21:55:06,147 [d6dfcdd7-fc6e-4b51-b91e-b64503dadc5e@group-F967393F7C93-LeaderElection182] INFO  impl.LeaderElection (LeaderElection.java:logAndReturn(56)) - d6dfcdd7-fc6e-4b51-b91e-b64503dadc5e@group-F967393F7C93-LeaderElection182: Election REJECTED; received 1 response(s) [d6dfcdd7-fc6e-4b51-b91e-b64503dadc5e<-08d4cbaa-ffed-4411-a5fd-c4a38026aead#0:FAIL-t179] and 1 exception(s); d6dfcdd7-fc6e-4b51-b91e-b64503dadc5e@group-F967393F7C93:t179, leader=null, voted=d6dfcdd7-fc6e-4b51-b91e-b64503dadc5e, raftlog=d6dfcdd7-fc6e-4b51-b91e-b64503dadc5e@group-F967393F7C93-SegmentedRaftLog:OPENED:c-1,f-1,i0, conf=-1: [08d4cbaa-ffed-4411-a5fd-c4a38026aead:192.168.157.223:33910, da15dfee-23f0-4dc4-ad77-c00156c49cfa:192.168.157.223:42172, d6dfcdd7-fc6e-4b51-b91e-b64503dadc5e:192.168.157.223:43575], old=null
2019-10-17 21:55:06,147 [d6dfcdd7-fc6e-4b51-b91e-b64503dadc5e@group-F967393F7C93-LeaderElection182] INFO  impl.LeaderElection (LogUtils.java:infoOrTrace(149)) -   Exception 0: {}
java.util.concurrent.ExecutionException: org.apache.ratis.thirdparty.io.grpc.StatusRuntimeException: UNAVAILABLE: io exception
	at java.util.concurrent.FutureTask.report(FutureTask.java:122)
	at java.util.concurrent.FutureTask.get(FutureTask.java:192)
	at org.apache.ratis.server.impl.LeaderElection.waitForResults(LeaderElection.java:259)
	at org.apache.ratis.server.impl.LeaderElection.askForVotes(LeaderElection.java:197)
	at org.apache.ratis.server.impl.LeaderElection.run(LeaderElection.java:133)
	at java.lang.Thread.run(Thread.java:748)
Caused by: org.apache.ratis.thirdparty.io.grpc.StatusRuntimeException: UNAVAILABLE: io exception
	at org.apache.ratis.thirdparty.io.grpc.stub.ClientCalls.toStatusRuntimeException(ClientCalls.java:233)
	at org.apache.ratis.thirdparty.io.grpc.stub.ClientCalls.getUnchecked(ClientCalls.java:214)
	at org.apache.ratis.thirdparty.io.grpc.stub.ClientCalls.blockingUnaryCall(ClientCalls.java:139)
	at org.apache.ratis.proto.grpc.RaftServerProtocolServiceGrpc$RaftServerProtocolServiceBlockingStub.requestVote(RaftServerProtocolServiceGrpc.java:265)
	at org.apache.ratis.grpc.server.GrpcServerProtocolClient.requestVote(GrpcServerProtocolClient.java:99)
	at org.apache.ratis.grpc.server.GrpcService.requestVote(GrpcService.java:204)
	at org.apache.ratis.server.impl.LeaderElection.lambda$submitRequests$1(LeaderElection.java:234)
	at java.util.concurrent.FutureTask.run(FutureTask.java:266)
	at java.util.concurrent.Executors$RunnableAdapter.call(Executors.java:511)
	at java.util.concurrent.FutureTask.run(FutureTask.java:266)
	at java.util.concurrent.ThreadPoolExecutor.runWorker(ThreadPoolExecutor.java:1149)
	at java.util.concurrent.ThreadPoolExecutor$Worker.run(ThreadPoolExecutor.java:624)
	... 1 more
Caused by: org.apache.ratis.thirdparty.io.netty.channel.AbstractChannel$AnnotatedConnectException: Connection refused: /192.168.157.223:42172
	at sun.nio.ch.SocketChannelImpl.checkConnect(Native Method)
	at sun.nio.ch.SocketChannelImpl.finishConnect(SocketChannelImpl.java:717)
	at org.apache.ratis.thirdparty.io.netty.channel.socket.nio.NioSocketChannel.doFinishConnect(NioSocketChannel.java:327)
	at org.apache.ratis.thirdparty.io.netty.channel.nio.AbstractNioChannel$AbstractNioUnsafe.finishConnect(AbstractNioChannel.java:340)
	at org.apache.ratis.thirdparty.io.netty.channel.nio.NioEventLoop.processSelectedKey(NioEventLoop.java:632)
	at org.apache.ratis.thirdparty.io.netty.channel.nio.NioEventLoop.processSelectedKeysOptimized(NioEventLoop.java:579)
	at org.apache.ratis.thirdparty.io.netty.channel.nio.NioEventLoop.processSelectedKeys(NioEventLoop.java:496)
	at org.apache.ratis.thirdparty.io.netty.channel.nio.NioEventLoop.run(NioEventLoop.java:458)
	at org.apache.ratis.thirdparty.io.netty.util.concurrent.SingleThreadEventExecutor$5.run(SingleThreadEventExecutor.java:897)
	at org.apache.ratis.thirdparty.io.netty.util.concurrent.FastThreadLocalRunnable.run(FastThreadLocalRunnable.java:30)
	... 1 more
Caused by: java.net.ConnectException: Connection refused
	... 11 more
2019-10-17 21:55:06,147 [d6dfcdd7-fc6e-4b51-b91e-b64503dadc5e@group-F967393F7C93-LeaderElection182] INFO  impl.RaftServerImpl (RaftServerImpl.java:setRole(184)) - d6dfcdd7-fc6e-4b51-b91e-b64503dadc5e@group-F967393F7C93: changes role from CANDIDATE to FOLLOWER at term 179 for DISCOVERED_A_NEW_TERM
2019-10-17 21:55:06,147 [d6dfcdd7-fc6e-4b51-b91e-b64503dadc5e@group-F967393F7C93-LeaderElection182] INFO  impl.RoleInfo (RoleInfo.java:shutdownLeaderElection(134)) - d6dfcdd7-fc6e-4b51-b91e-b64503dadc5e: shutdown LeaderElection
2019-10-17 21:55:06,148 [d6dfcdd7-fc6e-4b51-b91e-b64503dadc5e@group-F967393F7C93-LeaderElection182] INFO  impl.RoleInfo (RoleInfo.java:updateAndGet(143)) - d6dfcdd7-fc6e-4b51-b91e-b64503dadc5e: start FollowerState
2019-10-17 21:55:06,212 [Thread-1786] INFO  impl.FollowerState (FollowerState.java:run(108)) - d6dfcdd7-fc6e-4b51-b91e-b64503dadc5e@group-F967393F7C93-FollowerState: change to CANDIDATE, lastRpcTime:64ms, electionTimeout:64ms
2019-10-17 21:55:06,212 [Thread-1786] INFO  impl.RoleInfo (RoleInfo.java:shutdownFollowerState(121)) - d6dfcdd7-fc6e-4b51-b91e-b64503dadc5e: shutdown FollowerState
2019-10-17 21:55:06,212 [Thread-1786] INFO  impl.RaftServerImpl (RaftServerImpl.java:setRole(184)) - d6dfcdd7-fc6e-4b51-b91e-b64503dadc5e@group-F967393F7C93: changes role from  FOLLOWER to CANDIDATE at term 179 for changeToCandidate
2019-10-17 21:55:06,212 [Thread-1786] INFO  impl.RoleInfo (RoleInfo.java:updateAndGet(143)) - d6dfcdd7-fc6e-4b51-b91e-b64503dadc5e: start LeaderElection
2019-10-17 21:55:06,225 [d6dfcdd7-fc6e-4b51-b91e-b64503dadc5e@group-F967393F7C93-LeaderElection183] INFO  impl.LeaderElection (LeaderElection.java:askForVotes(178)) - d6dfcdd7-fc6e-4b51-b91e-b64503dadc5e@group-F967393F7C93-LeaderElection183: begin an election at term 180 for -1: [08d4cbaa-ffed-4411-a5fd-c4a38026aead:192.168.157.223:33910, da15dfee-23f0-4dc4-ad77-c00156c49cfa:192.168.157.223:42172, d6dfcdd7-fc6e-4b51-b91e-b64503dadc5e:192.168.157.223:43575], old=null
2019-10-17 21:55:06,226 [d6dfcdd7-fc6e-4b51-b91e-b64503dadc5e@group-F967393F7C93-LeaderElection183] INFO  impl.LeaderElection (LogUtils.java:infoOrTrace(149)) - d6dfcdd7-fc6e-4b51-b91e-b64503dadc5e@group-F967393F7C93-LeaderElection183 got exception when requesting votes: {}
java.util.concurrent.ExecutionException: org.apache.ratis.thirdparty.io.grpc.StatusRuntimeException: UNAVAILABLE: io exception
	at java.util.concurrent.FutureTask.report(FutureTask.java:122)
	at java.util.concurrent.FutureTask.get(FutureTask.java:192)
	at org.apache.ratis.server.impl.LeaderElection.waitForResults(LeaderElection.java:259)
	at org.apache.ratis.server.impl.LeaderElection.askForVotes(LeaderElection.java:197)
	at org.apache.ratis.server.impl.LeaderElection.run(LeaderElection.java:133)
	at java.lang.Thread.run(Thread.java:748)
Caused by: org.apache.ratis.thirdparty.io.grpc.StatusRuntimeException: UNAVAILABLE: io exception
	at org.apache.ratis.thirdparty.io.grpc.stub.ClientCalls.toStatusRuntimeException(ClientCalls.java:233)
	at org.apache.ratis.thirdparty.io.grpc.stub.ClientCalls.getUnchecked(ClientCalls.java:214)
	at org.apache.ratis.thirdparty.io.grpc.stub.ClientCalls.blockingUnaryCall(ClientCalls.java:139)
	at org.apache.ratis.proto.grpc.RaftServerProtocolServiceGrpc$RaftServerProtocolServiceBlockingStub.requestVote(RaftServerProtocolServiceGrpc.java:265)
	at org.apache.ratis.grpc.server.GrpcServerProtocolClient.requestVote(GrpcServerProtocolClient.java:99)
	at org.apache.ratis.grpc.server.GrpcService.requestVote(GrpcService.java:204)
	at org.apache.ratis.server.impl.LeaderElection.lambda$submitRequests$1(LeaderElection.java:234)
	at java.util.concurrent.FutureTask.run(FutureTask.java:266)
	at java.util.concurrent.Executors$RunnableAdapter.call(Executors.java:511)
	at java.util.concurrent.FutureTask.run(FutureTask.java:266)
	at java.util.concurrent.ThreadPoolExecutor.runWorker(ThreadPoolExecutor.java:1149)
	at java.util.concurrent.ThreadPoolExecutor$Worker.run(ThreadPoolExecutor.java:624)
	... 1 more
Caused by: org.apache.ratis.thirdparty.io.netty.channel.AbstractChannel$AnnotatedConnectException: Connection refused: /192.168.157.223:42172
	at sun.nio.ch.SocketChannelImpl.checkConnect(Native Method)
	at sun.nio.ch.SocketChannelImpl.finishConnect(SocketChannelImpl.java:717)
	at org.apache.ratis.thirdparty.io.netty.channel.socket.nio.NioSocketChannel.doFinishConnect(NioSocketChannel.java:327)
	at org.apache.ratis.thirdparty.io.netty.channel.nio.AbstractNioChannel$AbstractNioUnsafe.finishConnect(AbstractNioChannel.java:340)
	at org.apache.ratis.thirdparty.io.netty.channel.nio.NioEventLoop.processSelectedKey(NioEventLoop.java:632)
	at org.apache.ratis.thirdparty.io.netty.channel.nio.NioEventLoop.processSelectedKeysOptimized(NioEventLoop.java:579)
	at org.apache.ratis.thirdparty.io.netty.channel.nio.NioEventLoop.processSelectedKeys(NioEventLoop.java:496)
	at org.apache.ratis.thirdparty.io.netty.channel.nio.NioEventLoop.run(NioEventLoop.java:458)
	at org.apache.ratis.thirdparty.io.netty.util.concurrent.SingleThreadEventExecutor$5.run(SingleThreadEventExecutor.java:897)
	at org.apache.ratis.thirdparty.io.netty.util.concurrent.FastThreadLocalRunnable.run(FastThreadLocalRunnable.java:30)
	... 1 more
Caused by: java.net.ConnectException: Connection refused
	... 11 more
2019-10-17 21:55:06,229 [grpc-default-executor-6] INFO  impl.RaftServerImpl (RaftServerImpl.java:setRole(184)) - 08d4cbaa-ffed-4411-a5fd-c4a38026aead@group-F967393F7C93: changes role from  FOLLOWER to FOLLOWER at term 180 for recognizeCandidate:d6dfcdd7-fc6e-4b51-b91e-b64503dadc5e
2019-10-17 21:55:06,229 [grpc-default-executor-6] INFO  impl.RoleInfo (RoleInfo.java:shutdownFollowerState(121)) - 08d4cbaa-ffed-4411-a5fd-c4a38026aead: shutdown FollowerState
2019-10-17 21:55:06,230 [grpc-default-executor-6] INFO  impl.RoleInfo (RoleInfo.java:updateAndGet(143)) - 08d4cbaa-ffed-4411-a5fd-c4a38026aead: start FollowerState
2019-10-17 21:55:06,230 [Thread-1785] INFO  impl.FollowerState (FollowerState.java:run(117)) - 08d4cbaa-ffed-4411-a5fd-c4a38026aead@group-F967393F7C93-FollowerState was interrupted: java.lang.InterruptedException: sleep interrupted
2019-10-17 21:55:06,259 [d6dfcdd7-fc6e-4b51-b91e-b64503dadc5e@group-F967393F7C93-LeaderElection183] INFO  impl.LeaderElection (LeaderElection.java:logAndReturn(56)) - d6dfcdd7-fc6e-4b51-b91e-b64503dadc5e@group-F967393F7C93-LeaderElection183: Election REJECTED; received 1 response(s) [d6dfcdd7-fc6e-4b51-b91e-b64503dadc5e<-08d4cbaa-ffed-4411-a5fd-c4a38026aead#0:FAIL-t180] and 1 exception(s); d6dfcdd7-fc6e-4b51-b91e-b64503dadc5e@group-F967393F7C93:t180, leader=null, voted=d6dfcdd7-fc6e-4b51-b91e-b64503dadc5e, raftlog=d6dfcdd7-fc6e-4b51-b91e-b64503dadc5e@group-F967393F7C93-SegmentedRaftLog:OPENED:c-1,f-1,i0, conf=-1: [08d4cbaa-ffed-4411-a5fd-c4a38026aead:192.168.157.223:33910, da15dfee-23f0-4dc4-ad77-c00156c49cfa:192.168.157.223:42172, d6dfcdd7-fc6e-4b51-b91e-b64503dadc5e:192.168.157.223:43575], old=null
2019-10-17 21:55:06,259 [d6dfcdd7-fc6e-4b51-b91e-b64503dadc5e@group-F967393F7C93-LeaderElection183] INFO  impl.LeaderElection (LogUtils.java:infoOrTrace(149)) -   Exception 0: {}
java.util.concurrent.ExecutionException: org.apache.ratis.thirdparty.io.grpc.StatusRuntimeException: UNAVAILABLE: io exception
	at java.util.concurrent.FutureTask.report(FutureTask.java:122)
	at java.util.concurrent.FutureTask.get(FutureTask.java:192)
	at org.apache.ratis.server.impl.LeaderElection.waitForResults(LeaderElection.java:259)
	at org.apache.ratis.server.impl.LeaderElection.askForVotes(LeaderElection.java:197)
	at org.apache.ratis.server.impl.LeaderElection.run(LeaderElection.java:133)
	at java.lang.Thread.run(Thread.java:748)
Caused by: org.apache.ratis.thirdparty.io.grpc.StatusRuntimeException: UNAVAILABLE: io exception
	at org.apache.ratis.thirdparty.io.grpc.stub.ClientCalls.toStatusRuntimeException(ClientCalls.java:233)
	at org.apache.ratis.thirdparty.io.grpc.stub.ClientCalls.getUnchecked(ClientCalls.java:214)
	at org.apache.ratis.thirdparty.io.grpc.stub.ClientCalls.blockingUnaryCall(ClientCalls.java:139)
	at org.apache.ratis.proto.grpc.RaftServerProtocolServiceGrpc$RaftServerProtocolServiceBlockingStub.requestVote(RaftServerProtocolServiceGrpc.java:265)
	at org.apache.ratis.grpc.server.GrpcServerProtocolClient.requestVote(GrpcServerProtocolClient.java:99)
	at org.apache.ratis.grpc.server.GrpcService.requestVote(GrpcService.java:204)
	at org.apache.ratis.server.impl.LeaderElection.lambda$submitRequests$1(LeaderElection.java:234)
	at java.util.concurrent.FutureTask.run(FutureTask.java:266)
	at java.util.concurrent.Executors$RunnableAdapter.call(Executors.java:511)
	at java.util.concurrent.FutureTask.run(FutureTask.java:266)
	at java.util.concurrent.ThreadPoolExecutor.runWorker(ThreadPoolExecutor.java:1149)
	at java.util.concurrent.ThreadPoolExecutor$Worker.run(ThreadPoolExecutor.java:624)
	... 1 more
Caused by: org.apache.ratis.thirdparty.io.netty.channel.AbstractChannel$AnnotatedConnectException: Connection refused: /192.168.157.223:42172
	at sun.nio.ch.SocketChannelImpl.checkConnect(Native Method)
	at sun.nio.ch.SocketChannelImpl.finishConnect(SocketChannelImpl.java:717)
	at org.apache.ratis.thirdparty.io.netty.channel.socket.nio.NioSocketChannel.doFinishConnect(NioSocketChannel.java:327)
	at org.apache.ratis.thirdparty.io.netty.channel.nio.AbstractNioChannel$AbstractNioUnsafe.finishConnect(AbstractNioChannel.java:340)
	at org.apache.ratis.thirdparty.io.netty.channel.nio.NioEventLoop.processSelectedKey(NioEventLoop.java:632)
	at org.apache.ratis.thirdparty.io.netty.channel.nio.NioEventLoop.processSelectedKeysOptimized(NioEventLoop.java:579)
	at org.apache.ratis.thirdparty.io.netty.channel.nio.NioEventLoop.processSelectedKeys(NioEventLoop.java:496)
	at org.apache.ratis.thirdparty.io.netty.channel.nio.NioEventLoop.run(NioEventLoop.java:458)
	at org.apache.ratis.thirdparty.io.netty.util.concurrent.SingleThreadEventExecutor$5.run(SingleThreadEventExecutor.java:897)
	at org.apache.ratis.thirdparty.io.netty.util.concurrent.FastThreadLocalRunnable.run(FastThreadLocalRunnable.java:30)
	... 1 more
Caused by: java.net.ConnectException: Connection refused
	... 11 more
2019-10-17 21:55:06,259 [d6dfcdd7-fc6e-4b51-b91e-b64503dadc5e@group-F967393F7C93-LeaderElection183] INFO  impl.RaftServerImpl (RaftServerImpl.java:setRole(184)) - d6dfcdd7-fc6e-4b51-b91e-b64503dadc5e@group-F967393F7C93: changes role from CANDIDATE to FOLLOWER at term 180 for DISCOVERED_A_NEW_TERM
2019-10-17 21:55:06,260 [d6dfcdd7-fc6e-4b51-b91e-b64503dadc5e@group-F967393F7C93-LeaderElection183] INFO  impl.RoleInfo (RoleInfo.java:shutdownLeaderElection(134)) - d6dfcdd7-fc6e-4b51-b91e-b64503dadc5e: shutdown LeaderElection
2019-10-17 21:55:06,260 [d6dfcdd7-fc6e-4b51-b91e-b64503dadc5e@group-F967393F7C93-LeaderElection183] INFO  impl.RoleInfo (RoleInfo.java:updateAndGet(143)) - d6dfcdd7-fc6e-4b51-b91e-b64503dadc5e: start FollowerState
2019-10-17 21:55:06,270 [java.util.concurrent.ThreadPoolExecutor$Worker@71aa17a1[State = -1, empty queue]] WARN  server.GrpcLogAppender (GrpcLogAppender.java:timeoutAppendRequest(209)) - de567563-d0dd-4cf2-91b7-f72627909699@group-3097D7458558->db0af43e-c62e-4c1d-affa-ffdb4faae2f8-GrpcLogAppender: appendEntries Timeout, request=de567563-d0dd-4cf2-91b7-f72627909699->db0af43e-c62e-4c1d-affa-ffdb4faae2f8#42-t10, previous=(t:10, i:4), leaderCommit=4, initializing? false, entries: <empty>
2019-10-17 21:55:06,293 [java.util.concurrent.ThreadPoolExecutor$Worker@53372d8e[State = -1, empty queue]] WARN  server.GrpcLogAppender (GrpcLogAppender.java:timeoutAppendRequest(209)) - fff7125c-610a-434d-b194-38800617abc4@group-4FF8CA26B826->c3d1d4b8-f513-489f-ad1a-d9e469eb6c8d-GrpcLogAppender: appendEntries Timeout, request=fff7125c-610a-434d-b194-38800617abc4->c3d1d4b8-f513-489f-ad1a-d9e469eb6c8d#52-t11, previous=(t:11, i:18), leaderCommit=18, initializing? false, entries: <empty>
2019-10-17 21:55:06,351 [Thread-1791] INFO  impl.FollowerState (FollowerState.java:run(108)) - d6dfcdd7-fc6e-4b51-b91e-b64503dadc5e@group-F967393F7C93-FollowerState: change to CANDIDATE, lastRpcTime:91ms, electionTimeout:91ms
2019-10-17 21:55:06,351 [Thread-1791] INFO  impl.RoleInfo (RoleInfo.java:shutdownFollowerState(121)) - d6dfcdd7-fc6e-4b51-b91e-b64503dadc5e: shutdown FollowerState
2019-10-17 21:55:06,351 [Thread-1791] INFO  impl.RaftServerImpl (RaftServerImpl.java:setRole(184)) - d6dfcdd7-fc6e-4b51-b91e-b64503dadc5e@group-F967393F7C93: changes role from  FOLLOWER to CANDIDATE at term 180 for changeToCandidate
2019-10-17 21:55:06,351 [Thread-1791] INFO  impl.RoleInfo (RoleInfo.java:updateAndGet(143)) - d6dfcdd7-fc6e-4b51-b91e-b64503dadc5e: start LeaderElection
2019-10-17 21:55:06,377 [d6dfcdd7-fc6e-4b51-b91e-b64503dadc5e@group-F967393F7C93-LeaderElection184] INFO  impl.LeaderElection (LeaderElection.java:askForVotes(178)) - d6dfcdd7-fc6e-4b51-b91e-b64503dadc5e@group-F967393F7C93-LeaderElection184: begin an election at term 181 for -1: [08d4cbaa-ffed-4411-a5fd-c4a38026aead:192.168.157.223:33910, da15dfee-23f0-4dc4-ad77-c00156c49cfa:192.168.157.223:42172, d6dfcdd7-fc6e-4b51-b91e-b64503dadc5e:192.168.157.223:43575], old=null
2019-10-17 21:55:06,378 [d6dfcdd7-fc6e-4b51-b91e-b64503dadc5e@group-F967393F7C93-LeaderElection184] INFO  impl.LeaderElection (LogUtils.java:infoOrTrace(149)) - d6dfcdd7-fc6e-4b51-b91e-b64503dadc5e@group-F967393F7C93-LeaderElection184 got exception when requesting votes: {}
java.util.concurrent.ExecutionException: org.apache.ratis.thirdparty.io.grpc.StatusRuntimeException: UNAVAILABLE: io exception
	at java.util.concurrent.FutureTask.report(FutureTask.java:122)
	at java.util.concurrent.FutureTask.get(FutureTask.java:192)
	at org.apache.ratis.server.impl.LeaderElection.waitForResults(LeaderElection.java:259)
	at org.apache.ratis.server.impl.LeaderElection.askForVotes(LeaderElection.java:197)
	at org.apache.ratis.server.impl.LeaderElection.run(LeaderElection.java:133)
	at java.lang.Thread.run(Thread.java:748)
Caused by: org.apache.ratis.thirdparty.io.grpc.StatusRuntimeException: UNAVAILABLE: io exception
	at org.apache.ratis.thirdparty.io.grpc.stub.ClientCalls.toStatusRuntimeException(ClientCalls.java:233)
	at org.apache.ratis.thirdparty.io.grpc.stub.ClientCalls.getUnchecked(ClientCalls.java:214)
	at org.apache.ratis.thirdparty.io.grpc.stub.ClientCalls.blockingUnaryCall(ClientCalls.java:139)
	at org.apache.ratis.proto.grpc.RaftServerProtocolServiceGrpc$RaftServerProtocolServiceBlockingStub.requestVote(RaftServerProtocolServiceGrpc.java:265)
	at org.apache.ratis.grpc.server.GrpcServerProtocolClient.requestVote(GrpcServerProtocolClient.java:99)
	at org.apache.ratis.grpc.server.GrpcService.requestVote(GrpcService.java:204)
	at org.apache.ratis.server.impl.LeaderElection.lambda$submitRequests$1(LeaderElection.java:234)
	at java.util.concurrent.FutureTask.run(FutureTask.java:266)
	at java.util.concurrent.Executors$RunnableAdapter.call(Executors.java:511)
	at java.util.concurrent.FutureTask.run(FutureTask.java:266)
	at java.util.concurrent.ThreadPoolExecutor.runWorker(ThreadPoolExecutor.java:1149)
	at java.util.concurrent.ThreadPoolExecutor$Worker.run(ThreadPoolExecutor.java:624)
	... 1 more
Caused by: org.apache.ratis.thirdparty.io.netty.channel.AbstractChannel$AnnotatedConnectException: Connection refused: /192.168.157.223:42172
	at sun.nio.ch.SocketChannelImpl.checkConnect(Native Method)
	at sun.nio.ch.SocketChannelImpl.finishConnect(SocketChannelImpl.java:717)
	at org.apache.ratis.thirdparty.io.netty.channel.socket.nio.NioSocketChannel.doFinishConnect(NioSocketChannel.java:327)
	at org.apache.ratis.thirdparty.io.netty.channel.nio.AbstractNioChannel$AbstractNioUnsafe.finishConnect(AbstractNioChannel.java:340)
	at org.apache.ratis.thirdparty.io.netty.channel.nio.NioEventLoop.processSelectedKey(NioEventLoop.java:632)
	at org.apache.ratis.thirdparty.io.netty.channel.nio.NioEventLoop.processSelectedKeysOptimized(NioEventLoop.java:579)
	at org.apache.ratis.thirdparty.io.netty.channel.nio.NioEventLoop.processSelectedKeys(NioEventLoop.java:496)
	at org.apache.ratis.thirdparty.io.netty.channel.nio.NioEventLoop.run(NioEventLoop.java:458)
	at org.apache.ratis.thirdparty.io.netty.util.concurrent.SingleThreadEventExecutor$5.run(SingleThreadEventExecutor.java:897)
	at org.apache.ratis.thirdparty.io.netty.util.concurrent.FastThreadLocalRunnable.run(FastThreadLocalRunnable.java:30)
	... 1 more
Caused by: java.net.ConnectException: Connection refused
	... 11 more
2019-10-17 21:55:06,382 [grpc-default-executor-6] INFO  impl.RaftServerImpl (RaftServerImpl.java:setRole(184)) - 08d4cbaa-ffed-4411-a5fd-c4a38026aead@group-F967393F7C93: changes role from  FOLLOWER to FOLLOWER at term 181 for recognizeCandidate:d6dfcdd7-fc6e-4b51-b91e-b64503dadc5e
2019-10-17 21:55:06,383 [grpc-default-executor-6] INFO  impl.RoleInfo (RoleInfo.java:shutdownFollowerState(121)) - 08d4cbaa-ffed-4411-a5fd-c4a38026aead: shutdown FollowerState
2019-10-17 21:55:06,383 [grpc-default-executor-6] INFO  impl.RoleInfo (RoleInfo.java:updateAndGet(143)) - 08d4cbaa-ffed-4411-a5fd-c4a38026aead: start FollowerState
2019-10-17 21:55:06,383 [Thread-1790] INFO  impl.FollowerState (FollowerState.java:run(117)) - 08d4cbaa-ffed-4411-a5fd-c4a38026aead@group-F967393F7C93-FollowerState was interrupted: java.lang.InterruptedException: sleep interrupted
2019-10-17 21:55:06,397 [d6dfcdd7-fc6e-4b51-b91e-b64503dadc5e@group-F967393F7C93-LeaderElection184] INFO  impl.LeaderElection (LeaderElection.java:logAndReturn(56)) - d6dfcdd7-fc6e-4b51-b91e-b64503dadc5e@group-F967393F7C93-LeaderElection184: Election REJECTED; received 1 response(s) [d6dfcdd7-fc6e-4b51-b91e-b64503dadc5e<-08d4cbaa-ffed-4411-a5fd-c4a38026aead#0:FAIL-t181] and 1 exception(s); d6dfcdd7-fc6e-4b51-b91e-b64503dadc5e@group-F967393F7C93:t181, leader=null, voted=d6dfcdd7-fc6e-4b51-b91e-b64503dadc5e, raftlog=d6dfcdd7-fc6e-4b51-b91e-b64503dadc5e@group-F967393F7C93-SegmentedRaftLog:OPENED:c-1,f-1,i0, conf=-1: [08d4cbaa-ffed-4411-a5fd-c4a38026aead:192.168.157.223:33910, da15dfee-23f0-4dc4-ad77-c00156c49cfa:192.168.157.223:42172, d6dfcdd7-fc6e-4b51-b91e-b64503dadc5e:192.168.157.223:43575], old=null
2019-10-17 21:55:06,397 [d6dfcdd7-fc6e-4b51-b91e-b64503dadc5e@group-F967393F7C93-LeaderElection184] INFO  impl.LeaderElection (LogUtils.java:infoOrTrace(149)) -   Exception 0: {}
java.util.concurrent.ExecutionException: org.apache.ratis.thirdparty.io.grpc.StatusRuntimeException: UNAVAILABLE: io exception
	at java.util.concurrent.FutureTask.report(FutureTask.java:122)
	at java.util.concurrent.FutureTask.get(FutureTask.java:192)
	at org.apache.ratis.server.impl.LeaderElection.waitForResults(LeaderElection.java:259)
	at org.apache.ratis.server.impl.LeaderElection.askForVotes(LeaderElection.java:197)
	at org.apache.ratis.server.impl.LeaderElection.run(LeaderElection.java:133)
	at java.lang.Thread.run(Thread.java:748)
Caused by: org.apache.ratis.thirdparty.io.grpc.StatusRuntimeException: UNAVAILABLE: io exception
	at org.apache.ratis.thirdparty.io.grpc.stub.ClientCalls.toStatusRuntimeException(ClientCalls.java:233)
	at org.apache.ratis.thirdparty.io.grpc.stub.ClientCalls.getUnchecked(ClientCalls.java:214)
	at org.apache.ratis.thirdparty.io.grpc.stub.ClientCalls.blockingUnaryCall(ClientCalls.java:139)
	at org.apache.ratis.proto.grpc.RaftServerProtocolServiceGrpc$RaftServerProtocolServiceBlockingStub.requestVote(RaftServerProtocolServiceGrpc.java:265)
	at org.apache.ratis.grpc.server.GrpcServerProtocolClient.requestVote(GrpcServerProtocolClient.java:99)
	at org.apache.ratis.grpc.server.GrpcService.requestVote(GrpcService.java:204)
	at org.apache.ratis.server.impl.LeaderElection.lambda$submitRequests$1(LeaderElection.java:234)
	at java.util.concurrent.FutureTask.run(FutureTask.java:266)
	at java.util.concurrent.Executors$RunnableAdapter.call(Executors.java:511)
	at java.util.concurrent.FutureTask.run(FutureTask.java:266)
	at java.util.concurrent.ThreadPoolExecutor.runWorker(ThreadPoolExecutor.java:1149)
	at java.util.concurrent.ThreadPoolExecutor$Worker.run(ThreadPoolExecutor.java:624)
	... 1 more
Caused by: org.apache.ratis.thirdparty.io.netty.channel.AbstractChannel$AnnotatedConnectException: Connection refused: /192.168.157.223:42172
	at sun.nio.ch.SocketChannelImpl.checkConnect(Native Method)
	at sun.nio.ch.SocketChannelImpl.finishConnect(SocketChannelImpl.java:717)
	at org.apache.ratis.thirdparty.io.netty.channel.socket.nio.NioSocketChannel.doFinishConnect(NioSocketChannel.java:327)
	at org.apache.ratis.thirdparty.io.netty.channel.nio.AbstractNioChannel$AbstractNioUnsafe.finishConnect(AbstractNioChannel.java:340)
	at org.apache.ratis.thirdparty.io.netty.channel.nio.NioEventLoop.processSelectedKey(NioEventLoop.java:632)
	at org.apache.ratis.thirdparty.io.netty.channel.nio.NioEventLoop.processSelectedKeysOptimized(NioEventLoop.java:579)
	at org.apache.ratis.thirdparty.io.netty.channel.nio.NioEventLoop.processSelectedKeys(NioEventLoop.java:496)
	at org.apache.ratis.thirdparty.io.netty.channel.nio.NioEventLoop.run(NioEventLoop.java:458)
	at org.apache.ratis.thirdparty.io.netty.util.concurrent.SingleThreadEventExecutor$5.run(SingleThreadEventExecutor.java:897)
	at org.apache.ratis.thirdparty.io.netty.util.concurrent.FastThreadLocalRunnable.run(FastThreadLocalRunnable.java:30)
	... 1 more
Caused by: java.net.ConnectException: Connection refused
	... 11 more
2019-10-17 21:55:06,398 [d6dfcdd7-fc6e-4b51-b91e-b64503dadc5e@group-F967393F7C93-LeaderElection184] INFO  impl.RaftServerImpl (RaftServerImpl.java:setRole(184)) - d6dfcdd7-fc6e-4b51-b91e-b64503dadc5e@group-F967393F7C93: changes role from CANDIDATE to FOLLOWER at term 181 for DISCOVERED_A_NEW_TERM
2019-10-17 21:55:06,398 [d6dfcdd7-fc6e-4b51-b91e-b64503dadc5e@group-F967393F7C93-LeaderElection184] INFO  impl.RoleInfo (RoleInfo.java:shutdownLeaderElection(134)) - d6dfcdd7-fc6e-4b51-b91e-b64503dadc5e: shutdown LeaderElection
2019-10-17 21:55:06,398 [d6dfcdd7-fc6e-4b51-b91e-b64503dadc5e@group-F967393F7C93-LeaderElection184] INFO  impl.RoleInfo (RoleInfo.java:updateAndGet(143)) - d6dfcdd7-fc6e-4b51-b91e-b64503dadc5e: start FollowerState
2019-10-17 21:55:06,459 [Thread-665] INFO  impl.FollowerState (FollowerState.java:run(108)) - 9a96bff1-ea9f-4cea-8163-a3905a9e2704@group-4FF8CA26B826-FollowerState: change to CANDIDATE, lastRpcTime:1642ms, electionTimeout:1031ms
2019-10-17 21:55:06,459 [Thread-665] INFO  impl.RoleInfo (RoleInfo.java:shutdownFollowerState(121)) - 9a96bff1-ea9f-4cea-8163-a3905a9e2704: shutdown FollowerState
2019-10-17 21:55:06,459 [Thread-665] INFO  impl.RaftServerImpl (RaftServerImpl.java:setRole(184)) - 9a96bff1-ea9f-4cea-8163-a3905a9e2704@group-4FF8CA26B826: changes role from  FOLLOWER to CANDIDATE at term 11 for changeToCandidate
2019-10-17 21:55:06,459 [Thread-665] INFO  impl.RoleInfo (RoleInfo.java:updateAndGet(143)) - 9a96bff1-ea9f-4cea-8163-a3905a9e2704: start LeaderElection
2019-10-17 21:55:06,460 [9a96bff1-ea9f-4cea-8163-a3905a9e2704@group-4FF8CA26B826-LeaderElection185] INFO  impl.RaftServerImpl (ServerState.java:setLeader(256)) - 9a96bff1-ea9f-4cea-8163-a3905a9e2704@group-4FF8CA26B826: change Leader from fff7125c-610a-434d-b194-38800617abc4 to null at term 11 for initElection
2019-10-17 21:55:06,473 [9a96bff1-ea9f-4cea-8163-a3905a9e2704@group-4FF8CA26B826-LeaderElection185] INFO  impl.LeaderElection (LeaderElection.java:askForVotes(178)) - 9a96bff1-ea9f-4cea-8163-a3905a9e2704@group-4FF8CA26B826-LeaderElection185: begin an election at term 12 for 1: [c3d1d4b8-f513-489f-ad1a-d9e469eb6c8d:192.168.157.223:35769, 9a96bff1-ea9f-4cea-8163-a3905a9e2704:192.168.157.223:39495, fff7125c-610a-434d-b194-38800617abc4:192.168.157.223:34162], old=null
2019-10-17 21:55:06,477 [9a96bff1-ea9f-4cea-8163-a3905a9e2704@group-4FF8CA26B826-LeaderElection185] INFO  impl.LeaderElection (LogUtils.java:infoOrTrace(149)) - 9a96bff1-ea9f-4cea-8163-a3905a9e2704@group-4FF8CA26B826-LeaderElection185 got exception when requesting votes: {}
java.util.concurrent.ExecutionException: org.apache.ratis.thirdparty.io.grpc.StatusRuntimeException: UNAVAILABLE: io exception
	at java.util.concurrent.FutureTask.report(FutureTask.java:122)
	at java.util.concurrent.FutureTask.get(FutureTask.java:192)
	at org.apache.ratis.server.impl.LeaderElection.waitForResults(LeaderElection.java:259)
	at org.apache.ratis.server.impl.LeaderElection.askForVotes(LeaderElection.java:197)
	at org.apache.ratis.server.impl.LeaderElection.run(LeaderElection.java:133)
	at java.lang.Thread.run(Thread.java:748)
Caused by: org.apache.ratis.thirdparty.io.grpc.StatusRuntimeException: UNAVAILABLE: io exception
	at org.apache.ratis.thirdparty.io.grpc.stub.ClientCalls.toStatusRuntimeException(ClientCalls.java:233)
	at org.apache.ratis.thirdparty.io.grpc.stub.ClientCalls.getUnchecked(ClientCalls.java:214)
	at org.apache.ratis.thirdparty.io.grpc.stub.ClientCalls.blockingUnaryCall(ClientCalls.java:139)
	at org.apache.ratis.proto.grpc.RaftServerProtocolServiceGrpc$RaftServerProtocolServiceBlockingStub.requestVote(RaftServerProtocolServiceGrpc.java:265)
	at org.apache.ratis.grpc.server.GrpcServerProtocolClient.requestVote(GrpcServerProtocolClient.java:99)
	at org.apache.ratis.grpc.server.GrpcService.requestVote(GrpcService.java:204)
	at org.apache.ratis.server.impl.LeaderElection.lambda$submitRequests$1(LeaderElection.java:234)
	at java.util.concurrent.FutureTask.run(FutureTask.java:266)
	at java.util.concurrent.Executors$RunnableAdapter.call(Executors.java:511)
	at java.util.concurrent.FutureTask.run(FutureTask.java:266)
	at java.util.concurrent.ThreadPoolExecutor.runWorker(ThreadPoolExecutor.java:1149)
	at java.util.concurrent.ThreadPoolExecutor$Worker.run(ThreadPoolExecutor.java:624)
	... 1 more
Caused by: org.apache.ratis.thirdparty.io.netty.channel.AbstractChannel$AnnotatedConnectException: Connection refused: /192.168.157.223:35769
	at sun.nio.ch.SocketChannelImpl.checkConnect(Native Method)
	at sun.nio.ch.SocketChannelImpl.finishConnect(SocketChannelImpl.java:717)
	at org.apache.ratis.thirdparty.io.netty.channel.socket.nio.NioSocketChannel.doFinishConnect(NioSocketChannel.java:327)
	at org.apache.ratis.thirdparty.io.netty.channel.nio.AbstractNioChannel$AbstractNioUnsafe.finishConnect(AbstractNioChannel.java:340)
	at org.apache.ratis.thirdparty.io.netty.channel.nio.NioEventLoop.processSelectedKey(NioEventLoop.java:632)
	at org.apache.ratis.thirdparty.io.netty.channel.nio.NioEventLoop.processSelectedKeysOptimized(NioEventLoop.java:579)
	at org.apache.ratis.thirdparty.io.netty.channel.nio.NioEventLoop.processSelectedKeys(NioEventLoop.java:496)
	at org.apache.ratis.thirdparty.io.netty.channel.nio.NioEventLoop.run(NioEventLoop.java:458)
	at org.apache.ratis.thirdparty.io.netty.util.concurrent.SingleThreadEventExecutor$5.run(SingleThreadEventExecutor.java:897)
	at org.apache.ratis.thirdparty.io.netty.util.concurrent.FastThreadLocalRunnable.run(FastThreadLocalRunnable.java:30)
	... 1 more
Caused by: java.net.ConnectException: Connection refused
	... 11 more
2019-10-17 21:55:06,480 [9a96bff1-ea9f-4cea-8163-a3905a9e2704@group-4FF8CA26B826-LeaderElection185] INFO  impl.LeaderElection (LogUtils.java:infoOrTrace(149)) - 9a96bff1-ea9f-4cea-8163-a3905a9e2704@group-4FF8CA26B826-LeaderElection185 got exception when requesting votes: {}
java.util.concurrent.ExecutionException: org.apache.ratis.thirdparty.io.grpc.StatusRuntimeException: UNAVAILABLE: io exception
	at java.util.concurrent.FutureTask.report(FutureTask.java:122)
	at java.util.concurrent.FutureTask.get(FutureTask.java:192)
	at org.apache.ratis.server.impl.LeaderElection.waitForResults(LeaderElection.java:259)
	at org.apache.ratis.server.impl.LeaderElection.askForVotes(LeaderElection.java:197)
	at org.apache.ratis.server.impl.LeaderElection.run(LeaderElection.java:133)
	at java.lang.Thread.run(Thread.java:748)
Caused by: org.apache.ratis.thirdparty.io.grpc.StatusRuntimeException: UNAVAILABLE: io exception
	at org.apache.ratis.thirdparty.io.grpc.stub.ClientCalls.toStatusRuntimeException(ClientCalls.java:233)
	at org.apache.ratis.thirdparty.io.grpc.stub.ClientCalls.getUnchecked(ClientCalls.java:214)
	at org.apache.ratis.thirdparty.io.grpc.stub.ClientCalls.blockingUnaryCall(ClientCalls.java:139)
	at org.apache.ratis.proto.grpc.RaftServerProtocolServiceGrpc$RaftServerProtocolServiceBlockingStub.requestVote(RaftServerProtocolServiceGrpc.java:265)
	at org.apache.ratis.grpc.server.GrpcServerProtocolClient.requestVote(GrpcServerProtocolClient.java:99)
	at org.apache.ratis.grpc.server.GrpcService.requestVote(GrpcService.java:204)
	at org.apache.ratis.server.impl.LeaderElection.lambda$submitRequests$1(LeaderElection.java:234)
	at java.util.concurrent.FutureTask.run(FutureTask.java:266)
	at java.util.concurrent.Executors$RunnableAdapter.call(Executors.java:511)
	at java.util.concurrent.FutureTask.run(FutureTask.java:266)
	at java.util.concurrent.ThreadPoolExecutor.runWorker(ThreadPoolExecutor.java:1149)
	at java.util.concurrent.ThreadPoolExecutor$Worker.run(ThreadPoolExecutor.java:624)
	... 1 more
Caused by: org.apache.ratis.thirdparty.io.netty.channel.AbstractChannel$AnnotatedConnectException: Connection refused: /192.168.157.223:34162
	at sun.nio.ch.SocketChannelImpl.checkConnect(Native Method)
	at sun.nio.ch.SocketChannelImpl.finishConnect(SocketChannelImpl.java:717)
	at org.apache.ratis.thirdparty.io.netty.channel.socket.nio.NioSocketChannel.doFinishConnect(NioSocketChannel.java:327)
	at org.apache.ratis.thirdparty.io.netty.channel.nio.AbstractNioChannel$AbstractNioUnsafe.finishConnect(AbstractNioChannel.java:340)
	at org.apache.ratis.thirdparty.io.netty.channel.nio.NioEventLoop.processSelectedKey(NioEventLoop.java:632)
	at org.apache.ratis.thirdparty.io.netty.channel.nio.NioEventLoop.processSelectedKeysOptimized(NioEventLoop.java:579)
	at org.apache.ratis.thirdparty.io.netty.channel.nio.NioEventLoop.processSelectedKeys(NioEventLoop.java:496)
	at org.apache.ratis.thirdparty.io.netty.channel.nio.NioEventLoop.run(NioEventLoop.java:458)
	at org.apache.ratis.thirdparty.io.netty.util.concurrent.SingleThreadEventExecutor$5.run(SingleThreadEventExecutor.java:897)
	at org.apache.ratis.thirdparty.io.netty.util.concurrent.FastThreadLocalRunnable.run(FastThreadLocalRunnable.java:30)
	... 1 more
Caused by: java.net.ConnectException: Connection refused
	... 11 more
2019-10-17 21:55:06,482 [9a96bff1-ea9f-4cea-8163-a3905a9e2704@group-4FF8CA26B826-LeaderElection185] INFO  impl.LeaderElection (LeaderElection.java:logAndReturn(56)) - 9a96bff1-ea9f-4cea-8163-a3905a9e2704@group-4FF8CA26B826-LeaderElection185: Election REJECTED; received 0 response(s) [] and 2 exception(s); 9a96bff1-ea9f-4cea-8163-a3905a9e2704@group-4FF8CA26B826:t12, leader=null, voted=9a96bff1-ea9f-4cea-8163-a3905a9e2704, raftlog=9a96bff1-ea9f-4cea-8163-a3905a9e2704@group-4FF8CA26B826-SegmentedRaftLog:OPENED:c18,f18,i18, conf=1: [c3d1d4b8-f513-489f-ad1a-d9e469eb6c8d:192.168.157.223:35769, 9a96bff1-ea9f-4cea-8163-a3905a9e2704:192.168.157.223:39495, fff7125c-610a-434d-b194-38800617abc4:192.168.157.223:34162], old=null
2019-10-17 21:55:06,483 [9a96bff1-ea9f-4cea-8163-a3905a9e2704@group-4FF8CA26B826-LeaderElection185] INFO  impl.LeaderElection (LogUtils.java:infoOrTrace(149)) -   Exception 0: {}
java.util.concurrent.ExecutionException: org.apache.ratis.thirdparty.io.grpc.StatusRuntimeException: UNAVAILABLE: io exception
	at java.util.concurrent.FutureTask.report(FutureTask.java:122)
	at java.util.concurrent.FutureTask.get(FutureTask.java:192)
	at org.apache.ratis.server.impl.LeaderElection.waitForResults(LeaderElection.java:259)
	at org.apache.ratis.server.impl.LeaderElection.askForVotes(LeaderElection.java:197)
	at org.apache.ratis.server.impl.LeaderElection.run(LeaderElection.java:133)
	at java.lang.Thread.run(Thread.java:748)
Caused by: org.apache.ratis.thirdparty.io.grpc.StatusRuntimeException: UNAVAILABLE: io exception
	at org.apache.ratis.thirdparty.io.grpc.stub.ClientCalls.toStatusRuntimeException(ClientCalls.java:233)
	at org.apache.ratis.thirdparty.io.grpc.stub.ClientCalls.getUnchecked(ClientCalls.java:214)
	at org.apache.ratis.thirdparty.io.grpc.stub.ClientCalls.blockingUnaryCall(ClientCalls.java:139)
	at org.apache.ratis.proto.grpc.RaftServerProtocolServiceGrpc$RaftServerProtocolServiceBlockingStub.requestVote(RaftServerProtocolServiceGrpc.java:265)
	at org.apache.ratis.grpc.server.GrpcServerProtocolClient.requestVote(GrpcServerProtocolClient.java:99)
	at org.apache.ratis.grpc.server.GrpcService.requestVote(GrpcService.java:204)
	at org.apache.ratis.server.impl.LeaderElection.lambda$submitRequests$1(LeaderElection.java:234)
	at java.util.concurrent.FutureTask.run(FutureTask.java:266)
	at java.util.concurrent.Executors$RunnableAdapter.call(Executors.java:511)
	at java.util.concurrent.FutureTask.run(FutureTask.java:266)
	at java.util.concurrent.ThreadPoolExecutor.runWorker(ThreadPoolExecutor.java:1149)
	at java.util.concurrent.ThreadPoolExecutor$Worker.run(ThreadPoolExecutor.java:624)
	... 1 more
Caused by: org.apache.ratis.thirdparty.io.netty.channel.AbstractChannel$AnnotatedConnectException: Connection refused: /192.168.157.223:35769
	at sun.nio.ch.SocketChannelImpl.checkConnect(Native Method)
	at sun.nio.ch.SocketChannelImpl.finishConnect(SocketChannelImpl.java:717)
	at org.apache.ratis.thirdparty.io.netty.channel.socket.nio.NioSocketChannel.doFinishConnect(NioSocketChannel.java:327)
	at org.apache.ratis.thirdparty.io.netty.channel.nio.AbstractNioChannel$AbstractNioUnsafe.finishConnect(AbstractNioChannel.java:340)
	at org.apache.ratis.thirdparty.io.netty.channel.nio.NioEventLoop.processSelectedKey(NioEventLoop.java:632)
	at org.apache.ratis.thirdparty.io.netty.channel.nio.NioEventLoop.processSelectedKeysOptimized(NioEventLoop.java:579)
	at org.apache.ratis.thirdparty.io.netty.channel.nio.NioEventLoop.processSelectedKeys(NioEventLoop.java:496)
	at org.apache.ratis.thirdparty.io.netty.channel.nio.NioEventLoop.run(NioEventLoop.java:458)
	at org.apache.ratis.thirdparty.io.netty.util.concurrent.SingleThreadEventExecutor$5.run(SingleThreadEventExecutor.java:897)
	at org.apache.ratis.thirdparty.io.netty.util.concurrent.FastThreadLocalRunnable.run(FastThreadLocalRunnable.java:30)
	... 1 more
Caused by: java.net.ConnectException: Connection refused
	... 11 more
2019-10-17 21:55:06,483 [9a96bff1-ea9f-4cea-8163-a3905a9e2704@group-4FF8CA26B826-LeaderElection185] INFO  impl.LeaderElection (LogUtils.java:infoOrTrace(149)) -   Exception 1: {}
java.util.concurrent.ExecutionException: org.apache.ratis.thirdparty.io.grpc.StatusRuntimeException: UNAVAILABLE: io exception
	at java.util.concurrent.FutureTask.report(FutureTask.java:122)
	at java.util.concurrent.FutureTask.get(FutureTask.java:192)
	at org.apache.ratis.server.impl.LeaderElection.waitForResults(LeaderElection.java:259)
	at org.apache.ratis.server.impl.LeaderElection.askForVotes(LeaderElection.java:197)
	at org.apache.ratis.server.impl.LeaderElection.run(LeaderElection.java:133)
	at java.lang.Thread.run(Thread.java:748)
Caused by: org.apache.ratis.thirdparty.io.grpc.StatusRuntimeException: UNAVAILABLE: io exception
	at org.apache.ratis.thirdparty.io.grpc.stub.ClientCalls.toStatusRuntimeException(ClientCalls.java:233)
	at org.apache.ratis.thirdparty.io.grpc.stub.ClientCalls.getUnchecked(ClientCalls.java:214)
	at org.apache.ratis.thirdparty.io.grpc.stub.ClientCalls.blockingUnaryCall(ClientCalls.java:139)
	at org.apache.ratis.proto.grpc.RaftServerProtocolServiceGrpc$RaftServerProtocolServiceBlockingStub.requestVote(RaftServerProtocolServiceGrpc.java:265)
	at org.apache.ratis.grpc.server.GrpcServerProtocolClient.requestVote(GrpcServerProtocolClient.java:99)
	at org.apache.ratis.grpc.server.GrpcService.requestVote(GrpcService.java:204)
	at org.apache.ratis.server.impl.LeaderElection.lambda$submitRequests$1(LeaderElection.java:234)
	at java.util.concurrent.FutureTask.run(FutureTask.java:266)
	at java.util.concurrent.Executors$RunnableAdapter.call(Executors.java:511)
	at java.util.concurrent.FutureTask.run(FutureTask.java:266)
	at java.util.concurrent.ThreadPoolExecutor.runWorker(ThreadPoolExecutor.java:1149)
	at java.util.concurrent.ThreadPoolExecutor$Worker.run(ThreadPoolExecutor.java:624)
	... 1 more
Caused by: org.apache.ratis.thirdparty.io.netty.channel.AbstractChannel$AnnotatedConnectException: Connection refused: /192.168.157.223:34162
	at sun.nio.ch.SocketChannelImpl.checkConnect(Native Method)
	at sun.nio.ch.SocketChannelImpl.finishConnect(SocketChannelImpl.java:717)
	at org.apache.ratis.thirdparty.io.netty.channel.socket.nio.NioSocketChannel.doFinishConnect(NioSocketChannel.java:327)
	at org.apache.ratis.thirdparty.io.netty.channel.nio.AbstractNioChannel$AbstractNioUnsafe.finishConnect(AbstractNioChannel.java:340)
	at org.apache.ratis.thirdparty.io.netty.channel.nio.NioEventLoop.processSelectedKey(NioEventLoop.java:632)
	at org.apache.ratis.thirdparty.io.netty.channel.nio.NioEventLoop.processSelectedKeysOptimized(NioEventLoop.java:579)
	at org.apache.ratis.thirdparty.io.netty.channel.nio.NioEventLoop.processSelectedKeys(NioEventLoop.java:496)
	at org.apache.ratis.thirdparty.io.netty.channel.nio.NioEventLoop.run(NioEventLoop.java:458)
	at org.apache.ratis.thirdparty.io.netty.util.concurrent.SingleThreadEventExecutor$5.run(SingleThreadEventExecutor.java:897)
	at org.apache.ratis.thirdparty.io.netty.util.concurrent.FastThreadLocalRunnable.run(FastThreadLocalRunnable.java:30)
	... 1 more
Caused by: java.net.ConnectException: Connection refused
	... 11 more
2019-10-17 21:55:06,484 [9a96bff1-ea9f-4cea-8163-a3905a9e2704@group-4FF8CA26B826-LeaderElection185] INFO  impl.RaftServerImpl (RaftServerImpl.java:setRole(184)) - 9a96bff1-ea9f-4cea-8163-a3905a9e2704@group-4FF8CA26B826: changes role from CANDIDATE to FOLLOWER at term 12 for DISCOVERED_A_NEW_TERM
2019-10-17 21:55:06,484 [9a96bff1-ea9f-4cea-8163-a3905a9e2704@group-4FF8CA26B826-LeaderElection185] INFO  impl.RoleInfo (RoleInfo.java:shutdownLeaderElection(134)) - 9a96bff1-ea9f-4cea-8163-a3905a9e2704: shutdown LeaderElection
2019-10-17 21:55:06,484 [9a96bff1-ea9f-4cea-8163-a3905a9e2704@group-4FF8CA26B826-LeaderElection185] INFO  impl.RoleInfo (RoleInfo.java:updateAndGet(143)) - 9a96bff1-ea9f-4cea-8163-a3905a9e2704: start FollowerState
2019-10-17 21:55:06,516 [Thread-1797] INFO  impl.FollowerState (FollowerState.java:run(108)) - d6dfcdd7-fc6e-4b51-b91e-b64503dadc5e@group-F967393F7C93-FollowerState: change to CANDIDATE, lastRpcTime:117ms, electionTimeout:117ms
2019-10-17 21:55:06,516 [Thread-1797] INFO  impl.RoleInfo (RoleInfo.java:shutdownFollowerState(121)) - d6dfcdd7-fc6e-4b51-b91e-b64503dadc5e: shutdown FollowerState
2019-10-17 21:55:06,516 [Thread-1797] INFO  impl.RaftServerImpl (RaftServerImpl.java:setRole(184)) - d6dfcdd7-fc6e-4b51-b91e-b64503dadc5e@group-F967393F7C93: changes role from  FOLLOWER to CANDIDATE at term 181 for changeToCandidate
2019-10-17 21:55:06,516 [Thread-1797] INFO  impl.RoleInfo (RoleInfo.java:updateAndGet(143)) - d6dfcdd7-fc6e-4b51-b91e-b64503dadc5e: start LeaderElection
2019-10-17 21:55:06,536 [d6dfcdd7-fc6e-4b51-b91e-b64503dadc5e@group-F967393F7C93-LeaderElection186] INFO  impl.LeaderElection (LeaderElection.java:askForVotes(178)) - d6dfcdd7-fc6e-4b51-b91e-b64503dadc5e@group-F967393F7C93-LeaderElection186: begin an election at term 182 for -1: [08d4cbaa-ffed-4411-a5fd-c4a38026aead:192.168.157.223:33910, da15dfee-23f0-4dc4-ad77-c00156c49cfa:192.168.157.223:42172, d6dfcdd7-fc6e-4b51-b91e-b64503dadc5e:192.168.157.223:43575], old=null
2019-10-17 21:55:06,537 [d6dfcdd7-fc6e-4b51-b91e-b64503dadc5e@group-F967393F7C93-LeaderElection186] INFO  impl.LeaderElection (LogUtils.java:infoOrTrace(149)) - d6dfcdd7-fc6e-4b51-b91e-b64503dadc5e@group-F967393F7C93-LeaderElection186 got exception when requesting votes: {}
java.util.concurrent.ExecutionException: org.apache.ratis.thirdparty.io.grpc.StatusRuntimeException: UNAVAILABLE: io exception
	at java.util.concurrent.FutureTask.report(FutureTask.java:122)
	at java.util.concurrent.FutureTask.get(FutureTask.java:192)
	at org.apache.ratis.server.impl.LeaderElection.waitForResults(LeaderElection.java:259)
	at org.apache.ratis.server.impl.LeaderElection.askForVotes(LeaderElection.java:197)
	at org.apache.ratis.server.impl.LeaderElection.run(LeaderElection.java:133)
	at java.lang.Thread.run(Thread.java:748)
Caused by: org.apache.ratis.thirdparty.io.grpc.StatusRuntimeException: UNAVAILABLE: io exception
	at org.apache.ratis.thirdparty.io.grpc.stub.ClientCalls.toStatusRuntimeException(ClientCalls.java:233)
	at org.apache.ratis.thirdparty.io.grpc.stub.ClientCalls.getUnchecked(ClientCalls.java:214)
	at org.apache.ratis.thirdparty.io.grpc.stub.ClientCalls.blockingUnaryCall(ClientCalls.java:139)
	at org.apache.ratis.proto.grpc.RaftServerProtocolServiceGrpc$RaftServerProtocolServiceBlockingStub.requestVote(RaftServerProtocolServiceGrpc.java:265)
	at org.apache.ratis.grpc.server.GrpcServerProtocolClient.requestVote(GrpcServerProtocolClient.java:99)
	at org.apache.ratis.grpc.server.GrpcService.requestVote(GrpcService.java:204)
	at org.apache.ratis.server.impl.LeaderElection.lambda$submitRequests$1(LeaderElection.java:234)
	at java.util.concurrent.FutureTask.run(FutureTask.java:266)
	at java.util.concurrent.Executors$RunnableAdapter.call(Executors.java:511)
	at java.util.concurrent.FutureTask.run(FutureTask.java:266)
	at java.util.concurrent.ThreadPoolExecutor.runWorker(ThreadPoolExecutor.java:1149)
	at java.util.concurrent.ThreadPoolExecutor$Worker.run(ThreadPoolExecutor.java:624)
	... 1 more
Caused by: org.apache.ratis.thirdparty.io.netty.channel.AbstractChannel$AnnotatedConnectException: Connection refused: /192.168.157.223:42172
	at sun.nio.ch.SocketChannelImpl.checkConnect(Native Method)
	at sun.nio.ch.SocketChannelImpl.finishConnect(SocketChannelImpl.java:717)
	at org.apache.ratis.thirdparty.io.netty.channel.socket.nio.NioSocketChannel.doFinishConnect(NioSocketChannel.java:327)
	at org.apache.ratis.thirdparty.io.netty.channel.nio.AbstractNioChannel$AbstractNioUnsafe.finishConnect(AbstractNioChannel.java:340)
	at org.apache.ratis.thirdparty.io.netty.channel.nio.NioEventLoop.processSelectedKey(NioEventLoop.java:632)
	at org.apache.ratis.thirdparty.io.netty.channel.nio.NioEventLoop.processSelectedKeysOptimized(NioEventLoop.java:579)
	at org.apache.ratis.thirdparty.io.netty.channel.nio.NioEventLoop.processSelectedKeys(NioEventLoop.java:496)
	at org.apache.ratis.thirdparty.io.netty.channel.nio.NioEventLoop.run(NioEventLoop.java:458)
	at org.apache.ratis.thirdparty.io.netty.util.concurrent.SingleThreadEventExecutor$5.run(SingleThreadEventExecutor.java:897)
	at org.apache.ratis.thirdparty.io.netty.util.concurrent.FastThreadLocalRunnable.run(FastThreadLocalRunnable.java:30)
	... 1 more
Caused by: java.net.ConnectException: Connection refused
	... 11 more
2019-10-17 21:55:06,541 [grpc-default-executor-1] INFO  impl.RaftServerImpl (RaftServerImpl.java:setRole(184)) - 08d4cbaa-ffed-4411-a5fd-c4a38026aead@group-F967393F7C93: changes role from  FOLLOWER to FOLLOWER at term 182 for recognizeCandidate:d6dfcdd7-fc6e-4b51-b91e-b64503dadc5e
2019-10-17 21:55:06,541 [grpc-default-executor-1] INFO  impl.RoleInfo (RoleInfo.java:shutdownFollowerState(121)) - 08d4cbaa-ffed-4411-a5fd-c4a38026aead: shutdown FollowerState
2019-10-17 21:55:06,541 [grpc-default-executor-1] INFO  impl.RoleInfo (RoleInfo.java:updateAndGet(143)) - 08d4cbaa-ffed-4411-a5fd-c4a38026aead: start FollowerState
2019-10-17 21:55:06,541 [Thread-1796] INFO  impl.FollowerState (FollowerState.java:run(117)) - 08d4cbaa-ffed-4411-a5fd-c4a38026aead@group-F967393F7C93-FollowerState was interrupted: java.lang.InterruptedException: sleep interrupted
2019-10-17 21:55:06,555 [d6dfcdd7-fc6e-4b51-b91e-b64503dadc5e@group-F967393F7C93-LeaderElection186] INFO  impl.LeaderElection (LeaderElection.java:logAndReturn(56)) - d6dfcdd7-fc6e-4b51-b91e-b64503dadc5e@group-F967393F7C93-LeaderElection186: Election REJECTED; received 1 response(s) [d6dfcdd7-fc6e-4b51-b91e-b64503dadc5e<-08d4cbaa-ffed-4411-a5fd-c4a38026aead#0:FAIL-t182] and 1 exception(s); d6dfcdd7-fc6e-4b51-b91e-b64503dadc5e@group-F967393F7C93:t182, leader=null, voted=d6dfcdd7-fc6e-4b51-b91e-b64503dadc5e, raftlog=d6dfcdd7-fc6e-4b51-b91e-b64503dadc5e@group-F967393F7C93-SegmentedRaftLog:OPENED:c-1,f-1,i0, conf=-1: [08d4cbaa-ffed-4411-a5fd-c4a38026aead:192.168.157.223:33910, da15dfee-23f0-4dc4-ad77-c00156c49cfa:192.168.157.223:42172, d6dfcdd7-fc6e-4b51-b91e-b64503dadc5e:192.168.157.223:43575], old=null
2019-10-17 21:55:06,555 [d6dfcdd7-fc6e-4b51-b91e-b64503dadc5e@group-F967393F7C93-LeaderElection186] INFO  impl.LeaderElection (LogUtils.java:infoOrTrace(149)) -   Exception 0: {}
java.util.concurrent.ExecutionException: org.apache.ratis.thirdparty.io.grpc.StatusRuntimeException: UNAVAILABLE: io exception
	at java.util.concurrent.FutureTask.report(FutureTask.java:122)
	at java.util.concurrent.FutureTask.get(FutureTask.java:192)
	at org.apache.ratis.server.impl.LeaderElection.waitForResults(LeaderElection.java:259)
	at org.apache.ratis.server.impl.LeaderElection.askForVotes(LeaderElection.java:197)
	at org.apache.ratis.server.impl.LeaderElection.run(LeaderElection.java:133)
	at java.lang.Thread.run(Thread.java:748)
Caused by: org.apache.ratis.thirdparty.io.grpc.StatusRuntimeException: UNAVAILABLE: io exception
	at org.apache.ratis.thirdparty.io.grpc.stub.ClientCalls.toStatusRuntimeException(ClientCalls.java:233)
	at org.apache.ratis.thirdparty.io.grpc.stub.ClientCalls.getUnchecked(ClientCalls.java:214)
	at org.apache.ratis.thirdparty.io.grpc.stub.ClientCalls.blockingUnaryCall(ClientCalls.java:139)
	at org.apache.ratis.proto.grpc.RaftServerProtocolServiceGrpc$RaftServerProtocolServiceBlockingStub.requestVote(RaftServerProtocolServiceGrpc.java:265)
	at org.apache.ratis.grpc.server.GrpcServerProtocolClient.requestVote(GrpcServerProtocolClient.java:99)
	at org.apache.ratis.grpc.server.GrpcService.requestVote(GrpcService.java:204)
	at org.apache.ratis.server.impl.LeaderElection.lambda$submitRequests$1(LeaderElection.java:234)
	at java.util.concurrent.FutureTask.run(FutureTask.java:266)
	at java.util.concurrent.Executors$RunnableAdapter.call(Executors.java:511)
	at java.util.concurrent.FutureTask.run(FutureTask.java:266)
	at java.util.concurrent.ThreadPoolExecutor.runWorker(ThreadPoolExecutor.java:1149)
	at java.util.concurrent.ThreadPoolExecutor$Worker.run(ThreadPoolExecutor.java:624)
	... 1 more
Caused by: org.apache.ratis.thirdparty.io.netty.channel.AbstractChannel$AnnotatedConnectException: Connection refused: /192.168.157.223:42172
	at sun.nio.ch.SocketChannelImpl.checkConnect(Native Method)
	at sun.nio.ch.SocketChannelImpl.finishConnect(SocketChannelImpl.java:717)
	at org.apache.ratis.thirdparty.io.netty.channel.socket.nio.NioSocketChannel.doFinishConnect(NioSocketChannel.java:327)
	at org.apache.ratis.thirdparty.io.netty.channel.nio.AbstractNioChannel$AbstractNioUnsafe.finishConnect(AbstractNioChannel.java:340)
	at org.apache.ratis.thirdparty.io.netty.channel.nio.NioEventLoop.processSelectedKey(NioEventLoop.java:632)
	at org.apache.ratis.thirdparty.io.netty.channel.nio.NioEventLoop.processSelectedKeysOptimized(NioEventLoop.java:579)
	at org.apache.ratis.thirdparty.io.netty.channel.nio.NioEventLoop.processSelectedKeys(NioEventLoop.java:496)
	at org.apache.ratis.thirdparty.io.netty.channel.nio.NioEventLoop.run(NioEventLoop.java:458)
	at org.apache.ratis.thirdparty.io.netty.util.concurrent.SingleThreadEventExecutor$5.run(SingleThreadEventExecutor.java:897)
	at org.apache.ratis.thirdparty.io.netty.util.concurrent.FastThreadLocalRunnable.run(FastThreadLocalRunnable.java:30)
	... 1 more
Caused by: java.net.ConnectException: Connection refused
	... 11 more
2019-10-17 21:55:06,556 [d6dfcdd7-fc6e-4b51-b91e-b64503dadc5e@group-F967393F7C93-LeaderElection186] INFO  impl.RaftServerImpl (RaftServerImpl.java:setRole(184)) - d6dfcdd7-fc6e-4b51-b91e-b64503dadc5e@group-F967393F7C93: changes role from CANDIDATE to FOLLOWER at term 182 for DISCOVERED_A_NEW_TERM
2019-10-17 21:55:06,556 [d6dfcdd7-fc6e-4b51-b91e-b64503dadc5e@group-F967393F7C93-LeaderElection186] INFO  impl.RoleInfo (RoleInfo.java:shutdownLeaderElection(134)) - d6dfcdd7-fc6e-4b51-b91e-b64503dadc5e: shutdown LeaderElection
2019-10-17 21:55:06,556 [d6dfcdd7-fc6e-4b51-b91e-b64503dadc5e@group-F967393F7C93-LeaderElection186] INFO  impl.RoleInfo (RoleInfo.java:updateAndGet(143)) - d6dfcdd7-fc6e-4b51-b91e-b64503dadc5e: start FollowerState
2019-10-17 21:55:06,620 [Thread-1806] INFO  impl.FollowerState (FollowerState.java:run(108)) - d6dfcdd7-fc6e-4b51-b91e-b64503dadc5e@group-F967393F7C93-FollowerState: change to CANDIDATE, lastRpcTime:64ms, electionTimeout:64ms
2019-10-17 21:55:06,621 [Thread-1806] INFO  impl.RoleInfo (RoleInfo.java:shutdownFollowerState(121)) - d6dfcdd7-fc6e-4b51-b91e-b64503dadc5e: shutdown FollowerState
2019-10-17 21:55:06,621 [Thread-1806] INFO  impl.RaftServerImpl (RaftServerImpl.java:setRole(184)) - d6dfcdd7-fc6e-4b51-b91e-b64503dadc5e@group-F967393F7C93: changes role from  FOLLOWER to CANDIDATE at term 182 for changeToCandidate
2019-10-17 21:55:06,621 [Thread-1806] INFO  impl.RoleInfo (RoleInfo.java:updateAndGet(143)) - d6dfcdd7-fc6e-4b51-b91e-b64503dadc5e: start LeaderElection
2019-10-17 21:55:06,635 [d6dfcdd7-fc6e-4b51-b91e-b64503dadc5e@group-F967393F7C93-LeaderElection187] INFO  impl.LeaderElection (LeaderElection.java:askForVotes(178)) - d6dfcdd7-fc6e-4b51-b91e-b64503dadc5e@group-F967393F7C93-LeaderElection187: begin an election at term 183 for -1: [08d4cbaa-ffed-4411-a5fd-c4a38026aead:192.168.157.223:33910, da15dfee-23f0-4dc4-ad77-c00156c49cfa:192.168.157.223:42172, d6dfcdd7-fc6e-4b51-b91e-b64503dadc5e:192.168.157.223:43575], old=null
2019-10-17 21:55:06,636 [d6dfcdd7-fc6e-4b51-b91e-b64503dadc5e@group-F967393F7C93-LeaderElection187] INFO  impl.LeaderElection (LogUtils.java:infoOrTrace(149)) - d6dfcdd7-fc6e-4b51-b91e-b64503dadc5e@group-F967393F7C93-LeaderElection187 got exception when requesting votes: {}
java.util.concurrent.ExecutionException: org.apache.ratis.thirdparty.io.grpc.StatusRuntimeException: UNAVAILABLE: io exception
	at java.util.concurrent.FutureTask.report(FutureTask.java:122)
	at java.util.concurrent.FutureTask.get(FutureTask.java:192)
	at org.apache.ratis.server.impl.LeaderElection.waitForResults(LeaderElection.java:259)
	at org.apache.ratis.server.impl.LeaderElection.askForVotes(LeaderElection.java:197)
	at org.apache.ratis.server.impl.LeaderElection.run(LeaderElection.java:133)
	at java.lang.Thread.run(Thread.java:748)
Caused by: org.apache.ratis.thirdparty.io.grpc.StatusRuntimeException: UNAVAILABLE: io exception
	at org.apache.ratis.thirdparty.io.grpc.stub.ClientCalls.toStatusRuntimeException(ClientCalls.java:233)
	at org.apache.ratis.thirdparty.io.grpc.stub.ClientCalls.getUnchecked(ClientCalls.java:214)
	at org.apache.ratis.thirdparty.io.grpc.stub.ClientCalls.blockingUnaryCall(ClientCalls.java:139)
	at org.apache.ratis.proto.grpc.RaftServerProtocolServiceGrpc$RaftServerProtocolServiceBlockingStub.requestVote(RaftServerProtocolServiceGrpc.java:265)
	at org.apache.ratis.grpc.server.GrpcServerProtocolClient.requestVote(GrpcServerProtocolClient.java:99)
	at org.apache.ratis.grpc.server.GrpcService.requestVote(GrpcService.java:204)
	at org.apache.ratis.server.impl.LeaderElection.lambda$submitRequests$1(LeaderElection.java:234)
	at java.util.concurrent.FutureTask.run(FutureTask.java:266)
	at java.util.concurrent.Executors$RunnableAdapter.call(Executors.java:511)
	at java.util.concurrent.FutureTask.run(FutureTask.java:266)
	at java.util.concurrent.ThreadPoolExecutor.runWorker(ThreadPoolExecutor.java:1149)
	at java.util.concurrent.ThreadPoolExecutor$Worker.run(ThreadPoolExecutor.java:624)
	... 1 more
Caused by: org.apache.ratis.thirdparty.io.netty.channel.AbstractChannel$AnnotatedConnectException: Connection refused: /192.168.157.223:42172
	at sun.nio.ch.SocketChannelImpl.checkConnect(Native Method)
	at sun.nio.ch.SocketChannelImpl.finishConnect(SocketChannelImpl.java:717)
	at org.apache.ratis.thirdparty.io.netty.channel.socket.nio.NioSocketChannel.doFinishConnect(NioSocketChannel.java:327)
	at org.apache.ratis.thirdparty.io.netty.channel.nio.AbstractNioChannel$AbstractNioUnsafe.finishConnect(AbstractNioChannel.java:340)
	at org.apache.ratis.thirdparty.io.netty.channel.nio.NioEventLoop.processSelectedKey(NioEventLoop.java:632)
	at org.apache.ratis.thirdparty.io.netty.channel.nio.NioEventLoop.processSelectedKeysOptimized(NioEventLoop.java:579)
	at org.apache.ratis.thirdparty.io.netty.channel.nio.NioEventLoop.processSelectedKeys(NioEventLoop.java:496)
	at org.apache.ratis.thirdparty.io.netty.channel.nio.NioEventLoop.run(NioEventLoop.java:458)
	at org.apache.ratis.thirdparty.io.netty.util.concurrent.SingleThreadEventExecutor$5.run(SingleThreadEventExecutor.java:897)
	at org.apache.ratis.thirdparty.io.netty.util.concurrent.FastThreadLocalRunnable.run(FastThreadLocalRunnable.java:30)
	... 1 more
Caused by: java.net.ConnectException: Connection refused
	... 11 more
2019-10-17 21:55:06,640 [grpc-default-executor-1] INFO  impl.RaftServerImpl (RaftServerImpl.java:setRole(184)) - 08d4cbaa-ffed-4411-a5fd-c4a38026aead@group-F967393F7C93: changes role from  FOLLOWER to FOLLOWER at term 183 for recognizeCandidate:d6dfcdd7-fc6e-4b51-b91e-b64503dadc5e
2019-10-17 21:55:06,640 [grpc-default-executor-1] INFO  impl.RoleInfo (RoleInfo.java:shutdownFollowerState(121)) - 08d4cbaa-ffed-4411-a5fd-c4a38026aead: shutdown FollowerState
2019-10-17 21:55:06,640 [grpc-default-executor-1] INFO  impl.RoleInfo (RoleInfo.java:updateAndGet(143)) - 08d4cbaa-ffed-4411-a5fd-c4a38026aead: start FollowerState
2019-10-17 21:55:06,640 [Thread-1805] INFO  impl.FollowerState (FollowerState.java:run(117)) - 08d4cbaa-ffed-4411-a5fd-c4a38026aead@group-F967393F7C93-FollowerState was interrupted: java.lang.InterruptedException: sleep interrupted
2019-10-17 21:55:06,653 [d6dfcdd7-fc6e-4b51-b91e-b64503dadc5e@group-F967393F7C93-LeaderElection187] INFO  impl.LeaderElection (LeaderElection.java:logAndReturn(56)) - d6dfcdd7-fc6e-4b51-b91e-b64503dadc5e@group-F967393F7C93-LeaderElection187: Election REJECTED; received 1 response(s) [d6dfcdd7-fc6e-4b51-b91e-b64503dadc5e<-08d4cbaa-ffed-4411-a5fd-c4a38026aead#0:FAIL-t183] and 1 exception(s); d6dfcdd7-fc6e-4b51-b91e-b64503dadc5e@group-F967393F7C93:t183, leader=null, voted=d6dfcdd7-fc6e-4b51-b91e-b64503dadc5e, raftlog=d6dfcdd7-fc6e-4b51-b91e-b64503dadc5e@group-F967393F7C93-SegmentedRaftLog:OPENED:c-1,f-1,i0, conf=-1: [08d4cbaa-ffed-4411-a5fd-c4a38026aead:192.168.157.223:33910, da15dfee-23f0-4dc4-ad77-c00156c49cfa:192.168.157.223:42172, d6dfcdd7-fc6e-4b51-b91e-b64503dadc5e:192.168.157.223:43575], old=null
2019-10-17 21:55:06,653 [d6dfcdd7-fc6e-4b51-b91e-b64503dadc5e@group-F967393F7C93-LeaderElection187] INFO  impl.LeaderElection (LogUtils.java:infoOrTrace(149)) -   Exception 0: {}
java.util.concurrent.ExecutionException: org.apache.ratis.thirdparty.io.grpc.StatusRuntimeException: UNAVAILABLE: io exception
	at java.util.concurrent.FutureTask.report(FutureTask.java:122)
	at java.util.concurrent.FutureTask.get(FutureTask.java:192)
	at org.apache.ratis.server.impl.LeaderElection.waitForResults(LeaderElection.java:259)
	at org.apache.ratis.server.impl.LeaderElection.askForVotes(LeaderElection.java:197)
	at org.apache.ratis.server.impl.LeaderElection.run(LeaderElection.java:133)
	at java.lang.Thread.run(Thread.java:748)
Caused by: org.apache.ratis.thirdparty.io.grpc.StatusRuntimeException: UNAVAILABLE: io exception
	at org.apache.ratis.thirdparty.io.grpc.stub.ClientCalls.toStatusRuntimeException(ClientCalls.java:233)
	at org.apache.ratis.thirdparty.io.grpc.stub.ClientCalls.getUnchecked(ClientCalls.java:214)
	at org.apache.ratis.thirdparty.io.grpc.stub.ClientCalls.blockingUnaryCall(ClientCalls.java:139)
	at org.apache.ratis.proto.grpc.RaftServerProtocolServiceGrpc$RaftServerProtocolServiceBlockingStub.requestVote(RaftServerProtocolServiceGrpc.java:265)
	at org.apache.ratis.grpc.server.GrpcServerProtocolClient.requestVote(GrpcServerProtocolClient.java:99)
	at org.apache.ratis.grpc.server.GrpcService.requestVote(GrpcService.java:204)
	at org.apache.ratis.server.impl.LeaderElection.lambda$submitRequests$1(LeaderElection.java:234)
	at java.util.concurrent.FutureTask.run(FutureTask.java:266)
	at java.util.concurrent.Executors$RunnableAdapter.call(Executors.java:511)
	at java.util.concurrent.FutureTask.run(FutureTask.java:266)
	at java.util.concurrent.ThreadPoolExecutor.runWorker(ThreadPoolExecutor.java:1149)
	at java.util.concurrent.ThreadPoolExecutor$Worker.run(ThreadPoolExecutor.java:624)
	... 1 more
Caused by: org.apache.ratis.thirdparty.io.netty.channel.AbstractChannel$AnnotatedConnectException: Connection refused: /192.168.157.223:42172
	at sun.nio.ch.SocketChannelImpl.checkConnect(Native Method)
	at sun.nio.ch.SocketChannelImpl.finishConnect(SocketChannelImpl.java:717)
	at org.apache.ratis.thirdparty.io.netty.channel.socket.nio.NioSocketChannel.doFinishConnect(NioSocketChannel.java:327)
	at org.apache.ratis.thirdparty.io.netty.channel.nio.AbstractNioChannel$AbstractNioUnsafe.finishConnect(AbstractNioChannel.java:340)
	at org.apache.ratis.thirdparty.io.netty.channel.nio.NioEventLoop.processSelectedKey(NioEventLoop.java:632)
	at org.apache.ratis.thirdparty.io.netty.channel.nio.NioEventLoop.processSelectedKeysOptimized(NioEventLoop.java:579)
	at org.apache.ratis.thirdparty.io.netty.channel.nio.NioEventLoop.processSelectedKeys(NioEventLoop.java:496)
	at org.apache.ratis.thirdparty.io.netty.channel.nio.NioEventLoop.run(NioEventLoop.java:458)
	at org.apache.ratis.thirdparty.io.netty.util.concurrent.SingleThreadEventExecutor$5.run(SingleThreadEventExecutor.java:897)
	at org.apache.ratis.thirdparty.io.netty.util.concurrent.FastThreadLocalRunnable.run(FastThreadLocalRunnable.java:30)
	... 1 more
Caused by: java.net.ConnectException: Connection refused
	... 11 more
2019-10-17 21:55:06,653 [d6dfcdd7-fc6e-4b51-b91e-b64503dadc5e@group-F967393F7C93-LeaderElection187] INFO  impl.RaftServerImpl (RaftServerImpl.java:setRole(184)) - d6dfcdd7-fc6e-4b51-b91e-b64503dadc5e@group-F967393F7C93: changes role from CANDIDATE to FOLLOWER at term 183 for DISCOVERED_A_NEW_TERM
2019-10-17 21:55:06,653 [d6dfcdd7-fc6e-4b51-b91e-b64503dadc5e@group-F967393F7C93-LeaderElection187] INFO  impl.RoleInfo (RoleInfo.java:shutdownLeaderElection(134)) - d6dfcdd7-fc6e-4b51-b91e-b64503dadc5e: shutdown LeaderElection
2019-10-17 21:55:06,653 [d6dfcdd7-fc6e-4b51-b91e-b64503dadc5e@group-F967393F7C93-LeaderElection187] INFO  impl.RoleInfo (RoleInfo.java:updateAndGet(143)) - d6dfcdd7-fc6e-4b51-b91e-b64503dadc5e: start FollowerState
2019-10-17 21:55:06,770 [java.util.concurrent.ThreadPoolExecutor$Worker@71aa17a1[State = -1, empty queue]] WARN  server.GrpcLogAppender (GrpcLogAppender.java:timeoutAppendRequest(209)) - de567563-d0dd-4cf2-91b7-f72627909699@group-3097D7458558->db0af43e-c62e-4c1d-affa-ffdb4faae2f8-GrpcLogAppender: appendEntries Timeout, request=de567563-d0dd-4cf2-91b7-f72627909699->db0af43e-c62e-4c1d-affa-ffdb4faae2f8#43-t10, previous=(t:10, i:4), leaderCommit=4, initializing? false, entries: <empty>
2019-10-17 21:55:06,792 [Thread-1811] INFO  impl.FollowerState (FollowerState.java:run(108)) - d6dfcdd7-fc6e-4b51-b91e-b64503dadc5e@group-F967393F7C93-FollowerState: change to CANDIDATE, lastRpcTime:138ms, electionTimeout:138ms
2019-10-17 21:55:06,792 [Thread-1811] INFO  impl.RoleInfo (RoleInfo.java:shutdownFollowerState(121)) - d6dfcdd7-fc6e-4b51-b91e-b64503dadc5e: shutdown FollowerState
2019-10-17 21:55:06,792 [Thread-1811] INFO  impl.RaftServerImpl (RaftServerImpl.java:setRole(184)) - d6dfcdd7-fc6e-4b51-b91e-b64503dadc5e@group-F967393F7C93: changes role from  FOLLOWER to CANDIDATE at term 183 for changeToCandidate
2019-10-17 21:55:06,792 [Thread-1811] INFO  impl.RoleInfo (RoleInfo.java:updateAndGet(143)) - d6dfcdd7-fc6e-4b51-b91e-b64503dadc5e: start LeaderElection
2019-10-17 21:55:06,793 [java.util.concurrent.ThreadPoolExecutor$Worker@53372d8e[State = -1, empty queue]] WARN  server.GrpcLogAppender (GrpcLogAppender.java:timeoutAppendRequest(209)) - fff7125c-610a-434d-b194-38800617abc4@group-4FF8CA26B826->c3d1d4b8-f513-489f-ad1a-d9e469eb6c8d-GrpcLogAppender: appendEntries Timeout, request=fff7125c-610a-434d-b194-38800617abc4->c3d1d4b8-f513-489f-ad1a-d9e469eb6c8d#53-t11, previous=(t:11, i:18), leaderCommit=18, initializing? false, entries: <empty>
2019-10-17 21:55:06,806 [d6dfcdd7-fc6e-4b51-b91e-b64503dadc5e@group-F967393F7C93-LeaderElection188] INFO  impl.LeaderElection (LeaderElection.java:askForVotes(178)) - d6dfcdd7-fc6e-4b51-b91e-b64503dadc5e@group-F967393F7C93-LeaderElection188: begin an election at term 184 for -1: [08d4cbaa-ffed-4411-a5fd-c4a38026aead:192.168.157.223:33910, da15dfee-23f0-4dc4-ad77-c00156c49cfa:192.168.157.223:42172, d6dfcdd7-fc6e-4b51-b91e-b64503dadc5e:192.168.157.223:43575], old=null
2019-10-17 21:55:06,807 [d6dfcdd7-fc6e-4b51-b91e-b64503dadc5e@group-F967393F7C93-LeaderElection188] INFO  impl.LeaderElection (LogUtils.java:infoOrTrace(149)) - d6dfcdd7-fc6e-4b51-b91e-b64503dadc5e@group-F967393F7C93-LeaderElection188 got exception when requesting votes: {}
java.util.concurrent.ExecutionException: org.apache.ratis.thirdparty.io.grpc.StatusRuntimeException: UNAVAILABLE: io exception
	at java.util.concurrent.FutureTask.report(FutureTask.java:122)
	at java.util.concurrent.FutureTask.get(FutureTask.java:192)
	at org.apache.ratis.server.impl.LeaderElection.waitForResults(LeaderElection.java:259)
	at org.apache.ratis.server.impl.LeaderElection.askForVotes(LeaderElection.java:197)
	at org.apache.ratis.server.impl.LeaderElection.run(LeaderElection.java:133)
	at java.lang.Thread.run(Thread.java:748)
Caused by: org.apache.ratis.thirdparty.io.grpc.StatusRuntimeException: UNAVAILABLE: io exception
	at org.apache.ratis.thirdparty.io.grpc.stub.ClientCalls.toStatusRuntimeException(ClientCalls.java:233)
	at org.apache.ratis.thirdparty.io.grpc.stub.ClientCalls.getUnchecked(ClientCalls.java:214)
	at org.apache.ratis.thirdparty.io.grpc.stub.ClientCalls.blockingUnaryCall(ClientCalls.java:139)
	at org.apache.ratis.proto.grpc.RaftServerProtocolServiceGrpc$RaftServerProtocolServiceBlockingStub.requestVote(RaftServerProtocolServiceGrpc.java:265)
	at org.apache.ratis.grpc.server.GrpcServerProtocolClient.requestVote(GrpcServerProtocolClient.java:99)
	at org.apache.ratis.grpc.server.GrpcService.requestVote(GrpcService.java:204)
	at org.apache.ratis.server.impl.LeaderElection.lambda$submitRequests$1(LeaderElection.java:234)
	at java.util.concurrent.FutureTask.run(FutureTask.java:266)
	at java.util.concurrent.Executors$RunnableAdapter.call(Executors.java:511)
	at java.util.concurrent.FutureTask.run(FutureTask.java:266)
	at java.util.concurrent.ThreadPoolExecutor.runWorker(ThreadPoolExecutor.java:1149)
	at java.util.concurrent.ThreadPoolExecutor$Worker.run(ThreadPoolExecutor.java:624)
	... 1 more
Caused by: org.apache.ratis.thirdparty.io.netty.channel.AbstractChannel$AnnotatedConnectException: Connection refused: /192.168.157.223:42172
	at sun.nio.ch.SocketChannelImpl.checkConnect(Native Method)
	at sun.nio.ch.SocketChannelImpl.finishConnect(SocketChannelImpl.java:717)
	at org.apache.ratis.thirdparty.io.netty.channel.socket.nio.NioSocketChannel.doFinishConnect(NioSocketChannel.java:327)
	at org.apache.ratis.thirdparty.io.netty.channel.nio.AbstractNioChannel$AbstractNioUnsafe.finishConnect(AbstractNioChannel.java:340)
	at org.apache.ratis.thirdparty.io.netty.channel.nio.NioEventLoop.processSelectedKey(NioEventLoop.java:632)
	at org.apache.ratis.thirdparty.io.netty.channel.nio.NioEventLoop.processSelectedKeysOptimized(NioEventLoop.java:579)
	at org.apache.ratis.thirdparty.io.netty.channel.nio.NioEventLoop.processSelectedKeys(NioEventLoop.java:496)
	at org.apache.ratis.thirdparty.io.netty.channel.nio.NioEventLoop.run(NioEventLoop.java:458)
	at org.apache.ratis.thirdparty.io.netty.util.concurrent.SingleThreadEventExecutor$5.run(SingleThreadEventExecutor.java:897)
	at org.apache.ratis.thirdparty.io.netty.util.concurrent.FastThreadLocalRunnable.run(FastThreadLocalRunnable.java:30)
	... 1 more
Caused by: java.net.ConnectException: Connection refused
	... 11 more
2019-10-17 21:55:06,810 [grpc-default-executor-1] INFO  impl.RaftServerImpl (RaftServerImpl.java:setRole(184)) - 08d4cbaa-ffed-4411-a5fd-c4a38026aead@group-F967393F7C93: changes role from  FOLLOWER to FOLLOWER at term 184 for recognizeCandidate:d6dfcdd7-fc6e-4b51-b91e-b64503dadc5e
2019-10-17 21:55:06,810 [grpc-default-executor-1] INFO  impl.RoleInfo (RoleInfo.java:shutdownFollowerState(121)) - 08d4cbaa-ffed-4411-a5fd-c4a38026aead: shutdown FollowerState
2019-10-17 21:55:06,810 [grpc-default-executor-1] INFO  impl.RoleInfo (RoleInfo.java:updateAndGet(143)) - 08d4cbaa-ffed-4411-a5fd-c4a38026aead: start FollowerState
2019-10-17 21:55:06,810 [Thread-1810] INFO  impl.FollowerState (FollowerState.java:run(117)) - 08d4cbaa-ffed-4411-a5fd-c4a38026aead@group-F967393F7C93-FollowerState was interrupted: java.lang.InterruptedException: sleep interrupted
2019-10-17 21:55:06,824 [d6dfcdd7-fc6e-4b51-b91e-b64503dadc5e@group-F967393F7C93-LeaderElection188] INFO  impl.LeaderElection (LeaderElection.java:logAndReturn(56)) - d6dfcdd7-fc6e-4b51-b91e-b64503dadc5e@group-F967393F7C93-LeaderElection188: Election REJECTED; received 1 response(s) [d6dfcdd7-fc6e-4b51-b91e-b64503dadc5e<-08d4cbaa-ffed-4411-a5fd-c4a38026aead#0:FAIL-t184] and 1 exception(s); d6dfcdd7-fc6e-4b51-b91e-b64503dadc5e@group-F967393F7C93:t184, leader=null, voted=d6dfcdd7-fc6e-4b51-b91e-b64503dadc5e, raftlog=d6dfcdd7-fc6e-4b51-b91e-b64503dadc5e@group-F967393F7C93-SegmentedRaftLog:OPENED:c-1,f-1,i0, conf=-1: [08d4cbaa-ffed-4411-a5fd-c4a38026aead:192.168.157.223:33910, da15dfee-23f0-4dc4-ad77-c00156c49cfa:192.168.157.223:42172, d6dfcdd7-fc6e-4b51-b91e-b64503dadc5e:192.168.157.223:43575], old=null
2019-10-17 21:55:06,824 [d6dfcdd7-fc6e-4b51-b91e-b64503dadc5e@group-F967393F7C93-LeaderElection188] INFO  impl.LeaderElection (LogUtils.java:infoOrTrace(149)) -   Exception 0: {}
java.util.concurrent.ExecutionException: org.apache.ratis.thirdparty.io.grpc.StatusRuntimeException: UNAVAILABLE: io exception
	at java.util.concurrent.FutureTask.report(FutureTask.java:122)
	at java.util.concurrent.FutureTask.get(FutureTask.java:192)
	at org.apache.ratis.server.impl.LeaderElection.waitForResults(LeaderElection.java:259)
	at org.apache.ratis.server.impl.LeaderElection.askForVotes(LeaderElection.java:197)
	at org.apache.ratis.server.impl.LeaderElection.run(LeaderElection.java:133)
	at java.lang.Thread.run(Thread.java:748)
Caused by: org.apache.ratis.thirdparty.io.grpc.StatusRuntimeException: UNAVAILABLE: io exception
	at org.apache.ratis.thirdparty.io.grpc.stub.ClientCalls.toStatusRuntimeException(ClientCalls.java:233)
	at org.apache.ratis.thirdparty.io.grpc.stub.ClientCalls.getUnchecked(ClientCalls.java:214)
	at org.apache.ratis.thirdparty.io.grpc.stub.ClientCalls.blockingUnaryCall(ClientCalls.java:139)
	at org.apache.ratis.proto.grpc.RaftServerProtocolServiceGrpc$RaftServerProtocolServiceBlockingStub.requestVote(RaftServerProtocolServiceGrpc.java:265)
	at org.apache.ratis.grpc.server.GrpcServerProtocolClient.requestVote(GrpcServerProtocolClient.java:99)
	at org.apache.ratis.grpc.server.GrpcService.requestVote(GrpcService.java:204)
	at org.apache.ratis.server.impl.LeaderElection.lambda$submitRequests$1(LeaderElection.java:234)
	at java.util.concurrent.FutureTask.run(FutureTask.java:266)
	at java.util.concurrent.Executors$RunnableAdapter.call(Executors.java:511)
	at java.util.concurrent.FutureTask.run(FutureTask.java:266)
	at java.util.concurrent.ThreadPoolExecutor.runWorker(ThreadPoolExecutor.java:1149)
	at java.util.concurrent.ThreadPoolExecutor$Worker.run(ThreadPoolExecutor.java:624)
	... 1 more
Caused by: org.apache.ratis.thirdparty.io.netty.channel.AbstractChannel$AnnotatedConnectException: Connection refused: /192.168.157.223:42172
	at sun.nio.ch.SocketChannelImpl.checkConnect(Native Method)
	at sun.nio.ch.SocketChannelImpl.finishConnect(SocketChannelImpl.java:717)
	at org.apache.ratis.thirdparty.io.netty.channel.socket.nio.NioSocketChannel.doFinishConnect(NioSocketChannel.java:327)
	at org.apache.ratis.thirdparty.io.netty.channel.nio.AbstractNioChannel$AbstractNioUnsafe.finishConnect(AbstractNioChannel.java:340)
	at org.apache.ratis.thirdparty.io.netty.channel.nio.NioEventLoop.processSelectedKey(NioEventLoop.java:632)
	at org.apache.ratis.thirdparty.io.netty.channel.nio.NioEventLoop.processSelectedKeysOptimized(NioEventLoop.java:579)
	at org.apache.ratis.thirdparty.io.netty.channel.nio.NioEventLoop.processSelectedKeys(NioEventLoop.java:496)
	at org.apache.ratis.thirdparty.io.netty.channel.nio.NioEventLoop.run(NioEventLoop.java:458)
	at org.apache.ratis.thirdparty.io.netty.util.concurrent.SingleThreadEventExecutor$5.run(SingleThreadEventExecutor.java:897)
	at org.apache.ratis.thirdparty.io.netty.util.concurrent.FastThreadLocalRunnable.run(FastThreadLocalRunnable.java:30)
	... 1 more
Caused by: java.net.ConnectException: Connection refused
	... 11 more
2019-10-17 21:55:06,824 [d6dfcdd7-fc6e-4b51-b91e-b64503dadc5e@group-F967393F7C93-LeaderElection188] INFO  impl.RaftServerImpl (RaftServerImpl.java:setRole(184)) - d6dfcdd7-fc6e-4b51-b91e-b64503dadc5e@group-F967393F7C93: changes role from CANDIDATE to FOLLOWER at term 184 for DISCOVERED_A_NEW_TERM
2019-10-17 21:55:06,824 [d6dfcdd7-fc6e-4b51-b91e-b64503dadc5e@group-F967393F7C93-LeaderElection188] INFO  impl.RoleInfo (RoleInfo.java:shutdownLeaderElection(134)) - d6dfcdd7-fc6e-4b51-b91e-b64503dadc5e: shutdown LeaderElection
2019-10-17 21:55:06,824 [d6dfcdd7-fc6e-4b51-b91e-b64503dadc5e@group-F967393F7C93-LeaderElection188] INFO  impl.RoleInfo (RoleInfo.java:updateAndGet(143)) - d6dfcdd7-fc6e-4b51-b91e-b64503dadc5e: start FollowerState
2019-10-17 21:55:06,872 [Thread-1817] INFO  impl.FollowerState (FollowerState.java:run(108)) - d6dfcdd7-fc6e-4b51-b91e-b64503dadc5e@group-F967393F7C93-FollowerState: change to CANDIDATE, lastRpcTime:48ms, electionTimeout:48ms
2019-10-17 21:55:06,873 [Thread-1817] INFO  impl.RoleInfo (RoleInfo.java:shutdownFollowerState(121)) - d6dfcdd7-fc6e-4b51-b91e-b64503dadc5e: shutdown FollowerState
2019-10-17 21:55:06,873 [Thread-1817] INFO  impl.RaftServerImpl (RaftServerImpl.java:setRole(184)) - d6dfcdd7-fc6e-4b51-b91e-b64503dadc5e@group-F967393F7C93: changes role from  FOLLOWER to CANDIDATE at term 184 for changeToCandidate
2019-10-17 21:55:06,873 [Thread-1817] INFO  impl.RoleInfo (RoleInfo.java:updateAndGet(143)) - d6dfcdd7-fc6e-4b51-b91e-b64503dadc5e: start LeaderElection
2019-10-17 21:55:06,885 [d6dfcdd7-fc6e-4b51-b91e-b64503dadc5e@group-F967393F7C93-LeaderElection189] INFO  impl.LeaderElection (LeaderElection.java:askForVotes(178)) - d6dfcdd7-fc6e-4b51-b91e-b64503dadc5e@group-F967393F7C93-LeaderElection189: begin an election at term 185 for -1: [08d4cbaa-ffed-4411-a5fd-c4a38026aead:192.168.157.223:33910, da15dfee-23f0-4dc4-ad77-c00156c49cfa:192.168.157.223:42172, d6dfcdd7-fc6e-4b51-b91e-b64503dadc5e:192.168.157.223:43575], old=null
2019-10-17 21:55:06,886 [d6dfcdd7-fc6e-4b51-b91e-b64503dadc5e@group-F967393F7C93-LeaderElection189] INFO  impl.LeaderElection (LogUtils.java:infoOrTrace(149)) - d6dfcdd7-fc6e-4b51-b91e-b64503dadc5e@group-F967393F7C93-LeaderElection189 got exception when requesting votes: {}
java.util.concurrent.ExecutionException: org.apache.ratis.thirdparty.io.grpc.StatusRuntimeException: UNAVAILABLE: io exception
	at java.util.concurrent.FutureTask.report(FutureTask.java:122)
	at java.util.concurrent.FutureTask.get(FutureTask.java:192)
	at org.apache.ratis.server.impl.LeaderElection.waitForResults(LeaderElection.java:259)
	at org.apache.ratis.server.impl.LeaderElection.askForVotes(LeaderElection.java:197)
	at org.apache.ratis.server.impl.LeaderElection.run(LeaderElection.java:133)
	at java.lang.Thread.run(Thread.java:748)
Caused by: org.apache.ratis.thirdparty.io.grpc.StatusRuntimeException: UNAVAILABLE: io exception
	at org.apache.ratis.thirdparty.io.grpc.stub.ClientCalls.toStatusRuntimeException(ClientCalls.java:233)
	at org.apache.ratis.thirdparty.io.grpc.stub.ClientCalls.getUnchecked(ClientCalls.java:214)
	at org.apache.ratis.thirdparty.io.grpc.stub.ClientCalls.blockingUnaryCall(ClientCalls.java:139)
	at org.apache.ratis.proto.grpc.RaftServerProtocolServiceGrpc$RaftServerProtocolServiceBlockingStub.requestVote(RaftServerProtocolServiceGrpc.java:265)
	at org.apache.ratis.grpc.server.GrpcServerProtocolClient.requestVote(GrpcServerProtocolClient.java:99)
	at org.apache.ratis.grpc.server.GrpcService.requestVote(GrpcService.java:204)
	at org.apache.ratis.server.impl.LeaderElection.lambda$submitRequests$1(LeaderElection.java:234)
	at java.util.concurrent.FutureTask.run(FutureTask.java:266)
	at java.util.concurrent.Executors$RunnableAdapter.call(Executors.java:511)
	at java.util.concurrent.FutureTask.run(FutureTask.java:266)
	at java.util.concurrent.ThreadPoolExecutor.runWorker(ThreadPoolExecutor.java:1149)
	at java.util.concurrent.ThreadPoolExecutor$Worker.run(ThreadPoolExecutor.java:624)
	... 1 more
Caused by: org.apache.ratis.thirdparty.io.netty.channel.AbstractChannel$AnnotatedConnectException: Connection refused: /192.168.157.223:42172
	at sun.nio.ch.SocketChannelImpl.checkConnect(Native Method)
	at sun.nio.ch.SocketChannelImpl.finishConnect(SocketChannelImpl.java:717)
	at org.apache.ratis.thirdparty.io.netty.channel.socket.nio.NioSocketChannel.doFinishConnect(NioSocketChannel.java:327)
	at org.apache.ratis.thirdparty.io.netty.channel.nio.AbstractNioChannel$AbstractNioUnsafe.finishConnect(AbstractNioChannel.java:340)
	at org.apache.ratis.thirdparty.io.netty.channel.nio.NioEventLoop.processSelectedKey(NioEventLoop.java:632)
	at org.apache.ratis.thirdparty.io.netty.channel.nio.NioEventLoop.processSelectedKeysOptimized(NioEventLoop.java:579)
	at org.apache.ratis.thirdparty.io.netty.channel.nio.NioEventLoop.processSelectedKeys(NioEventLoop.java:496)
	at org.apache.ratis.thirdparty.io.netty.channel.nio.NioEventLoop.run(NioEventLoop.java:458)
	at org.apache.ratis.thirdparty.io.netty.util.concurrent.SingleThreadEventExecutor$5.run(SingleThreadEventExecutor.java:897)
	at org.apache.ratis.thirdparty.io.netty.util.concurrent.FastThreadLocalRunnable.run(FastThreadLocalRunnable.java:30)
	... 1 more
Caused by: java.net.ConnectException: Connection refused
	... 11 more
2019-10-17 21:55:06,889 [grpc-default-executor-1] INFO  impl.RaftServerImpl (RaftServerImpl.java:setRole(184)) - 08d4cbaa-ffed-4411-a5fd-c4a38026aead@group-F967393F7C93: changes role from  FOLLOWER to FOLLOWER at term 185 for recognizeCandidate:d6dfcdd7-fc6e-4b51-b91e-b64503dadc5e
2019-10-17 21:55:06,889 [grpc-default-executor-1] INFO  impl.RoleInfo (RoleInfo.java:shutdownFollowerState(121)) - 08d4cbaa-ffed-4411-a5fd-c4a38026aead: shutdown FollowerState
2019-10-17 21:55:06,890 [grpc-default-executor-1] INFO  impl.RoleInfo (RoleInfo.java:updateAndGet(143)) - 08d4cbaa-ffed-4411-a5fd-c4a38026aead: start FollowerState
2019-10-17 21:55:06,890 [Thread-1816] INFO  impl.FollowerState (FollowerState.java:run(117)) - 08d4cbaa-ffed-4411-a5fd-c4a38026aead@group-F967393F7C93-FollowerState was interrupted: java.lang.InterruptedException: sleep interrupted
2019-10-17 21:55:06,903 [d6dfcdd7-fc6e-4b51-b91e-b64503dadc5e@group-F967393F7C93-LeaderElection189] INFO  impl.LeaderElection (LeaderElection.java:logAndReturn(56)) - d6dfcdd7-fc6e-4b51-b91e-b64503dadc5e@group-F967393F7C93-LeaderElection189: Election REJECTED; received 1 response(s) [d6dfcdd7-fc6e-4b51-b91e-b64503dadc5e<-08d4cbaa-ffed-4411-a5fd-c4a38026aead#0:FAIL-t185] and 1 exception(s); d6dfcdd7-fc6e-4b51-b91e-b64503dadc5e@group-F967393F7C93:t185, leader=null, voted=d6dfcdd7-fc6e-4b51-b91e-b64503dadc5e, raftlog=d6dfcdd7-fc6e-4b51-b91e-b64503dadc5e@group-F967393F7C93-SegmentedRaftLog:OPENED:c-1,f-1,i0, conf=-1: [08d4cbaa-ffed-4411-a5fd-c4a38026aead:192.168.157.223:33910, da15dfee-23f0-4dc4-ad77-c00156c49cfa:192.168.157.223:42172, d6dfcdd7-fc6e-4b51-b91e-b64503dadc5e:192.168.157.223:43575], old=null
2019-10-17 21:55:06,903 [d6dfcdd7-fc6e-4b51-b91e-b64503dadc5e@group-F967393F7C93-LeaderElection189] INFO  impl.LeaderElection (LogUtils.java:infoOrTrace(149)) -   Exception 0: {}
java.util.concurrent.ExecutionException: org.apache.ratis.thirdparty.io.grpc.StatusRuntimeException: UNAVAILABLE: io exception
	at java.util.concurrent.FutureTask.report(FutureTask.java:122)
	at java.util.concurrent.FutureTask.get(FutureTask.java:192)
	at org.apache.ratis.server.impl.LeaderElection.waitForResults(LeaderElection.java:259)
	at org.apache.ratis.server.impl.LeaderElection.askForVotes(LeaderElection.java:197)
	at org.apache.ratis.server.impl.LeaderElection.run(LeaderElection.java:133)
	at java.lang.Thread.run(Thread.java:748)
Caused by: org.apache.ratis.thirdparty.io.grpc.StatusRuntimeException: UNAVAILABLE: io exception
	at org.apache.ratis.thirdparty.io.grpc.stub.ClientCalls.toStatusRuntimeException(ClientCalls.java:233)
	at org.apache.ratis.thirdparty.io.grpc.stub.ClientCalls.getUnchecked(ClientCalls.java:214)
	at org.apache.ratis.thirdparty.io.grpc.stub.ClientCalls.blockingUnaryCall(ClientCalls.java:139)
	at org.apache.ratis.proto.grpc.RaftServerProtocolServiceGrpc$RaftServerProtocolServiceBlockingStub.requestVote(RaftServerProtocolServiceGrpc.java:265)
	at org.apache.ratis.grpc.server.GrpcServerProtocolClient.requestVote(GrpcServerProtocolClient.java:99)
	at org.apache.ratis.grpc.server.GrpcService.requestVote(GrpcService.java:204)
	at org.apache.ratis.server.impl.LeaderElection.lambda$submitRequests$1(LeaderElection.java:234)
	at java.util.concurrent.FutureTask.run(FutureTask.java:266)
	at java.util.concurrent.Executors$RunnableAdapter.call(Executors.java:511)
	at java.util.concurrent.FutureTask.run(FutureTask.java:266)
	at java.util.concurrent.ThreadPoolExecutor.runWorker(ThreadPoolExecutor.java:1149)
	at java.util.concurrent.ThreadPoolExecutor$Worker.run(ThreadPoolExecutor.java:624)
	... 1 more
Caused by: org.apache.ratis.thirdparty.io.netty.channel.AbstractChannel$AnnotatedConnectException: Connection refused: /192.168.157.223:42172
	at sun.nio.ch.SocketChannelImpl.checkConnect(Native Method)
	at sun.nio.ch.SocketChannelImpl.finishConnect(SocketChannelImpl.java:717)
	at org.apache.ratis.thirdparty.io.netty.channel.socket.nio.NioSocketChannel.doFinishConnect(NioSocketChannel.java:327)
	at org.apache.ratis.thirdparty.io.netty.channel.nio.AbstractNioChannel$AbstractNioUnsafe.finishConnect(AbstractNioChannel.java:340)
	at org.apache.ratis.thirdparty.io.netty.channel.nio.NioEventLoop.processSelectedKey(NioEventLoop.java:632)
	at org.apache.ratis.thirdparty.io.netty.channel.nio.NioEventLoop.processSelectedKeysOptimized(NioEventLoop.java:579)
	at org.apache.ratis.thirdparty.io.netty.channel.nio.NioEventLoop.processSelectedKeys(NioEventLoop.java:496)
	at org.apache.ratis.thirdparty.io.netty.channel.nio.NioEventLoop.run(NioEventLoop.java:458)
	at org.apache.ratis.thirdparty.io.netty.util.concurrent.SingleThreadEventExecutor$5.run(SingleThreadEventExecutor.java:897)
	at org.apache.ratis.thirdparty.io.netty.util.concurrent.FastThreadLocalRunnable.run(FastThreadLocalRunnable.java:30)
	... 1 more
Caused by: java.net.ConnectException: Connection refused
	... 11 more
2019-10-17 21:55:06,903 [d6dfcdd7-fc6e-4b51-b91e-b64503dadc5e@group-F967393F7C93-LeaderElection189] INFO  impl.RaftServerImpl (RaftServerImpl.java:setRole(184)) - d6dfcdd7-fc6e-4b51-b91e-b64503dadc5e@group-F967393F7C93: changes role from CANDIDATE to FOLLOWER at term 185 for DISCOVERED_A_NEW_TERM
2019-10-17 21:55:06,903 [d6dfcdd7-fc6e-4b51-b91e-b64503dadc5e@group-F967393F7C93-LeaderElection189] INFO  impl.RoleInfo (RoleInfo.java:shutdownLeaderElection(134)) - d6dfcdd7-fc6e-4b51-b91e-b64503dadc5e: shutdown LeaderElection
2019-10-17 21:55:06,903 [d6dfcdd7-fc6e-4b51-b91e-b64503dadc5e@group-F967393F7C93-LeaderElection189] INFO  impl.RoleInfo (RoleInfo.java:updateAndGet(143)) - d6dfcdd7-fc6e-4b51-b91e-b64503dadc5e: start FollowerState
2019-10-17 21:55:06,926 [Thread-1822] INFO  impl.FollowerState (FollowerState.java:run(108)) - d6dfcdd7-fc6e-4b51-b91e-b64503dadc5e@group-F967393F7C93-FollowerState: change to CANDIDATE, lastRpcTime:22ms, electionTimeout:22ms
2019-10-17 21:55:06,926 [Thread-1822] INFO  impl.RoleInfo (RoleInfo.java:shutdownFollowerState(121)) - d6dfcdd7-fc6e-4b51-b91e-b64503dadc5e: shutdown FollowerState
2019-10-17 21:55:06,926 [Thread-1822] INFO  impl.RaftServerImpl (RaftServerImpl.java:setRole(184)) - d6dfcdd7-fc6e-4b51-b91e-b64503dadc5e@group-F967393F7C93: changes role from  FOLLOWER to CANDIDATE at term 185 for changeToCandidate
2019-10-17 21:55:06,926 [Thread-1822] INFO  impl.RoleInfo (RoleInfo.java:updateAndGet(143)) - d6dfcdd7-fc6e-4b51-b91e-b64503dadc5e: start LeaderElection
2019-10-17 21:55:06,939 [d6dfcdd7-fc6e-4b51-b91e-b64503dadc5e@group-F967393F7C93-LeaderElection190] INFO  impl.LeaderElection (LeaderElection.java:askForVotes(178)) - d6dfcdd7-fc6e-4b51-b91e-b64503dadc5e@group-F967393F7C93-LeaderElection190: begin an election at term 186 for -1: [08d4cbaa-ffed-4411-a5fd-c4a38026aead:192.168.157.223:33910, da15dfee-23f0-4dc4-ad77-c00156c49cfa:192.168.157.223:42172, d6dfcdd7-fc6e-4b51-b91e-b64503dadc5e:192.168.157.223:43575], old=null
2019-10-17 21:55:06,940 [d6dfcdd7-fc6e-4b51-b91e-b64503dadc5e@group-F967393F7C93-LeaderElection190] INFO  impl.LeaderElection (LogUtils.java:infoOrTrace(149)) - d6dfcdd7-fc6e-4b51-b91e-b64503dadc5e@group-F967393F7C93-LeaderElection190 got exception when requesting votes: {}
java.util.concurrent.ExecutionException: org.apache.ratis.thirdparty.io.grpc.StatusRuntimeException: UNAVAILABLE: io exception
	at java.util.concurrent.FutureTask.report(FutureTask.java:122)
	at java.util.concurrent.FutureTask.get(FutureTask.java:192)
	at org.apache.ratis.server.impl.LeaderElection.waitForResults(LeaderElection.java:259)
	at org.apache.ratis.server.impl.LeaderElection.askForVotes(LeaderElection.java:197)
	at org.apache.ratis.server.impl.LeaderElection.run(LeaderElection.java:133)
	at java.lang.Thread.run(Thread.java:748)
Caused by: org.apache.ratis.thirdparty.io.grpc.StatusRuntimeException: UNAVAILABLE: io exception
	at org.apache.ratis.thirdparty.io.grpc.stub.ClientCalls.toStatusRuntimeException(ClientCalls.java:233)
	at org.apache.ratis.thirdparty.io.grpc.stub.ClientCalls.getUnchecked(ClientCalls.java:214)
	at org.apache.ratis.thirdparty.io.grpc.stub.ClientCalls.blockingUnaryCall(ClientCalls.java:139)
	at org.apache.ratis.proto.grpc.RaftServerProtocolServiceGrpc$RaftServerProtocolServiceBlockingStub.requestVote(RaftServerProtocolServiceGrpc.java:265)
	at org.apache.ratis.grpc.server.GrpcServerProtocolClient.requestVote(GrpcServerProtocolClient.java:99)
	at org.apache.ratis.grpc.server.GrpcService.requestVote(GrpcService.java:204)
	at org.apache.ratis.server.impl.LeaderElection.lambda$submitRequests$1(LeaderElection.java:234)
	at java.util.concurrent.FutureTask.run(FutureTask.java:266)
	at java.util.concurrent.Executors$RunnableAdapter.call(Executors.java:511)
	at java.util.concurrent.FutureTask.run(FutureTask.java:266)
	at java.util.concurrent.ThreadPoolExecutor.runWorker(ThreadPoolExecutor.java:1149)
	at java.util.concurrent.ThreadPoolExecutor$Worker.run(ThreadPoolExecutor.java:624)
	... 1 more
Caused by: org.apache.ratis.thirdparty.io.netty.channel.AbstractChannel$AnnotatedConnectException: Connection refused: /192.168.157.223:42172
	at sun.nio.ch.SocketChannelImpl.checkConnect(Native Method)
	at sun.nio.ch.SocketChannelImpl.finishConnect(SocketChannelImpl.java:717)
	at org.apache.ratis.thirdparty.io.netty.channel.socket.nio.NioSocketChannel.doFinishConnect(NioSocketChannel.java:327)
	at org.apache.ratis.thirdparty.io.netty.channel.nio.AbstractNioChannel$AbstractNioUnsafe.finishConnect(AbstractNioChannel.java:340)
	at org.apache.ratis.thirdparty.io.netty.channel.nio.NioEventLoop.processSelectedKey(NioEventLoop.java:632)
	at org.apache.ratis.thirdparty.io.netty.channel.nio.NioEventLoop.processSelectedKeysOptimized(NioEventLoop.java:579)
	at org.apache.ratis.thirdparty.io.netty.channel.nio.NioEventLoop.processSelectedKeys(NioEventLoop.java:496)
	at org.apache.ratis.thirdparty.io.netty.channel.nio.NioEventLoop.run(NioEventLoop.java:458)
	at org.apache.ratis.thirdparty.io.netty.util.concurrent.SingleThreadEventExecutor$5.run(SingleThreadEventExecutor.java:897)
	at org.apache.ratis.thirdparty.io.netty.util.concurrent.FastThreadLocalRunnable.run(FastThreadLocalRunnable.java:30)
	... 1 more
Caused by: java.net.ConnectException: Connection refused
	... 11 more
2019-10-17 21:55:06,948 [grpc-default-executor-1] INFO  impl.RaftServerImpl (RaftServerImpl.java:setRole(184)) - 08d4cbaa-ffed-4411-a5fd-c4a38026aead@group-F967393F7C93: changes role from  FOLLOWER to FOLLOWER at term 186 for recognizeCandidate:d6dfcdd7-fc6e-4b51-b91e-b64503dadc5e
2019-10-17 21:55:06,948 [grpc-default-executor-1] INFO  impl.RoleInfo (RoleInfo.java:shutdownFollowerState(121)) - 08d4cbaa-ffed-4411-a5fd-c4a38026aead: shutdown FollowerState
2019-10-17 21:55:06,949 [grpc-default-executor-1] INFO  impl.RoleInfo (RoleInfo.java:updateAndGet(143)) - 08d4cbaa-ffed-4411-a5fd-c4a38026aead: start FollowerState
2019-10-17 21:55:06,949 [Thread-1821] INFO  impl.FollowerState (FollowerState.java:run(117)) - 08d4cbaa-ffed-4411-a5fd-c4a38026aead@group-F967393F7C93-FollowerState was interrupted: java.lang.InterruptedException: sleep interrupted
2019-10-17 21:55:06,962 [d6dfcdd7-fc6e-4b51-b91e-b64503dadc5e@group-F967393F7C93-LeaderElection190] INFO  impl.LeaderElection (LeaderElection.java:logAndReturn(56)) - d6dfcdd7-fc6e-4b51-b91e-b64503dadc5e@group-F967393F7C93-LeaderElection190: Election REJECTED; received 1 response(s) [d6dfcdd7-fc6e-4b51-b91e-b64503dadc5e<-08d4cbaa-ffed-4411-a5fd-c4a38026aead#0:FAIL-t186] and 1 exception(s); d6dfcdd7-fc6e-4b51-b91e-b64503dadc5e@group-F967393F7C93:t186, leader=null, voted=d6dfcdd7-fc6e-4b51-b91e-b64503dadc5e, raftlog=d6dfcdd7-fc6e-4b51-b91e-b64503dadc5e@group-F967393F7C93-SegmentedRaftLog:OPENED:c-1,f-1,i0, conf=-1: [08d4cbaa-ffed-4411-a5fd-c4a38026aead:192.168.157.223:33910, da15dfee-23f0-4dc4-ad77-c00156c49cfa:192.168.157.223:42172, d6dfcdd7-fc6e-4b51-b91e-b64503dadc5e:192.168.157.223:43575], old=null
2019-10-17 21:55:06,962 [d6dfcdd7-fc6e-4b51-b91e-b64503dadc5e@group-F967393F7C93-LeaderElection190] INFO  impl.LeaderElection (LogUtils.java:infoOrTrace(149)) -   Exception 0: {}
java.util.concurrent.ExecutionException: org.apache.ratis.thirdparty.io.grpc.StatusRuntimeException: UNAVAILABLE: io exception
	at java.util.concurrent.FutureTask.report(FutureTask.java:122)
	at java.util.concurrent.FutureTask.get(FutureTask.java:192)
	at org.apache.ratis.server.impl.LeaderElection.waitForResults(LeaderElection.java:259)
	at org.apache.ratis.server.impl.LeaderElection.askForVotes(LeaderElection.java:197)
	at org.apache.ratis.server.impl.LeaderElection.run(LeaderElection.java:133)
	at java.lang.Thread.run(Thread.java:748)
Caused by: org.apache.ratis.thirdparty.io.grpc.StatusRuntimeException: UNAVAILABLE: io exception
	at org.apache.ratis.thirdparty.io.grpc.stub.ClientCalls.toStatusRuntimeException(ClientCalls.java:233)
	at org.apache.ratis.thirdparty.io.grpc.stub.ClientCalls.getUnchecked(ClientCalls.java:214)
	at org.apache.ratis.thirdparty.io.grpc.stub.ClientCalls.blockingUnaryCall(ClientCalls.java:139)
	at org.apache.ratis.proto.grpc.RaftServerProtocolServiceGrpc$RaftServerProtocolServiceBlockingStub.requestVote(RaftServerProtocolServiceGrpc.java:265)
	at org.apache.ratis.grpc.server.GrpcServerProtocolClient.requestVote(GrpcServerProtocolClient.java:99)
	at org.apache.ratis.grpc.server.GrpcService.requestVote(GrpcService.java:204)
	at org.apache.ratis.server.impl.LeaderElection.lambda$submitRequests$1(LeaderElection.java:234)
	at java.util.concurrent.FutureTask.run(FutureTask.java:266)
	at java.util.concurrent.Executors$RunnableAdapter.call(Executors.java:511)
	at java.util.concurrent.FutureTask.run(FutureTask.java:266)
	at java.util.concurrent.ThreadPoolExecutor.runWorker(ThreadPoolExecutor.java:1149)
	at java.util.concurrent.ThreadPoolExecutor$Worker.run(ThreadPoolExecutor.java:624)
	... 1 more
Caused by: org.apache.ratis.thirdparty.io.netty.channel.AbstractChannel$AnnotatedConnectException: Connection refused: /192.168.157.223:42172
	at sun.nio.ch.SocketChannelImpl.checkConnect(Native Method)
	at sun.nio.ch.SocketChannelImpl.finishConnect(SocketChannelImpl.java:717)
	at org.apache.ratis.thirdparty.io.netty.channel.socket.nio.NioSocketChannel.doFinishConnect(NioSocketChannel.java:327)
	at org.apache.ratis.thirdparty.io.netty.channel.nio.AbstractNioChannel$AbstractNioUnsafe.finishConnect(AbstractNioChannel.java:340)
	at org.apache.ratis.thirdparty.io.netty.channel.nio.NioEventLoop.processSelectedKey(NioEventLoop.java:632)
	at org.apache.ratis.thirdparty.io.netty.channel.nio.NioEventLoop.processSelectedKeysOptimized(NioEventLoop.java:579)
	at org.apache.ratis.thirdparty.io.netty.channel.nio.NioEventLoop.processSelectedKeys(NioEventLoop.java:496)
	at org.apache.ratis.thirdparty.io.netty.channel.nio.NioEventLoop.run(NioEventLoop.java:458)
	at org.apache.ratis.thirdparty.io.netty.util.concurrent.SingleThreadEventExecutor$5.run(SingleThreadEventExecutor.java:897)
	at org.apache.ratis.thirdparty.io.netty.util.concurrent.FastThreadLocalRunnable.run(FastThreadLocalRunnable.java:30)
	... 1 more
Caused by: java.net.ConnectException: Connection refused
	... 11 more
2019-10-17 21:55:06,962 [d6dfcdd7-fc6e-4b51-b91e-b64503dadc5e@group-F967393F7C93-LeaderElection190] INFO  impl.RaftServerImpl (RaftServerImpl.java:setRole(184)) - d6dfcdd7-fc6e-4b51-b91e-b64503dadc5e@group-F967393F7C93: changes role from CANDIDATE to FOLLOWER at term 186 for DISCOVERED_A_NEW_TERM
2019-10-17 21:55:06,962 [d6dfcdd7-fc6e-4b51-b91e-b64503dadc5e@group-F967393F7C93-LeaderElection190] INFO  impl.RoleInfo (RoleInfo.java:shutdownLeaderElection(134)) - d6dfcdd7-fc6e-4b51-b91e-b64503dadc5e: shutdown LeaderElection
2019-10-17 21:55:06,963 [d6dfcdd7-fc6e-4b51-b91e-b64503dadc5e@group-F967393F7C93-LeaderElection190] INFO  impl.RoleInfo (RoleInfo.java:updateAndGet(143)) - d6dfcdd7-fc6e-4b51-b91e-b64503dadc5e: start FollowerState
2019-10-17 21:55:07,037 [Thread-1827] INFO  impl.FollowerState (FollowerState.java:run(108)) - d6dfcdd7-fc6e-4b51-b91e-b64503dadc5e@group-F967393F7C93-FollowerState: change to CANDIDATE, lastRpcTime:74ms, electionTimeout:74ms
2019-10-17 21:55:07,037 [Thread-1827] INFO  impl.RoleInfo (RoleInfo.java:shutdownFollowerState(121)) - d6dfcdd7-fc6e-4b51-b91e-b64503dadc5e: shutdown FollowerState
2019-10-17 21:55:07,038 [Thread-1827] INFO  impl.RaftServerImpl (RaftServerImpl.java:setRole(184)) - d6dfcdd7-fc6e-4b51-b91e-b64503dadc5e@group-F967393F7C93: changes role from  FOLLOWER to CANDIDATE at term 186 for changeToCandidate
2019-10-17 21:55:07,038 [Thread-1827] INFO  impl.RoleInfo (RoleInfo.java:updateAndGet(143)) - d6dfcdd7-fc6e-4b51-b91e-b64503dadc5e: start LeaderElection
2019-10-17 21:55:07,051 [d6dfcdd7-fc6e-4b51-b91e-b64503dadc5e@group-F967393F7C93-LeaderElection191] INFO  impl.LeaderElection (LeaderElection.java:askForVotes(178)) - d6dfcdd7-fc6e-4b51-b91e-b64503dadc5e@group-F967393F7C93-LeaderElection191: begin an election at term 187 for -1: [08d4cbaa-ffed-4411-a5fd-c4a38026aead:192.168.157.223:33910, da15dfee-23f0-4dc4-ad77-c00156c49cfa:192.168.157.223:42172, d6dfcdd7-fc6e-4b51-b91e-b64503dadc5e:192.168.157.223:43575], old=null
2019-10-17 21:55:07,052 [d6dfcdd7-fc6e-4b51-b91e-b64503dadc5e@group-F967393F7C93-LeaderElection191] INFO  impl.LeaderElection (LogUtils.java:infoOrTrace(149)) - d6dfcdd7-fc6e-4b51-b91e-b64503dadc5e@group-F967393F7C93-LeaderElection191 got exception when requesting votes: {}
java.util.concurrent.ExecutionException: org.apache.ratis.thirdparty.io.grpc.StatusRuntimeException: UNAVAILABLE: io exception
	at java.util.concurrent.FutureTask.report(FutureTask.java:122)
	at java.util.concurrent.FutureTask.get(FutureTask.java:192)
	at org.apache.ratis.server.impl.LeaderElection.waitForResults(LeaderElection.java:259)
	at org.apache.ratis.server.impl.LeaderElection.askForVotes(LeaderElection.java:197)
	at org.apache.ratis.server.impl.LeaderElection.run(LeaderElection.java:133)
	at java.lang.Thread.run(Thread.java:748)
Caused by: org.apache.ratis.thirdparty.io.grpc.StatusRuntimeException: UNAVAILABLE: io exception
	at org.apache.ratis.thirdparty.io.grpc.stub.ClientCalls.toStatusRuntimeException(ClientCalls.java:233)
	at org.apache.ratis.thirdparty.io.grpc.stub.ClientCalls.getUnchecked(ClientCalls.java:214)
	at org.apache.ratis.thirdparty.io.grpc.stub.ClientCalls.blockingUnaryCall(ClientCalls.java:139)
	at org.apache.ratis.proto.grpc.RaftServerProtocolServiceGrpc$RaftServerProtocolServiceBlockingStub.requestVote(RaftServerProtocolServiceGrpc.java:265)
	at org.apache.ratis.grpc.server.GrpcServerProtocolClient.requestVote(GrpcServerProtocolClient.java:99)
	at org.apache.ratis.grpc.server.GrpcService.requestVote(GrpcService.java:204)
	at org.apache.ratis.server.impl.LeaderElection.lambda$submitRequests$1(LeaderElection.java:234)
	at java.util.concurrent.FutureTask.run(FutureTask.java:266)
	at java.util.concurrent.Executors$RunnableAdapter.call(Executors.java:511)
	at java.util.concurrent.FutureTask.run(FutureTask.java:266)
	at java.util.concurrent.ThreadPoolExecutor.runWorker(ThreadPoolExecutor.java:1149)
	at java.util.concurrent.ThreadPoolExecutor$Worker.run(ThreadPoolExecutor.java:624)
	... 1 more
Caused by: org.apache.ratis.thirdparty.io.netty.channel.AbstractChannel$AnnotatedConnectException: Connection refused: /192.168.157.223:42172
	at sun.nio.ch.SocketChannelImpl.checkConnect(Native Method)
	at sun.nio.ch.SocketChannelImpl.finishConnect(SocketChannelImpl.java:717)
	at org.apache.ratis.thirdparty.io.netty.channel.socket.nio.NioSocketChannel.doFinishConnect(NioSocketChannel.java:327)
	at org.apache.ratis.thirdparty.io.netty.channel.nio.AbstractNioChannel$AbstractNioUnsafe.finishConnect(AbstractNioChannel.java:340)
	at org.apache.ratis.thirdparty.io.netty.channel.nio.NioEventLoop.processSelectedKey(NioEventLoop.java:632)
	at org.apache.ratis.thirdparty.io.netty.channel.nio.NioEventLoop.processSelectedKeysOptimized(NioEventLoop.java:579)
	at org.apache.ratis.thirdparty.io.netty.channel.nio.NioEventLoop.processSelectedKeys(NioEventLoop.java:496)
	at org.apache.ratis.thirdparty.io.netty.channel.nio.NioEventLoop.run(NioEventLoop.java:458)
	at org.apache.ratis.thirdparty.io.netty.util.concurrent.SingleThreadEventExecutor$5.run(SingleThreadEventExecutor.java:897)
	at org.apache.ratis.thirdparty.io.netty.util.concurrent.FastThreadLocalRunnable.run(FastThreadLocalRunnable.java:30)
	... 1 more
Caused by: java.net.ConnectException: Connection refused
	... 11 more
2019-10-17 21:55:07,055 [grpc-default-executor-1] INFO  impl.RaftServerImpl (RaftServerImpl.java:setRole(184)) - 08d4cbaa-ffed-4411-a5fd-c4a38026aead@group-F967393F7C93: changes role from  FOLLOWER to FOLLOWER at term 187 for recognizeCandidate:d6dfcdd7-fc6e-4b51-b91e-b64503dadc5e
2019-10-17 21:55:07,055 [grpc-default-executor-1] INFO  impl.RoleInfo (RoleInfo.java:shutdownFollowerState(121)) - 08d4cbaa-ffed-4411-a5fd-c4a38026aead: shutdown FollowerState
2019-10-17 21:55:07,056 [Thread-1826] INFO  impl.FollowerState (FollowerState.java:run(117)) - 08d4cbaa-ffed-4411-a5fd-c4a38026aead@group-F967393F7C93-FollowerState was interrupted: java.lang.InterruptedException: sleep interrupted
2019-10-17 21:55:07,056 [grpc-default-executor-1] INFO  impl.RoleInfo (RoleInfo.java:updateAndGet(143)) - 08d4cbaa-ffed-4411-a5fd-c4a38026aead: start FollowerState
2019-10-17 21:55:07,071 [d6dfcdd7-fc6e-4b51-b91e-b64503dadc5e@group-F967393F7C93-LeaderElection191] INFO  impl.LeaderElection (LeaderElection.java:logAndReturn(56)) - d6dfcdd7-fc6e-4b51-b91e-b64503dadc5e@group-F967393F7C93-LeaderElection191: Election REJECTED; received 1 response(s) [d6dfcdd7-fc6e-4b51-b91e-b64503dadc5e<-08d4cbaa-ffed-4411-a5fd-c4a38026aead#0:FAIL-t187] and 1 exception(s); d6dfcdd7-fc6e-4b51-b91e-b64503dadc5e@group-F967393F7C93:t187, leader=null, voted=d6dfcdd7-fc6e-4b51-b91e-b64503dadc5e, raftlog=d6dfcdd7-fc6e-4b51-b91e-b64503dadc5e@group-F967393F7C93-SegmentedRaftLog:OPENED:c-1,f-1,i0, conf=-1: [08d4cbaa-ffed-4411-a5fd-c4a38026aead:192.168.157.223:33910, da15dfee-23f0-4dc4-ad77-c00156c49cfa:192.168.157.223:42172, d6dfcdd7-fc6e-4b51-b91e-b64503dadc5e:192.168.157.223:43575], old=null
2019-10-17 21:55:07,071 [d6dfcdd7-fc6e-4b51-b91e-b64503dadc5e@group-F967393F7C93-LeaderElection191] INFO  impl.LeaderElection (LogUtils.java:infoOrTrace(149)) -   Exception 0: {}
java.util.concurrent.ExecutionException: org.apache.ratis.thirdparty.io.grpc.StatusRuntimeException: UNAVAILABLE: io exception
	at java.util.concurrent.FutureTask.report(FutureTask.java:122)
	at java.util.concurrent.FutureTask.get(FutureTask.java:192)
	at org.apache.ratis.server.impl.LeaderElection.waitForResults(LeaderElection.java:259)
	at org.apache.ratis.server.impl.LeaderElection.askForVotes(LeaderElection.java:197)
	at org.apache.ratis.server.impl.LeaderElection.run(LeaderElection.java:133)
	at java.lang.Thread.run(Thread.java:748)
Caused by: org.apache.ratis.thirdparty.io.grpc.StatusRuntimeException: UNAVAILABLE: io exception
	at org.apache.ratis.thirdparty.io.grpc.stub.ClientCalls.toStatusRuntimeException(ClientCalls.java:233)
	at org.apache.ratis.thirdparty.io.grpc.stub.ClientCalls.getUnchecked(ClientCalls.java:214)
	at org.apache.ratis.thirdparty.io.grpc.stub.ClientCalls.blockingUnaryCall(ClientCalls.java:139)
	at org.apache.ratis.proto.grpc.RaftServerProtocolServiceGrpc$RaftServerProtocolServiceBlockingStub.requestVote(RaftServerProtocolServiceGrpc.java:265)
	at org.apache.ratis.grpc.server.GrpcServerProtocolClient.requestVote(GrpcServerProtocolClient.java:99)
	at org.apache.ratis.grpc.server.GrpcService.requestVote(GrpcService.java:204)
	at org.apache.ratis.server.impl.LeaderElection.lambda$submitRequests$1(LeaderElection.java:234)
	at java.util.concurrent.FutureTask.run(FutureTask.java:266)
	at java.util.concurrent.Executors$RunnableAdapter.call(Executors.java:511)
	at java.util.concurrent.FutureTask.run(FutureTask.java:266)
	at java.util.concurrent.ThreadPoolExecutor.runWorker(ThreadPoolExecutor.java:1149)
	at java.util.concurrent.ThreadPoolExecutor$Worker.run(ThreadPoolExecutor.java:624)
	... 1 more
Caused by: org.apache.ratis.thirdparty.io.netty.channel.AbstractChannel$AnnotatedConnectException: Connection refused: /192.168.157.223:42172
	at sun.nio.ch.SocketChannelImpl.checkConnect(Native Method)
	at sun.nio.ch.SocketChannelImpl.finishConnect(SocketChannelImpl.java:717)
	at org.apache.ratis.thirdparty.io.netty.channel.socket.nio.NioSocketChannel.doFinishConnect(NioSocketChannel.java:327)
	at org.apache.ratis.thirdparty.io.netty.channel.nio.AbstractNioChannel$AbstractNioUnsafe.finishConnect(AbstractNioChannel.java:340)
	at org.apache.ratis.thirdparty.io.netty.channel.nio.NioEventLoop.processSelectedKey(NioEventLoop.java:632)
	at org.apache.ratis.thirdparty.io.netty.channel.nio.NioEventLoop.processSelectedKeysOptimized(NioEventLoop.java:579)
	at org.apache.ratis.thirdparty.io.netty.channel.nio.NioEventLoop.processSelectedKeys(NioEventLoop.java:496)
	at org.apache.ratis.thirdparty.io.netty.channel.nio.NioEventLoop.run(NioEventLoop.java:458)
	at org.apache.ratis.thirdparty.io.netty.util.concurrent.SingleThreadEventExecutor$5.run(SingleThreadEventExecutor.java:897)
	at org.apache.ratis.thirdparty.io.netty.util.concurrent.FastThreadLocalRunnable.run(FastThreadLocalRunnable.java:30)
	... 1 more
Caused by: java.net.ConnectException: Connection refused
	... 11 more
2019-10-17 21:55:07,072 [d6dfcdd7-fc6e-4b51-b91e-b64503dadc5e@group-F967393F7C93-LeaderElection191] INFO  impl.RaftServerImpl (RaftServerImpl.java:setRole(184)) - d6dfcdd7-fc6e-4b51-b91e-b64503dadc5e@group-F967393F7C93: changes role from CANDIDATE to FOLLOWER at term 187 for DISCOVERED_A_NEW_TERM
2019-10-17 21:55:07,072 [d6dfcdd7-fc6e-4b51-b91e-b64503dadc5e@group-F967393F7C93-LeaderElection191] INFO  impl.RoleInfo (RoleInfo.java:shutdownLeaderElection(134)) - d6dfcdd7-fc6e-4b51-b91e-b64503dadc5e: shutdown LeaderElection
2019-10-17 21:55:07,072 [d6dfcdd7-fc6e-4b51-b91e-b64503dadc5e@group-F967393F7C93-LeaderElection191] INFO  impl.RoleInfo (RoleInfo.java:updateAndGet(143)) - d6dfcdd7-fc6e-4b51-b91e-b64503dadc5e: start FollowerState
2019-10-17 21:55:07,218 [Thread-1832] INFO  impl.FollowerState (FollowerState.java:run(108)) - d6dfcdd7-fc6e-4b51-b91e-b64503dadc5e@group-F967393F7C93-FollowerState: change to CANDIDATE, lastRpcTime:145ms, electionTimeout:145ms
2019-10-17 21:55:07,218 [Thread-1832] INFO  impl.RoleInfo (RoleInfo.java:shutdownFollowerState(121)) - d6dfcdd7-fc6e-4b51-b91e-b64503dadc5e: shutdown FollowerState
2019-10-17 21:55:07,218 [Thread-1832] INFO  impl.RaftServerImpl (RaftServerImpl.java:setRole(184)) - d6dfcdd7-fc6e-4b51-b91e-b64503dadc5e@group-F967393F7C93: changes role from  FOLLOWER to CANDIDATE at term 187 for changeToCandidate
2019-10-17 21:55:07,218 [Thread-1832] INFO  impl.RoleInfo (RoleInfo.java:updateAndGet(143)) - d6dfcdd7-fc6e-4b51-b91e-b64503dadc5e: start LeaderElection
2019-10-17 21:55:07,233 [d6dfcdd7-fc6e-4b51-b91e-b64503dadc5e@group-F967393F7C93-LeaderElection192] INFO  impl.LeaderElection (LeaderElection.java:askForVotes(178)) - d6dfcdd7-fc6e-4b51-b91e-b64503dadc5e@group-F967393F7C93-LeaderElection192: begin an election at term 188 for -1: [08d4cbaa-ffed-4411-a5fd-c4a38026aead:192.168.157.223:33910, da15dfee-23f0-4dc4-ad77-c00156c49cfa:192.168.157.223:42172, d6dfcdd7-fc6e-4b51-b91e-b64503dadc5e:192.168.157.223:43575], old=null
2019-10-17 21:55:07,234 [d6dfcdd7-fc6e-4b51-b91e-b64503dadc5e@group-F967393F7C93-LeaderElection192] INFO  impl.LeaderElection (LogUtils.java:infoOrTrace(149)) - d6dfcdd7-fc6e-4b51-b91e-b64503dadc5e@group-F967393F7C93-LeaderElection192 got exception when requesting votes: {}
java.util.concurrent.ExecutionException: org.apache.ratis.thirdparty.io.grpc.StatusRuntimeException: UNAVAILABLE: io exception
	at java.util.concurrent.FutureTask.report(FutureTask.java:122)
	at java.util.concurrent.FutureTask.get(FutureTask.java:192)
	at org.apache.ratis.server.impl.LeaderElection.waitForResults(LeaderElection.java:259)
	at org.apache.ratis.server.impl.LeaderElection.askForVotes(LeaderElection.java:197)
	at org.apache.ratis.server.impl.LeaderElection.run(LeaderElection.java:133)
	at java.lang.Thread.run(Thread.java:748)
Caused by: org.apache.ratis.thirdparty.io.grpc.StatusRuntimeException: UNAVAILABLE: io exception
	at org.apache.ratis.thirdparty.io.grpc.stub.ClientCalls.toStatusRuntimeException(ClientCalls.java:233)
	at org.apache.ratis.thirdparty.io.grpc.stub.ClientCalls.getUnchecked(ClientCalls.java:214)
	at org.apache.ratis.thirdparty.io.grpc.stub.ClientCalls.blockingUnaryCall(ClientCalls.java:139)
	at org.apache.ratis.proto.grpc.RaftServerProtocolServiceGrpc$RaftServerProtocolServiceBlockingStub.requestVote(RaftServerProtocolServiceGrpc.java:265)
	at org.apache.ratis.grpc.server.GrpcServerProtocolClient.requestVote(GrpcServerProtocolClient.java:99)
	at org.apache.ratis.grpc.server.GrpcService.requestVote(GrpcService.java:204)
	at org.apache.ratis.server.impl.LeaderElection.lambda$submitRequests$1(LeaderElection.java:234)
	at java.util.concurrent.FutureTask.run(FutureTask.java:266)
	at java.util.concurrent.Executors$RunnableAdapter.call(Executors.java:511)
	at java.util.concurrent.FutureTask.run(FutureTask.java:266)
	at java.util.concurrent.ThreadPoolExecutor.runWorker(ThreadPoolExecutor.java:1149)
	at java.util.concurrent.ThreadPoolExecutor$Worker.run(ThreadPoolExecutor.java:624)
	... 1 more
Caused by: org.apache.ratis.thirdparty.io.netty.channel.AbstractChannel$AnnotatedConnectException: Connection refused: /192.168.157.223:42172
	at sun.nio.ch.SocketChannelImpl.checkConnect(Native Method)
	at sun.nio.ch.SocketChannelImpl.finishConnect(SocketChannelImpl.java:717)
	at org.apache.ratis.thirdparty.io.netty.channel.socket.nio.NioSocketChannel.doFinishConnect(NioSocketChannel.java:327)
	at org.apache.ratis.thirdparty.io.netty.channel.nio.AbstractNioChannel$AbstractNioUnsafe.finishConnect(AbstractNioChannel.java:340)
	at org.apache.ratis.thirdparty.io.netty.channel.nio.NioEventLoop.processSelectedKey(NioEventLoop.java:632)
	at org.apache.ratis.thirdparty.io.netty.channel.nio.NioEventLoop.processSelectedKeysOptimized(NioEventLoop.java:579)
	at org.apache.ratis.thirdparty.io.netty.channel.nio.NioEventLoop.processSelectedKeys(NioEventLoop.java:496)
	at org.apache.ratis.thirdparty.io.netty.channel.nio.NioEventLoop.run(NioEventLoop.java:458)
	at org.apache.ratis.thirdparty.io.netty.util.concurrent.SingleThreadEventExecutor$5.run(SingleThreadEventExecutor.java:897)
	at org.apache.ratis.thirdparty.io.netty.util.concurrent.FastThreadLocalRunnable.run(FastThreadLocalRunnable.java:30)
	... 1 more
Caused by: java.net.ConnectException: Connection refused
	... 11 more
2019-10-17 21:55:07,242 [grpc-default-executor-1] INFO  impl.RaftServerImpl (RaftServerImpl.java:setRole(184)) - 08d4cbaa-ffed-4411-a5fd-c4a38026aead@group-F967393F7C93: changes role from  FOLLOWER to FOLLOWER at term 188 for recognizeCandidate:d6dfcdd7-fc6e-4b51-b91e-b64503dadc5e
2019-10-17 21:55:07,242 [grpc-default-executor-1] INFO  impl.RoleInfo (RoleInfo.java:shutdownFollowerState(121)) - 08d4cbaa-ffed-4411-a5fd-c4a38026aead: shutdown FollowerState
2019-10-17 21:55:07,242 [grpc-default-executor-1] INFO  impl.RoleInfo (RoleInfo.java:updateAndGet(143)) - 08d4cbaa-ffed-4411-a5fd-c4a38026aead: start FollowerState
2019-10-17 21:55:07,242 [Thread-1831] INFO  impl.FollowerState (FollowerState.java:run(117)) - 08d4cbaa-ffed-4411-a5fd-c4a38026aead@group-F967393F7C93-FollowerState was interrupted: java.lang.InterruptedException: sleep interrupted
2019-10-17 21:55:07,257 [d6dfcdd7-fc6e-4b51-b91e-b64503dadc5e@group-F967393F7C93-LeaderElection192] INFO  impl.LeaderElection (LeaderElection.java:logAndReturn(56)) - d6dfcdd7-fc6e-4b51-b91e-b64503dadc5e@group-F967393F7C93-LeaderElection192: Election REJECTED; received 1 response(s) [d6dfcdd7-fc6e-4b51-b91e-b64503dadc5e<-08d4cbaa-ffed-4411-a5fd-c4a38026aead#0:FAIL-t188] and 1 exception(s); d6dfcdd7-fc6e-4b51-b91e-b64503dadc5e@group-F967393F7C93:t188, leader=null, voted=d6dfcdd7-fc6e-4b51-b91e-b64503dadc5e, raftlog=d6dfcdd7-fc6e-4b51-b91e-b64503dadc5e@group-F967393F7C93-SegmentedRaftLog:OPENED:c-1,f-1,i0, conf=-1: [08d4cbaa-ffed-4411-a5fd-c4a38026aead:192.168.157.223:33910, da15dfee-23f0-4dc4-ad77-c00156c49cfa:192.168.157.223:42172, d6dfcdd7-fc6e-4b51-b91e-b64503dadc5e:192.168.157.223:43575], old=null
2019-10-17 21:55:07,257 [d6dfcdd7-fc6e-4b51-b91e-b64503dadc5e@group-F967393F7C93-LeaderElection192] INFO  impl.LeaderElection (LogUtils.java:infoOrTrace(149)) -   Exception 0: {}
java.util.concurrent.ExecutionException: org.apache.ratis.thirdparty.io.grpc.StatusRuntimeException: UNAVAILABLE: io exception
	at java.util.concurrent.FutureTask.report(FutureTask.java:122)
	at java.util.concurrent.FutureTask.get(FutureTask.java:192)
	at org.apache.ratis.server.impl.LeaderElection.waitForResults(LeaderElection.java:259)
	at org.apache.ratis.server.impl.LeaderElection.askForVotes(LeaderElection.java:197)
	at org.apache.ratis.server.impl.LeaderElection.run(LeaderElection.java:133)
	at java.lang.Thread.run(Thread.java:748)
Caused by: org.apache.ratis.thirdparty.io.grpc.StatusRuntimeException: UNAVAILABLE: io exception
	at org.apache.ratis.thirdparty.io.grpc.stub.ClientCalls.toStatusRuntimeException(ClientCalls.java:233)
	at org.apache.ratis.thirdparty.io.grpc.stub.ClientCalls.getUnchecked(ClientCalls.java:214)
	at org.apache.ratis.thirdparty.io.grpc.stub.ClientCalls.blockingUnaryCall(ClientCalls.java:139)
	at org.apache.ratis.proto.grpc.RaftServerProtocolServiceGrpc$RaftServerProtocolServiceBlockingStub.requestVote(RaftServerProtocolServiceGrpc.java:265)
	at org.apache.ratis.grpc.server.GrpcServerProtocolClient.requestVote(GrpcServerProtocolClient.java:99)
	at org.apache.ratis.grpc.server.GrpcService.requestVote(GrpcService.java:204)
	at org.apache.ratis.server.impl.LeaderElection.lambda$submitRequests$1(LeaderElection.java:234)
	at java.util.concurrent.FutureTask.run(FutureTask.java:266)
	at java.util.concurrent.Executors$RunnableAdapter.call(Executors.java:511)
	at java.util.concurrent.FutureTask.run(FutureTask.java:266)
	at java.util.concurrent.ThreadPoolExecutor.runWorker(ThreadPoolExecutor.java:1149)
	at java.util.concurrent.ThreadPoolExecutor$Worker.run(ThreadPoolExecutor.java:624)
	... 1 more
Caused by: org.apache.ratis.thirdparty.io.netty.channel.AbstractChannel$AnnotatedConnectException: Connection refused: /192.168.157.223:42172
	at sun.nio.ch.SocketChannelImpl.checkConnect(Native Method)
	at sun.nio.ch.SocketChannelImpl.finishConnect(SocketChannelImpl.java:717)
	at org.apache.ratis.thirdparty.io.netty.channel.socket.nio.NioSocketChannel.doFinishConnect(NioSocketChannel.java:327)
	at org.apache.ratis.thirdparty.io.netty.channel.nio.AbstractNioChannel$AbstractNioUnsafe.finishConnect(AbstractNioChannel.java:340)
	at org.apache.ratis.thirdparty.io.netty.channel.nio.NioEventLoop.processSelectedKey(NioEventLoop.java:632)
	at org.apache.ratis.thirdparty.io.netty.channel.nio.NioEventLoop.processSelectedKeysOptimized(NioEventLoop.java:579)
	at org.apache.ratis.thirdparty.io.netty.channel.nio.NioEventLoop.processSelectedKeys(NioEventLoop.java:496)
	at org.apache.ratis.thirdparty.io.netty.channel.nio.NioEventLoop.run(NioEventLoop.java:458)
	at org.apache.ratis.thirdparty.io.netty.util.concurrent.SingleThreadEventExecutor$5.run(SingleThreadEventExecutor.java:897)
	at org.apache.ratis.thirdparty.io.netty.util.concurrent.FastThreadLocalRunnable.run(FastThreadLocalRunnable.java:30)
	... 1 more
Caused by: java.net.ConnectException: Connection refused
	... 11 more
2019-10-17 21:55:07,258 [d6dfcdd7-fc6e-4b51-b91e-b64503dadc5e@group-F967393F7C93-LeaderElection192] INFO  impl.RaftServerImpl (RaftServerImpl.java:setRole(184)) - d6dfcdd7-fc6e-4b51-b91e-b64503dadc5e@group-F967393F7C93: changes role from CANDIDATE to FOLLOWER at term 188 for DISCOVERED_A_NEW_TERM
2019-10-17 21:55:07,258 [d6dfcdd7-fc6e-4b51-b91e-b64503dadc5e@group-F967393F7C93-LeaderElection192] INFO  impl.RoleInfo (RoleInfo.java:shutdownLeaderElection(134)) - d6dfcdd7-fc6e-4b51-b91e-b64503dadc5e: shutdown LeaderElection
2019-10-17 21:55:07,258 [d6dfcdd7-fc6e-4b51-b91e-b64503dadc5e@group-F967393F7C93-LeaderElection192] INFO  impl.RoleInfo (RoleInfo.java:updateAndGet(143)) - d6dfcdd7-fc6e-4b51-b91e-b64503dadc5e: start FollowerState
2019-10-17 21:55:07,271 [java.util.concurrent.ThreadPoolExecutor$Worker@71aa17a1[State = -1, empty queue]] WARN  server.GrpcLogAppender (GrpcLogAppender.java:timeoutAppendRequest(209)) - de567563-d0dd-4cf2-91b7-f72627909699@group-3097D7458558->db0af43e-c62e-4c1d-affa-ffdb4faae2f8-GrpcLogAppender: appendEntries Timeout, request=de567563-d0dd-4cf2-91b7-f72627909699->db0af43e-c62e-4c1d-affa-ffdb4faae2f8#44-t10, previous=(t:10, i:4), leaderCommit=4, initializing? false, entries: <empty>
2019-10-17 21:55:07,285 [Thread-1837] INFO  impl.FollowerState (FollowerState.java:run(108)) - d6dfcdd7-fc6e-4b51-b91e-b64503dadc5e@group-F967393F7C93-FollowerState: change to CANDIDATE, lastRpcTime:27ms, electionTimeout:27ms
2019-10-17 21:55:07,285 [Thread-1837] INFO  impl.RoleInfo (RoleInfo.java:shutdownFollowerState(121)) - d6dfcdd7-fc6e-4b51-b91e-b64503dadc5e: shutdown FollowerState
2019-10-17 21:55:07,286 [Thread-1837] INFO  impl.RaftServerImpl (RaftServerImpl.java:setRole(184)) - d6dfcdd7-fc6e-4b51-b91e-b64503dadc5e@group-F967393F7C93: changes role from  FOLLOWER to CANDIDATE at term 188 for changeToCandidate
2019-10-17 21:55:07,286 [Thread-1837] INFO  impl.RoleInfo (RoleInfo.java:updateAndGet(143)) - d6dfcdd7-fc6e-4b51-b91e-b64503dadc5e: start LeaderElection
2019-10-17 21:55:07,294 [java.util.concurrent.ThreadPoolExecutor$Worker@53372d8e[State = -1, empty queue]] WARN  server.GrpcLogAppender (GrpcLogAppender.java:timeoutAppendRequest(209)) - fff7125c-610a-434d-b194-38800617abc4@group-4FF8CA26B826->c3d1d4b8-f513-489f-ad1a-d9e469eb6c8d-GrpcLogAppender: appendEntries Timeout, request=fff7125c-610a-434d-b194-38800617abc4->c3d1d4b8-f513-489f-ad1a-d9e469eb6c8d#54-t11, previous=(t:11, i:18), leaderCommit=18, initializing? false, entries: <empty>
2019-10-17 21:55:07,299 [d6dfcdd7-fc6e-4b51-b91e-b64503dadc5e@group-F967393F7C93-LeaderElection193] INFO  impl.LeaderElection (LeaderElection.java:askForVotes(178)) - d6dfcdd7-fc6e-4b51-b91e-b64503dadc5e@group-F967393F7C93-LeaderElection193: begin an election at term 189 for -1: [08d4cbaa-ffed-4411-a5fd-c4a38026aead:192.168.157.223:33910, da15dfee-23f0-4dc4-ad77-c00156c49cfa:192.168.157.223:42172, d6dfcdd7-fc6e-4b51-b91e-b64503dadc5e:192.168.157.223:43575], old=null
2019-10-17 21:55:07,300 [d6dfcdd7-fc6e-4b51-b91e-b64503dadc5e@group-F967393F7C93-LeaderElection193] INFO  impl.LeaderElection (LogUtils.java:infoOrTrace(149)) - d6dfcdd7-fc6e-4b51-b91e-b64503dadc5e@group-F967393F7C93-LeaderElection193 got exception when requesting votes: {}
java.util.concurrent.ExecutionException: org.apache.ratis.thirdparty.io.grpc.StatusRuntimeException: UNAVAILABLE: io exception
	at java.util.concurrent.FutureTask.report(FutureTask.java:122)
	at java.util.concurrent.FutureTask.get(FutureTask.java:192)
	at org.apache.ratis.server.impl.LeaderElection.waitForResults(LeaderElection.java:259)
	at org.apache.ratis.server.impl.LeaderElection.askForVotes(LeaderElection.java:197)
	at org.apache.ratis.server.impl.LeaderElection.run(LeaderElection.java:133)
	at java.lang.Thread.run(Thread.java:748)
Caused by: org.apache.ratis.thirdparty.io.grpc.StatusRuntimeException: UNAVAILABLE: io exception
	at org.apache.ratis.thirdparty.io.grpc.stub.ClientCalls.toStatusRuntimeException(ClientCalls.java:233)
	at org.apache.ratis.thirdparty.io.grpc.stub.ClientCalls.getUnchecked(ClientCalls.java:214)
	at org.apache.ratis.thirdparty.io.grpc.stub.ClientCalls.blockingUnaryCall(ClientCalls.java:139)
	at org.apache.ratis.proto.grpc.RaftServerProtocolServiceGrpc$RaftServerProtocolServiceBlockingStub.requestVote(RaftServerProtocolServiceGrpc.java:265)
	at org.apache.ratis.grpc.server.GrpcServerProtocolClient.requestVote(GrpcServerProtocolClient.java:99)
	at org.apache.ratis.grpc.server.GrpcService.requestVote(GrpcService.java:204)
	at org.apache.ratis.server.impl.LeaderElection.lambda$submitRequests$1(LeaderElection.java:234)
	at java.util.concurrent.FutureTask.run(FutureTask.java:266)
	at java.util.concurrent.Executors$RunnableAdapter.call(Executors.java:511)
	at java.util.concurrent.FutureTask.run(FutureTask.java:266)
	at java.util.concurrent.ThreadPoolExecutor.runWorker(ThreadPoolExecutor.java:1149)
	at java.util.concurrent.ThreadPoolExecutor$Worker.run(ThreadPoolExecutor.java:624)
	... 1 more
Caused by: org.apache.ratis.thirdparty.io.netty.channel.AbstractChannel$AnnotatedConnectException: Connection refused: /192.168.157.223:42172
	at sun.nio.ch.SocketChannelImpl.checkConnect(Native Method)
	at sun.nio.ch.SocketChannelImpl.finishConnect(SocketChannelImpl.java:717)
	at org.apache.ratis.thirdparty.io.netty.channel.socket.nio.NioSocketChannel.doFinishConnect(NioSocketChannel.java:327)
	at org.apache.ratis.thirdparty.io.netty.channel.nio.AbstractNioChannel$AbstractNioUnsafe.finishConnect(AbstractNioChannel.java:340)
	at org.apache.ratis.thirdparty.io.netty.channel.nio.NioEventLoop.processSelectedKey(NioEventLoop.java:632)
	at org.apache.ratis.thirdparty.io.netty.channel.nio.NioEventLoop.processSelectedKeysOptimized(NioEventLoop.java:579)
	at org.apache.ratis.thirdparty.io.netty.channel.nio.NioEventLoop.processSelectedKeys(NioEventLoop.java:496)
	at org.apache.ratis.thirdparty.io.netty.channel.nio.NioEventLoop.run(NioEventLoop.java:458)
	at org.apache.ratis.thirdparty.io.netty.util.concurrent.SingleThreadEventExecutor$5.run(SingleThreadEventExecutor.java:897)
	at org.apache.ratis.thirdparty.io.netty.util.concurrent.FastThreadLocalRunnable.run(FastThreadLocalRunnable.java:30)
	... 1 more
Caused by: java.net.ConnectException: Connection refused
	... 11 more
2019-10-17 21:55:07,303 [grpc-default-executor-1] INFO  impl.RaftServerImpl (RaftServerImpl.java:setRole(184)) - 08d4cbaa-ffed-4411-a5fd-c4a38026aead@group-F967393F7C93: changes role from  FOLLOWER to FOLLOWER at term 189 for recognizeCandidate:d6dfcdd7-fc6e-4b51-b91e-b64503dadc5e
2019-10-17 21:55:07,303 [grpc-default-executor-1] INFO  impl.RoleInfo (RoleInfo.java:shutdownFollowerState(121)) - 08d4cbaa-ffed-4411-a5fd-c4a38026aead: shutdown FollowerState
2019-10-17 21:55:07,303 [grpc-default-executor-1] INFO  impl.RoleInfo (RoleInfo.java:updateAndGet(143)) - 08d4cbaa-ffed-4411-a5fd-c4a38026aead: start FollowerState
2019-10-17 21:55:07,303 [Thread-1836] INFO  impl.FollowerState (FollowerState.java:run(117)) - 08d4cbaa-ffed-4411-a5fd-c4a38026aead@group-F967393F7C93-FollowerState was interrupted: java.lang.InterruptedException: sleep interrupted
2019-10-17 21:55:07,314 [d6dfcdd7-fc6e-4b51-b91e-b64503dadc5e@group-F967393F7C93-LeaderElection193] INFO  impl.LeaderElection (LeaderElection.java:logAndReturn(56)) - d6dfcdd7-fc6e-4b51-b91e-b64503dadc5e@group-F967393F7C93-LeaderElection193: Election REJECTED; received 1 response(s) [d6dfcdd7-fc6e-4b51-b91e-b64503dadc5e<-08d4cbaa-ffed-4411-a5fd-c4a38026aead#0:FAIL-t189] and 1 exception(s); d6dfcdd7-fc6e-4b51-b91e-b64503dadc5e@group-F967393F7C93:t189, leader=null, voted=d6dfcdd7-fc6e-4b51-b91e-b64503dadc5e, raftlog=d6dfcdd7-fc6e-4b51-b91e-b64503dadc5e@group-F967393F7C93-SegmentedRaftLog:OPENED:c-1,f-1,i0, conf=-1: [08d4cbaa-ffed-4411-a5fd-c4a38026aead:192.168.157.223:33910, da15dfee-23f0-4dc4-ad77-c00156c49cfa:192.168.157.223:42172, d6dfcdd7-fc6e-4b51-b91e-b64503dadc5e:192.168.157.223:43575], old=null
2019-10-17 21:55:07,314 [d6dfcdd7-fc6e-4b51-b91e-b64503dadc5e@group-F967393F7C93-LeaderElection193] INFO  impl.LeaderElection (LogUtils.java:infoOrTrace(149)) -   Exception 0: {}
java.util.concurrent.ExecutionException: org.apache.ratis.thirdparty.io.grpc.StatusRuntimeException: UNAVAILABLE: io exception
	at java.util.concurrent.FutureTask.report(FutureTask.java:122)
	at java.util.concurrent.FutureTask.get(FutureTask.java:192)
	at org.apache.ratis.server.impl.LeaderElection.waitForResults(LeaderElection.java:259)
	at org.apache.ratis.server.impl.LeaderElection.askForVotes(LeaderElection.java:197)
	at org.apache.ratis.server.impl.LeaderElection.run(LeaderElection.java:133)
	at java.lang.Thread.run(Thread.java:748)
Caused by: org.apache.ratis.thirdparty.io.grpc.StatusRuntimeException: UNAVAILABLE: io exception
	at org.apache.ratis.thirdparty.io.grpc.stub.ClientCalls.toStatusRuntimeException(ClientCalls.java:233)
	at org.apache.ratis.thirdparty.io.grpc.stub.ClientCalls.getUnchecked(ClientCalls.java:214)
	at org.apache.ratis.thirdparty.io.grpc.stub.ClientCalls.blockingUnaryCall(ClientCalls.java:139)
	at org.apache.ratis.proto.grpc.RaftServerProtocolServiceGrpc$RaftServerProtocolServiceBlockingStub.requestVote(RaftServerProtocolServiceGrpc.java:265)
	at org.apache.ratis.grpc.server.GrpcServerProtocolClient.requestVote(GrpcServerProtocolClient.java:99)
	at org.apache.ratis.grpc.server.GrpcService.requestVote(GrpcService.java:204)
	at org.apache.ratis.server.impl.LeaderElection.lambda$submitRequests$1(LeaderElection.java:234)
	at java.util.concurrent.FutureTask.run(FutureTask.java:266)
	at java.util.concurrent.Executors$RunnableAdapter.call(Executors.java:511)
	at java.util.concurrent.FutureTask.run(FutureTask.java:266)
	at java.util.concurrent.ThreadPoolExecutor.runWorker(ThreadPoolExecutor.java:1149)
	at java.util.concurrent.ThreadPoolExecutor$Worker.run(ThreadPoolExecutor.java:624)
	... 1 more
Caused by: org.apache.ratis.thirdparty.io.netty.channel.AbstractChannel$AnnotatedConnectException: Connection refused: /192.168.157.223:42172
	at sun.nio.ch.SocketChannelImpl.checkConnect(Native Method)
	at sun.nio.ch.SocketChannelImpl.finishConnect(SocketChannelImpl.java:717)
	at org.apache.ratis.thirdparty.io.netty.channel.socket.nio.NioSocketChannel.doFinishConnect(NioSocketChannel.java:327)
	at org.apache.ratis.thirdparty.io.netty.channel.nio.AbstractNioChannel$AbstractNioUnsafe.finishConnect(AbstractNioChannel.java:340)
	at org.apache.ratis.thirdparty.io.netty.channel.nio.NioEventLoop.processSelectedKey(NioEventLoop.java:632)
	at org.apache.ratis.thirdparty.io.netty.channel.nio.NioEventLoop.processSelectedKeysOptimized(NioEventLoop.java:579)
	at org.apache.ratis.thirdparty.io.netty.channel.nio.NioEventLoop.processSelectedKeys(NioEventLoop.java:496)
	at org.apache.ratis.thirdparty.io.netty.channel.nio.NioEventLoop.run(NioEventLoop.java:458)
	at org.apache.ratis.thirdparty.io.netty.util.concurrent.SingleThreadEventExecutor$5.run(SingleThreadEventExecutor.java:897)
	at org.apache.ratis.thirdparty.io.netty.util.concurrent.FastThreadLocalRunnable.run(FastThreadLocalRunnable.java:30)
	... 1 more
Caused by: java.net.ConnectException: Connection refused
	... 11 more
2019-10-17 21:55:07,314 [d6dfcdd7-fc6e-4b51-b91e-b64503dadc5e@group-F967393F7C93-LeaderElection193] INFO  impl.RaftServerImpl (RaftServerImpl.java:setRole(184)) - d6dfcdd7-fc6e-4b51-b91e-b64503dadc5e@group-F967393F7C93: changes role from CANDIDATE to FOLLOWER at term 189 for DISCOVERED_A_NEW_TERM
2019-10-17 21:55:07,314 [d6dfcdd7-fc6e-4b51-b91e-b64503dadc5e@group-F967393F7C93-LeaderElection193] INFO  impl.RoleInfo (RoleInfo.java:shutdownLeaderElection(134)) - d6dfcdd7-fc6e-4b51-b91e-b64503dadc5e: shutdown LeaderElection
2019-10-17 21:55:07,315 [d6dfcdd7-fc6e-4b51-b91e-b64503dadc5e@group-F967393F7C93-LeaderElection193] INFO  impl.RoleInfo (RoleInfo.java:updateAndGet(143)) - d6dfcdd7-fc6e-4b51-b91e-b64503dadc5e: start FollowerState
2019-10-17 21:55:07,385 [Thread-1843] INFO  impl.FollowerState (FollowerState.java:run(108)) - d6dfcdd7-fc6e-4b51-b91e-b64503dadc5e@group-F967393F7C93-FollowerState: change to CANDIDATE, lastRpcTime:70ms, electionTimeout:70ms
2019-10-17 21:55:07,385 [Thread-1843] INFO  impl.RoleInfo (RoleInfo.java:shutdownFollowerState(121)) - d6dfcdd7-fc6e-4b51-b91e-b64503dadc5e: shutdown FollowerState
2019-10-17 21:55:07,385 [Thread-1843] INFO  impl.RaftServerImpl (RaftServerImpl.java:setRole(184)) - d6dfcdd7-fc6e-4b51-b91e-b64503dadc5e@group-F967393F7C93: changes role from  FOLLOWER to CANDIDATE at term 189 for changeToCandidate
2019-10-17 21:55:07,385 [Thread-1843] INFO  impl.RoleInfo (RoleInfo.java:updateAndGet(143)) - d6dfcdd7-fc6e-4b51-b91e-b64503dadc5e: start LeaderElection
2019-10-17 21:55:07,399 [d6dfcdd7-fc6e-4b51-b91e-b64503dadc5e@group-F967393F7C93-LeaderElection194] INFO  impl.LeaderElection (LeaderElection.java:askForVotes(178)) - d6dfcdd7-fc6e-4b51-b91e-b64503dadc5e@group-F967393F7C93-LeaderElection194: begin an election at term 190 for -1: [08d4cbaa-ffed-4411-a5fd-c4a38026aead:192.168.157.223:33910, da15dfee-23f0-4dc4-ad77-c00156c49cfa:192.168.157.223:42172, d6dfcdd7-fc6e-4b51-b91e-b64503dadc5e:192.168.157.223:43575], old=null
2019-10-17 21:55:07,400 [d6dfcdd7-fc6e-4b51-b91e-b64503dadc5e@group-F967393F7C93-LeaderElection194] INFO  impl.LeaderElection (LogUtils.java:infoOrTrace(149)) - d6dfcdd7-fc6e-4b51-b91e-b64503dadc5e@group-F967393F7C93-LeaderElection194 got exception when requesting votes: {}
java.util.concurrent.ExecutionException: org.apache.ratis.thirdparty.io.grpc.StatusRuntimeException: UNAVAILABLE: io exception
	at java.util.concurrent.FutureTask.report(FutureTask.java:122)
	at java.util.concurrent.FutureTask.get(FutureTask.java:192)
	at org.apache.ratis.server.impl.LeaderElection.waitForResults(LeaderElection.java:259)
	at org.apache.ratis.server.impl.LeaderElection.askForVotes(LeaderElection.java:197)
	at org.apache.ratis.server.impl.LeaderElection.run(LeaderElection.java:133)
	at java.lang.Thread.run(Thread.java:748)
Caused by: org.apache.ratis.thirdparty.io.grpc.StatusRuntimeException: UNAVAILABLE: io exception
	at org.apache.ratis.thirdparty.io.grpc.stub.ClientCalls.toStatusRuntimeException(ClientCalls.java:233)
	at org.apache.ratis.thirdparty.io.grpc.stub.ClientCalls.getUnchecked(ClientCalls.java:214)
	at org.apache.ratis.thirdparty.io.grpc.stub.ClientCalls.blockingUnaryCall(ClientCalls.java:139)
	at org.apache.ratis.proto.grpc.RaftServerProtocolServiceGrpc$RaftServerProtocolServiceBlockingStub.requestVote(RaftServerProtocolServiceGrpc.java:265)
	at org.apache.ratis.grpc.server.GrpcServerProtocolClient.requestVote(GrpcServerProtocolClient.java:99)
	at org.apache.ratis.grpc.server.GrpcService.requestVote(GrpcService.java:204)
	at org.apache.ratis.server.impl.LeaderElection.lambda$submitRequests$1(LeaderElection.java:234)
	at java.util.concurrent.FutureTask.run(FutureTask.java:266)
	at java.util.concurrent.Executors$RunnableAdapter.call(Executors.java:511)
	at java.util.concurrent.FutureTask.run(FutureTask.java:266)
	at java.util.concurrent.ThreadPoolExecutor.runWorker(ThreadPoolExecutor.java:1149)
	at java.util.concurrent.ThreadPoolExecutor$Worker.run(ThreadPoolExecutor.java:624)
	... 1 more
Caused by: org.apache.ratis.thirdparty.io.netty.channel.AbstractChannel$AnnotatedConnectException: Connection refused: /192.168.157.223:42172
	at sun.nio.ch.SocketChannelImpl.checkConnect(Native Method)
	at sun.nio.ch.SocketChannelImpl.finishConnect(SocketChannelImpl.java:717)
	at org.apache.ratis.thirdparty.io.netty.channel.socket.nio.NioSocketChannel.doFinishConnect(NioSocketChannel.java:327)
	at org.apache.ratis.thirdparty.io.netty.channel.nio.AbstractNioChannel$AbstractNioUnsafe.finishConnect(AbstractNioChannel.java:340)
	at org.apache.ratis.thirdparty.io.netty.channel.nio.NioEventLoop.processSelectedKey(NioEventLoop.java:632)
	at org.apache.ratis.thirdparty.io.netty.channel.nio.NioEventLoop.processSelectedKeysOptimized(NioEventLoop.java:579)
	at org.apache.ratis.thirdparty.io.netty.channel.nio.NioEventLoop.processSelectedKeys(NioEventLoop.java:496)
	at org.apache.ratis.thirdparty.io.netty.channel.nio.NioEventLoop.run(NioEventLoop.java:458)
	at org.apache.ratis.thirdparty.io.netty.util.concurrent.SingleThreadEventExecutor$5.run(SingleThreadEventExecutor.java:897)
	at org.apache.ratis.thirdparty.io.netty.util.concurrent.FastThreadLocalRunnable.run(FastThreadLocalRunnable.java:30)
	... 1 more
Caused by: java.net.ConnectException: Connection refused
	... 11 more
2019-10-17 21:55:07,400 [grpc-default-executor-1] INFO  impl.RaftServerImpl (RaftServerImpl.java:setRole(184)) - 08d4cbaa-ffed-4411-a5fd-c4a38026aead@group-F967393F7C93: changes role from  FOLLOWER to FOLLOWER at term 190 for recognizeCandidate:d6dfcdd7-fc6e-4b51-b91e-b64503dadc5e
2019-10-17 21:55:07,402 [grpc-default-executor-1] INFO  impl.RoleInfo (RoleInfo.java:shutdownFollowerState(121)) - 08d4cbaa-ffed-4411-a5fd-c4a38026aead: shutdown FollowerState
2019-10-17 21:55:07,402 [grpc-default-executor-1] INFO  impl.RoleInfo (RoleInfo.java:updateAndGet(143)) - 08d4cbaa-ffed-4411-a5fd-c4a38026aead: start FollowerState
2019-10-17 21:55:07,403 [Thread-1841] INFO  impl.FollowerState (FollowerState.java:run(117)) - 08d4cbaa-ffed-4411-a5fd-c4a38026aead@group-F967393F7C93-FollowerState was interrupted: java.lang.InterruptedException: sleep interrupted
2019-10-17 21:55:07,416 [d6dfcdd7-fc6e-4b51-b91e-b64503dadc5e@group-F967393F7C93-LeaderElection194] INFO  impl.LeaderElection (LeaderElection.java:logAndReturn(56)) - d6dfcdd7-fc6e-4b51-b91e-b64503dadc5e@group-F967393F7C93-LeaderElection194: Election REJECTED; received 1 response(s) [d6dfcdd7-fc6e-4b51-b91e-b64503dadc5e<-08d4cbaa-ffed-4411-a5fd-c4a38026aead#0:FAIL-t190] and 1 exception(s); d6dfcdd7-fc6e-4b51-b91e-b64503dadc5e@group-F967393F7C93:t190, leader=null, voted=d6dfcdd7-fc6e-4b51-b91e-b64503dadc5e, raftlog=d6dfcdd7-fc6e-4b51-b91e-b64503dadc5e@group-F967393F7C93-SegmentedRaftLog:OPENED:c-1,f-1,i0, conf=-1: [08d4cbaa-ffed-4411-a5fd-c4a38026aead:192.168.157.223:33910, da15dfee-23f0-4dc4-ad77-c00156c49cfa:192.168.157.223:42172, d6dfcdd7-fc6e-4b51-b91e-b64503dadc5e:192.168.157.223:43575], old=null
2019-10-17 21:55:07,416 [d6dfcdd7-fc6e-4b51-b91e-b64503dadc5e@group-F967393F7C93-LeaderElection194] INFO  impl.LeaderElection (LogUtils.java:infoOrTrace(149)) -   Exception 0: {}
java.util.concurrent.ExecutionException: org.apache.ratis.thirdparty.io.grpc.StatusRuntimeException: UNAVAILABLE: io exception
	at java.util.concurrent.FutureTask.report(FutureTask.java:122)
	at java.util.concurrent.FutureTask.get(FutureTask.java:192)
	at org.apache.ratis.server.impl.LeaderElection.waitForResults(LeaderElection.java:259)
	at org.apache.ratis.server.impl.LeaderElection.askForVotes(LeaderElection.java:197)
	at org.apache.ratis.server.impl.LeaderElection.run(LeaderElection.java:133)
	at java.lang.Thread.run(Thread.java:748)
Caused by: org.apache.ratis.thirdparty.io.grpc.StatusRuntimeException: UNAVAILABLE: io exception
	at org.apache.ratis.thirdparty.io.grpc.stub.ClientCalls.toStatusRuntimeException(ClientCalls.java:233)
	at org.apache.ratis.thirdparty.io.grpc.stub.ClientCalls.getUnchecked(ClientCalls.java:214)
	at org.apache.ratis.thirdparty.io.grpc.stub.ClientCalls.blockingUnaryCall(ClientCalls.java:139)
	at org.apache.ratis.proto.grpc.RaftServerProtocolServiceGrpc$RaftServerProtocolServiceBlockingStub.requestVote(RaftServerProtocolServiceGrpc.java:265)
	at org.apache.ratis.grpc.server.GrpcServerProtocolClient.requestVote(GrpcServerProtocolClient.java:99)
	at org.apache.ratis.grpc.server.GrpcService.requestVote(GrpcService.java:204)
	at org.apache.ratis.server.impl.LeaderElection.lambda$submitRequests$1(LeaderElection.java:234)
	at java.util.concurrent.FutureTask.run(FutureTask.java:266)
	at java.util.concurrent.Executors$RunnableAdapter.call(Executors.java:511)
	at java.util.concurrent.FutureTask.run(FutureTask.java:266)
	at java.util.concurrent.ThreadPoolExecutor.runWorker(ThreadPoolExecutor.java:1149)
	at java.util.concurrent.ThreadPoolExecutor$Worker.run(ThreadPoolExecutor.java:624)
	... 1 more
Caused by: org.apache.ratis.thirdparty.io.netty.channel.AbstractChannel$AnnotatedConnectException: Connection refused: /192.168.157.223:42172
	at sun.nio.ch.SocketChannelImpl.checkConnect(Native Method)
	at sun.nio.ch.SocketChannelImpl.finishConnect(SocketChannelImpl.java:717)
	at org.apache.ratis.thirdparty.io.netty.channel.socket.nio.NioSocketChannel.doFinishConnect(NioSocketChannel.java:327)
	at org.apache.ratis.thirdparty.io.netty.channel.nio.AbstractNioChannel$AbstractNioUnsafe.finishConnect(AbstractNioChannel.java:340)
	at org.apache.ratis.thirdparty.io.netty.channel.nio.NioEventLoop.processSelectedKey(NioEventLoop.java:632)
	at org.apache.ratis.thirdparty.io.netty.channel.nio.NioEventLoop.processSelectedKeysOptimized(NioEventLoop.java:579)
	at org.apache.ratis.thirdparty.io.netty.channel.nio.NioEventLoop.processSelectedKeys(NioEventLoop.java:496)
	at org.apache.ratis.thirdparty.io.netty.channel.nio.NioEventLoop.run(NioEventLoop.java:458)
	at org.apache.ratis.thirdparty.io.netty.util.concurrent.SingleThreadEventExecutor$5.run(SingleThreadEventExecutor.java:897)
	at org.apache.ratis.thirdparty.io.netty.util.concurrent.FastThreadLocalRunnable.run(FastThreadLocalRunnable.java:30)
	... 1 more
Caused by: java.net.ConnectException: Connection refused
	... 11 more
2019-10-17 21:55:07,417 [d6dfcdd7-fc6e-4b51-b91e-b64503dadc5e@group-F967393F7C93-LeaderElection194] INFO  impl.RaftServerImpl (RaftServerImpl.java:setRole(184)) - d6dfcdd7-fc6e-4b51-b91e-b64503dadc5e@group-F967393F7C93: changes role from CANDIDATE to FOLLOWER at term 190 for DISCOVERED_A_NEW_TERM
2019-10-17 21:55:07,417 [d6dfcdd7-fc6e-4b51-b91e-b64503dadc5e@group-F967393F7C93-LeaderElection194] INFO  impl.RoleInfo (RoleInfo.java:shutdownLeaderElection(134)) - d6dfcdd7-fc6e-4b51-b91e-b64503dadc5e: shutdown LeaderElection
2019-10-17 21:55:07,417 [d6dfcdd7-fc6e-4b51-b91e-b64503dadc5e@group-F967393F7C93-LeaderElection194] INFO  impl.RoleInfo (RoleInfo.java:updateAndGet(143)) - d6dfcdd7-fc6e-4b51-b91e-b64503dadc5e: start FollowerState
2019-10-17 21:55:07,458 [Thread-1848] INFO  impl.FollowerState (FollowerState.java:run(108)) - d6dfcdd7-fc6e-4b51-b91e-b64503dadc5e@group-F967393F7C93-FollowerState: change to CANDIDATE, lastRpcTime:40ms, electionTimeout:40ms
2019-10-17 21:55:07,458 [Thread-1848] INFO  impl.RoleInfo (RoleInfo.java:shutdownFollowerState(121)) - d6dfcdd7-fc6e-4b51-b91e-b64503dadc5e: shutdown FollowerState
2019-10-17 21:55:07,458 [Thread-1848] INFO  impl.RaftServerImpl (RaftServerImpl.java:setRole(184)) - d6dfcdd7-fc6e-4b51-b91e-b64503dadc5e@group-F967393F7C93: changes role from  FOLLOWER to CANDIDATE at term 190 for changeToCandidate
2019-10-17 21:55:07,458 [Thread-1848] INFO  impl.RoleInfo (RoleInfo.java:updateAndGet(143)) - d6dfcdd7-fc6e-4b51-b91e-b64503dadc5e: start LeaderElection
2019-10-17 21:55:07,471 [d6dfcdd7-fc6e-4b51-b91e-b64503dadc5e@group-F967393F7C93-LeaderElection195] INFO  impl.LeaderElection (LeaderElection.java:askForVotes(178)) - d6dfcdd7-fc6e-4b51-b91e-b64503dadc5e@group-F967393F7C93-LeaderElection195: begin an election at term 191 for -1: [08d4cbaa-ffed-4411-a5fd-c4a38026aead:192.168.157.223:33910, da15dfee-23f0-4dc4-ad77-c00156c49cfa:192.168.157.223:42172, d6dfcdd7-fc6e-4b51-b91e-b64503dadc5e:192.168.157.223:43575], old=null
2019-10-17 21:55:07,472 [d6dfcdd7-fc6e-4b51-b91e-b64503dadc5e@group-F967393F7C93-LeaderElection195] INFO  impl.LeaderElection (LogUtils.java:infoOrTrace(149)) - d6dfcdd7-fc6e-4b51-b91e-b64503dadc5e@group-F967393F7C93-LeaderElection195 got exception when requesting votes: {}
java.util.concurrent.ExecutionException: org.apache.ratis.thirdparty.io.grpc.StatusRuntimeException: UNAVAILABLE: io exception
	at java.util.concurrent.FutureTask.report(FutureTask.java:122)
	at java.util.concurrent.FutureTask.get(FutureTask.java:192)
	at org.apache.ratis.server.impl.LeaderElection.waitForResults(LeaderElection.java:259)
	at org.apache.ratis.server.impl.LeaderElection.askForVotes(LeaderElection.java:197)
	at org.apache.ratis.server.impl.LeaderElection.run(LeaderElection.java:133)
	at java.lang.Thread.run(Thread.java:748)
Caused by: org.apache.ratis.thirdparty.io.grpc.StatusRuntimeException: UNAVAILABLE: io exception
	at org.apache.ratis.thirdparty.io.grpc.stub.ClientCalls.toStatusRuntimeException(ClientCalls.java:233)
	at org.apache.ratis.thirdparty.io.grpc.stub.ClientCalls.getUnchecked(ClientCalls.java:214)
	at org.apache.ratis.thirdparty.io.grpc.stub.ClientCalls.blockingUnaryCall(ClientCalls.java:139)
	at org.apache.ratis.proto.grpc.RaftServerProtocolServiceGrpc$RaftServerProtocolServiceBlockingStub.requestVote(RaftServerProtocolServiceGrpc.java:265)
	at org.apache.ratis.grpc.server.GrpcServerProtocolClient.requestVote(GrpcServerProtocolClient.java:99)
	at org.apache.ratis.grpc.server.GrpcService.requestVote(GrpcService.java:204)
	at org.apache.ratis.server.impl.LeaderElection.lambda$submitRequests$1(LeaderElection.java:234)
	at java.util.concurrent.FutureTask.run(FutureTask.java:266)
	at java.util.concurrent.Executors$RunnableAdapter.call(Executors.java:511)
	at java.util.concurrent.FutureTask.run(FutureTask.java:266)
	at java.util.concurrent.ThreadPoolExecutor.runWorker(ThreadPoolExecutor.java:1149)
	at java.util.concurrent.ThreadPoolExecutor$Worker.run(ThreadPoolExecutor.java:624)
	... 1 more
Caused by: org.apache.ratis.thirdparty.io.netty.channel.AbstractChannel$AnnotatedConnectException: Connection refused: /192.168.157.223:42172
	at sun.nio.ch.SocketChannelImpl.checkConnect(Native Method)
	at sun.nio.ch.SocketChannelImpl.finishConnect(SocketChannelImpl.java:717)
	at org.apache.ratis.thirdparty.io.netty.channel.socket.nio.NioSocketChannel.doFinishConnect(NioSocketChannel.java:327)
	at org.apache.ratis.thirdparty.io.netty.channel.nio.AbstractNioChannel$AbstractNioUnsafe.finishConnect(AbstractNioChannel.java:340)
	at org.apache.ratis.thirdparty.io.netty.channel.nio.NioEventLoop.processSelectedKey(NioEventLoop.java:632)
	at org.apache.ratis.thirdparty.io.netty.channel.nio.NioEventLoop.processSelectedKeysOptimized(NioEventLoop.java:579)
	at org.apache.ratis.thirdparty.io.netty.channel.nio.NioEventLoop.processSelectedKeys(NioEventLoop.java:496)
	at org.apache.ratis.thirdparty.io.netty.channel.nio.NioEventLoop.run(NioEventLoop.java:458)
	at org.apache.ratis.thirdparty.io.netty.util.concurrent.SingleThreadEventExecutor$5.run(SingleThreadEventExecutor.java:897)
	at org.apache.ratis.thirdparty.io.netty.util.concurrent.FastThreadLocalRunnable.run(FastThreadLocalRunnable.java:30)
	... 1 more
Caused by: java.net.ConnectException: Connection refused
	... 11 more
2019-10-17 21:55:07,474 [grpc-default-executor-1] INFO  impl.RaftServerImpl (RaftServerImpl.java:setRole(184)) - 08d4cbaa-ffed-4411-a5fd-c4a38026aead@group-F967393F7C93: changes role from  FOLLOWER to FOLLOWER at term 191 for recognizeCandidate:d6dfcdd7-fc6e-4b51-b91e-b64503dadc5e
2019-10-17 21:55:07,475 [grpc-default-executor-1] INFO  impl.RoleInfo (RoleInfo.java:shutdownFollowerState(121)) - 08d4cbaa-ffed-4411-a5fd-c4a38026aead: shutdown FollowerState
2019-10-17 21:55:07,475 [grpc-default-executor-1] INFO  impl.RoleInfo (RoleInfo.java:updateAndGet(143)) - 08d4cbaa-ffed-4411-a5fd-c4a38026aead: start FollowerState
2019-10-17 21:55:07,475 [Thread-1847] INFO  impl.FollowerState (FollowerState.java:run(117)) - 08d4cbaa-ffed-4411-a5fd-c4a38026aead@group-F967393F7C93-FollowerState was interrupted: java.lang.InterruptedException: sleep interrupted
2019-10-17 21:55:07,488 [d6dfcdd7-fc6e-4b51-b91e-b64503dadc5e@group-F967393F7C93-LeaderElection195] INFO  impl.LeaderElection (LeaderElection.java:logAndReturn(56)) - d6dfcdd7-fc6e-4b51-b91e-b64503dadc5e@group-F967393F7C93-LeaderElection195: Election REJECTED; received 1 response(s) [d6dfcdd7-fc6e-4b51-b91e-b64503dadc5e<-08d4cbaa-ffed-4411-a5fd-c4a38026aead#0:FAIL-t191] and 1 exception(s); d6dfcdd7-fc6e-4b51-b91e-b64503dadc5e@group-F967393F7C93:t191, leader=null, voted=d6dfcdd7-fc6e-4b51-b91e-b64503dadc5e, raftlog=d6dfcdd7-fc6e-4b51-b91e-b64503dadc5e@group-F967393F7C93-SegmentedRaftLog:OPENED:c-1,f-1,i0, conf=-1: [08d4cbaa-ffed-4411-a5fd-c4a38026aead:192.168.157.223:33910, da15dfee-23f0-4dc4-ad77-c00156c49cfa:192.168.157.223:42172, d6dfcdd7-fc6e-4b51-b91e-b64503dadc5e:192.168.157.223:43575], old=null
2019-10-17 21:55:07,488 [d6dfcdd7-fc6e-4b51-b91e-b64503dadc5e@group-F967393F7C93-LeaderElection195] INFO  impl.LeaderElection (LogUtils.java:infoOrTrace(149)) -   Exception 0: {}
java.util.concurrent.ExecutionException: org.apache.ratis.thirdparty.io.grpc.StatusRuntimeException: UNAVAILABLE: io exception
	at java.util.concurrent.FutureTask.report(FutureTask.java:122)
	at java.util.concurrent.FutureTask.get(FutureTask.java:192)
	at org.apache.ratis.server.impl.LeaderElection.waitForResults(LeaderElection.java:259)
	at org.apache.ratis.server.impl.LeaderElection.askForVotes(LeaderElection.java:197)
	at org.apache.ratis.server.impl.LeaderElection.run(LeaderElection.java:133)
	at java.lang.Thread.run(Thread.java:748)
Caused by: org.apache.ratis.thirdparty.io.grpc.StatusRuntimeException: UNAVAILABLE: io exception
	at org.apache.ratis.thirdparty.io.grpc.stub.ClientCalls.toStatusRuntimeException(ClientCalls.java:233)
	at org.apache.ratis.thirdparty.io.grpc.stub.ClientCalls.getUnchecked(ClientCalls.java:214)
	at org.apache.ratis.thirdparty.io.grpc.stub.ClientCalls.blockingUnaryCall(ClientCalls.java:139)
	at org.apache.ratis.proto.grpc.RaftServerProtocolServiceGrpc$RaftServerProtocolServiceBlockingStub.requestVote(RaftServerProtocolServiceGrpc.java:265)
	at org.apache.ratis.grpc.server.GrpcServerProtocolClient.requestVote(GrpcServerProtocolClient.java:99)
	at org.apache.ratis.grpc.server.GrpcService.requestVote(GrpcService.java:204)
	at org.apache.ratis.server.impl.LeaderElection.lambda$submitRequests$1(LeaderElection.java:234)
	at java.util.concurrent.FutureTask.run(FutureTask.java:266)
	at java.util.concurrent.Executors$RunnableAdapter.call(Executors.java:511)
	at java.util.concurrent.FutureTask.run(FutureTask.java:266)
	at java.util.concurrent.ThreadPoolExecutor.runWorker(ThreadPoolExecutor.java:1149)
	at java.util.concurrent.ThreadPoolExecutor$Worker.run(ThreadPoolExecutor.java:624)
	... 1 more
Caused by: org.apache.ratis.thirdparty.io.netty.channel.AbstractChannel$AnnotatedConnectException: Connection refused: /192.168.157.223:42172
	at sun.nio.ch.SocketChannelImpl.checkConnect(Native Method)
	at sun.nio.ch.SocketChannelImpl.finishConnect(SocketChannelImpl.java:717)
	at org.apache.ratis.thirdparty.io.netty.channel.socket.nio.NioSocketChannel.doFinishConnect(NioSocketChannel.java:327)
	at org.apache.ratis.thirdparty.io.netty.channel.nio.AbstractNioChannel$AbstractNioUnsafe.finishConnect(AbstractNioChannel.java:340)
	at org.apache.ratis.thirdparty.io.netty.channel.nio.NioEventLoop.processSelectedKey(NioEventLoop.java:632)
	at org.apache.ratis.thirdparty.io.netty.channel.nio.NioEventLoop.processSelectedKeysOptimized(NioEventLoop.java:579)
	at org.apache.ratis.thirdparty.io.netty.channel.nio.NioEventLoop.processSelectedKeys(NioEventLoop.java:496)
	at org.apache.ratis.thirdparty.io.netty.channel.nio.NioEventLoop.run(NioEventLoop.java:458)
	at org.apache.ratis.thirdparty.io.netty.util.concurrent.SingleThreadEventExecutor$5.run(SingleThreadEventExecutor.java:897)
	at org.apache.ratis.thirdparty.io.netty.util.concurrent.FastThreadLocalRunnable.run(FastThreadLocalRunnable.java:30)
	... 1 more
Caused by: java.net.ConnectException: Connection refused
	... 11 more
2019-10-17 21:55:07,489 [d6dfcdd7-fc6e-4b51-b91e-b64503dadc5e@group-F967393F7C93-LeaderElection195] INFO  impl.RaftServerImpl (RaftServerImpl.java:setRole(184)) - d6dfcdd7-fc6e-4b51-b91e-b64503dadc5e@group-F967393F7C93: changes role from CANDIDATE to FOLLOWER at term 191 for DISCOVERED_A_NEW_TERM
2019-10-17 21:55:07,489 [d6dfcdd7-fc6e-4b51-b91e-b64503dadc5e@group-F967393F7C93-LeaderElection195] INFO  impl.RoleInfo (RoleInfo.java:shutdownLeaderElection(134)) - d6dfcdd7-fc6e-4b51-b91e-b64503dadc5e: shutdown LeaderElection
2019-10-17 21:55:07,489 [d6dfcdd7-fc6e-4b51-b91e-b64503dadc5e@group-F967393F7C93-LeaderElection195] INFO  impl.RoleInfo (RoleInfo.java:updateAndGet(143)) - d6dfcdd7-fc6e-4b51-b91e-b64503dadc5e: start FollowerState
2019-10-17 21:55:07,546 [Thread-1801] INFO  impl.FollowerState (FollowerState.java:run(108)) - 9a96bff1-ea9f-4cea-8163-a3905a9e2704@group-4FF8CA26B826-FollowerState: change to CANDIDATE, lastRpcTime:1061ms, electionTimeout:1061ms
2019-10-17 21:55:07,546 [Thread-1801] INFO  impl.RoleInfo (RoleInfo.java:shutdownFollowerState(121)) - 9a96bff1-ea9f-4cea-8163-a3905a9e2704: shutdown FollowerState
2019-10-17 21:55:07,546 [Thread-1801] INFO  impl.RaftServerImpl (RaftServerImpl.java:setRole(184)) - 9a96bff1-ea9f-4cea-8163-a3905a9e2704@group-4FF8CA26B826: changes role from  FOLLOWER to CANDIDATE at term 12 for changeToCandidate
2019-10-17 21:55:07,546 [Thread-1801] INFO  impl.RoleInfo (RoleInfo.java:updateAndGet(143)) - 9a96bff1-ea9f-4cea-8163-a3905a9e2704: start LeaderElection
2019-10-17 21:55:07,559 [9a96bff1-ea9f-4cea-8163-a3905a9e2704@group-4FF8CA26B826-LeaderElection196] INFO  impl.LeaderElection (LeaderElection.java:askForVotes(178)) - 9a96bff1-ea9f-4cea-8163-a3905a9e2704@group-4FF8CA26B826-LeaderElection196: begin an election at term 13 for 1: [c3d1d4b8-f513-489f-ad1a-d9e469eb6c8d:192.168.157.223:35769, 9a96bff1-ea9f-4cea-8163-a3905a9e2704:192.168.157.223:39495, fff7125c-610a-434d-b194-38800617abc4:192.168.157.223:34162], old=null
2019-10-17 21:55:07,560 [9a96bff1-ea9f-4cea-8163-a3905a9e2704@group-4FF8CA26B826-LeaderElection196] INFO  impl.LeaderElection (LogUtils.java:infoOrTrace(149)) - 9a96bff1-ea9f-4cea-8163-a3905a9e2704@group-4FF8CA26B826-LeaderElection196 got exception when requesting votes: {}
java.util.concurrent.ExecutionException: org.apache.ratis.thirdparty.io.grpc.StatusRuntimeException: UNAVAILABLE: io exception
	at java.util.concurrent.FutureTask.report(FutureTask.java:122)
	at java.util.concurrent.FutureTask.get(FutureTask.java:192)
	at org.apache.ratis.server.impl.LeaderElection.waitForResults(LeaderElection.java:259)
	at org.apache.ratis.server.impl.LeaderElection.askForVotes(LeaderElection.java:197)
	at org.apache.ratis.server.impl.LeaderElection.run(LeaderElection.java:133)
	at java.lang.Thread.run(Thread.java:748)
Caused by: org.apache.ratis.thirdparty.io.grpc.StatusRuntimeException: UNAVAILABLE: io exception
	at org.apache.ratis.thirdparty.io.grpc.stub.ClientCalls.toStatusRuntimeException(ClientCalls.java:233)
	at org.apache.ratis.thirdparty.io.grpc.stub.ClientCalls.getUnchecked(ClientCalls.java:214)
	at org.apache.ratis.thirdparty.io.grpc.stub.ClientCalls.blockingUnaryCall(ClientCalls.java:139)
	at org.apache.ratis.proto.grpc.RaftServerProtocolServiceGrpc$RaftServerProtocolServiceBlockingStub.requestVote(RaftServerProtocolServiceGrpc.java:265)
	at org.apache.ratis.grpc.server.GrpcServerProtocolClient.requestVote(GrpcServerProtocolClient.java:99)
	at org.apache.ratis.grpc.server.GrpcService.requestVote(GrpcService.java:204)
	at org.apache.ratis.server.impl.LeaderElection.lambda$submitRequests$1(LeaderElection.java:234)
	at java.util.concurrent.FutureTask.run(FutureTask.java:266)
	at java.util.concurrent.Executors$RunnableAdapter.call(Executors.java:511)
	at java.util.concurrent.FutureTask.run(FutureTask.java:266)
	at java.util.concurrent.ThreadPoolExecutor.runWorker(ThreadPoolExecutor.java:1149)
	at java.util.concurrent.ThreadPoolExecutor$Worker.run(ThreadPoolExecutor.java:624)
	... 1 more
Caused by: org.apache.ratis.thirdparty.io.netty.channel.AbstractChannel$AnnotatedConnectException: Connection refused: /192.168.157.223:34162
	at sun.nio.ch.SocketChannelImpl.checkConnect(Native Method)
	at sun.nio.ch.SocketChannelImpl.finishConnect(SocketChannelImpl.java:717)
	at org.apache.ratis.thirdparty.io.netty.channel.socket.nio.NioSocketChannel.doFinishConnect(NioSocketChannel.java:327)
	at org.apache.ratis.thirdparty.io.netty.channel.nio.AbstractNioChannel$AbstractNioUnsafe.finishConnect(AbstractNioChannel.java:340)
	at org.apache.ratis.thirdparty.io.netty.channel.nio.NioEventLoop.processSelectedKey(NioEventLoop.java:632)
	at org.apache.ratis.thirdparty.io.netty.channel.nio.NioEventLoop.processSelectedKeysOptimized(NioEventLoop.java:579)
	at org.apache.ratis.thirdparty.io.netty.channel.nio.NioEventLoop.processSelectedKeys(NioEventLoop.java:496)
	at org.apache.ratis.thirdparty.io.netty.channel.nio.NioEventLoop.run(NioEventLoop.java:458)
	at org.apache.ratis.thirdparty.io.netty.util.concurrent.SingleThreadEventExecutor$5.run(SingleThreadEventExecutor.java:897)
	at org.apache.ratis.thirdparty.io.netty.util.concurrent.FastThreadLocalRunnable.run(FastThreadLocalRunnable.java:30)
	... 1 more
Caused by: java.net.ConnectException: Connection refused
	... 11 more
2019-10-17 21:55:07,562 [9a96bff1-ea9f-4cea-8163-a3905a9e2704@group-4FF8CA26B826-LeaderElection196] INFO  impl.LeaderElection (LogUtils.java:infoOrTrace(149)) - 9a96bff1-ea9f-4cea-8163-a3905a9e2704@group-4FF8CA26B826-LeaderElection196 got exception when requesting votes: {}
java.util.concurrent.ExecutionException: org.apache.ratis.thirdparty.io.grpc.StatusRuntimeException: UNAVAILABLE: io exception
	at java.util.concurrent.FutureTask.report(FutureTask.java:122)
	at java.util.concurrent.FutureTask.get(FutureTask.java:192)
	at org.apache.ratis.server.impl.LeaderElection.waitForResults(LeaderElection.java:259)
	at org.apache.ratis.server.impl.LeaderElection.askForVotes(LeaderElection.java:197)
	at org.apache.ratis.server.impl.LeaderElection.run(LeaderElection.java:133)
	at java.lang.Thread.run(Thread.java:748)
Caused by: org.apache.ratis.thirdparty.io.grpc.StatusRuntimeException: UNAVAILABLE: io exception
	at org.apache.ratis.thirdparty.io.grpc.stub.ClientCalls.toStatusRuntimeException(ClientCalls.java:233)
	at org.apache.ratis.thirdparty.io.grpc.stub.ClientCalls.getUnchecked(ClientCalls.java:214)
	at org.apache.ratis.thirdparty.io.grpc.stub.ClientCalls.blockingUnaryCall(ClientCalls.java:139)
	at org.apache.ratis.proto.grpc.RaftServerProtocolServiceGrpc$RaftServerProtocolServiceBlockingStub.requestVote(RaftServerProtocolServiceGrpc.java:265)
	at org.apache.ratis.grpc.server.GrpcServerProtocolClient.requestVote(GrpcServerProtocolClient.java:99)
	at org.apache.ratis.grpc.server.GrpcService.requestVote(GrpcService.java:204)
	at org.apache.ratis.server.impl.LeaderElection.lambda$submitRequests$1(LeaderElection.java:234)
	at java.util.concurrent.FutureTask.run(FutureTask.java:266)
	at java.util.concurrent.Executors$RunnableAdapter.call(Executors.java:511)
	at java.util.concurrent.FutureTask.run(FutureTask.java:266)
	at java.util.concurrent.ThreadPoolExecutor.runWorker(ThreadPoolExecutor.java:1149)
	at java.util.concurrent.ThreadPoolExecutor$Worker.run(ThreadPoolExecutor.java:624)
	... 1 more
Caused by: org.apache.ratis.thirdparty.io.netty.channel.AbstractChannel$AnnotatedConnectException: Connection refused: /192.168.157.223:35769
	at sun.nio.ch.SocketChannelImpl.checkConnect(Native Method)
	at sun.nio.ch.SocketChannelImpl.finishConnect(SocketChannelImpl.java:717)
	at org.apache.ratis.thirdparty.io.netty.channel.socket.nio.NioSocketChannel.doFinishConnect(NioSocketChannel.java:327)
	at org.apache.ratis.thirdparty.io.netty.channel.nio.AbstractNioChannel$AbstractNioUnsafe.finishConnect(AbstractNioChannel.java:340)
	at org.apache.ratis.thirdparty.io.netty.channel.nio.NioEventLoop.processSelectedKey(NioEventLoop.java:632)
	at org.apache.ratis.thirdparty.io.netty.channel.nio.NioEventLoop.processSelectedKeysOptimized(NioEventLoop.java:579)
	at org.apache.ratis.thirdparty.io.netty.channel.nio.NioEventLoop.processSelectedKeys(NioEventLoop.java:496)
	at org.apache.ratis.thirdparty.io.netty.channel.nio.NioEventLoop.run(NioEventLoop.java:458)
	at org.apache.ratis.thirdparty.io.netty.util.concurrent.SingleThreadEventExecutor$5.run(SingleThreadEventExecutor.java:897)
	at org.apache.ratis.thirdparty.io.netty.util.concurrent.FastThreadLocalRunnable.run(FastThreadLocalRunnable.java:30)
	... 1 more
Caused by: java.net.ConnectException: Connection refused
	... 11 more
2019-10-17 21:55:07,564 [9a96bff1-ea9f-4cea-8163-a3905a9e2704@group-4FF8CA26B826-LeaderElection196] INFO  impl.LeaderElection (LeaderElection.java:logAndReturn(56)) - 9a96bff1-ea9f-4cea-8163-a3905a9e2704@group-4FF8CA26B826-LeaderElection196: Election REJECTED; received 0 response(s) [] and 2 exception(s); 9a96bff1-ea9f-4cea-8163-a3905a9e2704@group-4FF8CA26B826:t13, leader=null, voted=9a96bff1-ea9f-4cea-8163-a3905a9e2704, raftlog=9a96bff1-ea9f-4cea-8163-a3905a9e2704@group-4FF8CA26B826-SegmentedRaftLog:OPENED:c18,f18,i18, conf=1: [c3d1d4b8-f513-489f-ad1a-d9e469eb6c8d:192.168.157.223:35769, 9a96bff1-ea9f-4cea-8163-a3905a9e2704:192.168.157.223:39495, fff7125c-610a-434d-b194-38800617abc4:192.168.157.223:34162], old=null
2019-10-17 21:55:07,564 [9a96bff1-ea9f-4cea-8163-a3905a9e2704@group-4FF8CA26B826-LeaderElection196] INFO  impl.LeaderElection (LogUtils.java:infoOrTrace(149)) -   Exception 0: {}
java.util.concurrent.ExecutionException: org.apache.ratis.thirdparty.io.grpc.StatusRuntimeException: UNAVAILABLE: io exception
	at java.util.concurrent.FutureTask.report(FutureTask.java:122)
	at java.util.concurrent.FutureTask.get(FutureTask.java:192)
	at org.apache.ratis.server.impl.LeaderElection.waitForResults(LeaderElection.java:259)
	at org.apache.ratis.server.impl.LeaderElection.askForVotes(LeaderElection.java:197)
	at org.apache.ratis.server.impl.LeaderElection.run(LeaderElection.java:133)
	at java.lang.Thread.run(Thread.java:748)
Caused by: org.apache.ratis.thirdparty.io.grpc.StatusRuntimeException: UNAVAILABLE: io exception
	at org.apache.ratis.thirdparty.io.grpc.stub.ClientCalls.toStatusRuntimeException(ClientCalls.java:233)
	at org.apache.ratis.thirdparty.io.grpc.stub.ClientCalls.getUnchecked(ClientCalls.java:214)
	at org.apache.ratis.thirdparty.io.grpc.stub.ClientCalls.blockingUnaryCall(ClientCalls.java:139)
	at org.apache.ratis.proto.grpc.RaftServerProtocolServiceGrpc$RaftServerProtocolServiceBlockingStub.requestVote(RaftServerProtocolServiceGrpc.java:265)
	at org.apache.ratis.grpc.server.GrpcServerProtocolClient.requestVote(GrpcServerProtocolClient.java:99)
	at org.apache.ratis.grpc.server.GrpcService.requestVote(GrpcService.java:204)
	at org.apache.ratis.server.impl.LeaderElection.lambda$submitRequests$1(LeaderElection.java:234)
	at java.util.concurrent.FutureTask.run(FutureTask.java:266)
	at java.util.concurrent.Executors$RunnableAdapter.call(Executors.java:511)
	at java.util.concurrent.FutureTask.run(FutureTask.java:266)
	at java.util.concurrent.ThreadPoolExecutor.runWorker(ThreadPoolExecutor.java:1149)
	at java.util.concurrent.ThreadPoolExecutor$Worker.run(ThreadPoolExecutor.java:624)
	... 1 more
Caused by: org.apache.ratis.thirdparty.io.netty.channel.AbstractChannel$AnnotatedConnectException: Connection refused: /192.168.157.223:34162
	at sun.nio.ch.SocketChannelImpl.checkConnect(Native Method)
	at sun.nio.ch.SocketChannelImpl.finishConnect(SocketChannelImpl.java:717)
	at org.apache.ratis.thirdparty.io.netty.channel.socket.nio.NioSocketChannel.doFinishConnect(NioSocketChannel.java:327)
	at org.apache.ratis.thirdparty.io.netty.channel.nio.AbstractNioChannel$AbstractNioUnsafe.finishConnect(AbstractNioChannel.java:340)
	at org.apache.ratis.thirdparty.io.netty.channel.nio.NioEventLoop.processSelectedKey(NioEventLoop.java:632)
	at org.apache.ratis.thirdparty.io.netty.channel.nio.NioEventLoop.processSelectedKeysOptimized(NioEventLoop.java:579)
	at org.apache.ratis.thirdparty.io.netty.channel.nio.NioEventLoop.processSelectedKeys(NioEventLoop.java:496)
	at org.apache.ratis.thirdparty.io.netty.channel.nio.NioEventLoop.run(NioEventLoop.java:458)
	at org.apache.ratis.thirdparty.io.netty.util.concurrent.SingleThreadEventExecutor$5.run(SingleThreadEventExecutor.java:897)
	at org.apache.ratis.thirdparty.io.netty.util.concurrent.FastThreadLocalRunnable.run(FastThreadLocalRunnable.java:30)
	... 1 more
Caused by: java.net.ConnectException: Connection refused
	... 11 more
2019-10-17 21:55:07,565 [9a96bff1-ea9f-4cea-8163-a3905a9e2704@group-4FF8CA26B826-LeaderElection196] INFO  impl.LeaderElection (LogUtils.java:infoOrTrace(149)) -   Exception 1: {}
java.util.concurrent.ExecutionException: org.apache.ratis.thirdparty.io.grpc.StatusRuntimeException: UNAVAILABLE: io exception
	at java.util.concurrent.FutureTask.report(FutureTask.java:122)
	at java.util.concurrent.FutureTask.get(FutureTask.java:192)
	at org.apache.ratis.server.impl.LeaderElection.waitForResults(LeaderElection.java:259)
	at org.apache.ratis.server.impl.LeaderElection.askForVotes(LeaderElection.java:197)
	at org.apache.ratis.server.impl.LeaderElection.run(LeaderElection.java:133)
	at java.lang.Thread.run(Thread.java:748)
Caused by: org.apache.ratis.thirdparty.io.grpc.StatusRuntimeException: UNAVAILABLE: io exception
	at org.apache.ratis.thirdparty.io.grpc.stub.ClientCalls.toStatusRuntimeException(ClientCalls.java:233)
	at org.apache.ratis.thirdparty.io.grpc.stub.ClientCalls.getUnchecked(ClientCalls.java:214)
	at org.apache.ratis.thirdparty.io.grpc.stub.ClientCalls.blockingUnaryCall(ClientCalls.java:139)
	at org.apache.ratis.proto.grpc.RaftServerProtocolServiceGrpc$RaftServerProtocolServiceBlockingStub.requestVote(RaftServerProtocolServiceGrpc.java:265)
	at org.apache.ratis.grpc.server.GrpcServerProtocolClient.requestVote(GrpcServerProtocolClient.java:99)
	at org.apache.ratis.grpc.server.GrpcService.requestVote(GrpcService.java:204)
	at org.apache.ratis.server.impl.LeaderElection.lambda$submitRequests$1(LeaderElection.java:234)
	at java.util.concurrent.FutureTask.run(FutureTask.java:266)
	at java.util.concurrent.Executors$RunnableAdapter.call(Executors.java:511)
	at java.util.concurrent.FutureTask.run(FutureTask.java:266)
	at java.util.concurrent.ThreadPoolExecutor.runWorker(ThreadPoolExecutor.java:1149)
	at java.util.concurrent.ThreadPoolExecutor$Worker.run(ThreadPoolExecutor.java:624)
	... 1 more
Caused by: org.apache.ratis.thirdparty.io.netty.channel.AbstractChannel$AnnotatedConnectException: Connection refused: /192.168.157.223:35769
	at sun.nio.ch.SocketChannelImpl.checkConnect(Native Method)
	at sun.nio.ch.SocketChannelImpl.finishConnect(SocketChannelImpl.java:717)
	at org.apache.ratis.thirdparty.io.netty.channel.socket.nio.NioSocketChannel.doFinishConnect(NioSocketChannel.java:327)
	at org.apache.ratis.thirdparty.io.netty.channel.nio.AbstractNioChannel$AbstractNioUnsafe.finishConnect(AbstractNioChannel.java:340)
	at org.apache.ratis.thirdparty.io.netty.channel.nio.NioEventLoop.processSelectedKey(NioEventLoop.java:632)
	at org.apache.ratis.thirdparty.io.netty.channel.nio.NioEventLoop.processSelectedKeysOptimized(NioEventLoop.java:579)
	at org.apache.ratis.thirdparty.io.netty.channel.nio.NioEventLoop.processSelectedKeys(NioEventLoop.java:496)
	at org.apache.ratis.thirdparty.io.netty.channel.nio.NioEventLoop.run(NioEventLoop.java:458)
	at org.apache.ratis.thirdparty.io.netty.util.concurrent.SingleThreadEventExecutor$5.run(SingleThreadEventExecutor.java:897)
	at org.apache.ratis.thirdparty.io.netty.util.concurrent.FastThreadLocalRunnable.run(FastThreadLocalRunnable.java:30)
	... 1 more
Caused by: java.net.ConnectException: Connection refused
	... 11 more
2019-10-17 21:55:07,565 [9a96bff1-ea9f-4cea-8163-a3905a9e2704@group-4FF8CA26B826-LeaderElection196] INFO  impl.RaftServerImpl (RaftServerImpl.java:setRole(184)) - 9a96bff1-ea9f-4cea-8163-a3905a9e2704@group-4FF8CA26B826: changes role from CANDIDATE to FOLLOWER at term 13 for DISCOVERED_A_NEW_TERM
2019-10-17 21:55:07,565 [9a96bff1-ea9f-4cea-8163-a3905a9e2704@group-4FF8CA26B826-LeaderElection196] INFO  impl.RoleInfo (RoleInfo.java:shutdownLeaderElection(134)) - 9a96bff1-ea9f-4cea-8163-a3905a9e2704: shutdown LeaderElection
2019-10-17 21:55:07,565 [9a96bff1-ea9f-4cea-8163-a3905a9e2704@group-4FF8CA26B826-LeaderElection196] INFO  impl.RoleInfo (RoleInfo.java:updateAndGet(143)) - 9a96bff1-ea9f-4cea-8163-a3905a9e2704: start FollowerState
2019-10-17 21:55:07,587 [Thread-1853] INFO  impl.FollowerState (FollowerState.java:run(108)) - d6dfcdd7-fc6e-4b51-b91e-b64503dadc5e@group-F967393F7C93-FollowerState: change to CANDIDATE, lastRpcTime:98ms, electionTimeout:98ms
2019-10-17 21:55:07,587 [Thread-1853] INFO  impl.RoleInfo (RoleInfo.java:shutdownFollowerState(121)) - d6dfcdd7-fc6e-4b51-b91e-b64503dadc5e: shutdown FollowerState
2019-10-17 21:55:07,588 [Thread-1853] INFO  impl.RaftServerImpl (RaftServerImpl.java:setRole(184)) - d6dfcdd7-fc6e-4b51-b91e-b64503dadc5e@group-F967393F7C93: changes role from  FOLLOWER to CANDIDATE at term 191 for changeToCandidate
2019-10-17 21:55:07,588 [Thread-1853] INFO  impl.RoleInfo (RoleInfo.java:updateAndGet(143)) - d6dfcdd7-fc6e-4b51-b91e-b64503dadc5e: start LeaderElection
2019-10-17 21:55:07,601 [d6dfcdd7-fc6e-4b51-b91e-b64503dadc5e@group-F967393F7C93-LeaderElection197] INFO  impl.LeaderElection (LeaderElection.java:askForVotes(178)) - d6dfcdd7-fc6e-4b51-b91e-b64503dadc5e@group-F967393F7C93-LeaderElection197: begin an election at term 192 for -1: [08d4cbaa-ffed-4411-a5fd-c4a38026aead:192.168.157.223:33910, da15dfee-23f0-4dc4-ad77-c00156c49cfa:192.168.157.223:42172, d6dfcdd7-fc6e-4b51-b91e-b64503dadc5e:192.168.157.223:43575], old=null
2019-10-17 21:55:07,602 [d6dfcdd7-fc6e-4b51-b91e-b64503dadc5e@group-F967393F7C93-LeaderElection197] INFO  impl.LeaderElection (LogUtils.java:infoOrTrace(149)) - d6dfcdd7-fc6e-4b51-b91e-b64503dadc5e@group-F967393F7C93-LeaderElection197 got exception when requesting votes: {}
java.util.concurrent.ExecutionException: org.apache.ratis.thirdparty.io.grpc.StatusRuntimeException: UNAVAILABLE: io exception
	at java.util.concurrent.FutureTask.report(FutureTask.java:122)
	at java.util.concurrent.FutureTask.get(FutureTask.java:192)
	at org.apache.ratis.server.impl.LeaderElection.waitForResults(LeaderElection.java:259)
	at org.apache.ratis.server.impl.LeaderElection.askForVotes(LeaderElection.java:197)
	at org.apache.ratis.server.impl.LeaderElection.run(LeaderElection.java:133)
	at java.lang.Thread.run(Thread.java:748)
Caused by: org.apache.ratis.thirdparty.io.grpc.StatusRuntimeException: UNAVAILABLE: io exception
	at org.apache.ratis.thirdparty.io.grpc.stub.ClientCalls.toStatusRuntimeException(ClientCalls.java:233)
	at org.apache.ratis.thirdparty.io.grpc.stub.ClientCalls.getUnchecked(ClientCalls.java:214)
	at org.apache.ratis.thirdparty.io.grpc.stub.ClientCalls.blockingUnaryCall(ClientCalls.java:139)
	at org.apache.ratis.proto.grpc.RaftServerProtocolServiceGrpc$RaftServerProtocolServiceBlockingStub.requestVote(RaftServerProtocolServiceGrpc.java:265)
	at org.apache.ratis.grpc.server.GrpcServerProtocolClient.requestVote(GrpcServerProtocolClient.java:99)
	at org.apache.ratis.grpc.server.GrpcService.requestVote(GrpcService.java:204)
	at org.apache.ratis.server.impl.LeaderElection.lambda$submitRequests$1(LeaderElection.java:234)
	at java.util.concurrent.FutureTask.run(FutureTask.java:266)
	at java.util.concurrent.Executors$RunnableAdapter.call(Executors.java:511)
	at java.util.concurrent.FutureTask.run(FutureTask.java:266)
	at java.util.concurrent.ThreadPoolExecutor.runWorker(ThreadPoolExecutor.java:1149)
	at java.util.concurrent.ThreadPoolExecutor$Worker.run(ThreadPoolExecutor.java:624)
	... 1 more
Caused by: org.apache.ratis.thirdparty.io.netty.channel.AbstractChannel$AnnotatedConnectException: Connection refused: /192.168.157.223:42172
	at sun.nio.ch.SocketChannelImpl.checkConnect(Native Method)
	at sun.nio.ch.SocketChannelImpl.finishConnect(SocketChannelImpl.java:717)
	at org.apache.ratis.thirdparty.io.netty.channel.socket.nio.NioSocketChannel.doFinishConnect(NioSocketChannel.java:327)
	at org.apache.ratis.thirdparty.io.netty.channel.nio.AbstractNioChannel$AbstractNioUnsafe.finishConnect(AbstractNioChannel.java:340)
	at org.apache.ratis.thirdparty.io.netty.channel.nio.NioEventLoop.processSelectedKey(NioEventLoop.java:632)
	at org.apache.ratis.thirdparty.io.netty.channel.nio.NioEventLoop.processSelectedKeysOptimized(NioEventLoop.java:579)
	at org.apache.ratis.thirdparty.io.netty.channel.nio.NioEventLoop.processSelectedKeys(NioEventLoop.java:496)
	at org.apache.ratis.thirdparty.io.netty.channel.nio.NioEventLoop.run(NioEventLoop.java:458)
	at org.apache.ratis.thirdparty.io.netty.util.concurrent.SingleThreadEventExecutor$5.run(SingleThreadEventExecutor.java:897)
	at org.apache.ratis.thirdparty.io.netty.util.concurrent.FastThreadLocalRunnable.run(FastThreadLocalRunnable.java:30)
	... 1 more
Caused by: java.net.ConnectException: Connection refused
	... 11 more
2019-10-17 21:55:07,604 [grpc-default-executor-1] INFO  impl.RaftServerImpl (RaftServerImpl.java:setRole(184)) - 08d4cbaa-ffed-4411-a5fd-c4a38026aead@group-F967393F7C93: changes role from  FOLLOWER to FOLLOWER at term 192 for recognizeCandidate:d6dfcdd7-fc6e-4b51-b91e-b64503dadc5e
2019-10-17 21:55:07,605 [grpc-default-executor-1] INFO  impl.RoleInfo (RoleInfo.java:shutdownFollowerState(121)) - 08d4cbaa-ffed-4411-a5fd-c4a38026aead: shutdown FollowerState
2019-10-17 21:55:07,605 [grpc-default-executor-1] INFO  impl.RoleInfo (RoleInfo.java:updateAndGet(143)) - 08d4cbaa-ffed-4411-a5fd-c4a38026aead: start FollowerState
2019-10-17 21:55:07,605 [Thread-1852] INFO  impl.FollowerState (FollowerState.java:run(117)) - 08d4cbaa-ffed-4411-a5fd-c4a38026aead@group-F967393F7C93-FollowerState was interrupted: java.lang.InterruptedException: sleep interrupted
2019-10-17 21:55:07,620 [d6dfcdd7-fc6e-4b51-b91e-b64503dadc5e@group-F967393F7C93-LeaderElection197] INFO  impl.LeaderElection (LeaderElection.java:logAndReturn(56)) - d6dfcdd7-fc6e-4b51-b91e-b64503dadc5e@group-F967393F7C93-LeaderElection197: Election REJECTED; received 1 response(s) [d6dfcdd7-fc6e-4b51-b91e-b64503dadc5e<-08d4cbaa-ffed-4411-a5fd-c4a38026aead#0:FAIL-t192] and 1 exception(s); d6dfcdd7-fc6e-4b51-b91e-b64503dadc5e@group-F967393F7C93:t192, leader=null, voted=d6dfcdd7-fc6e-4b51-b91e-b64503dadc5e, raftlog=d6dfcdd7-fc6e-4b51-b91e-b64503dadc5e@group-F967393F7C93-SegmentedRaftLog:OPENED:c-1,f-1,i0, conf=-1: [08d4cbaa-ffed-4411-a5fd-c4a38026aead:192.168.157.223:33910, da15dfee-23f0-4dc4-ad77-c00156c49cfa:192.168.157.223:42172, d6dfcdd7-fc6e-4b51-b91e-b64503dadc5e:192.168.157.223:43575], old=null
2019-10-17 21:55:07,620 [d6dfcdd7-fc6e-4b51-b91e-b64503dadc5e@group-F967393F7C93-LeaderElection197] INFO  impl.LeaderElection (LogUtils.java:infoOrTrace(149)) -   Exception 0: {}
java.util.concurrent.ExecutionException: org.apache.ratis.thirdparty.io.grpc.StatusRuntimeException: UNAVAILABLE: io exception
	at java.util.concurrent.FutureTask.report(FutureTask.java:122)
	at java.util.concurrent.FutureTask.get(FutureTask.java:192)
	at org.apache.ratis.server.impl.LeaderElection.waitForResults(LeaderElection.java:259)
	at org.apache.ratis.server.impl.LeaderElection.askForVotes(LeaderElection.java:197)
	at org.apache.ratis.server.impl.LeaderElection.run(LeaderElection.java:133)
	at java.lang.Thread.run(Thread.java:748)
Caused by: org.apache.ratis.thirdparty.io.grpc.StatusRuntimeException: UNAVAILABLE: io exception
	at org.apache.ratis.thirdparty.io.grpc.stub.ClientCalls.toStatusRuntimeException(ClientCalls.java:233)
	at org.apache.ratis.thirdparty.io.grpc.stub.ClientCalls.getUnchecked(ClientCalls.java:214)
	at org.apache.ratis.thirdparty.io.grpc.stub.ClientCalls.blockingUnaryCall(ClientCalls.java:139)
	at org.apache.ratis.proto.grpc.RaftServerProtocolServiceGrpc$RaftServerProtocolServiceBlockingStub.requestVote(RaftServerProtocolServiceGrpc.java:265)
	at org.apache.ratis.grpc.server.GrpcServerProtocolClient.requestVote(GrpcServerProtocolClient.java:99)
	at org.apache.ratis.grpc.server.GrpcService.requestVote(GrpcService.java:204)
	at org.apache.ratis.server.impl.LeaderElection.lambda$submitRequests$1(LeaderElection.java:234)
	at java.util.concurrent.FutureTask.run(FutureTask.java:266)
	at java.util.concurrent.Executors$RunnableAdapter.call(Executors.java:511)
	at java.util.concurrent.FutureTask.run(FutureTask.java:266)
	at java.util.concurrent.ThreadPoolExecutor.runWorker(ThreadPoolExecutor.java:1149)
	at java.util.concurrent.ThreadPoolExecutor$Worker.run(ThreadPoolExecutor.java:624)
	... 1 more
Caused by: org.apache.ratis.thirdparty.io.netty.channel.AbstractChannel$AnnotatedConnectException: Connection refused: /192.168.157.223:42172
	at sun.nio.ch.SocketChannelImpl.checkConnect(Native Method)
	at sun.nio.ch.SocketChannelImpl.finishConnect(SocketChannelImpl.java:717)
	at org.apache.ratis.thirdparty.io.netty.channel.socket.nio.NioSocketChannel.doFinishConnect(NioSocketChannel.java:327)
	at org.apache.ratis.thirdparty.io.netty.channel.nio.AbstractNioChannel$AbstractNioUnsafe.finishConnect(AbstractNioChannel.java:340)
	at org.apache.ratis.thirdparty.io.netty.channel.nio.NioEventLoop.processSelectedKey(NioEventLoop.java:632)
	at org.apache.ratis.thirdparty.io.netty.channel.nio.NioEventLoop.processSelectedKeysOptimized(NioEventLoop.java:579)
	at org.apache.ratis.thirdparty.io.netty.channel.nio.NioEventLoop.processSelectedKeys(NioEventLoop.java:496)
	at org.apache.ratis.thirdparty.io.netty.channel.nio.NioEventLoop.run(NioEventLoop.java:458)
	at org.apache.ratis.thirdparty.io.netty.util.concurrent.SingleThreadEventExecutor$5.run(SingleThreadEventExecutor.java:897)
	at org.apache.ratis.thirdparty.io.netty.util.concurrent.FastThreadLocalRunnable.run(FastThreadLocalRunnable.java:30)
	... 1 more
Caused by: java.net.ConnectException: Connection refused
	... 11 more
2019-10-17 21:55:07,621 [d6dfcdd7-fc6e-4b51-b91e-b64503dadc5e@group-F967393F7C93-LeaderElection197] INFO  impl.RaftServerImpl (RaftServerImpl.java:setRole(184)) - d6dfcdd7-fc6e-4b51-b91e-b64503dadc5e@group-F967393F7C93: changes role from CANDIDATE to FOLLOWER at term 192 for DISCOVERED_A_NEW_TERM
2019-10-17 21:55:07,621 [d6dfcdd7-fc6e-4b51-b91e-b64503dadc5e@group-F967393F7C93-LeaderElection197] INFO  impl.RoleInfo (RoleInfo.java:shutdownLeaderElection(134)) - d6dfcdd7-fc6e-4b51-b91e-b64503dadc5e: shutdown LeaderElection
2019-10-17 21:55:07,621 [d6dfcdd7-fc6e-4b51-b91e-b64503dadc5e@group-F967393F7C93-LeaderElection197] INFO  impl.RoleInfo (RoleInfo.java:updateAndGet(143)) - d6dfcdd7-fc6e-4b51-b91e-b64503dadc5e: start FollowerState
2019-10-17 21:55:07,637 [Thread-1862] INFO  impl.FollowerState (FollowerState.java:run(108)) - d6dfcdd7-fc6e-4b51-b91e-b64503dadc5e@group-F967393F7C93-FollowerState: change to CANDIDATE, lastRpcTime:16ms, electionTimeout:16ms
2019-10-17 21:55:07,638 [Thread-1862] INFO  impl.RoleInfo (RoleInfo.java:shutdownFollowerState(121)) - d6dfcdd7-fc6e-4b51-b91e-b64503dadc5e: shutdown FollowerState
2019-10-17 21:55:07,638 [Thread-1862] INFO  impl.RaftServerImpl (RaftServerImpl.java:setRole(184)) - d6dfcdd7-fc6e-4b51-b91e-b64503dadc5e@group-F967393F7C93: changes role from  FOLLOWER to CANDIDATE at term 192 for changeToCandidate
2019-10-17 21:55:07,638 [Thread-1862] INFO  impl.RoleInfo (RoleInfo.java:updateAndGet(143)) - d6dfcdd7-fc6e-4b51-b91e-b64503dadc5e: start LeaderElection
2019-10-17 21:55:07,659 [d6dfcdd7-fc6e-4b51-b91e-b64503dadc5e@group-F967393F7C93-LeaderElection198] INFO  impl.LeaderElection (LeaderElection.java:askForVotes(178)) - d6dfcdd7-fc6e-4b51-b91e-b64503dadc5e@group-F967393F7C93-LeaderElection198: begin an election at term 193 for -1: [08d4cbaa-ffed-4411-a5fd-c4a38026aead:192.168.157.223:33910, da15dfee-23f0-4dc4-ad77-c00156c49cfa:192.168.157.223:42172, d6dfcdd7-fc6e-4b51-b91e-b64503dadc5e:192.168.157.223:43575], old=null
2019-10-17 21:55:07,660 [d6dfcdd7-fc6e-4b51-b91e-b64503dadc5e@group-F967393F7C93-LeaderElection198] INFO  impl.LeaderElection (LogUtils.java:infoOrTrace(149)) - d6dfcdd7-fc6e-4b51-b91e-b64503dadc5e@group-F967393F7C93-LeaderElection198 got exception when requesting votes: {}
java.util.concurrent.ExecutionException: org.apache.ratis.thirdparty.io.grpc.StatusRuntimeException: UNAVAILABLE: io exception
	at java.util.concurrent.FutureTask.report(FutureTask.java:122)
	at java.util.concurrent.FutureTask.get(FutureTask.java:192)
	at org.apache.ratis.server.impl.LeaderElection.waitForResults(LeaderElection.java:259)
	at org.apache.ratis.server.impl.LeaderElection.askForVotes(LeaderElection.java:197)
	at org.apache.ratis.server.impl.LeaderElection.run(LeaderElection.java:133)
	at java.lang.Thread.run(Thread.java:748)
Caused by: org.apache.ratis.thirdparty.io.grpc.StatusRuntimeException: UNAVAILABLE: io exception
	at org.apache.ratis.thirdparty.io.grpc.stub.ClientCalls.toStatusRuntimeException(ClientCalls.java:233)
	at org.apache.ratis.thirdparty.io.grpc.stub.ClientCalls.getUnchecked(ClientCalls.java:214)
	at org.apache.ratis.thirdparty.io.grpc.stub.ClientCalls.blockingUnaryCall(ClientCalls.java:139)
	at org.apache.ratis.proto.grpc.RaftServerProtocolServiceGrpc$RaftServerProtocolServiceBlockingStub.requestVote(RaftServerProtocolServiceGrpc.java:265)
	at org.apache.ratis.grpc.server.GrpcServerProtocolClient.requestVote(GrpcServerProtocolClient.java:99)
	at org.apache.ratis.grpc.server.GrpcService.requestVote(GrpcService.java:204)
	at org.apache.ratis.server.impl.LeaderElection.lambda$submitRequests$1(LeaderElection.java:234)
	at java.util.concurrent.FutureTask.run(FutureTask.java:266)
	at java.util.concurrent.Executors$RunnableAdapter.call(Executors.java:511)
	at java.util.concurrent.FutureTask.run(FutureTask.java:266)
	at java.util.concurrent.ThreadPoolExecutor.runWorker(ThreadPoolExecutor.java:1149)
	at java.util.concurrent.ThreadPoolExecutor$Worker.run(ThreadPoolExecutor.java:624)
	... 1 more
Caused by: org.apache.ratis.thirdparty.io.netty.channel.AbstractChannel$AnnotatedConnectException: Connection refused: /192.168.157.223:42172
	at sun.nio.ch.SocketChannelImpl.checkConnect(Native Method)
	at sun.nio.ch.SocketChannelImpl.finishConnect(SocketChannelImpl.java:717)
	at org.apache.ratis.thirdparty.io.netty.channel.socket.nio.NioSocketChannel.doFinishConnect(NioSocketChannel.java:327)
	at org.apache.ratis.thirdparty.io.netty.channel.nio.AbstractNioChannel$AbstractNioUnsafe.finishConnect(AbstractNioChannel.java:340)
	at org.apache.ratis.thirdparty.io.netty.channel.nio.NioEventLoop.processSelectedKey(NioEventLoop.java:632)
	at org.apache.ratis.thirdparty.io.netty.channel.nio.NioEventLoop.processSelectedKeysOptimized(NioEventLoop.java:579)
	at org.apache.ratis.thirdparty.io.netty.channel.nio.NioEventLoop.processSelectedKeys(NioEventLoop.java:496)
	at org.apache.ratis.thirdparty.io.netty.channel.nio.NioEventLoop.run(NioEventLoop.java:458)
	at org.apache.ratis.thirdparty.io.netty.util.concurrent.SingleThreadEventExecutor$5.run(SingleThreadEventExecutor.java:897)
	at org.apache.ratis.thirdparty.io.netty.util.concurrent.FastThreadLocalRunnable.run(FastThreadLocalRunnable.java:30)
	... 1 more
Caused by: java.net.ConnectException: Connection refused
	... 11 more
2019-10-17 21:55:07,662 [grpc-default-executor-1] INFO  impl.RaftServerImpl (RaftServerImpl.java:setRole(184)) - 08d4cbaa-ffed-4411-a5fd-c4a38026aead@group-F967393F7C93: changes role from  FOLLOWER to FOLLOWER at term 193 for recognizeCandidate:d6dfcdd7-fc6e-4b51-b91e-b64503dadc5e
2019-10-17 21:55:07,662 [grpc-default-executor-1] INFO  impl.RoleInfo (RoleInfo.java:shutdownFollowerState(121)) - 08d4cbaa-ffed-4411-a5fd-c4a38026aead: shutdown FollowerState
2019-10-17 21:55:07,663 [grpc-default-executor-1] INFO  impl.RoleInfo (RoleInfo.java:updateAndGet(143)) - 08d4cbaa-ffed-4411-a5fd-c4a38026aead: start FollowerState
2019-10-17 21:55:07,663 [Thread-1861] INFO  impl.FollowerState (FollowerState.java:run(117)) - 08d4cbaa-ffed-4411-a5fd-c4a38026aead@group-F967393F7C93-FollowerState was interrupted: java.lang.InterruptedException: sleep interrupted
2019-10-17 21:55:07,676 [d6dfcdd7-fc6e-4b51-b91e-b64503dadc5e@group-F967393F7C93-LeaderElection198] INFO  impl.LeaderElection (LeaderElection.java:logAndReturn(56)) - d6dfcdd7-fc6e-4b51-b91e-b64503dadc5e@group-F967393F7C93-LeaderElection198: Election REJECTED; received 1 response(s) [d6dfcdd7-fc6e-4b51-b91e-b64503dadc5e<-08d4cbaa-ffed-4411-a5fd-c4a38026aead#0:FAIL-t193] and 1 exception(s); d6dfcdd7-fc6e-4b51-b91e-b64503dadc5e@group-F967393F7C93:t193, leader=null, voted=d6dfcdd7-fc6e-4b51-b91e-b64503dadc5e, raftlog=d6dfcdd7-fc6e-4b51-b91e-b64503dadc5e@group-F967393F7C93-SegmentedRaftLog:OPENED:c-1,f-1,i0, conf=-1: [08d4cbaa-ffed-4411-a5fd-c4a38026aead:192.168.157.223:33910, da15dfee-23f0-4dc4-ad77-c00156c49cfa:192.168.157.223:42172, d6dfcdd7-fc6e-4b51-b91e-b64503dadc5e:192.168.157.223:43575], old=null
2019-10-17 21:55:07,676 [d6dfcdd7-fc6e-4b51-b91e-b64503dadc5e@group-F967393F7C93-LeaderElection198] INFO  impl.LeaderElection (LogUtils.java:infoOrTrace(149)) -   Exception 0: {}
java.util.concurrent.ExecutionException: org.apache.ratis.thirdparty.io.grpc.StatusRuntimeException: UNAVAILABLE: io exception
	at java.util.concurrent.FutureTask.report(FutureTask.java:122)
	at java.util.concurrent.FutureTask.get(FutureTask.java:192)
	at org.apache.ratis.server.impl.LeaderElection.waitForResults(LeaderElection.java:259)
	at org.apache.ratis.server.impl.LeaderElection.askForVotes(LeaderElection.java:197)
	at org.apache.ratis.server.impl.LeaderElection.run(LeaderElection.java:133)
	at java.lang.Thread.run(Thread.java:748)
Caused by: org.apache.ratis.thirdparty.io.grpc.StatusRuntimeException: UNAVAILABLE: io exception
	at org.apache.ratis.thirdparty.io.grpc.stub.ClientCalls.toStatusRuntimeException(ClientCalls.java:233)
	at org.apache.ratis.thirdparty.io.grpc.stub.ClientCalls.getUnchecked(ClientCalls.java:214)
	at org.apache.ratis.thirdparty.io.grpc.stub.ClientCalls.blockingUnaryCall(ClientCalls.java:139)
	at org.apache.ratis.proto.grpc.RaftServerProtocolServiceGrpc$RaftServerProtocolServiceBlockingStub.requestVote(RaftServerProtocolServiceGrpc.java:265)
	at org.apache.ratis.grpc.server.GrpcServerProtocolClient.requestVote(GrpcServerProtocolClient.java:99)
	at org.apache.ratis.grpc.server.GrpcService.requestVote(GrpcService.java:204)
	at org.apache.ratis.server.impl.LeaderElection.lambda$submitRequests$1(LeaderElection.java:234)
	at java.util.concurrent.FutureTask.run(FutureTask.java:266)
	at java.util.concurrent.Executors$RunnableAdapter.call(Executors.java:511)
	at java.util.concurrent.FutureTask.run(FutureTask.java:266)
	at java.util.concurrent.ThreadPoolExecutor.runWorker(ThreadPoolExecutor.java:1149)
	at java.util.concurrent.ThreadPoolExecutor$Worker.run(ThreadPoolExecutor.java:624)
	... 1 more
Caused by: org.apache.ratis.thirdparty.io.netty.channel.AbstractChannel$AnnotatedConnectException: Connection refused: /192.168.157.223:42172
	at sun.nio.ch.SocketChannelImpl.checkConnect(Native Method)
	at sun.nio.ch.SocketChannelImpl.finishConnect(SocketChannelImpl.java:717)
	at org.apache.ratis.thirdparty.io.netty.channel.socket.nio.NioSocketChannel.doFinishConnect(NioSocketChannel.java:327)
	at org.apache.ratis.thirdparty.io.netty.channel.nio.AbstractNioChannel$AbstractNioUnsafe.finishConnect(AbstractNioChannel.java:340)
	at org.apache.ratis.thirdparty.io.netty.channel.nio.NioEventLoop.processSelectedKey(NioEventLoop.java:632)
	at org.apache.ratis.thirdparty.io.netty.channel.nio.NioEventLoop.processSelectedKeysOptimized(NioEventLoop.java:579)
	at org.apache.ratis.thirdparty.io.netty.channel.nio.NioEventLoop.processSelectedKeys(NioEventLoop.java:496)
	at org.apache.ratis.thirdparty.io.netty.channel.nio.NioEventLoop.run(NioEventLoop.java:458)
	at org.apache.ratis.thirdparty.io.netty.util.concurrent.SingleThreadEventExecutor$5.run(SingleThreadEventExecutor.java:897)
	at org.apache.ratis.thirdparty.io.netty.util.concurrent.FastThreadLocalRunnable.run(FastThreadLocalRunnable.java:30)
	... 1 more
Caused by: java.net.ConnectException: Connection refused
	... 11 more
2019-10-17 21:55:07,676 [d6dfcdd7-fc6e-4b51-b91e-b64503dadc5e@group-F967393F7C93-LeaderElection198] INFO  impl.RaftServerImpl (RaftServerImpl.java:setRole(184)) - d6dfcdd7-fc6e-4b51-b91e-b64503dadc5e@group-F967393F7C93: changes role from CANDIDATE to FOLLOWER at term 193 for DISCOVERED_A_NEW_TERM
2019-10-17 21:55:07,677 [d6dfcdd7-fc6e-4b51-b91e-b64503dadc5e@group-F967393F7C93-LeaderElection198] INFO  impl.RoleInfo (RoleInfo.java:shutdownLeaderElection(134)) - d6dfcdd7-fc6e-4b51-b91e-b64503dadc5e: shutdown LeaderElection
2019-10-17 21:55:07,677 [d6dfcdd7-fc6e-4b51-b91e-b64503dadc5e@group-F967393F7C93-LeaderElection198] INFO  impl.RoleInfo (RoleInfo.java:updateAndGet(143)) - d6dfcdd7-fc6e-4b51-b91e-b64503dadc5e: start FollowerState
2019-10-17 21:55:07,771 [java.util.concurrent.ThreadPoolExecutor$Worker@71aa17a1[State = -1, empty queue]] WARN  server.GrpcLogAppender (GrpcLogAppender.java:timeoutAppendRequest(209)) - de567563-d0dd-4cf2-91b7-f72627909699@group-3097D7458558->db0af43e-c62e-4c1d-affa-ffdb4faae2f8-GrpcLogAppender: appendEntries Timeout, request=de567563-d0dd-4cf2-91b7-f72627909699->db0af43e-c62e-4c1d-affa-ffdb4faae2f8#45-t10, previous=(t:10, i:4), leaderCommit=4, initializing? false, entries: <empty>
2019-10-17 21:55:07,794 [java.util.concurrent.ThreadPoolExecutor$Worker@53372d8e[State = -1, empty queue]] WARN  server.GrpcLogAppender (GrpcLogAppender.java:timeoutAppendRequest(209)) - fff7125c-610a-434d-b194-38800617abc4@group-4FF8CA26B826->c3d1d4b8-f513-489f-ad1a-d9e469eb6c8d-GrpcLogAppender: appendEntries Timeout, request=fff7125c-610a-434d-b194-38800617abc4->c3d1d4b8-f513-489f-ad1a-d9e469eb6c8d#55-t11, previous=(t:11, i:18), leaderCommit=18, initializing? false, entries: <empty>
2019-10-17 21:55:07,820 [Thread-1867] INFO  impl.FollowerState (FollowerState.java:run(108)) - d6dfcdd7-fc6e-4b51-b91e-b64503dadc5e@group-F967393F7C93-FollowerState: change to CANDIDATE, lastRpcTime:143ms, electionTimeout:143ms
2019-10-17 21:55:07,820 [Thread-1867] INFO  impl.RoleInfo (RoleInfo.java:shutdownFollowerState(121)) - d6dfcdd7-fc6e-4b51-b91e-b64503dadc5e: shutdown FollowerState
2019-10-17 21:55:07,821 [Thread-1867] INFO  impl.RaftServerImpl (RaftServerImpl.java:setRole(184)) - d6dfcdd7-fc6e-4b51-b91e-b64503dadc5e@group-F967393F7C93: changes role from  FOLLOWER to CANDIDATE at term 193 for changeToCandidate
2019-10-17 21:55:07,821 [Thread-1867] INFO  impl.RoleInfo (RoleInfo.java:updateAndGet(143)) - d6dfcdd7-fc6e-4b51-b91e-b64503dadc5e: start LeaderElection
2019-10-17 21:55:07,861 [d6dfcdd7-fc6e-4b51-b91e-b64503dadc5e@group-F967393F7C93-LeaderElection199] INFO  impl.LeaderElection (LeaderElection.java:askForVotes(178)) - d6dfcdd7-fc6e-4b51-b91e-b64503dadc5e@group-F967393F7C93-LeaderElection199: begin an election at term 194 for -1: [08d4cbaa-ffed-4411-a5fd-c4a38026aead:192.168.157.223:33910, da15dfee-23f0-4dc4-ad77-c00156c49cfa:192.168.157.223:42172, d6dfcdd7-fc6e-4b51-b91e-b64503dadc5e:192.168.157.223:43575], old=null
2019-10-17 21:55:07,862 [d6dfcdd7-fc6e-4b51-b91e-b64503dadc5e@group-F967393F7C93-LeaderElection199] INFO  impl.LeaderElection (LogUtils.java:infoOrTrace(149)) - d6dfcdd7-fc6e-4b51-b91e-b64503dadc5e@group-F967393F7C93-LeaderElection199 got exception when requesting votes: {}
java.util.concurrent.ExecutionException: org.apache.ratis.thirdparty.io.grpc.StatusRuntimeException: UNAVAILABLE: io exception
	at java.util.concurrent.FutureTask.report(FutureTask.java:122)
	at java.util.concurrent.FutureTask.get(FutureTask.java:192)
	at org.apache.ratis.server.impl.LeaderElection.waitForResults(LeaderElection.java:259)
	at org.apache.ratis.server.impl.LeaderElection.askForVotes(LeaderElection.java:197)
	at org.apache.ratis.server.impl.LeaderElection.run(LeaderElection.java:133)
	at java.lang.Thread.run(Thread.java:748)
Caused by: org.apache.ratis.thirdparty.io.grpc.StatusRuntimeException: UNAVAILABLE: io exception
	at org.apache.ratis.thirdparty.io.grpc.stub.ClientCalls.toStatusRuntimeException(ClientCalls.java:233)
	at org.apache.ratis.thirdparty.io.grpc.stub.ClientCalls.getUnchecked(ClientCalls.java:214)
	at org.apache.ratis.thirdparty.io.grpc.stub.ClientCalls.blockingUnaryCall(ClientCalls.java:139)
	at org.apache.ratis.proto.grpc.RaftServerProtocolServiceGrpc$RaftServerProtocolServiceBlockingStub.requestVote(RaftServerProtocolServiceGrpc.java:265)
	at org.apache.ratis.grpc.server.GrpcServerProtocolClient.requestVote(GrpcServerProtocolClient.java:99)
	at org.apache.ratis.grpc.server.GrpcService.requestVote(GrpcService.java:204)
	at org.apache.ratis.server.impl.LeaderElection.lambda$submitRequests$1(LeaderElection.java:234)
	at java.util.concurrent.FutureTask.run(FutureTask.java:266)
	at java.util.concurrent.Executors$RunnableAdapter.call(Executors.java:511)
	at java.util.concurrent.FutureTask.run(FutureTask.java:266)
	at java.util.concurrent.ThreadPoolExecutor.runWorker(ThreadPoolExecutor.java:1149)
	at java.util.concurrent.ThreadPoolExecutor$Worker.run(ThreadPoolExecutor.java:624)
	... 1 more
Caused by: org.apache.ratis.thirdparty.io.netty.channel.AbstractChannel$AnnotatedConnectException: Connection refused: /192.168.157.223:42172
	at sun.nio.ch.SocketChannelImpl.checkConnect(Native Method)
	at sun.nio.ch.SocketChannelImpl.finishConnect(SocketChannelImpl.java:717)
	at org.apache.ratis.thirdparty.io.netty.channel.socket.nio.NioSocketChannel.doFinishConnect(NioSocketChannel.java:327)
	at org.apache.ratis.thirdparty.io.netty.channel.nio.AbstractNioChannel$AbstractNioUnsafe.finishConnect(AbstractNioChannel.java:340)
	at org.apache.ratis.thirdparty.io.netty.channel.nio.NioEventLoop.processSelectedKey(NioEventLoop.java:632)
	at org.apache.ratis.thirdparty.io.netty.channel.nio.NioEventLoop.processSelectedKeysOptimized(NioEventLoop.java:579)
	at org.apache.ratis.thirdparty.io.netty.channel.nio.NioEventLoop.processSelectedKeys(NioEventLoop.java:496)
	at org.apache.ratis.thirdparty.io.netty.channel.nio.NioEventLoop.run(NioEventLoop.java:458)
	at org.apache.ratis.thirdparty.io.netty.util.concurrent.SingleThreadEventExecutor$5.run(SingleThreadEventExecutor.java:897)
	at org.apache.ratis.thirdparty.io.netty.util.concurrent.FastThreadLocalRunnable.run(FastThreadLocalRunnable.java:30)
	... 1 more
Caused by: java.net.ConnectException: Connection refused
	... 11 more
2019-10-17 21:55:07,866 [grpc-default-executor-1] INFO  impl.RaftServerImpl (RaftServerImpl.java:setRole(184)) - 08d4cbaa-ffed-4411-a5fd-c4a38026aead@group-F967393F7C93: changes role from  FOLLOWER to FOLLOWER at term 194 for recognizeCandidate:d6dfcdd7-fc6e-4b51-b91e-b64503dadc5e
2019-10-17 21:55:07,866 [grpc-default-executor-1] INFO  impl.RoleInfo (RoleInfo.java:shutdownFollowerState(121)) - 08d4cbaa-ffed-4411-a5fd-c4a38026aead: shutdown FollowerState
2019-10-17 21:55:07,866 [grpc-default-executor-1] INFO  impl.RoleInfo (RoleInfo.java:updateAndGet(143)) - 08d4cbaa-ffed-4411-a5fd-c4a38026aead: start FollowerState
2019-10-17 21:55:07,866 [Thread-1866] INFO  impl.FollowerState (FollowerState.java:run(117)) - 08d4cbaa-ffed-4411-a5fd-c4a38026aead@group-F967393F7C93-FollowerState was interrupted: java.lang.InterruptedException: sleep interrupted
2019-10-17 21:55:07,867 [d6dfcdd7-fc6e-4b51-b91e-b64503dadc5e@group-F967393F7C93-LeaderElection199] INFO  impl.LeaderElection (LeaderElection.java:logAndReturn(56)) - d6dfcdd7-fc6e-4b51-b91e-b64503dadc5e@group-F967393F7C93-LeaderElection199: Election TIMEOUT; received 0 response(s) [] and 1 exception(s); d6dfcdd7-fc6e-4b51-b91e-b64503dadc5e@group-F967393F7C93:t194, leader=null, voted=d6dfcdd7-fc6e-4b51-b91e-b64503dadc5e, raftlog=d6dfcdd7-fc6e-4b51-b91e-b64503dadc5e@group-F967393F7C93-SegmentedRaftLog:OPENED:c-1,f-1,i0, conf=-1: [08d4cbaa-ffed-4411-a5fd-c4a38026aead:192.168.157.223:33910, da15dfee-23f0-4dc4-ad77-c00156c49cfa:192.168.157.223:42172, d6dfcdd7-fc6e-4b51-b91e-b64503dadc5e:192.168.157.223:43575], old=null
2019-10-17 21:55:07,867 [d6dfcdd7-fc6e-4b51-b91e-b64503dadc5e@group-F967393F7C93-LeaderElection199] INFO  impl.LeaderElection (LogUtils.java:infoOrTrace(149)) -   Exception 0: {}
java.util.concurrent.ExecutionException: org.apache.ratis.thirdparty.io.grpc.StatusRuntimeException: UNAVAILABLE: io exception
	at java.util.concurrent.FutureTask.report(FutureTask.java:122)
	at java.util.concurrent.FutureTask.get(FutureTask.java:192)
	at org.apache.ratis.server.impl.LeaderElection.waitForResults(LeaderElection.java:259)
	at org.apache.ratis.server.impl.LeaderElection.askForVotes(LeaderElection.java:197)
	at org.apache.ratis.server.impl.LeaderElection.run(LeaderElection.java:133)
	at java.lang.Thread.run(Thread.java:748)
Caused by: org.apache.ratis.thirdparty.io.grpc.StatusRuntimeException: UNAVAILABLE: io exception
	at org.apache.ratis.thirdparty.io.grpc.stub.ClientCalls.toStatusRuntimeException(ClientCalls.java:233)
	at org.apache.ratis.thirdparty.io.grpc.stub.ClientCalls.getUnchecked(ClientCalls.java:214)
	at org.apache.ratis.thirdparty.io.grpc.stub.ClientCalls.blockingUnaryCall(ClientCalls.java:139)
	at org.apache.ratis.proto.grpc.RaftServerProtocolServiceGrpc$RaftServerProtocolServiceBlockingStub.requestVote(RaftServerProtocolServiceGrpc.java:265)
	at org.apache.ratis.grpc.server.GrpcServerProtocolClient.requestVote(GrpcServerProtocolClient.java:99)
	at org.apache.ratis.grpc.server.GrpcService.requestVote(GrpcService.java:204)
	at org.apache.ratis.server.impl.LeaderElection.lambda$submitRequests$1(LeaderElection.java:234)
	at java.util.concurrent.FutureTask.run(FutureTask.java:266)
	at java.util.concurrent.Executors$RunnableAdapter.call(Executors.java:511)
	at java.util.concurrent.FutureTask.run(FutureTask.java:266)
	at java.util.concurrent.ThreadPoolExecutor.runWorker(ThreadPoolExecutor.java:1149)
	at java.util.concurrent.ThreadPoolExecutor$Worker.run(ThreadPoolExecutor.java:624)
	... 1 more
Caused by: org.apache.ratis.thirdparty.io.netty.channel.AbstractChannel$AnnotatedConnectException: Connection refused: /192.168.157.223:42172
	at sun.nio.ch.SocketChannelImpl.checkConnect(Native Method)
	at sun.nio.ch.SocketChannelImpl.finishConnect(SocketChannelImpl.java:717)
	at org.apache.ratis.thirdparty.io.netty.channel.socket.nio.NioSocketChannel.doFinishConnect(NioSocketChannel.java:327)
	at org.apache.ratis.thirdparty.io.netty.channel.nio.AbstractNioChannel$AbstractNioUnsafe.finishConnect(AbstractNioChannel.java:340)
	at org.apache.ratis.thirdparty.io.netty.channel.nio.NioEventLoop.processSelectedKey(NioEventLoop.java:632)
	at org.apache.ratis.thirdparty.io.netty.channel.nio.NioEventLoop.processSelectedKeysOptimized(NioEventLoop.java:579)
	at org.apache.ratis.thirdparty.io.netty.channel.nio.NioEventLoop.processSelectedKeys(NioEventLoop.java:496)
	at org.apache.ratis.thirdparty.io.netty.channel.nio.NioEventLoop.run(NioEventLoop.java:458)
	at org.apache.ratis.thirdparty.io.netty.util.concurrent.SingleThreadEventExecutor$5.run(SingleThreadEventExecutor.java:897)
	at org.apache.ratis.thirdparty.io.netty.util.concurrent.FastThreadLocalRunnable.run(FastThreadLocalRunnable.java:30)
	... 1 more
Caused by: java.net.ConnectException: Connection refused
	... 11 more
2019-10-17 21:55:07,882 [d6dfcdd7-fc6e-4b51-b91e-b64503dadc5e@group-F967393F7C93-LeaderElection199] INFO  impl.LeaderElection (LeaderElection.java:askForVotes(178)) - d6dfcdd7-fc6e-4b51-b91e-b64503dadc5e@group-F967393F7C93-LeaderElection199: begin an election at term 195 for -1: [08d4cbaa-ffed-4411-a5fd-c4a38026aead:192.168.157.223:33910, da15dfee-23f0-4dc4-ad77-c00156c49cfa:192.168.157.223:42172, d6dfcdd7-fc6e-4b51-b91e-b64503dadc5e:192.168.157.223:43575], old=null
2019-10-17 21:55:07,883 [d6dfcdd7-fc6e-4b51-b91e-b64503dadc5e@group-F967393F7C93-LeaderElection199] INFO  impl.LeaderElection (LogUtils.java:infoOrTrace(149)) - d6dfcdd7-fc6e-4b51-b91e-b64503dadc5e@group-F967393F7C93-LeaderElection199 got exception when requesting votes: {}
java.util.concurrent.ExecutionException: org.apache.ratis.thirdparty.io.grpc.StatusRuntimeException: UNAVAILABLE: io exception
	at java.util.concurrent.FutureTask.report(FutureTask.java:122)
	at java.util.concurrent.FutureTask.get(FutureTask.java:192)
	at org.apache.ratis.server.impl.LeaderElection.waitForResults(LeaderElection.java:259)
	at org.apache.ratis.server.impl.LeaderElection.askForVotes(LeaderElection.java:197)
	at org.apache.ratis.server.impl.LeaderElection.run(LeaderElection.java:133)
	at java.lang.Thread.run(Thread.java:748)
Caused by: org.apache.ratis.thirdparty.io.grpc.StatusRuntimeException: UNAVAILABLE: io exception
	at org.apache.ratis.thirdparty.io.grpc.stub.ClientCalls.toStatusRuntimeException(ClientCalls.java:233)
	at org.apache.ratis.thirdparty.io.grpc.stub.ClientCalls.getUnchecked(ClientCalls.java:214)
	at org.apache.ratis.thirdparty.io.grpc.stub.ClientCalls.blockingUnaryCall(ClientCalls.java:139)
	at org.apache.ratis.proto.grpc.RaftServerProtocolServiceGrpc$RaftServerProtocolServiceBlockingStub.requestVote(RaftServerProtocolServiceGrpc.java:265)
	at org.apache.ratis.grpc.server.GrpcServerProtocolClient.requestVote(GrpcServerProtocolClient.java:99)
	at org.apache.ratis.grpc.server.GrpcService.requestVote(GrpcService.java:204)
	at org.apache.ratis.server.impl.LeaderElection.lambda$submitRequests$1(LeaderElection.java:234)
	at java.util.concurrent.FutureTask.run(FutureTask.java:266)
	at java.util.concurrent.Executors$RunnableAdapter.call(Executors.java:511)
	at java.util.concurrent.FutureTask.run(FutureTask.java:266)
	at java.util.concurrent.ThreadPoolExecutor.runWorker(ThreadPoolExecutor.java:1149)
	at java.util.concurrent.ThreadPoolExecutor$Worker.run(ThreadPoolExecutor.java:624)
	... 1 more
Caused by: org.apache.ratis.thirdparty.io.netty.channel.AbstractChannel$AnnotatedConnectException: Connection refused: /192.168.157.223:42172
	at sun.nio.ch.SocketChannelImpl.checkConnect(Native Method)
	at sun.nio.ch.SocketChannelImpl.finishConnect(SocketChannelImpl.java:717)
	at org.apache.ratis.thirdparty.io.netty.channel.socket.nio.NioSocketChannel.doFinishConnect(NioSocketChannel.java:327)
	at org.apache.ratis.thirdparty.io.netty.channel.nio.AbstractNioChannel$AbstractNioUnsafe.finishConnect(AbstractNioChannel.java:340)
	at org.apache.ratis.thirdparty.io.netty.channel.nio.NioEventLoop.processSelectedKey(NioEventLoop.java:632)
	at org.apache.ratis.thirdparty.io.netty.channel.nio.NioEventLoop.processSelectedKeysOptimized(NioEventLoop.java:579)
	at org.apache.ratis.thirdparty.io.netty.channel.nio.NioEventLoop.processSelectedKeys(NioEventLoop.java:496)
	at org.apache.ratis.thirdparty.io.netty.channel.nio.NioEventLoop.run(NioEventLoop.java:458)
	at org.apache.ratis.thirdparty.io.netty.util.concurrent.SingleThreadEventExecutor$5.run(SingleThreadEventExecutor.java:897)
	at org.apache.ratis.thirdparty.io.netty.util.concurrent.FastThreadLocalRunnable.run(FastThreadLocalRunnable.java:30)
	... 1 more
Caused by: java.net.ConnectException: Connection refused
	... 11 more
2019-10-17 21:55:07,885 [grpc-default-executor-1] INFO  impl.RaftServerImpl (RaftServerImpl.java:setRole(184)) - 08d4cbaa-ffed-4411-a5fd-c4a38026aead@group-F967393F7C93: changes role from  FOLLOWER to FOLLOWER at term 195 for recognizeCandidate:d6dfcdd7-fc6e-4b51-b91e-b64503dadc5e
2019-10-17 21:55:07,885 [grpc-default-executor-1] INFO  impl.RoleInfo (RoleInfo.java:shutdownFollowerState(121)) - 08d4cbaa-ffed-4411-a5fd-c4a38026aead: shutdown FollowerState
2019-10-17 21:55:07,885 [grpc-default-executor-1] INFO  impl.RoleInfo (RoleInfo.java:updateAndGet(143)) - 08d4cbaa-ffed-4411-a5fd-c4a38026aead: start FollowerState
2019-10-17 21:55:07,885 [Thread-1872] INFO  impl.FollowerState (FollowerState.java:run(117)) - 08d4cbaa-ffed-4411-a5fd-c4a38026aead@group-F967393F7C93-FollowerState was interrupted: java.lang.InterruptedException: sleep interrupted
2019-10-17 21:55:07,892 [d6dfcdd7-fc6e-4b51-b91e-b64503dadc5e@group-F967393F7C93-LeaderElection199] INFO  impl.LeaderElection (LeaderElection.java:logAndReturn(56)) - d6dfcdd7-fc6e-4b51-b91e-b64503dadc5e@group-F967393F7C93-LeaderElection199: Election TIMEOUT; received 0 response(s) [] and 1 exception(s); d6dfcdd7-fc6e-4b51-b91e-b64503dadc5e@group-F967393F7C93:t195, leader=null, voted=d6dfcdd7-fc6e-4b51-b91e-b64503dadc5e, raftlog=d6dfcdd7-fc6e-4b51-b91e-b64503dadc5e@group-F967393F7C93-SegmentedRaftLog:OPENED:c-1,f-1,i0, conf=-1: [08d4cbaa-ffed-4411-a5fd-c4a38026aead:192.168.157.223:33910, da15dfee-23f0-4dc4-ad77-c00156c49cfa:192.168.157.223:42172, d6dfcdd7-fc6e-4b51-b91e-b64503dadc5e:192.168.157.223:43575], old=null
2019-10-17 21:55:07,893 [d6dfcdd7-fc6e-4b51-b91e-b64503dadc5e@group-F967393F7C93-LeaderElection199] INFO  impl.LeaderElection (LogUtils.java:infoOrTrace(149)) -   Exception 0: {}
java.util.concurrent.ExecutionException: org.apache.ratis.thirdparty.io.grpc.StatusRuntimeException: UNAVAILABLE: io exception
	at java.util.concurrent.FutureTask.report(FutureTask.java:122)
	at java.util.concurrent.FutureTask.get(FutureTask.java:192)
	at org.apache.ratis.server.impl.LeaderElection.waitForResults(LeaderElection.java:259)
	at org.apache.ratis.server.impl.LeaderElection.askForVotes(LeaderElection.java:197)
	at org.apache.ratis.server.impl.LeaderElection.run(LeaderElection.java:133)
	at java.lang.Thread.run(Thread.java:748)
Caused by: org.apache.ratis.thirdparty.io.grpc.StatusRuntimeException: UNAVAILABLE: io exception
	at org.apache.ratis.thirdparty.io.grpc.stub.ClientCalls.toStatusRuntimeException(ClientCalls.java:233)
	at org.apache.ratis.thirdparty.io.grpc.stub.ClientCalls.getUnchecked(ClientCalls.java:214)
	at org.apache.ratis.thirdparty.io.grpc.stub.ClientCalls.blockingUnaryCall(ClientCalls.java:139)
	at org.apache.ratis.proto.grpc.RaftServerProtocolServiceGrpc$RaftServerProtocolServiceBlockingStub.requestVote(RaftServerProtocolServiceGrpc.java:265)
	at org.apache.ratis.grpc.server.GrpcServerProtocolClient.requestVote(GrpcServerProtocolClient.java:99)
	at org.apache.ratis.grpc.server.GrpcService.requestVote(GrpcService.java:204)
	at org.apache.ratis.server.impl.LeaderElection.lambda$submitRequests$1(LeaderElection.java:234)
	at java.util.concurrent.FutureTask.run(FutureTask.java:266)
	at java.util.concurrent.Executors$RunnableAdapter.call(Executors.java:511)
	at java.util.concurrent.FutureTask.run(FutureTask.java:266)
	at java.util.concurrent.ThreadPoolExecutor.runWorker(ThreadPoolExecutor.java:1149)
	at java.util.concurrent.ThreadPoolExecutor$Worker.run(ThreadPoolExecutor.java:624)
	... 1 more
Caused by: org.apache.ratis.thirdparty.io.netty.channel.AbstractChannel$AnnotatedConnectException: Connection refused: /192.168.157.223:42172
	at sun.nio.ch.SocketChannelImpl.checkConnect(Native Method)
	at sun.nio.ch.SocketChannelImpl.finishConnect(SocketChannelImpl.java:717)
	at org.apache.ratis.thirdparty.io.netty.channel.socket.nio.NioSocketChannel.doFinishConnect(NioSocketChannel.java:327)
	at org.apache.ratis.thirdparty.io.netty.channel.nio.AbstractNioChannel$AbstractNioUnsafe.finishConnect(AbstractNioChannel.java:340)
	at org.apache.ratis.thirdparty.io.netty.channel.nio.NioEventLoop.processSelectedKey(NioEventLoop.java:632)
	at org.apache.ratis.thirdparty.io.netty.channel.nio.NioEventLoop.processSelectedKeysOptimized(NioEventLoop.java:579)
	at org.apache.ratis.thirdparty.io.netty.channel.nio.NioEventLoop.processSelectedKeys(NioEventLoop.java:496)
	at org.apache.ratis.thirdparty.io.netty.channel.nio.NioEventLoop.run(NioEventLoop.java:458)
	at org.apache.ratis.thirdparty.io.netty.util.concurrent.SingleThreadEventExecutor$5.run(SingleThreadEventExecutor.java:897)
	at org.apache.ratis.thirdparty.io.netty.util.concurrent.FastThreadLocalRunnable.run(FastThreadLocalRunnable.java:30)
	... 1 more
Caused by: java.net.ConnectException: Connection refused
	... 11 more
2019-10-17 21:55:07,911 [d6dfcdd7-fc6e-4b51-b91e-b64503dadc5e@group-F967393F7C93-LeaderElection199] INFO  impl.LeaderElection (LeaderElection.java:askForVotes(178)) - d6dfcdd7-fc6e-4b51-b91e-b64503dadc5e@group-F967393F7C93-LeaderElection199: begin an election at term 196 for -1: [08d4cbaa-ffed-4411-a5fd-c4a38026aead:192.168.157.223:33910, da15dfee-23f0-4dc4-ad77-c00156c49cfa:192.168.157.223:42172, d6dfcdd7-fc6e-4b51-b91e-b64503dadc5e:192.168.157.223:43575], old=null
2019-10-17 21:55:07,912 [d6dfcdd7-fc6e-4b51-b91e-b64503dadc5e@group-F967393F7C93-LeaderElection199] INFO  impl.LeaderElection (LogUtils.java:infoOrTrace(149)) - d6dfcdd7-fc6e-4b51-b91e-b64503dadc5e@group-F967393F7C93-LeaderElection199 got exception when requesting votes: {}
java.util.concurrent.ExecutionException: org.apache.ratis.thirdparty.io.grpc.StatusRuntimeException: UNAVAILABLE: io exception
	at java.util.concurrent.FutureTask.report(FutureTask.java:122)
	at java.util.concurrent.FutureTask.get(FutureTask.java:192)
	at org.apache.ratis.server.impl.LeaderElection.waitForResults(LeaderElection.java:259)
	at org.apache.ratis.server.impl.LeaderElection.askForVotes(LeaderElection.java:197)
	at org.apache.ratis.server.impl.LeaderElection.run(LeaderElection.java:133)
	at java.lang.Thread.run(Thread.java:748)
Caused by: org.apache.ratis.thirdparty.io.grpc.StatusRuntimeException: UNAVAILABLE: io exception
	at org.apache.ratis.thirdparty.io.grpc.stub.ClientCalls.toStatusRuntimeException(ClientCalls.java:233)
	at org.apache.ratis.thirdparty.io.grpc.stub.ClientCalls.getUnchecked(ClientCalls.java:214)
	at org.apache.ratis.thirdparty.io.grpc.stub.ClientCalls.blockingUnaryCall(ClientCalls.java:139)
	at org.apache.ratis.proto.grpc.RaftServerProtocolServiceGrpc$RaftServerProtocolServiceBlockingStub.requestVote(RaftServerProtocolServiceGrpc.java:265)
	at org.apache.ratis.grpc.server.GrpcServerProtocolClient.requestVote(GrpcServerProtocolClient.java:99)
	at org.apache.ratis.grpc.server.GrpcService.requestVote(GrpcService.java:204)
	at org.apache.ratis.server.impl.LeaderElection.lambda$submitRequests$1(LeaderElection.java:234)
	at java.util.concurrent.FutureTask.run(FutureTask.java:266)
	at java.util.concurrent.Executors$RunnableAdapter.call(Executors.java:511)
	at java.util.concurrent.FutureTask.run(FutureTask.java:266)
	at java.util.concurrent.ThreadPoolExecutor.runWorker(ThreadPoolExecutor.java:1149)
	at java.util.concurrent.ThreadPoolExecutor$Worker.run(ThreadPoolExecutor.java:624)
	... 1 more
Caused by: org.apache.ratis.thirdparty.io.netty.channel.AbstractChannel$AnnotatedConnectException: Connection refused: /192.168.157.223:42172
	at sun.nio.ch.SocketChannelImpl.checkConnect(Native Method)
	at sun.nio.ch.SocketChannelImpl.finishConnect(SocketChannelImpl.java:717)
	at org.apache.ratis.thirdparty.io.netty.channel.socket.nio.NioSocketChannel.doFinishConnect(NioSocketChannel.java:327)
	at org.apache.ratis.thirdparty.io.netty.channel.nio.AbstractNioChannel$AbstractNioUnsafe.finishConnect(AbstractNioChannel.java:340)
	at org.apache.ratis.thirdparty.io.netty.channel.nio.NioEventLoop.processSelectedKey(NioEventLoop.java:632)
	at org.apache.ratis.thirdparty.io.netty.channel.nio.NioEventLoop.processSelectedKeysOptimized(NioEventLoop.java:579)
	at org.apache.ratis.thirdparty.io.netty.channel.nio.NioEventLoop.processSelectedKeys(NioEventLoop.java:496)
	at org.apache.ratis.thirdparty.io.netty.channel.nio.NioEventLoop.run(NioEventLoop.java:458)
	at org.apache.ratis.thirdparty.io.netty.util.concurrent.SingleThreadEventExecutor$5.run(SingleThreadEventExecutor.java:897)
	at org.apache.ratis.thirdparty.io.netty.util.concurrent.FastThreadLocalRunnable.run(FastThreadLocalRunnable.java:30)
	... 1 more
Caused by: java.net.ConnectException: Connection refused
	... 11 more
2019-10-17 21:55:07,914 [grpc-default-executor-1] INFO  impl.RaftServerImpl (RaftServerImpl.java:setRole(184)) - 08d4cbaa-ffed-4411-a5fd-c4a38026aead@group-F967393F7C93: changes role from  FOLLOWER to FOLLOWER at term 196 for recognizeCandidate:d6dfcdd7-fc6e-4b51-b91e-b64503dadc5e
2019-10-17 21:55:07,915 [grpc-default-executor-1] INFO  impl.RoleInfo (RoleInfo.java:shutdownFollowerState(121)) - 08d4cbaa-ffed-4411-a5fd-c4a38026aead: shutdown FollowerState
2019-10-17 21:55:07,915 [grpc-default-executor-1] INFO  impl.RoleInfo (RoleInfo.java:updateAndGet(143)) - 08d4cbaa-ffed-4411-a5fd-c4a38026aead: start FollowerState
2019-10-17 21:55:07,915 [Thread-1875] INFO  impl.FollowerState (FollowerState.java:run(117)) - 08d4cbaa-ffed-4411-a5fd-c4a38026aead@group-F967393F7C93-FollowerState was interrupted: java.lang.InterruptedException: sleep interrupted
2019-10-17 21:55:07,928 [d6dfcdd7-fc6e-4b51-b91e-b64503dadc5e@group-F967393F7C93-LeaderElection199] INFO  impl.LeaderElection (LeaderElection.java:logAndReturn(56)) - d6dfcdd7-fc6e-4b51-b91e-b64503dadc5e@group-F967393F7C93-LeaderElection199: Election REJECTED; received 1 response(s) [d6dfcdd7-fc6e-4b51-b91e-b64503dadc5e<-08d4cbaa-ffed-4411-a5fd-c4a38026aead#0:FAIL-t196] and 1 exception(s); d6dfcdd7-fc6e-4b51-b91e-b64503dadc5e@group-F967393F7C93:t196, leader=null, voted=d6dfcdd7-fc6e-4b51-b91e-b64503dadc5e, raftlog=d6dfcdd7-fc6e-4b51-b91e-b64503dadc5e@group-F967393F7C93-SegmentedRaftLog:OPENED:c-1,f-1,i0, conf=-1: [08d4cbaa-ffed-4411-a5fd-c4a38026aead:192.168.157.223:33910, da15dfee-23f0-4dc4-ad77-c00156c49cfa:192.168.157.223:42172, d6dfcdd7-fc6e-4b51-b91e-b64503dadc5e:192.168.157.223:43575], old=null
2019-10-17 21:55:07,928 [d6dfcdd7-fc6e-4b51-b91e-b64503dadc5e@group-F967393F7C93-LeaderElection199] INFO  impl.LeaderElection (LogUtils.java:infoOrTrace(149)) -   Exception 0: {}
java.util.concurrent.ExecutionException: org.apache.ratis.thirdparty.io.grpc.StatusRuntimeException: UNAVAILABLE: io exception
	at java.util.concurrent.FutureTask.report(FutureTask.java:122)
	at java.util.concurrent.FutureTask.get(FutureTask.java:192)
	at org.apache.ratis.server.impl.LeaderElection.waitForResults(LeaderElection.java:259)
	at org.apache.ratis.server.impl.LeaderElection.askForVotes(LeaderElection.java:197)
	at org.apache.ratis.server.impl.LeaderElection.run(LeaderElection.java:133)
	at java.lang.Thread.run(Thread.java:748)
Caused by: org.apache.ratis.thirdparty.io.grpc.StatusRuntimeException: UNAVAILABLE: io exception
	at org.apache.ratis.thirdparty.io.grpc.stub.ClientCalls.toStatusRuntimeException(ClientCalls.java:233)
	at org.apache.ratis.thirdparty.io.grpc.stub.ClientCalls.getUnchecked(ClientCalls.java:214)
	at org.apache.ratis.thirdparty.io.grpc.stub.ClientCalls.blockingUnaryCall(ClientCalls.java:139)
	at org.apache.ratis.proto.grpc.RaftServerProtocolServiceGrpc$RaftServerProtocolServiceBlockingStub.requestVote(RaftServerProtocolServiceGrpc.java:265)
	at org.apache.ratis.grpc.server.GrpcServerProtocolClient.requestVote(GrpcServerProtocolClient.java:99)
	at org.apache.ratis.grpc.server.GrpcService.requestVote(GrpcService.java:204)
	at org.apache.ratis.server.impl.LeaderElection.lambda$submitRequests$1(LeaderElection.java:234)
	at java.util.concurrent.FutureTask.run(FutureTask.java:266)
	at java.util.concurrent.Executors$RunnableAdapter.call(Executors.java:511)
	at java.util.concurrent.FutureTask.run(FutureTask.java:266)
	at java.util.concurrent.ThreadPoolExecutor.runWorker(ThreadPoolExecutor.java:1149)
	at java.util.concurrent.ThreadPoolExecutor$Worker.run(ThreadPoolExecutor.java:624)
	... 1 more
Caused by: org.apache.ratis.thirdparty.io.netty.channel.AbstractChannel$AnnotatedConnectException: Connection refused: /192.168.157.223:42172
	at sun.nio.ch.SocketChannelImpl.checkConnect(Native Method)
	at sun.nio.ch.SocketChannelImpl.finishConnect(SocketChannelImpl.java:717)
	at org.apache.ratis.thirdparty.io.netty.channel.socket.nio.NioSocketChannel.doFinishConnect(NioSocketChannel.java:327)
	at org.apache.ratis.thirdparty.io.netty.channel.nio.AbstractNioChannel$AbstractNioUnsafe.finishConnect(AbstractNioChannel.java:340)
	at org.apache.ratis.thirdparty.io.netty.channel.nio.NioEventLoop.processSelectedKey(NioEventLoop.java:632)
	at org.apache.ratis.thirdparty.io.netty.channel.nio.NioEventLoop.processSelectedKeysOptimized(NioEventLoop.java:579)
	at org.apache.ratis.thirdparty.io.netty.channel.nio.NioEventLoop.processSelectedKeys(NioEventLoop.java:496)
	at org.apache.ratis.thirdparty.io.netty.channel.nio.NioEventLoop.run(NioEventLoop.java:458)
	at org.apache.ratis.thirdparty.io.netty.util.concurrent.SingleThreadEventExecutor$5.run(SingleThreadEventExecutor.java:897)
	at org.apache.ratis.thirdparty.io.netty.util.concurrent.FastThreadLocalRunnable.run(FastThreadLocalRunnable.java:30)
	... 1 more
Caused by: java.net.ConnectException: Connection refused
	... 11 more
2019-10-17 21:55:07,928 [d6dfcdd7-fc6e-4b51-b91e-b64503dadc5e@group-F967393F7C93-LeaderElection199] INFO  impl.RaftServerImpl (RaftServerImpl.java:setRole(184)) - d6dfcdd7-fc6e-4b51-b91e-b64503dadc5e@group-F967393F7C93: changes role from CANDIDATE to FOLLOWER at term 196 for DISCOVERED_A_NEW_TERM
2019-10-17 21:55:07,929 [d6dfcdd7-fc6e-4b51-b91e-b64503dadc5e@group-F967393F7C93-LeaderElection199] INFO  impl.RoleInfo (RoleInfo.java:shutdownLeaderElection(134)) - d6dfcdd7-fc6e-4b51-b91e-b64503dadc5e: shutdown LeaderElection
2019-10-17 21:55:07,929 [d6dfcdd7-fc6e-4b51-b91e-b64503dadc5e@group-F967393F7C93-LeaderElection199] INFO  impl.RoleInfo (RoleInfo.java:updateAndGet(143)) - d6dfcdd7-fc6e-4b51-b91e-b64503dadc5e: start FollowerState
2019-10-17 21:55:07,929 [Thread-1879] INFO  impl.FollowerState (FollowerState.java:run(108)) - d6dfcdd7-fc6e-4b51-b91e-b64503dadc5e@group-F967393F7C93-FollowerState: change to CANDIDATE, lastRpcTime:0ms, electionTimeout:0ms
2019-10-17 21:55:07,929 [Thread-1879] INFO  impl.RoleInfo (RoleInfo.java:shutdownFollowerState(121)) - d6dfcdd7-fc6e-4b51-b91e-b64503dadc5e: shutdown FollowerState
2019-10-17 21:55:07,929 [Thread-1879] INFO  impl.RaftServerImpl (RaftServerImpl.java:setRole(184)) - d6dfcdd7-fc6e-4b51-b91e-b64503dadc5e@group-F967393F7C93: changes role from  FOLLOWER to CANDIDATE at term 196 for changeToCandidate
2019-10-17 21:55:07,929 [Thread-1879] INFO  impl.RoleInfo (RoleInfo.java:updateAndGet(143)) - d6dfcdd7-fc6e-4b51-b91e-b64503dadc5e: start LeaderElection
2019-10-17 21:55:07,942 [d6dfcdd7-fc6e-4b51-b91e-b64503dadc5e@group-F967393F7C93-LeaderElection200] INFO  impl.LeaderElection (LeaderElection.java:askForVotes(178)) - d6dfcdd7-fc6e-4b51-b91e-b64503dadc5e@group-F967393F7C93-LeaderElection200: begin an election at term 197 for -1: [08d4cbaa-ffed-4411-a5fd-c4a38026aead:192.168.157.223:33910, da15dfee-23f0-4dc4-ad77-c00156c49cfa:192.168.157.223:42172, d6dfcdd7-fc6e-4b51-b91e-b64503dadc5e:192.168.157.223:43575], old=null
2019-10-17 21:55:07,943 [d6dfcdd7-fc6e-4b51-b91e-b64503dadc5e@group-F967393F7C93-LeaderElection200] INFO  impl.LeaderElection (LogUtils.java:infoOrTrace(149)) - d6dfcdd7-fc6e-4b51-b91e-b64503dadc5e@group-F967393F7C93-LeaderElection200 got exception when requesting votes: {}
java.util.concurrent.ExecutionException: org.apache.ratis.thirdparty.io.grpc.StatusRuntimeException: UNAVAILABLE: io exception
	at java.util.concurrent.FutureTask.report(FutureTask.java:122)
	at java.util.concurrent.FutureTask.get(FutureTask.java:192)
	at org.apache.ratis.server.impl.LeaderElection.waitForResults(LeaderElection.java:259)
	at org.apache.ratis.server.impl.LeaderElection.askForVotes(LeaderElection.java:197)
	at org.apache.ratis.server.impl.LeaderElection.run(LeaderElection.java:133)
	at java.lang.Thread.run(Thread.java:748)
Caused by: org.apache.ratis.thirdparty.io.grpc.StatusRuntimeException: UNAVAILABLE: io exception
	at org.apache.ratis.thirdparty.io.grpc.stub.ClientCalls.toStatusRuntimeException(ClientCalls.java:233)
	at org.apache.ratis.thirdparty.io.grpc.stub.ClientCalls.getUnchecked(ClientCalls.java:214)
	at org.apache.ratis.thirdparty.io.grpc.stub.ClientCalls.blockingUnaryCall(ClientCalls.java:139)
	at org.apache.ratis.proto.grpc.RaftServerProtocolServiceGrpc$RaftServerProtocolServiceBlockingStub.requestVote(RaftServerProtocolServiceGrpc.java:265)
	at org.apache.ratis.grpc.server.GrpcServerProtocolClient.requestVote(GrpcServerProtocolClient.java:99)
	at org.apache.ratis.grpc.server.GrpcService.requestVote(GrpcService.java:204)
	at org.apache.ratis.server.impl.LeaderElection.lambda$submitRequests$1(LeaderElection.java:234)
	at java.util.concurrent.FutureTask.run(FutureTask.java:266)
	at java.util.concurrent.Executors$RunnableAdapter.call(Executors.java:511)
	at java.util.concurrent.FutureTask.run(FutureTask.java:266)
	at java.util.concurrent.ThreadPoolExecutor.runWorker(ThreadPoolExecutor.java:1149)
	at java.util.concurrent.ThreadPoolExecutor$Worker.run(ThreadPoolExecutor.java:624)
	... 1 more
Caused by: org.apache.ratis.thirdparty.io.netty.channel.AbstractChannel$AnnotatedConnectException: Connection refused: /192.168.157.223:42172
	at sun.nio.ch.SocketChannelImpl.checkConnect(Native Method)
	at sun.nio.ch.SocketChannelImpl.finishConnect(SocketChannelImpl.java:717)
	at org.apache.ratis.thirdparty.io.netty.channel.socket.nio.NioSocketChannel.doFinishConnect(NioSocketChannel.java:327)
	at org.apache.ratis.thirdparty.io.netty.channel.nio.AbstractNioChannel$AbstractNioUnsafe.finishConnect(AbstractNioChannel.java:340)
	at org.apache.ratis.thirdparty.io.netty.channel.nio.NioEventLoop.processSelectedKey(NioEventLoop.java:632)
	at org.apache.ratis.thirdparty.io.netty.channel.nio.NioEventLoop.processSelectedKeysOptimized(NioEventLoop.java:579)
	at org.apache.ratis.thirdparty.io.netty.channel.nio.NioEventLoop.processSelectedKeys(NioEventLoop.java:496)
	at org.apache.ratis.thirdparty.io.netty.channel.nio.NioEventLoop.run(NioEventLoop.java:458)
	at org.apache.ratis.thirdparty.io.netty.util.concurrent.SingleThreadEventExecutor$5.run(SingleThreadEventExecutor.java:897)
	at org.apache.ratis.thirdparty.io.netty.util.concurrent.FastThreadLocalRunnable.run(FastThreadLocalRunnable.java:30)
	... 1 more
Caused by: java.net.ConnectException: Connection refused
	... 11 more
2019-10-17 21:55:07,945 [grpc-default-executor-1] INFO  impl.RaftServerImpl (RaftServerImpl.java:setRole(184)) - 08d4cbaa-ffed-4411-a5fd-c4a38026aead@group-F967393F7C93: changes role from  FOLLOWER to FOLLOWER at term 197 for recognizeCandidate:d6dfcdd7-fc6e-4b51-b91e-b64503dadc5e
2019-10-17 21:55:07,946 [grpc-default-executor-1] INFO  impl.RoleInfo (RoleInfo.java:shutdownFollowerState(121)) - 08d4cbaa-ffed-4411-a5fd-c4a38026aead: shutdown FollowerState
2019-10-17 21:55:07,946 [grpc-default-executor-1] INFO  impl.RoleInfo (RoleInfo.java:updateAndGet(143)) - 08d4cbaa-ffed-4411-a5fd-c4a38026aead: start FollowerState
2019-10-17 21:55:07,946 [Thread-1878] INFO  impl.FollowerState (FollowerState.java:run(117)) - 08d4cbaa-ffed-4411-a5fd-c4a38026aead@group-F967393F7C93-FollowerState was interrupted: java.lang.InterruptedException: sleep interrupted
2019-10-17 21:55:07,959 [d6dfcdd7-fc6e-4b51-b91e-b64503dadc5e@group-F967393F7C93-LeaderElection200] INFO  impl.LeaderElection (LeaderElection.java:logAndReturn(56)) - d6dfcdd7-fc6e-4b51-b91e-b64503dadc5e@group-F967393F7C93-LeaderElection200: Election REJECTED; received 1 response(s) [d6dfcdd7-fc6e-4b51-b91e-b64503dadc5e<-08d4cbaa-ffed-4411-a5fd-c4a38026aead#0:FAIL-t197] and 1 exception(s); d6dfcdd7-fc6e-4b51-b91e-b64503dadc5e@group-F967393F7C93:t197, leader=null, voted=d6dfcdd7-fc6e-4b51-b91e-b64503dadc5e, raftlog=d6dfcdd7-fc6e-4b51-b91e-b64503dadc5e@group-F967393F7C93-SegmentedRaftLog:OPENED:c-1,f-1,i0, conf=-1: [08d4cbaa-ffed-4411-a5fd-c4a38026aead:192.168.157.223:33910, da15dfee-23f0-4dc4-ad77-c00156c49cfa:192.168.157.223:42172, d6dfcdd7-fc6e-4b51-b91e-b64503dadc5e:192.168.157.223:43575], old=null
2019-10-17 21:55:07,959 [d6dfcdd7-fc6e-4b51-b91e-b64503dadc5e@group-F967393F7C93-LeaderElection200] INFO  impl.LeaderElection (LogUtils.java:infoOrTrace(149)) -   Exception 0: {}
java.util.concurrent.ExecutionException: org.apache.ratis.thirdparty.io.grpc.StatusRuntimeException: UNAVAILABLE: io exception
	at java.util.concurrent.FutureTask.report(FutureTask.java:122)
	at java.util.concurrent.FutureTask.get(FutureTask.java:192)
	at org.apache.ratis.server.impl.LeaderElection.waitForResults(LeaderElection.java:259)
	at org.apache.ratis.server.impl.LeaderElection.askForVotes(LeaderElection.java:197)
	at org.apache.ratis.server.impl.LeaderElection.run(LeaderElection.java:133)
	at java.lang.Thread.run(Thread.java:748)
Caused by: org.apache.ratis.thirdparty.io.grpc.StatusRuntimeException: UNAVAILABLE: io exception
	at org.apache.ratis.thirdparty.io.grpc.stub.ClientCalls.toStatusRuntimeException(ClientCalls.java:233)
	at org.apache.ratis.thirdparty.io.grpc.stub.ClientCalls.getUnchecked(ClientCalls.java:214)
	at org.apache.ratis.thirdparty.io.grpc.stub.ClientCalls.blockingUnaryCall(ClientCalls.java:139)
	at org.apache.ratis.proto.grpc.RaftServerProtocolServiceGrpc$RaftServerProtocolServiceBlockingStub.requestVote(RaftServerProtocolServiceGrpc.java:265)
	at org.apache.ratis.grpc.server.GrpcServerProtocolClient.requestVote(GrpcServerProtocolClient.java:99)
	at org.apache.ratis.grpc.server.GrpcService.requestVote(GrpcService.java:204)
	at org.apache.ratis.server.impl.LeaderElection.lambda$submitRequests$1(LeaderElection.java:234)
	at java.util.concurrent.FutureTask.run(FutureTask.java:266)
	at java.util.concurrent.Executors$RunnableAdapter.call(Executors.java:511)
	at java.util.concurrent.FutureTask.run(FutureTask.java:266)
	at java.util.concurrent.ThreadPoolExecutor.runWorker(ThreadPoolExecutor.java:1149)
	at java.util.concurrent.ThreadPoolExecutor$Worker.run(ThreadPoolExecutor.java:624)
	... 1 more
Caused by: org.apache.ratis.thirdparty.io.netty.channel.AbstractChannel$AnnotatedConnectException: Connection refused: /192.168.157.223:42172
	at sun.nio.ch.SocketChannelImpl.checkConnect(Native Method)
	at sun.nio.ch.SocketChannelImpl.finishConnect(SocketChannelImpl.java:717)
	at org.apache.ratis.thirdparty.io.netty.channel.socket.nio.NioSocketChannel.doFinishConnect(NioSocketChannel.java:327)
	at org.apache.ratis.thirdparty.io.netty.channel.nio.AbstractNioChannel$AbstractNioUnsafe.finishConnect(AbstractNioChannel.java:340)
	at org.apache.ratis.thirdparty.io.netty.channel.nio.NioEventLoop.processSelectedKey(NioEventLoop.java:632)
	at org.apache.ratis.thirdparty.io.netty.channel.nio.NioEventLoop.processSelectedKeysOptimized(NioEventLoop.java:579)
	at org.apache.ratis.thirdparty.io.netty.channel.nio.NioEventLoop.processSelectedKeys(NioEventLoop.java:496)
	at org.apache.ratis.thirdparty.io.netty.channel.nio.NioEventLoop.run(NioEventLoop.java:458)
	at org.apache.ratis.thirdparty.io.netty.util.concurrent.SingleThreadEventExecutor$5.run(SingleThreadEventExecutor.java:897)
	at org.apache.ratis.thirdparty.io.netty.util.concurrent.FastThreadLocalRunnable.run(FastThreadLocalRunnable.java:30)
	... 1 more
Caused by: java.net.ConnectException: Connection refused
	... 11 more
2019-10-17 21:55:07,959 [d6dfcdd7-fc6e-4b51-b91e-b64503dadc5e@group-F967393F7C93-LeaderElection200] INFO  impl.RaftServerImpl (RaftServerImpl.java:setRole(184)) - d6dfcdd7-fc6e-4b51-b91e-b64503dadc5e@group-F967393F7C93: changes role from CANDIDATE to FOLLOWER at term 197 for DISCOVERED_A_NEW_TERM
2019-10-17 21:55:07,959 [d6dfcdd7-fc6e-4b51-b91e-b64503dadc5e@group-F967393F7C93-LeaderElection200] INFO  impl.RoleInfo (RoleInfo.java:shutdownLeaderElection(134)) - d6dfcdd7-fc6e-4b51-b91e-b64503dadc5e: shutdown LeaderElection
2019-10-17 21:55:07,959 [d6dfcdd7-fc6e-4b51-b91e-b64503dadc5e@group-F967393F7C93-LeaderElection200] INFO  impl.RoleInfo (RoleInfo.java:updateAndGet(143)) - d6dfcdd7-fc6e-4b51-b91e-b64503dadc5e: start FollowerState
2019-10-17 21:55:08,053 [Thread-1884] INFO  impl.FollowerState (FollowerState.java:run(108)) - d6dfcdd7-fc6e-4b51-b91e-b64503dadc5e@group-F967393F7C93-FollowerState: change to CANDIDATE, lastRpcTime:93ms, electionTimeout:93ms
2019-10-17 21:55:08,053 [Thread-1884] INFO  impl.RoleInfo (RoleInfo.java:shutdownFollowerState(121)) - d6dfcdd7-fc6e-4b51-b91e-b64503dadc5e: shutdown FollowerState
2019-10-17 21:55:08,053 [Thread-1884] INFO  impl.RaftServerImpl (RaftServerImpl.java:setRole(184)) - d6dfcdd7-fc6e-4b51-b91e-b64503dadc5e@group-F967393F7C93: changes role from  FOLLOWER to CANDIDATE at term 197 for changeToCandidate
2019-10-17 21:55:08,053 [Thread-1884] INFO  impl.RoleInfo (RoleInfo.java:updateAndGet(143)) - d6dfcdd7-fc6e-4b51-b91e-b64503dadc5e: start LeaderElection
2019-10-17 21:55:08,066 [d6dfcdd7-fc6e-4b51-b91e-b64503dadc5e@group-F967393F7C93-LeaderElection201] INFO  impl.LeaderElection (LeaderElection.java:askForVotes(178)) - d6dfcdd7-fc6e-4b51-b91e-b64503dadc5e@group-F967393F7C93-LeaderElection201: begin an election at term 198 for -1: [08d4cbaa-ffed-4411-a5fd-c4a38026aead:192.168.157.223:33910, da15dfee-23f0-4dc4-ad77-c00156c49cfa:192.168.157.223:42172, d6dfcdd7-fc6e-4b51-b91e-b64503dadc5e:192.168.157.223:43575], old=null
2019-10-17 21:55:08,067 [d6dfcdd7-fc6e-4b51-b91e-b64503dadc5e@group-F967393F7C93-LeaderElection201] INFO  impl.LeaderElection (LogUtils.java:infoOrTrace(149)) - d6dfcdd7-fc6e-4b51-b91e-b64503dadc5e@group-F967393F7C93-LeaderElection201 got exception when requesting votes: {}
java.util.concurrent.ExecutionException: org.apache.ratis.thirdparty.io.grpc.StatusRuntimeException: UNAVAILABLE: io exception
	at java.util.concurrent.FutureTask.report(FutureTask.java:122)
	at java.util.concurrent.FutureTask.get(FutureTask.java:192)
	at org.apache.ratis.server.impl.LeaderElection.waitForResults(LeaderElection.java:259)
	at org.apache.ratis.server.impl.LeaderElection.askForVotes(LeaderElection.java:197)
	at org.apache.ratis.server.impl.LeaderElection.run(LeaderElection.java:133)
	at java.lang.Thread.run(Thread.java:748)
Caused by: org.apache.ratis.thirdparty.io.grpc.StatusRuntimeException: UNAVAILABLE: io exception
	at org.apache.ratis.thirdparty.io.grpc.stub.ClientCalls.toStatusRuntimeException(ClientCalls.java:233)
	at org.apache.ratis.thirdparty.io.grpc.stub.ClientCalls.getUnchecked(ClientCalls.java:214)
	at org.apache.ratis.thirdparty.io.grpc.stub.ClientCalls.blockingUnaryCall(ClientCalls.java:139)
	at org.apache.ratis.proto.grpc.RaftServerProtocolServiceGrpc$RaftServerProtocolServiceBlockingStub.requestVote(RaftServerProtocolServiceGrpc.java:265)
	at org.apache.ratis.grpc.server.GrpcServerProtocolClient.requestVote(GrpcServerProtocolClient.java:99)
	at org.apache.ratis.grpc.server.GrpcService.requestVote(GrpcService.java:204)
	at org.apache.ratis.server.impl.LeaderElection.lambda$submitRequests$1(LeaderElection.java:234)
	at java.util.concurrent.FutureTask.run(FutureTask.java:266)
	at java.util.concurrent.Executors$RunnableAdapter.call(Executors.java:511)
	at java.util.concurrent.FutureTask.run(FutureTask.java:266)
	at java.util.concurrent.ThreadPoolExecutor.runWorker(ThreadPoolExecutor.java:1149)
	at java.util.concurrent.ThreadPoolExecutor$Worker.run(ThreadPoolExecutor.java:624)
	... 1 more
Caused by: org.apache.ratis.thirdparty.io.netty.channel.AbstractChannel$AnnotatedConnectException: Connection refused: /192.168.157.223:42172
	at sun.nio.ch.SocketChannelImpl.checkConnect(Native Method)
	at sun.nio.ch.SocketChannelImpl.finishConnect(SocketChannelImpl.java:717)
	at org.apache.ratis.thirdparty.io.netty.channel.socket.nio.NioSocketChannel.doFinishConnect(NioSocketChannel.java:327)
	at org.apache.ratis.thirdparty.io.netty.channel.nio.AbstractNioChannel$AbstractNioUnsafe.finishConnect(AbstractNioChannel.java:340)
	at org.apache.ratis.thirdparty.io.netty.channel.nio.NioEventLoop.processSelectedKey(NioEventLoop.java:632)
	at org.apache.ratis.thirdparty.io.netty.channel.nio.NioEventLoop.processSelectedKeysOptimized(NioEventLoop.java:579)
	at org.apache.ratis.thirdparty.io.netty.channel.nio.NioEventLoop.processSelectedKeys(NioEventLoop.java:496)
	at org.apache.ratis.thirdparty.io.netty.channel.nio.NioEventLoop.run(NioEventLoop.java:458)
	at org.apache.ratis.thirdparty.io.netty.util.concurrent.SingleThreadEventExecutor$5.run(SingleThreadEventExecutor.java:897)
	at org.apache.ratis.thirdparty.io.netty.util.concurrent.FastThreadLocalRunnable.run(FastThreadLocalRunnable.java:30)
	... 1 more
Caused by: java.net.ConnectException: Connection refused
	... 11 more
2019-10-17 21:55:08,069 [grpc-default-executor-1] INFO  impl.RaftServerImpl (RaftServerImpl.java:setRole(184)) - 08d4cbaa-ffed-4411-a5fd-c4a38026aead@group-F967393F7C93: changes role from  FOLLOWER to FOLLOWER at term 198 for recognizeCandidate:d6dfcdd7-fc6e-4b51-b91e-b64503dadc5e
2019-10-17 21:55:08,069 [grpc-default-executor-1] INFO  impl.RoleInfo (RoleInfo.java:shutdownFollowerState(121)) - 08d4cbaa-ffed-4411-a5fd-c4a38026aead: shutdown FollowerState
2019-10-17 21:55:08,070 [grpc-default-executor-1] INFO  impl.RoleInfo (RoleInfo.java:updateAndGet(143)) - 08d4cbaa-ffed-4411-a5fd-c4a38026aead: start FollowerState
2019-10-17 21:55:08,070 [Thread-1883] INFO  impl.FollowerState (FollowerState.java:run(117)) - 08d4cbaa-ffed-4411-a5fd-c4a38026aead@group-F967393F7C93-FollowerState was interrupted: java.lang.InterruptedException: sleep interrupted
2019-10-17 21:55:08,083 [d6dfcdd7-fc6e-4b51-b91e-b64503dadc5e@group-F967393F7C93-LeaderElection201] INFO  impl.LeaderElection (LeaderElection.java:logAndReturn(56)) - d6dfcdd7-fc6e-4b51-b91e-b64503dadc5e@group-F967393F7C93-LeaderElection201: Election REJECTED; received 1 response(s) [d6dfcdd7-fc6e-4b51-b91e-b64503dadc5e<-08d4cbaa-ffed-4411-a5fd-c4a38026aead#0:FAIL-t198] and 1 exception(s); d6dfcdd7-fc6e-4b51-b91e-b64503dadc5e@group-F967393F7C93:t198, leader=null, voted=d6dfcdd7-fc6e-4b51-b91e-b64503dadc5e, raftlog=d6dfcdd7-fc6e-4b51-b91e-b64503dadc5e@group-F967393F7C93-SegmentedRaftLog:OPENED:c-1,f-1,i0, conf=-1: [08d4cbaa-ffed-4411-a5fd-c4a38026aead:192.168.157.223:33910, da15dfee-23f0-4dc4-ad77-c00156c49cfa:192.168.157.223:42172, d6dfcdd7-fc6e-4b51-b91e-b64503dadc5e:192.168.157.223:43575], old=null
2019-10-17 21:55:08,083 [d6dfcdd7-fc6e-4b51-b91e-b64503dadc5e@group-F967393F7C93-LeaderElection201] INFO  impl.LeaderElection (LogUtils.java:infoOrTrace(149)) -   Exception 0: {}
java.util.concurrent.ExecutionException: org.apache.ratis.thirdparty.io.grpc.StatusRuntimeException: UNAVAILABLE: io exception
	at java.util.concurrent.FutureTask.report(FutureTask.java:122)
	at java.util.concurrent.FutureTask.get(FutureTask.java:192)
	at org.apache.ratis.server.impl.LeaderElection.waitForResults(LeaderElection.java:259)
	at org.apache.ratis.server.impl.LeaderElection.askForVotes(LeaderElection.java:197)
	at org.apache.ratis.server.impl.LeaderElection.run(LeaderElection.java:133)
	at java.lang.Thread.run(Thread.java:748)
Caused by: org.apache.ratis.thirdparty.io.grpc.StatusRuntimeException: UNAVAILABLE: io exception
	at org.apache.ratis.thirdparty.io.grpc.stub.ClientCalls.toStatusRuntimeException(ClientCalls.java:233)
	at org.apache.ratis.thirdparty.io.grpc.stub.ClientCalls.getUnchecked(ClientCalls.java:214)
	at org.apache.ratis.thirdparty.io.grpc.stub.ClientCalls.blockingUnaryCall(ClientCalls.java:139)
	at org.apache.ratis.proto.grpc.RaftServerProtocolServiceGrpc$RaftServerProtocolServiceBlockingStub.requestVote(RaftServerProtocolServiceGrpc.java:265)
	at org.apache.ratis.grpc.server.GrpcServerProtocolClient.requestVote(GrpcServerProtocolClient.java:99)
	at org.apache.ratis.grpc.server.GrpcService.requestVote(GrpcService.java:204)
	at org.apache.ratis.server.impl.LeaderElection.lambda$submitRequests$1(LeaderElection.java:234)
	at java.util.concurrent.FutureTask.run(FutureTask.java:266)
	at java.util.concurrent.Executors$RunnableAdapter.call(Executors.java:511)
	at java.util.concurrent.FutureTask.run(FutureTask.java:266)
	at java.util.concurrent.ThreadPoolExecutor.runWorker(ThreadPoolExecutor.java:1149)
	at java.util.concurrent.ThreadPoolExecutor$Worker.run(ThreadPoolExecutor.java:624)
	... 1 more
Caused by: org.apache.ratis.thirdparty.io.netty.channel.AbstractChannel$AnnotatedConnectException: Connection refused: /192.168.157.223:42172
	at sun.nio.ch.SocketChannelImpl.checkConnect(Native Method)
	at sun.nio.ch.SocketChannelImpl.finishConnect(SocketChannelImpl.java:717)
	at org.apache.ratis.thirdparty.io.netty.channel.socket.nio.NioSocketChannel.doFinishConnect(NioSocketChannel.java:327)
	at org.apache.ratis.thirdparty.io.netty.channel.nio.AbstractNioChannel$AbstractNioUnsafe.finishConnect(AbstractNioChannel.java:340)
	at org.apache.ratis.thirdparty.io.netty.channel.nio.NioEventLoop.processSelectedKey(NioEventLoop.java:632)
	at org.apache.ratis.thirdparty.io.netty.channel.nio.NioEventLoop.processSelectedKeysOptimized(NioEventLoop.java:579)
	at org.apache.ratis.thirdparty.io.netty.channel.nio.NioEventLoop.processSelectedKeys(NioEventLoop.java:496)
	at org.apache.ratis.thirdparty.io.netty.channel.nio.NioEventLoop.run(NioEventLoop.java:458)
	at org.apache.ratis.thirdparty.io.netty.util.concurrent.SingleThreadEventExecutor$5.run(SingleThreadEventExecutor.java:897)
	at org.apache.ratis.thirdparty.io.netty.util.concurrent.FastThreadLocalRunnable.run(FastThreadLocalRunnable.java:30)
	... 1 more
Caused by: java.net.ConnectException: Connection refused
	... 11 more
2019-10-17 21:55:08,083 [d6dfcdd7-fc6e-4b51-b91e-b64503dadc5e@group-F967393F7C93-LeaderElection201] INFO  impl.RaftServerImpl (RaftServerImpl.java:setRole(184)) - d6dfcdd7-fc6e-4b51-b91e-b64503dadc5e@group-F967393F7C93: changes role from CANDIDATE to FOLLOWER at term 198 for DISCOVERED_A_NEW_TERM
2019-10-17 21:55:08,083 [d6dfcdd7-fc6e-4b51-b91e-b64503dadc5e@group-F967393F7C93-LeaderElection201] INFO  impl.RoleInfo (RoleInfo.java:shutdownLeaderElection(134)) - d6dfcdd7-fc6e-4b51-b91e-b64503dadc5e: shutdown LeaderElection
2019-10-17 21:55:08,083 [d6dfcdd7-fc6e-4b51-b91e-b64503dadc5e@group-F967393F7C93-LeaderElection201] INFO  impl.RoleInfo (RoleInfo.java:updateAndGet(143)) - d6dfcdd7-fc6e-4b51-b91e-b64503dadc5e: start FollowerState
2019-10-17 21:55:08,167 [Thread-1889] INFO  impl.FollowerState (FollowerState.java:run(108)) - d6dfcdd7-fc6e-4b51-b91e-b64503dadc5e@group-F967393F7C93-FollowerState: change to CANDIDATE, lastRpcTime:83ms, electionTimeout:83ms
2019-10-17 21:55:08,167 [Thread-1889] INFO  impl.RoleInfo (RoleInfo.java:shutdownFollowerState(121)) - d6dfcdd7-fc6e-4b51-b91e-b64503dadc5e: shutdown FollowerState
2019-10-17 21:55:08,167 [Thread-1889] INFO  impl.RaftServerImpl (RaftServerImpl.java:setRole(184)) - d6dfcdd7-fc6e-4b51-b91e-b64503dadc5e@group-F967393F7C93: changes role from  FOLLOWER to CANDIDATE at term 198 for changeToCandidate
2019-10-17 21:55:08,167 [Thread-1889] INFO  impl.RoleInfo (RoleInfo.java:updateAndGet(143)) - d6dfcdd7-fc6e-4b51-b91e-b64503dadc5e: start LeaderElection
2019-10-17 21:55:08,193 [d6dfcdd7-fc6e-4b51-b91e-b64503dadc5e@group-F967393F7C93-LeaderElection202] INFO  impl.LeaderElection (LeaderElection.java:askForVotes(178)) - d6dfcdd7-fc6e-4b51-b91e-b64503dadc5e@group-F967393F7C93-LeaderElection202: begin an election at term 199 for -1: [08d4cbaa-ffed-4411-a5fd-c4a38026aead:192.168.157.223:33910, da15dfee-23f0-4dc4-ad77-c00156c49cfa:192.168.157.223:42172, d6dfcdd7-fc6e-4b51-b91e-b64503dadc5e:192.168.157.223:43575], old=null
2019-10-17 21:55:08,193 [d6dfcdd7-fc6e-4b51-b91e-b64503dadc5e@group-F967393F7C93-LeaderElection202] INFO  impl.LeaderElection (LogUtils.java:infoOrTrace(149)) - d6dfcdd7-fc6e-4b51-b91e-b64503dadc5e@group-F967393F7C93-LeaderElection202 got exception when requesting votes: {}
java.util.concurrent.ExecutionException: org.apache.ratis.thirdparty.io.grpc.StatusRuntimeException: UNAVAILABLE: io exception
	at java.util.concurrent.FutureTask.report(FutureTask.java:122)
	at java.util.concurrent.FutureTask.get(FutureTask.java:192)
	at org.apache.ratis.server.impl.LeaderElection.waitForResults(LeaderElection.java:259)
	at org.apache.ratis.server.impl.LeaderElection.askForVotes(LeaderElection.java:197)
	at org.apache.ratis.server.impl.LeaderElection.run(LeaderElection.java:133)
	at java.lang.Thread.run(Thread.java:748)
Caused by: org.apache.ratis.thirdparty.io.grpc.StatusRuntimeException: UNAVAILABLE: io exception
	at org.apache.ratis.thirdparty.io.grpc.stub.ClientCalls.toStatusRuntimeException(ClientCalls.java:233)
	at org.apache.ratis.thirdparty.io.grpc.stub.ClientCalls.getUnchecked(ClientCalls.java:214)
	at org.apache.ratis.thirdparty.io.grpc.stub.ClientCalls.blockingUnaryCall(ClientCalls.java:139)
	at org.apache.ratis.proto.grpc.RaftServerProtocolServiceGrpc$RaftServerProtocolServiceBlockingStub.requestVote(RaftServerProtocolServiceGrpc.java:265)
	at org.apache.ratis.grpc.server.GrpcServerProtocolClient.requestVote(GrpcServerProtocolClient.java:99)
	at org.apache.ratis.grpc.server.GrpcService.requestVote(GrpcService.java:204)
	at org.apache.ratis.server.impl.LeaderElection.lambda$submitRequests$1(LeaderElection.java:234)
	at java.util.concurrent.FutureTask.run(FutureTask.java:266)
	at java.util.concurrent.Executors$RunnableAdapter.call(Executors.java:511)
	at java.util.concurrent.FutureTask.run(FutureTask.java:266)
	at java.util.concurrent.ThreadPoolExecutor.runWorker(ThreadPoolExecutor.java:1149)
	at java.util.concurrent.ThreadPoolExecutor$Worker.run(ThreadPoolExecutor.java:624)
	... 1 more
Caused by: org.apache.ratis.thirdparty.io.netty.channel.AbstractChannel$AnnotatedConnectException: Connection refused: /192.168.157.223:42172
	at sun.nio.ch.SocketChannelImpl.checkConnect(Native Method)
	at sun.nio.ch.SocketChannelImpl.finishConnect(SocketChannelImpl.java:717)
	at org.apache.ratis.thirdparty.io.netty.channel.socket.nio.NioSocketChannel.doFinishConnect(NioSocketChannel.java:327)
	at org.apache.ratis.thirdparty.io.netty.channel.nio.AbstractNioChannel$AbstractNioUnsafe.finishConnect(AbstractNioChannel.java:340)
	at org.apache.ratis.thirdparty.io.netty.channel.nio.NioEventLoop.processSelectedKey(NioEventLoop.java:632)
	at org.apache.ratis.thirdparty.io.netty.channel.nio.NioEventLoop.processSelectedKeysOptimized(NioEventLoop.java:579)
	at org.apache.ratis.thirdparty.io.netty.channel.nio.NioEventLoop.processSelectedKeys(NioEventLoop.java:496)
	at org.apache.ratis.thirdparty.io.netty.channel.nio.NioEventLoop.run(NioEventLoop.java:458)
	at org.apache.ratis.thirdparty.io.netty.util.concurrent.SingleThreadEventExecutor$5.run(SingleThreadEventExecutor.java:897)
	at org.apache.ratis.thirdparty.io.netty.util.concurrent.FastThreadLocalRunnable.run(FastThreadLocalRunnable.java:30)
	... 1 more
Caused by: java.net.ConnectException: Connection refused
	... 11 more
2019-10-17 21:55:08,196 [grpc-default-executor-1] INFO  impl.RaftServerImpl (RaftServerImpl.java:setRole(184)) - 08d4cbaa-ffed-4411-a5fd-c4a38026aead@group-F967393F7C93: changes role from  FOLLOWER to FOLLOWER at term 199 for recognizeCandidate:d6dfcdd7-fc6e-4b51-b91e-b64503dadc5e
2019-10-17 21:55:08,197 [grpc-default-executor-1] INFO  impl.RoleInfo (RoleInfo.java:shutdownFollowerState(121)) - 08d4cbaa-ffed-4411-a5fd-c4a38026aead: shutdown FollowerState
2019-10-17 21:55:08,197 [grpc-default-executor-1] INFO  impl.RoleInfo (RoleInfo.java:updateAndGet(143)) - 08d4cbaa-ffed-4411-a5fd-c4a38026aead: start FollowerState
2019-10-17 21:55:08,197 [Thread-1888] INFO  impl.FollowerState (FollowerState.java:run(117)) - 08d4cbaa-ffed-4411-a5fd-c4a38026aead@group-F967393F7C93-FollowerState was interrupted: java.lang.InterruptedException: sleep interrupted
2019-10-17 21:55:08,210 [d6dfcdd7-fc6e-4b51-b91e-b64503dadc5e@group-F967393F7C93-LeaderElection202] INFO  impl.LeaderElection (LeaderElection.java:logAndReturn(56)) - d6dfcdd7-fc6e-4b51-b91e-b64503dadc5e@group-F967393F7C93-LeaderElection202: Election REJECTED; received 1 response(s) [d6dfcdd7-fc6e-4b51-b91e-b64503dadc5e<-08d4cbaa-ffed-4411-a5fd-c4a38026aead#0:FAIL-t199] and 1 exception(s); d6dfcdd7-fc6e-4b51-b91e-b64503dadc5e@group-F967393F7C93:t199, leader=null, voted=d6dfcdd7-fc6e-4b51-b91e-b64503dadc5e, raftlog=d6dfcdd7-fc6e-4b51-b91e-b64503dadc5e@group-F967393F7C93-SegmentedRaftLog:OPENED:c-1,f-1,i0, conf=-1: [08d4cbaa-ffed-4411-a5fd-c4a38026aead:192.168.157.223:33910, da15dfee-23f0-4dc4-ad77-c00156c49cfa:192.168.157.223:42172, d6dfcdd7-fc6e-4b51-b91e-b64503dadc5e:192.168.157.223:43575], old=null
2019-10-17 21:55:08,210 [d6dfcdd7-fc6e-4b51-b91e-b64503dadc5e@group-F967393F7C93-LeaderElection202] INFO  impl.LeaderElection (LogUtils.java:infoOrTrace(149)) -   Exception 0: {}
java.util.concurrent.ExecutionException: org.apache.ratis.thirdparty.io.grpc.StatusRuntimeException: UNAVAILABLE: io exception
	at java.util.concurrent.FutureTask.report(FutureTask.java:122)
	at java.util.concurrent.FutureTask.get(FutureTask.java:192)
	at org.apache.ratis.server.impl.LeaderElection.waitForResults(LeaderElection.java:259)
	at org.apache.ratis.server.impl.LeaderElection.askForVotes(LeaderElection.java:197)
	at org.apache.ratis.server.impl.LeaderElection.run(LeaderElection.java:133)
	at java.lang.Thread.run(Thread.java:748)
Caused by: org.apache.ratis.thirdparty.io.grpc.StatusRuntimeException: UNAVAILABLE: io exception
	at org.apache.ratis.thirdparty.io.grpc.stub.ClientCalls.toStatusRuntimeException(ClientCalls.java:233)
	at org.apache.ratis.thirdparty.io.grpc.stub.ClientCalls.getUnchecked(ClientCalls.java:214)
	at org.apache.ratis.thirdparty.io.grpc.stub.ClientCalls.blockingUnaryCall(ClientCalls.java:139)
	at org.apache.ratis.proto.grpc.RaftServerProtocolServiceGrpc$RaftServerProtocolServiceBlockingStub.requestVote(RaftServerProtocolServiceGrpc.java:265)
	at org.apache.ratis.grpc.server.GrpcServerProtocolClient.requestVote(GrpcServerProtocolClient.java:99)
	at org.apache.ratis.grpc.server.GrpcService.requestVote(GrpcService.java:204)
	at org.apache.ratis.server.impl.LeaderElection.lambda$submitRequests$1(LeaderElection.java:234)
	at java.util.concurrent.FutureTask.run(FutureTask.java:266)
	at java.util.concurrent.Executors$RunnableAdapter.call(Executors.java:511)
	at java.util.concurrent.FutureTask.run(FutureTask.java:266)
	at java.util.concurrent.ThreadPoolExecutor.runWorker(ThreadPoolExecutor.java:1149)
	at java.util.concurrent.ThreadPoolExecutor$Worker.run(ThreadPoolExecutor.java:624)
	... 1 more
Caused by: org.apache.ratis.thirdparty.io.netty.channel.AbstractChannel$AnnotatedConnectException: Connection refused: /192.168.157.223:42172
	at sun.nio.ch.SocketChannelImpl.checkConnect(Native Method)
	at sun.nio.ch.SocketChannelImpl.finishConnect(SocketChannelImpl.java:717)
	at org.apache.ratis.thirdparty.io.netty.channel.socket.nio.NioSocketChannel.doFinishConnect(NioSocketChannel.java:327)
	at org.apache.ratis.thirdparty.io.netty.channel.nio.AbstractNioChannel$AbstractNioUnsafe.finishConnect(AbstractNioChannel.java:340)
	at org.apache.ratis.thirdparty.io.netty.channel.nio.NioEventLoop.processSelectedKey(NioEventLoop.java:632)
	at org.apache.ratis.thirdparty.io.netty.channel.nio.NioEventLoop.processSelectedKeysOptimized(NioEventLoop.java:579)
	at org.apache.ratis.thirdparty.io.netty.channel.nio.NioEventLoop.processSelectedKeys(NioEventLoop.java:496)
	at org.apache.ratis.thirdparty.io.netty.channel.nio.NioEventLoop.run(NioEventLoop.java:458)
	at org.apache.ratis.thirdparty.io.netty.util.concurrent.SingleThreadEventExecutor$5.run(SingleThreadEventExecutor.java:897)
	at org.apache.ratis.thirdparty.io.netty.util.concurrent.FastThreadLocalRunnable.run(FastThreadLocalRunnable.java:30)
	... 1 more
Caused by: java.net.ConnectException: Connection refused
	... 11 more
2019-10-17 21:55:08,211 [d6dfcdd7-fc6e-4b51-b91e-b64503dadc5e@group-F967393F7C93-LeaderElection202] INFO  impl.RaftServerImpl (RaftServerImpl.java:setRole(184)) - d6dfcdd7-fc6e-4b51-b91e-b64503dadc5e@group-F967393F7C93: changes role from CANDIDATE to FOLLOWER at term 199 for DISCOVERED_A_NEW_TERM
2019-10-17 21:55:08,211 [d6dfcdd7-fc6e-4b51-b91e-b64503dadc5e@group-F967393F7C93-LeaderElection202] INFO  impl.RoleInfo (RoleInfo.java:shutdownLeaderElection(134)) - d6dfcdd7-fc6e-4b51-b91e-b64503dadc5e: shutdown LeaderElection
2019-10-17 21:55:08,211 [d6dfcdd7-fc6e-4b51-b91e-b64503dadc5e@group-F967393F7C93-LeaderElection202] INFO  impl.RoleInfo (RoleInfo.java:updateAndGet(143)) - d6dfcdd7-fc6e-4b51-b91e-b64503dadc5e: start FollowerState
2019-10-17 21:55:08,218 [Thread-1894] INFO  impl.FollowerState (FollowerState.java:run(108)) - d6dfcdd7-fc6e-4b51-b91e-b64503dadc5e@group-F967393F7C93-FollowerState: change to CANDIDATE, lastRpcTime:7ms, electionTimeout:7ms
2019-10-17 21:55:08,218 [Thread-1894] INFO  impl.RoleInfo (RoleInfo.java:shutdownFollowerState(121)) - d6dfcdd7-fc6e-4b51-b91e-b64503dadc5e: shutdown FollowerState
2019-10-17 21:55:08,218 [Thread-1894] INFO  impl.RaftServerImpl (RaftServerImpl.java:setRole(184)) - d6dfcdd7-fc6e-4b51-b91e-b64503dadc5e@group-F967393F7C93: changes role from  FOLLOWER to CANDIDATE at term 199 for changeToCandidate
2019-10-17 21:55:08,218 [Thread-1894] INFO  impl.RoleInfo (RoleInfo.java:updateAndGet(143)) - d6dfcdd7-fc6e-4b51-b91e-b64503dadc5e: start LeaderElection
2019-10-17 21:55:08,231 [d6dfcdd7-fc6e-4b51-b91e-b64503dadc5e@group-F967393F7C93-LeaderElection203] INFO  impl.LeaderElection (LeaderElection.java:askForVotes(178)) - d6dfcdd7-fc6e-4b51-b91e-b64503dadc5e@group-F967393F7C93-LeaderElection203: begin an election at term 200 for -1: [08d4cbaa-ffed-4411-a5fd-c4a38026aead:192.168.157.223:33910, da15dfee-23f0-4dc4-ad77-c00156c49cfa:192.168.157.223:42172, d6dfcdd7-fc6e-4b51-b91e-b64503dadc5e:192.168.157.223:43575], old=null
2019-10-17 21:55:08,232 [d6dfcdd7-fc6e-4b51-b91e-b64503dadc5e@group-F967393F7C93-LeaderElection203] INFO  impl.LeaderElection (LogUtils.java:infoOrTrace(149)) - d6dfcdd7-fc6e-4b51-b91e-b64503dadc5e@group-F967393F7C93-LeaderElection203 got exception when requesting votes: {}
java.util.concurrent.ExecutionException: org.apache.ratis.thirdparty.io.grpc.StatusRuntimeException: UNAVAILABLE: io exception
	at java.util.concurrent.FutureTask.report(FutureTask.java:122)
	at java.util.concurrent.FutureTask.get(FutureTask.java:192)
	at org.apache.ratis.server.impl.LeaderElection.waitForResults(LeaderElection.java:259)
	at org.apache.ratis.server.impl.LeaderElection.askForVotes(LeaderElection.java:197)
	at org.apache.ratis.server.impl.LeaderElection.run(LeaderElection.java:133)
	at java.lang.Thread.run(Thread.java:748)
Caused by: org.apache.ratis.thirdparty.io.grpc.StatusRuntimeException: UNAVAILABLE: io exception
	at org.apache.ratis.thirdparty.io.grpc.stub.ClientCalls.toStatusRuntimeException(ClientCalls.java:233)
	at org.apache.ratis.thirdparty.io.grpc.stub.ClientCalls.getUnchecked(ClientCalls.java:214)
	at org.apache.ratis.thirdparty.io.grpc.stub.ClientCalls.blockingUnaryCall(ClientCalls.java:139)
	at org.apache.ratis.proto.grpc.RaftServerProtocolServiceGrpc$RaftServerProtocolServiceBlockingStub.requestVote(RaftServerProtocolServiceGrpc.java:265)
	at org.apache.ratis.grpc.server.GrpcServerProtocolClient.requestVote(GrpcServerProtocolClient.java:99)
	at org.apache.ratis.grpc.server.GrpcService.requestVote(GrpcService.java:204)
	at org.apache.ratis.server.impl.LeaderElection.lambda$submitRequests$1(LeaderElection.java:234)
	at java.util.concurrent.FutureTask.run(FutureTask.java:266)
	at java.util.concurrent.Executors$RunnableAdapter.call(Executors.java:511)
	at java.util.concurrent.FutureTask.run(FutureTask.java:266)
	at java.util.concurrent.ThreadPoolExecutor.runWorker(ThreadPoolExecutor.java:1149)
	at java.util.concurrent.ThreadPoolExecutor$Worker.run(ThreadPoolExecutor.java:624)
	... 1 more
Caused by: org.apache.ratis.thirdparty.io.netty.channel.AbstractChannel$AnnotatedConnectException: Connection refused: /192.168.157.223:42172
	at sun.nio.ch.SocketChannelImpl.checkConnect(Native Method)
	at sun.nio.ch.SocketChannelImpl.finishConnect(SocketChannelImpl.java:717)
	at org.apache.ratis.thirdparty.io.netty.channel.socket.nio.NioSocketChannel.doFinishConnect(NioSocketChannel.java:327)
	at org.apache.ratis.thirdparty.io.netty.channel.nio.AbstractNioChannel$AbstractNioUnsafe.finishConnect(AbstractNioChannel.java:340)
	at org.apache.ratis.thirdparty.io.netty.channel.nio.NioEventLoop.processSelectedKey(NioEventLoop.java:632)
	at org.apache.ratis.thirdparty.io.netty.channel.nio.NioEventLoop.processSelectedKeysOptimized(NioEventLoop.java:579)
	at org.apache.ratis.thirdparty.io.netty.channel.nio.NioEventLoop.processSelectedKeys(NioEventLoop.java:496)
	at org.apache.ratis.thirdparty.io.netty.channel.nio.NioEventLoop.run(NioEventLoop.java:458)
	at org.apache.ratis.thirdparty.io.netty.util.concurrent.SingleThreadEventExecutor$5.run(SingleThreadEventExecutor.java:897)
	at org.apache.ratis.thirdparty.io.netty.util.concurrent.FastThreadLocalRunnable.run(FastThreadLocalRunnable.java:30)
	... 1 more
Caused by: java.net.ConnectException: Connection refused
	... 11 more
2019-10-17 21:55:08,234 [grpc-default-executor-1] INFO  impl.RaftServerImpl (RaftServerImpl.java:setRole(184)) - 08d4cbaa-ffed-4411-a5fd-c4a38026aead@group-F967393F7C93: changes role from  FOLLOWER to FOLLOWER at term 200 for recognizeCandidate:d6dfcdd7-fc6e-4b51-b91e-b64503dadc5e
2019-10-17 21:55:08,234 [grpc-default-executor-1] INFO  impl.RoleInfo (RoleInfo.java:shutdownFollowerState(121)) - 08d4cbaa-ffed-4411-a5fd-c4a38026aead: shutdown FollowerState
2019-10-17 21:55:08,235 [grpc-default-executor-1] INFO  impl.RoleInfo (RoleInfo.java:updateAndGet(143)) - 08d4cbaa-ffed-4411-a5fd-c4a38026aead: start FollowerState
2019-10-17 21:55:08,235 [Thread-1893] INFO  impl.FollowerState (FollowerState.java:run(117)) - 08d4cbaa-ffed-4411-a5fd-c4a38026aead@group-F967393F7C93-FollowerState was interrupted: java.lang.InterruptedException: sleep interrupted
2019-10-17 21:55:08,248 [d6dfcdd7-fc6e-4b51-b91e-b64503dadc5e@group-F967393F7C93-LeaderElection203] INFO  impl.LeaderElection (LeaderElection.java:logAndReturn(56)) - d6dfcdd7-fc6e-4b51-b91e-b64503dadc5e@group-F967393F7C93-LeaderElection203: Election REJECTED; received 1 response(s) [d6dfcdd7-fc6e-4b51-b91e-b64503dadc5e<-08d4cbaa-ffed-4411-a5fd-c4a38026aead#0:FAIL-t200] and 1 exception(s); d6dfcdd7-fc6e-4b51-b91e-b64503dadc5e@group-F967393F7C93:t200, leader=null, voted=d6dfcdd7-fc6e-4b51-b91e-b64503dadc5e, raftlog=d6dfcdd7-fc6e-4b51-b91e-b64503dadc5e@group-F967393F7C93-SegmentedRaftLog:OPENED:c-1,f-1,i0, conf=-1: [08d4cbaa-ffed-4411-a5fd-c4a38026aead:192.168.157.223:33910, da15dfee-23f0-4dc4-ad77-c00156c49cfa:192.168.157.223:42172, d6dfcdd7-fc6e-4b51-b91e-b64503dadc5e:192.168.157.223:43575], old=null
2019-10-17 21:55:08,248 [d6dfcdd7-fc6e-4b51-b91e-b64503dadc5e@group-F967393F7C93-LeaderElection203] INFO  impl.LeaderElection (LogUtils.java:infoOrTrace(149)) -   Exception 0: {}
java.util.concurrent.ExecutionException: org.apache.ratis.thirdparty.io.grpc.StatusRuntimeException: UNAVAILABLE: io exception
	at java.util.concurrent.FutureTask.report(FutureTask.java:122)
	at java.util.concurrent.FutureTask.get(FutureTask.java:192)
	at org.apache.ratis.server.impl.LeaderElection.waitForResults(LeaderElection.java:259)
	at org.apache.ratis.server.impl.LeaderElection.askForVotes(LeaderElection.java:197)
	at org.apache.ratis.server.impl.LeaderElection.run(LeaderElection.java:133)
	at java.lang.Thread.run(Thread.java:748)
Caused by: org.apache.ratis.thirdparty.io.grpc.StatusRuntimeException: UNAVAILABLE: io exception
	at org.apache.ratis.thirdparty.io.grpc.stub.ClientCalls.toStatusRuntimeException(ClientCalls.java:233)
	at org.apache.ratis.thirdparty.io.grpc.stub.ClientCalls.getUnchecked(ClientCalls.java:214)
	at org.apache.ratis.thirdparty.io.grpc.stub.ClientCalls.blockingUnaryCall(ClientCalls.java:139)
	at org.apache.ratis.proto.grpc.RaftServerProtocolServiceGrpc$RaftServerProtocolServiceBlockingStub.requestVote(RaftServerProtocolServiceGrpc.java:265)
	at org.apache.ratis.grpc.server.GrpcServerProtocolClient.requestVote(GrpcServerProtocolClient.java:99)
	at org.apache.ratis.grpc.server.GrpcService.requestVote(GrpcService.java:204)
	at org.apache.ratis.server.impl.LeaderElection.lambda$submitRequests$1(LeaderElection.java:234)
	at java.util.concurrent.FutureTask.run(FutureTask.java:266)
	at java.util.concurrent.Executors$RunnableAdapter.call(Executors.java:511)
	at java.util.concurrent.FutureTask.run(FutureTask.java:266)
	at java.util.concurrent.ThreadPoolExecutor.runWorker(ThreadPoolExecutor.java:1149)
	at java.util.concurrent.ThreadPoolExecutor$Worker.run(ThreadPoolExecutor.java:624)
	... 1 more
Caused by: org.apache.ratis.thirdparty.io.netty.channel.AbstractChannel$AnnotatedConnectException: Connection refused: /192.168.157.223:42172
	at sun.nio.ch.SocketChannelImpl.checkConnect(Native Method)
	at sun.nio.ch.SocketChannelImpl.finishConnect(SocketChannelImpl.java:717)
	at org.apache.ratis.thirdparty.io.netty.channel.socket.nio.NioSocketChannel.doFinishConnect(NioSocketChannel.java:327)
	at org.apache.ratis.thirdparty.io.netty.channel.nio.AbstractNioChannel$AbstractNioUnsafe.finishConnect(AbstractNioChannel.java:340)
	at org.apache.ratis.thirdparty.io.netty.channel.nio.NioEventLoop.processSelectedKey(NioEventLoop.java:632)
	at org.apache.ratis.thirdparty.io.netty.channel.nio.NioEventLoop.processSelectedKeysOptimized(NioEventLoop.java:579)
	at org.apache.ratis.thirdparty.io.netty.channel.nio.NioEventLoop.processSelectedKeys(NioEventLoop.java:496)
	at org.apache.ratis.thirdparty.io.netty.channel.nio.NioEventLoop.run(NioEventLoop.java:458)
	at org.apache.ratis.thirdparty.io.netty.util.concurrent.SingleThreadEventExecutor$5.run(SingleThreadEventExecutor.java:897)
	at org.apache.ratis.thirdparty.io.netty.util.concurrent.FastThreadLocalRunnable.run(FastThreadLocalRunnable.java:30)
	... 1 more
Caused by: java.net.ConnectException: Connection refused
	... 11 more
2019-10-17 21:55:08,248 [d6dfcdd7-fc6e-4b51-b91e-b64503dadc5e@group-F967393F7C93-LeaderElection203] INFO  impl.RaftServerImpl (RaftServerImpl.java:setRole(184)) - d6dfcdd7-fc6e-4b51-b91e-b64503dadc5e@group-F967393F7C93: changes role from CANDIDATE to FOLLOWER at term 200 for DISCOVERED_A_NEW_TERM
2019-10-17 21:55:08,248 [d6dfcdd7-fc6e-4b51-b91e-b64503dadc5e@group-F967393F7C93-LeaderElection203] INFO  impl.RoleInfo (RoleInfo.java:shutdownLeaderElection(134)) - d6dfcdd7-fc6e-4b51-b91e-b64503dadc5e: shutdown LeaderElection
2019-10-17 21:55:08,248 [d6dfcdd7-fc6e-4b51-b91e-b64503dadc5e@group-F967393F7C93-LeaderElection203] INFO  impl.RoleInfo (RoleInfo.java:updateAndGet(143)) - d6dfcdd7-fc6e-4b51-b91e-b64503dadc5e: start FollowerState
2019-10-17 21:55:08,273 [java.util.concurrent.ThreadPoolExecutor$Worker@71aa17a1[State = -1, empty queue]] WARN  server.GrpcLogAppender (GrpcLogAppender.java:timeoutAppendRequest(209)) - de567563-d0dd-4cf2-91b7-f72627909699@group-3097D7458558->db0af43e-c62e-4c1d-affa-ffdb4faae2f8-GrpcLogAppender: appendEntries Timeout, request=de567563-d0dd-4cf2-91b7-f72627909699->db0af43e-c62e-4c1d-affa-ffdb4faae2f8#46-t10, previous=(t:10, i:4), leaderCommit=4, initializing? false, entries: <empty>
2019-10-17 21:55:08,281 [Thread-1899] INFO  impl.FollowerState (FollowerState.java:run(108)) - d6dfcdd7-fc6e-4b51-b91e-b64503dadc5e@group-F967393F7C93-FollowerState: change to CANDIDATE, lastRpcTime:32ms, electionTimeout:32ms
2019-10-17 21:55:08,281 [Thread-1899] INFO  impl.RoleInfo (RoleInfo.java:shutdownFollowerState(121)) - d6dfcdd7-fc6e-4b51-b91e-b64503dadc5e: shutdown FollowerState
2019-10-17 21:55:08,281 [Thread-1899] INFO  impl.RaftServerImpl (RaftServerImpl.java:setRole(184)) - d6dfcdd7-fc6e-4b51-b91e-b64503dadc5e@group-F967393F7C93: changes role from  FOLLOWER to CANDIDATE at term 200 for changeToCandidate
2019-10-17 21:55:08,281 [Thread-1899] INFO  impl.RoleInfo (RoleInfo.java:updateAndGet(143)) - d6dfcdd7-fc6e-4b51-b91e-b64503dadc5e: start LeaderElection
2019-10-17 21:55:08,295 [d6dfcdd7-fc6e-4b51-b91e-b64503dadc5e@group-F967393F7C93-LeaderElection204] INFO  impl.LeaderElection (LeaderElection.java:askForVotes(178)) - d6dfcdd7-fc6e-4b51-b91e-b64503dadc5e@group-F967393F7C93-LeaderElection204: begin an election at term 201 for -1: [08d4cbaa-ffed-4411-a5fd-c4a38026aead:192.168.157.223:33910, da15dfee-23f0-4dc4-ad77-c00156c49cfa:192.168.157.223:42172, d6dfcdd7-fc6e-4b51-b91e-b64503dadc5e:192.168.157.223:43575], old=null
2019-10-17 21:55:08,296 [d6dfcdd7-fc6e-4b51-b91e-b64503dadc5e@group-F967393F7C93-LeaderElection204] INFO  impl.LeaderElection (LogUtils.java:infoOrTrace(149)) - d6dfcdd7-fc6e-4b51-b91e-b64503dadc5e@group-F967393F7C93-LeaderElection204 got exception when requesting votes: {}
java.util.concurrent.ExecutionException: org.apache.ratis.thirdparty.io.grpc.StatusRuntimeException: UNAVAILABLE: io exception
	at java.util.concurrent.FutureTask.report(FutureTask.java:122)
	at java.util.concurrent.FutureTask.get(FutureTask.java:192)
	at org.apache.ratis.server.impl.LeaderElection.waitForResults(LeaderElection.java:259)
	at org.apache.ratis.server.impl.LeaderElection.askForVotes(LeaderElection.java:197)
	at org.apache.ratis.server.impl.LeaderElection.run(LeaderElection.java:133)
	at java.lang.Thread.run(Thread.java:748)
Caused by: org.apache.ratis.thirdparty.io.grpc.StatusRuntimeException: UNAVAILABLE: io exception
	at org.apache.ratis.thirdparty.io.grpc.stub.ClientCalls.toStatusRuntimeException(ClientCalls.java:233)
	at org.apache.ratis.thirdparty.io.grpc.stub.ClientCalls.getUnchecked(ClientCalls.java:214)
	at org.apache.ratis.thirdparty.io.grpc.stub.ClientCalls.blockingUnaryCall(ClientCalls.java:139)
	at org.apache.ratis.proto.grpc.RaftServerProtocolServiceGrpc$RaftServerProtocolServiceBlockingStub.requestVote(RaftServerProtocolServiceGrpc.java:265)
	at org.apache.ratis.grpc.server.GrpcServerProtocolClient.requestVote(GrpcServerProtocolClient.java:99)
	at org.apache.ratis.grpc.server.GrpcService.requestVote(GrpcService.java:204)
	at org.apache.ratis.server.impl.LeaderElection.lambda$submitRequests$1(LeaderElection.java:234)
	at java.util.concurrent.FutureTask.run(FutureTask.java:266)
	at java.util.concurrent.Executors$RunnableAdapter.call(Executors.java:511)
	at java.util.concurrent.FutureTask.run(FutureTask.java:266)
	at java.util.concurrent.ThreadPoolExecutor.runWorker(ThreadPoolExecutor.java:1149)
	at java.util.concurrent.ThreadPoolExecutor$Worker.run(ThreadPoolExecutor.java:624)
	... 1 more
Caused by: org.apache.ratis.thirdparty.io.netty.channel.AbstractChannel$AnnotatedConnectException: Connection refused: /192.168.157.223:42172
	at sun.nio.ch.SocketChannelImpl.checkConnect(Native Method)
	at sun.nio.ch.SocketChannelImpl.finishConnect(SocketChannelImpl.java:717)
	at org.apache.ratis.thirdparty.io.netty.channel.socket.nio.NioSocketChannel.doFinishConnect(NioSocketChannel.java:327)
	at org.apache.ratis.thirdparty.io.netty.channel.nio.AbstractNioChannel$AbstractNioUnsafe.finishConnect(AbstractNioChannel.java:340)
	at org.apache.ratis.thirdparty.io.netty.channel.nio.NioEventLoop.processSelectedKey(NioEventLoop.java:632)
	at org.apache.ratis.thirdparty.io.netty.channel.nio.NioEventLoop.processSelectedKeysOptimized(NioEventLoop.java:579)
	at org.apache.ratis.thirdparty.io.netty.channel.nio.NioEventLoop.processSelectedKeys(NioEventLoop.java:496)
	at org.apache.ratis.thirdparty.io.netty.channel.nio.NioEventLoop.run(NioEventLoop.java:458)
	at org.apache.ratis.thirdparty.io.netty.util.concurrent.SingleThreadEventExecutor$5.run(SingleThreadEventExecutor.java:897)
	at org.apache.ratis.thirdparty.io.netty.util.concurrent.FastThreadLocalRunnable.run(FastThreadLocalRunnable.java:30)
	... 1 more
Caused by: java.net.ConnectException: Connection refused
	... 11 more
2019-10-17 21:55:08,298 [grpc-default-executor-1] INFO  impl.RaftServerImpl (RaftServerImpl.java:setRole(184)) - 08d4cbaa-ffed-4411-a5fd-c4a38026aead@group-F967393F7C93: changes role from  FOLLOWER to FOLLOWER at term 201 for recognizeCandidate:d6dfcdd7-fc6e-4b51-b91e-b64503dadc5e
2019-10-17 21:55:08,298 [grpc-default-executor-1] INFO  impl.RoleInfo (RoleInfo.java:shutdownFollowerState(121)) - 08d4cbaa-ffed-4411-a5fd-c4a38026aead: shutdown FollowerState
2019-10-17 21:55:08,298 [grpc-default-executor-1] INFO  impl.RoleInfo (RoleInfo.java:updateAndGet(143)) - 08d4cbaa-ffed-4411-a5fd-c4a38026aead: start FollowerState
2019-10-17 21:55:08,298 [Thread-1898] INFO  impl.FollowerState (FollowerState.java:run(117)) - 08d4cbaa-ffed-4411-a5fd-c4a38026aead@group-F967393F7C93-FollowerState was interrupted: java.lang.InterruptedException: sleep interrupted
2019-10-17 21:55:08,312 [d6dfcdd7-fc6e-4b51-b91e-b64503dadc5e@group-F967393F7C93-LeaderElection204] INFO  impl.LeaderElection (LeaderElection.java:logAndReturn(56)) - d6dfcdd7-fc6e-4b51-b91e-b64503dadc5e@group-F967393F7C93-LeaderElection204: Election REJECTED; received 1 response(s) [d6dfcdd7-fc6e-4b51-b91e-b64503dadc5e<-08d4cbaa-ffed-4411-a5fd-c4a38026aead#0:FAIL-t201] and 1 exception(s); d6dfcdd7-fc6e-4b51-b91e-b64503dadc5e@group-F967393F7C93:t201, leader=null, voted=d6dfcdd7-fc6e-4b51-b91e-b64503dadc5e, raftlog=d6dfcdd7-fc6e-4b51-b91e-b64503dadc5e@group-F967393F7C93-SegmentedRaftLog:OPENED:c-1,f-1,i0, conf=-1: [08d4cbaa-ffed-4411-a5fd-c4a38026aead:192.168.157.223:33910, da15dfee-23f0-4dc4-ad77-c00156c49cfa:192.168.157.223:42172, d6dfcdd7-fc6e-4b51-b91e-b64503dadc5e:192.168.157.223:43575], old=null
2019-10-17 21:55:08,312 [d6dfcdd7-fc6e-4b51-b91e-b64503dadc5e@group-F967393F7C93-LeaderElection204] INFO  impl.LeaderElection (LogUtils.java:infoOrTrace(149)) -   Exception 0: {}
java.util.concurrent.ExecutionException: org.apache.ratis.thirdparty.io.grpc.StatusRuntimeException: UNAVAILABLE: io exception
	at java.util.concurrent.FutureTask.report(FutureTask.java:122)
	at java.util.concurrent.FutureTask.get(FutureTask.java:192)
	at org.apache.ratis.server.impl.LeaderElection.waitForResults(LeaderElection.java:259)
	at org.apache.ratis.server.impl.LeaderElection.askForVotes(LeaderElection.java:197)
	at org.apache.ratis.server.impl.LeaderElection.run(LeaderElection.java:133)
	at java.lang.Thread.run(Thread.java:748)
Caused by: org.apache.ratis.thirdparty.io.grpc.StatusRuntimeException: UNAVAILABLE: io exception
	at org.apache.ratis.thirdparty.io.grpc.stub.ClientCalls.toStatusRuntimeException(ClientCalls.java:233)
	at org.apache.ratis.thirdparty.io.grpc.stub.ClientCalls.getUnchecked(ClientCalls.java:214)
	at org.apache.ratis.thirdparty.io.grpc.stub.ClientCalls.blockingUnaryCall(ClientCalls.java:139)
	at org.apache.ratis.proto.grpc.RaftServerProtocolServiceGrpc$RaftServerProtocolServiceBlockingStub.requestVote(RaftServerProtocolServiceGrpc.java:265)
	at org.apache.ratis.grpc.server.GrpcServerProtocolClient.requestVote(GrpcServerProtocolClient.java:99)
	at org.apache.ratis.grpc.server.GrpcService.requestVote(GrpcService.java:204)
	at org.apache.ratis.server.impl.LeaderElection.lambda$submitRequests$1(LeaderElection.java:234)
	at java.util.concurrent.FutureTask.run(FutureTask.java:266)
	at java.util.concurrent.Executors$RunnableAdapter.call(Executors.java:511)
	at java.util.concurrent.FutureTask.run(FutureTask.java:266)
	at java.util.concurrent.ThreadPoolExecutor.runWorker(ThreadPoolExecutor.java:1149)
	at java.util.concurrent.ThreadPoolExecutor$Worker.run(ThreadPoolExecutor.java:624)
	... 1 more
Caused by: org.apache.ratis.thirdparty.io.netty.channel.AbstractChannel$AnnotatedConnectException: Connection refused: /192.168.157.223:42172
	at sun.nio.ch.SocketChannelImpl.checkConnect(Native Method)
	at sun.nio.ch.SocketChannelImpl.finishConnect(SocketChannelImpl.java:717)
	at org.apache.ratis.thirdparty.io.netty.channel.socket.nio.NioSocketChannel.doFinishConnect(NioSocketChannel.java:327)
	at org.apache.ratis.thirdparty.io.netty.channel.nio.AbstractNioChannel$AbstractNioUnsafe.finishConnect(AbstractNioChannel.java:340)
	at org.apache.ratis.thirdparty.io.netty.channel.nio.NioEventLoop.processSelectedKey(NioEventLoop.java:632)
	at org.apache.ratis.thirdparty.io.netty.channel.nio.NioEventLoop.processSelectedKeysOptimized(NioEventLoop.java:579)
	at org.apache.ratis.thirdparty.io.netty.channel.nio.NioEventLoop.processSelectedKeys(NioEventLoop.java:496)
	at org.apache.ratis.thirdparty.io.netty.channel.nio.NioEventLoop.run(NioEventLoop.java:458)
	at org.apache.ratis.thirdparty.io.netty.util.concurrent.SingleThreadEventExecutor$5.run(SingleThreadEventExecutor.java:897)
	at org.apache.ratis.thirdparty.io.netty.util.concurrent.FastThreadLocalRunnable.run(FastThreadLocalRunnable.java:30)
	... 1 more
Caused by: java.net.ConnectException: Connection refused
	... 11 more
2019-10-17 21:55:08,312 [d6dfcdd7-fc6e-4b51-b91e-b64503dadc5e@group-F967393F7C93-LeaderElection204] INFO  impl.RaftServerImpl (RaftServerImpl.java:setRole(184)) - d6dfcdd7-fc6e-4b51-b91e-b64503dadc5e@group-F967393F7C93: changes role from CANDIDATE to FOLLOWER at term 201 for DISCOVERED_A_NEW_TERM
2019-10-17 21:55:08,312 [d6dfcdd7-fc6e-4b51-b91e-b64503dadc5e@group-F967393F7C93-LeaderElection204] INFO  impl.RoleInfo (RoleInfo.java:shutdownLeaderElection(134)) - d6dfcdd7-fc6e-4b51-b91e-b64503dadc5e: shutdown LeaderElection
2019-10-17 21:55:08,313 [d6dfcdd7-fc6e-4b51-b91e-b64503dadc5e@group-F967393F7C93-LeaderElection204] INFO  impl.RoleInfo (RoleInfo.java:updateAndGet(143)) - d6dfcdd7-fc6e-4b51-b91e-b64503dadc5e: start FollowerState
2019-10-17 21:55:08,383 [Thread-1905] INFO  impl.FollowerState (FollowerState.java:run(108)) - d6dfcdd7-fc6e-4b51-b91e-b64503dadc5e@group-F967393F7C93-FollowerState: change to CANDIDATE, lastRpcTime:70ms, electionTimeout:70ms
2019-10-17 21:55:08,383 [Thread-1905] INFO  impl.RoleInfo (RoleInfo.java:shutdownFollowerState(121)) - d6dfcdd7-fc6e-4b51-b91e-b64503dadc5e: shutdown FollowerState
2019-10-17 21:55:08,383 [Thread-1905] INFO  impl.RaftServerImpl (RaftServerImpl.java:setRole(184)) - d6dfcdd7-fc6e-4b51-b91e-b64503dadc5e@group-F967393F7C93: changes role from  FOLLOWER to CANDIDATE at term 201 for changeToCandidate
2019-10-17 21:55:08,383 [Thread-1905] INFO  impl.RoleInfo (RoleInfo.java:updateAndGet(143)) - d6dfcdd7-fc6e-4b51-b91e-b64503dadc5e: start LeaderElection
2019-10-17 21:55:08,459 [d6dfcdd7-fc6e-4b51-b91e-b64503dadc5e@group-F967393F7C93-LeaderElection205] INFO  impl.LeaderElection (LeaderElection.java:askForVotes(178)) - d6dfcdd7-fc6e-4b51-b91e-b64503dadc5e@group-F967393F7C93-LeaderElection205: begin an election at term 202 for -1: [08d4cbaa-ffed-4411-a5fd-c4a38026aead:192.168.157.223:33910, da15dfee-23f0-4dc4-ad77-c00156c49cfa:192.168.157.223:42172, d6dfcdd7-fc6e-4b51-b91e-b64503dadc5e:192.168.157.223:43575], old=null
2019-10-17 21:55:08,460 [d6dfcdd7-fc6e-4b51-b91e-b64503dadc5e@group-F967393F7C93-LeaderElection205] INFO  impl.LeaderElection (LogUtils.java:infoOrTrace(149)) - d6dfcdd7-fc6e-4b51-b91e-b64503dadc5e@group-F967393F7C93-LeaderElection205 got exception when requesting votes: {}
java.util.concurrent.ExecutionException: org.apache.ratis.thirdparty.io.grpc.StatusRuntimeException: UNAVAILABLE: io exception
	at java.util.concurrent.FutureTask.report(FutureTask.java:122)
	at java.util.concurrent.FutureTask.get(FutureTask.java:192)
	at org.apache.ratis.server.impl.LeaderElection.waitForResults(LeaderElection.java:259)
	at org.apache.ratis.server.impl.LeaderElection.askForVotes(LeaderElection.java:197)
	at org.apache.ratis.server.impl.LeaderElection.run(LeaderElection.java:133)
	at java.lang.Thread.run(Thread.java:748)
Caused by: org.apache.ratis.thirdparty.io.grpc.StatusRuntimeException: UNAVAILABLE: io exception
	at org.apache.ratis.thirdparty.io.grpc.stub.ClientCalls.toStatusRuntimeException(ClientCalls.java:233)
	at org.apache.ratis.thirdparty.io.grpc.stub.ClientCalls.getUnchecked(ClientCalls.java:214)
	at org.apache.ratis.thirdparty.io.grpc.stub.ClientCalls.blockingUnaryCall(ClientCalls.java:139)
	at org.apache.ratis.proto.grpc.RaftServerProtocolServiceGrpc$RaftServerProtocolServiceBlockingStub.requestVote(RaftServerProtocolServiceGrpc.java:265)
	at org.apache.ratis.grpc.server.GrpcServerProtocolClient.requestVote(GrpcServerProtocolClient.java:99)
	at org.apache.ratis.grpc.server.GrpcService.requestVote(GrpcService.java:204)
	at org.apache.ratis.server.impl.LeaderElection.lambda$submitRequests$1(LeaderElection.java:234)
	at java.util.concurrent.FutureTask.run(FutureTask.java:266)
	at java.util.concurrent.Executors$RunnableAdapter.call(Executors.java:511)
	at java.util.concurrent.FutureTask.run(FutureTask.java:266)
	at java.util.concurrent.ThreadPoolExecutor.runWorker(ThreadPoolExecutor.java:1149)
	at java.util.concurrent.ThreadPoolExecutor$Worker.run(ThreadPoolExecutor.java:624)
	... 1 more
Caused by: org.apache.ratis.thirdparty.io.netty.channel.AbstractChannel$AnnotatedConnectException: Connection refused: /192.168.157.223:42172
	at sun.nio.ch.SocketChannelImpl.checkConnect(Native Method)
	at sun.nio.ch.SocketChannelImpl.finishConnect(SocketChannelImpl.java:717)
	at org.apache.ratis.thirdparty.io.netty.channel.socket.nio.NioSocketChannel.doFinishConnect(NioSocketChannel.java:327)
	at org.apache.ratis.thirdparty.io.netty.channel.nio.AbstractNioChannel$AbstractNioUnsafe.finishConnect(AbstractNioChannel.java:340)
	at org.apache.ratis.thirdparty.io.netty.channel.nio.NioEventLoop.processSelectedKey(NioEventLoop.java:632)
	at org.apache.ratis.thirdparty.io.netty.channel.nio.NioEventLoop.processSelectedKeysOptimized(NioEventLoop.java:579)
	at org.apache.ratis.thirdparty.io.netty.channel.nio.NioEventLoop.processSelectedKeys(NioEventLoop.java:496)
	at org.apache.ratis.thirdparty.io.netty.channel.nio.NioEventLoop.run(NioEventLoop.java:458)
	at org.apache.ratis.thirdparty.io.netty.util.concurrent.SingleThreadEventExecutor$5.run(SingleThreadEventExecutor.java:897)
	at org.apache.ratis.thirdparty.io.netty.util.concurrent.FastThreadLocalRunnable.run(FastThreadLocalRunnable.java:30)
	... 1 more
Caused by: java.net.ConnectException: Connection refused
	... 11 more
2019-10-17 21:55:08,462 [grpc-default-executor-1] INFO  impl.RaftServerImpl (RaftServerImpl.java:setRole(184)) - 08d4cbaa-ffed-4411-a5fd-c4a38026aead@group-F967393F7C93: changes role from  FOLLOWER to FOLLOWER at term 202 for recognizeCandidate:d6dfcdd7-fc6e-4b51-b91e-b64503dadc5e
2019-10-17 21:55:08,462 [grpc-default-executor-1] INFO  impl.RoleInfo (RoleInfo.java:shutdownFollowerState(121)) - 08d4cbaa-ffed-4411-a5fd-c4a38026aead: shutdown FollowerState
2019-10-17 21:55:08,463 [grpc-default-executor-1] INFO  impl.RoleInfo (RoleInfo.java:updateAndGet(143)) - 08d4cbaa-ffed-4411-a5fd-c4a38026aead: start FollowerState
2019-10-17 21:55:08,463 [Thread-1903] INFO  impl.FollowerState (FollowerState.java:run(117)) - 08d4cbaa-ffed-4411-a5fd-c4a38026aead@group-F967393F7C93-FollowerState was interrupted: java.lang.InterruptedException: sleep interrupted
2019-10-17 21:55:08,484 [d6dfcdd7-fc6e-4b51-b91e-b64503dadc5e@group-F967393F7C93-LeaderElection205] INFO  impl.LeaderElection (LeaderElection.java:logAndReturn(56)) - d6dfcdd7-fc6e-4b51-b91e-b64503dadc5e@group-F967393F7C93-LeaderElection205: Election REJECTED; received 1 response(s) [d6dfcdd7-fc6e-4b51-b91e-b64503dadc5e<-08d4cbaa-ffed-4411-a5fd-c4a38026aead#0:FAIL-t202] and 1 exception(s); d6dfcdd7-fc6e-4b51-b91e-b64503dadc5e@group-F967393F7C93:t202, leader=null, voted=d6dfcdd7-fc6e-4b51-b91e-b64503dadc5e, raftlog=d6dfcdd7-fc6e-4b51-b91e-b64503dadc5e@group-F967393F7C93-SegmentedRaftLog:OPENED:c-1,f-1,i0, conf=-1: [08d4cbaa-ffed-4411-a5fd-c4a38026aead:192.168.157.223:33910, da15dfee-23f0-4dc4-ad77-c00156c49cfa:192.168.157.223:42172, d6dfcdd7-fc6e-4b51-b91e-b64503dadc5e:192.168.157.223:43575], old=null
2019-10-17 21:55:08,484 [d6dfcdd7-fc6e-4b51-b91e-b64503dadc5e@group-F967393F7C93-LeaderElection205] INFO  impl.LeaderElection (LogUtils.java:infoOrTrace(149)) -   Exception 0: {}
java.util.concurrent.ExecutionException: org.apache.ratis.thirdparty.io.grpc.StatusRuntimeException: UNAVAILABLE: io exception
	at java.util.concurrent.FutureTask.report(FutureTask.java:122)
	at java.util.concurrent.FutureTask.get(FutureTask.java:192)
	at org.apache.ratis.server.impl.LeaderElection.waitForResults(LeaderElection.java:259)
	at org.apache.ratis.server.impl.LeaderElection.askForVotes(LeaderElection.java:197)
	at org.apache.ratis.server.impl.LeaderElection.run(LeaderElection.java:133)
	at java.lang.Thread.run(Thread.java:748)
Caused by: org.apache.ratis.thirdparty.io.grpc.StatusRuntimeException: UNAVAILABLE: io exception
	at org.apache.ratis.thirdparty.io.grpc.stub.ClientCalls.toStatusRuntimeException(ClientCalls.java:233)
	at org.apache.ratis.thirdparty.io.grpc.stub.ClientCalls.getUnchecked(ClientCalls.java:214)
	at org.apache.ratis.thirdparty.io.grpc.stub.ClientCalls.blockingUnaryCall(ClientCalls.java:139)
	at org.apache.ratis.proto.grpc.RaftServerProtocolServiceGrpc$RaftServerProtocolServiceBlockingStub.requestVote(RaftServerProtocolServiceGrpc.java:265)
	at org.apache.ratis.grpc.server.GrpcServerProtocolClient.requestVote(GrpcServerProtocolClient.java:99)
	at org.apache.ratis.grpc.server.GrpcService.requestVote(GrpcService.java:204)
	at org.apache.ratis.server.impl.LeaderElection.lambda$submitRequests$1(LeaderElection.java:234)
	at java.util.concurrent.FutureTask.run(FutureTask.java:266)
	at java.util.concurrent.Executors$RunnableAdapter.call(Executors.java:511)
	at java.util.concurrent.FutureTask.run(FutureTask.java:266)
	at java.util.concurrent.ThreadPoolExecutor.runWorker(ThreadPoolExecutor.java:1149)
	at java.util.concurrent.ThreadPoolExecutor$Worker.run(ThreadPoolExecutor.java:624)
	... 1 more
Caused by: org.apache.ratis.thirdparty.io.netty.channel.AbstractChannel$AnnotatedConnectException: Connection refused: /192.168.157.223:42172
	at sun.nio.ch.SocketChannelImpl.checkConnect(Native Method)
	at sun.nio.ch.SocketChannelImpl.finishConnect(SocketChannelImpl.java:717)
	at org.apache.ratis.thirdparty.io.netty.channel.socket.nio.NioSocketChannel.doFinishConnect(NioSocketChannel.java:327)
	at org.apache.ratis.thirdparty.io.netty.channel.nio.AbstractNioChannel$AbstractNioUnsafe.finishConnect(AbstractNioChannel.java:340)
	at org.apache.ratis.thirdparty.io.netty.channel.nio.NioEventLoop.processSelectedKey(NioEventLoop.java:632)
	at org.apache.ratis.thirdparty.io.netty.channel.nio.NioEventLoop.processSelectedKeysOptimized(NioEventLoop.java:579)
	at org.apache.ratis.thirdparty.io.netty.channel.nio.NioEventLoop.processSelectedKeys(NioEventLoop.java:496)
	at org.apache.ratis.thirdparty.io.netty.channel.nio.NioEventLoop.run(NioEventLoop.java:458)
	at org.apache.ratis.thirdparty.io.netty.util.concurrent.SingleThreadEventExecutor$5.run(SingleThreadEventExecutor.java:897)
	at org.apache.ratis.thirdparty.io.netty.util.concurrent.FastThreadLocalRunnable.run(FastThreadLocalRunnable.java:30)
	... 1 more
Caused by: java.net.ConnectException: Connection refused
	... 11 more
2019-10-17 21:55:08,485 [d6dfcdd7-fc6e-4b51-b91e-b64503dadc5e@group-F967393F7C93-LeaderElection205] INFO  impl.RaftServerImpl (RaftServerImpl.java:setRole(184)) - d6dfcdd7-fc6e-4b51-b91e-b64503dadc5e@group-F967393F7C93: changes role from CANDIDATE to FOLLOWER at term 202 for DISCOVERED_A_NEW_TERM
2019-10-17 21:55:08,485 [d6dfcdd7-fc6e-4b51-b91e-b64503dadc5e@group-F967393F7C93-LeaderElection205] INFO  impl.RoleInfo (RoleInfo.java:shutdownLeaderElection(134)) - d6dfcdd7-fc6e-4b51-b91e-b64503dadc5e: shutdown LeaderElection
2019-10-17 21:55:08,485 [d6dfcdd7-fc6e-4b51-b91e-b64503dadc5e@group-F967393F7C93-LeaderElection205] INFO  impl.RoleInfo (RoleInfo.java:updateAndGet(143)) - d6dfcdd7-fc6e-4b51-b91e-b64503dadc5e: start FollowerState
2019-10-17 21:55:08,596 [Thread-1910] INFO  impl.FollowerState (FollowerState.java:run(108)) - d6dfcdd7-fc6e-4b51-b91e-b64503dadc5e@group-F967393F7C93-FollowerState: change to CANDIDATE, lastRpcTime:110ms, electionTimeout:110ms
2019-10-17 21:55:08,596 [Thread-1910] INFO  impl.RoleInfo (RoleInfo.java:shutdownFollowerState(121)) - d6dfcdd7-fc6e-4b51-b91e-b64503dadc5e: shutdown FollowerState
2019-10-17 21:55:08,596 [Thread-1910] INFO  impl.RaftServerImpl (RaftServerImpl.java:setRole(184)) - d6dfcdd7-fc6e-4b51-b91e-b64503dadc5e@group-F967393F7C93: changes role from  FOLLOWER to CANDIDATE at term 202 for changeToCandidate
2019-10-17 21:55:08,596 [Thread-1910] INFO  impl.RoleInfo (RoleInfo.java:updateAndGet(143)) - d6dfcdd7-fc6e-4b51-b91e-b64503dadc5e: start LeaderElection
2019-10-17 21:55:08,601 [d6dfcdd7-fc6e-4b51-b91e-b64503dadc5e@group-F967393F7C93-LeaderElection206] INFO  impl.LeaderElection (LeaderElection.java:askForVotes(178)) - d6dfcdd7-fc6e-4b51-b91e-b64503dadc5e@group-F967393F7C93-LeaderElection206: begin an election at term 203 for -1: [08d4cbaa-ffed-4411-a5fd-c4a38026aead:192.168.157.223:33910, da15dfee-23f0-4dc4-ad77-c00156c49cfa:192.168.157.223:42172, d6dfcdd7-fc6e-4b51-b91e-b64503dadc5e:192.168.157.223:43575], old=null
2019-10-17 21:55:08,602 [d6dfcdd7-fc6e-4b51-b91e-b64503dadc5e@group-F967393F7C93-LeaderElection206] INFO  impl.LeaderElection (LogUtils.java:infoOrTrace(149)) - d6dfcdd7-fc6e-4b51-b91e-b64503dadc5e@group-F967393F7C93-LeaderElection206 got exception when requesting votes: {}
java.util.concurrent.ExecutionException: org.apache.ratis.thirdparty.io.grpc.StatusRuntimeException: UNAVAILABLE: io exception
	at java.util.concurrent.FutureTask.report(FutureTask.java:122)
	at java.util.concurrent.FutureTask.get(FutureTask.java:192)
	at org.apache.ratis.server.impl.LeaderElection.waitForResults(LeaderElection.java:259)
	at org.apache.ratis.server.impl.LeaderElection.askForVotes(LeaderElection.java:197)
	at org.apache.ratis.server.impl.LeaderElection.run(LeaderElection.java:133)
	at java.lang.Thread.run(Thread.java:748)
Caused by: org.apache.ratis.thirdparty.io.grpc.StatusRuntimeException: UNAVAILABLE: io exception
	at org.apache.ratis.thirdparty.io.grpc.stub.ClientCalls.toStatusRuntimeException(ClientCalls.java:233)
	at org.apache.ratis.thirdparty.io.grpc.stub.ClientCalls.getUnchecked(ClientCalls.java:214)
	at org.apache.ratis.thirdparty.io.grpc.stub.ClientCalls.blockingUnaryCall(ClientCalls.java:139)
	at org.apache.ratis.proto.grpc.RaftServerProtocolServiceGrpc$RaftServerProtocolServiceBlockingStub.requestVote(RaftServerProtocolServiceGrpc.java:265)
	at org.apache.ratis.grpc.server.GrpcServerProtocolClient.requestVote(GrpcServerProtocolClient.java:99)
	at org.apache.ratis.grpc.server.GrpcService.requestVote(GrpcService.java:204)
	at org.apache.ratis.server.impl.LeaderElection.lambda$submitRequests$1(LeaderElection.java:234)
	at java.util.concurrent.FutureTask.run(FutureTask.java:266)
	at java.util.concurrent.Executors$RunnableAdapter.call(Executors.java:511)
	at java.util.concurrent.FutureTask.run(FutureTask.java:266)
	at java.util.concurrent.ThreadPoolExecutor.runWorker(ThreadPoolExecutor.java:1149)
	at java.util.concurrent.ThreadPoolExecutor$Worker.run(ThreadPoolExecutor.java:624)
	... 1 more
Caused by: org.apache.ratis.thirdparty.io.netty.channel.AbstractChannel$AnnotatedConnectException: Connection refused: /192.168.157.223:42172
	at sun.nio.ch.SocketChannelImpl.checkConnect(Native Method)
	at sun.nio.ch.SocketChannelImpl.finishConnect(SocketChannelImpl.java:717)
	at org.apache.ratis.thirdparty.io.netty.channel.socket.nio.NioSocketChannel.doFinishConnect(NioSocketChannel.java:327)
	at org.apache.ratis.thirdparty.io.netty.channel.nio.AbstractNioChannel$AbstractNioUnsafe.finishConnect(AbstractNioChannel.java:340)
	at org.apache.ratis.thirdparty.io.netty.channel.nio.NioEventLoop.processSelectedKey(NioEventLoop.java:632)
	at org.apache.ratis.thirdparty.io.netty.channel.nio.NioEventLoop.processSelectedKeysOptimized(NioEventLoop.java:579)
	at org.apache.ratis.thirdparty.io.netty.channel.nio.NioEventLoop.processSelectedKeys(NioEventLoop.java:496)
	at org.apache.ratis.thirdparty.io.netty.channel.nio.NioEventLoop.run(NioEventLoop.java:458)
	at org.apache.ratis.thirdparty.io.netty.util.concurrent.SingleThreadEventExecutor$5.run(SingleThreadEventExecutor.java:897)
	at org.apache.ratis.thirdparty.io.netty.util.concurrent.FastThreadLocalRunnable.run(FastThreadLocalRunnable.java:30)
	... 1 more
Caused by: java.net.ConnectException: Connection refused
	... 11 more
2019-10-17 21:55:08,606 [grpc-default-executor-1] INFO  impl.RaftServerImpl (RaftServerImpl.java:setRole(184)) - 08d4cbaa-ffed-4411-a5fd-c4a38026aead@group-F967393F7C93: changes role from  FOLLOWER to FOLLOWER at term 203 for recognizeCandidate:d6dfcdd7-fc6e-4b51-b91e-b64503dadc5e
2019-10-17 21:55:08,607 [grpc-default-executor-1] INFO  impl.RoleInfo (RoleInfo.java:shutdownFollowerState(121)) - 08d4cbaa-ffed-4411-a5fd-c4a38026aead: shutdown FollowerState
2019-10-17 21:55:08,607 [grpc-default-executor-1] INFO  impl.RoleInfo (RoleInfo.java:updateAndGet(143)) - 08d4cbaa-ffed-4411-a5fd-c4a38026aead: start FollowerState
2019-10-17 21:55:08,607 [Thread-1909] INFO  impl.FollowerState (FollowerState.java:run(117)) - 08d4cbaa-ffed-4411-a5fd-c4a38026aead@group-F967393F7C93-FollowerState was interrupted: java.lang.InterruptedException: sleep interrupted
2019-10-17 21:55:08,611 [d6dfcdd7-fc6e-4b51-b91e-b64503dadc5e@group-F967393F7C93-LeaderElection206] INFO  impl.LeaderElection (LeaderElection.java:logAndReturn(56)) - d6dfcdd7-fc6e-4b51-b91e-b64503dadc5e@group-F967393F7C93-LeaderElection206: Election REJECTED; received 1 response(s) [d6dfcdd7-fc6e-4b51-b91e-b64503dadc5e<-08d4cbaa-ffed-4411-a5fd-c4a38026aead#0:FAIL-t203] and 1 exception(s); d6dfcdd7-fc6e-4b51-b91e-b64503dadc5e@group-F967393F7C93:t203, leader=null, voted=d6dfcdd7-fc6e-4b51-b91e-b64503dadc5e, raftlog=d6dfcdd7-fc6e-4b51-b91e-b64503dadc5e@group-F967393F7C93-SegmentedRaftLog:OPENED:c-1,f-1,i0, conf=-1: [08d4cbaa-ffed-4411-a5fd-c4a38026aead:192.168.157.223:33910, da15dfee-23f0-4dc4-ad77-c00156c49cfa:192.168.157.223:42172, d6dfcdd7-fc6e-4b51-b91e-b64503dadc5e:192.168.157.223:43575], old=null
2019-10-17 21:55:08,611 [d6dfcdd7-fc6e-4b51-b91e-b64503dadc5e@group-F967393F7C93-LeaderElection206] INFO  impl.LeaderElection (LogUtils.java:infoOrTrace(149)) -   Exception 0: {}
java.util.concurrent.ExecutionException: org.apache.ratis.thirdparty.io.grpc.StatusRuntimeException: UNAVAILABLE: io exception
	at java.util.concurrent.FutureTask.report(FutureTask.java:122)
	at java.util.concurrent.FutureTask.get(FutureTask.java:192)
	at org.apache.ratis.server.impl.LeaderElection.waitForResults(LeaderElection.java:259)
	at org.apache.ratis.server.impl.LeaderElection.askForVotes(LeaderElection.java:197)
	at org.apache.ratis.server.impl.LeaderElection.run(LeaderElection.java:133)
	at java.lang.Thread.run(Thread.java:748)
Caused by: org.apache.ratis.thirdparty.io.grpc.StatusRuntimeException: UNAVAILABLE: io exception
	at org.apache.ratis.thirdparty.io.grpc.stub.ClientCalls.toStatusRuntimeException(ClientCalls.java:233)
	at org.apache.ratis.thirdparty.io.grpc.stub.ClientCalls.getUnchecked(ClientCalls.java:214)
	at org.apache.ratis.thirdparty.io.grpc.stub.ClientCalls.blockingUnaryCall(ClientCalls.java:139)
	at org.apache.ratis.proto.grpc.RaftServerProtocolServiceGrpc$RaftServerProtocolServiceBlockingStub.requestVote(RaftServerProtocolServiceGrpc.java:265)
	at org.apache.ratis.grpc.server.GrpcServerProtocolClient.requestVote(GrpcServerProtocolClient.java:99)
	at org.apache.ratis.grpc.server.GrpcService.requestVote(GrpcService.java:204)
	at org.apache.ratis.server.impl.LeaderElection.lambda$submitRequests$1(LeaderElection.java:234)
	at java.util.concurrent.FutureTask.run(FutureTask.java:266)
	at java.util.concurrent.Executors$RunnableAdapter.call(Executors.java:511)
	at java.util.concurrent.FutureTask.run(FutureTask.java:266)
	at java.util.concurrent.ThreadPoolExecutor.runWorker(ThreadPoolExecutor.java:1149)
	at java.util.concurrent.ThreadPoolExecutor$Worker.run(ThreadPoolExecutor.java:624)
	... 1 more
Caused by: org.apache.ratis.thirdparty.io.netty.channel.AbstractChannel$AnnotatedConnectException: Connection refused: /192.168.157.223:42172
	at sun.nio.ch.SocketChannelImpl.checkConnect(Native Method)
	at sun.nio.ch.SocketChannelImpl.finishConnect(SocketChannelImpl.java:717)
	at org.apache.ratis.thirdparty.io.netty.channel.socket.nio.NioSocketChannel.doFinishConnect(NioSocketChannel.java:327)
	at org.apache.ratis.thirdparty.io.netty.channel.nio.AbstractNioChannel$AbstractNioUnsafe.finishConnect(AbstractNioChannel.java:340)
	at org.apache.ratis.thirdparty.io.netty.channel.nio.NioEventLoop.processSelectedKey(NioEventLoop.java:632)
	at org.apache.ratis.thirdparty.io.netty.channel.nio.NioEventLoop.processSelectedKeysOptimized(NioEventLoop.java:579)
	at org.apache.ratis.thirdparty.io.netty.channel.nio.NioEventLoop.processSelectedKeys(NioEventLoop.java:496)
	at org.apache.ratis.thirdparty.io.netty.channel.nio.NioEventLoop.run(NioEventLoop.java:458)
	at org.apache.ratis.thirdparty.io.netty.util.concurrent.SingleThreadEventExecutor$5.run(SingleThreadEventExecutor.java:897)
	at org.apache.ratis.thirdparty.io.netty.util.concurrent.FastThreadLocalRunnable.run(FastThreadLocalRunnable.java:30)
	... 1 more
Caused by: java.net.ConnectException: Connection refused
	... 11 more
2019-10-17 21:55:08,612 [d6dfcdd7-fc6e-4b51-b91e-b64503dadc5e@group-F967393F7C93-LeaderElection206] INFO  impl.RaftServerImpl (RaftServerImpl.java:setRole(184)) - d6dfcdd7-fc6e-4b51-b91e-b64503dadc5e@group-F967393F7C93: changes role from CANDIDATE to FOLLOWER at term 203 for DISCOVERED_A_NEW_TERM
2019-10-17 21:55:08,612 [d6dfcdd7-fc6e-4b51-b91e-b64503dadc5e@group-F967393F7C93-LeaderElection206] INFO  impl.RoleInfo (RoleInfo.java:shutdownLeaderElection(134)) - d6dfcdd7-fc6e-4b51-b91e-b64503dadc5e: shutdown LeaderElection
2019-10-17 21:55:08,613 [d6dfcdd7-fc6e-4b51-b91e-b64503dadc5e@group-F967393F7C93-LeaderElection206] INFO  impl.RoleInfo (RoleInfo.java:updateAndGet(143)) - d6dfcdd7-fc6e-4b51-b91e-b64503dadc5e: start FollowerState
2019-10-17 21:55:08,699 [Thread-1915] INFO  impl.FollowerState (FollowerState.java:run(108)) - d6dfcdd7-fc6e-4b51-b91e-b64503dadc5e@group-F967393F7C93-FollowerState: change to CANDIDATE, lastRpcTime:86ms, electionTimeout:86ms
2019-10-17 21:55:08,699 [Thread-1915] INFO  impl.RoleInfo (RoleInfo.java:shutdownFollowerState(121)) - d6dfcdd7-fc6e-4b51-b91e-b64503dadc5e: shutdown FollowerState
2019-10-17 21:55:08,699 [Thread-1915] INFO  impl.RaftServerImpl (RaftServerImpl.java:setRole(184)) - d6dfcdd7-fc6e-4b51-b91e-b64503dadc5e@group-F967393F7C93: changes role from  FOLLOWER to CANDIDATE at term 203 for changeToCandidate
2019-10-17 21:55:08,700 [Thread-1915] INFO  impl.RoleInfo (RoleInfo.java:updateAndGet(143)) - d6dfcdd7-fc6e-4b51-b91e-b64503dadc5e: start LeaderElection
2019-10-17 21:55:08,725 [d6dfcdd7-fc6e-4b51-b91e-b64503dadc5e@group-F967393F7C93-LeaderElection207] INFO  impl.LeaderElection (LeaderElection.java:askForVotes(178)) - d6dfcdd7-fc6e-4b51-b91e-b64503dadc5e@group-F967393F7C93-LeaderElection207: begin an election at term 204 for -1: [08d4cbaa-ffed-4411-a5fd-c4a38026aead:192.168.157.223:33910, da15dfee-23f0-4dc4-ad77-c00156c49cfa:192.168.157.223:42172, d6dfcdd7-fc6e-4b51-b91e-b64503dadc5e:192.168.157.223:43575], old=null
2019-10-17 21:55:08,726 [d6dfcdd7-fc6e-4b51-b91e-b64503dadc5e@group-F967393F7C93-LeaderElection207] INFO  impl.LeaderElection (LogUtils.java:infoOrTrace(149)) - d6dfcdd7-fc6e-4b51-b91e-b64503dadc5e@group-F967393F7C93-LeaderElection207 got exception when requesting votes: {}
java.util.concurrent.ExecutionException: org.apache.ratis.thirdparty.io.grpc.StatusRuntimeException: UNAVAILABLE: io exception
	at java.util.concurrent.FutureTask.report(FutureTask.java:122)
	at java.util.concurrent.FutureTask.get(FutureTask.java:192)
	at org.apache.ratis.server.impl.LeaderElection.waitForResults(LeaderElection.java:259)
	at org.apache.ratis.server.impl.LeaderElection.askForVotes(LeaderElection.java:197)
	at org.apache.ratis.server.impl.LeaderElection.run(LeaderElection.java:133)
	at java.lang.Thread.run(Thread.java:748)
Caused by: org.apache.ratis.thirdparty.io.grpc.StatusRuntimeException: UNAVAILABLE: io exception
	at org.apache.ratis.thirdparty.io.grpc.stub.ClientCalls.toStatusRuntimeException(ClientCalls.java:233)
	at org.apache.ratis.thirdparty.io.grpc.stub.ClientCalls.getUnchecked(ClientCalls.java:214)
	at org.apache.ratis.thirdparty.io.grpc.stub.ClientCalls.blockingUnaryCall(ClientCalls.java:139)
	at org.apache.ratis.proto.grpc.RaftServerProtocolServiceGrpc$RaftServerProtocolServiceBlockingStub.requestVote(RaftServerProtocolServiceGrpc.java:265)
	at org.apache.ratis.grpc.server.GrpcServerProtocolClient.requestVote(GrpcServerProtocolClient.java:99)
	at org.apache.ratis.grpc.server.GrpcService.requestVote(GrpcService.java:204)
	at org.apache.ratis.server.impl.LeaderElection.lambda$submitRequests$1(LeaderElection.java:234)
	at java.util.concurrent.FutureTask.run(FutureTask.java:266)
	at java.util.concurrent.Executors$RunnableAdapter.call(Executors.java:511)
	at java.util.concurrent.FutureTask.run(FutureTask.java:266)
	at java.util.concurrent.ThreadPoolExecutor.runWorker(ThreadPoolExecutor.java:1149)
	at java.util.concurrent.ThreadPoolExecutor$Worker.run(ThreadPoolExecutor.java:624)
	... 1 more
Caused by: org.apache.ratis.thirdparty.io.netty.channel.AbstractChannel$AnnotatedConnectException: Connection refused: /192.168.157.223:42172
	at sun.nio.ch.SocketChannelImpl.checkConnect(Native Method)
	at sun.nio.ch.SocketChannelImpl.finishConnect(SocketChannelImpl.java:717)
	at org.apache.ratis.thirdparty.io.netty.channel.socket.nio.NioSocketChannel.doFinishConnect(NioSocketChannel.java:327)
	at org.apache.ratis.thirdparty.io.netty.channel.nio.AbstractNioChannel$AbstractNioUnsafe.finishConnect(AbstractNioChannel.java:340)
	at org.apache.ratis.thirdparty.io.netty.channel.nio.NioEventLoop.processSelectedKey(NioEventLoop.java:632)
	at org.apache.ratis.thirdparty.io.netty.channel.nio.NioEventLoop.processSelectedKeysOptimized(NioEventLoop.java:579)
	at org.apache.ratis.thirdparty.io.netty.channel.nio.NioEventLoop.processSelectedKeys(NioEventLoop.java:496)
	at org.apache.ratis.thirdparty.io.netty.channel.nio.NioEventLoop.run(NioEventLoop.java:458)
	at org.apache.ratis.thirdparty.io.netty.util.concurrent.SingleThreadEventExecutor$5.run(SingleThreadEventExecutor.java:897)
	at org.apache.ratis.thirdparty.io.netty.util.concurrent.FastThreadLocalRunnable.run(FastThreadLocalRunnable.java:30)
	... 1 more
Caused by: java.net.ConnectException: Connection refused
	... 11 more
2019-10-17 21:55:08,734 [grpc-default-executor-1] INFO  impl.RaftServerImpl (RaftServerImpl.java:setRole(184)) - 08d4cbaa-ffed-4411-a5fd-c4a38026aead@group-F967393F7C93: changes role from  FOLLOWER to FOLLOWER at term 204 for recognizeCandidate:d6dfcdd7-fc6e-4b51-b91e-b64503dadc5e
2019-10-17 21:55:08,734 [grpc-default-executor-1] INFO  impl.RoleInfo (RoleInfo.java:shutdownFollowerState(121)) - 08d4cbaa-ffed-4411-a5fd-c4a38026aead: shutdown FollowerState
2019-10-17 21:55:08,734 [grpc-default-executor-1] INFO  impl.RoleInfo (RoleInfo.java:updateAndGet(143)) - 08d4cbaa-ffed-4411-a5fd-c4a38026aead: start FollowerState
2019-10-17 21:55:08,734 [Thread-1914] INFO  impl.FollowerState (FollowerState.java:run(117)) - 08d4cbaa-ffed-4411-a5fd-c4a38026aead@group-F967393F7C93-FollowerState was interrupted: java.lang.InterruptedException: sleep interrupted
2019-10-17 21:55:08,741 [Thread-1857] INFO  impl.FollowerState (FollowerState.java:run(108)) - 9a96bff1-ea9f-4cea-8163-a3905a9e2704@group-4FF8CA26B826-FollowerState: change to CANDIDATE, lastRpcTime:1175ms, electionTimeout:1175ms
2019-10-17 21:55:08,741 [Thread-1857] INFO  impl.RoleInfo (RoleInfo.java:shutdownFollowerState(121)) - 9a96bff1-ea9f-4cea-8163-a3905a9e2704: shutdown FollowerState
2019-10-17 21:55:08,741 [Thread-1857] INFO  impl.RaftServerImpl (RaftServerImpl.java:setRole(184)) - 9a96bff1-ea9f-4cea-8163-a3905a9e2704@group-4FF8CA26B826: changes role from  FOLLOWER to CANDIDATE at term 13 for changeToCandidate
2019-10-17 21:55:08,741 [Thread-1857] INFO  impl.RoleInfo (RoleInfo.java:updateAndGet(143)) - 9a96bff1-ea9f-4cea-8163-a3905a9e2704: start LeaderElection
2019-10-17 21:55:08,749 [9a96bff1-ea9f-4cea-8163-a3905a9e2704@group-4FF8CA26B826-LeaderElection208] INFO  impl.LeaderElection (LeaderElection.java:askForVotes(178)) - 9a96bff1-ea9f-4cea-8163-a3905a9e2704@group-4FF8CA26B826-LeaderElection208: begin an election at term 14 for 1: [c3d1d4b8-f513-489f-ad1a-d9e469eb6c8d:192.168.157.223:35769, 9a96bff1-ea9f-4cea-8163-a3905a9e2704:192.168.157.223:39495, fff7125c-610a-434d-b194-38800617abc4:192.168.157.223:34162], old=null
2019-10-17 21:55:08,750 [d6dfcdd7-fc6e-4b51-b91e-b64503dadc5e@group-F967393F7C93-LeaderElection207] INFO  impl.LeaderElection (LeaderElection.java:logAndReturn(56)) - d6dfcdd7-fc6e-4b51-b91e-b64503dadc5e@group-F967393F7C93-LeaderElection207: Election REJECTED; received 1 response(s) [d6dfcdd7-fc6e-4b51-b91e-b64503dadc5e<-08d4cbaa-ffed-4411-a5fd-c4a38026aead#0:FAIL-t204] and 1 exception(s); d6dfcdd7-fc6e-4b51-b91e-b64503dadc5e@group-F967393F7C93:t204, leader=null, voted=d6dfcdd7-fc6e-4b51-b91e-b64503dadc5e, raftlog=d6dfcdd7-fc6e-4b51-b91e-b64503dadc5e@group-F967393F7C93-SegmentedRaftLog:OPENED:c-1,f-1,i0, conf=-1: [08d4cbaa-ffed-4411-a5fd-c4a38026aead:192.168.157.223:33910, da15dfee-23f0-4dc4-ad77-c00156c49cfa:192.168.157.223:42172, d6dfcdd7-fc6e-4b51-b91e-b64503dadc5e:192.168.157.223:43575], old=null
2019-10-17 21:55:08,750 [d6dfcdd7-fc6e-4b51-b91e-b64503dadc5e@group-F967393F7C93-LeaderElection207] INFO  impl.LeaderElection (LogUtils.java:infoOrTrace(149)) -   Exception 0: {}
java.util.concurrent.ExecutionException: org.apache.ratis.thirdparty.io.grpc.StatusRuntimeException: UNAVAILABLE: io exception
	at java.util.concurrent.FutureTask.report(FutureTask.java:122)
	at java.util.concurrent.FutureTask.get(FutureTask.java:192)
	at org.apache.ratis.server.impl.LeaderElection.waitForResults(LeaderElection.java:259)
	at org.apache.ratis.server.impl.LeaderElection.askForVotes(LeaderElection.java:197)
	at org.apache.ratis.server.impl.LeaderElection.run(LeaderElection.java:133)
	at java.lang.Thread.run(Thread.java:748)
Caused by: org.apache.ratis.thirdparty.io.grpc.StatusRuntimeException: UNAVAILABLE: io exception
	at org.apache.ratis.thirdparty.io.grpc.stub.ClientCalls.toStatusRuntimeException(ClientCalls.java:233)
	at org.apache.ratis.thirdparty.io.grpc.stub.ClientCalls.getUnchecked(ClientCalls.java:214)
	at org.apache.ratis.thirdparty.io.grpc.stub.ClientCalls.blockingUnaryCall(ClientCalls.java:139)
	at org.apache.ratis.proto.grpc.RaftServerProtocolServiceGrpc$RaftServerProtocolServiceBlockingStub.requestVote(RaftServerProtocolServiceGrpc.java:265)
	at org.apache.ratis.grpc.server.GrpcServerProtocolClient.requestVote(GrpcServerProtocolClient.java:99)
	at org.apache.ratis.grpc.server.GrpcService.requestVote(GrpcService.java:204)
	at org.apache.ratis.server.impl.LeaderElection.lambda$submitRequests$1(LeaderElection.java:234)
	at java.util.concurrent.FutureTask.run(FutureTask.java:266)
	at java.util.concurrent.Executors$RunnableAdapter.call(Executors.java:511)
	at java.util.concurrent.FutureTask.run(FutureTask.java:266)
	at java.util.concurrent.ThreadPoolExecutor.runWorker(ThreadPoolExecutor.java:1149)
	at java.util.concurrent.ThreadPoolExecutor$Worker.run(ThreadPoolExecutor.java:624)
	... 1 more
Caused by: org.apache.ratis.thirdparty.io.netty.channel.AbstractChannel$AnnotatedConnectException: Connection refused: /192.168.157.223:42172
	at sun.nio.ch.SocketChannelImpl.checkConnect(Native Method)
	at sun.nio.ch.SocketChannelImpl.finishConnect(SocketChannelImpl.java:717)
	at org.apache.ratis.thirdparty.io.netty.channel.socket.nio.NioSocketChannel.doFinishConnect(NioSocketChannel.java:327)
	at org.apache.ratis.thirdparty.io.netty.channel.nio.AbstractNioChannel$AbstractNioUnsafe.finishConnect(AbstractNioChannel.java:340)
	at org.apache.ratis.thirdparty.io.netty.channel.nio.NioEventLoop.processSelectedKey(NioEventLoop.java:632)
	at org.apache.ratis.thirdparty.io.netty.channel.nio.NioEventLoop.processSelectedKeysOptimized(NioEventLoop.java:579)
	at org.apache.ratis.thirdparty.io.netty.channel.nio.NioEventLoop.processSelectedKeys(NioEventLoop.java:496)
	at org.apache.ratis.thirdparty.io.netty.channel.nio.NioEventLoop.run(NioEventLoop.java:458)
	at org.apache.ratis.thirdparty.io.netty.util.concurrent.SingleThreadEventExecutor$5.run(SingleThreadEventExecutor.java:897)
	at org.apache.ratis.thirdparty.io.netty.util.concurrent.FastThreadLocalRunnable.run(FastThreadLocalRunnable.java:30)
	... 1 more
Caused by: java.net.ConnectException: Connection refused
	... 11 more
2019-10-17 21:55:08,750 [9a96bff1-ea9f-4cea-8163-a3905a9e2704@group-4FF8CA26B826-LeaderElection208] INFO  impl.LeaderElection (LogUtils.java:infoOrTrace(149)) - 9a96bff1-ea9f-4cea-8163-a3905a9e2704@group-4FF8CA26B826-LeaderElection208 got exception when requesting votes: {}
java.util.concurrent.ExecutionException: org.apache.ratis.thirdparty.io.grpc.StatusRuntimeException: UNAVAILABLE: io exception
	at java.util.concurrent.FutureTask.report(FutureTask.java:122)
	at java.util.concurrent.FutureTask.get(FutureTask.java:192)
	at org.apache.ratis.server.impl.LeaderElection.waitForResults(LeaderElection.java:259)
	at org.apache.ratis.server.impl.LeaderElection.askForVotes(LeaderElection.java:197)
	at org.apache.ratis.server.impl.LeaderElection.run(LeaderElection.java:133)
	at java.lang.Thread.run(Thread.java:748)
Caused by: org.apache.ratis.thirdparty.io.grpc.StatusRuntimeException: UNAVAILABLE: io exception
	at org.apache.ratis.thirdparty.io.grpc.stub.ClientCalls.toStatusRuntimeException(ClientCalls.java:233)
	at org.apache.ratis.thirdparty.io.grpc.stub.ClientCalls.getUnchecked(ClientCalls.java:214)
	at org.apache.ratis.thirdparty.io.grpc.stub.ClientCalls.blockingUnaryCall(ClientCalls.java:139)
	at org.apache.ratis.proto.grpc.RaftServerProtocolServiceGrpc$RaftServerProtocolServiceBlockingStub.requestVote(RaftServerProtocolServiceGrpc.java:265)
	at org.apache.ratis.grpc.server.GrpcServerProtocolClient.requestVote(GrpcServerProtocolClient.java:99)
	at org.apache.ratis.grpc.server.GrpcService.requestVote(GrpcService.java:204)
	at org.apache.ratis.server.impl.LeaderElection.lambda$submitRequests$1(LeaderElection.java:234)
	at java.util.concurrent.FutureTask.run(FutureTask.java:266)
	at java.util.concurrent.Executors$RunnableAdapter.call(Executors.java:511)
	at java.util.concurrent.FutureTask.run(FutureTask.java:266)
	at java.util.concurrent.ThreadPoolExecutor.runWorker(ThreadPoolExecutor.java:1149)
	at java.util.concurrent.ThreadPoolExecutor$Worker.run(ThreadPoolExecutor.java:624)
	... 1 more
Caused by: org.apache.ratis.thirdparty.io.netty.channel.AbstractChannel$AnnotatedConnectException: Connection refused: /192.168.157.223:35769
	at sun.nio.ch.SocketChannelImpl.checkConnect(Native Method)
	at sun.nio.ch.SocketChannelImpl.finishConnect(SocketChannelImpl.java:717)
	at org.apache.ratis.thirdparty.io.netty.channel.socket.nio.NioSocketChannel.doFinishConnect(NioSocketChannel.java:327)
	at org.apache.ratis.thirdparty.io.netty.channel.nio.AbstractNioChannel$AbstractNioUnsafe.finishConnect(AbstractNioChannel.java:340)
	at org.apache.ratis.thirdparty.io.netty.channel.nio.NioEventLoop.processSelectedKey(NioEventLoop.java:632)
	at org.apache.ratis.thirdparty.io.netty.channel.nio.NioEventLoop.processSelectedKeysOptimized(NioEventLoop.java:579)
	at org.apache.ratis.thirdparty.io.netty.channel.nio.NioEventLoop.processSelectedKeys(NioEventLoop.java:496)
	at org.apache.ratis.thirdparty.io.netty.channel.nio.NioEventLoop.run(NioEventLoop.java:458)
	at org.apache.ratis.thirdparty.io.netty.util.concurrent.SingleThreadEventExecutor$5.run(SingleThreadEventExecutor.java:897)
	at org.apache.ratis.thirdparty.io.netty.util.concurrent.FastThreadLocalRunnable.run(FastThreadLocalRunnable.java:30)
	... 1 more
Caused by: java.net.ConnectException: Connection refused
	... 11 more
2019-10-17 21:55:08,751 [d6dfcdd7-fc6e-4b51-b91e-b64503dadc5e@group-F967393F7C93-LeaderElection207] INFO  impl.RaftServerImpl (RaftServerImpl.java:setRole(184)) - d6dfcdd7-fc6e-4b51-b91e-b64503dadc5e@group-F967393F7C93: changes role from CANDIDATE to FOLLOWER at term 204 for DISCOVERED_A_NEW_TERM
2019-10-17 21:55:08,751 [9a96bff1-ea9f-4cea-8163-a3905a9e2704@group-4FF8CA26B826-LeaderElection208] INFO  impl.LeaderElection (LogUtils.java:infoOrTrace(149)) - 9a96bff1-ea9f-4cea-8163-a3905a9e2704@group-4FF8CA26B826-LeaderElection208 got exception when requesting votes: {}
java.util.concurrent.ExecutionException: org.apache.ratis.thirdparty.io.grpc.StatusRuntimeException: UNAVAILABLE: io exception
	at java.util.concurrent.FutureTask.report(FutureTask.java:122)
	at java.util.concurrent.FutureTask.get(FutureTask.java:192)
	at org.apache.ratis.server.impl.LeaderElection.waitForResults(LeaderElection.java:259)
	at org.apache.ratis.server.impl.LeaderElection.askForVotes(LeaderElection.java:197)
	at org.apache.ratis.server.impl.LeaderElection.run(LeaderElection.java:133)
	at java.lang.Thread.run(Thread.java:748)
Caused by: org.apache.ratis.thirdparty.io.grpc.StatusRuntimeException: UNAVAILABLE: io exception
	at org.apache.ratis.thirdparty.io.grpc.stub.ClientCalls.toStatusRuntimeException(ClientCalls.java:233)
	at org.apache.ratis.thirdparty.io.grpc.stub.ClientCalls.getUnchecked(ClientCalls.java:214)
	at org.apache.ratis.thirdparty.io.grpc.stub.ClientCalls.blockingUnaryCall(ClientCalls.java:139)
	at org.apache.ratis.proto.grpc.RaftServerProtocolServiceGrpc$RaftServerProtocolServiceBlockingStub.requestVote(RaftServerProtocolServiceGrpc.java:265)
	at org.apache.ratis.grpc.server.GrpcServerProtocolClient.requestVote(GrpcServerProtocolClient.java:99)
	at org.apache.ratis.grpc.server.GrpcService.requestVote(GrpcService.java:204)
	at org.apache.ratis.server.impl.LeaderElection.lambda$submitRequests$1(LeaderElection.java:234)
	at java.util.concurrent.FutureTask.run(FutureTask.java:266)
	at java.util.concurrent.Executors$RunnableAdapter.call(Executors.java:511)
	at java.util.concurrent.FutureTask.run(FutureTask.java:266)
	at java.util.concurrent.ThreadPoolExecutor.runWorker(ThreadPoolExecutor.java:1149)
	at java.util.concurrent.ThreadPoolExecutor$Worker.run(ThreadPoolExecutor.java:624)
	... 1 more
Caused by: org.apache.ratis.thirdparty.io.netty.channel.AbstractChannel$AnnotatedConnectException: Connection refused: /192.168.157.223:34162
	at sun.nio.ch.SocketChannelImpl.checkConnect(Native Method)
	at sun.nio.ch.SocketChannelImpl.finishConnect(SocketChannelImpl.java:717)
	at org.apache.ratis.thirdparty.io.netty.channel.socket.nio.NioSocketChannel.doFinishConnect(NioSocketChannel.java:327)
	at org.apache.ratis.thirdparty.io.netty.channel.nio.AbstractNioChannel$AbstractNioUnsafe.finishConnect(AbstractNioChannel.java:340)
	at org.apache.ratis.thirdparty.io.netty.channel.nio.NioEventLoop.processSelectedKey(NioEventLoop.java:632)
	at org.apache.ratis.thirdparty.io.netty.channel.nio.NioEventLoop.processSelectedKeysOptimized(NioEventLoop.java:579)
	at org.apache.ratis.thirdparty.io.netty.channel.nio.NioEventLoop.processSelectedKeys(NioEventLoop.java:496)
	at org.apache.ratis.thirdparty.io.netty.channel.nio.NioEventLoop.run(NioEventLoop.java:458)
	at org.apache.ratis.thirdparty.io.netty.util.concurrent.SingleThreadEventExecutor$5.run(SingleThreadEventExecutor.java:897)
	at org.apache.ratis.thirdparty.io.netty.util.concurrent.FastThreadLocalRunnable.run(FastThreadLocalRunnable.java:30)
	... 1 more
Caused by: java.net.ConnectException: Connection refused
	... 11 more
2019-10-17 21:55:08,751 [d6dfcdd7-fc6e-4b51-b91e-b64503dadc5e@group-F967393F7C93-LeaderElection207] INFO  impl.RoleInfo (RoleInfo.java:shutdownLeaderElection(134)) - d6dfcdd7-fc6e-4b51-b91e-b64503dadc5e: shutdown LeaderElection
2019-10-17 21:55:08,758 [9a96bff1-ea9f-4cea-8163-a3905a9e2704@group-4FF8CA26B826-LeaderElection208] INFO  impl.LeaderElection (LeaderElection.java:logAndReturn(56)) - 9a96bff1-ea9f-4cea-8163-a3905a9e2704@group-4FF8CA26B826-LeaderElection208: Election REJECTED; received 0 response(s) [] and 2 exception(s); 9a96bff1-ea9f-4cea-8163-a3905a9e2704@group-4FF8CA26B826:t14, leader=null, voted=9a96bff1-ea9f-4cea-8163-a3905a9e2704, raftlog=9a96bff1-ea9f-4cea-8163-a3905a9e2704@group-4FF8CA26B826-SegmentedRaftLog:OPENED:c18,f18,i18, conf=1: [c3d1d4b8-f513-489f-ad1a-d9e469eb6c8d:192.168.157.223:35769, 9a96bff1-ea9f-4cea-8163-a3905a9e2704:192.168.157.223:39495, fff7125c-610a-434d-b194-38800617abc4:192.168.157.223:34162], old=null
2019-10-17 21:55:08,758 [d6dfcdd7-fc6e-4b51-b91e-b64503dadc5e@group-F967393F7C93-LeaderElection207] INFO  impl.RoleInfo (RoleInfo.java:updateAndGet(143)) - d6dfcdd7-fc6e-4b51-b91e-b64503dadc5e: start FollowerState
2019-10-17 21:55:08,758 [9a96bff1-ea9f-4cea-8163-a3905a9e2704@group-4FF8CA26B826-LeaderElection208] INFO  impl.LeaderElection (LogUtils.java:infoOrTrace(149)) -   Exception 0: {}
java.util.concurrent.ExecutionException: org.apache.ratis.thirdparty.io.grpc.StatusRuntimeException: UNAVAILABLE: io exception
	at java.util.concurrent.FutureTask.report(FutureTask.java:122)
	at java.util.concurrent.FutureTask.get(FutureTask.java:192)
	at org.apache.ratis.server.impl.LeaderElection.waitForResults(LeaderElection.java:259)
	at org.apache.ratis.server.impl.LeaderElection.askForVotes(LeaderElection.java:197)
	at org.apache.ratis.server.impl.LeaderElection.run(LeaderElection.java:133)
	at java.lang.Thread.run(Thread.java:748)
Caused by: org.apache.ratis.thirdparty.io.grpc.StatusRuntimeException: UNAVAILABLE: io exception
	at org.apache.ratis.thirdparty.io.grpc.stub.ClientCalls.toStatusRuntimeException(ClientCalls.java:233)
	at org.apache.ratis.thirdparty.io.grpc.stub.ClientCalls.getUnchecked(ClientCalls.java:214)
	at org.apache.ratis.thirdparty.io.grpc.stub.ClientCalls.blockingUnaryCall(ClientCalls.java:139)
	at org.apache.ratis.proto.grpc.RaftServerProtocolServiceGrpc$RaftServerProtocolServiceBlockingStub.requestVote(RaftServerProtocolServiceGrpc.java:265)
	at org.apache.ratis.grpc.server.GrpcServerProtocolClient.requestVote(GrpcServerProtocolClient.java:99)
	at org.apache.ratis.grpc.server.GrpcService.requestVote(GrpcService.java:204)
	at org.apache.ratis.server.impl.LeaderElection.lambda$submitRequests$1(LeaderElection.java:234)
	at java.util.concurrent.FutureTask.run(FutureTask.java:266)
	at java.util.concurrent.Executors$RunnableAdapter.call(Executors.java:511)
	at java.util.concurrent.FutureTask.run(FutureTask.java:266)
	at java.util.concurrent.ThreadPoolExecutor.runWorker(ThreadPoolExecutor.java:1149)
	at java.util.concurrent.ThreadPoolExecutor$Worker.run(ThreadPoolExecutor.java:624)
	... 1 more
Caused by: org.apache.ratis.thirdparty.io.netty.channel.AbstractChannel$AnnotatedConnectException: Connection refused: /192.168.157.223:35769
	at sun.nio.ch.SocketChannelImpl.checkConnect(Native Method)
	at sun.nio.ch.SocketChannelImpl.finishConnect(SocketChannelImpl.java:717)
	at org.apache.ratis.thirdparty.io.netty.channel.socket.nio.NioSocketChannel.doFinishConnect(NioSocketChannel.java:327)
	at org.apache.ratis.thirdparty.io.netty.channel.nio.AbstractNioChannel$AbstractNioUnsafe.finishConnect(AbstractNioChannel.java:340)
	at org.apache.ratis.thirdparty.io.netty.channel.nio.NioEventLoop.processSelectedKey(NioEventLoop.java:632)
	at org.apache.ratis.thirdparty.io.netty.channel.nio.NioEventLoop.processSelectedKeysOptimized(NioEventLoop.java:579)
	at org.apache.ratis.thirdparty.io.netty.channel.nio.NioEventLoop.processSelectedKeys(NioEventLoop.java:496)
	at org.apache.ratis.thirdparty.io.netty.channel.nio.NioEventLoop.run(NioEventLoop.java:458)
	at org.apache.ratis.thirdparty.io.netty.util.concurrent.SingleThreadEventExecutor$5.run(SingleThreadEventExecutor.java:897)
	at org.apache.ratis.thirdparty.io.netty.util.concurrent.FastThreadLocalRunnable.run(FastThreadLocalRunnable.java:30)
	... 1 more
Caused by: java.net.ConnectException: Connection refused
	... 11 more
2019-10-17 21:55:08,758 [9a96bff1-ea9f-4cea-8163-a3905a9e2704@group-4FF8CA26B826-LeaderElection208] INFO  impl.LeaderElection (LogUtils.java:infoOrTrace(149)) -   Exception 1: {}
java.util.concurrent.ExecutionException: org.apache.ratis.thirdparty.io.grpc.StatusRuntimeException: UNAVAILABLE: io exception
	at java.util.concurrent.FutureTask.report(FutureTask.java:122)
	at java.util.concurrent.FutureTask.get(FutureTask.java:192)
	at org.apache.ratis.server.impl.LeaderElection.waitForResults(LeaderElection.java:259)
	at org.apache.ratis.server.impl.LeaderElection.askForVotes(LeaderElection.java:197)
	at org.apache.ratis.server.impl.LeaderElection.run(LeaderElection.java:133)
	at java.lang.Thread.run(Thread.java:748)
Caused by: org.apache.ratis.thirdparty.io.grpc.StatusRuntimeException: UNAVAILABLE: io exception
	at org.apache.ratis.thirdparty.io.grpc.stub.ClientCalls.toStatusRuntimeException(ClientCalls.java:233)
	at org.apache.ratis.thirdparty.io.grpc.stub.ClientCalls.getUnchecked(ClientCalls.java:214)
	at org.apache.ratis.thirdparty.io.grpc.stub.ClientCalls.blockingUnaryCall(ClientCalls.java:139)
	at org.apache.ratis.proto.grpc.RaftServerProtocolServiceGrpc$RaftServerProtocolServiceBlockingStub.requestVote(RaftServerProtocolServiceGrpc.java:265)
	at org.apache.ratis.grpc.server.GrpcServerProtocolClient.requestVote(GrpcServerProtocolClient.java:99)
	at org.apache.ratis.grpc.server.GrpcService.requestVote(GrpcService.java:204)
	at org.apache.ratis.server.impl.LeaderElection.lambda$submitRequests$1(LeaderElection.java:234)
	at java.util.concurrent.FutureTask.run(FutureTask.java:266)
	at java.util.concurrent.Executors$RunnableAdapter.call(Executors.java:511)
	at java.util.concurrent.FutureTask.run(FutureTask.java:266)
	at java.util.concurrent.ThreadPoolExecutor.runWorker(ThreadPoolExecutor.java:1149)
	at java.util.concurrent.ThreadPoolExecutor$Worker.run(ThreadPoolExecutor.java:624)
	... 1 more
Caused by: org.apache.ratis.thirdparty.io.netty.channel.AbstractChannel$AnnotatedConnectException: Connection refused: /192.168.157.223:34162
	at sun.nio.ch.SocketChannelImpl.checkConnect(Native Method)
	at sun.nio.ch.SocketChannelImpl.finishConnect(SocketChannelImpl.java:717)
	at org.apache.ratis.thirdparty.io.netty.channel.socket.nio.NioSocketChannel.doFinishConnect(NioSocketChannel.java:327)
	at org.apache.ratis.thirdparty.io.netty.channel.nio.AbstractNioChannel$AbstractNioUnsafe.finishConnect(AbstractNioChannel.java:340)
	at org.apache.ratis.thirdparty.io.netty.channel.nio.NioEventLoop.processSelectedKey(NioEventLoop.java:632)
	at org.apache.ratis.thirdparty.io.netty.channel.nio.NioEventLoop.processSelectedKeysOptimized(NioEventLoop.java:579)
	at org.apache.ratis.thirdparty.io.netty.channel.nio.NioEventLoop.processSelectedKeys(NioEventLoop.java:496)
	at org.apache.ratis.thirdparty.io.netty.channel.nio.NioEventLoop.run(NioEventLoop.java:458)
	at org.apache.ratis.thirdparty.io.netty.util.concurrent.SingleThreadEventExecutor$5.run(SingleThreadEventExecutor.java:897)
	at org.apache.ratis.thirdparty.io.netty.util.concurrent.FastThreadLocalRunnable.run(FastThreadLocalRunnable.java:30)
	... 1 more
Caused by: java.net.ConnectException: Connection refused
	... 11 more
2019-10-17 21:55:08,759 [9a96bff1-ea9f-4cea-8163-a3905a9e2704@group-4FF8CA26B826-LeaderElection208] INFO  impl.RaftServerImpl (RaftServerImpl.java:setRole(184)) - 9a96bff1-ea9f-4cea-8163-a3905a9e2704@group-4FF8CA26B826: changes role from CANDIDATE to FOLLOWER at term 14 for DISCOVERED_A_NEW_TERM
2019-10-17 21:55:08,759 [9a96bff1-ea9f-4cea-8163-a3905a9e2704@group-4FF8CA26B826-LeaderElection208] INFO  impl.RoleInfo (RoleInfo.java:shutdownLeaderElection(134)) - 9a96bff1-ea9f-4cea-8163-a3905a9e2704: shutdown LeaderElection
2019-10-17 21:55:08,759 [9a96bff1-ea9f-4cea-8163-a3905a9e2704@group-4FF8CA26B826-LeaderElection208] INFO  impl.RoleInfo (RoleInfo.java:updateAndGet(143)) - 9a96bff1-ea9f-4cea-8163-a3905a9e2704: start FollowerState
2019-10-17 21:55:08,770 [Thread-1923] INFO  impl.FollowerState (FollowerState.java:run(108)) - d6dfcdd7-fc6e-4b51-b91e-b64503dadc5e@group-F967393F7C93-FollowerState: change to CANDIDATE, lastRpcTime:12ms, electionTimeout:12ms
2019-10-17 21:55:08,771 [Thread-1923] INFO  impl.RoleInfo (RoleInfo.java:shutdownFollowerState(121)) - d6dfcdd7-fc6e-4b51-b91e-b64503dadc5e: shutdown FollowerState
2019-10-17 21:55:08,771 [Thread-1923] INFO  impl.RaftServerImpl (RaftServerImpl.java:setRole(184)) - d6dfcdd7-fc6e-4b51-b91e-b64503dadc5e@group-F967393F7C93: changes role from  FOLLOWER to CANDIDATE at term 204 for changeToCandidate
2019-10-17 21:55:08,771 [Thread-1923] INFO  impl.RoleInfo (RoleInfo.java:updateAndGet(143)) - d6dfcdd7-fc6e-4b51-b91e-b64503dadc5e: start LeaderElection
2019-10-17 21:55:08,773 [java.util.concurrent.ThreadPoolExecutor$Worker@71aa17a1[State = -1, empty queue]] WARN  server.GrpcLogAppender (GrpcLogAppender.java:timeoutAppendRequest(209)) - de567563-d0dd-4cf2-91b7-f72627909699@group-3097D7458558->db0af43e-c62e-4c1d-affa-ffdb4faae2f8-GrpcLogAppender: appendEntries Timeout, request=de567563-d0dd-4cf2-91b7-f72627909699->db0af43e-c62e-4c1d-affa-ffdb4faae2f8#47-t10, previous=(t:10, i:4), leaderCommit=4, initializing? false, entries: <empty>
2019-10-17 21:55:08,786 [d6dfcdd7-fc6e-4b51-b91e-b64503dadc5e@group-F967393F7C93-LeaderElection209] INFO  impl.LeaderElection (LeaderElection.java:askForVotes(178)) - d6dfcdd7-fc6e-4b51-b91e-b64503dadc5e@group-F967393F7C93-LeaderElection209: begin an election at term 205 for -1: [08d4cbaa-ffed-4411-a5fd-c4a38026aead:192.168.157.223:33910, da15dfee-23f0-4dc4-ad77-c00156c49cfa:192.168.157.223:42172, d6dfcdd7-fc6e-4b51-b91e-b64503dadc5e:192.168.157.223:43575], old=null
2019-10-17 21:55:08,787 [d6dfcdd7-fc6e-4b51-b91e-b64503dadc5e@group-F967393F7C93-LeaderElection209] INFO  impl.LeaderElection (LogUtils.java:infoOrTrace(149)) - d6dfcdd7-fc6e-4b51-b91e-b64503dadc5e@group-F967393F7C93-LeaderElection209 got exception when requesting votes: {}
java.util.concurrent.ExecutionException: org.apache.ratis.thirdparty.io.grpc.StatusRuntimeException: UNAVAILABLE: io exception
	at java.util.concurrent.FutureTask.report(FutureTask.java:122)
	at java.util.concurrent.FutureTask.get(FutureTask.java:192)
	at org.apache.ratis.server.impl.LeaderElection.waitForResults(LeaderElection.java:259)
	at org.apache.ratis.server.impl.LeaderElection.askForVotes(LeaderElection.java:197)
	at org.apache.ratis.server.impl.LeaderElection.run(LeaderElection.java:133)
	at java.lang.Thread.run(Thread.java:748)
Caused by: org.apache.ratis.thirdparty.io.grpc.StatusRuntimeException: UNAVAILABLE: io exception
	at org.apache.ratis.thirdparty.io.grpc.stub.ClientCalls.toStatusRuntimeException(ClientCalls.java:233)
	at org.apache.ratis.thirdparty.io.grpc.stub.ClientCalls.getUnchecked(ClientCalls.java:214)
	at org.apache.ratis.thirdparty.io.grpc.stub.ClientCalls.blockingUnaryCall(ClientCalls.java:139)
	at org.apache.ratis.proto.grpc.RaftServerProtocolServiceGrpc$RaftServerProtocolServiceBlockingStub.requestVote(RaftServerProtocolServiceGrpc.java:265)
	at org.apache.ratis.grpc.server.GrpcServerProtocolClient.requestVote(GrpcServerProtocolClient.java:99)
	at org.apache.ratis.grpc.server.GrpcService.requestVote(GrpcService.java:204)
	at org.apache.ratis.server.impl.LeaderElection.lambda$submitRequests$1(LeaderElection.java:234)
	at java.util.concurrent.FutureTask.run(FutureTask.java:266)
	at java.util.concurrent.Executors$RunnableAdapter.call(Executors.java:511)
	at java.util.concurrent.FutureTask.run(FutureTask.java:266)
	at java.util.concurrent.ThreadPoolExecutor.runWorker(ThreadPoolExecutor.java:1149)
	at java.util.concurrent.ThreadPoolExecutor$Worker.run(ThreadPoolExecutor.java:624)
	... 1 more
Caused by: org.apache.ratis.thirdparty.io.netty.channel.AbstractChannel$AnnotatedConnectException: Connection refused: /192.168.157.223:42172
	at sun.nio.ch.SocketChannelImpl.checkConnect(Native Method)
	at sun.nio.ch.SocketChannelImpl.finishConnect(SocketChannelImpl.java:717)
	at org.apache.ratis.thirdparty.io.netty.channel.socket.nio.NioSocketChannel.doFinishConnect(NioSocketChannel.java:327)
	at org.apache.ratis.thirdparty.io.netty.channel.nio.AbstractNioChannel$AbstractNioUnsafe.finishConnect(AbstractNioChannel.java:340)
	at org.apache.ratis.thirdparty.io.netty.channel.nio.NioEventLoop.processSelectedKey(NioEventLoop.java:632)
	at org.apache.ratis.thirdparty.io.netty.channel.nio.NioEventLoop.processSelectedKeysOptimized(NioEventLoop.java:579)
	at org.apache.ratis.thirdparty.io.netty.channel.nio.NioEventLoop.processSelectedKeys(NioEventLoop.java:496)
	at org.apache.ratis.thirdparty.io.netty.channel.nio.NioEventLoop.run(NioEventLoop.java:458)
	at org.apache.ratis.thirdparty.io.netty.util.concurrent.SingleThreadEventExecutor$5.run(SingleThreadEventExecutor.java:897)
	at org.apache.ratis.thirdparty.io.netty.util.concurrent.FastThreadLocalRunnable.run(FastThreadLocalRunnable.java:30)
	... 1 more
Caused by: java.net.ConnectException: Connection refused
	... 11 more
2019-10-17 21:55:08,788 [grpc-default-executor-1] INFO  impl.RaftServerImpl (RaftServerImpl.java:setRole(184)) - 08d4cbaa-ffed-4411-a5fd-c4a38026aead@group-F967393F7C93: changes role from  FOLLOWER to FOLLOWER at term 205 for recognizeCandidate:d6dfcdd7-fc6e-4b51-b91e-b64503dadc5e
2019-10-17 21:55:08,788 [grpc-default-executor-1] INFO  impl.RoleInfo (RoleInfo.java:shutdownFollowerState(121)) - 08d4cbaa-ffed-4411-a5fd-c4a38026aead: shutdown FollowerState
2019-10-17 21:55:08,788 [grpc-default-executor-1] INFO  impl.RoleInfo (RoleInfo.java:updateAndGet(143)) - 08d4cbaa-ffed-4411-a5fd-c4a38026aead: start FollowerState
2019-10-17 21:55:08,788 [Thread-1919] INFO  impl.FollowerState (FollowerState.java:run(117)) - 08d4cbaa-ffed-4411-a5fd-c4a38026aead@group-F967393F7C93-FollowerState was interrupted: java.lang.InterruptedException: sleep interrupted
2019-10-17 21:55:08,802 [d6dfcdd7-fc6e-4b51-b91e-b64503dadc5e@group-F967393F7C93-LeaderElection209] INFO  impl.LeaderElection (LeaderElection.java:logAndReturn(56)) - d6dfcdd7-fc6e-4b51-b91e-b64503dadc5e@group-F967393F7C93-LeaderElection209: Election REJECTED; received 1 response(s) [d6dfcdd7-fc6e-4b51-b91e-b64503dadc5e<-08d4cbaa-ffed-4411-a5fd-c4a38026aead#0:FAIL-t205] and 1 exception(s); d6dfcdd7-fc6e-4b51-b91e-b64503dadc5e@group-F967393F7C93:t205, leader=null, voted=d6dfcdd7-fc6e-4b51-b91e-b64503dadc5e, raftlog=d6dfcdd7-fc6e-4b51-b91e-b64503dadc5e@group-F967393F7C93-SegmentedRaftLog:OPENED:c-1,f-1,i0, conf=-1: [08d4cbaa-ffed-4411-a5fd-c4a38026aead:192.168.157.223:33910, da15dfee-23f0-4dc4-ad77-c00156c49cfa:192.168.157.223:42172, d6dfcdd7-fc6e-4b51-b91e-b64503dadc5e:192.168.157.223:43575], old=null
2019-10-17 21:55:08,802 [d6dfcdd7-fc6e-4b51-b91e-b64503dadc5e@group-F967393F7C93-LeaderElection209] INFO  impl.LeaderElection (LogUtils.java:infoOrTrace(149)) -   Exception 0: {}
java.util.concurrent.ExecutionException: org.apache.ratis.thirdparty.io.grpc.StatusRuntimeException: UNAVAILABLE: io exception
	at java.util.concurrent.FutureTask.report(FutureTask.java:122)
	at java.util.concurrent.FutureTask.get(FutureTask.java:192)
	at org.apache.ratis.server.impl.LeaderElection.waitForResults(LeaderElection.java:259)
	at org.apache.ratis.server.impl.LeaderElection.askForVotes(LeaderElection.java:197)
	at org.apache.ratis.server.impl.LeaderElection.run(LeaderElection.java:133)
	at java.lang.Thread.run(Thread.java:748)
Caused by: org.apache.ratis.thirdparty.io.grpc.StatusRuntimeException: UNAVAILABLE: io exception
	at org.apache.ratis.thirdparty.io.grpc.stub.ClientCalls.toStatusRuntimeException(ClientCalls.java:233)
	at org.apache.ratis.thirdparty.io.grpc.stub.ClientCalls.getUnchecked(ClientCalls.java:214)
	at org.apache.ratis.thirdparty.io.grpc.stub.ClientCalls.blockingUnaryCall(ClientCalls.java:139)
	at org.apache.ratis.proto.grpc.RaftServerProtocolServiceGrpc$RaftServerProtocolServiceBlockingStub.requestVote(RaftServerProtocolServiceGrpc.java:265)
	at org.apache.ratis.grpc.server.GrpcServerProtocolClient.requestVote(GrpcServerProtocolClient.java:99)
	at org.apache.ratis.grpc.server.GrpcService.requestVote(GrpcService.java:204)
	at org.apache.ratis.server.impl.LeaderElection.lambda$submitRequests$1(LeaderElection.java:234)
	at java.util.concurrent.FutureTask.run(FutureTask.java:266)
	at java.util.concurrent.Executors$RunnableAdapter.call(Executors.java:511)
	at java.util.concurrent.FutureTask.run(FutureTask.java:266)
	at java.util.concurrent.ThreadPoolExecutor.runWorker(ThreadPoolExecutor.java:1149)
	at java.util.concurrent.ThreadPoolExecutor$Worker.run(ThreadPoolExecutor.java:624)
	... 1 more
Caused by: org.apache.ratis.thirdparty.io.netty.channel.AbstractChannel$AnnotatedConnectException: Connection refused: /192.168.157.223:42172
	at sun.nio.ch.SocketChannelImpl.checkConnect(Native Method)
	at sun.nio.ch.SocketChannelImpl.finishConnect(SocketChannelImpl.java:717)
	at org.apache.ratis.thirdparty.io.netty.channel.socket.nio.NioSocketChannel.doFinishConnect(NioSocketChannel.java:327)
	at org.apache.ratis.thirdparty.io.netty.channel.nio.AbstractNioChannel$AbstractNioUnsafe.finishConnect(AbstractNioChannel.java:340)
	at org.apache.ratis.thirdparty.io.netty.channel.nio.NioEventLoop.processSelectedKey(NioEventLoop.java:632)
	at org.apache.ratis.thirdparty.io.netty.channel.nio.NioEventLoop.processSelectedKeysOptimized(NioEventLoop.java:579)
	at org.apache.ratis.thirdparty.io.netty.channel.nio.NioEventLoop.processSelectedKeys(NioEventLoop.java:496)
	at org.apache.ratis.thirdparty.io.netty.channel.nio.NioEventLoop.run(NioEventLoop.java:458)
	at org.apache.ratis.thirdparty.io.netty.util.concurrent.SingleThreadEventExecutor$5.run(SingleThreadEventExecutor.java:897)
	at org.apache.ratis.thirdparty.io.netty.util.concurrent.FastThreadLocalRunnable.run(FastThreadLocalRunnable.java:30)
	... 1 more
Caused by: java.net.ConnectException: Connection refused
	... 11 more
2019-10-17 21:55:08,802 [d6dfcdd7-fc6e-4b51-b91e-b64503dadc5e@group-F967393F7C93-LeaderElection209] INFO  impl.RaftServerImpl (RaftServerImpl.java:setRole(184)) - d6dfcdd7-fc6e-4b51-b91e-b64503dadc5e@group-F967393F7C93: changes role from CANDIDATE to FOLLOWER at term 205 for DISCOVERED_A_NEW_TERM
2019-10-17 21:55:08,802 [d6dfcdd7-fc6e-4b51-b91e-b64503dadc5e@group-F967393F7C93-LeaderElection209] INFO  impl.RoleInfo (RoleInfo.java:shutdownLeaderElection(134)) - d6dfcdd7-fc6e-4b51-b91e-b64503dadc5e: shutdown LeaderElection
2019-10-17 21:55:08,802 [d6dfcdd7-fc6e-4b51-b91e-b64503dadc5e@group-F967393F7C93-LeaderElection209] INFO  impl.RoleInfo (RoleInfo.java:updateAndGet(143)) - d6dfcdd7-fc6e-4b51-b91e-b64503dadc5e: start FollowerState
2019-10-17 21:55:08,923 [Thread-1929] INFO  impl.FollowerState (FollowerState.java:run(108)) - d6dfcdd7-fc6e-4b51-b91e-b64503dadc5e@group-F967393F7C93-FollowerState: change to CANDIDATE, lastRpcTime:120ms, electionTimeout:120ms
2019-10-17 21:55:08,923 [Thread-1929] INFO  impl.RoleInfo (RoleInfo.java:shutdownFollowerState(121)) - d6dfcdd7-fc6e-4b51-b91e-b64503dadc5e: shutdown FollowerState
2019-10-17 21:55:08,923 [Thread-1929] INFO  impl.RaftServerImpl (RaftServerImpl.java:setRole(184)) - d6dfcdd7-fc6e-4b51-b91e-b64503dadc5e@group-F967393F7C93: changes role from  FOLLOWER to CANDIDATE at term 205 for changeToCandidate
2019-10-17 21:55:08,923 [Thread-1929] INFO  impl.RoleInfo (RoleInfo.java:updateAndGet(143)) - d6dfcdd7-fc6e-4b51-b91e-b64503dadc5e: start LeaderElection
2019-10-17 21:55:08,936 [d6dfcdd7-fc6e-4b51-b91e-b64503dadc5e@group-F967393F7C93-LeaderElection210] INFO  impl.LeaderElection (LeaderElection.java:askForVotes(178)) - d6dfcdd7-fc6e-4b51-b91e-b64503dadc5e@group-F967393F7C93-LeaderElection210: begin an election at term 206 for -1: [08d4cbaa-ffed-4411-a5fd-c4a38026aead:192.168.157.223:33910, da15dfee-23f0-4dc4-ad77-c00156c49cfa:192.168.157.223:42172, d6dfcdd7-fc6e-4b51-b91e-b64503dadc5e:192.168.157.223:43575], old=null
2019-10-17 21:55:08,937 [d6dfcdd7-fc6e-4b51-b91e-b64503dadc5e@group-F967393F7C93-LeaderElection210] INFO  impl.LeaderElection (LogUtils.java:infoOrTrace(149)) - d6dfcdd7-fc6e-4b51-b91e-b64503dadc5e@group-F967393F7C93-LeaderElection210 got exception when requesting votes: {}
java.util.concurrent.ExecutionException: org.apache.ratis.thirdparty.io.grpc.StatusRuntimeException: UNAVAILABLE: io exception
	at java.util.concurrent.FutureTask.report(FutureTask.java:122)
	at java.util.concurrent.FutureTask.get(FutureTask.java:192)
	at org.apache.ratis.server.impl.LeaderElection.waitForResults(LeaderElection.java:259)
	at org.apache.ratis.server.impl.LeaderElection.askForVotes(LeaderElection.java:197)
	at org.apache.ratis.server.impl.LeaderElection.run(LeaderElection.java:133)
	at java.lang.Thread.run(Thread.java:748)
Caused by: org.apache.ratis.thirdparty.io.grpc.StatusRuntimeException: UNAVAILABLE: io exception
	at org.apache.ratis.thirdparty.io.grpc.stub.ClientCalls.toStatusRuntimeException(ClientCalls.java:233)
	at org.apache.ratis.thirdparty.io.grpc.stub.ClientCalls.getUnchecked(ClientCalls.java:214)
	at org.apache.ratis.thirdparty.io.grpc.stub.ClientCalls.blockingUnaryCall(ClientCalls.java:139)
	at org.apache.ratis.proto.grpc.RaftServerProtocolServiceGrpc$RaftServerProtocolServiceBlockingStub.requestVote(RaftServerProtocolServiceGrpc.java:265)
	at org.apache.ratis.grpc.server.GrpcServerProtocolClient.requestVote(GrpcServerProtocolClient.java:99)
	at org.apache.ratis.grpc.server.GrpcService.requestVote(GrpcService.java:204)
	at org.apache.ratis.server.impl.LeaderElection.lambda$submitRequests$1(LeaderElection.java:234)
	at java.util.concurrent.FutureTask.run(FutureTask.java:266)
	at java.util.concurrent.Executors$RunnableAdapter.call(Executors.java:511)
	at java.util.concurrent.FutureTask.run(FutureTask.java:266)
	at java.util.concurrent.ThreadPoolExecutor.runWorker(ThreadPoolExecutor.java:1149)
	at java.util.concurrent.ThreadPoolExecutor$Worker.run(ThreadPoolExecutor.java:624)
	... 1 more
Caused by: org.apache.ratis.thirdparty.io.netty.channel.AbstractChannel$AnnotatedConnectException: Connection refused: /192.168.157.223:42172
	at sun.nio.ch.SocketChannelImpl.checkConnect(Native Method)
	at sun.nio.ch.SocketChannelImpl.finishConnect(SocketChannelImpl.java:717)
	at org.apache.ratis.thirdparty.io.netty.channel.socket.nio.NioSocketChannel.doFinishConnect(NioSocketChannel.java:327)
	at org.apache.ratis.thirdparty.io.netty.channel.nio.AbstractNioChannel$AbstractNioUnsafe.finishConnect(AbstractNioChannel.java:340)
	at org.apache.ratis.thirdparty.io.netty.channel.nio.NioEventLoop.processSelectedKey(NioEventLoop.java:632)
	at org.apache.ratis.thirdparty.io.netty.channel.nio.NioEventLoop.processSelectedKeysOptimized(NioEventLoop.java:579)
	at org.apache.ratis.thirdparty.io.netty.channel.nio.NioEventLoop.processSelectedKeys(NioEventLoop.java:496)
	at org.apache.ratis.thirdparty.io.netty.channel.nio.NioEventLoop.run(NioEventLoop.java:458)
	at org.apache.ratis.thirdparty.io.netty.util.concurrent.SingleThreadEventExecutor$5.run(SingleThreadEventExecutor.java:897)
	at org.apache.ratis.thirdparty.io.netty.util.concurrent.FastThreadLocalRunnable.run(FastThreadLocalRunnable.java:30)
	... 1 more
Caused by: java.net.ConnectException: Connection refused
	... 11 more
2019-10-17 21:55:08,938 [grpc-default-executor-1] INFO  impl.RaftServerImpl (RaftServerImpl.java:setRole(184)) - 08d4cbaa-ffed-4411-a5fd-c4a38026aead@group-F967393F7C93: changes role from  FOLLOWER to FOLLOWER at term 206 for recognizeCandidate:d6dfcdd7-fc6e-4b51-b91e-b64503dadc5e
2019-10-17 21:55:08,938 [grpc-default-executor-1] INFO  impl.RoleInfo (RoleInfo.java:shutdownFollowerState(121)) - 08d4cbaa-ffed-4411-a5fd-c4a38026aead: shutdown FollowerState
2019-10-17 21:55:08,938 [grpc-default-executor-1] INFO  impl.RoleInfo (RoleInfo.java:updateAndGet(143)) - 08d4cbaa-ffed-4411-a5fd-c4a38026aead: start FollowerState
2019-10-17 21:55:08,938 [Thread-1928] INFO  impl.FollowerState (FollowerState.java:run(117)) - 08d4cbaa-ffed-4411-a5fd-c4a38026aead@group-F967393F7C93-FollowerState was interrupted: java.lang.InterruptedException: sleep interrupted
2019-10-17 21:55:08,964 [d6dfcdd7-fc6e-4b51-b91e-b64503dadc5e@group-F967393F7C93-LeaderElection210] INFO  impl.LeaderElection (LeaderElection.java:logAndReturn(56)) - d6dfcdd7-fc6e-4b51-b91e-b64503dadc5e@group-F967393F7C93-LeaderElection210: Election REJECTED; received 1 response(s) [d6dfcdd7-fc6e-4b51-b91e-b64503dadc5e<-08d4cbaa-ffed-4411-a5fd-c4a38026aead#0:FAIL-t206] and 1 exception(s); d6dfcdd7-fc6e-4b51-b91e-b64503dadc5e@group-F967393F7C93:t206, leader=null, voted=d6dfcdd7-fc6e-4b51-b91e-b64503dadc5e, raftlog=d6dfcdd7-fc6e-4b51-b91e-b64503dadc5e@group-F967393F7C93-SegmentedRaftLog:OPENED:c-1,f-1,i0, conf=-1: [08d4cbaa-ffed-4411-a5fd-c4a38026aead:192.168.157.223:33910, da15dfee-23f0-4dc4-ad77-c00156c49cfa:192.168.157.223:42172, d6dfcdd7-fc6e-4b51-b91e-b64503dadc5e:192.168.157.223:43575], old=null
2019-10-17 21:55:08,965 [d6dfcdd7-fc6e-4b51-b91e-b64503dadc5e@group-F967393F7C93-LeaderElection210] INFO  impl.LeaderElection (LogUtils.java:infoOrTrace(149)) -   Exception 0: {}
java.util.concurrent.ExecutionException: org.apache.ratis.thirdparty.io.grpc.StatusRuntimeException: UNAVAILABLE: io exception
	at java.util.concurrent.FutureTask.report(FutureTask.java:122)
	at java.util.concurrent.FutureTask.get(FutureTask.java:192)
	at org.apache.ratis.server.impl.LeaderElection.waitForResults(LeaderElection.java:259)
	at org.apache.ratis.server.impl.LeaderElection.askForVotes(LeaderElection.java:197)
	at org.apache.ratis.server.impl.LeaderElection.run(LeaderElection.java:133)
	at java.lang.Thread.run(Thread.java:748)
Caused by: org.apache.ratis.thirdparty.io.grpc.StatusRuntimeException: UNAVAILABLE: io exception
	at org.apache.ratis.thirdparty.io.grpc.stub.ClientCalls.toStatusRuntimeException(ClientCalls.java:233)
	at org.apache.ratis.thirdparty.io.grpc.stub.ClientCalls.getUnchecked(ClientCalls.java:214)
	at org.apache.ratis.thirdparty.io.grpc.stub.ClientCalls.blockingUnaryCall(ClientCalls.java:139)
	at org.apache.ratis.proto.grpc.RaftServerProtocolServiceGrpc$RaftServerProtocolServiceBlockingStub.requestVote(RaftServerProtocolServiceGrpc.java:265)
	at org.apache.ratis.grpc.server.GrpcServerProtocolClient.requestVote(GrpcServerProtocolClient.java:99)
	at org.apache.ratis.grpc.server.GrpcService.requestVote(GrpcService.java:204)
	at org.apache.ratis.server.impl.LeaderElection.lambda$submitRequests$1(LeaderElection.java:234)
	at java.util.concurrent.FutureTask.run(FutureTask.java:266)
	at java.util.concurrent.Executors$RunnableAdapter.call(Executors.java:511)
	at java.util.concurrent.FutureTask.run(FutureTask.java:266)
	at java.util.concurrent.ThreadPoolExecutor.runWorker(ThreadPoolExecutor.java:1149)
	at java.util.concurrent.ThreadPoolExecutor$Worker.run(ThreadPoolExecutor.java:624)
	... 1 more
Caused by: org.apache.ratis.thirdparty.io.netty.channel.AbstractChannel$AnnotatedConnectException: Connection refused: /192.168.157.223:42172
	at sun.nio.ch.SocketChannelImpl.checkConnect(Native Method)
	at sun.nio.ch.SocketChannelImpl.finishConnect(SocketChannelImpl.java:717)
	at org.apache.ratis.thirdparty.io.netty.channel.socket.nio.NioSocketChannel.doFinishConnect(NioSocketChannel.java:327)
	at org.apache.ratis.thirdparty.io.netty.channel.nio.AbstractNioChannel$AbstractNioUnsafe.finishConnect(AbstractNioChannel.java:340)
	at org.apache.ratis.thirdparty.io.netty.channel.nio.NioEventLoop.processSelectedKey(NioEventLoop.java:632)
	at org.apache.ratis.thirdparty.io.netty.channel.nio.NioEventLoop.processSelectedKeysOptimized(NioEventLoop.java:579)
	at org.apache.ratis.thirdparty.io.netty.channel.nio.NioEventLoop.processSelectedKeys(NioEventLoop.java:496)
	at org.apache.ratis.thirdparty.io.netty.channel.nio.NioEventLoop.run(NioEventLoop.java:458)
	at org.apache.ratis.thirdparty.io.netty.util.concurrent.SingleThreadEventExecutor$5.run(SingleThreadEventExecutor.java:897)
	at org.apache.ratis.thirdparty.io.netty.util.concurrent.FastThreadLocalRunnable.run(FastThreadLocalRunnable.java:30)
	... 1 more
Caused by: java.net.ConnectException: Connection refused
	... 11 more
2019-10-17 21:55:08,965 [d6dfcdd7-fc6e-4b51-b91e-b64503dadc5e@group-F967393F7C93-LeaderElection210] INFO  impl.RaftServerImpl (RaftServerImpl.java:setRole(184)) - d6dfcdd7-fc6e-4b51-b91e-b64503dadc5e@group-F967393F7C93: changes role from CANDIDATE to FOLLOWER at term 206 for DISCOVERED_A_NEW_TERM
2019-10-17 21:55:08,965 [d6dfcdd7-fc6e-4b51-b91e-b64503dadc5e@group-F967393F7C93-LeaderElection210] INFO  impl.RoleInfo (RoleInfo.java:shutdownLeaderElection(134)) - d6dfcdd7-fc6e-4b51-b91e-b64503dadc5e: shutdown LeaderElection
2019-10-17 21:55:08,965 [d6dfcdd7-fc6e-4b51-b91e-b64503dadc5e@group-F967393F7C93-LeaderElection210] INFO  impl.RoleInfo (RoleInfo.java:updateAndGet(143)) - d6dfcdd7-fc6e-4b51-b91e-b64503dadc5e: start FollowerState
2019-10-17 21:55:09,075 [Thread-1935] INFO  impl.FollowerState (FollowerState.java:run(108)) - d6dfcdd7-fc6e-4b51-b91e-b64503dadc5e@group-F967393F7C93-FollowerState: change to CANDIDATE, lastRpcTime:109ms, electionTimeout:109ms
2019-10-17 21:55:09,076 [Thread-1935] INFO  impl.RoleInfo (RoleInfo.java:shutdownFollowerState(121)) - d6dfcdd7-fc6e-4b51-b91e-b64503dadc5e: shutdown FollowerState
2019-10-17 21:55:09,076 [Thread-1935] INFO  impl.RaftServerImpl (RaftServerImpl.java:setRole(184)) - d6dfcdd7-fc6e-4b51-b91e-b64503dadc5e@group-F967393F7C93: changes role from  FOLLOWER to CANDIDATE at term 206 for changeToCandidate
2019-10-17 21:55:09,077 [Thread-1935] INFO  impl.RoleInfo (RoleInfo.java:updateAndGet(143)) - d6dfcdd7-fc6e-4b51-b91e-b64503dadc5e: start LeaderElection
2019-10-17 21:55:09,093 [d6dfcdd7-fc6e-4b51-b91e-b64503dadc5e@group-F967393F7C93-LeaderElection211] INFO  impl.LeaderElection (LeaderElection.java:askForVotes(178)) - d6dfcdd7-fc6e-4b51-b91e-b64503dadc5e@group-F967393F7C93-LeaderElection211: begin an election at term 207 for -1: [08d4cbaa-ffed-4411-a5fd-c4a38026aead:192.168.157.223:33910, da15dfee-23f0-4dc4-ad77-c00156c49cfa:192.168.157.223:42172, d6dfcdd7-fc6e-4b51-b91e-b64503dadc5e:192.168.157.223:43575], old=null
2019-10-17 21:55:09,095 [d6dfcdd7-fc6e-4b51-b91e-b64503dadc5e@group-F967393F7C93-LeaderElection211] INFO  impl.LeaderElection (LogUtils.java:infoOrTrace(149)) - d6dfcdd7-fc6e-4b51-b91e-b64503dadc5e@group-F967393F7C93-LeaderElection211 got exception when requesting votes: {}
java.util.concurrent.ExecutionException: org.apache.ratis.thirdparty.io.grpc.StatusRuntimeException: UNAVAILABLE: io exception
	at java.util.concurrent.FutureTask.report(FutureTask.java:122)
	at java.util.concurrent.FutureTask.get(FutureTask.java:192)
	at org.apache.ratis.server.impl.LeaderElection.waitForResults(LeaderElection.java:259)
	at org.apache.ratis.server.impl.LeaderElection.askForVotes(LeaderElection.java:197)
	at org.apache.ratis.server.impl.LeaderElection.run(LeaderElection.java:133)
	at java.lang.Thread.run(Thread.java:748)
Caused by: org.apache.ratis.thirdparty.io.grpc.StatusRuntimeException: UNAVAILABLE: io exception
	at org.apache.ratis.thirdparty.io.grpc.stub.ClientCalls.toStatusRuntimeException(ClientCalls.java:233)
	at org.apache.ratis.thirdparty.io.grpc.stub.ClientCalls.getUnchecked(ClientCalls.java:214)
	at org.apache.ratis.thirdparty.io.grpc.stub.ClientCalls.blockingUnaryCall(ClientCalls.java:139)
	at org.apache.ratis.proto.grpc.RaftServerProtocolServiceGrpc$RaftServerProtocolServiceBlockingStub.requestVote(RaftServerProtocolServiceGrpc.java:265)
	at org.apache.ratis.grpc.server.GrpcServerProtocolClient.requestVote(GrpcServerProtocolClient.java:99)
	at org.apache.ratis.grpc.server.GrpcService.requestVote(GrpcService.java:204)
	at org.apache.ratis.server.impl.LeaderElection.lambda$submitRequests$1(LeaderElection.java:234)
	at java.util.concurrent.FutureTask.run(FutureTask.java:266)
	at java.util.concurrent.Executors$RunnableAdapter.call(Executors.java:511)
	at java.util.concurrent.FutureTask.run(FutureTask.java:266)
	at java.util.concurrent.ThreadPoolExecutor.runWorker(ThreadPoolExecutor.java:1149)
	at java.util.concurrent.ThreadPoolExecutor$Worker.run(ThreadPoolExecutor.java:624)
	... 1 more
Caused by: org.apache.ratis.thirdparty.io.netty.channel.AbstractChannel$AnnotatedConnectException: Connection refused: /192.168.157.223:42172
	at sun.nio.ch.SocketChannelImpl.checkConnect(Native Method)
	at sun.nio.ch.SocketChannelImpl.finishConnect(SocketChannelImpl.java:717)
	at org.apache.ratis.thirdparty.io.netty.channel.socket.nio.NioSocketChannel.doFinishConnect(NioSocketChannel.java:327)
	at org.apache.ratis.thirdparty.io.netty.channel.nio.AbstractNioChannel$AbstractNioUnsafe.finishConnect(AbstractNioChannel.java:340)
	at org.apache.ratis.thirdparty.io.netty.channel.nio.NioEventLoop.processSelectedKey(NioEventLoop.java:632)
	at org.apache.ratis.thirdparty.io.netty.channel.nio.NioEventLoop.processSelectedKeysOptimized(NioEventLoop.java:579)
	at org.apache.ratis.thirdparty.io.netty.channel.nio.NioEventLoop.processSelectedKeys(NioEventLoop.java:496)
	at org.apache.ratis.thirdparty.io.netty.channel.nio.NioEventLoop.run(NioEventLoop.java:458)
	at org.apache.ratis.thirdparty.io.netty.util.concurrent.SingleThreadEventExecutor$5.run(SingleThreadEventExecutor.java:897)
	at org.apache.ratis.thirdparty.io.netty.util.concurrent.FastThreadLocalRunnable.run(FastThreadLocalRunnable.java:30)
	... 1 more
Caused by: java.net.ConnectException: Connection refused
	... 11 more
2019-10-17 21:55:09,101 [grpc-default-executor-1] INFO  impl.RaftServerImpl (RaftServerImpl.java:setRole(184)) - 08d4cbaa-ffed-4411-a5fd-c4a38026aead@group-F967393F7C93: changes role from  FOLLOWER to FOLLOWER at term 207 for recognizeCandidate:d6dfcdd7-fc6e-4b51-b91e-b64503dadc5e
2019-10-17 21:55:09,101 [grpc-default-executor-1] INFO  impl.RoleInfo (RoleInfo.java:shutdownFollowerState(121)) - 08d4cbaa-ffed-4411-a5fd-c4a38026aead: shutdown FollowerState
2019-10-17 21:55:09,101 [grpc-default-executor-1] INFO  impl.RoleInfo (RoleInfo.java:updateAndGet(143)) - 08d4cbaa-ffed-4411-a5fd-c4a38026aead: start FollowerState
2019-10-17 21:55:09,101 [Thread-1934] INFO  impl.FollowerState (FollowerState.java:run(117)) - 08d4cbaa-ffed-4411-a5fd-c4a38026aead@group-F967393F7C93-FollowerState was interrupted: java.lang.InterruptedException: sleep interrupted
2019-10-17 21:55:09,117 [d6dfcdd7-fc6e-4b51-b91e-b64503dadc5e@group-F967393F7C93-LeaderElection211] INFO  impl.LeaderElection (LeaderElection.java:logAndReturn(56)) - d6dfcdd7-fc6e-4b51-b91e-b64503dadc5e@group-F967393F7C93-LeaderElection211: Election REJECTED; received 1 response(s) [d6dfcdd7-fc6e-4b51-b91e-b64503dadc5e<-08d4cbaa-ffed-4411-a5fd-c4a38026aead#0:FAIL-t207] and 1 exception(s); d6dfcdd7-fc6e-4b51-b91e-b64503dadc5e@group-F967393F7C93:t207, leader=null, voted=d6dfcdd7-fc6e-4b51-b91e-b64503dadc5e, raftlog=d6dfcdd7-fc6e-4b51-b91e-b64503dadc5e@group-F967393F7C93-SegmentedRaftLog:OPENED:c-1,f-1,i0, conf=-1: [08d4cbaa-ffed-4411-a5fd-c4a38026aead:192.168.157.223:33910, da15dfee-23f0-4dc4-ad77-c00156c49cfa:192.168.157.223:42172, d6dfcdd7-fc6e-4b51-b91e-b64503dadc5e:192.168.157.223:43575], old=null
2019-10-17 21:55:09,117 [d6dfcdd7-fc6e-4b51-b91e-b64503dadc5e@group-F967393F7C93-LeaderElection211] INFO  impl.LeaderElection (LogUtils.java:infoOrTrace(149)) -   Exception 0: {}
java.util.concurrent.ExecutionException: org.apache.ratis.thirdparty.io.grpc.StatusRuntimeException: UNAVAILABLE: io exception
	at java.util.concurrent.FutureTask.report(FutureTask.java:122)
	at java.util.concurrent.FutureTask.get(FutureTask.java:192)
	at org.apache.ratis.server.impl.LeaderElection.waitForResults(LeaderElection.java:259)
	at org.apache.ratis.server.impl.LeaderElection.askForVotes(LeaderElection.java:197)
	at org.apache.ratis.server.impl.LeaderElection.run(LeaderElection.java:133)
	at java.lang.Thread.run(Thread.java:748)
Caused by: org.apache.ratis.thirdparty.io.grpc.StatusRuntimeException: UNAVAILABLE: io exception
	at org.apache.ratis.thirdparty.io.grpc.stub.ClientCalls.toStatusRuntimeException(ClientCalls.java:233)
	at org.apache.ratis.thirdparty.io.grpc.stub.ClientCalls.getUnchecked(ClientCalls.java:214)
	at org.apache.ratis.thirdparty.io.grpc.stub.ClientCalls.blockingUnaryCall(ClientCalls.java:139)
	at org.apache.ratis.proto.grpc.RaftServerProtocolServiceGrpc$RaftServerProtocolServiceBlockingStub.requestVote(RaftServerProtocolServiceGrpc.java:265)
	at org.apache.ratis.grpc.server.GrpcServerProtocolClient.requestVote(GrpcServerProtocolClient.java:99)
	at org.apache.ratis.grpc.server.GrpcService.requestVote(GrpcService.java:204)
	at org.apache.ratis.server.impl.LeaderElection.lambda$submitRequests$1(LeaderElection.java:234)
	at java.util.concurrent.FutureTask.run(FutureTask.java:266)
	at java.util.concurrent.Executors$RunnableAdapter.call(Executors.java:511)
	at java.util.concurrent.FutureTask.run(FutureTask.java:266)
	at java.util.concurrent.ThreadPoolExecutor.runWorker(ThreadPoolExecutor.java:1149)
	at java.util.concurrent.ThreadPoolExecutor$Worker.run(ThreadPoolExecutor.java:624)
	... 1 more
Caused by: org.apache.ratis.thirdparty.io.netty.channel.AbstractChannel$AnnotatedConnectException: Connection refused: /192.168.157.223:42172
	at sun.nio.ch.SocketChannelImpl.checkConnect(Native Method)
	at sun.nio.ch.SocketChannelImpl.finishConnect(SocketChannelImpl.java:717)
	at org.apache.ratis.thirdparty.io.netty.channel.socket.nio.NioSocketChannel.doFinishConnect(NioSocketChannel.java:327)
	at org.apache.ratis.thirdparty.io.netty.channel.nio.AbstractNioChannel$AbstractNioUnsafe.finishConnect(AbstractNioChannel.java:340)
	at org.apache.ratis.thirdparty.io.netty.channel.nio.NioEventLoop.processSelectedKey(NioEventLoop.java:632)
	at org.apache.ratis.thirdparty.io.netty.channel.nio.NioEventLoop.processSelectedKeysOptimized(NioEventLoop.java:579)
	at org.apache.ratis.thirdparty.io.netty.channel.nio.NioEventLoop.processSelectedKeys(NioEventLoop.java:496)
	at org.apache.ratis.thirdparty.io.netty.channel.nio.NioEventLoop.run(NioEventLoop.java:458)
	at org.apache.ratis.thirdparty.io.netty.util.concurrent.SingleThreadEventExecutor$5.run(SingleThreadEventExecutor.java:897)
	at org.apache.ratis.thirdparty.io.netty.util.concurrent.FastThreadLocalRunnable.run(FastThreadLocalRunnable.java:30)
	... 1 more
Caused by: java.net.ConnectException: Connection refused
	... 11 more
2019-10-17 21:55:09,118 [d6dfcdd7-fc6e-4b51-b91e-b64503dadc5e@group-F967393F7C93-LeaderElection211] INFO  impl.RaftServerImpl (RaftServerImpl.java:setRole(184)) - d6dfcdd7-fc6e-4b51-b91e-b64503dadc5e@group-F967393F7C93: changes role from CANDIDATE to FOLLOWER at term 207 for DISCOVERED_A_NEW_TERM
2019-10-17 21:55:09,118 [d6dfcdd7-fc6e-4b51-b91e-b64503dadc5e@group-F967393F7C93-LeaderElection211] INFO  impl.RoleInfo (RoleInfo.java:shutdownLeaderElection(134)) - d6dfcdd7-fc6e-4b51-b91e-b64503dadc5e: shutdown LeaderElection
2019-10-17 21:55:09,118 [d6dfcdd7-fc6e-4b51-b91e-b64503dadc5e@group-F967393F7C93-LeaderElection211] INFO  impl.RoleInfo (RoleInfo.java:updateAndGet(143)) - d6dfcdd7-fc6e-4b51-b91e-b64503dadc5e: start FollowerState
2019-10-17 21:55:09,219 [Thread-1940] INFO  impl.FollowerState (FollowerState.java:run(108)) - d6dfcdd7-fc6e-4b51-b91e-b64503dadc5e@group-F967393F7C93-FollowerState: change to CANDIDATE, lastRpcTime:100ms, electionTimeout:100ms
2019-10-17 21:55:09,219 [Thread-1940] INFO  impl.RoleInfo (RoleInfo.java:shutdownFollowerState(121)) - d6dfcdd7-fc6e-4b51-b91e-b64503dadc5e: shutdown FollowerState
2019-10-17 21:55:09,219 [Thread-1940] INFO  impl.RaftServerImpl (RaftServerImpl.java:setRole(184)) - d6dfcdd7-fc6e-4b51-b91e-b64503dadc5e@group-F967393F7C93: changes role from  FOLLOWER to CANDIDATE at term 207 for changeToCandidate
2019-10-17 21:55:09,220 [Thread-1940] INFO  impl.RoleInfo (RoleInfo.java:updateAndGet(143)) - d6dfcdd7-fc6e-4b51-b91e-b64503dadc5e: start LeaderElection
2019-10-17 21:55:09,252 [d6dfcdd7-fc6e-4b51-b91e-b64503dadc5e@group-F967393F7C93-LeaderElection212] INFO  impl.LeaderElection (LeaderElection.java:askForVotes(178)) - d6dfcdd7-fc6e-4b51-b91e-b64503dadc5e@group-F967393F7C93-LeaderElection212: begin an election at term 208 for -1: [08d4cbaa-ffed-4411-a5fd-c4a38026aead:192.168.157.223:33910, da15dfee-23f0-4dc4-ad77-c00156c49cfa:192.168.157.223:42172, d6dfcdd7-fc6e-4b51-b91e-b64503dadc5e:192.168.157.223:43575], old=null
2019-10-17 21:55:09,253 [d6dfcdd7-fc6e-4b51-b91e-b64503dadc5e@group-F967393F7C93-LeaderElection212] INFO  impl.LeaderElection (LogUtils.java:infoOrTrace(149)) - d6dfcdd7-fc6e-4b51-b91e-b64503dadc5e@group-F967393F7C93-LeaderElection212 got exception when requesting votes: {}
java.util.concurrent.ExecutionException: org.apache.ratis.thirdparty.io.grpc.StatusRuntimeException: UNAVAILABLE: io exception
	at java.util.concurrent.FutureTask.report(FutureTask.java:122)
	at java.util.concurrent.FutureTask.get(FutureTask.java:192)
	at org.apache.ratis.server.impl.LeaderElection.waitForResults(LeaderElection.java:259)
	at org.apache.ratis.server.impl.LeaderElection.askForVotes(LeaderElection.java:197)
	at org.apache.ratis.server.impl.LeaderElection.run(LeaderElection.java:133)
	at java.lang.Thread.run(Thread.java:748)
Caused by: org.apache.ratis.thirdparty.io.grpc.StatusRuntimeException: UNAVAILABLE: io exception
	at org.apache.ratis.thirdparty.io.grpc.stub.ClientCalls.toStatusRuntimeException(ClientCalls.java:233)
	at org.apache.ratis.thirdparty.io.grpc.stub.ClientCalls.getUnchecked(ClientCalls.java:214)
	at org.apache.ratis.thirdparty.io.grpc.stub.ClientCalls.blockingUnaryCall(ClientCalls.java:139)
	at org.apache.ratis.proto.grpc.RaftServerProtocolServiceGrpc$RaftServerProtocolServiceBlockingStub.requestVote(RaftServerProtocolServiceGrpc.java:265)
	at org.apache.ratis.grpc.server.GrpcServerProtocolClient.requestVote(GrpcServerProtocolClient.java:99)
	at org.apache.ratis.grpc.server.GrpcService.requestVote(GrpcService.java:204)
	at org.apache.ratis.server.impl.LeaderElection.lambda$submitRequests$1(LeaderElection.java:234)
	at java.util.concurrent.FutureTask.run(FutureTask.java:266)
	at java.util.concurrent.Executors$RunnableAdapter.call(Executors.java:511)
	at java.util.concurrent.FutureTask.run(FutureTask.java:266)
	at java.util.concurrent.ThreadPoolExecutor.runWorker(ThreadPoolExecutor.java:1149)
	at java.util.concurrent.ThreadPoolExecutor$Worker.run(ThreadPoolExecutor.java:624)
	... 1 more
Caused by: org.apache.ratis.thirdparty.io.netty.channel.AbstractChannel$AnnotatedConnectException: Connection refused: /192.168.157.223:42172
	at sun.nio.ch.SocketChannelImpl.checkConnect(Native Method)
	at sun.nio.ch.SocketChannelImpl.finishConnect(SocketChannelImpl.java:717)
	at org.apache.ratis.thirdparty.io.netty.channel.socket.nio.NioSocketChannel.doFinishConnect(NioSocketChannel.java:327)
	at org.apache.ratis.thirdparty.io.netty.channel.nio.AbstractNioChannel$AbstractNioUnsafe.finishConnect(AbstractNioChannel.java:340)
	at org.apache.ratis.thirdparty.io.netty.channel.nio.NioEventLoop.processSelectedKey(NioEventLoop.java:632)
	at org.apache.ratis.thirdparty.io.netty.channel.nio.NioEventLoop.processSelectedKeysOptimized(NioEventLoop.java:579)
	at org.apache.ratis.thirdparty.io.netty.channel.nio.NioEventLoop.processSelectedKeys(NioEventLoop.java:496)
	at org.apache.ratis.thirdparty.io.netty.channel.nio.NioEventLoop.run(NioEventLoop.java:458)
	at org.apache.ratis.thirdparty.io.netty.util.concurrent.SingleThreadEventExecutor$5.run(SingleThreadEventExecutor.java:897)
	at org.apache.ratis.thirdparty.io.netty.util.concurrent.FastThreadLocalRunnable.run(FastThreadLocalRunnable.java:30)
	... 1 more
Caused by: java.net.ConnectException: Connection refused
	... 11 more
2019-10-17 21:55:09,254 [grpc-default-executor-1] INFO  impl.RaftServerImpl (RaftServerImpl.java:setRole(184)) - 08d4cbaa-ffed-4411-a5fd-c4a38026aead@group-F967393F7C93: changes role from  FOLLOWER to FOLLOWER at term 208 for recognizeCandidate:d6dfcdd7-fc6e-4b51-b91e-b64503dadc5e
2019-10-17 21:55:09,255 [grpc-default-executor-1] INFO  impl.RoleInfo (RoleInfo.java:shutdownFollowerState(121)) - 08d4cbaa-ffed-4411-a5fd-c4a38026aead: shutdown FollowerState
2019-10-17 21:55:09,255 [grpc-default-executor-1] INFO  impl.RoleInfo (RoleInfo.java:updateAndGet(143)) - 08d4cbaa-ffed-4411-a5fd-c4a38026aead: start FollowerState
2019-10-17 21:55:09,255 [Thread-1939] INFO  impl.FollowerState (FollowerState.java:run(117)) - 08d4cbaa-ffed-4411-a5fd-c4a38026aead@group-F967393F7C93-FollowerState was interrupted: java.lang.InterruptedException: sleep interrupted
2019-10-17 21:55:09,269 [d6dfcdd7-fc6e-4b51-b91e-b64503dadc5e@group-F967393F7C93-LeaderElection212] INFO  impl.LeaderElection (LeaderElection.java:logAndReturn(56)) - d6dfcdd7-fc6e-4b51-b91e-b64503dadc5e@group-F967393F7C93-LeaderElection212: Election REJECTED; received 1 response(s) [d6dfcdd7-fc6e-4b51-b91e-b64503dadc5e<-08d4cbaa-ffed-4411-a5fd-c4a38026aead#0:FAIL-t208] and 1 exception(s); d6dfcdd7-fc6e-4b51-b91e-b64503dadc5e@group-F967393F7C93:t208, leader=null, voted=d6dfcdd7-fc6e-4b51-b91e-b64503dadc5e, raftlog=d6dfcdd7-fc6e-4b51-b91e-b64503dadc5e@group-F967393F7C93-SegmentedRaftLog:OPENED:c-1,f-1,i0, conf=-1: [08d4cbaa-ffed-4411-a5fd-c4a38026aead:192.168.157.223:33910, da15dfee-23f0-4dc4-ad77-c00156c49cfa:192.168.157.223:42172, d6dfcdd7-fc6e-4b51-b91e-b64503dadc5e:192.168.157.223:43575], old=null
2019-10-17 21:55:09,269 [d6dfcdd7-fc6e-4b51-b91e-b64503dadc5e@group-F967393F7C93-LeaderElection212] INFO  impl.LeaderElection (LogUtils.java:infoOrTrace(149)) -   Exception 0: {}
java.util.concurrent.ExecutionException: org.apache.ratis.thirdparty.io.grpc.StatusRuntimeException: UNAVAILABLE: io exception
	at java.util.concurrent.FutureTask.report(FutureTask.java:122)
	at java.util.concurrent.FutureTask.get(FutureTask.java:192)
	at org.apache.ratis.server.impl.LeaderElection.waitForResults(LeaderElection.java:259)
	at org.apache.ratis.server.impl.LeaderElection.askForVotes(LeaderElection.java:197)
	at org.apache.ratis.server.impl.LeaderElection.run(LeaderElection.java:133)
	at java.lang.Thread.run(Thread.java:748)
Caused by: org.apache.ratis.thirdparty.io.grpc.StatusRuntimeException: UNAVAILABLE: io exception
	at org.apache.ratis.thirdparty.io.grpc.stub.ClientCalls.toStatusRuntimeException(ClientCalls.java:233)
	at org.apache.ratis.thirdparty.io.grpc.stub.ClientCalls.getUnchecked(ClientCalls.java:214)
	at org.apache.ratis.thirdparty.io.grpc.stub.ClientCalls.blockingUnaryCall(ClientCalls.java:139)
	at org.apache.ratis.proto.grpc.RaftServerProtocolServiceGrpc$RaftServerProtocolServiceBlockingStub.requestVote(RaftServerProtocolServiceGrpc.java:265)
	at org.apache.ratis.grpc.server.GrpcServerProtocolClient.requestVote(GrpcServerProtocolClient.java:99)
	at org.apache.ratis.grpc.server.GrpcService.requestVote(GrpcService.java:204)
	at org.apache.ratis.server.impl.LeaderElection.lambda$submitRequests$1(LeaderElection.java:234)
	at java.util.concurrent.FutureTask.run(FutureTask.java:266)
	at java.util.concurrent.Executors$RunnableAdapter.call(Executors.java:511)
	at java.util.concurrent.FutureTask.run(FutureTask.java:266)
	at java.util.concurrent.ThreadPoolExecutor.runWorker(ThreadPoolExecutor.java:1149)
	at java.util.concurrent.ThreadPoolExecutor$Worker.run(ThreadPoolExecutor.java:624)
	... 1 more
Caused by: org.apache.ratis.thirdparty.io.netty.channel.AbstractChannel$AnnotatedConnectException: Connection refused: /192.168.157.223:42172
	at sun.nio.ch.SocketChannelImpl.checkConnect(Native Method)
	at sun.nio.ch.SocketChannelImpl.finishConnect(SocketChannelImpl.java:717)
	at org.apache.ratis.thirdparty.io.netty.channel.socket.nio.NioSocketChannel.doFinishConnect(NioSocketChannel.java:327)
	at org.apache.ratis.thirdparty.io.netty.channel.nio.AbstractNioChannel$AbstractNioUnsafe.finishConnect(AbstractNioChannel.java:340)
	at org.apache.ratis.thirdparty.io.netty.channel.nio.NioEventLoop.processSelectedKey(NioEventLoop.java:632)
	at org.apache.ratis.thirdparty.io.netty.channel.nio.NioEventLoop.processSelectedKeysOptimized(NioEventLoop.java:579)
	at org.apache.ratis.thirdparty.io.netty.channel.nio.NioEventLoop.processSelectedKeys(NioEventLoop.java:496)
	at org.apache.ratis.thirdparty.io.netty.channel.nio.NioEventLoop.run(NioEventLoop.java:458)
	at org.apache.ratis.thirdparty.io.netty.util.concurrent.SingleThreadEventExecutor$5.run(SingleThreadEventExecutor.java:897)
	at org.apache.ratis.thirdparty.io.netty.util.concurrent.FastThreadLocalRunnable.run(FastThreadLocalRunnable.java:30)
	... 1 more
Caused by: java.net.ConnectException: Connection refused
	... 11 more
2019-10-17 21:55:09,270 [d6dfcdd7-fc6e-4b51-b91e-b64503dadc5e@group-F967393F7C93-LeaderElection212] INFO  impl.RaftServerImpl (RaftServerImpl.java:setRole(184)) - d6dfcdd7-fc6e-4b51-b91e-b64503dadc5e@group-F967393F7C93: changes role from CANDIDATE to FOLLOWER at term 208 for DISCOVERED_A_NEW_TERM
2019-10-17 21:55:09,270 [d6dfcdd7-fc6e-4b51-b91e-b64503dadc5e@group-F967393F7C93-LeaderElection212] INFO  impl.RoleInfo (RoleInfo.java:shutdownLeaderElection(134)) - d6dfcdd7-fc6e-4b51-b91e-b64503dadc5e: shutdown LeaderElection
2019-10-17 21:55:09,270 [d6dfcdd7-fc6e-4b51-b91e-b64503dadc5e@group-F967393F7C93-LeaderElection212] INFO  impl.RoleInfo (RoleInfo.java:updateAndGet(143)) - d6dfcdd7-fc6e-4b51-b91e-b64503dadc5e: start FollowerState
2019-10-17 21:55:09,274 [java.util.concurrent.ThreadPoolExecutor$Worker@71aa17a1[State = -1, empty queue]] WARN  server.GrpcLogAppender (GrpcLogAppender.java:timeoutAppendRequest(209)) - de567563-d0dd-4cf2-91b7-f72627909699@group-3097D7458558->db0af43e-c62e-4c1d-affa-ffdb4faae2f8-GrpcLogAppender: appendEntries Timeout, request=de567563-d0dd-4cf2-91b7-f72627909699->db0af43e-c62e-4c1d-affa-ffdb4faae2f8#48-t10, previous=(t:10, i:4), leaderCommit=4, initializing? false, entries: <empty>
2019-10-17 21:55:09,319 [Thread-1945] INFO  impl.FollowerState (FollowerState.java:run(108)) - d6dfcdd7-fc6e-4b51-b91e-b64503dadc5e@group-F967393F7C93-FollowerState: change to CANDIDATE, lastRpcTime:48ms, electionTimeout:48ms
2019-10-17 21:55:09,319 [Thread-1945] INFO  impl.RoleInfo (RoleInfo.java:shutdownFollowerState(121)) - d6dfcdd7-fc6e-4b51-b91e-b64503dadc5e: shutdown FollowerState
2019-10-17 21:55:09,319 [Thread-1945] INFO  impl.RaftServerImpl (RaftServerImpl.java:setRole(184)) - d6dfcdd7-fc6e-4b51-b91e-b64503dadc5e@group-F967393F7C93: changes role from  FOLLOWER to CANDIDATE at term 208 for changeToCandidate
2019-10-17 21:55:09,319 [Thread-1945] INFO  impl.RoleInfo (RoleInfo.java:updateAndGet(143)) - d6dfcdd7-fc6e-4b51-b91e-b64503dadc5e: start LeaderElection
2019-10-17 21:55:09,332 [d6dfcdd7-fc6e-4b51-b91e-b64503dadc5e@group-F967393F7C93-LeaderElection213] INFO  impl.LeaderElection (LeaderElection.java:askForVotes(178)) - d6dfcdd7-fc6e-4b51-b91e-b64503dadc5e@group-F967393F7C93-LeaderElection213: begin an election at term 209 for -1: [08d4cbaa-ffed-4411-a5fd-c4a38026aead:192.168.157.223:33910, da15dfee-23f0-4dc4-ad77-c00156c49cfa:192.168.157.223:42172, d6dfcdd7-fc6e-4b51-b91e-b64503dadc5e:192.168.157.223:43575], old=null
2019-10-17 21:55:09,333 [d6dfcdd7-fc6e-4b51-b91e-b64503dadc5e@group-F967393F7C93-LeaderElection213] INFO  impl.LeaderElection (LogUtils.java:infoOrTrace(149)) - d6dfcdd7-fc6e-4b51-b91e-b64503dadc5e@group-F967393F7C93-LeaderElection213 got exception when requesting votes: {}
java.util.concurrent.ExecutionException: org.apache.ratis.thirdparty.io.grpc.StatusRuntimeException: UNAVAILABLE: io exception
	at java.util.concurrent.FutureTask.report(FutureTask.java:122)
	at java.util.concurrent.FutureTask.get(FutureTask.java:192)
	at org.apache.ratis.server.impl.LeaderElection.waitForResults(LeaderElection.java:259)
	at org.apache.ratis.server.impl.LeaderElection.askForVotes(LeaderElection.java:197)
	at org.apache.ratis.server.impl.LeaderElection.run(LeaderElection.java:133)
	at java.lang.Thread.run(Thread.java:748)
Caused by: org.apache.ratis.thirdparty.io.grpc.StatusRuntimeException: UNAVAILABLE: io exception
	at org.apache.ratis.thirdparty.io.grpc.stub.ClientCalls.toStatusRuntimeException(ClientCalls.java:233)
	at org.apache.ratis.thirdparty.io.grpc.stub.ClientCalls.getUnchecked(ClientCalls.java:214)
	at org.apache.ratis.thirdparty.io.grpc.stub.ClientCalls.blockingUnaryCall(ClientCalls.java:139)
	at org.apache.ratis.proto.grpc.RaftServerProtocolServiceGrpc$RaftServerProtocolServiceBlockingStub.requestVote(RaftServerProtocolServiceGrpc.java:265)
	at org.apache.ratis.grpc.server.GrpcServerProtocolClient.requestVote(GrpcServerProtocolClient.java:99)
	at org.apache.ratis.grpc.server.GrpcService.requestVote(GrpcService.java:204)
	at org.apache.ratis.server.impl.LeaderElection.lambda$submitRequests$1(LeaderElection.java:234)
	at java.util.concurrent.FutureTask.run(FutureTask.java:266)
	at java.util.concurrent.Executors$RunnableAdapter.call(Executors.java:511)
	at java.util.concurrent.FutureTask.run(FutureTask.java:266)
	at java.util.concurrent.ThreadPoolExecutor.runWorker(ThreadPoolExecutor.java:1149)
	at java.util.concurrent.ThreadPoolExecutor$Worker.run(ThreadPoolExecutor.java:624)
	... 1 more
Caused by: org.apache.ratis.thirdparty.io.netty.channel.AbstractChannel$AnnotatedConnectException: Connection refused: /192.168.157.223:42172
	at sun.nio.ch.SocketChannelImpl.checkConnect(Native Method)
	at sun.nio.ch.SocketChannelImpl.finishConnect(SocketChannelImpl.java:717)
	at org.apache.ratis.thirdparty.io.netty.channel.socket.nio.NioSocketChannel.doFinishConnect(NioSocketChannel.java:327)
	at org.apache.ratis.thirdparty.io.netty.channel.nio.AbstractNioChannel$AbstractNioUnsafe.finishConnect(AbstractNioChannel.java:340)
	at org.apache.ratis.thirdparty.io.netty.channel.nio.NioEventLoop.processSelectedKey(NioEventLoop.java:632)
	at org.apache.ratis.thirdparty.io.netty.channel.nio.NioEventLoop.processSelectedKeysOptimized(NioEventLoop.java:579)
	at org.apache.ratis.thirdparty.io.netty.channel.nio.NioEventLoop.processSelectedKeys(NioEventLoop.java:496)
	at org.apache.ratis.thirdparty.io.netty.channel.nio.NioEventLoop.run(NioEventLoop.java:458)
	at org.apache.ratis.thirdparty.io.netty.util.concurrent.SingleThreadEventExecutor$5.run(SingleThreadEventExecutor.java:897)
	at org.apache.ratis.thirdparty.io.netty.util.concurrent.FastThreadLocalRunnable.run(FastThreadLocalRunnable.java:30)
	... 1 more
Caused by: java.net.ConnectException: Connection refused
	... 11 more
2019-10-17 21:55:09,335 [grpc-default-executor-1] INFO  impl.RaftServerImpl (RaftServerImpl.java:setRole(184)) - 08d4cbaa-ffed-4411-a5fd-c4a38026aead@group-F967393F7C93: changes role from  FOLLOWER to FOLLOWER at term 209 for recognizeCandidate:d6dfcdd7-fc6e-4b51-b91e-b64503dadc5e
2019-10-17 21:55:09,335 [grpc-default-executor-1] INFO  impl.RoleInfo (RoleInfo.java:shutdownFollowerState(121)) - 08d4cbaa-ffed-4411-a5fd-c4a38026aead: shutdown FollowerState
2019-10-17 21:55:09,335 [grpc-default-executor-1] INFO  impl.RoleInfo (RoleInfo.java:updateAndGet(143)) - 08d4cbaa-ffed-4411-a5fd-c4a38026aead: start FollowerState
2019-10-17 21:55:09,335 [Thread-1944] INFO  impl.FollowerState (FollowerState.java:run(117)) - 08d4cbaa-ffed-4411-a5fd-c4a38026aead@group-F967393F7C93-FollowerState was interrupted: java.lang.InterruptedException: sleep interrupted
2019-10-17 21:55:09,349 [d6dfcdd7-fc6e-4b51-b91e-b64503dadc5e@group-F967393F7C93-LeaderElection213] INFO  impl.LeaderElection (LeaderElection.java:logAndReturn(56)) - d6dfcdd7-fc6e-4b51-b91e-b64503dadc5e@group-F967393F7C93-LeaderElection213: Election REJECTED; received 1 response(s) [d6dfcdd7-fc6e-4b51-b91e-b64503dadc5e<-08d4cbaa-ffed-4411-a5fd-c4a38026aead#0:FAIL-t209] and 1 exception(s); d6dfcdd7-fc6e-4b51-b91e-b64503dadc5e@group-F967393F7C93:t209, leader=null, voted=d6dfcdd7-fc6e-4b51-b91e-b64503dadc5e, raftlog=d6dfcdd7-fc6e-4b51-b91e-b64503dadc5e@group-F967393F7C93-SegmentedRaftLog:OPENED:c-1,f-1,i0, conf=-1: [08d4cbaa-ffed-4411-a5fd-c4a38026aead:192.168.157.223:33910, da15dfee-23f0-4dc4-ad77-c00156c49cfa:192.168.157.223:42172, d6dfcdd7-fc6e-4b51-b91e-b64503dadc5e:192.168.157.223:43575], old=null
2019-10-17 21:55:09,349 [d6dfcdd7-fc6e-4b51-b91e-b64503dadc5e@group-F967393F7C93-LeaderElection213] INFO  impl.LeaderElection (LogUtils.java:infoOrTrace(149)) -   Exception 0: {}
java.util.concurrent.ExecutionException: org.apache.ratis.thirdparty.io.grpc.StatusRuntimeException: UNAVAILABLE: io exception
	at java.util.concurrent.FutureTask.report(FutureTask.java:122)
	at java.util.concurrent.FutureTask.get(FutureTask.java:192)
	at org.apache.ratis.server.impl.LeaderElection.waitForResults(LeaderElection.java:259)
	at org.apache.ratis.server.impl.LeaderElection.askForVotes(LeaderElection.java:197)
	at org.apache.ratis.server.impl.LeaderElection.run(LeaderElection.java:133)
	at java.lang.Thread.run(Thread.java:748)
Caused by: org.apache.ratis.thirdparty.io.grpc.StatusRuntimeException: UNAVAILABLE: io exception
	at org.apache.ratis.thirdparty.io.grpc.stub.ClientCalls.toStatusRuntimeException(ClientCalls.java:233)
	at org.apache.ratis.thirdparty.io.grpc.stub.ClientCalls.getUnchecked(ClientCalls.java:214)
	at org.apache.ratis.thirdparty.io.grpc.stub.ClientCalls.blockingUnaryCall(ClientCalls.java:139)
	at org.apache.ratis.proto.grpc.RaftServerProtocolServiceGrpc$RaftServerProtocolServiceBlockingStub.requestVote(RaftServerProtocolServiceGrpc.java:265)
	at org.apache.ratis.grpc.server.GrpcServerProtocolClient.requestVote(GrpcServerProtocolClient.java:99)
	at org.apache.ratis.grpc.server.GrpcService.requestVote(GrpcService.java:204)
	at org.apache.ratis.server.impl.LeaderElection.lambda$submitRequests$1(LeaderElection.java:234)
	at java.util.concurrent.FutureTask.run(FutureTask.java:266)
	at java.util.concurrent.Executors$RunnableAdapter.call(Executors.java:511)
	at java.util.concurrent.FutureTask.run(FutureTask.java:266)
	at java.util.concurrent.ThreadPoolExecutor.runWorker(ThreadPoolExecutor.java:1149)
	at java.util.concurrent.ThreadPoolExecutor$Worker.run(ThreadPoolExecutor.java:624)
	... 1 more
Caused by: org.apache.ratis.thirdparty.io.netty.channel.AbstractChannel$AnnotatedConnectException: Connection refused: /192.168.157.223:42172
	at sun.nio.ch.SocketChannelImpl.checkConnect(Native Method)
	at sun.nio.ch.SocketChannelImpl.finishConnect(SocketChannelImpl.java:717)
	at org.apache.ratis.thirdparty.io.netty.channel.socket.nio.NioSocketChannel.doFinishConnect(NioSocketChannel.java:327)
	at org.apache.ratis.thirdparty.io.netty.channel.nio.AbstractNioChannel$AbstractNioUnsafe.finishConnect(AbstractNioChannel.java:340)
	at org.apache.ratis.thirdparty.io.netty.channel.nio.NioEventLoop.processSelectedKey(NioEventLoop.java:632)
	at org.apache.ratis.thirdparty.io.netty.channel.nio.NioEventLoop.processSelectedKeysOptimized(NioEventLoop.java:579)
	at org.apache.ratis.thirdparty.io.netty.channel.nio.NioEventLoop.processSelectedKeys(NioEventLoop.java:496)
	at org.apache.ratis.thirdparty.io.netty.channel.nio.NioEventLoop.run(NioEventLoop.java:458)
	at org.apache.ratis.thirdparty.io.netty.util.concurrent.SingleThreadEventExecutor$5.run(SingleThreadEventExecutor.java:897)
	at org.apache.ratis.thirdparty.io.netty.util.concurrent.FastThreadLocalRunnable.run(FastThreadLocalRunnable.java:30)
	... 1 more
Caused by: java.net.ConnectException: Connection refused
	... 11 more
2019-10-17 21:55:09,350 [d6dfcdd7-fc6e-4b51-b91e-b64503dadc5e@group-F967393F7C93-LeaderElection213] INFO  impl.RaftServerImpl (RaftServerImpl.java:setRole(184)) - d6dfcdd7-fc6e-4b51-b91e-b64503dadc5e@group-F967393F7C93: changes role from CANDIDATE to FOLLOWER at term 209 for DISCOVERED_A_NEW_TERM
2019-10-17 21:55:09,350 [d6dfcdd7-fc6e-4b51-b91e-b64503dadc5e@group-F967393F7C93-LeaderElection213] INFO  impl.RoleInfo (RoleInfo.java:shutdownLeaderElection(134)) - d6dfcdd7-fc6e-4b51-b91e-b64503dadc5e: shutdown LeaderElection
2019-10-17 21:55:09,350 [d6dfcdd7-fc6e-4b51-b91e-b64503dadc5e@group-F967393F7C93-LeaderElection213] INFO  impl.RoleInfo (RoleInfo.java:updateAndGet(143)) - d6dfcdd7-fc6e-4b51-b91e-b64503dadc5e: start FollowerState
2019-10-17 21:55:09,512 [Thread-1951] INFO  impl.FollowerState (FollowerState.java:run(108)) - d6dfcdd7-fc6e-4b51-b91e-b64503dadc5e@group-F967393F7C93-FollowerState: change to CANDIDATE, lastRpcTime:162ms, electionTimeout:162ms
2019-10-17 21:55:09,512 [Thread-1951] INFO  impl.RoleInfo (RoleInfo.java:shutdownFollowerState(121)) - d6dfcdd7-fc6e-4b51-b91e-b64503dadc5e: shutdown FollowerState
2019-10-17 21:55:09,513 [Thread-1951] INFO  impl.RaftServerImpl (RaftServerImpl.java:setRole(184)) - d6dfcdd7-fc6e-4b51-b91e-b64503dadc5e@group-F967393F7C93: changes role from  FOLLOWER to CANDIDATE at term 209 for changeToCandidate
2019-10-17 21:55:09,513 [Thread-1951] INFO  impl.RoleInfo (RoleInfo.java:updateAndGet(143)) - d6dfcdd7-fc6e-4b51-b91e-b64503dadc5e: start LeaderElection
2019-10-17 21:55:09,525 [d6dfcdd7-fc6e-4b51-b91e-b64503dadc5e@group-F967393F7C93-LeaderElection214] INFO  impl.LeaderElection (LeaderElection.java:askForVotes(178)) - d6dfcdd7-fc6e-4b51-b91e-b64503dadc5e@group-F967393F7C93-LeaderElection214: begin an election at term 210 for -1: [08d4cbaa-ffed-4411-a5fd-c4a38026aead:192.168.157.223:33910, da15dfee-23f0-4dc4-ad77-c00156c49cfa:192.168.157.223:42172, d6dfcdd7-fc6e-4b51-b91e-b64503dadc5e:192.168.157.223:43575], old=null
2019-10-17 21:55:09,526 [d6dfcdd7-fc6e-4b51-b91e-b64503dadc5e@group-F967393F7C93-LeaderElection214] INFO  impl.LeaderElection (LogUtils.java:infoOrTrace(149)) - d6dfcdd7-fc6e-4b51-b91e-b64503dadc5e@group-F967393F7C93-LeaderElection214 got exception when requesting votes: {}
java.util.concurrent.ExecutionException: org.apache.ratis.thirdparty.io.grpc.StatusRuntimeException: UNAVAILABLE: io exception
	at java.util.concurrent.FutureTask.report(FutureTask.java:122)
	at java.util.concurrent.FutureTask.get(FutureTask.java:192)
	at org.apache.ratis.server.impl.LeaderElection.waitForResults(LeaderElection.java:259)
	at org.apache.ratis.server.impl.LeaderElection.askForVotes(LeaderElection.java:197)
	at org.apache.ratis.server.impl.LeaderElection.run(LeaderElection.java:133)
	at java.lang.Thread.run(Thread.java:748)
Caused by: org.apache.ratis.thirdparty.io.grpc.StatusRuntimeException: UNAVAILABLE: io exception
	at org.apache.ratis.thirdparty.io.grpc.stub.ClientCalls.toStatusRuntimeException(ClientCalls.java:233)
	at org.apache.ratis.thirdparty.io.grpc.stub.ClientCalls.getUnchecked(ClientCalls.java:214)
	at org.apache.ratis.thirdparty.io.grpc.stub.ClientCalls.blockingUnaryCall(ClientCalls.java:139)
	at org.apache.ratis.proto.grpc.RaftServerProtocolServiceGrpc$RaftServerProtocolServiceBlockingStub.requestVote(RaftServerProtocolServiceGrpc.java:265)
	at org.apache.ratis.grpc.server.GrpcServerProtocolClient.requestVote(GrpcServerProtocolClient.java:99)
	at org.apache.ratis.grpc.server.GrpcService.requestVote(GrpcService.java:204)
	at org.apache.ratis.server.impl.LeaderElection.lambda$submitRequests$1(LeaderElection.java:234)
	at java.util.concurrent.FutureTask.run(FutureTask.java:266)
	at java.util.concurrent.Executors$RunnableAdapter.call(Executors.java:511)
	at java.util.concurrent.FutureTask.run(FutureTask.java:266)
	at java.util.concurrent.ThreadPoolExecutor.runWorker(ThreadPoolExecutor.java:1149)
	at java.util.concurrent.ThreadPoolExecutor$Worker.run(ThreadPoolExecutor.java:624)
	... 1 more
Caused by: org.apache.ratis.thirdparty.io.netty.channel.AbstractChannel$AnnotatedConnectException: Connection refused: /192.168.157.223:42172
	at sun.nio.ch.SocketChannelImpl.checkConnect(Native Method)
	at sun.nio.ch.SocketChannelImpl.finishConnect(SocketChannelImpl.java:717)
	at org.apache.ratis.thirdparty.io.netty.channel.socket.nio.NioSocketChannel.doFinishConnect(NioSocketChannel.java:327)
	at org.apache.ratis.thirdparty.io.netty.channel.nio.AbstractNioChannel$AbstractNioUnsafe.finishConnect(AbstractNioChannel.java:340)
	at org.apache.ratis.thirdparty.io.netty.channel.nio.NioEventLoop.processSelectedKey(NioEventLoop.java:632)
	at org.apache.ratis.thirdparty.io.netty.channel.nio.NioEventLoop.processSelectedKeysOptimized(NioEventLoop.java:579)
	at org.apache.ratis.thirdparty.io.netty.channel.nio.NioEventLoop.processSelectedKeys(NioEventLoop.java:496)
	at org.apache.ratis.thirdparty.io.netty.channel.nio.NioEventLoop.run(NioEventLoop.java:458)
	at org.apache.ratis.thirdparty.io.netty.util.concurrent.SingleThreadEventExecutor$5.run(SingleThreadEventExecutor.java:897)
	at org.apache.ratis.thirdparty.io.netty.util.concurrent.FastThreadLocalRunnable.run(FastThreadLocalRunnable.java:30)
	... 1 more
Caused by: java.net.ConnectException: Connection refused
	... 11 more
2019-10-17 21:55:09,528 [grpc-default-executor-1] INFO  impl.RaftServerImpl (RaftServerImpl.java:setRole(184)) - 08d4cbaa-ffed-4411-a5fd-c4a38026aead@group-F967393F7C93: changes role from  FOLLOWER to FOLLOWER at term 210 for recognizeCandidate:d6dfcdd7-fc6e-4b51-b91e-b64503dadc5e
2019-10-17 21:55:09,528 [grpc-default-executor-1] INFO  impl.RoleInfo (RoleInfo.java:shutdownFollowerState(121)) - 08d4cbaa-ffed-4411-a5fd-c4a38026aead: shutdown FollowerState
2019-10-17 21:55:09,528 [grpc-default-executor-1] INFO  impl.RoleInfo (RoleInfo.java:updateAndGet(143)) - 08d4cbaa-ffed-4411-a5fd-c4a38026aead: start FollowerState
2019-10-17 21:55:09,528 [Thread-1950] INFO  impl.FollowerState (FollowerState.java:run(117)) - 08d4cbaa-ffed-4411-a5fd-c4a38026aead@group-F967393F7C93-FollowerState was interrupted: java.lang.InterruptedException: sleep interrupted
2019-10-17 21:55:09,535 [d6dfcdd7-fc6e-4b51-b91e-b64503dadc5e@group-F967393F7C93-LeaderElection214] INFO  impl.LeaderElection (LeaderElection.java:logAndReturn(56)) - d6dfcdd7-fc6e-4b51-b91e-b64503dadc5e@group-F967393F7C93-LeaderElection214: Election REJECTED; received 1 response(s) [d6dfcdd7-fc6e-4b51-b91e-b64503dadc5e<-08d4cbaa-ffed-4411-a5fd-c4a38026aead#0:FAIL-t210] and 1 exception(s); d6dfcdd7-fc6e-4b51-b91e-b64503dadc5e@group-F967393F7C93:t210, leader=null, voted=d6dfcdd7-fc6e-4b51-b91e-b64503dadc5e, raftlog=d6dfcdd7-fc6e-4b51-b91e-b64503dadc5e@group-F967393F7C93-SegmentedRaftLog:OPENED:c-1,f-1,i0, conf=-1: [08d4cbaa-ffed-4411-a5fd-c4a38026aead:192.168.157.223:33910, da15dfee-23f0-4dc4-ad77-c00156c49cfa:192.168.157.223:42172, d6dfcdd7-fc6e-4b51-b91e-b64503dadc5e:192.168.157.223:43575], old=null
2019-10-17 21:55:09,535 [d6dfcdd7-fc6e-4b51-b91e-b64503dadc5e@group-F967393F7C93-LeaderElection214] INFO  impl.LeaderElection (LogUtils.java:infoOrTrace(149)) -   Exception 0: {}
java.util.concurrent.ExecutionException: org.apache.ratis.thirdparty.io.grpc.StatusRuntimeException: UNAVAILABLE: io exception
	at java.util.concurrent.FutureTask.report(FutureTask.java:122)
	at java.util.concurrent.FutureTask.get(FutureTask.java:192)
	at org.apache.ratis.server.impl.LeaderElection.waitForResults(LeaderElection.java:259)
	at org.apache.ratis.server.impl.LeaderElection.askForVotes(LeaderElection.java:197)
	at org.apache.ratis.server.impl.LeaderElection.run(LeaderElection.java:133)
	at java.lang.Thread.run(Thread.java:748)
Caused by: org.apache.ratis.thirdparty.io.grpc.StatusRuntimeException: UNAVAILABLE: io exception
	at org.apache.ratis.thirdparty.io.grpc.stub.ClientCalls.toStatusRuntimeException(ClientCalls.java:233)
	at org.apache.ratis.thirdparty.io.grpc.stub.ClientCalls.getUnchecked(ClientCalls.java:214)
	at org.apache.ratis.thirdparty.io.grpc.stub.ClientCalls.blockingUnaryCall(ClientCalls.java:139)
	at org.apache.ratis.proto.grpc.RaftServerProtocolServiceGrpc$RaftServerProtocolServiceBlockingStub.requestVote(RaftServerProtocolServiceGrpc.java:265)
	at org.apache.ratis.grpc.server.GrpcServerProtocolClient.requestVote(GrpcServerProtocolClient.java:99)
	at org.apache.ratis.grpc.server.GrpcService.requestVote(GrpcService.java:204)
	at org.apache.ratis.server.impl.LeaderElection.lambda$submitRequests$1(LeaderElection.java:234)
	at java.util.concurrent.FutureTask.run(FutureTask.java:266)
	at java.util.concurrent.Executors$RunnableAdapter.call(Executors.java:511)
	at java.util.concurrent.FutureTask.run(FutureTask.java:266)
	at java.util.concurrent.ThreadPoolExecutor.runWorker(ThreadPoolExecutor.java:1149)
	at java.util.concurrent.ThreadPoolExecutor$Worker.run(ThreadPoolExecutor.java:624)
	... 1 more
Caused by: org.apache.ratis.thirdparty.io.netty.channel.AbstractChannel$AnnotatedConnectException: Connection refused: /192.168.157.223:42172
	at sun.nio.ch.SocketChannelImpl.checkConnect(Native Method)
	at sun.nio.ch.SocketChannelImpl.finishConnect(SocketChannelImpl.java:717)
	at org.apache.ratis.thirdparty.io.netty.channel.socket.nio.NioSocketChannel.doFinishConnect(NioSocketChannel.java:327)
	at org.apache.ratis.thirdparty.io.netty.channel.nio.AbstractNioChannel$AbstractNioUnsafe.finishConnect(AbstractNioChannel.java:340)
	at org.apache.ratis.thirdparty.io.netty.channel.nio.NioEventLoop.processSelectedKey(NioEventLoop.java:632)
	at org.apache.ratis.thirdparty.io.netty.channel.nio.NioEventLoop.processSelectedKeysOptimized(NioEventLoop.java:579)
	at org.apache.ratis.thirdparty.io.netty.channel.nio.NioEventLoop.processSelectedKeys(NioEventLoop.java:496)
	at org.apache.ratis.thirdparty.io.netty.channel.nio.NioEventLoop.run(NioEventLoop.java:458)
	at org.apache.ratis.thirdparty.io.netty.util.concurrent.SingleThreadEventExecutor$5.run(SingleThreadEventExecutor.java:897)
	at org.apache.ratis.thirdparty.io.netty.util.concurrent.FastThreadLocalRunnable.run(FastThreadLocalRunnable.java:30)
	... 1 more
Caused by: java.net.ConnectException: Connection refused
	... 11 more
2019-10-17 21:55:09,536 [d6dfcdd7-fc6e-4b51-b91e-b64503dadc5e@group-F967393F7C93-LeaderElection214] INFO  impl.RaftServerImpl (RaftServerImpl.java:setRole(184)) - d6dfcdd7-fc6e-4b51-b91e-b64503dadc5e@group-F967393F7C93: changes role from CANDIDATE to FOLLOWER at term 210 for DISCOVERED_A_NEW_TERM
2019-10-17 21:55:09,536 [d6dfcdd7-fc6e-4b51-b91e-b64503dadc5e@group-F967393F7C93-LeaderElection214] INFO  impl.RoleInfo (RoleInfo.java:shutdownLeaderElection(134)) - d6dfcdd7-fc6e-4b51-b91e-b64503dadc5e: shutdown LeaderElection
2019-10-17 21:55:09,536 [d6dfcdd7-fc6e-4b51-b91e-b64503dadc5e@group-F967393F7C93-LeaderElection214] INFO  impl.RoleInfo (RoleInfo.java:updateAndGet(143)) - d6dfcdd7-fc6e-4b51-b91e-b64503dadc5e: start FollowerState
2019-10-17 21:55:09,570 [Thread-1956] INFO  impl.FollowerState (FollowerState.java:run(108)) - d6dfcdd7-fc6e-4b51-b91e-b64503dadc5e@group-F967393F7C93-FollowerState: change to CANDIDATE, lastRpcTime:34ms, electionTimeout:34ms
2019-10-17 21:55:09,570 [Thread-1956] INFO  impl.RoleInfo (RoleInfo.java:shutdownFollowerState(121)) - d6dfcdd7-fc6e-4b51-b91e-b64503dadc5e: shutdown FollowerState
2019-10-17 21:55:09,571 [Thread-1956] INFO  impl.RaftServerImpl (RaftServerImpl.java:setRole(184)) - d6dfcdd7-fc6e-4b51-b91e-b64503dadc5e@group-F967393F7C93: changes role from  FOLLOWER to CANDIDATE at term 210 for changeToCandidate
2019-10-17 21:55:09,571 [Thread-1956] INFO  impl.RoleInfo (RoleInfo.java:updateAndGet(143)) - d6dfcdd7-fc6e-4b51-b91e-b64503dadc5e: start LeaderElection
2019-10-17 21:55:09,592 [d6dfcdd7-fc6e-4b51-b91e-b64503dadc5e@group-F967393F7C93-LeaderElection215] INFO  impl.LeaderElection (LeaderElection.java:askForVotes(178)) - d6dfcdd7-fc6e-4b51-b91e-b64503dadc5e@group-F967393F7C93-LeaderElection215: begin an election at term 211 for -1: [08d4cbaa-ffed-4411-a5fd-c4a38026aead:192.168.157.223:33910, da15dfee-23f0-4dc4-ad77-c00156c49cfa:192.168.157.223:42172, d6dfcdd7-fc6e-4b51-b91e-b64503dadc5e:192.168.157.223:43575], old=null
2019-10-17 21:55:09,594 [d6dfcdd7-fc6e-4b51-b91e-b64503dadc5e@group-F967393F7C93-LeaderElection215] INFO  impl.LeaderElection (LogUtils.java:infoOrTrace(149)) - d6dfcdd7-fc6e-4b51-b91e-b64503dadc5e@group-F967393F7C93-LeaderElection215 got exception when requesting votes: {}
java.util.concurrent.ExecutionException: org.apache.ratis.thirdparty.io.grpc.StatusRuntimeException: UNAVAILABLE: io exception
	at java.util.concurrent.FutureTask.report(FutureTask.java:122)
	at java.util.concurrent.FutureTask.get(FutureTask.java:192)
	at org.apache.ratis.server.impl.LeaderElection.waitForResults(LeaderElection.java:259)
	at org.apache.ratis.server.impl.LeaderElection.askForVotes(LeaderElection.java:197)
	at org.apache.ratis.server.impl.LeaderElection.run(LeaderElection.java:133)
	at java.lang.Thread.run(Thread.java:748)
Caused by: org.apache.ratis.thirdparty.io.grpc.StatusRuntimeException: UNAVAILABLE: io exception
	at org.apache.ratis.thirdparty.io.grpc.stub.ClientCalls.toStatusRuntimeException(ClientCalls.java:233)
	at org.apache.ratis.thirdparty.io.grpc.stub.ClientCalls.getUnchecked(ClientCalls.java:214)
	at org.apache.ratis.thirdparty.io.grpc.stub.ClientCalls.blockingUnaryCall(ClientCalls.java:139)
	at org.apache.ratis.proto.grpc.RaftServerProtocolServiceGrpc$RaftServerProtocolServiceBlockingStub.requestVote(RaftServerProtocolServiceGrpc.java:265)
	at org.apache.ratis.grpc.server.GrpcServerProtocolClient.requestVote(GrpcServerProtocolClient.java:99)
	at org.apache.ratis.grpc.server.GrpcService.requestVote(GrpcService.java:204)
	at org.apache.ratis.server.impl.LeaderElection.lambda$submitRequests$1(LeaderElection.java:234)
	at java.util.concurrent.FutureTask.run(FutureTask.java:266)
	at java.util.concurrent.Executors$RunnableAdapter.call(Executors.java:511)
	at java.util.concurrent.FutureTask.run(FutureTask.java:266)
	at java.util.concurrent.ThreadPoolExecutor.runWorker(ThreadPoolExecutor.java:1149)
	at java.util.concurrent.ThreadPoolExecutor$Worker.run(ThreadPoolExecutor.java:624)
	... 1 more
Caused by: org.apache.ratis.thirdparty.io.netty.channel.AbstractChannel$AnnotatedConnectException: Connection refused: /192.168.157.223:42172
	at sun.nio.ch.SocketChannelImpl.checkConnect(Native Method)
	at sun.nio.ch.SocketChannelImpl.finishConnect(SocketChannelImpl.java:717)
	at org.apache.ratis.thirdparty.io.netty.channel.socket.nio.NioSocketChannel.doFinishConnect(NioSocketChannel.java:327)
	at org.apache.ratis.thirdparty.io.netty.channel.nio.AbstractNioChannel$AbstractNioUnsafe.finishConnect(AbstractNioChannel.java:340)
	at org.apache.ratis.thirdparty.io.netty.channel.nio.NioEventLoop.processSelectedKey(NioEventLoop.java:632)
	at org.apache.ratis.thirdparty.io.netty.channel.nio.NioEventLoop.processSelectedKeysOptimized(NioEventLoop.java:579)
	at org.apache.ratis.thirdparty.io.netty.channel.nio.NioEventLoop.processSelectedKeys(NioEventLoop.java:496)
	at org.apache.ratis.thirdparty.io.netty.channel.nio.NioEventLoop.run(NioEventLoop.java:458)
	at org.apache.ratis.thirdparty.io.netty.util.concurrent.SingleThreadEventExecutor$5.run(SingleThreadEventExecutor.java:897)
	at org.apache.ratis.thirdparty.io.netty.util.concurrent.FastThreadLocalRunnable.run(FastThreadLocalRunnable.java:30)
	... 1 more
Caused by: java.net.ConnectException: Connection refused
	... 11 more
2019-10-17 21:55:09,595 [grpc-default-executor-1] INFO  impl.RaftServerImpl (RaftServerImpl.java:setRole(184)) - 08d4cbaa-ffed-4411-a5fd-c4a38026aead@group-F967393F7C93: changes role from  FOLLOWER to FOLLOWER at term 211 for recognizeCandidate:d6dfcdd7-fc6e-4b51-b91e-b64503dadc5e
2019-10-17 21:55:09,595 [grpc-default-executor-1] INFO  impl.RoleInfo (RoleInfo.java:shutdownFollowerState(121)) - 08d4cbaa-ffed-4411-a5fd-c4a38026aead: shutdown FollowerState
2019-10-17 21:55:09,595 [grpc-default-executor-1] INFO  impl.RoleInfo (RoleInfo.java:updateAndGet(143)) - 08d4cbaa-ffed-4411-a5fd-c4a38026aead: start FollowerState
2019-10-17 21:55:09,595 [Thread-1955] INFO  impl.FollowerState (FollowerState.java:run(117)) - 08d4cbaa-ffed-4411-a5fd-c4a38026aead@group-F967393F7C93-FollowerState was interrupted: java.lang.InterruptedException: sleep interrupted
2019-10-17 21:55:09,631 [d6dfcdd7-fc6e-4b51-b91e-b64503dadc5e@group-F967393F7C93-LeaderElection215] INFO  impl.LeaderElection (LeaderElection.java:logAndReturn(56)) - d6dfcdd7-fc6e-4b51-b91e-b64503dadc5e@group-F967393F7C93-LeaderElection215: Election REJECTED; received 1 response(s) [d6dfcdd7-fc6e-4b51-b91e-b64503dadc5e<-08d4cbaa-ffed-4411-a5fd-c4a38026aead#0:FAIL-t211] and 1 exception(s); d6dfcdd7-fc6e-4b51-b91e-b64503dadc5e@group-F967393F7C93:t211, leader=null, voted=d6dfcdd7-fc6e-4b51-b91e-b64503dadc5e, raftlog=d6dfcdd7-fc6e-4b51-b91e-b64503dadc5e@group-F967393F7C93-SegmentedRaftLog:OPENED:c-1,f-1,i0, conf=-1: [08d4cbaa-ffed-4411-a5fd-c4a38026aead:192.168.157.223:33910, da15dfee-23f0-4dc4-ad77-c00156c49cfa:192.168.157.223:42172, d6dfcdd7-fc6e-4b51-b91e-b64503dadc5e:192.168.157.223:43575], old=null
2019-10-17 21:55:09,631 [d6dfcdd7-fc6e-4b51-b91e-b64503dadc5e@group-F967393F7C93-LeaderElection215] INFO  impl.LeaderElection (LogUtils.java:infoOrTrace(149)) -   Exception 0: {}
java.util.concurrent.ExecutionException: org.apache.ratis.thirdparty.io.grpc.StatusRuntimeException: UNAVAILABLE: io exception
	at java.util.concurrent.FutureTask.report(FutureTask.java:122)
	at java.util.concurrent.FutureTask.get(FutureTask.java:192)
	at org.apache.ratis.server.impl.LeaderElection.waitForResults(LeaderElection.java:259)
	at org.apache.ratis.server.impl.LeaderElection.askForVotes(LeaderElection.java:197)
	at org.apache.ratis.server.impl.LeaderElection.run(LeaderElection.java:133)
	at java.lang.Thread.run(Thread.java:748)
Caused by: org.apache.ratis.thirdparty.io.grpc.StatusRuntimeException: UNAVAILABLE: io exception
	at org.apache.ratis.thirdparty.io.grpc.stub.ClientCalls.toStatusRuntimeException(ClientCalls.java:233)
	at org.apache.ratis.thirdparty.io.grpc.stub.ClientCalls.getUnchecked(ClientCalls.java:214)
	at org.apache.ratis.thirdparty.io.grpc.stub.ClientCalls.blockingUnaryCall(ClientCalls.java:139)
	at org.apache.ratis.proto.grpc.RaftServerProtocolServiceGrpc$RaftServerProtocolServiceBlockingStub.requestVote(RaftServerProtocolServiceGrpc.java:265)
	at org.apache.ratis.grpc.server.GrpcServerProtocolClient.requestVote(GrpcServerProtocolClient.java:99)
	at org.apache.ratis.grpc.server.GrpcService.requestVote(GrpcService.java:204)
	at org.apache.ratis.server.impl.LeaderElection.lambda$submitRequests$1(LeaderElection.java:234)
	at java.util.concurrent.FutureTask.run(FutureTask.java:266)
	at java.util.concurrent.Executors$RunnableAdapter.call(Executors.java:511)
	at java.util.concurrent.FutureTask.run(FutureTask.java:266)
	at java.util.concurrent.ThreadPoolExecutor.runWorker(ThreadPoolExecutor.java:1149)
	at java.util.concurrent.ThreadPoolExecutor$Worker.run(ThreadPoolExecutor.java:624)
	... 1 more
Caused by: org.apache.ratis.thirdparty.io.netty.channel.AbstractChannel$AnnotatedConnectException: Connection refused: /192.168.157.223:42172
	at sun.nio.ch.SocketChannelImpl.checkConnect(Native Method)
	at sun.nio.ch.SocketChannelImpl.finishConnect(SocketChannelImpl.java:717)
	at org.apache.ratis.thirdparty.io.netty.channel.socket.nio.NioSocketChannel.doFinishConnect(NioSocketChannel.java:327)
	at org.apache.ratis.thirdparty.io.netty.channel.nio.AbstractNioChannel$AbstractNioUnsafe.finishConnect(AbstractNioChannel.java:340)
	at org.apache.ratis.thirdparty.io.netty.channel.nio.NioEventLoop.processSelectedKey(NioEventLoop.java:632)
	at org.apache.ratis.thirdparty.io.netty.channel.nio.NioEventLoop.processSelectedKeysOptimized(NioEventLoop.java:579)
	at org.apache.ratis.thirdparty.io.netty.channel.nio.NioEventLoop.processSelectedKeys(NioEventLoop.java:496)
	at org.apache.ratis.thirdparty.io.netty.channel.nio.NioEventLoop.run(NioEventLoop.java:458)
	at org.apache.ratis.thirdparty.io.netty.util.concurrent.SingleThreadEventExecutor$5.run(SingleThreadEventExecutor.java:897)
	at org.apache.ratis.thirdparty.io.netty.util.concurrent.FastThreadLocalRunnable.run(FastThreadLocalRunnable.java:30)
	... 1 more
Caused by: java.net.ConnectException: Connection refused
	... 11 more
2019-10-17 21:55:09,632 [d6dfcdd7-fc6e-4b51-b91e-b64503dadc5e@group-F967393F7C93-LeaderElection215] INFO  impl.RaftServerImpl (RaftServerImpl.java:setRole(184)) - d6dfcdd7-fc6e-4b51-b91e-b64503dadc5e@group-F967393F7C93: changes role from CANDIDATE to FOLLOWER at term 211 for DISCOVERED_A_NEW_TERM
2019-10-17 21:55:09,632 [d6dfcdd7-fc6e-4b51-b91e-b64503dadc5e@group-F967393F7C93-LeaderElection215] INFO  impl.RoleInfo (RoleInfo.java:shutdownLeaderElection(134)) - d6dfcdd7-fc6e-4b51-b91e-b64503dadc5e: shutdown LeaderElection
2019-10-17 21:55:09,632 [d6dfcdd7-fc6e-4b51-b91e-b64503dadc5e@group-F967393F7C93-LeaderElection215] INFO  impl.RoleInfo (RoleInfo.java:updateAndGet(143)) - d6dfcdd7-fc6e-4b51-b91e-b64503dadc5e: start FollowerState
2019-10-17 21:55:09,724 [Thread-1961] INFO  impl.FollowerState (FollowerState.java:run(108)) - d6dfcdd7-fc6e-4b51-b91e-b64503dadc5e@group-F967393F7C93-FollowerState: change to CANDIDATE, lastRpcTime:92ms, electionTimeout:92ms
2019-10-17 21:55:09,725 [Thread-1961] INFO  impl.RoleInfo (RoleInfo.java:shutdownFollowerState(121)) - d6dfcdd7-fc6e-4b51-b91e-b64503dadc5e: shutdown FollowerState
2019-10-17 21:55:09,725 [Thread-1961] INFO  impl.RaftServerImpl (RaftServerImpl.java:setRole(184)) - d6dfcdd7-fc6e-4b51-b91e-b64503dadc5e@group-F967393F7C93: changes role from  FOLLOWER to CANDIDATE at term 211 for changeToCandidate
2019-10-17 21:55:09,725 [Thread-1961] INFO  impl.RoleInfo (RoleInfo.java:updateAndGet(143)) - d6dfcdd7-fc6e-4b51-b91e-b64503dadc5e: start LeaderElection
2019-10-17 21:55:09,738 [d6dfcdd7-fc6e-4b51-b91e-b64503dadc5e@group-F967393F7C93-LeaderElection216] INFO  impl.LeaderElection (LeaderElection.java:askForVotes(178)) - d6dfcdd7-fc6e-4b51-b91e-b64503dadc5e@group-F967393F7C93-LeaderElection216: begin an election at term 212 for -1: [08d4cbaa-ffed-4411-a5fd-c4a38026aead:192.168.157.223:33910, da15dfee-23f0-4dc4-ad77-c00156c49cfa:192.168.157.223:42172, d6dfcdd7-fc6e-4b51-b91e-b64503dadc5e:192.168.157.223:43575], old=null
2019-10-17 21:55:09,738 [d6dfcdd7-fc6e-4b51-b91e-b64503dadc5e@group-F967393F7C93-LeaderElection216] INFO  impl.LeaderElection (LogUtils.java:infoOrTrace(149)) - d6dfcdd7-fc6e-4b51-b91e-b64503dadc5e@group-F967393F7C93-LeaderElection216 got exception when requesting votes: {}
java.util.concurrent.ExecutionException: org.apache.ratis.thirdparty.io.grpc.StatusRuntimeException: UNAVAILABLE: io exception
	at java.util.concurrent.FutureTask.report(FutureTask.java:122)
	at java.util.concurrent.FutureTask.get(FutureTask.java:192)
	at org.apache.ratis.server.impl.LeaderElection.waitForResults(LeaderElection.java:259)
	at org.apache.ratis.server.impl.LeaderElection.askForVotes(LeaderElection.java:197)
	at org.apache.ratis.server.impl.LeaderElection.run(LeaderElection.java:133)
	at java.lang.Thread.run(Thread.java:748)
Caused by: org.apache.ratis.thirdparty.io.grpc.StatusRuntimeException: UNAVAILABLE: io exception
	at org.apache.ratis.thirdparty.io.grpc.stub.ClientCalls.toStatusRuntimeException(ClientCalls.java:233)
	at org.apache.ratis.thirdparty.io.grpc.stub.ClientCalls.getUnchecked(ClientCalls.java:214)
	at org.apache.ratis.thirdparty.io.grpc.stub.ClientCalls.blockingUnaryCall(ClientCalls.java:139)
	at org.apache.ratis.proto.grpc.RaftServerProtocolServiceGrpc$RaftServerProtocolServiceBlockingStub.requestVote(RaftServerProtocolServiceGrpc.java:265)
	at org.apache.ratis.grpc.server.GrpcServerProtocolClient.requestVote(GrpcServerProtocolClient.java:99)
	at org.apache.ratis.grpc.server.GrpcService.requestVote(GrpcService.java:204)
	at org.apache.ratis.server.impl.LeaderElection.lambda$submitRequests$1(LeaderElection.java:234)
	at java.util.concurrent.FutureTask.run(FutureTask.java:266)
	at java.util.concurrent.Executors$RunnableAdapter.call(Executors.java:511)
	at java.util.concurrent.FutureTask.run(FutureTask.java:266)
	at java.util.concurrent.ThreadPoolExecutor.runWorker(ThreadPoolExecutor.java:1149)
	at java.util.concurrent.ThreadPoolExecutor$Worker.run(ThreadPoolExecutor.java:624)
	... 1 more
Caused by: org.apache.ratis.thirdparty.io.netty.channel.AbstractChannel$AnnotatedConnectException: Connection refused: /192.168.157.223:42172
	at sun.nio.ch.SocketChannelImpl.checkConnect(Native Method)
	at sun.nio.ch.SocketChannelImpl.finishConnect(SocketChannelImpl.java:717)
	at org.apache.ratis.thirdparty.io.netty.channel.socket.nio.NioSocketChannel.doFinishConnect(NioSocketChannel.java:327)
	at org.apache.ratis.thirdparty.io.netty.channel.nio.AbstractNioChannel$AbstractNioUnsafe.finishConnect(AbstractNioChannel.java:340)
	at org.apache.ratis.thirdparty.io.netty.channel.nio.NioEventLoop.processSelectedKey(NioEventLoop.java:632)
	at org.apache.ratis.thirdparty.io.netty.channel.nio.NioEventLoop.processSelectedKeysOptimized(NioEventLoop.java:579)
	at org.apache.ratis.thirdparty.io.netty.channel.nio.NioEventLoop.processSelectedKeys(NioEventLoop.java:496)
	at org.apache.ratis.thirdparty.io.netty.channel.nio.NioEventLoop.run(NioEventLoop.java:458)
	at org.apache.ratis.thirdparty.io.netty.util.concurrent.SingleThreadEventExecutor$5.run(SingleThreadEventExecutor.java:897)
	at org.apache.ratis.thirdparty.io.netty.util.concurrent.FastThreadLocalRunnable.run(FastThreadLocalRunnable.java:30)
	... 1 more
Caused by: java.net.ConnectException: Connection refused
	... 11 more
2019-10-17 21:55:09,740 [grpc-default-executor-1] INFO  impl.RaftServerImpl (RaftServerImpl.java:setRole(184)) - 08d4cbaa-ffed-4411-a5fd-c4a38026aead@group-F967393F7C93: changes role from  FOLLOWER to FOLLOWER at term 212 for recognizeCandidate:d6dfcdd7-fc6e-4b51-b91e-b64503dadc5e
2019-10-17 21:55:09,740 [grpc-default-executor-1] INFO  impl.RoleInfo (RoleInfo.java:shutdownFollowerState(121)) - 08d4cbaa-ffed-4411-a5fd-c4a38026aead: shutdown FollowerState
2019-10-17 21:55:09,740 [grpc-default-executor-1] INFO  impl.RoleInfo (RoleInfo.java:updateAndGet(143)) - 08d4cbaa-ffed-4411-a5fd-c4a38026aead: start FollowerState
2019-10-17 21:55:09,740 [Thread-1960] INFO  impl.FollowerState (FollowerState.java:run(117)) - 08d4cbaa-ffed-4411-a5fd-c4a38026aead@group-F967393F7C93-FollowerState was interrupted: java.lang.InterruptedException: sleep interrupted
2019-10-17 21:55:09,756 [d6dfcdd7-fc6e-4b51-b91e-b64503dadc5e@group-F967393F7C93-LeaderElection216] INFO  impl.LeaderElection (LeaderElection.java:logAndReturn(56)) - d6dfcdd7-fc6e-4b51-b91e-b64503dadc5e@group-F967393F7C93-LeaderElection216: Election REJECTED; received 1 response(s) [d6dfcdd7-fc6e-4b51-b91e-b64503dadc5e<-08d4cbaa-ffed-4411-a5fd-c4a38026aead#0:FAIL-t212] and 1 exception(s); d6dfcdd7-fc6e-4b51-b91e-b64503dadc5e@group-F967393F7C93:t212, leader=null, voted=d6dfcdd7-fc6e-4b51-b91e-b64503dadc5e, raftlog=d6dfcdd7-fc6e-4b51-b91e-b64503dadc5e@group-F967393F7C93-SegmentedRaftLog:OPENED:c-1,f-1,i0, conf=-1: [08d4cbaa-ffed-4411-a5fd-c4a38026aead:192.168.157.223:33910, da15dfee-23f0-4dc4-ad77-c00156c49cfa:192.168.157.223:42172, d6dfcdd7-fc6e-4b51-b91e-b64503dadc5e:192.168.157.223:43575], old=null
2019-10-17 21:55:09,756 [d6dfcdd7-fc6e-4b51-b91e-b64503dadc5e@group-F967393F7C93-LeaderElection216] INFO  impl.LeaderElection (LogUtils.java:infoOrTrace(149)) -   Exception 0: {}
java.util.concurrent.ExecutionException: org.apache.ratis.thirdparty.io.grpc.StatusRuntimeException: UNAVAILABLE: io exception
	at java.util.concurrent.FutureTask.report(FutureTask.java:122)
	at java.util.concurrent.FutureTask.get(FutureTask.java:192)
	at org.apache.ratis.server.impl.LeaderElection.waitForResults(LeaderElection.java:259)
	at org.apache.ratis.server.impl.LeaderElection.askForVotes(LeaderElection.java:197)
	at org.apache.ratis.server.impl.LeaderElection.run(LeaderElection.java:133)
	at java.lang.Thread.run(Thread.java:748)
Caused by: org.apache.ratis.thirdparty.io.grpc.StatusRuntimeException: UNAVAILABLE: io exception
	at org.apache.ratis.thirdparty.io.grpc.stub.ClientCalls.toStatusRuntimeException(ClientCalls.java:233)
	at org.apache.ratis.thirdparty.io.grpc.stub.ClientCalls.getUnchecked(ClientCalls.java:214)
	at org.apache.ratis.thirdparty.io.grpc.stub.ClientCalls.blockingUnaryCall(ClientCalls.java:139)
	at org.apache.ratis.proto.grpc.RaftServerProtocolServiceGrpc$RaftServerProtocolServiceBlockingStub.requestVote(RaftServerProtocolServiceGrpc.java:265)
	at org.apache.ratis.grpc.server.GrpcServerProtocolClient.requestVote(GrpcServerProtocolClient.java:99)
	at org.apache.ratis.grpc.server.GrpcService.requestVote(GrpcService.java:204)
	at org.apache.ratis.server.impl.LeaderElection.lambda$submitRequests$1(LeaderElection.java:234)
	at java.util.concurrent.FutureTask.run(FutureTask.java:266)
	at java.util.concurrent.Executors$RunnableAdapter.call(Executors.java:511)
	at java.util.concurrent.FutureTask.run(FutureTask.java:266)
	at java.util.concurrent.ThreadPoolExecutor.runWorker(ThreadPoolExecutor.java:1149)
	at java.util.concurrent.ThreadPoolExecutor$Worker.run(ThreadPoolExecutor.java:624)
	... 1 more
Caused by: org.apache.ratis.thirdparty.io.netty.channel.AbstractChannel$AnnotatedConnectException: Connection refused: /192.168.157.223:42172
	at sun.nio.ch.SocketChannelImpl.checkConnect(Native Method)
	at sun.nio.ch.SocketChannelImpl.finishConnect(SocketChannelImpl.java:717)
	at org.apache.ratis.thirdparty.io.netty.channel.socket.nio.NioSocketChannel.doFinishConnect(NioSocketChannel.java:327)
	at org.apache.ratis.thirdparty.io.netty.channel.nio.AbstractNioChannel$AbstractNioUnsafe.finishConnect(AbstractNioChannel.java:340)
	at org.apache.ratis.thirdparty.io.netty.channel.nio.NioEventLoop.processSelectedKey(NioEventLoop.java:632)
	at org.apache.ratis.thirdparty.io.netty.channel.nio.NioEventLoop.processSelectedKeysOptimized(NioEventLoop.java:579)
	at org.apache.ratis.thirdparty.io.netty.channel.nio.NioEventLoop.processSelectedKeys(NioEventLoop.java:496)
	at org.apache.ratis.thirdparty.io.netty.channel.nio.NioEventLoop.run(NioEventLoop.java:458)
	at org.apache.ratis.thirdparty.io.netty.util.concurrent.SingleThreadEventExecutor$5.run(SingleThreadEventExecutor.java:897)
	at org.apache.ratis.thirdparty.io.netty.util.concurrent.FastThreadLocalRunnable.run(FastThreadLocalRunnable.java:30)
	... 1 more
Caused by: java.net.ConnectException: Connection refused
	... 11 more
2019-10-17 21:55:09,757 [d6dfcdd7-fc6e-4b51-b91e-b64503dadc5e@group-F967393F7C93-LeaderElection216] INFO  impl.RaftServerImpl (RaftServerImpl.java:setRole(184)) - d6dfcdd7-fc6e-4b51-b91e-b64503dadc5e@group-F967393F7C93: changes role from CANDIDATE to FOLLOWER at term 212 for DISCOVERED_A_NEW_TERM
2019-10-17 21:55:09,757 [d6dfcdd7-fc6e-4b51-b91e-b64503dadc5e@group-F967393F7C93-LeaderElection216] INFO  impl.RoleInfo (RoleInfo.java:shutdownLeaderElection(134)) - d6dfcdd7-fc6e-4b51-b91e-b64503dadc5e: shutdown LeaderElection
2019-10-17 21:55:09,757 [d6dfcdd7-fc6e-4b51-b91e-b64503dadc5e@group-F967393F7C93-LeaderElection216] INFO  impl.RoleInfo (RoleInfo.java:updateAndGet(143)) - d6dfcdd7-fc6e-4b51-b91e-b64503dadc5e: start FollowerState
2019-10-17 21:55:09,774 [java.util.concurrent.ThreadPoolExecutor$Worker@71aa17a1[State = -1, empty queue]] WARN  server.GrpcLogAppender (GrpcLogAppender.java:timeoutAppendRequest(209)) - de567563-d0dd-4cf2-91b7-f72627909699@group-3097D7458558->db0af43e-c62e-4c1d-affa-ffdb4faae2f8-GrpcLogAppender: appendEntries Timeout, request=de567563-d0dd-4cf2-91b7-f72627909699->db0af43e-c62e-4c1d-affa-ffdb4faae2f8#49-t10, previous=(t:10, i:4), leaderCommit=4, initializing? false, entries: <empty>
2019-10-17 21:55:09,794 [Thread-1924] INFO  impl.FollowerState (FollowerState.java:run(108)) - 9a96bff1-ea9f-4cea-8163-a3905a9e2704@group-4FF8CA26B826-FollowerState: change to CANDIDATE, lastRpcTime:1034ms, electionTimeout:1034ms
2019-10-17 21:55:09,794 [Thread-1924] INFO  impl.RoleInfo (RoleInfo.java:shutdownFollowerState(121)) - 9a96bff1-ea9f-4cea-8163-a3905a9e2704: shutdown FollowerState
2019-10-17 21:55:09,794 [Thread-1924] INFO  impl.RaftServerImpl (RaftServerImpl.java:setRole(184)) - 9a96bff1-ea9f-4cea-8163-a3905a9e2704@group-4FF8CA26B826: changes role from  FOLLOWER to CANDIDATE at term 14 for changeToCandidate
2019-10-17 21:55:09,794 [Thread-1924] INFO  impl.RoleInfo (RoleInfo.java:updateAndGet(143)) - 9a96bff1-ea9f-4cea-8163-a3905a9e2704: start LeaderElection
2019-10-17 21:55:09,807 [9a96bff1-ea9f-4cea-8163-a3905a9e2704@group-4FF8CA26B826-LeaderElection217] INFO  impl.LeaderElection (LeaderElection.java:askForVotes(178)) - 9a96bff1-ea9f-4cea-8163-a3905a9e2704@group-4FF8CA26B826-LeaderElection217: begin an election at term 15 for 1: [c3d1d4b8-f513-489f-ad1a-d9e469eb6c8d:192.168.157.223:35769, 9a96bff1-ea9f-4cea-8163-a3905a9e2704:192.168.157.223:39495, fff7125c-610a-434d-b194-38800617abc4:192.168.157.223:34162], old=null
2019-10-17 21:55:09,808 [9a96bff1-ea9f-4cea-8163-a3905a9e2704@group-4FF8CA26B826-LeaderElection217] INFO  impl.LeaderElection (LogUtils.java:infoOrTrace(149)) - 9a96bff1-ea9f-4cea-8163-a3905a9e2704@group-4FF8CA26B826-LeaderElection217 got exception when requesting votes: {}
java.util.concurrent.ExecutionException: org.apache.ratis.thirdparty.io.grpc.StatusRuntimeException: UNAVAILABLE: io exception
	at java.util.concurrent.FutureTask.report(FutureTask.java:122)
	at java.util.concurrent.FutureTask.get(FutureTask.java:192)
	at org.apache.ratis.server.impl.LeaderElection.waitForResults(LeaderElection.java:259)
	at org.apache.ratis.server.impl.LeaderElection.askForVotes(LeaderElection.java:197)
	at org.apache.ratis.server.impl.LeaderElection.run(LeaderElection.java:133)
	at java.lang.Thread.run(Thread.java:748)
Caused by: org.apache.ratis.thirdparty.io.grpc.StatusRuntimeException: UNAVAILABLE: io exception
	at org.apache.ratis.thirdparty.io.grpc.stub.ClientCalls.toStatusRuntimeException(ClientCalls.java:233)
	at org.apache.ratis.thirdparty.io.grpc.stub.ClientCalls.getUnchecked(ClientCalls.java:214)
	at org.apache.ratis.thirdparty.io.grpc.stub.ClientCalls.blockingUnaryCall(ClientCalls.java:139)
	at org.apache.ratis.proto.grpc.RaftServerProtocolServiceGrpc$RaftServerProtocolServiceBlockingStub.requestVote(RaftServerProtocolServiceGrpc.java:265)
	at org.apache.ratis.grpc.server.GrpcServerProtocolClient.requestVote(GrpcServerProtocolClient.java:99)
	at org.apache.ratis.grpc.server.GrpcService.requestVote(GrpcService.java:204)
	at org.apache.ratis.server.impl.LeaderElection.lambda$submitRequests$1(LeaderElection.java:234)
	at java.util.concurrent.FutureTask.run(FutureTask.java:266)
	at java.util.concurrent.Executors$RunnableAdapter.call(Executors.java:511)
	at java.util.concurrent.FutureTask.run(FutureTask.java:266)
	at java.util.concurrent.ThreadPoolExecutor.runWorker(ThreadPoolExecutor.java:1149)
	at java.util.concurrent.ThreadPoolExecutor$Worker.run(ThreadPoolExecutor.java:624)
	... 1 more
Caused by: org.apache.ratis.thirdparty.io.netty.channel.AbstractChannel$AnnotatedConnectException: Connection refused: /192.168.157.223:35769
	at sun.nio.ch.SocketChannelImpl.checkConnect(Native Method)
	at sun.nio.ch.SocketChannelImpl.finishConnect(SocketChannelImpl.java:717)
	at org.apache.ratis.thirdparty.io.netty.channel.socket.nio.NioSocketChannel.doFinishConnect(NioSocketChannel.java:327)
	at org.apache.ratis.thirdparty.io.netty.channel.nio.AbstractNioChannel$AbstractNioUnsafe.finishConnect(AbstractNioChannel.java:340)
	at org.apache.ratis.thirdparty.io.netty.channel.nio.NioEventLoop.processSelectedKey(NioEventLoop.java:632)
	at org.apache.ratis.thirdparty.io.netty.channel.nio.NioEventLoop.processSelectedKeysOptimized(NioEventLoop.java:579)
	at org.apache.ratis.thirdparty.io.netty.channel.nio.NioEventLoop.processSelectedKeys(NioEventLoop.java:496)
	at org.apache.ratis.thirdparty.io.netty.channel.nio.NioEventLoop.run(NioEventLoop.java:458)
	at org.apache.ratis.thirdparty.io.netty.util.concurrent.SingleThreadEventExecutor$5.run(SingleThreadEventExecutor.java:897)
	at org.apache.ratis.thirdparty.io.netty.util.concurrent.FastThreadLocalRunnable.run(FastThreadLocalRunnable.java:30)
	... 1 more
Caused by: java.net.ConnectException: Connection refused
	... 11 more
2019-10-17 21:55:09,809 [9a96bff1-ea9f-4cea-8163-a3905a9e2704@group-4FF8CA26B826-LeaderElection217] INFO  impl.LeaderElection (LogUtils.java:infoOrTrace(149)) - 9a96bff1-ea9f-4cea-8163-a3905a9e2704@group-4FF8CA26B826-LeaderElection217 got exception when requesting votes: {}
java.util.concurrent.ExecutionException: org.apache.ratis.thirdparty.io.grpc.StatusRuntimeException: UNAVAILABLE: io exception
	at java.util.concurrent.FutureTask.report(FutureTask.java:122)
	at java.util.concurrent.FutureTask.get(FutureTask.java:192)
	at org.apache.ratis.server.impl.LeaderElection.waitForResults(LeaderElection.java:259)
	at org.apache.ratis.server.impl.LeaderElection.askForVotes(LeaderElection.java:197)
	at org.apache.ratis.server.impl.LeaderElection.run(LeaderElection.java:133)
	at java.lang.Thread.run(Thread.java:748)
Caused by: org.apache.ratis.thirdparty.io.grpc.StatusRuntimeException: UNAVAILABLE: io exception
	at org.apache.ratis.thirdparty.io.grpc.stub.ClientCalls.toStatusRuntimeException(ClientCalls.java:233)
	at org.apache.ratis.thirdparty.io.grpc.stub.ClientCalls.getUnchecked(ClientCalls.java:214)
	at org.apache.ratis.thirdparty.io.grpc.stub.ClientCalls.blockingUnaryCall(ClientCalls.java:139)
	at org.apache.ratis.proto.grpc.RaftServerProtocolServiceGrpc$RaftServerProtocolServiceBlockingStub.requestVote(RaftServerProtocolServiceGrpc.java:265)
	at org.apache.ratis.grpc.server.GrpcServerProtocolClient.requestVote(GrpcServerProtocolClient.java:99)
	at org.apache.ratis.grpc.server.GrpcService.requestVote(GrpcService.java:204)
	at org.apache.ratis.server.impl.LeaderElection.lambda$submitRequests$1(LeaderElection.java:234)
	at java.util.concurrent.FutureTask.run(FutureTask.java:266)
	at java.util.concurrent.Executors$RunnableAdapter.call(Executors.java:511)
	at java.util.concurrent.FutureTask.run(FutureTask.java:266)
	at java.util.concurrent.ThreadPoolExecutor.runWorker(ThreadPoolExecutor.java:1149)
	at java.util.concurrent.ThreadPoolExecutor$Worker.run(ThreadPoolExecutor.java:624)
	... 1 more
Caused by: org.apache.ratis.thirdparty.io.netty.channel.AbstractChannel$AnnotatedConnectException: Connection refused: /192.168.157.223:34162
	at sun.nio.ch.SocketChannelImpl.checkConnect(Native Method)
	at sun.nio.ch.SocketChannelImpl.finishConnect(SocketChannelImpl.java:717)
	at org.apache.ratis.thirdparty.io.netty.channel.socket.nio.NioSocketChannel.doFinishConnect(NioSocketChannel.java:327)
	at org.apache.ratis.thirdparty.io.netty.channel.nio.AbstractNioChannel$AbstractNioUnsafe.finishConnect(AbstractNioChannel.java:340)
	at org.apache.ratis.thirdparty.io.netty.channel.nio.NioEventLoop.processSelectedKey(NioEventLoop.java:632)
	at org.apache.ratis.thirdparty.io.netty.channel.nio.NioEventLoop.processSelectedKeysOptimized(NioEventLoop.java:579)
	at org.apache.ratis.thirdparty.io.netty.channel.nio.NioEventLoop.processSelectedKeys(NioEventLoop.java:496)
	at org.apache.ratis.thirdparty.io.netty.channel.nio.NioEventLoop.run(NioEventLoop.java:458)
	at org.apache.ratis.thirdparty.io.netty.util.concurrent.SingleThreadEventExecutor$5.run(SingleThreadEventExecutor.java:897)
	at org.apache.ratis.thirdparty.io.netty.util.concurrent.FastThreadLocalRunnable.run(FastThreadLocalRunnable.java:30)
	... 1 more
Caused by: java.net.ConnectException: Connection refused
	... 11 more
2019-10-17 21:55:09,809 [9a96bff1-ea9f-4cea-8163-a3905a9e2704@group-4FF8CA26B826-LeaderElection217] INFO  impl.LeaderElection (LeaderElection.java:logAndReturn(56)) - 9a96bff1-ea9f-4cea-8163-a3905a9e2704@group-4FF8CA26B826-LeaderElection217: Election REJECTED; received 0 response(s) [] and 2 exception(s); 9a96bff1-ea9f-4cea-8163-a3905a9e2704@group-4FF8CA26B826:t15, leader=null, voted=9a96bff1-ea9f-4cea-8163-a3905a9e2704, raftlog=9a96bff1-ea9f-4cea-8163-a3905a9e2704@group-4FF8CA26B826-SegmentedRaftLog:OPENED:c18,f18,i18, conf=1: [c3d1d4b8-f513-489f-ad1a-d9e469eb6c8d:192.168.157.223:35769, 9a96bff1-ea9f-4cea-8163-a3905a9e2704:192.168.157.223:39495, fff7125c-610a-434d-b194-38800617abc4:192.168.157.223:34162], old=null
2019-10-17 21:55:09,809 [9a96bff1-ea9f-4cea-8163-a3905a9e2704@group-4FF8CA26B826-LeaderElection217] INFO  impl.LeaderElection (LogUtils.java:infoOrTrace(149)) -   Exception 0: {}
java.util.concurrent.ExecutionException: org.apache.ratis.thirdparty.io.grpc.StatusRuntimeException: UNAVAILABLE: io exception
	at java.util.concurrent.FutureTask.report(FutureTask.java:122)
	at java.util.concurrent.FutureTask.get(FutureTask.java:192)
	at org.apache.ratis.server.impl.LeaderElection.waitForResults(LeaderElection.java:259)
	at org.apache.ratis.server.impl.LeaderElection.askForVotes(LeaderElection.java:197)
	at org.apache.ratis.server.impl.LeaderElection.run(LeaderElection.java:133)
	at java.lang.Thread.run(Thread.java:748)
Caused by: org.apache.ratis.thirdparty.io.grpc.StatusRuntimeException: UNAVAILABLE: io exception
	at org.apache.ratis.thirdparty.io.grpc.stub.ClientCalls.toStatusRuntimeException(ClientCalls.java:233)
	at org.apache.ratis.thirdparty.io.grpc.stub.ClientCalls.getUnchecked(ClientCalls.java:214)
	at org.apache.ratis.thirdparty.io.grpc.stub.ClientCalls.blockingUnaryCall(ClientCalls.java:139)
	at org.apache.ratis.proto.grpc.RaftServerProtocolServiceGrpc$RaftServerProtocolServiceBlockingStub.requestVote(RaftServerProtocolServiceGrpc.java:265)
	at org.apache.ratis.grpc.server.GrpcServerProtocolClient.requestVote(GrpcServerProtocolClient.java:99)
	at org.apache.ratis.grpc.server.GrpcService.requestVote(GrpcService.java:204)
	at org.apache.ratis.server.impl.LeaderElection.lambda$submitRequests$1(LeaderElection.java:234)
	at java.util.concurrent.FutureTask.run(FutureTask.java:266)
	at java.util.concurrent.Executors$RunnableAdapter.call(Executors.java:511)
	at java.util.concurrent.FutureTask.run(FutureTask.java:266)
	at java.util.concurrent.ThreadPoolExecutor.runWorker(ThreadPoolExecutor.java:1149)
	at java.util.concurrent.ThreadPoolExecutor$Worker.run(ThreadPoolExecutor.java:624)
	... 1 more
Caused by: org.apache.ratis.thirdparty.io.netty.channel.AbstractChannel$AnnotatedConnectException: Connection refused: /192.168.157.223:35769
	at sun.nio.ch.SocketChannelImpl.checkConnect(Native Method)
	at sun.nio.ch.SocketChannelImpl.finishConnect(SocketChannelImpl.java:717)
	at org.apache.ratis.thirdparty.io.netty.channel.socket.nio.NioSocketChannel.doFinishConnect(NioSocketChannel.java:327)
	at org.apache.ratis.thirdparty.io.netty.channel.nio.AbstractNioChannel$AbstractNioUnsafe.finishConnect(AbstractNioChannel.java:340)
	at org.apache.ratis.thirdparty.io.netty.channel.nio.NioEventLoop.processSelectedKey(NioEventLoop.java:632)
	at org.apache.ratis.thirdparty.io.netty.channel.nio.NioEventLoop.processSelectedKeysOptimized(NioEventLoop.java:579)
	at org.apache.ratis.thirdparty.io.netty.channel.nio.NioEventLoop.processSelectedKeys(NioEventLoop.java:496)
	at org.apache.ratis.thirdparty.io.netty.channel.nio.NioEventLoop.run(NioEventLoop.java:458)
	at org.apache.ratis.thirdparty.io.netty.util.concurrent.SingleThreadEventExecutor$5.run(SingleThreadEventExecutor.java:897)
	at org.apache.ratis.thirdparty.io.netty.util.concurrent.FastThreadLocalRunnable.run(FastThreadLocalRunnable.java:30)
	... 1 more
Caused by: java.net.ConnectException: Connection refused
	... 11 more
2019-10-17 21:55:09,809 [9a96bff1-ea9f-4cea-8163-a3905a9e2704@group-4FF8CA26B826-LeaderElection217] INFO  impl.LeaderElection (LogUtils.java:infoOrTrace(149)) -   Exception 1: {}
java.util.concurrent.ExecutionException: org.apache.ratis.thirdparty.io.grpc.StatusRuntimeException: UNAVAILABLE: io exception
	at java.util.concurrent.FutureTask.report(FutureTask.java:122)
	at java.util.concurrent.FutureTask.get(FutureTask.java:192)
	at org.apache.ratis.server.impl.LeaderElection.waitForResults(LeaderElection.java:259)
	at org.apache.ratis.server.impl.LeaderElection.askForVotes(LeaderElection.java:197)
	at org.apache.ratis.server.impl.LeaderElection.run(LeaderElection.java:133)
	at java.lang.Thread.run(Thread.java:748)
Caused by: org.apache.ratis.thirdparty.io.grpc.StatusRuntimeException: UNAVAILABLE: io exception
	at org.apache.ratis.thirdparty.io.grpc.stub.ClientCalls.toStatusRuntimeException(ClientCalls.java:233)
	at org.apache.ratis.thirdparty.io.grpc.stub.ClientCalls.getUnchecked(ClientCalls.java:214)
	at org.apache.ratis.thirdparty.io.grpc.stub.ClientCalls.blockingUnaryCall(ClientCalls.java:139)
	at org.apache.ratis.proto.grpc.RaftServerProtocolServiceGrpc$RaftServerProtocolServiceBlockingStub.requestVote(RaftServerProtocolServiceGrpc.java:265)
	at org.apache.ratis.grpc.server.GrpcServerProtocolClient.requestVote(GrpcServerProtocolClient.java:99)
	at org.apache.ratis.grpc.server.GrpcService.requestVote(GrpcService.java:204)
	at org.apache.ratis.server.impl.LeaderElection.lambda$submitRequests$1(LeaderElection.java:234)
	at java.util.concurrent.FutureTask.run(FutureTask.java:266)
	at java.util.concurrent.Executors$RunnableAdapter.call(Executors.java:511)
	at java.util.concurrent.FutureTask.run(FutureTask.java:266)
	at java.util.concurrent.ThreadPoolExecutor.runWorker(ThreadPoolExecutor.java:1149)
	at java.util.concurrent.ThreadPoolExecutor$Worker.run(ThreadPoolExecutor.java:624)
	... 1 more
Caused by: org.apache.ratis.thirdparty.io.netty.channel.AbstractChannel$AnnotatedConnectException: Connection refused: /192.168.157.223:34162
	at sun.nio.ch.SocketChannelImpl.checkConnect(Native Method)
	at sun.nio.ch.SocketChannelImpl.finishConnect(SocketChannelImpl.java:717)
	at org.apache.ratis.thirdparty.io.netty.channel.socket.nio.NioSocketChannel.doFinishConnect(NioSocketChannel.java:327)
	at org.apache.ratis.thirdparty.io.netty.channel.nio.AbstractNioChannel$AbstractNioUnsafe.finishConnect(AbstractNioChannel.java:340)
	at org.apache.ratis.thirdparty.io.netty.channel.nio.NioEventLoop.processSelectedKey(NioEventLoop.java:632)
	at org.apache.ratis.thirdparty.io.netty.channel.nio.NioEventLoop.processSelectedKeysOptimized(NioEventLoop.java:579)
	at org.apache.ratis.thirdparty.io.netty.channel.nio.NioEventLoop.processSelectedKeys(NioEventLoop.java:496)
	at org.apache.ratis.thirdparty.io.netty.channel.nio.NioEventLoop.run(NioEventLoop.java:458)
	at org.apache.ratis.thirdparty.io.netty.util.concurrent.SingleThreadEventExecutor$5.run(SingleThreadEventExecutor.java:897)
	at org.apache.ratis.thirdparty.io.netty.util.concurrent.FastThreadLocalRunnable.run(FastThreadLocalRunnable.java:30)
	... 1 more
Caused by: java.net.ConnectException: Connection refused
	... 11 more
2019-10-17 21:55:09,810 [9a96bff1-ea9f-4cea-8163-a3905a9e2704@group-4FF8CA26B826-LeaderElection217] INFO  impl.RaftServerImpl (RaftServerImpl.java:setRole(184)) - 9a96bff1-ea9f-4cea-8163-a3905a9e2704@group-4FF8CA26B826: changes role from CANDIDATE to FOLLOWER at term 15 for DISCOVERED_A_NEW_TERM
2019-10-17 21:55:09,810 [9a96bff1-ea9f-4cea-8163-a3905a9e2704@group-4FF8CA26B826-LeaderElection217] INFO  impl.RoleInfo (RoleInfo.java:shutdownLeaderElection(134)) - 9a96bff1-ea9f-4cea-8163-a3905a9e2704: shutdown LeaderElection
2019-10-17 21:55:09,810 [9a96bff1-ea9f-4cea-8163-a3905a9e2704@group-4FF8CA26B826-LeaderElection217] INFO  impl.RoleInfo (RoleInfo.java:updateAndGet(143)) - 9a96bff1-ea9f-4cea-8163-a3905a9e2704: start FollowerState
2019-10-17 21:55:09,860 [Thread-1966] INFO  impl.FollowerState (FollowerState.java:run(108)) - d6dfcdd7-fc6e-4b51-b91e-b64503dadc5e@group-F967393F7C93-FollowerState: change to CANDIDATE, lastRpcTime:102ms, electionTimeout:98ms
2019-10-17 21:55:09,860 [Thread-1966] INFO  impl.RoleInfo (RoleInfo.java:shutdownFollowerState(121)) - d6dfcdd7-fc6e-4b51-b91e-b64503dadc5e: shutdown FollowerState
2019-10-17 21:55:09,860 [Thread-1966] INFO  impl.RaftServerImpl (RaftServerImpl.java:setRole(184)) - d6dfcdd7-fc6e-4b51-b91e-b64503dadc5e@group-F967393F7C93: changes role from  FOLLOWER to CANDIDATE at term 212 for changeToCandidate
2019-10-17 21:55:09,860 [Thread-1966] INFO  impl.RoleInfo (RoleInfo.java:updateAndGet(143)) - d6dfcdd7-fc6e-4b51-b91e-b64503dadc5e: start LeaderElection
2019-10-17 21:55:09,873 [d6dfcdd7-fc6e-4b51-b91e-b64503dadc5e@group-F967393F7C93-LeaderElection218] INFO  impl.LeaderElection (LeaderElection.java:askForVotes(178)) - d6dfcdd7-fc6e-4b51-b91e-b64503dadc5e@group-F967393F7C93-LeaderElection218: begin an election at term 213 for -1: [08d4cbaa-ffed-4411-a5fd-c4a38026aead:192.168.157.223:33910, da15dfee-23f0-4dc4-ad77-c00156c49cfa:192.168.157.223:42172, d6dfcdd7-fc6e-4b51-b91e-b64503dadc5e:192.168.157.223:43575], old=null
2019-10-17 21:55:09,874 [d6dfcdd7-fc6e-4b51-b91e-b64503dadc5e@group-F967393F7C93-LeaderElection218] INFO  impl.LeaderElection (LogUtils.java:infoOrTrace(149)) - d6dfcdd7-fc6e-4b51-b91e-b64503dadc5e@group-F967393F7C93-LeaderElection218 got exception when requesting votes: {}
java.util.concurrent.ExecutionException: org.apache.ratis.thirdparty.io.grpc.StatusRuntimeException: UNAVAILABLE: io exception
	at java.util.concurrent.FutureTask.report(FutureTask.java:122)
	at java.util.concurrent.FutureTask.get(FutureTask.java:192)
	at org.apache.ratis.server.impl.LeaderElection.waitForResults(LeaderElection.java:259)
	at org.apache.ratis.server.impl.LeaderElection.askForVotes(LeaderElection.java:197)
	at org.apache.ratis.server.impl.LeaderElection.run(LeaderElection.java:133)
	at java.lang.Thread.run(Thread.java:748)
Caused by: org.apache.ratis.thirdparty.io.grpc.StatusRuntimeException: UNAVAILABLE: io exception
	at org.apache.ratis.thirdparty.io.grpc.stub.ClientCalls.toStatusRuntimeException(ClientCalls.java:233)
	at org.apache.ratis.thirdparty.io.grpc.stub.ClientCalls.getUnchecked(ClientCalls.java:214)
	at org.apache.ratis.thirdparty.io.grpc.stub.ClientCalls.blockingUnaryCall(ClientCalls.java:139)
	at org.apache.ratis.proto.grpc.RaftServerProtocolServiceGrpc$RaftServerProtocolServiceBlockingStub.requestVote(RaftServerProtocolServiceGrpc.java:265)
	at org.apache.ratis.grpc.server.GrpcServerProtocolClient.requestVote(GrpcServerProtocolClient.java:99)
	at org.apache.ratis.grpc.server.GrpcService.requestVote(GrpcService.java:204)
	at org.apache.ratis.server.impl.LeaderElection.lambda$submitRequests$1(LeaderElection.java:234)
	at java.util.concurrent.FutureTask.run(FutureTask.java:266)
	at java.util.concurrent.Executors$RunnableAdapter.call(Executors.java:511)
	at java.util.concurrent.FutureTask.run(FutureTask.java:266)
	at java.util.concurrent.ThreadPoolExecutor.runWorker(ThreadPoolExecutor.java:1149)
	at java.util.concurrent.ThreadPoolExecutor$Worker.run(ThreadPoolExecutor.java:624)
	... 1 more
Caused by: org.apache.ratis.thirdparty.io.netty.channel.AbstractChannel$AnnotatedConnectException: Connection refused: /192.168.157.223:42172
	at sun.nio.ch.SocketChannelImpl.checkConnect(Native Method)
	at sun.nio.ch.SocketChannelImpl.finishConnect(SocketChannelImpl.java:717)
	at org.apache.ratis.thirdparty.io.netty.channel.socket.nio.NioSocketChannel.doFinishConnect(NioSocketChannel.java:327)
	at org.apache.ratis.thirdparty.io.netty.channel.nio.AbstractNioChannel$AbstractNioUnsafe.finishConnect(AbstractNioChannel.java:340)
	at org.apache.ratis.thirdparty.io.netty.channel.nio.NioEventLoop.processSelectedKey(NioEventLoop.java:632)
	at org.apache.ratis.thirdparty.io.netty.channel.nio.NioEventLoop.processSelectedKeysOptimized(NioEventLoop.java:579)
	at org.apache.ratis.thirdparty.io.netty.channel.nio.NioEventLoop.processSelectedKeys(NioEventLoop.java:496)
	at org.apache.ratis.thirdparty.io.netty.channel.nio.NioEventLoop.run(NioEventLoop.java:458)
	at org.apache.ratis.thirdparty.io.netty.util.concurrent.SingleThreadEventExecutor$5.run(SingleThreadEventExecutor.java:897)
	at org.apache.ratis.thirdparty.io.netty.util.concurrent.FastThreadLocalRunnable.run(FastThreadLocalRunnable.java:30)
	... 1 more
Caused by: java.net.ConnectException: Connection refused
	... 11 more
2019-10-17 21:55:09,875 [grpc-default-executor-1] INFO  impl.RaftServerImpl (RaftServerImpl.java:setRole(184)) - 08d4cbaa-ffed-4411-a5fd-c4a38026aead@group-F967393F7C93: changes role from  FOLLOWER to FOLLOWER at term 213 for recognizeCandidate:d6dfcdd7-fc6e-4b51-b91e-b64503dadc5e
2019-10-17 21:55:09,875 [grpc-default-executor-1] INFO  impl.RoleInfo (RoleInfo.java:shutdownFollowerState(121)) - 08d4cbaa-ffed-4411-a5fd-c4a38026aead: shutdown FollowerState
2019-10-17 21:55:09,876 [grpc-default-executor-1] INFO  impl.RoleInfo (RoleInfo.java:updateAndGet(143)) - 08d4cbaa-ffed-4411-a5fd-c4a38026aead: start FollowerState
2019-10-17 21:55:09,876 [Thread-1965] INFO  impl.FollowerState (FollowerState.java:run(117)) - 08d4cbaa-ffed-4411-a5fd-c4a38026aead@group-F967393F7C93-FollowerState was interrupted: java.lang.InterruptedException: sleep interrupted
2019-10-17 21:55:09,890 [d6dfcdd7-fc6e-4b51-b91e-b64503dadc5e@group-F967393F7C93-LeaderElection218] INFO  impl.LeaderElection (LeaderElection.java:logAndReturn(56)) - d6dfcdd7-fc6e-4b51-b91e-b64503dadc5e@group-F967393F7C93-LeaderElection218: Election REJECTED; received 1 response(s) [d6dfcdd7-fc6e-4b51-b91e-b64503dadc5e<-08d4cbaa-ffed-4411-a5fd-c4a38026aead#0:FAIL-t213] and 1 exception(s); d6dfcdd7-fc6e-4b51-b91e-b64503dadc5e@group-F967393F7C93:t213, leader=null, voted=d6dfcdd7-fc6e-4b51-b91e-b64503dadc5e, raftlog=d6dfcdd7-fc6e-4b51-b91e-b64503dadc5e@group-F967393F7C93-SegmentedRaftLog:OPENED:c-1,f-1,i0, conf=-1: [08d4cbaa-ffed-4411-a5fd-c4a38026aead:192.168.157.223:33910, da15dfee-23f0-4dc4-ad77-c00156c49cfa:192.168.157.223:42172, d6dfcdd7-fc6e-4b51-b91e-b64503dadc5e:192.168.157.223:43575], old=null
2019-10-17 21:55:09,890 [d6dfcdd7-fc6e-4b51-b91e-b64503dadc5e@group-F967393F7C93-LeaderElection218] INFO  impl.LeaderElection (LogUtils.java:infoOrTrace(149)) -   Exception 0: {}
java.util.concurrent.ExecutionException: org.apache.ratis.thirdparty.io.grpc.StatusRuntimeException: UNAVAILABLE: io exception
	at java.util.concurrent.FutureTask.report(FutureTask.java:122)
	at java.util.concurrent.FutureTask.get(FutureTask.java:192)
	at org.apache.ratis.server.impl.LeaderElection.waitForResults(LeaderElection.java:259)
	at org.apache.ratis.server.impl.LeaderElection.askForVotes(LeaderElection.java:197)
	at org.apache.ratis.server.impl.LeaderElection.run(LeaderElection.java:133)
	at java.lang.Thread.run(Thread.java:748)
Caused by: org.apache.ratis.thirdparty.io.grpc.StatusRuntimeException: UNAVAILABLE: io exception
	at org.apache.ratis.thirdparty.io.grpc.stub.ClientCalls.toStatusRuntimeException(ClientCalls.java:233)
	at org.apache.ratis.thirdparty.io.grpc.stub.ClientCalls.getUnchecked(ClientCalls.java:214)
	at org.apache.ratis.thirdparty.io.grpc.stub.ClientCalls.blockingUnaryCall(ClientCalls.java:139)
	at org.apache.ratis.proto.grpc.RaftServerProtocolServiceGrpc$RaftServerProtocolServiceBlockingStub.requestVote(RaftServerProtocolServiceGrpc.java:265)
	at org.apache.ratis.grpc.server.GrpcServerProtocolClient.requestVote(GrpcServerProtocolClient.java:99)
	at org.apache.ratis.grpc.server.GrpcService.requestVote(GrpcService.java:204)
	at org.apache.ratis.server.impl.LeaderElection.lambda$submitRequests$1(LeaderElection.java:234)
	at java.util.concurrent.FutureTask.run(FutureTask.java:266)
	at java.util.concurrent.Executors$RunnableAdapter.call(Executors.java:511)
	at java.util.concurrent.FutureTask.run(FutureTask.java:266)
	at java.util.concurrent.ThreadPoolExecutor.runWorker(ThreadPoolExecutor.java:1149)
	at java.util.concurrent.ThreadPoolExecutor$Worker.run(ThreadPoolExecutor.java:624)
	... 1 more
Caused by: org.apache.ratis.thirdparty.io.netty.channel.AbstractChannel$AnnotatedConnectException: Connection refused: /192.168.157.223:42172
	at sun.nio.ch.SocketChannelImpl.checkConnect(Native Method)
	at sun.nio.ch.SocketChannelImpl.finishConnect(SocketChannelImpl.java:717)
	at org.apache.ratis.thirdparty.io.netty.channel.socket.nio.NioSocketChannel.doFinishConnect(NioSocketChannel.java:327)
	at org.apache.ratis.thirdparty.io.netty.channel.nio.AbstractNioChannel$AbstractNioUnsafe.finishConnect(AbstractNioChannel.java:340)
	at org.apache.ratis.thirdparty.io.netty.channel.nio.NioEventLoop.processSelectedKey(NioEventLoop.java:632)
	at org.apache.ratis.thirdparty.io.netty.channel.nio.NioEventLoop.processSelectedKeysOptimized(NioEventLoop.java:579)
	at org.apache.ratis.thirdparty.io.netty.channel.nio.NioEventLoop.processSelectedKeys(NioEventLoop.java:496)
	at org.apache.ratis.thirdparty.io.netty.channel.nio.NioEventLoop.run(NioEventLoop.java:458)
	at org.apache.ratis.thirdparty.io.netty.util.concurrent.SingleThreadEventExecutor$5.run(SingleThreadEventExecutor.java:897)
	at org.apache.ratis.thirdparty.io.netty.util.concurrent.FastThreadLocalRunnable.run(FastThreadLocalRunnable.java:30)
	... 1 more
Caused by: java.net.ConnectException: Connection refused
	... 11 more
2019-10-17 21:55:09,890 [d6dfcdd7-fc6e-4b51-b91e-b64503dadc5e@group-F967393F7C93-LeaderElection218] INFO  impl.RaftServerImpl (RaftServerImpl.java:setRole(184)) - d6dfcdd7-fc6e-4b51-b91e-b64503dadc5e@group-F967393F7C93: changes role from CANDIDATE to FOLLOWER at term 213 for DISCOVERED_A_NEW_TERM
2019-10-17 21:55:09,891 [d6dfcdd7-fc6e-4b51-b91e-b64503dadc5e@group-F967393F7C93-LeaderElection218] INFO  impl.RoleInfo (RoleInfo.java:shutdownLeaderElection(134)) - d6dfcdd7-fc6e-4b51-b91e-b64503dadc5e: shutdown LeaderElection
2019-10-17 21:55:09,891 [d6dfcdd7-fc6e-4b51-b91e-b64503dadc5e@group-F967393F7C93-LeaderElection218] INFO  impl.RoleInfo (RoleInfo.java:updateAndGet(143)) - d6dfcdd7-fc6e-4b51-b91e-b64503dadc5e: start FollowerState
2019-10-17 21:55:10,073 [Thread-1976] INFO  impl.FollowerState (FollowerState.java:run(108)) - d6dfcdd7-fc6e-4b51-b91e-b64503dadc5e@group-F967393F7C93-FollowerState: change to CANDIDATE, lastRpcTime:182ms, electionTimeout:182ms
2019-10-17 21:55:10,073 [Thread-1976] INFO  impl.RoleInfo (RoleInfo.java:shutdownFollowerState(121)) - d6dfcdd7-fc6e-4b51-b91e-b64503dadc5e: shutdown FollowerState
2019-10-17 21:55:10,074 [Thread-1976] INFO  impl.RaftServerImpl (RaftServerImpl.java:setRole(184)) - d6dfcdd7-fc6e-4b51-b91e-b64503dadc5e@group-F967393F7C93: changes role from  FOLLOWER to CANDIDATE at term 213 for changeToCandidate
2019-10-17 21:55:10,074 [Thread-1976] INFO  impl.RoleInfo (RoleInfo.java:updateAndGet(143)) - d6dfcdd7-fc6e-4b51-b91e-b64503dadc5e: start LeaderElection
2019-10-17 21:55:10,087 [d6dfcdd7-fc6e-4b51-b91e-b64503dadc5e@group-F967393F7C93-LeaderElection219] INFO  impl.LeaderElection (LeaderElection.java:askForVotes(178)) - d6dfcdd7-fc6e-4b51-b91e-b64503dadc5e@group-F967393F7C93-LeaderElection219: begin an election at term 214 for -1: [08d4cbaa-ffed-4411-a5fd-c4a38026aead:192.168.157.223:33910, da15dfee-23f0-4dc4-ad77-c00156c49cfa:192.168.157.223:42172, d6dfcdd7-fc6e-4b51-b91e-b64503dadc5e:192.168.157.223:43575], old=null
2019-10-17 21:55:10,088 [d6dfcdd7-fc6e-4b51-b91e-b64503dadc5e@group-F967393F7C93-LeaderElection219] INFO  impl.LeaderElection (LogUtils.java:infoOrTrace(149)) - d6dfcdd7-fc6e-4b51-b91e-b64503dadc5e@group-F967393F7C93-LeaderElection219 got exception when requesting votes: {}
java.util.concurrent.ExecutionException: org.apache.ratis.thirdparty.io.grpc.StatusRuntimeException: UNAVAILABLE: io exception
	at java.util.concurrent.FutureTask.report(FutureTask.java:122)
	at java.util.concurrent.FutureTask.get(FutureTask.java:192)
	at org.apache.ratis.server.impl.LeaderElection.waitForResults(LeaderElection.java:259)
	at org.apache.ratis.server.impl.LeaderElection.askForVotes(LeaderElection.java:197)
	at org.apache.ratis.server.impl.LeaderElection.run(LeaderElection.java:133)
	at java.lang.Thread.run(Thread.java:748)
Caused by: org.apache.ratis.thirdparty.io.grpc.StatusRuntimeException: UNAVAILABLE: io exception
	at org.apache.ratis.thirdparty.io.grpc.stub.ClientCalls.toStatusRuntimeException(ClientCalls.java:233)
	at org.apache.ratis.thirdparty.io.grpc.stub.ClientCalls.getUnchecked(ClientCalls.java:214)
	at org.apache.ratis.thirdparty.io.grpc.stub.ClientCalls.blockingUnaryCall(ClientCalls.java:139)
	at org.apache.ratis.proto.grpc.RaftServerProtocolServiceGrpc$RaftServerProtocolServiceBlockingStub.requestVote(RaftServerProtocolServiceGrpc.java:265)
	at org.apache.ratis.grpc.server.GrpcServerProtocolClient.requestVote(GrpcServerProtocolClient.java:99)
	at org.apache.ratis.grpc.server.GrpcService.requestVote(GrpcService.java:204)
	at org.apache.ratis.server.impl.LeaderElection.lambda$submitRequests$1(LeaderElection.java:234)
	at java.util.concurrent.FutureTask.run(FutureTask.java:266)
	at java.util.concurrent.Executors$RunnableAdapter.call(Executors.java:511)
	at java.util.concurrent.FutureTask.run(FutureTask.java:266)
	at java.util.concurrent.ThreadPoolExecutor.runWorker(ThreadPoolExecutor.java:1149)
	at java.util.concurrent.ThreadPoolExecutor$Worker.run(ThreadPoolExecutor.java:624)
	... 1 more
Caused by: org.apache.ratis.thirdparty.io.netty.channel.AbstractChannel$AnnotatedConnectException: Connection refused: /192.168.157.223:42172
	at sun.nio.ch.SocketChannelImpl.checkConnect(Native Method)
	at sun.nio.ch.SocketChannelImpl.finishConnect(SocketChannelImpl.java:717)
	at org.apache.ratis.thirdparty.io.netty.channel.socket.nio.NioSocketChannel.doFinishConnect(NioSocketChannel.java:327)
	at org.apache.ratis.thirdparty.io.netty.channel.nio.AbstractNioChannel$AbstractNioUnsafe.finishConnect(AbstractNioChannel.java:340)
	at org.apache.ratis.thirdparty.io.netty.channel.nio.NioEventLoop.processSelectedKey(NioEventLoop.java:632)
	at org.apache.ratis.thirdparty.io.netty.channel.nio.NioEventLoop.processSelectedKeysOptimized(NioEventLoop.java:579)
	at org.apache.ratis.thirdparty.io.netty.channel.nio.NioEventLoop.processSelectedKeys(NioEventLoop.java:496)
	at org.apache.ratis.thirdparty.io.netty.channel.nio.NioEventLoop.run(NioEventLoop.java:458)
	at org.apache.ratis.thirdparty.io.netty.util.concurrent.SingleThreadEventExecutor$5.run(SingleThreadEventExecutor.java:897)
	at org.apache.ratis.thirdparty.io.netty.util.concurrent.FastThreadLocalRunnable.run(FastThreadLocalRunnable.java:30)
	... 1 more
Caused by: java.net.ConnectException: Connection refused
	... 11 more
2019-10-17 21:55:10,089 [grpc-default-executor-1] INFO  impl.RaftServerImpl (RaftServerImpl.java:setRole(184)) - 08d4cbaa-ffed-4411-a5fd-c4a38026aead@group-F967393F7C93: changes role from  FOLLOWER to FOLLOWER at term 214 for recognizeCandidate:d6dfcdd7-fc6e-4b51-b91e-b64503dadc5e
2019-10-17 21:55:10,090 [grpc-default-executor-1] INFO  impl.RoleInfo (RoleInfo.java:shutdownFollowerState(121)) - 08d4cbaa-ffed-4411-a5fd-c4a38026aead: shutdown FollowerState
2019-10-17 21:55:10,090 [grpc-default-executor-1] INFO  impl.RoleInfo (RoleInfo.java:updateAndGet(143)) - 08d4cbaa-ffed-4411-a5fd-c4a38026aead: start FollowerState
2019-10-17 21:55:10,090 [Thread-1975] INFO  impl.FollowerState (FollowerState.java:run(117)) - 08d4cbaa-ffed-4411-a5fd-c4a38026aead@group-F967393F7C93-FollowerState was interrupted: java.lang.InterruptedException: sleep interrupted
2019-10-17 21:55:10,103 [d6dfcdd7-fc6e-4b51-b91e-b64503dadc5e@group-F967393F7C93-LeaderElection219] INFO  impl.LeaderElection (LeaderElection.java:logAndReturn(56)) - d6dfcdd7-fc6e-4b51-b91e-b64503dadc5e@group-F967393F7C93-LeaderElection219: Election REJECTED; received 1 response(s) [d6dfcdd7-fc6e-4b51-b91e-b64503dadc5e<-08d4cbaa-ffed-4411-a5fd-c4a38026aead#0:FAIL-t214] and 1 exception(s); d6dfcdd7-fc6e-4b51-b91e-b64503dadc5e@group-F967393F7C93:t214, leader=null, voted=d6dfcdd7-fc6e-4b51-b91e-b64503dadc5e, raftlog=d6dfcdd7-fc6e-4b51-b91e-b64503dadc5e@group-F967393F7C93-SegmentedRaftLog:OPENED:c-1,f-1,i0, conf=-1: [08d4cbaa-ffed-4411-a5fd-c4a38026aead:192.168.157.223:33910, da15dfee-23f0-4dc4-ad77-c00156c49cfa:192.168.157.223:42172, d6dfcdd7-fc6e-4b51-b91e-b64503dadc5e:192.168.157.223:43575], old=null
2019-10-17 21:55:10,103 [d6dfcdd7-fc6e-4b51-b91e-b64503dadc5e@group-F967393F7C93-LeaderElection219] INFO  impl.LeaderElection (LogUtils.java:infoOrTrace(149)) -   Exception 0: {}
java.util.concurrent.ExecutionException: org.apache.ratis.thirdparty.io.grpc.StatusRuntimeException: UNAVAILABLE: io exception
	at java.util.concurrent.FutureTask.report(FutureTask.java:122)
	at java.util.concurrent.FutureTask.get(FutureTask.java:192)
	at org.apache.ratis.server.impl.LeaderElection.waitForResults(LeaderElection.java:259)
	at org.apache.ratis.server.impl.LeaderElection.askForVotes(LeaderElection.java:197)
	at org.apache.ratis.server.impl.LeaderElection.run(LeaderElection.java:133)
	at java.lang.Thread.run(Thread.java:748)
Caused by: org.apache.ratis.thirdparty.io.grpc.StatusRuntimeException: UNAVAILABLE: io exception
	at org.apache.ratis.thirdparty.io.grpc.stub.ClientCalls.toStatusRuntimeException(ClientCalls.java:233)
	at org.apache.ratis.thirdparty.io.grpc.stub.ClientCalls.getUnchecked(ClientCalls.java:214)
	at org.apache.ratis.thirdparty.io.grpc.stub.ClientCalls.blockingUnaryCall(ClientCalls.java:139)
	at org.apache.ratis.proto.grpc.RaftServerProtocolServiceGrpc$RaftServerProtocolServiceBlockingStub.requestVote(RaftServerProtocolServiceGrpc.java:265)
	at org.apache.ratis.grpc.server.GrpcServerProtocolClient.requestVote(GrpcServerProtocolClient.java:99)
	at org.apache.ratis.grpc.server.GrpcService.requestVote(GrpcService.java:204)
	at org.apache.ratis.server.impl.LeaderElection.lambda$submitRequests$1(LeaderElection.java:234)
	at java.util.concurrent.FutureTask.run(FutureTask.java:266)
	at java.util.concurrent.Executors$RunnableAdapter.call(Executors.java:511)
	at java.util.concurrent.FutureTask.run(FutureTask.java:266)
	at java.util.concurrent.ThreadPoolExecutor.runWorker(ThreadPoolExecutor.java:1149)
	at java.util.concurrent.ThreadPoolExecutor$Worker.run(ThreadPoolExecutor.java:624)
	... 1 more
Caused by: org.apache.ratis.thirdparty.io.netty.channel.AbstractChannel$AnnotatedConnectException: Connection refused: /192.168.157.223:42172
	at sun.nio.ch.SocketChannelImpl.checkConnect(Native Method)
	at sun.nio.ch.SocketChannelImpl.finishConnect(SocketChannelImpl.java:717)
	at org.apache.ratis.thirdparty.io.netty.channel.socket.nio.NioSocketChannel.doFinishConnect(NioSocketChannel.java:327)
	at org.apache.ratis.thirdparty.io.netty.channel.nio.AbstractNioChannel$AbstractNioUnsafe.finishConnect(AbstractNioChannel.java:340)
	at org.apache.ratis.thirdparty.io.netty.channel.nio.NioEventLoop.processSelectedKey(NioEventLoop.java:632)
	at org.apache.ratis.thirdparty.io.netty.channel.nio.NioEventLoop.processSelectedKeysOptimized(NioEventLoop.java:579)
	at org.apache.ratis.thirdparty.io.netty.channel.nio.NioEventLoop.processSelectedKeys(NioEventLoop.java:496)
	at org.apache.ratis.thirdparty.io.netty.channel.nio.NioEventLoop.run(NioEventLoop.java:458)
	at org.apache.ratis.thirdparty.io.netty.util.concurrent.SingleThreadEventExecutor$5.run(SingleThreadEventExecutor.java:897)
	at org.apache.ratis.thirdparty.io.netty.util.concurrent.FastThreadLocalRunnable.run(FastThreadLocalRunnable.java:30)
	... 1 more
Caused by: java.net.ConnectException: Connection refused
	... 11 more
2019-10-17 21:55:10,104 [d6dfcdd7-fc6e-4b51-b91e-b64503dadc5e@group-F967393F7C93-LeaderElection219] INFO  impl.RaftServerImpl (RaftServerImpl.java:setRole(184)) - d6dfcdd7-fc6e-4b51-b91e-b64503dadc5e@group-F967393F7C93: changes role from CANDIDATE to FOLLOWER at term 214 for DISCOVERED_A_NEW_TERM
2019-10-17 21:55:10,104 [d6dfcdd7-fc6e-4b51-b91e-b64503dadc5e@group-F967393F7C93-LeaderElection219] INFO  impl.RoleInfo (RoleInfo.java:shutdownLeaderElection(134)) - d6dfcdd7-fc6e-4b51-b91e-b64503dadc5e: shutdown LeaderElection
2019-10-17 21:55:10,104 [d6dfcdd7-fc6e-4b51-b91e-b64503dadc5e@group-F967393F7C93-LeaderElection219] INFO  impl.RoleInfo (RoleInfo.java:updateAndGet(143)) - d6dfcdd7-fc6e-4b51-b91e-b64503dadc5e: start FollowerState
2019-10-17 21:55:10,274 [java.util.concurrent.ThreadPoolExecutor$Worker@71aa17a1[State = -1, empty queue]] WARN  server.GrpcLogAppender (GrpcLogAppender.java:timeoutAppendRequest(209)) - de567563-d0dd-4cf2-91b7-f72627909699@group-3097D7458558->db0af43e-c62e-4c1d-affa-ffdb4faae2f8-GrpcLogAppender: appendEntries Timeout, request=de567563-d0dd-4cf2-91b7-f72627909699->db0af43e-c62e-4c1d-affa-ffdb4faae2f8#50-t10, previous=(t:10, i:4), leaderCommit=4, initializing? false, entries: <empty>
2019-10-17 21:55:10,292 [ForkJoinPool.commonPool-worker-0] INFO  ozoneimpl.OzoneContainer (OzoneContainer.java:stop(227)) - Attempting to stop container services.
2019-10-17 21:55:10,293 [ForkJoinPool.commonPool-worker-0] INFO  impl.RaftServerProxy (RaftServerProxy.java:lambda$close$4(314)) - 9a96bff1-ea9f-4cea-8163-a3905a9e2704: close
2019-10-17 21:55:10,293 [ForkJoinPool.commonPool-worker-0] INFO  impl.RaftServerImpl (RaftServerImpl.java:lambda$shutdown$3(261)) - 9a96bff1-ea9f-4cea-8163-a3905a9e2704@group-4FF8CA26B826: shutdown
2019-10-17 21:55:10,294 [ForkJoinPool.commonPool-worker-0] INFO  util.JmxRegister (JmxRegister.java:unregister(73)) - Successfully un-registered JMX Bean with object name Ratis:service=RaftServer,group=group-4FF8CA26B826,id=9a96bff1-ea9f-4cea-8163-a3905a9e2704
2019-10-17 21:55:10,294 [ForkJoinPool.commonPool-worker-0] INFO  impl.RoleInfo (RoleInfo.java:shutdownFollowerState(121)) - 9a96bff1-ea9f-4cea-8163-a3905a9e2704: shutdown FollowerState
2019-10-17 21:55:10,294 [ForkJoinPool.commonPool-worker-0] INFO  impl.StateMachineUpdater (StateMachineUpdater.java:stopAndJoin(136)) - 9a96bff1-ea9f-4cea-8163-a3905a9e2704@group-4FF8CA26B826-StateMachineUpdater: set stopIndex = 18
2019-10-17 21:55:10,294 [Thread-1970] INFO  impl.FollowerState (FollowerState.java:run(117)) - 9a96bff1-ea9f-4cea-8163-a3905a9e2704@group-4FF8CA26B826-FollowerState was interrupted: java.lang.InterruptedException: sleep interrupted
2019-10-17 21:55:10,294 [9a96bff1-ea9f-4cea-8163-a3905a9e2704@group-4FF8CA26B826-StateMachineUpdater] INFO  ratis.ContainerStateMachine (ContainerStateMachine.java:takeSnapshot(294)) - group-4FF8CA26B826: Taking a snapshot at:(t:11, i:14) file /workdir/hadoop-ozone/integration-test/target/test-dir/MiniOzoneClusterImpl-8354d78d-dcd0-455c-bdef-cdb54255caab/datanode-4/data/ratis/e919e467-9e8c-41dd-b4c7-4ff8ca26b826/sm/snapshot.11_14
2019-10-17 21:55:10,302 [Thread-1981] INFO  impl.FollowerState (FollowerState.java:run(108)) - d6dfcdd7-fc6e-4b51-b91e-b64503dadc5e@group-F967393F7C93-FollowerState: change to CANDIDATE, lastRpcTime:198ms, electionTimeout:198ms
2019-10-17 21:55:10,302 [Thread-1981] INFO  impl.RoleInfo (RoleInfo.java:shutdownFollowerState(121)) - d6dfcdd7-fc6e-4b51-b91e-b64503dadc5e: shutdown FollowerState
2019-10-17 21:55:10,303 [Thread-1981] INFO  impl.RaftServerImpl (RaftServerImpl.java:setRole(184)) - d6dfcdd7-fc6e-4b51-b91e-b64503dadc5e@group-F967393F7C93: changes role from  FOLLOWER to CANDIDATE at term 214 for changeToCandidate
2019-10-17 21:55:10,303 [Thread-1981] INFO  impl.RoleInfo (RoleInfo.java:updateAndGet(143)) - d6dfcdd7-fc6e-4b51-b91e-b64503dadc5e: start LeaderElection
2019-10-17 21:55:10,320 [9a96bff1-ea9f-4cea-8163-a3905a9e2704@group-4FF8CA26B826-StateMachineUpdater] INFO  ratis.ContainerStateMachine (ContainerStateMachine.java:takeSnapshot(305)) - group-4FF8CA26B826: Finished taking a snapshot at:(t:11, i:14) file:/workdir/hadoop-ozone/integration-test/target/test-dir/MiniOzoneClusterImpl-8354d78d-dcd0-455c-bdef-cdb54255caab/datanode-4/data/ratis/e919e467-9e8c-41dd-b4c7-4ff8ca26b826/sm/snapshot.11_14 time:25
2019-10-17 21:55:10,320 [d6dfcdd7-fc6e-4b51-b91e-b64503dadc5e@group-F967393F7C93-LeaderElection220] INFO  impl.LeaderElection (LeaderElection.java:askForVotes(178)) - d6dfcdd7-fc6e-4b51-b91e-b64503dadc5e@group-F967393F7C93-LeaderElection220: begin an election at term 215 for -1: [08d4cbaa-ffed-4411-a5fd-c4a38026aead:192.168.157.223:33910, da15dfee-23f0-4dc4-ad77-c00156c49cfa:192.168.157.223:42172, d6dfcdd7-fc6e-4b51-b91e-b64503dadc5e:192.168.157.223:43575], old=null
2019-10-17 21:55:10,320 [9a96bff1-ea9f-4cea-8163-a3905a9e2704@group-4FF8CA26B826-StateMachineUpdater] INFO  impl.StateMachineUpdater (StateMachineUpdater.java:takeSnapshot(269)) - 9a96bff1-ea9f-4cea-8163-a3905a9e2704@group-4FF8CA26B826-StateMachineUpdater: Took a snapshot at index 14
2019-10-17 21:55:10,320 [9a96bff1-ea9f-4cea-8163-a3905a9e2704@group-4FF8CA26B826-StateMachineUpdater] INFO  impl.StateMachineUpdater (StateMachineUpdater.java:lambda$new$0(84)) - 9a96bff1-ea9f-4cea-8163-a3905a9e2704@group-4FF8CA26B826-StateMachineUpdater: snapshotIndex: updateIncreasingly -1 -> 14
2019-10-17 21:55:10,321 [9a96bff1-ea9f-4cea-8163-a3905a9e2704@group-4FF8CA26B826-StateMachineUpdater] INFO  ratis.ContainerStateMachine (ContainerStateMachine.java:takeSnapshot(294)) - group-4FF8CA26B826: Taking a snapshot at:(t:11, i:14) file /workdir/hadoop-ozone/integration-test/target/test-dir/MiniOzoneClusterImpl-8354d78d-dcd0-455c-bdef-cdb54255caab/datanode-4/data/ratis/e919e467-9e8c-41dd-b4c7-4ff8ca26b826/sm/snapshot.11_14
2019-10-17 21:55:10,321 [d6dfcdd7-fc6e-4b51-b91e-b64503dadc5e@group-F967393F7C93-LeaderElection220] INFO  impl.LeaderElection (LogUtils.java:infoOrTrace(149)) - d6dfcdd7-fc6e-4b51-b91e-b64503dadc5e@group-F967393F7C93-LeaderElection220 got exception when requesting votes: {}
java.util.concurrent.ExecutionException: org.apache.ratis.thirdparty.io.grpc.StatusRuntimeException: UNAVAILABLE: io exception
	at java.util.concurrent.FutureTask.report(FutureTask.java:122)
	at java.util.concurrent.FutureTask.get(FutureTask.java:192)
	at org.apache.ratis.server.impl.LeaderElection.waitForResults(LeaderElection.java:259)
	at org.apache.ratis.server.impl.LeaderElection.askForVotes(LeaderElection.java:197)
	at org.apache.ratis.server.impl.LeaderElection.run(LeaderElection.java:133)
	at java.lang.Thread.run(Thread.java:748)
Caused by: org.apache.ratis.thirdparty.io.grpc.StatusRuntimeException: UNAVAILABLE: io exception
	at org.apache.ratis.thirdparty.io.grpc.stub.ClientCalls.toStatusRuntimeException(ClientCalls.java:233)
	at org.apache.ratis.thirdparty.io.grpc.stub.ClientCalls.getUnchecked(ClientCalls.java:214)
	at org.apache.ratis.thirdparty.io.grpc.stub.ClientCalls.blockingUnaryCall(ClientCalls.java:139)
	at org.apache.ratis.proto.grpc.RaftServerProtocolServiceGrpc$RaftServerProtocolServiceBlockingStub.requestVote(RaftServerProtocolServiceGrpc.java:265)
	at org.apache.ratis.grpc.server.GrpcServerProtocolClient.requestVote(GrpcServerProtocolClient.java:99)
	at org.apache.ratis.grpc.server.GrpcService.requestVote(GrpcService.java:204)
	at org.apache.ratis.server.impl.LeaderElection.lambda$submitRequests$1(LeaderElection.java:234)
	at java.util.concurrent.FutureTask.run(FutureTask.java:266)
	at java.util.concurrent.Executors$RunnableAdapter.call(Executors.java:511)
	at java.util.concurrent.FutureTask.run(FutureTask.java:266)
	at java.util.concurrent.ThreadPoolExecutor.runWorker(ThreadPoolExecutor.java:1149)
	at java.util.concurrent.ThreadPoolExecutor$Worker.run(ThreadPoolExecutor.java:624)
	... 1 more
Caused by: org.apache.ratis.thirdparty.io.netty.channel.AbstractChannel$AnnotatedConnectException: Connection refused: /192.168.157.223:42172
	at sun.nio.ch.SocketChannelImpl.checkConnect(Native Method)
	at sun.nio.ch.SocketChannelImpl.finishConnect(SocketChannelImpl.java:717)
	at org.apache.ratis.thirdparty.io.netty.channel.socket.nio.NioSocketChannel.doFinishConnect(NioSocketChannel.java:327)
	at org.apache.ratis.thirdparty.io.netty.channel.nio.AbstractNioChannel$AbstractNioUnsafe.finishConnect(AbstractNioChannel.java:340)
	at org.apache.ratis.thirdparty.io.netty.channel.nio.NioEventLoop.processSelectedKey(NioEventLoop.java:632)
	at org.apache.ratis.thirdparty.io.netty.channel.nio.NioEventLoop.processSelectedKeysOptimized(NioEventLoop.java:579)
	at org.apache.ratis.thirdparty.io.netty.channel.nio.NioEventLoop.processSelectedKeys(NioEventLoop.java:496)
	at org.apache.ratis.thirdparty.io.netty.channel.nio.NioEventLoop.run(NioEventLoop.java:458)
	at org.apache.ratis.thirdparty.io.netty.util.concurrent.SingleThreadEventExecutor$5.run(SingleThreadEventExecutor.java:897)
	at org.apache.ratis.thirdparty.io.netty.util.concurrent.FastThreadLocalRunnable.run(FastThreadLocalRunnable.java:30)
	... 1 more
Caused by: java.net.ConnectException: Connection refused
	... 11 more
2019-10-17 21:55:10,322 [grpc-default-executor-1] INFO  impl.RaftServerImpl (RaftServerImpl.java:setRole(184)) - 08d4cbaa-ffed-4411-a5fd-c4a38026aead@group-F967393F7C93: changes role from  FOLLOWER to FOLLOWER at term 215 for recognizeCandidate:d6dfcdd7-fc6e-4b51-b91e-b64503dadc5e
2019-10-17 21:55:10,322 [grpc-default-executor-1] INFO  impl.RoleInfo (RoleInfo.java:shutdownFollowerState(121)) - 08d4cbaa-ffed-4411-a5fd-c4a38026aead: shutdown FollowerState
2019-10-17 21:55:10,323 [grpc-default-executor-1] INFO  impl.RoleInfo (RoleInfo.java:updateAndGet(143)) - 08d4cbaa-ffed-4411-a5fd-c4a38026aead: start FollowerState
2019-10-17 21:55:10,323 [Thread-1980] INFO  impl.FollowerState (FollowerState.java:run(117)) - 08d4cbaa-ffed-4411-a5fd-c4a38026aead@group-F967393F7C93-FollowerState was interrupted: java.lang.InterruptedException: sleep interrupted
2019-10-17 21:55:10,325 [main] INFO  ozoneimpl.OzoneContainer (OzoneContainer.java:stop(227)) - Attempting to stop container services.
2019-10-17 21:55:10,326 [main] INFO  impl.RaftServerProxy (RaftServerProxy.java:lambda$close$4(314)) - f6afcf7f-f3cc-4d61-b406-e2750f6d6b8c: close
2019-10-17 21:55:10,326 [main] INFO  impl.RaftServerImpl (RaftServerImpl.java:lambda$shutdown$3(261)) - f6afcf7f-f3cc-4d61-b406-e2750f6d6b8c@group-4DFBE40C9EE0: shutdown
2019-10-17 21:55:10,327 [main] INFO  util.JmxRegister (JmxRegister.java:unregister(73)) - Successfully un-registered JMX Bean with object name Ratis:service=RaftServer,group=group-4DFBE40C9EE0,id=f6afcf7f-f3cc-4d61-b406-e2750f6d6b8c
2019-10-17 21:55:10,327 [main] INFO  impl.RoleInfo (RoleInfo.java:shutdownLeaderState(104)) - f6afcf7f-f3cc-4d61-b406-e2750f6d6b8c: shutdown LeaderState
2019-10-17 21:55:10,327 [main] INFO  impl.PendingRequests (PendingRequests.java:sendNotLeaderResponses(202)) - f6afcf7f-f3cc-4d61-b406-e2750f6d6b8c@group-4DFBE40C9EE0-PendingRequests: sendNotLeaderResponses
2019-10-17 21:55:10,328 [main] INFO  impl.StateMachineUpdater (StateMachineUpdater.java:stopAndJoin(136)) - f6afcf7f-f3cc-4d61-b406-e2750f6d6b8c@group-4DFBE40C9EE0-StateMachineUpdater: set stopIndex = 0
2019-10-17 21:55:10,328 [main] INFO  impl.RaftServerImpl (ServerState.java:close(388)) - f6afcf7f-f3cc-4d61-b406-e2750f6d6b8c@group-4DFBE40C9EE0: closes. applyIndex: 0
2019-10-17 21:55:10,329 [f6afcf7f-f3cc-4d61-b406-e2750f6d6b8c@group-4DFBE40C9EE0-SegmentedRaftLogWorker] INFO  segmented.SegmentedRaftLogWorker (SegmentedRaftLogWorker.java:run(316)) - f6afcf7f-f3cc-4d61-b406-e2750f6d6b8c@group-4DFBE40C9EE0-SegmentedRaftLogWorker was interrupted, exiting. There are 0 tasks remaining in the queue.
2019-10-17 21:55:10,333 [main] INFO  segmented.SegmentedRaftLogWorker (SegmentedRaftLogWorker.java:close(224)) - f6afcf7f-f3cc-4d61-b406-e2750f6d6b8c@group-4DFBE40C9EE0-SegmentedRaftLogWorker close()
2019-10-17 21:55:10,336 [main] INFO  server.GrpcService (GrpcService.java:closeImpl(164)) - f6afcf7f-f3cc-4d61-b406-e2750f6d6b8c: shutdown server with port 45157 now
2019-10-17 21:55:10,338 [main] INFO  server.GrpcService (GrpcService.java:closeImpl(172)) - f6afcf7f-f3cc-4d61-b406-e2750f6d6b8c: shutdown server with port 45157 successfully
2019-10-17 21:55:10,341 [refreshUsed-/workdir/hadoop-ozone/integration-test/target/test-dir/MiniOzoneClusterImpl-8354d78d-dcd0-455c-bdef-cdb54255caab/datanode-8/data/containers] WARN  fs.CachingGetSpaceUsed (CachingGetSpaceUsed.java:run(183)) - Thread Interrupted waiting to refresh disk information: sleep interrupted
2019-10-17 21:55:10,344 [9a96bff1-ea9f-4cea-8163-a3905a9e2704@group-4FF8CA26B826-StateMachineUpdater] INFO  ratis.ContainerStateMachine (ContainerStateMachine.java:takeSnapshot(305)) - group-4FF8CA26B826: Finished taking a snapshot at:(t:11, i:14) file:/workdir/hadoop-ozone/integration-test/target/test-dir/MiniOzoneClusterImpl-8354d78d-dcd0-455c-bdef-cdb54255caab/datanode-4/data/ratis/e919e467-9e8c-41dd-b4c7-4ff8ca26b826/sm/snapshot.11_14 time:22
2019-10-17 21:55:10,344 [9a96bff1-ea9f-4cea-8163-a3905a9e2704@group-4FF8CA26B826-StateMachineUpdater] INFO  impl.StateMachineUpdater (StateMachineUpdater.java:takeSnapshot(269)) - 9a96bff1-ea9f-4cea-8163-a3905a9e2704@group-4FF8CA26B826-StateMachineUpdater: Took a snapshot at index 14
2019-10-17 21:55:10,344 [9a96bff1-ea9f-4cea-8163-a3905a9e2704@group-4FF8CA26B826-StateMachineUpdater] INFO  impl.StateMachineUpdater (StateMachineUpdater.java:lambda$new$0(84)) - 9a96bff1-ea9f-4cea-8163-a3905a9e2704@group-4FF8CA26B826-StateMachineUpdater: snapshotIndex: updateIncreasingly 14 -> 14
2019-10-17 21:55:10,345 [ForkJoinPool.commonPool-worker-0] INFO  impl.RaftServerImpl (ServerState.java:close(388)) - 9a96bff1-ea9f-4cea-8163-a3905a9e2704@group-4FF8CA26B826: closes. applyIndex: 18
2019-10-17 21:55:10,345 [d6dfcdd7-fc6e-4b51-b91e-b64503dadc5e@group-F967393F7C93-LeaderElection220] INFO  impl.LeaderElection (LeaderElection.java:logAndReturn(56)) - d6dfcdd7-fc6e-4b51-b91e-b64503dadc5e@group-F967393F7C93-LeaderElection220: Election REJECTED; received 1 response(s) [d6dfcdd7-fc6e-4b51-b91e-b64503dadc5e<-08d4cbaa-ffed-4411-a5fd-c4a38026aead#0:FAIL-t215] and 1 exception(s); d6dfcdd7-fc6e-4b51-b91e-b64503dadc5e@group-F967393F7C93:t215, leader=null, voted=d6dfcdd7-fc6e-4b51-b91e-b64503dadc5e, raftlog=d6dfcdd7-fc6e-4b51-b91e-b64503dadc5e@group-F967393F7C93-SegmentedRaftLog:OPENED:c-1,f-1,i0, conf=-1: [08d4cbaa-ffed-4411-a5fd-c4a38026aead:192.168.157.223:33910, da15dfee-23f0-4dc4-ad77-c00156c49cfa:192.168.157.223:42172, d6dfcdd7-fc6e-4b51-b91e-b64503dadc5e:192.168.157.223:43575], old=null
2019-10-17 21:55:10,345 [d6dfcdd7-fc6e-4b51-b91e-b64503dadc5e@group-F967393F7C93-LeaderElection220] INFO  impl.LeaderElection (LogUtils.java:infoOrTrace(149)) -   Exception 0: {}
java.util.concurrent.ExecutionException: org.apache.ratis.thirdparty.io.grpc.StatusRuntimeException: UNAVAILABLE: io exception
	at java.util.concurrent.FutureTask.report(FutureTask.java:122)
	at java.util.concurrent.FutureTask.get(FutureTask.java:192)
	at org.apache.ratis.server.impl.LeaderElection.waitForResults(LeaderElection.java:259)
	at org.apache.ratis.server.impl.LeaderElection.askForVotes(LeaderElection.java:197)
	at org.apache.ratis.server.impl.LeaderElection.run(LeaderElection.java:133)
	at java.lang.Thread.run(Thread.java:748)
Caused by: org.apache.ratis.thirdparty.io.grpc.StatusRuntimeException: UNAVAILABLE: io exception
	at org.apache.ratis.thirdparty.io.grpc.stub.ClientCalls.toStatusRuntimeException(ClientCalls.java:233)
	at org.apache.ratis.thirdparty.io.grpc.stub.ClientCalls.getUnchecked(ClientCalls.java:214)
	at org.apache.ratis.thirdparty.io.grpc.stub.ClientCalls.blockingUnaryCall(ClientCalls.java:139)
	at org.apache.ratis.proto.grpc.RaftServerProtocolServiceGrpc$RaftServerProtocolServiceBlockingStub.requestVote(RaftServerProtocolServiceGrpc.java:265)
	at org.apache.ratis.grpc.server.GrpcServerProtocolClient.requestVote(GrpcServerProtocolClient.java:99)
	at org.apache.ratis.grpc.server.GrpcService.requestVote(GrpcService.java:204)
	at org.apache.ratis.server.impl.LeaderElection.lambda$submitRequests$1(LeaderElection.java:234)
	at java.util.concurrent.FutureTask.run(FutureTask.java:266)
	at java.util.concurrent.Executors$RunnableAdapter.call(Executors.java:511)
	at java.util.concurrent.FutureTask.run(FutureTask.java:266)
	at java.util.concurrent.ThreadPoolExecutor.runWorker(ThreadPoolExecutor.java:1149)
	at java.util.concurrent.ThreadPoolExecutor$Worker.run(ThreadPoolExecutor.java:624)
	... 1 more
Caused by: org.apache.ratis.thirdparty.io.netty.channel.AbstractChannel$AnnotatedConnectException: Connection refused: /192.168.157.223:42172
	at sun.nio.ch.SocketChannelImpl.checkConnect(Native Method)
	at sun.nio.ch.SocketChannelImpl.finishConnect(SocketChannelImpl.java:717)
	at org.apache.ratis.thirdparty.io.netty.channel.socket.nio.NioSocketChannel.doFinishConnect(NioSocketChannel.java:327)
	at org.apache.ratis.thirdparty.io.netty.channel.nio.AbstractNioChannel$AbstractNioUnsafe.finishConnect(AbstractNioChannel.java:340)
	at org.apache.ratis.thirdparty.io.netty.channel.nio.NioEventLoop.processSelectedKey(NioEventLoop.java:632)
	at org.apache.ratis.thirdparty.io.netty.channel.nio.NioEventLoop.processSelectedKeysOptimized(NioEventLoop.java:579)
	at org.apache.ratis.thirdparty.io.netty.channel.nio.NioEventLoop.processSelectedKeys(NioEventLoop.java:496)
	at org.apache.ratis.thirdparty.io.netty.channel.nio.NioEventLoop.run(NioEventLoop.java:458)
	at org.apache.ratis.thirdparty.io.netty.util.concurrent.SingleThreadEventExecutor$5.run(SingleThreadEventExecutor.java:897)
	at org.apache.ratis.thirdparty.io.netty.util.concurrent.FastThreadLocalRunnable.run(FastThreadLocalRunnable.java:30)
	... 1 more
Caused by: java.net.ConnectException: Connection refused
	... 11 more
2019-10-17 21:55:10,346 [9a96bff1-ea9f-4cea-8163-a3905a9e2704@group-4FF8CA26B826-SegmentedRaftLogWorker] INFO  segmented.SegmentedRaftLogWorker (SegmentedRaftLogWorker.java:run(316)) - 9a96bff1-ea9f-4cea-8163-a3905a9e2704@group-4FF8CA26B826-SegmentedRaftLogWorker was interrupted, exiting. There are 0 tasks remaining in the queue.
2019-10-17 21:55:10,347 [d6dfcdd7-fc6e-4b51-b91e-b64503dadc5e@group-F967393F7C93-LeaderElection220] INFO  impl.RaftServerImpl (RaftServerImpl.java:setRole(184)) - d6dfcdd7-fc6e-4b51-b91e-b64503dadc5e@group-F967393F7C93: changes role from CANDIDATE to FOLLOWER at term 215 for DISCOVERED_A_NEW_TERM
2019-10-17 21:55:10,349 [d6dfcdd7-fc6e-4b51-b91e-b64503dadc5e@group-F967393F7C93-LeaderElection220] INFO  impl.RoleInfo (RoleInfo.java:shutdownLeaderElection(134)) - d6dfcdd7-fc6e-4b51-b91e-b64503dadc5e: shutdown LeaderElection
2019-10-17 21:55:10,349 [ForkJoinPool.commonPool-worker-0] INFO  segmented.SegmentedRaftLogWorker (SegmentedRaftLogWorker.java:close(224)) - 9a96bff1-ea9f-4cea-8163-a3905a9e2704@group-4FF8CA26B826-SegmentedRaftLogWorker close()
2019-10-17 21:55:10,349 [d6dfcdd7-fc6e-4b51-b91e-b64503dadc5e@group-F967393F7C93-LeaderElection220] INFO  impl.RoleInfo (RoleInfo.java:updateAndGet(143)) - d6dfcdd7-fc6e-4b51-b91e-b64503dadc5e: start FollowerState
2019-10-17 21:55:10,355 [ForkJoinPool.commonPool-worker-0] INFO  impl.RaftServerImpl (RaftServerImpl.java:lambda$shutdown$3(261)) - 9a96bff1-ea9f-4cea-8163-a3905a9e2704@group-77AE7B78E8E3: shutdown
2019-10-17 21:55:10,355 [ForkJoinPool.commonPool-worker-0] INFO  util.JmxRegister (JmxRegister.java:unregister(73)) - Successfully un-registered JMX Bean with object name Ratis:service=RaftServer,group=group-77AE7B78E8E3,id=9a96bff1-ea9f-4cea-8163-a3905a9e2704
2019-10-17 21:55:10,356 [ForkJoinPool.commonPool-worker-0] INFO  impl.RoleInfo (RoleInfo.java:shutdownLeaderState(104)) - 9a96bff1-ea9f-4cea-8163-a3905a9e2704: shutdown LeaderState
2019-10-17 21:55:10,356 [ForkJoinPool.commonPool-worker-0] INFO  impl.PendingRequests (PendingRequests.java:sendNotLeaderResponses(202)) - 9a96bff1-ea9f-4cea-8163-a3905a9e2704@group-77AE7B78E8E3-PendingRequests: sendNotLeaderResponses
2019-10-17 21:55:10,356 [ForkJoinPool.commonPool-worker-0] INFO  impl.StateMachineUpdater (StateMachineUpdater.java:stopAndJoin(136)) - 9a96bff1-ea9f-4cea-8163-a3905a9e2704@group-77AE7B78E8E3-StateMachineUpdater: set stopIndex = 0
2019-10-17 21:55:10,357 [ForkJoinPool.commonPool-worker-0] INFO  impl.RaftServerImpl (ServerState.java:close(388)) - 9a96bff1-ea9f-4cea-8163-a3905a9e2704@group-77AE7B78E8E3: closes. applyIndex: 0
2019-10-17 21:55:10,357 [9a96bff1-ea9f-4cea-8163-a3905a9e2704@group-77AE7B78E8E3-SegmentedRaftLogWorker] INFO  segmented.SegmentedRaftLogWorker (SegmentedRaftLogWorker.java:run(316)) - 9a96bff1-ea9f-4cea-8163-a3905a9e2704@group-77AE7B78E8E3-SegmentedRaftLogWorker was interrupted, exiting. There are 0 tasks remaining in the queue.
2019-10-17 21:55:10,357 [ForkJoinPool.commonPool-worker-0] INFO  segmented.SegmentedRaftLogWorker (SegmentedRaftLogWorker.java:close(224)) - 9a96bff1-ea9f-4cea-8163-a3905a9e2704@group-77AE7B78E8E3-SegmentedRaftLogWorker close()
2019-10-17 21:55:10,359 [ForkJoinPool.commonPool-worker-0] INFO  server.GrpcService (GrpcService.java:closeImpl(164)) - 9a96bff1-ea9f-4cea-8163-a3905a9e2704: shutdown server with port 39495 now
2019-10-17 21:55:10,362 [ForkJoinPool.commonPool-worker-0] INFO  server.GrpcService (GrpcService.java:closeImpl(172)) - 9a96bff1-ea9f-4cea-8163-a3905a9e2704: shutdown server with port 39495 successfully
2019-10-17 21:55:10,366 [refreshUsed-/workdir/hadoop-ozone/integration-test/target/test-dir/MiniOzoneClusterImpl-8354d78d-dcd0-455c-bdef-cdb54255caab/datanode-4/data/containers] WARN  fs.CachingGetSpaceUsed (CachingGetSpaceUsed.java:run(183)) - Thread Interrupted waiting to refresh disk information: sleep interrupted
2019-10-17 21:55:10,380 [main] INFO  utils.BackgroundService (BackgroundService.java:shutdown(151)) - Shutting down service BlockDeletingService
2019-10-17 21:55:10,381 [ForkJoinPool.commonPool-worker-0] INFO  utils.BackgroundService (BackgroundService.java:shutdown(151)) - Shutting down service BlockDeletingService
2019-10-17 21:55:10,384 [main] INFO  statemachine.DatanodeStateMachine (DatanodeStateMachine.java:stopDaemon(395)) - Ozone container server stopped.
2019-10-17 21:55:10,384 [Thread-1987] INFO  impl.FollowerState (FollowerState.java:run(108)) - d6dfcdd7-fc6e-4b51-b91e-b64503dadc5e@group-F967393F7C93-FollowerState: change to CANDIDATE, lastRpcTime:35ms, electionTimeout:29ms
2019-10-17 21:55:10,385 [Thread-1987] INFO  impl.RoleInfo (RoleInfo.java:shutdownFollowerState(121)) - d6dfcdd7-fc6e-4b51-b91e-b64503dadc5e: shutdown FollowerState
2019-10-17 21:55:10,387 [Thread-1987] INFO  impl.RaftServerImpl (RaftServerImpl.java:setRole(184)) - d6dfcdd7-fc6e-4b51-b91e-b64503dadc5e@group-F967393F7C93: changes role from  FOLLOWER to CANDIDATE at term 215 for changeToCandidate
2019-10-17 21:55:10,389 [ForkJoinPool.commonPool-worker-0] INFO  statemachine.DatanodeStateMachine (DatanodeStateMachine.java:stopDaemon(395)) - Ozone container server stopped.
2019-10-17 21:55:10,389 [Thread-1987] INFO  impl.RoleInfo (RoleInfo.java:updateAndGet(143)) - d6dfcdd7-fc6e-4b51-b91e-b64503dadc5e: start LeaderElection
2019-10-17 21:55:10,393 [main] INFO  handler.ContextHandler (ContextHandler.java:doStop(910)) - Stopped o.e.j.w.WebAppContext@648d0e6d{/,null,UNAVAILABLE}{/hddsDatanode}
2019-10-17 21:55:10,393 [ForkJoinPool.commonPool-worker-0] INFO  handler.ContextHandler (ContextHandler.java:doStop(910)) - Stopped o.e.j.w.WebAppContext@5a6fa56e{/,null,UNAVAILABLE}{/hddsDatanode}
2019-10-17 21:55:10,394 [main] INFO  server.AbstractConnector (AbstractConnector.java:doStop(318)) - Stopped ServerConnector@79e66b2f{HTTP/1.1,[http/1.1]}{0.0.0.0:0}
2019-10-17 21:55:10,394 [ForkJoinPool.commonPool-worker-0] INFO  server.AbstractConnector (AbstractConnector.java:doStop(318)) - Stopped ServerConnector@1981d861{HTTP/1.1,[http/1.1]}{0.0.0.0:0}
2019-10-17 21:55:10,396 [main] INFO  handler.ContextHandler (ContextHandler.java:doStop(910)) - Stopped o.e.j.s.ServletContextHandler@4437ac07{/static,jar:file:/home/user/.m2/repository/org/apache/hadoop/hadoop-hdds-container-service/0.5.0-SNAPSHOT/hadoop-hdds-container-service-0.5.0-SNAPSHOT.jar!/webapps/static,UNAVAILABLE}
2019-10-17 21:55:10,396 [ForkJoinPool.commonPool-worker-0] INFO  handler.ContextHandler (ContextHandler.java:doStop(910)) - Stopped o.e.j.s.ServletContextHandler@15639440{/static,jar:file:/home/user/.m2/repository/org/apache/hadoop/hadoop-hdds-container-service/0.5.0-SNAPSHOT/hadoop-hdds-container-service-0.5.0-SNAPSHOT.jar!/webapps/static,UNAVAILABLE}
2019-10-17 21:55:10,396 [main] INFO  handler.ContextHandler (ContextHandler.java:doStop(910)) - Stopped o.e.j.s.ServletContextHandler@66b59b7d{/logs,file:///workdir/hadoop-ozone/integration-test/target/log,UNAVAILABLE}
2019-10-17 21:55:10,397 [ForkJoinPool.commonPool-worker-0] INFO  handler.ContextHandler (ContextHandler.java:doStop(910)) - Stopped o.e.j.s.ServletContextHandler@712cfb63{/logs,file:///workdir/hadoop-ozone/integration-test/target/log,UNAVAILABLE}
2019-10-17 21:55:10,418 [d6dfcdd7-fc6e-4b51-b91e-b64503dadc5e@group-F967393F7C93-LeaderElection221] INFO  impl.LeaderElection (LeaderElection.java:askForVotes(178)) - d6dfcdd7-fc6e-4b51-b91e-b64503dadc5e@group-F967393F7C93-LeaderElection221: begin an election at term 216 for -1: [08d4cbaa-ffed-4411-a5fd-c4a38026aead:192.168.157.223:33910, da15dfee-23f0-4dc4-ad77-c00156c49cfa:192.168.157.223:42172, d6dfcdd7-fc6e-4b51-b91e-b64503dadc5e:192.168.157.223:43575], old=null
2019-10-17 21:55:10,419 [d6dfcdd7-fc6e-4b51-b91e-b64503dadc5e@group-F967393F7C93-LeaderElection221] INFO  impl.LeaderElection (LogUtils.java:infoOrTrace(149)) - d6dfcdd7-fc6e-4b51-b91e-b64503dadc5e@group-F967393F7C93-LeaderElection221 got exception when requesting votes: {}
java.util.concurrent.ExecutionException: org.apache.ratis.thirdparty.io.grpc.StatusRuntimeException: UNAVAILABLE: io exception
	at java.util.concurrent.FutureTask.report(FutureTask.java:122)
	at java.util.concurrent.FutureTask.get(FutureTask.java:192)
	at org.apache.ratis.server.impl.LeaderElection.waitForResults(LeaderElection.java:259)
	at org.apache.ratis.server.impl.LeaderElection.askForVotes(LeaderElection.java:197)
	at org.apache.ratis.server.impl.LeaderElection.run(LeaderElection.java:133)
	at java.lang.Thread.run(Thread.java:748)
Caused by: org.apache.ratis.thirdparty.io.grpc.StatusRuntimeException: UNAVAILABLE: io exception
	at org.apache.ratis.thirdparty.io.grpc.stub.ClientCalls.toStatusRuntimeException(ClientCalls.java:233)
	at org.apache.ratis.thirdparty.io.grpc.stub.ClientCalls.getUnchecked(ClientCalls.java:214)
	at org.apache.ratis.thirdparty.io.grpc.stub.ClientCalls.blockingUnaryCall(ClientCalls.java:139)
	at org.apache.ratis.proto.grpc.RaftServerProtocolServiceGrpc$RaftServerProtocolServiceBlockingStub.requestVote(RaftServerProtocolServiceGrpc.java:265)
	at org.apache.ratis.grpc.server.GrpcServerProtocolClient.requestVote(GrpcServerProtocolClient.java:99)
	at org.apache.ratis.grpc.server.GrpcService.requestVote(GrpcService.java:204)
	at org.apache.ratis.server.impl.LeaderElection.lambda$submitRequests$1(LeaderElection.java:234)
	at java.util.concurrent.FutureTask.run(FutureTask.java:266)
	at java.util.concurrent.Executors$RunnableAdapter.call(Executors.java:511)
	at java.util.concurrent.FutureTask.run(FutureTask.java:266)
	at java.util.concurrent.ThreadPoolExecutor.runWorker(ThreadPoolExecutor.java:1149)
	at java.util.concurrent.ThreadPoolExecutor$Worker.run(ThreadPoolExecutor.java:624)
	... 1 more
Caused by: org.apache.ratis.thirdparty.io.netty.channel.AbstractChannel$AnnotatedConnectException: Connection refused: /192.168.157.223:42172
	at sun.nio.ch.SocketChannelImpl.checkConnect(Native Method)
	at sun.nio.ch.SocketChannelImpl.finishConnect(SocketChannelImpl.java:717)
	at org.apache.ratis.thirdparty.io.netty.channel.socket.nio.NioSocketChannel.doFinishConnect(NioSocketChannel.java:327)
	at org.apache.ratis.thirdparty.io.netty.channel.nio.AbstractNioChannel$AbstractNioUnsafe.finishConnect(AbstractNioChannel.java:340)
	at org.apache.ratis.thirdparty.io.netty.channel.nio.NioEventLoop.processSelectedKey(NioEventLoop.java:632)
	at org.apache.ratis.thirdparty.io.netty.channel.nio.NioEventLoop.processSelectedKeysOptimized(NioEventLoop.java:579)
	at org.apache.ratis.thirdparty.io.netty.channel.nio.NioEventLoop.processSelectedKeys(NioEventLoop.java:496)
	at org.apache.ratis.thirdparty.io.netty.channel.nio.NioEventLoop.run(NioEventLoop.java:458)
	at org.apache.ratis.thirdparty.io.netty.util.concurrent.SingleThreadEventExecutor$5.run(SingleThreadEventExecutor.java:897)
	at org.apache.ratis.thirdparty.io.netty.util.concurrent.FastThreadLocalRunnable.run(FastThreadLocalRunnable.java:30)
	... 1 more
Caused by: java.net.ConnectException: Connection refused
	... 11 more
2019-10-17 21:55:10,420 [grpc-default-executor-1] INFO  impl.RaftServerImpl (RaftServerImpl.java:setRole(184)) - 08d4cbaa-ffed-4411-a5fd-c4a38026aead@group-F967393F7C93: changes role from  FOLLOWER to FOLLOWER at term 216 for recognizeCandidate:d6dfcdd7-fc6e-4b51-b91e-b64503dadc5e
2019-10-17 21:55:10,420 [grpc-default-executor-1] INFO  impl.RoleInfo (RoleInfo.java:shutdownFollowerState(121)) - 08d4cbaa-ffed-4411-a5fd-c4a38026aead: shutdown FollowerState
2019-10-17 21:55:10,420 [grpc-default-executor-1] INFO  impl.RoleInfo (RoleInfo.java:updateAndGet(143)) - 08d4cbaa-ffed-4411-a5fd-c4a38026aead: start FollowerState
2019-10-17 21:55:10,420 [Thread-1986] INFO  impl.FollowerState (FollowerState.java:run(117)) - 08d4cbaa-ffed-4411-a5fd-c4a38026aead@group-F967393F7C93-FollowerState was interrupted: java.lang.InterruptedException: sleep interrupted
2019-10-17 21:55:10,433 [d6dfcdd7-fc6e-4b51-b91e-b64503dadc5e@group-F967393F7C93-LeaderElection221] INFO  impl.LeaderElection (LeaderElection.java:logAndReturn(56)) - d6dfcdd7-fc6e-4b51-b91e-b64503dadc5e@group-F967393F7C93-LeaderElection221: Election REJECTED; received 1 response(s) [d6dfcdd7-fc6e-4b51-b91e-b64503dadc5e<-08d4cbaa-ffed-4411-a5fd-c4a38026aead#0:FAIL-t216] and 1 exception(s); d6dfcdd7-fc6e-4b51-b91e-b64503dadc5e@group-F967393F7C93:t216, leader=null, voted=d6dfcdd7-fc6e-4b51-b91e-b64503dadc5e, raftlog=d6dfcdd7-fc6e-4b51-b91e-b64503dadc5e@group-F967393F7C93-SegmentedRaftLog:OPENED:c-1,f-1,i0, conf=-1: [08d4cbaa-ffed-4411-a5fd-c4a38026aead:192.168.157.223:33910, da15dfee-23f0-4dc4-ad77-c00156c49cfa:192.168.157.223:42172, d6dfcdd7-fc6e-4b51-b91e-b64503dadc5e:192.168.157.223:43575], old=null
2019-10-17 21:55:10,434 [d6dfcdd7-fc6e-4b51-b91e-b64503dadc5e@group-F967393F7C93-LeaderElection221] INFO  impl.LeaderElection (LogUtils.java:infoOrTrace(149)) -   Exception 0: {}
java.util.concurrent.ExecutionException: org.apache.ratis.thirdparty.io.grpc.StatusRuntimeException: UNAVAILABLE: io exception
	at java.util.concurrent.FutureTask.report(FutureTask.java:122)
	at java.util.concurrent.FutureTask.get(FutureTask.java:192)
	at org.apache.ratis.server.impl.LeaderElection.waitForResults(LeaderElection.java:259)
	at org.apache.ratis.server.impl.LeaderElection.askForVotes(LeaderElection.java:197)
	at org.apache.ratis.server.impl.LeaderElection.run(LeaderElection.java:133)
	at java.lang.Thread.run(Thread.java:748)
Caused by: org.apache.ratis.thirdparty.io.grpc.StatusRuntimeException: UNAVAILABLE: io exception
	at org.apache.ratis.thirdparty.io.grpc.stub.ClientCalls.toStatusRuntimeException(ClientCalls.java:233)
	at org.apache.ratis.thirdparty.io.grpc.stub.ClientCalls.getUnchecked(ClientCalls.java:214)
	at org.apache.ratis.thirdparty.io.grpc.stub.ClientCalls.blockingUnaryCall(ClientCalls.java:139)
	at org.apache.ratis.proto.grpc.RaftServerProtocolServiceGrpc$RaftServerProtocolServiceBlockingStub.requestVote(RaftServerProtocolServiceGrpc.java:265)
	at org.apache.ratis.grpc.server.GrpcServerProtocolClient.requestVote(GrpcServerProtocolClient.java:99)
	at org.apache.ratis.grpc.server.GrpcService.requestVote(GrpcService.java:204)
	at org.apache.ratis.server.impl.LeaderElection.lambda$submitRequests$1(LeaderElection.java:234)
	at java.util.concurrent.FutureTask.run(FutureTask.java:266)
	at java.util.concurrent.Executors$RunnableAdapter.call(Executors.java:511)
	at java.util.concurrent.FutureTask.run(FutureTask.java:266)
	at java.util.concurrent.ThreadPoolExecutor.runWorker(ThreadPoolExecutor.java:1149)
	at java.util.concurrent.ThreadPoolExecutor$Worker.run(ThreadPoolExecutor.java:624)
	... 1 more
Caused by: org.apache.ratis.thirdparty.io.netty.channel.AbstractChannel$AnnotatedConnectException: Connection refused: /192.168.157.223:42172
	at sun.nio.ch.SocketChannelImpl.checkConnect(Native Method)
	at sun.nio.ch.SocketChannelImpl.finishConnect(SocketChannelImpl.java:717)
	at org.apache.ratis.thirdparty.io.netty.channel.socket.nio.NioSocketChannel.doFinishConnect(NioSocketChannel.java:327)
	at org.apache.ratis.thirdparty.io.netty.channel.nio.AbstractNioChannel$AbstractNioUnsafe.finishConnect(AbstractNioChannel.java:340)
	at org.apache.ratis.thirdparty.io.netty.channel.nio.NioEventLoop.processSelectedKey(NioEventLoop.java:632)
	at org.apache.ratis.thirdparty.io.netty.channel.nio.NioEventLoop.processSelectedKeysOptimized(NioEventLoop.java:579)
	at org.apache.ratis.thirdparty.io.netty.channel.nio.NioEventLoop.processSelectedKeys(NioEventLoop.java:496)
	at org.apache.ratis.thirdparty.io.netty.channel.nio.NioEventLoop.run(NioEventLoop.java:458)
	at org.apache.ratis.thirdparty.io.netty.util.concurrent.SingleThreadEventExecutor$5.run(SingleThreadEventExecutor.java:897)
	at org.apache.ratis.thirdparty.io.netty.util.concurrent.FastThreadLocalRunnable.run(FastThreadLocalRunnable.java:30)
	... 1 more
Caused by: java.net.ConnectException: Connection refused
	... 11 more
2019-10-17 21:55:10,434 [d6dfcdd7-fc6e-4b51-b91e-b64503dadc5e@group-F967393F7C93-LeaderElection221] INFO  impl.RaftServerImpl (RaftServerImpl.java:setRole(184)) - d6dfcdd7-fc6e-4b51-b91e-b64503dadc5e@group-F967393F7C93: changes role from CANDIDATE to FOLLOWER at term 216 for DISCOVERED_A_NEW_TERM
2019-10-17 21:55:10,434 [d6dfcdd7-fc6e-4b51-b91e-b64503dadc5e@group-F967393F7C93-LeaderElection221] INFO  impl.RoleInfo (RoleInfo.java:shutdownLeaderElection(134)) - d6dfcdd7-fc6e-4b51-b91e-b64503dadc5e: shutdown LeaderElection
2019-10-17 21:55:10,434 [d6dfcdd7-fc6e-4b51-b91e-b64503dadc5e@group-F967393F7C93-LeaderElection221] INFO  impl.RoleInfo (RoleInfo.java:updateAndGet(143)) - d6dfcdd7-fc6e-4b51-b91e-b64503dadc5e: start FollowerState
2019-10-17 21:55:10,586 [Thread-1992] INFO  impl.FollowerState (FollowerState.java:run(108)) - d6dfcdd7-fc6e-4b51-b91e-b64503dadc5e@group-F967393F7C93-FollowerState: change to CANDIDATE, lastRpcTime:151ms, electionTimeout:151ms
2019-10-17 21:55:10,586 [Thread-1992] INFO  impl.RoleInfo (RoleInfo.java:shutdownFollowerState(121)) - d6dfcdd7-fc6e-4b51-b91e-b64503dadc5e: shutdown FollowerState
2019-10-17 21:55:10,586 [Thread-1992] INFO  impl.RaftServerImpl (RaftServerImpl.java:setRole(184)) - d6dfcdd7-fc6e-4b51-b91e-b64503dadc5e@group-F967393F7C93: changes role from  FOLLOWER to CANDIDATE at term 216 for changeToCandidate
2019-10-17 21:55:10,586 [Thread-1992] INFO  impl.RoleInfo (RoleInfo.java:updateAndGet(143)) - d6dfcdd7-fc6e-4b51-b91e-b64503dadc5e: start LeaderElection
2019-10-17 21:55:10,609 [d6dfcdd7-fc6e-4b51-b91e-b64503dadc5e@group-F967393F7C93-LeaderElection222] INFO  impl.LeaderElection (LeaderElection.java:askForVotes(178)) - d6dfcdd7-fc6e-4b51-b91e-b64503dadc5e@group-F967393F7C93-LeaderElection222: begin an election at term 217 for -1: [08d4cbaa-ffed-4411-a5fd-c4a38026aead:192.168.157.223:33910, da15dfee-23f0-4dc4-ad77-c00156c49cfa:192.168.157.223:42172, d6dfcdd7-fc6e-4b51-b91e-b64503dadc5e:192.168.157.223:43575], old=null
2019-10-17 21:55:10,610 [d6dfcdd7-fc6e-4b51-b91e-b64503dadc5e@group-F967393F7C93-LeaderElection222] INFO  impl.LeaderElection (LogUtils.java:infoOrTrace(149)) - d6dfcdd7-fc6e-4b51-b91e-b64503dadc5e@group-F967393F7C93-LeaderElection222 got exception when requesting votes: {}
java.util.concurrent.ExecutionException: org.apache.ratis.thirdparty.io.grpc.StatusRuntimeException: UNAVAILABLE: io exception
	at java.util.concurrent.FutureTask.report(FutureTask.java:122)
	at java.util.concurrent.FutureTask.get(FutureTask.java:192)
	at org.apache.ratis.server.impl.LeaderElection.waitForResults(LeaderElection.java:259)
	at org.apache.ratis.server.impl.LeaderElection.askForVotes(LeaderElection.java:197)
	at org.apache.ratis.server.impl.LeaderElection.run(LeaderElection.java:133)
	at java.lang.Thread.run(Thread.java:748)
Caused by: org.apache.ratis.thirdparty.io.grpc.StatusRuntimeException: UNAVAILABLE: io exception
	at org.apache.ratis.thirdparty.io.grpc.stub.ClientCalls.toStatusRuntimeException(ClientCalls.java:233)
	at org.apache.ratis.thirdparty.io.grpc.stub.ClientCalls.getUnchecked(ClientCalls.java:214)
	at org.apache.ratis.thirdparty.io.grpc.stub.ClientCalls.blockingUnaryCall(ClientCalls.java:139)
	at org.apache.ratis.proto.grpc.RaftServerProtocolServiceGrpc$RaftServerProtocolServiceBlockingStub.requestVote(RaftServerProtocolServiceGrpc.java:265)
	at org.apache.ratis.grpc.server.GrpcServerProtocolClient.requestVote(GrpcServerProtocolClient.java:99)
	at org.apache.ratis.grpc.server.GrpcService.requestVote(GrpcService.java:204)
	at org.apache.ratis.server.impl.LeaderElection.lambda$submitRequests$1(LeaderElection.java:234)
	at java.util.concurrent.FutureTask.run(FutureTask.java:266)
	at java.util.concurrent.Executors$RunnableAdapter.call(Executors.java:511)
	at java.util.concurrent.FutureTask.run(FutureTask.java:266)
	at java.util.concurrent.ThreadPoolExecutor.runWorker(ThreadPoolExecutor.java:1149)
	at java.util.concurrent.ThreadPoolExecutor$Worker.run(ThreadPoolExecutor.java:624)
	... 1 more
Caused by: org.apache.ratis.thirdparty.io.netty.channel.AbstractChannel$AnnotatedConnectException: Connection refused: /192.168.157.223:42172
	at sun.nio.ch.SocketChannelImpl.checkConnect(Native Method)
	at sun.nio.ch.SocketChannelImpl.finishConnect(SocketChannelImpl.java:717)
	at org.apache.ratis.thirdparty.io.netty.channel.socket.nio.NioSocketChannel.doFinishConnect(NioSocketChannel.java:327)
	at org.apache.ratis.thirdparty.io.netty.channel.nio.AbstractNioChannel$AbstractNioUnsafe.finishConnect(AbstractNioChannel.java:340)
	at org.apache.ratis.thirdparty.io.netty.channel.nio.NioEventLoop.processSelectedKey(NioEventLoop.java:632)
	at org.apache.ratis.thirdparty.io.netty.channel.nio.NioEventLoop.processSelectedKeysOptimized(NioEventLoop.java:579)
	at org.apache.ratis.thirdparty.io.netty.channel.nio.NioEventLoop.processSelectedKeys(NioEventLoop.java:496)
	at org.apache.ratis.thirdparty.io.netty.channel.nio.NioEventLoop.run(NioEventLoop.java:458)
	at org.apache.ratis.thirdparty.io.netty.util.concurrent.SingleThreadEventExecutor$5.run(SingleThreadEventExecutor.java:897)
	at org.apache.ratis.thirdparty.io.netty.util.concurrent.FastThreadLocalRunnable.run(FastThreadLocalRunnable.java:30)
	... 1 more
Caused by: java.net.ConnectException: Connection refused
	... 11 more
2019-10-17 21:55:10,611 [grpc-default-executor-1] INFO  impl.RaftServerImpl (RaftServerImpl.java:setRole(184)) - 08d4cbaa-ffed-4411-a5fd-c4a38026aead@group-F967393F7C93: changes role from  FOLLOWER to FOLLOWER at term 217 for recognizeCandidate:d6dfcdd7-fc6e-4b51-b91e-b64503dadc5e
2019-10-17 21:55:10,612 [grpc-default-executor-1] INFO  impl.RoleInfo (RoleInfo.java:shutdownFollowerState(121)) - 08d4cbaa-ffed-4411-a5fd-c4a38026aead: shutdown FollowerState
2019-10-17 21:55:10,612 [grpc-default-executor-1] INFO  impl.RoleInfo (RoleInfo.java:updateAndGet(143)) - 08d4cbaa-ffed-4411-a5fd-c4a38026aead: start FollowerState
2019-10-17 21:55:10,612 [Thread-1991] INFO  impl.FollowerState (FollowerState.java:run(117)) - 08d4cbaa-ffed-4411-a5fd-c4a38026aead@group-F967393F7C93-FollowerState was interrupted: java.lang.InterruptedException: sleep interrupted
2019-10-17 21:55:10,625 [d6dfcdd7-fc6e-4b51-b91e-b64503dadc5e@group-F967393F7C93-LeaderElection222] INFO  impl.LeaderElection (LeaderElection.java:logAndReturn(56)) - d6dfcdd7-fc6e-4b51-b91e-b64503dadc5e@group-F967393F7C93-LeaderElection222: Election REJECTED; received 1 response(s) [d6dfcdd7-fc6e-4b51-b91e-b64503dadc5e<-08d4cbaa-ffed-4411-a5fd-c4a38026aead#0:FAIL-t217] and 1 exception(s); d6dfcdd7-fc6e-4b51-b91e-b64503dadc5e@group-F967393F7C93:t217, leader=null, voted=d6dfcdd7-fc6e-4b51-b91e-b64503dadc5e, raftlog=d6dfcdd7-fc6e-4b51-b91e-b64503dadc5e@group-F967393F7C93-SegmentedRaftLog:OPENED:c-1,f-1,i0, conf=-1: [08d4cbaa-ffed-4411-a5fd-c4a38026aead:192.168.157.223:33910, da15dfee-23f0-4dc4-ad77-c00156c49cfa:192.168.157.223:42172, d6dfcdd7-fc6e-4b51-b91e-b64503dadc5e:192.168.157.223:43575], old=null
2019-10-17 21:55:10,625 [d6dfcdd7-fc6e-4b51-b91e-b64503dadc5e@group-F967393F7C93-LeaderElection222] INFO  impl.LeaderElection (LogUtils.java:infoOrTrace(149)) -   Exception 0: {}
java.util.concurrent.ExecutionException: org.apache.ratis.thirdparty.io.grpc.StatusRuntimeException: UNAVAILABLE: io exception
	at java.util.concurrent.FutureTask.report(FutureTask.java:122)
	at java.util.concurrent.FutureTask.get(FutureTask.java:192)
	at org.apache.ratis.server.impl.LeaderElection.waitForResults(LeaderElection.java:259)
	at org.apache.ratis.server.impl.LeaderElection.askForVotes(LeaderElection.java:197)
	at org.apache.ratis.server.impl.LeaderElection.run(LeaderElection.java:133)
	at java.lang.Thread.run(Thread.java:748)
Caused by: org.apache.ratis.thirdparty.io.grpc.StatusRuntimeException: UNAVAILABLE: io exception
	at org.apache.ratis.thirdparty.io.grpc.stub.ClientCalls.toStatusRuntimeException(ClientCalls.java:233)
	at org.apache.ratis.thirdparty.io.grpc.stub.ClientCalls.getUnchecked(ClientCalls.java:214)
	at org.apache.ratis.thirdparty.io.grpc.stub.ClientCalls.blockingUnaryCall(ClientCalls.java:139)
	at org.apache.ratis.proto.grpc.RaftServerProtocolServiceGrpc$RaftServerProtocolServiceBlockingStub.requestVote(RaftServerProtocolServiceGrpc.java:265)
	at org.apache.ratis.grpc.server.GrpcServerProtocolClient.requestVote(GrpcServerProtocolClient.java:99)
	at org.apache.ratis.grpc.server.GrpcService.requestVote(GrpcService.java:204)
	at org.apache.ratis.server.impl.LeaderElection.lambda$submitRequests$1(LeaderElection.java:234)
	at java.util.concurrent.FutureTask.run(FutureTask.java:266)
	at java.util.concurrent.Executors$RunnableAdapter.call(Executors.java:511)
	at java.util.concurrent.FutureTask.run(FutureTask.java:266)
	at java.util.concurrent.ThreadPoolExecutor.runWorker(ThreadPoolExecutor.java:1149)
	at java.util.concurrent.ThreadPoolExecutor$Worker.run(ThreadPoolExecutor.java:624)
	... 1 more
Caused by: org.apache.ratis.thirdparty.io.netty.channel.AbstractChannel$AnnotatedConnectException: Connection refused: /192.168.157.223:42172
	at sun.nio.ch.SocketChannelImpl.checkConnect(Native Method)
	at sun.nio.ch.SocketChannelImpl.finishConnect(SocketChannelImpl.java:717)
	at org.apache.ratis.thirdparty.io.netty.channel.socket.nio.NioSocketChannel.doFinishConnect(NioSocketChannel.java:327)
	at org.apache.ratis.thirdparty.io.netty.channel.nio.AbstractNioChannel$AbstractNioUnsafe.finishConnect(AbstractNioChannel.java:340)
	at org.apache.ratis.thirdparty.io.netty.channel.nio.NioEventLoop.processSelectedKey(NioEventLoop.java:632)
	at org.apache.ratis.thirdparty.io.netty.channel.nio.NioEventLoop.processSelectedKeysOptimized(NioEventLoop.java:579)
	at org.apache.ratis.thirdparty.io.netty.channel.nio.NioEventLoop.processSelectedKeys(NioEventLoop.java:496)
	at org.apache.ratis.thirdparty.io.netty.channel.nio.NioEventLoop.run(NioEventLoop.java:458)
	at org.apache.ratis.thirdparty.io.netty.util.concurrent.SingleThreadEventExecutor$5.run(SingleThreadEventExecutor.java:897)
	at org.apache.ratis.thirdparty.io.netty.util.concurrent.FastThreadLocalRunnable.run(FastThreadLocalRunnable.java:30)
	... 1 more
Caused by: java.net.ConnectException: Connection refused
	... 11 more
2019-10-17 21:55:10,626 [d6dfcdd7-fc6e-4b51-b91e-b64503dadc5e@group-F967393F7C93-LeaderElection222] INFO  impl.RaftServerImpl (RaftServerImpl.java:setRole(184)) - d6dfcdd7-fc6e-4b51-b91e-b64503dadc5e@group-F967393F7C93: changes role from CANDIDATE to FOLLOWER at term 217 for DISCOVERED_A_NEW_TERM
2019-10-17 21:55:10,626 [d6dfcdd7-fc6e-4b51-b91e-b64503dadc5e@group-F967393F7C93-LeaderElection222] INFO  impl.RoleInfo (RoleInfo.java:shutdownLeaderElection(134)) - d6dfcdd7-fc6e-4b51-b91e-b64503dadc5e: shutdown LeaderElection
2019-10-17 21:55:10,626 [d6dfcdd7-fc6e-4b51-b91e-b64503dadc5e@group-F967393F7C93-LeaderElection222] INFO  impl.RoleInfo (RoleInfo.java:updateAndGet(143)) - d6dfcdd7-fc6e-4b51-b91e-b64503dadc5e: start FollowerState
2019-10-17 21:55:10,671 [Thread-1997] INFO  impl.FollowerState (FollowerState.java:run(108)) - d6dfcdd7-fc6e-4b51-b91e-b64503dadc5e@group-F967393F7C93-FollowerState: change to CANDIDATE, lastRpcTime:45ms, electionTimeout:45ms
2019-10-17 21:55:10,672 [Thread-1997] INFO  impl.RoleInfo (RoleInfo.java:shutdownFollowerState(121)) - d6dfcdd7-fc6e-4b51-b91e-b64503dadc5e: shutdown FollowerState
2019-10-17 21:55:10,672 [Thread-1997] INFO  impl.RaftServerImpl (RaftServerImpl.java:setRole(184)) - d6dfcdd7-fc6e-4b51-b91e-b64503dadc5e@group-F967393F7C93: changes role from  FOLLOWER to CANDIDATE at term 217 for changeToCandidate
2019-10-17 21:55:10,672 [Thread-1997] INFO  impl.RoleInfo (RoleInfo.java:updateAndGet(143)) - d6dfcdd7-fc6e-4b51-b91e-b64503dadc5e: start LeaderElection
2019-10-17 21:55:10,687 [d6dfcdd7-fc6e-4b51-b91e-b64503dadc5e@group-F967393F7C93-LeaderElection223] INFO  impl.LeaderElection (LeaderElection.java:askForVotes(178)) - d6dfcdd7-fc6e-4b51-b91e-b64503dadc5e@group-F967393F7C93-LeaderElection223: begin an election at term 218 for -1: [08d4cbaa-ffed-4411-a5fd-c4a38026aead:192.168.157.223:33910, da15dfee-23f0-4dc4-ad77-c00156c49cfa:192.168.157.223:42172, d6dfcdd7-fc6e-4b51-b91e-b64503dadc5e:192.168.157.223:43575], old=null
2019-10-17 21:55:10,688 [d6dfcdd7-fc6e-4b51-b91e-b64503dadc5e@group-F967393F7C93-LeaderElection223] INFO  impl.LeaderElection (LogUtils.java:infoOrTrace(149)) - d6dfcdd7-fc6e-4b51-b91e-b64503dadc5e@group-F967393F7C93-LeaderElection223 got exception when requesting votes: {}
java.util.concurrent.ExecutionException: org.apache.ratis.thirdparty.io.grpc.StatusRuntimeException: UNAVAILABLE: io exception
	at java.util.concurrent.FutureTask.report(FutureTask.java:122)
	at java.util.concurrent.FutureTask.get(FutureTask.java:192)
	at org.apache.ratis.server.impl.LeaderElection.waitForResults(LeaderElection.java:259)
	at org.apache.ratis.server.impl.LeaderElection.askForVotes(LeaderElection.java:197)
	at org.apache.ratis.server.impl.LeaderElection.run(LeaderElection.java:133)
	at java.lang.Thread.run(Thread.java:748)
Caused by: org.apache.ratis.thirdparty.io.grpc.StatusRuntimeException: UNAVAILABLE: io exception
	at org.apache.ratis.thirdparty.io.grpc.stub.ClientCalls.toStatusRuntimeException(ClientCalls.java:233)
	at org.apache.ratis.thirdparty.io.grpc.stub.ClientCalls.getUnchecked(ClientCalls.java:214)
	at org.apache.ratis.thirdparty.io.grpc.stub.ClientCalls.blockingUnaryCall(ClientCalls.java:139)
	at org.apache.ratis.proto.grpc.RaftServerProtocolServiceGrpc$RaftServerProtocolServiceBlockingStub.requestVote(RaftServerProtocolServiceGrpc.java:265)
	at org.apache.ratis.grpc.server.GrpcServerProtocolClient.requestVote(GrpcServerProtocolClient.java:99)
	at org.apache.ratis.grpc.server.GrpcService.requestVote(GrpcService.java:204)
	at org.apache.ratis.server.impl.LeaderElection.lambda$submitRequests$1(LeaderElection.java:234)
	at java.util.concurrent.FutureTask.run(FutureTask.java:266)
	at java.util.concurrent.Executors$RunnableAdapter.call(Executors.java:511)
	at java.util.concurrent.FutureTask.run(FutureTask.java:266)
	at java.util.concurrent.ThreadPoolExecutor.runWorker(ThreadPoolExecutor.java:1149)
	at java.util.concurrent.ThreadPoolExecutor$Worker.run(ThreadPoolExecutor.java:624)
	... 1 more
Caused by: org.apache.ratis.thirdparty.io.netty.channel.AbstractChannel$AnnotatedConnectException: Connection refused: /192.168.157.223:42172
	at sun.nio.ch.SocketChannelImpl.checkConnect(Native Method)
	at sun.nio.ch.SocketChannelImpl.finishConnect(SocketChannelImpl.java:717)
	at org.apache.ratis.thirdparty.io.netty.channel.socket.nio.NioSocketChannel.doFinishConnect(NioSocketChannel.java:327)
	at org.apache.ratis.thirdparty.io.netty.channel.nio.AbstractNioChannel$AbstractNioUnsafe.finishConnect(AbstractNioChannel.java:340)
	at org.apache.ratis.thirdparty.io.netty.channel.nio.NioEventLoop.processSelectedKey(NioEventLoop.java:632)
	at org.apache.ratis.thirdparty.io.netty.channel.nio.NioEventLoop.processSelectedKeysOptimized(NioEventLoop.java:579)
	at org.apache.ratis.thirdparty.io.netty.channel.nio.NioEventLoop.processSelectedKeys(NioEventLoop.java:496)
	at org.apache.ratis.thirdparty.io.netty.channel.nio.NioEventLoop.run(NioEventLoop.java:458)
	at org.apache.ratis.thirdparty.io.netty.util.concurrent.SingleThreadEventExecutor$5.run(SingleThreadEventExecutor.java:897)
	at org.apache.ratis.thirdparty.io.netty.util.concurrent.FastThreadLocalRunnable.run(FastThreadLocalRunnable.java:30)
	... 1 more
Caused by: java.net.ConnectException: Connection refused
	... 11 more
2019-10-17 21:55:10,689 [grpc-default-executor-1] INFO  impl.RaftServerImpl (RaftServerImpl.java:setRole(184)) - 08d4cbaa-ffed-4411-a5fd-c4a38026aead@group-F967393F7C93: changes role from  FOLLOWER to FOLLOWER at term 218 for recognizeCandidate:d6dfcdd7-fc6e-4b51-b91e-b64503dadc5e
2019-10-17 21:55:10,690 [grpc-default-executor-1] INFO  impl.RoleInfo (RoleInfo.java:shutdownFollowerState(121)) - 08d4cbaa-ffed-4411-a5fd-c4a38026aead: shutdown FollowerState
2019-10-17 21:55:10,690 [grpc-default-executor-1] INFO  impl.RoleInfo (RoleInfo.java:updateAndGet(143)) - 08d4cbaa-ffed-4411-a5fd-c4a38026aead: start FollowerState
2019-10-17 21:55:10,690 [Thread-1996] INFO  impl.FollowerState (FollowerState.java:run(117)) - 08d4cbaa-ffed-4411-a5fd-c4a38026aead@group-F967393F7C93-FollowerState was interrupted: java.lang.InterruptedException: sleep interrupted
2019-10-17 21:55:10,704 [d6dfcdd7-fc6e-4b51-b91e-b64503dadc5e@group-F967393F7C93-LeaderElection223] INFO  impl.LeaderElection (LeaderElection.java:logAndReturn(56)) - d6dfcdd7-fc6e-4b51-b91e-b64503dadc5e@group-F967393F7C93-LeaderElection223: Election REJECTED; received 1 response(s) [d6dfcdd7-fc6e-4b51-b91e-b64503dadc5e<-08d4cbaa-ffed-4411-a5fd-c4a38026aead#0:FAIL-t218] and 1 exception(s); d6dfcdd7-fc6e-4b51-b91e-b64503dadc5e@group-F967393F7C93:t218, leader=null, voted=d6dfcdd7-fc6e-4b51-b91e-b64503dadc5e, raftlog=d6dfcdd7-fc6e-4b51-b91e-b64503dadc5e@group-F967393F7C93-SegmentedRaftLog:OPENED:c-1,f-1,i0, conf=-1: [08d4cbaa-ffed-4411-a5fd-c4a38026aead:192.168.157.223:33910, da15dfee-23f0-4dc4-ad77-c00156c49cfa:192.168.157.223:42172, d6dfcdd7-fc6e-4b51-b91e-b64503dadc5e:192.168.157.223:43575], old=null
2019-10-17 21:55:10,705 [d6dfcdd7-fc6e-4b51-b91e-b64503dadc5e@group-F967393F7C93-LeaderElection223] INFO  impl.LeaderElection (LogUtils.java:infoOrTrace(149)) -   Exception 0: {}
java.util.concurrent.ExecutionException: org.apache.ratis.thirdparty.io.grpc.StatusRuntimeException: UNAVAILABLE: io exception
	at java.util.concurrent.FutureTask.report(FutureTask.java:122)
	at java.util.concurrent.FutureTask.get(FutureTask.java:192)
	at org.apache.ratis.server.impl.LeaderElection.waitForResults(LeaderElection.java:259)
	at org.apache.ratis.server.impl.LeaderElection.askForVotes(LeaderElection.java:197)
	at org.apache.ratis.server.impl.LeaderElection.run(LeaderElection.java:133)
	at java.lang.Thread.run(Thread.java:748)
Caused by: org.apache.ratis.thirdparty.io.grpc.StatusRuntimeException: UNAVAILABLE: io exception
	at org.apache.ratis.thirdparty.io.grpc.stub.ClientCalls.toStatusRuntimeException(ClientCalls.java:233)
	at org.apache.ratis.thirdparty.io.grpc.stub.ClientCalls.getUnchecked(ClientCalls.java:214)
	at org.apache.ratis.thirdparty.io.grpc.stub.ClientCalls.blockingUnaryCall(ClientCalls.java:139)
	at org.apache.ratis.proto.grpc.RaftServerProtocolServiceGrpc$RaftServerProtocolServiceBlockingStub.requestVote(RaftServerProtocolServiceGrpc.java:265)
	at org.apache.ratis.grpc.server.GrpcServerProtocolClient.requestVote(GrpcServerProtocolClient.java:99)
	at org.apache.ratis.grpc.server.GrpcService.requestVote(GrpcService.java:204)
	at org.apache.ratis.server.impl.LeaderElection.lambda$submitRequests$1(LeaderElection.java:234)
	at java.util.concurrent.FutureTask.run(FutureTask.java:266)
	at java.util.concurrent.Executors$RunnableAdapter.call(Executors.java:511)
	at java.util.concurrent.FutureTask.run(FutureTask.java:266)
	at java.util.concurrent.ThreadPoolExecutor.runWorker(ThreadPoolExecutor.java:1149)
	at java.util.concurrent.ThreadPoolExecutor$Worker.run(ThreadPoolExecutor.java:624)
	... 1 more
Caused by: org.apache.ratis.thirdparty.io.netty.channel.AbstractChannel$AnnotatedConnectException: Connection refused: /192.168.157.223:42172
	at sun.nio.ch.SocketChannelImpl.checkConnect(Native Method)
	at sun.nio.ch.SocketChannelImpl.finishConnect(SocketChannelImpl.java:717)
	at org.apache.ratis.thirdparty.io.netty.channel.socket.nio.NioSocketChannel.doFinishConnect(NioSocketChannel.java:327)
	at org.apache.ratis.thirdparty.io.netty.channel.nio.AbstractNioChannel$AbstractNioUnsafe.finishConnect(AbstractNioChannel.java:340)
	at org.apache.ratis.thirdparty.io.netty.channel.nio.NioEventLoop.processSelectedKey(NioEventLoop.java:632)
	at org.apache.ratis.thirdparty.io.netty.channel.nio.NioEventLoop.processSelectedKeysOptimized(NioEventLoop.java:579)
	at org.apache.ratis.thirdparty.io.netty.channel.nio.NioEventLoop.processSelectedKeys(NioEventLoop.java:496)
	at org.apache.ratis.thirdparty.io.netty.channel.nio.NioEventLoop.run(NioEventLoop.java:458)
	at org.apache.ratis.thirdparty.io.netty.util.concurrent.SingleThreadEventExecutor$5.run(SingleThreadEventExecutor.java:897)
	at org.apache.ratis.thirdparty.io.netty.util.concurrent.FastThreadLocalRunnable.run(FastThreadLocalRunnable.java:30)
	... 1 more
Caused by: java.net.ConnectException: Connection refused
	... 11 more
2019-10-17 21:55:10,705 [d6dfcdd7-fc6e-4b51-b91e-b64503dadc5e@group-F967393F7C93-LeaderElection223] INFO  impl.RaftServerImpl (RaftServerImpl.java:setRole(184)) - d6dfcdd7-fc6e-4b51-b91e-b64503dadc5e@group-F967393F7C93: changes role from CANDIDATE to FOLLOWER at term 218 for DISCOVERED_A_NEW_TERM
2019-10-17 21:55:10,705 [d6dfcdd7-fc6e-4b51-b91e-b64503dadc5e@group-F967393F7C93-LeaderElection223] INFO  impl.RoleInfo (RoleInfo.java:shutdownLeaderElection(134)) - d6dfcdd7-fc6e-4b51-b91e-b64503dadc5e: shutdown LeaderElection
2019-10-17 21:55:10,705 [d6dfcdd7-fc6e-4b51-b91e-b64503dadc5e@group-F967393F7C93-LeaderElection223] INFO  impl.RoleInfo (RoleInfo.java:updateAndGet(143)) - d6dfcdd7-fc6e-4b51-b91e-b64503dadc5e: start FollowerState
2019-10-17 21:55:10,746 [Thread-2002] INFO  impl.FollowerState (FollowerState.java:run(108)) - d6dfcdd7-fc6e-4b51-b91e-b64503dadc5e@group-F967393F7C93-FollowerState: change to CANDIDATE, lastRpcTime:40ms, electionTimeout:40ms
2019-10-17 21:55:10,746 [Thread-2002] INFO  impl.RoleInfo (RoleInfo.java:shutdownFollowerState(121)) - d6dfcdd7-fc6e-4b51-b91e-b64503dadc5e: shutdown FollowerState
2019-10-17 21:55:10,746 [Thread-2002] INFO  impl.RaftServerImpl (RaftServerImpl.java:setRole(184)) - d6dfcdd7-fc6e-4b51-b91e-b64503dadc5e@group-F967393F7C93: changes role from  FOLLOWER to CANDIDATE at term 218 for changeToCandidate
2019-10-17 21:55:10,746 [Thread-2002] INFO  impl.RoleInfo (RoleInfo.java:updateAndGet(143)) - d6dfcdd7-fc6e-4b51-b91e-b64503dadc5e: start LeaderElection
2019-10-17 21:55:10,759 [d6dfcdd7-fc6e-4b51-b91e-b64503dadc5e@group-F967393F7C93-LeaderElection224] INFO  impl.LeaderElection (LeaderElection.java:askForVotes(178)) - d6dfcdd7-fc6e-4b51-b91e-b64503dadc5e@group-F967393F7C93-LeaderElection224: begin an election at term 219 for -1: [08d4cbaa-ffed-4411-a5fd-c4a38026aead:192.168.157.223:33910, da15dfee-23f0-4dc4-ad77-c00156c49cfa:192.168.157.223:42172, d6dfcdd7-fc6e-4b51-b91e-b64503dadc5e:192.168.157.223:43575], old=null
2019-10-17 21:55:10,759 [d6dfcdd7-fc6e-4b51-b91e-b64503dadc5e@group-F967393F7C93-LeaderElection224] INFO  impl.LeaderElection (LeaderElection.java:logAndReturn(56)) - d6dfcdd7-fc6e-4b51-b91e-b64503dadc5e@group-F967393F7C93-LeaderElection224: Election TIMEOUT; received 0 response(s) [] and 0 exception(s); d6dfcdd7-fc6e-4b51-b91e-b64503dadc5e@group-F967393F7C93:t219, leader=null, voted=d6dfcdd7-fc6e-4b51-b91e-b64503dadc5e, raftlog=d6dfcdd7-fc6e-4b51-b91e-b64503dadc5e@group-F967393F7C93-SegmentedRaftLog:OPENED:c-1,f-1,i0, conf=-1: [08d4cbaa-ffed-4411-a5fd-c4a38026aead:192.168.157.223:33910, da15dfee-23f0-4dc4-ad77-c00156c49cfa:192.168.157.223:42172, d6dfcdd7-fc6e-4b51-b91e-b64503dadc5e:192.168.157.223:43575], old=null
2019-10-17 21:55:10,761 [grpc-default-executor-1] INFO  impl.RaftServerImpl (RaftServerImpl.java:setRole(184)) - 08d4cbaa-ffed-4411-a5fd-c4a38026aead@group-F967393F7C93: changes role from  FOLLOWER to FOLLOWER at term 219 for recognizeCandidate:d6dfcdd7-fc6e-4b51-b91e-b64503dadc5e
2019-10-17 21:55:10,761 [grpc-default-executor-1] INFO  impl.RoleInfo (RoleInfo.java:shutdownFollowerState(121)) - 08d4cbaa-ffed-4411-a5fd-c4a38026aead: shutdown FollowerState
2019-10-17 21:55:10,761 [Thread-2001] INFO  impl.FollowerState (FollowerState.java:run(117)) - 08d4cbaa-ffed-4411-a5fd-c4a38026aead@group-F967393F7C93-FollowerState was interrupted: java.lang.InterruptedException: sleep interrupted
2019-10-17 21:55:10,761 [grpc-default-executor-1] INFO  impl.RoleInfo (RoleInfo.java:updateAndGet(143)) - 08d4cbaa-ffed-4411-a5fd-c4a38026aead: start FollowerState
2019-10-17 21:55:10,773 [d6dfcdd7-fc6e-4b51-b91e-b64503dadc5e@group-F967393F7C93-LeaderElection224] INFO  impl.LeaderElection (LeaderElection.java:askForVotes(178)) - d6dfcdd7-fc6e-4b51-b91e-b64503dadc5e@group-F967393F7C93-LeaderElection224: begin an election at term 220 for -1: [08d4cbaa-ffed-4411-a5fd-c4a38026aead:192.168.157.223:33910, da15dfee-23f0-4dc4-ad77-c00156c49cfa:192.168.157.223:42172, d6dfcdd7-fc6e-4b51-b91e-b64503dadc5e:192.168.157.223:43575], old=null
2019-10-17 21:55:10,774 [d6dfcdd7-fc6e-4b51-b91e-b64503dadc5e@group-F967393F7C93-LeaderElection224] INFO  impl.LeaderElection (LogUtils.java:infoOrTrace(149)) - d6dfcdd7-fc6e-4b51-b91e-b64503dadc5e@group-F967393F7C93-LeaderElection224 got exception when requesting votes: {}
java.util.concurrent.ExecutionException: org.apache.ratis.thirdparty.io.grpc.StatusRuntimeException: UNAVAILABLE: io exception
	at java.util.concurrent.FutureTask.report(FutureTask.java:122)
	at java.util.concurrent.FutureTask.get(FutureTask.java:192)
	at org.apache.ratis.server.impl.LeaderElection.waitForResults(LeaderElection.java:259)
	at org.apache.ratis.server.impl.LeaderElection.askForVotes(LeaderElection.java:197)
	at org.apache.ratis.server.impl.LeaderElection.run(LeaderElection.java:133)
	at java.lang.Thread.run(Thread.java:748)
Caused by: org.apache.ratis.thirdparty.io.grpc.StatusRuntimeException: UNAVAILABLE: io exception
	at org.apache.ratis.thirdparty.io.grpc.stub.ClientCalls.toStatusRuntimeException(ClientCalls.java:233)
	at org.apache.ratis.thirdparty.io.grpc.stub.ClientCalls.getUnchecked(ClientCalls.java:214)
	at org.apache.ratis.thirdparty.io.grpc.stub.ClientCalls.blockingUnaryCall(ClientCalls.java:139)
	at org.apache.ratis.proto.grpc.RaftServerProtocolServiceGrpc$RaftServerProtocolServiceBlockingStub.requestVote(RaftServerProtocolServiceGrpc.java:265)
	at org.apache.ratis.grpc.server.GrpcServerProtocolClient.requestVote(GrpcServerProtocolClient.java:99)
	at org.apache.ratis.grpc.server.GrpcService.requestVote(GrpcService.java:204)
	at org.apache.ratis.server.impl.LeaderElection.lambda$submitRequests$1(LeaderElection.java:234)
	at java.util.concurrent.FutureTask.run(FutureTask.java:266)
	at java.util.concurrent.Executors$RunnableAdapter.call(Executors.java:511)
	at java.util.concurrent.FutureTask.run(FutureTask.java:266)
	at java.util.concurrent.ThreadPoolExecutor.runWorker(ThreadPoolExecutor.java:1149)
	at java.util.concurrent.ThreadPoolExecutor$Worker.run(ThreadPoolExecutor.java:624)
	... 1 more
Caused by: org.apache.ratis.thirdparty.io.netty.channel.AbstractChannel$AnnotatedConnectException: Connection refused: /192.168.157.223:42172
	at sun.nio.ch.SocketChannelImpl.checkConnect(Native Method)
	at sun.nio.ch.SocketChannelImpl.finishConnect(SocketChannelImpl.java:717)
	at org.apache.ratis.thirdparty.io.netty.channel.socket.nio.NioSocketChannel.doFinishConnect(NioSocketChannel.java:327)
	at org.apache.ratis.thirdparty.io.netty.channel.nio.AbstractNioChannel$AbstractNioUnsafe.finishConnect(AbstractNioChannel.java:340)
	at org.apache.ratis.thirdparty.io.netty.channel.nio.NioEventLoop.processSelectedKey(NioEventLoop.java:632)
	at org.apache.ratis.thirdparty.io.netty.channel.nio.NioEventLoop.processSelectedKeysOptimized(NioEventLoop.java:579)
	at org.apache.ratis.thirdparty.io.netty.channel.nio.NioEventLoop.processSelectedKeys(NioEventLoop.java:496)
	at org.apache.ratis.thirdparty.io.netty.channel.nio.NioEventLoop.run(NioEventLoop.java:458)
	at org.apache.ratis.thirdparty.io.netty.util.concurrent.SingleThreadEventExecutor$5.run(SingleThreadEventExecutor.java:897)
	at org.apache.ratis.thirdparty.io.netty.util.concurrent.FastThreadLocalRunnable.run(FastThreadLocalRunnable.java:30)
	... 1 more
Caused by: java.net.ConnectException: Connection refused
	... 11 more
2019-10-17 21:55:10,775 [grpc-default-executor-1] INFO  impl.RaftServerImpl (RaftServerImpl.java:setRole(184)) - 08d4cbaa-ffed-4411-a5fd-c4a38026aead@group-F967393F7C93: changes role from  FOLLOWER to FOLLOWER at term 220 for recognizeCandidate:d6dfcdd7-fc6e-4b51-b91e-b64503dadc5e
2019-10-17 21:55:10,775 [grpc-default-executor-1] INFO  impl.RoleInfo (RoleInfo.java:shutdownFollowerState(121)) - 08d4cbaa-ffed-4411-a5fd-c4a38026aead: shutdown FollowerState
2019-10-17 21:55:10,775 [java.util.concurrent.ThreadPoolExecutor$Worker@71aa17a1[State = -1, empty queue]] WARN  server.GrpcLogAppender (GrpcLogAppender.java:timeoutAppendRequest(209)) - de567563-d0dd-4cf2-91b7-f72627909699@group-3097D7458558->db0af43e-c62e-4c1d-affa-ffdb4faae2f8-GrpcLogAppender: appendEntries Timeout, request=de567563-d0dd-4cf2-91b7-f72627909699->db0af43e-c62e-4c1d-affa-ffdb4faae2f8#51-t10, previous=(t:10, i:4), leaderCommit=4, initializing? false, entries: <empty>
2019-10-17 21:55:10,775 [Thread-2006] INFO  impl.FollowerState (FollowerState.java:run(117)) - 08d4cbaa-ffed-4411-a5fd-c4a38026aead@group-F967393F7C93-FollowerState was interrupted: java.lang.InterruptedException: sleep interrupted
2019-10-17 21:55:10,775 [grpc-default-executor-1] INFO  impl.RoleInfo (RoleInfo.java:updateAndGet(143)) - 08d4cbaa-ffed-4411-a5fd-c4a38026aead: start FollowerState
2019-10-17 21:55:10,779 [d6dfcdd7-fc6e-4b51-b91e-b64503dadc5e@group-F967393F7C93-LeaderElection224] INFO  impl.LeaderElection (LeaderElection.java:logAndReturn(56)) - d6dfcdd7-fc6e-4b51-b91e-b64503dadc5e@group-F967393F7C93-LeaderElection224: Election REJECTED; received 1 response(s) [d6dfcdd7-fc6e-4b51-b91e-b64503dadc5e<-08d4cbaa-ffed-4411-a5fd-c4a38026aead#0:FAIL-t220] and 1 exception(s); d6dfcdd7-fc6e-4b51-b91e-b64503dadc5e@group-F967393F7C93:t220, leader=null, voted=d6dfcdd7-fc6e-4b51-b91e-b64503dadc5e, raftlog=d6dfcdd7-fc6e-4b51-b91e-b64503dadc5e@group-F967393F7C93-SegmentedRaftLog:OPENED:c-1,f-1,i0, conf=-1: [08d4cbaa-ffed-4411-a5fd-c4a38026aead:192.168.157.223:33910, da15dfee-23f0-4dc4-ad77-c00156c49cfa:192.168.157.223:42172, d6dfcdd7-fc6e-4b51-b91e-b64503dadc5e:192.168.157.223:43575], old=null
2019-10-17 21:55:10,779 [d6dfcdd7-fc6e-4b51-b91e-b64503dadc5e@group-F967393F7C93-LeaderElection224] INFO  impl.LeaderElection (LogUtils.java:infoOrTrace(149)) -   Exception 0: {}
java.util.concurrent.ExecutionException: org.apache.ratis.thirdparty.io.grpc.StatusRuntimeException: UNAVAILABLE: io exception
	at java.util.concurrent.FutureTask.report(FutureTask.java:122)
	at java.util.concurrent.FutureTask.get(FutureTask.java:192)
	at org.apache.ratis.server.impl.LeaderElection.waitForResults(LeaderElection.java:259)
	at org.apache.ratis.server.impl.LeaderElection.askForVotes(LeaderElection.java:197)
	at org.apache.ratis.server.impl.LeaderElection.run(LeaderElection.java:133)
	at java.lang.Thread.run(Thread.java:748)
Caused by: org.apache.ratis.thirdparty.io.grpc.StatusRuntimeException: UNAVAILABLE: io exception
	at org.apache.ratis.thirdparty.io.grpc.stub.ClientCalls.toStatusRuntimeException(ClientCalls.java:233)
	at org.apache.ratis.thirdparty.io.grpc.stub.ClientCalls.getUnchecked(ClientCalls.java:214)
	at org.apache.ratis.thirdparty.io.grpc.stub.ClientCalls.blockingUnaryCall(ClientCalls.java:139)
	at org.apache.ratis.proto.grpc.RaftServerProtocolServiceGrpc$RaftServerProtocolServiceBlockingStub.requestVote(RaftServerProtocolServiceGrpc.java:265)
	at org.apache.ratis.grpc.server.GrpcServerProtocolClient.requestVote(GrpcServerProtocolClient.java:99)
	at org.apache.ratis.grpc.server.GrpcService.requestVote(GrpcService.java:204)
	at org.apache.ratis.server.impl.LeaderElection.lambda$submitRequests$1(LeaderElection.java:234)
	at java.util.concurrent.FutureTask.run(FutureTask.java:266)
	at java.util.concurrent.Executors$RunnableAdapter.call(Executors.java:511)
	at java.util.concurrent.FutureTask.run(FutureTask.java:266)
	at java.util.concurrent.ThreadPoolExecutor.runWorker(ThreadPoolExecutor.java:1149)
	at java.util.concurrent.ThreadPoolExecutor$Worker.run(ThreadPoolExecutor.java:624)
	... 1 more
Caused by: org.apache.ratis.thirdparty.io.netty.channel.AbstractChannel$AnnotatedConnectException: Connection refused: /192.168.157.223:42172
	at sun.nio.ch.SocketChannelImpl.checkConnect(Native Method)
	at sun.nio.ch.SocketChannelImpl.finishConnect(SocketChannelImpl.java:717)
	at org.apache.ratis.thirdparty.io.netty.channel.socket.nio.NioSocketChannel.doFinishConnect(NioSocketChannel.java:327)
	at org.apache.ratis.thirdparty.io.netty.channel.nio.AbstractNioChannel$AbstractNioUnsafe.finishConnect(AbstractNioChannel.java:340)
	at org.apache.ratis.thirdparty.io.netty.channel.nio.NioEventLoop.processSelectedKey(NioEventLoop.java:632)
	at org.apache.ratis.thirdparty.io.netty.channel.nio.NioEventLoop.processSelectedKeysOptimized(NioEventLoop.java:579)
	at org.apache.ratis.thirdparty.io.netty.channel.nio.NioEventLoop.processSelectedKeys(NioEventLoop.java:496)
	at org.apache.ratis.thirdparty.io.netty.channel.nio.NioEventLoop.run(NioEventLoop.java:458)
	at org.apache.ratis.thirdparty.io.netty.util.concurrent.SingleThreadEventExecutor$5.run(SingleThreadEventExecutor.java:897)
	at org.apache.ratis.thirdparty.io.netty.util.concurrent.FastThreadLocalRunnable.run(FastThreadLocalRunnable.java:30)
	... 1 more
Caused by: java.net.ConnectException: Connection refused
	... 11 more
2019-10-17 21:55:10,780 [d6dfcdd7-fc6e-4b51-b91e-b64503dadc5e@group-F967393F7C93-LeaderElection224] INFO  impl.RaftServerImpl (RaftServerImpl.java:setRole(184)) - d6dfcdd7-fc6e-4b51-b91e-b64503dadc5e@group-F967393F7C93: changes role from CANDIDATE to FOLLOWER at term 220 for DISCOVERED_A_NEW_TERM
2019-10-17 21:55:10,780 [d6dfcdd7-fc6e-4b51-b91e-b64503dadc5e@group-F967393F7C93-LeaderElection224] INFO  impl.RoleInfo (RoleInfo.java:shutdownLeaderElection(134)) - d6dfcdd7-fc6e-4b51-b91e-b64503dadc5e: shutdown LeaderElection
2019-10-17 21:55:10,780 [d6dfcdd7-fc6e-4b51-b91e-b64503dadc5e@group-F967393F7C93-LeaderElection224] INFO  impl.RoleInfo (RoleInfo.java:updateAndGet(143)) - d6dfcdd7-fc6e-4b51-b91e-b64503dadc5e: start FollowerState
2019-10-17 21:55:10,813 [Thread-2010] INFO  impl.FollowerState (FollowerState.java:run(108)) - d6dfcdd7-fc6e-4b51-b91e-b64503dadc5e@group-F967393F7C93-FollowerState: change to CANDIDATE, lastRpcTime:33ms, electionTimeout:33ms
2019-10-17 21:55:10,813 [Thread-2010] INFO  impl.RoleInfo (RoleInfo.java:shutdownFollowerState(121)) - d6dfcdd7-fc6e-4b51-b91e-b64503dadc5e: shutdown FollowerState
2019-10-17 21:55:10,814 [Thread-2010] INFO  impl.RaftServerImpl (RaftServerImpl.java:setRole(184)) - d6dfcdd7-fc6e-4b51-b91e-b64503dadc5e@group-F967393F7C93: changes role from  FOLLOWER to CANDIDATE at term 220 for changeToCandidate
2019-10-17 21:55:10,814 [Thread-2010] INFO  impl.RoleInfo (RoleInfo.java:updateAndGet(143)) - d6dfcdd7-fc6e-4b51-b91e-b64503dadc5e: start LeaderElection
2019-10-17 21:55:10,827 [d6dfcdd7-fc6e-4b51-b91e-b64503dadc5e@group-F967393F7C93-LeaderElection225] INFO  impl.LeaderElection (LeaderElection.java:askForVotes(178)) - d6dfcdd7-fc6e-4b51-b91e-b64503dadc5e@group-F967393F7C93-LeaderElection225: begin an election at term 221 for -1: [08d4cbaa-ffed-4411-a5fd-c4a38026aead:192.168.157.223:33910, da15dfee-23f0-4dc4-ad77-c00156c49cfa:192.168.157.223:42172, d6dfcdd7-fc6e-4b51-b91e-b64503dadc5e:192.168.157.223:43575], old=null
2019-10-17 21:55:10,828 [d6dfcdd7-fc6e-4b51-b91e-b64503dadc5e@group-F967393F7C93-LeaderElection225] INFO  impl.LeaderElection (LogUtils.java:infoOrTrace(149)) - d6dfcdd7-fc6e-4b51-b91e-b64503dadc5e@group-F967393F7C93-LeaderElection225 got exception when requesting votes: {}
java.util.concurrent.ExecutionException: org.apache.ratis.thirdparty.io.grpc.StatusRuntimeException: UNAVAILABLE: io exception
	at java.util.concurrent.FutureTask.report(FutureTask.java:122)
	at java.util.concurrent.FutureTask.get(FutureTask.java:192)
	at org.apache.ratis.server.impl.LeaderElection.waitForResults(LeaderElection.java:259)
	at org.apache.ratis.server.impl.LeaderElection.askForVotes(LeaderElection.java:197)
	at org.apache.ratis.server.impl.LeaderElection.run(LeaderElection.java:133)
	at java.lang.Thread.run(Thread.java:748)
Caused by: org.apache.ratis.thirdparty.io.grpc.StatusRuntimeException: UNAVAILABLE: io exception
	at org.apache.ratis.thirdparty.io.grpc.stub.ClientCalls.toStatusRuntimeException(ClientCalls.java:233)
	at org.apache.ratis.thirdparty.io.grpc.stub.ClientCalls.getUnchecked(ClientCalls.java:214)
	at org.apache.ratis.thirdparty.io.grpc.stub.ClientCalls.blockingUnaryCall(ClientCalls.java:139)
	at org.apache.ratis.proto.grpc.RaftServerProtocolServiceGrpc$RaftServerProtocolServiceBlockingStub.requestVote(RaftServerProtocolServiceGrpc.java:265)
	at org.apache.ratis.grpc.server.GrpcServerProtocolClient.requestVote(GrpcServerProtocolClient.java:99)
	at org.apache.ratis.grpc.server.GrpcService.requestVote(GrpcService.java:204)
	at org.apache.ratis.server.impl.LeaderElection.lambda$submitRequests$1(LeaderElection.java:234)
	at java.util.concurrent.FutureTask.run(FutureTask.java:266)
	at java.util.concurrent.Executors$RunnableAdapter.call(Executors.java:511)
	at java.util.concurrent.FutureTask.run(FutureTask.java:266)
	at java.util.concurrent.ThreadPoolExecutor.runWorker(ThreadPoolExecutor.java:1149)
	at java.util.concurrent.ThreadPoolExecutor$Worker.run(ThreadPoolExecutor.java:624)
	... 1 more
Caused by: org.apache.ratis.thirdparty.io.netty.channel.AbstractChannel$AnnotatedConnectException: Connection refused: /192.168.157.223:42172
	at sun.nio.ch.SocketChannelImpl.checkConnect(Native Method)
	at sun.nio.ch.SocketChannelImpl.finishConnect(SocketChannelImpl.java:717)
	at org.apache.ratis.thirdparty.io.netty.channel.socket.nio.NioSocketChannel.doFinishConnect(NioSocketChannel.java:327)
	at org.apache.ratis.thirdparty.io.netty.channel.nio.AbstractNioChannel$AbstractNioUnsafe.finishConnect(AbstractNioChannel.java:340)
	at org.apache.ratis.thirdparty.io.netty.channel.nio.NioEventLoop.processSelectedKey(NioEventLoop.java:632)
	at org.apache.ratis.thirdparty.io.netty.channel.nio.NioEventLoop.processSelectedKeysOptimized(NioEventLoop.java:579)
	at org.apache.ratis.thirdparty.io.netty.channel.nio.NioEventLoop.processSelectedKeys(NioEventLoop.java:496)
	at org.apache.ratis.thirdparty.io.netty.channel.nio.NioEventLoop.run(NioEventLoop.java:458)
	at org.apache.ratis.thirdparty.io.netty.util.concurrent.SingleThreadEventExecutor$5.run(SingleThreadEventExecutor.java:897)
	at org.apache.ratis.thirdparty.io.netty.util.concurrent.FastThreadLocalRunnable.run(FastThreadLocalRunnable.java:30)
	... 1 more
Caused by: java.net.ConnectException: Connection refused
	... 11 more
2019-10-17 21:55:10,828 [grpc-default-executor-1] INFO  impl.RaftServerImpl (RaftServerImpl.java:setRole(184)) - 08d4cbaa-ffed-4411-a5fd-c4a38026aead@group-F967393F7C93: changes role from  FOLLOWER to FOLLOWER at term 221 for recognizeCandidate:d6dfcdd7-fc6e-4b51-b91e-b64503dadc5e
2019-10-17 21:55:10,829 [grpc-default-executor-1] INFO  impl.RoleInfo (RoleInfo.java:shutdownFollowerState(121)) - 08d4cbaa-ffed-4411-a5fd-c4a38026aead: shutdown FollowerState
2019-10-17 21:55:10,829 [grpc-default-executor-1] INFO  impl.RoleInfo (RoleInfo.java:updateAndGet(143)) - 08d4cbaa-ffed-4411-a5fd-c4a38026aead: start FollowerState
2019-10-17 21:55:10,829 [Thread-2009] INFO  impl.FollowerState (FollowerState.java:run(117)) - 08d4cbaa-ffed-4411-a5fd-c4a38026aead@group-F967393F7C93-FollowerState was interrupted: java.lang.InterruptedException: sleep interrupted
2019-10-17 21:55:10,842 [d6dfcdd7-fc6e-4b51-b91e-b64503dadc5e@group-F967393F7C93-LeaderElection225] INFO  impl.LeaderElection (LeaderElection.java:logAndReturn(56)) - d6dfcdd7-fc6e-4b51-b91e-b64503dadc5e@group-F967393F7C93-LeaderElection225: Election REJECTED; received 1 response(s) [d6dfcdd7-fc6e-4b51-b91e-b64503dadc5e<-08d4cbaa-ffed-4411-a5fd-c4a38026aead#0:FAIL-t221] and 1 exception(s); d6dfcdd7-fc6e-4b51-b91e-b64503dadc5e@group-F967393F7C93:t221, leader=null, voted=d6dfcdd7-fc6e-4b51-b91e-b64503dadc5e, raftlog=d6dfcdd7-fc6e-4b51-b91e-b64503dadc5e@group-F967393F7C93-SegmentedRaftLog:OPENED:c-1,f-1,i0, conf=-1: [08d4cbaa-ffed-4411-a5fd-c4a38026aead:192.168.157.223:33910, da15dfee-23f0-4dc4-ad77-c00156c49cfa:192.168.157.223:42172, d6dfcdd7-fc6e-4b51-b91e-b64503dadc5e:192.168.157.223:43575], old=null
2019-10-17 21:55:10,842 [d6dfcdd7-fc6e-4b51-b91e-b64503dadc5e@group-F967393F7C93-LeaderElection225] INFO  impl.LeaderElection (LogUtils.java:infoOrTrace(149)) -   Exception 0: {}
java.util.concurrent.ExecutionException: org.apache.ratis.thirdparty.io.grpc.StatusRuntimeException: UNAVAILABLE: io exception
	at java.util.concurrent.FutureTask.report(FutureTask.java:122)
	at java.util.concurrent.FutureTask.get(FutureTask.java:192)
	at org.apache.ratis.server.impl.LeaderElection.waitForResults(LeaderElection.java:259)
	at org.apache.ratis.server.impl.LeaderElection.askForVotes(LeaderElection.java:197)
	at org.apache.ratis.server.impl.LeaderElection.run(LeaderElection.java:133)
	at java.lang.Thread.run(Thread.java:748)
Caused by: org.apache.ratis.thirdparty.io.grpc.StatusRuntimeException: UNAVAILABLE: io exception
	at org.apache.ratis.thirdparty.io.grpc.stub.ClientCalls.toStatusRuntimeException(ClientCalls.java:233)
	at org.apache.ratis.thirdparty.io.grpc.stub.ClientCalls.getUnchecked(ClientCalls.java:214)
	at org.apache.ratis.thirdparty.io.grpc.stub.ClientCalls.blockingUnaryCall(ClientCalls.java:139)
	at org.apache.ratis.proto.grpc.RaftServerProtocolServiceGrpc$RaftServerProtocolServiceBlockingStub.requestVote(RaftServerProtocolServiceGrpc.java:265)
	at org.apache.ratis.grpc.server.GrpcServerProtocolClient.requestVote(GrpcServerProtocolClient.java:99)
	at org.apache.ratis.grpc.server.GrpcService.requestVote(GrpcService.java:204)
	at org.apache.ratis.server.impl.LeaderElection.lambda$submitRequests$1(LeaderElection.java:234)
	at java.util.concurrent.FutureTask.run(FutureTask.java:266)
	at java.util.concurrent.Executors$RunnableAdapter.call(Executors.java:511)
	at java.util.concurrent.FutureTask.run(FutureTask.java:266)
	at java.util.concurrent.ThreadPoolExecutor.runWorker(ThreadPoolExecutor.java:1149)
	at java.util.concurrent.ThreadPoolExecutor$Worker.run(ThreadPoolExecutor.java:624)
	... 1 more
Caused by: org.apache.ratis.thirdparty.io.netty.channel.AbstractChannel$AnnotatedConnectException: Connection refused: /192.168.157.223:42172
	at sun.nio.ch.SocketChannelImpl.checkConnect(Native Method)
	at sun.nio.ch.SocketChannelImpl.finishConnect(SocketChannelImpl.java:717)
	at org.apache.ratis.thirdparty.io.netty.channel.socket.nio.NioSocketChannel.doFinishConnect(NioSocketChannel.java:327)
	at org.apache.ratis.thirdparty.io.netty.channel.nio.AbstractNioChannel$AbstractNioUnsafe.finishConnect(AbstractNioChannel.java:340)
	at org.apache.ratis.thirdparty.io.netty.channel.nio.NioEventLoop.processSelectedKey(NioEventLoop.java:632)
	at org.apache.ratis.thirdparty.io.netty.channel.nio.NioEventLoop.processSelectedKeysOptimized(NioEventLoop.java:579)
	at org.apache.ratis.thirdparty.io.netty.channel.nio.NioEventLoop.processSelectedKeys(NioEventLoop.java:496)
	at org.apache.ratis.thirdparty.io.netty.channel.nio.NioEventLoop.run(NioEventLoop.java:458)
	at org.apache.ratis.thirdparty.io.netty.util.concurrent.SingleThreadEventExecutor$5.run(SingleThreadEventExecutor.java:897)
	at org.apache.ratis.thirdparty.io.netty.util.concurrent.FastThreadLocalRunnable.run(FastThreadLocalRunnable.java:30)
	... 1 more
Caused by: java.net.ConnectException: Connection refused
	... 11 more
2019-10-17 21:55:10,842 [d6dfcdd7-fc6e-4b51-b91e-b64503dadc5e@group-F967393F7C93-LeaderElection225] INFO  impl.RaftServerImpl (RaftServerImpl.java:setRole(184)) - d6dfcdd7-fc6e-4b51-b91e-b64503dadc5e@group-F967393F7C93: changes role from CANDIDATE to FOLLOWER at term 221 for DISCOVERED_A_NEW_TERM
2019-10-17 21:55:10,842 [d6dfcdd7-fc6e-4b51-b91e-b64503dadc5e@group-F967393F7C93-LeaderElection225] INFO  impl.RoleInfo (RoleInfo.java:shutdownLeaderElection(134)) - d6dfcdd7-fc6e-4b51-b91e-b64503dadc5e: shutdown LeaderElection
2019-10-17 21:55:10,842 [d6dfcdd7-fc6e-4b51-b91e-b64503dadc5e@group-F967393F7C93-LeaderElection225] INFO  impl.RoleInfo (RoleInfo.java:updateAndGet(143)) - d6dfcdd7-fc6e-4b51-b91e-b64503dadc5e: start FollowerState
2019-10-17 21:55:11,008 [Datanode State Machine Thread - 0] INFO  statemachine.DatanodeStateMachine (DatanodeStateMachine.java:lambda$startDaemon$0(350)) - Ozone container server started.
2019-10-17 21:55:11,022 [Thread-2016] INFO  impl.FollowerState (FollowerState.java:run(108)) - d6dfcdd7-fc6e-4b51-b91e-b64503dadc5e@group-F967393F7C93-FollowerState: change to CANDIDATE, lastRpcTime:179ms, electionTimeout:179ms
2019-10-17 21:55:11,022 [Thread-2016] INFO  impl.RoleInfo (RoleInfo.java:shutdownFollowerState(121)) - d6dfcdd7-fc6e-4b51-b91e-b64503dadc5e: shutdown FollowerState
2019-10-17 21:55:11,022 [Thread-2016] INFO  impl.RaftServerImpl (RaftServerImpl.java:setRole(184)) - d6dfcdd7-fc6e-4b51-b91e-b64503dadc5e@group-F967393F7C93: changes role from  FOLLOWER to CANDIDATE at term 221 for changeToCandidate
2019-10-17 21:55:11,022 [Thread-2016] INFO  impl.RoleInfo (RoleInfo.java:updateAndGet(143)) - d6dfcdd7-fc6e-4b51-b91e-b64503dadc5e: start LeaderElection
2019-10-17 21:55:11,035 [d6dfcdd7-fc6e-4b51-b91e-b64503dadc5e@group-F967393F7C93-LeaderElection226] INFO  impl.LeaderElection (LeaderElection.java:askForVotes(178)) - d6dfcdd7-fc6e-4b51-b91e-b64503dadc5e@group-F967393F7C93-LeaderElection226: begin an election at term 222 for -1: [08d4cbaa-ffed-4411-a5fd-c4a38026aead:192.168.157.223:33910, da15dfee-23f0-4dc4-ad77-c00156c49cfa:192.168.157.223:42172, d6dfcdd7-fc6e-4b51-b91e-b64503dadc5e:192.168.157.223:43575], old=null
2019-10-17 21:55:11,036 [d6dfcdd7-fc6e-4b51-b91e-b64503dadc5e@group-F967393F7C93-LeaderElection226] INFO  impl.LeaderElection (LogUtils.java:infoOrTrace(149)) - d6dfcdd7-fc6e-4b51-b91e-b64503dadc5e@group-F967393F7C93-LeaderElection226 got exception when requesting votes: {}
java.util.concurrent.ExecutionException: org.apache.ratis.thirdparty.io.grpc.StatusRuntimeException: UNAVAILABLE: io exception
	at java.util.concurrent.FutureTask.report(FutureTask.java:122)
	at java.util.concurrent.FutureTask.get(FutureTask.java:192)
	at org.apache.ratis.server.impl.LeaderElection.waitForResults(LeaderElection.java:259)
	at org.apache.ratis.server.impl.LeaderElection.askForVotes(LeaderElection.java:197)
	at org.apache.ratis.server.impl.LeaderElection.run(LeaderElection.java:133)
	at java.lang.Thread.run(Thread.java:748)
Caused by: org.apache.ratis.thirdparty.io.grpc.StatusRuntimeException: UNAVAILABLE: io exception
	at org.apache.ratis.thirdparty.io.grpc.stub.ClientCalls.toStatusRuntimeException(ClientCalls.java:233)
	at org.apache.ratis.thirdparty.io.grpc.stub.ClientCalls.getUnchecked(ClientCalls.java:214)
	at org.apache.ratis.thirdparty.io.grpc.stub.ClientCalls.blockingUnaryCall(ClientCalls.java:139)
	at org.apache.ratis.proto.grpc.RaftServerProtocolServiceGrpc$RaftServerProtocolServiceBlockingStub.requestVote(RaftServerProtocolServiceGrpc.java:265)
	at org.apache.ratis.grpc.server.GrpcServerProtocolClient.requestVote(GrpcServerProtocolClient.java:99)
	at org.apache.ratis.grpc.server.GrpcService.requestVote(GrpcService.java:204)
	at org.apache.ratis.server.impl.LeaderElection.lambda$submitRequests$1(LeaderElection.java:234)
	at java.util.concurrent.FutureTask.run(FutureTask.java:266)
	at java.util.concurrent.Executors$RunnableAdapter.call(Executors.java:511)
	at java.util.concurrent.FutureTask.run(FutureTask.java:266)
	at java.util.concurrent.ThreadPoolExecutor.runWorker(ThreadPoolExecutor.java:1149)
	at java.util.concurrent.ThreadPoolExecutor$Worker.run(ThreadPoolExecutor.java:624)
	... 1 more
Caused by: org.apache.ratis.thirdparty.io.netty.channel.AbstractChannel$AnnotatedConnectException: Connection refused: /192.168.157.223:42172
	at sun.nio.ch.SocketChannelImpl.checkConnect(Native Method)
	at sun.nio.ch.SocketChannelImpl.finishConnect(SocketChannelImpl.java:717)
	at org.apache.ratis.thirdparty.io.netty.channel.socket.nio.NioSocketChannel.doFinishConnect(NioSocketChannel.java:327)
	at org.apache.ratis.thirdparty.io.netty.channel.nio.AbstractNioChannel$AbstractNioUnsafe.finishConnect(AbstractNioChannel.java:340)
	at org.apache.ratis.thirdparty.io.netty.channel.nio.NioEventLoop.processSelectedKey(NioEventLoop.java:632)
	at org.apache.ratis.thirdparty.io.netty.channel.nio.NioEventLoop.processSelectedKeysOptimized(NioEventLoop.java:579)
	at org.apache.ratis.thirdparty.io.netty.channel.nio.NioEventLoop.processSelectedKeys(NioEventLoop.java:496)
	at org.apache.ratis.thirdparty.io.netty.channel.nio.NioEventLoop.run(NioEventLoop.java:458)
	at org.apache.ratis.thirdparty.io.netty.util.concurrent.SingleThreadEventExecutor$5.run(SingleThreadEventExecutor.java:897)
	at org.apache.ratis.thirdparty.io.netty.util.concurrent.FastThreadLocalRunnable.run(FastThreadLocalRunnable.java:30)
	... 1 more
Caused by: java.net.ConnectException: Connection refused
	... 11 more
2019-10-17 21:55:11,037 [grpc-default-executor-1] INFO  impl.RaftServerImpl (RaftServerImpl.java:setRole(184)) - 08d4cbaa-ffed-4411-a5fd-c4a38026aead@group-F967393F7C93: changes role from  FOLLOWER to FOLLOWER at term 222 for recognizeCandidate:d6dfcdd7-fc6e-4b51-b91e-b64503dadc5e
2019-10-17 21:55:11,037 [grpc-default-executor-1] INFO  impl.RoleInfo (RoleInfo.java:shutdownFollowerState(121)) - 08d4cbaa-ffed-4411-a5fd-c4a38026aead: shutdown FollowerState
2019-10-17 21:55:11,037 [grpc-default-executor-1] INFO  impl.RoleInfo (RoleInfo.java:updateAndGet(143)) - 08d4cbaa-ffed-4411-a5fd-c4a38026aead: start FollowerState
2019-10-17 21:55:11,038 [Thread-2015] INFO  impl.FollowerState (FollowerState.java:run(117)) - 08d4cbaa-ffed-4411-a5fd-c4a38026aead@group-F967393F7C93-FollowerState was interrupted: java.lang.InterruptedException: sleep interrupted
2019-10-17 21:55:11,052 [d6dfcdd7-fc6e-4b51-b91e-b64503dadc5e@group-F967393F7C93-LeaderElection226] INFO  impl.LeaderElection (LeaderElection.java:logAndReturn(56)) - d6dfcdd7-fc6e-4b51-b91e-b64503dadc5e@group-F967393F7C93-LeaderElection226: Election REJECTED; received 1 response(s) [d6dfcdd7-fc6e-4b51-b91e-b64503dadc5e<-08d4cbaa-ffed-4411-a5fd-c4a38026aead#0:FAIL-t222] and 1 exception(s); d6dfcdd7-fc6e-4b51-b91e-b64503dadc5e@group-F967393F7C93:t222, leader=null, voted=d6dfcdd7-fc6e-4b51-b91e-b64503dadc5e, raftlog=d6dfcdd7-fc6e-4b51-b91e-b64503dadc5e@group-F967393F7C93-SegmentedRaftLog:OPENED:c-1,f-1,i0, conf=-1: [08d4cbaa-ffed-4411-a5fd-c4a38026aead:192.168.157.223:33910, da15dfee-23f0-4dc4-ad77-c00156c49cfa:192.168.157.223:42172, d6dfcdd7-fc6e-4b51-b91e-b64503dadc5e:192.168.157.223:43575], old=null
2019-10-17 21:55:11,052 [d6dfcdd7-fc6e-4b51-b91e-b64503dadc5e@group-F967393F7C93-LeaderElection226] INFO  impl.LeaderElection (LogUtils.java:infoOrTrace(149)) -   Exception 0: {}
java.util.concurrent.ExecutionException: org.apache.ratis.thirdparty.io.grpc.StatusRuntimeException: UNAVAILABLE: io exception
	at java.util.concurrent.FutureTask.report(FutureTask.java:122)
	at java.util.concurrent.FutureTask.get(FutureTask.java:192)
	at org.apache.ratis.server.impl.LeaderElection.waitForResults(LeaderElection.java:259)
	at org.apache.ratis.server.impl.LeaderElection.askForVotes(LeaderElection.java:197)
	at org.apache.ratis.server.impl.LeaderElection.run(LeaderElection.java:133)
	at java.lang.Thread.run(Thread.java:748)
Caused by: org.apache.ratis.thirdparty.io.grpc.StatusRuntimeException: UNAVAILABLE: io exception
	at org.apache.ratis.thirdparty.io.grpc.stub.ClientCalls.toStatusRuntimeException(ClientCalls.java:233)
	at org.apache.ratis.thirdparty.io.grpc.stub.ClientCalls.getUnchecked(ClientCalls.java:214)
	at org.apache.ratis.thirdparty.io.grpc.stub.ClientCalls.blockingUnaryCall(ClientCalls.java:139)
	at org.apache.ratis.proto.grpc.RaftServerProtocolServiceGrpc$RaftServerProtocolServiceBlockingStub.requestVote(RaftServerProtocolServiceGrpc.java:265)
	at org.apache.ratis.grpc.server.GrpcServerProtocolClient.requestVote(GrpcServerProtocolClient.java:99)
	at org.apache.ratis.grpc.server.GrpcService.requestVote(GrpcService.java:204)
	at org.apache.ratis.server.impl.LeaderElection.lambda$submitRequests$1(LeaderElection.java:234)
	at java.util.concurrent.FutureTask.run(FutureTask.java:266)
	at java.util.concurrent.Executors$RunnableAdapter.call(Executors.java:511)
	at java.util.concurrent.FutureTask.run(FutureTask.java:266)
	at java.util.concurrent.ThreadPoolExecutor.runWorker(ThreadPoolExecutor.java:1149)
	at java.util.concurrent.ThreadPoolExecutor$Worker.run(ThreadPoolExecutor.java:624)
	... 1 more
Caused by: org.apache.ratis.thirdparty.io.netty.channel.AbstractChannel$AnnotatedConnectException: Connection refused: /192.168.157.223:42172
	at sun.nio.ch.SocketChannelImpl.checkConnect(Native Method)
	at sun.nio.ch.SocketChannelImpl.finishConnect(SocketChannelImpl.java:717)
	at org.apache.ratis.thirdparty.io.netty.channel.socket.nio.NioSocketChannel.doFinishConnect(NioSocketChannel.java:327)
	at org.apache.ratis.thirdparty.io.netty.channel.nio.AbstractNioChannel$AbstractNioUnsafe.finishConnect(AbstractNioChannel.java:340)
	at org.apache.ratis.thirdparty.io.netty.channel.nio.NioEventLoop.processSelectedKey(NioEventLoop.java:632)
	at org.apache.ratis.thirdparty.io.netty.channel.nio.NioEventLoop.processSelectedKeysOptimized(NioEventLoop.java:579)
	at org.apache.ratis.thirdparty.io.netty.channel.nio.NioEventLoop.processSelectedKeys(NioEventLoop.java:496)
	at org.apache.ratis.thirdparty.io.netty.channel.nio.NioEventLoop.run(NioEventLoop.java:458)
	at org.apache.ratis.thirdparty.io.netty.util.concurrent.SingleThreadEventExecutor$5.run(SingleThreadEventExecutor.java:897)
	at org.apache.ratis.thirdparty.io.netty.util.concurrent.FastThreadLocalRunnable.run(FastThreadLocalRunnable.java:30)
	... 1 more
Caused by: java.net.ConnectException: Connection refused
	... 11 more
2019-10-17 21:55:11,052 [d6dfcdd7-fc6e-4b51-b91e-b64503dadc5e@group-F967393F7C93-LeaderElection226] INFO  impl.RaftServerImpl (RaftServerImpl.java:setRole(184)) - d6dfcdd7-fc6e-4b51-b91e-b64503dadc5e@group-F967393F7C93: changes role from CANDIDATE to FOLLOWER at term 222 for DISCOVERED_A_NEW_TERM
2019-10-17 21:55:11,052 [d6dfcdd7-fc6e-4b51-b91e-b64503dadc5e@group-F967393F7C93-LeaderElection226] INFO  impl.RoleInfo (RoleInfo.java:shutdownLeaderElection(134)) - d6dfcdd7-fc6e-4b51-b91e-b64503dadc5e: shutdown LeaderElection
2019-10-17 21:55:11,052 [d6dfcdd7-fc6e-4b51-b91e-b64503dadc5e@group-F967393F7C93-LeaderElection226] INFO  impl.RoleInfo (RoleInfo.java:updateAndGet(143)) - d6dfcdd7-fc6e-4b51-b91e-b64503dadc5e: start FollowerState
2019-10-17 21:55:11,075 [Thread-2021] INFO  impl.FollowerState (FollowerState.java:run(108)) - d6dfcdd7-fc6e-4b51-b91e-b64503dadc5e@group-F967393F7C93-FollowerState: change to CANDIDATE, lastRpcTime:22ms, electionTimeout:22ms
2019-10-17 21:55:11,075 [Thread-2021] INFO  impl.RoleInfo (RoleInfo.java:shutdownFollowerState(121)) - d6dfcdd7-fc6e-4b51-b91e-b64503dadc5e: shutdown FollowerState
2019-10-17 21:55:11,075 [Thread-2021] INFO  impl.RaftServerImpl (RaftServerImpl.java:setRole(184)) - d6dfcdd7-fc6e-4b51-b91e-b64503dadc5e@group-F967393F7C93: changes role from  FOLLOWER to CANDIDATE at term 222 for changeToCandidate
2019-10-17 21:55:11,075 [Thread-2021] INFO  impl.RoleInfo (RoleInfo.java:updateAndGet(143)) - d6dfcdd7-fc6e-4b51-b91e-b64503dadc5e: start LeaderElection
2019-10-17 21:55:11,089 [d6dfcdd7-fc6e-4b51-b91e-b64503dadc5e@group-F967393F7C93-LeaderElection227] INFO  impl.LeaderElection (LeaderElection.java:askForVotes(178)) - d6dfcdd7-fc6e-4b51-b91e-b64503dadc5e@group-F967393F7C93-LeaderElection227: begin an election at term 223 for -1: [08d4cbaa-ffed-4411-a5fd-c4a38026aead:192.168.157.223:33910, da15dfee-23f0-4dc4-ad77-c00156c49cfa:192.168.157.223:42172, d6dfcdd7-fc6e-4b51-b91e-b64503dadc5e:192.168.157.223:43575], old=null
2019-10-17 21:55:11,090 [d6dfcdd7-fc6e-4b51-b91e-b64503dadc5e@group-F967393F7C93-LeaderElection227] INFO  impl.LeaderElection (LogUtils.java:infoOrTrace(149)) - d6dfcdd7-fc6e-4b51-b91e-b64503dadc5e@group-F967393F7C93-LeaderElection227 got exception when requesting votes: {}
java.util.concurrent.ExecutionException: org.apache.ratis.thirdparty.io.grpc.StatusRuntimeException: UNAVAILABLE: io exception
	at java.util.concurrent.FutureTask.report(FutureTask.java:122)
	at java.util.concurrent.FutureTask.get(FutureTask.java:192)
	at org.apache.ratis.server.impl.LeaderElection.waitForResults(LeaderElection.java:259)
	at org.apache.ratis.server.impl.LeaderElection.askForVotes(LeaderElection.java:197)
	at org.apache.ratis.server.impl.LeaderElection.run(LeaderElection.java:133)
	at java.lang.Thread.run(Thread.java:748)
Caused by: org.apache.ratis.thirdparty.io.grpc.StatusRuntimeException: UNAVAILABLE: io exception
	at org.apache.ratis.thirdparty.io.grpc.stub.ClientCalls.toStatusRuntimeException(ClientCalls.java:233)
	at org.apache.ratis.thirdparty.io.grpc.stub.ClientCalls.getUnchecked(ClientCalls.java:214)
	at org.apache.ratis.thirdparty.io.grpc.stub.ClientCalls.blockingUnaryCall(ClientCalls.java:139)
	at org.apache.ratis.proto.grpc.RaftServerProtocolServiceGrpc$RaftServerProtocolServiceBlockingStub.requestVote(RaftServerProtocolServiceGrpc.java:265)
	at org.apache.ratis.grpc.server.GrpcServerProtocolClient.requestVote(GrpcServerProtocolClient.java:99)
	at org.apache.ratis.grpc.server.GrpcService.requestVote(GrpcService.java:204)
	at org.apache.ratis.server.impl.LeaderElection.lambda$submitRequests$1(LeaderElection.java:234)
	at java.util.concurrent.FutureTask.run(FutureTask.java:266)
	at java.util.concurrent.Executors$RunnableAdapter.call(Executors.java:511)
	at java.util.concurrent.FutureTask.run(FutureTask.java:266)
	at java.util.concurrent.ThreadPoolExecutor.runWorker(ThreadPoolExecutor.java:1149)
	at java.util.concurrent.ThreadPoolExecutor$Worker.run(ThreadPoolExecutor.java:624)
	... 1 more
Caused by: org.apache.ratis.thirdparty.io.netty.channel.AbstractChannel$AnnotatedConnectException: Connection refused: /192.168.157.223:42172
	at sun.nio.ch.SocketChannelImpl.checkConnect(Native Method)
	at sun.nio.ch.SocketChannelImpl.finishConnect(SocketChannelImpl.java:717)
	at org.apache.ratis.thirdparty.io.netty.channel.socket.nio.NioSocketChannel.doFinishConnect(NioSocketChannel.java:327)
	at org.apache.ratis.thirdparty.io.netty.channel.nio.AbstractNioChannel$AbstractNioUnsafe.finishConnect(AbstractNioChannel.java:340)
	at org.apache.ratis.thirdparty.io.netty.channel.nio.NioEventLoop.processSelectedKey(NioEventLoop.java:632)
	at org.apache.ratis.thirdparty.io.netty.channel.nio.NioEventLoop.processSelectedKeysOptimized(NioEventLoop.java:579)
	at org.apache.ratis.thirdparty.io.netty.channel.nio.NioEventLoop.processSelectedKeys(NioEventLoop.java:496)
	at org.apache.ratis.thirdparty.io.netty.channel.nio.NioEventLoop.run(NioEventLoop.java:458)
	at org.apache.ratis.thirdparty.io.netty.util.concurrent.SingleThreadEventExecutor$5.run(SingleThreadEventExecutor.java:897)
	at org.apache.ratis.thirdparty.io.netty.util.concurrent.FastThreadLocalRunnable.run(FastThreadLocalRunnable.java:30)
	... 1 more
Caused by: java.net.ConnectException: Connection refused
	... 11 more
2019-10-17 21:55:11,091 [grpc-default-executor-1] INFO  impl.RaftServerImpl (RaftServerImpl.java:setRole(184)) - 08d4cbaa-ffed-4411-a5fd-c4a38026aead@group-F967393F7C93: changes role from  FOLLOWER to FOLLOWER at term 223 for recognizeCandidate:d6dfcdd7-fc6e-4b51-b91e-b64503dadc5e
2019-10-17 21:55:11,091 [grpc-default-executor-1] INFO  impl.RoleInfo (RoleInfo.java:shutdownFollowerState(121)) - 08d4cbaa-ffed-4411-a5fd-c4a38026aead: shutdown FollowerState
2019-10-17 21:55:11,091 [grpc-default-executor-1] INFO  impl.RoleInfo (RoleInfo.java:updateAndGet(143)) - 08d4cbaa-ffed-4411-a5fd-c4a38026aead: start FollowerState
2019-10-17 21:55:11,091 [Thread-2020] INFO  impl.FollowerState (FollowerState.java:run(117)) - 08d4cbaa-ffed-4411-a5fd-c4a38026aead@group-F967393F7C93-FollowerState was interrupted: java.lang.InterruptedException: sleep interrupted
2019-10-17 21:55:11,105 [d6dfcdd7-fc6e-4b51-b91e-b64503dadc5e@group-F967393F7C93-LeaderElection227] INFO  impl.LeaderElection (LeaderElection.java:logAndReturn(56)) - d6dfcdd7-fc6e-4b51-b91e-b64503dadc5e@group-F967393F7C93-LeaderElection227: Election REJECTED; received 1 response(s) [d6dfcdd7-fc6e-4b51-b91e-b64503dadc5e<-08d4cbaa-ffed-4411-a5fd-c4a38026aead#0:FAIL-t223] and 1 exception(s); d6dfcdd7-fc6e-4b51-b91e-b64503dadc5e@group-F967393F7C93:t223, leader=null, voted=d6dfcdd7-fc6e-4b51-b91e-b64503dadc5e, raftlog=d6dfcdd7-fc6e-4b51-b91e-b64503dadc5e@group-F967393F7C93-SegmentedRaftLog:OPENED:c-1,f-1,i0, conf=-1: [08d4cbaa-ffed-4411-a5fd-c4a38026aead:192.168.157.223:33910, da15dfee-23f0-4dc4-ad77-c00156c49cfa:192.168.157.223:42172, d6dfcdd7-fc6e-4b51-b91e-b64503dadc5e:192.168.157.223:43575], old=null
2019-10-17 21:55:11,105 [d6dfcdd7-fc6e-4b51-b91e-b64503dadc5e@group-F967393F7C93-LeaderElection227] INFO  impl.LeaderElection (LogUtils.java:infoOrTrace(149)) -   Exception 0: {}
java.util.concurrent.ExecutionException: org.apache.ratis.thirdparty.io.grpc.StatusRuntimeException: UNAVAILABLE: io exception
	at java.util.concurrent.FutureTask.report(FutureTask.java:122)
	at java.util.concurrent.FutureTask.get(FutureTask.java:192)
	at org.apache.ratis.server.impl.LeaderElection.waitForResults(LeaderElection.java:259)
	at org.apache.ratis.server.impl.LeaderElection.askForVotes(LeaderElection.java:197)
	at org.apache.ratis.server.impl.LeaderElection.run(LeaderElection.java:133)
	at java.lang.Thread.run(Thread.java:748)
Caused by: org.apache.ratis.thirdparty.io.grpc.StatusRuntimeException: UNAVAILABLE: io exception
	at org.apache.ratis.thirdparty.io.grpc.stub.ClientCalls.toStatusRuntimeException(ClientCalls.java:233)
	at org.apache.ratis.thirdparty.io.grpc.stub.ClientCalls.getUnchecked(ClientCalls.java:214)
	at org.apache.ratis.thirdparty.io.grpc.stub.ClientCalls.blockingUnaryCall(ClientCalls.java:139)
	at org.apache.ratis.proto.grpc.RaftServerProtocolServiceGrpc$RaftServerProtocolServiceBlockingStub.requestVote(RaftServerProtocolServiceGrpc.java:265)
	at org.apache.ratis.grpc.server.GrpcServerProtocolClient.requestVote(GrpcServerProtocolClient.java:99)
	at org.apache.ratis.grpc.server.GrpcService.requestVote(GrpcService.java:204)
	at org.apache.ratis.server.impl.LeaderElection.lambda$submitRequests$1(LeaderElection.java:234)
	at java.util.concurrent.FutureTask.run(FutureTask.java:266)
	at java.util.concurrent.Executors$RunnableAdapter.call(Executors.java:511)
	at java.util.concurrent.FutureTask.run(FutureTask.java:266)
	at java.util.concurrent.ThreadPoolExecutor.runWorker(ThreadPoolExecutor.java:1149)
	at java.util.concurrent.ThreadPoolExecutor$Worker.run(ThreadPoolExecutor.java:624)
	... 1 more
Caused by: org.apache.ratis.thirdparty.io.netty.channel.AbstractChannel$AnnotatedConnectException: Connection refused: /192.168.157.223:42172
	at sun.nio.ch.SocketChannelImpl.checkConnect(Native Method)
	at sun.nio.ch.SocketChannelImpl.finishConnect(SocketChannelImpl.java:717)
	at org.apache.ratis.thirdparty.io.netty.channel.socket.nio.NioSocketChannel.doFinishConnect(NioSocketChannel.java:327)
	at org.apache.ratis.thirdparty.io.netty.channel.nio.AbstractNioChannel$AbstractNioUnsafe.finishConnect(AbstractNioChannel.java:340)
	at org.apache.ratis.thirdparty.io.netty.channel.nio.NioEventLoop.processSelectedKey(NioEventLoop.java:632)
	at org.apache.ratis.thirdparty.io.netty.channel.nio.NioEventLoop.processSelectedKeysOptimized(NioEventLoop.java:579)
	at org.apache.ratis.thirdparty.io.netty.channel.nio.NioEventLoop.processSelectedKeys(NioEventLoop.java:496)
	at org.apache.ratis.thirdparty.io.netty.channel.nio.NioEventLoop.run(NioEventLoop.java:458)
	at org.apache.ratis.thirdparty.io.netty.util.concurrent.SingleThreadEventExecutor$5.run(SingleThreadEventExecutor.java:897)
	at org.apache.ratis.thirdparty.io.netty.util.concurrent.FastThreadLocalRunnable.run(FastThreadLocalRunnable.java:30)
	... 1 more
Caused by: java.net.ConnectException: Connection refused
	... 11 more
2019-10-17 21:55:11,105 [d6dfcdd7-fc6e-4b51-b91e-b64503dadc5e@group-F967393F7C93-LeaderElection227] INFO  impl.RaftServerImpl (RaftServerImpl.java:setRole(184)) - d6dfcdd7-fc6e-4b51-b91e-b64503dadc5e@group-F967393F7C93: changes role from CANDIDATE to FOLLOWER at term 223 for DISCOVERED_A_NEW_TERM
2019-10-17 21:55:11,105 [d6dfcdd7-fc6e-4b51-b91e-b64503dadc5e@group-F967393F7C93-LeaderElection227] INFO  impl.RoleInfo (RoleInfo.java:shutdownLeaderElection(134)) - d6dfcdd7-fc6e-4b51-b91e-b64503dadc5e: shutdown LeaderElection
2019-10-17 21:55:11,105 [d6dfcdd7-fc6e-4b51-b91e-b64503dadc5e@group-F967393F7C93-LeaderElection227] INFO  impl.RoleInfo (RoleInfo.java:updateAndGet(143)) - d6dfcdd7-fc6e-4b51-b91e-b64503dadc5e: start FollowerState
2019-10-17 21:55:11,146 [Thread-2026] INFO  impl.FollowerState (FollowerState.java:run(108)) - d6dfcdd7-fc6e-4b51-b91e-b64503dadc5e@group-F967393F7C93-FollowerState: change to CANDIDATE, lastRpcTime:40ms, electionTimeout:40ms
2019-10-17 21:55:11,146 [Thread-2026] INFO  impl.RoleInfo (RoleInfo.java:shutdownFollowerState(121)) - d6dfcdd7-fc6e-4b51-b91e-b64503dadc5e: shutdown FollowerState
2019-10-17 21:55:11,146 [Thread-2026] INFO  impl.RaftServerImpl (RaftServerImpl.java:setRole(184)) - d6dfcdd7-fc6e-4b51-b91e-b64503dadc5e@group-F967393F7C93: changes role from  FOLLOWER to CANDIDATE at term 223 for changeToCandidate
2019-10-17 21:55:11,146 [Thread-2026] INFO  impl.RoleInfo (RoleInfo.java:updateAndGet(143)) - d6dfcdd7-fc6e-4b51-b91e-b64503dadc5e: start LeaderElection
2019-10-17 21:55:11,161 [d6dfcdd7-fc6e-4b51-b91e-b64503dadc5e@group-F967393F7C93-LeaderElection228] INFO  impl.LeaderElection (LeaderElection.java:askForVotes(178)) - d6dfcdd7-fc6e-4b51-b91e-b64503dadc5e@group-F967393F7C93-LeaderElection228: begin an election at term 224 for -1: [08d4cbaa-ffed-4411-a5fd-c4a38026aead:192.168.157.223:33910, da15dfee-23f0-4dc4-ad77-c00156c49cfa:192.168.157.223:42172, d6dfcdd7-fc6e-4b51-b91e-b64503dadc5e:192.168.157.223:43575], old=null
2019-10-17 21:55:11,162 [d6dfcdd7-fc6e-4b51-b91e-b64503dadc5e@group-F967393F7C93-LeaderElection228] INFO  impl.LeaderElection (LogUtils.java:infoOrTrace(149)) - d6dfcdd7-fc6e-4b51-b91e-b64503dadc5e@group-F967393F7C93-LeaderElection228 got exception when requesting votes: {}
java.util.concurrent.ExecutionException: org.apache.ratis.thirdparty.io.grpc.StatusRuntimeException: UNAVAILABLE: io exception
	at java.util.concurrent.FutureTask.report(FutureTask.java:122)
	at java.util.concurrent.FutureTask.get(FutureTask.java:192)
	at org.apache.ratis.server.impl.LeaderElection.waitForResults(LeaderElection.java:259)
	at org.apache.ratis.server.impl.LeaderElection.askForVotes(LeaderElection.java:197)
	at org.apache.ratis.server.impl.LeaderElection.run(LeaderElection.java:133)
	at java.lang.Thread.run(Thread.java:748)
Caused by: org.apache.ratis.thirdparty.io.grpc.StatusRuntimeException: UNAVAILABLE: io exception
	at org.apache.ratis.thirdparty.io.grpc.stub.ClientCalls.toStatusRuntimeException(ClientCalls.java:233)
	at org.apache.ratis.thirdparty.io.grpc.stub.ClientCalls.getUnchecked(ClientCalls.java:214)
	at org.apache.ratis.thirdparty.io.grpc.stub.ClientCalls.blockingUnaryCall(ClientCalls.java:139)
	at org.apache.ratis.proto.grpc.RaftServerProtocolServiceGrpc$RaftServerProtocolServiceBlockingStub.requestVote(RaftServerProtocolServiceGrpc.java:265)
	at org.apache.ratis.grpc.server.GrpcServerProtocolClient.requestVote(GrpcServerProtocolClient.java:99)
	at org.apache.ratis.grpc.server.GrpcService.requestVote(GrpcService.java:204)
	at org.apache.ratis.server.impl.LeaderElection.lambda$submitRequests$1(LeaderElection.java:234)
	at java.util.concurrent.FutureTask.run(FutureTask.java:266)
	at java.util.concurrent.Executors$RunnableAdapter.call(Executors.java:511)
	at java.util.concurrent.FutureTask.run(FutureTask.java:266)
	at java.util.concurrent.ThreadPoolExecutor.runWorker(ThreadPoolExecutor.java:1149)
	at java.util.concurrent.ThreadPoolExecutor$Worker.run(ThreadPoolExecutor.java:624)
	... 1 more
Caused by: org.apache.ratis.thirdparty.io.netty.channel.AbstractChannel$AnnotatedConnectException: Connection refused: /192.168.157.223:42172
	at sun.nio.ch.SocketChannelImpl.checkConnect(Native Method)
	at sun.nio.ch.SocketChannelImpl.finishConnect(SocketChannelImpl.java:717)
	at org.apache.ratis.thirdparty.io.netty.channel.socket.nio.NioSocketChannel.doFinishConnect(NioSocketChannel.java:327)
	at org.apache.ratis.thirdparty.io.netty.channel.nio.AbstractNioChannel$AbstractNioUnsafe.finishConnect(AbstractNioChannel.java:340)
	at org.apache.ratis.thirdparty.io.netty.channel.nio.NioEventLoop.processSelectedKey(NioEventLoop.java:632)
	at org.apache.ratis.thirdparty.io.netty.channel.nio.NioEventLoop.processSelectedKeysOptimized(NioEventLoop.java:579)
	at org.apache.ratis.thirdparty.io.netty.channel.nio.NioEventLoop.processSelectedKeys(NioEventLoop.java:496)
	at org.apache.ratis.thirdparty.io.netty.channel.nio.NioEventLoop.run(NioEventLoop.java:458)
	at org.apache.ratis.thirdparty.io.netty.util.concurrent.SingleThreadEventExecutor$5.run(SingleThreadEventExecutor.java:897)
	at org.apache.ratis.thirdparty.io.netty.util.concurrent.FastThreadLocalRunnable.run(FastThreadLocalRunnable.java:30)
	... 1 more
Caused by: java.net.ConnectException: Connection refused
	... 11 more
2019-10-17 21:55:11,163 [grpc-default-executor-1] INFO  impl.RaftServerImpl (RaftServerImpl.java:setRole(184)) - 08d4cbaa-ffed-4411-a5fd-c4a38026aead@group-F967393F7C93: changes role from  FOLLOWER to FOLLOWER at term 224 for recognizeCandidate:d6dfcdd7-fc6e-4b51-b91e-b64503dadc5e
2019-10-17 21:55:11,163 [grpc-default-executor-1] INFO  impl.RoleInfo (RoleInfo.java:shutdownFollowerState(121)) - 08d4cbaa-ffed-4411-a5fd-c4a38026aead: shutdown FollowerState
2019-10-17 21:55:11,164 [grpc-default-executor-1] INFO  impl.RoleInfo (RoleInfo.java:updateAndGet(143)) - 08d4cbaa-ffed-4411-a5fd-c4a38026aead: start FollowerState
2019-10-17 21:55:11,164 [Thread-2025] INFO  impl.FollowerState (FollowerState.java:run(117)) - 08d4cbaa-ffed-4411-a5fd-c4a38026aead@group-F967393F7C93-FollowerState was interrupted: java.lang.InterruptedException: sleep interrupted
2019-10-17 21:55:11,168 [Datanode State Machine Thread - 0] INFO  statemachine.DatanodeStateMachine (DatanodeStateMachine.java:lambda$startDaemon$0(350)) - Ozone container server started.
2019-10-17 21:55:11,168 [d6dfcdd7-fc6e-4b51-b91e-b64503dadc5e@group-F967393F7C93-LeaderElection228] INFO  impl.LeaderElection (LeaderElection.java:logAndReturn(56)) - d6dfcdd7-fc6e-4b51-b91e-b64503dadc5e@group-F967393F7C93-LeaderElection228: Election REJECTED; received 1 response(s) [d6dfcdd7-fc6e-4b51-b91e-b64503dadc5e<-08d4cbaa-ffed-4411-a5fd-c4a38026aead#0:FAIL-t224] and 1 exception(s); d6dfcdd7-fc6e-4b51-b91e-b64503dadc5e@group-F967393F7C93:t224, leader=null, voted=d6dfcdd7-fc6e-4b51-b91e-b64503dadc5e, raftlog=d6dfcdd7-fc6e-4b51-b91e-b64503dadc5e@group-F967393F7C93-SegmentedRaftLog:OPENED:c-1,f-1,i0, conf=-1: [08d4cbaa-ffed-4411-a5fd-c4a38026aead:192.168.157.223:33910, da15dfee-23f0-4dc4-ad77-c00156c49cfa:192.168.157.223:42172, d6dfcdd7-fc6e-4b51-b91e-b64503dadc5e:192.168.157.223:43575], old=null
2019-10-17 21:55:11,168 [d6dfcdd7-fc6e-4b51-b91e-b64503dadc5e@group-F967393F7C93-LeaderElection228] INFO  impl.LeaderElection (LogUtils.java:infoOrTrace(149)) -   Exception 0: {}
java.util.concurrent.ExecutionException: org.apache.ratis.thirdparty.io.grpc.StatusRuntimeException: UNAVAILABLE: io exception
	at java.util.concurrent.FutureTask.report(FutureTask.java:122)
	at java.util.concurrent.FutureTask.get(FutureTask.java:192)
	at org.apache.ratis.server.impl.LeaderElection.waitForResults(LeaderElection.java:259)
	at org.apache.ratis.server.impl.LeaderElection.askForVotes(LeaderElection.java:197)
	at org.apache.ratis.server.impl.LeaderElection.run(LeaderElection.java:133)
	at java.lang.Thread.run(Thread.java:748)
Caused by: org.apache.ratis.thirdparty.io.grpc.StatusRuntimeException: UNAVAILABLE: io exception
	at org.apache.ratis.thirdparty.io.grpc.stub.ClientCalls.toStatusRuntimeException(ClientCalls.java:233)
	at org.apache.ratis.thirdparty.io.grpc.stub.ClientCalls.getUnchecked(ClientCalls.java:214)
	at org.apache.ratis.thirdparty.io.grpc.stub.ClientCalls.blockingUnaryCall(ClientCalls.java:139)
	at org.apache.ratis.proto.grpc.RaftServerProtocolServiceGrpc$RaftServerProtocolServiceBlockingStub.requestVote(RaftServerProtocolServiceGrpc.java:265)
	at org.apache.ratis.grpc.server.GrpcServerProtocolClient.requestVote(GrpcServerProtocolClient.java:99)
	at org.apache.ratis.grpc.server.GrpcService.requestVote(GrpcService.java:204)
	at org.apache.ratis.server.impl.LeaderElection.lambda$submitRequests$1(LeaderElection.java:234)
	at java.util.concurrent.FutureTask.run(FutureTask.java:266)
	at java.util.concurrent.Executors$RunnableAdapter.call(Executors.java:511)
	at java.util.concurrent.FutureTask.run(FutureTask.java:266)
	at java.util.concurrent.ThreadPoolExecutor.runWorker(ThreadPoolExecutor.java:1149)
	at java.util.concurrent.ThreadPoolExecutor$Worker.run(ThreadPoolExecutor.java:624)
	... 1 more
Caused by: org.apache.ratis.thirdparty.io.netty.channel.AbstractChannel$AnnotatedConnectException: Connection refused: /192.168.157.223:42172
	at sun.nio.ch.SocketChannelImpl.checkConnect(Native Method)
	at sun.nio.ch.SocketChannelImpl.finishConnect(SocketChannelImpl.java:717)
	at org.apache.ratis.thirdparty.io.netty.channel.socket.nio.NioSocketChannel.doFinishConnect(NioSocketChannel.java:327)
	at org.apache.ratis.thirdparty.io.netty.channel.nio.AbstractNioChannel$AbstractNioUnsafe.finishConnect(AbstractNioChannel.java:340)
	at org.apache.ratis.thirdparty.io.netty.channel.nio.NioEventLoop.processSelectedKey(NioEventLoop.java:632)
	at org.apache.ratis.thirdparty.io.netty.channel.nio.NioEventLoop.processSelectedKeysOptimized(NioEventLoop.java:579)
	at org.apache.ratis.thirdparty.io.netty.channel.nio.NioEventLoop.processSelectedKeys(NioEventLoop.java:496)
	at org.apache.ratis.thirdparty.io.netty.channel.nio.NioEventLoop.run(NioEventLoop.java:458)
	at org.apache.ratis.thirdparty.io.netty.util.concurrent.SingleThreadEventExecutor$5.run(SingleThreadEventExecutor.java:897)
	at org.apache.ratis.thirdparty.io.netty.util.concurrent.FastThreadLocalRunnable.run(FastThreadLocalRunnable.java:30)
	... 1 more
Caused by: java.net.ConnectException: Connection refused
	... 11 more
2019-10-17 21:55:11,169 [d6dfcdd7-fc6e-4b51-b91e-b64503dadc5e@group-F967393F7C93-LeaderElection228] INFO  impl.RaftServerImpl (RaftServerImpl.java:setRole(184)) - d6dfcdd7-fc6e-4b51-b91e-b64503dadc5e@group-F967393F7C93: changes role from CANDIDATE to FOLLOWER at term 224 for DISCOVERED_A_NEW_TERM
2019-10-17 21:55:11,169 [d6dfcdd7-fc6e-4b51-b91e-b64503dadc5e@group-F967393F7C93-LeaderElection228] INFO  impl.RoleInfo (RoleInfo.java:shutdownLeaderElection(134)) - d6dfcdd7-fc6e-4b51-b91e-b64503dadc5e: shutdown LeaderElection
2019-10-17 21:55:11,169 [d6dfcdd7-fc6e-4b51-b91e-b64503dadc5e@group-F967393F7C93-LeaderElection228] INFO  impl.RoleInfo (RoleInfo.java:updateAndGet(143)) - d6dfcdd7-fc6e-4b51-b91e-b64503dadc5e: start FollowerState
2019-10-17 21:55:11,275 [java.util.concurrent.ThreadPoolExecutor$Worker@71aa17a1[State = -1, empty queue]] WARN  server.GrpcLogAppender (GrpcLogAppender.java:timeoutAppendRequest(209)) - de567563-d0dd-4cf2-91b7-f72627909699@group-3097D7458558->db0af43e-c62e-4c1d-affa-ffdb4faae2f8-GrpcLogAppender: appendEntries Timeout, request=de567563-d0dd-4cf2-91b7-f72627909699->db0af43e-c62e-4c1d-affa-ffdb4faae2f8#52-t10, previous=(t:10, i:4), leaderCommit=4, initializing? false, entries: <empty>
2019-10-17 21:55:11,331 [Thread-2031] INFO  impl.FollowerState (FollowerState.java:run(108)) - d6dfcdd7-fc6e-4b51-b91e-b64503dadc5e@group-F967393F7C93-FollowerState: change to CANDIDATE, lastRpcTime:162ms, electionTimeout:162ms
2019-10-17 21:55:11,331 [Thread-2031] INFO  impl.RoleInfo (RoleInfo.java:shutdownFollowerState(121)) - d6dfcdd7-fc6e-4b51-b91e-b64503dadc5e: shutdown FollowerState
2019-10-17 21:55:11,331 [Thread-2031] INFO  impl.RaftServerImpl (RaftServerImpl.java:setRole(184)) - d6dfcdd7-fc6e-4b51-b91e-b64503dadc5e@group-F967393F7C93: changes role from  FOLLOWER to CANDIDATE at term 224 for changeToCandidate
2019-10-17 21:55:11,332 [Thread-2031] INFO  impl.RoleInfo (RoleInfo.java:updateAndGet(143)) - d6dfcdd7-fc6e-4b51-b91e-b64503dadc5e: start LeaderElection
2019-10-17 21:55:11,338 [d6dfcdd7-fc6e-4b51-b91e-b64503dadc5e@group-F967393F7C93-LeaderElection229] INFO  impl.LeaderElection (LeaderElection.java:askForVotes(178)) - d6dfcdd7-fc6e-4b51-b91e-b64503dadc5e@group-F967393F7C93-LeaderElection229: begin an election at term 225 for -1: [08d4cbaa-ffed-4411-a5fd-c4a38026aead:192.168.157.223:33910, da15dfee-23f0-4dc4-ad77-c00156c49cfa:192.168.157.223:42172, d6dfcdd7-fc6e-4b51-b91e-b64503dadc5e:192.168.157.223:43575], old=null
2019-10-17 21:55:11,339 [d6dfcdd7-fc6e-4b51-b91e-b64503dadc5e@group-F967393F7C93-LeaderElection229] INFO  impl.LeaderElection (LogUtils.java:infoOrTrace(149)) - d6dfcdd7-fc6e-4b51-b91e-b64503dadc5e@group-F967393F7C93-LeaderElection229 got exception when requesting votes: {}
java.util.concurrent.ExecutionException: org.apache.ratis.thirdparty.io.grpc.StatusRuntimeException: UNAVAILABLE: io exception
	at java.util.concurrent.FutureTask.report(FutureTask.java:122)
	at java.util.concurrent.FutureTask.get(FutureTask.java:192)
	at org.apache.ratis.server.impl.LeaderElection.waitForResults(LeaderElection.java:259)
	at org.apache.ratis.server.impl.LeaderElection.askForVotes(LeaderElection.java:197)
	at org.apache.ratis.server.impl.LeaderElection.run(LeaderElection.java:133)
	at java.lang.Thread.run(Thread.java:748)
Caused by: org.apache.ratis.thirdparty.io.grpc.StatusRuntimeException: UNAVAILABLE: io exception
	at org.apache.ratis.thirdparty.io.grpc.stub.ClientCalls.toStatusRuntimeException(ClientCalls.java:233)
	at org.apache.ratis.thirdparty.io.grpc.stub.ClientCalls.getUnchecked(ClientCalls.java:214)
	at org.apache.ratis.thirdparty.io.grpc.stub.ClientCalls.blockingUnaryCall(ClientCalls.java:139)
	at org.apache.ratis.proto.grpc.RaftServerProtocolServiceGrpc$RaftServerProtocolServiceBlockingStub.requestVote(RaftServerProtocolServiceGrpc.java:265)
	at org.apache.ratis.grpc.server.GrpcServerProtocolClient.requestVote(GrpcServerProtocolClient.java:99)
	at org.apache.ratis.grpc.server.GrpcService.requestVote(GrpcService.java:204)
	at org.apache.ratis.server.impl.LeaderElection.lambda$submitRequests$1(LeaderElection.java:234)
	at java.util.concurrent.FutureTask.run(FutureTask.java:266)
	at java.util.concurrent.Executors$RunnableAdapter.call(Executors.java:511)
	at java.util.concurrent.FutureTask.run(FutureTask.java:266)
	at java.util.concurrent.ThreadPoolExecutor.runWorker(ThreadPoolExecutor.java:1149)
	at java.util.concurrent.ThreadPoolExecutor$Worker.run(ThreadPoolExecutor.java:624)
	... 1 more
Caused by: org.apache.ratis.thirdparty.io.netty.channel.AbstractChannel$AnnotatedConnectException: Connection refused: /192.168.157.223:42172
	at sun.nio.ch.SocketChannelImpl.checkConnect(Native Method)
	at sun.nio.ch.SocketChannelImpl.finishConnect(SocketChannelImpl.java:717)
	at org.apache.ratis.thirdparty.io.netty.channel.socket.nio.NioSocketChannel.doFinishConnect(NioSocketChannel.java:327)
	at org.apache.ratis.thirdparty.io.netty.channel.nio.AbstractNioChannel$AbstractNioUnsafe.finishConnect(AbstractNioChannel.java:340)
	at org.apache.ratis.thirdparty.io.netty.channel.nio.NioEventLoop.processSelectedKey(NioEventLoop.java:632)
	at org.apache.ratis.thirdparty.io.netty.channel.nio.NioEventLoop.processSelectedKeysOptimized(NioEventLoop.java:579)
	at org.apache.ratis.thirdparty.io.netty.channel.nio.NioEventLoop.processSelectedKeys(NioEventLoop.java:496)
	at org.apache.ratis.thirdparty.io.netty.channel.nio.NioEventLoop.run(NioEventLoop.java:458)
	at org.apache.ratis.thirdparty.io.netty.util.concurrent.SingleThreadEventExecutor$5.run(SingleThreadEventExecutor.java:897)
	at org.apache.ratis.thirdparty.io.netty.util.concurrent.FastThreadLocalRunnable.run(FastThreadLocalRunnable.java:30)
	... 1 more
Caused by: java.net.ConnectException: Connection refused
	... 11 more
2019-10-17 21:55:11,340 [grpc-default-executor-1] INFO  impl.RaftServerImpl (RaftServerImpl.java:setRole(184)) - 08d4cbaa-ffed-4411-a5fd-c4a38026aead@group-F967393F7C93: changes role from  FOLLOWER to FOLLOWER at term 225 for recognizeCandidate:d6dfcdd7-fc6e-4b51-b91e-b64503dadc5e
2019-10-17 21:55:11,340 [grpc-default-executor-1] INFO  impl.RoleInfo (RoleInfo.java:shutdownFollowerState(121)) - 08d4cbaa-ffed-4411-a5fd-c4a38026aead: shutdown FollowerState
2019-10-17 21:55:11,340 [grpc-default-executor-1] INFO  impl.RoleInfo (RoleInfo.java:updateAndGet(143)) - 08d4cbaa-ffed-4411-a5fd-c4a38026aead: start FollowerState
2019-10-17 21:55:11,340 [Thread-2030] INFO  impl.FollowerState (FollowerState.java:run(117)) - 08d4cbaa-ffed-4411-a5fd-c4a38026aead@group-F967393F7C93-FollowerState was interrupted: java.lang.InterruptedException: sleep interrupted
2019-10-17 21:55:11,354 [d6dfcdd7-fc6e-4b51-b91e-b64503dadc5e@group-F967393F7C93-LeaderElection229] INFO  impl.LeaderElection (LeaderElection.java:logAndReturn(56)) - d6dfcdd7-fc6e-4b51-b91e-b64503dadc5e@group-F967393F7C93-LeaderElection229: Election REJECTED; received 1 response(s) [d6dfcdd7-fc6e-4b51-b91e-b64503dadc5e<-08d4cbaa-ffed-4411-a5fd-c4a38026aead#0:FAIL-t225] and 1 exception(s); d6dfcdd7-fc6e-4b51-b91e-b64503dadc5e@group-F967393F7C93:t225, leader=null, voted=d6dfcdd7-fc6e-4b51-b91e-b64503dadc5e, raftlog=d6dfcdd7-fc6e-4b51-b91e-b64503dadc5e@group-F967393F7C93-SegmentedRaftLog:OPENED:c-1,f-1,i0, conf=-1: [08d4cbaa-ffed-4411-a5fd-c4a38026aead:192.168.157.223:33910, da15dfee-23f0-4dc4-ad77-c00156c49cfa:192.168.157.223:42172, d6dfcdd7-fc6e-4b51-b91e-b64503dadc5e:192.168.157.223:43575], old=null
2019-10-17 21:55:11,354 [d6dfcdd7-fc6e-4b51-b91e-b64503dadc5e@group-F967393F7C93-LeaderElection229] INFO  impl.LeaderElection (LogUtils.java:infoOrTrace(149)) -   Exception 0: {}
java.util.concurrent.ExecutionException: org.apache.ratis.thirdparty.io.grpc.StatusRuntimeException: UNAVAILABLE: io exception
	at java.util.concurrent.FutureTask.report(FutureTask.java:122)
	at java.util.concurrent.FutureTask.get(FutureTask.java:192)
	at org.apache.ratis.server.impl.LeaderElection.waitForResults(LeaderElection.java:259)
	at org.apache.ratis.server.impl.LeaderElection.askForVotes(LeaderElection.java:197)
	at org.apache.ratis.server.impl.LeaderElection.run(LeaderElection.java:133)
	at java.lang.Thread.run(Thread.java:748)
Caused by: org.apache.ratis.thirdparty.io.grpc.StatusRuntimeException: UNAVAILABLE: io exception
	at org.apache.ratis.thirdparty.io.grpc.stub.ClientCalls.toStatusRuntimeException(ClientCalls.java:233)
	at org.apache.ratis.thirdparty.io.grpc.stub.ClientCalls.getUnchecked(ClientCalls.java:214)
	at org.apache.ratis.thirdparty.io.grpc.stub.ClientCalls.blockingUnaryCall(ClientCalls.java:139)
	at org.apache.ratis.proto.grpc.RaftServerProtocolServiceGrpc$RaftServerProtocolServiceBlockingStub.requestVote(RaftServerProtocolServiceGrpc.java:265)
	at org.apache.ratis.grpc.server.GrpcServerProtocolClient.requestVote(GrpcServerProtocolClient.java:99)
	at org.apache.ratis.grpc.server.GrpcService.requestVote(GrpcService.java:204)
	at org.apache.ratis.server.impl.LeaderElection.lambda$submitRequests$1(LeaderElection.java:234)
	at java.util.concurrent.FutureTask.run(FutureTask.java:266)
	at java.util.concurrent.Executors$RunnableAdapter.call(Executors.java:511)
	at java.util.concurrent.FutureTask.run(FutureTask.java:266)
	at java.util.concurrent.ThreadPoolExecutor.runWorker(ThreadPoolExecutor.java:1149)
	at java.util.concurrent.ThreadPoolExecutor$Worker.run(ThreadPoolExecutor.java:624)
	... 1 more
Caused by: org.apache.ratis.thirdparty.io.netty.channel.AbstractChannel$AnnotatedConnectException: Connection refused: /192.168.157.223:42172
	at sun.nio.ch.SocketChannelImpl.checkConnect(Native Method)
	at sun.nio.ch.SocketChannelImpl.finishConnect(SocketChannelImpl.java:717)
	at org.apache.ratis.thirdparty.io.netty.channel.socket.nio.NioSocketChannel.doFinishConnect(NioSocketChannel.java:327)
	at org.apache.ratis.thirdparty.io.netty.channel.nio.AbstractNioChannel$AbstractNioUnsafe.finishConnect(AbstractNioChannel.java:340)
	at org.apache.ratis.thirdparty.io.netty.channel.nio.NioEventLoop.processSelectedKey(NioEventLoop.java:632)
	at org.apache.ratis.thirdparty.io.netty.channel.nio.NioEventLoop.processSelectedKeysOptimized(NioEventLoop.java:579)
	at org.apache.ratis.thirdparty.io.netty.channel.nio.NioEventLoop.processSelectedKeys(NioEventLoop.java:496)
	at org.apache.ratis.thirdparty.io.netty.channel.nio.NioEventLoop.run(NioEventLoop.java:458)
	at org.apache.ratis.thirdparty.io.netty.util.concurrent.SingleThreadEventExecutor$5.run(SingleThreadEventExecutor.java:897)
	at org.apache.ratis.thirdparty.io.netty.util.concurrent.FastThreadLocalRunnable.run(FastThreadLocalRunnable.java:30)
	... 1 more
Caused by: java.net.ConnectException: Connection refused
	... 11 more
2019-10-17 21:55:11,354 [d6dfcdd7-fc6e-4b51-b91e-b64503dadc5e@group-F967393F7C93-LeaderElection229] INFO  impl.RaftServerImpl (RaftServerImpl.java:setRole(184)) - d6dfcdd7-fc6e-4b51-b91e-b64503dadc5e@group-F967393F7C93: changes role from CANDIDATE to FOLLOWER at term 225 for DISCOVERED_A_NEW_TERM
2019-10-17 21:55:11,355 [d6dfcdd7-fc6e-4b51-b91e-b64503dadc5e@group-F967393F7C93-LeaderElection229] INFO  impl.RoleInfo (RoleInfo.java:shutdownLeaderElection(134)) - d6dfcdd7-fc6e-4b51-b91e-b64503dadc5e: shutdown LeaderElection
2019-10-17 21:55:11,355 [d6dfcdd7-fc6e-4b51-b91e-b64503dadc5e@group-F967393F7C93-LeaderElection229] INFO  impl.RoleInfo (RoleInfo.java:updateAndGet(143)) - d6dfcdd7-fc6e-4b51-b91e-b64503dadc5e: start FollowerState
2019-10-17 21:55:11,401 [Thread-2037] INFO  impl.FollowerState (FollowerState.java:run(108)) - d6dfcdd7-fc6e-4b51-b91e-b64503dadc5e@group-F967393F7C93-FollowerState: change to CANDIDATE, lastRpcTime:46ms, electionTimeout:46ms
2019-10-17 21:55:11,401 [Thread-2037] INFO  impl.RoleInfo (RoleInfo.java:shutdownFollowerState(121)) - d6dfcdd7-fc6e-4b51-b91e-b64503dadc5e: shutdown FollowerState
2019-10-17 21:55:11,401 [Thread-2037] INFO  impl.RaftServerImpl (RaftServerImpl.java:setRole(184)) - d6dfcdd7-fc6e-4b51-b91e-b64503dadc5e@group-F967393F7C93: changes role from  FOLLOWER to CANDIDATE at term 225 for changeToCandidate
2019-10-17 21:55:11,401 [Thread-2037] INFO  impl.RoleInfo (RoleInfo.java:updateAndGet(143)) - d6dfcdd7-fc6e-4b51-b91e-b64503dadc5e: start LeaderElection
2019-10-17 21:55:11,415 [d6dfcdd7-fc6e-4b51-b91e-b64503dadc5e@group-F967393F7C93-LeaderElection230] INFO  impl.LeaderElection (LeaderElection.java:askForVotes(178)) - d6dfcdd7-fc6e-4b51-b91e-b64503dadc5e@group-F967393F7C93-LeaderElection230: begin an election at term 226 for -1: [08d4cbaa-ffed-4411-a5fd-c4a38026aead:192.168.157.223:33910, da15dfee-23f0-4dc4-ad77-c00156c49cfa:192.168.157.223:42172, d6dfcdd7-fc6e-4b51-b91e-b64503dadc5e:192.168.157.223:43575], old=null
2019-10-17 21:55:11,416 [d6dfcdd7-fc6e-4b51-b91e-b64503dadc5e@group-F967393F7C93-LeaderElection230] INFO  impl.LeaderElection (LogUtils.java:infoOrTrace(149)) - d6dfcdd7-fc6e-4b51-b91e-b64503dadc5e@group-F967393F7C93-LeaderElection230 got exception when requesting votes: {}
java.util.concurrent.ExecutionException: org.apache.ratis.thirdparty.io.grpc.StatusRuntimeException: UNAVAILABLE: io exception
	at java.util.concurrent.FutureTask.report(FutureTask.java:122)
	at java.util.concurrent.FutureTask.get(FutureTask.java:192)
	at org.apache.ratis.server.impl.LeaderElection.waitForResults(LeaderElection.java:259)
	at org.apache.ratis.server.impl.LeaderElection.askForVotes(LeaderElection.java:197)
	at org.apache.ratis.server.impl.LeaderElection.run(LeaderElection.java:133)
	at java.lang.Thread.run(Thread.java:748)
Caused by: org.apache.ratis.thirdparty.io.grpc.StatusRuntimeException: UNAVAILABLE: io exception
	at org.apache.ratis.thirdparty.io.grpc.stub.ClientCalls.toStatusRuntimeException(ClientCalls.java:233)
	at org.apache.ratis.thirdparty.io.grpc.stub.ClientCalls.getUnchecked(ClientCalls.java:214)
	at org.apache.ratis.thirdparty.io.grpc.stub.ClientCalls.blockingUnaryCall(ClientCalls.java:139)
	at org.apache.ratis.proto.grpc.RaftServerProtocolServiceGrpc$RaftServerProtocolServiceBlockingStub.requestVote(RaftServerProtocolServiceGrpc.java:265)
	at org.apache.ratis.grpc.server.GrpcServerProtocolClient.requestVote(GrpcServerProtocolClient.java:99)
	at org.apache.ratis.grpc.server.GrpcService.requestVote(GrpcService.java:204)
	at org.apache.ratis.server.impl.LeaderElection.lambda$submitRequests$1(LeaderElection.java:234)
	at java.util.concurrent.FutureTask.run(FutureTask.java:266)
	at java.util.concurrent.Executors$RunnableAdapter.call(Executors.java:511)
	at java.util.concurrent.FutureTask.run(FutureTask.java:266)
	at java.util.concurrent.ThreadPoolExecutor.runWorker(ThreadPoolExecutor.java:1149)
	at java.util.concurrent.ThreadPoolExecutor$Worker.run(ThreadPoolExecutor.java:624)
	... 1 more
Caused by: org.apache.ratis.thirdparty.io.netty.channel.AbstractChannel$AnnotatedConnectException: Connection refused: /192.168.157.223:42172
	at sun.nio.ch.SocketChannelImpl.checkConnect(Native Method)
	at sun.nio.ch.SocketChannelImpl.finishConnect(SocketChannelImpl.java:717)
	at org.apache.ratis.thirdparty.io.netty.channel.socket.nio.NioSocketChannel.doFinishConnect(NioSocketChannel.java:327)
	at org.apache.ratis.thirdparty.io.netty.channel.nio.AbstractNioChannel$AbstractNioUnsafe.finishConnect(AbstractNioChannel.java:340)
	at org.apache.ratis.thirdparty.io.netty.channel.nio.NioEventLoop.processSelectedKey(NioEventLoop.java:632)
	at org.apache.ratis.thirdparty.io.netty.channel.nio.NioEventLoop.processSelectedKeysOptimized(NioEventLoop.java:579)
	at org.apache.ratis.thirdparty.io.netty.channel.nio.NioEventLoop.processSelectedKeys(NioEventLoop.java:496)
	at org.apache.ratis.thirdparty.io.netty.channel.nio.NioEventLoop.run(NioEventLoop.java:458)
	at org.apache.ratis.thirdparty.io.netty.util.concurrent.SingleThreadEventExecutor$5.run(SingleThreadEventExecutor.java:897)
	at org.apache.ratis.thirdparty.io.netty.util.concurrent.FastThreadLocalRunnable.run(FastThreadLocalRunnable.java:30)
	... 1 more
Caused by: java.net.ConnectException: Connection refused
	... 11 more
2019-10-17 21:55:11,417 [grpc-default-executor-1] INFO  impl.RaftServerImpl (RaftServerImpl.java:setRole(184)) - 08d4cbaa-ffed-4411-a5fd-c4a38026aead@group-F967393F7C93: changes role from  FOLLOWER to FOLLOWER at term 226 for recognizeCandidate:d6dfcdd7-fc6e-4b51-b91e-b64503dadc5e
2019-10-17 21:55:11,417 [grpc-default-executor-1] INFO  impl.RoleInfo (RoleInfo.java:shutdownFollowerState(121)) - 08d4cbaa-ffed-4411-a5fd-c4a38026aead: shutdown FollowerState
2019-10-17 21:55:11,417 [grpc-default-executor-1] INFO  impl.RoleInfo (RoleInfo.java:updateAndGet(143)) - 08d4cbaa-ffed-4411-a5fd-c4a38026aead: start FollowerState
2019-10-17 21:55:11,417 [Thread-2036] INFO  impl.FollowerState (FollowerState.java:run(117)) - 08d4cbaa-ffed-4411-a5fd-c4a38026aead@group-F967393F7C93-FollowerState was interrupted: java.lang.InterruptedException: sleep interrupted
2019-10-17 21:55:11,431 [d6dfcdd7-fc6e-4b51-b91e-b64503dadc5e@group-F967393F7C93-LeaderElection230] INFO  impl.LeaderElection (LeaderElection.java:logAndReturn(56)) - d6dfcdd7-fc6e-4b51-b91e-b64503dadc5e@group-F967393F7C93-LeaderElection230: Election REJECTED; received 1 response(s) [d6dfcdd7-fc6e-4b51-b91e-b64503dadc5e<-08d4cbaa-ffed-4411-a5fd-c4a38026aead#0:FAIL-t226] and 1 exception(s); d6dfcdd7-fc6e-4b51-b91e-b64503dadc5e@group-F967393F7C93:t226, leader=null, voted=d6dfcdd7-fc6e-4b51-b91e-b64503dadc5e, raftlog=d6dfcdd7-fc6e-4b51-b91e-b64503dadc5e@group-F967393F7C93-SegmentedRaftLog:OPENED:c-1,f-1,i0, conf=-1: [08d4cbaa-ffed-4411-a5fd-c4a38026aead:192.168.157.223:33910, da15dfee-23f0-4dc4-ad77-c00156c49cfa:192.168.157.223:42172, d6dfcdd7-fc6e-4b51-b91e-b64503dadc5e:192.168.157.223:43575], old=null
2019-10-17 21:55:11,431 [d6dfcdd7-fc6e-4b51-b91e-b64503dadc5e@group-F967393F7C93-LeaderElection230] INFO  impl.LeaderElection (LogUtils.java:infoOrTrace(149)) -   Exception 0: {}
java.util.concurrent.ExecutionException: org.apache.ratis.thirdparty.io.grpc.StatusRuntimeException: UNAVAILABLE: io exception
	at java.util.concurrent.FutureTask.report(FutureTask.java:122)
	at java.util.concurrent.FutureTask.get(FutureTask.java:192)
	at org.apache.ratis.server.impl.LeaderElection.waitForResults(LeaderElection.java:259)
	at org.apache.ratis.server.impl.LeaderElection.askForVotes(LeaderElection.java:197)
	at org.apache.ratis.server.impl.LeaderElection.run(LeaderElection.java:133)
	at java.lang.Thread.run(Thread.java:748)
Caused by: org.apache.ratis.thirdparty.io.grpc.StatusRuntimeException: UNAVAILABLE: io exception
	at org.apache.ratis.thirdparty.io.grpc.stub.ClientCalls.toStatusRuntimeException(ClientCalls.java:233)
	at org.apache.ratis.thirdparty.io.grpc.stub.ClientCalls.getUnchecked(ClientCalls.java:214)
	at org.apache.ratis.thirdparty.io.grpc.stub.ClientCalls.blockingUnaryCall(ClientCalls.java:139)
	at org.apache.ratis.proto.grpc.RaftServerProtocolServiceGrpc$RaftServerProtocolServiceBlockingStub.requestVote(RaftServerProtocolServiceGrpc.java:265)
	at org.apache.ratis.grpc.server.GrpcServerProtocolClient.requestVote(GrpcServerProtocolClient.java:99)
	at org.apache.ratis.grpc.server.GrpcService.requestVote(GrpcService.java:204)
	at org.apache.ratis.server.impl.LeaderElection.lambda$submitRequests$1(LeaderElection.java:234)
	at java.util.concurrent.FutureTask.run(FutureTask.java:266)
	at java.util.concurrent.Executors$RunnableAdapter.call(Executors.java:511)
	at java.util.concurrent.FutureTask.run(FutureTask.java:266)
	at java.util.concurrent.ThreadPoolExecutor.runWorker(ThreadPoolExecutor.java:1149)
	at java.util.concurrent.ThreadPoolExecutor$Worker.run(ThreadPoolExecutor.java:624)
	... 1 more
Caused by: org.apache.ratis.thirdparty.io.netty.channel.AbstractChannel$AnnotatedConnectException: Connection refused: /192.168.157.223:42172
	at sun.nio.ch.SocketChannelImpl.checkConnect(Native Method)
	at sun.nio.ch.SocketChannelImpl.finishConnect(SocketChannelImpl.java:717)
	at org.apache.ratis.thirdparty.io.netty.channel.socket.nio.NioSocketChannel.doFinishConnect(NioSocketChannel.java:327)
	at org.apache.ratis.thirdparty.io.netty.channel.nio.AbstractNioChannel$AbstractNioUnsafe.finishConnect(AbstractNioChannel.java:340)
	at org.apache.ratis.thirdparty.io.netty.channel.nio.NioEventLoop.processSelectedKey(NioEventLoop.java:632)
	at org.apache.ratis.thirdparty.io.netty.channel.nio.NioEventLoop.processSelectedKeysOptimized(NioEventLoop.java:579)
	at org.apache.ratis.thirdparty.io.netty.channel.nio.NioEventLoop.processSelectedKeys(NioEventLoop.java:496)
	at org.apache.ratis.thirdparty.io.netty.channel.nio.NioEventLoop.run(NioEventLoop.java:458)
	at org.apache.ratis.thirdparty.io.netty.util.concurrent.SingleThreadEventExecutor$5.run(SingleThreadEventExecutor.java:897)
	at org.apache.ratis.thirdparty.io.netty.util.concurrent.FastThreadLocalRunnable.run(FastThreadLocalRunnable.java:30)
	... 1 more
Caused by: java.net.ConnectException: Connection refused
	... 11 more
2019-10-17 21:55:11,431 [d6dfcdd7-fc6e-4b51-b91e-b64503dadc5e@group-F967393F7C93-LeaderElection230] INFO  impl.RaftServerImpl (RaftServerImpl.java:setRole(184)) - d6dfcdd7-fc6e-4b51-b91e-b64503dadc5e@group-F967393F7C93: changes role from CANDIDATE to FOLLOWER at term 226 for DISCOVERED_A_NEW_TERM
2019-10-17 21:55:11,431 [d6dfcdd7-fc6e-4b51-b91e-b64503dadc5e@group-F967393F7C93-LeaderElection230] INFO  impl.RoleInfo (RoleInfo.java:shutdownLeaderElection(134)) - d6dfcdd7-fc6e-4b51-b91e-b64503dadc5e: shutdown LeaderElection
2019-10-17 21:55:11,431 [d6dfcdd7-fc6e-4b51-b91e-b64503dadc5e@group-F967393F7C93-LeaderElection230] INFO  impl.RoleInfo (RoleInfo.java:updateAndGet(143)) - d6dfcdd7-fc6e-4b51-b91e-b64503dadc5e: start FollowerState
2019-10-17 21:55:11,616 [Thread-2042] INFO  impl.FollowerState (FollowerState.java:run(108)) - d6dfcdd7-fc6e-4b51-b91e-b64503dadc5e@group-F967393F7C93-FollowerState: change to CANDIDATE, lastRpcTime:184ms, electionTimeout:184ms
2019-10-17 21:55:11,616 [Thread-2042] INFO  impl.RoleInfo (RoleInfo.java:shutdownFollowerState(121)) - d6dfcdd7-fc6e-4b51-b91e-b64503dadc5e: shutdown FollowerState
2019-10-17 21:55:11,616 [Thread-2042] INFO  impl.RaftServerImpl (RaftServerImpl.java:setRole(184)) - d6dfcdd7-fc6e-4b51-b91e-b64503dadc5e@group-F967393F7C93: changes role from  FOLLOWER to CANDIDATE at term 226 for changeToCandidate
2019-10-17 21:55:11,616 [Thread-2042] INFO  impl.RoleInfo (RoleInfo.java:updateAndGet(143)) - d6dfcdd7-fc6e-4b51-b91e-b64503dadc5e: start LeaderElection
2019-10-17 21:55:11,638 [d6dfcdd7-fc6e-4b51-b91e-b64503dadc5e@group-F967393F7C93-LeaderElection231] INFO  impl.LeaderElection (LeaderElection.java:askForVotes(178)) - d6dfcdd7-fc6e-4b51-b91e-b64503dadc5e@group-F967393F7C93-LeaderElection231: begin an election at term 227 for -1: [08d4cbaa-ffed-4411-a5fd-c4a38026aead:192.168.157.223:33910, da15dfee-23f0-4dc4-ad77-c00156c49cfa:192.168.157.223:42172, d6dfcdd7-fc6e-4b51-b91e-b64503dadc5e:192.168.157.223:43575], old=null
2019-10-17 21:55:11,639 [d6dfcdd7-fc6e-4b51-b91e-b64503dadc5e@group-F967393F7C93-LeaderElection231] INFO  impl.LeaderElection (LogUtils.java:infoOrTrace(149)) - d6dfcdd7-fc6e-4b51-b91e-b64503dadc5e@group-F967393F7C93-LeaderElection231 got exception when requesting votes: {}
java.util.concurrent.ExecutionException: org.apache.ratis.thirdparty.io.grpc.StatusRuntimeException: UNAVAILABLE: io exception
	at java.util.concurrent.FutureTask.report(FutureTask.java:122)
	at java.util.concurrent.FutureTask.get(FutureTask.java:192)
	at org.apache.ratis.server.impl.LeaderElection.waitForResults(LeaderElection.java:259)
	at org.apache.ratis.server.impl.LeaderElection.askForVotes(LeaderElection.java:197)
	at org.apache.ratis.server.impl.LeaderElection.run(LeaderElection.java:133)
	at java.lang.Thread.run(Thread.java:748)
Caused by: org.apache.ratis.thirdparty.io.grpc.StatusRuntimeException: UNAVAILABLE: io exception
	at org.apache.ratis.thirdparty.io.grpc.stub.ClientCalls.toStatusRuntimeException(ClientCalls.java:233)
	at org.apache.ratis.thirdparty.io.grpc.stub.ClientCalls.getUnchecked(ClientCalls.java:214)
	at org.apache.ratis.thirdparty.io.grpc.stub.ClientCalls.blockingUnaryCall(ClientCalls.java:139)
	at org.apache.ratis.proto.grpc.RaftServerProtocolServiceGrpc$RaftServerProtocolServiceBlockingStub.requestVote(RaftServerProtocolServiceGrpc.java:265)
	at org.apache.ratis.grpc.server.GrpcServerProtocolClient.requestVote(GrpcServerProtocolClient.java:99)
	at org.apache.ratis.grpc.server.GrpcService.requestVote(GrpcService.java:204)
	at org.apache.ratis.server.impl.LeaderElection.lambda$submitRequests$1(LeaderElection.java:234)
	at java.util.concurrent.FutureTask.run(FutureTask.java:266)
	at java.util.concurrent.Executors$RunnableAdapter.call(Executors.java:511)
	at java.util.concurrent.FutureTask.run(FutureTask.java:266)
	at java.util.concurrent.ThreadPoolExecutor.runWorker(ThreadPoolExecutor.java:1149)
	at java.util.concurrent.ThreadPoolExecutor$Worker.run(ThreadPoolExecutor.java:624)
	... 1 more
Caused by: org.apache.ratis.thirdparty.io.netty.channel.AbstractChannel$AnnotatedConnectException: Connection refused: /192.168.157.223:42172
	at sun.nio.ch.SocketChannelImpl.checkConnect(Native Method)
	at sun.nio.ch.SocketChannelImpl.finishConnect(SocketChannelImpl.java:717)
	at org.apache.ratis.thirdparty.io.netty.channel.socket.nio.NioSocketChannel.doFinishConnect(NioSocketChannel.java:327)
	at org.apache.ratis.thirdparty.io.netty.channel.nio.AbstractNioChannel$AbstractNioUnsafe.finishConnect(AbstractNioChannel.java:340)
	at org.apache.ratis.thirdparty.io.netty.channel.nio.NioEventLoop.processSelectedKey(NioEventLoop.java:632)
	at org.apache.ratis.thirdparty.io.netty.channel.nio.NioEventLoop.processSelectedKeysOptimized(NioEventLoop.java:579)
	at org.apache.ratis.thirdparty.io.netty.channel.nio.NioEventLoop.processSelectedKeys(NioEventLoop.java:496)
	at org.apache.ratis.thirdparty.io.netty.channel.nio.NioEventLoop.run(NioEventLoop.java:458)
	at org.apache.ratis.thirdparty.io.netty.util.concurrent.SingleThreadEventExecutor$5.run(SingleThreadEventExecutor.java:897)
	at org.apache.ratis.thirdparty.io.netty.util.concurrent.FastThreadLocalRunnable.run(FastThreadLocalRunnable.java:30)
	... 1 more
Caused by: java.net.ConnectException: Connection refused
	... 11 more
2019-10-17 21:55:11,640 [grpc-default-executor-1] INFO  impl.RaftServerImpl (RaftServerImpl.java:setRole(184)) - 08d4cbaa-ffed-4411-a5fd-c4a38026aead@group-F967393F7C93: changes role from  FOLLOWER to FOLLOWER at term 227 for recognizeCandidate:d6dfcdd7-fc6e-4b51-b91e-b64503dadc5e
2019-10-17 21:55:11,640 [grpc-default-executor-1] INFO  impl.RoleInfo (RoleInfo.java:shutdownFollowerState(121)) - 08d4cbaa-ffed-4411-a5fd-c4a38026aead: shutdown FollowerState
2019-10-17 21:55:11,641 [grpc-default-executor-1] INFO  impl.RoleInfo (RoleInfo.java:updateAndGet(143)) - 08d4cbaa-ffed-4411-a5fd-c4a38026aead: start FollowerState
2019-10-17 21:55:11,641 [Thread-2041] INFO  impl.FollowerState (FollowerState.java:run(117)) - 08d4cbaa-ffed-4411-a5fd-c4a38026aead@group-F967393F7C93-FollowerState was interrupted: java.lang.InterruptedException: sleep interrupted
2019-10-17 21:55:11,648 [d6dfcdd7-fc6e-4b51-b91e-b64503dadc5e@group-F967393F7C93-LeaderElection231] INFO  impl.LeaderElection (LeaderElection.java:logAndReturn(56)) - d6dfcdd7-fc6e-4b51-b91e-b64503dadc5e@group-F967393F7C93-LeaderElection231: Election REJECTED; received 1 response(s) [d6dfcdd7-fc6e-4b51-b91e-b64503dadc5e<-08d4cbaa-ffed-4411-a5fd-c4a38026aead#0:FAIL-t227] and 1 exception(s); d6dfcdd7-fc6e-4b51-b91e-b64503dadc5e@group-F967393F7C93:t227, leader=null, voted=d6dfcdd7-fc6e-4b51-b91e-b64503dadc5e, raftlog=d6dfcdd7-fc6e-4b51-b91e-b64503dadc5e@group-F967393F7C93-SegmentedRaftLog:OPENED:c-1,f-1,i0, conf=-1: [08d4cbaa-ffed-4411-a5fd-c4a38026aead:192.168.157.223:33910, da15dfee-23f0-4dc4-ad77-c00156c49cfa:192.168.157.223:42172, d6dfcdd7-fc6e-4b51-b91e-b64503dadc5e:192.168.157.223:43575], old=null
2019-10-17 21:55:11,648 [d6dfcdd7-fc6e-4b51-b91e-b64503dadc5e@group-F967393F7C93-LeaderElection231] INFO  impl.LeaderElection (LogUtils.java:infoOrTrace(149)) -   Exception 0: {}
java.util.concurrent.ExecutionException: org.apache.ratis.thirdparty.io.grpc.StatusRuntimeException: UNAVAILABLE: io exception
	at java.util.concurrent.FutureTask.report(FutureTask.java:122)
	at java.util.concurrent.FutureTask.get(FutureTask.java:192)
	at org.apache.ratis.server.impl.LeaderElection.waitForResults(LeaderElection.java:259)
	at org.apache.ratis.server.impl.LeaderElection.askForVotes(LeaderElection.java:197)
	at org.apache.ratis.server.impl.LeaderElection.run(LeaderElection.java:133)
	at java.lang.Thread.run(Thread.java:748)
Caused by: org.apache.ratis.thirdparty.io.grpc.StatusRuntimeException: UNAVAILABLE: io exception
	at org.apache.ratis.thirdparty.io.grpc.stub.ClientCalls.toStatusRuntimeException(ClientCalls.java:233)
	at org.apache.ratis.thirdparty.io.grpc.stub.ClientCalls.getUnchecked(ClientCalls.java:214)
	at org.apache.ratis.thirdparty.io.grpc.stub.ClientCalls.blockingUnaryCall(ClientCalls.java:139)
	at org.apache.ratis.proto.grpc.RaftServerProtocolServiceGrpc$RaftServerProtocolServiceBlockingStub.requestVote(RaftServerProtocolServiceGrpc.java:265)
	at org.apache.ratis.grpc.server.GrpcServerProtocolClient.requestVote(GrpcServerProtocolClient.java:99)
	at org.apache.ratis.grpc.server.GrpcService.requestVote(GrpcService.java:204)
	at org.apache.ratis.server.impl.LeaderElection.lambda$submitRequests$1(LeaderElection.java:234)
	at java.util.concurrent.FutureTask.run(FutureTask.java:266)
	at java.util.concurrent.Executors$RunnableAdapter.call(Executors.java:511)
	at java.util.concurrent.FutureTask.run(FutureTask.java:266)
	at java.util.concurrent.ThreadPoolExecutor.runWorker(ThreadPoolExecutor.java:1149)
	at java.util.concurrent.ThreadPoolExecutor$Worker.run(ThreadPoolExecutor.java:624)
	... 1 more
Caused by: org.apache.ratis.thirdparty.io.netty.channel.AbstractChannel$AnnotatedConnectException: Connection refused: /192.168.157.223:42172
	at sun.nio.ch.SocketChannelImpl.checkConnect(Native Method)
	at sun.nio.ch.SocketChannelImpl.finishConnect(SocketChannelImpl.java:717)
	at org.apache.ratis.thirdparty.io.netty.channel.socket.nio.NioSocketChannel.doFinishConnect(NioSocketChannel.java:327)
	at org.apache.ratis.thirdparty.io.netty.channel.nio.AbstractNioChannel$AbstractNioUnsafe.finishConnect(AbstractNioChannel.java:340)
	at org.apache.ratis.thirdparty.io.netty.channel.nio.NioEventLoop.processSelectedKey(NioEventLoop.java:632)
	at org.apache.ratis.thirdparty.io.netty.channel.nio.NioEventLoop.processSelectedKeysOptimized(NioEventLoop.java:579)
	at org.apache.ratis.thirdparty.io.netty.channel.nio.NioEventLoop.processSelectedKeys(NioEventLoop.java:496)
	at org.apache.ratis.thirdparty.io.netty.channel.nio.NioEventLoop.run(NioEventLoop.java:458)
	at org.apache.ratis.thirdparty.io.netty.util.concurrent.SingleThreadEventExecutor$5.run(SingleThreadEventExecutor.java:897)
	at org.apache.ratis.thirdparty.io.netty.util.concurrent.FastThreadLocalRunnable.run(FastThreadLocalRunnable.java:30)
	... 1 more
Caused by: java.net.ConnectException: Connection refused
	... 11 more
2019-10-17 21:55:11,649 [d6dfcdd7-fc6e-4b51-b91e-b64503dadc5e@group-F967393F7C93-LeaderElection231] INFO  impl.RaftServerImpl (RaftServerImpl.java:setRole(184)) - d6dfcdd7-fc6e-4b51-b91e-b64503dadc5e@group-F967393F7C93: changes role from CANDIDATE to FOLLOWER at term 227 for DISCOVERED_A_NEW_TERM
2019-10-17 21:55:11,649 [d6dfcdd7-fc6e-4b51-b91e-b64503dadc5e@group-F967393F7C93-LeaderElection231] INFO  impl.RoleInfo (RoleInfo.java:shutdownLeaderElection(134)) - d6dfcdd7-fc6e-4b51-b91e-b64503dadc5e: shutdown LeaderElection
2019-10-17 21:55:11,649 [d6dfcdd7-fc6e-4b51-b91e-b64503dadc5e@group-F967393F7C93-LeaderElection231] INFO  impl.RoleInfo (RoleInfo.java:updateAndGet(143)) - d6dfcdd7-fc6e-4b51-b91e-b64503dadc5e: start FollowerState
2019-10-17 21:55:11,712 [Thread-2047] INFO  impl.FollowerState (FollowerState.java:run(108)) - d6dfcdd7-fc6e-4b51-b91e-b64503dadc5e@group-F967393F7C93-FollowerState: change to CANDIDATE, lastRpcTime:62ms, electionTimeout:62ms
2019-10-17 21:55:11,712 [Thread-2047] INFO  impl.RoleInfo (RoleInfo.java:shutdownFollowerState(121)) - d6dfcdd7-fc6e-4b51-b91e-b64503dadc5e: shutdown FollowerState
2019-10-17 21:55:11,712 [Thread-2047] INFO  impl.RaftServerImpl (RaftServerImpl.java:setRole(184)) - d6dfcdd7-fc6e-4b51-b91e-b64503dadc5e@group-F967393F7C93: changes role from  FOLLOWER to CANDIDATE at term 227 for changeToCandidate
2019-10-17 21:55:11,712 [Thread-2047] INFO  impl.RoleInfo (RoleInfo.java:updateAndGet(143)) - d6dfcdd7-fc6e-4b51-b91e-b64503dadc5e: start LeaderElection
2019-10-17 21:55:11,725 [d6dfcdd7-fc6e-4b51-b91e-b64503dadc5e@group-F967393F7C93-LeaderElection232] INFO  impl.LeaderElection (LeaderElection.java:askForVotes(178)) - d6dfcdd7-fc6e-4b51-b91e-b64503dadc5e@group-F967393F7C93-LeaderElection232: begin an election at term 228 for -1: [08d4cbaa-ffed-4411-a5fd-c4a38026aead:192.168.157.223:33910, da15dfee-23f0-4dc4-ad77-c00156c49cfa:192.168.157.223:42172, d6dfcdd7-fc6e-4b51-b91e-b64503dadc5e:192.168.157.223:43575], old=null
2019-10-17 21:55:11,726 [d6dfcdd7-fc6e-4b51-b91e-b64503dadc5e@group-F967393F7C93-LeaderElection232] INFO  impl.LeaderElection (LogUtils.java:infoOrTrace(149)) - d6dfcdd7-fc6e-4b51-b91e-b64503dadc5e@group-F967393F7C93-LeaderElection232 got exception when requesting votes: {}
java.util.concurrent.ExecutionException: org.apache.ratis.thirdparty.io.grpc.StatusRuntimeException: UNAVAILABLE: io exception
	at java.util.concurrent.FutureTask.report(FutureTask.java:122)
	at java.util.concurrent.FutureTask.get(FutureTask.java:192)
	at org.apache.ratis.server.impl.LeaderElection.waitForResults(LeaderElection.java:259)
	at org.apache.ratis.server.impl.LeaderElection.askForVotes(LeaderElection.java:197)
	at org.apache.ratis.server.impl.LeaderElection.run(LeaderElection.java:133)
	at java.lang.Thread.run(Thread.java:748)
Caused by: org.apache.ratis.thirdparty.io.grpc.StatusRuntimeException: UNAVAILABLE: io exception
	at org.apache.ratis.thirdparty.io.grpc.stub.ClientCalls.toStatusRuntimeException(ClientCalls.java:233)
	at org.apache.ratis.thirdparty.io.grpc.stub.ClientCalls.getUnchecked(ClientCalls.java:214)
	at org.apache.ratis.thirdparty.io.grpc.stub.ClientCalls.blockingUnaryCall(ClientCalls.java:139)
	at org.apache.ratis.proto.grpc.RaftServerProtocolServiceGrpc$RaftServerProtocolServiceBlockingStub.requestVote(RaftServerProtocolServiceGrpc.java:265)
	at org.apache.ratis.grpc.server.GrpcServerProtocolClient.requestVote(GrpcServerProtocolClient.java:99)
	at org.apache.ratis.grpc.server.GrpcService.requestVote(GrpcService.java:204)
	at org.apache.ratis.server.impl.LeaderElection.lambda$submitRequests$1(LeaderElection.java:234)
	at java.util.concurrent.FutureTask.run(FutureTask.java:266)
	at java.util.concurrent.Executors$RunnableAdapter.call(Executors.java:511)
	at java.util.concurrent.FutureTask.run(FutureTask.java:266)
	at java.util.concurrent.ThreadPoolExecutor.runWorker(ThreadPoolExecutor.java:1149)
	at java.util.concurrent.ThreadPoolExecutor$Worker.run(ThreadPoolExecutor.java:624)
	... 1 more
Caused by: org.apache.ratis.thirdparty.io.netty.channel.AbstractChannel$AnnotatedConnectException: Connection refused: /192.168.157.223:42172
	at sun.nio.ch.SocketChannelImpl.checkConnect(Native Method)
	at sun.nio.ch.SocketChannelImpl.finishConnect(SocketChannelImpl.java:717)
	at org.apache.ratis.thirdparty.io.netty.channel.socket.nio.NioSocketChannel.doFinishConnect(NioSocketChannel.java:327)
	at org.apache.ratis.thirdparty.io.netty.channel.nio.AbstractNioChannel$AbstractNioUnsafe.finishConnect(AbstractNioChannel.java:340)
	at org.apache.ratis.thirdparty.io.netty.channel.nio.NioEventLoop.processSelectedKey(NioEventLoop.java:632)
	at org.apache.ratis.thirdparty.io.netty.channel.nio.NioEventLoop.processSelectedKeysOptimized(NioEventLoop.java:579)
	at org.apache.ratis.thirdparty.io.netty.channel.nio.NioEventLoop.processSelectedKeys(NioEventLoop.java:496)
	at org.apache.ratis.thirdparty.io.netty.channel.nio.NioEventLoop.run(NioEventLoop.java:458)
	at org.apache.ratis.thirdparty.io.netty.util.concurrent.SingleThreadEventExecutor$5.run(SingleThreadEventExecutor.java:897)
	at org.apache.ratis.thirdparty.io.netty.util.concurrent.FastThreadLocalRunnable.run(FastThreadLocalRunnable.java:30)
	... 1 more
Caused by: java.net.ConnectException: Connection refused
	... 11 more
2019-10-17 21:55:11,727 [grpc-default-executor-1] INFO  impl.RaftServerImpl (RaftServerImpl.java:setRole(184)) - 08d4cbaa-ffed-4411-a5fd-c4a38026aead@group-F967393F7C93: changes role from  FOLLOWER to FOLLOWER at term 228 for recognizeCandidate:d6dfcdd7-fc6e-4b51-b91e-b64503dadc5e
2019-10-17 21:55:11,727 [grpc-default-executor-1] INFO  impl.RoleInfo (RoleInfo.java:shutdownFollowerState(121)) - 08d4cbaa-ffed-4411-a5fd-c4a38026aead: shutdown FollowerState
2019-10-17 21:55:11,727 [grpc-default-executor-1] INFO  impl.RoleInfo (RoleInfo.java:updateAndGet(143)) - 08d4cbaa-ffed-4411-a5fd-c4a38026aead: start FollowerState
2019-10-17 21:55:11,727 [Thread-2046] INFO  impl.FollowerState (FollowerState.java:run(117)) - 08d4cbaa-ffed-4411-a5fd-c4a38026aead@group-F967393F7C93-FollowerState was interrupted: java.lang.InterruptedException: sleep interrupted
2019-10-17 21:55:11,741 [d6dfcdd7-fc6e-4b51-b91e-b64503dadc5e@group-F967393F7C93-LeaderElection232] INFO  impl.LeaderElection (LeaderElection.java:logAndReturn(56)) - d6dfcdd7-fc6e-4b51-b91e-b64503dadc5e@group-F967393F7C93-LeaderElection232: Election REJECTED; received 1 response(s) [d6dfcdd7-fc6e-4b51-b91e-b64503dadc5e<-08d4cbaa-ffed-4411-a5fd-c4a38026aead#0:FAIL-t228] and 1 exception(s); d6dfcdd7-fc6e-4b51-b91e-b64503dadc5e@group-F967393F7C93:t228, leader=null, voted=d6dfcdd7-fc6e-4b51-b91e-b64503dadc5e, raftlog=d6dfcdd7-fc6e-4b51-b91e-b64503dadc5e@group-F967393F7C93-SegmentedRaftLog:OPENED:c-1,f-1,i0, conf=-1: [08d4cbaa-ffed-4411-a5fd-c4a38026aead:192.168.157.223:33910, da15dfee-23f0-4dc4-ad77-c00156c49cfa:192.168.157.223:42172, d6dfcdd7-fc6e-4b51-b91e-b64503dadc5e:192.168.157.223:43575], old=null
2019-10-17 21:55:11,741 [d6dfcdd7-fc6e-4b51-b91e-b64503dadc5e@group-F967393F7C93-LeaderElection232] INFO  impl.LeaderElection (LogUtils.java:infoOrTrace(149)) -   Exception 0: {}
java.util.concurrent.ExecutionException: org.apache.ratis.thirdparty.io.grpc.StatusRuntimeException: UNAVAILABLE: io exception
	at java.util.concurrent.FutureTask.report(FutureTask.java:122)
	at java.util.concurrent.FutureTask.get(FutureTask.java:192)
	at org.apache.ratis.server.impl.LeaderElection.waitForResults(LeaderElection.java:259)
	at org.apache.ratis.server.impl.LeaderElection.askForVotes(LeaderElection.java:197)
	at org.apache.ratis.server.impl.LeaderElection.run(LeaderElection.java:133)
	at java.lang.Thread.run(Thread.java:748)
Caused by: org.apache.ratis.thirdparty.io.grpc.StatusRuntimeException: UNAVAILABLE: io exception
	at org.apache.ratis.thirdparty.io.grpc.stub.ClientCalls.toStatusRuntimeException(ClientCalls.java:233)
	at org.apache.ratis.thirdparty.io.grpc.stub.ClientCalls.getUnchecked(ClientCalls.java:214)
	at org.apache.ratis.thirdparty.io.grpc.stub.ClientCalls.blockingUnaryCall(ClientCalls.java:139)
	at org.apache.ratis.proto.grpc.RaftServerProtocolServiceGrpc$RaftServerProtocolServiceBlockingStub.requestVote(RaftServerProtocolServiceGrpc.java:265)
	at org.apache.ratis.grpc.server.GrpcServerProtocolClient.requestVote(GrpcServerProtocolClient.java:99)
	at org.apache.ratis.grpc.server.GrpcService.requestVote(GrpcService.java:204)
	at org.apache.ratis.server.impl.LeaderElection.lambda$submitRequests$1(LeaderElection.java:234)
	at java.util.concurrent.FutureTask.run(FutureTask.java:266)
	at java.util.concurrent.Executors$RunnableAdapter.call(Executors.java:511)
	at java.util.concurrent.FutureTask.run(FutureTask.java:266)
	at java.util.concurrent.ThreadPoolExecutor.runWorker(ThreadPoolExecutor.java:1149)
	at java.util.concurrent.ThreadPoolExecutor$Worker.run(ThreadPoolExecutor.java:624)
	... 1 more
Caused by: org.apache.ratis.thirdparty.io.netty.channel.AbstractChannel$AnnotatedConnectException: Connection refused: /192.168.157.223:42172
	at sun.nio.ch.SocketChannelImpl.checkConnect(Native Method)
	at sun.nio.ch.SocketChannelImpl.finishConnect(SocketChannelImpl.java:717)
	at org.apache.ratis.thirdparty.io.netty.channel.socket.nio.NioSocketChannel.doFinishConnect(NioSocketChannel.java:327)
	at org.apache.ratis.thirdparty.io.netty.channel.nio.AbstractNioChannel$AbstractNioUnsafe.finishConnect(AbstractNioChannel.java:340)
	at org.apache.ratis.thirdparty.io.netty.channel.nio.NioEventLoop.processSelectedKey(NioEventLoop.java:632)
	at org.apache.ratis.thirdparty.io.netty.channel.nio.NioEventLoop.processSelectedKeysOptimized(NioEventLoop.java:579)
	at org.apache.ratis.thirdparty.io.netty.channel.nio.NioEventLoop.processSelectedKeys(NioEventLoop.java:496)
	at org.apache.ratis.thirdparty.io.netty.channel.nio.NioEventLoop.run(NioEventLoop.java:458)
	at org.apache.ratis.thirdparty.io.netty.util.concurrent.SingleThreadEventExecutor$5.run(SingleThreadEventExecutor.java:897)
	at org.apache.ratis.thirdparty.io.netty.util.concurrent.FastThreadLocalRunnable.run(FastThreadLocalRunnable.java:30)
	... 1 more
Caused by: java.net.ConnectException: Connection refused
	... 11 more
2019-10-17 21:55:11,742 [d6dfcdd7-fc6e-4b51-b91e-b64503dadc5e@group-F967393F7C93-LeaderElection232] INFO  impl.RaftServerImpl (RaftServerImpl.java:setRole(184)) - d6dfcdd7-fc6e-4b51-b91e-b64503dadc5e@group-F967393F7C93: changes role from CANDIDATE to FOLLOWER at term 228 for DISCOVERED_A_NEW_TERM
2019-10-17 21:55:11,742 [d6dfcdd7-fc6e-4b51-b91e-b64503dadc5e@group-F967393F7C93-LeaderElection232] INFO  impl.RoleInfo (RoleInfo.java:shutdownLeaderElection(134)) - d6dfcdd7-fc6e-4b51-b91e-b64503dadc5e: shutdown LeaderElection
2019-10-17 21:55:11,742 [d6dfcdd7-fc6e-4b51-b91e-b64503dadc5e@group-F967393F7C93-LeaderElection232] INFO  impl.RoleInfo (RoleInfo.java:updateAndGet(143)) - d6dfcdd7-fc6e-4b51-b91e-b64503dadc5e: start FollowerState
2019-10-17 21:55:11,776 [java.util.concurrent.ThreadPoolExecutor$Worker@71aa17a1[State = -1, empty queue]] WARN  server.GrpcLogAppender (GrpcLogAppender.java:timeoutAppendRequest(209)) - de567563-d0dd-4cf2-91b7-f72627909699@group-3097D7458558->db0af43e-c62e-4c1d-affa-ffdb4faae2f8-GrpcLogAppender: appendEntries Timeout, request=de567563-d0dd-4cf2-91b7-f72627909699->db0af43e-c62e-4c1d-affa-ffdb4faae2f8#53-t10, previous=(t:10, i:4), leaderCommit=4, initializing? false, entries: <empty>
2019-10-17 21:55:11,798 [Thread-2052] INFO  impl.FollowerState (FollowerState.java:run(108)) - d6dfcdd7-fc6e-4b51-b91e-b64503dadc5e@group-F967393F7C93-FollowerState: change to CANDIDATE, lastRpcTime:55ms, electionTimeout:55ms
2019-10-17 21:55:11,798 [Thread-2052] INFO  impl.RoleInfo (RoleInfo.java:shutdownFollowerState(121)) - d6dfcdd7-fc6e-4b51-b91e-b64503dadc5e: shutdown FollowerState
2019-10-17 21:55:11,798 [Thread-2052] INFO  impl.RaftServerImpl (RaftServerImpl.java:setRole(184)) - d6dfcdd7-fc6e-4b51-b91e-b64503dadc5e@group-F967393F7C93: changes role from  FOLLOWER to CANDIDATE at term 228 for changeToCandidate
2019-10-17 21:55:11,798 [Thread-2052] INFO  impl.RoleInfo (RoleInfo.java:updateAndGet(143)) - d6dfcdd7-fc6e-4b51-b91e-b64503dadc5e: start LeaderElection
2019-10-17 21:55:11,811 [d6dfcdd7-fc6e-4b51-b91e-b64503dadc5e@group-F967393F7C93-LeaderElection233] INFO  impl.LeaderElection (LeaderElection.java:askForVotes(178)) - d6dfcdd7-fc6e-4b51-b91e-b64503dadc5e@group-F967393F7C93-LeaderElection233: begin an election at term 229 for -1: [08d4cbaa-ffed-4411-a5fd-c4a38026aead:192.168.157.223:33910, da15dfee-23f0-4dc4-ad77-c00156c49cfa:192.168.157.223:42172, d6dfcdd7-fc6e-4b51-b91e-b64503dadc5e:192.168.157.223:43575], old=null
2019-10-17 21:55:11,812 [d6dfcdd7-fc6e-4b51-b91e-b64503dadc5e@group-F967393F7C93-LeaderElection233] INFO  impl.LeaderElection (LogUtils.java:infoOrTrace(149)) - d6dfcdd7-fc6e-4b51-b91e-b64503dadc5e@group-F967393F7C93-LeaderElection233 got exception when requesting votes: {}
java.util.concurrent.ExecutionException: org.apache.ratis.thirdparty.io.grpc.StatusRuntimeException: UNAVAILABLE: io exception
	at java.util.concurrent.FutureTask.report(FutureTask.java:122)
	at java.util.concurrent.FutureTask.get(FutureTask.java:192)
	at org.apache.ratis.server.impl.LeaderElection.waitForResults(LeaderElection.java:259)
	at org.apache.ratis.server.impl.LeaderElection.askForVotes(LeaderElection.java:197)
	at org.apache.ratis.server.impl.LeaderElection.run(LeaderElection.java:133)
	at java.lang.Thread.run(Thread.java:748)
Caused by: org.apache.ratis.thirdparty.io.grpc.StatusRuntimeException: UNAVAILABLE: io exception
	at org.apache.ratis.thirdparty.io.grpc.stub.ClientCalls.toStatusRuntimeException(ClientCalls.java:233)
	at org.apache.ratis.thirdparty.io.grpc.stub.ClientCalls.getUnchecked(ClientCalls.java:214)
	at org.apache.ratis.thirdparty.io.grpc.stub.ClientCalls.blockingUnaryCall(ClientCalls.java:139)
	at org.apache.ratis.proto.grpc.RaftServerProtocolServiceGrpc$RaftServerProtocolServiceBlockingStub.requestVote(RaftServerProtocolServiceGrpc.java:265)
	at org.apache.ratis.grpc.server.GrpcServerProtocolClient.requestVote(GrpcServerProtocolClient.java:99)
	at org.apache.ratis.grpc.server.GrpcService.requestVote(GrpcService.java:204)
	at org.apache.ratis.server.impl.LeaderElection.lambda$submitRequests$1(LeaderElection.java:234)
	at java.util.concurrent.FutureTask.run(FutureTask.java:266)
	at java.util.concurrent.Executors$RunnableAdapter.call(Executors.java:511)
	at java.util.concurrent.FutureTask.run(FutureTask.java:266)
	at java.util.concurrent.ThreadPoolExecutor.runWorker(ThreadPoolExecutor.java:1149)
	at java.util.concurrent.ThreadPoolExecutor$Worker.run(ThreadPoolExecutor.java:624)
	... 1 more
Caused by: org.apache.ratis.thirdparty.io.netty.channel.AbstractChannel$AnnotatedConnectException: Connection refused: /192.168.157.223:42172
	at sun.nio.ch.SocketChannelImpl.checkConnect(Native Method)
	at sun.nio.ch.SocketChannelImpl.finishConnect(SocketChannelImpl.java:717)
	at org.apache.ratis.thirdparty.io.netty.channel.socket.nio.NioSocketChannel.doFinishConnect(NioSocketChannel.java:327)
	at org.apache.ratis.thirdparty.io.netty.channel.nio.AbstractNioChannel$AbstractNioUnsafe.finishConnect(AbstractNioChannel.java:340)
	at org.apache.ratis.thirdparty.io.netty.channel.nio.NioEventLoop.processSelectedKey(NioEventLoop.java:632)
	at org.apache.ratis.thirdparty.io.netty.channel.nio.NioEventLoop.processSelectedKeysOptimized(NioEventLoop.java:579)
	at org.apache.ratis.thirdparty.io.netty.channel.nio.NioEventLoop.processSelectedKeys(NioEventLoop.java:496)
	at org.apache.ratis.thirdparty.io.netty.channel.nio.NioEventLoop.run(NioEventLoop.java:458)
	at org.apache.ratis.thirdparty.io.netty.util.concurrent.SingleThreadEventExecutor$5.run(SingleThreadEventExecutor.java:897)
	at org.apache.ratis.thirdparty.io.netty.util.concurrent.FastThreadLocalRunnable.run(FastThreadLocalRunnable.java:30)
	... 1 more
Caused by: java.net.ConnectException: Connection refused
	... 11 more
2019-10-17 21:55:11,814 [grpc-default-executor-1] INFO  impl.RaftServerImpl (RaftServerImpl.java:setRole(184)) - 08d4cbaa-ffed-4411-a5fd-c4a38026aead@group-F967393F7C93: changes role from  FOLLOWER to FOLLOWER at term 229 for recognizeCandidate:d6dfcdd7-fc6e-4b51-b91e-b64503dadc5e
2019-10-17 21:55:11,814 [grpc-default-executor-1] INFO  impl.RoleInfo (RoleInfo.java:shutdownFollowerState(121)) - 08d4cbaa-ffed-4411-a5fd-c4a38026aead: shutdown FollowerState
2019-10-17 21:55:11,814 [grpc-default-executor-1] INFO  impl.RoleInfo (RoleInfo.java:updateAndGet(143)) - 08d4cbaa-ffed-4411-a5fd-c4a38026aead: start FollowerState
2019-10-17 21:55:11,814 [Thread-2051] INFO  impl.FollowerState (FollowerState.java:run(117)) - 08d4cbaa-ffed-4411-a5fd-c4a38026aead@group-F967393F7C93-FollowerState was interrupted: java.lang.InterruptedException: sleep interrupted
2019-10-17 21:55:11,828 [d6dfcdd7-fc6e-4b51-b91e-b64503dadc5e@group-F967393F7C93-LeaderElection233] INFO  impl.LeaderElection (LeaderElection.java:logAndReturn(56)) - d6dfcdd7-fc6e-4b51-b91e-b64503dadc5e@group-F967393F7C93-LeaderElection233: Election REJECTED; received 1 response(s) [d6dfcdd7-fc6e-4b51-b91e-b64503dadc5e<-08d4cbaa-ffed-4411-a5fd-c4a38026aead#0:FAIL-t229] and 1 exception(s); d6dfcdd7-fc6e-4b51-b91e-b64503dadc5e@group-F967393F7C93:t229, leader=null, voted=d6dfcdd7-fc6e-4b51-b91e-b64503dadc5e, raftlog=d6dfcdd7-fc6e-4b51-b91e-b64503dadc5e@group-F967393F7C93-SegmentedRaftLog:OPENED:c-1,f-1,i0, conf=-1: [08d4cbaa-ffed-4411-a5fd-c4a38026aead:192.168.157.223:33910, da15dfee-23f0-4dc4-ad77-c00156c49cfa:192.168.157.223:42172, d6dfcdd7-fc6e-4b51-b91e-b64503dadc5e:192.168.157.223:43575], old=null
2019-10-17 21:55:11,828 [d6dfcdd7-fc6e-4b51-b91e-b64503dadc5e@group-F967393F7C93-LeaderElection233] INFO  impl.LeaderElection (LogUtils.java:infoOrTrace(149)) -   Exception 0: {}
java.util.concurrent.ExecutionException: org.apache.ratis.thirdparty.io.grpc.StatusRuntimeException: UNAVAILABLE: io exception
	at java.util.concurrent.FutureTask.report(FutureTask.java:122)
	at java.util.concurrent.FutureTask.get(FutureTask.java:192)
	at org.apache.ratis.server.impl.LeaderElection.waitForResults(LeaderElection.java:259)
	at org.apache.ratis.server.impl.LeaderElection.askForVotes(LeaderElection.java:197)
	at org.apache.ratis.server.impl.LeaderElection.run(LeaderElection.java:133)
	at java.lang.Thread.run(Thread.java:748)
Caused by: org.apache.ratis.thirdparty.io.grpc.StatusRuntimeException: UNAVAILABLE: io exception
	at org.apache.ratis.thirdparty.io.grpc.stub.ClientCalls.toStatusRuntimeException(ClientCalls.java:233)
	at org.apache.ratis.thirdparty.io.grpc.stub.ClientCalls.getUnchecked(ClientCalls.java:214)
	at org.apache.ratis.thirdparty.io.grpc.stub.ClientCalls.blockingUnaryCall(ClientCalls.java:139)
	at org.apache.ratis.proto.grpc.RaftServerProtocolServiceGrpc$RaftServerProtocolServiceBlockingStub.requestVote(RaftServerProtocolServiceGrpc.java:265)
	at org.apache.ratis.grpc.server.GrpcServerProtocolClient.requestVote(GrpcServerProtocolClient.java:99)
	at org.apache.ratis.grpc.server.GrpcService.requestVote(GrpcService.java:204)
	at org.apache.ratis.server.impl.LeaderElection.lambda$submitRequests$1(LeaderElection.java:234)
	at java.util.concurrent.FutureTask.run(FutureTask.java:266)
	at java.util.concurrent.Executors$RunnableAdapter.call(Executors.java:511)
	at java.util.concurrent.FutureTask.run(FutureTask.java:266)
	at java.util.concurrent.ThreadPoolExecutor.runWorker(ThreadPoolExecutor.java:1149)
	at java.util.concurrent.ThreadPoolExecutor$Worker.run(ThreadPoolExecutor.java:624)
	... 1 more
Caused by: org.apache.ratis.thirdparty.io.netty.channel.AbstractChannel$AnnotatedConnectException: Connection refused: /192.168.157.223:42172
	at sun.nio.ch.SocketChannelImpl.checkConnect(Native Method)
	at sun.nio.ch.SocketChannelImpl.finishConnect(SocketChannelImpl.java:717)
	at org.apache.ratis.thirdparty.io.netty.channel.socket.nio.NioSocketChannel.doFinishConnect(NioSocketChannel.java:327)
	at org.apache.ratis.thirdparty.io.netty.channel.nio.AbstractNioChannel$AbstractNioUnsafe.finishConnect(AbstractNioChannel.java:340)
	at org.apache.ratis.thirdparty.io.netty.channel.nio.NioEventLoop.processSelectedKey(NioEventLoop.java:632)
	at org.apache.ratis.thirdparty.io.netty.channel.nio.NioEventLoop.processSelectedKeysOptimized(NioEventLoop.java:579)
	at org.apache.ratis.thirdparty.io.netty.channel.nio.NioEventLoop.processSelectedKeys(NioEventLoop.java:496)
	at org.apache.ratis.thirdparty.io.netty.channel.nio.NioEventLoop.run(NioEventLoop.java:458)
	at org.apache.ratis.thirdparty.io.netty.util.concurrent.SingleThreadEventExecutor$5.run(SingleThreadEventExecutor.java:897)
	at org.apache.ratis.thirdparty.io.netty.util.concurrent.FastThreadLocalRunnable.run(FastThreadLocalRunnable.java:30)
	... 1 more
Caused by: java.net.ConnectException: Connection refused
	... 11 more
2019-10-17 21:55:11,828 [d6dfcdd7-fc6e-4b51-b91e-b64503dadc5e@group-F967393F7C93-LeaderElection233] INFO  impl.RaftServerImpl (RaftServerImpl.java:setRole(184)) - d6dfcdd7-fc6e-4b51-b91e-b64503dadc5e@group-F967393F7C93: changes role from CANDIDATE to FOLLOWER at term 229 for DISCOVERED_A_NEW_TERM
2019-10-17 21:55:11,829 [d6dfcdd7-fc6e-4b51-b91e-b64503dadc5e@group-F967393F7C93-LeaderElection233] INFO  impl.RoleInfo (RoleInfo.java:shutdownLeaderElection(134)) - d6dfcdd7-fc6e-4b51-b91e-b64503dadc5e: shutdown LeaderElection
2019-10-17 21:55:11,829 [d6dfcdd7-fc6e-4b51-b91e-b64503dadc5e@group-F967393F7C93-LeaderElection233] INFO  impl.RoleInfo (RoleInfo.java:updateAndGet(143)) - d6dfcdd7-fc6e-4b51-b91e-b64503dadc5e: start FollowerState
2019-10-17 21:55:11,923 [Thread-2058] INFO  impl.FollowerState (FollowerState.java:run(108)) - d6dfcdd7-fc6e-4b51-b91e-b64503dadc5e@group-F967393F7C93-FollowerState: change to CANDIDATE, lastRpcTime:94ms, electionTimeout:94ms
2019-10-17 21:55:11,923 [Thread-2058] INFO  impl.RoleInfo (RoleInfo.java:shutdownFollowerState(121)) - d6dfcdd7-fc6e-4b51-b91e-b64503dadc5e: shutdown FollowerState
2019-10-17 21:55:11,923 [Thread-2058] INFO  impl.RaftServerImpl (RaftServerImpl.java:setRole(184)) - d6dfcdd7-fc6e-4b51-b91e-b64503dadc5e@group-F967393F7C93: changes role from  FOLLOWER to CANDIDATE at term 229 for changeToCandidate
2019-10-17 21:55:11,924 [Thread-2058] INFO  impl.RoleInfo (RoleInfo.java:updateAndGet(143)) - d6dfcdd7-fc6e-4b51-b91e-b64503dadc5e: start LeaderElection
2019-10-17 21:55:11,942 [d6dfcdd7-fc6e-4b51-b91e-b64503dadc5e@group-F967393F7C93-LeaderElection234] INFO  impl.LeaderElection (LeaderElection.java:askForVotes(178)) - d6dfcdd7-fc6e-4b51-b91e-b64503dadc5e@group-F967393F7C93-LeaderElection234: begin an election at term 230 for -1: [08d4cbaa-ffed-4411-a5fd-c4a38026aead:192.168.157.223:33910, da15dfee-23f0-4dc4-ad77-c00156c49cfa:192.168.157.223:42172, d6dfcdd7-fc6e-4b51-b91e-b64503dadc5e:192.168.157.223:43575], old=null
2019-10-17 21:55:11,943 [d6dfcdd7-fc6e-4b51-b91e-b64503dadc5e@group-F967393F7C93-LeaderElection234] INFO  impl.LeaderElection (LogUtils.java:infoOrTrace(149)) - d6dfcdd7-fc6e-4b51-b91e-b64503dadc5e@group-F967393F7C93-LeaderElection234 got exception when requesting votes: {}
java.util.concurrent.ExecutionException: org.apache.ratis.thirdparty.io.grpc.StatusRuntimeException: UNAVAILABLE: io exception
	at java.util.concurrent.FutureTask.report(FutureTask.java:122)
	at java.util.concurrent.FutureTask.get(FutureTask.java:192)
	at org.apache.ratis.server.impl.LeaderElection.waitForResults(LeaderElection.java:259)
	at org.apache.ratis.server.impl.LeaderElection.askForVotes(LeaderElection.java:197)
	at org.apache.ratis.server.impl.LeaderElection.run(LeaderElection.java:133)
	at java.lang.Thread.run(Thread.java:748)
Caused by: org.apache.ratis.thirdparty.io.grpc.StatusRuntimeException: UNAVAILABLE: io exception
	at org.apache.ratis.thirdparty.io.grpc.stub.ClientCalls.toStatusRuntimeException(ClientCalls.java:233)
	at org.apache.ratis.thirdparty.io.grpc.stub.ClientCalls.getUnchecked(ClientCalls.java:214)
	at org.apache.ratis.thirdparty.io.grpc.stub.ClientCalls.blockingUnaryCall(ClientCalls.java:139)
	at org.apache.ratis.proto.grpc.RaftServerProtocolServiceGrpc$RaftServerProtocolServiceBlockingStub.requestVote(RaftServerProtocolServiceGrpc.java:265)
	at org.apache.ratis.grpc.server.GrpcServerProtocolClient.requestVote(GrpcServerProtocolClient.java:99)
	at org.apache.ratis.grpc.server.GrpcService.requestVote(GrpcService.java:204)
	at org.apache.ratis.server.impl.LeaderElection.lambda$submitRequests$1(LeaderElection.java:234)
	at java.util.concurrent.FutureTask.run(FutureTask.java:266)
	at java.util.concurrent.Executors$RunnableAdapter.call(Executors.java:511)
	at java.util.concurrent.FutureTask.run(FutureTask.java:266)
	at java.util.concurrent.ThreadPoolExecutor.runWorker(ThreadPoolExecutor.java:1149)
	at java.util.concurrent.ThreadPoolExecutor$Worker.run(ThreadPoolExecutor.java:624)
	... 1 more
Caused by: org.apache.ratis.thirdparty.io.netty.channel.AbstractChannel$AnnotatedConnectException: Connection refused: /192.168.157.223:42172
	at sun.nio.ch.SocketChannelImpl.checkConnect(Native Method)
	at sun.nio.ch.SocketChannelImpl.finishConnect(SocketChannelImpl.java:717)
	at org.apache.ratis.thirdparty.io.netty.channel.socket.nio.NioSocketChannel.doFinishConnect(NioSocketChannel.java:327)
	at org.apache.ratis.thirdparty.io.netty.channel.nio.AbstractNioChannel$AbstractNioUnsafe.finishConnect(AbstractNioChannel.java:340)
	at org.apache.ratis.thirdparty.io.netty.channel.nio.NioEventLoop.processSelectedKey(NioEventLoop.java:632)
	at org.apache.ratis.thirdparty.io.netty.channel.nio.NioEventLoop.processSelectedKeysOptimized(NioEventLoop.java:579)
	at org.apache.ratis.thirdparty.io.netty.channel.nio.NioEventLoop.processSelectedKeys(NioEventLoop.java:496)
	at org.apache.ratis.thirdparty.io.netty.channel.nio.NioEventLoop.run(NioEventLoop.java:458)
	at org.apache.ratis.thirdparty.io.netty.util.concurrent.SingleThreadEventExecutor$5.run(SingleThreadEventExecutor.java:897)
	at org.apache.ratis.thirdparty.io.netty.util.concurrent.FastThreadLocalRunnable.run(FastThreadLocalRunnable.java:30)
	... 1 more
Caused by: java.net.ConnectException: Connection refused
	... 11 more
2019-10-17 21:55:11,944 [grpc-default-executor-1] INFO  impl.RaftServerImpl (RaftServerImpl.java:setRole(184)) - 08d4cbaa-ffed-4411-a5fd-c4a38026aead@group-F967393F7C93: changes role from  FOLLOWER to FOLLOWER at term 230 for recognizeCandidate:d6dfcdd7-fc6e-4b51-b91e-b64503dadc5e
2019-10-17 21:55:11,944 [grpc-default-executor-1] INFO  impl.RoleInfo (RoleInfo.java:shutdownFollowerState(121)) - 08d4cbaa-ffed-4411-a5fd-c4a38026aead: shutdown FollowerState
2019-10-17 21:55:11,945 [grpc-default-executor-1] INFO  impl.RoleInfo (RoleInfo.java:updateAndGet(143)) - 08d4cbaa-ffed-4411-a5fd-c4a38026aead: start FollowerState
2019-10-17 21:55:11,945 [Thread-2056] INFO  impl.FollowerState (FollowerState.java:run(117)) - 08d4cbaa-ffed-4411-a5fd-c4a38026aead@group-F967393F7C93-FollowerState was interrupted: java.lang.InterruptedException: sleep interrupted
2019-10-17 21:55:11,958 [d6dfcdd7-fc6e-4b51-b91e-b64503dadc5e@group-F967393F7C93-LeaderElection234] INFO  impl.LeaderElection (LeaderElection.java:logAndReturn(56)) - d6dfcdd7-fc6e-4b51-b91e-b64503dadc5e@group-F967393F7C93-LeaderElection234: Election REJECTED; received 1 response(s) [d6dfcdd7-fc6e-4b51-b91e-b64503dadc5e<-08d4cbaa-ffed-4411-a5fd-c4a38026aead#0:FAIL-t230] and 1 exception(s); d6dfcdd7-fc6e-4b51-b91e-b64503dadc5e@group-F967393F7C93:t230, leader=null, voted=d6dfcdd7-fc6e-4b51-b91e-b64503dadc5e, raftlog=d6dfcdd7-fc6e-4b51-b91e-b64503dadc5e@group-F967393F7C93-SegmentedRaftLog:OPENED:c-1,f-1,i0, conf=-1: [08d4cbaa-ffed-4411-a5fd-c4a38026aead:192.168.157.223:33910, da15dfee-23f0-4dc4-ad77-c00156c49cfa:192.168.157.223:42172, d6dfcdd7-fc6e-4b51-b91e-b64503dadc5e:192.168.157.223:43575], old=null
2019-10-17 21:55:11,958 [d6dfcdd7-fc6e-4b51-b91e-b64503dadc5e@group-F967393F7C93-LeaderElection234] INFO  impl.LeaderElection (LogUtils.java:infoOrTrace(149)) -   Exception 0: {}
java.util.concurrent.ExecutionException: org.apache.ratis.thirdparty.io.grpc.StatusRuntimeException: UNAVAILABLE: io exception
	at java.util.concurrent.FutureTask.report(FutureTask.java:122)
	at java.util.concurrent.FutureTask.get(FutureTask.java:192)
	at org.apache.ratis.server.impl.LeaderElection.waitForResults(LeaderElection.java:259)
	at org.apache.ratis.server.impl.LeaderElection.askForVotes(LeaderElection.java:197)
	at org.apache.ratis.server.impl.LeaderElection.run(LeaderElection.java:133)
	at java.lang.Thread.run(Thread.java:748)
Caused by: org.apache.ratis.thirdparty.io.grpc.StatusRuntimeException: UNAVAILABLE: io exception
	at org.apache.ratis.thirdparty.io.grpc.stub.ClientCalls.toStatusRuntimeException(ClientCalls.java:233)
	at org.apache.ratis.thirdparty.io.grpc.stub.ClientCalls.getUnchecked(ClientCalls.java:214)
	at org.apache.ratis.thirdparty.io.grpc.stub.ClientCalls.blockingUnaryCall(ClientCalls.java:139)
	at org.apache.ratis.proto.grpc.RaftServerProtocolServiceGrpc$RaftServerProtocolServiceBlockingStub.requestVote(RaftServerProtocolServiceGrpc.java:265)
	at org.apache.ratis.grpc.server.GrpcServerProtocolClient.requestVote(GrpcServerProtocolClient.java:99)
	at org.apache.ratis.grpc.server.GrpcService.requestVote(GrpcService.java:204)
	at org.apache.ratis.server.impl.LeaderElection.lambda$submitRequests$1(LeaderElection.java:234)
	at java.util.concurrent.FutureTask.run(FutureTask.java:266)
	at java.util.concurrent.Executors$RunnableAdapter.call(Executors.java:511)
	at java.util.concurrent.FutureTask.run(FutureTask.java:266)
	at java.util.concurrent.ThreadPoolExecutor.runWorker(ThreadPoolExecutor.java:1149)
	at java.util.concurrent.ThreadPoolExecutor$Worker.run(ThreadPoolExecutor.java:624)
	... 1 more
Caused by: org.apache.ratis.thirdparty.io.netty.channel.AbstractChannel$AnnotatedConnectException: Connection refused: /192.168.157.223:42172
	at sun.nio.ch.SocketChannelImpl.checkConnect(Native Method)
	at sun.nio.ch.SocketChannelImpl.finishConnect(SocketChannelImpl.java:717)
	at org.apache.ratis.thirdparty.io.netty.channel.socket.nio.NioSocketChannel.doFinishConnect(NioSocketChannel.java:327)
	at org.apache.ratis.thirdparty.io.netty.channel.nio.AbstractNioChannel$AbstractNioUnsafe.finishConnect(AbstractNioChannel.java:340)
	at org.apache.ratis.thirdparty.io.netty.channel.nio.NioEventLoop.processSelectedKey(NioEventLoop.java:632)
	at org.apache.ratis.thirdparty.io.netty.channel.nio.NioEventLoop.processSelectedKeysOptimized(NioEventLoop.java:579)
	at org.apache.ratis.thirdparty.io.netty.channel.nio.NioEventLoop.processSelectedKeys(NioEventLoop.java:496)
	at org.apache.ratis.thirdparty.io.netty.channel.nio.NioEventLoop.run(NioEventLoop.java:458)
	at org.apache.ratis.thirdparty.io.netty.util.concurrent.SingleThreadEventExecutor$5.run(SingleThreadEventExecutor.java:897)
	at org.apache.ratis.thirdparty.io.netty.util.concurrent.FastThreadLocalRunnable.run(FastThreadLocalRunnable.java:30)
	... 1 more
Caused by: java.net.ConnectException: Connection refused
	... 11 more
2019-10-17 21:55:11,959 [d6dfcdd7-fc6e-4b51-b91e-b64503dadc5e@group-F967393F7C93-LeaderElection234] INFO  impl.RaftServerImpl (RaftServerImpl.java:setRole(184)) - d6dfcdd7-fc6e-4b51-b91e-b64503dadc5e@group-F967393F7C93: changes role from CANDIDATE to FOLLOWER at term 230 for DISCOVERED_A_NEW_TERM
2019-10-17 21:55:11,959 [d6dfcdd7-fc6e-4b51-b91e-b64503dadc5e@group-F967393F7C93-LeaderElection234] INFO  impl.RoleInfo (RoleInfo.java:shutdownLeaderElection(134)) - d6dfcdd7-fc6e-4b51-b91e-b64503dadc5e: shutdown LeaderElection
2019-10-17 21:55:11,959 [d6dfcdd7-fc6e-4b51-b91e-b64503dadc5e@group-F967393F7C93-LeaderElection234] INFO  impl.RoleInfo (RoleInfo.java:updateAndGet(143)) - d6dfcdd7-fc6e-4b51-b91e-b64503dadc5e: start FollowerState
2019-10-17 21:55:12,007 [Thread-2063] INFO  impl.FollowerState (FollowerState.java:run(108)) - d6dfcdd7-fc6e-4b51-b91e-b64503dadc5e@group-F967393F7C93-FollowerState: change to CANDIDATE, lastRpcTime:47ms, electionTimeout:47ms
2019-10-17 21:55:12,007 [Thread-2063] INFO  impl.RoleInfo (RoleInfo.java:shutdownFollowerState(121)) - d6dfcdd7-fc6e-4b51-b91e-b64503dadc5e: shutdown FollowerState
2019-10-17 21:55:12,007 [Thread-2063] INFO  impl.RaftServerImpl (RaftServerImpl.java:setRole(184)) - d6dfcdd7-fc6e-4b51-b91e-b64503dadc5e@group-F967393F7C93: changes role from  FOLLOWER to CANDIDATE at term 230 for changeToCandidate
2019-10-17 21:55:12,008 [Thread-2063] INFO  impl.RoleInfo (RoleInfo.java:updateAndGet(143)) - d6dfcdd7-fc6e-4b51-b91e-b64503dadc5e: start LeaderElection
2019-10-17 21:55:12,021 [d6dfcdd7-fc6e-4b51-b91e-b64503dadc5e@group-F967393F7C93-LeaderElection235] INFO  impl.LeaderElection (LeaderElection.java:askForVotes(178)) - d6dfcdd7-fc6e-4b51-b91e-b64503dadc5e@group-F967393F7C93-LeaderElection235: begin an election at term 231 for -1: [08d4cbaa-ffed-4411-a5fd-c4a38026aead:192.168.157.223:33910, da15dfee-23f0-4dc4-ad77-c00156c49cfa:192.168.157.223:42172, d6dfcdd7-fc6e-4b51-b91e-b64503dadc5e:192.168.157.223:43575], old=null
2019-10-17 21:55:12,023 [d6dfcdd7-fc6e-4b51-b91e-b64503dadc5e@group-F967393F7C93-LeaderElection235] INFO  impl.LeaderElection (LogUtils.java:infoOrTrace(149)) - d6dfcdd7-fc6e-4b51-b91e-b64503dadc5e@group-F967393F7C93-LeaderElection235 got exception when requesting votes: {}
java.util.concurrent.ExecutionException: org.apache.ratis.thirdparty.io.grpc.StatusRuntimeException: UNAVAILABLE: io exception
	at java.util.concurrent.FutureTask.report(FutureTask.java:122)
	at java.util.concurrent.FutureTask.get(FutureTask.java:192)
	at org.apache.ratis.server.impl.LeaderElection.waitForResults(LeaderElection.java:259)
	at org.apache.ratis.server.impl.LeaderElection.askForVotes(LeaderElection.java:197)
	at org.apache.ratis.server.impl.LeaderElection.run(LeaderElection.java:133)
	at java.lang.Thread.run(Thread.java:748)
Caused by: org.apache.ratis.thirdparty.io.grpc.StatusRuntimeException: UNAVAILABLE: io exception
	at org.apache.ratis.thirdparty.io.grpc.stub.ClientCalls.toStatusRuntimeException(ClientCalls.java:233)
	at org.apache.ratis.thirdparty.io.grpc.stub.ClientCalls.getUnchecked(ClientCalls.java:214)
	at org.apache.ratis.thirdparty.io.grpc.stub.ClientCalls.blockingUnaryCall(ClientCalls.java:139)
	at org.apache.ratis.proto.grpc.RaftServerProtocolServiceGrpc$RaftServerProtocolServiceBlockingStub.requestVote(RaftServerProtocolServiceGrpc.java:265)
	at org.apache.ratis.grpc.server.GrpcServerProtocolClient.requestVote(GrpcServerProtocolClient.java:99)
	at org.apache.ratis.grpc.server.GrpcService.requestVote(GrpcService.java:204)
	at org.apache.ratis.server.impl.LeaderElection.lambda$submitRequests$1(LeaderElection.java:234)
	at java.util.concurrent.FutureTask.run(FutureTask.java:266)
	at java.util.concurrent.Executors$RunnableAdapter.call(Executors.java:511)
	at java.util.concurrent.FutureTask.run(FutureTask.java:266)
	at java.util.concurrent.ThreadPoolExecutor.runWorker(ThreadPoolExecutor.java:1149)
	at java.util.concurrent.ThreadPoolExecutor$Worker.run(ThreadPoolExecutor.java:624)
	... 1 more
Caused by: org.apache.ratis.thirdparty.io.netty.channel.AbstractChannel$AnnotatedConnectException: Connection refused: /192.168.157.223:42172
	at sun.nio.ch.SocketChannelImpl.checkConnect(Native Method)
	at sun.nio.ch.SocketChannelImpl.finishConnect(SocketChannelImpl.java:717)
	at org.apache.ratis.thirdparty.io.netty.channel.socket.nio.NioSocketChannel.doFinishConnect(NioSocketChannel.java:327)
	at org.apache.ratis.thirdparty.io.netty.channel.nio.AbstractNioChannel$AbstractNioUnsafe.finishConnect(AbstractNioChannel.java:340)
	at org.apache.ratis.thirdparty.io.netty.channel.nio.NioEventLoop.processSelectedKey(NioEventLoop.java:632)
	at org.apache.ratis.thirdparty.io.netty.channel.nio.NioEventLoop.processSelectedKeysOptimized(NioEventLoop.java:579)
	at org.apache.ratis.thirdparty.io.netty.channel.nio.NioEventLoop.processSelectedKeys(NioEventLoop.java:496)
	at org.apache.ratis.thirdparty.io.netty.channel.nio.NioEventLoop.run(NioEventLoop.java:458)
	at org.apache.ratis.thirdparty.io.netty.util.concurrent.SingleThreadEventExecutor$5.run(SingleThreadEventExecutor.java:897)
	at org.apache.ratis.thirdparty.io.netty.util.concurrent.FastThreadLocalRunnable.run(FastThreadLocalRunnable.java:30)
	... 1 more
Caused by: java.net.ConnectException: Connection refused
	... 11 more
2019-10-17 21:55:12,024 [grpc-default-executor-1] INFO  impl.RaftServerImpl (RaftServerImpl.java:setRole(184)) - 08d4cbaa-ffed-4411-a5fd-c4a38026aead@group-F967393F7C93: changes role from  FOLLOWER to FOLLOWER at term 231 for recognizeCandidate:d6dfcdd7-fc6e-4b51-b91e-b64503dadc5e
2019-10-17 21:55:12,025 [grpc-default-executor-1] INFO  impl.RoleInfo (RoleInfo.java:shutdownFollowerState(121)) - 08d4cbaa-ffed-4411-a5fd-c4a38026aead: shutdown FollowerState
2019-10-17 21:55:12,025 [grpc-default-executor-1] INFO  impl.RoleInfo (RoleInfo.java:updateAndGet(143)) - 08d4cbaa-ffed-4411-a5fd-c4a38026aead: start FollowerState
2019-10-17 21:55:12,025 [Thread-2062] INFO  impl.FollowerState (FollowerState.java:run(117)) - 08d4cbaa-ffed-4411-a5fd-c4a38026aead@group-F967393F7C93-FollowerState was interrupted: java.lang.InterruptedException: sleep interrupted
2019-10-17 21:55:12,039 [d6dfcdd7-fc6e-4b51-b91e-b64503dadc5e@group-F967393F7C93-LeaderElection235] INFO  impl.LeaderElection (LeaderElection.java:logAndReturn(56)) - d6dfcdd7-fc6e-4b51-b91e-b64503dadc5e@group-F967393F7C93-LeaderElection235: Election REJECTED; received 1 response(s) [d6dfcdd7-fc6e-4b51-b91e-b64503dadc5e<-08d4cbaa-ffed-4411-a5fd-c4a38026aead#0:FAIL-t231] and 1 exception(s); d6dfcdd7-fc6e-4b51-b91e-b64503dadc5e@group-F967393F7C93:t231, leader=null, voted=d6dfcdd7-fc6e-4b51-b91e-b64503dadc5e, raftlog=d6dfcdd7-fc6e-4b51-b91e-b64503dadc5e@group-F967393F7C93-SegmentedRaftLog:OPENED:c-1,f-1,i0, conf=-1: [08d4cbaa-ffed-4411-a5fd-c4a38026aead:192.168.157.223:33910, da15dfee-23f0-4dc4-ad77-c00156c49cfa:192.168.157.223:42172, d6dfcdd7-fc6e-4b51-b91e-b64503dadc5e:192.168.157.223:43575], old=null
2019-10-17 21:55:12,039 [d6dfcdd7-fc6e-4b51-b91e-b64503dadc5e@group-F967393F7C93-LeaderElection235] INFO  impl.LeaderElection (LogUtils.java:infoOrTrace(149)) -   Exception 0: {}
java.util.concurrent.ExecutionException: org.apache.ratis.thirdparty.io.grpc.StatusRuntimeException: UNAVAILABLE: io exception
	at java.util.concurrent.FutureTask.report(FutureTask.java:122)
	at java.util.concurrent.FutureTask.get(FutureTask.java:192)
	at org.apache.ratis.server.impl.LeaderElection.waitForResults(LeaderElection.java:259)
	at org.apache.ratis.server.impl.LeaderElection.askForVotes(LeaderElection.java:197)
	at org.apache.ratis.server.impl.LeaderElection.run(LeaderElection.java:133)
	at java.lang.Thread.run(Thread.java:748)
Caused by: org.apache.ratis.thirdparty.io.grpc.StatusRuntimeException: UNAVAILABLE: io exception
	at org.apache.ratis.thirdparty.io.grpc.stub.ClientCalls.toStatusRuntimeException(ClientCalls.java:233)
	at org.apache.ratis.thirdparty.io.grpc.stub.ClientCalls.getUnchecked(ClientCalls.java:214)
	at org.apache.ratis.thirdparty.io.grpc.stub.ClientCalls.blockingUnaryCall(ClientCalls.java:139)
	at org.apache.ratis.proto.grpc.RaftServerProtocolServiceGrpc$RaftServerProtocolServiceBlockingStub.requestVote(RaftServerProtocolServiceGrpc.java:265)
	at org.apache.ratis.grpc.server.GrpcServerProtocolClient.requestVote(GrpcServerProtocolClient.java:99)
	at org.apache.ratis.grpc.server.GrpcService.requestVote(GrpcService.java:204)
	at org.apache.ratis.server.impl.LeaderElection.lambda$submitRequests$1(LeaderElection.java:234)
	at java.util.concurrent.FutureTask.run(FutureTask.java:266)
	at java.util.concurrent.Executors$RunnableAdapter.call(Executors.java:511)
	at java.util.concurrent.FutureTask.run(FutureTask.java:266)
	at java.util.concurrent.ThreadPoolExecutor.runWorker(ThreadPoolExecutor.java:1149)
	at java.util.concurrent.ThreadPoolExecutor$Worker.run(ThreadPoolExecutor.java:624)
	... 1 more
Caused by: org.apache.ratis.thirdparty.io.netty.channel.AbstractChannel$AnnotatedConnectException: Connection refused: /192.168.157.223:42172
	at sun.nio.ch.SocketChannelImpl.checkConnect(Native Method)
	at sun.nio.ch.SocketChannelImpl.finishConnect(SocketChannelImpl.java:717)
	at org.apache.ratis.thirdparty.io.netty.channel.socket.nio.NioSocketChannel.doFinishConnect(NioSocketChannel.java:327)
	at org.apache.ratis.thirdparty.io.netty.channel.nio.AbstractNioChannel$AbstractNioUnsafe.finishConnect(AbstractNioChannel.java:340)
	at org.apache.ratis.thirdparty.io.netty.channel.nio.NioEventLoop.processSelectedKey(NioEventLoop.java:632)
	at org.apache.ratis.thirdparty.io.netty.channel.nio.NioEventLoop.processSelectedKeysOptimized(NioEventLoop.java:579)
	at org.apache.ratis.thirdparty.io.netty.channel.nio.NioEventLoop.processSelectedKeys(NioEventLoop.java:496)
	at org.apache.ratis.thirdparty.io.netty.channel.nio.NioEventLoop.run(NioEventLoop.java:458)
	at org.apache.ratis.thirdparty.io.netty.util.concurrent.SingleThreadEventExecutor$5.run(SingleThreadEventExecutor.java:897)
	at org.apache.ratis.thirdparty.io.netty.util.concurrent.FastThreadLocalRunnable.run(FastThreadLocalRunnable.java:30)
	... 1 more
Caused by: java.net.ConnectException: Connection refused
	... 11 more
2019-10-17 21:55:12,040 [d6dfcdd7-fc6e-4b51-b91e-b64503dadc5e@group-F967393F7C93-LeaderElection235] INFO  impl.RaftServerImpl (RaftServerImpl.java:setRole(184)) - d6dfcdd7-fc6e-4b51-b91e-b64503dadc5e@group-F967393F7C93: changes role from CANDIDATE to FOLLOWER at term 231 for DISCOVERED_A_NEW_TERM
2019-10-17 21:55:12,040 [d6dfcdd7-fc6e-4b51-b91e-b64503dadc5e@group-F967393F7C93-LeaderElection235] INFO  impl.RoleInfo (RoleInfo.java:shutdownLeaderElection(134)) - d6dfcdd7-fc6e-4b51-b91e-b64503dadc5e: shutdown LeaderElection
2019-10-17 21:55:12,040 [d6dfcdd7-fc6e-4b51-b91e-b64503dadc5e@group-F967393F7C93-LeaderElection235] INFO  impl.RoleInfo (RoleInfo.java:updateAndGet(143)) - d6dfcdd7-fc6e-4b51-b91e-b64503dadc5e: start FollowerState
2019-10-17 21:55:12,165 [Thread-2068] INFO  impl.FollowerState (FollowerState.java:run(108)) - d6dfcdd7-fc6e-4b51-b91e-b64503dadc5e@group-F967393F7C93-FollowerState: change to CANDIDATE, lastRpcTime:125ms, electionTimeout:125ms
2019-10-17 21:55:12,166 [Thread-2068] INFO  impl.RoleInfo (RoleInfo.java:shutdownFollowerState(121)) - d6dfcdd7-fc6e-4b51-b91e-b64503dadc5e: shutdown FollowerState
2019-10-17 21:55:12,166 [Thread-2068] INFO  impl.RaftServerImpl (RaftServerImpl.java:setRole(184)) - d6dfcdd7-fc6e-4b51-b91e-b64503dadc5e@group-F967393F7C93: changes role from  FOLLOWER to CANDIDATE at term 231 for changeToCandidate
2019-10-17 21:55:12,166 [Thread-2068] INFO  impl.RoleInfo (RoleInfo.java:updateAndGet(143)) - d6dfcdd7-fc6e-4b51-b91e-b64503dadc5e: start LeaderElection
2019-10-17 21:55:12,179 [d6dfcdd7-fc6e-4b51-b91e-b64503dadc5e@group-F967393F7C93-LeaderElection236] INFO  impl.LeaderElection (LeaderElection.java:askForVotes(178)) - d6dfcdd7-fc6e-4b51-b91e-b64503dadc5e@group-F967393F7C93-LeaderElection236: begin an election at term 232 for -1: [08d4cbaa-ffed-4411-a5fd-c4a38026aead:192.168.157.223:33910, da15dfee-23f0-4dc4-ad77-c00156c49cfa:192.168.157.223:42172, d6dfcdd7-fc6e-4b51-b91e-b64503dadc5e:192.168.157.223:43575], old=null
2019-10-17 21:55:12,180 [d6dfcdd7-fc6e-4b51-b91e-b64503dadc5e@group-F967393F7C93-LeaderElection236] INFO  impl.LeaderElection (LogUtils.java:infoOrTrace(149)) - d6dfcdd7-fc6e-4b51-b91e-b64503dadc5e@group-F967393F7C93-LeaderElection236 got exception when requesting votes: {}
java.util.concurrent.ExecutionException: org.apache.ratis.thirdparty.io.grpc.StatusRuntimeException: UNAVAILABLE: io exception
	at java.util.concurrent.FutureTask.report(FutureTask.java:122)
	at java.util.concurrent.FutureTask.get(FutureTask.java:192)
	at org.apache.ratis.server.impl.LeaderElection.waitForResults(LeaderElection.java:259)
	at org.apache.ratis.server.impl.LeaderElection.askForVotes(LeaderElection.java:197)
	at org.apache.ratis.server.impl.LeaderElection.run(LeaderElection.java:133)
	at java.lang.Thread.run(Thread.java:748)
Caused by: org.apache.ratis.thirdparty.io.grpc.StatusRuntimeException: UNAVAILABLE: io exception
	at org.apache.ratis.thirdparty.io.grpc.stub.ClientCalls.toStatusRuntimeException(ClientCalls.java:233)
	at org.apache.ratis.thirdparty.io.grpc.stub.ClientCalls.getUnchecked(ClientCalls.java:214)
	at org.apache.ratis.thirdparty.io.grpc.stub.ClientCalls.blockingUnaryCall(ClientCalls.java:139)
	at org.apache.ratis.proto.grpc.RaftServerProtocolServiceGrpc$RaftServerProtocolServiceBlockingStub.requestVote(RaftServerProtocolServiceGrpc.java:265)
	at org.apache.ratis.grpc.server.GrpcServerProtocolClient.requestVote(GrpcServerProtocolClient.java:99)
	at org.apache.ratis.grpc.server.GrpcService.requestVote(GrpcService.java:204)
	at org.apache.ratis.server.impl.LeaderElection.lambda$submitRequests$1(LeaderElection.java:234)
	at java.util.concurrent.FutureTask.run(FutureTask.java:266)
	at java.util.concurrent.Executors$RunnableAdapter.call(Executors.java:511)
	at java.util.concurrent.FutureTask.run(FutureTask.java:266)
	at java.util.concurrent.ThreadPoolExecutor.runWorker(ThreadPoolExecutor.java:1149)
	at java.util.concurrent.ThreadPoolExecutor$Worker.run(ThreadPoolExecutor.java:624)
	... 1 more
Caused by: org.apache.ratis.thirdparty.io.netty.channel.AbstractChannel$AnnotatedConnectException: Connection refused: /192.168.157.223:42172
	at sun.nio.ch.SocketChannelImpl.checkConnect(Native Method)
	at sun.nio.ch.SocketChannelImpl.finishConnect(SocketChannelImpl.java:717)
	at org.apache.ratis.thirdparty.io.netty.channel.socket.nio.NioSocketChannel.doFinishConnect(NioSocketChannel.java:327)
	at org.apache.ratis.thirdparty.io.netty.channel.nio.AbstractNioChannel$AbstractNioUnsafe.finishConnect(AbstractNioChannel.java:340)
	at org.apache.ratis.thirdparty.io.netty.channel.nio.NioEventLoop.processSelectedKey(NioEventLoop.java:632)
	at org.apache.ratis.thirdparty.io.netty.channel.nio.NioEventLoop.processSelectedKeysOptimized(NioEventLoop.java:579)
	at org.apache.ratis.thirdparty.io.netty.channel.nio.NioEventLoop.processSelectedKeys(NioEventLoop.java:496)
	at org.apache.ratis.thirdparty.io.netty.channel.nio.NioEventLoop.run(NioEventLoop.java:458)
	at org.apache.ratis.thirdparty.io.netty.util.concurrent.SingleThreadEventExecutor$5.run(SingleThreadEventExecutor.java:897)
	at org.apache.ratis.thirdparty.io.netty.util.concurrent.FastThreadLocalRunnable.run(FastThreadLocalRunnable.java:30)
	... 1 more
Caused by: java.net.ConnectException: Connection refused
	... 11 more
2019-10-17 21:55:12,181 [grpc-default-executor-1] INFO  impl.RaftServerImpl (RaftServerImpl.java:setRole(184)) - 08d4cbaa-ffed-4411-a5fd-c4a38026aead@group-F967393F7C93: changes role from  FOLLOWER to FOLLOWER at term 232 for recognizeCandidate:d6dfcdd7-fc6e-4b51-b91e-b64503dadc5e
2019-10-17 21:55:12,181 [grpc-default-executor-1] INFO  impl.RoleInfo (RoleInfo.java:shutdownFollowerState(121)) - 08d4cbaa-ffed-4411-a5fd-c4a38026aead: shutdown FollowerState
2019-10-17 21:55:12,181 [grpc-default-executor-1] INFO  impl.RoleInfo (RoleInfo.java:updateAndGet(143)) - 08d4cbaa-ffed-4411-a5fd-c4a38026aead: start FollowerState
2019-10-17 21:55:12,182 [Thread-2067] INFO  impl.FollowerState (FollowerState.java:run(117)) - 08d4cbaa-ffed-4411-a5fd-c4a38026aead@group-F967393F7C93-FollowerState was interrupted: java.lang.InterruptedException: sleep interrupted
2019-10-17 21:55:12,196 [d6dfcdd7-fc6e-4b51-b91e-b64503dadc5e@group-F967393F7C93-LeaderElection236] INFO  impl.LeaderElection (LeaderElection.java:logAndReturn(56)) - d6dfcdd7-fc6e-4b51-b91e-b64503dadc5e@group-F967393F7C93-LeaderElection236: Election REJECTED; received 1 response(s) [d6dfcdd7-fc6e-4b51-b91e-b64503dadc5e<-08d4cbaa-ffed-4411-a5fd-c4a38026aead#0:FAIL-t232] and 1 exception(s); d6dfcdd7-fc6e-4b51-b91e-b64503dadc5e@group-F967393F7C93:t232, leader=null, voted=d6dfcdd7-fc6e-4b51-b91e-b64503dadc5e, raftlog=d6dfcdd7-fc6e-4b51-b91e-b64503dadc5e@group-F967393F7C93-SegmentedRaftLog:OPENED:c-1,f-1,i0, conf=-1: [08d4cbaa-ffed-4411-a5fd-c4a38026aead:192.168.157.223:33910, da15dfee-23f0-4dc4-ad77-c00156c49cfa:192.168.157.223:42172, d6dfcdd7-fc6e-4b51-b91e-b64503dadc5e:192.168.157.223:43575], old=null
2019-10-17 21:55:12,196 [d6dfcdd7-fc6e-4b51-b91e-b64503dadc5e@group-F967393F7C93-LeaderElection236] INFO  impl.LeaderElection (LogUtils.java:infoOrTrace(149)) -   Exception 0: {}
java.util.concurrent.ExecutionException: org.apache.ratis.thirdparty.io.grpc.StatusRuntimeException: UNAVAILABLE: io exception
	at java.util.concurrent.FutureTask.report(FutureTask.java:122)
	at java.util.concurrent.FutureTask.get(FutureTask.java:192)
	at org.apache.ratis.server.impl.LeaderElection.waitForResults(LeaderElection.java:259)
	at org.apache.ratis.server.impl.LeaderElection.askForVotes(LeaderElection.java:197)
	at org.apache.ratis.server.impl.LeaderElection.run(LeaderElection.java:133)
	at java.lang.Thread.run(Thread.java:748)
Caused by: org.apache.ratis.thirdparty.io.grpc.StatusRuntimeException: UNAVAILABLE: io exception
	at org.apache.ratis.thirdparty.io.grpc.stub.ClientCalls.toStatusRuntimeException(ClientCalls.java:233)
	at org.apache.ratis.thirdparty.io.grpc.stub.ClientCalls.getUnchecked(ClientCalls.java:214)
	at org.apache.ratis.thirdparty.io.grpc.stub.ClientCalls.blockingUnaryCall(ClientCalls.java:139)
	at org.apache.ratis.proto.grpc.RaftServerProtocolServiceGrpc$RaftServerProtocolServiceBlockingStub.requestVote(RaftServerProtocolServiceGrpc.java:265)
	at org.apache.ratis.grpc.server.GrpcServerProtocolClient.requestVote(GrpcServerProtocolClient.java:99)
	at org.apache.ratis.grpc.server.GrpcService.requestVote(GrpcService.java:204)
	at org.apache.ratis.server.impl.LeaderElection.lambda$submitRequests$1(LeaderElection.java:234)
	at java.util.concurrent.FutureTask.run(FutureTask.java:266)
	at java.util.concurrent.Executors$RunnableAdapter.call(Executors.java:511)
	at java.util.concurrent.FutureTask.run(FutureTask.java:266)
	at java.util.concurrent.ThreadPoolExecutor.runWorker(ThreadPoolExecutor.java:1149)
	at java.util.concurrent.ThreadPoolExecutor$Worker.run(ThreadPoolExecutor.java:624)
	... 1 more
Caused by: org.apache.ratis.thirdparty.io.netty.channel.AbstractChannel$AnnotatedConnectException: Connection refused: /192.168.157.223:42172
	at sun.nio.ch.SocketChannelImpl.checkConnect(Native Method)
	at sun.nio.ch.SocketChannelImpl.finishConnect(SocketChannelImpl.java:717)
	at org.apache.ratis.thirdparty.io.netty.channel.socket.nio.NioSocketChannel.doFinishConnect(NioSocketChannel.java:327)
	at org.apache.ratis.thirdparty.io.netty.channel.nio.AbstractNioChannel$AbstractNioUnsafe.finishConnect(AbstractNioChannel.java:340)
	at org.apache.ratis.thirdparty.io.netty.channel.nio.NioEventLoop.processSelectedKey(NioEventLoop.java:632)
	at org.apache.ratis.thirdparty.io.netty.channel.nio.NioEventLoop.processSelectedKeysOptimized(NioEventLoop.java:579)
	at org.apache.ratis.thirdparty.io.netty.channel.nio.NioEventLoop.processSelectedKeys(NioEventLoop.java:496)
	at org.apache.ratis.thirdparty.io.netty.channel.nio.NioEventLoop.run(NioEventLoop.java:458)
	at org.apache.ratis.thirdparty.io.netty.util.concurrent.SingleThreadEventExecutor$5.run(SingleThreadEventExecutor.java:897)
	at org.apache.ratis.thirdparty.io.netty.util.concurrent.FastThreadLocalRunnable.run(FastThreadLocalRunnable.java:30)
	... 1 more
Caused by: java.net.ConnectException: Connection refused
	... 11 more
2019-10-17 21:55:12,197 [d6dfcdd7-fc6e-4b51-b91e-b64503dadc5e@group-F967393F7C93-LeaderElection236] INFO  impl.RaftServerImpl (RaftServerImpl.java:setRole(184)) - d6dfcdd7-fc6e-4b51-b91e-b64503dadc5e@group-F967393F7C93: changes role from CANDIDATE to FOLLOWER at term 232 for DISCOVERED_A_NEW_TERM
2019-10-17 21:55:12,197 [d6dfcdd7-fc6e-4b51-b91e-b64503dadc5e@group-F967393F7C93-LeaderElection236] INFO  impl.RoleInfo (RoleInfo.java:shutdownLeaderElection(134)) - d6dfcdd7-fc6e-4b51-b91e-b64503dadc5e: shutdown LeaderElection
2019-10-17 21:55:12,197 [d6dfcdd7-fc6e-4b51-b91e-b64503dadc5e@group-F967393F7C93-LeaderElection236] INFO  impl.RoleInfo (RoleInfo.java:updateAndGet(143)) - d6dfcdd7-fc6e-4b51-b91e-b64503dadc5e: start FollowerState
2019-10-17 21:55:12,276 [java.util.concurrent.ThreadPoolExecutor$Worker@71aa17a1[State = -1, empty queue]] WARN  server.GrpcLogAppender (GrpcLogAppender.java:timeoutAppendRequest(209)) - de567563-d0dd-4cf2-91b7-f72627909699@group-3097D7458558->db0af43e-c62e-4c1d-affa-ffdb4faae2f8-GrpcLogAppender: appendEntries Timeout, request=de567563-d0dd-4cf2-91b7-f72627909699->db0af43e-c62e-4c1d-affa-ffdb4faae2f8#54-t10, previous=(t:10, i:4), leaderCommit=4, initializing? false, entries: <empty>
2019-10-17 21:55:12,304 [Thread-2073] INFO  impl.FollowerState (FollowerState.java:run(108)) - d6dfcdd7-fc6e-4b51-b91e-b64503dadc5e@group-F967393F7C93-FollowerState: change to CANDIDATE, lastRpcTime:107ms, electionTimeout:107ms
2019-10-17 21:55:12,305 [Thread-2073] INFO  impl.RoleInfo (RoleInfo.java:shutdownFollowerState(121)) - d6dfcdd7-fc6e-4b51-b91e-b64503dadc5e: shutdown FollowerState
2019-10-17 21:55:12,305 [Thread-2073] INFO  impl.RaftServerImpl (RaftServerImpl.java:setRole(184)) - d6dfcdd7-fc6e-4b51-b91e-b64503dadc5e@group-F967393F7C93: changes role from  FOLLOWER to CANDIDATE at term 232 for changeToCandidate
2019-10-17 21:55:12,305 [Thread-2073] INFO  impl.RoleInfo (RoleInfo.java:updateAndGet(143)) - d6dfcdd7-fc6e-4b51-b91e-b64503dadc5e: start LeaderElection
2019-10-17 21:55:12,321 [d6dfcdd7-fc6e-4b51-b91e-b64503dadc5e@group-F967393F7C93-LeaderElection237] INFO  impl.LeaderElection (LeaderElection.java:askForVotes(178)) - d6dfcdd7-fc6e-4b51-b91e-b64503dadc5e@group-F967393F7C93-LeaderElection237: begin an election at term 233 for -1: [08d4cbaa-ffed-4411-a5fd-c4a38026aead:192.168.157.223:33910, da15dfee-23f0-4dc4-ad77-c00156c49cfa:192.168.157.223:42172, d6dfcdd7-fc6e-4b51-b91e-b64503dadc5e:192.168.157.223:43575], old=null
2019-10-17 21:55:12,322 [d6dfcdd7-fc6e-4b51-b91e-b64503dadc5e@group-F967393F7C93-LeaderElection237] INFO  impl.LeaderElection (LogUtils.java:infoOrTrace(149)) - d6dfcdd7-fc6e-4b51-b91e-b64503dadc5e@group-F967393F7C93-LeaderElection237 got exception when requesting votes: {}
java.util.concurrent.ExecutionException: org.apache.ratis.thirdparty.io.grpc.StatusRuntimeException: UNAVAILABLE: io exception
	at java.util.concurrent.FutureTask.report(FutureTask.java:122)
	at java.util.concurrent.FutureTask.get(FutureTask.java:192)
	at org.apache.ratis.server.impl.LeaderElection.waitForResults(LeaderElection.java:259)
	at org.apache.ratis.server.impl.LeaderElection.askForVotes(LeaderElection.java:197)
	at org.apache.ratis.server.impl.LeaderElection.run(LeaderElection.java:133)
	at java.lang.Thread.run(Thread.java:748)
Caused by: org.apache.ratis.thirdparty.io.grpc.StatusRuntimeException: UNAVAILABLE: io exception
	at org.apache.ratis.thirdparty.io.grpc.stub.ClientCalls.toStatusRuntimeException(ClientCalls.java:233)
	at org.apache.ratis.thirdparty.io.grpc.stub.ClientCalls.getUnchecked(ClientCalls.java:214)
	at org.apache.ratis.thirdparty.io.grpc.stub.ClientCalls.blockingUnaryCall(ClientCalls.java:139)
	at org.apache.ratis.proto.grpc.RaftServerProtocolServiceGrpc$RaftServerProtocolServiceBlockingStub.requestVote(RaftServerProtocolServiceGrpc.java:265)
	at org.apache.ratis.grpc.server.GrpcServerProtocolClient.requestVote(GrpcServerProtocolClient.java:99)
	at org.apache.ratis.grpc.server.GrpcService.requestVote(GrpcService.java:204)
	at org.apache.ratis.server.impl.LeaderElection.lambda$submitRequests$1(LeaderElection.java:234)
	at java.util.concurrent.FutureTask.run(FutureTask.java:266)
	at java.util.concurrent.Executors$RunnableAdapter.call(Executors.java:511)
	at java.util.concurrent.FutureTask.run(FutureTask.java:266)
	at java.util.concurrent.ThreadPoolExecutor.runWorker(ThreadPoolExecutor.java:1149)
	at java.util.concurrent.ThreadPoolExecutor$Worker.run(ThreadPoolExecutor.java:624)
	... 1 more
Caused by: org.apache.ratis.thirdparty.io.netty.channel.AbstractChannel$AnnotatedConnectException: Connection refused: /192.168.157.223:42172
	at sun.nio.ch.SocketChannelImpl.checkConnect(Native Method)
	at sun.nio.ch.SocketChannelImpl.finishConnect(SocketChannelImpl.java:717)
	at org.apache.ratis.thirdparty.io.netty.channel.socket.nio.NioSocketChannel.doFinishConnect(NioSocketChannel.java:327)
	at org.apache.ratis.thirdparty.io.netty.channel.nio.AbstractNioChannel$AbstractNioUnsafe.finishConnect(AbstractNioChannel.java:340)
	at org.apache.ratis.thirdparty.io.netty.channel.nio.NioEventLoop.processSelectedKey(NioEventLoop.java:632)
	at org.apache.ratis.thirdparty.io.netty.channel.nio.NioEventLoop.processSelectedKeysOptimized(NioEventLoop.java:579)
	at org.apache.ratis.thirdparty.io.netty.channel.nio.NioEventLoop.processSelectedKeys(NioEventLoop.java:496)
	at org.apache.ratis.thirdparty.io.netty.channel.nio.NioEventLoop.run(NioEventLoop.java:458)
	at org.apache.ratis.thirdparty.io.netty.util.concurrent.SingleThreadEventExecutor$5.run(SingleThreadEventExecutor.java:897)
	at org.apache.ratis.thirdparty.io.netty.util.concurrent.FastThreadLocalRunnable.run(FastThreadLocalRunnable.java:30)
	... 1 more
Caused by: java.net.ConnectException: Connection refused
	... 11 more
2019-10-17 21:55:12,323 [grpc-default-executor-1] INFO  impl.RaftServerImpl (RaftServerImpl.java:setRole(184)) - 08d4cbaa-ffed-4411-a5fd-c4a38026aead@group-F967393F7C93: changes role from  FOLLOWER to FOLLOWER at term 233 for recognizeCandidate:d6dfcdd7-fc6e-4b51-b91e-b64503dadc5e
2019-10-17 21:55:12,323 [grpc-default-executor-1] INFO  impl.RoleInfo (RoleInfo.java:shutdownFollowerState(121)) - 08d4cbaa-ffed-4411-a5fd-c4a38026aead: shutdown FollowerState
2019-10-17 21:55:12,323 [grpc-default-executor-1] INFO  impl.RoleInfo (RoleInfo.java:updateAndGet(143)) - 08d4cbaa-ffed-4411-a5fd-c4a38026aead: start FollowerState
2019-10-17 21:55:12,323 [Thread-2072] INFO  impl.FollowerState (FollowerState.java:run(117)) - 08d4cbaa-ffed-4411-a5fd-c4a38026aead@group-F967393F7C93-FollowerState was interrupted: java.lang.InterruptedException: sleep interrupted
2019-10-17 21:55:12,337 [d6dfcdd7-fc6e-4b51-b91e-b64503dadc5e@group-F967393F7C93-LeaderElection237] INFO  impl.LeaderElection (LeaderElection.java:logAndReturn(56)) - d6dfcdd7-fc6e-4b51-b91e-b64503dadc5e@group-F967393F7C93-LeaderElection237: Election REJECTED; received 1 response(s) [d6dfcdd7-fc6e-4b51-b91e-b64503dadc5e<-08d4cbaa-ffed-4411-a5fd-c4a38026aead#0:FAIL-t233] and 1 exception(s); d6dfcdd7-fc6e-4b51-b91e-b64503dadc5e@group-F967393F7C93:t233, leader=null, voted=d6dfcdd7-fc6e-4b51-b91e-b64503dadc5e, raftlog=d6dfcdd7-fc6e-4b51-b91e-b64503dadc5e@group-F967393F7C93-SegmentedRaftLog:OPENED:c-1,f-1,i0, conf=-1: [08d4cbaa-ffed-4411-a5fd-c4a38026aead:192.168.157.223:33910, da15dfee-23f0-4dc4-ad77-c00156c49cfa:192.168.157.223:42172, d6dfcdd7-fc6e-4b51-b91e-b64503dadc5e:192.168.157.223:43575], old=null
2019-10-17 21:55:12,337 [d6dfcdd7-fc6e-4b51-b91e-b64503dadc5e@group-F967393F7C93-LeaderElection237] INFO  impl.LeaderElection (LogUtils.java:infoOrTrace(149)) -   Exception 0: {}
java.util.concurrent.ExecutionException: org.apache.ratis.thirdparty.io.grpc.StatusRuntimeException: UNAVAILABLE: io exception
	at java.util.concurrent.FutureTask.report(FutureTask.java:122)
	at java.util.concurrent.FutureTask.get(FutureTask.java:192)
	at org.apache.ratis.server.impl.LeaderElection.waitForResults(LeaderElection.java:259)
	at org.apache.ratis.server.impl.LeaderElection.askForVotes(LeaderElection.java:197)
	at org.apache.ratis.server.impl.LeaderElection.run(LeaderElection.java:133)
	at java.lang.Thread.run(Thread.java:748)
Caused by: org.apache.ratis.thirdparty.io.grpc.StatusRuntimeException: UNAVAILABLE: io exception
	at org.apache.ratis.thirdparty.io.grpc.stub.ClientCalls.toStatusRuntimeException(ClientCalls.java:233)
	at org.apache.ratis.thirdparty.io.grpc.stub.ClientCalls.getUnchecked(ClientCalls.java:214)
	at org.apache.ratis.thirdparty.io.grpc.stub.ClientCalls.blockingUnaryCall(ClientCalls.java:139)
	at org.apache.ratis.proto.grpc.RaftServerProtocolServiceGrpc$RaftServerProtocolServiceBlockingStub.requestVote(RaftServerProtocolServiceGrpc.java:265)
	at org.apache.ratis.grpc.server.GrpcServerProtocolClient.requestVote(GrpcServerProtocolClient.java:99)
	at org.apache.ratis.grpc.server.GrpcService.requestVote(GrpcService.java:204)
	at org.apache.ratis.server.impl.LeaderElection.lambda$submitRequests$1(LeaderElection.java:234)
	at java.util.concurrent.FutureTask.run(FutureTask.java:266)
	at java.util.concurrent.Executors$RunnableAdapter.call(Executors.java:511)
	at java.util.concurrent.FutureTask.run(FutureTask.java:266)
	at java.util.concurrent.ThreadPoolExecutor.runWorker(ThreadPoolExecutor.java:1149)
	at java.util.concurrent.ThreadPoolExecutor$Worker.run(ThreadPoolExecutor.java:624)
	... 1 more
Caused by: org.apache.ratis.thirdparty.io.netty.channel.AbstractChannel$AnnotatedConnectException: Connection refused: /192.168.157.223:42172
	at sun.nio.ch.SocketChannelImpl.checkConnect(Native Method)
	at sun.nio.ch.SocketChannelImpl.finishConnect(SocketChannelImpl.java:717)
	at org.apache.ratis.thirdparty.io.netty.channel.socket.nio.NioSocketChannel.doFinishConnect(NioSocketChannel.java:327)
	at org.apache.ratis.thirdparty.io.netty.channel.nio.AbstractNioChannel$AbstractNioUnsafe.finishConnect(AbstractNioChannel.java:340)
	at org.apache.ratis.thirdparty.io.netty.channel.nio.NioEventLoop.processSelectedKey(NioEventLoop.java:632)
	at org.apache.ratis.thirdparty.io.netty.channel.nio.NioEventLoop.processSelectedKeysOptimized(NioEventLoop.java:579)
	at org.apache.ratis.thirdparty.io.netty.channel.nio.NioEventLoop.processSelectedKeys(NioEventLoop.java:496)
	at org.apache.ratis.thirdparty.io.netty.channel.nio.NioEventLoop.run(NioEventLoop.java:458)
	at org.apache.ratis.thirdparty.io.netty.util.concurrent.SingleThreadEventExecutor$5.run(SingleThreadEventExecutor.java:897)
	at org.apache.ratis.thirdparty.io.netty.util.concurrent.FastThreadLocalRunnable.run(FastThreadLocalRunnable.java:30)
	... 1 more
Caused by: java.net.ConnectException: Connection refused
	... 11 more
2019-10-17 21:55:12,337 [d6dfcdd7-fc6e-4b51-b91e-b64503dadc5e@group-F967393F7C93-LeaderElection237] INFO  impl.RaftServerImpl (RaftServerImpl.java:setRole(184)) - d6dfcdd7-fc6e-4b51-b91e-b64503dadc5e@group-F967393F7C93: changes role from CANDIDATE to FOLLOWER at term 233 for DISCOVERED_A_NEW_TERM
2019-10-17 21:55:12,338 [d6dfcdd7-fc6e-4b51-b91e-b64503dadc5e@group-F967393F7C93-LeaderElection237] INFO  impl.RoleInfo (RoleInfo.java:shutdownLeaderElection(134)) - d6dfcdd7-fc6e-4b51-b91e-b64503dadc5e: shutdown LeaderElection
2019-10-17 21:55:12,338 [d6dfcdd7-fc6e-4b51-b91e-b64503dadc5e@group-F967393F7C93-LeaderElection237] INFO  impl.RoleInfo (RoleInfo.java:updateAndGet(143)) - d6dfcdd7-fc6e-4b51-b91e-b64503dadc5e: start FollowerState
2019-10-17 21:55:12,536 [Thread-2079] INFO  impl.FollowerState (FollowerState.java:run(108)) - d6dfcdd7-fc6e-4b51-b91e-b64503dadc5e@group-F967393F7C93-FollowerState: change to CANDIDATE, lastRpcTime:198ms, electionTimeout:198ms
2019-10-17 21:55:12,536 [Thread-2079] INFO  impl.RoleInfo (RoleInfo.java:shutdownFollowerState(121)) - d6dfcdd7-fc6e-4b51-b91e-b64503dadc5e: shutdown FollowerState
2019-10-17 21:55:12,536 [Thread-2079] INFO  impl.RaftServerImpl (RaftServerImpl.java:setRole(184)) - d6dfcdd7-fc6e-4b51-b91e-b64503dadc5e@group-F967393F7C93: changes role from  FOLLOWER to CANDIDATE at term 233 for changeToCandidate
2019-10-17 21:55:12,537 [Thread-2079] INFO  impl.RoleInfo (RoleInfo.java:updateAndGet(143)) - d6dfcdd7-fc6e-4b51-b91e-b64503dadc5e: start LeaderElection
2019-10-17 21:55:12,550 [d6dfcdd7-fc6e-4b51-b91e-b64503dadc5e@group-F967393F7C93-LeaderElection238] INFO  impl.LeaderElection (LeaderElection.java:askForVotes(178)) - d6dfcdd7-fc6e-4b51-b91e-b64503dadc5e@group-F967393F7C93-LeaderElection238: begin an election at term 234 for -1: [08d4cbaa-ffed-4411-a5fd-c4a38026aead:192.168.157.223:33910, da15dfee-23f0-4dc4-ad77-c00156c49cfa:192.168.157.223:42172, d6dfcdd7-fc6e-4b51-b91e-b64503dadc5e:192.168.157.223:43575], old=null
2019-10-17 21:55:12,552 [d6dfcdd7-fc6e-4b51-b91e-b64503dadc5e@group-F967393F7C93-LeaderElection238] INFO  impl.LeaderElection (LogUtils.java:infoOrTrace(149)) - d6dfcdd7-fc6e-4b51-b91e-b64503dadc5e@group-F967393F7C93-LeaderElection238 got exception when requesting votes: {}
java.util.concurrent.ExecutionException: org.apache.ratis.thirdparty.io.grpc.StatusRuntimeException: UNAVAILABLE: io exception
	at java.util.concurrent.FutureTask.report(FutureTask.java:122)
	at java.util.concurrent.FutureTask.get(FutureTask.java:192)
	at org.apache.ratis.server.impl.LeaderElection.waitForResults(LeaderElection.java:259)
	at org.apache.ratis.server.impl.LeaderElection.askForVotes(LeaderElection.java:197)
	at org.apache.ratis.server.impl.LeaderElection.run(LeaderElection.java:133)
	at java.lang.Thread.run(Thread.java:748)
Caused by: org.apache.ratis.thirdparty.io.grpc.StatusRuntimeException: UNAVAILABLE: io exception
	at org.apache.ratis.thirdparty.io.grpc.stub.ClientCalls.toStatusRuntimeException(ClientCalls.java:233)
	at org.apache.ratis.thirdparty.io.grpc.stub.ClientCalls.getUnchecked(ClientCalls.java:214)
	at org.apache.ratis.thirdparty.io.grpc.stub.ClientCalls.blockingUnaryCall(ClientCalls.java:139)
	at org.apache.ratis.proto.grpc.RaftServerProtocolServiceGrpc$RaftServerProtocolServiceBlockingStub.requestVote(RaftServerProtocolServiceGrpc.java:265)
	at org.apache.ratis.grpc.server.GrpcServerProtocolClient.requestVote(GrpcServerProtocolClient.java:99)
	at org.apache.ratis.grpc.server.GrpcService.requestVote(GrpcService.java:204)
	at org.apache.ratis.server.impl.LeaderElection.lambda$submitRequests$1(LeaderElection.java:234)
	at java.util.concurrent.FutureTask.run(FutureTask.java:266)
	at java.util.concurrent.Executors$RunnableAdapter.call(Executors.java:511)
	at java.util.concurrent.FutureTask.run(FutureTask.java:266)
	at java.util.concurrent.ThreadPoolExecutor.runWorker(ThreadPoolExecutor.java:1149)
	at java.util.concurrent.ThreadPoolExecutor$Worker.run(ThreadPoolExecutor.java:624)
	... 1 more
Caused by: org.apache.ratis.thirdparty.io.netty.channel.AbstractChannel$AnnotatedConnectException: Connection refused: /192.168.157.223:42172
	at sun.nio.ch.SocketChannelImpl.checkConnect(Native Method)
	at sun.nio.ch.SocketChannelImpl.finishConnect(SocketChannelImpl.java:717)
	at org.apache.ratis.thirdparty.io.netty.channel.socket.nio.NioSocketChannel.doFinishConnect(NioSocketChannel.java:327)
	at org.apache.ratis.thirdparty.io.netty.channel.nio.AbstractNioChannel$AbstractNioUnsafe.finishConnect(AbstractNioChannel.java:340)
	at org.apache.ratis.thirdparty.io.netty.channel.nio.NioEventLoop.processSelectedKey(NioEventLoop.java:632)
	at org.apache.ratis.thirdparty.io.netty.channel.nio.NioEventLoop.processSelectedKeysOptimized(NioEventLoop.java:579)
	at org.apache.ratis.thirdparty.io.netty.channel.nio.NioEventLoop.processSelectedKeys(NioEventLoop.java:496)
	at org.apache.ratis.thirdparty.io.netty.channel.nio.NioEventLoop.run(NioEventLoop.java:458)
	at org.apache.ratis.thirdparty.io.netty.util.concurrent.SingleThreadEventExecutor$5.run(SingleThreadEventExecutor.java:897)
	at org.apache.ratis.thirdparty.io.netty.util.concurrent.FastThreadLocalRunnable.run(FastThreadLocalRunnable.java:30)
	... 1 more
Caused by: java.net.ConnectException: Connection refused
	... 11 more
2019-10-17 21:55:12,553 [grpc-default-executor-1] INFO  impl.RaftServerImpl (RaftServerImpl.java:setRole(184)) - 08d4cbaa-ffed-4411-a5fd-c4a38026aead@group-F967393F7C93: changes role from  FOLLOWER to FOLLOWER at term 234 for recognizeCandidate:d6dfcdd7-fc6e-4b51-b91e-b64503dadc5e
2019-10-17 21:55:12,553 [grpc-default-executor-1] INFO  impl.RoleInfo (RoleInfo.java:shutdownFollowerState(121)) - 08d4cbaa-ffed-4411-a5fd-c4a38026aead: shutdown FollowerState
2019-10-17 21:55:12,554 [grpc-default-executor-1] INFO  impl.RoleInfo (RoleInfo.java:updateAndGet(143)) - 08d4cbaa-ffed-4411-a5fd-c4a38026aead: start FollowerState
2019-10-17 21:55:12,554 [Thread-2077] INFO  impl.FollowerState (FollowerState.java:run(117)) - 08d4cbaa-ffed-4411-a5fd-c4a38026aead@group-F967393F7C93-FollowerState was interrupted: java.lang.InterruptedException: sleep interrupted
2019-10-17 21:55:12,568 [d6dfcdd7-fc6e-4b51-b91e-b64503dadc5e@group-F967393F7C93-LeaderElection238] INFO  impl.LeaderElection (LeaderElection.java:logAndReturn(56)) - d6dfcdd7-fc6e-4b51-b91e-b64503dadc5e@group-F967393F7C93-LeaderElection238: Election REJECTED; received 1 response(s) [d6dfcdd7-fc6e-4b51-b91e-b64503dadc5e<-08d4cbaa-ffed-4411-a5fd-c4a38026aead#0:FAIL-t234] and 1 exception(s); d6dfcdd7-fc6e-4b51-b91e-b64503dadc5e@group-F967393F7C93:t234, leader=null, voted=d6dfcdd7-fc6e-4b51-b91e-b64503dadc5e, raftlog=d6dfcdd7-fc6e-4b51-b91e-b64503dadc5e@group-F967393F7C93-SegmentedRaftLog:OPENED:c-1,f-1,i0, conf=-1: [08d4cbaa-ffed-4411-a5fd-c4a38026aead:192.168.157.223:33910, da15dfee-23f0-4dc4-ad77-c00156c49cfa:192.168.157.223:42172, d6dfcdd7-fc6e-4b51-b91e-b64503dadc5e:192.168.157.223:43575], old=null
2019-10-17 21:55:12,568 [d6dfcdd7-fc6e-4b51-b91e-b64503dadc5e@group-F967393F7C93-LeaderElection238] INFO  impl.LeaderElection (LogUtils.java:infoOrTrace(149)) -   Exception 0: {}
java.util.concurrent.ExecutionException: org.apache.ratis.thirdparty.io.grpc.StatusRuntimeException: UNAVAILABLE: io exception
	at java.util.concurrent.FutureTask.report(FutureTask.java:122)
	at java.util.concurrent.FutureTask.get(FutureTask.java:192)
	at org.apache.ratis.server.impl.LeaderElection.waitForResults(LeaderElection.java:259)
	at org.apache.ratis.server.impl.LeaderElection.askForVotes(LeaderElection.java:197)
	at org.apache.ratis.server.impl.LeaderElection.run(LeaderElection.java:133)
	at java.lang.Thread.run(Thread.java:748)
Caused by: org.apache.ratis.thirdparty.io.grpc.StatusRuntimeException: UNAVAILABLE: io exception
	at org.apache.ratis.thirdparty.io.grpc.stub.ClientCalls.toStatusRuntimeException(ClientCalls.java:233)
	at org.apache.ratis.thirdparty.io.grpc.stub.ClientCalls.getUnchecked(ClientCalls.java:214)
	at org.apache.ratis.thirdparty.io.grpc.stub.ClientCalls.blockingUnaryCall(ClientCalls.java:139)
	at org.apache.ratis.proto.grpc.RaftServerProtocolServiceGrpc$RaftServerProtocolServiceBlockingStub.requestVote(RaftServerProtocolServiceGrpc.java:265)
	at org.apache.ratis.grpc.server.GrpcServerProtocolClient.requestVote(GrpcServerProtocolClient.java:99)
	at org.apache.ratis.grpc.server.GrpcService.requestVote(GrpcService.java:204)
	at org.apache.ratis.server.impl.LeaderElection.lambda$submitRequests$1(LeaderElection.java:234)
	at java.util.concurrent.FutureTask.run(FutureTask.java:266)
	at java.util.concurrent.Executors$RunnableAdapter.call(Executors.java:511)
	at java.util.concurrent.FutureTask.run(FutureTask.java:266)
	at java.util.concurrent.ThreadPoolExecutor.runWorker(ThreadPoolExecutor.java:1149)
	at java.util.concurrent.ThreadPoolExecutor$Worker.run(ThreadPoolExecutor.java:624)
	... 1 more
Caused by: org.apache.ratis.thirdparty.io.netty.channel.AbstractChannel$AnnotatedConnectException: Connection refused: /192.168.157.223:42172
	at sun.nio.ch.SocketChannelImpl.checkConnect(Native Method)
	at sun.nio.ch.SocketChannelImpl.finishConnect(SocketChannelImpl.java:717)
	at org.apache.ratis.thirdparty.io.netty.channel.socket.nio.NioSocketChannel.doFinishConnect(NioSocketChannel.java:327)
	at org.apache.ratis.thirdparty.io.netty.channel.nio.AbstractNioChannel$AbstractNioUnsafe.finishConnect(AbstractNioChannel.java:340)
	at org.apache.ratis.thirdparty.io.netty.channel.nio.NioEventLoop.processSelectedKey(NioEventLoop.java:632)
	at org.apache.ratis.thirdparty.io.netty.channel.nio.NioEventLoop.processSelectedKeysOptimized(NioEventLoop.java:579)
	at org.apache.ratis.thirdparty.io.netty.channel.nio.NioEventLoop.processSelectedKeys(NioEventLoop.java:496)
	at org.apache.ratis.thirdparty.io.netty.channel.nio.NioEventLoop.run(NioEventLoop.java:458)
	at org.apache.ratis.thirdparty.io.netty.util.concurrent.SingleThreadEventExecutor$5.run(SingleThreadEventExecutor.java:897)
	at org.apache.ratis.thirdparty.io.netty.util.concurrent.FastThreadLocalRunnable.run(FastThreadLocalRunnable.java:30)
	... 1 more
Caused by: java.net.ConnectException: Connection refused
	... 11 more
2019-10-17 21:55:12,568 [d6dfcdd7-fc6e-4b51-b91e-b64503dadc5e@group-F967393F7C93-LeaderElection238] INFO  impl.RaftServerImpl (RaftServerImpl.java:setRole(184)) - d6dfcdd7-fc6e-4b51-b91e-b64503dadc5e@group-F967393F7C93: changes role from CANDIDATE to FOLLOWER at term 234 for DISCOVERED_A_NEW_TERM
2019-10-17 21:55:12,568 [d6dfcdd7-fc6e-4b51-b91e-b64503dadc5e@group-F967393F7C93-LeaderElection238] INFO  impl.RoleInfo (RoleInfo.java:shutdownLeaderElection(134)) - d6dfcdd7-fc6e-4b51-b91e-b64503dadc5e: shutdown LeaderElection
2019-10-17 21:55:12,568 [d6dfcdd7-fc6e-4b51-b91e-b64503dadc5e@group-F967393F7C93-LeaderElection238] INFO  impl.RoleInfo (RoleInfo.java:updateAndGet(143)) - d6dfcdd7-fc6e-4b51-b91e-b64503dadc5e: start FollowerState
2019-10-17 21:55:12,602 [Thread-2084] INFO  impl.FollowerState (FollowerState.java:run(108)) - d6dfcdd7-fc6e-4b51-b91e-b64503dadc5e@group-F967393F7C93-FollowerState: change to CANDIDATE, lastRpcTime:33ms, electionTimeout:33ms
2019-10-17 21:55:12,602 [Thread-2084] INFO  impl.RoleInfo (RoleInfo.java:shutdownFollowerState(121)) - d6dfcdd7-fc6e-4b51-b91e-b64503dadc5e: shutdown FollowerState
2019-10-17 21:55:12,602 [Thread-2084] INFO  impl.RaftServerImpl (RaftServerImpl.java:setRole(184)) - d6dfcdd7-fc6e-4b51-b91e-b64503dadc5e@group-F967393F7C93: changes role from  FOLLOWER to CANDIDATE at term 234 for changeToCandidate
2019-10-17 21:55:12,602 [Thread-2084] INFO  impl.RoleInfo (RoleInfo.java:updateAndGet(143)) - d6dfcdd7-fc6e-4b51-b91e-b64503dadc5e: start LeaderElection
2019-10-17 21:55:12,616 [d6dfcdd7-fc6e-4b51-b91e-b64503dadc5e@group-F967393F7C93-LeaderElection239] INFO  impl.LeaderElection (LeaderElection.java:askForVotes(178)) - d6dfcdd7-fc6e-4b51-b91e-b64503dadc5e@group-F967393F7C93-LeaderElection239: begin an election at term 235 for -1: [08d4cbaa-ffed-4411-a5fd-c4a38026aead:192.168.157.223:33910, da15dfee-23f0-4dc4-ad77-c00156c49cfa:192.168.157.223:42172, d6dfcdd7-fc6e-4b51-b91e-b64503dadc5e:192.168.157.223:43575], old=null
2019-10-17 21:55:12,617 [d6dfcdd7-fc6e-4b51-b91e-b64503dadc5e@group-F967393F7C93-LeaderElection239] INFO  impl.LeaderElection (LogUtils.java:infoOrTrace(149)) - d6dfcdd7-fc6e-4b51-b91e-b64503dadc5e@group-F967393F7C93-LeaderElection239 got exception when requesting votes: {}
java.util.concurrent.ExecutionException: org.apache.ratis.thirdparty.io.grpc.StatusRuntimeException: UNAVAILABLE: io exception
	at java.util.concurrent.FutureTask.report(FutureTask.java:122)
	at java.util.concurrent.FutureTask.get(FutureTask.java:192)
	at org.apache.ratis.server.impl.LeaderElection.waitForResults(LeaderElection.java:259)
	at org.apache.ratis.server.impl.LeaderElection.askForVotes(LeaderElection.java:197)
	at org.apache.ratis.server.impl.LeaderElection.run(LeaderElection.java:133)
	at java.lang.Thread.run(Thread.java:748)
Caused by: org.apache.ratis.thirdparty.io.grpc.StatusRuntimeException: UNAVAILABLE: io exception
	at org.apache.ratis.thirdparty.io.grpc.stub.ClientCalls.toStatusRuntimeException(ClientCalls.java:233)
	at org.apache.ratis.thirdparty.io.grpc.stub.ClientCalls.getUnchecked(ClientCalls.java:214)
	at org.apache.ratis.thirdparty.io.grpc.stub.ClientCalls.blockingUnaryCall(ClientCalls.java:139)
	at org.apache.ratis.proto.grpc.RaftServerProtocolServiceGrpc$RaftServerProtocolServiceBlockingStub.requestVote(RaftServerProtocolServiceGrpc.java:265)
	at org.apache.ratis.grpc.server.GrpcServerProtocolClient.requestVote(GrpcServerProtocolClient.java:99)
	at org.apache.ratis.grpc.server.GrpcService.requestVote(GrpcService.java:204)
	at org.apache.ratis.server.impl.LeaderElection.lambda$submitRequests$1(LeaderElection.java:234)
	at java.util.concurrent.FutureTask.run(FutureTask.java:266)
	at java.util.concurrent.Executors$RunnableAdapter.call(Executors.java:511)
	at java.util.concurrent.FutureTask.run(FutureTask.java:266)
	at java.util.concurrent.ThreadPoolExecutor.runWorker(ThreadPoolExecutor.java:1149)
	at java.util.concurrent.ThreadPoolExecutor$Worker.run(ThreadPoolExecutor.java:624)
	... 1 more
Caused by: org.apache.ratis.thirdparty.io.netty.channel.AbstractChannel$AnnotatedConnectException: Connection refused: /192.168.157.223:42172
	at sun.nio.ch.SocketChannelImpl.checkConnect(Native Method)
	at sun.nio.ch.SocketChannelImpl.finishConnect(SocketChannelImpl.java:717)
	at org.apache.ratis.thirdparty.io.netty.channel.socket.nio.NioSocketChannel.doFinishConnect(NioSocketChannel.java:327)
	at org.apache.ratis.thirdparty.io.netty.channel.nio.AbstractNioChannel$AbstractNioUnsafe.finishConnect(AbstractNioChannel.java:340)
	at org.apache.ratis.thirdparty.io.netty.channel.nio.NioEventLoop.processSelectedKey(NioEventLoop.java:632)
	at org.apache.ratis.thirdparty.io.netty.channel.nio.NioEventLoop.processSelectedKeysOptimized(NioEventLoop.java:579)
	at org.apache.ratis.thirdparty.io.netty.channel.nio.NioEventLoop.processSelectedKeys(NioEventLoop.java:496)
	at org.apache.ratis.thirdparty.io.netty.channel.nio.NioEventLoop.run(NioEventLoop.java:458)
	at org.apache.ratis.thirdparty.io.netty.util.concurrent.SingleThreadEventExecutor$5.run(SingleThreadEventExecutor.java:897)
	at org.apache.ratis.thirdparty.io.netty.util.concurrent.FastThreadLocalRunnable.run(FastThreadLocalRunnable.java:30)
	... 1 more
Caused by: java.net.ConnectException: Connection refused
	... 11 more
2019-10-17 21:55:12,618 [grpc-default-executor-1] INFO  impl.RaftServerImpl (RaftServerImpl.java:setRole(184)) - 08d4cbaa-ffed-4411-a5fd-c4a38026aead@group-F967393F7C93: changes role from  FOLLOWER to FOLLOWER at term 235 for recognizeCandidate:d6dfcdd7-fc6e-4b51-b91e-b64503dadc5e
2019-10-17 21:55:12,618 [grpc-default-executor-1] INFO  impl.RoleInfo (RoleInfo.java:shutdownFollowerState(121)) - 08d4cbaa-ffed-4411-a5fd-c4a38026aead: shutdown FollowerState
2019-10-17 21:55:12,618 [grpc-default-executor-1] INFO  impl.RoleInfo (RoleInfo.java:updateAndGet(143)) - 08d4cbaa-ffed-4411-a5fd-c4a38026aead: start FollowerState
2019-10-17 21:55:12,618 [Thread-2083] INFO  impl.FollowerState (FollowerState.java:run(117)) - 08d4cbaa-ffed-4411-a5fd-c4a38026aead@group-F967393F7C93-FollowerState was interrupted: java.lang.InterruptedException: sleep interrupted
2019-10-17 21:55:12,631 [d6dfcdd7-fc6e-4b51-b91e-b64503dadc5e@group-F967393F7C93-LeaderElection239] INFO  impl.LeaderElection (LeaderElection.java:logAndReturn(56)) - d6dfcdd7-fc6e-4b51-b91e-b64503dadc5e@group-F967393F7C93-LeaderElection239: Election REJECTED; received 1 response(s) [d6dfcdd7-fc6e-4b51-b91e-b64503dadc5e<-08d4cbaa-ffed-4411-a5fd-c4a38026aead#0:FAIL-t235] and 1 exception(s); d6dfcdd7-fc6e-4b51-b91e-b64503dadc5e@group-F967393F7C93:t235, leader=null, voted=d6dfcdd7-fc6e-4b51-b91e-b64503dadc5e, raftlog=d6dfcdd7-fc6e-4b51-b91e-b64503dadc5e@group-F967393F7C93-SegmentedRaftLog:OPENED:c-1,f-1,i0, conf=-1: [08d4cbaa-ffed-4411-a5fd-c4a38026aead:192.168.157.223:33910, da15dfee-23f0-4dc4-ad77-c00156c49cfa:192.168.157.223:42172, d6dfcdd7-fc6e-4b51-b91e-b64503dadc5e:192.168.157.223:43575], old=null
2019-10-17 21:55:12,631 [d6dfcdd7-fc6e-4b51-b91e-b64503dadc5e@group-F967393F7C93-LeaderElection239] INFO  impl.LeaderElection (LogUtils.java:infoOrTrace(149)) -   Exception 0: {}
java.util.concurrent.ExecutionException: org.apache.ratis.thirdparty.io.grpc.StatusRuntimeException: UNAVAILABLE: io exception
	at java.util.concurrent.FutureTask.report(FutureTask.java:122)
	at java.util.concurrent.FutureTask.get(FutureTask.java:192)
	at org.apache.ratis.server.impl.LeaderElection.waitForResults(LeaderElection.java:259)
	at org.apache.ratis.server.impl.LeaderElection.askForVotes(LeaderElection.java:197)
	at org.apache.ratis.server.impl.LeaderElection.run(LeaderElection.java:133)
	at java.lang.Thread.run(Thread.java:748)
Caused by: org.apache.ratis.thirdparty.io.grpc.StatusRuntimeException: UNAVAILABLE: io exception
	at org.apache.ratis.thirdparty.io.grpc.stub.ClientCalls.toStatusRuntimeException(ClientCalls.java:233)
	at org.apache.ratis.thirdparty.io.grpc.stub.ClientCalls.getUnchecked(ClientCalls.java:214)
	at org.apache.ratis.thirdparty.io.grpc.stub.ClientCalls.blockingUnaryCall(ClientCalls.java:139)
	at org.apache.ratis.proto.grpc.RaftServerProtocolServiceGrpc$RaftServerProtocolServiceBlockingStub.requestVote(RaftServerProtocolServiceGrpc.java:265)
	at org.apache.ratis.grpc.server.GrpcServerProtocolClient.requestVote(GrpcServerProtocolClient.java:99)
	at org.apache.ratis.grpc.server.GrpcService.requestVote(GrpcService.java:204)
	at org.apache.ratis.server.impl.LeaderElection.lambda$submitRequests$1(LeaderElection.java:234)
	at java.util.concurrent.FutureTask.run(FutureTask.java:266)
	at java.util.concurrent.Executors$RunnableAdapter.call(Executors.java:511)
	at java.util.concurrent.FutureTask.run(FutureTask.java:266)
	at java.util.concurrent.ThreadPoolExecutor.runWorker(ThreadPoolExecutor.java:1149)
	at java.util.concurrent.ThreadPoolExecutor$Worker.run(ThreadPoolExecutor.java:624)
	... 1 more
Caused by: org.apache.ratis.thirdparty.io.netty.channel.AbstractChannel$AnnotatedConnectException: Connection refused: /192.168.157.223:42172
	at sun.nio.ch.SocketChannelImpl.checkConnect(Native Method)
	at sun.nio.ch.SocketChannelImpl.finishConnect(SocketChannelImpl.java:717)
	at org.apache.ratis.thirdparty.io.netty.channel.socket.nio.NioSocketChannel.doFinishConnect(NioSocketChannel.java:327)
	at org.apache.ratis.thirdparty.io.netty.channel.nio.AbstractNioChannel$AbstractNioUnsafe.finishConnect(AbstractNioChannel.java:340)
	at org.apache.ratis.thirdparty.io.netty.channel.nio.NioEventLoop.processSelectedKey(NioEventLoop.java:632)
	at org.apache.ratis.thirdparty.io.netty.channel.nio.NioEventLoop.processSelectedKeysOptimized(NioEventLoop.java:579)
	at org.apache.ratis.thirdparty.io.netty.channel.nio.NioEventLoop.processSelectedKeys(NioEventLoop.java:496)
	at org.apache.ratis.thirdparty.io.netty.channel.nio.NioEventLoop.run(NioEventLoop.java:458)
	at org.apache.ratis.thirdparty.io.netty.util.concurrent.SingleThreadEventExecutor$5.run(SingleThreadEventExecutor.java:897)
	at org.apache.ratis.thirdparty.io.netty.util.concurrent.FastThreadLocalRunnable.run(FastThreadLocalRunnable.java:30)
	... 1 more
Caused by: java.net.ConnectException: Connection refused
	... 11 more
2019-10-17 21:55:12,632 [d6dfcdd7-fc6e-4b51-b91e-b64503dadc5e@group-F967393F7C93-LeaderElection239] INFO  impl.RaftServerImpl (RaftServerImpl.java:setRole(184)) - d6dfcdd7-fc6e-4b51-b91e-b64503dadc5e@group-F967393F7C93: changes role from CANDIDATE to FOLLOWER at term 235 for DISCOVERED_A_NEW_TERM
2019-10-17 21:55:12,632 [d6dfcdd7-fc6e-4b51-b91e-b64503dadc5e@group-F967393F7C93-LeaderElection239] INFO  impl.RoleInfo (RoleInfo.java:shutdownLeaderElection(134)) - d6dfcdd7-fc6e-4b51-b91e-b64503dadc5e: shutdown LeaderElection
2019-10-17 21:55:12,632 [d6dfcdd7-fc6e-4b51-b91e-b64503dadc5e@group-F967393F7C93-LeaderElection239] INFO  impl.RoleInfo (RoleInfo.java:updateAndGet(143)) - d6dfcdd7-fc6e-4b51-b91e-b64503dadc5e: start FollowerState
2019-10-17 21:55:12,643 [Thread-2089] INFO  impl.FollowerState (FollowerState.java:run(108)) - d6dfcdd7-fc6e-4b51-b91e-b64503dadc5e@group-F967393F7C93-FollowerState: change to CANDIDATE, lastRpcTime:10ms, electionTimeout:10ms
2019-10-17 21:55:12,643 [Thread-2089] INFO  impl.RoleInfo (RoleInfo.java:shutdownFollowerState(121)) - d6dfcdd7-fc6e-4b51-b91e-b64503dadc5e: shutdown FollowerState
2019-10-17 21:55:12,643 [Thread-2089] INFO  impl.RaftServerImpl (RaftServerImpl.java:setRole(184)) - d6dfcdd7-fc6e-4b51-b91e-b64503dadc5e@group-F967393F7C93: changes role from  FOLLOWER to CANDIDATE at term 235 for changeToCandidate
2019-10-17 21:55:12,643 [Thread-2089] INFO  impl.RoleInfo (RoleInfo.java:updateAndGet(143)) - d6dfcdd7-fc6e-4b51-b91e-b64503dadc5e: start LeaderElection
2019-10-17 21:55:12,656 [d6dfcdd7-fc6e-4b51-b91e-b64503dadc5e@group-F967393F7C93-LeaderElection240] INFO  impl.LeaderElection (LeaderElection.java:askForVotes(178)) - d6dfcdd7-fc6e-4b51-b91e-b64503dadc5e@group-F967393F7C93-LeaderElection240: begin an election at term 236 for -1: [08d4cbaa-ffed-4411-a5fd-c4a38026aead:192.168.157.223:33910, da15dfee-23f0-4dc4-ad77-c00156c49cfa:192.168.157.223:42172, d6dfcdd7-fc6e-4b51-b91e-b64503dadc5e:192.168.157.223:43575], old=null
2019-10-17 21:55:12,656 [d6dfcdd7-fc6e-4b51-b91e-b64503dadc5e@group-F967393F7C93-LeaderElection240] INFO  impl.LeaderElection (LogUtils.java:infoOrTrace(149)) - d6dfcdd7-fc6e-4b51-b91e-b64503dadc5e@group-F967393F7C93-LeaderElection240 got exception when requesting votes: {}
java.util.concurrent.ExecutionException: org.apache.ratis.thirdparty.io.grpc.StatusRuntimeException: UNAVAILABLE: io exception
	at java.util.concurrent.FutureTask.report(FutureTask.java:122)
	at java.util.concurrent.FutureTask.get(FutureTask.java:192)
	at org.apache.ratis.server.impl.LeaderElection.waitForResults(LeaderElection.java:259)
	at org.apache.ratis.server.impl.LeaderElection.askForVotes(LeaderElection.java:197)
	at org.apache.ratis.server.impl.LeaderElection.run(LeaderElection.java:133)
	at java.lang.Thread.run(Thread.java:748)
Caused by: org.apache.ratis.thirdparty.io.grpc.StatusRuntimeException: UNAVAILABLE: io exception
	at org.apache.ratis.thirdparty.io.grpc.stub.ClientCalls.toStatusRuntimeException(ClientCalls.java:233)
	at org.apache.ratis.thirdparty.io.grpc.stub.ClientCalls.getUnchecked(ClientCalls.java:214)
	at org.apache.ratis.thirdparty.io.grpc.stub.ClientCalls.blockingUnaryCall(ClientCalls.java:139)
	at org.apache.ratis.proto.grpc.RaftServerProtocolServiceGrpc$RaftServerProtocolServiceBlockingStub.requestVote(RaftServerProtocolServiceGrpc.java:265)
	at org.apache.ratis.grpc.server.GrpcServerProtocolClient.requestVote(GrpcServerProtocolClient.java:99)
	at org.apache.ratis.grpc.server.GrpcService.requestVote(GrpcService.java:204)
	at org.apache.ratis.server.impl.LeaderElection.lambda$submitRequests$1(LeaderElection.java:234)
	at java.util.concurrent.FutureTask.run(FutureTask.java:266)
	at java.util.concurrent.Executors$RunnableAdapter.call(Executors.java:511)
	at java.util.concurrent.FutureTask.run(FutureTask.java:266)
	at java.util.concurrent.ThreadPoolExecutor.runWorker(ThreadPoolExecutor.java:1149)
	at java.util.concurrent.ThreadPoolExecutor$Worker.run(ThreadPoolExecutor.java:624)
	... 1 more
Caused by: org.apache.ratis.thirdparty.io.netty.channel.AbstractChannel$AnnotatedConnectException: Connection refused: /192.168.157.223:42172
	at sun.nio.ch.SocketChannelImpl.checkConnect(Native Method)
	at sun.nio.ch.SocketChannelImpl.finishConnect(SocketChannelImpl.java:717)
	at org.apache.ratis.thirdparty.io.netty.channel.socket.nio.NioSocketChannel.doFinishConnect(NioSocketChannel.java:327)
	at org.apache.ratis.thirdparty.io.netty.channel.nio.AbstractNioChannel$AbstractNioUnsafe.finishConnect(AbstractNioChannel.java:340)
	at org.apache.ratis.thirdparty.io.netty.channel.nio.NioEventLoop.processSelectedKey(NioEventLoop.java:632)
	at org.apache.ratis.thirdparty.io.netty.channel.nio.NioEventLoop.processSelectedKeysOptimized(NioEventLoop.java:579)
	at org.apache.ratis.thirdparty.io.netty.channel.nio.NioEventLoop.processSelectedKeys(NioEventLoop.java:496)
	at org.apache.ratis.thirdparty.io.netty.channel.nio.NioEventLoop.run(NioEventLoop.java:458)
	at org.apache.ratis.thirdparty.io.netty.util.concurrent.SingleThreadEventExecutor$5.run(SingleThreadEventExecutor.java:897)
	at org.apache.ratis.thirdparty.io.netty.util.concurrent.FastThreadLocalRunnable.run(FastThreadLocalRunnable.java:30)
	... 1 more
Caused by: java.net.ConnectException: Connection refused
	... 11 more
2019-10-17 21:55:12,657 [grpc-default-executor-1] INFO  impl.RaftServerImpl (RaftServerImpl.java:setRole(184)) - 08d4cbaa-ffed-4411-a5fd-c4a38026aead@group-F967393F7C93: changes role from  FOLLOWER to FOLLOWER at term 236 for recognizeCandidate:d6dfcdd7-fc6e-4b51-b91e-b64503dadc5e
2019-10-17 21:55:12,658 [grpc-default-executor-1] INFO  impl.RoleInfo (RoleInfo.java:shutdownFollowerState(121)) - 08d4cbaa-ffed-4411-a5fd-c4a38026aead: shutdown FollowerState
2019-10-17 21:55:12,658 [grpc-default-executor-1] INFO  impl.RoleInfo (RoleInfo.java:updateAndGet(143)) - 08d4cbaa-ffed-4411-a5fd-c4a38026aead: start FollowerState
2019-10-17 21:55:12,658 [Thread-2088] INFO  impl.FollowerState (FollowerState.java:run(117)) - 08d4cbaa-ffed-4411-a5fd-c4a38026aead@group-F967393F7C93-FollowerState was interrupted: java.lang.InterruptedException: sleep interrupted
2019-10-17 21:55:12,671 [d6dfcdd7-fc6e-4b51-b91e-b64503dadc5e@group-F967393F7C93-LeaderElection240] INFO  impl.LeaderElection (LeaderElection.java:logAndReturn(56)) - d6dfcdd7-fc6e-4b51-b91e-b64503dadc5e@group-F967393F7C93-LeaderElection240: Election REJECTED; received 1 response(s) [d6dfcdd7-fc6e-4b51-b91e-b64503dadc5e<-08d4cbaa-ffed-4411-a5fd-c4a38026aead#0:FAIL-t236] and 1 exception(s); d6dfcdd7-fc6e-4b51-b91e-b64503dadc5e@group-F967393F7C93:t236, leader=null, voted=d6dfcdd7-fc6e-4b51-b91e-b64503dadc5e, raftlog=d6dfcdd7-fc6e-4b51-b91e-b64503dadc5e@group-F967393F7C93-SegmentedRaftLog:OPENED:c-1,f-1,i0, conf=-1: [08d4cbaa-ffed-4411-a5fd-c4a38026aead:192.168.157.223:33910, da15dfee-23f0-4dc4-ad77-c00156c49cfa:192.168.157.223:42172, d6dfcdd7-fc6e-4b51-b91e-b64503dadc5e:192.168.157.223:43575], old=null
2019-10-17 21:55:12,671 [d6dfcdd7-fc6e-4b51-b91e-b64503dadc5e@group-F967393F7C93-LeaderElection240] INFO  impl.LeaderElection (LogUtils.java:infoOrTrace(149)) -   Exception 0: {}
java.util.concurrent.ExecutionException: org.apache.ratis.thirdparty.io.grpc.StatusRuntimeException: UNAVAILABLE: io exception
	at java.util.concurrent.FutureTask.report(FutureTask.java:122)
	at java.util.concurrent.FutureTask.get(FutureTask.java:192)
	at org.apache.ratis.server.impl.LeaderElection.waitForResults(LeaderElection.java:259)
	at org.apache.ratis.server.impl.LeaderElection.askForVotes(LeaderElection.java:197)
	at org.apache.ratis.server.impl.LeaderElection.run(LeaderElection.java:133)
	at java.lang.Thread.run(Thread.java:748)
Caused by: org.apache.ratis.thirdparty.io.grpc.StatusRuntimeException: UNAVAILABLE: io exception
	at org.apache.ratis.thirdparty.io.grpc.stub.ClientCalls.toStatusRuntimeException(ClientCalls.java:233)
	at org.apache.ratis.thirdparty.io.grpc.stub.ClientCalls.getUnchecked(ClientCalls.java:214)
	at org.apache.ratis.thirdparty.io.grpc.stub.ClientCalls.blockingUnaryCall(ClientCalls.java:139)
	at org.apache.ratis.proto.grpc.RaftServerProtocolServiceGrpc$RaftServerProtocolServiceBlockingStub.requestVote(RaftServerProtocolServiceGrpc.java:265)
	at org.apache.ratis.grpc.server.GrpcServerProtocolClient.requestVote(GrpcServerProtocolClient.java:99)
	at org.apache.ratis.grpc.server.GrpcService.requestVote(GrpcService.java:204)
	at org.apache.ratis.server.impl.LeaderElection.lambda$submitRequests$1(LeaderElection.java:234)
	at java.util.concurrent.FutureTask.run(FutureTask.java:266)
	at java.util.concurrent.Executors$RunnableAdapter.call(Executors.java:511)
	at java.util.concurrent.FutureTask.run(FutureTask.java:266)
	at java.util.concurrent.ThreadPoolExecutor.runWorker(ThreadPoolExecutor.java:1149)
	at java.util.concurrent.ThreadPoolExecutor$Worker.run(ThreadPoolExecutor.java:624)
	... 1 more
Caused by: org.apache.ratis.thirdparty.io.netty.channel.AbstractChannel$AnnotatedConnectException: Connection refused: /192.168.157.223:42172
	at sun.nio.ch.SocketChannelImpl.checkConnect(Native Method)
	at sun.nio.ch.SocketChannelImpl.finishConnect(SocketChannelImpl.java:717)
	at org.apache.ratis.thirdparty.io.netty.channel.socket.nio.NioSocketChannel.doFinishConnect(NioSocketChannel.java:327)
	at org.apache.ratis.thirdparty.io.netty.channel.nio.AbstractNioChannel$AbstractNioUnsafe.finishConnect(AbstractNioChannel.java:340)
	at org.apache.ratis.thirdparty.io.netty.channel.nio.NioEventLoop.processSelectedKey(NioEventLoop.java:632)
	at org.apache.ratis.thirdparty.io.netty.channel.nio.NioEventLoop.processSelectedKeysOptimized(NioEventLoop.java:579)
	at org.apache.ratis.thirdparty.io.netty.channel.nio.NioEventLoop.processSelectedKeys(NioEventLoop.java:496)
	at org.apache.ratis.thirdparty.io.netty.channel.nio.NioEventLoop.run(NioEventLoop.java:458)
	at org.apache.ratis.thirdparty.io.netty.util.concurrent.SingleThreadEventExecutor$5.run(SingleThreadEventExecutor.java:897)
	at org.apache.ratis.thirdparty.io.netty.util.concurrent.FastThreadLocalRunnable.run(FastThreadLocalRunnable.java:30)
	... 1 more
Caused by: java.net.ConnectException: Connection refused
	... 11 more
2019-10-17 21:55:12,671 [d6dfcdd7-fc6e-4b51-b91e-b64503dadc5e@group-F967393F7C93-LeaderElection240] INFO  impl.RaftServerImpl (RaftServerImpl.java:setRole(184)) - d6dfcdd7-fc6e-4b51-b91e-b64503dadc5e@group-F967393F7C93: changes role from CANDIDATE to FOLLOWER at term 236 for DISCOVERED_A_NEW_TERM
2019-10-17 21:55:12,671 [d6dfcdd7-fc6e-4b51-b91e-b64503dadc5e@group-F967393F7C93-LeaderElection240] INFO  impl.RoleInfo (RoleInfo.java:shutdownLeaderElection(134)) - d6dfcdd7-fc6e-4b51-b91e-b64503dadc5e: shutdown LeaderElection
2019-10-17 21:55:12,671 [d6dfcdd7-fc6e-4b51-b91e-b64503dadc5e@group-F967393F7C93-LeaderElection240] INFO  impl.RoleInfo (RoleInfo.java:updateAndGet(143)) - d6dfcdd7-fc6e-4b51-b91e-b64503dadc5e: start FollowerState
2019-10-17 21:55:12,777 [java.util.concurrent.ThreadPoolExecutor$Worker@71aa17a1[State = -1, empty queue]] WARN  server.GrpcLogAppender (GrpcLogAppender.java:timeoutAppendRequest(209)) - de567563-d0dd-4cf2-91b7-f72627909699@group-3097D7458558->db0af43e-c62e-4c1d-affa-ffdb4faae2f8-GrpcLogAppender: appendEntries Timeout, request=de567563-d0dd-4cf2-91b7-f72627909699->db0af43e-c62e-4c1d-affa-ffdb4faae2f8#55-t10, previous=(t:10, i:4), leaderCommit=4, initializing? false, entries: <empty>
2019-10-17 21:55:12,818 [Thread-2094] INFO  impl.FollowerState (FollowerState.java:run(108)) - d6dfcdd7-fc6e-4b51-b91e-b64503dadc5e@group-F967393F7C93-FollowerState: change to CANDIDATE, lastRpcTime:146ms, electionTimeout:146ms
2019-10-17 21:55:12,818 [Thread-2094] INFO  impl.RoleInfo (RoleInfo.java:shutdownFollowerState(121)) - d6dfcdd7-fc6e-4b51-b91e-b64503dadc5e: shutdown FollowerState
2019-10-17 21:55:12,818 [Thread-2094] INFO  impl.RaftServerImpl (RaftServerImpl.java:setRole(184)) - d6dfcdd7-fc6e-4b51-b91e-b64503dadc5e@group-F967393F7C93: changes role from  FOLLOWER to CANDIDATE at term 236 for changeToCandidate
2019-10-17 21:55:12,818 [Thread-2094] INFO  impl.RoleInfo (RoleInfo.java:updateAndGet(143)) - d6dfcdd7-fc6e-4b51-b91e-b64503dadc5e: start LeaderElection
2019-10-17 21:55:12,844 [d6dfcdd7-fc6e-4b51-b91e-b64503dadc5e@group-F967393F7C93-LeaderElection241] INFO  impl.LeaderElection (LeaderElection.java:askForVotes(178)) - d6dfcdd7-fc6e-4b51-b91e-b64503dadc5e@group-F967393F7C93-LeaderElection241: begin an election at term 237 for -1: [08d4cbaa-ffed-4411-a5fd-c4a38026aead:192.168.157.223:33910, da15dfee-23f0-4dc4-ad77-c00156c49cfa:192.168.157.223:42172, d6dfcdd7-fc6e-4b51-b91e-b64503dadc5e:192.168.157.223:43575], old=null
2019-10-17 21:55:12,845 [d6dfcdd7-fc6e-4b51-b91e-b64503dadc5e@group-F967393F7C93-LeaderElection241] INFO  impl.LeaderElection (LogUtils.java:infoOrTrace(149)) - d6dfcdd7-fc6e-4b51-b91e-b64503dadc5e@group-F967393F7C93-LeaderElection241 got exception when requesting votes: {}
java.util.concurrent.ExecutionException: org.apache.ratis.thirdparty.io.grpc.StatusRuntimeException: UNAVAILABLE: io exception
	at java.util.concurrent.FutureTask.report(FutureTask.java:122)
	at java.util.concurrent.FutureTask.get(FutureTask.java:192)
	at org.apache.ratis.server.impl.LeaderElection.waitForResults(LeaderElection.java:259)
	at org.apache.ratis.server.impl.LeaderElection.askForVotes(LeaderElection.java:197)
	at org.apache.ratis.server.impl.LeaderElection.run(LeaderElection.java:133)
	at java.lang.Thread.run(Thread.java:748)
Caused by: org.apache.ratis.thirdparty.io.grpc.StatusRuntimeException: UNAVAILABLE: io exception
	at org.apache.ratis.thirdparty.io.grpc.stub.ClientCalls.toStatusRuntimeException(ClientCalls.java:233)
	at org.apache.ratis.thirdparty.io.grpc.stub.ClientCalls.getUnchecked(ClientCalls.java:214)
	at org.apache.ratis.thirdparty.io.grpc.stub.ClientCalls.blockingUnaryCall(ClientCalls.java:139)
	at org.apache.ratis.proto.grpc.RaftServerProtocolServiceGrpc$RaftServerProtocolServiceBlockingStub.requestVote(RaftServerProtocolServiceGrpc.java:265)
	at org.apache.ratis.grpc.server.GrpcServerProtocolClient.requestVote(GrpcServerProtocolClient.java:99)
	at org.apache.ratis.grpc.server.GrpcService.requestVote(GrpcService.java:204)
	at org.apache.ratis.server.impl.LeaderElection.lambda$submitRequests$1(LeaderElection.java:234)
	at java.util.concurrent.FutureTask.run(FutureTask.java:266)
	at java.util.concurrent.Executors$RunnableAdapter.call(Executors.java:511)
	at java.util.concurrent.FutureTask.run(FutureTask.java:266)
	at java.util.concurrent.ThreadPoolExecutor.runWorker(ThreadPoolExecutor.java:1149)
	at java.util.concurrent.ThreadPoolExecutor$Worker.run(ThreadPoolExecutor.java:624)
	... 1 more
Caused by: org.apache.ratis.thirdparty.io.netty.channel.AbstractChannel$AnnotatedConnectException: Connection refused: /192.168.157.223:42172
	at sun.nio.ch.SocketChannelImpl.checkConnect(Native Method)
	at sun.nio.ch.SocketChannelImpl.finishConnect(SocketChannelImpl.java:717)
	at org.apache.ratis.thirdparty.io.netty.channel.socket.nio.NioSocketChannel.doFinishConnect(NioSocketChannel.java:327)
	at org.apache.ratis.thirdparty.io.netty.channel.nio.AbstractNioChannel$AbstractNioUnsafe.finishConnect(AbstractNioChannel.java:340)
	at org.apache.ratis.thirdparty.io.netty.channel.nio.NioEventLoop.processSelectedKey(NioEventLoop.java:632)
	at org.apache.ratis.thirdparty.io.netty.channel.nio.NioEventLoop.processSelectedKeysOptimized(NioEventLoop.java:579)
	at org.apache.ratis.thirdparty.io.netty.channel.nio.NioEventLoop.processSelectedKeys(NioEventLoop.java:496)
	at org.apache.ratis.thirdparty.io.netty.channel.nio.NioEventLoop.run(NioEventLoop.java:458)
	at org.apache.ratis.thirdparty.io.netty.util.concurrent.SingleThreadEventExecutor$5.run(SingleThreadEventExecutor.java:897)
	at org.apache.ratis.thirdparty.io.netty.util.concurrent.FastThreadLocalRunnable.run(FastThreadLocalRunnable.java:30)
	... 1 more
Caused by: java.net.ConnectException: Connection refused
	... 11 more
2019-10-17 21:55:12,846 [grpc-default-executor-1] INFO  impl.RaftServerImpl (RaftServerImpl.java:setRole(184)) - 08d4cbaa-ffed-4411-a5fd-c4a38026aead@group-F967393F7C93: changes role from  FOLLOWER to FOLLOWER at term 237 for recognizeCandidate:d6dfcdd7-fc6e-4b51-b91e-b64503dadc5e
2019-10-17 21:55:12,846 [grpc-default-executor-1] INFO  impl.RoleInfo (RoleInfo.java:shutdownFollowerState(121)) - 08d4cbaa-ffed-4411-a5fd-c4a38026aead: shutdown FollowerState
2019-10-17 21:55:12,846 [grpc-default-executor-1] INFO  impl.RoleInfo (RoleInfo.java:updateAndGet(143)) - 08d4cbaa-ffed-4411-a5fd-c4a38026aead: start FollowerState
2019-10-17 21:55:12,846 [Thread-2093] INFO  impl.FollowerState (FollowerState.java:run(117)) - 08d4cbaa-ffed-4411-a5fd-c4a38026aead@group-F967393F7C93-FollowerState was interrupted: java.lang.InterruptedException: sleep interrupted
2019-10-17 21:55:12,859 [d6dfcdd7-fc6e-4b51-b91e-b64503dadc5e@group-F967393F7C93-LeaderElection241] INFO  impl.LeaderElection (LeaderElection.java:logAndReturn(56)) - d6dfcdd7-fc6e-4b51-b91e-b64503dadc5e@group-F967393F7C93-LeaderElection241: Election REJECTED; received 1 response(s) [d6dfcdd7-fc6e-4b51-b91e-b64503dadc5e<-08d4cbaa-ffed-4411-a5fd-c4a38026aead#0:FAIL-t237] and 1 exception(s); d6dfcdd7-fc6e-4b51-b91e-b64503dadc5e@group-F967393F7C93:t237, leader=null, voted=d6dfcdd7-fc6e-4b51-b91e-b64503dadc5e, raftlog=d6dfcdd7-fc6e-4b51-b91e-b64503dadc5e@group-F967393F7C93-SegmentedRaftLog:OPENED:c-1,f-1,i0, conf=-1: [08d4cbaa-ffed-4411-a5fd-c4a38026aead:192.168.157.223:33910, da15dfee-23f0-4dc4-ad77-c00156c49cfa:192.168.157.223:42172, d6dfcdd7-fc6e-4b51-b91e-b64503dadc5e:192.168.157.223:43575], old=null
2019-10-17 21:55:12,859 [d6dfcdd7-fc6e-4b51-b91e-b64503dadc5e@group-F967393F7C93-LeaderElection241] INFO  impl.LeaderElection (LogUtils.java:infoOrTrace(149)) -   Exception 0: {}
java.util.concurrent.ExecutionException: org.apache.ratis.thirdparty.io.grpc.StatusRuntimeException: UNAVAILABLE: io exception
	at java.util.concurrent.FutureTask.report(FutureTask.java:122)
	at java.util.concurrent.FutureTask.get(FutureTask.java:192)
	at org.apache.ratis.server.impl.LeaderElection.waitForResults(LeaderElection.java:259)
	at org.apache.ratis.server.impl.LeaderElection.askForVotes(LeaderElection.java:197)
	at org.apache.ratis.server.impl.LeaderElection.run(LeaderElection.java:133)
	at java.lang.Thread.run(Thread.java:748)
Caused by: org.apache.ratis.thirdparty.io.grpc.StatusRuntimeException: UNAVAILABLE: io exception
	at org.apache.ratis.thirdparty.io.grpc.stub.ClientCalls.toStatusRuntimeException(ClientCalls.java:233)
	at org.apache.ratis.thirdparty.io.grpc.stub.ClientCalls.getUnchecked(ClientCalls.java:214)
	at org.apache.ratis.thirdparty.io.grpc.stub.ClientCalls.blockingUnaryCall(ClientCalls.java:139)
	at org.apache.ratis.proto.grpc.RaftServerProtocolServiceGrpc$RaftServerProtocolServiceBlockingStub.requestVote(RaftServerProtocolServiceGrpc.java:265)
	at org.apache.ratis.grpc.server.GrpcServerProtocolClient.requestVote(GrpcServerProtocolClient.java:99)
	at org.apache.ratis.grpc.server.GrpcService.requestVote(GrpcService.java:204)
	at org.apache.ratis.server.impl.LeaderElection.lambda$submitRequests$1(LeaderElection.java:234)
	at java.util.concurrent.FutureTask.run(FutureTask.java:266)
	at java.util.concurrent.Executors$RunnableAdapter.call(Executors.java:511)
	at java.util.concurrent.FutureTask.run(FutureTask.java:266)
	at java.util.concurrent.ThreadPoolExecutor.runWorker(ThreadPoolExecutor.java:1149)
	at java.util.concurrent.ThreadPoolExecutor$Worker.run(ThreadPoolExecutor.java:624)
	... 1 more
Caused by: org.apache.ratis.thirdparty.io.netty.channel.AbstractChannel$AnnotatedConnectException: Connection refused: /192.168.157.223:42172
	at sun.nio.ch.SocketChannelImpl.checkConnect(Native Method)
	at sun.nio.ch.SocketChannelImpl.finishConnect(SocketChannelImpl.java:717)
	at org.apache.ratis.thirdparty.io.netty.channel.socket.nio.NioSocketChannel.doFinishConnect(NioSocketChannel.java:327)
	at org.apache.ratis.thirdparty.io.netty.channel.nio.AbstractNioChannel$AbstractNioUnsafe.finishConnect(AbstractNioChannel.java:340)
	at org.apache.ratis.thirdparty.io.netty.channel.nio.NioEventLoop.processSelectedKey(NioEventLoop.java:632)
	at org.apache.ratis.thirdparty.io.netty.channel.nio.NioEventLoop.processSelectedKeysOptimized(NioEventLoop.java:579)
	at org.apache.ratis.thirdparty.io.netty.channel.nio.NioEventLoop.processSelectedKeys(NioEventLoop.java:496)
	at org.apache.ratis.thirdparty.io.netty.channel.nio.NioEventLoop.run(NioEventLoop.java:458)
	at org.apache.ratis.thirdparty.io.netty.util.concurrent.SingleThreadEventExecutor$5.run(SingleThreadEventExecutor.java:897)
	at org.apache.ratis.thirdparty.io.netty.util.concurrent.FastThreadLocalRunnable.run(FastThreadLocalRunnable.java:30)
	... 1 more
Caused by: java.net.ConnectException: Connection refused
	... 11 more
2019-10-17 21:55:12,860 [d6dfcdd7-fc6e-4b51-b91e-b64503dadc5e@group-F967393F7C93-LeaderElection241] INFO  impl.RaftServerImpl (RaftServerImpl.java:setRole(184)) - d6dfcdd7-fc6e-4b51-b91e-b64503dadc5e@group-F967393F7C93: changes role from CANDIDATE to FOLLOWER at term 237 for DISCOVERED_A_NEW_TERM
2019-10-17 21:55:12,860 [d6dfcdd7-fc6e-4b51-b91e-b64503dadc5e@group-F967393F7C93-LeaderElection241] INFO  impl.RoleInfo (RoleInfo.java:shutdownLeaderElection(134)) - d6dfcdd7-fc6e-4b51-b91e-b64503dadc5e: shutdown LeaderElection
2019-10-17 21:55:12,860 [d6dfcdd7-fc6e-4b51-b91e-b64503dadc5e@group-F967393F7C93-LeaderElection241] INFO  impl.RoleInfo (RoleInfo.java:updateAndGet(143)) - d6dfcdd7-fc6e-4b51-b91e-b64503dadc5e: start FollowerState
2019-10-17 21:55:12,970 [Thread-2100] INFO  impl.FollowerState (FollowerState.java:run(108)) - d6dfcdd7-fc6e-4b51-b91e-b64503dadc5e@group-F967393F7C93-FollowerState: change to CANDIDATE, lastRpcTime:110ms, electionTimeout:110ms
2019-10-17 21:55:12,970 [Thread-2100] INFO  impl.RoleInfo (RoleInfo.java:shutdownFollowerState(121)) - d6dfcdd7-fc6e-4b51-b91e-b64503dadc5e: shutdown FollowerState
2019-10-17 21:55:12,971 [Thread-2100] INFO  impl.RaftServerImpl (RaftServerImpl.java:setRole(184)) - d6dfcdd7-fc6e-4b51-b91e-b64503dadc5e@group-F967393F7C93: changes role from  FOLLOWER to CANDIDATE at term 237 for changeToCandidate
2019-10-17 21:55:12,971 [Thread-2100] INFO  impl.RoleInfo (RoleInfo.java:updateAndGet(143)) - d6dfcdd7-fc6e-4b51-b91e-b64503dadc5e: start LeaderElection
2019-10-17 21:55:12,984 [d6dfcdd7-fc6e-4b51-b91e-b64503dadc5e@group-F967393F7C93-LeaderElection242] INFO  impl.LeaderElection (LeaderElection.java:askForVotes(178)) - d6dfcdd7-fc6e-4b51-b91e-b64503dadc5e@group-F967393F7C93-LeaderElection242: begin an election at term 238 for -1: [08d4cbaa-ffed-4411-a5fd-c4a38026aead:192.168.157.223:33910, da15dfee-23f0-4dc4-ad77-c00156c49cfa:192.168.157.223:42172, d6dfcdd7-fc6e-4b51-b91e-b64503dadc5e:192.168.157.223:43575], old=null
2019-10-17 21:55:12,985 [d6dfcdd7-fc6e-4b51-b91e-b64503dadc5e@group-F967393F7C93-LeaderElection242] INFO  impl.LeaderElection (LogUtils.java:infoOrTrace(149)) - d6dfcdd7-fc6e-4b51-b91e-b64503dadc5e@group-F967393F7C93-LeaderElection242 got exception when requesting votes: {}
java.util.concurrent.ExecutionException: org.apache.ratis.thirdparty.io.grpc.StatusRuntimeException: UNAVAILABLE: io exception
	at java.util.concurrent.FutureTask.report(FutureTask.java:122)
	at java.util.concurrent.FutureTask.get(FutureTask.java:192)
	at org.apache.ratis.server.impl.LeaderElection.waitForResults(LeaderElection.java:259)
	at org.apache.ratis.server.impl.LeaderElection.askForVotes(LeaderElection.java:197)
	at org.apache.ratis.server.impl.LeaderElection.run(LeaderElection.java:133)
	at java.lang.Thread.run(Thread.java:748)
Caused by: org.apache.ratis.thirdparty.io.grpc.StatusRuntimeException: UNAVAILABLE: io exception
	at org.apache.ratis.thirdparty.io.grpc.stub.ClientCalls.toStatusRuntimeException(ClientCalls.java:233)
	at org.apache.ratis.thirdparty.io.grpc.stub.ClientCalls.getUnchecked(ClientCalls.java:214)
	at org.apache.ratis.thirdparty.io.grpc.stub.ClientCalls.blockingUnaryCall(ClientCalls.java:139)
	at org.apache.ratis.proto.grpc.RaftServerProtocolServiceGrpc$RaftServerProtocolServiceBlockingStub.requestVote(RaftServerProtocolServiceGrpc.java:265)
	at org.apache.ratis.grpc.server.GrpcServerProtocolClient.requestVote(GrpcServerProtocolClient.java:99)
	at org.apache.ratis.grpc.server.GrpcService.requestVote(GrpcService.java:204)
	at org.apache.ratis.server.impl.LeaderElection.lambda$submitRequests$1(LeaderElection.java:234)
	at java.util.concurrent.FutureTask.run(FutureTask.java:266)
	at java.util.concurrent.Executors$RunnableAdapter.call(Executors.java:511)
	at java.util.concurrent.FutureTask.run(FutureTask.java:266)
	at java.util.concurrent.ThreadPoolExecutor.runWorker(ThreadPoolExecutor.java:1149)
	at java.util.concurrent.ThreadPoolExecutor$Worker.run(ThreadPoolExecutor.java:624)
	... 1 more
Caused by: org.apache.ratis.thirdparty.io.netty.channel.AbstractChannel$AnnotatedConnectException: Connection refused: /192.168.157.223:42172
	at sun.nio.ch.SocketChannelImpl.checkConnect(Native Method)
	at sun.nio.ch.SocketChannelImpl.finishConnect(SocketChannelImpl.java:717)
	at org.apache.ratis.thirdparty.io.netty.channel.socket.nio.NioSocketChannel.doFinishConnect(NioSocketChannel.java:327)
	at org.apache.ratis.thirdparty.io.netty.channel.nio.AbstractNioChannel$AbstractNioUnsafe.finishConnect(AbstractNioChannel.java:340)
	at org.apache.ratis.thirdparty.io.netty.channel.nio.NioEventLoop.processSelectedKey(NioEventLoop.java:632)
	at org.apache.ratis.thirdparty.io.netty.channel.nio.NioEventLoop.processSelectedKeysOptimized(NioEventLoop.java:579)
	at org.apache.ratis.thirdparty.io.netty.channel.nio.NioEventLoop.processSelectedKeys(NioEventLoop.java:496)
	at org.apache.ratis.thirdparty.io.netty.channel.nio.NioEventLoop.run(NioEventLoop.java:458)
	at org.apache.ratis.thirdparty.io.netty.util.concurrent.SingleThreadEventExecutor$5.run(SingleThreadEventExecutor.java:897)
	at org.apache.ratis.thirdparty.io.netty.util.concurrent.FastThreadLocalRunnable.run(FastThreadLocalRunnable.java:30)
	... 1 more
Caused by: java.net.ConnectException: Connection refused
	... 11 more
2019-10-17 21:55:12,986 [grpc-default-executor-1] INFO  impl.RaftServerImpl (RaftServerImpl.java:setRole(184)) - 08d4cbaa-ffed-4411-a5fd-c4a38026aead@group-F967393F7C93: changes role from  FOLLOWER to FOLLOWER at term 238 for recognizeCandidate:d6dfcdd7-fc6e-4b51-b91e-b64503dadc5e
2019-10-17 21:55:12,986 [grpc-default-executor-1] INFO  impl.RoleInfo (RoleInfo.java:shutdownFollowerState(121)) - 08d4cbaa-ffed-4411-a5fd-c4a38026aead: shutdown FollowerState
2019-10-17 21:55:12,986 [grpc-default-executor-1] INFO  impl.RoleInfo (RoleInfo.java:updateAndGet(143)) - 08d4cbaa-ffed-4411-a5fd-c4a38026aead: start FollowerState
2019-10-17 21:55:12,986 [Thread-2099] INFO  impl.FollowerState (FollowerState.java:run(117)) - 08d4cbaa-ffed-4411-a5fd-c4a38026aead@group-F967393F7C93-FollowerState was interrupted: java.lang.InterruptedException: sleep interrupted
2019-10-17 21:55:13,008 [d6dfcdd7-fc6e-4b51-b91e-b64503dadc5e@group-F967393F7C93-LeaderElection242] INFO  impl.LeaderElection (LeaderElection.java:logAndReturn(56)) - d6dfcdd7-fc6e-4b51-b91e-b64503dadc5e@group-F967393F7C93-LeaderElection242: Election REJECTED; received 1 response(s) [d6dfcdd7-fc6e-4b51-b91e-b64503dadc5e<-08d4cbaa-ffed-4411-a5fd-c4a38026aead#0:FAIL-t238] and 1 exception(s); d6dfcdd7-fc6e-4b51-b91e-b64503dadc5e@group-F967393F7C93:t238, leader=null, voted=d6dfcdd7-fc6e-4b51-b91e-b64503dadc5e, raftlog=d6dfcdd7-fc6e-4b51-b91e-b64503dadc5e@group-F967393F7C93-SegmentedRaftLog:OPENED:c-1,f-1,i0, conf=-1: [08d4cbaa-ffed-4411-a5fd-c4a38026aead:192.168.157.223:33910, da15dfee-23f0-4dc4-ad77-c00156c49cfa:192.168.157.223:42172, d6dfcdd7-fc6e-4b51-b91e-b64503dadc5e:192.168.157.223:43575], old=null
2019-10-17 21:55:13,008 [d6dfcdd7-fc6e-4b51-b91e-b64503dadc5e@group-F967393F7C93-LeaderElection242] INFO  impl.LeaderElection (LogUtils.java:infoOrTrace(149)) -   Exception 0: {}
java.util.concurrent.ExecutionException: org.apache.ratis.thirdparty.io.grpc.StatusRuntimeException: UNAVAILABLE: io exception
	at java.util.concurrent.FutureTask.report(FutureTask.java:122)
	at java.util.concurrent.FutureTask.get(FutureTask.java:192)
	at org.apache.ratis.server.impl.LeaderElection.waitForResults(LeaderElection.java:259)
	at org.apache.ratis.server.impl.LeaderElection.askForVotes(LeaderElection.java:197)
	at org.apache.ratis.server.impl.LeaderElection.run(LeaderElection.java:133)
	at java.lang.Thread.run(Thread.java:748)
Caused by: org.apache.ratis.thirdparty.io.grpc.StatusRuntimeException: UNAVAILABLE: io exception
	at org.apache.ratis.thirdparty.io.grpc.stub.ClientCalls.toStatusRuntimeException(ClientCalls.java:233)
	at org.apache.ratis.thirdparty.io.grpc.stub.ClientCalls.getUnchecked(ClientCalls.java:214)
	at org.apache.ratis.thirdparty.io.grpc.stub.ClientCalls.blockingUnaryCall(ClientCalls.java:139)
	at org.apache.ratis.proto.grpc.RaftServerProtocolServiceGrpc$RaftServerProtocolServiceBlockingStub.requestVote(RaftServerProtocolServiceGrpc.java:265)
	at org.apache.ratis.grpc.server.GrpcServerProtocolClient.requestVote(GrpcServerProtocolClient.java:99)
	at org.apache.ratis.grpc.server.GrpcService.requestVote(GrpcService.java:204)
	at org.apache.ratis.server.impl.LeaderElection.lambda$submitRequests$1(LeaderElection.java:234)
	at java.util.concurrent.FutureTask.run(FutureTask.java:266)
	at java.util.concurrent.Executors$RunnableAdapter.call(Executors.java:511)
	at java.util.concurrent.FutureTask.run(FutureTask.java:266)
	at java.util.concurrent.ThreadPoolExecutor.runWorker(ThreadPoolExecutor.java:1149)
	at java.util.concurrent.ThreadPoolExecutor$Worker.run(ThreadPoolExecutor.java:624)
	... 1 more
Caused by: org.apache.ratis.thirdparty.io.netty.channel.AbstractChannel$AnnotatedConnectException: Connection refused: /192.168.157.223:42172
	at sun.nio.ch.SocketChannelImpl.checkConnect(Native Method)
	at sun.nio.ch.SocketChannelImpl.finishConnect(SocketChannelImpl.java:717)
	at org.apache.ratis.thirdparty.io.netty.channel.socket.nio.NioSocketChannel.doFinishConnect(NioSocketChannel.java:327)
	at org.apache.ratis.thirdparty.io.netty.channel.nio.AbstractNioChannel$AbstractNioUnsafe.finishConnect(AbstractNioChannel.java:340)
	at org.apache.ratis.thirdparty.io.netty.channel.nio.NioEventLoop.processSelectedKey(NioEventLoop.java:632)
	at org.apache.ratis.thirdparty.io.netty.channel.nio.NioEventLoop.processSelectedKeysOptimized(NioEventLoop.java:579)
	at org.apache.ratis.thirdparty.io.netty.channel.nio.NioEventLoop.processSelectedKeys(NioEventLoop.java:496)
	at org.apache.ratis.thirdparty.io.netty.channel.nio.NioEventLoop.run(NioEventLoop.java:458)
	at org.apache.ratis.thirdparty.io.netty.util.concurrent.SingleThreadEventExecutor$5.run(SingleThreadEventExecutor.java:897)
	at org.apache.ratis.thirdparty.io.netty.util.concurrent.FastThreadLocalRunnable.run(FastThreadLocalRunnable.java:30)
	... 1 more
Caused by: java.net.ConnectException: Connection refused
	... 11 more
2019-10-17 21:55:13,008 [d6dfcdd7-fc6e-4b51-b91e-b64503dadc5e@group-F967393F7C93-LeaderElection242] INFO  impl.RaftServerImpl (RaftServerImpl.java:setRole(184)) - d6dfcdd7-fc6e-4b51-b91e-b64503dadc5e@group-F967393F7C93: changes role from CANDIDATE to FOLLOWER at term 238 for DISCOVERED_A_NEW_TERM
2019-10-17 21:55:13,008 [d6dfcdd7-fc6e-4b51-b91e-b64503dadc5e@group-F967393F7C93-LeaderElection242] INFO  impl.RoleInfo (RoleInfo.java:shutdownLeaderElection(134)) - d6dfcdd7-fc6e-4b51-b91e-b64503dadc5e: shutdown LeaderElection
2019-10-17 21:55:13,009 [d6dfcdd7-fc6e-4b51-b91e-b64503dadc5e@group-F967393F7C93-LeaderElection242] INFO  impl.RoleInfo (RoleInfo.java:updateAndGet(143)) - d6dfcdd7-fc6e-4b51-b91e-b64503dadc5e: start FollowerState
2019-10-17 21:55:13,066 [Thread-2105] INFO  impl.FollowerState (FollowerState.java:run(108)) - d6dfcdd7-fc6e-4b51-b91e-b64503dadc5e@group-F967393F7C93-FollowerState: change to CANDIDATE, lastRpcTime:57ms, electionTimeout:57ms
2019-10-17 21:55:13,066 [Thread-2105] INFO  impl.RoleInfo (RoleInfo.java:shutdownFollowerState(121)) - d6dfcdd7-fc6e-4b51-b91e-b64503dadc5e: shutdown FollowerState
2019-10-17 21:55:13,066 [Thread-2105] INFO  impl.RaftServerImpl (RaftServerImpl.java:setRole(184)) - d6dfcdd7-fc6e-4b51-b91e-b64503dadc5e@group-F967393F7C93: changes role from  FOLLOWER to CANDIDATE at term 238 for changeToCandidate
2019-10-17 21:55:13,067 [Thread-2105] INFO  impl.RoleInfo (RoleInfo.java:updateAndGet(143)) - d6dfcdd7-fc6e-4b51-b91e-b64503dadc5e: start LeaderElection
2019-10-17 21:55:13,090 [d6dfcdd7-fc6e-4b51-b91e-b64503dadc5e@group-F967393F7C93-LeaderElection243] INFO  impl.LeaderElection (LeaderElection.java:askForVotes(178)) - d6dfcdd7-fc6e-4b51-b91e-b64503dadc5e@group-F967393F7C93-LeaderElection243: begin an election at term 239 for -1: [08d4cbaa-ffed-4411-a5fd-c4a38026aead:192.168.157.223:33910, da15dfee-23f0-4dc4-ad77-c00156c49cfa:192.168.157.223:42172, d6dfcdd7-fc6e-4b51-b91e-b64503dadc5e:192.168.157.223:43575], old=null
2019-10-17 21:55:13,091 [d6dfcdd7-fc6e-4b51-b91e-b64503dadc5e@group-F967393F7C93-LeaderElection243] INFO  impl.LeaderElection (LogUtils.java:infoOrTrace(149)) - d6dfcdd7-fc6e-4b51-b91e-b64503dadc5e@group-F967393F7C93-LeaderElection243 got exception when requesting votes: {}
java.util.concurrent.ExecutionException: org.apache.ratis.thirdparty.io.grpc.StatusRuntimeException: UNAVAILABLE: io exception
	at java.util.concurrent.FutureTask.report(FutureTask.java:122)
	at java.util.concurrent.FutureTask.get(FutureTask.java:192)
	at org.apache.ratis.server.impl.LeaderElection.waitForResults(LeaderElection.java:259)
	at org.apache.ratis.server.impl.LeaderElection.askForVotes(LeaderElection.java:197)
	at org.apache.ratis.server.impl.LeaderElection.run(LeaderElection.java:133)
	at java.lang.Thread.run(Thread.java:748)
Caused by: org.apache.ratis.thirdparty.io.grpc.StatusRuntimeException: UNAVAILABLE: io exception
	at org.apache.ratis.thirdparty.io.grpc.stub.ClientCalls.toStatusRuntimeException(ClientCalls.java:233)
	at org.apache.ratis.thirdparty.io.grpc.stub.ClientCalls.getUnchecked(ClientCalls.java:214)
	at org.apache.ratis.thirdparty.io.grpc.stub.ClientCalls.blockingUnaryCall(ClientCalls.java:139)
	at org.apache.ratis.proto.grpc.RaftServerProtocolServiceGrpc$RaftServerProtocolServiceBlockingStub.requestVote(RaftServerProtocolServiceGrpc.java:265)
	at org.apache.ratis.grpc.server.GrpcServerProtocolClient.requestVote(GrpcServerProtocolClient.java:99)
	at org.apache.ratis.grpc.server.GrpcService.requestVote(GrpcService.java:204)
	at org.apache.ratis.server.impl.LeaderElection.lambda$submitRequests$1(LeaderElection.java:234)
	at java.util.concurrent.FutureTask.run(FutureTask.java:266)
	at java.util.concurrent.Executors$RunnableAdapter.call(Executors.java:511)
	at java.util.concurrent.FutureTask.run(FutureTask.java:266)
	at java.util.concurrent.ThreadPoolExecutor.runWorker(ThreadPoolExecutor.java:1149)
	at java.util.concurrent.ThreadPoolExecutor$Worker.run(ThreadPoolExecutor.java:624)
	... 1 more
Caused by: org.apache.ratis.thirdparty.io.netty.channel.AbstractChannel$AnnotatedConnectException: Connection refused: /192.168.157.223:42172
	at sun.nio.ch.SocketChannelImpl.checkConnect(Native Method)
	at sun.nio.ch.SocketChannelImpl.finishConnect(SocketChannelImpl.java:717)
	at org.apache.ratis.thirdparty.io.netty.channel.socket.nio.NioSocketChannel.doFinishConnect(NioSocketChannel.java:327)
	at org.apache.ratis.thirdparty.io.netty.channel.nio.AbstractNioChannel$AbstractNioUnsafe.finishConnect(AbstractNioChannel.java:340)
	at org.apache.ratis.thirdparty.io.netty.channel.nio.NioEventLoop.processSelectedKey(NioEventLoop.java:632)
	at org.apache.ratis.thirdparty.io.netty.channel.nio.NioEventLoop.processSelectedKeysOptimized(NioEventLoop.java:579)
	at org.apache.ratis.thirdparty.io.netty.channel.nio.NioEventLoop.processSelectedKeys(NioEventLoop.java:496)
	at org.apache.ratis.thirdparty.io.netty.channel.nio.NioEventLoop.run(NioEventLoop.java:458)
	at org.apache.ratis.thirdparty.io.netty.util.concurrent.SingleThreadEventExecutor$5.run(SingleThreadEventExecutor.java:897)
	at org.apache.ratis.thirdparty.io.netty.util.concurrent.FastThreadLocalRunnable.run(FastThreadLocalRunnable.java:30)
	... 1 more
Caused by: java.net.ConnectException: Connection refused
	... 11 more
2019-10-17 21:55:13,093 [grpc-default-executor-1] INFO  impl.RaftServerImpl (RaftServerImpl.java:setRole(184)) - 08d4cbaa-ffed-4411-a5fd-c4a38026aead@group-F967393F7C93: changes role from  FOLLOWER to FOLLOWER at term 239 for recognizeCandidate:d6dfcdd7-fc6e-4b51-b91e-b64503dadc5e
2019-10-17 21:55:13,093 [grpc-default-executor-1] INFO  impl.RoleInfo (RoleInfo.java:shutdownFollowerState(121)) - 08d4cbaa-ffed-4411-a5fd-c4a38026aead: shutdown FollowerState
2019-10-17 21:55:13,093 [grpc-default-executor-1] INFO  impl.RoleInfo (RoleInfo.java:updateAndGet(143)) - 08d4cbaa-ffed-4411-a5fd-c4a38026aead: start FollowerState
2019-10-17 21:55:13,093 [Thread-2104] INFO  impl.FollowerState (FollowerState.java:run(117)) - 08d4cbaa-ffed-4411-a5fd-c4a38026aead@group-F967393F7C93-FollowerState was interrupted: java.lang.InterruptedException: sleep interrupted
2019-10-17 21:55:13,119 [d6dfcdd7-fc6e-4b51-b91e-b64503dadc5e@group-F967393F7C93-LeaderElection243] INFO  impl.LeaderElection (LeaderElection.java:logAndReturn(56)) - d6dfcdd7-fc6e-4b51-b91e-b64503dadc5e@group-F967393F7C93-LeaderElection243: Election REJECTED; received 1 response(s) [d6dfcdd7-fc6e-4b51-b91e-b64503dadc5e<-08d4cbaa-ffed-4411-a5fd-c4a38026aead#0:FAIL-t239] and 1 exception(s); d6dfcdd7-fc6e-4b51-b91e-b64503dadc5e@group-F967393F7C93:t239, leader=null, voted=d6dfcdd7-fc6e-4b51-b91e-b64503dadc5e, raftlog=d6dfcdd7-fc6e-4b51-b91e-b64503dadc5e@group-F967393F7C93-SegmentedRaftLog:OPENED:c-1,f-1,i0, conf=-1: [08d4cbaa-ffed-4411-a5fd-c4a38026aead:192.168.157.223:33910, da15dfee-23f0-4dc4-ad77-c00156c49cfa:192.168.157.223:42172, d6dfcdd7-fc6e-4b51-b91e-b64503dadc5e:192.168.157.223:43575], old=null
2019-10-17 21:55:13,119 [d6dfcdd7-fc6e-4b51-b91e-b64503dadc5e@group-F967393F7C93-LeaderElection243] INFO  impl.LeaderElection (LogUtils.java:infoOrTrace(149)) -   Exception 0: {}
java.util.concurrent.ExecutionException: org.apache.ratis.thirdparty.io.grpc.StatusRuntimeException: UNAVAILABLE: io exception
	at java.util.concurrent.FutureTask.report(FutureTask.java:122)
	at java.util.concurrent.FutureTask.get(FutureTask.java:192)
	at org.apache.ratis.server.impl.LeaderElection.waitForResults(LeaderElection.java:259)
	at org.apache.ratis.server.impl.LeaderElection.askForVotes(LeaderElection.java:197)
	at org.apache.ratis.server.impl.LeaderElection.run(LeaderElection.java:133)
	at java.lang.Thread.run(Thread.java:748)
Caused by: org.apache.ratis.thirdparty.io.grpc.StatusRuntimeException: UNAVAILABLE: io exception
	at org.apache.ratis.thirdparty.io.grpc.stub.ClientCalls.toStatusRuntimeException(ClientCalls.java:233)
	at org.apache.ratis.thirdparty.io.grpc.stub.ClientCalls.getUnchecked(ClientCalls.java:214)
	at org.apache.ratis.thirdparty.io.grpc.stub.ClientCalls.blockingUnaryCall(ClientCalls.java:139)
	at org.apache.ratis.proto.grpc.RaftServerProtocolServiceGrpc$RaftServerProtocolServiceBlockingStub.requestVote(RaftServerProtocolServiceGrpc.java:265)
	at org.apache.ratis.grpc.server.GrpcServerProtocolClient.requestVote(GrpcServerProtocolClient.java:99)
	at org.apache.ratis.grpc.server.GrpcService.requestVote(GrpcService.java:204)
	at org.apache.ratis.server.impl.LeaderElection.lambda$submitRequests$1(LeaderElection.java:234)
	at java.util.concurrent.FutureTask.run(FutureTask.java:266)
	at java.util.concurrent.Executors$RunnableAdapter.call(Executors.java:511)
	at java.util.concurrent.FutureTask.run(FutureTask.java:266)
	at java.util.concurrent.ThreadPoolExecutor.runWorker(ThreadPoolExecutor.java:1149)
	at java.util.concurrent.ThreadPoolExecutor$Worker.run(ThreadPoolExecutor.java:624)
	... 1 more
Caused by: org.apache.ratis.thirdparty.io.netty.channel.AbstractChannel$AnnotatedConnectException: Connection refused: /192.168.157.223:42172
	at sun.nio.ch.SocketChannelImpl.checkConnect(Native Method)
	at sun.nio.ch.SocketChannelImpl.finishConnect(SocketChannelImpl.java:717)
	at org.apache.ratis.thirdparty.io.netty.channel.socket.nio.NioSocketChannel.doFinishConnect(NioSocketChannel.java:327)
	at org.apache.ratis.thirdparty.io.netty.channel.nio.AbstractNioChannel$AbstractNioUnsafe.finishConnect(AbstractNioChannel.java:340)
	at org.apache.ratis.thirdparty.io.netty.channel.nio.NioEventLoop.processSelectedKey(NioEventLoop.java:632)
	at org.apache.ratis.thirdparty.io.netty.channel.nio.NioEventLoop.processSelectedKeysOptimized(NioEventLoop.java:579)
	at org.apache.ratis.thirdparty.io.netty.channel.nio.NioEventLoop.processSelectedKeys(NioEventLoop.java:496)
	at org.apache.ratis.thirdparty.io.netty.channel.nio.NioEventLoop.run(NioEventLoop.java:458)
	at org.apache.ratis.thirdparty.io.netty.util.concurrent.SingleThreadEventExecutor$5.run(SingleThreadEventExecutor.java:897)
	at org.apache.ratis.thirdparty.io.netty.util.concurrent.FastThreadLocalRunnable.run(FastThreadLocalRunnable.java:30)
	... 1 more
Caused by: java.net.ConnectException: Connection refused
	... 11 more
2019-10-17 21:55:13,120 [d6dfcdd7-fc6e-4b51-b91e-b64503dadc5e@group-F967393F7C93-LeaderElection243] INFO  impl.RaftServerImpl (RaftServerImpl.java:setRole(184)) - d6dfcdd7-fc6e-4b51-b91e-b64503dadc5e@group-F967393F7C93: changes role from CANDIDATE to FOLLOWER at term 239 for DISCOVERED_A_NEW_TERM
2019-10-17 21:55:13,120 [d6dfcdd7-fc6e-4b51-b91e-b64503dadc5e@group-F967393F7C93-LeaderElection243] INFO  impl.RoleInfo (RoleInfo.java:shutdownLeaderElection(134)) - d6dfcdd7-fc6e-4b51-b91e-b64503dadc5e: shutdown LeaderElection
2019-10-17 21:55:13,120 [d6dfcdd7-fc6e-4b51-b91e-b64503dadc5e@group-F967393F7C93-LeaderElection243] INFO  impl.RoleInfo (RoleInfo.java:updateAndGet(143)) - d6dfcdd7-fc6e-4b51-b91e-b64503dadc5e: start FollowerState
2019-10-17 21:55:13,191 [Thread-2110] INFO  impl.FollowerState (FollowerState.java:run(108)) - d6dfcdd7-fc6e-4b51-b91e-b64503dadc5e@group-F967393F7C93-FollowerState: change to CANDIDATE, lastRpcTime:71ms, electionTimeout:71ms
2019-10-17 21:55:13,191 [Thread-2110] INFO  impl.RoleInfo (RoleInfo.java:shutdownFollowerState(121)) - d6dfcdd7-fc6e-4b51-b91e-b64503dadc5e: shutdown FollowerState
2019-10-17 21:55:13,192 [Thread-2110] INFO  impl.RaftServerImpl (RaftServerImpl.java:setRole(184)) - d6dfcdd7-fc6e-4b51-b91e-b64503dadc5e@group-F967393F7C93: changes role from  FOLLOWER to CANDIDATE at term 239 for changeToCandidate
2019-10-17 21:55:13,192 [Thread-2110] INFO  impl.RoleInfo (RoleInfo.java:updateAndGet(143)) - d6dfcdd7-fc6e-4b51-b91e-b64503dadc5e: start LeaderElection
2019-10-17 21:55:13,205 [d6dfcdd7-fc6e-4b51-b91e-b64503dadc5e@group-F967393F7C93-LeaderElection244] INFO  impl.LeaderElection (LeaderElection.java:askForVotes(178)) - d6dfcdd7-fc6e-4b51-b91e-b64503dadc5e@group-F967393F7C93-LeaderElection244: begin an election at term 240 for -1: [08d4cbaa-ffed-4411-a5fd-c4a38026aead:192.168.157.223:33910, da15dfee-23f0-4dc4-ad77-c00156c49cfa:192.168.157.223:42172, d6dfcdd7-fc6e-4b51-b91e-b64503dadc5e:192.168.157.223:43575], old=null
2019-10-17 21:55:13,206 [d6dfcdd7-fc6e-4b51-b91e-b64503dadc5e@group-F967393F7C93-LeaderElection244] INFO  impl.LeaderElection (LogUtils.java:infoOrTrace(149)) - d6dfcdd7-fc6e-4b51-b91e-b64503dadc5e@group-F967393F7C93-LeaderElection244 got exception when requesting votes: {}
java.util.concurrent.ExecutionException: org.apache.ratis.thirdparty.io.grpc.StatusRuntimeException: UNAVAILABLE: io exception
	at java.util.concurrent.FutureTask.report(FutureTask.java:122)
	at java.util.concurrent.FutureTask.get(FutureTask.java:192)
	at org.apache.ratis.server.impl.LeaderElection.waitForResults(LeaderElection.java:259)
	at org.apache.ratis.server.impl.LeaderElection.askForVotes(LeaderElection.java:197)
	at org.apache.ratis.server.impl.LeaderElection.run(LeaderElection.java:133)
	at java.lang.Thread.run(Thread.java:748)
Caused by: org.apache.ratis.thirdparty.io.grpc.StatusRuntimeException: UNAVAILABLE: io exception
	at org.apache.ratis.thirdparty.io.grpc.stub.ClientCalls.toStatusRuntimeException(ClientCalls.java:233)
	at org.apache.ratis.thirdparty.io.grpc.stub.ClientCalls.getUnchecked(ClientCalls.java:214)
	at org.apache.ratis.thirdparty.io.grpc.stub.ClientCalls.blockingUnaryCall(ClientCalls.java:139)
	at org.apache.ratis.proto.grpc.RaftServerProtocolServiceGrpc$RaftServerProtocolServiceBlockingStub.requestVote(RaftServerProtocolServiceGrpc.java:265)
	at org.apache.ratis.grpc.server.GrpcServerProtocolClient.requestVote(GrpcServerProtocolClient.java:99)
	at org.apache.ratis.grpc.server.GrpcService.requestVote(GrpcService.java:204)
	at org.apache.ratis.server.impl.LeaderElection.lambda$submitRequests$1(LeaderElection.java:234)
	at java.util.concurrent.FutureTask.run(FutureTask.java:266)
	at java.util.concurrent.Executors$RunnableAdapter.call(Executors.java:511)
	at java.util.concurrent.FutureTask.run(FutureTask.java:266)
	at java.util.concurrent.ThreadPoolExecutor.runWorker(ThreadPoolExecutor.java:1149)
	at java.util.concurrent.ThreadPoolExecutor$Worker.run(ThreadPoolExecutor.java:624)
	... 1 more
Caused by: org.apache.ratis.thirdparty.io.netty.channel.AbstractChannel$AnnotatedConnectException: Connection refused: /192.168.157.223:42172
	at sun.nio.ch.SocketChannelImpl.checkConnect(Native Method)
	at sun.nio.ch.SocketChannelImpl.finishConnect(SocketChannelImpl.java:717)
	at org.apache.ratis.thirdparty.io.netty.channel.socket.nio.NioSocketChannel.doFinishConnect(NioSocketChannel.java:327)
	at org.apache.ratis.thirdparty.io.netty.channel.nio.AbstractNioChannel$AbstractNioUnsafe.finishConnect(AbstractNioChannel.java:340)
	at org.apache.ratis.thirdparty.io.netty.channel.nio.NioEventLoop.processSelectedKey(NioEventLoop.java:632)
	at org.apache.ratis.thirdparty.io.netty.channel.nio.NioEventLoop.processSelectedKeysOptimized(NioEventLoop.java:579)
	at org.apache.ratis.thirdparty.io.netty.channel.nio.NioEventLoop.processSelectedKeys(NioEventLoop.java:496)
	at org.apache.ratis.thirdparty.io.netty.channel.nio.NioEventLoop.run(NioEventLoop.java:458)
	at org.apache.ratis.thirdparty.io.netty.util.concurrent.SingleThreadEventExecutor$5.run(SingleThreadEventExecutor.java:897)
	at org.apache.ratis.thirdparty.io.netty.util.concurrent.FastThreadLocalRunnable.run(FastThreadLocalRunnable.java:30)
	... 1 more
Caused by: java.net.ConnectException: Connection refused
	... 11 more
2019-10-17 21:55:13,206 [grpc-default-executor-1] INFO  impl.RaftServerImpl (RaftServerImpl.java:setRole(184)) - 08d4cbaa-ffed-4411-a5fd-c4a38026aead@group-F967393F7C93: changes role from  FOLLOWER to FOLLOWER at term 240 for recognizeCandidate:d6dfcdd7-fc6e-4b51-b91e-b64503dadc5e
2019-10-17 21:55:13,207 [grpc-default-executor-1] INFO  impl.RoleInfo (RoleInfo.java:shutdownFollowerState(121)) - 08d4cbaa-ffed-4411-a5fd-c4a38026aead: shutdown FollowerState
2019-10-17 21:55:13,207 [grpc-default-executor-1] INFO  impl.RoleInfo (RoleInfo.java:updateAndGet(143)) - 08d4cbaa-ffed-4411-a5fd-c4a38026aead: start FollowerState
2019-10-17 21:55:13,207 [Thread-2109] INFO  impl.FollowerState (FollowerState.java:run(117)) - 08d4cbaa-ffed-4411-a5fd-c4a38026aead@group-F967393F7C93-FollowerState was interrupted: java.lang.InterruptedException: sleep interrupted
2019-10-17 21:55:13,222 [d6dfcdd7-fc6e-4b51-b91e-b64503dadc5e@group-F967393F7C93-LeaderElection244] INFO  impl.LeaderElection (LeaderElection.java:logAndReturn(56)) - d6dfcdd7-fc6e-4b51-b91e-b64503dadc5e@group-F967393F7C93-LeaderElection244: Election REJECTED; received 1 response(s) [d6dfcdd7-fc6e-4b51-b91e-b64503dadc5e<-08d4cbaa-ffed-4411-a5fd-c4a38026aead#0:FAIL-t240] and 1 exception(s); d6dfcdd7-fc6e-4b51-b91e-b64503dadc5e@group-F967393F7C93:t240, leader=null, voted=d6dfcdd7-fc6e-4b51-b91e-b64503dadc5e, raftlog=d6dfcdd7-fc6e-4b51-b91e-b64503dadc5e@group-F967393F7C93-SegmentedRaftLog:OPENED:c-1,f-1,i0, conf=-1: [08d4cbaa-ffed-4411-a5fd-c4a38026aead:192.168.157.223:33910, da15dfee-23f0-4dc4-ad77-c00156c49cfa:192.168.157.223:42172, d6dfcdd7-fc6e-4b51-b91e-b64503dadc5e:192.168.157.223:43575], old=null
2019-10-17 21:55:13,222 [d6dfcdd7-fc6e-4b51-b91e-b64503dadc5e@group-F967393F7C93-LeaderElection244] INFO  impl.LeaderElection (LogUtils.java:infoOrTrace(149)) -   Exception 0: {}
java.util.concurrent.ExecutionException: org.apache.ratis.thirdparty.io.grpc.StatusRuntimeException: UNAVAILABLE: io exception
	at java.util.concurrent.FutureTask.report(FutureTask.java:122)
	at java.util.concurrent.FutureTask.get(FutureTask.java:192)
	at org.apache.ratis.server.impl.LeaderElection.waitForResults(LeaderElection.java:259)
	at org.apache.ratis.server.impl.LeaderElection.askForVotes(LeaderElection.java:197)
	at org.apache.ratis.server.impl.LeaderElection.run(LeaderElection.java:133)
	at java.lang.Thread.run(Thread.java:748)
Caused by: org.apache.ratis.thirdparty.io.grpc.StatusRuntimeException: UNAVAILABLE: io exception
	at org.apache.ratis.thirdparty.io.grpc.stub.ClientCalls.toStatusRuntimeException(ClientCalls.java:233)
	at org.apache.ratis.thirdparty.io.grpc.stub.ClientCalls.getUnchecked(ClientCalls.java:214)
	at org.apache.ratis.thirdparty.io.grpc.stub.ClientCalls.blockingUnaryCall(ClientCalls.java:139)
	at org.apache.ratis.proto.grpc.RaftServerProtocolServiceGrpc$RaftServerProtocolServiceBlockingStub.requestVote(RaftServerProtocolServiceGrpc.java:265)
	at org.apache.ratis.grpc.server.GrpcServerProtocolClient.requestVote(GrpcServerProtocolClient.java:99)
	at org.apache.ratis.grpc.server.GrpcService.requestVote(GrpcService.java:204)
	at org.apache.ratis.server.impl.LeaderElection.lambda$submitRequests$1(LeaderElection.java:234)
	at java.util.concurrent.FutureTask.run(FutureTask.java:266)
	at java.util.concurrent.Executors$RunnableAdapter.call(Executors.java:511)
	at java.util.concurrent.FutureTask.run(FutureTask.java:266)
	at java.util.concurrent.ThreadPoolExecutor.runWorker(ThreadPoolExecutor.java:1149)
	at java.util.concurrent.ThreadPoolExecutor$Worker.run(ThreadPoolExecutor.java:624)
	... 1 more
Caused by: org.apache.ratis.thirdparty.io.netty.channel.AbstractChannel$AnnotatedConnectException: Connection refused: /192.168.157.223:42172
	at sun.nio.ch.SocketChannelImpl.checkConnect(Native Method)
	at sun.nio.ch.SocketChannelImpl.finishConnect(SocketChannelImpl.java:717)
	at org.apache.ratis.thirdparty.io.netty.channel.socket.nio.NioSocketChannel.doFinishConnect(NioSocketChannel.java:327)
	at org.apache.ratis.thirdparty.io.netty.channel.nio.AbstractNioChannel$AbstractNioUnsafe.finishConnect(AbstractNioChannel.java:340)
	at org.apache.ratis.thirdparty.io.netty.channel.nio.NioEventLoop.processSelectedKey(NioEventLoop.java:632)
	at org.apache.ratis.thirdparty.io.netty.channel.nio.NioEventLoop.processSelectedKeysOptimized(NioEventLoop.java:579)
	at org.apache.ratis.thirdparty.io.netty.channel.nio.NioEventLoop.processSelectedKeys(NioEventLoop.java:496)
	at org.apache.ratis.thirdparty.io.netty.channel.nio.NioEventLoop.run(NioEventLoop.java:458)
	at org.apache.ratis.thirdparty.io.netty.util.concurrent.SingleThreadEventExecutor$5.run(SingleThreadEventExecutor.java:897)
	at org.apache.ratis.thirdparty.io.netty.util.concurrent.FastThreadLocalRunnable.run(FastThreadLocalRunnable.java:30)
	... 1 more
Caused by: java.net.ConnectException: Connection refused
	... 11 more
2019-10-17 21:55:13,223 [d6dfcdd7-fc6e-4b51-b91e-b64503dadc5e@group-F967393F7C93-LeaderElection244] INFO  impl.RaftServerImpl (RaftServerImpl.java:setRole(184)) - d6dfcdd7-fc6e-4b51-b91e-b64503dadc5e@group-F967393F7C93: changes role from CANDIDATE to FOLLOWER at term 240 for DISCOVERED_A_NEW_TERM
2019-10-17 21:55:13,223 [d6dfcdd7-fc6e-4b51-b91e-b64503dadc5e@group-F967393F7C93-LeaderElection244] INFO  impl.RoleInfo (RoleInfo.java:shutdownLeaderElection(134)) - d6dfcdd7-fc6e-4b51-b91e-b64503dadc5e: shutdown LeaderElection
2019-10-17 21:55:13,223 [d6dfcdd7-fc6e-4b51-b91e-b64503dadc5e@group-F967393F7C93-LeaderElection244] INFO  impl.RoleInfo (RoleInfo.java:updateAndGet(143)) - d6dfcdd7-fc6e-4b51-b91e-b64503dadc5e: start FollowerState
2019-10-17 21:55:13,277 [java.util.concurrent.ThreadPoolExecutor$Worker@71aa17a1[State = -1, empty queue]] WARN  server.GrpcLogAppender (GrpcLogAppender.java:timeoutAppendRequest(209)) - de567563-d0dd-4cf2-91b7-f72627909699@group-3097D7458558->db0af43e-c62e-4c1d-affa-ffdb4faae2f8-GrpcLogAppender: appendEntries Timeout, request=de567563-d0dd-4cf2-91b7-f72627909699->db0af43e-c62e-4c1d-affa-ffdb4faae2f8#56-t10, previous=(t:10, i:4), leaderCommit=4, initializing? false, entries: <empty>
2019-10-17 21:55:13,408 [Thread-2115] INFO  impl.FollowerState (FollowerState.java:run(108)) - d6dfcdd7-fc6e-4b51-b91e-b64503dadc5e@group-F967393F7C93-FollowerState: change to CANDIDATE, lastRpcTime:184ms, electionTimeout:184ms
2019-10-17 21:55:13,408 [Thread-2115] INFO  impl.RoleInfo (RoleInfo.java:shutdownFollowerState(121)) - d6dfcdd7-fc6e-4b51-b91e-b64503dadc5e: shutdown FollowerState
2019-10-17 21:55:13,408 [Thread-2115] INFO  impl.RaftServerImpl (RaftServerImpl.java:setRole(184)) - d6dfcdd7-fc6e-4b51-b91e-b64503dadc5e@group-F967393F7C93: changes role from  FOLLOWER to CANDIDATE at term 240 for changeToCandidate
2019-10-17 21:55:13,408 [Thread-2115] INFO  impl.RoleInfo (RoleInfo.java:updateAndGet(143)) - d6dfcdd7-fc6e-4b51-b91e-b64503dadc5e: start LeaderElection
2019-10-17 21:55:13,421 [d6dfcdd7-fc6e-4b51-b91e-b64503dadc5e@group-F967393F7C93-LeaderElection245] INFO  impl.LeaderElection (LeaderElection.java:askForVotes(178)) - d6dfcdd7-fc6e-4b51-b91e-b64503dadc5e@group-F967393F7C93-LeaderElection245: begin an election at term 241 for -1: [08d4cbaa-ffed-4411-a5fd-c4a38026aead:192.168.157.223:33910, da15dfee-23f0-4dc4-ad77-c00156c49cfa:192.168.157.223:42172, d6dfcdd7-fc6e-4b51-b91e-b64503dadc5e:192.168.157.223:43575], old=null
2019-10-17 21:55:13,422 [d6dfcdd7-fc6e-4b51-b91e-b64503dadc5e@group-F967393F7C93-LeaderElection245] INFO  impl.LeaderElection (LeaderElection.java:logAndReturn(56)) - d6dfcdd7-fc6e-4b51-b91e-b64503dadc5e@group-F967393F7C93-LeaderElection245: Election TIMEOUT; received 0 response(s) [] and 0 exception(s); d6dfcdd7-fc6e-4b51-b91e-b64503dadc5e@group-F967393F7C93:t241, leader=null, voted=d6dfcdd7-fc6e-4b51-b91e-b64503dadc5e, raftlog=d6dfcdd7-fc6e-4b51-b91e-b64503dadc5e@group-F967393F7C93-SegmentedRaftLog:OPENED:c-1,f-1,i0, conf=-1: [08d4cbaa-ffed-4411-a5fd-c4a38026aead:192.168.157.223:33910, da15dfee-23f0-4dc4-ad77-c00156c49cfa:192.168.157.223:42172, d6dfcdd7-fc6e-4b51-b91e-b64503dadc5e:192.168.157.223:43575], old=null
2019-10-17 21:55:13,423 [grpc-default-executor-1] INFO  impl.RaftServerImpl (RaftServerImpl.java:setRole(184)) - 08d4cbaa-ffed-4411-a5fd-c4a38026aead@group-F967393F7C93: changes role from  FOLLOWER to FOLLOWER at term 241 for recognizeCandidate:d6dfcdd7-fc6e-4b51-b91e-b64503dadc5e
2019-10-17 21:55:13,423 [grpc-default-executor-1] INFO  impl.RoleInfo (RoleInfo.java:shutdownFollowerState(121)) - 08d4cbaa-ffed-4411-a5fd-c4a38026aead: shutdown FollowerState
2019-10-17 21:55:13,423 [grpc-default-executor-1] INFO  impl.RoleInfo (RoleInfo.java:updateAndGet(143)) - 08d4cbaa-ffed-4411-a5fd-c4a38026aead: start FollowerState
2019-10-17 21:55:13,423 [Thread-2114] INFO  impl.FollowerState (FollowerState.java:run(117)) - 08d4cbaa-ffed-4411-a5fd-c4a38026aead@group-F967393F7C93-FollowerState was interrupted: java.lang.InterruptedException: sleep interrupted
2019-10-17 21:55:13,436 [d6dfcdd7-fc6e-4b51-b91e-b64503dadc5e@group-F967393F7C93-LeaderElection245] INFO  impl.LeaderElection (LeaderElection.java:askForVotes(178)) - d6dfcdd7-fc6e-4b51-b91e-b64503dadc5e@group-F967393F7C93-LeaderElection245: begin an election at term 242 for -1: [08d4cbaa-ffed-4411-a5fd-c4a38026aead:192.168.157.223:33910, da15dfee-23f0-4dc4-ad77-c00156c49cfa:192.168.157.223:42172, d6dfcdd7-fc6e-4b51-b91e-b64503dadc5e:192.168.157.223:43575], old=null
2019-10-17 21:55:13,437 [d6dfcdd7-fc6e-4b51-b91e-b64503dadc5e@group-F967393F7C93-LeaderElection245] INFO  impl.LeaderElection (LogUtils.java:infoOrTrace(149)) - d6dfcdd7-fc6e-4b51-b91e-b64503dadc5e@group-F967393F7C93-LeaderElection245 got exception when requesting votes: {}
java.util.concurrent.ExecutionException: org.apache.ratis.thirdparty.io.grpc.StatusRuntimeException: UNAVAILABLE: io exception
	at java.util.concurrent.FutureTask.report(FutureTask.java:122)
	at java.util.concurrent.FutureTask.get(FutureTask.java:192)
	at org.apache.ratis.server.impl.LeaderElection.waitForResults(LeaderElection.java:259)
	at org.apache.ratis.server.impl.LeaderElection.askForVotes(LeaderElection.java:197)
	at org.apache.ratis.server.impl.LeaderElection.run(LeaderElection.java:133)
	at java.lang.Thread.run(Thread.java:748)
Caused by: org.apache.ratis.thirdparty.io.grpc.StatusRuntimeException: UNAVAILABLE: io exception
	at org.apache.ratis.thirdparty.io.grpc.stub.ClientCalls.toStatusRuntimeException(ClientCalls.java:233)
	at org.apache.ratis.thirdparty.io.grpc.stub.ClientCalls.getUnchecked(ClientCalls.java:214)
	at org.apache.ratis.thirdparty.io.grpc.stub.ClientCalls.blockingUnaryCall(ClientCalls.java:139)
	at org.apache.ratis.proto.grpc.RaftServerProtocolServiceGrpc$RaftServerProtocolServiceBlockingStub.requestVote(RaftServerProtocolServiceGrpc.java:265)
	at org.apache.ratis.grpc.server.GrpcServerProtocolClient.requestVote(GrpcServerProtocolClient.java:99)
	at org.apache.ratis.grpc.server.GrpcService.requestVote(GrpcService.java:204)
	at org.apache.ratis.server.impl.LeaderElection.lambda$submitRequests$1(LeaderElection.java:234)
	at java.util.concurrent.FutureTask.run(FutureTask.java:266)
	at java.util.concurrent.Executors$RunnableAdapter.call(Executors.java:511)
	at java.util.concurrent.FutureTask.run(FutureTask.java:266)
	at java.util.concurrent.ThreadPoolExecutor.runWorker(ThreadPoolExecutor.java:1149)
	at java.util.concurrent.ThreadPoolExecutor$Worker.run(ThreadPoolExecutor.java:624)
	... 1 more
Caused by: org.apache.ratis.thirdparty.io.netty.channel.AbstractChannel$AnnotatedConnectException: Connection refused: /192.168.157.223:42172
	at sun.nio.ch.SocketChannelImpl.checkConnect(Native Method)
	at sun.nio.ch.SocketChannelImpl.finishConnect(SocketChannelImpl.java:717)
	at org.apache.ratis.thirdparty.io.netty.channel.socket.nio.NioSocketChannel.doFinishConnect(NioSocketChannel.java:327)
	at org.apache.ratis.thirdparty.io.netty.channel.nio.AbstractNioChannel$AbstractNioUnsafe.finishConnect(AbstractNioChannel.java:340)
	at org.apache.ratis.thirdparty.io.netty.channel.nio.NioEventLoop.processSelectedKey(NioEventLoop.java:632)
	at org.apache.ratis.thirdparty.io.netty.channel.nio.NioEventLoop.processSelectedKeysOptimized(NioEventLoop.java:579)
	at org.apache.ratis.thirdparty.io.netty.channel.nio.NioEventLoop.processSelectedKeys(NioEventLoop.java:496)
	at org.apache.ratis.thirdparty.io.netty.channel.nio.NioEventLoop.run(NioEventLoop.java:458)
	at org.apache.ratis.thirdparty.io.netty.util.concurrent.SingleThreadEventExecutor$5.run(SingleThreadEventExecutor.java:897)
	at org.apache.ratis.thirdparty.io.netty.util.concurrent.FastThreadLocalRunnable.run(FastThreadLocalRunnable.java:30)
	... 1 more
Caused by: java.net.ConnectException: Connection refused
	... 11 more
2019-10-17 21:55:13,437 [grpc-default-executor-1] INFO  impl.RaftServerImpl (RaftServerImpl.java:setRole(184)) - 08d4cbaa-ffed-4411-a5fd-c4a38026aead@group-F967393F7C93: changes role from  FOLLOWER to FOLLOWER at term 242 for recognizeCandidate:d6dfcdd7-fc6e-4b51-b91e-b64503dadc5e
2019-10-17 21:55:13,437 [grpc-default-executor-1] INFO  impl.RoleInfo (RoleInfo.java:shutdownFollowerState(121)) - 08d4cbaa-ffed-4411-a5fd-c4a38026aead: shutdown FollowerState
2019-10-17 21:55:13,438 [grpc-default-executor-1] INFO  impl.RoleInfo (RoleInfo.java:updateAndGet(143)) - 08d4cbaa-ffed-4411-a5fd-c4a38026aead: start FollowerState
2019-10-17 21:55:13,438 [Thread-2120] INFO  impl.FollowerState (FollowerState.java:run(117)) - 08d4cbaa-ffed-4411-a5fd-c4a38026aead@group-F967393F7C93-FollowerState was interrupted: java.lang.InterruptedException: sleep interrupted
2019-10-17 21:55:13,453 [d6dfcdd7-fc6e-4b51-b91e-b64503dadc5e@group-F967393F7C93-LeaderElection245] INFO  impl.LeaderElection (LeaderElection.java:logAndReturn(56)) - d6dfcdd7-fc6e-4b51-b91e-b64503dadc5e@group-F967393F7C93-LeaderElection245: Election REJECTED; received 1 response(s) [d6dfcdd7-fc6e-4b51-b91e-b64503dadc5e<-08d4cbaa-ffed-4411-a5fd-c4a38026aead#0:FAIL-t242] and 1 exception(s); d6dfcdd7-fc6e-4b51-b91e-b64503dadc5e@group-F967393F7C93:t242, leader=null, voted=d6dfcdd7-fc6e-4b51-b91e-b64503dadc5e, raftlog=d6dfcdd7-fc6e-4b51-b91e-b64503dadc5e@group-F967393F7C93-SegmentedRaftLog:OPENED:c-1,f-1,i0, conf=-1: [08d4cbaa-ffed-4411-a5fd-c4a38026aead:192.168.157.223:33910, da15dfee-23f0-4dc4-ad77-c00156c49cfa:192.168.157.223:42172, d6dfcdd7-fc6e-4b51-b91e-b64503dadc5e:192.168.157.223:43575], old=null
2019-10-17 21:55:13,453 [d6dfcdd7-fc6e-4b51-b91e-b64503dadc5e@group-F967393F7C93-LeaderElection245] INFO  impl.LeaderElection (LogUtils.java:infoOrTrace(149)) -   Exception 0: {}
java.util.concurrent.ExecutionException: org.apache.ratis.thirdparty.io.grpc.StatusRuntimeException: UNAVAILABLE: io exception
	at java.util.concurrent.FutureTask.report(FutureTask.java:122)
	at java.util.concurrent.FutureTask.get(FutureTask.java:192)
	at org.apache.ratis.server.impl.LeaderElection.waitForResults(LeaderElection.java:259)
	at org.apache.ratis.server.impl.LeaderElection.askForVotes(LeaderElection.java:197)
	at org.apache.ratis.server.impl.LeaderElection.run(LeaderElection.java:133)
	at java.lang.Thread.run(Thread.java:748)
Caused by: org.apache.ratis.thirdparty.io.grpc.StatusRuntimeException: UNAVAILABLE: io exception
	at org.apache.ratis.thirdparty.io.grpc.stub.ClientCalls.toStatusRuntimeException(ClientCalls.java:233)
	at org.apache.ratis.thirdparty.io.grpc.stub.ClientCalls.getUnchecked(ClientCalls.java:214)
	at org.apache.ratis.thirdparty.io.grpc.stub.ClientCalls.blockingUnaryCall(ClientCalls.java:139)
	at org.apache.ratis.proto.grpc.RaftServerProtocolServiceGrpc$RaftServerProtocolServiceBlockingStub.requestVote(RaftServerProtocolServiceGrpc.java:265)
	at org.apache.ratis.grpc.server.GrpcServerProtocolClient.requestVote(GrpcServerProtocolClient.java:99)
	at org.apache.ratis.grpc.server.GrpcService.requestVote(GrpcService.java:204)
	at org.apache.ratis.server.impl.LeaderElection.lambda$submitRequests$1(LeaderElection.java:234)
	at java.util.concurrent.FutureTask.run(FutureTask.java:266)
	at java.util.concurrent.Executors$RunnableAdapter.call(Executors.java:511)
	at java.util.concurrent.FutureTask.run(FutureTask.java:266)
	at java.util.concurrent.ThreadPoolExecutor.runWorker(ThreadPoolExecutor.java:1149)
	at java.util.concurrent.ThreadPoolExecutor$Worker.run(ThreadPoolExecutor.java:624)
	... 1 more
Caused by: org.apache.ratis.thirdparty.io.netty.channel.AbstractChannel$AnnotatedConnectException: Connection refused: /192.168.157.223:42172
	at sun.nio.ch.SocketChannelImpl.checkConnect(Native Method)
	at sun.nio.ch.SocketChannelImpl.finishConnect(SocketChannelImpl.java:717)
	at org.apache.ratis.thirdparty.io.netty.channel.socket.nio.NioSocketChannel.doFinishConnect(NioSocketChannel.java:327)
	at org.apache.ratis.thirdparty.io.netty.channel.nio.AbstractNioChannel$AbstractNioUnsafe.finishConnect(AbstractNioChannel.java:340)
	at org.apache.ratis.thirdparty.io.netty.channel.nio.NioEventLoop.processSelectedKey(NioEventLoop.java:632)
	at org.apache.ratis.thirdparty.io.netty.channel.nio.NioEventLoop.processSelectedKeysOptimized(NioEventLoop.java:579)
	at org.apache.ratis.thirdparty.io.netty.channel.nio.NioEventLoop.processSelectedKeys(NioEventLoop.java:496)
	at org.apache.ratis.thirdparty.io.netty.channel.nio.NioEventLoop.run(NioEventLoop.java:458)
	at org.apache.ratis.thirdparty.io.netty.util.concurrent.SingleThreadEventExecutor$5.run(SingleThreadEventExecutor.java:897)
	at org.apache.ratis.thirdparty.io.netty.util.concurrent.FastThreadLocalRunnable.run(FastThreadLocalRunnable.java:30)
	... 1 more
Caused by: java.net.ConnectException: Connection refused
	... 11 more
2019-10-17 21:55:13,453 [d6dfcdd7-fc6e-4b51-b91e-b64503dadc5e@group-F967393F7C93-LeaderElection245] INFO  impl.RaftServerImpl (RaftServerImpl.java:setRole(184)) - d6dfcdd7-fc6e-4b51-b91e-b64503dadc5e@group-F967393F7C93: changes role from CANDIDATE to FOLLOWER at term 242 for DISCOVERED_A_NEW_TERM
2019-10-17 21:55:13,453 [d6dfcdd7-fc6e-4b51-b91e-b64503dadc5e@group-F967393F7C93-LeaderElection245] INFO  impl.RoleInfo (RoleInfo.java:shutdownLeaderElection(134)) - d6dfcdd7-fc6e-4b51-b91e-b64503dadc5e: shutdown LeaderElection
2019-10-17 21:55:13,453 [d6dfcdd7-fc6e-4b51-b91e-b64503dadc5e@group-F967393F7C93-LeaderElection245] INFO  impl.RoleInfo (RoleInfo.java:updateAndGet(143)) - d6dfcdd7-fc6e-4b51-b91e-b64503dadc5e: start FollowerState
2019-10-17 21:55:13,454 [Thread-2124] INFO  impl.FollowerState (FollowerState.java:run(108)) - d6dfcdd7-fc6e-4b51-b91e-b64503dadc5e@group-F967393F7C93-FollowerState: change to CANDIDATE, lastRpcTime:0ms, electionTimeout:0ms
2019-10-17 21:55:13,454 [Thread-2124] INFO  impl.RoleInfo (RoleInfo.java:shutdownFollowerState(121)) - d6dfcdd7-fc6e-4b51-b91e-b64503dadc5e: shutdown FollowerState
2019-10-17 21:55:13,454 [Thread-2124] INFO  impl.RaftServerImpl (RaftServerImpl.java:setRole(184)) - d6dfcdd7-fc6e-4b51-b91e-b64503dadc5e@group-F967393F7C93: changes role from  FOLLOWER to CANDIDATE at term 242 for changeToCandidate
2019-10-17 21:55:13,454 [Thread-2124] INFO  impl.RoleInfo (RoleInfo.java:updateAndGet(143)) - d6dfcdd7-fc6e-4b51-b91e-b64503dadc5e: start LeaderElection
2019-10-17 21:55:13,467 [d6dfcdd7-fc6e-4b51-b91e-b64503dadc5e@group-F967393F7C93-LeaderElection246] INFO  impl.LeaderElection (LeaderElection.java:askForVotes(178)) - d6dfcdd7-fc6e-4b51-b91e-b64503dadc5e@group-F967393F7C93-LeaderElection246: begin an election at term 243 for -1: [08d4cbaa-ffed-4411-a5fd-c4a38026aead:192.168.157.223:33910, da15dfee-23f0-4dc4-ad77-c00156c49cfa:192.168.157.223:42172, d6dfcdd7-fc6e-4b51-b91e-b64503dadc5e:192.168.157.223:43575], old=null
2019-10-17 21:55:13,469 [d6dfcdd7-fc6e-4b51-b91e-b64503dadc5e@group-F967393F7C93-LeaderElection246] INFO  impl.LeaderElection (LogUtils.java:infoOrTrace(149)) - d6dfcdd7-fc6e-4b51-b91e-b64503dadc5e@group-F967393F7C93-LeaderElection246 got exception when requesting votes: {}
java.util.concurrent.ExecutionException: org.apache.ratis.thirdparty.io.grpc.StatusRuntimeException: UNAVAILABLE: io exception
	at java.util.concurrent.FutureTask.report(FutureTask.java:122)
	at java.util.concurrent.FutureTask.get(FutureTask.java:192)
	at org.apache.ratis.server.impl.LeaderElection.waitForResults(LeaderElection.java:259)
	at org.apache.ratis.server.impl.LeaderElection.askForVotes(LeaderElection.java:197)
	at org.apache.ratis.server.impl.LeaderElection.run(LeaderElection.java:133)
	at java.lang.Thread.run(Thread.java:748)
Caused by: org.apache.ratis.thirdparty.io.grpc.StatusRuntimeException: UNAVAILABLE: io exception
	at org.apache.ratis.thirdparty.io.grpc.stub.ClientCalls.toStatusRuntimeException(ClientCalls.java:233)
	at org.apache.ratis.thirdparty.io.grpc.stub.ClientCalls.getUnchecked(ClientCalls.java:214)
	at org.apache.ratis.thirdparty.io.grpc.stub.ClientCalls.blockingUnaryCall(ClientCalls.java:139)
	at org.apache.ratis.proto.grpc.RaftServerProtocolServiceGrpc$RaftServerProtocolServiceBlockingStub.requestVote(RaftServerProtocolServiceGrpc.java:265)
	at org.apache.ratis.grpc.server.GrpcServerProtocolClient.requestVote(GrpcServerProtocolClient.java:99)
	at org.apache.ratis.grpc.server.GrpcService.requestVote(GrpcService.java:204)
	at org.apache.ratis.server.impl.LeaderElection.lambda$submitRequests$1(LeaderElection.java:234)
	at java.util.concurrent.FutureTask.run(FutureTask.java:266)
	at java.util.concurrent.Executors$RunnableAdapter.call(Executors.java:511)
	at java.util.concurrent.FutureTask.run(FutureTask.java:266)
	at java.util.concurrent.ThreadPoolExecutor.runWorker(ThreadPoolExecutor.java:1149)
	at java.util.concurrent.ThreadPoolExecutor$Worker.run(ThreadPoolExecutor.java:624)
	... 1 more
Caused by: org.apache.ratis.thirdparty.io.netty.channel.AbstractChannel$AnnotatedConnectException: Connection refused: /192.168.157.223:42172
	at sun.nio.ch.SocketChannelImpl.checkConnect(Native Method)
	at sun.nio.ch.SocketChannelImpl.finishConnect(SocketChannelImpl.java:717)
	at org.apache.ratis.thirdparty.io.netty.channel.socket.nio.NioSocketChannel.doFinishConnect(NioSocketChannel.java:327)
	at org.apache.ratis.thirdparty.io.netty.channel.nio.AbstractNioChannel$AbstractNioUnsafe.finishConnect(AbstractNioChannel.java:340)
	at org.apache.ratis.thirdparty.io.netty.channel.nio.NioEventLoop.processSelectedKey(NioEventLoop.java:632)
	at org.apache.ratis.thirdparty.io.netty.channel.nio.NioEventLoop.processSelectedKeysOptimized(NioEventLoop.java:579)
	at org.apache.ratis.thirdparty.io.netty.channel.nio.NioEventLoop.processSelectedKeys(NioEventLoop.java:496)
	at org.apache.ratis.thirdparty.io.netty.channel.nio.NioEventLoop.run(NioEventLoop.java:458)
	at org.apache.ratis.thirdparty.io.netty.util.concurrent.SingleThreadEventExecutor$5.run(SingleThreadEventExecutor.java:897)
	at org.apache.ratis.thirdparty.io.netty.util.concurrent.FastThreadLocalRunnable.run(FastThreadLocalRunnable.java:30)
	... 1 more
Caused by: java.net.ConnectException: Connection refused
	... 11 more
2019-10-17 21:55:13,470 [grpc-default-executor-1] INFO  impl.RaftServerImpl (RaftServerImpl.java:setRole(184)) - 08d4cbaa-ffed-4411-a5fd-c4a38026aead@group-F967393F7C93: changes role from  FOLLOWER to FOLLOWER at term 243 for recognizeCandidate:d6dfcdd7-fc6e-4b51-b91e-b64503dadc5e
2019-10-17 21:55:13,470 [grpc-default-executor-1] INFO  impl.RoleInfo (RoleInfo.java:shutdownFollowerState(121)) - 08d4cbaa-ffed-4411-a5fd-c4a38026aead: shutdown FollowerState
2019-10-17 21:55:13,470 [grpc-default-executor-1] INFO  impl.RoleInfo (RoleInfo.java:updateAndGet(143)) - 08d4cbaa-ffed-4411-a5fd-c4a38026aead: start FollowerState
2019-10-17 21:55:13,470 [Thread-2123] INFO  impl.FollowerState (FollowerState.java:run(117)) - 08d4cbaa-ffed-4411-a5fd-c4a38026aead@group-F967393F7C93-FollowerState was interrupted: java.lang.InterruptedException: sleep interrupted
2019-10-17 21:55:13,482 [d6dfcdd7-fc6e-4b51-b91e-b64503dadc5e@group-F967393F7C93-LeaderElection246] INFO  impl.LeaderElection (LeaderElection.java:logAndReturn(56)) - d6dfcdd7-fc6e-4b51-b91e-b64503dadc5e@group-F967393F7C93-LeaderElection246: Election TIMEOUT; received 0 response(s) [] and 1 exception(s); d6dfcdd7-fc6e-4b51-b91e-b64503dadc5e@group-F967393F7C93:t243, leader=null, voted=d6dfcdd7-fc6e-4b51-b91e-b64503dadc5e, raftlog=d6dfcdd7-fc6e-4b51-b91e-b64503dadc5e@group-F967393F7C93-SegmentedRaftLog:OPENED:c-1,f-1,i0, conf=-1: [08d4cbaa-ffed-4411-a5fd-c4a38026aead:192.168.157.223:33910, da15dfee-23f0-4dc4-ad77-c00156c49cfa:192.168.157.223:42172, d6dfcdd7-fc6e-4b51-b91e-b64503dadc5e:192.168.157.223:43575], old=null
2019-10-17 21:55:13,482 [d6dfcdd7-fc6e-4b51-b91e-b64503dadc5e@group-F967393F7C93-LeaderElection246] INFO  impl.LeaderElection (LogUtils.java:infoOrTrace(149)) -   Exception 0: {}
java.util.concurrent.ExecutionException: org.apache.ratis.thirdparty.io.grpc.StatusRuntimeException: UNAVAILABLE: io exception
	at java.util.concurrent.FutureTask.report(FutureTask.java:122)
	at java.util.concurrent.FutureTask.get(FutureTask.java:192)
	at org.apache.ratis.server.impl.LeaderElection.waitForResults(LeaderElection.java:259)
	at org.apache.ratis.server.impl.LeaderElection.askForVotes(LeaderElection.java:197)
	at org.apache.ratis.server.impl.LeaderElection.run(LeaderElection.java:133)
	at java.lang.Thread.run(Thread.java:748)
Caused by: org.apache.ratis.thirdparty.io.grpc.StatusRuntimeException: UNAVAILABLE: io exception
	at org.apache.ratis.thirdparty.io.grpc.stub.ClientCalls.toStatusRuntimeException(ClientCalls.java:233)
	at org.apache.ratis.thirdparty.io.grpc.stub.ClientCalls.getUnchecked(ClientCalls.java:214)
	at org.apache.ratis.thirdparty.io.grpc.stub.ClientCalls.blockingUnaryCall(ClientCalls.java:139)
	at org.apache.ratis.proto.grpc.RaftServerProtocolServiceGrpc$RaftServerProtocolServiceBlockingStub.requestVote(RaftServerProtocolServiceGrpc.java:265)
	at org.apache.ratis.grpc.server.GrpcServerProtocolClient.requestVote(GrpcServerProtocolClient.java:99)
	at org.apache.ratis.grpc.server.GrpcService.requestVote(GrpcService.java:204)
	at org.apache.ratis.server.impl.LeaderElection.lambda$submitRequests$1(LeaderElection.java:234)
	at java.util.concurrent.FutureTask.run(FutureTask.java:266)
	at java.util.concurrent.Executors$RunnableAdapter.call(Executors.java:511)
	at java.util.concurrent.FutureTask.run(FutureTask.java:266)
	at java.util.concurrent.ThreadPoolExecutor.runWorker(ThreadPoolExecutor.java:1149)
	at java.util.concurrent.ThreadPoolExecutor$Worker.run(ThreadPoolExecutor.java:624)
	... 1 more
Caused by: org.apache.ratis.thirdparty.io.netty.channel.AbstractChannel$AnnotatedConnectException: Connection refused: /192.168.157.223:42172
	at sun.nio.ch.SocketChannelImpl.checkConnect(Native Method)
	at sun.nio.ch.SocketChannelImpl.finishConnect(SocketChannelImpl.java:717)
	at org.apache.ratis.thirdparty.io.netty.channel.socket.nio.NioSocketChannel.doFinishConnect(NioSocketChannel.java:327)
	at org.apache.ratis.thirdparty.io.netty.channel.nio.AbstractNioChannel$AbstractNioUnsafe.finishConnect(AbstractNioChannel.java:340)
	at org.apache.ratis.thirdparty.io.netty.channel.nio.NioEventLoop.processSelectedKey(NioEventLoop.java:632)
	at org.apache.ratis.thirdparty.io.netty.channel.nio.NioEventLoop.processSelectedKeysOptimized(NioEventLoop.java:579)
	at org.apache.ratis.thirdparty.io.netty.channel.nio.NioEventLoop.processSelectedKeys(NioEventLoop.java:496)
	at org.apache.ratis.thirdparty.io.netty.channel.nio.NioEventLoop.run(NioEventLoop.java:458)
	at org.apache.ratis.thirdparty.io.netty.util.concurrent.SingleThreadEventExecutor$5.run(SingleThreadEventExecutor.java:897)
	at org.apache.ratis.thirdparty.io.netty.util.concurrent.FastThreadLocalRunnable.run(FastThreadLocalRunnable.java:30)
	... 1 more
Caused by: java.net.ConnectException: Connection refused
	... 11 more
2019-10-17 21:55:13,485 [d6dfcdd7-fc6e-4b51-b91e-b64503dadc5e@group-F967393F7C93-LeaderElection246] INFO  impl.LeaderElection (LeaderElection.java:askForVotes(178)) - d6dfcdd7-fc6e-4b51-b91e-b64503dadc5e@group-F967393F7C93-LeaderElection246: begin an election at term 244 for -1: [08d4cbaa-ffed-4411-a5fd-c4a38026aead:192.168.157.223:33910, da15dfee-23f0-4dc4-ad77-c00156c49cfa:192.168.157.223:42172, d6dfcdd7-fc6e-4b51-b91e-b64503dadc5e:192.168.157.223:43575], old=null
2019-10-17 21:55:13,486 [d6dfcdd7-fc6e-4b51-b91e-b64503dadc5e@group-F967393F7C93-LeaderElection246] INFO  impl.LeaderElection (LogUtils.java:infoOrTrace(149)) - d6dfcdd7-fc6e-4b51-b91e-b64503dadc5e@group-F967393F7C93-LeaderElection246 got exception when requesting votes: {}
java.util.concurrent.ExecutionException: org.apache.ratis.thirdparty.io.grpc.StatusRuntimeException: UNAVAILABLE: io exception
	at java.util.concurrent.FutureTask.report(FutureTask.java:122)
	at java.util.concurrent.FutureTask.get(FutureTask.java:192)
	at org.apache.ratis.server.impl.LeaderElection.waitForResults(LeaderElection.java:259)
	at org.apache.ratis.server.impl.LeaderElection.askForVotes(LeaderElection.java:197)
	at org.apache.ratis.server.impl.LeaderElection.run(LeaderElection.java:133)
	at java.lang.Thread.run(Thread.java:748)
Caused by: org.apache.ratis.thirdparty.io.grpc.StatusRuntimeException: UNAVAILABLE: io exception
	at org.apache.ratis.thirdparty.io.grpc.stub.ClientCalls.toStatusRuntimeException(ClientCalls.java:233)
	at org.apache.ratis.thirdparty.io.grpc.stub.ClientCalls.getUnchecked(ClientCalls.java:214)
	at org.apache.ratis.thirdparty.io.grpc.stub.ClientCalls.blockingUnaryCall(ClientCalls.java:139)
	at org.apache.ratis.proto.grpc.RaftServerProtocolServiceGrpc$RaftServerProtocolServiceBlockingStub.requestVote(RaftServerProtocolServiceGrpc.java:265)
	at org.apache.ratis.grpc.server.GrpcServerProtocolClient.requestVote(GrpcServerProtocolClient.java:99)
	at org.apache.ratis.grpc.server.GrpcService.requestVote(GrpcService.java:204)
	at org.apache.ratis.server.impl.LeaderElection.lambda$submitRequests$1(LeaderElection.java:234)
	at java.util.concurrent.FutureTask.run(FutureTask.java:266)
	at java.util.concurrent.Executors$RunnableAdapter.call(Executors.java:511)
	at java.util.concurrent.FutureTask.run(FutureTask.java:266)
	at java.util.concurrent.ThreadPoolExecutor.runWorker(ThreadPoolExecutor.java:1149)
	at java.util.concurrent.ThreadPoolExecutor$Worker.run(ThreadPoolExecutor.java:624)
	... 1 more
Caused by: org.apache.ratis.thirdparty.io.netty.channel.AbstractChannel$AnnotatedConnectException: Connection refused: /192.168.157.223:42172
	at sun.nio.ch.SocketChannelImpl.checkConnect(Native Method)
	at sun.nio.ch.SocketChannelImpl.finishConnect(SocketChannelImpl.java:717)
	at org.apache.ratis.thirdparty.io.netty.channel.socket.nio.NioSocketChannel.doFinishConnect(NioSocketChannel.java:327)
	at org.apache.ratis.thirdparty.io.netty.channel.nio.AbstractNioChannel$AbstractNioUnsafe.finishConnect(AbstractNioChannel.java:340)
	at org.apache.ratis.thirdparty.io.netty.channel.nio.NioEventLoop.processSelectedKey(NioEventLoop.java:632)
	at org.apache.ratis.thirdparty.io.netty.channel.nio.NioEventLoop.processSelectedKeysOptimized(NioEventLoop.java:579)
	at org.apache.ratis.thirdparty.io.netty.channel.nio.NioEventLoop.processSelectedKeys(NioEventLoop.java:496)
	at org.apache.ratis.thirdparty.io.netty.channel.nio.NioEventLoop.run(NioEventLoop.java:458)
	at org.apache.ratis.thirdparty.io.netty.util.concurrent.SingleThreadEventExecutor$5.run(SingleThreadEventExecutor.java:897)
	at org.apache.ratis.thirdparty.io.netty.util.concurrent.FastThreadLocalRunnable.run(FastThreadLocalRunnable.java:30)
	... 1 more
Caused by: java.net.ConnectException: Connection refused
	... 11 more
2019-10-17 21:55:13,487 [grpc-default-executor-1] INFO  impl.RaftServerImpl (RaftServerImpl.java:setRole(184)) - 08d4cbaa-ffed-4411-a5fd-c4a38026aead@group-F967393F7C93: changes role from  FOLLOWER to FOLLOWER at term 244 for recognizeCandidate:d6dfcdd7-fc6e-4b51-b91e-b64503dadc5e
2019-10-17 21:55:13,487 [grpc-default-executor-1] INFO  impl.RoleInfo (RoleInfo.java:shutdownFollowerState(121)) - 08d4cbaa-ffed-4411-a5fd-c4a38026aead: shutdown FollowerState
2019-10-17 21:55:13,487 [grpc-default-executor-1] INFO  impl.RoleInfo (RoleInfo.java:updateAndGet(143)) - 08d4cbaa-ffed-4411-a5fd-c4a38026aead: start FollowerState
2019-10-17 21:55:13,487 [Thread-2128] INFO  impl.FollowerState (FollowerState.java:run(117)) - 08d4cbaa-ffed-4411-a5fd-c4a38026aead@group-F967393F7C93-FollowerState was interrupted: java.lang.InterruptedException: sleep interrupted
2019-10-17 21:55:13,500 [d6dfcdd7-fc6e-4b51-b91e-b64503dadc5e@group-F967393F7C93-LeaderElection246] INFO  impl.LeaderElection (LeaderElection.java:logAndReturn(56)) - d6dfcdd7-fc6e-4b51-b91e-b64503dadc5e@group-F967393F7C93-LeaderElection246: Election REJECTED; received 1 response(s) [d6dfcdd7-fc6e-4b51-b91e-b64503dadc5e<-08d4cbaa-ffed-4411-a5fd-c4a38026aead#0:FAIL-t244] and 1 exception(s); d6dfcdd7-fc6e-4b51-b91e-b64503dadc5e@group-F967393F7C93:t244, leader=null, voted=d6dfcdd7-fc6e-4b51-b91e-b64503dadc5e, raftlog=d6dfcdd7-fc6e-4b51-b91e-b64503dadc5e@group-F967393F7C93-SegmentedRaftLog:OPENED:c-1,f-1,i0, conf=-1: [08d4cbaa-ffed-4411-a5fd-c4a38026aead:192.168.157.223:33910, da15dfee-23f0-4dc4-ad77-c00156c49cfa:192.168.157.223:42172, d6dfcdd7-fc6e-4b51-b91e-b64503dadc5e:192.168.157.223:43575], old=null
2019-10-17 21:55:13,500 [d6dfcdd7-fc6e-4b51-b91e-b64503dadc5e@group-F967393F7C93-LeaderElection246] INFO  impl.LeaderElection (LogUtils.java:infoOrTrace(149)) -   Exception 0: {}
java.util.concurrent.ExecutionException: org.apache.ratis.thirdparty.io.grpc.StatusRuntimeException: UNAVAILABLE: io exception
	at java.util.concurrent.FutureTask.report(FutureTask.java:122)
	at java.util.concurrent.FutureTask.get(FutureTask.java:192)
	at org.apache.ratis.server.impl.LeaderElection.waitForResults(LeaderElection.java:259)
	at org.apache.ratis.server.impl.LeaderElection.askForVotes(LeaderElection.java:197)
	at org.apache.ratis.server.impl.LeaderElection.run(LeaderElection.java:133)
	at java.lang.Thread.run(Thread.java:748)
Caused by: org.apache.ratis.thirdparty.io.grpc.StatusRuntimeException: UNAVAILABLE: io exception
	at org.apache.ratis.thirdparty.io.grpc.stub.ClientCalls.toStatusRuntimeException(ClientCalls.java:233)
	at org.apache.ratis.thirdparty.io.grpc.stub.ClientCalls.getUnchecked(ClientCalls.java:214)
	at org.apache.ratis.thirdparty.io.grpc.stub.ClientCalls.blockingUnaryCall(ClientCalls.java:139)
	at org.apache.ratis.proto.grpc.RaftServerProtocolServiceGrpc$RaftServerProtocolServiceBlockingStub.requestVote(RaftServerProtocolServiceGrpc.java:265)
	at org.apache.ratis.grpc.server.GrpcServerProtocolClient.requestVote(GrpcServerProtocolClient.java:99)
	at org.apache.ratis.grpc.server.GrpcService.requestVote(GrpcService.java:204)
	at org.apache.ratis.server.impl.LeaderElection.lambda$submitRequests$1(LeaderElection.java:234)
	at java.util.concurrent.FutureTask.run(FutureTask.java:266)
	at java.util.concurrent.Executors$RunnableAdapter.call(Executors.java:511)
	at java.util.concurrent.FutureTask.run(FutureTask.java:266)
	at java.util.concurrent.ThreadPoolExecutor.runWorker(ThreadPoolExecutor.java:1149)
	at java.util.concurrent.ThreadPoolExecutor$Worker.run(ThreadPoolExecutor.java:624)
	... 1 more
Caused by: org.apache.ratis.thirdparty.io.netty.channel.AbstractChannel$AnnotatedConnectException: Connection refused: /192.168.157.223:42172
	at sun.nio.ch.SocketChannelImpl.checkConnect(Native Method)
	at sun.nio.ch.SocketChannelImpl.finishConnect(SocketChannelImpl.java:717)
	at org.apache.ratis.thirdparty.io.netty.channel.socket.nio.NioSocketChannel.doFinishConnect(NioSocketChannel.java:327)
	at org.apache.ratis.thirdparty.io.netty.channel.nio.AbstractNioChannel$AbstractNioUnsafe.finishConnect(AbstractNioChannel.java:340)
	at org.apache.ratis.thirdparty.io.netty.channel.nio.NioEventLoop.processSelectedKey(NioEventLoop.java:632)
	at org.apache.ratis.thirdparty.io.netty.channel.nio.NioEventLoop.processSelectedKeysOptimized(NioEventLoop.java:579)
	at org.apache.ratis.thirdparty.io.netty.channel.nio.NioEventLoop.processSelectedKeys(NioEventLoop.java:496)
	at org.apache.ratis.thirdparty.io.netty.channel.nio.NioEventLoop.run(NioEventLoop.java:458)
	at org.apache.ratis.thirdparty.io.netty.util.concurrent.SingleThreadEventExecutor$5.run(SingleThreadEventExecutor.java:897)
	at org.apache.ratis.thirdparty.io.netty.util.concurrent.FastThreadLocalRunnable.run(FastThreadLocalRunnable.java:30)
	... 1 more
Caused by: java.net.ConnectException: Connection refused
	... 11 more
2019-10-17 21:55:13,500 [d6dfcdd7-fc6e-4b51-b91e-b64503dadc5e@group-F967393F7C93-LeaderElection246] INFO  impl.RaftServerImpl (RaftServerImpl.java:setRole(184)) - d6dfcdd7-fc6e-4b51-b91e-b64503dadc5e@group-F967393F7C93: changes role from CANDIDATE to FOLLOWER at term 244 for DISCOVERED_A_NEW_TERM
2019-10-17 21:55:13,501 [d6dfcdd7-fc6e-4b51-b91e-b64503dadc5e@group-F967393F7C93-LeaderElection246] INFO  impl.RoleInfo (RoleInfo.java:shutdownLeaderElection(134)) - d6dfcdd7-fc6e-4b51-b91e-b64503dadc5e: shutdown LeaderElection
2019-10-17 21:55:13,501 [d6dfcdd7-fc6e-4b51-b91e-b64503dadc5e@group-F967393F7C93-LeaderElection246] INFO  impl.RoleInfo (RoleInfo.java:updateAndGet(143)) - d6dfcdd7-fc6e-4b51-b91e-b64503dadc5e: start FollowerState
2019-10-17 21:55:13,626 [Thread-2132] INFO  impl.FollowerState (FollowerState.java:run(108)) - d6dfcdd7-fc6e-4b51-b91e-b64503dadc5e@group-F967393F7C93-FollowerState: change to CANDIDATE, lastRpcTime:125ms, electionTimeout:125ms
2019-10-17 21:55:13,626 [Thread-2132] INFO  impl.RoleInfo (RoleInfo.java:shutdownFollowerState(121)) - d6dfcdd7-fc6e-4b51-b91e-b64503dadc5e: shutdown FollowerState
2019-10-17 21:55:13,626 [Thread-2132] INFO  impl.RaftServerImpl (RaftServerImpl.java:setRole(184)) - d6dfcdd7-fc6e-4b51-b91e-b64503dadc5e@group-F967393F7C93: changes role from  FOLLOWER to CANDIDATE at term 244 for changeToCandidate
2019-10-17 21:55:13,627 [Thread-2132] INFO  impl.RoleInfo (RoleInfo.java:updateAndGet(143)) - d6dfcdd7-fc6e-4b51-b91e-b64503dadc5e: start LeaderElection
2019-10-17 21:55:13,652 [d6dfcdd7-fc6e-4b51-b91e-b64503dadc5e@group-F967393F7C93-LeaderElection247] INFO  impl.LeaderElection (LeaderElection.java:askForVotes(178)) - d6dfcdd7-fc6e-4b51-b91e-b64503dadc5e@group-F967393F7C93-LeaderElection247: begin an election at term 245 for -1: [08d4cbaa-ffed-4411-a5fd-c4a38026aead:192.168.157.223:33910, da15dfee-23f0-4dc4-ad77-c00156c49cfa:192.168.157.223:42172, d6dfcdd7-fc6e-4b51-b91e-b64503dadc5e:192.168.157.223:43575], old=null
2019-10-17 21:55:13,653 [d6dfcdd7-fc6e-4b51-b91e-b64503dadc5e@group-F967393F7C93-LeaderElection247] INFO  impl.LeaderElection (LogUtils.java:infoOrTrace(149)) - d6dfcdd7-fc6e-4b51-b91e-b64503dadc5e@group-F967393F7C93-LeaderElection247 got exception when requesting votes: {}
java.util.concurrent.ExecutionException: org.apache.ratis.thirdparty.io.grpc.StatusRuntimeException: UNAVAILABLE: io exception
	at java.util.concurrent.FutureTask.report(FutureTask.java:122)
	at java.util.concurrent.FutureTask.get(FutureTask.java:192)
	at org.apache.ratis.server.impl.LeaderElection.waitForResults(LeaderElection.java:259)
	at org.apache.ratis.server.impl.LeaderElection.askForVotes(LeaderElection.java:197)
	at org.apache.ratis.server.impl.LeaderElection.run(LeaderElection.java:133)
	at java.lang.Thread.run(Thread.java:748)
Caused by: org.apache.ratis.thirdparty.io.grpc.StatusRuntimeException: UNAVAILABLE: io exception
	at org.apache.ratis.thirdparty.io.grpc.stub.ClientCalls.toStatusRuntimeException(ClientCalls.java:233)
	at org.apache.ratis.thirdparty.io.grpc.stub.ClientCalls.getUnchecked(ClientCalls.java:214)
	at org.apache.ratis.thirdparty.io.grpc.stub.ClientCalls.blockingUnaryCall(ClientCalls.java:139)
	at org.apache.ratis.proto.grpc.RaftServerProtocolServiceGrpc$RaftServerProtocolServiceBlockingStub.requestVote(RaftServerProtocolServiceGrpc.java:265)
	at org.apache.ratis.grpc.server.GrpcServerProtocolClient.requestVote(GrpcServerProtocolClient.java:99)
	at org.apache.ratis.grpc.server.GrpcService.requestVote(GrpcService.java:204)
	at org.apache.ratis.server.impl.LeaderElection.lambda$submitRequests$1(LeaderElection.java:234)
	at java.util.concurrent.FutureTask.run(FutureTask.java:266)
	at java.util.concurrent.Executors$RunnableAdapter.call(Executors.java:511)
	at java.util.concurrent.FutureTask.run(FutureTask.java:266)
	at java.util.concurrent.ThreadPoolExecutor.runWorker(ThreadPoolExecutor.java:1149)
	at java.util.concurrent.ThreadPoolExecutor$Worker.run(ThreadPoolExecutor.java:624)
	... 1 more
Caused by: org.apache.ratis.thirdparty.io.netty.channel.AbstractChannel$AnnotatedConnectException: Connection refused: /192.168.157.223:42172
	at sun.nio.ch.SocketChannelImpl.checkConnect(Native Method)
	at sun.nio.ch.SocketChannelImpl.finishConnect(SocketChannelImpl.java:717)
	at org.apache.ratis.thirdparty.io.netty.channel.socket.nio.NioSocketChannel.doFinishConnect(NioSocketChannel.java:327)
	at org.apache.ratis.thirdparty.io.netty.channel.nio.AbstractNioChannel$AbstractNioUnsafe.finishConnect(AbstractNioChannel.java:340)
	at org.apache.ratis.thirdparty.io.netty.channel.nio.NioEventLoop.processSelectedKey(NioEventLoop.java:632)
	at org.apache.ratis.thirdparty.io.netty.channel.nio.NioEventLoop.processSelectedKeysOptimized(NioEventLoop.java:579)
	at org.apache.ratis.thirdparty.io.netty.channel.nio.NioEventLoop.processSelectedKeys(NioEventLoop.java:496)
	at org.apache.ratis.thirdparty.io.netty.channel.nio.NioEventLoop.run(NioEventLoop.java:458)
	at org.apache.ratis.thirdparty.io.netty.util.concurrent.SingleThreadEventExecutor$5.run(SingleThreadEventExecutor.java:897)
	at org.apache.ratis.thirdparty.io.netty.util.concurrent.FastThreadLocalRunnable.run(FastThreadLocalRunnable.java:30)
	... 1 more
Caused by: java.net.ConnectException: Connection refused
	... 11 more
2019-10-17 21:55:13,655 [grpc-default-executor-1] INFO  impl.RaftServerImpl (RaftServerImpl.java:setRole(184)) - 08d4cbaa-ffed-4411-a5fd-c4a38026aead@group-F967393F7C93: changes role from  FOLLOWER to FOLLOWER at term 245 for recognizeCandidate:d6dfcdd7-fc6e-4b51-b91e-b64503dadc5e
2019-10-17 21:55:13,655 [grpc-default-executor-1] INFO  impl.RoleInfo (RoleInfo.java:shutdownFollowerState(121)) - 08d4cbaa-ffed-4411-a5fd-c4a38026aead: shutdown FollowerState
2019-10-17 21:55:13,655 [grpc-default-executor-1] INFO  impl.RoleInfo (RoleInfo.java:updateAndGet(143)) - 08d4cbaa-ffed-4411-a5fd-c4a38026aead: start FollowerState
2019-10-17 21:55:13,655 [Thread-2131] INFO  impl.FollowerState (FollowerState.java:run(117)) - 08d4cbaa-ffed-4411-a5fd-c4a38026aead@group-F967393F7C93-FollowerState was interrupted: java.lang.InterruptedException: sleep interrupted
2019-10-17 21:55:13,676 [d6dfcdd7-fc6e-4b51-b91e-b64503dadc5e@group-F967393F7C93-LeaderElection247] INFO  impl.LeaderElection (LeaderElection.java:logAndReturn(56)) - d6dfcdd7-fc6e-4b51-b91e-b64503dadc5e@group-F967393F7C93-LeaderElection247: Election TIMEOUT; received 0 response(s) [] and 1 exception(s); d6dfcdd7-fc6e-4b51-b91e-b64503dadc5e@group-F967393F7C93:t245, leader=null, voted=d6dfcdd7-fc6e-4b51-b91e-b64503dadc5e, raftlog=d6dfcdd7-fc6e-4b51-b91e-b64503dadc5e@group-F967393F7C93-SegmentedRaftLog:OPENED:c-1,f-1,i0, conf=-1: [08d4cbaa-ffed-4411-a5fd-c4a38026aead:192.168.157.223:33910, da15dfee-23f0-4dc4-ad77-c00156c49cfa:192.168.157.223:42172, d6dfcdd7-fc6e-4b51-b91e-b64503dadc5e:192.168.157.223:43575], old=null
2019-10-17 21:55:13,676 [d6dfcdd7-fc6e-4b51-b91e-b64503dadc5e@group-F967393F7C93-LeaderElection247] INFO  impl.LeaderElection (LogUtils.java:infoOrTrace(149)) -   Exception 0: {}
java.util.concurrent.ExecutionException: org.apache.ratis.thirdparty.io.grpc.StatusRuntimeException: UNAVAILABLE: io exception
	at java.util.concurrent.FutureTask.report(FutureTask.java:122)
	at java.util.concurrent.FutureTask.get(FutureTask.java:192)
	at org.apache.ratis.server.impl.LeaderElection.waitForResults(LeaderElection.java:259)
	at org.apache.ratis.server.impl.LeaderElection.askForVotes(LeaderElection.java:197)
	at org.apache.ratis.server.impl.LeaderElection.run(LeaderElection.java:133)
	at java.lang.Thread.run(Thread.java:748)
Caused by: org.apache.ratis.thirdparty.io.grpc.StatusRuntimeException: UNAVAILABLE: io exception
	at org.apache.ratis.thirdparty.io.grpc.stub.ClientCalls.toStatusRuntimeException(ClientCalls.java:233)
	at org.apache.ratis.thirdparty.io.grpc.stub.ClientCalls.getUnchecked(ClientCalls.java:214)
	at org.apache.ratis.thirdparty.io.grpc.stub.ClientCalls.blockingUnaryCall(ClientCalls.java:139)
	at org.apache.ratis.proto.grpc.RaftServerProtocolServiceGrpc$RaftServerProtocolServiceBlockingStub.requestVote(RaftServerProtocolServiceGrpc.java:265)
	at org.apache.ratis.grpc.server.GrpcServerProtocolClient.requestVote(GrpcServerProtocolClient.java:99)
	at org.apache.ratis.grpc.server.GrpcService.requestVote(GrpcService.java:204)
	at org.apache.ratis.server.impl.LeaderElection.lambda$submitRequests$1(LeaderElection.java:234)
	at java.util.concurrent.FutureTask.run(FutureTask.java:266)
	at java.util.concurrent.Executors$RunnableAdapter.call(Executors.java:511)
	at java.util.concurrent.FutureTask.run(FutureTask.java:266)
	at java.util.concurrent.ThreadPoolExecutor.runWorker(ThreadPoolExecutor.java:1149)
	at java.util.concurrent.ThreadPoolExecutor$Worker.run(ThreadPoolExecutor.java:624)
	... 1 more
Caused by: org.apache.ratis.thirdparty.io.netty.channel.AbstractChannel$AnnotatedConnectException: Connection refused: /192.168.157.223:42172
	at sun.nio.ch.SocketChannelImpl.checkConnect(Native Method)
	at sun.nio.ch.SocketChannelImpl.finishConnect(SocketChannelImpl.java:717)
	at org.apache.ratis.thirdparty.io.netty.channel.socket.nio.NioSocketChannel.doFinishConnect(NioSocketChannel.java:327)
	at org.apache.ratis.thirdparty.io.netty.channel.nio.AbstractNioChannel$AbstractNioUnsafe.finishConnect(AbstractNioChannel.java:340)
	at org.apache.ratis.thirdparty.io.netty.channel.nio.NioEventLoop.processSelectedKey(NioEventLoop.java:632)
	at org.apache.ratis.thirdparty.io.netty.channel.nio.NioEventLoop.processSelectedKeysOptimized(NioEventLoop.java:579)
	at org.apache.ratis.thirdparty.io.netty.channel.nio.NioEventLoop.processSelectedKeys(NioEventLoop.java:496)
	at org.apache.ratis.thirdparty.io.netty.channel.nio.NioEventLoop.run(NioEventLoop.java:458)
	at org.apache.ratis.thirdparty.io.netty.util.concurrent.SingleThreadEventExecutor$5.run(SingleThreadEventExecutor.java:897)
	at org.apache.ratis.thirdparty.io.netty.util.concurrent.FastThreadLocalRunnable.run(FastThreadLocalRunnable.java:30)
	... 1 more
Caused by: java.net.ConnectException: Connection refused
	... 11 more
2019-10-17 21:55:13,697 [d6dfcdd7-fc6e-4b51-b91e-b64503dadc5e@group-F967393F7C93-LeaderElection247] INFO  impl.LeaderElection (LeaderElection.java:askForVotes(178)) - d6dfcdd7-fc6e-4b51-b91e-b64503dadc5e@group-F967393F7C93-LeaderElection247: begin an election at term 246 for -1: [08d4cbaa-ffed-4411-a5fd-c4a38026aead:192.168.157.223:33910, da15dfee-23f0-4dc4-ad77-c00156c49cfa:192.168.157.223:42172, d6dfcdd7-fc6e-4b51-b91e-b64503dadc5e:192.168.157.223:43575], old=null
2019-10-17 21:55:13,698 [d6dfcdd7-fc6e-4b51-b91e-b64503dadc5e@group-F967393F7C93-LeaderElection247] INFO  impl.LeaderElection (LogUtils.java:infoOrTrace(149)) - d6dfcdd7-fc6e-4b51-b91e-b64503dadc5e@group-F967393F7C93-LeaderElection247 got exception when requesting votes: {}
java.util.concurrent.ExecutionException: org.apache.ratis.thirdparty.io.grpc.StatusRuntimeException: UNAVAILABLE: io exception
	at java.util.concurrent.FutureTask.report(FutureTask.java:122)
	at java.util.concurrent.FutureTask.get(FutureTask.java:192)
	at org.apache.ratis.server.impl.LeaderElection.waitForResults(LeaderElection.java:259)
	at org.apache.ratis.server.impl.LeaderElection.askForVotes(LeaderElection.java:197)
	at org.apache.ratis.server.impl.LeaderElection.run(LeaderElection.java:133)
	at java.lang.Thread.run(Thread.java:748)
Caused by: org.apache.ratis.thirdparty.io.grpc.StatusRuntimeException: UNAVAILABLE: io exception
	at org.apache.ratis.thirdparty.io.grpc.stub.ClientCalls.toStatusRuntimeException(ClientCalls.java:233)
	at org.apache.ratis.thirdparty.io.grpc.stub.ClientCalls.getUnchecked(ClientCalls.java:214)
	at org.apache.ratis.thirdparty.io.grpc.stub.ClientCalls.blockingUnaryCall(ClientCalls.java:139)
	at org.apache.ratis.proto.grpc.RaftServerProtocolServiceGrpc$RaftServerProtocolServiceBlockingStub.requestVote(RaftServerProtocolServiceGrpc.java:265)
	at org.apache.ratis.grpc.server.GrpcServerProtocolClient.requestVote(GrpcServerProtocolClient.java:99)
	at org.apache.ratis.grpc.server.GrpcService.requestVote(GrpcService.java:204)
	at org.apache.ratis.server.impl.LeaderElection.lambda$submitRequests$1(LeaderElection.java:234)
	at java.util.concurrent.FutureTask.run(FutureTask.java:266)
	at java.util.concurrent.Executors$RunnableAdapter.call(Executors.java:511)
	at java.util.concurrent.FutureTask.run(FutureTask.java:266)
	at java.util.concurrent.ThreadPoolExecutor.runWorker(ThreadPoolExecutor.java:1149)
	at java.util.concurrent.ThreadPoolExecutor$Worker.run(ThreadPoolExecutor.java:624)
	... 1 more
Caused by: org.apache.ratis.thirdparty.io.netty.channel.AbstractChannel$AnnotatedConnectException: Connection refused: /192.168.157.223:42172
	at sun.nio.ch.SocketChannelImpl.checkConnect(Native Method)
	at sun.nio.ch.SocketChannelImpl.finishConnect(SocketChannelImpl.java:717)
	at org.apache.ratis.thirdparty.io.netty.channel.socket.nio.NioSocketChannel.doFinishConnect(NioSocketChannel.java:327)
	at org.apache.ratis.thirdparty.io.netty.channel.nio.AbstractNioChannel$AbstractNioUnsafe.finishConnect(AbstractNioChannel.java:340)
	at org.apache.ratis.thirdparty.io.netty.channel.nio.NioEventLoop.processSelectedKey(NioEventLoop.java:632)
	at org.apache.ratis.thirdparty.io.netty.channel.nio.NioEventLoop.processSelectedKeysOptimized(NioEventLoop.java:579)
	at org.apache.ratis.thirdparty.io.netty.channel.nio.NioEventLoop.processSelectedKeys(NioEventLoop.java:496)
	at org.apache.ratis.thirdparty.io.netty.channel.nio.NioEventLoop.run(NioEventLoop.java:458)
	at org.apache.ratis.thirdparty.io.netty.util.concurrent.SingleThreadEventExecutor$5.run(SingleThreadEventExecutor.java:897)
	at org.apache.ratis.thirdparty.io.netty.util.concurrent.FastThreadLocalRunnable.run(FastThreadLocalRunnable.java:30)
	... 1 more
Caused by: java.net.ConnectException: Connection refused
	... 11 more
2019-10-17 21:55:13,699 [grpc-default-executor-1] INFO  impl.RaftServerImpl (RaftServerImpl.java:setRole(184)) - 08d4cbaa-ffed-4411-a5fd-c4a38026aead@group-F967393F7C93: changes role from  FOLLOWER to FOLLOWER at term 246 for recognizeCandidate:d6dfcdd7-fc6e-4b51-b91e-b64503dadc5e
2019-10-17 21:55:13,699 [grpc-default-executor-1] INFO  impl.RoleInfo (RoleInfo.java:shutdownFollowerState(121)) - 08d4cbaa-ffed-4411-a5fd-c4a38026aead: shutdown FollowerState
2019-10-17 21:55:13,700 [grpc-default-executor-1] INFO  impl.RoleInfo (RoleInfo.java:updateAndGet(143)) - 08d4cbaa-ffed-4411-a5fd-c4a38026aead: start FollowerState
2019-10-17 21:55:13,700 [Thread-2136] INFO  impl.FollowerState (FollowerState.java:run(117)) - 08d4cbaa-ffed-4411-a5fd-c4a38026aead@group-F967393F7C93-FollowerState was interrupted: java.lang.InterruptedException: sleep interrupted
2019-10-17 21:55:13,720 [d6dfcdd7-fc6e-4b51-b91e-b64503dadc5e@group-F967393F7C93-LeaderElection247] INFO  impl.LeaderElection (LeaderElection.java:logAndReturn(56)) - d6dfcdd7-fc6e-4b51-b91e-b64503dadc5e@group-F967393F7C93-LeaderElection247: Election TIMEOUT; received 0 response(s) [] and 1 exception(s); d6dfcdd7-fc6e-4b51-b91e-b64503dadc5e@group-F967393F7C93:t246, leader=null, voted=d6dfcdd7-fc6e-4b51-b91e-b64503dadc5e, raftlog=d6dfcdd7-fc6e-4b51-b91e-b64503dadc5e@group-F967393F7C93-SegmentedRaftLog:OPENED:c-1,f-1,i0, conf=-1: [08d4cbaa-ffed-4411-a5fd-c4a38026aead:192.168.157.223:33910, da15dfee-23f0-4dc4-ad77-c00156c49cfa:192.168.157.223:42172, d6dfcdd7-fc6e-4b51-b91e-b64503dadc5e:192.168.157.223:43575], old=null
2019-10-17 21:55:13,720 [d6dfcdd7-fc6e-4b51-b91e-b64503dadc5e@group-F967393F7C93-LeaderElection247] INFO  impl.LeaderElection (LogUtils.java:infoOrTrace(149)) -   Exception 0: {}
java.util.concurrent.ExecutionException: org.apache.ratis.thirdparty.io.grpc.StatusRuntimeException: UNAVAILABLE: io exception
	at java.util.concurrent.FutureTask.report(FutureTask.java:122)
	at java.util.concurrent.FutureTask.get(FutureTask.java:192)
	at org.apache.ratis.server.impl.LeaderElection.waitForResults(LeaderElection.java:259)
	at org.apache.ratis.server.impl.LeaderElection.askForVotes(LeaderElection.java:197)
	at org.apache.ratis.server.impl.LeaderElection.run(LeaderElection.java:133)
	at java.lang.Thread.run(Thread.java:748)
Caused by: org.apache.ratis.thirdparty.io.grpc.StatusRuntimeException: UNAVAILABLE: io exception
	at org.apache.ratis.thirdparty.io.grpc.stub.ClientCalls.toStatusRuntimeException(ClientCalls.java:233)
	at org.apache.ratis.thirdparty.io.grpc.stub.ClientCalls.getUnchecked(ClientCalls.java:214)
	at org.apache.ratis.thirdparty.io.grpc.stub.ClientCalls.blockingUnaryCall(ClientCalls.java:139)
	at org.apache.ratis.proto.grpc.RaftServerProtocolServiceGrpc$RaftServerProtocolServiceBlockingStub.requestVote(RaftServerProtocolServiceGrpc.java:265)
	at org.apache.ratis.grpc.server.GrpcServerProtocolClient.requestVote(GrpcServerProtocolClient.java:99)
	at org.apache.ratis.grpc.server.GrpcService.requestVote(GrpcService.java:204)
	at org.apache.ratis.server.impl.LeaderElection.lambda$submitRequests$1(LeaderElection.java:234)
	at java.util.concurrent.FutureTask.run(FutureTask.java:266)
	at java.util.concurrent.Executors$RunnableAdapter.call(Executors.java:511)
	at java.util.concurrent.FutureTask.run(FutureTask.java:266)
	at java.util.concurrent.ThreadPoolExecutor.runWorker(ThreadPoolExecutor.java:1149)
	at java.util.concurrent.ThreadPoolExecutor$Worker.run(ThreadPoolExecutor.java:624)
	... 1 more
Caused by: org.apache.ratis.thirdparty.io.netty.channel.AbstractChannel$AnnotatedConnectException: Connection refused: /192.168.157.223:42172
	at sun.nio.ch.SocketChannelImpl.checkConnect(Native Method)
	at sun.nio.ch.SocketChannelImpl.finishConnect(SocketChannelImpl.java:717)
	at org.apache.ratis.thirdparty.io.netty.channel.socket.nio.NioSocketChannel.doFinishConnect(NioSocketChannel.java:327)
	at org.apache.ratis.thirdparty.io.netty.channel.nio.AbstractNioChannel$AbstractNioUnsafe.finishConnect(AbstractNioChannel.java:340)
	at org.apache.ratis.thirdparty.io.netty.channel.nio.NioEventLoop.processSelectedKey(NioEventLoop.java:632)
	at org.apache.ratis.thirdparty.io.netty.channel.nio.NioEventLoop.processSelectedKeysOptimized(NioEventLoop.java:579)
	at org.apache.ratis.thirdparty.io.netty.channel.nio.NioEventLoop.processSelectedKeys(NioEventLoop.java:496)
	at org.apache.ratis.thirdparty.io.netty.channel.nio.NioEventLoop.run(NioEventLoop.java:458)
	at org.apache.ratis.thirdparty.io.netty.util.concurrent.SingleThreadEventExecutor$5.run(SingleThreadEventExecutor.java:897)
	at org.apache.ratis.thirdparty.io.netty.util.concurrent.FastThreadLocalRunnable.run(FastThreadLocalRunnable.java:30)
	... 1 more
Caused by: java.net.ConnectException: Connection refused
	... 11 more
2019-10-17 21:55:13,724 [d6dfcdd7-fc6e-4b51-b91e-b64503dadc5e@group-F967393F7C93-LeaderElection247] INFO  impl.LeaderElection (LeaderElection.java:askForVotes(178)) - d6dfcdd7-fc6e-4b51-b91e-b64503dadc5e@group-F967393F7C93-LeaderElection247: begin an election at term 247 for -1: [08d4cbaa-ffed-4411-a5fd-c4a38026aead:192.168.157.223:33910, da15dfee-23f0-4dc4-ad77-c00156c49cfa:192.168.157.223:42172, d6dfcdd7-fc6e-4b51-b91e-b64503dadc5e:192.168.157.223:43575], old=null
2019-10-17 21:55:13,726 [d6dfcdd7-fc6e-4b51-b91e-b64503dadc5e@group-F967393F7C93-LeaderElection247] INFO  impl.LeaderElection (LogUtils.java:infoOrTrace(149)) - d6dfcdd7-fc6e-4b51-b91e-b64503dadc5e@group-F967393F7C93-LeaderElection247 got exception when requesting votes: {}
java.util.concurrent.ExecutionException: org.apache.ratis.thirdparty.io.grpc.StatusRuntimeException: UNAVAILABLE: io exception
	at java.util.concurrent.FutureTask.report(FutureTask.java:122)
	at java.util.concurrent.FutureTask.get(FutureTask.java:192)
	at org.apache.ratis.server.impl.LeaderElection.waitForResults(LeaderElection.java:259)
	at org.apache.ratis.server.impl.LeaderElection.askForVotes(LeaderElection.java:197)
	at org.apache.ratis.server.impl.LeaderElection.run(LeaderElection.java:133)
	at java.lang.Thread.run(Thread.java:748)
Caused by: org.apache.ratis.thirdparty.io.grpc.StatusRuntimeException: UNAVAILABLE: io exception
	at org.apache.ratis.thirdparty.io.grpc.stub.ClientCalls.toStatusRuntimeException(ClientCalls.java:233)
	at org.apache.ratis.thirdparty.io.grpc.stub.ClientCalls.getUnchecked(ClientCalls.java:214)
	at org.apache.ratis.thirdparty.io.grpc.stub.ClientCalls.blockingUnaryCall(ClientCalls.java:139)
	at org.apache.ratis.proto.grpc.RaftServerProtocolServiceGrpc$RaftServerProtocolServiceBlockingStub.requestVote(RaftServerProtocolServiceGrpc.java:265)
	at org.apache.ratis.grpc.server.GrpcServerProtocolClient.requestVote(GrpcServerProtocolClient.java:99)
	at org.apache.ratis.grpc.server.GrpcService.requestVote(GrpcService.java:204)
	at org.apache.ratis.server.impl.LeaderElection.lambda$submitRequests$1(LeaderElection.java:234)
	at java.util.concurrent.FutureTask.run(FutureTask.java:266)
	at java.util.concurrent.Executors$RunnableAdapter.call(Executors.java:511)
	at java.util.concurrent.FutureTask.run(FutureTask.java:266)
	at java.util.concurrent.ThreadPoolExecutor.runWorker(ThreadPoolExecutor.java:1149)
	at java.util.concurrent.ThreadPoolExecutor$Worker.run(ThreadPoolExecutor.java:624)
	... 1 more
Caused by: org.apache.ratis.thirdparty.io.netty.channel.AbstractChannel$AnnotatedConnectException: Connection refused: /192.168.157.223:42172
	at sun.nio.ch.SocketChannelImpl.checkConnect(Native Method)
	at sun.nio.ch.SocketChannelImpl.finishConnect(SocketChannelImpl.java:717)
	at org.apache.ratis.thirdparty.io.netty.channel.socket.nio.NioSocketChannel.doFinishConnect(NioSocketChannel.java:327)
	at org.apache.ratis.thirdparty.io.netty.channel.nio.AbstractNioChannel$AbstractNioUnsafe.finishConnect(AbstractNioChannel.java:340)
	at org.apache.ratis.thirdparty.io.netty.channel.nio.NioEventLoop.processSelectedKey(NioEventLoop.java:632)
	at org.apache.ratis.thirdparty.io.netty.channel.nio.NioEventLoop.processSelectedKeysOptimized(NioEventLoop.java:579)
	at org.apache.ratis.thirdparty.io.netty.channel.nio.NioEventLoop.processSelectedKeys(NioEventLoop.java:496)
	at org.apache.ratis.thirdparty.io.netty.channel.nio.NioEventLoop.run(NioEventLoop.java:458)
	at org.apache.ratis.thirdparty.io.netty.util.concurrent.SingleThreadEventExecutor$5.run(SingleThreadEventExecutor.java:897)
	at org.apache.ratis.thirdparty.io.netty.util.concurrent.FastThreadLocalRunnable.run(FastThreadLocalRunnable.java:30)
	... 1 more
Caused by: java.net.ConnectException: Connection refused
	... 11 more
2019-10-17 21:55:13,728 [grpc-default-executor-1] INFO  impl.RaftServerImpl (RaftServerImpl.java:setRole(184)) - 08d4cbaa-ffed-4411-a5fd-c4a38026aead@group-F967393F7C93: changes role from  FOLLOWER to FOLLOWER at term 247 for recognizeCandidate:d6dfcdd7-fc6e-4b51-b91e-b64503dadc5e
2019-10-17 21:55:13,728 [grpc-default-executor-1] INFO  impl.RoleInfo (RoleInfo.java:shutdownFollowerState(121)) - 08d4cbaa-ffed-4411-a5fd-c4a38026aead: shutdown FollowerState
2019-10-17 21:55:13,729 [grpc-default-executor-1] INFO  impl.RoleInfo (RoleInfo.java:updateAndGet(143)) - 08d4cbaa-ffed-4411-a5fd-c4a38026aead: start FollowerState
2019-10-17 21:55:13,729 [Thread-2139] INFO  impl.FollowerState (FollowerState.java:run(117)) - 08d4cbaa-ffed-4411-a5fd-c4a38026aead@group-F967393F7C93-FollowerState was interrupted: java.lang.InterruptedException: sleep interrupted
2019-10-17 21:55:13,744 [d6dfcdd7-fc6e-4b51-b91e-b64503dadc5e@group-F967393F7C93-LeaderElection247] INFO  impl.LeaderElection (LeaderElection.java:logAndReturn(56)) - d6dfcdd7-fc6e-4b51-b91e-b64503dadc5e@group-F967393F7C93-LeaderElection247: Election REJECTED; received 1 response(s) [d6dfcdd7-fc6e-4b51-b91e-b64503dadc5e<-08d4cbaa-ffed-4411-a5fd-c4a38026aead#0:FAIL-t247] and 1 exception(s); d6dfcdd7-fc6e-4b51-b91e-b64503dadc5e@group-F967393F7C93:t247, leader=null, voted=d6dfcdd7-fc6e-4b51-b91e-b64503dadc5e, raftlog=d6dfcdd7-fc6e-4b51-b91e-b64503dadc5e@group-F967393F7C93-SegmentedRaftLog:OPENED:c-1,f-1,i0, conf=-1: [08d4cbaa-ffed-4411-a5fd-c4a38026aead:192.168.157.223:33910, da15dfee-23f0-4dc4-ad77-c00156c49cfa:192.168.157.223:42172, d6dfcdd7-fc6e-4b51-b91e-b64503dadc5e:192.168.157.223:43575], old=null
2019-10-17 21:55:13,745 [d6dfcdd7-fc6e-4b51-b91e-b64503dadc5e@group-F967393F7C93-LeaderElection247] INFO  impl.LeaderElection (LogUtils.java:infoOrTrace(149)) -   Exception 0: {}
java.util.concurrent.ExecutionException: org.apache.ratis.thirdparty.io.grpc.StatusRuntimeException: UNAVAILABLE: io exception
	at java.util.concurrent.FutureTask.report(FutureTask.java:122)
	at java.util.concurrent.FutureTask.get(FutureTask.java:192)
	at org.apache.ratis.server.impl.LeaderElection.waitForResults(LeaderElection.java:259)
	at org.apache.ratis.server.impl.LeaderElection.askForVotes(LeaderElection.java:197)
	at org.apache.ratis.server.impl.LeaderElection.run(LeaderElection.java:133)
	at java.lang.Thread.run(Thread.java:748)
Caused by: org.apache.ratis.thirdparty.io.grpc.StatusRuntimeException: UNAVAILABLE: io exception
	at org.apache.ratis.thirdparty.io.grpc.stub.ClientCalls.toStatusRuntimeException(ClientCalls.java:233)
	at org.apache.ratis.thirdparty.io.grpc.stub.ClientCalls.getUnchecked(ClientCalls.java:214)
	at org.apache.ratis.thirdparty.io.grpc.stub.ClientCalls.blockingUnaryCall(ClientCalls.java:139)
	at org.apache.ratis.proto.grpc.RaftServerProtocolServiceGrpc$RaftServerProtocolServiceBlockingStub.requestVote(RaftServerProtocolServiceGrpc.java:265)
	at org.apache.ratis.grpc.server.GrpcServerProtocolClient.requestVote(GrpcServerProtocolClient.java:99)
	at org.apache.ratis.grpc.server.GrpcService.requestVote(GrpcService.java:204)
	at org.apache.ratis.server.impl.LeaderElection.lambda$submitRequests$1(LeaderElection.java:234)
	at java.util.concurrent.FutureTask.run(FutureTask.java:266)
	at java.util.concurrent.Executors$RunnableAdapter.call(Executors.java:511)
	at java.util.concurrent.FutureTask.run(FutureTask.java:266)
	at java.util.concurrent.ThreadPoolExecutor.runWorker(ThreadPoolExecutor.java:1149)
	at java.util.concurrent.ThreadPoolExecutor$Worker.run(ThreadPoolExecutor.java:624)
	... 1 more
Caused by: org.apache.ratis.thirdparty.io.netty.channel.AbstractChannel$AnnotatedConnectException: Connection refused: /192.168.157.223:42172
	at sun.nio.ch.SocketChannelImpl.checkConnect(Native Method)
	at sun.nio.ch.SocketChannelImpl.finishConnect(SocketChannelImpl.java:717)
	at org.apache.ratis.thirdparty.io.netty.channel.socket.nio.NioSocketChannel.doFinishConnect(NioSocketChannel.java:327)
	at org.apache.ratis.thirdparty.io.netty.channel.nio.AbstractNioChannel$AbstractNioUnsafe.finishConnect(AbstractNioChannel.java:340)
	at org.apache.ratis.thirdparty.io.netty.channel.nio.NioEventLoop.processSelectedKey(NioEventLoop.java:632)
	at org.apache.ratis.thirdparty.io.netty.channel.nio.NioEventLoop.processSelectedKeysOptimized(NioEventLoop.java:579)
	at org.apache.ratis.thirdparty.io.netty.channel.nio.NioEventLoop.processSelectedKeys(NioEventLoop.java:496)
	at org.apache.ratis.thirdparty.io.netty.channel.nio.NioEventLoop.run(NioEventLoop.java:458)
	at org.apache.ratis.thirdparty.io.netty.util.concurrent.SingleThreadEventExecutor$5.run(SingleThreadEventExecutor.java:897)
	at org.apache.ratis.thirdparty.io.netty.util.concurrent.FastThreadLocalRunnable.run(FastThreadLocalRunnable.java:30)
	... 1 more
Caused by: java.net.ConnectException: Connection refused
	... 11 more
2019-10-17 21:55:13,745 [d6dfcdd7-fc6e-4b51-b91e-b64503dadc5e@group-F967393F7C93-LeaderElection247] INFO  impl.RaftServerImpl (RaftServerImpl.java:setRole(184)) - d6dfcdd7-fc6e-4b51-b91e-b64503dadc5e@group-F967393F7C93: changes role from CANDIDATE to FOLLOWER at term 247 for DISCOVERED_A_NEW_TERM
2019-10-17 21:55:13,745 [d6dfcdd7-fc6e-4b51-b91e-b64503dadc5e@group-F967393F7C93-LeaderElection247] INFO  impl.RoleInfo (RoleInfo.java:shutdownLeaderElection(134)) - d6dfcdd7-fc6e-4b51-b91e-b64503dadc5e: shutdown LeaderElection
2019-10-17 21:55:13,746 [d6dfcdd7-fc6e-4b51-b91e-b64503dadc5e@group-F967393F7C93-LeaderElection247] INFO  impl.RoleInfo (RoleInfo.java:updateAndGet(143)) - d6dfcdd7-fc6e-4b51-b91e-b64503dadc5e: start FollowerState
2019-10-17 21:55:13,778 [java.util.concurrent.ThreadPoolExecutor$Worker@71aa17a1[State = -1, empty queue]] WARN  server.GrpcLogAppender (GrpcLogAppender.java:timeoutAppendRequest(209)) - de567563-d0dd-4cf2-91b7-f72627909699@group-3097D7458558->db0af43e-c62e-4c1d-affa-ffdb4faae2f8-GrpcLogAppender: appendEntries Timeout, request=de567563-d0dd-4cf2-91b7-f72627909699->db0af43e-c62e-4c1d-affa-ffdb4faae2f8#57-t10, previous=(t:10, i:4), leaderCommit=4, initializing? false, entries: <empty>
2019-10-17 21:55:13,870 [Thread-2143] INFO  impl.FollowerState (FollowerState.java:run(108)) - d6dfcdd7-fc6e-4b51-b91e-b64503dadc5e@group-F967393F7C93-FollowerState: change to CANDIDATE, lastRpcTime:124ms, electionTimeout:124ms
2019-10-17 21:55:13,870 [Thread-2143] INFO  impl.RoleInfo (RoleInfo.java:shutdownFollowerState(121)) - d6dfcdd7-fc6e-4b51-b91e-b64503dadc5e: shutdown FollowerState
2019-10-17 21:55:13,870 [Thread-2143] INFO  impl.RaftServerImpl (RaftServerImpl.java:setRole(184)) - d6dfcdd7-fc6e-4b51-b91e-b64503dadc5e@group-F967393F7C93: changes role from  FOLLOWER to CANDIDATE at term 247 for changeToCandidate
2019-10-17 21:55:13,870 [Thread-2143] INFO  impl.RoleInfo (RoleInfo.java:updateAndGet(143)) - d6dfcdd7-fc6e-4b51-b91e-b64503dadc5e: start LeaderElection
2019-10-17 21:55:13,884 [d6dfcdd7-fc6e-4b51-b91e-b64503dadc5e@group-F967393F7C93-LeaderElection248] INFO  impl.LeaderElection (LeaderElection.java:askForVotes(178)) - d6dfcdd7-fc6e-4b51-b91e-b64503dadc5e@group-F967393F7C93-LeaderElection248: begin an election at term 248 for -1: [08d4cbaa-ffed-4411-a5fd-c4a38026aead:192.168.157.223:33910, da15dfee-23f0-4dc4-ad77-c00156c49cfa:192.168.157.223:42172, d6dfcdd7-fc6e-4b51-b91e-b64503dadc5e:192.168.157.223:43575], old=null
2019-10-17 21:55:13,885 [d6dfcdd7-fc6e-4b51-b91e-b64503dadc5e@group-F967393F7C93-LeaderElection248] INFO  impl.LeaderElection (LogUtils.java:infoOrTrace(149)) - d6dfcdd7-fc6e-4b51-b91e-b64503dadc5e@group-F967393F7C93-LeaderElection248 got exception when requesting votes: {}
java.util.concurrent.ExecutionException: org.apache.ratis.thirdparty.io.grpc.StatusRuntimeException: UNAVAILABLE: io exception
	at java.util.concurrent.FutureTask.report(FutureTask.java:122)
	at java.util.concurrent.FutureTask.get(FutureTask.java:192)
	at org.apache.ratis.server.impl.LeaderElection.waitForResults(LeaderElection.java:259)
	at org.apache.ratis.server.impl.LeaderElection.askForVotes(LeaderElection.java:197)
	at org.apache.ratis.server.impl.LeaderElection.run(LeaderElection.java:133)
	at java.lang.Thread.run(Thread.java:748)
Caused by: org.apache.ratis.thirdparty.io.grpc.StatusRuntimeException: UNAVAILABLE: io exception
	at org.apache.ratis.thirdparty.io.grpc.stub.ClientCalls.toStatusRuntimeException(ClientCalls.java:233)
	at org.apache.ratis.thirdparty.io.grpc.stub.ClientCalls.getUnchecked(ClientCalls.java:214)
	at org.apache.ratis.thirdparty.io.grpc.stub.ClientCalls.blockingUnaryCall(ClientCalls.java:139)
	at org.apache.ratis.proto.grpc.RaftServerProtocolServiceGrpc$RaftServerProtocolServiceBlockingStub.requestVote(RaftServerProtocolServiceGrpc.java:265)
	at org.apache.ratis.grpc.server.GrpcServerProtocolClient.requestVote(GrpcServerProtocolClient.java:99)
	at org.apache.ratis.grpc.server.GrpcService.requestVote(GrpcService.java:204)
	at org.apache.ratis.server.impl.LeaderElection.lambda$submitRequests$1(LeaderElection.java:234)
	at java.util.concurrent.FutureTask.run(FutureTask.java:266)
	at java.util.concurrent.Executors$RunnableAdapter.call(Executors.java:511)
	at java.util.concurrent.FutureTask.run(FutureTask.java:266)
	at java.util.concurrent.ThreadPoolExecutor.runWorker(ThreadPoolExecutor.java:1149)
	at java.util.concurrent.ThreadPoolExecutor$Worker.run(ThreadPoolExecutor.java:624)
	... 1 more
Caused by: org.apache.ratis.thirdparty.io.netty.channel.AbstractChannel$AnnotatedConnectException: Connection refused: /192.168.157.223:42172
	at sun.nio.ch.SocketChannelImpl.checkConnect(Native Method)
	at sun.nio.ch.SocketChannelImpl.finishConnect(SocketChannelImpl.java:717)
	at org.apache.ratis.thirdparty.io.netty.channel.socket.nio.NioSocketChannel.doFinishConnect(NioSocketChannel.java:327)
	at org.apache.ratis.thirdparty.io.netty.channel.nio.AbstractNioChannel$AbstractNioUnsafe.finishConnect(AbstractNioChannel.java:340)
	at org.apache.ratis.thirdparty.io.netty.channel.nio.NioEventLoop.processSelectedKey(NioEventLoop.java:632)
	at org.apache.ratis.thirdparty.io.netty.channel.nio.NioEventLoop.processSelectedKeysOptimized(NioEventLoop.java:579)
	at org.apache.ratis.thirdparty.io.netty.channel.nio.NioEventLoop.processSelectedKeys(NioEventLoop.java:496)
	at org.apache.ratis.thirdparty.io.netty.channel.nio.NioEventLoop.run(NioEventLoop.java:458)
	at org.apache.ratis.thirdparty.io.netty.util.concurrent.SingleThreadEventExecutor$5.run(SingleThreadEventExecutor.java:897)
	at org.apache.ratis.thirdparty.io.netty.util.concurrent.FastThreadLocalRunnable.run(FastThreadLocalRunnable.java:30)
	... 1 more
Caused by: java.net.ConnectException: Connection refused
	... 11 more
2019-10-17 21:55:13,886 [grpc-default-executor-1] INFO  impl.RaftServerImpl (RaftServerImpl.java:setRole(184)) - 08d4cbaa-ffed-4411-a5fd-c4a38026aead@group-F967393F7C93: changes role from  FOLLOWER to FOLLOWER at term 248 for recognizeCandidate:d6dfcdd7-fc6e-4b51-b91e-b64503dadc5e
2019-10-17 21:55:13,886 [grpc-default-executor-1] INFO  impl.RoleInfo (RoleInfo.java:shutdownFollowerState(121)) - 08d4cbaa-ffed-4411-a5fd-c4a38026aead: shutdown FollowerState
2019-10-17 21:55:13,886 [grpc-default-executor-1] INFO  impl.RoleInfo (RoleInfo.java:updateAndGet(143)) - 08d4cbaa-ffed-4411-a5fd-c4a38026aead: start FollowerState
2019-10-17 21:55:13,886 [Thread-2142] INFO  impl.FollowerState (FollowerState.java:run(117)) - 08d4cbaa-ffed-4411-a5fd-c4a38026aead@group-F967393F7C93-FollowerState was interrupted: java.lang.InterruptedException: sleep interrupted
2019-10-17 21:55:13,916 [d6dfcdd7-fc6e-4b51-b91e-b64503dadc5e@group-F967393F7C93-LeaderElection248] INFO  impl.LeaderElection (LeaderElection.java:logAndReturn(56)) - d6dfcdd7-fc6e-4b51-b91e-b64503dadc5e@group-F967393F7C93-LeaderElection248: Election REJECTED; received 1 response(s) [d6dfcdd7-fc6e-4b51-b91e-b64503dadc5e<-08d4cbaa-ffed-4411-a5fd-c4a38026aead#0:FAIL-t248] and 1 exception(s); d6dfcdd7-fc6e-4b51-b91e-b64503dadc5e@group-F967393F7C93:t248, leader=null, voted=d6dfcdd7-fc6e-4b51-b91e-b64503dadc5e, raftlog=d6dfcdd7-fc6e-4b51-b91e-b64503dadc5e@group-F967393F7C93-SegmentedRaftLog:OPENED:c-1,f-1,i0, conf=-1: [08d4cbaa-ffed-4411-a5fd-c4a38026aead:192.168.157.223:33910, da15dfee-23f0-4dc4-ad77-c00156c49cfa:192.168.157.223:42172, d6dfcdd7-fc6e-4b51-b91e-b64503dadc5e:192.168.157.223:43575], old=null
2019-10-17 21:55:13,916 [d6dfcdd7-fc6e-4b51-b91e-b64503dadc5e@group-F967393F7C93-LeaderElection248] INFO  impl.LeaderElection (LogUtils.java:infoOrTrace(149)) -   Exception 0: {}
java.util.concurrent.ExecutionException: org.apache.ratis.thirdparty.io.grpc.StatusRuntimeException: UNAVAILABLE: io exception
	at java.util.concurrent.FutureTask.report(FutureTask.java:122)
	at java.util.concurrent.FutureTask.get(FutureTask.java:192)
	at org.apache.ratis.server.impl.LeaderElection.waitForResults(LeaderElection.java:259)
	at org.apache.ratis.server.impl.LeaderElection.askForVotes(LeaderElection.java:197)
	at org.apache.ratis.server.impl.LeaderElection.run(LeaderElection.java:133)
	at java.lang.Thread.run(Thread.java:748)
Caused by: org.apache.ratis.thirdparty.io.grpc.StatusRuntimeException: UNAVAILABLE: io exception
	at org.apache.ratis.thirdparty.io.grpc.stub.ClientCalls.toStatusRuntimeException(ClientCalls.java:233)
	at org.apache.ratis.thirdparty.io.grpc.stub.ClientCalls.getUnchecked(ClientCalls.java:214)
	at org.apache.ratis.thirdparty.io.grpc.stub.ClientCalls.blockingUnaryCall(ClientCalls.java:139)
	at org.apache.ratis.proto.grpc.RaftServerProtocolServiceGrpc$RaftServerProtocolServiceBlockingStub.requestVote(RaftServerProtocolServiceGrpc.java:265)
	at org.apache.ratis.grpc.server.GrpcServerProtocolClient.requestVote(GrpcServerProtocolClient.java:99)
	at org.apache.ratis.grpc.server.GrpcService.requestVote(GrpcService.java:204)
	at org.apache.ratis.server.impl.LeaderElection.lambda$submitRequests$1(LeaderElection.java:234)
	at java.util.concurrent.FutureTask.run(FutureTask.java:266)
	at java.util.concurrent.Executors$RunnableAdapter.call(Executors.java:511)
	at java.util.concurrent.FutureTask.run(FutureTask.java:266)
	at java.util.concurrent.ThreadPoolExecutor.runWorker(ThreadPoolExecutor.java:1149)
	at java.util.concurrent.ThreadPoolExecutor$Worker.run(ThreadPoolExecutor.java:624)
	... 1 more
Caused by: org.apache.ratis.thirdparty.io.netty.channel.AbstractChannel$AnnotatedConnectException: Connection refused: /192.168.157.223:42172
	at sun.nio.ch.SocketChannelImpl.checkConnect(Native Method)
	at sun.nio.ch.SocketChannelImpl.finishConnect(SocketChannelImpl.java:717)
	at org.apache.ratis.thirdparty.io.netty.channel.socket.nio.NioSocketChannel.doFinishConnect(NioSocketChannel.java:327)
	at org.apache.ratis.thirdparty.io.netty.channel.nio.AbstractNioChannel$AbstractNioUnsafe.finishConnect(AbstractNioChannel.java:340)
	at org.apache.ratis.thirdparty.io.netty.channel.nio.NioEventLoop.processSelectedKey(NioEventLoop.java:632)
	at org.apache.ratis.thirdparty.io.netty.channel.nio.NioEventLoop.processSelectedKeysOptimized(NioEventLoop.java:579)
	at org.apache.ratis.thirdparty.io.netty.channel.nio.NioEventLoop.processSelectedKeys(NioEventLoop.java:496)
	at org.apache.ratis.thirdparty.io.netty.channel.nio.NioEventLoop.run(NioEventLoop.java:458)
	at org.apache.ratis.thirdparty.io.netty.util.concurrent.SingleThreadEventExecutor$5.run(SingleThreadEventExecutor.java:897)
	at org.apache.ratis.thirdparty.io.netty.util.concurrent.FastThreadLocalRunnable.run(FastThreadLocalRunnable.java:30)
	... 1 more
Caused by: java.net.ConnectException: Connection refused
	... 11 more
2019-10-17 21:55:13,917 [d6dfcdd7-fc6e-4b51-b91e-b64503dadc5e@group-F967393F7C93-LeaderElection248] INFO  impl.RaftServerImpl (RaftServerImpl.java:setRole(184)) - d6dfcdd7-fc6e-4b51-b91e-b64503dadc5e@group-F967393F7C93: changes role from CANDIDATE to FOLLOWER at term 248 for DISCOVERED_A_NEW_TERM
2019-10-17 21:55:13,917 [d6dfcdd7-fc6e-4b51-b91e-b64503dadc5e@group-F967393F7C93-LeaderElection248] INFO  impl.RoleInfo (RoleInfo.java:shutdownLeaderElection(134)) - d6dfcdd7-fc6e-4b51-b91e-b64503dadc5e: shutdown LeaderElection
2019-10-17 21:55:13,917 [d6dfcdd7-fc6e-4b51-b91e-b64503dadc5e@group-F967393F7C93-LeaderElection248] INFO  impl.RoleInfo (RoleInfo.java:updateAndGet(143)) - d6dfcdd7-fc6e-4b51-b91e-b64503dadc5e: start FollowerState
2019-10-17 21:55:13,925 [Thread-2149] INFO  impl.FollowerState (FollowerState.java:run(108)) - d6dfcdd7-fc6e-4b51-b91e-b64503dadc5e@group-F967393F7C93-FollowerState: change to CANDIDATE, lastRpcTime:8ms, electionTimeout:8ms
2019-10-17 21:55:13,926 [Thread-2149] INFO  impl.RoleInfo (RoleInfo.java:shutdownFollowerState(121)) - d6dfcdd7-fc6e-4b51-b91e-b64503dadc5e: shutdown FollowerState
2019-10-17 21:55:13,926 [Thread-2149] INFO  impl.RaftServerImpl (RaftServerImpl.java:setRole(184)) - d6dfcdd7-fc6e-4b51-b91e-b64503dadc5e@group-F967393F7C93: changes role from  FOLLOWER to CANDIDATE at term 248 for changeToCandidate
2019-10-17 21:55:13,926 [Thread-2149] INFO  impl.RoleInfo (RoleInfo.java:updateAndGet(143)) - d6dfcdd7-fc6e-4b51-b91e-b64503dadc5e: start LeaderElection
2019-10-17 21:55:13,945 [d6dfcdd7-fc6e-4b51-b91e-b64503dadc5e@group-F967393F7C93-LeaderElection249] INFO  impl.LeaderElection (LeaderElection.java:askForVotes(178)) - d6dfcdd7-fc6e-4b51-b91e-b64503dadc5e@group-F967393F7C93-LeaderElection249: begin an election at term 249 for -1: [08d4cbaa-ffed-4411-a5fd-c4a38026aead:192.168.157.223:33910, da15dfee-23f0-4dc4-ad77-c00156c49cfa:192.168.157.223:42172, d6dfcdd7-fc6e-4b51-b91e-b64503dadc5e:192.168.157.223:43575], old=null
2019-10-17 21:55:13,946 [d6dfcdd7-fc6e-4b51-b91e-b64503dadc5e@group-F967393F7C93-LeaderElection249] INFO  impl.LeaderElection (LogUtils.java:infoOrTrace(149)) - d6dfcdd7-fc6e-4b51-b91e-b64503dadc5e@group-F967393F7C93-LeaderElection249 got exception when requesting votes: {}
java.util.concurrent.ExecutionException: org.apache.ratis.thirdparty.io.grpc.StatusRuntimeException: UNAVAILABLE: io exception
	at java.util.concurrent.FutureTask.report(FutureTask.java:122)
	at java.util.concurrent.FutureTask.get(FutureTask.java:192)
	at org.apache.ratis.server.impl.LeaderElection.waitForResults(LeaderElection.java:259)
	at org.apache.ratis.server.impl.LeaderElection.askForVotes(LeaderElection.java:197)
	at org.apache.ratis.server.impl.LeaderElection.run(LeaderElection.java:133)
	at java.lang.Thread.run(Thread.java:748)
Caused by: org.apache.ratis.thirdparty.io.grpc.StatusRuntimeException: UNAVAILABLE: io exception
	at org.apache.ratis.thirdparty.io.grpc.stub.ClientCalls.toStatusRuntimeException(ClientCalls.java:233)
	at org.apache.ratis.thirdparty.io.grpc.stub.ClientCalls.getUnchecked(ClientCalls.java:214)
	at org.apache.ratis.thirdparty.io.grpc.stub.ClientCalls.blockingUnaryCall(ClientCalls.java:139)
	at org.apache.ratis.proto.grpc.RaftServerProtocolServiceGrpc$RaftServerProtocolServiceBlockingStub.requestVote(RaftServerProtocolServiceGrpc.java:265)
	at org.apache.ratis.grpc.server.GrpcServerProtocolClient.requestVote(GrpcServerProtocolClient.java:99)
	at org.apache.ratis.grpc.server.GrpcService.requestVote(GrpcService.java:204)
	at org.apache.ratis.server.impl.LeaderElection.lambda$submitRequests$1(LeaderElection.java:234)
	at java.util.concurrent.FutureTask.run(FutureTask.java:266)
	at java.util.concurrent.Executors$RunnableAdapter.call(Executors.java:511)
	at java.util.concurrent.FutureTask.run(FutureTask.java:266)
	at java.util.concurrent.ThreadPoolExecutor.runWorker(ThreadPoolExecutor.java:1149)
	at java.util.concurrent.ThreadPoolExecutor$Worker.run(ThreadPoolExecutor.java:624)
	... 1 more
Caused by: org.apache.ratis.thirdparty.io.netty.channel.AbstractChannel$AnnotatedConnectException: Connection refused: /192.168.157.223:42172
	at sun.nio.ch.SocketChannelImpl.checkConnect(Native Method)
	at sun.nio.ch.SocketChannelImpl.finishConnect(SocketChannelImpl.java:717)
	at org.apache.ratis.thirdparty.io.netty.channel.socket.nio.NioSocketChannel.doFinishConnect(NioSocketChannel.java:327)
	at org.apache.ratis.thirdparty.io.netty.channel.nio.AbstractNioChannel$AbstractNioUnsafe.finishConnect(AbstractNioChannel.java:340)
	at org.apache.ratis.thirdparty.io.netty.channel.nio.NioEventLoop.processSelectedKey(NioEventLoop.java:632)
	at org.apache.ratis.thirdparty.io.netty.channel.nio.NioEventLoop.processSelectedKeysOptimized(NioEventLoop.java:579)
	at org.apache.ratis.thirdparty.io.netty.channel.nio.NioEventLoop.processSelectedKeys(NioEventLoop.java:496)
	at org.apache.ratis.thirdparty.io.netty.channel.nio.NioEventLoop.run(NioEventLoop.java:458)
	at org.apache.ratis.thirdparty.io.netty.util.concurrent.SingleThreadEventExecutor$5.run(SingleThreadEventExecutor.java:897)
	at org.apache.ratis.thirdparty.io.netty.util.concurrent.FastThreadLocalRunnable.run(FastThreadLocalRunnable.java:30)
	... 1 more
Caused by: java.net.ConnectException: Connection refused
	... 11 more
2019-10-17 21:55:13,947 [grpc-default-executor-1] INFO  impl.RaftServerImpl (RaftServerImpl.java:setRole(184)) - 08d4cbaa-ffed-4411-a5fd-c4a38026aead@group-F967393F7C93: changes role from  FOLLOWER to FOLLOWER at term 249 for recognizeCandidate:d6dfcdd7-fc6e-4b51-b91e-b64503dadc5e
2019-10-17 21:55:13,947 [grpc-default-executor-1] INFO  impl.RoleInfo (RoleInfo.java:shutdownFollowerState(121)) - 08d4cbaa-ffed-4411-a5fd-c4a38026aead: shutdown FollowerState
2019-10-17 21:55:13,947 [grpc-default-executor-1] INFO  impl.RoleInfo (RoleInfo.java:updateAndGet(143)) - 08d4cbaa-ffed-4411-a5fd-c4a38026aead: start FollowerState
2019-10-17 21:55:13,947 [Thread-2148] INFO  impl.FollowerState (FollowerState.java:run(117)) - 08d4cbaa-ffed-4411-a5fd-c4a38026aead@group-F967393F7C93-FollowerState was interrupted: java.lang.InterruptedException: sleep interrupted
2019-10-17 21:55:13,961 [d6dfcdd7-fc6e-4b51-b91e-b64503dadc5e@group-F967393F7C93-LeaderElection249] INFO  impl.LeaderElection (LeaderElection.java:logAndReturn(56)) - d6dfcdd7-fc6e-4b51-b91e-b64503dadc5e@group-F967393F7C93-LeaderElection249: Election REJECTED; received 1 response(s) [d6dfcdd7-fc6e-4b51-b91e-b64503dadc5e<-08d4cbaa-ffed-4411-a5fd-c4a38026aead#0:FAIL-t249] and 1 exception(s); d6dfcdd7-fc6e-4b51-b91e-b64503dadc5e@group-F967393F7C93:t249, leader=null, voted=d6dfcdd7-fc6e-4b51-b91e-b64503dadc5e, raftlog=d6dfcdd7-fc6e-4b51-b91e-b64503dadc5e@group-F967393F7C93-SegmentedRaftLog:OPENED:c-1,f-1,i0, conf=-1: [08d4cbaa-ffed-4411-a5fd-c4a38026aead:192.168.157.223:33910, da15dfee-23f0-4dc4-ad77-c00156c49cfa:192.168.157.223:42172, d6dfcdd7-fc6e-4b51-b91e-b64503dadc5e:192.168.157.223:43575], old=null
2019-10-17 21:55:13,961 [d6dfcdd7-fc6e-4b51-b91e-b64503dadc5e@group-F967393F7C93-LeaderElection249] INFO  impl.LeaderElection (LogUtils.java:infoOrTrace(149)) -   Exception 0: {}
java.util.concurrent.ExecutionException: org.apache.ratis.thirdparty.io.grpc.StatusRuntimeException: UNAVAILABLE: io exception
	at java.util.concurrent.FutureTask.report(FutureTask.java:122)
	at java.util.concurrent.FutureTask.get(FutureTask.java:192)
	at org.apache.ratis.server.impl.LeaderElection.waitForResults(LeaderElection.java:259)
	at org.apache.ratis.server.impl.LeaderElection.askForVotes(LeaderElection.java:197)
	at org.apache.ratis.server.impl.LeaderElection.run(LeaderElection.java:133)
	at java.lang.Thread.run(Thread.java:748)
Caused by: org.apache.ratis.thirdparty.io.grpc.StatusRuntimeException: UNAVAILABLE: io exception
	at org.apache.ratis.thirdparty.io.grpc.stub.ClientCalls.toStatusRuntimeException(ClientCalls.java:233)
	at org.apache.ratis.thirdparty.io.grpc.stub.ClientCalls.getUnchecked(ClientCalls.java:214)
	at org.apache.ratis.thirdparty.io.grpc.stub.ClientCalls.blockingUnaryCall(ClientCalls.java:139)
	at org.apache.ratis.proto.grpc.RaftServerProtocolServiceGrpc$RaftServerProtocolServiceBlockingStub.requestVote(RaftServerProtocolServiceGrpc.java:265)
	at org.apache.ratis.grpc.server.GrpcServerProtocolClient.requestVote(GrpcServerProtocolClient.java:99)
	at org.apache.ratis.grpc.server.GrpcService.requestVote(GrpcService.java:204)
	at org.apache.ratis.server.impl.LeaderElection.lambda$submitRequests$1(LeaderElection.java:234)
	at java.util.concurrent.FutureTask.run(FutureTask.java:266)
	at java.util.concurrent.Executors$RunnableAdapter.call(Executors.java:511)
	at java.util.concurrent.FutureTask.run(FutureTask.java:266)
	at java.util.concurrent.ThreadPoolExecutor.runWorker(ThreadPoolExecutor.java:1149)
	at java.util.concurrent.ThreadPoolExecutor$Worker.run(ThreadPoolExecutor.java:624)
	... 1 more
Caused by: org.apache.ratis.thirdparty.io.netty.channel.AbstractChannel$AnnotatedConnectException: Connection refused: /192.168.157.223:42172
	at sun.nio.ch.SocketChannelImpl.checkConnect(Native Method)
	at sun.nio.ch.SocketChannelImpl.finishConnect(SocketChannelImpl.java:717)
	at org.apache.ratis.thirdparty.io.netty.channel.socket.nio.NioSocketChannel.doFinishConnect(NioSocketChannel.java:327)
	at org.apache.ratis.thirdparty.io.netty.channel.nio.AbstractNioChannel$AbstractNioUnsafe.finishConnect(AbstractNioChannel.java:340)
	at org.apache.ratis.thirdparty.io.netty.channel.nio.NioEventLoop.processSelectedKey(NioEventLoop.java:632)
	at org.apache.ratis.thirdparty.io.netty.channel.nio.NioEventLoop.processSelectedKeysOptimized(NioEventLoop.java:579)
	at org.apache.ratis.thirdparty.io.netty.channel.nio.NioEventLoop.processSelectedKeys(NioEventLoop.java:496)
	at org.apache.ratis.thirdparty.io.netty.channel.nio.NioEventLoop.run(NioEventLoop.java:458)
	at org.apache.ratis.thirdparty.io.netty.util.concurrent.SingleThreadEventExecutor$5.run(SingleThreadEventExecutor.java:897)
	at org.apache.ratis.thirdparty.io.netty.util.concurrent.FastThreadLocalRunnable.run(FastThreadLocalRunnable.java:30)
	... 1 more
Caused by: java.net.ConnectException: Connection refused
	... 11 more
2019-10-17 21:55:13,962 [d6dfcdd7-fc6e-4b51-b91e-b64503dadc5e@group-F967393F7C93-LeaderElection249] INFO  impl.RaftServerImpl (RaftServerImpl.java:setRole(184)) - d6dfcdd7-fc6e-4b51-b91e-b64503dadc5e@group-F967393F7C93: changes role from CANDIDATE to FOLLOWER at term 249 for DISCOVERED_A_NEW_TERM
2019-10-17 21:55:13,962 [d6dfcdd7-fc6e-4b51-b91e-b64503dadc5e@group-F967393F7C93-LeaderElection249] INFO  impl.RoleInfo (RoleInfo.java:shutdownLeaderElection(134)) - d6dfcdd7-fc6e-4b51-b91e-b64503dadc5e: shutdown LeaderElection
2019-10-17 21:55:13,962 [d6dfcdd7-fc6e-4b51-b91e-b64503dadc5e@group-F967393F7C93-LeaderElection249] INFO  impl.RoleInfo (RoleInfo.java:updateAndGet(143)) - d6dfcdd7-fc6e-4b51-b91e-b64503dadc5e: start FollowerState
2019-10-17 21:55:14,063 [Thread-2154] INFO  impl.FollowerState (FollowerState.java:run(108)) - d6dfcdd7-fc6e-4b51-b91e-b64503dadc5e@group-F967393F7C93-FollowerState: change to CANDIDATE, lastRpcTime:101ms, electionTimeout:101ms
2019-10-17 21:55:14,064 [Thread-2154] INFO  impl.RoleInfo (RoleInfo.java:shutdownFollowerState(121)) - d6dfcdd7-fc6e-4b51-b91e-b64503dadc5e: shutdown FollowerState
2019-10-17 21:55:14,064 [Thread-2154] INFO  impl.RaftServerImpl (RaftServerImpl.java:setRole(184)) - d6dfcdd7-fc6e-4b51-b91e-b64503dadc5e@group-F967393F7C93: changes role from  FOLLOWER to CANDIDATE at term 249 for changeToCandidate
2019-10-17 21:55:14,064 [Thread-2154] INFO  impl.RoleInfo (RoleInfo.java:updateAndGet(143)) - d6dfcdd7-fc6e-4b51-b91e-b64503dadc5e: start LeaderElection
2019-10-17 21:55:14,077 [d6dfcdd7-fc6e-4b51-b91e-b64503dadc5e@group-F967393F7C93-LeaderElection250] INFO  impl.LeaderElection (LeaderElection.java:askForVotes(178)) - d6dfcdd7-fc6e-4b51-b91e-b64503dadc5e@group-F967393F7C93-LeaderElection250: begin an election at term 250 for -1: [08d4cbaa-ffed-4411-a5fd-c4a38026aead:192.168.157.223:33910, da15dfee-23f0-4dc4-ad77-c00156c49cfa:192.168.157.223:42172, d6dfcdd7-fc6e-4b51-b91e-b64503dadc5e:192.168.157.223:43575], old=null
2019-10-17 21:55:14,078 [d6dfcdd7-fc6e-4b51-b91e-b64503dadc5e@group-F967393F7C93-LeaderElection250] INFO  impl.LeaderElection (LogUtils.java:infoOrTrace(149)) - d6dfcdd7-fc6e-4b51-b91e-b64503dadc5e@group-F967393F7C93-LeaderElection250 got exception when requesting votes: {}
java.util.concurrent.ExecutionException: org.apache.ratis.thirdparty.io.grpc.StatusRuntimeException: UNAVAILABLE: io exception
	at java.util.concurrent.FutureTask.report(FutureTask.java:122)
	at java.util.concurrent.FutureTask.get(FutureTask.java:192)
	at org.apache.ratis.server.impl.LeaderElection.waitForResults(LeaderElection.java:259)
	at org.apache.ratis.server.impl.LeaderElection.askForVotes(LeaderElection.java:197)
	at org.apache.ratis.server.impl.LeaderElection.run(LeaderElection.java:133)
	at java.lang.Thread.run(Thread.java:748)
Caused by: org.apache.ratis.thirdparty.io.grpc.StatusRuntimeException: UNAVAILABLE: io exception
	at org.apache.ratis.thirdparty.io.grpc.stub.ClientCalls.toStatusRuntimeException(ClientCalls.java:233)
	at org.apache.ratis.thirdparty.io.grpc.stub.ClientCalls.getUnchecked(ClientCalls.java:214)
	at org.apache.ratis.thirdparty.io.grpc.stub.ClientCalls.blockingUnaryCall(ClientCalls.java:139)
	at org.apache.ratis.proto.grpc.RaftServerProtocolServiceGrpc$RaftServerProtocolServiceBlockingStub.requestVote(RaftServerProtocolServiceGrpc.java:265)
	at org.apache.ratis.grpc.server.GrpcServerProtocolClient.requestVote(GrpcServerProtocolClient.java:99)
	at org.apache.ratis.grpc.server.GrpcService.requestVote(GrpcService.java:204)
	at org.apache.ratis.server.impl.LeaderElection.lambda$submitRequests$1(LeaderElection.java:234)
	at java.util.concurrent.FutureTask.run(FutureTask.java:266)
	at java.util.concurrent.Executors$RunnableAdapter.call(Executors.java:511)
	at java.util.concurrent.FutureTask.run(FutureTask.java:266)
	at java.util.concurrent.ThreadPoolExecutor.runWorker(ThreadPoolExecutor.java:1149)
	at java.util.concurrent.ThreadPoolExecutor$Worker.run(ThreadPoolExecutor.java:624)
	... 1 more
Caused by: org.apache.ratis.thirdparty.io.netty.channel.AbstractChannel$AnnotatedConnectException: Connection refused: /192.168.157.223:42172
	at sun.nio.ch.SocketChannelImpl.checkConnect(Native Method)
	at sun.nio.ch.SocketChannelImpl.finishConnect(SocketChannelImpl.java:717)
	at org.apache.ratis.thirdparty.io.netty.channel.socket.nio.NioSocketChannel.doFinishConnect(NioSocketChannel.java:327)
	at org.apache.ratis.thirdparty.io.netty.channel.nio.AbstractNioChannel$AbstractNioUnsafe.finishConnect(AbstractNioChannel.java:340)
	at org.apache.ratis.thirdparty.io.netty.channel.nio.NioEventLoop.processSelectedKey(NioEventLoop.java:632)
	at org.apache.ratis.thirdparty.io.netty.channel.nio.NioEventLoop.processSelectedKeysOptimized(NioEventLoop.java:579)
	at org.apache.ratis.thirdparty.io.netty.channel.nio.NioEventLoop.processSelectedKeys(NioEventLoop.java:496)
	at org.apache.ratis.thirdparty.io.netty.channel.nio.NioEventLoop.run(NioEventLoop.java:458)
	at org.apache.ratis.thirdparty.io.netty.util.concurrent.SingleThreadEventExecutor$5.run(SingleThreadEventExecutor.java:897)
	at org.apache.ratis.thirdparty.io.netty.util.concurrent.FastThreadLocalRunnable.run(FastThreadLocalRunnable.java:30)
	... 1 more
Caused by: java.net.ConnectException: Connection refused
	... 11 more
2019-10-17 21:55:14,080 [grpc-default-executor-1] INFO  impl.RaftServerImpl (RaftServerImpl.java:setRole(184)) - 08d4cbaa-ffed-4411-a5fd-c4a38026aead@group-F967393F7C93: changes role from  FOLLOWER to FOLLOWER at term 250 for recognizeCandidate:d6dfcdd7-fc6e-4b51-b91e-b64503dadc5e
2019-10-17 21:55:14,080 [grpc-default-executor-1] INFO  impl.RoleInfo (RoleInfo.java:shutdownFollowerState(121)) - 08d4cbaa-ffed-4411-a5fd-c4a38026aead: shutdown FollowerState
2019-10-17 21:55:14,080 [grpc-default-executor-1] INFO  impl.RoleInfo (RoleInfo.java:updateAndGet(143)) - 08d4cbaa-ffed-4411-a5fd-c4a38026aead: start FollowerState
2019-10-17 21:55:14,080 [Thread-2153] INFO  impl.FollowerState (FollowerState.java:run(117)) - 08d4cbaa-ffed-4411-a5fd-c4a38026aead@group-F967393F7C93-FollowerState was interrupted: java.lang.InterruptedException: sleep interrupted
2019-10-17 21:55:14,093 [d6dfcdd7-fc6e-4b51-b91e-b64503dadc5e@group-F967393F7C93-LeaderElection250] INFO  impl.LeaderElection (LeaderElection.java:logAndReturn(56)) - d6dfcdd7-fc6e-4b51-b91e-b64503dadc5e@group-F967393F7C93-LeaderElection250: Election REJECTED; received 1 response(s) [d6dfcdd7-fc6e-4b51-b91e-b64503dadc5e<-08d4cbaa-ffed-4411-a5fd-c4a38026aead#0:FAIL-t250] and 1 exception(s); d6dfcdd7-fc6e-4b51-b91e-b64503dadc5e@group-F967393F7C93:t250, leader=null, voted=d6dfcdd7-fc6e-4b51-b91e-b64503dadc5e, raftlog=d6dfcdd7-fc6e-4b51-b91e-b64503dadc5e@group-F967393F7C93-SegmentedRaftLog:OPENED:c-1,f-1,i0, conf=-1: [08d4cbaa-ffed-4411-a5fd-c4a38026aead:192.168.157.223:33910, da15dfee-23f0-4dc4-ad77-c00156c49cfa:192.168.157.223:42172, d6dfcdd7-fc6e-4b51-b91e-b64503dadc5e:192.168.157.223:43575], old=null
2019-10-17 21:55:14,094 [d6dfcdd7-fc6e-4b51-b91e-b64503dadc5e@group-F967393F7C93-LeaderElection250] INFO  impl.LeaderElection (LogUtils.java:infoOrTrace(149)) -   Exception 0: {}
java.util.concurrent.ExecutionException: org.apache.ratis.thirdparty.io.grpc.StatusRuntimeException: UNAVAILABLE: io exception
	at java.util.concurrent.FutureTask.report(FutureTask.java:122)
	at java.util.concurrent.FutureTask.get(FutureTask.java:192)
	at org.apache.ratis.server.impl.LeaderElection.waitForResults(LeaderElection.java:259)
	at org.apache.ratis.server.impl.LeaderElection.askForVotes(LeaderElection.java:197)
	at org.apache.ratis.server.impl.LeaderElection.run(LeaderElection.java:133)
	at java.lang.Thread.run(Thread.java:748)
Caused by: org.apache.ratis.thirdparty.io.grpc.StatusRuntimeException: UNAVAILABLE: io exception
	at org.apache.ratis.thirdparty.io.grpc.stub.ClientCalls.toStatusRuntimeException(ClientCalls.java:233)
	at org.apache.ratis.thirdparty.io.grpc.stub.ClientCalls.getUnchecked(ClientCalls.java:214)
	at org.apache.ratis.thirdparty.io.grpc.stub.ClientCalls.blockingUnaryCall(ClientCalls.java:139)
	at org.apache.ratis.proto.grpc.RaftServerProtocolServiceGrpc$RaftServerProtocolServiceBlockingStub.requestVote(RaftServerProtocolServiceGrpc.java:265)
	at org.apache.ratis.grpc.server.GrpcServerProtocolClient.requestVote(GrpcServerProtocolClient.java:99)
	at org.apache.ratis.grpc.server.GrpcService.requestVote(GrpcService.java:204)
	at org.apache.ratis.server.impl.LeaderElection.lambda$submitRequests$1(LeaderElection.java:234)
	at java.util.concurrent.FutureTask.run(FutureTask.java:266)
	at java.util.concurrent.Executors$RunnableAdapter.call(Executors.java:511)
	at java.util.concurrent.FutureTask.run(FutureTask.java:266)
	at java.util.concurrent.ThreadPoolExecutor.runWorker(ThreadPoolExecutor.java:1149)
	at java.util.concurrent.ThreadPoolExecutor$Worker.run(ThreadPoolExecutor.java:624)
	... 1 more
Caused by: org.apache.ratis.thirdparty.io.netty.channel.AbstractChannel$AnnotatedConnectException: Connection refused: /192.168.157.223:42172
	at sun.nio.ch.SocketChannelImpl.checkConnect(Native Method)
	at sun.nio.ch.SocketChannelImpl.finishConnect(SocketChannelImpl.java:717)
	at org.apache.ratis.thirdparty.io.netty.channel.socket.nio.NioSocketChannel.doFinishConnect(NioSocketChannel.java:327)
	at org.apache.ratis.thirdparty.io.netty.channel.nio.AbstractNioChannel$AbstractNioUnsafe.finishConnect(AbstractNioChannel.java:340)
	at org.apache.ratis.thirdparty.io.netty.channel.nio.NioEventLoop.processSelectedKey(NioEventLoop.java:632)
	at org.apache.ratis.thirdparty.io.netty.channel.nio.NioEventLoop.processSelectedKeysOptimized(NioEventLoop.java:579)
	at org.apache.ratis.thirdparty.io.netty.channel.nio.NioEventLoop.processSelectedKeys(NioEventLoop.java:496)
	at org.apache.ratis.thirdparty.io.netty.channel.nio.NioEventLoop.run(NioEventLoop.java:458)
	at org.apache.ratis.thirdparty.io.netty.util.concurrent.SingleThreadEventExecutor$5.run(SingleThreadEventExecutor.java:897)
	at org.apache.ratis.thirdparty.io.netty.util.concurrent.FastThreadLocalRunnable.run(FastThreadLocalRunnable.java:30)
	... 1 more
Caused by: java.net.ConnectException: Connection refused
	... 11 more
2019-10-17 21:55:14,094 [d6dfcdd7-fc6e-4b51-b91e-b64503dadc5e@group-F967393F7C93-LeaderElection250] INFO  impl.RaftServerImpl (RaftServerImpl.java:setRole(184)) - d6dfcdd7-fc6e-4b51-b91e-b64503dadc5e@group-F967393F7C93: changes role from CANDIDATE to FOLLOWER at term 250 for DISCOVERED_A_NEW_TERM
2019-10-17 21:55:14,094 [d6dfcdd7-fc6e-4b51-b91e-b64503dadc5e@group-F967393F7C93-LeaderElection250] INFO  impl.RoleInfo (RoleInfo.java:shutdownLeaderElection(134)) - d6dfcdd7-fc6e-4b51-b91e-b64503dadc5e: shutdown LeaderElection
2019-10-17 21:55:14,094 [d6dfcdd7-fc6e-4b51-b91e-b64503dadc5e@group-F967393F7C93-LeaderElection250] INFO  impl.RoleInfo (RoleInfo.java:updateAndGet(143)) - d6dfcdd7-fc6e-4b51-b91e-b64503dadc5e: start FollowerState
2019-10-17 21:55:14,279 [java.util.concurrent.ThreadPoolExecutor$Worker@71aa17a1[State = -1, empty queue]] WARN  server.GrpcLogAppender (GrpcLogAppender.java:timeoutAppendRequest(209)) - de567563-d0dd-4cf2-91b7-f72627909699@group-3097D7458558->db0af43e-c62e-4c1d-affa-ffdb4faae2f8-GrpcLogAppender: appendEntries Timeout, request=de567563-d0dd-4cf2-91b7-f72627909699->db0af43e-c62e-4c1d-affa-ffdb4faae2f8#58-t10, previous=(t:10, i:4), leaderCommit=4, initializing? false, entries: <empty>
2019-10-17 21:55:14,294 [Thread-2159] INFO  impl.FollowerState (FollowerState.java:run(108)) - d6dfcdd7-fc6e-4b51-b91e-b64503dadc5e@group-F967393F7C93-FollowerState: change to CANDIDATE, lastRpcTime:199ms, electionTimeout:199ms
2019-10-17 21:55:14,294 [Thread-2159] INFO  impl.RoleInfo (RoleInfo.java:shutdownFollowerState(121)) - d6dfcdd7-fc6e-4b51-b91e-b64503dadc5e: shutdown FollowerState
2019-10-17 21:55:14,294 [Thread-2159] INFO  impl.RaftServerImpl (RaftServerImpl.java:setRole(184)) - d6dfcdd7-fc6e-4b51-b91e-b64503dadc5e@group-F967393F7C93: changes role from  FOLLOWER to CANDIDATE at term 250 for changeToCandidate
2019-10-17 21:55:14,294 [Thread-2159] INFO  impl.RoleInfo (RoleInfo.java:updateAndGet(143)) - d6dfcdd7-fc6e-4b51-b91e-b64503dadc5e: start LeaderElection
2019-10-17 21:55:14,319 [d6dfcdd7-fc6e-4b51-b91e-b64503dadc5e@group-F967393F7C93-LeaderElection251] INFO  impl.LeaderElection (LeaderElection.java:askForVotes(178)) - d6dfcdd7-fc6e-4b51-b91e-b64503dadc5e@group-F967393F7C93-LeaderElection251: begin an election at term 251 for -1: [08d4cbaa-ffed-4411-a5fd-c4a38026aead:192.168.157.223:33910, da15dfee-23f0-4dc4-ad77-c00156c49cfa:192.168.157.223:42172, d6dfcdd7-fc6e-4b51-b91e-b64503dadc5e:192.168.157.223:43575], old=null
2019-10-17 21:55:14,321 [d6dfcdd7-fc6e-4b51-b91e-b64503dadc5e@group-F967393F7C93-LeaderElection251] INFO  impl.LeaderElection (LogUtils.java:infoOrTrace(149)) - d6dfcdd7-fc6e-4b51-b91e-b64503dadc5e@group-F967393F7C93-LeaderElection251 got exception when requesting votes: {}
java.util.concurrent.ExecutionException: org.apache.ratis.thirdparty.io.grpc.StatusRuntimeException: UNAVAILABLE: io exception
	at java.util.concurrent.FutureTask.report(FutureTask.java:122)
	at java.util.concurrent.FutureTask.get(FutureTask.java:192)
	at org.apache.ratis.server.impl.LeaderElection.waitForResults(LeaderElection.java:259)
	at org.apache.ratis.server.impl.LeaderElection.askForVotes(LeaderElection.java:197)
	at org.apache.ratis.server.impl.LeaderElection.run(LeaderElection.java:133)
	at java.lang.Thread.run(Thread.java:748)
Caused by: org.apache.ratis.thirdparty.io.grpc.StatusRuntimeException: UNAVAILABLE: io exception
	at org.apache.ratis.thirdparty.io.grpc.stub.ClientCalls.toStatusRuntimeException(ClientCalls.java:233)
	at org.apache.ratis.thirdparty.io.grpc.stub.ClientCalls.getUnchecked(ClientCalls.java:214)
	at org.apache.ratis.thirdparty.io.grpc.stub.ClientCalls.blockingUnaryCall(ClientCalls.java:139)
	at org.apache.ratis.proto.grpc.RaftServerProtocolServiceGrpc$RaftServerProtocolServiceBlockingStub.requestVote(RaftServerProtocolServiceGrpc.java:265)
	at org.apache.ratis.grpc.server.GrpcServerProtocolClient.requestVote(GrpcServerProtocolClient.java:99)
	at org.apache.ratis.grpc.server.GrpcService.requestVote(GrpcService.java:204)
	at org.apache.ratis.server.impl.LeaderElection.lambda$submitRequests$1(LeaderElection.java:234)
	at java.util.concurrent.FutureTask.run(FutureTask.java:266)
	at java.util.concurrent.Executors$RunnableAdapter.call(Executors.java:511)
	at java.util.concurrent.FutureTask.run(FutureTask.java:266)
	at java.util.concurrent.ThreadPoolExecutor.runWorker(ThreadPoolExecutor.java:1149)
	at java.util.concurrent.ThreadPoolExecutor$Worker.run(ThreadPoolExecutor.java:624)
	... 1 more
Caused by: org.apache.ratis.thirdparty.io.netty.channel.AbstractChannel$AnnotatedConnectException: Connection refused: /192.168.157.223:42172
	at sun.nio.ch.SocketChannelImpl.checkConnect(Native Method)
	at sun.nio.ch.SocketChannelImpl.finishConnect(SocketChannelImpl.java:717)
	at org.apache.ratis.thirdparty.io.netty.channel.socket.nio.NioSocketChannel.doFinishConnect(NioSocketChannel.java:327)
	at org.apache.ratis.thirdparty.io.netty.channel.nio.AbstractNioChannel$AbstractNioUnsafe.finishConnect(AbstractNioChannel.java:340)
	at org.apache.ratis.thirdparty.io.netty.channel.nio.NioEventLoop.processSelectedKey(NioEventLoop.java:632)
	at org.apache.ratis.thirdparty.io.netty.channel.nio.NioEventLoop.processSelectedKeysOptimized(NioEventLoop.java:579)
	at org.apache.ratis.thirdparty.io.netty.channel.nio.NioEventLoop.processSelectedKeys(NioEventLoop.java:496)
	at org.apache.ratis.thirdparty.io.netty.channel.nio.NioEventLoop.run(NioEventLoop.java:458)
	at org.apache.ratis.thirdparty.io.netty.util.concurrent.SingleThreadEventExecutor$5.run(SingleThreadEventExecutor.java:897)
	at org.apache.ratis.thirdparty.io.netty.util.concurrent.FastThreadLocalRunnable.run(FastThreadLocalRunnable.java:30)
	... 1 more
Caused by: java.net.ConnectException: Connection refused
	... 11 more
2019-10-17 21:55:14,323 [grpc-default-executor-1] INFO  impl.RaftServerImpl (RaftServerImpl.java:setRole(184)) - 08d4cbaa-ffed-4411-a5fd-c4a38026aead@group-F967393F7C93: changes role from  FOLLOWER to FOLLOWER at term 251 for recognizeCandidate:d6dfcdd7-fc6e-4b51-b91e-b64503dadc5e
2019-10-17 21:55:14,324 [grpc-default-executor-1] INFO  impl.RoleInfo (RoleInfo.java:shutdownFollowerState(121)) - 08d4cbaa-ffed-4411-a5fd-c4a38026aead: shutdown FollowerState
2019-10-17 21:55:14,324 [grpc-default-executor-1] INFO  impl.RoleInfo (RoleInfo.java:updateAndGet(143)) - 08d4cbaa-ffed-4411-a5fd-c4a38026aead: start FollowerState
2019-10-17 21:55:14,324 [Thread-2158] INFO  impl.FollowerState (FollowerState.java:run(117)) - 08d4cbaa-ffed-4411-a5fd-c4a38026aead@group-F967393F7C93-FollowerState was interrupted: java.lang.InterruptedException: sleep interrupted
2019-10-17 21:55:14,338 [d6dfcdd7-fc6e-4b51-b91e-b64503dadc5e@group-F967393F7C93-LeaderElection251] INFO  impl.LeaderElection (LeaderElection.java:logAndReturn(56)) - d6dfcdd7-fc6e-4b51-b91e-b64503dadc5e@group-F967393F7C93-LeaderElection251: Election REJECTED; received 1 response(s) [d6dfcdd7-fc6e-4b51-b91e-b64503dadc5e<-08d4cbaa-ffed-4411-a5fd-c4a38026aead#0:FAIL-t251] and 1 exception(s); d6dfcdd7-fc6e-4b51-b91e-b64503dadc5e@group-F967393F7C93:t251, leader=null, voted=d6dfcdd7-fc6e-4b51-b91e-b64503dadc5e, raftlog=d6dfcdd7-fc6e-4b51-b91e-b64503dadc5e@group-F967393F7C93-SegmentedRaftLog:OPENED:c-1,f-1,i0, conf=-1: [08d4cbaa-ffed-4411-a5fd-c4a38026aead:192.168.157.223:33910, da15dfee-23f0-4dc4-ad77-c00156c49cfa:192.168.157.223:42172, d6dfcdd7-fc6e-4b51-b91e-b64503dadc5e:192.168.157.223:43575], old=null
2019-10-17 21:55:14,338 [d6dfcdd7-fc6e-4b51-b91e-b64503dadc5e@group-F967393F7C93-LeaderElection251] INFO  impl.LeaderElection (LogUtils.java:infoOrTrace(149)) -   Exception 0: {}
java.util.concurrent.ExecutionException: org.apache.ratis.thirdparty.io.grpc.StatusRuntimeException: UNAVAILABLE: io exception
	at java.util.concurrent.FutureTask.report(FutureTask.java:122)
	at java.util.concurrent.FutureTask.get(FutureTask.java:192)
	at org.apache.ratis.server.impl.LeaderElection.waitForResults(LeaderElection.java:259)
	at org.apache.ratis.server.impl.LeaderElection.askForVotes(LeaderElection.java:197)
	at org.apache.ratis.server.impl.LeaderElection.run(LeaderElection.java:133)
	at java.lang.Thread.run(Thread.java:748)
Caused by: org.apache.ratis.thirdparty.io.grpc.StatusRuntimeException: UNAVAILABLE: io exception
	at org.apache.ratis.thirdparty.io.grpc.stub.ClientCalls.toStatusRuntimeException(ClientCalls.java:233)
	at org.apache.ratis.thirdparty.io.grpc.stub.ClientCalls.getUnchecked(ClientCalls.java:214)
	at org.apache.ratis.thirdparty.io.grpc.stub.ClientCalls.blockingUnaryCall(ClientCalls.java:139)
	at org.apache.ratis.proto.grpc.RaftServerProtocolServiceGrpc$RaftServerProtocolServiceBlockingStub.requestVote(RaftServerProtocolServiceGrpc.java:265)
	at org.apache.ratis.grpc.server.GrpcServerProtocolClient.requestVote(GrpcServerProtocolClient.java:99)
	at org.apache.ratis.grpc.server.GrpcService.requestVote(GrpcService.java:204)
	at org.apache.ratis.server.impl.LeaderElection.lambda$submitRequests$1(LeaderElection.java:234)
	at java.util.concurrent.FutureTask.run(FutureTask.java:266)
	at java.util.concurrent.Executors$RunnableAdapter.call(Executors.java:511)
	at java.util.concurrent.FutureTask.run(FutureTask.java:266)
	at java.util.concurrent.ThreadPoolExecutor.runWorker(ThreadPoolExecutor.java:1149)
	at java.util.concurrent.ThreadPoolExecutor$Worker.run(ThreadPoolExecutor.java:624)
	... 1 more
Caused by: org.apache.ratis.thirdparty.io.netty.channel.AbstractChannel$AnnotatedConnectException: Connection refused: /192.168.157.223:42172
	at sun.nio.ch.SocketChannelImpl.checkConnect(Native Method)
	at sun.nio.ch.SocketChannelImpl.finishConnect(SocketChannelImpl.java:717)
	at org.apache.ratis.thirdparty.io.netty.channel.socket.nio.NioSocketChannel.doFinishConnect(NioSocketChannel.java:327)
	at org.apache.ratis.thirdparty.io.netty.channel.nio.AbstractNioChannel$AbstractNioUnsafe.finishConnect(AbstractNioChannel.java:340)
	at org.apache.ratis.thirdparty.io.netty.channel.nio.NioEventLoop.processSelectedKey(NioEventLoop.java:632)
	at org.apache.ratis.thirdparty.io.netty.channel.nio.NioEventLoop.processSelectedKeysOptimized(NioEventLoop.java:579)
	at org.apache.ratis.thirdparty.io.netty.channel.nio.NioEventLoop.processSelectedKeys(NioEventLoop.java:496)
	at org.apache.ratis.thirdparty.io.netty.channel.nio.NioEventLoop.run(NioEventLoop.java:458)
	at org.apache.ratis.thirdparty.io.netty.util.concurrent.SingleThreadEventExecutor$5.run(SingleThreadEventExecutor.java:897)
	at org.apache.ratis.thirdparty.io.netty.util.concurrent.FastThreadLocalRunnable.run(FastThreadLocalRunnable.java:30)
	... 1 more
Caused by: java.net.ConnectException: Connection refused
	... 11 more
2019-10-17 21:55:14,339 [d6dfcdd7-fc6e-4b51-b91e-b64503dadc5e@group-F967393F7C93-LeaderElection251] INFO  impl.RaftServerImpl (RaftServerImpl.java:setRole(184)) - d6dfcdd7-fc6e-4b51-b91e-b64503dadc5e@group-F967393F7C93: changes role from CANDIDATE to FOLLOWER at term 251 for DISCOVERED_A_NEW_TERM
2019-10-17 21:55:14,339 [d6dfcdd7-fc6e-4b51-b91e-b64503dadc5e@group-F967393F7C93-LeaderElection251] INFO  impl.RoleInfo (RoleInfo.java:shutdownLeaderElection(134)) - d6dfcdd7-fc6e-4b51-b91e-b64503dadc5e: shutdown LeaderElection
2019-10-17 21:55:14,339 [d6dfcdd7-fc6e-4b51-b91e-b64503dadc5e@group-F967393F7C93-LeaderElection251] INFO  impl.RoleInfo (RoleInfo.java:updateAndGet(143)) - d6dfcdd7-fc6e-4b51-b91e-b64503dadc5e: start FollowerState
2019-10-17 21:55:14,463 [Thread-2164] INFO  impl.FollowerState (FollowerState.java:run(108)) - d6dfcdd7-fc6e-4b51-b91e-b64503dadc5e@group-F967393F7C93-FollowerState: change to CANDIDATE, lastRpcTime:123ms, electionTimeout:123ms
2019-10-17 21:55:14,463 [Thread-2164] INFO  impl.RoleInfo (RoleInfo.java:shutdownFollowerState(121)) - d6dfcdd7-fc6e-4b51-b91e-b64503dadc5e: shutdown FollowerState
2019-10-17 21:55:14,463 [Thread-2164] INFO  impl.RaftServerImpl (RaftServerImpl.java:setRole(184)) - d6dfcdd7-fc6e-4b51-b91e-b64503dadc5e@group-F967393F7C93: changes role from  FOLLOWER to CANDIDATE at term 251 for changeToCandidate
2019-10-17 21:55:14,463 [Thread-2164] INFO  impl.RoleInfo (RoleInfo.java:updateAndGet(143)) - d6dfcdd7-fc6e-4b51-b91e-b64503dadc5e: start LeaderElection
2019-10-17 21:55:14,477 [d6dfcdd7-fc6e-4b51-b91e-b64503dadc5e@group-F967393F7C93-LeaderElection252] INFO  impl.LeaderElection (LeaderElection.java:askForVotes(178)) - d6dfcdd7-fc6e-4b51-b91e-b64503dadc5e@group-F967393F7C93-LeaderElection252: begin an election at term 252 for -1: [08d4cbaa-ffed-4411-a5fd-c4a38026aead:192.168.157.223:33910, da15dfee-23f0-4dc4-ad77-c00156c49cfa:192.168.157.223:42172, d6dfcdd7-fc6e-4b51-b91e-b64503dadc5e:192.168.157.223:43575], old=null
2019-10-17 21:55:14,478 [d6dfcdd7-fc6e-4b51-b91e-b64503dadc5e@group-F967393F7C93-LeaderElection252] INFO  impl.LeaderElection (LogUtils.java:infoOrTrace(149)) - d6dfcdd7-fc6e-4b51-b91e-b64503dadc5e@group-F967393F7C93-LeaderElection252 got exception when requesting votes: {}
java.util.concurrent.ExecutionException: org.apache.ratis.thirdparty.io.grpc.StatusRuntimeException: UNAVAILABLE: io exception
	at java.util.concurrent.FutureTask.report(FutureTask.java:122)
	at java.util.concurrent.FutureTask.get(FutureTask.java:192)
	at org.apache.ratis.server.impl.LeaderElection.waitForResults(LeaderElection.java:259)
	at org.apache.ratis.server.impl.LeaderElection.askForVotes(LeaderElection.java:197)
	at org.apache.ratis.server.impl.LeaderElection.run(LeaderElection.java:133)
	at java.lang.Thread.run(Thread.java:748)
Caused by: org.apache.ratis.thirdparty.io.grpc.StatusRuntimeException: UNAVAILABLE: io exception
	at org.apache.ratis.thirdparty.io.grpc.stub.ClientCalls.toStatusRuntimeException(ClientCalls.java:233)
	at org.apache.ratis.thirdparty.io.grpc.stub.ClientCalls.getUnchecked(ClientCalls.java:214)
	at org.apache.ratis.thirdparty.io.grpc.stub.ClientCalls.blockingUnaryCall(ClientCalls.java:139)
	at org.apache.ratis.proto.grpc.RaftServerProtocolServiceGrpc$RaftServerProtocolServiceBlockingStub.requestVote(RaftServerProtocolServiceGrpc.java:265)
	at org.apache.ratis.grpc.server.GrpcServerProtocolClient.requestVote(GrpcServerProtocolClient.java:99)
	at org.apache.ratis.grpc.server.GrpcService.requestVote(GrpcService.java:204)
	at org.apache.ratis.server.impl.LeaderElection.lambda$submitRequests$1(LeaderElection.java:234)
	at java.util.concurrent.FutureTask.run(FutureTask.java:266)
	at java.util.concurrent.Executors$RunnableAdapter.call(Executors.java:511)
	at java.util.concurrent.FutureTask.run(FutureTask.java:266)
	at java.util.concurrent.ThreadPoolExecutor.runWorker(ThreadPoolExecutor.java:1149)
	at java.util.concurrent.ThreadPoolExecutor$Worker.run(ThreadPoolExecutor.java:624)
	... 1 more
Caused by: org.apache.ratis.thirdparty.io.netty.channel.AbstractChannel$AnnotatedConnectException: Connection refused: /192.168.157.223:42172
	at sun.nio.ch.SocketChannelImpl.checkConnect(Native Method)
	at sun.nio.ch.SocketChannelImpl.finishConnect(SocketChannelImpl.java:717)
	at org.apache.ratis.thirdparty.io.netty.channel.socket.nio.NioSocketChannel.doFinishConnect(NioSocketChannel.java:327)
	at org.apache.ratis.thirdparty.io.netty.channel.nio.AbstractNioChannel$AbstractNioUnsafe.finishConnect(AbstractNioChannel.java:340)
	at org.apache.ratis.thirdparty.io.netty.channel.nio.NioEventLoop.processSelectedKey(NioEventLoop.java:632)
	at org.apache.ratis.thirdparty.io.netty.channel.nio.NioEventLoop.processSelectedKeysOptimized(NioEventLoop.java:579)
	at org.apache.ratis.thirdparty.io.netty.channel.nio.NioEventLoop.processSelectedKeys(NioEventLoop.java:496)
	at org.apache.ratis.thirdparty.io.netty.channel.nio.NioEventLoop.run(NioEventLoop.java:458)
	at org.apache.ratis.thirdparty.io.netty.util.concurrent.SingleThreadEventExecutor$5.run(SingleThreadEventExecutor.java:897)
	at org.apache.ratis.thirdparty.io.netty.util.concurrent.FastThreadLocalRunnable.run(FastThreadLocalRunnable.java:30)
	... 1 more
Caused by: java.net.ConnectException: Connection refused
	... 11 more
2019-10-17 21:55:14,479 [grpc-default-executor-1] INFO  impl.RaftServerImpl (RaftServerImpl.java:setRole(184)) - 08d4cbaa-ffed-4411-a5fd-c4a38026aead@group-F967393F7C93: changes role from  FOLLOWER to FOLLOWER at term 252 for recognizeCandidate:d6dfcdd7-fc6e-4b51-b91e-b64503dadc5e
2019-10-17 21:55:14,479 [grpc-default-executor-1] INFO  impl.RoleInfo (RoleInfo.java:shutdownFollowerState(121)) - 08d4cbaa-ffed-4411-a5fd-c4a38026aead: shutdown FollowerState
2019-10-17 21:55:14,480 [grpc-default-executor-1] INFO  impl.RoleInfo (RoleInfo.java:updateAndGet(143)) - 08d4cbaa-ffed-4411-a5fd-c4a38026aead: start FollowerState
2019-10-17 21:55:14,480 [Thread-2163] INFO  impl.FollowerState (FollowerState.java:run(117)) - 08d4cbaa-ffed-4411-a5fd-c4a38026aead@group-F967393F7C93-FollowerState was interrupted: java.lang.InterruptedException: sleep interrupted
2019-10-17 21:55:14,484 [d6dfcdd7-fc6e-4b51-b91e-b64503dadc5e@group-F967393F7C93-LeaderElection252] INFO  impl.LeaderElection (LeaderElection.java:logAndReturn(56)) - d6dfcdd7-fc6e-4b51-b91e-b64503dadc5e@group-F967393F7C93-LeaderElection252: Election TIMEOUT; received 0 response(s) [] and 1 exception(s); d6dfcdd7-fc6e-4b51-b91e-b64503dadc5e@group-F967393F7C93:t252, leader=null, voted=d6dfcdd7-fc6e-4b51-b91e-b64503dadc5e, raftlog=d6dfcdd7-fc6e-4b51-b91e-b64503dadc5e@group-F967393F7C93-SegmentedRaftLog:OPENED:c-1,f-1,i0, conf=-1: [08d4cbaa-ffed-4411-a5fd-c4a38026aead:192.168.157.223:33910, da15dfee-23f0-4dc4-ad77-c00156c49cfa:192.168.157.223:42172, d6dfcdd7-fc6e-4b51-b91e-b64503dadc5e:192.168.157.223:43575], old=null
2019-10-17 21:55:14,484 [d6dfcdd7-fc6e-4b51-b91e-b64503dadc5e@group-F967393F7C93-LeaderElection252] INFO  impl.LeaderElection (LogUtils.java:infoOrTrace(149)) -   Exception 0: {}
java.util.concurrent.ExecutionException: org.apache.ratis.thirdparty.io.grpc.StatusRuntimeException: UNAVAILABLE: io exception
	at java.util.concurrent.FutureTask.report(FutureTask.java:122)
	at java.util.concurrent.FutureTask.get(FutureTask.java:192)
	at org.apache.ratis.server.impl.LeaderElection.waitForResults(LeaderElection.java:259)
	at org.apache.ratis.server.impl.LeaderElection.askForVotes(LeaderElection.java:197)
	at org.apache.ratis.server.impl.LeaderElection.run(LeaderElection.java:133)
	at java.lang.Thread.run(Thread.java:748)
Caused by: org.apache.ratis.thirdparty.io.grpc.StatusRuntimeException: UNAVAILABLE: io exception
	at org.apache.ratis.thirdparty.io.grpc.stub.ClientCalls.toStatusRuntimeException(ClientCalls.java:233)
	at org.apache.ratis.thirdparty.io.grpc.stub.ClientCalls.getUnchecked(ClientCalls.java:214)
	at org.apache.ratis.thirdparty.io.grpc.stub.ClientCalls.blockingUnaryCall(ClientCalls.java:139)
	at org.apache.ratis.proto.grpc.RaftServerProtocolServiceGrpc$RaftServerProtocolServiceBlockingStub.requestVote(RaftServerProtocolServiceGrpc.java:265)
	at org.apache.ratis.grpc.server.GrpcServerProtocolClient.requestVote(GrpcServerProtocolClient.java:99)
	at org.apache.ratis.grpc.server.GrpcService.requestVote(GrpcService.java:204)
	at org.apache.ratis.server.impl.LeaderElection.lambda$submitRequests$1(LeaderElection.java:234)
	at java.util.concurrent.FutureTask.run(FutureTask.java:266)
	at java.util.concurrent.Executors$RunnableAdapter.call(Executors.java:511)
	at java.util.concurrent.FutureTask.run(FutureTask.java:266)
	at java.util.concurrent.ThreadPoolExecutor.runWorker(ThreadPoolExecutor.java:1149)
	at java.util.concurrent.ThreadPoolExecutor$Worker.run(ThreadPoolExecutor.java:624)
	... 1 more
Caused by: org.apache.ratis.thirdparty.io.netty.channel.AbstractChannel$AnnotatedConnectException: Connection refused: /192.168.157.223:42172
	at sun.nio.ch.SocketChannelImpl.checkConnect(Native Method)
	at sun.nio.ch.SocketChannelImpl.finishConnect(SocketChannelImpl.java:717)
	at org.apache.ratis.thirdparty.io.netty.channel.socket.nio.NioSocketChannel.doFinishConnect(NioSocketChannel.java:327)
	at org.apache.ratis.thirdparty.io.netty.channel.nio.AbstractNioChannel$AbstractNioUnsafe.finishConnect(AbstractNioChannel.java:340)
	at org.apache.ratis.thirdparty.io.netty.channel.nio.NioEventLoop.processSelectedKey(NioEventLoop.java:632)
	at org.apache.ratis.thirdparty.io.netty.channel.nio.NioEventLoop.processSelectedKeysOptimized(NioEventLoop.java:579)
	at org.apache.ratis.thirdparty.io.netty.channel.nio.NioEventLoop.processSelectedKeys(NioEventLoop.java:496)
	at org.apache.ratis.thirdparty.io.netty.channel.nio.NioEventLoop.run(NioEventLoop.java:458)
	at org.apache.ratis.thirdparty.io.netty.util.concurrent.SingleThreadEventExecutor$5.run(SingleThreadEventExecutor.java:897)
	at org.apache.ratis.thirdparty.io.netty.util.concurrent.FastThreadLocalRunnable.run(FastThreadLocalRunnable.java:30)
	... 1 more
Caused by: java.net.ConnectException: Connection refused
	... 11 more
2019-10-17 21:55:14,518 [d6dfcdd7-fc6e-4b51-b91e-b64503dadc5e@group-F967393F7C93-LeaderElection252] INFO  impl.LeaderElection (LeaderElection.java:askForVotes(178)) - d6dfcdd7-fc6e-4b51-b91e-b64503dadc5e@group-F967393F7C93-LeaderElection252: begin an election at term 253 for -1: [08d4cbaa-ffed-4411-a5fd-c4a38026aead:192.168.157.223:33910, da15dfee-23f0-4dc4-ad77-c00156c49cfa:192.168.157.223:42172, d6dfcdd7-fc6e-4b51-b91e-b64503dadc5e:192.168.157.223:43575], old=null
2019-10-17 21:55:14,519 [d6dfcdd7-fc6e-4b51-b91e-b64503dadc5e@group-F967393F7C93-LeaderElection252] INFO  impl.LeaderElection (LogUtils.java:infoOrTrace(149)) - d6dfcdd7-fc6e-4b51-b91e-b64503dadc5e@group-F967393F7C93-LeaderElection252 got exception when requesting votes: {}
java.util.concurrent.ExecutionException: org.apache.ratis.thirdparty.io.grpc.StatusRuntimeException: UNAVAILABLE: io exception
	at java.util.concurrent.FutureTask.report(FutureTask.java:122)
	at java.util.concurrent.FutureTask.get(FutureTask.java:192)
	at org.apache.ratis.server.impl.LeaderElection.waitForResults(LeaderElection.java:259)
	at org.apache.ratis.server.impl.LeaderElection.askForVotes(LeaderElection.java:197)
	at org.apache.ratis.server.impl.LeaderElection.run(LeaderElection.java:133)
	at java.lang.Thread.run(Thread.java:748)
Caused by: org.apache.ratis.thirdparty.io.grpc.StatusRuntimeException: UNAVAILABLE: io exception
	at org.apache.ratis.thirdparty.io.grpc.stub.ClientCalls.toStatusRuntimeException(ClientCalls.java:233)
	at org.apache.ratis.thirdparty.io.grpc.stub.ClientCalls.getUnchecked(ClientCalls.java:214)
	at org.apache.ratis.thirdparty.io.grpc.stub.ClientCalls.blockingUnaryCall(ClientCalls.java:139)
	at org.apache.ratis.proto.grpc.RaftServerProtocolServiceGrpc$RaftServerProtocolServiceBlockingStub.requestVote(RaftServerProtocolServiceGrpc.java:265)
	at org.apache.ratis.grpc.server.GrpcServerProtocolClient.requestVote(GrpcServerProtocolClient.java:99)
	at org.apache.ratis.grpc.server.GrpcService.requestVote(GrpcService.java:204)
	at org.apache.ratis.server.impl.LeaderElection.lambda$submitRequests$1(LeaderElection.java:234)
	at java.util.concurrent.FutureTask.run(FutureTask.java:266)
	at java.util.concurrent.Executors$RunnableAdapter.call(Executors.java:511)
	at java.util.concurrent.FutureTask.run(FutureTask.java:266)
	at java.util.concurrent.ThreadPoolExecutor.runWorker(ThreadPoolExecutor.java:1149)
	at java.util.concurrent.ThreadPoolExecutor$Worker.run(ThreadPoolExecutor.java:624)
	... 1 more
Caused by: org.apache.ratis.thirdparty.io.netty.channel.AbstractChannel$AnnotatedConnectException: Connection refused: /192.168.157.223:42172
	at sun.nio.ch.SocketChannelImpl.checkConnect(Native Method)
	at sun.nio.ch.SocketChannelImpl.finishConnect(SocketChannelImpl.java:717)
	at org.apache.ratis.thirdparty.io.netty.channel.socket.nio.NioSocketChannel.doFinishConnect(NioSocketChannel.java:327)
	at org.apache.ratis.thirdparty.io.netty.channel.nio.AbstractNioChannel$AbstractNioUnsafe.finishConnect(AbstractNioChannel.java:340)
	at org.apache.ratis.thirdparty.io.netty.channel.nio.NioEventLoop.processSelectedKey(NioEventLoop.java:632)
	at org.apache.ratis.thirdparty.io.netty.channel.nio.NioEventLoop.processSelectedKeysOptimized(NioEventLoop.java:579)
	at org.apache.ratis.thirdparty.io.netty.channel.nio.NioEventLoop.processSelectedKeys(NioEventLoop.java:496)
	at org.apache.ratis.thirdparty.io.netty.channel.nio.NioEventLoop.run(NioEventLoop.java:458)
	at org.apache.ratis.thirdparty.io.netty.util.concurrent.SingleThreadEventExecutor$5.run(SingleThreadEventExecutor.java:897)
	at org.apache.ratis.thirdparty.io.netty.util.concurrent.FastThreadLocalRunnable.run(FastThreadLocalRunnable.java:30)
	... 1 more
Caused by: java.net.ConnectException: Connection refused
	... 11 more
2019-10-17 21:55:14,520 [grpc-default-executor-1] INFO  impl.RaftServerImpl (RaftServerImpl.java:setRole(184)) - 08d4cbaa-ffed-4411-a5fd-c4a38026aead@group-F967393F7C93: changes role from  FOLLOWER to FOLLOWER at term 253 for recognizeCandidate:d6dfcdd7-fc6e-4b51-b91e-b64503dadc5e
2019-10-17 21:55:14,520 [grpc-default-executor-1] INFO  impl.RoleInfo (RoleInfo.java:shutdownFollowerState(121)) - 08d4cbaa-ffed-4411-a5fd-c4a38026aead: shutdown FollowerState
2019-10-17 21:55:14,521 [grpc-default-executor-1] INFO  impl.RoleInfo (RoleInfo.java:updateAndGet(143)) - 08d4cbaa-ffed-4411-a5fd-c4a38026aead: start FollowerState
2019-10-17 21:55:14,521 [Thread-2169] INFO  impl.FollowerState (FollowerState.java:run(117)) - 08d4cbaa-ffed-4411-a5fd-c4a38026aead@group-F967393F7C93-FollowerState was interrupted: java.lang.InterruptedException: sleep interrupted
2019-10-17 21:55:14,542 [d6dfcdd7-fc6e-4b51-b91e-b64503dadc5e@group-F967393F7C93-LeaderElection252] INFO  impl.LeaderElection (LeaderElection.java:logAndReturn(56)) - d6dfcdd7-fc6e-4b51-b91e-b64503dadc5e@group-F967393F7C93-LeaderElection252: Election REJECTED; received 1 response(s) [d6dfcdd7-fc6e-4b51-b91e-b64503dadc5e<-08d4cbaa-ffed-4411-a5fd-c4a38026aead#0:FAIL-t253] and 1 exception(s); d6dfcdd7-fc6e-4b51-b91e-b64503dadc5e@group-F967393F7C93:t253, leader=null, voted=d6dfcdd7-fc6e-4b51-b91e-b64503dadc5e, raftlog=d6dfcdd7-fc6e-4b51-b91e-b64503dadc5e@group-F967393F7C93-SegmentedRaftLog:OPENED:c-1,f-1,i0, conf=-1: [08d4cbaa-ffed-4411-a5fd-c4a38026aead:192.168.157.223:33910, da15dfee-23f0-4dc4-ad77-c00156c49cfa:192.168.157.223:42172, d6dfcdd7-fc6e-4b51-b91e-b64503dadc5e:192.168.157.223:43575], old=null
2019-10-17 21:55:14,542 [d6dfcdd7-fc6e-4b51-b91e-b64503dadc5e@group-F967393F7C93-LeaderElection252] INFO  impl.LeaderElection (LogUtils.java:infoOrTrace(149)) -   Exception 0: {}
java.util.concurrent.ExecutionException: org.apache.ratis.thirdparty.io.grpc.StatusRuntimeException: UNAVAILABLE: io exception
	at java.util.concurrent.FutureTask.report(FutureTask.java:122)
	at java.util.concurrent.FutureTask.get(FutureTask.java:192)
	at org.apache.ratis.server.impl.LeaderElection.waitForResults(LeaderElection.java:259)
	at org.apache.ratis.server.impl.LeaderElection.askForVotes(LeaderElection.java:197)
	at org.apache.ratis.server.impl.LeaderElection.run(LeaderElection.java:133)
	at java.lang.Thread.run(Thread.java:748)
Caused by: org.apache.ratis.thirdparty.io.grpc.StatusRuntimeException: UNAVAILABLE: io exception
	at org.apache.ratis.thirdparty.io.grpc.stub.ClientCalls.toStatusRuntimeException(ClientCalls.java:233)
	at org.apache.ratis.thirdparty.io.grpc.stub.ClientCalls.getUnchecked(ClientCalls.java:214)
	at org.apache.ratis.thirdparty.io.grpc.stub.ClientCalls.blockingUnaryCall(ClientCalls.java:139)
	at org.apache.ratis.proto.grpc.RaftServerProtocolServiceGrpc$RaftServerProtocolServiceBlockingStub.requestVote(RaftServerProtocolServiceGrpc.java:265)
	at org.apache.ratis.grpc.server.GrpcServerProtocolClient.requestVote(GrpcServerProtocolClient.java:99)
	at org.apache.ratis.grpc.server.GrpcService.requestVote(GrpcService.java:204)
	at org.apache.ratis.server.impl.LeaderElection.lambda$submitRequests$1(LeaderElection.java:234)
	at java.util.concurrent.FutureTask.run(FutureTask.java:266)
	at java.util.concurrent.Executors$RunnableAdapter.call(Executors.java:511)
	at java.util.concurrent.FutureTask.run(FutureTask.java:266)
	at java.util.concurrent.ThreadPoolExecutor.runWorker(ThreadPoolExecutor.java:1149)
	at java.util.concurrent.ThreadPoolExecutor$Worker.run(ThreadPoolExecutor.java:624)
	... 1 more
Caused by: org.apache.ratis.thirdparty.io.netty.channel.AbstractChannel$AnnotatedConnectException: Connection refused: /192.168.157.223:42172
	at sun.nio.ch.SocketChannelImpl.checkConnect(Native Method)
	at sun.nio.ch.SocketChannelImpl.finishConnect(SocketChannelImpl.java:717)
	at org.apache.ratis.thirdparty.io.netty.channel.socket.nio.NioSocketChannel.doFinishConnect(NioSocketChannel.java:327)
	at org.apache.ratis.thirdparty.io.netty.channel.nio.AbstractNioChannel$AbstractNioUnsafe.finishConnect(AbstractNioChannel.java:340)
	at org.apache.ratis.thirdparty.io.netty.channel.nio.NioEventLoop.processSelectedKey(NioEventLoop.java:632)
	at org.apache.ratis.thirdparty.io.netty.channel.nio.NioEventLoop.processSelectedKeysOptimized(NioEventLoop.java:579)
	at org.apache.ratis.thirdparty.io.netty.channel.nio.NioEventLoop.processSelectedKeys(NioEventLoop.java:496)
	at org.apache.ratis.thirdparty.io.netty.channel.nio.NioEventLoop.run(NioEventLoop.java:458)
	at org.apache.ratis.thirdparty.io.netty.util.concurrent.SingleThreadEventExecutor$5.run(SingleThreadEventExecutor.java:897)
	at org.apache.ratis.thirdparty.io.netty.util.concurrent.FastThreadLocalRunnable.run(FastThreadLocalRunnable.java:30)
	... 1 more
Caused by: java.net.ConnectException: Connection refused
	... 11 more
2019-10-17 21:55:14,542 [d6dfcdd7-fc6e-4b51-b91e-b64503dadc5e@group-F967393F7C93-LeaderElection252] INFO  impl.RaftServerImpl (RaftServerImpl.java:setRole(184)) - d6dfcdd7-fc6e-4b51-b91e-b64503dadc5e@group-F967393F7C93: changes role from CANDIDATE to FOLLOWER at term 253 for DISCOVERED_A_NEW_TERM
2019-10-17 21:55:14,542 [d6dfcdd7-fc6e-4b51-b91e-b64503dadc5e@group-F967393F7C93-LeaderElection252] INFO  impl.RoleInfo (RoleInfo.java:shutdownLeaderElection(134)) - d6dfcdd7-fc6e-4b51-b91e-b64503dadc5e: shutdown LeaderElection
2019-10-17 21:55:14,543 [d6dfcdd7-fc6e-4b51-b91e-b64503dadc5e@group-F967393F7C93-LeaderElection252] INFO  impl.RoleInfo (RoleInfo.java:updateAndGet(143)) - d6dfcdd7-fc6e-4b51-b91e-b64503dadc5e: start FollowerState
2019-10-17 21:55:14,650 [Thread-2173] INFO  impl.FollowerState (FollowerState.java:run(108)) - d6dfcdd7-fc6e-4b51-b91e-b64503dadc5e@group-F967393F7C93-FollowerState: change to CANDIDATE, lastRpcTime:107ms, electionTimeout:107ms
2019-10-17 21:55:14,650 [Thread-2173] INFO  impl.RoleInfo (RoleInfo.java:shutdownFollowerState(121)) - d6dfcdd7-fc6e-4b51-b91e-b64503dadc5e: shutdown FollowerState
2019-10-17 21:55:14,650 [Thread-2173] INFO  impl.RaftServerImpl (RaftServerImpl.java:setRole(184)) - d6dfcdd7-fc6e-4b51-b91e-b64503dadc5e@group-F967393F7C93: changes role from  FOLLOWER to CANDIDATE at term 253 for changeToCandidate
2019-10-17 21:55:14,650 [Thread-2173] INFO  impl.RoleInfo (RoleInfo.java:updateAndGet(143)) - d6dfcdd7-fc6e-4b51-b91e-b64503dadc5e: start LeaderElection
2019-10-17 21:55:14,672 [d6dfcdd7-fc6e-4b51-b91e-b64503dadc5e@group-F967393F7C93-LeaderElection253] INFO  impl.LeaderElection (LeaderElection.java:askForVotes(178)) - d6dfcdd7-fc6e-4b51-b91e-b64503dadc5e@group-F967393F7C93-LeaderElection253: begin an election at term 254 for -1: [08d4cbaa-ffed-4411-a5fd-c4a38026aead:192.168.157.223:33910, da15dfee-23f0-4dc4-ad77-c00156c49cfa:192.168.157.223:42172, d6dfcdd7-fc6e-4b51-b91e-b64503dadc5e:192.168.157.223:43575], old=null
2019-10-17 21:55:14,673 [d6dfcdd7-fc6e-4b51-b91e-b64503dadc5e@group-F967393F7C93-LeaderElection253] INFO  impl.LeaderElection (LogUtils.java:infoOrTrace(149)) - d6dfcdd7-fc6e-4b51-b91e-b64503dadc5e@group-F967393F7C93-LeaderElection253 got exception when requesting votes: {}
java.util.concurrent.ExecutionException: org.apache.ratis.thirdparty.io.grpc.StatusRuntimeException: UNAVAILABLE: io exception
	at java.util.concurrent.FutureTask.report(FutureTask.java:122)
	at java.util.concurrent.FutureTask.get(FutureTask.java:192)
	at org.apache.ratis.server.impl.LeaderElection.waitForResults(LeaderElection.java:259)
	at org.apache.ratis.server.impl.LeaderElection.askForVotes(LeaderElection.java:197)
	at org.apache.ratis.server.impl.LeaderElection.run(LeaderElection.java:133)
	at java.lang.Thread.run(Thread.java:748)
Caused by: org.apache.ratis.thirdparty.io.grpc.StatusRuntimeException: UNAVAILABLE: io exception
	at org.apache.ratis.thirdparty.io.grpc.stub.ClientCalls.toStatusRuntimeException(ClientCalls.java:233)
	at org.apache.ratis.thirdparty.io.grpc.stub.ClientCalls.getUnchecked(ClientCalls.java:214)
	at org.apache.ratis.thirdparty.io.grpc.stub.ClientCalls.blockingUnaryCall(ClientCalls.java:139)
	at org.apache.ratis.proto.grpc.RaftServerProtocolServiceGrpc$RaftServerProtocolServiceBlockingStub.requestVote(RaftServerProtocolServiceGrpc.java:265)
	at org.apache.ratis.grpc.server.GrpcServerProtocolClient.requestVote(GrpcServerProtocolClient.java:99)
	at org.apache.ratis.grpc.server.GrpcService.requestVote(GrpcService.java:204)
	at org.apache.ratis.server.impl.LeaderElection.lambda$submitRequests$1(LeaderElection.java:234)
	at java.util.concurrent.FutureTask.run(FutureTask.java:266)
	at java.util.concurrent.Executors$RunnableAdapter.call(Executors.java:511)
	at java.util.concurrent.FutureTask.run(FutureTask.java:266)
	at java.util.concurrent.ThreadPoolExecutor.runWorker(ThreadPoolExecutor.java:1149)
	at java.util.concurrent.ThreadPoolExecutor$Worker.run(ThreadPoolExecutor.java:624)
	... 1 more
Caused by: org.apache.ratis.thirdparty.io.netty.channel.AbstractChannel$AnnotatedConnectException: Connection refused: /192.168.157.223:42172
	at sun.nio.ch.SocketChannelImpl.checkConnect(Native Method)
	at sun.nio.ch.SocketChannelImpl.finishConnect(SocketChannelImpl.java:717)
	at org.apache.ratis.thirdparty.io.netty.channel.socket.nio.NioSocketChannel.doFinishConnect(NioSocketChannel.java:327)
	at org.apache.ratis.thirdparty.io.netty.channel.nio.AbstractNioChannel$AbstractNioUnsafe.finishConnect(AbstractNioChannel.java:340)
	at org.apache.ratis.thirdparty.io.netty.channel.nio.NioEventLoop.processSelectedKey(NioEventLoop.java:632)
	at org.apache.ratis.thirdparty.io.netty.channel.nio.NioEventLoop.processSelectedKeysOptimized(NioEventLoop.java:579)
	at org.apache.ratis.thirdparty.io.netty.channel.nio.NioEventLoop.processSelectedKeys(NioEventLoop.java:496)
	at org.apache.ratis.thirdparty.io.netty.channel.nio.NioEventLoop.run(NioEventLoop.java:458)
	at org.apache.ratis.thirdparty.io.netty.util.concurrent.SingleThreadEventExecutor$5.run(SingleThreadEventExecutor.java:897)
	at org.apache.ratis.thirdparty.io.netty.util.concurrent.FastThreadLocalRunnable.run(FastThreadLocalRunnable.java:30)
	... 1 more
Caused by: java.net.ConnectException: Connection refused
	... 11 more
2019-10-17 21:55:14,674 [grpc-default-executor-1] INFO  impl.RaftServerImpl (RaftServerImpl.java:setRole(184)) - 08d4cbaa-ffed-4411-a5fd-c4a38026aead@group-F967393F7C93: changes role from  FOLLOWER to FOLLOWER at term 254 for recognizeCandidate:d6dfcdd7-fc6e-4b51-b91e-b64503dadc5e
2019-10-17 21:55:14,674 [grpc-default-executor-1] INFO  impl.RoleInfo (RoleInfo.java:shutdownFollowerState(121)) - 08d4cbaa-ffed-4411-a5fd-c4a38026aead: shutdown FollowerState
2019-10-17 21:55:14,674 [grpc-default-executor-1] INFO  impl.RoleInfo (RoleInfo.java:updateAndGet(143)) - 08d4cbaa-ffed-4411-a5fd-c4a38026aead: start FollowerState
2019-10-17 21:55:14,674 [Thread-2172] INFO  impl.FollowerState (FollowerState.java:run(117)) - 08d4cbaa-ffed-4411-a5fd-c4a38026aead@group-F967393F7C93-FollowerState was interrupted: java.lang.InterruptedException: sleep interrupted
2019-10-17 21:55:14,700 [d6dfcdd7-fc6e-4b51-b91e-b64503dadc5e@group-F967393F7C93-LeaderElection253] INFO  impl.LeaderElection (LeaderElection.java:logAndReturn(56)) - d6dfcdd7-fc6e-4b51-b91e-b64503dadc5e@group-F967393F7C93-LeaderElection253: Election REJECTED; received 1 response(s) [d6dfcdd7-fc6e-4b51-b91e-b64503dadc5e<-08d4cbaa-ffed-4411-a5fd-c4a38026aead#0:FAIL-t254] and 1 exception(s); d6dfcdd7-fc6e-4b51-b91e-b64503dadc5e@group-F967393F7C93:t254, leader=null, voted=d6dfcdd7-fc6e-4b51-b91e-b64503dadc5e, raftlog=d6dfcdd7-fc6e-4b51-b91e-b64503dadc5e@group-F967393F7C93-SegmentedRaftLog:OPENED:c-1,f-1,i0, conf=-1: [08d4cbaa-ffed-4411-a5fd-c4a38026aead:192.168.157.223:33910, da15dfee-23f0-4dc4-ad77-c00156c49cfa:192.168.157.223:42172, d6dfcdd7-fc6e-4b51-b91e-b64503dadc5e:192.168.157.223:43575], old=null
2019-10-17 21:55:14,700 [d6dfcdd7-fc6e-4b51-b91e-b64503dadc5e@group-F967393F7C93-LeaderElection253] INFO  impl.LeaderElection (LogUtils.java:infoOrTrace(149)) -   Exception 0: {}
java.util.concurrent.ExecutionException: org.apache.ratis.thirdparty.io.grpc.StatusRuntimeException: UNAVAILABLE: io exception
	at java.util.concurrent.FutureTask.report(FutureTask.java:122)
	at java.util.concurrent.FutureTask.get(FutureTask.java:192)
	at org.apache.ratis.server.impl.LeaderElection.waitForResults(LeaderElection.java:259)
	at org.apache.ratis.server.impl.LeaderElection.askForVotes(LeaderElection.java:197)
	at org.apache.ratis.server.impl.LeaderElection.run(LeaderElection.java:133)
	at java.lang.Thread.run(Thread.java:748)
Caused by: org.apache.ratis.thirdparty.io.grpc.StatusRuntimeException: UNAVAILABLE: io exception
	at org.apache.ratis.thirdparty.io.grpc.stub.ClientCalls.toStatusRuntimeException(ClientCalls.java:233)
	at org.apache.ratis.thirdparty.io.grpc.stub.ClientCalls.getUnchecked(ClientCalls.java:214)
	at org.apache.ratis.thirdparty.io.grpc.stub.ClientCalls.blockingUnaryCall(ClientCalls.java:139)
	at org.apache.ratis.proto.grpc.RaftServerProtocolServiceGrpc$RaftServerProtocolServiceBlockingStub.requestVote(RaftServerProtocolServiceGrpc.java:265)
	at org.apache.ratis.grpc.server.GrpcServerProtocolClient.requestVote(GrpcServerProtocolClient.java:99)
	at org.apache.ratis.grpc.server.GrpcService.requestVote(GrpcService.java:204)
	at org.apache.ratis.server.impl.LeaderElection.lambda$submitRequests$1(LeaderElection.java:234)
	at java.util.concurrent.FutureTask.run(FutureTask.java:266)
	at java.util.concurrent.Executors$RunnableAdapter.call(Executors.java:511)
	at java.util.concurrent.FutureTask.run(FutureTask.java:266)
	at java.util.concurrent.ThreadPoolExecutor.runWorker(ThreadPoolExecutor.java:1149)
	at java.util.concurrent.ThreadPoolExecutor$Worker.run(ThreadPoolExecutor.java:624)
	... 1 more
Caused by: org.apache.ratis.thirdparty.io.netty.channel.AbstractChannel$AnnotatedConnectException: Connection refused: /192.168.157.223:42172
	at sun.nio.ch.SocketChannelImpl.checkConnect(Native Method)
	at sun.nio.ch.SocketChannelImpl.finishConnect(SocketChannelImpl.java:717)
	at org.apache.ratis.thirdparty.io.netty.channel.socket.nio.NioSocketChannel.doFinishConnect(NioSocketChannel.java:327)
	at org.apache.ratis.thirdparty.io.netty.channel.nio.AbstractNioChannel$AbstractNioUnsafe.finishConnect(AbstractNioChannel.java:340)
	at org.apache.ratis.thirdparty.io.netty.channel.nio.NioEventLoop.processSelectedKey(NioEventLoop.java:632)
	at org.apache.ratis.thirdparty.io.netty.channel.nio.NioEventLoop.processSelectedKeysOptimized(NioEventLoop.java:579)
	at org.apache.ratis.thirdparty.io.netty.channel.nio.NioEventLoop.processSelectedKeys(NioEventLoop.java:496)
	at org.apache.ratis.thirdparty.io.netty.channel.nio.NioEventLoop.run(NioEventLoop.java:458)
	at org.apache.ratis.thirdparty.io.netty.util.concurrent.SingleThreadEventExecutor$5.run(SingleThreadEventExecutor.java:897)
	at org.apache.ratis.thirdparty.io.netty.util.concurrent.FastThreadLocalRunnable.run(FastThreadLocalRunnable.java:30)
	... 1 more
Caused by: java.net.ConnectException: Connection refused
	... 11 more
2019-10-17 21:55:14,700 [d6dfcdd7-fc6e-4b51-b91e-b64503dadc5e@group-F967393F7C93-LeaderElection253] INFO  impl.RaftServerImpl (RaftServerImpl.java:setRole(184)) - d6dfcdd7-fc6e-4b51-b91e-b64503dadc5e@group-F967393F7C93: changes role from CANDIDATE to FOLLOWER at term 254 for DISCOVERED_A_NEW_TERM
2019-10-17 21:55:14,700 [d6dfcdd7-fc6e-4b51-b91e-b64503dadc5e@group-F967393F7C93-LeaderElection253] INFO  impl.RoleInfo (RoleInfo.java:shutdownLeaderElection(134)) - d6dfcdd7-fc6e-4b51-b91e-b64503dadc5e: shutdown LeaderElection
2019-10-17 21:55:14,701 [d6dfcdd7-fc6e-4b51-b91e-b64503dadc5e@group-F967393F7C93-LeaderElection253] INFO  impl.RoleInfo (RoleInfo.java:updateAndGet(143)) - d6dfcdd7-fc6e-4b51-b91e-b64503dadc5e: start FollowerState
2019-10-17 21:55:14,752 [Thread-2178] INFO  impl.FollowerState (FollowerState.java:run(108)) - d6dfcdd7-fc6e-4b51-b91e-b64503dadc5e@group-F967393F7C93-FollowerState: change to CANDIDATE, lastRpcTime:51ms, electionTimeout:51ms
2019-10-17 21:55:14,752 [Thread-2178] INFO  impl.RoleInfo (RoleInfo.java:shutdownFollowerState(121)) - d6dfcdd7-fc6e-4b51-b91e-b64503dadc5e: shutdown FollowerState
2019-10-17 21:55:14,752 [Thread-2178] INFO  impl.RaftServerImpl (RaftServerImpl.java:setRole(184)) - d6dfcdd7-fc6e-4b51-b91e-b64503dadc5e@group-F967393F7C93: changes role from  FOLLOWER to CANDIDATE at term 254 for changeToCandidate
2019-10-17 21:55:14,752 [Thread-2178] INFO  impl.RoleInfo (RoleInfo.java:updateAndGet(143)) - d6dfcdd7-fc6e-4b51-b91e-b64503dadc5e: start LeaderElection
2019-10-17 21:55:14,765 [d6dfcdd7-fc6e-4b51-b91e-b64503dadc5e@group-F967393F7C93-LeaderElection254] INFO  impl.LeaderElection (LeaderElection.java:askForVotes(178)) - d6dfcdd7-fc6e-4b51-b91e-b64503dadc5e@group-F967393F7C93-LeaderElection254: begin an election at term 255 for -1: [08d4cbaa-ffed-4411-a5fd-c4a38026aead:192.168.157.223:33910, da15dfee-23f0-4dc4-ad77-c00156c49cfa:192.168.157.223:42172, d6dfcdd7-fc6e-4b51-b91e-b64503dadc5e:192.168.157.223:43575], old=null
2019-10-17 21:55:14,766 [d6dfcdd7-fc6e-4b51-b91e-b64503dadc5e@group-F967393F7C93-LeaderElection254] INFO  impl.LeaderElection (LogUtils.java:infoOrTrace(149)) - d6dfcdd7-fc6e-4b51-b91e-b64503dadc5e@group-F967393F7C93-LeaderElection254 got exception when requesting votes: {}
java.util.concurrent.ExecutionException: org.apache.ratis.thirdparty.io.grpc.StatusRuntimeException: UNAVAILABLE: io exception
	at java.util.concurrent.FutureTask.report(FutureTask.java:122)
	at java.util.concurrent.FutureTask.get(FutureTask.java:192)
	at org.apache.ratis.server.impl.LeaderElection.waitForResults(LeaderElection.java:259)
	at org.apache.ratis.server.impl.LeaderElection.askForVotes(LeaderElection.java:197)
	at org.apache.ratis.server.impl.LeaderElection.run(LeaderElection.java:133)
	at java.lang.Thread.run(Thread.java:748)
Caused by: org.apache.ratis.thirdparty.io.grpc.StatusRuntimeException: UNAVAILABLE: io exception
	at org.apache.ratis.thirdparty.io.grpc.stub.ClientCalls.toStatusRuntimeException(ClientCalls.java:233)
	at org.apache.ratis.thirdparty.io.grpc.stub.ClientCalls.getUnchecked(ClientCalls.java:214)
	at org.apache.ratis.thirdparty.io.grpc.stub.ClientCalls.blockingUnaryCall(ClientCalls.java:139)
	at org.apache.ratis.proto.grpc.RaftServerProtocolServiceGrpc$RaftServerProtocolServiceBlockingStub.requestVote(RaftServerProtocolServiceGrpc.java:265)
	at org.apache.ratis.grpc.server.GrpcServerProtocolClient.requestVote(GrpcServerProtocolClient.java:99)
	at org.apache.ratis.grpc.server.GrpcService.requestVote(GrpcService.java:204)
	at org.apache.ratis.server.impl.LeaderElection.lambda$submitRequests$1(LeaderElection.java:234)
	at java.util.concurrent.FutureTask.run(FutureTask.java:266)
	at java.util.concurrent.Executors$RunnableAdapter.call(Executors.java:511)
	at java.util.concurrent.FutureTask.run(FutureTask.java:266)
	at java.util.concurrent.ThreadPoolExecutor.runWorker(ThreadPoolExecutor.java:1149)
	at java.util.concurrent.ThreadPoolExecutor$Worker.run(ThreadPoolExecutor.java:624)
	... 1 more
Caused by: org.apache.ratis.thirdparty.io.netty.channel.AbstractChannel$AnnotatedConnectException: Connection refused: /192.168.157.223:42172
	at sun.nio.ch.SocketChannelImpl.checkConnect(Native Method)
	at sun.nio.ch.SocketChannelImpl.finishConnect(SocketChannelImpl.java:717)
	at org.apache.ratis.thirdparty.io.netty.channel.socket.nio.NioSocketChannel.doFinishConnect(NioSocketChannel.java:327)
	at org.apache.ratis.thirdparty.io.netty.channel.nio.AbstractNioChannel$AbstractNioUnsafe.finishConnect(AbstractNioChannel.java:340)
	at org.apache.ratis.thirdparty.io.netty.channel.nio.NioEventLoop.processSelectedKey(NioEventLoop.java:632)
	at org.apache.ratis.thirdparty.io.netty.channel.nio.NioEventLoop.processSelectedKeysOptimized(NioEventLoop.java:579)
	at org.apache.ratis.thirdparty.io.netty.channel.nio.NioEventLoop.processSelectedKeys(NioEventLoop.java:496)
	at org.apache.ratis.thirdparty.io.netty.channel.nio.NioEventLoop.run(NioEventLoop.java:458)
	at org.apache.ratis.thirdparty.io.netty.util.concurrent.SingleThreadEventExecutor$5.run(SingleThreadEventExecutor.java:897)
	at org.apache.ratis.thirdparty.io.netty.util.concurrent.FastThreadLocalRunnable.run(FastThreadLocalRunnable.java:30)
	... 1 more
Caused by: java.net.ConnectException: Connection refused
	... 11 more
2019-10-17 21:55:14,767 [d6dfcdd7-fc6e-4b51-b91e-b64503dadc5e@group-F967393F7C93-LeaderElection254] INFO  impl.LeaderElection (LeaderElection.java:logAndReturn(56)) - d6dfcdd7-fc6e-4b51-b91e-b64503dadc5e@group-F967393F7C93-LeaderElection254: Election TIMEOUT; received 0 response(s) [] and 1 exception(s); d6dfcdd7-fc6e-4b51-b91e-b64503dadc5e@group-F967393F7C93:t255, leader=null, voted=d6dfcdd7-fc6e-4b51-b91e-b64503dadc5e, raftlog=d6dfcdd7-fc6e-4b51-b91e-b64503dadc5e@group-F967393F7C93-SegmentedRaftLog:OPENED:c-1,f-1,i0, conf=-1: [08d4cbaa-ffed-4411-a5fd-c4a38026aead:192.168.157.223:33910, da15dfee-23f0-4dc4-ad77-c00156c49cfa:192.168.157.223:42172, d6dfcdd7-fc6e-4b51-b91e-b64503dadc5e:192.168.157.223:43575], old=null
2019-10-17 21:55:14,767 [d6dfcdd7-fc6e-4b51-b91e-b64503dadc5e@group-F967393F7C93-LeaderElection254] INFO  impl.LeaderElection (LogUtils.java:infoOrTrace(149)) -   Exception 0: {}
java.util.concurrent.ExecutionException: org.apache.ratis.thirdparty.io.grpc.StatusRuntimeException: UNAVAILABLE: io exception
	at java.util.concurrent.FutureTask.report(FutureTask.java:122)
	at java.util.concurrent.FutureTask.get(FutureTask.java:192)
	at org.apache.ratis.server.impl.LeaderElection.waitForResults(LeaderElection.java:259)
	at org.apache.ratis.server.impl.LeaderElection.askForVotes(LeaderElection.java:197)
	at org.apache.ratis.server.impl.LeaderElection.run(LeaderElection.java:133)
	at java.lang.Thread.run(Thread.java:748)
Caused by: org.apache.ratis.thirdparty.io.grpc.StatusRuntimeException: UNAVAILABLE: io exception
	at org.apache.ratis.thirdparty.io.grpc.stub.ClientCalls.toStatusRuntimeException(ClientCalls.java:233)
	at org.apache.ratis.thirdparty.io.grpc.stub.ClientCalls.getUnchecked(ClientCalls.java:214)
	at org.apache.ratis.thirdparty.io.grpc.stub.ClientCalls.blockingUnaryCall(ClientCalls.java:139)
	at org.apache.ratis.proto.grpc.RaftServerProtocolServiceGrpc$RaftServerProtocolServiceBlockingStub.requestVote(RaftServerProtocolServiceGrpc.java:265)
	at org.apache.ratis.grpc.server.GrpcServerProtocolClient.requestVote(GrpcServerProtocolClient.java:99)
	at org.apache.ratis.grpc.server.GrpcService.requestVote(GrpcService.java:204)
	at org.apache.ratis.server.impl.LeaderElection.lambda$submitRequests$1(LeaderElection.java:234)
	at java.util.concurrent.FutureTask.run(FutureTask.java:266)
	at java.util.concurrent.Executors$RunnableAdapter.call(Executors.java:511)
	at java.util.concurrent.FutureTask.run(FutureTask.java:266)
	at java.util.concurrent.ThreadPoolExecutor.runWorker(ThreadPoolExecutor.java:1149)
	at java.util.concurrent.ThreadPoolExecutor$Worker.run(ThreadPoolExecutor.java:624)
	... 1 more
Caused by: org.apache.ratis.thirdparty.io.netty.channel.AbstractChannel$AnnotatedConnectException: Connection refused: /192.168.157.223:42172
	at sun.nio.ch.SocketChannelImpl.checkConnect(Native Method)
	at sun.nio.ch.SocketChannelImpl.finishConnect(SocketChannelImpl.java:717)
	at org.apache.ratis.thirdparty.io.netty.channel.socket.nio.NioSocketChannel.doFinishConnect(NioSocketChannel.java:327)
	at org.apache.ratis.thirdparty.io.netty.channel.nio.AbstractNioChannel$AbstractNioUnsafe.finishConnect(AbstractNioChannel.java:340)
	at org.apache.ratis.thirdparty.io.netty.channel.nio.NioEventLoop.processSelectedKey(NioEventLoop.java:632)
	at org.apache.ratis.thirdparty.io.netty.channel.nio.NioEventLoop.processSelectedKeysOptimized(NioEventLoop.java:579)
	at org.apache.ratis.thirdparty.io.netty.channel.nio.NioEventLoop.processSelectedKeys(NioEventLoop.java:496)
	at org.apache.ratis.thirdparty.io.netty.channel.nio.NioEventLoop.run(NioEventLoop.java:458)
	at org.apache.ratis.thirdparty.io.netty.util.concurrent.SingleThreadEventExecutor$5.run(SingleThreadEventExecutor.java:897)
	at org.apache.ratis.thirdparty.io.netty.util.concurrent.FastThreadLocalRunnable.run(FastThreadLocalRunnable.java:30)
	... 1 more
Caused by: java.net.ConnectException: Connection refused
	... 11 more
2019-10-17 21:55:14,767 [grpc-default-executor-1] INFO  impl.RaftServerImpl (RaftServerImpl.java:setRole(184)) - 08d4cbaa-ffed-4411-a5fd-c4a38026aead@group-F967393F7C93: changes role from  FOLLOWER to FOLLOWER at term 255 for recognizeCandidate:d6dfcdd7-fc6e-4b51-b91e-b64503dadc5e
2019-10-17 21:55:14,768 [grpc-default-executor-1] INFO  impl.RoleInfo (RoleInfo.java:shutdownFollowerState(121)) - 08d4cbaa-ffed-4411-a5fd-c4a38026aead: shutdown FollowerState
2019-10-17 21:55:14,768 [grpc-default-executor-1] INFO  impl.RoleInfo (RoleInfo.java:updateAndGet(143)) - 08d4cbaa-ffed-4411-a5fd-c4a38026aead: start FollowerState
2019-10-17 21:55:14,768 [Thread-2177] INFO  impl.FollowerState (FollowerState.java:run(117)) - 08d4cbaa-ffed-4411-a5fd-c4a38026aead@group-F967393F7C93-FollowerState was interrupted: java.lang.InterruptedException: sleep interrupted
2019-10-17 21:55:14,779 [java.util.concurrent.ThreadPoolExecutor$Worker@71aa17a1[State = -1, empty queue]] WARN  server.GrpcLogAppender (GrpcLogAppender.java:timeoutAppendRequest(209)) - de567563-d0dd-4cf2-91b7-f72627909699@group-3097D7458558->db0af43e-c62e-4c1d-affa-ffdb4faae2f8-GrpcLogAppender: appendEntries Timeout, request=de567563-d0dd-4cf2-91b7-f72627909699->db0af43e-c62e-4c1d-affa-ffdb4faae2f8#59-t10, previous=(t:10, i:4), leaderCommit=4, initializing? false, entries: <empty>
2019-10-17 21:55:14,781 [d6dfcdd7-fc6e-4b51-b91e-b64503dadc5e@group-F967393F7C93-LeaderElection254] INFO  impl.LeaderElection (LeaderElection.java:askForVotes(178)) - d6dfcdd7-fc6e-4b51-b91e-b64503dadc5e@group-F967393F7C93-LeaderElection254: begin an election at term 256 for -1: [08d4cbaa-ffed-4411-a5fd-c4a38026aead:192.168.157.223:33910, da15dfee-23f0-4dc4-ad77-c00156c49cfa:192.168.157.223:42172, d6dfcdd7-fc6e-4b51-b91e-b64503dadc5e:192.168.157.223:43575], old=null
2019-10-17 21:55:14,782 [d6dfcdd7-fc6e-4b51-b91e-b64503dadc5e@group-F967393F7C93-LeaderElection254] INFO  impl.LeaderElection (LogUtils.java:infoOrTrace(149)) - d6dfcdd7-fc6e-4b51-b91e-b64503dadc5e@group-F967393F7C93-LeaderElection254 got exception when requesting votes: {}
java.util.concurrent.ExecutionException: org.apache.ratis.thirdparty.io.grpc.StatusRuntimeException: UNAVAILABLE: io exception
	at java.util.concurrent.FutureTask.report(FutureTask.java:122)
	at java.util.concurrent.FutureTask.get(FutureTask.java:192)
	at org.apache.ratis.server.impl.LeaderElection.waitForResults(LeaderElection.java:259)
	at org.apache.ratis.server.impl.LeaderElection.askForVotes(LeaderElection.java:197)
	at org.apache.ratis.server.impl.LeaderElection.run(LeaderElection.java:133)
	at java.lang.Thread.run(Thread.java:748)
Caused by: org.apache.ratis.thirdparty.io.grpc.StatusRuntimeException: UNAVAILABLE: io exception
	at org.apache.ratis.thirdparty.io.grpc.stub.ClientCalls.toStatusRuntimeException(ClientCalls.java:233)
	at org.apache.ratis.thirdparty.io.grpc.stub.ClientCalls.getUnchecked(ClientCalls.java:214)
	at org.apache.ratis.thirdparty.io.grpc.stub.ClientCalls.blockingUnaryCall(ClientCalls.java:139)
	at org.apache.ratis.proto.grpc.RaftServerProtocolServiceGrpc$RaftServerProtocolServiceBlockingStub.requestVote(RaftServerProtocolServiceGrpc.java:265)
	at org.apache.ratis.grpc.server.GrpcServerProtocolClient.requestVote(GrpcServerProtocolClient.java:99)
	at org.apache.ratis.grpc.server.GrpcService.requestVote(GrpcService.java:204)
	at org.apache.ratis.server.impl.LeaderElection.lambda$submitRequests$1(LeaderElection.java:234)
	at java.util.concurrent.FutureTask.run(FutureTask.java:266)
	at java.util.concurrent.Executors$RunnableAdapter.call(Executors.java:511)
	at java.util.concurrent.FutureTask.run(FutureTask.java:266)
	at java.util.concurrent.ThreadPoolExecutor.runWorker(ThreadPoolExecutor.java:1149)
	at java.util.concurrent.ThreadPoolExecutor$Worker.run(ThreadPoolExecutor.java:624)
	... 1 more
Caused by: org.apache.ratis.thirdparty.io.netty.channel.AbstractChannel$AnnotatedConnectException: Connection refused: /192.168.157.223:42172
	at sun.nio.ch.SocketChannelImpl.checkConnect(Native Method)
	at sun.nio.ch.SocketChannelImpl.finishConnect(SocketChannelImpl.java:717)
	at org.apache.ratis.thirdparty.io.netty.channel.socket.nio.NioSocketChannel.doFinishConnect(NioSocketChannel.java:327)
	at org.apache.ratis.thirdparty.io.netty.channel.nio.AbstractNioChannel$AbstractNioUnsafe.finishConnect(AbstractNioChannel.java:340)
	at org.apache.ratis.thirdparty.io.netty.channel.nio.NioEventLoop.processSelectedKey(NioEventLoop.java:632)
	at org.apache.ratis.thirdparty.io.netty.channel.nio.NioEventLoop.processSelectedKeysOptimized(NioEventLoop.java:579)
	at org.apache.ratis.thirdparty.io.netty.channel.nio.NioEventLoop.processSelectedKeys(NioEventLoop.java:496)
	at org.apache.ratis.thirdparty.io.netty.channel.nio.NioEventLoop.run(NioEventLoop.java:458)
	at org.apache.ratis.thirdparty.io.netty.util.concurrent.SingleThreadEventExecutor$5.run(SingleThreadEventExecutor.java:897)
	at org.apache.ratis.thirdparty.io.netty.util.concurrent.FastThreadLocalRunnable.run(FastThreadLocalRunnable.java:30)
	... 1 more
Caused by: java.net.ConnectException: Connection refused
	... 11 more
2019-10-17 21:55:14,783 [grpc-default-executor-1] INFO  impl.RaftServerImpl (RaftServerImpl.java:setRole(184)) - 08d4cbaa-ffed-4411-a5fd-c4a38026aead@group-F967393F7C93: changes role from  FOLLOWER to FOLLOWER at term 256 for recognizeCandidate:d6dfcdd7-fc6e-4b51-b91e-b64503dadc5e
2019-10-17 21:55:14,783 [grpc-default-executor-1] INFO  impl.RoleInfo (RoleInfo.java:shutdownFollowerState(121)) - 08d4cbaa-ffed-4411-a5fd-c4a38026aead: shutdown FollowerState
2019-10-17 21:55:14,783 [grpc-default-executor-1] INFO  impl.RoleInfo (RoleInfo.java:updateAndGet(143)) - 08d4cbaa-ffed-4411-a5fd-c4a38026aead: start FollowerState
2019-10-17 21:55:14,783 [Thread-2182] INFO  impl.FollowerState (FollowerState.java:run(117)) - 08d4cbaa-ffed-4411-a5fd-c4a38026aead@group-F967393F7C93-FollowerState was interrupted: java.lang.InterruptedException: sleep interrupted
2019-10-17 21:55:14,794 [d6dfcdd7-fc6e-4b51-b91e-b64503dadc5e@group-F967393F7C93-LeaderElection254] INFO  impl.LeaderElection (LeaderElection.java:logAndReturn(56)) - d6dfcdd7-fc6e-4b51-b91e-b64503dadc5e@group-F967393F7C93-LeaderElection254: Election TIMEOUT; received 0 response(s) [] and 1 exception(s); d6dfcdd7-fc6e-4b51-b91e-b64503dadc5e@group-F967393F7C93:t256, leader=null, voted=d6dfcdd7-fc6e-4b51-b91e-b64503dadc5e, raftlog=d6dfcdd7-fc6e-4b51-b91e-b64503dadc5e@group-F967393F7C93-SegmentedRaftLog:OPENED:c-1,f-1,i0, conf=-1: [08d4cbaa-ffed-4411-a5fd-c4a38026aead:192.168.157.223:33910, da15dfee-23f0-4dc4-ad77-c00156c49cfa:192.168.157.223:42172, d6dfcdd7-fc6e-4b51-b91e-b64503dadc5e:192.168.157.223:43575], old=null
2019-10-17 21:55:14,794 [d6dfcdd7-fc6e-4b51-b91e-b64503dadc5e@group-F967393F7C93-LeaderElection254] INFO  impl.LeaderElection (LogUtils.java:infoOrTrace(149)) -   Exception 0: {}
java.util.concurrent.ExecutionException: org.apache.ratis.thirdparty.io.grpc.StatusRuntimeException: UNAVAILABLE: io exception
	at java.util.concurrent.FutureTask.report(FutureTask.java:122)
	at java.util.concurrent.FutureTask.get(FutureTask.java:192)
	at org.apache.ratis.server.impl.LeaderElection.waitForResults(LeaderElection.java:259)
	at org.apache.ratis.server.impl.LeaderElection.askForVotes(LeaderElection.java:197)
	at org.apache.ratis.server.impl.LeaderElection.run(LeaderElection.java:133)
	at java.lang.Thread.run(Thread.java:748)
Caused by: org.apache.ratis.thirdparty.io.grpc.StatusRuntimeException: UNAVAILABLE: io exception
	at org.apache.ratis.thirdparty.io.grpc.stub.ClientCalls.toStatusRuntimeException(ClientCalls.java:233)
	at org.apache.ratis.thirdparty.io.grpc.stub.ClientCalls.getUnchecked(ClientCalls.java:214)
	at org.apache.ratis.thirdparty.io.grpc.stub.ClientCalls.blockingUnaryCall(ClientCalls.java:139)
	at org.apache.ratis.proto.grpc.RaftServerProtocolServiceGrpc$RaftServerProtocolServiceBlockingStub.requestVote(RaftServerProtocolServiceGrpc.java:265)
	at org.apache.ratis.grpc.server.GrpcServerProtocolClient.requestVote(GrpcServerProtocolClient.java:99)
	at org.apache.ratis.grpc.server.GrpcService.requestVote(GrpcService.java:204)
	at org.apache.ratis.server.impl.LeaderElection.lambda$submitRequests$1(LeaderElection.java:234)
	at java.util.concurrent.FutureTask.run(FutureTask.java:266)
	at java.util.concurrent.Executors$RunnableAdapter.call(Executors.java:511)
	at java.util.concurrent.FutureTask.run(FutureTask.java:266)
	at java.util.concurrent.ThreadPoolExecutor.runWorker(ThreadPoolExecutor.java:1149)
	at java.util.concurrent.ThreadPoolExecutor$Worker.run(ThreadPoolExecutor.java:624)
	... 1 more
Caused by: org.apache.ratis.thirdparty.io.netty.channel.AbstractChannel$AnnotatedConnectException: Connection refused: /192.168.157.223:42172
	at sun.nio.ch.SocketChannelImpl.checkConnect(Native Method)
	at sun.nio.ch.SocketChannelImpl.finishConnect(SocketChannelImpl.java:717)
	at org.apache.ratis.thirdparty.io.netty.channel.socket.nio.NioSocketChannel.doFinishConnect(NioSocketChannel.java:327)
	at org.apache.ratis.thirdparty.io.netty.channel.nio.AbstractNioChannel$AbstractNioUnsafe.finishConnect(AbstractNioChannel.java:340)
	at org.apache.ratis.thirdparty.io.netty.channel.nio.NioEventLoop.processSelectedKey(NioEventLoop.java:632)
	at org.apache.ratis.thirdparty.io.netty.channel.nio.NioEventLoop.processSelectedKeysOptimized(NioEventLoop.java:579)
	at org.apache.ratis.thirdparty.io.netty.channel.nio.NioEventLoop.processSelectedKeys(NioEventLoop.java:496)
	at org.apache.ratis.thirdparty.io.netty.channel.nio.NioEventLoop.run(NioEventLoop.java:458)
	at org.apache.ratis.thirdparty.io.netty.util.concurrent.SingleThreadEventExecutor$5.run(SingleThreadEventExecutor.java:897)
	at org.apache.ratis.thirdparty.io.netty.util.concurrent.FastThreadLocalRunnable.run(FastThreadLocalRunnable.java:30)
	... 1 more
Caused by: java.net.ConnectException: Connection refused
	... 11 more
2019-10-17 21:55:14,798 [d6dfcdd7-fc6e-4b51-b91e-b64503dadc5e@group-F967393F7C93-LeaderElection254] INFO  impl.LeaderElection (LeaderElection.java:askForVotes(178)) - d6dfcdd7-fc6e-4b51-b91e-b64503dadc5e@group-F967393F7C93-LeaderElection254: begin an election at term 257 for -1: [08d4cbaa-ffed-4411-a5fd-c4a38026aead:192.168.157.223:33910, da15dfee-23f0-4dc4-ad77-c00156c49cfa:192.168.157.223:42172, d6dfcdd7-fc6e-4b51-b91e-b64503dadc5e:192.168.157.223:43575], old=null
2019-10-17 21:55:14,799 [d6dfcdd7-fc6e-4b51-b91e-b64503dadc5e@group-F967393F7C93-LeaderElection254] INFO  impl.LeaderElection (LogUtils.java:infoOrTrace(149)) - d6dfcdd7-fc6e-4b51-b91e-b64503dadc5e@group-F967393F7C93-LeaderElection254 got exception when requesting votes: {}
java.util.concurrent.ExecutionException: org.apache.ratis.thirdparty.io.grpc.StatusRuntimeException: UNAVAILABLE: io exception
	at java.util.concurrent.FutureTask.report(FutureTask.java:122)
	at java.util.concurrent.FutureTask.get(FutureTask.java:192)
	at org.apache.ratis.server.impl.LeaderElection.waitForResults(LeaderElection.java:259)
	at org.apache.ratis.server.impl.LeaderElection.askForVotes(LeaderElection.java:197)
	at org.apache.ratis.server.impl.LeaderElection.run(LeaderElection.java:133)
	at java.lang.Thread.run(Thread.java:748)
Caused by: org.apache.ratis.thirdparty.io.grpc.StatusRuntimeException: UNAVAILABLE: io exception
	at org.apache.ratis.thirdparty.io.grpc.stub.ClientCalls.toStatusRuntimeException(ClientCalls.java:233)
	at org.apache.ratis.thirdparty.io.grpc.stub.ClientCalls.getUnchecked(ClientCalls.java:214)
	at org.apache.ratis.thirdparty.io.grpc.stub.ClientCalls.blockingUnaryCall(ClientCalls.java:139)
	at org.apache.ratis.proto.grpc.RaftServerProtocolServiceGrpc$RaftServerProtocolServiceBlockingStub.requestVote(RaftServerProtocolServiceGrpc.java:265)
	at org.apache.ratis.grpc.server.GrpcServerProtocolClient.requestVote(GrpcServerProtocolClient.java:99)
	at org.apache.ratis.grpc.server.GrpcService.requestVote(GrpcService.java:204)
	at org.apache.ratis.server.impl.LeaderElection.lambda$submitRequests$1(LeaderElection.java:234)
	at java.util.concurrent.FutureTask.run(FutureTask.java:266)
	at java.util.concurrent.Executors$RunnableAdapter.call(Executors.java:511)
	at java.util.concurrent.FutureTask.run(FutureTask.java:266)
	at java.util.concurrent.ThreadPoolExecutor.runWorker(ThreadPoolExecutor.java:1149)
	at java.util.concurrent.ThreadPoolExecutor$Worker.run(ThreadPoolExecutor.java:624)
	... 1 more
Caused by: org.apache.ratis.thirdparty.io.netty.channel.AbstractChannel$AnnotatedConnectException: Connection refused: /192.168.157.223:42172
	at sun.nio.ch.SocketChannelImpl.checkConnect(Native Method)
	at sun.nio.ch.SocketChannelImpl.finishConnect(SocketChannelImpl.java:717)
	at org.apache.ratis.thirdparty.io.netty.channel.socket.nio.NioSocketChannel.doFinishConnect(NioSocketChannel.java:327)
	at org.apache.ratis.thirdparty.io.netty.channel.nio.AbstractNioChannel$AbstractNioUnsafe.finishConnect(AbstractNioChannel.java:340)
	at org.apache.ratis.thirdparty.io.netty.channel.nio.NioEventLoop.processSelectedKey(NioEventLoop.java:632)
	at org.apache.ratis.thirdparty.io.netty.channel.nio.NioEventLoop.processSelectedKeysOptimized(NioEventLoop.java:579)
	at org.apache.ratis.thirdparty.io.netty.channel.nio.NioEventLoop.processSelectedKeys(NioEventLoop.java:496)
	at org.apache.ratis.thirdparty.io.netty.channel.nio.NioEventLoop.run(NioEventLoop.java:458)
	at org.apache.ratis.thirdparty.io.netty.util.concurrent.SingleThreadEventExecutor$5.run(SingleThreadEventExecutor.java:897)
	at org.apache.ratis.thirdparty.io.netty.util.concurrent.FastThreadLocalRunnable.run(FastThreadLocalRunnable.java:30)
	... 1 more
Caused by: java.net.ConnectException: Connection refused
	... 11 more
2019-10-17 21:55:14,800 [grpc-default-executor-1] INFO  impl.RaftServerImpl (RaftServerImpl.java:setRole(184)) - 08d4cbaa-ffed-4411-a5fd-c4a38026aead@group-F967393F7C93: changes role from  FOLLOWER to FOLLOWER at term 257 for recognizeCandidate:d6dfcdd7-fc6e-4b51-b91e-b64503dadc5e
2019-10-17 21:55:14,800 [grpc-default-executor-1] INFO  impl.RoleInfo (RoleInfo.java:shutdownFollowerState(121)) - 08d4cbaa-ffed-4411-a5fd-c4a38026aead: shutdown FollowerState
2019-10-17 21:55:14,800 [grpc-default-executor-1] INFO  impl.RoleInfo (RoleInfo.java:updateAndGet(143)) - 08d4cbaa-ffed-4411-a5fd-c4a38026aead: start FollowerState
2019-10-17 21:55:14,800 [Thread-2185] INFO  impl.FollowerState (FollowerState.java:run(117)) - 08d4cbaa-ffed-4411-a5fd-c4a38026aead@group-F967393F7C93-FollowerState was interrupted: java.lang.InterruptedException: sleep interrupted
2019-10-17 21:55:14,813 [d6dfcdd7-fc6e-4b51-b91e-b64503dadc5e@group-F967393F7C93-LeaderElection254] INFO  impl.LeaderElection (LeaderElection.java:logAndReturn(56)) - d6dfcdd7-fc6e-4b51-b91e-b64503dadc5e@group-F967393F7C93-LeaderElection254: Election REJECTED; received 1 response(s) [d6dfcdd7-fc6e-4b51-b91e-b64503dadc5e<-08d4cbaa-ffed-4411-a5fd-c4a38026aead#0:FAIL-t257] and 1 exception(s); d6dfcdd7-fc6e-4b51-b91e-b64503dadc5e@group-F967393F7C93:t257, leader=null, voted=d6dfcdd7-fc6e-4b51-b91e-b64503dadc5e, raftlog=d6dfcdd7-fc6e-4b51-b91e-b64503dadc5e@group-F967393F7C93-SegmentedRaftLog:OPENED:c-1,f-1,i0, conf=-1: [08d4cbaa-ffed-4411-a5fd-c4a38026aead:192.168.157.223:33910, da15dfee-23f0-4dc4-ad77-c00156c49cfa:192.168.157.223:42172, d6dfcdd7-fc6e-4b51-b91e-b64503dadc5e:192.168.157.223:43575], old=null
2019-10-17 21:55:14,814 [d6dfcdd7-fc6e-4b51-b91e-b64503dadc5e@group-F967393F7C93-LeaderElection254] INFO  impl.LeaderElection (LogUtils.java:infoOrTrace(149)) -   Exception 0: {}
java.util.concurrent.ExecutionException: org.apache.ratis.thirdparty.io.grpc.StatusRuntimeException: UNAVAILABLE: io exception
	at java.util.concurrent.FutureTask.report(FutureTask.java:122)
	at java.util.concurrent.FutureTask.get(FutureTask.java:192)
	at org.apache.ratis.server.impl.LeaderElection.waitForResults(LeaderElection.java:259)
	at org.apache.ratis.server.impl.LeaderElection.askForVotes(LeaderElection.java:197)
	at org.apache.ratis.server.impl.LeaderElection.run(LeaderElection.java:133)
	at java.lang.Thread.run(Thread.java:748)
Caused by: org.apache.ratis.thirdparty.io.grpc.StatusRuntimeException: UNAVAILABLE: io exception
	at org.apache.ratis.thirdparty.io.grpc.stub.ClientCalls.toStatusRuntimeException(ClientCalls.java:233)
	at org.apache.ratis.thirdparty.io.grpc.stub.ClientCalls.getUnchecked(ClientCalls.java:214)
	at org.apache.ratis.thirdparty.io.grpc.stub.ClientCalls.blockingUnaryCall(ClientCalls.java:139)
	at org.apache.ratis.proto.grpc.RaftServerProtocolServiceGrpc$RaftServerProtocolServiceBlockingStub.requestVote(RaftServerProtocolServiceGrpc.java:265)
	at org.apache.ratis.grpc.server.GrpcServerProtocolClient.requestVote(GrpcServerProtocolClient.java:99)
	at org.apache.ratis.grpc.server.GrpcService.requestVote(GrpcService.java:204)
	at org.apache.ratis.server.impl.LeaderElection.lambda$submitRequests$1(LeaderElection.java:234)
	at java.util.concurrent.FutureTask.run(FutureTask.java:266)
	at java.util.concurrent.Executors$RunnableAdapter.call(Executors.java:511)
	at java.util.concurrent.FutureTask.run(FutureTask.java:266)
	at java.util.concurrent.ThreadPoolExecutor.runWorker(ThreadPoolExecutor.java:1149)
	at java.util.concurrent.ThreadPoolExecutor$Worker.run(ThreadPoolExecutor.java:624)
	... 1 more
Caused by: org.apache.ratis.thirdparty.io.netty.channel.AbstractChannel$AnnotatedConnectException: Connection refused: /192.168.157.223:42172
	at sun.nio.ch.SocketChannelImpl.checkConnect(Native Method)
	at sun.nio.ch.SocketChannelImpl.finishConnect(SocketChannelImpl.java:717)
	at org.apache.ratis.thirdparty.io.netty.channel.socket.nio.NioSocketChannel.doFinishConnect(NioSocketChannel.java:327)
	at org.apache.ratis.thirdparty.io.netty.channel.nio.AbstractNioChannel$AbstractNioUnsafe.finishConnect(AbstractNioChannel.java:340)
	at org.apache.ratis.thirdparty.io.netty.channel.nio.NioEventLoop.processSelectedKey(NioEventLoop.java:632)
	at org.apache.ratis.thirdparty.io.netty.channel.nio.NioEventLoop.processSelectedKeysOptimized(NioEventLoop.java:579)
	at org.apache.ratis.thirdparty.io.netty.channel.nio.NioEventLoop.processSelectedKeys(NioEventLoop.java:496)
	at org.apache.ratis.thirdparty.io.netty.channel.nio.NioEventLoop.run(NioEventLoop.java:458)
	at org.apache.ratis.thirdparty.io.netty.util.concurrent.SingleThreadEventExecutor$5.run(SingleThreadEventExecutor.java:897)
	at org.apache.ratis.thirdparty.io.netty.util.concurrent.FastThreadLocalRunnable.run(FastThreadLocalRunnable.java:30)
	... 1 more
Caused by: java.net.ConnectException: Connection refused
	... 11 more
2019-10-17 21:55:14,814 [d6dfcdd7-fc6e-4b51-b91e-b64503dadc5e@group-F967393F7C93-LeaderElection254] INFO  impl.RaftServerImpl (RaftServerImpl.java:setRole(184)) - d6dfcdd7-fc6e-4b51-b91e-b64503dadc5e@group-F967393F7C93: changes role from CANDIDATE to FOLLOWER at term 257 for DISCOVERED_A_NEW_TERM
2019-10-17 21:55:14,814 [d6dfcdd7-fc6e-4b51-b91e-b64503dadc5e@group-F967393F7C93-LeaderElection254] INFO  impl.RoleInfo (RoleInfo.java:shutdownLeaderElection(134)) - d6dfcdd7-fc6e-4b51-b91e-b64503dadc5e: shutdown LeaderElection
2019-10-17 21:55:14,814 [d6dfcdd7-fc6e-4b51-b91e-b64503dadc5e@group-F967393F7C93-LeaderElection254] INFO  impl.RoleInfo (RoleInfo.java:updateAndGet(143)) - d6dfcdd7-fc6e-4b51-b91e-b64503dadc5e: start FollowerState
2019-10-17 21:55:14,921 [Thread-2189] INFO  impl.FollowerState (FollowerState.java:run(108)) - d6dfcdd7-fc6e-4b51-b91e-b64503dadc5e@group-F967393F7C93-FollowerState: change to CANDIDATE, lastRpcTime:106ms, electionTimeout:106ms
2019-10-17 21:55:14,921 [Thread-2189] INFO  impl.RoleInfo (RoleInfo.java:shutdownFollowerState(121)) - d6dfcdd7-fc6e-4b51-b91e-b64503dadc5e: shutdown FollowerState
2019-10-17 21:55:14,921 [Thread-2189] INFO  impl.RaftServerImpl (RaftServerImpl.java:setRole(184)) - d6dfcdd7-fc6e-4b51-b91e-b64503dadc5e@group-F967393F7C93: changes role from  FOLLOWER to CANDIDATE at term 257 for changeToCandidate
2019-10-17 21:55:14,921 [Thread-2189] INFO  impl.RoleInfo (RoleInfo.java:updateAndGet(143)) - d6dfcdd7-fc6e-4b51-b91e-b64503dadc5e: start LeaderElection
2019-10-17 21:55:14,935 [d6dfcdd7-fc6e-4b51-b91e-b64503dadc5e@group-F967393F7C93-LeaderElection255] INFO  impl.LeaderElection (LeaderElection.java:askForVotes(178)) - d6dfcdd7-fc6e-4b51-b91e-b64503dadc5e@group-F967393F7C93-LeaderElection255: begin an election at term 258 for -1: [08d4cbaa-ffed-4411-a5fd-c4a38026aead:192.168.157.223:33910, da15dfee-23f0-4dc4-ad77-c00156c49cfa:192.168.157.223:42172, d6dfcdd7-fc6e-4b51-b91e-b64503dadc5e:192.168.157.223:43575], old=null
2019-10-17 21:55:14,936 [d6dfcdd7-fc6e-4b51-b91e-b64503dadc5e@group-F967393F7C93-LeaderElection255] INFO  impl.LeaderElection (LogUtils.java:infoOrTrace(149)) - d6dfcdd7-fc6e-4b51-b91e-b64503dadc5e@group-F967393F7C93-LeaderElection255 got exception when requesting votes: {}
java.util.concurrent.ExecutionException: org.apache.ratis.thirdparty.io.grpc.StatusRuntimeException: UNAVAILABLE: io exception
	at java.util.concurrent.FutureTask.report(FutureTask.java:122)
	at java.util.concurrent.FutureTask.get(FutureTask.java:192)
	at org.apache.ratis.server.impl.LeaderElection.waitForResults(LeaderElection.java:259)
	at org.apache.ratis.server.impl.LeaderElection.askForVotes(LeaderElection.java:197)
	at org.apache.ratis.server.impl.LeaderElection.run(LeaderElection.java:133)
	at java.lang.Thread.run(Thread.java:748)
Caused by: org.apache.ratis.thirdparty.io.grpc.StatusRuntimeException: UNAVAILABLE: io exception
	at org.apache.ratis.thirdparty.io.grpc.stub.ClientCalls.toStatusRuntimeException(ClientCalls.java:233)
	at org.apache.ratis.thirdparty.io.grpc.stub.ClientCalls.getUnchecked(ClientCalls.java:214)
	at org.apache.ratis.thirdparty.io.grpc.stub.ClientCalls.blockingUnaryCall(ClientCalls.java:139)
	at org.apache.ratis.proto.grpc.RaftServerProtocolServiceGrpc$RaftServerProtocolServiceBlockingStub.requestVote(RaftServerProtocolServiceGrpc.java:265)
	at org.apache.ratis.grpc.server.GrpcServerProtocolClient.requestVote(GrpcServerProtocolClient.java:99)
	at org.apache.ratis.grpc.server.GrpcService.requestVote(GrpcService.java:204)
	at org.apache.ratis.server.impl.LeaderElection.lambda$submitRequests$1(LeaderElection.java:234)
	at java.util.concurrent.FutureTask.run(FutureTask.java:266)
	at java.util.concurrent.Executors$RunnableAdapter.call(Executors.java:511)
	at java.util.concurrent.FutureTask.run(FutureTask.java:266)
	at java.util.concurrent.ThreadPoolExecutor.runWorker(ThreadPoolExecutor.java:1149)
	at java.util.concurrent.ThreadPoolExecutor$Worker.run(ThreadPoolExecutor.java:624)
	... 1 more
Caused by: org.apache.ratis.thirdparty.io.netty.channel.AbstractChannel$AnnotatedConnectException: Connection refused: /192.168.157.223:42172
	at sun.nio.ch.SocketChannelImpl.checkConnect(Native Method)
	at sun.nio.ch.SocketChannelImpl.finishConnect(SocketChannelImpl.java:717)
	at org.apache.ratis.thirdparty.io.netty.channel.socket.nio.NioSocketChannel.doFinishConnect(NioSocketChannel.java:327)
	at org.apache.ratis.thirdparty.io.netty.channel.nio.AbstractNioChannel$AbstractNioUnsafe.finishConnect(AbstractNioChannel.java:340)
	at org.apache.ratis.thirdparty.io.netty.channel.nio.NioEventLoop.processSelectedKey(NioEventLoop.java:632)
	at org.apache.ratis.thirdparty.io.netty.channel.nio.NioEventLoop.processSelectedKeysOptimized(NioEventLoop.java:579)
	at org.apache.ratis.thirdparty.io.netty.channel.nio.NioEventLoop.processSelectedKeys(NioEventLoop.java:496)
	at org.apache.ratis.thirdparty.io.netty.channel.nio.NioEventLoop.run(NioEventLoop.java:458)
	at org.apache.ratis.thirdparty.io.netty.util.concurrent.SingleThreadEventExecutor$5.run(SingleThreadEventExecutor.java:897)
	at org.apache.ratis.thirdparty.io.netty.util.concurrent.FastThreadLocalRunnable.run(FastThreadLocalRunnable.java:30)
	... 1 more
Caused by: java.net.ConnectException: Connection refused
	... 11 more
2019-10-17 21:55:14,937 [grpc-default-executor-1] INFO  impl.RaftServerImpl (RaftServerImpl.java:setRole(184)) - 08d4cbaa-ffed-4411-a5fd-c4a38026aead@group-F967393F7C93: changes role from  FOLLOWER to FOLLOWER at term 258 for recognizeCandidate:d6dfcdd7-fc6e-4b51-b91e-b64503dadc5e
2019-10-17 21:55:14,937 [grpc-default-executor-1] INFO  impl.RoleInfo (RoleInfo.java:shutdownFollowerState(121)) - 08d4cbaa-ffed-4411-a5fd-c4a38026aead: shutdown FollowerState
2019-10-17 21:55:14,937 [grpc-default-executor-1] INFO  impl.RoleInfo (RoleInfo.java:updateAndGet(143)) - 08d4cbaa-ffed-4411-a5fd-c4a38026aead: start FollowerState
2019-10-17 21:55:14,937 [Thread-2188] INFO  impl.FollowerState (FollowerState.java:run(117)) - 08d4cbaa-ffed-4411-a5fd-c4a38026aead@group-F967393F7C93-FollowerState was interrupted: java.lang.InterruptedException: sleep interrupted
2019-10-17 21:55:14,951 [d6dfcdd7-fc6e-4b51-b91e-b64503dadc5e@group-F967393F7C93-LeaderElection255] INFO  impl.LeaderElection (LeaderElection.java:logAndReturn(56)) - d6dfcdd7-fc6e-4b51-b91e-b64503dadc5e@group-F967393F7C93-LeaderElection255: Election REJECTED; received 1 response(s) [d6dfcdd7-fc6e-4b51-b91e-b64503dadc5e<-08d4cbaa-ffed-4411-a5fd-c4a38026aead#0:FAIL-t258] and 1 exception(s); d6dfcdd7-fc6e-4b51-b91e-b64503dadc5e@group-F967393F7C93:t258, leader=null, voted=d6dfcdd7-fc6e-4b51-b91e-b64503dadc5e, raftlog=d6dfcdd7-fc6e-4b51-b91e-b64503dadc5e@group-F967393F7C93-SegmentedRaftLog:OPENED:c-1,f-1,i0, conf=-1: [08d4cbaa-ffed-4411-a5fd-c4a38026aead:192.168.157.223:33910, da15dfee-23f0-4dc4-ad77-c00156c49cfa:192.168.157.223:42172, d6dfcdd7-fc6e-4b51-b91e-b64503dadc5e:192.168.157.223:43575], old=null
2019-10-17 21:55:14,951 [d6dfcdd7-fc6e-4b51-b91e-b64503dadc5e@group-F967393F7C93-LeaderElection255] INFO  impl.LeaderElection (LogUtils.java:infoOrTrace(149)) -   Exception 0: {}
java.util.concurrent.ExecutionException: org.apache.ratis.thirdparty.io.grpc.StatusRuntimeException: UNAVAILABLE: io exception
	at java.util.concurrent.FutureTask.report(FutureTask.java:122)
	at java.util.concurrent.FutureTask.get(FutureTask.java:192)
	at org.apache.ratis.server.impl.LeaderElection.waitForResults(LeaderElection.java:259)
	at org.apache.ratis.server.impl.LeaderElection.askForVotes(LeaderElection.java:197)
	at org.apache.ratis.server.impl.LeaderElection.run(LeaderElection.java:133)
	at java.lang.Thread.run(Thread.java:748)
Caused by: org.apache.ratis.thirdparty.io.grpc.StatusRuntimeException: UNAVAILABLE: io exception
	at org.apache.ratis.thirdparty.io.grpc.stub.ClientCalls.toStatusRuntimeException(ClientCalls.java:233)
	at org.apache.ratis.thirdparty.io.grpc.stub.ClientCalls.getUnchecked(ClientCalls.java:214)
	at org.apache.ratis.thirdparty.io.grpc.stub.ClientCalls.blockingUnaryCall(ClientCalls.java:139)
	at org.apache.ratis.proto.grpc.RaftServerProtocolServiceGrpc$RaftServerProtocolServiceBlockingStub.requestVote(RaftServerProtocolServiceGrpc.java:265)
	at org.apache.ratis.grpc.server.GrpcServerProtocolClient.requestVote(GrpcServerProtocolClient.java:99)
	at org.apache.ratis.grpc.server.GrpcService.requestVote(GrpcService.java:204)
	at org.apache.ratis.server.impl.LeaderElection.lambda$submitRequests$1(LeaderElection.java:234)
	at java.util.concurrent.FutureTask.run(FutureTask.java:266)
	at java.util.concurrent.Executors$RunnableAdapter.call(Executors.java:511)
	at java.util.concurrent.FutureTask.run(FutureTask.java:266)
	at java.util.concurrent.ThreadPoolExecutor.runWorker(ThreadPoolExecutor.java:1149)
	at java.util.concurrent.ThreadPoolExecutor$Worker.run(ThreadPoolExecutor.java:624)
	... 1 more
Caused by: org.apache.ratis.thirdparty.io.netty.channel.AbstractChannel$AnnotatedConnectException: Connection refused: /192.168.157.223:42172
	at sun.nio.ch.SocketChannelImpl.checkConnect(Native Method)
	at sun.nio.ch.SocketChannelImpl.finishConnect(SocketChannelImpl.java:717)
	at org.apache.ratis.thirdparty.io.netty.channel.socket.nio.NioSocketChannel.doFinishConnect(NioSocketChannel.java:327)
	at org.apache.ratis.thirdparty.io.netty.channel.nio.AbstractNioChannel$AbstractNioUnsafe.finishConnect(AbstractNioChannel.java:340)
	at org.apache.ratis.thirdparty.io.netty.channel.nio.NioEventLoop.processSelectedKey(NioEventLoop.java:632)
	at org.apache.ratis.thirdparty.io.netty.channel.nio.NioEventLoop.processSelectedKeysOptimized(NioEventLoop.java:579)
	at org.apache.ratis.thirdparty.io.netty.channel.nio.NioEventLoop.processSelectedKeys(NioEventLoop.java:496)
	at org.apache.ratis.thirdparty.io.netty.channel.nio.NioEventLoop.run(NioEventLoop.java:458)
	at org.apache.ratis.thirdparty.io.netty.util.concurrent.SingleThreadEventExecutor$5.run(SingleThreadEventExecutor.java:897)
	at org.apache.ratis.thirdparty.io.netty.util.concurrent.FastThreadLocalRunnable.run(FastThreadLocalRunnable.java:30)
	... 1 more
Caused by: java.net.ConnectException: Connection refused
	... 11 more
2019-10-17 21:55:14,951 [d6dfcdd7-fc6e-4b51-b91e-b64503dadc5e@group-F967393F7C93-LeaderElection255] INFO  impl.RaftServerImpl (RaftServerImpl.java:setRole(184)) - d6dfcdd7-fc6e-4b51-b91e-b64503dadc5e@group-F967393F7C93: changes role from CANDIDATE to FOLLOWER at term 258 for DISCOVERED_A_NEW_TERM
2019-10-17 21:55:14,951 [d6dfcdd7-fc6e-4b51-b91e-b64503dadc5e@group-F967393F7C93-LeaderElection255] INFO  impl.RoleInfo (RoleInfo.java:shutdownLeaderElection(134)) - d6dfcdd7-fc6e-4b51-b91e-b64503dadc5e: shutdown LeaderElection
2019-10-17 21:55:14,952 [d6dfcdd7-fc6e-4b51-b91e-b64503dadc5e@group-F967393F7C93-LeaderElection255] INFO  impl.RoleInfo (RoleInfo.java:updateAndGet(143)) - d6dfcdd7-fc6e-4b51-b91e-b64503dadc5e: start FollowerState
2019-10-17 21:55:15,091 [Thread-2195] INFO  impl.FollowerState (FollowerState.java:run(108)) - d6dfcdd7-fc6e-4b51-b91e-b64503dadc5e@group-F967393F7C93-FollowerState: change to CANDIDATE, lastRpcTime:139ms, electionTimeout:139ms
2019-10-17 21:55:15,091 [Thread-2195] INFO  impl.RoleInfo (RoleInfo.java:shutdownFollowerState(121)) - d6dfcdd7-fc6e-4b51-b91e-b64503dadc5e: shutdown FollowerState
2019-10-17 21:55:15,091 [Thread-2195] INFO  impl.RaftServerImpl (RaftServerImpl.java:setRole(184)) - d6dfcdd7-fc6e-4b51-b91e-b64503dadc5e@group-F967393F7C93: changes role from  FOLLOWER to CANDIDATE at term 258 for changeToCandidate
2019-10-17 21:55:15,092 [Thread-2195] INFO  impl.RoleInfo (RoleInfo.java:updateAndGet(143)) - d6dfcdd7-fc6e-4b51-b91e-b64503dadc5e: start LeaderElection
2019-10-17 21:55:15,106 [d6dfcdd7-fc6e-4b51-b91e-b64503dadc5e@group-F967393F7C93-LeaderElection256] INFO  impl.LeaderElection (LeaderElection.java:askForVotes(178)) - d6dfcdd7-fc6e-4b51-b91e-b64503dadc5e@group-F967393F7C93-LeaderElection256: begin an election at term 259 for -1: [08d4cbaa-ffed-4411-a5fd-c4a38026aead:192.168.157.223:33910, da15dfee-23f0-4dc4-ad77-c00156c49cfa:192.168.157.223:42172, d6dfcdd7-fc6e-4b51-b91e-b64503dadc5e:192.168.157.223:43575], old=null
2019-10-17 21:55:15,107 [d6dfcdd7-fc6e-4b51-b91e-b64503dadc5e@group-F967393F7C93-LeaderElection256] INFO  impl.LeaderElection (LogUtils.java:infoOrTrace(149)) - d6dfcdd7-fc6e-4b51-b91e-b64503dadc5e@group-F967393F7C93-LeaderElection256 got exception when requesting votes: {}
java.util.concurrent.ExecutionException: org.apache.ratis.thirdparty.io.grpc.StatusRuntimeException: UNAVAILABLE: io exception
	at java.util.concurrent.FutureTask.report(FutureTask.java:122)
	at java.util.concurrent.FutureTask.get(FutureTask.java:192)
	at org.apache.ratis.server.impl.LeaderElection.waitForResults(LeaderElection.java:259)
	at org.apache.ratis.server.impl.LeaderElection.askForVotes(LeaderElection.java:197)
	at org.apache.ratis.server.impl.LeaderElection.run(LeaderElection.java:133)
	at java.lang.Thread.run(Thread.java:748)
Caused by: org.apache.ratis.thirdparty.io.grpc.StatusRuntimeException: UNAVAILABLE: io exception
	at org.apache.ratis.thirdparty.io.grpc.stub.ClientCalls.toStatusRuntimeException(ClientCalls.java:233)
	at org.apache.ratis.thirdparty.io.grpc.stub.ClientCalls.getUnchecked(ClientCalls.java:214)
	at org.apache.ratis.thirdparty.io.grpc.stub.ClientCalls.blockingUnaryCall(ClientCalls.java:139)
	at org.apache.ratis.proto.grpc.RaftServerProtocolServiceGrpc$RaftServerProtocolServiceBlockingStub.requestVote(RaftServerProtocolServiceGrpc.java:265)
	at org.apache.ratis.grpc.server.GrpcServerProtocolClient.requestVote(GrpcServerProtocolClient.java:99)
	at org.apache.ratis.grpc.server.GrpcService.requestVote(GrpcService.java:204)
	at org.apache.ratis.server.impl.LeaderElection.lambda$submitRequests$1(LeaderElection.java:234)
	at java.util.concurrent.FutureTask.run(FutureTask.java:266)
	at java.util.concurrent.Executors$RunnableAdapter.call(Executors.java:511)
	at java.util.concurrent.FutureTask.run(FutureTask.java:266)
	at java.util.concurrent.ThreadPoolExecutor.runWorker(ThreadPoolExecutor.java:1149)
	at java.util.concurrent.ThreadPoolExecutor$Worker.run(ThreadPoolExecutor.java:624)
	... 1 more
Caused by: org.apache.ratis.thirdparty.io.netty.channel.AbstractChannel$AnnotatedConnectException: Connection refused: /192.168.157.223:42172
	at sun.nio.ch.SocketChannelImpl.checkConnect(Native Method)
	at sun.nio.ch.SocketChannelImpl.finishConnect(SocketChannelImpl.java:717)
	at org.apache.ratis.thirdparty.io.netty.channel.socket.nio.NioSocketChannel.doFinishConnect(NioSocketChannel.java:327)
	at org.apache.ratis.thirdparty.io.netty.channel.nio.AbstractNioChannel$AbstractNioUnsafe.finishConnect(AbstractNioChannel.java:340)
	at org.apache.ratis.thirdparty.io.netty.channel.nio.NioEventLoop.processSelectedKey(NioEventLoop.java:632)
	at org.apache.ratis.thirdparty.io.netty.channel.nio.NioEventLoop.processSelectedKeysOptimized(NioEventLoop.java:579)
	at org.apache.ratis.thirdparty.io.netty.channel.nio.NioEventLoop.processSelectedKeys(NioEventLoop.java:496)
	at org.apache.ratis.thirdparty.io.netty.channel.nio.NioEventLoop.run(NioEventLoop.java:458)
	at org.apache.ratis.thirdparty.io.netty.util.concurrent.SingleThreadEventExecutor$5.run(SingleThreadEventExecutor.java:897)
	at org.apache.ratis.thirdparty.io.netty.util.concurrent.FastThreadLocalRunnable.run(FastThreadLocalRunnable.java:30)
	... 1 more
Caused by: java.net.ConnectException: Connection refused
	... 11 more
2019-10-17 21:55:15,108 [grpc-default-executor-1] INFO  impl.RaftServerImpl (RaftServerImpl.java:setRole(184)) - 08d4cbaa-ffed-4411-a5fd-c4a38026aead@group-F967393F7C93: changes role from  FOLLOWER to FOLLOWER at term 259 for recognizeCandidate:d6dfcdd7-fc6e-4b51-b91e-b64503dadc5e
2019-10-17 21:55:15,108 [grpc-default-executor-1] INFO  impl.RoleInfo (RoleInfo.java:shutdownFollowerState(121)) - 08d4cbaa-ffed-4411-a5fd-c4a38026aead: shutdown FollowerState
2019-10-17 21:55:15,108 [grpc-default-executor-1] INFO  impl.RoleInfo (RoleInfo.java:updateAndGet(143)) - 08d4cbaa-ffed-4411-a5fd-c4a38026aead: start FollowerState
2019-10-17 21:55:15,108 [Thread-2194] INFO  impl.FollowerState (FollowerState.java:run(117)) - 08d4cbaa-ffed-4411-a5fd-c4a38026aead@group-F967393F7C93-FollowerState was interrupted: java.lang.InterruptedException: sleep interrupted
2019-10-17 21:55:15,130 [d6dfcdd7-fc6e-4b51-b91e-b64503dadc5e@group-F967393F7C93-LeaderElection256] INFO  impl.LeaderElection (LeaderElection.java:logAndReturn(56)) - d6dfcdd7-fc6e-4b51-b91e-b64503dadc5e@group-F967393F7C93-LeaderElection256: Election REJECTED; received 1 response(s) [d6dfcdd7-fc6e-4b51-b91e-b64503dadc5e<-08d4cbaa-ffed-4411-a5fd-c4a38026aead#0:FAIL-t259] and 1 exception(s); d6dfcdd7-fc6e-4b51-b91e-b64503dadc5e@group-F967393F7C93:t259, leader=null, voted=d6dfcdd7-fc6e-4b51-b91e-b64503dadc5e, raftlog=d6dfcdd7-fc6e-4b51-b91e-b64503dadc5e@group-F967393F7C93-SegmentedRaftLog:OPENED:c-1,f-1,i0, conf=-1: [08d4cbaa-ffed-4411-a5fd-c4a38026aead:192.168.157.223:33910, da15dfee-23f0-4dc4-ad77-c00156c49cfa:192.168.157.223:42172, d6dfcdd7-fc6e-4b51-b91e-b64503dadc5e:192.168.157.223:43575], old=null
2019-10-17 21:55:15,130 [d6dfcdd7-fc6e-4b51-b91e-b64503dadc5e@group-F967393F7C93-LeaderElection256] INFO  impl.LeaderElection (LogUtils.java:infoOrTrace(149)) -   Exception 0: {}
java.util.concurrent.ExecutionException: org.apache.ratis.thirdparty.io.grpc.StatusRuntimeException: UNAVAILABLE: io exception
	at java.util.concurrent.FutureTask.report(FutureTask.java:122)
	at java.util.concurrent.FutureTask.get(FutureTask.java:192)
	at org.apache.ratis.server.impl.LeaderElection.waitForResults(LeaderElection.java:259)
	at org.apache.ratis.server.impl.LeaderElection.askForVotes(LeaderElection.java:197)
	at org.apache.ratis.server.impl.LeaderElection.run(LeaderElection.java:133)
	at java.lang.Thread.run(Thread.java:748)
Caused by: org.apache.ratis.thirdparty.io.grpc.StatusRuntimeException: UNAVAILABLE: io exception
	at org.apache.ratis.thirdparty.io.grpc.stub.ClientCalls.toStatusRuntimeException(ClientCalls.java:233)
	at org.apache.ratis.thirdparty.io.grpc.stub.ClientCalls.getUnchecked(ClientCalls.java:214)
	at org.apache.ratis.thirdparty.io.grpc.stub.ClientCalls.blockingUnaryCall(ClientCalls.java:139)
	at org.apache.ratis.proto.grpc.RaftServerProtocolServiceGrpc$RaftServerProtocolServiceBlockingStub.requestVote(RaftServerProtocolServiceGrpc.java:265)
	at org.apache.ratis.grpc.server.GrpcServerProtocolClient.requestVote(GrpcServerProtocolClient.java:99)
	at org.apache.ratis.grpc.server.GrpcService.requestVote(GrpcService.java:204)
	at org.apache.ratis.server.impl.LeaderElection.lambda$submitRequests$1(LeaderElection.java:234)
	at java.util.concurrent.FutureTask.run(FutureTask.java:266)
	at java.util.concurrent.Executors$RunnableAdapter.call(Executors.java:511)
	at java.util.concurrent.FutureTask.run(FutureTask.java:266)
	at java.util.concurrent.ThreadPoolExecutor.runWorker(ThreadPoolExecutor.java:1149)
	at java.util.concurrent.ThreadPoolExecutor$Worker.run(ThreadPoolExecutor.java:624)
	... 1 more
Caused by: org.apache.ratis.thirdparty.io.netty.channel.AbstractChannel$AnnotatedConnectException: Connection refused: /192.168.157.223:42172
	at sun.nio.ch.SocketChannelImpl.checkConnect(Native Method)
	at sun.nio.ch.SocketChannelImpl.finishConnect(SocketChannelImpl.java:717)
	at org.apache.ratis.thirdparty.io.netty.channel.socket.nio.NioSocketChannel.doFinishConnect(NioSocketChannel.java:327)
	at org.apache.ratis.thirdparty.io.netty.channel.nio.AbstractNioChannel$AbstractNioUnsafe.finishConnect(AbstractNioChannel.java:340)
	at org.apache.ratis.thirdparty.io.netty.channel.nio.NioEventLoop.processSelectedKey(NioEventLoop.java:632)
	at org.apache.ratis.thirdparty.io.netty.channel.nio.NioEventLoop.processSelectedKeysOptimized(NioEventLoop.java:579)
	at org.apache.ratis.thirdparty.io.netty.channel.nio.NioEventLoop.processSelectedKeys(NioEventLoop.java:496)
	at org.apache.ratis.thirdparty.io.netty.channel.nio.NioEventLoop.run(NioEventLoop.java:458)
	at org.apache.ratis.thirdparty.io.netty.util.concurrent.SingleThreadEventExecutor$5.run(SingleThreadEventExecutor.java:897)
	at org.apache.ratis.thirdparty.io.netty.util.concurrent.FastThreadLocalRunnable.run(FastThreadLocalRunnable.java:30)
	... 1 more
Caused by: java.net.ConnectException: Connection refused
	... 11 more
2019-10-17 21:55:15,131 [d6dfcdd7-fc6e-4b51-b91e-b64503dadc5e@group-F967393F7C93-LeaderElection256] INFO  impl.RaftServerImpl (RaftServerImpl.java:setRole(184)) - d6dfcdd7-fc6e-4b51-b91e-b64503dadc5e@group-F967393F7C93: changes role from CANDIDATE to FOLLOWER at term 259 for DISCOVERED_A_NEW_TERM
2019-10-17 21:55:15,131 [d6dfcdd7-fc6e-4b51-b91e-b64503dadc5e@group-F967393F7C93-LeaderElection256] INFO  impl.RoleInfo (RoleInfo.java:shutdownLeaderElection(134)) - d6dfcdd7-fc6e-4b51-b91e-b64503dadc5e: shutdown LeaderElection
2019-10-17 21:55:15,131 [d6dfcdd7-fc6e-4b51-b91e-b64503dadc5e@group-F967393F7C93-LeaderElection256] INFO  impl.RoleInfo (RoleInfo.java:updateAndGet(143)) - d6dfcdd7-fc6e-4b51-b91e-b64503dadc5e: start FollowerState
2019-10-17 21:55:15,280 [java.util.concurrent.ThreadPoolExecutor$Worker@71aa17a1[State = -1, empty queue]] WARN  server.GrpcLogAppender (GrpcLogAppender.java:timeoutAppendRequest(209)) - de567563-d0dd-4cf2-91b7-f72627909699@group-3097D7458558->db0af43e-c62e-4c1d-affa-ffdb4faae2f8-GrpcLogAppender: appendEntries Timeout, request=de567563-d0dd-4cf2-91b7-f72627909699->db0af43e-c62e-4c1d-affa-ffdb4faae2f8#60-t10, previous=(t:10, i:4), leaderCommit=4, initializing? false, entries: <empty>
2019-10-17 21:55:15,283 [Thread-2200] INFO  impl.FollowerState (FollowerState.java:run(108)) - d6dfcdd7-fc6e-4b51-b91e-b64503dadc5e@group-F967393F7C93-FollowerState: change to CANDIDATE, lastRpcTime:151ms, electionTimeout:151ms
2019-10-17 21:55:15,283 [Thread-2200] INFO  impl.RoleInfo (RoleInfo.java:shutdownFollowerState(121)) - d6dfcdd7-fc6e-4b51-b91e-b64503dadc5e: shutdown FollowerState
2019-10-17 21:55:15,284 [Thread-2200] INFO  impl.RaftServerImpl (RaftServerImpl.java:setRole(184)) - d6dfcdd7-fc6e-4b51-b91e-b64503dadc5e@group-F967393F7C93: changes role from  FOLLOWER to CANDIDATE at term 259 for changeToCandidate
2019-10-17 21:55:15,284 [Thread-2200] INFO  impl.RoleInfo (RoleInfo.java:updateAndGet(143)) - d6dfcdd7-fc6e-4b51-b91e-b64503dadc5e: start LeaderElection
2019-10-17 21:55:15,299 [d6dfcdd7-fc6e-4b51-b91e-b64503dadc5e@group-F967393F7C93-LeaderElection257] INFO  impl.LeaderElection (LeaderElection.java:askForVotes(178)) - d6dfcdd7-fc6e-4b51-b91e-b64503dadc5e@group-F967393F7C93-LeaderElection257: begin an election at term 260 for -1: [08d4cbaa-ffed-4411-a5fd-c4a38026aead:192.168.157.223:33910, da15dfee-23f0-4dc4-ad77-c00156c49cfa:192.168.157.223:42172, d6dfcdd7-fc6e-4b51-b91e-b64503dadc5e:192.168.157.223:43575], old=null
2019-10-17 21:55:15,302 [d6dfcdd7-fc6e-4b51-b91e-b64503dadc5e@group-F967393F7C93-LeaderElection257] INFO  impl.LeaderElection (LogUtils.java:infoOrTrace(149)) - d6dfcdd7-fc6e-4b51-b91e-b64503dadc5e@group-F967393F7C93-LeaderElection257 got exception when requesting votes: {}
java.util.concurrent.ExecutionException: org.apache.ratis.thirdparty.io.grpc.StatusRuntimeException: UNAVAILABLE: io exception
	at java.util.concurrent.FutureTask.report(FutureTask.java:122)
	at java.util.concurrent.FutureTask.get(FutureTask.java:192)
	at org.apache.ratis.server.impl.LeaderElection.waitForResults(LeaderElection.java:259)
	at org.apache.ratis.server.impl.LeaderElection.askForVotes(LeaderElection.java:197)
	at org.apache.ratis.server.impl.LeaderElection.run(LeaderElection.java:133)
	at java.lang.Thread.run(Thread.java:748)
Caused by: org.apache.ratis.thirdparty.io.grpc.StatusRuntimeException: UNAVAILABLE: io exception
	at org.apache.ratis.thirdparty.io.grpc.stub.ClientCalls.toStatusRuntimeException(ClientCalls.java:233)
	at org.apache.ratis.thirdparty.io.grpc.stub.ClientCalls.getUnchecked(ClientCalls.java:214)
	at org.apache.ratis.thirdparty.io.grpc.stub.ClientCalls.blockingUnaryCall(ClientCalls.java:139)
	at org.apache.ratis.proto.grpc.RaftServerProtocolServiceGrpc$RaftServerProtocolServiceBlockingStub.requestVote(RaftServerProtocolServiceGrpc.java:265)
	at org.apache.ratis.grpc.server.GrpcServerProtocolClient.requestVote(GrpcServerProtocolClient.java:99)
	at org.apache.ratis.grpc.server.GrpcService.requestVote(GrpcService.java:204)
	at org.apache.ratis.server.impl.LeaderElection.lambda$submitRequests$1(LeaderElection.java:234)
	at java.util.concurrent.FutureTask.run(FutureTask.java:266)
	at java.util.concurrent.Executors$RunnableAdapter.call(Executors.java:511)
	at java.util.concurrent.FutureTask.run(FutureTask.java:266)
	at java.util.concurrent.ThreadPoolExecutor.runWorker(ThreadPoolExecutor.java:1149)
	at java.util.concurrent.ThreadPoolExecutor$Worker.run(ThreadPoolExecutor.java:624)
	... 1 more
Caused by: org.apache.ratis.thirdparty.io.netty.channel.AbstractChannel$AnnotatedConnectException: Connection refused: /192.168.157.223:42172
	at sun.nio.ch.SocketChannelImpl.checkConnect(Native Method)
	at sun.nio.ch.SocketChannelImpl.finishConnect(SocketChannelImpl.java:717)
	at org.apache.ratis.thirdparty.io.netty.channel.socket.nio.NioSocketChannel.doFinishConnect(NioSocketChannel.java:327)
	at org.apache.ratis.thirdparty.io.netty.channel.nio.AbstractNioChannel$AbstractNioUnsafe.finishConnect(AbstractNioChannel.java:340)
	at org.apache.ratis.thirdparty.io.netty.channel.nio.NioEventLoop.processSelectedKey(NioEventLoop.java:632)
	at org.apache.ratis.thirdparty.io.netty.channel.nio.NioEventLoop.processSelectedKeysOptimized(NioEventLoop.java:579)
	at org.apache.ratis.thirdparty.io.netty.channel.nio.NioEventLoop.processSelectedKeys(NioEventLoop.java:496)
	at org.apache.ratis.thirdparty.io.netty.channel.nio.NioEventLoop.run(NioEventLoop.java:458)
	at org.apache.ratis.thirdparty.io.netty.util.concurrent.SingleThreadEventExecutor$5.run(SingleThreadEventExecutor.java:897)
	at org.apache.ratis.thirdparty.io.netty.util.concurrent.FastThreadLocalRunnable.run(FastThreadLocalRunnable.java:30)
	... 1 more
Caused by: java.net.ConnectException: Connection refused
	... 11 more
2019-10-17 21:55:15,305 [grpc-default-executor-1] INFO  impl.RaftServerImpl (RaftServerImpl.java:setRole(184)) - 08d4cbaa-ffed-4411-a5fd-c4a38026aead@group-F967393F7C93: changes role from  FOLLOWER to FOLLOWER at term 260 for recognizeCandidate:d6dfcdd7-fc6e-4b51-b91e-b64503dadc5e
2019-10-17 21:55:15,305 [grpc-default-executor-1] INFO  impl.RoleInfo (RoleInfo.java:shutdownFollowerState(121)) - 08d4cbaa-ffed-4411-a5fd-c4a38026aead: shutdown FollowerState
2019-10-17 21:55:15,305 [grpc-default-executor-1] INFO  impl.RoleInfo (RoleInfo.java:updateAndGet(143)) - 08d4cbaa-ffed-4411-a5fd-c4a38026aead: start FollowerState
2019-10-17 21:55:15,305 [Thread-2199] INFO  impl.FollowerState (FollowerState.java:run(117)) - 08d4cbaa-ffed-4411-a5fd-c4a38026aead@group-F967393F7C93-FollowerState was interrupted: java.lang.InterruptedException: sleep interrupted
2019-10-17 21:55:15,317 [d6dfcdd7-fc6e-4b51-b91e-b64503dadc5e@group-F967393F7C93-LeaderElection257] INFO  impl.LeaderElection (LeaderElection.java:logAndReturn(56)) - d6dfcdd7-fc6e-4b51-b91e-b64503dadc5e@group-F967393F7C93-LeaderElection257: Election REJECTED; received 1 response(s) [d6dfcdd7-fc6e-4b51-b91e-b64503dadc5e<-08d4cbaa-ffed-4411-a5fd-c4a38026aead#0:FAIL-t260] and 1 exception(s); d6dfcdd7-fc6e-4b51-b91e-b64503dadc5e@group-F967393F7C93:t260, leader=null, voted=d6dfcdd7-fc6e-4b51-b91e-b64503dadc5e, raftlog=d6dfcdd7-fc6e-4b51-b91e-b64503dadc5e@group-F967393F7C93-SegmentedRaftLog:OPENED:c-1,f-1,i0, conf=-1: [08d4cbaa-ffed-4411-a5fd-c4a38026aead:192.168.157.223:33910, da15dfee-23f0-4dc4-ad77-c00156c49cfa:192.168.157.223:42172, d6dfcdd7-fc6e-4b51-b91e-b64503dadc5e:192.168.157.223:43575], old=null
2019-10-17 21:55:15,318 [d6dfcdd7-fc6e-4b51-b91e-b64503dadc5e@group-F967393F7C93-LeaderElection257] INFO  impl.LeaderElection (LogUtils.java:infoOrTrace(149)) -   Exception 0: {}
java.util.concurrent.ExecutionException: org.apache.ratis.thirdparty.io.grpc.StatusRuntimeException: UNAVAILABLE: io exception
	at java.util.concurrent.FutureTask.report(FutureTask.java:122)
	at java.util.concurrent.FutureTask.get(FutureTask.java:192)
	at org.apache.ratis.server.impl.LeaderElection.waitForResults(LeaderElection.java:259)
	at org.apache.ratis.server.impl.LeaderElection.askForVotes(LeaderElection.java:197)
	at org.apache.ratis.server.impl.LeaderElection.run(LeaderElection.java:133)
	at java.lang.Thread.run(Thread.java:748)
Caused by: org.apache.ratis.thirdparty.io.grpc.StatusRuntimeException: UNAVAILABLE: io exception
	at org.apache.ratis.thirdparty.io.grpc.stub.ClientCalls.toStatusRuntimeException(ClientCalls.java:233)
	at org.apache.ratis.thirdparty.io.grpc.stub.ClientCalls.getUnchecked(ClientCalls.java:214)
	at org.apache.ratis.thirdparty.io.grpc.stub.ClientCalls.blockingUnaryCall(ClientCalls.java:139)
	at org.apache.ratis.proto.grpc.RaftServerProtocolServiceGrpc$RaftServerProtocolServiceBlockingStub.requestVote(RaftServerProtocolServiceGrpc.java:265)
	at org.apache.ratis.grpc.server.GrpcServerProtocolClient.requestVote(GrpcServerProtocolClient.java:99)
	at org.apache.ratis.grpc.server.GrpcService.requestVote(GrpcService.java:204)
	at org.apache.ratis.server.impl.LeaderElection.lambda$submitRequests$1(LeaderElection.java:234)
	at java.util.concurrent.FutureTask.run(FutureTask.java:266)
	at java.util.concurrent.Executors$RunnableAdapter.call(Executors.java:511)
	at java.util.concurrent.FutureTask.run(FutureTask.java:266)
	at java.util.concurrent.ThreadPoolExecutor.runWorker(ThreadPoolExecutor.java:1149)
	at java.util.concurrent.ThreadPoolExecutor$Worker.run(ThreadPoolExecutor.java:624)
	... 1 more
Caused by: org.apache.ratis.thirdparty.io.netty.channel.AbstractChannel$AnnotatedConnectException: Connection refused: /192.168.157.223:42172
	at sun.nio.ch.SocketChannelImpl.checkConnect(Native Method)
	at sun.nio.ch.SocketChannelImpl.finishConnect(SocketChannelImpl.java:717)
	at org.apache.ratis.thirdparty.io.netty.channel.socket.nio.NioSocketChannel.doFinishConnect(NioSocketChannel.java:327)
	at org.apache.ratis.thirdparty.io.netty.channel.nio.AbstractNioChannel$AbstractNioUnsafe.finishConnect(AbstractNioChannel.java:340)
	at org.apache.ratis.thirdparty.io.netty.channel.nio.NioEventLoop.processSelectedKey(NioEventLoop.java:632)
	at org.apache.ratis.thirdparty.io.netty.channel.nio.NioEventLoop.processSelectedKeysOptimized(NioEventLoop.java:579)
	at org.apache.ratis.thirdparty.io.netty.channel.nio.NioEventLoop.processSelectedKeys(NioEventLoop.java:496)
	at org.apache.ratis.thirdparty.io.netty.channel.nio.NioEventLoop.run(NioEventLoop.java:458)
	at org.apache.ratis.thirdparty.io.netty.util.concurrent.SingleThreadEventExecutor$5.run(SingleThreadEventExecutor.java:897)
	at org.apache.ratis.thirdparty.io.netty.util.concurrent.FastThreadLocalRunnable.run(FastThreadLocalRunnable.java:30)
	... 1 more
Caused by: java.net.ConnectException: Connection refused
	... 11 more
2019-10-17 21:55:15,318 [d6dfcdd7-fc6e-4b51-b91e-b64503dadc5e@group-F967393F7C93-LeaderElection257] INFO  impl.RaftServerImpl (RaftServerImpl.java:setRole(184)) - d6dfcdd7-fc6e-4b51-b91e-b64503dadc5e@group-F967393F7C93: changes role from CANDIDATE to FOLLOWER at term 260 for DISCOVERED_A_NEW_TERM
2019-10-17 21:55:15,319 [d6dfcdd7-fc6e-4b51-b91e-b64503dadc5e@group-F967393F7C93-LeaderElection257] INFO  impl.RoleInfo (RoleInfo.java:shutdownLeaderElection(134)) - d6dfcdd7-fc6e-4b51-b91e-b64503dadc5e: shutdown LeaderElection
2019-10-17 21:55:15,319 [d6dfcdd7-fc6e-4b51-b91e-b64503dadc5e@group-F967393F7C93-LeaderElection257] INFO  impl.RoleInfo (RoleInfo.java:updateAndGet(143)) - d6dfcdd7-fc6e-4b51-b91e-b64503dadc5e: start FollowerState
2019-10-17 21:55:15,400 [main] INFO  ozoneimpl.OzoneContainer (OzoneContainer.java:stop(227)) - Attempting to stop container services.
2019-10-17 21:55:15,400 [ForkJoinPool.commonPool-worker-0] INFO  ozoneimpl.OzoneContainer (OzoneContainer.java:stop(227)) - Attempting to stop container services.
2019-10-17 21:55:15,401 [main] INFO  impl.RaftServerProxy (RaftServerProxy.java:lambda$close$4(314)) - 92c37ee0-6a4e-44d1-b217-daba3b24c095: close
2019-10-17 21:55:15,401 [ForkJoinPool.commonPool-worker-0] INFO  impl.RaftServerProxy (RaftServerProxy.java:lambda$close$4(314)) - 08d4cbaa-ffed-4411-a5fd-c4a38026aead: close
2019-10-17 21:55:15,401 [ForkJoinPool.commonPool-worker-0] INFO  impl.RaftServerImpl (RaftServerImpl.java:lambda$shutdown$3(261)) - 08d4cbaa-ffed-4411-a5fd-c4a38026aead@group-51D552DC61CC: shutdown
2019-10-17 21:55:15,401 [main] INFO  impl.RaftServerImpl (RaftServerImpl.java:lambda$shutdown$3(261)) - 92c37ee0-6a4e-44d1-b217-daba3b24c095@group-3097D7458558: shutdown
2019-10-17 21:55:15,401 [ForkJoinPool.commonPool-worker-0] INFO  util.JmxRegister (JmxRegister.java:unregister(73)) - Successfully un-registered JMX Bean with object name Ratis:service=RaftServer,group=group-51D552DC61CC,id=08d4cbaa-ffed-4411-a5fd-c4a38026aead
2019-10-17 21:55:15,402 [main] INFO  util.JmxRegister (JmxRegister.java:unregister(73)) - Successfully un-registered JMX Bean with object name Ratis:service=RaftServer,group=group-3097D7458558,id=92c37ee0-6a4e-44d1-b217-daba3b24c095
2019-10-17 21:55:15,402 [main] INFO  impl.RoleInfo (RoleInfo.java:shutdownFollowerState(121)) - 92c37ee0-6a4e-44d1-b217-daba3b24c095: shutdown FollowerState
2019-10-17 21:55:15,402 [ForkJoinPool.commonPool-worker-0] INFO  impl.RoleInfo (RoleInfo.java:shutdownLeaderState(104)) - 08d4cbaa-ffed-4411-a5fd-c4a38026aead: shutdown LeaderState
2019-10-17 21:55:15,402 [Thread-544] INFO  impl.FollowerState (FollowerState.java:run(117)) - 92c37ee0-6a4e-44d1-b217-daba3b24c095@group-3097D7458558-FollowerState was interrupted: java.lang.InterruptedException: sleep interrupted
2019-10-17 21:55:15,402 [main] INFO  impl.StateMachineUpdater (StateMachineUpdater.java:stopAndJoin(136)) - 92c37ee0-6a4e-44d1-b217-daba3b24c095@group-3097D7458558-StateMachineUpdater: set stopIndex = 4
2019-10-17 21:55:15,402 [92c37ee0-6a4e-44d1-b217-daba3b24c095@group-3097D7458558-StateMachineUpdater] INFO  ratis.ContainerStateMachine (ContainerStateMachine.java:takeSnapshot(294)) - group-3097D7458558: Taking a snapshot at:(t:10, i:3) file /workdir/hadoop-ozone/integration-test/target/test-dir/MiniOzoneClusterImpl-8354d78d-dcd0-455c-bdef-cdb54255caab/datanode-9/data/ratis/79705d85-8c11-4082-a1d0-3097d7458558/sm/snapshot.10_3
2019-10-17 21:55:15,402 [ForkJoinPool.commonPool-worker-0] INFO  impl.PendingRequests (PendingRequests.java:sendNotLeaderResponses(202)) - 08d4cbaa-ffed-4411-a5fd-c4a38026aead@group-51D552DC61CC-PendingRequests: sendNotLeaderResponses
2019-10-17 21:55:15,403 [ForkJoinPool.commonPool-worker-0] INFO  impl.StateMachineUpdater (StateMachineUpdater.java:stopAndJoin(136)) - 08d4cbaa-ffed-4411-a5fd-c4a38026aead@group-51D552DC61CC-StateMachineUpdater: set stopIndex = 0
2019-10-17 21:55:15,404 [ForkJoinPool.commonPool-worker-0] INFO  impl.RaftServerImpl (ServerState.java:close(388)) - 08d4cbaa-ffed-4411-a5fd-c4a38026aead@group-51D552DC61CC: closes. applyIndex: 0
2019-10-17 21:55:15,404 [08d4cbaa-ffed-4411-a5fd-c4a38026aead@group-51D552DC61CC-SegmentedRaftLogWorker] INFO  segmented.SegmentedRaftLogWorker (SegmentedRaftLogWorker.java:run(316)) - 08d4cbaa-ffed-4411-a5fd-c4a38026aead@group-51D552DC61CC-SegmentedRaftLogWorker was interrupted, exiting. There are 0 tasks remaining in the queue.
2019-10-17 21:55:15,405 [ForkJoinPool.commonPool-worker-0] INFO  segmented.SegmentedRaftLogWorker (SegmentedRaftLogWorker.java:close(224)) - 08d4cbaa-ffed-4411-a5fd-c4a38026aead@group-51D552DC61CC-SegmentedRaftLogWorker close()
2019-10-17 21:55:15,407 [ForkJoinPool.commonPool-worker-0] INFO  impl.RaftServerImpl (RaftServerImpl.java:lambda$shutdown$3(261)) - 08d4cbaa-ffed-4411-a5fd-c4a38026aead@group-F967393F7C93: shutdown
2019-10-17 21:55:15,407 [ForkJoinPool.commonPool-worker-0] INFO  util.JmxRegister (JmxRegister.java:unregister(73)) - Successfully un-registered JMX Bean with object name Ratis:service=RaftServer,group=group-F967393F7C93,id=08d4cbaa-ffed-4411-a5fd-c4a38026aead
2019-10-17 21:55:15,407 [ForkJoinPool.commonPool-worker-0] INFO  impl.RoleInfo (RoleInfo.java:shutdownFollowerState(121)) - 08d4cbaa-ffed-4411-a5fd-c4a38026aead: shutdown FollowerState
2019-10-17 21:55:15,407 [ForkJoinPool.commonPool-worker-0] INFO  impl.StateMachineUpdater (StateMachineUpdater.java:stopAndJoin(136)) - 08d4cbaa-ffed-4411-a5fd-c4a38026aead@group-F967393F7C93-StateMachineUpdater: set stopIndex = -1
2019-10-17 21:55:15,407 [Thread-2204] INFO  impl.FollowerState (FollowerState.java:run(117)) - 08d4cbaa-ffed-4411-a5fd-c4a38026aead@group-F967393F7C93-FollowerState was interrupted: java.lang.InterruptedException: sleep interrupted
2019-10-17 21:55:15,407 [ForkJoinPool.commonPool-worker-0] INFO  impl.RaftServerImpl (ServerState.java:close(388)) - 08d4cbaa-ffed-4411-a5fd-c4a38026aead@group-F967393F7C93: closes. applyIndex: -1
2019-10-17 21:55:15,408 [08d4cbaa-ffed-4411-a5fd-c4a38026aead@group-F967393F7C93-SegmentedRaftLogWorker] INFO  segmented.SegmentedRaftLogWorker (SegmentedRaftLogWorker.java:run(316)) - 08d4cbaa-ffed-4411-a5fd-c4a38026aead@group-F967393F7C93-SegmentedRaftLogWorker was interrupted, exiting. There are 0 tasks remaining in the queue.
2019-10-17 21:55:15,408 [ForkJoinPool.commonPool-worker-0] INFO  segmented.SegmentedRaftLogWorker (SegmentedRaftLogWorker.java:close(224)) - 08d4cbaa-ffed-4411-a5fd-c4a38026aead@group-F967393F7C93-SegmentedRaftLogWorker close()
2019-10-17 21:55:15,409 [ForkJoinPool.commonPool-worker-0] INFO  server.GrpcService (GrpcService.java:closeImpl(164)) - 08d4cbaa-ffed-4411-a5fd-c4a38026aead: shutdown server with port 33910 now
2019-10-17 21:55:15,411 [ForkJoinPool.commonPool-worker-0] INFO  server.GrpcService (GrpcService.java:closeImpl(172)) - 08d4cbaa-ffed-4411-a5fd-c4a38026aead: shutdown server with port 33910 successfully
2019-10-17 21:55:15,413 [refreshUsed-/workdir/hadoop-ozone/integration-test/target/test-dir/MiniOzoneClusterImpl-8354d78d-dcd0-455c-bdef-cdb54255caab/datanode-0/data/containers] WARN  fs.CachingGetSpaceUsed (CachingGetSpaceUsed.java:run(183)) - Thread Interrupted waiting to refresh disk information: sleep interrupted
2019-10-17 21:55:15,428 [92c37ee0-6a4e-44d1-b217-daba3b24c095@group-3097D7458558-StateMachineUpdater] INFO  ratis.ContainerStateMachine (ContainerStateMachine.java:takeSnapshot(305)) - group-3097D7458558: Finished taking a snapshot at:(t:10, i:3) file:/workdir/hadoop-ozone/integration-test/target/test-dir/MiniOzoneClusterImpl-8354d78d-dcd0-455c-bdef-cdb54255caab/datanode-9/data/ratis/79705d85-8c11-4082-a1d0-3097d7458558/sm/snapshot.10_3 time:26
2019-10-17 21:55:15,429 [92c37ee0-6a4e-44d1-b217-daba3b24c095@group-3097D7458558-StateMachineUpdater] INFO  impl.StateMachineUpdater (StateMachineUpdater.java:takeSnapshot(269)) - 92c37ee0-6a4e-44d1-b217-daba3b24c095@group-3097D7458558-StateMachineUpdater: Took a snapshot at index 3
2019-10-17 21:55:15,429 [92c37ee0-6a4e-44d1-b217-daba3b24c095@group-3097D7458558-StateMachineUpdater] INFO  impl.StateMachineUpdater (StateMachineUpdater.java:lambda$new$0(84)) - 92c37ee0-6a4e-44d1-b217-daba3b24c095@group-3097D7458558-StateMachineUpdater: snapshotIndex: updateIncreasingly -1 -> 3
2019-10-17 21:55:15,429 [92c37ee0-6a4e-44d1-b217-daba3b24c095@group-3097D7458558-StateMachineUpdater] INFO  ratis.ContainerStateMachine (ContainerStateMachine.java:takeSnapshot(294)) - group-3097D7458558: Taking a snapshot at:(t:10, i:3) file /workdir/hadoop-ozone/integration-test/target/test-dir/MiniOzoneClusterImpl-8354d78d-dcd0-455c-bdef-cdb54255caab/datanode-9/data/ratis/79705d85-8c11-4082-a1d0-3097d7458558/sm/snapshot.10_3
2019-10-17 21:55:15,436 [ForkJoinPool.commonPool-worker-0] INFO  utils.BackgroundService (BackgroundService.java:shutdown(151)) - Shutting down service BlockDeletingService
2019-10-17 21:55:15,439 [ForkJoinPool.commonPool-worker-0] INFO  statemachine.DatanodeStateMachine (DatanodeStateMachine.java:stopDaemon(395)) - Ozone container server stopped.
2019-10-17 21:55:15,442 [92c37ee0-6a4e-44d1-b217-daba3b24c095@group-3097D7458558-StateMachineUpdater] INFO  ratis.ContainerStateMachine (ContainerStateMachine.java:takeSnapshot(305)) - group-3097D7458558: Finished taking a snapshot at:(t:10, i:3) file:/workdir/hadoop-ozone/integration-test/target/test-dir/MiniOzoneClusterImpl-8354d78d-dcd0-455c-bdef-cdb54255caab/datanode-9/data/ratis/79705d85-8c11-4082-a1d0-3097d7458558/sm/snapshot.10_3 time:12
2019-10-17 21:55:15,442 [92c37ee0-6a4e-44d1-b217-daba3b24c095@group-3097D7458558-StateMachineUpdater] INFO  impl.StateMachineUpdater (StateMachineUpdater.java:takeSnapshot(269)) - 92c37ee0-6a4e-44d1-b217-daba3b24c095@group-3097D7458558-StateMachineUpdater: Took a snapshot at index 3
2019-10-17 21:55:15,442 [92c37ee0-6a4e-44d1-b217-daba3b24c095@group-3097D7458558-StateMachineUpdater] INFO  impl.StateMachineUpdater (StateMachineUpdater.java:lambda$new$0(84)) - 92c37ee0-6a4e-44d1-b217-daba3b24c095@group-3097D7458558-StateMachineUpdater: snapshotIndex: updateIncreasingly 3 -> 3
2019-10-17 21:55:15,442 [main] INFO  impl.RaftServerImpl (ServerState.java:close(388)) - 92c37ee0-6a4e-44d1-b217-daba3b24c095@group-3097D7458558: closes. applyIndex: 4
2019-10-17 21:55:15,444 [ForkJoinPool.commonPool-worker-0] INFO  handler.ContextHandler (ContextHandler.java:doStop(910)) - Stopped o.e.j.w.WebAppContext@6724cdec{/,null,UNAVAILABLE}{/hddsDatanode}
2019-10-17 21:55:15,444 [92c37ee0-6a4e-44d1-b217-daba3b24c095@group-3097D7458558-SegmentedRaftLogWorker] INFO  segmented.SegmentedRaftLogWorker (SegmentedRaftLogWorker.java:run(316)) - 92c37ee0-6a4e-44d1-b217-daba3b24c095@group-3097D7458558-SegmentedRaftLogWorker was interrupted, exiting. There are 0 tasks remaining in the queue.
2019-10-17 21:55:15,444 [main] INFO  segmented.SegmentedRaftLogWorker (SegmentedRaftLogWorker.java:close(224)) - 92c37ee0-6a4e-44d1-b217-daba3b24c095@group-3097D7458558-SegmentedRaftLogWorker close()
2019-10-17 21:55:15,445 [ForkJoinPool.commonPool-worker-0] INFO  server.AbstractConnector (AbstractConnector.java:doStop(318)) - Stopped ServerConnector@6944e53e{HTTP/1.1,[http/1.1]}{0.0.0.0:0}
2019-10-17 21:55:15,446 [main] INFO  impl.RaftServerImpl (RaftServerImpl.java:lambda$shutdown$3(261)) - 92c37ee0-6a4e-44d1-b217-daba3b24c095@group-85ED72DF7B6D: shutdown
2019-10-17 21:55:15,447 [ForkJoinPool.commonPool-worker-0] INFO  handler.ContextHandler (ContextHandler.java:doStop(910)) - Stopped o.e.j.s.ServletContextHandler@e9ef5b6{/static,jar:file:/home/user/.m2/repository/org/apache/hadoop/hadoop-hdds-container-service/0.5.0-SNAPSHOT/hadoop-hdds-container-service-0.5.0-SNAPSHOT.jar!/webapps/static,UNAVAILABLE}
2019-10-17 21:55:15,447 [main] INFO  util.JmxRegister (JmxRegister.java:unregister(73)) - Successfully un-registered JMX Bean with object name Ratis:service=RaftServer,group=group-85ED72DF7B6D,id=92c37ee0-6a4e-44d1-b217-daba3b24c095
2019-10-17 21:55:15,448 [ForkJoinPool.commonPool-worker-0] INFO  handler.ContextHandler (ContextHandler.java:doStop(910)) - Stopped o.e.j.s.ServletContextHandler@5292ceca{/logs,file:///workdir/hadoop-ozone/integration-test/target/log,UNAVAILABLE}
2019-10-17 21:55:15,449 [main] INFO  impl.RoleInfo (RoleInfo.java:shutdownLeaderState(104)) - 92c37ee0-6a4e-44d1-b217-daba3b24c095: shutdown LeaderState
2019-10-17 21:55:15,449 [main] INFO  impl.PendingRequests (PendingRequests.java:sendNotLeaderResponses(202)) - 92c37ee0-6a4e-44d1-b217-daba3b24c095@group-85ED72DF7B6D-PendingRequests: sendNotLeaderResponses
2019-10-17 21:55:15,450 [main] INFO  impl.StateMachineUpdater (StateMachineUpdater.java:stopAndJoin(136)) - 92c37ee0-6a4e-44d1-b217-daba3b24c095@group-85ED72DF7B6D-StateMachineUpdater: set stopIndex = 0
2019-10-17 21:55:15,450 [main] INFO  impl.RaftServerImpl (ServerState.java:close(388)) - 92c37ee0-6a4e-44d1-b217-daba3b24c095@group-85ED72DF7B6D: closes. applyIndex: 0
2019-10-17 21:55:15,451 [92c37ee0-6a4e-44d1-b217-daba3b24c095@group-85ED72DF7B6D-SegmentedRaftLogWorker] INFO  segmented.SegmentedRaftLogWorker (SegmentedRaftLogWorker.java:run(316)) - 92c37ee0-6a4e-44d1-b217-daba3b24c095@group-85ED72DF7B6D-SegmentedRaftLogWorker was interrupted, exiting. There are 0 tasks remaining in the queue.
2019-10-17 21:55:15,451 [main] INFO  segmented.SegmentedRaftLogWorker (SegmentedRaftLogWorker.java:close(224)) - 92c37ee0-6a4e-44d1-b217-daba3b24c095@group-85ED72DF7B6D-SegmentedRaftLogWorker close()
2019-10-17 21:55:15,452 [main] INFO  server.GrpcService (GrpcService.java:closeImpl(164)) - 92c37ee0-6a4e-44d1-b217-daba3b24c095: shutdown server with port 35068 now
2019-10-17 21:55:15,453 [main] INFO  server.GrpcService (GrpcService.java:closeImpl(172)) - 92c37ee0-6a4e-44d1-b217-daba3b24c095: shutdown server with port 35068 successfully
2019-10-17 21:55:15,453 [grpc-default-executor-6] WARN  server.GrpcServerProtocolService (LogUtils.java:warn(134)) - 92c37ee0-6a4e-44d1-b217-daba3b24c095: installSnapshot onError, lastRequest: de567563-d0dd-4cf2-91b7-f72627909699->92c37ee0-6a4e-44d1-b217-daba3b24c095#66-t10, previous=(t:10, i:4), leaderCommit=4, initializing? false, entries: <empty>: org.apache.ratis.thirdparty.io.grpc.StatusRuntimeException: CANCELLED: cancelled before receiving half close
2019-10-17 21:55:15,454 [grpc-default-executor-9] WARN  server.GrpcLogAppender (LogUtils.java:warn(134)) - de567563-d0dd-4cf2-91b7-f72627909699@group-3097D7458558->92c37ee0-6a4e-44d1-b217-daba3b24c095-AppendLogResponseHandler: Failed appendEntries: org.apache.ratis.thirdparty.io.grpc.StatusRuntimeException: CANCELLED: HTTP/2 error code: CANCEL
Received Rst Stream
2019-10-17 21:55:15,455 [refreshUsed-/workdir/hadoop-ozone/integration-test/target/test-dir/MiniOzoneClusterImpl-8354d78d-dcd0-455c-bdef-cdb54255caab/datanode-9/data/containers] WARN  fs.CachingGetSpaceUsed (CachingGetSpaceUsed.java:run(183)) - Thread Interrupted waiting to refresh disk information: sleep interrupted
2019-10-17 21:55:15,468 [main] INFO  utils.BackgroundService (BackgroundService.java:shutdown(151)) - Shutting down service BlockDeletingService
2019-10-17 21:55:15,471 [main] INFO  statemachine.DatanodeStateMachine (DatanodeStateMachine.java:stopDaemon(395)) - Ozone container server stopped.
2019-10-17 21:55:15,471 [main] INFO  handler.ContextHandler (ContextHandler.java:doStop(910)) - Stopped o.e.j.w.WebAppContext@70e94ecb{/,null,UNAVAILABLE}{/hddsDatanode}
2019-10-17 21:55:15,472 [main] INFO  server.AbstractConnector (AbstractConnector.java:doStop(318)) - Stopped ServerConnector@56cfe111{HTTP/1.1,[http/1.1]}{0.0.0.0:0}
2019-10-17 21:55:15,472 [main] INFO  handler.ContextHandler (ContextHandler.java:doStop(910)) - Stopped o.e.j.s.ServletContextHandler@29a98d9f{/static,jar:file:/home/user/.m2/repository/org/apache/hadoop/hadoop-hdds-container-service/0.5.0-SNAPSHOT/hadoop-hdds-container-service-0.5.0-SNAPSHOT.jar!/webapps/static,UNAVAILABLE}
2019-10-17 21:55:15,473 [main] INFO  handler.ContextHandler (ContextHandler.java:doStop(910)) - Stopped o.e.j.s.ServletContextHandler@55d58825{/logs,file:///workdir/hadoop-ozone/integration-test/target/log,UNAVAILABLE}
2019-10-17 21:55:15,509 [Thread-2205] INFO  impl.FollowerState (FollowerState.java:run(108)) - d6dfcdd7-fc6e-4b51-b91e-b64503dadc5e@group-F967393F7C93-FollowerState: change to CANDIDATE, lastRpcTime:190ms, electionTimeout:190ms
2019-10-17 21:55:15,509 [Thread-2205] INFO  impl.RoleInfo (RoleInfo.java:shutdownFollowerState(121)) - d6dfcdd7-fc6e-4b51-b91e-b64503dadc5e: shutdown FollowerState
2019-10-17 21:55:15,509 [Thread-2205] INFO  impl.RaftServerImpl (RaftServerImpl.java:setRole(184)) - d6dfcdd7-fc6e-4b51-b91e-b64503dadc5e@group-F967393F7C93: changes role from  FOLLOWER to CANDIDATE at term 260 for changeToCandidate
2019-10-17 21:55:15,509 [Thread-2205] INFO  impl.RoleInfo (RoleInfo.java:updateAndGet(143)) - d6dfcdd7-fc6e-4b51-b91e-b64503dadc5e: start LeaderElection
2019-10-17 21:55:15,523 [d6dfcdd7-fc6e-4b51-b91e-b64503dadc5e@group-F967393F7C93-LeaderElection258] INFO  impl.LeaderElection (LeaderElection.java:askForVotes(178)) - d6dfcdd7-fc6e-4b51-b91e-b64503dadc5e@group-F967393F7C93-LeaderElection258: begin an election at term 261 for -1: [08d4cbaa-ffed-4411-a5fd-c4a38026aead:192.168.157.223:33910, da15dfee-23f0-4dc4-ad77-c00156c49cfa:192.168.157.223:42172, d6dfcdd7-fc6e-4b51-b91e-b64503dadc5e:192.168.157.223:43575], old=null
2019-10-17 21:55:15,524 [d6dfcdd7-fc6e-4b51-b91e-b64503dadc5e@group-F967393F7C93-LeaderElection258] INFO  impl.LeaderElection (LogUtils.java:infoOrTrace(149)) - d6dfcdd7-fc6e-4b51-b91e-b64503dadc5e@group-F967393F7C93-LeaderElection258 got exception when requesting votes: {}
java.util.concurrent.ExecutionException: org.apache.ratis.thirdparty.io.grpc.StatusRuntimeException: UNAVAILABLE: io exception
	at java.util.concurrent.FutureTask.report(FutureTask.java:122)
	at java.util.concurrent.FutureTask.get(FutureTask.java:192)
	at org.apache.ratis.server.impl.LeaderElection.waitForResults(LeaderElection.java:259)
	at org.apache.ratis.server.impl.LeaderElection.askForVotes(LeaderElection.java:197)
	at org.apache.ratis.server.impl.LeaderElection.run(LeaderElection.java:133)
	at java.lang.Thread.run(Thread.java:748)
Caused by: org.apache.ratis.thirdparty.io.grpc.StatusRuntimeException: UNAVAILABLE: io exception
	at org.apache.ratis.thirdparty.io.grpc.stub.ClientCalls.toStatusRuntimeException(ClientCalls.java:233)
	at org.apache.ratis.thirdparty.io.grpc.stub.ClientCalls.getUnchecked(ClientCalls.java:214)
	at org.apache.ratis.thirdparty.io.grpc.stub.ClientCalls.blockingUnaryCall(ClientCalls.java:139)
	at org.apache.ratis.proto.grpc.RaftServerProtocolServiceGrpc$RaftServerProtocolServiceBlockingStub.requestVote(RaftServerProtocolServiceGrpc.java:265)
	at org.apache.ratis.grpc.server.GrpcServerProtocolClient.requestVote(GrpcServerProtocolClient.java:99)
	at org.apache.ratis.grpc.server.GrpcService.requestVote(GrpcService.java:204)
	at org.apache.ratis.server.impl.LeaderElection.lambda$submitRequests$1(LeaderElection.java:234)
	at java.util.concurrent.FutureTask.run(FutureTask.java:266)
	at java.util.concurrent.Executors$RunnableAdapter.call(Executors.java:511)
	at java.util.concurrent.FutureTask.run(FutureTask.java:266)
	at java.util.concurrent.ThreadPoolExecutor.runWorker(ThreadPoolExecutor.java:1149)
	at java.util.concurrent.ThreadPoolExecutor$Worker.run(ThreadPoolExecutor.java:624)
	... 1 more
Caused by: org.apache.ratis.thirdparty.io.netty.channel.AbstractChannel$AnnotatedConnectException: Connection refused: /192.168.157.223:42172
	at sun.nio.ch.SocketChannelImpl.checkConnect(Native Method)
	at sun.nio.ch.SocketChannelImpl.finishConnect(SocketChannelImpl.java:717)
	at org.apache.ratis.thirdparty.io.netty.channel.socket.nio.NioSocketChannel.doFinishConnect(NioSocketChannel.java:327)
	at org.apache.ratis.thirdparty.io.netty.channel.nio.AbstractNioChannel$AbstractNioUnsafe.finishConnect(AbstractNioChannel.java:340)
	at org.apache.ratis.thirdparty.io.netty.channel.nio.NioEventLoop.processSelectedKey(NioEventLoop.java:632)
	at org.apache.ratis.thirdparty.io.netty.channel.nio.NioEventLoop.processSelectedKeysOptimized(NioEventLoop.java:579)
	at org.apache.ratis.thirdparty.io.netty.channel.nio.NioEventLoop.processSelectedKeys(NioEventLoop.java:496)
	at org.apache.ratis.thirdparty.io.netty.channel.nio.NioEventLoop.run(NioEventLoop.java:458)
	at org.apache.ratis.thirdparty.io.netty.util.concurrent.SingleThreadEventExecutor$5.run(SingleThreadEventExecutor.java:897)
	at org.apache.ratis.thirdparty.io.netty.util.concurrent.FastThreadLocalRunnable.run(FastThreadLocalRunnable.java:30)
	... 1 more
Caused by: java.net.ConnectException: Connection refused
	... 11 more
2019-10-17 21:55:15,527 [d6dfcdd7-fc6e-4b51-b91e-b64503dadc5e@group-F967393F7C93-LeaderElection258] INFO  impl.LeaderElection (LogUtils.java:infoOrTrace(149)) - d6dfcdd7-fc6e-4b51-b91e-b64503dadc5e@group-F967393F7C93-LeaderElection258 got exception when requesting votes: {}
java.util.concurrent.ExecutionException: org.apache.ratis.thirdparty.io.grpc.StatusRuntimeException: UNAVAILABLE: io exception
	at java.util.concurrent.FutureTask.report(FutureTask.java:122)
	at java.util.concurrent.FutureTask.get(FutureTask.java:192)
	at org.apache.ratis.server.impl.LeaderElection.waitForResults(LeaderElection.java:259)
	at org.apache.ratis.server.impl.LeaderElection.askForVotes(LeaderElection.java:197)
	at org.apache.ratis.server.impl.LeaderElection.run(LeaderElection.java:133)
	at java.lang.Thread.run(Thread.java:748)
Caused by: org.apache.ratis.thirdparty.io.grpc.StatusRuntimeException: UNAVAILABLE: io exception
	at org.apache.ratis.thirdparty.io.grpc.stub.ClientCalls.toStatusRuntimeException(ClientCalls.java:233)
	at org.apache.ratis.thirdparty.io.grpc.stub.ClientCalls.getUnchecked(ClientCalls.java:214)
	at org.apache.ratis.thirdparty.io.grpc.stub.ClientCalls.blockingUnaryCall(ClientCalls.java:139)
	at org.apache.ratis.proto.grpc.RaftServerProtocolServiceGrpc$RaftServerProtocolServiceBlockingStub.requestVote(RaftServerProtocolServiceGrpc.java:265)
	at org.apache.ratis.grpc.server.GrpcServerProtocolClient.requestVote(GrpcServerProtocolClient.java:99)
	at org.apache.ratis.grpc.server.GrpcService.requestVote(GrpcService.java:204)
	at org.apache.ratis.server.impl.LeaderElection.lambda$submitRequests$1(LeaderElection.java:234)
	at java.util.concurrent.FutureTask.run(FutureTask.java:266)
	at java.util.concurrent.Executors$RunnableAdapter.call(Executors.java:511)
	at java.util.concurrent.FutureTask.run(FutureTask.java:266)
	at java.util.concurrent.ThreadPoolExecutor.runWorker(ThreadPoolExecutor.java:1149)
	at java.util.concurrent.ThreadPoolExecutor$Worker.run(ThreadPoolExecutor.java:624)
	... 1 more
Caused by: org.apache.ratis.thirdparty.io.netty.channel.AbstractChannel$AnnotatedConnectException: Connection refused: /192.168.157.223:33910
	at sun.nio.ch.SocketChannelImpl.checkConnect(Native Method)
	at sun.nio.ch.SocketChannelImpl.finishConnect(SocketChannelImpl.java:717)
	at org.apache.ratis.thirdparty.io.netty.channel.socket.nio.NioSocketChannel.doFinishConnect(NioSocketChannel.java:327)
	at org.apache.ratis.thirdparty.io.netty.channel.nio.AbstractNioChannel$AbstractNioUnsafe.finishConnect(AbstractNioChannel.java:340)
	at org.apache.ratis.thirdparty.io.netty.channel.nio.NioEventLoop.processSelectedKey(NioEventLoop.java:632)
	at org.apache.ratis.thirdparty.io.netty.channel.nio.NioEventLoop.processSelectedKeysOptimized(NioEventLoop.java:579)
	at org.apache.ratis.thirdparty.io.netty.channel.nio.NioEventLoop.processSelectedKeys(NioEventLoop.java:496)
	at org.apache.ratis.thirdparty.io.netty.channel.nio.NioEventLoop.run(NioEventLoop.java:458)
	at org.apache.ratis.thirdparty.io.netty.util.concurrent.SingleThreadEventExecutor$5.run(SingleThreadEventExecutor.java:897)
	at org.apache.ratis.thirdparty.io.netty.util.concurrent.FastThreadLocalRunnable.run(FastThreadLocalRunnable.java:30)
	... 1 more
Caused by: java.net.ConnectException: Connection refused
	... 11 more
2019-10-17 21:55:15,527 [d6dfcdd7-fc6e-4b51-b91e-b64503dadc5e@group-F967393F7C93-LeaderElection258] INFO  impl.LeaderElection (LeaderElection.java:logAndReturn(56)) - d6dfcdd7-fc6e-4b51-b91e-b64503dadc5e@group-F967393F7C93-LeaderElection258: Election REJECTED; received 0 response(s) [] and 2 exception(s); d6dfcdd7-fc6e-4b51-b91e-b64503dadc5e@group-F967393F7C93:t261, leader=null, voted=d6dfcdd7-fc6e-4b51-b91e-b64503dadc5e, raftlog=d6dfcdd7-fc6e-4b51-b91e-b64503dadc5e@group-F967393F7C93-SegmentedRaftLog:OPENED:c-1,f-1,i0, conf=-1: [08d4cbaa-ffed-4411-a5fd-c4a38026aead:192.168.157.223:33910, da15dfee-23f0-4dc4-ad77-c00156c49cfa:192.168.157.223:42172, d6dfcdd7-fc6e-4b51-b91e-b64503dadc5e:192.168.157.223:43575], old=null
2019-10-17 21:55:15,527 [d6dfcdd7-fc6e-4b51-b91e-b64503dadc5e@group-F967393F7C93-LeaderElection258] INFO  impl.LeaderElection (LogUtils.java:infoOrTrace(149)) -   Exception 0: {}
java.util.concurrent.ExecutionException: org.apache.ratis.thirdparty.io.grpc.StatusRuntimeException: UNAVAILABLE: io exception
	at java.util.concurrent.FutureTask.report(FutureTask.java:122)
	at java.util.concurrent.FutureTask.get(FutureTask.java:192)
	at org.apache.ratis.server.impl.LeaderElection.waitForResults(LeaderElection.java:259)
	at org.apache.ratis.server.impl.LeaderElection.askForVotes(LeaderElection.java:197)
	at org.apache.ratis.server.impl.LeaderElection.run(LeaderElection.java:133)
	at java.lang.Thread.run(Thread.java:748)
Caused by: org.apache.ratis.thirdparty.io.grpc.StatusRuntimeException: UNAVAILABLE: io exception
	at org.apache.ratis.thirdparty.io.grpc.stub.ClientCalls.toStatusRuntimeException(ClientCalls.java:233)
	at org.apache.ratis.thirdparty.io.grpc.stub.ClientCalls.getUnchecked(ClientCalls.java:214)
	at org.apache.ratis.thirdparty.io.grpc.stub.ClientCalls.blockingUnaryCall(ClientCalls.java:139)
	at org.apache.ratis.proto.grpc.RaftServerProtocolServiceGrpc$RaftServerProtocolServiceBlockingStub.requestVote(RaftServerProtocolServiceGrpc.java:265)
	at org.apache.ratis.grpc.server.GrpcServerProtocolClient.requestVote(GrpcServerProtocolClient.java:99)
	at org.apache.ratis.grpc.server.GrpcService.requestVote(GrpcService.java:204)
	at org.apache.ratis.server.impl.LeaderElection.lambda$submitRequests$1(LeaderElection.java:234)
	at java.util.concurrent.FutureTask.run(FutureTask.java:266)
	at java.util.concurrent.Executors$RunnableAdapter.call(Executors.java:511)
	at java.util.concurrent.FutureTask.run(FutureTask.java:266)
	at java.util.concurrent.ThreadPoolExecutor.runWorker(ThreadPoolExecutor.java:1149)
	at java.util.concurrent.ThreadPoolExecutor$Worker.run(ThreadPoolExecutor.java:624)
	... 1 more
Caused by: org.apache.ratis.thirdparty.io.netty.channel.AbstractChannel$AnnotatedConnectException: Connection refused: /192.168.157.223:42172
	at sun.nio.ch.SocketChannelImpl.checkConnect(Native Method)
	at sun.nio.ch.SocketChannelImpl.finishConnect(SocketChannelImpl.java:717)
	at org.apache.ratis.thirdparty.io.netty.channel.socket.nio.NioSocketChannel.doFinishConnect(NioSocketChannel.java:327)
	at org.apache.ratis.thirdparty.io.netty.channel.nio.AbstractNioChannel$AbstractNioUnsafe.finishConnect(AbstractNioChannel.java:340)
	at org.apache.ratis.thirdparty.io.netty.channel.nio.NioEventLoop.processSelectedKey(NioEventLoop.java:632)
	at org.apache.ratis.thirdparty.io.netty.channel.nio.NioEventLoop.processSelectedKeysOptimized(NioEventLoop.java:579)
	at org.apache.ratis.thirdparty.io.netty.channel.nio.NioEventLoop.processSelectedKeys(NioEventLoop.java:496)
	at org.apache.ratis.thirdparty.io.netty.channel.nio.NioEventLoop.run(NioEventLoop.java:458)
	at org.apache.ratis.thirdparty.io.netty.util.concurrent.SingleThreadEventExecutor$5.run(SingleThreadEventExecutor.java:897)
	at org.apache.ratis.thirdparty.io.netty.util.concurrent.FastThreadLocalRunnable.run(FastThreadLocalRunnable.java:30)
	... 1 more
Caused by: java.net.ConnectException: Connection refused
	... 11 more
2019-10-17 21:55:15,528 [d6dfcdd7-fc6e-4b51-b91e-b64503dadc5e@group-F967393F7C93-LeaderElection258] INFO  impl.LeaderElection (LogUtils.java:infoOrTrace(149)) -   Exception 1: {}
java.util.concurrent.ExecutionException: org.apache.ratis.thirdparty.io.grpc.StatusRuntimeException: UNAVAILABLE: io exception
	at java.util.concurrent.FutureTask.report(FutureTask.java:122)
	at java.util.concurrent.FutureTask.get(FutureTask.java:192)
	at org.apache.ratis.server.impl.LeaderElection.waitForResults(LeaderElection.java:259)
	at org.apache.ratis.server.impl.LeaderElection.askForVotes(LeaderElection.java:197)
	at org.apache.ratis.server.impl.LeaderElection.run(LeaderElection.java:133)
	at java.lang.Thread.run(Thread.java:748)
Caused by: org.apache.ratis.thirdparty.io.grpc.StatusRuntimeException: UNAVAILABLE: io exception
	at org.apache.ratis.thirdparty.io.grpc.stub.ClientCalls.toStatusRuntimeException(ClientCalls.java:233)
	at org.apache.ratis.thirdparty.io.grpc.stub.ClientCalls.getUnchecked(ClientCalls.java:214)
	at org.apache.ratis.thirdparty.io.grpc.stub.ClientCalls.blockingUnaryCall(ClientCalls.java:139)
	at org.apache.ratis.proto.grpc.RaftServerProtocolServiceGrpc$RaftServerProtocolServiceBlockingStub.requestVote(RaftServerProtocolServiceGrpc.java:265)
	at org.apache.ratis.grpc.server.GrpcServerProtocolClient.requestVote(GrpcServerProtocolClient.java:99)
	at org.apache.ratis.grpc.server.GrpcService.requestVote(GrpcService.java:204)
	at org.apache.ratis.server.impl.LeaderElection.lambda$submitRequests$1(LeaderElection.java:234)
	at java.util.concurrent.FutureTask.run(FutureTask.java:266)
	at java.util.concurrent.Executors$RunnableAdapter.call(Executors.java:511)
	at java.util.concurrent.FutureTask.run(FutureTask.java:266)
	at java.util.concurrent.ThreadPoolExecutor.runWorker(ThreadPoolExecutor.java:1149)
	at java.util.concurrent.ThreadPoolExecutor$Worker.run(ThreadPoolExecutor.java:624)
	... 1 more
Caused by: org.apache.ratis.thirdparty.io.netty.channel.AbstractChannel$AnnotatedConnectException: Connection refused: /192.168.157.223:33910
	at sun.nio.ch.SocketChannelImpl.checkConnect(Native Method)
	at sun.nio.ch.SocketChannelImpl.finishConnect(SocketChannelImpl.java:717)
	at org.apache.ratis.thirdparty.io.netty.channel.socket.nio.NioSocketChannel.doFinishConnect(NioSocketChannel.java:327)
	at org.apache.ratis.thirdparty.io.netty.channel.nio.AbstractNioChannel$AbstractNioUnsafe.finishConnect(AbstractNioChannel.java:340)
	at org.apache.ratis.thirdparty.io.netty.channel.nio.NioEventLoop.processSelectedKey(NioEventLoop.java:632)
	at org.apache.ratis.thirdparty.io.netty.channel.nio.NioEventLoop.processSelectedKeysOptimized(NioEventLoop.java:579)
	at org.apache.ratis.thirdparty.io.netty.channel.nio.NioEventLoop.processSelectedKeys(NioEventLoop.java:496)
	at org.apache.ratis.thirdparty.io.netty.channel.nio.NioEventLoop.run(NioEventLoop.java:458)
	at org.apache.ratis.thirdparty.io.netty.util.concurrent.SingleThreadEventExecutor$5.run(SingleThreadEventExecutor.java:897)
	at org.apache.ratis.thirdparty.io.netty.util.concurrent.FastThreadLocalRunnable.run(FastThreadLocalRunnable.java:30)
	... 1 more
Caused by: java.net.ConnectException: Connection refused
	... 11 more
2019-10-17 21:55:15,528 [d6dfcdd7-fc6e-4b51-b91e-b64503dadc5e@group-F967393F7C93-LeaderElection258] INFO  impl.RaftServerImpl (RaftServerImpl.java:setRole(184)) - d6dfcdd7-fc6e-4b51-b91e-b64503dadc5e@group-F967393F7C93: changes role from CANDIDATE to FOLLOWER at term 261 for DISCOVERED_A_NEW_TERM
2019-10-17 21:55:15,528 [d6dfcdd7-fc6e-4b51-b91e-b64503dadc5e@group-F967393F7C93-LeaderElection258] INFO  impl.RoleInfo (RoleInfo.java:shutdownLeaderElection(134)) - d6dfcdd7-fc6e-4b51-b91e-b64503dadc5e: shutdown LeaderElection
2019-10-17 21:55:15,528 [d6dfcdd7-fc6e-4b51-b91e-b64503dadc5e@group-F967393F7C93-LeaderElection258] INFO  impl.RoleInfo (RoleInfo.java:updateAndGet(143)) - d6dfcdd7-fc6e-4b51-b91e-b64503dadc5e: start FollowerState
2019-10-17 21:55:15,703 [Thread-2210] INFO  impl.FollowerState (FollowerState.java:run(108)) - d6dfcdd7-fc6e-4b51-b91e-b64503dadc5e@group-F967393F7C93-FollowerState: change to CANDIDATE, lastRpcTime:174ms, electionTimeout:174ms
2019-10-17 21:55:15,703 [Thread-2210] INFO  impl.RoleInfo (RoleInfo.java:shutdownFollowerState(121)) - d6dfcdd7-fc6e-4b51-b91e-b64503dadc5e: shutdown FollowerState
2019-10-17 21:55:15,703 [Thread-2210] INFO  impl.RaftServerImpl (RaftServerImpl.java:setRole(184)) - d6dfcdd7-fc6e-4b51-b91e-b64503dadc5e@group-F967393F7C93: changes role from  FOLLOWER to CANDIDATE at term 261 for changeToCandidate
2019-10-17 21:55:15,703 [Thread-2210] INFO  impl.RoleInfo (RoleInfo.java:updateAndGet(143)) - d6dfcdd7-fc6e-4b51-b91e-b64503dadc5e: start LeaderElection
2019-10-17 21:55:15,729 [d6dfcdd7-fc6e-4b51-b91e-b64503dadc5e@group-F967393F7C93-LeaderElection259] INFO  impl.LeaderElection (LeaderElection.java:askForVotes(178)) - d6dfcdd7-fc6e-4b51-b91e-b64503dadc5e@group-F967393F7C93-LeaderElection259: begin an election at term 262 for -1: [08d4cbaa-ffed-4411-a5fd-c4a38026aead:192.168.157.223:33910, da15dfee-23f0-4dc4-ad77-c00156c49cfa:192.168.157.223:42172, d6dfcdd7-fc6e-4b51-b91e-b64503dadc5e:192.168.157.223:43575], old=null
2019-10-17 21:55:15,730 [d6dfcdd7-fc6e-4b51-b91e-b64503dadc5e@group-F967393F7C93-LeaderElection259] INFO  impl.LeaderElection (LogUtils.java:infoOrTrace(149)) - d6dfcdd7-fc6e-4b51-b91e-b64503dadc5e@group-F967393F7C93-LeaderElection259 got exception when requesting votes: {}
java.util.concurrent.ExecutionException: org.apache.ratis.thirdparty.io.grpc.StatusRuntimeException: UNAVAILABLE: io exception
	at java.util.concurrent.FutureTask.report(FutureTask.java:122)
	at java.util.concurrent.FutureTask.get(FutureTask.java:192)
	at org.apache.ratis.server.impl.LeaderElection.waitForResults(LeaderElection.java:259)
	at org.apache.ratis.server.impl.LeaderElection.askForVotes(LeaderElection.java:197)
	at org.apache.ratis.server.impl.LeaderElection.run(LeaderElection.java:133)
	at java.lang.Thread.run(Thread.java:748)
Caused by: org.apache.ratis.thirdparty.io.grpc.StatusRuntimeException: UNAVAILABLE: io exception
	at org.apache.ratis.thirdparty.io.grpc.stub.ClientCalls.toStatusRuntimeException(ClientCalls.java:233)
	at org.apache.ratis.thirdparty.io.grpc.stub.ClientCalls.getUnchecked(ClientCalls.java:214)
	at org.apache.ratis.thirdparty.io.grpc.stub.ClientCalls.blockingUnaryCall(ClientCalls.java:139)
	at org.apache.ratis.proto.grpc.RaftServerProtocolServiceGrpc$RaftServerProtocolServiceBlockingStub.requestVote(RaftServerProtocolServiceGrpc.java:265)
	at org.apache.ratis.grpc.server.GrpcServerProtocolClient.requestVote(GrpcServerProtocolClient.java:99)
	at org.apache.ratis.grpc.server.GrpcService.requestVote(GrpcService.java:204)
	at org.apache.ratis.server.impl.LeaderElection.lambda$submitRequests$1(LeaderElection.java:234)
	at java.util.concurrent.FutureTask.run(FutureTask.java:266)
	at java.util.concurrent.Executors$RunnableAdapter.call(Executors.java:511)
	at java.util.concurrent.FutureTask.run(FutureTask.java:266)
	at java.util.concurrent.ThreadPoolExecutor.runWorker(ThreadPoolExecutor.java:1149)
	at java.util.concurrent.ThreadPoolExecutor$Worker.run(ThreadPoolExecutor.java:624)
	... 1 more
Caused by: org.apache.ratis.thirdparty.io.netty.channel.AbstractChannel$AnnotatedConnectException: Connection refused: /192.168.157.223:33910
	at sun.nio.ch.SocketChannelImpl.checkConnect(Native Method)
	at sun.nio.ch.SocketChannelImpl.finishConnect(SocketChannelImpl.java:717)
	at org.apache.ratis.thirdparty.io.netty.channel.socket.nio.NioSocketChannel.doFinishConnect(NioSocketChannel.java:327)
	at org.apache.ratis.thirdparty.io.netty.channel.nio.AbstractNioChannel$AbstractNioUnsafe.finishConnect(AbstractNioChannel.java:340)
	at org.apache.ratis.thirdparty.io.netty.channel.nio.NioEventLoop.processSelectedKey(NioEventLoop.java:632)
	at org.apache.ratis.thirdparty.io.netty.channel.nio.NioEventLoop.processSelectedKeysOptimized(NioEventLoop.java:579)
	at org.apache.ratis.thirdparty.io.netty.channel.nio.NioEventLoop.processSelectedKeys(NioEventLoop.java:496)
	at org.apache.ratis.thirdparty.io.netty.channel.nio.NioEventLoop.run(NioEventLoop.java:458)
	at org.apache.ratis.thirdparty.io.netty.util.concurrent.SingleThreadEventExecutor$5.run(SingleThreadEventExecutor.java:897)
	at org.apache.ratis.thirdparty.io.netty.util.concurrent.FastThreadLocalRunnable.run(FastThreadLocalRunnable.java:30)
	... 1 more
Caused by: java.net.ConnectException: Connection refused
	... 11 more
2019-10-17 21:55:15,730 [d6dfcdd7-fc6e-4b51-b91e-b64503dadc5e@group-F967393F7C93-LeaderElection259] INFO  impl.LeaderElection (LogUtils.java:infoOrTrace(149)) - d6dfcdd7-fc6e-4b51-b91e-b64503dadc5e@group-F967393F7C93-LeaderElection259 got exception when requesting votes: {}
java.util.concurrent.ExecutionException: org.apache.ratis.thirdparty.io.grpc.StatusRuntimeException: UNAVAILABLE: io exception
	at java.util.concurrent.FutureTask.report(FutureTask.java:122)
	at java.util.concurrent.FutureTask.get(FutureTask.java:192)
	at org.apache.ratis.server.impl.LeaderElection.waitForResults(LeaderElection.java:259)
	at org.apache.ratis.server.impl.LeaderElection.askForVotes(LeaderElection.java:197)
	at org.apache.ratis.server.impl.LeaderElection.run(LeaderElection.java:133)
	at java.lang.Thread.run(Thread.java:748)
Caused by: org.apache.ratis.thirdparty.io.grpc.StatusRuntimeException: UNAVAILABLE: io exception
	at org.apache.ratis.thirdparty.io.grpc.stub.ClientCalls.toStatusRuntimeException(ClientCalls.java:233)
	at org.apache.ratis.thirdparty.io.grpc.stub.ClientCalls.getUnchecked(ClientCalls.java:214)
	at org.apache.ratis.thirdparty.io.grpc.stub.ClientCalls.blockingUnaryCall(ClientCalls.java:139)
	at org.apache.ratis.proto.grpc.RaftServerProtocolServiceGrpc$RaftServerProtocolServiceBlockingStub.requestVote(RaftServerProtocolServiceGrpc.java:265)
	at org.apache.ratis.grpc.server.GrpcServerProtocolClient.requestVote(GrpcServerProtocolClient.java:99)
	at org.apache.ratis.grpc.server.GrpcService.requestVote(GrpcService.java:204)
	at org.apache.ratis.server.impl.LeaderElection.lambda$submitRequests$1(LeaderElection.java:234)
	at java.util.concurrent.FutureTask.run(FutureTask.java:266)
	at java.util.concurrent.Executors$RunnableAdapter.call(Executors.java:511)
	at java.util.concurrent.FutureTask.run(FutureTask.java:266)
	at java.util.concurrent.ThreadPoolExecutor.runWorker(ThreadPoolExecutor.java:1149)
	at java.util.concurrent.ThreadPoolExecutor$Worker.run(ThreadPoolExecutor.java:624)
	... 1 more
Caused by: org.apache.ratis.thirdparty.io.netty.channel.AbstractChannel$AnnotatedConnectException: Connection refused: /192.168.157.223:42172
	at sun.nio.ch.SocketChannelImpl.checkConnect(Native Method)
	at sun.nio.ch.SocketChannelImpl.finishConnect(SocketChannelImpl.java:717)
	at org.apache.ratis.thirdparty.io.netty.channel.socket.nio.NioSocketChannel.doFinishConnect(NioSocketChannel.java:327)
	at org.apache.ratis.thirdparty.io.netty.channel.nio.AbstractNioChannel$AbstractNioUnsafe.finishConnect(AbstractNioChannel.java:340)
	at org.apache.ratis.thirdparty.io.netty.channel.nio.NioEventLoop.processSelectedKey(NioEventLoop.java:632)
	at org.apache.ratis.thirdparty.io.netty.channel.nio.NioEventLoop.processSelectedKeysOptimized(NioEventLoop.java:579)
	at org.apache.ratis.thirdparty.io.netty.channel.nio.NioEventLoop.processSelectedKeys(NioEventLoop.java:496)
	at org.apache.ratis.thirdparty.io.netty.channel.nio.NioEventLoop.run(NioEventLoop.java:458)
	at org.apache.ratis.thirdparty.io.netty.util.concurrent.SingleThreadEventExecutor$5.run(SingleThreadEventExecutor.java:897)
	at org.apache.ratis.thirdparty.io.netty.util.concurrent.FastThreadLocalRunnable.run(FastThreadLocalRunnable.java:30)
	... 1 more
Caused by: java.net.ConnectException: Connection refused
	... 11 more
2019-10-17 21:55:15,731 [d6dfcdd7-fc6e-4b51-b91e-b64503dadc5e@group-F967393F7C93-LeaderElection259] INFO  impl.LeaderElection (LeaderElection.java:logAndReturn(56)) - d6dfcdd7-fc6e-4b51-b91e-b64503dadc5e@group-F967393F7C93-LeaderElection259: Election REJECTED; received 0 response(s) [] and 2 exception(s); d6dfcdd7-fc6e-4b51-b91e-b64503dadc5e@group-F967393F7C93:t262, leader=null, voted=d6dfcdd7-fc6e-4b51-b91e-b64503dadc5e, raftlog=d6dfcdd7-fc6e-4b51-b91e-b64503dadc5e@group-F967393F7C93-SegmentedRaftLog:OPENED:c-1,f-1,i0, conf=-1: [08d4cbaa-ffed-4411-a5fd-c4a38026aead:192.168.157.223:33910, da15dfee-23f0-4dc4-ad77-c00156c49cfa:192.168.157.223:42172, d6dfcdd7-fc6e-4b51-b91e-b64503dadc5e:192.168.157.223:43575], old=null
2019-10-17 21:55:15,731 [d6dfcdd7-fc6e-4b51-b91e-b64503dadc5e@group-F967393F7C93-LeaderElection259] INFO  impl.LeaderElection (LogUtils.java:infoOrTrace(149)) -   Exception 0: {}
java.util.concurrent.ExecutionException: org.apache.ratis.thirdparty.io.grpc.StatusRuntimeException: UNAVAILABLE: io exception
	at java.util.concurrent.FutureTask.report(FutureTask.java:122)
	at java.util.concurrent.FutureTask.get(FutureTask.java:192)
	at org.apache.ratis.server.impl.LeaderElection.waitForResults(LeaderElection.java:259)
	at org.apache.ratis.server.impl.LeaderElection.askForVotes(LeaderElection.java:197)
	at org.apache.ratis.server.impl.LeaderElection.run(LeaderElection.java:133)
	at java.lang.Thread.run(Thread.java:748)
Caused by: org.apache.ratis.thirdparty.io.grpc.StatusRuntimeException: UNAVAILABLE: io exception
	at org.apache.ratis.thirdparty.io.grpc.stub.ClientCalls.toStatusRuntimeException(ClientCalls.java:233)
	at org.apache.ratis.thirdparty.io.grpc.stub.ClientCalls.getUnchecked(ClientCalls.java:214)
	at org.apache.ratis.thirdparty.io.grpc.stub.ClientCalls.blockingUnaryCall(ClientCalls.java:139)
	at org.apache.ratis.proto.grpc.RaftServerProtocolServiceGrpc$RaftServerProtocolServiceBlockingStub.requestVote(RaftServerProtocolServiceGrpc.java:265)
	at org.apache.ratis.grpc.server.GrpcServerProtocolClient.requestVote(GrpcServerProtocolClient.java:99)
	at org.apache.ratis.grpc.server.GrpcService.requestVote(GrpcService.java:204)
	at org.apache.ratis.server.impl.LeaderElection.lambda$submitRequests$1(LeaderElection.java:234)
	at java.util.concurrent.FutureTask.run(FutureTask.java:266)
	at java.util.concurrent.Executors$RunnableAdapter.call(Executors.java:511)
	at java.util.concurrent.FutureTask.run(FutureTask.java:266)
	at java.util.concurrent.ThreadPoolExecutor.runWorker(ThreadPoolExecutor.java:1149)
	at java.util.concurrent.ThreadPoolExecutor$Worker.run(ThreadPoolExecutor.java:624)
	... 1 more
Caused by: org.apache.ratis.thirdparty.io.netty.channel.AbstractChannel$AnnotatedConnectException: Connection refused: /192.168.157.223:33910
	at sun.nio.ch.SocketChannelImpl.checkConnect(Native Method)
	at sun.nio.ch.SocketChannelImpl.finishConnect(SocketChannelImpl.java:717)
	at org.apache.ratis.thirdparty.io.netty.channel.socket.nio.NioSocketChannel.doFinishConnect(NioSocketChannel.java:327)
	at org.apache.ratis.thirdparty.io.netty.channel.nio.AbstractNioChannel$AbstractNioUnsafe.finishConnect(AbstractNioChannel.java:340)
	at org.apache.ratis.thirdparty.io.netty.channel.nio.NioEventLoop.processSelectedKey(NioEventLoop.java:632)
	at org.apache.ratis.thirdparty.io.netty.channel.nio.NioEventLoop.processSelectedKeysOptimized(NioEventLoop.java:579)
	at org.apache.ratis.thirdparty.io.netty.channel.nio.NioEventLoop.processSelectedKeys(NioEventLoop.java:496)
	at org.apache.ratis.thirdparty.io.netty.channel.nio.NioEventLoop.run(NioEventLoop.java:458)
	at org.apache.ratis.thirdparty.io.netty.util.concurrent.SingleThreadEventExecutor$5.run(SingleThreadEventExecutor.java:897)
	at org.apache.ratis.thirdparty.io.netty.util.concurrent.FastThreadLocalRunnable.run(FastThreadLocalRunnable.java:30)
	... 1 more
Caused by: java.net.ConnectException: Connection refused
	... 11 more
2019-10-17 21:55:15,731 [d6dfcdd7-fc6e-4b51-b91e-b64503dadc5e@group-F967393F7C93-LeaderElection259] INFO  impl.LeaderElection (LogUtils.java:infoOrTrace(149)) -   Exception 1: {}
java.util.concurrent.ExecutionException: org.apache.ratis.thirdparty.io.grpc.StatusRuntimeException: UNAVAILABLE: io exception
	at java.util.concurrent.FutureTask.report(FutureTask.java:122)
	at java.util.concurrent.FutureTask.get(FutureTask.java:192)
	at org.apache.ratis.server.impl.LeaderElection.waitForResults(LeaderElection.java:259)
	at org.apache.ratis.server.impl.LeaderElection.askForVotes(LeaderElection.java:197)
	at org.apache.ratis.server.impl.LeaderElection.run(LeaderElection.java:133)
	at java.lang.Thread.run(Thread.java:748)
Caused by: org.apache.ratis.thirdparty.io.grpc.StatusRuntimeException: UNAVAILABLE: io exception
	at org.apache.ratis.thirdparty.io.grpc.stub.ClientCalls.toStatusRuntimeException(ClientCalls.java:233)
	at org.apache.ratis.thirdparty.io.grpc.stub.ClientCalls.getUnchecked(ClientCalls.java:214)
	at org.apache.ratis.thirdparty.io.grpc.stub.ClientCalls.blockingUnaryCall(ClientCalls.java:139)
	at org.apache.ratis.proto.grpc.RaftServerProtocolServiceGrpc$RaftServerProtocolServiceBlockingStub.requestVote(RaftServerProtocolServiceGrpc.java:265)
	at org.apache.ratis.grpc.server.GrpcServerProtocolClient.requestVote(GrpcServerProtocolClient.java:99)
	at org.apache.ratis.grpc.server.GrpcService.requestVote(GrpcService.java:204)
	at org.apache.ratis.server.impl.LeaderElection.lambda$submitRequests$1(LeaderElection.java:234)
	at java.util.concurrent.FutureTask.run(FutureTask.java:266)
	at java.util.concurrent.Executors$RunnableAdapter.call(Executors.java:511)
	at java.util.concurrent.FutureTask.run(FutureTask.java:266)
	at java.util.concurrent.ThreadPoolExecutor.runWorker(ThreadPoolExecutor.java:1149)
	at java.util.concurrent.ThreadPoolExecutor$Worker.run(ThreadPoolExecutor.java:624)
	... 1 more
Caused by: org.apache.ratis.thirdparty.io.netty.channel.AbstractChannel$AnnotatedConnectException: Connection refused: /192.168.157.223:42172
	at sun.nio.ch.SocketChannelImpl.checkConnect(Native Method)
	at sun.nio.ch.SocketChannelImpl.finishConnect(SocketChannelImpl.java:717)
	at org.apache.ratis.thirdparty.io.netty.channel.socket.nio.NioSocketChannel.doFinishConnect(NioSocketChannel.java:327)
	at org.apache.ratis.thirdparty.io.netty.channel.nio.AbstractNioChannel$AbstractNioUnsafe.finishConnect(AbstractNioChannel.java:340)
	at org.apache.ratis.thirdparty.io.netty.channel.nio.NioEventLoop.processSelectedKey(NioEventLoop.java:632)
	at org.apache.ratis.thirdparty.io.netty.channel.nio.NioEventLoop.processSelectedKeysOptimized(NioEventLoop.java:579)
	at org.apache.ratis.thirdparty.io.netty.channel.nio.NioEventLoop.processSelectedKeys(NioEventLoop.java:496)
	at org.apache.ratis.thirdparty.io.netty.channel.nio.NioEventLoop.run(NioEventLoop.java:458)
	at org.apache.ratis.thirdparty.io.netty.util.concurrent.SingleThreadEventExecutor$5.run(SingleThreadEventExecutor.java:897)
	at org.apache.ratis.thirdparty.io.netty.util.concurrent.FastThreadLocalRunnable.run(FastThreadLocalRunnable.java:30)
	... 1 more
Caused by: java.net.ConnectException: Connection refused
	... 11 more
2019-10-17 21:55:15,732 [d6dfcdd7-fc6e-4b51-b91e-b64503dadc5e@group-F967393F7C93-LeaderElection259] INFO  impl.RaftServerImpl (RaftServerImpl.java:setRole(184)) - d6dfcdd7-fc6e-4b51-b91e-b64503dadc5e@group-F967393F7C93: changes role from CANDIDATE to FOLLOWER at term 262 for DISCOVERED_A_NEW_TERM
2019-10-17 21:55:15,732 [d6dfcdd7-fc6e-4b51-b91e-b64503dadc5e@group-F967393F7C93-LeaderElection259] INFO  impl.RoleInfo (RoleInfo.java:shutdownLeaderElection(134)) - d6dfcdd7-fc6e-4b51-b91e-b64503dadc5e: shutdown LeaderElection
2019-10-17 21:55:15,732 [d6dfcdd7-fc6e-4b51-b91e-b64503dadc5e@group-F967393F7C93-LeaderElection259] INFO  impl.RoleInfo (RoleInfo.java:updateAndGet(143)) - d6dfcdd7-fc6e-4b51-b91e-b64503dadc5e: start FollowerState
2019-10-17 21:55:15,780 [java.util.concurrent.ThreadPoolExecutor$Worker@71aa17a1[State = -1, empty queue]] WARN  server.GrpcLogAppender (GrpcLogAppender.java:timeoutAppendRequest(209)) - de567563-d0dd-4cf2-91b7-f72627909699@group-3097D7458558->db0af43e-c62e-4c1d-affa-ffdb4faae2f8-GrpcLogAppender: appendEntries Timeout, request=de567563-d0dd-4cf2-91b7-f72627909699->db0af43e-c62e-4c1d-affa-ffdb4faae2f8#61-t10, previous=(t:10, i:4), leaderCommit=4, initializing? false, entries: <empty>
2019-10-17 21:55:15,857 [Thread-2214] INFO  impl.FollowerState (FollowerState.java:run(108)) - d6dfcdd7-fc6e-4b51-b91e-b64503dadc5e@group-F967393F7C93-FollowerState: change to CANDIDATE, lastRpcTime:125ms, electionTimeout:125ms
2019-10-17 21:55:15,857 [Thread-2214] INFO  impl.RoleInfo (RoleInfo.java:shutdownFollowerState(121)) - d6dfcdd7-fc6e-4b51-b91e-b64503dadc5e: shutdown FollowerState
2019-10-17 21:55:15,857 [Thread-2214] INFO  impl.RaftServerImpl (RaftServerImpl.java:setRole(184)) - d6dfcdd7-fc6e-4b51-b91e-b64503dadc5e@group-F967393F7C93: changes role from  FOLLOWER to CANDIDATE at term 262 for changeToCandidate
2019-10-17 21:55:15,858 [Thread-2214] INFO  impl.RoleInfo (RoleInfo.java:updateAndGet(143)) - d6dfcdd7-fc6e-4b51-b91e-b64503dadc5e: start LeaderElection
2019-10-17 21:55:15,870 [d6dfcdd7-fc6e-4b51-b91e-b64503dadc5e@group-F967393F7C93-LeaderElection260] INFO  impl.LeaderElection (LeaderElection.java:askForVotes(178)) - d6dfcdd7-fc6e-4b51-b91e-b64503dadc5e@group-F967393F7C93-LeaderElection260: begin an election at term 263 for -1: [08d4cbaa-ffed-4411-a5fd-c4a38026aead:192.168.157.223:33910, da15dfee-23f0-4dc4-ad77-c00156c49cfa:192.168.157.223:42172, d6dfcdd7-fc6e-4b51-b91e-b64503dadc5e:192.168.157.223:43575], old=null
2019-10-17 21:55:15,871 [d6dfcdd7-fc6e-4b51-b91e-b64503dadc5e@group-F967393F7C93-LeaderElection260] INFO  impl.LeaderElection (LogUtils.java:infoOrTrace(149)) - d6dfcdd7-fc6e-4b51-b91e-b64503dadc5e@group-F967393F7C93-LeaderElection260 got exception when requesting votes: {}
java.util.concurrent.ExecutionException: org.apache.ratis.thirdparty.io.grpc.StatusRuntimeException: UNAVAILABLE: io exception
	at java.util.concurrent.FutureTask.report(FutureTask.java:122)
	at java.util.concurrent.FutureTask.get(FutureTask.java:192)
	at org.apache.ratis.server.impl.LeaderElection.waitForResults(LeaderElection.java:259)
	at org.apache.ratis.server.impl.LeaderElection.askForVotes(LeaderElection.java:197)
	at org.apache.ratis.server.impl.LeaderElection.run(LeaderElection.java:133)
	at java.lang.Thread.run(Thread.java:748)
Caused by: org.apache.ratis.thirdparty.io.grpc.StatusRuntimeException: UNAVAILABLE: io exception
	at org.apache.ratis.thirdparty.io.grpc.stub.ClientCalls.toStatusRuntimeException(ClientCalls.java:233)
	at org.apache.ratis.thirdparty.io.grpc.stub.ClientCalls.getUnchecked(ClientCalls.java:214)
	at org.apache.ratis.thirdparty.io.grpc.stub.ClientCalls.blockingUnaryCall(ClientCalls.java:139)
	at org.apache.ratis.proto.grpc.RaftServerProtocolServiceGrpc$RaftServerProtocolServiceBlockingStub.requestVote(RaftServerProtocolServiceGrpc.java:265)
	at org.apache.ratis.grpc.server.GrpcServerProtocolClient.requestVote(GrpcServerProtocolClient.java:99)
	at org.apache.ratis.grpc.server.GrpcService.requestVote(GrpcService.java:204)
	at org.apache.ratis.server.impl.LeaderElection.lambda$submitRequests$1(LeaderElection.java:234)
	at java.util.concurrent.FutureTask.run(FutureTask.java:266)
	at java.util.concurrent.Executors$RunnableAdapter.call(Executors.java:511)
	at java.util.concurrent.FutureTask.run(FutureTask.java:266)
	at java.util.concurrent.ThreadPoolExecutor.runWorker(ThreadPoolExecutor.java:1149)
	at java.util.concurrent.ThreadPoolExecutor$Worker.run(ThreadPoolExecutor.java:624)
	... 1 more
Caused by: org.apache.ratis.thirdparty.io.netty.channel.AbstractChannel$AnnotatedConnectException: Connection refused: /192.168.157.223:33910
	at sun.nio.ch.SocketChannelImpl.checkConnect(Native Method)
	at sun.nio.ch.SocketChannelImpl.finishConnect(SocketChannelImpl.java:717)
	at org.apache.ratis.thirdparty.io.netty.channel.socket.nio.NioSocketChannel.doFinishConnect(NioSocketChannel.java:327)
	at org.apache.ratis.thirdparty.io.netty.channel.nio.AbstractNioChannel$AbstractNioUnsafe.finishConnect(AbstractNioChannel.java:340)
	at org.apache.ratis.thirdparty.io.netty.channel.nio.NioEventLoop.processSelectedKey(NioEventLoop.java:632)
	at org.apache.ratis.thirdparty.io.netty.channel.nio.NioEventLoop.processSelectedKeysOptimized(NioEventLoop.java:579)
	at org.apache.ratis.thirdparty.io.netty.channel.nio.NioEventLoop.processSelectedKeys(NioEventLoop.java:496)
	at org.apache.ratis.thirdparty.io.netty.channel.nio.NioEventLoop.run(NioEventLoop.java:458)
	at org.apache.ratis.thirdparty.io.netty.util.concurrent.SingleThreadEventExecutor$5.run(SingleThreadEventExecutor.java:897)
	at org.apache.ratis.thirdparty.io.netty.util.concurrent.FastThreadLocalRunnable.run(FastThreadLocalRunnable.java:30)
	... 1 more
Caused by: java.net.ConnectException: Connection refused
	... 11 more
2019-10-17 21:55:15,872 [d6dfcdd7-fc6e-4b51-b91e-b64503dadc5e@group-F967393F7C93-LeaderElection260] INFO  impl.LeaderElection (LogUtils.java:infoOrTrace(149)) - d6dfcdd7-fc6e-4b51-b91e-b64503dadc5e@group-F967393F7C93-LeaderElection260 got exception when requesting votes: {}
java.util.concurrent.ExecutionException: org.apache.ratis.thirdparty.io.grpc.StatusRuntimeException: UNAVAILABLE: io exception
	at java.util.concurrent.FutureTask.report(FutureTask.java:122)
	at java.util.concurrent.FutureTask.get(FutureTask.java:192)
	at org.apache.ratis.server.impl.LeaderElection.waitForResults(LeaderElection.java:259)
	at org.apache.ratis.server.impl.LeaderElection.askForVotes(LeaderElection.java:197)
	at org.apache.ratis.server.impl.LeaderElection.run(LeaderElection.java:133)
	at java.lang.Thread.run(Thread.java:748)
Caused by: org.apache.ratis.thirdparty.io.grpc.StatusRuntimeException: UNAVAILABLE: io exception
	at org.apache.ratis.thirdparty.io.grpc.stub.ClientCalls.toStatusRuntimeException(ClientCalls.java:233)
	at org.apache.ratis.thirdparty.io.grpc.stub.ClientCalls.getUnchecked(ClientCalls.java:214)
	at org.apache.ratis.thirdparty.io.grpc.stub.ClientCalls.blockingUnaryCall(ClientCalls.java:139)
	at org.apache.ratis.proto.grpc.RaftServerProtocolServiceGrpc$RaftServerProtocolServiceBlockingStub.requestVote(RaftServerProtocolServiceGrpc.java:265)
	at org.apache.ratis.grpc.server.GrpcServerProtocolClient.requestVote(GrpcServerProtocolClient.java:99)
	at org.apache.ratis.grpc.server.GrpcService.requestVote(GrpcService.java:204)
	at org.apache.ratis.server.impl.LeaderElection.lambda$submitRequests$1(LeaderElection.java:234)
	at java.util.concurrent.FutureTask.run(FutureTask.java:266)
	at java.util.concurrent.Executors$RunnableAdapter.call(Executors.java:511)
	at java.util.concurrent.FutureTask.run(FutureTask.java:266)
	at java.util.concurrent.ThreadPoolExecutor.runWorker(ThreadPoolExecutor.java:1149)
	at java.util.concurrent.ThreadPoolExecutor$Worker.run(ThreadPoolExecutor.java:624)
	... 1 more
Caused by: org.apache.ratis.thirdparty.io.netty.channel.AbstractChannel$AnnotatedConnectException: Connection refused: /192.168.157.223:42172
	at sun.nio.ch.SocketChannelImpl.checkConnect(Native Method)
	at sun.nio.ch.SocketChannelImpl.finishConnect(SocketChannelImpl.java:717)
	at org.apache.ratis.thirdparty.io.netty.channel.socket.nio.NioSocketChannel.doFinishConnect(NioSocketChannel.java:327)
	at org.apache.ratis.thirdparty.io.netty.channel.nio.AbstractNioChannel$AbstractNioUnsafe.finishConnect(AbstractNioChannel.java:340)
	at org.apache.ratis.thirdparty.io.netty.channel.nio.NioEventLoop.processSelectedKey(NioEventLoop.java:632)
	at org.apache.ratis.thirdparty.io.netty.channel.nio.NioEventLoop.processSelectedKeysOptimized(NioEventLoop.java:579)
	at org.apache.ratis.thirdparty.io.netty.channel.nio.NioEventLoop.processSelectedKeys(NioEventLoop.java:496)
	at org.apache.ratis.thirdparty.io.netty.channel.nio.NioEventLoop.run(NioEventLoop.java:458)
	at org.apache.ratis.thirdparty.io.netty.util.concurrent.SingleThreadEventExecutor$5.run(SingleThreadEventExecutor.java:897)
	at org.apache.ratis.thirdparty.io.netty.util.concurrent.FastThreadLocalRunnable.run(FastThreadLocalRunnable.java:30)
	... 1 more
Caused by: java.net.ConnectException: Connection refused
	... 11 more
2019-10-17 21:55:15,872 [d6dfcdd7-fc6e-4b51-b91e-b64503dadc5e@group-F967393F7C93-LeaderElection260] INFO  impl.LeaderElection (LeaderElection.java:logAndReturn(56)) - d6dfcdd7-fc6e-4b51-b91e-b64503dadc5e@group-F967393F7C93-LeaderElection260: Election REJECTED; received 0 response(s) [] and 2 exception(s); d6dfcdd7-fc6e-4b51-b91e-b64503dadc5e@group-F967393F7C93:t263, leader=null, voted=d6dfcdd7-fc6e-4b51-b91e-b64503dadc5e, raftlog=d6dfcdd7-fc6e-4b51-b91e-b64503dadc5e@group-F967393F7C93-SegmentedRaftLog:OPENED:c-1,f-1,i0, conf=-1: [08d4cbaa-ffed-4411-a5fd-c4a38026aead:192.168.157.223:33910, da15dfee-23f0-4dc4-ad77-c00156c49cfa:192.168.157.223:42172, d6dfcdd7-fc6e-4b51-b91e-b64503dadc5e:192.168.157.223:43575], old=null
2019-10-17 21:55:15,873 [d6dfcdd7-fc6e-4b51-b91e-b64503dadc5e@group-F967393F7C93-LeaderElection260] INFO  impl.LeaderElection (LogUtils.java:infoOrTrace(149)) -   Exception 0: {}
java.util.concurrent.ExecutionException: org.apache.ratis.thirdparty.io.grpc.StatusRuntimeException: UNAVAILABLE: io exception
	at java.util.concurrent.FutureTask.report(FutureTask.java:122)
	at java.util.concurrent.FutureTask.get(FutureTask.java:192)
	at org.apache.ratis.server.impl.LeaderElection.waitForResults(LeaderElection.java:259)
	at org.apache.ratis.server.impl.LeaderElection.askForVotes(LeaderElection.java:197)
	at org.apache.ratis.server.impl.LeaderElection.run(LeaderElection.java:133)
	at java.lang.Thread.run(Thread.java:748)
Caused by: org.apache.ratis.thirdparty.io.grpc.StatusRuntimeException: UNAVAILABLE: io exception
	at org.apache.ratis.thirdparty.io.grpc.stub.ClientCalls.toStatusRuntimeException(ClientCalls.java:233)
	at org.apache.ratis.thirdparty.io.grpc.stub.ClientCalls.getUnchecked(ClientCalls.java:214)
	at org.apache.ratis.thirdparty.io.grpc.stub.ClientCalls.blockingUnaryCall(ClientCalls.java:139)
	at org.apache.ratis.proto.grpc.RaftServerProtocolServiceGrpc$RaftServerProtocolServiceBlockingStub.requestVote(RaftServerProtocolServiceGrpc.java:265)
	at org.apache.ratis.grpc.server.GrpcServerProtocolClient.requestVote(GrpcServerProtocolClient.java:99)
	at org.apache.ratis.grpc.server.GrpcService.requestVote(GrpcService.java:204)
	at org.apache.ratis.server.impl.LeaderElection.lambda$submitRequests$1(LeaderElection.java:234)
	at java.util.concurrent.FutureTask.run(FutureTask.java:266)
	at java.util.concurrent.Executors$RunnableAdapter.call(Executors.java:511)
	at java.util.concurrent.FutureTask.run(FutureTask.java:266)
	at java.util.concurrent.ThreadPoolExecutor.runWorker(ThreadPoolExecutor.java:1149)
	at java.util.concurrent.ThreadPoolExecutor$Worker.run(ThreadPoolExecutor.java:624)
	... 1 more
Caused by: org.apache.ratis.thirdparty.io.netty.channel.AbstractChannel$AnnotatedConnectException: Connection refused: /192.168.157.223:33910
	at sun.nio.ch.SocketChannelImpl.checkConnect(Native Method)
	at sun.nio.ch.SocketChannelImpl.finishConnect(SocketChannelImpl.java:717)
	at org.apache.ratis.thirdparty.io.netty.channel.socket.nio.NioSocketChannel.doFinishConnect(NioSocketChannel.java:327)
	at org.apache.ratis.thirdparty.io.netty.channel.nio.AbstractNioChannel$AbstractNioUnsafe.finishConnect(AbstractNioChannel.java:340)
	at org.apache.ratis.thirdparty.io.netty.channel.nio.NioEventLoop.processSelectedKey(NioEventLoop.java:632)
	at org.apache.ratis.thirdparty.io.netty.channel.nio.NioEventLoop.processSelectedKeysOptimized(NioEventLoop.java:579)
	at org.apache.ratis.thirdparty.io.netty.channel.nio.NioEventLoop.processSelectedKeys(NioEventLoop.java:496)
	at org.apache.ratis.thirdparty.io.netty.channel.nio.NioEventLoop.run(NioEventLoop.java:458)
	at org.apache.ratis.thirdparty.io.netty.util.concurrent.SingleThreadEventExecutor$5.run(SingleThreadEventExecutor.java:897)
	at org.apache.ratis.thirdparty.io.netty.util.concurrent.FastThreadLocalRunnable.run(FastThreadLocalRunnable.java:30)
	... 1 more
Caused by: java.net.ConnectException: Connection refused
	... 11 more
2019-10-17 21:55:15,873 [d6dfcdd7-fc6e-4b51-b91e-b64503dadc5e@group-F967393F7C93-LeaderElection260] INFO  impl.LeaderElection (LogUtils.java:infoOrTrace(149)) -   Exception 1: {}
java.util.concurrent.ExecutionException: org.apache.ratis.thirdparty.io.grpc.StatusRuntimeException: UNAVAILABLE: io exception
	at java.util.concurrent.FutureTask.report(FutureTask.java:122)
	at java.util.concurrent.FutureTask.get(FutureTask.java:192)
	at org.apache.ratis.server.impl.LeaderElection.waitForResults(LeaderElection.java:259)
	at org.apache.ratis.server.impl.LeaderElection.askForVotes(LeaderElection.java:197)
	at org.apache.ratis.server.impl.LeaderElection.run(LeaderElection.java:133)
	at java.lang.Thread.run(Thread.java:748)
Caused by: org.apache.ratis.thirdparty.io.grpc.StatusRuntimeException: UNAVAILABLE: io exception
	at org.apache.ratis.thirdparty.io.grpc.stub.ClientCalls.toStatusRuntimeException(ClientCalls.java:233)
	at org.apache.ratis.thirdparty.io.grpc.stub.ClientCalls.getUnchecked(ClientCalls.java:214)
	at org.apache.ratis.thirdparty.io.grpc.stub.ClientCalls.blockingUnaryCall(ClientCalls.java:139)
	at org.apache.ratis.proto.grpc.RaftServerProtocolServiceGrpc$RaftServerProtocolServiceBlockingStub.requestVote(RaftServerProtocolServiceGrpc.java:265)
	at org.apache.ratis.grpc.server.GrpcServerProtocolClient.requestVote(GrpcServerProtocolClient.java:99)
	at org.apache.ratis.grpc.server.GrpcService.requestVote(GrpcService.java:204)
	at org.apache.ratis.server.impl.LeaderElection.lambda$submitRequests$1(LeaderElection.java:234)
	at java.util.concurrent.FutureTask.run(FutureTask.java:266)
	at java.util.concurrent.Executors$RunnableAdapter.call(Executors.java:511)
	at java.util.concurrent.FutureTask.run(FutureTask.java:266)
	at java.util.concurrent.ThreadPoolExecutor.runWorker(ThreadPoolExecutor.java:1149)
	at java.util.concurrent.ThreadPoolExecutor$Worker.run(ThreadPoolExecutor.java:624)
	... 1 more
Caused by: org.apache.ratis.thirdparty.io.netty.channel.AbstractChannel$AnnotatedConnectException: Connection refused: /192.168.157.223:42172
	at sun.nio.ch.SocketChannelImpl.checkConnect(Native Method)
	at sun.nio.ch.SocketChannelImpl.finishConnect(SocketChannelImpl.java:717)
	at org.apache.ratis.thirdparty.io.netty.channel.socket.nio.NioSocketChannel.doFinishConnect(NioSocketChannel.java:327)
	at org.apache.ratis.thirdparty.io.netty.channel.nio.AbstractNioChannel$AbstractNioUnsafe.finishConnect(AbstractNioChannel.java:340)
	at org.apache.ratis.thirdparty.io.netty.channel.nio.NioEventLoop.processSelectedKey(NioEventLoop.java:632)
	at org.apache.ratis.thirdparty.io.netty.channel.nio.NioEventLoop.processSelectedKeysOptimized(NioEventLoop.java:579)
	at org.apache.ratis.thirdparty.io.netty.channel.nio.NioEventLoop.processSelectedKeys(NioEventLoop.java:496)
	at org.apache.ratis.thirdparty.io.netty.channel.nio.NioEventLoop.run(NioEventLoop.java:458)
	at org.apache.ratis.thirdparty.io.netty.util.concurrent.SingleThreadEventExecutor$5.run(SingleThreadEventExecutor.java:897)
	at org.apache.ratis.thirdparty.io.netty.util.concurrent.FastThreadLocalRunnable.run(FastThreadLocalRunnable.java:30)
	... 1 more
Caused by: java.net.ConnectException: Connection refused
	... 11 more
2019-10-17 21:55:15,874 [d6dfcdd7-fc6e-4b51-b91e-b64503dadc5e@group-F967393F7C93-LeaderElection260] INFO  impl.RaftServerImpl (RaftServerImpl.java:setRole(184)) - d6dfcdd7-fc6e-4b51-b91e-b64503dadc5e@group-F967393F7C93: changes role from CANDIDATE to FOLLOWER at term 263 for DISCOVERED_A_NEW_TERM
2019-10-17 21:55:15,874 [d6dfcdd7-fc6e-4b51-b91e-b64503dadc5e@group-F967393F7C93-LeaderElection260] INFO  impl.RoleInfo (RoleInfo.java:shutdownLeaderElection(134)) - d6dfcdd7-fc6e-4b51-b91e-b64503dadc5e: shutdown LeaderElection
2019-10-17 21:55:15,874 [d6dfcdd7-fc6e-4b51-b91e-b64503dadc5e@group-F967393F7C93-LeaderElection260] INFO  impl.RoleInfo (RoleInfo.java:updateAndGet(143)) - d6dfcdd7-fc6e-4b51-b91e-b64503dadc5e: start FollowerState
2019-10-17 21:55:16,008 [Datanode State Machine Thread - 0] INFO  statemachine.DatanodeStateMachine (DatanodeStateMachine.java:lambda$startDaemon$0(350)) - Ozone container server started.
2019-10-17 21:55:16,020 [Thread-2218] INFO  impl.FollowerState (FollowerState.java:run(108)) - d6dfcdd7-fc6e-4b51-b91e-b64503dadc5e@group-F967393F7C93-FollowerState: change to CANDIDATE, lastRpcTime:146ms, electionTimeout:146ms
2019-10-17 21:55:16,021 [Thread-2218] INFO  impl.RoleInfo (RoleInfo.java:shutdownFollowerState(121)) - d6dfcdd7-fc6e-4b51-b91e-b64503dadc5e: shutdown FollowerState
2019-10-17 21:55:16,021 [Thread-2218] INFO  impl.RaftServerImpl (RaftServerImpl.java:setRole(184)) - d6dfcdd7-fc6e-4b51-b91e-b64503dadc5e@group-F967393F7C93: changes role from  FOLLOWER to CANDIDATE at term 263 for changeToCandidate
2019-10-17 21:55:16,021 [Thread-2218] INFO  impl.RoleInfo (RoleInfo.java:updateAndGet(143)) - d6dfcdd7-fc6e-4b51-b91e-b64503dadc5e: start LeaderElection
2019-10-17 21:55:16,037 [d6dfcdd7-fc6e-4b51-b91e-b64503dadc5e@group-F967393F7C93-LeaderElection261] INFO  impl.LeaderElection (LeaderElection.java:askForVotes(178)) - d6dfcdd7-fc6e-4b51-b91e-b64503dadc5e@group-F967393F7C93-LeaderElection261: begin an election at term 264 for -1: [08d4cbaa-ffed-4411-a5fd-c4a38026aead:192.168.157.223:33910, da15dfee-23f0-4dc4-ad77-c00156c49cfa:192.168.157.223:42172, d6dfcdd7-fc6e-4b51-b91e-b64503dadc5e:192.168.157.223:43575], old=null
2019-10-17 21:55:16,038 [d6dfcdd7-fc6e-4b51-b91e-b64503dadc5e@group-F967393F7C93-LeaderElection261] INFO  impl.LeaderElection (LogUtils.java:infoOrTrace(149)) - d6dfcdd7-fc6e-4b51-b91e-b64503dadc5e@group-F967393F7C93-LeaderElection261 got exception when requesting votes: {}
java.util.concurrent.ExecutionException: org.apache.ratis.thirdparty.io.grpc.StatusRuntimeException: UNAVAILABLE: io exception
	at java.util.concurrent.FutureTask.report(FutureTask.java:122)
	at java.util.concurrent.FutureTask.get(FutureTask.java:192)
	at org.apache.ratis.server.impl.LeaderElection.waitForResults(LeaderElection.java:259)
	at org.apache.ratis.server.impl.LeaderElection.askForVotes(LeaderElection.java:197)
	at org.apache.ratis.server.impl.LeaderElection.run(LeaderElection.java:133)
	at java.lang.Thread.run(Thread.java:748)
Caused by: org.apache.ratis.thirdparty.io.grpc.StatusRuntimeException: UNAVAILABLE: io exception
	at org.apache.ratis.thirdparty.io.grpc.stub.ClientCalls.toStatusRuntimeException(ClientCalls.java:233)
	at org.apache.ratis.thirdparty.io.grpc.stub.ClientCalls.getUnchecked(ClientCalls.java:214)
	at org.apache.ratis.thirdparty.io.grpc.stub.ClientCalls.blockingUnaryCall(ClientCalls.java:139)
	at org.apache.ratis.proto.grpc.RaftServerProtocolServiceGrpc$RaftServerProtocolServiceBlockingStub.requestVote(RaftServerProtocolServiceGrpc.java:265)
	at org.apache.ratis.grpc.server.GrpcServerProtocolClient.requestVote(GrpcServerProtocolClient.java:99)
	at org.apache.ratis.grpc.server.GrpcService.requestVote(GrpcService.java:204)
	at org.apache.ratis.server.impl.LeaderElection.lambda$submitRequests$1(LeaderElection.java:234)
	at java.util.concurrent.FutureTask.run(FutureTask.java:266)
	at java.util.concurrent.Executors$RunnableAdapter.call(Executors.java:511)
	at java.util.concurrent.FutureTask.run(FutureTask.java:266)
	at java.util.concurrent.ThreadPoolExecutor.runWorker(ThreadPoolExecutor.java:1149)
	at java.util.concurrent.ThreadPoolExecutor$Worker.run(ThreadPoolExecutor.java:624)
	... 1 more
Caused by: org.apache.ratis.thirdparty.io.netty.channel.AbstractChannel$AnnotatedConnectException: Connection refused: /192.168.157.223:33910
	at sun.nio.ch.SocketChannelImpl.checkConnect(Native Method)
	at sun.nio.ch.SocketChannelImpl.finishConnect(SocketChannelImpl.java:717)
	at org.apache.ratis.thirdparty.io.netty.channel.socket.nio.NioSocketChannel.doFinishConnect(NioSocketChannel.java:327)
	at org.apache.ratis.thirdparty.io.netty.channel.nio.AbstractNioChannel$AbstractNioUnsafe.finishConnect(AbstractNioChannel.java:340)
	at org.apache.ratis.thirdparty.io.netty.channel.nio.NioEventLoop.processSelectedKey(NioEventLoop.java:632)
	at org.apache.ratis.thirdparty.io.netty.channel.nio.NioEventLoop.processSelectedKeysOptimized(NioEventLoop.java:579)
	at org.apache.ratis.thirdparty.io.netty.channel.nio.NioEventLoop.processSelectedKeys(NioEventLoop.java:496)
	at org.apache.ratis.thirdparty.io.netty.channel.nio.NioEventLoop.run(NioEventLoop.java:458)
	at org.apache.ratis.thirdparty.io.netty.util.concurrent.SingleThreadEventExecutor$5.run(SingleThreadEventExecutor.java:897)
	at org.apache.ratis.thirdparty.io.netty.util.concurrent.FastThreadLocalRunnable.run(FastThreadLocalRunnable.java:30)
	... 1 more
Caused by: java.net.ConnectException: Connection refused
	... 11 more
2019-10-17 21:55:16,038 [d6dfcdd7-fc6e-4b51-b91e-b64503dadc5e@group-F967393F7C93-LeaderElection261] INFO  impl.LeaderElection (LogUtils.java:infoOrTrace(149)) - d6dfcdd7-fc6e-4b51-b91e-b64503dadc5e@group-F967393F7C93-LeaderElection261 got exception when requesting votes: {}
java.util.concurrent.ExecutionException: org.apache.ratis.thirdparty.io.grpc.StatusRuntimeException: UNAVAILABLE: io exception
	at java.util.concurrent.FutureTask.report(FutureTask.java:122)
	at java.util.concurrent.FutureTask.get(FutureTask.java:192)
	at org.apache.ratis.server.impl.LeaderElection.waitForResults(LeaderElection.java:259)
	at org.apache.ratis.server.impl.LeaderElection.askForVotes(LeaderElection.java:197)
	at org.apache.ratis.server.impl.LeaderElection.run(LeaderElection.java:133)
	at java.lang.Thread.run(Thread.java:748)
Caused by: org.apache.ratis.thirdparty.io.grpc.StatusRuntimeException: UNAVAILABLE: io exception
	at org.apache.ratis.thirdparty.io.grpc.stub.ClientCalls.toStatusRuntimeException(ClientCalls.java:233)
	at org.apache.ratis.thirdparty.io.grpc.stub.ClientCalls.getUnchecked(ClientCalls.java:214)
	at org.apache.ratis.thirdparty.io.grpc.stub.ClientCalls.blockingUnaryCall(ClientCalls.java:139)
	at org.apache.ratis.proto.grpc.RaftServerProtocolServiceGrpc$RaftServerProtocolServiceBlockingStub.requestVote(RaftServerProtocolServiceGrpc.java:265)
	at org.apache.ratis.grpc.server.GrpcServerProtocolClient.requestVote(GrpcServerProtocolClient.java:99)
	at org.apache.ratis.grpc.server.GrpcService.requestVote(GrpcService.java:204)
	at org.apache.ratis.server.impl.LeaderElection.lambda$submitRequests$1(LeaderElection.java:234)
	at java.util.concurrent.FutureTask.run(FutureTask.java:266)
	at java.util.concurrent.Executors$RunnableAdapter.call(Executors.java:511)
	at java.util.concurrent.FutureTask.run(FutureTask.java:266)
	at java.util.concurrent.ThreadPoolExecutor.runWorker(ThreadPoolExecutor.java:1149)
	at java.util.concurrent.ThreadPoolExecutor$Worker.run(ThreadPoolExecutor.java:624)
	... 1 more
Caused by: org.apache.ratis.thirdparty.io.netty.channel.AbstractChannel$AnnotatedConnectException: Connection refused: /192.168.157.223:42172
	at sun.nio.ch.SocketChannelImpl.checkConnect(Native Method)
	at sun.nio.ch.SocketChannelImpl.finishConnect(SocketChannelImpl.java:717)
	at org.apache.ratis.thirdparty.io.netty.channel.socket.nio.NioSocketChannel.doFinishConnect(NioSocketChannel.java:327)
	at org.apache.ratis.thirdparty.io.netty.channel.nio.AbstractNioChannel$AbstractNioUnsafe.finishConnect(AbstractNioChannel.java:340)
	at org.apache.ratis.thirdparty.io.netty.channel.nio.NioEventLoop.processSelectedKey(NioEventLoop.java:632)
	at org.apache.ratis.thirdparty.io.netty.channel.nio.NioEventLoop.processSelectedKeysOptimized(NioEventLoop.java:579)
	at org.apache.ratis.thirdparty.io.netty.channel.nio.NioEventLoop.processSelectedKeys(NioEventLoop.java:496)
	at org.apache.ratis.thirdparty.io.netty.channel.nio.NioEventLoop.run(NioEventLoop.java:458)
	at org.apache.ratis.thirdparty.io.netty.util.concurrent.SingleThreadEventExecutor$5.run(SingleThreadEventExecutor.java:897)
	at org.apache.ratis.thirdparty.io.netty.util.concurrent.FastThreadLocalRunnable.run(FastThreadLocalRunnable.java:30)
	... 1 more
Caused by: java.net.ConnectException: Connection refused
	... 11 more
2019-10-17 21:55:16,039 [d6dfcdd7-fc6e-4b51-b91e-b64503dadc5e@group-F967393F7C93-LeaderElection261] INFO  impl.LeaderElection (LeaderElection.java:logAndReturn(56)) - d6dfcdd7-fc6e-4b51-b91e-b64503dadc5e@group-F967393F7C93-LeaderElection261: Election REJECTED; received 0 response(s) [] and 2 exception(s); d6dfcdd7-fc6e-4b51-b91e-b64503dadc5e@group-F967393F7C93:t264, leader=null, voted=d6dfcdd7-fc6e-4b51-b91e-b64503dadc5e, raftlog=d6dfcdd7-fc6e-4b51-b91e-b64503dadc5e@group-F967393F7C93-SegmentedRaftLog:OPENED:c-1,f-1,i0, conf=-1: [08d4cbaa-ffed-4411-a5fd-c4a38026aead:192.168.157.223:33910, da15dfee-23f0-4dc4-ad77-c00156c49cfa:192.168.157.223:42172, d6dfcdd7-fc6e-4b51-b91e-b64503dadc5e:192.168.157.223:43575], old=null
2019-10-17 21:55:16,039 [d6dfcdd7-fc6e-4b51-b91e-b64503dadc5e@group-F967393F7C93-LeaderElection261] INFO  impl.LeaderElection (LogUtils.java:infoOrTrace(149)) -   Exception 0: {}
java.util.concurrent.ExecutionException: org.apache.ratis.thirdparty.io.grpc.StatusRuntimeException: UNAVAILABLE: io exception
	at java.util.concurrent.FutureTask.report(FutureTask.java:122)
	at java.util.concurrent.FutureTask.get(FutureTask.java:192)
	at org.apache.ratis.server.impl.LeaderElection.waitForResults(LeaderElection.java:259)
	at org.apache.ratis.server.impl.LeaderElection.askForVotes(LeaderElection.java:197)
	at org.apache.ratis.server.impl.LeaderElection.run(LeaderElection.java:133)
	at java.lang.Thread.run(Thread.java:748)
Caused by: org.apache.ratis.thirdparty.io.grpc.StatusRuntimeException: UNAVAILABLE: io exception
	at org.apache.ratis.thirdparty.io.grpc.stub.ClientCalls.toStatusRuntimeException(ClientCalls.java:233)
	at org.apache.ratis.thirdparty.io.grpc.stub.ClientCalls.getUnchecked(ClientCalls.java:214)
	at org.apache.ratis.thirdparty.io.grpc.stub.ClientCalls.blockingUnaryCall(ClientCalls.java:139)
	at org.apache.ratis.proto.grpc.RaftServerProtocolServiceGrpc$RaftServerProtocolServiceBlockingStub.requestVote(RaftServerProtocolServiceGrpc.java:265)
	at org.apache.ratis.grpc.server.GrpcServerProtocolClient.requestVote(GrpcServerProtocolClient.java:99)
	at org.apache.ratis.grpc.server.GrpcService.requestVote(GrpcService.java:204)
	at org.apache.ratis.server.impl.LeaderElection.lambda$submitRequests$1(LeaderElection.java:234)
	at java.util.concurrent.FutureTask.run(FutureTask.java:266)
	at java.util.concurrent.Executors$RunnableAdapter.call(Executors.java:511)
	at java.util.concurrent.FutureTask.run(FutureTask.java:266)
	at java.util.concurrent.ThreadPoolExecutor.runWorker(ThreadPoolExecutor.java:1149)
	at java.util.concurrent.ThreadPoolExecutor$Worker.run(ThreadPoolExecutor.java:624)
	... 1 more
Caused by: org.apache.ratis.thirdparty.io.netty.channel.AbstractChannel$AnnotatedConnectException: Connection refused: /192.168.157.223:33910
	at sun.nio.ch.SocketChannelImpl.checkConnect(Native Method)
	at sun.nio.ch.SocketChannelImpl.finishConnect(SocketChannelImpl.java:717)
	at org.apache.ratis.thirdparty.io.netty.channel.socket.nio.NioSocketChannel.doFinishConnect(NioSocketChannel.java:327)
	at org.apache.ratis.thirdparty.io.netty.channel.nio.AbstractNioChannel$AbstractNioUnsafe.finishConnect(AbstractNioChannel.java:340)
	at org.apache.ratis.thirdparty.io.netty.channel.nio.NioEventLoop.processSelectedKey(NioEventLoop.java:632)
	at org.apache.ratis.thirdparty.io.netty.channel.nio.NioEventLoop.processSelectedKeysOptimized(NioEventLoop.java:579)
	at org.apache.ratis.thirdparty.io.netty.channel.nio.NioEventLoop.processSelectedKeys(NioEventLoop.java:496)
	at org.apache.ratis.thirdparty.io.netty.channel.nio.NioEventLoop.run(NioEventLoop.java:458)
	at org.apache.ratis.thirdparty.io.netty.util.concurrent.SingleThreadEventExecutor$5.run(SingleThreadEventExecutor.java:897)
	at org.apache.ratis.thirdparty.io.netty.util.concurrent.FastThreadLocalRunnable.run(FastThreadLocalRunnable.java:30)
	... 1 more
Caused by: java.net.ConnectException: Connection refused
	... 11 more
2019-10-17 21:55:16,039 [d6dfcdd7-fc6e-4b51-b91e-b64503dadc5e@group-F967393F7C93-LeaderElection261] INFO  impl.LeaderElection (LogUtils.java:infoOrTrace(149)) -   Exception 1: {}
java.util.concurrent.ExecutionException: org.apache.ratis.thirdparty.io.grpc.StatusRuntimeException: UNAVAILABLE: io exception
	at java.util.concurrent.FutureTask.report(FutureTask.java:122)
	at java.util.concurrent.FutureTask.get(FutureTask.java:192)
	at org.apache.ratis.server.impl.LeaderElection.waitForResults(LeaderElection.java:259)
	at org.apache.ratis.server.impl.LeaderElection.askForVotes(LeaderElection.java:197)
	at org.apache.ratis.server.impl.LeaderElection.run(LeaderElection.java:133)
	at java.lang.Thread.run(Thread.java:748)
Caused by: org.apache.ratis.thirdparty.io.grpc.StatusRuntimeException: UNAVAILABLE: io exception
	at org.apache.ratis.thirdparty.io.grpc.stub.ClientCalls.toStatusRuntimeException(ClientCalls.java:233)
	at org.apache.ratis.thirdparty.io.grpc.stub.ClientCalls.getUnchecked(ClientCalls.java:214)
	at org.apache.ratis.thirdparty.io.grpc.stub.ClientCalls.blockingUnaryCall(ClientCalls.java:139)
	at org.apache.ratis.proto.grpc.RaftServerProtocolServiceGrpc$RaftServerProtocolServiceBlockingStub.requestVote(RaftServerProtocolServiceGrpc.java:265)
	at org.apache.ratis.grpc.server.GrpcServerProtocolClient.requestVote(GrpcServerProtocolClient.java:99)
	at org.apache.ratis.grpc.server.GrpcService.requestVote(GrpcService.java:204)
	at org.apache.ratis.server.impl.LeaderElection.lambda$submitRequests$1(LeaderElection.java:234)
	at java.util.concurrent.FutureTask.run(FutureTask.java:266)
	at java.util.concurrent.Executors$RunnableAdapter.call(Executors.java:511)
	at java.util.concurrent.FutureTask.run(FutureTask.java:266)
	at java.util.concurrent.ThreadPoolExecutor.runWorker(ThreadPoolExecutor.java:1149)
	at java.util.concurrent.ThreadPoolExecutor$Worker.run(ThreadPoolExecutor.java:624)
	... 1 more
Caused by: org.apache.ratis.thirdparty.io.netty.channel.AbstractChannel$AnnotatedConnectException: Connection refused: /192.168.157.223:42172
	at sun.nio.ch.SocketChannelImpl.checkConnect(Native Method)
	at sun.nio.ch.SocketChannelImpl.finishConnect(SocketChannelImpl.java:717)
	at org.apache.ratis.thirdparty.io.netty.channel.socket.nio.NioSocketChannel.doFinishConnect(NioSocketChannel.java:327)
	at org.apache.ratis.thirdparty.io.netty.channel.nio.AbstractNioChannel$AbstractNioUnsafe.finishConnect(AbstractNioChannel.java:340)
	at org.apache.ratis.thirdparty.io.netty.channel.nio.NioEventLoop.processSelectedKey(NioEventLoop.java:632)
	at org.apache.ratis.thirdparty.io.netty.channel.nio.NioEventLoop.processSelectedKeysOptimized(NioEventLoop.java:579)
	at org.apache.ratis.thirdparty.io.netty.channel.nio.NioEventLoop.processSelectedKeys(NioEventLoop.java:496)
	at org.apache.ratis.thirdparty.io.netty.channel.nio.NioEventLoop.run(NioEventLoop.java:458)
	at org.apache.ratis.thirdparty.io.netty.util.concurrent.SingleThreadEventExecutor$5.run(SingleThreadEventExecutor.java:897)
	at org.apache.ratis.thirdparty.io.netty.util.concurrent.FastThreadLocalRunnable.run(FastThreadLocalRunnable.java:30)
	... 1 more
Caused by: java.net.ConnectException: Connection refused
	... 11 more
2019-10-17 21:55:16,040 [d6dfcdd7-fc6e-4b51-b91e-b64503dadc5e@group-F967393F7C93-LeaderElection261] INFO  impl.RaftServerImpl (RaftServerImpl.java:setRole(184)) - d6dfcdd7-fc6e-4b51-b91e-b64503dadc5e@group-F967393F7C93: changes role from CANDIDATE to FOLLOWER at term 264 for DISCOVERED_A_NEW_TERM
2019-10-17 21:55:16,040 [d6dfcdd7-fc6e-4b51-b91e-b64503dadc5e@group-F967393F7C93-LeaderElection261] INFO  impl.RoleInfo (RoleInfo.java:shutdownLeaderElection(134)) - d6dfcdd7-fc6e-4b51-b91e-b64503dadc5e: shutdown LeaderElection
2019-10-17 21:55:16,040 [d6dfcdd7-fc6e-4b51-b91e-b64503dadc5e@group-F967393F7C93-LeaderElection261] INFO  impl.RoleInfo (RoleInfo.java:updateAndGet(143)) - d6dfcdd7-fc6e-4b51-b91e-b64503dadc5e: start FollowerState
2019-10-17 21:55:16,162 [Datanode State Machine Thread - 0] INFO  statemachine.DatanodeStateMachine (DatanodeStateMachine.java:lambda$startDaemon$0(350)) - Ozone container server started.
2019-10-17 21:55:16,223 [Thread-2222] INFO  impl.FollowerState (FollowerState.java:run(108)) - d6dfcdd7-fc6e-4b51-b91e-b64503dadc5e@group-F967393F7C93-FollowerState: change to CANDIDATE, lastRpcTime:182ms, electionTimeout:182ms
2019-10-17 21:55:16,223 [Thread-2222] INFO  impl.RoleInfo (RoleInfo.java:shutdownFollowerState(121)) - d6dfcdd7-fc6e-4b51-b91e-b64503dadc5e: shutdown FollowerState
2019-10-17 21:55:16,223 [Thread-2222] INFO  impl.RaftServerImpl (RaftServerImpl.java:setRole(184)) - d6dfcdd7-fc6e-4b51-b91e-b64503dadc5e@group-F967393F7C93: changes role from  FOLLOWER to CANDIDATE at term 264 for changeToCandidate
2019-10-17 21:55:16,223 [Thread-2222] INFO  impl.RoleInfo (RoleInfo.java:updateAndGet(143)) - d6dfcdd7-fc6e-4b51-b91e-b64503dadc5e: start LeaderElection
2019-10-17 21:55:16,236 [d6dfcdd7-fc6e-4b51-b91e-b64503dadc5e@group-F967393F7C93-LeaderElection262] INFO  impl.LeaderElection (LeaderElection.java:askForVotes(178)) - d6dfcdd7-fc6e-4b51-b91e-b64503dadc5e@group-F967393F7C93-LeaderElection262: begin an election at term 265 for -1: [08d4cbaa-ffed-4411-a5fd-c4a38026aead:192.168.157.223:33910, da15dfee-23f0-4dc4-ad77-c00156c49cfa:192.168.157.223:42172, d6dfcdd7-fc6e-4b51-b91e-b64503dadc5e:192.168.157.223:43575], old=null
2019-10-17 21:55:16,237 [d6dfcdd7-fc6e-4b51-b91e-b64503dadc5e@group-F967393F7C93-LeaderElection262] INFO  impl.LeaderElection (LogUtils.java:infoOrTrace(149)) - d6dfcdd7-fc6e-4b51-b91e-b64503dadc5e@group-F967393F7C93-LeaderElection262 got exception when requesting votes: {}
java.util.concurrent.ExecutionException: org.apache.ratis.thirdparty.io.grpc.StatusRuntimeException: UNAVAILABLE: io exception
	at java.util.concurrent.FutureTask.report(FutureTask.java:122)
	at java.util.concurrent.FutureTask.get(FutureTask.java:192)
	at org.apache.ratis.server.impl.LeaderElection.waitForResults(LeaderElection.java:259)
	at org.apache.ratis.server.impl.LeaderElection.askForVotes(LeaderElection.java:197)
	at org.apache.ratis.server.impl.LeaderElection.run(LeaderElection.java:133)
	at java.lang.Thread.run(Thread.java:748)
Caused by: org.apache.ratis.thirdparty.io.grpc.StatusRuntimeException: UNAVAILABLE: io exception
	at org.apache.ratis.thirdparty.io.grpc.stub.ClientCalls.toStatusRuntimeException(ClientCalls.java:233)
	at org.apache.ratis.thirdparty.io.grpc.stub.ClientCalls.getUnchecked(ClientCalls.java:214)
	at org.apache.ratis.thirdparty.io.grpc.stub.ClientCalls.blockingUnaryCall(ClientCalls.java:139)
	at org.apache.ratis.proto.grpc.RaftServerProtocolServiceGrpc$RaftServerProtocolServiceBlockingStub.requestVote(RaftServerProtocolServiceGrpc.java:265)
	at org.apache.ratis.grpc.server.GrpcServerProtocolClient.requestVote(GrpcServerProtocolClient.java:99)
	at org.apache.ratis.grpc.server.GrpcService.requestVote(GrpcService.java:204)
	at org.apache.ratis.server.impl.LeaderElection.lambda$submitRequests$1(LeaderElection.java:234)
	at java.util.concurrent.FutureTask.run(FutureTask.java:266)
	at java.util.concurrent.Executors$RunnableAdapter.call(Executors.java:511)
	at java.util.concurrent.FutureTask.run(FutureTask.java:266)
	at java.util.concurrent.ThreadPoolExecutor.runWorker(ThreadPoolExecutor.java:1149)
	at java.util.concurrent.ThreadPoolExecutor$Worker.run(ThreadPoolExecutor.java:624)
	... 1 more
Caused by: org.apache.ratis.thirdparty.io.netty.channel.AbstractChannel$AnnotatedConnectException: Connection refused: /192.168.157.223:33910
	at sun.nio.ch.SocketChannelImpl.checkConnect(Native Method)
	at sun.nio.ch.SocketChannelImpl.finishConnect(SocketChannelImpl.java:717)
	at org.apache.ratis.thirdparty.io.netty.channel.socket.nio.NioSocketChannel.doFinishConnect(NioSocketChannel.java:327)
	at org.apache.ratis.thirdparty.io.netty.channel.nio.AbstractNioChannel$AbstractNioUnsafe.finishConnect(AbstractNioChannel.java:340)
	at org.apache.ratis.thirdparty.io.netty.channel.nio.NioEventLoop.processSelectedKey(NioEventLoop.java:632)
	at org.apache.ratis.thirdparty.io.netty.channel.nio.NioEventLoop.processSelectedKeysOptimized(NioEventLoop.java:579)
	at org.apache.ratis.thirdparty.io.netty.channel.nio.NioEventLoop.processSelectedKeys(NioEventLoop.java:496)
	at org.apache.ratis.thirdparty.io.netty.channel.nio.NioEventLoop.run(NioEventLoop.java:458)
	at org.apache.ratis.thirdparty.io.netty.util.concurrent.SingleThreadEventExecutor$5.run(SingleThreadEventExecutor.java:897)
	at org.apache.ratis.thirdparty.io.netty.util.concurrent.FastThreadLocalRunnable.run(FastThreadLocalRunnable.java:30)
	... 1 more
Caused by: java.net.ConnectException: Connection refused
	... 11 more
2019-10-17 21:55:16,237 [d6dfcdd7-fc6e-4b51-b91e-b64503dadc5e@group-F967393F7C93-LeaderElection262] INFO  impl.LeaderElection (LogUtils.java:infoOrTrace(149)) - d6dfcdd7-fc6e-4b51-b91e-b64503dadc5e@group-F967393F7C93-LeaderElection262 got exception when requesting votes: {}
java.util.concurrent.ExecutionException: org.apache.ratis.thirdparty.io.grpc.StatusRuntimeException: UNAVAILABLE: io exception
	at java.util.concurrent.FutureTask.report(FutureTask.java:122)
	at java.util.concurrent.FutureTask.get(FutureTask.java:192)
	at org.apache.ratis.server.impl.LeaderElection.waitForResults(LeaderElection.java:259)
	at org.apache.ratis.server.impl.LeaderElection.askForVotes(LeaderElection.java:197)
	at org.apache.ratis.server.impl.LeaderElection.run(LeaderElection.java:133)
	at java.lang.Thread.run(Thread.java:748)
Caused by: org.apache.ratis.thirdparty.io.grpc.StatusRuntimeException: UNAVAILABLE: io exception
	at org.apache.ratis.thirdparty.io.grpc.stub.ClientCalls.toStatusRuntimeException(ClientCalls.java:233)
	at org.apache.ratis.thirdparty.io.grpc.stub.ClientCalls.getUnchecked(ClientCalls.java:214)
	at org.apache.ratis.thirdparty.io.grpc.stub.ClientCalls.blockingUnaryCall(ClientCalls.java:139)
	at org.apache.ratis.proto.grpc.RaftServerProtocolServiceGrpc$RaftServerProtocolServiceBlockingStub.requestVote(RaftServerProtocolServiceGrpc.java:265)
	at org.apache.ratis.grpc.server.GrpcServerProtocolClient.requestVote(GrpcServerProtocolClient.java:99)
	at org.apache.ratis.grpc.server.GrpcService.requestVote(GrpcService.java:204)
	at org.apache.ratis.server.impl.LeaderElection.lambda$submitRequests$1(LeaderElection.java:234)
	at java.util.concurrent.FutureTask.run(FutureTask.java:266)
	at java.util.concurrent.Executors$RunnableAdapter.call(Executors.java:511)
	at java.util.concurrent.FutureTask.run(FutureTask.java:266)
	at java.util.concurrent.ThreadPoolExecutor.runWorker(ThreadPoolExecutor.java:1149)
	at java.util.concurrent.ThreadPoolExecutor$Worker.run(ThreadPoolExecutor.java:624)
	... 1 more
Caused by: org.apache.ratis.thirdparty.io.netty.channel.AbstractChannel$AnnotatedConnectException: Connection refused: /192.168.157.223:42172
	at sun.nio.ch.SocketChannelImpl.checkConnect(Native Method)
	at sun.nio.ch.SocketChannelImpl.finishConnect(SocketChannelImpl.java:717)
	at org.apache.ratis.thirdparty.io.netty.channel.socket.nio.NioSocketChannel.doFinishConnect(NioSocketChannel.java:327)
	at org.apache.ratis.thirdparty.io.netty.channel.nio.AbstractNioChannel$AbstractNioUnsafe.finishConnect(AbstractNioChannel.java:340)
	at org.apache.ratis.thirdparty.io.netty.channel.nio.NioEventLoop.processSelectedKey(NioEventLoop.java:632)
	at org.apache.ratis.thirdparty.io.netty.channel.nio.NioEventLoop.processSelectedKeysOptimized(NioEventLoop.java:579)
	at org.apache.ratis.thirdparty.io.netty.channel.nio.NioEventLoop.processSelectedKeys(NioEventLoop.java:496)
	at org.apache.ratis.thirdparty.io.netty.channel.nio.NioEventLoop.run(NioEventLoop.java:458)
	at org.apache.ratis.thirdparty.io.netty.util.concurrent.SingleThreadEventExecutor$5.run(SingleThreadEventExecutor.java:897)
	at org.apache.ratis.thirdparty.io.netty.util.concurrent.FastThreadLocalRunnable.run(FastThreadLocalRunnable.java:30)
	... 1 more
Caused by: java.net.ConnectException: Connection refused
	... 11 more
2019-10-17 21:55:16,238 [d6dfcdd7-fc6e-4b51-b91e-b64503dadc5e@group-F967393F7C93-LeaderElection262] INFO  impl.LeaderElection (LeaderElection.java:logAndReturn(56)) - d6dfcdd7-fc6e-4b51-b91e-b64503dadc5e@group-F967393F7C93-LeaderElection262: Election REJECTED; received 0 response(s) [] and 2 exception(s); d6dfcdd7-fc6e-4b51-b91e-b64503dadc5e@group-F967393F7C93:t265, leader=null, voted=d6dfcdd7-fc6e-4b51-b91e-b64503dadc5e, raftlog=d6dfcdd7-fc6e-4b51-b91e-b64503dadc5e@group-F967393F7C93-SegmentedRaftLog:OPENED:c-1,f-1,i0, conf=-1: [08d4cbaa-ffed-4411-a5fd-c4a38026aead:192.168.157.223:33910, da15dfee-23f0-4dc4-ad77-c00156c49cfa:192.168.157.223:42172, d6dfcdd7-fc6e-4b51-b91e-b64503dadc5e:192.168.157.223:43575], old=null
2019-10-17 21:55:16,238 [d6dfcdd7-fc6e-4b51-b91e-b64503dadc5e@group-F967393F7C93-LeaderElection262] INFO  impl.LeaderElection (LogUtils.java:infoOrTrace(149)) -   Exception 0: {}
java.util.concurrent.ExecutionException: org.apache.ratis.thirdparty.io.grpc.StatusRuntimeException: UNAVAILABLE: io exception
	at java.util.concurrent.FutureTask.report(FutureTask.java:122)
	at java.util.concurrent.FutureTask.get(FutureTask.java:192)
	at org.apache.ratis.server.impl.LeaderElection.waitForResults(LeaderElection.java:259)
	at org.apache.ratis.server.impl.LeaderElection.askForVotes(LeaderElection.java:197)
	at org.apache.ratis.server.impl.LeaderElection.run(LeaderElection.java:133)
	at java.lang.Thread.run(Thread.java:748)
Caused by: org.apache.ratis.thirdparty.io.grpc.StatusRuntimeException: UNAVAILABLE: io exception
	at org.apache.ratis.thirdparty.io.grpc.stub.ClientCalls.toStatusRuntimeException(ClientCalls.java:233)
	at org.apache.ratis.thirdparty.io.grpc.stub.ClientCalls.getUnchecked(ClientCalls.java:214)
	at org.apache.ratis.thirdparty.io.grpc.stub.ClientCalls.blockingUnaryCall(ClientCalls.java:139)
	at org.apache.ratis.proto.grpc.RaftServerProtocolServiceGrpc$RaftServerProtocolServiceBlockingStub.requestVote(RaftServerProtocolServiceGrpc.java:265)
	at org.apache.ratis.grpc.server.GrpcServerProtocolClient.requestVote(GrpcServerProtocolClient.java:99)
	at org.apache.ratis.grpc.server.GrpcService.requestVote(GrpcService.java:204)
	at org.apache.ratis.server.impl.LeaderElection.lambda$submitRequests$1(LeaderElection.java:234)
	at java.util.concurrent.FutureTask.run(FutureTask.java:266)
	at java.util.concurrent.Executors$RunnableAdapter.call(Executors.java:511)
	at java.util.concurrent.FutureTask.run(FutureTask.java:266)
	at java.util.concurrent.ThreadPoolExecutor.runWorker(ThreadPoolExecutor.java:1149)
	at java.util.concurrent.ThreadPoolExecutor$Worker.run(ThreadPoolExecutor.java:624)
	... 1 more
Caused by: org.apache.ratis.thirdparty.io.netty.channel.AbstractChannel$AnnotatedConnectException: Connection refused: /192.168.157.223:33910
	at sun.nio.ch.SocketChannelImpl.checkConnect(Native Method)
	at sun.nio.ch.SocketChannelImpl.finishConnect(SocketChannelImpl.java:717)
	at org.apache.ratis.thirdparty.io.netty.channel.socket.nio.NioSocketChannel.doFinishConnect(NioSocketChannel.java:327)
	at org.apache.ratis.thirdparty.io.netty.channel.nio.AbstractNioChannel$AbstractNioUnsafe.finishConnect(AbstractNioChannel.java:340)
	at org.apache.ratis.thirdparty.io.netty.channel.nio.NioEventLoop.processSelectedKey(NioEventLoop.java:632)
	at org.apache.ratis.thirdparty.io.netty.channel.nio.NioEventLoop.processSelectedKeysOptimized(NioEventLoop.java:579)
	at org.apache.ratis.thirdparty.io.netty.channel.nio.NioEventLoop.processSelectedKeys(NioEventLoop.java:496)
	at org.apache.ratis.thirdparty.io.netty.channel.nio.NioEventLoop.run(NioEventLoop.java:458)
	at org.apache.ratis.thirdparty.io.netty.util.concurrent.SingleThreadEventExecutor$5.run(SingleThreadEventExecutor.java:897)
	at org.apache.ratis.thirdparty.io.netty.util.concurrent.FastThreadLocalRunnable.run(FastThreadLocalRunnable.java:30)
	... 1 more
Caused by: java.net.ConnectException: Connection refused
	... 11 more
2019-10-17 21:55:16,238 [d6dfcdd7-fc6e-4b51-b91e-b64503dadc5e@group-F967393F7C93-LeaderElection262] INFO  impl.LeaderElection (LogUtils.java:infoOrTrace(149)) -   Exception 1: {}
java.util.concurrent.ExecutionException: org.apache.ratis.thirdparty.io.grpc.StatusRuntimeException: UNAVAILABLE: io exception
	at java.util.concurrent.FutureTask.report(FutureTask.java:122)
	at java.util.concurrent.FutureTask.get(FutureTask.java:192)
	at org.apache.ratis.server.impl.LeaderElection.waitForResults(LeaderElection.java:259)
	at org.apache.ratis.server.impl.LeaderElection.askForVotes(LeaderElection.java:197)
	at org.apache.ratis.server.impl.LeaderElection.run(LeaderElection.java:133)
	at java.lang.Thread.run(Thread.java:748)
Caused by: org.apache.ratis.thirdparty.io.grpc.StatusRuntimeException: UNAVAILABLE: io exception
	at org.apache.ratis.thirdparty.io.grpc.stub.ClientCalls.toStatusRuntimeException(ClientCalls.java:233)
	at org.apache.ratis.thirdparty.io.grpc.stub.ClientCalls.getUnchecked(ClientCalls.java:214)
	at org.apache.ratis.thirdparty.io.grpc.stub.ClientCalls.blockingUnaryCall(ClientCalls.java:139)
	at org.apache.ratis.proto.grpc.RaftServerProtocolServiceGrpc$RaftServerProtocolServiceBlockingStub.requestVote(RaftServerProtocolServiceGrpc.java:265)
	at org.apache.ratis.grpc.server.GrpcServerProtocolClient.requestVote(GrpcServerProtocolClient.java:99)
	at org.apache.ratis.grpc.server.GrpcService.requestVote(GrpcService.java:204)
	at org.apache.ratis.server.impl.LeaderElection.lambda$submitRequests$1(LeaderElection.java:234)
	at java.util.concurrent.FutureTask.run(FutureTask.java:266)
	at java.util.concurrent.Executors$RunnableAdapter.call(Executors.java:511)
	at java.util.concurrent.FutureTask.run(FutureTask.java:266)
	at java.util.concurrent.ThreadPoolExecutor.runWorker(ThreadPoolExecutor.java:1149)
	at java.util.concurrent.ThreadPoolExecutor$Worker.run(ThreadPoolExecutor.java:624)
	... 1 more
Caused by: org.apache.ratis.thirdparty.io.netty.channel.AbstractChannel$AnnotatedConnectException: Connection refused: /192.168.157.223:42172
	at sun.nio.ch.SocketChannelImpl.checkConnect(Native Method)
	at sun.nio.ch.SocketChannelImpl.finishConnect(SocketChannelImpl.java:717)
	at org.apache.ratis.thirdparty.io.netty.channel.socket.nio.NioSocketChannel.doFinishConnect(NioSocketChannel.java:327)
	at org.apache.ratis.thirdparty.io.netty.channel.nio.AbstractNioChannel$AbstractNioUnsafe.finishConnect(AbstractNioChannel.java:340)
	at org.apache.ratis.thirdparty.io.netty.channel.nio.NioEventLoop.processSelectedKey(NioEventLoop.java:632)
	at org.apache.ratis.thirdparty.io.netty.channel.nio.NioEventLoop.processSelectedKeysOptimized(NioEventLoop.java:579)
	at org.apache.ratis.thirdparty.io.netty.channel.nio.NioEventLoop.processSelectedKeys(NioEventLoop.java:496)
	at org.apache.ratis.thirdparty.io.netty.channel.nio.NioEventLoop.run(NioEventLoop.java:458)
	at org.apache.ratis.thirdparty.io.netty.util.concurrent.SingleThreadEventExecutor$5.run(SingleThreadEventExecutor.java:897)
	at org.apache.ratis.thirdparty.io.netty.util.concurrent.FastThreadLocalRunnable.run(FastThreadLocalRunnable.java:30)
	... 1 more
Caused by: java.net.ConnectException: Connection refused
	... 11 more
2019-10-17 21:55:16,239 [d6dfcdd7-fc6e-4b51-b91e-b64503dadc5e@group-F967393F7C93-LeaderElection262] INFO  impl.RaftServerImpl (RaftServerImpl.java:setRole(184)) - d6dfcdd7-fc6e-4b51-b91e-b64503dadc5e@group-F967393F7C93: changes role from CANDIDATE to FOLLOWER at term 265 for DISCOVERED_A_NEW_TERM
2019-10-17 21:55:16,239 [d6dfcdd7-fc6e-4b51-b91e-b64503dadc5e@group-F967393F7C93-LeaderElection262] INFO  impl.RoleInfo (RoleInfo.java:shutdownLeaderElection(134)) - d6dfcdd7-fc6e-4b51-b91e-b64503dadc5e: shutdown LeaderElection
2019-10-17 21:55:16,239 [d6dfcdd7-fc6e-4b51-b91e-b64503dadc5e@group-F967393F7C93-LeaderElection262] INFO  impl.RoleInfo (RoleInfo.java:updateAndGet(143)) - d6dfcdd7-fc6e-4b51-b91e-b64503dadc5e: start FollowerState
2019-10-17 21:55:16,280 [java.util.concurrent.ThreadPoolExecutor$Worker@71aa17a1[State = -1, empty queue]] WARN  server.GrpcLogAppender (GrpcLogAppender.java:timeoutAppendRequest(209)) - de567563-d0dd-4cf2-91b7-f72627909699@group-3097D7458558->db0af43e-c62e-4c1d-affa-ffdb4faae2f8-GrpcLogAppender: appendEntries Timeout, request=de567563-d0dd-4cf2-91b7-f72627909699->db0af43e-c62e-4c1d-affa-ffdb4faae2f8#62-t10, previous=(t:10, i:4), leaderCommit=4, initializing? false, entries: <empty>
2019-10-17 21:55:16,395 [Thread-2226] INFO  impl.FollowerState (FollowerState.java:run(108)) - d6dfcdd7-fc6e-4b51-b91e-b64503dadc5e@group-F967393F7C93-FollowerState: change to CANDIDATE, lastRpcTime:156ms, electionTimeout:156ms
2019-10-17 21:55:16,395 [Thread-2226] INFO  impl.RoleInfo (RoleInfo.java:shutdownFollowerState(121)) - d6dfcdd7-fc6e-4b51-b91e-b64503dadc5e: shutdown FollowerState
2019-10-17 21:55:16,395 [Thread-2226] INFO  impl.RaftServerImpl (RaftServerImpl.java:setRole(184)) - d6dfcdd7-fc6e-4b51-b91e-b64503dadc5e@group-F967393F7C93: changes role from  FOLLOWER to CANDIDATE at term 265 for changeToCandidate
2019-10-17 21:55:16,396 [Thread-2226] INFO  impl.RoleInfo (RoleInfo.java:updateAndGet(143)) - d6dfcdd7-fc6e-4b51-b91e-b64503dadc5e: start LeaderElection
2019-10-17 21:55:16,409 [d6dfcdd7-fc6e-4b51-b91e-b64503dadc5e@group-F967393F7C93-LeaderElection263] INFO  impl.LeaderElection (LeaderElection.java:askForVotes(178)) - d6dfcdd7-fc6e-4b51-b91e-b64503dadc5e@group-F967393F7C93-LeaderElection263: begin an election at term 266 for -1: [08d4cbaa-ffed-4411-a5fd-c4a38026aead:192.168.157.223:33910, da15dfee-23f0-4dc4-ad77-c00156c49cfa:192.168.157.223:42172, d6dfcdd7-fc6e-4b51-b91e-b64503dadc5e:192.168.157.223:43575], old=null
2019-10-17 21:55:16,410 [d6dfcdd7-fc6e-4b51-b91e-b64503dadc5e@group-F967393F7C93-LeaderElection263] INFO  impl.LeaderElection (LogUtils.java:infoOrTrace(149)) - d6dfcdd7-fc6e-4b51-b91e-b64503dadc5e@group-F967393F7C93-LeaderElection263 got exception when requesting votes: {}
java.util.concurrent.ExecutionException: org.apache.ratis.thirdparty.io.grpc.StatusRuntimeException: UNAVAILABLE: io exception
	at java.util.concurrent.FutureTask.report(FutureTask.java:122)
	at java.util.concurrent.FutureTask.get(FutureTask.java:192)
	at org.apache.ratis.server.impl.LeaderElection.waitForResults(LeaderElection.java:259)
	at org.apache.ratis.server.impl.LeaderElection.askForVotes(LeaderElection.java:197)
	at org.apache.ratis.server.impl.LeaderElection.run(LeaderElection.java:133)
	at java.lang.Thread.run(Thread.java:748)
Caused by: org.apache.ratis.thirdparty.io.grpc.StatusRuntimeException: UNAVAILABLE: io exception
	at org.apache.ratis.thirdparty.io.grpc.stub.ClientCalls.toStatusRuntimeException(ClientCalls.java:233)
	at org.apache.ratis.thirdparty.io.grpc.stub.ClientCalls.getUnchecked(ClientCalls.java:214)
	at org.apache.ratis.thirdparty.io.grpc.stub.ClientCalls.blockingUnaryCall(ClientCalls.java:139)
	at org.apache.ratis.proto.grpc.RaftServerProtocolServiceGrpc$RaftServerProtocolServiceBlockingStub.requestVote(RaftServerProtocolServiceGrpc.java:265)
	at org.apache.ratis.grpc.server.GrpcServerProtocolClient.requestVote(GrpcServerProtocolClient.java:99)
	at org.apache.ratis.grpc.server.GrpcService.requestVote(GrpcService.java:204)
	at org.apache.ratis.server.impl.LeaderElection.lambda$submitRequests$1(LeaderElection.java:234)
	at java.util.concurrent.FutureTask.run(FutureTask.java:266)
	at java.util.concurrent.Executors$RunnableAdapter.call(Executors.java:511)
	at java.util.concurrent.FutureTask.run(FutureTask.java:266)
	at java.util.concurrent.ThreadPoolExecutor.runWorker(ThreadPoolExecutor.java:1149)
	at java.util.concurrent.ThreadPoolExecutor$Worker.run(ThreadPoolExecutor.java:624)
	... 1 more
Caused by: org.apache.ratis.thirdparty.io.netty.channel.AbstractChannel$AnnotatedConnectException: Connection refused: /192.168.157.223:33910
	at sun.nio.ch.SocketChannelImpl.checkConnect(Native Method)
	at sun.nio.ch.SocketChannelImpl.finishConnect(SocketChannelImpl.java:717)
	at org.apache.ratis.thirdparty.io.netty.channel.socket.nio.NioSocketChannel.doFinishConnect(NioSocketChannel.java:327)
	at org.apache.ratis.thirdparty.io.netty.channel.nio.AbstractNioChannel$AbstractNioUnsafe.finishConnect(AbstractNioChannel.java:340)
	at org.apache.ratis.thirdparty.io.netty.channel.nio.NioEventLoop.processSelectedKey(NioEventLoop.java:632)
	at org.apache.ratis.thirdparty.io.netty.channel.nio.NioEventLoop.processSelectedKeysOptimized(NioEventLoop.java:579)
	at org.apache.ratis.thirdparty.io.netty.channel.nio.NioEventLoop.processSelectedKeys(NioEventLoop.java:496)
	at org.apache.ratis.thirdparty.io.netty.channel.nio.NioEventLoop.run(NioEventLoop.java:458)
	at org.apache.ratis.thirdparty.io.netty.util.concurrent.SingleThreadEventExecutor$5.run(SingleThreadEventExecutor.java:897)
	at org.apache.ratis.thirdparty.io.netty.util.concurrent.FastThreadLocalRunnable.run(FastThreadLocalRunnable.java:30)
	... 1 more
Caused by: java.net.ConnectException: Connection refused
	... 11 more
2019-10-17 21:55:16,410 [d6dfcdd7-fc6e-4b51-b91e-b64503dadc5e@group-F967393F7C93-LeaderElection263] INFO  impl.LeaderElection (LogUtils.java:infoOrTrace(149)) - d6dfcdd7-fc6e-4b51-b91e-b64503dadc5e@group-F967393F7C93-LeaderElection263 got exception when requesting votes: {}
java.util.concurrent.ExecutionException: org.apache.ratis.thirdparty.io.grpc.StatusRuntimeException: UNAVAILABLE: io exception
	at java.util.concurrent.FutureTask.report(FutureTask.java:122)
	at java.util.concurrent.FutureTask.get(FutureTask.java:192)
	at org.apache.ratis.server.impl.LeaderElection.waitForResults(LeaderElection.java:259)
	at org.apache.ratis.server.impl.LeaderElection.askForVotes(LeaderElection.java:197)
	at org.apache.ratis.server.impl.LeaderElection.run(LeaderElection.java:133)
	at java.lang.Thread.run(Thread.java:748)
Caused by: org.apache.ratis.thirdparty.io.grpc.StatusRuntimeException: UNAVAILABLE: io exception
	at org.apache.ratis.thirdparty.io.grpc.stub.ClientCalls.toStatusRuntimeException(ClientCalls.java:233)
	at org.apache.ratis.thirdparty.io.grpc.stub.ClientCalls.getUnchecked(ClientCalls.java:214)
	at org.apache.ratis.thirdparty.io.grpc.stub.ClientCalls.blockingUnaryCall(ClientCalls.java:139)
	at org.apache.ratis.proto.grpc.RaftServerProtocolServiceGrpc$RaftServerProtocolServiceBlockingStub.requestVote(RaftServerProtocolServiceGrpc.java:265)
	at org.apache.ratis.grpc.server.GrpcServerProtocolClient.requestVote(GrpcServerProtocolClient.java:99)
	at org.apache.ratis.grpc.server.GrpcService.requestVote(GrpcService.java:204)
	at org.apache.ratis.server.impl.LeaderElection.lambda$submitRequests$1(LeaderElection.java:234)
	at java.util.concurrent.FutureTask.run(FutureTask.java:266)
	at java.util.concurrent.Executors$RunnableAdapter.call(Executors.java:511)
	at java.util.concurrent.FutureTask.run(FutureTask.java:266)
	at java.util.concurrent.ThreadPoolExecutor.runWorker(ThreadPoolExecutor.java:1149)
	at java.util.concurrent.ThreadPoolExecutor$Worker.run(ThreadPoolExecutor.java:624)
	... 1 more
Caused by: org.apache.ratis.thirdparty.io.netty.channel.AbstractChannel$AnnotatedConnectException: Connection refused: /192.168.157.223:42172
	at sun.nio.ch.SocketChannelImpl.checkConnect(Native Method)
	at sun.nio.ch.SocketChannelImpl.finishConnect(SocketChannelImpl.java:717)
	at org.apache.ratis.thirdparty.io.netty.channel.socket.nio.NioSocketChannel.doFinishConnect(NioSocketChannel.java:327)
	at org.apache.ratis.thirdparty.io.netty.channel.nio.AbstractNioChannel$AbstractNioUnsafe.finishConnect(AbstractNioChannel.java:340)
	at org.apache.ratis.thirdparty.io.netty.channel.nio.NioEventLoop.processSelectedKey(NioEventLoop.java:632)
	at org.apache.ratis.thirdparty.io.netty.channel.nio.NioEventLoop.processSelectedKeysOptimized(NioEventLoop.java:579)
	at org.apache.ratis.thirdparty.io.netty.channel.nio.NioEventLoop.processSelectedKeys(NioEventLoop.java:496)
	at org.apache.ratis.thirdparty.io.netty.channel.nio.NioEventLoop.run(NioEventLoop.java:458)
	at org.apache.ratis.thirdparty.io.netty.util.concurrent.SingleThreadEventExecutor$5.run(SingleThreadEventExecutor.java:897)
	at org.apache.ratis.thirdparty.io.netty.util.concurrent.FastThreadLocalRunnable.run(FastThreadLocalRunnable.java:30)
	... 1 more
Caused by: java.net.ConnectException: Connection refused
	... 11 more
2019-10-17 21:55:16,411 [d6dfcdd7-fc6e-4b51-b91e-b64503dadc5e@group-F967393F7C93-LeaderElection263] INFO  impl.LeaderElection (LeaderElection.java:logAndReturn(56)) - d6dfcdd7-fc6e-4b51-b91e-b64503dadc5e@group-F967393F7C93-LeaderElection263: Election REJECTED; received 0 response(s) [] and 2 exception(s); d6dfcdd7-fc6e-4b51-b91e-b64503dadc5e@group-F967393F7C93:t266, leader=null, voted=d6dfcdd7-fc6e-4b51-b91e-b64503dadc5e, raftlog=d6dfcdd7-fc6e-4b51-b91e-b64503dadc5e@group-F967393F7C93-SegmentedRaftLog:OPENED:c-1,f-1,i0, conf=-1: [08d4cbaa-ffed-4411-a5fd-c4a38026aead:192.168.157.223:33910, da15dfee-23f0-4dc4-ad77-c00156c49cfa:192.168.157.223:42172, d6dfcdd7-fc6e-4b51-b91e-b64503dadc5e:192.168.157.223:43575], old=null
2019-10-17 21:55:16,411 [d6dfcdd7-fc6e-4b51-b91e-b64503dadc5e@group-F967393F7C93-LeaderElection263] INFO  impl.LeaderElection (LogUtils.java:infoOrTrace(149)) -   Exception 0: {}
java.util.concurrent.ExecutionException: org.apache.ratis.thirdparty.io.grpc.StatusRuntimeException: UNAVAILABLE: io exception
	at java.util.concurrent.FutureTask.report(FutureTask.java:122)
	at java.util.concurrent.FutureTask.get(FutureTask.java:192)
	at org.apache.ratis.server.impl.LeaderElection.waitForResults(LeaderElection.java:259)
	at org.apache.ratis.server.impl.LeaderElection.askForVotes(LeaderElection.java:197)
	at org.apache.ratis.server.impl.LeaderElection.run(LeaderElection.java:133)
	at java.lang.Thread.run(Thread.java:748)
Caused by: org.apache.ratis.thirdparty.io.grpc.StatusRuntimeException: UNAVAILABLE: io exception
	at org.apache.ratis.thirdparty.io.grpc.stub.ClientCalls.toStatusRuntimeException(ClientCalls.java:233)
	at org.apache.ratis.thirdparty.io.grpc.stub.ClientCalls.getUnchecked(ClientCalls.java:214)
	at org.apache.ratis.thirdparty.io.grpc.stub.ClientCalls.blockingUnaryCall(ClientCalls.java:139)
	at org.apache.ratis.proto.grpc.RaftServerProtocolServiceGrpc$RaftServerProtocolServiceBlockingStub.requestVote(RaftServerProtocolServiceGrpc.java:265)
	at org.apache.ratis.grpc.server.GrpcServerProtocolClient.requestVote(GrpcServerProtocolClient.java:99)
	at org.apache.ratis.grpc.server.GrpcService.requestVote(GrpcService.java:204)
	at org.apache.ratis.server.impl.LeaderElection.lambda$submitRequests$1(LeaderElection.java:234)
	at java.util.concurrent.FutureTask.run(FutureTask.java:266)
	at java.util.concurrent.Executors$RunnableAdapter.call(Executors.java:511)
	at java.util.concurrent.FutureTask.run(FutureTask.java:266)
	at java.util.concurrent.ThreadPoolExecutor.runWorker(ThreadPoolExecutor.java:1149)
	at java.util.concurrent.ThreadPoolExecutor$Worker.run(ThreadPoolExecutor.java:624)
	... 1 more
Caused by: org.apache.ratis.thirdparty.io.netty.channel.AbstractChannel$AnnotatedConnectException: Connection refused: /192.168.157.223:33910
	at sun.nio.ch.SocketChannelImpl.checkConnect(Native Method)
	at sun.nio.ch.SocketChannelImpl.finishConnect(SocketChannelImpl.java:717)
	at org.apache.ratis.thirdparty.io.netty.channel.socket.nio.NioSocketChannel.doFinishConnect(NioSocketChannel.java:327)
	at org.apache.ratis.thirdparty.io.netty.channel.nio.AbstractNioChannel$AbstractNioUnsafe.finishConnect(AbstractNioChannel.java:340)
	at org.apache.ratis.thirdparty.io.netty.channel.nio.NioEventLoop.processSelectedKey(NioEventLoop.java:632)
	at org.apache.ratis.thirdparty.io.netty.channel.nio.NioEventLoop.processSelectedKeysOptimized(NioEventLoop.java:579)
	at org.apache.ratis.thirdparty.io.netty.channel.nio.NioEventLoop.processSelectedKeys(NioEventLoop.java:496)
	at org.apache.ratis.thirdparty.io.netty.channel.nio.NioEventLoop.run(NioEventLoop.java:458)
	at org.apache.ratis.thirdparty.io.netty.util.concurrent.SingleThreadEventExecutor$5.run(SingleThreadEventExecutor.java:897)
	at org.apache.ratis.thirdparty.io.netty.util.concurrent.FastThreadLocalRunnable.run(FastThreadLocalRunnable.java:30)
	... 1 more
Caused by: java.net.ConnectException: Connection refused
	... 11 more
2019-10-17 21:55:16,411 [d6dfcdd7-fc6e-4b51-b91e-b64503dadc5e@group-F967393F7C93-LeaderElection263] INFO  impl.LeaderElection (LogUtils.java:infoOrTrace(149)) -   Exception 1: {}
java.util.concurrent.ExecutionException: org.apache.ratis.thirdparty.io.grpc.StatusRuntimeException: UNAVAILABLE: io exception
	at java.util.concurrent.FutureTask.report(FutureTask.java:122)
	at java.util.concurrent.FutureTask.get(FutureTask.java:192)
	at org.apache.ratis.server.impl.LeaderElection.waitForResults(LeaderElection.java:259)
	at org.apache.ratis.server.impl.LeaderElection.askForVotes(LeaderElection.java:197)
	at org.apache.ratis.server.impl.LeaderElection.run(LeaderElection.java:133)
	at java.lang.Thread.run(Thread.java:748)
Caused by: org.apache.ratis.thirdparty.io.grpc.StatusRuntimeException: UNAVAILABLE: io exception
	at org.apache.ratis.thirdparty.io.grpc.stub.ClientCalls.toStatusRuntimeException(ClientCalls.java:233)
	at org.apache.ratis.thirdparty.io.grpc.stub.ClientCalls.getUnchecked(ClientCalls.java:214)
	at org.apache.ratis.thirdparty.io.grpc.stub.ClientCalls.blockingUnaryCall(ClientCalls.java:139)
	at org.apache.ratis.proto.grpc.RaftServerProtocolServiceGrpc$RaftServerProtocolServiceBlockingStub.requestVote(RaftServerProtocolServiceGrpc.java:265)
	at org.apache.ratis.grpc.server.GrpcServerProtocolClient.requestVote(GrpcServerProtocolClient.java:99)
	at org.apache.ratis.grpc.server.GrpcService.requestVote(GrpcService.java:204)
	at org.apache.ratis.server.impl.LeaderElection.lambda$submitRequests$1(LeaderElection.java:234)
	at java.util.concurrent.FutureTask.run(FutureTask.java:266)
	at java.util.concurrent.Executors$RunnableAdapter.call(Executors.java:511)
	at java.util.concurrent.FutureTask.run(FutureTask.java:266)
	at java.util.concurrent.ThreadPoolExecutor.runWorker(ThreadPoolExecutor.java:1149)
	at java.util.concurrent.ThreadPoolExecutor$Worker.run(ThreadPoolExecutor.java:624)
	... 1 more
Caused by: org.apache.ratis.thirdparty.io.netty.channel.AbstractChannel$AnnotatedConnectException: Connection refused: /192.168.157.223:42172
	at sun.nio.ch.SocketChannelImpl.checkConnect(Native Method)
	at sun.nio.ch.SocketChannelImpl.finishConnect(SocketChannelImpl.java:717)
	at org.apache.ratis.thirdparty.io.netty.channel.socket.nio.NioSocketChannel.doFinishConnect(NioSocketChannel.java:327)
	at org.apache.ratis.thirdparty.io.netty.channel.nio.AbstractNioChannel$AbstractNioUnsafe.finishConnect(AbstractNioChannel.java:340)
	at org.apache.ratis.thirdparty.io.netty.channel.nio.NioEventLoop.processSelectedKey(NioEventLoop.java:632)
	at org.apache.ratis.thirdparty.io.netty.channel.nio.NioEventLoop.processSelectedKeysOptimized(NioEventLoop.java:579)
	at org.apache.ratis.thirdparty.io.netty.channel.nio.NioEventLoop.processSelectedKeys(NioEventLoop.java:496)
	at org.apache.ratis.thirdparty.io.netty.channel.nio.NioEventLoop.run(NioEventLoop.java:458)
	at org.apache.ratis.thirdparty.io.netty.util.concurrent.SingleThreadEventExecutor$5.run(SingleThreadEventExecutor.java:897)
	at org.apache.ratis.thirdparty.io.netty.util.concurrent.FastThreadLocalRunnable.run(FastThreadLocalRunnable.java:30)
	... 1 more
Caused by: java.net.ConnectException: Connection refused
	... 11 more
2019-10-17 21:55:16,411 [d6dfcdd7-fc6e-4b51-b91e-b64503dadc5e@group-F967393F7C93-LeaderElection263] INFO  impl.RaftServerImpl (RaftServerImpl.java:setRole(184)) - d6dfcdd7-fc6e-4b51-b91e-b64503dadc5e@group-F967393F7C93: changes role from CANDIDATE to FOLLOWER at term 266 for DISCOVERED_A_NEW_TERM
2019-10-17 21:55:16,411 [d6dfcdd7-fc6e-4b51-b91e-b64503dadc5e@group-F967393F7C93-LeaderElection263] INFO  impl.RoleInfo (RoleInfo.java:shutdownLeaderElection(134)) - d6dfcdd7-fc6e-4b51-b91e-b64503dadc5e: shutdown LeaderElection
2019-10-17 21:55:16,411 [d6dfcdd7-fc6e-4b51-b91e-b64503dadc5e@group-F967393F7C93-LeaderElection263] INFO  impl.RoleInfo (RoleInfo.java:updateAndGet(143)) - d6dfcdd7-fc6e-4b51-b91e-b64503dadc5e: start FollowerState
2019-10-17 21:55:16,412 [Thread-2230] INFO  impl.FollowerState (FollowerState.java:run(108)) - d6dfcdd7-fc6e-4b51-b91e-b64503dadc5e@group-F967393F7C93-FollowerState: change to CANDIDATE, lastRpcTime:0ms, electionTimeout:0ms
2019-10-17 21:55:16,412 [Thread-2230] INFO  impl.RoleInfo (RoleInfo.java:shutdownFollowerState(121)) - d6dfcdd7-fc6e-4b51-b91e-b64503dadc5e: shutdown FollowerState
2019-10-17 21:55:16,412 [Thread-2230] INFO  impl.RaftServerImpl (RaftServerImpl.java:setRole(184)) - d6dfcdd7-fc6e-4b51-b91e-b64503dadc5e@group-F967393F7C93: changes role from  FOLLOWER to CANDIDATE at term 266 for changeToCandidate
2019-10-17 21:55:16,412 [Thread-2230] INFO  impl.RoleInfo (RoleInfo.java:updateAndGet(143)) - d6dfcdd7-fc6e-4b51-b91e-b64503dadc5e: start LeaderElection
2019-10-17 21:55:16,440 [d6dfcdd7-fc6e-4b51-b91e-b64503dadc5e@group-F967393F7C93-LeaderElection264] INFO  impl.LeaderElection (LeaderElection.java:askForVotes(178)) - d6dfcdd7-fc6e-4b51-b91e-b64503dadc5e@group-F967393F7C93-LeaderElection264: begin an election at term 267 for -1: [08d4cbaa-ffed-4411-a5fd-c4a38026aead:192.168.157.223:33910, da15dfee-23f0-4dc4-ad77-c00156c49cfa:192.168.157.223:42172, d6dfcdd7-fc6e-4b51-b91e-b64503dadc5e:192.168.157.223:43575], old=null
2019-10-17 21:55:16,441 [d6dfcdd7-fc6e-4b51-b91e-b64503dadc5e@group-F967393F7C93-LeaderElection264] INFO  impl.LeaderElection (LogUtils.java:infoOrTrace(149)) - d6dfcdd7-fc6e-4b51-b91e-b64503dadc5e@group-F967393F7C93-LeaderElection264 got exception when requesting votes: {}
java.util.concurrent.ExecutionException: org.apache.ratis.thirdparty.io.grpc.StatusRuntimeException: UNAVAILABLE: io exception
	at java.util.concurrent.FutureTask.report(FutureTask.java:122)
	at java.util.concurrent.FutureTask.get(FutureTask.java:192)
	at org.apache.ratis.server.impl.LeaderElection.waitForResults(LeaderElection.java:259)
	at org.apache.ratis.server.impl.LeaderElection.askForVotes(LeaderElection.java:197)
	at org.apache.ratis.server.impl.LeaderElection.run(LeaderElection.java:133)
	at java.lang.Thread.run(Thread.java:748)
Caused by: org.apache.ratis.thirdparty.io.grpc.StatusRuntimeException: UNAVAILABLE: io exception
	at org.apache.ratis.thirdparty.io.grpc.stub.ClientCalls.toStatusRuntimeException(ClientCalls.java:233)
	at org.apache.ratis.thirdparty.io.grpc.stub.ClientCalls.getUnchecked(ClientCalls.java:214)
	at org.apache.ratis.thirdparty.io.grpc.stub.ClientCalls.blockingUnaryCall(ClientCalls.java:139)
	at org.apache.ratis.proto.grpc.RaftServerProtocolServiceGrpc$RaftServerProtocolServiceBlockingStub.requestVote(RaftServerProtocolServiceGrpc.java:265)
	at org.apache.ratis.grpc.server.GrpcServerProtocolClient.requestVote(GrpcServerProtocolClient.java:99)
	at org.apache.ratis.grpc.server.GrpcService.requestVote(GrpcService.java:204)
	at org.apache.ratis.server.impl.LeaderElection.lambda$submitRequests$1(LeaderElection.java:234)
	at java.util.concurrent.FutureTask.run(FutureTask.java:266)
	at java.util.concurrent.Executors$RunnableAdapter.call(Executors.java:511)
	at java.util.concurrent.FutureTask.run(FutureTask.java:266)
	at java.util.concurrent.ThreadPoolExecutor.runWorker(ThreadPoolExecutor.java:1149)
	at java.util.concurrent.ThreadPoolExecutor$Worker.run(ThreadPoolExecutor.java:624)
	... 1 more
Caused by: org.apache.ratis.thirdparty.io.netty.channel.AbstractChannel$AnnotatedConnectException: Connection refused: /192.168.157.223:33910
	at sun.nio.ch.SocketChannelImpl.checkConnect(Native Method)
	at sun.nio.ch.SocketChannelImpl.finishConnect(SocketChannelImpl.java:717)
	at org.apache.ratis.thirdparty.io.netty.channel.socket.nio.NioSocketChannel.doFinishConnect(NioSocketChannel.java:327)
	at org.apache.ratis.thirdparty.io.netty.channel.nio.AbstractNioChannel$AbstractNioUnsafe.finishConnect(AbstractNioChannel.java:340)
	at org.apache.ratis.thirdparty.io.netty.channel.nio.NioEventLoop.processSelectedKey(NioEventLoop.java:632)
	at org.apache.ratis.thirdparty.io.netty.channel.nio.NioEventLoop.processSelectedKeysOptimized(NioEventLoop.java:579)
	at org.apache.ratis.thirdparty.io.netty.channel.nio.NioEventLoop.processSelectedKeys(NioEventLoop.java:496)
	at org.apache.ratis.thirdparty.io.netty.channel.nio.NioEventLoop.run(NioEventLoop.java:458)
	at org.apache.ratis.thirdparty.io.netty.util.concurrent.SingleThreadEventExecutor$5.run(SingleThreadEventExecutor.java:897)
	at org.apache.ratis.thirdparty.io.netty.util.concurrent.FastThreadLocalRunnable.run(FastThreadLocalRunnable.java:30)
	... 1 more
Caused by: java.net.ConnectException: Connection refused
	... 11 more
2019-10-17 21:55:16,441 [d6dfcdd7-fc6e-4b51-b91e-b64503dadc5e@group-F967393F7C93-LeaderElection264] INFO  impl.LeaderElection (LogUtils.java:infoOrTrace(149)) - d6dfcdd7-fc6e-4b51-b91e-b64503dadc5e@group-F967393F7C93-LeaderElection264 got exception when requesting votes: {}
java.util.concurrent.ExecutionException: org.apache.ratis.thirdparty.io.grpc.StatusRuntimeException: UNAVAILABLE: io exception
	at java.util.concurrent.FutureTask.report(FutureTask.java:122)
	at java.util.concurrent.FutureTask.get(FutureTask.java:192)
	at org.apache.ratis.server.impl.LeaderElection.waitForResults(LeaderElection.java:259)
	at org.apache.ratis.server.impl.LeaderElection.askForVotes(LeaderElection.java:197)
	at org.apache.ratis.server.impl.LeaderElection.run(LeaderElection.java:133)
	at java.lang.Thread.run(Thread.java:748)
Caused by: org.apache.ratis.thirdparty.io.grpc.StatusRuntimeException: UNAVAILABLE: io exception
	at org.apache.ratis.thirdparty.io.grpc.stub.ClientCalls.toStatusRuntimeException(ClientCalls.java:233)
	at org.apache.ratis.thirdparty.io.grpc.stub.ClientCalls.getUnchecked(ClientCalls.java:214)
	at org.apache.ratis.thirdparty.io.grpc.stub.ClientCalls.blockingUnaryCall(ClientCalls.java:139)
	at org.apache.ratis.proto.grpc.RaftServerProtocolServiceGrpc$RaftServerProtocolServiceBlockingStub.requestVote(RaftServerProtocolServiceGrpc.java:265)
	at org.apache.ratis.grpc.server.GrpcServerProtocolClient.requestVote(GrpcServerProtocolClient.java:99)
	at org.apache.ratis.grpc.server.GrpcService.requestVote(GrpcService.java:204)
	at org.apache.ratis.server.impl.LeaderElection.lambda$submitRequests$1(LeaderElection.java:234)
	at java.util.concurrent.FutureTask.run(FutureTask.java:266)
	at java.util.concurrent.Executors$RunnableAdapter.call(Executors.java:511)
	at java.util.concurrent.FutureTask.run(FutureTask.java:266)
	at java.util.concurrent.ThreadPoolExecutor.runWorker(ThreadPoolExecutor.java:1149)
	at java.util.concurrent.ThreadPoolExecutor$Worker.run(ThreadPoolExecutor.java:624)
	... 1 more
Caused by: org.apache.ratis.thirdparty.io.netty.channel.AbstractChannel$AnnotatedConnectException: Connection refused: /192.168.157.223:42172
	at sun.nio.ch.SocketChannelImpl.checkConnect(Native Method)
	at sun.nio.ch.SocketChannelImpl.finishConnect(SocketChannelImpl.java:717)
	at org.apache.ratis.thirdparty.io.netty.channel.socket.nio.NioSocketChannel.doFinishConnect(NioSocketChannel.java:327)
	at org.apache.ratis.thirdparty.io.netty.channel.nio.AbstractNioChannel$AbstractNioUnsafe.finishConnect(AbstractNioChannel.java:340)
	at org.apache.ratis.thirdparty.io.netty.channel.nio.NioEventLoop.processSelectedKey(NioEventLoop.java:632)
	at org.apache.ratis.thirdparty.io.netty.channel.nio.NioEventLoop.processSelectedKeysOptimized(NioEventLoop.java:579)
	at org.apache.ratis.thirdparty.io.netty.channel.nio.NioEventLoop.processSelectedKeys(NioEventLoop.java:496)
	at org.apache.ratis.thirdparty.io.netty.channel.nio.NioEventLoop.run(NioEventLoop.java:458)
	at org.apache.ratis.thirdparty.io.netty.util.concurrent.SingleThreadEventExecutor$5.run(SingleThreadEventExecutor.java:897)
	at org.apache.ratis.thirdparty.io.netty.util.concurrent.FastThreadLocalRunnable.run(FastThreadLocalRunnable.java:30)
	... 1 more
Caused by: java.net.ConnectException: Connection refused
	... 11 more
2019-10-17 21:55:16,441 [d6dfcdd7-fc6e-4b51-b91e-b64503dadc5e@group-F967393F7C93-LeaderElection264] INFO  impl.LeaderElection (LeaderElection.java:logAndReturn(56)) - d6dfcdd7-fc6e-4b51-b91e-b64503dadc5e@group-F967393F7C93-LeaderElection264: Election REJECTED; received 0 response(s) [] and 2 exception(s); d6dfcdd7-fc6e-4b51-b91e-b64503dadc5e@group-F967393F7C93:t267, leader=null, voted=d6dfcdd7-fc6e-4b51-b91e-b64503dadc5e, raftlog=d6dfcdd7-fc6e-4b51-b91e-b64503dadc5e@group-F967393F7C93-SegmentedRaftLog:OPENED:c-1,f-1,i0, conf=-1: [08d4cbaa-ffed-4411-a5fd-c4a38026aead:192.168.157.223:33910, da15dfee-23f0-4dc4-ad77-c00156c49cfa:192.168.157.223:42172, d6dfcdd7-fc6e-4b51-b91e-b64503dadc5e:192.168.157.223:43575], old=null
2019-10-17 21:55:16,442 [d6dfcdd7-fc6e-4b51-b91e-b64503dadc5e@group-F967393F7C93-LeaderElection264] INFO  impl.LeaderElection (LogUtils.java:infoOrTrace(149)) -   Exception 0: {}
java.util.concurrent.ExecutionException: org.apache.ratis.thirdparty.io.grpc.StatusRuntimeException: UNAVAILABLE: io exception
	at java.util.concurrent.FutureTask.report(FutureTask.java:122)
	at java.util.concurrent.FutureTask.get(FutureTask.java:192)
	at org.apache.ratis.server.impl.LeaderElection.waitForResults(LeaderElection.java:259)
	at org.apache.ratis.server.impl.LeaderElection.askForVotes(LeaderElection.java:197)
	at org.apache.ratis.server.impl.LeaderElection.run(LeaderElection.java:133)
	at java.lang.Thread.run(Thread.java:748)
Caused by: org.apache.ratis.thirdparty.io.grpc.StatusRuntimeException: UNAVAILABLE: io exception
	at org.apache.ratis.thirdparty.io.grpc.stub.ClientCalls.toStatusRuntimeException(ClientCalls.java:233)
	at org.apache.ratis.thirdparty.io.grpc.stub.ClientCalls.getUnchecked(ClientCalls.java:214)
	at org.apache.ratis.thirdparty.io.grpc.stub.ClientCalls.blockingUnaryCall(ClientCalls.java:139)
	at org.apache.ratis.proto.grpc.RaftServerProtocolServiceGrpc$RaftServerProtocolServiceBlockingStub.requestVote(RaftServerProtocolServiceGrpc.java:265)
	at org.apache.ratis.grpc.server.GrpcServerProtocolClient.requestVote(GrpcServerProtocolClient.java:99)
	at org.apache.ratis.grpc.server.GrpcService.requestVote(GrpcService.java:204)
	at org.apache.ratis.server.impl.LeaderElection.lambda$submitRequests$1(LeaderElection.java:234)
	at java.util.concurrent.FutureTask.run(FutureTask.java:266)
	at java.util.concurrent.Executors$RunnableAdapter.call(Executors.java:511)
	at java.util.concurrent.FutureTask.run(FutureTask.java:266)
	at java.util.concurrent.ThreadPoolExecutor.runWorker(ThreadPoolExecutor.java:1149)
	at java.util.concurrent.ThreadPoolExecutor$Worker.run(ThreadPoolExecutor.java:624)
	... 1 more
Caused by: org.apache.ratis.thirdparty.io.netty.channel.AbstractChannel$AnnotatedConnectException: Connection refused: /192.168.157.223:33910
	at sun.nio.ch.SocketChannelImpl.checkConnect(Native Method)
	at sun.nio.ch.SocketChannelImpl.finishConnect(SocketChannelImpl.java:717)
	at org.apache.ratis.thirdparty.io.netty.channel.socket.nio.NioSocketChannel.doFinishConnect(NioSocketChannel.java:327)
	at org.apache.ratis.thirdparty.io.netty.channel.nio.AbstractNioChannel$AbstractNioUnsafe.finishConnect(AbstractNioChannel.java:340)
	at org.apache.ratis.thirdparty.io.netty.channel.nio.NioEventLoop.processSelectedKey(NioEventLoop.java:632)
	at org.apache.ratis.thirdparty.io.netty.channel.nio.NioEventLoop.processSelectedKeysOptimized(NioEventLoop.java:579)
	at org.apache.ratis.thirdparty.io.netty.channel.nio.NioEventLoop.processSelectedKeys(NioEventLoop.java:496)
	at org.apache.ratis.thirdparty.io.netty.channel.nio.NioEventLoop.run(NioEventLoop.java:458)
	at org.apache.ratis.thirdparty.io.netty.util.concurrent.SingleThreadEventExecutor$5.run(SingleThreadEventExecutor.java:897)
	at org.apache.ratis.thirdparty.io.netty.util.concurrent.FastThreadLocalRunnable.run(FastThreadLocalRunnable.java:30)
	... 1 more
Caused by: java.net.ConnectException: Connection refused
	... 11 more
2019-10-17 21:55:16,442 [d6dfcdd7-fc6e-4b51-b91e-b64503dadc5e@group-F967393F7C93-LeaderElection264] INFO  impl.LeaderElection (LogUtils.java:infoOrTrace(149)) -   Exception 1: {}
java.util.concurrent.ExecutionException: org.apache.ratis.thirdparty.io.grpc.StatusRuntimeException: UNAVAILABLE: io exception
	at java.util.concurrent.FutureTask.report(FutureTask.java:122)
	at java.util.concurrent.FutureTask.get(FutureTask.java:192)
	at org.apache.ratis.server.impl.LeaderElection.waitForResults(LeaderElection.java:259)
	at org.apache.ratis.server.impl.LeaderElection.askForVotes(LeaderElection.java:197)
	at org.apache.ratis.server.impl.LeaderElection.run(LeaderElection.java:133)
	at java.lang.Thread.run(Thread.java:748)
Caused by: org.apache.ratis.thirdparty.io.grpc.StatusRuntimeException: UNAVAILABLE: io exception
	at org.apache.ratis.thirdparty.io.grpc.stub.ClientCalls.toStatusRuntimeException(ClientCalls.java:233)
	at org.apache.ratis.thirdparty.io.grpc.stub.ClientCalls.getUnchecked(ClientCalls.java:214)
	at org.apache.ratis.thirdparty.io.grpc.stub.ClientCalls.blockingUnaryCall(ClientCalls.java:139)
	at org.apache.ratis.proto.grpc.RaftServerProtocolServiceGrpc$RaftServerProtocolServiceBlockingStub.requestVote(RaftServerProtocolServiceGrpc.java:265)
	at org.apache.ratis.grpc.server.GrpcServerProtocolClient.requestVote(GrpcServerProtocolClient.java:99)
	at org.apache.ratis.grpc.server.GrpcService.requestVote(GrpcService.java:204)
	at org.apache.ratis.server.impl.LeaderElection.lambda$submitRequests$1(LeaderElection.java:234)
	at java.util.concurrent.FutureTask.run(FutureTask.java:266)
	at java.util.concurrent.Executors$RunnableAdapter.call(Executors.java:511)
	at java.util.concurrent.FutureTask.run(FutureTask.java:266)
	at java.util.concurrent.ThreadPoolExecutor.runWorker(ThreadPoolExecutor.java:1149)
	at java.util.concurrent.ThreadPoolExecutor$Worker.run(ThreadPoolExecutor.java:624)
	... 1 more
Caused by: org.apache.ratis.thirdparty.io.netty.channel.AbstractChannel$AnnotatedConnectException: Connection refused: /192.168.157.223:42172
	at sun.nio.ch.SocketChannelImpl.checkConnect(Native Method)
	at sun.nio.ch.SocketChannelImpl.finishConnect(SocketChannelImpl.java:717)
	at org.apache.ratis.thirdparty.io.netty.channel.socket.nio.NioSocketChannel.doFinishConnect(NioSocketChannel.java:327)
	at org.apache.ratis.thirdparty.io.netty.channel.nio.AbstractNioChannel$AbstractNioUnsafe.finishConnect(AbstractNioChannel.java:340)
	at org.apache.ratis.thirdparty.io.netty.channel.nio.NioEventLoop.processSelectedKey(NioEventLoop.java:632)
	at org.apache.ratis.thirdparty.io.netty.channel.nio.NioEventLoop.processSelectedKeysOptimized(NioEventLoop.java:579)
	at org.apache.ratis.thirdparty.io.netty.channel.nio.NioEventLoop.processSelectedKeys(NioEventLoop.java:496)
	at org.apache.ratis.thirdparty.io.netty.channel.nio.NioEventLoop.run(NioEventLoop.java:458)
	at org.apache.ratis.thirdparty.io.netty.util.concurrent.SingleThreadEventExecutor$5.run(SingleThreadEventExecutor.java:897)
	at org.apache.ratis.thirdparty.io.netty.util.concurrent.FastThreadLocalRunnable.run(FastThreadLocalRunnable.java:30)
	... 1 more
Caused by: java.net.ConnectException: Connection refused
	... 11 more
2019-10-17 21:55:16,442 [d6dfcdd7-fc6e-4b51-b91e-b64503dadc5e@group-F967393F7C93-LeaderElection264] INFO  impl.RaftServerImpl (RaftServerImpl.java:setRole(184)) - d6dfcdd7-fc6e-4b51-b91e-b64503dadc5e@group-F967393F7C93: changes role from CANDIDATE to FOLLOWER at term 267 for DISCOVERED_A_NEW_TERM
2019-10-17 21:55:16,442 [d6dfcdd7-fc6e-4b51-b91e-b64503dadc5e@group-F967393F7C93-LeaderElection264] INFO  impl.RoleInfo (RoleInfo.java:shutdownLeaderElection(134)) - d6dfcdd7-fc6e-4b51-b91e-b64503dadc5e: shutdown LeaderElection
2019-10-17 21:55:16,442 [d6dfcdd7-fc6e-4b51-b91e-b64503dadc5e@group-F967393F7C93-LeaderElection264] INFO  impl.RoleInfo (RoleInfo.java:updateAndGet(143)) - d6dfcdd7-fc6e-4b51-b91e-b64503dadc5e: start FollowerState
2019-10-17 21:55:16,625 [Thread-2234] INFO  impl.FollowerState (FollowerState.java:run(108)) - d6dfcdd7-fc6e-4b51-b91e-b64503dadc5e@group-F967393F7C93-FollowerState: change to CANDIDATE, lastRpcTime:182ms, electionTimeout:182ms
2019-10-17 21:55:16,625 [Thread-2234] INFO  impl.RoleInfo (RoleInfo.java:shutdownFollowerState(121)) - d6dfcdd7-fc6e-4b51-b91e-b64503dadc5e: shutdown FollowerState
2019-10-17 21:55:16,625 [Thread-2234] INFO  impl.RaftServerImpl (RaftServerImpl.java:setRole(184)) - d6dfcdd7-fc6e-4b51-b91e-b64503dadc5e@group-F967393F7C93: changes role from  FOLLOWER to CANDIDATE at term 267 for changeToCandidate
2019-10-17 21:55:16,626 [Thread-2234] INFO  impl.RoleInfo (RoleInfo.java:updateAndGet(143)) - d6dfcdd7-fc6e-4b51-b91e-b64503dadc5e: start LeaderElection
2019-10-17 21:55:16,639 [d6dfcdd7-fc6e-4b51-b91e-b64503dadc5e@group-F967393F7C93-LeaderElection265] INFO  impl.LeaderElection (LeaderElection.java:askForVotes(178)) - d6dfcdd7-fc6e-4b51-b91e-b64503dadc5e@group-F967393F7C93-LeaderElection265: begin an election at term 268 for -1: [08d4cbaa-ffed-4411-a5fd-c4a38026aead:192.168.157.223:33910, da15dfee-23f0-4dc4-ad77-c00156c49cfa:192.168.157.223:42172, d6dfcdd7-fc6e-4b51-b91e-b64503dadc5e:192.168.157.223:43575], old=null
2019-10-17 21:55:16,640 [d6dfcdd7-fc6e-4b51-b91e-b64503dadc5e@group-F967393F7C93-LeaderElection265] INFO  impl.LeaderElection (LogUtils.java:infoOrTrace(149)) - d6dfcdd7-fc6e-4b51-b91e-b64503dadc5e@group-F967393F7C93-LeaderElection265 got exception when requesting votes: {}
java.util.concurrent.ExecutionException: org.apache.ratis.thirdparty.io.grpc.StatusRuntimeException: UNAVAILABLE: io exception
	at java.util.concurrent.FutureTask.report(FutureTask.java:122)
	at java.util.concurrent.FutureTask.get(FutureTask.java:192)
	at org.apache.ratis.server.impl.LeaderElection.waitForResults(LeaderElection.java:259)
	at org.apache.ratis.server.impl.LeaderElection.askForVotes(LeaderElection.java:197)
	at org.apache.ratis.server.impl.LeaderElection.run(LeaderElection.java:133)
	at java.lang.Thread.run(Thread.java:748)
Caused by: org.apache.ratis.thirdparty.io.grpc.StatusRuntimeException: UNAVAILABLE: io exception
	at org.apache.ratis.thirdparty.io.grpc.stub.ClientCalls.toStatusRuntimeException(ClientCalls.java:233)
	at org.apache.ratis.thirdparty.io.grpc.stub.ClientCalls.getUnchecked(ClientCalls.java:214)
	at org.apache.ratis.thirdparty.io.grpc.stub.ClientCalls.blockingUnaryCall(ClientCalls.java:139)
	at org.apache.ratis.proto.grpc.RaftServerProtocolServiceGrpc$RaftServerProtocolServiceBlockingStub.requestVote(RaftServerProtocolServiceGrpc.java:265)
	at org.apache.ratis.grpc.server.GrpcServerProtocolClient.requestVote(GrpcServerProtocolClient.java:99)
	at org.apache.ratis.grpc.server.GrpcService.requestVote(GrpcService.java:204)
	at org.apache.ratis.server.impl.LeaderElection.lambda$submitRequests$1(LeaderElection.java:234)
	at java.util.concurrent.FutureTask.run(FutureTask.java:266)
	at java.util.concurrent.Executors$RunnableAdapter.call(Executors.java:511)
	at java.util.concurrent.FutureTask.run(FutureTask.java:266)
	at java.util.concurrent.ThreadPoolExecutor.runWorker(ThreadPoolExecutor.java:1149)
	at java.util.concurrent.ThreadPoolExecutor$Worker.run(ThreadPoolExecutor.java:624)
	... 1 more
Caused by: org.apache.ratis.thirdparty.io.netty.channel.AbstractChannel$AnnotatedConnectException: Connection refused: /192.168.157.223:33910
	at sun.nio.ch.SocketChannelImpl.checkConnect(Native Method)
	at sun.nio.ch.SocketChannelImpl.finishConnect(SocketChannelImpl.java:717)
	at org.apache.ratis.thirdparty.io.netty.channel.socket.nio.NioSocketChannel.doFinishConnect(NioSocketChannel.java:327)
	at org.apache.ratis.thirdparty.io.netty.channel.nio.AbstractNioChannel$AbstractNioUnsafe.finishConnect(AbstractNioChannel.java:340)
	at org.apache.ratis.thirdparty.io.netty.channel.nio.NioEventLoop.processSelectedKey(NioEventLoop.java:632)
	at org.apache.ratis.thirdparty.io.netty.channel.nio.NioEventLoop.processSelectedKeysOptimized(NioEventLoop.java:579)
	at org.apache.ratis.thirdparty.io.netty.channel.nio.NioEventLoop.processSelectedKeys(NioEventLoop.java:496)
	at org.apache.ratis.thirdparty.io.netty.channel.nio.NioEventLoop.run(NioEventLoop.java:458)
	at org.apache.ratis.thirdparty.io.netty.util.concurrent.SingleThreadEventExecutor$5.run(SingleThreadEventExecutor.java:897)
	at org.apache.ratis.thirdparty.io.netty.util.concurrent.FastThreadLocalRunnable.run(FastThreadLocalRunnable.java:30)
	... 1 more
Caused by: java.net.ConnectException: Connection refused
	... 11 more
2019-10-17 21:55:16,641 [d6dfcdd7-fc6e-4b51-b91e-b64503dadc5e@group-F967393F7C93-LeaderElection265] INFO  impl.LeaderElection (LogUtils.java:infoOrTrace(149)) - d6dfcdd7-fc6e-4b51-b91e-b64503dadc5e@group-F967393F7C93-LeaderElection265 got exception when requesting votes: {}
java.util.concurrent.ExecutionException: org.apache.ratis.thirdparty.io.grpc.StatusRuntimeException: UNAVAILABLE: io exception
	at java.util.concurrent.FutureTask.report(FutureTask.java:122)
	at java.util.concurrent.FutureTask.get(FutureTask.java:192)
	at org.apache.ratis.server.impl.LeaderElection.waitForResults(LeaderElection.java:259)
	at org.apache.ratis.server.impl.LeaderElection.askForVotes(LeaderElection.java:197)
	at org.apache.ratis.server.impl.LeaderElection.run(LeaderElection.java:133)
	at java.lang.Thread.run(Thread.java:748)
Caused by: org.apache.ratis.thirdparty.io.grpc.StatusRuntimeException: UNAVAILABLE: io exception
	at org.apache.ratis.thirdparty.io.grpc.stub.ClientCalls.toStatusRuntimeException(ClientCalls.java:233)
	at org.apache.ratis.thirdparty.io.grpc.stub.ClientCalls.getUnchecked(ClientCalls.java:214)
	at org.apache.ratis.thirdparty.io.grpc.stub.ClientCalls.blockingUnaryCall(ClientCalls.java:139)
	at org.apache.ratis.proto.grpc.RaftServerProtocolServiceGrpc$RaftServerProtocolServiceBlockingStub.requestVote(RaftServerProtocolServiceGrpc.java:265)
	at org.apache.ratis.grpc.server.GrpcServerProtocolClient.requestVote(GrpcServerProtocolClient.java:99)
	at org.apache.ratis.grpc.server.GrpcService.requestVote(GrpcService.java:204)
	at org.apache.ratis.server.impl.LeaderElection.lambda$submitRequests$1(LeaderElection.java:234)
	at java.util.concurrent.FutureTask.run(FutureTask.java:266)
	at java.util.concurrent.Executors$RunnableAdapter.call(Executors.java:511)
	at java.util.concurrent.FutureTask.run(FutureTask.java:266)
	at java.util.concurrent.ThreadPoolExecutor.runWorker(ThreadPoolExecutor.java:1149)
	at java.util.concurrent.ThreadPoolExecutor$Worker.run(ThreadPoolExecutor.java:624)
	... 1 more
Caused by: org.apache.ratis.thirdparty.io.netty.channel.AbstractChannel$AnnotatedConnectException: Connection refused: /192.168.157.223:42172
	at sun.nio.ch.SocketChannelImpl.checkConnect(Native Method)
	at sun.nio.ch.SocketChannelImpl.finishConnect(SocketChannelImpl.java:717)
	at org.apache.ratis.thirdparty.io.netty.channel.socket.nio.NioSocketChannel.doFinishConnect(NioSocketChannel.java:327)
	at org.apache.ratis.thirdparty.io.netty.channel.nio.AbstractNioChannel$AbstractNioUnsafe.finishConnect(AbstractNioChannel.java:340)
	at org.apache.ratis.thirdparty.io.netty.channel.nio.NioEventLoop.processSelectedKey(NioEventLoop.java:632)
	at org.apache.ratis.thirdparty.io.netty.channel.nio.NioEventLoop.processSelectedKeysOptimized(NioEventLoop.java:579)
	at org.apache.ratis.thirdparty.io.netty.channel.nio.NioEventLoop.processSelectedKeys(NioEventLoop.java:496)
	at org.apache.ratis.thirdparty.io.netty.channel.nio.NioEventLoop.run(NioEventLoop.java:458)
	at org.apache.ratis.thirdparty.io.netty.util.concurrent.SingleThreadEventExecutor$5.run(SingleThreadEventExecutor.java:897)
	at org.apache.ratis.thirdparty.io.netty.util.concurrent.FastThreadLocalRunnable.run(FastThreadLocalRunnable.java:30)
	... 1 more
Caused by: java.net.ConnectException: Connection refused
	... 11 more
2019-10-17 21:55:16,641 [d6dfcdd7-fc6e-4b51-b91e-b64503dadc5e@group-F967393F7C93-LeaderElection265] INFO  impl.LeaderElection (LeaderElection.java:logAndReturn(56)) - d6dfcdd7-fc6e-4b51-b91e-b64503dadc5e@group-F967393F7C93-LeaderElection265: Election REJECTED; received 0 response(s) [] and 2 exception(s); d6dfcdd7-fc6e-4b51-b91e-b64503dadc5e@group-F967393F7C93:t268, leader=null, voted=d6dfcdd7-fc6e-4b51-b91e-b64503dadc5e, raftlog=d6dfcdd7-fc6e-4b51-b91e-b64503dadc5e@group-F967393F7C93-SegmentedRaftLog:OPENED:c-1,f-1,i0, conf=-1: [08d4cbaa-ffed-4411-a5fd-c4a38026aead:192.168.157.223:33910, da15dfee-23f0-4dc4-ad77-c00156c49cfa:192.168.157.223:42172, d6dfcdd7-fc6e-4b51-b91e-b64503dadc5e:192.168.157.223:43575], old=null
2019-10-17 21:55:16,641 [d6dfcdd7-fc6e-4b51-b91e-b64503dadc5e@group-F967393F7C93-LeaderElection265] INFO  impl.LeaderElection (LogUtils.java:infoOrTrace(149)) -   Exception 0: {}
java.util.concurrent.ExecutionException: org.apache.ratis.thirdparty.io.grpc.StatusRuntimeException: UNAVAILABLE: io exception
	at java.util.concurrent.FutureTask.report(FutureTask.java:122)
	at java.util.concurrent.FutureTask.get(FutureTask.java:192)
	at org.apache.ratis.server.impl.LeaderElection.waitForResults(LeaderElection.java:259)
	at org.apache.ratis.server.impl.LeaderElection.askForVotes(LeaderElection.java:197)
	at org.apache.ratis.server.impl.LeaderElection.run(LeaderElection.java:133)
	at java.lang.Thread.run(Thread.java:748)
Caused by: org.apache.ratis.thirdparty.io.grpc.StatusRuntimeException: UNAVAILABLE: io exception
	at org.apache.ratis.thirdparty.io.grpc.stub.ClientCalls.toStatusRuntimeException(ClientCalls.java:233)
	at org.apache.ratis.thirdparty.io.grpc.stub.ClientCalls.getUnchecked(ClientCalls.java:214)
	at org.apache.ratis.thirdparty.io.grpc.stub.ClientCalls.blockingUnaryCall(ClientCalls.java:139)
	at org.apache.ratis.proto.grpc.RaftServerProtocolServiceGrpc$RaftServerProtocolServiceBlockingStub.requestVote(RaftServerProtocolServiceGrpc.java:265)
	at org.apache.ratis.grpc.server.GrpcServerProtocolClient.requestVote(GrpcServerProtocolClient.java:99)
	at org.apache.ratis.grpc.server.GrpcService.requestVote(GrpcService.java:204)
	at org.apache.ratis.server.impl.LeaderElection.lambda$submitRequests$1(LeaderElection.java:234)
	at java.util.concurrent.FutureTask.run(FutureTask.java:266)
	at java.util.concurrent.Executors$RunnableAdapter.call(Executors.java:511)
	at java.util.concurrent.FutureTask.run(FutureTask.java:266)
	at java.util.concurrent.ThreadPoolExecutor.runWorker(ThreadPoolExecutor.java:1149)
	at java.util.concurrent.ThreadPoolExecutor$Worker.run(ThreadPoolExecutor.java:624)
	... 1 more
Caused by: org.apache.ratis.thirdparty.io.netty.channel.AbstractChannel$AnnotatedConnectException: Connection refused: /192.168.157.223:33910
	at sun.nio.ch.SocketChannelImpl.checkConnect(Native Method)
	at sun.nio.ch.SocketChannelImpl.finishConnect(SocketChannelImpl.java:717)
	at org.apache.ratis.thirdparty.io.netty.channel.socket.nio.NioSocketChannel.doFinishConnect(NioSocketChannel.java:327)
	at org.apache.ratis.thirdparty.io.netty.channel.nio.AbstractNioChannel$AbstractNioUnsafe.finishConnect(AbstractNioChannel.java:340)
	at org.apache.ratis.thirdparty.io.netty.channel.nio.NioEventLoop.processSelectedKey(NioEventLoop.java:632)
	at org.apache.ratis.thirdparty.io.netty.channel.nio.NioEventLoop.processSelectedKeysOptimized(NioEventLoop.java:579)
	at org.apache.ratis.thirdparty.io.netty.channel.nio.NioEventLoop.processSelectedKeys(NioEventLoop.java:496)
	at org.apache.ratis.thirdparty.io.netty.channel.nio.NioEventLoop.run(NioEventLoop.java:458)
	at org.apache.ratis.thirdparty.io.netty.util.concurrent.SingleThreadEventExecutor$5.run(SingleThreadEventExecutor.java:897)
	at org.apache.ratis.thirdparty.io.netty.util.concurrent.FastThreadLocalRunnable.run(FastThreadLocalRunnable.java:30)
	... 1 more
Caused by: java.net.ConnectException: Connection refused
	... 11 more
2019-10-17 21:55:16,642 [d6dfcdd7-fc6e-4b51-b91e-b64503dadc5e@group-F967393F7C93-LeaderElection265] INFO  impl.LeaderElection (LogUtils.java:infoOrTrace(149)) -   Exception 1: {}
java.util.concurrent.ExecutionException: org.apache.ratis.thirdparty.io.grpc.StatusRuntimeException: UNAVAILABLE: io exception
	at java.util.concurrent.FutureTask.report(FutureTask.java:122)
	at java.util.concurrent.FutureTask.get(FutureTask.java:192)
	at org.apache.ratis.server.impl.LeaderElection.waitForResults(LeaderElection.java:259)
	at org.apache.ratis.server.impl.LeaderElection.askForVotes(LeaderElection.java:197)
	at org.apache.ratis.server.impl.LeaderElection.run(LeaderElection.java:133)
	at java.lang.Thread.run(Thread.java:748)
Caused by: org.apache.ratis.thirdparty.io.grpc.StatusRuntimeException: UNAVAILABLE: io exception
	at org.apache.ratis.thirdparty.io.grpc.stub.ClientCalls.toStatusRuntimeException(ClientCalls.java:233)
	at org.apache.ratis.thirdparty.io.grpc.stub.ClientCalls.getUnchecked(ClientCalls.java:214)
	at org.apache.ratis.thirdparty.io.grpc.stub.ClientCalls.blockingUnaryCall(ClientCalls.java:139)
	at org.apache.ratis.proto.grpc.RaftServerProtocolServiceGrpc$RaftServerProtocolServiceBlockingStub.requestVote(RaftServerProtocolServiceGrpc.java:265)
	at org.apache.ratis.grpc.server.GrpcServerProtocolClient.requestVote(GrpcServerProtocolClient.java:99)
	at org.apache.ratis.grpc.server.GrpcService.requestVote(GrpcService.java:204)
	at org.apache.ratis.server.impl.LeaderElection.lambda$submitRequests$1(LeaderElection.java:234)
	at java.util.concurrent.FutureTask.run(FutureTask.java:266)
	at java.util.concurrent.Executors$RunnableAdapter.call(Executors.java:511)
	at java.util.concurrent.FutureTask.run(FutureTask.java:266)
	at java.util.concurrent.ThreadPoolExecutor.runWorker(ThreadPoolExecutor.java:1149)
	at java.util.concurrent.ThreadPoolExecutor$Worker.run(ThreadPoolExecutor.java:624)
	... 1 more
Caused by: org.apache.ratis.thirdparty.io.netty.channel.AbstractChannel$AnnotatedConnectException: Connection refused: /192.168.157.223:42172
	at sun.nio.ch.SocketChannelImpl.checkConnect(Native Method)
	at sun.nio.ch.SocketChannelImpl.finishConnect(SocketChannelImpl.java:717)
	at org.apache.ratis.thirdparty.io.netty.channel.socket.nio.NioSocketChannel.doFinishConnect(NioSocketChannel.java:327)
	at org.apache.ratis.thirdparty.io.netty.channel.nio.AbstractNioChannel$AbstractNioUnsafe.finishConnect(AbstractNioChannel.java:340)
	at org.apache.ratis.thirdparty.io.netty.channel.nio.NioEventLoop.processSelectedKey(NioEventLoop.java:632)
	at org.apache.ratis.thirdparty.io.netty.channel.nio.NioEventLoop.processSelectedKeysOptimized(NioEventLoop.java:579)
	at org.apache.ratis.thirdparty.io.netty.channel.nio.NioEventLoop.processSelectedKeys(NioEventLoop.java:496)
	at org.apache.ratis.thirdparty.io.netty.channel.nio.NioEventLoop.run(NioEventLoop.java:458)
	at org.apache.ratis.thirdparty.io.netty.util.concurrent.SingleThreadEventExecutor$5.run(SingleThreadEventExecutor.java:897)
	at org.apache.ratis.thirdparty.io.netty.util.concurrent.FastThreadLocalRunnable.run(FastThreadLocalRunnable.java:30)
	... 1 more
Caused by: java.net.ConnectException: Connection refused
	... 11 more
2019-10-17 21:55:16,643 [d6dfcdd7-fc6e-4b51-b91e-b64503dadc5e@group-F967393F7C93-LeaderElection265] INFO  impl.RaftServerImpl (RaftServerImpl.java:setRole(184)) - d6dfcdd7-fc6e-4b51-b91e-b64503dadc5e@group-F967393F7C93: changes role from CANDIDATE to FOLLOWER at term 268 for DISCOVERED_A_NEW_TERM
2019-10-17 21:55:16,643 [d6dfcdd7-fc6e-4b51-b91e-b64503dadc5e@group-F967393F7C93-LeaderElection265] INFO  impl.RoleInfo (RoleInfo.java:shutdownLeaderElection(134)) - d6dfcdd7-fc6e-4b51-b91e-b64503dadc5e: shutdown LeaderElection
2019-10-17 21:55:16,643 [d6dfcdd7-fc6e-4b51-b91e-b64503dadc5e@group-F967393F7C93-LeaderElection265] INFO  impl.RoleInfo (RoleInfo.java:updateAndGet(143)) - d6dfcdd7-fc6e-4b51-b91e-b64503dadc5e: start FollowerState
2019-10-17 21:55:16,646 [Thread-2238] INFO  impl.FollowerState (FollowerState.java:run(108)) - d6dfcdd7-fc6e-4b51-b91e-b64503dadc5e@group-F967393F7C93-FollowerState: change to CANDIDATE, lastRpcTime:3ms, electionTimeout:3ms
2019-10-17 21:55:16,646 [Thread-2238] INFO  impl.RoleInfo (RoleInfo.java:shutdownFollowerState(121)) - d6dfcdd7-fc6e-4b51-b91e-b64503dadc5e: shutdown FollowerState
2019-10-17 21:55:16,646 [Thread-2238] INFO  impl.RaftServerImpl (RaftServerImpl.java:setRole(184)) - d6dfcdd7-fc6e-4b51-b91e-b64503dadc5e@group-F967393F7C93: changes role from  FOLLOWER to CANDIDATE at term 268 for changeToCandidate
2019-10-17 21:55:16,646 [Thread-2238] INFO  impl.RoleInfo (RoleInfo.java:updateAndGet(143)) - d6dfcdd7-fc6e-4b51-b91e-b64503dadc5e: start LeaderElection
2019-10-17 21:55:16,670 [d6dfcdd7-fc6e-4b51-b91e-b64503dadc5e@group-F967393F7C93-LeaderElection266] INFO  impl.LeaderElection (LeaderElection.java:askForVotes(178)) - d6dfcdd7-fc6e-4b51-b91e-b64503dadc5e@group-F967393F7C93-LeaderElection266: begin an election at term 269 for -1: [08d4cbaa-ffed-4411-a5fd-c4a38026aead:192.168.157.223:33910, da15dfee-23f0-4dc4-ad77-c00156c49cfa:192.168.157.223:42172, d6dfcdd7-fc6e-4b51-b91e-b64503dadc5e:192.168.157.223:43575], old=null
2019-10-17 21:55:16,671 [d6dfcdd7-fc6e-4b51-b91e-b64503dadc5e@group-F967393F7C93-LeaderElection266] INFO  impl.LeaderElection (LogUtils.java:infoOrTrace(149)) - d6dfcdd7-fc6e-4b51-b91e-b64503dadc5e@group-F967393F7C93-LeaderElection266 got exception when requesting votes: {}
java.util.concurrent.ExecutionException: org.apache.ratis.thirdparty.io.grpc.StatusRuntimeException: UNAVAILABLE: io exception
	at java.util.concurrent.FutureTask.report(FutureTask.java:122)
	at java.util.concurrent.FutureTask.get(FutureTask.java:192)
	at org.apache.ratis.server.impl.LeaderElection.waitForResults(LeaderElection.java:259)
	at org.apache.ratis.server.impl.LeaderElection.askForVotes(LeaderElection.java:197)
	at org.apache.ratis.server.impl.LeaderElection.run(LeaderElection.java:133)
	at java.lang.Thread.run(Thread.java:748)
Caused by: org.apache.ratis.thirdparty.io.grpc.StatusRuntimeException: UNAVAILABLE: io exception
	at org.apache.ratis.thirdparty.io.grpc.stub.ClientCalls.toStatusRuntimeException(ClientCalls.java:233)
	at org.apache.ratis.thirdparty.io.grpc.stub.ClientCalls.getUnchecked(ClientCalls.java:214)
	at org.apache.ratis.thirdparty.io.grpc.stub.ClientCalls.blockingUnaryCall(ClientCalls.java:139)
	at org.apache.ratis.proto.grpc.RaftServerProtocolServiceGrpc$RaftServerProtocolServiceBlockingStub.requestVote(RaftServerProtocolServiceGrpc.java:265)
	at org.apache.ratis.grpc.server.GrpcServerProtocolClient.requestVote(GrpcServerProtocolClient.java:99)
	at org.apache.ratis.grpc.server.GrpcService.requestVote(GrpcService.java:204)
	at org.apache.ratis.server.impl.LeaderElection.lambda$submitRequests$1(LeaderElection.java:234)
	at java.util.concurrent.FutureTask.run(FutureTask.java:266)
	at java.util.concurrent.Executors$RunnableAdapter.call(Executors.java:511)
	at java.util.concurrent.FutureTask.run(FutureTask.java:266)
	at java.util.concurrent.ThreadPoolExecutor.runWorker(ThreadPoolExecutor.java:1149)
	at java.util.concurrent.ThreadPoolExecutor$Worker.run(ThreadPoolExecutor.java:624)
	... 1 more
Caused by: org.apache.ratis.thirdparty.io.netty.channel.AbstractChannel$AnnotatedConnectException: Connection refused: /192.168.157.223:33910
	at sun.nio.ch.SocketChannelImpl.checkConnect(Native Method)
	at sun.nio.ch.SocketChannelImpl.finishConnect(SocketChannelImpl.java:717)
	at org.apache.ratis.thirdparty.io.netty.channel.socket.nio.NioSocketChannel.doFinishConnect(NioSocketChannel.java:327)
	at org.apache.ratis.thirdparty.io.netty.channel.nio.AbstractNioChannel$AbstractNioUnsafe.finishConnect(AbstractNioChannel.java:340)
	at org.apache.ratis.thirdparty.io.netty.channel.nio.NioEventLoop.processSelectedKey(NioEventLoop.java:632)
	at org.apache.ratis.thirdparty.io.netty.channel.nio.NioEventLoop.processSelectedKeysOptimized(NioEventLoop.java:579)
	at org.apache.ratis.thirdparty.io.netty.channel.nio.NioEventLoop.processSelectedKeys(NioEventLoop.java:496)
	at org.apache.ratis.thirdparty.io.netty.channel.nio.NioEventLoop.run(NioEventLoop.java:458)
	at org.apache.ratis.thirdparty.io.netty.util.concurrent.SingleThreadEventExecutor$5.run(SingleThreadEventExecutor.java:897)
	at org.apache.ratis.thirdparty.io.netty.util.concurrent.FastThreadLocalRunnable.run(FastThreadLocalRunnable.java:30)
	... 1 more
Caused by: java.net.ConnectException: Connection refused
	... 11 more
2019-10-17 21:55:16,671 [d6dfcdd7-fc6e-4b51-b91e-b64503dadc5e@group-F967393F7C93-LeaderElection266] INFO  impl.LeaderElection (LogUtils.java:infoOrTrace(149)) - d6dfcdd7-fc6e-4b51-b91e-b64503dadc5e@group-F967393F7C93-LeaderElection266 got exception when requesting votes: {}
java.util.concurrent.ExecutionException: org.apache.ratis.thirdparty.io.grpc.StatusRuntimeException: UNAVAILABLE: io exception
	at java.util.concurrent.FutureTask.report(FutureTask.java:122)
	at java.util.concurrent.FutureTask.get(FutureTask.java:192)
	at org.apache.ratis.server.impl.LeaderElection.waitForResults(LeaderElection.java:259)
	at org.apache.ratis.server.impl.LeaderElection.askForVotes(LeaderElection.java:197)
	at org.apache.ratis.server.impl.LeaderElection.run(LeaderElection.java:133)
	at java.lang.Thread.run(Thread.java:748)
Caused by: org.apache.ratis.thirdparty.io.grpc.StatusRuntimeException: UNAVAILABLE: io exception
	at org.apache.ratis.thirdparty.io.grpc.stub.ClientCalls.toStatusRuntimeException(ClientCalls.java:233)
	at org.apache.ratis.thirdparty.io.grpc.stub.ClientCalls.getUnchecked(ClientCalls.java:214)
	at org.apache.ratis.thirdparty.io.grpc.stub.ClientCalls.blockingUnaryCall(ClientCalls.java:139)
	at org.apache.ratis.proto.grpc.RaftServerProtocolServiceGrpc$RaftServerProtocolServiceBlockingStub.requestVote(RaftServerProtocolServiceGrpc.java:265)
	at org.apache.ratis.grpc.server.GrpcServerProtocolClient.requestVote(GrpcServerProtocolClient.java:99)
	at org.apache.ratis.grpc.server.GrpcService.requestVote(GrpcService.java:204)
	at org.apache.ratis.server.impl.LeaderElection.lambda$submitRequests$1(LeaderElection.java:234)
	at java.util.concurrent.FutureTask.run(FutureTask.java:266)
	at java.util.concurrent.Executors$RunnableAdapter.call(Executors.java:511)
	at java.util.concurrent.FutureTask.run(FutureTask.java:266)
	at java.util.concurrent.ThreadPoolExecutor.runWorker(ThreadPoolExecutor.java:1149)
	at java.util.concurrent.ThreadPoolExecutor$Worker.run(ThreadPoolExecutor.java:624)
	... 1 more
Caused by: org.apache.ratis.thirdparty.io.netty.channel.AbstractChannel$AnnotatedConnectException: Connection refused: /192.168.157.223:42172
	at sun.nio.ch.SocketChannelImpl.checkConnect(Native Method)
	at sun.nio.ch.SocketChannelImpl.finishConnect(SocketChannelImpl.java:717)
	at org.apache.ratis.thirdparty.io.netty.channel.socket.nio.NioSocketChannel.doFinishConnect(NioSocketChannel.java:327)
	at org.apache.ratis.thirdparty.io.netty.channel.nio.AbstractNioChannel$AbstractNioUnsafe.finishConnect(AbstractNioChannel.java:340)
	at org.apache.ratis.thirdparty.io.netty.channel.nio.NioEventLoop.processSelectedKey(NioEventLoop.java:632)
	at org.apache.ratis.thirdparty.io.netty.channel.nio.NioEventLoop.processSelectedKeysOptimized(NioEventLoop.java:579)
	at org.apache.ratis.thirdparty.io.netty.channel.nio.NioEventLoop.processSelectedKeys(NioEventLoop.java:496)
	at org.apache.ratis.thirdparty.io.netty.channel.nio.NioEventLoop.run(NioEventLoop.java:458)
	at org.apache.ratis.thirdparty.io.netty.util.concurrent.SingleThreadEventExecutor$5.run(SingleThreadEventExecutor.java:897)
	at org.apache.ratis.thirdparty.io.netty.util.concurrent.FastThreadLocalRunnable.run(FastThreadLocalRunnable.java:30)
	... 1 more
Caused by: java.net.ConnectException: Connection refused
	... 11 more
2019-10-17 21:55:16,672 [d6dfcdd7-fc6e-4b51-b91e-b64503dadc5e@group-F967393F7C93-LeaderElection266] INFO  impl.LeaderElection (LeaderElection.java:logAndReturn(56)) - d6dfcdd7-fc6e-4b51-b91e-b64503dadc5e@group-F967393F7C93-LeaderElection266: Election REJECTED; received 0 response(s) [] and 2 exception(s); d6dfcdd7-fc6e-4b51-b91e-b64503dadc5e@group-F967393F7C93:t269, leader=null, voted=d6dfcdd7-fc6e-4b51-b91e-b64503dadc5e, raftlog=d6dfcdd7-fc6e-4b51-b91e-b64503dadc5e@group-F967393F7C93-SegmentedRaftLog:OPENED:c-1,f-1,i0, conf=-1: [08d4cbaa-ffed-4411-a5fd-c4a38026aead:192.168.157.223:33910, da15dfee-23f0-4dc4-ad77-c00156c49cfa:192.168.157.223:42172, d6dfcdd7-fc6e-4b51-b91e-b64503dadc5e:192.168.157.223:43575], old=null
2019-10-17 21:55:16,672 [d6dfcdd7-fc6e-4b51-b91e-b64503dadc5e@group-F967393F7C93-LeaderElection266] INFO  impl.LeaderElection (LogUtils.java:infoOrTrace(149)) -   Exception 0: {}
java.util.concurrent.ExecutionException: org.apache.ratis.thirdparty.io.grpc.StatusRuntimeException: UNAVAILABLE: io exception
	at java.util.concurrent.FutureTask.report(FutureTask.java:122)
	at java.util.concurrent.FutureTask.get(FutureTask.java:192)
	at org.apache.ratis.server.impl.LeaderElection.waitForResults(LeaderElection.java:259)
	at org.apache.ratis.server.impl.LeaderElection.askForVotes(LeaderElection.java:197)
	at org.apache.ratis.server.impl.LeaderElection.run(LeaderElection.java:133)
	at java.lang.Thread.run(Thread.java:748)
Caused by: org.apache.ratis.thirdparty.io.grpc.StatusRuntimeException: UNAVAILABLE: io exception
	at org.apache.ratis.thirdparty.io.grpc.stub.ClientCalls.toStatusRuntimeException(ClientCalls.java:233)
	at org.apache.ratis.thirdparty.io.grpc.stub.ClientCalls.getUnchecked(ClientCalls.java:214)
	at org.apache.ratis.thirdparty.io.grpc.stub.ClientCalls.blockingUnaryCall(ClientCalls.java:139)
	at org.apache.ratis.proto.grpc.RaftServerProtocolServiceGrpc$RaftServerProtocolServiceBlockingStub.requestVote(RaftServerProtocolServiceGrpc.java:265)
	at org.apache.ratis.grpc.server.GrpcServerProtocolClient.requestVote(GrpcServerProtocolClient.java:99)
	at org.apache.ratis.grpc.server.GrpcService.requestVote(GrpcService.java:204)
	at org.apache.ratis.server.impl.LeaderElection.lambda$submitRequests$1(LeaderElection.java:234)
	at java.util.concurrent.FutureTask.run(FutureTask.java:266)
	at java.util.concurrent.Executors$RunnableAdapter.call(Executors.java:511)
	at java.util.concurrent.FutureTask.run(FutureTask.java:266)
	at java.util.concurrent.ThreadPoolExecutor.runWorker(ThreadPoolExecutor.java:1149)
	at java.util.concurrent.ThreadPoolExecutor$Worker.run(ThreadPoolExecutor.java:624)
	... 1 more
Caused by: org.apache.ratis.thirdparty.io.netty.channel.AbstractChannel$AnnotatedConnectException: Connection refused: /192.168.157.223:33910
	at sun.nio.ch.SocketChannelImpl.checkConnect(Native Method)
	at sun.nio.ch.SocketChannelImpl.finishConnect(SocketChannelImpl.java:717)
	at org.apache.ratis.thirdparty.io.netty.channel.socket.nio.NioSocketChannel.doFinishConnect(NioSocketChannel.java:327)
	at org.apache.ratis.thirdparty.io.netty.channel.nio.AbstractNioChannel$AbstractNioUnsafe.finishConnect(AbstractNioChannel.java:340)
	at org.apache.ratis.thirdparty.io.netty.channel.nio.NioEventLoop.processSelectedKey(NioEventLoop.java:632)
	at org.apache.ratis.thirdparty.io.netty.channel.nio.NioEventLoop.processSelectedKeysOptimized(NioEventLoop.java:579)
	at org.apache.ratis.thirdparty.io.netty.channel.nio.NioEventLoop.processSelectedKeys(NioEventLoop.java:496)
	at org.apache.ratis.thirdparty.io.netty.channel.nio.NioEventLoop.run(NioEventLoop.java:458)
	at org.apache.ratis.thirdparty.io.netty.util.concurrent.SingleThreadEventExecutor$5.run(SingleThreadEventExecutor.java:897)
	at org.apache.ratis.thirdparty.io.netty.util.concurrent.FastThreadLocalRunnable.run(FastThreadLocalRunnable.java:30)
	... 1 more
Caused by: java.net.ConnectException: Connection refused
	... 11 more
2019-10-17 21:55:16,673 [d6dfcdd7-fc6e-4b51-b91e-b64503dadc5e@group-F967393F7C93-LeaderElection266] INFO  impl.LeaderElection (LogUtils.java:infoOrTrace(149)) -   Exception 1: {}
java.util.concurrent.ExecutionException: org.apache.ratis.thirdparty.io.grpc.StatusRuntimeException: UNAVAILABLE: io exception
	at java.util.concurrent.FutureTask.report(FutureTask.java:122)
	at java.util.concurrent.FutureTask.get(FutureTask.java:192)
	at org.apache.ratis.server.impl.LeaderElection.waitForResults(LeaderElection.java:259)
	at org.apache.ratis.server.impl.LeaderElection.askForVotes(LeaderElection.java:197)
	at org.apache.ratis.server.impl.LeaderElection.run(LeaderElection.java:133)
	at java.lang.Thread.run(Thread.java:748)
Caused by: org.apache.ratis.thirdparty.io.grpc.StatusRuntimeException: UNAVAILABLE: io exception
	at org.apache.ratis.thirdparty.io.grpc.stub.ClientCalls.toStatusRuntimeException(ClientCalls.java:233)
	at org.apache.ratis.thirdparty.io.grpc.stub.ClientCalls.getUnchecked(ClientCalls.java:214)
	at org.apache.ratis.thirdparty.io.grpc.stub.ClientCalls.blockingUnaryCall(ClientCalls.java:139)
	at org.apache.ratis.proto.grpc.RaftServerProtocolServiceGrpc$RaftServerProtocolServiceBlockingStub.requestVote(RaftServerProtocolServiceGrpc.java:265)
	at org.apache.ratis.grpc.server.GrpcServerProtocolClient.requestVote(GrpcServerProtocolClient.java:99)
	at org.apache.ratis.grpc.server.GrpcService.requestVote(GrpcService.java:204)
	at org.apache.ratis.server.impl.LeaderElection.lambda$submitRequests$1(LeaderElection.java:234)
	at java.util.concurrent.FutureTask.run(FutureTask.java:266)
	at java.util.concurrent.Executors$RunnableAdapter.call(Executors.java:511)
	at java.util.concurrent.FutureTask.run(FutureTask.java:266)
	at java.util.concurrent.ThreadPoolExecutor.runWorker(ThreadPoolExecutor.java:1149)
	at java.util.concurrent.ThreadPoolExecutor$Worker.run(ThreadPoolExecutor.java:624)
	... 1 more
Caused by: org.apache.ratis.thirdparty.io.netty.channel.AbstractChannel$AnnotatedConnectException: Connection refused: /192.168.157.223:42172
	at sun.nio.ch.SocketChannelImpl.checkConnect(Native Method)
	at sun.nio.ch.SocketChannelImpl.finishConnect(SocketChannelImpl.java:717)
	at org.apache.ratis.thirdparty.io.netty.channel.socket.nio.NioSocketChannel.doFinishConnect(NioSocketChannel.java:327)
	at org.apache.ratis.thirdparty.io.netty.channel.nio.AbstractNioChannel$AbstractNioUnsafe.finishConnect(AbstractNioChannel.java:340)
	at org.apache.ratis.thirdparty.io.netty.channel.nio.NioEventLoop.processSelectedKey(NioEventLoop.java:632)
	at org.apache.ratis.thirdparty.io.netty.channel.nio.NioEventLoop.processSelectedKeysOptimized(NioEventLoop.java:579)
	at org.apache.ratis.thirdparty.io.netty.channel.nio.NioEventLoop.processSelectedKeys(NioEventLoop.java:496)
	at org.apache.ratis.thirdparty.io.netty.channel.nio.NioEventLoop.run(NioEventLoop.java:458)
	at org.apache.ratis.thirdparty.io.netty.util.concurrent.SingleThreadEventExecutor$5.run(SingleThreadEventExecutor.java:897)
	at org.apache.ratis.thirdparty.io.netty.util.concurrent.FastThreadLocalRunnable.run(FastThreadLocalRunnable.java:30)
	... 1 more
Caused by: java.net.ConnectException: Connection refused
	... 11 more
2019-10-17 21:55:16,673 [d6dfcdd7-fc6e-4b51-b91e-b64503dadc5e@group-F967393F7C93-LeaderElection266] INFO  impl.RaftServerImpl (RaftServerImpl.java:setRole(184)) - d6dfcdd7-fc6e-4b51-b91e-b64503dadc5e@group-F967393F7C93: changes role from CANDIDATE to FOLLOWER at term 269 for DISCOVERED_A_NEW_TERM
2019-10-17 21:55:16,673 [d6dfcdd7-fc6e-4b51-b91e-b64503dadc5e@group-F967393F7C93-LeaderElection266] INFO  impl.RoleInfo (RoleInfo.java:shutdownLeaderElection(134)) - d6dfcdd7-fc6e-4b51-b91e-b64503dadc5e: shutdown LeaderElection
2019-10-17 21:55:16,674 [d6dfcdd7-fc6e-4b51-b91e-b64503dadc5e@group-F967393F7C93-LeaderElection266] INFO  impl.RoleInfo (RoleInfo.java:updateAndGet(143)) - d6dfcdd7-fc6e-4b51-b91e-b64503dadc5e: start FollowerState
2019-10-17 21:55:16,694 [Thread-2242] INFO  impl.FollowerState (FollowerState.java:run(108)) - d6dfcdd7-fc6e-4b51-b91e-b64503dadc5e@group-F967393F7C93-FollowerState: change to CANDIDATE, lastRpcTime:20ms, electionTimeout:20ms
2019-10-17 21:55:16,694 [Thread-2242] INFO  impl.RoleInfo (RoleInfo.java:shutdownFollowerState(121)) - d6dfcdd7-fc6e-4b51-b91e-b64503dadc5e: shutdown FollowerState
2019-10-17 21:55:16,694 [Thread-2242] INFO  impl.RaftServerImpl (RaftServerImpl.java:setRole(184)) - d6dfcdd7-fc6e-4b51-b91e-b64503dadc5e@group-F967393F7C93: changes role from  FOLLOWER to CANDIDATE at term 269 for changeToCandidate
2019-10-17 21:55:16,694 [Thread-2242] INFO  impl.RoleInfo (RoleInfo.java:updateAndGet(143)) - d6dfcdd7-fc6e-4b51-b91e-b64503dadc5e: start LeaderElection
2019-10-17 21:55:16,708 [d6dfcdd7-fc6e-4b51-b91e-b64503dadc5e@group-F967393F7C93-LeaderElection267] INFO  impl.LeaderElection (LeaderElection.java:askForVotes(178)) - d6dfcdd7-fc6e-4b51-b91e-b64503dadc5e@group-F967393F7C93-LeaderElection267: begin an election at term 270 for -1: [08d4cbaa-ffed-4411-a5fd-c4a38026aead:192.168.157.223:33910, da15dfee-23f0-4dc4-ad77-c00156c49cfa:192.168.157.223:42172, d6dfcdd7-fc6e-4b51-b91e-b64503dadc5e:192.168.157.223:43575], old=null
2019-10-17 21:55:16,709 [d6dfcdd7-fc6e-4b51-b91e-b64503dadc5e@group-F967393F7C93-LeaderElection267] INFO  impl.LeaderElection (LogUtils.java:infoOrTrace(149)) - d6dfcdd7-fc6e-4b51-b91e-b64503dadc5e@group-F967393F7C93-LeaderElection267 got exception when requesting votes: {}
java.util.concurrent.ExecutionException: org.apache.ratis.thirdparty.io.grpc.StatusRuntimeException: UNAVAILABLE: io exception
	at java.util.concurrent.FutureTask.report(FutureTask.java:122)
	at java.util.concurrent.FutureTask.get(FutureTask.java:192)
	at org.apache.ratis.server.impl.LeaderElection.waitForResults(LeaderElection.java:259)
	at org.apache.ratis.server.impl.LeaderElection.askForVotes(LeaderElection.java:197)
	at org.apache.ratis.server.impl.LeaderElection.run(LeaderElection.java:133)
	at java.lang.Thread.run(Thread.java:748)
Caused by: org.apache.ratis.thirdparty.io.grpc.StatusRuntimeException: UNAVAILABLE: io exception
	at org.apache.ratis.thirdparty.io.grpc.stub.ClientCalls.toStatusRuntimeException(ClientCalls.java:233)
	at org.apache.ratis.thirdparty.io.grpc.stub.ClientCalls.getUnchecked(ClientCalls.java:214)
	at org.apache.ratis.thirdparty.io.grpc.stub.ClientCalls.blockingUnaryCall(ClientCalls.java:139)
	at org.apache.ratis.proto.grpc.RaftServerProtocolServiceGrpc$RaftServerProtocolServiceBlockingStub.requestVote(RaftServerProtocolServiceGrpc.java:265)
	at org.apache.ratis.grpc.server.GrpcServerProtocolClient.requestVote(GrpcServerProtocolClient.java:99)
	at org.apache.ratis.grpc.server.GrpcService.requestVote(GrpcService.java:204)
	at org.apache.ratis.server.impl.LeaderElection.lambda$submitRequests$1(LeaderElection.java:234)
	at java.util.concurrent.FutureTask.run(FutureTask.java:266)
	at java.util.concurrent.Executors$RunnableAdapter.call(Executors.java:511)
	at java.util.concurrent.FutureTask.run(FutureTask.java:266)
	at java.util.concurrent.ThreadPoolExecutor.runWorker(ThreadPoolExecutor.java:1149)
	at java.util.concurrent.ThreadPoolExecutor$Worker.run(ThreadPoolExecutor.java:624)
	... 1 more
Caused by: org.apache.ratis.thirdparty.io.netty.channel.AbstractChannel$AnnotatedConnectException: Connection refused: /192.168.157.223:33910
	at sun.nio.ch.SocketChannelImpl.checkConnect(Native Method)
	at sun.nio.ch.SocketChannelImpl.finishConnect(SocketChannelImpl.java:717)
	at org.apache.ratis.thirdparty.io.netty.channel.socket.nio.NioSocketChannel.doFinishConnect(NioSocketChannel.java:327)
	at org.apache.ratis.thirdparty.io.netty.channel.nio.AbstractNioChannel$AbstractNioUnsafe.finishConnect(AbstractNioChannel.java:340)
	at org.apache.ratis.thirdparty.io.netty.channel.nio.NioEventLoop.processSelectedKey(NioEventLoop.java:632)
	at org.apache.ratis.thirdparty.io.netty.channel.nio.NioEventLoop.processSelectedKeysOptimized(NioEventLoop.java:579)
	at org.apache.ratis.thirdparty.io.netty.channel.nio.NioEventLoop.processSelectedKeys(NioEventLoop.java:496)
	at org.apache.ratis.thirdparty.io.netty.channel.nio.NioEventLoop.run(NioEventLoop.java:458)
	at org.apache.ratis.thirdparty.io.netty.util.concurrent.SingleThreadEventExecutor$5.run(SingleThreadEventExecutor.java:897)
	at org.apache.ratis.thirdparty.io.netty.util.concurrent.FastThreadLocalRunnable.run(FastThreadLocalRunnable.java:30)
	... 1 more
Caused by: java.net.ConnectException: Connection refused
	... 11 more
2019-10-17 21:55:16,709 [d6dfcdd7-fc6e-4b51-b91e-b64503dadc5e@group-F967393F7C93-LeaderElection267] INFO  impl.LeaderElection (LogUtils.java:infoOrTrace(149)) - d6dfcdd7-fc6e-4b51-b91e-b64503dadc5e@group-F967393F7C93-LeaderElection267 got exception when requesting votes: {}
java.util.concurrent.ExecutionException: org.apache.ratis.thirdparty.io.grpc.StatusRuntimeException: UNAVAILABLE: io exception
	at java.util.concurrent.FutureTask.report(FutureTask.java:122)
	at java.util.concurrent.FutureTask.get(FutureTask.java:192)
	at org.apache.ratis.server.impl.LeaderElection.waitForResults(LeaderElection.java:259)
	at org.apache.ratis.server.impl.LeaderElection.askForVotes(LeaderElection.java:197)
	at org.apache.ratis.server.impl.LeaderElection.run(LeaderElection.java:133)
	at java.lang.Thread.run(Thread.java:748)
Caused by: org.apache.ratis.thirdparty.io.grpc.StatusRuntimeException: UNAVAILABLE: io exception
	at org.apache.ratis.thirdparty.io.grpc.stub.ClientCalls.toStatusRuntimeException(ClientCalls.java:233)
	at org.apache.ratis.thirdparty.io.grpc.stub.ClientCalls.getUnchecked(ClientCalls.java:214)
	at org.apache.ratis.thirdparty.io.grpc.stub.ClientCalls.blockingUnaryCall(ClientCalls.java:139)
	at org.apache.ratis.proto.grpc.RaftServerProtocolServiceGrpc$RaftServerProtocolServiceBlockingStub.requestVote(RaftServerProtocolServiceGrpc.java:265)
	at org.apache.ratis.grpc.server.GrpcServerProtocolClient.requestVote(GrpcServerProtocolClient.java:99)
	at org.apache.ratis.grpc.server.GrpcService.requestVote(GrpcService.java:204)
	at org.apache.ratis.server.impl.LeaderElection.lambda$submitRequests$1(LeaderElection.java:234)
	at java.util.concurrent.FutureTask.run(FutureTask.java:266)
	at java.util.concurrent.Executors$RunnableAdapter.call(Executors.java:511)
	at java.util.concurrent.FutureTask.run(FutureTask.java:266)
	at java.util.concurrent.ThreadPoolExecutor.runWorker(ThreadPoolExecutor.java:1149)
	at java.util.concurrent.ThreadPoolExecutor$Worker.run(ThreadPoolExecutor.java:624)
	... 1 more
Caused by: org.apache.ratis.thirdparty.io.netty.channel.AbstractChannel$AnnotatedConnectException: Connection refused: /192.168.157.223:42172
	at sun.nio.ch.SocketChannelImpl.checkConnect(Native Method)
	at sun.nio.ch.SocketChannelImpl.finishConnect(SocketChannelImpl.java:717)
	at org.apache.ratis.thirdparty.io.netty.channel.socket.nio.NioSocketChannel.doFinishConnect(NioSocketChannel.java:327)
	at org.apache.ratis.thirdparty.io.netty.channel.nio.AbstractNioChannel$AbstractNioUnsafe.finishConnect(AbstractNioChannel.java:340)
	at org.apache.ratis.thirdparty.io.netty.channel.nio.NioEventLoop.processSelectedKey(NioEventLoop.java:632)
	at org.apache.ratis.thirdparty.io.netty.channel.nio.NioEventLoop.processSelectedKeysOptimized(NioEventLoop.java:579)
	at org.apache.ratis.thirdparty.io.netty.channel.nio.NioEventLoop.processSelectedKeys(NioEventLoop.java:496)
	at org.apache.ratis.thirdparty.io.netty.channel.nio.NioEventLoop.run(NioEventLoop.java:458)
	at org.apache.ratis.thirdparty.io.netty.util.concurrent.SingleThreadEventExecutor$5.run(SingleThreadEventExecutor.java:897)
	at org.apache.ratis.thirdparty.io.netty.util.concurrent.FastThreadLocalRunnable.run(FastThreadLocalRunnable.java:30)
	... 1 more
Caused by: java.net.ConnectException: Connection refused
	... 11 more
2019-10-17 21:55:16,710 [d6dfcdd7-fc6e-4b51-b91e-b64503dadc5e@group-F967393F7C93-LeaderElection267] INFO  impl.LeaderElection (LeaderElection.java:logAndReturn(56)) - d6dfcdd7-fc6e-4b51-b91e-b64503dadc5e@group-F967393F7C93-LeaderElection267: Election REJECTED; received 0 response(s) [] and 2 exception(s); d6dfcdd7-fc6e-4b51-b91e-b64503dadc5e@group-F967393F7C93:t270, leader=null, voted=d6dfcdd7-fc6e-4b51-b91e-b64503dadc5e, raftlog=d6dfcdd7-fc6e-4b51-b91e-b64503dadc5e@group-F967393F7C93-SegmentedRaftLog:OPENED:c-1,f-1,i0, conf=-1: [08d4cbaa-ffed-4411-a5fd-c4a38026aead:192.168.157.223:33910, da15dfee-23f0-4dc4-ad77-c00156c49cfa:192.168.157.223:42172, d6dfcdd7-fc6e-4b51-b91e-b64503dadc5e:192.168.157.223:43575], old=null
2019-10-17 21:55:16,710 [d6dfcdd7-fc6e-4b51-b91e-b64503dadc5e@group-F967393F7C93-LeaderElection267] INFO  impl.LeaderElection (LogUtils.java:infoOrTrace(149)) -   Exception 0: {}
java.util.concurrent.ExecutionException: org.apache.ratis.thirdparty.io.grpc.StatusRuntimeException: UNAVAILABLE: io exception
	at java.util.concurrent.FutureTask.report(FutureTask.java:122)
	at java.util.concurrent.FutureTask.get(FutureTask.java:192)
	at org.apache.ratis.server.impl.LeaderElection.waitForResults(LeaderElection.java:259)
	at org.apache.ratis.server.impl.LeaderElection.askForVotes(LeaderElection.java:197)
	at org.apache.ratis.server.impl.LeaderElection.run(LeaderElection.java:133)
	at java.lang.Thread.run(Thread.java:748)
Caused by: org.apache.ratis.thirdparty.io.grpc.StatusRuntimeException: UNAVAILABLE: io exception
	at org.apache.ratis.thirdparty.io.grpc.stub.ClientCalls.toStatusRuntimeException(ClientCalls.java:233)
	at org.apache.ratis.thirdparty.io.grpc.stub.ClientCalls.getUnchecked(ClientCalls.java:214)
	at org.apache.ratis.thirdparty.io.grpc.stub.ClientCalls.blockingUnaryCall(ClientCalls.java:139)
	at org.apache.ratis.proto.grpc.RaftServerProtocolServiceGrpc$RaftServerProtocolServiceBlockingStub.requestVote(RaftServerProtocolServiceGrpc.java:265)
	at org.apache.ratis.grpc.server.GrpcServerProtocolClient.requestVote(GrpcServerProtocolClient.java:99)
	at org.apache.ratis.grpc.server.GrpcService.requestVote(GrpcService.java:204)
	at org.apache.ratis.server.impl.LeaderElection.lambda$submitRequests$1(LeaderElection.java:234)
	at java.util.concurrent.FutureTask.run(FutureTask.java:266)
	at java.util.concurrent.Executors$RunnableAdapter.call(Executors.java:511)
	at java.util.concurrent.FutureTask.run(FutureTask.java:266)
	at java.util.concurrent.ThreadPoolExecutor.runWorker(ThreadPoolExecutor.java:1149)
	at java.util.concurrent.ThreadPoolExecutor$Worker.run(ThreadPoolExecutor.java:624)
	... 1 more
Caused by: org.apache.ratis.thirdparty.io.netty.channel.AbstractChannel$AnnotatedConnectException: Connection refused: /192.168.157.223:33910
	at sun.nio.ch.SocketChannelImpl.checkConnect(Native Method)
	at sun.nio.ch.SocketChannelImpl.finishConnect(SocketChannelImpl.java:717)
	at org.apache.ratis.thirdparty.io.netty.channel.socket.nio.NioSocketChannel.doFinishConnect(NioSocketChannel.java:327)
	at org.apache.ratis.thirdparty.io.netty.channel.nio.AbstractNioChannel$AbstractNioUnsafe.finishConnect(AbstractNioChannel.java:340)
	at org.apache.ratis.thirdparty.io.netty.channel.nio.NioEventLoop.processSelectedKey(NioEventLoop.java:632)
	at org.apache.ratis.thirdparty.io.netty.channel.nio.NioEventLoop.processSelectedKeysOptimized(NioEventLoop.java:579)
	at org.apache.ratis.thirdparty.io.netty.channel.nio.NioEventLoop.processSelectedKeys(NioEventLoop.java:496)
	at org.apache.ratis.thirdparty.io.netty.channel.nio.NioEventLoop.run(NioEventLoop.java:458)
	at org.apache.ratis.thirdparty.io.netty.util.concurrent.SingleThreadEventExecutor$5.run(SingleThreadEventExecutor.java:897)
	at org.apache.ratis.thirdparty.io.netty.util.concurrent.FastThreadLocalRunnable.run(FastThreadLocalRunnable.java:30)
	... 1 more
Caused by: java.net.ConnectException: Connection refused
	... 11 more
2019-10-17 21:55:16,710 [d6dfcdd7-fc6e-4b51-b91e-b64503dadc5e@group-F967393F7C93-LeaderElection267] INFO  impl.LeaderElection (LogUtils.java:infoOrTrace(149)) -   Exception 1: {}
java.util.concurrent.ExecutionException: org.apache.ratis.thirdparty.io.grpc.StatusRuntimeException: UNAVAILABLE: io exception
	at java.util.concurrent.FutureTask.report(FutureTask.java:122)
	at java.util.concurrent.FutureTask.get(FutureTask.java:192)
	at org.apache.ratis.server.impl.LeaderElection.waitForResults(LeaderElection.java:259)
	at org.apache.ratis.server.impl.LeaderElection.askForVotes(LeaderElection.java:197)
	at org.apache.ratis.server.impl.LeaderElection.run(LeaderElection.java:133)
	at java.lang.Thread.run(Thread.java:748)
Caused by: org.apache.ratis.thirdparty.io.grpc.StatusRuntimeException: UNAVAILABLE: io exception
	at org.apache.ratis.thirdparty.io.grpc.stub.ClientCalls.toStatusRuntimeException(ClientCalls.java:233)
	at org.apache.ratis.thirdparty.io.grpc.stub.ClientCalls.getUnchecked(ClientCalls.java:214)
	at org.apache.ratis.thirdparty.io.grpc.stub.ClientCalls.blockingUnaryCall(ClientCalls.java:139)
	at org.apache.ratis.proto.grpc.RaftServerProtocolServiceGrpc$RaftServerProtocolServiceBlockingStub.requestVote(RaftServerProtocolServiceGrpc.java:265)
	at org.apache.ratis.grpc.server.GrpcServerProtocolClient.requestVote(GrpcServerProtocolClient.java:99)
	at org.apache.ratis.grpc.server.GrpcService.requestVote(GrpcService.java:204)
	at org.apache.ratis.server.impl.LeaderElection.lambda$submitRequests$1(LeaderElection.java:234)
	at java.util.concurrent.FutureTask.run(FutureTask.java:266)
	at java.util.concurrent.Executors$RunnableAdapter.call(Executors.java:511)
	at java.util.concurrent.FutureTask.run(FutureTask.java:266)
	at java.util.concurrent.ThreadPoolExecutor.runWorker(ThreadPoolExecutor.java:1149)
	at java.util.concurrent.ThreadPoolExecutor$Worker.run(ThreadPoolExecutor.java:624)
	... 1 more
Caused by: org.apache.ratis.thirdparty.io.netty.channel.AbstractChannel$AnnotatedConnectException: Connection refused: /192.168.157.223:42172
	at sun.nio.ch.SocketChannelImpl.checkConnect(Native Method)
	at sun.nio.ch.SocketChannelImpl.finishConnect(SocketChannelImpl.java:717)
	at org.apache.ratis.thirdparty.io.netty.channel.socket.nio.NioSocketChannel.doFinishConnect(NioSocketChannel.java:327)
	at org.apache.ratis.thirdparty.io.netty.channel.nio.AbstractNioChannel$AbstractNioUnsafe.finishConnect(AbstractNioChannel.java:340)
	at org.apache.ratis.thirdparty.io.netty.channel.nio.NioEventLoop.processSelectedKey(NioEventLoop.java:632)
	at org.apache.ratis.thirdparty.io.netty.channel.nio.NioEventLoop.processSelectedKeysOptimized(NioEventLoop.java:579)
	at org.apache.ratis.thirdparty.io.netty.channel.nio.NioEventLoop.processSelectedKeys(NioEventLoop.java:496)
	at org.apache.ratis.thirdparty.io.netty.channel.nio.NioEventLoop.run(NioEventLoop.java:458)
	at org.apache.ratis.thirdparty.io.netty.util.concurrent.SingleThreadEventExecutor$5.run(SingleThreadEventExecutor.java:897)
	at org.apache.ratis.thirdparty.io.netty.util.concurrent.FastThreadLocalRunnable.run(FastThreadLocalRunnable.java:30)
	... 1 more
Caused by: java.net.ConnectException: Connection refused
	... 11 more
2019-10-17 21:55:16,710 [d6dfcdd7-fc6e-4b51-b91e-b64503dadc5e@group-F967393F7C93-LeaderElection267] INFO  impl.RaftServerImpl (RaftServerImpl.java:setRole(184)) - d6dfcdd7-fc6e-4b51-b91e-b64503dadc5e@group-F967393F7C93: changes role from CANDIDATE to FOLLOWER at term 270 for DISCOVERED_A_NEW_TERM
2019-10-17 21:55:16,710 [d6dfcdd7-fc6e-4b51-b91e-b64503dadc5e@group-F967393F7C93-LeaderElection267] INFO  impl.RoleInfo (RoleInfo.java:shutdownLeaderElection(134)) - d6dfcdd7-fc6e-4b51-b91e-b64503dadc5e: shutdown LeaderElection
2019-10-17 21:55:16,711 [d6dfcdd7-fc6e-4b51-b91e-b64503dadc5e@group-F967393F7C93-LeaderElection267] INFO  impl.RoleInfo (RoleInfo.java:updateAndGet(143)) - d6dfcdd7-fc6e-4b51-b91e-b64503dadc5e: start FollowerState
2019-10-17 21:55:16,781 [java.util.concurrent.ThreadPoolExecutor$Worker@71aa17a1[State = -1, empty queue]] WARN  server.GrpcLogAppender (GrpcLogAppender.java:timeoutAppendRequest(209)) - de567563-d0dd-4cf2-91b7-f72627909699@group-3097D7458558->db0af43e-c62e-4c1d-affa-ffdb4faae2f8-GrpcLogAppender: appendEntries Timeout, request=de567563-d0dd-4cf2-91b7-f72627909699->db0af43e-c62e-4c1d-affa-ffdb4faae2f8#63-t10, previous=(t:10, i:4), leaderCommit=4, initializing? false, entries: <empty>
2019-10-17 21:55:16,814 [Thread-2246] INFO  impl.FollowerState (FollowerState.java:run(108)) - d6dfcdd7-fc6e-4b51-b91e-b64503dadc5e@group-F967393F7C93-FollowerState: change to CANDIDATE, lastRpcTime:103ms, electionTimeout:103ms
2019-10-17 21:55:16,814 [Thread-2246] INFO  impl.RoleInfo (RoleInfo.java:shutdownFollowerState(121)) - d6dfcdd7-fc6e-4b51-b91e-b64503dadc5e: shutdown FollowerState
2019-10-17 21:55:16,814 [Thread-2246] INFO  impl.RaftServerImpl (RaftServerImpl.java:setRole(184)) - d6dfcdd7-fc6e-4b51-b91e-b64503dadc5e@group-F967393F7C93: changes role from  FOLLOWER to CANDIDATE at term 270 for changeToCandidate
2019-10-17 21:55:16,814 [Thread-2246] INFO  impl.RoleInfo (RoleInfo.java:updateAndGet(143)) - d6dfcdd7-fc6e-4b51-b91e-b64503dadc5e: start LeaderElection
2019-10-17 21:55:16,827 [d6dfcdd7-fc6e-4b51-b91e-b64503dadc5e@group-F967393F7C93-LeaderElection268] INFO  impl.LeaderElection (LeaderElection.java:askForVotes(178)) - d6dfcdd7-fc6e-4b51-b91e-b64503dadc5e@group-F967393F7C93-LeaderElection268: begin an election at term 271 for -1: [08d4cbaa-ffed-4411-a5fd-c4a38026aead:192.168.157.223:33910, da15dfee-23f0-4dc4-ad77-c00156c49cfa:192.168.157.223:42172, d6dfcdd7-fc6e-4b51-b91e-b64503dadc5e:192.168.157.223:43575], old=null
2019-10-17 21:55:16,828 [d6dfcdd7-fc6e-4b51-b91e-b64503dadc5e@group-F967393F7C93-LeaderElection268] INFO  impl.LeaderElection (LogUtils.java:infoOrTrace(149)) - d6dfcdd7-fc6e-4b51-b91e-b64503dadc5e@group-F967393F7C93-LeaderElection268 got exception when requesting votes: {}
java.util.concurrent.ExecutionException: org.apache.ratis.thirdparty.io.grpc.StatusRuntimeException: UNAVAILABLE: io exception
	at java.util.concurrent.FutureTask.report(FutureTask.java:122)
	at java.util.concurrent.FutureTask.get(FutureTask.java:192)
	at org.apache.ratis.server.impl.LeaderElection.waitForResults(LeaderElection.java:259)
	at org.apache.ratis.server.impl.LeaderElection.askForVotes(LeaderElection.java:197)
	at org.apache.ratis.server.impl.LeaderElection.run(LeaderElection.java:133)
	at java.lang.Thread.run(Thread.java:748)
Caused by: org.apache.ratis.thirdparty.io.grpc.StatusRuntimeException: UNAVAILABLE: io exception
	at org.apache.ratis.thirdparty.io.grpc.stub.ClientCalls.toStatusRuntimeException(ClientCalls.java:233)
	at org.apache.ratis.thirdparty.io.grpc.stub.ClientCalls.getUnchecked(ClientCalls.java:214)
	at org.apache.ratis.thirdparty.io.grpc.stub.ClientCalls.blockingUnaryCall(ClientCalls.java:139)
	at org.apache.ratis.proto.grpc.RaftServerProtocolServiceGrpc$RaftServerProtocolServiceBlockingStub.requestVote(RaftServerProtocolServiceGrpc.java:265)
	at org.apache.ratis.grpc.server.GrpcServerProtocolClient.requestVote(GrpcServerProtocolClient.java:99)
	at org.apache.ratis.grpc.server.GrpcService.requestVote(GrpcService.java:204)
	at org.apache.ratis.server.impl.LeaderElection.lambda$submitRequests$1(LeaderElection.java:234)
	at java.util.concurrent.FutureTask.run(FutureTask.java:266)
	at java.util.concurrent.Executors$RunnableAdapter.call(Executors.java:511)
	at java.util.concurrent.FutureTask.run(FutureTask.java:266)
	at java.util.concurrent.ThreadPoolExecutor.runWorker(ThreadPoolExecutor.java:1149)
	at java.util.concurrent.ThreadPoolExecutor$Worker.run(ThreadPoolExecutor.java:624)
	... 1 more
Caused by: org.apache.ratis.thirdparty.io.netty.channel.AbstractChannel$AnnotatedConnectException: Connection refused: /192.168.157.223:33910
	at sun.nio.ch.SocketChannelImpl.checkConnect(Native Method)
	at sun.nio.ch.SocketChannelImpl.finishConnect(SocketChannelImpl.java:717)
	at org.apache.ratis.thirdparty.io.netty.channel.socket.nio.NioSocketChannel.doFinishConnect(NioSocketChannel.java:327)
	at org.apache.ratis.thirdparty.io.netty.channel.nio.AbstractNioChannel$AbstractNioUnsafe.finishConnect(AbstractNioChannel.java:340)
	at org.apache.ratis.thirdparty.io.netty.channel.nio.NioEventLoop.processSelectedKey(NioEventLoop.java:632)
	at org.apache.ratis.thirdparty.io.netty.channel.nio.NioEventLoop.processSelectedKeysOptimized(NioEventLoop.java:579)
	at org.apache.ratis.thirdparty.io.netty.channel.nio.NioEventLoop.processSelectedKeys(NioEventLoop.java:496)
	at org.apache.ratis.thirdparty.io.netty.channel.nio.NioEventLoop.run(NioEventLoop.java:458)
	at org.apache.ratis.thirdparty.io.netty.util.concurrent.SingleThreadEventExecutor$5.run(SingleThreadEventExecutor.java:897)
	at org.apache.ratis.thirdparty.io.netty.util.concurrent.FastThreadLocalRunnable.run(FastThreadLocalRunnable.java:30)
	... 1 more
Caused by: java.net.ConnectException: Connection refused
	... 11 more
2019-10-17 21:55:16,829 [d6dfcdd7-fc6e-4b51-b91e-b64503dadc5e@group-F967393F7C93-LeaderElection268] INFO  impl.LeaderElection (LogUtils.java:infoOrTrace(149)) - d6dfcdd7-fc6e-4b51-b91e-b64503dadc5e@group-F967393F7C93-LeaderElection268 got exception when requesting votes: {}
java.util.concurrent.ExecutionException: org.apache.ratis.thirdparty.io.grpc.StatusRuntimeException: UNAVAILABLE: io exception
	at java.util.concurrent.FutureTask.report(FutureTask.java:122)
	at java.util.concurrent.FutureTask.get(FutureTask.java:192)
	at org.apache.ratis.server.impl.LeaderElection.waitForResults(LeaderElection.java:259)
	at org.apache.ratis.server.impl.LeaderElection.askForVotes(LeaderElection.java:197)
	at org.apache.ratis.server.impl.LeaderElection.run(LeaderElection.java:133)
	at java.lang.Thread.run(Thread.java:748)
Caused by: org.apache.ratis.thirdparty.io.grpc.StatusRuntimeException: UNAVAILABLE: io exception
	at org.apache.ratis.thirdparty.io.grpc.stub.ClientCalls.toStatusRuntimeException(ClientCalls.java:233)
	at org.apache.ratis.thirdparty.io.grpc.stub.ClientCalls.getUnchecked(ClientCalls.java:214)
	at org.apache.ratis.thirdparty.io.grpc.stub.ClientCalls.blockingUnaryCall(ClientCalls.java:139)
	at org.apache.ratis.proto.grpc.RaftServerProtocolServiceGrpc$RaftServerProtocolServiceBlockingStub.requestVote(RaftServerProtocolServiceGrpc.java:265)
	at org.apache.ratis.grpc.server.GrpcServerProtocolClient.requestVote(GrpcServerProtocolClient.java:99)
	at org.apache.ratis.grpc.server.GrpcService.requestVote(GrpcService.java:204)
	at org.apache.ratis.server.impl.LeaderElection.lambda$submitRequests$1(LeaderElection.java:234)
	at java.util.concurrent.FutureTask.run(FutureTask.java:266)
	at java.util.concurrent.Executors$RunnableAdapter.call(Executors.java:511)
	at java.util.concurrent.FutureTask.run(FutureTask.java:266)
	at java.util.concurrent.ThreadPoolExecutor.runWorker(ThreadPoolExecutor.java:1149)
	at java.util.concurrent.ThreadPoolExecutor$Worker.run(ThreadPoolExecutor.java:624)
	... 1 more
Caused by: org.apache.ratis.thirdparty.io.netty.channel.AbstractChannel$AnnotatedConnectException: Connection refused: /192.168.157.223:42172
	at sun.nio.ch.SocketChannelImpl.checkConnect(Native Method)
	at sun.nio.ch.SocketChannelImpl.finishConnect(SocketChannelImpl.java:717)
	at org.apache.ratis.thirdparty.io.netty.channel.socket.nio.NioSocketChannel.doFinishConnect(NioSocketChannel.java:327)
	at org.apache.ratis.thirdparty.io.netty.channel.nio.AbstractNioChannel$AbstractNioUnsafe.finishConnect(AbstractNioChannel.java:340)
	at org.apache.ratis.thirdparty.io.netty.channel.nio.NioEventLoop.processSelectedKey(NioEventLoop.java:632)
	at org.apache.ratis.thirdparty.io.netty.channel.nio.NioEventLoop.processSelectedKeysOptimized(NioEventLoop.java:579)
	at org.apache.ratis.thirdparty.io.netty.channel.nio.NioEventLoop.processSelectedKeys(NioEventLoop.java:496)
	at org.apache.ratis.thirdparty.io.netty.channel.nio.NioEventLoop.run(NioEventLoop.java:458)
	at org.apache.ratis.thirdparty.io.netty.util.concurrent.SingleThreadEventExecutor$5.run(SingleThreadEventExecutor.java:897)
	at org.apache.ratis.thirdparty.io.netty.util.concurrent.FastThreadLocalRunnable.run(FastThreadLocalRunnable.java:30)
	... 1 more
Caused by: java.net.ConnectException: Connection refused
	... 11 more
2019-10-17 21:55:16,829 [d6dfcdd7-fc6e-4b51-b91e-b64503dadc5e@group-F967393F7C93-LeaderElection268] INFO  impl.LeaderElection (LeaderElection.java:logAndReturn(56)) - d6dfcdd7-fc6e-4b51-b91e-b64503dadc5e@group-F967393F7C93-LeaderElection268: Election REJECTED; received 0 response(s) [] and 2 exception(s); d6dfcdd7-fc6e-4b51-b91e-b64503dadc5e@group-F967393F7C93:t271, leader=null, voted=d6dfcdd7-fc6e-4b51-b91e-b64503dadc5e, raftlog=d6dfcdd7-fc6e-4b51-b91e-b64503dadc5e@group-F967393F7C93-SegmentedRaftLog:OPENED:c-1,f-1,i0, conf=-1: [08d4cbaa-ffed-4411-a5fd-c4a38026aead:192.168.157.223:33910, da15dfee-23f0-4dc4-ad77-c00156c49cfa:192.168.157.223:42172, d6dfcdd7-fc6e-4b51-b91e-b64503dadc5e:192.168.157.223:43575], old=null
2019-10-17 21:55:16,829 [d6dfcdd7-fc6e-4b51-b91e-b64503dadc5e@group-F967393F7C93-LeaderElection268] INFO  impl.LeaderElection (LogUtils.java:infoOrTrace(149)) -   Exception 0: {}
java.util.concurrent.ExecutionException: org.apache.ratis.thirdparty.io.grpc.StatusRuntimeException: UNAVAILABLE: io exception
	at java.util.concurrent.FutureTask.report(FutureTask.java:122)
	at java.util.concurrent.FutureTask.get(FutureTask.java:192)
	at org.apache.ratis.server.impl.LeaderElection.waitForResults(LeaderElection.java:259)
	at org.apache.ratis.server.impl.LeaderElection.askForVotes(LeaderElection.java:197)
	at org.apache.ratis.server.impl.LeaderElection.run(LeaderElection.java:133)
	at java.lang.Thread.run(Thread.java:748)
Caused by: org.apache.ratis.thirdparty.io.grpc.StatusRuntimeException: UNAVAILABLE: io exception
	at org.apache.ratis.thirdparty.io.grpc.stub.ClientCalls.toStatusRuntimeException(ClientCalls.java:233)
	at org.apache.ratis.thirdparty.io.grpc.stub.ClientCalls.getUnchecked(ClientCalls.java:214)
	at org.apache.ratis.thirdparty.io.grpc.stub.ClientCalls.blockingUnaryCall(ClientCalls.java:139)
	at org.apache.ratis.proto.grpc.RaftServerProtocolServiceGrpc$RaftServerProtocolServiceBlockingStub.requestVote(RaftServerProtocolServiceGrpc.java:265)
	at org.apache.ratis.grpc.server.GrpcServerProtocolClient.requestVote(GrpcServerProtocolClient.java:99)
	at org.apache.ratis.grpc.server.GrpcService.requestVote(GrpcService.java:204)
	at org.apache.ratis.server.impl.LeaderElection.lambda$submitRequests$1(LeaderElection.java:234)
	at java.util.concurrent.FutureTask.run(FutureTask.java:266)
	at java.util.concurrent.Executors$RunnableAdapter.call(Executors.java:511)
	at java.util.concurrent.FutureTask.run(FutureTask.java:266)
	at java.util.concurrent.ThreadPoolExecutor.runWorker(ThreadPoolExecutor.java:1149)
	at java.util.concurrent.ThreadPoolExecutor$Worker.run(ThreadPoolExecutor.java:624)
	... 1 more
Caused by: org.apache.ratis.thirdparty.io.netty.channel.AbstractChannel$AnnotatedConnectException: Connection refused: /192.168.157.223:33910
	at sun.nio.ch.SocketChannelImpl.checkConnect(Native Method)
	at sun.nio.ch.SocketChannelImpl.finishConnect(SocketChannelImpl.java:717)
	at org.apache.ratis.thirdparty.io.netty.channel.socket.nio.NioSocketChannel.doFinishConnect(NioSocketChannel.java:327)
	at org.apache.ratis.thirdparty.io.netty.channel.nio.AbstractNioChannel$AbstractNioUnsafe.finishConnect(AbstractNioChannel.java:340)
	at org.apache.ratis.thirdparty.io.netty.channel.nio.NioEventLoop.processSelectedKey(NioEventLoop.java:632)
	at org.apache.ratis.thirdparty.io.netty.channel.nio.NioEventLoop.processSelectedKeysOptimized(NioEventLoop.java:579)
	at org.apache.ratis.thirdparty.io.netty.channel.nio.NioEventLoop.processSelectedKeys(NioEventLoop.java:496)
	at org.apache.ratis.thirdparty.io.netty.channel.nio.NioEventLoop.run(NioEventLoop.java:458)
	at org.apache.ratis.thirdparty.io.netty.util.concurrent.SingleThreadEventExecutor$5.run(SingleThreadEventExecutor.java:897)
	at org.apache.ratis.thirdparty.io.netty.util.concurrent.FastThreadLocalRunnable.run(FastThreadLocalRunnable.java:30)
	... 1 more
Caused by: java.net.ConnectException: Connection refused
	... 11 more
2019-10-17 21:55:16,829 [d6dfcdd7-fc6e-4b51-b91e-b64503dadc5e@group-F967393F7C93-LeaderElection268] INFO  impl.LeaderElection (LogUtils.java:infoOrTrace(149)) -   Exception 1: {}
java.util.concurrent.ExecutionException: org.apache.ratis.thirdparty.io.grpc.StatusRuntimeException: UNAVAILABLE: io exception
	at java.util.concurrent.FutureTask.report(FutureTask.java:122)
	at java.util.concurrent.FutureTask.get(FutureTask.java:192)
	at org.apache.ratis.server.impl.LeaderElection.waitForResults(LeaderElection.java:259)
	at org.apache.ratis.server.impl.LeaderElection.askForVotes(LeaderElection.java:197)
	at org.apache.ratis.server.impl.LeaderElection.run(LeaderElection.java:133)
	at java.lang.Thread.run(Thread.java:748)
Caused by: org.apache.ratis.thirdparty.io.grpc.StatusRuntimeException: UNAVAILABLE: io exception
	at org.apache.ratis.thirdparty.io.grpc.stub.ClientCalls.toStatusRuntimeException(ClientCalls.java:233)
	at org.apache.ratis.thirdparty.io.grpc.stub.ClientCalls.getUnchecked(ClientCalls.java:214)
	at org.apache.ratis.thirdparty.io.grpc.stub.ClientCalls.blockingUnaryCall(ClientCalls.java:139)
	at org.apache.ratis.proto.grpc.RaftServerProtocolServiceGrpc$RaftServerProtocolServiceBlockingStub.requestVote(RaftServerProtocolServiceGrpc.java:265)
	at org.apache.ratis.grpc.server.GrpcServerProtocolClient.requestVote(GrpcServerProtocolClient.java:99)
	at org.apache.ratis.grpc.server.GrpcService.requestVote(GrpcService.java:204)
	at org.apache.ratis.server.impl.LeaderElection.lambda$submitRequests$1(LeaderElection.java:234)
	at java.util.concurrent.FutureTask.run(FutureTask.java:266)
	at java.util.concurrent.Executors$RunnableAdapter.call(Executors.java:511)
	at java.util.concurrent.FutureTask.run(FutureTask.java:266)
	at java.util.concurrent.ThreadPoolExecutor.runWorker(ThreadPoolExecutor.java:1149)
	at java.util.concurrent.ThreadPoolExecutor$Worker.run(ThreadPoolExecutor.java:624)
	... 1 more
Caused by: org.apache.ratis.thirdparty.io.netty.channel.AbstractChannel$AnnotatedConnectException: Connection refused: /192.168.157.223:42172
	at sun.nio.ch.SocketChannelImpl.checkConnect(Native Method)
	at sun.nio.ch.SocketChannelImpl.finishConnect(SocketChannelImpl.java:717)
	at org.apache.ratis.thirdparty.io.netty.channel.socket.nio.NioSocketChannel.doFinishConnect(NioSocketChannel.java:327)
	at org.apache.ratis.thirdparty.io.netty.channel.nio.AbstractNioChannel$AbstractNioUnsafe.finishConnect(AbstractNioChannel.java:340)
	at org.apache.ratis.thirdparty.io.netty.channel.nio.NioEventLoop.processSelectedKey(NioEventLoop.java:632)
	at org.apache.ratis.thirdparty.io.netty.channel.nio.NioEventLoop.processSelectedKeysOptimized(NioEventLoop.java:579)
	at org.apache.ratis.thirdparty.io.netty.channel.nio.NioEventLoop.processSelectedKeys(NioEventLoop.java:496)
	at org.apache.ratis.thirdparty.io.netty.channel.nio.NioEventLoop.run(NioEventLoop.java:458)
	at org.apache.ratis.thirdparty.io.netty.util.concurrent.SingleThreadEventExecutor$5.run(SingleThreadEventExecutor.java:897)
	at org.apache.ratis.thirdparty.io.netty.util.concurrent.FastThreadLocalRunnable.run(FastThreadLocalRunnable.java:30)
	... 1 more
Caused by: java.net.ConnectException: Connection refused
	... 11 more
2019-10-17 21:55:16,830 [d6dfcdd7-fc6e-4b51-b91e-b64503dadc5e@group-F967393F7C93-LeaderElection268] INFO  impl.RaftServerImpl (RaftServerImpl.java:setRole(184)) - d6dfcdd7-fc6e-4b51-b91e-b64503dadc5e@group-F967393F7C93: changes role from CANDIDATE to FOLLOWER at term 271 for DISCOVERED_A_NEW_TERM
2019-10-17 21:55:16,830 [d6dfcdd7-fc6e-4b51-b91e-b64503dadc5e@group-F967393F7C93-LeaderElection268] INFO  impl.RoleInfo (RoleInfo.java:shutdownLeaderElection(134)) - d6dfcdd7-fc6e-4b51-b91e-b64503dadc5e: shutdown LeaderElection
2019-10-17 21:55:16,830 [d6dfcdd7-fc6e-4b51-b91e-b64503dadc5e@group-F967393F7C93-LeaderElection268] INFO  impl.RoleInfo (RoleInfo.java:updateAndGet(143)) - d6dfcdd7-fc6e-4b51-b91e-b64503dadc5e: start FollowerState
2019-10-17 21:55:16,954 [Thread-2250] INFO  impl.FollowerState (FollowerState.java:run(108)) - d6dfcdd7-fc6e-4b51-b91e-b64503dadc5e@group-F967393F7C93-FollowerState: change to CANDIDATE, lastRpcTime:124ms, electionTimeout:124ms
2019-10-17 21:55:16,954 [Thread-2250] INFO  impl.RoleInfo (RoleInfo.java:shutdownFollowerState(121)) - d6dfcdd7-fc6e-4b51-b91e-b64503dadc5e: shutdown FollowerState
2019-10-17 21:55:16,955 [Thread-2250] INFO  impl.RaftServerImpl (RaftServerImpl.java:setRole(184)) - d6dfcdd7-fc6e-4b51-b91e-b64503dadc5e@group-F967393F7C93: changes role from  FOLLOWER to CANDIDATE at term 271 for changeToCandidate
2019-10-17 21:55:16,955 [Thread-2250] INFO  impl.RoleInfo (RoleInfo.java:updateAndGet(143)) - d6dfcdd7-fc6e-4b51-b91e-b64503dadc5e: start LeaderElection
2019-10-17 21:55:16,980 [d6dfcdd7-fc6e-4b51-b91e-b64503dadc5e@group-F967393F7C93-LeaderElection269] INFO  impl.LeaderElection (LeaderElection.java:askForVotes(178)) - d6dfcdd7-fc6e-4b51-b91e-b64503dadc5e@group-F967393F7C93-LeaderElection269: begin an election at term 272 for -1: [08d4cbaa-ffed-4411-a5fd-c4a38026aead:192.168.157.223:33910, da15dfee-23f0-4dc4-ad77-c00156c49cfa:192.168.157.223:42172, d6dfcdd7-fc6e-4b51-b91e-b64503dadc5e:192.168.157.223:43575], old=null
2019-10-17 21:55:16,981 [d6dfcdd7-fc6e-4b51-b91e-b64503dadc5e@group-F967393F7C93-LeaderElection269] INFO  impl.LeaderElection (LogUtils.java:infoOrTrace(149)) - d6dfcdd7-fc6e-4b51-b91e-b64503dadc5e@group-F967393F7C93-LeaderElection269 got exception when requesting votes: {}
java.util.concurrent.ExecutionException: org.apache.ratis.thirdparty.io.grpc.StatusRuntimeException: UNAVAILABLE: io exception
	at java.util.concurrent.FutureTask.report(FutureTask.java:122)
	at java.util.concurrent.FutureTask.get(FutureTask.java:192)
	at org.apache.ratis.server.impl.LeaderElection.waitForResults(LeaderElection.java:259)
	at org.apache.ratis.server.impl.LeaderElection.askForVotes(LeaderElection.java:197)
	at org.apache.ratis.server.impl.LeaderElection.run(LeaderElection.java:133)
	at java.lang.Thread.run(Thread.java:748)
Caused by: org.apache.ratis.thirdparty.io.grpc.StatusRuntimeException: UNAVAILABLE: io exception
	at org.apache.ratis.thirdparty.io.grpc.stub.ClientCalls.toStatusRuntimeException(ClientCalls.java:233)
	at org.apache.ratis.thirdparty.io.grpc.stub.ClientCalls.getUnchecked(ClientCalls.java:214)
	at org.apache.ratis.thirdparty.io.grpc.stub.ClientCalls.blockingUnaryCall(ClientCalls.java:139)
	at org.apache.ratis.proto.grpc.RaftServerProtocolServiceGrpc$RaftServerProtocolServiceBlockingStub.requestVote(RaftServerProtocolServiceGrpc.java:265)
	at org.apache.ratis.grpc.server.GrpcServerProtocolClient.requestVote(GrpcServerProtocolClient.java:99)
	at org.apache.ratis.grpc.server.GrpcService.requestVote(GrpcService.java:204)
	at org.apache.ratis.server.impl.LeaderElection.lambda$submitRequests$1(LeaderElection.java:234)
	at java.util.concurrent.FutureTask.run(FutureTask.java:266)
	at java.util.concurrent.Executors$RunnableAdapter.call(Executors.java:511)
	at java.util.concurrent.FutureTask.run(FutureTask.java:266)
	at java.util.concurrent.ThreadPoolExecutor.runWorker(ThreadPoolExecutor.java:1149)
	at java.util.concurrent.ThreadPoolExecutor$Worker.run(ThreadPoolExecutor.java:624)
	... 1 more
Caused by: org.apache.ratis.thirdparty.io.netty.channel.AbstractChannel$AnnotatedConnectException: Connection refused: /192.168.157.223:33910
	at sun.nio.ch.SocketChannelImpl.checkConnect(Native Method)
	at sun.nio.ch.SocketChannelImpl.finishConnect(SocketChannelImpl.java:717)
	at org.apache.ratis.thirdparty.io.netty.channel.socket.nio.NioSocketChannel.doFinishConnect(NioSocketChannel.java:327)
	at org.apache.ratis.thirdparty.io.netty.channel.nio.AbstractNioChannel$AbstractNioUnsafe.finishConnect(AbstractNioChannel.java:340)
	at org.apache.ratis.thirdparty.io.netty.channel.nio.NioEventLoop.processSelectedKey(NioEventLoop.java:632)
	at org.apache.ratis.thirdparty.io.netty.channel.nio.NioEventLoop.processSelectedKeysOptimized(NioEventLoop.java:579)
	at org.apache.ratis.thirdparty.io.netty.channel.nio.NioEventLoop.processSelectedKeys(NioEventLoop.java:496)
	at org.apache.ratis.thirdparty.io.netty.channel.nio.NioEventLoop.run(NioEventLoop.java:458)
	at org.apache.ratis.thirdparty.io.netty.util.concurrent.SingleThreadEventExecutor$5.run(SingleThreadEventExecutor.java:897)
	at org.apache.ratis.thirdparty.io.netty.util.concurrent.FastThreadLocalRunnable.run(FastThreadLocalRunnable.java:30)
	... 1 more
Caused by: java.net.ConnectException: Connection refused
	... 11 more
2019-10-17 21:55:16,981 [d6dfcdd7-fc6e-4b51-b91e-b64503dadc5e@group-F967393F7C93-LeaderElection269] INFO  impl.LeaderElection (LogUtils.java:infoOrTrace(149)) - d6dfcdd7-fc6e-4b51-b91e-b64503dadc5e@group-F967393F7C93-LeaderElection269 got exception when requesting votes: {}
java.util.concurrent.ExecutionException: org.apache.ratis.thirdparty.io.grpc.StatusRuntimeException: UNAVAILABLE: io exception
	at java.util.concurrent.FutureTask.report(FutureTask.java:122)
	at java.util.concurrent.FutureTask.get(FutureTask.java:192)
	at org.apache.ratis.server.impl.LeaderElection.waitForResults(LeaderElection.java:259)
	at org.apache.ratis.server.impl.LeaderElection.askForVotes(LeaderElection.java:197)
	at org.apache.ratis.server.impl.LeaderElection.run(LeaderElection.java:133)
	at java.lang.Thread.run(Thread.java:748)
Caused by: org.apache.ratis.thirdparty.io.grpc.StatusRuntimeException: UNAVAILABLE: io exception
	at org.apache.ratis.thirdparty.io.grpc.stub.ClientCalls.toStatusRuntimeException(ClientCalls.java:233)
	at org.apache.ratis.thirdparty.io.grpc.stub.ClientCalls.getUnchecked(ClientCalls.java:214)
	at org.apache.ratis.thirdparty.io.grpc.stub.ClientCalls.blockingUnaryCall(ClientCalls.java:139)
	at org.apache.ratis.proto.grpc.RaftServerProtocolServiceGrpc$RaftServerProtocolServiceBlockingStub.requestVote(RaftServerProtocolServiceGrpc.java:265)
	at org.apache.ratis.grpc.server.GrpcServerProtocolClient.requestVote(GrpcServerProtocolClient.java:99)
	at org.apache.ratis.grpc.server.GrpcService.requestVote(GrpcService.java:204)
	at org.apache.ratis.server.impl.LeaderElection.lambda$submitRequests$1(LeaderElection.java:234)
	at java.util.concurrent.FutureTask.run(FutureTask.java:266)
	at java.util.concurrent.Executors$RunnableAdapter.call(Executors.java:511)
	at java.util.concurrent.FutureTask.run(FutureTask.java:266)
	at java.util.concurrent.ThreadPoolExecutor.runWorker(ThreadPoolExecutor.java:1149)
	at java.util.concurrent.ThreadPoolExecutor$Worker.run(ThreadPoolExecutor.java:624)
	... 1 more
Caused by: org.apache.ratis.thirdparty.io.netty.channel.AbstractChannel$AnnotatedConnectException: Connection refused: /192.168.157.223:42172
	at sun.nio.ch.SocketChannelImpl.checkConnect(Native Method)
	at sun.nio.ch.SocketChannelImpl.finishConnect(SocketChannelImpl.java:717)
	at org.apache.ratis.thirdparty.io.netty.channel.socket.nio.NioSocketChannel.doFinishConnect(NioSocketChannel.java:327)
	at org.apache.ratis.thirdparty.io.netty.channel.nio.AbstractNioChannel$AbstractNioUnsafe.finishConnect(AbstractNioChannel.java:340)
	at org.apache.ratis.thirdparty.io.netty.channel.nio.NioEventLoop.processSelectedKey(NioEventLoop.java:632)
	at org.apache.ratis.thirdparty.io.netty.channel.nio.NioEventLoop.processSelectedKeysOptimized(NioEventLoop.java:579)
	at org.apache.ratis.thirdparty.io.netty.channel.nio.NioEventLoop.processSelectedKeys(NioEventLoop.java:496)
	at org.apache.ratis.thirdparty.io.netty.channel.nio.NioEventLoop.run(NioEventLoop.java:458)
	at org.apache.ratis.thirdparty.io.netty.util.concurrent.SingleThreadEventExecutor$5.run(SingleThreadEventExecutor.java:897)
	at org.apache.ratis.thirdparty.io.netty.util.concurrent.FastThreadLocalRunnable.run(FastThreadLocalRunnable.java:30)
	... 1 more
Caused by: java.net.ConnectException: Connection refused
	... 11 more
2019-10-17 21:55:16,982 [d6dfcdd7-fc6e-4b51-b91e-b64503dadc5e@group-F967393F7C93-LeaderElection269] INFO  impl.LeaderElection (LeaderElection.java:logAndReturn(56)) - d6dfcdd7-fc6e-4b51-b91e-b64503dadc5e@group-F967393F7C93-LeaderElection269: Election REJECTED; received 0 response(s) [] and 2 exception(s); d6dfcdd7-fc6e-4b51-b91e-b64503dadc5e@group-F967393F7C93:t272, leader=null, voted=d6dfcdd7-fc6e-4b51-b91e-b64503dadc5e, raftlog=d6dfcdd7-fc6e-4b51-b91e-b64503dadc5e@group-F967393F7C93-SegmentedRaftLog:OPENED:c-1,f-1,i0, conf=-1: [08d4cbaa-ffed-4411-a5fd-c4a38026aead:192.168.157.223:33910, da15dfee-23f0-4dc4-ad77-c00156c49cfa:192.168.157.223:42172, d6dfcdd7-fc6e-4b51-b91e-b64503dadc5e:192.168.157.223:43575], old=null
2019-10-17 21:55:16,982 [d6dfcdd7-fc6e-4b51-b91e-b64503dadc5e@group-F967393F7C93-LeaderElection269] INFO  impl.LeaderElection (LogUtils.java:infoOrTrace(149)) -   Exception 0: {}
java.util.concurrent.ExecutionException: org.apache.ratis.thirdparty.io.grpc.StatusRuntimeException: UNAVAILABLE: io exception
	at java.util.concurrent.FutureTask.report(FutureTask.java:122)
	at java.util.concurrent.FutureTask.get(FutureTask.java:192)
	at org.apache.ratis.server.impl.LeaderElection.waitForResults(LeaderElection.java:259)
	at org.apache.ratis.server.impl.LeaderElection.askForVotes(LeaderElection.java:197)
	at org.apache.ratis.server.impl.LeaderElection.run(LeaderElection.java:133)
	at java.lang.Thread.run(Thread.java:748)
Caused by: org.apache.ratis.thirdparty.io.grpc.StatusRuntimeException: UNAVAILABLE: io exception
	at org.apache.ratis.thirdparty.io.grpc.stub.ClientCalls.toStatusRuntimeException(ClientCalls.java:233)
	at org.apache.ratis.thirdparty.io.grpc.stub.ClientCalls.getUnchecked(ClientCalls.java:214)
	at org.apache.ratis.thirdparty.io.grpc.stub.ClientCalls.blockingUnaryCall(ClientCalls.java:139)
	at org.apache.ratis.proto.grpc.RaftServerProtocolServiceGrpc$RaftServerProtocolServiceBlockingStub.requestVote(RaftServerProtocolServiceGrpc.java:265)
	at org.apache.ratis.grpc.server.GrpcServerProtocolClient.requestVote(GrpcServerProtocolClient.java:99)
	at org.apache.ratis.grpc.server.GrpcService.requestVote(GrpcService.java:204)
	at org.apache.ratis.server.impl.LeaderElection.lambda$submitRequests$1(LeaderElection.java:234)
	at java.util.concurrent.FutureTask.run(FutureTask.java:266)
	at java.util.concurrent.Executors$RunnableAdapter.call(Executors.java:511)
	at java.util.concurrent.FutureTask.run(FutureTask.java:266)
	at java.util.concurrent.ThreadPoolExecutor.runWorker(ThreadPoolExecutor.java:1149)
	at java.util.concurrent.ThreadPoolExecutor$Worker.run(ThreadPoolExecutor.java:624)
	... 1 more
Caused by: org.apache.ratis.thirdparty.io.netty.channel.AbstractChannel$AnnotatedConnectException: Connection refused: /192.168.157.223:33910
	at sun.nio.ch.SocketChannelImpl.checkConnect(Native Method)
	at sun.nio.ch.SocketChannelImpl.finishConnect(SocketChannelImpl.java:717)
	at org.apache.ratis.thirdparty.io.netty.channel.socket.nio.NioSocketChannel.doFinishConnect(NioSocketChannel.java:327)
	at org.apache.ratis.thirdparty.io.netty.channel.nio.AbstractNioChannel$AbstractNioUnsafe.finishConnect(AbstractNioChannel.java:340)
	at org.apache.ratis.thirdparty.io.netty.channel.nio.NioEventLoop.processSelectedKey(NioEventLoop.java:632)
	at org.apache.ratis.thirdparty.io.netty.channel.nio.NioEventLoop.processSelectedKeysOptimized(NioEventLoop.java:579)
	at org.apache.ratis.thirdparty.io.netty.channel.nio.NioEventLoop.processSelectedKeys(NioEventLoop.java:496)
	at org.apache.ratis.thirdparty.io.netty.channel.nio.NioEventLoop.run(NioEventLoop.java:458)
	at org.apache.ratis.thirdparty.io.netty.util.concurrent.SingleThreadEventExecutor$5.run(SingleThreadEventExecutor.java:897)
	at org.apache.ratis.thirdparty.io.netty.util.concurrent.FastThreadLocalRunnable.run(FastThreadLocalRunnable.java:30)
	... 1 more
Caused by: java.net.ConnectException: Connection refused
	... 11 more
2019-10-17 21:55:16,982 [d6dfcdd7-fc6e-4b51-b91e-b64503dadc5e@group-F967393F7C93-LeaderElection269] INFO  impl.LeaderElection (LogUtils.java:infoOrTrace(149)) -   Exception 1: {}
java.util.concurrent.ExecutionException: org.apache.ratis.thirdparty.io.grpc.StatusRuntimeException: UNAVAILABLE: io exception
	at java.util.concurrent.FutureTask.report(FutureTask.java:122)
	at java.util.concurrent.FutureTask.get(FutureTask.java:192)
	at org.apache.ratis.server.impl.LeaderElection.waitForResults(LeaderElection.java:259)
	at org.apache.ratis.server.impl.LeaderElection.askForVotes(LeaderElection.java:197)
	at org.apache.ratis.server.impl.LeaderElection.run(LeaderElection.java:133)
	at java.lang.Thread.run(Thread.java:748)
Caused by: org.apache.ratis.thirdparty.io.grpc.StatusRuntimeException: UNAVAILABLE: io exception
	at org.apache.ratis.thirdparty.io.grpc.stub.ClientCalls.toStatusRuntimeException(ClientCalls.java:233)
	at org.apache.ratis.thirdparty.io.grpc.stub.ClientCalls.getUnchecked(ClientCalls.java:214)
	at org.apache.ratis.thirdparty.io.grpc.stub.ClientCalls.blockingUnaryCall(ClientCalls.java:139)
	at org.apache.ratis.proto.grpc.RaftServerProtocolServiceGrpc$RaftServerProtocolServiceBlockingStub.requestVote(RaftServerProtocolServiceGrpc.java:265)
	at org.apache.ratis.grpc.server.GrpcServerProtocolClient.requestVote(GrpcServerProtocolClient.java:99)
	at org.apache.ratis.grpc.server.GrpcService.requestVote(GrpcService.java:204)
	at org.apache.ratis.server.impl.LeaderElection.lambda$submitRequests$1(LeaderElection.java:234)
	at java.util.concurrent.FutureTask.run(FutureTask.java:266)
	at java.util.concurrent.Executors$RunnableAdapter.call(Executors.java:511)
	at java.util.concurrent.FutureTask.run(FutureTask.java:266)
	at java.util.concurrent.ThreadPoolExecutor.runWorker(ThreadPoolExecutor.java:1149)
	at java.util.concurrent.ThreadPoolExecutor$Worker.run(ThreadPoolExecutor.java:624)
	... 1 more
Caused by: org.apache.ratis.thirdparty.io.netty.channel.AbstractChannel$AnnotatedConnectException: Connection refused: /192.168.157.223:42172
	at sun.nio.ch.SocketChannelImpl.checkConnect(Native Method)
	at sun.nio.ch.SocketChannelImpl.finishConnect(SocketChannelImpl.java:717)
	at org.apache.ratis.thirdparty.io.netty.channel.socket.nio.NioSocketChannel.doFinishConnect(NioSocketChannel.java:327)
	at org.apache.ratis.thirdparty.io.netty.channel.nio.AbstractNioChannel$AbstractNioUnsafe.finishConnect(AbstractNioChannel.java:340)
	at org.apache.ratis.thirdparty.io.netty.channel.nio.NioEventLoop.processSelectedKey(NioEventLoop.java:632)
	at org.apache.ratis.thirdparty.io.netty.channel.nio.NioEventLoop.processSelectedKeysOptimized(NioEventLoop.java:579)
	at org.apache.ratis.thirdparty.io.netty.channel.nio.NioEventLoop.processSelectedKeys(NioEventLoop.java:496)
	at org.apache.ratis.thirdparty.io.netty.channel.nio.NioEventLoop.run(NioEventLoop.java:458)
	at org.apache.ratis.thirdparty.io.netty.util.concurrent.SingleThreadEventExecutor$5.run(SingleThreadEventExecutor.java:897)
	at org.apache.ratis.thirdparty.io.netty.util.concurrent.FastThreadLocalRunnable.run(FastThreadLocalRunnable.java:30)
	... 1 more
Caused by: java.net.ConnectException: Connection refused
	... 11 more
2019-10-17 21:55:16,983 [d6dfcdd7-fc6e-4b51-b91e-b64503dadc5e@group-F967393F7C93-LeaderElection269] INFO  impl.RaftServerImpl (RaftServerImpl.java:setRole(184)) - d6dfcdd7-fc6e-4b51-b91e-b64503dadc5e@group-F967393F7C93: changes role from CANDIDATE to FOLLOWER at term 272 for DISCOVERED_A_NEW_TERM
2019-10-17 21:55:16,983 [d6dfcdd7-fc6e-4b51-b91e-b64503dadc5e@group-F967393F7C93-LeaderElection269] INFO  impl.RoleInfo (RoleInfo.java:shutdownLeaderElection(134)) - d6dfcdd7-fc6e-4b51-b91e-b64503dadc5e: shutdown LeaderElection
2019-10-17 21:55:16,983 [d6dfcdd7-fc6e-4b51-b91e-b64503dadc5e@group-F967393F7C93-LeaderElection269] INFO  impl.RoleInfo (RoleInfo.java:updateAndGet(143)) - d6dfcdd7-fc6e-4b51-b91e-b64503dadc5e: start FollowerState
2019-10-17 21:55:17,000 [Thread-2254] INFO  impl.FollowerState (FollowerState.java:run(108)) - d6dfcdd7-fc6e-4b51-b91e-b64503dadc5e@group-F967393F7C93-FollowerState: change to CANDIDATE, lastRpcTime:17ms, electionTimeout:17ms
2019-10-17 21:55:17,000 [Thread-2254] INFO  impl.RoleInfo (RoleInfo.java:shutdownFollowerState(121)) - d6dfcdd7-fc6e-4b51-b91e-b64503dadc5e: shutdown FollowerState
2019-10-17 21:55:17,000 [Thread-2254] INFO  impl.RaftServerImpl (RaftServerImpl.java:setRole(184)) - d6dfcdd7-fc6e-4b51-b91e-b64503dadc5e@group-F967393F7C93: changes role from  FOLLOWER to CANDIDATE at term 272 for changeToCandidate
2019-10-17 21:55:17,001 [Thread-2254] INFO  impl.RoleInfo (RoleInfo.java:updateAndGet(143)) - d6dfcdd7-fc6e-4b51-b91e-b64503dadc5e: start LeaderElection
2019-10-17 21:55:17,013 [d6dfcdd7-fc6e-4b51-b91e-b64503dadc5e@group-F967393F7C93-LeaderElection270] INFO  impl.LeaderElection (LeaderElection.java:askForVotes(178)) - d6dfcdd7-fc6e-4b51-b91e-b64503dadc5e@group-F967393F7C93-LeaderElection270: begin an election at term 273 for -1: [08d4cbaa-ffed-4411-a5fd-c4a38026aead:192.168.157.223:33910, da15dfee-23f0-4dc4-ad77-c00156c49cfa:192.168.157.223:42172, d6dfcdd7-fc6e-4b51-b91e-b64503dadc5e:192.168.157.223:43575], old=null
2019-10-17 21:55:17,014 [d6dfcdd7-fc6e-4b51-b91e-b64503dadc5e@group-F967393F7C93-LeaderElection270] INFO  impl.LeaderElection (LogUtils.java:infoOrTrace(149)) - d6dfcdd7-fc6e-4b51-b91e-b64503dadc5e@group-F967393F7C93-LeaderElection270 got exception when requesting votes: {}
java.util.concurrent.ExecutionException: org.apache.ratis.thirdparty.io.grpc.StatusRuntimeException: UNAVAILABLE: io exception
	at java.util.concurrent.FutureTask.report(FutureTask.java:122)
	at java.util.concurrent.FutureTask.get(FutureTask.java:192)
	at org.apache.ratis.server.impl.LeaderElection.waitForResults(LeaderElection.java:259)
	at org.apache.ratis.server.impl.LeaderElection.askForVotes(LeaderElection.java:197)
	at org.apache.ratis.server.impl.LeaderElection.run(LeaderElection.java:133)
	at java.lang.Thread.run(Thread.java:748)
Caused by: org.apache.ratis.thirdparty.io.grpc.StatusRuntimeException: UNAVAILABLE: io exception
	at org.apache.ratis.thirdparty.io.grpc.stub.ClientCalls.toStatusRuntimeException(ClientCalls.java:233)
	at org.apache.ratis.thirdparty.io.grpc.stub.ClientCalls.getUnchecked(ClientCalls.java:214)
	at org.apache.ratis.thirdparty.io.grpc.stub.ClientCalls.blockingUnaryCall(ClientCalls.java:139)
	at org.apache.ratis.proto.grpc.RaftServerProtocolServiceGrpc$RaftServerProtocolServiceBlockingStub.requestVote(RaftServerProtocolServiceGrpc.java:265)
	at org.apache.ratis.grpc.server.GrpcServerProtocolClient.requestVote(GrpcServerProtocolClient.java:99)
	at org.apache.ratis.grpc.server.GrpcService.requestVote(GrpcService.java:204)
	at org.apache.ratis.server.impl.LeaderElection.lambda$submitRequests$1(LeaderElection.java:234)
	at java.util.concurrent.FutureTask.run(FutureTask.java:266)
	at java.util.concurrent.Executors$RunnableAdapter.call(Executors.java:511)
	at java.util.concurrent.FutureTask.run(FutureTask.java:266)
	at java.util.concurrent.ThreadPoolExecutor.runWorker(ThreadPoolExecutor.java:1149)
	at java.util.concurrent.ThreadPoolExecutor$Worker.run(ThreadPoolExecutor.java:624)
	... 1 more
Caused by: org.apache.ratis.thirdparty.io.netty.channel.AbstractChannel$AnnotatedConnectException: Connection refused: /192.168.157.223:33910
	at sun.nio.ch.SocketChannelImpl.checkConnect(Native Method)
	at sun.nio.ch.SocketChannelImpl.finishConnect(SocketChannelImpl.java:717)
	at org.apache.ratis.thirdparty.io.netty.channel.socket.nio.NioSocketChannel.doFinishConnect(NioSocketChannel.java:327)
	at org.apache.ratis.thirdparty.io.netty.channel.nio.AbstractNioChannel$AbstractNioUnsafe.finishConnect(AbstractNioChannel.java:340)
	at org.apache.ratis.thirdparty.io.netty.channel.nio.NioEventLoop.processSelectedKey(NioEventLoop.java:632)
	at org.apache.ratis.thirdparty.io.netty.channel.nio.NioEventLoop.processSelectedKeysOptimized(NioEventLoop.java:579)
	at org.apache.ratis.thirdparty.io.netty.channel.nio.NioEventLoop.processSelectedKeys(NioEventLoop.java:496)
	at org.apache.ratis.thirdparty.io.netty.channel.nio.NioEventLoop.run(NioEventLoop.java:458)
	at org.apache.ratis.thirdparty.io.netty.util.concurrent.SingleThreadEventExecutor$5.run(SingleThreadEventExecutor.java:897)
	at org.apache.ratis.thirdparty.io.netty.util.concurrent.FastThreadLocalRunnable.run(FastThreadLocalRunnable.java:30)
	... 1 more
Caused by: java.net.ConnectException: Connection refused
	... 11 more
2019-10-17 21:55:17,015 [d6dfcdd7-fc6e-4b51-b91e-b64503dadc5e@group-F967393F7C93-LeaderElection270] INFO  impl.LeaderElection (LogUtils.java:infoOrTrace(149)) - d6dfcdd7-fc6e-4b51-b91e-b64503dadc5e@group-F967393F7C93-LeaderElection270 got exception when requesting votes: {}
java.util.concurrent.ExecutionException: org.apache.ratis.thirdparty.io.grpc.StatusRuntimeException: UNAVAILABLE: io exception
	at java.util.concurrent.FutureTask.report(FutureTask.java:122)
	at java.util.concurrent.FutureTask.get(FutureTask.java:192)
	at org.apache.ratis.server.impl.LeaderElection.waitForResults(LeaderElection.java:259)
	at org.apache.ratis.server.impl.LeaderElection.askForVotes(LeaderElection.java:197)
	at org.apache.ratis.server.impl.LeaderElection.run(LeaderElection.java:133)
	at java.lang.Thread.run(Thread.java:748)
Caused by: org.apache.ratis.thirdparty.io.grpc.StatusRuntimeException: UNAVAILABLE: io exception
	at org.apache.ratis.thirdparty.io.grpc.stub.ClientCalls.toStatusRuntimeException(ClientCalls.java:233)
	at org.apache.ratis.thirdparty.io.grpc.stub.ClientCalls.getUnchecked(ClientCalls.java:214)
	at org.apache.ratis.thirdparty.io.grpc.stub.ClientCalls.blockingUnaryCall(ClientCalls.java:139)
	at org.apache.ratis.proto.grpc.RaftServerProtocolServiceGrpc$RaftServerProtocolServiceBlockingStub.requestVote(RaftServerProtocolServiceGrpc.java:265)
	at org.apache.ratis.grpc.server.GrpcServerProtocolClient.requestVote(GrpcServerProtocolClient.java:99)
	at org.apache.ratis.grpc.server.GrpcService.requestVote(GrpcService.java:204)
	at org.apache.ratis.server.impl.LeaderElection.lambda$submitRequests$1(LeaderElection.java:234)
	at java.util.concurrent.FutureTask.run(FutureTask.java:266)
	at java.util.concurrent.Executors$RunnableAdapter.call(Executors.java:511)
	at java.util.concurrent.FutureTask.run(FutureTask.java:266)
	at java.util.concurrent.ThreadPoolExecutor.runWorker(ThreadPoolExecutor.java:1149)
	at java.util.concurrent.ThreadPoolExecutor$Worker.run(ThreadPoolExecutor.java:624)
	... 1 more
Caused by: org.apache.ratis.thirdparty.io.netty.channel.AbstractChannel$AnnotatedConnectException: Connection refused: /192.168.157.223:42172
	at sun.nio.ch.SocketChannelImpl.checkConnect(Native Method)
	at sun.nio.ch.SocketChannelImpl.finishConnect(SocketChannelImpl.java:717)
	at org.apache.ratis.thirdparty.io.netty.channel.socket.nio.NioSocketChannel.doFinishConnect(NioSocketChannel.java:327)
	at org.apache.ratis.thirdparty.io.netty.channel.nio.AbstractNioChannel$AbstractNioUnsafe.finishConnect(AbstractNioChannel.java:340)
	at org.apache.ratis.thirdparty.io.netty.channel.nio.NioEventLoop.processSelectedKey(NioEventLoop.java:632)
	at org.apache.ratis.thirdparty.io.netty.channel.nio.NioEventLoop.processSelectedKeysOptimized(NioEventLoop.java:579)
	at org.apache.ratis.thirdparty.io.netty.channel.nio.NioEventLoop.processSelectedKeys(NioEventLoop.java:496)
	at org.apache.ratis.thirdparty.io.netty.channel.nio.NioEventLoop.run(NioEventLoop.java:458)
	at org.apache.ratis.thirdparty.io.netty.util.concurrent.SingleThreadEventExecutor$5.run(SingleThreadEventExecutor.java:897)
	at org.apache.ratis.thirdparty.io.netty.util.concurrent.FastThreadLocalRunnable.run(FastThreadLocalRunnable.java:30)
	... 1 more
Caused by: java.net.ConnectException: Connection refused
	... 11 more
2019-10-17 21:55:17,015 [d6dfcdd7-fc6e-4b51-b91e-b64503dadc5e@group-F967393F7C93-LeaderElection270] INFO  impl.LeaderElection (LeaderElection.java:logAndReturn(56)) - d6dfcdd7-fc6e-4b51-b91e-b64503dadc5e@group-F967393F7C93-LeaderElection270: Election REJECTED; received 0 response(s) [] and 2 exception(s); d6dfcdd7-fc6e-4b51-b91e-b64503dadc5e@group-F967393F7C93:t273, leader=null, voted=d6dfcdd7-fc6e-4b51-b91e-b64503dadc5e, raftlog=d6dfcdd7-fc6e-4b51-b91e-b64503dadc5e@group-F967393F7C93-SegmentedRaftLog:OPENED:c-1,f-1,i0, conf=-1: [08d4cbaa-ffed-4411-a5fd-c4a38026aead:192.168.157.223:33910, da15dfee-23f0-4dc4-ad77-c00156c49cfa:192.168.157.223:42172, d6dfcdd7-fc6e-4b51-b91e-b64503dadc5e:192.168.157.223:43575], old=null
2019-10-17 21:55:17,015 [d6dfcdd7-fc6e-4b51-b91e-b64503dadc5e@group-F967393F7C93-LeaderElection270] INFO  impl.LeaderElection (LogUtils.java:infoOrTrace(149)) -   Exception 0: {}
java.util.concurrent.ExecutionException: org.apache.ratis.thirdparty.io.grpc.StatusRuntimeException: UNAVAILABLE: io exception
	at java.util.concurrent.FutureTask.report(FutureTask.java:122)
	at java.util.concurrent.FutureTask.get(FutureTask.java:192)
	at org.apache.ratis.server.impl.LeaderElection.waitForResults(LeaderElection.java:259)
	at org.apache.ratis.server.impl.LeaderElection.askForVotes(LeaderElection.java:197)
	at org.apache.ratis.server.impl.LeaderElection.run(LeaderElection.java:133)
	at java.lang.Thread.run(Thread.java:748)
Caused by: org.apache.ratis.thirdparty.io.grpc.StatusRuntimeException: UNAVAILABLE: io exception
	at org.apache.ratis.thirdparty.io.grpc.stub.ClientCalls.toStatusRuntimeException(ClientCalls.java:233)
	at org.apache.ratis.thirdparty.io.grpc.stub.ClientCalls.getUnchecked(ClientCalls.java:214)
	at org.apache.ratis.thirdparty.io.grpc.stub.ClientCalls.blockingUnaryCall(ClientCalls.java:139)
	at org.apache.ratis.proto.grpc.RaftServerProtocolServiceGrpc$RaftServerProtocolServiceBlockingStub.requestVote(RaftServerProtocolServiceGrpc.java:265)
	at org.apache.ratis.grpc.server.GrpcServerProtocolClient.requestVote(GrpcServerProtocolClient.java:99)
	at org.apache.ratis.grpc.server.GrpcService.requestVote(GrpcService.java:204)
	at org.apache.ratis.server.impl.LeaderElection.lambda$submitRequests$1(LeaderElection.java:234)
	at java.util.concurrent.FutureTask.run(FutureTask.java:266)
	at java.util.concurrent.Executors$RunnableAdapter.call(Executors.java:511)
	at java.util.concurrent.FutureTask.run(FutureTask.java:266)
	at java.util.concurrent.ThreadPoolExecutor.runWorker(ThreadPoolExecutor.java:1149)
	at java.util.concurrent.ThreadPoolExecutor$Worker.run(ThreadPoolExecutor.java:624)
	... 1 more
Caused by: org.apache.ratis.thirdparty.io.netty.channel.AbstractChannel$AnnotatedConnectException: Connection refused: /192.168.157.223:33910
	at sun.nio.ch.SocketChannelImpl.checkConnect(Native Method)
	at sun.nio.ch.SocketChannelImpl.finishConnect(SocketChannelImpl.java:717)
	at org.apache.ratis.thirdparty.io.netty.channel.socket.nio.NioSocketChannel.doFinishConnect(NioSocketChannel.java:327)
	at org.apache.ratis.thirdparty.io.netty.channel.nio.AbstractNioChannel$AbstractNioUnsafe.finishConnect(AbstractNioChannel.java:340)
	at org.apache.ratis.thirdparty.io.netty.channel.nio.NioEventLoop.processSelectedKey(NioEventLoop.java:632)
	at org.apache.ratis.thirdparty.io.netty.channel.nio.NioEventLoop.processSelectedKeysOptimized(NioEventLoop.java:579)
	at org.apache.ratis.thirdparty.io.netty.channel.nio.NioEventLoop.processSelectedKeys(NioEventLoop.java:496)
	at org.apache.ratis.thirdparty.io.netty.channel.nio.NioEventLoop.run(NioEventLoop.java:458)
	at org.apache.ratis.thirdparty.io.netty.util.concurrent.SingleThreadEventExecutor$5.run(SingleThreadEventExecutor.java:897)
	at org.apache.ratis.thirdparty.io.netty.util.concurrent.FastThreadLocalRunnable.run(FastThreadLocalRunnable.java:30)
	... 1 more
Caused by: java.net.ConnectException: Connection refused
	... 11 more
2019-10-17 21:55:17,015 [d6dfcdd7-fc6e-4b51-b91e-b64503dadc5e@group-F967393F7C93-LeaderElection270] INFO  impl.LeaderElection (LogUtils.java:infoOrTrace(149)) -   Exception 1: {}
java.util.concurrent.ExecutionException: org.apache.ratis.thirdparty.io.grpc.StatusRuntimeException: UNAVAILABLE: io exception
	at java.util.concurrent.FutureTask.report(FutureTask.java:122)
	at java.util.concurrent.FutureTask.get(FutureTask.java:192)
	at org.apache.ratis.server.impl.LeaderElection.waitForResults(LeaderElection.java:259)
	at org.apache.ratis.server.impl.LeaderElection.askForVotes(LeaderElection.java:197)
	at org.apache.ratis.server.impl.LeaderElection.run(LeaderElection.java:133)
	at java.lang.Thread.run(Thread.java:748)
Caused by: org.apache.ratis.thirdparty.io.grpc.StatusRuntimeException: UNAVAILABLE: io exception
	at org.apache.ratis.thirdparty.io.grpc.stub.ClientCalls.toStatusRuntimeException(ClientCalls.java:233)
	at org.apache.ratis.thirdparty.io.grpc.stub.ClientCalls.getUnchecked(ClientCalls.java:214)
	at org.apache.ratis.thirdparty.io.grpc.stub.ClientCalls.blockingUnaryCall(ClientCalls.java:139)
	at org.apache.ratis.proto.grpc.RaftServerProtocolServiceGrpc$RaftServerProtocolServiceBlockingStub.requestVote(RaftServerProtocolServiceGrpc.java:265)
	at org.apache.ratis.grpc.server.GrpcServerProtocolClient.requestVote(GrpcServerProtocolClient.java:99)
	at org.apache.ratis.grpc.server.GrpcService.requestVote(GrpcService.java:204)
	at org.apache.ratis.server.impl.LeaderElection.lambda$submitRequests$1(LeaderElection.java:234)
	at java.util.concurrent.FutureTask.run(FutureTask.java:266)
	at java.util.concurrent.Executors$RunnableAdapter.call(Executors.java:511)
	at java.util.concurrent.FutureTask.run(FutureTask.java:266)
	at java.util.concurrent.ThreadPoolExecutor.runWorker(ThreadPoolExecutor.java:1149)
	at java.util.concurrent.ThreadPoolExecutor$Worker.run(ThreadPoolExecutor.java:624)
	... 1 more
Caused by: org.apache.ratis.thirdparty.io.netty.channel.AbstractChannel$AnnotatedConnectException: Connection refused: /192.168.157.223:42172
	at sun.nio.ch.SocketChannelImpl.checkConnect(Native Method)
	at sun.nio.ch.SocketChannelImpl.finishConnect(SocketChannelImpl.java:717)
	at org.apache.ratis.thirdparty.io.netty.channel.socket.nio.NioSocketChannel.doFinishConnect(NioSocketChannel.java:327)
	at org.apache.ratis.thirdparty.io.netty.channel.nio.AbstractNioChannel$AbstractNioUnsafe.finishConnect(AbstractNioChannel.java:340)
	at org.apache.ratis.thirdparty.io.netty.channel.nio.NioEventLoop.processSelectedKey(NioEventLoop.java:632)
	at org.apache.ratis.thirdparty.io.netty.channel.nio.NioEventLoop.processSelectedKeysOptimized(NioEventLoop.java:579)
	at org.apache.ratis.thirdparty.io.netty.channel.nio.NioEventLoop.processSelectedKeys(NioEventLoop.java:496)
	at org.apache.ratis.thirdparty.io.netty.channel.nio.NioEventLoop.run(NioEventLoop.java:458)
	at org.apache.ratis.thirdparty.io.netty.util.concurrent.SingleThreadEventExecutor$5.run(SingleThreadEventExecutor.java:897)
	at org.apache.ratis.thirdparty.io.netty.util.concurrent.FastThreadLocalRunnable.run(FastThreadLocalRunnable.java:30)
	... 1 more
Caused by: java.net.ConnectException: Connection refused
	... 11 more
2019-10-17 21:55:17,016 [d6dfcdd7-fc6e-4b51-b91e-b64503dadc5e@group-F967393F7C93-LeaderElection270] INFO  impl.RaftServerImpl (RaftServerImpl.java:setRole(184)) - d6dfcdd7-fc6e-4b51-b91e-b64503dadc5e@group-F967393F7C93: changes role from CANDIDATE to FOLLOWER at term 273 for DISCOVERED_A_NEW_TERM
2019-10-17 21:55:17,016 [d6dfcdd7-fc6e-4b51-b91e-b64503dadc5e@group-F967393F7C93-LeaderElection270] INFO  impl.RoleInfo (RoleInfo.java:shutdownLeaderElection(134)) - d6dfcdd7-fc6e-4b51-b91e-b64503dadc5e: shutdown LeaderElection
2019-10-17 21:55:17,016 [d6dfcdd7-fc6e-4b51-b91e-b64503dadc5e@group-F967393F7C93-LeaderElection270] INFO  impl.RoleInfo (RoleInfo.java:updateAndGet(143)) - d6dfcdd7-fc6e-4b51-b91e-b64503dadc5e: start FollowerState
2019-10-17 21:55:17,132 [Thread-2258] INFO  impl.FollowerState (FollowerState.java:run(108)) - d6dfcdd7-fc6e-4b51-b91e-b64503dadc5e@group-F967393F7C93-FollowerState: change to CANDIDATE, lastRpcTime:115ms, electionTimeout:115ms
2019-10-17 21:55:17,132 [Thread-2258] INFO  impl.RoleInfo (RoleInfo.java:shutdownFollowerState(121)) - d6dfcdd7-fc6e-4b51-b91e-b64503dadc5e: shutdown FollowerState
2019-10-17 21:55:17,132 [Thread-2258] INFO  impl.RaftServerImpl (RaftServerImpl.java:setRole(184)) - d6dfcdd7-fc6e-4b51-b91e-b64503dadc5e@group-F967393F7C93: changes role from  FOLLOWER to CANDIDATE at term 273 for changeToCandidate
2019-10-17 21:55:17,132 [Thread-2258] INFO  impl.RoleInfo (RoleInfo.java:updateAndGet(143)) - d6dfcdd7-fc6e-4b51-b91e-b64503dadc5e: start LeaderElection
2019-10-17 21:55:17,145 [d6dfcdd7-fc6e-4b51-b91e-b64503dadc5e@group-F967393F7C93-LeaderElection271] INFO  impl.LeaderElection (LeaderElection.java:askForVotes(178)) - d6dfcdd7-fc6e-4b51-b91e-b64503dadc5e@group-F967393F7C93-LeaderElection271: begin an election at term 274 for -1: [08d4cbaa-ffed-4411-a5fd-c4a38026aead:192.168.157.223:33910, da15dfee-23f0-4dc4-ad77-c00156c49cfa:192.168.157.223:42172, d6dfcdd7-fc6e-4b51-b91e-b64503dadc5e:192.168.157.223:43575], old=null
2019-10-17 21:55:17,146 [d6dfcdd7-fc6e-4b51-b91e-b64503dadc5e@group-F967393F7C93-LeaderElection271] INFO  impl.LeaderElection (LogUtils.java:infoOrTrace(149)) - d6dfcdd7-fc6e-4b51-b91e-b64503dadc5e@group-F967393F7C93-LeaderElection271 got exception when requesting votes: {}
java.util.concurrent.ExecutionException: org.apache.ratis.thirdparty.io.grpc.StatusRuntimeException: UNAVAILABLE: io exception
	at java.util.concurrent.FutureTask.report(FutureTask.java:122)
	at java.util.concurrent.FutureTask.get(FutureTask.java:192)
	at org.apache.ratis.server.impl.LeaderElection.waitForResults(LeaderElection.java:259)
	at org.apache.ratis.server.impl.LeaderElection.askForVotes(LeaderElection.java:197)
	at org.apache.ratis.server.impl.LeaderElection.run(LeaderElection.java:133)
	at java.lang.Thread.run(Thread.java:748)
Caused by: org.apache.ratis.thirdparty.io.grpc.StatusRuntimeException: UNAVAILABLE: io exception
	at org.apache.ratis.thirdparty.io.grpc.stub.ClientCalls.toStatusRuntimeException(ClientCalls.java:233)
	at org.apache.ratis.thirdparty.io.grpc.stub.ClientCalls.getUnchecked(ClientCalls.java:214)
	at org.apache.ratis.thirdparty.io.grpc.stub.ClientCalls.blockingUnaryCall(ClientCalls.java:139)
	at org.apache.ratis.proto.grpc.RaftServerProtocolServiceGrpc$RaftServerProtocolServiceBlockingStub.requestVote(RaftServerProtocolServiceGrpc.java:265)
	at org.apache.ratis.grpc.server.GrpcServerProtocolClient.requestVote(GrpcServerProtocolClient.java:99)
	at org.apache.ratis.grpc.server.GrpcService.requestVote(GrpcService.java:204)
	at org.apache.ratis.server.impl.LeaderElection.lambda$submitRequests$1(LeaderElection.java:234)
	at java.util.concurrent.FutureTask.run(FutureTask.java:266)
	at java.util.concurrent.Executors$RunnableAdapter.call(Executors.java:511)
	at java.util.concurrent.FutureTask.run(FutureTask.java:266)
	at java.util.concurrent.ThreadPoolExecutor.runWorker(ThreadPoolExecutor.java:1149)
	at java.util.concurrent.ThreadPoolExecutor$Worker.run(ThreadPoolExecutor.java:624)
	... 1 more
Caused by: org.apache.ratis.thirdparty.io.netty.channel.AbstractChannel$AnnotatedConnectException: Connection refused: /192.168.157.223:33910
	at sun.nio.ch.SocketChannelImpl.checkConnect(Native Method)
	at sun.nio.ch.SocketChannelImpl.finishConnect(SocketChannelImpl.java:717)
	at org.apache.ratis.thirdparty.io.netty.channel.socket.nio.NioSocketChannel.doFinishConnect(NioSocketChannel.java:327)
	at org.apache.ratis.thirdparty.io.netty.channel.nio.AbstractNioChannel$AbstractNioUnsafe.finishConnect(AbstractNioChannel.java:340)
	at org.apache.ratis.thirdparty.io.netty.channel.nio.NioEventLoop.processSelectedKey(NioEventLoop.java:632)
	at org.apache.ratis.thirdparty.io.netty.channel.nio.NioEventLoop.processSelectedKeysOptimized(NioEventLoop.java:579)
	at org.apache.ratis.thirdparty.io.netty.channel.nio.NioEventLoop.processSelectedKeys(NioEventLoop.java:496)
	at org.apache.ratis.thirdparty.io.netty.channel.nio.NioEventLoop.run(NioEventLoop.java:458)
	at org.apache.ratis.thirdparty.io.netty.util.concurrent.SingleThreadEventExecutor$5.run(SingleThreadEventExecutor.java:897)
	at org.apache.ratis.thirdparty.io.netty.util.concurrent.FastThreadLocalRunnable.run(FastThreadLocalRunnable.java:30)
	... 1 more
Caused by: java.net.ConnectException: Connection refused
	... 11 more
2019-10-17 21:55:17,147 [d6dfcdd7-fc6e-4b51-b91e-b64503dadc5e@group-F967393F7C93-LeaderElection271] INFO  impl.LeaderElection (LogUtils.java:infoOrTrace(149)) - d6dfcdd7-fc6e-4b51-b91e-b64503dadc5e@group-F967393F7C93-LeaderElection271 got exception when requesting votes: {}
java.util.concurrent.ExecutionException: org.apache.ratis.thirdparty.io.grpc.StatusRuntimeException: UNAVAILABLE: io exception
	at java.util.concurrent.FutureTask.report(FutureTask.java:122)
	at java.util.concurrent.FutureTask.get(FutureTask.java:192)
	at org.apache.ratis.server.impl.LeaderElection.waitForResults(LeaderElection.java:259)
	at org.apache.ratis.server.impl.LeaderElection.askForVotes(LeaderElection.java:197)
	at org.apache.ratis.server.impl.LeaderElection.run(LeaderElection.java:133)
	at java.lang.Thread.run(Thread.java:748)
Caused by: org.apache.ratis.thirdparty.io.grpc.StatusRuntimeException: UNAVAILABLE: io exception
	at org.apache.ratis.thirdparty.io.grpc.stub.ClientCalls.toStatusRuntimeException(ClientCalls.java:233)
	at org.apache.ratis.thirdparty.io.grpc.stub.ClientCalls.getUnchecked(ClientCalls.java:214)
	at org.apache.ratis.thirdparty.io.grpc.stub.ClientCalls.blockingUnaryCall(ClientCalls.java:139)
	at org.apache.ratis.proto.grpc.RaftServerProtocolServiceGrpc$RaftServerProtocolServiceBlockingStub.requestVote(RaftServerProtocolServiceGrpc.java:265)
	at org.apache.ratis.grpc.server.GrpcServerProtocolClient.requestVote(GrpcServerProtocolClient.java:99)
	at org.apache.ratis.grpc.server.GrpcService.requestVote(GrpcService.java:204)
	at org.apache.ratis.server.impl.LeaderElection.lambda$submitRequests$1(LeaderElection.java:234)
	at java.util.concurrent.FutureTask.run(FutureTask.java:266)
	at java.util.concurrent.Executors$RunnableAdapter.call(Executors.java:511)
	at java.util.concurrent.FutureTask.run(FutureTask.java:266)
	at java.util.concurrent.ThreadPoolExecutor.runWorker(ThreadPoolExecutor.java:1149)
	at java.util.concurrent.ThreadPoolExecutor$Worker.run(ThreadPoolExecutor.java:624)
	... 1 more
Caused by: org.apache.ratis.thirdparty.io.netty.channel.AbstractChannel$AnnotatedConnectException: Connection refused: /192.168.157.223:42172
	at sun.nio.ch.SocketChannelImpl.checkConnect(Native Method)
	at sun.nio.ch.SocketChannelImpl.finishConnect(SocketChannelImpl.java:717)
	at org.apache.ratis.thirdparty.io.netty.channel.socket.nio.NioSocketChannel.doFinishConnect(NioSocketChannel.java:327)
	at org.apache.ratis.thirdparty.io.netty.channel.nio.AbstractNioChannel$AbstractNioUnsafe.finishConnect(AbstractNioChannel.java:340)
	at org.apache.ratis.thirdparty.io.netty.channel.nio.NioEventLoop.processSelectedKey(NioEventLoop.java:632)
	at org.apache.ratis.thirdparty.io.netty.channel.nio.NioEventLoop.processSelectedKeysOptimized(NioEventLoop.java:579)
	at org.apache.ratis.thirdparty.io.netty.channel.nio.NioEventLoop.processSelectedKeys(NioEventLoop.java:496)
	at org.apache.ratis.thirdparty.io.netty.channel.nio.NioEventLoop.run(NioEventLoop.java:458)
	at org.apache.ratis.thirdparty.io.netty.util.concurrent.SingleThreadEventExecutor$5.run(SingleThreadEventExecutor.java:897)
	at org.apache.ratis.thirdparty.io.netty.util.concurrent.FastThreadLocalRunnable.run(FastThreadLocalRunnable.java:30)
	... 1 more
Caused by: java.net.ConnectException: Connection refused
	... 11 more
2019-10-17 21:55:17,148 [d6dfcdd7-fc6e-4b51-b91e-b64503dadc5e@group-F967393F7C93-LeaderElection271] INFO  impl.LeaderElection (LeaderElection.java:logAndReturn(56)) - d6dfcdd7-fc6e-4b51-b91e-b64503dadc5e@group-F967393F7C93-LeaderElection271: Election REJECTED; received 0 response(s) [] and 2 exception(s); d6dfcdd7-fc6e-4b51-b91e-b64503dadc5e@group-F967393F7C93:t274, leader=null, voted=d6dfcdd7-fc6e-4b51-b91e-b64503dadc5e, raftlog=d6dfcdd7-fc6e-4b51-b91e-b64503dadc5e@group-F967393F7C93-SegmentedRaftLog:OPENED:c-1,f-1,i0, conf=-1: [08d4cbaa-ffed-4411-a5fd-c4a38026aead:192.168.157.223:33910, da15dfee-23f0-4dc4-ad77-c00156c49cfa:192.168.157.223:42172, d6dfcdd7-fc6e-4b51-b91e-b64503dadc5e:192.168.157.223:43575], old=null
2019-10-17 21:55:17,148 [d6dfcdd7-fc6e-4b51-b91e-b64503dadc5e@group-F967393F7C93-LeaderElection271] INFO  impl.LeaderElection (LogUtils.java:infoOrTrace(149)) -   Exception 0: {}
java.util.concurrent.ExecutionException: org.apache.ratis.thirdparty.io.grpc.StatusRuntimeException: UNAVAILABLE: io exception
	at java.util.concurrent.FutureTask.report(FutureTask.java:122)
	at java.util.concurrent.FutureTask.get(FutureTask.java:192)
	at org.apache.ratis.server.impl.LeaderElection.waitForResults(LeaderElection.java:259)
	at org.apache.ratis.server.impl.LeaderElection.askForVotes(LeaderElection.java:197)
	at org.apache.ratis.server.impl.LeaderElection.run(LeaderElection.java:133)
	at java.lang.Thread.run(Thread.java:748)
Caused by: org.apache.ratis.thirdparty.io.grpc.StatusRuntimeException: UNAVAILABLE: io exception
	at org.apache.ratis.thirdparty.io.grpc.stub.ClientCalls.toStatusRuntimeException(ClientCalls.java:233)
	at org.apache.ratis.thirdparty.io.grpc.stub.ClientCalls.getUnchecked(ClientCalls.java:214)
	at org.apache.ratis.thirdparty.io.grpc.stub.ClientCalls.blockingUnaryCall(ClientCalls.java:139)
	at org.apache.ratis.proto.grpc.RaftServerProtocolServiceGrpc$RaftServerProtocolServiceBlockingStub.requestVote(RaftServerProtocolServiceGrpc.java:265)
	at org.apache.ratis.grpc.server.GrpcServerProtocolClient.requestVote(GrpcServerProtocolClient.java:99)
	at org.apache.ratis.grpc.server.GrpcService.requestVote(GrpcService.java:204)
	at org.apache.ratis.server.impl.LeaderElection.lambda$submitRequests$1(LeaderElection.java:234)
	at java.util.concurrent.FutureTask.run(FutureTask.java:266)
	at java.util.concurrent.Executors$RunnableAdapter.call(Executors.java:511)
	at java.util.concurrent.FutureTask.run(FutureTask.java:266)
	at java.util.concurrent.ThreadPoolExecutor.runWorker(ThreadPoolExecutor.java:1149)
	at java.util.concurrent.ThreadPoolExecutor$Worker.run(ThreadPoolExecutor.java:624)
	... 1 more
Caused by: org.apache.ratis.thirdparty.io.netty.channel.AbstractChannel$AnnotatedConnectException: Connection refused: /192.168.157.223:33910
	at sun.nio.ch.SocketChannelImpl.checkConnect(Native Method)
	at sun.nio.ch.SocketChannelImpl.finishConnect(SocketChannelImpl.java:717)
	at org.apache.ratis.thirdparty.io.netty.channel.socket.nio.NioSocketChannel.doFinishConnect(NioSocketChannel.java:327)
	at org.apache.ratis.thirdparty.io.netty.channel.nio.AbstractNioChannel$AbstractNioUnsafe.finishConnect(AbstractNioChannel.java:340)
	at org.apache.ratis.thirdparty.io.netty.channel.nio.NioEventLoop.processSelectedKey(NioEventLoop.java:632)
	at org.apache.ratis.thirdparty.io.netty.channel.nio.NioEventLoop.processSelectedKeysOptimized(NioEventLoop.java:579)
	at org.apache.ratis.thirdparty.io.netty.channel.nio.NioEventLoop.processSelectedKeys(NioEventLoop.java:496)
	at org.apache.ratis.thirdparty.io.netty.channel.nio.NioEventLoop.run(NioEventLoop.java:458)
	at org.apache.ratis.thirdparty.io.netty.util.concurrent.SingleThreadEventExecutor$5.run(SingleThreadEventExecutor.java:897)
	at org.apache.ratis.thirdparty.io.netty.util.concurrent.FastThreadLocalRunnable.run(FastThreadLocalRunnable.java:30)
	... 1 more
Caused by: java.net.ConnectException: Connection refused
	... 11 more
2019-10-17 21:55:17,148 [d6dfcdd7-fc6e-4b51-b91e-b64503dadc5e@group-F967393F7C93-LeaderElection271] INFO  impl.LeaderElection (LogUtils.java:infoOrTrace(149)) -   Exception 1: {}
java.util.concurrent.ExecutionException: org.apache.ratis.thirdparty.io.grpc.StatusRuntimeException: UNAVAILABLE: io exception
	at java.util.concurrent.FutureTask.report(FutureTask.java:122)
	at java.util.concurrent.FutureTask.get(FutureTask.java:192)
	at org.apache.ratis.server.impl.LeaderElection.waitForResults(LeaderElection.java:259)
	at org.apache.ratis.server.impl.LeaderElection.askForVotes(LeaderElection.java:197)
	at org.apache.ratis.server.impl.LeaderElection.run(LeaderElection.java:133)
	at java.lang.Thread.run(Thread.java:748)
Caused by: org.apache.ratis.thirdparty.io.grpc.StatusRuntimeException: UNAVAILABLE: io exception
	at org.apache.ratis.thirdparty.io.grpc.stub.ClientCalls.toStatusRuntimeException(ClientCalls.java:233)
	at org.apache.ratis.thirdparty.io.grpc.stub.ClientCalls.getUnchecked(ClientCalls.java:214)
	at org.apache.ratis.thirdparty.io.grpc.stub.ClientCalls.blockingUnaryCall(ClientCalls.java:139)
	at org.apache.ratis.proto.grpc.RaftServerProtocolServiceGrpc$RaftServerProtocolServiceBlockingStub.requestVote(RaftServerProtocolServiceGrpc.java:265)
	at org.apache.ratis.grpc.server.GrpcServerProtocolClient.requestVote(GrpcServerProtocolClient.java:99)
	at org.apache.ratis.grpc.server.GrpcService.requestVote(GrpcService.java:204)
	at org.apache.ratis.server.impl.LeaderElection.lambda$submitRequests$1(LeaderElection.java:234)
	at java.util.concurrent.FutureTask.run(FutureTask.java:266)
	at java.util.concurrent.Executors$RunnableAdapter.call(Executors.java:511)
	at java.util.concurrent.FutureTask.run(FutureTask.java:266)
	at java.util.concurrent.ThreadPoolExecutor.runWorker(ThreadPoolExecutor.java:1149)
	at java.util.concurrent.ThreadPoolExecutor$Worker.run(ThreadPoolExecutor.java:624)
	... 1 more
Caused by: org.apache.ratis.thirdparty.io.netty.channel.AbstractChannel$AnnotatedConnectException: Connection refused: /192.168.157.223:42172
	at sun.nio.ch.SocketChannelImpl.checkConnect(Native Method)
	at sun.nio.ch.SocketChannelImpl.finishConnect(SocketChannelImpl.java:717)
	at org.apache.ratis.thirdparty.io.netty.channel.socket.nio.NioSocketChannel.doFinishConnect(NioSocketChannel.java:327)
	at org.apache.ratis.thirdparty.io.netty.channel.nio.AbstractNioChannel$AbstractNioUnsafe.finishConnect(AbstractNioChannel.java:340)
	at org.apache.ratis.thirdparty.io.netty.channel.nio.NioEventLoop.processSelectedKey(NioEventLoop.java:632)
	at org.apache.ratis.thirdparty.io.netty.channel.nio.NioEventLoop.processSelectedKeysOptimized(NioEventLoop.java:579)
	at org.apache.ratis.thirdparty.io.netty.channel.nio.NioEventLoop.processSelectedKeys(NioEventLoop.java:496)
	at org.apache.ratis.thirdparty.io.netty.channel.nio.NioEventLoop.run(NioEventLoop.java:458)
	at org.apache.ratis.thirdparty.io.netty.util.concurrent.SingleThreadEventExecutor$5.run(SingleThreadEventExecutor.java:897)
	at org.apache.ratis.thirdparty.io.netty.util.concurrent.FastThreadLocalRunnable.run(FastThreadLocalRunnable.java:30)
	... 1 more
Caused by: java.net.ConnectException: Connection refused
	... 11 more
2019-10-17 21:55:17,149 [d6dfcdd7-fc6e-4b51-b91e-b64503dadc5e@group-F967393F7C93-LeaderElection271] INFO  impl.RaftServerImpl (RaftServerImpl.java:setRole(184)) - d6dfcdd7-fc6e-4b51-b91e-b64503dadc5e@group-F967393F7C93: changes role from CANDIDATE to FOLLOWER at term 274 for DISCOVERED_A_NEW_TERM
2019-10-17 21:55:17,149 [d6dfcdd7-fc6e-4b51-b91e-b64503dadc5e@group-F967393F7C93-LeaderElection271] INFO  impl.RoleInfo (RoleInfo.java:shutdownLeaderElection(134)) - d6dfcdd7-fc6e-4b51-b91e-b64503dadc5e: shutdown LeaderElection
2019-10-17 21:55:17,149 [d6dfcdd7-fc6e-4b51-b91e-b64503dadc5e@group-F967393F7C93-LeaderElection271] INFO  impl.RoleInfo (RoleInfo.java:updateAndGet(143)) - d6dfcdd7-fc6e-4b51-b91e-b64503dadc5e: start FollowerState
2019-10-17 21:55:17,202 [Thread-2262] INFO  impl.FollowerState (FollowerState.java:run(108)) - d6dfcdd7-fc6e-4b51-b91e-b64503dadc5e@group-F967393F7C93-FollowerState: change to CANDIDATE, lastRpcTime:52ms, electionTimeout:52ms
2019-10-17 21:55:17,202 [Thread-2262] INFO  impl.RoleInfo (RoleInfo.java:shutdownFollowerState(121)) - d6dfcdd7-fc6e-4b51-b91e-b64503dadc5e: shutdown FollowerState
2019-10-17 21:55:17,202 [Thread-2262] INFO  impl.RaftServerImpl (RaftServerImpl.java:setRole(184)) - d6dfcdd7-fc6e-4b51-b91e-b64503dadc5e@group-F967393F7C93: changes role from  FOLLOWER to CANDIDATE at term 274 for changeToCandidate
2019-10-17 21:55:17,202 [Thread-2262] INFO  impl.RoleInfo (RoleInfo.java:updateAndGet(143)) - d6dfcdd7-fc6e-4b51-b91e-b64503dadc5e: start LeaderElection
2019-10-17 21:55:17,224 [d6dfcdd7-fc6e-4b51-b91e-b64503dadc5e@group-F967393F7C93-LeaderElection272] INFO  impl.LeaderElection (LeaderElection.java:askForVotes(178)) - d6dfcdd7-fc6e-4b51-b91e-b64503dadc5e@group-F967393F7C93-LeaderElection272: begin an election at term 275 for -1: [08d4cbaa-ffed-4411-a5fd-c4a38026aead:192.168.157.223:33910, da15dfee-23f0-4dc4-ad77-c00156c49cfa:192.168.157.223:42172, d6dfcdd7-fc6e-4b51-b91e-b64503dadc5e:192.168.157.223:43575], old=null
2019-10-17 21:55:17,225 [d6dfcdd7-fc6e-4b51-b91e-b64503dadc5e@group-F967393F7C93-LeaderElection272] INFO  impl.LeaderElection (LogUtils.java:infoOrTrace(149)) - d6dfcdd7-fc6e-4b51-b91e-b64503dadc5e@group-F967393F7C93-LeaderElection272 got exception when requesting votes: {}
java.util.concurrent.ExecutionException: org.apache.ratis.thirdparty.io.grpc.StatusRuntimeException: UNAVAILABLE: io exception
	at java.util.concurrent.FutureTask.report(FutureTask.java:122)
	at java.util.concurrent.FutureTask.get(FutureTask.java:192)
	at org.apache.ratis.server.impl.LeaderElection.waitForResults(LeaderElection.java:259)
	at org.apache.ratis.server.impl.LeaderElection.askForVotes(LeaderElection.java:197)
	at org.apache.ratis.server.impl.LeaderElection.run(LeaderElection.java:133)
	at java.lang.Thread.run(Thread.java:748)
Caused by: org.apache.ratis.thirdparty.io.grpc.StatusRuntimeException: UNAVAILABLE: io exception
	at org.apache.ratis.thirdparty.io.grpc.stub.ClientCalls.toStatusRuntimeException(ClientCalls.java:233)
	at org.apache.ratis.thirdparty.io.grpc.stub.ClientCalls.getUnchecked(ClientCalls.java:214)
	at org.apache.ratis.thirdparty.io.grpc.stub.ClientCalls.blockingUnaryCall(ClientCalls.java:139)
	at org.apache.ratis.proto.grpc.RaftServerProtocolServiceGrpc$RaftServerProtocolServiceBlockingStub.requestVote(RaftServerProtocolServiceGrpc.java:265)
	at org.apache.ratis.grpc.server.GrpcServerProtocolClient.requestVote(GrpcServerProtocolClient.java:99)
	at org.apache.ratis.grpc.server.GrpcService.requestVote(GrpcService.java:204)
	at org.apache.ratis.server.impl.LeaderElection.lambda$submitRequests$1(LeaderElection.java:234)
	at java.util.concurrent.FutureTask.run(FutureTask.java:266)
	at java.util.concurrent.Executors$RunnableAdapter.call(Executors.java:511)
	at java.util.concurrent.FutureTask.run(FutureTask.java:266)
	at java.util.concurrent.ThreadPoolExecutor.runWorker(ThreadPoolExecutor.java:1149)
	at java.util.concurrent.ThreadPoolExecutor$Worker.run(ThreadPoolExecutor.java:624)
	... 1 more
Caused by: org.apache.ratis.thirdparty.io.netty.channel.AbstractChannel$AnnotatedConnectException: Connection refused: /192.168.157.223:33910
	at sun.nio.ch.SocketChannelImpl.checkConnect(Native Method)
	at sun.nio.ch.SocketChannelImpl.finishConnect(SocketChannelImpl.java:717)
	at org.apache.ratis.thirdparty.io.netty.channel.socket.nio.NioSocketChannel.doFinishConnect(NioSocketChannel.java:327)
	at org.apache.ratis.thirdparty.io.netty.channel.nio.AbstractNioChannel$AbstractNioUnsafe.finishConnect(AbstractNioChannel.java:340)
	at org.apache.ratis.thirdparty.io.netty.channel.nio.NioEventLoop.processSelectedKey(NioEventLoop.java:632)
	at org.apache.ratis.thirdparty.io.netty.channel.nio.NioEventLoop.processSelectedKeysOptimized(NioEventLoop.java:579)
	at org.apache.ratis.thirdparty.io.netty.channel.nio.NioEventLoop.processSelectedKeys(NioEventLoop.java:496)
	at org.apache.ratis.thirdparty.io.netty.channel.nio.NioEventLoop.run(NioEventLoop.java:458)
	at org.apache.ratis.thirdparty.io.netty.util.concurrent.SingleThreadEventExecutor$5.run(SingleThreadEventExecutor.java:897)
	at org.apache.ratis.thirdparty.io.netty.util.concurrent.FastThreadLocalRunnable.run(FastThreadLocalRunnable.java:30)
	... 1 more
Caused by: java.net.ConnectException: Connection refused
	... 11 more
2019-10-17 21:55:17,225 [d6dfcdd7-fc6e-4b51-b91e-b64503dadc5e@group-F967393F7C93-LeaderElection272] INFO  impl.LeaderElection (LogUtils.java:infoOrTrace(149)) - d6dfcdd7-fc6e-4b51-b91e-b64503dadc5e@group-F967393F7C93-LeaderElection272 got exception when requesting votes: {}
java.util.concurrent.ExecutionException: org.apache.ratis.thirdparty.io.grpc.StatusRuntimeException: UNAVAILABLE: io exception
	at java.util.concurrent.FutureTask.report(FutureTask.java:122)
	at java.util.concurrent.FutureTask.get(FutureTask.java:192)
	at org.apache.ratis.server.impl.LeaderElection.waitForResults(LeaderElection.java:259)
	at org.apache.ratis.server.impl.LeaderElection.askForVotes(LeaderElection.java:197)
	at org.apache.ratis.server.impl.LeaderElection.run(LeaderElection.java:133)
	at java.lang.Thread.run(Thread.java:748)
Caused by: org.apache.ratis.thirdparty.io.grpc.StatusRuntimeException: UNAVAILABLE: io exception
	at org.apache.ratis.thirdparty.io.grpc.stub.ClientCalls.toStatusRuntimeException(ClientCalls.java:233)
	at org.apache.ratis.thirdparty.io.grpc.stub.ClientCalls.getUnchecked(ClientCalls.java:214)
	at org.apache.ratis.thirdparty.io.grpc.stub.ClientCalls.blockingUnaryCall(ClientCalls.java:139)
	at org.apache.ratis.proto.grpc.RaftServerProtocolServiceGrpc$RaftServerProtocolServiceBlockingStub.requestVote(RaftServerProtocolServiceGrpc.java:265)
	at org.apache.ratis.grpc.server.GrpcServerProtocolClient.requestVote(GrpcServerProtocolClient.java:99)
	at org.apache.ratis.grpc.server.GrpcService.requestVote(GrpcService.java:204)
	at org.apache.ratis.server.impl.LeaderElection.lambda$submitRequests$1(LeaderElection.java:234)
	at java.util.concurrent.FutureTask.run(FutureTask.java:266)
	at java.util.concurrent.Executors$RunnableAdapter.call(Executors.java:511)
	at java.util.concurrent.FutureTask.run(FutureTask.java:266)
	at java.util.concurrent.ThreadPoolExecutor.runWorker(ThreadPoolExecutor.java:1149)
	at java.util.concurrent.ThreadPoolExecutor$Worker.run(ThreadPoolExecutor.java:624)
	... 1 more
Caused by: org.apache.ratis.thirdparty.io.netty.channel.AbstractChannel$AnnotatedConnectException: Connection refused: /192.168.157.223:42172
	at sun.nio.ch.SocketChannelImpl.checkConnect(Native Method)
	at sun.nio.ch.SocketChannelImpl.finishConnect(SocketChannelImpl.java:717)
	at org.apache.ratis.thirdparty.io.netty.channel.socket.nio.NioSocketChannel.doFinishConnect(NioSocketChannel.java:327)
	at org.apache.ratis.thirdparty.io.netty.channel.nio.AbstractNioChannel$AbstractNioUnsafe.finishConnect(AbstractNioChannel.java:340)
	at org.apache.ratis.thirdparty.io.netty.channel.nio.NioEventLoop.processSelectedKey(NioEventLoop.java:632)
	at org.apache.ratis.thirdparty.io.netty.channel.nio.NioEventLoop.processSelectedKeysOptimized(NioEventLoop.java:579)
	at org.apache.ratis.thirdparty.io.netty.channel.nio.NioEventLoop.processSelectedKeys(NioEventLoop.java:496)
	at org.apache.ratis.thirdparty.io.netty.channel.nio.NioEventLoop.run(NioEventLoop.java:458)
	at org.apache.ratis.thirdparty.io.netty.util.concurrent.SingleThreadEventExecutor$5.run(SingleThreadEventExecutor.java:897)
	at org.apache.ratis.thirdparty.io.netty.util.concurrent.FastThreadLocalRunnable.run(FastThreadLocalRunnable.java:30)
	... 1 more
Caused by: java.net.ConnectException: Connection refused
	... 11 more
2019-10-17 21:55:17,226 [d6dfcdd7-fc6e-4b51-b91e-b64503dadc5e@group-F967393F7C93-LeaderElection272] INFO  impl.LeaderElection (LeaderElection.java:logAndReturn(56)) - d6dfcdd7-fc6e-4b51-b91e-b64503dadc5e@group-F967393F7C93-LeaderElection272: Election REJECTED; received 0 response(s) [] and 2 exception(s); d6dfcdd7-fc6e-4b51-b91e-b64503dadc5e@group-F967393F7C93:t275, leader=null, voted=d6dfcdd7-fc6e-4b51-b91e-b64503dadc5e, raftlog=d6dfcdd7-fc6e-4b51-b91e-b64503dadc5e@group-F967393F7C93-SegmentedRaftLog:OPENED:c-1,f-1,i0, conf=-1: [08d4cbaa-ffed-4411-a5fd-c4a38026aead:192.168.157.223:33910, da15dfee-23f0-4dc4-ad77-c00156c49cfa:192.168.157.223:42172, d6dfcdd7-fc6e-4b51-b91e-b64503dadc5e:192.168.157.223:43575], old=null
2019-10-17 21:55:17,226 [d6dfcdd7-fc6e-4b51-b91e-b64503dadc5e@group-F967393F7C93-LeaderElection272] INFO  impl.LeaderElection (LogUtils.java:infoOrTrace(149)) -   Exception 0: {}
java.util.concurrent.ExecutionException: org.apache.ratis.thirdparty.io.grpc.StatusRuntimeException: UNAVAILABLE: io exception
	at java.util.concurrent.FutureTask.report(FutureTask.java:122)
	at java.util.concurrent.FutureTask.get(FutureTask.java:192)
	at org.apache.ratis.server.impl.LeaderElection.waitForResults(LeaderElection.java:259)
	at org.apache.ratis.server.impl.LeaderElection.askForVotes(LeaderElection.java:197)
	at org.apache.ratis.server.impl.LeaderElection.run(LeaderElection.java:133)
	at java.lang.Thread.run(Thread.java:748)
Caused by: org.apache.ratis.thirdparty.io.grpc.StatusRuntimeException: UNAVAILABLE: io exception
	at org.apache.ratis.thirdparty.io.grpc.stub.ClientCalls.toStatusRuntimeException(ClientCalls.java:233)
	at org.apache.ratis.thirdparty.io.grpc.stub.ClientCalls.getUnchecked(ClientCalls.java:214)
	at org.apache.ratis.thirdparty.io.grpc.stub.ClientCalls.blockingUnaryCall(ClientCalls.java:139)
	at org.apache.ratis.proto.grpc.RaftServerProtocolServiceGrpc$RaftServerProtocolServiceBlockingStub.requestVote(RaftServerProtocolServiceGrpc.java:265)
	at org.apache.ratis.grpc.server.GrpcServerProtocolClient.requestVote(GrpcServerProtocolClient.java:99)
	at org.apache.ratis.grpc.server.GrpcService.requestVote(GrpcService.java:204)
	at org.apache.ratis.server.impl.LeaderElection.lambda$submitRequests$1(LeaderElection.java:234)
	at java.util.concurrent.FutureTask.run(FutureTask.java:266)
	at java.util.concurrent.Executors$RunnableAdapter.call(Executors.java:511)
	at java.util.concurrent.FutureTask.run(FutureTask.java:266)
	at java.util.concurrent.ThreadPoolExecutor.runWorker(ThreadPoolExecutor.java:1149)
	at java.util.concurrent.ThreadPoolExecutor$Worker.run(ThreadPoolExecutor.java:624)
	... 1 more
Caused by: org.apache.ratis.thirdparty.io.netty.channel.AbstractChannel$AnnotatedConnectException: Connection refused: /192.168.157.223:33910
	at sun.nio.ch.SocketChannelImpl.checkConnect(Native Method)
	at sun.nio.ch.SocketChannelImpl.finishConnect(SocketChannelImpl.java:717)
	at org.apache.ratis.thirdparty.io.netty.channel.socket.nio.NioSocketChannel.doFinishConnect(NioSocketChannel.java:327)
	at org.apache.ratis.thirdparty.io.netty.channel.nio.AbstractNioChannel$AbstractNioUnsafe.finishConnect(AbstractNioChannel.java:340)
	at org.apache.ratis.thirdparty.io.netty.channel.nio.NioEventLoop.processSelectedKey(NioEventLoop.java:632)
	at org.apache.ratis.thirdparty.io.netty.channel.nio.NioEventLoop.processSelectedKeysOptimized(NioEventLoop.java:579)
	at org.apache.ratis.thirdparty.io.netty.channel.nio.NioEventLoop.processSelectedKeys(NioEventLoop.java:496)
	at org.apache.ratis.thirdparty.io.netty.channel.nio.NioEventLoop.run(NioEventLoop.java:458)
	at org.apache.ratis.thirdparty.io.netty.util.concurrent.SingleThreadEventExecutor$5.run(SingleThreadEventExecutor.java:897)
	at org.apache.ratis.thirdparty.io.netty.util.concurrent.FastThreadLocalRunnable.run(FastThreadLocalRunnable.java:30)
	... 1 more
Caused by: java.net.ConnectException: Connection refused
	... 11 more
2019-10-17 21:55:17,226 [d6dfcdd7-fc6e-4b51-b91e-b64503dadc5e@group-F967393F7C93-LeaderElection272] INFO  impl.LeaderElection (LogUtils.java:infoOrTrace(149)) -   Exception 1: {}
java.util.concurrent.ExecutionException: org.apache.ratis.thirdparty.io.grpc.StatusRuntimeException: UNAVAILABLE: io exception
	at java.util.concurrent.FutureTask.report(FutureTask.java:122)
	at java.util.concurrent.FutureTask.get(FutureTask.java:192)
	at org.apache.ratis.server.impl.LeaderElection.waitForResults(LeaderElection.java:259)
	at org.apache.ratis.server.impl.LeaderElection.askForVotes(LeaderElection.java:197)
	at org.apache.ratis.server.impl.LeaderElection.run(LeaderElection.java:133)
	at java.lang.Thread.run(Thread.java:748)
Caused by: org.apache.ratis.thirdparty.io.grpc.StatusRuntimeException: UNAVAILABLE: io exception
	at org.apache.ratis.thirdparty.io.grpc.stub.ClientCalls.toStatusRuntimeException(ClientCalls.java:233)
	at org.apache.ratis.thirdparty.io.grpc.stub.ClientCalls.getUnchecked(ClientCalls.java:214)
	at org.apache.ratis.thirdparty.io.grpc.stub.ClientCalls.blockingUnaryCall(ClientCalls.java:139)
	at org.apache.ratis.proto.grpc.RaftServerProtocolServiceGrpc$RaftServerProtocolServiceBlockingStub.requestVote(RaftServerProtocolServiceGrpc.java:265)
	at org.apache.ratis.grpc.server.GrpcServerProtocolClient.requestVote(GrpcServerProtocolClient.java:99)
	at org.apache.ratis.grpc.server.GrpcService.requestVote(GrpcService.java:204)
	at org.apache.ratis.server.impl.LeaderElection.lambda$submitRequests$1(LeaderElection.java:234)
	at java.util.concurrent.FutureTask.run(FutureTask.java:266)
	at java.util.concurrent.Executors$RunnableAdapter.call(Executors.java:511)
	at java.util.concurrent.FutureTask.run(FutureTask.java:266)
	at java.util.concurrent.ThreadPoolExecutor.runWorker(ThreadPoolExecutor.java:1149)
	at java.util.concurrent.ThreadPoolExecutor$Worker.run(ThreadPoolExecutor.java:624)
	... 1 more
Caused by: org.apache.ratis.thirdparty.io.netty.channel.AbstractChannel$AnnotatedConnectException: Connection refused: /192.168.157.223:42172
	at sun.nio.ch.SocketChannelImpl.checkConnect(Native Method)
	at sun.nio.ch.SocketChannelImpl.finishConnect(SocketChannelImpl.java:717)
	at org.apache.ratis.thirdparty.io.netty.channel.socket.nio.NioSocketChannel.doFinishConnect(NioSocketChannel.java:327)
	at org.apache.ratis.thirdparty.io.netty.channel.nio.AbstractNioChannel$AbstractNioUnsafe.finishConnect(AbstractNioChannel.java:340)
	at org.apache.ratis.thirdparty.io.netty.channel.nio.NioEventLoop.processSelectedKey(NioEventLoop.java:632)
	at org.apache.ratis.thirdparty.io.netty.channel.nio.NioEventLoop.processSelectedKeysOptimized(NioEventLoop.java:579)
	at org.apache.ratis.thirdparty.io.netty.channel.nio.NioEventLoop.processSelectedKeys(NioEventLoop.java:496)
	at org.apache.ratis.thirdparty.io.netty.channel.nio.NioEventLoop.run(NioEventLoop.java:458)
	at org.apache.ratis.thirdparty.io.netty.util.concurrent.SingleThreadEventExecutor$5.run(SingleThreadEventExecutor.java:897)
	at org.apache.ratis.thirdparty.io.netty.util.concurrent.FastThreadLocalRunnable.run(FastThreadLocalRunnable.java:30)
	... 1 more
Caused by: java.net.ConnectException: Connection refused
	... 11 more
2019-10-17 21:55:17,227 [d6dfcdd7-fc6e-4b51-b91e-b64503dadc5e@group-F967393F7C93-LeaderElection272] INFO  impl.RaftServerImpl (RaftServerImpl.java:setRole(184)) - d6dfcdd7-fc6e-4b51-b91e-b64503dadc5e@group-F967393F7C93: changes role from CANDIDATE to FOLLOWER at term 275 for DISCOVERED_A_NEW_TERM
2019-10-17 21:55:17,227 [d6dfcdd7-fc6e-4b51-b91e-b64503dadc5e@group-F967393F7C93-LeaderElection272] INFO  impl.RoleInfo (RoleInfo.java:shutdownLeaderElection(134)) - d6dfcdd7-fc6e-4b51-b91e-b64503dadc5e: shutdown LeaderElection
2019-10-17 21:55:17,227 [d6dfcdd7-fc6e-4b51-b91e-b64503dadc5e@group-F967393F7C93-LeaderElection272] INFO  impl.RoleInfo (RoleInfo.java:updateAndGet(143)) - d6dfcdd7-fc6e-4b51-b91e-b64503dadc5e: start FollowerState
2019-10-17 21:55:17,283 [java.util.concurrent.ThreadPoolExecutor$Worker@71aa17a1[State = -1, empty queue]] WARN  server.GrpcLogAppender (GrpcLogAppender.java:timeoutAppendRequest(209)) - de567563-d0dd-4cf2-91b7-f72627909699@group-3097D7458558->db0af43e-c62e-4c1d-affa-ffdb4faae2f8-GrpcLogAppender: appendEntries Timeout, request=de567563-d0dd-4cf2-91b7-f72627909699->db0af43e-c62e-4c1d-affa-ffdb4faae2f8#64-t10, previous=(t:10, i:4), leaderCommit=4, initializing? false, entries: <empty>
2019-10-17 21:55:17,338 [Thread-2266] INFO  impl.FollowerState (FollowerState.java:run(108)) - d6dfcdd7-fc6e-4b51-b91e-b64503dadc5e@group-F967393F7C93-FollowerState: change to CANDIDATE, lastRpcTime:111ms, electionTimeout:111ms
2019-10-17 21:55:17,338 [Thread-2266] INFO  impl.RoleInfo (RoleInfo.java:shutdownFollowerState(121)) - d6dfcdd7-fc6e-4b51-b91e-b64503dadc5e: shutdown FollowerState
2019-10-17 21:55:17,338 [Thread-2266] INFO  impl.RaftServerImpl (RaftServerImpl.java:setRole(184)) - d6dfcdd7-fc6e-4b51-b91e-b64503dadc5e@group-F967393F7C93: changes role from  FOLLOWER to CANDIDATE at term 275 for changeToCandidate
2019-10-17 21:55:17,339 [Thread-2266] INFO  impl.RoleInfo (RoleInfo.java:updateAndGet(143)) - d6dfcdd7-fc6e-4b51-b91e-b64503dadc5e: start LeaderElection
2019-10-17 21:55:17,362 [d6dfcdd7-fc6e-4b51-b91e-b64503dadc5e@group-F967393F7C93-LeaderElection273] INFO  impl.LeaderElection (LeaderElection.java:askForVotes(178)) - d6dfcdd7-fc6e-4b51-b91e-b64503dadc5e@group-F967393F7C93-LeaderElection273: begin an election at term 276 for -1: [08d4cbaa-ffed-4411-a5fd-c4a38026aead:192.168.157.223:33910, da15dfee-23f0-4dc4-ad77-c00156c49cfa:192.168.157.223:42172, d6dfcdd7-fc6e-4b51-b91e-b64503dadc5e:192.168.157.223:43575], old=null
2019-10-17 21:55:17,363 [d6dfcdd7-fc6e-4b51-b91e-b64503dadc5e@group-F967393F7C93-LeaderElection273] INFO  impl.LeaderElection (LogUtils.java:infoOrTrace(149)) - d6dfcdd7-fc6e-4b51-b91e-b64503dadc5e@group-F967393F7C93-LeaderElection273 got exception when requesting votes: {}
java.util.concurrent.ExecutionException: org.apache.ratis.thirdparty.io.grpc.StatusRuntimeException: UNAVAILABLE: io exception
	at java.util.concurrent.FutureTask.report(FutureTask.java:122)
	at java.util.concurrent.FutureTask.get(FutureTask.java:192)
	at org.apache.ratis.server.impl.LeaderElection.waitForResults(LeaderElection.java:259)
	at org.apache.ratis.server.impl.LeaderElection.askForVotes(LeaderElection.java:197)
	at org.apache.ratis.server.impl.LeaderElection.run(LeaderElection.java:133)
	at java.lang.Thread.run(Thread.java:748)
Caused by: org.apache.ratis.thirdparty.io.grpc.StatusRuntimeException: UNAVAILABLE: io exception
	at org.apache.ratis.thirdparty.io.grpc.stub.ClientCalls.toStatusRuntimeException(ClientCalls.java:233)
	at org.apache.ratis.thirdparty.io.grpc.stub.ClientCalls.getUnchecked(ClientCalls.java:214)
	at org.apache.ratis.thirdparty.io.grpc.stub.ClientCalls.blockingUnaryCall(ClientCalls.java:139)
	at org.apache.ratis.proto.grpc.RaftServerProtocolServiceGrpc$RaftServerProtocolServiceBlockingStub.requestVote(RaftServerProtocolServiceGrpc.java:265)
	at org.apache.ratis.grpc.server.GrpcServerProtocolClient.requestVote(GrpcServerProtocolClient.java:99)
	at org.apache.ratis.grpc.server.GrpcService.requestVote(GrpcService.java:204)
	at org.apache.ratis.server.impl.LeaderElection.lambda$submitRequests$1(LeaderElection.java:234)
	at java.util.concurrent.FutureTask.run(FutureTask.java:266)
	at java.util.concurrent.Executors$RunnableAdapter.call(Executors.java:511)
	at java.util.concurrent.FutureTask.run(FutureTask.java:266)
	at java.util.concurrent.ThreadPoolExecutor.runWorker(ThreadPoolExecutor.java:1149)
	at java.util.concurrent.ThreadPoolExecutor$Worker.run(ThreadPoolExecutor.java:624)
	... 1 more
Caused by: org.apache.ratis.thirdparty.io.netty.channel.AbstractChannel$AnnotatedConnectException: Connection refused: /192.168.157.223:33910
	at sun.nio.ch.SocketChannelImpl.checkConnect(Native Method)
	at sun.nio.ch.SocketChannelImpl.finishConnect(SocketChannelImpl.java:717)
	at org.apache.ratis.thirdparty.io.netty.channel.socket.nio.NioSocketChannel.doFinishConnect(NioSocketChannel.java:327)
	at org.apache.ratis.thirdparty.io.netty.channel.nio.AbstractNioChannel$AbstractNioUnsafe.finishConnect(AbstractNioChannel.java:340)
	at org.apache.ratis.thirdparty.io.netty.channel.nio.NioEventLoop.processSelectedKey(NioEventLoop.java:632)
	at org.apache.ratis.thirdparty.io.netty.channel.nio.NioEventLoop.processSelectedKeysOptimized(NioEventLoop.java:579)
	at org.apache.ratis.thirdparty.io.netty.channel.nio.NioEventLoop.processSelectedKeys(NioEventLoop.java:496)
	at org.apache.ratis.thirdparty.io.netty.channel.nio.NioEventLoop.run(NioEventLoop.java:458)
	at org.apache.ratis.thirdparty.io.netty.util.concurrent.SingleThreadEventExecutor$5.run(SingleThreadEventExecutor.java:897)
	at org.apache.ratis.thirdparty.io.netty.util.concurrent.FastThreadLocalRunnable.run(FastThreadLocalRunnable.java:30)
	... 1 more
Caused by: java.net.ConnectException: Connection refused
	... 11 more
2019-10-17 21:55:17,363 [d6dfcdd7-fc6e-4b51-b91e-b64503dadc5e@group-F967393F7C93-LeaderElection273] INFO  impl.LeaderElection (LogUtils.java:infoOrTrace(149)) - d6dfcdd7-fc6e-4b51-b91e-b64503dadc5e@group-F967393F7C93-LeaderElection273 got exception when requesting votes: {}
java.util.concurrent.ExecutionException: org.apache.ratis.thirdparty.io.grpc.StatusRuntimeException: UNAVAILABLE: io exception
	at java.util.concurrent.FutureTask.report(FutureTask.java:122)
	at java.util.concurrent.FutureTask.get(FutureTask.java:192)
	at org.apache.ratis.server.impl.LeaderElection.waitForResults(LeaderElection.java:259)
	at org.apache.ratis.server.impl.LeaderElection.askForVotes(LeaderElection.java:197)
	at org.apache.ratis.server.impl.LeaderElection.run(LeaderElection.java:133)
	at java.lang.Thread.run(Thread.java:748)
Caused by: org.apache.ratis.thirdparty.io.grpc.StatusRuntimeException: UNAVAILABLE: io exception
	at org.apache.ratis.thirdparty.io.grpc.stub.ClientCalls.toStatusRuntimeException(ClientCalls.java:233)
	at org.apache.ratis.thirdparty.io.grpc.stub.ClientCalls.getUnchecked(ClientCalls.java:214)
	at org.apache.ratis.thirdparty.io.grpc.stub.ClientCalls.blockingUnaryCall(ClientCalls.java:139)
	at org.apache.ratis.proto.grpc.RaftServerProtocolServiceGrpc$RaftServerProtocolServiceBlockingStub.requestVote(RaftServerProtocolServiceGrpc.java:265)
	at org.apache.ratis.grpc.server.GrpcServerProtocolClient.requestVote(GrpcServerProtocolClient.java:99)
	at org.apache.ratis.grpc.server.GrpcService.requestVote(GrpcService.java:204)
	at org.apache.ratis.server.impl.LeaderElection.lambda$submitRequests$1(LeaderElection.java:234)
	at java.util.concurrent.FutureTask.run(FutureTask.java:266)
	at java.util.concurrent.Executors$RunnableAdapter.call(Executors.java:511)
	at java.util.concurrent.FutureTask.run(FutureTask.java:266)
	at java.util.concurrent.ThreadPoolExecutor.runWorker(ThreadPoolExecutor.java:1149)
	at java.util.concurrent.ThreadPoolExecutor$Worker.run(ThreadPoolExecutor.java:624)
	... 1 more
Caused by: org.apache.ratis.thirdparty.io.netty.channel.AbstractChannel$AnnotatedConnectException: Connection refused: /192.168.157.223:42172
	at sun.nio.ch.SocketChannelImpl.checkConnect(Native Method)
	at sun.nio.ch.SocketChannelImpl.finishConnect(SocketChannelImpl.java:717)
	at org.apache.ratis.thirdparty.io.netty.channel.socket.nio.NioSocketChannel.doFinishConnect(NioSocketChannel.java:327)
	at org.apache.ratis.thirdparty.io.netty.channel.nio.AbstractNioChannel$AbstractNioUnsafe.finishConnect(AbstractNioChannel.java:340)
	at org.apache.ratis.thirdparty.io.netty.channel.nio.NioEventLoop.processSelectedKey(NioEventLoop.java:632)
	at org.apache.ratis.thirdparty.io.netty.channel.nio.NioEventLoop.processSelectedKeysOptimized(NioEventLoop.java:579)
	at org.apache.ratis.thirdparty.io.netty.channel.nio.NioEventLoop.processSelectedKeys(NioEventLoop.java:496)
	at org.apache.ratis.thirdparty.io.netty.channel.nio.NioEventLoop.run(NioEventLoop.java:458)
	at org.apache.ratis.thirdparty.io.netty.util.concurrent.SingleThreadEventExecutor$5.run(SingleThreadEventExecutor.java:897)
	at org.apache.ratis.thirdparty.io.netty.util.concurrent.FastThreadLocalRunnable.run(FastThreadLocalRunnable.java:30)
	... 1 more
Caused by: java.net.ConnectException: Connection refused
	... 11 more
2019-10-17 21:55:17,364 [d6dfcdd7-fc6e-4b51-b91e-b64503dadc5e@group-F967393F7C93-LeaderElection273] INFO  impl.LeaderElection (LeaderElection.java:logAndReturn(56)) - d6dfcdd7-fc6e-4b51-b91e-b64503dadc5e@group-F967393F7C93-LeaderElection273: Election REJECTED; received 0 response(s) [] and 2 exception(s); d6dfcdd7-fc6e-4b51-b91e-b64503dadc5e@group-F967393F7C93:t276, leader=null, voted=d6dfcdd7-fc6e-4b51-b91e-b64503dadc5e, raftlog=d6dfcdd7-fc6e-4b51-b91e-b64503dadc5e@group-F967393F7C93-SegmentedRaftLog:OPENED:c-1,f-1,i0, conf=-1: [08d4cbaa-ffed-4411-a5fd-c4a38026aead:192.168.157.223:33910, da15dfee-23f0-4dc4-ad77-c00156c49cfa:192.168.157.223:42172, d6dfcdd7-fc6e-4b51-b91e-b64503dadc5e:192.168.157.223:43575], old=null
2019-10-17 21:55:17,364 [d6dfcdd7-fc6e-4b51-b91e-b64503dadc5e@group-F967393F7C93-LeaderElection273] INFO  impl.LeaderElection (LogUtils.java:infoOrTrace(149)) -   Exception 0: {}
java.util.concurrent.ExecutionException: org.apache.ratis.thirdparty.io.grpc.StatusRuntimeException: UNAVAILABLE: io exception
	at java.util.concurrent.FutureTask.report(FutureTask.java:122)
	at java.util.concurrent.FutureTask.get(FutureTask.java:192)
	at org.apache.ratis.server.impl.LeaderElection.waitForResults(LeaderElection.java:259)
	at org.apache.ratis.server.impl.LeaderElection.askForVotes(LeaderElection.java:197)
	at org.apache.ratis.server.impl.LeaderElection.run(LeaderElection.java:133)
	at java.lang.Thread.run(Thread.java:748)
Caused by: org.apache.ratis.thirdparty.io.grpc.StatusRuntimeException: UNAVAILABLE: io exception
	at org.apache.ratis.thirdparty.io.grpc.stub.ClientCalls.toStatusRuntimeException(ClientCalls.java:233)
	at org.apache.ratis.thirdparty.io.grpc.stub.ClientCalls.getUnchecked(ClientCalls.java:214)
	at org.apache.ratis.thirdparty.io.grpc.stub.ClientCalls.blockingUnaryCall(ClientCalls.java:139)
	at org.apache.ratis.proto.grpc.RaftServerProtocolServiceGrpc$RaftServerProtocolServiceBlockingStub.requestVote(RaftServerProtocolServiceGrpc.java:265)
	at org.apache.ratis.grpc.server.GrpcServerProtocolClient.requestVote(GrpcServerProtocolClient.java:99)
	at org.apache.ratis.grpc.server.GrpcService.requestVote(GrpcService.java:204)
	at org.apache.ratis.server.impl.LeaderElection.lambda$submitRequests$1(LeaderElection.java:234)
	at java.util.concurrent.FutureTask.run(FutureTask.java:266)
	at java.util.concurrent.Executors$RunnableAdapter.call(Executors.java:511)
	at java.util.concurrent.FutureTask.run(FutureTask.java:266)
	at java.util.concurrent.ThreadPoolExecutor.runWorker(ThreadPoolExecutor.java:1149)
	at java.util.concurrent.ThreadPoolExecutor$Worker.run(ThreadPoolExecutor.java:624)
	... 1 more
Caused by: org.apache.ratis.thirdparty.io.netty.channel.AbstractChannel$AnnotatedConnectException: Connection refused: /192.168.157.223:33910
	at sun.nio.ch.SocketChannelImpl.checkConnect(Native Method)
	at sun.nio.ch.SocketChannelImpl.finishConnect(SocketChannelImpl.java:717)
	at org.apache.ratis.thirdparty.io.netty.channel.socket.nio.NioSocketChannel.doFinishConnect(NioSocketChannel.java:327)
	at org.apache.ratis.thirdparty.io.netty.channel.nio.AbstractNioChannel$AbstractNioUnsafe.finishConnect(AbstractNioChannel.java:340)
	at org.apache.ratis.thirdparty.io.netty.channel.nio.NioEventLoop.processSelectedKey(NioEventLoop.java:632)
	at org.apache.ratis.thirdparty.io.netty.channel.nio.NioEventLoop.processSelectedKeysOptimized(NioEventLoop.java:579)
	at org.apache.ratis.thirdparty.io.netty.channel.nio.NioEventLoop.processSelectedKeys(NioEventLoop.java:496)
	at org.apache.ratis.thirdparty.io.netty.channel.nio.NioEventLoop.run(NioEventLoop.java:458)
	at org.apache.ratis.thirdparty.io.netty.util.concurrent.SingleThreadEventExecutor$5.run(SingleThreadEventExecutor.java:897)
	at org.apache.ratis.thirdparty.io.netty.util.concurrent.FastThreadLocalRunnable.run(FastThreadLocalRunnable.java:30)
	... 1 more
Caused by: java.net.ConnectException: Connection refused
	... 11 more
2019-10-17 21:55:17,364 [d6dfcdd7-fc6e-4b51-b91e-b64503dadc5e@group-F967393F7C93-LeaderElection273] INFO  impl.LeaderElection (LogUtils.java:infoOrTrace(149)) -   Exception 1: {}
java.util.concurrent.ExecutionException: org.apache.ratis.thirdparty.io.grpc.StatusRuntimeException: UNAVAILABLE: io exception
	at java.util.concurrent.FutureTask.report(FutureTask.java:122)
	at java.util.concurrent.FutureTask.get(FutureTask.java:192)
	at org.apache.ratis.server.impl.LeaderElection.waitForResults(LeaderElection.java:259)
	at org.apache.ratis.server.impl.LeaderElection.askForVotes(LeaderElection.java:197)
	at org.apache.ratis.server.impl.LeaderElection.run(LeaderElection.java:133)
	at java.lang.Thread.run(Thread.java:748)
Caused by: org.apache.ratis.thirdparty.io.grpc.StatusRuntimeException: UNAVAILABLE: io exception
	at org.apache.ratis.thirdparty.io.grpc.stub.ClientCalls.toStatusRuntimeException(ClientCalls.java:233)
	at org.apache.ratis.thirdparty.io.grpc.stub.ClientCalls.getUnchecked(ClientCalls.java:214)
	at org.apache.ratis.thirdparty.io.grpc.stub.ClientCalls.blockingUnaryCall(ClientCalls.java:139)
	at org.apache.ratis.proto.grpc.RaftServerProtocolServiceGrpc$RaftServerProtocolServiceBlockingStub.requestVote(RaftServerProtocolServiceGrpc.java:265)
	at org.apache.ratis.grpc.server.GrpcServerProtocolClient.requestVote(GrpcServerProtocolClient.java:99)
	at org.apache.ratis.grpc.server.GrpcService.requestVote(GrpcService.java:204)
	at org.apache.ratis.server.impl.LeaderElection.lambda$submitRequests$1(LeaderElection.java:234)
	at java.util.concurrent.FutureTask.run(FutureTask.java:266)
	at java.util.concurrent.Executors$RunnableAdapter.call(Executors.java:511)
	at java.util.concurrent.FutureTask.run(FutureTask.java:266)
	at java.util.concurrent.ThreadPoolExecutor.runWorker(ThreadPoolExecutor.java:1149)
	at java.util.concurrent.ThreadPoolExecutor$Worker.run(ThreadPoolExecutor.java:624)
	... 1 more
Caused by: org.apache.ratis.thirdparty.io.netty.channel.AbstractChannel$AnnotatedConnectException: Connection refused: /192.168.157.223:42172
	at sun.nio.ch.SocketChannelImpl.checkConnect(Native Method)
	at sun.nio.ch.SocketChannelImpl.finishConnect(SocketChannelImpl.java:717)
	at org.apache.ratis.thirdparty.io.netty.channel.socket.nio.NioSocketChannel.doFinishConnect(NioSocketChannel.java:327)
	at org.apache.ratis.thirdparty.io.netty.channel.nio.AbstractNioChannel$AbstractNioUnsafe.finishConnect(AbstractNioChannel.java:340)
	at org.apache.ratis.thirdparty.io.netty.channel.nio.NioEventLoop.processSelectedKey(NioEventLoop.java:632)
	at org.apache.ratis.thirdparty.io.netty.channel.nio.NioEventLoop.processSelectedKeysOptimized(NioEventLoop.java:579)
	at org.apache.ratis.thirdparty.io.netty.channel.nio.NioEventLoop.processSelectedKeys(NioEventLoop.java:496)
	at org.apache.ratis.thirdparty.io.netty.channel.nio.NioEventLoop.run(NioEventLoop.java:458)
	at org.apache.ratis.thirdparty.io.netty.util.concurrent.SingleThreadEventExecutor$5.run(SingleThreadEventExecutor.java:897)
	at org.apache.ratis.thirdparty.io.netty.util.concurrent.FastThreadLocalRunnable.run(FastThreadLocalRunnable.java:30)
	... 1 more
Caused by: java.net.ConnectException: Connection refused
	... 11 more
2019-10-17 21:55:17,364 [d6dfcdd7-fc6e-4b51-b91e-b64503dadc5e@group-F967393F7C93-LeaderElection273] INFO  impl.RaftServerImpl (RaftServerImpl.java:setRole(184)) - d6dfcdd7-fc6e-4b51-b91e-b64503dadc5e@group-F967393F7C93: changes role from CANDIDATE to FOLLOWER at term 276 for DISCOVERED_A_NEW_TERM
2019-10-17 21:55:17,365 [d6dfcdd7-fc6e-4b51-b91e-b64503dadc5e@group-F967393F7C93-LeaderElection273] INFO  impl.RoleInfo (RoleInfo.java:shutdownLeaderElection(134)) - d6dfcdd7-fc6e-4b51-b91e-b64503dadc5e: shutdown LeaderElection
2019-10-17 21:55:17,365 [d6dfcdd7-fc6e-4b51-b91e-b64503dadc5e@group-F967393F7C93-LeaderElection273] INFO  impl.RoleInfo (RoleInfo.java:updateAndGet(143)) - d6dfcdd7-fc6e-4b51-b91e-b64503dadc5e: start FollowerState
2019-10-17 21:55:17,503 [Thread-2270] INFO  impl.FollowerState (FollowerState.java:run(108)) - d6dfcdd7-fc6e-4b51-b91e-b64503dadc5e@group-F967393F7C93-FollowerState: change to CANDIDATE, lastRpcTime:138ms, electionTimeout:138ms
2019-10-17 21:55:17,503 [Thread-2270] INFO  impl.RoleInfo (RoleInfo.java:shutdownFollowerState(121)) - d6dfcdd7-fc6e-4b51-b91e-b64503dadc5e: shutdown FollowerState
2019-10-17 21:55:17,503 [Thread-2270] INFO  impl.RaftServerImpl (RaftServerImpl.java:setRole(184)) - d6dfcdd7-fc6e-4b51-b91e-b64503dadc5e@group-F967393F7C93: changes role from  FOLLOWER to CANDIDATE at term 276 for changeToCandidate
2019-10-17 21:55:17,504 [Thread-2270] INFO  impl.RoleInfo (RoleInfo.java:updateAndGet(143)) - d6dfcdd7-fc6e-4b51-b91e-b64503dadc5e: start LeaderElection
2019-10-17 21:55:17,517 [d6dfcdd7-fc6e-4b51-b91e-b64503dadc5e@group-F967393F7C93-LeaderElection274] INFO  impl.LeaderElection (LeaderElection.java:askForVotes(178)) - d6dfcdd7-fc6e-4b51-b91e-b64503dadc5e@group-F967393F7C93-LeaderElection274: begin an election at term 277 for -1: [08d4cbaa-ffed-4411-a5fd-c4a38026aead:192.168.157.223:33910, da15dfee-23f0-4dc4-ad77-c00156c49cfa:192.168.157.223:42172, d6dfcdd7-fc6e-4b51-b91e-b64503dadc5e:192.168.157.223:43575], old=null
2019-10-17 21:55:17,518 [d6dfcdd7-fc6e-4b51-b91e-b64503dadc5e@group-F967393F7C93-LeaderElection274] INFO  impl.LeaderElection (LogUtils.java:infoOrTrace(149)) - d6dfcdd7-fc6e-4b51-b91e-b64503dadc5e@group-F967393F7C93-LeaderElection274 got exception when requesting votes: {}
java.util.concurrent.ExecutionException: org.apache.ratis.thirdparty.io.grpc.StatusRuntimeException: UNAVAILABLE: io exception
	at java.util.concurrent.FutureTask.report(FutureTask.java:122)
	at java.util.concurrent.FutureTask.get(FutureTask.java:192)
	at org.apache.ratis.server.impl.LeaderElection.waitForResults(LeaderElection.java:259)
	at org.apache.ratis.server.impl.LeaderElection.askForVotes(LeaderElection.java:197)
	at org.apache.ratis.server.impl.LeaderElection.run(LeaderElection.java:133)
	at java.lang.Thread.run(Thread.java:748)
Caused by: org.apache.ratis.thirdparty.io.grpc.StatusRuntimeException: UNAVAILABLE: io exception
	at org.apache.ratis.thirdparty.io.grpc.stub.ClientCalls.toStatusRuntimeException(ClientCalls.java:233)
	at org.apache.ratis.thirdparty.io.grpc.stub.ClientCalls.getUnchecked(ClientCalls.java:214)
	at org.apache.ratis.thirdparty.io.grpc.stub.ClientCalls.blockingUnaryCall(ClientCalls.java:139)
	at org.apache.ratis.proto.grpc.RaftServerProtocolServiceGrpc$RaftServerProtocolServiceBlockingStub.requestVote(RaftServerProtocolServiceGrpc.java:265)
	at org.apache.ratis.grpc.server.GrpcServerProtocolClient.requestVote(GrpcServerProtocolClient.java:99)
	at org.apache.ratis.grpc.server.GrpcService.requestVote(GrpcService.java:204)
	at org.apache.ratis.server.impl.LeaderElection.lambda$submitRequests$1(LeaderElection.java:234)
	at java.util.concurrent.FutureTask.run(FutureTask.java:266)
	at java.util.concurrent.Executors$RunnableAdapter.call(Executors.java:511)
	at java.util.concurrent.FutureTask.run(FutureTask.java:266)
	at java.util.concurrent.ThreadPoolExecutor.runWorker(ThreadPoolExecutor.java:1149)
	at java.util.concurrent.ThreadPoolExecutor$Worker.run(ThreadPoolExecutor.java:624)
	... 1 more
Caused by: org.apache.ratis.thirdparty.io.netty.channel.AbstractChannel$AnnotatedConnectException: Connection refused: /192.168.157.223:33910
	at sun.nio.ch.SocketChannelImpl.checkConnect(Native Method)
	at sun.nio.ch.SocketChannelImpl.finishConnect(SocketChannelImpl.java:717)
	at org.apache.ratis.thirdparty.io.netty.channel.socket.nio.NioSocketChannel.doFinishConnect(NioSocketChannel.java:327)
	at org.apache.ratis.thirdparty.io.netty.channel.nio.AbstractNioChannel$AbstractNioUnsafe.finishConnect(AbstractNioChannel.java:340)
	at org.apache.ratis.thirdparty.io.netty.channel.nio.NioEventLoop.processSelectedKey(NioEventLoop.java:632)
	at org.apache.ratis.thirdparty.io.netty.channel.nio.NioEventLoop.processSelectedKeysOptimized(NioEventLoop.java:579)
	at org.apache.ratis.thirdparty.io.netty.channel.nio.NioEventLoop.processSelectedKeys(NioEventLoop.java:496)
	at org.apache.ratis.thirdparty.io.netty.channel.nio.NioEventLoop.run(NioEventLoop.java:458)
	at org.apache.ratis.thirdparty.io.netty.util.concurrent.SingleThreadEventExecutor$5.run(SingleThreadEventExecutor.java:897)
	at org.apache.ratis.thirdparty.io.netty.util.concurrent.FastThreadLocalRunnable.run(FastThreadLocalRunnable.java:30)
	... 1 more
Caused by: java.net.ConnectException: Connection refused
	... 11 more
2019-10-17 21:55:17,519 [d6dfcdd7-fc6e-4b51-b91e-b64503dadc5e@group-F967393F7C93-LeaderElection274] INFO  impl.LeaderElection (LogUtils.java:infoOrTrace(149)) - d6dfcdd7-fc6e-4b51-b91e-b64503dadc5e@group-F967393F7C93-LeaderElection274 got exception when requesting votes: {}
java.util.concurrent.ExecutionException: org.apache.ratis.thirdparty.io.grpc.StatusRuntimeException: UNAVAILABLE: io exception
	at java.util.concurrent.FutureTask.report(FutureTask.java:122)
	at java.util.concurrent.FutureTask.get(FutureTask.java:192)
	at org.apache.ratis.server.impl.LeaderElection.waitForResults(LeaderElection.java:259)
	at org.apache.ratis.server.impl.LeaderElection.askForVotes(LeaderElection.java:197)
	at org.apache.ratis.server.impl.LeaderElection.run(LeaderElection.java:133)
	at java.lang.Thread.run(Thread.java:748)
Caused by: org.apache.ratis.thirdparty.io.grpc.StatusRuntimeException: UNAVAILABLE: io exception
	at org.apache.ratis.thirdparty.io.grpc.stub.ClientCalls.toStatusRuntimeException(ClientCalls.java:233)
	at org.apache.ratis.thirdparty.io.grpc.stub.ClientCalls.getUnchecked(ClientCalls.java:214)
	at org.apache.ratis.thirdparty.io.grpc.stub.ClientCalls.blockingUnaryCall(ClientCalls.java:139)
	at org.apache.ratis.proto.grpc.RaftServerProtocolServiceGrpc$RaftServerProtocolServiceBlockingStub.requestVote(RaftServerProtocolServiceGrpc.java:265)
	at org.apache.ratis.grpc.server.GrpcServerProtocolClient.requestVote(GrpcServerProtocolClient.java:99)
	at org.apache.ratis.grpc.server.GrpcService.requestVote(GrpcService.java:204)
	at org.apache.ratis.server.impl.LeaderElection.lambda$submitRequests$1(LeaderElection.java:234)
	at java.util.concurrent.FutureTask.run(FutureTask.java:266)
	at java.util.concurrent.Executors$RunnableAdapter.call(Executors.java:511)
	at java.util.concurrent.FutureTask.run(FutureTask.java:266)
	at java.util.concurrent.ThreadPoolExecutor.runWorker(ThreadPoolExecutor.java:1149)
	at java.util.concurrent.ThreadPoolExecutor$Worker.run(ThreadPoolExecutor.java:624)
	... 1 more
Caused by: org.apache.ratis.thirdparty.io.netty.channel.AbstractChannel$AnnotatedConnectException: Connection refused: /192.168.157.223:42172
	at sun.nio.ch.SocketChannelImpl.checkConnect(Native Method)
	at sun.nio.ch.SocketChannelImpl.finishConnect(SocketChannelImpl.java:717)
	at org.apache.ratis.thirdparty.io.netty.channel.socket.nio.NioSocketChannel.doFinishConnect(NioSocketChannel.java:327)
	at org.apache.ratis.thirdparty.io.netty.channel.nio.AbstractNioChannel$AbstractNioUnsafe.finishConnect(AbstractNioChannel.java:340)
	at org.apache.ratis.thirdparty.io.netty.channel.nio.NioEventLoop.processSelectedKey(NioEventLoop.java:632)
	at org.apache.ratis.thirdparty.io.netty.channel.nio.NioEventLoop.processSelectedKeysOptimized(NioEventLoop.java:579)
	at org.apache.ratis.thirdparty.io.netty.channel.nio.NioEventLoop.processSelectedKeys(NioEventLoop.java:496)
	at org.apache.ratis.thirdparty.io.netty.channel.nio.NioEventLoop.run(NioEventLoop.java:458)
	at org.apache.ratis.thirdparty.io.netty.util.concurrent.SingleThreadEventExecutor$5.run(SingleThreadEventExecutor.java:897)
	at org.apache.ratis.thirdparty.io.netty.util.concurrent.FastThreadLocalRunnable.run(FastThreadLocalRunnable.java:30)
	... 1 more
Caused by: java.net.ConnectException: Connection refused
	... 11 more
2019-10-17 21:55:17,519 [d6dfcdd7-fc6e-4b51-b91e-b64503dadc5e@group-F967393F7C93-LeaderElection274] INFO  impl.LeaderElection (LeaderElection.java:logAndReturn(56)) - d6dfcdd7-fc6e-4b51-b91e-b64503dadc5e@group-F967393F7C93-LeaderElection274: Election REJECTED; received 0 response(s) [] and 2 exception(s); d6dfcdd7-fc6e-4b51-b91e-b64503dadc5e@group-F967393F7C93:t277, leader=null, voted=d6dfcdd7-fc6e-4b51-b91e-b64503dadc5e, raftlog=d6dfcdd7-fc6e-4b51-b91e-b64503dadc5e@group-F967393F7C93-SegmentedRaftLog:OPENED:c-1,f-1,i0, conf=-1: [08d4cbaa-ffed-4411-a5fd-c4a38026aead:192.168.157.223:33910, da15dfee-23f0-4dc4-ad77-c00156c49cfa:192.168.157.223:42172, d6dfcdd7-fc6e-4b51-b91e-b64503dadc5e:192.168.157.223:43575], old=null
2019-10-17 21:55:17,519 [d6dfcdd7-fc6e-4b51-b91e-b64503dadc5e@group-F967393F7C93-LeaderElection274] INFO  impl.LeaderElection (LogUtils.java:infoOrTrace(149)) -   Exception 0: {}
java.util.concurrent.ExecutionException: org.apache.ratis.thirdparty.io.grpc.StatusRuntimeException: UNAVAILABLE: io exception
	at java.util.concurrent.FutureTask.report(FutureTask.java:122)
	at java.util.concurrent.FutureTask.get(FutureTask.java:192)
	at org.apache.ratis.server.impl.LeaderElection.waitForResults(LeaderElection.java:259)
	at org.apache.ratis.server.impl.LeaderElection.askForVotes(LeaderElection.java:197)
	at org.apache.ratis.server.impl.LeaderElection.run(LeaderElection.java:133)
	at java.lang.Thread.run(Thread.java:748)
Caused by: org.apache.ratis.thirdparty.io.grpc.StatusRuntimeException: UNAVAILABLE: io exception
	at org.apache.ratis.thirdparty.io.grpc.stub.ClientCalls.toStatusRuntimeException(ClientCalls.java:233)
	at org.apache.ratis.thirdparty.io.grpc.stub.ClientCalls.getUnchecked(ClientCalls.java:214)
	at org.apache.ratis.thirdparty.io.grpc.stub.ClientCalls.blockingUnaryCall(ClientCalls.java:139)
	at org.apache.ratis.proto.grpc.RaftServerProtocolServiceGrpc$RaftServerProtocolServiceBlockingStub.requestVote(RaftServerProtocolServiceGrpc.java:265)
	at org.apache.ratis.grpc.server.GrpcServerProtocolClient.requestVote(GrpcServerProtocolClient.java:99)
	at org.apache.ratis.grpc.server.GrpcService.requestVote(GrpcService.java:204)
	at org.apache.ratis.server.impl.LeaderElection.lambda$submitRequests$1(LeaderElection.java:234)
	at java.util.concurrent.FutureTask.run(FutureTask.java:266)
	at java.util.concurrent.Executors$RunnableAdapter.call(Executors.java:511)
	at java.util.concurrent.FutureTask.run(FutureTask.java:266)
	at java.util.concurrent.ThreadPoolExecutor.runWorker(ThreadPoolExecutor.java:1149)
	at java.util.concurrent.ThreadPoolExecutor$Worker.run(ThreadPoolExecutor.java:624)
	... 1 more
Caused by: org.apache.ratis.thirdparty.io.netty.channel.AbstractChannel$AnnotatedConnectException: Connection refused: /192.168.157.223:33910
	at sun.nio.ch.SocketChannelImpl.checkConnect(Native Method)
	at sun.nio.ch.SocketChannelImpl.finishConnect(SocketChannelImpl.java:717)
	at org.apache.ratis.thirdparty.io.netty.channel.socket.nio.NioSocketChannel.doFinishConnect(NioSocketChannel.java:327)
	at org.apache.ratis.thirdparty.io.netty.channel.nio.AbstractNioChannel$AbstractNioUnsafe.finishConnect(AbstractNioChannel.java:340)
	at org.apache.ratis.thirdparty.io.netty.channel.nio.NioEventLoop.processSelectedKey(NioEventLoop.java:632)
	at org.apache.ratis.thirdparty.io.netty.channel.nio.NioEventLoop.processSelectedKeysOptimized(NioEventLoop.java:579)
	at org.apache.ratis.thirdparty.io.netty.channel.nio.NioEventLoop.processSelectedKeys(NioEventLoop.java:496)
	at org.apache.ratis.thirdparty.io.netty.channel.nio.NioEventLoop.run(NioEventLoop.java:458)
	at org.apache.ratis.thirdparty.io.netty.util.concurrent.SingleThreadEventExecutor$5.run(SingleThreadEventExecutor.java:897)
	at org.apache.ratis.thirdparty.io.netty.util.concurrent.FastThreadLocalRunnable.run(FastThreadLocalRunnable.java:30)
	... 1 more
Caused by: java.net.ConnectException: Connection refused
	... 11 more
2019-10-17 21:55:17,520 [d6dfcdd7-fc6e-4b51-b91e-b64503dadc5e@group-F967393F7C93-LeaderElection274] INFO  impl.LeaderElection (LogUtils.java:infoOrTrace(149)) -   Exception 1: {}
java.util.concurrent.ExecutionException: org.apache.ratis.thirdparty.io.grpc.StatusRuntimeException: UNAVAILABLE: io exception
	at java.util.concurrent.FutureTask.report(FutureTask.java:122)
	at java.util.concurrent.FutureTask.get(FutureTask.java:192)
	at org.apache.ratis.server.impl.LeaderElection.waitForResults(LeaderElection.java:259)
	at org.apache.ratis.server.impl.LeaderElection.askForVotes(LeaderElection.java:197)
	at org.apache.ratis.server.impl.LeaderElection.run(LeaderElection.java:133)
	at java.lang.Thread.run(Thread.java:748)
Caused by: org.apache.ratis.thirdparty.io.grpc.StatusRuntimeException: UNAVAILABLE: io exception
	at org.apache.ratis.thirdparty.io.grpc.stub.ClientCalls.toStatusRuntimeException(ClientCalls.java:233)
	at org.apache.ratis.thirdparty.io.grpc.stub.ClientCalls.getUnchecked(ClientCalls.java:214)
	at org.apache.ratis.thirdparty.io.grpc.stub.ClientCalls.blockingUnaryCall(ClientCalls.java:139)
	at org.apache.ratis.proto.grpc.RaftServerProtocolServiceGrpc$RaftServerProtocolServiceBlockingStub.requestVote(RaftServerProtocolServiceGrpc.java:265)
	at org.apache.ratis.grpc.server.GrpcServerProtocolClient.requestVote(GrpcServerProtocolClient.java:99)
	at org.apache.ratis.grpc.server.GrpcService.requestVote(GrpcService.java:204)
	at org.apache.ratis.server.impl.LeaderElection.lambda$submitRequests$1(LeaderElection.java:234)
	at java.util.concurrent.FutureTask.run(FutureTask.java:266)
	at java.util.concurrent.Executors$RunnableAdapter.call(Executors.java:511)
	at java.util.concurrent.FutureTask.run(FutureTask.java:266)
	at java.util.concurrent.ThreadPoolExecutor.runWorker(ThreadPoolExecutor.java:1149)
	at java.util.concurrent.ThreadPoolExecutor$Worker.run(ThreadPoolExecutor.java:624)
	... 1 more
Caused by: org.apache.ratis.thirdparty.io.netty.channel.AbstractChannel$AnnotatedConnectException: Connection refused: /192.168.157.223:42172
	at sun.nio.ch.SocketChannelImpl.checkConnect(Native Method)
	at sun.nio.ch.SocketChannelImpl.finishConnect(SocketChannelImpl.java:717)
	at org.apache.ratis.thirdparty.io.netty.channel.socket.nio.NioSocketChannel.doFinishConnect(NioSocketChannel.java:327)
	at org.apache.ratis.thirdparty.io.netty.channel.nio.AbstractNioChannel$AbstractNioUnsafe.finishConnect(AbstractNioChannel.java:340)
	at org.apache.ratis.thirdparty.io.netty.channel.nio.NioEventLoop.processSelectedKey(NioEventLoop.java:632)
	at org.apache.ratis.thirdparty.io.netty.channel.nio.NioEventLoop.processSelectedKeysOptimized(NioEventLoop.java:579)
	at org.apache.ratis.thirdparty.io.netty.channel.nio.NioEventLoop.processSelectedKeys(NioEventLoop.java:496)
	at org.apache.ratis.thirdparty.io.netty.channel.nio.NioEventLoop.run(NioEventLoop.java:458)
	at org.apache.ratis.thirdparty.io.netty.util.concurrent.SingleThreadEventExecutor$5.run(SingleThreadEventExecutor.java:897)
	at org.apache.ratis.thirdparty.io.netty.util.concurrent.FastThreadLocalRunnable.run(FastThreadLocalRunnable.java:30)
	... 1 more
Caused by: java.net.ConnectException: Connection refused
	... 11 more
2019-10-17 21:55:17,520 [d6dfcdd7-fc6e-4b51-b91e-b64503dadc5e@group-F967393F7C93-LeaderElection274] INFO  impl.RaftServerImpl (RaftServerImpl.java:setRole(184)) - d6dfcdd7-fc6e-4b51-b91e-b64503dadc5e@group-F967393F7C93: changes role from CANDIDATE to FOLLOWER at term 277 for DISCOVERED_A_NEW_TERM
2019-10-17 21:55:17,520 [d6dfcdd7-fc6e-4b51-b91e-b64503dadc5e@group-F967393F7C93-LeaderElection274] INFO  impl.RoleInfo (RoleInfo.java:shutdownLeaderElection(134)) - d6dfcdd7-fc6e-4b51-b91e-b64503dadc5e: shutdown LeaderElection
2019-10-17 21:55:17,520 [d6dfcdd7-fc6e-4b51-b91e-b64503dadc5e@group-F967393F7C93-LeaderElection274] INFO  impl.RoleInfo (RoleInfo.java:updateAndGet(143)) - d6dfcdd7-fc6e-4b51-b91e-b64503dadc5e: start FollowerState
2019-10-17 21:55:17,692 [Thread-2274] INFO  impl.FollowerState (FollowerState.java:run(108)) - d6dfcdd7-fc6e-4b51-b91e-b64503dadc5e@group-F967393F7C93-FollowerState: change to CANDIDATE, lastRpcTime:171ms, electionTimeout:171ms
2019-10-17 21:55:17,692 [Thread-2274] INFO  impl.RoleInfo (RoleInfo.java:shutdownFollowerState(121)) - d6dfcdd7-fc6e-4b51-b91e-b64503dadc5e: shutdown FollowerState
2019-10-17 21:55:17,692 [Thread-2274] INFO  impl.RaftServerImpl (RaftServerImpl.java:setRole(184)) - d6dfcdd7-fc6e-4b51-b91e-b64503dadc5e@group-F967393F7C93: changes role from  FOLLOWER to CANDIDATE at term 277 for changeToCandidate
2019-10-17 21:55:17,692 [Thread-2274] INFO  impl.RoleInfo (RoleInfo.java:updateAndGet(143)) - d6dfcdd7-fc6e-4b51-b91e-b64503dadc5e: start LeaderElection
2019-10-17 21:55:17,705 [d6dfcdd7-fc6e-4b51-b91e-b64503dadc5e@group-F967393F7C93-LeaderElection275] INFO  impl.LeaderElection (LeaderElection.java:askForVotes(178)) - d6dfcdd7-fc6e-4b51-b91e-b64503dadc5e@group-F967393F7C93-LeaderElection275: begin an election at term 278 for -1: [08d4cbaa-ffed-4411-a5fd-c4a38026aead:192.168.157.223:33910, da15dfee-23f0-4dc4-ad77-c00156c49cfa:192.168.157.223:42172, d6dfcdd7-fc6e-4b51-b91e-b64503dadc5e:192.168.157.223:43575], old=null
2019-10-17 21:55:17,706 [d6dfcdd7-fc6e-4b51-b91e-b64503dadc5e@group-F967393F7C93-LeaderElection275] INFO  impl.LeaderElection (LogUtils.java:infoOrTrace(149)) - d6dfcdd7-fc6e-4b51-b91e-b64503dadc5e@group-F967393F7C93-LeaderElection275 got exception when requesting votes: {}
java.util.concurrent.ExecutionException: org.apache.ratis.thirdparty.io.grpc.StatusRuntimeException: UNAVAILABLE: io exception
	at java.util.concurrent.FutureTask.report(FutureTask.java:122)
	at java.util.concurrent.FutureTask.get(FutureTask.java:192)
	at org.apache.ratis.server.impl.LeaderElection.waitForResults(LeaderElection.java:259)
	at org.apache.ratis.server.impl.LeaderElection.askForVotes(LeaderElection.java:197)
	at org.apache.ratis.server.impl.LeaderElection.run(LeaderElection.java:133)
	at java.lang.Thread.run(Thread.java:748)
Caused by: org.apache.ratis.thirdparty.io.grpc.StatusRuntimeException: UNAVAILABLE: io exception
	at org.apache.ratis.thirdparty.io.grpc.stub.ClientCalls.toStatusRuntimeException(ClientCalls.java:233)
	at org.apache.ratis.thirdparty.io.grpc.stub.ClientCalls.getUnchecked(ClientCalls.java:214)
	at org.apache.ratis.thirdparty.io.grpc.stub.ClientCalls.blockingUnaryCall(ClientCalls.java:139)
	at org.apache.ratis.proto.grpc.RaftServerProtocolServiceGrpc$RaftServerProtocolServiceBlockingStub.requestVote(RaftServerProtocolServiceGrpc.java:265)
	at org.apache.ratis.grpc.server.GrpcServerProtocolClient.requestVote(GrpcServerProtocolClient.java:99)
	at org.apache.ratis.grpc.server.GrpcService.requestVote(GrpcService.java:204)
	at org.apache.ratis.server.impl.LeaderElection.lambda$submitRequests$1(LeaderElection.java:234)
	at java.util.concurrent.FutureTask.run(FutureTask.java:266)
	at java.util.concurrent.Executors$RunnableAdapter.call(Executors.java:511)
	at java.util.concurrent.FutureTask.run(FutureTask.java:266)
	at java.util.concurrent.ThreadPoolExecutor.runWorker(ThreadPoolExecutor.java:1149)
	at java.util.concurrent.ThreadPoolExecutor$Worker.run(ThreadPoolExecutor.java:624)
	... 1 more
Caused by: org.apache.ratis.thirdparty.io.netty.channel.AbstractChannel$AnnotatedConnectException: Connection refused: /192.168.157.223:33910
	at sun.nio.ch.SocketChannelImpl.checkConnect(Native Method)
	at sun.nio.ch.SocketChannelImpl.finishConnect(SocketChannelImpl.java:717)
	at org.apache.ratis.thirdparty.io.netty.channel.socket.nio.NioSocketChannel.doFinishConnect(NioSocketChannel.java:327)
	at org.apache.ratis.thirdparty.io.netty.channel.nio.AbstractNioChannel$AbstractNioUnsafe.finishConnect(AbstractNioChannel.java:340)
	at org.apache.ratis.thirdparty.io.netty.channel.nio.NioEventLoop.processSelectedKey(NioEventLoop.java:632)
	at org.apache.ratis.thirdparty.io.netty.channel.nio.NioEventLoop.processSelectedKeysOptimized(NioEventLoop.java:579)
	at org.apache.ratis.thirdparty.io.netty.channel.nio.NioEventLoop.processSelectedKeys(NioEventLoop.java:496)
	at org.apache.ratis.thirdparty.io.netty.channel.nio.NioEventLoop.run(NioEventLoop.java:458)
	at org.apache.ratis.thirdparty.io.netty.util.concurrent.SingleThreadEventExecutor$5.run(SingleThreadEventExecutor.java:897)
	at org.apache.ratis.thirdparty.io.netty.util.concurrent.FastThreadLocalRunnable.run(FastThreadLocalRunnable.java:30)
	... 1 more
Caused by: java.net.ConnectException: Connection refused
	... 11 more
2019-10-17 21:55:17,707 [d6dfcdd7-fc6e-4b51-b91e-b64503dadc5e@group-F967393F7C93-LeaderElection275] INFO  impl.LeaderElection (LogUtils.java:infoOrTrace(149)) - d6dfcdd7-fc6e-4b51-b91e-b64503dadc5e@group-F967393F7C93-LeaderElection275 got exception when requesting votes: {}
java.util.concurrent.ExecutionException: org.apache.ratis.thirdparty.io.grpc.StatusRuntimeException: UNAVAILABLE: io exception
	at java.util.concurrent.FutureTask.report(FutureTask.java:122)
	at java.util.concurrent.FutureTask.get(FutureTask.java:192)
	at org.apache.ratis.server.impl.LeaderElection.waitForResults(LeaderElection.java:259)
	at org.apache.ratis.server.impl.LeaderElection.askForVotes(LeaderElection.java:197)
	at org.apache.ratis.server.impl.LeaderElection.run(LeaderElection.java:133)
	at java.lang.Thread.run(Thread.java:748)
Caused by: org.apache.ratis.thirdparty.io.grpc.StatusRuntimeException: UNAVAILABLE: io exception
	at org.apache.ratis.thirdparty.io.grpc.stub.ClientCalls.toStatusRuntimeException(ClientCalls.java:233)
	at org.apache.ratis.thirdparty.io.grpc.stub.ClientCalls.getUnchecked(ClientCalls.java:214)
	at org.apache.ratis.thirdparty.io.grpc.stub.ClientCalls.blockingUnaryCall(ClientCalls.java:139)
	at org.apache.ratis.proto.grpc.RaftServerProtocolServiceGrpc$RaftServerProtocolServiceBlockingStub.requestVote(RaftServerProtocolServiceGrpc.java:265)
	at org.apache.ratis.grpc.server.GrpcServerProtocolClient.requestVote(GrpcServerProtocolClient.java:99)
	at org.apache.ratis.grpc.server.GrpcService.requestVote(GrpcService.java:204)
	at org.apache.ratis.server.impl.LeaderElection.lambda$submitRequests$1(LeaderElection.java:234)
	at java.util.concurrent.FutureTask.run(FutureTask.java:266)
	at java.util.concurrent.Executors$RunnableAdapter.call(Executors.java:511)
	at java.util.concurrent.FutureTask.run(FutureTask.java:266)
	at java.util.concurrent.ThreadPoolExecutor.runWorker(ThreadPoolExecutor.java:1149)
	at java.util.concurrent.ThreadPoolExecutor$Worker.run(ThreadPoolExecutor.java:624)
	... 1 more
Caused by: org.apache.ratis.thirdparty.io.netty.channel.AbstractChannel$AnnotatedConnectException: Connection refused: /192.168.157.223:42172
	at sun.nio.ch.SocketChannelImpl.checkConnect(Native Method)
	at sun.nio.ch.SocketChannelImpl.finishConnect(SocketChannelImpl.java:717)
	at org.apache.ratis.thirdparty.io.netty.channel.socket.nio.NioSocketChannel.doFinishConnect(NioSocketChannel.java:327)
	at org.apache.ratis.thirdparty.io.netty.channel.nio.AbstractNioChannel$AbstractNioUnsafe.finishConnect(AbstractNioChannel.java:340)
	at org.apache.ratis.thirdparty.io.netty.channel.nio.NioEventLoop.processSelectedKey(NioEventLoop.java:632)
	at org.apache.ratis.thirdparty.io.netty.channel.nio.NioEventLoop.processSelectedKeysOptimized(NioEventLoop.java:579)
	at org.apache.ratis.thirdparty.io.netty.channel.nio.NioEventLoop.processSelectedKeys(NioEventLoop.java:496)
	at org.apache.ratis.thirdparty.io.netty.channel.nio.NioEventLoop.run(NioEventLoop.java:458)
	at org.apache.ratis.thirdparty.io.netty.util.concurrent.SingleThreadEventExecutor$5.run(SingleThreadEventExecutor.java:897)
	at org.apache.ratis.thirdparty.io.netty.util.concurrent.FastThreadLocalRunnable.run(FastThreadLocalRunnable.java:30)
	... 1 more
Caused by: java.net.ConnectException: Connection refused
	... 11 more
2019-10-17 21:55:17,707 [d6dfcdd7-fc6e-4b51-b91e-b64503dadc5e@group-F967393F7C93-LeaderElection275] INFO  impl.LeaderElection (LeaderElection.java:logAndReturn(56)) - d6dfcdd7-fc6e-4b51-b91e-b64503dadc5e@group-F967393F7C93-LeaderElection275: Election REJECTED; received 0 response(s) [] and 2 exception(s); d6dfcdd7-fc6e-4b51-b91e-b64503dadc5e@group-F967393F7C93:t278, leader=null, voted=d6dfcdd7-fc6e-4b51-b91e-b64503dadc5e, raftlog=d6dfcdd7-fc6e-4b51-b91e-b64503dadc5e@group-F967393F7C93-SegmentedRaftLog:OPENED:c-1,f-1,i0, conf=-1: [08d4cbaa-ffed-4411-a5fd-c4a38026aead:192.168.157.223:33910, da15dfee-23f0-4dc4-ad77-c00156c49cfa:192.168.157.223:42172, d6dfcdd7-fc6e-4b51-b91e-b64503dadc5e:192.168.157.223:43575], old=null
2019-10-17 21:55:17,707 [d6dfcdd7-fc6e-4b51-b91e-b64503dadc5e@group-F967393F7C93-LeaderElection275] INFO  impl.LeaderElection (LogUtils.java:infoOrTrace(149)) -   Exception 0: {}
java.util.concurrent.ExecutionException: org.apache.ratis.thirdparty.io.grpc.StatusRuntimeException: UNAVAILABLE: io exception
	at java.util.concurrent.FutureTask.report(FutureTask.java:122)
	at java.util.concurrent.FutureTask.get(FutureTask.java:192)
	at org.apache.ratis.server.impl.LeaderElection.waitForResults(LeaderElection.java:259)
	at org.apache.ratis.server.impl.LeaderElection.askForVotes(LeaderElection.java:197)
	at org.apache.ratis.server.impl.LeaderElection.run(LeaderElection.java:133)
	at java.lang.Thread.run(Thread.java:748)
Caused by: org.apache.ratis.thirdparty.io.grpc.StatusRuntimeException: UNAVAILABLE: io exception
	at org.apache.ratis.thirdparty.io.grpc.stub.ClientCalls.toStatusRuntimeException(ClientCalls.java:233)
	at org.apache.ratis.thirdparty.io.grpc.stub.ClientCalls.getUnchecked(ClientCalls.java:214)
	at org.apache.ratis.thirdparty.io.grpc.stub.ClientCalls.blockingUnaryCall(ClientCalls.java:139)
	at org.apache.ratis.proto.grpc.RaftServerProtocolServiceGrpc$RaftServerProtocolServiceBlockingStub.requestVote(RaftServerProtocolServiceGrpc.java:265)
	at org.apache.ratis.grpc.server.GrpcServerProtocolClient.requestVote(GrpcServerProtocolClient.java:99)
	at org.apache.ratis.grpc.server.GrpcService.requestVote(GrpcService.java:204)
	at org.apache.ratis.server.impl.LeaderElection.lambda$submitRequests$1(LeaderElection.java:234)
	at java.util.concurrent.FutureTask.run(FutureTask.java:266)
	at java.util.concurrent.Executors$RunnableAdapter.call(Executors.java:511)
	at java.util.concurrent.FutureTask.run(FutureTask.java:266)
	at java.util.concurrent.ThreadPoolExecutor.runWorker(ThreadPoolExecutor.java:1149)
	at java.util.concurrent.ThreadPoolExecutor$Worker.run(ThreadPoolExecutor.java:624)
	... 1 more
Caused by: org.apache.ratis.thirdparty.io.netty.channel.AbstractChannel$AnnotatedConnectException: Connection refused: /192.168.157.223:33910
	at sun.nio.ch.SocketChannelImpl.checkConnect(Native Method)
	at sun.nio.ch.SocketChannelImpl.finishConnect(SocketChannelImpl.java:717)
	at org.apache.ratis.thirdparty.io.netty.channel.socket.nio.NioSocketChannel.doFinishConnect(NioSocketChannel.java:327)
	at org.apache.ratis.thirdparty.io.netty.channel.nio.AbstractNioChannel$AbstractNioUnsafe.finishConnect(AbstractNioChannel.java:340)
	at org.apache.ratis.thirdparty.io.netty.channel.nio.NioEventLoop.processSelectedKey(NioEventLoop.java:632)
	at org.apache.ratis.thirdparty.io.netty.channel.nio.NioEventLoop.processSelectedKeysOptimized(NioEventLoop.java:579)
	at org.apache.ratis.thirdparty.io.netty.channel.nio.NioEventLoop.processSelectedKeys(NioEventLoop.java:496)
	at org.apache.ratis.thirdparty.io.netty.channel.nio.NioEventLoop.run(NioEventLoop.java:458)
	at org.apache.ratis.thirdparty.io.netty.util.concurrent.SingleThreadEventExecutor$5.run(SingleThreadEventExecutor.java:897)
	at org.apache.ratis.thirdparty.io.netty.util.concurrent.FastThreadLocalRunnable.run(FastThreadLocalRunnable.java:30)
	... 1 more
Caused by: java.net.ConnectException: Connection refused
	... 11 more
2019-10-17 21:55:17,707 [d6dfcdd7-fc6e-4b51-b91e-b64503dadc5e@group-F967393F7C93-LeaderElection275] INFO  impl.LeaderElection (LogUtils.java:infoOrTrace(149)) -   Exception 1: {}
java.util.concurrent.ExecutionException: org.apache.ratis.thirdparty.io.grpc.StatusRuntimeException: UNAVAILABLE: io exception
	at java.util.concurrent.FutureTask.report(FutureTask.java:122)
	at java.util.concurrent.FutureTask.get(FutureTask.java:192)
	at org.apache.ratis.server.impl.LeaderElection.waitForResults(LeaderElection.java:259)
	at org.apache.ratis.server.impl.LeaderElection.askForVotes(LeaderElection.java:197)
	at org.apache.ratis.server.impl.LeaderElection.run(LeaderElection.java:133)
	at java.lang.Thread.run(Thread.java:748)
Caused by: org.apache.ratis.thirdparty.io.grpc.StatusRuntimeException: UNAVAILABLE: io exception
	at org.apache.ratis.thirdparty.io.grpc.stub.ClientCalls.toStatusRuntimeException(ClientCalls.java:233)
	at org.apache.ratis.thirdparty.io.grpc.stub.ClientCalls.getUnchecked(ClientCalls.java:214)
	at org.apache.ratis.thirdparty.io.grpc.stub.ClientCalls.blockingUnaryCall(ClientCalls.java:139)
	at org.apache.ratis.proto.grpc.RaftServerProtocolServiceGrpc$RaftServerProtocolServiceBlockingStub.requestVote(RaftServerProtocolServiceGrpc.java:265)
	at org.apache.ratis.grpc.server.GrpcServerProtocolClient.requestVote(GrpcServerProtocolClient.java:99)
	at org.apache.ratis.grpc.server.GrpcService.requestVote(GrpcService.java:204)
	at org.apache.ratis.server.impl.LeaderElection.lambda$submitRequests$1(LeaderElection.java:234)
	at java.util.concurrent.FutureTask.run(FutureTask.java:266)
	at java.util.concurrent.Executors$RunnableAdapter.call(Executors.java:511)
	at java.util.concurrent.FutureTask.run(FutureTask.java:266)
	at java.util.concurrent.ThreadPoolExecutor.runWorker(ThreadPoolExecutor.java:1149)
	at java.util.concurrent.ThreadPoolExecutor$Worker.run(ThreadPoolExecutor.java:624)
	... 1 more
Caused by: org.apache.ratis.thirdparty.io.netty.channel.AbstractChannel$AnnotatedConnectException: Connection refused: /192.168.157.223:42172
	at sun.nio.ch.SocketChannelImpl.checkConnect(Native Method)
	at sun.nio.ch.SocketChannelImpl.finishConnect(SocketChannelImpl.java:717)
	at org.apache.ratis.thirdparty.io.netty.channel.socket.nio.NioSocketChannel.doFinishConnect(NioSocketChannel.java:327)
	at org.apache.ratis.thirdparty.io.netty.channel.nio.AbstractNioChannel$AbstractNioUnsafe.finishConnect(AbstractNioChannel.java:340)
	at org.apache.ratis.thirdparty.io.netty.channel.nio.NioEventLoop.processSelectedKey(NioEventLoop.java:632)
	at org.apache.ratis.thirdparty.io.netty.channel.nio.NioEventLoop.processSelectedKeysOptimized(NioEventLoop.java:579)
	at org.apache.ratis.thirdparty.io.netty.channel.nio.NioEventLoop.processSelectedKeys(NioEventLoop.java:496)
	at org.apache.ratis.thirdparty.io.netty.channel.nio.NioEventLoop.run(NioEventLoop.java:458)
	at org.apache.ratis.thirdparty.io.netty.util.concurrent.SingleThreadEventExecutor$5.run(SingleThreadEventExecutor.java:897)
	at org.apache.ratis.thirdparty.io.netty.util.concurrent.FastThreadLocalRunnable.run(FastThreadLocalRunnable.java:30)
	... 1 more
Caused by: java.net.ConnectException: Connection refused
	... 11 more
2019-10-17 21:55:17,708 [d6dfcdd7-fc6e-4b51-b91e-b64503dadc5e@group-F967393F7C93-LeaderElection275] INFO  impl.RaftServerImpl (RaftServerImpl.java:setRole(184)) - d6dfcdd7-fc6e-4b51-b91e-b64503dadc5e@group-F967393F7C93: changes role from CANDIDATE to FOLLOWER at term 278 for DISCOVERED_A_NEW_TERM
2019-10-17 21:55:17,708 [d6dfcdd7-fc6e-4b51-b91e-b64503dadc5e@group-F967393F7C93-LeaderElection275] INFO  impl.RoleInfo (RoleInfo.java:shutdownLeaderElection(134)) - d6dfcdd7-fc6e-4b51-b91e-b64503dadc5e: shutdown LeaderElection
2019-10-17 21:55:17,708 [d6dfcdd7-fc6e-4b51-b91e-b64503dadc5e@group-F967393F7C93-LeaderElection275] INFO  impl.RoleInfo (RoleInfo.java:updateAndGet(143)) - d6dfcdd7-fc6e-4b51-b91e-b64503dadc5e: start FollowerState
2019-10-17 21:55:17,761 [Thread-2278] INFO  impl.FollowerState (FollowerState.java:run(108)) - d6dfcdd7-fc6e-4b51-b91e-b64503dadc5e@group-F967393F7C93-FollowerState: change to CANDIDATE, lastRpcTime:53ms, electionTimeout:53ms
2019-10-17 21:55:17,762 [Thread-2278] INFO  impl.RoleInfo (RoleInfo.java:shutdownFollowerState(121)) - d6dfcdd7-fc6e-4b51-b91e-b64503dadc5e: shutdown FollowerState
2019-10-17 21:55:17,762 [Thread-2278] INFO  impl.RaftServerImpl (RaftServerImpl.java:setRole(184)) - d6dfcdd7-fc6e-4b51-b91e-b64503dadc5e@group-F967393F7C93: changes role from  FOLLOWER to CANDIDATE at term 278 for changeToCandidate
2019-10-17 21:55:17,762 [Thread-2278] INFO  impl.RoleInfo (RoleInfo.java:updateAndGet(143)) - d6dfcdd7-fc6e-4b51-b91e-b64503dadc5e: start LeaderElection
2019-10-17 21:55:17,775 [d6dfcdd7-fc6e-4b51-b91e-b64503dadc5e@group-F967393F7C93-LeaderElection276] INFO  impl.LeaderElection (LeaderElection.java:askForVotes(178)) - d6dfcdd7-fc6e-4b51-b91e-b64503dadc5e@group-F967393F7C93-LeaderElection276: begin an election at term 279 for -1: [08d4cbaa-ffed-4411-a5fd-c4a38026aead:192.168.157.223:33910, da15dfee-23f0-4dc4-ad77-c00156c49cfa:192.168.157.223:42172, d6dfcdd7-fc6e-4b51-b91e-b64503dadc5e:192.168.157.223:43575], old=null
2019-10-17 21:55:17,776 [d6dfcdd7-fc6e-4b51-b91e-b64503dadc5e@group-F967393F7C93-LeaderElection276] INFO  impl.LeaderElection (LogUtils.java:infoOrTrace(149)) - d6dfcdd7-fc6e-4b51-b91e-b64503dadc5e@group-F967393F7C93-LeaderElection276 got exception when requesting votes: {}
java.util.concurrent.ExecutionException: org.apache.ratis.thirdparty.io.grpc.StatusRuntimeException: UNAVAILABLE: io exception
	at java.util.concurrent.FutureTask.report(FutureTask.java:122)
	at java.util.concurrent.FutureTask.get(FutureTask.java:192)
	at org.apache.ratis.server.impl.LeaderElection.waitForResults(LeaderElection.java:259)
	at org.apache.ratis.server.impl.LeaderElection.askForVotes(LeaderElection.java:197)
	at org.apache.ratis.server.impl.LeaderElection.run(LeaderElection.java:133)
	at java.lang.Thread.run(Thread.java:748)
Caused by: org.apache.ratis.thirdparty.io.grpc.StatusRuntimeException: UNAVAILABLE: io exception
	at org.apache.ratis.thirdparty.io.grpc.stub.ClientCalls.toStatusRuntimeException(ClientCalls.java:233)
	at org.apache.ratis.thirdparty.io.grpc.stub.ClientCalls.getUnchecked(ClientCalls.java:214)
	at org.apache.ratis.thirdparty.io.grpc.stub.ClientCalls.blockingUnaryCall(ClientCalls.java:139)
	at org.apache.ratis.proto.grpc.RaftServerProtocolServiceGrpc$RaftServerProtocolServiceBlockingStub.requestVote(RaftServerProtocolServiceGrpc.java:265)
	at org.apache.ratis.grpc.server.GrpcServerProtocolClient.requestVote(GrpcServerProtocolClient.java:99)
	at org.apache.ratis.grpc.server.GrpcService.requestVote(GrpcService.java:204)
	at org.apache.ratis.server.impl.LeaderElection.lambda$submitRequests$1(LeaderElection.java:234)
	at java.util.concurrent.FutureTask.run(FutureTask.java:266)
	at java.util.concurrent.Executors$RunnableAdapter.call(Executors.java:511)
	at java.util.concurrent.FutureTask.run(FutureTask.java:266)
	at java.util.concurrent.ThreadPoolExecutor.runWorker(ThreadPoolExecutor.java:1149)
	at java.util.concurrent.ThreadPoolExecutor$Worker.run(ThreadPoolExecutor.java:624)
	... 1 more
Caused by: org.apache.ratis.thirdparty.io.netty.channel.AbstractChannel$AnnotatedConnectException: Connection refused: /192.168.157.223:42172
	at sun.nio.ch.SocketChannelImpl.checkConnect(Native Method)
	at sun.nio.ch.SocketChannelImpl.finishConnect(SocketChannelImpl.java:717)
	at org.apache.ratis.thirdparty.io.netty.channel.socket.nio.NioSocketChannel.doFinishConnect(NioSocketChannel.java:327)
	at org.apache.ratis.thirdparty.io.netty.channel.nio.AbstractNioChannel$AbstractNioUnsafe.finishConnect(AbstractNioChannel.java:340)
	at org.apache.ratis.thirdparty.io.netty.channel.nio.NioEventLoop.processSelectedKey(NioEventLoop.java:632)
	at org.apache.ratis.thirdparty.io.netty.channel.nio.NioEventLoop.processSelectedKeysOptimized(NioEventLoop.java:579)
	at org.apache.ratis.thirdparty.io.netty.channel.nio.NioEventLoop.processSelectedKeys(NioEventLoop.java:496)
	at org.apache.ratis.thirdparty.io.netty.channel.nio.NioEventLoop.run(NioEventLoop.java:458)
	at org.apache.ratis.thirdparty.io.netty.util.concurrent.SingleThreadEventExecutor$5.run(SingleThreadEventExecutor.java:897)
	at org.apache.ratis.thirdparty.io.netty.util.concurrent.FastThreadLocalRunnable.run(FastThreadLocalRunnable.java:30)
	... 1 more
Caused by: java.net.ConnectException: Connection refused
	... 11 more
2019-10-17 21:55:17,777 [d6dfcdd7-fc6e-4b51-b91e-b64503dadc5e@group-F967393F7C93-LeaderElection276] INFO  impl.LeaderElection (LogUtils.java:infoOrTrace(149)) - d6dfcdd7-fc6e-4b51-b91e-b64503dadc5e@group-F967393F7C93-LeaderElection276 got exception when requesting votes: {}
java.util.concurrent.ExecutionException: org.apache.ratis.thirdparty.io.grpc.StatusRuntimeException: UNAVAILABLE: io exception
	at java.util.concurrent.FutureTask.report(FutureTask.java:122)
	at java.util.concurrent.FutureTask.get(FutureTask.java:192)
	at org.apache.ratis.server.impl.LeaderElection.waitForResults(LeaderElection.java:259)
	at org.apache.ratis.server.impl.LeaderElection.askForVotes(LeaderElection.java:197)
	at org.apache.ratis.server.impl.LeaderElection.run(LeaderElection.java:133)
	at java.lang.Thread.run(Thread.java:748)
Caused by: org.apache.ratis.thirdparty.io.grpc.StatusRuntimeException: UNAVAILABLE: io exception
	at org.apache.ratis.thirdparty.io.grpc.stub.ClientCalls.toStatusRuntimeException(ClientCalls.java:233)
	at org.apache.ratis.thirdparty.io.grpc.stub.ClientCalls.getUnchecked(ClientCalls.java:214)
	at org.apache.ratis.thirdparty.io.grpc.stub.ClientCalls.blockingUnaryCall(ClientCalls.java:139)
	at org.apache.ratis.proto.grpc.RaftServerProtocolServiceGrpc$RaftServerProtocolServiceBlockingStub.requestVote(RaftServerProtocolServiceGrpc.java:265)
	at org.apache.ratis.grpc.server.GrpcServerProtocolClient.requestVote(GrpcServerProtocolClient.java:99)
	at org.apache.ratis.grpc.server.GrpcService.requestVote(GrpcService.java:204)
	at org.apache.ratis.server.impl.LeaderElection.lambda$submitRequests$1(LeaderElection.java:234)
	at java.util.concurrent.FutureTask.run(FutureTask.java:266)
	at java.util.concurrent.Executors$RunnableAdapter.call(Executors.java:511)
	at java.util.concurrent.FutureTask.run(FutureTask.java:266)
	at java.util.concurrent.ThreadPoolExecutor.runWorker(ThreadPoolExecutor.java:1149)
	at java.util.concurrent.ThreadPoolExecutor$Worker.run(ThreadPoolExecutor.java:624)
	... 1 more
Caused by: org.apache.ratis.thirdparty.io.netty.channel.AbstractChannel$AnnotatedConnectException: Connection refused: /192.168.157.223:33910
	at sun.nio.ch.SocketChannelImpl.checkConnect(Native Method)
	at sun.nio.ch.SocketChannelImpl.finishConnect(SocketChannelImpl.java:717)
	at org.apache.ratis.thirdparty.io.netty.channel.socket.nio.NioSocketChannel.doFinishConnect(NioSocketChannel.java:327)
	at org.apache.ratis.thirdparty.io.netty.channel.nio.AbstractNioChannel$AbstractNioUnsafe.finishConnect(AbstractNioChannel.java:340)
	at org.apache.ratis.thirdparty.io.netty.channel.nio.NioEventLoop.processSelectedKey(NioEventLoop.java:632)
	at org.apache.ratis.thirdparty.io.netty.channel.nio.NioEventLoop.processSelectedKeysOptimized(NioEventLoop.java:579)
	at org.apache.ratis.thirdparty.io.netty.channel.nio.NioEventLoop.processSelectedKeys(NioEventLoop.java:496)
	at org.apache.ratis.thirdparty.io.netty.channel.nio.NioEventLoop.run(NioEventLoop.java:458)
	at org.apache.ratis.thirdparty.io.netty.util.concurrent.SingleThreadEventExecutor$5.run(SingleThreadEventExecutor.java:897)
	at org.apache.ratis.thirdparty.io.netty.util.concurrent.FastThreadLocalRunnable.run(FastThreadLocalRunnable.java:30)
	... 1 more
Caused by: java.net.ConnectException: Connection refused
	... 11 more
2019-10-17 21:55:17,777 [d6dfcdd7-fc6e-4b51-b91e-b64503dadc5e@group-F967393F7C93-LeaderElection276] INFO  impl.LeaderElection (LeaderElection.java:logAndReturn(56)) - d6dfcdd7-fc6e-4b51-b91e-b64503dadc5e@group-F967393F7C93-LeaderElection276: Election REJECTED; received 0 response(s) [] and 2 exception(s); d6dfcdd7-fc6e-4b51-b91e-b64503dadc5e@group-F967393F7C93:t279, leader=null, voted=d6dfcdd7-fc6e-4b51-b91e-b64503dadc5e, raftlog=d6dfcdd7-fc6e-4b51-b91e-b64503dadc5e@group-F967393F7C93-SegmentedRaftLog:OPENED:c-1,f-1,i0, conf=-1: [08d4cbaa-ffed-4411-a5fd-c4a38026aead:192.168.157.223:33910, da15dfee-23f0-4dc4-ad77-c00156c49cfa:192.168.157.223:42172, d6dfcdd7-fc6e-4b51-b91e-b64503dadc5e:192.168.157.223:43575], old=null
2019-10-17 21:55:17,777 [d6dfcdd7-fc6e-4b51-b91e-b64503dadc5e@group-F967393F7C93-LeaderElection276] INFO  impl.LeaderElection (LogUtils.java:infoOrTrace(149)) -   Exception 0: {}
java.util.concurrent.ExecutionException: org.apache.ratis.thirdparty.io.grpc.StatusRuntimeException: UNAVAILABLE: io exception
	at java.util.concurrent.FutureTask.report(FutureTask.java:122)
	at java.util.concurrent.FutureTask.get(FutureTask.java:192)
	at org.apache.ratis.server.impl.LeaderElection.waitForResults(LeaderElection.java:259)
	at org.apache.ratis.server.impl.LeaderElection.askForVotes(LeaderElection.java:197)
	at org.apache.ratis.server.impl.LeaderElection.run(LeaderElection.java:133)
	at java.lang.Thread.run(Thread.java:748)
Caused by: org.apache.ratis.thirdparty.io.grpc.StatusRuntimeException: UNAVAILABLE: io exception
	at org.apache.ratis.thirdparty.io.grpc.stub.ClientCalls.toStatusRuntimeException(ClientCalls.java:233)
	at org.apache.ratis.thirdparty.io.grpc.stub.ClientCalls.getUnchecked(ClientCalls.java:214)
	at org.apache.ratis.thirdparty.io.grpc.stub.ClientCalls.blockingUnaryCall(ClientCalls.java:139)
	at org.apache.ratis.proto.grpc.RaftServerProtocolServiceGrpc$RaftServerProtocolServiceBlockingStub.requestVote(RaftServerProtocolServiceGrpc.java:265)
	at org.apache.ratis.grpc.server.GrpcServerProtocolClient.requestVote(GrpcServerProtocolClient.java:99)
	at org.apache.ratis.grpc.server.GrpcService.requestVote(GrpcService.java:204)
	at org.apache.ratis.server.impl.LeaderElection.lambda$submitRequests$1(LeaderElection.java:234)
	at java.util.concurrent.FutureTask.run(FutureTask.java:266)
	at java.util.concurrent.Executors$RunnableAdapter.call(Executors.java:511)
	at java.util.concurrent.FutureTask.run(FutureTask.java:266)
	at java.util.concurrent.ThreadPoolExecutor.runWorker(ThreadPoolExecutor.java:1149)
	at java.util.concurrent.ThreadPoolExecutor$Worker.run(ThreadPoolExecutor.java:624)
	... 1 more
Caused by: org.apache.ratis.thirdparty.io.netty.channel.AbstractChannel$AnnotatedConnectException: Connection refused: /192.168.157.223:42172
	at sun.nio.ch.SocketChannelImpl.checkConnect(Native Method)
	at sun.nio.ch.SocketChannelImpl.finishConnect(SocketChannelImpl.java:717)
	at org.apache.ratis.thirdparty.io.netty.channel.socket.nio.NioSocketChannel.doFinishConnect(NioSocketChannel.java:327)
	at org.apache.ratis.thirdparty.io.netty.channel.nio.AbstractNioChannel$AbstractNioUnsafe.finishConnect(AbstractNioChannel.java:340)
	at org.apache.ratis.thirdparty.io.netty.channel.nio.NioEventLoop.processSelectedKey(NioEventLoop.java:632)
	at org.apache.ratis.thirdparty.io.netty.channel.nio.NioEventLoop.processSelectedKeysOptimized(NioEventLoop.java:579)
	at org.apache.ratis.thirdparty.io.netty.channel.nio.NioEventLoop.processSelectedKeys(NioEventLoop.java:496)
	at org.apache.ratis.thirdparty.io.netty.channel.nio.NioEventLoop.run(NioEventLoop.java:458)
	at org.apache.ratis.thirdparty.io.netty.util.concurrent.SingleThreadEventExecutor$5.run(SingleThreadEventExecutor.java:897)
	at org.apache.ratis.thirdparty.io.netty.util.concurrent.FastThreadLocalRunnable.run(FastThreadLocalRunnable.java:30)
	... 1 more
Caused by: java.net.ConnectException: Connection refused
	... 11 more
2019-10-17 21:55:17,778 [d6dfcdd7-fc6e-4b51-b91e-b64503dadc5e@group-F967393F7C93-LeaderElection276] INFO  impl.LeaderElection (LogUtils.java:infoOrTrace(149)) -   Exception 1: {}
java.util.concurrent.ExecutionException: org.apache.ratis.thirdparty.io.grpc.StatusRuntimeException: UNAVAILABLE: io exception
	at java.util.concurrent.FutureTask.report(FutureTask.java:122)
	at java.util.concurrent.FutureTask.get(FutureTask.java:192)
	at org.apache.ratis.server.impl.LeaderElection.waitForResults(LeaderElection.java:259)
	at org.apache.ratis.server.impl.LeaderElection.askForVotes(LeaderElection.java:197)
	at org.apache.ratis.server.impl.LeaderElection.run(LeaderElection.java:133)
	at java.lang.Thread.run(Thread.java:748)
Caused by: org.apache.ratis.thirdparty.io.grpc.StatusRuntimeException: UNAVAILABLE: io exception
	at org.apache.ratis.thirdparty.io.grpc.stub.ClientCalls.toStatusRuntimeException(ClientCalls.java:233)
	at org.apache.ratis.thirdparty.io.grpc.stub.ClientCalls.getUnchecked(ClientCalls.java:214)
	at org.apache.ratis.thirdparty.io.grpc.stub.ClientCalls.blockingUnaryCall(ClientCalls.java:139)
	at org.apache.ratis.proto.grpc.RaftServerProtocolServiceGrpc$RaftServerProtocolServiceBlockingStub.requestVote(RaftServerProtocolServiceGrpc.java:265)
	at org.apache.ratis.grpc.server.GrpcServerProtocolClient.requestVote(GrpcServerProtocolClient.java:99)
	at org.apache.ratis.grpc.server.GrpcService.requestVote(GrpcService.java:204)
	at org.apache.ratis.server.impl.LeaderElection.lambda$submitRequests$1(LeaderElection.java:234)
	at java.util.concurrent.FutureTask.run(FutureTask.java:266)
	at java.util.concurrent.Executors$RunnableAdapter.call(Executors.java:511)
	at java.util.concurrent.FutureTask.run(FutureTask.java:266)
	at java.util.concurrent.ThreadPoolExecutor.runWorker(ThreadPoolExecutor.java:1149)
	at java.util.concurrent.ThreadPoolExecutor$Worker.run(ThreadPoolExecutor.java:624)
	... 1 more
Caused by: org.apache.ratis.thirdparty.io.netty.channel.AbstractChannel$AnnotatedConnectException: Connection refused: /192.168.157.223:33910
	at sun.nio.ch.SocketChannelImpl.checkConnect(Native Method)
	at sun.nio.ch.SocketChannelImpl.finishConnect(SocketChannelImpl.java:717)
	at org.apache.ratis.thirdparty.io.netty.channel.socket.nio.NioSocketChannel.doFinishConnect(NioSocketChannel.java:327)
	at org.apache.ratis.thirdparty.io.netty.channel.nio.AbstractNioChannel$AbstractNioUnsafe.finishConnect(AbstractNioChannel.java:340)
	at org.apache.ratis.thirdparty.io.netty.channel.nio.NioEventLoop.processSelectedKey(NioEventLoop.java:632)
	at org.apache.ratis.thirdparty.io.netty.channel.nio.NioEventLoop.processSelectedKeysOptimized(NioEventLoop.java:579)
	at org.apache.ratis.thirdparty.io.netty.channel.nio.NioEventLoop.processSelectedKeys(NioEventLoop.java:496)
	at org.apache.ratis.thirdparty.io.netty.channel.nio.NioEventLoop.run(NioEventLoop.java:458)
	at org.apache.ratis.thirdparty.io.netty.util.concurrent.SingleThreadEventExecutor$5.run(SingleThreadEventExecutor.java:897)
	at org.apache.ratis.thirdparty.io.netty.util.concurrent.FastThreadLocalRunnable.run(FastThreadLocalRunnable.java:30)
	... 1 more
Caused by: java.net.ConnectException: Connection refused
	... 11 more
2019-10-17 21:55:17,778 [d6dfcdd7-fc6e-4b51-b91e-b64503dadc5e@group-F967393F7C93-LeaderElection276] INFO  impl.RaftServerImpl (RaftServerImpl.java:setRole(184)) - d6dfcdd7-fc6e-4b51-b91e-b64503dadc5e@group-F967393F7C93: changes role from CANDIDATE to FOLLOWER at term 279 for DISCOVERED_A_NEW_TERM
2019-10-17 21:55:17,778 [d6dfcdd7-fc6e-4b51-b91e-b64503dadc5e@group-F967393F7C93-LeaderElection276] INFO  impl.RoleInfo (RoleInfo.java:shutdownLeaderElection(134)) - d6dfcdd7-fc6e-4b51-b91e-b64503dadc5e: shutdown LeaderElection
2019-10-17 21:55:17,778 [d6dfcdd7-fc6e-4b51-b91e-b64503dadc5e@group-F967393F7C93-LeaderElection276] INFO  impl.RoleInfo (RoleInfo.java:updateAndGet(143)) - d6dfcdd7-fc6e-4b51-b91e-b64503dadc5e: start FollowerState
2019-10-17 21:55:17,783 [java.util.concurrent.ThreadPoolExecutor$Worker@71aa17a1[State = -1, empty queue]] WARN  server.GrpcLogAppender (GrpcLogAppender.java:timeoutAppendRequest(209)) - de567563-d0dd-4cf2-91b7-f72627909699@group-3097D7458558->db0af43e-c62e-4c1d-affa-ffdb4faae2f8-GrpcLogAppender: appendEntries Timeout, request=de567563-d0dd-4cf2-91b7-f72627909699->db0af43e-c62e-4c1d-affa-ffdb4faae2f8#65-t10, previous=(t:10, i:4), leaderCommit=4, initializing? false, entries: <empty>
2019-10-17 21:55:17,963 [Thread-2282] INFO  impl.FollowerState (FollowerState.java:run(108)) - d6dfcdd7-fc6e-4b51-b91e-b64503dadc5e@group-F967393F7C93-FollowerState: change to CANDIDATE, lastRpcTime:184ms, electionTimeout:184ms
2019-10-17 21:55:17,963 [Thread-2282] INFO  impl.RoleInfo (RoleInfo.java:shutdownFollowerState(121)) - d6dfcdd7-fc6e-4b51-b91e-b64503dadc5e: shutdown FollowerState
2019-10-17 21:55:17,963 [Thread-2282] INFO  impl.RaftServerImpl (RaftServerImpl.java:setRole(184)) - d6dfcdd7-fc6e-4b51-b91e-b64503dadc5e@group-F967393F7C93: changes role from  FOLLOWER to CANDIDATE at term 279 for changeToCandidate
2019-10-17 21:55:17,963 [Thread-2282] INFO  impl.RoleInfo (RoleInfo.java:updateAndGet(143)) - d6dfcdd7-fc6e-4b51-b91e-b64503dadc5e: start LeaderElection
2019-10-17 21:55:17,976 [d6dfcdd7-fc6e-4b51-b91e-b64503dadc5e@group-F967393F7C93-LeaderElection277] INFO  impl.LeaderElection (LeaderElection.java:askForVotes(178)) - d6dfcdd7-fc6e-4b51-b91e-b64503dadc5e@group-F967393F7C93-LeaderElection277: begin an election at term 280 for -1: [08d4cbaa-ffed-4411-a5fd-c4a38026aead:192.168.157.223:33910, da15dfee-23f0-4dc4-ad77-c00156c49cfa:192.168.157.223:42172, d6dfcdd7-fc6e-4b51-b91e-b64503dadc5e:192.168.157.223:43575], old=null
2019-10-17 21:55:17,977 [d6dfcdd7-fc6e-4b51-b91e-b64503dadc5e@group-F967393F7C93-LeaderElection277] INFO  impl.LeaderElection (LogUtils.java:infoOrTrace(149)) - d6dfcdd7-fc6e-4b51-b91e-b64503dadc5e@group-F967393F7C93-LeaderElection277 got exception when requesting votes: {}
java.util.concurrent.ExecutionException: org.apache.ratis.thirdparty.io.grpc.StatusRuntimeException: UNAVAILABLE: io exception
	at java.util.concurrent.FutureTask.report(FutureTask.java:122)
	at java.util.concurrent.FutureTask.get(FutureTask.java:192)
	at org.apache.ratis.server.impl.LeaderElection.waitForResults(LeaderElection.java:259)
	at org.apache.ratis.server.impl.LeaderElection.askForVotes(LeaderElection.java:197)
	at org.apache.ratis.server.impl.LeaderElection.run(LeaderElection.java:133)
	at java.lang.Thread.run(Thread.java:748)
Caused by: org.apache.ratis.thirdparty.io.grpc.StatusRuntimeException: UNAVAILABLE: io exception
	at org.apache.ratis.thirdparty.io.grpc.stub.ClientCalls.toStatusRuntimeException(ClientCalls.java:233)
	at org.apache.ratis.thirdparty.io.grpc.stub.ClientCalls.getUnchecked(ClientCalls.java:214)
	at org.apache.ratis.thirdparty.io.grpc.stub.ClientCalls.blockingUnaryCall(ClientCalls.java:139)
	at org.apache.ratis.proto.grpc.RaftServerProtocolServiceGrpc$RaftServerProtocolServiceBlockingStub.requestVote(RaftServerProtocolServiceGrpc.java:265)
	at org.apache.ratis.grpc.server.GrpcServerProtocolClient.requestVote(GrpcServerProtocolClient.java:99)
	at org.apache.ratis.grpc.server.GrpcService.requestVote(GrpcService.java:204)
	at org.apache.ratis.server.impl.LeaderElection.lambda$submitRequests$1(LeaderElection.java:234)
	at java.util.concurrent.FutureTask.run(FutureTask.java:266)
	at java.util.concurrent.Executors$RunnableAdapter.call(Executors.java:511)
	at java.util.concurrent.FutureTask.run(FutureTask.java:266)
	at java.util.concurrent.ThreadPoolExecutor.runWorker(ThreadPoolExecutor.java:1149)
	at java.util.concurrent.ThreadPoolExecutor$Worker.run(ThreadPoolExecutor.java:624)
	... 1 more
Caused by: org.apache.ratis.thirdparty.io.netty.channel.AbstractChannel$AnnotatedConnectException: Connection refused: /192.168.157.223:33910
	at sun.nio.ch.SocketChannelImpl.checkConnect(Native Method)
	at sun.nio.ch.SocketChannelImpl.finishConnect(SocketChannelImpl.java:717)
	at org.apache.ratis.thirdparty.io.netty.channel.socket.nio.NioSocketChannel.doFinishConnect(NioSocketChannel.java:327)
	at org.apache.ratis.thirdparty.io.netty.channel.nio.AbstractNioChannel$AbstractNioUnsafe.finishConnect(AbstractNioChannel.java:340)
	at org.apache.ratis.thirdparty.io.netty.channel.nio.NioEventLoop.processSelectedKey(NioEventLoop.java:632)
	at org.apache.ratis.thirdparty.io.netty.channel.nio.NioEventLoop.processSelectedKeysOptimized(NioEventLoop.java:579)
	at org.apache.ratis.thirdparty.io.netty.channel.nio.NioEventLoop.processSelectedKeys(NioEventLoop.java:496)
	at org.apache.ratis.thirdparty.io.netty.channel.nio.NioEventLoop.run(NioEventLoop.java:458)
	at org.apache.ratis.thirdparty.io.netty.util.concurrent.SingleThreadEventExecutor$5.run(SingleThreadEventExecutor.java:897)
	at org.apache.ratis.thirdparty.io.netty.util.concurrent.FastThreadLocalRunnable.run(FastThreadLocalRunnable.java:30)
	... 1 more
Caused by: java.net.ConnectException: Connection refused
	... 11 more
2019-10-17 21:55:17,978 [d6dfcdd7-fc6e-4b51-b91e-b64503dadc5e@group-F967393F7C93-LeaderElection277] INFO  impl.LeaderElection (LogUtils.java:infoOrTrace(149)) - d6dfcdd7-fc6e-4b51-b91e-b64503dadc5e@group-F967393F7C93-LeaderElection277 got exception when requesting votes: {}
java.util.concurrent.ExecutionException: org.apache.ratis.thirdparty.io.grpc.StatusRuntimeException: UNAVAILABLE: io exception
	at java.util.concurrent.FutureTask.report(FutureTask.java:122)
	at java.util.concurrent.FutureTask.get(FutureTask.java:192)
	at org.apache.ratis.server.impl.LeaderElection.waitForResults(LeaderElection.java:259)
	at org.apache.ratis.server.impl.LeaderElection.askForVotes(LeaderElection.java:197)
	at org.apache.ratis.server.impl.LeaderElection.run(LeaderElection.java:133)
	at java.lang.Thread.run(Thread.java:748)
Caused by: org.apache.ratis.thirdparty.io.grpc.StatusRuntimeException: UNAVAILABLE: io exception
	at org.apache.ratis.thirdparty.io.grpc.stub.ClientCalls.toStatusRuntimeException(ClientCalls.java:233)
	at org.apache.ratis.thirdparty.io.grpc.stub.ClientCalls.getUnchecked(ClientCalls.java:214)
	at org.apache.ratis.thirdparty.io.grpc.stub.ClientCalls.blockingUnaryCall(ClientCalls.java:139)
	at org.apache.ratis.proto.grpc.RaftServerProtocolServiceGrpc$RaftServerProtocolServiceBlockingStub.requestVote(RaftServerProtocolServiceGrpc.java:265)
	at org.apache.ratis.grpc.server.GrpcServerProtocolClient.requestVote(GrpcServerProtocolClient.java:99)
	at org.apache.ratis.grpc.server.GrpcService.requestVote(GrpcService.java:204)
	at org.apache.ratis.server.impl.LeaderElection.lambda$submitRequests$1(LeaderElection.java:234)
	at java.util.concurrent.FutureTask.run(FutureTask.java:266)
	at java.util.concurrent.Executors$RunnableAdapter.call(Executors.java:511)
	at java.util.concurrent.FutureTask.run(FutureTask.java:266)
	at java.util.concurrent.ThreadPoolExecutor.runWorker(ThreadPoolExecutor.java:1149)
	at java.util.concurrent.ThreadPoolExecutor$Worker.run(ThreadPoolExecutor.java:624)
	... 1 more
Caused by: org.apache.ratis.thirdparty.io.netty.channel.AbstractChannel$AnnotatedConnectException: Connection refused: /192.168.157.223:42172
	at sun.nio.ch.SocketChannelImpl.checkConnect(Native Method)
	at sun.nio.ch.SocketChannelImpl.finishConnect(SocketChannelImpl.java:717)
	at org.apache.ratis.thirdparty.io.netty.channel.socket.nio.NioSocketChannel.doFinishConnect(NioSocketChannel.java:327)
	at org.apache.ratis.thirdparty.io.netty.channel.nio.AbstractNioChannel$AbstractNioUnsafe.finishConnect(AbstractNioChannel.java:340)
	at org.apache.ratis.thirdparty.io.netty.channel.nio.NioEventLoop.processSelectedKey(NioEventLoop.java:632)
	at org.apache.ratis.thirdparty.io.netty.channel.nio.NioEventLoop.processSelectedKeysOptimized(NioEventLoop.java:579)
	at org.apache.ratis.thirdparty.io.netty.channel.nio.NioEventLoop.processSelectedKeys(NioEventLoop.java:496)
	at org.apache.ratis.thirdparty.io.netty.channel.nio.NioEventLoop.run(NioEventLoop.java:458)
	at org.apache.ratis.thirdparty.io.netty.util.concurrent.SingleThreadEventExecutor$5.run(SingleThreadEventExecutor.java:897)
	at org.apache.ratis.thirdparty.io.netty.util.concurrent.FastThreadLocalRunnable.run(FastThreadLocalRunnable.java:30)
	... 1 more
Caused by: java.net.ConnectException: Connection refused
	... 11 more
2019-10-17 21:55:17,978 [d6dfcdd7-fc6e-4b51-b91e-b64503dadc5e@group-F967393F7C93-LeaderElection277] INFO  impl.LeaderElection (LeaderElection.java:logAndReturn(56)) - d6dfcdd7-fc6e-4b51-b91e-b64503dadc5e@group-F967393F7C93-LeaderElection277: Election REJECTED; received 0 response(s) [] and 2 exception(s); d6dfcdd7-fc6e-4b51-b91e-b64503dadc5e@group-F967393F7C93:t280, leader=null, voted=d6dfcdd7-fc6e-4b51-b91e-b64503dadc5e, raftlog=d6dfcdd7-fc6e-4b51-b91e-b64503dadc5e@group-F967393F7C93-SegmentedRaftLog:OPENED:c-1,f-1,i0, conf=-1: [08d4cbaa-ffed-4411-a5fd-c4a38026aead:192.168.157.223:33910, da15dfee-23f0-4dc4-ad77-c00156c49cfa:192.168.157.223:42172, d6dfcdd7-fc6e-4b51-b91e-b64503dadc5e:192.168.157.223:43575], old=null
2019-10-17 21:55:17,978 [d6dfcdd7-fc6e-4b51-b91e-b64503dadc5e@group-F967393F7C93-LeaderElection277] INFO  impl.LeaderElection (LogUtils.java:infoOrTrace(149)) -   Exception 0: {}
java.util.concurrent.ExecutionException: org.apache.ratis.thirdparty.io.grpc.StatusRuntimeException: UNAVAILABLE: io exception
	at java.util.concurrent.FutureTask.report(FutureTask.java:122)
	at java.util.concurrent.FutureTask.get(FutureTask.java:192)
	at org.apache.ratis.server.impl.LeaderElection.waitForResults(LeaderElection.java:259)
	at org.apache.ratis.server.impl.LeaderElection.askForVotes(LeaderElection.java:197)
	at org.apache.ratis.server.impl.LeaderElection.run(LeaderElection.java:133)
	at java.lang.Thread.run(Thread.java:748)
Caused by: org.apache.ratis.thirdparty.io.grpc.StatusRuntimeException: UNAVAILABLE: io exception
	at org.apache.ratis.thirdparty.io.grpc.stub.ClientCalls.toStatusRuntimeException(ClientCalls.java:233)
	at org.apache.ratis.thirdparty.io.grpc.stub.ClientCalls.getUnchecked(ClientCalls.java:214)
	at org.apache.ratis.thirdparty.io.grpc.stub.ClientCalls.blockingUnaryCall(ClientCalls.java:139)
	at org.apache.ratis.proto.grpc.RaftServerProtocolServiceGrpc$RaftServerProtocolServiceBlockingStub.requestVote(RaftServerProtocolServiceGrpc.java:265)
	at org.apache.ratis.grpc.server.GrpcServerProtocolClient.requestVote(GrpcServerProtocolClient.java:99)
	at org.apache.ratis.grpc.server.GrpcService.requestVote(GrpcService.java:204)
	at org.apache.ratis.server.impl.LeaderElection.lambda$submitRequests$1(LeaderElection.java:234)
	at java.util.concurrent.FutureTask.run(FutureTask.java:266)
	at java.util.concurrent.Executors$RunnableAdapter.call(Executors.java:511)
	at java.util.concurrent.FutureTask.run(FutureTask.java:266)
	at java.util.concurrent.ThreadPoolExecutor.runWorker(ThreadPoolExecutor.java:1149)
	at java.util.concurrent.ThreadPoolExecutor$Worker.run(ThreadPoolExecutor.java:624)
	... 1 more
Caused by: org.apache.ratis.thirdparty.io.netty.channel.AbstractChannel$AnnotatedConnectException: Connection refused: /192.168.157.223:33910
	at sun.nio.ch.SocketChannelImpl.checkConnect(Native Method)
	at sun.nio.ch.SocketChannelImpl.finishConnect(SocketChannelImpl.java:717)
	at org.apache.ratis.thirdparty.io.netty.channel.socket.nio.NioSocketChannel.doFinishConnect(NioSocketChannel.java:327)
	at org.apache.ratis.thirdparty.io.netty.channel.nio.AbstractNioChannel$AbstractNioUnsafe.finishConnect(AbstractNioChannel.java:340)
	at org.apache.ratis.thirdparty.io.netty.channel.nio.NioEventLoop.processSelectedKey(NioEventLoop.java:632)
	at org.apache.ratis.thirdparty.io.netty.channel.nio.NioEventLoop.processSelectedKeysOptimized(NioEventLoop.java:579)
	at org.apache.ratis.thirdparty.io.netty.channel.nio.NioEventLoop.processSelectedKeys(NioEventLoop.java:496)
	at org.apache.ratis.thirdparty.io.netty.channel.nio.NioEventLoop.run(NioEventLoop.java:458)
	at org.apache.ratis.thirdparty.io.netty.util.concurrent.SingleThreadEventExecutor$5.run(SingleThreadEventExecutor.java:897)
	at org.apache.ratis.thirdparty.io.netty.util.concurrent.FastThreadLocalRunnable.run(FastThreadLocalRunnable.java:30)
	... 1 more
Caused by: java.net.ConnectException: Connection refused
	... 11 more
2019-10-17 21:55:17,978 [d6dfcdd7-fc6e-4b51-b91e-b64503dadc5e@group-F967393F7C93-LeaderElection277] INFO  impl.LeaderElection (LogUtils.java:infoOrTrace(149)) -   Exception 1: {}
java.util.concurrent.ExecutionException: org.apache.ratis.thirdparty.io.grpc.StatusRuntimeException: UNAVAILABLE: io exception
	at java.util.concurrent.FutureTask.report(FutureTask.java:122)
	at java.util.concurrent.FutureTask.get(FutureTask.java:192)
	at org.apache.ratis.server.impl.LeaderElection.waitForResults(LeaderElection.java:259)
	at org.apache.ratis.server.impl.LeaderElection.askForVotes(LeaderElection.java:197)
	at org.apache.ratis.server.impl.LeaderElection.run(LeaderElection.java:133)
	at java.lang.Thread.run(Thread.java:748)
Caused by: org.apache.ratis.thirdparty.io.grpc.StatusRuntimeException: UNAVAILABLE: io exception
	at org.apache.ratis.thirdparty.io.grpc.stub.ClientCalls.toStatusRuntimeException(ClientCalls.java:233)
	at org.apache.ratis.thirdparty.io.grpc.stub.ClientCalls.getUnchecked(ClientCalls.java:214)
	at org.apache.ratis.thirdparty.io.grpc.stub.ClientCalls.blockingUnaryCall(ClientCalls.java:139)
	at org.apache.ratis.proto.grpc.RaftServerProtocolServiceGrpc$RaftServerProtocolServiceBlockingStub.requestVote(RaftServerProtocolServiceGrpc.java:265)
	at org.apache.ratis.grpc.server.GrpcServerProtocolClient.requestVote(GrpcServerProtocolClient.java:99)
	at org.apache.ratis.grpc.server.GrpcService.requestVote(GrpcService.java:204)
	at org.apache.ratis.server.impl.LeaderElection.lambda$submitRequests$1(LeaderElection.java:234)
	at java.util.concurrent.FutureTask.run(FutureTask.java:266)
	at java.util.concurrent.Executors$RunnableAdapter.call(Executors.java:511)
	at java.util.concurrent.FutureTask.run(FutureTask.java:266)
	at java.util.concurrent.ThreadPoolExecutor.runWorker(ThreadPoolExecutor.java:1149)
	at java.util.concurrent.ThreadPoolExecutor$Worker.run(ThreadPoolExecutor.java:624)
	... 1 more
Caused by: org.apache.ratis.thirdparty.io.netty.channel.AbstractChannel$AnnotatedConnectException: Connection refused: /192.168.157.223:42172
	at sun.nio.ch.SocketChannelImpl.checkConnect(Native Method)
	at sun.nio.ch.SocketChannelImpl.finishConnect(SocketChannelImpl.java:717)
	at org.apache.ratis.thirdparty.io.netty.channel.socket.nio.NioSocketChannel.doFinishConnect(NioSocketChannel.java:327)
	at org.apache.ratis.thirdparty.io.netty.channel.nio.AbstractNioChannel$AbstractNioUnsafe.finishConnect(AbstractNioChannel.java:340)
	at org.apache.ratis.thirdparty.io.netty.channel.nio.NioEventLoop.processSelectedKey(NioEventLoop.java:632)
	at org.apache.ratis.thirdparty.io.netty.channel.nio.NioEventLoop.processSelectedKeysOptimized(NioEventLoop.java:579)
	at org.apache.ratis.thirdparty.io.netty.channel.nio.NioEventLoop.processSelectedKeys(NioEventLoop.java:496)
	at org.apache.ratis.thirdparty.io.netty.channel.nio.NioEventLoop.run(NioEventLoop.java:458)
	at org.apache.ratis.thirdparty.io.netty.util.concurrent.SingleThreadEventExecutor$5.run(SingleThreadEventExecutor.java:897)
	at org.apache.ratis.thirdparty.io.netty.util.concurrent.FastThreadLocalRunnable.run(FastThreadLocalRunnable.java:30)
	... 1 more
Caused by: java.net.ConnectException: Connection refused
	... 11 more
2019-10-17 21:55:17,979 [d6dfcdd7-fc6e-4b51-b91e-b64503dadc5e@group-F967393F7C93-LeaderElection277] INFO  impl.RaftServerImpl (RaftServerImpl.java:setRole(184)) - d6dfcdd7-fc6e-4b51-b91e-b64503dadc5e@group-F967393F7C93: changes role from CANDIDATE to FOLLOWER at term 280 for DISCOVERED_A_NEW_TERM
2019-10-17 21:55:17,979 [d6dfcdd7-fc6e-4b51-b91e-b64503dadc5e@group-F967393F7C93-LeaderElection277] INFO  impl.RoleInfo (RoleInfo.java:shutdownLeaderElection(134)) - d6dfcdd7-fc6e-4b51-b91e-b64503dadc5e: shutdown LeaderElection
2019-10-17 21:55:17,979 [d6dfcdd7-fc6e-4b51-b91e-b64503dadc5e@group-F967393F7C93-LeaderElection277] INFO  impl.RoleInfo (RoleInfo.java:updateAndGet(143)) - d6dfcdd7-fc6e-4b51-b91e-b64503dadc5e: start FollowerState
2019-10-17 21:55:18,133 [Thread-2286] INFO  impl.FollowerState (FollowerState.java:run(108)) - d6dfcdd7-fc6e-4b51-b91e-b64503dadc5e@group-F967393F7C93-FollowerState: change to CANDIDATE, lastRpcTime:154ms, electionTimeout:154ms
2019-10-17 21:55:18,134 [Thread-2286] INFO  impl.RoleInfo (RoleInfo.java:shutdownFollowerState(121)) - d6dfcdd7-fc6e-4b51-b91e-b64503dadc5e: shutdown FollowerState
2019-10-17 21:55:18,134 [Thread-2286] INFO  impl.RaftServerImpl (RaftServerImpl.java:setRole(184)) - d6dfcdd7-fc6e-4b51-b91e-b64503dadc5e@group-F967393F7C93: changes role from  FOLLOWER to CANDIDATE at term 280 for changeToCandidate
2019-10-17 21:55:18,134 [Thread-2286] INFO  impl.RoleInfo (RoleInfo.java:updateAndGet(143)) - d6dfcdd7-fc6e-4b51-b91e-b64503dadc5e: start LeaderElection
2019-10-17 21:55:18,147 [d6dfcdd7-fc6e-4b51-b91e-b64503dadc5e@group-F967393F7C93-LeaderElection278] INFO  impl.LeaderElection (LeaderElection.java:askForVotes(178)) - d6dfcdd7-fc6e-4b51-b91e-b64503dadc5e@group-F967393F7C93-LeaderElection278: begin an election at term 281 for -1: [08d4cbaa-ffed-4411-a5fd-c4a38026aead:192.168.157.223:33910, da15dfee-23f0-4dc4-ad77-c00156c49cfa:192.168.157.223:42172, d6dfcdd7-fc6e-4b51-b91e-b64503dadc5e:192.168.157.223:43575], old=null
2019-10-17 21:55:18,148 [d6dfcdd7-fc6e-4b51-b91e-b64503dadc5e@group-F967393F7C93-LeaderElection278] INFO  impl.LeaderElection (LogUtils.java:infoOrTrace(149)) - d6dfcdd7-fc6e-4b51-b91e-b64503dadc5e@group-F967393F7C93-LeaderElection278 got exception when requesting votes: {}
java.util.concurrent.ExecutionException: org.apache.ratis.thirdparty.io.grpc.StatusRuntimeException: UNAVAILABLE: io exception
	at java.util.concurrent.FutureTask.report(FutureTask.java:122)
	at java.util.concurrent.FutureTask.get(FutureTask.java:192)
	at org.apache.ratis.server.impl.LeaderElection.waitForResults(LeaderElection.java:259)
	at org.apache.ratis.server.impl.LeaderElection.askForVotes(LeaderElection.java:197)
	at org.apache.ratis.server.impl.LeaderElection.run(LeaderElection.java:133)
	at java.lang.Thread.run(Thread.java:748)
Caused by: org.apache.ratis.thirdparty.io.grpc.StatusRuntimeException: UNAVAILABLE: io exception
	at org.apache.ratis.thirdparty.io.grpc.stub.ClientCalls.toStatusRuntimeException(ClientCalls.java:233)
	at org.apache.ratis.thirdparty.io.grpc.stub.ClientCalls.getUnchecked(ClientCalls.java:214)
	at org.apache.ratis.thirdparty.io.grpc.stub.ClientCalls.blockingUnaryCall(ClientCalls.java:139)
	at org.apache.ratis.proto.grpc.RaftServerProtocolServiceGrpc$RaftServerProtocolServiceBlockingStub.requestVote(RaftServerProtocolServiceGrpc.java:265)
	at org.apache.ratis.grpc.server.GrpcServerProtocolClient.requestVote(GrpcServerProtocolClient.java:99)
	at org.apache.ratis.grpc.server.GrpcService.requestVote(GrpcService.java:204)
	at org.apache.ratis.server.impl.LeaderElection.lambda$submitRequests$1(LeaderElection.java:234)
	at java.util.concurrent.FutureTask.run(FutureTask.java:266)
	at java.util.concurrent.Executors$RunnableAdapter.call(Executors.java:511)
	at java.util.concurrent.FutureTask.run(FutureTask.java:266)
	at java.util.concurrent.ThreadPoolExecutor.runWorker(ThreadPoolExecutor.java:1149)
	at java.util.concurrent.ThreadPoolExecutor$Worker.run(ThreadPoolExecutor.java:624)
	... 1 more
Caused by: org.apache.ratis.thirdparty.io.netty.channel.AbstractChannel$AnnotatedConnectException: Connection refused: /192.168.157.223:33910
	at sun.nio.ch.SocketChannelImpl.checkConnect(Native Method)
	at sun.nio.ch.SocketChannelImpl.finishConnect(SocketChannelImpl.java:717)
	at org.apache.ratis.thirdparty.io.netty.channel.socket.nio.NioSocketChannel.doFinishConnect(NioSocketChannel.java:327)
	at org.apache.ratis.thirdparty.io.netty.channel.nio.AbstractNioChannel$AbstractNioUnsafe.finishConnect(AbstractNioChannel.java:340)
	at org.apache.ratis.thirdparty.io.netty.channel.nio.NioEventLoop.processSelectedKey(NioEventLoop.java:632)
	at org.apache.ratis.thirdparty.io.netty.channel.nio.NioEventLoop.processSelectedKeysOptimized(NioEventLoop.java:579)
	at org.apache.ratis.thirdparty.io.netty.channel.nio.NioEventLoop.processSelectedKeys(NioEventLoop.java:496)
	at org.apache.ratis.thirdparty.io.netty.channel.nio.NioEventLoop.run(NioEventLoop.java:458)
	at org.apache.ratis.thirdparty.io.netty.util.concurrent.SingleThreadEventExecutor$5.run(SingleThreadEventExecutor.java:897)
	at org.apache.ratis.thirdparty.io.netty.util.concurrent.FastThreadLocalRunnable.run(FastThreadLocalRunnable.java:30)
	... 1 more
Caused by: java.net.ConnectException: Connection refused
	... 11 more
2019-10-17 21:55:18,149 [d6dfcdd7-fc6e-4b51-b91e-b64503dadc5e@group-F967393F7C93-LeaderElection278] INFO  impl.LeaderElection (LogUtils.java:infoOrTrace(149)) - d6dfcdd7-fc6e-4b51-b91e-b64503dadc5e@group-F967393F7C93-LeaderElection278 got exception when requesting votes: {}
java.util.concurrent.ExecutionException: org.apache.ratis.thirdparty.io.grpc.StatusRuntimeException: UNAVAILABLE: io exception
	at java.util.concurrent.FutureTask.report(FutureTask.java:122)
	at java.util.concurrent.FutureTask.get(FutureTask.java:192)
	at org.apache.ratis.server.impl.LeaderElection.waitForResults(LeaderElection.java:259)
	at org.apache.ratis.server.impl.LeaderElection.askForVotes(LeaderElection.java:197)
	at org.apache.ratis.server.impl.LeaderElection.run(LeaderElection.java:133)
	at java.lang.Thread.run(Thread.java:748)
Caused by: org.apache.ratis.thirdparty.io.grpc.StatusRuntimeException: UNAVAILABLE: io exception
	at org.apache.ratis.thirdparty.io.grpc.stub.ClientCalls.toStatusRuntimeException(ClientCalls.java:233)
	at org.apache.ratis.thirdparty.io.grpc.stub.ClientCalls.getUnchecked(ClientCalls.java:214)
	at org.apache.ratis.thirdparty.io.grpc.stub.ClientCalls.blockingUnaryCall(ClientCalls.java:139)
	at org.apache.ratis.proto.grpc.RaftServerProtocolServiceGrpc$RaftServerProtocolServiceBlockingStub.requestVote(RaftServerProtocolServiceGrpc.java:265)
	at org.apache.ratis.grpc.server.GrpcServerProtocolClient.requestVote(GrpcServerProtocolClient.java:99)
	at org.apache.ratis.grpc.server.GrpcService.requestVote(GrpcService.java:204)
	at org.apache.ratis.server.impl.LeaderElection.lambda$submitRequests$1(LeaderElection.java:234)
	at java.util.concurrent.FutureTask.run(FutureTask.java:266)
	at java.util.concurrent.Executors$RunnableAdapter.call(Executors.java:511)
	at java.util.concurrent.FutureTask.run(FutureTask.java:266)
	at java.util.concurrent.ThreadPoolExecutor.runWorker(ThreadPoolExecutor.java:1149)
	at java.util.concurrent.ThreadPoolExecutor$Worker.run(ThreadPoolExecutor.java:624)
	... 1 more
Caused by: org.apache.ratis.thirdparty.io.netty.channel.AbstractChannel$AnnotatedConnectException: Connection refused: /192.168.157.223:42172
	at sun.nio.ch.SocketChannelImpl.checkConnect(Native Method)
	at sun.nio.ch.SocketChannelImpl.finishConnect(SocketChannelImpl.java:717)
	at org.apache.ratis.thirdparty.io.netty.channel.socket.nio.NioSocketChannel.doFinishConnect(NioSocketChannel.java:327)
	at org.apache.ratis.thirdparty.io.netty.channel.nio.AbstractNioChannel$AbstractNioUnsafe.finishConnect(AbstractNioChannel.java:340)
	at org.apache.ratis.thirdparty.io.netty.channel.nio.NioEventLoop.processSelectedKey(NioEventLoop.java:632)
	at org.apache.ratis.thirdparty.io.netty.channel.nio.NioEventLoop.processSelectedKeysOptimized(NioEventLoop.java:579)
	at org.apache.ratis.thirdparty.io.netty.channel.nio.NioEventLoop.processSelectedKeys(NioEventLoop.java:496)
	at org.apache.ratis.thirdparty.io.netty.channel.nio.NioEventLoop.run(NioEventLoop.java:458)
	at org.apache.ratis.thirdparty.io.netty.util.concurrent.SingleThreadEventExecutor$5.run(SingleThreadEventExecutor.java:897)
	at org.apache.ratis.thirdparty.io.netty.util.concurrent.FastThreadLocalRunnable.run(FastThreadLocalRunnable.java:30)
	... 1 more
Caused by: java.net.ConnectException: Connection refused
	... 11 more
2019-10-17 21:55:18,149 [d6dfcdd7-fc6e-4b51-b91e-b64503dadc5e@group-F967393F7C93-LeaderElection278] INFO  impl.LeaderElection (LeaderElection.java:logAndReturn(56)) - d6dfcdd7-fc6e-4b51-b91e-b64503dadc5e@group-F967393F7C93-LeaderElection278: Election REJECTED; received 0 response(s) [] and 2 exception(s); d6dfcdd7-fc6e-4b51-b91e-b64503dadc5e@group-F967393F7C93:t281, leader=null, voted=d6dfcdd7-fc6e-4b51-b91e-b64503dadc5e, raftlog=d6dfcdd7-fc6e-4b51-b91e-b64503dadc5e@group-F967393F7C93-SegmentedRaftLog:OPENED:c-1,f-1,i0, conf=-1: [08d4cbaa-ffed-4411-a5fd-c4a38026aead:192.168.157.223:33910, da15dfee-23f0-4dc4-ad77-c00156c49cfa:192.168.157.223:42172, d6dfcdd7-fc6e-4b51-b91e-b64503dadc5e:192.168.157.223:43575], old=null
2019-10-17 21:55:18,149 [d6dfcdd7-fc6e-4b51-b91e-b64503dadc5e@group-F967393F7C93-LeaderElection278] INFO  impl.LeaderElection (LogUtils.java:infoOrTrace(149)) -   Exception 0: {}
java.util.concurrent.ExecutionException: org.apache.ratis.thirdparty.io.grpc.StatusRuntimeException: UNAVAILABLE: io exception
	at java.util.concurrent.FutureTask.report(FutureTask.java:122)
	at java.util.concurrent.FutureTask.get(FutureTask.java:192)
	at org.apache.ratis.server.impl.LeaderElection.waitForResults(LeaderElection.java:259)
	at org.apache.ratis.server.impl.LeaderElection.askForVotes(LeaderElection.java:197)
	at org.apache.ratis.server.impl.LeaderElection.run(LeaderElection.java:133)
	at java.lang.Thread.run(Thread.java:748)
Caused by: org.apache.ratis.thirdparty.io.grpc.StatusRuntimeException: UNAVAILABLE: io exception
	at org.apache.ratis.thirdparty.io.grpc.stub.ClientCalls.toStatusRuntimeException(ClientCalls.java:233)
	at org.apache.ratis.thirdparty.io.grpc.stub.ClientCalls.getUnchecked(ClientCalls.java:214)
	at org.apache.ratis.thirdparty.io.grpc.stub.ClientCalls.blockingUnaryCall(ClientCalls.java:139)
	at org.apache.ratis.proto.grpc.RaftServerProtocolServiceGrpc$RaftServerProtocolServiceBlockingStub.requestVote(RaftServerProtocolServiceGrpc.java:265)
	at org.apache.ratis.grpc.server.GrpcServerProtocolClient.requestVote(GrpcServerProtocolClient.java:99)
	at org.apache.ratis.grpc.server.GrpcService.requestVote(GrpcService.java:204)
	at org.apache.ratis.server.impl.LeaderElection.lambda$submitRequests$1(LeaderElection.java:234)
	at java.util.concurrent.FutureTask.run(FutureTask.java:266)
	at java.util.concurrent.Executors$RunnableAdapter.call(Executors.java:511)
	at java.util.concurrent.FutureTask.run(FutureTask.java:266)
	at java.util.concurrent.ThreadPoolExecutor.runWorker(ThreadPoolExecutor.java:1149)
	at java.util.concurrent.ThreadPoolExecutor$Worker.run(ThreadPoolExecutor.java:624)
	... 1 more
Caused by: org.apache.ratis.thirdparty.io.netty.channel.AbstractChannel$AnnotatedConnectException: Connection refused: /192.168.157.223:33910
	at sun.nio.ch.SocketChannelImpl.checkConnect(Native Method)
	at sun.nio.ch.SocketChannelImpl.finishConnect(SocketChannelImpl.java:717)
	at org.apache.ratis.thirdparty.io.netty.channel.socket.nio.NioSocketChannel.doFinishConnect(NioSocketChannel.java:327)
	at org.apache.ratis.thirdparty.io.netty.channel.nio.AbstractNioChannel$AbstractNioUnsafe.finishConnect(AbstractNioChannel.java:340)
	at org.apache.ratis.thirdparty.io.netty.channel.nio.NioEventLoop.processSelectedKey(NioEventLoop.java:632)
	at org.apache.ratis.thirdparty.io.netty.channel.nio.NioEventLoop.processSelectedKeysOptimized(NioEventLoop.java:579)
	at org.apache.ratis.thirdparty.io.netty.channel.nio.NioEventLoop.processSelectedKeys(NioEventLoop.java:496)
	at org.apache.ratis.thirdparty.io.netty.channel.nio.NioEventLoop.run(NioEventLoop.java:458)
	at org.apache.ratis.thirdparty.io.netty.util.concurrent.SingleThreadEventExecutor$5.run(SingleThreadEventExecutor.java:897)
	at org.apache.ratis.thirdparty.io.netty.util.concurrent.FastThreadLocalRunnable.run(FastThreadLocalRunnable.java:30)
	... 1 more
Caused by: java.net.ConnectException: Connection refused
	... 11 more
2019-10-17 21:55:18,150 [d6dfcdd7-fc6e-4b51-b91e-b64503dadc5e@group-F967393F7C93-LeaderElection278] INFO  impl.LeaderElection (LogUtils.java:infoOrTrace(149)) -   Exception 1: {}
java.util.concurrent.ExecutionException: org.apache.ratis.thirdparty.io.grpc.StatusRuntimeException: UNAVAILABLE: io exception
	at java.util.concurrent.FutureTask.report(FutureTask.java:122)
	at java.util.concurrent.FutureTask.get(FutureTask.java:192)
	at org.apache.ratis.server.impl.LeaderElection.waitForResults(LeaderElection.java:259)
	at org.apache.ratis.server.impl.LeaderElection.askForVotes(LeaderElection.java:197)
	at org.apache.ratis.server.impl.LeaderElection.run(LeaderElection.java:133)
	at java.lang.Thread.run(Thread.java:748)
Caused by: org.apache.ratis.thirdparty.io.grpc.StatusRuntimeException: UNAVAILABLE: io exception
	at org.apache.ratis.thirdparty.io.grpc.stub.ClientCalls.toStatusRuntimeException(ClientCalls.java:233)
	at org.apache.ratis.thirdparty.io.grpc.stub.ClientCalls.getUnchecked(ClientCalls.java:214)
	at org.apache.ratis.thirdparty.io.grpc.stub.ClientCalls.blockingUnaryCall(ClientCalls.java:139)
	at org.apache.ratis.proto.grpc.RaftServerProtocolServiceGrpc$RaftServerProtocolServiceBlockingStub.requestVote(RaftServerProtocolServiceGrpc.java:265)
	at org.apache.ratis.grpc.server.GrpcServerProtocolClient.requestVote(GrpcServerProtocolClient.java:99)
	at org.apache.ratis.grpc.server.GrpcService.requestVote(GrpcService.java:204)
	at org.apache.ratis.server.impl.LeaderElection.lambda$submitRequests$1(LeaderElection.java:234)
	at java.util.concurrent.FutureTask.run(FutureTask.java:266)
	at java.util.concurrent.Executors$RunnableAdapter.call(Executors.java:511)
	at java.util.concurrent.FutureTask.run(FutureTask.java:266)
	at java.util.concurrent.ThreadPoolExecutor.runWorker(ThreadPoolExecutor.java:1149)
	at java.util.concurrent.ThreadPoolExecutor$Worker.run(ThreadPoolExecutor.java:624)
	... 1 more
Caused by: org.apache.ratis.thirdparty.io.netty.channel.AbstractChannel$AnnotatedConnectException: Connection refused: /192.168.157.223:42172
	at sun.nio.ch.SocketChannelImpl.checkConnect(Native Method)
	at sun.nio.ch.SocketChannelImpl.finishConnect(SocketChannelImpl.java:717)
	at org.apache.ratis.thirdparty.io.netty.channel.socket.nio.NioSocketChannel.doFinishConnect(NioSocketChannel.java:327)
	at org.apache.ratis.thirdparty.io.netty.channel.nio.AbstractNioChannel$AbstractNioUnsafe.finishConnect(AbstractNioChannel.java:340)
	at org.apache.ratis.thirdparty.io.netty.channel.nio.NioEventLoop.processSelectedKey(NioEventLoop.java:632)
	at org.apache.ratis.thirdparty.io.netty.channel.nio.NioEventLoop.processSelectedKeysOptimized(NioEventLoop.java:579)
	at org.apache.ratis.thirdparty.io.netty.channel.nio.NioEventLoop.processSelectedKeys(NioEventLoop.java:496)
	at org.apache.ratis.thirdparty.io.netty.channel.nio.NioEventLoop.run(NioEventLoop.java:458)
	at org.apache.ratis.thirdparty.io.netty.util.concurrent.SingleThreadEventExecutor$5.run(SingleThreadEventExecutor.java:897)
	at org.apache.ratis.thirdparty.io.netty.util.concurrent.FastThreadLocalRunnable.run(FastThreadLocalRunnable.java:30)
	... 1 more
Caused by: java.net.ConnectException: Connection refused
	... 11 more
2019-10-17 21:55:18,150 [d6dfcdd7-fc6e-4b51-b91e-b64503dadc5e@group-F967393F7C93-LeaderElection278] INFO  impl.RaftServerImpl (RaftServerImpl.java:setRole(184)) - d6dfcdd7-fc6e-4b51-b91e-b64503dadc5e@group-F967393F7C93: changes role from CANDIDATE to FOLLOWER at term 281 for DISCOVERED_A_NEW_TERM
2019-10-17 21:55:18,150 [d6dfcdd7-fc6e-4b51-b91e-b64503dadc5e@group-F967393F7C93-LeaderElection278] INFO  impl.RoleInfo (RoleInfo.java:shutdownLeaderElection(134)) - d6dfcdd7-fc6e-4b51-b91e-b64503dadc5e: shutdown LeaderElection
2019-10-17 21:55:18,150 [d6dfcdd7-fc6e-4b51-b91e-b64503dadc5e@group-F967393F7C93-LeaderElection278] INFO  impl.RoleInfo (RoleInfo.java:updateAndGet(143)) - d6dfcdd7-fc6e-4b51-b91e-b64503dadc5e: start FollowerState
2019-10-17 21:55:18,209 [Thread-2290] INFO  impl.FollowerState (FollowerState.java:run(108)) - d6dfcdd7-fc6e-4b51-b91e-b64503dadc5e@group-F967393F7C93-FollowerState: change to CANDIDATE, lastRpcTime:58ms, electionTimeout:58ms
2019-10-17 21:55:18,209 [Thread-2290] INFO  impl.RoleInfo (RoleInfo.java:shutdownFollowerState(121)) - d6dfcdd7-fc6e-4b51-b91e-b64503dadc5e: shutdown FollowerState
2019-10-17 21:55:18,209 [Thread-2290] INFO  impl.RaftServerImpl (RaftServerImpl.java:setRole(184)) - d6dfcdd7-fc6e-4b51-b91e-b64503dadc5e@group-F967393F7C93: changes role from  FOLLOWER to CANDIDATE at term 281 for changeToCandidate
2019-10-17 21:55:18,209 [Thread-2290] INFO  impl.RoleInfo (RoleInfo.java:updateAndGet(143)) - d6dfcdd7-fc6e-4b51-b91e-b64503dadc5e: start LeaderElection
2019-10-17 21:55:18,222 [d6dfcdd7-fc6e-4b51-b91e-b64503dadc5e@group-F967393F7C93-LeaderElection279] INFO  impl.LeaderElection (LeaderElection.java:askForVotes(178)) - d6dfcdd7-fc6e-4b51-b91e-b64503dadc5e@group-F967393F7C93-LeaderElection279: begin an election at term 282 for -1: [08d4cbaa-ffed-4411-a5fd-c4a38026aead:192.168.157.223:33910, da15dfee-23f0-4dc4-ad77-c00156c49cfa:192.168.157.223:42172, d6dfcdd7-fc6e-4b51-b91e-b64503dadc5e:192.168.157.223:43575], old=null
2019-10-17 21:55:18,223 [d6dfcdd7-fc6e-4b51-b91e-b64503dadc5e@group-F967393F7C93-LeaderElection279] INFO  impl.LeaderElection (LogUtils.java:infoOrTrace(149)) - d6dfcdd7-fc6e-4b51-b91e-b64503dadc5e@group-F967393F7C93-LeaderElection279 got exception when requesting votes: {}
java.util.concurrent.ExecutionException: org.apache.ratis.thirdparty.io.grpc.StatusRuntimeException: UNAVAILABLE: io exception
	at java.util.concurrent.FutureTask.report(FutureTask.java:122)
	at java.util.concurrent.FutureTask.get(FutureTask.java:192)
	at org.apache.ratis.server.impl.LeaderElection.waitForResults(LeaderElection.java:259)
	at org.apache.ratis.server.impl.LeaderElection.askForVotes(LeaderElection.java:197)
	at org.apache.ratis.server.impl.LeaderElection.run(LeaderElection.java:133)
	at java.lang.Thread.run(Thread.java:748)
Caused by: org.apache.ratis.thirdparty.io.grpc.StatusRuntimeException: UNAVAILABLE: io exception
	at org.apache.ratis.thirdparty.io.grpc.stub.ClientCalls.toStatusRuntimeException(ClientCalls.java:233)
	at org.apache.ratis.thirdparty.io.grpc.stub.ClientCalls.getUnchecked(ClientCalls.java:214)
	at org.apache.ratis.thirdparty.io.grpc.stub.ClientCalls.blockingUnaryCall(ClientCalls.java:139)
	at org.apache.ratis.proto.grpc.RaftServerProtocolServiceGrpc$RaftServerProtocolServiceBlockingStub.requestVote(RaftServerProtocolServiceGrpc.java:265)
	at org.apache.ratis.grpc.server.GrpcServerProtocolClient.requestVote(GrpcServerProtocolClient.java:99)
	at org.apache.ratis.grpc.server.GrpcService.requestVote(GrpcService.java:204)
	at org.apache.ratis.server.impl.LeaderElection.lambda$submitRequests$1(LeaderElection.java:234)
	at java.util.concurrent.FutureTask.run(FutureTask.java:266)
	at java.util.concurrent.Executors$RunnableAdapter.call(Executors.java:511)
	at java.util.concurrent.FutureTask.run(FutureTask.java:266)
	at java.util.concurrent.ThreadPoolExecutor.runWorker(ThreadPoolExecutor.java:1149)
	at java.util.concurrent.ThreadPoolExecutor$Worker.run(ThreadPoolExecutor.java:624)
	... 1 more
Caused by: org.apache.ratis.thirdparty.io.netty.channel.AbstractChannel$AnnotatedConnectException: Connection refused: /192.168.157.223:33910
	at sun.nio.ch.SocketChannelImpl.checkConnect(Native Method)
	at sun.nio.ch.SocketChannelImpl.finishConnect(SocketChannelImpl.java:717)
	at org.apache.ratis.thirdparty.io.netty.channel.socket.nio.NioSocketChannel.doFinishConnect(NioSocketChannel.java:327)
	at org.apache.ratis.thirdparty.io.netty.channel.nio.AbstractNioChannel$AbstractNioUnsafe.finishConnect(AbstractNioChannel.java:340)
	at org.apache.ratis.thirdparty.io.netty.channel.nio.NioEventLoop.processSelectedKey(NioEventLoop.java:632)
	at org.apache.ratis.thirdparty.io.netty.channel.nio.NioEventLoop.processSelectedKeysOptimized(NioEventLoop.java:579)
	at org.apache.ratis.thirdparty.io.netty.channel.nio.NioEventLoop.processSelectedKeys(NioEventLoop.java:496)
	at org.apache.ratis.thirdparty.io.netty.channel.nio.NioEventLoop.run(NioEventLoop.java:458)
	at org.apache.ratis.thirdparty.io.netty.util.concurrent.SingleThreadEventExecutor$5.run(SingleThreadEventExecutor.java:897)
	at org.apache.ratis.thirdparty.io.netty.util.concurrent.FastThreadLocalRunnable.run(FastThreadLocalRunnable.java:30)
	... 1 more
Caused by: java.net.ConnectException: Connection refused
	... 11 more
2019-10-17 21:55:18,223 [d6dfcdd7-fc6e-4b51-b91e-b64503dadc5e@group-F967393F7C93-LeaderElection279] INFO  impl.LeaderElection (LogUtils.java:infoOrTrace(149)) - d6dfcdd7-fc6e-4b51-b91e-b64503dadc5e@group-F967393F7C93-LeaderElection279 got exception when requesting votes: {}
java.util.concurrent.ExecutionException: org.apache.ratis.thirdparty.io.grpc.StatusRuntimeException: UNAVAILABLE: io exception
	at java.util.concurrent.FutureTask.report(FutureTask.java:122)
	at java.util.concurrent.FutureTask.get(FutureTask.java:192)
	at org.apache.ratis.server.impl.LeaderElection.waitForResults(LeaderElection.java:259)
	at org.apache.ratis.server.impl.LeaderElection.askForVotes(LeaderElection.java:197)
	at org.apache.ratis.server.impl.LeaderElection.run(LeaderElection.java:133)
	at java.lang.Thread.run(Thread.java:748)
Caused by: org.apache.ratis.thirdparty.io.grpc.StatusRuntimeException: UNAVAILABLE: io exception
	at org.apache.ratis.thirdparty.io.grpc.stub.ClientCalls.toStatusRuntimeException(ClientCalls.java:233)
	at org.apache.ratis.thirdparty.io.grpc.stub.ClientCalls.getUnchecked(ClientCalls.java:214)
	at org.apache.ratis.thirdparty.io.grpc.stub.ClientCalls.blockingUnaryCall(ClientCalls.java:139)
	at org.apache.ratis.proto.grpc.RaftServerProtocolServiceGrpc$RaftServerProtocolServiceBlockingStub.requestVote(RaftServerProtocolServiceGrpc.java:265)
	at org.apache.ratis.grpc.server.GrpcServerProtocolClient.requestVote(GrpcServerProtocolClient.java:99)
	at org.apache.ratis.grpc.server.GrpcService.requestVote(GrpcService.java:204)
	at org.apache.ratis.server.impl.LeaderElection.lambda$submitRequests$1(LeaderElection.java:234)
	at java.util.concurrent.FutureTask.run(FutureTask.java:266)
	at java.util.concurrent.Executors$RunnableAdapter.call(Executors.java:511)
	at java.util.concurrent.FutureTask.run(FutureTask.java:266)
	at java.util.concurrent.ThreadPoolExecutor.runWorker(ThreadPoolExecutor.java:1149)
	at java.util.concurrent.ThreadPoolExecutor$Worker.run(ThreadPoolExecutor.java:624)
	... 1 more
Caused by: org.apache.ratis.thirdparty.io.netty.channel.AbstractChannel$AnnotatedConnectException: Connection refused: /192.168.157.223:42172
	at sun.nio.ch.SocketChannelImpl.checkConnect(Native Method)
	at sun.nio.ch.SocketChannelImpl.finishConnect(SocketChannelImpl.java:717)
	at org.apache.ratis.thirdparty.io.netty.channel.socket.nio.NioSocketChannel.doFinishConnect(NioSocketChannel.java:327)
	at org.apache.ratis.thirdparty.io.netty.channel.nio.AbstractNioChannel$AbstractNioUnsafe.finishConnect(AbstractNioChannel.java:340)
	at org.apache.ratis.thirdparty.io.netty.channel.nio.NioEventLoop.processSelectedKey(NioEventLoop.java:632)
	at org.apache.ratis.thirdparty.io.netty.channel.nio.NioEventLoop.processSelectedKeysOptimized(NioEventLoop.java:579)
	at org.apache.ratis.thirdparty.io.netty.channel.nio.NioEventLoop.processSelectedKeys(NioEventLoop.java:496)
	at org.apache.ratis.thirdparty.io.netty.channel.nio.NioEventLoop.run(NioEventLoop.java:458)
	at org.apache.ratis.thirdparty.io.netty.util.concurrent.SingleThreadEventExecutor$5.run(SingleThreadEventExecutor.java:897)
	at org.apache.ratis.thirdparty.io.netty.util.concurrent.FastThreadLocalRunnable.run(FastThreadLocalRunnable.java:30)
	... 1 more
Caused by: java.net.ConnectException: Connection refused
	... 11 more
2019-10-17 21:55:18,224 [d6dfcdd7-fc6e-4b51-b91e-b64503dadc5e@group-F967393F7C93-LeaderElection279] INFO  impl.LeaderElection (LeaderElection.java:logAndReturn(56)) - d6dfcdd7-fc6e-4b51-b91e-b64503dadc5e@group-F967393F7C93-LeaderElection279: Election REJECTED; received 0 response(s) [] and 2 exception(s); d6dfcdd7-fc6e-4b51-b91e-b64503dadc5e@group-F967393F7C93:t282, leader=null, voted=d6dfcdd7-fc6e-4b51-b91e-b64503dadc5e, raftlog=d6dfcdd7-fc6e-4b51-b91e-b64503dadc5e@group-F967393F7C93-SegmentedRaftLog:OPENED:c-1,f-1,i0, conf=-1: [08d4cbaa-ffed-4411-a5fd-c4a38026aead:192.168.157.223:33910, da15dfee-23f0-4dc4-ad77-c00156c49cfa:192.168.157.223:42172, d6dfcdd7-fc6e-4b51-b91e-b64503dadc5e:192.168.157.223:43575], old=null
2019-10-17 21:55:18,224 [d6dfcdd7-fc6e-4b51-b91e-b64503dadc5e@group-F967393F7C93-LeaderElection279] INFO  impl.LeaderElection (LogUtils.java:infoOrTrace(149)) -   Exception 0: {}
java.util.concurrent.ExecutionException: org.apache.ratis.thirdparty.io.grpc.StatusRuntimeException: UNAVAILABLE: io exception
	at java.util.concurrent.FutureTask.report(FutureTask.java:122)
	at java.util.concurrent.FutureTask.get(FutureTask.java:192)
	at org.apache.ratis.server.impl.LeaderElection.waitForResults(LeaderElection.java:259)
	at org.apache.ratis.server.impl.LeaderElection.askForVotes(LeaderElection.java:197)
	at org.apache.ratis.server.impl.LeaderElection.run(LeaderElection.java:133)
	at java.lang.Thread.run(Thread.java:748)
Caused by: org.apache.ratis.thirdparty.io.grpc.StatusRuntimeException: UNAVAILABLE: io exception
	at org.apache.ratis.thirdparty.io.grpc.stub.ClientCalls.toStatusRuntimeException(ClientCalls.java:233)
	at org.apache.ratis.thirdparty.io.grpc.stub.ClientCalls.getUnchecked(ClientCalls.java:214)
	at org.apache.ratis.thirdparty.io.grpc.stub.ClientCalls.blockingUnaryCall(ClientCalls.java:139)
	at org.apache.ratis.proto.grpc.RaftServerProtocolServiceGrpc$RaftServerProtocolServiceBlockingStub.requestVote(RaftServerProtocolServiceGrpc.java:265)
	at org.apache.ratis.grpc.server.GrpcServerProtocolClient.requestVote(GrpcServerProtocolClient.java:99)
	at org.apache.ratis.grpc.server.GrpcService.requestVote(GrpcService.java:204)
	at org.apache.ratis.server.impl.LeaderElection.lambda$submitRequests$1(LeaderElection.java:234)
	at java.util.concurrent.FutureTask.run(FutureTask.java:266)
	at java.util.concurrent.Executors$RunnableAdapter.call(Executors.java:511)
	at java.util.concurrent.FutureTask.run(FutureTask.java:266)
	at java.util.concurrent.ThreadPoolExecutor.runWorker(ThreadPoolExecutor.java:1149)
	at java.util.concurrent.ThreadPoolExecutor$Worker.run(ThreadPoolExecutor.java:624)
	... 1 more
Caused by: org.apache.ratis.thirdparty.io.netty.channel.AbstractChannel$AnnotatedConnectException: Connection refused: /192.168.157.223:33910
	at sun.nio.ch.SocketChannelImpl.checkConnect(Native Method)
	at sun.nio.ch.SocketChannelImpl.finishConnect(SocketChannelImpl.java:717)
	at org.apache.ratis.thirdparty.io.netty.channel.socket.nio.NioSocketChannel.doFinishConnect(NioSocketChannel.java:327)
	at org.apache.ratis.thirdparty.io.netty.channel.nio.AbstractNioChannel$AbstractNioUnsafe.finishConnect(AbstractNioChannel.java:340)
	at org.apache.ratis.thirdparty.io.netty.channel.nio.NioEventLoop.processSelectedKey(NioEventLoop.java:632)
	at org.apache.ratis.thirdparty.io.netty.channel.nio.NioEventLoop.processSelectedKeysOptimized(NioEventLoop.java:579)
	at org.apache.ratis.thirdparty.io.netty.channel.nio.NioEventLoop.processSelectedKeys(NioEventLoop.java:496)
	at org.apache.ratis.thirdparty.io.netty.channel.nio.NioEventLoop.run(NioEventLoop.java:458)
	at org.apache.ratis.thirdparty.io.netty.util.concurrent.SingleThreadEventExecutor$5.run(SingleThreadEventExecutor.java:897)
	at org.apache.ratis.thirdparty.io.netty.util.concurrent.FastThreadLocalRunnable.run(FastThreadLocalRunnable.java:30)
	... 1 more
Caused by: java.net.ConnectException: Connection refused
	... 11 more
2019-10-17 21:55:18,224 [d6dfcdd7-fc6e-4b51-b91e-b64503dadc5e@group-F967393F7C93-LeaderElection279] INFO  impl.LeaderElection (LogUtils.java:infoOrTrace(149)) -   Exception 1: {}
java.util.concurrent.ExecutionException: org.apache.ratis.thirdparty.io.grpc.StatusRuntimeException: UNAVAILABLE: io exception
	at java.util.concurrent.FutureTask.report(FutureTask.java:122)
	at java.util.concurrent.FutureTask.get(FutureTask.java:192)
	at org.apache.ratis.server.impl.LeaderElection.waitForResults(LeaderElection.java:259)
	at org.apache.ratis.server.impl.LeaderElection.askForVotes(LeaderElection.java:197)
	at org.apache.ratis.server.impl.LeaderElection.run(LeaderElection.java:133)
	at java.lang.Thread.run(Thread.java:748)
Caused by: org.apache.ratis.thirdparty.io.grpc.StatusRuntimeException: UNAVAILABLE: io exception
	at org.apache.ratis.thirdparty.io.grpc.stub.ClientCalls.toStatusRuntimeException(ClientCalls.java:233)
	at org.apache.ratis.thirdparty.io.grpc.stub.ClientCalls.getUnchecked(ClientCalls.java:214)
	at org.apache.ratis.thirdparty.io.grpc.stub.ClientCalls.blockingUnaryCall(ClientCalls.java:139)
	at org.apache.ratis.proto.grpc.RaftServerProtocolServiceGrpc$RaftServerProtocolServiceBlockingStub.requestVote(RaftServerProtocolServiceGrpc.java:265)
	at org.apache.ratis.grpc.server.GrpcServerProtocolClient.requestVote(GrpcServerProtocolClient.java:99)
	at org.apache.ratis.grpc.server.GrpcService.requestVote(GrpcService.java:204)
	at org.apache.ratis.server.impl.LeaderElection.lambda$submitRequests$1(LeaderElection.java:234)
	at java.util.concurrent.FutureTask.run(FutureTask.java:266)
	at java.util.concurrent.Executors$RunnableAdapter.call(Executors.java:511)
	at java.util.concurrent.FutureTask.run(FutureTask.java:266)
	at java.util.concurrent.ThreadPoolExecutor.runWorker(ThreadPoolExecutor.java:1149)
	at java.util.concurrent.ThreadPoolExecutor$Worker.run(ThreadPoolExecutor.java:624)
	... 1 more
Caused by: org.apache.ratis.thirdparty.io.netty.channel.AbstractChannel$AnnotatedConnectException: Connection refused: /192.168.157.223:42172
	at sun.nio.ch.SocketChannelImpl.checkConnect(Native Method)
	at sun.nio.ch.SocketChannelImpl.finishConnect(SocketChannelImpl.java:717)
	at org.apache.ratis.thirdparty.io.netty.channel.socket.nio.NioSocketChannel.doFinishConnect(NioSocketChannel.java:327)
	at org.apache.ratis.thirdparty.io.netty.channel.nio.AbstractNioChannel$AbstractNioUnsafe.finishConnect(AbstractNioChannel.java:340)
	at org.apache.ratis.thirdparty.io.netty.channel.nio.NioEventLoop.processSelectedKey(NioEventLoop.java:632)
	at org.apache.ratis.thirdparty.io.netty.channel.nio.NioEventLoop.processSelectedKeysOptimized(NioEventLoop.java:579)
	at org.apache.ratis.thirdparty.io.netty.channel.nio.NioEventLoop.processSelectedKeys(NioEventLoop.java:496)
	at org.apache.ratis.thirdparty.io.netty.channel.nio.NioEventLoop.run(NioEventLoop.java:458)
	at org.apache.ratis.thirdparty.io.netty.util.concurrent.SingleThreadEventExecutor$5.run(SingleThreadEventExecutor.java:897)
	at org.apache.ratis.thirdparty.io.netty.util.concurrent.FastThreadLocalRunnable.run(FastThreadLocalRunnable.java:30)
	... 1 more
Caused by: java.net.ConnectException: Connection refused
	... 11 more
2019-10-17 21:55:18,225 [d6dfcdd7-fc6e-4b51-b91e-b64503dadc5e@group-F967393F7C93-LeaderElection279] INFO  impl.RaftServerImpl (RaftServerImpl.java:setRole(184)) - d6dfcdd7-fc6e-4b51-b91e-b64503dadc5e@group-F967393F7C93: changes role from CANDIDATE to FOLLOWER at term 282 for DISCOVERED_A_NEW_TERM
2019-10-17 21:55:18,225 [d6dfcdd7-fc6e-4b51-b91e-b64503dadc5e@group-F967393F7C93-LeaderElection279] INFO  impl.RoleInfo (RoleInfo.java:shutdownLeaderElection(134)) - d6dfcdd7-fc6e-4b51-b91e-b64503dadc5e: shutdown LeaderElection
2019-10-17 21:55:18,225 [d6dfcdd7-fc6e-4b51-b91e-b64503dadc5e@group-F967393F7C93-LeaderElection279] INFO  impl.RoleInfo (RoleInfo.java:updateAndGet(143)) - d6dfcdd7-fc6e-4b51-b91e-b64503dadc5e: start FollowerState
2019-10-17 21:55:18,248 [Thread-2294] INFO  impl.FollowerState (FollowerState.java:run(108)) - d6dfcdd7-fc6e-4b51-b91e-b64503dadc5e@group-F967393F7C93-FollowerState: change to CANDIDATE, lastRpcTime:23ms, electionTimeout:23ms
2019-10-17 21:55:18,248 [Thread-2294] INFO  impl.RoleInfo (RoleInfo.java:shutdownFollowerState(121)) - d6dfcdd7-fc6e-4b51-b91e-b64503dadc5e: shutdown FollowerState
2019-10-17 21:55:18,248 [Thread-2294] INFO  impl.RaftServerImpl (RaftServerImpl.java:setRole(184)) - d6dfcdd7-fc6e-4b51-b91e-b64503dadc5e@group-F967393F7C93: changes role from  FOLLOWER to CANDIDATE at term 282 for changeToCandidate
2019-10-17 21:55:18,249 [Thread-2294] INFO  impl.RoleInfo (RoleInfo.java:updateAndGet(143)) - d6dfcdd7-fc6e-4b51-b91e-b64503dadc5e: start LeaderElection
2019-10-17 21:55:18,261 [d6dfcdd7-fc6e-4b51-b91e-b64503dadc5e@group-F967393F7C93-LeaderElection280] INFO  impl.LeaderElection (LeaderElection.java:askForVotes(178)) - d6dfcdd7-fc6e-4b51-b91e-b64503dadc5e@group-F967393F7C93-LeaderElection280: begin an election at term 283 for -1: [08d4cbaa-ffed-4411-a5fd-c4a38026aead:192.168.157.223:33910, da15dfee-23f0-4dc4-ad77-c00156c49cfa:192.168.157.223:42172, d6dfcdd7-fc6e-4b51-b91e-b64503dadc5e:192.168.157.223:43575], old=null
2019-10-17 21:55:18,262 [d6dfcdd7-fc6e-4b51-b91e-b64503dadc5e@group-F967393F7C93-LeaderElection280] INFO  impl.LeaderElection (LogUtils.java:infoOrTrace(149)) - d6dfcdd7-fc6e-4b51-b91e-b64503dadc5e@group-F967393F7C93-LeaderElection280 got exception when requesting votes: {}
java.util.concurrent.ExecutionException: org.apache.ratis.thirdparty.io.grpc.StatusRuntimeException: UNAVAILABLE: io exception
	at java.util.concurrent.FutureTask.report(FutureTask.java:122)
	at java.util.concurrent.FutureTask.get(FutureTask.java:192)
	at org.apache.ratis.server.impl.LeaderElection.waitForResults(LeaderElection.java:259)
	at org.apache.ratis.server.impl.LeaderElection.askForVotes(LeaderElection.java:197)
	at org.apache.ratis.server.impl.LeaderElection.run(LeaderElection.java:133)
	at java.lang.Thread.run(Thread.java:748)
Caused by: org.apache.ratis.thirdparty.io.grpc.StatusRuntimeException: UNAVAILABLE: io exception
	at org.apache.ratis.thirdparty.io.grpc.stub.ClientCalls.toStatusRuntimeException(ClientCalls.java:233)
	at org.apache.ratis.thirdparty.io.grpc.stub.ClientCalls.getUnchecked(ClientCalls.java:214)
	at org.apache.ratis.thirdparty.io.grpc.stub.ClientCalls.blockingUnaryCall(ClientCalls.java:139)
	at org.apache.ratis.proto.grpc.RaftServerProtocolServiceGrpc$RaftServerProtocolServiceBlockingStub.requestVote(RaftServerProtocolServiceGrpc.java:265)
	at org.apache.ratis.grpc.server.GrpcServerProtocolClient.requestVote(GrpcServerProtocolClient.java:99)
	at org.apache.ratis.grpc.server.GrpcService.requestVote(GrpcService.java:204)
	at org.apache.ratis.server.impl.LeaderElection.lambda$submitRequests$1(LeaderElection.java:234)
	at java.util.concurrent.FutureTask.run(FutureTask.java:266)
	at java.util.concurrent.Executors$RunnableAdapter.call(Executors.java:511)
	at java.util.concurrent.FutureTask.run(FutureTask.java:266)
	at java.util.concurrent.ThreadPoolExecutor.runWorker(ThreadPoolExecutor.java:1149)
	at java.util.concurrent.ThreadPoolExecutor$Worker.run(ThreadPoolExecutor.java:624)
	... 1 more
Caused by: org.apache.ratis.thirdparty.io.netty.channel.AbstractChannel$AnnotatedConnectException: Connection refused: /192.168.157.223:33910
	at sun.nio.ch.SocketChannelImpl.checkConnect(Native Method)
	at sun.nio.ch.SocketChannelImpl.finishConnect(SocketChannelImpl.java:717)
	at org.apache.ratis.thirdparty.io.netty.channel.socket.nio.NioSocketChannel.doFinishConnect(NioSocketChannel.java:327)
	at org.apache.ratis.thirdparty.io.netty.channel.nio.AbstractNioChannel$AbstractNioUnsafe.finishConnect(AbstractNioChannel.java:340)
	at org.apache.ratis.thirdparty.io.netty.channel.nio.NioEventLoop.processSelectedKey(NioEventLoop.java:632)
	at org.apache.ratis.thirdparty.io.netty.channel.nio.NioEventLoop.processSelectedKeysOptimized(NioEventLoop.java:579)
	at org.apache.ratis.thirdparty.io.netty.channel.nio.NioEventLoop.processSelectedKeys(NioEventLoop.java:496)
	at org.apache.ratis.thirdparty.io.netty.channel.nio.NioEventLoop.run(NioEventLoop.java:458)
	at org.apache.ratis.thirdparty.io.netty.util.concurrent.SingleThreadEventExecutor$5.run(SingleThreadEventExecutor.java:897)
	at org.apache.ratis.thirdparty.io.netty.util.concurrent.FastThreadLocalRunnable.run(FastThreadLocalRunnable.java:30)
	... 1 more
Caused by: java.net.ConnectException: Connection refused
	... 11 more
2019-10-17 21:55:18,263 [d6dfcdd7-fc6e-4b51-b91e-b64503dadc5e@group-F967393F7C93-LeaderElection280] INFO  impl.LeaderElection (LogUtils.java:infoOrTrace(149)) - d6dfcdd7-fc6e-4b51-b91e-b64503dadc5e@group-F967393F7C93-LeaderElection280 got exception when requesting votes: {}
java.util.concurrent.ExecutionException: org.apache.ratis.thirdparty.io.grpc.StatusRuntimeException: UNAVAILABLE: io exception
	at java.util.concurrent.FutureTask.report(FutureTask.java:122)
	at java.util.concurrent.FutureTask.get(FutureTask.java:192)
	at org.apache.ratis.server.impl.LeaderElection.waitForResults(LeaderElection.java:259)
	at org.apache.ratis.server.impl.LeaderElection.askForVotes(LeaderElection.java:197)
	at org.apache.ratis.server.impl.LeaderElection.run(LeaderElection.java:133)
	at java.lang.Thread.run(Thread.java:748)
Caused by: org.apache.ratis.thirdparty.io.grpc.StatusRuntimeException: UNAVAILABLE: io exception
	at org.apache.ratis.thirdparty.io.grpc.stub.ClientCalls.toStatusRuntimeException(ClientCalls.java:233)
	at org.apache.ratis.thirdparty.io.grpc.stub.ClientCalls.getUnchecked(ClientCalls.java:214)
	at org.apache.ratis.thirdparty.io.grpc.stub.ClientCalls.blockingUnaryCall(ClientCalls.java:139)
	at org.apache.ratis.proto.grpc.RaftServerProtocolServiceGrpc$RaftServerProtocolServiceBlockingStub.requestVote(RaftServerProtocolServiceGrpc.java:265)
	at org.apache.ratis.grpc.server.GrpcServerProtocolClient.requestVote(GrpcServerProtocolClient.java:99)
	at org.apache.ratis.grpc.server.GrpcService.requestVote(GrpcService.java:204)
	at org.apache.ratis.server.impl.LeaderElection.lambda$submitRequests$1(LeaderElection.java:234)
	at java.util.concurrent.FutureTask.run(FutureTask.java:266)
	at java.util.concurrent.Executors$RunnableAdapter.call(Executors.java:511)
	at java.util.concurrent.FutureTask.run(FutureTask.java:266)
	at java.util.concurrent.ThreadPoolExecutor.runWorker(ThreadPoolExecutor.java:1149)
	at java.util.concurrent.ThreadPoolExecutor$Worker.run(ThreadPoolExecutor.java:624)
	... 1 more
Caused by: org.apache.ratis.thirdparty.io.netty.channel.AbstractChannel$AnnotatedConnectException: Connection refused: /192.168.157.223:42172
	at sun.nio.ch.SocketChannelImpl.checkConnect(Native Method)
	at sun.nio.ch.SocketChannelImpl.finishConnect(SocketChannelImpl.java:717)
	at org.apache.ratis.thirdparty.io.netty.channel.socket.nio.NioSocketChannel.doFinishConnect(NioSocketChannel.java:327)
	at org.apache.ratis.thirdparty.io.netty.channel.nio.AbstractNioChannel$AbstractNioUnsafe.finishConnect(AbstractNioChannel.java:340)
	at org.apache.ratis.thirdparty.io.netty.channel.nio.NioEventLoop.processSelectedKey(NioEventLoop.java:632)
	at org.apache.ratis.thirdparty.io.netty.channel.nio.NioEventLoop.processSelectedKeysOptimized(NioEventLoop.java:579)
	at org.apache.ratis.thirdparty.io.netty.channel.nio.NioEventLoop.processSelectedKeys(NioEventLoop.java:496)
	at org.apache.ratis.thirdparty.io.netty.channel.nio.NioEventLoop.run(NioEventLoop.java:458)
	at org.apache.ratis.thirdparty.io.netty.util.concurrent.SingleThreadEventExecutor$5.run(SingleThreadEventExecutor.java:897)
	at org.apache.ratis.thirdparty.io.netty.util.concurrent.FastThreadLocalRunnable.run(FastThreadLocalRunnable.java:30)
	... 1 more
Caused by: java.net.ConnectException: Connection refused
	... 11 more
2019-10-17 21:55:18,263 [d6dfcdd7-fc6e-4b51-b91e-b64503dadc5e@group-F967393F7C93-LeaderElection280] INFO  impl.LeaderElection (LeaderElection.java:logAndReturn(56)) - d6dfcdd7-fc6e-4b51-b91e-b64503dadc5e@group-F967393F7C93-LeaderElection280: Election REJECTED; received 0 response(s) [] and 2 exception(s); d6dfcdd7-fc6e-4b51-b91e-b64503dadc5e@group-F967393F7C93:t283, leader=null, voted=d6dfcdd7-fc6e-4b51-b91e-b64503dadc5e, raftlog=d6dfcdd7-fc6e-4b51-b91e-b64503dadc5e@group-F967393F7C93-SegmentedRaftLog:OPENED:c-1,f-1,i0, conf=-1: [08d4cbaa-ffed-4411-a5fd-c4a38026aead:192.168.157.223:33910, da15dfee-23f0-4dc4-ad77-c00156c49cfa:192.168.157.223:42172, d6dfcdd7-fc6e-4b51-b91e-b64503dadc5e:192.168.157.223:43575], old=null
2019-10-17 21:55:18,263 [d6dfcdd7-fc6e-4b51-b91e-b64503dadc5e@group-F967393F7C93-LeaderElection280] INFO  impl.LeaderElection (LogUtils.java:infoOrTrace(149)) -   Exception 0: {}
java.util.concurrent.ExecutionException: org.apache.ratis.thirdparty.io.grpc.StatusRuntimeException: UNAVAILABLE: io exception
	at java.util.concurrent.FutureTask.report(FutureTask.java:122)
	at java.util.concurrent.FutureTask.get(FutureTask.java:192)
	at org.apache.ratis.server.impl.LeaderElection.waitForResults(LeaderElection.java:259)
	at org.apache.ratis.server.impl.LeaderElection.askForVotes(LeaderElection.java:197)
	at org.apache.ratis.server.impl.LeaderElection.run(LeaderElection.java:133)
	at java.lang.Thread.run(Thread.java:748)
Caused by: org.apache.ratis.thirdparty.io.grpc.StatusRuntimeException: UNAVAILABLE: io exception
	at org.apache.ratis.thirdparty.io.grpc.stub.ClientCalls.toStatusRuntimeException(ClientCalls.java:233)
	at org.apache.ratis.thirdparty.io.grpc.stub.ClientCalls.getUnchecked(ClientCalls.java:214)
	at org.apache.ratis.thirdparty.io.grpc.stub.ClientCalls.blockingUnaryCall(ClientCalls.java:139)
	at org.apache.ratis.proto.grpc.RaftServerProtocolServiceGrpc$RaftServerProtocolServiceBlockingStub.requestVote(RaftServerProtocolServiceGrpc.java:265)
	at org.apache.ratis.grpc.server.GrpcServerProtocolClient.requestVote(GrpcServerProtocolClient.java:99)
	at org.apache.ratis.grpc.server.GrpcService.requestVote(GrpcService.java:204)
	at org.apache.ratis.server.impl.LeaderElection.lambda$submitRequests$1(LeaderElection.java:234)
	at java.util.concurrent.FutureTask.run(FutureTask.java:266)
	at java.util.concurrent.Executors$RunnableAdapter.call(Executors.java:511)
	at java.util.concurrent.FutureTask.run(FutureTask.java:266)
	at java.util.concurrent.ThreadPoolExecutor.runWorker(ThreadPoolExecutor.java:1149)
	at java.util.concurrent.ThreadPoolExecutor$Worker.run(ThreadPoolExecutor.java:624)
	... 1 more
Caused by: org.apache.ratis.thirdparty.io.netty.channel.AbstractChannel$AnnotatedConnectException: Connection refused: /192.168.157.223:33910
	at sun.nio.ch.SocketChannelImpl.checkConnect(Native Method)
	at sun.nio.ch.SocketChannelImpl.finishConnect(SocketChannelImpl.java:717)
	at org.apache.ratis.thirdparty.io.netty.channel.socket.nio.NioSocketChannel.doFinishConnect(NioSocketChannel.java:327)
	at org.apache.ratis.thirdparty.io.netty.channel.nio.AbstractNioChannel$AbstractNioUnsafe.finishConnect(AbstractNioChannel.java:340)
	at org.apache.ratis.thirdparty.io.netty.channel.nio.NioEventLoop.processSelectedKey(NioEventLoop.java:632)
	at org.apache.ratis.thirdparty.io.netty.channel.nio.NioEventLoop.processSelectedKeysOptimized(NioEventLoop.java:579)
	at org.apache.ratis.thirdparty.io.netty.channel.nio.NioEventLoop.processSelectedKeys(NioEventLoop.java:496)
	at org.apache.ratis.thirdparty.io.netty.channel.nio.NioEventLoop.run(NioEventLoop.java:458)
	at org.apache.ratis.thirdparty.io.netty.util.concurrent.SingleThreadEventExecutor$5.run(SingleThreadEventExecutor.java:897)
	at org.apache.ratis.thirdparty.io.netty.util.concurrent.FastThreadLocalRunnable.run(FastThreadLocalRunnable.java:30)
	... 1 more
Caused by: java.net.ConnectException: Connection refused
	... 11 more
2019-10-17 21:55:18,263 [d6dfcdd7-fc6e-4b51-b91e-b64503dadc5e@group-F967393F7C93-LeaderElection280] INFO  impl.LeaderElection (LogUtils.java:infoOrTrace(149)) -   Exception 1: {}
java.util.concurrent.ExecutionException: org.apache.ratis.thirdparty.io.grpc.StatusRuntimeException: UNAVAILABLE: io exception
	at java.util.concurrent.FutureTask.report(FutureTask.java:122)
	at java.util.concurrent.FutureTask.get(FutureTask.java:192)
	at org.apache.ratis.server.impl.LeaderElection.waitForResults(LeaderElection.java:259)
	at org.apache.ratis.server.impl.LeaderElection.askForVotes(LeaderElection.java:197)
	at org.apache.ratis.server.impl.LeaderElection.run(LeaderElection.java:133)
	at java.lang.Thread.run(Thread.java:748)
Caused by: org.apache.ratis.thirdparty.io.grpc.StatusRuntimeException: UNAVAILABLE: io exception
	at org.apache.ratis.thirdparty.io.grpc.stub.ClientCalls.toStatusRuntimeException(ClientCalls.java:233)
	at org.apache.ratis.thirdparty.io.grpc.stub.ClientCalls.getUnchecked(ClientCalls.java:214)
	at org.apache.ratis.thirdparty.io.grpc.stub.ClientCalls.blockingUnaryCall(ClientCalls.java:139)
	at org.apache.ratis.proto.grpc.RaftServerProtocolServiceGrpc$RaftServerProtocolServiceBlockingStub.requestVote(RaftServerProtocolServiceGrpc.java:265)
	at org.apache.ratis.grpc.server.GrpcServerProtocolClient.requestVote(GrpcServerProtocolClient.java:99)
	at org.apache.ratis.grpc.server.GrpcService.requestVote(GrpcService.java:204)
	at org.apache.ratis.server.impl.LeaderElection.lambda$submitRequests$1(LeaderElection.java:234)
	at java.util.concurrent.FutureTask.run(FutureTask.java:266)
	at java.util.concurrent.Executors$RunnableAdapter.call(Executors.java:511)
	at java.util.concurrent.FutureTask.run(FutureTask.java:266)
	at java.util.concurrent.ThreadPoolExecutor.runWorker(ThreadPoolExecutor.java:1149)
	at java.util.concurrent.ThreadPoolExecutor$Worker.run(ThreadPoolExecutor.java:624)
	... 1 more
Caused by: org.apache.ratis.thirdparty.io.netty.channel.AbstractChannel$AnnotatedConnectException: Connection refused: /192.168.157.223:42172
	at sun.nio.ch.SocketChannelImpl.checkConnect(Native Method)
	at sun.nio.ch.SocketChannelImpl.finishConnect(SocketChannelImpl.java:717)
	at org.apache.ratis.thirdparty.io.netty.channel.socket.nio.NioSocketChannel.doFinishConnect(NioSocketChannel.java:327)
	at org.apache.ratis.thirdparty.io.netty.channel.nio.AbstractNioChannel$AbstractNioUnsafe.finishConnect(AbstractNioChannel.java:340)
	at org.apache.ratis.thirdparty.io.netty.channel.nio.NioEventLoop.processSelectedKey(NioEventLoop.java:632)
	at org.apache.ratis.thirdparty.io.netty.channel.nio.NioEventLoop.processSelectedKeysOptimized(NioEventLoop.java:579)
	at org.apache.ratis.thirdparty.io.netty.channel.nio.NioEventLoop.processSelectedKeys(NioEventLoop.java:496)
	at org.apache.ratis.thirdparty.io.netty.channel.nio.NioEventLoop.run(NioEventLoop.java:458)
	at org.apache.ratis.thirdparty.io.netty.util.concurrent.SingleThreadEventExecutor$5.run(SingleThreadEventExecutor.java:897)
	at org.apache.ratis.thirdparty.io.netty.util.concurrent.FastThreadLocalRunnable.run(FastThreadLocalRunnable.java:30)
	... 1 more
Caused by: java.net.ConnectException: Connection refused
	... 11 more
2019-10-17 21:55:18,264 [d6dfcdd7-fc6e-4b51-b91e-b64503dadc5e@group-F967393F7C93-LeaderElection280] INFO  impl.RaftServerImpl (RaftServerImpl.java:setRole(184)) - d6dfcdd7-fc6e-4b51-b91e-b64503dadc5e@group-F967393F7C93: changes role from CANDIDATE to FOLLOWER at term 283 for DISCOVERED_A_NEW_TERM
2019-10-17 21:55:18,264 [d6dfcdd7-fc6e-4b51-b91e-b64503dadc5e@group-F967393F7C93-LeaderElection280] INFO  impl.RoleInfo (RoleInfo.java:shutdownLeaderElection(134)) - d6dfcdd7-fc6e-4b51-b91e-b64503dadc5e: shutdown LeaderElection
2019-10-17 21:55:18,264 [d6dfcdd7-fc6e-4b51-b91e-b64503dadc5e@group-F967393F7C93-LeaderElection280] INFO  impl.RoleInfo (RoleInfo.java:updateAndGet(143)) - d6dfcdd7-fc6e-4b51-b91e-b64503dadc5e: start FollowerState
2019-10-17 21:55:18,285 [java.util.concurrent.ThreadPoolExecutor$Worker@71aa17a1[State = -1, empty queue]] WARN  server.GrpcLogAppender (GrpcLogAppender.java:timeoutAppendRequest(209)) - de567563-d0dd-4cf2-91b7-f72627909699@group-3097D7458558->db0af43e-c62e-4c1d-affa-ffdb4faae2f8-GrpcLogAppender: appendEntries Timeout, request=de567563-d0dd-4cf2-91b7-f72627909699->db0af43e-c62e-4c1d-affa-ffdb4faae2f8#66-t10, previous=(t:10, i:4), leaderCommit=4, initializing? false, entries: <empty>
2019-10-17 21:55:18,454 [Thread-2298] INFO  impl.FollowerState (FollowerState.java:run(108)) - d6dfcdd7-fc6e-4b51-b91e-b64503dadc5e@group-F967393F7C93-FollowerState: change to CANDIDATE, lastRpcTime:190ms, electionTimeout:190ms
2019-10-17 21:55:18,454 [Thread-2298] INFO  impl.RoleInfo (RoleInfo.java:shutdownFollowerState(121)) - d6dfcdd7-fc6e-4b51-b91e-b64503dadc5e: shutdown FollowerState
2019-10-17 21:55:18,454 [Thread-2298] INFO  impl.RaftServerImpl (RaftServerImpl.java:setRole(184)) - d6dfcdd7-fc6e-4b51-b91e-b64503dadc5e@group-F967393F7C93: changes role from  FOLLOWER to CANDIDATE at term 283 for changeToCandidate
2019-10-17 21:55:18,454 [Thread-2298] INFO  impl.RoleInfo (RoleInfo.java:updateAndGet(143)) - d6dfcdd7-fc6e-4b51-b91e-b64503dadc5e: start LeaderElection
2019-10-17 21:55:18,476 [d6dfcdd7-fc6e-4b51-b91e-b64503dadc5e@group-F967393F7C93-LeaderElection281] INFO  impl.LeaderElection (LeaderElection.java:askForVotes(178)) - d6dfcdd7-fc6e-4b51-b91e-b64503dadc5e@group-F967393F7C93-LeaderElection281: begin an election at term 284 for -1: [08d4cbaa-ffed-4411-a5fd-c4a38026aead:192.168.157.223:33910, da15dfee-23f0-4dc4-ad77-c00156c49cfa:192.168.157.223:42172, d6dfcdd7-fc6e-4b51-b91e-b64503dadc5e:192.168.157.223:43575], old=null
2019-10-17 21:55:18,477 [d6dfcdd7-fc6e-4b51-b91e-b64503dadc5e@group-F967393F7C93-LeaderElection281] INFO  impl.LeaderElection (LogUtils.java:infoOrTrace(149)) - d6dfcdd7-fc6e-4b51-b91e-b64503dadc5e@group-F967393F7C93-LeaderElection281 got exception when requesting votes: {}
java.util.concurrent.ExecutionException: org.apache.ratis.thirdparty.io.grpc.StatusRuntimeException: UNAVAILABLE: io exception
	at java.util.concurrent.FutureTask.report(FutureTask.java:122)
	at java.util.concurrent.FutureTask.get(FutureTask.java:192)
	at org.apache.ratis.server.impl.LeaderElection.waitForResults(LeaderElection.java:259)
	at org.apache.ratis.server.impl.LeaderElection.askForVotes(LeaderElection.java:197)
	at org.apache.ratis.server.impl.LeaderElection.run(LeaderElection.java:133)
	at java.lang.Thread.run(Thread.java:748)
Caused by: org.apache.ratis.thirdparty.io.grpc.StatusRuntimeException: UNAVAILABLE: io exception
	at org.apache.ratis.thirdparty.io.grpc.stub.ClientCalls.toStatusRuntimeException(ClientCalls.java:233)
	at org.apache.ratis.thirdparty.io.grpc.stub.ClientCalls.getUnchecked(ClientCalls.java:214)
	at org.apache.ratis.thirdparty.io.grpc.stub.ClientCalls.blockingUnaryCall(ClientCalls.java:139)
	at org.apache.ratis.proto.grpc.RaftServerProtocolServiceGrpc$RaftServerProtocolServiceBlockingStub.requestVote(RaftServerProtocolServiceGrpc.java:265)
	at org.apache.ratis.grpc.server.GrpcServerProtocolClient.requestVote(GrpcServerProtocolClient.java:99)
	at org.apache.ratis.grpc.server.GrpcService.requestVote(GrpcService.java:204)
	at org.apache.ratis.server.impl.LeaderElection.lambda$submitRequests$1(LeaderElection.java:234)
	at java.util.concurrent.FutureTask.run(FutureTask.java:266)
	at java.util.concurrent.Executors$RunnableAdapter.call(Executors.java:511)
	at java.util.concurrent.FutureTask.run(FutureTask.java:266)
	at java.util.concurrent.ThreadPoolExecutor.runWorker(ThreadPoolExecutor.java:1149)
	at java.util.concurrent.ThreadPoolExecutor$Worker.run(ThreadPoolExecutor.java:624)
	... 1 more
Caused by: org.apache.ratis.thirdparty.io.netty.channel.AbstractChannel$AnnotatedConnectException: Connection refused: /192.168.157.223:33910
	at sun.nio.ch.SocketChannelImpl.checkConnect(Native Method)
	at sun.nio.ch.SocketChannelImpl.finishConnect(SocketChannelImpl.java:717)
	at org.apache.ratis.thirdparty.io.netty.channel.socket.nio.NioSocketChannel.doFinishConnect(NioSocketChannel.java:327)
	at org.apache.ratis.thirdparty.io.netty.channel.nio.AbstractNioChannel$AbstractNioUnsafe.finishConnect(AbstractNioChannel.java:340)
	at org.apache.ratis.thirdparty.io.netty.channel.nio.NioEventLoop.processSelectedKey(NioEventLoop.java:632)
	at org.apache.ratis.thirdparty.io.netty.channel.nio.NioEventLoop.processSelectedKeysOptimized(NioEventLoop.java:579)
	at org.apache.ratis.thirdparty.io.netty.channel.nio.NioEventLoop.processSelectedKeys(NioEventLoop.java:496)
	at org.apache.ratis.thirdparty.io.netty.channel.nio.NioEventLoop.run(NioEventLoop.java:458)
	at org.apache.ratis.thirdparty.io.netty.util.concurrent.SingleThreadEventExecutor$5.run(SingleThreadEventExecutor.java:897)
	at org.apache.ratis.thirdparty.io.netty.util.concurrent.FastThreadLocalRunnable.run(FastThreadLocalRunnable.java:30)
	... 1 more
Caused by: java.net.ConnectException: Connection refused
	... 11 more
2019-10-17 21:55:18,477 [d6dfcdd7-fc6e-4b51-b91e-b64503dadc5e@group-F967393F7C93-LeaderElection281] INFO  impl.LeaderElection (LogUtils.java:infoOrTrace(149)) - d6dfcdd7-fc6e-4b51-b91e-b64503dadc5e@group-F967393F7C93-LeaderElection281 got exception when requesting votes: {}
java.util.concurrent.ExecutionException: org.apache.ratis.thirdparty.io.grpc.StatusRuntimeException: UNAVAILABLE: io exception
	at java.util.concurrent.FutureTask.report(FutureTask.java:122)
	at java.util.concurrent.FutureTask.get(FutureTask.java:192)
	at org.apache.ratis.server.impl.LeaderElection.waitForResults(LeaderElection.java:259)
	at org.apache.ratis.server.impl.LeaderElection.askForVotes(LeaderElection.java:197)
	at org.apache.ratis.server.impl.LeaderElection.run(LeaderElection.java:133)
	at java.lang.Thread.run(Thread.java:748)
Caused by: org.apache.ratis.thirdparty.io.grpc.StatusRuntimeException: UNAVAILABLE: io exception
	at org.apache.ratis.thirdparty.io.grpc.stub.ClientCalls.toStatusRuntimeException(ClientCalls.java:233)
	at org.apache.ratis.thirdparty.io.grpc.stub.ClientCalls.getUnchecked(ClientCalls.java:214)
	at org.apache.ratis.thirdparty.io.grpc.stub.ClientCalls.blockingUnaryCall(ClientCalls.java:139)
	at org.apache.ratis.proto.grpc.RaftServerProtocolServiceGrpc$RaftServerProtocolServiceBlockingStub.requestVote(RaftServerProtocolServiceGrpc.java:265)
	at org.apache.ratis.grpc.server.GrpcServerProtocolClient.requestVote(GrpcServerProtocolClient.java:99)
	at org.apache.ratis.grpc.server.GrpcService.requestVote(GrpcService.java:204)
	at org.apache.ratis.server.impl.LeaderElection.lambda$submitRequests$1(LeaderElection.java:234)
	at java.util.concurrent.FutureTask.run(FutureTask.java:266)
	at java.util.concurrent.Executors$RunnableAdapter.call(Executors.java:511)
	at java.util.concurrent.FutureTask.run(FutureTask.java:266)
	at java.util.concurrent.ThreadPoolExecutor.runWorker(ThreadPoolExecutor.java:1149)
	at java.util.concurrent.ThreadPoolExecutor$Worker.run(ThreadPoolExecutor.java:624)
	... 1 more
Caused by: org.apache.ratis.thirdparty.io.netty.channel.AbstractChannel$AnnotatedConnectException: Connection refused: /192.168.157.223:42172
	at sun.nio.ch.SocketChannelImpl.checkConnect(Native Method)
	at sun.nio.ch.SocketChannelImpl.finishConnect(SocketChannelImpl.java:717)
	at org.apache.ratis.thirdparty.io.netty.channel.socket.nio.NioSocketChannel.doFinishConnect(NioSocketChannel.java:327)
	at org.apache.ratis.thirdparty.io.netty.channel.nio.AbstractNioChannel$AbstractNioUnsafe.finishConnect(AbstractNioChannel.java:340)
	at org.apache.ratis.thirdparty.io.netty.channel.nio.NioEventLoop.processSelectedKey(NioEventLoop.java:632)
	at org.apache.ratis.thirdparty.io.netty.channel.nio.NioEventLoop.processSelectedKeysOptimized(NioEventLoop.java:579)
	at org.apache.ratis.thirdparty.io.netty.channel.nio.NioEventLoop.processSelectedKeys(NioEventLoop.java:496)
	at org.apache.ratis.thirdparty.io.netty.channel.nio.NioEventLoop.run(NioEventLoop.java:458)
	at org.apache.ratis.thirdparty.io.netty.util.concurrent.SingleThreadEventExecutor$5.run(SingleThreadEventExecutor.java:897)
	at org.apache.ratis.thirdparty.io.netty.util.concurrent.FastThreadLocalRunnable.run(FastThreadLocalRunnable.java:30)
	... 1 more
Caused by: java.net.ConnectException: Connection refused
	... 11 more
2019-10-17 21:55:18,477 [d6dfcdd7-fc6e-4b51-b91e-b64503dadc5e@group-F967393F7C93-LeaderElection281] INFO  impl.LeaderElection (LeaderElection.java:logAndReturn(56)) - d6dfcdd7-fc6e-4b51-b91e-b64503dadc5e@group-F967393F7C93-LeaderElection281: Election REJECTED; received 0 response(s) [] and 2 exception(s); d6dfcdd7-fc6e-4b51-b91e-b64503dadc5e@group-F967393F7C93:t284, leader=null, voted=d6dfcdd7-fc6e-4b51-b91e-b64503dadc5e, raftlog=d6dfcdd7-fc6e-4b51-b91e-b64503dadc5e@group-F967393F7C93-SegmentedRaftLog:OPENED:c-1,f-1,i0, conf=-1: [08d4cbaa-ffed-4411-a5fd-c4a38026aead:192.168.157.223:33910, da15dfee-23f0-4dc4-ad77-c00156c49cfa:192.168.157.223:42172, d6dfcdd7-fc6e-4b51-b91e-b64503dadc5e:192.168.157.223:43575], old=null
2019-10-17 21:55:18,477 [d6dfcdd7-fc6e-4b51-b91e-b64503dadc5e@group-F967393F7C93-LeaderElection281] INFO  impl.LeaderElection (LogUtils.java:infoOrTrace(149)) -   Exception 0: {}
java.util.concurrent.ExecutionException: org.apache.ratis.thirdparty.io.grpc.StatusRuntimeException: UNAVAILABLE: io exception
	at java.util.concurrent.FutureTask.report(FutureTask.java:122)
	at java.util.concurrent.FutureTask.get(FutureTask.java:192)
	at org.apache.ratis.server.impl.LeaderElection.waitForResults(LeaderElection.java:259)
	at org.apache.ratis.server.impl.LeaderElection.askForVotes(LeaderElection.java:197)
	at org.apache.ratis.server.impl.LeaderElection.run(LeaderElection.java:133)
	at java.lang.Thread.run(Thread.java:748)
Caused by: org.apache.ratis.thirdparty.io.grpc.StatusRuntimeException: UNAVAILABLE: io exception
	at org.apache.ratis.thirdparty.io.grpc.stub.ClientCalls.toStatusRuntimeException(ClientCalls.java:233)
	at org.apache.ratis.thirdparty.io.grpc.stub.ClientCalls.getUnchecked(ClientCalls.java:214)
	at org.apache.ratis.thirdparty.io.grpc.stub.ClientCalls.blockingUnaryCall(ClientCalls.java:139)
	at org.apache.ratis.proto.grpc.RaftServerProtocolServiceGrpc$RaftServerProtocolServiceBlockingStub.requestVote(RaftServerProtocolServiceGrpc.java:265)
	at org.apache.ratis.grpc.server.GrpcServerProtocolClient.requestVote(GrpcServerProtocolClient.java:99)
	at org.apache.ratis.grpc.server.GrpcService.requestVote(GrpcService.java:204)
	at org.apache.ratis.server.impl.LeaderElection.lambda$submitRequests$1(LeaderElection.java:234)
	at java.util.concurrent.FutureTask.run(FutureTask.java:266)
	at java.util.concurrent.Executors$RunnableAdapter.call(Executors.java:511)
	at java.util.concurrent.FutureTask.run(FutureTask.java:266)
	at java.util.concurrent.ThreadPoolExecutor.runWorker(ThreadPoolExecutor.java:1149)
	at java.util.concurrent.ThreadPoolExecutor$Worker.run(ThreadPoolExecutor.java:624)
	... 1 more
Caused by: org.apache.ratis.thirdparty.io.netty.channel.AbstractChannel$AnnotatedConnectException: Connection refused: /192.168.157.223:33910
	at sun.nio.ch.SocketChannelImpl.checkConnect(Native Method)
	at sun.nio.ch.SocketChannelImpl.finishConnect(SocketChannelImpl.java:717)
	at org.apache.ratis.thirdparty.io.netty.channel.socket.nio.NioSocketChannel.doFinishConnect(NioSocketChannel.java:327)
	at org.apache.ratis.thirdparty.io.netty.channel.nio.AbstractNioChannel$AbstractNioUnsafe.finishConnect(AbstractNioChannel.java:340)
	at org.apache.ratis.thirdparty.io.netty.channel.nio.NioEventLoop.processSelectedKey(NioEventLoop.java:632)
	at org.apache.ratis.thirdparty.io.netty.channel.nio.NioEventLoop.processSelectedKeysOptimized(NioEventLoop.java:579)
	at org.apache.ratis.thirdparty.io.netty.channel.nio.NioEventLoop.processSelectedKeys(NioEventLoop.java:496)
	at org.apache.ratis.thirdparty.io.netty.channel.nio.NioEventLoop.run(NioEventLoop.java:458)
	at org.apache.ratis.thirdparty.io.netty.util.concurrent.SingleThreadEventExecutor$5.run(SingleThreadEventExecutor.java:897)
	at org.apache.ratis.thirdparty.io.netty.util.concurrent.FastThreadLocalRunnable.run(FastThreadLocalRunnable.java:30)
	... 1 more
Caused by: java.net.ConnectException: Connection refused
	... 11 more
2019-10-17 21:55:18,478 [d6dfcdd7-fc6e-4b51-b91e-b64503dadc5e@group-F967393F7C93-LeaderElection281] INFO  impl.LeaderElection (LogUtils.java:infoOrTrace(149)) -   Exception 1: {}
java.util.concurrent.ExecutionException: org.apache.ratis.thirdparty.io.grpc.StatusRuntimeException: UNAVAILABLE: io exception
	at java.util.concurrent.FutureTask.report(FutureTask.java:122)
	at java.util.concurrent.FutureTask.get(FutureTask.java:192)
	at org.apache.ratis.server.impl.LeaderElection.waitForResults(LeaderElection.java:259)
	at org.apache.ratis.server.impl.LeaderElection.askForVotes(LeaderElection.java:197)
	at org.apache.ratis.server.impl.LeaderElection.run(LeaderElection.java:133)
	at java.lang.Thread.run(Thread.java:748)
Caused by: org.apache.ratis.thirdparty.io.grpc.StatusRuntimeException: UNAVAILABLE: io exception
	at org.apache.ratis.thirdparty.io.grpc.stub.ClientCalls.toStatusRuntimeException(ClientCalls.java:233)
	at org.apache.ratis.thirdparty.io.grpc.stub.ClientCalls.getUnchecked(ClientCalls.java:214)
	at org.apache.ratis.thirdparty.io.grpc.stub.ClientCalls.blockingUnaryCall(ClientCalls.java:139)
	at org.apache.ratis.proto.grpc.RaftServerProtocolServiceGrpc$RaftServerProtocolServiceBlockingStub.requestVote(RaftServerProtocolServiceGrpc.java:265)
	at org.apache.ratis.grpc.server.GrpcServerProtocolClient.requestVote(GrpcServerProtocolClient.java:99)
	at org.apache.ratis.grpc.server.GrpcService.requestVote(GrpcService.java:204)
	at org.apache.ratis.server.impl.LeaderElection.lambda$submitRequests$1(LeaderElection.java:234)
	at java.util.concurrent.FutureTask.run(FutureTask.java:266)
	at java.util.concurrent.Executors$RunnableAdapter.call(Executors.java:511)
	at java.util.concurrent.FutureTask.run(FutureTask.java:266)
	at java.util.concurrent.ThreadPoolExecutor.runWorker(ThreadPoolExecutor.java:1149)
	at java.util.concurrent.ThreadPoolExecutor$Worker.run(ThreadPoolExecutor.java:624)
	... 1 more
Caused by: org.apache.ratis.thirdparty.io.netty.channel.AbstractChannel$AnnotatedConnectException: Connection refused: /192.168.157.223:42172
	at sun.nio.ch.SocketChannelImpl.checkConnect(Native Method)
	at sun.nio.ch.SocketChannelImpl.finishConnect(SocketChannelImpl.java:717)
	at org.apache.ratis.thirdparty.io.netty.channel.socket.nio.NioSocketChannel.doFinishConnect(NioSocketChannel.java:327)
	at org.apache.ratis.thirdparty.io.netty.channel.nio.AbstractNioChannel$AbstractNioUnsafe.finishConnect(AbstractNioChannel.java:340)
	at org.apache.ratis.thirdparty.io.netty.channel.nio.NioEventLoop.processSelectedKey(NioEventLoop.java:632)
	at org.apache.ratis.thirdparty.io.netty.channel.nio.NioEventLoop.processSelectedKeysOptimized(NioEventLoop.java:579)
	at org.apache.ratis.thirdparty.io.netty.channel.nio.NioEventLoop.processSelectedKeys(NioEventLoop.java:496)
	at org.apache.ratis.thirdparty.io.netty.channel.nio.NioEventLoop.run(NioEventLoop.java:458)
	at org.apache.ratis.thirdparty.io.netty.util.concurrent.SingleThreadEventExecutor$5.run(SingleThreadEventExecutor.java:897)
	at org.apache.ratis.thirdparty.io.netty.util.concurrent.FastThreadLocalRunnable.run(FastThreadLocalRunnable.java:30)
	... 1 more
Caused by: java.net.ConnectException: Connection refused
	... 11 more
2019-10-17 21:55:18,478 [d6dfcdd7-fc6e-4b51-b91e-b64503dadc5e@group-F967393F7C93-LeaderElection281] INFO  impl.RaftServerImpl (RaftServerImpl.java:setRole(184)) - d6dfcdd7-fc6e-4b51-b91e-b64503dadc5e@group-F967393F7C93: changes role from CANDIDATE to FOLLOWER at term 284 for DISCOVERED_A_NEW_TERM
2019-10-17 21:55:18,478 [d6dfcdd7-fc6e-4b51-b91e-b64503dadc5e@group-F967393F7C93-LeaderElection281] INFO  impl.RoleInfo (RoleInfo.java:shutdownLeaderElection(134)) - d6dfcdd7-fc6e-4b51-b91e-b64503dadc5e: shutdown LeaderElection
2019-10-17 21:55:18,478 [d6dfcdd7-fc6e-4b51-b91e-b64503dadc5e@group-F967393F7C93-LeaderElection281] INFO  impl.RoleInfo (RoleInfo.java:updateAndGet(143)) - d6dfcdd7-fc6e-4b51-b91e-b64503dadc5e: start FollowerState
2019-10-17 21:55:18,517 [Thread-2302] INFO  impl.FollowerState (FollowerState.java:run(108)) - d6dfcdd7-fc6e-4b51-b91e-b64503dadc5e@group-F967393F7C93-FollowerState: change to CANDIDATE, lastRpcTime:38ms, electionTimeout:38ms
2019-10-17 21:55:18,517 [Thread-2302] INFO  impl.RoleInfo (RoleInfo.java:shutdownFollowerState(121)) - d6dfcdd7-fc6e-4b51-b91e-b64503dadc5e: shutdown FollowerState
2019-10-17 21:55:18,517 [Thread-2302] INFO  impl.RaftServerImpl (RaftServerImpl.java:setRole(184)) - d6dfcdd7-fc6e-4b51-b91e-b64503dadc5e@group-F967393F7C93: changes role from  FOLLOWER to CANDIDATE at term 284 for changeToCandidate
2019-10-17 21:55:18,517 [Thread-2302] INFO  impl.RoleInfo (RoleInfo.java:updateAndGet(143)) - d6dfcdd7-fc6e-4b51-b91e-b64503dadc5e: start LeaderElection
2019-10-17 21:55:18,529 [d6dfcdd7-fc6e-4b51-b91e-b64503dadc5e@group-F967393F7C93-LeaderElection282] INFO  impl.LeaderElection (LeaderElection.java:askForVotes(178)) - d6dfcdd7-fc6e-4b51-b91e-b64503dadc5e@group-F967393F7C93-LeaderElection282: begin an election at term 285 for -1: [08d4cbaa-ffed-4411-a5fd-c4a38026aead:192.168.157.223:33910, da15dfee-23f0-4dc4-ad77-c00156c49cfa:192.168.157.223:42172, d6dfcdd7-fc6e-4b51-b91e-b64503dadc5e:192.168.157.223:43575], old=null
2019-10-17 21:55:18,530 [d6dfcdd7-fc6e-4b51-b91e-b64503dadc5e@group-F967393F7C93-LeaderElection282] INFO  impl.LeaderElection (LogUtils.java:infoOrTrace(149)) - d6dfcdd7-fc6e-4b51-b91e-b64503dadc5e@group-F967393F7C93-LeaderElection282 got exception when requesting votes: {}
java.util.concurrent.ExecutionException: org.apache.ratis.thirdparty.io.grpc.StatusRuntimeException: UNAVAILABLE: io exception
	at java.util.concurrent.FutureTask.report(FutureTask.java:122)
	at java.util.concurrent.FutureTask.get(FutureTask.java:192)
	at org.apache.ratis.server.impl.LeaderElection.waitForResults(LeaderElection.java:259)
	at org.apache.ratis.server.impl.LeaderElection.askForVotes(LeaderElection.java:197)
	at org.apache.ratis.server.impl.LeaderElection.run(LeaderElection.java:133)
	at java.lang.Thread.run(Thread.java:748)
Caused by: org.apache.ratis.thirdparty.io.grpc.StatusRuntimeException: UNAVAILABLE: io exception
	at org.apache.ratis.thirdparty.io.grpc.stub.ClientCalls.toStatusRuntimeException(ClientCalls.java:233)
	at org.apache.ratis.thirdparty.io.grpc.stub.ClientCalls.getUnchecked(ClientCalls.java:214)
	at org.apache.ratis.thirdparty.io.grpc.stub.ClientCalls.blockingUnaryCall(ClientCalls.java:139)
	at org.apache.ratis.proto.grpc.RaftServerProtocolServiceGrpc$RaftServerProtocolServiceBlockingStub.requestVote(RaftServerProtocolServiceGrpc.java:265)
	at org.apache.ratis.grpc.server.GrpcServerProtocolClient.requestVote(GrpcServerProtocolClient.java:99)
	at org.apache.ratis.grpc.server.GrpcService.requestVote(GrpcService.java:204)
	at org.apache.ratis.server.impl.LeaderElection.lambda$submitRequests$1(LeaderElection.java:234)
	at java.util.concurrent.FutureTask.run(FutureTask.java:266)
	at java.util.concurrent.Executors$RunnableAdapter.call(Executors.java:511)
	at java.util.concurrent.FutureTask.run(FutureTask.java:266)
	at java.util.concurrent.ThreadPoolExecutor.runWorker(ThreadPoolExecutor.java:1149)
	at java.util.concurrent.ThreadPoolExecutor$Worker.run(ThreadPoolExecutor.java:624)
	... 1 more
Caused by: org.apache.ratis.thirdparty.io.netty.channel.AbstractChannel$AnnotatedConnectException: Connection refused: /192.168.157.223:33910
	at sun.nio.ch.SocketChannelImpl.checkConnect(Native Method)
	at sun.nio.ch.SocketChannelImpl.finishConnect(SocketChannelImpl.java:717)
	at org.apache.ratis.thirdparty.io.netty.channel.socket.nio.NioSocketChannel.doFinishConnect(NioSocketChannel.java:327)
	at org.apache.ratis.thirdparty.io.netty.channel.nio.AbstractNioChannel$AbstractNioUnsafe.finishConnect(AbstractNioChannel.java:340)
	at org.apache.ratis.thirdparty.io.netty.channel.nio.NioEventLoop.processSelectedKey(NioEventLoop.java:632)
	at org.apache.ratis.thirdparty.io.netty.channel.nio.NioEventLoop.processSelectedKeysOptimized(NioEventLoop.java:579)
	at org.apache.ratis.thirdparty.io.netty.channel.nio.NioEventLoop.processSelectedKeys(NioEventLoop.java:496)
	at org.apache.ratis.thirdparty.io.netty.channel.nio.NioEventLoop.run(NioEventLoop.java:458)
	at org.apache.ratis.thirdparty.io.netty.util.concurrent.SingleThreadEventExecutor$5.run(SingleThreadEventExecutor.java:897)
	at org.apache.ratis.thirdparty.io.netty.util.concurrent.FastThreadLocalRunnable.run(FastThreadLocalRunnable.java:30)
	... 1 more
Caused by: java.net.ConnectException: Connection refused
	... 11 more
2019-10-17 21:55:18,530 [d6dfcdd7-fc6e-4b51-b91e-b64503dadc5e@group-F967393F7C93-LeaderElection282] INFO  impl.LeaderElection (LogUtils.java:infoOrTrace(149)) - d6dfcdd7-fc6e-4b51-b91e-b64503dadc5e@group-F967393F7C93-LeaderElection282 got exception when requesting votes: {}
java.util.concurrent.ExecutionException: org.apache.ratis.thirdparty.io.grpc.StatusRuntimeException: UNAVAILABLE: io exception
	at java.util.concurrent.FutureTask.report(FutureTask.java:122)
	at java.util.concurrent.FutureTask.get(FutureTask.java:192)
	at org.apache.ratis.server.impl.LeaderElection.waitForResults(LeaderElection.java:259)
	at org.apache.ratis.server.impl.LeaderElection.askForVotes(LeaderElection.java:197)
	at org.apache.ratis.server.impl.LeaderElection.run(LeaderElection.java:133)
	at java.lang.Thread.run(Thread.java:748)
Caused by: org.apache.ratis.thirdparty.io.grpc.StatusRuntimeException: UNAVAILABLE: io exception
	at org.apache.ratis.thirdparty.io.grpc.stub.ClientCalls.toStatusRuntimeException(ClientCalls.java:233)
	at org.apache.ratis.thirdparty.io.grpc.stub.ClientCalls.getUnchecked(ClientCalls.java:214)
	at org.apache.ratis.thirdparty.io.grpc.stub.ClientCalls.blockingUnaryCall(ClientCalls.java:139)
	at org.apache.ratis.proto.grpc.RaftServerProtocolServiceGrpc$RaftServerProtocolServiceBlockingStub.requestVote(RaftServerProtocolServiceGrpc.java:265)
	at org.apache.ratis.grpc.server.GrpcServerProtocolClient.requestVote(GrpcServerProtocolClient.java:99)
	at org.apache.ratis.grpc.server.GrpcService.requestVote(GrpcService.java:204)
	at org.apache.ratis.server.impl.LeaderElection.lambda$submitRequests$1(LeaderElection.java:234)
	at java.util.concurrent.FutureTask.run(FutureTask.java:266)
	at java.util.concurrent.Executors$RunnableAdapter.call(Executors.java:511)
	at java.util.concurrent.FutureTask.run(FutureTask.java:266)
	at java.util.concurrent.ThreadPoolExecutor.runWorker(ThreadPoolExecutor.java:1149)
	at java.util.concurrent.ThreadPoolExecutor$Worker.run(ThreadPoolExecutor.java:624)
	... 1 more
Caused by: org.apache.ratis.thirdparty.io.netty.channel.AbstractChannel$AnnotatedConnectException: Connection refused: /192.168.157.223:42172
	at sun.nio.ch.SocketChannelImpl.checkConnect(Native Method)
	at sun.nio.ch.SocketChannelImpl.finishConnect(SocketChannelImpl.java:717)
	at org.apache.ratis.thirdparty.io.netty.channel.socket.nio.NioSocketChannel.doFinishConnect(NioSocketChannel.java:327)
	at org.apache.ratis.thirdparty.io.netty.channel.nio.AbstractNioChannel$AbstractNioUnsafe.finishConnect(AbstractNioChannel.java:340)
	at org.apache.ratis.thirdparty.io.netty.channel.nio.NioEventLoop.processSelectedKey(NioEventLoop.java:632)
	at org.apache.ratis.thirdparty.io.netty.channel.nio.NioEventLoop.processSelectedKeysOptimized(NioEventLoop.java:579)
	at org.apache.ratis.thirdparty.io.netty.channel.nio.NioEventLoop.processSelectedKeys(NioEventLoop.java:496)
	at org.apache.ratis.thirdparty.io.netty.channel.nio.NioEventLoop.run(NioEventLoop.java:458)
	at org.apache.ratis.thirdparty.io.netty.util.concurrent.SingleThreadEventExecutor$5.run(SingleThreadEventExecutor.java:897)
	at org.apache.ratis.thirdparty.io.netty.util.concurrent.FastThreadLocalRunnable.run(FastThreadLocalRunnable.java:30)
	... 1 more
Caused by: java.net.ConnectException: Connection refused
	... 11 more
2019-10-17 21:55:18,531 [d6dfcdd7-fc6e-4b51-b91e-b64503dadc5e@group-F967393F7C93-LeaderElection282] INFO  impl.LeaderElection (LeaderElection.java:logAndReturn(56)) - d6dfcdd7-fc6e-4b51-b91e-b64503dadc5e@group-F967393F7C93-LeaderElection282: Election REJECTED; received 0 response(s) [] and 2 exception(s); d6dfcdd7-fc6e-4b51-b91e-b64503dadc5e@group-F967393F7C93:t285, leader=null, voted=d6dfcdd7-fc6e-4b51-b91e-b64503dadc5e, raftlog=d6dfcdd7-fc6e-4b51-b91e-b64503dadc5e@group-F967393F7C93-SegmentedRaftLog:OPENED:c-1,f-1,i0, conf=-1: [08d4cbaa-ffed-4411-a5fd-c4a38026aead:192.168.157.223:33910, da15dfee-23f0-4dc4-ad77-c00156c49cfa:192.168.157.223:42172, d6dfcdd7-fc6e-4b51-b91e-b64503dadc5e:192.168.157.223:43575], old=null
2019-10-17 21:55:18,531 [d6dfcdd7-fc6e-4b51-b91e-b64503dadc5e@group-F967393F7C93-LeaderElection282] INFO  impl.LeaderElection (LogUtils.java:infoOrTrace(149)) -   Exception 0: {}
java.util.concurrent.ExecutionException: org.apache.ratis.thirdparty.io.grpc.StatusRuntimeException: UNAVAILABLE: io exception
	at java.util.concurrent.FutureTask.report(FutureTask.java:122)
	at java.util.concurrent.FutureTask.get(FutureTask.java:192)
	at org.apache.ratis.server.impl.LeaderElection.waitForResults(LeaderElection.java:259)
	at org.apache.ratis.server.impl.LeaderElection.askForVotes(LeaderElection.java:197)
	at org.apache.ratis.server.impl.LeaderElection.run(LeaderElection.java:133)
	at java.lang.Thread.run(Thread.java:748)
Caused by: org.apache.ratis.thirdparty.io.grpc.StatusRuntimeException: UNAVAILABLE: io exception
	at org.apache.ratis.thirdparty.io.grpc.stub.ClientCalls.toStatusRuntimeException(ClientCalls.java:233)
	at org.apache.ratis.thirdparty.io.grpc.stub.ClientCalls.getUnchecked(ClientCalls.java:214)
	at org.apache.ratis.thirdparty.io.grpc.stub.ClientCalls.blockingUnaryCall(ClientCalls.java:139)
	at org.apache.ratis.proto.grpc.RaftServerProtocolServiceGrpc$RaftServerProtocolServiceBlockingStub.requestVote(RaftServerProtocolServiceGrpc.java:265)
	at org.apache.ratis.grpc.server.GrpcServerProtocolClient.requestVote(GrpcServerProtocolClient.java:99)
	at org.apache.ratis.grpc.server.GrpcService.requestVote(GrpcService.java:204)
	at org.apache.ratis.server.impl.LeaderElection.lambda$submitRequests$1(LeaderElection.java:234)
	at java.util.concurrent.FutureTask.run(FutureTask.java:266)
	at java.util.concurrent.Executors$RunnableAdapter.call(Executors.java:511)
	at java.util.concurrent.FutureTask.run(FutureTask.java:266)
	at java.util.concurrent.ThreadPoolExecutor.runWorker(ThreadPoolExecutor.java:1149)
	at java.util.concurrent.ThreadPoolExecutor$Worker.run(ThreadPoolExecutor.java:624)
	... 1 more
Caused by: org.apache.ratis.thirdparty.io.netty.channel.AbstractChannel$AnnotatedConnectException: Connection refused: /192.168.157.223:33910
	at sun.nio.ch.SocketChannelImpl.checkConnect(Native Method)
	at sun.nio.ch.SocketChannelImpl.finishConnect(SocketChannelImpl.java:717)
	at org.apache.ratis.thirdparty.io.netty.channel.socket.nio.NioSocketChannel.doFinishConnect(NioSocketChannel.java:327)
	at org.apache.ratis.thirdparty.io.netty.channel.nio.AbstractNioChannel$AbstractNioUnsafe.finishConnect(AbstractNioChannel.java:340)
	at org.apache.ratis.thirdparty.io.netty.channel.nio.NioEventLoop.processSelectedKey(NioEventLoop.java:632)
	at org.apache.ratis.thirdparty.io.netty.channel.nio.NioEventLoop.processSelectedKeysOptimized(NioEventLoop.java:579)
	at org.apache.ratis.thirdparty.io.netty.channel.nio.NioEventLoop.processSelectedKeys(NioEventLoop.java:496)
	at org.apache.ratis.thirdparty.io.netty.channel.nio.NioEventLoop.run(NioEventLoop.java:458)
	at org.apache.ratis.thirdparty.io.netty.util.concurrent.SingleThreadEventExecutor$5.run(SingleThreadEventExecutor.java:897)
	at org.apache.ratis.thirdparty.io.netty.util.concurrent.FastThreadLocalRunnable.run(FastThreadLocalRunnable.java:30)
	... 1 more
Caused by: java.net.ConnectException: Connection refused
	... 11 more
2019-10-17 21:55:18,531 [d6dfcdd7-fc6e-4b51-b91e-b64503dadc5e@group-F967393F7C93-LeaderElection282] INFO  impl.LeaderElection (LogUtils.java:infoOrTrace(149)) -   Exception 1: {}
java.util.concurrent.ExecutionException: org.apache.ratis.thirdparty.io.grpc.StatusRuntimeException: UNAVAILABLE: io exception
	at java.util.concurrent.FutureTask.report(FutureTask.java:122)
	at java.util.concurrent.FutureTask.get(FutureTask.java:192)
	at org.apache.ratis.server.impl.LeaderElection.waitForResults(LeaderElection.java:259)
	at org.apache.ratis.server.impl.LeaderElection.askForVotes(LeaderElection.java:197)
	at org.apache.ratis.server.impl.LeaderElection.run(LeaderElection.java:133)
	at java.lang.Thread.run(Thread.java:748)
Caused by: org.apache.ratis.thirdparty.io.grpc.StatusRuntimeException: UNAVAILABLE: io exception
	at org.apache.ratis.thirdparty.io.grpc.stub.ClientCalls.toStatusRuntimeException(ClientCalls.java:233)
	at org.apache.ratis.thirdparty.io.grpc.stub.ClientCalls.getUnchecked(ClientCalls.java:214)
	at org.apache.ratis.thirdparty.io.grpc.stub.ClientCalls.blockingUnaryCall(ClientCalls.java:139)
	at org.apache.ratis.proto.grpc.RaftServerProtocolServiceGrpc$RaftServerProtocolServiceBlockingStub.requestVote(RaftServerProtocolServiceGrpc.java:265)
	at org.apache.ratis.grpc.server.GrpcServerProtocolClient.requestVote(GrpcServerProtocolClient.java:99)
	at org.apache.ratis.grpc.server.GrpcService.requestVote(GrpcService.java:204)
	at org.apache.ratis.server.impl.LeaderElection.lambda$submitRequests$1(LeaderElection.java:234)
	at java.util.concurrent.FutureTask.run(FutureTask.java:266)
	at java.util.concurrent.Executors$RunnableAdapter.call(Executors.java:511)
	at java.util.concurrent.FutureTask.run(FutureTask.java:266)
	at java.util.concurrent.ThreadPoolExecutor.runWorker(ThreadPoolExecutor.java:1149)
	at java.util.concurrent.ThreadPoolExecutor$Worker.run(ThreadPoolExecutor.java:624)
	... 1 more
Caused by: org.apache.ratis.thirdparty.io.netty.channel.AbstractChannel$AnnotatedConnectException: Connection refused: /192.168.157.223:42172
	at sun.nio.ch.SocketChannelImpl.checkConnect(Native Method)
	at sun.nio.ch.SocketChannelImpl.finishConnect(SocketChannelImpl.java:717)
	at org.apache.ratis.thirdparty.io.netty.channel.socket.nio.NioSocketChannel.doFinishConnect(NioSocketChannel.java:327)
	at org.apache.ratis.thirdparty.io.netty.channel.nio.AbstractNioChannel$AbstractNioUnsafe.finishConnect(AbstractNioChannel.java:340)
	at org.apache.ratis.thirdparty.io.netty.channel.nio.NioEventLoop.processSelectedKey(NioEventLoop.java:632)
	at org.apache.ratis.thirdparty.io.netty.channel.nio.NioEventLoop.processSelectedKeysOptimized(NioEventLoop.java:579)
	at org.apache.ratis.thirdparty.io.netty.channel.nio.NioEventLoop.processSelectedKeys(NioEventLoop.java:496)
	at org.apache.ratis.thirdparty.io.netty.channel.nio.NioEventLoop.run(NioEventLoop.java:458)
	at org.apache.ratis.thirdparty.io.netty.util.concurrent.SingleThreadEventExecutor$5.run(SingleThreadEventExecutor.java:897)
	at org.apache.ratis.thirdparty.io.netty.util.concurrent.FastThreadLocalRunnable.run(FastThreadLocalRunnable.java:30)
	... 1 more
Caused by: java.net.ConnectException: Connection refused
	... 11 more
2019-10-17 21:55:18,531 [d6dfcdd7-fc6e-4b51-b91e-b64503dadc5e@group-F967393F7C93-LeaderElection282] INFO  impl.RaftServerImpl (RaftServerImpl.java:setRole(184)) - d6dfcdd7-fc6e-4b51-b91e-b64503dadc5e@group-F967393F7C93: changes role from CANDIDATE to FOLLOWER at term 285 for DISCOVERED_A_NEW_TERM
2019-10-17 21:55:18,532 [d6dfcdd7-fc6e-4b51-b91e-b64503dadc5e@group-F967393F7C93-LeaderElection282] INFO  impl.RoleInfo (RoleInfo.java:shutdownLeaderElection(134)) - d6dfcdd7-fc6e-4b51-b91e-b64503dadc5e: shutdown LeaderElection
2019-10-17 21:55:18,532 [d6dfcdd7-fc6e-4b51-b91e-b64503dadc5e@group-F967393F7C93-LeaderElection282] INFO  impl.RoleInfo (RoleInfo.java:updateAndGet(143)) - d6dfcdd7-fc6e-4b51-b91e-b64503dadc5e: start FollowerState
2019-10-17 21:55:18,536 [Thread-2306] INFO  impl.FollowerState (FollowerState.java:run(108)) - d6dfcdd7-fc6e-4b51-b91e-b64503dadc5e@group-F967393F7C93-FollowerState: change to CANDIDATE, lastRpcTime:4ms, electionTimeout:4ms
2019-10-17 21:55:18,536 [Thread-2306] INFO  impl.RoleInfo (RoleInfo.java:shutdownFollowerState(121)) - d6dfcdd7-fc6e-4b51-b91e-b64503dadc5e: shutdown FollowerState
2019-10-17 21:55:18,536 [Thread-2306] INFO  impl.RaftServerImpl (RaftServerImpl.java:setRole(184)) - d6dfcdd7-fc6e-4b51-b91e-b64503dadc5e@group-F967393F7C93: changes role from  FOLLOWER to CANDIDATE at term 285 for changeToCandidate
2019-10-17 21:55:18,536 [Thread-2306] INFO  impl.RoleInfo (RoleInfo.java:updateAndGet(143)) - d6dfcdd7-fc6e-4b51-b91e-b64503dadc5e: start LeaderElection
2019-10-17 21:55:18,540 [d6dfcdd7-fc6e-4b51-b91e-b64503dadc5e@group-F967393F7C93-LeaderElection283] INFO  impl.LeaderElection (LeaderElection.java:askForVotes(178)) - d6dfcdd7-fc6e-4b51-b91e-b64503dadc5e@group-F967393F7C93-LeaderElection283: begin an election at term 286 for -1: [08d4cbaa-ffed-4411-a5fd-c4a38026aead:192.168.157.223:33910, da15dfee-23f0-4dc4-ad77-c00156c49cfa:192.168.157.223:42172, d6dfcdd7-fc6e-4b51-b91e-b64503dadc5e:192.168.157.223:43575], old=null
2019-10-17 21:55:18,541 [d6dfcdd7-fc6e-4b51-b91e-b64503dadc5e@group-F967393F7C93-LeaderElection283] INFO  impl.LeaderElection (LogUtils.java:infoOrTrace(149)) - d6dfcdd7-fc6e-4b51-b91e-b64503dadc5e@group-F967393F7C93-LeaderElection283 got exception when requesting votes: {}
java.util.concurrent.ExecutionException: org.apache.ratis.thirdparty.io.grpc.StatusRuntimeException: UNAVAILABLE: io exception
	at java.util.concurrent.FutureTask.report(FutureTask.java:122)
	at java.util.concurrent.FutureTask.get(FutureTask.java:192)
	at org.apache.ratis.server.impl.LeaderElection.waitForResults(LeaderElection.java:259)
	at org.apache.ratis.server.impl.LeaderElection.askForVotes(LeaderElection.java:197)
	at org.apache.ratis.server.impl.LeaderElection.run(LeaderElection.java:133)
	at java.lang.Thread.run(Thread.java:748)
Caused by: org.apache.ratis.thirdparty.io.grpc.StatusRuntimeException: UNAVAILABLE: io exception
	at org.apache.ratis.thirdparty.io.grpc.stub.ClientCalls.toStatusRuntimeException(ClientCalls.java:233)
	at org.apache.ratis.thirdparty.io.grpc.stub.ClientCalls.getUnchecked(ClientCalls.java:214)
	at org.apache.ratis.thirdparty.io.grpc.stub.ClientCalls.blockingUnaryCall(ClientCalls.java:139)
	at org.apache.ratis.proto.grpc.RaftServerProtocolServiceGrpc$RaftServerProtocolServiceBlockingStub.requestVote(RaftServerProtocolServiceGrpc.java:265)
	at org.apache.ratis.grpc.server.GrpcServerProtocolClient.requestVote(GrpcServerProtocolClient.java:99)
	at org.apache.ratis.grpc.server.GrpcService.requestVote(GrpcService.java:204)
	at org.apache.ratis.server.impl.LeaderElection.lambda$submitRequests$1(LeaderElection.java:234)
	at java.util.concurrent.FutureTask.run(FutureTask.java:266)
	at java.util.concurrent.Executors$RunnableAdapter.call(Executors.java:511)
	at java.util.concurrent.FutureTask.run(FutureTask.java:266)
	at java.util.concurrent.ThreadPoolExecutor.runWorker(ThreadPoolExecutor.java:1149)
	at java.util.concurrent.ThreadPoolExecutor$Worker.run(ThreadPoolExecutor.java:624)
	... 1 more
Caused by: org.apache.ratis.thirdparty.io.netty.channel.AbstractChannel$AnnotatedConnectException: Connection refused: /192.168.157.223:33910
	at sun.nio.ch.SocketChannelImpl.checkConnect(Native Method)
	at sun.nio.ch.SocketChannelImpl.finishConnect(SocketChannelImpl.java:717)
	at org.apache.ratis.thirdparty.io.netty.channel.socket.nio.NioSocketChannel.doFinishConnect(NioSocketChannel.java:327)
	at org.apache.ratis.thirdparty.io.netty.channel.nio.AbstractNioChannel$AbstractNioUnsafe.finishConnect(AbstractNioChannel.java:340)
	at org.apache.ratis.thirdparty.io.netty.channel.nio.NioEventLoop.processSelectedKey(NioEventLoop.java:632)
	at org.apache.ratis.thirdparty.io.netty.channel.nio.NioEventLoop.processSelectedKeysOptimized(NioEventLoop.java:579)
	at org.apache.ratis.thirdparty.io.netty.channel.nio.NioEventLoop.processSelectedKeys(NioEventLoop.java:496)
	at org.apache.ratis.thirdparty.io.netty.channel.nio.NioEventLoop.run(NioEventLoop.java:458)
	at org.apache.ratis.thirdparty.io.netty.util.concurrent.SingleThreadEventExecutor$5.run(SingleThreadEventExecutor.java:897)
	at org.apache.ratis.thirdparty.io.netty.util.concurrent.FastThreadLocalRunnable.run(FastThreadLocalRunnable.java:30)
	... 1 more
Caused by: java.net.ConnectException: Connection refused
	... 11 more
2019-10-17 21:55:18,541 [d6dfcdd7-fc6e-4b51-b91e-b64503dadc5e@group-F967393F7C93-LeaderElection283] INFO  impl.LeaderElection (LogUtils.java:infoOrTrace(149)) - d6dfcdd7-fc6e-4b51-b91e-b64503dadc5e@group-F967393F7C93-LeaderElection283 got exception when requesting votes: {}
java.util.concurrent.ExecutionException: org.apache.ratis.thirdparty.io.grpc.StatusRuntimeException: UNAVAILABLE: io exception
	at java.util.concurrent.FutureTask.report(FutureTask.java:122)
	at java.util.concurrent.FutureTask.get(FutureTask.java:192)
	at org.apache.ratis.server.impl.LeaderElection.waitForResults(LeaderElection.java:259)
	at org.apache.ratis.server.impl.LeaderElection.askForVotes(LeaderElection.java:197)
	at org.apache.ratis.server.impl.LeaderElection.run(LeaderElection.java:133)
	at java.lang.Thread.run(Thread.java:748)
Caused by: org.apache.ratis.thirdparty.io.grpc.StatusRuntimeException: UNAVAILABLE: io exception
	at org.apache.ratis.thirdparty.io.grpc.stub.ClientCalls.toStatusRuntimeException(ClientCalls.java:233)
	at org.apache.ratis.thirdparty.io.grpc.stub.ClientCalls.getUnchecked(ClientCalls.java:214)
	at org.apache.ratis.thirdparty.io.grpc.stub.ClientCalls.blockingUnaryCall(ClientCalls.java:139)
	at org.apache.ratis.proto.grpc.RaftServerProtocolServiceGrpc$RaftServerProtocolServiceBlockingStub.requestVote(RaftServerProtocolServiceGrpc.java:265)
	at org.apache.ratis.grpc.server.GrpcServerProtocolClient.requestVote(GrpcServerProtocolClient.java:99)
	at org.apache.ratis.grpc.server.GrpcService.requestVote(GrpcService.java:204)
	at org.apache.ratis.server.impl.LeaderElection.lambda$submitRequests$1(LeaderElection.java:234)
	at java.util.concurrent.FutureTask.run(FutureTask.java:266)
	at java.util.concurrent.Executors$RunnableAdapter.call(Executors.java:511)
	at java.util.concurrent.FutureTask.run(FutureTask.java:266)
	at java.util.concurrent.ThreadPoolExecutor.runWorker(ThreadPoolExecutor.java:1149)
	at java.util.concurrent.ThreadPoolExecutor$Worker.run(ThreadPoolExecutor.java:624)
	... 1 more
Caused by: org.apache.ratis.thirdparty.io.netty.channel.AbstractChannel$AnnotatedConnectException: Connection refused: /192.168.157.223:42172
	at sun.nio.ch.SocketChannelImpl.checkConnect(Native Method)
	at sun.nio.ch.SocketChannelImpl.finishConnect(SocketChannelImpl.java:717)
	at org.apache.ratis.thirdparty.io.netty.channel.socket.nio.NioSocketChannel.doFinishConnect(NioSocketChannel.java:327)
	at org.apache.ratis.thirdparty.io.netty.channel.nio.AbstractNioChannel$AbstractNioUnsafe.finishConnect(AbstractNioChannel.java:340)
	at org.apache.ratis.thirdparty.io.netty.channel.nio.NioEventLoop.processSelectedKey(NioEventLoop.java:632)
	at org.apache.ratis.thirdparty.io.netty.channel.nio.NioEventLoop.processSelectedKeysOptimized(NioEventLoop.java:579)
	at org.apache.ratis.thirdparty.io.netty.channel.nio.NioEventLoop.processSelectedKeys(NioEventLoop.java:496)
	at org.apache.ratis.thirdparty.io.netty.channel.nio.NioEventLoop.run(NioEventLoop.java:458)
	at org.apache.ratis.thirdparty.io.netty.util.concurrent.SingleThreadEventExecutor$5.run(SingleThreadEventExecutor.java:897)
	at org.apache.ratis.thirdparty.io.netty.util.concurrent.FastThreadLocalRunnable.run(FastThreadLocalRunnable.java:30)
	... 1 more
Caused by: java.net.ConnectException: Connection refused
	... 11 more
2019-10-17 21:55:18,542 [d6dfcdd7-fc6e-4b51-b91e-b64503dadc5e@group-F967393F7C93-LeaderElection283] INFO  impl.LeaderElection (LeaderElection.java:logAndReturn(56)) - d6dfcdd7-fc6e-4b51-b91e-b64503dadc5e@group-F967393F7C93-LeaderElection283: Election REJECTED; received 0 response(s) [] and 2 exception(s); d6dfcdd7-fc6e-4b51-b91e-b64503dadc5e@group-F967393F7C93:t286, leader=null, voted=d6dfcdd7-fc6e-4b51-b91e-b64503dadc5e, raftlog=d6dfcdd7-fc6e-4b51-b91e-b64503dadc5e@group-F967393F7C93-SegmentedRaftLog:OPENED:c-1,f-1,i0, conf=-1: [08d4cbaa-ffed-4411-a5fd-c4a38026aead:192.168.157.223:33910, da15dfee-23f0-4dc4-ad77-c00156c49cfa:192.168.157.223:42172, d6dfcdd7-fc6e-4b51-b91e-b64503dadc5e:192.168.157.223:43575], old=null
2019-10-17 21:55:18,542 [d6dfcdd7-fc6e-4b51-b91e-b64503dadc5e@group-F967393F7C93-LeaderElection283] INFO  impl.LeaderElection (LogUtils.java:infoOrTrace(149)) -   Exception 0: {}
java.util.concurrent.ExecutionException: org.apache.ratis.thirdparty.io.grpc.StatusRuntimeException: UNAVAILABLE: io exception
	at java.util.concurrent.FutureTask.report(FutureTask.java:122)
	at java.util.concurrent.FutureTask.get(FutureTask.java:192)
	at org.apache.ratis.server.impl.LeaderElection.waitForResults(LeaderElection.java:259)
	at org.apache.ratis.server.impl.LeaderElection.askForVotes(LeaderElection.java:197)
	at org.apache.ratis.server.impl.LeaderElection.run(LeaderElection.java:133)
	at java.lang.Thread.run(Thread.java:748)
Caused by: org.apache.ratis.thirdparty.io.grpc.StatusRuntimeException: UNAVAILABLE: io exception
	at org.apache.ratis.thirdparty.io.grpc.stub.ClientCalls.toStatusRuntimeException(ClientCalls.java:233)
	at org.apache.ratis.thirdparty.io.grpc.stub.ClientCalls.getUnchecked(ClientCalls.java:214)
	at org.apache.ratis.thirdparty.io.grpc.stub.ClientCalls.blockingUnaryCall(ClientCalls.java:139)
	at org.apache.ratis.proto.grpc.RaftServerProtocolServiceGrpc$RaftServerProtocolServiceBlockingStub.requestVote(RaftServerProtocolServiceGrpc.java:265)
	at org.apache.ratis.grpc.server.GrpcServerProtocolClient.requestVote(GrpcServerProtocolClient.java:99)
	at org.apache.ratis.grpc.server.GrpcService.requestVote(GrpcService.java:204)
	at org.apache.ratis.server.impl.LeaderElection.lambda$submitRequests$1(LeaderElection.java:234)
	at java.util.concurrent.FutureTask.run(FutureTask.java:266)
	at java.util.concurrent.Executors$RunnableAdapter.call(Executors.java:511)
	at java.util.concurrent.FutureTask.run(FutureTask.java:266)
	at java.util.concurrent.ThreadPoolExecutor.runWorker(ThreadPoolExecutor.java:1149)
	at java.util.concurrent.ThreadPoolExecutor$Worker.run(ThreadPoolExecutor.java:624)
	... 1 more
Caused by: org.apache.ratis.thirdparty.io.netty.channel.AbstractChannel$AnnotatedConnectException: Connection refused: /192.168.157.223:33910
	at sun.nio.ch.SocketChannelImpl.checkConnect(Native Method)
	at sun.nio.ch.SocketChannelImpl.finishConnect(SocketChannelImpl.java:717)
	at org.apache.ratis.thirdparty.io.netty.channel.socket.nio.NioSocketChannel.doFinishConnect(NioSocketChannel.java:327)
	at org.apache.ratis.thirdparty.io.netty.channel.nio.AbstractNioChannel$AbstractNioUnsafe.finishConnect(AbstractNioChannel.java:340)
	at org.apache.ratis.thirdparty.io.netty.channel.nio.NioEventLoop.processSelectedKey(NioEventLoop.java:632)
	at org.apache.ratis.thirdparty.io.netty.channel.nio.NioEventLoop.processSelectedKeysOptimized(NioEventLoop.java:579)
	at org.apache.ratis.thirdparty.io.netty.channel.nio.NioEventLoop.processSelectedKeys(NioEventLoop.java:496)
	at org.apache.ratis.thirdparty.io.netty.channel.nio.NioEventLoop.run(NioEventLoop.java:458)
	at org.apache.ratis.thirdparty.io.netty.util.concurrent.SingleThreadEventExecutor$5.run(SingleThreadEventExecutor.java:897)
	at org.apache.ratis.thirdparty.io.netty.util.concurrent.FastThreadLocalRunnable.run(FastThreadLocalRunnable.java:30)
	... 1 more
Caused by: java.net.ConnectException: Connection refused
	... 11 more
2019-10-17 21:55:18,542 [d6dfcdd7-fc6e-4b51-b91e-b64503dadc5e@group-F967393F7C93-LeaderElection283] INFO  impl.LeaderElection (LogUtils.java:infoOrTrace(149)) -   Exception 1: {}
java.util.concurrent.ExecutionException: org.apache.ratis.thirdparty.io.grpc.StatusRuntimeException: UNAVAILABLE: io exception
	at java.util.concurrent.FutureTask.report(FutureTask.java:122)
	at java.util.concurrent.FutureTask.get(FutureTask.java:192)
	at org.apache.ratis.server.impl.LeaderElection.waitForResults(LeaderElection.java:259)
	at org.apache.ratis.server.impl.LeaderElection.askForVotes(LeaderElection.java:197)
	at org.apache.ratis.server.impl.LeaderElection.run(LeaderElection.java:133)
	at java.lang.Thread.run(Thread.java:748)
Caused by: org.apache.ratis.thirdparty.io.grpc.StatusRuntimeException: UNAVAILABLE: io exception
	at org.apache.ratis.thirdparty.io.grpc.stub.ClientCalls.toStatusRuntimeException(ClientCalls.java:233)
	at org.apache.ratis.thirdparty.io.grpc.stub.ClientCalls.getUnchecked(ClientCalls.java:214)
	at org.apache.ratis.thirdparty.io.grpc.stub.ClientCalls.blockingUnaryCall(ClientCalls.java:139)
	at org.apache.ratis.proto.grpc.RaftServerProtocolServiceGrpc$RaftServerProtocolServiceBlockingStub.requestVote(RaftServerProtocolServiceGrpc.java:265)
	at org.apache.ratis.grpc.server.GrpcServerProtocolClient.requestVote(GrpcServerProtocolClient.java:99)
	at org.apache.ratis.grpc.server.GrpcService.requestVote(GrpcService.java:204)
	at org.apache.ratis.server.impl.LeaderElection.lambda$submitRequests$1(LeaderElection.java:234)
	at java.util.concurrent.FutureTask.run(FutureTask.java:266)
	at java.util.concurrent.Executors$RunnableAdapter.call(Executors.java:511)
	at java.util.concurrent.FutureTask.run(FutureTask.java:266)
	at java.util.concurrent.ThreadPoolExecutor.runWorker(ThreadPoolExecutor.java:1149)
	at java.util.concurrent.ThreadPoolExecutor$Worker.run(ThreadPoolExecutor.java:624)
	... 1 more
Caused by: org.apache.ratis.thirdparty.io.netty.channel.AbstractChannel$AnnotatedConnectException: Connection refused: /192.168.157.223:42172
	at sun.nio.ch.SocketChannelImpl.checkConnect(Native Method)
	at sun.nio.ch.SocketChannelImpl.finishConnect(SocketChannelImpl.java:717)
	at org.apache.ratis.thirdparty.io.netty.channel.socket.nio.NioSocketChannel.doFinishConnect(NioSocketChannel.java:327)
	at org.apache.ratis.thirdparty.io.netty.channel.nio.AbstractNioChannel$AbstractNioUnsafe.finishConnect(AbstractNioChannel.java:340)
	at org.apache.ratis.thirdparty.io.netty.channel.nio.NioEventLoop.processSelectedKey(NioEventLoop.java:632)
	at org.apache.ratis.thirdparty.io.netty.channel.nio.NioEventLoop.processSelectedKeysOptimized(NioEventLoop.java:579)
	at org.apache.ratis.thirdparty.io.netty.channel.nio.NioEventLoop.processSelectedKeys(NioEventLoop.java:496)
	at org.apache.ratis.thirdparty.io.netty.channel.nio.NioEventLoop.run(NioEventLoop.java:458)
	at org.apache.ratis.thirdparty.io.netty.util.concurrent.SingleThreadEventExecutor$5.run(SingleThreadEventExecutor.java:897)
	at org.apache.ratis.thirdparty.io.netty.util.concurrent.FastThreadLocalRunnable.run(FastThreadLocalRunnable.java:30)
	... 1 more
Caused by: java.net.ConnectException: Connection refused
	... 11 more
2019-10-17 21:55:18,542 [d6dfcdd7-fc6e-4b51-b91e-b64503dadc5e@group-F967393F7C93-LeaderElection283] INFO  impl.RaftServerImpl (RaftServerImpl.java:setRole(184)) - d6dfcdd7-fc6e-4b51-b91e-b64503dadc5e@group-F967393F7C93: changes role from CANDIDATE to FOLLOWER at term 286 for DISCOVERED_A_NEW_TERM
2019-10-17 21:55:18,543 [d6dfcdd7-fc6e-4b51-b91e-b64503dadc5e@group-F967393F7C93-LeaderElection283] INFO  impl.RoleInfo (RoleInfo.java:shutdownLeaderElection(134)) - d6dfcdd7-fc6e-4b51-b91e-b64503dadc5e: shutdown LeaderElection
2019-10-17 21:55:18,543 [d6dfcdd7-fc6e-4b51-b91e-b64503dadc5e@group-F967393F7C93-LeaderElection283] INFO  impl.RoleInfo (RoleInfo.java:updateAndGet(143)) - d6dfcdd7-fc6e-4b51-b91e-b64503dadc5e: start FollowerState
2019-10-17 21:55:18,741 [Thread-2310] INFO  impl.FollowerState (FollowerState.java:run(108)) - d6dfcdd7-fc6e-4b51-b91e-b64503dadc5e@group-F967393F7C93-FollowerState: change to CANDIDATE, lastRpcTime:198ms, electionTimeout:198ms
2019-10-17 21:55:18,741 [Thread-2310] INFO  impl.RoleInfo (RoleInfo.java:shutdownFollowerState(121)) - d6dfcdd7-fc6e-4b51-b91e-b64503dadc5e: shutdown FollowerState
2019-10-17 21:55:18,742 [Thread-2310] INFO  impl.RaftServerImpl (RaftServerImpl.java:setRole(184)) - d6dfcdd7-fc6e-4b51-b91e-b64503dadc5e@group-F967393F7C93: changes role from  FOLLOWER to CANDIDATE at term 286 for changeToCandidate
2019-10-17 21:55:18,742 [Thread-2310] INFO  impl.RoleInfo (RoleInfo.java:updateAndGet(143)) - d6dfcdd7-fc6e-4b51-b91e-b64503dadc5e: start LeaderElection
2019-10-17 21:55:18,758 [d6dfcdd7-fc6e-4b51-b91e-b64503dadc5e@group-F967393F7C93-LeaderElection284] INFO  impl.LeaderElection (LeaderElection.java:askForVotes(178)) - d6dfcdd7-fc6e-4b51-b91e-b64503dadc5e@group-F967393F7C93-LeaderElection284: begin an election at term 287 for -1: [08d4cbaa-ffed-4411-a5fd-c4a38026aead:192.168.157.223:33910, da15dfee-23f0-4dc4-ad77-c00156c49cfa:192.168.157.223:42172, d6dfcdd7-fc6e-4b51-b91e-b64503dadc5e:192.168.157.223:43575], old=null
2019-10-17 21:55:18,759 [d6dfcdd7-fc6e-4b51-b91e-b64503dadc5e@group-F967393F7C93-LeaderElection284] INFO  impl.LeaderElection (LogUtils.java:infoOrTrace(149)) - d6dfcdd7-fc6e-4b51-b91e-b64503dadc5e@group-F967393F7C93-LeaderElection284 got exception when requesting votes: {}
java.util.concurrent.ExecutionException: org.apache.ratis.thirdparty.io.grpc.StatusRuntimeException: UNAVAILABLE: io exception
	at java.util.concurrent.FutureTask.report(FutureTask.java:122)
	at java.util.concurrent.FutureTask.get(FutureTask.java:192)
	at org.apache.ratis.server.impl.LeaderElection.waitForResults(LeaderElection.java:259)
	at org.apache.ratis.server.impl.LeaderElection.askForVotes(LeaderElection.java:197)
	at org.apache.ratis.server.impl.LeaderElection.run(LeaderElection.java:133)
	at java.lang.Thread.run(Thread.java:748)
Caused by: org.apache.ratis.thirdparty.io.grpc.StatusRuntimeException: UNAVAILABLE: io exception
	at org.apache.ratis.thirdparty.io.grpc.stub.ClientCalls.toStatusRuntimeException(ClientCalls.java:233)
	at org.apache.ratis.thirdparty.io.grpc.stub.ClientCalls.getUnchecked(ClientCalls.java:214)
	at org.apache.ratis.thirdparty.io.grpc.stub.ClientCalls.blockingUnaryCall(ClientCalls.java:139)
	at org.apache.ratis.proto.grpc.RaftServerProtocolServiceGrpc$RaftServerProtocolServiceBlockingStub.requestVote(RaftServerProtocolServiceGrpc.java:265)
	at org.apache.ratis.grpc.server.GrpcServerProtocolClient.requestVote(GrpcServerProtocolClient.java:99)
	at org.apache.ratis.grpc.server.GrpcService.requestVote(GrpcService.java:204)
	at org.apache.ratis.server.impl.LeaderElection.lambda$submitRequests$1(LeaderElection.java:234)
	at java.util.concurrent.FutureTask.run(FutureTask.java:266)
	at java.util.concurrent.Executors$RunnableAdapter.call(Executors.java:511)
	at java.util.concurrent.FutureTask.run(FutureTask.java:266)
	at java.util.concurrent.ThreadPoolExecutor.runWorker(ThreadPoolExecutor.java:1149)
	at java.util.concurrent.ThreadPoolExecutor$Worker.run(ThreadPoolExecutor.java:624)
	... 1 more
Caused by: org.apache.ratis.thirdparty.io.netty.channel.AbstractChannel$AnnotatedConnectException: Connection refused: /192.168.157.223:33910
	at sun.nio.ch.SocketChannelImpl.checkConnect(Native Method)
	at sun.nio.ch.SocketChannelImpl.finishConnect(SocketChannelImpl.java:717)
	at org.apache.ratis.thirdparty.io.netty.channel.socket.nio.NioSocketChannel.doFinishConnect(NioSocketChannel.java:327)
	at org.apache.ratis.thirdparty.io.netty.channel.nio.AbstractNioChannel$AbstractNioUnsafe.finishConnect(AbstractNioChannel.java:340)
	at org.apache.ratis.thirdparty.io.netty.channel.nio.NioEventLoop.processSelectedKey(NioEventLoop.java:632)
	at org.apache.ratis.thirdparty.io.netty.channel.nio.NioEventLoop.processSelectedKeysOptimized(NioEventLoop.java:579)
	at org.apache.ratis.thirdparty.io.netty.channel.nio.NioEventLoop.processSelectedKeys(NioEventLoop.java:496)
	at org.apache.ratis.thirdparty.io.netty.channel.nio.NioEventLoop.run(NioEventLoop.java:458)
	at org.apache.ratis.thirdparty.io.netty.util.concurrent.SingleThreadEventExecutor$5.run(SingleThreadEventExecutor.java:897)
	at org.apache.ratis.thirdparty.io.netty.util.concurrent.FastThreadLocalRunnable.run(FastThreadLocalRunnable.java:30)
	... 1 more
Caused by: java.net.ConnectException: Connection refused
	... 11 more
2019-10-17 21:55:18,759 [d6dfcdd7-fc6e-4b51-b91e-b64503dadc5e@group-F967393F7C93-LeaderElection284] INFO  impl.LeaderElection (LogUtils.java:infoOrTrace(149)) - d6dfcdd7-fc6e-4b51-b91e-b64503dadc5e@group-F967393F7C93-LeaderElection284 got exception when requesting votes: {}
java.util.concurrent.ExecutionException: org.apache.ratis.thirdparty.io.grpc.StatusRuntimeException: UNAVAILABLE: io exception
	at java.util.concurrent.FutureTask.report(FutureTask.java:122)
	at java.util.concurrent.FutureTask.get(FutureTask.java:192)
	at org.apache.ratis.server.impl.LeaderElection.waitForResults(LeaderElection.java:259)
	at org.apache.ratis.server.impl.LeaderElection.askForVotes(LeaderElection.java:197)
	at org.apache.ratis.server.impl.LeaderElection.run(LeaderElection.java:133)
	at java.lang.Thread.run(Thread.java:748)
Caused by: org.apache.ratis.thirdparty.io.grpc.StatusRuntimeException: UNAVAILABLE: io exception
	at org.apache.ratis.thirdparty.io.grpc.stub.ClientCalls.toStatusRuntimeException(ClientCalls.java:233)
	at org.apache.ratis.thirdparty.io.grpc.stub.ClientCalls.getUnchecked(ClientCalls.java:214)
	at org.apache.ratis.thirdparty.io.grpc.stub.ClientCalls.blockingUnaryCall(ClientCalls.java:139)
	at org.apache.ratis.proto.grpc.RaftServerProtocolServiceGrpc$RaftServerProtocolServiceBlockingStub.requestVote(RaftServerProtocolServiceGrpc.java:265)
	at org.apache.ratis.grpc.server.GrpcServerProtocolClient.requestVote(GrpcServerProtocolClient.java:99)
	at org.apache.ratis.grpc.server.GrpcService.requestVote(GrpcService.java:204)
	at org.apache.ratis.server.impl.LeaderElection.lambda$submitRequests$1(LeaderElection.java:234)
	at java.util.concurrent.FutureTask.run(FutureTask.java:266)
	at java.util.concurrent.Executors$RunnableAdapter.call(Executors.java:511)
	at java.util.concurrent.FutureTask.run(FutureTask.java:266)
	at java.util.concurrent.ThreadPoolExecutor.runWorker(ThreadPoolExecutor.java:1149)
	at java.util.concurrent.ThreadPoolExecutor$Worker.run(ThreadPoolExecutor.java:624)
	... 1 more
Caused by: org.apache.ratis.thirdparty.io.netty.channel.AbstractChannel$AnnotatedConnectException: Connection refused: /192.168.157.223:42172
	at sun.nio.ch.SocketChannelImpl.checkConnect(Native Method)
	at sun.nio.ch.SocketChannelImpl.finishConnect(SocketChannelImpl.java:717)
	at org.apache.ratis.thirdparty.io.netty.channel.socket.nio.NioSocketChannel.doFinishConnect(NioSocketChannel.java:327)
	at org.apache.ratis.thirdparty.io.netty.channel.nio.AbstractNioChannel$AbstractNioUnsafe.finishConnect(AbstractNioChannel.java:340)
	at org.apache.ratis.thirdparty.io.netty.channel.nio.NioEventLoop.processSelectedKey(NioEventLoop.java:632)
	at org.apache.ratis.thirdparty.io.netty.channel.nio.NioEventLoop.processSelectedKeysOptimized(NioEventLoop.java:579)
	at org.apache.ratis.thirdparty.io.netty.channel.nio.NioEventLoop.processSelectedKeys(NioEventLoop.java:496)
	at org.apache.ratis.thirdparty.io.netty.channel.nio.NioEventLoop.run(NioEventLoop.java:458)
	at org.apache.ratis.thirdparty.io.netty.util.concurrent.SingleThreadEventExecutor$5.run(SingleThreadEventExecutor.java:897)
	at org.apache.ratis.thirdparty.io.netty.util.concurrent.FastThreadLocalRunnable.run(FastThreadLocalRunnable.java:30)
	... 1 more
Caused by: java.net.ConnectException: Connection refused
	... 11 more
2019-10-17 21:55:18,759 [d6dfcdd7-fc6e-4b51-b91e-b64503dadc5e@group-F967393F7C93-LeaderElection284] INFO  impl.LeaderElection (LeaderElection.java:logAndReturn(56)) - d6dfcdd7-fc6e-4b51-b91e-b64503dadc5e@group-F967393F7C93-LeaderElection284: Election REJECTED; received 0 response(s) [] and 2 exception(s); d6dfcdd7-fc6e-4b51-b91e-b64503dadc5e@group-F967393F7C93:t287, leader=null, voted=d6dfcdd7-fc6e-4b51-b91e-b64503dadc5e, raftlog=d6dfcdd7-fc6e-4b51-b91e-b64503dadc5e@group-F967393F7C93-SegmentedRaftLog:OPENED:c-1,f-1,i0, conf=-1: [08d4cbaa-ffed-4411-a5fd-c4a38026aead:192.168.157.223:33910, da15dfee-23f0-4dc4-ad77-c00156c49cfa:192.168.157.223:42172, d6dfcdd7-fc6e-4b51-b91e-b64503dadc5e:192.168.157.223:43575], old=null
2019-10-17 21:55:18,759 [d6dfcdd7-fc6e-4b51-b91e-b64503dadc5e@group-F967393F7C93-LeaderElection284] INFO  impl.LeaderElection (LogUtils.java:infoOrTrace(149)) -   Exception 0: {}
java.util.concurrent.ExecutionException: org.apache.ratis.thirdparty.io.grpc.StatusRuntimeException: UNAVAILABLE: io exception
	at java.util.concurrent.FutureTask.report(FutureTask.java:122)
	at java.util.concurrent.FutureTask.get(FutureTask.java:192)
	at org.apache.ratis.server.impl.LeaderElection.waitForResults(LeaderElection.java:259)
	at org.apache.ratis.server.impl.LeaderElection.askForVotes(LeaderElection.java:197)
	at org.apache.ratis.server.impl.LeaderElection.run(LeaderElection.java:133)
	at java.lang.Thread.run(Thread.java:748)
Caused by: org.apache.ratis.thirdparty.io.grpc.StatusRuntimeException: UNAVAILABLE: io exception
	at org.apache.ratis.thirdparty.io.grpc.stub.ClientCalls.toStatusRuntimeException(ClientCalls.java:233)
	at org.apache.ratis.thirdparty.io.grpc.stub.ClientCalls.getUnchecked(ClientCalls.java:214)
	at org.apache.ratis.thirdparty.io.grpc.stub.ClientCalls.blockingUnaryCall(ClientCalls.java:139)
	at org.apache.ratis.proto.grpc.RaftServerProtocolServiceGrpc$RaftServerProtocolServiceBlockingStub.requestVote(RaftServerProtocolServiceGrpc.java:265)
	at org.apache.ratis.grpc.server.GrpcServerProtocolClient.requestVote(GrpcServerProtocolClient.java:99)
	at org.apache.ratis.grpc.server.GrpcService.requestVote(GrpcService.java:204)
	at org.apache.ratis.server.impl.LeaderElection.lambda$submitRequests$1(LeaderElection.java:234)
	at java.util.concurrent.FutureTask.run(FutureTask.java:266)
	at java.util.concurrent.Executors$RunnableAdapter.call(Executors.java:511)
	at java.util.concurrent.FutureTask.run(FutureTask.java:266)
	at java.util.concurrent.ThreadPoolExecutor.runWorker(ThreadPoolExecutor.java:1149)
	at java.util.concurrent.ThreadPoolExecutor$Worker.run(ThreadPoolExecutor.java:624)
	... 1 more
Caused by: org.apache.ratis.thirdparty.io.netty.channel.AbstractChannel$AnnotatedConnectException: Connection refused: /192.168.157.223:33910
	at sun.nio.ch.SocketChannelImpl.checkConnect(Native Method)
	at sun.nio.ch.SocketChannelImpl.finishConnect(SocketChannelImpl.java:717)
	at org.apache.ratis.thirdparty.io.netty.channel.socket.nio.NioSocketChannel.doFinishConnect(NioSocketChannel.java:327)
	at org.apache.ratis.thirdparty.io.netty.channel.nio.AbstractNioChannel$AbstractNioUnsafe.finishConnect(AbstractNioChannel.java:340)
	at org.apache.ratis.thirdparty.io.netty.channel.nio.NioEventLoop.processSelectedKey(NioEventLoop.java:632)
	at org.apache.ratis.thirdparty.io.netty.channel.nio.NioEventLoop.processSelectedKeysOptimized(NioEventLoop.java:579)
	at org.apache.ratis.thirdparty.io.netty.channel.nio.NioEventLoop.processSelectedKeys(NioEventLoop.java:496)
	at org.apache.ratis.thirdparty.io.netty.channel.nio.NioEventLoop.run(NioEventLoop.java:458)
	at org.apache.ratis.thirdparty.io.netty.util.concurrent.SingleThreadEventExecutor$5.run(SingleThreadEventExecutor.java:897)
	at org.apache.ratis.thirdparty.io.netty.util.concurrent.FastThreadLocalRunnable.run(FastThreadLocalRunnable.java:30)
	... 1 more
Caused by: java.net.ConnectException: Connection refused
	... 11 more
2019-10-17 21:55:18,760 [d6dfcdd7-fc6e-4b51-b91e-b64503dadc5e@group-F967393F7C93-LeaderElection284] INFO  impl.LeaderElection (LogUtils.java:infoOrTrace(149)) -   Exception 1: {}
java.util.concurrent.ExecutionException: org.apache.ratis.thirdparty.io.grpc.StatusRuntimeException: UNAVAILABLE: io exception
	at java.util.concurrent.FutureTask.report(FutureTask.java:122)
	at java.util.concurrent.FutureTask.get(FutureTask.java:192)
	at org.apache.ratis.server.impl.LeaderElection.waitForResults(LeaderElection.java:259)
	at org.apache.ratis.server.impl.LeaderElection.askForVotes(LeaderElection.java:197)
	at org.apache.ratis.server.impl.LeaderElection.run(LeaderElection.java:133)
	at java.lang.Thread.run(Thread.java:748)
Caused by: org.apache.ratis.thirdparty.io.grpc.StatusRuntimeException: UNAVAILABLE: io exception
	at org.apache.ratis.thirdparty.io.grpc.stub.ClientCalls.toStatusRuntimeException(ClientCalls.java:233)
	at org.apache.ratis.thirdparty.io.grpc.stub.ClientCalls.getUnchecked(ClientCalls.java:214)
	at org.apache.ratis.thirdparty.io.grpc.stub.ClientCalls.blockingUnaryCall(ClientCalls.java:139)
	at org.apache.ratis.proto.grpc.RaftServerProtocolServiceGrpc$RaftServerProtocolServiceBlockingStub.requestVote(RaftServerProtocolServiceGrpc.java:265)
	at org.apache.ratis.grpc.server.GrpcServerProtocolClient.requestVote(GrpcServerProtocolClient.java:99)
	at org.apache.ratis.grpc.server.GrpcService.requestVote(GrpcService.java:204)
	at org.apache.ratis.server.impl.LeaderElection.lambda$submitRequests$1(LeaderElection.java:234)
	at java.util.concurrent.FutureTask.run(FutureTask.java:266)
	at java.util.concurrent.Executors$RunnableAdapter.call(Executors.java:511)
	at java.util.concurrent.FutureTask.run(FutureTask.java:266)
	at java.util.concurrent.ThreadPoolExecutor.runWorker(ThreadPoolExecutor.java:1149)
	at java.util.concurrent.ThreadPoolExecutor$Worker.run(ThreadPoolExecutor.java:624)
	... 1 more
Caused by: org.apache.ratis.thirdparty.io.netty.channel.AbstractChannel$AnnotatedConnectException: Connection refused: /192.168.157.223:42172
	at sun.nio.ch.SocketChannelImpl.checkConnect(Native Method)
	at sun.nio.ch.SocketChannelImpl.finishConnect(SocketChannelImpl.java:717)
	at org.apache.ratis.thirdparty.io.netty.channel.socket.nio.NioSocketChannel.doFinishConnect(NioSocketChannel.java:327)
	at org.apache.ratis.thirdparty.io.netty.channel.nio.AbstractNioChannel$AbstractNioUnsafe.finishConnect(AbstractNioChannel.java:340)
	at org.apache.ratis.thirdparty.io.netty.channel.nio.NioEventLoop.processSelectedKey(NioEventLoop.java:632)
	at org.apache.ratis.thirdparty.io.netty.channel.nio.NioEventLoop.processSelectedKeysOptimized(NioEventLoop.java:579)
	at org.apache.ratis.thirdparty.io.netty.channel.nio.NioEventLoop.processSelectedKeys(NioEventLoop.java:496)
	at org.apache.ratis.thirdparty.io.netty.channel.nio.NioEventLoop.run(NioEventLoop.java:458)
	at org.apache.ratis.thirdparty.io.netty.util.concurrent.SingleThreadEventExecutor$5.run(SingleThreadEventExecutor.java:897)
	at org.apache.ratis.thirdparty.io.netty.util.concurrent.FastThreadLocalRunnable.run(FastThreadLocalRunnable.java:30)
	... 1 more
Caused by: java.net.ConnectException: Connection refused
	... 11 more
2019-10-17 21:55:18,760 [d6dfcdd7-fc6e-4b51-b91e-b64503dadc5e@group-F967393F7C93-LeaderElection284] INFO  impl.RaftServerImpl (RaftServerImpl.java:setRole(184)) - d6dfcdd7-fc6e-4b51-b91e-b64503dadc5e@group-F967393F7C93: changes role from CANDIDATE to FOLLOWER at term 287 for DISCOVERED_A_NEW_TERM
2019-10-17 21:55:18,760 [d6dfcdd7-fc6e-4b51-b91e-b64503dadc5e@group-F967393F7C93-LeaderElection284] INFO  impl.RoleInfo (RoleInfo.java:shutdownLeaderElection(134)) - d6dfcdd7-fc6e-4b51-b91e-b64503dadc5e: shutdown LeaderElection
2019-10-17 21:55:18,760 [d6dfcdd7-fc6e-4b51-b91e-b64503dadc5e@group-F967393F7C93-LeaderElection284] INFO  impl.RoleInfo (RoleInfo.java:updateAndGet(143)) - d6dfcdd7-fc6e-4b51-b91e-b64503dadc5e: start FollowerState
2019-10-17 21:55:18,786 [java.util.concurrent.ThreadPoolExecutor$Worker@71aa17a1[State = -1, empty queue]] WARN  server.GrpcLogAppender (GrpcLogAppender.java:timeoutAppendRequest(209)) - de567563-d0dd-4cf2-91b7-f72627909699@group-3097D7458558->db0af43e-c62e-4c1d-affa-ffdb4faae2f8-GrpcLogAppender: appendEntries Timeout, request=de567563-d0dd-4cf2-91b7-f72627909699->db0af43e-c62e-4c1d-affa-ffdb4faae2f8#67-t10, previous=(t:10, i:4), leaderCommit=4, initializing? false, entries: <empty>
2019-10-17 21:55:18,837 [Thread-2314] INFO  impl.FollowerState (FollowerState.java:run(108)) - d6dfcdd7-fc6e-4b51-b91e-b64503dadc5e@group-F967393F7C93-FollowerState: change to CANDIDATE, lastRpcTime:76ms, electionTimeout:76ms
2019-10-17 21:55:18,837 [Thread-2314] INFO  impl.RoleInfo (RoleInfo.java:shutdownFollowerState(121)) - d6dfcdd7-fc6e-4b51-b91e-b64503dadc5e: shutdown FollowerState
2019-10-17 21:55:18,837 [Thread-2314] INFO  impl.RaftServerImpl (RaftServerImpl.java:setRole(184)) - d6dfcdd7-fc6e-4b51-b91e-b64503dadc5e@group-F967393F7C93: changes role from  FOLLOWER to CANDIDATE at term 287 for changeToCandidate
2019-10-17 21:55:18,837 [Thread-2314] INFO  impl.RoleInfo (RoleInfo.java:updateAndGet(143)) - d6dfcdd7-fc6e-4b51-b91e-b64503dadc5e: start LeaderElection
2019-10-17 21:55:18,849 [java.util.concurrent.ThreadPoolExecutor$Worker@52cb9ce4[State = -1, empty queue]] WARN  server.GrpcLogAppender (GrpcLogAppender.java:timeoutAppendRequest(209)) - de567563-d0dd-4cf2-91b7-f72627909699@group-3097D7458558->92c37ee0-6a4e-44d1-b217-daba3b24c095-GrpcLogAppender: appendEntries Timeout, request=de567563-d0dd-4cf2-91b7-f72627909699->92c37ee0-6a4e-44d1-b217-daba3b24c095#67-t10, previous=(t:10, i:4), leaderCommit=4, initializing? false, entries: <empty>
2019-10-17 21:55:18,850 [d6dfcdd7-fc6e-4b51-b91e-b64503dadc5e@group-F967393F7C93-LeaderElection285] INFO  impl.LeaderElection (LeaderElection.java:askForVotes(178)) - d6dfcdd7-fc6e-4b51-b91e-b64503dadc5e@group-F967393F7C93-LeaderElection285: begin an election at term 288 for -1: [08d4cbaa-ffed-4411-a5fd-c4a38026aead:192.168.157.223:33910, da15dfee-23f0-4dc4-ad77-c00156c49cfa:192.168.157.223:42172, d6dfcdd7-fc6e-4b51-b91e-b64503dadc5e:192.168.157.223:43575], old=null
2019-10-17 21:55:18,851 [d6dfcdd7-fc6e-4b51-b91e-b64503dadc5e@group-F967393F7C93-LeaderElection285] INFO  impl.LeaderElection (LogUtils.java:infoOrTrace(149)) - d6dfcdd7-fc6e-4b51-b91e-b64503dadc5e@group-F967393F7C93-LeaderElection285 got exception when requesting votes: {}
java.util.concurrent.ExecutionException: org.apache.ratis.thirdparty.io.grpc.StatusRuntimeException: UNAVAILABLE: io exception
	at java.util.concurrent.FutureTask.report(FutureTask.java:122)
	at java.util.concurrent.FutureTask.get(FutureTask.java:192)
	at org.apache.ratis.server.impl.LeaderElection.waitForResults(LeaderElection.java:259)
	at org.apache.ratis.server.impl.LeaderElection.askForVotes(LeaderElection.java:197)
	at org.apache.ratis.server.impl.LeaderElection.run(LeaderElection.java:133)
	at java.lang.Thread.run(Thread.java:748)
Caused by: org.apache.ratis.thirdparty.io.grpc.StatusRuntimeException: UNAVAILABLE: io exception
	at org.apache.ratis.thirdparty.io.grpc.stub.ClientCalls.toStatusRuntimeException(ClientCalls.java:233)
	at org.apache.ratis.thirdparty.io.grpc.stub.ClientCalls.getUnchecked(ClientCalls.java:214)
	at org.apache.ratis.thirdparty.io.grpc.stub.ClientCalls.blockingUnaryCall(ClientCalls.java:139)
	at org.apache.ratis.proto.grpc.RaftServerProtocolServiceGrpc$RaftServerProtocolServiceBlockingStub.requestVote(RaftServerProtocolServiceGrpc.java:265)
	at org.apache.ratis.grpc.server.GrpcServerProtocolClient.requestVote(GrpcServerProtocolClient.java:99)
	at org.apache.ratis.grpc.server.GrpcService.requestVote(GrpcService.java:204)
	at org.apache.ratis.server.impl.LeaderElection.lambda$submitRequests$1(LeaderElection.java:234)
	at java.util.concurrent.FutureTask.run(FutureTask.java:266)
	at java.util.concurrent.Executors$RunnableAdapter.call(Executors.java:511)
	at java.util.concurrent.FutureTask.run(FutureTask.java:266)
	at java.util.concurrent.ThreadPoolExecutor.runWorker(ThreadPoolExecutor.java:1149)
	at java.util.concurrent.ThreadPoolExecutor$Worker.run(ThreadPoolExecutor.java:624)
	... 1 more
Caused by: org.apache.ratis.thirdparty.io.netty.channel.AbstractChannel$AnnotatedConnectException: Connection refused: /192.168.157.223:33910
	at sun.nio.ch.SocketChannelImpl.checkConnect(Native Method)
	at sun.nio.ch.SocketChannelImpl.finishConnect(SocketChannelImpl.java:717)
	at org.apache.ratis.thirdparty.io.netty.channel.socket.nio.NioSocketChannel.doFinishConnect(NioSocketChannel.java:327)
	at org.apache.ratis.thirdparty.io.netty.channel.nio.AbstractNioChannel$AbstractNioUnsafe.finishConnect(AbstractNioChannel.java:340)
	at org.apache.ratis.thirdparty.io.netty.channel.nio.NioEventLoop.processSelectedKey(NioEventLoop.java:632)
	at org.apache.ratis.thirdparty.io.netty.channel.nio.NioEventLoop.processSelectedKeysOptimized(NioEventLoop.java:579)
	at org.apache.ratis.thirdparty.io.netty.channel.nio.NioEventLoop.processSelectedKeys(NioEventLoop.java:496)
	at org.apache.ratis.thirdparty.io.netty.channel.nio.NioEventLoop.run(NioEventLoop.java:458)
	at org.apache.ratis.thirdparty.io.netty.util.concurrent.SingleThreadEventExecutor$5.run(SingleThreadEventExecutor.java:897)
	at org.apache.ratis.thirdparty.io.netty.util.concurrent.FastThreadLocalRunnable.run(FastThreadLocalRunnable.java:30)
	... 1 more
Caused by: java.net.ConnectException: Connection refused
	... 11 more
2019-10-17 21:55:18,851 [d6dfcdd7-fc6e-4b51-b91e-b64503dadc5e@group-F967393F7C93-LeaderElection285] INFO  impl.LeaderElection (LogUtils.java:infoOrTrace(149)) - d6dfcdd7-fc6e-4b51-b91e-b64503dadc5e@group-F967393F7C93-LeaderElection285 got exception when requesting votes: {}
java.util.concurrent.ExecutionException: org.apache.ratis.thirdparty.io.grpc.StatusRuntimeException: UNAVAILABLE: io exception
	at java.util.concurrent.FutureTask.report(FutureTask.java:122)
	at java.util.concurrent.FutureTask.get(FutureTask.java:192)
	at org.apache.ratis.server.impl.LeaderElection.waitForResults(LeaderElection.java:259)
	at org.apache.ratis.server.impl.LeaderElection.askForVotes(LeaderElection.java:197)
	at org.apache.ratis.server.impl.LeaderElection.run(LeaderElection.java:133)
	at java.lang.Thread.run(Thread.java:748)
Caused by: org.apache.ratis.thirdparty.io.grpc.StatusRuntimeException: UNAVAILABLE: io exception
	at org.apache.ratis.thirdparty.io.grpc.stub.ClientCalls.toStatusRuntimeException(ClientCalls.java:233)
	at org.apache.ratis.thirdparty.io.grpc.stub.ClientCalls.getUnchecked(ClientCalls.java:214)
	at org.apache.ratis.thirdparty.io.grpc.stub.ClientCalls.blockingUnaryCall(ClientCalls.java:139)
	at org.apache.ratis.proto.grpc.RaftServerProtocolServiceGrpc$RaftServerProtocolServiceBlockingStub.requestVote(RaftServerProtocolServiceGrpc.java:265)
	at org.apache.ratis.grpc.server.GrpcServerProtocolClient.requestVote(GrpcServerProtocolClient.java:99)
	at org.apache.ratis.grpc.server.GrpcService.requestVote(GrpcService.java:204)
	at org.apache.ratis.server.impl.LeaderElection.lambda$submitRequests$1(LeaderElection.java:234)
	at java.util.concurrent.FutureTask.run(FutureTask.java:266)
	at java.util.concurrent.Executors$RunnableAdapter.call(Executors.java:511)
	at java.util.concurrent.FutureTask.run(FutureTask.java:266)
	at java.util.concurrent.ThreadPoolExecutor.runWorker(ThreadPoolExecutor.java:1149)
	at java.util.concurrent.ThreadPoolExecutor$Worker.run(ThreadPoolExecutor.java:624)
	... 1 more
Caused by: org.apache.ratis.thirdparty.io.netty.channel.AbstractChannel$AnnotatedConnectException: Connection refused: /192.168.157.223:42172
	at sun.nio.ch.SocketChannelImpl.checkConnect(Native Method)
	at sun.nio.ch.SocketChannelImpl.finishConnect(SocketChannelImpl.java:717)
	at org.apache.ratis.thirdparty.io.netty.channel.socket.nio.NioSocketChannel.doFinishConnect(NioSocketChannel.java:327)
	at org.apache.ratis.thirdparty.io.netty.channel.nio.AbstractNioChannel$AbstractNioUnsafe.finishConnect(AbstractNioChannel.java:340)
	at org.apache.ratis.thirdparty.io.netty.channel.nio.NioEventLoop.processSelectedKey(NioEventLoop.java:632)
	at org.apache.ratis.thirdparty.io.netty.channel.nio.NioEventLoop.processSelectedKeysOptimized(NioEventLoop.java:579)
	at org.apache.ratis.thirdparty.io.netty.channel.nio.NioEventLoop.processSelectedKeys(NioEventLoop.java:496)
	at org.apache.ratis.thirdparty.io.netty.channel.nio.NioEventLoop.run(NioEventLoop.java:458)
	at org.apache.ratis.thirdparty.io.netty.util.concurrent.SingleThreadEventExecutor$5.run(SingleThreadEventExecutor.java:897)
	at org.apache.ratis.thirdparty.io.netty.util.concurrent.FastThreadLocalRunnable.run(FastThreadLocalRunnable.java:30)
	... 1 more
Caused by: java.net.ConnectException: Connection refused
	... 11 more
2019-10-17 21:55:18,852 [d6dfcdd7-fc6e-4b51-b91e-b64503dadc5e@group-F967393F7C93-LeaderElection285] INFO  impl.LeaderElection (LeaderElection.java:logAndReturn(56)) - d6dfcdd7-fc6e-4b51-b91e-b64503dadc5e@group-F967393F7C93-LeaderElection285: Election REJECTED; received 0 response(s) [] and 2 exception(s); d6dfcdd7-fc6e-4b51-b91e-b64503dadc5e@group-F967393F7C93:t288, leader=null, voted=d6dfcdd7-fc6e-4b51-b91e-b64503dadc5e, raftlog=d6dfcdd7-fc6e-4b51-b91e-b64503dadc5e@group-F967393F7C93-SegmentedRaftLog:OPENED:c-1,f-1,i0, conf=-1: [08d4cbaa-ffed-4411-a5fd-c4a38026aead:192.168.157.223:33910, da15dfee-23f0-4dc4-ad77-c00156c49cfa:192.168.157.223:42172, d6dfcdd7-fc6e-4b51-b91e-b64503dadc5e:192.168.157.223:43575], old=null
2019-10-17 21:55:18,852 [d6dfcdd7-fc6e-4b51-b91e-b64503dadc5e@group-F967393F7C93-LeaderElection285] INFO  impl.LeaderElection (LogUtils.java:infoOrTrace(149)) -   Exception 0: {}
java.util.concurrent.ExecutionException: org.apache.ratis.thirdparty.io.grpc.StatusRuntimeException: UNAVAILABLE: io exception
	at java.util.concurrent.FutureTask.report(FutureTask.java:122)
	at java.util.concurrent.FutureTask.get(FutureTask.java:192)
	at org.apache.ratis.server.impl.LeaderElection.waitForResults(LeaderElection.java:259)
	at org.apache.ratis.server.impl.LeaderElection.askForVotes(LeaderElection.java:197)
	at org.apache.ratis.server.impl.LeaderElection.run(LeaderElection.java:133)
	at java.lang.Thread.run(Thread.java:748)
Caused by: org.apache.ratis.thirdparty.io.grpc.StatusRuntimeException: UNAVAILABLE: io exception
	at org.apache.ratis.thirdparty.io.grpc.stub.ClientCalls.toStatusRuntimeException(ClientCalls.java:233)
	at org.apache.ratis.thirdparty.io.grpc.stub.ClientCalls.getUnchecked(ClientCalls.java:214)
	at org.apache.ratis.thirdparty.io.grpc.stub.ClientCalls.blockingUnaryCall(ClientCalls.java:139)
	at org.apache.ratis.proto.grpc.RaftServerProtocolServiceGrpc$RaftServerProtocolServiceBlockingStub.requestVote(RaftServerProtocolServiceGrpc.java:265)
	at org.apache.ratis.grpc.server.GrpcServerProtocolClient.requestVote(GrpcServerProtocolClient.java:99)
	at org.apache.ratis.grpc.server.GrpcService.requestVote(GrpcService.java:204)
	at org.apache.ratis.server.impl.LeaderElection.lambda$submitRequests$1(LeaderElection.java:234)
	at java.util.concurrent.FutureTask.run(FutureTask.java:266)
	at java.util.concurrent.Executors$RunnableAdapter.call(Executors.java:511)
	at java.util.concurrent.FutureTask.run(FutureTask.java:266)
	at java.util.concurrent.ThreadPoolExecutor.runWorker(ThreadPoolExecutor.java:1149)
	at java.util.concurrent.ThreadPoolExecutor$Worker.run(ThreadPoolExecutor.java:624)
	... 1 more
Caused by: org.apache.ratis.thirdparty.io.netty.channel.AbstractChannel$AnnotatedConnectException: Connection refused: /192.168.157.223:33910
	at sun.nio.ch.SocketChannelImpl.checkConnect(Native Method)
	at sun.nio.ch.SocketChannelImpl.finishConnect(SocketChannelImpl.java:717)
	at org.apache.ratis.thirdparty.io.netty.channel.socket.nio.NioSocketChannel.doFinishConnect(NioSocketChannel.java:327)
	at org.apache.ratis.thirdparty.io.netty.channel.nio.AbstractNioChannel$AbstractNioUnsafe.finishConnect(AbstractNioChannel.java:340)
	at org.apache.ratis.thirdparty.io.netty.channel.nio.NioEventLoop.processSelectedKey(NioEventLoop.java:632)
	at org.apache.ratis.thirdparty.io.netty.channel.nio.NioEventLoop.processSelectedKeysOptimized(NioEventLoop.java:579)
	at org.apache.ratis.thirdparty.io.netty.channel.nio.NioEventLoop.processSelectedKeys(NioEventLoop.java:496)
	at org.apache.ratis.thirdparty.io.netty.channel.nio.NioEventLoop.run(NioEventLoop.java:458)
	at org.apache.ratis.thirdparty.io.netty.util.concurrent.SingleThreadEventExecutor$5.run(SingleThreadEventExecutor.java:897)
	at org.apache.ratis.thirdparty.io.netty.util.concurrent.FastThreadLocalRunnable.run(FastThreadLocalRunnable.java:30)
	... 1 more
Caused by: java.net.ConnectException: Connection refused
	... 11 more
2019-10-17 21:55:18,852 [d6dfcdd7-fc6e-4b51-b91e-b64503dadc5e@group-F967393F7C93-LeaderElection285] INFO  impl.LeaderElection (LogUtils.java:infoOrTrace(149)) -   Exception 1: {}
java.util.concurrent.ExecutionException: org.apache.ratis.thirdparty.io.grpc.StatusRuntimeException: UNAVAILABLE: io exception
	at java.util.concurrent.FutureTask.report(FutureTask.java:122)
	at java.util.concurrent.FutureTask.get(FutureTask.java:192)
	at org.apache.ratis.server.impl.LeaderElection.waitForResults(LeaderElection.java:259)
	at org.apache.ratis.server.impl.LeaderElection.askForVotes(LeaderElection.java:197)
	at org.apache.ratis.server.impl.LeaderElection.run(LeaderElection.java:133)
	at java.lang.Thread.run(Thread.java:748)
Caused by: org.apache.ratis.thirdparty.io.grpc.StatusRuntimeException: UNAVAILABLE: io exception
	at org.apache.ratis.thirdparty.io.grpc.stub.ClientCalls.toStatusRuntimeException(ClientCalls.java:233)
	at org.apache.ratis.thirdparty.io.grpc.stub.ClientCalls.getUnchecked(ClientCalls.java:214)
	at org.apache.ratis.thirdparty.io.grpc.stub.ClientCalls.blockingUnaryCall(ClientCalls.java:139)
	at org.apache.ratis.proto.grpc.RaftServerProtocolServiceGrpc$RaftServerProtocolServiceBlockingStub.requestVote(RaftServerProtocolServiceGrpc.java:265)
	at org.apache.ratis.grpc.server.GrpcServerProtocolClient.requestVote(GrpcServerProtocolClient.java:99)
	at org.apache.ratis.grpc.server.GrpcService.requestVote(GrpcService.java:204)
	at org.apache.ratis.server.impl.LeaderElection.lambda$submitRequests$1(LeaderElection.java:234)
	at java.util.concurrent.FutureTask.run(FutureTask.java:266)
	at java.util.concurrent.Executors$RunnableAdapter.call(Executors.java:511)
	at java.util.concurrent.FutureTask.run(FutureTask.java:266)
	at java.util.concurrent.ThreadPoolExecutor.runWorker(ThreadPoolExecutor.java:1149)
	at java.util.concurrent.ThreadPoolExecutor$Worker.run(ThreadPoolExecutor.java:624)
	... 1 more
Caused by: org.apache.ratis.thirdparty.io.netty.channel.AbstractChannel$AnnotatedConnectException: Connection refused: /192.168.157.223:42172
	at sun.nio.ch.SocketChannelImpl.checkConnect(Native Method)
	at sun.nio.ch.SocketChannelImpl.finishConnect(SocketChannelImpl.java:717)
	at org.apache.ratis.thirdparty.io.netty.channel.socket.nio.NioSocketChannel.doFinishConnect(NioSocketChannel.java:327)
	at org.apache.ratis.thirdparty.io.netty.channel.nio.AbstractNioChannel$AbstractNioUnsafe.finishConnect(AbstractNioChannel.java:340)
	at org.apache.ratis.thirdparty.io.netty.channel.nio.NioEventLoop.processSelectedKey(NioEventLoop.java:632)
	at org.apache.ratis.thirdparty.io.netty.channel.nio.NioEventLoop.processSelectedKeysOptimized(NioEventLoop.java:579)
	at org.apache.ratis.thirdparty.io.netty.channel.nio.NioEventLoop.processSelectedKeys(NioEventLoop.java:496)
	at org.apache.ratis.thirdparty.io.netty.channel.nio.NioEventLoop.run(NioEventLoop.java:458)
	at org.apache.ratis.thirdparty.io.netty.util.concurrent.SingleThreadEventExecutor$5.run(SingleThreadEventExecutor.java:897)
	at org.apache.ratis.thirdparty.io.netty.util.concurrent.FastThreadLocalRunnable.run(FastThreadLocalRunnable.java:30)
	... 1 more
Caused by: java.net.ConnectException: Connection refused
	... 11 more
2019-10-17 21:55:18,852 [d6dfcdd7-fc6e-4b51-b91e-b64503dadc5e@group-F967393F7C93-LeaderElection285] INFO  impl.RaftServerImpl (RaftServerImpl.java:setRole(184)) - d6dfcdd7-fc6e-4b51-b91e-b64503dadc5e@group-F967393F7C93: changes role from CANDIDATE to FOLLOWER at term 288 for DISCOVERED_A_NEW_TERM
2019-10-17 21:55:18,853 [d6dfcdd7-fc6e-4b51-b91e-b64503dadc5e@group-F967393F7C93-LeaderElection285] INFO  impl.RoleInfo (RoleInfo.java:shutdownLeaderElection(134)) - d6dfcdd7-fc6e-4b51-b91e-b64503dadc5e: shutdown LeaderElection
2019-10-17 21:55:18,853 [d6dfcdd7-fc6e-4b51-b91e-b64503dadc5e@group-F967393F7C93-LeaderElection285] INFO  impl.RoleInfo (RoleInfo.java:updateAndGet(143)) - d6dfcdd7-fc6e-4b51-b91e-b64503dadc5e: start FollowerState
2019-10-17 21:55:18,862 [Thread-2318] INFO  impl.FollowerState (FollowerState.java:run(108)) - d6dfcdd7-fc6e-4b51-b91e-b64503dadc5e@group-F967393F7C93-FollowerState: change to CANDIDATE, lastRpcTime:9ms, electionTimeout:9ms
2019-10-17 21:55:18,862 [Thread-2318] INFO  impl.RoleInfo (RoleInfo.java:shutdownFollowerState(121)) - d6dfcdd7-fc6e-4b51-b91e-b64503dadc5e: shutdown FollowerState
2019-10-17 21:55:18,862 [Thread-2318] INFO  impl.RaftServerImpl (RaftServerImpl.java:setRole(184)) - d6dfcdd7-fc6e-4b51-b91e-b64503dadc5e@group-F967393F7C93: changes role from  FOLLOWER to CANDIDATE at term 288 for changeToCandidate
2019-10-17 21:55:18,862 [Thread-2318] INFO  impl.RoleInfo (RoleInfo.java:updateAndGet(143)) - d6dfcdd7-fc6e-4b51-b91e-b64503dadc5e: start LeaderElection
2019-10-17 21:55:18,875 [d6dfcdd7-fc6e-4b51-b91e-b64503dadc5e@group-F967393F7C93-LeaderElection286] INFO  impl.LeaderElection (LeaderElection.java:askForVotes(178)) - d6dfcdd7-fc6e-4b51-b91e-b64503dadc5e@group-F967393F7C93-LeaderElection286: begin an election at term 289 for -1: [08d4cbaa-ffed-4411-a5fd-c4a38026aead:192.168.157.223:33910, da15dfee-23f0-4dc4-ad77-c00156c49cfa:192.168.157.223:42172, d6dfcdd7-fc6e-4b51-b91e-b64503dadc5e:192.168.157.223:43575], old=null
2019-10-17 21:55:18,876 [d6dfcdd7-fc6e-4b51-b91e-b64503dadc5e@group-F967393F7C93-LeaderElection286] INFO  impl.LeaderElection (LogUtils.java:infoOrTrace(149)) - d6dfcdd7-fc6e-4b51-b91e-b64503dadc5e@group-F967393F7C93-LeaderElection286 got exception when requesting votes: {}
java.util.concurrent.ExecutionException: org.apache.ratis.thirdparty.io.grpc.StatusRuntimeException: UNAVAILABLE: io exception
	at java.util.concurrent.FutureTask.report(FutureTask.java:122)
	at java.util.concurrent.FutureTask.get(FutureTask.java:192)
	at org.apache.ratis.server.impl.LeaderElection.waitForResults(LeaderElection.java:259)
	at org.apache.ratis.server.impl.LeaderElection.askForVotes(LeaderElection.java:197)
	at org.apache.ratis.server.impl.LeaderElection.run(LeaderElection.java:133)
	at java.lang.Thread.run(Thread.java:748)
Caused by: org.apache.ratis.thirdparty.io.grpc.StatusRuntimeException: UNAVAILABLE: io exception
	at org.apache.ratis.thirdparty.io.grpc.stub.ClientCalls.toStatusRuntimeException(ClientCalls.java:233)
	at org.apache.ratis.thirdparty.io.grpc.stub.ClientCalls.getUnchecked(ClientCalls.java:214)
	at org.apache.ratis.thirdparty.io.grpc.stub.ClientCalls.blockingUnaryCall(ClientCalls.java:139)
	at org.apache.ratis.proto.grpc.RaftServerProtocolServiceGrpc$RaftServerProtocolServiceBlockingStub.requestVote(RaftServerProtocolServiceGrpc.java:265)
	at org.apache.ratis.grpc.server.GrpcServerProtocolClient.requestVote(GrpcServerProtocolClient.java:99)
	at org.apache.ratis.grpc.server.GrpcService.requestVote(GrpcService.java:204)
	at org.apache.ratis.server.impl.LeaderElection.lambda$submitRequests$1(LeaderElection.java:234)
	at java.util.concurrent.FutureTask.run(FutureTask.java:266)
	at java.util.concurrent.Executors$RunnableAdapter.call(Executors.java:511)
	at java.util.concurrent.FutureTask.run(FutureTask.java:266)
	at java.util.concurrent.ThreadPoolExecutor.runWorker(ThreadPoolExecutor.java:1149)
	at java.util.concurrent.ThreadPoolExecutor$Worker.run(ThreadPoolExecutor.java:624)
	... 1 more
Caused by: org.apache.ratis.thirdparty.io.netty.channel.AbstractChannel$AnnotatedConnectException: Connection refused: /192.168.157.223:33910
	at sun.nio.ch.SocketChannelImpl.checkConnect(Native Method)
	at sun.nio.ch.SocketChannelImpl.finishConnect(SocketChannelImpl.java:717)
	at org.apache.ratis.thirdparty.io.netty.channel.socket.nio.NioSocketChannel.doFinishConnect(NioSocketChannel.java:327)
	at org.apache.ratis.thirdparty.io.netty.channel.nio.AbstractNioChannel$AbstractNioUnsafe.finishConnect(AbstractNioChannel.java:340)
	at org.apache.ratis.thirdparty.io.netty.channel.nio.NioEventLoop.processSelectedKey(NioEventLoop.java:632)
	at org.apache.ratis.thirdparty.io.netty.channel.nio.NioEventLoop.processSelectedKeysOptimized(NioEventLoop.java:579)
	at org.apache.ratis.thirdparty.io.netty.channel.nio.NioEventLoop.processSelectedKeys(NioEventLoop.java:496)
	at org.apache.ratis.thirdparty.io.netty.channel.nio.NioEventLoop.run(NioEventLoop.java:458)
	at org.apache.ratis.thirdparty.io.netty.util.concurrent.SingleThreadEventExecutor$5.run(SingleThreadEventExecutor.java:897)
	at org.apache.ratis.thirdparty.io.netty.util.concurrent.FastThreadLocalRunnable.run(FastThreadLocalRunnable.java:30)
	... 1 more
Caused by: java.net.ConnectException: Connection refused
	... 11 more
2019-10-17 21:55:18,876 [d6dfcdd7-fc6e-4b51-b91e-b64503dadc5e@group-F967393F7C93-LeaderElection286] INFO  impl.LeaderElection (LogUtils.java:infoOrTrace(149)) - d6dfcdd7-fc6e-4b51-b91e-b64503dadc5e@group-F967393F7C93-LeaderElection286 got exception when requesting votes: {}
java.util.concurrent.ExecutionException: org.apache.ratis.thirdparty.io.grpc.StatusRuntimeException: UNAVAILABLE: io exception
	at java.util.concurrent.FutureTask.report(FutureTask.java:122)
	at java.util.concurrent.FutureTask.get(FutureTask.java:192)
	at org.apache.ratis.server.impl.LeaderElection.waitForResults(LeaderElection.java:259)
	at org.apache.ratis.server.impl.LeaderElection.askForVotes(LeaderElection.java:197)
	at org.apache.ratis.server.impl.LeaderElection.run(LeaderElection.java:133)
	at java.lang.Thread.run(Thread.java:748)
Caused by: org.apache.ratis.thirdparty.io.grpc.StatusRuntimeException: UNAVAILABLE: io exception
	at org.apache.ratis.thirdparty.io.grpc.stub.ClientCalls.toStatusRuntimeException(ClientCalls.java:233)
	at org.apache.ratis.thirdparty.io.grpc.stub.ClientCalls.getUnchecked(ClientCalls.java:214)
	at org.apache.ratis.thirdparty.io.grpc.stub.ClientCalls.blockingUnaryCall(ClientCalls.java:139)
	at org.apache.ratis.proto.grpc.RaftServerProtocolServiceGrpc$RaftServerProtocolServiceBlockingStub.requestVote(RaftServerProtocolServiceGrpc.java:265)
	at org.apache.ratis.grpc.server.GrpcServerProtocolClient.requestVote(GrpcServerProtocolClient.java:99)
	at org.apache.ratis.grpc.server.GrpcService.requestVote(GrpcService.java:204)
	at org.apache.ratis.server.impl.LeaderElection.lambda$submitRequests$1(LeaderElection.java:234)
	at java.util.concurrent.FutureTask.run(FutureTask.java:266)
	at java.util.concurrent.Executors$RunnableAdapter.call(Executors.java:511)
	at java.util.concurrent.FutureTask.run(FutureTask.java:266)
	at java.util.concurrent.ThreadPoolExecutor.runWorker(ThreadPoolExecutor.java:1149)
	at java.util.concurrent.ThreadPoolExecutor$Worker.run(ThreadPoolExecutor.java:624)
	... 1 more
Caused by: org.apache.ratis.thirdparty.io.netty.channel.AbstractChannel$AnnotatedConnectException: Connection refused: /192.168.157.223:42172
	at sun.nio.ch.SocketChannelImpl.checkConnect(Native Method)
	at sun.nio.ch.SocketChannelImpl.finishConnect(SocketChannelImpl.java:717)
	at org.apache.ratis.thirdparty.io.netty.channel.socket.nio.NioSocketChannel.doFinishConnect(NioSocketChannel.java:327)
	at org.apache.ratis.thirdparty.io.netty.channel.nio.AbstractNioChannel$AbstractNioUnsafe.finishConnect(AbstractNioChannel.java:340)
	at org.apache.ratis.thirdparty.io.netty.channel.nio.NioEventLoop.processSelectedKey(NioEventLoop.java:632)
	at org.apache.ratis.thirdparty.io.netty.channel.nio.NioEventLoop.processSelectedKeysOptimized(NioEventLoop.java:579)
	at org.apache.ratis.thirdparty.io.netty.channel.nio.NioEventLoop.processSelectedKeys(NioEventLoop.java:496)
	at org.apache.ratis.thirdparty.io.netty.channel.nio.NioEventLoop.run(NioEventLoop.java:458)
	at org.apache.ratis.thirdparty.io.netty.util.concurrent.SingleThreadEventExecutor$5.run(SingleThreadEventExecutor.java:897)
	at org.apache.ratis.thirdparty.io.netty.util.concurrent.FastThreadLocalRunnable.run(FastThreadLocalRunnable.java:30)
	... 1 more
Caused by: java.net.ConnectException: Connection refused
	... 11 more
2019-10-17 21:55:18,877 [d6dfcdd7-fc6e-4b51-b91e-b64503dadc5e@group-F967393F7C93-LeaderElection286] INFO  impl.LeaderElection (LeaderElection.java:logAndReturn(56)) - d6dfcdd7-fc6e-4b51-b91e-b64503dadc5e@group-F967393F7C93-LeaderElection286: Election REJECTED; received 0 response(s) [] and 2 exception(s); d6dfcdd7-fc6e-4b51-b91e-b64503dadc5e@group-F967393F7C93:t289, leader=null, voted=d6dfcdd7-fc6e-4b51-b91e-b64503dadc5e, raftlog=d6dfcdd7-fc6e-4b51-b91e-b64503dadc5e@group-F967393F7C93-SegmentedRaftLog:OPENED:c-1,f-1,i0, conf=-1: [08d4cbaa-ffed-4411-a5fd-c4a38026aead:192.168.157.223:33910, da15dfee-23f0-4dc4-ad77-c00156c49cfa:192.168.157.223:42172, d6dfcdd7-fc6e-4b51-b91e-b64503dadc5e:192.168.157.223:43575], old=null
2019-10-17 21:55:18,877 [d6dfcdd7-fc6e-4b51-b91e-b64503dadc5e@group-F967393F7C93-LeaderElection286] INFO  impl.LeaderElection (LogUtils.java:infoOrTrace(149)) -   Exception 0: {}
java.util.concurrent.ExecutionException: org.apache.ratis.thirdparty.io.grpc.StatusRuntimeException: UNAVAILABLE: io exception
	at java.util.concurrent.FutureTask.report(FutureTask.java:122)
	at java.util.concurrent.FutureTask.get(FutureTask.java:192)
	at org.apache.ratis.server.impl.LeaderElection.waitForResults(LeaderElection.java:259)
	at org.apache.ratis.server.impl.LeaderElection.askForVotes(LeaderElection.java:197)
	at org.apache.ratis.server.impl.LeaderElection.run(LeaderElection.java:133)
	at java.lang.Thread.run(Thread.java:748)
Caused by: org.apache.ratis.thirdparty.io.grpc.StatusRuntimeException: UNAVAILABLE: io exception
	at org.apache.ratis.thirdparty.io.grpc.stub.ClientCalls.toStatusRuntimeException(ClientCalls.java:233)
	at org.apache.ratis.thirdparty.io.grpc.stub.ClientCalls.getUnchecked(ClientCalls.java:214)
	at org.apache.ratis.thirdparty.io.grpc.stub.ClientCalls.blockingUnaryCall(ClientCalls.java:139)
	at org.apache.ratis.proto.grpc.RaftServerProtocolServiceGrpc$RaftServerProtocolServiceBlockingStub.requestVote(RaftServerProtocolServiceGrpc.java:265)
	at org.apache.ratis.grpc.server.GrpcServerProtocolClient.requestVote(GrpcServerProtocolClient.java:99)
	at org.apache.ratis.grpc.server.GrpcService.requestVote(GrpcService.java:204)
	at org.apache.ratis.server.impl.LeaderElection.lambda$submitRequests$1(LeaderElection.java:234)
	at java.util.concurrent.FutureTask.run(FutureTask.java:266)
	at java.util.concurrent.Executors$RunnableAdapter.call(Executors.java:511)
	at java.util.concurrent.FutureTask.run(FutureTask.java:266)
	at java.util.concurrent.ThreadPoolExecutor.runWorker(ThreadPoolExecutor.java:1149)
	at java.util.concurrent.ThreadPoolExecutor$Worker.run(ThreadPoolExecutor.java:624)
	... 1 more
Caused by: org.apache.ratis.thirdparty.io.netty.channel.AbstractChannel$AnnotatedConnectException: Connection refused: /192.168.157.223:33910
	at sun.nio.ch.SocketChannelImpl.checkConnect(Native Method)
	at sun.nio.ch.SocketChannelImpl.finishConnect(SocketChannelImpl.java:717)
	at org.apache.ratis.thirdparty.io.netty.channel.socket.nio.NioSocketChannel.doFinishConnect(NioSocketChannel.java:327)
	at org.apache.ratis.thirdparty.io.netty.channel.nio.AbstractNioChannel$AbstractNioUnsafe.finishConnect(AbstractNioChannel.java:340)
	at org.apache.ratis.thirdparty.io.netty.channel.nio.NioEventLoop.processSelectedKey(NioEventLoop.java:632)
	at org.apache.ratis.thirdparty.io.netty.channel.nio.NioEventLoop.processSelectedKeysOptimized(NioEventLoop.java:579)
	at org.apache.ratis.thirdparty.io.netty.channel.nio.NioEventLoop.processSelectedKeys(NioEventLoop.java:496)
	at org.apache.ratis.thirdparty.io.netty.channel.nio.NioEventLoop.run(NioEventLoop.java:458)
	at org.apache.ratis.thirdparty.io.netty.util.concurrent.SingleThreadEventExecutor$5.run(SingleThreadEventExecutor.java:897)
	at org.apache.ratis.thirdparty.io.netty.util.concurrent.FastThreadLocalRunnable.run(FastThreadLocalRunnable.java:30)
	... 1 more
Caused by: java.net.ConnectException: Connection refused
	... 11 more
2019-10-17 21:55:18,877 [d6dfcdd7-fc6e-4b51-b91e-b64503dadc5e@group-F967393F7C93-LeaderElection286] INFO  impl.LeaderElection (LogUtils.java:infoOrTrace(149)) -   Exception 1: {}
java.util.concurrent.ExecutionException: org.apache.ratis.thirdparty.io.grpc.StatusRuntimeException: UNAVAILABLE: io exception
	at java.util.concurrent.FutureTask.report(FutureTask.java:122)
	at java.util.concurrent.FutureTask.get(FutureTask.java:192)
	at org.apache.ratis.server.impl.LeaderElection.waitForResults(LeaderElection.java:259)
	at org.apache.ratis.server.impl.LeaderElection.askForVotes(LeaderElection.java:197)
	at org.apache.ratis.server.impl.LeaderElection.run(LeaderElection.java:133)
	at java.lang.Thread.run(Thread.java:748)
Caused by: org.apache.ratis.thirdparty.io.grpc.StatusRuntimeException: UNAVAILABLE: io exception
	at org.apache.ratis.thirdparty.io.grpc.stub.ClientCalls.toStatusRuntimeException(ClientCalls.java:233)
	at org.apache.ratis.thirdparty.io.grpc.stub.ClientCalls.getUnchecked(ClientCalls.java:214)
	at org.apache.ratis.thirdparty.io.grpc.stub.ClientCalls.blockingUnaryCall(ClientCalls.java:139)
	at org.apache.ratis.proto.grpc.RaftServerProtocolServiceGrpc$RaftServerProtocolServiceBlockingStub.requestVote(RaftServerProtocolServiceGrpc.java:265)
	at org.apache.ratis.grpc.server.GrpcServerProtocolClient.requestVote(GrpcServerProtocolClient.java:99)
	at org.apache.ratis.grpc.server.GrpcService.requestVote(GrpcService.java:204)
	at org.apache.ratis.server.impl.LeaderElection.lambda$submitRequests$1(LeaderElection.java:234)
	at java.util.concurrent.FutureTask.run(FutureTask.java:266)
	at java.util.concurrent.Executors$RunnableAdapter.call(Executors.java:511)
	at java.util.concurrent.FutureTask.run(FutureTask.java:266)
	at java.util.concurrent.ThreadPoolExecutor.runWorker(ThreadPoolExecutor.java:1149)
	at java.util.concurrent.ThreadPoolExecutor$Worker.run(ThreadPoolExecutor.java:624)
	... 1 more
Caused by: org.apache.ratis.thirdparty.io.netty.channel.AbstractChannel$AnnotatedConnectException: Connection refused: /192.168.157.223:42172
	at sun.nio.ch.SocketChannelImpl.checkConnect(Native Method)
	at sun.nio.ch.SocketChannelImpl.finishConnect(SocketChannelImpl.java:717)
	at org.apache.ratis.thirdparty.io.netty.channel.socket.nio.NioSocketChannel.doFinishConnect(NioSocketChannel.java:327)
	at org.apache.ratis.thirdparty.io.netty.channel.nio.AbstractNioChannel$AbstractNioUnsafe.finishConnect(AbstractNioChannel.java:340)
	at org.apache.ratis.thirdparty.io.netty.channel.nio.NioEventLoop.processSelectedKey(NioEventLoop.java:632)
	at org.apache.ratis.thirdparty.io.netty.channel.nio.NioEventLoop.processSelectedKeysOptimized(NioEventLoop.java:579)
	at org.apache.ratis.thirdparty.io.netty.channel.nio.NioEventLoop.processSelectedKeys(NioEventLoop.java:496)
	at org.apache.ratis.thirdparty.io.netty.channel.nio.NioEventLoop.run(NioEventLoop.java:458)
	at org.apache.ratis.thirdparty.io.netty.util.concurrent.SingleThreadEventExecutor$5.run(SingleThreadEventExecutor.java:897)
	at org.apache.ratis.thirdparty.io.netty.util.concurrent.FastThreadLocalRunnable.run(FastThreadLocalRunnable.java:30)
	... 1 more
Caused by: java.net.ConnectException: Connection refused
	... 11 more
2019-10-17 21:55:18,877 [d6dfcdd7-fc6e-4b51-b91e-b64503dadc5e@group-F967393F7C93-LeaderElection286] INFO  impl.RaftServerImpl (RaftServerImpl.java:setRole(184)) - d6dfcdd7-fc6e-4b51-b91e-b64503dadc5e@group-F967393F7C93: changes role from CANDIDATE to FOLLOWER at term 289 for DISCOVERED_A_NEW_TERM
2019-10-17 21:55:18,877 [d6dfcdd7-fc6e-4b51-b91e-b64503dadc5e@group-F967393F7C93-LeaderElection286] INFO  impl.RoleInfo (RoleInfo.java:shutdownLeaderElection(134)) - d6dfcdd7-fc6e-4b51-b91e-b64503dadc5e: shutdown LeaderElection
2019-10-17 21:55:18,877 [d6dfcdd7-fc6e-4b51-b91e-b64503dadc5e@group-F967393F7C93-LeaderElection286] INFO  impl.RoleInfo (RoleInfo.java:updateAndGet(143)) - d6dfcdd7-fc6e-4b51-b91e-b64503dadc5e: start FollowerState
2019-10-17 21:55:18,974 [Thread-2322] INFO  impl.FollowerState (FollowerState.java:run(108)) - d6dfcdd7-fc6e-4b51-b91e-b64503dadc5e@group-F967393F7C93-FollowerState: change to CANDIDATE, lastRpcTime:96ms, electionTimeout:96ms
2019-10-17 21:55:18,974 [Thread-2322] INFO  impl.RoleInfo (RoleInfo.java:shutdownFollowerState(121)) - d6dfcdd7-fc6e-4b51-b91e-b64503dadc5e: shutdown FollowerState
2019-10-17 21:55:18,974 [Thread-2322] INFO  impl.RaftServerImpl (RaftServerImpl.java:setRole(184)) - d6dfcdd7-fc6e-4b51-b91e-b64503dadc5e@group-F967393F7C93: changes role from  FOLLOWER to CANDIDATE at term 289 for changeToCandidate
2019-10-17 21:55:18,974 [Thread-2322] INFO  impl.RoleInfo (RoleInfo.java:updateAndGet(143)) - d6dfcdd7-fc6e-4b51-b91e-b64503dadc5e: start LeaderElection
2019-10-17 21:55:18,989 [d6dfcdd7-fc6e-4b51-b91e-b64503dadc5e@group-F967393F7C93-LeaderElection287] INFO  impl.LeaderElection (LeaderElection.java:askForVotes(178)) - d6dfcdd7-fc6e-4b51-b91e-b64503dadc5e@group-F967393F7C93-LeaderElection287: begin an election at term 290 for -1: [08d4cbaa-ffed-4411-a5fd-c4a38026aead:192.168.157.223:33910, da15dfee-23f0-4dc4-ad77-c00156c49cfa:192.168.157.223:42172, d6dfcdd7-fc6e-4b51-b91e-b64503dadc5e:192.168.157.223:43575], old=null
2019-10-17 21:55:18,990 [d6dfcdd7-fc6e-4b51-b91e-b64503dadc5e@group-F967393F7C93-LeaderElection287] INFO  impl.LeaderElection (LogUtils.java:infoOrTrace(149)) - d6dfcdd7-fc6e-4b51-b91e-b64503dadc5e@group-F967393F7C93-LeaderElection287 got exception when requesting votes: {}
java.util.concurrent.ExecutionException: org.apache.ratis.thirdparty.io.grpc.StatusRuntimeException: UNAVAILABLE: io exception
	at java.util.concurrent.FutureTask.report(FutureTask.java:122)
	at java.util.concurrent.FutureTask.get(FutureTask.java:192)
	at org.apache.ratis.server.impl.LeaderElection.waitForResults(LeaderElection.java:259)
	at org.apache.ratis.server.impl.LeaderElection.askForVotes(LeaderElection.java:197)
	at org.apache.ratis.server.impl.LeaderElection.run(LeaderElection.java:133)
	at java.lang.Thread.run(Thread.java:748)
Caused by: org.apache.ratis.thirdparty.io.grpc.StatusRuntimeException: UNAVAILABLE: io exception
	at org.apache.ratis.thirdparty.io.grpc.stub.ClientCalls.toStatusRuntimeException(ClientCalls.java:233)
	at org.apache.ratis.thirdparty.io.grpc.stub.ClientCalls.getUnchecked(ClientCalls.java:214)
	at org.apache.ratis.thirdparty.io.grpc.stub.ClientCalls.blockingUnaryCall(ClientCalls.java:139)
	at org.apache.ratis.proto.grpc.RaftServerProtocolServiceGrpc$RaftServerProtocolServiceBlockingStub.requestVote(RaftServerProtocolServiceGrpc.java:265)
	at org.apache.ratis.grpc.server.GrpcServerProtocolClient.requestVote(GrpcServerProtocolClient.java:99)
	at org.apache.ratis.grpc.server.GrpcService.requestVote(GrpcService.java:204)
	at org.apache.ratis.server.impl.LeaderElection.lambda$submitRequests$1(LeaderElection.java:234)
	at java.util.concurrent.FutureTask.run(FutureTask.java:266)
	at java.util.concurrent.Executors$RunnableAdapter.call(Executors.java:511)
	at java.util.concurrent.FutureTask.run(FutureTask.java:266)
	at java.util.concurrent.ThreadPoolExecutor.runWorker(ThreadPoolExecutor.java:1149)
	at java.util.concurrent.ThreadPoolExecutor$Worker.run(ThreadPoolExecutor.java:624)
	... 1 more
Caused by: org.apache.ratis.thirdparty.io.netty.channel.AbstractChannel$AnnotatedConnectException: Connection refused: /192.168.157.223:42172
	at sun.nio.ch.SocketChannelImpl.checkConnect(Native Method)
	at sun.nio.ch.SocketChannelImpl.finishConnect(SocketChannelImpl.java:717)
	at org.apache.ratis.thirdparty.io.netty.channel.socket.nio.NioSocketChannel.doFinishConnect(NioSocketChannel.java:327)
	at org.apache.ratis.thirdparty.io.netty.channel.nio.AbstractNioChannel$AbstractNioUnsafe.finishConnect(AbstractNioChannel.java:340)
	at org.apache.ratis.thirdparty.io.netty.channel.nio.NioEventLoop.processSelectedKey(NioEventLoop.java:632)
	at org.apache.ratis.thirdparty.io.netty.channel.nio.NioEventLoop.processSelectedKeysOptimized(NioEventLoop.java:579)
	at org.apache.ratis.thirdparty.io.netty.channel.nio.NioEventLoop.processSelectedKeys(NioEventLoop.java:496)
	at org.apache.ratis.thirdparty.io.netty.channel.nio.NioEventLoop.run(NioEventLoop.java:458)
	at org.apache.ratis.thirdparty.io.netty.util.concurrent.SingleThreadEventExecutor$5.run(SingleThreadEventExecutor.java:897)
	at org.apache.ratis.thirdparty.io.netty.util.concurrent.FastThreadLocalRunnable.run(FastThreadLocalRunnable.java:30)
	... 1 more
Caused by: java.net.ConnectException: Connection refused
	... 11 more
2019-10-17 21:55:18,990 [d6dfcdd7-fc6e-4b51-b91e-b64503dadc5e@group-F967393F7C93-LeaderElection287] INFO  impl.LeaderElection (LogUtils.java:infoOrTrace(149)) - d6dfcdd7-fc6e-4b51-b91e-b64503dadc5e@group-F967393F7C93-LeaderElection287 got exception when requesting votes: {}
java.util.concurrent.ExecutionException: org.apache.ratis.thirdparty.io.grpc.StatusRuntimeException: UNAVAILABLE: io exception
	at java.util.concurrent.FutureTask.report(FutureTask.java:122)
	at java.util.concurrent.FutureTask.get(FutureTask.java:192)
	at org.apache.ratis.server.impl.LeaderElection.waitForResults(LeaderElection.java:259)
	at org.apache.ratis.server.impl.LeaderElection.askForVotes(LeaderElection.java:197)
	at org.apache.ratis.server.impl.LeaderElection.run(LeaderElection.java:133)
	at java.lang.Thread.run(Thread.java:748)
Caused by: org.apache.ratis.thirdparty.io.grpc.StatusRuntimeException: UNAVAILABLE: io exception
	at org.apache.ratis.thirdparty.io.grpc.stub.ClientCalls.toStatusRuntimeException(ClientCalls.java:233)
	at org.apache.ratis.thirdparty.io.grpc.stub.ClientCalls.getUnchecked(ClientCalls.java:214)
	at org.apache.ratis.thirdparty.io.grpc.stub.ClientCalls.blockingUnaryCall(ClientCalls.java:139)
	at org.apache.ratis.proto.grpc.RaftServerProtocolServiceGrpc$RaftServerProtocolServiceBlockingStub.requestVote(RaftServerProtocolServiceGrpc.java:265)
	at org.apache.ratis.grpc.server.GrpcServerProtocolClient.requestVote(GrpcServerProtocolClient.java:99)
	at org.apache.ratis.grpc.server.GrpcService.requestVote(GrpcService.java:204)
	at org.apache.ratis.server.impl.LeaderElection.lambda$submitRequests$1(LeaderElection.java:234)
	at java.util.concurrent.FutureTask.run(FutureTask.java:266)
	at java.util.concurrent.Executors$RunnableAdapter.call(Executors.java:511)
	at java.util.concurrent.FutureTask.run(FutureTask.java:266)
	at java.util.concurrent.ThreadPoolExecutor.runWorker(ThreadPoolExecutor.java:1149)
	at java.util.concurrent.ThreadPoolExecutor$Worker.run(ThreadPoolExecutor.java:624)
	... 1 more
Caused by: org.apache.ratis.thirdparty.io.netty.channel.AbstractChannel$AnnotatedConnectException: Connection refused: /192.168.157.223:33910
	at sun.nio.ch.SocketChannelImpl.checkConnect(Native Method)
	at sun.nio.ch.SocketChannelImpl.finishConnect(SocketChannelImpl.java:717)
	at org.apache.ratis.thirdparty.io.netty.channel.socket.nio.NioSocketChannel.doFinishConnect(NioSocketChannel.java:327)
	at org.apache.ratis.thirdparty.io.netty.channel.nio.AbstractNioChannel$AbstractNioUnsafe.finishConnect(AbstractNioChannel.java:340)
	at org.apache.ratis.thirdparty.io.netty.channel.nio.NioEventLoop.processSelectedKey(NioEventLoop.java:632)
	at org.apache.ratis.thirdparty.io.netty.channel.nio.NioEventLoop.processSelectedKeysOptimized(NioEventLoop.java:579)
	at org.apache.ratis.thirdparty.io.netty.channel.nio.NioEventLoop.processSelectedKeys(NioEventLoop.java:496)
	at org.apache.ratis.thirdparty.io.netty.channel.nio.NioEventLoop.run(NioEventLoop.java:458)
	at org.apache.ratis.thirdparty.io.netty.util.concurrent.SingleThreadEventExecutor$5.run(SingleThreadEventExecutor.java:897)
	at org.apache.ratis.thirdparty.io.netty.util.concurrent.FastThreadLocalRunnable.run(FastThreadLocalRunnable.java:30)
	... 1 more
Caused by: java.net.ConnectException: Connection refused
	... 11 more
2019-10-17 21:55:18,991 [d6dfcdd7-fc6e-4b51-b91e-b64503dadc5e@group-F967393F7C93-LeaderElection287] INFO  impl.LeaderElection (LeaderElection.java:logAndReturn(56)) - d6dfcdd7-fc6e-4b51-b91e-b64503dadc5e@group-F967393F7C93-LeaderElection287: Election REJECTED; received 0 response(s) [] and 2 exception(s); d6dfcdd7-fc6e-4b51-b91e-b64503dadc5e@group-F967393F7C93:t290, leader=null, voted=d6dfcdd7-fc6e-4b51-b91e-b64503dadc5e, raftlog=d6dfcdd7-fc6e-4b51-b91e-b64503dadc5e@group-F967393F7C93-SegmentedRaftLog:OPENED:c-1,f-1,i0, conf=-1: [08d4cbaa-ffed-4411-a5fd-c4a38026aead:192.168.157.223:33910, da15dfee-23f0-4dc4-ad77-c00156c49cfa:192.168.157.223:42172, d6dfcdd7-fc6e-4b51-b91e-b64503dadc5e:192.168.157.223:43575], old=null
2019-10-17 21:55:18,991 [d6dfcdd7-fc6e-4b51-b91e-b64503dadc5e@group-F967393F7C93-LeaderElection287] INFO  impl.LeaderElection (LogUtils.java:infoOrTrace(149)) -   Exception 0: {}
java.util.concurrent.ExecutionException: org.apache.ratis.thirdparty.io.grpc.StatusRuntimeException: UNAVAILABLE: io exception
	at java.util.concurrent.FutureTask.report(FutureTask.java:122)
	at java.util.concurrent.FutureTask.get(FutureTask.java:192)
	at org.apache.ratis.server.impl.LeaderElection.waitForResults(LeaderElection.java:259)
	at org.apache.ratis.server.impl.LeaderElection.askForVotes(LeaderElection.java:197)
	at org.apache.ratis.server.impl.LeaderElection.run(LeaderElection.java:133)
	at java.lang.Thread.run(Thread.java:748)
Caused by: org.apache.ratis.thirdparty.io.grpc.StatusRuntimeException: UNAVAILABLE: io exception
	at org.apache.ratis.thirdparty.io.grpc.stub.ClientCalls.toStatusRuntimeException(ClientCalls.java:233)
	at org.apache.ratis.thirdparty.io.grpc.stub.ClientCalls.getUnchecked(ClientCalls.java:214)
	at org.apache.ratis.thirdparty.io.grpc.stub.ClientCalls.blockingUnaryCall(ClientCalls.java:139)
	at org.apache.ratis.proto.grpc.RaftServerProtocolServiceGrpc$RaftServerProtocolServiceBlockingStub.requestVote(RaftServerProtocolServiceGrpc.java:265)
	at org.apache.ratis.grpc.server.GrpcServerProtocolClient.requestVote(GrpcServerProtocolClient.java:99)
	at org.apache.ratis.grpc.server.GrpcService.requestVote(GrpcService.java:204)
	at org.apache.ratis.server.impl.LeaderElection.lambda$submitRequests$1(LeaderElection.java:234)
	at java.util.concurrent.FutureTask.run(FutureTask.java:266)
	at java.util.concurrent.Executors$RunnableAdapter.call(Executors.java:511)
	at java.util.concurrent.FutureTask.run(FutureTask.java:266)
	at java.util.concurrent.ThreadPoolExecutor.runWorker(ThreadPoolExecutor.java:1149)
	at java.util.concurrent.ThreadPoolExecutor$Worker.run(ThreadPoolExecutor.java:624)
	... 1 more
Caused by: org.apache.ratis.thirdparty.io.netty.channel.AbstractChannel$AnnotatedConnectException: Connection refused: /192.168.157.223:42172
	at sun.nio.ch.SocketChannelImpl.checkConnect(Native Method)
	at sun.nio.ch.SocketChannelImpl.finishConnect(SocketChannelImpl.java:717)
	at org.apache.ratis.thirdparty.io.netty.channel.socket.nio.NioSocketChannel.doFinishConnect(NioSocketChannel.java:327)
	at org.apache.ratis.thirdparty.io.netty.channel.nio.AbstractNioChannel$AbstractNioUnsafe.finishConnect(AbstractNioChannel.java:340)
	at org.apache.ratis.thirdparty.io.netty.channel.nio.NioEventLoop.processSelectedKey(NioEventLoop.java:632)
	at org.apache.ratis.thirdparty.io.netty.channel.nio.NioEventLoop.processSelectedKeysOptimized(NioEventLoop.java:579)
	at org.apache.ratis.thirdparty.io.netty.channel.nio.NioEventLoop.processSelectedKeys(NioEventLoop.java:496)
	at org.apache.ratis.thirdparty.io.netty.channel.nio.NioEventLoop.run(NioEventLoop.java:458)
	at org.apache.ratis.thirdparty.io.netty.util.concurrent.SingleThreadEventExecutor$5.run(SingleThreadEventExecutor.java:897)
	at org.apache.ratis.thirdparty.io.netty.util.concurrent.FastThreadLocalRunnable.run(FastThreadLocalRunnable.java:30)
	... 1 more
Caused by: java.net.ConnectException: Connection refused
	... 11 more
2019-10-17 21:55:18,991 [d6dfcdd7-fc6e-4b51-b91e-b64503dadc5e@group-F967393F7C93-LeaderElection287] INFO  impl.LeaderElection (LogUtils.java:infoOrTrace(149)) -   Exception 1: {}
java.util.concurrent.ExecutionException: org.apache.ratis.thirdparty.io.grpc.StatusRuntimeException: UNAVAILABLE: io exception
	at java.util.concurrent.FutureTask.report(FutureTask.java:122)
	at java.util.concurrent.FutureTask.get(FutureTask.java:192)
	at org.apache.ratis.server.impl.LeaderElection.waitForResults(LeaderElection.java:259)
	at org.apache.ratis.server.impl.LeaderElection.askForVotes(LeaderElection.java:197)
	at org.apache.ratis.server.impl.LeaderElection.run(LeaderElection.java:133)
	at java.lang.Thread.run(Thread.java:748)
Caused by: org.apache.ratis.thirdparty.io.grpc.StatusRuntimeException: UNAVAILABLE: io exception
	at org.apache.ratis.thirdparty.io.grpc.stub.ClientCalls.toStatusRuntimeException(ClientCalls.java:233)
	at org.apache.ratis.thirdparty.io.grpc.stub.ClientCalls.getUnchecked(ClientCalls.java:214)
	at org.apache.ratis.thirdparty.io.grpc.stub.ClientCalls.blockingUnaryCall(ClientCalls.java:139)
	at org.apache.ratis.proto.grpc.RaftServerProtocolServiceGrpc$RaftServerProtocolServiceBlockingStub.requestVote(RaftServerProtocolServiceGrpc.java:265)
	at org.apache.ratis.grpc.server.GrpcServerProtocolClient.requestVote(GrpcServerProtocolClient.java:99)
	at org.apache.ratis.grpc.server.GrpcService.requestVote(GrpcService.java:204)
	at org.apache.ratis.server.impl.LeaderElection.lambda$submitRequests$1(LeaderElection.java:234)
	at java.util.concurrent.FutureTask.run(FutureTask.java:266)
	at java.util.concurrent.Executors$RunnableAdapter.call(Executors.java:511)
	at java.util.concurrent.FutureTask.run(FutureTask.java:266)
	at java.util.concurrent.ThreadPoolExecutor.runWorker(ThreadPoolExecutor.java:1149)
	at java.util.concurrent.ThreadPoolExecutor$Worker.run(ThreadPoolExecutor.java:624)
	... 1 more
Caused by: org.apache.ratis.thirdparty.io.netty.channel.AbstractChannel$AnnotatedConnectException: Connection refused: /192.168.157.223:33910
	at sun.nio.ch.SocketChannelImpl.checkConnect(Native Method)
	at sun.nio.ch.SocketChannelImpl.finishConnect(SocketChannelImpl.java:717)
	at org.apache.ratis.thirdparty.io.netty.channel.socket.nio.NioSocketChannel.doFinishConnect(NioSocketChannel.java:327)
	at org.apache.ratis.thirdparty.io.netty.channel.nio.AbstractNioChannel$AbstractNioUnsafe.finishConnect(AbstractNioChannel.java:340)
	at org.apache.ratis.thirdparty.io.netty.channel.nio.NioEventLoop.processSelectedKey(NioEventLoop.java:632)
	at org.apache.ratis.thirdparty.io.netty.channel.nio.NioEventLoop.processSelectedKeysOptimized(NioEventLoop.java:579)
	at org.apache.ratis.thirdparty.io.netty.channel.nio.NioEventLoop.processSelectedKeys(NioEventLoop.java:496)
	at org.apache.ratis.thirdparty.io.netty.channel.nio.NioEventLoop.run(NioEventLoop.java:458)
	at org.apache.ratis.thirdparty.io.netty.util.concurrent.SingleThreadEventExecutor$5.run(SingleThreadEventExecutor.java:897)
	at org.apache.ratis.thirdparty.io.netty.util.concurrent.FastThreadLocalRunnable.run(FastThreadLocalRunnable.java:30)
	... 1 more
Caused by: java.net.ConnectException: Connection refused
	... 11 more
2019-10-17 21:55:18,991 [d6dfcdd7-fc6e-4b51-b91e-b64503dadc5e@group-F967393F7C93-LeaderElection287] INFO  impl.RaftServerImpl (RaftServerImpl.java:setRole(184)) - d6dfcdd7-fc6e-4b51-b91e-b64503dadc5e@group-F967393F7C93: changes role from CANDIDATE to FOLLOWER at term 290 for DISCOVERED_A_NEW_TERM
2019-10-17 21:55:18,991 [d6dfcdd7-fc6e-4b51-b91e-b64503dadc5e@group-F967393F7C93-LeaderElection287] INFO  impl.RoleInfo (RoleInfo.java:shutdownLeaderElection(134)) - d6dfcdd7-fc6e-4b51-b91e-b64503dadc5e: shutdown LeaderElection
2019-10-17 21:55:18,991 [d6dfcdd7-fc6e-4b51-b91e-b64503dadc5e@group-F967393F7C93-LeaderElection287] INFO  impl.RoleInfo (RoleInfo.java:updateAndGet(143)) - d6dfcdd7-fc6e-4b51-b91e-b64503dadc5e: start FollowerState
2019-10-17 21:55:19,117 [Thread-2326] INFO  impl.FollowerState (FollowerState.java:run(108)) - d6dfcdd7-fc6e-4b51-b91e-b64503dadc5e@group-F967393F7C93-FollowerState: change to CANDIDATE, lastRpcTime:125ms, electionTimeout:125ms
2019-10-17 21:55:19,117 [Thread-2326] INFO  impl.RoleInfo (RoleInfo.java:shutdownFollowerState(121)) - d6dfcdd7-fc6e-4b51-b91e-b64503dadc5e: shutdown FollowerState
2019-10-17 21:55:19,117 [Thread-2326] INFO  impl.RaftServerImpl (RaftServerImpl.java:setRole(184)) - d6dfcdd7-fc6e-4b51-b91e-b64503dadc5e@group-F967393F7C93: changes role from  FOLLOWER to CANDIDATE at term 290 for changeToCandidate
2019-10-17 21:55:19,117 [Thread-2326] INFO  impl.RoleInfo (RoleInfo.java:updateAndGet(143)) - d6dfcdd7-fc6e-4b51-b91e-b64503dadc5e: start LeaderElection
2019-10-17 21:55:19,134 [d6dfcdd7-fc6e-4b51-b91e-b64503dadc5e@group-F967393F7C93-LeaderElection288] INFO  impl.LeaderElection (LeaderElection.java:askForVotes(178)) - d6dfcdd7-fc6e-4b51-b91e-b64503dadc5e@group-F967393F7C93-LeaderElection288: begin an election at term 291 for -1: [08d4cbaa-ffed-4411-a5fd-c4a38026aead:192.168.157.223:33910, da15dfee-23f0-4dc4-ad77-c00156c49cfa:192.168.157.223:42172, d6dfcdd7-fc6e-4b51-b91e-b64503dadc5e:192.168.157.223:43575], old=null
2019-10-17 21:55:19,135 [d6dfcdd7-fc6e-4b51-b91e-b64503dadc5e@group-F967393F7C93-LeaderElection288] INFO  impl.LeaderElection (LogUtils.java:infoOrTrace(149)) - d6dfcdd7-fc6e-4b51-b91e-b64503dadc5e@group-F967393F7C93-LeaderElection288 got exception when requesting votes: {}
java.util.concurrent.ExecutionException: org.apache.ratis.thirdparty.io.grpc.StatusRuntimeException: UNAVAILABLE: io exception
	at java.util.concurrent.FutureTask.report(FutureTask.java:122)
	at java.util.concurrent.FutureTask.get(FutureTask.java:192)
	at org.apache.ratis.server.impl.LeaderElection.waitForResults(LeaderElection.java:259)
	at org.apache.ratis.server.impl.LeaderElection.askForVotes(LeaderElection.java:197)
	at org.apache.ratis.server.impl.LeaderElection.run(LeaderElection.java:133)
	at java.lang.Thread.run(Thread.java:748)
Caused by: org.apache.ratis.thirdparty.io.grpc.StatusRuntimeException: UNAVAILABLE: io exception
	at org.apache.ratis.thirdparty.io.grpc.stub.ClientCalls.toStatusRuntimeException(ClientCalls.java:233)
	at org.apache.ratis.thirdparty.io.grpc.stub.ClientCalls.getUnchecked(ClientCalls.java:214)
	at org.apache.ratis.thirdparty.io.grpc.stub.ClientCalls.blockingUnaryCall(ClientCalls.java:139)
	at org.apache.ratis.proto.grpc.RaftServerProtocolServiceGrpc$RaftServerProtocolServiceBlockingStub.requestVote(RaftServerProtocolServiceGrpc.java:265)
	at org.apache.ratis.grpc.server.GrpcServerProtocolClient.requestVote(GrpcServerProtocolClient.java:99)
	at org.apache.ratis.grpc.server.GrpcService.requestVote(GrpcService.java:204)
	at org.apache.ratis.server.impl.LeaderElection.lambda$submitRequests$1(LeaderElection.java:234)
	at java.util.concurrent.FutureTask.run(FutureTask.java:266)
	at java.util.concurrent.Executors$RunnableAdapter.call(Executors.java:511)
	at java.util.concurrent.FutureTask.run(FutureTask.java:266)
	at java.util.concurrent.ThreadPoolExecutor.runWorker(ThreadPoolExecutor.java:1149)
	at java.util.concurrent.ThreadPoolExecutor$Worker.run(ThreadPoolExecutor.java:624)
	... 1 more
Caused by: org.apache.ratis.thirdparty.io.netty.channel.AbstractChannel$AnnotatedConnectException: Connection refused: /192.168.157.223:33910
	at sun.nio.ch.SocketChannelImpl.checkConnect(Native Method)
	at sun.nio.ch.SocketChannelImpl.finishConnect(SocketChannelImpl.java:717)
	at org.apache.ratis.thirdparty.io.netty.channel.socket.nio.NioSocketChannel.doFinishConnect(NioSocketChannel.java:327)
	at org.apache.ratis.thirdparty.io.netty.channel.nio.AbstractNioChannel$AbstractNioUnsafe.finishConnect(AbstractNioChannel.java:340)
	at org.apache.ratis.thirdparty.io.netty.channel.nio.NioEventLoop.processSelectedKey(NioEventLoop.java:632)
	at org.apache.ratis.thirdparty.io.netty.channel.nio.NioEventLoop.processSelectedKeysOptimized(NioEventLoop.java:579)
	at org.apache.ratis.thirdparty.io.netty.channel.nio.NioEventLoop.processSelectedKeys(NioEventLoop.java:496)
	at org.apache.ratis.thirdparty.io.netty.channel.nio.NioEventLoop.run(NioEventLoop.java:458)
	at org.apache.ratis.thirdparty.io.netty.util.concurrent.SingleThreadEventExecutor$5.run(SingleThreadEventExecutor.java:897)
	at org.apache.ratis.thirdparty.io.netty.util.concurrent.FastThreadLocalRunnable.run(FastThreadLocalRunnable.java:30)
	... 1 more
Caused by: java.net.ConnectException: Connection refused
	... 11 more
2019-10-17 21:55:19,135 [d6dfcdd7-fc6e-4b51-b91e-b64503dadc5e@group-F967393F7C93-LeaderElection288] INFO  impl.LeaderElection (LogUtils.java:infoOrTrace(149)) - d6dfcdd7-fc6e-4b51-b91e-b64503dadc5e@group-F967393F7C93-LeaderElection288 got exception when requesting votes: {}
java.util.concurrent.ExecutionException: org.apache.ratis.thirdparty.io.grpc.StatusRuntimeException: UNAVAILABLE: io exception
	at java.util.concurrent.FutureTask.report(FutureTask.java:122)
	at java.util.concurrent.FutureTask.get(FutureTask.java:192)
	at org.apache.ratis.server.impl.LeaderElection.waitForResults(LeaderElection.java:259)
	at org.apache.ratis.server.impl.LeaderElection.askForVotes(LeaderElection.java:197)
	at org.apache.ratis.server.impl.LeaderElection.run(LeaderElection.java:133)
	at java.lang.Thread.run(Thread.java:748)
Caused by: org.apache.ratis.thirdparty.io.grpc.StatusRuntimeException: UNAVAILABLE: io exception
	at org.apache.ratis.thirdparty.io.grpc.stub.ClientCalls.toStatusRuntimeException(ClientCalls.java:233)
	at org.apache.ratis.thirdparty.io.grpc.stub.ClientCalls.getUnchecked(ClientCalls.java:214)
	at org.apache.ratis.thirdparty.io.grpc.stub.ClientCalls.blockingUnaryCall(ClientCalls.java:139)
	at org.apache.ratis.proto.grpc.RaftServerProtocolServiceGrpc$RaftServerProtocolServiceBlockingStub.requestVote(RaftServerProtocolServiceGrpc.java:265)
	at org.apache.ratis.grpc.server.GrpcServerProtocolClient.requestVote(GrpcServerProtocolClient.java:99)
	at org.apache.ratis.grpc.server.GrpcService.requestVote(GrpcService.java:204)
	at org.apache.ratis.server.impl.LeaderElection.lambda$submitRequests$1(LeaderElection.java:234)
	at java.util.concurrent.FutureTask.run(FutureTask.java:266)
	at java.util.concurrent.Executors$RunnableAdapter.call(Executors.java:511)
	at java.util.concurrent.FutureTask.run(FutureTask.java:266)
	at java.util.concurrent.ThreadPoolExecutor.runWorker(ThreadPoolExecutor.java:1149)
	at java.util.concurrent.ThreadPoolExecutor$Worker.run(ThreadPoolExecutor.java:624)
	... 1 more
Caused by: org.apache.ratis.thirdparty.io.netty.channel.AbstractChannel$AnnotatedConnectException: Connection refused: /192.168.157.223:42172
	at sun.nio.ch.SocketChannelImpl.checkConnect(Native Method)
	at sun.nio.ch.SocketChannelImpl.finishConnect(SocketChannelImpl.java:717)
	at org.apache.ratis.thirdparty.io.netty.channel.socket.nio.NioSocketChannel.doFinishConnect(NioSocketChannel.java:327)
	at org.apache.ratis.thirdparty.io.netty.channel.nio.AbstractNioChannel$AbstractNioUnsafe.finishConnect(AbstractNioChannel.java:340)
	at org.apache.ratis.thirdparty.io.netty.channel.nio.NioEventLoop.processSelectedKey(NioEventLoop.java:632)
	at org.apache.ratis.thirdparty.io.netty.channel.nio.NioEventLoop.processSelectedKeysOptimized(NioEventLoop.java:579)
	at org.apache.ratis.thirdparty.io.netty.channel.nio.NioEventLoop.processSelectedKeys(NioEventLoop.java:496)
	at org.apache.ratis.thirdparty.io.netty.channel.nio.NioEventLoop.run(NioEventLoop.java:458)
	at org.apache.ratis.thirdparty.io.netty.util.concurrent.SingleThreadEventExecutor$5.run(SingleThreadEventExecutor.java:897)
	at org.apache.ratis.thirdparty.io.netty.util.concurrent.FastThreadLocalRunnable.run(FastThreadLocalRunnable.java:30)
	... 1 more
Caused by: java.net.ConnectException: Connection refused
	... 11 more
2019-10-17 21:55:19,136 [d6dfcdd7-fc6e-4b51-b91e-b64503dadc5e@group-F967393F7C93-LeaderElection288] INFO  impl.LeaderElection (LeaderElection.java:logAndReturn(56)) - d6dfcdd7-fc6e-4b51-b91e-b64503dadc5e@group-F967393F7C93-LeaderElection288: Election REJECTED; received 0 response(s) [] and 2 exception(s); d6dfcdd7-fc6e-4b51-b91e-b64503dadc5e@group-F967393F7C93:t291, leader=null, voted=d6dfcdd7-fc6e-4b51-b91e-b64503dadc5e, raftlog=d6dfcdd7-fc6e-4b51-b91e-b64503dadc5e@group-F967393F7C93-SegmentedRaftLog:OPENED:c-1,f-1,i0, conf=-1: [08d4cbaa-ffed-4411-a5fd-c4a38026aead:192.168.157.223:33910, da15dfee-23f0-4dc4-ad77-c00156c49cfa:192.168.157.223:42172, d6dfcdd7-fc6e-4b51-b91e-b64503dadc5e:192.168.157.223:43575], old=null
2019-10-17 21:55:19,136 [d6dfcdd7-fc6e-4b51-b91e-b64503dadc5e@group-F967393F7C93-LeaderElection288] INFO  impl.LeaderElection (LogUtils.java:infoOrTrace(149)) -   Exception 0: {}
java.util.concurrent.ExecutionException: org.apache.ratis.thirdparty.io.grpc.StatusRuntimeException: UNAVAILABLE: io exception
	at java.util.concurrent.FutureTask.report(FutureTask.java:122)
	at java.util.concurrent.FutureTask.get(FutureTask.java:192)
	at org.apache.ratis.server.impl.LeaderElection.waitForResults(LeaderElection.java:259)
	at org.apache.ratis.server.impl.LeaderElection.askForVotes(LeaderElection.java:197)
	at org.apache.ratis.server.impl.LeaderElection.run(LeaderElection.java:133)
	at java.lang.Thread.run(Thread.java:748)
Caused by: org.apache.ratis.thirdparty.io.grpc.StatusRuntimeException: UNAVAILABLE: io exception
	at org.apache.ratis.thirdparty.io.grpc.stub.ClientCalls.toStatusRuntimeException(ClientCalls.java:233)
	at org.apache.ratis.thirdparty.io.grpc.stub.ClientCalls.getUnchecked(ClientCalls.java:214)
	at org.apache.ratis.thirdparty.io.grpc.stub.ClientCalls.blockingUnaryCall(ClientCalls.java:139)
	at org.apache.ratis.proto.grpc.RaftServerProtocolServiceGrpc$RaftServerProtocolServiceBlockingStub.requestVote(RaftServerProtocolServiceGrpc.java:265)
	at org.apache.ratis.grpc.server.GrpcServerProtocolClient.requestVote(GrpcServerProtocolClient.java:99)
	at org.apache.ratis.grpc.server.GrpcService.requestVote(GrpcService.java:204)
	at org.apache.ratis.server.impl.LeaderElection.lambda$submitRequests$1(LeaderElection.java:234)
	at java.util.concurrent.FutureTask.run(FutureTask.java:266)
	at java.util.concurrent.Executors$RunnableAdapter.call(Executors.java:511)
	at java.util.concurrent.FutureTask.run(FutureTask.java:266)
	at java.util.concurrent.ThreadPoolExecutor.runWorker(ThreadPoolExecutor.java:1149)
	at java.util.concurrent.ThreadPoolExecutor$Worker.run(ThreadPoolExecutor.java:624)
	... 1 more
Caused by: org.apache.ratis.thirdparty.io.netty.channel.AbstractChannel$AnnotatedConnectException: Connection refused: /192.168.157.223:33910
	at sun.nio.ch.SocketChannelImpl.checkConnect(Native Method)
	at sun.nio.ch.SocketChannelImpl.finishConnect(SocketChannelImpl.java:717)
	at org.apache.ratis.thirdparty.io.netty.channel.socket.nio.NioSocketChannel.doFinishConnect(NioSocketChannel.java:327)
	at org.apache.ratis.thirdparty.io.netty.channel.nio.AbstractNioChannel$AbstractNioUnsafe.finishConnect(AbstractNioChannel.java:340)
	at org.apache.ratis.thirdparty.io.netty.channel.nio.NioEventLoop.processSelectedKey(NioEventLoop.java:632)
	at org.apache.ratis.thirdparty.io.netty.channel.nio.NioEventLoop.processSelectedKeysOptimized(NioEventLoop.java:579)
	at org.apache.ratis.thirdparty.io.netty.channel.nio.NioEventLoop.processSelectedKeys(NioEventLoop.java:496)
	at org.apache.ratis.thirdparty.io.netty.channel.nio.NioEventLoop.run(NioEventLoop.java:458)
	at org.apache.ratis.thirdparty.io.netty.util.concurrent.SingleThreadEventExecutor$5.run(SingleThreadEventExecutor.java:897)
	at org.apache.ratis.thirdparty.io.netty.util.concurrent.FastThreadLocalRunnable.run(FastThreadLocalRunnable.java:30)
	... 1 more
Caused by: java.net.ConnectException: Connection refused
	... 11 more
2019-10-17 21:55:19,136 [d6dfcdd7-fc6e-4b51-b91e-b64503dadc5e@group-F967393F7C93-LeaderElection288] INFO  impl.LeaderElection (LogUtils.java:infoOrTrace(149)) -   Exception 1: {}
java.util.concurrent.ExecutionException: org.apache.ratis.thirdparty.io.grpc.StatusRuntimeException: UNAVAILABLE: io exception
	at java.util.concurrent.FutureTask.report(FutureTask.java:122)
	at java.util.concurrent.FutureTask.get(FutureTask.java:192)
	at org.apache.ratis.server.impl.LeaderElection.waitForResults(LeaderElection.java:259)
	at org.apache.ratis.server.impl.LeaderElection.askForVotes(LeaderElection.java:197)
	at org.apache.ratis.server.impl.LeaderElection.run(LeaderElection.java:133)
	at java.lang.Thread.run(Thread.java:748)
Caused by: org.apache.ratis.thirdparty.io.grpc.StatusRuntimeException: UNAVAILABLE: io exception
	at org.apache.ratis.thirdparty.io.grpc.stub.ClientCalls.toStatusRuntimeException(ClientCalls.java:233)
	at org.apache.ratis.thirdparty.io.grpc.stub.ClientCalls.getUnchecked(ClientCalls.java:214)
	at org.apache.ratis.thirdparty.io.grpc.stub.ClientCalls.blockingUnaryCall(ClientCalls.java:139)
	at org.apache.ratis.proto.grpc.RaftServerProtocolServiceGrpc$RaftServerProtocolServiceBlockingStub.requestVote(RaftServerProtocolServiceGrpc.java:265)
	at org.apache.ratis.grpc.server.GrpcServerProtocolClient.requestVote(GrpcServerProtocolClient.java:99)
	at org.apache.ratis.grpc.server.GrpcService.requestVote(GrpcService.java:204)
	at org.apache.ratis.server.impl.LeaderElection.lambda$submitRequests$1(LeaderElection.java:234)
	at java.util.concurrent.FutureTask.run(FutureTask.java:266)
	at java.util.concurrent.Executors$RunnableAdapter.call(Executors.java:511)
	at java.util.concurrent.FutureTask.run(FutureTask.java:266)
	at java.util.concurrent.ThreadPoolExecutor.runWorker(ThreadPoolExecutor.java:1149)
	at java.util.concurrent.ThreadPoolExecutor$Worker.run(ThreadPoolExecutor.java:624)
	... 1 more
Caused by: org.apache.ratis.thirdparty.io.netty.channel.AbstractChannel$AnnotatedConnectException: Connection refused: /192.168.157.223:42172
	at sun.nio.ch.SocketChannelImpl.checkConnect(Native Method)
	at sun.nio.ch.SocketChannelImpl.finishConnect(SocketChannelImpl.java:717)
	at org.apache.ratis.thirdparty.io.netty.channel.socket.nio.NioSocketChannel.doFinishConnect(NioSocketChannel.java:327)
	at org.apache.ratis.thirdparty.io.netty.channel.nio.AbstractNioChannel$AbstractNioUnsafe.finishConnect(AbstractNioChannel.java:340)
	at org.apache.ratis.thirdparty.io.netty.channel.nio.NioEventLoop.processSelectedKey(NioEventLoop.java:632)
	at org.apache.ratis.thirdparty.io.netty.channel.nio.NioEventLoop.processSelectedKeysOptimized(NioEventLoop.java:579)
	at org.apache.ratis.thirdparty.io.netty.channel.nio.NioEventLoop.processSelectedKeys(NioEventLoop.java:496)
	at org.apache.ratis.thirdparty.io.netty.channel.nio.NioEventLoop.run(NioEventLoop.java:458)
	at org.apache.ratis.thirdparty.io.netty.util.concurrent.SingleThreadEventExecutor$5.run(SingleThreadEventExecutor.java:897)
	at org.apache.ratis.thirdparty.io.netty.util.concurrent.FastThreadLocalRunnable.run(FastThreadLocalRunnable.java:30)
	... 1 more
Caused by: java.net.ConnectException: Connection refused
	... 11 more
2019-10-17 21:55:19,136 [d6dfcdd7-fc6e-4b51-b91e-b64503dadc5e@group-F967393F7C93-LeaderElection288] INFO  impl.RaftServerImpl (RaftServerImpl.java:setRole(184)) - d6dfcdd7-fc6e-4b51-b91e-b64503dadc5e@group-F967393F7C93: changes role from CANDIDATE to FOLLOWER at term 291 for DISCOVERED_A_NEW_TERM
2019-10-17 21:55:19,136 [d6dfcdd7-fc6e-4b51-b91e-b64503dadc5e@group-F967393F7C93-LeaderElection288] INFO  impl.RoleInfo (RoleInfo.java:shutdownLeaderElection(134)) - d6dfcdd7-fc6e-4b51-b91e-b64503dadc5e: shutdown LeaderElection
2019-10-17 21:55:19,136 [d6dfcdd7-fc6e-4b51-b91e-b64503dadc5e@group-F967393F7C93-LeaderElection288] INFO  impl.RoleInfo (RoleInfo.java:updateAndGet(143)) - d6dfcdd7-fc6e-4b51-b91e-b64503dadc5e: start FollowerState
2019-10-17 21:55:19,183 [Thread-2330] INFO  impl.FollowerState (FollowerState.java:run(108)) - d6dfcdd7-fc6e-4b51-b91e-b64503dadc5e@group-F967393F7C93-FollowerState: change to CANDIDATE, lastRpcTime:46ms, electionTimeout:46ms
2019-10-17 21:55:19,183 [Thread-2330] INFO  impl.RoleInfo (RoleInfo.java:shutdownFollowerState(121)) - d6dfcdd7-fc6e-4b51-b91e-b64503dadc5e: shutdown FollowerState
2019-10-17 21:55:19,183 [Thread-2330] INFO  impl.RaftServerImpl (RaftServerImpl.java:setRole(184)) - d6dfcdd7-fc6e-4b51-b91e-b64503dadc5e@group-F967393F7C93: changes role from  FOLLOWER to CANDIDATE at term 291 for changeToCandidate
2019-10-17 21:55:19,183 [Thread-2330] INFO  impl.RoleInfo (RoleInfo.java:updateAndGet(143)) - d6dfcdd7-fc6e-4b51-b91e-b64503dadc5e: start LeaderElection
2019-10-17 21:55:19,196 [d6dfcdd7-fc6e-4b51-b91e-b64503dadc5e@group-F967393F7C93-LeaderElection289] INFO  impl.LeaderElection (LeaderElection.java:askForVotes(178)) - d6dfcdd7-fc6e-4b51-b91e-b64503dadc5e@group-F967393F7C93-LeaderElection289: begin an election at term 292 for -1: [08d4cbaa-ffed-4411-a5fd-c4a38026aead:192.168.157.223:33910, da15dfee-23f0-4dc4-ad77-c00156c49cfa:192.168.157.223:42172, d6dfcdd7-fc6e-4b51-b91e-b64503dadc5e:192.168.157.223:43575], old=null
2019-10-17 21:55:19,198 [d6dfcdd7-fc6e-4b51-b91e-b64503dadc5e@group-F967393F7C93-LeaderElection289] INFO  impl.LeaderElection (LogUtils.java:infoOrTrace(149)) - d6dfcdd7-fc6e-4b51-b91e-b64503dadc5e@group-F967393F7C93-LeaderElection289 got exception when requesting votes: {}
java.util.concurrent.ExecutionException: org.apache.ratis.thirdparty.io.grpc.StatusRuntimeException: UNAVAILABLE: io exception
	at java.util.concurrent.FutureTask.report(FutureTask.java:122)
	at java.util.concurrent.FutureTask.get(FutureTask.java:192)
	at org.apache.ratis.server.impl.LeaderElection.waitForResults(LeaderElection.java:259)
	at org.apache.ratis.server.impl.LeaderElection.askForVotes(LeaderElection.java:197)
	at org.apache.ratis.server.impl.LeaderElection.run(LeaderElection.java:133)
	at java.lang.Thread.run(Thread.java:748)
Caused by: org.apache.ratis.thirdparty.io.grpc.StatusRuntimeException: UNAVAILABLE: io exception
	at org.apache.ratis.thirdparty.io.grpc.stub.ClientCalls.toStatusRuntimeException(ClientCalls.java:233)
	at org.apache.ratis.thirdparty.io.grpc.stub.ClientCalls.getUnchecked(ClientCalls.java:214)
	at org.apache.ratis.thirdparty.io.grpc.stub.ClientCalls.blockingUnaryCall(ClientCalls.java:139)
	at org.apache.ratis.proto.grpc.RaftServerProtocolServiceGrpc$RaftServerProtocolServiceBlockingStub.requestVote(RaftServerProtocolServiceGrpc.java:265)
	at org.apache.ratis.grpc.server.GrpcServerProtocolClient.requestVote(GrpcServerProtocolClient.java:99)
	at org.apache.ratis.grpc.server.GrpcService.requestVote(GrpcService.java:204)
	at org.apache.ratis.server.impl.LeaderElection.lambda$submitRequests$1(LeaderElection.java:234)
	at java.util.concurrent.FutureTask.run(FutureTask.java:266)
	at java.util.concurrent.Executors$RunnableAdapter.call(Executors.java:511)
	at java.util.concurrent.FutureTask.run(FutureTask.java:266)
	at java.util.concurrent.ThreadPoolExecutor.runWorker(ThreadPoolExecutor.java:1149)
	at java.util.concurrent.ThreadPoolExecutor$Worker.run(ThreadPoolExecutor.java:624)
	... 1 more
Caused by: org.apache.ratis.thirdparty.io.netty.channel.AbstractChannel$AnnotatedConnectException: Connection refused: /192.168.157.223:33910
	at sun.nio.ch.SocketChannelImpl.checkConnect(Native Method)
	at sun.nio.ch.SocketChannelImpl.finishConnect(SocketChannelImpl.java:717)
	at org.apache.ratis.thirdparty.io.netty.channel.socket.nio.NioSocketChannel.doFinishConnect(NioSocketChannel.java:327)
	at org.apache.ratis.thirdparty.io.netty.channel.nio.AbstractNioChannel$AbstractNioUnsafe.finishConnect(AbstractNioChannel.java:340)
	at org.apache.ratis.thirdparty.io.netty.channel.nio.NioEventLoop.processSelectedKey(NioEventLoop.java:632)
	at org.apache.ratis.thirdparty.io.netty.channel.nio.NioEventLoop.processSelectedKeysOptimized(NioEventLoop.java:579)
	at org.apache.ratis.thirdparty.io.netty.channel.nio.NioEventLoop.processSelectedKeys(NioEventLoop.java:496)
	at org.apache.ratis.thirdparty.io.netty.channel.nio.NioEventLoop.run(NioEventLoop.java:458)
	at org.apache.ratis.thirdparty.io.netty.util.concurrent.SingleThreadEventExecutor$5.run(SingleThreadEventExecutor.java:897)
	at org.apache.ratis.thirdparty.io.netty.util.concurrent.FastThreadLocalRunnable.run(FastThreadLocalRunnable.java:30)
	... 1 more
Caused by: java.net.ConnectException: Connection refused
	... 11 more
2019-10-17 21:55:19,198 [d6dfcdd7-fc6e-4b51-b91e-b64503dadc5e@group-F967393F7C93-LeaderElection289] INFO  impl.LeaderElection (LogUtils.java:infoOrTrace(149)) - d6dfcdd7-fc6e-4b51-b91e-b64503dadc5e@group-F967393F7C93-LeaderElection289 got exception when requesting votes: {}
java.util.concurrent.ExecutionException: org.apache.ratis.thirdparty.io.grpc.StatusRuntimeException: UNAVAILABLE: io exception
	at java.util.concurrent.FutureTask.report(FutureTask.java:122)
	at java.util.concurrent.FutureTask.get(FutureTask.java:192)
	at org.apache.ratis.server.impl.LeaderElection.waitForResults(LeaderElection.java:259)
	at org.apache.ratis.server.impl.LeaderElection.askForVotes(LeaderElection.java:197)
	at org.apache.ratis.server.impl.LeaderElection.run(LeaderElection.java:133)
	at java.lang.Thread.run(Thread.java:748)
Caused by: org.apache.ratis.thirdparty.io.grpc.StatusRuntimeException: UNAVAILABLE: io exception
	at org.apache.ratis.thirdparty.io.grpc.stub.ClientCalls.toStatusRuntimeException(ClientCalls.java:233)
	at org.apache.ratis.thirdparty.io.grpc.stub.ClientCalls.getUnchecked(ClientCalls.java:214)
	at org.apache.ratis.thirdparty.io.grpc.stub.ClientCalls.blockingUnaryCall(ClientCalls.java:139)
	at org.apache.ratis.proto.grpc.RaftServerProtocolServiceGrpc$RaftServerProtocolServiceBlockingStub.requestVote(RaftServerProtocolServiceGrpc.java:265)
	at org.apache.ratis.grpc.server.GrpcServerProtocolClient.requestVote(GrpcServerProtocolClient.java:99)
	at org.apache.ratis.grpc.server.GrpcService.requestVote(GrpcService.java:204)
	at org.apache.ratis.server.impl.LeaderElection.lambda$submitRequests$1(LeaderElection.java:234)
	at java.util.concurrent.FutureTask.run(FutureTask.java:266)
	at java.util.concurrent.Executors$RunnableAdapter.call(Executors.java:511)
	at java.util.concurrent.FutureTask.run(FutureTask.java:266)
	at java.util.concurrent.ThreadPoolExecutor.runWorker(ThreadPoolExecutor.java:1149)
	at java.util.concurrent.ThreadPoolExecutor$Worker.run(ThreadPoolExecutor.java:624)
	... 1 more
Caused by: org.apache.ratis.thirdparty.io.netty.channel.AbstractChannel$AnnotatedConnectException: Connection refused: /192.168.157.223:42172
	at sun.nio.ch.SocketChannelImpl.checkConnect(Native Method)
	at sun.nio.ch.SocketChannelImpl.finishConnect(SocketChannelImpl.java:717)
	at org.apache.ratis.thirdparty.io.netty.channel.socket.nio.NioSocketChannel.doFinishConnect(NioSocketChannel.java:327)
	at org.apache.ratis.thirdparty.io.netty.channel.nio.AbstractNioChannel$AbstractNioUnsafe.finishConnect(AbstractNioChannel.java:340)
	at org.apache.ratis.thirdparty.io.netty.channel.nio.NioEventLoop.processSelectedKey(NioEventLoop.java:632)
	at org.apache.ratis.thirdparty.io.netty.channel.nio.NioEventLoop.processSelectedKeysOptimized(NioEventLoop.java:579)
	at org.apache.ratis.thirdparty.io.netty.channel.nio.NioEventLoop.processSelectedKeys(NioEventLoop.java:496)
	at org.apache.ratis.thirdparty.io.netty.channel.nio.NioEventLoop.run(NioEventLoop.java:458)
	at org.apache.ratis.thirdparty.io.netty.util.concurrent.SingleThreadEventExecutor$5.run(SingleThreadEventExecutor.java:897)
	at org.apache.ratis.thirdparty.io.netty.util.concurrent.FastThreadLocalRunnable.run(FastThreadLocalRunnable.java:30)
	... 1 more
Caused by: java.net.ConnectException: Connection refused
	... 11 more
2019-10-17 21:55:19,199 [d6dfcdd7-fc6e-4b51-b91e-b64503dadc5e@group-F967393F7C93-LeaderElection289] INFO  impl.LeaderElection (LeaderElection.java:logAndReturn(56)) - d6dfcdd7-fc6e-4b51-b91e-b64503dadc5e@group-F967393F7C93-LeaderElection289: Election REJECTED; received 0 response(s) [] and 2 exception(s); d6dfcdd7-fc6e-4b51-b91e-b64503dadc5e@group-F967393F7C93:t292, leader=null, voted=d6dfcdd7-fc6e-4b51-b91e-b64503dadc5e, raftlog=d6dfcdd7-fc6e-4b51-b91e-b64503dadc5e@group-F967393F7C93-SegmentedRaftLog:OPENED:c-1,f-1,i0, conf=-1: [08d4cbaa-ffed-4411-a5fd-c4a38026aead:192.168.157.223:33910, da15dfee-23f0-4dc4-ad77-c00156c49cfa:192.168.157.223:42172, d6dfcdd7-fc6e-4b51-b91e-b64503dadc5e:192.168.157.223:43575], old=null
2019-10-17 21:55:19,199 [d6dfcdd7-fc6e-4b51-b91e-b64503dadc5e@group-F967393F7C93-LeaderElection289] INFO  impl.LeaderElection (LogUtils.java:infoOrTrace(149)) -   Exception 0: {}
java.util.concurrent.ExecutionException: org.apache.ratis.thirdparty.io.grpc.StatusRuntimeException: UNAVAILABLE: io exception
	at java.util.concurrent.FutureTask.report(FutureTask.java:122)
	at java.util.concurrent.FutureTask.get(FutureTask.java:192)
	at org.apache.ratis.server.impl.LeaderElection.waitForResults(LeaderElection.java:259)
	at org.apache.ratis.server.impl.LeaderElection.askForVotes(LeaderElection.java:197)
	at org.apache.ratis.server.impl.LeaderElection.run(LeaderElection.java:133)
	at java.lang.Thread.run(Thread.java:748)
Caused by: org.apache.ratis.thirdparty.io.grpc.StatusRuntimeException: UNAVAILABLE: io exception
	at org.apache.ratis.thirdparty.io.grpc.stub.ClientCalls.toStatusRuntimeException(ClientCalls.java:233)
	at org.apache.ratis.thirdparty.io.grpc.stub.ClientCalls.getUnchecked(ClientCalls.java:214)
	at org.apache.ratis.thirdparty.io.grpc.stub.ClientCalls.blockingUnaryCall(ClientCalls.java:139)
	at org.apache.ratis.proto.grpc.RaftServerProtocolServiceGrpc$RaftServerProtocolServiceBlockingStub.requestVote(RaftServerProtocolServiceGrpc.java:265)
	at org.apache.ratis.grpc.server.GrpcServerProtocolClient.requestVote(GrpcServerProtocolClient.java:99)
	at org.apache.ratis.grpc.server.GrpcService.requestVote(GrpcService.java:204)
	at org.apache.ratis.server.impl.LeaderElection.lambda$submitRequests$1(LeaderElection.java:234)
	at java.util.concurrent.FutureTask.run(FutureTask.java:266)
	at java.util.concurrent.Executors$RunnableAdapter.call(Executors.java:511)
	at java.util.concurrent.FutureTask.run(FutureTask.java:266)
	at java.util.concurrent.ThreadPoolExecutor.runWorker(ThreadPoolExecutor.java:1149)
	at java.util.concurrent.ThreadPoolExecutor$Worker.run(ThreadPoolExecutor.java:624)
	... 1 more
Caused by: org.apache.ratis.thirdparty.io.netty.channel.AbstractChannel$AnnotatedConnectException: Connection refused: /192.168.157.223:33910
	at sun.nio.ch.SocketChannelImpl.checkConnect(Native Method)
	at sun.nio.ch.SocketChannelImpl.finishConnect(SocketChannelImpl.java:717)
	at org.apache.ratis.thirdparty.io.netty.channel.socket.nio.NioSocketChannel.doFinishConnect(NioSocketChannel.java:327)
	at org.apache.ratis.thirdparty.io.netty.channel.nio.AbstractNioChannel$AbstractNioUnsafe.finishConnect(AbstractNioChannel.java:340)
	at org.apache.ratis.thirdparty.io.netty.channel.nio.NioEventLoop.processSelectedKey(NioEventLoop.java:632)
	at org.apache.ratis.thirdparty.io.netty.channel.nio.NioEventLoop.processSelectedKeysOptimized(NioEventLoop.java:579)
	at org.apache.ratis.thirdparty.io.netty.channel.nio.NioEventLoop.processSelectedKeys(NioEventLoop.java:496)
	at org.apache.ratis.thirdparty.io.netty.channel.nio.NioEventLoop.run(NioEventLoop.java:458)
	at org.apache.ratis.thirdparty.io.netty.util.concurrent.SingleThreadEventExecutor$5.run(SingleThreadEventExecutor.java:897)
	at org.apache.ratis.thirdparty.io.netty.util.concurrent.FastThreadLocalRunnable.run(FastThreadLocalRunnable.java:30)
	... 1 more
Caused by: java.net.ConnectException: Connection refused
	... 11 more
2019-10-17 21:55:19,199 [d6dfcdd7-fc6e-4b51-b91e-b64503dadc5e@group-F967393F7C93-LeaderElection289] INFO  impl.LeaderElection (LogUtils.java:infoOrTrace(149)) -   Exception 1: {}
java.util.concurrent.ExecutionException: org.apache.ratis.thirdparty.io.grpc.StatusRuntimeException: UNAVAILABLE: io exception
	at java.util.concurrent.FutureTask.report(FutureTask.java:122)
	at java.util.concurrent.FutureTask.get(FutureTask.java:192)
	at org.apache.ratis.server.impl.LeaderElection.waitForResults(LeaderElection.java:259)
	at org.apache.ratis.server.impl.LeaderElection.askForVotes(LeaderElection.java:197)
	at org.apache.ratis.server.impl.LeaderElection.run(LeaderElection.java:133)
	at java.lang.Thread.run(Thread.java:748)
Caused by: org.apache.ratis.thirdparty.io.grpc.StatusRuntimeException: UNAVAILABLE: io exception
	at org.apache.ratis.thirdparty.io.grpc.stub.ClientCalls.toStatusRuntimeException(ClientCalls.java:233)
	at org.apache.ratis.thirdparty.io.grpc.stub.ClientCalls.getUnchecked(ClientCalls.java:214)
	at org.apache.ratis.thirdparty.io.grpc.stub.ClientCalls.blockingUnaryCall(ClientCalls.java:139)
	at org.apache.ratis.proto.grpc.RaftServerProtocolServiceGrpc$RaftServerProtocolServiceBlockingStub.requestVote(RaftServerProtocolServiceGrpc.java:265)
	at org.apache.ratis.grpc.server.GrpcServerProtocolClient.requestVote(GrpcServerProtocolClient.java:99)
	at org.apache.ratis.grpc.server.GrpcService.requestVote(GrpcService.java:204)
	at org.apache.ratis.server.impl.LeaderElection.lambda$submitRequests$1(LeaderElection.java:234)
	at java.util.concurrent.FutureTask.run(FutureTask.java:266)
	at java.util.concurrent.Executors$RunnableAdapter.call(Executors.java:511)
	at java.util.concurrent.FutureTask.run(FutureTask.java:266)
	at java.util.concurrent.ThreadPoolExecutor.runWorker(ThreadPoolExecutor.java:1149)
	at java.util.concurrent.ThreadPoolExecutor$Worker.run(ThreadPoolExecutor.java:624)
	... 1 more
Caused by: org.apache.ratis.thirdparty.io.netty.channel.AbstractChannel$AnnotatedConnectException: Connection refused: /192.168.157.223:42172
	at sun.nio.ch.SocketChannelImpl.checkConnect(Native Method)
	at sun.nio.ch.SocketChannelImpl.finishConnect(SocketChannelImpl.java:717)
	at org.apache.ratis.thirdparty.io.netty.channel.socket.nio.NioSocketChannel.doFinishConnect(NioSocketChannel.java:327)
	at org.apache.ratis.thirdparty.io.netty.channel.nio.AbstractNioChannel$AbstractNioUnsafe.finishConnect(AbstractNioChannel.java:340)
	at org.apache.ratis.thirdparty.io.netty.channel.nio.NioEventLoop.processSelectedKey(NioEventLoop.java:632)
	at org.apache.ratis.thirdparty.io.netty.channel.nio.NioEventLoop.processSelectedKeysOptimized(NioEventLoop.java:579)
	at org.apache.ratis.thirdparty.io.netty.channel.nio.NioEventLoop.processSelectedKeys(NioEventLoop.java:496)
	at org.apache.ratis.thirdparty.io.netty.channel.nio.NioEventLoop.run(NioEventLoop.java:458)
	at org.apache.ratis.thirdparty.io.netty.util.concurrent.SingleThreadEventExecutor$5.run(SingleThreadEventExecutor.java:897)
	at org.apache.ratis.thirdparty.io.netty.util.concurrent.FastThreadLocalRunnable.run(FastThreadLocalRunnable.java:30)
	... 1 more
Caused by: java.net.ConnectException: Connection refused
	... 11 more
2019-10-17 21:55:19,199 [d6dfcdd7-fc6e-4b51-b91e-b64503dadc5e@group-F967393F7C93-LeaderElection289] INFO  impl.RaftServerImpl (RaftServerImpl.java:setRole(184)) - d6dfcdd7-fc6e-4b51-b91e-b64503dadc5e@group-F967393F7C93: changes role from CANDIDATE to FOLLOWER at term 292 for DISCOVERED_A_NEW_TERM
2019-10-17 21:55:19,199 [d6dfcdd7-fc6e-4b51-b91e-b64503dadc5e@group-F967393F7C93-LeaderElection289] INFO  impl.RoleInfo (RoleInfo.java:shutdownLeaderElection(134)) - d6dfcdd7-fc6e-4b51-b91e-b64503dadc5e: shutdown LeaderElection
2019-10-17 21:55:19,199 [d6dfcdd7-fc6e-4b51-b91e-b64503dadc5e@group-F967393F7C93-LeaderElection289] INFO  impl.RoleInfo (RoleInfo.java:updateAndGet(143)) - d6dfcdd7-fc6e-4b51-b91e-b64503dadc5e: start FollowerState
2019-10-17 21:55:19,271 [Thread-2334] INFO  impl.FollowerState (FollowerState.java:run(108)) - d6dfcdd7-fc6e-4b51-b91e-b64503dadc5e@group-F967393F7C93-FollowerState: change to CANDIDATE, lastRpcTime:71ms, electionTimeout:71ms
2019-10-17 21:55:19,271 [Thread-2334] INFO  impl.RoleInfo (RoleInfo.java:shutdownFollowerState(121)) - d6dfcdd7-fc6e-4b51-b91e-b64503dadc5e: shutdown FollowerState
2019-10-17 21:55:19,271 [Thread-2334] INFO  impl.RaftServerImpl (RaftServerImpl.java:setRole(184)) - d6dfcdd7-fc6e-4b51-b91e-b64503dadc5e@group-F967393F7C93: changes role from  FOLLOWER to CANDIDATE at term 292 for changeToCandidate
2019-10-17 21:55:19,272 [Thread-2334] INFO  impl.RoleInfo (RoleInfo.java:updateAndGet(143)) - d6dfcdd7-fc6e-4b51-b91e-b64503dadc5e: start LeaderElection
2019-10-17 21:55:19,285 [d6dfcdd7-fc6e-4b51-b91e-b64503dadc5e@group-F967393F7C93-LeaderElection290] INFO  impl.LeaderElection (LeaderElection.java:askForVotes(178)) - d6dfcdd7-fc6e-4b51-b91e-b64503dadc5e@group-F967393F7C93-LeaderElection290: begin an election at term 293 for -1: [08d4cbaa-ffed-4411-a5fd-c4a38026aead:192.168.157.223:33910, da15dfee-23f0-4dc4-ad77-c00156c49cfa:192.168.157.223:42172, d6dfcdd7-fc6e-4b51-b91e-b64503dadc5e:192.168.157.223:43575], old=null
2019-10-17 21:55:19,286 [d6dfcdd7-fc6e-4b51-b91e-b64503dadc5e@group-F967393F7C93-LeaderElection290] INFO  impl.LeaderElection (LogUtils.java:infoOrTrace(149)) - d6dfcdd7-fc6e-4b51-b91e-b64503dadc5e@group-F967393F7C93-LeaderElection290 got exception when requesting votes: {}
java.util.concurrent.ExecutionException: org.apache.ratis.thirdparty.io.grpc.StatusRuntimeException: UNAVAILABLE: io exception
	at java.util.concurrent.FutureTask.report(FutureTask.java:122)
	at java.util.concurrent.FutureTask.get(FutureTask.java:192)
	at org.apache.ratis.server.impl.LeaderElection.waitForResults(LeaderElection.java:259)
	at org.apache.ratis.server.impl.LeaderElection.askForVotes(LeaderElection.java:197)
	at org.apache.ratis.server.impl.LeaderElection.run(LeaderElection.java:133)
	at java.lang.Thread.run(Thread.java:748)
Caused by: org.apache.ratis.thirdparty.io.grpc.StatusRuntimeException: UNAVAILABLE: io exception
	at org.apache.ratis.thirdparty.io.grpc.stub.ClientCalls.toStatusRuntimeException(ClientCalls.java:233)
	at org.apache.ratis.thirdparty.io.grpc.stub.ClientCalls.getUnchecked(ClientCalls.java:214)
	at org.apache.ratis.thirdparty.io.grpc.stub.ClientCalls.blockingUnaryCall(ClientCalls.java:139)
	at org.apache.ratis.proto.grpc.RaftServerProtocolServiceGrpc$RaftServerProtocolServiceBlockingStub.requestVote(RaftServerProtocolServiceGrpc.java:265)
	at org.apache.ratis.grpc.server.GrpcServerProtocolClient.requestVote(GrpcServerProtocolClient.java:99)
	at org.apache.ratis.grpc.server.GrpcService.requestVote(GrpcService.java:204)
	at org.apache.ratis.server.impl.LeaderElection.lambda$submitRequests$1(LeaderElection.java:234)
	at java.util.concurrent.FutureTask.run(FutureTask.java:266)
	at java.util.concurrent.Executors$RunnableAdapter.call(Executors.java:511)
	at java.util.concurrent.FutureTask.run(FutureTask.java:266)
	at java.util.concurrent.ThreadPoolExecutor.runWorker(ThreadPoolExecutor.java:1149)
	at java.util.concurrent.ThreadPoolExecutor$Worker.run(ThreadPoolExecutor.java:624)
	... 1 more
Caused by: org.apache.ratis.thirdparty.io.netty.channel.AbstractChannel$AnnotatedConnectException: Connection refused: /192.168.157.223:33910
	at sun.nio.ch.SocketChannelImpl.checkConnect(Native Method)
	at sun.nio.ch.SocketChannelImpl.finishConnect(SocketChannelImpl.java:717)
	at org.apache.ratis.thirdparty.io.netty.channel.socket.nio.NioSocketChannel.doFinishConnect(NioSocketChannel.java:327)
	at org.apache.ratis.thirdparty.io.netty.channel.nio.AbstractNioChannel$AbstractNioUnsafe.finishConnect(AbstractNioChannel.java:340)
	at org.apache.ratis.thirdparty.io.netty.channel.nio.NioEventLoop.processSelectedKey(NioEventLoop.java:632)
	at org.apache.ratis.thirdparty.io.netty.channel.nio.NioEventLoop.processSelectedKeysOptimized(NioEventLoop.java:579)
	at org.apache.ratis.thirdparty.io.netty.channel.nio.NioEventLoop.processSelectedKeys(NioEventLoop.java:496)
	at org.apache.ratis.thirdparty.io.netty.channel.nio.NioEventLoop.run(NioEventLoop.java:458)
	at org.apache.ratis.thirdparty.io.netty.util.concurrent.SingleThreadEventExecutor$5.run(SingleThreadEventExecutor.java:897)
	at org.apache.ratis.thirdparty.io.netty.util.concurrent.FastThreadLocalRunnable.run(FastThreadLocalRunnable.java:30)
	... 1 more
Caused by: java.net.ConnectException: Connection refused
	... 11 more
2019-10-17 21:55:19,286 [java.util.concurrent.ThreadPoolExecutor$Worker@71aa17a1[State = -1, empty queue]] WARN  server.GrpcLogAppender (GrpcLogAppender.java:timeoutAppendRequest(209)) - de567563-d0dd-4cf2-91b7-f72627909699@group-3097D7458558->db0af43e-c62e-4c1d-affa-ffdb4faae2f8-GrpcLogAppender: appendEntries Timeout, request=de567563-d0dd-4cf2-91b7-f72627909699->db0af43e-c62e-4c1d-affa-ffdb4faae2f8#68-t10, previous=(t:10, i:4), leaderCommit=4, initializing? false, entries: <empty>
2019-10-17 21:55:19,286 [d6dfcdd7-fc6e-4b51-b91e-b64503dadc5e@group-F967393F7C93-LeaderElection290] INFO  impl.LeaderElection (LogUtils.java:infoOrTrace(149)) - d6dfcdd7-fc6e-4b51-b91e-b64503dadc5e@group-F967393F7C93-LeaderElection290 got exception when requesting votes: {}
java.util.concurrent.ExecutionException: org.apache.ratis.thirdparty.io.grpc.StatusRuntimeException: UNAVAILABLE: io exception
	at java.util.concurrent.FutureTask.report(FutureTask.java:122)
	at java.util.concurrent.FutureTask.get(FutureTask.java:192)
	at org.apache.ratis.server.impl.LeaderElection.waitForResults(LeaderElection.java:259)
	at org.apache.ratis.server.impl.LeaderElection.askForVotes(LeaderElection.java:197)
	at org.apache.ratis.server.impl.LeaderElection.run(LeaderElection.java:133)
	at java.lang.Thread.run(Thread.java:748)
Caused by: org.apache.ratis.thirdparty.io.grpc.StatusRuntimeException: UNAVAILABLE: io exception
	at org.apache.ratis.thirdparty.io.grpc.stub.ClientCalls.toStatusRuntimeException(ClientCalls.java:233)
	at org.apache.ratis.thirdparty.io.grpc.stub.ClientCalls.getUnchecked(ClientCalls.java:214)
	at org.apache.ratis.thirdparty.io.grpc.stub.ClientCalls.blockingUnaryCall(ClientCalls.java:139)
	at org.apache.ratis.proto.grpc.RaftServerProtocolServiceGrpc$RaftServerProtocolServiceBlockingStub.requestVote(RaftServerProtocolServiceGrpc.java:265)
	at org.apache.ratis.grpc.server.GrpcServerProtocolClient.requestVote(GrpcServerProtocolClient.java:99)
	at org.apache.ratis.grpc.server.GrpcService.requestVote(GrpcService.java:204)
	at org.apache.ratis.server.impl.LeaderElection.lambda$submitRequests$1(LeaderElection.java:234)
	at java.util.concurrent.FutureTask.run(FutureTask.java:266)
	at java.util.concurrent.Executors$RunnableAdapter.call(Executors.java:511)
	at java.util.concurrent.FutureTask.run(FutureTask.java:266)
	at java.util.concurrent.ThreadPoolExecutor.runWorker(ThreadPoolExecutor.java:1149)
	at java.util.concurrent.ThreadPoolExecutor$Worker.run(ThreadPoolExecutor.java:624)
	... 1 more
Caused by: org.apache.ratis.thirdparty.io.netty.channel.AbstractChannel$AnnotatedConnectException: Connection refused: /192.168.157.223:42172
	at sun.nio.ch.SocketChannelImpl.checkConnect(Native Method)
	at sun.nio.ch.SocketChannelImpl.finishConnect(SocketChannelImpl.java:717)
	at org.apache.ratis.thirdparty.io.netty.channel.socket.nio.NioSocketChannel.doFinishConnect(NioSocketChannel.java:327)
	at org.apache.ratis.thirdparty.io.netty.channel.nio.AbstractNioChannel$AbstractNioUnsafe.finishConnect(AbstractNioChannel.java:340)
	at org.apache.ratis.thirdparty.io.netty.channel.nio.NioEventLoop.processSelectedKey(NioEventLoop.java:632)
	at org.apache.ratis.thirdparty.io.netty.channel.nio.NioEventLoop.processSelectedKeysOptimized(NioEventLoop.java:579)
	at org.apache.ratis.thirdparty.io.netty.channel.nio.NioEventLoop.processSelectedKeys(NioEventLoop.java:496)
	at org.apache.ratis.thirdparty.io.netty.channel.nio.NioEventLoop.run(NioEventLoop.java:458)
	at org.apache.ratis.thirdparty.io.netty.util.concurrent.SingleThreadEventExecutor$5.run(SingleThreadEventExecutor.java:897)
	at org.apache.ratis.thirdparty.io.netty.util.concurrent.FastThreadLocalRunnable.run(FastThreadLocalRunnable.java:30)
	... 1 more
Caused by: java.net.ConnectException: Connection refused
	... 11 more
2019-10-17 21:55:19,287 [d6dfcdd7-fc6e-4b51-b91e-b64503dadc5e@group-F967393F7C93-LeaderElection290] INFO  impl.LeaderElection (LeaderElection.java:logAndReturn(56)) - d6dfcdd7-fc6e-4b51-b91e-b64503dadc5e@group-F967393F7C93-LeaderElection290: Election REJECTED; received 0 response(s) [] and 2 exception(s); d6dfcdd7-fc6e-4b51-b91e-b64503dadc5e@group-F967393F7C93:t293, leader=null, voted=d6dfcdd7-fc6e-4b51-b91e-b64503dadc5e, raftlog=d6dfcdd7-fc6e-4b51-b91e-b64503dadc5e@group-F967393F7C93-SegmentedRaftLog:OPENED:c-1,f-1,i0, conf=-1: [08d4cbaa-ffed-4411-a5fd-c4a38026aead:192.168.157.223:33910, da15dfee-23f0-4dc4-ad77-c00156c49cfa:192.168.157.223:42172, d6dfcdd7-fc6e-4b51-b91e-b64503dadc5e:192.168.157.223:43575], old=null
2019-10-17 21:55:19,287 [d6dfcdd7-fc6e-4b51-b91e-b64503dadc5e@group-F967393F7C93-LeaderElection290] INFO  impl.LeaderElection (LogUtils.java:infoOrTrace(149)) -   Exception 0: {}
java.util.concurrent.ExecutionException: org.apache.ratis.thirdparty.io.grpc.StatusRuntimeException: UNAVAILABLE: io exception
	at java.util.concurrent.FutureTask.report(FutureTask.java:122)
	at java.util.concurrent.FutureTask.get(FutureTask.java:192)
	at org.apache.ratis.server.impl.LeaderElection.waitForResults(LeaderElection.java:259)
	at org.apache.ratis.server.impl.LeaderElection.askForVotes(LeaderElection.java:197)
	at org.apache.ratis.server.impl.LeaderElection.run(LeaderElection.java:133)
	at java.lang.Thread.run(Thread.java:748)
Caused by: org.apache.ratis.thirdparty.io.grpc.StatusRuntimeException: UNAVAILABLE: io exception
	at org.apache.ratis.thirdparty.io.grpc.stub.ClientCalls.toStatusRuntimeException(ClientCalls.java:233)
	at org.apache.ratis.thirdparty.io.grpc.stub.ClientCalls.getUnchecked(ClientCalls.java:214)
	at org.apache.ratis.thirdparty.io.grpc.stub.ClientCalls.blockingUnaryCall(ClientCalls.java:139)
	at org.apache.ratis.proto.grpc.RaftServerProtocolServiceGrpc$RaftServerProtocolServiceBlockingStub.requestVote(RaftServerProtocolServiceGrpc.java:265)
	at org.apache.ratis.grpc.server.GrpcServerProtocolClient.requestVote(GrpcServerProtocolClient.java:99)
	at org.apache.ratis.grpc.server.GrpcService.requestVote(GrpcService.java:204)
	at org.apache.ratis.server.impl.LeaderElection.lambda$submitRequests$1(LeaderElection.java:234)
	at java.util.concurrent.FutureTask.run(FutureTask.java:266)
	at java.util.concurrent.Executors$RunnableAdapter.call(Executors.java:511)
	at java.util.concurrent.FutureTask.run(FutureTask.java:266)
	at java.util.concurrent.ThreadPoolExecutor.runWorker(ThreadPoolExecutor.java:1149)
	at java.util.concurrent.ThreadPoolExecutor$Worker.run(ThreadPoolExecutor.java:624)
	... 1 more
Caused by: org.apache.ratis.thirdparty.io.netty.channel.AbstractChannel$AnnotatedConnectException: Connection refused: /192.168.157.223:33910
	at sun.nio.ch.SocketChannelImpl.checkConnect(Native Method)
	at sun.nio.ch.SocketChannelImpl.finishConnect(SocketChannelImpl.java:717)
	at org.apache.ratis.thirdparty.io.netty.channel.socket.nio.NioSocketChannel.doFinishConnect(NioSocketChannel.java:327)
	at org.apache.ratis.thirdparty.io.netty.channel.nio.AbstractNioChannel$AbstractNioUnsafe.finishConnect(AbstractNioChannel.java:340)
	at org.apache.ratis.thirdparty.io.netty.channel.nio.NioEventLoop.processSelectedKey(NioEventLoop.java:632)
	at org.apache.ratis.thirdparty.io.netty.channel.nio.NioEventLoop.processSelectedKeysOptimized(NioEventLoop.java:579)
	at org.apache.ratis.thirdparty.io.netty.channel.nio.NioEventLoop.processSelectedKeys(NioEventLoop.java:496)
	at org.apache.ratis.thirdparty.io.netty.channel.nio.NioEventLoop.run(NioEventLoop.java:458)
	at org.apache.ratis.thirdparty.io.netty.util.concurrent.SingleThreadEventExecutor$5.run(SingleThreadEventExecutor.java:897)
	at org.apache.ratis.thirdparty.io.netty.util.concurrent.FastThreadLocalRunnable.run(FastThreadLocalRunnable.java:30)
	... 1 more
Caused by: java.net.ConnectException: Connection refused
	... 11 more
2019-10-17 21:55:19,287 [d6dfcdd7-fc6e-4b51-b91e-b64503dadc5e@group-F967393F7C93-LeaderElection290] INFO  impl.LeaderElection (LogUtils.java:infoOrTrace(149)) -   Exception 1: {}
java.util.concurrent.ExecutionException: org.apache.ratis.thirdparty.io.grpc.StatusRuntimeException: UNAVAILABLE: io exception
	at java.util.concurrent.FutureTask.report(FutureTask.java:122)
	at java.util.concurrent.FutureTask.get(FutureTask.java:192)
	at org.apache.ratis.server.impl.LeaderElection.waitForResults(LeaderElection.java:259)
	at org.apache.ratis.server.impl.LeaderElection.askForVotes(LeaderElection.java:197)
	at org.apache.ratis.server.impl.LeaderElection.run(LeaderElection.java:133)
	at java.lang.Thread.run(Thread.java:748)
Caused by: org.apache.ratis.thirdparty.io.grpc.StatusRuntimeException: UNAVAILABLE: io exception
	at org.apache.ratis.thirdparty.io.grpc.stub.ClientCalls.toStatusRuntimeException(ClientCalls.java:233)
	at org.apache.ratis.thirdparty.io.grpc.stub.ClientCalls.getUnchecked(ClientCalls.java:214)
	at org.apache.ratis.thirdparty.io.grpc.stub.ClientCalls.blockingUnaryCall(ClientCalls.java:139)
	at org.apache.ratis.proto.grpc.RaftServerProtocolServiceGrpc$RaftServerProtocolServiceBlockingStub.requestVote(RaftServerProtocolServiceGrpc.java:265)
	at org.apache.ratis.grpc.server.GrpcServerProtocolClient.requestVote(GrpcServerProtocolClient.java:99)
	at org.apache.ratis.grpc.server.GrpcService.requestVote(GrpcService.java:204)
	at org.apache.ratis.server.impl.LeaderElection.lambda$submitRequests$1(LeaderElection.java:234)
	at java.util.concurrent.FutureTask.run(FutureTask.java:266)
	at java.util.concurrent.Executors$RunnableAdapter.call(Executors.java:511)
	at java.util.concurrent.FutureTask.run(FutureTask.java:266)
	at java.util.concurrent.ThreadPoolExecutor.runWorker(ThreadPoolExecutor.java:1149)
	at java.util.concurrent.ThreadPoolExecutor$Worker.run(ThreadPoolExecutor.java:624)
	... 1 more
Caused by: org.apache.ratis.thirdparty.io.netty.channel.AbstractChannel$AnnotatedConnectException: Connection refused: /192.168.157.223:42172
	at sun.nio.ch.SocketChannelImpl.checkConnect(Native Method)
	at sun.nio.ch.SocketChannelImpl.finishConnect(SocketChannelImpl.java:717)
	at org.apache.ratis.thirdparty.io.netty.channel.socket.nio.NioSocketChannel.doFinishConnect(NioSocketChannel.java:327)
	at org.apache.ratis.thirdparty.io.netty.channel.nio.AbstractNioChannel$AbstractNioUnsafe.finishConnect(AbstractNioChannel.java:340)
	at org.apache.ratis.thirdparty.io.netty.channel.nio.NioEventLoop.processSelectedKey(NioEventLoop.java:632)
	at org.apache.ratis.thirdparty.io.netty.channel.nio.NioEventLoop.processSelectedKeysOptimized(NioEventLoop.java:579)
	at org.apache.ratis.thirdparty.io.netty.channel.nio.NioEventLoop.processSelectedKeys(NioEventLoop.java:496)
	at org.apache.ratis.thirdparty.io.netty.channel.nio.NioEventLoop.run(NioEventLoop.java:458)
	at org.apache.ratis.thirdparty.io.netty.util.concurrent.SingleThreadEventExecutor$5.run(SingleThreadEventExecutor.java:897)
	at org.apache.ratis.thirdparty.io.netty.util.concurrent.FastThreadLocalRunnable.run(FastThreadLocalRunnable.java:30)
	... 1 more
Caused by: java.net.ConnectException: Connection refused
	... 11 more
2019-10-17 21:55:19,288 [d6dfcdd7-fc6e-4b51-b91e-b64503dadc5e@group-F967393F7C93-LeaderElection290] INFO  impl.RaftServerImpl (RaftServerImpl.java:setRole(184)) - d6dfcdd7-fc6e-4b51-b91e-b64503dadc5e@group-F967393F7C93: changes role from CANDIDATE to FOLLOWER at term 293 for DISCOVERED_A_NEW_TERM
2019-10-17 21:55:19,288 [d6dfcdd7-fc6e-4b51-b91e-b64503dadc5e@group-F967393F7C93-LeaderElection290] INFO  impl.RoleInfo (RoleInfo.java:shutdownLeaderElection(134)) - d6dfcdd7-fc6e-4b51-b91e-b64503dadc5e: shutdown LeaderElection
2019-10-17 21:55:19,288 [d6dfcdd7-fc6e-4b51-b91e-b64503dadc5e@group-F967393F7C93-LeaderElection290] INFO  impl.RoleInfo (RoleInfo.java:updateAndGet(143)) - d6dfcdd7-fc6e-4b51-b91e-b64503dadc5e: start FollowerState
2019-10-17 21:55:19,349 [java.util.concurrent.ThreadPoolExecutor$Worker@52cb9ce4[State = -1, empty queue]] WARN  server.GrpcLogAppender (GrpcLogAppender.java:timeoutAppendRequest(209)) - de567563-d0dd-4cf2-91b7-f72627909699@group-3097D7458558->92c37ee0-6a4e-44d1-b217-daba3b24c095-GrpcLogAppender: appendEntries Timeout, request=de567563-d0dd-4cf2-91b7-f72627909699->92c37ee0-6a4e-44d1-b217-daba3b24c095#68-t10, previous=(t:10, i:4), leaderCommit=4, initializing? false, entries: <empty>
2019-10-17 21:55:19,476 [Thread-2338] INFO  impl.FollowerState (FollowerState.java:run(108)) - d6dfcdd7-fc6e-4b51-b91e-b64503dadc5e@group-F967393F7C93-FollowerState: change to CANDIDATE, lastRpcTime:187ms, electionTimeout:187ms
2019-10-17 21:55:19,476 [Thread-2338] INFO  impl.RoleInfo (RoleInfo.java:shutdownFollowerState(121)) - d6dfcdd7-fc6e-4b51-b91e-b64503dadc5e: shutdown FollowerState
2019-10-17 21:55:19,476 [Thread-2338] INFO  impl.RaftServerImpl (RaftServerImpl.java:setRole(184)) - d6dfcdd7-fc6e-4b51-b91e-b64503dadc5e@group-F967393F7C93: changes role from  FOLLOWER to CANDIDATE at term 293 for changeToCandidate
2019-10-17 21:55:19,476 [Thread-2338] INFO  impl.RoleInfo (RoleInfo.java:updateAndGet(143)) - d6dfcdd7-fc6e-4b51-b91e-b64503dadc5e: start LeaderElection
2019-10-17 21:55:19,489 [d6dfcdd7-fc6e-4b51-b91e-b64503dadc5e@group-F967393F7C93-LeaderElection291] INFO  impl.LeaderElection (LeaderElection.java:askForVotes(178)) - d6dfcdd7-fc6e-4b51-b91e-b64503dadc5e@group-F967393F7C93-LeaderElection291: begin an election at term 294 for -1: [08d4cbaa-ffed-4411-a5fd-c4a38026aead:192.168.157.223:33910, da15dfee-23f0-4dc4-ad77-c00156c49cfa:192.168.157.223:42172, d6dfcdd7-fc6e-4b51-b91e-b64503dadc5e:192.168.157.223:43575], old=null
2019-10-17 21:55:19,490 [d6dfcdd7-fc6e-4b51-b91e-b64503dadc5e@group-F967393F7C93-LeaderElection291] INFO  impl.LeaderElection (LogUtils.java:infoOrTrace(149)) - d6dfcdd7-fc6e-4b51-b91e-b64503dadc5e@group-F967393F7C93-LeaderElection291 got exception when requesting votes: {}
java.util.concurrent.ExecutionException: org.apache.ratis.thirdparty.io.grpc.StatusRuntimeException: UNAVAILABLE: io exception
	at java.util.concurrent.FutureTask.report(FutureTask.java:122)
	at java.util.concurrent.FutureTask.get(FutureTask.java:192)
	at org.apache.ratis.server.impl.LeaderElection.waitForResults(LeaderElection.java:259)
	at org.apache.ratis.server.impl.LeaderElection.askForVotes(LeaderElection.java:197)
	at org.apache.ratis.server.impl.LeaderElection.run(LeaderElection.java:133)
	at java.lang.Thread.run(Thread.java:748)
Caused by: org.apache.ratis.thirdparty.io.grpc.StatusRuntimeException: UNAVAILABLE: io exception
	at org.apache.ratis.thirdparty.io.grpc.stub.ClientCalls.toStatusRuntimeException(ClientCalls.java:233)
	at org.apache.ratis.thirdparty.io.grpc.stub.ClientCalls.getUnchecked(ClientCalls.java:214)
	at org.apache.ratis.thirdparty.io.grpc.stub.ClientCalls.blockingUnaryCall(ClientCalls.java:139)
	at org.apache.ratis.proto.grpc.RaftServerProtocolServiceGrpc$RaftServerProtocolServiceBlockingStub.requestVote(RaftServerProtocolServiceGrpc.java:265)
	at org.apache.ratis.grpc.server.GrpcServerProtocolClient.requestVote(GrpcServerProtocolClient.java:99)
	at org.apache.ratis.grpc.server.GrpcService.requestVote(GrpcService.java:204)
	at org.apache.ratis.server.impl.LeaderElection.lambda$submitRequests$1(LeaderElection.java:234)
	at java.util.concurrent.FutureTask.run(FutureTask.java:266)
	at java.util.concurrent.Executors$RunnableAdapter.call(Executors.java:511)
	at java.util.concurrent.FutureTask.run(FutureTask.java:266)
	at java.util.concurrent.ThreadPoolExecutor.runWorker(ThreadPoolExecutor.java:1149)
	at java.util.concurrent.ThreadPoolExecutor$Worker.run(ThreadPoolExecutor.java:624)
	... 1 more
Caused by: org.apache.ratis.thirdparty.io.netty.channel.AbstractChannel$AnnotatedConnectException: Connection refused: /192.168.157.223:42172
	at sun.nio.ch.SocketChannelImpl.checkConnect(Native Method)
	at sun.nio.ch.SocketChannelImpl.finishConnect(SocketChannelImpl.java:717)
	at org.apache.ratis.thirdparty.io.netty.channel.socket.nio.NioSocketChannel.doFinishConnect(NioSocketChannel.java:327)
	at org.apache.ratis.thirdparty.io.netty.channel.nio.AbstractNioChannel$AbstractNioUnsafe.finishConnect(AbstractNioChannel.java:340)
	at org.apache.ratis.thirdparty.io.netty.channel.nio.NioEventLoop.processSelectedKey(NioEventLoop.java:632)
	at org.apache.ratis.thirdparty.io.netty.channel.nio.NioEventLoop.processSelectedKeysOptimized(NioEventLoop.java:579)
	at org.apache.ratis.thirdparty.io.netty.channel.nio.NioEventLoop.processSelectedKeys(NioEventLoop.java:496)
	at org.apache.ratis.thirdparty.io.netty.channel.nio.NioEventLoop.run(NioEventLoop.java:458)
	at org.apache.ratis.thirdparty.io.netty.util.concurrent.SingleThreadEventExecutor$5.run(SingleThreadEventExecutor.java:897)
	at org.apache.ratis.thirdparty.io.netty.util.concurrent.FastThreadLocalRunnable.run(FastThreadLocalRunnable.java:30)
	... 1 more
Caused by: java.net.ConnectException: Connection refused
	... 11 more
2019-10-17 21:55:19,490 [d6dfcdd7-fc6e-4b51-b91e-b64503dadc5e@group-F967393F7C93-LeaderElection291] INFO  impl.LeaderElection (LogUtils.java:infoOrTrace(149)) - d6dfcdd7-fc6e-4b51-b91e-b64503dadc5e@group-F967393F7C93-LeaderElection291 got exception when requesting votes: {}
java.util.concurrent.ExecutionException: org.apache.ratis.thirdparty.io.grpc.StatusRuntimeException: UNAVAILABLE: io exception
	at java.util.concurrent.FutureTask.report(FutureTask.java:122)
	at java.util.concurrent.FutureTask.get(FutureTask.java:192)
	at org.apache.ratis.server.impl.LeaderElection.waitForResults(LeaderElection.java:259)
	at org.apache.ratis.server.impl.LeaderElection.askForVotes(LeaderElection.java:197)
	at org.apache.ratis.server.impl.LeaderElection.run(LeaderElection.java:133)
	at java.lang.Thread.run(Thread.java:748)
Caused by: org.apache.ratis.thirdparty.io.grpc.StatusRuntimeException: UNAVAILABLE: io exception
	at org.apache.ratis.thirdparty.io.grpc.stub.ClientCalls.toStatusRuntimeException(ClientCalls.java:233)
	at org.apache.ratis.thirdparty.io.grpc.stub.ClientCalls.getUnchecked(ClientCalls.java:214)
	at org.apache.ratis.thirdparty.io.grpc.stub.ClientCalls.blockingUnaryCall(ClientCalls.java:139)
	at org.apache.ratis.proto.grpc.RaftServerProtocolServiceGrpc$RaftServerProtocolServiceBlockingStub.requestVote(RaftServerProtocolServiceGrpc.java:265)
	at org.apache.ratis.grpc.server.GrpcServerProtocolClient.requestVote(GrpcServerProtocolClient.java:99)
	at org.apache.ratis.grpc.server.GrpcService.requestVote(GrpcService.java:204)
	at org.apache.ratis.server.impl.LeaderElection.lambda$submitRequests$1(LeaderElection.java:234)
	at java.util.concurrent.FutureTask.run(FutureTask.java:266)
	at java.util.concurrent.Executors$RunnableAdapter.call(Executors.java:511)
	at java.util.concurrent.FutureTask.run(FutureTask.java:266)
	at java.util.concurrent.ThreadPoolExecutor.runWorker(ThreadPoolExecutor.java:1149)
	at java.util.concurrent.ThreadPoolExecutor$Worker.run(ThreadPoolExecutor.java:624)
	... 1 more
Caused by: org.apache.ratis.thirdparty.io.netty.channel.AbstractChannel$AnnotatedConnectException: Connection refused: /192.168.157.223:33910
	at sun.nio.ch.SocketChannelImpl.checkConnect(Native Method)
	at sun.nio.ch.SocketChannelImpl.finishConnect(SocketChannelImpl.java:717)
	at org.apache.ratis.thirdparty.io.netty.channel.socket.nio.NioSocketChannel.doFinishConnect(NioSocketChannel.java:327)
	at org.apache.ratis.thirdparty.io.netty.channel.nio.AbstractNioChannel$AbstractNioUnsafe.finishConnect(AbstractNioChannel.java:340)
	at org.apache.ratis.thirdparty.io.netty.channel.nio.NioEventLoop.processSelectedKey(NioEventLoop.java:632)
	at org.apache.ratis.thirdparty.io.netty.channel.nio.NioEventLoop.processSelectedKeysOptimized(NioEventLoop.java:579)
	at org.apache.ratis.thirdparty.io.netty.channel.nio.NioEventLoop.processSelectedKeys(NioEventLoop.java:496)
	at org.apache.ratis.thirdparty.io.netty.channel.nio.NioEventLoop.run(NioEventLoop.java:458)
	at org.apache.ratis.thirdparty.io.netty.util.concurrent.SingleThreadEventExecutor$5.run(SingleThreadEventExecutor.java:897)
	at org.apache.ratis.thirdparty.io.netty.util.concurrent.FastThreadLocalRunnable.run(FastThreadLocalRunnable.java:30)
	... 1 more
Caused by: java.net.ConnectException: Connection refused
	... 11 more
2019-10-17 21:55:19,491 [d6dfcdd7-fc6e-4b51-b91e-b64503dadc5e@group-F967393F7C93-LeaderElection291] INFO  impl.LeaderElection (LeaderElection.java:logAndReturn(56)) - d6dfcdd7-fc6e-4b51-b91e-b64503dadc5e@group-F967393F7C93-LeaderElection291: Election REJECTED; received 0 response(s) [] and 2 exception(s); d6dfcdd7-fc6e-4b51-b91e-b64503dadc5e@group-F967393F7C93:t294, leader=null, voted=d6dfcdd7-fc6e-4b51-b91e-b64503dadc5e, raftlog=d6dfcdd7-fc6e-4b51-b91e-b64503dadc5e@group-F967393F7C93-SegmentedRaftLog:OPENED:c-1,f-1,i0, conf=-1: [08d4cbaa-ffed-4411-a5fd-c4a38026aead:192.168.157.223:33910, da15dfee-23f0-4dc4-ad77-c00156c49cfa:192.168.157.223:42172, d6dfcdd7-fc6e-4b51-b91e-b64503dadc5e:192.168.157.223:43575], old=null
2019-10-17 21:55:19,491 [d6dfcdd7-fc6e-4b51-b91e-b64503dadc5e@group-F967393F7C93-LeaderElection291] INFO  impl.LeaderElection (LogUtils.java:infoOrTrace(149)) -   Exception 0: {}
java.util.concurrent.ExecutionException: org.apache.ratis.thirdparty.io.grpc.StatusRuntimeException: UNAVAILABLE: io exception
	at java.util.concurrent.FutureTask.report(FutureTask.java:122)
	at java.util.concurrent.FutureTask.get(FutureTask.java:192)
	at org.apache.ratis.server.impl.LeaderElection.waitForResults(LeaderElection.java:259)
	at org.apache.ratis.server.impl.LeaderElection.askForVotes(LeaderElection.java:197)
	at org.apache.ratis.server.impl.LeaderElection.run(LeaderElection.java:133)
	at java.lang.Thread.run(Thread.java:748)
Caused by: org.apache.ratis.thirdparty.io.grpc.StatusRuntimeException: UNAVAILABLE: io exception
	at org.apache.ratis.thirdparty.io.grpc.stub.ClientCalls.toStatusRuntimeException(ClientCalls.java:233)
	at org.apache.ratis.thirdparty.io.grpc.stub.ClientCalls.getUnchecked(ClientCalls.java:214)
	at org.apache.ratis.thirdparty.io.grpc.stub.ClientCalls.blockingUnaryCall(ClientCalls.java:139)
	at org.apache.ratis.proto.grpc.RaftServerProtocolServiceGrpc$RaftServerProtocolServiceBlockingStub.requestVote(RaftServerProtocolServiceGrpc.java:265)
	at org.apache.ratis.grpc.server.GrpcServerProtocolClient.requestVote(GrpcServerProtocolClient.java:99)
	at org.apache.ratis.grpc.server.GrpcService.requestVote(GrpcService.java:204)
	at org.apache.ratis.server.impl.LeaderElection.lambda$submitRequests$1(LeaderElection.java:234)
	at java.util.concurrent.FutureTask.run(FutureTask.java:266)
	at java.util.concurrent.Executors$RunnableAdapter.call(Executors.java:511)
	at java.util.concurrent.FutureTask.run(FutureTask.java:266)
	at java.util.concurrent.ThreadPoolExecutor.runWorker(ThreadPoolExecutor.java:1149)
	at java.util.concurrent.ThreadPoolExecutor$Worker.run(ThreadPoolExecutor.java:624)
	... 1 more
Caused by: org.apache.ratis.thirdparty.io.netty.channel.AbstractChannel$AnnotatedConnectException: Connection refused: /192.168.157.223:42172
	at sun.nio.ch.SocketChannelImpl.checkConnect(Native Method)
	at sun.nio.ch.SocketChannelImpl.finishConnect(SocketChannelImpl.java:717)
	at org.apache.ratis.thirdparty.io.netty.channel.socket.nio.NioSocketChannel.doFinishConnect(NioSocketChannel.java:327)
	at org.apache.ratis.thirdparty.io.netty.channel.nio.AbstractNioChannel$AbstractNioUnsafe.finishConnect(AbstractNioChannel.java:340)
	at org.apache.ratis.thirdparty.io.netty.channel.nio.NioEventLoop.processSelectedKey(NioEventLoop.java:632)
	at org.apache.ratis.thirdparty.io.netty.channel.nio.NioEventLoop.processSelectedKeysOptimized(NioEventLoop.java:579)
	at org.apache.ratis.thirdparty.io.netty.channel.nio.NioEventLoop.processSelectedKeys(NioEventLoop.java:496)
	at org.apache.ratis.thirdparty.io.netty.channel.nio.NioEventLoop.run(NioEventLoop.java:458)
	at org.apache.ratis.thirdparty.io.netty.util.concurrent.SingleThreadEventExecutor$5.run(SingleThreadEventExecutor.java:897)
	at org.apache.ratis.thirdparty.io.netty.util.concurrent.FastThreadLocalRunnable.run(FastThreadLocalRunnable.java:30)
	... 1 more
Caused by: java.net.ConnectException: Connection refused
	... 11 more
2019-10-17 21:55:19,491 [d6dfcdd7-fc6e-4b51-b91e-b64503dadc5e@group-F967393F7C93-LeaderElection291] INFO  impl.LeaderElection (LogUtils.java:infoOrTrace(149)) -   Exception 1: {}
java.util.concurrent.ExecutionException: org.apache.ratis.thirdparty.io.grpc.StatusRuntimeException: UNAVAILABLE: io exception
	at java.util.concurrent.FutureTask.report(FutureTask.java:122)
	at java.util.concurrent.FutureTask.get(FutureTask.java:192)
	at org.apache.ratis.server.impl.LeaderElection.waitForResults(LeaderElection.java:259)
	at org.apache.ratis.server.impl.LeaderElection.askForVotes(LeaderElection.java:197)
	at org.apache.ratis.server.impl.LeaderElection.run(LeaderElection.java:133)
	at java.lang.Thread.run(Thread.java:748)
Caused by: org.apache.ratis.thirdparty.io.grpc.StatusRuntimeException: UNAVAILABLE: io exception
	at org.apache.ratis.thirdparty.io.grpc.stub.ClientCalls.toStatusRuntimeException(ClientCalls.java:233)
	at org.apache.ratis.thirdparty.io.grpc.stub.ClientCalls.getUnchecked(ClientCalls.java:214)
	at org.apache.ratis.thirdparty.io.grpc.stub.ClientCalls.blockingUnaryCall(ClientCalls.java:139)
	at org.apache.ratis.proto.grpc.RaftServerProtocolServiceGrpc$RaftServerProtocolServiceBlockingStub.requestVote(RaftServerProtocolServiceGrpc.java:265)
	at org.apache.ratis.grpc.server.GrpcServerProtocolClient.requestVote(GrpcServerProtocolClient.java:99)
	at org.apache.ratis.grpc.server.GrpcService.requestVote(GrpcService.java:204)
	at org.apache.ratis.server.impl.LeaderElection.lambda$submitRequests$1(LeaderElection.java:234)
	at java.util.concurrent.FutureTask.run(FutureTask.java:266)
	at java.util.concurrent.Executors$RunnableAdapter.call(Executors.java:511)
	at java.util.concurrent.FutureTask.run(FutureTask.java:266)
	at java.util.concurrent.ThreadPoolExecutor.runWorker(ThreadPoolExecutor.java:1149)
	at java.util.concurrent.ThreadPoolExecutor$Worker.run(ThreadPoolExecutor.java:624)
	... 1 more
Caused by: org.apache.ratis.thirdparty.io.netty.channel.AbstractChannel$AnnotatedConnectException: Connection refused: /192.168.157.223:33910
	at sun.nio.ch.SocketChannelImpl.checkConnect(Native Method)
	at sun.nio.ch.SocketChannelImpl.finishConnect(SocketChannelImpl.java:717)
	at org.apache.ratis.thirdparty.io.netty.channel.socket.nio.NioSocketChannel.doFinishConnect(NioSocketChannel.java:327)
	at org.apache.ratis.thirdparty.io.netty.channel.nio.AbstractNioChannel$AbstractNioUnsafe.finishConnect(AbstractNioChannel.java:340)
	at org.apache.ratis.thirdparty.io.netty.channel.nio.NioEventLoop.processSelectedKey(NioEventLoop.java:632)
	at org.apache.ratis.thirdparty.io.netty.channel.nio.NioEventLoop.processSelectedKeysOptimized(NioEventLoop.java:579)
	at org.apache.ratis.thirdparty.io.netty.channel.nio.NioEventLoop.processSelectedKeys(NioEventLoop.java:496)
	at org.apache.ratis.thirdparty.io.netty.channel.nio.NioEventLoop.run(NioEventLoop.java:458)
	at org.apache.ratis.thirdparty.io.netty.util.concurrent.SingleThreadEventExecutor$5.run(SingleThreadEventExecutor.java:897)
	at org.apache.ratis.thirdparty.io.netty.util.concurrent.FastThreadLocalRunnable.run(FastThreadLocalRunnable.java:30)
	... 1 more
Caused by: java.net.ConnectException: Connection refused
	... 11 more
2019-10-17 21:55:19,491 [d6dfcdd7-fc6e-4b51-b91e-b64503dadc5e@group-F967393F7C93-LeaderElection291] INFO  impl.RaftServerImpl (RaftServerImpl.java:setRole(184)) - d6dfcdd7-fc6e-4b51-b91e-b64503dadc5e@group-F967393F7C93: changes role from CANDIDATE to FOLLOWER at term 294 for DISCOVERED_A_NEW_TERM
2019-10-17 21:55:19,492 [d6dfcdd7-fc6e-4b51-b91e-b64503dadc5e@group-F967393F7C93-LeaderElection291] INFO  impl.RoleInfo (RoleInfo.java:shutdownLeaderElection(134)) - d6dfcdd7-fc6e-4b51-b91e-b64503dadc5e: shutdown LeaderElection
2019-10-17 21:55:19,492 [d6dfcdd7-fc6e-4b51-b91e-b64503dadc5e@group-F967393F7C93-LeaderElection291] INFO  impl.RoleInfo (RoleInfo.java:updateAndGet(143)) - d6dfcdd7-fc6e-4b51-b91e-b64503dadc5e: start FollowerState
2019-10-17 21:55:19,684 [Thread-2342] INFO  impl.FollowerState (FollowerState.java:run(108)) - d6dfcdd7-fc6e-4b51-b91e-b64503dadc5e@group-F967393F7C93-FollowerState: change to CANDIDATE, lastRpcTime:192ms, electionTimeout:192ms
2019-10-17 21:55:19,684 [Thread-2342] INFO  impl.RoleInfo (RoleInfo.java:shutdownFollowerState(121)) - d6dfcdd7-fc6e-4b51-b91e-b64503dadc5e: shutdown FollowerState
2019-10-17 21:55:19,684 [Thread-2342] INFO  impl.RaftServerImpl (RaftServerImpl.java:setRole(184)) - d6dfcdd7-fc6e-4b51-b91e-b64503dadc5e@group-F967393F7C93: changes role from  FOLLOWER to CANDIDATE at term 294 for changeToCandidate
2019-10-17 21:55:19,685 [Thread-2342] INFO  impl.RoleInfo (RoleInfo.java:updateAndGet(143)) - d6dfcdd7-fc6e-4b51-b91e-b64503dadc5e: start LeaderElection
2019-10-17 21:55:19,698 [d6dfcdd7-fc6e-4b51-b91e-b64503dadc5e@group-F967393F7C93-LeaderElection292] INFO  impl.LeaderElection (LeaderElection.java:askForVotes(178)) - d6dfcdd7-fc6e-4b51-b91e-b64503dadc5e@group-F967393F7C93-LeaderElection292: begin an election at term 295 for -1: [08d4cbaa-ffed-4411-a5fd-c4a38026aead:192.168.157.223:33910, da15dfee-23f0-4dc4-ad77-c00156c49cfa:192.168.157.223:42172, d6dfcdd7-fc6e-4b51-b91e-b64503dadc5e:192.168.157.223:43575], old=null
2019-10-17 21:55:19,699 [d6dfcdd7-fc6e-4b51-b91e-b64503dadc5e@group-F967393F7C93-LeaderElection292] INFO  impl.LeaderElection (LogUtils.java:infoOrTrace(149)) - d6dfcdd7-fc6e-4b51-b91e-b64503dadc5e@group-F967393F7C93-LeaderElection292 got exception when requesting votes: {}
java.util.concurrent.ExecutionException: org.apache.ratis.thirdparty.io.grpc.StatusRuntimeException: UNAVAILABLE: io exception
	at java.util.concurrent.FutureTask.report(FutureTask.java:122)
	at java.util.concurrent.FutureTask.get(FutureTask.java:192)
	at org.apache.ratis.server.impl.LeaderElection.waitForResults(LeaderElection.java:259)
	at org.apache.ratis.server.impl.LeaderElection.askForVotes(LeaderElection.java:197)
	at org.apache.ratis.server.impl.LeaderElection.run(LeaderElection.java:133)
	at java.lang.Thread.run(Thread.java:748)
Caused by: org.apache.ratis.thirdparty.io.grpc.StatusRuntimeException: UNAVAILABLE: io exception
	at org.apache.ratis.thirdparty.io.grpc.stub.ClientCalls.toStatusRuntimeException(ClientCalls.java:233)
	at org.apache.ratis.thirdparty.io.grpc.stub.ClientCalls.getUnchecked(ClientCalls.java:214)
	at org.apache.ratis.thirdparty.io.grpc.stub.ClientCalls.blockingUnaryCall(ClientCalls.java:139)
	at org.apache.ratis.proto.grpc.RaftServerProtocolServiceGrpc$RaftServerProtocolServiceBlockingStub.requestVote(RaftServerProtocolServiceGrpc.java:265)
	at org.apache.ratis.grpc.server.GrpcServerProtocolClient.requestVote(GrpcServerProtocolClient.java:99)
	at org.apache.ratis.grpc.server.GrpcService.requestVote(GrpcService.java:204)
	at org.apache.ratis.server.impl.LeaderElection.lambda$submitRequests$1(LeaderElection.java:234)
	at java.util.concurrent.FutureTask.run(FutureTask.java:266)
	at java.util.concurrent.Executors$RunnableAdapter.call(Executors.java:511)
	at java.util.concurrent.FutureTask.run(FutureTask.java:266)
	at java.util.concurrent.ThreadPoolExecutor.runWorker(ThreadPoolExecutor.java:1149)
	at java.util.concurrent.ThreadPoolExecutor$Worker.run(ThreadPoolExecutor.java:624)
	... 1 more
Caused by: org.apache.ratis.thirdparty.io.netty.channel.AbstractChannel$AnnotatedConnectException: Connection refused: /192.168.157.223:33910
	at sun.nio.ch.SocketChannelImpl.checkConnect(Native Method)
	at sun.nio.ch.SocketChannelImpl.finishConnect(SocketChannelImpl.java:717)
	at org.apache.ratis.thirdparty.io.netty.channel.socket.nio.NioSocketChannel.doFinishConnect(NioSocketChannel.java:327)
	at org.apache.ratis.thirdparty.io.netty.channel.nio.AbstractNioChannel$AbstractNioUnsafe.finishConnect(AbstractNioChannel.java:340)
	at org.apache.ratis.thirdparty.io.netty.channel.nio.NioEventLoop.processSelectedKey(NioEventLoop.java:632)
	at org.apache.ratis.thirdparty.io.netty.channel.nio.NioEventLoop.processSelectedKeysOptimized(NioEventLoop.java:579)
	at org.apache.ratis.thirdparty.io.netty.channel.nio.NioEventLoop.processSelectedKeys(NioEventLoop.java:496)
	at org.apache.ratis.thirdparty.io.netty.channel.nio.NioEventLoop.run(NioEventLoop.java:458)
	at org.apache.ratis.thirdparty.io.netty.util.concurrent.SingleThreadEventExecutor$5.run(SingleThreadEventExecutor.java:897)
	at org.apache.ratis.thirdparty.io.netty.util.concurrent.FastThreadLocalRunnable.run(FastThreadLocalRunnable.java:30)
	... 1 more
Caused by: java.net.ConnectException: Connection refused
	... 11 more
2019-10-17 21:55:19,700 [d6dfcdd7-fc6e-4b51-b91e-b64503dadc5e@group-F967393F7C93-LeaderElection292] INFO  impl.LeaderElection (LogUtils.java:infoOrTrace(149)) - d6dfcdd7-fc6e-4b51-b91e-b64503dadc5e@group-F967393F7C93-LeaderElection292 got exception when requesting votes: {}
java.util.concurrent.ExecutionException: org.apache.ratis.thirdparty.io.grpc.StatusRuntimeException: UNAVAILABLE: io exception
	at java.util.concurrent.FutureTask.report(FutureTask.java:122)
	at java.util.concurrent.FutureTask.get(FutureTask.java:192)
	at org.apache.ratis.server.impl.LeaderElection.waitForResults(LeaderElection.java:259)
	at org.apache.ratis.server.impl.LeaderElection.askForVotes(LeaderElection.java:197)
	at org.apache.ratis.server.impl.LeaderElection.run(LeaderElection.java:133)
	at java.lang.Thread.run(Thread.java:748)
Caused by: org.apache.ratis.thirdparty.io.grpc.StatusRuntimeException: UNAVAILABLE: io exception
	at org.apache.ratis.thirdparty.io.grpc.stub.ClientCalls.toStatusRuntimeException(ClientCalls.java:233)
	at org.apache.ratis.thirdparty.io.grpc.stub.ClientCalls.getUnchecked(ClientCalls.java:214)
	at org.apache.ratis.thirdparty.io.grpc.stub.ClientCalls.blockingUnaryCall(ClientCalls.java:139)
	at org.apache.ratis.proto.grpc.RaftServerProtocolServiceGrpc$RaftServerProtocolServiceBlockingStub.requestVote(RaftServerProtocolServiceGrpc.java:265)
	at org.apache.ratis.grpc.server.GrpcServerProtocolClient.requestVote(GrpcServerProtocolClient.java:99)
	at org.apache.ratis.grpc.server.GrpcService.requestVote(GrpcService.java:204)
	at org.apache.ratis.server.impl.LeaderElection.lambda$submitRequests$1(LeaderElection.java:234)
	at java.util.concurrent.FutureTask.run(FutureTask.java:266)
	at java.util.concurrent.Executors$RunnableAdapter.call(Executors.java:511)
	at java.util.concurrent.FutureTask.run(FutureTask.java:266)
	at java.util.concurrent.ThreadPoolExecutor.runWorker(ThreadPoolExecutor.java:1149)
	at java.util.concurrent.ThreadPoolExecutor$Worker.run(ThreadPoolExecutor.java:624)
	... 1 more
Caused by: org.apache.ratis.thirdparty.io.netty.channel.AbstractChannel$AnnotatedConnectException: Connection refused: /192.168.157.223:42172
	at sun.nio.ch.SocketChannelImpl.checkConnect(Native Method)
	at sun.nio.ch.SocketChannelImpl.finishConnect(SocketChannelImpl.java:717)
	at org.apache.ratis.thirdparty.io.netty.channel.socket.nio.NioSocketChannel.doFinishConnect(NioSocketChannel.java:327)
	at org.apache.ratis.thirdparty.io.netty.channel.nio.AbstractNioChannel$AbstractNioUnsafe.finishConnect(AbstractNioChannel.java:340)
	at org.apache.ratis.thirdparty.io.netty.channel.nio.NioEventLoop.processSelectedKey(NioEventLoop.java:632)
	at org.apache.ratis.thirdparty.io.netty.channel.nio.NioEventLoop.processSelectedKeysOptimized(NioEventLoop.java:579)
	at org.apache.ratis.thirdparty.io.netty.channel.nio.NioEventLoop.processSelectedKeys(NioEventLoop.java:496)
	at org.apache.ratis.thirdparty.io.netty.channel.nio.NioEventLoop.run(NioEventLoop.java:458)
	at org.apache.ratis.thirdparty.io.netty.util.concurrent.SingleThreadEventExecutor$5.run(SingleThreadEventExecutor.java:897)
	at org.apache.ratis.thirdparty.io.netty.util.concurrent.FastThreadLocalRunnable.run(FastThreadLocalRunnable.java:30)
	... 1 more
Caused by: java.net.ConnectException: Connection refused
	... 11 more
2019-10-17 21:55:19,701 [d6dfcdd7-fc6e-4b51-b91e-b64503dadc5e@group-F967393F7C93-LeaderElection292] INFO  impl.LeaderElection (LeaderElection.java:logAndReturn(56)) - d6dfcdd7-fc6e-4b51-b91e-b64503dadc5e@group-F967393F7C93-LeaderElection292: Election REJECTED; received 0 response(s) [] and 2 exception(s); d6dfcdd7-fc6e-4b51-b91e-b64503dadc5e@group-F967393F7C93:t295, leader=null, voted=d6dfcdd7-fc6e-4b51-b91e-b64503dadc5e, raftlog=d6dfcdd7-fc6e-4b51-b91e-b64503dadc5e@group-F967393F7C93-SegmentedRaftLog:OPENED:c-1,f-1,i0, conf=-1: [08d4cbaa-ffed-4411-a5fd-c4a38026aead:192.168.157.223:33910, da15dfee-23f0-4dc4-ad77-c00156c49cfa:192.168.157.223:42172, d6dfcdd7-fc6e-4b51-b91e-b64503dadc5e:192.168.157.223:43575], old=null
2019-10-17 21:55:19,701 [d6dfcdd7-fc6e-4b51-b91e-b64503dadc5e@group-F967393F7C93-LeaderElection292] INFO  impl.LeaderElection (LogUtils.java:infoOrTrace(149)) -   Exception 0: {}
java.util.concurrent.ExecutionException: org.apache.ratis.thirdparty.io.grpc.StatusRuntimeException: UNAVAILABLE: io exception
	at java.util.concurrent.FutureTask.report(FutureTask.java:122)
	at java.util.concurrent.FutureTask.get(FutureTask.java:192)
	at org.apache.ratis.server.impl.LeaderElection.waitForResults(LeaderElection.java:259)
	at org.apache.ratis.server.impl.LeaderElection.askForVotes(LeaderElection.java:197)
	at org.apache.ratis.server.impl.LeaderElection.run(LeaderElection.java:133)
	at java.lang.Thread.run(Thread.java:748)
Caused by: org.apache.ratis.thirdparty.io.grpc.StatusRuntimeException: UNAVAILABLE: io exception
	at org.apache.ratis.thirdparty.io.grpc.stub.ClientCalls.toStatusRuntimeException(ClientCalls.java:233)
	at org.apache.ratis.thirdparty.io.grpc.stub.ClientCalls.getUnchecked(ClientCalls.java:214)
	at org.apache.ratis.thirdparty.io.grpc.stub.ClientCalls.blockingUnaryCall(ClientCalls.java:139)
	at org.apache.ratis.proto.grpc.RaftServerProtocolServiceGrpc$RaftServerProtocolServiceBlockingStub.requestVote(RaftServerProtocolServiceGrpc.java:265)
	at org.apache.ratis.grpc.server.GrpcServerProtocolClient.requestVote(GrpcServerProtocolClient.java:99)
	at org.apache.ratis.grpc.server.GrpcService.requestVote(GrpcService.java:204)
	at org.apache.ratis.server.impl.LeaderElection.lambda$submitRequests$1(LeaderElection.java:234)
	at java.util.concurrent.FutureTask.run(FutureTask.java:266)
	at java.util.concurrent.Executors$RunnableAdapter.call(Executors.java:511)
	at java.util.concurrent.FutureTask.run(FutureTask.java:266)
	at java.util.concurrent.ThreadPoolExecutor.runWorker(ThreadPoolExecutor.java:1149)
	at java.util.concurrent.ThreadPoolExecutor$Worker.run(ThreadPoolExecutor.java:624)
	... 1 more
Caused by: org.apache.ratis.thirdparty.io.netty.channel.AbstractChannel$AnnotatedConnectException: Connection refused: /192.168.157.223:33910
	at sun.nio.ch.SocketChannelImpl.checkConnect(Native Method)
	at sun.nio.ch.SocketChannelImpl.finishConnect(SocketChannelImpl.java:717)
	at org.apache.ratis.thirdparty.io.netty.channel.socket.nio.NioSocketChannel.doFinishConnect(NioSocketChannel.java:327)
	at org.apache.ratis.thirdparty.io.netty.channel.nio.AbstractNioChannel$AbstractNioUnsafe.finishConnect(AbstractNioChannel.java:340)
	at org.apache.ratis.thirdparty.io.netty.channel.nio.NioEventLoop.processSelectedKey(NioEventLoop.java:632)
	at org.apache.ratis.thirdparty.io.netty.channel.nio.NioEventLoop.processSelectedKeysOptimized(NioEventLoop.java:579)
	at org.apache.ratis.thirdparty.io.netty.channel.nio.NioEventLoop.processSelectedKeys(NioEventLoop.java:496)
	at org.apache.ratis.thirdparty.io.netty.channel.nio.NioEventLoop.run(NioEventLoop.java:458)
	at org.apache.ratis.thirdparty.io.netty.util.concurrent.SingleThreadEventExecutor$5.run(SingleThreadEventExecutor.java:897)
	at org.apache.ratis.thirdparty.io.netty.util.concurrent.FastThreadLocalRunnable.run(FastThreadLocalRunnable.java:30)
	... 1 more
Caused by: java.net.ConnectException: Connection refused
	... 11 more
2019-10-17 21:55:19,701 [d6dfcdd7-fc6e-4b51-b91e-b64503dadc5e@group-F967393F7C93-LeaderElection292] INFO  impl.LeaderElection (LogUtils.java:infoOrTrace(149)) -   Exception 1: {}
java.util.concurrent.ExecutionException: org.apache.ratis.thirdparty.io.grpc.StatusRuntimeException: UNAVAILABLE: io exception
	at java.util.concurrent.FutureTask.report(FutureTask.java:122)
	at java.util.concurrent.FutureTask.get(FutureTask.java:192)
	at org.apache.ratis.server.impl.LeaderElection.waitForResults(LeaderElection.java:259)
	at org.apache.ratis.server.impl.LeaderElection.askForVotes(LeaderElection.java:197)
	at org.apache.ratis.server.impl.LeaderElection.run(LeaderElection.java:133)
	at java.lang.Thread.run(Thread.java:748)
Caused by: org.apache.ratis.thirdparty.io.grpc.StatusRuntimeException: UNAVAILABLE: io exception
	at org.apache.ratis.thirdparty.io.grpc.stub.ClientCalls.toStatusRuntimeException(ClientCalls.java:233)
	at org.apache.ratis.thirdparty.io.grpc.stub.ClientCalls.getUnchecked(ClientCalls.java:214)
	at org.apache.ratis.thirdparty.io.grpc.stub.ClientCalls.blockingUnaryCall(ClientCalls.java:139)
	at org.apache.ratis.proto.grpc.RaftServerProtocolServiceGrpc$RaftServerProtocolServiceBlockingStub.requestVote(RaftServerProtocolServiceGrpc.java:265)
	at org.apache.ratis.grpc.server.GrpcServerProtocolClient.requestVote(GrpcServerProtocolClient.java:99)
	at org.apache.ratis.grpc.server.GrpcService.requestVote(GrpcService.java:204)
	at org.apache.ratis.server.impl.LeaderElection.lambda$submitRequests$1(LeaderElection.java:234)
	at java.util.concurrent.FutureTask.run(FutureTask.java:266)
	at java.util.concurrent.Executors$RunnableAdapter.call(Executors.java:511)
	at java.util.concurrent.FutureTask.run(FutureTask.java:266)
	at java.util.concurrent.ThreadPoolExecutor.runWorker(ThreadPoolExecutor.java:1149)
	at java.util.concurrent.ThreadPoolExecutor$Worker.run(ThreadPoolExecutor.java:624)
	... 1 more
Caused by: org.apache.ratis.thirdparty.io.netty.channel.AbstractChannel$AnnotatedConnectException: Connection refused: /192.168.157.223:42172
	at sun.nio.ch.SocketChannelImpl.checkConnect(Native Method)
	at sun.nio.ch.SocketChannelImpl.finishConnect(SocketChannelImpl.java:717)
	at org.apache.ratis.thirdparty.io.netty.channel.socket.nio.NioSocketChannel.doFinishConnect(NioSocketChannel.java:327)
	at org.apache.ratis.thirdparty.io.netty.channel.nio.AbstractNioChannel$AbstractNioUnsafe.finishConnect(AbstractNioChannel.java:340)
	at org.apache.ratis.thirdparty.io.netty.channel.nio.NioEventLoop.processSelectedKey(NioEventLoop.java:632)
	at org.apache.ratis.thirdparty.io.netty.channel.nio.NioEventLoop.processSelectedKeysOptimized(NioEventLoop.java:579)
	at org.apache.ratis.thirdparty.io.netty.channel.nio.NioEventLoop.processSelectedKeys(NioEventLoop.java:496)
	at org.apache.ratis.thirdparty.io.netty.channel.nio.NioEventLoop.run(NioEventLoop.java:458)
	at org.apache.ratis.thirdparty.io.netty.util.concurrent.SingleThreadEventExecutor$5.run(SingleThreadEventExecutor.java:897)
	at org.apache.ratis.thirdparty.io.netty.util.concurrent.FastThreadLocalRunnable.run(FastThreadLocalRunnable.java:30)
	... 1 more
Caused by: java.net.ConnectException: Connection refused
	... 11 more
2019-10-17 21:55:19,702 [d6dfcdd7-fc6e-4b51-b91e-b64503dadc5e@group-F967393F7C93-LeaderElection292] INFO  impl.RaftServerImpl (RaftServerImpl.java:setRole(184)) - d6dfcdd7-fc6e-4b51-b91e-b64503dadc5e@group-F967393F7C93: changes role from CANDIDATE to FOLLOWER at term 295 for DISCOVERED_A_NEW_TERM
2019-10-17 21:55:19,702 [d6dfcdd7-fc6e-4b51-b91e-b64503dadc5e@group-F967393F7C93-LeaderElection292] INFO  impl.RoleInfo (RoleInfo.java:shutdownLeaderElection(134)) - d6dfcdd7-fc6e-4b51-b91e-b64503dadc5e: shutdown LeaderElection
2019-10-17 21:55:19,702 [d6dfcdd7-fc6e-4b51-b91e-b64503dadc5e@group-F967393F7C93-LeaderElection292] INFO  impl.RoleInfo (RoleInfo.java:updateAndGet(143)) - d6dfcdd7-fc6e-4b51-b91e-b64503dadc5e: start FollowerState
2019-10-17 21:55:19,786 [java.util.concurrent.ThreadPoolExecutor$Worker@71aa17a1[State = -1, empty queue]] WARN  server.GrpcLogAppender (GrpcLogAppender.java:timeoutAppendRequest(209)) - de567563-d0dd-4cf2-91b7-f72627909699@group-3097D7458558->db0af43e-c62e-4c1d-affa-ffdb4faae2f8-GrpcLogAppender: appendEntries Timeout, request=de567563-d0dd-4cf2-91b7-f72627909699->db0af43e-c62e-4c1d-affa-ffdb4faae2f8#69-t10, previous=(t:10, i:4), leaderCommit=4, initializing? false, entries: <empty>
2019-10-17 21:55:19,840 [Thread-2346] INFO  impl.FollowerState (FollowerState.java:run(108)) - d6dfcdd7-fc6e-4b51-b91e-b64503dadc5e@group-F967393F7C93-FollowerState: change to CANDIDATE, lastRpcTime:138ms, electionTimeout:138ms
2019-10-17 21:55:19,841 [Thread-2346] INFO  impl.RoleInfo (RoleInfo.java:shutdownFollowerState(121)) - d6dfcdd7-fc6e-4b51-b91e-b64503dadc5e: shutdown FollowerState
2019-10-17 21:55:19,841 [Thread-2346] INFO  impl.RaftServerImpl (RaftServerImpl.java:setRole(184)) - d6dfcdd7-fc6e-4b51-b91e-b64503dadc5e@group-F967393F7C93: changes role from  FOLLOWER to CANDIDATE at term 295 for changeToCandidate
2019-10-17 21:55:19,841 [Thread-2346] INFO  impl.RoleInfo (RoleInfo.java:updateAndGet(143)) - d6dfcdd7-fc6e-4b51-b91e-b64503dadc5e: start LeaderElection
2019-10-17 21:55:19,849 [java.util.concurrent.ThreadPoolExecutor$Worker@52cb9ce4[State = -1, empty queue]] WARN  server.GrpcLogAppender (GrpcLogAppender.java:timeoutAppendRequest(209)) - de567563-d0dd-4cf2-91b7-f72627909699@group-3097D7458558->92c37ee0-6a4e-44d1-b217-daba3b24c095-GrpcLogAppender: appendEntries Timeout, request=de567563-d0dd-4cf2-91b7-f72627909699->92c37ee0-6a4e-44d1-b217-daba3b24c095#69-t10, previous=(t:10, i:4), leaderCommit=4, initializing? false, entries: <empty>
2019-10-17 21:55:19,854 [d6dfcdd7-fc6e-4b51-b91e-b64503dadc5e@group-F967393F7C93-LeaderElection293] INFO  impl.LeaderElection (LeaderElection.java:askForVotes(178)) - d6dfcdd7-fc6e-4b51-b91e-b64503dadc5e@group-F967393F7C93-LeaderElection293: begin an election at term 296 for -1: [08d4cbaa-ffed-4411-a5fd-c4a38026aead:192.168.157.223:33910, da15dfee-23f0-4dc4-ad77-c00156c49cfa:192.168.157.223:42172, d6dfcdd7-fc6e-4b51-b91e-b64503dadc5e:192.168.157.223:43575], old=null
2019-10-17 21:55:19,855 [d6dfcdd7-fc6e-4b51-b91e-b64503dadc5e@group-F967393F7C93-LeaderElection293] INFO  impl.LeaderElection (LogUtils.java:infoOrTrace(149)) - d6dfcdd7-fc6e-4b51-b91e-b64503dadc5e@group-F967393F7C93-LeaderElection293 got exception when requesting votes: {}
java.util.concurrent.ExecutionException: org.apache.ratis.thirdparty.io.grpc.StatusRuntimeException: UNAVAILABLE: io exception
	at java.util.concurrent.FutureTask.report(FutureTask.java:122)
	at java.util.concurrent.FutureTask.get(FutureTask.java:192)
	at org.apache.ratis.server.impl.LeaderElection.waitForResults(LeaderElection.java:259)
	at org.apache.ratis.server.impl.LeaderElection.askForVotes(LeaderElection.java:197)
	at org.apache.ratis.server.impl.LeaderElection.run(LeaderElection.java:133)
	at java.lang.Thread.run(Thread.java:748)
Caused by: org.apache.ratis.thirdparty.io.grpc.StatusRuntimeException: UNAVAILABLE: io exception
	at org.apache.ratis.thirdparty.io.grpc.stub.ClientCalls.toStatusRuntimeException(ClientCalls.java:233)
	at org.apache.ratis.thirdparty.io.grpc.stub.ClientCalls.getUnchecked(ClientCalls.java:214)
	at org.apache.ratis.thirdparty.io.grpc.stub.ClientCalls.blockingUnaryCall(ClientCalls.java:139)
	at org.apache.ratis.proto.grpc.RaftServerProtocolServiceGrpc$RaftServerProtocolServiceBlockingStub.requestVote(RaftServerProtocolServiceGrpc.java:265)
	at org.apache.ratis.grpc.server.GrpcServerProtocolClient.requestVote(GrpcServerProtocolClient.java:99)
	at org.apache.ratis.grpc.server.GrpcService.requestVote(GrpcService.java:204)
	at org.apache.ratis.server.impl.LeaderElection.lambda$submitRequests$1(LeaderElection.java:234)
	at java.util.concurrent.FutureTask.run(FutureTask.java:266)
	at java.util.concurrent.Executors$RunnableAdapter.call(Executors.java:511)
	at java.util.concurrent.FutureTask.run(FutureTask.java:266)
	at java.util.concurrent.ThreadPoolExecutor.runWorker(ThreadPoolExecutor.java:1149)
	at java.util.concurrent.ThreadPoolExecutor$Worker.run(ThreadPoolExecutor.java:624)
	... 1 more
Caused by: org.apache.ratis.thirdparty.io.netty.channel.AbstractChannel$AnnotatedConnectException: Connection refused: /192.168.157.223:33910
	at sun.nio.ch.SocketChannelImpl.checkConnect(Native Method)
	at sun.nio.ch.SocketChannelImpl.finishConnect(SocketChannelImpl.java:717)
	at org.apache.ratis.thirdparty.io.netty.channel.socket.nio.NioSocketChannel.doFinishConnect(NioSocketChannel.java:327)
	at org.apache.ratis.thirdparty.io.netty.channel.nio.AbstractNioChannel$AbstractNioUnsafe.finishConnect(AbstractNioChannel.java:340)
	at org.apache.ratis.thirdparty.io.netty.channel.nio.NioEventLoop.processSelectedKey(NioEventLoop.java:632)
	at org.apache.ratis.thirdparty.io.netty.channel.nio.NioEventLoop.processSelectedKeysOptimized(NioEventLoop.java:579)
	at org.apache.ratis.thirdparty.io.netty.channel.nio.NioEventLoop.processSelectedKeys(NioEventLoop.java:496)
	at org.apache.ratis.thirdparty.io.netty.channel.nio.NioEventLoop.run(NioEventLoop.java:458)
	at org.apache.ratis.thirdparty.io.netty.util.concurrent.SingleThreadEventExecutor$5.run(SingleThreadEventExecutor.java:897)
	at org.apache.ratis.thirdparty.io.netty.util.concurrent.FastThreadLocalRunnable.run(FastThreadLocalRunnable.java:30)
	... 1 more
Caused by: java.net.ConnectException: Connection refused
	... 11 more
2019-10-17 21:55:19,856 [d6dfcdd7-fc6e-4b51-b91e-b64503dadc5e@group-F967393F7C93-LeaderElection293] INFO  impl.LeaderElection (LogUtils.java:infoOrTrace(149)) - d6dfcdd7-fc6e-4b51-b91e-b64503dadc5e@group-F967393F7C93-LeaderElection293 got exception when requesting votes: {}
java.util.concurrent.ExecutionException: org.apache.ratis.thirdparty.io.grpc.StatusRuntimeException: UNAVAILABLE: io exception
	at java.util.concurrent.FutureTask.report(FutureTask.java:122)
	at java.util.concurrent.FutureTask.get(FutureTask.java:192)
	at org.apache.ratis.server.impl.LeaderElection.waitForResults(LeaderElection.java:259)
	at org.apache.ratis.server.impl.LeaderElection.askForVotes(LeaderElection.java:197)
	at org.apache.ratis.server.impl.LeaderElection.run(LeaderElection.java:133)
	at java.lang.Thread.run(Thread.java:748)
Caused by: org.apache.ratis.thirdparty.io.grpc.StatusRuntimeException: UNAVAILABLE: io exception
	at org.apache.ratis.thirdparty.io.grpc.stub.ClientCalls.toStatusRuntimeException(ClientCalls.java:233)
	at org.apache.ratis.thirdparty.io.grpc.stub.ClientCalls.getUnchecked(ClientCalls.java:214)
	at org.apache.ratis.thirdparty.io.grpc.stub.ClientCalls.blockingUnaryCall(ClientCalls.java:139)
	at org.apache.ratis.proto.grpc.RaftServerProtocolServiceGrpc$RaftServerProtocolServiceBlockingStub.requestVote(RaftServerProtocolServiceGrpc.java:265)
	at org.apache.ratis.grpc.server.GrpcServerProtocolClient.requestVote(GrpcServerProtocolClient.java:99)
	at org.apache.ratis.grpc.server.GrpcService.requestVote(GrpcService.java:204)
	at org.apache.ratis.server.impl.LeaderElection.lambda$submitRequests$1(LeaderElection.java:234)
	at java.util.concurrent.FutureTask.run(FutureTask.java:266)
	at java.util.concurrent.Executors$RunnableAdapter.call(Executors.java:511)
	at java.util.concurrent.FutureTask.run(FutureTask.java:266)
	at java.util.concurrent.ThreadPoolExecutor.runWorker(ThreadPoolExecutor.java:1149)
	at java.util.concurrent.ThreadPoolExecutor$Worker.run(ThreadPoolExecutor.java:624)
	... 1 more
Caused by: org.apache.ratis.thirdparty.io.netty.channel.AbstractChannel$AnnotatedConnectException: Connection refused: /192.168.157.223:42172
	at sun.nio.ch.SocketChannelImpl.checkConnect(Native Method)
	at sun.nio.ch.SocketChannelImpl.finishConnect(SocketChannelImpl.java:717)
	at org.apache.ratis.thirdparty.io.netty.channel.socket.nio.NioSocketChannel.doFinishConnect(NioSocketChannel.java:327)
	at org.apache.ratis.thirdparty.io.netty.channel.nio.AbstractNioChannel$AbstractNioUnsafe.finishConnect(AbstractNioChannel.java:340)
	at org.apache.ratis.thirdparty.io.netty.channel.nio.NioEventLoop.processSelectedKey(NioEventLoop.java:632)
	at org.apache.ratis.thirdparty.io.netty.channel.nio.NioEventLoop.processSelectedKeysOptimized(NioEventLoop.java:579)
	at org.apache.ratis.thirdparty.io.netty.channel.nio.NioEventLoop.processSelectedKeys(NioEventLoop.java:496)
	at org.apache.ratis.thirdparty.io.netty.channel.nio.NioEventLoop.run(NioEventLoop.java:458)
	at org.apache.ratis.thirdparty.io.netty.util.concurrent.SingleThreadEventExecutor$5.run(SingleThreadEventExecutor.java:897)
	at org.apache.ratis.thirdparty.io.netty.util.concurrent.FastThreadLocalRunnable.run(FastThreadLocalRunnable.java:30)
	... 1 more
Caused by: java.net.ConnectException: Connection refused
	... 11 more
2019-10-17 21:55:19,856 [d6dfcdd7-fc6e-4b51-b91e-b64503dadc5e@group-F967393F7C93-LeaderElection293] INFO  impl.LeaderElection (LeaderElection.java:logAndReturn(56)) - d6dfcdd7-fc6e-4b51-b91e-b64503dadc5e@group-F967393F7C93-LeaderElection293: Election REJECTED; received 0 response(s) [] and 2 exception(s); d6dfcdd7-fc6e-4b51-b91e-b64503dadc5e@group-F967393F7C93:t296, leader=null, voted=d6dfcdd7-fc6e-4b51-b91e-b64503dadc5e, raftlog=d6dfcdd7-fc6e-4b51-b91e-b64503dadc5e@group-F967393F7C93-SegmentedRaftLog:OPENED:c-1,f-1,i0, conf=-1: [08d4cbaa-ffed-4411-a5fd-c4a38026aead:192.168.157.223:33910, da15dfee-23f0-4dc4-ad77-c00156c49cfa:192.168.157.223:42172, d6dfcdd7-fc6e-4b51-b91e-b64503dadc5e:192.168.157.223:43575], old=null
2019-10-17 21:55:19,856 [d6dfcdd7-fc6e-4b51-b91e-b64503dadc5e@group-F967393F7C93-LeaderElection293] INFO  impl.LeaderElection (LogUtils.java:infoOrTrace(149)) -   Exception 0: {}
java.util.concurrent.ExecutionException: org.apache.ratis.thirdparty.io.grpc.StatusRuntimeException: UNAVAILABLE: io exception
	at java.util.concurrent.FutureTask.report(FutureTask.java:122)
	at java.util.concurrent.FutureTask.get(FutureTask.java:192)
	at org.apache.ratis.server.impl.LeaderElection.waitForResults(LeaderElection.java:259)
	at org.apache.ratis.server.impl.LeaderElection.askForVotes(LeaderElection.java:197)
	at org.apache.ratis.server.impl.LeaderElection.run(LeaderElection.java:133)
	at java.lang.Thread.run(Thread.java:748)
Caused by: org.apache.ratis.thirdparty.io.grpc.StatusRuntimeException: UNAVAILABLE: io exception
	at org.apache.ratis.thirdparty.io.grpc.stub.ClientCalls.toStatusRuntimeException(ClientCalls.java:233)
	at org.apache.ratis.thirdparty.io.grpc.stub.ClientCalls.getUnchecked(ClientCalls.java:214)
	at org.apache.ratis.thirdparty.io.grpc.stub.ClientCalls.blockingUnaryCall(ClientCalls.java:139)
	at org.apache.ratis.proto.grpc.RaftServerProtocolServiceGrpc$RaftServerProtocolServiceBlockingStub.requestVote(RaftServerProtocolServiceGrpc.java:265)
	at org.apache.ratis.grpc.server.GrpcServerProtocolClient.requestVote(GrpcServerProtocolClient.java:99)
	at org.apache.ratis.grpc.server.GrpcService.requestVote(GrpcService.java:204)
	at org.apache.ratis.server.impl.LeaderElection.lambda$submitRequests$1(LeaderElection.java:234)
	at java.util.concurrent.FutureTask.run(FutureTask.java:266)
	at java.util.concurrent.Executors$RunnableAdapter.call(Executors.java:511)
	at java.util.concurrent.FutureTask.run(FutureTask.java:266)
	at java.util.concurrent.ThreadPoolExecutor.runWorker(ThreadPoolExecutor.java:1149)
	at java.util.concurrent.ThreadPoolExecutor$Worker.run(ThreadPoolExecutor.java:624)
	... 1 more
Caused by: org.apache.ratis.thirdparty.io.netty.channel.AbstractChannel$AnnotatedConnectException: Connection refused: /192.168.157.223:33910
	at sun.nio.ch.SocketChannelImpl.checkConnect(Native Method)
	at sun.nio.ch.SocketChannelImpl.finishConnect(SocketChannelImpl.java:717)
	at org.apache.ratis.thirdparty.io.netty.channel.socket.nio.NioSocketChannel.doFinishConnect(NioSocketChannel.java:327)
	at org.apache.ratis.thirdparty.io.netty.channel.nio.AbstractNioChannel$AbstractNioUnsafe.finishConnect(AbstractNioChannel.java:340)
	at org.apache.ratis.thirdparty.io.netty.channel.nio.NioEventLoop.processSelectedKey(NioEventLoop.java:632)
	at org.apache.ratis.thirdparty.io.netty.channel.nio.NioEventLoop.processSelectedKeysOptimized(NioEventLoop.java:579)
	at org.apache.ratis.thirdparty.io.netty.channel.nio.NioEventLoop.processSelectedKeys(NioEventLoop.java:496)
	at org.apache.ratis.thirdparty.io.netty.channel.nio.NioEventLoop.run(NioEventLoop.java:458)
	at org.apache.ratis.thirdparty.io.netty.util.concurrent.SingleThreadEventExecutor$5.run(SingleThreadEventExecutor.java:897)
	at org.apache.ratis.thirdparty.io.netty.util.concurrent.FastThreadLocalRunnable.run(FastThreadLocalRunnable.java:30)
	... 1 more
Caused by: java.net.ConnectException: Connection refused
	... 11 more
2019-10-17 21:55:19,857 [d6dfcdd7-fc6e-4b51-b91e-b64503dadc5e@group-F967393F7C93-LeaderElection293] INFO  impl.LeaderElection (LogUtils.java:infoOrTrace(149)) -   Exception 1: {}
java.util.concurrent.ExecutionException: org.apache.ratis.thirdparty.io.grpc.StatusRuntimeException: UNAVAILABLE: io exception
	at java.util.concurrent.FutureTask.report(FutureTask.java:122)
	at java.util.concurrent.FutureTask.get(FutureTask.java:192)
	at org.apache.ratis.server.impl.LeaderElection.waitForResults(LeaderElection.java:259)
	at org.apache.ratis.server.impl.LeaderElection.askForVotes(LeaderElection.java:197)
	at org.apache.ratis.server.impl.LeaderElection.run(LeaderElection.java:133)
	at java.lang.Thread.run(Thread.java:748)
Caused by: org.apache.ratis.thirdparty.io.grpc.StatusRuntimeException: UNAVAILABLE: io exception
	at org.apache.ratis.thirdparty.io.grpc.stub.ClientCalls.toStatusRuntimeException(ClientCalls.java:233)
	at org.apache.ratis.thirdparty.io.grpc.stub.ClientCalls.getUnchecked(ClientCalls.java:214)
	at org.apache.ratis.thirdparty.io.grpc.stub.ClientCalls.blockingUnaryCall(ClientCalls.java:139)
	at org.apache.ratis.proto.grpc.RaftServerProtocolServiceGrpc$RaftServerProtocolServiceBlockingStub.requestVote(RaftServerProtocolServiceGrpc.java:265)
	at org.apache.ratis.grpc.server.GrpcServerProtocolClient.requestVote(GrpcServerProtocolClient.java:99)
	at org.apache.ratis.grpc.server.GrpcService.requestVote(GrpcService.java:204)
	at org.apache.ratis.server.impl.LeaderElection.lambda$submitRequests$1(LeaderElection.java:234)
	at java.util.concurrent.FutureTask.run(FutureTask.java:266)
	at java.util.concurrent.Executors$RunnableAdapter.call(Executors.java:511)
	at java.util.concurrent.FutureTask.run(FutureTask.java:266)
	at java.util.concurrent.ThreadPoolExecutor.runWorker(ThreadPoolExecutor.java:1149)
	at java.util.concurrent.ThreadPoolExecutor$Worker.run(ThreadPoolExecutor.java:624)
	... 1 more
Caused by: org.apache.ratis.thirdparty.io.netty.channel.AbstractChannel$AnnotatedConnectException: Connection refused: /192.168.157.223:42172
	at sun.nio.ch.SocketChannelImpl.checkConnect(Native Method)
	at sun.nio.ch.SocketChannelImpl.finishConnect(SocketChannelImpl.java:717)
	at org.apache.ratis.thirdparty.io.netty.channel.socket.nio.NioSocketChannel.doFinishConnect(NioSocketChannel.java:327)
	at org.apache.ratis.thirdparty.io.netty.channel.nio.AbstractNioChannel$AbstractNioUnsafe.finishConnect(AbstractNioChannel.java:340)
	at org.apache.ratis.thirdparty.io.netty.channel.nio.NioEventLoop.processSelectedKey(NioEventLoop.java:632)
	at org.apache.ratis.thirdparty.io.netty.channel.nio.NioEventLoop.processSelectedKeysOptimized(NioEventLoop.java:579)
	at org.apache.ratis.thirdparty.io.netty.channel.nio.NioEventLoop.processSelectedKeys(NioEventLoop.java:496)
	at org.apache.ratis.thirdparty.io.netty.channel.nio.NioEventLoop.run(NioEventLoop.java:458)
	at org.apache.ratis.thirdparty.io.netty.util.concurrent.SingleThreadEventExecutor$5.run(SingleThreadEventExecutor.java:897)
	at org.apache.ratis.thirdparty.io.netty.util.concurrent.FastThreadLocalRunnable.run(FastThreadLocalRunnable.java:30)
	... 1 more
Caused by: java.net.ConnectException: Connection refused
	... 11 more
2019-10-17 21:55:19,857 [d6dfcdd7-fc6e-4b51-b91e-b64503dadc5e@group-F967393F7C93-LeaderElection293] INFO  impl.RaftServerImpl (RaftServerImpl.java:setRole(184)) - d6dfcdd7-fc6e-4b51-b91e-b64503dadc5e@group-F967393F7C93: changes role from CANDIDATE to FOLLOWER at term 296 for DISCOVERED_A_NEW_TERM
2019-10-17 21:55:19,857 [d6dfcdd7-fc6e-4b51-b91e-b64503dadc5e@group-F967393F7C93-LeaderElection293] INFO  impl.RoleInfo (RoleInfo.java:shutdownLeaderElection(134)) - d6dfcdd7-fc6e-4b51-b91e-b64503dadc5e: shutdown LeaderElection
2019-10-17 21:55:19,857 [d6dfcdd7-fc6e-4b51-b91e-b64503dadc5e@group-F967393F7C93-LeaderElection293] INFO  impl.RoleInfo (RoleInfo.java:updateAndGet(143)) - d6dfcdd7-fc6e-4b51-b91e-b64503dadc5e: start FollowerState
2019-10-17 21:55:19,880 [Thread-2350] INFO  impl.FollowerState (FollowerState.java:run(108)) - d6dfcdd7-fc6e-4b51-b91e-b64503dadc5e@group-F967393F7C93-FollowerState: change to CANDIDATE, lastRpcTime:23ms, electionTimeout:23ms
2019-10-17 21:55:19,881 [Thread-2350] INFO  impl.RoleInfo (RoleInfo.java:shutdownFollowerState(121)) - d6dfcdd7-fc6e-4b51-b91e-b64503dadc5e: shutdown FollowerState
2019-10-17 21:55:19,881 [Thread-2350] INFO  impl.RaftServerImpl (RaftServerImpl.java:setRole(184)) - d6dfcdd7-fc6e-4b51-b91e-b64503dadc5e@group-F967393F7C93: changes role from  FOLLOWER to CANDIDATE at term 296 for changeToCandidate
2019-10-17 21:55:19,881 [Thread-2350] INFO  impl.RoleInfo (RoleInfo.java:updateAndGet(143)) - d6dfcdd7-fc6e-4b51-b91e-b64503dadc5e: start LeaderElection
2019-10-17 21:55:19,894 [d6dfcdd7-fc6e-4b51-b91e-b64503dadc5e@group-F967393F7C93-LeaderElection294] INFO  impl.LeaderElection (LeaderElection.java:askForVotes(178)) - d6dfcdd7-fc6e-4b51-b91e-b64503dadc5e@group-F967393F7C93-LeaderElection294: begin an election at term 297 for -1: [08d4cbaa-ffed-4411-a5fd-c4a38026aead:192.168.157.223:33910, da15dfee-23f0-4dc4-ad77-c00156c49cfa:192.168.157.223:42172, d6dfcdd7-fc6e-4b51-b91e-b64503dadc5e:192.168.157.223:43575], old=null
2019-10-17 21:55:19,895 [d6dfcdd7-fc6e-4b51-b91e-b64503dadc5e@group-F967393F7C93-LeaderElection294] INFO  impl.LeaderElection (LogUtils.java:infoOrTrace(149)) - d6dfcdd7-fc6e-4b51-b91e-b64503dadc5e@group-F967393F7C93-LeaderElection294 got exception when requesting votes: {}
java.util.concurrent.ExecutionException: org.apache.ratis.thirdparty.io.grpc.StatusRuntimeException: UNAVAILABLE: io exception
	at java.util.concurrent.FutureTask.report(FutureTask.java:122)
	at java.util.concurrent.FutureTask.get(FutureTask.java:192)
	at org.apache.ratis.server.impl.LeaderElection.waitForResults(LeaderElection.java:259)
	at org.apache.ratis.server.impl.LeaderElection.askForVotes(LeaderElection.java:197)
	at org.apache.ratis.server.impl.LeaderElection.run(LeaderElection.java:133)
	at java.lang.Thread.run(Thread.java:748)
Caused by: org.apache.ratis.thirdparty.io.grpc.StatusRuntimeException: UNAVAILABLE: io exception
	at org.apache.ratis.thirdparty.io.grpc.stub.ClientCalls.toStatusRuntimeException(ClientCalls.java:233)
	at org.apache.ratis.thirdparty.io.grpc.stub.ClientCalls.getUnchecked(ClientCalls.java:214)
	at org.apache.ratis.thirdparty.io.grpc.stub.ClientCalls.blockingUnaryCall(ClientCalls.java:139)
	at org.apache.ratis.proto.grpc.RaftServerProtocolServiceGrpc$RaftServerProtocolServiceBlockingStub.requestVote(RaftServerProtocolServiceGrpc.java:265)
	at org.apache.ratis.grpc.server.GrpcServerProtocolClient.requestVote(GrpcServerProtocolClient.java:99)
	at org.apache.ratis.grpc.server.GrpcService.requestVote(GrpcService.java:204)
	at org.apache.ratis.server.impl.LeaderElection.lambda$submitRequests$1(LeaderElection.java:234)
	at java.util.concurrent.FutureTask.run(FutureTask.java:266)
	at java.util.concurrent.Executors$RunnableAdapter.call(Executors.java:511)
	at java.util.concurrent.FutureTask.run(FutureTask.java:266)
	at java.util.concurrent.ThreadPoolExecutor.runWorker(ThreadPoolExecutor.java:1149)
	at java.util.concurrent.ThreadPoolExecutor$Worker.run(ThreadPoolExecutor.java:624)
	... 1 more
Caused by: org.apache.ratis.thirdparty.io.netty.channel.AbstractChannel$AnnotatedConnectException: Connection refused: /192.168.157.223:33910
	at sun.nio.ch.SocketChannelImpl.checkConnect(Native Method)
	at sun.nio.ch.SocketChannelImpl.finishConnect(SocketChannelImpl.java:717)
	at org.apache.ratis.thirdparty.io.netty.channel.socket.nio.NioSocketChannel.doFinishConnect(NioSocketChannel.java:327)
	at org.apache.ratis.thirdparty.io.netty.channel.nio.AbstractNioChannel$AbstractNioUnsafe.finishConnect(AbstractNioChannel.java:340)
	at org.apache.ratis.thirdparty.io.netty.channel.nio.NioEventLoop.processSelectedKey(NioEventLoop.java:632)
	at org.apache.ratis.thirdparty.io.netty.channel.nio.NioEventLoop.processSelectedKeysOptimized(NioEventLoop.java:579)
	at org.apache.ratis.thirdparty.io.netty.channel.nio.NioEventLoop.processSelectedKeys(NioEventLoop.java:496)
	at org.apache.ratis.thirdparty.io.netty.channel.nio.NioEventLoop.run(NioEventLoop.java:458)
	at org.apache.ratis.thirdparty.io.netty.util.concurrent.SingleThreadEventExecutor$5.run(SingleThreadEventExecutor.java:897)
	at org.apache.ratis.thirdparty.io.netty.util.concurrent.FastThreadLocalRunnable.run(FastThreadLocalRunnable.java:30)
	... 1 more
Caused by: java.net.ConnectException: Connection refused
	... 11 more
2019-10-17 21:55:19,895 [d6dfcdd7-fc6e-4b51-b91e-b64503dadc5e@group-F967393F7C93-LeaderElection294] INFO  impl.LeaderElection (LogUtils.java:infoOrTrace(149)) - d6dfcdd7-fc6e-4b51-b91e-b64503dadc5e@group-F967393F7C93-LeaderElection294 got exception when requesting votes: {}
java.util.concurrent.ExecutionException: org.apache.ratis.thirdparty.io.grpc.StatusRuntimeException: UNAVAILABLE: io exception
	at java.util.concurrent.FutureTask.report(FutureTask.java:122)
	at java.util.concurrent.FutureTask.get(FutureTask.java:192)
	at org.apache.ratis.server.impl.LeaderElection.waitForResults(LeaderElection.java:259)
	at org.apache.ratis.server.impl.LeaderElection.askForVotes(LeaderElection.java:197)
	at org.apache.ratis.server.impl.LeaderElection.run(LeaderElection.java:133)
	at java.lang.Thread.run(Thread.java:748)
Caused by: org.apache.ratis.thirdparty.io.grpc.StatusRuntimeException: UNAVAILABLE: io exception
	at org.apache.ratis.thirdparty.io.grpc.stub.ClientCalls.toStatusRuntimeException(ClientCalls.java:233)
	at org.apache.ratis.thirdparty.io.grpc.stub.ClientCalls.getUnchecked(ClientCalls.java:214)
	at org.apache.ratis.thirdparty.io.grpc.stub.ClientCalls.blockingUnaryCall(ClientCalls.java:139)
	at org.apache.ratis.proto.grpc.RaftServerProtocolServiceGrpc$RaftServerProtocolServiceBlockingStub.requestVote(RaftServerProtocolServiceGrpc.java:265)
	at org.apache.ratis.grpc.server.GrpcServerProtocolClient.requestVote(GrpcServerProtocolClient.java:99)
	at org.apache.ratis.grpc.server.GrpcService.requestVote(GrpcService.java:204)
	at org.apache.ratis.server.impl.LeaderElection.lambda$submitRequests$1(LeaderElection.java:234)
	at java.util.concurrent.FutureTask.run(FutureTask.java:266)
	at java.util.concurrent.Executors$RunnableAdapter.call(Executors.java:511)
	at java.util.concurrent.FutureTask.run(FutureTask.java:266)
	at java.util.concurrent.ThreadPoolExecutor.runWorker(ThreadPoolExecutor.java:1149)
	at java.util.concurrent.ThreadPoolExecutor$Worker.run(ThreadPoolExecutor.java:624)
	... 1 more
Caused by: org.apache.ratis.thirdparty.io.netty.channel.AbstractChannel$AnnotatedConnectException: Connection refused: /192.168.157.223:42172
	at sun.nio.ch.SocketChannelImpl.checkConnect(Native Method)
	at sun.nio.ch.SocketChannelImpl.finishConnect(SocketChannelImpl.java:717)
	at org.apache.ratis.thirdparty.io.netty.channel.socket.nio.NioSocketChannel.doFinishConnect(NioSocketChannel.java:327)
	at org.apache.ratis.thirdparty.io.netty.channel.nio.AbstractNioChannel$AbstractNioUnsafe.finishConnect(AbstractNioChannel.java:340)
	at org.apache.ratis.thirdparty.io.netty.channel.nio.NioEventLoop.processSelectedKey(NioEventLoop.java:632)
	at org.apache.ratis.thirdparty.io.netty.channel.nio.NioEventLoop.processSelectedKeysOptimized(NioEventLoop.java:579)
	at org.apache.ratis.thirdparty.io.netty.channel.nio.NioEventLoop.processSelectedKeys(NioEventLoop.java:496)
	at org.apache.ratis.thirdparty.io.netty.channel.nio.NioEventLoop.run(NioEventLoop.java:458)
	at org.apache.ratis.thirdparty.io.netty.util.concurrent.SingleThreadEventExecutor$5.run(SingleThreadEventExecutor.java:897)
	at org.apache.ratis.thirdparty.io.netty.util.concurrent.FastThreadLocalRunnable.run(FastThreadLocalRunnable.java:30)
	... 1 more
Caused by: java.net.ConnectException: Connection refused
	... 11 more
2019-10-17 21:55:19,895 [d6dfcdd7-fc6e-4b51-b91e-b64503dadc5e@group-F967393F7C93-LeaderElection294] INFO  impl.LeaderElection (LeaderElection.java:logAndReturn(56)) - d6dfcdd7-fc6e-4b51-b91e-b64503dadc5e@group-F967393F7C93-LeaderElection294: Election REJECTED; received 0 response(s) [] and 2 exception(s); d6dfcdd7-fc6e-4b51-b91e-b64503dadc5e@group-F967393F7C93:t297, leader=null, voted=d6dfcdd7-fc6e-4b51-b91e-b64503dadc5e, raftlog=d6dfcdd7-fc6e-4b51-b91e-b64503dadc5e@group-F967393F7C93-SegmentedRaftLog:OPENED:c-1,f-1,i0, conf=-1: [08d4cbaa-ffed-4411-a5fd-c4a38026aead:192.168.157.223:33910, da15dfee-23f0-4dc4-ad77-c00156c49cfa:192.168.157.223:42172, d6dfcdd7-fc6e-4b51-b91e-b64503dadc5e:192.168.157.223:43575], old=null
2019-10-17 21:55:19,896 [d6dfcdd7-fc6e-4b51-b91e-b64503dadc5e@group-F967393F7C93-LeaderElection294] INFO  impl.LeaderElection (LogUtils.java:infoOrTrace(149)) -   Exception 0: {}
java.util.concurrent.ExecutionException: org.apache.ratis.thirdparty.io.grpc.StatusRuntimeException: UNAVAILABLE: io exception
	at java.util.concurrent.FutureTask.report(FutureTask.java:122)
	at java.util.concurrent.FutureTask.get(FutureTask.java:192)
	at org.apache.ratis.server.impl.LeaderElection.waitForResults(LeaderElection.java:259)
	at org.apache.ratis.server.impl.LeaderElection.askForVotes(LeaderElection.java:197)
	at org.apache.ratis.server.impl.LeaderElection.run(LeaderElection.java:133)
	at java.lang.Thread.run(Thread.java:748)
Caused by: org.apache.ratis.thirdparty.io.grpc.StatusRuntimeException: UNAVAILABLE: io exception
	at org.apache.ratis.thirdparty.io.grpc.stub.ClientCalls.toStatusRuntimeException(ClientCalls.java:233)
	at org.apache.ratis.thirdparty.io.grpc.stub.ClientCalls.getUnchecked(ClientCalls.java:214)
	at org.apache.ratis.thirdparty.io.grpc.stub.ClientCalls.blockingUnaryCall(ClientCalls.java:139)
	at org.apache.ratis.proto.grpc.RaftServerProtocolServiceGrpc$RaftServerProtocolServiceBlockingStub.requestVote(RaftServerProtocolServiceGrpc.java:265)
	at org.apache.ratis.grpc.server.GrpcServerProtocolClient.requestVote(GrpcServerProtocolClient.java:99)
	at org.apache.ratis.grpc.server.GrpcService.requestVote(GrpcService.java:204)
	at org.apache.ratis.server.impl.LeaderElection.lambda$submitRequests$1(LeaderElection.java:234)
	at java.util.concurrent.FutureTask.run(FutureTask.java:266)
	at java.util.concurrent.Executors$RunnableAdapter.call(Executors.java:511)
	at java.util.concurrent.FutureTask.run(FutureTask.java:266)
	at java.util.concurrent.ThreadPoolExecutor.runWorker(ThreadPoolExecutor.java:1149)
	at java.util.concurrent.ThreadPoolExecutor$Worker.run(ThreadPoolExecutor.java:624)
	... 1 more
Caused by: org.apache.ratis.thirdparty.io.netty.channel.AbstractChannel$AnnotatedConnectException: Connection refused: /192.168.157.223:33910
	at sun.nio.ch.SocketChannelImpl.checkConnect(Native Method)
	at sun.nio.ch.SocketChannelImpl.finishConnect(SocketChannelImpl.java:717)
	at org.apache.ratis.thirdparty.io.netty.channel.socket.nio.NioSocketChannel.doFinishConnect(NioSocketChannel.java:327)
	at org.apache.ratis.thirdparty.io.netty.channel.nio.AbstractNioChannel$AbstractNioUnsafe.finishConnect(AbstractNioChannel.java:340)
	at org.apache.ratis.thirdparty.io.netty.channel.nio.NioEventLoop.processSelectedKey(NioEventLoop.java:632)
	at org.apache.ratis.thirdparty.io.netty.channel.nio.NioEventLoop.processSelectedKeysOptimized(NioEventLoop.java:579)
	at org.apache.ratis.thirdparty.io.netty.channel.nio.NioEventLoop.processSelectedKeys(NioEventLoop.java:496)
	at org.apache.ratis.thirdparty.io.netty.channel.nio.NioEventLoop.run(NioEventLoop.java:458)
	at org.apache.ratis.thirdparty.io.netty.util.concurrent.SingleThreadEventExecutor$5.run(SingleThreadEventExecutor.java:897)
	at org.apache.ratis.thirdparty.io.netty.util.concurrent.FastThreadLocalRunnable.run(FastThreadLocalRunnable.java:30)
	... 1 more
Caused by: java.net.ConnectException: Connection refused
	... 11 more
2019-10-17 21:55:19,896 [d6dfcdd7-fc6e-4b51-b91e-b64503dadc5e@group-F967393F7C93-LeaderElection294] INFO  impl.LeaderElection (LogUtils.java:infoOrTrace(149)) -   Exception 1: {}
java.util.concurrent.ExecutionException: org.apache.ratis.thirdparty.io.grpc.StatusRuntimeException: UNAVAILABLE: io exception
	at java.util.concurrent.FutureTask.report(FutureTask.java:122)
	at java.util.concurrent.FutureTask.get(FutureTask.java:192)
	at org.apache.ratis.server.impl.LeaderElection.waitForResults(LeaderElection.java:259)
	at org.apache.ratis.server.impl.LeaderElection.askForVotes(LeaderElection.java:197)
	at org.apache.ratis.server.impl.LeaderElection.run(LeaderElection.java:133)
	at java.lang.Thread.run(Thread.java:748)
Caused by: org.apache.ratis.thirdparty.io.grpc.StatusRuntimeException: UNAVAILABLE: io exception
	at org.apache.ratis.thirdparty.io.grpc.stub.ClientCalls.toStatusRuntimeException(ClientCalls.java:233)
	at org.apache.ratis.thirdparty.io.grpc.stub.ClientCalls.getUnchecked(ClientCalls.java:214)
	at org.apache.ratis.thirdparty.io.grpc.stub.ClientCalls.blockingUnaryCall(ClientCalls.java:139)
	at org.apache.ratis.proto.grpc.RaftServerProtocolServiceGrpc$RaftServerProtocolServiceBlockingStub.requestVote(RaftServerProtocolServiceGrpc.java:265)
	at org.apache.ratis.grpc.server.GrpcServerProtocolClient.requestVote(GrpcServerProtocolClient.java:99)
	at org.apache.ratis.grpc.server.GrpcService.requestVote(GrpcService.java:204)
	at org.apache.ratis.server.impl.LeaderElection.lambda$submitRequests$1(LeaderElection.java:234)
	at java.util.concurrent.FutureTask.run(FutureTask.java:266)
	at java.util.concurrent.Executors$RunnableAdapter.call(Executors.java:511)
	at java.util.concurrent.FutureTask.run(FutureTask.java:266)
	at java.util.concurrent.ThreadPoolExecutor.runWorker(ThreadPoolExecutor.java:1149)
	at java.util.concurrent.ThreadPoolExecutor$Worker.run(ThreadPoolExecutor.java:624)
	... 1 more
Caused by: org.apache.ratis.thirdparty.io.netty.channel.AbstractChannel$AnnotatedConnectException: Connection refused: /192.168.157.223:42172
	at sun.nio.ch.SocketChannelImpl.checkConnect(Native Method)
	at sun.nio.ch.SocketChannelImpl.finishConnect(SocketChannelImpl.java:717)
	at org.apache.ratis.thirdparty.io.netty.channel.socket.nio.NioSocketChannel.doFinishConnect(NioSocketChannel.java:327)
	at org.apache.ratis.thirdparty.io.netty.channel.nio.AbstractNioChannel$AbstractNioUnsafe.finishConnect(AbstractNioChannel.java:340)
	at org.apache.ratis.thirdparty.io.netty.channel.nio.NioEventLoop.processSelectedKey(NioEventLoop.java:632)
	at org.apache.ratis.thirdparty.io.netty.channel.nio.NioEventLoop.processSelectedKeysOptimized(NioEventLoop.java:579)
	at org.apache.ratis.thirdparty.io.netty.channel.nio.NioEventLoop.processSelectedKeys(NioEventLoop.java:496)
	at org.apache.ratis.thirdparty.io.netty.channel.nio.NioEventLoop.run(NioEventLoop.java:458)
	at org.apache.ratis.thirdparty.io.netty.util.concurrent.SingleThreadEventExecutor$5.run(SingleThreadEventExecutor.java:897)
	at org.apache.ratis.thirdparty.io.netty.util.concurrent.FastThreadLocalRunnable.run(FastThreadLocalRunnable.java:30)
	... 1 more
Caused by: java.net.ConnectException: Connection refused
	... 11 more
2019-10-17 21:55:19,896 [d6dfcdd7-fc6e-4b51-b91e-b64503dadc5e@group-F967393F7C93-LeaderElection294] INFO  impl.RaftServerImpl (RaftServerImpl.java:setRole(184)) - d6dfcdd7-fc6e-4b51-b91e-b64503dadc5e@group-F967393F7C93: changes role from CANDIDATE to FOLLOWER at term 297 for DISCOVERED_A_NEW_TERM
2019-10-17 21:55:19,896 [d6dfcdd7-fc6e-4b51-b91e-b64503dadc5e@group-F967393F7C93-LeaderElection294] INFO  impl.RoleInfo (RoleInfo.java:shutdownLeaderElection(134)) - d6dfcdd7-fc6e-4b51-b91e-b64503dadc5e: shutdown LeaderElection
2019-10-17 21:55:19,896 [d6dfcdd7-fc6e-4b51-b91e-b64503dadc5e@group-F967393F7C93-LeaderElection294] INFO  impl.RoleInfo (RoleInfo.java:updateAndGet(143)) - d6dfcdd7-fc6e-4b51-b91e-b64503dadc5e: start FollowerState
2019-10-17 21:55:19,906 [Thread-2354] INFO  impl.FollowerState (FollowerState.java:run(108)) - d6dfcdd7-fc6e-4b51-b91e-b64503dadc5e@group-F967393F7C93-FollowerState: change to CANDIDATE, lastRpcTime:9ms, electionTimeout:9ms
2019-10-17 21:55:19,906 [Thread-2354] INFO  impl.RoleInfo (RoleInfo.java:shutdownFollowerState(121)) - d6dfcdd7-fc6e-4b51-b91e-b64503dadc5e: shutdown FollowerState
2019-10-17 21:55:19,906 [Thread-2354] INFO  impl.RaftServerImpl (RaftServerImpl.java:setRole(184)) - d6dfcdd7-fc6e-4b51-b91e-b64503dadc5e@group-F967393F7C93: changes role from  FOLLOWER to CANDIDATE at term 297 for changeToCandidate
2019-10-17 21:55:19,906 [Thread-2354] INFO  impl.RoleInfo (RoleInfo.java:updateAndGet(143)) - d6dfcdd7-fc6e-4b51-b91e-b64503dadc5e: start LeaderElection
2019-10-17 21:55:19,919 [d6dfcdd7-fc6e-4b51-b91e-b64503dadc5e@group-F967393F7C93-LeaderElection295] INFO  impl.LeaderElection (LeaderElection.java:askForVotes(178)) - d6dfcdd7-fc6e-4b51-b91e-b64503dadc5e@group-F967393F7C93-LeaderElection295: begin an election at term 298 for -1: [08d4cbaa-ffed-4411-a5fd-c4a38026aead:192.168.157.223:33910, da15dfee-23f0-4dc4-ad77-c00156c49cfa:192.168.157.223:42172, d6dfcdd7-fc6e-4b51-b91e-b64503dadc5e:192.168.157.223:43575], old=null
2019-10-17 21:55:19,919 [d6dfcdd7-fc6e-4b51-b91e-b64503dadc5e@group-F967393F7C93-LeaderElection295] INFO  impl.LeaderElection (LogUtils.java:infoOrTrace(149)) - d6dfcdd7-fc6e-4b51-b91e-b64503dadc5e@group-F967393F7C93-LeaderElection295 got exception when requesting votes: {}
java.util.concurrent.ExecutionException: org.apache.ratis.thirdparty.io.grpc.StatusRuntimeException: UNAVAILABLE: io exception
	at java.util.concurrent.FutureTask.report(FutureTask.java:122)
	at java.util.concurrent.FutureTask.get(FutureTask.java:192)
	at org.apache.ratis.server.impl.LeaderElection.waitForResults(LeaderElection.java:259)
	at org.apache.ratis.server.impl.LeaderElection.askForVotes(LeaderElection.java:197)
	at org.apache.ratis.server.impl.LeaderElection.run(LeaderElection.java:133)
	at java.lang.Thread.run(Thread.java:748)
Caused by: org.apache.ratis.thirdparty.io.grpc.StatusRuntimeException: UNAVAILABLE: io exception
	at org.apache.ratis.thirdparty.io.grpc.stub.ClientCalls.toStatusRuntimeException(ClientCalls.java:233)
	at org.apache.ratis.thirdparty.io.grpc.stub.ClientCalls.getUnchecked(ClientCalls.java:214)
	at org.apache.ratis.thirdparty.io.grpc.stub.ClientCalls.blockingUnaryCall(ClientCalls.java:139)
	at org.apache.ratis.proto.grpc.RaftServerProtocolServiceGrpc$RaftServerProtocolServiceBlockingStub.requestVote(RaftServerProtocolServiceGrpc.java:265)
	at org.apache.ratis.grpc.server.GrpcServerProtocolClient.requestVote(GrpcServerProtocolClient.java:99)
	at org.apache.ratis.grpc.server.GrpcService.requestVote(GrpcService.java:204)
	at org.apache.ratis.server.impl.LeaderElection.lambda$submitRequests$1(LeaderElection.java:234)
	at java.util.concurrent.FutureTask.run(FutureTask.java:266)
	at java.util.concurrent.Executors$RunnableAdapter.call(Executors.java:511)
	at java.util.concurrent.FutureTask.run(FutureTask.java:266)
	at java.util.concurrent.ThreadPoolExecutor.runWorker(ThreadPoolExecutor.java:1149)
	at java.util.concurrent.ThreadPoolExecutor$Worker.run(ThreadPoolExecutor.java:624)
	... 1 more
Caused by: org.apache.ratis.thirdparty.io.netty.channel.AbstractChannel$AnnotatedConnectException: Connection refused: /192.168.157.223:42172
	at sun.nio.ch.SocketChannelImpl.checkConnect(Native Method)
	at sun.nio.ch.SocketChannelImpl.finishConnect(SocketChannelImpl.java:717)
	at org.apache.ratis.thirdparty.io.netty.channel.socket.nio.NioSocketChannel.doFinishConnect(NioSocketChannel.java:327)
	at org.apache.ratis.thirdparty.io.netty.channel.nio.AbstractNioChannel$AbstractNioUnsafe.finishConnect(AbstractNioChannel.java:340)
	at org.apache.ratis.thirdparty.io.netty.channel.nio.NioEventLoop.processSelectedKey(NioEventLoop.java:632)
	at org.apache.ratis.thirdparty.io.netty.channel.nio.NioEventLoop.processSelectedKeysOptimized(NioEventLoop.java:579)
	at org.apache.ratis.thirdparty.io.netty.channel.nio.NioEventLoop.processSelectedKeys(NioEventLoop.java:496)
	at org.apache.ratis.thirdparty.io.netty.channel.nio.NioEventLoop.run(NioEventLoop.java:458)
	at org.apache.ratis.thirdparty.io.netty.util.concurrent.SingleThreadEventExecutor$5.run(SingleThreadEventExecutor.java:897)
	at org.apache.ratis.thirdparty.io.netty.util.concurrent.FastThreadLocalRunnable.run(FastThreadLocalRunnable.java:30)
	... 1 more
Caused by: java.net.ConnectException: Connection refused
	... 11 more
2019-10-17 21:55:19,920 [d6dfcdd7-fc6e-4b51-b91e-b64503dadc5e@group-F967393F7C93-LeaderElection295] INFO  impl.LeaderElection (LogUtils.java:infoOrTrace(149)) - d6dfcdd7-fc6e-4b51-b91e-b64503dadc5e@group-F967393F7C93-LeaderElection295 got exception when requesting votes: {}
java.util.concurrent.ExecutionException: org.apache.ratis.thirdparty.io.grpc.StatusRuntimeException: UNAVAILABLE: io exception
	at java.util.concurrent.FutureTask.report(FutureTask.java:122)
	at java.util.concurrent.FutureTask.get(FutureTask.java:192)
	at org.apache.ratis.server.impl.LeaderElection.waitForResults(LeaderElection.java:259)
	at org.apache.ratis.server.impl.LeaderElection.askForVotes(LeaderElection.java:197)
	at org.apache.ratis.server.impl.LeaderElection.run(LeaderElection.java:133)
	at java.lang.Thread.run(Thread.java:748)
Caused by: org.apache.ratis.thirdparty.io.grpc.StatusRuntimeException: UNAVAILABLE: io exception
	at org.apache.ratis.thirdparty.io.grpc.stub.ClientCalls.toStatusRuntimeException(ClientCalls.java:233)
	at org.apache.ratis.thirdparty.io.grpc.stub.ClientCalls.getUnchecked(ClientCalls.java:214)
	at org.apache.ratis.thirdparty.io.grpc.stub.ClientCalls.blockingUnaryCall(ClientCalls.java:139)
	at org.apache.ratis.proto.grpc.RaftServerProtocolServiceGrpc$RaftServerProtocolServiceBlockingStub.requestVote(RaftServerProtocolServiceGrpc.java:265)
	at org.apache.ratis.grpc.server.GrpcServerProtocolClient.requestVote(GrpcServerProtocolClient.java:99)
	at org.apache.ratis.grpc.server.GrpcService.requestVote(GrpcService.java:204)
	at org.apache.ratis.server.impl.LeaderElection.lambda$submitRequests$1(LeaderElection.java:234)
	at java.util.concurrent.FutureTask.run(FutureTask.java:266)
	at java.util.concurrent.Executors$RunnableAdapter.call(Executors.java:511)
	at java.util.concurrent.FutureTask.run(FutureTask.java:266)
	at java.util.concurrent.ThreadPoolExecutor.runWorker(ThreadPoolExecutor.java:1149)
	at java.util.concurrent.ThreadPoolExecutor$Worker.run(ThreadPoolExecutor.java:624)
	... 1 more
Caused by: org.apache.ratis.thirdparty.io.netty.channel.AbstractChannel$AnnotatedConnectException: Connection refused: /192.168.157.223:33910
	at sun.nio.ch.SocketChannelImpl.checkConnect(Native Method)
	at sun.nio.ch.SocketChannelImpl.finishConnect(SocketChannelImpl.java:717)
	at org.apache.ratis.thirdparty.io.netty.channel.socket.nio.NioSocketChannel.doFinishConnect(NioSocketChannel.java:327)
	at org.apache.ratis.thirdparty.io.netty.channel.nio.AbstractNioChannel$AbstractNioUnsafe.finishConnect(AbstractNioChannel.java:340)
	at org.apache.ratis.thirdparty.io.netty.channel.nio.NioEventLoop.processSelectedKey(NioEventLoop.java:632)
	at org.apache.ratis.thirdparty.io.netty.channel.nio.NioEventLoop.processSelectedKeysOptimized(NioEventLoop.java:579)
	at org.apache.ratis.thirdparty.io.netty.channel.nio.NioEventLoop.processSelectedKeys(NioEventLoop.java:496)
	at org.apache.ratis.thirdparty.io.netty.channel.nio.NioEventLoop.run(NioEventLoop.java:458)
	at org.apache.ratis.thirdparty.io.netty.util.concurrent.SingleThreadEventExecutor$5.run(SingleThreadEventExecutor.java:897)
	at org.apache.ratis.thirdparty.io.netty.util.concurrent.FastThreadLocalRunnable.run(FastThreadLocalRunnable.java:30)
	... 1 more
Caused by: java.net.ConnectException: Connection refused
	... 11 more
2019-10-17 21:55:19,920 [d6dfcdd7-fc6e-4b51-b91e-b64503dadc5e@group-F967393F7C93-LeaderElection295] INFO  impl.LeaderElection (LeaderElection.java:logAndReturn(56)) - d6dfcdd7-fc6e-4b51-b91e-b64503dadc5e@group-F967393F7C93-LeaderElection295: Election REJECTED; received 0 response(s) [] and 2 exception(s); d6dfcdd7-fc6e-4b51-b91e-b64503dadc5e@group-F967393F7C93:t298, leader=null, voted=d6dfcdd7-fc6e-4b51-b91e-b64503dadc5e, raftlog=d6dfcdd7-fc6e-4b51-b91e-b64503dadc5e@group-F967393F7C93-SegmentedRaftLog:OPENED:c-1,f-1,i0, conf=-1: [08d4cbaa-ffed-4411-a5fd-c4a38026aead:192.168.157.223:33910, da15dfee-23f0-4dc4-ad77-c00156c49cfa:192.168.157.223:42172, d6dfcdd7-fc6e-4b51-b91e-b64503dadc5e:192.168.157.223:43575], old=null
2019-10-17 21:55:19,920 [d6dfcdd7-fc6e-4b51-b91e-b64503dadc5e@group-F967393F7C93-LeaderElection295] INFO  impl.LeaderElection (LogUtils.java:infoOrTrace(149)) -   Exception 0: {}
java.util.concurrent.ExecutionException: org.apache.ratis.thirdparty.io.grpc.StatusRuntimeException: UNAVAILABLE: io exception
	at java.util.concurrent.FutureTask.report(FutureTask.java:122)
	at java.util.concurrent.FutureTask.get(FutureTask.java:192)
	at org.apache.ratis.server.impl.LeaderElection.waitForResults(LeaderElection.java:259)
	at org.apache.ratis.server.impl.LeaderElection.askForVotes(LeaderElection.java:197)
	at org.apache.ratis.server.impl.LeaderElection.run(LeaderElection.java:133)
	at java.lang.Thread.run(Thread.java:748)
Caused by: org.apache.ratis.thirdparty.io.grpc.StatusRuntimeException: UNAVAILABLE: io exception
	at org.apache.ratis.thirdparty.io.grpc.stub.ClientCalls.toStatusRuntimeException(ClientCalls.java:233)
	at org.apache.ratis.thirdparty.io.grpc.stub.ClientCalls.getUnchecked(ClientCalls.java:214)
	at org.apache.ratis.thirdparty.io.grpc.stub.ClientCalls.blockingUnaryCall(ClientCalls.java:139)
	at org.apache.ratis.proto.grpc.RaftServerProtocolServiceGrpc$RaftServerProtocolServiceBlockingStub.requestVote(RaftServerProtocolServiceGrpc.java:265)
	at org.apache.ratis.grpc.server.GrpcServerProtocolClient.requestVote(GrpcServerProtocolClient.java:99)
	at org.apache.ratis.grpc.server.GrpcService.requestVote(GrpcService.java:204)
	at org.apache.ratis.server.impl.LeaderElection.lambda$submitRequests$1(LeaderElection.java:234)
	at java.util.concurrent.FutureTask.run(FutureTask.java:266)
	at java.util.concurrent.Executors$RunnableAdapter.call(Executors.java:511)
	at java.util.concurrent.FutureTask.run(FutureTask.java:266)
	at java.util.concurrent.ThreadPoolExecutor.runWorker(ThreadPoolExecutor.java:1149)
	at java.util.concurrent.ThreadPoolExecutor$Worker.run(ThreadPoolExecutor.java:624)
	... 1 more
Caused by: org.apache.ratis.thirdparty.io.netty.channel.AbstractChannel$AnnotatedConnectException: Connection refused: /192.168.157.223:42172
	at sun.nio.ch.SocketChannelImpl.checkConnect(Native Method)
	at sun.nio.ch.SocketChannelImpl.finishConnect(SocketChannelImpl.java:717)
	at org.apache.ratis.thirdparty.io.netty.channel.socket.nio.NioSocketChannel.doFinishConnect(NioSocketChannel.java:327)
	at org.apache.ratis.thirdparty.io.netty.channel.nio.AbstractNioChannel$AbstractNioUnsafe.finishConnect(AbstractNioChannel.java:340)
	at org.apache.ratis.thirdparty.io.netty.channel.nio.NioEventLoop.processSelectedKey(NioEventLoop.java:632)
	at org.apache.ratis.thirdparty.io.netty.channel.nio.NioEventLoop.processSelectedKeysOptimized(NioEventLoop.java:579)
	at org.apache.ratis.thirdparty.io.netty.channel.nio.NioEventLoop.processSelectedKeys(NioEventLoop.java:496)
	at org.apache.ratis.thirdparty.io.netty.channel.nio.NioEventLoop.run(NioEventLoop.java:458)
	at org.apache.ratis.thirdparty.io.netty.util.concurrent.SingleThreadEventExecutor$5.run(SingleThreadEventExecutor.java:897)
	at org.apache.ratis.thirdparty.io.netty.util.concurrent.FastThreadLocalRunnable.run(FastThreadLocalRunnable.java:30)
	... 1 more
Caused by: java.net.ConnectException: Connection refused
	... 11 more
2019-10-17 21:55:19,920 [d6dfcdd7-fc6e-4b51-b91e-b64503dadc5e@group-F967393F7C93-LeaderElection295] INFO  impl.LeaderElection (LogUtils.java:infoOrTrace(149)) -   Exception 1: {}
java.util.concurrent.ExecutionException: org.apache.ratis.thirdparty.io.grpc.StatusRuntimeException: UNAVAILABLE: io exception
	at java.util.concurrent.FutureTask.report(FutureTask.java:122)
	at java.util.concurrent.FutureTask.get(FutureTask.java:192)
	at org.apache.ratis.server.impl.LeaderElection.waitForResults(LeaderElection.java:259)
	at org.apache.ratis.server.impl.LeaderElection.askForVotes(LeaderElection.java:197)
	at org.apache.ratis.server.impl.LeaderElection.run(LeaderElection.java:133)
	at java.lang.Thread.run(Thread.java:748)
Caused by: org.apache.ratis.thirdparty.io.grpc.StatusRuntimeException: UNAVAILABLE: io exception
	at org.apache.ratis.thirdparty.io.grpc.stub.ClientCalls.toStatusRuntimeException(ClientCalls.java:233)
	at org.apache.ratis.thirdparty.io.grpc.stub.ClientCalls.getUnchecked(ClientCalls.java:214)
	at org.apache.ratis.thirdparty.io.grpc.stub.ClientCalls.blockingUnaryCall(ClientCalls.java:139)
	at org.apache.ratis.proto.grpc.RaftServerProtocolServiceGrpc$RaftServerProtocolServiceBlockingStub.requestVote(RaftServerProtocolServiceGrpc.java:265)
	at org.apache.ratis.grpc.server.GrpcServerProtocolClient.requestVote(GrpcServerProtocolClient.java:99)
	at org.apache.ratis.grpc.server.GrpcService.requestVote(GrpcService.java:204)
	at org.apache.ratis.server.impl.LeaderElection.lambda$submitRequests$1(LeaderElection.java:234)
	at java.util.concurrent.FutureTask.run(FutureTask.java:266)
	at java.util.concurrent.Executors$RunnableAdapter.call(Executors.java:511)
	at java.util.concurrent.FutureTask.run(FutureTask.java:266)
	at java.util.concurrent.ThreadPoolExecutor.runWorker(ThreadPoolExecutor.java:1149)
	at java.util.concurrent.ThreadPoolExecutor$Worker.run(ThreadPoolExecutor.java:624)
	... 1 more
Caused by: org.apache.ratis.thirdparty.io.netty.channel.AbstractChannel$AnnotatedConnectException: Connection refused: /192.168.157.223:33910
	at sun.nio.ch.SocketChannelImpl.checkConnect(Native Method)
	at sun.nio.ch.SocketChannelImpl.finishConnect(SocketChannelImpl.java:717)
	at org.apache.ratis.thirdparty.io.netty.channel.socket.nio.NioSocketChannel.doFinishConnect(NioSocketChannel.java:327)
	at org.apache.ratis.thirdparty.io.netty.channel.nio.AbstractNioChannel$AbstractNioUnsafe.finishConnect(AbstractNioChannel.java:340)
	at org.apache.ratis.thirdparty.io.netty.channel.nio.NioEventLoop.processSelectedKey(NioEventLoop.java:632)
	at org.apache.ratis.thirdparty.io.netty.channel.nio.NioEventLoop.processSelectedKeysOptimized(NioEventLoop.java:579)
	at org.apache.ratis.thirdparty.io.netty.channel.nio.NioEventLoop.processSelectedKeys(NioEventLoop.java:496)
	at org.apache.ratis.thirdparty.io.netty.channel.nio.NioEventLoop.run(NioEventLoop.java:458)
	at org.apache.ratis.thirdparty.io.netty.util.concurrent.SingleThreadEventExecutor$5.run(SingleThreadEventExecutor.java:897)
	at org.apache.ratis.thirdparty.io.netty.util.concurrent.FastThreadLocalRunnable.run(FastThreadLocalRunnable.java:30)
	... 1 more
Caused by: java.net.ConnectException: Connection refused
	... 11 more
2019-10-17 21:55:19,920 [d6dfcdd7-fc6e-4b51-b91e-b64503dadc5e@group-F967393F7C93-LeaderElection295] INFO  impl.RaftServerImpl (RaftServerImpl.java:setRole(184)) - d6dfcdd7-fc6e-4b51-b91e-b64503dadc5e@group-F967393F7C93: changes role from CANDIDATE to FOLLOWER at term 298 for DISCOVERED_A_NEW_TERM
2019-10-17 21:55:19,921 [d6dfcdd7-fc6e-4b51-b91e-b64503dadc5e@group-F967393F7C93-LeaderElection295] INFO  impl.RoleInfo (RoleInfo.java:shutdownLeaderElection(134)) - d6dfcdd7-fc6e-4b51-b91e-b64503dadc5e: shutdown LeaderElection
2019-10-17 21:55:19,921 [d6dfcdd7-fc6e-4b51-b91e-b64503dadc5e@group-F967393F7C93-LeaderElection295] INFO  impl.RoleInfo (RoleInfo.java:updateAndGet(143)) - d6dfcdd7-fc6e-4b51-b91e-b64503dadc5e: start FollowerState
2019-10-17 21:55:20,054 [Thread-2358] INFO  impl.FollowerState (FollowerState.java:run(108)) - d6dfcdd7-fc6e-4b51-b91e-b64503dadc5e@group-F967393F7C93-FollowerState: change to CANDIDATE, lastRpcTime:133ms, electionTimeout:133ms
2019-10-17 21:55:20,054 [Thread-2358] INFO  impl.RoleInfo (RoleInfo.java:shutdownFollowerState(121)) - d6dfcdd7-fc6e-4b51-b91e-b64503dadc5e: shutdown FollowerState
2019-10-17 21:55:20,054 [Thread-2358] INFO  impl.RaftServerImpl (RaftServerImpl.java:setRole(184)) - d6dfcdd7-fc6e-4b51-b91e-b64503dadc5e@group-F967393F7C93: changes role from  FOLLOWER to CANDIDATE at term 298 for changeToCandidate
2019-10-17 21:55:20,054 [Thread-2358] INFO  impl.RoleInfo (RoleInfo.java:updateAndGet(143)) - d6dfcdd7-fc6e-4b51-b91e-b64503dadc5e: start LeaderElection
2019-10-17 21:55:20,080 [d6dfcdd7-fc6e-4b51-b91e-b64503dadc5e@group-F967393F7C93-LeaderElection296] INFO  impl.LeaderElection (LeaderElection.java:askForVotes(178)) - d6dfcdd7-fc6e-4b51-b91e-b64503dadc5e@group-F967393F7C93-LeaderElection296: begin an election at term 299 for -1: [08d4cbaa-ffed-4411-a5fd-c4a38026aead:192.168.157.223:33910, da15dfee-23f0-4dc4-ad77-c00156c49cfa:192.168.157.223:42172, d6dfcdd7-fc6e-4b51-b91e-b64503dadc5e:192.168.157.223:43575], old=null
2019-10-17 21:55:20,081 [d6dfcdd7-fc6e-4b51-b91e-b64503dadc5e@group-F967393F7C93-LeaderElection296] INFO  impl.LeaderElection (LogUtils.java:infoOrTrace(149)) - d6dfcdd7-fc6e-4b51-b91e-b64503dadc5e@group-F967393F7C93-LeaderElection296 got exception when requesting votes: {}
java.util.concurrent.ExecutionException: org.apache.ratis.thirdparty.io.grpc.StatusRuntimeException: UNAVAILABLE: io exception
	at java.util.concurrent.FutureTask.report(FutureTask.java:122)
	at java.util.concurrent.FutureTask.get(FutureTask.java:192)
	at org.apache.ratis.server.impl.LeaderElection.waitForResults(LeaderElection.java:259)
	at org.apache.ratis.server.impl.LeaderElection.askForVotes(LeaderElection.java:197)
	at org.apache.ratis.server.impl.LeaderElection.run(LeaderElection.java:133)
	at java.lang.Thread.run(Thread.java:748)
Caused by: org.apache.ratis.thirdparty.io.grpc.StatusRuntimeException: UNAVAILABLE: io exception
	at org.apache.ratis.thirdparty.io.grpc.stub.ClientCalls.toStatusRuntimeException(ClientCalls.java:233)
	at org.apache.ratis.thirdparty.io.grpc.stub.ClientCalls.getUnchecked(ClientCalls.java:214)
	at org.apache.ratis.thirdparty.io.grpc.stub.ClientCalls.blockingUnaryCall(ClientCalls.java:139)
	at org.apache.ratis.proto.grpc.RaftServerProtocolServiceGrpc$RaftServerProtocolServiceBlockingStub.requestVote(RaftServerProtocolServiceGrpc.java:265)
	at org.apache.ratis.grpc.server.GrpcServerProtocolClient.requestVote(GrpcServerProtocolClient.java:99)
	at org.apache.ratis.grpc.server.GrpcService.requestVote(GrpcService.java:204)
	at org.apache.ratis.server.impl.LeaderElection.lambda$submitRequests$1(LeaderElection.java:234)
	at java.util.concurrent.FutureTask.run(FutureTask.java:266)
	at java.util.concurrent.Executors$RunnableAdapter.call(Executors.java:511)
	at java.util.concurrent.FutureTask.run(FutureTask.java:266)
	at java.util.concurrent.ThreadPoolExecutor.runWorker(ThreadPoolExecutor.java:1149)
	at java.util.concurrent.ThreadPoolExecutor$Worker.run(ThreadPoolExecutor.java:624)
	... 1 more
Caused by: org.apache.ratis.thirdparty.io.netty.channel.AbstractChannel$AnnotatedConnectException: Connection refused: /192.168.157.223:33910
	at sun.nio.ch.SocketChannelImpl.checkConnect(Native Method)
	at sun.nio.ch.SocketChannelImpl.finishConnect(SocketChannelImpl.java:717)
	at org.apache.ratis.thirdparty.io.netty.channel.socket.nio.NioSocketChannel.doFinishConnect(NioSocketChannel.java:327)
	at org.apache.ratis.thirdparty.io.netty.channel.nio.AbstractNioChannel$AbstractNioUnsafe.finishConnect(AbstractNioChannel.java:340)
	at org.apache.ratis.thirdparty.io.netty.channel.nio.NioEventLoop.processSelectedKey(NioEventLoop.java:632)
	at org.apache.ratis.thirdparty.io.netty.channel.nio.NioEventLoop.processSelectedKeysOptimized(NioEventLoop.java:579)
	at org.apache.ratis.thirdparty.io.netty.channel.nio.NioEventLoop.processSelectedKeys(NioEventLoop.java:496)
	at org.apache.ratis.thirdparty.io.netty.channel.nio.NioEventLoop.run(NioEventLoop.java:458)
	at org.apache.ratis.thirdparty.io.netty.util.concurrent.SingleThreadEventExecutor$5.run(SingleThreadEventExecutor.java:897)
	at org.apache.ratis.thirdparty.io.netty.util.concurrent.FastThreadLocalRunnable.run(FastThreadLocalRunnable.java:30)
	... 1 more
Caused by: java.net.ConnectException: Connection refused
	... 11 more
2019-10-17 21:55:20,082 [d6dfcdd7-fc6e-4b51-b91e-b64503dadc5e@group-F967393F7C93-LeaderElection296] INFO  impl.LeaderElection (LogUtils.java:infoOrTrace(149)) - d6dfcdd7-fc6e-4b51-b91e-b64503dadc5e@group-F967393F7C93-LeaderElection296 got exception when requesting votes: {}
java.util.concurrent.ExecutionException: org.apache.ratis.thirdparty.io.grpc.StatusRuntimeException: UNAVAILABLE: io exception
	at java.util.concurrent.FutureTask.report(FutureTask.java:122)
	at java.util.concurrent.FutureTask.get(FutureTask.java:192)
	at org.apache.ratis.server.impl.LeaderElection.waitForResults(LeaderElection.java:259)
	at org.apache.ratis.server.impl.LeaderElection.askForVotes(LeaderElection.java:197)
	at org.apache.ratis.server.impl.LeaderElection.run(LeaderElection.java:133)
	at java.lang.Thread.run(Thread.java:748)
Caused by: org.apache.ratis.thirdparty.io.grpc.StatusRuntimeException: UNAVAILABLE: io exception
	at org.apache.ratis.thirdparty.io.grpc.stub.ClientCalls.toStatusRuntimeException(ClientCalls.java:233)
	at org.apache.ratis.thirdparty.io.grpc.stub.ClientCalls.getUnchecked(ClientCalls.java:214)
	at org.apache.ratis.thirdparty.io.grpc.stub.ClientCalls.blockingUnaryCall(ClientCalls.java:139)
	at org.apache.ratis.proto.grpc.RaftServerProtocolServiceGrpc$RaftServerProtocolServiceBlockingStub.requestVote(RaftServerProtocolServiceGrpc.java:265)
	at org.apache.ratis.grpc.server.GrpcServerProtocolClient.requestVote(GrpcServerProtocolClient.java:99)
	at org.apache.ratis.grpc.server.GrpcService.requestVote(GrpcService.java:204)
	at org.apache.ratis.server.impl.LeaderElection.lambda$submitRequests$1(LeaderElection.java:234)
	at java.util.concurrent.FutureTask.run(FutureTask.java:266)
	at java.util.concurrent.Executors$RunnableAdapter.call(Executors.java:511)
	at java.util.concurrent.FutureTask.run(FutureTask.java:266)
	at java.util.concurrent.ThreadPoolExecutor.runWorker(ThreadPoolExecutor.java:1149)
	at java.util.concurrent.ThreadPoolExecutor$Worker.run(ThreadPoolExecutor.java:624)
	... 1 more
Caused by: org.apache.ratis.thirdparty.io.netty.channel.AbstractChannel$AnnotatedConnectException: Connection refused: /192.168.157.223:42172
	at sun.nio.ch.SocketChannelImpl.checkConnect(Native Method)
	at sun.nio.ch.SocketChannelImpl.finishConnect(SocketChannelImpl.java:717)
	at org.apache.ratis.thirdparty.io.netty.channel.socket.nio.NioSocketChannel.doFinishConnect(NioSocketChannel.java:327)
	at org.apache.ratis.thirdparty.io.netty.channel.nio.AbstractNioChannel$AbstractNioUnsafe.finishConnect(AbstractNioChannel.java:340)
	at org.apache.ratis.thirdparty.io.netty.channel.nio.NioEventLoop.processSelectedKey(NioEventLoop.java:632)
	at org.apache.ratis.thirdparty.io.netty.channel.nio.NioEventLoop.processSelectedKeysOptimized(NioEventLoop.java:579)
	at org.apache.ratis.thirdparty.io.netty.channel.nio.NioEventLoop.processSelectedKeys(NioEventLoop.java:496)
	at org.apache.ratis.thirdparty.io.netty.channel.nio.NioEventLoop.run(NioEventLoop.java:458)
	at org.apache.ratis.thirdparty.io.netty.util.concurrent.SingleThreadEventExecutor$5.run(SingleThreadEventExecutor.java:897)
	at org.apache.ratis.thirdparty.io.netty.util.concurrent.FastThreadLocalRunnable.run(FastThreadLocalRunnable.java:30)
	... 1 more
Caused by: java.net.ConnectException: Connection refused
	... 11 more
2019-10-17 21:55:20,082 [d6dfcdd7-fc6e-4b51-b91e-b64503dadc5e@group-F967393F7C93-LeaderElection296] INFO  impl.LeaderElection (LeaderElection.java:logAndReturn(56)) - d6dfcdd7-fc6e-4b51-b91e-b64503dadc5e@group-F967393F7C93-LeaderElection296: Election REJECTED; received 0 response(s) [] and 2 exception(s); d6dfcdd7-fc6e-4b51-b91e-b64503dadc5e@group-F967393F7C93:t299, leader=null, voted=d6dfcdd7-fc6e-4b51-b91e-b64503dadc5e, raftlog=d6dfcdd7-fc6e-4b51-b91e-b64503dadc5e@group-F967393F7C93-SegmentedRaftLog:OPENED:c-1,f-1,i0, conf=-1: [08d4cbaa-ffed-4411-a5fd-c4a38026aead:192.168.157.223:33910, da15dfee-23f0-4dc4-ad77-c00156c49cfa:192.168.157.223:42172, d6dfcdd7-fc6e-4b51-b91e-b64503dadc5e:192.168.157.223:43575], old=null
2019-10-17 21:55:20,082 [d6dfcdd7-fc6e-4b51-b91e-b64503dadc5e@group-F967393F7C93-LeaderElection296] INFO  impl.LeaderElection (LogUtils.java:infoOrTrace(149)) -   Exception 0: {}
java.util.concurrent.ExecutionException: org.apache.ratis.thirdparty.io.grpc.StatusRuntimeException: UNAVAILABLE: io exception
	at java.util.concurrent.FutureTask.report(FutureTask.java:122)
	at java.util.concurrent.FutureTask.get(FutureTask.java:192)
	at org.apache.ratis.server.impl.LeaderElection.waitForResults(LeaderElection.java:259)
	at org.apache.ratis.server.impl.LeaderElection.askForVotes(LeaderElection.java:197)
	at org.apache.ratis.server.impl.LeaderElection.run(LeaderElection.java:133)
	at java.lang.Thread.run(Thread.java:748)
Caused by: org.apache.ratis.thirdparty.io.grpc.StatusRuntimeException: UNAVAILABLE: io exception
	at org.apache.ratis.thirdparty.io.grpc.stub.ClientCalls.toStatusRuntimeException(ClientCalls.java:233)
	at org.apache.ratis.thirdparty.io.grpc.stub.ClientCalls.getUnchecked(ClientCalls.java:214)
	at org.apache.ratis.thirdparty.io.grpc.stub.ClientCalls.blockingUnaryCall(ClientCalls.java:139)
	at org.apache.ratis.proto.grpc.RaftServerProtocolServiceGrpc$RaftServerProtocolServiceBlockingStub.requestVote(RaftServerProtocolServiceGrpc.java:265)
	at org.apache.ratis.grpc.server.GrpcServerProtocolClient.requestVote(GrpcServerProtocolClient.java:99)
	at org.apache.ratis.grpc.server.GrpcService.requestVote(GrpcService.java:204)
	at org.apache.ratis.server.impl.LeaderElection.lambda$submitRequests$1(LeaderElection.java:234)
	at java.util.concurrent.FutureTask.run(FutureTask.java:266)
	at java.util.concurrent.Executors$RunnableAdapter.call(Executors.java:511)
	at java.util.concurrent.FutureTask.run(FutureTask.java:266)
	at java.util.concurrent.ThreadPoolExecutor.runWorker(ThreadPoolExecutor.java:1149)
	at java.util.concurrent.ThreadPoolExecutor$Worker.run(ThreadPoolExecutor.java:624)
	... 1 more
Caused by: org.apache.ratis.thirdparty.io.netty.channel.AbstractChannel$AnnotatedConnectException: Connection refused: /192.168.157.223:33910
	at sun.nio.ch.SocketChannelImpl.checkConnect(Native Method)
	at sun.nio.ch.SocketChannelImpl.finishConnect(SocketChannelImpl.java:717)
	at org.apache.ratis.thirdparty.io.netty.channel.socket.nio.NioSocketChannel.doFinishConnect(NioSocketChannel.java:327)
	at org.apache.ratis.thirdparty.io.netty.channel.nio.AbstractNioChannel$AbstractNioUnsafe.finishConnect(AbstractNioChannel.java:340)
	at org.apache.ratis.thirdparty.io.netty.channel.nio.NioEventLoop.processSelectedKey(NioEventLoop.java:632)
	at org.apache.ratis.thirdparty.io.netty.channel.nio.NioEventLoop.processSelectedKeysOptimized(NioEventLoop.java:579)
	at org.apache.ratis.thirdparty.io.netty.channel.nio.NioEventLoop.processSelectedKeys(NioEventLoop.java:496)
	at org.apache.ratis.thirdparty.io.netty.channel.nio.NioEventLoop.run(NioEventLoop.java:458)
	at org.apache.ratis.thirdparty.io.netty.util.concurrent.SingleThreadEventExecutor$5.run(SingleThreadEventExecutor.java:897)
	at org.apache.ratis.thirdparty.io.netty.util.concurrent.FastThreadLocalRunnable.run(FastThreadLocalRunnable.java:30)
	... 1 more
Caused by: java.net.ConnectException: Connection refused
	... 11 more
2019-10-17 21:55:20,082 [d6dfcdd7-fc6e-4b51-b91e-b64503dadc5e@group-F967393F7C93-LeaderElection296] INFO  impl.LeaderElection (LogUtils.java:infoOrTrace(149)) -   Exception 1: {}
java.util.concurrent.ExecutionException: org.apache.ratis.thirdparty.io.grpc.StatusRuntimeException: UNAVAILABLE: io exception
	at java.util.concurrent.FutureTask.report(FutureTask.java:122)
	at java.util.concurrent.FutureTask.get(FutureTask.java:192)
	at org.apache.ratis.server.impl.LeaderElection.waitForResults(LeaderElection.java:259)
	at org.apache.ratis.server.impl.LeaderElection.askForVotes(LeaderElection.java:197)
	at org.apache.ratis.server.impl.LeaderElection.run(LeaderElection.java:133)
	at java.lang.Thread.run(Thread.java:748)
Caused by: org.apache.ratis.thirdparty.io.grpc.StatusRuntimeException: UNAVAILABLE: io exception
	at org.apache.ratis.thirdparty.io.grpc.stub.ClientCalls.toStatusRuntimeException(ClientCalls.java:233)
	at org.apache.ratis.thirdparty.io.grpc.stub.ClientCalls.getUnchecked(ClientCalls.java:214)
	at org.apache.ratis.thirdparty.io.grpc.stub.ClientCalls.blockingUnaryCall(ClientCalls.java:139)
	at org.apache.ratis.proto.grpc.RaftServerProtocolServiceGrpc$RaftServerProtocolServiceBlockingStub.requestVote(RaftServerProtocolServiceGrpc.java:265)
	at org.apache.ratis.grpc.server.GrpcServerProtocolClient.requestVote(GrpcServerProtocolClient.java:99)
	at org.apache.ratis.grpc.server.GrpcService.requestVote(GrpcService.java:204)
	at org.apache.ratis.server.impl.LeaderElection.lambda$submitRequests$1(LeaderElection.java:234)
	at java.util.concurrent.FutureTask.run(FutureTask.java:266)
	at java.util.concurrent.Executors$RunnableAdapter.call(Executors.java:511)
	at java.util.concurrent.FutureTask.run(FutureTask.java:266)
	at java.util.concurrent.ThreadPoolExecutor.runWorker(ThreadPoolExecutor.java:1149)
	at java.util.concurrent.ThreadPoolExecutor$Worker.run(ThreadPoolExecutor.java:624)
	... 1 more
Caused by: org.apache.ratis.thirdparty.io.netty.channel.AbstractChannel$AnnotatedConnectException: Connection refused: /192.168.157.223:42172
	at sun.nio.ch.SocketChannelImpl.checkConnect(Native Method)
	at sun.nio.ch.SocketChannelImpl.finishConnect(SocketChannelImpl.java:717)
	at org.apache.ratis.thirdparty.io.netty.channel.socket.nio.NioSocketChannel.doFinishConnect(NioSocketChannel.java:327)
	at org.apache.ratis.thirdparty.io.netty.channel.nio.AbstractNioChannel$AbstractNioUnsafe.finishConnect(AbstractNioChannel.java:340)
	at org.apache.ratis.thirdparty.io.netty.channel.nio.NioEventLoop.processSelectedKey(NioEventLoop.java:632)
	at org.apache.ratis.thirdparty.io.netty.channel.nio.NioEventLoop.processSelectedKeysOptimized(NioEventLoop.java:579)
	at org.apache.ratis.thirdparty.io.netty.channel.nio.NioEventLoop.processSelectedKeys(NioEventLoop.java:496)
	at org.apache.ratis.thirdparty.io.netty.channel.nio.NioEventLoop.run(NioEventLoop.java:458)
	at org.apache.ratis.thirdparty.io.netty.util.concurrent.SingleThreadEventExecutor$5.run(SingleThreadEventExecutor.java:897)
	at org.apache.ratis.thirdparty.io.netty.util.concurrent.FastThreadLocalRunnable.run(FastThreadLocalRunnable.java:30)
	... 1 more
Caused by: java.net.ConnectException: Connection refused
	... 11 more
2019-10-17 21:55:20,083 [d6dfcdd7-fc6e-4b51-b91e-b64503dadc5e@group-F967393F7C93-LeaderElection296] INFO  impl.RaftServerImpl (RaftServerImpl.java:setRole(184)) - d6dfcdd7-fc6e-4b51-b91e-b64503dadc5e@group-F967393F7C93: changes role from CANDIDATE to FOLLOWER at term 299 for DISCOVERED_A_NEW_TERM
2019-10-17 21:55:20,083 [d6dfcdd7-fc6e-4b51-b91e-b64503dadc5e@group-F967393F7C93-LeaderElection296] INFO  impl.RoleInfo (RoleInfo.java:shutdownLeaderElection(134)) - d6dfcdd7-fc6e-4b51-b91e-b64503dadc5e: shutdown LeaderElection
2019-10-17 21:55:20,083 [d6dfcdd7-fc6e-4b51-b91e-b64503dadc5e@group-F967393F7C93-LeaderElection296] INFO  impl.RoleInfo (RoleInfo.java:updateAndGet(143)) - d6dfcdd7-fc6e-4b51-b91e-b64503dadc5e: start FollowerState
2019-10-17 21:55:20,122 [Thread-2362] INFO  impl.FollowerState (FollowerState.java:run(108)) - d6dfcdd7-fc6e-4b51-b91e-b64503dadc5e@group-F967393F7C93-FollowerState: change to CANDIDATE, lastRpcTime:39ms, electionTimeout:39ms
2019-10-17 21:55:20,122 [Thread-2362] INFO  impl.RoleInfo (RoleInfo.java:shutdownFollowerState(121)) - d6dfcdd7-fc6e-4b51-b91e-b64503dadc5e: shutdown FollowerState
2019-10-17 21:55:20,122 [Thread-2362] INFO  impl.RaftServerImpl (RaftServerImpl.java:setRole(184)) - d6dfcdd7-fc6e-4b51-b91e-b64503dadc5e@group-F967393F7C93: changes role from  FOLLOWER to CANDIDATE at term 299 for changeToCandidate
2019-10-17 21:55:20,123 [Thread-2362] INFO  impl.RoleInfo (RoleInfo.java:updateAndGet(143)) - d6dfcdd7-fc6e-4b51-b91e-b64503dadc5e: start LeaderElection
2019-10-17 21:55:20,135 [d6dfcdd7-fc6e-4b51-b91e-b64503dadc5e@group-F967393F7C93-LeaderElection297] INFO  impl.LeaderElection (LeaderElection.java:askForVotes(178)) - d6dfcdd7-fc6e-4b51-b91e-b64503dadc5e@group-F967393F7C93-LeaderElection297: begin an election at term 300 for -1: [08d4cbaa-ffed-4411-a5fd-c4a38026aead:192.168.157.223:33910, da15dfee-23f0-4dc4-ad77-c00156c49cfa:192.168.157.223:42172, d6dfcdd7-fc6e-4b51-b91e-b64503dadc5e:192.168.157.223:43575], old=null
2019-10-17 21:55:20,136 [d6dfcdd7-fc6e-4b51-b91e-b64503dadc5e@group-F967393F7C93-LeaderElection297] INFO  impl.LeaderElection (LogUtils.java:infoOrTrace(149)) - d6dfcdd7-fc6e-4b51-b91e-b64503dadc5e@group-F967393F7C93-LeaderElection297 got exception when requesting votes: {}
java.util.concurrent.ExecutionException: org.apache.ratis.thirdparty.io.grpc.StatusRuntimeException: UNAVAILABLE: io exception
	at java.util.concurrent.FutureTask.report(FutureTask.java:122)
	at java.util.concurrent.FutureTask.get(FutureTask.java:192)
	at org.apache.ratis.server.impl.LeaderElection.waitForResults(LeaderElection.java:259)
	at org.apache.ratis.server.impl.LeaderElection.askForVotes(LeaderElection.java:197)
	at org.apache.ratis.server.impl.LeaderElection.run(LeaderElection.java:133)
	at java.lang.Thread.run(Thread.java:748)
Caused by: org.apache.ratis.thirdparty.io.grpc.StatusRuntimeException: UNAVAILABLE: io exception
	at org.apache.ratis.thirdparty.io.grpc.stub.ClientCalls.toStatusRuntimeException(ClientCalls.java:233)
	at org.apache.ratis.thirdparty.io.grpc.stub.ClientCalls.getUnchecked(ClientCalls.java:214)
	at org.apache.ratis.thirdparty.io.grpc.stub.ClientCalls.blockingUnaryCall(ClientCalls.java:139)
	at org.apache.ratis.proto.grpc.RaftServerProtocolServiceGrpc$RaftServerProtocolServiceBlockingStub.requestVote(RaftServerProtocolServiceGrpc.java:265)
	at org.apache.ratis.grpc.server.GrpcServerProtocolClient.requestVote(GrpcServerProtocolClient.java:99)
	at org.apache.ratis.grpc.server.GrpcService.requestVote(GrpcService.java:204)
	at org.apache.ratis.server.impl.LeaderElection.lambda$submitRequests$1(LeaderElection.java:234)
	at java.util.concurrent.FutureTask.run(FutureTask.java:266)
	at java.util.concurrent.Executors$RunnableAdapter.call(Executors.java:511)
	at java.util.concurrent.FutureTask.run(FutureTask.java:266)
	at java.util.concurrent.ThreadPoolExecutor.runWorker(ThreadPoolExecutor.java:1149)
	at java.util.concurrent.ThreadPoolExecutor$Worker.run(ThreadPoolExecutor.java:624)
	... 1 more
Caused by: org.apache.ratis.thirdparty.io.netty.channel.AbstractChannel$AnnotatedConnectException: Connection refused: /192.168.157.223:33910
	at sun.nio.ch.SocketChannelImpl.checkConnect(Native Method)
	at sun.nio.ch.SocketChannelImpl.finishConnect(SocketChannelImpl.java:717)
	at org.apache.ratis.thirdparty.io.netty.channel.socket.nio.NioSocketChannel.doFinishConnect(NioSocketChannel.java:327)
	at org.apache.ratis.thirdparty.io.netty.channel.nio.AbstractNioChannel$AbstractNioUnsafe.finishConnect(AbstractNioChannel.java:340)
	at org.apache.ratis.thirdparty.io.netty.channel.nio.NioEventLoop.processSelectedKey(NioEventLoop.java:632)
	at org.apache.ratis.thirdparty.io.netty.channel.nio.NioEventLoop.processSelectedKeysOptimized(NioEventLoop.java:579)
	at org.apache.ratis.thirdparty.io.netty.channel.nio.NioEventLoop.processSelectedKeys(NioEventLoop.java:496)
	at org.apache.ratis.thirdparty.io.netty.channel.nio.NioEventLoop.run(NioEventLoop.java:458)
	at org.apache.ratis.thirdparty.io.netty.util.concurrent.SingleThreadEventExecutor$5.run(SingleThreadEventExecutor.java:897)
	at org.apache.ratis.thirdparty.io.netty.util.concurrent.FastThreadLocalRunnable.run(FastThreadLocalRunnable.java:30)
	... 1 more
Caused by: java.net.ConnectException: Connection refused
	... 11 more
2019-10-17 21:55:20,137 [d6dfcdd7-fc6e-4b51-b91e-b64503dadc5e@group-F967393F7C93-LeaderElection297] INFO  impl.LeaderElection (LogUtils.java:infoOrTrace(149)) - d6dfcdd7-fc6e-4b51-b91e-b64503dadc5e@group-F967393F7C93-LeaderElection297 got exception when requesting votes: {}
java.util.concurrent.ExecutionException: org.apache.ratis.thirdparty.io.grpc.StatusRuntimeException: UNAVAILABLE: io exception
	at java.util.concurrent.FutureTask.report(FutureTask.java:122)
	at java.util.concurrent.FutureTask.get(FutureTask.java:192)
	at org.apache.ratis.server.impl.LeaderElection.waitForResults(LeaderElection.java:259)
	at org.apache.ratis.server.impl.LeaderElection.askForVotes(LeaderElection.java:197)
	at org.apache.ratis.server.impl.LeaderElection.run(LeaderElection.java:133)
	at java.lang.Thread.run(Thread.java:748)
Caused by: org.apache.ratis.thirdparty.io.grpc.StatusRuntimeException: UNAVAILABLE: io exception
	at org.apache.ratis.thirdparty.io.grpc.stub.ClientCalls.toStatusRuntimeException(ClientCalls.java:233)
	at org.apache.ratis.thirdparty.io.grpc.stub.ClientCalls.getUnchecked(ClientCalls.java:214)
	at org.apache.ratis.thirdparty.io.grpc.stub.ClientCalls.blockingUnaryCall(ClientCalls.java:139)
	at org.apache.ratis.proto.grpc.RaftServerProtocolServiceGrpc$RaftServerProtocolServiceBlockingStub.requestVote(RaftServerProtocolServiceGrpc.java:265)
	at org.apache.ratis.grpc.server.GrpcServerProtocolClient.requestVote(GrpcServerProtocolClient.java:99)
	at org.apache.ratis.grpc.server.GrpcService.requestVote(GrpcService.java:204)
	at org.apache.ratis.server.impl.LeaderElection.lambda$submitRequests$1(LeaderElection.java:234)
	at java.util.concurrent.FutureTask.run(FutureTask.java:266)
	at java.util.concurrent.Executors$RunnableAdapter.call(Executors.java:511)
	at java.util.concurrent.FutureTask.run(FutureTask.java:266)
	at java.util.concurrent.ThreadPoolExecutor.runWorker(ThreadPoolExecutor.java:1149)
	at java.util.concurrent.ThreadPoolExecutor$Worker.run(ThreadPoolExecutor.java:624)
	... 1 more
Caused by: org.apache.ratis.thirdparty.io.netty.channel.AbstractChannel$AnnotatedConnectException: Connection refused: /192.168.157.223:42172
	at sun.nio.ch.SocketChannelImpl.checkConnect(Native Method)
	at sun.nio.ch.SocketChannelImpl.finishConnect(SocketChannelImpl.java:717)
	at org.apache.ratis.thirdparty.io.netty.channel.socket.nio.NioSocketChannel.doFinishConnect(NioSocketChannel.java:327)
	at org.apache.ratis.thirdparty.io.netty.channel.nio.AbstractNioChannel$AbstractNioUnsafe.finishConnect(AbstractNioChannel.java:340)
	at org.apache.ratis.thirdparty.io.netty.channel.nio.NioEventLoop.processSelectedKey(NioEventLoop.java:632)
	at org.apache.ratis.thirdparty.io.netty.channel.nio.NioEventLoop.processSelectedKeysOptimized(NioEventLoop.java:579)
	at org.apache.ratis.thirdparty.io.netty.channel.nio.NioEventLoop.processSelectedKeys(NioEventLoop.java:496)
	at org.apache.ratis.thirdparty.io.netty.channel.nio.NioEventLoop.run(NioEventLoop.java:458)
	at org.apache.ratis.thirdparty.io.netty.util.concurrent.SingleThreadEventExecutor$5.run(SingleThreadEventExecutor.java:897)
	at org.apache.ratis.thirdparty.io.netty.util.concurrent.FastThreadLocalRunnable.run(FastThreadLocalRunnable.java:30)
	... 1 more
Caused by: java.net.ConnectException: Connection refused
	... 11 more
2019-10-17 21:55:20,137 [d6dfcdd7-fc6e-4b51-b91e-b64503dadc5e@group-F967393F7C93-LeaderElection297] INFO  impl.LeaderElection (LeaderElection.java:logAndReturn(56)) - d6dfcdd7-fc6e-4b51-b91e-b64503dadc5e@group-F967393F7C93-LeaderElection297: Election REJECTED; received 0 response(s) [] and 2 exception(s); d6dfcdd7-fc6e-4b51-b91e-b64503dadc5e@group-F967393F7C93:t300, leader=null, voted=d6dfcdd7-fc6e-4b51-b91e-b64503dadc5e, raftlog=d6dfcdd7-fc6e-4b51-b91e-b64503dadc5e@group-F967393F7C93-SegmentedRaftLog:OPENED:c-1,f-1,i0, conf=-1: [08d4cbaa-ffed-4411-a5fd-c4a38026aead:192.168.157.223:33910, da15dfee-23f0-4dc4-ad77-c00156c49cfa:192.168.157.223:42172, d6dfcdd7-fc6e-4b51-b91e-b64503dadc5e:192.168.157.223:43575], old=null
2019-10-17 21:55:20,137 [d6dfcdd7-fc6e-4b51-b91e-b64503dadc5e@group-F967393F7C93-LeaderElection297] INFO  impl.LeaderElection (LogUtils.java:infoOrTrace(149)) -   Exception 0: {}
java.util.concurrent.ExecutionException: org.apache.ratis.thirdparty.io.grpc.StatusRuntimeException: UNAVAILABLE: io exception
	at java.util.concurrent.FutureTask.report(FutureTask.java:122)
	at java.util.concurrent.FutureTask.get(FutureTask.java:192)
	at org.apache.ratis.server.impl.LeaderElection.waitForResults(LeaderElection.java:259)
	at org.apache.ratis.server.impl.LeaderElection.askForVotes(LeaderElection.java:197)
	at org.apache.ratis.server.impl.LeaderElection.run(LeaderElection.java:133)
	at java.lang.Thread.run(Thread.java:748)
Caused by: org.apache.ratis.thirdparty.io.grpc.StatusRuntimeException: UNAVAILABLE: io exception
	at org.apache.ratis.thirdparty.io.grpc.stub.ClientCalls.toStatusRuntimeException(ClientCalls.java:233)
	at org.apache.ratis.thirdparty.io.grpc.stub.ClientCalls.getUnchecked(ClientCalls.java:214)
	at org.apache.ratis.thirdparty.io.grpc.stub.ClientCalls.blockingUnaryCall(ClientCalls.java:139)
	at org.apache.ratis.proto.grpc.RaftServerProtocolServiceGrpc$RaftServerProtocolServiceBlockingStub.requestVote(RaftServerProtocolServiceGrpc.java:265)
	at org.apache.ratis.grpc.server.GrpcServerProtocolClient.requestVote(GrpcServerProtocolClient.java:99)
	at org.apache.ratis.grpc.server.GrpcService.requestVote(GrpcService.java:204)
	at org.apache.ratis.server.impl.LeaderElection.lambda$submitRequests$1(LeaderElection.java:234)
	at java.util.concurrent.FutureTask.run(FutureTask.java:266)
	at java.util.concurrent.Executors$RunnableAdapter.call(Executors.java:511)
	at java.util.concurrent.FutureTask.run(FutureTask.java:266)
	at java.util.concurrent.ThreadPoolExecutor.runWorker(ThreadPoolExecutor.java:1149)
	at java.util.concurrent.ThreadPoolExecutor$Worker.run(ThreadPoolExecutor.java:624)
	... 1 more
Caused by: org.apache.ratis.thirdparty.io.netty.channel.AbstractChannel$AnnotatedConnectException: Connection refused: /192.168.157.223:33910
	at sun.nio.ch.SocketChannelImpl.checkConnect(Native Method)
	at sun.nio.ch.SocketChannelImpl.finishConnect(SocketChannelImpl.java:717)
	at org.apache.ratis.thirdparty.io.netty.channel.socket.nio.NioSocketChannel.doFinishConnect(NioSocketChannel.java:327)
	at org.apache.ratis.thirdparty.io.netty.channel.nio.AbstractNioChannel$AbstractNioUnsafe.finishConnect(AbstractNioChannel.java:340)
	at org.apache.ratis.thirdparty.io.netty.channel.nio.NioEventLoop.processSelectedKey(NioEventLoop.java:632)
	at org.apache.ratis.thirdparty.io.netty.channel.nio.NioEventLoop.processSelectedKeysOptimized(NioEventLoop.java:579)
	at org.apache.ratis.thirdparty.io.netty.channel.nio.NioEventLoop.processSelectedKeys(NioEventLoop.java:496)
	at org.apache.ratis.thirdparty.io.netty.channel.nio.NioEventLoop.run(NioEventLoop.java:458)
	at org.apache.ratis.thirdparty.io.netty.util.concurrent.SingleThreadEventExecutor$5.run(SingleThreadEventExecutor.java:897)
	at org.apache.ratis.thirdparty.io.netty.util.concurrent.FastThreadLocalRunnable.run(FastThreadLocalRunnable.java:30)
	... 1 more
Caused by: java.net.ConnectException: Connection refused
	... 11 more
2019-10-17 21:55:20,138 [d6dfcdd7-fc6e-4b51-b91e-b64503dadc5e@group-F967393F7C93-LeaderElection297] INFO  impl.LeaderElection (LogUtils.java:infoOrTrace(149)) -   Exception 1: {}
java.util.concurrent.ExecutionException: org.apache.ratis.thirdparty.io.grpc.StatusRuntimeException: UNAVAILABLE: io exception
	at java.util.concurrent.FutureTask.report(FutureTask.java:122)
	at java.util.concurrent.FutureTask.get(FutureTask.java:192)
	at org.apache.ratis.server.impl.LeaderElection.waitForResults(LeaderElection.java:259)
	at org.apache.ratis.server.impl.LeaderElection.askForVotes(LeaderElection.java:197)
	at org.apache.ratis.server.impl.LeaderElection.run(LeaderElection.java:133)
	at java.lang.Thread.run(Thread.java:748)
Caused by: org.apache.ratis.thirdparty.io.grpc.StatusRuntimeException: UNAVAILABLE: io exception
	at org.apache.ratis.thirdparty.io.grpc.stub.ClientCalls.toStatusRuntimeException(ClientCalls.java:233)
	at org.apache.ratis.thirdparty.io.grpc.stub.ClientCalls.getUnchecked(ClientCalls.java:214)
	at org.apache.ratis.thirdparty.io.grpc.stub.ClientCalls.blockingUnaryCall(ClientCalls.java:139)
	at org.apache.ratis.proto.grpc.RaftServerProtocolServiceGrpc$RaftServerProtocolServiceBlockingStub.requestVote(RaftServerProtocolServiceGrpc.java:265)
	at org.apache.ratis.grpc.server.GrpcServerProtocolClient.requestVote(GrpcServerProtocolClient.java:99)
	at org.apache.ratis.grpc.server.GrpcService.requestVote(GrpcService.java:204)
	at org.apache.ratis.server.impl.LeaderElection.lambda$submitRequests$1(LeaderElection.java:234)
	at java.util.concurrent.FutureTask.run(FutureTask.java:266)
	at java.util.concurrent.Executors$RunnableAdapter.call(Executors.java:511)
	at java.util.concurrent.FutureTask.run(FutureTask.java:266)
	at java.util.concurrent.ThreadPoolExecutor.runWorker(ThreadPoolExecutor.java:1149)
	at java.util.concurrent.ThreadPoolExecutor$Worker.run(ThreadPoolExecutor.java:624)
	... 1 more
Caused by: org.apache.ratis.thirdparty.io.netty.channel.AbstractChannel$AnnotatedConnectException: Connection refused: /192.168.157.223:42172
	at sun.nio.ch.SocketChannelImpl.checkConnect(Native Method)
	at sun.nio.ch.SocketChannelImpl.finishConnect(SocketChannelImpl.java:717)
	at org.apache.ratis.thirdparty.io.netty.channel.socket.nio.NioSocketChannel.doFinishConnect(NioSocketChannel.java:327)
	at org.apache.ratis.thirdparty.io.netty.channel.nio.AbstractNioChannel$AbstractNioUnsafe.finishConnect(AbstractNioChannel.java:340)
	at org.apache.ratis.thirdparty.io.netty.channel.nio.NioEventLoop.processSelectedKey(NioEventLoop.java:632)
	at org.apache.ratis.thirdparty.io.netty.channel.nio.NioEventLoop.processSelectedKeysOptimized(NioEventLoop.java:579)
	at org.apache.ratis.thirdparty.io.netty.channel.nio.NioEventLoop.processSelectedKeys(NioEventLoop.java:496)
	at org.apache.ratis.thirdparty.io.netty.channel.nio.NioEventLoop.run(NioEventLoop.java:458)
	at org.apache.ratis.thirdparty.io.netty.util.concurrent.SingleThreadEventExecutor$5.run(SingleThreadEventExecutor.java:897)
	at org.apache.ratis.thirdparty.io.netty.util.concurrent.FastThreadLocalRunnable.run(FastThreadLocalRunnable.java:30)
	... 1 more
Caused by: java.net.ConnectException: Connection refused
	... 11 more
2019-10-17 21:55:20,138 [d6dfcdd7-fc6e-4b51-b91e-b64503dadc5e@group-F967393F7C93-LeaderElection297] INFO  impl.RaftServerImpl (RaftServerImpl.java:setRole(184)) - d6dfcdd7-fc6e-4b51-b91e-b64503dadc5e@group-F967393F7C93: changes role from CANDIDATE to FOLLOWER at term 300 for DISCOVERED_A_NEW_TERM
2019-10-17 21:55:20,138 [d6dfcdd7-fc6e-4b51-b91e-b64503dadc5e@group-F967393F7C93-LeaderElection297] INFO  impl.RoleInfo (RoleInfo.java:shutdownLeaderElection(134)) - d6dfcdd7-fc6e-4b51-b91e-b64503dadc5e: shutdown LeaderElection
2019-10-17 21:55:20,139 [d6dfcdd7-fc6e-4b51-b91e-b64503dadc5e@group-F967393F7C93-LeaderElection297] INFO  impl.RoleInfo (RoleInfo.java:updateAndGet(143)) - d6dfcdd7-fc6e-4b51-b91e-b64503dadc5e: start FollowerState
2019-10-17 21:55:20,242 [Thread-2366] INFO  impl.FollowerState (FollowerState.java:run(108)) - d6dfcdd7-fc6e-4b51-b91e-b64503dadc5e@group-F967393F7C93-FollowerState: change to CANDIDATE, lastRpcTime:103ms, electionTimeout:103ms
2019-10-17 21:55:20,242 [Thread-2366] INFO  impl.RoleInfo (RoleInfo.java:shutdownFollowerState(121)) - d6dfcdd7-fc6e-4b51-b91e-b64503dadc5e: shutdown FollowerState
2019-10-17 21:55:20,242 [Thread-2366] INFO  impl.RaftServerImpl (RaftServerImpl.java:setRole(184)) - d6dfcdd7-fc6e-4b51-b91e-b64503dadc5e@group-F967393F7C93: changes role from  FOLLOWER to CANDIDATE at term 300 for changeToCandidate
2019-10-17 21:55:20,242 [Thread-2366] INFO  impl.RoleInfo (RoleInfo.java:updateAndGet(143)) - d6dfcdd7-fc6e-4b51-b91e-b64503dadc5e: start LeaderElection
2019-10-17 21:55:20,255 [d6dfcdd7-fc6e-4b51-b91e-b64503dadc5e@group-F967393F7C93-LeaderElection298] INFO  impl.LeaderElection (LeaderElection.java:askForVotes(178)) - d6dfcdd7-fc6e-4b51-b91e-b64503dadc5e@group-F967393F7C93-LeaderElection298: begin an election at term 301 for -1: [08d4cbaa-ffed-4411-a5fd-c4a38026aead:192.168.157.223:33910, da15dfee-23f0-4dc4-ad77-c00156c49cfa:192.168.157.223:42172, d6dfcdd7-fc6e-4b51-b91e-b64503dadc5e:192.168.157.223:43575], old=null
2019-10-17 21:55:20,256 [d6dfcdd7-fc6e-4b51-b91e-b64503dadc5e@group-F967393F7C93-LeaderElection298] INFO  impl.LeaderElection (LogUtils.java:infoOrTrace(149)) - d6dfcdd7-fc6e-4b51-b91e-b64503dadc5e@group-F967393F7C93-LeaderElection298 got exception when requesting votes: {}
java.util.concurrent.ExecutionException: org.apache.ratis.thirdparty.io.grpc.StatusRuntimeException: UNAVAILABLE: io exception
	at java.util.concurrent.FutureTask.report(FutureTask.java:122)
	at java.util.concurrent.FutureTask.get(FutureTask.java:192)
	at org.apache.ratis.server.impl.LeaderElection.waitForResults(LeaderElection.java:259)
	at org.apache.ratis.server.impl.LeaderElection.askForVotes(LeaderElection.java:197)
	at org.apache.ratis.server.impl.LeaderElection.run(LeaderElection.java:133)
	at java.lang.Thread.run(Thread.java:748)
Caused by: org.apache.ratis.thirdparty.io.grpc.StatusRuntimeException: UNAVAILABLE: io exception
	at org.apache.ratis.thirdparty.io.grpc.stub.ClientCalls.toStatusRuntimeException(ClientCalls.java:233)
	at org.apache.ratis.thirdparty.io.grpc.stub.ClientCalls.getUnchecked(ClientCalls.java:214)
	at org.apache.ratis.thirdparty.io.grpc.stub.ClientCalls.blockingUnaryCall(ClientCalls.java:139)
	at org.apache.ratis.proto.grpc.RaftServerProtocolServiceGrpc$RaftServerProtocolServiceBlockingStub.requestVote(RaftServerProtocolServiceGrpc.java:265)
	at org.apache.ratis.grpc.server.GrpcServerProtocolClient.requestVote(GrpcServerProtocolClient.java:99)
	at org.apache.ratis.grpc.server.GrpcService.requestVote(GrpcService.java:204)
	at org.apache.ratis.server.impl.LeaderElection.lambda$submitRequests$1(LeaderElection.java:234)
	at java.util.concurrent.FutureTask.run(FutureTask.java:266)
	at java.util.concurrent.Executors$RunnableAdapter.call(Executors.java:511)
	at java.util.concurrent.FutureTask.run(FutureTask.java:266)
	at java.util.concurrent.ThreadPoolExecutor.runWorker(ThreadPoolExecutor.java:1149)
	at java.util.concurrent.ThreadPoolExecutor$Worker.run(ThreadPoolExecutor.java:624)
	... 1 more
Caused by: org.apache.ratis.thirdparty.io.netty.channel.AbstractChannel$AnnotatedConnectException: Connection refused: /192.168.157.223:33910
	at sun.nio.ch.SocketChannelImpl.checkConnect(Native Method)
	at sun.nio.ch.SocketChannelImpl.finishConnect(SocketChannelImpl.java:717)
	at org.apache.ratis.thirdparty.io.netty.channel.socket.nio.NioSocketChannel.doFinishConnect(NioSocketChannel.java:327)
	at org.apache.ratis.thirdparty.io.netty.channel.nio.AbstractNioChannel$AbstractNioUnsafe.finishConnect(AbstractNioChannel.java:340)
	at org.apache.ratis.thirdparty.io.netty.channel.nio.NioEventLoop.processSelectedKey(NioEventLoop.java:632)
	at org.apache.ratis.thirdparty.io.netty.channel.nio.NioEventLoop.processSelectedKeysOptimized(NioEventLoop.java:579)
	at org.apache.ratis.thirdparty.io.netty.channel.nio.NioEventLoop.processSelectedKeys(NioEventLoop.java:496)
	at org.apache.ratis.thirdparty.io.netty.channel.nio.NioEventLoop.run(NioEventLoop.java:458)
	at org.apache.ratis.thirdparty.io.netty.util.concurrent.SingleThreadEventExecutor$5.run(SingleThreadEventExecutor.java:897)
	at org.apache.ratis.thirdparty.io.netty.util.concurrent.FastThreadLocalRunnable.run(FastThreadLocalRunnable.java:30)
	... 1 more
Caused by: java.net.ConnectException: Connection refused
	... 11 more
2019-10-17 21:55:20,257 [d6dfcdd7-fc6e-4b51-b91e-b64503dadc5e@group-F967393F7C93-LeaderElection298] INFO  impl.LeaderElection (LogUtils.java:infoOrTrace(149)) - d6dfcdd7-fc6e-4b51-b91e-b64503dadc5e@group-F967393F7C93-LeaderElection298 got exception when requesting votes: {}
java.util.concurrent.ExecutionException: org.apache.ratis.thirdparty.io.grpc.StatusRuntimeException: UNAVAILABLE: io exception
	at java.util.concurrent.FutureTask.report(FutureTask.java:122)
	at java.util.concurrent.FutureTask.get(FutureTask.java:192)
	at org.apache.ratis.server.impl.LeaderElection.waitForResults(LeaderElection.java:259)
	at org.apache.ratis.server.impl.LeaderElection.askForVotes(LeaderElection.java:197)
	at org.apache.ratis.server.impl.LeaderElection.run(LeaderElection.java:133)
	at java.lang.Thread.run(Thread.java:748)
Caused by: org.apache.ratis.thirdparty.io.grpc.StatusRuntimeException: UNAVAILABLE: io exception
	at org.apache.ratis.thirdparty.io.grpc.stub.ClientCalls.toStatusRuntimeException(ClientCalls.java:233)
	at org.apache.ratis.thirdparty.io.grpc.stub.ClientCalls.getUnchecked(ClientCalls.java:214)
	at org.apache.ratis.thirdparty.io.grpc.stub.ClientCalls.blockingUnaryCall(ClientCalls.java:139)
	at org.apache.ratis.proto.grpc.RaftServerProtocolServiceGrpc$RaftServerProtocolServiceBlockingStub.requestVote(RaftServerProtocolServiceGrpc.java:265)
	at org.apache.ratis.grpc.server.GrpcServerProtocolClient.requestVote(GrpcServerProtocolClient.java:99)
	at org.apache.ratis.grpc.server.GrpcService.requestVote(GrpcService.java:204)
	at org.apache.ratis.server.impl.LeaderElection.lambda$submitRequests$1(LeaderElection.java:234)
	at java.util.concurrent.FutureTask.run(FutureTask.java:266)
	at java.util.concurrent.Executors$RunnableAdapter.call(Executors.java:511)
	at java.util.concurrent.FutureTask.run(FutureTask.java:266)
	at java.util.concurrent.ThreadPoolExecutor.runWorker(ThreadPoolExecutor.java:1149)
	at java.util.concurrent.ThreadPoolExecutor$Worker.run(ThreadPoolExecutor.java:624)
	... 1 more
Caused by: org.apache.ratis.thirdparty.io.netty.channel.AbstractChannel$AnnotatedConnectException: Connection refused: /192.168.157.223:42172
	at sun.nio.ch.SocketChannelImpl.checkConnect(Native Method)
	at sun.nio.ch.SocketChannelImpl.finishConnect(SocketChannelImpl.java:717)
	at org.apache.ratis.thirdparty.io.netty.channel.socket.nio.NioSocketChannel.doFinishConnect(NioSocketChannel.java:327)
	at org.apache.ratis.thirdparty.io.netty.channel.nio.AbstractNioChannel$AbstractNioUnsafe.finishConnect(AbstractNioChannel.java:340)
	at org.apache.ratis.thirdparty.io.netty.channel.nio.NioEventLoop.processSelectedKey(NioEventLoop.java:632)
	at org.apache.ratis.thirdparty.io.netty.channel.nio.NioEventLoop.processSelectedKeysOptimized(NioEventLoop.java:579)
	at org.apache.ratis.thirdparty.io.netty.channel.nio.NioEventLoop.processSelectedKeys(NioEventLoop.java:496)
	at org.apache.ratis.thirdparty.io.netty.channel.nio.NioEventLoop.run(NioEventLoop.java:458)
	at org.apache.ratis.thirdparty.io.netty.util.concurrent.SingleThreadEventExecutor$5.run(SingleThreadEventExecutor.java:897)
	at org.apache.ratis.thirdparty.io.netty.util.concurrent.FastThreadLocalRunnable.run(FastThreadLocalRunnable.java:30)
	... 1 more
Caused by: java.net.ConnectException: Connection refused
	... 11 more
2019-10-17 21:55:20,257 [d6dfcdd7-fc6e-4b51-b91e-b64503dadc5e@group-F967393F7C93-LeaderElection298] INFO  impl.LeaderElection (LeaderElection.java:logAndReturn(56)) - d6dfcdd7-fc6e-4b51-b91e-b64503dadc5e@group-F967393F7C93-LeaderElection298: Election REJECTED; received 0 response(s) [] and 2 exception(s); d6dfcdd7-fc6e-4b51-b91e-b64503dadc5e@group-F967393F7C93:t301, leader=null, voted=d6dfcdd7-fc6e-4b51-b91e-b64503dadc5e, raftlog=d6dfcdd7-fc6e-4b51-b91e-b64503dadc5e@group-F967393F7C93-SegmentedRaftLog:OPENED:c-1,f-1,i0, conf=-1: [08d4cbaa-ffed-4411-a5fd-c4a38026aead:192.168.157.223:33910, da15dfee-23f0-4dc4-ad77-c00156c49cfa:192.168.157.223:42172, d6dfcdd7-fc6e-4b51-b91e-b64503dadc5e:192.168.157.223:43575], old=null
2019-10-17 21:55:20,257 [d6dfcdd7-fc6e-4b51-b91e-b64503dadc5e@group-F967393F7C93-LeaderElection298] INFO  impl.LeaderElection (LogUtils.java:infoOrTrace(149)) -   Exception 0: {}
java.util.concurrent.ExecutionException: org.apache.ratis.thirdparty.io.grpc.StatusRuntimeException: UNAVAILABLE: io exception
	at java.util.concurrent.FutureTask.report(FutureTask.java:122)
	at java.util.concurrent.FutureTask.get(FutureTask.java:192)
	at org.apache.ratis.server.impl.LeaderElection.waitForResults(LeaderElection.java:259)
	at org.apache.ratis.server.impl.LeaderElection.askForVotes(LeaderElection.java:197)
	at org.apache.ratis.server.impl.LeaderElection.run(LeaderElection.java:133)
	at java.lang.Thread.run(Thread.java:748)
Caused by: org.apache.ratis.thirdparty.io.grpc.StatusRuntimeException: UNAVAILABLE: io exception
	at org.apache.ratis.thirdparty.io.grpc.stub.ClientCalls.toStatusRuntimeException(ClientCalls.java:233)
	at org.apache.ratis.thirdparty.io.grpc.stub.ClientCalls.getUnchecked(ClientCalls.java:214)
	at org.apache.ratis.thirdparty.io.grpc.stub.ClientCalls.blockingUnaryCall(ClientCalls.java:139)
	at org.apache.ratis.proto.grpc.RaftServerProtocolServiceGrpc$RaftServerProtocolServiceBlockingStub.requestVote(RaftServerProtocolServiceGrpc.java:265)
	at org.apache.ratis.grpc.server.GrpcServerProtocolClient.requestVote(GrpcServerProtocolClient.java:99)
	at org.apache.ratis.grpc.server.GrpcService.requestVote(GrpcService.java:204)
	at org.apache.ratis.server.impl.LeaderElection.lambda$submitRequests$1(LeaderElection.java:234)
	at java.util.concurrent.FutureTask.run(FutureTask.java:266)
	at java.util.concurrent.Executors$RunnableAdapter.call(Executors.java:511)
	at java.util.concurrent.FutureTask.run(FutureTask.java:266)
	at java.util.concurrent.ThreadPoolExecutor.runWorker(ThreadPoolExecutor.java:1149)
	at java.util.concurrent.ThreadPoolExecutor$Worker.run(ThreadPoolExecutor.java:624)
	... 1 more
Caused by: org.apache.ratis.thirdparty.io.netty.channel.AbstractChannel$AnnotatedConnectException: Connection refused: /192.168.157.223:33910
	at sun.nio.ch.SocketChannelImpl.checkConnect(Native Method)
	at sun.nio.ch.SocketChannelImpl.finishConnect(SocketChannelImpl.java:717)
	at org.apache.ratis.thirdparty.io.netty.channel.socket.nio.NioSocketChannel.doFinishConnect(NioSocketChannel.java:327)
	at org.apache.ratis.thirdparty.io.netty.channel.nio.AbstractNioChannel$AbstractNioUnsafe.finishConnect(AbstractNioChannel.java:340)
	at org.apache.ratis.thirdparty.io.netty.channel.nio.NioEventLoop.processSelectedKey(NioEventLoop.java:632)
	at org.apache.ratis.thirdparty.io.netty.channel.nio.NioEventLoop.processSelectedKeysOptimized(NioEventLoop.java:579)
	at org.apache.ratis.thirdparty.io.netty.channel.nio.NioEventLoop.processSelectedKeys(NioEventLoop.java:496)
	at org.apache.ratis.thirdparty.io.netty.channel.nio.NioEventLoop.run(NioEventLoop.java:458)
	at org.apache.ratis.thirdparty.io.netty.util.concurrent.SingleThreadEventExecutor$5.run(SingleThreadEventExecutor.java:897)
	at org.apache.ratis.thirdparty.io.netty.util.concurrent.FastThreadLocalRunnable.run(FastThreadLocalRunnable.java:30)
	... 1 more
Caused by: java.net.ConnectException: Connection refused
	... 11 more
2019-10-17 21:55:20,257 [d6dfcdd7-fc6e-4b51-b91e-b64503dadc5e@group-F967393F7C93-LeaderElection298] INFO  impl.LeaderElection (LogUtils.java:infoOrTrace(149)) -   Exception 1: {}
java.util.concurrent.ExecutionException: org.apache.ratis.thirdparty.io.grpc.StatusRuntimeException: UNAVAILABLE: io exception
	at java.util.concurrent.FutureTask.report(FutureTask.java:122)
	at java.util.concurrent.FutureTask.get(FutureTask.java:192)
	at org.apache.ratis.server.impl.LeaderElection.waitForResults(LeaderElection.java:259)
	at org.apache.ratis.server.impl.LeaderElection.askForVotes(LeaderElection.java:197)
	at org.apache.ratis.server.impl.LeaderElection.run(LeaderElection.java:133)
	at java.lang.Thread.run(Thread.java:748)
Caused by: org.apache.ratis.thirdparty.io.grpc.StatusRuntimeException: UNAVAILABLE: io exception
	at org.apache.ratis.thirdparty.io.grpc.stub.ClientCalls.toStatusRuntimeException(ClientCalls.java:233)
	at org.apache.ratis.thirdparty.io.grpc.stub.ClientCalls.getUnchecked(ClientCalls.java:214)
	at org.apache.ratis.thirdparty.io.grpc.stub.ClientCalls.blockingUnaryCall(ClientCalls.java:139)
	at org.apache.ratis.proto.grpc.RaftServerProtocolServiceGrpc$RaftServerProtocolServiceBlockingStub.requestVote(RaftServerProtocolServiceGrpc.java:265)
	at org.apache.ratis.grpc.server.GrpcServerProtocolClient.requestVote(GrpcServerProtocolClient.java:99)
	at org.apache.ratis.grpc.server.GrpcService.requestVote(GrpcService.java:204)
	at org.apache.ratis.server.impl.LeaderElection.lambda$submitRequests$1(LeaderElection.java:234)
	at java.util.concurrent.FutureTask.run(FutureTask.java:266)
	at java.util.concurrent.Executors$RunnableAdapter.call(Executors.java:511)
	at java.util.concurrent.FutureTask.run(FutureTask.java:266)
	at java.util.concurrent.ThreadPoolExecutor.runWorker(ThreadPoolExecutor.java:1149)
	at java.util.concurrent.ThreadPoolExecutor$Worker.run(ThreadPoolExecutor.java:624)
	... 1 more
Caused by: org.apache.ratis.thirdparty.io.netty.channel.AbstractChannel$AnnotatedConnectException: Connection refused: /192.168.157.223:42172
	at sun.nio.ch.SocketChannelImpl.checkConnect(Native Method)
	at sun.nio.ch.SocketChannelImpl.finishConnect(SocketChannelImpl.java:717)
	at org.apache.ratis.thirdparty.io.netty.channel.socket.nio.NioSocketChannel.doFinishConnect(NioSocketChannel.java:327)
	at org.apache.ratis.thirdparty.io.netty.channel.nio.AbstractNioChannel$AbstractNioUnsafe.finishConnect(AbstractNioChannel.java:340)
	at org.apache.ratis.thirdparty.io.netty.channel.nio.NioEventLoop.processSelectedKey(NioEventLoop.java:632)
	at org.apache.ratis.thirdparty.io.netty.channel.nio.NioEventLoop.processSelectedKeysOptimized(NioEventLoop.java:579)
	at org.apache.ratis.thirdparty.io.netty.channel.nio.NioEventLoop.processSelectedKeys(NioEventLoop.java:496)
	at org.apache.ratis.thirdparty.io.netty.channel.nio.NioEventLoop.run(NioEventLoop.java:458)
	at org.apache.ratis.thirdparty.io.netty.util.concurrent.SingleThreadEventExecutor$5.run(SingleThreadEventExecutor.java:897)
	at org.apache.ratis.thirdparty.io.netty.util.concurrent.FastThreadLocalRunnable.run(FastThreadLocalRunnable.java:30)
	... 1 more
Caused by: java.net.ConnectException: Connection refused
	... 11 more
2019-10-17 21:55:20,258 [d6dfcdd7-fc6e-4b51-b91e-b64503dadc5e@group-F967393F7C93-LeaderElection298] INFO  impl.RaftServerImpl (RaftServerImpl.java:setRole(184)) - d6dfcdd7-fc6e-4b51-b91e-b64503dadc5e@group-F967393F7C93: changes role from CANDIDATE to FOLLOWER at term 301 for DISCOVERED_A_NEW_TERM
2019-10-17 21:55:20,258 [d6dfcdd7-fc6e-4b51-b91e-b64503dadc5e@group-F967393F7C93-LeaderElection298] INFO  impl.RoleInfo (RoleInfo.java:shutdownLeaderElection(134)) - d6dfcdd7-fc6e-4b51-b91e-b64503dadc5e: shutdown LeaderElection
2019-10-17 21:55:20,258 [d6dfcdd7-fc6e-4b51-b91e-b64503dadc5e@group-F967393F7C93-LeaderElection298] INFO  impl.RoleInfo (RoleInfo.java:updateAndGet(143)) - d6dfcdd7-fc6e-4b51-b91e-b64503dadc5e: start FollowerState
2019-10-17 21:55:20,287 [java.util.concurrent.ThreadPoolExecutor$Worker@71aa17a1[State = -1, empty queue]] WARN  server.GrpcLogAppender (GrpcLogAppender.java:timeoutAppendRequest(209)) - de567563-d0dd-4cf2-91b7-f72627909699@group-3097D7458558->db0af43e-c62e-4c1d-affa-ffdb4faae2f8-GrpcLogAppender: appendEntries Timeout, request=de567563-d0dd-4cf2-91b7-f72627909699->db0af43e-c62e-4c1d-affa-ffdb4faae2f8#70-t10, previous=(t:10, i:4), leaderCommit=4, initializing? false, entries: <empty>
2019-10-17 21:55:20,349 [Thread-2370] INFO  impl.FollowerState (FollowerState.java:run(108)) - d6dfcdd7-fc6e-4b51-b91e-b64503dadc5e@group-F967393F7C93-FollowerState: change to CANDIDATE, lastRpcTime:91ms, electionTimeout:91ms
2019-10-17 21:55:20,350 [java.util.concurrent.ThreadPoolExecutor$Worker@52cb9ce4[State = -1, empty queue]] WARN  server.GrpcLogAppender (GrpcLogAppender.java:timeoutAppendRequest(209)) - de567563-d0dd-4cf2-91b7-f72627909699@group-3097D7458558->92c37ee0-6a4e-44d1-b217-daba3b24c095-GrpcLogAppender: appendEntries Timeout, request=de567563-d0dd-4cf2-91b7-f72627909699->92c37ee0-6a4e-44d1-b217-daba3b24c095#70-t10, previous=(t:10, i:4), leaderCommit=4, initializing? false, entries: <empty>
2019-10-17 21:55:20,350 [Thread-2370] INFO  impl.RoleInfo (RoleInfo.java:shutdownFollowerState(121)) - d6dfcdd7-fc6e-4b51-b91e-b64503dadc5e: shutdown FollowerState
2019-10-17 21:55:20,350 [Thread-2370] INFO  impl.RaftServerImpl (RaftServerImpl.java:setRole(184)) - d6dfcdd7-fc6e-4b51-b91e-b64503dadc5e@group-F967393F7C93: changes role from  FOLLOWER to CANDIDATE at term 301 for changeToCandidate
2019-10-17 21:55:20,351 [Thread-2370] INFO  impl.RoleInfo (RoleInfo.java:updateAndGet(143)) - d6dfcdd7-fc6e-4b51-b91e-b64503dadc5e: start LeaderElection
2019-10-17 21:55:20,377 [d6dfcdd7-fc6e-4b51-b91e-b64503dadc5e@group-F967393F7C93-LeaderElection299] INFO  impl.LeaderElection (LeaderElection.java:askForVotes(178)) - d6dfcdd7-fc6e-4b51-b91e-b64503dadc5e@group-F967393F7C93-LeaderElection299: begin an election at term 302 for -1: [08d4cbaa-ffed-4411-a5fd-c4a38026aead:192.168.157.223:33910, da15dfee-23f0-4dc4-ad77-c00156c49cfa:192.168.157.223:42172, d6dfcdd7-fc6e-4b51-b91e-b64503dadc5e:192.168.157.223:43575], old=null
2019-10-17 21:55:20,378 [d6dfcdd7-fc6e-4b51-b91e-b64503dadc5e@group-F967393F7C93-LeaderElection299] INFO  impl.LeaderElection (LogUtils.java:infoOrTrace(149)) - d6dfcdd7-fc6e-4b51-b91e-b64503dadc5e@group-F967393F7C93-LeaderElection299 got exception when requesting votes: {}
java.util.concurrent.ExecutionException: org.apache.ratis.thirdparty.io.grpc.StatusRuntimeException: UNAVAILABLE: io exception
	at java.util.concurrent.FutureTask.report(FutureTask.java:122)
	at java.util.concurrent.FutureTask.get(FutureTask.java:192)
	at org.apache.ratis.server.impl.LeaderElection.waitForResults(LeaderElection.java:259)
	at org.apache.ratis.server.impl.LeaderElection.askForVotes(LeaderElection.java:197)
	at org.apache.ratis.server.impl.LeaderElection.run(LeaderElection.java:133)
	at java.lang.Thread.run(Thread.java:748)
Caused by: org.apache.ratis.thirdparty.io.grpc.StatusRuntimeException: UNAVAILABLE: io exception
	at org.apache.ratis.thirdparty.io.grpc.stub.ClientCalls.toStatusRuntimeException(ClientCalls.java:233)
	at org.apache.ratis.thirdparty.io.grpc.stub.ClientCalls.getUnchecked(ClientCalls.java:214)
	at org.apache.ratis.thirdparty.io.grpc.stub.ClientCalls.blockingUnaryCall(ClientCalls.java:139)
	at org.apache.ratis.proto.grpc.RaftServerProtocolServiceGrpc$RaftServerProtocolServiceBlockingStub.requestVote(RaftServerProtocolServiceGrpc.java:265)
	at org.apache.ratis.grpc.server.GrpcServerProtocolClient.requestVote(GrpcServerProtocolClient.java:99)
	at org.apache.ratis.grpc.server.GrpcService.requestVote(GrpcService.java:204)
	at org.apache.ratis.server.impl.LeaderElection.lambda$submitRequests$1(LeaderElection.java:234)
	at java.util.concurrent.FutureTask.run(FutureTask.java:266)
	at java.util.concurrent.Executors$RunnableAdapter.call(Executors.java:511)
	at java.util.concurrent.FutureTask.run(FutureTask.java:266)
	at java.util.concurrent.ThreadPoolExecutor.runWorker(ThreadPoolExecutor.java:1149)
	at java.util.concurrent.ThreadPoolExecutor$Worker.run(ThreadPoolExecutor.java:624)
	... 1 more
Caused by: org.apache.ratis.thirdparty.io.netty.channel.AbstractChannel$AnnotatedConnectException: Connection refused: /192.168.157.223:33910
	at sun.nio.ch.SocketChannelImpl.checkConnect(Native Method)
	at sun.nio.ch.SocketChannelImpl.finishConnect(SocketChannelImpl.java:717)
	at org.apache.ratis.thirdparty.io.netty.channel.socket.nio.NioSocketChannel.doFinishConnect(NioSocketChannel.java:327)
	at org.apache.ratis.thirdparty.io.netty.channel.nio.AbstractNioChannel$AbstractNioUnsafe.finishConnect(AbstractNioChannel.java:340)
	at org.apache.ratis.thirdparty.io.netty.channel.nio.NioEventLoop.processSelectedKey(NioEventLoop.java:632)
	at org.apache.ratis.thirdparty.io.netty.channel.nio.NioEventLoop.processSelectedKeysOptimized(NioEventLoop.java:579)
	at org.apache.ratis.thirdparty.io.netty.channel.nio.NioEventLoop.processSelectedKeys(NioEventLoop.java:496)
	at org.apache.ratis.thirdparty.io.netty.channel.nio.NioEventLoop.run(NioEventLoop.java:458)
	at org.apache.ratis.thirdparty.io.netty.util.concurrent.SingleThreadEventExecutor$5.run(SingleThreadEventExecutor.java:897)
	at org.apache.ratis.thirdparty.io.netty.util.concurrent.FastThreadLocalRunnable.run(FastThreadLocalRunnable.java:30)
	... 1 more
Caused by: java.net.ConnectException: Connection refused
	... 11 more
2019-10-17 21:55:20,378 [d6dfcdd7-fc6e-4b51-b91e-b64503dadc5e@group-F967393F7C93-LeaderElection299] INFO  impl.LeaderElection (LogUtils.java:infoOrTrace(149)) - d6dfcdd7-fc6e-4b51-b91e-b64503dadc5e@group-F967393F7C93-LeaderElection299 got exception when requesting votes: {}
java.util.concurrent.ExecutionException: org.apache.ratis.thirdparty.io.grpc.StatusRuntimeException: UNAVAILABLE: io exception
	at java.util.concurrent.FutureTask.report(FutureTask.java:122)
	at java.util.concurrent.FutureTask.get(FutureTask.java:192)
	at org.apache.ratis.server.impl.LeaderElection.waitForResults(LeaderElection.java:259)
	at org.apache.ratis.server.impl.LeaderElection.askForVotes(LeaderElection.java:197)
	at org.apache.ratis.server.impl.LeaderElection.run(LeaderElection.java:133)
	at java.lang.Thread.run(Thread.java:748)
Caused by: org.apache.ratis.thirdparty.io.grpc.StatusRuntimeException: UNAVAILABLE: io exception
	at org.apache.ratis.thirdparty.io.grpc.stub.ClientCalls.toStatusRuntimeException(ClientCalls.java:233)
	at org.apache.ratis.thirdparty.io.grpc.stub.ClientCalls.getUnchecked(ClientCalls.java:214)
	at org.apache.ratis.thirdparty.io.grpc.stub.ClientCalls.blockingUnaryCall(ClientCalls.java:139)
	at org.apache.ratis.proto.grpc.RaftServerProtocolServiceGrpc$RaftServerProtocolServiceBlockingStub.requestVote(RaftServerProtocolServiceGrpc.java:265)
	at org.apache.ratis.grpc.server.GrpcServerProtocolClient.requestVote(GrpcServerProtocolClient.java:99)
	at org.apache.ratis.grpc.server.GrpcService.requestVote(GrpcService.java:204)
	at org.apache.ratis.server.impl.LeaderElection.lambda$submitRequests$1(LeaderElection.java:234)
	at java.util.concurrent.FutureTask.run(FutureTask.java:266)
	at java.util.concurrent.Executors$RunnableAdapter.call(Executors.java:511)
	at java.util.concurrent.FutureTask.run(FutureTask.java:266)
	at java.util.concurrent.ThreadPoolExecutor.runWorker(ThreadPoolExecutor.java:1149)
	at java.util.concurrent.ThreadPoolExecutor$Worker.run(ThreadPoolExecutor.java:624)
	... 1 more
Caused by: org.apache.ratis.thirdparty.io.netty.channel.AbstractChannel$AnnotatedConnectException: Connection refused: /192.168.157.223:42172
	at sun.nio.ch.SocketChannelImpl.checkConnect(Native Method)
	at sun.nio.ch.SocketChannelImpl.finishConnect(SocketChannelImpl.java:717)
	at org.apache.ratis.thirdparty.io.netty.channel.socket.nio.NioSocketChannel.doFinishConnect(NioSocketChannel.java:327)
	at org.apache.ratis.thirdparty.io.netty.channel.nio.AbstractNioChannel$AbstractNioUnsafe.finishConnect(AbstractNioChannel.java:340)
	at org.apache.ratis.thirdparty.io.netty.channel.nio.NioEventLoop.processSelectedKey(NioEventLoop.java:632)
	at org.apache.ratis.thirdparty.io.netty.channel.nio.NioEventLoop.processSelectedKeysOptimized(NioEventLoop.java:579)
	at org.apache.ratis.thirdparty.io.netty.channel.nio.NioEventLoop.processSelectedKeys(NioEventLoop.java:496)
	at org.apache.ratis.thirdparty.io.netty.channel.nio.NioEventLoop.run(NioEventLoop.java:458)
	at org.apache.ratis.thirdparty.io.netty.util.concurrent.SingleThreadEventExecutor$5.run(SingleThreadEventExecutor.java:897)
	at org.apache.ratis.thirdparty.io.netty.util.concurrent.FastThreadLocalRunnable.run(FastThreadLocalRunnable.java:30)
	... 1 more
Caused by: java.net.ConnectException: Connection refused
	... 11 more
2019-10-17 21:55:20,379 [d6dfcdd7-fc6e-4b51-b91e-b64503dadc5e@group-F967393F7C93-LeaderElection299] INFO  impl.LeaderElection (LeaderElection.java:logAndReturn(56)) - d6dfcdd7-fc6e-4b51-b91e-b64503dadc5e@group-F967393F7C93-LeaderElection299: Election REJECTED; received 0 response(s) [] and 2 exception(s); d6dfcdd7-fc6e-4b51-b91e-b64503dadc5e@group-F967393F7C93:t302, leader=null, voted=d6dfcdd7-fc6e-4b51-b91e-b64503dadc5e, raftlog=d6dfcdd7-fc6e-4b51-b91e-b64503dadc5e@group-F967393F7C93-SegmentedRaftLog:OPENED:c-1,f-1,i0, conf=-1: [08d4cbaa-ffed-4411-a5fd-c4a38026aead:192.168.157.223:33910, da15dfee-23f0-4dc4-ad77-c00156c49cfa:192.168.157.223:42172, d6dfcdd7-fc6e-4b51-b91e-b64503dadc5e:192.168.157.223:43575], old=null
2019-10-17 21:55:20,379 [d6dfcdd7-fc6e-4b51-b91e-b64503dadc5e@group-F967393F7C93-LeaderElection299] INFO  impl.LeaderElection (LogUtils.java:infoOrTrace(149)) -   Exception 0: {}
java.util.concurrent.ExecutionException: org.apache.ratis.thirdparty.io.grpc.StatusRuntimeException: UNAVAILABLE: io exception
	at java.util.concurrent.FutureTask.report(FutureTask.java:122)
	at java.util.concurrent.FutureTask.get(FutureTask.java:192)
	at org.apache.ratis.server.impl.LeaderElection.waitForResults(LeaderElection.java:259)
	at org.apache.ratis.server.impl.LeaderElection.askForVotes(LeaderElection.java:197)
	at org.apache.ratis.server.impl.LeaderElection.run(LeaderElection.java:133)
	at java.lang.Thread.run(Thread.java:748)
Caused by: org.apache.ratis.thirdparty.io.grpc.StatusRuntimeException: UNAVAILABLE: io exception
	at org.apache.ratis.thirdparty.io.grpc.stub.ClientCalls.toStatusRuntimeException(ClientCalls.java:233)
	at org.apache.ratis.thirdparty.io.grpc.stub.ClientCalls.getUnchecked(ClientCalls.java:214)
	at org.apache.ratis.thirdparty.io.grpc.stub.ClientCalls.blockingUnaryCall(ClientCalls.java:139)
	at org.apache.ratis.proto.grpc.RaftServerProtocolServiceGrpc$RaftServerProtocolServiceBlockingStub.requestVote(RaftServerProtocolServiceGrpc.java:265)
	at org.apache.ratis.grpc.server.GrpcServerProtocolClient.requestVote(GrpcServerProtocolClient.java:99)
	at org.apache.ratis.grpc.server.GrpcService.requestVote(GrpcService.java:204)
	at org.apache.ratis.server.impl.LeaderElection.lambda$submitRequests$1(LeaderElection.java:234)
	at java.util.concurrent.FutureTask.run(FutureTask.java:266)
	at java.util.concurrent.Executors$RunnableAdapter.call(Executors.java:511)
	at java.util.concurrent.FutureTask.run(FutureTask.java:266)
	at java.util.concurrent.ThreadPoolExecutor.runWorker(ThreadPoolExecutor.java:1149)
	at java.util.concurrent.ThreadPoolExecutor$Worker.run(ThreadPoolExecutor.java:624)
	... 1 more
Caused by: org.apache.ratis.thirdparty.io.netty.channel.AbstractChannel$AnnotatedConnectException: Connection refused: /192.168.157.223:33910
	at sun.nio.ch.SocketChannelImpl.checkConnect(Native Method)
	at sun.nio.ch.SocketChannelImpl.finishConnect(SocketChannelImpl.java:717)
	at org.apache.ratis.thirdparty.io.netty.channel.socket.nio.NioSocketChannel.doFinishConnect(NioSocketChannel.java:327)
	at org.apache.ratis.thirdparty.io.netty.channel.nio.AbstractNioChannel$AbstractNioUnsafe.finishConnect(AbstractNioChannel.java:340)
	at org.apache.ratis.thirdparty.io.netty.channel.nio.NioEventLoop.processSelectedKey(NioEventLoop.java:632)
	at org.apache.ratis.thirdparty.io.netty.channel.nio.NioEventLoop.processSelectedKeysOptimized(NioEventLoop.java:579)
	at org.apache.ratis.thirdparty.io.netty.channel.nio.NioEventLoop.processSelectedKeys(NioEventLoop.java:496)
	at org.apache.ratis.thirdparty.io.netty.channel.nio.NioEventLoop.run(NioEventLoop.java:458)
	at org.apache.ratis.thirdparty.io.netty.util.concurrent.SingleThreadEventExecutor$5.run(SingleThreadEventExecutor.java:897)
	at org.apache.ratis.thirdparty.io.netty.util.concurrent.FastThreadLocalRunnable.run(FastThreadLocalRunnable.java:30)
	... 1 more
Caused by: java.net.ConnectException: Connection refused
	... 11 more
2019-10-17 21:55:20,379 [d6dfcdd7-fc6e-4b51-b91e-b64503dadc5e@group-F967393F7C93-LeaderElection299] INFO  impl.LeaderElection (LogUtils.java:infoOrTrace(149)) -   Exception 1: {}
java.util.concurrent.ExecutionException: org.apache.ratis.thirdparty.io.grpc.StatusRuntimeException: UNAVAILABLE: io exception
	at java.util.concurrent.FutureTask.report(FutureTask.java:122)
	at java.util.concurrent.FutureTask.get(FutureTask.java:192)
	at org.apache.ratis.server.impl.LeaderElection.waitForResults(LeaderElection.java:259)
	at org.apache.ratis.server.impl.LeaderElection.askForVotes(LeaderElection.java:197)
	at org.apache.ratis.server.impl.LeaderElection.run(LeaderElection.java:133)
	at java.lang.Thread.run(Thread.java:748)
Caused by: org.apache.ratis.thirdparty.io.grpc.StatusRuntimeException: UNAVAILABLE: io exception
	at org.apache.ratis.thirdparty.io.grpc.stub.ClientCalls.toStatusRuntimeException(ClientCalls.java:233)
	at org.apache.ratis.thirdparty.io.grpc.stub.ClientCalls.getUnchecked(ClientCalls.java:214)
	at org.apache.ratis.thirdparty.io.grpc.stub.ClientCalls.blockingUnaryCall(ClientCalls.java:139)
	at org.apache.ratis.proto.grpc.RaftServerProtocolServiceGrpc$RaftServerProtocolServiceBlockingStub.requestVote(RaftServerProtocolServiceGrpc.java:265)
	at org.apache.ratis.grpc.server.GrpcServerProtocolClient.requestVote(GrpcServerProtocolClient.java:99)
	at org.apache.ratis.grpc.server.GrpcService.requestVote(GrpcService.java:204)
	at org.apache.ratis.server.impl.LeaderElection.lambda$submitRequests$1(LeaderElection.java:234)
	at java.util.concurrent.FutureTask.run(FutureTask.java:266)
	at java.util.concurrent.Executors$RunnableAdapter.call(Executors.java:511)
	at java.util.concurrent.FutureTask.run(FutureTask.java:266)
	at java.util.concurrent.ThreadPoolExecutor.runWorker(ThreadPoolExecutor.java:1149)
	at java.util.concurrent.ThreadPoolExecutor$Worker.run(ThreadPoolExecutor.java:624)
	... 1 more
Caused by: org.apache.ratis.thirdparty.io.netty.channel.AbstractChannel$AnnotatedConnectException: Connection refused: /192.168.157.223:42172
	at sun.nio.ch.SocketChannelImpl.checkConnect(Native Method)
	at sun.nio.ch.SocketChannelImpl.finishConnect(SocketChannelImpl.java:717)
	at org.apache.ratis.thirdparty.io.netty.channel.socket.nio.NioSocketChannel.doFinishConnect(NioSocketChannel.java:327)
	at org.apache.ratis.thirdparty.io.netty.channel.nio.AbstractNioChannel$AbstractNioUnsafe.finishConnect(AbstractNioChannel.java:340)
	at org.apache.ratis.thirdparty.io.netty.channel.nio.NioEventLoop.processSelectedKey(NioEventLoop.java:632)
	at org.apache.ratis.thirdparty.io.netty.channel.nio.NioEventLoop.processSelectedKeysOptimized(NioEventLoop.java:579)
	at org.apache.ratis.thirdparty.io.netty.channel.nio.NioEventLoop.processSelectedKeys(NioEventLoop.java:496)
	at org.apache.ratis.thirdparty.io.netty.channel.nio.NioEventLoop.run(NioEventLoop.java:458)
	at org.apache.ratis.thirdparty.io.netty.util.concurrent.SingleThreadEventExecutor$5.run(SingleThreadEventExecutor.java:897)
	at org.apache.ratis.thirdparty.io.netty.util.concurrent.FastThreadLocalRunnable.run(FastThreadLocalRunnable.java:30)
	... 1 more
Caused by: java.net.ConnectException: Connection refused
	... 11 more
2019-10-17 21:55:20,379 [d6dfcdd7-fc6e-4b51-b91e-b64503dadc5e@group-F967393F7C93-LeaderElection299] INFO  impl.RaftServerImpl (RaftServerImpl.java:setRole(184)) - d6dfcdd7-fc6e-4b51-b91e-b64503dadc5e@group-F967393F7C93: changes role from CANDIDATE to FOLLOWER at term 302 for DISCOVERED_A_NEW_TERM
2019-10-17 21:55:20,380 [d6dfcdd7-fc6e-4b51-b91e-b64503dadc5e@group-F967393F7C93-LeaderElection299] INFO  impl.RoleInfo (RoleInfo.java:shutdownLeaderElection(134)) - d6dfcdd7-fc6e-4b51-b91e-b64503dadc5e: shutdown LeaderElection
2019-10-17 21:55:20,380 [d6dfcdd7-fc6e-4b51-b91e-b64503dadc5e@group-F967393F7C93-LeaderElection299] INFO  impl.RoleInfo (RoleInfo.java:updateAndGet(143)) - d6dfcdd7-fc6e-4b51-b91e-b64503dadc5e: start FollowerState
2019-10-17 21:55:20,451 [ForkJoinPool.commonPool-worker-0] INFO  ozoneimpl.OzoneContainer (OzoneContainer.java:stop(227)) - Attempting to stop container services.
2019-10-17 21:55:20,452 [ForkJoinPool.commonPool-worker-0] INFO  impl.RaftServerProxy (RaftServerProxy.java:lambda$close$4(314)) - d6dfcdd7-fc6e-4b51-b91e-b64503dadc5e: close
2019-10-17 21:55:20,452 [ForkJoinPool.commonPool-worker-0] INFO  impl.RaftServerImpl (RaftServerImpl.java:lambda$shutdown$3(261)) - d6dfcdd7-fc6e-4b51-b91e-b64503dadc5e@group-AAE2E2C46965: shutdown
2019-10-17 21:55:20,453 [ForkJoinPool.commonPool-worker-0] INFO  util.JmxRegister (JmxRegister.java:unregister(73)) - Successfully un-registered JMX Bean with object name Ratis:service=RaftServer,group=group-AAE2E2C46965,id=d6dfcdd7-fc6e-4b51-b91e-b64503dadc5e
2019-10-17 21:55:20,453 [ForkJoinPool.commonPool-worker-0] INFO  impl.RoleInfo (RoleInfo.java:shutdownLeaderState(104)) - d6dfcdd7-fc6e-4b51-b91e-b64503dadc5e: shutdown LeaderState
2019-10-17 21:55:20,454 [ForkJoinPool.commonPool-worker-0] INFO  impl.PendingRequests (PendingRequests.java:sendNotLeaderResponses(202)) - d6dfcdd7-fc6e-4b51-b91e-b64503dadc5e@group-AAE2E2C46965-PendingRequests: sendNotLeaderResponses
2019-10-17 21:55:20,455 [ForkJoinPool.commonPool-worker-0] INFO  impl.StateMachineUpdater (StateMachineUpdater.java:stopAndJoin(136)) - d6dfcdd7-fc6e-4b51-b91e-b64503dadc5e@group-AAE2E2C46965-StateMachineUpdater: set stopIndex = 0
2019-10-17 21:55:20,455 [ForkJoinPool.commonPool-worker-0] INFO  impl.RaftServerImpl (ServerState.java:close(388)) - d6dfcdd7-fc6e-4b51-b91e-b64503dadc5e@group-AAE2E2C46965: closes. applyIndex: 0
2019-10-17 21:55:20,456 [d6dfcdd7-fc6e-4b51-b91e-b64503dadc5e@group-AAE2E2C46965-SegmentedRaftLogWorker] INFO  segmented.SegmentedRaftLogWorker (SegmentedRaftLogWorker.java:run(316)) - d6dfcdd7-fc6e-4b51-b91e-b64503dadc5e@group-AAE2E2C46965-SegmentedRaftLogWorker was interrupted, exiting. There are 0 tasks remaining in the queue.
2019-10-17 21:55:20,457 [ForkJoinPool.commonPool-worker-0] INFO  segmented.SegmentedRaftLogWorker (SegmentedRaftLogWorker.java:close(224)) - d6dfcdd7-fc6e-4b51-b91e-b64503dadc5e@group-AAE2E2C46965-SegmentedRaftLogWorker close()
2019-10-17 21:55:20,460 [ForkJoinPool.commonPool-worker-0] INFO  impl.RaftServerImpl (RaftServerImpl.java:lambda$shutdown$3(261)) - d6dfcdd7-fc6e-4b51-b91e-b64503dadc5e@group-F967393F7C93: shutdown
2019-10-17 21:55:20,460 [ForkJoinPool.commonPool-worker-0] INFO  util.JmxRegister (JmxRegister.java:unregister(73)) - Successfully un-registered JMX Bean with object name Ratis:service=RaftServer,group=group-F967393F7C93,id=d6dfcdd7-fc6e-4b51-b91e-b64503dadc5e
2019-10-17 21:55:20,460 [ForkJoinPool.commonPool-worker-0] INFO  impl.RoleInfo (RoleInfo.java:shutdownFollowerState(121)) - d6dfcdd7-fc6e-4b51-b91e-b64503dadc5e: shutdown FollowerState
2019-10-17 21:55:20,461 [ForkJoinPool.commonPool-worker-0] INFO  impl.StateMachineUpdater (StateMachineUpdater.java:stopAndJoin(136)) - d6dfcdd7-fc6e-4b51-b91e-b64503dadc5e@group-F967393F7C93-StateMachineUpdater: set stopIndex = -1
2019-10-17 21:55:20,461 [Thread-2374] INFO  impl.FollowerState (FollowerState.java:run(117)) - d6dfcdd7-fc6e-4b51-b91e-b64503dadc5e@group-F967393F7C93-FollowerState was interrupted: java.lang.InterruptedException: sleep interrupted
2019-10-17 21:55:20,461 [ForkJoinPool.commonPool-worker-0] INFO  impl.RaftServerImpl (ServerState.java:close(388)) - d6dfcdd7-fc6e-4b51-b91e-b64503dadc5e@group-F967393F7C93: closes. applyIndex: -1
2019-10-17 21:55:20,462 [d6dfcdd7-fc6e-4b51-b91e-b64503dadc5e@group-F967393F7C93-SegmentedRaftLogWorker] INFO  segmented.SegmentedRaftLogWorker (SegmentedRaftLogWorker.java:run(316)) - d6dfcdd7-fc6e-4b51-b91e-b64503dadc5e@group-F967393F7C93-SegmentedRaftLogWorker was interrupted, exiting. There are 0 tasks remaining in the queue.
2019-10-17 21:55:20,462 [ForkJoinPool.commonPool-worker-0] INFO  segmented.SegmentedRaftLogWorker (SegmentedRaftLogWorker.java:close(224)) - d6dfcdd7-fc6e-4b51-b91e-b64503dadc5e@group-F967393F7C93-SegmentedRaftLogWorker close()
2019-10-17 21:55:20,463 [ForkJoinPool.commonPool-worker-0] INFO  server.GrpcService (GrpcService.java:closeImpl(164)) - d6dfcdd7-fc6e-4b51-b91e-b64503dadc5e: shutdown server with port 43575 now
2019-10-17 21:55:20,464 [ForkJoinPool.commonPool-worker-0] INFO  server.GrpcService (GrpcService.java:closeImpl(172)) - d6dfcdd7-fc6e-4b51-b91e-b64503dadc5e: shutdown server with port 43575 successfully
2019-10-17 21:55:20,466 [refreshUsed-/workdir/hadoop-ozone/integration-test/target/test-dir/MiniOzoneClusterImpl-8354d78d-dcd0-455c-bdef-cdb54255caab/datanode-1/data/containers] WARN  fs.CachingGetSpaceUsed (CachingGetSpaceUsed.java:run(183)) - Thread Interrupted waiting to refresh disk information: sleep interrupted
2019-10-17 21:55:20,474 [main] INFO  ozoneimpl.OzoneContainer (OzoneContainer.java:stop(227)) - Attempting to stop container services.
2019-10-17 21:55:20,475 [main] INFO  impl.RaftServerProxy (RaftServerProxy.java:lambda$close$4(314)) - de567563-d0dd-4cf2-91b7-f72627909699: close
2019-10-17 21:55:20,475 [main] INFO  impl.RaftServerImpl (RaftServerImpl.java:lambda$shutdown$3(261)) - de567563-d0dd-4cf2-91b7-f72627909699@group-AB53FDA2A734: shutdown
2019-10-17 21:55:20,475 [main] INFO  util.JmxRegister (JmxRegister.java:unregister(73)) - Successfully un-registered JMX Bean with object name Ratis:service=RaftServer,group=group-AB53FDA2A734,id=de567563-d0dd-4cf2-91b7-f72627909699
2019-10-17 21:55:20,476 [main] INFO  impl.RoleInfo (RoleInfo.java:shutdownLeaderState(104)) - de567563-d0dd-4cf2-91b7-f72627909699: shutdown LeaderState
2019-10-17 21:55:20,476 [main] INFO  impl.PendingRequests (PendingRequests.java:sendNotLeaderResponses(202)) - de567563-d0dd-4cf2-91b7-f72627909699@group-AB53FDA2A734-PendingRequests: sendNotLeaderResponses
2019-10-17 21:55:20,477 [main] INFO  impl.StateMachineUpdater (StateMachineUpdater.java:stopAndJoin(136)) - de567563-d0dd-4cf2-91b7-f72627909699@group-AB53FDA2A734-StateMachineUpdater: set stopIndex = 0
2019-10-17 21:55:20,477 [main] INFO  impl.RaftServerImpl (ServerState.java:close(388)) - de567563-d0dd-4cf2-91b7-f72627909699@group-AB53FDA2A734: closes. applyIndex: 0
2019-10-17 21:55:20,478 [de567563-d0dd-4cf2-91b7-f72627909699@group-AB53FDA2A734-SegmentedRaftLogWorker] INFO  segmented.SegmentedRaftLogWorker (SegmentedRaftLogWorker.java:run(316)) - de567563-d0dd-4cf2-91b7-f72627909699@group-AB53FDA2A734-SegmentedRaftLogWorker was interrupted, exiting. There are 0 tasks remaining in the queue.
2019-10-17 21:55:20,478 [main] INFO  segmented.SegmentedRaftLogWorker (SegmentedRaftLogWorker.java:close(224)) - de567563-d0dd-4cf2-91b7-f72627909699@group-AB53FDA2A734-SegmentedRaftLogWorker close()
2019-10-17 21:55:20,479 [main] INFO  impl.RaftServerImpl (RaftServerImpl.java:lambda$shutdown$3(261)) - de567563-d0dd-4cf2-91b7-f72627909699@group-3097D7458558: shutdown
2019-10-17 21:55:20,479 [main] INFO  util.JmxRegister (JmxRegister.java:unregister(73)) - Successfully un-registered JMX Bean with object name Ratis:service=RaftServer,group=group-3097D7458558,id=de567563-d0dd-4cf2-91b7-f72627909699
2019-10-17 21:55:20,480 [main] INFO  impl.RoleInfo (RoleInfo.java:shutdownLeaderState(104)) - de567563-d0dd-4cf2-91b7-f72627909699: shutdown LeaderState
2019-10-17 21:55:20,482 [main] INFO  impl.PendingRequests (PendingRequests.java:sendNotLeaderResponses(202)) - de567563-d0dd-4cf2-91b7-f72627909699@group-3097D7458558-PendingRequests: sendNotLeaderResponses
2019-10-17 21:55:20,482 [org.apache.ratis.server.impl.LogAppender$AppenderDaemon$$Lambda$456/2008494382@709886e7] WARN  server.GrpcLogAppender (GrpcLogAppender.java:mayWait(149)) - de567563-d0dd-4cf2-91b7-f72627909699@group-3097D7458558->92c37ee0-6a4e-44d1-b217-daba3b24c095-GrpcLogAppender: Wait interrupted by java.lang.InterruptedException
2019-10-17 21:55:20,482 [org.apache.ratis.server.impl.LogAppender$AppenderDaemon$$Lambda$456/2008494382@21bcdc01] WARN  server.GrpcLogAppender (GrpcLogAppender.java:mayWait(149)) - de567563-d0dd-4cf2-91b7-f72627909699@group-3097D7458558->db0af43e-c62e-4c1d-affa-ffdb4faae2f8-GrpcLogAppender: Wait interrupted by java.lang.InterruptedException
2019-10-17 21:55:20,485 [main] INFO  impl.StateMachineUpdater (StateMachineUpdater.java:stopAndJoin(136)) - de567563-d0dd-4cf2-91b7-f72627909699@group-3097D7458558-StateMachineUpdater: set stopIndex = 4
2019-10-17 21:55:20,485 [de567563-d0dd-4cf2-91b7-f72627909699@group-3097D7458558-StateMachineUpdater] INFO  ratis.ContainerStateMachine (ContainerStateMachine.java:takeSnapshot(294)) - group-3097D7458558: Taking a snapshot at:(t:10, i:4) file /workdir/hadoop-ozone/integration-test/target/test-dir/MiniOzoneClusterImpl-8354d78d-dcd0-455c-bdef-cdb54255caab/datanode-7/data/ratis/79705d85-8c11-4082-a1d0-3097d7458558/sm/snapshot.10_4
2019-10-17 21:55:20,500 [ForkJoinPool.commonPool-worker-0] INFO  utils.BackgroundService (BackgroundService.java:shutdown(151)) - Shutting down service BlockDeletingService
2019-10-17 21:55:20,503 [ForkJoinPool.commonPool-worker-0] INFO  statemachine.DatanodeStateMachine (DatanodeStateMachine.java:stopDaemon(395)) - Ozone container server stopped.
2019-10-17 21:55:20,508 [ForkJoinPool.commonPool-worker-0] INFO  handler.ContextHandler (ContextHandler.java:doStop(910)) - Stopped o.e.j.w.WebAppContext@1e58512c{/,null,UNAVAILABLE}{/hddsDatanode}
2019-10-17 21:55:20,509 [ForkJoinPool.commonPool-worker-0] INFO  server.AbstractConnector (AbstractConnector.java:doStop(318)) - Stopped ServerConnector@210308d5{HTTP/1.1,[http/1.1]}{0.0.0.0:0}
2019-10-17 21:55:20,510 [ForkJoinPool.commonPool-worker-0] INFO  handler.ContextHandler (ContextHandler.java:doStop(910)) - Stopped o.e.j.s.ServletContextHandler@1dba4e06{/static,jar:file:/home/user/.m2/repository/org/apache/hadoop/hadoop-hdds-container-service/0.5.0-SNAPSHOT/hadoop-hdds-container-service-0.5.0-SNAPSHOT.jar!/webapps/static,UNAVAILABLE}
2019-10-17 21:55:20,511 [de567563-d0dd-4cf2-91b7-f72627909699@group-3097D7458558-StateMachineUpdater] INFO  ratis.ContainerStateMachine (ContainerStateMachine.java:takeSnapshot(305)) - group-3097D7458558: Finished taking a snapshot at:(t:10, i:4) file:/workdir/hadoop-ozone/integration-test/target/test-dir/MiniOzoneClusterImpl-8354d78d-dcd0-455c-bdef-cdb54255caab/datanode-7/data/ratis/79705d85-8c11-4082-a1d0-3097d7458558/sm/snapshot.10_4 time:26
2019-10-17 21:55:20,512 [ForkJoinPool.commonPool-worker-0] INFO  handler.ContextHandler (ContextHandler.java:doStop(910)) - Stopped o.e.j.s.ServletContextHandler@6a094db2{/logs,file:///workdir/hadoop-ozone/integration-test/target/log,UNAVAILABLE}
2019-10-17 21:55:20,512 [de567563-d0dd-4cf2-91b7-f72627909699@group-3097D7458558-StateMachineUpdater] INFO  impl.StateMachineUpdater (StateMachineUpdater.java:takeSnapshot(269)) - de567563-d0dd-4cf2-91b7-f72627909699@group-3097D7458558-StateMachineUpdater: Took a snapshot at index 4
2019-10-17 21:55:20,512 [de567563-d0dd-4cf2-91b7-f72627909699@group-3097D7458558-StateMachineUpdater] INFO  impl.StateMachineUpdater (StateMachineUpdater.java:lambda$new$0(84)) - de567563-d0dd-4cf2-91b7-f72627909699@group-3097D7458558-StateMachineUpdater: snapshotIndex: updateIncreasingly -1 -> 4
2019-10-17 21:55:20,513 [main] INFO  impl.RaftServerImpl (ServerState.java:close(388)) - de567563-d0dd-4cf2-91b7-f72627909699@group-3097D7458558: closes. applyIndex: 4
2019-10-17 21:55:20,514 [de567563-d0dd-4cf2-91b7-f72627909699@group-3097D7458558-SegmentedRaftLogWorker] INFO  segmented.SegmentedRaftLogWorker (SegmentedRaftLogWorker.java:run(316)) - de567563-d0dd-4cf2-91b7-f72627909699@group-3097D7458558-SegmentedRaftLogWorker was interrupted, exiting. There are 0 tasks remaining in the queue.
2019-10-17 21:55:20,514 [main] INFO  segmented.SegmentedRaftLogWorker (SegmentedRaftLogWorker.java:close(224)) - de567563-d0dd-4cf2-91b7-f72627909699@group-3097D7458558-SegmentedRaftLogWorker close()
2019-10-17 21:55:20,515 [main] INFO  server.GrpcService (GrpcService.java:closeImpl(164)) - de567563-d0dd-4cf2-91b7-f72627909699: shutdown server with port 42420 now
2019-10-17 21:55:20,517 [main] INFO  server.GrpcService (GrpcService.java:closeImpl(172)) - de567563-d0dd-4cf2-91b7-f72627909699: shutdown server with port 42420 successfully
2019-10-17 21:55:20,522 [refreshUsed-/workdir/hadoop-ozone/integration-test/target/test-dir/MiniOzoneClusterImpl-8354d78d-dcd0-455c-bdef-cdb54255caab/datanode-7/data/containers] WARN  fs.CachingGetSpaceUsed (CachingGetSpaceUsed.java:run(183)) - Thread Interrupted waiting to refresh disk information: sleep interrupted
2019-10-17 21:55:20,535 [main] INFO  utils.BackgroundService (BackgroundService.java:shutdown(151)) - Shutting down service BlockDeletingService
2019-10-17 21:55:20,538 [main] INFO  statemachine.DatanodeStateMachine (DatanodeStateMachine.java:stopDaemon(395)) - Ozone container server stopped.
2019-10-17 21:55:20,539 [main] INFO  handler.ContextHandler (ContextHandler.java:doStop(910)) - Stopped o.e.j.w.WebAppContext@10f7918f{/,null,UNAVAILABLE}{/hddsDatanode}
2019-10-17 21:55:20,539 [main] INFO  server.AbstractConnector (AbstractConnector.java:doStop(318)) - Stopped ServerConnector@64d4f7c7{HTTP/1.1,[http/1.1]}{0.0.0.0:0}
2019-10-17 21:55:20,539 [main] INFO  handler.ContextHandler (ContextHandler.java:doStop(910)) - Stopped o.e.j.s.ServletContextHandler@1352434e{/static,jar:file:/home/user/.m2/repository/org/apache/hadoop/hadoop-hdds-container-service/0.5.0-SNAPSHOT/hadoop-hdds-container-service-0.5.0-SNAPSHOT.jar!/webapps/static,UNAVAILABLE}
2019-10-17 21:55:20,540 [main] INFO  handler.ContextHandler (ContextHandler.java:doStop(910)) - Stopped o.e.j.s.ServletContextHandler@12eedfee{/logs,file:///workdir/hadoop-ozone/integration-test/target/log,UNAVAILABLE}
2019-10-17 21:55:20,541 [main] INFO  ozone.MiniOzoneClusterImpl (MiniOzoneClusterImpl.java:stopSCM(392)) - Stopping the StorageContainerManager
2019-10-17 21:55:20,541 [main] INFO  server.StorageContainerManager (StorageContainerManager.java:stop(810)) - Stopping Replication Manager Service.
2019-10-17 21:55:20,541 [main] INFO  container.ReplicationManager (ReplicationManager.java:stop(203)) - Stopping Replication Monitor Thread.
2019-10-17 21:55:20,541 [main] INFO  server.StorageContainerManager (StorageContainerManager.java:stop(817)) - Stopping Lease Manager of the command watchers
2019-10-17 21:55:20,542 [main] INFO  server.StorageContainerManager (StorageContainerManager.java:stop(824)) - Stopping datanode service RPC server
2019-10-17 21:55:20,542 [main] INFO  server.SCMDatanodeProtocolServer (SCMDatanodeProtocolServer.java:stop(346)) - Stopping the RPC server for DataNodes
2019-10-17 21:55:20,542 [main] INFO  ipc.Server (Server.java:stop(3082)) - Stopping server on 35671
2019-10-17 21:55:20,543 [IPC Server listener on 35671] INFO  ipc.Server (Server.java:run(1185)) - Stopping IPC Server listener on 35671
2019-10-17 21:55:20,544 [IPC Server Responder] INFO  ipc.Server (Server.java:run(1319)) - Stopping IPC Server Responder
2019-10-17 21:55:20,572 [SCM Heartbeat Processing Thread - 0] WARN  node.NodeStateManager (NodeStateManager.java:scheduleNextHealthCheck(646)) - Current Thread is interrupted, shutting down HB processing thread for Node Manager.
2019-10-17 21:55:20,572 [main] INFO  server.StorageContainerManager (StorageContainerManager.java:stop(832)) - Stopping block service RPC server
2019-10-17 21:55:20,573 [main] INFO  server.SCMBlockProtocolServer (SCMBlockProtocolServer.java:stop(155)) - Stopping the RPC server for Block Protocol
2019-10-17 21:55:20,573 [main] INFO  ipc.Server (Server.java:stop(3082)) - Stopping server on 37109
2019-10-17 21:55:20,574 [IPC Server listener on 37109] INFO  ipc.Server (Server.java:run(1185)) - Stopping IPC Server listener on 37109
2019-10-17 21:55:20,574 [main] INFO  server.StorageContainerManager (StorageContainerManager.java:stop(839)) - Stopping the StorageContainerLocationProtocol RPC server
2019-10-17 21:55:20,575 [IPC Server Responder] INFO  ipc.Server (Server.java:run(1319)) - Stopping IPC Server Responder
2019-10-17 21:55:20,575 [main] INFO  server.SCMClientProtocolServer (SCMClientProtocolServer.java:stop(168)) - Stopping the RPC server for Client Protocol
2019-10-17 21:55:20,576 [main] INFO  ipc.Server (Server.java:stop(3082)) - Stopping server on 41809
2019-10-17 21:55:20,577 [IPC Server listener on 41809] INFO  ipc.Server (Server.java:run(1185)) - Stopping IPC Server listener on 41809
2019-10-17 21:55:20,577 [main] INFO  server.StorageContainerManager (StorageContainerManager.java:stop(846)) - Stopping Storage Container Manager HTTP server.
2019-10-17 21:55:20,578 [IPC Server Responder] INFO  ipc.Server (Server.java:run(1319)) - Stopping IPC Server Responder
2019-10-17 21:55:20,579 [main] INFO  handler.ContextHandler (ContextHandler.java:doStop(910)) - Stopped o.e.j.w.WebAppContext@3b366632{/,null,UNAVAILABLE}{/scm}
2019-10-17 21:55:20,580 [main] INFO  server.AbstractConnector (AbstractConnector.java:doStop(318)) - Stopped ServerConnector@6815c5f2{HTTP/1.1,[http/1.1]}{0.0.0.0:0}
2019-10-17 21:55:20,580 [main] INFO  handler.ContextHandler (ContextHandler.java:doStop(910)) - Stopped o.e.j.s.ServletContextHandler@37052337{/static,file:///workdir/hadoop-ozone/integration-test/target/test-classes/webapps/static,UNAVAILABLE}
2019-10-17 21:55:20,581 [main] INFO  handler.ContextHandler (ContextHandler.java:doStop(910)) - Stopped o.e.j.s.ServletContextHandler@340da44c{/logs,file:///workdir/hadoop-ozone/integration-test/target/log,UNAVAILABLE}
2019-10-17 21:55:20,582 [main] INFO  server.StorageContainerManager (StorageContainerManager.java:stop(857)) - Stopping Block Manager Service.
2019-10-17 21:55:20,582 [main] INFO  utils.BackgroundService (BackgroundService.java:shutdown(151)) - Shutting down service SCMBlockDeletingService
2019-10-17 21:55:20,583 [main] INFO  utils.BackgroundService (BackgroundService.java:shutdown(151)) - Shutting down service SCMBlockDeletingService
2019-10-17 21:55:20,583 [main] INFO  server.StorageContainerManager (StorageContainerManager.java:stop(879)) - Stopping SCM Event Queue.
2019-10-17 21:55:20,593 [main] INFO  impl.MetricsSystemImpl (MetricsSystemImpl.java:stop(210)) - Stopping XceiverClientMetrics metrics system...
2019-10-17 21:55:20,609 [prometheus] INFO  impl.MetricsSinkAdapter (MetricsSinkAdapter.java:publishMetricsFromQueue(141)) - prometheus thread interrupted.
2019-10-17 21:55:20,609 [main] INFO  impl.MetricsSystemImpl (MetricsSystemImpl.java:stop(216)) - XceiverClientMetrics metrics system stopped.
]]></system-out>
    <system-err><![CDATA[ERROR StatusLogger No Log4j 2 configuration file found. Using default configuration (logging only errors to the console), or user programmatically provided configurations. Set system property 'log4j2.debug' to show Log4j 2 internal initialization logging. See https://logging.apache.org/log4j/2.x/manual/configuration.html for instructions on how to configure Log4j 2
Oct 17, 2019 9:55:00 PM org.apache.ratis.thirdparty.io.grpc.internal.SerializingExecutor run
SEVERE: Exception while executing runnable org.apache.ratis.thirdparty.io.grpc.internal.ServerImpl$JumpToApplicationThreadServerStreamListener$1Closed@768d2fc8
org.apache.ratis.thirdparty.io.grpc.StatusRuntimeException: CANCELLED: call already cancelled
	at org.apache.ratis.thirdparty.io.grpc.Status.asRuntimeException(Status.java:517)
	at org.apache.ratis.thirdparty.io.grpc.stub.ServerCalls$ServerCallStreamObserverImpl.onCompleted(ServerCalls.java:356)
	at org.apache.ratis.grpc.server.GrpcServerProtocolService$ServerRequestStreamObserver.onError(GrpcServerProtocolService.java:121)
	at org.apache.ratis.thirdparty.io.grpc.stub.ServerCalls$StreamingServerCallHandler$StreamingServerCallListener.onCancel(ServerCalls.java:269)
	at org.apache.ratis.thirdparty.io.grpc.internal.ServerCallImpl$ServerStreamListenerImpl.closed(ServerCallImpl.java:293)
	at org.apache.ratis.thirdparty.io.grpc.internal.ServerImpl$JumpToApplicationThreadServerStreamListener$1Closed.runInContext(ServerImpl.java:741)
	at org.apache.ratis.thirdparty.io.grpc.internal.ContextRunnable.run(ContextRunnable.java:37)
	at org.apache.ratis.thirdparty.io.grpc.internal.SerializingExecutor.run(SerializingExecutor.java:123)
	at java.util.concurrent.ThreadPoolExecutor.runWorker(ThreadPoolExecutor.java:1149)
	at java.util.concurrent.ThreadPoolExecutor$Worker.run(ThreadPoolExecutor.java:624)
	at java.lang.Thread.run(Thread.java:748)

Oct 17, 2019 9:55:00 PM org.apache.ratis.thirdparty.io.grpc.internal.SerializingExecutor run
SEVERE: Exception while executing runnable org.apache.ratis.thirdparty.io.grpc.internal.ServerImpl$JumpToApplicationThreadServerStreamListener$1Closed@4eb061c0
org.apache.ratis.thirdparty.io.grpc.StatusRuntimeException: CANCELLED: call already cancelled
	at org.apache.ratis.thirdparty.io.grpc.Status.asRuntimeException(Status.java:517)
	at org.apache.ratis.thirdparty.io.grpc.stub.ServerCalls$ServerCallStreamObserverImpl.onCompleted(ServerCalls.java:356)
	at org.apache.ratis.grpc.server.GrpcServerProtocolService$ServerRequestStreamObserver.onError(GrpcServerProtocolService.java:121)
	at org.apache.ratis.thirdparty.io.grpc.stub.ServerCalls$StreamingServerCallHandler$StreamingServerCallListener.onCancel(ServerCalls.java:269)
	at org.apache.ratis.thirdparty.io.grpc.internal.ServerCallImpl$ServerStreamListenerImpl.closed(ServerCallImpl.java:293)
	at org.apache.ratis.thirdparty.io.grpc.internal.ServerImpl$JumpToApplicationThreadServerStreamListener$1Closed.runInContext(ServerImpl.java:741)
	at org.apache.ratis.thirdparty.io.grpc.internal.ContextRunnable.run(ContextRunnable.java:37)
	at org.apache.ratis.thirdparty.io.grpc.internal.SerializingExecutor.run(SerializingExecutor.java:123)
	at java.util.concurrent.ThreadPoolExecutor.runWorker(ThreadPoolExecutor.java:1149)
	at java.util.concurrent.ThreadPoolExecutor$Worker.run(ThreadPoolExecutor.java:624)
	at java.lang.Thread.run(Thread.java:748)

Oct 17, 2019 9:55:00 PM org.apache.ratis.thirdparty.io.grpc.internal.SerializingExecutor run
SEVERE: Exception while executing runnable org.apache.ratis.thirdparty.io.grpc.internal.ClientCallImpl$ClientStreamListenerImpl$1StreamClosed@47c077a
java.lang.NullPointerException
	at org.apache.ratis.grpc.server.GrpcLogAppender$AppendLogResponseHandler.onError(GrpcLogAppender.java:303)
	at org.apache.ratis.thirdparty.io.grpc.stub.ClientCalls$StreamObserverToCallListenerAdapter.onClose(ClientCalls.java:434)
	at org.apache.ratis.thirdparty.io.grpc.PartialForwardingClientCallListener.onClose(PartialForwardingClientCallListener.java:39)
	at org.apache.ratis.thirdparty.io.grpc.ForwardingClientCallListener.onClose(ForwardingClientCallListener.java:23)
	at org.apache.ratis.thirdparty.io.grpc.ForwardingClientCallListener$SimpleForwardingClientCallListener.onClose(ForwardingClientCallListener.java:40)
	at org.apache.ratis.thirdparty.io.grpc.internal.CensusStatsModule$StatsClientInterceptor$1$1.onClose(CensusStatsModule.java:678)
	at org.apache.ratis.thirdparty.io.grpc.PartialForwardingClientCallListener.onClose(PartialForwardingClientCallListener.java:39)
	at org.apache.ratis.thirdparty.io.grpc.ForwardingClientCallListener.onClose(ForwardingClientCallListener.java:23)
	at org.apache.ratis.thirdparty.io.grpc.ForwardingClientCallListener$SimpleForwardingClientCallListener.onClose(ForwardingClientCallListener.java:40)
	at org.apache.ratis.thirdparty.io.grpc.internal.CensusTracingModule$TracingClientInterceptor$1$1.onClose(CensusTracingModule.java:397)
	at org.apache.ratis.thirdparty.io.grpc.internal.ClientCallImpl.closeObserver(ClientCallImpl.java:459)
	at org.apache.ratis.thirdparty.io.grpc.internal.ClientCallImpl.access$300(ClientCallImpl.java:63)
	at org.apache.ratis.thirdparty.io.grpc.internal.ClientCallImpl$ClientStreamListenerImpl.close(ClientCallImpl.java:546)
	at org.apache.ratis.thirdparty.io.grpc.internal.ClientCallImpl$ClientStreamListenerImpl.access$600(ClientCallImpl.java:467)
	at org.apache.ratis.thirdparty.io.grpc.internal.ClientCallImpl$ClientStreamListenerImpl$1StreamClosed.runInContext(ClientCallImpl.java:584)
	at org.apache.ratis.thirdparty.io.grpc.internal.ContextRunnable.run(ContextRunnable.java:37)
	at org.apache.ratis.thirdparty.io.grpc.internal.SerializingExecutor.run(SerializingExecutor.java:123)
	at java.util.concurrent.ThreadPoolExecutor.runWorker(ThreadPoolExecutor.java:1149)
	at java.util.concurrent.ThreadPoolExecutor$Worker.run(ThreadPoolExecutor.java:624)
	at java.lang.Thread.run(Thread.java:748)

Oct 17, 2019 9:55:00 PM org.apache.ratis.thirdparty.io.grpc.internal.SerializingExecutor run
SEVERE: Exception while executing runnable org.apache.ratis.thirdparty.io.grpc.internal.ClientCallImpl$ClientStreamListenerImpl$1StreamClosed@16d518fd
java.lang.NullPointerException
	at org.apache.ratis.grpc.server.GrpcLogAppender$AppendLogResponseHandler.onError(GrpcLogAppender.java:303)
	at org.apache.ratis.thirdparty.io.grpc.stub.ClientCalls$StreamObserverToCallListenerAdapter.onClose(ClientCalls.java:434)
	at org.apache.ratis.thirdparty.io.grpc.PartialForwardingClientCallListener.onClose(PartialForwardingClientCallListener.java:39)
	at org.apache.ratis.thirdparty.io.grpc.ForwardingClientCallListener.onClose(ForwardingClientCallListener.java:23)
	at org.apache.ratis.thirdparty.io.grpc.ForwardingClientCallListener$SimpleForwardingClientCallListener.onClose(ForwardingClientCallListener.java:40)
	at org.apache.ratis.thirdparty.io.grpc.internal.CensusStatsModule$StatsClientInterceptor$1$1.onClose(CensusStatsModule.java:678)
	at org.apache.ratis.thirdparty.io.grpc.PartialForwardingClientCallListener.onClose(PartialForwardingClientCallListener.java:39)
	at org.apache.ratis.thirdparty.io.grpc.ForwardingClientCallListener.onClose(ForwardingClientCallListener.java:23)
	at org.apache.ratis.thirdparty.io.grpc.ForwardingClientCallListener$SimpleForwardingClientCallListener.onClose(ForwardingClientCallListener.java:40)
	at org.apache.ratis.thirdparty.io.grpc.internal.CensusTracingModule$TracingClientInterceptor$1$1.onClose(CensusTracingModule.java:397)
	at org.apache.ratis.thirdparty.io.grpc.internal.ClientCallImpl.closeObserver(ClientCallImpl.java:459)
	at org.apache.ratis.thirdparty.io.grpc.internal.ClientCallImpl.access$300(ClientCallImpl.java:63)
	at org.apache.ratis.thirdparty.io.grpc.internal.ClientCallImpl$ClientStreamListenerImpl.close(ClientCallImpl.java:546)
	at org.apache.ratis.thirdparty.io.grpc.internal.ClientCallImpl$ClientStreamListenerImpl.access$600(ClientCallImpl.java:467)
	at org.apache.ratis.thirdparty.io.grpc.internal.ClientCallImpl$ClientStreamListenerImpl$1StreamClosed.runInContext(ClientCallImpl.java:584)
	at org.apache.ratis.thirdparty.io.grpc.internal.ContextRunnable.run(ContextRunnable.java:37)
	at org.apache.ratis.thirdparty.io.grpc.internal.SerializingExecutor.run(SerializingExecutor.java:123)
	at java.util.concurrent.ThreadPoolExecutor.runWorker(ThreadPoolExecutor.java:1149)
	at java.util.concurrent.ThreadPoolExecutor$Worker.run(ThreadPoolExecutor.java:624)
	at java.lang.Thread.run(Thread.java:748)

Oct 17, 2019 9:55:15 PM org.apache.ratis.thirdparty.io.grpc.internal.SerializingExecutor run
SEVERE: Exception while executing runnable org.apache.ratis.thirdparty.io.grpc.internal.ServerImpl$JumpToApplicationThreadServerStreamListener$1Closed@592fee6c
org.apache.ratis.thirdparty.io.grpc.StatusRuntimeException: CANCELLED: call already cancelled
	at org.apache.ratis.thirdparty.io.grpc.Status.asRuntimeException(Status.java:517)
	at org.apache.ratis.thirdparty.io.grpc.stub.ServerCalls$ServerCallStreamObserverImpl.onCompleted(ServerCalls.java:356)
	at org.apache.ratis.grpc.server.GrpcServerProtocolService$ServerRequestStreamObserver.onError(GrpcServerProtocolService.java:121)
	at org.apache.ratis.thirdparty.io.grpc.stub.ServerCalls$StreamingServerCallHandler$StreamingServerCallListener.onCancel(ServerCalls.java:269)
	at org.apache.ratis.thirdparty.io.grpc.internal.ServerCallImpl$ServerStreamListenerImpl.closed(ServerCallImpl.java:293)
	at org.apache.ratis.thirdparty.io.grpc.internal.ServerImpl$JumpToApplicationThreadServerStreamListener$1Closed.runInContext(ServerImpl.java:741)
	at org.apache.ratis.thirdparty.io.grpc.internal.ContextRunnable.run(ContextRunnable.java:37)
	at org.apache.ratis.thirdparty.io.grpc.internal.SerializingExecutor.run(SerializingExecutor.java:123)
	at java.util.concurrent.ThreadPoolExecutor.runWorker(ThreadPoolExecutor.java:1149)
	at java.util.concurrent.ThreadPoolExecutor$Worker.run(ThreadPoolExecutor.java:624)
	at java.lang.Thread.run(Thread.java:748)

Oct 17, 2019 9:55:15 PM org.apache.ratis.thirdparty.io.grpc.internal.SerializingExecutor run
SEVERE: Exception while executing runnable org.apache.ratis.thirdparty.io.grpc.internal.ClientCallImpl$ClientStreamListenerImpl$1StreamClosed@334b5bfa
java.lang.NullPointerException
	at org.apache.ratis.grpc.server.GrpcLogAppender$AppendLogResponseHandler.onError(GrpcLogAppender.java:303)
	at org.apache.ratis.thirdparty.io.grpc.stub.ClientCalls$StreamObserverToCallListenerAdapter.onClose(ClientCalls.java:434)
	at org.apache.ratis.thirdparty.io.grpc.PartialForwardingClientCallListener.onClose(PartialForwardingClientCallListener.java:39)
	at org.apache.ratis.thirdparty.io.grpc.ForwardingClientCallListener.onClose(ForwardingClientCallListener.java:23)
	at org.apache.ratis.thirdparty.io.grpc.ForwardingClientCallListener$SimpleForwardingClientCallListener.onClose(ForwardingClientCallListener.java:40)
	at org.apache.ratis.thirdparty.io.grpc.internal.CensusStatsModule$StatsClientInterceptor$1$1.onClose(CensusStatsModule.java:678)
	at org.apache.ratis.thirdparty.io.grpc.PartialForwardingClientCallListener.onClose(PartialForwardingClientCallListener.java:39)
	at org.apache.ratis.thirdparty.io.grpc.ForwardingClientCallListener.onClose(ForwardingClientCallListener.java:23)
	at org.apache.ratis.thirdparty.io.grpc.ForwardingClientCallListener$SimpleForwardingClientCallListener.onClose(ForwardingClientCallListener.java:40)
	at org.apache.ratis.thirdparty.io.grpc.internal.CensusTracingModule$TracingClientInterceptor$1$1.onClose(CensusTracingModule.java:397)
	at org.apache.ratis.thirdparty.io.grpc.internal.ClientCallImpl.closeObserver(ClientCallImpl.java:459)
	at org.apache.ratis.thirdparty.io.grpc.internal.ClientCallImpl.access$300(ClientCallImpl.java:63)
	at org.apache.ratis.thirdparty.io.grpc.internal.ClientCallImpl$ClientStreamListenerImpl.close(ClientCallImpl.java:546)
	at org.apache.ratis.thirdparty.io.grpc.internal.ClientCallImpl$ClientStreamListenerImpl.access$600(ClientCallImpl.java:467)
	at org.apache.ratis.thirdparty.io.grpc.internal.ClientCallImpl$ClientStreamListenerImpl$1StreamClosed.runInContext(ClientCallImpl.java:584)
	at org.apache.ratis.thirdparty.io.grpc.internal.ContextRunnable.run(ContextRunnable.java:37)
	at org.apache.ratis.thirdparty.io.grpc.internal.SerializingExecutor.run(SerializingExecutor.java:123)
	at java.util.concurrent.ThreadPoolExecutor.runWorker(ThreadPoolExecutor.java:1149)
	at java.util.concurrent.ThreadPoolExecutor$Worker.run(ThreadPoolExecutor.java:624)
	at java.lang.Thread.run(Thread.java:748)

]]></system-err>
  </testcase>
  <testcase name="testMultiBlockWritesWithDnFailures" classname="org.apache.hadoop.ozone.client.rpc.TestMultiBlockWritesWithDnFailures" time="140.808"/>
</testsuite>