<?xml version="1.0" encoding="UTF-8"?>
<testsuite xmlns:xsi="http://www.w3.org/2001/XMLSchema-instance" xsi:noNamespaceSchemaLocation="https://maven.apache.org/surefire/maven-surefire-plugin/xsd/surefire-test-report.xsd" name="org.apache.hadoop.ozone.client.rpc.TestMultiBlockWritesWithDnFailures" time="174.007" tests="2" errors="1" skipped="0" failures="0">
  <properties>
    <property name="awt.toolkit" value="sun.awt.X11.XToolkit"/>
    <property name="file.encoding.pkg" value="sun.io"/>
    <property name="java.specification.version" value="1.8"/>
    <property name="sun.cpu.isalist" value=""/>
    <property name="sun.jnu.encoding" value="UTF-8"/>
    <property name="java.class.path" value="/workdir/hadoop-ozone/integration-test/target/test-classes:/workdir/hadoop-ozone/integration-test/target/classes:/home/user/.m2/repository/org/apache/hadoop/hadoop-ozone-common/0.5.0-SNAPSHOT/hadoop-ozone-common-0.5.0-SNAPSHOT.jar:/home/user/.m2/repository/org/apache/commons/commons-compress/1.4.1/commons-compress-1.4.1.jar:/home/user/.m2/repository/org/tukaani/xz/1.0/xz-1.0.jar:/home/user/.m2/repository/org/apache/hadoop/hadoop-common/3.2.0/hadoop-common-3.2.0.jar:/home/user/.m2/repository/org/apache/hadoop/hadoop-hdfs/3.2.0/hadoop-hdfs-3.2.0.jar:/home/user/.m2/repository/org/apache/hadoop/hadoop-hdfs-client/3.2.0/hadoop-hdfs-client-3.2.0.jar:/home/user/.m2/repository/com/fasterxml/jackson/core/jackson-annotations/2.9.9/jackson-annotations-2.9.9.jar:/home/user/.m2/repository/org/apache/hadoop/hadoop-hdds-common/0.5.0-SNAPSHOT/hadoop-hdds-common-0.5.0-SNAPSHOT.jar:/home/user/.m2/repository/javax/annotation/javax.annotation-api/1.2/javax.annotation-api-1.2.jar:/home/user/.m2/repository/org/apache/ratis/ratis-server/0.5.0-201fc85-SNAPSHOT/ratis-server-0.5.0-201fc85-SNAPSHOT.jar:/home/user/.m2/repository/org/apache/ratis/ratis-thirdparty-misc/0.2.0/ratis-thirdparty-misc-0.2.0.jar:/home/user/.m2/repository/org/apache/ratis/ratis-proto/0.5.0-201fc85-SNAPSHOT/ratis-proto-0.5.0-201fc85-SNAPSHOT.jar:/home/user/.m2/repository/org/apache/ratis/ratis-common/0.5.0-201fc85-SNAPSHOT/ratis-common-0.5.0-201fc85-SNAPSHOT.jar:/home/user/.m2/repository/org/apache/ratis/ratis-client/0.5.0-201fc85-SNAPSHOT/ratis-client-0.5.0-201fc85-SNAPSHOT.jar:/home/user/.m2/repository/org/apache/ratis/ratis-metrics/0.5.0-201fc85-SNAPSHOT/ratis-metrics-0.5.0-201fc85-SNAPSHOT.jar:/home/user/.m2/repository/com/github/joshelser/dropwizard-metrics-hadoop-metrics2-reporter/0.1.2/dropwizard-metrics-hadoop-metrics2-reporter-0.1.2.jar:/home/user/.m2/repository/io/dropwizard/metrics/metrics-jvm/3.2.5/metrics-jvm-3.2.5.jar:/home/user/.m2/repository/io/dropwizard/metrics/metrics-ganglia/3.2.5/metrics-ganglia-3.2.5.jar:/home/user/.m2/repository/info/ganglia/gmetric4j/gmetric4j/1.0.7/gmetric4j-1.0.7.jar:/home/user/.m2/repository/org/apache/ratis/ratis-netty/0.5.0-201fc85-SNAPSHOT/ratis-netty-0.5.0-201fc85-SNAPSHOT.jar:/home/user/.m2/repository/org/apache/ratis/ratis-grpc/0.5.0-201fc85-SNAPSHOT/ratis-grpc-0.5.0-201fc85-SNAPSHOT.jar:/home/user/.m2/repository/org/rocksdb/rocksdbjni/6.0.1/rocksdbjni-6.0.1.jar:/home/user/.m2/repository/org/apache/logging/log4j/log4j-api/2.11.0/log4j-api-2.11.0.jar:/home/user/.m2/repository/org/apache/logging/log4j/log4j-core/2.11.0/log4j-core-2.11.0.jar:/home/user/.m2/repository/com/lmax/disruptor/3.4.2/disruptor-3.4.2.jar:/home/user/.m2/repository/org/apache/commons/commons-pool2/2.6.0/commons-pool2-2.6.0.jar:/home/user/.m2/repository/org/bouncycastle/bcpkix-jdk15on/1.60/bcpkix-jdk15on-1.60.jar:/home/user/.m2/repository/commons-validator/commons-validator/1.6/commons-validator-1.6.jar:/home/user/.m2/repository/commons-digester/commons-digester/1.8.1/commons-digester-1.8.1.jar:/home/user/.m2/repository/io/jaegertracing/jaeger-client/0.34.0/jaeger-client-0.34.0.jar:/home/user/.m2/repository/io/jaegertracing/jaeger-thrift/0.34.0/jaeger-thrift-0.34.0.jar:/home/user/.m2/repository/org/apache/thrift/libthrift/0.12.0/libthrift-0.12.0.jar:/home/user/.m2/repository/com/squareup/okhttp3/okhttp/3.9.0/okhttp-3.9.0.jar:/home/user/.m2/repository/com/squareup/okio/okio/1.13.0/okio-1.13.0.jar:/home/user/.m2/repository/io/jaegertracing/jaeger-core/0.34.0/jaeger-core-0.34.0.jar:/home/user/.m2/repository/io/jaegertracing/jaeger-tracerresolver/0.34.0/jaeger-tracerresolver-0.34.0.jar:/home/user/.m2/repository/io/opentracing/contrib/opentracing-tracerresolver/0.1.5/opentracing-tracerresolver-0.1.5.jar:/home/user/.m2/repository/io/opentracing/opentracing-util/0.31.0/opentracing-util-0.31.0.jar:/home/user/.m2/repository/io/opentracing/opentracing-api/0.31.0/opentracing-api-0.31.0.jar:/home/user/.m2/repository/io/opentracing/opentracing-noop/0.31.0/opentracing-noop-0.31.0.jar:/home/user/.m2/repository/org/apache/hadoop/hadoop-hdds-server-framework/0.5.0-SNAPSHOT/hadoop-hdds-server-framework-0.5.0-SNAPSHOT.jar:/home/user/.m2/repository/org/apache/hadoop/hadoop-hdds-container-service/0.5.0-SNAPSHOT/hadoop-hdds-container-service-0.5.0-SNAPSHOT.jar:/home/user/.m2/repository/org/apache/hadoop/hadoop-hdds-client/0.5.0-SNAPSHOT/hadoop-hdds-client-0.5.0-SNAPSHOT.jar:/home/user/.m2/repository/org/apache/hadoop/hadoop-hdds-tools/0.5.0-SNAPSHOT/hadoop-hdds-tools-0.5.0-SNAPSHOT.jar:/home/user/.m2/repository/org/apache/hadoop/hadoop-hdds-server-scm/0.5.0-SNAPSHOT/hadoop-hdds-server-scm-0.5.0-SNAPSHOT.jar:/home/user/.m2/repository/org/apache/hadoop/hadoop-hdds-docs/0.5.0-SNAPSHOT/hadoop-hdds-docs-0.5.0-SNAPSHOT.jar:/home/user/.m2/repository/io/dropwizard/metrics/metrics-core/3.2.4/metrics-core-3.2.4.jar:/home/user/.m2/repository/org/hamcrest/hamcrest-all/1.3/hamcrest-all-1.3.jar:/home/user/.m2/repository/org/bouncycastle/bcprov-jdk15on/1.60/bcprov-jdk15on-1.60.jar:/home/user/.m2/repository/info/picocli/picocli/3.9.6/picocli-3.9.6.jar:/home/user/.m2/repository/com/google/protobuf/protobuf-java/2.5.0/protobuf-java-2.5.0.jar:/home/user/.m2/repository/com/google/guava/guava/11.0.2/guava-11.0.2.jar:/home/user/.m2/repository/org/apache/hadoop/hadoop-ozone-ozone-manager/0.5.0-SNAPSHOT/hadoop-ozone-ozone-manager-0.5.0-SNAPSHOT.jar:/home/user/.m2/repository/org/apache/hadoop/hadoop-minikdc/3.2.0/hadoop-minikdc-3.2.0.jar:/home/user/.m2/repository/commons-io/commons-io/2.5/commons-io-2.5.jar:/home/user/.m2/repository/org/apache/kerby/kerb-simplekdc/1.0.1/kerb-simplekdc-1.0.1.jar:/home/user/.m2/repository/org/apache/kerby/kerb-client/1.0.1/kerb-client-1.0.1.jar:/home/user/.m2/repository/org/apache/kerby/kerby-config/1.0.1/kerby-config-1.0.1.jar:/home/user/.m2/repository/org/apache/kerby/kerb-core/1.0.1/kerb-core-1.0.1.jar:/home/user/.m2/repository/org/apache/kerby/kerby-pkix/1.0.1/kerby-pkix-1.0.1.jar:/home/user/.m2/repository/org/apache/kerby/kerby-asn1/1.0.1/kerby-asn1-1.0.1.jar:/home/user/.m2/repository/org/apache/kerby/kerby-util/1.0.1/kerby-util-1.0.1.jar:/home/user/.m2/repository/org/apache/kerby/kerb-common/1.0.1/kerb-common-1.0.1.jar:/home/user/.m2/repository/org/apache/kerby/kerb-crypto/1.0.1/kerb-crypto-1.0.1.jar:/home/user/.m2/repository/org/apache/kerby/kerb-util/1.0.1/kerb-util-1.0.1.jar:/home/user/.m2/repository/org/apache/kerby/token-provider/1.0.1/token-provider-1.0.1.jar:/home/user/.m2/repository/org/apache/kerby/kerb-admin/1.0.1/kerb-admin-1.0.1.jar:/home/user/.m2/repository/org/apache/kerby/kerb-server/1.0.1/kerb-server-1.0.1.jar:/home/user/.m2/repository/org/apache/kerby/kerb-identity/1.0.1/kerb-identity-1.0.1.jar:/home/user/.m2/repository/org/apache/kerby/kerby-xdr/1.0.1/kerby-xdr-1.0.1.jar:/home/user/.m2/repository/org/slf4j/slf4j-log4j12/1.7.25/slf4j-log4j12-1.7.25.jar:/home/user/.m2/repository/org/apache/hadoop/hadoop-ozone-s3gateway/0.5.0-SNAPSHOT/hadoop-ozone-s3gateway-0.5.0-SNAPSHOT.jar:/home/user/.m2/repository/org/jboss/weld/servlet/weld-servlet/2.4.7.Final/weld-servlet-2.4.7.Final.jar:/home/user/.m2/repository/org/glassfish/jersey/containers/jersey-container-servlet-core/2.27/jersey-container-servlet-core-2.27.jar:/home/user/.m2/repository/org/glassfish/hk2/external/javax.inject/2.5.0-b42/javax.inject-2.5.0-b42.jar:/home/user/.m2/repository/org/glassfish/jersey/core/jersey-common/2.27/jersey-common-2.27.jar:/home/user/.m2/repository/org/glassfish/hk2/osgi-resource-locator/1.0.1/osgi-resource-locator-1.0.1.jar:/home/user/.m2/repository/javax/ws/rs/javax.ws.rs-api/2.1/javax.ws.rs-api-2.1.jar:/home/user/.m2/repository/org/glassfish/jersey/ext/cdi/jersey-cdi1x/2.27/jersey-cdi1x-2.27.jar:/home/user/.m2/repository/org/glassfish/jersey/inject/jersey-hk2/2.27/jersey-hk2-2.27.jar:/home/user/.m2/repository/org/glassfish/hk2/hk2-locator/2.5.0-b42/hk2-locator-2.5.0-b42.jar:/home/user/.m2/repository/org/javassist/javassist/3.22.0-CR2/javassist-3.22.0-CR2.jar:/home/user/.m2/repository/org/glassfish/hk2/hk2-api/2.5.0/hk2-api-2.5.0.jar:/home/user/.m2/repository/org/glassfish/hk2/external/jakarta.inject/2.5.0/jakarta.inject-2.5.0.jar:/home/user/.m2/repository/org/glassfish/hk2/hk2-utils/2.5.0/hk2-utils-2.5.0.jar:/home/user/.m2/repository/jakarta/annotation/jakarta.annotation-api/1.3.4/jakarta.annotation-api-1.3.4.jar:/home/user/.m2/repository/org/glassfish/hk2/external/aopalliance-repackaged/2.5.0/aopalliance-repackaged-2.5.0.jar:/home/user/.m2/repository/com/fasterxml/jackson/dataformat/jackson-dataformat-xml/2.9.0/jackson-dataformat-xml-2.9.0.jar:/home/user/.m2/repository/com/fasterxml/jackson/core/jackson-core/2.9.9/jackson-core-2.9.9.jar:/home/user/.m2/repository/com/fasterxml/jackson/module/jackson-module-jaxb-annotations/2.9.9/jackson-module-jaxb-annotations-2.9.9.jar:/home/user/.m2/repository/javax/enterprise/cdi-api/1.2/cdi-api-1.2.jar:/home/user/.m2/repository/javax/el/javax.el-api/3.0.0/javax.el-api-3.0.0.jar:/home/user/.m2/repository/javax/interceptor/javax.interceptor-api/1.2/javax.interceptor-api-1.2.jar:/home/user/.m2/repository/javax/inject/javax.inject/1/javax.inject-1.jar:/home/user/.m2/repository/com/sun/xml/bind/jaxb-impl/2.3.0.1/jaxb-impl-2.3.0.1.jar:/home/user/.m2/repository/com/sun/xml/bind/jaxb-core/2.3.0.1/jaxb-core-2.3.0.1.jar:/home/user/.m2/repository/javax/xml/bind/jaxb-api/2.3.0/jaxb-api-2.3.0.jar:/home/user/.m2/repository/javax/activation/activation/1.1.1/activation-1.1.1.jar:/home/user/.m2/repository/org/apache/hadoop/hadoop-ozone-csi/0.5.0-SNAPSHOT/hadoop-ozone-csi-0.5.0-SNAPSHOT.jar:/home/user/.m2/repository/com/google/protobuf/protobuf-java-util/3.5.1/protobuf-java-util-3.5.1.jar:/home/user/.m2/repository/org/apache/hadoop/hadoop-hdds-config/0.5.0-SNAPSHOT/hadoop-hdds-config-0.5.0-SNAPSHOT.jar:/home/user/.m2/repository/io/grpc/grpc-netty/1.17.1/grpc-netty-1.17.1.jar:/home/user/.m2/repository/io/grpc/grpc-core/1.17.1/grpc-core-1.17.1.jar:/home/user/.m2/repository/io/grpc/grpc-context/1.17.1/grpc-context-1.17.1.jar:/home/user/.m2/repository/com/google/errorprone/error_prone_annotations/2.2.0/error_prone_annotations-2.2.0.jar:/home/user/.m2/repository/org/codehaus/mojo/animal-sniffer-annotations/1.17/animal-sniffer-annotations-1.17.jar:/home/user/.m2/repository/io/opencensus/opencensus-api/0.17.0/opencensus-api-0.17.0.jar:/home/user/.m2/repository/io/opencensus/opencensus-contrib-grpc-metrics/0.17.0/opencensus-contrib-grpc-metrics-0.17.0.jar:/home/user/.m2/repository/io/netty/netty-codec-http2/4.1.30.Final/netty-codec-http2-4.1.30.Final.jar:/home/user/.m2/repository/io/netty/netty-codec-http/4.1.30.Final/netty-codec-http-4.1.30.Final.jar:/home/user/.m2/repository/io/netty/netty-codec/4.1.30.Final/netty-codec-4.1.30.Final.jar:/home/user/.m2/repository/io/netty/netty-handler/4.1.30.Final/netty-handler-4.1.30.Final.jar:/home/user/.m2/repository/io/netty/netty-handler-proxy/4.1.30.Final/netty-handler-proxy-4.1.30.Final.jar:/home/user/.m2/repository/io/netty/netty-codec-socks/4.1.30.Final/netty-codec-socks-4.1.30.Final.jar:/home/user/.m2/repository/io/netty/netty-transport-native-epoll/4.1.30.Final/netty-transport-native-epoll-4.1.30.Final.jar:/home/user/.m2/repository/io/netty/netty-common/4.1.30.Final/netty-common-4.1.30.Final.jar:/home/user/.m2/repository/io/netty/netty-buffer/4.1.30.Final/netty-buffer-4.1.30.Final.jar:/home/user/.m2/repository/io/netty/netty-transport/4.1.30.Final/netty-transport-4.1.30.Final.jar:/home/user/.m2/repository/io/netty/netty-resolver/4.1.30.Final/netty-resolver-4.1.30.Final.jar:/home/user/.m2/repository/io/netty/netty-transport-native-unix-common/4.1.30.Final/netty-transport-native-unix-common-4.1.30.Final.jar:/home/user/.m2/repository/io/grpc/grpc-protobuf/1.17.1/grpc-protobuf-1.17.1.jar:/home/user/.m2/repository/com/google/api/grpc/proto-google-common-protos/1.0.0/proto-google-common-protos-1.0.0.jar:/home/user/.m2/repository/io/grpc/grpc-protobuf-lite/1.17.1/grpc-protobuf-lite-1.17.1.jar:/home/user/.m2/repository/io/grpc/grpc-stub/1.17.1/grpc-stub-1.17.1.jar:/home/user/.m2/repository/org/apache/hadoop/hadoop-ozone-recon/0.5.0-SNAPSHOT/hadoop-ozone-recon-0.5.0-SNAPSHOT.jar:/home/user/.m2/repository/org/apache/hadoop/hadoop-ozone-reconcodegen/0.5.0-SNAPSHOT/hadoop-ozone-reconcodegen-0.5.0-SNAPSHOT.jar:/home/user/.m2/repository/com/google/inject/extensions/guice-multibindings/4.0/guice-multibindings-4.0.jar:/home/user/.m2/repository/com/google/inject/guice/4.0/guice-4.0.jar:/home/user/.m2/repository/aopalliance/aopalliance/1.0/aopalliance-1.0.jar:/home/user/.m2/repository/com/google/inject/extensions/guice-servlet/4.0/guice-servlet-4.0.jar:/home/user/.m2/repository/org/glassfish/jersey/containers/jersey-container-servlet/2.27/jersey-container-servlet-2.27.jar:/home/user/.m2/repository/org/glassfish/hk2/guice-bridge/2.5.0/guice-bridge-2.5.0.jar:/home/user/.m2/repository/org/glassfish/jersey/core/jersey-server/2.27/jersey-server-2.27.jar:/home/user/.m2/repository/org/glassfish/jersey/core/jersey-client/2.27/jersey-client-2.27.jar:/home/user/.m2/repository/org/glassfish/jersey/media/jersey-media-jaxb/2.27/jersey-media-jaxb-2.27.jar:/home/user/.m2/repository/javax/validation/validation-api/1.1.0.Final/validation-api-1.1.0.Final.jar:/home/user/.m2/repository/org/glassfish/jersey/media/jersey-media-json-jackson/2.27/jersey-media-json-jackson-2.27.jar:/home/user/.m2/repository/org/glassfish/jersey/ext/jersey-entity-filtering/2.27/jersey-entity-filtering-2.27.jar:/home/user/.m2/repository/com/google/inject/extensions/guice-assistedinject/4.0/guice-assistedinject-4.0.jar:/home/user/.m2/repository/org/jooq/jooq/3.11.10/jooq-3.11.10.jar:/home/user/.m2/repository/org/jooq/jooq-meta/3.11.10/jooq-meta-3.11.10.jar:/home/user/.m2/repository/org/jooq/jooq-codegen/3.11.10/jooq-codegen-3.11.10.jar:/home/user/.m2/repository/com/jolbox/bonecp/0.8.0.RELEASE/bonecp-0.8.0.RELEASE.jar:/home/user/.m2/repository/org/xerial/sqlite-jdbc/3.25.2/sqlite-jdbc-3.25.2.jar:/home/user/.m2/repository/org/springframework/spring-jdbc/5.1.3.RELEASE/spring-jdbc-5.1.3.RELEASE.jar:/home/user/.m2/repository/org/springframework/spring-beans/5.1.3.RELEASE/spring-beans-5.1.3.RELEASE.jar:/home/user/.m2/repository/org/springframework/spring-core/5.1.3.RELEASE/spring-core-5.1.3.RELEASE.jar:/home/user/.m2/repository/org/springframework/spring-jcl/5.1.3.RELEASE/spring-jcl-5.1.3.RELEASE.jar:/home/user/.m2/repository/org/springframework/spring-tx/5.1.3.RELEASE/spring-tx-5.1.3.RELEASE.jar:/home/user/.m2/repository/org/apache/hadoop/hadoop-ozone-client/0.5.0-SNAPSHOT/hadoop-ozone-client-0.5.0-SNAPSHOT.jar:/home/user/.m2/repository/commons-lang/commons-lang/2.6/commons-lang-2.6.jar:/home/user/.m2/repository/org/apache/hadoop/hadoop-ozone-ozone-manager/0.5.0-SNAPSHOT/hadoop-ozone-ozone-manager-0.5.0-SNAPSHOT-tests.jar:/home/user/.m2/repository/junit/junit/4.11/junit-4.11.jar:/home/user/.m2/repository/org/hamcrest/hamcrest-core/1.3/hamcrest-core-1.3.jar:/home/user/.m2/repository/org/openjdk/jmh/jmh-core/1.19/jmh-core-1.19.jar:/home/user/.m2/repository/net/sf/jopt-simple/jopt-simple/4.6/jopt-simple-4.6.jar:/home/user/.m2/repository/org/apache/commons/commons-math3/3.1.1/commons-math3-3.1.1.jar:/home/user/.m2/repository/org/openjdk/jmh/jmh-generator-annprocess/1.19/jmh-generator-annprocess-1.19.jar:/home/user/.m2/repository/org/mockito/mockito-all/1.8.5/mockito-all-1.8.5.jar:/home/user/.m2/repository/org/apache/hadoop/hadoop-kms/3.2.0/hadoop-kms-3.2.0.jar:/home/user/.m2/repository/org/apache/hadoop/hadoop-auth/3.2.0/hadoop-auth-3.2.0.jar:/home/user/.m2/repository/com/nimbusds/nimbus-jose-jwt/4.41.1/nimbus-jose-jwt-4.41.1.jar:/home/user/.m2/repository/com/github/stephenc/jcip/jcip-annotations/1.0-1/jcip-annotations-1.0-1.jar:/home/user/.m2/repository/net/minidev/json-smart/2.3/json-smart-2.3.jar:/home/user/.m2/repository/net/minidev/accessors-smart/1.2/accessors-smart-1.2.jar:/home/user/.m2/repository/org/ow2/asm/asm/5.0.4/asm-5.0.4.jar:/home/user/.m2/repository/org/apache/curator/curator-framework/2.12.0/curator-framework-2.12.0.jar:/home/user/.m2/repository/com/sun/jersey/jersey-core/1.19/jersey-core-1.19.jar:/home/user/.m2/repository/javax/ws/rs/jsr311-api/1.1.1/jsr311-api-1.1.1.jar:/home/user/.m2/repository/com/sun/jersey/jersey-server/1.19/jersey-server-1.19.jar:/home/user/.m2/repository/javax/servlet/javax.servlet-api/3.1.0/javax.servlet-api-3.1.0.jar:/home/user/.m2/repository/org/eclipse/jetty/jetty-server/9.3.25.v20180904/jetty-server-9.3.25.v20180904.jar:/home/user/.m2/repository/org/eclipse/jetty/jetty-http/9.3.25.v20180904/jetty-http-9.3.25.v20180904.jar:/home/user/.m2/repository/org/eclipse/jetty/jetty-io/9.3.25.v20180904/jetty-io-9.3.25.v20180904.jar:/home/user/.m2/repository/org/eclipse/jetty/jetty-webapp/9.3.25.v20180904/jetty-webapp-9.3.25.v20180904.jar:/home/user/.m2/repository/org/eclipse/jetty/jetty-xml/9.3.25.v20180904/jetty-xml-9.3.25.v20180904.jar:/home/user/.m2/repository/log4j/log4j/1.2.17/log4j-1.2.17.jar:/home/user/.m2/repository/org/slf4j/slf4j-api/1.7.25/slf4j-api-1.7.25.jar:/home/user/.m2/repository/org/slf4j/jul-to-slf4j/1.7.25/jul-to-slf4j-1.7.25.jar:/home/user/.m2/repository/org/eclipse/jetty/jetty-util/9.3.25.v20180904/jetty-util-9.3.25.v20180904.jar:/home/user/.m2/repository/com/fasterxml/jackson/core/jackson-databind/2.9.9/jackson-databind-2.9.9.jar:/home/user/.m2/repository/org/apache/hadoop/hadoop-kms/3.2.0/hadoop-kms-3.2.0-tests.jar:/home/user/.m2/repository/org/apache/hadoop/hadoop-hdds-server-scm/0.5.0-SNAPSHOT/hadoop-hdds-server-scm-0.5.0-SNAPSHOT-tests.jar:/home/user/.m2/repository/org/apache/hadoop/hadoop-hdds-container-service/0.5.0-SNAPSHOT/hadoop-hdds-container-service-0.5.0-SNAPSHOT-tests.jar:/home/user/.m2/repository/org/yaml/snakeyaml/1.16/snakeyaml-1.16.jar:/home/user/.m2/repository/org/apache/hadoop/hadoop-common/3.2.0/hadoop-common-3.2.0-tests.jar:/home/user/.m2/repository/org/apache/hadoop/hadoop-annotations/3.2.0/hadoop-annotations-3.2.0.jar:/usr/lib/jvm/java-1.8-openjdk/jre/../lib/tools.jar:/home/user/.m2/repository/commons-cli/commons-cli/1.2/commons-cli-1.2.jar:/home/user/.m2/repository/org/apache/httpcomponents/httpclient/4.5.2/httpclient-4.5.2.jar:/home/user/.m2/repository/org/apache/httpcomponents/httpcore/4.4.4/httpcore-4.4.4.jar:/home/user/.m2/repository/commons-codec/commons-codec/1.11/commons-codec-1.11.jar:/home/user/.m2/repository/commons-net/commons-net/3.6/commons-net-3.6.jar:/home/user/.m2/repository/commons-collections/commons-collections/3.2.2/commons-collections-3.2.2.jar:/home/user/.m2/repository/org/eclipse/jetty/jetty-servlet/9.3.25.v20180904/jetty-servlet-9.3.25.v20180904.jar:/home/user/.m2/repository/org/eclipse/jetty/jetty-security/9.3.25.v20180904/jetty-security-9.3.25.v20180904.jar:/home/user/.m2/repository/javax/servlet/jsp/jsp-api/2.1/jsp-api-2.1.jar:/home/user/.m2/repository/com/sun/jersey/jersey-servlet/1.19/jersey-servlet-1.19.jar:/home/user/.m2/repository/com/sun/jersey/jersey-json/1.19/jersey-json-1.19.jar:/home/user/.m2/repository/org/codehaus/jettison/jettison/1.1/jettison-1.1.jar:/home/user/.m2/repository/org/codehaus/jackson/jackson-core-asl/1.9.13/jackson-core-asl-1.9.13.jar:/home/user/.m2/repository/org/codehaus/jackson/jackson-mapper-asl/1.9.13/jackson-mapper-asl-1.9.13.jar:/home/user/.m2/repository/org/codehaus/jackson/jackson-jaxrs/1.9.13/jackson-jaxrs-1.9.13.jar:/home/user/.m2/repository/org/codehaus/jackson/jackson-xc/1.9.13/jackson-xc-1.9.13.jar:/home/user/.m2/repository/commons-logging/commons-logging/1.1.3/commons-logging-1.1.3.jar:/home/user/.m2/repository/commons-beanutils/commons-beanutils/1.9.4/commons-beanutils-1.9.4.jar:/home/user/.m2/repository/org/apache/commons/commons-configuration2/2.1.1/commons-configuration2-2.1.1.jar:/home/user/.m2/repository/org/apache/commons/commons-lang3/3.7/commons-lang3-3.7.jar:/home/user/.m2/repository/org/apache/commons/commons-text/1.4/commons-text-1.4.jar:/home/user/.m2/repository/org/apache/avro/avro/1.7.7/avro-1.7.7.jar:/home/user/.m2/repository/com/thoughtworks/paranamer/paranamer/2.3/paranamer-2.3.jar:/home/user/.m2/repository/org/xerial/snappy/snappy-java/1.0.5/snappy-java-1.0.5.jar:/home/user/.m2/repository/com/google/re2j/re2j/1.1/re2j-1.1.jar:/home/user/.m2/repository/com/google/code/gson/gson/2.2.4/gson-2.2.4.jar:/home/user/.m2/repository/com/jcraft/jsch/0.1.54/jsch-0.1.54.jar:/home/user/.m2/repository/org/apache/curator/curator-client/2.12.0/curator-client-2.12.0.jar:/home/user/.m2/repository/org/apache/curator/curator-recipes/2.12.0/curator-recipes-2.12.0.jar:/home/user/.m2/repository/com/google/code/findbugs/jsr305/3.0.0/jsr305-3.0.0.jar:/home/user/.m2/repository/org/apache/htrace/htrace-core4/4.1.0-incubating/htrace-core4-4.1.0-incubating.jar:/home/user/.m2/repository/org/apache/zookeeper/zookeeper/3.4.13/zookeeper-3.4.13.jar:/home/user/.m2/repository/jline/jline/0.9.94/jline-0.9.94.jar:/home/user/.m2/repository/org/apache/yetus/audience-annotations/0.5.0/audience-annotations-0.5.0.jar:/home/user/.m2/repository/org/codehaus/woodstox/stax2-api/3.1.4/stax2-api-3.1.4.jar:/home/user/.m2/repository/com/fasterxml/woodstox/woodstox-core/5.0.3/woodstox-core-5.0.3.jar:/home/user/.m2/repository/dnsjava/dnsjava/2.1.7/dnsjava-2.1.7.jar:/home/user/.m2/repository/org/apache/hadoop/hadoop-hdfs/3.2.0/hadoop-hdfs-3.2.0-tests.jar:/home/user/.m2/repository/org/eclipse/jetty/jetty-util-ajax/9.3.25.v20180904/jetty-util-ajax-9.3.25.v20180904.jar:/home/user/.m2/repository/commons-daemon/commons-daemon/1.0.13/commons-daemon-1.0.13.jar:/home/user/.m2/repository/io/netty/netty/3.10.5.Final/netty-3.10.5.Final.jar:/home/user/.m2/repository/io/netty/netty-all/4.0.52.Final/netty-all-4.0.52.Final.jar:/home/user/.m2/repository/org/fusesource/leveldbjni/leveldbjni-all/1.8/leveldbjni-all-1.8.jar:"/>
    <property name="java.vm.vendor" value="IcedTea"/>
    <property name="sun.arch.data.model" value="64"/>
    <property name="test.build.dir" value="/workdir/hadoop-ozone/integration-test/target/test-dir"/>
    <property name="test.cache.data" value=""/>
    <property name="java.vendor.url" value="https://icedtea.classpath.org"/>
    <property name="user.timezone" value=""/>
    <property name="java.vm.specification.version" value="1.8"/>
    <property name="os.name" value="Linux"/>
    <property name="test.build.data" value="/workdir/hadoop-ozone/integration-test/target/test-dir"/>
    <property name="user.country" value="US"/>
    <property name="sun.java.launcher" value="SUN_STANDARD"/>
    <property name="sun.boot.library.path" value="/usr/lib/jvm/java-1.8-openjdk/jre/lib/amd64"/>
    <property name="sun.java.command" value="/workdir/hadoop-ozone/integration-test/target/surefire/surefirebooter4527381694274220612.jar /workdir/hadoop-ozone/integration-test/target/surefire 2019-10-13T18-40-49_694-jvmRun1 surefire6467836199723923382tmp surefire_466619793930891439070tmp"/>
    <property name="surefire.test.class.path" value="/workdir/hadoop-ozone/integration-test/target/test-classes:/workdir/hadoop-ozone/integration-test/target/classes:/home/user/.m2/repository/org/apache/hadoop/hadoop-ozone-common/0.5.0-SNAPSHOT/hadoop-ozone-common-0.5.0-SNAPSHOT.jar:/home/user/.m2/repository/org/apache/commons/commons-compress/1.4.1/commons-compress-1.4.1.jar:/home/user/.m2/repository/org/tukaani/xz/1.0/xz-1.0.jar:/home/user/.m2/repository/org/apache/hadoop/hadoop-common/3.2.0/hadoop-common-3.2.0.jar:/home/user/.m2/repository/org/apache/hadoop/hadoop-hdfs/3.2.0/hadoop-hdfs-3.2.0.jar:/home/user/.m2/repository/org/apache/hadoop/hadoop-hdfs-client/3.2.0/hadoop-hdfs-client-3.2.0.jar:/home/user/.m2/repository/com/fasterxml/jackson/core/jackson-annotations/2.9.9/jackson-annotations-2.9.9.jar:/home/user/.m2/repository/org/apache/hadoop/hadoop-hdds-common/0.5.0-SNAPSHOT/hadoop-hdds-common-0.5.0-SNAPSHOT.jar:/home/user/.m2/repository/javax/annotation/javax.annotation-api/1.2/javax.annotation-api-1.2.jar:/home/user/.m2/repository/org/apache/ratis/ratis-server/0.5.0-201fc85-SNAPSHOT/ratis-server-0.5.0-201fc85-SNAPSHOT.jar:/home/user/.m2/repository/org/apache/ratis/ratis-thirdparty-misc/0.2.0/ratis-thirdparty-misc-0.2.0.jar:/home/user/.m2/repository/org/apache/ratis/ratis-proto/0.5.0-201fc85-SNAPSHOT/ratis-proto-0.5.0-201fc85-SNAPSHOT.jar:/home/user/.m2/repository/org/apache/ratis/ratis-common/0.5.0-201fc85-SNAPSHOT/ratis-common-0.5.0-201fc85-SNAPSHOT.jar:/home/user/.m2/repository/org/apache/ratis/ratis-client/0.5.0-201fc85-SNAPSHOT/ratis-client-0.5.0-201fc85-SNAPSHOT.jar:/home/user/.m2/repository/org/apache/ratis/ratis-metrics/0.5.0-201fc85-SNAPSHOT/ratis-metrics-0.5.0-201fc85-SNAPSHOT.jar:/home/user/.m2/repository/com/github/joshelser/dropwizard-metrics-hadoop-metrics2-reporter/0.1.2/dropwizard-metrics-hadoop-metrics2-reporter-0.1.2.jar:/home/user/.m2/repository/io/dropwizard/metrics/metrics-jvm/3.2.5/metrics-jvm-3.2.5.jar:/home/user/.m2/repository/io/dropwizard/metrics/metrics-ganglia/3.2.5/metrics-ganglia-3.2.5.jar:/home/user/.m2/repository/info/ganglia/gmetric4j/gmetric4j/1.0.7/gmetric4j-1.0.7.jar:/home/user/.m2/repository/org/apache/ratis/ratis-netty/0.5.0-201fc85-SNAPSHOT/ratis-netty-0.5.0-201fc85-SNAPSHOT.jar:/home/user/.m2/repository/org/apache/ratis/ratis-grpc/0.5.0-201fc85-SNAPSHOT/ratis-grpc-0.5.0-201fc85-SNAPSHOT.jar:/home/user/.m2/repository/org/rocksdb/rocksdbjni/6.0.1/rocksdbjni-6.0.1.jar:/home/user/.m2/repository/org/apache/logging/log4j/log4j-api/2.11.0/log4j-api-2.11.0.jar:/home/user/.m2/repository/org/apache/logging/log4j/log4j-core/2.11.0/log4j-core-2.11.0.jar:/home/user/.m2/repository/com/lmax/disruptor/3.4.2/disruptor-3.4.2.jar:/home/user/.m2/repository/org/apache/commons/commons-pool2/2.6.0/commons-pool2-2.6.0.jar:/home/user/.m2/repository/org/bouncycastle/bcpkix-jdk15on/1.60/bcpkix-jdk15on-1.60.jar:/home/user/.m2/repository/commons-validator/commons-validator/1.6/commons-validator-1.6.jar:/home/user/.m2/repository/commons-digester/commons-digester/1.8.1/commons-digester-1.8.1.jar:/home/user/.m2/repository/io/jaegertracing/jaeger-client/0.34.0/jaeger-client-0.34.0.jar:/home/user/.m2/repository/io/jaegertracing/jaeger-thrift/0.34.0/jaeger-thrift-0.34.0.jar:/home/user/.m2/repository/org/apache/thrift/libthrift/0.12.0/libthrift-0.12.0.jar:/home/user/.m2/repository/com/squareup/okhttp3/okhttp/3.9.0/okhttp-3.9.0.jar:/home/user/.m2/repository/com/squareup/okio/okio/1.13.0/okio-1.13.0.jar:/home/user/.m2/repository/io/jaegertracing/jaeger-core/0.34.0/jaeger-core-0.34.0.jar:/home/user/.m2/repository/io/jaegertracing/jaeger-tracerresolver/0.34.0/jaeger-tracerresolver-0.34.0.jar:/home/user/.m2/repository/io/opentracing/contrib/opentracing-tracerresolver/0.1.5/opentracing-tracerresolver-0.1.5.jar:/home/user/.m2/repository/io/opentracing/opentracing-util/0.31.0/opentracing-util-0.31.0.jar:/home/user/.m2/repository/io/opentracing/opentracing-api/0.31.0/opentracing-api-0.31.0.jar:/home/user/.m2/repository/io/opentracing/opentracing-noop/0.31.0/opentracing-noop-0.31.0.jar:/home/user/.m2/repository/org/apache/hadoop/hadoop-hdds-server-framework/0.5.0-SNAPSHOT/hadoop-hdds-server-framework-0.5.0-SNAPSHOT.jar:/home/user/.m2/repository/org/apache/hadoop/hadoop-hdds-container-service/0.5.0-SNAPSHOT/hadoop-hdds-container-service-0.5.0-SNAPSHOT.jar:/home/user/.m2/repository/org/apache/hadoop/hadoop-hdds-client/0.5.0-SNAPSHOT/hadoop-hdds-client-0.5.0-SNAPSHOT.jar:/home/user/.m2/repository/org/apache/hadoop/hadoop-hdds-tools/0.5.0-SNAPSHOT/hadoop-hdds-tools-0.5.0-SNAPSHOT.jar:/home/user/.m2/repository/org/apache/hadoop/hadoop-hdds-server-scm/0.5.0-SNAPSHOT/hadoop-hdds-server-scm-0.5.0-SNAPSHOT.jar:/home/user/.m2/repository/org/apache/hadoop/hadoop-hdds-docs/0.5.0-SNAPSHOT/hadoop-hdds-docs-0.5.0-SNAPSHOT.jar:/home/user/.m2/repository/io/dropwizard/metrics/metrics-core/3.2.4/metrics-core-3.2.4.jar:/home/user/.m2/repository/org/hamcrest/hamcrest-all/1.3/hamcrest-all-1.3.jar:/home/user/.m2/repository/org/bouncycastle/bcprov-jdk15on/1.60/bcprov-jdk15on-1.60.jar:/home/user/.m2/repository/info/picocli/picocli/3.9.6/picocli-3.9.6.jar:/home/user/.m2/repository/com/google/protobuf/protobuf-java/2.5.0/protobuf-java-2.5.0.jar:/home/user/.m2/repository/com/google/guava/guava/11.0.2/guava-11.0.2.jar:/home/user/.m2/repository/org/apache/hadoop/hadoop-ozone-ozone-manager/0.5.0-SNAPSHOT/hadoop-ozone-ozone-manager-0.5.0-SNAPSHOT.jar:/home/user/.m2/repository/org/apache/hadoop/hadoop-minikdc/3.2.0/hadoop-minikdc-3.2.0.jar:/home/user/.m2/repository/commons-io/commons-io/2.5/commons-io-2.5.jar:/home/user/.m2/repository/org/apache/kerby/kerb-simplekdc/1.0.1/kerb-simplekdc-1.0.1.jar:/home/user/.m2/repository/org/apache/kerby/kerb-client/1.0.1/kerb-client-1.0.1.jar:/home/user/.m2/repository/org/apache/kerby/kerby-config/1.0.1/kerby-config-1.0.1.jar:/home/user/.m2/repository/org/apache/kerby/kerb-core/1.0.1/kerb-core-1.0.1.jar:/home/user/.m2/repository/org/apache/kerby/kerby-pkix/1.0.1/kerby-pkix-1.0.1.jar:/home/user/.m2/repository/org/apache/kerby/kerby-asn1/1.0.1/kerby-asn1-1.0.1.jar:/home/user/.m2/repository/org/apache/kerby/kerby-util/1.0.1/kerby-util-1.0.1.jar:/home/user/.m2/repository/org/apache/kerby/kerb-common/1.0.1/kerb-common-1.0.1.jar:/home/user/.m2/repository/org/apache/kerby/kerb-crypto/1.0.1/kerb-crypto-1.0.1.jar:/home/user/.m2/repository/org/apache/kerby/kerb-util/1.0.1/kerb-util-1.0.1.jar:/home/user/.m2/repository/org/apache/kerby/token-provider/1.0.1/token-provider-1.0.1.jar:/home/user/.m2/repository/org/apache/kerby/kerb-admin/1.0.1/kerb-admin-1.0.1.jar:/home/user/.m2/repository/org/apache/kerby/kerb-server/1.0.1/kerb-server-1.0.1.jar:/home/user/.m2/repository/org/apache/kerby/kerb-identity/1.0.1/kerb-identity-1.0.1.jar:/home/user/.m2/repository/org/apache/kerby/kerby-xdr/1.0.1/kerby-xdr-1.0.1.jar:/home/user/.m2/repository/org/slf4j/slf4j-log4j12/1.7.25/slf4j-log4j12-1.7.25.jar:/home/user/.m2/repository/org/apache/hadoop/hadoop-ozone-s3gateway/0.5.0-SNAPSHOT/hadoop-ozone-s3gateway-0.5.0-SNAPSHOT.jar:/home/user/.m2/repository/org/jboss/weld/servlet/weld-servlet/2.4.7.Final/weld-servlet-2.4.7.Final.jar:/home/user/.m2/repository/org/glassfish/jersey/containers/jersey-container-servlet-core/2.27/jersey-container-servlet-core-2.27.jar:/home/user/.m2/repository/org/glassfish/hk2/external/javax.inject/2.5.0-b42/javax.inject-2.5.0-b42.jar:/home/user/.m2/repository/org/glassfish/jersey/core/jersey-common/2.27/jersey-common-2.27.jar:/home/user/.m2/repository/org/glassfish/hk2/osgi-resource-locator/1.0.1/osgi-resource-locator-1.0.1.jar:/home/user/.m2/repository/javax/ws/rs/javax.ws.rs-api/2.1/javax.ws.rs-api-2.1.jar:/home/user/.m2/repository/org/glassfish/jersey/ext/cdi/jersey-cdi1x/2.27/jersey-cdi1x-2.27.jar:/home/user/.m2/repository/org/glassfish/jersey/inject/jersey-hk2/2.27/jersey-hk2-2.27.jar:/home/user/.m2/repository/org/glassfish/hk2/hk2-locator/2.5.0-b42/hk2-locator-2.5.0-b42.jar:/home/user/.m2/repository/org/javassist/javassist/3.22.0-CR2/javassist-3.22.0-CR2.jar:/home/user/.m2/repository/org/glassfish/hk2/hk2-api/2.5.0/hk2-api-2.5.0.jar:/home/user/.m2/repository/org/glassfish/hk2/external/jakarta.inject/2.5.0/jakarta.inject-2.5.0.jar:/home/user/.m2/repository/org/glassfish/hk2/hk2-utils/2.5.0/hk2-utils-2.5.0.jar:/home/user/.m2/repository/jakarta/annotation/jakarta.annotation-api/1.3.4/jakarta.annotation-api-1.3.4.jar:/home/user/.m2/repository/org/glassfish/hk2/external/aopalliance-repackaged/2.5.0/aopalliance-repackaged-2.5.0.jar:/home/user/.m2/repository/com/fasterxml/jackson/dataformat/jackson-dataformat-xml/2.9.0/jackson-dataformat-xml-2.9.0.jar:/home/user/.m2/repository/com/fasterxml/jackson/core/jackson-core/2.9.9/jackson-core-2.9.9.jar:/home/user/.m2/repository/com/fasterxml/jackson/module/jackson-module-jaxb-annotations/2.9.9/jackson-module-jaxb-annotations-2.9.9.jar:/home/user/.m2/repository/javax/enterprise/cdi-api/1.2/cdi-api-1.2.jar:/home/user/.m2/repository/javax/el/javax.el-api/3.0.0/javax.el-api-3.0.0.jar:/home/user/.m2/repository/javax/interceptor/javax.interceptor-api/1.2/javax.interceptor-api-1.2.jar:/home/user/.m2/repository/javax/inject/javax.inject/1/javax.inject-1.jar:/home/user/.m2/repository/com/sun/xml/bind/jaxb-impl/2.3.0.1/jaxb-impl-2.3.0.1.jar:/home/user/.m2/repository/com/sun/xml/bind/jaxb-core/2.3.0.1/jaxb-core-2.3.0.1.jar:/home/user/.m2/repository/javax/xml/bind/jaxb-api/2.3.0/jaxb-api-2.3.0.jar:/home/user/.m2/repository/javax/activation/activation/1.1.1/activation-1.1.1.jar:/home/user/.m2/repository/org/apache/hadoop/hadoop-ozone-csi/0.5.0-SNAPSHOT/hadoop-ozone-csi-0.5.0-SNAPSHOT.jar:/home/user/.m2/repository/com/google/protobuf/protobuf-java-util/3.5.1/protobuf-java-util-3.5.1.jar:/home/user/.m2/repository/org/apache/hadoop/hadoop-hdds-config/0.5.0-SNAPSHOT/hadoop-hdds-config-0.5.0-SNAPSHOT.jar:/home/user/.m2/repository/io/grpc/grpc-netty/1.17.1/grpc-netty-1.17.1.jar:/home/user/.m2/repository/io/grpc/grpc-core/1.17.1/grpc-core-1.17.1.jar:/home/user/.m2/repository/io/grpc/grpc-context/1.17.1/grpc-context-1.17.1.jar:/home/user/.m2/repository/com/google/errorprone/error_prone_annotations/2.2.0/error_prone_annotations-2.2.0.jar:/home/user/.m2/repository/org/codehaus/mojo/animal-sniffer-annotations/1.17/animal-sniffer-annotations-1.17.jar:/home/user/.m2/repository/io/opencensus/opencensus-api/0.17.0/opencensus-api-0.17.0.jar:/home/user/.m2/repository/io/opencensus/opencensus-contrib-grpc-metrics/0.17.0/opencensus-contrib-grpc-metrics-0.17.0.jar:/home/user/.m2/repository/io/netty/netty-codec-http2/4.1.30.Final/netty-codec-http2-4.1.30.Final.jar:/home/user/.m2/repository/io/netty/netty-codec-http/4.1.30.Final/netty-codec-http-4.1.30.Final.jar:/home/user/.m2/repository/io/netty/netty-codec/4.1.30.Final/netty-codec-4.1.30.Final.jar:/home/user/.m2/repository/io/netty/netty-handler/4.1.30.Final/netty-handler-4.1.30.Final.jar:/home/user/.m2/repository/io/netty/netty-handler-proxy/4.1.30.Final/netty-handler-proxy-4.1.30.Final.jar:/home/user/.m2/repository/io/netty/netty-codec-socks/4.1.30.Final/netty-codec-socks-4.1.30.Final.jar:/home/user/.m2/repository/io/netty/netty-transport-native-epoll/4.1.30.Final/netty-transport-native-epoll-4.1.30.Final.jar:/home/user/.m2/repository/io/netty/netty-common/4.1.30.Final/netty-common-4.1.30.Final.jar:/home/user/.m2/repository/io/netty/netty-buffer/4.1.30.Final/netty-buffer-4.1.30.Final.jar:/home/user/.m2/repository/io/netty/netty-transport/4.1.30.Final/netty-transport-4.1.30.Final.jar:/home/user/.m2/repository/io/netty/netty-resolver/4.1.30.Final/netty-resolver-4.1.30.Final.jar:/home/user/.m2/repository/io/netty/netty-transport-native-unix-common/4.1.30.Final/netty-transport-native-unix-common-4.1.30.Final.jar:/home/user/.m2/repository/io/grpc/grpc-protobuf/1.17.1/grpc-protobuf-1.17.1.jar:/home/user/.m2/repository/com/google/api/grpc/proto-google-common-protos/1.0.0/proto-google-common-protos-1.0.0.jar:/home/user/.m2/repository/io/grpc/grpc-protobuf-lite/1.17.1/grpc-protobuf-lite-1.17.1.jar:/home/user/.m2/repository/io/grpc/grpc-stub/1.17.1/grpc-stub-1.17.1.jar:/home/user/.m2/repository/org/apache/hadoop/hadoop-ozone-recon/0.5.0-SNAPSHOT/hadoop-ozone-recon-0.5.0-SNAPSHOT.jar:/home/user/.m2/repository/org/apache/hadoop/hadoop-ozone-reconcodegen/0.5.0-SNAPSHOT/hadoop-ozone-reconcodegen-0.5.0-SNAPSHOT.jar:/home/user/.m2/repository/com/google/inject/extensions/guice-multibindings/4.0/guice-multibindings-4.0.jar:/home/user/.m2/repository/com/google/inject/guice/4.0/guice-4.0.jar:/home/user/.m2/repository/aopalliance/aopalliance/1.0/aopalliance-1.0.jar:/home/user/.m2/repository/com/google/inject/extensions/guice-servlet/4.0/guice-servlet-4.0.jar:/home/user/.m2/repository/org/glassfish/jersey/containers/jersey-container-servlet/2.27/jersey-container-servlet-2.27.jar:/home/user/.m2/repository/org/glassfish/hk2/guice-bridge/2.5.0/guice-bridge-2.5.0.jar:/home/user/.m2/repository/org/glassfish/jersey/core/jersey-server/2.27/jersey-server-2.27.jar:/home/user/.m2/repository/org/glassfish/jersey/core/jersey-client/2.27/jersey-client-2.27.jar:/home/user/.m2/repository/org/glassfish/jersey/media/jersey-media-jaxb/2.27/jersey-media-jaxb-2.27.jar:/home/user/.m2/repository/javax/validation/validation-api/1.1.0.Final/validation-api-1.1.0.Final.jar:/home/user/.m2/repository/org/glassfish/jersey/media/jersey-media-json-jackson/2.27/jersey-media-json-jackson-2.27.jar:/home/user/.m2/repository/org/glassfish/jersey/ext/jersey-entity-filtering/2.27/jersey-entity-filtering-2.27.jar:/home/user/.m2/repository/com/google/inject/extensions/guice-assistedinject/4.0/guice-assistedinject-4.0.jar:/home/user/.m2/repository/org/jooq/jooq/3.11.10/jooq-3.11.10.jar:/home/user/.m2/repository/org/jooq/jooq-meta/3.11.10/jooq-meta-3.11.10.jar:/home/user/.m2/repository/org/jooq/jooq-codegen/3.11.10/jooq-codegen-3.11.10.jar:/home/user/.m2/repository/com/jolbox/bonecp/0.8.0.RELEASE/bonecp-0.8.0.RELEASE.jar:/home/user/.m2/repository/org/xerial/sqlite-jdbc/3.25.2/sqlite-jdbc-3.25.2.jar:/home/user/.m2/repository/org/springframework/spring-jdbc/5.1.3.RELEASE/spring-jdbc-5.1.3.RELEASE.jar:/home/user/.m2/repository/org/springframework/spring-beans/5.1.3.RELEASE/spring-beans-5.1.3.RELEASE.jar:/home/user/.m2/repository/org/springframework/spring-core/5.1.3.RELEASE/spring-core-5.1.3.RELEASE.jar:/home/user/.m2/repository/org/springframework/spring-jcl/5.1.3.RELEASE/spring-jcl-5.1.3.RELEASE.jar:/home/user/.m2/repository/org/springframework/spring-tx/5.1.3.RELEASE/spring-tx-5.1.3.RELEASE.jar:/home/user/.m2/repository/org/apache/hadoop/hadoop-ozone-client/0.5.0-SNAPSHOT/hadoop-ozone-client-0.5.0-SNAPSHOT.jar:/home/user/.m2/repository/commons-lang/commons-lang/2.6/commons-lang-2.6.jar:/home/user/.m2/repository/org/apache/hadoop/hadoop-ozone-ozone-manager/0.5.0-SNAPSHOT/hadoop-ozone-ozone-manager-0.5.0-SNAPSHOT-tests.jar:/home/user/.m2/repository/junit/junit/4.11/junit-4.11.jar:/home/user/.m2/repository/org/hamcrest/hamcrest-core/1.3/hamcrest-core-1.3.jar:/home/user/.m2/repository/org/openjdk/jmh/jmh-core/1.19/jmh-core-1.19.jar:/home/user/.m2/repository/net/sf/jopt-simple/jopt-simple/4.6/jopt-simple-4.6.jar:/home/user/.m2/repository/org/apache/commons/commons-math3/3.1.1/commons-math3-3.1.1.jar:/home/user/.m2/repository/org/openjdk/jmh/jmh-generator-annprocess/1.19/jmh-generator-annprocess-1.19.jar:/home/user/.m2/repository/org/mockito/mockito-all/1.8.5/mockito-all-1.8.5.jar:/home/user/.m2/repository/org/apache/hadoop/hadoop-kms/3.2.0/hadoop-kms-3.2.0.jar:/home/user/.m2/repository/org/apache/hadoop/hadoop-auth/3.2.0/hadoop-auth-3.2.0.jar:/home/user/.m2/repository/com/nimbusds/nimbus-jose-jwt/4.41.1/nimbus-jose-jwt-4.41.1.jar:/home/user/.m2/repository/com/github/stephenc/jcip/jcip-annotations/1.0-1/jcip-annotations-1.0-1.jar:/home/user/.m2/repository/net/minidev/json-smart/2.3/json-smart-2.3.jar:/home/user/.m2/repository/net/minidev/accessors-smart/1.2/accessors-smart-1.2.jar:/home/user/.m2/repository/org/ow2/asm/asm/5.0.4/asm-5.0.4.jar:/home/user/.m2/repository/org/apache/curator/curator-framework/2.12.0/curator-framework-2.12.0.jar:/home/user/.m2/repository/com/sun/jersey/jersey-core/1.19/jersey-core-1.19.jar:/home/user/.m2/repository/javax/ws/rs/jsr311-api/1.1.1/jsr311-api-1.1.1.jar:/home/user/.m2/repository/com/sun/jersey/jersey-server/1.19/jersey-server-1.19.jar:/home/user/.m2/repository/javax/servlet/javax.servlet-api/3.1.0/javax.servlet-api-3.1.0.jar:/home/user/.m2/repository/org/eclipse/jetty/jetty-server/9.3.25.v20180904/jetty-server-9.3.25.v20180904.jar:/home/user/.m2/repository/org/eclipse/jetty/jetty-http/9.3.25.v20180904/jetty-http-9.3.25.v20180904.jar:/home/user/.m2/repository/org/eclipse/jetty/jetty-io/9.3.25.v20180904/jetty-io-9.3.25.v20180904.jar:/home/user/.m2/repository/org/eclipse/jetty/jetty-webapp/9.3.25.v20180904/jetty-webapp-9.3.25.v20180904.jar:/home/user/.m2/repository/org/eclipse/jetty/jetty-xml/9.3.25.v20180904/jetty-xml-9.3.25.v20180904.jar:/home/user/.m2/repository/log4j/log4j/1.2.17/log4j-1.2.17.jar:/home/user/.m2/repository/org/slf4j/slf4j-api/1.7.25/slf4j-api-1.7.25.jar:/home/user/.m2/repository/org/slf4j/jul-to-slf4j/1.7.25/jul-to-slf4j-1.7.25.jar:/home/user/.m2/repository/org/eclipse/jetty/jetty-util/9.3.25.v20180904/jetty-util-9.3.25.v20180904.jar:/home/user/.m2/repository/com/fasterxml/jackson/core/jackson-databind/2.9.9/jackson-databind-2.9.9.jar:/home/user/.m2/repository/org/apache/hadoop/hadoop-kms/3.2.0/hadoop-kms-3.2.0-tests.jar:/home/user/.m2/repository/org/apache/hadoop/hadoop-hdds-server-scm/0.5.0-SNAPSHOT/hadoop-hdds-server-scm-0.5.0-SNAPSHOT-tests.jar:/home/user/.m2/repository/org/apache/hadoop/hadoop-hdds-container-service/0.5.0-SNAPSHOT/hadoop-hdds-container-service-0.5.0-SNAPSHOT-tests.jar:/home/user/.m2/repository/org/yaml/snakeyaml/1.16/snakeyaml-1.16.jar:/home/user/.m2/repository/org/apache/hadoop/hadoop-common/3.2.0/hadoop-common-3.2.0-tests.jar:/home/user/.m2/repository/org/apache/hadoop/hadoop-annotations/3.2.0/hadoop-annotations-3.2.0.jar:/usr/lib/jvm/java-1.8-openjdk/jre/../lib/tools.jar:/home/user/.m2/repository/commons-cli/commons-cli/1.2/commons-cli-1.2.jar:/home/user/.m2/repository/org/apache/httpcomponents/httpclient/4.5.2/httpclient-4.5.2.jar:/home/user/.m2/repository/org/apache/httpcomponents/httpcore/4.4.4/httpcore-4.4.4.jar:/home/user/.m2/repository/commons-codec/commons-codec/1.11/commons-codec-1.11.jar:/home/user/.m2/repository/commons-net/commons-net/3.6/commons-net-3.6.jar:/home/user/.m2/repository/commons-collections/commons-collections/3.2.2/commons-collections-3.2.2.jar:/home/user/.m2/repository/org/eclipse/jetty/jetty-servlet/9.3.25.v20180904/jetty-servlet-9.3.25.v20180904.jar:/home/user/.m2/repository/org/eclipse/jetty/jetty-security/9.3.25.v20180904/jetty-security-9.3.25.v20180904.jar:/home/user/.m2/repository/javax/servlet/jsp/jsp-api/2.1/jsp-api-2.1.jar:/home/user/.m2/repository/com/sun/jersey/jersey-servlet/1.19/jersey-servlet-1.19.jar:/home/user/.m2/repository/com/sun/jersey/jersey-json/1.19/jersey-json-1.19.jar:/home/user/.m2/repository/org/codehaus/jettison/jettison/1.1/jettison-1.1.jar:/home/user/.m2/repository/org/codehaus/jackson/jackson-core-asl/1.9.13/jackson-core-asl-1.9.13.jar:/home/user/.m2/repository/org/codehaus/jackson/jackson-mapper-asl/1.9.13/jackson-mapper-asl-1.9.13.jar:/home/user/.m2/repository/org/codehaus/jackson/jackson-jaxrs/1.9.13/jackson-jaxrs-1.9.13.jar:/home/user/.m2/repository/org/codehaus/jackson/jackson-xc/1.9.13/jackson-xc-1.9.13.jar:/home/user/.m2/repository/commons-logging/commons-logging/1.1.3/commons-logging-1.1.3.jar:/home/user/.m2/repository/commons-beanutils/commons-beanutils/1.9.4/commons-beanutils-1.9.4.jar:/home/user/.m2/repository/org/apache/commons/commons-configuration2/2.1.1/commons-configuration2-2.1.1.jar:/home/user/.m2/repository/org/apache/commons/commons-lang3/3.7/commons-lang3-3.7.jar:/home/user/.m2/repository/org/apache/commons/commons-text/1.4/commons-text-1.4.jar:/home/user/.m2/repository/org/apache/avro/avro/1.7.7/avro-1.7.7.jar:/home/user/.m2/repository/com/thoughtworks/paranamer/paranamer/2.3/paranamer-2.3.jar:/home/user/.m2/repository/org/xerial/snappy/snappy-java/1.0.5/snappy-java-1.0.5.jar:/home/user/.m2/repository/com/google/re2j/re2j/1.1/re2j-1.1.jar:/home/user/.m2/repository/com/google/code/gson/gson/2.2.4/gson-2.2.4.jar:/home/user/.m2/repository/com/jcraft/jsch/0.1.54/jsch-0.1.54.jar:/home/user/.m2/repository/org/apache/curator/curator-client/2.12.0/curator-client-2.12.0.jar:/home/user/.m2/repository/org/apache/curator/curator-recipes/2.12.0/curator-recipes-2.12.0.jar:/home/user/.m2/repository/com/google/code/findbugs/jsr305/3.0.0/jsr305-3.0.0.jar:/home/user/.m2/repository/org/apache/htrace/htrace-core4/4.1.0-incubating/htrace-core4-4.1.0-incubating.jar:/home/user/.m2/repository/org/apache/zookeeper/zookeeper/3.4.13/zookeeper-3.4.13.jar:/home/user/.m2/repository/jline/jline/0.9.94/jline-0.9.94.jar:/home/user/.m2/repository/org/apache/yetus/audience-annotations/0.5.0/audience-annotations-0.5.0.jar:/home/user/.m2/repository/org/codehaus/woodstox/stax2-api/3.1.4/stax2-api-3.1.4.jar:/home/user/.m2/repository/com/fasterxml/woodstox/woodstox-core/5.0.3/woodstox-core-5.0.3.jar:/home/user/.m2/repository/dnsjava/dnsjava/2.1.7/dnsjava-2.1.7.jar:/home/user/.m2/repository/org/apache/hadoop/hadoop-hdfs/3.2.0/hadoop-hdfs-3.2.0-tests.jar:/home/user/.m2/repository/org/eclipse/jetty/jetty-util-ajax/9.3.25.v20180904/jetty-util-ajax-9.3.25.v20180904.jar:/home/user/.m2/repository/commons-daemon/commons-daemon/1.0.13/commons-daemon-1.0.13.jar:/home/user/.m2/repository/io/netty/netty/3.10.5.Final/netty-3.10.5.Final.jar:/home/user/.m2/repository/io/netty/netty-all/4.0.52.Final/netty-all-4.0.52.Final.jar:/home/user/.m2/repository/org/fusesource/leveldbjni/leveldbjni-all/1.8/leveldbjni-all-1.8.jar:"/>
    <property name="sun.cpu.endian" value="little"/>
    <property name="user.home" value="/home/user"/>
    <property name="user.language" value="en"/>
    <property name="java.specification.vendor" value="Oracle Corporation"/>
    <property name="java.home" value="/usr/lib/jvm/java-1.8-openjdk/jre"/>
    <property name="surefire.excludesFile" value="/tools/ozone-bad-unit-tests"/>
    <property name="java.security.krb5.conf" value="/workdir/hadoop-ozone/integration-test/target/test-classes/krb5.conf"/>
    <property name="basedir" value="/workdir/hadoop-ozone/integration-test"/>
    <property name="file.separator" value="/"/>
    <property name="line.separator" value="&#10;"/>
    <property name="java.vm.specification.vendor" value="Oracle Corporation"/>
    <property name="java.specification.name" value="Java Platform API Specification"/>
    <property name="java.awt.graphicsenv" value="sun.awt.X11GraphicsEnvironment"/>
    <property name="surefire.real.class.path" value="/workdir/hadoop-ozone/integration-test/target/surefire/surefirebooter4527381694274220612.jar"/>
    <property name="hadoop.log.dir" value="/workdir/hadoop-ozone/integration-test/target/log"/>
    <property name="sun.boot.class.path" value="/usr/lib/jvm/java-1.8-openjdk/jre/lib/resources.jar:/usr/lib/jvm/java-1.8-openjdk/jre/lib/rt.jar:/usr/lib/jvm/java-1.8-openjdk/jre/lib/sunrsasign.jar:/usr/lib/jvm/java-1.8-openjdk/jre/lib/jsse.jar:/usr/lib/jvm/java-1.8-openjdk/jre/lib/jce.jar:/usr/lib/jvm/java-1.8-openjdk/jre/lib/charsets.jar:/usr/lib/jvm/java-1.8-openjdk/jre/lib/jfr.jar:/usr/lib/jvm/java-1.8-openjdk/jre/classes"/>
    <property name="sun.management.compiler" value="HotSpot 64-Bit Tiered Compilers"/>
    <property name="java.runtime.version" value="1.8.0_212-b04"/>
    <property name="java.net.preferIPv4Stack" value="true"/>
    <property name="user.name" value="jenkins1000"/>
    <property name="path.separator" value=":"/>
    <property name="java.security.egd" value="file:///dev/urandom"/>
    <property name="os.version" value="3.10.0-957.12.2.el7.x86_64"/>
    <property name="java.endorsed.dirs" value="/usr/lib/jvm/java-1.8-openjdk/jre/lib/endorsed"/>
    <property name="java.runtime.name" value="OpenJDK Runtime Environment"/>
    <property name="file.encoding" value="UTF-8"/>
    <property name="java.vm.name" value="OpenJDK 64-Bit Server VM"/>
    <property name="test.build.webapps" value=""/>
    <property name="localRepository" value="/home/user/.m2/repository"/>
    <property name="java.vendor.url.bug" value="https://icedtea.classpath.org/bugzilla"/>
    <property name="java.io.tmpdir" value="/tmp"/>
    <property name="require.test.libhadoop" value=""/>
    <property name="java.version" value="1.8.0_212"/>
    <property name="user.dir" value="/workdir/hadoop-ozone/integration-test"/>
    <property name="os.arch" value="amd64"/>
    <property name="java.vm.specification.name" value="Java Virtual Machine Specification"/>
    <property name="test.build.classes" value="/workdir/hadoop-ozone/integration-test/target/test-classes"/>
    <property name="java.awt.printerjob" value="sun.print.PSPrinterJob"/>
    <property name="sun.os.patch.level" value="unknown"/>
    <property name="hadoop.tmp.dir" value="/workdir/hadoop-ozone/integration-test/target/tmp"/>
    <property name="java.library.path" value="/usr/lib/jvm/java-1.8-openjdk/jre/lib/amd64/server:/usr/lib/jvm/java-1.8-openjdk/jre/lib/amd64:/usr/lib/jvm/java-1.8-openjdk/jre/../lib/amd64:/workdir/hadoop-ozone/integration-test/target/native/target/usr/local/lib:/workdir/hadoop-ozone/integration-test/../../hadoop-common-project/hadoop-common/target/native/target/usr/local/lib:/usr/java/packages/lib/amd64:/usr/lib64:/lib64:/lib:/usr/lib"/>
    <property name="java.vm.info" value="mixed mode"/>
    <property name="java.vendor" value="IcedTea"/>
    <property name="java.vm.version" value="25.212-b04"/>
    <property name="java.ext.dirs" value="/usr/lib/jvm/java-1.8-openjdk/jre/lib/ext:/usr/java/packages/lib/ext"/>
    <property name="sun.io.unicode.encoding" value="UnicodeLittle"/>
    <property name="java.class.version" value="52.0"/>
  </properties>
  <testcase name="testMultiBlockWritesWithIntermittentDnFailures" classname="org.apache.hadoop.ozone.client.rpc.TestMultiBlockWritesWithDnFailures" time="136.794"/>
  <testcase name="testMultiBlockWritesWithDnFailures" classname="org.apache.hadoop.ozone.client.rpc.TestMultiBlockWritesWithDnFailures" time="37.153">
    <error message="Allocated 0 blocks. Requested 1 blocks" type="INTERNAL_ERROR org.apache.hadoop.ozone.om.exceptions.OMException">INTERNAL_ERROR org.apache.hadoop.ozone.om.exceptions.OMException: Allocated 0 blocks. Requested 1 blocks
	at org.apache.hadoop.ozone.om.protocolPB.OzoneManagerProtocolClientSideTranslatorPB.handleError(OzoneManagerProtocolClientSideTranslatorPB.java:732)
	at org.apache.hadoop.ozone.om.protocolPB.OzoneManagerProtocolClientSideTranslatorPB.openKey(OzoneManagerProtocolClientSideTranslatorPB.java:723)
	at sun.reflect.NativeMethodAccessorImpl.invoke0(Native Method)
	at sun.reflect.NativeMethodAccessorImpl.invoke(NativeMethodAccessorImpl.java:62)
	at sun.reflect.DelegatingMethodAccessorImpl.invoke(DelegatingMethodAccessorImpl.java:43)
	at java.lang.reflect.Method.invoke(Method.java:498)
	at org.apache.hadoop.hdds.tracing.TraceAllMethod.invoke(TraceAllMethod.java:66)
	at com.sun.proxy.$Proxy36.openKey(Unknown Source)
	at org.apache.hadoop.ozone.client.rpc.RpcClient.createKey(RpcClient.java:610)
	at org.apache.hadoop.ozone.client.OzoneBucket.createKey(OzoneBucket.java:325)
	at org.apache.hadoop.ozone.container.ContainerTestHelper.createKey(ContainerTestHelper.java:696)
	at org.apache.hadoop.ozone.client.rpc.TestMultiBlockWritesWithDnFailures.createKey(TestMultiBlockWritesWithDnFailures.java:212)
	at org.apache.hadoop.ozone.client.rpc.TestMultiBlockWritesWithDnFailures.testMultiBlockWritesWithDnFailures(TestMultiBlockWritesWithDnFailures.java:119)
	at sun.reflect.NativeMethodAccessorImpl.invoke0(Native Method)
	at sun.reflect.NativeMethodAccessorImpl.invoke(NativeMethodAccessorImpl.java:62)
	at sun.reflect.DelegatingMethodAccessorImpl.invoke(DelegatingMethodAccessorImpl.java:43)
	at java.lang.reflect.Method.invoke(Method.java:498)
	at org.junit.runners.model.FrameworkMethod$1.runReflectiveCall(FrameworkMethod.java:47)
	at org.junit.internal.runners.model.ReflectiveCallable.run(ReflectiveCallable.java:12)
	at org.junit.runners.model.FrameworkMethod.invokeExplosively(FrameworkMethod.java:44)
	at org.junit.internal.runners.statements.InvokeMethod.evaluate(InvokeMethod.java:17)
	at org.junit.internal.runners.statements.RunAfters.evaluate(RunAfters.java:27)
	at org.junit.runners.ParentRunner.runLeaf(ParentRunner.java:271)
	at org.junit.runners.BlockJUnit4ClassRunner.runChild(BlockJUnit4ClassRunner.java:70)
	at org.junit.runners.BlockJUnit4ClassRunner.runChild(BlockJUnit4ClassRunner.java:50)
	at org.junit.runners.ParentRunner$3.run(ParentRunner.java:238)
	at org.junit.runners.ParentRunner$1.schedule(ParentRunner.java:63)
	at org.junit.runners.ParentRunner.runChildren(ParentRunner.java:236)
	at org.junit.runners.ParentRunner.access$000(ParentRunner.java:53)
	at org.junit.runners.ParentRunner$2.evaluate(ParentRunner.java:229)
	at org.junit.runners.ParentRunner.run(ParentRunner.java:309)
	at org.apache.maven.surefire.junit4.JUnit4Provider.execute(JUnit4Provider.java:365)
	at org.apache.maven.surefire.junit4.JUnit4Provider.executeWithRerun(JUnit4Provider.java:273)
	at org.apache.maven.surefire.junit4.JUnit4Provider.executeTestSet(JUnit4Provider.java:238)
	at org.apache.maven.surefire.junit4.JUnit4Provider.invoke(JUnit4Provider.java:159)
	at org.apache.maven.surefire.booter.ForkedBooter.invokeProviderInSameClassLoader(ForkedBooter.java:384)
	at org.apache.maven.surefire.booter.ForkedBooter.runSuitesInProcess(ForkedBooter.java:345)
	at org.apache.maven.surefire.booter.ForkedBooter.execute(ForkedBooter.java:126)
	at org.apache.maven.surefire.booter.ForkedBooter.main(ForkedBooter.java:418)
</error>
    <system-out><![CDATA[2019-10-13 19:17:53,724 [main] WARN  server.ServerUtils (ServerUtils.java:getScmDbDir(145)) - ozone.scm.db.dirs is not configured. We recommend adding this setting. Falling back to ozone.metadata.dirs instead.
2019-10-13 19:17:53,768 [main] WARN  server.ServerUtils (ServerUtils.java:getScmDbDir(145)) - ozone.scm.db.dirs is not configured. We recommend adding this setting. Falling back to ozone.metadata.dirs instead.
2019-10-13 19:17:53,769 [main] WARN  server.ServerUtils (ServerUtils.java:getScmDbDir(145)) - ozone.scm.db.dirs is not configured. We recommend adding this setting. Falling back to ozone.metadata.dirs instead.
2019-10-13 19:17:53,769 [main] INFO  db.DBStoreBuilder (DBStoreBuilder.java:addTable(117)) - using custom profile for table: deletedBlocks
2019-10-13 19:17:53,769 [main] INFO  db.DBStoreBuilder (DBStoreBuilder.java:processTables(168)) - Using default column profile:DBProfile.DISK for Table:deletedBlocks
2019-10-13 19:17:53,770 [main] INFO  db.DBStoreBuilder (DBStoreBuilder.java:addTable(117)) - using custom profile for table: validCerts
2019-10-13 19:17:53,770 [main] INFO  db.DBStoreBuilder (DBStoreBuilder.java:processTables(168)) - Using default column profile:DBProfile.DISK for Table:validCerts
2019-10-13 19:17:53,770 [main] INFO  db.DBStoreBuilder (DBStoreBuilder.java:addTable(117)) - using custom profile for table: revokedCerts
2019-10-13 19:17:53,770 [main] INFO  db.DBStoreBuilder (DBStoreBuilder.java:processTables(168)) - Using default column profile:DBProfile.DISK for Table:revokedCerts
2019-10-13 19:17:53,771 [main] INFO  db.DBStoreBuilder (DBStoreBuilder.java:addTable(117)) - using custom profile for table: default
2019-10-13 19:17:53,771 [main] INFO  db.DBStoreBuilder (DBStoreBuilder.java:processTables(174)) - Using default column profile:DBProfile.DISK for Table:default
2019-10-13 19:17:53,771 [main] INFO  db.DBStoreBuilder (DBStoreBuilder.java:getDbProfile(205)) - Using default options. DBProfile.DISK
2019-10-13 19:17:53,992 [main] INFO  net.NodeSchemaLoader (NodeSchemaLoader.java:loadSchemaFromFile(125)) - Loading file from sun.misc.CompoundEnumeration@3d20e575
2019-10-13 19:17:53,992 [main] INFO  net.NodeSchemaLoader (NodeSchemaLoader.java:loadSchema(171)) - Loading network topology layer schema file
2019-10-13 19:17:53,997 [main] INFO  node.SCMNodeManager (SCMNodeManager.java:<init>(116)) - Entering startup safe mode.
2019-10-13 19:17:53,998 [main] INFO  algorithms.ContainerPlacementPolicyFactory (ContainerPlacementPolicyFactory.java:getPolicy(57)) - Create container placement policy of type org.apache.hadoop.hdds.scm.container.placement.algorithms.SCMContainerPlacementRandom
2019-10-13 19:17:53,998 [main] WARN  server.ServerUtils (ServerUtils.java:getScmDbDir(145)) - ozone.scm.db.dirs is not configured. We recommend adding this setting. Falling back to ozone.metadata.dirs instead.
2019-10-13 19:17:54,074 [main] INFO  pipeline.SCMPipelineManager (SCMPipelineManager.java:initializePipelineState(132)) - No pipeline exists in current db
2019-10-13 19:17:54,074 [main] WARN  server.ServerUtils (ServerUtils.java:getScmDbDir(145)) - ozone.scm.db.dirs is not configured. We recommend adding this setting. Falling back to ozone.metadata.dirs instead.
2019-10-13 19:17:54,154 [main] WARN  events.EventQueue (EventQueue.java:fireEvent(183)) - No event handler registered for event TypedEvent{payloadType=SafeModeStatus, name='SafeModeStatus'}
2019-10-13 19:17:54,155 [main] INFO  ipc.CallQueueManager (CallQueueManager.java:<init>(84)) - Using callQueue: class java.util.concurrent.LinkedBlockingQueue, queueCapacity: 2000, scheduler: class org.apache.hadoop.ipc.DefaultRpcScheduler, ipcBackoff: false.
2019-10-13 19:17:54,156 [Socket Reader #1 for port 37287] INFO  ipc.Server (Server.java:run(1074)) - Starting Socket Reader #1 for port 37287
2019-10-13 19:17:54,158 [main] INFO  ipc.CallQueueManager (CallQueueManager.java:<init>(84)) - Using callQueue: class java.util.concurrent.LinkedBlockingQueue, queueCapacity: 2000, scheduler: class org.apache.hadoop.ipc.DefaultRpcScheduler, ipcBackoff: false.
2019-10-13 19:17:54,158 [Socket Reader #1 for port 36445] INFO  ipc.Server (Server.java:run(1074)) - Starting Socket Reader #1 for port 36445
2019-10-13 19:17:54,159 [main] INFO  ipc.CallQueueManager (CallQueueManager.java:<init>(84)) - Using callQueue: class java.util.concurrent.LinkedBlockingQueue, queueCapacity: 2000, scheduler: class org.apache.hadoop.ipc.DefaultRpcScheduler, ipcBackoff: false.
2019-10-13 19:17:54,160 [Socket Reader #1 for port 40858] INFO  ipc.Server (Server.java:run(1074)) - Starting Socket Reader #1 for port 40858
2019-10-13 19:17:54,162 [main] INFO  hdfs.DFSUtil (DFSUtil.java:httpServerTemplateForNNAndJN(1641)) - Starting Web-server for scm at: http://0.0.0.0:0
2019-10-13 19:17:54,164 [main] INFO  server.AuthenticationFilter (AuthenticationFilter.java:constructSecretProvider(240)) - Unable to initialize FileSignerSecretProvider, falling back to use random secrets.
2019-10-13 19:17:54,164 [main] WARN  http.HttpRequestLog (HttpRequestLog.java:getRequestLog(97)) - Jetty request log can only be enabled using Log4j
2019-10-13 19:17:54,166 [main] INFO  http.HttpServer2 (HttpServer2.java:addGlobalFilter(975)) - Added global filter 'safety' (class=org.apache.hadoop.http.HttpServer2$QuotingInputFilter)
2019-10-13 19:17:54,166 [main] INFO  http.HttpServer2 (HttpServer2.java:addFilter(948)) - Added filter static_user_filter (class=org.apache.hadoop.http.lib.StaticUserWebFilter$StaticUserFilter) to context scm
2019-10-13 19:17:54,167 [main] INFO  http.HttpServer2 (HttpServer2.java:addFilter(958)) - Added filter static_user_filter (class=org.apache.hadoop.http.lib.StaticUserWebFilter$StaticUserFilter) to context static
2019-10-13 19:17:54,167 [main] INFO  http.HttpServer2 (HttpServer2.java:addFilter(958)) - Added filter static_user_filter (class=org.apache.hadoop.http.lib.StaticUserWebFilter$StaticUserFilter) to context logs
2019-10-13 19:17:54,169 [main] INFO  server.StorageContainerManager (StorageContainerManager.java:start(772)) - StorageContainerLocationProtocol RPC server is listening at /0.0.0.0:40858
2019-10-13 19:17:54,171 [main] WARN  impl.MetricsConfig (MetricsConfig.java:loadFirst(134)) - Cannot locate configuration: tried hadoop-metrics2-storagecontainermanager.properties,hadoop-metrics2.properties
2019-10-13 19:17:54,172 [main] INFO  impl.MetricsSystemImpl (MetricsSystemImpl.java:startTimer(374)) - Scheduled Metric snapshot period at 10 second(s).
2019-10-13 19:17:54,172 [main] INFO  impl.MetricsSystemImpl (MetricsSystemImpl.java:start(191)) - StorageContainerManager metrics system started
2019-10-13 19:17:54,211 [main] WARN  impl.MetricsSystemImpl (MetricsSystemImpl.java:register(276)) - Sink prometheus already exists!
2019-10-13 19:17:54,223 [main] INFO  server.SCMClientProtocolServer (SCMClientProtocolServer.java:start(159)) - RPC server for Client  is listening at /0.0.0.0:40858
2019-10-13 19:17:54,223 [IPC Server Responder] INFO  ipc.Server (Server.java:run(1314)) - IPC Server Responder: starting
2019-10-13 19:17:54,224 [IPC Server listener on 40858] INFO  ipc.Server (Server.java:run(1153)) - IPC Server listener on 40858: starting
2019-10-13 19:17:54,227 [main] INFO  server.StorageContainerManager (StorageContainerManager.java:start(782)) - ScmBlockLocationProtocol RPC server is listening at /0.0.0.0:36445
2019-10-13 19:17:54,227 [main] INFO  server.SCMBlockProtocolServer (SCMBlockProtocolServer.java:start(146)) - RPC server for Block Protocol is listening at /0.0.0.0:36445
2019-10-13 19:17:54,227 [IPC Server Responder] INFO  ipc.Server (Server.java:run(1314)) - IPC Server Responder: starting
2019-10-13 19:17:54,227 [IPC Server listener on 36445] INFO  ipc.Server (Server.java:run(1153)) - IPC Server listener on 36445: starting
2019-10-13 19:17:54,230 [main] INFO  server.StorageContainerManager (StorageContainerManager.java:start(786)) - ScmDatanodeProtocl RPC server is listening at /0.0.0.0:37287
2019-10-13 19:17:54,230 [main] INFO  server.SCMDatanodeProtocolServer (SCMDatanodeProtocolServer.java:start(169)) - RPC server for DataNodes is listening at /0.0.0.0:37287
2019-10-13 19:17:54,231 [IPC Server Responder] INFO  ipc.Server (Server.java:run(1314)) - IPC Server Responder: starting
2019-10-13 19:17:54,231 [IPC Server listener on 37287] INFO  ipc.Server (Server.java:run(1153)) - IPC Server listener on 37287: starting
2019-10-13 19:17:54,236 [main] INFO  http.HttpServer2 (HttpServer2.java:bindListener(1191)) - Jetty bound to port 35908
2019-10-13 19:17:54,236 [main] INFO  server.Server (Server.java:doStart(351)) - jetty-9.3.25.v20180904, build timestamp: 2018-09-04T21:11:46Z, git hash: 3ce520221d0240229c862b122d2b06c12a625732
2019-10-13 19:17:54,238 [main] INFO  handler.ContextHandler (ContextHandler.java:doStart(781)) - Started o.e.j.s.ServletContextHandler@45c9b3{/logs,file:///workdir/hadoop-ozone/integration-test/target/log,AVAILABLE}
2019-10-13 19:17:54,238 [main] INFO  handler.ContextHandler (ContextHandler.java:doStart(781)) - Started o.e.j.s.ServletContextHandler@6680f714{/static,file:///workdir/hadoop-ozone/integration-test/target/test-classes/webapps/static,AVAILABLE}
2019-10-13 19:17:54,242 [main] INFO  handler.ContextHandler (ContextHandler.java:doStart(781)) - Started o.e.j.w.WebAppContext@2db33feb{/,file:///workdir/hadoop-ozone/integration-test/target/test-classes/webapps/scm/,AVAILABLE}{/scm}
2019-10-13 19:17:54,243 [main] INFO  server.AbstractConnector (AbstractConnector.java:doStart(278)) - Started ServerConnector@30c3ae63{HTTP/1.1,[http/1.1]}{0.0.0.0:35908}
2019-10-13 19:17:54,243 [main] INFO  server.Server (Server.java:doStart(419)) - Started @137705ms
2019-10-13 19:17:54,243 [main] WARN  impl.MetricsSystemImpl (MetricsSystemImpl.java:register(276)) - Sink prometheus already exists!
2019-10-13 19:17:54,244 [main] INFO  server.BaseHttpServer (BaseHttpServer.java:updateConnectorAddress(215)) - HTTP server of SCM is listening at http://0.0.0.0:35908
2019-10-13 19:17:54,245 [main] WARN  server.ServerUtils (ServerUtils.java:getDBPath(222)) - ozone.om.db.dirs is not configured. We recommend adding this setting. Falling back to ozone.metadata.dirs instead.
2019-10-13 19:17:54,245 [org.apache.hadoop.util.JvmPauseMonitor$Monitor@54e12f4c] INFO  util.JvmPauseMonitor (JvmPauseMonitor.java:run(188)) - Starting JVM pause monitor
2019-10-13 19:17:54,269 [main] INFO  ha.OMHANodeDetails (OMHANodeDetails.java:loadOMHAConfig(190)) - Configuration either no ozone.om.address set. Falling back to the default OM address /127.0.0.1:0
2019-10-13 19:17:54,269 [main] INFO  ha.OMHANodeDetails (OMHANodeDetails.java:getOMNodeDetails(220)) - OM Service ID is not set. Setting it to the default ID: omServiceIdDefault
2019-10-13 19:17:54,270 [main] WARN  server.ServerUtils (ServerUtils.java:getDBPath(222)) - ozone.om.db.dirs is not configured. We recommend adding this setting. Falling back to ozone.metadata.dirs instead.
2019-10-13 19:17:54,270 [main] WARN  server.ServerUtils (ServerUtils.java:getDBPath(222)) - ozone.om.db.dirs is not configured. We recommend adding this setting. Falling back to ozone.metadata.dirs instead.
2019-10-13 19:17:54,276 [main] WARN  server.ServerUtils (ServerUtils.java:getDBPath(222)) - ozone.om.db.dirs is not configured. We recommend adding this setting. Falling back to ozone.metadata.dirs instead.
2019-10-13 19:17:54,276 [main] INFO  db.DBStoreBuilder (DBStoreBuilder.java:addTable(117)) - using custom profile for table: userTable
2019-10-13 19:17:54,277 [main] INFO  db.DBStoreBuilder (DBStoreBuilder.java:processTables(168)) - Using default column profile:DBProfile.DISK for Table:userTable
2019-10-13 19:17:54,277 [main] INFO  db.DBStoreBuilder (DBStoreBuilder.java:addTable(117)) - using custom profile for table: volumeTable
2019-10-13 19:17:54,277 [main] INFO  db.DBStoreBuilder (DBStoreBuilder.java:processTables(168)) - Using default column profile:DBProfile.DISK for Table:volumeTable
2019-10-13 19:17:54,277 [main] INFO  db.DBStoreBuilder (DBStoreBuilder.java:addTable(117)) - using custom profile for table: bucketTable
2019-10-13 19:17:54,277 [main] INFO  db.DBStoreBuilder (DBStoreBuilder.java:processTables(168)) - Using default column profile:DBProfile.DISK for Table:bucketTable
2019-10-13 19:17:54,277 [main] INFO  db.DBStoreBuilder (DBStoreBuilder.java:addTable(117)) - using custom profile for table: keyTable
2019-10-13 19:17:54,278 [main] INFO  db.DBStoreBuilder (DBStoreBuilder.java:processTables(168)) - Using default column profile:DBProfile.DISK for Table:keyTable
2019-10-13 19:17:54,278 [main] INFO  db.DBStoreBuilder (DBStoreBuilder.java:addTable(117)) - using custom profile for table: deletedTable
2019-10-13 19:17:54,278 [main] INFO  db.DBStoreBuilder (DBStoreBuilder.java:processTables(168)) - Using default column profile:DBProfile.DISK for Table:deletedTable
2019-10-13 19:17:54,278 [main] INFO  db.DBStoreBuilder (DBStoreBuilder.java:addTable(117)) - using custom profile for table: openKeyTable
2019-10-13 19:17:54,278 [main] INFO  db.DBStoreBuilder (DBStoreBuilder.java:processTables(168)) - Using default column profile:DBProfile.DISK for Table:openKeyTable
2019-10-13 19:17:54,279 [main] INFO  db.DBStoreBuilder (DBStoreBuilder.java:addTable(117)) - using custom profile for table: s3Table
2019-10-13 19:17:54,279 [main] INFO  db.DBStoreBuilder (DBStoreBuilder.java:processTables(168)) - Using default column profile:DBProfile.DISK for Table:s3Table
2019-10-13 19:17:54,279 [main] INFO  db.DBStoreBuilder (DBStoreBuilder.java:addTable(117)) - using custom profile for table: multipartInfoTable
2019-10-13 19:17:54,279 [main] INFO  db.DBStoreBuilder (DBStoreBuilder.java:processTables(168)) - Using default column profile:DBProfile.DISK for Table:multipartInfoTable
2019-10-13 19:17:54,279 [main] INFO  db.DBStoreBuilder (DBStoreBuilder.java:addTable(117)) - using custom profile for table: dTokenTable
2019-10-13 19:17:54,279 [main] INFO  db.DBStoreBuilder (DBStoreBuilder.java:processTables(168)) - Using default column profile:DBProfile.DISK for Table:dTokenTable
2019-10-13 19:17:54,280 [main] INFO  db.DBStoreBuilder (DBStoreBuilder.java:addTable(117)) - using custom profile for table: s3SecretTable
2019-10-13 19:17:54,280 [main] INFO  db.DBStoreBuilder (DBStoreBuilder.java:processTables(168)) - Using default column profile:DBProfile.DISK for Table:s3SecretTable
2019-10-13 19:17:54,280 [main] INFO  db.DBStoreBuilder (DBStoreBuilder.java:addTable(117)) - using custom profile for table: prefixTable
2019-10-13 19:17:54,280 [main] INFO  db.DBStoreBuilder (DBStoreBuilder.java:processTables(168)) - Using default column profile:DBProfile.DISK for Table:prefixTable
2019-10-13 19:17:54,280 [main] INFO  db.DBStoreBuilder (DBStoreBuilder.java:addTable(117)) - using custom profile for table: default
2019-10-13 19:17:54,281 [main] INFO  db.DBStoreBuilder (DBStoreBuilder.java:processTables(174)) - Using default column profile:DBProfile.DISK for Table:default
2019-10-13 19:17:54,281 [main] INFO  db.DBStoreBuilder (DBStoreBuilder.java:getDbProfile(205)) - Using default options. DBProfile.DISK
2019-10-13 19:17:54,920 [main] INFO  ipc.CallQueueManager (CallQueueManager.java:<init>(84)) - Using callQueue: class java.util.concurrent.LinkedBlockingQueue, queueCapacity: 2000, scheduler: class org.apache.hadoop.ipc.DefaultRpcScheduler, ipcBackoff: false.
2019-10-13 19:17:54,921 [Socket Reader #1 for port 44360] INFO  ipc.Server (Server.java:run(1074)) - Starting Socket Reader #1 for port 44360
2019-10-13 19:17:54,944 [main] INFO  om.OzoneManager (OzoneManager.java:start(1069)) - OzoneManager RPC server is listening at localhost/127.0.0.1:44360
2019-10-13 19:17:54,944 [main] INFO  impl.MetricsSystemImpl (MetricsSystemImpl.java:init(158)) - OzoneManager metrics system started (again)
2019-10-13 19:17:54,945 [IPC Server Responder] INFO  ipc.Server (Server.java:run(1314)) - IPC Server Responder: starting
2019-10-13 19:17:54,945 [IPC Server listener on 44360] INFO  ipc.Server (Server.java:run(1153)) - IPC Server listener on 44360: starting
2019-10-13 19:17:54,952 [main] INFO  hdfs.DFSUtil (DFSUtil.java:httpServerTemplateForNNAndJN(1641)) - Starting Web-server for ozoneManager at: http://0.0.0.0:0
2019-10-13 19:17:54,954 [main] INFO  server.AuthenticationFilter (AuthenticationFilter.java:constructSecretProvider(240)) - Unable to initialize FileSignerSecretProvider, falling back to use random secrets.
2019-10-13 19:17:54,954 [main] WARN  http.HttpRequestLog (HttpRequestLog.java:getRequestLog(97)) - Jetty request log can only be enabled using Log4j
2019-10-13 19:17:54,957 [main] INFO  http.HttpServer2 (HttpServer2.java:addGlobalFilter(975)) - Added global filter 'safety' (class=org.apache.hadoop.http.HttpServer2$QuotingInputFilter)
2019-10-13 19:17:54,959 [main] INFO  http.HttpServer2 (HttpServer2.java:addFilter(948)) - Added filter static_user_filter (class=org.apache.hadoop.http.lib.StaticUserWebFilter$StaticUserFilter) to context ozoneManager
2019-10-13 19:17:54,959 [main] INFO  http.HttpServer2 (HttpServer2.java:addFilter(958)) - Added filter static_user_filter (class=org.apache.hadoop.http.lib.StaticUserWebFilter$StaticUserFilter) to context logs
2019-10-13 19:17:54,959 [main] INFO  http.HttpServer2 (HttpServer2.java:addFilter(958)) - Added filter static_user_filter (class=org.apache.hadoop.http.lib.StaticUserWebFilter$StaticUserFilter) to context static
2019-10-13 19:17:54,960 [main] INFO  http.HttpServer2 (HttpServer2.java:bindListener(1191)) - Jetty bound to port 35314
2019-10-13 19:17:54,961 [main] INFO  server.Server (Server.java:doStart(351)) - jetty-9.3.25.v20180904, build timestamp: 2018-09-04T21:11:46Z, git hash: 3ce520221d0240229c862b122d2b06c12a625732
2019-10-13 19:17:54,963 [main] INFO  handler.ContextHandler (ContextHandler.java:doStart(781)) - Started o.e.j.s.ServletContextHandler@3a7e365{/logs,file:///workdir/hadoop-ozone/integration-test/target/log,AVAILABLE}
2019-10-13 19:17:54,964 [main] INFO  handler.ContextHandler (ContextHandler.java:doStart(781)) - Started o.e.j.s.ServletContextHandler@12a470dd{/static,file:///workdir/hadoop-ozone/integration-test/target/test-classes/webapps/static,AVAILABLE}
2019-10-13 19:17:54,970 [main] INFO  handler.ContextHandler (ContextHandler.java:doStart(781)) - Started o.e.j.w.WebAppContext@31a2a9fa{/,file:///workdir/hadoop-ozone/integration-test/target/test-classes/webapps/ozoneManager/,AVAILABLE}{/ozoneManager}
2019-10-13 19:17:54,971 [main] INFO  server.AbstractConnector (AbstractConnector.java:doStart(278)) - Started ServerConnector@31b82e0f{HTTP/1.1,[http/1.1]}{0.0.0.0:35314}
2019-10-13 19:17:54,972 [main] INFO  server.Server (Server.java:doStart(419)) - Started @138434ms
2019-10-13 19:17:54,972 [main] WARN  impl.MetricsSystemImpl (MetricsSystemImpl.java:register(276)) - Sink prometheus already exists!
2019-10-13 19:17:54,973 [main] INFO  server.BaseHttpServer (BaseHttpServer.java:updateConnectorAddress(215)) - HTTP server of OZONEMANAGER is listening at http://0.0.0.0:35314
2019-10-13 19:17:55,003 [main] INFO  impl.MetricsSystemImpl (MetricsSystemImpl.java:init(158)) - HddsDatanode metrics system started (again)
2019-10-13 19:17:55,007 [main] INFO  ozone.HddsDatanodeService (HddsDatanodeService.java:start(184)) - HddsDatanodeService host:pr-hdds-2267-swqn2-2570148001 ip:192.168.164.216
2019-10-13 19:17:55,013 [main] INFO  volume.HddsVolume (HddsVolume.java:<init>(176)) - Creating Volume: /workdir/hadoop-ozone/integration-test/target/test-dir/MiniOzoneClusterImpl-5ae201cf-45d6-4939-83ae-09959f8683c2/datanode-0/data/containers/hdds of  storage type : DISK and capacity : 1482555576320
2019-10-13 19:17:55,014 [main] INFO  volume.VolumeSet (VolumeSet.java:initializeVolumeSet(170)) - Added Volume : /workdir/hadoop-ozone/integration-test/target/test-dir/MiniOzoneClusterImpl-5ae201cf-45d6-4939-83ae-09959f8683c2/datanode-0/data/containers/hdds to VolumeSet
2019-10-13 19:17:55,014 [main] INFO  volume.ThrottledAsyncChecker (ThrottledAsyncChecker.java:schedule(141)) - Scheduling a check for org.apache.hadoop.ozone.container.common.volume.HddsVolume@687e6293
2019-10-13 19:17:55,016 [main] INFO  volume.HddsVolumeChecker (HddsVolumeChecker.java:checkAllVolumes(204)) - Scheduled health check for volume org.apache.hadoop.ozone.container.common.volume.HddsVolume@687e6293
2019-10-13 19:17:55,032 [main] INFO  impl.RaftServerProxy (ConfUtils.java:logGet(43)) - raft.rpc.type = GRPC (default)
2019-10-13 19:17:55,032 [main] INFO  grpc.GrpcFactory (GrpcFactory.java:checkPooledByteBufAllocatorUseCacheForAllThreads(45)) - PERFORMANCE WARNING: useCacheForAllThreads is true that may cause Netty to create a lot garbage objects and, as a result, trigger GC.
	It is recommended to disable useCacheForAllThreads by setting -Dorg.apache.ratis.thirdparty.io.netty.allocator.useCacheForAllThreads=false in command line.
2019-10-13 19:17:55,032 [main] INFO  grpc.GrpcConfigKeys$Server (ConfUtils.java:logGet(43)) - raft.grpc.server.port = 0 (default)
2019-10-13 19:17:55,033 [main] INFO  server.GrpcService (ConfUtils.java:logGet(43)) - raft.grpc.message.size.max = 33570816 (custom)
2019-10-13 19:17:55,033 [main] INFO  server.RaftServerConfigKeys (ConfUtils.java:logGet(43)) - raft.server.log.appender.buffer.byte-limit = 33554432 (custom)
2019-10-13 19:17:55,034 [main] INFO  server.GrpcService (ConfUtils.java:logGet(43)) - raft.grpc.flow.control.window = 1MB (=1048576) (default)
2019-10-13 19:17:55,034 [main] INFO  server.RaftServerConfigKeys (ConfUtils.java:logGet(43)) - raft.server.rpc.request.timeout = 3000ms (default)
2019-10-13 19:17:55,035 [main] INFO  server.RaftServerConfigKeys (ConfUtils.java:logGet(43)) - raft.server.storage.dir = [/workdir/hadoop-ozone/integration-test/target/test-dir/MiniOzoneClusterImpl-5ae201cf-45d6-4939-83ae-09959f8683c2/datanode-0/data/ratis] (custom)
2019-10-13 19:17:55,037 [main] INFO  hdfs.DFSUtil (DFSUtil.java:httpServerTemplateForNNAndJN(1641)) - Starting Web-server for hddsDatanode at: http://0.0.0.0:0
2019-10-13 19:17:55,038 [main] INFO  server.AuthenticationFilter (AuthenticationFilter.java:constructSecretProvider(240)) - Unable to initialize FileSignerSecretProvider, falling back to use random secrets.
2019-10-13 19:17:55,039 [main] WARN  http.HttpRequestLog (HttpRequestLog.java:getRequestLog(97)) - Jetty request log can only be enabled using Log4j
2019-10-13 19:17:55,041 [main] INFO  http.HttpServer2 (HttpServer2.java:addGlobalFilter(975)) - Added global filter 'safety' (class=org.apache.hadoop.http.HttpServer2$QuotingInputFilter)
2019-10-13 19:17:55,042 [main] INFO  http.HttpServer2 (HttpServer2.java:addFilter(948)) - Added filter static_user_filter (class=org.apache.hadoop.http.lib.StaticUserWebFilter$StaticUserFilter) to context hddsDatanode
2019-10-13 19:17:55,042 [main] INFO  http.HttpServer2 (HttpServer2.java:addFilter(958)) - Added filter static_user_filter (class=org.apache.hadoop.http.lib.StaticUserWebFilter$StaticUserFilter) to context logs
2019-10-13 19:17:55,042 [main] INFO  http.HttpServer2 (HttpServer2.java:addFilter(958)) - Added filter static_user_filter (class=org.apache.hadoop.http.lib.StaticUserWebFilter$StaticUserFilter) to context static
2019-10-13 19:17:55,043 [main] INFO  http.HttpServer2 (HttpServer2.java:bindListener(1191)) - Jetty bound to port 46090
2019-10-13 19:17:55,043 [main] INFO  server.Server (Server.java:doStart(351)) - jetty-9.3.25.v20180904, build timestamp: 2018-09-04T21:11:46Z, git hash: 3ce520221d0240229c862b122d2b06c12a625732
2019-10-13 19:17:55,045 [main] INFO  handler.ContextHandler (ContextHandler.java:doStart(781)) - Started o.e.j.s.ServletContextHandler@18a19e{/logs,file:///workdir/hadoop-ozone/integration-test/target/log,AVAILABLE}
2019-10-13 19:17:55,046 [main] INFO  handler.ContextHandler (ContextHandler.java:doStart(781)) - Started o.e.j.s.ServletContextHandler@2e13f304{/static,jar:file:/home/user/.m2/repository/org/apache/hadoop/hadoop-hdds-container-service/0.5.0-SNAPSHOT/hadoop-hdds-container-service-0.5.0-SNAPSHOT.jar!/webapps/static,AVAILABLE}
2019-10-13 19:17:55,090 [main] INFO  handler.ContextHandler (ContextHandler.java:doStart(781)) - Started o.e.j.w.WebAppContext@769bd849{/,file:///tmp/jetty-0.0.0.0-46090-hddsDatanode-_-any-7361274950654563903.dir/webapp/,AVAILABLE}{/hddsDatanode}
2019-10-13 19:17:55,091 [main] INFO  server.AbstractConnector (AbstractConnector.java:doStart(278)) - Started ServerConnector@101ca8da{HTTP/1.1,[http/1.1]}{0.0.0.0:46090}
2019-10-13 19:17:55,092 [main] INFO  server.Server (Server.java:doStart(419)) - Started @138554ms
2019-10-13 19:17:55,093 [main] WARN  impl.MetricsSystemImpl (MetricsSystemImpl.java:register(276)) - Sink prometheus already exists!
2019-10-13 19:17:55,093 [main] INFO  server.BaseHttpServer (BaseHttpServer.java:updateConnectorAddress(215)) - HTTP server of HDDSDATANODE is listening at http://0.0.0.0:46090
2019-10-13 19:17:55,094 [main] INFO  impl.MetricsSystemImpl (MetricsSystemImpl.java:init(158)) - HddsDatanode metrics system started (again)
2019-10-13 19:17:55,097 [org.apache.hadoop.util.JvmPauseMonitor$Monitor@75e3e162] INFO  util.JvmPauseMonitor (JvmPauseMonitor.java:run(188)) - Starting JVM pause monitor
2019-10-13 19:17:55,098 [main] INFO  ozone.HddsDatanodeService (HddsDatanodeService.java:start(184)) - HddsDatanodeService host:pr-hdds-2267-swqn2-2570148001 ip:192.168.164.216
2019-10-13 19:17:55,100 [Datanode State Machine Thread - 0] INFO  datanode.InitDatanodeState (InitDatanodeState.java:persistContainerDatanodeDetails(140)) - DatanodeDetails is persisted to /workdir/hadoop-ozone/integration-test/target/test-dir/MiniOzoneClusterImpl-5ae201cf-45d6-4939-83ae-09959f8683c2/datanode-0/meta/datanode.id
2019-10-13 19:17:55,105 [main] INFO  volume.HddsVolume (HddsVolume.java:<init>(176)) - Creating Volume: /workdir/hadoop-ozone/integration-test/target/test-dir/MiniOzoneClusterImpl-5ae201cf-45d6-4939-83ae-09959f8683c2/datanode-1/data/containers/hdds of  storage type : DISK and capacity : 1482555576320
2019-10-13 19:17:55,106 [main] INFO  volume.VolumeSet (VolumeSet.java:initializeVolumeSet(170)) - Added Volume : /workdir/hadoop-ozone/integration-test/target/test-dir/MiniOzoneClusterImpl-5ae201cf-45d6-4939-83ae-09959f8683c2/datanode-1/data/containers/hdds to VolumeSet
2019-10-13 19:17:55,106 [main] INFO  volume.ThrottledAsyncChecker (ThrottledAsyncChecker.java:schedule(141)) - Scheduling a check for org.apache.hadoop.ozone.container.common.volume.HddsVolume@de7e193
2019-10-13 19:17:55,107 [main] INFO  volume.HddsVolumeChecker (HddsVolumeChecker.java:checkAllVolumes(204)) - Scheduled health check for volume org.apache.hadoop.ozone.container.common.volume.HddsVolume@de7e193
2019-10-13 19:17:55,119 [main] INFO  impl.RaftServerProxy (ConfUtils.java:logGet(43)) - raft.rpc.type = GRPC (default)
2019-10-13 19:17:55,119 [main] INFO  grpc.GrpcFactory (GrpcFactory.java:checkPooledByteBufAllocatorUseCacheForAllThreads(45)) - PERFORMANCE WARNING: useCacheForAllThreads is true that may cause Netty to create a lot garbage objects and, as a result, trigger GC.
	It is recommended to disable useCacheForAllThreads by setting -Dorg.apache.ratis.thirdparty.io.netty.allocator.useCacheForAllThreads=false in command line.
2019-10-13 19:17:55,119 [main] INFO  grpc.GrpcConfigKeys$Server (ConfUtils.java:logGet(43)) - raft.grpc.server.port = 0 (default)
2019-10-13 19:17:55,119 [main] INFO  server.GrpcService (ConfUtils.java:logGet(43)) - raft.grpc.message.size.max = 33570816 (custom)
2019-10-13 19:17:55,119 [main] INFO  server.RaftServerConfigKeys (ConfUtils.java:logGet(43)) - raft.server.log.appender.buffer.byte-limit = 33554432 (custom)
2019-10-13 19:17:55,119 [main] INFO  server.GrpcService (ConfUtils.java:logGet(43)) - raft.grpc.flow.control.window = 1MB (=1048576) (default)
2019-10-13 19:17:55,120 [main] INFO  server.RaftServerConfigKeys (ConfUtils.java:logGet(43)) - raft.server.rpc.request.timeout = 3000ms (default)
2019-10-13 19:17:55,120 [main] INFO  server.RaftServerConfigKeys (ConfUtils.java:logGet(43)) - raft.server.storage.dir = [/workdir/hadoop-ozone/integration-test/target/test-dir/MiniOzoneClusterImpl-5ae201cf-45d6-4939-83ae-09959f8683c2/datanode-1/data/ratis] (custom)
2019-10-13 19:17:55,121 [main] INFO  hdfs.DFSUtil (DFSUtil.java:httpServerTemplateForNNAndJN(1641)) - Starting Web-server for hddsDatanode at: http://0.0.0.0:0
2019-10-13 19:17:55,123 [main] INFO  server.AuthenticationFilter (AuthenticationFilter.java:constructSecretProvider(240)) - Unable to initialize FileSignerSecretProvider, falling back to use random secrets.
2019-10-13 19:17:55,123 [main] WARN  http.HttpRequestLog (HttpRequestLog.java:getRequestLog(97)) - Jetty request log can only be enabled using Log4j
2019-10-13 19:17:55,124 [main] INFO  http.HttpServer2 (HttpServer2.java:addGlobalFilter(975)) - Added global filter 'safety' (class=org.apache.hadoop.http.HttpServer2$QuotingInputFilter)
2019-10-13 19:17:55,125 [main] INFO  http.HttpServer2 (HttpServer2.java:addFilter(948)) - Added filter static_user_filter (class=org.apache.hadoop.http.lib.StaticUserWebFilter$StaticUserFilter) to context hddsDatanode
2019-10-13 19:17:55,125 [main] INFO  http.HttpServer2 (HttpServer2.java:addFilter(958)) - Added filter static_user_filter (class=org.apache.hadoop.http.lib.StaticUserWebFilter$StaticUserFilter) to context static
2019-10-13 19:17:55,125 [main] INFO  http.HttpServer2 (HttpServer2.java:addFilter(958)) - Added filter static_user_filter (class=org.apache.hadoop.http.lib.StaticUserWebFilter$StaticUserFilter) to context logs
2019-10-13 19:17:55,126 [main] INFO  http.HttpServer2 (HttpServer2.java:bindListener(1191)) - Jetty bound to port 37044
2019-10-13 19:17:55,126 [main] INFO  server.Server (Server.java:doStart(351)) - jetty-9.3.25.v20180904, build timestamp: 2018-09-04T21:11:46Z, git hash: 3ce520221d0240229c862b122d2b06c12a625732
2019-10-13 19:17:55,128 [main] INFO  handler.ContextHandler (ContextHandler.java:doStart(781)) - Started o.e.j.s.ServletContextHandler@467233e4{/logs,file:///workdir/hadoop-ozone/integration-test/target/log,AVAILABLE}
2019-10-13 19:17:55,128 [main] INFO  handler.ContextHandler (ContextHandler.java:doStart(781)) - Started o.e.j.s.ServletContextHandler@6025d790{/static,jar:file:/home/user/.m2/repository/org/apache/hadoop/hadoop-hdds-container-service/0.5.0-SNAPSHOT/hadoop-hdds-container-service-0.5.0-SNAPSHOT.jar!/webapps/static,AVAILABLE}
2019-10-13 19:17:55,158 [main] INFO  handler.ContextHandler (ContextHandler.java:doStart(781)) - Started o.e.j.w.WebAppContext@1da4b3f9{/,file:///tmp/jetty-0.0.0.0-37044-hddsDatanode-_-any-65086679056741800.dir/webapp/,AVAILABLE}{/hddsDatanode}
2019-10-13 19:17:55,158 [main] INFO  server.AbstractConnector (AbstractConnector.java:doStart(278)) - Started ServerConnector@23cbbd07{HTTP/1.1,[http/1.1]}{0.0.0.0:37044}
2019-10-13 19:17:55,159 [main] INFO  server.Server (Server.java:doStart(419)) - Started @138621ms
2019-10-13 19:17:55,159 [main] WARN  impl.MetricsSystemImpl (MetricsSystemImpl.java:register(276)) - Sink prometheus already exists!
2019-10-13 19:17:55,160 [main] INFO  server.BaseHttpServer (BaseHttpServer.java:updateConnectorAddress(215)) - HTTP server of HDDSDATANODE is listening at http://0.0.0.0:37044
2019-10-13 19:17:55,161 [main] INFO  impl.MetricsSystemImpl (MetricsSystemImpl.java:init(158)) - HddsDatanode metrics system started (again)
2019-10-13 19:17:55,163 [org.apache.hadoop.util.JvmPauseMonitor$Monitor@949ce4b] INFO  util.JvmPauseMonitor (JvmPauseMonitor.java:run(188)) - Starting JVM pause monitor
2019-10-13 19:17:55,164 [main] INFO  ozone.HddsDatanodeService (HddsDatanodeService.java:start(184)) - HddsDatanodeService host:pr-hdds-2267-swqn2-2570148001 ip:192.168.164.216
2019-10-13 19:17:55,165 [Datanode State Machine Thread - 0] INFO  datanode.InitDatanodeState (InitDatanodeState.java:persistContainerDatanodeDetails(140)) - DatanodeDetails is persisted to /workdir/hadoop-ozone/integration-test/target/test-dir/MiniOzoneClusterImpl-5ae201cf-45d6-4939-83ae-09959f8683c2/datanode-1/meta/datanode.id
2019-10-13 19:17:55,170 [main] INFO  volume.HddsVolume (HddsVolume.java:<init>(176)) - Creating Volume: /workdir/hadoop-ozone/integration-test/target/test-dir/MiniOzoneClusterImpl-5ae201cf-45d6-4939-83ae-09959f8683c2/datanode-2/data/containers/hdds of  storage type : DISK and capacity : 1482555576320
2019-10-13 19:17:55,170 [main] INFO  volume.VolumeSet (VolumeSet.java:initializeVolumeSet(170)) - Added Volume : /workdir/hadoop-ozone/integration-test/target/test-dir/MiniOzoneClusterImpl-5ae201cf-45d6-4939-83ae-09959f8683c2/datanode-2/data/containers/hdds to VolumeSet
2019-10-13 19:17:55,171 [main] INFO  volume.ThrottledAsyncChecker (ThrottledAsyncChecker.java:schedule(141)) - Scheduling a check for org.apache.hadoop.ozone.container.common.volume.HddsVolume@76e3b45b
2019-10-13 19:17:55,171 [main] INFO  volume.HddsVolumeChecker (HddsVolumeChecker.java:checkAllVolumes(204)) - Scheduled health check for volume org.apache.hadoop.ozone.container.common.volume.HddsVolume@76e3b45b
2019-10-13 19:17:55,187 [main] INFO  impl.RaftServerProxy (ConfUtils.java:logGet(43)) - raft.rpc.type = GRPC (default)
2019-10-13 19:17:55,188 [main] INFO  grpc.GrpcFactory (GrpcFactory.java:checkPooledByteBufAllocatorUseCacheForAllThreads(45)) - PERFORMANCE WARNING: useCacheForAllThreads is true that may cause Netty to create a lot garbage objects and, as a result, trigger GC.
	It is recommended to disable useCacheForAllThreads by setting -Dorg.apache.ratis.thirdparty.io.netty.allocator.useCacheForAllThreads=false in command line.
2019-10-13 19:17:55,188 [main] INFO  grpc.GrpcConfigKeys$Server (ConfUtils.java:logGet(43)) - raft.grpc.server.port = 0 (default)
2019-10-13 19:17:55,188 [main] INFO  server.GrpcService (ConfUtils.java:logGet(43)) - raft.grpc.message.size.max = 33570816 (custom)
2019-10-13 19:17:55,188 [main] INFO  server.RaftServerConfigKeys (ConfUtils.java:logGet(43)) - raft.server.log.appender.buffer.byte-limit = 33554432 (custom)
2019-10-13 19:17:55,189 [main] INFO  server.GrpcService (ConfUtils.java:logGet(43)) - raft.grpc.flow.control.window = 1MB (=1048576) (default)
2019-10-13 19:17:55,189 [main] INFO  server.RaftServerConfigKeys (ConfUtils.java:logGet(43)) - raft.server.rpc.request.timeout = 3000ms (default)
2019-10-13 19:17:55,190 [main] INFO  server.RaftServerConfigKeys (ConfUtils.java:logGet(43)) - raft.server.storage.dir = [/workdir/hadoop-ozone/integration-test/target/test-dir/MiniOzoneClusterImpl-5ae201cf-45d6-4939-83ae-09959f8683c2/datanode-2/data/ratis] (custom)
2019-10-13 19:17:55,191 [main] INFO  hdfs.DFSUtil (DFSUtil.java:httpServerTemplateForNNAndJN(1641)) - Starting Web-server for hddsDatanode at: http://0.0.0.0:0
2019-10-13 19:17:55,192 [main] INFO  server.AuthenticationFilter (AuthenticationFilter.java:constructSecretProvider(240)) - Unable to initialize FileSignerSecretProvider, falling back to use random secrets.
2019-10-13 19:17:55,193 [main] WARN  http.HttpRequestLog (HttpRequestLog.java:getRequestLog(97)) - Jetty request log can only be enabled using Log4j
2019-10-13 19:17:55,194 [main] INFO  http.HttpServer2 (HttpServer2.java:addGlobalFilter(975)) - Added global filter 'safety' (class=org.apache.hadoop.http.HttpServer2$QuotingInputFilter)
2019-10-13 19:17:55,195 [main] INFO  http.HttpServer2 (HttpServer2.java:addFilter(948)) - Added filter static_user_filter (class=org.apache.hadoop.http.lib.StaticUserWebFilter$StaticUserFilter) to context hddsDatanode
2019-10-13 19:17:55,195 [main] INFO  http.HttpServer2 (HttpServer2.java:addFilter(958)) - Added filter static_user_filter (class=org.apache.hadoop.http.lib.StaticUserWebFilter$StaticUserFilter) to context static
2019-10-13 19:17:55,196 [main] INFO  http.HttpServer2 (HttpServer2.java:addFilter(958)) - Added filter static_user_filter (class=org.apache.hadoop.http.lib.StaticUserWebFilter$StaticUserFilter) to context logs
2019-10-13 19:17:55,197 [main] INFO  http.HttpServer2 (HttpServer2.java:bindListener(1191)) - Jetty bound to port 45692
2019-10-13 19:17:55,197 [main] INFO  server.Server (Server.java:doStart(351)) - jetty-9.3.25.v20180904, build timestamp: 2018-09-04T21:11:46Z, git hash: 3ce520221d0240229c862b122d2b06c12a625732
2019-10-13 19:17:55,199 [main] INFO  handler.ContextHandler (ContextHandler.java:doStart(781)) - Started o.e.j.s.ServletContextHandler@388d14e{/logs,file:///workdir/hadoop-ozone/integration-test/target/log,AVAILABLE}
2019-10-13 19:17:55,199 [main] INFO  handler.ContextHandler (ContextHandler.java:doStart(781)) - Started o.e.j.s.ServletContextHandler@59939293{/static,jar:file:/home/user/.m2/repository/org/apache/hadoop/hadoop-hdds-container-service/0.5.0-SNAPSHOT/hadoop-hdds-container-service-0.5.0-SNAPSHOT.jar!/webapps/static,AVAILABLE}
2019-10-13 19:17:55,232 [main] INFO  handler.ContextHandler (ContextHandler.java:doStart(781)) - Started o.e.j.w.WebAppContext@69909c14{/,file:///tmp/jetty-0.0.0.0-45692-hddsDatanode-_-any-8425749223707958797.dir/webapp/,AVAILABLE}{/hddsDatanode}
2019-10-13 19:17:55,232 [main] INFO  server.AbstractConnector (AbstractConnector.java:doStart(278)) - Started ServerConnector@5d3b58ca{HTTP/1.1,[http/1.1]}{0.0.0.0:45692}
2019-10-13 19:17:55,233 [main] INFO  server.Server (Server.java:doStart(419)) - Started @138695ms
2019-10-13 19:17:55,233 [main] WARN  impl.MetricsSystemImpl (MetricsSystemImpl.java:register(276)) - Sink prometheus already exists!
2019-10-13 19:17:55,234 [main] INFO  server.BaseHttpServer (BaseHttpServer.java:updateConnectorAddress(215)) - HTTP server of HDDSDATANODE is listening at http://0.0.0.0:45692
2019-10-13 19:17:55,234 [main] INFO  impl.MetricsSystemImpl (MetricsSystemImpl.java:init(158)) - HddsDatanode metrics system started (again)
2019-10-13 19:17:55,237 [org.apache.hadoop.util.JvmPauseMonitor$Monitor@7e0afa71] INFO  util.JvmPauseMonitor (JvmPauseMonitor.java:run(188)) - Starting JVM pause monitor
2019-10-13 19:17:55,237 [main] INFO  ozone.HddsDatanodeService (HddsDatanodeService.java:start(184)) - HddsDatanodeService host:pr-hdds-2267-swqn2-2570148001 ip:192.168.164.216
2019-10-13 19:17:55,238 [Datanode State Machine Thread - 0] INFO  datanode.InitDatanodeState (InitDatanodeState.java:persistContainerDatanodeDetails(140)) - DatanodeDetails is persisted to /workdir/hadoop-ozone/integration-test/target/test-dir/MiniOzoneClusterImpl-5ae201cf-45d6-4939-83ae-09959f8683c2/datanode-2/meta/datanode.id
2019-10-13 19:17:55,241 [main] INFO  volume.HddsVolume (HddsVolume.java:<init>(176)) - Creating Volume: /workdir/hadoop-ozone/integration-test/target/test-dir/MiniOzoneClusterImpl-5ae201cf-45d6-4939-83ae-09959f8683c2/datanode-3/data/containers/hdds of  storage type : DISK and capacity : 1482555576320
2019-10-13 19:17:55,242 [main] INFO  volume.VolumeSet (VolumeSet.java:initializeVolumeSet(170)) - Added Volume : /workdir/hadoop-ozone/integration-test/target/test-dir/MiniOzoneClusterImpl-5ae201cf-45d6-4939-83ae-09959f8683c2/datanode-3/data/containers/hdds to VolumeSet
2019-10-13 19:17:55,242 [main] INFO  volume.ThrottledAsyncChecker (ThrottledAsyncChecker.java:schedule(141)) - Scheduling a check for org.apache.hadoop.ozone.container.common.volume.HddsVolume@22ad1bae
2019-10-13 19:17:55,242 [main] INFO  volume.HddsVolumeChecker (HddsVolumeChecker.java:checkAllVolumes(204)) - Scheduled health check for volume org.apache.hadoop.ozone.container.common.volume.HddsVolume@22ad1bae
2019-10-13 19:17:55,254 [main] INFO  impl.RaftServerProxy (ConfUtils.java:logGet(43)) - raft.rpc.type = GRPC (default)
2019-10-13 19:17:55,254 [main] INFO  grpc.GrpcFactory (GrpcFactory.java:checkPooledByteBufAllocatorUseCacheForAllThreads(45)) - PERFORMANCE WARNING: useCacheForAllThreads is true that may cause Netty to create a lot garbage objects and, as a result, trigger GC.
	It is recommended to disable useCacheForAllThreads by setting -Dorg.apache.ratis.thirdparty.io.netty.allocator.useCacheForAllThreads=false in command line.
2019-10-13 19:17:55,254 [main] INFO  grpc.GrpcConfigKeys$Server (ConfUtils.java:logGet(43)) - raft.grpc.server.port = 0 (default)
2019-10-13 19:17:55,254 [main] INFO  server.GrpcService (ConfUtils.java:logGet(43)) - raft.grpc.message.size.max = 33570816 (custom)
2019-10-13 19:17:55,254 [main] INFO  server.RaftServerConfigKeys (ConfUtils.java:logGet(43)) - raft.server.log.appender.buffer.byte-limit = 33554432 (custom)
2019-10-13 19:17:55,254 [main] INFO  server.GrpcService (ConfUtils.java:logGet(43)) - raft.grpc.flow.control.window = 1MB (=1048576) (default)
2019-10-13 19:17:55,255 [main] INFO  server.RaftServerConfigKeys (ConfUtils.java:logGet(43)) - raft.server.rpc.request.timeout = 3000ms (default)
2019-10-13 19:17:55,255 [main] INFO  server.RaftServerConfigKeys (ConfUtils.java:logGet(43)) - raft.server.storage.dir = [/workdir/hadoop-ozone/integration-test/target/test-dir/MiniOzoneClusterImpl-5ae201cf-45d6-4939-83ae-09959f8683c2/datanode-3/data/ratis] (custom)
2019-10-13 19:17:55,256 [main] INFO  hdfs.DFSUtil (DFSUtil.java:httpServerTemplateForNNAndJN(1641)) - Starting Web-server for hddsDatanode at: http://0.0.0.0:0
2019-10-13 19:17:55,257 [main] INFO  server.AuthenticationFilter (AuthenticationFilter.java:constructSecretProvider(240)) - Unable to initialize FileSignerSecretProvider, falling back to use random secrets.
2019-10-13 19:17:55,258 [main] WARN  http.HttpRequestLog (HttpRequestLog.java:getRequestLog(97)) - Jetty request log can only be enabled using Log4j
2019-10-13 19:17:55,259 [main] INFO  http.HttpServer2 (HttpServer2.java:addGlobalFilter(975)) - Added global filter 'safety' (class=org.apache.hadoop.http.HttpServer2$QuotingInputFilter)
2019-10-13 19:17:55,259 [main] INFO  http.HttpServer2 (HttpServer2.java:addFilter(948)) - Added filter static_user_filter (class=org.apache.hadoop.http.lib.StaticUserWebFilter$StaticUserFilter) to context hddsDatanode
2019-10-13 19:17:55,259 [main] INFO  http.HttpServer2 (HttpServer2.java:addFilter(958)) - Added filter static_user_filter (class=org.apache.hadoop.http.lib.StaticUserWebFilter$StaticUserFilter) to context logs
2019-10-13 19:17:55,260 [main] INFO  http.HttpServer2 (HttpServer2.java:addFilter(958)) - Added filter static_user_filter (class=org.apache.hadoop.http.lib.StaticUserWebFilter$StaticUserFilter) to context static
2019-10-13 19:17:55,260 [main] INFO  http.HttpServer2 (HttpServer2.java:bindListener(1191)) - Jetty bound to port 44736
2019-10-13 19:17:55,260 [main] INFO  server.Server (Server.java:doStart(351)) - jetty-9.3.25.v20180904, build timestamp: 2018-09-04T21:11:46Z, git hash: 3ce520221d0240229c862b122d2b06c12a625732
2019-10-13 19:17:55,262 [main] INFO  handler.ContextHandler (ContextHandler.java:doStart(781)) - Started o.e.j.s.ServletContextHandler@1b01a0d{/logs,file:///workdir/hadoop-ozone/integration-test/target/log,AVAILABLE}
2019-10-13 19:17:55,262 [main] INFO  handler.ContextHandler (ContextHandler.java:doStart(781)) - Started o.e.j.s.ServletContextHandler@5261ec9{/static,jar:file:/home/user/.m2/repository/org/apache/hadoop/hadoop-hdds-container-service/0.5.0-SNAPSHOT/hadoop-hdds-container-service-0.5.0-SNAPSHOT.jar!/webapps/static,AVAILABLE}
2019-10-13 19:17:55,315 [main] INFO  handler.ContextHandler (ContextHandler.java:doStart(781)) - Started o.e.j.w.WebAppContext@2b148329{/,file:///tmp/jetty-0.0.0.0-44736-hddsDatanode-_-any-6877275115283259758.dir/webapp/,AVAILABLE}{/hddsDatanode}
2019-10-13 19:17:55,316 [main] INFO  server.AbstractConnector (AbstractConnector.java:doStart(278)) - Started ServerConnector@62c72501{HTTP/1.1,[http/1.1]}{0.0.0.0:44736}
2019-10-13 19:17:55,317 [main] INFO  server.Server (Server.java:doStart(419)) - Started @138779ms
2019-10-13 19:17:55,317 [main] WARN  impl.MetricsSystemImpl (MetricsSystemImpl.java:register(276)) - Sink prometheus already exists!
2019-10-13 19:17:55,318 [main] INFO  server.BaseHttpServer (BaseHttpServer.java:updateConnectorAddress(215)) - HTTP server of HDDSDATANODE is listening at http://0.0.0.0:44736
2019-10-13 19:17:55,319 [main] INFO  impl.MetricsSystemImpl (MetricsSystemImpl.java:init(158)) - HddsDatanode metrics system started (again)
2019-10-13 19:17:55,321 [org.apache.hadoop.util.JvmPauseMonitor$Monitor@7807170b] INFO  util.JvmPauseMonitor (JvmPauseMonitor.java:run(188)) - Starting JVM pause monitor
2019-10-13 19:17:55,322 [main] INFO  ozone.HddsDatanodeService (HddsDatanodeService.java:start(184)) - HddsDatanodeService host:pr-hdds-2267-swqn2-2570148001 ip:192.168.164.216
2019-10-13 19:17:55,323 [Datanode State Machine Thread - 0] INFO  datanode.InitDatanodeState (InitDatanodeState.java:persistContainerDatanodeDetails(140)) - DatanodeDetails is persisted to /workdir/hadoop-ozone/integration-test/target/test-dir/MiniOzoneClusterImpl-5ae201cf-45d6-4939-83ae-09959f8683c2/datanode-3/meta/datanode.id
2019-10-13 19:17:55,328 [main] INFO  volume.HddsVolume (HddsVolume.java:<init>(176)) - Creating Volume: /workdir/hadoop-ozone/integration-test/target/test-dir/MiniOzoneClusterImpl-5ae201cf-45d6-4939-83ae-09959f8683c2/datanode-4/data/containers/hdds of  storage type : DISK and capacity : 1482555576320
2019-10-13 19:17:55,329 [main] INFO  volume.VolumeSet (VolumeSet.java:initializeVolumeSet(170)) - Added Volume : /workdir/hadoop-ozone/integration-test/target/test-dir/MiniOzoneClusterImpl-5ae201cf-45d6-4939-83ae-09959f8683c2/datanode-4/data/containers/hdds to VolumeSet
2019-10-13 19:17:55,329 [main] INFO  volume.ThrottledAsyncChecker (ThrottledAsyncChecker.java:schedule(141)) - Scheduling a check for org.apache.hadoop.ozone.container.common.volume.HddsVolume@321ca237
2019-10-13 19:17:55,330 [main] INFO  volume.HddsVolumeChecker (HddsVolumeChecker.java:checkAllVolumes(204)) - Scheduled health check for volume org.apache.hadoop.ozone.container.common.volume.HddsVolume@321ca237
2019-10-13 19:17:55,346 [main] INFO  impl.RaftServerProxy (ConfUtils.java:logGet(43)) - raft.rpc.type = GRPC (default)
2019-10-13 19:17:55,346 [main] INFO  grpc.GrpcFactory (GrpcFactory.java:checkPooledByteBufAllocatorUseCacheForAllThreads(45)) - PERFORMANCE WARNING: useCacheForAllThreads is true that may cause Netty to create a lot garbage objects and, as a result, trigger GC.
	It is recommended to disable useCacheForAllThreads by setting -Dorg.apache.ratis.thirdparty.io.netty.allocator.useCacheForAllThreads=false in command line.
2019-10-13 19:17:55,346 [main] INFO  grpc.GrpcConfigKeys$Server (ConfUtils.java:logGet(43)) - raft.grpc.server.port = 0 (default)
2019-10-13 19:17:55,347 [main] INFO  server.GrpcService (ConfUtils.java:logGet(43)) - raft.grpc.message.size.max = 33570816 (custom)
2019-10-13 19:17:55,347 [main] INFO  server.RaftServerConfigKeys (ConfUtils.java:logGet(43)) - raft.server.log.appender.buffer.byte-limit = 33554432 (custom)
2019-10-13 19:17:55,347 [main] INFO  server.GrpcService (ConfUtils.java:logGet(43)) - raft.grpc.flow.control.window = 1MB (=1048576) (default)
2019-10-13 19:17:55,348 [main] INFO  server.RaftServerConfigKeys (ConfUtils.java:logGet(43)) - raft.server.rpc.request.timeout = 3000ms (default)
2019-10-13 19:17:55,348 [main] INFO  server.RaftServerConfigKeys (ConfUtils.java:logGet(43)) - raft.server.storage.dir = [/workdir/hadoop-ozone/integration-test/target/test-dir/MiniOzoneClusterImpl-5ae201cf-45d6-4939-83ae-09959f8683c2/datanode-4/data/ratis] (custom)
2019-10-13 19:17:55,350 [main] INFO  hdfs.DFSUtil (DFSUtil.java:httpServerTemplateForNNAndJN(1641)) - Starting Web-server for hddsDatanode at: http://0.0.0.0:0
2019-10-13 19:17:55,351 [main] INFO  server.AuthenticationFilter (AuthenticationFilter.java:constructSecretProvider(240)) - Unable to initialize FileSignerSecretProvider, falling back to use random secrets.
2019-10-13 19:17:55,352 [main] WARN  http.HttpRequestLog (HttpRequestLog.java:getRequestLog(97)) - Jetty request log can only be enabled using Log4j
2019-10-13 19:17:55,353 [main] INFO  http.HttpServer2 (HttpServer2.java:addGlobalFilter(975)) - Added global filter 'safety' (class=org.apache.hadoop.http.HttpServer2$QuotingInputFilter)
2019-10-13 19:17:55,354 [main] INFO  http.HttpServer2 (HttpServer2.java:addFilter(948)) - Added filter static_user_filter (class=org.apache.hadoop.http.lib.StaticUserWebFilter$StaticUserFilter) to context hddsDatanode
2019-10-13 19:17:55,354 [main] INFO  http.HttpServer2 (HttpServer2.java:addFilter(958)) - Added filter static_user_filter (class=org.apache.hadoop.http.lib.StaticUserWebFilter$StaticUserFilter) to context static
2019-10-13 19:17:55,355 [main] INFO  http.HttpServer2 (HttpServer2.java:addFilter(958)) - Added filter static_user_filter (class=org.apache.hadoop.http.lib.StaticUserWebFilter$StaticUserFilter) to context logs
2019-10-13 19:17:55,355 [main] INFO  http.HttpServer2 (HttpServer2.java:bindListener(1191)) - Jetty bound to port 37135
2019-10-13 19:17:55,356 [main] INFO  server.Server (Server.java:doStart(351)) - jetty-9.3.25.v20180904, build timestamp: 2018-09-04T21:11:46Z, git hash: 3ce520221d0240229c862b122d2b06c12a625732
2019-10-13 19:17:55,358 [main] INFO  handler.ContextHandler (ContextHandler.java:doStart(781)) - Started o.e.j.s.ServletContextHandler@69aa7d76{/logs,file:///workdir/hadoop-ozone/integration-test/target/log,AVAILABLE}
2019-10-13 19:17:55,358 [main] INFO  handler.ContextHandler (ContextHandler.java:doStart(781)) - Started o.e.j.s.ServletContextHandler@f1266c6{/static,jar:file:/home/user/.m2/repository/org/apache/hadoop/hadoop-hdds-container-service/0.5.0-SNAPSHOT/hadoop-hdds-container-service-0.5.0-SNAPSHOT.jar!/webapps/static,AVAILABLE}
2019-10-13 19:17:55,390 [main] INFO  handler.ContextHandler (ContextHandler.java:doStart(781)) - Started o.e.j.w.WebAppContext@71b6172c{/,file:///tmp/jetty-0.0.0.0-37135-hddsDatanode-_-any-936756731646096595.dir/webapp/,AVAILABLE}{/hddsDatanode}
2019-10-13 19:17:55,390 [main] INFO  server.AbstractConnector (AbstractConnector.java:doStart(278)) - Started ServerConnector@58aa10f4{HTTP/1.1,[http/1.1]}{0.0.0.0:37135}
2019-10-13 19:17:55,392 [main] INFO  server.Server (Server.java:doStart(419)) - Started @138854ms
2019-10-13 19:17:55,392 [main] WARN  impl.MetricsSystemImpl (MetricsSystemImpl.java:register(276)) - Sink prometheus already exists!
2019-10-13 19:17:55,393 [main] INFO  server.BaseHttpServer (BaseHttpServer.java:updateConnectorAddress(215)) - HTTP server of HDDSDATANODE is listening at http://0.0.0.0:37135
2019-10-13 19:17:55,393 [main] INFO  impl.MetricsSystemImpl (MetricsSystemImpl.java:init(158)) - HddsDatanode metrics system started (again)
2019-10-13 19:17:55,398 [org.apache.hadoop.util.JvmPauseMonitor$Monitor@308f38e5] INFO  util.JvmPauseMonitor (JvmPauseMonitor.java:run(188)) - Starting JVM pause monitor
2019-10-13 19:17:55,399 [main] INFO  ozone.HddsDatanodeService (HddsDatanodeService.java:start(184)) - HddsDatanodeService host:pr-hdds-2267-swqn2-2570148001 ip:192.168.164.216
2019-10-13 19:17:55,400 [Datanode State Machine Thread - 0] INFO  datanode.InitDatanodeState (InitDatanodeState.java:persistContainerDatanodeDetails(140)) - DatanodeDetails is persisted to /workdir/hadoop-ozone/integration-test/target/test-dir/MiniOzoneClusterImpl-5ae201cf-45d6-4939-83ae-09959f8683c2/datanode-4/meta/datanode.id
2019-10-13 19:17:55,407 [main] INFO  volume.HddsVolume (HddsVolume.java:<init>(176)) - Creating Volume: /workdir/hadoop-ozone/integration-test/target/test-dir/MiniOzoneClusterImpl-5ae201cf-45d6-4939-83ae-09959f8683c2/datanode-5/data/containers/hdds of  storage type : DISK and capacity : 1482555576320
2019-10-13 19:17:55,407 [main] INFO  volume.VolumeSet (VolumeSet.java:initializeVolumeSet(170)) - Added Volume : /workdir/hadoop-ozone/integration-test/target/test-dir/MiniOzoneClusterImpl-5ae201cf-45d6-4939-83ae-09959f8683c2/datanode-5/data/containers/hdds to VolumeSet
2019-10-13 19:17:55,407 [main] INFO  volume.ThrottledAsyncChecker (ThrottledAsyncChecker.java:schedule(141)) - Scheduling a check for org.apache.hadoop.ozone.container.common.volume.HddsVolume@1b482cbf
2019-10-13 19:17:55,408 [main] INFO  volume.HddsVolumeChecker (HddsVolumeChecker.java:checkAllVolumes(204)) - Scheduled health check for volume org.apache.hadoop.ozone.container.common.volume.HddsVolume@1b482cbf
2019-10-13 19:17:55,428 [main] INFO  impl.RaftServerProxy (ConfUtils.java:logGet(43)) - raft.rpc.type = GRPC (default)
2019-10-13 19:17:55,428 [main] INFO  grpc.GrpcFactory (GrpcFactory.java:checkPooledByteBufAllocatorUseCacheForAllThreads(45)) - PERFORMANCE WARNING: useCacheForAllThreads is true that may cause Netty to create a lot garbage objects and, as a result, trigger GC.
	It is recommended to disable useCacheForAllThreads by setting -Dorg.apache.ratis.thirdparty.io.netty.allocator.useCacheForAllThreads=false in command line.
2019-10-13 19:17:55,428 [main] INFO  grpc.GrpcConfigKeys$Server (ConfUtils.java:logGet(43)) - raft.grpc.server.port = 0 (default)
2019-10-13 19:17:55,428 [main] INFO  server.GrpcService (ConfUtils.java:logGet(43)) - raft.grpc.message.size.max = 33570816 (custom)
2019-10-13 19:17:55,429 [main] INFO  server.RaftServerConfigKeys (ConfUtils.java:logGet(43)) - raft.server.log.appender.buffer.byte-limit = 33554432 (custom)
2019-10-13 19:17:55,429 [main] INFO  server.GrpcService (ConfUtils.java:logGet(43)) - raft.grpc.flow.control.window = 1MB (=1048576) (default)
2019-10-13 19:17:55,429 [main] INFO  server.RaftServerConfigKeys (ConfUtils.java:logGet(43)) - raft.server.rpc.request.timeout = 3000ms (default)
2019-10-13 19:17:55,430 [main] INFO  server.RaftServerConfigKeys (ConfUtils.java:logGet(43)) - raft.server.storage.dir = [/workdir/hadoop-ozone/integration-test/target/test-dir/MiniOzoneClusterImpl-5ae201cf-45d6-4939-83ae-09959f8683c2/datanode-5/data/ratis] (custom)
2019-10-13 19:17:55,433 [main] INFO  hdfs.DFSUtil (DFSUtil.java:httpServerTemplateForNNAndJN(1641)) - Starting Web-server for hddsDatanode at: http://0.0.0.0:0
2019-10-13 19:17:55,438 [main] INFO  server.AuthenticationFilter (AuthenticationFilter.java:constructSecretProvider(240)) - Unable to initialize FileSignerSecretProvider, falling back to use random secrets.
2019-10-13 19:17:55,439 [main] WARN  http.HttpRequestLog (HttpRequestLog.java:getRequestLog(97)) - Jetty request log can only be enabled using Log4j
2019-10-13 19:17:55,440 [main] INFO  http.HttpServer2 (HttpServer2.java:addGlobalFilter(975)) - Added global filter 'safety' (class=org.apache.hadoop.http.HttpServer2$QuotingInputFilter)
2019-10-13 19:17:55,441 [main] INFO  http.HttpServer2 (HttpServer2.java:addFilter(948)) - Added filter static_user_filter (class=org.apache.hadoop.http.lib.StaticUserWebFilter$StaticUserFilter) to context hddsDatanode
2019-10-13 19:17:55,441 [main] INFO  http.HttpServer2 (HttpServer2.java:addFilter(958)) - Added filter static_user_filter (class=org.apache.hadoop.http.lib.StaticUserWebFilter$StaticUserFilter) to context logs
2019-10-13 19:17:55,442 [main] INFO  http.HttpServer2 (HttpServer2.java:addFilter(958)) - Added filter static_user_filter (class=org.apache.hadoop.http.lib.StaticUserWebFilter$StaticUserFilter) to context static
2019-10-13 19:17:55,442 [main] INFO  http.HttpServer2 (HttpServer2.java:bindListener(1191)) - Jetty bound to port 37167
2019-10-13 19:17:55,443 [main] INFO  server.Server (Server.java:doStart(351)) - jetty-9.3.25.v20180904, build timestamp: 2018-09-04T21:11:46Z, git hash: 3ce520221d0240229c862b122d2b06c12a625732
2019-10-13 19:17:55,445 [main] INFO  handler.ContextHandler (ContextHandler.java:doStart(781)) - Started o.e.j.s.ServletContextHandler@5426cb36{/logs,file:///workdir/hadoop-ozone/integration-test/target/log,AVAILABLE}
2019-10-13 19:17:55,445 [main] INFO  handler.ContextHandler (ContextHandler.java:doStart(781)) - Started o.e.j.s.ServletContextHandler@4b1ec694{/static,jar:file:/home/user/.m2/repository/org/apache/hadoop/hadoop-hdds-container-service/0.5.0-SNAPSHOT/hadoop-hdds-container-service-0.5.0-SNAPSHOT.jar!/webapps/static,AVAILABLE}
2019-10-13 19:17:55,487 [main] INFO  handler.ContextHandler (ContextHandler.java:doStart(781)) - Started o.e.j.w.WebAppContext@29f38091{/,file:///tmp/jetty-0.0.0.0-37167-hddsDatanode-_-any-7643481787699166757.dir/webapp/,AVAILABLE}{/hddsDatanode}
2019-10-13 19:17:55,487 [main] INFO  server.AbstractConnector (AbstractConnector.java:doStart(278)) - Started ServerConnector@161dd92a{HTTP/1.1,[http/1.1]}{0.0.0.0:37167}
2019-10-13 19:17:55,493 [main] INFO  server.Server (Server.java:doStart(419)) - Started @138955ms
2019-10-13 19:17:55,493 [main] WARN  impl.MetricsSystemImpl (MetricsSystemImpl.java:register(276)) - Sink prometheus already exists!
2019-10-13 19:17:55,494 [main] INFO  server.BaseHttpServer (BaseHttpServer.java:updateConnectorAddress(215)) - HTTP server of HDDSDATANODE is listening at http://0.0.0.0:37167
2019-10-13 19:17:55,495 [main] INFO  ozone.MiniOzoneClusterImpl (MiniOzoneClusterImpl.java:lambda$waitForClusterToBeReady$0(147)) - Waiting for cluster to be ready. Got 0 of 6 DN Heartbeats.
2019-10-13 19:17:55,496 [org.apache.hadoop.util.JvmPauseMonitor$Monitor@3e792325] INFO  util.JvmPauseMonitor (JvmPauseMonitor.java:run(188)) - Starting JVM pause monitor
2019-10-13 19:17:55,498 [Datanode State Machine Thread - 0] INFO  datanode.InitDatanodeState (InitDatanodeState.java:persistContainerDatanodeDetails(140)) - DatanodeDetails is persisted to /workdir/hadoop-ozone/integration-test/target/test-dir/MiniOzoneClusterImpl-5ae201cf-45d6-4939-83ae-09959f8683c2/datanode-5/meta/datanode.id
2019-10-13 19:17:56,495 [main] INFO  ozone.MiniOzoneClusterImpl (MiniOzoneClusterImpl.java:lambda$waitForClusterToBeReady$0(147)) - Waiting for cluster to be ready. Got 0 of 6 DN Heartbeats.
2019-10-13 19:17:57,255 [Datanode State Machine Thread - 0] INFO  ozoneimpl.OzoneContainer (OzoneContainer.java:start(213)) - Attempting to start container services.
2019-10-13 19:17:57,255 [Datanode State Machine Thread - 0] INFO  ozoneimpl.OzoneContainer (OzoneContainer.java:start(213)) - Attempting to start container services.
2019-10-13 19:17:57,255 [Datanode State Machine Thread - 0] INFO  ozoneimpl.OzoneContainer (OzoneContainer.java:startContainerScrub(177)) - Background container scanner has been disabled.
2019-10-13 19:17:57,255 [Datanode State Machine Thread - 0] INFO  ratis.XceiverServerRatis (XceiverServerRatis.java:start(418)) - Starting XceiverServerRatis c30b1c71-811a-476d-9d0f-46fc3df139c8 at port 0
2019-10-13 19:17:57,255 [Datanode State Machine Thread - 0] INFO  ozoneimpl.OzoneContainer (OzoneContainer.java:startContainerScrub(177)) - Background container scanner has been disabled.
2019-10-13 19:17:57,256 [Datanode State Machine Thread - 0] INFO  ratis.XceiverServerRatis (XceiverServerRatis.java:start(418)) - Starting XceiverServerRatis 0b5b5475-dbb4-4eed-99bc-54244b1ff5ca at port 0
2019-10-13 19:17:57,256 [Datanode State Machine Thread - 0] INFO  ozoneimpl.OzoneContainer (OzoneContainer.java:start(213)) - Attempting to start container services.
2019-10-13 19:17:57,257 [Datanode State Machine Thread - 0] INFO  ozoneimpl.OzoneContainer (OzoneContainer.java:startContainerScrub(177)) - Background container scanner has been disabled.
2019-10-13 19:17:57,257 [Datanode State Machine Thread - 0] INFO  ratis.XceiverServerRatis (XceiverServerRatis.java:start(418)) - Starting XceiverServerRatis c437c1ca-c67f-4b29-855c-667c89f336c2 at port 0
2019-10-13 19:17:57,270 [Datanode State Machine Thread - 0] INFO  impl.RaftServerProxy (RaftServerProxy.java:lambda$start$3(299)) - c30b1c71-811a-476d-9d0f-46fc3df139c8: start RPC server
2019-10-13 19:17:57,273 [Datanode State Machine Thread - 0] INFO  impl.RaftServerProxy (RaftServerProxy.java:lambda$start$3(299)) - 0b5b5475-dbb4-4eed-99bc-54244b1ff5ca: start RPC server
2019-10-13 19:17:57,273 [Datanode State Machine Thread - 0] INFO  server.GrpcService (GrpcService.java:startImpl(158)) - c30b1c71-811a-476d-9d0f-46fc3df139c8: GrpcService started, listening on 0.0.0.0/0.0.0.0:43747
2019-10-13 19:17:57,274 [Datanode State Machine Thread - 0] INFO  ratis.XceiverServerRatis (XceiverServerRatis.java:start(428)) - XceiverServerRatis c30b1c71-811a-476d-9d0f-46fc3df139c8 is started using port 43747
2019-10-13 19:17:57,274 [Datanode State Machine Thread - 0] INFO  server.XceiverServerGrpc (XceiverServerGrpc.java:start(149)) - XceiverServerGrpc c30b1c71-811a-476d-9d0f-46fc3df139c8 is started using port 45527
2019-10-13 19:17:57,274 [Datanode State Machine Thread - 0] INFO  impl.RaftServerProxy (RaftServerProxy.java:lambda$start$3(299)) - c437c1ca-c67f-4b29-855c-667c89f336c2: start RPC server
2019-10-13 19:17:57,274 [Datanode State Machine Thread - 0] INFO  server.GrpcService (GrpcService.java:startImpl(158)) - 0b5b5475-dbb4-4eed-99bc-54244b1ff5ca: GrpcService started, listening on 0.0.0.0/0.0.0.0:41504
2019-10-13 19:17:57,275 [Datanode State Machine Thread - 0] INFO  ratis.XceiverServerRatis (XceiverServerRatis.java:start(428)) - XceiverServerRatis 0b5b5475-dbb4-4eed-99bc-54244b1ff5ca is started using port 41504
2019-10-13 19:17:57,277 [Datanode State Machine Thread - 0] INFO  server.GrpcService (GrpcService.java:startImpl(158)) - c437c1ca-c67f-4b29-855c-667c89f336c2: GrpcService started, listening on 0.0.0.0/0.0.0.0:34659
2019-10-13 19:17:57,278 [Datanode State Machine Thread - 0] INFO  ratis.XceiverServerRatis (XceiverServerRatis.java:start(428)) - XceiverServerRatis c437c1ca-c67f-4b29-855c-667c89f336c2 is started using port 34659
2019-10-13 19:17:57,279 [Datanode State Machine Thread - 0] INFO  server.XceiverServerGrpc (XceiverServerGrpc.java:start(149)) - XceiverServerGrpc 0b5b5475-dbb4-4eed-99bc-54244b1ff5ca is started using port 42045
2019-10-13 19:17:57,279 [Datanode State Machine Thread - 0] INFO  server.XceiverServerGrpc (XceiverServerGrpc.java:start(149)) - XceiverServerGrpc c437c1ca-c67f-4b29-855c-667c89f336c2 is started using port 34039
2019-10-13 19:17:57,360 [Datanode State Machine Thread - 0] INFO  ozoneimpl.OzoneContainer (OzoneContainer.java:start(213)) - Attempting to start container services.
2019-10-13 19:17:57,361 [Datanode State Machine Thread - 0] INFO  ozoneimpl.OzoneContainer (OzoneContainer.java:startContainerScrub(177)) - Background container scanner has been disabled.
2019-10-13 19:17:57,361 [Datanode State Machine Thread - 0] INFO  ratis.XceiverServerRatis (XceiverServerRatis.java:start(418)) - Starting XceiverServerRatis ddfdedce-c710-4912-afcf-4ed84d1277de at port 0
2019-10-13 19:17:57,366 [Datanode State Machine Thread - 0] INFO  impl.RaftServerProxy (RaftServerProxy.java:lambda$start$3(299)) - ddfdedce-c710-4912-afcf-4ed84d1277de: start RPC server
2019-10-13 19:17:57,369 [Datanode State Machine Thread - 0] INFO  server.GrpcService (GrpcService.java:startImpl(158)) - ddfdedce-c710-4912-afcf-4ed84d1277de: GrpcService started, listening on 0.0.0.0/0.0.0.0:38163
2019-10-13 19:17:57,369 [Datanode State Machine Thread - 0] INFO  ratis.XceiverServerRatis (XceiverServerRatis.java:start(428)) - XceiverServerRatis ddfdedce-c710-4912-afcf-4ed84d1277de is started using port 38163
2019-10-13 19:17:57,370 [Datanode State Machine Thread - 0] INFO  server.XceiverServerGrpc (XceiverServerGrpc.java:start(149)) - XceiverServerGrpc ddfdedce-c710-4912-afcf-4ed84d1277de is started using port 37922
2019-10-13 19:17:57,419 [Datanode State Machine Thread - 0] INFO  ozoneimpl.OzoneContainer (OzoneContainer.java:start(213)) - Attempting to start container services.
2019-10-13 19:17:57,421 [Datanode State Machine Thread - 0] INFO  ozoneimpl.OzoneContainer (OzoneContainer.java:startContainerScrub(177)) - Background container scanner has been disabled.
2019-10-13 19:17:57,421 [Datanode State Machine Thread - 0] INFO  ratis.XceiverServerRatis (XceiverServerRatis.java:start(418)) - Starting XceiverServerRatis bbe13b93-5d26-4624-8bd1-300ffbf132fa at port 0
2019-10-13 19:17:57,428 [Datanode State Machine Thread - 0] INFO  impl.RaftServerProxy (RaftServerProxy.java:lambda$start$3(299)) - bbe13b93-5d26-4624-8bd1-300ffbf132fa: start RPC server
2019-10-13 19:17:57,430 [Datanode State Machine Thread - 0] INFO  server.GrpcService (GrpcService.java:startImpl(158)) - bbe13b93-5d26-4624-8bd1-300ffbf132fa: GrpcService started, listening on 0.0.0.0/0.0.0.0:40251
2019-10-13 19:17:57,430 [Datanode State Machine Thread - 0] INFO  ratis.XceiverServerRatis (XceiverServerRatis.java:start(428)) - XceiverServerRatis bbe13b93-5d26-4624-8bd1-300ffbf132fa is started using port 40251
2019-10-13 19:17:57,430 [Datanode State Machine Thread - 0] INFO  server.XceiverServerGrpc (XceiverServerGrpc.java:start(149)) - XceiverServerGrpc bbe13b93-5d26-4624-8bd1-300ffbf132fa is started using port 41193
2019-10-13 19:17:57,496 [main] INFO  ozone.MiniOzoneClusterImpl (MiniOzoneClusterImpl.java:lambda$waitForClusterToBeReady$0(147)) - Waiting for cluster to be ready. Got 0 of 6 DN Heartbeats.
2019-10-13 19:17:57,544 [Datanode State Machine Thread - 0] INFO  ozoneimpl.OzoneContainer (OzoneContainer.java:start(213)) - Attempting to start container services.
2019-10-13 19:17:57,546 [Datanode State Machine Thread - 0] INFO  ozoneimpl.OzoneContainer (OzoneContainer.java:startContainerScrub(177)) - Background container scanner has been disabled.
2019-10-13 19:17:57,546 [Datanode State Machine Thread - 0] INFO  ratis.XceiverServerRatis (XceiverServerRatis.java:start(418)) - Starting XceiverServerRatis 8b1af7ae-6f9e-4f7c-b807-4ee17c912dc1 at port 0
2019-10-13 19:17:57,551 [Datanode State Machine Thread - 0] INFO  impl.RaftServerProxy (RaftServerProxy.java:lambda$start$3(299)) - 8b1af7ae-6f9e-4f7c-b807-4ee17c912dc1: start RPC server
2019-10-13 19:17:57,554 [Datanode State Machine Thread - 0] INFO  server.GrpcService (GrpcService.java:startImpl(158)) - 8b1af7ae-6f9e-4f7c-b807-4ee17c912dc1: GrpcService started, listening on 0.0.0.0/0.0.0.0:37112
2019-10-13 19:17:57,554 [Datanode State Machine Thread - 0] INFO  ratis.XceiverServerRatis (XceiverServerRatis.java:start(428)) - XceiverServerRatis 8b1af7ae-6f9e-4f7c-b807-4ee17c912dc1 is started using port 37112
2019-10-13 19:17:57,554 [Datanode State Machine Thread - 0] INFO  server.XceiverServerGrpc (XceiverServerGrpc.java:start(149)) - XceiverServerGrpc 8b1af7ae-6f9e-4f7c-b807-4ee17c912dc1 is started using port 39541
2019-10-13 19:17:58,496 [main] INFO  ozone.MiniOzoneClusterImpl (MiniOzoneClusterImpl.java:lambda$waitForClusterToBeReady$0(147)) - Waiting for cluster to be ready. Got 0 of 6 DN Heartbeats.
2019-10-13 19:17:59,106 [IPC Server handler 4 on 37287] INFO  net.NetworkTopology (NetworkTopologyImpl.java:add(111)) - Added a new node: /default-rack/0b5b5475-dbb4-4eed-99bc-54244b1ff5ca
2019-10-13 19:17:59,110 [IPC Server handler 4 on 37287] INFO  node.SCMNodeManager (SCMNodeManager.java:register(268)) - Registered Data node : 0b5b5475-dbb4-4eed-99bc-54244b1ff5ca{ip: 192.168.164.216, host: pr-hdds-2267-swqn2-2570148001, networkLocation: /default-rack, certSerialId: null}
2019-10-13 19:17:59,111 [EventQueue-NodeRegistrationContainerReportForDataNodeSafeModeRule] INFO  safemode.SCMSafeModeManager (DataNodeSafeModeRule.java:process(71)) - SCM in safe mode. 1 DataNodes registered, 1 required.
2019-10-13 19:17:59,114 [EventQueue-NodeRegistrationContainerReportForDataNodeSafeModeRule] INFO  safemode.SCMSafeModeManager (SCMSafeModeManager.java:validateSafeModeExitRules(177)) - ScmSafeModeManager, all rules are successfully validated
2019-10-13 19:17:59,114 [EventQueue-NodeRegistrationContainerReportForDataNodeSafeModeRule] INFO  safemode.SCMSafeModeManager (SCMSafeModeManager.java:exitSafeMode(193)) - SCM exiting safe mode.
2019-10-13 19:17:59,129 [grpc-default-executor-1] INFO  impl.RaftServerProxy (RaftServerProxy.java:addNew(89)) - 0b5b5475-dbb4-4eed-99bc-54244b1ff5ca: addNew group-518C19EE299C:[0b5b5475-dbb4-4eed-99bc-54244b1ff5ca:192.168.164.216:41504] returns group-518C19EE299C:java.util.concurrent.CompletableFuture@77cc33f9[Not completed]
2019-10-13 19:17:59,134 [pool-153-thread-1] INFO  impl.RaftServerImpl (RaftServerImpl.java:<init>(95)) - 0b5b5475-dbb4-4eed-99bc-54244b1ff5ca: new RaftServerImpl for group-518C19EE299C:[0b5b5475-dbb4-4eed-99bc-54244b1ff5ca:192.168.164.216:41504] with ContainerStateMachine:uninitialized
2019-10-13 19:17:59,134 [pool-153-thread-1] INFO  server.RaftServerConfigKeys (ConfUtils.java:logGet(43)) - raft.server.rpc.timeout.min = 1s (custom)
2019-10-13 19:17:59,134 [pool-153-thread-1] INFO  server.RaftServerConfigKeys (ConfUtils.java:logGet(43)) - raft.server.rpc.timeout.max = 1200ms (custom)
2019-10-13 19:17:59,135 [pool-153-thread-1] INFO  server.RaftServerConfigKeys (ConfUtils.java:logGet(43)) - raft.server.rpcslowness.timeout = 120s (custom)
2019-10-13 19:17:59,135 [pool-153-thread-1] INFO  server.RaftServerConfigKeys (ConfUtils.java:logGet(43)) - raft.server.sleep.deviation.threshold = 300 (default)
2019-10-13 19:17:59,135 [pool-153-thread-1] INFO  server.RaftServerConfigKeys (ConfUtils.java:logGet(43)) - raft.server.log.appender.install.snapshot.enabled = false (custom)
2019-10-13 19:17:59,135 [pool-153-thread-1] INFO  impl.RaftServerImpl (ServerState.java:<init>(103)) - 0b5b5475-dbb4-4eed-99bc-54244b1ff5ca@group-518C19EE299C: ConfigurationManager, init=-1: [0b5b5475-dbb4-4eed-99bc-54244b1ff5ca:192.168.164.216:41504], old=null, confs=<EMPTY_MAP>
2019-10-13 19:17:59,136 [pool-153-thread-1] INFO  server.RaftServerConfigKeys (ConfUtils.java:logGet(43)) - raft.server.storage.dir = [/workdir/hadoop-ozone/integration-test/target/test-dir/MiniOzoneClusterImpl-5ae201cf-45d6-4939-83ae-09959f8683c2/datanode-0/data/ratis] (custom)
2019-10-13 19:17:59,136 [pool-153-thread-1] INFO  server.RaftServerConfigKeys (ConfUtils.java:logGet(43)) - raft.server.log.corruption.policy = EXCEPTION (default)
2019-10-13 19:17:59,137 [pool-153-thread-1] INFO  storage.RaftStorageDirectory (RaftStorageDirectory.java:analyzeStorage(246)) - The storage directory /workdir/hadoop-ozone/integration-test/target/test-dir/MiniOzoneClusterImpl-5ae201cf-45d6-4939-83ae-09959f8683c2/datanode-0/data/ratis/d529a9ce-2027-4d94-9f75-518c19ee299c does not exist. Creating ...
2019-10-13 19:17:59,164 [IPC Server handler 5 on 37287] INFO  net.NetworkTopology (NetworkTopologyImpl.java:add(111)) - Added a new node: /default-rack/c30b1c71-811a-476d-9d0f-46fc3df139c8
2019-10-13 19:17:59,164 [IPC Server handler 5 on 37287] INFO  node.SCMNodeManager (SCMNodeManager.java:register(268)) - Registered Data node : c30b1c71-811a-476d-9d0f-46fc3df139c8{ip: 192.168.164.216, host: pr-hdds-2267-swqn2-2570148001, networkLocation: /default-rack, certSerialId: null}
2019-10-13 19:17:59,239 [IPC Server handler 0 on 37287] INFO  net.NetworkTopology (NetworkTopologyImpl.java:add(111)) - Added a new node: /default-rack/c437c1ca-c67f-4b29-855c-667c89f336c2
2019-10-13 19:17:59,239 [IPC Server handler 0 on 37287] INFO  node.SCMNodeManager (SCMNodeManager.java:register(268)) - Registered Data node : c437c1ca-c67f-4b29-855c-667c89f336c2{ip: 192.168.164.216, host: pr-hdds-2267-swqn2-2570148001, networkLocation: /default-rack, certSerialId: null}
2019-10-13 19:17:59,322 [IPC Server handler 1 on 37287] INFO  net.NetworkTopology (NetworkTopologyImpl.java:add(111)) - Added a new node: /default-rack/ddfdedce-c710-4912-afcf-4ed84d1277de
2019-10-13 19:17:59,323 [IPC Server handler 1 on 37287] INFO  node.SCMNodeManager (SCMNodeManager.java:register(268)) - Registered Data node : ddfdedce-c710-4912-afcf-4ed84d1277de{ip: 192.168.164.216, host: pr-hdds-2267-swqn2-2570148001, networkLocation: /default-rack, certSerialId: null}
2019-10-13 19:17:59,400 [IPC Server handler 2 on 37287] INFO  net.NetworkTopology (NetworkTopologyImpl.java:add(111)) - Added a new node: /default-rack/bbe13b93-5d26-4624-8bd1-300ffbf132fa
2019-10-13 19:17:59,401 [IPC Server handler 2 on 37287] INFO  node.SCMNodeManager (SCMNodeManager.java:register(268)) - Registered Data node : bbe13b93-5d26-4624-8bd1-300ffbf132fa{ip: 192.168.164.216, host: pr-hdds-2267-swqn2-2570148001, networkLocation: /default-rack, certSerialId: null}
2019-10-13 19:17:59,497 [main] INFO  ozone.MiniOzoneClusterImpl (MiniOzoneClusterImpl.java:lambda$waitForClusterToBeReady$0(147)) - Waiting for cluster to be ready. Got 5 of 6 DN Heartbeats.
2019-10-13 19:17:59,497 [IPC Server handler 4 on 37287] INFO  net.NetworkTopology (NetworkTopologyImpl.java:add(111)) - Added a new node: /default-rack/8b1af7ae-6f9e-4f7c-b807-4ee17c912dc1
2019-10-13 19:17:59,497 [IPC Server handler 4 on 37287] INFO  node.SCMNodeManager (SCMNodeManager.java:register(268)) - Registered Data node : 8b1af7ae-6f9e-4f7c-b807-4ee17c912dc1{ip: 192.168.164.216, host: pr-hdds-2267-swqn2-2570148001, networkLocation: /default-rack, certSerialId: null}
2019-10-13 19:18:00,108 [pool-153-thread-1] INFO  storage.RaftStorageDirectory (RaftStorageDirectory.java:tryLock(328)) - Lock on /workdir/hadoop-ozone/integration-test/target/test-dir/MiniOzoneClusterImpl-5ae201cf-45d6-4939-83ae-09959f8683c2/datanode-0/data/ratis/d529a9ce-2027-4d94-9f75-518c19ee299c/in_use.lock acquired by nodename 29684@pr-hdds-2267-swqn2-2570148001
2019-10-13 19:18:00,324 [pool-153-thread-1] INFO  storage.RaftStorage (RaftStorage.java:format(84)) - Storage directory /workdir/hadoop-ozone/integration-test/target/test-dir/MiniOzoneClusterImpl-5ae201cf-45d6-4939-83ae-09959f8683c2/datanode-0/data/ratis/d529a9ce-2027-4d94-9f75-518c19ee299c has been successfully formatted.
2019-10-13 19:18:00,324 [pool-153-thread-1] INFO  ratis.ContainerStateMachine (ContainerStateMachine.java:loadSnapshot(231)) - group-518C19EE299C: The snapshot info is null. Setting the last applied indexto:(t:0, i:~)
2019-10-13 19:18:00,325 [pool-153-thread-1] INFO  server.RaftServerConfigKeys (ConfUtils.java:logGet(43)) - raft.server.notification.no-leader.timeout = 120s (custom)
2019-10-13 19:18:00,325 [pool-153-thread-1] INFO  server.RaftServerConfigKeys (ConfUtils.java:logGet(43)) - raft.server.log.use.memory = false (default)
2019-10-13 19:18:00,325 [pool-153-thread-1] INFO  server.RaftServerConfigKeys (ConfUtils.java:logGet(43)) - raft.server.log.purge.gap = 1000000 (custom)
2019-10-13 19:18:00,325 [pool-153-thread-1] INFO  server.RaftServerConfigKeys (ConfUtils.java:logGet(43)) - raft.server.log.appender.buffer.byte-limit = 33554432 (custom)
2019-10-13 19:18:00,325 [pool-153-thread-1] INFO  server.RaftServerConfigKeys (ConfUtils.java:logGet(43)) - raft.server.log.segment.size.max = 1048576 (custom)
2019-10-13 19:18:00,329 [pool-153-thread-1] INFO  server.RaftServerConfigKeys (ConfUtils.java:logGet(43)) - raft.server.log.segment.cache.num.max = 2 (custom)
2019-10-13 19:18:00,329 [pool-153-thread-1] INFO  segmented.SegmentedRaftLogWorker (SegmentedRaftLogWorker.java:<init>(173)) - new 0b5b5475-dbb4-4eed-99bc-54244b1ff5ca@group-518C19EE299C-SegmentedRaftLogWorker for RaftStorage:Storage Directory /workdir/hadoop-ozone/integration-test/target/test-dir/MiniOzoneClusterImpl-5ae201cf-45d6-4939-83ae-09959f8683c2/datanode-0/data/ratis/d529a9ce-2027-4d94-9f75-518c19ee299c
2019-10-13 19:18:00,329 [pool-153-thread-1] INFO  server.RaftServerConfigKeys (ConfUtils.java:logGet(43)) - raft.server.log.queue.byte-limit = 2147483647 (custom)
2019-10-13 19:18:00,329 [pool-153-thread-1] INFO  server.RaftServerConfigKeys (ConfUtils.java:logGet(43)) - raft.server.log.queue.element-limit = 1024 (custom)
2019-10-13 19:18:00,330 [pool-153-thread-1] INFO  server.RaftServerConfigKeys (ConfUtils.java:logGet(43)) - raft.server.log.segment.size.max = 1048576 (custom)
2019-10-13 19:18:00,330 [pool-153-thread-1] INFO  server.RaftServerConfigKeys (ConfUtils.java:logGet(43)) - raft.server.log.preallocated.size = 16384 (custom)
2019-10-13 19:18:00,330 [pool-153-thread-1] INFO  server.RaftServerConfigKeys (ConfUtils.java:logGet(43)) - raft.server.log.write.buffer.size = 33554432 (custom)
2019-10-13 19:18:00,330 [pool-153-thread-1] INFO  server.RaftServerConfigKeys (ConfUtils.java:logGet(43)) - raft.server.log.force.sync.num = 128 (default)
2019-10-13 19:18:00,330 [pool-153-thread-1] INFO  server.RaftServerConfigKeys (ConfUtils.java:logGet(43)) - raft.server.log.statemachine.data.sync = true (default)
2019-10-13 19:18:00,330 [pool-153-thread-1] INFO  server.RaftServerConfigKeys (ConfUtils.java:logGet(43)) - raft.server.log.statemachine.data.sync.timeout = 10s (default)
2019-10-13 19:18:00,330 [pool-153-thread-1] INFO  server.RaftServerConfigKeys (ConfUtils.java:logGet(43)) - raft.server.log.statemachine.data.sync.timeout.retry = -1 (default)
2019-10-13 19:18:00,331 [pool-153-thread-1] INFO  server.RaftServerConfigKeys (ConfUtils.java:logGet(43)) - raft.server.log.statemachine.data.caching.enabled = true (custom)
2019-10-13 19:18:00,331 [pool-153-thread-1] INFO  segmented.SegmentedRaftLogWorker (SegmentedRaftLogWorker.java:lambda$new$0(128)) - 0b5b5475-dbb4-4eed-99bc-54244b1ff5ca@group-518C19EE299C-SegmentedRaftLogWorker: flushIndex: setUnconditionally 0 -> -1
2019-10-13 19:18:00,332 [pool-153-thread-1] INFO  server.RaftServerConfigKeys (ConfUtils.java:logGet(43)) - raft.server.snapshot.auto.trigger.enabled = true (custom)
2019-10-13 19:18:00,332 [pool-153-thread-1] INFO  server.RaftServerConfigKeys (ConfUtils.java:logGet(43)) - raft.server.snapshot.auto.trigger.threshold = 10000 (custom)
2019-10-13 19:18:00,332 [pool-153-thread-1] INFO  server.RaftServerConfigKeys (ConfUtils.java:logGet(43)) - raft.server.snapshot.retention.file.num = 5 (custom)
2019-10-13 19:18:00,332 [pool-153-thread-1] INFO  server.RaftServerConfigKeys (ConfUtils.java:logGet(43)) - raft.server.retrycache.expirytime = 600000ms (custom)
2019-10-13 19:18:00,335 [pool-153-thread-1] INFO  impl.RaftServerImpl (RaftServerImpl.java:start(181)) - 0b5b5475-dbb4-4eed-99bc-54244b1ff5ca@group-518C19EE299C: start as a follower, conf=-1: [0b5b5475-dbb4-4eed-99bc-54244b1ff5ca:192.168.164.216:41504], old=null
2019-10-13 19:18:00,335 [pool-153-thread-1] INFO  impl.RaftServerImpl (RaftServerImpl.java:setRole(170)) - 0b5b5475-dbb4-4eed-99bc-54244b1ff5ca@group-518C19EE299C: changes role from      null to FOLLOWER at term 0 for startAsFollower
2019-10-13 19:18:00,335 [pool-153-thread-1] INFO  impl.RoleInfo (RoleInfo.java:updateAndGet(143)) - 0b5b5475-dbb4-4eed-99bc-54244b1ff5ca: start FollowerState
2019-10-13 19:18:00,345 [pool-153-thread-1] INFO  util.JmxRegister (JmxRegister.java:tryRegister(44)) - Successfully registered JMX Bean with object name Ratis:service=RaftServer,group=group-518C19EE299C,id=0b5b5475-dbb4-4eed-99bc-54244b1ff5ca
2019-10-13 19:18:00,361 [RatisPipelineUtilsThread] INFO  pipeline.PipelineStateManager (PipelineStateManager.java:addPipeline(56)) - Created pipeline Pipeline[ Id: d529a9ce-2027-4d94-9f75-518c19ee299c, Nodes: 0b5b5475-dbb4-4eed-99bc-54244b1ff5ca{ip: 192.168.164.216, host: pr-hdds-2267-swqn2-2570148001, networkLocation: /default-rack, certSerialId: null}, Type:RATIS, Factor:ONE, State:OPEN]
2019-10-13 19:18:00,372 [grpc-default-executor-1] INFO  impl.RaftServerProxy (RaftServerProxy.java:addNew(89)) - 8b1af7ae-6f9e-4f7c-b807-4ee17c912dc1: addNew group-274E4C631BC6:[8b1af7ae-6f9e-4f7c-b807-4ee17c912dc1:192.168.164.216:37112] returns group-274E4C631BC6:java.util.concurrent.CompletableFuture@2a369e52[Not completed]
2019-10-13 19:18:00,373 [pool-203-thread-1] INFO  impl.RaftServerImpl (RaftServerImpl.java:<init>(95)) - 8b1af7ae-6f9e-4f7c-b807-4ee17c912dc1: new RaftServerImpl for group-274E4C631BC6:[8b1af7ae-6f9e-4f7c-b807-4ee17c912dc1:192.168.164.216:37112] with ContainerStateMachine:uninitialized
2019-10-13 19:18:00,373 [pool-203-thread-1] INFO  server.RaftServerConfigKeys (ConfUtils.java:logGet(43)) - raft.server.rpc.timeout.min = 1s (custom)
2019-10-13 19:18:00,373 [pool-203-thread-1] INFO  server.RaftServerConfigKeys (ConfUtils.java:logGet(43)) - raft.server.rpc.timeout.max = 1200ms (custom)
2019-10-13 19:18:00,373 [pool-203-thread-1] INFO  server.RaftServerConfigKeys (ConfUtils.java:logGet(43)) - raft.server.rpcslowness.timeout = 120s (custom)
2019-10-13 19:18:00,374 [pool-203-thread-1] INFO  server.RaftServerConfigKeys (ConfUtils.java:logGet(43)) - raft.server.sleep.deviation.threshold = 300 (default)
2019-10-13 19:18:00,374 [pool-203-thread-1] INFO  server.RaftServerConfigKeys (ConfUtils.java:logGet(43)) - raft.server.log.appender.install.snapshot.enabled = false (custom)
2019-10-13 19:18:00,374 [pool-203-thread-1] INFO  impl.RaftServerImpl (ServerState.java:<init>(103)) - 8b1af7ae-6f9e-4f7c-b807-4ee17c912dc1@group-274E4C631BC6: ConfigurationManager, init=-1: [8b1af7ae-6f9e-4f7c-b807-4ee17c912dc1:192.168.164.216:37112], old=null, confs=<EMPTY_MAP>
2019-10-13 19:18:00,374 [pool-203-thread-1] INFO  server.RaftServerConfigKeys (ConfUtils.java:logGet(43)) - raft.server.storage.dir = [/workdir/hadoop-ozone/integration-test/target/test-dir/MiniOzoneClusterImpl-5ae201cf-45d6-4939-83ae-09959f8683c2/datanode-5/data/ratis] (custom)
2019-10-13 19:18:00,374 [pool-203-thread-1] INFO  server.RaftServerConfigKeys (ConfUtils.java:logGet(43)) - raft.server.log.corruption.policy = EXCEPTION (default)
2019-10-13 19:18:00,374 [pool-203-thread-1] INFO  storage.RaftStorageDirectory (RaftStorageDirectory.java:analyzeStorage(246)) - The storage directory /workdir/hadoop-ozone/integration-test/target/test-dir/MiniOzoneClusterImpl-5ae201cf-45d6-4939-83ae-09959f8683c2/datanode-5/data/ratis/ba9c61ff-250e-464c-a95b-274e4c631bc6 does not exist. Creating ...
2019-10-13 19:18:00,497 [main] INFO  ozone.MiniOzoneClusterImpl (MiniOzoneClusterImpl.java:lambda$waitForClusterToBeReady$0(147)) - Cluster is ready. Got 6 of 6 DN Heartbeats.
2019-10-13 19:18:00,539 [main] INFO  rpc.RpcClient (RpcClient.java:createVolume(272)) - Creating Volume: datanodefailurehandlingtest, with jenkins1000 as owner.
2019-10-13 19:18:00,544 [IPC Server handler 1 on 44360] INFO  volume.OMVolumeCreateRequest (OMVolumeCreateRequest.java:validateAndUpdateCache(193)) - created volume:datanodefailurehandlingtest for user:jenkins1000
2019-10-13 19:18:00,557 [main] INFO  rpc.RpcClient (RpcClient.java:createBucket(411)) - Creating Bucket: datanodefailurehandlingtest/datanodefailurehandlingtest, with Versioning false and Storage Type set to DISK and Encryption set to false 
2019-10-13 19:18:01,418 [Thread-1308] INFO  impl.FollowerState (FollowerState.java:run(108)) - 0b5b5475-dbb4-4eed-99bc-54244b1ff5ca@group-518C19EE299C-FollowerState: change to CANDIDATE, lastRpcTime:1082ms, electionTimeout:1082ms
2019-10-13 19:18:01,419 [Thread-1308] INFO  impl.RoleInfo (RoleInfo.java:shutdownFollowerState(121)) - 0b5b5475-dbb4-4eed-99bc-54244b1ff5ca: shutdown FollowerState
2019-10-13 19:18:01,419 [Thread-1308] INFO  impl.RaftServerImpl (RaftServerImpl.java:setRole(170)) - 0b5b5475-dbb4-4eed-99bc-54244b1ff5ca@group-518C19EE299C: changes role from  FOLLOWER to CANDIDATE at term 0 for changeToCandidate
2019-10-13 19:18:01,419 [Thread-1308] INFO  impl.RoleInfo (RoleInfo.java:updateAndGet(143)) - 0b5b5475-dbb4-4eed-99bc-54244b1ff5ca: start LeaderElection
2019-10-13 19:18:02,045 [pool-203-thread-1] INFO  storage.RaftStorageDirectory (RaftStorageDirectory.java:tryLock(328)) - Lock on /workdir/hadoop-ozone/integration-test/target/test-dir/MiniOzoneClusterImpl-5ae201cf-45d6-4939-83ae-09959f8683c2/datanode-5/data/ratis/ba9c61ff-250e-464c-a95b-274e4c631bc6/in_use.lock acquired by nodename 29684@pr-hdds-2267-swqn2-2570148001
2019-10-13 19:18:02,116 [Thread-1306] INFO  container.ReplicationManager (ReplicationManager.java:start(162)) - Starting Replication Monitor Thread.
2019-10-13 19:18:02,120 [ReplicationMonitor] INFO  container.ReplicationManager (ReplicationManager.java:run(225)) - Replication Monitor Thread took 0 milliseconds for processing 0 containers.
2019-10-13 19:18:02,913 [0b5b5475-dbb4-4eed-99bc-54244b1ff5ca@group-518C19EE299C-LeaderElection22] INFO  impl.LeaderElection (LeaderElection.java:askForVotes(178)) - 0b5b5475-dbb4-4eed-99bc-54244b1ff5ca@group-518C19EE299C-LeaderElection22: begin an election at term 1 for -1: [0b5b5475-dbb4-4eed-99bc-54244b1ff5ca:192.168.164.216:41504], old=null
2019-10-13 19:18:02,913 [0b5b5475-dbb4-4eed-99bc-54244b1ff5ca@group-518C19EE299C-LeaderElection22] INFO  impl.RoleInfo (RoleInfo.java:shutdownLeaderElection(134)) - 0b5b5475-dbb4-4eed-99bc-54244b1ff5ca: shutdown LeaderElection
2019-10-13 19:18:02,914 [0b5b5475-dbb4-4eed-99bc-54244b1ff5ca@group-518C19EE299C-LeaderElection22] INFO  impl.RaftServerImpl (RaftServerImpl.java:setRole(170)) - 0b5b5475-dbb4-4eed-99bc-54244b1ff5ca@group-518C19EE299C: changes role from CANDIDATE to LEADER at term 1 for changeToLeader
2019-10-13 19:18:02,914 [0b5b5475-dbb4-4eed-99bc-54244b1ff5ca@group-518C19EE299C-LeaderElection22] INFO  impl.RaftServerImpl (ServerState.java:setLeader(255)) - 0b5b5475-dbb4-4eed-99bc-54244b1ff5ca@group-518C19EE299C: change Leader from null to 0b5b5475-dbb4-4eed-99bc-54244b1ff5ca at term 1 for becomeLeader, leader elected after 2589ms
2019-10-13 19:18:02,914 [0b5b5475-dbb4-4eed-99bc-54244b1ff5ca@group-518C19EE299C-LeaderElection22] INFO  server.RaftServerConfigKeys (ConfUtils.java:logGet(43)) - raft.server.staging.catchup.gap = 1000 (default)
2019-10-13 19:18:02,914 [0b5b5475-dbb4-4eed-99bc-54244b1ff5ca@group-518C19EE299C-LeaderElection22] INFO  server.RaftServerConfigKeys (ConfUtils.java:logGet(43)) - raft.server.rpc.sleep.time = 25ms (default)
2019-10-13 19:18:02,915 [0b5b5475-dbb4-4eed-99bc-54244b1ff5ca@group-518C19EE299C-LeaderElection22] INFO  server.RaftServerConfigKeys (ConfUtils.java:logGet(43)) - raft.server.write.element-limit = 4096 (default)
2019-10-13 19:18:02,915 [0b5b5475-dbb4-4eed-99bc-54244b1ff5ca@group-518C19EE299C-LeaderElection22] INFO  server.RaftServerConfigKeys (ConfUtils.java:logGet(43)) - raft.server.watch.timeout = 10s (default)
2019-10-13 19:18:02,915 [0b5b5475-dbb4-4eed-99bc-54244b1ff5ca@group-518C19EE299C-LeaderElection22] INFO  server.RaftServerConfigKeys (ConfUtils.java:logGet(43)) - raft.server.watch.timeout.denomination = 1s (default)
2019-10-13 19:18:02,915 [0b5b5475-dbb4-4eed-99bc-54244b1ff5ca@group-518C19EE299C-LeaderElection22] INFO  server.RaftServerConfigKeys (ConfUtils.java:logGet(43)) - raft.server.watch.element-limit = 65536 (default)
2019-10-13 19:18:02,918 [0b5b5475-dbb4-4eed-99bc-54244b1ff5ca@group-518C19EE299C-LeaderElection22] INFO  impl.RoleInfo (RoleInfo.java:updateAndGet(143)) - 0b5b5475-dbb4-4eed-99bc-54244b1ff5ca: start LeaderState
2019-10-13 19:18:02,919 [0b5b5475-dbb4-4eed-99bc-54244b1ff5ca@group-518C19EE299C-LeaderElection22] INFO  segmented.SegmentedRaftLogWorker (SegmentedRaftLogWorker.java:startLogSegment(385)) - 0b5b5475-dbb4-4eed-99bc-54244b1ff5ca@group-518C19EE299C-SegmentedRaftLogWorker: Starting segment from index:0
2019-10-13 19:18:02,920 [0b5b5475-dbb4-4eed-99bc-54244b1ff5ca@group-518C19EE299C-LeaderElection22] INFO  impl.RaftServerImpl (ServerState.java:setRaftConf(356)) - 0b5b5475-dbb4-4eed-99bc-54244b1ff5ca@group-518C19EE299C: set configuration 0: [0b5b5475-dbb4-4eed-99bc-54244b1ff5ca:192.168.164.216:41504], old=null at 0
2019-10-13 19:18:03,371 [RATISCREATEPIPELINE1] ERROR pipeline.RatisPipelineProvider (RatisPipelineProvider.java:lambda$null$5(237)) - Failed invoke Ratis rpc org.apache.hadoop.hdds.scm.pipeline.RatisPipelineProvider$$Lambda$179/1898110422@34ccaf75 for 8b1af7ae-6f9e-4f7c-b807-4ee17c912dc1
org.apache.ratis.protocol.TimeoutIOException: deadline exceeded after 2999862743ns
	at org.apache.ratis.grpc.GrpcUtil.tryUnwrapException(GrpcUtil.java:82)
	at org.apache.ratis.grpc.GrpcUtil.unwrapException(GrpcUtil.java:75)
	at org.apache.ratis.grpc.client.GrpcClientProtocolClient.blockingCall(GrpcClientProtocolClient.java:184)
	at org.apache.ratis.grpc.client.GrpcClientProtocolClient.groupAdd(GrpcClientProtocolClient.java:153)
	at org.apache.ratis.grpc.client.GrpcClientRpc.sendRequest(GrpcClientRpc.java:94)
	at org.apache.ratis.client.impl.RaftClientImpl.sendRequest(RaftClientImpl.java:278)
	at org.apache.ratis.client.impl.RaftClientImpl.groupAdd(RaftClientImpl.java:205)
	at org.apache.hadoop.hdds.scm.pipeline.RatisPipelineProvider.lambda$initializePipeline$4(RatisPipelineProvider.java:198)
	at org.apache.hadoop.hdds.scm.pipeline.RatisPipelineProvider.lambda$null$5(RatisPipelineProvider.java:233)
	at java.util.stream.ForEachOps$ForEachOp$OfRef.accept(ForEachOps.java:184)
	at java.util.ArrayList$ArrayListSpliterator.forEachRemaining(ArrayList.java:1382)
	at java.util.stream.AbstractPipeline.copyInto(AbstractPipeline.java:482)
	at java.util.stream.ForEachOps$ForEachTask.compute(ForEachOps.java:291)
	at java.util.concurrent.CountedCompleter.exec(CountedCompleter.java:731)
	at java.util.concurrent.ForkJoinTask.doExec(ForkJoinTask.java:289)
	at java.util.concurrent.ForkJoinTask.doInvoke(ForkJoinTask.java:401)
	at java.util.concurrent.ForkJoinTask.invoke(ForkJoinTask.java:734)
	at java.util.stream.ForEachOps$ForEachOp.evaluateParallel(ForEachOps.java:160)
	at java.util.stream.ForEachOps$ForEachOp$OfRef.evaluateParallel(ForEachOps.java:174)
	at java.util.stream.AbstractPipeline.evaluate(AbstractPipeline.java:233)
	at java.util.stream.ReferencePipeline.forEach(ReferencePipeline.java:418)
	at java.util.stream.ReferencePipeline$Head.forEach(ReferencePipeline.java:583)
	at org.apache.hadoop.hdds.scm.pipeline.RatisPipelineProvider.lambda$callRatisRpc$6(RatisPipelineProvider.java:227)
	at java.util.concurrent.ForkJoinTask$AdaptedRunnableAction.exec(ForkJoinTask.java:1386)
	at java.util.concurrent.ForkJoinTask.doExec(ForkJoinTask.java:289)
	at java.util.concurrent.ForkJoinPool$WorkQueue.runTask(ForkJoinPool.java:1056)
	at java.util.concurrent.ForkJoinPool.runWorker(ForkJoinPool.java:1692)
	at java.util.concurrent.ForkJoinWorkerThread.run(ForkJoinWorkerThread.java:157)
Caused by: org.apache.ratis.thirdparty.io.grpc.StatusRuntimeException: DEADLINE_EXCEEDED: deadline exceeded after 2999862743ns
	at org.apache.ratis.thirdparty.io.grpc.stub.ClientCalls.toStatusRuntimeException(ClientCalls.java:233)
	at org.apache.ratis.thirdparty.io.grpc.stub.ClientCalls.getUnchecked(ClientCalls.java:214)
	at org.apache.ratis.thirdparty.io.grpc.stub.ClientCalls.blockingUnaryCall(ClientCalls.java:139)
	at org.apache.ratis.proto.grpc.AdminProtocolServiceGrpc$AdminProtocolServiceBlockingStub.groupManagement(AdminProtocolServiceGrpc.java:274)
	at org.apache.ratis.grpc.client.GrpcClientProtocolClient.lambda$groupAdd$3(GrpcClientProtocolClient.java:155)
	at org.apache.ratis.grpc.client.GrpcClientProtocolClient.blockingCall(GrpcClientProtocolClient.java:182)
	... 25 more
2019-10-13 19:18:03,385 [grpc-default-executor-1] INFO  impl.RaftServerProxy (RaftServerProxy.java:addNew(89)) - bbe13b93-5d26-4624-8bd1-300ffbf132fa: addNew group-F0B08912F089:[bbe13b93-5d26-4624-8bd1-300ffbf132fa:192.168.164.216:40251, c30b1c71-811a-476d-9d0f-46fc3df139c8:192.168.164.216:43747, 8b1af7ae-6f9e-4f7c-b807-4ee17c912dc1:192.168.164.216:37112] returns group-F0B08912F089:java.util.concurrent.CompletableFuture@2732c16b[Not completed]
2019-10-13 19:18:03,387 [grpc-default-executor-2] INFO  impl.RaftServerProxy (RaftServerProxy.java:addNew(89)) - c30b1c71-811a-476d-9d0f-46fc3df139c8: addNew group-F0B08912F089:[bbe13b93-5d26-4624-8bd1-300ffbf132fa:192.168.164.216:40251, c30b1c71-811a-476d-9d0f-46fc3df139c8:192.168.164.216:43747, 8b1af7ae-6f9e-4f7c-b807-4ee17c912dc1:192.168.164.216:37112] returns group-F0B08912F089:java.util.concurrent.CompletableFuture@6db0888b[Not completed]
2019-10-13 19:18:03,387 [grpc-default-executor-5] INFO  impl.RaftServerProxy (RaftServerProxy.java:addNew(89)) - 8b1af7ae-6f9e-4f7c-b807-4ee17c912dc1: addNew group-F0B08912F089:[bbe13b93-5d26-4624-8bd1-300ffbf132fa:192.168.164.216:40251, c30b1c71-811a-476d-9d0f-46fc3df139c8:192.168.164.216:43747, 8b1af7ae-6f9e-4f7c-b807-4ee17c912dc1:192.168.164.216:37112] returns group-F0B08912F089:java.util.concurrent.CompletableFuture@72d027f4[Not completed]
2019-10-13 19:18:03,388 [pool-193-thread-1] INFO  impl.RaftServerImpl (RaftServerImpl.java:<init>(95)) - bbe13b93-5d26-4624-8bd1-300ffbf132fa: new RaftServerImpl for group-F0B08912F089:[bbe13b93-5d26-4624-8bd1-300ffbf132fa:192.168.164.216:40251, c30b1c71-811a-476d-9d0f-46fc3df139c8:192.168.164.216:43747, 8b1af7ae-6f9e-4f7c-b807-4ee17c912dc1:192.168.164.216:37112] with ContainerStateMachine:uninitialized
2019-10-13 19:18:03,388 [pool-193-thread-1] INFO  server.RaftServerConfigKeys (ConfUtils.java:logGet(43)) - raft.server.rpc.timeout.min = 1s (custom)
2019-10-13 19:18:03,389 [pool-193-thread-1] INFO  server.RaftServerConfigKeys (ConfUtils.java:logGet(43)) - raft.server.rpc.timeout.max = 1200ms (custom)
2019-10-13 19:18:03,389 [pool-193-thread-1] INFO  server.RaftServerConfigKeys (ConfUtils.java:logGet(43)) - raft.server.rpcslowness.timeout = 120s (custom)
2019-10-13 19:18:03,389 [pool-163-thread-1] INFO  impl.RaftServerImpl (RaftServerImpl.java:<init>(95)) - c30b1c71-811a-476d-9d0f-46fc3df139c8: new RaftServerImpl for group-F0B08912F089:[bbe13b93-5d26-4624-8bd1-300ffbf132fa:192.168.164.216:40251, c30b1c71-811a-476d-9d0f-46fc3df139c8:192.168.164.216:43747, 8b1af7ae-6f9e-4f7c-b807-4ee17c912dc1:192.168.164.216:37112] with ContainerStateMachine:uninitialized
2019-10-13 19:18:03,389 [pool-193-thread-1] INFO  server.RaftServerConfigKeys (ConfUtils.java:logGet(43)) - raft.server.sleep.deviation.threshold = 300 (default)
2019-10-13 19:18:03,389 [pool-163-thread-1] INFO  server.RaftServerConfigKeys (ConfUtils.java:logGet(43)) - raft.server.rpc.timeout.min = 1s (custom)
2019-10-13 19:18:03,389 [pool-193-thread-1] INFO  server.RaftServerConfigKeys (ConfUtils.java:logGet(43)) - raft.server.log.appender.install.snapshot.enabled = false (custom)
2019-10-13 19:18:03,389 [pool-163-thread-1] INFO  server.RaftServerConfigKeys (ConfUtils.java:logGet(43)) - raft.server.rpc.timeout.max = 1200ms (custom)
2019-10-13 19:18:03,389 [pool-193-thread-1] INFO  impl.RaftServerImpl (ServerState.java:<init>(103)) - bbe13b93-5d26-4624-8bd1-300ffbf132fa@group-F0B08912F089: ConfigurationManager, init=-1: [bbe13b93-5d26-4624-8bd1-300ffbf132fa:192.168.164.216:40251, c30b1c71-811a-476d-9d0f-46fc3df139c8:192.168.164.216:43747, 8b1af7ae-6f9e-4f7c-b807-4ee17c912dc1:192.168.164.216:37112], old=null, confs=<EMPTY_MAP>
2019-10-13 19:18:03,389 [pool-163-thread-1] INFO  server.RaftServerConfigKeys (ConfUtils.java:logGet(43)) - raft.server.rpcslowness.timeout = 120s (custom)
2019-10-13 19:18:03,389 [pool-193-thread-1] INFO  server.RaftServerConfigKeys (ConfUtils.java:logGet(43)) - raft.server.storage.dir = [/workdir/hadoop-ozone/integration-test/target/test-dir/MiniOzoneClusterImpl-5ae201cf-45d6-4939-83ae-09959f8683c2/datanode-4/data/ratis] (custom)
2019-10-13 19:18:03,389 [pool-163-thread-1] INFO  server.RaftServerConfigKeys (ConfUtils.java:logGet(43)) - raft.server.sleep.deviation.threshold = 300 (default)
2019-10-13 19:18:03,389 [pool-163-thread-1] INFO  server.RaftServerConfigKeys (ConfUtils.java:logGet(43)) - raft.server.log.appender.install.snapshot.enabled = false (custom)
2019-10-13 19:18:03,389 [pool-193-thread-1] INFO  server.RaftServerConfigKeys (ConfUtils.java:logGet(43)) - raft.server.log.corruption.policy = EXCEPTION (default)
2019-10-13 19:18:03,389 [pool-163-thread-1] INFO  impl.RaftServerImpl (ServerState.java:<init>(103)) - c30b1c71-811a-476d-9d0f-46fc3df139c8@group-F0B08912F089: ConfigurationManager, init=-1: [bbe13b93-5d26-4624-8bd1-300ffbf132fa:192.168.164.216:40251, c30b1c71-811a-476d-9d0f-46fc3df139c8:192.168.164.216:43747, 8b1af7ae-6f9e-4f7c-b807-4ee17c912dc1:192.168.164.216:37112], old=null, confs=<EMPTY_MAP>
2019-10-13 19:18:03,390 [pool-193-thread-1] INFO  storage.RaftStorageDirectory (RaftStorageDirectory.java:analyzeStorage(246)) - The storage directory /workdir/hadoop-ozone/integration-test/target/test-dir/MiniOzoneClusterImpl-5ae201cf-45d6-4939-83ae-09959f8683c2/datanode-4/data/ratis/935e45af-d2ba-4da0-9b9a-f0b08912f089 does not exist. Creating ...
2019-10-13 19:18:03,390 [pool-163-thread-1] INFO  server.RaftServerConfigKeys (ConfUtils.java:logGet(43)) - raft.server.storage.dir = [/workdir/hadoop-ozone/integration-test/target/test-dir/MiniOzoneClusterImpl-5ae201cf-45d6-4939-83ae-09959f8683c2/datanode-1/data/ratis] (custom)
2019-10-13 19:18:03,390 [pool-163-thread-1] INFO  server.RaftServerConfigKeys (ConfUtils.java:logGet(43)) - raft.server.log.corruption.policy = EXCEPTION (default)
2019-10-13 19:18:03,390 [pool-163-thread-1] INFO  storage.RaftStorageDirectory (RaftStorageDirectory.java:analyzeStorage(246)) - The storage directory /workdir/hadoop-ozone/integration-test/target/test-dir/MiniOzoneClusterImpl-5ae201cf-45d6-4939-83ae-09959f8683c2/datanode-1/data/ratis/935e45af-d2ba-4da0-9b9a-f0b08912f089 does not exist. Creating ...
2019-10-13 19:18:04,356 [pool-203-thread-1] INFO  storage.RaftStorage (RaftStorage.java:format(84)) - Storage directory /workdir/hadoop-ozone/integration-test/target/test-dir/MiniOzoneClusterImpl-5ae201cf-45d6-4939-83ae-09959f8683c2/datanode-5/data/ratis/ba9c61ff-250e-464c-a95b-274e4c631bc6 has been successfully formatted.
2019-10-13 19:18:04,356 [pool-203-thread-1] INFO  ratis.ContainerStateMachine (ContainerStateMachine.java:loadSnapshot(231)) - group-274E4C631BC6: The snapshot info is null. Setting the last applied indexto:(t:0, i:~)
2019-10-13 19:18:04,357 [pool-203-thread-1] INFO  server.RaftServerConfigKeys (ConfUtils.java:logGet(43)) - raft.server.notification.no-leader.timeout = 120s (custom)
2019-10-13 19:18:04,357 [pool-203-thread-1] INFO  server.RaftServerConfigKeys (ConfUtils.java:logGet(43)) - raft.server.log.use.memory = false (default)
2019-10-13 19:18:04,357 [pool-203-thread-1] INFO  server.RaftServerConfigKeys (ConfUtils.java:logGet(43)) - raft.server.log.purge.gap = 1000000 (custom)
2019-10-13 19:18:04,357 [pool-203-thread-1] INFO  server.RaftServerConfigKeys (ConfUtils.java:logGet(43)) - raft.server.log.appender.buffer.byte-limit = 33554432 (custom)
2019-10-13 19:18:04,358 [pool-203-thread-1] INFO  server.RaftServerConfigKeys (ConfUtils.java:logGet(43)) - raft.server.log.segment.size.max = 1048576 (custom)
2019-10-13 19:18:04,360 [pool-203-thread-1] INFO  server.RaftServerConfigKeys (ConfUtils.java:logGet(43)) - raft.server.log.segment.cache.num.max = 2 (custom)
2019-10-13 19:18:04,360 [pool-203-thread-1] INFO  segmented.SegmentedRaftLogWorker (SegmentedRaftLogWorker.java:<init>(173)) - new 8b1af7ae-6f9e-4f7c-b807-4ee17c912dc1@group-274E4C631BC6-SegmentedRaftLogWorker for RaftStorage:Storage Directory /workdir/hadoop-ozone/integration-test/target/test-dir/MiniOzoneClusterImpl-5ae201cf-45d6-4939-83ae-09959f8683c2/datanode-5/data/ratis/ba9c61ff-250e-464c-a95b-274e4c631bc6
2019-10-13 19:18:04,361 [pool-203-thread-1] INFO  server.RaftServerConfigKeys (ConfUtils.java:logGet(43)) - raft.server.log.queue.byte-limit = 2147483647 (custom)
2019-10-13 19:18:04,361 [pool-203-thread-1] INFO  server.RaftServerConfigKeys (ConfUtils.java:logGet(43)) - raft.server.log.queue.element-limit = 1024 (custom)
2019-10-13 19:18:04,361 [pool-203-thread-1] INFO  server.RaftServerConfigKeys (ConfUtils.java:logGet(43)) - raft.server.log.segment.size.max = 1048576 (custom)
2019-10-13 19:18:04,361 [pool-203-thread-1] INFO  server.RaftServerConfigKeys (ConfUtils.java:logGet(43)) - raft.server.log.preallocated.size = 16384 (custom)
2019-10-13 19:18:04,361 [pool-203-thread-1] INFO  server.RaftServerConfigKeys (ConfUtils.java:logGet(43)) - raft.server.log.write.buffer.size = 33554432 (custom)
2019-10-13 19:18:04,361 [pool-203-thread-1] INFO  server.RaftServerConfigKeys (ConfUtils.java:logGet(43)) - raft.server.log.force.sync.num = 128 (default)
2019-10-13 19:18:04,361 [pool-203-thread-1] INFO  server.RaftServerConfigKeys (ConfUtils.java:logGet(43)) - raft.server.log.statemachine.data.sync = true (default)
2019-10-13 19:18:04,361 [pool-203-thread-1] INFO  server.RaftServerConfigKeys (ConfUtils.java:logGet(43)) - raft.server.log.statemachine.data.sync.timeout = 10s (default)
2019-10-13 19:18:04,361 [pool-203-thread-1] INFO  server.RaftServerConfigKeys (ConfUtils.java:logGet(43)) - raft.server.log.statemachine.data.sync.timeout.retry = -1 (default)
2019-10-13 19:18:04,362 [pool-203-thread-1] INFO  server.RaftServerConfigKeys (ConfUtils.java:logGet(43)) - raft.server.log.statemachine.data.caching.enabled = true (custom)
2019-10-13 19:18:04,362 [pool-203-thread-1] INFO  segmented.SegmentedRaftLogWorker (SegmentedRaftLogWorker.java:lambda$new$0(128)) - 8b1af7ae-6f9e-4f7c-b807-4ee17c912dc1@group-274E4C631BC6-SegmentedRaftLogWorker: flushIndex: setUnconditionally 0 -> -1
2019-10-13 19:18:04,363 [pool-203-thread-1] INFO  server.RaftServerConfigKeys (ConfUtils.java:logGet(43)) - raft.server.snapshot.auto.trigger.enabled = true (custom)
2019-10-13 19:18:04,363 [pool-203-thread-1] INFO  server.RaftServerConfigKeys (ConfUtils.java:logGet(43)) - raft.server.snapshot.auto.trigger.threshold = 10000 (custom)
2019-10-13 19:18:04,363 [pool-203-thread-1] INFO  server.RaftServerConfigKeys (ConfUtils.java:logGet(43)) - raft.server.snapshot.retention.file.num = 5 (custom)
2019-10-13 19:18:04,363 [pool-203-thread-1] INFO  server.RaftServerConfigKeys (ConfUtils.java:logGet(43)) - raft.server.retrycache.expirytime = 600000ms (custom)
2019-10-13 19:18:04,366 [pool-203-thread-1] INFO  impl.RaftServerImpl (RaftServerImpl.java:<init>(95)) - 8b1af7ae-6f9e-4f7c-b807-4ee17c912dc1: new RaftServerImpl for group-F0B08912F089:[bbe13b93-5d26-4624-8bd1-300ffbf132fa:192.168.164.216:40251, c30b1c71-811a-476d-9d0f-46fc3df139c8:192.168.164.216:43747, 8b1af7ae-6f9e-4f7c-b807-4ee17c912dc1:192.168.164.216:37112] with ContainerStateMachine:uninitialized
2019-10-13 19:18:04,366 [pool-203-thread-1] INFO  server.RaftServerConfigKeys (ConfUtils.java:logGet(43)) - raft.server.rpc.timeout.min = 1s (custom)
2019-10-13 19:18:04,366 [pool-203-thread-1] INFO  server.RaftServerConfigKeys (ConfUtils.java:logGet(43)) - raft.server.rpc.timeout.max = 1200ms (custom)
2019-10-13 19:18:04,366 [pool-203-thread-1] INFO  server.RaftServerConfigKeys (ConfUtils.java:logGet(43)) - raft.server.rpcslowness.timeout = 120s (custom)
2019-10-13 19:18:04,366 [pool-203-thread-1] INFO  server.RaftServerConfigKeys (ConfUtils.java:logGet(43)) - raft.server.sleep.deviation.threshold = 300 (default)
2019-10-13 19:18:04,366 [pool-203-thread-1] INFO  server.RaftServerConfigKeys (ConfUtils.java:logGet(43)) - raft.server.log.appender.install.snapshot.enabled = false (custom)
2019-10-13 19:18:04,366 [pool-203-thread-1] INFO  impl.RaftServerImpl (ServerState.java:<init>(103)) - 8b1af7ae-6f9e-4f7c-b807-4ee17c912dc1@group-F0B08912F089: ConfigurationManager, init=-1: [bbe13b93-5d26-4624-8bd1-300ffbf132fa:192.168.164.216:40251, c30b1c71-811a-476d-9d0f-46fc3df139c8:192.168.164.216:43747, 8b1af7ae-6f9e-4f7c-b807-4ee17c912dc1:192.168.164.216:37112], old=null, confs=<EMPTY_MAP>
2019-10-13 19:18:04,367 [pool-203-thread-1] INFO  server.RaftServerConfigKeys (ConfUtils.java:logGet(43)) - raft.server.storage.dir = [/workdir/hadoop-ozone/integration-test/target/test-dir/MiniOzoneClusterImpl-5ae201cf-45d6-4939-83ae-09959f8683c2/datanode-5/data/ratis] (custom)
2019-10-13 19:18:04,367 [pool-203-thread-1] INFO  server.RaftServerConfigKeys (ConfUtils.java:logGet(43)) - raft.server.log.corruption.policy = EXCEPTION (default)
2019-10-13 19:18:04,367 [pool-203-thread-1] INFO  storage.RaftStorageDirectory (RaftStorageDirectory.java:analyzeStorage(246)) - The storage directory /workdir/hadoop-ozone/integration-test/target/test-dir/MiniOzoneClusterImpl-5ae201cf-45d6-4939-83ae-09959f8683c2/datanode-5/data/ratis/935e45af-d2ba-4da0-9b9a-f0b08912f089 does not exist. Creating ...
2019-10-13 19:18:04,675 [pool-193-thread-1] INFO  storage.RaftStorageDirectory (RaftStorageDirectory.java:tryLock(328)) - Lock on /workdir/hadoop-ozone/integration-test/target/test-dir/MiniOzoneClusterImpl-5ae201cf-45d6-4939-83ae-09959f8683c2/datanode-4/data/ratis/935e45af-d2ba-4da0-9b9a-f0b08912f089/in_use.lock acquired by nodename 29684@pr-hdds-2267-swqn2-2570148001
2019-10-13 19:18:04,675 [0b5b5475-dbb4-4eed-99bc-54244b1ff5ca@group-518C19EE299C-SegmentedRaftLogWorker] INFO  segmented.SegmentedRaftLogWorker (SegmentedRaftLogWorker.java:execute(574)) - 0b5b5475-dbb4-4eed-99bc-54244b1ff5ca@group-518C19EE299C-SegmentedRaftLogWorker: created new log segment /workdir/hadoop-ozone/integration-test/target/test-dir/MiniOzoneClusterImpl-5ae201cf-45d6-4939-83ae-09959f8683c2/datanode-0/data/ratis/d529a9ce-2027-4d94-9f75-518c19ee299c/current/log_inprogress_0
2019-10-13 19:18:04,675 [pool-163-thread-1] INFO  storage.RaftStorageDirectory (RaftStorageDirectory.java:tryLock(328)) - Lock on /workdir/hadoop-ozone/integration-test/target/test-dir/MiniOzoneClusterImpl-5ae201cf-45d6-4939-83ae-09959f8683c2/datanode-1/data/ratis/935e45af-d2ba-4da0-9b9a-f0b08912f089/in_use.lock acquired by nodename 29684@pr-hdds-2267-swqn2-2570148001
2019-10-13 19:18:06,387 [RATISCREATEPIPELINE1] ERROR pipeline.RatisPipelineProvider (RatisPipelineProvider.java:lambda$null$5(237)) - Failed invoke Ratis rpc org.apache.hadoop.hdds.scm.pipeline.RatisPipelineProvider$$Lambda$179/1898110422@431c962f for bbe13b93-5d26-4624-8bd1-300ffbf132fa
org.apache.ratis.protocol.TimeoutIOException: deadline exceeded after 2999823935ns
	at org.apache.ratis.grpc.GrpcUtil.tryUnwrapException(GrpcUtil.java:82)
	at org.apache.ratis.grpc.GrpcUtil.unwrapException(GrpcUtil.java:75)
	at org.apache.ratis.grpc.client.GrpcClientProtocolClient.blockingCall(GrpcClientProtocolClient.java:184)
	at org.apache.ratis.grpc.client.GrpcClientProtocolClient.groupAdd(GrpcClientProtocolClient.java:153)
	at org.apache.ratis.grpc.client.GrpcClientRpc.sendRequest(GrpcClientRpc.java:94)
	at org.apache.ratis.client.impl.RaftClientImpl.sendRequest(RaftClientImpl.java:278)
	at org.apache.ratis.client.impl.RaftClientImpl.groupAdd(RaftClientImpl.java:205)
	at org.apache.hadoop.hdds.scm.pipeline.RatisPipelineProvider.lambda$initializePipeline$4(RatisPipelineProvider.java:198)
	at org.apache.hadoop.hdds.scm.pipeline.RatisPipelineProvider.lambda$null$5(RatisPipelineProvider.java:233)
	at java.util.stream.ForEachOps$ForEachOp$OfRef.accept(ForEachOps.java:184)
	at java.util.ArrayList$ArrayListSpliterator.forEachRemaining(ArrayList.java:1382)
	at java.util.stream.AbstractPipeline.copyInto(AbstractPipeline.java:482)
	at java.util.stream.ForEachOps$ForEachTask.compute(ForEachOps.java:291)
	at java.util.concurrent.CountedCompleter.exec(CountedCompleter.java:731)
	at java.util.concurrent.ForkJoinTask.doExec(ForkJoinTask.java:289)
	at java.util.concurrent.ForkJoinTask.doInvoke(ForkJoinTask.java:401)
	at java.util.concurrent.ForkJoinTask.invoke(ForkJoinTask.java:734)
	at java.util.stream.ForEachOps$ForEachOp.evaluateParallel(ForEachOps.java:160)
	at java.util.stream.ForEachOps$ForEachOp$OfRef.evaluateParallel(ForEachOps.java:174)
	at java.util.stream.AbstractPipeline.evaluate(AbstractPipeline.java:233)
	at java.util.stream.ReferencePipeline.forEach(ReferencePipeline.java:418)
	at java.util.stream.ReferencePipeline$Head.forEach(ReferencePipeline.java:583)
	at org.apache.hadoop.hdds.scm.pipeline.RatisPipelineProvider.lambda$callRatisRpc$6(RatisPipelineProvider.java:227)
	at java.util.concurrent.ForkJoinTask$AdaptedRunnableAction.exec(ForkJoinTask.java:1386)
	at java.util.concurrent.ForkJoinTask.doExec(ForkJoinTask.java:289)
	at java.util.concurrent.ForkJoinPool$WorkQueue.runTask(ForkJoinPool.java:1056)
	at java.util.concurrent.ForkJoinPool.runWorker(ForkJoinPool.java:1692)
	at java.util.concurrent.ForkJoinWorkerThread.run(ForkJoinWorkerThread.java:157)
Caused by: org.apache.ratis.thirdparty.io.grpc.StatusRuntimeException: DEADLINE_EXCEEDED: deadline exceeded after 2999823935ns
	at org.apache.ratis.thirdparty.io.grpc.stub.ClientCalls.toStatusRuntimeException(ClientCalls.java:233)
	at org.apache.ratis.thirdparty.io.grpc.stub.ClientCalls.getUnchecked(ClientCalls.java:214)
	at org.apache.ratis.thirdparty.io.grpc.stub.ClientCalls.blockingUnaryCall(ClientCalls.java:139)
	at org.apache.ratis.proto.grpc.AdminProtocolServiceGrpc$AdminProtocolServiceBlockingStub.groupManagement(AdminProtocolServiceGrpc.java:274)
	at org.apache.ratis.grpc.client.GrpcClientProtocolClient.lambda$groupAdd$3(GrpcClientProtocolClient.java:155)
	at org.apache.ratis.grpc.client.GrpcClientProtocolClient.blockingCall(GrpcClientProtocolClient.java:182)
	... 25 more
2019-10-13 19:18:06,390 [RATISCREATEPIPELINE3] ERROR pipeline.RatisPipelineProvider (RatisPipelineProvider.java:lambda$null$5(237)) - Failed invoke Ratis rpc org.apache.hadoop.hdds.scm.pipeline.RatisPipelineProvider$$Lambda$179/1898110422@431c962f for c30b1c71-811a-476d-9d0f-46fc3df139c8
org.apache.ratis.protocol.TimeoutIOException: deadline exceeded after 2999911620ns
	at org.apache.ratis.grpc.GrpcUtil.tryUnwrapException(GrpcUtil.java:82)
	at org.apache.ratis.grpc.GrpcUtil.unwrapException(GrpcUtil.java:75)
	at org.apache.ratis.grpc.client.GrpcClientProtocolClient.blockingCall(GrpcClientProtocolClient.java:184)
	at org.apache.ratis.grpc.client.GrpcClientProtocolClient.groupAdd(GrpcClientProtocolClient.java:153)
	at org.apache.ratis.grpc.client.GrpcClientRpc.sendRequest(GrpcClientRpc.java:94)
	at org.apache.ratis.client.impl.RaftClientImpl.sendRequest(RaftClientImpl.java:278)
	at org.apache.ratis.client.impl.RaftClientImpl.groupAdd(RaftClientImpl.java:205)
	at org.apache.hadoop.hdds.scm.pipeline.RatisPipelineProvider.lambda$initializePipeline$4(RatisPipelineProvider.java:198)
	at org.apache.hadoop.hdds.scm.pipeline.RatisPipelineProvider.lambda$null$5(RatisPipelineProvider.java:233)
	at java.util.stream.ForEachOps$ForEachOp$OfRef.accept(ForEachOps.java:184)
	at java.util.ArrayList$ArrayListSpliterator.forEachRemaining(ArrayList.java:1382)
	at java.util.stream.AbstractPipeline.copyInto(AbstractPipeline.java:482)
	at java.util.stream.ForEachOps$ForEachTask.compute(ForEachOps.java:291)
	at java.util.concurrent.CountedCompleter.exec(CountedCompleter.java:731)
	at java.util.concurrent.ForkJoinTask.doExec(ForkJoinTask.java:289)
	at java.util.concurrent.ForkJoinPool$WorkQueue.runTask(ForkJoinPool.java:1056)
	at java.util.concurrent.ForkJoinPool.runWorker(ForkJoinPool.java:1692)
	at java.util.concurrent.ForkJoinWorkerThread.run(ForkJoinWorkerThread.java:157)
Caused by: org.apache.ratis.thirdparty.io.grpc.StatusRuntimeException: DEADLINE_EXCEEDED: deadline exceeded after 2999911620ns
	at org.apache.ratis.thirdparty.io.grpc.stub.ClientCalls.toStatusRuntimeException(ClientCalls.java:233)
	at org.apache.ratis.thirdparty.io.grpc.stub.ClientCalls.getUnchecked(ClientCalls.java:214)
	at org.apache.ratis.thirdparty.io.grpc.stub.ClientCalls.blockingUnaryCall(ClientCalls.java:139)
	at org.apache.ratis.proto.grpc.AdminProtocolServiceGrpc$AdminProtocolServiceBlockingStub.groupManagement(AdminProtocolServiceGrpc.java:274)
	at org.apache.ratis.grpc.client.GrpcClientProtocolClient.lambda$groupAdd$3(GrpcClientProtocolClient.java:155)
	at org.apache.ratis.grpc.client.GrpcClientProtocolClient.blockingCall(GrpcClientProtocolClient.java:182)
	... 15 more
2019-10-13 19:18:06,387 [RATISCREATEPIPELINE2] ERROR pipeline.RatisPipelineProvider (RatisPipelineProvider.java:lambda$null$5(237)) - Failed invoke Ratis rpc org.apache.hadoop.hdds.scm.pipeline.RatisPipelineProvider$$Lambda$179/1898110422@431c962f for 8b1af7ae-6f9e-4f7c-b807-4ee17c912dc1
org.apache.ratis.protocol.TimeoutIOException: deadline exceeded after 2999898040ns
	at org.apache.ratis.grpc.GrpcUtil.tryUnwrapException(GrpcUtil.java:82)
	at org.apache.ratis.grpc.GrpcUtil.unwrapException(GrpcUtil.java:75)
	at org.apache.ratis.grpc.client.GrpcClientProtocolClient.blockingCall(GrpcClientProtocolClient.java:184)
	at org.apache.ratis.grpc.client.GrpcClientProtocolClient.groupAdd(GrpcClientProtocolClient.java:153)
	at org.apache.ratis.grpc.client.GrpcClientRpc.sendRequest(GrpcClientRpc.java:94)
	at org.apache.ratis.client.impl.RaftClientImpl.sendRequest(RaftClientImpl.java:278)
	at org.apache.ratis.client.impl.RaftClientImpl.groupAdd(RaftClientImpl.java:205)
	at org.apache.hadoop.hdds.scm.pipeline.RatisPipelineProvider.lambda$initializePipeline$4(RatisPipelineProvider.java:198)
	at org.apache.hadoop.hdds.scm.pipeline.RatisPipelineProvider.lambda$null$5(RatisPipelineProvider.java:233)
	at java.util.stream.ForEachOps$ForEachOp$OfRef.accept(ForEachOps.java:184)
	at java.util.ArrayList$ArrayListSpliterator.forEachRemaining(ArrayList.java:1382)
	at java.util.stream.AbstractPipeline.copyInto(AbstractPipeline.java:482)
	at java.util.stream.ForEachOps$ForEachTask.compute(ForEachOps.java:291)
	at java.util.concurrent.CountedCompleter.exec(CountedCompleter.java:731)
	at java.util.concurrent.ForkJoinTask.doExec(ForkJoinTask.java:289)
	at java.util.concurrent.ForkJoinPool$WorkQueue.runTask(ForkJoinPool.java:1056)
	at java.util.concurrent.ForkJoinPool.runWorker(ForkJoinPool.java:1692)
	at java.util.concurrent.ForkJoinWorkerThread.run(ForkJoinWorkerThread.java:157)
Caused by: org.apache.ratis.thirdparty.io.grpc.StatusRuntimeException: DEADLINE_EXCEEDED: deadline exceeded after 2999898040ns
	at org.apache.ratis.thirdparty.io.grpc.stub.ClientCalls.toStatusRuntimeException(ClientCalls.java:233)
	at org.apache.ratis.thirdparty.io.grpc.stub.ClientCalls.getUnchecked(ClientCalls.java:214)
	at org.apache.ratis.thirdparty.io.grpc.stub.ClientCalls.blockingUnaryCall(ClientCalls.java:139)
	at org.apache.ratis.proto.grpc.AdminProtocolServiceGrpc$AdminProtocolServiceBlockingStub.groupManagement(AdminProtocolServiceGrpc.java:274)
	at org.apache.ratis.grpc.client.GrpcClientProtocolClient.lambda$groupAdd$3(GrpcClientProtocolClient.java:155)
	at org.apache.ratis.grpc.client.GrpcClientProtocolClient.blockingCall(GrpcClientProtocolClient.java:182)
	... 15 more
2019-10-13 19:18:06,418 [grpc-default-executor-1] INFO  impl.RaftServerProxy (RaftServerProxy.java:addNew(89)) - 8b1af7ae-6f9e-4f7c-b807-4ee17c912dc1: addNew group-060A9D3EAE92:[8b1af7ae-6f9e-4f7c-b807-4ee17c912dc1:192.168.164.216:37112] returns group-060A9D3EAE92:java.util.concurrent.CompletableFuture@1ca6f069[Not completed]
2019-10-13 19:18:06,919 [pool-203-thread-1] INFO  storage.RaftStorageDirectory (RaftStorageDirectory.java:tryLock(328)) - Lock on /workdir/hadoop-ozone/integration-test/target/test-dir/MiniOzoneClusterImpl-5ae201cf-45d6-4939-83ae-09959f8683c2/datanode-5/data/ratis/935e45af-d2ba-4da0-9b9a-f0b08912f089/in_use.lock acquired by nodename 29684@pr-hdds-2267-swqn2-2570148001
2019-10-13 19:18:09,429 [RATISCREATEPIPELINE1] ERROR pipeline.RatisPipelineProvider (RatisPipelineProvider.java:lambda$null$5(237)) - Failed invoke Ratis rpc org.apache.hadoop.hdds.scm.pipeline.RatisPipelineProvider$$Lambda$179/1898110422@767b1147 for 8b1af7ae-6f9e-4f7c-b807-4ee17c912dc1
org.apache.ratis.protocol.TimeoutIOException: deadline exceeded after 2999879424ns
	at org.apache.ratis.grpc.GrpcUtil.tryUnwrapException(GrpcUtil.java:82)
	at org.apache.ratis.grpc.GrpcUtil.unwrapException(GrpcUtil.java:75)
	at org.apache.ratis.grpc.client.GrpcClientProtocolClient.blockingCall(GrpcClientProtocolClient.java:184)
	at org.apache.ratis.grpc.client.GrpcClientProtocolClient.groupAdd(GrpcClientProtocolClient.java:153)
	at org.apache.ratis.grpc.client.GrpcClientRpc.sendRequest(GrpcClientRpc.java:94)
	at org.apache.ratis.client.impl.RaftClientImpl.sendRequest(RaftClientImpl.java:278)
	at org.apache.ratis.client.impl.RaftClientImpl.groupAdd(RaftClientImpl.java:205)
	at org.apache.hadoop.hdds.scm.pipeline.RatisPipelineProvider.lambda$initializePipeline$4(RatisPipelineProvider.java:198)
	at org.apache.hadoop.hdds.scm.pipeline.RatisPipelineProvider.lambda$null$5(RatisPipelineProvider.java:233)
	at java.util.stream.ForEachOps$ForEachOp$OfRef.accept(ForEachOps.java:184)
	at java.util.ArrayList$ArrayListSpliterator.forEachRemaining(ArrayList.java:1382)
	at java.util.stream.AbstractPipeline.copyInto(AbstractPipeline.java:482)
	at java.util.stream.ForEachOps$ForEachTask.compute(ForEachOps.java:291)
	at java.util.concurrent.CountedCompleter.exec(CountedCompleter.java:731)
	at java.util.concurrent.ForkJoinTask.doExec(ForkJoinTask.java:289)
	at java.util.concurrent.ForkJoinTask.doInvoke(ForkJoinTask.java:401)
	at java.util.concurrent.ForkJoinTask.invoke(ForkJoinTask.java:734)
	at java.util.stream.ForEachOps$ForEachOp.evaluateParallel(ForEachOps.java:160)
	at java.util.stream.ForEachOps$ForEachOp$OfRef.evaluateParallel(ForEachOps.java:174)
	at java.util.stream.AbstractPipeline.evaluate(AbstractPipeline.java:233)
	at java.util.stream.ReferencePipeline.forEach(ReferencePipeline.java:418)
	at java.util.stream.ReferencePipeline$Head.forEach(ReferencePipeline.java:583)
	at org.apache.hadoop.hdds.scm.pipeline.RatisPipelineProvider.lambda$callRatisRpc$6(RatisPipelineProvider.java:227)
	at java.util.concurrent.ForkJoinTask$AdaptedRunnableAction.exec(ForkJoinTask.java:1386)
	at java.util.concurrent.ForkJoinTask.doExec(ForkJoinTask.java:289)
	at java.util.concurrent.ForkJoinPool$WorkQueue.runTask(ForkJoinPool.java:1056)
	at java.util.concurrent.ForkJoinPool.runWorker(ForkJoinPool.java:1692)
	at java.util.concurrent.ForkJoinWorkerThread.run(ForkJoinWorkerThread.java:157)
Caused by: org.apache.ratis.thirdparty.io.grpc.StatusRuntimeException: DEADLINE_EXCEEDED: deadline exceeded after 2999879424ns
	at org.apache.ratis.thirdparty.io.grpc.stub.ClientCalls.toStatusRuntimeException(ClientCalls.java:233)
	at org.apache.ratis.thirdparty.io.grpc.stub.ClientCalls.getUnchecked(ClientCalls.java:214)
	at org.apache.ratis.thirdparty.io.grpc.stub.ClientCalls.blockingUnaryCall(ClientCalls.java:139)
	at org.apache.ratis.proto.grpc.AdminProtocolServiceGrpc$AdminProtocolServiceBlockingStub.groupManagement(AdminProtocolServiceGrpc.java:274)
	at org.apache.ratis.grpc.client.GrpcClientProtocolClient.lambda$groupAdd$3(GrpcClientProtocolClient.java:155)
	at org.apache.ratis.grpc.client.GrpcClientProtocolClient.blockingCall(GrpcClientProtocolClient.java:182)
	... 25 more
2019-10-13 19:18:09,441 [grpc-default-executor-1] INFO  impl.RaftServerProxy (RaftServerProxy.java:addNew(89)) - bbe13b93-5d26-4624-8bd1-300ffbf132fa: addNew group-60B5951AFD64:[bbe13b93-5d26-4624-8bd1-300ffbf132fa:192.168.164.216:40251, c30b1c71-811a-476d-9d0f-46fc3df139c8:192.168.164.216:43747, 8b1af7ae-6f9e-4f7c-b807-4ee17c912dc1:192.168.164.216:37112] returns group-60B5951AFD64:java.util.concurrent.CompletableFuture@7f501b39[Not completed]
2019-10-13 19:18:09,441 [grpc-default-executor-2] INFO  impl.RaftServerProxy (RaftServerProxy.java:addNew(89)) - c30b1c71-811a-476d-9d0f-46fc3df139c8: addNew group-60B5951AFD64:[bbe13b93-5d26-4624-8bd1-300ffbf132fa:192.168.164.216:40251, c30b1c71-811a-476d-9d0f-46fc3df139c8:192.168.164.216:43747, 8b1af7ae-6f9e-4f7c-b807-4ee17c912dc1:192.168.164.216:37112] returns group-60B5951AFD64:java.util.concurrent.CompletableFuture@5d9eab07[Not completed]
2019-10-13 19:18:09,441 [grpc-default-executor-5] INFO  impl.RaftServerProxy (RaftServerProxy.java:addNew(89)) - 8b1af7ae-6f9e-4f7c-b807-4ee17c912dc1: addNew group-60B5951AFD64:[bbe13b93-5d26-4624-8bd1-300ffbf132fa:192.168.164.216:40251, c30b1c71-811a-476d-9d0f-46fc3df139c8:192.168.164.216:43747, 8b1af7ae-6f9e-4f7c-b807-4ee17c912dc1:192.168.164.216:37112] returns group-60B5951AFD64:java.util.concurrent.CompletableFuture@689abd3d[Not completed]
2019-10-13 19:18:11,160 [pool-163-thread-1] INFO  storage.RaftStorage (RaftStorage.java:format(84)) - Storage directory /workdir/hadoop-ozone/integration-test/target/test-dir/MiniOzoneClusterImpl-5ae201cf-45d6-4939-83ae-09959f8683c2/datanode-1/data/ratis/935e45af-d2ba-4da0-9b9a-f0b08912f089 has been successfully formatted.
2019-10-13 19:18:11,160 [pool-193-thread-1] INFO  storage.RaftStorage (RaftStorage.java:format(84)) - Storage directory /workdir/hadoop-ozone/integration-test/target/test-dir/MiniOzoneClusterImpl-5ae201cf-45d6-4939-83ae-09959f8683c2/datanode-4/data/ratis/935e45af-d2ba-4da0-9b9a-f0b08912f089 has been successfully formatted.
2019-10-13 19:18:11,161 [pool-163-thread-1] INFO  ratis.ContainerStateMachine (ContainerStateMachine.java:loadSnapshot(231)) - group-F0B08912F089: The snapshot info is null. Setting the last applied indexto:(t:0, i:~)
2019-10-13 19:18:11,161 [pool-193-thread-1] INFO  ratis.ContainerStateMachine (ContainerStateMachine.java:loadSnapshot(231)) - group-F0B08912F089: The snapshot info is null. Setting the last applied indexto:(t:0, i:~)
2019-10-13 19:18:11,162 [pool-163-thread-1] INFO  server.RaftServerConfigKeys (ConfUtils.java:logGet(43)) - raft.server.notification.no-leader.timeout = 120s (custom)
2019-10-13 19:18:11,162 [pool-193-thread-1] INFO  server.RaftServerConfigKeys (ConfUtils.java:logGet(43)) - raft.server.notification.no-leader.timeout = 120s (custom)
2019-10-13 19:18:11,162 [pool-163-thread-1] INFO  server.RaftServerConfigKeys (ConfUtils.java:logGet(43)) - raft.server.log.use.memory = false (default)
2019-10-13 19:18:11,162 [pool-193-thread-1] INFO  server.RaftServerConfigKeys (ConfUtils.java:logGet(43)) - raft.server.log.use.memory = false (default)
2019-10-13 19:18:11,162 [pool-163-thread-1] INFO  server.RaftServerConfigKeys (ConfUtils.java:logGet(43)) - raft.server.log.purge.gap = 1000000 (custom)
2019-10-13 19:18:11,162 [pool-193-thread-1] INFO  server.RaftServerConfigKeys (ConfUtils.java:logGet(43)) - raft.server.log.purge.gap = 1000000 (custom)
2019-10-13 19:18:11,162 [pool-163-thread-1] INFO  server.RaftServerConfigKeys (ConfUtils.java:logGet(43)) - raft.server.log.appender.buffer.byte-limit = 33554432 (custom)
2019-10-13 19:18:11,163 [pool-193-thread-1] INFO  server.RaftServerConfigKeys (ConfUtils.java:logGet(43)) - raft.server.log.appender.buffer.byte-limit = 33554432 (custom)
2019-10-13 19:18:11,163 [pool-163-thread-1] INFO  server.RaftServerConfigKeys (ConfUtils.java:logGet(43)) - raft.server.log.segment.size.max = 1048576 (custom)
2019-10-13 19:18:11,163 [pool-193-thread-1] INFO  server.RaftServerConfigKeys (ConfUtils.java:logGet(43)) - raft.server.log.segment.size.max = 1048576 (custom)
2019-10-13 19:18:11,168 [pool-163-thread-1] INFO  server.RaftServerConfigKeys (ConfUtils.java:logGet(43)) - raft.server.log.segment.cache.num.max = 2 (custom)
2019-10-13 19:18:11,168 [pool-193-thread-1] INFO  server.RaftServerConfigKeys (ConfUtils.java:logGet(43)) - raft.server.log.segment.cache.num.max = 2 (custom)
2019-10-13 19:18:11,168 [pool-163-thread-1] INFO  segmented.SegmentedRaftLogWorker (SegmentedRaftLogWorker.java:<init>(173)) - new c30b1c71-811a-476d-9d0f-46fc3df139c8@group-F0B08912F089-SegmentedRaftLogWorker for RaftStorage:Storage Directory /workdir/hadoop-ozone/integration-test/target/test-dir/MiniOzoneClusterImpl-5ae201cf-45d6-4939-83ae-09959f8683c2/datanode-1/data/ratis/935e45af-d2ba-4da0-9b9a-f0b08912f089
2019-10-13 19:18:11,169 [pool-193-thread-1] INFO  segmented.SegmentedRaftLogWorker (SegmentedRaftLogWorker.java:<init>(173)) - new bbe13b93-5d26-4624-8bd1-300ffbf132fa@group-F0B08912F089-SegmentedRaftLogWorker for RaftStorage:Storage Directory /workdir/hadoop-ozone/integration-test/target/test-dir/MiniOzoneClusterImpl-5ae201cf-45d6-4939-83ae-09959f8683c2/datanode-4/data/ratis/935e45af-d2ba-4da0-9b9a-f0b08912f089
2019-10-13 19:18:11,169 [pool-163-thread-1] INFO  server.RaftServerConfigKeys (ConfUtils.java:logGet(43)) - raft.server.log.queue.byte-limit = 2147483647 (custom)
2019-10-13 19:18:11,169 [pool-193-thread-1] INFO  server.RaftServerConfigKeys (ConfUtils.java:logGet(43)) - raft.server.log.queue.byte-limit = 2147483647 (custom)
2019-10-13 19:18:11,169 [pool-163-thread-1] INFO  server.RaftServerConfigKeys (ConfUtils.java:logGet(43)) - raft.server.log.queue.element-limit = 1024 (custom)
2019-10-13 19:18:11,169 [pool-193-thread-1] INFO  server.RaftServerConfigKeys (ConfUtils.java:logGet(43)) - raft.server.log.queue.element-limit = 1024 (custom)
2019-10-13 19:18:11,169 [pool-163-thread-1] INFO  server.RaftServerConfigKeys (ConfUtils.java:logGet(43)) - raft.server.log.segment.size.max = 1048576 (custom)
2019-10-13 19:18:11,169 [pool-193-thread-1] INFO  server.RaftServerConfigKeys (ConfUtils.java:logGet(43)) - raft.server.log.segment.size.max = 1048576 (custom)
2019-10-13 19:18:11,169 [pool-163-thread-1] INFO  server.RaftServerConfigKeys (ConfUtils.java:logGet(43)) - raft.server.log.preallocated.size = 16384 (custom)
2019-10-13 19:18:11,170 [pool-193-thread-1] INFO  server.RaftServerConfigKeys (ConfUtils.java:logGet(43)) - raft.server.log.preallocated.size = 16384 (custom)
2019-10-13 19:18:11,170 [pool-163-thread-1] INFO  server.RaftServerConfigKeys (ConfUtils.java:logGet(43)) - raft.server.log.write.buffer.size = 33554432 (custom)
2019-10-13 19:18:11,170 [pool-193-thread-1] INFO  server.RaftServerConfigKeys (ConfUtils.java:logGet(43)) - raft.server.log.write.buffer.size = 33554432 (custom)
2019-10-13 19:18:11,170 [pool-163-thread-1] INFO  server.RaftServerConfigKeys (ConfUtils.java:logGet(43)) - raft.server.log.force.sync.num = 128 (default)
2019-10-13 19:18:11,170 [pool-193-thread-1] INFO  server.RaftServerConfigKeys (ConfUtils.java:logGet(43)) - raft.server.log.force.sync.num = 128 (default)
2019-10-13 19:18:11,170 [pool-163-thread-1] INFO  server.RaftServerConfigKeys (ConfUtils.java:logGet(43)) - raft.server.log.statemachine.data.sync = true (default)
2019-10-13 19:18:11,170 [pool-193-thread-1] INFO  server.RaftServerConfigKeys (ConfUtils.java:logGet(43)) - raft.server.log.statemachine.data.sync = true (default)
2019-10-13 19:18:11,171 [pool-163-thread-1] INFO  server.RaftServerConfigKeys (ConfUtils.java:logGet(43)) - raft.server.log.statemachine.data.sync.timeout = 10s (default)
2019-10-13 19:18:11,171 [pool-193-thread-1] INFO  server.RaftServerConfigKeys (ConfUtils.java:logGet(43)) - raft.server.log.statemachine.data.sync.timeout = 10s (default)
2019-10-13 19:18:11,171 [pool-163-thread-1] INFO  server.RaftServerConfigKeys (ConfUtils.java:logGet(43)) - raft.server.log.statemachine.data.sync.timeout.retry = -1 (default)
2019-10-13 19:18:11,171 [pool-193-thread-1] INFO  server.RaftServerConfigKeys (ConfUtils.java:logGet(43)) - raft.server.log.statemachine.data.sync.timeout.retry = -1 (default)
2019-10-13 19:18:11,171 [pool-193-thread-1] INFO  server.RaftServerConfigKeys (ConfUtils.java:logGet(43)) - raft.server.log.statemachine.data.caching.enabled = true (custom)
2019-10-13 19:18:11,172 [pool-163-thread-1] INFO  server.RaftServerConfigKeys (ConfUtils.java:logGet(43)) - raft.server.log.statemachine.data.caching.enabled = true (custom)
2019-10-13 19:18:11,172 [pool-193-thread-1] INFO  segmented.SegmentedRaftLogWorker (SegmentedRaftLogWorker.java:lambda$new$0(128)) - bbe13b93-5d26-4624-8bd1-300ffbf132fa@group-F0B08912F089-SegmentedRaftLogWorker: flushIndex: setUnconditionally 0 -> -1
2019-10-13 19:18:11,172 [pool-163-thread-1] INFO  segmented.SegmentedRaftLogWorker (SegmentedRaftLogWorker.java:lambda$new$0(128)) - c30b1c71-811a-476d-9d0f-46fc3df139c8@group-F0B08912F089-SegmentedRaftLogWorker: flushIndex: setUnconditionally 0 -> -1
2019-10-13 19:18:11,172 [pool-193-thread-1] INFO  server.RaftServerConfigKeys (ConfUtils.java:logGet(43)) - raft.server.snapshot.auto.trigger.enabled = true (custom)
2019-10-13 19:18:11,172 [pool-163-thread-1] INFO  server.RaftServerConfigKeys (ConfUtils.java:logGet(43)) - raft.server.snapshot.auto.trigger.enabled = true (custom)
2019-10-13 19:18:11,172 [pool-193-thread-1] INFO  server.RaftServerConfigKeys (ConfUtils.java:logGet(43)) - raft.server.snapshot.auto.trigger.threshold = 10000 (custom)
2019-10-13 19:18:11,173 [pool-163-thread-1] INFO  server.RaftServerConfigKeys (ConfUtils.java:logGet(43)) - raft.server.snapshot.auto.trigger.threshold = 10000 (custom)
2019-10-13 19:18:11,173 [pool-193-thread-1] INFO  server.RaftServerConfigKeys (ConfUtils.java:logGet(43)) - raft.server.snapshot.retention.file.num = 5 (custom)
2019-10-13 19:18:11,173 [pool-163-thread-1] INFO  server.RaftServerConfigKeys (ConfUtils.java:logGet(43)) - raft.server.snapshot.retention.file.num = 5 (custom)
2019-10-13 19:18:11,173 [pool-193-thread-1] INFO  server.RaftServerConfigKeys (ConfUtils.java:logGet(43)) - raft.server.retrycache.expirytime = 600000ms (custom)
2019-10-13 19:18:11,173 [pool-163-thread-1] INFO  server.RaftServerConfigKeys (ConfUtils.java:logGet(43)) - raft.server.retrycache.expirytime = 600000ms (custom)
2019-10-13 19:18:11,177 [pool-193-thread-1] INFO  impl.RaftServerImpl (RaftServerImpl.java:<init>(95)) - bbe13b93-5d26-4624-8bd1-300ffbf132fa: new RaftServerImpl for group-60B5951AFD64:[bbe13b93-5d26-4624-8bd1-300ffbf132fa:192.168.164.216:40251, c30b1c71-811a-476d-9d0f-46fc3df139c8:192.168.164.216:43747, 8b1af7ae-6f9e-4f7c-b807-4ee17c912dc1:192.168.164.216:37112] with ContainerStateMachine:uninitialized
2019-10-13 19:18:11,177 [pool-193-thread-1] INFO  server.RaftServerConfigKeys (ConfUtils.java:logGet(43)) - raft.server.rpc.timeout.min = 1s (custom)
2019-10-13 19:18:11,177 [pool-193-thread-1] INFO  server.RaftServerConfigKeys (ConfUtils.java:logGet(43)) - raft.server.rpc.timeout.max = 1200ms (custom)
2019-10-13 19:18:11,177 [pool-193-thread-1] INFO  server.RaftServerConfigKeys (ConfUtils.java:logGet(43)) - raft.server.rpcslowness.timeout = 120s (custom)
2019-10-13 19:18:11,177 [pool-193-thread-1] INFO  server.RaftServerConfigKeys (ConfUtils.java:logGet(43)) - raft.server.sleep.deviation.threshold = 300 (default)
2019-10-13 19:18:11,177 [pool-193-thread-1] INFO  server.RaftServerConfigKeys (ConfUtils.java:logGet(43)) - raft.server.log.appender.install.snapshot.enabled = false (custom)
2019-10-13 19:18:11,177 [pool-163-thread-1] INFO  impl.RaftServerImpl (RaftServerImpl.java:<init>(95)) - c30b1c71-811a-476d-9d0f-46fc3df139c8: new RaftServerImpl for group-60B5951AFD64:[bbe13b93-5d26-4624-8bd1-300ffbf132fa:192.168.164.216:40251, c30b1c71-811a-476d-9d0f-46fc3df139c8:192.168.164.216:43747, 8b1af7ae-6f9e-4f7c-b807-4ee17c912dc1:192.168.164.216:37112] with ContainerStateMachine:uninitialized
2019-10-13 19:18:11,178 [pool-193-thread-1] INFO  impl.RaftServerImpl (ServerState.java:<init>(103)) - bbe13b93-5d26-4624-8bd1-300ffbf132fa@group-60B5951AFD64: ConfigurationManager, init=-1: [bbe13b93-5d26-4624-8bd1-300ffbf132fa:192.168.164.216:40251, c30b1c71-811a-476d-9d0f-46fc3df139c8:192.168.164.216:43747, 8b1af7ae-6f9e-4f7c-b807-4ee17c912dc1:192.168.164.216:37112], old=null, confs=<EMPTY_MAP>
2019-10-13 19:18:11,178 [pool-163-thread-1] INFO  server.RaftServerConfigKeys (ConfUtils.java:logGet(43)) - raft.server.rpc.timeout.min = 1s (custom)
2019-10-13 19:18:11,178 [pool-193-thread-1] INFO  server.RaftServerConfigKeys (ConfUtils.java:logGet(43)) - raft.server.storage.dir = [/workdir/hadoop-ozone/integration-test/target/test-dir/MiniOzoneClusterImpl-5ae201cf-45d6-4939-83ae-09959f8683c2/datanode-4/data/ratis] (custom)
2019-10-13 19:18:11,178 [pool-163-thread-1] INFO  server.RaftServerConfigKeys (ConfUtils.java:logGet(43)) - raft.server.rpc.timeout.max = 1200ms (custom)
2019-10-13 19:18:11,178 [pool-163-thread-1] INFO  server.RaftServerConfigKeys (ConfUtils.java:logGet(43)) - raft.server.rpcslowness.timeout = 120s (custom)
2019-10-13 19:18:11,178 [pool-193-thread-1] INFO  server.RaftServerConfigKeys (ConfUtils.java:logGet(43)) - raft.server.log.corruption.policy = EXCEPTION (default)
2019-10-13 19:18:11,178 [pool-163-thread-1] INFO  server.RaftServerConfigKeys (ConfUtils.java:logGet(43)) - raft.server.sleep.deviation.threshold = 300 (default)
2019-10-13 19:18:11,179 [pool-193-thread-1] INFO  storage.RaftStorageDirectory (RaftStorageDirectory.java:analyzeStorage(246)) - The storage directory /workdir/hadoop-ozone/integration-test/target/test-dir/MiniOzoneClusterImpl-5ae201cf-45d6-4939-83ae-09959f8683c2/datanode-4/data/ratis/0ac3ac89-07dc-4b2a-8470-60b5951afd64 does not exist. Creating ...
2019-10-13 19:18:11,179 [pool-163-thread-1] INFO  server.RaftServerConfigKeys (ConfUtils.java:logGet(43)) - raft.server.log.appender.install.snapshot.enabled = false (custom)
2019-10-13 19:18:11,179 [pool-163-thread-1] INFO  impl.RaftServerImpl (ServerState.java:<init>(103)) - c30b1c71-811a-476d-9d0f-46fc3df139c8@group-60B5951AFD64: ConfigurationManager, init=-1: [bbe13b93-5d26-4624-8bd1-300ffbf132fa:192.168.164.216:40251, c30b1c71-811a-476d-9d0f-46fc3df139c8:192.168.164.216:43747, 8b1af7ae-6f9e-4f7c-b807-4ee17c912dc1:192.168.164.216:37112], old=null, confs=<EMPTY_MAP>
2019-10-13 19:18:11,179 [pool-163-thread-1] INFO  server.RaftServerConfigKeys (ConfUtils.java:logGet(43)) - raft.server.storage.dir = [/workdir/hadoop-ozone/integration-test/target/test-dir/MiniOzoneClusterImpl-5ae201cf-45d6-4939-83ae-09959f8683c2/datanode-1/data/ratis] (custom)
2019-10-13 19:18:11,179 [pool-163-thread-1] INFO  server.RaftServerConfigKeys (ConfUtils.java:logGet(43)) - raft.server.log.corruption.policy = EXCEPTION (default)
2019-10-13 19:18:11,180 [pool-163-thread-1] INFO  storage.RaftStorageDirectory (RaftStorageDirectory.java:analyzeStorage(246)) - The storage directory /workdir/hadoop-ozone/integration-test/target/test-dir/MiniOzoneClusterImpl-5ae201cf-45d6-4939-83ae-09959f8683c2/datanode-1/data/ratis/0ac3ac89-07dc-4b2a-8470-60b5951afd64 does not exist. Creating ...
2019-10-13 19:18:12,449 [RATISCREATEPIPELINE2] ERROR pipeline.RatisPipelineProvider (RatisPipelineProvider.java:lambda$null$5(237)) - Failed invoke Ratis rpc org.apache.hadoop.hdds.scm.pipeline.RatisPipelineProvider$$Lambda$179/1898110422@450ca7e3 for 8b1af7ae-6f9e-4f7c-b807-4ee17c912dc1
org.apache.ratis.protocol.TimeoutIOException: deadline exceeded after 2999833441ns
	at org.apache.ratis.grpc.GrpcUtil.tryUnwrapException(GrpcUtil.java:82)
	at org.apache.ratis.grpc.GrpcUtil.unwrapException(GrpcUtil.java:75)
	at org.apache.ratis.grpc.client.GrpcClientProtocolClient.blockingCall(GrpcClientProtocolClient.java:184)
	at org.apache.ratis.grpc.client.GrpcClientProtocolClient.groupAdd(GrpcClientProtocolClient.java:153)
	at org.apache.ratis.grpc.client.GrpcClientRpc.sendRequest(GrpcClientRpc.java:94)
	at org.apache.ratis.client.impl.RaftClientImpl.sendRequest(RaftClientImpl.java:278)
	at org.apache.ratis.client.impl.RaftClientImpl.groupAdd(RaftClientImpl.java:205)
	at org.apache.hadoop.hdds.scm.pipeline.RatisPipelineProvider.lambda$initializePipeline$4(RatisPipelineProvider.java:198)
	at org.apache.hadoop.hdds.scm.pipeline.RatisPipelineProvider.lambda$null$5(RatisPipelineProvider.java:233)
	at java.util.stream.ForEachOps$ForEachOp$OfRef.accept(ForEachOps.java:184)
	at java.util.ArrayList$ArrayListSpliterator.forEachRemaining(ArrayList.java:1382)
	at java.util.stream.AbstractPipeline.copyInto(AbstractPipeline.java:482)
	at java.util.stream.ForEachOps$ForEachTask.compute(ForEachOps.java:291)
	at java.util.concurrent.CountedCompleter.exec(CountedCompleter.java:731)
	at java.util.concurrent.ForkJoinTask.doExec(ForkJoinTask.java:289)
	at java.util.concurrent.ForkJoinPool$WorkQueue.runTask(ForkJoinPool.java:1056)
	at java.util.concurrent.ForkJoinPool.runWorker(ForkJoinPool.java:1692)
	at java.util.concurrent.ForkJoinWorkerThread.run(ForkJoinWorkerThread.java:157)
Caused by: org.apache.ratis.thirdparty.io.grpc.StatusRuntimeException: DEADLINE_EXCEEDED: deadline exceeded after 2999833441ns
	at org.apache.ratis.thirdparty.io.grpc.stub.ClientCalls.toStatusRuntimeException(ClientCalls.java:233)
	at org.apache.ratis.thirdparty.io.grpc.stub.ClientCalls.getUnchecked(ClientCalls.java:214)
	at org.apache.ratis.thirdparty.io.grpc.stub.ClientCalls.blockingUnaryCall(ClientCalls.java:139)
	at org.apache.ratis.proto.grpc.AdminProtocolServiceGrpc$AdminProtocolServiceBlockingStub.groupManagement(AdminProtocolServiceGrpc.java:274)
	at org.apache.ratis.grpc.client.GrpcClientProtocolClient.lambda$groupAdd$3(GrpcClientProtocolClient.java:155)
	at org.apache.ratis.grpc.client.GrpcClientProtocolClient.blockingCall(GrpcClientProtocolClient.java:182)
	... 15 more
2019-10-13 19:18:12,449 [RATISCREATEPIPELINE1] ERROR pipeline.RatisPipelineProvider (RatisPipelineProvider.java:lambda$null$5(237)) - Failed invoke Ratis rpc org.apache.hadoop.hdds.scm.pipeline.RatisPipelineProvider$$Lambda$179/1898110422@450ca7e3 for bbe13b93-5d26-4624-8bd1-300ffbf132fa
org.apache.ratis.protocol.TimeoutIOException: deadline exceeded after 2999833735ns
	at org.apache.ratis.grpc.GrpcUtil.tryUnwrapException(GrpcUtil.java:82)
	at org.apache.ratis.grpc.GrpcUtil.unwrapException(GrpcUtil.java:75)
	at org.apache.ratis.grpc.client.GrpcClientProtocolClient.blockingCall(GrpcClientProtocolClient.java:184)
	at org.apache.ratis.grpc.client.GrpcClientProtocolClient.groupAdd(GrpcClientProtocolClient.java:153)
	at org.apache.ratis.grpc.client.GrpcClientRpc.sendRequest(GrpcClientRpc.java:94)
	at org.apache.ratis.client.impl.RaftClientImpl.sendRequest(RaftClientImpl.java:278)
	at org.apache.ratis.client.impl.RaftClientImpl.groupAdd(RaftClientImpl.java:205)
	at org.apache.hadoop.hdds.scm.pipeline.RatisPipelineProvider.lambda$initializePipeline$4(RatisPipelineProvider.java:198)
	at org.apache.hadoop.hdds.scm.pipeline.RatisPipelineProvider.lambda$null$5(RatisPipelineProvider.java:233)
	at java.util.stream.ForEachOps$ForEachOp$OfRef.accept(ForEachOps.java:184)
	at java.util.ArrayList$ArrayListSpliterator.forEachRemaining(ArrayList.java:1382)
	at java.util.stream.AbstractPipeline.copyInto(AbstractPipeline.java:482)
	at java.util.stream.ForEachOps$ForEachTask.compute(ForEachOps.java:291)
	at java.util.concurrent.CountedCompleter.exec(CountedCompleter.java:731)
	at java.util.concurrent.ForkJoinTask.doExec(ForkJoinTask.java:289)
	at java.util.concurrent.ForkJoinTask.doInvoke(ForkJoinTask.java:401)
	at java.util.concurrent.ForkJoinTask.invoke(ForkJoinTask.java:734)
	at java.util.stream.ForEachOps$ForEachOp.evaluateParallel(ForEachOps.java:160)
	at java.util.stream.ForEachOps$ForEachOp$OfRef.evaluateParallel(ForEachOps.java:174)
	at java.util.stream.AbstractPipeline.evaluate(AbstractPipeline.java:233)
	at java.util.stream.ReferencePipeline.forEach(ReferencePipeline.java:418)
	at java.util.stream.ReferencePipeline$Head.forEach(ReferencePipeline.java:583)
	at org.apache.hadoop.hdds.scm.pipeline.RatisPipelineProvider.lambda$callRatisRpc$6(RatisPipelineProvider.java:227)
	at java.util.concurrent.ForkJoinTask$AdaptedRunnableAction.exec(ForkJoinTask.java:1386)
	at java.util.concurrent.ForkJoinTask.doExec(ForkJoinTask.java:289)
	at java.util.concurrent.ForkJoinPool$WorkQueue.runTask(ForkJoinPool.java:1056)
	at java.util.concurrent.ForkJoinPool.runWorker(ForkJoinPool.java:1692)
	at java.util.concurrent.ForkJoinWorkerThread.run(ForkJoinWorkerThread.java:157)
Caused by: org.apache.ratis.thirdparty.io.grpc.StatusRuntimeException: DEADLINE_EXCEEDED: deadline exceeded after 2999833735ns
	at org.apache.ratis.thirdparty.io.grpc.stub.ClientCalls.toStatusRuntimeException(ClientCalls.java:233)
	at org.apache.ratis.thirdparty.io.grpc.stub.ClientCalls.getUnchecked(ClientCalls.java:214)
	at org.apache.ratis.thirdparty.io.grpc.stub.ClientCalls.blockingUnaryCall(ClientCalls.java:139)
	at org.apache.ratis.proto.grpc.AdminProtocolServiceGrpc$AdminProtocolServiceBlockingStub.groupManagement(AdminProtocolServiceGrpc.java:274)
	at org.apache.ratis.grpc.client.GrpcClientProtocolClient.lambda$groupAdd$3(GrpcClientProtocolClient.java:155)
	at org.apache.ratis.grpc.client.GrpcClientProtocolClient.blockingCall(GrpcClientProtocolClient.java:182)
	... 25 more
2019-10-13 19:18:12,449 [RATISCREATEPIPELINE3] ERROR pipeline.RatisPipelineProvider (RatisPipelineProvider.java:lambda$null$5(237)) - Failed invoke Ratis rpc org.apache.hadoop.hdds.scm.pipeline.RatisPipelineProvider$$Lambda$179/1898110422@450ca7e3 for c30b1c71-811a-476d-9d0f-46fc3df139c8
org.apache.ratis.protocol.TimeoutIOException: deadline exceeded after 2999697292ns
	at org.apache.ratis.grpc.GrpcUtil.tryUnwrapException(GrpcUtil.java:82)
	at org.apache.ratis.grpc.GrpcUtil.unwrapException(GrpcUtil.java:75)
	at org.apache.ratis.grpc.client.GrpcClientProtocolClient.blockingCall(GrpcClientProtocolClient.java:184)
	at org.apache.ratis.grpc.client.GrpcClientProtocolClient.groupAdd(GrpcClientProtocolClient.java:153)
	at org.apache.ratis.grpc.client.GrpcClientRpc.sendRequest(GrpcClientRpc.java:94)
	at org.apache.ratis.client.impl.RaftClientImpl.sendRequest(RaftClientImpl.java:278)
	at org.apache.ratis.client.impl.RaftClientImpl.groupAdd(RaftClientImpl.java:205)
	at org.apache.hadoop.hdds.scm.pipeline.RatisPipelineProvider.lambda$initializePipeline$4(RatisPipelineProvider.java:198)
	at org.apache.hadoop.hdds.scm.pipeline.RatisPipelineProvider.lambda$null$5(RatisPipelineProvider.java:233)
	at java.util.stream.ForEachOps$ForEachOp$OfRef.accept(ForEachOps.java:184)
	at java.util.ArrayList$ArrayListSpliterator.forEachRemaining(ArrayList.java:1382)
	at java.util.stream.AbstractPipeline.copyInto(AbstractPipeline.java:482)
	at java.util.stream.ForEachOps$ForEachTask.compute(ForEachOps.java:291)
	at java.util.concurrent.CountedCompleter.exec(CountedCompleter.java:731)
	at java.util.concurrent.ForkJoinTask.doExec(ForkJoinTask.java:289)
	at java.util.concurrent.ForkJoinPool$WorkQueue.runTask(ForkJoinPool.java:1056)
	at java.util.concurrent.ForkJoinPool.runWorker(ForkJoinPool.java:1692)
	at java.util.concurrent.ForkJoinWorkerThread.run(ForkJoinWorkerThread.java:157)
Caused by: org.apache.ratis.thirdparty.io.grpc.StatusRuntimeException: DEADLINE_EXCEEDED: deadline exceeded after 2999697292ns
	at org.apache.ratis.thirdparty.io.grpc.stub.ClientCalls.toStatusRuntimeException(ClientCalls.java:233)
	at org.apache.ratis.thirdparty.io.grpc.stub.ClientCalls.getUnchecked(ClientCalls.java:214)
	at org.apache.ratis.thirdparty.io.grpc.stub.ClientCalls.blockingUnaryCall(ClientCalls.java:139)
	at org.apache.ratis.proto.grpc.AdminProtocolServiceGrpc$AdminProtocolServiceBlockingStub.groupManagement(AdminProtocolServiceGrpc.java:274)
	at org.apache.ratis.grpc.client.GrpcClientProtocolClient.lambda$groupAdd$3(GrpcClientProtocolClient.java:155)
	at org.apache.ratis.grpc.client.GrpcClientProtocolClient.blockingCall(GrpcClientProtocolClient.java:182)
	... 15 more
2019-10-13 19:18:12,486 [grpc-default-executor-1] INFO  impl.RaftServerProxy (RaftServerProxy.java:addNew(89)) - c30b1c71-811a-476d-9d0f-46fc3df139c8: addNew group-0D2F692B8300:[bbe13b93-5d26-4624-8bd1-300ffbf132fa:192.168.164.216:40251, c30b1c71-811a-476d-9d0f-46fc3df139c8:192.168.164.216:43747, 8b1af7ae-6f9e-4f7c-b807-4ee17c912dc1:192.168.164.216:37112] returns group-0D2F692B8300:java.util.concurrent.CompletableFuture@2d311893[Not completed]
2019-10-13 19:18:12,486 [grpc-default-executor-2] INFO  impl.RaftServerProxy (RaftServerProxy.java:addNew(89)) - bbe13b93-5d26-4624-8bd1-300ffbf132fa: addNew group-0D2F692B8300:[bbe13b93-5d26-4624-8bd1-300ffbf132fa:192.168.164.216:40251, c30b1c71-811a-476d-9d0f-46fc3df139c8:192.168.164.216:43747, 8b1af7ae-6f9e-4f7c-b807-4ee17c912dc1:192.168.164.216:37112] returns group-0D2F692B8300:java.util.concurrent.CompletableFuture@20bf856b[Not completed]
2019-10-13 19:18:12,486 [grpc-default-executor-5] INFO  impl.RaftServerProxy (RaftServerProxy.java:addNew(89)) - 8b1af7ae-6f9e-4f7c-b807-4ee17c912dc1: addNew group-0D2F692B8300:[bbe13b93-5d26-4624-8bd1-300ffbf132fa:192.168.164.216:40251, c30b1c71-811a-476d-9d0f-46fc3df139c8:192.168.164.216:43747, 8b1af7ae-6f9e-4f7c-b807-4ee17c912dc1:192.168.164.216:37112] returns group-0D2F692B8300:java.util.concurrent.CompletableFuture@72f9549a[Not completed]
2019-10-13 19:18:13,545 [pool-203-thread-1] INFO  storage.RaftStorage (RaftStorage.java:format(84)) - Storage directory /workdir/hadoop-ozone/integration-test/target/test-dir/MiniOzoneClusterImpl-5ae201cf-45d6-4939-83ae-09959f8683c2/datanode-5/data/ratis/935e45af-d2ba-4da0-9b9a-f0b08912f089 has been successfully formatted.
2019-10-13 19:18:13,547 [pool-203-thread-1] INFO  ratis.ContainerStateMachine (ContainerStateMachine.java:loadSnapshot(231)) - group-F0B08912F089: The snapshot info is null. Setting the last applied indexto:(t:0, i:~)
2019-10-13 19:18:13,548 [pool-203-thread-1] INFO  server.RaftServerConfigKeys (ConfUtils.java:logGet(43)) - raft.server.notification.no-leader.timeout = 120s (custom)
2019-10-13 19:18:13,548 [pool-203-thread-1] INFO  server.RaftServerConfigKeys (ConfUtils.java:logGet(43)) - raft.server.log.use.memory = false (default)
2019-10-13 19:18:13,548 [pool-203-thread-1] INFO  server.RaftServerConfigKeys (ConfUtils.java:logGet(43)) - raft.server.log.purge.gap = 1000000 (custom)
2019-10-13 19:18:13,549 [pool-203-thread-1] INFO  server.RaftServerConfigKeys (ConfUtils.java:logGet(43)) - raft.server.log.appender.buffer.byte-limit = 33554432 (custom)
2019-10-13 19:18:13,549 [pool-203-thread-1] INFO  server.RaftServerConfigKeys (ConfUtils.java:logGet(43)) - raft.server.log.segment.size.max = 1048576 (custom)
2019-10-13 19:18:13,549 [pool-203-thread-1] INFO  server.RaftServerConfigKeys (ConfUtils.java:logGet(43)) - raft.server.log.segment.cache.num.max = 2 (custom)
2019-10-13 19:18:13,549 [pool-203-thread-1] INFO  segmented.SegmentedRaftLogWorker (SegmentedRaftLogWorker.java:<init>(173)) - new 8b1af7ae-6f9e-4f7c-b807-4ee17c912dc1@group-F0B08912F089-SegmentedRaftLogWorker for RaftStorage:Storage Directory /workdir/hadoop-ozone/integration-test/target/test-dir/MiniOzoneClusterImpl-5ae201cf-45d6-4939-83ae-09959f8683c2/datanode-5/data/ratis/935e45af-d2ba-4da0-9b9a-f0b08912f089
2019-10-13 19:18:13,550 [pool-203-thread-1] INFO  server.RaftServerConfigKeys (ConfUtils.java:logGet(43)) - raft.server.log.queue.byte-limit = 2147483647 (custom)
2019-10-13 19:18:13,550 [pool-203-thread-1] INFO  server.RaftServerConfigKeys (ConfUtils.java:logGet(43)) - raft.server.log.queue.element-limit = 1024 (custom)
2019-10-13 19:18:13,550 [pool-203-thread-1] INFO  server.RaftServerConfigKeys (ConfUtils.java:logGet(43)) - raft.server.log.segment.size.max = 1048576 (custom)
2019-10-13 19:18:13,550 [pool-203-thread-1] INFO  server.RaftServerConfigKeys (ConfUtils.java:logGet(43)) - raft.server.log.preallocated.size = 16384 (custom)
2019-10-13 19:18:13,550 [pool-203-thread-1] INFO  server.RaftServerConfigKeys (ConfUtils.java:logGet(43)) - raft.server.log.write.buffer.size = 33554432 (custom)
2019-10-13 19:18:13,550 [pool-203-thread-1] INFO  server.RaftServerConfigKeys (ConfUtils.java:logGet(43)) - raft.server.log.force.sync.num = 128 (default)
2019-10-13 19:18:13,551 [pool-203-thread-1] INFO  server.RaftServerConfigKeys (ConfUtils.java:logGet(43)) - raft.server.log.statemachine.data.sync = true (default)
2019-10-13 19:18:13,551 [pool-203-thread-1] INFO  server.RaftServerConfigKeys (ConfUtils.java:logGet(43)) - raft.server.log.statemachine.data.sync.timeout = 10s (default)
2019-10-13 19:18:13,551 [pool-203-thread-1] INFO  server.RaftServerConfigKeys (ConfUtils.java:logGet(43)) - raft.server.log.statemachine.data.sync.timeout.retry = -1 (default)
2019-10-13 19:18:13,551 [pool-203-thread-1] INFO  server.RaftServerConfigKeys (ConfUtils.java:logGet(43)) - raft.server.log.statemachine.data.caching.enabled = true (custom)
2019-10-13 19:18:13,552 [pool-203-thread-1] INFO  segmented.SegmentedRaftLogWorker (SegmentedRaftLogWorker.java:lambda$new$0(128)) - 8b1af7ae-6f9e-4f7c-b807-4ee17c912dc1@group-F0B08912F089-SegmentedRaftLogWorker: flushIndex: setUnconditionally 0 -> -1
2019-10-13 19:18:13,553 [pool-203-thread-1] INFO  server.RaftServerConfigKeys (ConfUtils.java:logGet(43)) - raft.server.snapshot.auto.trigger.enabled = true (custom)
2019-10-13 19:18:13,553 [pool-203-thread-1] INFO  server.RaftServerConfigKeys (ConfUtils.java:logGet(43)) - raft.server.snapshot.auto.trigger.threshold = 10000 (custom)
2019-10-13 19:18:13,553 [pool-203-thread-1] INFO  server.RaftServerConfigKeys (ConfUtils.java:logGet(43)) - raft.server.snapshot.retention.file.num = 5 (custom)
2019-10-13 19:18:13,553 [pool-203-thread-1] INFO  server.RaftServerConfigKeys (ConfUtils.java:logGet(43)) - raft.server.retrycache.expirytime = 600000ms (custom)
2019-10-13 19:18:13,559 [pool-203-thread-1] INFO  impl.RaftServerImpl (RaftServerImpl.java:start(181)) - 8b1af7ae-6f9e-4f7c-b807-4ee17c912dc1@group-274E4C631BC6: start as a follower, conf=-1: [8b1af7ae-6f9e-4f7c-b807-4ee17c912dc1:192.168.164.216:37112], old=null
2019-10-13 19:18:13,559 [pool-203-thread-1] INFO  impl.RaftServerImpl (RaftServerImpl.java:setRole(170)) - 8b1af7ae-6f9e-4f7c-b807-4ee17c912dc1@group-274E4C631BC6: changes role from      null to FOLLOWER at term 0 for startAsFollower
2019-10-13 19:18:13,559 [pool-203-thread-1] INFO  impl.RoleInfo (RoleInfo.java:updateAndGet(143)) - 8b1af7ae-6f9e-4f7c-b807-4ee17c912dc1: start FollowerState
2019-10-13 19:18:13,560 [pool-203-thread-1] INFO  util.JmxRegister (JmxRegister.java:tryRegister(44)) - Successfully registered JMX Bean with object name Ratis:service=RaftServer,group=group-274E4C631BC6,id=8b1af7ae-6f9e-4f7c-b807-4ee17c912dc1
2019-10-13 19:18:13,564 [pool-203-thread-1] INFO  impl.RaftServerImpl (RaftServerImpl.java:<init>(95)) - 8b1af7ae-6f9e-4f7c-b807-4ee17c912dc1: new RaftServerImpl for group-060A9D3EAE92:[8b1af7ae-6f9e-4f7c-b807-4ee17c912dc1:192.168.164.216:37112] with ContainerStateMachine:uninitialized
2019-10-13 19:18:13,565 [pool-203-thread-1] INFO  server.RaftServerConfigKeys (ConfUtils.java:logGet(43)) - raft.server.rpc.timeout.min = 1s (custom)
2019-10-13 19:18:13,565 [pool-203-thread-1] INFO  server.RaftServerConfigKeys (ConfUtils.java:logGet(43)) - raft.server.rpc.timeout.max = 1200ms (custom)
2019-10-13 19:18:13,565 [pool-203-thread-1] INFO  server.RaftServerConfigKeys (ConfUtils.java:logGet(43)) - raft.server.rpcslowness.timeout = 120s (custom)
2019-10-13 19:18:13,565 [pool-203-thread-1] INFO  server.RaftServerConfigKeys (ConfUtils.java:logGet(43)) - raft.server.sleep.deviation.threshold = 300 (default)
2019-10-13 19:18:13,565 [pool-203-thread-1] INFO  server.RaftServerConfigKeys (ConfUtils.java:logGet(43)) - raft.server.log.appender.install.snapshot.enabled = false (custom)
2019-10-13 19:18:13,565 [pool-203-thread-1] INFO  impl.RaftServerImpl (ServerState.java:<init>(103)) - 8b1af7ae-6f9e-4f7c-b807-4ee17c912dc1@group-060A9D3EAE92: ConfigurationManager, init=-1: [8b1af7ae-6f9e-4f7c-b807-4ee17c912dc1:192.168.164.216:37112], old=null, confs=<EMPTY_MAP>
2019-10-13 19:18:13,566 [pool-203-thread-1] INFO  server.RaftServerConfigKeys (ConfUtils.java:logGet(43)) - raft.server.storage.dir = [/workdir/hadoop-ozone/integration-test/target/test-dir/MiniOzoneClusterImpl-5ae201cf-45d6-4939-83ae-09959f8683c2/datanode-5/data/ratis] (custom)
2019-10-13 19:18:13,566 [pool-203-thread-1] INFO  server.RaftServerConfigKeys (ConfUtils.java:logGet(43)) - raft.server.log.corruption.policy = EXCEPTION (default)
2019-10-13 19:18:13,566 [pool-203-thread-1] INFO  storage.RaftStorageDirectory (RaftStorageDirectory.java:analyzeStorage(246)) - The storage directory /workdir/hadoop-ozone/integration-test/target/test-dir/MiniOzoneClusterImpl-5ae201cf-45d6-4939-83ae-09959f8683c2/datanode-5/data/ratis/5b0d0de3-75cd-4f84-b91b-060a9d3eae92 does not exist. Creating ...
2019-10-13 19:18:13,802 [pool-163-thread-1] INFO  storage.RaftStorageDirectory (RaftStorageDirectory.java:tryLock(328)) - Lock on /workdir/hadoop-ozone/integration-test/target/test-dir/MiniOzoneClusterImpl-5ae201cf-45d6-4939-83ae-09959f8683c2/datanode-1/data/ratis/0ac3ac89-07dc-4b2a-8470-60b5951afd64/in_use.lock acquired by nodename 29684@pr-hdds-2267-swqn2-2570148001
2019-10-13 19:18:13,802 [pool-193-thread-1] INFO  storage.RaftStorageDirectory (RaftStorageDirectory.java:tryLock(328)) - Lock on /workdir/hadoop-ozone/integration-test/target/test-dir/MiniOzoneClusterImpl-5ae201cf-45d6-4939-83ae-09959f8683c2/datanode-4/data/ratis/0ac3ac89-07dc-4b2a-8470-60b5951afd64/in_use.lock acquired by nodename 29684@pr-hdds-2267-swqn2-2570148001
2019-10-13 19:18:14,687 [Thread-1319] INFO  impl.FollowerState (FollowerState.java:run(108)) - 8b1af7ae-6f9e-4f7c-b807-4ee17c912dc1@group-274E4C631BC6-FollowerState: change to CANDIDATE, lastRpcTime:1127ms, electionTimeout:1127ms
2019-10-13 19:18:14,687 [Thread-1319] INFO  impl.RoleInfo (RoleInfo.java:shutdownFollowerState(121)) - 8b1af7ae-6f9e-4f7c-b807-4ee17c912dc1: shutdown FollowerState
2019-10-13 19:18:14,687 [Thread-1319] INFO  impl.RaftServerImpl (RaftServerImpl.java:setRole(170)) - 8b1af7ae-6f9e-4f7c-b807-4ee17c912dc1@group-274E4C631BC6: changes role from  FOLLOWER to CANDIDATE at term 0 for changeToCandidate
2019-10-13 19:18:14,687 [Thread-1319] INFO  impl.RoleInfo (RoleInfo.java:updateAndGet(143)) - 8b1af7ae-6f9e-4f7c-b807-4ee17c912dc1: start LeaderElection
2019-10-13 19:18:15,486 [RATISCREATEPIPELINE1] ERROR pipeline.RatisPipelineProvider (RatisPipelineProvider.java:lambda$null$5(237)) - Failed invoke Ratis rpc org.apache.hadoop.hdds.scm.pipeline.RatisPipelineProvider$$Lambda$179/1898110422@69a8882a for bbe13b93-5d26-4624-8bd1-300ffbf132fa
org.apache.ratis.protocol.TimeoutIOException: deadline exceeded after 2999684590ns
	at org.apache.ratis.grpc.GrpcUtil.tryUnwrapException(GrpcUtil.java:82)
	at org.apache.ratis.grpc.GrpcUtil.unwrapException(GrpcUtil.java:75)
	at org.apache.ratis.grpc.client.GrpcClientProtocolClient.blockingCall(GrpcClientProtocolClient.java:184)
	at org.apache.ratis.grpc.client.GrpcClientProtocolClient.groupAdd(GrpcClientProtocolClient.java:153)
	at org.apache.ratis.grpc.client.GrpcClientRpc.sendRequest(GrpcClientRpc.java:94)
	at org.apache.ratis.client.impl.RaftClientImpl.sendRequest(RaftClientImpl.java:278)
	at org.apache.ratis.client.impl.RaftClientImpl.groupAdd(RaftClientImpl.java:205)
	at org.apache.hadoop.hdds.scm.pipeline.RatisPipelineProvider.lambda$initializePipeline$4(RatisPipelineProvider.java:198)
	at org.apache.hadoop.hdds.scm.pipeline.RatisPipelineProvider.lambda$null$5(RatisPipelineProvider.java:233)
	at java.util.stream.ForEachOps$ForEachOp$OfRef.accept(ForEachOps.java:184)
	at java.util.ArrayList$ArrayListSpliterator.forEachRemaining(ArrayList.java:1382)
	at java.util.stream.AbstractPipeline.copyInto(AbstractPipeline.java:482)
	at java.util.stream.ForEachOps$ForEachTask.compute(ForEachOps.java:291)
	at java.util.concurrent.CountedCompleter.exec(CountedCompleter.java:731)
	at java.util.concurrent.ForkJoinTask.doExec(ForkJoinTask.java:289)
	at java.util.concurrent.ForkJoinTask.doInvoke(ForkJoinTask.java:401)
	at java.util.concurrent.ForkJoinTask.invoke(ForkJoinTask.java:734)
	at java.util.stream.ForEachOps$ForEachOp.evaluateParallel(ForEachOps.java:160)
	at java.util.stream.ForEachOps$ForEachOp$OfRef.evaluateParallel(ForEachOps.java:174)
	at java.util.stream.AbstractPipeline.evaluate(AbstractPipeline.java:233)
	at java.util.stream.ReferencePipeline.forEach(ReferencePipeline.java:418)
	at java.util.stream.ReferencePipeline$Head.forEach(ReferencePipeline.java:583)
	at org.apache.hadoop.hdds.scm.pipeline.RatisPipelineProvider.lambda$callRatisRpc$6(RatisPipelineProvider.java:227)
	at java.util.concurrent.ForkJoinTask$AdaptedRunnableAction.exec(ForkJoinTask.java:1386)
	at java.util.concurrent.ForkJoinTask.doExec(ForkJoinTask.java:289)
	at java.util.concurrent.ForkJoinPool$WorkQueue.runTask(ForkJoinPool.java:1056)
	at java.util.concurrent.ForkJoinPool.runWorker(ForkJoinPool.java:1692)
	at java.util.concurrent.ForkJoinWorkerThread.run(ForkJoinWorkerThread.java:157)
Caused by: org.apache.ratis.thirdparty.io.grpc.StatusRuntimeException: DEADLINE_EXCEEDED: deadline exceeded after 2999684590ns
	at org.apache.ratis.thirdparty.io.grpc.stub.ClientCalls.toStatusRuntimeException(ClientCalls.java:233)
	at org.apache.ratis.thirdparty.io.grpc.stub.ClientCalls.getUnchecked(ClientCalls.java:214)
	at org.apache.ratis.thirdparty.io.grpc.stub.ClientCalls.blockingUnaryCall(ClientCalls.java:139)
	at org.apache.ratis.proto.grpc.AdminProtocolServiceGrpc$AdminProtocolServiceBlockingStub.groupManagement(AdminProtocolServiceGrpc.java:274)
	at org.apache.ratis.grpc.client.GrpcClientProtocolClient.lambda$groupAdd$3(GrpcClientProtocolClient.java:155)
	at org.apache.ratis.grpc.client.GrpcClientProtocolClient.blockingCall(GrpcClientProtocolClient.java:182)
	... 25 more
2019-10-13 19:18:15,486 [RATISCREATEPIPELINE2] ERROR pipeline.RatisPipelineProvider (RatisPipelineProvider.java:lambda$null$5(237)) - Failed invoke Ratis rpc org.apache.hadoop.hdds.scm.pipeline.RatisPipelineProvider$$Lambda$179/1898110422@69a8882a for 8b1af7ae-6f9e-4f7c-b807-4ee17c912dc1
org.apache.ratis.protocol.TimeoutIOException
	at org.apache.ratis.grpc.GrpcUtil.tryUnwrapException(GrpcUtil.java:82)
	at org.apache.ratis.grpc.GrpcUtil.unwrapException(GrpcUtil.java:75)
	at org.apache.ratis.grpc.client.GrpcClientProtocolClient.blockingCall(GrpcClientProtocolClient.java:184)
	at org.apache.ratis.grpc.client.GrpcClientProtocolClient.groupAdd(GrpcClientProtocolClient.java:153)
	at org.apache.ratis.grpc.client.GrpcClientRpc.sendRequest(GrpcClientRpc.java:94)
	at org.apache.ratis.client.impl.RaftClientImpl.sendRequest(RaftClientImpl.java:278)
	at org.apache.ratis.client.impl.RaftClientImpl.groupAdd(RaftClientImpl.java:205)
	at org.apache.hadoop.hdds.scm.pipeline.RatisPipelineProvider.lambda$initializePipeline$4(RatisPipelineProvider.java:198)
	at org.apache.hadoop.hdds.scm.pipeline.RatisPipelineProvider.lambda$null$5(RatisPipelineProvider.java:233)
	at java.util.stream.ForEachOps$ForEachOp$OfRef.accept(ForEachOps.java:184)
	at java.util.ArrayList$ArrayListSpliterator.forEachRemaining(ArrayList.java:1382)
	at java.util.stream.AbstractPipeline.copyInto(AbstractPipeline.java:482)
	at java.util.stream.ForEachOps$ForEachTask.compute(ForEachOps.java:291)
	at java.util.concurrent.CountedCompleter.exec(CountedCompleter.java:731)
	at java.util.concurrent.ForkJoinTask.doExec(ForkJoinTask.java:289)
	at java.util.concurrent.ForkJoinPool$WorkQueue.runTask(ForkJoinPool.java:1056)
	at java.util.concurrent.ForkJoinPool.runWorker(ForkJoinPool.java:1692)
	at java.util.concurrent.ForkJoinWorkerThread.run(ForkJoinWorkerThread.java:157)
Caused by: org.apache.ratis.thirdparty.io.grpc.StatusRuntimeException: DEADLINE_EXCEEDED
	at org.apache.ratis.thirdparty.io.grpc.stub.ClientCalls.toStatusRuntimeException(ClientCalls.java:233)
	at org.apache.ratis.thirdparty.io.grpc.stub.ClientCalls.getUnchecked(ClientCalls.java:214)
	at org.apache.ratis.thirdparty.io.grpc.stub.ClientCalls.blockingUnaryCall(ClientCalls.java:139)
	at org.apache.ratis.proto.grpc.AdminProtocolServiceGrpc$AdminProtocolServiceBlockingStub.groupManagement(AdminProtocolServiceGrpc.java:274)
	at org.apache.ratis.grpc.client.GrpcClientProtocolClient.lambda$groupAdd$3(GrpcClientProtocolClient.java:155)
	at org.apache.ratis.grpc.client.GrpcClientProtocolClient.blockingCall(GrpcClientProtocolClient.java:182)
	... 15 more
2019-10-13 19:18:15,486 [RATISCREATEPIPELINE3] ERROR pipeline.RatisPipelineProvider (RatisPipelineProvider.java:lambda$null$5(237)) - Failed invoke Ratis rpc org.apache.hadoop.hdds.scm.pipeline.RatisPipelineProvider$$Lambda$179/1898110422@69a8882a for c30b1c71-811a-476d-9d0f-46fc3df139c8
org.apache.ratis.protocol.TimeoutIOException: deadline exceeded after 2999681495ns
	at org.apache.ratis.grpc.GrpcUtil.tryUnwrapException(GrpcUtil.java:82)
	at org.apache.ratis.grpc.GrpcUtil.unwrapException(GrpcUtil.java:75)
	at org.apache.ratis.grpc.client.GrpcClientProtocolClient.blockingCall(GrpcClientProtocolClient.java:184)
	at org.apache.ratis.grpc.client.GrpcClientProtocolClient.groupAdd(GrpcClientProtocolClient.java:153)
	at org.apache.ratis.grpc.client.GrpcClientRpc.sendRequest(GrpcClientRpc.java:94)
	at org.apache.ratis.client.impl.RaftClientImpl.sendRequest(RaftClientImpl.java:278)
	at org.apache.ratis.client.impl.RaftClientImpl.groupAdd(RaftClientImpl.java:205)
	at org.apache.hadoop.hdds.scm.pipeline.RatisPipelineProvider.lambda$initializePipeline$4(RatisPipelineProvider.java:198)
	at org.apache.hadoop.hdds.scm.pipeline.RatisPipelineProvider.lambda$null$5(RatisPipelineProvider.java:233)
	at java.util.stream.ForEachOps$ForEachOp$OfRef.accept(ForEachOps.java:184)
	at java.util.ArrayList$ArrayListSpliterator.forEachRemaining(ArrayList.java:1382)
	at java.util.stream.AbstractPipeline.copyInto(AbstractPipeline.java:482)
	at java.util.stream.ForEachOps$ForEachTask.compute(ForEachOps.java:291)
	at java.util.concurrent.CountedCompleter.exec(CountedCompleter.java:731)
	at java.util.concurrent.ForkJoinTask.doExec(ForkJoinTask.java:289)
	at java.util.concurrent.ForkJoinPool$WorkQueue.runTask(ForkJoinPool.java:1056)
	at java.util.concurrent.ForkJoinPool.runWorker(ForkJoinPool.java:1692)
	at java.util.concurrent.ForkJoinWorkerThread.run(ForkJoinWorkerThread.java:157)
Caused by: org.apache.ratis.thirdparty.io.grpc.StatusRuntimeException: DEADLINE_EXCEEDED: deadline exceeded after 2999681495ns
	at org.apache.ratis.thirdparty.io.grpc.stub.ClientCalls.toStatusRuntimeException(ClientCalls.java:233)
	at org.apache.ratis.thirdparty.io.grpc.stub.ClientCalls.getUnchecked(ClientCalls.java:214)
	at org.apache.ratis.thirdparty.io.grpc.stub.ClientCalls.blockingUnaryCall(ClientCalls.java:139)
	at org.apache.ratis.proto.grpc.AdminProtocolServiceGrpc$AdminProtocolServiceBlockingStub.groupManagement(AdminProtocolServiceGrpc.java:274)
	at org.apache.ratis.grpc.client.GrpcClientProtocolClient.lambda$groupAdd$3(GrpcClientProtocolClient.java:155)
	at org.apache.ratis.grpc.client.GrpcClientProtocolClient.blockingCall(GrpcClientProtocolClient.java:182)
	... 15 more
2019-10-13 19:18:15,490 [IPC Server handler 3 on 36445] WARN  block.BlockManagerImpl (BlockManagerImpl.java:allocateBlock(194)) - Pipeline creation failed for type:RATIS factor:THREE. Retrying get pipelines call once.
org.apache.hadoop.io.MultipleIOException: 3 exceptions [java.io.IOException: Failed invoke Ratis rpc org.apache.hadoop.hdds.scm.pipeline.RatisPipelineProvider$$Lambda$179/1898110422@69a8882a for bbe13b93-5d26-4624-8bd1-300ffbf132fa, java.io.IOException: Failed invoke Ratis rpc org.apache.hadoop.hdds.scm.pipeline.RatisPipelineProvider$$Lambda$179/1898110422@69a8882a for 8b1af7ae-6f9e-4f7c-b807-4ee17c912dc1, java.io.IOException: Failed invoke Ratis rpc org.apache.hadoop.hdds.scm.pipeline.RatisPipelineProvider$$Lambda$179/1898110422@69a8882a for c30b1c71-811a-476d-9d0f-46fc3df139c8]
	at org.apache.hadoop.io.MultipleIOException.createIOException(MultipleIOException.java:53)
	at org.apache.hadoop.hdds.scm.pipeline.RatisPipelineProvider.callRatisRpc(RatisPipelineProvider.java:253)
	at org.apache.hadoop.hdds.scm.pipeline.RatisPipelineProvider.initializePipeline(RatisPipelineProvider.java:196)
	at org.apache.hadoop.hdds.scm.pipeline.RatisPipelineProvider.create(RatisPipelineProvider.java:163)
	at org.apache.hadoop.hdds.scm.pipeline.PipelineFactory.create(PipelineFactory.java:58)
	at org.apache.hadoop.hdds.scm.pipeline.SCMPipelineManager.createPipeline(SCMPipelineManager.java:155)
	at org.apache.hadoop.hdds.scm.block.BlockManagerImpl.allocateBlock(BlockManagerImpl.java:192)
	at org.apache.hadoop.hdds.scm.server.SCMBlockProtocolServer.allocateBlock(SCMBlockProtocolServer.java:182)
	at org.apache.hadoop.hdds.scm.protocol.ScmBlockLocationProtocolServerSideTranslatorPB.allocateScmBlock(ScmBlockLocationProtocolServerSideTranslatorPB.java:159)
	at org.apache.hadoop.hdds.scm.protocol.ScmBlockLocationProtocolServerSideTranslatorPB.processMessage(ScmBlockLocationProtocolServerSideTranslatorPB.java:117)
	at org.apache.hadoop.hdds.server.OzoneProtocolMessageDispatcher.processRequest(OzoneProtocolMessageDispatcher.java:72)
	at org.apache.hadoop.hdds.scm.protocol.ScmBlockLocationProtocolServerSideTranslatorPB.send(ScmBlockLocationProtocolServerSideTranslatorPB.java:98)
	at org.apache.hadoop.hdds.protocol.proto.ScmBlockLocationProtocolProtos$ScmBlockLocationProtocolService$2.callBlockingMethod(ScmBlockLocationProtocolProtos.java:13157)
	at org.apache.hadoop.ipc.ProtobufRpcEngine$Server$ProtoBufRpcInvoker.call(ProtobufRpcEngine.java:524)
	at org.apache.hadoop.ipc.RPC$Server.call(RPC.java:1025)
	at org.apache.hadoop.ipc.Server$RpcCall.run(Server.java:876)
	at org.apache.hadoop.ipc.Server$RpcCall.run(Server.java:822)
	at java.security.AccessController.doPrivileged(Native Method)
	at javax.security.auth.Subject.doAs(Subject.java:422)
	at org.apache.hadoop.security.UserGroupInformation.doAs(UserGroupInformation.java:1730)
	at org.apache.hadoop.ipc.Server$Handler.run(Server.java:2682)
2019-10-13 19:18:15,491 [IPC Server handler 3 on 36445] INFO  block.BlockManagerImpl (BlockManagerImpl.java:allocateBlock(200)) - Could not find available pipeline of type:RATIS and factor:THREE even after retrying
2019-10-13 19:18:15,491 [IPC Server handler 3 on 36445] ERROR block.BlockManagerImpl (BlockManagerImpl.java:allocateBlock(224)) - Unable to allocate a block for the size: 4194304, type: RATIS, factor: THREE
2019-10-13 19:18:15,499 [main] INFO  ozone.MiniOzoneClusterImpl (MiniOzoneClusterImpl.java:shutdown(314)) - Shutting down the Mini Ozone Cluster
2019-10-13 19:18:15,499 [main] INFO  ozone.MiniOzoneClusterImpl (MiniOzoneClusterImpl.java:stop(330)) - Stopping the Mini Ozone Cluster
2019-10-13 19:18:15,499 [main] INFO  ozone.MiniOzoneClusterImpl (MiniOzoneClusterImpl.java:stopOM(400)) - Stopping the OzoneManager
2019-10-13 19:18:15,499 [main] INFO  ipc.Server (Server.java:stop(3082)) - Stopping server on 44360
2019-10-13 19:18:15,508 [IPC Server listener on 44360] INFO  ipc.Server (Server.java:run(1185)) - Stopping IPC Server listener on 44360
2019-10-13 19:18:15,510 [main] INFO  ratis.OzoneManagerDoubleBuffer (OzoneManagerDoubleBuffer.java:stop(248)) - Stopping OMDoubleBuffer flush thread
2019-10-13 19:18:15,514 [IPC Server Responder] INFO  ipc.Server (Server.java:run(1319)) - Stopping IPC Server Responder
2019-10-13 19:18:15,518 [OMDoubleBufferFlushThread] INFO  ratis.OzoneManagerDoubleBuffer (OzoneManagerDoubleBuffer.java:flushTransactions(191)) - OMDoubleBuffer flush thread OMDoubleBufferFlushThread is interrupted and will exit. OMDoubleBufferFlushThread
2019-10-13 19:18:15,530 [main] INFO  utils.BackgroundService (BackgroundService.java:shutdown(151)) - Shutting down service KeyDeletingService
2019-10-13 19:18:15,532 [main] INFO  handler.ContextHandler (ContextHandler.java:doStop(910)) - Stopped o.e.j.w.WebAppContext@31a2a9fa{/,null,UNAVAILABLE}{/ozoneManager}
2019-10-13 19:18:15,532 [main] INFO  server.AbstractConnector (AbstractConnector.java:doStop(318)) - Stopped ServerConnector@31b82e0f{HTTP/1.1,[http/1.1]}{0.0.0.0:0}
2019-10-13 19:18:15,533 [main] INFO  handler.ContextHandler (ContextHandler.java:doStop(910)) - Stopped o.e.j.s.ServletContextHandler@12a470dd{/static,file:///workdir/hadoop-ozone/integration-test/target/test-classes/webapps/static,UNAVAILABLE}
2019-10-13 19:18:15,533 [main] INFO  handler.ContextHandler (ContextHandler.java:doStop(910)) - Stopped o.e.j.s.ServletContextHandler@3a7e365{/logs,file:///workdir/hadoop-ozone/integration-test/target/log,UNAVAILABLE}
2019-10-13 19:18:15,536 [main] INFO  ozone.MiniOzoneClusterImpl (MiniOzoneClusterImpl.java:stopDatanodes(377)) - Stopping the HddsDatanodes
2019-10-13 19:18:15,562 [pool-203-thread-1] INFO  storage.RaftStorageDirectory (RaftStorageDirectory.java:tryLock(328)) - Lock on /workdir/hadoop-ozone/integration-test/target/test-dir/MiniOzoneClusterImpl-5ae201cf-45d6-4939-83ae-09959f8683c2/datanode-5/data/ratis/5b0d0de3-75cd-4f84-b91b-060a9d3eae92/in_use.lock acquired by nodename 29684@pr-hdds-2267-swqn2-2570148001
2019-10-13 19:18:16,164 [Datanode State Machine Thread - 0] INFO  statemachine.DatanodeStateMachine (DatanodeStateMachine.java:lambda$startDaemon$0(350)) - Ozone container server started.
2019-10-13 19:18:16,323 [Datanode State Machine Thread - 0] INFO  statemachine.DatanodeStateMachine (DatanodeStateMachine.java:lambda$startDaemon$0(350)) - Ozone container server started.
2019-10-13 19:18:16,749 [pool-163-thread-1] INFO  storage.RaftStorage (RaftStorage.java:format(84)) - Storage directory /workdir/hadoop-ozone/integration-test/target/test-dir/MiniOzoneClusterImpl-5ae201cf-45d6-4939-83ae-09959f8683c2/datanode-1/data/ratis/0ac3ac89-07dc-4b2a-8470-60b5951afd64 has been successfully formatted.
2019-10-13 19:18:16,749 [8b1af7ae-6f9e-4f7c-b807-4ee17c912dc1@group-274E4C631BC6-LeaderElection23] INFO  impl.LeaderElection (LeaderElection.java:askForVotes(178)) - 8b1af7ae-6f9e-4f7c-b807-4ee17c912dc1@group-274E4C631BC6-LeaderElection23: begin an election at term 1 for -1: [8b1af7ae-6f9e-4f7c-b807-4ee17c912dc1:192.168.164.216:37112], old=null
2019-10-13 19:18:16,749 [pool-193-thread-1] INFO  storage.RaftStorage (RaftStorage.java:format(84)) - Storage directory /workdir/hadoop-ozone/integration-test/target/test-dir/MiniOzoneClusterImpl-5ae201cf-45d6-4939-83ae-09959f8683c2/datanode-4/data/ratis/0ac3ac89-07dc-4b2a-8470-60b5951afd64 has been successfully formatted.
2019-10-13 19:18:16,750 [pool-163-thread-1] INFO  ratis.ContainerStateMachine (ContainerStateMachine.java:loadSnapshot(231)) - group-60B5951AFD64: The snapshot info is null. Setting the last applied indexto:(t:0, i:~)
2019-10-13 19:18:16,750 [8b1af7ae-6f9e-4f7c-b807-4ee17c912dc1@group-274E4C631BC6-LeaderElection23] INFO  impl.RoleInfo (RoleInfo.java:shutdownLeaderElection(134)) - 8b1af7ae-6f9e-4f7c-b807-4ee17c912dc1: shutdown LeaderElection
2019-10-13 19:18:16,750 [pool-163-thread-1] INFO  server.RaftServerConfigKeys (ConfUtils.java:logGet(43)) - raft.server.notification.no-leader.timeout = 120s (custom)
2019-10-13 19:18:16,750 [pool-193-thread-1] INFO  ratis.ContainerStateMachine (ContainerStateMachine.java:loadSnapshot(231)) - group-60B5951AFD64: The snapshot info is null. Setting the last applied indexto:(t:0, i:~)
2019-10-13 19:18:16,750 [pool-203-thread-1] INFO  storage.RaftStorage (RaftStorage.java:format(84)) - Storage directory /workdir/hadoop-ozone/integration-test/target/test-dir/MiniOzoneClusterImpl-5ae201cf-45d6-4939-83ae-09959f8683c2/datanode-5/data/ratis/5b0d0de3-75cd-4f84-b91b-060a9d3eae92 has been successfully formatted.
2019-10-13 19:18:16,750 [pool-163-thread-1] INFO  server.RaftServerConfigKeys (ConfUtils.java:logGet(43)) - raft.server.log.use.memory = false (default)
2019-10-13 19:18:16,750 [8b1af7ae-6f9e-4f7c-b807-4ee17c912dc1@group-274E4C631BC6-LeaderElection23] INFO  impl.RaftServerImpl (RaftServerImpl.java:setRole(170)) - 8b1af7ae-6f9e-4f7c-b807-4ee17c912dc1@group-274E4C631BC6: changes role from CANDIDATE to LEADER at term 1 for changeToLeader
2019-10-13 19:18:16,751 [pool-163-thread-1] INFO  server.RaftServerConfigKeys (ConfUtils.java:logGet(43)) - raft.server.log.purge.gap = 1000000 (custom)
2019-10-13 19:18:16,751 [pool-203-thread-1] INFO  ratis.ContainerStateMachine (ContainerStateMachine.java:loadSnapshot(231)) - group-060A9D3EAE92: The snapshot info is null. Setting the last applied indexto:(t:0, i:~)
2019-10-13 19:18:16,751 [pool-193-thread-1] INFO  server.RaftServerConfigKeys (ConfUtils.java:logGet(43)) - raft.server.notification.no-leader.timeout = 120s (custom)
2019-10-13 19:18:16,751 [pool-203-thread-1] INFO  server.RaftServerConfigKeys (ConfUtils.java:logGet(43)) - raft.server.notification.no-leader.timeout = 120s (custom)
2019-10-13 19:18:16,751 [pool-163-thread-1] INFO  server.RaftServerConfigKeys (ConfUtils.java:logGet(43)) - raft.server.log.appender.buffer.byte-limit = 33554432 (custom)
2019-10-13 19:18:16,751 [8b1af7ae-6f9e-4f7c-b807-4ee17c912dc1@group-274E4C631BC6-LeaderElection23] INFO  impl.RaftServerImpl (ServerState.java:setLeader(255)) - 8b1af7ae-6f9e-4f7c-b807-4ee17c912dc1@group-274E4C631BC6: change Leader from null to 8b1af7ae-6f9e-4f7c-b807-4ee17c912dc1 at term 1 for becomeLeader, leader elected after 12394ms
2019-10-13 19:18:16,752 [pool-163-thread-1] INFO  server.RaftServerConfigKeys (ConfUtils.java:logGet(43)) - raft.server.log.segment.size.max = 1048576 (custom)
2019-10-13 19:18:16,752 [pool-203-thread-1] INFO  server.RaftServerConfigKeys (ConfUtils.java:logGet(43)) - raft.server.log.use.memory = false (default)
2019-10-13 19:18:16,751 [pool-193-thread-1] INFO  server.RaftServerConfigKeys (ConfUtils.java:logGet(43)) - raft.server.log.use.memory = false (default)
2019-10-13 19:18:16,752 [pool-163-thread-1] INFO  server.RaftServerConfigKeys (ConfUtils.java:logGet(43)) - raft.server.log.segment.cache.num.max = 2 (custom)
2019-10-13 19:18:16,752 [pool-203-thread-1] INFO  server.RaftServerConfigKeys (ConfUtils.java:logGet(43)) - raft.server.log.purge.gap = 1000000 (custom)
2019-10-13 19:18:16,752 [8b1af7ae-6f9e-4f7c-b807-4ee17c912dc1@group-274E4C631BC6-LeaderElection23] INFO  server.RaftServerConfigKeys (ConfUtils.java:logGet(43)) - raft.server.staging.catchup.gap = 1000 (default)
2019-10-13 19:18:16,753 [pool-203-thread-1] INFO  server.RaftServerConfigKeys (ConfUtils.java:logGet(43)) - raft.server.log.appender.buffer.byte-limit = 33554432 (custom)
2019-10-13 19:18:16,752 [pool-163-thread-1] INFO  segmented.SegmentedRaftLogWorker (SegmentedRaftLogWorker.java:<init>(173)) - new c30b1c71-811a-476d-9d0f-46fc3df139c8@group-60B5951AFD64-SegmentedRaftLogWorker for RaftStorage:Storage Directory /workdir/hadoop-ozone/integration-test/target/test-dir/MiniOzoneClusterImpl-5ae201cf-45d6-4939-83ae-09959f8683c2/datanode-1/data/ratis/0ac3ac89-07dc-4b2a-8470-60b5951afd64
2019-10-13 19:18:16,752 [pool-193-thread-1] INFO  server.RaftServerConfigKeys (ConfUtils.java:logGet(43)) - raft.server.log.purge.gap = 1000000 (custom)
2019-10-13 19:18:16,753 [pool-163-thread-1] INFO  server.RaftServerConfigKeys (ConfUtils.java:logGet(43)) - raft.server.log.queue.byte-limit = 2147483647 (custom)
2019-10-13 19:18:16,753 [pool-203-thread-1] INFO  server.RaftServerConfigKeys (ConfUtils.java:logGet(43)) - raft.server.log.segment.size.max = 1048576 (custom)
2019-10-13 19:18:16,753 [8b1af7ae-6f9e-4f7c-b807-4ee17c912dc1@group-274E4C631BC6-LeaderElection23] INFO  server.RaftServerConfigKeys (ConfUtils.java:logGet(43)) - raft.server.rpc.sleep.time = 25ms (default)
2019-10-13 19:18:16,753 [pool-203-thread-1] INFO  server.RaftServerConfigKeys (ConfUtils.java:logGet(43)) - raft.server.log.segment.cache.num.max = 2 (custom)
2019-10-13 19:18:16,753 [pool-163-thread-1] INFO  server.RaftServerConfigKeys (ConfUtils.java:logGet(43)) - raft.server.log.queue.element-limit = 1024 (custom)
2019-10-13 19:18:16,753 [pool-193-thread-1] INFO  server.RaftServerConfigKeys (ConfUtils.java:logGet(43)) - raft.server.log.appender.buffer.byte-limit = 33554432 (custom)
2019-10-13 19:18:16,754 [pool-163-thread-1] INFO  server.RaftServerConfigKeys (ConfUtils.java:logGet(43)) - raft.server.log.segment.size.max = 1048576 (custom)
2019-10-13 19:18:16,754 [8b1af7ae-6f9e-4f7c-b807-4ee17c912dc1@group-274E4C631BC6-LeaderElection23] INFO  server.RaftServerConfigKeys (ConfUtils.java:logGet(43)) - raft.server.write.element-limit = 4096 (default)
2019-10-13 19:18:16,754 [pool-203-thread-1] INFO  segmented.SegmentedRaftLogWorker (SegmentedRaftLogWorker.java:<init>(173)) - new 8b1af7ae-6f9e-4f7c-b807-4ee17c912dc1@group-060A9D3EAE92-SegmentedRaftLogWorker for RaftStorage:Storage Directory /workdir/hadoop-ozone/integration-test/target/test-dir/MiniOzoneClusterImpl-5ae201cf-45d6-4939-83ae-09959f8683c2/datanode-5/data/ratis/5b0d0de3-75cd-4f84-b91b-060a9d3eae92
2019-10-13 19:18:16,754 [pool-163-thread-1] INFO  server.RaftServerConfigKeys (ConfUtils.java:logGet(43)) - raft.server.log.preallocated.size = 16384 (custom)
2019-10-13 19:18:16,754 [pool-193-thread-1] INFO  server.RaftServerConfigKeys (ConfUtils.java:logGet(43)) - raft.server.log.segment.size.max = 1048576 (custom)
2019-10-13 19:18:16,755 [pool-163-thread-1] INFO  server.RaftServerConfigKeys (ConfUtils.java:logGet(43)) - raft.server.log.write.buffer.size = 33554432 (custom)
2019-10-13 19:18:16,754 [8b1af7ae-6f9e-4f7c-b807-4ee17c912dc1@group-274E4C631BC6-LeaderElection23] INFO  server.RaftServerConfigKeys (ConfUtils.java:logGet(43)) - raft.server.watch.timeout = 10s (default)
2019-10-13 19:18:16,754 [pool-203-thread-1] INFO  server.RaftServerConfigKeys (ConfUtils.java:logGet(43)) - raft.server.log.queue.byte-limit = 2147483647 (custom)
2019-10-13 19:18:16,755 [8b1af7ae-6f9e-4f7c-b807-4ee17c912dc1@group-274E4C631BC6-LeaderElection23] INFO  server.RaftServerConfigKeys (ConfUtils.java:logGet(43)) - raft.server.watch.timeout.denomination = 1s (default)
2019-10-13 19:18:16,755 [pool-163-thread-1] INFO  server.RaftServerConfigKeys (ConfUtils.java:logGet(43)) - raft.server.log.force.sync.num = 128 (default)
2019-10-13 19:18:16,756 [pool-163-thread-1] INFO  server.RaftServerConfigKeys (ConfUtils.java:logGet(43)) - raft.server.log.statemachine.data.sync = true (default)
2019-10-13 19:18:16,755 [pool-193-thread-1] INFO  server.RaftServerConfigKeys (ConfUtils.java:logGet(43)) - raft.server.log.segment.cache.num.max = 2 (custom)
2019-10-13 19:18:16,756 [pool-163-thread-1] INFO  server.RaftServerConfigKeys (ConfUtils.java:logGet(43)) - raft.server.log.statemachine.data.sync.timeout = 10s (default)
2019-10-13 19:18:16,756 [8b1af7ae-6f9e-4f7c-b807-4ee17c912dc1@group-274E4C631BC6-LeaderElection23] INFO  server.RaftServerConfigKeys (ConfUtils.java:logGet(43)) - raft.server.watch.element-limit = 65536 (default)
2019-10-13 19:18:16,755 [pool-203-thread-1] INFO  server.RaftServerConfigKeys (ConfUtils.java:logGet(43)) - raft.server.log.queue.element-limit = 1024 (custom)
2019-10-13 19:18:16,756 [pool-163-thread-1] INFO  server.RaftServerConfigKeys (ConfUtils.java:logGet(43)) - raft.server.log.statemachine.data.sync.timeout.retry = -1 (default)
2019-10-13 19:18:16,756 [pool-193-thread-1] INFO  segmented.SegmentedRaftLogWorker (SegmentedRaftLogWorker.java:<init>(173)) - new bbe13b93-5d26-4624-8bd1-300ffbf132fa@group-60B5951AFD64-SegmentedRaftLogWorker for RaftStorage:Storage Directory /workdir/hadoop-ozone/integration-test/target/test-dir/MiniOzoneClusterImpl-5ae201cf-45d6-4939-83ae-09959f8683c2/datanode-4/data/ratis/0ac3ac89-07dc-4b2a-8470-60b5951afd64
2019-10-13 19:18:16,757 [pool-163-thread-1] INFO  server.RaftServerConfigKeys (ConfUtils.java:logGet(43)) - raft.server.log.statemachine.data.caching.enabled = true (custom)
2019-10-13 19:18:16,757 [pool-203-thread-1] INFO  server.RaftServerConfigKeys (ConfUtils.java:logGet(43)) - raft.server.log.segment.size.max = 1048576 (custom)
2019-10-13 19:18:16,757 [pool-193-thread-1] INFO  server.RaftServerConfigKeys (ConfUtils.java:logGet(43)) - raft.server.log.queue.byte-limit = 2147483647 (custom)
2019-10-13 19:18:16,757 [pool-163-thread-1] INFO  segmented.SegmentedRaftLogWorker (SegmentedRaftLogWorker.java:lambda$new$0(128)) - c30b1c71-811a-476d-9d0f-46fc3df139c8@group-60B5951AFD64-SegmentedRaftLogWorker: flushIndex: setUnconditionally 0 -> -1
2019-10-13 19:18:16,757 [pool-203-thread-1] INFO  server.RaftServerConfigKeys (ConfUtils.java:logGet(43)) - raft.server.log.preallocated.size = 16384 (custom)
2019-10-13 19:18:16,757 [pool-193-thread-1] INFO  server.RaftServerConfigKeys (ConfUtils.java:logGet(43)) - raft.server.log.queue.element-limit = 1024 (custom)
2019-10-13 19:18:16,758 [pool-163-thread-1] INFO  server.RaftServerConfigKeys (ConfUtils.java:logGet(43)) - raft.server.snapshot.auto.trigger.enabled = true (custom)
2019-10-13 19:18:16,758 [pool-203-thread-1] INFO  server.RaftServerConfigKeys (ConfUtils.java:logGet(43)) - raft.server.log.write.buffer.size = 33554432 (custom)
2019-10-13 19:18:16,758 [pool-163-thread-1] INFO  server.RaftServerConfigKeys (ConfUtils.java:logGet(43)) - raft.server.snapshot.auto.trigger.threshold = 10000 (custom)
2019-10-13 19:18:16,758 [pool-193-thread-1] INFO  server.RaftServerConfigKeys (ConfUtils.java:logGet(43)) - raft.server.log.segment.size.max = 1048576 (custom)
2019-10-13 19:18:16,758 [pool-163-thread-1] INFO  server.RaftServerConfigKeys (ConfUtils.java:logGet(43)) - raft.server.snapshot.retention.file.num = 5 (custom)
2019-10-13 19:18:16,758 [pool-203-thread-1] INFO  server.RaftServerConfigKeys (ConfUtils.java:logGet(43)) - raft.server.log.force.sync.num = 128 (default)
2019-10-13 19:18:16,759 [pool-163-thread-1] INFO  server.RaftServerConfigKeys (ConfUtils.java:logGet(43)) - raft.server.retrycache.expirytime = 600000ms (custom)
2019-10-13 19:18:16,758 [pool-193-thread-1] INFO  server.RaftServerConfigKeys (ConfUtils.java:logGet(43)) - raft.server.log.preallocated.size = 16384 (custom)
2019-10-13 19:18:16,759 [pool-203-thread-1] INFO  server.RaftServerConfigKeys (ConfUtils.java:logGet(43)) - raft.server.log.statemachine.data.sync = true (default)
2019-10-13 19:18:16,759 [pool-193-thread-1] INFO  server.RaftServerConfigKeys (ConfUtils.java:logGet(43)) - raft.server.log.write.buffer.size = 33554432 (custom)
2019-10-13 19:18:16,759 [pool-203-thread-1] INFO  server.RaftServerConfigKeys (ConfUtils.java:logGet(43)) - raft.server.log.statemachine.data.sync.timeout = 10s (default)
2019-10-13 19:18:16,759 [pool-193-thread-1] INFO  server.RaftServerConfigKeys (ConfUtils.java:logGet(43)) - raft.server.log.force.sync.num = 128 (default)
2019-10-13 19:18:16,759 [pool-203-thread-1] INFO  server.RaftServerConfigKeys (ConfUtils.java:logGet(43)) - raft.server.log.statemachine.data.sync.timeout.retry = -1 (default)
2019-10-13 19:18:16,759 [8b1af7ae-6f9e-4f7c-b807-4ee17c912dc1@group-274E4C631BC6-LeaderElection23] INFO  impl.RoleInfo (RoleInfo.java:updateAndGet(143)) - 8b1af7ae-6f9e-4f7c-b807-4ee17c912dc1: start LeaderState
2019-10-13 19:18:16,760 [pool-203-thread-1] INFO  server.RaftServerConfigKeys (ConfUtils.java:logGet(43)) - raft.server.log.statemachine.data.caching.enabled = true (custom)
2019-10-13 19:18:16,760 [pool-193-thread-1] INFO  server.RaftServerConfigKeys (ConfUtils.java:logGet(43)) - raft.server.log.statemachine.data.sync = true (default)
2019-10-13 19:18:16,760 [pool-203-thread-1] INFO  segmented.SegmentedRaftLogWorker (SegmentedRaftLogWorker.java:lambda$new$0(128)) - 8b1af7ae-6f9e-4f7c-b807-4ee17c912dc1@group-060A9D3EAE92-SegmentedRaftLogWorker: flushIndex: setUnconditionally 0 -> -1
2019-10-13 19:18:16,760 [pool-193-thread-1] INFO  server.RaftServerConfigKeys (ConfUtils.java:logGet(43)) - raft.server.log.statemachine.data.sync.timeout = 10s (default)
2019-10-13 19:18:16,760 [pool-203-thread-1] INFO  server.RaftServerConfigKeys (ConfUtils.java:logGet(43)) - raft.server.snapshot.auto.trigger.enabled = true (custom)
2019-10-13 19:18:16,760 [pool-193-thread-1] INFO  server.RaftServerConfigKeys (ConfUtils.java:logGet(43)) - raft.server.log.statemachine.data.sync.timeout.retry = -1 (default)
2019-10-13 19:18:16,760 [8b1af7ae-6f9e-4f7c-b807-4ee17c912dc1@group-274E4C631BC6-LeaderElection23] INFO  segmented.SegmentedRaftLogWorker (SegmentedRaftLogWorker.java:startLogSegment(385)) - 8b1af7ae-6f9e-4f7c-b807-4ee17c912dc1@group-274E4C631BC6-SegmentedRaftLogWorker: Starting segment from index:0
2019-10-13 19:18:16,761 [pool-193-thread-1] INFO  server.RaftServerConfigKeys (ConfUtils.java:logGet(43)) - raft.server.log.statemachine.data.caching.enabled = true (custom)
2019-10-13 19:18:16,760 [pool-203-thread-1] INFO  server.RaftServerConfigKeys (ConfUtils.java:logGet(43)) - raft.server.snapshot.auto.trigger.threshold = 10000 (custom)
2019-10-13 19:18:16,761 [pool-203-thread-1] INFO  server.RaftServerConfigKeys (ConfUtils.java:logGet(43)) - raft.server.snapshot.retention.file.num = 5 (custom)
2019-10-13 19:18:16,761 [pool-193-thread-1] INFO  segmented.SegmentedRaftLogWorker (SegmentedRaftLogWorker.java:lambda$new$0(128)) - bbe13b93-5d26-4624-8bd1-300ffbf132fa@group-60B5951AFD64-SegmentedRaftLogWorker: flushIndex: setUnconditionally 0 -> -1
2019-10-13 19:18:16,761 [pool-203-thread-1] INFO  server.RaftServerConfigKeys (ConfUtils.java:logGet(43)) - raft.server.retrycache.expirytime = 600000ms (custom)
2019-10-13 19:18:16,761 [8b1af7ae-6f9e-4f7c-b807-4ee17c912dc1@group-274E4C631BC6-LeaderElection23] INFO  impl.RaftServerImpl (ServerState.java:setRaftConf(356)) - 8b1af7ae-6f9e-4f7c-b807-4ee17c912dc1@group-274E4C631BC6: set configuration 0: [8b1af7ae-6f9e-4f7c-b807-4ee17c912dc1:192.168.164.216:37112], old=null at 0
2019-10-13 19:18:16,761 [pool-163-thread-1] INFO  impl.RaftServerImpl (RaftServerImpl.java:start(181)) - c30b1c71-811a-476d-9d0f-46fc3df139c8@group-F0B08912F089: start as a follower, conf=-1: [bbe13b93-5d26-4624-8bd1-300ffbf132fa:192.168.164.216:40251, c30b1c71-811a-476d-9d0f-46fc3df139c8:192.168.164.216:43747, 8b1af7ae-6f9e-4f7c-b807-4ee17c912dc1:192.168.164.216:37112], old=null
2019-10-13 19:18:16,762 [pool-193-thread-1] INFO  server.RaftServerConfigKeys (ConfUtils.java:logGet(43)) - raft.server.snapshot.auto.trigger.enabled = true (custom)
2019-10-13 19:18:16,762 [pool-163-thread-1] INFO  impl.RaftServerImpl (RaftServerImpl.java:setRole(170)) - c30b1c71-811a-476d-9d0f-46fc3df139c8@group-F0B08912F089: changes role from      null to FOLLOWER at term 0 for startAsFollower
2019-10-13 19:18:16,762 [pool-193-thread-1] INFO  server.RaftServerConfigKeys (ConfUtils.java:logGet(43)) - raft.server.snapshot.auto.trigger.threshold = 10000 (custom)
2019-10-13 19:18:16,762 [pool-163-thread-1] INFO  impl.RoleInfo (RoleInfo.java:updateAndGet(143)) - c30b1c71-811a-476d-9d0f-46fc3df139c8: start FollowerState
2019-10-13 19:18:16,762 [pool-193-thread-1] INFO  server.RaftServerConfigKeys (ConfUtils.java:logGet(43)) - raft.server.snapshot.retention.file.num = 5 (custom)
2019-10-13 19:18:16,763 [pool-193-thread-1] INFO  server.RaftServerConfigKeys (ConfUtils.java:logGet(43)) - raft.server.retrycache.expirytime = 600000ms (custom)
2019-10-13 19:18:16,763 [pool-163-thread-1] INFO  util.JmxRegister (JmxRegister.java:tryRegister(44)) - Successfully registered JMX Bean with object name Ratis:service=RaftServer,group=group-F0B08912F089,id=c30b1c71-811a-476d-9d0f-46fc3df139c8
2019-10-13 19:18:16,765 [pool-203-thread-1] INFO  impl.RaftServerImpl (RaftServerImpl.java:<init>(95)) - 8b1af7ae-6f9e-4f7c-b807-4ee17c912dc1: new RaftServerImpl for group-60B5951AFD64:[bbe13b93-5d26-4624-8bd1-300ffbf132fa:192.168.164.216:40251, c30b1c71-811a-476d-9d0f-46fc3df139c8:192.168.164.216:43747, 8b1af7ae-6f9e-4f7c-b807-4ee17c912dc1:192.168.164.216:37112] with ContainerStateMachine:uninitialized
2019-10-13 19:18:16,765 [pool-203-thread-1] INFO  server.RaftServerConfigKeys (ConfUtils.java:logGet(43)) - raft.server.rpc.timeout.min = 1s (custom)
2019-10-13 19:18:16,765 [pool-203-thread-1] INFO  server.RaftServerConfigKeys (ConfUtils.java:logGet(43)) - raft.server.rpc.timeout.max = 1200ms (custom)
2019-10-13 19:18:16,765 [pool-203-thread-1] INFO  server.RaftServerConfigKeys (ConfUtils.java:logGet(43)) - raft.server.rpcslowness.timeout = 120s (custom)
2019-10-13 19:18:16,765 [pool-203-thread-1] INFO  server.RaftServerConfigKeys (ConfUtils.java:logGet(43)) - raft.server.sleep.deviation.threshold = 300 (default)
2019-10-13 19:18:16,765 [pool-193-thread-1] INFO  impl.RaftServerImpl (RaftServerImpl.java:start(181)) - bbe13b93-5d26-4624-8bd1-300ffbf132fa@group-F0B08912F089: start as a follower, conf=-1: [bbe13b93-5d26-4624-8bd1-300ffbf132fa:192.168.164.216:40251, c30b1c71-811a-476d-9d0f-46fc3df139c8:192.168.164.216:43747, 8b1af7ae-6f9e-4f7c-b807-4ee17c912dc1:192.168.164.216:37112], old=null
2019-10-13 19:18:16,765 [pool-203-thread-1] INFO  server.RaftServerConfigKeys (ConfUtils.java:logGet(43)) - raft.server.log.appender.install.snapshot.enabled = false (custom)
2019-10-13 19:18:16,766 [pool-193-thread-1] INFO  impl.RaftServerImpl (RaftServerImpl.java:setRole(170)) - bbe13b93-5d26-4624-8bd1-300ffbf132fa@group-F0B08912F089: changes role from      null to FOLLOWER at term 0 for startAsFollower
2019-10-13 19:18:16,766 [pool-203-thread-1] INFO  impl.RaftServerImpl (ServerState.java:<init>(103)) - 8b1af7ae-6f9e-4f7c-b807-4ee17c912dc1@group-60B5951AFD64: ConfigurationManager, init=-1: [bbe13b93-5d26-4624-8bd1-300ffbf132fa:192.168.164.216:40251, c30b1c71-811a-476d-9d0f-46fc3df139c8:192.168.164.216:43747, 8b1af7ae-6f9e-4f7c-b807-4ee17c912dc1:192.168.164.216:37112], old=null, confs=<EMPTY_MAP>
2019-10-13 19:18:16,766 [pool-193-thread-1] INFO  impl.RoleInfo (RoleInfo.java:updateAndGet(143)) - bbe13b93-5d26-4624-8bd1-300ffbf132fa: start FollowerState
2019-10-13 19:18:16,766 [pool-203-thread-1] INFO  server.RaftServerConfigKeys (ConfUtils.java:logGet(43)) - raft.server.storage.dir = [/workdir/hadoop-ozone/integration-test/target/test-dir/MiniOzoneClusterImpl-5ae201cf-45d6-4939-83ae-09959f8683c2/datanode-5/data/ratis] (custom)
2019-10-13 19:18:16,766 [pool-203-thread-1] INFO  server.RaftServerConfigKeys (ConfUtils.java:logGet(43)) - raft.server.log.corruption.policy = EXCEPTION (default)
2019-10-13 19:18:16,766 [pool-193-thread-1] INFO  util.JmxRegister (JmxRegister.java:tryRegister(44)) - Successfully registered JMX Bean with object name Ratis:service=RaftServer,group=group-F0B08912F089,id=bbe13b93-5d26-4624-8bd1-300ffbf132fa
2019-10-13 19:18:16,766 [pool-203-thread-1] INFO  storage.RaftStorageDirectory (RaftStorageDirectory.java:analyzeStorage(246)) - The storage directory /workdir/hadoop-ozone/integration-test/target/test-dir/MiniOzoneClusterImpl-5ae201cf-45d6-4939-83ae-09959f8683c2/datanode-5/data/ratis/0ac3ac89-07dc-4b2a-8470-60b5951afd64 does not exist. Creating ...
2019-10-13 19:18:16,768 [pool-163-thread-1] INFO  impl.RaftServerImpl (RaftServerImpl.java:<init>(95)) - c30b1c71-811a-476d-9d0f-46fc3df139c8: new RaftServerImpl for group-0D2F692B8300:[bbe13b93-5d26-4624-8bd1-300ffbf132fa:192.168.164.216:40251, c30b1c71-811a-476d-9d0f-46fc3df139c8:192.168.164.216:43747, 8b1af7ae-6f9e-4f7c-b807-4ee17c912dc1:192.168.164.216:37112] with ContainerStateMachine:uninitialized
2019-10-13 19:18:16,769 [pool-163-thread-1] INFO  server.RaftServerConfigKeys (ConfUtils.java:logGet(43)) - raft.server.rpc.timeout.min = 1s (custom)
2019-10-13 19:18:16,769 [pool-163-thread-1] INFO  server.RaftServerConfigKeys (ConfUtils.java:logGet(43)) - raft.server.rpc.timeout.max = 1200ms (custom)
2019-10-13 19:18:16,769 [pool-163-thread-1] INFO  server.RaftServerConfigKeys (ConfUtils.java:logGet(43)) - raft.server.rpcslowness.timeout = 120s (custom)
2019-10-13 19:18:16,769 [pool-163-thread-1] INFO  server.RaftServerConfigKeys (ConfUtils.java:logGet(43)) - raft.server.sleep.deviation.threshold = 300 (default)
2019-10-13 19:18:16,769 [pool-163-thread-1] INFO  server.RaftServerConfigKeys (ConfUtils.java:logGet(43)) - raft.server.log.appender.install.snapshot.enabled = false (custom)
2019-10-13 19:18:16,769 [pool-163-thread-1] INFO  impl.RaftServerImpl (ServerState.java:<init>(103)) - c30b1c71-811a-476d-9d0f-46fc3df139c8@group-0D2F692B8300: ConfigurationManager, init=-1: [bbe13b93-5d26-4624-8bd1-300ffbf132fa:192.168.164.216:40251, c30b1c71-811a-476d-9d0f-46fc3df139c8:192.168.164.216:43747, 8b1af7ae-6f9e-4f7c-b807-4ee17c912dc1:192.168.164.216:37112], old=null, confs=<EMPTY_MAP>
2019-10-13 19:18:16,770 [pool-163-thread-1] INFO  server.RaftServerConfigKeys (ConfUtils.java:logGet(43)) - raft.server.storage.dir = [/workdir/hadoop-ozone/integration-test/target/test-dir/MiniOzoneClusterImpl-5ae201cf-45d6-4939-83ae-09959f8683c2/datanode-1/data/ratis] (custom)
2019-10-13 19:18:16,770 [pool-163-thread-1] INFO  server.RaftServerConfigKeys (ConfUtils.java:logGet(43)) - raft.server.log.corruption.policy = EXCEPTION (default)
2019-10-13 19:18:16,770 [pool-163-thread-1] INFO  storage.RaftStorageDirectory (RaftStorageDirectory.java:analyzeStorage(246)) - The storage directory /workdir/hadoop-ozone/integration-test/target/test-dir/MiniOzoneClusterImpl-5ae201cf-45d6-4939-83ae-09959f8683c2/datanode-1/data/ratis/eba138c2-4424-4244-9fb3-0d2f692b8300 does not exist. Creating ...
2019-10-13 19:18:16,771 [pool-193-thread-1] INFO  impl.RaftServerImpl (RaftServerImpl.java:<init>(95)) - bbe13b93-5d26-4624-8bd1-300ffbf132fa: new RaftServerImpl for group-0D2F692B8300:[bbe13b93-5d26-4624-8bd1-300ffbf132fa:192.168.164.216:40251, c30b1c71-811a-476d-9d0f-46fc3df139c8:192.168.164.216:43747, 8b1af7ae-6f9e-4f7c-b807-4ee17c912dc1:192.168.164.216:37112] with ContainerStateMachine:uninitialized
2019-10-13 19:18:16,771 [pool-193-thread-1] INFO  server.RaftServerConfigKeys (ConfUtils.java:logGet(43)) - raft.server.rpc.timeout.min = 1s (custom)
2019-10-13 19:18:16,771 [pool-193-thread-1] INFO  server.RaftServerConfigKeys (ConfUtils.java:logGet(43)) - raft.server.rpc.timeout.max = 1200ms (custom)
2019-10-13 19:18:16,771 [pool-193-thread-1] INFO  server.RaftServerConfigKeys (ConfUtils.java:logGet(43)) - raft.server.rpcslowness.timeout = 120s (custom)
2019-10-13 19:18:16,771 [pool-193-thread-1] INFO  server.RaftServerConfigKeys (ConfUtils.java:logGet(43)) - raft.server.sleep.deviation.threshold = 300 (default)
2019-10-13 19:18:16,771 [pool-193-thread-1] INFO  server.RaftServerConfigKeys (ConfUtils.java:logGet(43)) - raft.server.log.appender.install.snapshot.enabled = false (custom)
2019-10-13 19:18:16,771 [pool-193-thread-1] INFO  impl.RaftServerImpl (ServerState.java:<init>(103)) - bbe13b93-5d26-4624-8bd1-300ffbf132fa@group-0D2F692B8300: ConfigurationManager, init=-1: [bbe13b93-5d26-4624-8bd1-300ffbf132fa:192.168.164.216:40251, c30b1c71-811a-476d-9d0f-46fc3df139c8:192.168.164.216:43747, 8b1af7ae-6f9e-4f7c-b807-4ee17c912dc1:192.168.164.216:37112], old=null, confs=<EMPTY_MAP>
2019-10-13 19:18:16,772 [pool-193-thread-1] INFO  server.RaftServerConfigKeys (ConfUtils.java:logGet(43)) - raft.server.storage.dir = [/workdir/hadoop-ozone/integration-test/target/test-dir/MiniOzoneClusterImpl-5ae201cf-45d6-4939-83ae-09959f8683c2/datanode-4/data/ratis] (custom)
2019-10-13 19:18:16,772 [pool-193-thread-1] INFO  server.RaftServerConfigKeys (ConfUtils.java:logGet(43)) - raft.server.log.corruption.policy = EXCEPTION (default)
2019-10-13 19:18:16,772 [pool-193-thread-1] INFO  storage.RaftStorageDirectory (RaftStorageDirectory.java:analyzeStorage(246)) - The storage directory /workdir/hadoop-ozone/integration-test/target/test-dir/MiniOzoneClusterImpl-5ae201cf-45d6-4939-83ae-09959f8683c2/datanode-4/data/ratis/eba138c2-4424-4244-9fb3-0d2f692b8300 does not exist. Creating ...
2019-10-13 19:18:16,826 [pool-163-thread-1] INFO  storage.RaftStorageDirectory (RaftStorageDirectory.java:tryLock(328)) - Lock on /workdir/hadoop-ozone/integration-test/target/test-dir/MiniOzoneClusterImpl-5ae201cf-45d6-4939-83ae-09959f8683c2/datanode-1/data/ratis/eba138c2-4424-4244-9fb3-0d2f692b8300/in_use.lock acquired by nodename 29684@pr-hdds-2267-swqn2-2570148001
2019-10-13 19:18:16,826 [pool-203-thread-1] INFO  storage.RaftStorageDirectory (RaftStorageDirectory.java:tryLock(328)) - Lock on /workdir/hadoop-ozone/integration-test/target/test-dir/MiniOzoneClusterImpl-5ae201cf-45d6-4939-83ae-09959f8683c2/datanode-5/data/ratis/0ac3ac89-07dc-4b2a-8470-60b5951afd64/in_use.lock acquired by nodename 29684@pr-hdds-2267-swqn2-2570148001
2019-10-13 19:18:16,826 [pool-193-thread-1] INFO  storage.RaftStorageDirectory (RaftStorageDirectory.java:tryLock(328)) - Lock on /workdir/hadoop-ozone/integration-test/target/test-dir/MiniOzoneClusterImpl-5ae201cf-45d6-4939-83ae-09959f8683c2/datanode-4/data/ratis/eba138c2-4424-4244-9fb3-0d2f692b8300/in_use.lock acquired by nodename 29684@pr-hdds-2267-swqn2-2570148001
2019-10-13 19:18:16,846 [8b1af7ae-6f9e-4f7c-b807-4ee17c912dc1@group-274E4C631BC6-SegmentedRaftLogWorker] INFO  segmented.SegmentedRaftLogWorker (SegmentedRaftLogWorker.java:execute(574)) - 8b1af7ae-6f9e-4f7c-b807-4ee17c912dc1@group-274E4C631BC6-SegmentedRaftLogWorker: created new log segment /workdir/hadoop-ozone/integration-test/target/test-dir/MiniOzoneClusterImpl-5ae201cf-45d6-4939-83ae-09959f8683c2/datanode-5/data/ratis/ba9c61ff-250e-464c-a95b-274e4c631bc6/current/log_inprogress_0
2019-10-13 19:18:16,889 [pool-203-thread-1] INFO  storage.RaftStorage (RaftStorage.java:format(84)) - Storage directory /workdir/hadoop-ozone/integration-test/target/test-dir/MiniOzoneClusterImpl-5ae201cf-45d6-4939-83ae-09959f8683c2/datanode-5/data/ratis/0ac3ac89-07dc-4b2a-8470-60b5951afd64 has been successfully formatted.
2019-10-13 19:18:16,889 [pool-193-thread-1] INFO  storage.RaftStorage (RaftStorage.java:format(84)) - Storage directory /workdir/hadoop-ozone/integration-test/target/test-dir/MiniOzoneClusterImpl-5ae201cf-45d6-4939-83ae-09959f8683c2/datanode-4/data/ratis/eba138c2-4424-4244-9fb3-0d2f692b8300 has been successfully formatted.
2019-10-13 19:18:16,889 [pool-163-thread-1] INFO  storage.RaftStorage (RaftStorage.java:format(84)) - Storage directory /workdir/hadoop-ozone/integration-test/target/test-dir/MiniOzoneClusterImpl-5ae201cf-45d6-4939-83ae-09959f8683c2/datanode-1/data/ratis/eba138c2-4424-4244-9fb3-0d2f692b8300 has been successfully formatted.
2019-10-13 19:18:16,889 [pool-203-thread-1] INFO  ratis.ContainerStateMachine (ContainerStateMachine.java:loadSnapshot(231)) - group-60B5951AFD64: The snapshot info is null. Setting the last applied indexto:(t:0, i:~)
2019-10-13 19:18:16,890 [pool-163-thread-1] INFO  ratis.ContainerStateMachine (ContainerStateMachine.java:loadSnapshot(231)) - group-0D2F692B8300: The snapshot info is null. Setting the last applied indexto:(t:0, i:~)
2019-10-13 19:18:16,889 [pool-193-thread-1] INFO  ratis.ContainerStateMachine (ContainerStateMachine.java:loadSnapshot(231)) - group-0D2F692B8300: The snapshot info is null. Setting the last applied indexto:(t:0, i:~)
2019-10-13 19:18:16,890 [pool-163-thread-1] INFO  server.RaftServerConfigKeys (ConfUtils.java:logGet(43)) - raft.server.notification.no-leader.timeout = 120s (custom)
2019-10-13 19:18:16,890 [pool-203-thread-1] INFO  server.RaftServerConfigKeys (ConfUtils.java:logGet(43)) - raft.server.notification.no-leader.timeout = 120s (custom)
2019-10-13 19:18:16,890 [pool-163-thread-1] INFO  server.RaftServerConfigKeys (ConfUtils.java:logGet(43)) - raft.server.log.use.memory = false (default)
2019-10-13 19:18:16,890 [pool-193-thread-1] INFO  server.RaftServerConfigKeys (ConfUtils.java:logGet(43)) - raft.server.notification.no-leader.timeout = 120s (custom)
2019-10-13 19:18:16,890 [pool-163-thread-1] INFO  server.RaftServerConfigKeys (ConfUtils.java:logGet(43)) - raft.server.log.purge.gap = 1000000 (custom)
2019-10-13 19:18:16,890 [pool-203-thread-1] INFO  server.RaftServerConfigKeys (ConfUtils.java:logGet(43)) - raft.server.log.use.memory = false (default)
2019-10-13 19:18:16,890 [pool-163-thread-1] INFO  server.RaftServerConfigKeys (ConfUtils.java:logGet(43)) - raft.server.log.appender.buffer.byte-limit = 33554432 (custom)
2019-10-13 19:18:16,890 [pool-193-thread-1] INFO  server.RaftServerConfigKeys (ConfUtils.java:logGet(43)) - raft.server.log.use.memory = false (default)
2019-10-13 19:18:16,891 [pool-163-thread-1] INFO  server.RaftServerConfigKeys (ConfUtils.java:logGet(43)) - raft.server.log.segment.size.max = 1048576 (custom)
2019-10-13 19:18:16,890 [pool-203-thread-1] INFO  server.RaftServerConfigKeys (ConfUtils.java:logGet(43)) - raft.server.log.purge.gap = 1000000 (custom)
2019-10-13 19:18:16,891 [pool-163-thread-1] INFO  server.RaftServerConfigKeys (ConfUtils.java:logGet(43)) - raft.server.log.segment.cache.num.max = 2 (custom)
2019-10-13 19:18:16,891 [pool-193-thread-1] INFO  server.RaftServerConfigKeys (ConfUtils.java:logGet(43)) - raft.server.log.purge.gap = 1000000 (custom)
2019-10-13 19:18:16,891 [pool-163-thread-1] INFO  segmented.SegmentedRaftLogWorker (SegmentedRaftLogWorker.java:<init>(173)) - new c30b1c71-811a-476d-9d0f-46fc3df139c8@group-0D2F692B8300-SegmentedRaftLogWorker for RaftStorage:Storage Directory /workdir/hadoop-ozone/integration-test/target/test-dir/MiniOzoneClusterImpl-5ae201cf-45d6-4939-83ae-09959f8683c2/datanode-1/data/ratis/eba138c2-4424-4244-9fb3-0d2f692b8300
2019-10-13 19:18:16,891 [pool-163-thread-1] INFO  server.RaftServerConfigKeys (ConfUtils.java:logGet(43)) - raft.server.log.queue.byte-limit = 2147483647 (custom)
2019-10-13 19:18:16,891 [pool-203-thread-1] INFO  server.RaftServerConfigKeys (ConfUtils.java:logGet(43)) - raft.server.log.appender.buffer.byte-limit = 33554432 (custom)
2019-10-13 19:18:16,891 [pool-163-thread-1] INFO  server.RaftServerConfigKeys (ConfUtils.java:logGet(43)) - raft.server.log.queue.element-limit = 1024 (custom)
2019-10-13 19:18:16,891 [pool-193-thread-1] INFO  server.RaftServerConfigKeys (ConfUtils.java:logGet(43)) - raft.server.log.appender.buffer.byte-limit = 33554432 (custom)
2019-10-13 19:18:16,892 [pool-163-thread-1] INFO  server.RaftServerConfigKeys (ConfUtils.java:logGet(43)) - raft.server.log.segment.size.max = 1048576 (custom)
2019-10-13 19:18:16,892 [pool-163-thread-1] INFO  server.RaftServerConfigKeys (ConfUtils.java:logGet(43)) - raft.server.log.preallocated.size = 16384 (custom)
2019-10-13 19:18:16,891 [pool-203-thread-1] INFO  server.RaftServerConfigKeys (ConfUtils.java:logGet(43)) - raft.server.log.segment.size.max = 1048576 (custom)
2019-10-13 19:18:16,892 [pool-163-thread-1] INFO  server.RaftServerConfigKeys (ConfUtils.java:logGet(43)) - raft.server.log.write.buffer.size = 33554432 (custom)
2019-10-13 19:18:16,892 [pool-193-thread-1] INFO  server.RaftServerConfigKeys (ConfUtils.java:logGet(43)) - raft.server.log.segment.size.max = 1048576 (custom)
2019-10-13 19:18:16,892 [pool-163-thread-1] INFO  server.RaftServerConfigKeys (ConfUtils.java:logGet(43)) - raft.server.log.force.sync.num = 128 (default)
2019-10-13 19:18:16,892 [pool-203-thread-1] INFO  server.RaftServerConfigKeys (ConfUtils.java:logGet(43)) - raft.server.log.segment.cache.num.max = 2 (custom)
2019-10-13 19:18:16,892 [pool-163-thread-1] INFO  server.RaftServerConfigKeys (ConfUtils.java:logGet(43)) - raft.server.log.statemachine.data.sync = true (default)
2019-10-13 19:18:16,892 [pool-193-thread-1] INFO  server.RaftServerConfigKeys (ConfUtils.java:logGet(43)) - raft.server.log.segment.cache.num.max = 2 (custom)
2019-10-13 19:18:16,893 [pool-163-thread-1] INFO  server.RaftServerConfigKeys (ConfUtils.java:logGet(43)) - raft.server.log.statemachine.data.sync.timeout = 10s (default)
2019-10-13 19:18:16,892 [pool-203-thread-1] INFO  segmented.SegmentedRaftLogWorker (SegmentedRaftLogWorker.java:<init>(173)) - new 8b1af7ae-6f9e-4f7c-b807-4ee17c912dc1@group-60B5951AFD64-SegmentedRaftLogWorker for RaftStorage:Storage Directory /workdir/hadoop-ozone/integration-test/target/test-dir/MiniOzoneClusterImpl-5ae201cf-45d6-4939-83ae-09959f8683c2/datanode-5/data/ratis/0ac3ac89-07dc-4b2a-8470-60b5951afd64
2019-10-13 19:18:16,893 [pool-163-thread-1] INFO  server.RaftServerConfigKeys (ConfUtils.java:logGet(43)) - raft.server.log.statemachine.data.sync.timeout.retry = -1 (default)
2019-10-13 19:18:16,893 [pool-193-thread-1] INFO  segmented.SegmentedRaftLogWorker (SegmentedRaftLogWorker.java:<init>(173)) - new bbe13b93-5d26-4624-8bd1-300ffbf132fa@group-0D2F692B8300-SegmentedRaftLogWorker for RaftStorage:Storage Directory /workdir/hadoop-ozone/integration-test/target/test-dir/MiniOzoneClusterImpl-5ae201cf-45d6-4939-83ae-09959f8683c2/datanode-4/data/ratis/eba138c2-4424-4244-9fb3-0d2f692b8300
2019-10-13 19:18:16,893 [pool-163-thread-1] INFO  server.RaftServerConfigKeys (ConfUtils.java:logGet(43)) - raft.server.log.statemachine.data.caching.enabled = true (custom)
2019-10-13 19:18:16,893 [pool-203-thread-1] INFO  server.RaftServerConfigKeys (ConfUtils.java:logGet(43)) - raft.server.log.queue.byte-limit = 2147483647 (custom)
2019-10-13 19:18:16,893 [pool-193-thread-1] INFO  server.RaftServerConfigKeys (ConfUtils.java:logGet(43)) - raft.server.log.queue.byte-limit = 2147483647 (custom)
2019-10-13 19:18:16,893 [pool-163-thread-1] INFO  segmented.SegmentedRaftLogWorker (SegmentedRaftLogWorker.java:lambda$new$0(128)) - c30b1c71-811a-476d-9d0f-46fc3df139c8@group-0D2F692B8300-SegmentedRaftLogWorker: flushIndex: setUnconditionally 0 -> -1
2019-10-13 19:18:16,893 [pool-203-thread-1] INFO  server.RaftServerConfigKeys (ConfUtils.java:logGet(43)) - raft.server.log.queue.element-limit = 1024 (custom)
2019-10-13 19:18:16,894 [pool-193-thread-1] INFO  server.RaftServerConfigKeys (ConfUtils.java:logGet(43)) - raft.server.log.queue.element-limit = 1024 (custom)
2019-10-13 19:18:16,894 [pool-163-thread-1] INFO  server.RaftServerConfigKeys (ConfUtils.java:logGet(43)) - raft.server.snapshot.auto.trigger.enabled = true (custom)
2019-10-13 19:18:16,894 [pool-203-thread-1] INFO  server.RaftServerConfigKeys (ConfUtils.java:logGet(43)) - raft.server.log.segment.size.max = 1048576 (custom)
2019-10-13 19:18:16,894 [pool-163-thread-1] INFO  server.RaftServerConfigKeys (ConfUtils.java:logGet(43)) - raft.server.snapshot.auto.trigger.threshold = 10000 (custom)
2019-10-13 19:18:16,894 [pool-193-thread-1] INFO  server.RaftServerConfigKeys (ConfUtils.java:logGet(43)) - raft.server.log.segment.size.max = 1048576 (custom)
2019-10-13 19:18:16,894 [pool-163-thread-1] INFO  server.RaftServerConfigKeys (ConfUtils.java:logGet(43)) - raft.server.snapshot.retention.file.num = 5 (custom)
2019-10-13 19:18:16,894 [pool-203-thread-1] INFO  server.RaftServerConfigKeys (ConfUtils.java:logGet(43)) - raft.server.log.preallocated.size = 16384 (custom)
2019-10-13 19:18:16,895 [pool-163-thread-1] INFO  server.RaftServerConfigKeys (ConfUtils.java:logGet(43)) - raft.server.retrycache.expirytime = 600000ms (custom)
2019-10-13 19:18:16,894 [pool-193-thread-1] INFO  server.RaftServerConfigKeys (ConfUtils.java:logGet(43)) - raft.server.log.preallocated.size = 16384 (custom)
2019-10-13 19:18:16,895 [pool-203-thread-1] INFO  server.RaftServerConfigKeys (ConfUtils.java:logGet(43)) - raft.server.log.write.buffer.size = 33554432 (custom)
2019-10-13 19:18:16,895 [pool-193-thread-1] INFO  server.RaftServerConfigKeys (ConfUtils.java:logGet(43)) - raft.server.log.write.buffer.size = 33554432 (custom)
2019-10-13 19:18:16,895 [pool-203-thread-1] INFO  server.RaftServerConfigKeys (ConfUtils.java:logGet(43)) - raft.server.log.force.sync.num = 128 (default)
2019-10-13 19:18:16,895 [pool-193-thread-1] INFO  server.RaftServerConfigKeys (ConfUtils.java:logGet(43)) - raft.server.log.force.sync.num = 128 (default)
2019-10-13 19:18:16,895 [pool-193-thread-1] INFO  server.RaftServerConfigKeys (ConfUtils.java:logGet(43)) - raft.server.log.statemachine.data.sync = true (default)
2019-10-13 19:18:16,895 [pool-203-thread-1] INFO  server.RaftServerConfigKeys (ConfUtils.java:logGet(43)) - raft.server.log.statemachine.data.sync = true (default)
2019-10-13 19:18:16,895 [pool-193-thread-1] INFO  server.RaftServerConfigKeys (ConfUtils.java:logGet(43)) - raft.server.log.statemachine.data.sync.timeout = 10s (default)
2019-10-13 19:18:16,896 [pool-203-thread-1] INFO  server.RaftServerConfigKeys (ConfUtils.java:logGet(43)) - raft.server.log.statemachine.data.sync.timeout = 10s (default)
2019-10-13 19:18:16,896 [pool-193-thread-1] INFO  server.RaftServerConfigKeys (ConfUtils.java:logGet(43)) - raft.server.log.statemachine.data.sync.timeout.retry = -1 (default)
2019-10-13 19:18:16,896 [pool-203-thread-1] INFO  server.RaftServerConfigKeys (ConfUtils.java:logGet(43)) - raft.server.log.statemachine.data.sync.timeout.retry = -1 (default)
2019-10-13 19:18:16,896 [pool-193-thread-1] INFO  server.RaftServerConfigKeys (ConfUtils.java:logGet(43)) - raft.server.log.statemachine.data.caching.enabled = true (custom)
2019-10-13 19:18:16,896 [pool-203-thread-1] INFO  server.RaftServerConfigKeys (ConfUtils.java:logGet(43)) - raft.server.log.statemachine.data.caching.enabled = true (custom)
2019-10-13 19:18:16,896 [pool-193-thread-1] INFO  segmented.SegmentedRaftLogWorker (SegmentedRaftLogWorker.java:lambda$new$0(128)) - bbe13b93-5d26-4624-8bd1-300ffbf132fa@group-0D2F692B8300-SegmentedRaftLogWorker: flushIndex: setUnconditionally 0 -> -1
2019-10-13 19:18:16,897 [pool-193-thread-1] INFO  server.RaftServerConfigKeys (ConfUtils.java:logGet(43)) - raft.server.snapshot.auto.trigger.enabled = true (custom)
2019-10-13 19:18:16,897 [pool-193-thread-1] INFO  server.RaftServerConfigKeys (ConfUtils.java:logGet(43)) - raft.server.snapshot.auto.trigger.threshold = 10000 (custom)
2019-10-13 19:18:16,897 [pool-193-thread-1] INFO  server.RaftServerConfigKeys (ConfUtils.java:logGet(43)) - raft.server.snapshot.retention.file.num = 5 (custom)
2019-10-13 19:18:16,897 [pool-193-thread-1] INFO  server.RaftServerConfigKeys (ConfUtils.java:logGet(43)) - raft.server.retrycache.expirytime = 600000ms (custom)
2019-10-13 19:18:16,897 [pool-203-thread-1] INFO  segmented.SegmentedRaftLogWorker (SegmentedRaftLogWorker.java:lambda$new$0(128)) - 8b1af7ae-6f9e-4f7c-b807-4ee17c912dc1@group-60B5951AFD64-SegmentedRaftLogWorker: flushIndex: setUnconditionally 0 -> -1
2019-10-13 19:18:16,897 [pool-163-thread-1] INFO  impl.RaftServerImpl (RaftServerImpl.java:start(181)) - c30b1c71-811a-476d-9d0f-46fc3df139c8@group-60B5951AFD64: start as a follower, conf=-1: [bbe13b93-5d26-4624-8bd1-300ffbf132fa:192.168.164.216:40251, c30b1c71-811a-476d-9d0f-46fc3df139c8:192.168.164.216:43747, 8b1af7ae-6f9e-4f7c-b807-4ee17c912dc1:192.168.164.216:37112], old=null
2019-10-13 19:18:16,897 [pool-203-thread-1] INFO  server.RaftServerConfigKeys (ConfUtils.java:logGet(43)) - raft.server.snapshot.auto.trigger.enabled = true (custom)
2019-10-13 19:18:16,897 [pool-163-thread-1] INFO  impl.RaftServerImpl (RaftServerImpl.java:setRole(170)) - c30b1c71-811a-476d-9d0f-46fc3df139c8@group-60B5951AFD64: changes role from      null to FOLLOWER at term 0 for startAsFollower
2019-10-13 19:18:16,897 [pool-203-thread-1] INFO  server.RaftServerConfigKeys (ConfUtils.java:logGet(43)) - raft.server.snapshot.auto.trigger.threshold = 10000 (custom)
2019-10-13 19:18:16,898 [pool-163-thread-1] INFO  impl.RoleInfo (RoleInfo.java:updateAndGet(143)) - c30b1c71-811a-476d-9d0f-46fc3df139c8: start FollowerState
2019-10-13 19:18:16,898 [pool-203-thread-1] INFO  server.RaftServerConfigKeys (ConfUtils.java:logGet(43)) - raft.server.snapshot.retention.file.num = 5 (custom)
2019-10-13 19:18:16,898 [pool-203-thread-1] INFO  server.RaftServerConfigKeys (ConfUtils.java:logGet(43)) - raft.server.retrycache.expirytime = 600000ms (custom)
2019-10-13 19:18:16,898 [pool-163-thread-1] INFO  util.JmxRegister (JmxRegister.java:tryRegister(44)) - Successfully registered JMX Bean with object name Ratis:service=RaftServer,group=group-60B5951AFD64,id=c30b1c71-811a-476d-9d0f-46fc3df139c8
2019-10-13 19:18:16,899 [pool-193-thread-1] INFO  impl.RaftServerImpl (RaftServerImpl.java:start(181)) - bbe13b93-5d26-4624-8bd1-300ffbf132fa@group-60B5951AFD64: start as a follower, conf=-1: [bbe13b93-5d26-4624-8bd1-300ffbf132fa:192.168.164.216:40251, c30b1c71-811a-476d-9d0f-46fc3df139c8:192.168.164.216:43747, 8b1af7ae-6f9e-4f7c-b807-4ee17c912dc1:192.168.164.216:37112], old=null
2019-10-13 19:18:16,899 [pool-193-thread-1] INFO  impl.RaftServerImpl (RaftServerImpl.java:setRole(170)) - bbe13b93-5d26-4624-8bd1-300ffbf132fa@group-60B5951AFD64: changes role from      null to FOLLOWER at term 0 for startAsFollower
2019-10-13 19:18:16,899 [pool-193-thread-1] INFO  impl.RoleInfo (RoleInfo.java:updateAndGet(143)) - bbe13b93-5d26-4624-8bd1-300ffbf132fa: start FollowerState
2019-10-13 19:18:16,900 [pool-193-thread-1] INFO  util.JmxRegister (JmxRegister.java:tryRegister(44)) - Successfully registered JMX Bean with object name Ratis:service=RaftServer,group=group-60B5951AFD64,id=bbe13b93-5d26-4624-8bd1-300ffbf132fa
2019-10-13 19:18:16,902 [pool-163-thread-1] INFO  impl.RaftServerImpl (RaftServerImpl.java:start(181)) - c30b1c71-811a-476d-9d0f-46fc3df139c8@group-0D2F692B8300: start as a follower, conf=-1: [bbe13b93-5d26-4624-8bd1-300ffbf132fa:192.168.164.216:40251, c30b1c71-811a-476d-9d0f-46fc3df139c8:192.168.164.216:43747, 8b1af7ae-6f9e-4f7c-b807-4ee17c912dc1:192.168.164.216:37112], old=null
2019-10-13 19:18:16,902 [pool-163-thread-1] INFO  impl.RaftServerImpl (RaftServerImpl.java:setRole(170)) - c30b1c71-811a-476d-9d0f-46fc3df139c8@group-0D2F692B8300: changes role from      null to FOLLOWER at term 0 for startAsFollower
2019-10-13 19:18:16,902 [pool-203-thread-1] INFO  impl.RaftServerImpl (RaftServerImpl.java:<init>(95)) - 8b1af7ae-6f9e-4f7c-b807-4ee17c912dc1: new RaftServerImpl for group-0D2F692B8300:[bbe13b93-5d26-4624-8bd1-300ffbf132fa:192.168.164.216:40251, c30b1c71-811a-476d-9d0f-46fc3df139c8:192.168.164.216:43747, 8b1af7ae-6f9e-4f7c-b807-4ee17c912dc1:192.168.164.216:37112] with ContainerStateMachine:uninitialized
2019-10-13 19:18:16,902 [pool-163-thread-1] INFO  impl.RoleInfo (RoleInfo.java:updateAndGet(143)) - c30b1c71-811a-476d-9d0f-46fc3df139c8: start FollowerState
2019-10-13 19:18:16,902 [pool-203-thread-1] INFO  server.RaftServerConfigKeys (ConfUtils.java:logGet(43)) - raft.server.rpc.timeout.min = 1s (custom)
2019-10-13 19:18:16,903 [pool-203-thread-1] INFO  server.RaftServerConfigKeys (ConfUtils.java:logGet(43)) - raft.server.rpc.timeout.max = 1200ms (custom)
2019-10-13 19:18:16,903 [pool-163-thread-1] INFO  util.JmxRegister (JmxRegister.java:tryRegister(44)) - Successfully registered JMX Bean with object name Ratis:service=RaftServer,group=group-0D2F692B8300,id=c30b1c71-811a-476d-9d0f-46fc3df139c8
2019-10-13 19:18:16,903 [pool-203-thread-1] INFO  server.RaftServerConfigKeys (ConfUtils.java:logGet(43)) - raft.server.rpcslowness.timeout = 120s (custom)
2019-10-13 19:18:16,903 [pool-203-thread-1] INFO  server.RaftServerConfigKeys (ConfUtils.java:logGet(43)) - raft.server.sleep.deviation.threshold = 300 (default)
2019-10-13 19:18:16,903 [pool-193-thread-1] INFO  impl.RaftServerImpl (RaftServerImpl.java:start(181)) - bbe13b93-5d26-4624-8bd1-300ffbf132fa@group-0D2F692B8300: start as a follower, conf=-1: [bbe13b93-5d26-4624-8bd1-300ffbf132fa:192.168.164.216:40251, c30b1c71-811a-476d-9d0f-46fc3df139c8:192.168.164.216:43747, 8b1af7ae-6f9e-4f7c-b807-4ee17c912dc1:192.168.164.216:37112], old=null
2019-10-13 19:18:16,903 [pool-203-thread-1] INFO  server.RaftServerConfigKeys (ConfUtils.java:logGet(43)) - raft.server.log.appender.install.snapshot.enabled = false (custom)
2019-10-13 19:18:16,903 [pool-193-thread-1] INFO  impl.RaftServerImpl (RaftServerImpl.java:setRole(170)) - bbe13b93-5d26-4624-8bd1-300ffbf132fa@group-0D2F692B8300: changes role from      null to FOLLOWER at term 0 for startAsFollower
2019-10-13 19:18:16,903 [pool-203-thread-1] INFO  impl.RaftServerImpl (ServerState.java:<init>(103)) - 8b1af7ae-6f9e-4f7c-b807-4ee17c912dc1@group-0D2F692B8300: ConfigurationManager, init=-1: [bbe13b93-5d26-4624-8bd1-300ffbf132fa:192.168.164.216:40251, c30b1c71-811a-476d-9d0f-46fc3df139c8:192.168.164.216:43747, 8b1af7ae-6f9e-4f7c-b807-4ee17c912dc1:192.168.164.216:37112], old=null, confs=<EMPTY_MAP>
2019-10-13 19:18:16,903 [pool-193-thread-1] INFO  impl.RoleInfo (RoleInfo.java:updateAndGet(143)) - bbe13b93-5d26-4624-8bd1-300ffbf132fa: start FollowerState
2019-10-13 19:18:16,904 [pool-203-thread-1] INFO  server.RaftServerConfigKeys (ConfUtils.java:logGet(43)) - raft.server.storage.dir = [/workdir/hadoop-ozone/integration-test/target/test-dir/MiniOzoneClusterImpl-5ae201cf-45d6-4939-83ae-09959f8683c2/datanode-5/data/ratis] (custom)
2019-10-13 19:18:16,904 [pool-193-thread-1] INFO  util.JmxRegister (JmxRegister.java:tryRegister(44)) - Successfully registered JMX Bean with object name Ratis:service=RaftServer,group=group-0D2F692B8300,id=bbe13b93-5d26-4624-8bd1-300ffbf132fa
2019-10-13 19:18:16,904 [pool-203-thread-1] INFO  server.RaftServerConfigKeys (ConfUtils.java:logGet(43)) - raft.server.log.corruption.policy = EXCEPTION (default)
2019-10-13 19:18:16,904 [pool-203-thread-1] INFO  storage.RaftStorageDirectory (RaftStorageDirectory.java:analyzeStorage(246)) - The storage directory /workdir/hadoop-ozone/integration-test/target/test-dir/MiniOzoneClusterImpl-5ae201cf-45d6-4939-83ae-09959f8683c2/datanode-5/data/ratis/eba138c2-4424-4244-9fb3-0d2f692b8300 does not exist. Creating ...
2019-10-13 19:18:16,959 [pool-203-thread-1] INFO  storage.RaftStorageDirectory (RaftStorageDirectory.java:tryLock(328)) - Lock on /workdir/hadoop-ozone/integration-test/target/test-dir/MiniOzoneClusterImpl-5ae201cf-45d6-4939-83ae-09959f8683c2/datanode-5/data/ratis/eba138c2-4424-4244-9fb3-0d2f692b8300/in_use.lock acquired by nodename 29684@pr-hdds-2267-swqn2-2570148001
2019-10-13 19:18:17,006 [pool-203-thread-1] INFO  storage.RaftStorage (RaftStorage.java:format(84)) - Storage directory /workdir/hadoop-ozone/integration-test/target/test-dir/MiniOzoneClusterImpl-5ae201cf-45d6-4939-83ae-09959f8683c2/datanode-5/data/ratis/eba138c2-4424-4244-9fb3-0d2f692b8300 has been successfully formatted.
2019-10-13 19:18:17,007 [pool-203-thread-1] INFO  ratis.ContainerStateMachine (ContainerStateMachine.java:loadSnapshot(231)) - group-0D2F692B8300: The snapshot info is null. Setting the last applied indexto:(t:0, i:~)
2019-10-13 19:18:17,007 [pool-203-thread-1] INFO  server.RaftServerConfigKeys (ConfUtils.java:logGet(43)) - raft.server.notification.no-leader.timeout = 120s (custom)
2019-10-13 19:18:17,007 [pool-203-thread-1] INFO  server.RaftServerConfigKeys (ConfUtils.java:logGet(43)) - raft.server.log.use.memory = false (default)
2019-10-13 19:18:17,007 [pool-203-thread-1] INFO  server.RaftServerConfigKeys (ConfUtils.java:logGet(43)) - raft.server.log.purge.gap = 1000000 (custom)
2019-10-13 19:18:17,008 [pool-203-thread-1] INFO  server.RaftServerConfigKeys (ConfUtils.java:logGet(43)) - raft.server.log.appender.buffer.byte-limit = 33554432 (custom)
2019-10-13 19:18:17,008 [pool-203-thread-1] INFO  server.RaftServerConfigKeys (ConfUtils.java:logGet(43)) - raft.server.log.segment.size.max = 1048576 (custom)
2019-10-13 19:18:17,008 [pool-203-thread-1] INFO  server.RaftServerConfigKeys (ConfUtils.java:logGet(43)) - raft.server.log.segment.cache.num.max = 2 (custom)
2019-10-13 19:18:17,008 [pool-203-thread-1] INFO  segmented.SegmentedRaftLogWorker (SegmentedRaftLogWorker.java:<init>(173)) - new 8b1af7ae-6f9e-4f7c-b807-4ee17c912dc1@group-0D2F692B8300-SegmentedRaftLogWorker for RaftStorage:Storage Directory /workdir/hadoop-ozone/integration-test/target/test-dir/MiniOzoneClusterImpl-5ae201cf-45d6-4939-83ae-09959f8683c2/datanode-5/data/ratis/eba138c2-4424-4244-9fb3-0d2f692b8300
2019-10-13 19:18:17,008 [pool-203-thread-1] INFO  server.RaftServerConfigKeys (ConfUtils.java:logGet(43)) - raft.server.log.queue.byte-limit = 2147483647 (custom)
2019-10-13 19:18:17,008 [pool-203-thread-1] INFO  server.RaftServerConfigKeys (ConfUtils.java:logGet(43)) - raft.server.log.queue.element-limit = 1024 (custom)
2019-10-13 19:18:17,009 [pool-203-thread-1] INFO  server.RaftServerConfigKeys (ConfUtils.java:logGet(43)) - raft.server.log.segment.size.max = 1048576 (custom)
2019-10-13 19:18:17,009 [pool-203-thread-1] INFO  server.RaftServerConfigKeys (ConfUtils.java:logGet(43)) - raft.server.log.preallocated.size = 16384 (custom)
2019-10-13 19:18:17,009 [pool-203-thread-1] INFO  server.RaftServerConfigKeys (ConfUtils.java:logGet(43)) - raft.server.log.write.buffer.size = 33554432 (custom)
2019-10-13 19:18:17,009 [pool-203-thread-1] INFO  server.RaftServerConfigKeys (ConfUtils.java:logGet(43)) - raft.server.log.force.sync.num = 128 (default)
2019-10-13 19:18:17,009 [pool-203-thread-1] INFO  server.RaftServerConfigKeys (ConfUtils.java:logGet(43)) - raft.server.log.statemachine.data.sync = true (default)
2019-10-13 19:18:17,009 [pool-203-thread-1] INFO  server.RaftServerConfigKeys (ConfUtils.java:logGet(43)) - raft.server.log.statemachine.data.sync.timeout = 10s (default)
2019-10-13 19:18:17,009 [pool-203-thread-1] INFO  server.RaftServerConfigKeys (ConfUtils.java:logGet(43)) - raft.server.log.statemachine.data.sync.timeout.retry = -1 (default)
2019-10-13 19:18:17,010 [pool-203-thread-1] INFO  server.RaftServerConfigKeys (ConfUtils.java:logGet(43)) - raft.server.log.statemachine.data.caching.enabled = true (custom)
2019-10-13 19:18:17,010 [pool-203-thread-1] INFO  segmented.SegmentedRaftLogWorker (SegmentedRaftLogWorker.java:lambda$new$0(128)) - 8b1af7ae-6f9e-4f7c-b807-4ee17c912dc1@group-0D2F692B8300-SegmentedRaftLogWorker: flushIndex: setUnconditionally 0 -> -1
2019-10-13 19:18:17,010 [pool-203-thread-1] INFO  server.RaftServerConfigKeys (ConfUtils.java:logGet(43)) - raft.server.snapshot.auto.trigger.enabled = true (custom)
2019-10-13 19:18:17,010 [pool-203-thread-1] INFO  server.RaftServerConfigKeys (ConfUtils.java:logGet(43)) - raft.server.snapshot.auto.trigger.threshold = 10000 (custom)
2019-10-13 19:18:17,011 [pool-203-thread-1] INFO  server.RaftServerConfigKeys (ConfUtils.java:logGet(43)) - raft.server.snapshot.retention.file.num = 5 (custom)
2019-10-13 19:18:17,011 [pool-203-thread-1] INFO  server.RaftServerConfigKeys (ConfUtils.java:logGet(43)) - raft.server.retrycache.expirytime = 600000ms (custom)
2019-10-13 19:18:17,013 [pool-203-thread-1] INFO  impl.RaftServerImpl (RaftServerImpl.java:start(181)) - 8b1af7ae-6f9e-4f7c-b807-4ee17c912dc1@group-F0B08912F089: start as a follower, conf=-1: [bbe13b93-5d26-4624-8bd1-300ffbf132fa:192.168.164.216:40251, c30b1c71-811a-476d-9d0f-46fc3df139c8:192.168.164.216:43747, 8b1af7ae-6f9e-4f7c-b807-4ee17c912dc1:192.168.164.216:37112], old=null
2019-10-13 19:18:17,013 [pool-203-thread-1] INFO  impl.RaftServerImpl (RaftServerImpl.java:setRole(170)) - 8b1af7ae-6f9e-4f7c-b807-4ee17c912dc1@group-F0B08912F089: changes role from      null to FOLLOWER at term 0 for startAsFollower
2019-10-13 19:18:17,013 [pool-203-thread-1] INFO  impl.RoleInfo (RoleInfo.java:updateAndGet(143)) - 8b1af7ae-6f9e-4f7c-b807-4ee17c912dc1: start FollowerState
2019-10-13 19:18:17,014 [pool-203-thread-1] INFO  util.JmxRegister (JmxRegister.java:tryRegister(44)) - Successfully registered JMX Bean with object name Ratis:service=RaftServer,group=group-F0B08912F089,id=8b1af7ae-6f9e-4f7c-b807-4ee17c912dc1
2019-10-13 19:18:17,016 [pool-203-thread-1] INFO  impl.RaftServerImpl (RaftServerImpl.java:start(181)) - 8b1af7ae-6f9e-4f7c-b807-4ee17c912dc1@group-060A9D3EAE92: start as a follower, conf=-1: [8b1af7ae-6f9e-4f7c-b807-4ee17c912dc1:192.168.164.216:37112], old=null
2019-10-13 19:18:17,016 [pool-203-thread-1] INFO  impl.RaftServerImpl (RaftServerImpl.java:setRole(170)) - 8b1af7ae-6f9e-4f7c-b807-4ee17c912dc1@group-060A9D3EAE92: changes role from      null to FOLLOWER at term 0 for startAsFollower
2019-10-13 19:18:17,016 [pool-203-thread-1] INFO  impl.RoleInfo (RoleInfo.java:updateAndGet(143)) - 8b1af7ae-6f9e-4f7c-b807-4ee17c912dc1: start FollowerState
2019-10-13 19:18:17,017 [pool-203-thread-1] INFO  util.JmxRegister (JmxRegister.java:tryRegister(44)) - Successfully registered JMX Bean with object name Ratis:service=RaftServer,group=group-060A9D3EAE92,id=8b1af7ae-6f9e-4f7c-b807-4ee17c912dc1
2019-10-13 19:18:17,019 [pool-203-thread-1] INFO  impl.RaftServerImpl (RaftServerImpl.java:start(181)) - 8b1af7ae-6f9e-4f7c-b807-4ee17c912dc1@group-60B5951AFD64: start as a follower, conf=-1: [bbe13b93-5d26-4624-8bd1-300ffbf132fa:192.168.164.216:40251, c30b1c71-811a-476d-9d0f-46fc3df139c8:192.168.164.216:43747, 8b1af7ae-6f9e-4f7c-b807-4ee17c912dc1:192.168.164.216:37112], old=null
2019-10-13 19:18:17,019 [pool-203-thread-1] INFO  impl.RaftServerImpl (RaftServerImpl.java:setRole(170)) - 8b1af7ae-6f9e-4f7c-b807-4ee17c912dc1@group-60B5951AFD64: changes role from      null to FOLLOWER at term 0 for startAsFollower
2019-10-13 19:18:17,019 [pool-203-thread-1] INFO  impl.RoleInfo (RoleInfo.java:updateAndGet(143)) - 8b1af7ae-6f9e-4f7c-b807-4ee17c912dc1: start FollowerState
2019-10-13 19:18:17,019 [pool-203-thread-1] INFO  util.JmxRegister (JmxRegister.java:tryRegister(44)) - Successfully registered JMX Bean with object name Ratis:service=RaftServer,group=group-60B5951AFD64,id=8b1af7ae-6f9e-4f7c-b807-4ee17c912dc1
2019-10-13 19:18:17,021 [pool-203-thread-1] INFO  impl.RaftServerImpl (RaftServerImpl.java:start(181)) - 8b1af7ae-6f9e-4f7c-b807-4ee17c912dc1@group-0D2F692B8300: start as a follower, conf=-1: [bbe13b93-5d26-4624-8bd1-300ffbf132fa:192.168.164.216:40251, c30b1c71-811a-476d-9d0f-46fc3df139c8:192.168.164.216:43747, 8b1af7ae-6f9e-4f7c-b807-4ee17c912dc1:192.168.164.216:37112], old=null
2019-10-13 19:18:17,021 [pool-203-thread-1] INFO  impl.RaftServerImpl (RaftServerImpl.java:setRole(170)) - 8b1af7ae-6f9e-4f7c-b807-4ee17c912dc1@group-0D2F692B8300: changes role from      null to FOLLOWER at term 0 for startAsFollower
2019-10-13 19:18:17,022 [pool-203-thread-1] INFO  impl.RoleInfo (RoleInfo.java:updateAndGet(143)) - 8b1af7ae-6f9e-4f7c-b807-4ee17c912dc1: start FollowerState
2019-10-13 19:18:17,022 [pool-203-thread-1] INFO  util.JmxRegister (JmxRegister.java:tryRegister(44)) - Successfully registered JMX Bean with object name Ratis:service=RaftServer,group=group-0D2F692B8300,id=8b1af7ae-6f9e-4f7c-b807-4ee17c912dc1
2019-10-13 19:18:17,860 [Thread-1327] INFO  impl.FollowerState (FollowerState.java:run(108)) - bbe13b93-5d26-4624-8bd1-300ffbf132fa@group-F0B08912F089-FollowerState: change to CANDIDATE, lastRpcTime:1094ms, electionTimeout:1094ms
2019-10-13 19:18:17,861 [Thread-1327] INFO  impl.RoleInfo (RoleInfo.java:shutdownFollowerState(121)) - bbe13b93-5d26-4624-8bd1-300ffbf132fa: shutdown FollowerState
2019-10-13 19:18:17,861 [Thread-1327] INFO  impl.RaftServerImpl (RaftServerImpl.java:setRole(170)) - bbe13b93-5d26-4624-8bd1-300ffbf132fa@group-F0B08912F089: changes role from  FOLLOWER to CANDIDATE at term 0 for changeToCandidate
2019-10-13 19:18:17,861 [Thread-1327] INFO  impl.RoleInfo (RoleInfo.java:updateAndGet(143)) - bbe13b93-5d26-4624-8bd1-300ffbf132fa: start LeaderElection
2019-10-13 19:18:17,885 [bbe13b93-5d26-4624-8bd1-300ffbf132fa@group-F0B08912F089-LeaderElection24] INFO  impl.LeaderElection (LeaderElection.java:askForVotes(178)) - bbe13b93-5d26-4624-8bd1-300ffbf132fa@group-F0B08912F089-LeaderElection24: begin an election at term 1 for -1: [bbe13b93-5d26-4624-8bd1-300ffbf132fa:192.168.164.216:40251, c30b1c71-811a-476d-9d0f-46fc3df139c8:192.168.164.216:43747, 8b1af7ae-6f9e-4f7c-b807-4ee17c912dc1:192.168.164.216:37112], old=null
2019-10-13 19:18:17,906 [grpc-default-executor-1] INFO  impl.RaftServerImpl (RaftServerImpl.java:setRole(170)) - c30b1c71-811a-476d-9d0f-46fc3df139c8@group-F0B08912F089: changes role from  FOLLOWER to FOLLOWER at term 1 for recognizeCandidate:bbe13b93-5d26-4624-8bd1-300ffbf132fa
2019-10-13 19:18:17,906 [grpc-default-executor-4] INFO  impl.RaftServerImpl (RaftServerImpl.java:setRole(170)) - 8b1af7ae-6f9e-4f7c-b807-4ee17c912dc1@group-F0B08912F089: changes role from  FOLLOWER to FOLLOWER at term 1 for recognizeCandidate:bbe13b93-5d26-4624-8bd1-300ffbf132fa
2019-10-13 19:18:17,907 [grpc-default-executor-1] INFO  impl.RoleInfo (RoleInfo.java:shutdownFollowerState(121)) - c30b1c71-811a-476d-9d0f-46fc3df139c8: shutdown FollowerState
2019-10-13 19:18:17,907 [Thread-1338] INFO  impl.FollowerState (FollowerState.java:run(108)) - bbe13b93-5d26-4624-8bd1-300ffbf132fa@group-0D2F692B8300-FollowerState: change to CANDIDATE, lastRpcTime:1003ms, electionTimeout:1003ms
2019-10-13 19:18:17,907 [grpc-default-executor-1] INFO  impl.RoleInfo (RoleInfo.java:updateAndGet(143)) - c30b1c71-811a-476d-9d0f-46fc3df139c8: start FollowerState
2019-10-13 19:18:17,907 [grpc-default-executor-4] INFO  impl.RoleInfo (RoleInfo.java:shutdownFollowerState(121)) - 8b1af7ae-6f9e-4f7c-b807-4ee17c912dc1: shutdown FollowerState
2019-10-13 19:18:17,907 [Thread-1338] INFO  impl.RoleInfo (RoleInfo.java:shutdownFollowerState(121)) - bbe13b93-5d26-4624-8bd1-300ffbf132fa: shutdown FollowerState
2019-10-13 19:18:17,907 [Thread-1325] INFO  impl.FollowerState (FollowerState.java:run(117)) - c30b1c71-811a-476d-9d0f-46fc3df139c8@group-F0B08912F089-FollowerState was interrupted: java.lang.InterruptedException: sleep interrupted
2019-10-13 19:18:17,908 [Thread-1342] INFO  impl.FollowerState (FollowerState.java:run(117)) - 8b1af7ae-6f9e-4f7c-b807-4ee17c912dc1@group-F0B08912F089-FollowerState was interrupted: java.lang.InterruptedException: sleep interrupted
2019-10-13 19:18:17,907 [Thread-1338] INFO  impl.RaftServerImpl (RaftServerImpl.java:setRole(170)) - bbe13b93-5d26-4624-8bd1-300ffbf132fa@group-0D2F692B8300: changes role from  FOLLOWER to CANDIDATE at term 0 for changeToCandidate
2019-10-13 19:18:17,907 [grpc-default-executor-4] INFO  impl.RoleInfo (RoleInfo.java:updateAndGet(143)) - 8b1af7ae-6f9e-4f7c-b807-4ee17c912dc1: start FollowerState
2019-10-13 19:18:17,911 [Thread-1338] INFO  impl.RoleInfo (RoleInfo.java:updateAndGet(143)) - bbe13b93-5d26-4624-8bd1-300ffbf132fa: start LeaderElection
2019-10-13 19:18:17,930 [bbe13b93-5d26-4624-8bd1-300ffbf132fa@group-0D2F692B8300-LeaderElection25] INFO  impl.LeaderElection (LeaderElection.java:askForVotes(178)) - bbe13b93-5d26-4624-8bd1-300ffbf132fa@group-0D2F692B8300-LeaderElection25: begin an election at term 1 for -1: [bbe13b93-5d26-4624-8bd1-300ffbf132fa:192.168.164.216:40251, c30b1c71-811a-476d-9d0f-46fc3df139c8:192.168.164.216:43747, 8b1af7ae-6f9e-4f7c-b807-4ee17c912dc1:192.168.164.216:37112], old=null
2019-10-13 19:18:17,934 [bbe13b93-5d26-4624-8bd1-300ffbf132fa@group-F0B08912F089-LeaderElection24] INFO  impl.LeaderElection (LeaderElection.java:logAndReturn(56)) - bbe13b93-5d26-4624-8bd1-300ffbf132fa@group-F0B08912F089-LeaderElection24: Election PASSED; received 1 response(s) [bbe13b93-5d26-4624-8bd1-300ffbf132fa<-8b1af7ae-6f9e-4f7c-b807-4ee17c912dc1#0:OK-t1] and 0 exception(s); bbe13b93-5d26-4624-8bd1-300ffbf132fa@group-F0B08912F089:t1, leader=null, voted=bbe13b93-5d26-4624-8bd1-300ffbf132fa, raftlog=bbe13b93-5d26-4624-8bd1-300ffbf132fa@group-F0B08912F089-SegmentedRaftLog:OPENED:c-1,f-1,i0, conf=-1: [bbe13b93-5d26-4624-8bd1-300ffbf132fa:192.168.164.216:40251, c30b1c71-811a-476d-9d0f-46fc3df139c8:192.168.164.216:43747, 8b1af7ae-6f9e-4f7c-b807-4ee17c912dc1:192.168.164.216:37112], old=null
2019-10-13 19:18:17,934 [bbe13b93-5d26-4624-8bd1-300ffbf132fa@group-F0B08912F089-LeaderElection24] INFO  impl.RoleInfo (RoleInfo.java:shutdownLeaderElection(134)) - bbe13b93-5d26-4624-8bd1-300ffbf132fa: shutdown LeaderElection
2019-10-13 19:18:17,935 [bbe13b93-5d26-4624-8bd1-300ffbf132fa@group-F0B08912F089-LeaderElection24] INFO  impl.RaftServerImpl (RaftServerImpl.java:setRole(170)) - bbe13b93-5d26-4624-8bd1-300ffbf132fa@group-F0B08912F089: changes role from CANDIDATE to LEADER at term 1 for changeToLeader
2019-10-13 19:18:17,936 [grpc-default-executor-4] INFO  impl.RaftServerImpl (RaftServerImpl.java:setRole(170)) - c30b1c71-811a-476d-9d0f-46fc3df139c8@group-0D2F692B8300: changes role from  FOLLOWER to FOLLOWER at term 1 for recognizeCandidate:bbe13b93-5d26-4624-8bd1-300ffbf132fa
2019-10-13 19:18:17,938 [bbe13b93-5d26-4624-8bd1-300ffbf132fa@group-F0B08912F089-LeaderElection24] INFO  impl.RaftServerImpl (ServerState.java:setLeader(255)) - bbe13b93-5d26-4624-8bd1-300ffbf132fa@group-F0B08912F089: change Leader from null to bbe13b93-5d26-4624-8bd1-300ffbf132fa at term 1 for becomeLeader, leader elected after 6774ms
2019-10-13 19:18:17,939 [grpc-default-executor-4] INFO  impl.RoleInfo (RoleInfo.java:shutdownFollowerState(121)) - c30b1c71-811a-476d-9d0f-46fc3df139c8: shutdown FollowerState
2019-10-13 19:18:17,939 [grpc-default-executor-1] INFO  impl.RaftServerImpl (RaftServerImpl.java:setRole(170)) - 8b1af7ae-6f9e-4f7c-b807-4ee17c912dc1@group-0D2F692B8300: changes role from  FOLLOWER to FOLLOWER at term 1 for recognizeCandidate:bbe13b93-5d26-4624-8bd1-300ffbf132fa
2019-10-13 19:18:17,939 [Thread-1336] INFO  impl.FollowerState (FollowerState.java:run(117)) - c30b1c71-811a-476d-9d0f-46fc3df139c8@group-0D2F692B8300-FollowerState was interrupted: java.lang.InterruptedException: sleep interrupted
2019-10-13 19:18:17,939 [grpc-default-executor-4] INFO  impl.RoleInfo (RoleInfo.java:updateAndGet(143)) - c30b1c71-811a-476d-9d0f-46fc3df139c8: start FollowerState
2019-10-13 19:18:17,939 [bbe13b93-5d26-4624-8bd1-300ffbf132fa@group-F0B08912F089-LeaderElection24] INFO  server.RaftServerConfigKeys (ConfUtils.java:logGet(43)) - raft.server.staging.catchup.gap = 1000 (default)
2019-10-13 19:18:17,939 [grpc-default-executor-1] INFO  impl.RoleInfo (RoleInfo.java:shutdownFollowerState(121)) - 8b1af7ae-6f9e-4f7c-b807-4ee17c912dc1: shutdown FollowerState
2019-10-13 19:18:17,941 [bbe13b93-5d26-4624-8bd1-300ffbf132fa@group-F0B08912F089-LeaderElection24] INFO  server.RaftServerConfigKeys (ConfUtils.java:logGet(43)) - raft.server.rpc.sleep.time = 25ms (default)
2019-10-13 19:18:17,941 [Thread-1348] INFO  impl.FollowerState (FollowerState.java:run(117)) - 8b1af7ae-6f9e-4f7c-b807-4ee17c912dc1@group-0D2F692B8300-FollowerState was interrupted: java.lang.InterruptedException: sleep interrupted
2019-10-13 19:18:17,943 [bbe13b93-5d26-4624-8bd1-300ffbf132fa@group-F0B08912F089-LeaderElection24] INFO  server.RaftServerConfigKeys (ConfUtils.java:logGet(43)) - raft.server.write.element-limit = 4096 (default)
2019-10-13 19:18:17,943 [grpc-default-executor-1] INFO  impl.RoleInfo (RoleInfo.java:updateAndGet(143)) - 8b1af7ae-6f9e-4f7c-b807-4ee17c912dc1: start FollowerState
2019-10-13 19:18:17,943 [bbe13b93-5d26-4624-8bd1-300ffbf132fa@group-F0B08912F089-LeaderElection24] INFO  server.RaftServerConfigKeys (ConfUtils.java:logGet(43)) - raft.server.watch.timeout = 10s (default)
2019-10-13 19:18:17,943 [bbe13b93-5d26-4624-8bd1-300ffbf132fa@group-F0B08912F089-LeaderElection24] INFO  server.RaftServerConfigKeys (ConfUtils.java:logGet(43)) - raft.server.watch.timeout.denomination = 1s (default)
2019-10-13 19:18:17,943 [bbe13b93-5d26-4624-8bd1-300ffbf132fa@group-F0B08912F089-LeaderElection24] INFO  server.RaftServerConfigKeys (ConfUtils.java:logGet(43)) - raft.server.watch.element-limit = 65536 (default)
2019-10-13 19:18:17,947 [bbe13b93-5d26-4624-8bd1-300ffbf132fa@group-F0B08912F089-LeaderElection24] INFO  server.RaftServerConfigKeys (ConfUtils.java:logGet(43)) - raft.server.log.appender.snapshot.chunk.size.max = 16MB (=16777216) (default)
2019-10-13 19:18:17,947 [bbe13b93-5d26-4624-8bd1-300ffbf132fa@group-F0B08912F089-LeaderElection24] INFO  server.RaftServerConfigKeys (ConfUtils.java:logGet(43)) - raft.server.log.appender.buffer.byte-limit = 33554432 (custom)
2019-10-13 19:18:17,947 [bbe13b93-5d26-4624-8bd1-300ffbf132fa@group-F0B08912F089-LeaderElection24] INFO  server.RaftServerConfigKeys (ConfUtils.java:logGet(43)) - raft.server.log.appender.buffer.element-limit = 1 (custom)
2019-10-13 19:18:17,947 [bbe13b93-5d26-4624-8bd1-300ffbf132fa@group-F0B08912F089-LeaderElection24] INFO  grpc.GrpcConfigKeys$Server (ConfUtils.java:logGet(43)) - raft.grpc.server.leader.outstanding.appends.max = 128 (default)
2019-10-13 19:18:17,948 [bbe13b93-5d26-4624-8bd1-300ffbf132fa@group-F0B08912F089-LeaderElection24] INFO  server.RaftServerConfigKeys (ConfUtils.java:logGet(43)) - raft.server.rpc.request.timeout = 3000ms (default)
2019-10-13 19:18:17,948 [bbe13b93-5d26-4624-8bd1-300ffbf132fa@group-F0B08912F089-LeaderElection24] INFO  server.RaftServerConfigKeys (ConfUtils.java:logGet(43)) - raft.server.log.appender.install.snapshot.enabled = false (custom)
2019-10-13 19:18:17,948 [bbe13b93-5d26-4624-8bd1-300ffbf132fa@group-F0B08912F089-LeaderElection24] INFO  server.RaftServerConfigKeys (ConfUtils.java:logGet(43)) - raft.server.log.appender.snapshot.chunk.size.max = 16MB (=16777216) (default)
2019-10-13 19:18:17,948 [bbe13b93-5d26-4624-8bd1-300ffbf132fa@group-F0B08912F089-LeaderElection24] INFO  server.RaftServerConfigKeys (ConfUtils.java:logGet(43)) - raft.server.log.appender.buffer.byte-limit = 33554432 (custom)
2019-10-13 19:18:17,948 [bbe13b93-5d26-4624-8bd1-300ffbf132fa@group-F0B08912F089-LeaderElection24] INFO  server.RaftServerConfigKeys (ConfUtils.java:logGet(43)) - raft.server.log.appender.buffer.element-limit = 1 (custom)
2019-10-13 19:18:17,949 [bbe13b93-5d26-4624-8bd1-300ffbf132fa@group-F0B08912F089-LeaderElection24] INFO  grpc.GrpcConfigKeys$Server (ConfUtils.java:logGet(43)) - raft.grpc.server.leader.outstanding.appends.max = 128 (default)
2019-10-13 19:18:17,949 [bbe13b93-5d26-4624-8bd1-300ffbf132fa@group-F0B08912F089-LeaderElection24] INFO  server.RaftServerConfigKeys (ConfUtils.java:logGet(43)) - raft.server.rpc.request.timeout = 3000ms (default)
2019-10-13 19:18:17,949 [bbe13b93-5d26-4624-8bd1-300ffbf132fa@group-F0B08912F089-LeaderElection24] INFO  server.RaftServerConfigKeys (ConfUtils.java:logGet(43)) - raft.server.log.appender.install.snapshot.enabled = false (custom)
2019-10-13 19:18:17,949 [bbe13b93-5d26-4624-8bd1-300ffbf132fa@group-F0B08912F089-LeaderElection24] INFO  impl.RoleInfo (RoleInfo.java:updateAndGet(143)) - bbe13b93-5d26-4624-8bd1-300ffbf132fa: start LeaderState
2019-10-13 19:18:17,950 [bbe13b93-5d26-4624-8bd1-300ffbf132fa@group-F0B08912F089-LeaderElection24] INFO  segmented.SegmentedRaftLogWorker (SegmentedRaftLogWorker.java:startLogSegment(385)) - bbe13b93-5d26-4624-8bd1-300ffbf132fa@group-F0B08912F089-SegmentedRaftLogWorker: Starting segment from index:0
2019-10-13 19:18:17,951 [bbe13b93-5d26-4624-8bd1-300ffbf132fa@group-F0B08912F089-LeaderElection24] INFO  impl.RaftServerImpl (ServerState.java:setRaftConf(356)) - bbe13b93-5d26-4624-8bd1-300ffbf132fa@group-F0B08912F089: set configuration 0: [bbe13b93-5d26-4624-8bd1-300ffbf132fa:192.168.164.216:40251, c30b1c71-811a-476d-9d0f-46fc3df139c8:192.168.164.216:43747, 8b1af7ae-6f9e-4f7c-b807-4ee17c912dc1:192.168.164.216:37112], old=null at 0
2019-10-13 19:18:17,981 [bbe13b93-5d26-4624-8bd1-300ffbf132fa@group-0D2F692B8300-LeaderElection25] INFO  impl.LeaderElection (LeaderElection.java:logAndReturn(56)) - bbe13b93-5d26-4624-8bd1-300ffbf132fa@group-0D2F692B8300-LeaderElection25: Election PASSED; received 1 response(s) [bbe13b93-5d26-4624-8bd1-300ffbf132fa<-c30b1c71-811a-476d-9d0f-46fc3df139c8#0:OK-t1] and 0 exception(s); bbe13b93-5d26-4624-8bd1-300ffbf132fa@group-0D2F692B8300:t1, leader=null, voted=bbe13b93-5d26-4624-8bd1-300ffbf132fa, raftlog=bbe13b93-5d26-4624-8bd1-300ffbf132fa@group-0D2F692B8300-SegmentedRaftLog:OPENED:c-1,f-1,i0, conf=-1: [bbe13b93-5d26-4624-8bd1-300ffbf132fa:192.168.164.216:40251, c30b1c71-811a-476d-9d0f-46fc3df139c8:192.168.164.216:43747, 8b1af7ae-6f9e-4f7c-b807-4ee17c912dc1:192.168.164.216:37112], old=null
2019-10-13 19:18:17,981 [bbe13b93-5d26-4624-8bd1-300ffbf132fa@group-0D2F692B8300-LeaderElection25] INFO  impl.RoleInfo (RoleInfo.java:shutdownLeaderElection(134)) - bbe13b93-5d26-4624-8bd1-300ffbf132fa: shutdown LeaderElection
2019-10-13 19:18:17,982 [grpc-default-executor-2] INFO  impl.RaftServerImpl (ServerState.java:setLeader(255)) - c30b1c71-811a-476d-9d0f-46fc3df139c8@group-F0B08912F089: change Leader from null to bbe13b93-5d26-4624-8bd1-300ffbf132fa at term 1 for appendEntries, leader elected after 6820ms
2019-10-13 19:18:17,982 [grpc-default-executor-5] INFO  impl.RaftServerImpl (ServerState.java:setLeader(255)) - 8b1af7ae-6f9e-4f7c-b807-4ee17c912dc1@group-F0B08912F089: change Leader from null to bbe13b93-5d26-4624-8bd1-300ffbf132fa at term 1 for appendEntries, leader elected after 4434ms
2019-10-13 19:18:17,984 [bbe13b93-5d26-4624-8bd1-300ffbf132fa@group-0D2F692B8300-LeaderElection25] INFO  impl.RaftServerImpl (RaftServerImpl.java:setRole(170)) - bbe13b93-5d26-4624-8bd1-300ffbf132fa@group-0D2F692B8300: changes role from CANDIDATE to LEADER at term 1 for changeToLeader
2019-10-13 19:18:17,984 [bbe13b93-5d26-4624-8bd1-300ffbf132fa@group-0D2F692B8300-LeaderElection25] INFO  impl.RaftServerImpl (ServerState.java:setLeader(255)) - bbe13b93-5d26-4624-8bd1-300ffbf132fa@group-0D2F692B8300: change Leader from null to bbe13b93-5d26-4624-8bd1-300ffbf132fa at term 1 for becomeLeader, leader elected after 1094ms
2019-10-13 19:18:17,985 [bbe13b93-5d26-4624-8bd1-300ffbf132fa@group-0D2F692B8300-LeaderElection25] INFO  server.RaftServerConfigKeys (ConfUtils.java:logGet(43)) - raft.server.staging.catchup.gap = 1000 (default)
2019-10-13 19:18:17,985 [bbe13b93-5d26-4624-8bd1-300ffbf132fa@group-0D2F692B8300-LeaderElection25] INFO  server.RaftServerConfigKeys (ConfUtils.java:logGet(43)) - raft.server.rpc.sleep.time = 25ms (default)
2019-10-13 19:18:17,985 [bbe13b93-5d26-4624-8bd1-300ffbf132fa@group-0D2F692B8300-LeaderElection25] INFO  server.RaftServerConfigKeys (ConfUtils.java:logGet(43)) - raft.server.write.element-limit = 4096 (default)
2019-10-13 19:18:17,985 [bbe13b93-5d26-4624-8bd1-300ffbf132fa@group-0D2F692B8300-LeaderElection25] INFO  server.RaftServerConfigKeys (ConfUtils.java:logGet(43)) - raft.server.watch.timeout = 10s (default)
2019-10-13 19:18:17,985 [bbe13b93-5d26-4624-8bd1-300ffbf132fa@group-0D2F692B8300-LeaderElection25] INFO  server.RaftServerConfigKeys (ConfUtils.java:logGet(43)) - raft.server.watch.timeout.denomination = 1s (default)
2019-10-13 19:18:17,986 [bbe13b93-5d26-4624-8bd1-300ffbf132fa@group-0D2F692B8300-LeaderElection25] INFO  server.RaftServerConfigKeys (ConfUtils.java:logGet(43)) - raft.server.watch.element-limit = 65536 (default)
2019-10-13 19:18:17,986 [grpc-default-executor-5] INFO  impl.RaftServerImpl (ServerState.java:setRaftConf(356)) - c30b1c71-811a-476d-9d0f-46fc3df139c8@group-F0B08912F089: set configuration 0: [bbe13b93-5d26-4624-8bd1-300ffbf132fa:192.168.164.216:40251, c30b1c71-811a-476d-9d0f-46fc3df139c8:192.168.164.216:43747, 8b1af7ae-6f9e-4f7c-b807-4ee17c912dc1:192.168.164.216:37112], old=null at 0
2019-10-13 19:18:17,986 [grpc-default-executor-2] INFO  impl.RaftServerImpl (ServerState.java:setRaftConf(356)) - 8b1af7ae-6f9e-4f7c-b807-4ee17c912dc1@group-F0B08912F089: set configuration 0: [bbe13b93-5d26-4624-8bd1-300ffbf132fa:192.168.164.216:40251, c30b1c71-811a-476d-9d0f-46fc3df139c8:192.168.164.216:43747, 8b1af7ae-6f9e-4f7c-b807-4ee17c912dc1:192.168.164.216:37112], old=null at 0
2019-10-13 19:18:17,987 [grpc-default-executor-5] INFO  segmented.SegmentedRaftLogWorker (SegmentedRaftLogWorker.java:startLogSegment(385)) - c30b1c71-811a-476d-9d0f-46fc3df139c8@group-F0B08912F089-SegmentedRaftLogWorker: Starting segment from index:0
2019-10-13 19:18:17,987 [grpc-default-executor-2] INFO  segmented.SegmentedRaftLogWorker (SegmentedRaftLogWorker.java:startLogSegment(385)) - 8b1af7ae-6f9e-4f7c-b807-4ee17c912dc1@group-F0B08912F089-SegmentedRaftLogWorker: Starting segment from index:0
2019-10-13 19:18:17,988 [bbe13b93-5d26-4624-8bd1-300ffbf132fa@group-0D2F692B8300-LeaderElection25] INFO  server.RaftServerConfigKeys (ConfUtils.java:logGet(43)) - raft.server.log.appender.snapshot.chunk.size.max = 16MB (=16777216) (default)
2019-10-13 19:18:17,988 [bbe13b93-5d26-4624-8bd1-300ffbf132fa@group-0D2F692B8300-LeaderElection25] INFO  server.RaftServerConfigKeys (ConfUtils.java:logGet(43)) - raft.server.log.appender.buffer.byte-limit = 33554432 (custom)
2019-10-13 19:18:17,988 [bbe13b93-5d26-4624-8bd1-300ffbf132fa@group-0D2F692B8300-LeaderElection25] INFO  server.RaftServerConfigKeys (ConfUtils.java:logGet(43)) - raft.server.log.appender.buffer.element-limit = 1 (custom)
2019-10-13 19:18:17,988 [bbe13b93-5d26-4624-8bd1-300ffbf132fa@group-0D2F692B8300-LeaderElection25] INFO  grpc.GrpcConfigKeys$Server (ConfUtils.java:logGet(43)) - raft.grpc.server.leader.outstanding.appends.max = 128 (default)
2019-10-13 19:18:17,988 [bbe13b93-5d26-4624-8bd1-300ffbf132fa@group-0D2F692B8300-LeaderElection25] INFO  server.RaftServerConfigKeys (ConfUtils.java:logGet(43)) - raft.server.rpc.request.timeout = 3000ms (default)
2019-10-13 19:18:17,988 [bbe13b93-5d26-4624-8bd1-300ffbf132fa@group-0D2F692B8300-LeaderElection25] INFO  server.RaftServerConfigKeys (ConfUtils.java:logGet(43)) - raft.server.log.appender.install.snapshot.enabled = false (custom)
2019-10-13 19:18:17,988 [bbe13b93-5d26-4624-8bd1-300ffbf132fa@group-0D2F692B8300-LeaderElection25] INFO  server.RaftServerConfigKeys (ConfUtils.java:logGet(43)) - raft.server.log.appender.snapshot.chunk.size.max = 16MB (=16777216) (default)
2019-10-13 19:18:17,989 [bbe13b93-5d26-4624-8bd1-300ffbf132fa@group-0D2F692B8300-LeaderElection25] INFO  server.RaftServerConfigKeys (ConfUtils.java:logGet(43)) - raft.server.log.appender.buffer.byte-limit = 33554432 (custom)
2019-10-13 19:18:17,989 [bbe13b93-5d26-4624-8bd1-300ffbf132fa@group-0D2F692B8300-LeaderElection25] INFO  server.RaftServerConfigKeys (ConfUtils.java:logGet(43)) - raft.server.log.appender.buffer.element-limit = 1 (custom)
2019-10-13 19:18:17,989 [bbe13b93-5d26-4624-8bd1-300ffbf132fa@group-0D2F692B8300-LeaderElection25] INFO  grpc.GrpcConfigKeys$Server (ConfUtils.java:logGet(43)) - raft.grpc.server.leader.outstanding.appends.max = 128 (default)
2019-10-13 19:18:17,989 [bbe13b93-5d26-4624-8bd1-300ffbf132fa@group-0D2F692B8300-LeaderElection25] INFO  server.RaftServerConfigKeys (ConfUtils.java:logGet(43)) - raft.server.rpc.request.timeout = 3000ms (default)
2019-10-13 19:18:17,989 [bbe13b93-5d26-4624-8bd1-300ffbf132fa@group-0D2F692B8300-LeaderElection25] INFO  server.RaftServerConfigKeys (ConfUtils.java:logGet(43)) - raft.server.log.appender.install.snapshot.enabled = false (custom)
2019-10-13 19:18:17,989 [bbe13b93-5d26-4624-8bd1-300ffbf132fa@group-0D2F692B8300-LeaderElection25] INFO  impl.RoleInfo (RoleInfo.java:updateAndGet(143)) - bbe13b93-5d26-4624-8bd1-300ffbf132fa: start LeaderState
2019-10-13 19:18:17,990 [bbe13b93-5d26-4624-8bd1-300ffbf132fa@group-0D2F692B8300-LeaderElection25] INFO  segmented.SegmentedRaftLogWorker (SegmentedRaftLogWorker.java:startLogSegment(385)) - bbe13b93-5d26-4624-8bd1-300ffbf132fa@group-0D2F692B8300-SegmentedRaftLogWorker: Starting segment from index:0
2019-10-13 19:18:17,990 [bbe13b93-5d26-4624-8bd1-300ffbf132fa@group-0D2F692B8300-LeaderElection25] INFO  impl.RaftServerImpl (ServerState.java:setRaftConf(356)) - bbe13b93-5d26-4624-8bd1-300ffbf132fa@group-0D2F692B8300: set configuration 0: [bbe13b93-5d26-4624-8bd1-300ffbf132fa:192.168.164.216:40251, c30b1c71-811a-476d-9d0f-46fc3df139c8:192.168.164.216:43747, 8b1af7ae-6f9e-4f7c-b807-4ee17c912dc1:192.168.164.216:37112], old=null at 0
2019-10-13 19:18:18,017 [grpc-default-executor-5] INFO  impl.RaftServerImpl (ServerState.java:setLeader(255)) - 8b1af7ae-6f9e-4f7c-b807-4ee17c912dc1@group-0D2F692B8300: change Leader from null to bbe13b93-5d26-4624-8bd1-300ffbf132fa at term 1 for appendEntries, leader elected after 1009ms
2019-10-13 19:18:18,017 [bbe13b93-5d26-4624-8bd1-300ffbf132fa@group-F0B08912F089-SegmentedRaftLogWorker] INFO  segmented.SegmentedRaftLogWorker (SegmentedRaftLogWorker.java:execute(574)) - bbe13b93-5d26-4624-8bd1-300ffbf132fa@group-F0B08912F089-SegmentedRaftLogWorker: created new log segment /workdir/hadoop-ozone/integration-test/target/test-dir/MiniOzoneClusterImpl-5ae201cf-45d6-4939-83ae-09959f8683c2/datanode-4/data/ratis/935e45af-d2ba-4da0-9b9a-f0b08912f089/current/log_inprogress_0
2019-10-13 19:18:18,017 [grpc-default-executor-2] INFO  impl.RaftServerImpl (ServerState.java:setLeader(255)) - c30b1c71-811a-476d-9d0f-46fc3df139c8@group-0D2F692B8300: change Leader from null to bbe13b93-5d26-4624-8bd1-300ffbf132fa at term 1 for appendEntries, leader elected after 1126ms
2019-10-13 19:18:18,019 [grpc-default-executor-2] INFO  impl.RaftServerImpl (ServerState.java:setRaftConf(356)) - 8b1af7ae-6f9e-4f7c-b807-4ee17c912dc1@group-0D2F692B8300: set configuration 0: [bbe13b93-5d26-4624-8bd1-300ffbf132fa:192.168.164.216:40251, c30b1c71-811a-476d-9d0f-46fc3df139c8:192.168.164.216:43747, 8b1af7ae-6f9e-4f7c-b807-4ee17c912dc1:192.168.164.216:37112], old=null at 0
2019-10-13 19:18:18,019 [grpc-default-executor-5] INFO  impl.RaftServerImpl (ServerState.java:setRaftConf(356)) - c30b1c71-811a-476d-9d0f-46fc3df139c8@group-0D2F692B8300: set configuration 0: [bbe13b93-5d26-4624-8bd1-300ffbf132fa:192.168.164.216:40251, c30b1c71-811a-476d-9d0f-46fc3df139c8:192.168.164.216:43747, 8b1af7ae-6f9e-4f7c-b807-4ee17c912dc1:192.168.164.216:37112], old=null at 0
2019-10-13 19:18:18,019 [grpc-default-executor-2] INFO  segmented.SegmentedRaftLogWorker (SegmentedRaftLogWorker.java:startLogSegment(385)) - 8b1af7ae-6f9e-4f7c-b807-4ee17c912dc1@group-0D2F692B8300-SegmentedRaftLogWorker: Starting segment from index:0
2019-10-13 19:18:18,019 [grpc-default-executor-5] INFO  segmented.SegmentedRaftLogWorker (SegmentedRaftLogWorker.java:startLogSegment(385)) - c30b1c71-811a-476d-9d0f-46fc3df139c8@group-0D2F692B8300-SegmentedRaftLogWorker: Starting segment from index:0
2019-10-13 19:18:18,020 [Thread-1334] INFO  impl.FollowerState (FollowerState.java:run(108)) - bbe13b93-5d26-4624-8bd1-300ffbf132fa@group-60B5951AFD64-FollowerState: change to CANDIDATE, lastRpcTime:1120ms, electionTimeout:1120ms
2019-10-13 19:18:18,020 [Thread-1334] INFO  impl.RoleInfo (RoleInfo.java:shutdownFollowerState(121)) - bbe13b93-5d26-4624-8bd1-300ffbf132fa: shutdown FollowerState
2019-10-13 19:18:18,020 [Thread-1334] INFO  impl.RaftServerImpl (RaftServerImpl.java:setRole(170)) - bbe13b93-5d26-4624-8bd1-300ffbf132fa@group-60B5951AFD64: changes role from  FOLLOWER to CANDIDATE at term 0 for changeToCandidate
2019-10-13 19:18:18,020 [Thread-1334] INFO  impl.RoleInfo (RoleInfo.java:updateAndGet(143)) - bbe13b93-5d26-4624-8bd1-300ffbf132fa: start LeaderElection
2019-10-13 19:18:18,048 [8b1af7ae-6f9e-4f7c-b807-4ee17c912dc1@group-F0B08912F089-SegmentedRaftLogWorker] INFO  segmented.SegmentedRaftLogWorker (SegmentedRaftLogWorker.java:execute(574)) - 8b1af7ae-6f9e-4f7c-b807-4ee17c912dc1@group-F0B08912F089-SegmentedRaftLogWorker: created new log segment /workdir/hadoop-ozone/integration-test/target/test-dir/MiniOzoneClusterImpl-5ae201cf-45d6-4939-83ae-09959f8683c2/datanode-5/data/ratis/935e45af-d2ba-4da0-9b9a-f0b08912f089/current/log_inprogress_0
2019-10-13 19:18:18,048 [c30b1c71-811a-476d-9d0f-46fc3df139c8@group-F0B08912F089-SegmentedRaftLogWorker] INFO  segmented.SegmentedRaftLogWorker (SegmentedRaftLogWorker.java:execute(574)) - c30b1c71-811a-476d-9d0f-46fc3df139c8@group-F0B08912F089-SegmentedRaftLogWorker: created new log segment /workdir/hadoop-ozone/integration-test/target/test-dir/MiniOzoneClusterImpl-5ae201cf-45d6-4939-83ae-09959f8683c2/datanode-1/data/ratis/935e45af-d2ba-4da0-9b9a-f0b08912f089/current/log_inprogress_0
2019-10-13 19:18:18,052 [Thread-1344] INFO  impl.FollowerState (FollowerState.java:run(108)) - 8b1af7ae-6f9e-4f7c-b807-4ee17c912dc1@group-060A9D3EAE92-FollowerState: change to CANDIDATE, lastRpcTime:1035ms, electionTimeout:1035ms
2019-10-13 19:18:18,052 [Thread-1344] INFO  impl.RoleInfo (RoleInfo.java:shutdownFollowerState(121)) - 8b1af7ae-6f9e-4f7c-b807-4ee17c912dc1: shutdown FollowerState
2019-10-13 19:18:18,052 [Thread-1344] INFO  impl.RaftServerImpl (RaftServerImpl.java:setRole(170)) - 8b1af7ae-6f9e-4f7c-b807-4ee17c912dc1@group-060A9D3EAE92: changes role from  FOLLOWER to CANDIDATE at term 0 for changeToCandidate
2019-10-13 19:18:18,052 [Thread-1344] INFO  impl.RoleInfo (RoleInfo.java:updateAndGet(143)) - 8b1af7ae-6f9e-4f7c-b807-4ee17c912dc1: start LeaderElection
2019-10-13 19:18:18,063 [bbe13b93-5d26-4624-8bd1-300ffbf132fa@group-0D2F692B8300-SegmentedRaftLogWorker] INFO  segmented.SegmentedRaftLogWorker (SegmentedRaftLogWorker.java:execute(574)) - bbe13b93-5d26-4624-8bd1-300ffbf132fa@group-0D2F692B8300-SegmentedRaftLogWorker: created new log segment /workdir/hadoop-ozone/integration-test/target/test-dir/MiniOzoneClusterImpl-5ae201cf-45d6-4939-83ae-09959f8683c2/datanode-4/data/ratis/eba138c2-4424-4244-9fb3-0d2f692b8300/current/log_inprogress_0
2019-10-13 19:18:18,063 [8b1af7ae-6f9e-4f7c-b807-4ee17c912dc1@group-060A9D3EAE92-LeaderElection27] INFO  impl.LeaderElection (LeaderElection.java:askForVotes(178)) - 8b1af7ae-6f9e-4f7c-b807-4ee17c912dc1@group-060A9D3EAE92-LeaderElection27: begin an election at term 1 for -1: [8b1af7ae-6f9e-4f7c-b807-4ee17c912dc1:192.168.164.216:37112], old=null
2019-10-13 19:18:18,063 [bbe13b93-5d26-4624-8bd1-300ffbf132fa@group-60B5951AFD64-LeaderElection26] INFO  impl.LeaderElection (LeaderElection.java:askForVotes(178)) - bbe13b93-5d26-4624-8bd1-300ffbf132fa@group-60B5951AFD64-LeaderElection26: begin an election at term 1 for -1: [bbe13b93-5d26-4624-8bd1-300ffbf132fa:192.168.164.216:40251, c30b1c71-811a-476d-9d0f-46fc3df139c8:192.168.164.216:43747, 8b1af7ae-6f9e-4f7c-b807-4ee17c912dc1:192.168.164.216:37112], old=null
2019-10-13 19:18:18,063 [8b1af7ae-6f9e-4f7c-b807-4ee17c912dc1@group-0D2F692B8300-SegmentedRaftLogWorker] INFO  segmented.SegmentedRaftLogWorker (SegmentedRaftLogWorker.java:execute(574)) - 8b1af7ae-6f9e-4f7c-b807-4ee17c912dc1@group-0D2F692B8300-SegmentedRaftLogWorker: created new log segment /workdir/hadoop-ozone/integration-test/target/test-dir/MiniOzoneClusterImpl-5ae201cf-45d6-4939-83ae-09959f8683c2/datanode-5/data/ratis/eba138c2-4424-4244-9fb3-0d2f692b8300/current/log_inprogress_0
2019-10-13 19:18:18,063 [c30b1c71-811a-476d-9d0f-46fc3df139c8@group-0D2F692B8300-SegmentedRaftLogWorker] INFO  segmented.SegmentedRaftLogWorker (SegmentedRaftLogWorker.java:execute(574)) - c30b1c71-811a-476d-9d0f-46fc3df139c8@group-0D2F692B8300-SegmentedRaftLogWorker: created new log segment /workdir/hadoop-ozone/integration-test/target/test-dir/MiniOzoneClusterImpl-5ae201cf-45d6-4939-83ae-09959f8683c2/datanode-1/data/ratis/eba138c2-4424-4244-9fb3-0d2f692b8300/current/log_inprogress_0
2019-10-13 19:18:18,063 [8b1af7ae-6f9e-4f7c-b807-4ee17c912dc1@group-060A9D3EAE92-LeaderElection27] INFO  impl.RoleInfo (RoleInfo.java:shutdownLeaderElection(134)) - 8b1af7ae-6f9e-4f7c-b807-4ee17c912dc1: shutdown LeaderElection
2019-10-13 19:18:18,064 [8b1af7ae-6f9e-4f7c-b807-4ee17c912dc1@group-060A9D3EAE92-LeaderElection27] INFO  impl.RaftServerImpl (RaftServerImpl.java:setRole(170)) - 8b1af7ae-6f9e-4f7c-b807-4ee17c912dc1@group-060A9D3EAE92: changes role from CANDIDATE to LEADER at term 1 for changeToLeader
2019-10-13 19:18:18,064 [8b1af7ae-6f9e-4f7c-b807-4ee17c912dc1@group-060A9D3EAE92-LeaderElection27] INFO  impl.RaftServerImpl (ServerState.java:setLeader(255)) - 8b1af7ae-6f9e-4f7c-b807-4ee17c912dc1@group-060A9D3EAE92: change Leader from null to 8b1af7ae-6f9e-4f7c-b807-4ee17c912dc1 at term 1 for becomeLeader, leader elected after 1312ms
2019-10-13 19:18:18,064 [8b1af7ae-6f9e-4f7c-b807-4ee17c912dc1@group-060A9D3EAE92-LeaderElection27] INFO  server.RaftServerConfigKeys (ConfUtils.java:logGet(43)) - raft.server.staging.catchup.gap = 1000 (default)
2019-10-13 19:18:18,064 [8b1af7ae-6f9e-4f7c-b807-4ee17c912dc1@group-060A9D3EAE92-LeaderElection27] INFO  server.RaftServerConfigKeys (ConfUtils.java:logGet(43)) - raft.server.rpc.sleep.time = 25ms (default)
2019-10-13 19:18:18,064 [8b1af7ae-6f9e-4f7c-b807-4ee17c912dc1@group-060A9D3EAE92-LeaderElection27] INFO  server.RaftServerConfigKeys (ConfUtils.java:logGet(43)) - raft.server.write.element-limit = 4096 (default)
2019-10-13 19:18:18,064 [8b1af7ae-6f9e-4f7c-b807-4ee17c912dc1@group-060A9D3EAE92-LeaderElection27] INFO  server.RaftServerConfigKeys (ConfUtils.java:logGet(43)) - raft.server.watch.timeout = 10s (default)
2019-10-13 19:18:18,064 [8b1af7ae-6f9e-4f7c-b807-4ee17c912dc1@group-060A9D3EAE92-LeaderElection27] INFO  server.RaftServerConfigKeys (ConfUtils.java:logGet(43)) - raft.server.watch.timeout.denomination = 1s (default)
2019-10-13 19:18:18,064 [8b1af7ae-6f9e-4f7c-b807-4ee17c912dc1@group-060A9D3EAE92-LeaderElection27] INFO  server.RaftServerConfigKeys (ConfUtils.java:logGet(43)) - raft.server.watch.element-limit = 65536 (default)
2019-10-13 19:18:18,067 [grpc-default-executor-5] INFO  impl.RaftServerImpl (RaftServerImpl.java:setRole(170)) - 8b1af7ae-6f9e-4f7c-b807-4ee17c912dc1@group-60B5951AFD64: changes role from  FOLLOWER to FOLLOWER at term 1 for recognizeCandidate:bbe13b93-5d26-4624-8bd1-300ffbf132fa
2019-10-13 19:18:18,067 [grpc-default-executor-5] INFO  impl.RoleInfo (RoleInfo.java:shutdownFollowerState(121)) - 8b1af7ae-6f9e-4f7c-b807-4ee17c912dc1: shutdown FollowerState
2019-10-13 19:18:18,069 [grpc-default-executor-2] INFO  impl.RaftServerImpl (RaftServerImpl.java:setRole(170)) - c30b1c71-811a-476d-9d0f-46fc3df139c8@group-60B5951AFD64: changes role from  FOLLOWER to FOLLOWER at term 1 for recognizeCandidate:bbe13b93-5d26-4624-8bd1-300ffbf132fa
2019-10-13 19:18:18,069 [Thread-1346] INFO  impl.FollowerState (FollowerState.java:run(117)) - 8b1af7ae-6f9e-4f7c-b807-4ee17c912dc1@group-60B5951AFD64-FollowerState was interrupted: java.lang.InterruptedException: sleep interrupted
2019-10-13 19:18:18,069 [grpc-default-executor-5] INFO  impl.RoleInfo (RoleInfo.java:updateAndGet(143)) - 8b1af7ae-6f9e-4f7c-b807-4ee17c912dc1: start FollowerState
2019-10-13 19:18:18,069 [grpc-default-executor-2] INFO  impl.RoleInfo (RoleInfo.java:shutdownFollowerState(121)) - c30b1c71-811a-476d-9d0f-46fc3df139c8: shutdown FollowerState
2019-10-13 19:18:18,071 [grpc-default-executor-2] INFO  impl.RoleInfo (RoleInfo.java:updateAndGet(143)) - c30b1c71-811a-476d-9d0f-46fc3df139c8: start FollowerState
2019-10-13 19:18:18,071 [Thread-1332] INFO  impl.FollowerState (FollowerState.java:run(117)) - c30b1c71-811a-476d-9d0f-46fc3df139c8@group-60B5951AFD64-FollowerState was interrupted: java.lang.InterruptedException: sleep interrupted
2019-10-13 19:18:18,072 [8b1af7ae-6f9e-4f7c-b807-4ee17c912dc1@group-060A9D3EAE92-LeaderElection27] INFO  impl.RoleInfo (RoleInfo.java:updateAndGet(143)) - 8b1af7ae-6f9e-4f7c-b807-4ee17c912dc1: start LeaderState
2019-10-13 19:18:18,073 [8b1af7ae-6f9e-4f7c-b807-4ee17c912dc1@group-060A9D3EAE92-LeaderElection27] INFO  segmented.SegmentedRaftLogWorker (SegmentedRaftLogWorker.java:startLogSegment(385)) - 8b1af7ae-6f9e-4f7c-b807-4ee17c912dc1@group-060A9D3EAE92-SegmentedRaftLogWorker: Starting segment from index:0
2019-10-13 19:18:18,073 [8b1af7ae-6f9e-4f7c-b807-4ee17c912dc1@group-060A9D3EAE92-LeaderElection27] INFO  impl.RaftServerImpl (ServerState.java:setRaftConf(356)) - 8b1af7ae-6f9e-4f7c-b807-4ee17c912dc1@group-060A9D3EAE92: set configuration 0: [8b1af7ae-6f9e-4f7c-b807-4ee17c912dc1:192.168.164.216:37112], old=null at 0
2019-10-13 19:18:18,091 [bbe13b93-5d26-4624-8bd1-300ffbf132fa@group-60B5951AFD64-LeaderElection26] INFO  impl.LeaderElection (LeaderElection.java:logAndReturn(56)) - bbe13b93-5d26-4624-8bd1-300ffbf132fa@group-60B5951AFD64-LeaderElection26: Election PASSED; received 1 response(s) [bbe13b93-5d26-4624-8bd1-300ffbf132fa<-c30b1c71-811a-476d-9d0f-46fc3df139c8#0:OK-t1] and 0 exception(s); bbe13b93-5d26-4624-8bd1-300ffbf132fa@group-60B5951AFD64:t1, leader=null, voted=bbe13b93-5d26-4624-8bd1-300ffbf132fa, raftlog=bbe13b93-5d26-4624-8bd1-300ffbf132fa@group-60B5951AFD64-SegmentedRaftLog:OPENED:c-1,f-1,i0, conf=-1: [bbe13b93-5d26-4624-8bd1-300ffbf132fa:192.168.164.216:40251, c30b1c71-811a-476d-9d0f-46fc3df139c8:192.168.164.216:43747, 8b1af7ae-6f9e-4f7c-b807-4ee17c912dc1:192.168.164.216:37112], old=null
2019-10-13 19:18:18,091 [bbe13b93-5d26-4624-8bd1-300ffbf132fa@group-60B5951AFD64-LeaderElection26] INFO  impl.RoleInfo (RoleInfo.java:shutdownLeaderElection(134)) - bbe13b93-5d26-4624-8bd1-300ffbf132fa: shutdown LeaderElection
2019-10-13 19:18:18,091 [bbe13b93-5d26-4624-8bd1-300ffbf132fa@group-60B5951AFD64-LeaderElection26] INFO  impl.RaftServerImpl (RaftServerImpl.java:setRole(170)) - bbe13b93-5d26-4624-8bd1-300ffbf132fa@group-60B5951AFD64: changes role from CANDIDATE to LEADER at term 1 for changeToLeader
2019-10-13 19:18:18,091 [bbe13b93-5d26-4624-8bd1-300ffbf132fa@group-60B5951AFD64-LeaderElection26] INFO  impl.RaftServerImpl (ServerState.java:setLeader(255)) - bbe13b93-5d26-4624-8bd1-300ffbf132fa@group-60B5951AFD64: change Leader from null to bbe13b93-5d26-4624-8bd1-300ffbf132fa at term 1 for becomeLeader, leader elected after 1340ms
2019-10-13 19:18:18,092 [bbe13b93-5d26-4624-8bd1-300ffbf132fa@group-60B5951AFD64-LeaderElection26] INFO  server.RaftServerConfigKeys (ConfUtils.java:logGet(43)) - raft.server.staging.catchup.gap = 1000 (default)
2019-10-13 19:18:18,092 [bbe13b93-5d26-4624-8bd1-300ffbf132fa@group-60B5951AFD64-LeaderElection26] INFO  server.RaftServerConfigKeys (ConfUtils.java:logGet(43)) - raft.server.rpc.sleep.time = 25ms (default)
2019-10-13 19:18:18,092 [bbe13b93-5d26-4624-8bd1-300ffbf132fa@group-60B5951AFD64-LeaderElection26] INFO  server.RaftServerConfigKeys (ConfUtils.java:logGet(43)) - raft.server.write.element-limit = 4096 (default)
2019-10-13 19:18:18,092 [bbe13b93-5d26-4624-8bd1-300ffbf132fa@group-60B5951AFD64-LeaderElection26] INFO  server.RaftServerConfigKeys (ConfUtils.java:logGet(43)) - raft.server.watch.timeout = 10s (default)
2019-10-13 19:18:18,092 [bbe13b93-5d26-4624-8bd1-300ffbf132fa@group-60B5951AFD64-LeaderElection26] INFO  server.RaftServerConfigKeys (ConfUtils.java:logGet(43)) - raft.server.watch.timeout.denomination = 1s (default)
2019-10-13 19:18:18,092 [bbe13b93-5d26-4624-8bd1-300ffbf132fa@group-60B5951AFD64-LeaderElection26] INFO  server.RaftServerConfigKeys (ConfUtils.java:logGet(43)) - raft.server.watch.element-limit = 65536 (default)
2019-10-13 19:18:18,094 [bbe13b93-5d26-4624-8bd1-300ffbf132fa@group-60B5951AFD64-LeaderElection26] INFO  server.RaftServerConfigKeys (ConfUtils.java:logGet(43)) - raft.server.log.appender.snapshot.chunk.size.max = 16MB (=16777216) (default)
2019-10-13 19:18:18,094 [bbe13b93-5d26-4624-8bd1-300ffbf132fa@group-60B5951AFD64-LeaderElection26] INFO  server.RaftServerConfigKeys (ConfUtils.java:logGet(43)) - raft.server.log.appender.buffer.byte-limit = 33554432 (custom)
2019-10-13 19:18:18,094 [bbe13b93-5d26-4624-8bd1-300ffbf132fa@group-60B5951AFD64-LeaderElection26] INFO  server.RaftServerConfigKeys (ConfUtils.java:logGet(43)) - raft.server.log.appender.buffer.element-limit = 1 (custom)
2019-10-13 19:18:18,094 [bbe13b93-5d26-4624-8bd1-300ffbf132fa@group-60B5951AFD64-LeaderElection26] INFO  grpc.GrpcConfigKeys$Server (ConfUtils.java:logGet(43)) - raft.grpc.server.leader.outstanding.appends.max = 128 (default)
2019-10-13 19:18:18,094 [bbe13b93-5d26-4624-8bd1-300ffbf132fa@group-60B5951AFD64-LeaderElection26] INFO  server.RaftServerConfigKeys (ConfUtils.java:logGet(43)) - raft.server.rpc.request.timeout = 3000ms (default)
2019-10-13 19:18:18,094 [bbe13b93-5d26-4624-8bd1-300ffbf132fa@group-60B5951AFD64-LeaderElection26] INFO  server.RaftServerConfigKeys (ConfUtils.java:logGet(43)) - raft.server.log.appender.install.snapshot.enabled = false (custom)
2019-10-13 19:18:18,095 [bbe13b93-5d26-4624-8bd1-300ffbf132fa@group-60B5951AFD64-LeaderElection26] INFO  server.RaftServerConfigKeys (ConfUtils.java:logGet(43)) - raft.server.log.appender.snapshot.chunk.size.max = 16MB (=16777216) (default)
2019-10-13 19:18:18,095 [bbe13b93-5d26-4624-8bd1-300ffbf132fa@group-60B5951AFD64-LeaderElection26] INFO  server.RaftServerConfigKeys (ConfUtils.java:logGet(43)) - raft.server.log.appender.buffer.byte-limit = 33554432 (custom)
2019-10-13 19:18:18,095 [bbe13b93-5d26-4624-8bd1-300ffbf132fa@group-60B5951AFD64-LeaderElection26] INFO  server.RaftServerConfigKeys (ConfUtils.java:logGet(43)) - raft.server.log.appender.buffer.element-limit = 1 (custom)
2019-10-13 19:18:18,095 [bbe13b93-5d26-4624-8bd1-300ffbf132fa@group-60B5951AFD64-LeaderElection26] INFO  grpc.GrpcConfigKeys$Server (ConfUtils.java:logGet(43)) - raft.grpc.server.leader.outstanding.appends.max = 128 (default)
2019-10-13 19:18:18,095 [bbe13b93-5d26-4624-8bd1-300ffbf132fa@group-60B5951AFD64-LeaderElection26] INFO  server.RaftServerConfigKeys (ConfUtils.java:logGet(43)) - raft.server.rpc.request.timeout = 3000ms (default)
2019-10-13 19:18:18,095 [bbe13b93-5d26-4624-8bd1-300ffbf132fa@group-60B5951AFD64-LeaderElection26] INFO  server.RaftServerConfigKeys (ConfUtils.java:logGet(43)) - raft.server.log.appender.install.snapshot.enabled = false (custom)
2019-10-13 19:18:18,095 [bbe13b93-5d26-4624-8bd1-300ffbf132fa@group-60B5951AFD64-LeaderElection26] INFO  impl.RoleInfo (RoleInfo.java:updateAndGet(143)) - bbe13b93-5d26-4624-8bd1-300ffbf132fa: start LeaderState
2019-10-13 19:18:18,095 [bbe13b93-5d26-4624-8bd1-300ffbf132fa@group-60B5951AFD64-LeaderElection26] INFO  segmented.SegmentedRaftLogWorker (SegmentedRaftLogWorker.java:startLogSegment(385)) - bbe13b93-5d26-4624-8bd1-300ffbf132fa@group-60B5951AFD64-SegmentedRaftLogWorker: Starting segment from index:0
2019-10-13 19:18:18,096 [bbe13b93-5d26-4624-8bd1-300ffbf132fa@group-60B5951AFD64-LeaderElection26] INFO  impl.RaftServerImpl (ServerState.java:setRaftConf(356)) - bbe13b93-5d26-4624-8bd1-300ffbf132fa@group-60B5951AFD64: set configuration 0: [bbe13b93-5d26-4624-8bd1-300ffbf132fa:192.168.164.216:40251, c30b1c71-811a-476d-9d0f-46fc3df139c8:192.168.164.216:43747, 8b1af7ae-6f9e-4f7c-b807-4ee17c912dc1:192.168.164.216:37112], old=null at 0
2019-10-13 19:18:18,121 [grpc-default-executor-2] INFO  impl.RaftServerImpl (ServerState.java:setLeader(255)) - 8b1af7ae-6f9e-4f7c-b807-4ee17c912dc1@group-60B5951AFD64: change Leader from null to bbe13b93-5d26-4624-8bd1-300ffbf132fa at term 1 for appendEntries, leader elected after 1231ms
2019-10-13 19:18:18,121 [grpc-default-executor-5] INFO  impl.RaftServerImpl (ServerState.java:setLeader(255)) - c30b1c71-811a-476d-9d0f-46fc3df139c8@group-60B5951AFD64: change Leader from null to bbe13b93-5d26-4624-8bd1-300ffbf132fa at term 1 for appendEntries, leader elected after 1371ms
2019-10-13 19:18:18,125 [grpc-default-executor-2] INFO  impl.RaftServerImpl (ServerState.java:setRaftConf(356)) - 8b1af7ae-6f9e-4f7c-b807-4ee17c912dc1@group-60B5951AFD64: set configuration 0: [bbe13b93-5d26-4624-8bd1-300ffbf132fa:192.168.164.216:40251, c30b1c71-811a-476d-9d0f-46fc3df139c8:192.168.164.216:43747, 8b1af7ae-6f9e-4f7c-b807-4ee17c912dc1:192.168.164.216:37112], old=null at 0
2019-10-13 19:18:18,125 [grpc-default-executor-5] INFO  impl.RaftServerImpl (ServerState.java:setRaftConf(356)) - c30b1c71-811a-476d-9d0f-46fc3df139c8@group-60B5951AFD64: set configuration 0: [bbe13b93-5d26-4624-8bd1-300ffbf132fa:192.168.164.216:40251, c30b1c71-811a-476d-9d0f-46fc3df139c8:192.168.164.216:43747, 8b1af7ae-6f9e-4f7c-b807-4ee17c912dc1:192.168.164.216:37112], old=null at 0
2019-10-13 19:18:18,125 [grpc-default-executor-2] INFO  segmented.SegmentedRaftLogWorker (SegmentedRaftLogWorker.java:startLogSegment(385)) - 8b1af7ae-6f9e-4f7c-b807-4ee17c912dc1@group-60B5951AFD64-SegmentedRaftLogWorker: Starting segment from index:0
2019-10-13 19:18:18,125 [grpc-default-executor-5] INFO  segmented.SegmentedRaftLogWorker (SegmentedRaftLogWorker.java:startLogSegment(385)) - c30b1c71-811a-476d-9d0f-46fc3df139c8@group-60B5951AFD64-SegmentedRaftLogWorker: Starting segment from index:0
2019-10-13 19:18:18,149 [bbe13b93-5d26-4624-8bd1-300ffbf132fa@group-60B5951AFD64-SegmentedRaftLogWorker] INFO  segmented.SegmentedRaftLogWorker (SegmentedRaftLogWorker.java:execute(574)) - bbe13b93-5d26-4624-8bd1-300ffbf132fa@group-60B5951AFD64-SegmentedRaftLogWorker: created new log segment /workdir/hadoop-ozone/integration-test/target/test-dir/MiniOzoneClusterImpl-5ae201cf-45d6-4939-83ae-09959f8683c2/datanode-4/data/ratis/0ac3ac89-07dc-4b2a-8470-60b5951afd64/current/log_inprogress_0
2019-10-13 19:18:18,149 [8b1af7ae-6f9e-4f7c-b807-4ee17c912dc1@group-060A9D3EAE92-SegmentedRaftLogWorker] INFO  segmented.SegmentedRaftLogWorker (SegmentedRaftLogWorker.java:execute(574)) - 8b1af7ae-6f9e-4f7c-b807-4ee17c912dc1@group-060A9D3EAE92-SegmentedRaftLogWorker: created new log segment /workdir/hadoop-ozone/integration-test/target/test-dir/MiniOzoneClusterImpl-5ae201cf-45d6-4939-83ae-09959f8683c2/datanode-5/data/ratis/5b0d0de3-75cd-4f84-b91b-060a9d3eae92/current/log_inprogress_0
2019-10-13 19:18:18,173 [c30b1c71-811a-476d-9d0f-46fc3df139c8@group-60B5951AFD64-SegmentedRaftLogWorker] INFO  segmented.SegmentedRaftLogWorker (SegmentedRaftLogWorker.java:execute(574)) - c30b1c71-811a-476d-9d0f-46fc3df139c8@group-60B5951AFD64-SegmentedRaftLogWorker: created new log segment /workdir/hadoop-ozone/integration-test/target/test-dir/MiniOzoneClusterImpl-5ae201cf-45d6-4939-83ae-09959f8683c2/datanode-1/data/ratis/0ac3ac89-07dc-4b2a-8470-60b5951afd64/current/log_inprogress_0
2019-10-13 19:18:18,173 [8b1af7ae-6f9e-4f7c-b807-4ee17c912dc1@group-60B5951AFD64-SegmentedRaftLogWorker] INFO  segmented.SegmentedRaftLogWorker (SegmentedRaftLogWorker.java:execute(574)) - 8b1af7ae-6f9e-4f7c-b807-4ee17c912dc1@group-60B5951AFD64-SegmentedRaftLogWorker: created new log segment /workdir/hadoop-ozone/integration-test/target/test-dir/MiniOzoneClusterImpl-5ae201cf-45d6-4939-83ae-09959f8683c2/datanode-5/data/ratis/0ac3ac89-07dc-4b2a-8470-60b5951afd64/current/log_inprogress_0
2019-10-13 19:18:20,537 [ForkJoinPool.commonPool-worker-0] INFO  ozoneimpl.OzoneContainer (OzoneContainer.java:stop(227)) - Attempting to stop container services.
2019-10-13 19:18:20,537 [main] INFO  ozoneimpl.OzoneContainer (OzoneContainer.java:stop(227)) - Attempting to stop container services.
2019-10-13 19:18:20,538 [ForkJoinPool.commonPool-worker-0] INFO  impl.RaftServerProxy (RaftServerProxy.java:lambda$close$4(314)) - c30b1c71-811a-476d-9d0f-46fc3df139c8: close
2019-10-13 19:18:20,538 [main] INFO  impl.RaftServerProxy (RaftServerProxy.java:lambda$close$4(314)) - ddfdedce-c710-4912-afcf-4ed84d1277de: close
2019-10-13 19:18:20,538 [ForkJoinPool.commonPool-worker-0] INFO  impl.RaftServerImpl (RaftServerImpl.java:lambda$shutdown$3(247)) - c30b1c71-811a-476d-9d0f-46fc3df139c8@group-0D2F692B8300: shutdown
2019-10-13 19:18:20,543 [main] INFO  server.GrpcService (GrpcService.java:closeImpl(164)) - ddfdedce-c710-4912-afcf-4ed84d1277de: shutdown server with port 38163 now
2019-10-13 19:18:20,543 [ForkJoinPool.commonPool-worker-0] INFO  util.JmxRegister (JmxRegister.java:unregister(73)) - Successfully un-registered JMX Bean with object name Ratis:service=RaftServer,group=group-0D2F692B8300,id=c30b1c71-811a-476d-9d0f-46fc3df139c8
2019-10-13 19:18:20,544 [ForkJoinPool.commonPool-worker-0] INFO  impl.RoleInfo (RoleInfo.java:shutdownFollowerState(121)) - c30b1c71-811a-476d-9d0f-46fc3df139c8: shutdown FollowerState
2019-10-13 19:18:20,544 [main] INFO  server.GrpcService (GrpcService.java:closeImpl(172)) - ddfdedce-c710-4912-afcf-4ed84d1277de: shutdown server with port 38163 successfully
2019-10-13 19:18:20,544 [Thread-1358] INFO  impl.FollowerState (FollowerState.java:run(117)) - c30b1c71-811a-476d-9d0f-46fc3df139c8@group-0D2F692B8300-FollowerState was interrupted: java.lang.InterruptedException: sleep interrupted
2019-10-13 19:18:20,544 [ForkJoinPool.commonPool-worker-0] INFO  impl.StateMachineUpdater (StateMachineUpdater.java:stopAndJoin(136)) - c30b1c71-811a-476d-9d0f-46fc3df139c8@group-0D2F692B8300-StateMachineUpdater: set stopIndex = 0
2019-10-13 19:18:20,547 [ForkJoinPool.commonPool-worker-0] INFO  impl.RaftServerImpl (ServerState.java:close(387)) - c30b1c71-811a-476d-9d0f-46fc3df139c8@group-0D2F692B8300: closes. applyIndex: 0
2019-10-13 19:18:20,548 [c30b1c71-811a-476d-9d0f-46fc3df139c8@group-0D2F692B8300-SegmentedRaftLogWorker] INFO  segmented.SegmentedRaftLogWorker (SegmentedRaftLogWorker.java:run(316)) - c30b1c71-811a-476d-9d0f-46fc3df139c8@group-0D2F692B8300-SegmentedRaftLogWorker was interrupted, exiting. There are 0 tasks remaining in the queue.
2019-10-13 19:18:20,550 [ForkJoinPool.commonPool-worker-0] INFO  segmented.SegmentedRaftLogWorker (SegmentedRaftLogWorker.java:close(224)) - c30b1c71-811a-476d-9d0f-46fc3df139c8@group-0D2F692B8300-SegmentedRaftLogWorker close()
2019-10-13 19:18:20,550 [refreshUsed-/workdir/hadoop-ozone/integration-test/target/test-dir/MiniOzoneClusterImpl-5ae201cf-45d6-4939-83ae-09959f8683c2/datanode-3/data/containers] WARN  fs.CachingGetSpaceUsed (CachingGetSpaceUsed.java:run(183)) - Thread Interrupted waiting to refresh disk information: sleep interrupted
2019-10-13 19:18:20,554 [ForkJoinPool.commonPool-worker-0] INFO  impl.RaftServerImpl (RaftServerImpl.java:lambda$shutdown$3(247)) - c30b1c71-811a-476d-9d0f-46fc3df139c8@group-60B5951AFD64: shutdown
2019-10-13 19:18:20,555 [ForkJoinPool.commonPool-worker-0] INFO  util.JmxRegister (JmxRegister.java:unregister(73)) - Successfully un-registered JMX Bean with object name Ratis:service=RaftServer,group=group-60B5951AFD64,id=c30b1c71-811a-476d-9d0f-46fc3df139c8
2019-10-13 19:18:20,555 [ForkJoinPool.commonPool-worker-0] INFO  impl.RoleInfo (RoleInfo.java:shutdownFollowerState(121)) - c30b1c71-811a-476d-9d0f-46fc3df139c8: shutdown FollowerState
2019-10-13 19:18:20,555 [ForkJoinPool.commonPool-worker-0] INFO  impl.StateMachineUpdater (StateMachineUpdater.java:stopAndJoin(136)) - c30b1c71-811a-476d-9d0f-46fc3df139c8@group-60B5951AFD64-StateMachineUpdater: set stopIndex = 0
2019-10-13 19:18:20,555 [Thread-1382] INFO  impl.FollowerState (FollowerState.java:run(117)) - c30b1c71-811a-476d-9d0f-46fc3df139c8@group-60B5951AFD64-FollowerState was interrupted: java.lang.InterruptedException: sleep interrupted
2019-10-13 19:18:20,555 [ForkJoinPool.commonPool-worker-0] INFO  impl.RaftServerImpl (ServerState.java:close(387)) - c30b1c71-811a-476d-9d0f-46fc3df139c8@group-60B5951AFD64: closes. applyIndex: 0
2019-10-13 19:18:20,559 [c30b1c71-811a-476d-9d0f-46fc3df139c8@group-60B5951AFD64-SegmentedRaftLogWorker] INFO  segmented.SegmentedRaftLogWorker (SegmentedRaftLogWorker.java:run(316)) - c30b1c71-811a-476d-9d0f-46fc3df139c8@group-60B5951AFD64-SegmentedRaftLogWorker was interrupted, exiting. There are 0 tasks remaining in the queue.
2019-10-13 19:18:20,561 [ForkJoinPool.commonPool-worker-0] INFO  segmented.SegmentedRaftLogWorker (SegmentedRaftLogWorker.java:close(224)) - c30b1c71-811a-476d-9d0f-46fc3df139c8@group-60B5951AFD64-SegmentedRaftLogWorker close()
2019-10-13 19:18:20,570 [ForkJoinPool.commonPool-worker-0] INFO  impl.RaftServerImpl (RaftServerImpl.java:lambda$shutdown$3(247)) - c30b1c71-811a-476d-9d0f-46fc3df139c8@group-F0B08912F089: shutdown
2019-10-13 19:18:20,571 [ForkJoinPool.commonPool-worker-0] INFO  util.JmxRegister (JmxRegister.java:unregister(73)) - Successfully un-registered JMX Bean with object name Ratis:service=RaftServer,group=group-F0B08912F089,id=c30b1c71-811a-476d-9d0f-46fc3df139c8
2019-10-13 19:18:20,571 [ForkJoinPool.commonPool-worker-0] INFO  impl.RoleInfo (RoleInfo.java:shutdownFollowerState(121)) - c30b1c71-811a-476d-9d0f-46fc3df139c8: shutdown FollowerState
2019-10-13 19:18:20,571 [ForkJoinPool.commonPool-worker-0] INFO  impl.StateMachineUpdater (StateMachineUpdater.java:stopAndJoin(136)) - c30b1c71-811a-476d-9d0f-46fc3df139c8@group-F0B08912F089-StateMachineUpdater: set stopIndex = 0
2019-10-13 19:18:20,571 [Thread-1353] INFO  impl.FollowerState (FollowerState.java:run(117)) - c30b1c71-811a-476d-9d0f-46fc3df139c8@group-F0B08912F089-FollowerState was interrupted: java.lang.InterruptedException: sleep interrupted
2019-10-13 19:18:20,571 [ForkJoinPool.commonPool-worker-0] INFO  impl.RaftServerImpl (ServerState.java:close(387)) - c30b1c71-811a-476d-9d0f-46fc3df139c8@group-F0B08912F089: closes. applyIndex: 0
2019-10-13 19:18:20,574 [c30b1c71-811a-476d-9d0f-46fc3df139c8@group-F0B08912F089-SegmentedRaftLogWorker] INFO  segmented.SegmentedRaftLogWorker (SegmentedRaftLogWorker.java:run(316)) - c30b1c71-811a-476d-9d0f-46fc3df139c8@group-F0B08912F089-SegmentedRaftLogWorker was interrupted, exiting. There are 0 tasks remaining in the queue.
2019-10-13 19:18:20,576 [ForkJoinPool.commonPool-worker-0] INFO  segmented.SegmentedRaftLogWorker (SegmentedRaftLogWorker.java:close(224)) - c30b1c71-811a-476d-9d0f-46fc3df139c8@group-F0B08912F089-SegmentedRaftLogWorker close()
2019-10-13 19:18:20,579 [ForkJoinPool.commonPool-worker-0] INFO  server.GrpcService (GrpcService.java:closeImpl(164)) - c30b1c71-811a-476d-9d0f-46fc3df139c8: shutdown server with port 43747 now
2019-10-13 19:18:20,580 [grpc-default-executor-2] WARN  server.GrpcServerProtocolService (LogUtils.java:warn(134)) - c30b1c71-811a-476d-9d0f-46fc3df139c8: installSnapshot onError, lastRequest: bbe13b93-5d26-4624-8bd1-300ffbf132fa->c30b1c71-811a-476d-9d0f-46fc3df139c8#5-t1, previous=(t:1, i:0), leaderCommit=0, initializing? false, entries: <empty>: org.apache.ratis.thirdparty.io.grpc.StatusRuntimeException: CANCELLED: cancelled before receiving half close
2019-10-13 19:18:20,580 [grpc-default-executor-1] WARN  server.GrpcServerProtocolService (LogUtils.java:warn(134)) - c30b1c71-811a-476d-9d0f-46fc3df139c8: installSnapshot onError, lastRequest: bbe13b93-5d26-4624-8bd1-300ffbf132fa->c30b1c71-811a-476d-9d0f-46fc3df139c8#6-t1, previous=(t:1, i:0), leaderCommit=0, initializing? false, entries: <empty>: org.apache.ratis.thirdparty.io.grpc.StatusRuntimeException: CANCELLED: cancelled before receiving half close
2019-10-13 19:18:20,580 [grpc-default-executor-5] WARN  server.GrpcLogAppender (LogUtils.java:warn(134)) - bbe13b93-5d26-4624-8bd1-300ffbf132fa@group-F0B08912F089->c30b1c71-811a-476d-9d0f-46fc3df139c8-AppendLogResponseHandler: Failed appendEntries: org.apache.ratis.thirdparty.io.grpc.StatusRuntimeException: CANCELLED: HTTP/2 error code: CANCEL
Received Rst Stream
2019-10-13 19:18:20,580 [grpc-default-executor-4] WARN  server.GrpcServerProtocolService (LogUtils.java:warn(134)) - c30b1c71-811a-476d-9d0f-46fc3df139c8: installSnapshot onError, lastRequest: bbe13b93-5d26-4624-8bd1-300ffbf132fa->c30b1c71-811a-476d-9d0f-46fc3df139c8#5-t1, previous=(t:1, i:0), leaderCommit=0, initializing? false, entries: <empty>: org.apache.ratis.thirdparty.io.grpc.StatusRuntimeException: CANCELLED: cancelled before receiving half close
2019-10-13 19:18:20,580 [grpc-default-executor-0] WARN  server.GrpcLogAppender (LogUtils.java:warn(134)) - bbe13b93-5d26-4624-8bd1-300ffbf132fa@group-60B5951AFD64->c30b1c71-811a-476d-9d0f-46fc3df139c8-AppendLogResponseHandler: Failed appendEntries: org.apache.ratis.thirdparty.io.grpc.StatusRuntimeException: CANCELLED: HTTP/2 error code: CANCEL
Received Rst Stream
2019-10-13 19:18:20,580 [grpc-default-executor-3] WARN  server.GrpcLogAppender (LogUtils.java:warn(134)) - bbe13b93-5d26-4624-8bd1-300ffbf132fa@group-0D2F692B8300->c30b1c71-811a-476d-9d0f-46fc3df139c8-AppendLogResponseHandler: Failed appendEntries: org.apache.ratis.thirdparty.io.grpc.StatusRuntimeException: CANCELLED: HTTP/2 error code: CANCEL
Received Rst Stream
2019-10-13 19:18:20,580 [ForkJoinPool.commonPool-worker-0] INFO  server.GrpcService (GrpcService.java:closeImpl(172)) - c30b1c71-811a-476d-9d0f-46fc3df139c8: shutdown server with port 43747 successfully
2019-10-13 19:18:20,581 [grpc-default-executor-3] INFO  impl.FollowerInfo (FollowerInfo.java:lambda$new$0(51)) - bbe13b93-5d26-4624-8bd1-300ffbf132fa@group-0D2F692B8300->c30b1c71-811a-476d-9d0f-46fc3df139c8: nextIndex: updateUnconditionally 1 -> 0
2019-10-13 19:18:20,581 [grpc-default-executor-5] INFO  impl.FollowerInfo (FollowerInfo.java:lambda$new$0(51)) - bbe13b93-5d26-4624-8bd1-300ffbf132fa@group-F0B08912F089->c30b1c71-811a-476d-9d0f-46fc3df139c8: nextIndex: updateUnconditionally 1 -> 0
2019-10-13 19:18:20,581 [grpc-default-executor-0] INFO  impl.FollowerInfo (FollowerInfo.java:lambda$new$0(51)) - bbe13b93-5d26-4624-8bd1-300ffbf132fa@group-60B5951AFD64->c30b1c71-811a-476d-9d0f-46fc3df139c8: nextIndex: updateUnconditionally 1 -> 0
2019-10-13 19:18:20,582 [refreshUsed-/workdir/hadoop-ozone/integration-test/target/test-dir/MiniOzoneClusterImpl-5ae201cf-45d6-4939-83ae-09959f8683c2/datanode-1/data/containers] WARN  fs.CachingGetSpaceUsed (CachingGetSpaceUsed.java:run(183)) - Thread Interrupted waiting to refresh disk information: sleep interrupted
2019-10-13 19:18:20,592 [main] INFO  utils.BackgroundService (BackgroundService.java:shutdown(151)) - Shutting down service BlockDeletingService
2019-10-13 19:18:20,598 [main] INFO  statemachine.DatanodeStateMachine (DatanodeStateMachine.java:stopDaemon(395)) - Ozone container server stopped.
2019-10-13 19:18:20,600 [main] INFO  handler.ContextHandler (ContextHandler.java:doStop(910)) - Stopped o.e.j.w.WebAppContext@2b148329{/,null,UNAVAILABLE}{/hddsDatanode}
2019-10-13 19:18:20,601 [main] INFO  server.AbstractConnector (AbstractConnector.java:doStop(318)) - Stopped ServerConnector@62c72501{HTTP/1.1,[http/1.1]}{0.0.0.0:0}
2019-10-13 19:18:20,601 [main] INFO  handler.ContextHandler (ContextHandler.java:doStop(910)) - Stopped o.e.j.s.ServletContextHandler@5261ec9{/static,jar:file:/home/user/.m2/repository/org/apache/hadoop/hadoop-hdds-container-service/0.5.0-SNAPSHOT/hadoop-hdds-container-service-0.5.0-SNAPSHOT.jar!/webapps/static,UNAVAILABLE}
2019-10-13 19:18:20,601 [main] INFO  handler.ContextHandler (ContextHandler.java:doStop(910)) - Stopped o.e.j.s.ServletContextHandler@1b01a0d{/logs,file:///workdir/hadoop-ozone/integration-test/target/log,UNAVAILABLE}
2019-10-13 19:18:20,605 [ForkJoinPool.commonPool-worker-0] INFO  utils.BackgroundService (BackgroundService.java:shutdown(151)) - Shutting down service BlockDeletingService
2019-10-13 19:18:20,610 [ForkJoinPool.commonPool-worker-0] INFO  statemachine.DatanodeStateMachine (DatanodeStateMachine.java:stopDaemon(395)) - Ozone container server stopped.
2019-10-13 19:18:20,616 [ForkJoinPool.commonPool-worker-0] INFO  handler.ContextHandler (ContextHandler.java:doStop(910)) - Stopped o.e.j.w.WebAppContext@1da4b3f9{/,null,UNAVAILABLE}{/hddsDatanode}
2019-10-13 19:18:20,617 [ForkJoinPool.commonPool-worker-0] INFO  server.AbstractConnector (AbstractConnector.java:doStop(318)) - Stopped ServerConnector@23cbbd07{HTTP/1.1,[http/1.1]}{0.0.0.0:0}
2019-10-13 19:18:20,618 [ForkJoinPool.commonPool-worker-0] INFO  handler.ContextHandler (ContextHandler.java:doStop(910)) - Stopped o.e.j.s.ServletContextHandler@6025d790{/static,jar:file:/home/user/.m2/repository/org/apache/hadoop/hadoop-hdds-container-service/0.5.0-SNAPSHOT/hadoop-hdds-container-service-0.5.0-SNAPSHOT.jar!/webapps/static,UNAVAILABLE}
2019-10-13 19:18:20,620 [ForkJoinPool.commonPool-worker-0] INFO  handler.ContextHandler (ContextHandler.java:doStop(910)) - Stopped o.e.j.s.ServletContextHandler@467233e4{/logs,file:///workdir/hadoop-ozone/integration-test/target/log,UNAVAILABLE}
2019-10-13 19:18:20,697 [grpc-default-executor-4] WARN  server.GrpcLogAppender (LogUtils.java:warn(134)) - bbe13b93-5d26-4624-8bd1-300ffbf132fa@group-0D2F692B8300->c30b1c71-811a-476d-9d0f-46fc3df139c8-AppendLogResponseHandler: Failed appendEntries: org.apache.ratis.thirdparty.io.grpc.StatusRuntimeException: UNAVAILABLE: io exception
2019-10-13 19:18:20,697 [grpc-default-executor-4] INFO  impl.FollowerInfo (FollowerInfo.java:lambda$new$0(51)) - bbe13b93-5d26-4624-8bd1-300ffbf132fa@group-0D2F692B8300->c30b1c71-811a-476d-9d0f-46fc3df139c8: nextIndex: updateUnconditionally 0 -> 0
2019-10-13 19:18:20,763 [grpc-default-executor-4] WARN  server.GrpcLogAppender (LogUtils.java:warn(134)) - bbe13b93-5d26-4624-8bd1-300ffbf132fa@group-60B5951AFD64->c30b1c71-811a-476d-9d0f-46fc3df139c8-AppendLogResponseHandler: Failed appendEntries: org.apache.ratis.thirdparty.io.grpc.StatusRuntimeException: UNAVAILABLE: io exception
2019-10-13 19:18:20,763 [grpc-default-executor-4] INFO  impl.FollowerInfo (FollowerInfo.java:lambda$new$0(51)) - bbe13b93-5d26-4624-8bd1-300ffbf132fa@group-60B5951AFD64->c30b1c71-811a-476d-9d0f-46fc3df139c8: nextIndex: updateUnconditionally 0 -> 0
2019-10-13 19:18:21,073 [grpc-default-executor-0] WARN  server.GrpcLogAppender (LogUtils.java:warn(134)) - bbe13b93-5d26-4624-8bd1-300ffbf132fa@group-F0B08912F089->c30b1c71-811a-476d-9d0f-46fc3df139c8-AppendLogResponseHandler: Failed appendEntries: org.apache.ratis.thirdparty.io.grpc.StatusRuntimeException: UNAVAILABLE: io exception
2019-10-13 19:18:21,073 [grpc-default-executor-0] INFO  impl.FollowerInfo (FollowerInfo.java:lambda$new$0(51)) - bbe13b93-5d26-4624-8bd1-300ffbf132fa@group-F0B08912F089->c30b1c71-811a-476d-9d0f-46fc3df139c8: nextIndex: updateUnconditionally 0 -> 0
2019-10-13 19:18:21,197 [grpc-default-executor-4] WARN  server.GrpcLogAppender (LogUtils.java:warn(134)) - bbe13b93-5d26-4624-8bd1-300ffbf132fa@group-0D2F692B8300->c30b1c71-811a-476d-9d0f-46fc3df139c8-AppendLogResponseHandler: Failed appendEntries: org.apache.ratis.thirdparty.io.grpc.StatusRuntimeException: UNAVAILABLE: io exception
2019-10-13 19:18:21,197 [grpc-default-executor-4] INFO  impl.FollowerInfo (FollowerInfo.java:lambda$new$0(51)) - bbe13b93-5d26-4624-8bd1-300ffbf132fa@group-0D2F692B8300->c30b1c71-811a-476d-9d0f-46fc3df139c8: nextIndex: updateUnconditionally 0 -> 0
2019-10-13 19:18:21,240 [Datanode State Machine Thread - 0] INFO  statemachine.DatanodeStateMachine (DatanodeStateMachine.java:lambda$startDaemon$0(350)) - Ozone container server started.
2019-10-13 19:18:21,264 [grpc-default-executor-1] WARN  server.GrpcLogAppender (LogUtils.java:warn(134)) - bbe13b93-5d26-4624-8bd1-300ffbf132fa@group-60B5951AFD64->c30b1c71-811a-476d-9d0f-46fc3df139c8-AppendLogResponseHandler: Failed appendEntries: org.apache.ratis.thirdparty.io.grpc.StatusRuntimeException: UNAVAILABLE: io exception
2019-10-13 19:18:21,264 [grpc-default-executor-1] INFO  impl.FollowerInfo (FollowerInfo.java:lambda$new$0(51)) - bbe13b93-5d26-4624-8bd1-300ffbf132fa@group-60B5951AFD64->c30b1c71-811a-476d-9d0f-46fc3df139c8: nextIndex: updateUnconditionally 0 -> 0
2019-10-13 19:18:21,498 [Datanode State Machine Thread - 0] INFO  statemachine.DatanodeStateMachine (DatanodeStateMachine.java:lambda$startDaemon$0(350)) - Ozone container server started.
2019-10-13 19:18:21,573 [grpc-default-executor-0] WARN  server.GrpcLogAppender (LogUtils.java:warn(134)) - bbe13b93-5d26-4624-8bd1-300ffbf132fa@group-F0B08912F089->c30b1c71-811a-476d-9d0f-46fc3df139c8-AppendLogResponseHandler: Failed appendEntries: org.apache.ratis.thirdparty.io.grpc.StatusRuntimeException: UNAVAILABLE: io exception
2019-10-13 19:18:21,574 [grpc-default-executor-0] INFO  impl.FollowerInfo (FollowerInfo.java:lambda$new$0(51)) - bbe13b93-5d26-4624-8bd1-300ffbf132fa@group-F0B08912F089->c30b1c71-811a-476d-9d0f-46fc3df139c8: nextIndex: updateUnconditionally 0 -> 0
2019-10-13 19:18:21,698 [grpc-default-executor-0] WARN  server.GrpcLogAppender (LogUtils.java:warn(134)) - bbe13b93-5d26-4624-8bd1-300ffbf132fa@group-0D2F692B8300->c30b1c71-811a-476d-9d0f-46fc3df139c8-AppendLogResponseHandler: Failed appendEntries: org.apache.ratis.thirdparty.io.grpc.StatusRuntimeException: UNAVAILABLE: io exception
2019-10-13 19:18:21,698 [grpc-default-executor-0] INFO  impl.FollowerInfo (FollowerInfo.java:lambda$new$0(51)) - bbe13b93-5d26-4624-8bd1-300ffbf132fa@group-0D2F692B8300->c30b1c71-811a-476d-9d0f-46fc3df139c8: nextIndex: updateUnconditionally 0 -> 0
2019-10-13 19:18:21,764 [grpc-default-executor-4] WARN  server.GrpcLogAppender (LogUtils.java:warn(134)) - bbe13b93-5d26-4624-8bd1-300ffbf132fa@group-60B5951AFD64->c30b1c71-811a-476d-9d0f-46fc3df139c8-AppendLogResponseHandler: Failed appendEntries: org.apache.ratis.thirdparty.io.grpc.StatusRuntimeException: UNAVAILABLE: io exception
2019-10-13 19:18:21,765 [grpc-default-executor-4] INFO  impl.FollowerInfo (FollowerInfo.java:lambda$new$0(51)) - bbe13b93-5d26-4624-8bd1-300ffbf132fa@group-60B5951AFD64->c30b1c71-811a-476d-9d0f-46fc3df139c8: nextIndex: updateUnconditionally 0 -> 0
2019-10-13 19:18:22,074 [grpc-default-executor-0] WARN  server.GrpcLogAppender (LogUtils.java:warn(134)) - bbe13b93-5d26-4624-8bd1-300ffbf132fa@group-F0B08912F089->c30b1c71-811a-476d-9d0f-46fc3df139c8-AppendLogResponseHandler: Failed appendEntries: org.apache.ratis.thirdparty.io.grpc.StatusRuntimeException: UNAVAILABLE: io exception
2019-10-13 19:18:22,074 [grpc-default-executor-0] INFO  impl.FollowerInfo (FollowerInfo.java:lambda$new$0(51)) - bbe13b93-5d26-4624-8bd1-300ffbf132fa@group-F0B08912F089->c30b1c71-811a-476d-9d0f-46fc3df139c8: nextIndex: updateUnconditionally 0 -> 0
2019-10-13 19:18:22,198 [grpc-default-executor-4] WARN  server.GrpcLogAppender (LogUtils.java:warn(134)) - bbe13b93-5d26-4624-8bd1-300ffbf132fa@group-0D2F692B8300->c30b1c71-811a-476d-9d0f-46fc3df139c8-AppendLogResponseHandler: Failed appendEntries: org.apache.ratis.thirdparty.io.grpc.StatusRuntimeException: UNAVAILABLE: io exception
2019-10-13 19:18:22,199 [grpc-default-executor-4] INFO  impl.FollowerInfo (FollowerInfo.java:lambda$new$0(51)) - bbe13b93-5d26-4624-8bd1-300ffbf132fa@group-0D2F692B8300->c30b1c71-811a-476d-9d0f-46fc3df139c8: nextIndex: updateUnconditionally 0 -> 0
2019-10-13 19:18:22,265 [grpc-default-executor-4] WARN  server.GrpcLogAppender (LogUtils.java:warn(134)) - bbe13b93-5d26-4624-8bd1-300ffbf132fa@group-60B5951AFD64->c30b1c71-811a-476d-9d0f-46fc3df139c8-AppendLogResponseHandler: Failed appendEntries: org.apache.ratis.thirdparty.io.grpc.StatusRuntimeException: UNAVAILABLE: io exception
2019-10-13 19:18:22,265 [grpc-default-executor-4] INFO  impl.FollowerInfo (FollowerInfo.java:lambda$new$0(51)) - bbe13b93-5d26-4624-8bd1-300ffbf132fa@group-60B5951AFD64->c30b1c71-811a-476d-9d0f-46fc3df139c8: nextIndex: updateUnconditionally 0 -> 0
2019-10-13 19:18:22,575 [grpc-default-executor-4] WARN  server.GrpcLogAppender (LogUtils.java:warn(134)) - bbe13b93-5d26-4624-8bd1-300ffbf132fa@group-F0B08912F089->c30b1c71-811a-476d-9d0f-46fc3df139c8-AppendLogResponseHandler: Failed appendEntries: org.apache.ratis.thirdparty.io.grpc.StatusRuntimeException: UNAVAILABLE: io exception
2019-10-13 19:18:22,575 [grpc-default-executor-4] INFO  impl.FollowerInfo (FollowerInfo.java:lambda$new$0(51)) - bbe13b93-5d26-4624-8bd1-300ffbf132fa@group-F0B08912F089->c30b1c71-811a-476d-9d0f-46fc3df139c8: nextIndex: updateUnconditionally 0 -> 0
2019-10-13 19:18:22,699 [grpc-default-executor-4] WARN  server.GrpcLogAppender (LogUtils.java:warn(134)) - bbe13b93-5d26-4624-8bd1-300ffbf132fa@group-0D2F692B8300->c30b1c71-811a-476d-9d0f-46fc3df139c8-AppendLogResponseHandler: Failed appendEntries: org.apache.ratis.thirdparty.io.grpc.StatusRuntimeException: UNAVAILABLE: io exception
2019-10-13 19:18:22,699 [grpc-default-executor-4] INFO  impl.FollowerInfo (FollowerInfo.java:lambda$new$0(51)) - bbe13b93-5d26-4624-8bd1-300ffbf132fa@group-0D2F692B8300->c30b1c71-811a-476d-9d0f-46fc3df139c8: nextIndex: updateUnconditionally 0 -> 0
2019-10-13 19:18:22,765 [grpc-default-executor-1] WARN  server.GrpcLogAppender (LogUtils.java:warn(134)) - bbe13b93-5d26-4624-8bd1-300ffbf132fa@group-60B5951AFD64->c30b1c71-811a-476d-9d0f-46fc3df139c8-AppendLogResponseHandler: Failed appendEntries: org.apache.ratis.thirdparty.io.grpc.StatusRuntimeException: UNAVAILABLE: io exception
2019-10-13 19:18:22,766 [grpc-default-executor-1] INFO  impl.FollowerInfo (FollowerInfo.java:lambda$new$0(51)) - bbe13b93-5d26-4624-8bd1-300ffbf132fa@group-60B5951AFD64->c30b1c71-811a-476d-9d0f-46fc3df139c8: nextIndex: updateUnconditionally 0 -> 0
2019-10-13 19:18:23,075 [grpc-default-executor-4] WARN  server.GrpcLogAppender (LogUtils.java:warn(134)) - bbe13b93-5d26-4624-8bd1-300ffbf132fa@group-F0B08912F089->c30b1c71-811a-476d-9d0f-46fc3df139c8-AppendLogResponseHandler: Failed appendEntries: org.apache.ratis.thirdparty.io.grpc.StatusRuntimeException: UNAVAILABLE: io exception
2019-10-13 19:18:23,075 [grpc-default-executor-4] INFO  impl.FollowerInfo (FollowerInfo.java:lambda$new$0(51)) - bbe13b93-5d26-4624-8bd1-300ffbf132fa@group-F0B08912F089->c30b1c71-811a-476d-9d0f-46fc3df139c8: nextIndex: updateUnconditionally 0 -> 0
2019-10-13 19:18:23,199 [grpc-default-executor-4] WARN  server.GrpcLogAppender (LogUtils.java:warn(134)) - bbe13b93-5d26-4624-8bd1-300ffbf132fa@group-0D2F692B8300->c30b1c71-811a-476d-9d0f-46fc3df139c8-AppendLogResponseHandler: Failed appendEntries: org.apache.ratis.thirdparty.io.grpc.StatusRuntimeException: UNAVAILABLE: io exception
2019-10-13 19:18:23,199 [grpc-default-executor-4] INFO  impl.FollowerInfo (FollowerInfo.java:lambda$new$0(51)) - bbe13b93-5d26-4624-8bd1-300ffbf132fa@group-0D2F692B8300->c30b1c71-811a-476d-9d0f-46fc3df139c8: nextIndex: updateUnconditionally 0 -> 0
2019-10-13 19:18:23,266 [grpc-default-executor-0] WARN  server.GrpcLogAppender (LogUtils.java:warn(134)) - bbe13b93-5d26-4624-8bd1-300ffbf132fa@group-60B5951AFD64->c30b1c71-811a-476d-9d0f-46fc3df139c8-AppendLogResponseHandler: Failed appendEntries: org.apache.ratis.thirdparty.io.grpc.StatusRuntimeException: UNAVAILABLE: io exception
2019-10-13 19:18:23,266 [grpc-default-executor-0] INFO  impl.FollowerInfo (FollowerInfo.java:lambda$new$0(51)) - bbe13b93-5d26-4624-8bd1-300ffbf132fa@group-60B5951AFD64->c30b1c71-811a-476d-9d0f-46fc3df139c8: nextIndex: updateUnconditionally 0 -> 0
2019-10-13 19:18:23,576 [grpc-default-executor-0] WARN  server.GrpcLogAppender (LogUtils.java:warn(134)) - bbe13b93-5d26-4624-8bd1-300ffbf132fa@group-F0B08912F089->c30b1c71-811a-476d-9d0f-46fc3df139c8-AppendLogResponseHandler: Failed appendEntries: org.apache.ratis.thirdparty.io.grpc.StatusRuntimeException: UNAVAILABLE: io exception
2019-10-13 19:18:23,576 [grpc-default-executor-0] INFO  impl.FollowerInfo (FollowerInfo.java:lambda$new$0(51)) - bbe13b93-5d26-4624-8bd1-300ffbf132fa@group-F0B08912F089->c30b1c71-811a-476d-9d0f-46fc3df139c8: nextIndex: updateUnconditionally 0 -> 0
2019-10-13 19:18:23,700 [grpc-default-executor-0] WARN  server.GrpcLogAppender (LogUtils.java:warn(134)) - bbe13b93-5d26-4624-8bd1-300ffbf132fa@group-0D2F692B8300->c30b1c71-811a-476d-9d0f-46fc3df139c8-AppendLogResponseHandler: Failed appendEntries: org.apache.ratis.thirdparty.io.grpc.StatusRuntimeException: UNAVAILABLE: io exception
2019-10-13 19:18:23,700 [grpc-default-executor-0] INFO  impl.FollowerInfo (FollowerInfo.java:lambda$new$0(51)) - bbe13b93-5d26-4624-8bd1-300ffbf132fa@group-0D2F692B8300->c30b1c71-811a-476d-9d0f-46fc3df139c8: nextIndex: updateUnconditionally 0 -> 0
2019-10-13 19:18:23,766 [grpc-default-executor-4] WARN  server.GrpcLogAppender (LogUtils.java:warn(134)) - bbe13b93-5d26-4624-8bd1-300ffbf132fa@group-60B5951AFD64->c30b1c71-811a-476d-9d0f-46fc3df139c8-AppendLogResponseHandler: Failed appendEntries: org.apache.ratis.thirdparty.io.grpc.StatusRuntimeException: UNAVAILABLE: io exception
2019-10-13 19:18:23,767 [grpc-default-executor-4] INFO  impl.FollowerInfo (FollowerInfo.java:lambda$new$0(51)) - bbe13b93-5d26-4624-8bd1-300ffbf132fa@group-60B5951AFD64->c30b1c71-811a-476d-9d0f-46fc3df139c8: nextIndex: updateUnconditionally 0 -> 0
2019-10-13 19:18:24,076 [grpc-default-executor-0] WARN  server.GrpcLogAppender (LogUtils.java:warn(134)) - bbe13b93-5d26-4624-8bd1-300ffbf132fa@group-F0B08912F089->c30b1c71-811a-476d-9d0f-46fc3df139c8-AppendLogResponseHandler: Failed appendEntries: org.apache.ratis.thirdparty.io.grpc.StatusRuntimeException: UNAVAILABLE: io exception
2019-10-13 19:18:24,076 [grpc-default-executor-0] INFO  impl.FollowerInfo (FollowerInfo.java:lambda$new$0(51)) - bbe13b93-5d26-4624-8bd1-300ffbf132fa@group-F0B08912F089->c30b1c71-811a-476d-9d0f-46fc3df139c8: nextIndex: updateUnconditionally 0 -> 0
2019-10-13 19:18:24,200 [grpc-default-executor-4] WARN  server.GrpcLogAppender (LogUtils.java:warn(134)) - bbe13b93-5d26-4624-8bd1-300ffbf132fa@group-0D2F692B8300->c30b1c71-811a-476d-9d0f-46fc3df139c8-AppendLogResponseHandler: Failed appendEntries: org.apache.ratis.thirdparty.io.grpc.StatusRuntimeException: UNAVAILABLE: io exception
2019-10-13 19:18:24,201 [grpc-default-executor-4] INFO  impl.FollowerInfo (FollowerInfo.java:lambda$new$0(51)) - bbe13b93-5d26-4624-8bd1-300ffbf132fa@group-0D2F692B8300->c30b1c71-811a-476d-9d0f-46fc3df139c8: nextIndex: updateUnconditionally 0 -> 0
2019-10-13 19:18:24,267 [grpc-default-executor-0] WARN  server.GrpcLogAppender (LogUtils.java:warn(134)) - bbe13b93-5d26-4624-8bd1-300ffbf132fa@group-60B5951AFD64->c30b1c71-811a-476d-9d0f-46fc3df139c8-AppendLogResponseHandler: Failed appendEntries: org.apache.ratis.thirdparty.io.grpc.StatusRuntimeException: UNAVAILABLE: io exception
2019-10-13 19:18:24,268 [grpc-default-executor-0] INFO  impl.FollowerInfo (FollowerInfo.java:lambda$new$0(51)) - bbe13b93-5d26-4624-8bd1-300ffbf132fa@group-60B5951AFD64->c30b1c71-811a-476d-9d0f-46fc3df139c8: nextIndex: updateUnconditionally 0 -> 0
2019-10-13 19:18:24,577 [grpc-default-executor-1] WARN  server.GrpcLogAppender (LogUtils.java:warn(134)) - bbe13b93-5d26-4624-8bd1-300ffbf132fa@group-F0B08912F089->c30b1c71-811a-476d-9d0f-46fc3df139c8-AppendLogResponseHandler: Failed appendEntries: org.apache.ratis.thirdparty.io.grpc.StatusRuntimeException: UNAVAILABLE: io exception
2019-10-13 19:18:24,578 [grpc-default-executor-1] INFO  impl.FollowerInfo (FollowerInfo.java:lambda$new$0(51)) - bbe13b93-5d26-4624-8bd1-300ffbf132fa@group-F0B08912F089->c30b1c71-811a-476d-9d0f-46fc3df139c8: nextIndex: updateUnconditionally 0 -> 0
2019-10-13 19:18:24,701 [grpc-default-executor-1] WARN  server.GrpcLogAppender (LogUtils.java:warn(134)) - bbe13b93-5d26-4624-8bd1-300ffbf132fa@group-0D2F692B8300->c30b1c71-811a-476d-9d0f-46fc3df139c8-AppendLogResponseHandler: Failed appendEntries: org.apache.ratis.thirdparty.io.grpc.StatusRuntimeException: UNAVAILABLE: io exception
2019-10-13 19:18:24,702 [grpc-default-executor-1] INFO  impl.FollowerInfo (FollowerInfo.java:lambda$new$0(51)) - bbe13b93-5d26-4624-8bd1-300ffbf132fa@group-0D2F692B8300->c30b1c71-811a-476d-9d0f-46fc3df139c8: nextIndex: updateUnconditionally 0 -> 0
2019-10-13 19:18:24,770 [grpc-default-executor-0] WARN  server.GrpcLogAppender (LogUtils.java:warn(134)) - bbe13b93-5d26-4624-8bd1-300ffbf132fa@group-60B5951AFD64->c30b1c71-811a-476d-9d0f-46fc3df139c8-AppendLogResponseHandler: Failed appendEntries: org.apache.ratis.thirdparty.io.grpc.StatusRuntimeException: UNAVAILABLE: io exception
2019-10-13 19:18:24,772 [grpc-default-executor-0] INFO  impl.FollowerInfo (FollowerInfo.java:lambda$new$0(51)) - bbe13b93-5d26-4624-8bd1-300ffbf132fa@group-60B5951AFD64->c30b1c71-811a-476d-9d0f-46fc3df139c8: nextIndex: updateUnconditionally 0 -> 0
2019-10-13 19:18:25,077 [grpc-default-executor-0] WARN  server.GrpcLogAppender (LogUtils.java:warn(134)) - bbe13b93-5d26-4624-8bd1-300ffbf132fa@group-F0B08912F089->c30b1c71-811a-476d-9d0f-46fc3df139c8-AppendLogResponseHandler: Failed appendEntries: org.apache.ratis.thirdparty.io.grpc.StatusRuntimeException: UNAVAILABLE: io exception
2019-10-13 19:18:25,078 [grpc-default-executor-0] INFO  impl.FollowerInfo (FollowerInfo.java:lambda$new$0(51)) - bbe13b93-5d26-4624-8bd1-300ffbf132fa@group-F0B08912F089->c30b1c71-811a-476d-9d0f-46fc3df139c8: nextIndex: updateUnconditionally 0 -> 0
2019-10-13 19:18:25,202 [grpc-default-executor-0] WARN  server.GrpcLogAppender (LogUtils.java:warn(134)) - bbe13b93-5d26-4624-8bd1-300ffbf132fa@group-0D2F692B8300->c30b1c71-811a-476d-9d0f-46fc3df139c8-AppendLogResponseHandler: Failed appendEntries: org.apache.ratis.thirdparty.io.grpc.StatusRuntimeException: UNAVAILABLE: io exception
2019-10-13 19:18:25,202 [grpc-default-executor-0] INFO  impl.FollowerInfo (FollowerInfo.java:lambda$new$0(51)) - bbe13b93-5d26-4624-8bd1-300ffbf132fa@group-0D2F692B8300->c30b1c71-811a-476d-9d0f-46fc3df139c8: nextIndex: updateUnconditionally 0 -> 0
2019-10-13 19:18:25,269 [grpc-default-executor-0] WARN  server.GrpcLogAppender (LogUtils.java:warn(134)) - bbe13b93-5d26-4624-8bd1-300ffbf132fa@group-60B5951AFD64->c30b1c71-811a-476d-9d0f-46fc3df139c8-AppendLogResponseHandler: Failed appendEntries: org.apache.ratis.thirdparty.io.grpc.StatusRuntimeException: UNAVAILABLE: io exception
2019-10-13 19:18:25,270 [grpc-default-executor-0] INFO  impl.FollowerInfo (FollowerInfo.java:lambda$new$0(51)) - bbe13b93-5d26-4624-8bd1-300ffbf132fa@group-60B5951AFD64->c30b1c71-811a-476d-9d0f-46fc3df139c8: nextIndex: updateUnconditionally 0 -> 0
2019-10-13 19:18:25,579 [grpc-default-executor-0] WARN  server.GrpcLogAppender (LogUtils.java:warn(134)) - bbe13b93-5d26-4624-8bd1-300ffbf132fa@group-F0B08912F089->c30b1c71-811a-476d-9d0f-46fc3df139c8-AppendLogResponseHandler: Failed appendEntries: org.apache.ratis.thirdparty.io.grpc.StatusRuntimeException: UNAVAILABLE: io exception
2019-10-13 19:18:25,579 [grpc-default-executor-0] INFO  impl.FollowerInfo (FollowerInfo.java:lambda$new$0(51)) - bbe13b93-5d26-4624-8bd1-300ffbf132fa@group-F0B08912F089->c30b1c71-811a-476d-9d0f-46fc3df139c8: nextIndex: updateUnconditionally 0 -> 0
2019-10-13 19:18:25,604 [main] INFO  ozoneimpl.OzoneContainer (OzoneContainer.java:stop(227)) - Attempting to stop container services.
2019-10-13 19:18:25,605 [main] INFO  impl.RaftServerProxy (RaftServerProxy.java:lambda$close$4(314)) - 8b1af7ae-6f9e-4f7c-b807-4ee17c912dc1: close
2019-10-13 19:18:25,605 [main] INFO  impl.RaftServerImpl (RaftServerImpl.java:lambda$shutdown$3(247)) - 8b1af7ae-6f9e-4f7c-b807-4ee17c912dc1@group-0D2F692B8300: shutdown
2019-10-13 19:18:25,606 [main] INFO  util.JmxRegister (JmxRegister.java:unregister(73)) - Successfully un-registered JMX Bean with object name Ratis:service=RaftServer,group=group-0D2F692B8300,id=8b1af7ae-6f9e-4f7c-b807-4ee17c912dc1
2019-10-13 19:18:25,606 [main] INFO  impl.RoleInfo (RoleInfo.java:shutdownFollowerState(121)) - 8b1af7ae-6f9e-4f7c-b807-4ee17c912dc1: shutdown FollowerState
2019-10-13 19:18:25,607 [main] INFO  impl.StateMachineUpdater (StateMachineUpdater.java:stopAndJoin(136)) - 8b1af7ae-6f9e-4f7c-b807-4ee17c912dc1@group-0D2F692B8300-StateMachineUpdater: set stopIndex = 0
2019-10-13 19:18:25,607 [Thread-1360] INFO  impl.FollowerState (FollowerState.java:run(117)) - 8b1af7ae-6f9e-4f7c-b807-4ee17c912dc1@group-0D2F692B8300-FollowerState was interrupted: java.lang.InterruptedException: sleep interrupted
2019-10-13 19:18:25,613 [main] INFO  impl.RaftServerImpl (ServerState.java:close(387)) - 8b1af7ae-6f9e-4f7c-b807-4ee17c912dc1@group-0D2F692B8300: closes. applyIndex: 0
2019-10-13 19:18:25,614 [8b1af7ae-6f9e-4f7c-b807-4ee17c912dc1@group-0D2F692B8300-SegmentedRaftLogWorker] INFO  segmented.SegmentedRaftLogWorker (SegmentedRaftLogWorker.java:run(316)) - 8b1af7ae-6f9e-4f7c-b807-4ee17c912dc1@group-0D2F692B8300-SegmentedRaftLogWorker was interrupted, exiting. There are 0 tasks remaining in the queue.
2019-10-13 19:18:25,615 [main] INFO  segmented.SegmentedRaftLogWorker (SegmentedRaftLogWorker.java:close(224)) - 8b1af7ae-6f9e-4f7c-b807-4ee17c912dc1@group-0D2F692B8300-SegmentedRaftLogWorker close()
2019-10-13 19:18:25,616 [main] INFO  impl.RaftServerImpl (RaftServerImpl.java:lambda$shutdown$3(247)) - 8b1af7ae-6f9e-4f7c-b807-4ee17c912dc1@group-60B5951AFD64: shutdown
2019-10-13 19:18:25,617 [main] INFO  util.JmxRegister (JmxRegister.java:unregister(73)) - Successfully un-registered JMX Bean with object name Ratis:service=RaftServer,group=group-60B5951AFD64,id=8b1af7ae-6f9e-4f7c-b807-4ee17c912dc1
2019-10-13 19:18:25,617 [main] INFO  impl.RoleInfo (RoleInfo.java:shutdownFollowerState(121)) - 8b1af7ae-6f9e-4f7c-b807-4ee17c912dc1: shutdown FollowerState
2019-10-13 19:18:25,617 [main] INFO  impl.StateMachineUpdater (StateMachineUpdater.java:stopAndJoin(136)) - 8b1af7ae-6f9e-4f7c-b807-4ee17c912dc1@group-60B5951AFD64-StateMachineUpdater: set stopIndex = 0
2019-10-13 19:18:25,617 [Thread-1381] INFO  impl.FollowerState (FollowerState.java:run(117)) - 8b1af7ae-6f9e-4f7c-b807-4ee17c912dc1@group-60B5951AFD64-FollowerState was interrupted: java.lang.InterruptedException: sleep interrupted
2019-10-13 19:18:25,618 [main] INFO  impl.RaftServerImpl (ServerState.java:close(387)) - 8b1af7ae-6f9e-4f7c-b807-4ee17c912dc1@group-60B5951AFD64: closes. applyIndex: 0
2019-10-13 19:18:25,618 [8b1af7ae-6f9e-4f7c-b807-4ee17c912dc1@group-60B5951AFD64-SegmentedRaftLogWorker] INFO  segmented.SegmentedRaftLogWorker (SegmentedRaftLogWorker.java:run(316)) - 8b1af7ae-6f9e-4f7c-b807-4ee17c912dc1@group-60B5951AFD64-SegmentedRaftLogWorker was interrupted, exiting. There are 0 tasks remaining in the queue.
2019-10-13 19:18:25,620 [main] INFO  segmented.SegmentedRaftLogWorker (SegmentedRaftLogWorker.java:close(224)) - 8b1af7ae-6f9e-4f7c-b807-4ee17c912dc1@group-60B5951AFD64-SegmentedRaftLogWorker close()
2019-10-13 19:18:25,622 [main] INFO  impl.RaftServerImpl (RaftServerImpl.java:lambda$shutdown$3(247)) - 8b1af7ae-6f9e-4f7c-b807-4ee17c912dc1@group-274E4C631BC6: shutdown
2019-10-13 19:18:25,623 [ForkJoinPool.commonPool-worker-0] INFO  ozoneimpl.OzoneContainer (OzoneContainer.java:stop(227)) - Attempting to stop container services.
2019-10-13 19:18:25,623 [main] INFO  util.JmxRegister (JmxRegister.java:unregister(73)) - Successfully un-registered JMX Bean with object name Ratis:service=RaftServer,group=group-274E4C631BC6,id=8b1af7ae-6f9e-4f7c-b807-4ee17c912dc1
2019-10-13 19:18:25,623 [ForkJoinPool.commonPool-worker-0] INFO  impl.RaftServerProxy (RaftServerProxy.java:lambda$close$4(314)) - c437c1ca-c67f-4b29-855c-667c89f336c2: close
2019-10-13 19:18:25,623 [main] INFO  impl.RoleInfo (RoleInfo.java:shutdownLeaderState(104)) - 8b1af7ae-6f9e-4f7c-b807-4ee17c912dc1: shutdown LeaderState
2019-10-13 19:18:25,625 [ForkJoinPool.commonPool-worker-0] INFO  server.GrpcService (GrpcService.java:closeImpl(164)) - c437c1ca-c67f-4b29-855c-667c89f336c2: shutdown server with port 34659 now
2019-10-13 19:18:25,626 [main] INFO  impl.PendingRequests (PendingRequests.java:sendNotLeaderResponses(202)) - 8b1af7ae-6f9e-4f7c-b807-4ee17c912dc1@group-274E4C631BC6-PendingRequests: sendNotLeaderResponses
2019-10-13 19:18:25,626 [ForkJoinPool.commonPool-worker-0] INFO  server.GrpcService (GrpcService.java:closeImpl(172)) - c437c1ca-c67f-4b29-855c-667c89f336c2: shutdown server with port 34659 successfully
2019-10-13 19:18:25,626 [main] INFO  impl.StateMachineUpdater (StateMachineUpdater.java:stopAndJoin(136)) - 8b1af7ae-6f9e-4f7c-b807-4ee17c912dc1@group-274E4C631BC6-StateMachineUpdater: set stopIndex = 0
2019-10-13 19:18:25,626 [main] INFO  impl.RaftServerImpl (ServerState.java:close(387)) - 8b1af7ae-6f9e-4f7c-b807-4ee17c912dc1@group-274E4C631BC6: closes. applyIndex: 0
2019-10-13 19:18:25,627 [8b1af7ae-6f9e-4f7c-b807-4ee17c912dc1@group-274E4C631BC6-SegmentedRaftLogWorker] INFO  segmented.SegmentedRaftLogWorker (SegmentedRaftLogWorker.java:run(316)) - 8b1af7ae-6f9e-4f7c-b807-4ee17c912dc1@group-274E4C631BC6-SegmentedRaftLogWorker was interrupted, exiting. There are 0 tasks remaining in the queue.
2019-10-13 19:18:25,629 [main] INFO  segmented.SegmentedRaftLogWorker (SegmentedRaftLogWorker.java:close(224)) - 8b1af7ae-6f9e-4f7c-b807-4ee17c912dc1@group-274E4C631BC6-SegmentedRaftLogWorker close()
2019-10-13 19:18:25,631 [main] INFO  impl.RaftServerImpl (RaftServerImpl.java:lambda$shutdown$3(247)) - 8b1af7ae-6f9e-4f7c-b807-4ee17c912dc1@group-F0B08912F089: shutdown
2019-10-13 19:18:25,631 [refreshUsed-/workdir/hadoop-ozone/integration-test/target/test-dir/MiniOzoneClusterImpl-5ae201cf-45d6-4939-83ae-09959f8683c2/datanode-2/data/containers] WARN  fs.CachingGetSpaceUsed (CachingGetSpaceUsed.java:run(183)) - Thread Interrupted waiting to refresh disk information: sleep interrupted
2019-10-13 19:18:25,631 [main] INFO  util.JmxRegister (JmxRegister.java:unregister(73)) - Successfully un-registered JMX Bean with object name Ratis:service=RaftServer,group=group-F0B08912F089,id=8b1af7ae-6f9e-4f7c-b807-4ee17c912dc1
2019-10-13 19:18:25,632 [main] INFO  impl.RoleInfo (RoleInfo.java:shutdownFollowerState(121)) - 8b1af7ae-6f9e-4f7c-b807-4ee17c912dc1: shutdown FollowerState
2019-10-13 19:18:25,632 [main] INFO  impl.StateMachineUpdater (StateMachineUpdater.java:stopAndJoin(136)) - 8b1af7ae-6f9e-4f7c-b807-4ee17c912dc1@group-F0B08912F089-StateMachineUpdater: set stopIndex = 0
2019-10-13 19:18:25,633 [Thread-1354] INFO  impl.FollowerState (FollowerState.java:run(117)) - 8b1af7ae-6f9e-4f7c-b807-4ee17c912dc1@group-F0B08912F089-FollowerState was interrupted: java.lang.InterruptedException: sleep interrupted
2019-10-13 19:18:25,633 [main] INFO  impl.RaftServerImpl (ServerState.java:close(387)) - 8b1af7ae-6f9e-4f7c-b807-4ee17c912dc1@group-F0B08912F089: closes. applyIndex: 0
2019-10-13 19:18:25,634 [8b1af7ae-6f9e-4f7c-b807-4ee17c912dc1@group-F0B08912F089-SegmentedRaftLogWorker] INFO  segmented.SegmentedRaftLogWorker (SegmentedRaftLogWorker.java:run(316)) - 8b1af7ae-6f9e-4f7c-b807-4ee17c912dc1@group-F0B08912F089-SegmentedRaftLogWorker was interrupted, exiting. There are 0 tasks remaining in the queue.
2019-10-13 19:18:25,635 [main] INFO  segmented.SegmentedRaftLogWorker (SegmentedRaftLogWorker.java:close(224)) - 8b1af7ae-6f9e-4f7c-b807-4ee17c912dc1@group-F0B08912F089-SegmentedRaftLogWorker close()
2019-10-13 19:18:25,636 [main] INFO  impl.RaftServerImpl (RaftServerImpl.java:lambda$shutdown$3(247)) - 8b1af7ae-6f9e-4f7c-b807-4ee17c912dc1@group-060A9D3EAE92: shutdown
2019-10-13 19:18:25,637 [main] INFO  util.JmxRegister (JmxRegister.java:unregister(73)) - Successfully un-registered JMX Bean with object name Ratis:service=RaftServer,group=group-060A9D3EAE92,id=8b1af7ae-6f9e-4f7c-b807-4ee17c912dc1
2019-10-13 19:18:25,637 [main] INFO  impl.RoleInfo (RoleInfo.java:shutdownLeaderState(104)) - 8b1af7ae-6f9e-4f7c-b807-4ee17c912dc1: shutdown LeaderState
2019-10-13 19:18:25,638 [main] INFO  impl.PendingRequests (PendingRequests.java:sendNotLeaderResponses(202)) - 8b1af7ae-6f9e-4f7c-b807-4ee17c912dc1@group-060A9D3EAE92-PendingRequests: sendNotLeaderResponses
2019-10-13 19:18:25,638 [main] INFO  impl.StateMachineUpdater (StateMachineUpdater.java:stopAndJoin(136)) - 8b1af7ae-6f9e-4f7c-b807-4ee17c912dc1@group-060A9D3EAE92-StateMachineUpdater: set stopIndex = 0
2019-10-13 19:18:25,638 [main] INFO  impl.RaftServerImpl (ServerState.java:close(387)) - 8b1af7ae-6f9e-4f7c-b807-4ee17c912dc1@group-060A9D3EAE92: closes. applyIndex: 0
2019-10-13 19:18:25,639 [8b1af7ae-6f9e-4f7c-b807-4ee17c912dc1@group-060A9D3EAE92-SegmentedRaftLogWorker] INFO  segmented.SegmentedRaftLogWorker (SegmentedRaftLogWorker.java:run(316)) - 8b1af7ae-6f9e-4f7c-b807-4ee17c912dc1@group-060A9D3EAE92-SegmentedRaftLogWorker was interrupted, exiting. There are 0 tasks remaining in the queue.
2019-10-13 19:18:25,640 [main] INFO  segmented.SegmentedRaftLogWorker (SegmentedRaftLogWorker.java:close(224)) - 8b1af7ae-6f9e-4f7c-b807-4ee17c912dc1@group-060A9D3EAE92-SegmentedRaftLogWorker close()
2019-10-13 19:18:25,641 [main] INFO  server.GrpcService (GrpcService.java:closeImpl(164)) - 8b1af7ae-6f9e-4f7c-b807-4ee17c912dc1: shutdown server with port 37112 now
2019-10-13 19:18:25,642 [grpc-default-executor-4] WARN  server.GrpcServerProtocolService (LogUtils.java:warn(134)) - 8b1af7ae-6f9e-4f7c-b807-4ee17c912dc1: installSnapshot onError, lastRequest: bbe13b93-5d26-4624-8bd1-300ffbf132fa->8b1af7ae-6f9e-4f7c-b807-4ee17c912dc1#16-t1, previous=(t:1, i:0), leaderCommit=0, initializing? false, entries: <empty>: org.apache.ratis.thirdparty.io.grpc.StatusRuntimeException: CANCELLED: cancelled before receiving half close
2019-10-13 19:18:25,642 [grpc-default-executor-0] WARN  server.GrpcServerProtocolService (LogUtils.java:warn(134)) - 8b1af7ae-6f9e-4f7c-b807-4ee17c912dc1: installSnapshot onError, lastRequest: bbe13b93-5d26-4624-8bd1-300ffbf132fa->8b1af7ae-6f9e-4f7c-b807-4ee17c912dc1#15-t1, previous=(t:1, i:0), leaderCommit=0, initializing? false, entries: <empty>: org.apache.ratis.thirdparty.io.grpc.StatusRuntimeException: CANCELLED: cancelled before receiving half close
2019-10-13 19:18:25,642 [grpc-default-executor-2] WARN  server.GrpcServerProtocolService (LogUtils.java:warn(134)) - 8b1af7ae-6f9e-4f7c-b807-4ee17c912dc1: installSnapshot onError, lastRequest: bbe13b93-5d26-4624-8bd1-300ffbf132fa->8b1af7ae-6f9e-4f7c-b807-4ee17c912dc1#15-t1, previous=(t:1, i:0), leaderCommit=0, initializing? false, entries: <empty>: org.apache.ratis.thirdparty.io.grpc.StatusRuntimeException: CANCELLED: cancelled before receiving half close
2019-10-13 19:18:25,643 [main] INFO  server.GrpcService (GrpcService.java:closeImpl(172)) - 8b1af7ae-6f9e-4f7c-b807-4ee17c912dc1: shutdown server with port 37112 successfully
2019-10-13 19:18:25,643 [grpc-default-executor-1] WARN  server.GrpcLogAppender (LogUtils.java:warn(134)) - bbe13b93-5d26-4624-8bd1-300ffbf132fa@group-60B5951AFD64->8b1af7ae-6f9e-4f7c-b807-4ee17c912dc1-AppendLogResponseHandler: Failed appendEntries: org.apache.ratis.thirdparty.io.grpc.StatusRuntimeException: CANCELLED: HTTP/2 error code: CANCEL
Received Rst Stream
2019-10-13 19:18:25,643 [grpc-default-executor-3] WARN  server.GrpcLogAppender (LogUtils.java:warn(134)) - bbe13b93-5d26-4624-8bd1-300ffbf132fa@group-0D2F692B8300->8b1af7ae-6f9e-4f7c-b807-4ee17c912dc1-AppendLogResponseHandler: Failed appendEntries: org.apache.ratis.thirdparty.io.grpc.StatusRuntimeException: CANCELLED: HTTP/2 error code: CANCEL
Received Rst Stream
2019-10-13 19:18:25,645 [grpc-default-executor-3] INFO  impl.FollowerInfo (FollowerInfo.java:lambda$new$0(51)) - bbe13b93-5d26-4624-8bd1-300ffbf132fa@group-0D2F692B8300->8b1af7ae-6f9e-4f7c-b807-4ee17c912dc1: nextIndex: updateUnconditionally 1 -> 0
2019-10-13 19:18:25,643 [grpc-default-executor-5] WARN  server.GrpcLogAppender (LogUtils.java:warn(134)) - bbe13b93-5d26-4624-8bd1-300ffbf132fa@group-F0B08912F089->8b1af7ae-6f9e-4f7c-b807-4ee17c912dc1-AppendLogResponseHandler: Failed appendEntries: org.apache.ratis.thirdparty.io.grpc.StatusRuntimeException: CANCELLED: HTTP/2 error code: CANCEL
Received Rst Stream
2019-10-13 19:18:25,645 [grpc-default-executor-1] INFO  impl.FollowerInfo (FollowerInfo.java:lambda$new$0(51)) - bbe13b93-5d26-4624-8bd1-300ffbf132fa@group-60B5951AFD64->8b1af7ae-6f9e-4f7c-b807-4ee17c912dc1: nextIndex: updateUnconditionally 1 -> 0
2019-10-13 19:18:25,645 [grpc-default-executor-5] INFO  impl.FollowerInfo (FollowerInfo.java:lambda$new$0(51)) - bbe13b93-5d26-4624-8bd1-300ffbf132fa@group-F0B08912F089->8b1af7ae-6f9e-4f7c-b807-4ee17c912dc1: nextIndex: updateUnconditionally 1 -> 0
2019-10-13 19:18:25,646 [refreshUsed-/workdir/hadoop-ozone/integration-test/target/test-dir/MiniOzoneClusterImpl-5ae201cf-45d6-4939-83ae-09959f8683c2/datanode-5/data/containers] WARN  fs.CachingGetSpaceUsed (CachingGetSpaceUsed.java:run(183)) - Thread Interrupted waiting to refresh disk information: sleep interrupted
2019-10-13 19:18:25,656 [ForkJoinPool.commonPool-worker-0] INFO  utils.BackgroundService (BackgroundService.java:shutdown(151)) - Shutting down service BlockDeletingService
2019-10-13 19:18:25,659 [ForkJoinPool.commonPool-worker-0] INFO  statemachine.DatanodeStateMachine (DatanodeStateMachine.java:stopDaemon(395)) - Ozone container server stopped.
2019-10-13 19:18:25,664 [ForkJoinPool.commonPool-worker-0] INFO  handler.ContextHandler (ContextHandler.java:doStop(910)) - Stopped o.e.j.w.WebAppContext@69909c14{/,null,UNAVAILABLE}{/hddsDatanode}
2019-10-13 19:18:25,665 [ForkJoinPool.commonPool-worker-0] INFO  server.AbstractConnector (AbstractConnector.java:doStop(318)) - Stopped ServerConnector@5d3b58ca{HTTP/1.1,[http/1.1]}{0.0.0.0:0}
2019-10-13 19:18:25,667 [ForkJoinPool.commonPool-worker-0] INFO  handler.ContextHandler (ContextHandler.java:doStop(910)) - Stopped o.e.j.s.ServletContextHandler@59939293{/static,jar:file:/home/user/.m2/repository/org/apache/hadoop/hadoop-hdds-container-service/0.5.0-SNAPSHOT/hadoop-hdds-container-service-0.5.0-SNAPSHOT.jar!/webapps/static,UNAVAILABLE}
2019-10-13 19:18:25,669 [ForkJoinPool.commonPool-worker-0] INFO  handler.ContextHandler (ContextHandler.java:doStop(910)) - Stopped o.e.j.s.ServletContextHandler@388d14e{/logs,file:///workdir/hadoop-ozone/integration-test/target/log,UNAVAILABLE}
2019-10-13 19:18:25,672 [main] INFO  utils.BackgroundService (BackgroundService.java:shutdown(151)) - Shutting down service BlockDeletingService
2019-10-13 19:18:25,678 [main] INFO  statemachine.DatanodeStateMachine (DatanodeStateMachine.java:stopDaemon(395)) - Ozone container server stopped.
2019-10-13 19:18:25,679 [main] INFO  handler.ContextHandler (ContextHandler.java:doStop(910)) - Stopped o.e.j.w.WebAppContext@29f38091{/,null,UNAVAILABLE}{/hddsDatanode}
2019-10-13 19:18:25,681 [main] INFO  server.AbstractConnector (AbstractConnector.java:doStop(318)) - Stopped ServerConnector@161dd92a{HTTP/1.1,[http/1.1]}{0.0.0.0:0}
2019-10-13 19:18:25,681 [main] INFO  handler.ContextHandler (ContextHandler.java:doStop(910)) - Stopped o.e.j.s.ServletContextHandler@4b1ec694{/static,jar:file:/home/user/.m2/repository/org/apache/hadoop/hadoop-hdds-container-service/0.5.0-SNAPSHOT/hadoop-hdds-container-service-0.5.0-SNAPSHOT.jar!/webapps/static,UNAVAILABLE}
2019-10-13 19:18:25,682 [main] INFO  handler.ContextHandler (ContextHandler.java:doStop(910)) - Stopped o.e.j.s.ServletContextHandler@5426cb36{/logs,file:///workdir/hadoop-ozone/integration-test/target/log,UNAVAILABLE}
2019-10-13 19:18:25,702 [grpc-default-executor-1] WARN  server.GrpcLogAppender (LogUtils.java:warn(134)) - bbe13b93-5d26-4624-8bd1-300ffbf132fa@group-0D2F692B8300->c30b1c71-811a-476d-9d0f-46fc3df139c8-AppendLogResponseHandler: Failed appendEntries: org.apache.ratis.thirdparty.io.grpc.StatusRuntimeException: UNAVAILABLE: io exception
2019-10-13 19:18:25,703 [grpc-default-executor-1] INFO  impl.FollowerInfo (FollowerInfo.java:lambda$new$0(51)) - bbe13b93-5d26-4624-8bd1-300ffbf132fa@group-0D2F692B8300->c30b1c71-811a-476d-9d0f-46fc3df139c8: nextIndex: updateUnconditionally 0 -> 0
2019-10-13 19:18:25,715 [grpc-default-executor-5] WARN  server.GrpcLogAppender (LogUtils.java:warn(134)) - bbe13b93-5d26-4624-8bd1-300ffbf132fa@group-0D2F692B8300->8b1af7ae-6f9e-4f7c-b807-4ee17c912dc1-AppendLogResponseHandler: Failed appendEntries: org.apache.ratis.thirdparty.io.grpc.StatusRuntimeException: UNAVAILABLE: io exception
2019-10-13 19:18:25,715 [grpc-default-executor-5] INFO  impl.FollowerInfo (FollowerInfo.java:lambda$new$0(51)) - bbe13b93-5d26-4624-8bd1-300ffbf132fa@group-0D2F692B8300->8b1af7ae-6f9e-4f7c-b807-4ee17c912dc1: nextIndex: updateUnconditionally 0 -> 0
2019-10-13 19:18:25,770 [grpc-default-executor-5] WARN  server.GrpcLogAppender (LogUtils.java:warn(134)) - bbe13b93-5d26-4624-8bd1-300ffbf132fa@group-60B5951AFD64->c30b1c71-811a-476d-9d0f-46fc3df139c8-AppendLogResponseHandler: Failed appendEntries: org.apache.ratis.thirdparty.io.grpc.StatusRuntimeException: UNAVAILABLE: io exception
2019-10-13 19:18:25,770 [grpc-default-executor-5] INFO  impl.FollowerInfo (FollowerInfo.java:lambda$new$0(51)) - bbe13b93-5d26-4624-8bd1-300ffbf132fa@group-60B5951AFD64->c30b1c71-811a-476d-9d0f-46fc3df139c8: nextIndex: updateUnconditionally 0 -> 0
2019-10-13 19:18:25,782 [grpc-default-executor-5] WARN  server.GrpcLogAppender (LogUtils.java:warn(134)) - bbe13b93-5d26-4624-8bd1-300ffbf132fa@group-60B5951AFD64->8b1af7ae-6f9e-4f7c-b807-4ee17c912dc1-AppendLogResponseHandler: Failed appendEntries: org.apache.ratis.thirdparty.io.grpc.StatusRuntimeException: UNAVAILABLE: io exception
2019-10-13 19:18:25,782 [grpc-default-executor-5] INFO  impl.FollowerInfo (FollowerInfo.java:lambda$new$0(51)) - bbe13b93-5d26-4624-8bd1-300ffbf132fa@group-60B5951AFD64->8b1af7ae-6f9e-4f7c-b807-4ee17c912dc1: nextIndex: updateUnconditionally 0 -> 0
2019-10-13 19:18:26,078 [grpc-default-executor-0] WARN  server.GrpcLogAppender (LogUtils.java:warn(134)) - bbe13b93-5d26-4624-8bd1-300ffbf132fa@group-F0B08912F089->c30b1c71-811a-476d-9d0f-46fc3df139c8-AppendLogResponseHandler: Failed appendEntries: org.apache.ratis.thirdparty.io.grpc.StatusRuntimeException: UNAVAILABLE: io exception
2019-10-13 19:18:26,079 [grpc-default-executor-0] INFO  impl.FollowerInfo (FollowerInfo.java:lambda$new$0(51)) - bbe13b93-5d26-4624-8bd1-300ffbf132fa@group-F0B08912F089->c30b1c71-811a-476d-9d0f-46fc3df139c8: nextIndex: updateUnconditionally 0 -> 0
2019-10-13 19:18:26,093 [grpc-default-executor-1] WARN  server.GrpcLogAppender (LogUtils.java:warn(134)) - bbe13b93-5d26-4624-8bd1-300ffbf132fa@group-F0B08912F089->8b1af7ae-6f9e-4f7c-b807-4ee17c912dc1-AppendLogResponseHandler: Failed appendEntries: org.apache.ratis.thirdparty.io.grpc.StatusRuntimeException: UNAVAILABLE: io exception
2019-10-13 19:18:26,093 [grpc-default-executor-1] INFO  impl.FollowerInfo (FollowerInfo.java:lambda$new$0(51)) - bbe13b93-5d26-4624-8bd1-300ffbf132fa@group-F0B08912F089->8b1af7ae-6f9e-4f7c-b807-4ee17c912dc1: nextIndex: updateUnconditionally 0 -> 0
2019-10-13 19:18:26,122 [Datanode State Machine Thread - 0] INFO  statemachine.DatanodeStateMachine (DatanodeStateMachine.java:lambda$startDaemon$0(350)) - Ozone container server started.
2019-10-13 19:18:26,203 [grpc-default-executor-5] WARN  server.GrpcLogAppender (LogUtils.java:warn(134)) - bbe13b93-5d26-4624-8bd1-300ffbf132fa@group-0D2F692B8300->c30b1c71-811a-476d-9d0f-46fc3df139c8-AppendLogResponseHandler: Failed appendEntries: org.apache.ratis.thirdparty.io.grpc.StatusRuntimeException: UNAVAILABLE: io exception
2019-10-13 19:18:26,203 [grpc-default-executor-5] INFO  impl.FollowerInfo (FollowerInfo.java:lambda$new$0(51)) - bbe13b93-5d26-4624-8bd1-300ffbf132fa@group-0D2F692B8300->c30b1c71-811a-476d-9d0f-46fc3df139c8: nextIndex: updateUnconditionally 0 -> 0
2019-10-13 19:18:26,215 [grpc-default-executor-5] WARN  server.GrpcLogAppender (LogUtils.java:warn(134)) - bbe13b93-5d26-4624-8bd1-300ffbf132fa@group-0D2F692B8300->8b1af7ae-6f9e-4f7c-b807-4ee17c912dc1-AppendLogResponseHandler: Failed appendEntries: org.apache.ratis.thirdparty.io.grpc.StatusRuntimeException: UNAVAILABLE: io exception
2019-10-13 19:18:26,215 [grpc-default-executor-5] INFO  impl.FollowerInfo (FollowerInfo.java:lambda$new$0(51)) - bbe13b93-5d26-4624-8bd1-300ffbf132fa@group-0D2F692B8300->8b1af7ae-6f9e-4f7c-b807-4ee17c912dc1: nextIndex: updateUnconditionally 0 -> 0
2019-10-13 19:18:26,270 [grpc-default-executor-5] WARN  server.GrpcLogAppender (LogUtils.java:warn(134)) - bbe13b93-5d26-4624-8bd1-300ffbf132fa@group-60B5951AFD64->c30b1c71-811a-476d-9d0f-46fc3df139c8-AppendLogResponseHandler: Failed appendEntries: org.apache.ratis.thirdparty.io.grpc.StatusRuntimeException: UNAVAILABLE: io exception
2019-10-13 19:18:26,271 [grpc-default-executor-5] INFO  impl.FollowerInfo (FollowerInfo.java:lambda$new$0(51)) - bbe13b93-5d26-4624-8bd1-300ffbf132fa@group-60B5951AFD64->c30b1c71-811a-476d-9d0f-46fc3df139c8: nextIndex: updateUnconditionally 0 -> 0
2019-10-13 19:18:26,282 [grpc-default-executor-0] WARN  server.GrpcLogAppender (LogUtils.java:warn(134)) - bbe13b93-5d26-4624-8bd1-300ffbf132fa@group-60B5951AFD64->8b1af7ae-6f9e-4f7c-b807-4ee17c912dc1-AppendLogResponseHandler: Failed appendEntries: org.apache.ratis.thirdparty.io.grpc.StatusRuntimeException: UNAVAILABLE: io exception
2019-10-13 19:18:26,283 [grpc-default-executor-0] INFO  impl.FollowerInfo (FollowerInfo.java:lambda$new$0(51)) - bbe13b93-5d26-4624-8bd1-300ffbf132fa@group-60B5951AFD64->8b1af7ae-6f9e-4f7c-b807-4ee17c912dc1: nextIndex: updateUnconditionally 0 -> 0
2019-10-13 19:18:26,410 [Datanode State Machine Thread - 0] INFO  statemachine.DatanodeStateMachine (DatanodeStateMachine.java:lambda$startDaemon$0(350)) - Ozone container server started.
2019-10-13 19:18:26,579 [grpc-default-executor-0] WARN  server.GrpcLogAppender (LogUtils.java:warn(134)) - bbe13b93-5d26-4624-8bd1-300ffbf132fa@group-F0B08912F089->c30b1c71-811a-476d-9d0f-46fc3df139c8-AppendLogResponseHandler: Failed appendEntries: org.apache.ratis.thirdparty.io.grpc.StatusRuntimeException: UNAVAILABLE: io exception
2019-10-13 19:18:26,580 [grpc-default-executor-0] INFO  impl.FollowerInfo (FollowerInfo.java:lambda$new$0(51)) - bbe13b93-5d26-4624-8bd1-300ffbf132fa@group-F0B08912F089->c30b1c71-811a-476d-9d0f-46fc3df139c8: nextIndex: updateUnconditionally 0 -> 0
2019-10-13 19:18:26,593 [grpc-default-executor-0] WARN  server.GrpcLogAppender (LogUtils.java:warn(134)) - bbe13b93-5d26-4624-8bd1-300ffbf132fa@group-F0B08912F089->8b1af7ae-6f9e-4f7c-b807-4ee17c912dc1-AppendLogResponseHandler: Failed appendEntries: org.apache.ratis.thirdparty.io.grpc.StatusRuntimeException: UNAVAILABLE: io exception
2019-10-13 19:18:26,593 [grpc-default-executor-0] INFO  impl.FollowerInfo (FollowerInfo.java:lambda$new$0(51)) - bbe13b93-5d26-4624-8bd1-300ffbf132fa@group-F0B08912F089->8b1af7ae-6f9e-4f7c-b807-4ee17c912dc1: nextIndex: updateUnconditionally 0 -> 0
2019-10-13 19:18:26,703 [grpc-default-executor-0] WARN  server.GrpcLogAppender (LogUtils.java:warn(134)) - bbe13b93-5d26-4624-8bd1-300ffbf132fa@group-0D2F692B8300->c30b1c71-811a-476d-9d0f-46fc3df139c8-AppendLogResponseHandler: Failed appendEntries: org.apache.ratis.thirdparty.io.grpc.StatusRuntimeException: UNAVAILABLE: io exception
2019-10-13 19:18:26,704 [grpc-default-executor-0] INFO  impl.FollowerInfo (FollowerInfo.java:lambda$new$0(51)) - bbe13b93-5d26-4624-8bd1-300ffbf132fa@group-0D2F692B8300->c30b1c71-811a-476d-9d0f-46fc3df139c8: nextIndex: updateUnconditionally 0 -> 0
2019-10-13 19:18:26,716 [grpc-default-executor-0] WARN  server.GrpcLogAppender (LogUtils.java:warn(134)) - bbe13b93-5d26-4624-8bd1-300ffbf132fa@group-0D2F692B8300->8b1af7ae-6f9e-4f7c-b807-4ee17c912dc1-AppendLogResponseHandler: Failed appendEntries: org.apache.ratis.thirdparty.io.grpc.StatusRuntimeException: UNAVAILABLE: io exception
2019-10-13 19:18:26,716 [grpc-default-executor-0] INFO  impl.FollowerInfo (FollowerInfo.java:lambda$new$0(51)) - bbe13b93-5d26-4624-8bd1-300ffbf132fa@group-0D2F692B8300->8b1af7ae-6f9e-4f7c-b807-4ee17c912dc1: nextIndex: updateUnconditionally 0 -> 0
2019-10-13 19:18:26,771 [grpc-default-executor-5] WARN  server.GrpcLogAppender (LogUtils.java:warn(134)) - bbe13b93-5d26-4624-8bd1-300ffbf132fa@group-60B5951AFD64->c30b1c71-811a-476d-9d0f-46fc3df139c8-AppendLogResponseHandler: Failed appendEntries: org.apache.ratis.thirdparty.io.grpc.StatusRuntimeException: UNAVAILABLE: io exception
2019-10-13 19:18:26,772 [grpc-default-executor-5] INFO  impl.FollowerInfo (FollowerInfo.java:lambda$new$0(51)) - bbe13b93-5d26-4624-8bd1-300ffbf132fa@group-60B5951AFD64->c30b1c71-811a-476d-9d0f-46fc3df139c8: nextIndex: updateUnconditionally 0 -> 0
2019-10-13 19:18:26,783 [grpc-default-executor-5] WARN  server.GrpcLogAppender (LogUtils.java:warn(134)) - bbe13b93-5d26-4624-8bd1-300ffbf132fa@group-60B5951AFD64->8b1af7ae-6f9e-4f7c-b807-4ee17c912dc1-AppendLogResponseHandler: Failed appendEntries: org.apache.ratis.thirdparty.io.grpc.StatusRuntimeException: UNAVAILABLE: io exception
2019-10-13 19:18:26,783 [grpc-default-executor-5] INFO  impl.FollowerInfo (FollowerInfo.java:lambda$new$0(51)) - bbe13b93-5d26-4624-8bd1-300ffbf132fa@group-60B5951AFD64->8b1af7ae-6f9e-4f7c-b807-4ee17c912dc1: nextIndex: updateUnconditionally 0 -> 0
2019-10-13 19:18:27,080 [grpc-default-executor-1] WARN  server.GrpcLogAppender (LogUtils.java:warn(134)) - bbe13b93-5d26-4624-8bd1-300ffbf132fa@group-F0B08912F089->c30b1c71-811a-476d-9d0f-46fc3df139c8-AppendLogResponseHandler: Failed appendEntries: org.apache.ratis.thirdparty.io.grpc.StatusRuntimeException: UNAVAILABLE: io exception
2019-10-13 19:18:27,080 [grpc-default-executor-1] INFO  impl.FollowerInfo (FollowerInfo.java:lambda$new$0(51)) - bbe13b93-5d26-4624-8bd1-300ffbf132fa@group-F0B08912F089->c30b1c71-811a-476d-9d0f-46fc3df139c8: nextIndex: updateUnconditionally 0 -> 0
2019-10-13 19:18:27,093 [grpc-default-executor-1] WARN  server.GrpcLogAppender (LogUtils.java:warn(134)) - bbe13b93-5d26-4624-8bd1-300ffbf132fa@group-F0B08912F089->8b1af7ae-6f9e-4f7c-b807-4ee17c912dc1-AppendLogResponseHandler: Failed appendEntries: org.apache.ratis.thirdparty.io.grpc.StatusRuntimeException: UNAVAILABLE: io exception
2019-10-13 19:18:27,094 [grpc-default-executor-1] INFO  impl.FollowerInfo (FollowerInfo.java:lambda$new$0(51)) - bbe13b93-5d26-4624-8bd1-300ffbf132fa@group-F0B08912F089->8b1af7ae-6f9e-4f7c-b807-4ee17c912dc1: nextIndex: updateUnconditionally 0 -> 0
2019-10-13 19:18:27,203 [grpc-default-executor-1] WARN  server.GrpcLogAppender (LogUtils.java:warn(134)) - bbe13b93-5d26-4624-8bd1-300ffbf132fa@group-0D2F692B8300->c30b1c71-811a-476d-9d0f-46fc3df139c8-AppendLogResponseHandler: Failed appendEntries: org.apache.ratis.thirdparty.io.grpc.StatusRuntimeException: UNAVAILABLE: io exception
2019-10-13 19:18:27,204 [grpc-default-executor-1] INFO  impl.FollowerInfo (FollowerInfo.java:lambda$new$0(51)) - bbe13b93-5d26-4624-8bd1-300ffbf132fa@group-0D2F692B8300->c30b1c71-811a-476d-9d0f-46fc3df139c8: nextIndex: updateUnconditionally 0 -> 0
2019-10-13 19:18:27,216 [grpc-default-executor-0] WARN  server.GrpcLogAppender (LogUtils.java:warn(134)) - bbe13b93-5d26-4624-8bd1-300ffbf132fa@group-0D2F692B8300->8b1af7ae-6f9e-4f7c-b807-4ee17c912dc1-AppendLogResponseHandler: Failed appendEntries: org.apache.ratis.thirdparty.io.grpc.StatusRuntimeException: UNAVAILABLE: io exception
2019-10-13 19:18:27,216 [grpc-default-executor-0] INFO  impl.FollowerInfo (FollowerInfo.java:lambda$new$0(51)) - bbe13b93-5d26-4624-8bd1-300ffbf132fa@group-0D2F692B8300->8b1af7ae-6f9e-4f7c-b807-4ee17c912dc1: nextIndex: updateUnconditionally 0 -> 0
2019-10-13 19:18:27,272 [grpc-default-executor-0] WARN  server.GrpcLogAppender (LogUtils.java:warn(134)) - bbe13b93-5d26-4624-8bd1-300ffbf132fa@group-60B5951AFD64->c30b1c71-811a-476d-9d0f-46fc3df139c8-AppendLogResponseHandler: Failed appendEntries: org.apache.ratis.thirdparty.io.grpc.StatusRuntimeException: UNAVAILABLE: io exception
2019-10-13 19:18:27,272 [grpc-default-executor-0] INFO  impl.FollowerInfo (FollowerInfo.java:lambda$new$0(51)) - bbe13b93-5d26-4624-8bd1-300ffbf132fa@group-60B5951AFD64->c30b1c71-811a-476d-9d0f-46fc3df139c8: nextIndex: updateUnconditionally 0 -> 0
2019-10-13 19:18:27,283 [grpc-default-executor-0] WARN  server.GrpcLogAppender (LogUtils.java:warn(134)) - bbe13b93-5d26-4624-8bd1-300ffbf132fa@group-60B5951AFD64->8b1af7ae-6f9e-4f7c-b807-4ee17c912dc1-AppendLogResponseHandler: Failed appendEntries: org.apache.ratis.thirdparty.io.grpc.StatusRuntimeException: UNAVAILABLE: io exception
2019-10-13 19:18:27,284 [grpc-default-executor-0] INFO  impl.FollowerInfo (FollowerInfo.java:lambda$new$0(51)) - bbe13b93-5d26-4624-8bd1-300ffbf132fa@group-60B5951AFD64->8b1af7ae-6f9e-4f7c-b807-4ee17c912dc1: nextIndex: updateUnconditionally 0 -> 0
2019-10-13 19:18:27,580 [grpc-default-executor-5] WARN  server.GrpcLogAppender (LogUtils.java:warn(134)) - bbe13b93-5d26-4624-8bd1-300ffbf132fa@group-F0B08912F089->c30b1c71-811a-476d-9d0f-46fc3df139c8-AppendLogResponseHandler: Failed appendEntries: org.apache.ratis.thirdparty.io.grpc.StatusRuntimeException: UNAVAILABLE: io exception
2019-10-13 19:18:27,581 [grpc-default-executor-5] INFO  impl.FollowerInfo (FollowerInfo.java:lambda$new$0(51)) - bbe13b93-5d26-4624-8bd1-300ffbf132fa@group-F0B08912F089->c30b1c71-811a-476d-9d0f-46fc3df139c8: nextIndex: updateUnconditionally 0 -> 0
2019-10-13 19:18:27,594 [grpc-default-executor-5] WARN  server.GrpcLogAppender (LogUtils.java:warn(134)) - bbe13b93-5d26-4624-8bd1-300ffbf132fa@group-F0B08912F089->8b1af7ae-6f9e-4f7c-b807-4ee17c912dc1-AppendLogResponseHandler: Failed appendEntries: org.apache.ratis.thirdparty.io.grpc.StatusRuntimeException: UNAVAILABLE: io exception
2019-10-13 19:18:27,594 [grpc-default-executor-5] INFO  impl.FollowerInfo (FollowerInfo.java:lambda$new$0(51)) - bbe13b93-5d26-4624-8bd1-300ffbf132fa@group-F0B08912F089->8b1af7ae-6f9e-4f7c-b807-4ee17c912dc1: nextIndex: updateUnconditionally 0 -> 0
2019-10-13 19:18:27,704 [grpc-default-executor-5] WARN  server.GrpcLogAppender (LogUtils.java:warn(134)) - bbe13b93-5d26-4624-8bd1-300ffbf132fa@group-0D2F692B8300->c30b1c71-811a-476d-9d0f-46fc3df139c8-AppendLogResponseHandler: Failed appendEntries: org.apache.ratis.thirdparty.io.grpc.StatusRuntimeException: UNAVAILABLE: io exception
2019-10-13 19:18:27,704 [grpc-default-executor-5] INFO  impl.FollowerInfo (FollowerInfo.java:lambda$new$0(51)) - bbe13b93-5d26-4624-8bd1-300ffbf132fa@group-0D2F692B8300->c30b1c71-811a-476d-9d0f-46fc3df139c8: nextIndex: updateUnconditionally 0 -> 0
2019-10-13 19:18:27,716 [grpc-default-executor-0] WARN  server.GrpcLogAppender (LogUtils.java:warn(134)) - bbe13b93-5d26-4624-8bd1-300ffbf132fa@group-0D2F692B8300->8b1af7ae-6f9e-4f7c-b807-4ee17c912dc1-AppendLogResponseHandler: Failed appendEntries: org.apache.ratis.thirdparty.io.grpc.StatusRuntimeException: UNAVAILABLE: io exception
2019-10-13 19:18:27,717 [grpc-default-executor-0] INFO  impl.FollowerInfo (FollowerInfo.java:lambda$new$0(51)) - bbe13b93-5d26-4624-8bd1-300ffbf132fa@group-0D2F692B8300->8b1af7ae-6f9e-4f7c-b807-4ee17c912dc1: nextIndex: updateUnconditionally 0 -> 0
2019-10-13 19:18:27,772 [grpc-default-executor-0] WARN  server.GrpcLogAppender (LogUtils.java:warn(134)) - bbe13b93-5d26-4624-8bd1-300ffbf132fa@group-60B5951AFD64->c30b1c71-811a-476d-9d0f-46fc3df139c8-AppendLogResponseHandler: Failed appendEntries: org.apache.ratis.thirdparty.io.grpc.StatusRuntimeException: UNAVAILABLE: io exception
2019-10-13 19:18:27,773 [grpc-default-executor-0] INFO  impl.FollowerInfo (FollowerInfo.java:lambda$new$0(51)) - bbe13b93-5d26-4624-8bd1-300ffbf132fa@group-60B5951AFD64->c30b1c71-811a-476d-9d0f-46fc3df139c8: nextIndex: updateUnconditionally 0 -> 0
2019-10-13 19:18:27,784 [grpc-default-executor-0] WARN  server.GrpcLogAppender (LogUtils.java:warn(134)) - bbe13b93-5d26-4624-8bd1-300ffbf132fa@group-60B5951AFD64->8b1af7ae-6f9e-4f7c-b807-4ee17c912dc1-AppendLogResponseHandler: Failed appendEntries: org.apache.ratis.thirdparty.io.grpc.StatusRuntimeException: UNAVAILABLE: io exception
2019-10-13 19:18:27,784 [grpc-default-executor-0] INFO  impl.FollowerInfo (FollowerInfo.java:lambda$new$0(51)) - bbe13b93-5d26-4624-8bd1-300ffbf132fa@group-60B5951AFD64->8b1af7ae-6f9e-4f7c-b807-4ee17c912dc1: nextIndex: updateUnconditionally 0 -> 0
2019-10-13 19:18:28,081 [grpc-default-executor-1] WARN  server.GrpcLogAppender (LogUtils.java:warn(134)) - bbe13b93-5d26-4624-8bd1-300ffbf132fa@group-F0B08912F089->c30b1c71-811a-476d-9d0f-46fc3df139c8-AppendLogResponseHandler: Failed appendEntries: org.apache.ratis.thirdparty.io.grpc.StatusRuntimeException: UNAVAILABLE: io exception
2019-10-13 19:18:28,082 [grpc-default-executor-1] INFO  impl.FollowerInfo (FollowerInfo.java:lambda$new$0(51)) - bbe13b93-5d26-4624-8bd1-300ffbf132fa@group-F0B08912F089->c30b1c71-811a-476d-9d0f-46fc3df139c8: nextIndex: updateUnconditionally 0 -> 0
2019-10-13 19:18:28,095 [grpc-default-executor-1] WARN  server.GrpcLogAppender (LogUtils.java:warn(134)) - bbe13b93-5d26-4624-8bd1-300ffbf132fa@group-F0B08912F089->8b1af7ae-6f9e-4f7c-b807-4ee17c912dc1-AppendLogResponseHandler: Failed appendEntries: org.apache.ratis.thirdparty.io.grpc.StatusRuntimeException: UNAVAILABLE: io exception
2019-10-13 19:18:28,095 [grpc-default-executor-1] INFO  impl.FollowerInfo (FollowerInfo.java:lambda$new$0(51)) - bbe13b93-5d26-4624-8bd1-300ffbf132fa@group-F0B08912F089->8b1af7ae-6f9e-4f7c-b807-4ee17c912dc1: nextIndex: updateUnconditionally 0 -> 0
2019-10-13 19:18:28,205 [grpc-default-executor-1] WARN  server.GrpcLogAppender (LogUtils.java:warn(134)) - bbe13b93-5d26-4624-8bd1-300ffbf132fa@group-0D2F692B8300->c30b1c71-811a-476d-9d0f-46fc3df139c8-AppendLogResponseHandler: Failed appendEntries: org.apache.ratis.thirdparty.io.grpc.StatusRuntimeException: UNAVAILABLE: io exception
2019-10-13 19:18:28,205 [grpc-default-executor-1] INFO  impl.FollowerInfo (FollowerInfo.java:lambda$new$0(51)) - bbe13b93-5d26-4624-8bd1-300ffbf132fa@group-0D2F692B8300->c30b1c71-811a-476d-9d0f-46fc3df139c8: nextIndex: updateUnconditionally 0 -> 0
2019-10-13 19:18:28,217 [grpc-default-executor-1] WARN  server.GrpcLogAppender (LogUtils.java:warn(134)) - bbe13b93-5d26-4624-8bd1-300ffbf132fa@group-0D2F692B8300->8b1af7ae-6f9e-4f7c-b807-4ee17c912dc1-AppendLogResponseHandler: Failed appendEntries: org.apache.ratis.thirdparty.io.grpc.StatusRuntimeException: UNAVAILABLE: io exception
2019-10-13 19:18:28,217 [grpc-default-executor-1] INFO  impl.FollowerInfo (FollowerInfo.java:lambda$new$0(51)) - bbe13b93-5d26-4624-8bd1-300ffbf132fa@group-0D2F692B8300->8b1af7ae-6f9e-4f7c-b807-4ee17c912dc1: nextIndex: updateUnconditionally 0 -> 0
2019-10-13 19:18:28,273 [grpc-default-executor-1] WARN  server.GrpcLogAppender (LogUtils.java:warn(134)) - bbe13b93-5d26-4624-8bd1-300ffbf132fa@group-60B5951AFD64->c30b1c71-811a-476d-9d0f-46fc3df139c8-AppendLogResponseHandler: Failed appendEntries: org.apache.ratis.thirdparty.io.grpc.StatusRuntimeException: UNAVAILABLE: io exception
2019-10-13 19:18:28,273 [grpc-default-executor-1] INFO  impl.FollowerInfo (FollowerInfo.java:lambda$new$0(51)) - bbe13b93-5d26-4624-8bd1-300ffbf132fa@group-60B5951AFD64->c30b1c71-811a-476d-9d0f-46fc3df139c8: nextIndex: updateUnconditionally 0 -> 0
2019-10-13 19:18:28,284 [grpc-default-executor-1] WARN  server.GrpcLogAppender (LogUtils.java:warn(134)) - bbe13b93-5d26-4624-8bd1-300ffbf132fa@group-60B5951AFD64->8b1af7ae-6f9e-4f7c-b807-4ee17c912dc1-AppendLogResponseHandler: Failed appendEntries: org.apache.ratis.thirdparty.io.grpc.StatusRuntimeException: UNAVAILABLE: io exception
2019-10-13 19:18:28,285 [grpc-default-executor-1] INFO  impl.FollowerInfo (FollowerInfo.java:lambda$new$0(51)) - bbe13b93-5d26-4624-8bd1-300ffbf132fa@group-60B5951AFD64->8b1af7ae-6f9e-4f7c-b807-4ee17c912dc1: nextIndex: updateUnconditionally 0 -> 0
2019-10-13 19:18:28,581 [grpc-default-executor-1] WARN  server.GrpcLogAppender (LogUtils.java:warn(134)) - bbe13b93-5d26-4624-8bd1-300ffbf132fa@group-F0B08912F089->c30b1c71-811a-476d-9d0f-46fc3df139c8-AppendLogResponseHandler: Failed appendEntries: org.apache.ratis.thirdparty.io.grpc.StatusRuntimeException: UNAVAILABLE: io exception
2019-10-13 19:18:28,581 [grpc-default-executor-1] INFO  impl.FollowerInfo (FollowerInfo.java:lambda$new$0(51)) - bbe13b93-5d26-4624-8bd1-300ffbf132fa@group-F0B08912F089->c30b1c71-811a-476d-9d0f-46fc3df139c8: nextIndex: updateUnconditionally 0 -> 0
2019-10-13 19:18:28,595 [grpc-default-executor-0] WARN  server.GrpcLogAppender (LogUtils.java:warn(134)) - bbe13b93-5d26-4624-8bd1-300ffbf132fa@group-F0B08912F089->8b1af7ae-6f9e-4f7c-b807-4ee17c912dc1-AppendLogResponseHandler: Failed appendEntries: org.apache.ratis.thirdparty.io.grpc.StatusRuntimeException: UNAVAILABLE: io exception
2019-10-13 19:18:28,595 [grpc-default-executor-0] INFO  impl.FollowerInfo (FollowerInfo.java:lambda$new$0(51)) - bbe13b93-5d26-4624-8bd1-300ffbf132fa@group-F0B08912F089->8b1af7ae-6f9e-4f7c-b807-4ee17c912dc1: nextIndex: updateUnconditionally 0 -> 0
2019-10-13 19:18:28,705 [grpc-default-executor-5] WARN  server.GrpcLogAppender (LogUtils.java:warn(134)) - bbe13b93-5d26-4624-8bd1-300ffbf132fa@group-0D2F692B8300->c30b1c71-811a-476d-9d0f-46fc3df139c8-AppendLogResponseHandler: Failed appendEntries: org.apache.ratis.thirdparty.io.grpc.StatusRuntimeException: UNAVAILABLE: io exception
2019-10-13 19:18:28,705 [grpc-default-executor-5] INFO  impl.FollowerInfo (FollowerInfo.java:lambda$new$0(51)) - bbe13b93-5d26-4624-8bd1-300ffbf132fa@group-0D2F692B8300->c30b1c71-811a-476d-9d0f-46fc3df139c8: nextIndex: updateUnconditionally 0 -> 0
2019-10-13 19:18:28,717 [grpc-default-executor-5] WARN  server.GrpcLogAppender (LogUtils.java:warn(134)) - bbe13b93-5d26-4624-8bd1-300ffbf132fa@group-0D2F692B8300->8b1af7ae-6f9e-4f7c-b807-4ee17c912dc1-AppendLogResponseHandler: Failed appendEntries: org.apache.ratis.thirdparty.io.grpc.StatusRuntimeException: UNAVAILABLE: io exception
2019-10-13 19:18:28,718 [grpc-default-executor-5] INFO  impl.FollowerInfo (FollowerInfo.java:lambda$new$0(51)) - bbe13b93-5d26-4624-8bd1-300ffbf132fa@group-0D2F692B8300->8b1af7ae-6f9e-4f7c-b807-4ee17c912dc1: nextIndex: updateUnconditionally 0 -> 0
2019-10-13 19:18:28,773 [grpc-default-executor-1] WARN  server.GrpcLogAppender (LogUtils.java:warn(134)) - bbe13b93-5d26-4624-8bd1-300ffbf132fa@group-60B5951AFD64->c30b1c71-811a-476d-9d0f-46fc3df139c8-AppendLogResponseHandler: Failed appendEntries: org.apache.ratis.thirdparty.io.grpc.StatusRuntimeException: UNAVAILABLE: io exception
2019-10-13 19:18:28,774 [grpc-default-executor-1] INFO  impl.FollowerInfo (FollowerInfo.java:lambda$new$0(51)) - bbe13b93-5d26-4624-8bd1-300ffbf132fa@group-60B5951AFD64->c30b1c71-811a-476d-9d0f-46fc3df139c8: nextIndex: updateUnconditionally 0 -> 0
2019-10-13 19:18:28,786 [grpc-default-executor-0] WARN  server.GrpcLogAppender (LogUtils.java:warn(134)) - bbe13b93-5d26-4624-8bd1-300ffbf132fa@group-60B5951AFD64->8b1af7ae-6f9e-4f7c-b807-4ee17c912dc1-AppendLogResponseHandler: Failed appendEntries: org.apache.ratis.thirdparty.io.grpc.StatusRuntimeException: UNAVAILABLE: io exception
2019-10-13 19:18:28,786 [grpc-default-executor-0] INFO  impl.FollowerInfo (FollowerInfo.java:lambda$new$0(51)) - bbe13b93-5d26-4624-8bd1-300ffbf132fa@group-60B5951AFD64->8b1af7ae-6f9e-4f7c-b807-4ee17c912dc1: nextIndex: updateUnconditionally 0 -> 0
2019-10-13 19:18:29,082 [grpc-default-executor-0] WARN  server.GrpcLogAppender (LogUtils.java:warn(134)) - bbe13b93-5d26-4624-8bd1-300ffbf132fa@group-F0B08912F089->c30b1c71-811a-476d-9d0f-46fc3df139c8-AppendLogResponseHandler: Failed appendEntries: org.apache.ratis.thirdparty.io.grpc.StatusRuntimeException: UNAVAILABLE: io exception
2019-10-13 19:18:29,082 [grpc-default-executor-0] INFO  impl.FollowerInfo (FollowerInfo.java:lambda$new$0(51)) - bbe13b93-5d26-4624-8bd1-300ffbf132fa@group-F0B08912F089->c30b1c71-811a-476d-9d0f-46fc3df139c8: nextIndex: updateUnconditionally 0 -> 0
2019-10-13 19:18:29,095 [grpc-default-executor-0] WARN  server.GrpcLogAppender (LogUtils.java:warn(134)) - bbe13b93-5d26-4624-8bd1-300ffbf132fa@group-F0B08912F089->8b1af7ae-6f9e-4f7c-b807-4ee17c912dc1-AppendLogResponseHandler: Failed appendEntries: org.apache.ratis.thirdparty.io.grpc.StatusRuntimeException: UNAVAILABLE: io exception
2019-10-13 19:18:29,096 [grpc-default-executor-0] INFO  impl.FollowerInfo (FollowerInfo.java:lambda$new$0(51)) - bbe13b93-5d26-4624-8bd1-300ffbf132fa@group-F0B08912F089->8b1af7ae-6f9e-4f7c-b807-4ee17c912dc1: nextIndex: updateUnconditionally 0 -> 0
2019-10-13 19:18:29,206 [grpc-default-executor-0] WARN  server.GrpcLogAppender (LogUtils.java:warn(134)) - bbe13b93-5d26-4624-8bd1-300ffbf132fa@group-0D2F692B8300->c30b1c71-811a-476d-9d0f-46fc3df139c8-AppendLogResponseHandler: Failed appendEntries: org.apache.ratis.thirdparty.io.grpc.StatusRuntimeException: UNAVAILABLE: io exception
2019-10-13 19:18:29,206 [grpc-default-executor-0] INFO  impl.FollowerInfo (FollowerInfo.java:lambda$new$0(51)) - bbe13b93-5d26-4624-8bd1-300ffbf132fa@group-0D2F692B8300->c30b1c71-811a-476d-9d0f-46fc3df139c8: nextIndex: updateUnconditionally 0 -> 0
2019-10-13 19:18:29,218 [grpc-default-executor-0] WARN  server.GrpcLogAppender (LogUtils.java:warn(134)) - bbe13b93-5d26-4624-8bd1-300ffbf132fa@group-0D2F692B8300->8b1af7ae-6f9e-4f7c-b807-4ee17c912dc1-AppendLogResponseHandler: Failed appendEntries: org.apache.ratis.thirdparty.io.grpc.StatusRuntimeException: UNAVAILABLE: io exception
2019-10-13 19:18:29,218 [grpc-default-executor-0] INFO  impl.FollowerInfo (FollowerInfo.java:lambda$new$0(51)) - bbe13b93-5d26-4624-8bd1-300ffbf132fa@group-0D2F692B8300->8b1af7ae-6f9e-4f7c-b807-4ee17c912dc1: nextIndex: updateUnconditionally 0 -> 0
2019-10-13 19:18:29,274 [grpc-default-executor-0] WARN  server.GrpcLogAppender (LogUtils.java:warn(134)) - bbe13b93-5d26-4624-8bd1-300ffbf132fa@group-60B5951AFD64->c30b1c71-811a-476d-9d0f-46fc3df139c8-AppendLogResponseHandler: Failed appendEntries: org.apache.ratis.thirdparty.io.grpc.StatusRuntimeException: UNAVAILABLE: io exception
2019-10-13 19:18:29,274 [grpc-default-executor-0] INFO  impl.FollowerInfo (FollowerInfo.java:lambda$new$0(51)) - bbe13b93-5d26-4624-8bd1-300ffbf132fa@group-60B5951AFD64->c30b1c71-811a-476d-9d0f-46fc3df139c8: nextIndex: updateUnconditionally 0 -> 0
2019-10-13 19:18:29,286 [grpc-default-executor-1] WARN  server.GrpcLogAppender (LogUtils.java:warn(134)) - bbe13b93-5d26-4624-8bd1-300ffbf132fa@group-60B5951AFD64->8b1af7ae-6f9e-4f7c-b807-4ee17c912dc1-AppendLogResponseHandler: Failed appendEntries: org.apache.ratis.thirdparty.io.grpc.StatusRuntimeException: UNAVAILABLE: io exception
2019-10-13 19:18:29,286 [grpc-default-executor-1] INFO  impl.FollowerInfo (FollowerInfo.java:lambda$new$0(51)) - bbe13b93-5d26-4624-8bd1-300ffbf132fa@group-60B5951AFD64->8b1af7ae-6f9e-4f7c-b807-4ee17c912dc1: nextIndex: updateUnconditionally 0 -> 0
2019-10-13 19:18:29,583 [grpc-default-executor-1] WARN  server.GrpcLogAppender (LogUtils.java:warn(134)) - bbe13b93-5d26-4624-8bd1-300ffbf132fa@group-F0B08912F089->c30b1c71-811a-476d-9d0f-46fc3df139c8-AppendLogResponseHandler: Failed appendEntries: org.apache.ratis.thirdparty.io.grpc.StatusRuntimeException: UNAVAILABLE: io exception
2019-10-13 19:18:29,583 [grpc-default-executor-1] INFO  impl.FollowerInfo (FollowerInfo.java:lambda$new$0(51)) - bbe13b93-5d26-4624-8bd1-300ffbf132fa@group-F0B08912F089->c30b1c71-811a-476d-9d0f-46fc3df139c8: nextIndex: updateUnconditionally 0 -> 0
2019-10-13 19:18:29,596 [grpc-default-executor-5] WARN  server.GrpcLogAppender (LogUtils.java:warn(134)) - bbe13b93-5d26-4624-8bd1-300ffbf132fa@group-F0B08912F089->8b1af7ae-6f9e-4f7c-b807-4ee17c912dc1-AppendLogResponseHandler: Failed appendEntries: org.apache.ratis.thirdparty.io.grpc.StatusRuntimeException: UNAVAILABLE: io exception
2019-10-13 19:18:29,596 [grpc-default-executor-5] INFO  impl.FollowerInfo (FollowerInfo.java:lambda$new$0(51)) - bbe13b93-5d26-4624-8bd1-300ffbf132fa@group-F0B08912F089->8b1af7ae-6f9e-4f7c-b807-4ee17c912dc1: nextIndex: updateUnconditionally 0 -> 0
2019-10-13 19:18:29,706 [grpc-default-executor-5] WARN  server.GrpcLogAppender (LogUtils.java:warn(134)) - bbe13b93-5d26-4624-8bd1-300ffbf132fa@group-0D2F692B8300->c30b1c71-811a-476d-9d0f-46fc3df139c8-AppendLogResponseHandler: Failed appendEntries: org.apache.ratis.thirdparty.io.grpc.StatusRuntimeException: UNAVAILABLE: io exception
2019-10-13 19:18:29,707 [grpc-default-executor-5] INFO  impl.FollowerInfo (FollowerInfo.java:lambda$new$0(51)) - bbe13b93-5d26-4624-8bd1-300ffbf132fa@group-0D2F692B8300->c30b1c71-811a-476d-9d0f-46fc3df139c8: nextIndex: updateUnconditionally 0 -> 0
2019-10-13 19:18:29,718 [grpc-default-executor-1] WARN  server.GrpcLogAppender (LogUtils.java:warn(134)) - bbe13b93-5d26-4624-8bd1-300ffbf132fa@group-0D2F692B8300->8b1af7ae-6f9e-4f7c-b807-4ee17c912dc1-AppendLogResponseHandler: Failed appendEntries: org.apache.ratis.thirdparty.io.grpc.StatusRuntimeException: UNAVAILABLE: io exception
2019-10-13 19:18:29,719 [grpc-default-executor-1] INFO  impl.FollowerInfo (FollowerInfo.java:lambda$new$0(51)) - bbe13b93-5d26-4624-8bd1-300ffbf132fa@group-0D2F692B8300->8b1af7ae-6f9e-4f7c-b807-4ee17c912dc1: nextIndex: updateUnconditionally 0 -> 0
2019-10-13 19:18:29,775 [grpc-default-executor-0] WARN  server.GrpcLogAppender (LogUtils.java:warn(134)) - bbe13b93-5d26-4624-8bd1-300ffbf132fa@group-60B5951AFD64->c30b1c71-811a-476d-9d0f-46fc3df139c8-AppendLogResponseHandler: Failed appendEntries: org.apache.ratis.thirdparty.io.grpc.StatusRuntimeException: UNAVAILABLE: io exception
2019-10-13 19:18:29,775 [grpc-default-executor-0] INFO  impl.FollowerInfo (FollowerInfo.java:lambda$new$0(51)) - bbe13b93-5d26-4624-8bd1-300ffbf132fa@group-60B5951AFD64->c30b1c71-811a-476d-9d0f-46fc3df139c8: nextIndex: updateUnconditionally 0 -> 0
2019-10-13 19:18:29,786 [grpc-default-executor-5] WARN  server.GrpcLogAppender (LogUtils.java:warn(134)) - bbe13b93-5d26-4624-8bd1-300ffbf132fa@group-60B5951AFD64->8b1af7ae-6f9e-4f7c-b807-4ee17c912dc1-AppendLogResponseHandler: Failed appendEntries: org.apache.ratis.thirdparty.io.grpc.StatusRuntimeException: UNAVAILABLE: io exception
2019-10-13 19:18:29,786 [grpc-default-executor-5] INFO  impl.FollowerInfo (FollowerInfo.java:lambda$new$0(51)) - bbe13b93-5d26-4624-8bd1-300ffbf132fa@group-60B5951AFD64->8b1af7ae-6f9e-4f7c-b807-4ee17c912dc1: nextIndex: updateUnconditionally 0 -> 0
2019-10-13 19:18:30,083 [grpc-default-executor-1] WARN  server.GrpcLogAppender (LogUtils.java:warn(134)) - bbe13b93-5d26-4624-8bd1-300ffbf132fa@group-F0B08912F089->c30b1c71-811a-476d-9d0f-46fc3df139c8-AppendLogResponseHandler: Failed appendEntries: org.apache.ratis.thirdparty.io.grpc.StatusRuntimeException: UNAVAILABLE: io exception
2019-10-13 19:18:30,083 [grpc-default-executor-1] INFO  impl.FollowerInfo (FollowerInfo.java:lambda$new$0(51)) - bbe13b93-5d26-4624-8bd1-300ffbf132fa@group-F0B08912F089->c30b1c71-811a-476d-9d0f-46fc3df139c8: nextIndex: updateUnconditionally 0 -> 0
2019-10-13 19:18:30,096 [grpc-default-executor-5] WARN  server.GrpcLogAppender (LogUtils.java:warn(134)) - bbe13b93-5d26-4624-8bd1-300ffbf132fa@group-F0B08912F089->8b1af7ae-6f9e-4f7c-b807-4ee17c912dc1-AppendLogResponseHandler: Failed appendEntries: org.apache.ratis.thirdparty.io.grpc.StatusRuntimeException: UNAVAILABLE: io exception
2019-10-13 19:18:30,097 [grpc-default-executor-5] INFO  impl.FollowerInfo (FollowerInfo.java:lambda$new$0(51)) - bbe13b93-5d26-4624-8bd1-300ffbf132fa@group-F0B08912F089->8b1af7ae-6f9e-4f7c-b807-4ee17c912dc1: nextIndex: updateUnconditionally 0 -> 0
2019-10-13 19:18:30,206 [grpc-default-executor-1] WARN  server.GrpcLogAppender (LogUtils.java:warn(134)) - bbe13b93-5d26-4624-8bd1-300ffbf132fa@group-0D2F692B8300->c30b1c71-811a-476d-9d0f-46fc3df139c8-AppendLogResponseHandler: Failed appendEntries: org.apache.ratis.thirdparty.io.grpc.StatusRuntimeException: UNAVAILABLE: io exception
2019-10-13 19:18:30,207 [grpc-default-executor-1] INFO  impl.FollowerInfo (FollowerInfo.java:lambda$new$0(51)) - bbe13b93-5d26-4624-8bd1-300ffbf132fa@group-0D2F692B8300->c30b1c71-811a-476d-9d0f-46fc3df139c8: nextIndex: updateUnconditionally 0 -> 0
2019-10-13 19:18:30,218 [grpc-default-executor-0] WARN  server.GrpcLogAppender (LogUtils.java:warn(134)) - bbe13b93-5d26-4624-8bd1-300ffbf132fa@group-0D2F692B8300->8b1af7ae-6f9e-4f7c-b807-4ee17c912dc1-AppendLogResponseHandler: Failed appendEntries: org.apache.ratis.thirdparty.io.grpc.StatusRuntimeException: UNAVAILABLE: io exception
2019-10-13 19:18:30,219 [grpc-default-executor-0] INFO  impl.FollowerInfo (FollowerInfo.java:lambda$new$0(51)) - bbe13b93-5d26-4624-8bd1-300ffbf132fa@group-0D2F692B8300->8b1af7ae-6f9e-4f7c-b807-4ee17c912dc1: nextIndex: updateUnconditionally 0 -> 0
2019-10-13 19:18:30,275 [grpc-default-executor-5] WARN  server.GrpcLogAppender (LogUtils.java:warn(134)) - bbe13b93-5d26-4624-8bd1-300ffbf132fa@group-60B5951AFD64->c30b1c71-811a-476d-9d0f-46fc3df139c8-AppendLogResponseHandler: Failed appendEntries: org.apache.ratis.thirdparty.io.grpc.StatusRuntimeException: UNAVAILABLE: io exception
2019-10-13 19:18:30,275 [grpc-default-executor-5] INFO  impl.FollowerInfo (FollowerInfo.java:lambda$new$0(51)) - bbe13b93-5d26-4624-8bd1-300ffbf132fa@group-60B5951AFD64->c30b1c71-811a-476d-9d0f-46fc3df139c8: nextIndex: updateUnconditionally 0 -> 0
2019-10-13 19:18:30,290 [grpc-default-executor-5] WARN  server.GrpcLogAppender (LogUtils.java:warn(134)) - bbe13b93-5d26-4624-8bd1-300ffbf132fa@group-60B5951AFD64->8b1af7ae-6f9e-4f7c-b807-4ee17c912dc1-AppendLogResponseHandler: Failed appendEntries: org.apache.ratis.thirdparty.io.grpc.StatusRuntimeException: UNAVAILABLE: io exception
2019-10-13 19:18:30,290 [grpc-default-executor-5] INFO  impl.FollowerInfo (FollowerInfo.java:lambda$new$0(51)) - bbe13b93-5d26-4624-8bd1-300ffbf132fa@group-60B5951AFD64->8b1af7ae-6f9e-4f7c-b807-4ee17c912dc1: nextIndex: updateUnconditionally 0 -> 0
2019-10-13 19:18:30,584 [grpc-default-executor-1] WARN  server.GrpcLogAppender (LogUtils.java:warn(134)) - bbe13b93-5d26-4624-8bd1-300ffbf132fa@group-F0B08912F089->c30b1c71-811a-476d-9d0f-46fc3df139c8-AppendLogResponseHandler: Failed appendEntries: org.apache.ratis.thirdparty.io.grpc.StatusRuntimeException: UNAVAILABLE: io exception
2019-10-13 19:18:30,584 [grpc-default-executor-1] INFO  impl.FollowerInfo (FollowerInfo.java:lambda$new$0(51)) - bbe13b93-5d26-4624-8bd1-300ffbf132fa@group-F0B08912F089->c30b1c71-811a-476d-9d0f-46fc3df139c8: nextIndex: updateUnconditionally 0 -> 0
2019-10-13 19:18:30,597 [grpc-default-executor-5] WARN  server.GrpcLogAppender (LogUtils.java:warn(134)) - bbe13b93-5d26-4624-8bd1-300ffbf132fa@group-F0B08912F089->8b1af7ae-6f9e-4f7c-b807-4ee17c912dc1-AppendLogResponseHandler: Failed appendEntries: org.apache.ratis.thirdparty.io.grpc.StatusRuntimeException: UNAVAILABLE: io exception
2019-10-13 19:18:30,597 [grpc-default-executor-5] INFO  impl.FollowerInfo (FollowerInfo.java:lambda$new$0(51)) - bbe13b93-5d26-4624-8bd1-300ffbf132fa@group-F0B08912F089->8b1af7ae-6f9e-4f7c-b807-4ee17c912dc1: nextIndex: updateUnconditionally 0 -> 0
2019-10-13 19:18:30,671 [ForkJoinPool.commonPool-worker-0] INFO  ozoneimpl.OzoneContainer (OzoneContainer.java:stop(227)) - Attempting to stop container services.
2019-10-13 19:18:30,671 [ForkJoinPool.commonPool-worker-0] INFO  impl.RaftServerProxy (RaftServerProxy.java:lambda$close$4(314)) - 0b5b5475-dbb4-4eed-99bc-54244b1ff5ca: close
2019-10-13 19:18:30,671 [ForkJoinPool.commonPool-worker-0] INFO  impl.RaftServerImpl (RaftServerImpl.java:lambda$shutdown$3(247)) - 0b5b5475-dbb4-4eed-99bc-54244b1ff5ca@group-518C19EE299C: shutdown
2019-10-13 19:18:30,672 [ForkJoinPool.commonPool-worker-0] INFO  util.JmxRegister (JmxRegister.java:unregister(73)) - Successfully un-registered JMX Bean with object name Ratis:service=RaftServer,group=group-518C19EE299C,id=0b5b5475-dbb4-4eed-99bc-54244b1ff5ca
2019-10-13 19:18:30,672 [ForkJoinPool.commonPool-worker-0] INFO  impl.RoleInfo (RoleInfo.java:shutdownLeaderState(104)) - 0b5b5475-dbb4-4eed-99bc-54244b1ff5ca: shutdown LeaderState
2019-10-13 19:18:30,672 [ForkJoinPool.commonPool-worker-0] INFO  impl.PendingRequests (PendingRequests.java:sendNotLeaderResponses(202)) - 0b5b5475-dbb4-4eed-99bc-54244b1ff5ca@group-518C19EE299C-PendingRequests: sendNotLeaderResponses
2019-10-13 19:18:30,673 [ForkJoinPool.commonPool-worker-0] INFO  impl.StateMachineUpdater (StateMachineUpdater.java:stopAndJoin(136)) - 0b5b5475-dbb4-4eed-99bc-54244b1ff5ca@group-518C19EE299C-StateMachineUpdater: set stopIndex = 0
2019-10-13 19:18:30,673 [ForkJoinPool.commonPool-worker-0] INFO  impl.RaftServerImpl (ServerState.java:close(387)) - 0b5b5475-dbb4-4eed-99bc-54244b1ff5ca@group-518C19EE299C: closes. applyIndex: 0
2019-10-13 19:18:30,673 [0b5b5475-dbb4-4eed-99bc-54244b1ff5ca@group-518C19EE299C-SegmentedRaftLogWorker] INFO  segmented.SegmentedRaftLogWorker (SegmentedRaftLogWorker.java:run(316)) - 0b5b5475-dbb4-4eed-99bc-54244b1ff5ca@group-518C19EE299C-SegmentedRaftLogWorker was interrupted, exiting. There are 0 tasks remaining in the queue.
2019-10-13 19:18:30,675 [ForkJoinPool.commonPool-worker-0] INFO  segmented.SegmentedRaftLogWorker (SegmentedRaftLogWorker.java:close(224)) - 0b5b5475-dbb4-4eed-99bc-54244b1ff5ca@group-518C19EE299C-SegmentedRaftLogWorker close()
2019-10-13 19:18:30,676 [ForkJoinPool.commonPool-worker-0] INFO  server.GrpcService (GrpcService.java:closeImpl(164)) - 0b5b5475-dbb4-4eed-99bc-54244b1ff5ca: shutdown server with port 41504 now
2019-10-13 19:18:30,677 [ForkJoinPool.commonPool-worker-0] INFO  server.GrpcService (GrpcService.java:closeImpl(172)) - 0b5b5475-dbb4-4eed-99bc-54244b1ff5ca: shutdown server with port 41504 successfully
2019-10-13 19:18:30,678 [refreshUsed-/workdir/hadoop-ozone/integration-test/target/test-dir/MiniOzoneClusterImpl-5ae201cf-45d6-4939-83ae-09959f8683c2/datanode-0/data/containers] WARN  fs.CachingGetSpaceUsed (CachingGetSpaceUsed.java:run(183)) - Thread Interrupted waiting to refresh disk information: sleep interrupted
2019-10-13 19:18:30,684 [main] INFO  ozoneimpl.OzoneContainer (OzoneContainer.java:stop(227)) - Attempting to stop container services.
2019-10-13 19:18:30,684 [main] INFO  impl.RaftServerProxy (RaftServerProxy.java:lambda$close$4(314)) - bbe13b93-5d26-4624-8bd1-300ffbf132fa: close
2019-10-13 19:18:30,685 [main] INFO  impl.RaftServerImpl (RaftServerImpl.java:lambda$shutdown$3(247)) - bbe13b93-5d26-4624-8bd1-300ffbf132fa@group-0D2F692B8300: shutdown
2019-10-13 19:18:30,685 [main] INFO  util.JmxRegister (JmxRegister.java:unregister(73)) - Successfully un-registered JMX Bean with object name Ratis:service=RaftServer,group=group-0D2F692B8300,id=bbe13b93-5d26-4624-8bd1-300ffbf132fa
2019-10-13 19:18:30,686 [main] INFO  impl.RoleInfo (RoleInfo.java:shutdownLeaderState(104)) - bbe13b93-5d26-4624-8bd1-300ffbf132fa: shutdown LeaderState
2019-10-13 19:18:30,688 [org.apache.ratis.server.impl.LogAppender$AppenderDaemon$$Lambda$419/1663683773@2431861f] WARN  server.GrpcLogAppender (GrpcLogAppender.java:mayWait(143)) - bbe13b93-5d26-4624-8bd1-300ffbf132fa@group-0D2F692B8300->c30b1c71-811a-476d-9d0f-46fc3df139c8-GrpcLogAppender: Wait interrupted by java.lang.InterruptedException
2019-10-13 19:18:30,688 [org.apache.ratis.server.impl.LogAppender$AppenderDaemon$$Lambda$419/1663683773@1433b7a3] WARN  server.GrpcLogAppender (GrpcLogAppender.java:mayWait(143)) - bbe13b93-5d26-4624-8bd1-300ffbf132fa@group-0D2F692B8300->8b1af7ae-6f9e-4f7c-b807-4ee17c912dc1-GrpcLogAppender: Wait interrupted by java.lang.InterruptedException
2019-10-13 19:18:30,689 [main] INFO  impl.PendingRequests (PendingRequests.java:sendNotLeaderResponses(202)) - bbe13b93-5d26-4624-8bd1-300ffbf132fa@group-0D2F692B8300-PendingRequests: sendNotLeaderResponses
2019-10-13 19:18:30,689 [main] INFO  impl.StateMachineUpdater (StateMachineUpdater.java:stopAndJoin(136)) - bbe13b93-5d26-4624-8bd1-300ffbf132fa@group-0D2F692B8300-StateMachineUpdater: set stopIndex = 0
2019-10-13 19:18:30,690 [main] INFO  impl.RaftServerImpl (ServerState.java:close(387)) - bbe13b93-5d26-4624-8bd1-300ffbf132fa@group-0D2F692B8300: closes. applyIndex: 0
2019-10-13 19:18:30,690 [bbe13b93-5d26-4624-8bd1-300ffbf132fa@group-0D2F692B8300-SegmentedRaftLogWorker] INFO  segmented.SegmentedRaftLogWorker (SegmentedRaftLogWorker.java:run(316)) - bbe13b93-5d26-4624-8bd1-300ffbf132fa@group-0D2F692B8300-SegmentedRaftLogWorker was interrupted, exiting. There are 0 tasks remaining in the queue.
2019-10-13 19:18:30,691 [main] INFO  segmented.SegmentedRaftLogWorker (SegmentedRaftLogWorker.java:close(224)) - bbe13b93-5d26-4624-8bd1-300ffbf132fa@group-0D2F692B8300-SegmentedRaftLogWorker close()
2019-10-13 19:18:30,695 [main] INFO  impl.RaftServerImpl (RaftServerImpl.java:lambda$shutdown$3(247)) - bbe13b93-5d26-4624-8bd1-300ffbf132fa@group-60B5951AFD64: shutdown
2019-10-13 19:18:30,695 [main] INFO  util.JmxRegister (JmxRegister.java:unregister(73)) - Successfully un-registered JMX Bean with object name Ratis:service=RaftServer,group=group-60B5951AFD64,id=bbe13b93-5d26-4624-8bd1-300ffbf132fa
2019-10-13 19:18:30,696 [main] INFO  impl.RoleInfo (RoleInfo.java:shutdownLeaderState(104)) - bbe13b93-5d26-4624-8bd1-300ffbf132fa: shutdown LeaderState
2019-10-13 19:18:30,698 [org.apache.ratis.server.impl.LogAppender$AppenderDaemon$$Lambda$419/1663683773@2651cfa6] WARN  server.GrpcLogAppender (GrpcLogAppender.java:mayWait(143)) - bbe13b93-5d26-4624-8bd1-300ffbf132fa@group-60B5951AFD64->c30b1c71-811a-476d-9d0f-46fc3df139c8-GrpcLogAppender: Wait interrupted by java.lang.InterruptedException
2019-10-13 19:18:30,698 [org.apache.ratis.server.impl.LogAppender$AppenderDaemon$$Lambda$419/1663683773@167cb052] WARN  server.GrpcLogAppender (GrpcLogAppender.java:mayWait(143)) - bbe13b93-5d26-4624-8bd1-300ffbf132fa@group-60B5951AFD64->8b1af7ae-6f9e-4f7c-b807-4ee17c912dc1-GrpcLogAppender: Wait interrupted by java.lang.InterruptedException
2019-10-13 19:18:30,698 [main] INFO  impl.PendingRequests (PendingRequests.java:sendNotLeaderResponses(202)) - bbe13b93-5d26-4624-8bd1-300ffbf132fa@group-60B5951AFD64-PendingRequests: sendNotLeaderResponses
2019-10-13 19:18:30,698 [main] INFO  impl.StateMachineUpdater (StateMachineUpdater.java:stopAndJoin(136)) - bbe13b93-5d26-4624-8bd1-300ffbf132fa@group-60B5951AFD64-StateMachineUpdater: set stopIndex = 0
2019-10-13 19:18:30,698 [main] INFO  impl.RaftServerImpl (ServerState.java:close(387)) - bbe13b93-5d26-4624-8bd1-300ffbf132fa@group-60B5951AFD64: closes. applyIndex: 0
2019-10-13 19:18:30,699 [bbe13b93-5d26-4624-8bd1-300ffbf132fa@group-60B5951AFD64-SegmentedRaftLogWorker] INFO  segmented.SegmentedRaftLogWorker (SegmentedRaftLogWorker.java:run(316)) - bbe13b93-5d26-4624-8bd1-300ffbf132fa@group-60B5951AFD64-SegmentedRaftLogWorker was interrupted, exiting. There are 0 tasks remaining in the queue.
2019-10-13 19:18:30,699 [main] INFO  segmented.SegmentedRaftLogWorker (SegmentedRaftLogWorker.java:close(224)) - bbe13b93-5d26-4624-8bd1-300ffbf132fa@group-60B5951AFD64-SegmentedRaftLogWorker close()
2019-10-13 19:18:30,699 [main] INFO  impl.RaftServerImpl (RaftServerImpl.java:lambda$shutdown$3(247)) - bbe13b93-5d26-4624-8bd1-300ffbf132fa@group-F0B08912F089: shutdown
2019-10-13 19:18:30,700 [main] INFO  util.JmxRegister (JmxRegister.java:unregister(73)) - Successfully un-registered JMX Bean with object name Ratis:service=RaftServer,group=group-F0B08912F089,id=bbe13b93-5d26-4624-8bd1-300ffbf132fa
2019-10-13 19:18:30,700 [main] INFO  impl.RoleInfo (RoleInfo.java:shutdownLeaderState(104)) - bbe13b93-5d26-4624-8bd1-300ffbf132fa: shutdown LeaderState
2019-10-13 19:18:30,702 [org.apache.ratis.server.impl.LogAppender$AppenderDaemon$$Lambda$419/1663683773@7eeb8d29] WARN  server.GrpcLogAppender (GrpcLogAppender.java:mayWait(143)) - bbe13b93-5d26-4624-8bd1-300ffbf132fa@group-F0B08912F089->c30b1c71-811a-476d-9d0f-46fc3df139c8-GrpcLogAppender: Wait interrupted by java.lang.InterruptedException
2019-10-13 19:18:30,702 [org.apache.ratis.server.impl.LogAppender$AppenderDaemon$$Lambda$419/1663683773@44ba06cb] WARN  server.GrpcLogAppender (GrpcLogAppender.java:mayWait(143)) - bbe13b93-5d26-4624-8bd1-300ffbf132fa@group-F0B08912F089->8b1af7ae-6f9e-4f7c-b807-4ee17c912dc1-GrpcLogAppender: Wait interrupted by java.lang.InterruptedException
2019-10-13 19:18:30,702 [main] INFO  impl.PendingRequests (PendingRequests.java:sendNotLeaderResponses(202)) - bbe13b93-5d26-4624-8bd1-300ffbf132fa@group-F0B08912F089-PendingRequests: sendNotLeaderResponses
2019-10-13 19:18:30,702 [main] INFO  impl.StateMachineUpdater (StateMachineUpdater.java:stopAndJoin(136)) - bbe13b93-5d26-4624-8bd1-300ffbf132fa@group-F0B08912F089-StateMachineUpdater: set stopIndex = 0
2019-10-13 19:18:30,703 [main] INFO  impl.RaftServerImpl (ServerState.java:close(387)) - bbe13b93-5d26-4624-8bd1-300ffbf132fa@group-F0B08912F089: closes. applyIndex: 0
2019-10-13 19:18:30,703 [bbe13b93-5d26-4624-8bd1-300ffbf132fa@group-F0B08912F089-SegmentedRaftLogWorker] INFO  segmented.SegmentedRaftLogWorker (SegmentedRaftLogWorker.java:run(316)) - bbe13b93-5d26-4624-8bd1-300ffbf132fa@group-F0B08912F089-SegmentedRaftLogWorker was interrupted, exiting. There are 0 tasks remaining in the queue.
2019-10-13 19:18:30,703 [main] INFO  segmented.SegmentedRaftLogWorker (SegmentedRaftLogWorker.java:close(224)) - bbe13b93-5d26-4624-8bd1-300ffbf132fa@group-F0B08912F089-SegmentedRaftLogWorker close()
2019-10-13 19:18:30,703 [main] INFO  server.GrpcService (GrpcService.java:closeImpl(164)) - bbe13b93-5d26-4624-8bd1-300ffbf132fa: shutdown server with port 40251 now
2019-10-13 19:18:30,705 [main] INFO  server.GrpcService (GrpcService.java:closeImpl(172)) - bbe13b93-5d26-4624-8bd1-300ffbf132fa: shutdown server with port 40251 successfully
2019-10-13 19:18:30,706 [ForkJoinPool.commonPool-worker-0] INFO  utils.BackgroundService (BackgroundService.java:shutdown(151)) - Shutting down service BlockDeletingService
2019-10-13 19:18:30,708 [refreshUsed-/workdir/hadoop-ozone/integration-test/target/test-dir/MiniOzoneClusterImpl-5ae201cf-45d6-4939-83ae-09959f8683c2/datanode-4/data/containers] WARN  fs.CachingGetSpaceUsed (CachingGetSpaceUsed.java:run(183)) - Thread Interrupted waiting to refresh disk information: sleep interrupted
2019-10-13 19:18:30,709 [ForkJoinPool.commonPool-worker-0] INFO  statemachine.DatanodeStateMachine (DatanodeStateMachine.java:stopDaemon(395)) - Ozone container server stopped.
2019-10-13 19:18:30,713 [ForkJoinPool.commonPool-worker-0] INFO  handler.ContextHandler (ContextHandler.java:doStop(910)) - Stopped o.e.j.w.WebAppContext@769bd849{/,null,UNAVAILABLE}{/hddsDatanode}
2019-10-13 19:18:30,713 [ForkJoinPool.commonPool-worker-0] INFO  server.AbstractConnector (AbstractConnector.java:doStop(318)) - Stopped ServerConnector@101ca8da{HTTP/1.1,[http/1.1]}{0.0.0.0:0}
2019-10-13 19:18:30,717 [ForkJoinPool.commonPool-worker-0] INFO  handler.ContextHandler (ContextHandler.java:doStop(910)) - Stopped o.e.j.s.ServletContextHandler@2e13f304{/static,jar:file:/home/user/.m2/repository/org/apache/hadoop/hadoop-hdds-container-service/0.5.0-SNAPSHOT/hadoop-hdds-container-service-0.5.0-SNAPSHOT.jar!/webapps/static,UNAVAILABLE}
2019-10-13 19:18:30,718 [ForkJoinPool.commonPool-worker-0] INFO  handler.ContextHandler (ContextHandler.java:doStop(910)) - Stopped o.e.j.s.ServletContextHandler@18a19e{/logs,file:///workdir/hadoop-ozone/integration-test/target/log,UNAVAILABLE}
2019-10-13 19:18:30,729 [main] INFO  utils.BackgroundService (BackgroundService.java:shutdown(151)) - Shutting down service BlockDeletingService
2019-10-13 19:18:30,731 [main] INFO  statemachine.DatanodeStateMachine (DatanodeStateMachine.java:stopDaemon(395)) - Ozone container server stopped.
2019-10-13 19:18:30,732 [main] INFO  handler.ContextHandler (ContextHandler.java:doStop(910)) - Stopped o.e.j.w.WebAppContext@71b6172c{/,null,UNAVAILABLE}{/hddsDatanode}
2019-10-13 19:18:30,733 [main] INFO  server.AbstractConnector (AbstractConnector.java:doStop(318)) - Stopped ServerConnector@58aa10f4{HTTP/1.1,[http/1.1]}{0.0.0.0:0}
2019-10-13 19:18:30,733 [main] INFO  handler.ContextHandler (ContextHandler.java:doStop(910)) - Stopped o.e.j.s.ServletContextHandler@f1266c6{/static,jar:file:/home/user/.m2/repository/org/apache/hadoop/hadoop-hdds-container-service/0.5.0-SNAPSHOT/hadoop-hdds-container-service-0.5.0-SNAPSHOT.jar!/webapps/static,UNAVAILABLE}
2019-10-13 19:18:30,734 [main] INFO  handler.ContextHandler (ContextHandler.java:doStop(910)) - Stopped o.e.j.s.ServletContextHandler@69aa7d76{/logs,file:///workdir/hadoop-ozone/integration-test/target/log,UNAVAILABLE}
2019-10-13 19:18:30,735 [main] INFO  ozone.MiniOzoneClusterImpl (MiniOzoneClusterImpl.java:stopSCM(392)) - Stopping the StorageContainerManager
2019-10-13 19:18:30,735 [main] INFO  server.StorageContainerManager (StorageContainerManager.java:stop(810)) - Stopping Replication Manager Service.
2019-10-13 19:18:30,735 [main] INFO  container.ReplicationManager (ReplicationManager.java:stop(203)) - Stopping Replication Monitor Thread.
2019-10-13 19:18:30,735 [main] INFO  server.StorageContainerManager (StorageContainerManager.java:stop(817)) - Stopping Lease Manager of the command watchers
2019-10-13 19:18:30,736 [main] INFO  server.StorageContainerManager (StorageContainerManager.java:stop(824)) - Stopping datanode service RPC server
2019-10-13 19:18:30,736 [main] INFO  server.SCMDatanodeProtocolServer (SCMDatanodeProtocolServer.java:stop(346)) - Stopping the RPC server for DataNodes
2019-10-13 19:18:30,736 [main] INFO  ipc.Server (Server.java:stop(3082)) - Stopping server on 37287
2019-10-13 19:18:30,738 [IPC Server listener on 37287] INFO  ipc.Server (Server.java:run(1185)) - Stopping IPC Server listener on 37287
2019-10-13 19:18:30,738 [IPC Server Responder] INFO  ipc.Server (Server.java:run(1319)) - Stopping IPC Server Responder
2019-10-13 19:18:30,808 [SCM Heartbeat Processing Thread - 0] WARN  node.NodeStateManager (NodeStateManager.java:scheduleNextHealthCheck(646)) - Current Thread is interrupted, shutting down HB processing thread for Node Manager.
2019-10-13 19:18:30,809 [main] INFO  server.StorageContainerManager (StorageContainerManager.java:stop(832)) - Stopping block service RPC server
2019-10-13 19:18:30,809 [main] INFO  server.SCMBlockProtocolServer (SCMBlockProtocolServer.java:stop(155)) - Stopping the RPC server for Block Protocol
2019-10-13 19:18:30,810 [main] INFO  ipc.Server (Server.java:stop(3082)) - Stopping server on 36445
2019-10-13 19:18:30,812 [IPC Server listener on 36445] INFO  ipc.Server (Server.java:run(1185)) - Stopping IPC Server listener on 36445
2019-10-13 19:18:30,812 [main] INFO  server.StorageContainerManager (StorageContainerManager.java:stop(839)) - Stopping the StorageContainerLocationProtocol RPC server
2019-10-13 19:18:30,812 [IPC Server Responder] INFO  ipc.Server (Server.java:run(1319)) - Stopping IPC Server Responder
2019-10-13 19:18:30,813 [main] INFO  server.SCMClientProtocolServer (SCMClientProtocolServer.java:stop(168)) - Stopping the RPC server for Client Protocol
2019-10-13 19:18:30,813 [main] INFO  ipc.Server (Server.java:stop(3082)) - Stopping server on 40858
2019-10-13 19:18:30,816 [main] INFO  server.StorageContainerManager (StorageContainerManager.java:stop(846)) - Stopping Storage Container Manager HTTP server.
2019-10-13 19:18:30,816 [IPC Server Responder] INFO  ipc.Server (Server.java:run(1319)) - Stopping IPC Server Responder
2019-10-13 19:18:30,816 [IPC Server listener on 40858] INFO  ipc.Server (Server.java:run(1185)) - Stopping IPC Server listener on 40858
2019-10-13 19:18:30,817 [main] INFO  handler.ContextHandler (ContextHandler.java:doStop(910)) - Stopped o.e.j.w.WebAppContext@2db33feb{/,null,UNAVAILABLE}{/scm}
2019-10-13 19:18:30,818 [main] INFO  server.AbstractConnector (AbstractConnector.java:doStop(318)) - Stopped ServerConnector@30c3ae63{HTTP/1.1,[http/1.1]}{0.0.0.0:0}
2019-10-13 19:18:30,819 [main] INFO  handler.ContextHandler (ContextHandler.java:doStop(910)) - Stopped o.e.j.s.ServletContextHandler@6680f714{/static,file:///workdir/hadoop-ozone/integration-test/target/test-classes/webapps/static,UNAVAILABLE}
2019-10-13 19:18:30,819 [main] INFO  handler.ContextHandler (ContextHandler.java:doStop(910)) - Stopped o.e.j.s.ServletContextHandler@45c9b3{/logs,file:///workdir/hadoop-ozone/integration-test/target/log,UNAVAILABLE}
2019-10-13 19:18:30,820 [main] INFO  server.StorageContainerManager (StorageContainerManager.java:stop(857)) - Stopping Block Manager Service.
2019-10-13 19:18:30,820 [main] INFO  utils.BackgroundService (BackgroundService.java:shutdown(151)) - Shutting down service SCMBlockDeletingService
2019-10-13 19:18:30,821 [main] INFO  utils.BackgroundService (BackgroundService.java:shutdown(151)) - Shutting down service SCMBlockDeletingService
2019-10-13 19:18:30,821 [main] INFO  server.StorageContainerManager (StorageContainerManager.java:stop(879)) - Stopping SCM Event Queue.
2019-10-13 19:18:30,826 [main] INFO  impl.MetricsSystemImpl (MetricsSystemImpl.java:stop(210)) - Stopping HddsDatanode metrics system...
2019-10-13 19:18:30,839 [main] INFO  impl.MetricsSystemImpl (MetricsSystemImpl.java:stop(216)) - HddsDatanode metrics system stopped.
]]></system-out>
    <system-err><![CDATA[Oct 13, 2019 7:18:20 PM org.apache.ratis.thirdparty.io.grpc.internal.SerializingExecutor run
SEVERE: Exception while executing runnable org.apache.ratis.thirdparty.io.grpc.internal.ServerImpl$JumpToApplicationThreadServerStreamListener$1Closed@562b98da
org.apache.ratis.thirdparty.io.grpc.StatusRuntimeException: CANCELLED: call already cancelled
	at org.apache.ratis.thirdparty.io.grpc.Status.asRuntimeException(Status.java:517)
	at org.apache.ratis.thirdparty.io.grpc.stub.ServerCalls$ServerCallStreamObserverImpl.onCompleted(ServerCalls.java:356)
	at org.apache.ratis.grpc.server.GrpcServerProtocolService$ServerRequestStreamObserver.onError(GrpcServerProtocolService.java:121)
	at org.apache.ratis.thirdparty.io.grpc.stub.ServerCalls$StreamingServerCallHandler$StreamingServerCallListener.onCancel(ServerCalls.java:269)
	at org.apache.ratis.thirdparty.io.grpc.internal.ServerCallImpl$ServerStreamListenerImpl.closed(ServerCallImpl.java:293)
	at org.apache.ratis.thirdparty.io.grpc.internal.ServerImpl$JumpToApplicationThreadServerStreamListener$1Closed.runInContext(ServerImpl.java:741)
	at org.apache.ratis.thirdparty.io.grpc.internal.ContextRunnable.run(ContextRunnable.java:37)
	at org.apache.ratis.thirdparty.io.grpc.internal.SerializingExecutor.run(SerializingExecutor.java:123)
	at java.util.concurrent.ThreadPoolExecutor.runWorker(ThreadPoolExecutor.java:1149)
	at java.util.concurrent.ThreadPoolExecutor$Worker.run(ThreadPoolExecutor.java:624)
	at java.lang.Thread.run(Thread.java:748)

Oct 13, 2019 7:18:20 PM org.apache.ratis.thirdparty.io.grpc.internal.SerializingExecutor run
SEVERE: Exception while executing runnable org.apache.ratis.thirdparty.io.grpc.internal.ServerImpl$JumpToApplicationThreadServerStreamListener$1Closed@586b8f9b
org.apache.ratis.thirdparty.io.grpc.StatusRuntimeException: CANCELLED: call already cancelled
	at org.apache.ratis.thirdparty.io.grpc.Status.asRuntimeException(Status.java:517)
	at org.apache.ratis.thirdparty.io.grpc.stub.ServerCalls$ServerCallStreamObserverImpl.onCompleted(ServerCalls.java:356)
	at org.apache.ratis.grpc.server.GrpcServerProtocolService$ServerRequestStreamObserver.onError(GrpcServerProtocolService.java:121)
	at org.apache.ratis.thirdparty.io.grpc.stub.ServerCalls$StreamingServerCallHandler$StreamingServerCallListener.onCancel(ServerCalls.java:269)
	at org.apache.ratis.thirdparty.io.grpc.internal.ServerCallImpl$ServerStreamListenerImpl.closed(ServerCallImpl.java:293)
	at org.apache.ratis.thirdparty.io.grpc.internal.ServerImpl$JumpToApplicationThreadServerStreamListener$1Closed.runInContext(ServerImpl.java:741)
	at org.apache.ratis.thirdparty.io.grpc.internal.ContextRunnable.run(ContextRunnable.java:37)
	at org.apache.ratis.thirdparty.io.grpc.internal.SerializingExecutor.run(SerializingExecutor.java:123)
	at java.util.concurrent.ThreadPoolExecutor.runWorker(ThreadPoolExecutor.java:1149)
	at java.util.concurrent.ThreadPoolExecutor$Worker.run(ThreadPoolExecutor.java:624)
	at java.lang.Thread.run(Thread.java:748)

Oct 13, 2019 7:18:20 PM org.apache.ratis.thirdparty.io.grpc.internal.SerializingExecutor run
SEVERE: Exception while executing runnable org.apache.ratis.thirdparty.io.grpc.internal.ServerImpl$JumpToApplicationThreadServerStreamListener$1Closed@590429a3
org.apache.ratis.thirdparty.io.grpc.StatusRuntimeException: CANCELLED: call already cancelled
	at org.apache.ratis.thirdparty.io.grpc.Status.asRuntimeException(Status.java:517)
	at org.apache.ratis.thirdparty.io.grpc.stub.ServerCalls$ServerCallStreamObserverImpl.onCompleted(ServerCalls.java:356)
	at org.apache.ratis.grpc.server.GrpcServerProtocolService$ServerRequestStreamObserver.onError(GrpcServerProtocolService.java:121)
	at org.apache.ratis.thirdparty.io.grpc.stub.ServerCalls$StreamingServerCallHandler$StreamingServerCallListener.onCancel(ServerCalls.java:269)
	at org.apache.ratis.thirdparty.io.grpc.internal.ServerCallImpl$ServerStreamListenerImpl.closed(ServerCallImpl.java:293)
	at org.apache.ratis.thirdparty.io.grpc.internal.ServerImpl$JumpToApplicationThreadServerStreamListener$1Closed.runInContext(ServerImpl.java:741)
	at org.apache.ratis.thirdparty.io.grpc.internal.ContextRunnable.run(ContextRunnable.java:37)
	at org.apache.ratis.thirdparty.io.grpc.internal.SerializingExecutor.run(SerializingExecutor.java:123)
	at java.util.concurrent.ThreadPoolExecutor.runWorker(ThreadPoolExecutor.java:1149)
	at java.util.concurrent.ThreadPoolExecutor$Worker.run(ThreadPoolExecutor.java:624)
	at java.lang.Thread.run(Thread.java:748)

Oct 13, 2019 7:18:25 PM org.apache.ratis.thirdparty.io.grpc.internal.SerializingExecutor run
SEVERE: Exception while executing runnable org.apache.ratis.thirdparty.io.grpc.internal.ServerImpl$JumpToApplicationThreadServerStreamListener$1Closed@4b138eb6
org.apache.ratis.thirdparty.io.grpc.StatusRuntimeException: CANCELLED: call already cancelled
	at org.apache.ratis.thirdparty.io.grpc.Status.asRuntimeException(Status.java:517)
	at org.apache.ratis.thirdparty.io.grpc.stub.ServerCalls$ServerCallStreamObserverImpl.onCompleted(ServerCalls.java:356)
	at org.apache.ratis.grpc.server.GrpcServerProtocolService$ServerRequestStreamObserver.onError(GrpcServerProtocolService.java:121)
	at org.apache.ratis.thirdparty.io.grpc.stub.ServerCalls$StreamingServerCallHandler$StreamingServerCallListener.onCancel(ServerCalls.java:269)
	at org.apache.ratis.thirdparty.io.grpc.internal.ServerCallImpl$ServerStreamListenerImpl.closed(ServerCallImpl.java:293)
	at org.apache.ratis.thirdparty.io.grpc.internal.ServerImpl$JumpToApplicationThreadServerStreamListener$1Closed.runInContext(ServerImpl.java:741)
	at org.apache.ratis.thirdparty.io.grpc.internal.ContextRunnable.run(ContextRunnable.java:37)
	at org.apache.ratis.thirdparty.io.grpc.internal.SerializingExecutor.run(SerializingExecutor.java:123)
	at java.util.concurrent.ThreadPoolExecutor.runWorker(ThreadPoolExecutor.java:1149)
	at java.util.concurrent.ThreadPoolExecutor$Worker.run(ThreadPoolExecutor.java:624)
	at java.lang.Thread.run(Thread.java:748)

Oct 13, 2019 7:18:25 PM org.apache.ratis.thirdparty.io.grpc.internal.SerializingExecutor run
SEVERE: Exception while executing runnable org.apache.ratis.thirdparty.io.grpc.internal.ServerImpl$JumpToApplicationThreadServerStreamListener$1Closed@22fbb2cf
org.apache.ratis.thirdparty.io.grpc.StatusRuntimeException: CANCELLED: call already cancelled
	at org.apache.ratis.thirdparty.io.grpc.Status.asRuntimeException(Status.java:517)
	at org.apache.ratis.thirdparty.io.grpc.stub.ServerCalls$ServerCallStreamObserverImpl.onCompleted(ServerCalls.java:356)
	at org.apache.ratis.grpc.server.GrpcServerProtocolService$ServerRequestStreamObserver.onError(GrpcServerProtocolService.java:121)
	at org.apache.ratis.thirdparty.io.grpc.stub.ServerCalls$StreamingServerCallHandler$StreamingServerCallListener.onCancel(ServerCalls.java:269)
	at org.apache.ratis.thirdparty.io.grpc.internal.ServerCallImpl$ServerStreamListenerImpl.closed(ServerCallImpl.java:293)
	at org.apache.ratis.thirdparty.io.grpc.internal.ServerImpl$JumpToApplicationThreadServerStreamListener$1Closed.runInContext(ServerImpl.java:741)
	at org.apache.ratis.thirdparty.io.grpc.internal.ContextRunnable.run(ContextRunnable.java:37)
	at org.apache.ratis.thirdparty.io.grpc.internal.SerializingExecutor.run(SerializingExecutor.java:123)
	at java.util.concurrent.ThreadPoolExecutor.runWorker(ThreadPoolExecutor.java:1149)
	at java.util.concurrent.ThreadPoolExecutor$Worker.run(ThreadPoolExecutor.java:624)
	at java.lang.Thread.run(Thread.java:748)

Oct 13, 2019 7:18:25 PM org.apache.ratis.thirdparty.io.grpc.internal.SerializingExecutor run
SEVERE: Exception while executing runnable org.apache.ratis.thirdparty.io.grpc.internal.ServerImpl$JumpToApplicationThreadServerStreamListener$1Closed@6301771b
org.apache.ratis.thirdparty.io.grpc.StatusRuntimeException: CANCELLED: call already cancelled
	at org.apache.ratis.thirdparty.io.grpc.Status.asRuntimeException(Status.java:517)
	at org.apache.ratis.thirdparty.io.grpc.stub.ServerCalls$ServerCallStreamObserverImpl.onCompleted(ServerCalls.java:356)
	at org.apache.ratis.grpc.server.GrpcServerProtocolService$ServerRequestStreamObserver.onError(GrpcServerProtocolService.java:121)
	at org.apache.ratis.thirdparty.io.grpc.stub.ServerCalls$StreamingServerCallHandler$StreamingServerCallListener.onCancel(ServerCalls.java:269)
	at org.apache.ratis.thirdparty.io.grpc.internal.ServerCallImpl$ServerStreamListenerImpl.closed(ServerCallImpl.java:293)
	at org.apache.ratis.thirdparty.io.grpc.internal.ServerImpl$JumpToApplicationThreadServerStreamListener$1Closed.runInContext(ServerImpl.java:741)
	at org.apache.ratis.thirdparty.io.grpc.internal.ContextRunnable.run(ContextRunnable.java:37)
	at org.apache.ratis.thirdparty.io.grpc.internal.SerializingExecutor.run(SerializingExecutor.java:123)
	at java.util.concurrent.ThreadPoolExecutor.runWorker(ThreadPoolExecutor.java:1149)
	at java.util.concurrent.ThreadPoolExecutor$Worker.run(ThreadPoolExecutor.java:624)
	at java.lang.Thread.run(Thread.java:748)

]]></system-err>
  </testcase>
</testsuite>