<?xml version="1.0" encoding="UTF-8"?>
<testsuite xmlns:xsi="http://www.w3.org/2001/XMLSchema-instance" xsi:noNamespaceSchemaLocation="https://maven.apache.org/surefire/maven-surefire-plugin/xsd/surefire-test-report.xsd" name="org.apache.hadoop.ozone.container.server.TestSecureContainerServer" time="187.236" tests="3" errors="0" skipped="1" failures="1">
  <properties>
    <property name="awt.toolkit" value="sun.awt.X11.XToolkit"/>
    <property name="file.encoding.pkg" value="sun.io"/>
    <property name="java.specification.version" value="1.8"/>
    <property name="sun.cpu.isalist" value=""/>
    <property name="sun.jnu.encoding" value="ANSI_X3.4-1968"/>
    <property name="java.class.path" value="/workdir/hadoop-ozone/integration-test/target/test-classes:/workdir/hadoop-ozone/integration-test/target/classes:/home/user/.m2/repository/org/apache/hadoop/hadoop-ozone-common/0.5.0-SNAPSHOT/hadoop-ozone-common-0.5.0-SNAPSHOT.jar:/home/user/.m2/repository/org/apache/commons/commons-compress/1.4.1/commons-compress-1.4.1.jar:/home/user/.m2/repository/org/tukaani/xz/1.0/xz-1.0.jar:/home/user/.m2/repository/org/apache/hadoop/hadoop-common/3.2.0/hadoop-common-3.2.0.jar:/home/user/.m2/repository/org/apache/hadoop/hadoop-hdfs/3.2.0/hadoop-hdfs-3.2.0.jar:/home/user/.m2/repository/org/apache/hadoop/hadoop-hdfs-client/3.2.0/hadoop-hdfs-client-3.2.0.jar:/home/user/.m2/repository/com/fasterxml/jackson/core/jackson-annotations/2.9.9/jackson-annotations-2.9.9.jar:/home/user/.m2/repository/org/apache/hadoop/hadoop-hdds-common/0.5.0-SNAPSHOT/hadoop-hdds-common-0.5.0-SNAPSHOT.jar:/home/user/.m2/repository/javax/annotation/javax.annotation-api/1.2/javax.annotation-api-1.2.jar:/home/user/.m2/repository/org/apache/ratis/ratis-server/0.5.0-3f446aa-SNAPSHOT/ratis-server-0.5.0-3f446aa-SNAPSHOT.jar:/home/user/.m2/repository/org/apache/ratis/ratis-thirdparty-misc/0.2.0/ratis-thirdparty-misc-0.2.0.jar:/home/user/.m2/repository/org/apache/ratis/ratis-proto/0.5.0-3f446aa-SNAPSHOT/ratis-proto-0.5.0-3f446aa-SNAPSHOT.jar:/home/user/.m2/repository/org/apache/ratis/ratis-common/0.5.0-3f446aa-SNAPSHOT/ratis-common-0.5.0-3f446aa-SNAPSHOT.jar:/home/user/.m2/repository/org/apache/ratis/ratis-client/0.5.0-3f446aa-SNAPSHOT/ratis-client-0.5.0-3f446aa-SNAPSHOT.jar:/home/user/.m2/repository/org/apache/ratis/ratis-metrics/0.5.0-3f446aa-SNAPSHOT/ratis-metrics-0.5.0-3f446aa-SNAPSHOT.jar:/home/user/.m2/repository/com/github/joshelser/dropwizard-metrics-hadoop-metrics2-reporter/0.1.2/dropwizard-metrics-hadoop-metrics2-reporter-0.1.2.jar:/home/user/.m2/repository/io/dropwizard/metrics/metrics-jvm/3.2.5/metrics-jvm-3.2.5.jar:/home/user/.m2/repository/io/dropwizard/metrics/metrics-ganglia/3.2.5/metrics-ganglia-3.2.5.jar:/home/user/.m2/repository/info/ganglia/gmetric4j/gmetric4j/1.0.7/gmetric4j-1.0.7.jar:/home/user/.m2/repository/org/apache/ratis/ratis-netty/0.5.0-3f446aa-SNAPSHOT/ratis-netty-0.5.0-3f446aa-SNAPSHOT.jar:/home/user/.m2/repository/org/apache/ratis/ratis-grpc/0.5.0-3f446aa-SNAPSHOT/ratis-grpc-0.5.0-3f446aa-SNAPSHOT.jar:/home/user/.m2/repository/org/rocksdb/rocksdbjni/6.0.1/rocksdbjni-6.0.1.jar:/home/user/.m2/repository/org/apache/logging/log4j/log4j-api/2.11.0/log4j-api-2.11.0.jar:/home/user/.m2/repository/org/apache/logging/log4j/log4j-core/2.11.0/log4j-core-2.11.0.jar:/home/user/.m2/repository/com/lmax/disruptor/3.4.2/disruptor-3.4.2.jar:/home/user/.m2/repository/org/apache/commons/commons-pool2/2.6.0/commons-pool2-2.6.0.jar:/home/user/.m2/repository/org/bouncycastle/bcpkix-jdk15on/1.60/bcpkix-jdk15on-1.60.jar:/home/user/.m2/repository/commons-validator/commons-validator/1.6/commons-validator-1.6.jar:/home/user/.m2/repository/commons-digester/commons-digester/1.8.1/commons-digester-1.8.1.jar:/home/user/.m2/repository/io/jaegertracing/jaeger-client/0.34.0/jaeger-client-0.34.0.jar:/home/user/.m2/repository/io/jaegertracing/jaeger-thrift/0.34.0/jaeger-thrift-0.34.0.jar:/home/user/.m2/repository/org/apache/thrift/libthrift/0.12.0/libthrift-0.12.0.jar:/home/user/.m2/repository/com/squareup/okhttp3/okhttp/3.9.0/okhttp-3.9.0.jar:/home/user/.m2/repository/com/squareup/okio/okio/1.13.0/okio-1.13.0.jar:/home/user/.m2/repository/io/jaegertracing/jaeger-core/0.34.0/jaeger-core-0.34.0.jar:/home/user/.m2/repository/io/jaegertracing/jaeger-tracerresolver/0.34.0/jaeger-tracerresolver-0.34.0.jar:/home/user/.m2/repository/io/opentracing/contrib/opentracing-tracerresolver/0.1.5/opentracing-tracerresolver-0.1.5.jar:/home/user/.m2/repository/io/opentracing/opentracing-util/0.31.0/opentracing-util-0.31.0.jar:/home/user/.m2/repository/io/opentracing/opentracing-api/0.31.0/opentracing-api-0.31.0.jar:/home/user/.m2/repository/io/opentracing/opentracing-noop/0.31.0/opentracing-noop-0.31.0.jar:/home/user/.m2/repository/org/apache/hadoop/hadoop-hdds-server-framework/0.5.0-SNAPSHOT/hadoop-hdds-server-framework-0.5.0-SNAPSHOT.jar:/home/user/.m2/repository/org/apache/hadoop/hadoop-hdds-container-service/0.5.0-SNAPSHOT/hadoop-hdds-container-service-0.5.0-SNAPSHOT.jar:/home/user/.m2/repository/org/apache/hadoop/hadoop-hdds-client/0.5.0-SNAPSHOT/hadoop-hdds-client-0.5.0-SNAPSHOT.jar:/home/user/.m2/repository/org/apache/hadoop/hadoop-hdds-tools/0.5.0-SNAPSHOT/hadoop-hdds-tools-0.5.0-SNAPSHOT.jar:/home/user/.m2/repository/org/apache/hadoop/hadoop-hdds-server-scm/0.5.0-SNAPSHOT/hadoop-hdds-server-scm-0.5.0-SNAPSHOT.jar:/home/user/.m2/repository/org/apache/hadoop/hadoop-hdds-docs/0.5.0-SNAPSHOT/hadoop-hdds-docs-0.5.0-SNAPSHOT.jar:/home/user/.m2/repository/io/dropwizard/metrics/metrics-core/3.2.4/metrics-core-3.2.4.jar:/home/user/.m2/repository/org/hamcrest/hamcrest-all/1.3/hamcrest-all-1.3.jar:/home/user/.m2/repository/org/bouncycastle/bcprov-jdk15on/1.60/bcprov-jdk15on-1.60.jar:/home/user/.m2/repository/info/picocli/picocli/3.9.6/picocli-3.9.6.jar:/home/user/.m2/repository/com/google/protobuf/protobuf-java/2.5.0/protobuf-java-2.5.0.jar:/home/user/.m2/repository/com/google/guava/guava/11.0.2/guava-11.0.2.jar:/home/user/.m2/repository/org/apache/hadoop/hadoop-ozone-ozone-manager/0.5.0-SNAPSHOT/hadoop-ozone-ozone-manager-0.5.0-SNAPSHOT.jar:/home/user/.m2/repository/org/apache/hadoop/hadoop-minikdc/3.2.0/hadoop-minikdc-3.2.0.jar:/home/user/.m2/repository/commons-io/commons-io/2.5/commons-io-2.5.jar:/home/user/.m2/repository/org/apache/kerby/kerb-simplekdc/1.0.1/kerb-simplekdc-1.0.1.jar:/home/user/.m2/repository/org/apache/kerby/kerb-client/1.0.1/kerb-client-1.0.1.jar:/home/user/.m2/repository/org/apache/kerby/kerby-config/1.0.1/kerby-config-1.0.1.jar:/home/user/.m2/repository/org/apache/kerby/kerb-core/1.0.1/kerb-core-1.0.1.jar:/home/user/.m2/repository/org/apache/kerby/kerby-pkix/1.0.1/kerby-pkix-1.0.1.jar:/home/user/.m2/repository/org/apache/kerby/kerby-asn1/1.0.1/kerby-asn1-1.0.1.jar:/home/user/.m2/repository/org/apache/kerby/kerby-util/1.0.1/kerby-util-1.0.1.jar:/home/user/.m2/repository/org/apache/kerby/kerb-common/1.0.1/kerb-common-1.0.1.jar:/home/user/.m2/repository/org/apache/kerby/kerb-crypto/1.0.1/kerb-crypto-1.0.1.jar:/home/user/.m2/repository/org/apache/kerby/kerb-util/1.0.1/kerb-util-1.0.1.jar:/home/user/.m2/repository/org/apache/kerby/token-provider/1.0.1/token-provider-1.0.1.jar:/home/user/.m2/repository/org/apache/kerby/kerb-admin/1.0.1/kerb-admin-1.0.1.jar:/home/user/.m2/repository/org/apache/kerby/kerb-server/1.0.1/kerb-server-1.0.1.jar:/home/user/.m2/repository/org/apache/kerby/kerb-identity/1.0.1/kerb-identity-1.0.1.jar:/home/user/.m2/repository/org/apache/kerby/kerby-xdr/1.0.1/kerby-xdr-1.0.1.jar:/home/user/.m2/repository/org/slf4j/slf4j-log4j12/1.7.25/slf4j-log4j12-1.7.25.jar:/home/user/.m2/repository/org/apache/hadoop/hadoop-ozone-s3gateway/0.5.0-SNAPSHOT/hadoop-ozone-s3gateway-0.5.0-SNAPSHOT.jar:/home/user/.m2/repository/org/jboss/weld/servlet/weld-servlet/2.4.7.Final/weld-servlet-2.4.7.Final.jar:/home/user/.m2/repository/org/glassfish/jersey/containers/jersey-container-servlet-core/2.27/jersey-container-servlet-core-2.27.jar:/home/user/.m2/repository/org/glassfish/hk2/external/javax.inject/2.5.0-b42/javax.inject-2.5.0-b42.jar:/home/user/.m2/repository/org/glassfish/jersey/core/jersey-common/2.27/jersey-common-2.27.jar:/home/user/.m2/repository/org/glassfish/hk2/osgi-resource-locator/1.0.1/osgi-resource-locator-1.0.1.jar:/home/user/.m2/repository/javax/ws/rs/javax.ws.rs-api/2.1/javax.ws.rs-api-2.1.jar:/home/user/.m2/repository/org/glassfish/jersey/ext/cdi/jersey-cdi1x/2.27/jersey-cdi1x-2.27.jar:/home/user/.m2/repository/org/glassfish/jersey/inject/jersey-hk2/2.27/jersey-hk2-2.27.jar:/home/user/.m2/repository/org/glassfish/hk2/hk2-locator/2.5.0-b42/hk2-locator-2.5.0-b42.jar:/home/user/.m2/repository/org/javassist/javassist/3.22.0-CR2/javassist-3.22.0-CR2.jar:/home/user/.m2/repository/org/glassfish/hk2/hk2-api/2.5.0/hk2-api-2.5.0.jar:/home/user/.m2/repository/org/glassfish/hk2/external/jakarta.inject/2.5.0/jakarta.inject-2.5.0.jar:/home/user/.m2/repository/org/glassfish/hk2/hk2-utils/2.5.0/hk2-utils-2.5.0.jar:/home/user/.m2/repository/jakarta/annotation/jakarta.annotation-api/1.3.4/jakarta.annotation-api-1.3.4.jar:/home/user/.m2/repository/org/glassfish/hk2/external/aopalliance-repackaged/2.5.0/aopalliance-repackaged-2.5.0.jar:/home/user/.m2/repository/com/fasterxml/jackson/dataformat/jackson-dataformat-xml/2.9.0/jackson-dataformat-xml-2.9.0.jar:/home/user/.m2/repository/com/fasterxml/jackson/core/jackson-core/2.9.9/jackson-core-2.9.9.jar:/home/user/.m2/repository/com/fasterxml/jackson/module/jackson-module-jaxb-annotations/2.9.9/jackson-module-jaxb-annotations-2.9.9.jar:/home/user/.m2/repository/javax/enterprise/cdi-api/1.2/cdi-api-1.2.jar:/home/user/.m2/repository/javax/el/javax.el-api/3.0.0/javax.el-api-3.0.0.jar:/home/user/.m2/repository/javax/interceptor/javax.interceptor-api/1.2/javax.interceptor-api-1.2.jar:/home/user/.m2/repository/javax/inject/javax.inject/1/javax.inject-1.jar:/home/user/.m2/repository/com/sun/xml/bind/jaxb-impl/2.3.0.1/jaxb-impl-2.3.0.1.jar:/home/user/.m2/repository/com/sun/xml/bind/jaxb-core/2.3.0.1/jaxb-core-2.3.0.1.jar:/home/user/.m2/repository/javax/xml/bind/jaxb-api/2.3.0/jaxb-api-2.3.0.jar:/home/user/.m2/repository/javax/activation/activation/1.1.1/activation-1.1.1.jar:/home/user/.m2/repository/org/apache/hadoop/hadoop-ozone-csi/0.5.0-SNAPSHOT/hadoop-ozone-csi-0.5.0-SNAPSHOT.jar:/home/user/.m2/repository/com/google/protobuf/protobuf-java-util/3.5.1/protobuf-java-util-3.5.1.jar:/home/user/.m2/repository/org/apache/hadoop/hadoop-hdds-config/0.5.0-SNAPSHOT/hadoop-hdds-config-0.5.0-SNAPSHOT.jar:/home/user/.m2/repository/io/grpc/grpc-netty/1.17.1/grpc-netty-1.17.1.jar:/home/user/.m2/repository/io/grpc/grpc-core/1.17.1/grpc-core-1.17.1.jar:/home/user/.m2/repository/io/grpc/grpc-context/1.17.1/grpc-context-1.17.1.jar:/home/user/.m2/repository/com/google/errorprone/error_prone_annotations/2.2.0/error_prone_annotations-2.2.0.jar:/home/user/.m2/repository/org/codehaus/mojo/animal-sniffer-annotations/1.17/animal-sniffer-annotations-1.17.jar:/home/user/.m2/repository/io/opencensus/opencensus-api/0.17.0/opencensus-api-0.17.0.jar:/home/user/.m2/repository/io/opencensus/opencensus-contrib-grpc-metrics/0.17.0/opencensus-contrib-grpc-metrics-0.17.0.jar:/home/user/.m2/repository/io/netty/netty-codec-http2/4.1.30.Final/netty-codec-http2-4.1.30.Final.jar:/home/user/.m2/repository/io/netty/netty-codec-http/4.1.30.Final/netty-codec-http-4.1.30.Final.jar:/home/user/.m2/repository/io/netty/netty-codec/4.1.30.Final/netty-codec-4.1.30.Final.jar:/home/user/.m2/repository/io/netty/netty-handler/4.1.30.Final/netty-handler-4.1.30.Final.jar:/home/user/.m2/repository/io/netty/netty-handler-proxy/4.1.30.Final/netty-handler-proxy-4.1.30.Final.jar:/home/user/.m2/repository/io/netty/netty-codec-socks/4.1.30.Final/netty-codec-socks-4.1.30.Final.jar:/home/user/.m2/repository/io/netty/netty-transport-native-epoll/4.1.30.Final/netty-transport-native-epoll-4.1.30.Final.jar:/home/user/.m2/repository/io/netty/netty-common/4.1.30.Final/netty-common-4.1.30.Final.jar:/home/user/.m2/repository/io/netty/netty-buffer/4.1.30.Final/netty-buffer-4.1.30.Final.jar:/home/user/.m2/repository/io/netty/netty-transport/4.1.30.Final/netty-transport-4.1.30.Final.jar:/home/user/.m2/repository/io/netty/netty-resolver/4.1.30.Final/netty-resolver-4.1.30.Final.jar:/home/user/.m2/repository/io/netty/netty-transport-native-unix-common/4.1.30.Final/netty-transport-native-unix-common-4.1.30.Final.jar:/home/user/.m2/repository/io/grpc/grpc-protobuf/1.17.1/grpc-protobuf-1.17.1.jar:/home/user/.m2/repository/com/google/api/grpc/proto-google-common-protos/1.0.0/proto-google-common-protos-1.0.0.jar:/home/user/.m2/repository/io/grpc/grpc-protobuf-lite/1.17.1/grpc-protobuf-lite-1.17.1.jar:/home/user/.m2/repository/io/grpc/grpc-stub/1.17.1/grpc-stub-1.17.1.jar:/home/user/.m2/repository/org/apache/hadoop/hadoop-ozone-recon/0.5.0-SNAPSHOT/hadoop-ozone-recon-0.5.0-SNAPSHOT.jar:/home/user/.m2/repository/org/apache/hadoop/hadoop-ozone-reconcodegen/0.5.0-SNAPSHOT/hadoop-ozone-reconcodegen-0.5.0-SNAPSHOT.jar:/home/user/.m2/repository/com/google/inject/extensions/guice-multibindings/4.0/guice-multibindings-4.0.jar:/home/user/.m2/repository/com/google/inject/guice/4.0/guice-4.0.jar:/home/user/.m2/repository/aopalliance/aopalliance/1.0/aopalliance-1.0.jar:/home/user/.m2/repository/com/google/inject/extensions/guice-servlet/4.0/guice-servlet-4.0.jar:/home/user/.m2/repository/org/glassfish/jersey/containers/jersey-container-servlet/2.27/jersey-container-servlet-2.27.jar:/home/user/.m2/repository/org/glassfish/hk2/guice-bridge/2.5.0/guice-bridge-2.5.0.jar:/home/user/.m2/repository/org/glassfish/jersey/core/jersey-server/2.27/jersey-server-2.27.jar:/home/user/.m2/repository/org/glassfish/jersey/core/jersey-client/2.27/jersey-client-2.27.jar:/home/user/.m2/repository/org/glassfish/jersey/media/jersey-media-jaxb/2.27/jersey-media-jaxb-2.27.jar:/home/user/.m2/repository/javax/validation/validation-api/1.1.0.Final/validation-api-1.1.0.Final.jar:/home/user/.m2/repository/org/glassfish/jersey/media/jersey-media-json-jackson/2.27/jersey-media-json-jackson-2.27.jar:/home/user/.m2/repository/org/glassfish/jersey/ext/jersey-entity-filtering/2.27/jersey-entity-filtering-2.27.jar:/home/user/.m2/repository/com/google/inject/extensions/guice-assistedinject/4.0/guice-assistedinject-4.0.jar:/home/user/.m2/repository/org/jooq/jooq/3.11.10/jooq-3.11.10.jar:/home/user/.m2/repository/org/jooq/jooq-meta/3.11.10/jooq-meta-3.11.10.jar:/home/user/.m2/repository/org/jooq/jooq-codegen/3.11.10/jooq-codegen-3.11.10.jar:/home/user/.m2/repository/com/jolbox/bonecp/0.8.0.RELEASE/bonecp-0.8.0.RELEASE.jar:/home/user/.m2/repository/org/xerial/sqlite-jdbc/3.25.2/sqlite-jdbc-3.25.2.jar:/home/user/.m2/repository/org/springframework/spring-jdbc/5.1.3.RELEASE/spring-jdbc-5.1.3.RELEASE.jar:/home/user/.m2/repository/org/springframework/spring-beans/5.1.3.RELEASE/spring-beans-5.1.3.RELEASE.jar:/home/user/.m2/repository/org/springframework/spring-core/5.1.3.RELEASE/spring-core-5.1.3.RELEASE.jar:/home/user/.m2/repository/org/springframework/spring-jcl/5.1.3.RELEASE/spring-jcl-5.1.3.RELEASE.jar:/home/user/.m2/repository/org/springframework/spring-tx/5.1.3.RELEASE/spring-tx-5.1.3.RELEASE.jar:/home/user/.m2/repository/org/apache/hadoop/hadoop-ozone-client/0.5.0-SNAPSHOT/hadoop-ozone-client-0.5.0-SNAPSHOT.jar:/home/user/.m2/repository/commons-lang/commons-lang/2.6/commons-lang-2.6.jar:/home/user/.m2/repository/org/apache/hadoop/hadoop-ozone-ozone-manager/0.5.0-SNAPSHOT/hadoop-ozone-ozone-manager-0.5.0-SNAPSHOT-tests.jar:/home/user/.m2/repository/junit/junit/4.11/junit-4.11.jar:/home/user/.m2/repository/org/hamcrest/hamcrest-core/1.3/hamcrest-core-1.3.jar:/home/user/.m2/repository/org/openjdk/jmh/jmh-core/1.19/jmh-core-1.19.jar:/home/user/.m2/repository/net/sf/jopt-simple/jopt-simple/4.6/jopt-simple-4.6.jar:/home/user/.m2/repository/org/apache/commons/commons-math3/3.1.1/commons-math3-3.1.1.jar:/home/user/.m2/repository/org/openjdk/jmh/jmh-generator-annprocess/1.19/jmh-generator-annprocess-1.19.jar:/home/user/.m2/repository/org/mockito/mockito-all/1.8.5/mockito-all-1.8.5.jar:/home/user/.m2/repository/org/apache/hadoop/hadoop-kms/3.2.0/hadoop-kms-3.2.0.jar:/home/user/.m2/repository/org/apache/hadoop/hadoop-auth/3.2.0/hadoop-auth-3.2.0.jar:/home/user/.m2/repository/com/nimbusds/nimbus-jose-jwt/4.41.1/nimbus-jose-jwt-4.41.1.jar:/home/user/.m2/repository/com/github/stephenc/jcip/jcip-annotations/1.0-1/jcip-annotations-1.0-1.jar:/home/user/.m2/repository/net/minidev/json-smart/2.3/json-smart-2.3.jar:/home/user/.m2/repository/net/minidev/accessors-smart/1.2/accessors-smart-1.2.jar:/home/user/.m2/repository/org/ow2/asm/asm/5.0.4/asm-5.0.4.jar:/home/user/.m2/repository/org/apache/curator/curator-framework/2.12.0/curator-framework-2.12.0.jar:/home/user/.m2/repository/com/sun/jersey/jersey-core/1.19/jersey-core-1.19.jar:/home/user/.m2/repository/javax/ws/rs/jsr311-api/1.1.1/jsr311-api-1.1.1.jar:/home/user/.m2/repository/com/sun/jersey/jersey-server/1.19/jersey-server-1.19.jar:/home/user/.m2/repository/javax/servlet/javax.servlet-api/3.1.0/javax.servlet-api-3.1.0.jar:/home/user/.m2/repository/org/eclipse/jetty/jetty-server/9.3.25.v20180904/jetty-server-9.3.25.v20180904.jar:/home/user/.m2/repository/org/eclipse/jetty/jetty-http/9.3.25.v20180904/jetty-http-9.3.25.v20180904.jar:/home/user/.m2/repository/org/eclipse/jetty/jetty-io/9.3.25.v20180904/jetty-io-9.3.25.v20180904.jar:/home/user/.m2/repository/org/eclipse/jetty/jetty-webapp/9.3.25.v20180904/jetty-webapp-9.3.25.v20180904.jar:/home/user/.m2/repository/org/eclipse/jetty/jetty-xml/9.3.25.v20180904/jetty-xml-9.3.25.v20180904.jar:/home/user/.m2/repository/log4j/log4j/1.2.17/log4j-1.2.17.jar:/home/user/.m2/repository/org/slf4j/slf4j-api/1.7.25/slf4j-api-1.7.25.jar:/home/user/.m2/repository/org/slf4j/jul-to-slf4j/1.7.25/jul-to-slf4j-1.7.25.jar:/home/user/.m2/repository/org/eclipse/jetty/jetty-util/9.3.25.v20180904/jetty-util-9.3.25.v20180904.jar:/home/user/.m2/repository/com/fasterxml/jackson/core/jackson-databind/2.9.9/jackson-databind-2.9.9.jar:/home/user/.m2/repository/org/apache/hadoop/hadoop-kms/3.2.0/hadoop-kms-3.2.0-tests.jar:/home/user/.m2/repository/org/apache/hadoop/hadoop-hdds-server-scm/0.5.0-SNAPSHOT/hadoop-hdds-server-scm-0.5.0-SNAPSHOT-tests.jar:/home/user/.m2/repository/org/apache/hadoop/hadoop-hdds-container-service/0.5.0-SNAPSHOT/hadoop-hdds-container-service-0.5.0-SNAPSHOT-tests.jar:/home/user/.m2/repository/org/yaml/snakeyaml/1.16/snakeyaml-1.16.jar:/home/user/.m2/repository/org/apache/hadoop/hadoop-common/3.2.0/hadoop-common-3.2.0-tests.jar:/home/user/.m2/repository/org/apache/hadoop/hadoop-annotations/3.2.0/hadoop-annotations-3.2.0.jar:/usr/lib/jvm/java-1.8.0-openjdk-1.8.0.222.b10-1.el7_7.x86_64/jre/../lib/tools.jar:/home/user/.m2/repository/commons-cli/commons-cli/1.2/commons-cli-1.2.jar:/home/user/.m2/repository/org/apache/httpcomponents/httpclient/4.5.2/httpclient-4.5.2.jar:/home/user/.m2/repository/org/apache/httpcomponents/httpcore/4.4.4/httpcore-4.4.4.jar:/home/user/.m2/repository/commons-codec/commons-codec/1.11/commons-codec-1.11.jar:/home/user/.m2/repository/commons-net/commons-net/3.6/commons-net-3.6.jar:/home/user/.m2/repository/commons-collections/commons-collections/3.2.2/commons-collections-3.2.2.jar:/home/user/.m2/repository/org/eclipse/jetty/jetty-servlet/9.3.25.v20180904/jetty-servlet-9.3.25.v20180904.jar:/home/user/.m2/repository/org/eclipse/jetty/jetty-security/9.3.25.v20180904/jetty-security-9.3.25.v20180904.jar:/home/user/.m2/repository/javax/servlet/jsp/jsp-api/2.1/jsp-api-2.1.jar:/home/user/.m2/repository/com/sun/jersey/jersey-servlet/1.19/jersey-servlet-1.19.jar:/home/user/.m2/repository/com/sun/jersey/jersey-json/1.19/jersey-json-1.19.jar:/home/user/.m2/repository/org/codehaus/jettison/jettison/1.1/jettison-1.1.jar:/home/user/.m2/repository/org/codehaus/jackson/jackson-core-asl/1.9.13/jackson-core-asl-1.9.13.jar:/home/user/.m2/repository/org/codehaus/jackson/jackson-mapper-asl/1.9.13/jackson-mapper-asl-1.9.13.jar:/home/user/.m2/repository/org/codehaus/jackson/jackson-jaxrs/1.9.13/jackson-jaxrs-1.9.13.jar:/home/user/.m2/repository/org/codehaus/jackson/jackson-xc/1.9.13/jackson-xc-1.9.13.jar:/home/user/.m2/repository/commons-logging/commons-logging/1.1.3/commons-logging-1.1.3.jar:/home/user/.m2/repository/commons-beanutils/commons-beanutils/1.9.4/commons-beanutils-1.9.4.jar:/home/user/.m2/repository/org/apache/commons/commons-configuration2/2.1.1/commons-configuration2-2.1.1.jar:/home/user/.m2/repository/org/apache/commons/commons-lang3/3.7/commons-lang3-3.7.jar:/home/user/.m2/repository/org/apache/commons/commons-text/1.4/commons-text-1.4.jar:/home/user/.m2/repository/org/apache/avro/avro/1.7.7/avro-1.7.7.jar:/home/user/.m2/repository/com/thoughtworks/paranamer/paranamer/2.3/paranamer-2.3.jar:/home/user/.m2/repository/org/xerial/snappy/snappy-java/1.0.5/snappy-java-1.0.5.jar:/home/user/.m2/repository/com/google/re2j/re2j/1.1/re2j-1.1.jar:/home/user/.m2/repository/com/google/code/gson/gson/2.2.4/gson-2.2.4.jar:/home/user/.m2/repository/com/jcraft/jsch/0.1.54/jsch-0.1.54.jar:/home/user/.m2/repository/org/apache/curator/curator-client/2.12.0/curator-client-2.12.0.jar:/home/user/.m2/repository/org/apache/curator/curator-recipes/2.12.0/curator-recipes-2.12.0.jar:/home/user/.m2/repository/com/google/code/findbugs/jsr305/3.0.0/jsr305-3.0.0.jar:/home/user/.m2/repository/org/apache/htrace/htrace-core4/4.1.0-incubating/htrace-core4-4.1.0-incubating.jar:/home/user/.m2/repository/org/apache/zookeeper/zookeeper/3.4.13/zookeeper-3.4.13.jar:/home/user/.m2/repository/jline/jline/0.9.94/jline-0.9.94.jar:/home/user/.m2/repository/org/apache/yetus/audience-annotations/0.5.0/audience-annotations-0.5.0.jar:/home/user/.m2/repository/org/codehaus/woodstox/stax2-api/3.1.4/stax2-api-3.1.4.jar:/home/user/.m2/repository/com/fasterxml/woodstox/woodstox-core/5.0.3/woodstox-core-5.0.3.jar:/home/user/.m2/repository/dnsjava/dnsjava/2.1.7/dnsjava-2.1.7.jar:/home/user/.m2/repository/org/apache/hadoop/hadoop-hdfs/3.2.0/hadoop-hdfs-3.2.0-tests.jar:/home/user/.m2/repository/org/eclipse/jetty/jetty-util-ajax/9.3.25.v20180904/jetty-util-ajax-9.3.25.v20180904.jar:/home/user/.m2/repository/commons-daemon/commons-daemon/1.0.13/commons-daemon-1.0.13.jar:/home/user/.m2/repository/io/netty/netty/3.10.5.Final/netty-3.10.5.Final.jar:/home/user/.m2/repository/io/netty/netty-all/4.0.52.Final/netty-all-4.0.52.Final.jar:/home/user/.m2/repository/org/fusesource/leveldbjni/leveldbjni-all/1.8/leveldbjni-all-1.8.jar:"/>
    <property name="java.vm.vendor" value="Oracle Corporation"/>
    <property name="sun.arch.data.model" value="64"/>
    <property name="test.build.dir" value="/workdir/hadoop-ozone/integration-test/target/test-dir"/>
    <property name="test.cache.data" value=""/>
    <property name="java.vendor.url" value="http://java.oracle.com/"/>
    <property name="user.timezone" value=""/>
    <property name="java.vm.specification.version" value="1.8"/>
    <property name="os.name" value="Linux"/>
    <property name="test.build.data" value="/workdir/hadoop-ozone/integration-test/target/test-dir"/>
    <property name="user.country" value="US"/>
    <property name="sun.java.launcher" value="SUN_STANDARD"/>
    <property name="sun.boot.library.path" value="/usr/lib/jvm/java-1.8.0-openjdk-1.8.0.222.b10-1.el7_7.x86_64/jre/lib/amd64"/>
    <property name="sun.java.command" value="/workdir/hadoop-ozone/integration-test/target/surefire/surefirebooter2482139616893122022.jar /workdir/hadoop-ozone/integration-test/target/surefire 2019-10-16T17-35-54_893-jvmRun1 surefire1011435121840871014tmp surefire_218036411182703064234tmp"/>
    <property name="surefire.test.class.path" value="/workdir/hadoop-ozone/integration-test/target/test-classes:/workdir/hadoop-ozone/integration-test/target/classes:/home/user/.m2/repository/org/apache/hadoop/hadoop-ozone-common/0.5.0-SNAPSHOT/hadoop-ozone-common-0.5.0-SNAPSHOT.jar:/home/user/.m2/repository/org/apache/commons/commons-compress/1.4.1/commons-compress-1.4.1.jar:/home/user/.m2/repository/org/tukaani/xz/1.0/xz-1.0.jar:/home/user/.m2/repository/org/apache/hadoop/hadoop-common/3.2.0/hadoop-common-3.2.0.jar:/home/user/.m2/repository/org/apache/hadoop/hadoop-hdfs/3.2.0/hadoop-hdfs-3.2.0.jar:/home/user/.m2/repository/org/apache/hadoop/hadoop-hdfs-client/3.2.0/hadoop-hdfs-client-3.2.0.jar:/home/user/.m2/repository/com/fasterxml/jackson/core/jackson-annotations/2.9.9/jackson-annotations-2.9.9.jar:/home/user/.m2/repository/org/apache/hadoop/hadoop-hdds-common/0.5.0-SNAPSHOT/hadoop-hdds-common-0.5.0-SNAPSHOT.jar:/home/user/.m2/repository/javax/annotation/javax.annotation-api/1.2/javax.annotation-api-1.2.jar:/home/user/.m2/repository/org/apache/ratis/ratis-server/0.5.0-3f446aa-SNAPSHOT/ratis-server-0.5.0-3f446aa-SNAPSHOT.jar:/home/user/.m2/repository/org/apache/ratis/ratis-thirdparty-misc/0.2.0/ratis-thirdparty-misc-0.2.0.jar:/home/user/.m2/repository/org/apache/ratis/ratis-proto/0.5.0-3f446aa-SNAPSHOT/ratis-proto-0.5.0-3f446aa-SNAPSHOT.jar:/home/user/.m2/repository/org/apache/ratis/ratis-common/0.5.0-3f446aa-SNAPSHOT/ratis-common-0.5.0-3f446aa-SNAPSHOT.jar:/home/user/.m2/repository/org/apache/ratis/ratis-client/0.5.0-3f446aa-SNAPSHOT/ratis-client-0.5.0-3f446aa-SNAPSHOT.jar:/home/user/.m2/repository/org/apache/ratis/ratis-metrics/0.5.0-3f446aa-SNAPSHOT/ratis-metrics-0.5.0-3f446aa-SNAPSHOT.jar:/home/user/.m2/repository/com/github/joshelser/dropwizard-metrics-hadoop-metrics2-reporter/0.1.2/dropwizard-metrics-hadoop-metrics2-reporter-0.1.2.jar:/home/user/.m2/repository/io/dropwizard/metrics/metrics-jvm/3.2.5/metrics-jvm-3.2.5.jar:/home/user/.m2/repository/io/dropwizard/metrics/metrics-ganglia/3.2.5/metrics-ganglia-3.2.5.jar:/home/user/.m2/repository/info/ganglia/gmetric4j/gmetric4j/1.0.7/gmetric4j-1.0.7.jar:/home/user/.m2/repository/org/apache/ratis/ratis-netty/0.5.0-3f446aa-SNAPSHOT/ratis-netty-0.5.0-3f446aa-SNAPSHOT.jar:/home/user/.m2/repository/org/apache/ratis/ratis-grpc/0.5.0-3f446aa-SNAPSHOT/ratis-grpc-0.5.0-3f446aa-SNAPSHOT.jar:/home/user/.m2/repository/org/rocksdb/rocksdbjni/6.0.1/rocksdbjni-6.0.1.jar:/home/user/.m2/repository/org/apache/logging/log4j/log4j-api/2.11.0/log4j-api-2.11.0.jar:/home/user/.m2/repository/org/apache/logging/log4j/log4j-core/2.11.0/log4j-core-2.11.0.jar:/home/user/.m2/repository/com/lmax/disruptor/3.4.2/disruptor-3.4.2.jar:/home/user/.m2/repository/org/apache/commons/commons-pool2/2.6.0/commons-pool2-2.6.0.jar:/home/user/.m2/repository/org/bouncycastle/bcpkix-jdk15on/1.60/bcpkix-jdk15on-1.60.jar:/home/user/.m2/repository/commons-validator/commons-validator/1.6/commons-validator-1.6.jar:/home/user/.m2/repository/commons-digester/commons-digester/1.8.1/commons-digester-1.8.1.jar:/home/user/.m2/repository/io/jaegertracing/jaeger-client/0.34.0/jaeger-client-0.34.0.jar:/home/user/.m2/repository/io/jaegertracing/jaeger-thrift/0.34.0/jaeger-thrift-0.34.0.jar:/home/user/.m2/repository/org/apache/thrift/libthrift/0.12.0/libthrift-0.12.0.jar:/home/user/.m2/repository/com/squareup/okhttp3/okhttp/3.9.0/okhttp-3.9.0.jar:/home/user/.m2/repository/com/squareup/okio/okio/1.13.0/okio-1.13.0.jar:/home/user/.m2/repository/io/jaegertracing/jaeger-core/0.34.0/jaeger-core-0.34.0.jar:/home/user/.m2/repository/io/jaegertracing/jaeger-tracerresolver/0.34.0/jaeger-tracerresolver-0.34.0.jar:/home/user/.m2/repository/io/opentracing/contrib/opentracing-tracerresolver/0.1.5/opentracing-tracerresolver-0.1.5.jar:/home/user/.m2/repository/io/opentracing/opentracing-util/0.31.0/opentracing-util-0.31.0.jar:/home/user/.m2/repository/io/opentracing/opentracing-api/0.31.0/opentracing-api-0.31.0.jar:/home/user/.m2/repository/io/opentracing/opentracing-noop/0.31.0/opentracing-noop-0.31.0.jar:/home/user/.m2/repository/org/apache/hadoop/hadoop-hdds-server-framework/0.5.0-SNAPSHOT/hadoop-hdds-server-framework-0.5.0-SNAPSHOT.jar:/home/user/.m2/repository/org/apache/hadoop/hadoop-hdds-container-service/0.5.0-SNAPSHOT/hadoop-hdds-container-service-0.5.0-SNAPSHOT.jar:/home/user/.m2/repository/org/apache/hadoop/hadoop-hdds-client/0.5.0-SNAPSHOT/hadoop-hdds-client-0.5.0-SNAPSHOT.jar:/home/user/.m2/repository/org/apache/hadoop/hadoop-hdds-tools/0.5.0-SNAPSHOT/hadoop-hdds-tools-0.5.0-SNAPSHOT.jar:/home/user/.m2/repository/org/apache/hadoop/hadoop-hdds-server-scm/0.5.0-SNAPSHOT/hadoop-hdds-server-scm-0.5.0-SNAPSHOT.jar:/home/user/.m2/repository/org/apache/hadoop/hadoop-hdds-docs/0.5.0-SNAPSHOT/hadoop-hdds-docs-0.5.0-SNAPSHOT.jar:/home/user/.m2/repository/io/dropwizard/metrics/metrics-core/3.2.4/metrics-core-3.2.4.jar:/home/user/.m2/repository/org/hamcrest/hamcrest-all/1.3/hamcrest-all-1.3.jar:/home/user/.m2/repository/org/bouncycastle/bcprov-jdk15on/1.60/bcprov-jdk15on-1.60.jar:/home/user/.m2/repository/info/picocli/picocli/3.9.6/picocli-3.9.6.jar:/home/user/.m2/repository/com/google/protobuf/protobuf-java/2.5.0/protobuf-java-2.5.0.jar:/home/user/.m2/repository/com/google/guava/guava/11.0.2/guava-11.0.2.jar:/home/user/.m2/repository/org/apache/hadoop/hadoop-ozone-ozone-manager/0.5.0-SNAPSHOT/hadoop-ozone-ozone-manager-0.5.0-SNAPSHOT.jar:/home/user/.m2/repository/org/apache/hadoop/hadoop-minikdc/3.2.0/hadoop-minikdc-3.2.0.jar:/home/user/.m2/repository/commons-io/commons-io/2.5/commons-io-2.5.jar:/home/user/.m2/repository/org/apache/kerby/kerb-simplekdc/1.0.1/kerb-simplekdc-1.0.1.jar:/home/user/.m2/repository/org/apache/kerby/kerb-client/1.0.1/kerb-client-1.0.1.jar:/home/user/.m2/repository/org/apache/kerby/kerby-config/1.0.1/kerby-config-1.0.1.jar:/home/user/.m2/repository/org/apache/kerby/kerb-core/1.0.1/kerb-core-1.0.1.jar:/home/user/.m2/repository/org/apache/kerby/kerby-pkix/1.0.1/kerby-pkix-1.0.1.jar:/home/user/.m2/repository/org/apache/kerby/kerby-asn1/1.0.1/kerby-asn1-1.0.1.jar:/home/user/.m2/repository/org/apache/kerby/kerby-util/1.0.1/kerby-util-1.0.1.jar:/home/user/.m2/repository/org/apache/kerby/kerb-common/1.0.1/kerb-common-1.0.1.jar:/home/user/.m2/repository/org/apache/kerby/kerb-crypto/1.0.1/kerb-crypto-1.0.1.jar:/home/user/.m2/repository/org/apache/kerby/kerb-util/1.0.1/kerb-util-1.0.1.jar:/home/user/.m2/repository/org/apache/kerby/token-provider/1.0.1/token-provider-1.0.1.jar:/home/user/.m2/repository/org/apache/kerby/kerb-admin/1.0.1/kerb-admin-1.0.1.jar:/home/user/.m2/repository/org/apache/kerby/kerb-server/1.0.1/kerb-server-1.0.1.jar:/home/user/.m2/repository/org/apache/kerby/kerb-identity/1.0.1/kerb-identity-1.0.1.jar:/home/user/.m2/repository/org/apache/kerby/kerby-xdr/1.0.1/kerby-xdr-1.0.1.jar:/home/user/.m2/repository/org/slf4j/slf4j-log4j12/1.7.25/slf4j-log4j12-1.7.25.jar:/home/user/.m2/repository/org/apache/hadoop/hadoop-ozone-s3gateway/0.5.0-SNAPSHOT/hadoop-ozone-s3gateway-0.5.0-SNAPSHOT.jar:/home/user/.m2/repository/org/jboss/weld/servlet/weld-servlet/2.4.7.Final/weld-servlet-2.4.7.Final.jar:/home/user/.m2/repository/org/glassfish/jersey/containers/jersey-container-servlet-core/2.27/jersey-container-servlet-core-2.27.jar:/home/user/.m2/repository/org/glassfish/hk2/external/javax.inject/2.5.0-b42/javax.inject-2.5.0-b42.jar:/home/user/.m2/repository/org/glassfish/jersey/core/jersey-common/2.27/jersey-common-2.27.jar:/home/user/.m2/repository/org/glassfish/hk2/osgi-resource-locator/1.0.1/osgi-resource-locator-1.0.1.jar:/home/user/.m2/repository/javax/ws/rs/javax.ws.rs-api/2.1/javax.ws.rs-api-2.1.jar:/home/user/.m2/repository/org/glassfish/jersey/ext/cdi/jersey-cdi1x/2.27/jersey-cdi1x-2.27.jar:/home/user/.m2/repository/org/glassfish/jersey/inject/jersey-hk2/2.27/jersey-hk2-2.27.jar:/home/user/.m2/repository/org/glassfish/hk2/hk2-locator/2.5.0-b42/hk2-locator-2.5.0-b42.jar:/home/user/.m2/repository/org/javassist/javassist/3.22.0-CR2/javassist-3.22.0-CR2.jar:/home/user/.m2/repository/org/glassfish/hk2/hk2-api/2.5.0/hk2-api-2.5.0.jar:/home/user/.m2/repository/org/glassfish/hk2/external/jakarta.inject/2.5.0/jakarta.inject-2.5.0.jar:/home/user/.m2/repository/org/glassfish/hk2/hk2-utils/2.5.0/hk2-utils-2.5.0.jar:/home/user/.m2/repository/jakarta/annotation/jakarta.annotation-api/1.3.4/jakarta.annotation-api-1.3.4.jar:/home/user/.m2/repository/org/glassfish/hk2/external/aopalliance-repackaged/2.5.0/aopalliance-repackaged-2.5.0.jar:/home/user/.m2/repository/com/fasterxml/jackson/dataformat/jackson-dataformat-xml/2.9.0/jackson-dataformat-xml-2.9.0.jar:/home/user/.m2/repository/com/fasterxml/jackson/core/jackson-core/2.9.9/jackson-core-2.9.9.jar:/home/user/.m2/repository/com/fasterxml/jackson/module/jackson-module-jaxb-annotations/2.9.9/jackson-module-jaxb-annotations-2.9.9.jar:/home/user/.m2/repository/javax/enterprise/cdi-api/1.2/cdi-api-1.2.jar:/home/user/.m2/repository/javax/el/javax.el-api/3.0.0/javax.el-api-3.0.0.jar:/home/user/.m2/repository/javax/interceptor/javax.interceptor-api/1.2/javax.interceptor-api-1.2.jar:/home/user/.m2/repository/javax/inject/javax.inject/1/javax.inject-1.jar:/home/user/.m2/repository/com/sun/xml/bind/jaxb-impl/2.3.0.1/jaxb-impl-2.3.0.1.jar:/home/user/.m2/repository/com/sun/xml/bind/jaxb-core/2.3.0.1/jaxb-core-2.3.0.1.jar:/home/user/.m2/repository/javax/xml/bind/jaxb-api/2.3.0/jaxb-api-2.3.0.jar:/home/user/.m2/repository/javax/activation/activation/1.1.1/activation-1.1.1.jar:/home/user/.m2/repository/org/apache/hadoop/hadoop-ozone-csi/0.5.0-SNAPSHOT/hadoop-ozone-csi-0.5.0-SNAPSHOT.jar:/home/user/.m2/repository/com/google/protobuf/protobuf-java-util/3.5.1/protobuf-java-util-3.5.1.jar:/home/user/.m2/repository/org/apache/hadoop/hadoop-hdds-config/0.5.0-SNAPSHOT/hadoop-hdds-config-0.5.0-SNAPSHOT.jar:/home/user/.m2/repository/io/grpc/grpc-netty/1.17.1/grpc-netty-1.17.1.jar:/home/user/.m2/repository/io/grpc/grpc-core/1.17.1/grpc-core-1.17.1.jar:/home/user/.m2/repository/io/grpc/grpc-context/1.17.1/grpc-context-1.17.1.jar:/home/user/.m2/repository/com/google/errorprone/error_prone_annotations/2.2.0/error_prone_annotations-2.2.0.jar:/home/user/.m2/repository/org/codehaus/mojo/animal-sniffer-annotations/1.17/animal-sniffer-annotations-1.17.jar:/home/user/.m2/repository/io/opencensus/opencensus-api/0.17.0/opencensus-api-0.17.0.jar:/home/user/.m2/repository/io/opencensus/opencensus-contrib-grpc-metrics/0.17.0/opencensus-contrib-grpc-metrics-0.17.0.jar:/home/user/.m2/repository/io/netty/netty-codec-http2/4.1.30.Final/netty-codec-http2-4.1.30.Final.jar:/home/user/.m2/repository/io/netty/netty-codec-http/4.1.30.Final/netty-codec-http-4.1.30.Final.jar:/home/user/.m2/repository/io/netty/netty-codec/4.1.30.Final/netty-codec-4.1.30.Final.jar:/home/user/.m2/repository/io/netty/netty-handler/4.1.30.Final/netty-handler-4.1.30.Final.jar:/home/user/.m2/repository/io/netty/netty-handler-proxy/4.1.30.Final/netty-handler-proxy-4.1.30.Final.jar:/home/user/.m2/repository/io/netty/netty-codec-socks/4.1.30.Final/netty-codec-socks-4.1.30.Final.jar:/home/user/.m2/repository/io/netty/netty-transport-native-epoll/4.1.30.Final/netty-transport-native-epoll-4.1.30.Final.jar:/home/user/.m2/repository/io/netty/netty-common/4.1.30.Final/netty-common-4.1.30.Final.jar:/home/user/.m2/repository/io/netty/netty-buffer/4.1.30.Final/netty-buffer-4.1.30.Final.jar:/home/user/.m2/repository/io/netty/netty-transport/4.1.30.Final/netty-transport-4.1.30.Final.jar:/home/user/.m2/repository/io/netty/netty-resolver/4.1.30.Final/netty-resolver-4.1.30.Final.jar:/home/user/.m2/repository/io/netty/netty-transport-native-unix-common/4.1.30.Final/netty-transport-native-unix-common-4.1.30.Final.jar:/home/user/.m2/repository/io/grpc/grpc-protobuf/1.17.1/grpc-protobuf-1.17.1.jar:/home/user/.m2/repository/com/google/api/grpc/proto-google-common-protos/1.0.0/proto-google-common-protos-1.0.0.jar:/home/user/.m2/repository/io/grpc/grpc-protobuf-lite/1.17.1/grpc-protobuf-lite-1.17.1.jar:/home/user/.m2/repository/io/grpc/grpc-stub/1.17.1/grpc-stub-1.17.1.jar:/home/user/.m2/repository/org/apache/hadoop/hadoop-ozone-recon/0.5.0-SNAPSHOT/hadoop-ozone-recon-0.5.0-SNAPSHOT.jar:/home/user/.m2/repository/org/apache/hadoop/hadoop-ozone-reconcodegen/0.5.0-SNAPSHOT/hadoop-ozone-reconcodegen-0.5.0-SNAPSHOT.jar:/home/user/.m2/repository/com/google/inject/extensions/guice-multibindings/4.0/guice-multibindings-4.0.jar:/home/user/.m2/repository/com/google/inject/guice/4.0/guice-4.0.jar:/home/user/.m2/repository/aopalliance/aopalliance/1.0/aopalliance-1.0.jar:/home/user/.m2/repository/com/google/inject/extensions/guice-servlet/4.0/guice-servlet-4.0.jar:/home/user/.m2/repository/org/glassfish/jersey/containers/jersey-container-servlet/2.27/jersey-container-servlet-2.27.jar:/home/user/.m2/repository/org/glassfish/hk2/guice-bridge/2.5.0/guice-bridge-2.5.0.jar:/home/user/.m2/repository/org/glassfish/jersey/core/jersey-server/2.27/jersey-server-2.27.jar:/home/user/.m2/repository/org/glassfish/jersey/core/jersey-client/2.27/jersey-client-2.27.jar:/home/user/.m2/repository/org/glassfish/jersey/media/jersey-media-jaxb/2.27/jersey-media-jaxb-2.27.jar:/home/user/.m2/repository/javax/validation/validation-api/1.1.0.Final/validation-api-1.1.0.Final.jar:/home/user/.m2/repository/org/glassfish/jersey/media/jersey-media-json-jackson/2.27/jersey-media-json-jackson-2.27.jar:/home/user/.m2/repository/org/glassfish/jersey/ext/jersey-entity-filtering/2.27/jersey-entity-filtering-2.27.jar:/home/user/.m2/repository/com/google/inject/extensions/guice-assistedinject/4.0/guice-assistedinject-4.0.jar:/home/user/.m2/repository/org/jooq/jooq/3.11.10/jooq-3.11.10.jar:/home/user/.m2/repository/org/jooq/jooq-meta/3.11.10/jooq-meta-3.11.10.jar:/home/user/.m2/repository/org/jooq/jooq-codegen/3.11.10/jooq-codegen-3.11.10.jar:/home/user/.m2/repository/com/jolbox/bonecp/0.8.0.RELEASE/bonecp-0.8.0.RELEASE.jar:/home/user/.m2/repository/org/xerial/sqlite-jdbc/3.25.2/sqlite-jdbc-3.25.2.jar:/home/user/.m2/repository/org/springframework/spring-jdbc/5.1.3.RELEASE/spring-jdbc-5.1.3.RELEASE.jar:/home/user/.m2/repository/org/springframework/spring-beans/5.1.3.RELEASE/spring-beans-5.1.3.RELEASE.jar:/home/user/.m2/repository/org/springframework/spring-core/5.1.3.RELEASE/spring-core-5.1.3.RELEASE.jar:/home/user/.m2/repository/org/springframework/spring-jcl/5.1.3.RELEASE/spring-jcl-5.1.3.RELEASE.jar:/home/user/.m2/repository/org/springframework/spring-tx/5.1.3.RELEASE/spring-tx-5.1.3.RELEASE.jar:/home/user/.m2/repository/org/apache/hadoop/hadoop-ozone-client/0.5.0-SNAPSHOT/hadoop-ozone-client-0.5.0-SNAPSHOT.jar:/home/user/.m2/repository/commons-lang/commons-lang/2.6/commons-lang-2.6.jar:/home/user/.m2/repository/org/apache/hadoop/hadoop-ozone-ozone-manager/0.5.0-SNAPSHOT/hadoop-ozone-ozone-manager-0.5.0-SNAPSHOT-tests.jar:/home/user/.m2/repository/junit/junit/4.11/junit-4.11.jar:/home/user/.m2/repository/org/hamcrest/hamcrest-core/1.3/hamcrest-core-1.3.jar:/home/user/.m2/repository/org/openjdk/jmh/jmh-core/1.19/jmh-core-1.19.jar:/home/user/.m2/repository/net/sf/jopt-simple/jopt-simple/4.6/jopt-simple-4.6.jar:/home/user/.m2/repository/org/apache/commons/commons-math3/3.1.1/commons-math3-3.1.1.jar:/home/user/.m2/repository/org/openjdk/jmh/jmh-generator-annprocess/1.19/jmh-generator-annprocess-1.19.jar:/home/user/.m2/repository/org/mockito/mockito-all/1.8.5/mockito-all-1.8.5.jar:/home/user/.m2/repository/org/apache/hadoop/hadoop-kms/3.2.0/hadoop-kms-3.2.0.jar:/home/user/.m2/repository/org/apache/hadoop/hadoop-auth/3.2.0/hadoop-auth-3.2.0.jar:/home/user/.m2/repository/com/nimbusds/nimbus-jose-jwt/4.41.1/nimbus-jose-jwt-4.41.1.jar:/home/user/.m2/repository/com/github/stephenc/jcip/jcip-annotations/1.0-1/jcip-annotations-1.0-1.jar:/home/user/.m2/repository/net/minidev/json-smart/2.3/json-smart-2.3.jar:/home/user/.m2/repository/net/minidev/accessors-smart/1.2/accessors-smart-1.2.jar:/home/user/.m2/repository/org/ow2/asm/asm/5.0.4/asm-5.0.4.jar:/home/user/.m2/repository/org/apache/curator/curator-framework/2.12.0/curator-framework-2.12.0.jar:/home/user/.m2/repository/com/sun/jersey/jersey-core/1.19/jersey-core-1.19.jar:/home/user/.m2/repository/javax/ws/rs/jsr311-api/1.1.1/jsr311-api-1.1.1.jar:/home/user/.m2/repository/com/sun/jersey/jersey-server/1.19/jersey-server-1.19.jar:/home/user/.m2/repository/javax/servlet/javax.servlet-api/3.1.0/javax.servlet-api-3.1.0.jar:/home/user/.m2/repository/org/eclipse/jetty/jetty-server/9.3.25.v20180904/jetty-server-9.3.25.v20180904.jar:/home/user/.m2/repository/org/eclipse/jetty/jetty-http/9.3.25.v20180904/jetty-http-9.3.25.v20180904.jar:/home/user/.m2/repository/org/eclipse/jetty/jetty-io/9.3.25.v20180904/jetty-io-9.3.25.v20180904.jar:/home/user/.m2/repository/org/eclipse/jetty/jetty-webapp/9.3.25.v20180904/jetty-webapp-9.3.25.v20180904.jar:/home/user/.m2/repository/org/eclipse/jetty/jetty-xml/9.3.25.v20180904/jetty-xml-9.3.25.v20180904.jar:/home/user/.m2/repository/log4j/log4j/1.2.17/log4j-1.2.17.jar:/home/user/.m2/repository/org/slf4j/slf4j-api/1.7.25/slf4j-api-1.7.25.jar:/home/user/.m2/repository/org/slf4j/jul-to-slf4j/1.7.25/jul-to-slf4j-1.7.25.jar:/home/user/.m2/repository/org/eclipse/jetty/jetty-util/9.3.25.v20180904/jetty-util-9.3.25.v20180904.jar:/home/user/.m2/repository/com/fasterxml/jackson/core/jackson-databind/2.9.9/jackson-databind-2.9.9.jar:/home/user/.m2/repository/org/apache/hadoop/hadoop-kms/3.2.0/hadoop-kms-3.2.0-tests.jar:/home/user/.m2/repository/org/apache/hadoop/hadoop-hdds-server-scm/0.5.0-SNAPSHOT/hadoop-hdds-server-scm-0.5.0-SNAPSHOT-tests.jar:/home/user/.m2/repository/org/apache/hadoop/hadoop-hdds-container-service/0.5.0-SNAPSHOT/hadoop-hdds-container-service-0.5.0-SNAPSHOT-tests.jar:/home/user/.m2/repository/org/yaml/snakeyaml/1.16/snakeyaml-1.16.jar:/home/user/.m2/repository/org/apache/hadoop/hadoop-common/3.2.0/hadoop-common-3.2.0-tests.jar:/home/user/.m2/repository/org/apache/hadoop/hadoop-annotations/3.2.0/hadoop-annotations-3.2.0.jar:/usr/lib/jvm/java-1.8.0-openjdk-1.8.0.222.b10-1.el7_7.x86_64/jre/../lib/tools.jar:/home/user/.m2/repository/commons-cli/commons-cli/1.2/commons-cli-1.2.jar:/home/user/.m2/repository/org/apache/httpcomponents/httpclient/4.5.2/httpclient-4.5.2.jar:/home/user/.m2/repository/org/apache/httpcomponents/httpcore/4.4.4/httpcore-4.4.4.jar:/home/user/.m2/repository/commons-codec/commons-codec/1.11/commons-codec-1.11.jar:/home/user/.m2/repository/commons-net/commons-net/3.6/commons-net-3.6.jar:/home/user/.m2/repository/commons-collections/commons-collections/3.2.2/commons-collections-3.2.2.jar:/home/user/.m2/repository/org/eclipse/jetty/jetty-servlet/9.3.25.v20180904/jetty-servlet-9.3.25.v20180904.jar:/home/user/.m2/repository/org/eclipse/jetty/jetty-security/9.3.25.v20180904/jetty-security-9.3.25.v20180904.jar:/home/user/.m2/repository/javax/servlet/jsp/jsp-api/2.1/jsp-api-2.1.jar:/home/user/.m2/repository/com/sun/jersey/jersey-servlet/1.19/jersey-servlet-1.19.jar:/home/user/.m2/repository/com/sun/jersey/jersey-json/1.19/jersey-json-1.19.jar:/home/user/.m2/repository/org/codehaus/jettison/jettison/1.1/jettison-1.1.jar:/home/user/.m2/repository/org/codehaus/jackson/jackson-core-asl/1.9.13/jackson-core-asl-1.9.13.jar:/home/user/.m2/repository/org/codehaus/jackson/jackson-mapper-asl/1.9.13/jackson-mapper-asl-1.9.13.jar:/home/user/.m2/repository/org/codehaus/jackson/jackson-jaxrs/1.9.13/jackson-jaxrs-1.9.13.jar:/home/user/.m2/repository/org/codehaus/jackson/jackson-xc/1.9.13/jackson-xc-1.9.13.jar:/home/user/.m2/repository/commons-logging/commons-logging/1.1.3/commons-logging-1.1.3.jar:/home/user/.m2/repository/commons-beanutils/commons-beanutils/1.9.4/commons-beanutils-1.9.4.jar:/home/user/.m2/repository/org/apache/commons/commons-configuration2/2.1.1/commons-configuration2-2.1.1.jar:/home/user/.m2/repository/org/apache/commons/commons-lang3/3.7/commons-lang3-3.7.jar:/home/user/.m2/repository/org/apache/commons/commons-text/1.4/commons-text-1.4.jar:/home/user/.m2/repository/org/apache/avro/avro/1.7.7/avro-1.7.7.jar:/home/user/.m2/repository/com/thoughtworks/paranamer/paranamer/2.3/paranamer-2.3.jar:/home/user/.m2/repository/org/xerial/snappy/snappy-java/1.0.5/snappy-java-1.0.5.jar:/home/user/.m2/repository/com/google/re2j/re2j/1.1/re2j-1.1.jar:/home/user/.m2/repository/com/google/code/gson/gson/2.2.4/gson-2.2.4.jar:/home/user/.m2/repository/com/jcraft/jsch/0.1.54/jsch-0.1.54.jar:/home/user/.m2/repository/org/apache/curator/curator-client/2.12.0/curator-client-2.12.0.jar:/home/user/.m2/repository/org/apache/curator/curator-recipes/2.12.0/curator-recipes-2.12.0.jar:/home/user/.m2/repository/com/google/code/findbugs/jsr305/3.0.0/jsr305-3.0.0.jar:/home/user/.m2/repository/org/apache/htrace/htrace-core4/4.1.0-incubating/htrace-core4-4.1.0-incubating.jar:/home/user/.m2/repository/org/apache/zookeeper/zookeeper/3.4.13/zookeeper-3.4.13.jar:/home/user/.m2/repository/jline/jline/0.9.94/jline-0.9.94.jar:/home/user/.m2/repository/org/apache/yetus/audience-annotations/0.5.0/audience-annotations-0.5.0.jar:/home/user/.m2/repository/org/codehaus/woodstox/stax2-api/3.1.4/stax2-api-3.1.4.jar:/home/user/.m2/repository/com/fasterxml/woodstox/woodstox-core/5.0.3/woodstox-core-5.0.3.jar:/home/user/.m2/repository/dnsjava/dnsjava/2.1.7/dnsjava-2.1.7.jar:/home/user/.m2/repository/org/apache/hadoop/hadoop-hdfs/3.2.0/hadoop-hdfs-3.2.0-tests.jar:/home/user/.m2/repository/org/eclipse/jetty/jetty-util-ajax/9.3.25.v20180904/jetty-util-ajax-9.3.25.v20180904.jar:/home/user/.m2/repository/commons-daemon/commons-daemon/1.0.13/commons-daemon-1.0.13.jar:/home/user/.m2/repository/io/netty/netty/3.10.5.Final/netty-3.10.5.Final.jar:/home/user/.m2/repository/io/netty/netty-all/4.0.52.Final/netty-all-4.0.52.Final.jar:/home/user/.m2/repository/org/fusesource/leveldbjni/leveldbjni-all/1.8/leveldbjni-all-1.8.jar:"/>
    <property name="sun.cpu.endian" value="little"/>
    <property name="user.home" value="/home/user"/>
    <property name="user.language" value="en"/>
    <property name="java.specification.vendor" value="Oracle Corporation"/>
    <property name="java.home" value="/usr/lib/jvm/java-1.8.0-openjdk-1.8.0.222.b10-1.el7_7.x86_64/jre"/>
    <property name="surefire.excludesFile" value="/tools/ozone-bad-unit-tests"/>
    <property name="java.security.krb5.conf" value="/workdir/hadoop-ozone/integration-test/target/test-classes/krb5.conf"/>
    <property name="basedir" value="/workdir/hadoop-ozone/integration-test"/>
    <property name="file.separator" value="/"/>
    <property name="line.separator" value="&#10;"/>
    <property name="java.vm.specification.vendor" value="Oracle Corporation"/>
    <property name="java.specification.name" value="Java Platform API Specification"/>
    <property name="java.awt.graphicsenv" value="sun.awt.X11GraphicsEnvironment"/>
    <property name="surefire.real.class.path" value="/workdir/hadoop-ozone/integration-test/target/surefire/surefirebooter2482139616893122022.jar"/>
    <property name="hadoop.log.dir" value="/workdir/hadoop-ozone/integration-test/target/log"/>
    <property name="sun.boot.class.path" value="/usr/lib/jvm/java-1.8.0-openjdk-1.8.0.222.b10-1.el7_7.x86_64/jre/lib/resources.jar:/usr/lib/jvm/java-1.8.0-openjdk-1.8.0.222.b10-1.el7_7.x86_64/jre/lib/rt.jar:/usr/lib/jvm/java-1.8.0-openjdk-1.8.0.222.b10-1.el7_7.x86_64/jre/lib/sunrsasign.jar:/usr/lib/jvm/java-1.8.0-openjdk-1.8.0.222.b10-1.el7_7.x86_64/jre/lib/jsse.jar:/usr/lib/jvm/java-1.8.0-openjdk-1.8.0.222.b10-1.el7_7.x86_64/jre/lib/jce.jar:/usr/lib/jvm/java-1.8.0-openjdk-1.8.0.222.b10-1.el7_7.x86_64/jre/lib/charsets.jar:/usr/lib/jvm/java-1.8.0-openjdk-1.8.0.222.b10-1.el7_7.x86_64/jre/lib/jfr.jar:/usr/lib/jvm/java-1.8.0-openjdk-1.8.0.222.b10-1.el7_7.x86_64/jre/classes"/>
    <property name="sun.management.compiler" value="HotSpot 64-Bit Tiered Compilers"/>
    <property name="java.runtime.version" value="1.8.0_222-b10"/>
    <property name="java.net.preferIPv4Stack" value="true"/>
    <property name="user.name" value="jenkins1000"/>
    <property name="path.separator" value=":"/>
    <property name="java.security.egd" value="file:///dev/urandom"/>
    <property name="os.version" value="3.10.0-957.12.2.el7.x86_64"/>
    <property name="java.endorsed.dirs" value="/usr/lib/jvm/java-1.8.0-openjdk-1.8.0.222.b10-1.el7_7.x86_64/jre/lib/endorsed"/>
    <property name="java.runtime.name" value="OpenJDK Runtime Environment"/>
    <property name="file.encoding" value="ANSI_X3.4-1968"/>
    <property name="java.vm.name" value="OpenJDK 64-Bit Server VM"/>
    <property name="test.build.webapps" value=""/>
    <property name="localRepository" value="/home/user/.m2/repository"/>
    <property name="java.vendor.url.bug" value="http://bugreport.sun.com/bugreport/"/>
    <property name="java.io.tmpdir" value="/tmp"/>
    <property name="require.test.libhadoop" value=""/>
    <property name="java.version" value="1.8.0_222"/>
    <property name="user.dir" value="/workdir/hadoop-ozone/integration-test"/>
    <property name="os.arch" value="amd64"/>
    <property name="java.vm.specification.name" value="Java Virtual Machine Specification"/>
    <property name="test.build.classes" value="/workdir/hadoop-ozone/integration-test/target/test-classes"/>
    <property name="java.awt.printerjob" value="sun.print.PSPrinterJob"/>
    <property name="sun.os.patch.level" value="unknown"/>
    <property name="hadoop.tmp.dir" value="/workdir/hadoop-ozone/integration-test/target/tmp"/>
    <property name="java.library.path" value="/usr/lib:/workdir/hadoop-ozone/integration-test/target/native/target/usr/local/lib:/workdir/hadoop-ozone/integration-test/../../hadoop-common-project/hadoop-common/target/native/target/usr/local/lib:/usr/java/packages/lib/amd64:/usr/lib64:/lib64:/lib:/usr/lib"/>
    <property name="java.vm.info" value="mixed mode"/>
    <property name="java.vendor" value="Oracle Corporation"/>
    <property name="java.vm.version" value="25.222-b10"/>
    <property name="java.ext.dirs" value="/usr/lib/jvm/java-1.8.0-openjdk-1.8.0.222.b10-1.el7_7.x86_64/jre/lib/ext:/usr/java/packages/lib/ext"/>
    <property name="sun.io.unicode.encoding" value="UnicodeLittle"/>
    <property name="java.class.version" value="52.0"/>
  </properties>
  <testcase name="testClientServer" classname="org.apache.hadoop.ozone.container.server.TestSecureContainerServer" time="1.67"/>
  <testcase name="testClientServerRatisNetty" classname="org.apache.hadoop.ozone.container.server.TestSecureContainerServer" time="0">
    <skipped/>
  </testcase>
  <testcase name="testClientServerRatisGrpc" classname="org.apache.hadoop.ozone.container.server.TestSecureContainerServer" time="184.248">
    <failure message="Server f4c54511-b161-4347-aec5-5236dc80a0d8@group-EFD1D20A002C is not the leader" type="java.lang.AssertionError">java.lang.AssertionError: Server f4c54511-b161-4347-aec5-5236dc80a0d8@group-EFD1D20A002C is not the leader
	at org.junit.Assert.fail(Assert.java:88)
	at org.junit.Assert.assertTrue(Assert.java:41)
	at org.apache.hadoop.ozone.container.server.TestSecureContainerServer.runTestClientServer(TestSecureContainerServer.java:212)
	at org.apache.hadoop.ozone.container.server.TestSecureContainerServer.runTestClientServerRatis(TestSecureContainerServer.java:160)
	at org.apache.hadoop.ozone.container.server.TestSecureContainerServer.testClientServerRatisGrpc(TestSecureContainerServer.java:135)
	at sun.reflect.NativeMethodAccessorImpl.invoke0(Native Method)
	at sun.reflect.NativeMethodAccessorImpl.invoke(NativeMethodAccessorImpl.java:62)
	at sun.reflect.DelegatingMethodAccessorImpl.invoke(DelegatingMethodAccessorImpl.java:43)
	at java.lang.reflect.Method.invoke(Method.java:498)
	at org.junit.runners.model.FrameworkMethod$1.runReflectiveCall(FrameworkMethod.java:47)
	at org.junit.internal.runners.model.ReflectiveCallable.run(ReflectiveCallable.java:12)
	at org.junit.runners.model.FrameworkMethod.invokeExplosively(FrameworkMethod.java:44)
	at org.junit.internal.runners.statements.InvokeMethod.evaluate(InvokeMethod.java:17)
	at org.junit.runners.ParentRunner.runLeaf(ParentRunner.java:271)
	at org.junit.runners.BlockJUnit4ClassRunner.runChild(BlockJUnit4ClassRunner.java:70)
	at org.junit.runners.BlockJUnit4ClassRunner.runChild(BlockJUnit4ClassRunner.java:50)
	at org.junit.runners.ParentRunner$3.run(ParentRunner.java:238)
	at org.junit.runners.ParentRunner$1.schedule(ParentRunner.java:63)
	at org.junit.runners.ParentRunner.runChildren(ParentRunner.java:236)
	at org.junit.runners.ParentRunner.access$000(ParentRunner.java:53)
	at org.junit.runners.ParentRunner$2.evaluate(ParentRunner.java:229)
	at org.junit.internal.runners.statements.RunBefores.evaluate(RunBefores.java:26)
	at org.junit.runners.ParentRunner.run(ParentRunner.java:309)
	at org.apache.maven.surefire.junit4.JUnit4Provider.execute(JUnit4Provider.java:365)
	at org.apache.maven.surefire.junit4.JUnit4Provider.executeWithRerun(JUnit4Provider.java:273)
	at org.apache.maven.surefire.junit4.JUnit4Provider.executeTestSet(JUnit4Provider.java:238)
	at org.apache.maven.surefire.junit4.JUnit4Provider.invoke(JUnit4Provider.java:159)
	at org.apache.maven.surefire.booter.ForkedBooter.invokeProviderInSameClassLoader(ForkedBooter.java:384)
	at org.apache.maven.surefire.booter.ForkedBooter.runSuitesInProcess(ForkedBooter.java:345)
	at org.apache.maven.surefire.booter.ForkedBooter.execute(ForkedBooter.java:126)
	at org.apache.maven.surefire.booter.ForkedBooter.main(ForkedBooter.java:418)
</failure>
    <system-out><![CDATA[2019-10-16 18:00:23,028 [main] INFO  ozone.RatisTestHelper (RatisTestHelper.java:initRatisConf(107)) - dfs.container.ratis.rpc.type = GRPC
2019-10-16 18:00:23,104 [main] INFO  impl.RaftServerProxy (ConfUtils.java:logGet(43)) - raft.rpc.type = GRPC (default)
2019-10-16 18:00:23,111 [main] INFO  grpc.GrpcFactory (GrpcFactory.java:checkPooledByteBufAllocatorUseCacheForAllThreads(45)) - PERFORMANCE WARNING: useCacheForAllThreads is true that may cause Netty to create a lot garbage objects and, as a result, trigger GC.
	It is recommended to disable useCacheForAllThreads by setting -Dorg.apache.ratis.thirdparty.io.netty.allocator.useCacheForAllThreads=false in command line.
2019-10-16 18:00:23,116 [main] INFO  grpc.GrpcConfigKeys$Server (ConfUtils.java:logGet(43)) - raft.grpc.server.port = 46770 (custom)
2019-10-16 18:00:23,117 [main] INFO  server.GrpcService (ConfUtils.java:logGet(43)) - raft.grpc.message.size.max = 33570816 (custom)
2019-10-16 18:00:23,120 [main] INFO  server.RaftServerConfigKeys (ConfUtils.java:logGet(43)) - raft.server.log.appender.buffer.byte-limit = 33554432 (custom)
2019-10-16 18:00:23,120 [main] INFO  server.GrpcService (ConfUtils.java:logGet(43)) - raft.grpc.flow.control.window = 1MB (=1048576) (default)
2019-10-16 18:00:23,121 [main] INFO  server.RaftServerConfigKeys (ConfUtils.java:logGet(43)) - raft.server.rpc.request.timeout = 3000ms (default)
2019-10-16 18:00:23,179 [main] INFO  server.RaftServerConfigKeys (ConfUtils.java:logGet(43)) - raft.server.storage.dir = [/workdir/hadoop-ozone/integration-test/target/test-dir/dfs/918b93f4-3c0b-4a04-8b3f-1743ebaa67f9] (custom)
2019-10-16 18:00:23,185 [main] INFO  ratis.XceiverServerRatis (XceiverServerRatis.java:start(418)) - Starting XceiverServerRatis 918b93f4-3c0b-4a04-8b3f-1743ebaa67f9 at port 46770
2019-10-16 18:00:23,204 [main] INFO  impl.RaftServerProxy (RaftServerProxy.java:lambda$start$3(299)) - 918b93f4-3c0b-4a04-8b3f-1743ebaa67f9: start RPC server
2019-10-16 18:00:23,207 [main] INFO  server.GrpcService (GrpcService.java:startImpl(158)) - 918b93f4-3c0b-4a04-8b3f-1743ebaa67f9: GrpcService started, listening on 0.0.0.0/0.0.0.0:46770
2019-10-16 18:00:23,302 [grpc-default-executor-1] INFO  impl.RaftServerProxy (RaftServerProxy.java:addNew(89)) - 918b93f4-3c0b-4a04-8b3f-1743ebaa67f9: addNew group-E78BD3268853:[918b93f4-3c0b-4a04-8b3f-1743ebaa67f9:0.0.0.0:46770] returns group-E78BD3268853:java.util.concurrent.CompletableFuture@5ab333c4[Not completed]
2019-10-16 18:00:23,324 [pool-5-thread-1] INFO  impl.RaftServerImpl (RaftServerImpl.java:<init>(104)) - 918b93f4-3c0b-4a04-8b3f-1743ebaa67f9: new RaftServerImpl for group-E78BD3268853:[918b93f4-3c0b-4a04-8b3f-1743ebaa67f9:0.0.0.0:46770] with ContainerStateMachine:uninitialized
2019-10-16 18:00:23,326 [pool-5-thread-1] INFO  server.RaftServerConfigKeys (ConfUtils.java:logGet(43)) - raft.server.rpc.timeout.min = 5s (custom)
2019-10-16 18:00:23,327 [pool-5-thread-1] INFO  server.RaftServerConfigKeys (ConfUtils.java:logGet(43)) - raft.server.rpc.timeout.max = 5200ms (custom)
2019-10-16 18:00:23,327 [pool-5-thread-1] INFO  server.RaftServerConfigKeys (ConfUtils.java:logGet(43)) - raft.server.rpcslowness.timeout = 120s (custom)
2019-10-16 18:00:23,328 [pool-5-thread-1] INFO  server.RaftServerConfigKeys (ConfUtils.java:logGet(43)) - raft.server.sleep.deviation.threshold = 300 (default)
2019-10-16 18:00:23,330 [pool-5-thread-1] INFO  server.RaftServerConfigKeys (ConfUtils.java:logGet(43)) - raft.server.log.appender.install.snapshot.enabled = false (custom)
2019-10-16 18:00:23,341 [pool-5-thread-1] INFO  impl.RaftServerImpl (ServerState.java:<init>(103)) - 918b93f4-3c0b-4a04-8b3f-1743ebaa67f9@group-E78BD3268853: ConfigurationManager, init=-1: [918b93f4-3c0b-4a04-8b3f-1743ebaa67f9:0.0.0.0:46770], old=null, confs=<EMPTY_MAP>
2019-10-16 18:00:23,342 [pool-5-thread-1] INFO  server.RaftServerConfigKeys (ConfUtils.java:logGet(43)) - raft.server.storage.dir = [/workdir/hadoop-ozone/integration-test/target/test-dir/dfs/918b93f4-3c0b-4a04-8b3f-1743ebaa67f9] (custom)
2019-10-16 18:00:23,352 [pool-5-thread-1] INFO  server.RaftServerConfigKeys (ConfUtils.java:logGet(43)) - raft.server.log.corruption.policy = EXCEPTION (default)
2019-10-16 18:00:23,355 [pool-5-thread-1] INFO  storage.RaftStorageDirectory (RaftStorageDirectory.java:analyzeStorage(246)) - The storage directory /workdir/hadoop-ozone/integration-test/target/test-dir/dfs/918b93f4-3c0b-4a04-8b3f-1743ebaa67f9/52930669-6914-46e7-b376-e78bd3268853 does not exist. Creating ...
2019-10-16 18:00:23,394 [pool-5-thread-1] INFO  storage.RaftStorageDirectory (RaftStorageDirectory.java:tryLock(328)) - Lock on /workdir/hadoop-ozone/integration-test/target/test-dir/dfs/918b93f4-3c0b-4a04-8b3f-1743ebaa67f9/52930669-6914-46e7-b376-e78bd3268853/in_use.lock acquired by nodename 24303@pr-hdds-1985-jd9hj-2873732589
2019-10-16 18:00:23,416 [pool-5-thread-1] INFO  storage.RaftStorage (RaftStorage.java:format(84)) - Storage directory /workdir/hadoop-ozone/integration-test/target/test-dir/dfs/918b93f4-3c0b-4a04-8b3f-1743ebaa67f9/52930669-6914-46e7-b376-e78bd3268853 has been successfully formatted.
2019-10-16 18:00:23,420 [pool-5-thread-1] INFO  ratis.ContainerStateMachine (ContainerStateMachine.java:loadSnapshot(231)) - group-E78BD3268853: The snapshot info is null. Setting the last applied indexto:(t:0, i:~)
2019-10-16 18:00:23,420 [pool-5-thread-1] INFO  server.RaftServerConfigKeys (ConfUtils.java:logGet(43)) - raft.server.notification.no-leader.timeout = 120s (custom)
2019-10-16 18:00:23,426 [pool-5-thread-1] INFO  server.RaftServerConfigKeys (ConfUtils.java:logGet(43)) - raft.server.log.use.memory = false (default)
2019-10-16 18:00:23,432 [pool-5-thread-1] INFO  server.RaftServerConfigKeys (ConfUtils.java:logGet(43)) - raft.server.log.purge.gap = 1000000 (custom)
2019-10-16 18:00:23,432 [pool-5-thread-1] INFO  server.RaftServerConfigKeys (ConfUtils.java:logGet(43)) - raft.server.log.appender.buffer.byte-limit = 33554432 (custom)
2019-10-16 18:00:23,434 [pool-5-thread-1] INFO  server.RaftServerConfigKeys (ConfUtils.java:logGet(43)) - raft.server.log.segment.size.max = 1048576 (custom)
2019-10-16 18:00:23,436 [pool-5-thread-1] INFO  impl.MetricsSystemImpl (MetricsSystemImpl.java:init(158)) - ratis metrics system started (again)
2019-10-16 18:00:23,440 [pool-5-thread-1] INFO  metrics.MetricRegistries (MetricRegistriesLoader.java:load(64)) - Loaded MetricRegistries class org.apache.ratis.metrics.impl.MetricRegistriesImpl
2019-10-16 18:00:23,477 [pool-5-thread-1] INFO  server.RaftServerConfigKeys (ConfUtils.java:logGet(43)) - raft.server.log.segment.cache.num.max = 2 (custom)
2019-10-16 18:00:23,483 [pool-5-thread-1] INFO  segmented.SegmentedRaftLogWorker (SegmentedRaftLogWorker.java:<init>(173)) - new 918b93f4-3c0b-4a04-8b3f-1743ebaa67f9@group-E78BD3268853-SegmentedRaftLogWorker for RaftStorage:Storage Directory /workdir/hadoop-ozone/integration-test/target/test-dir/dfs/918b93f4-3c0b-4a04-8b3f-1743ebaa67f9/52930669-6914-46e7-b376-e78bd3268853
2019-10-16 18:00:23,483 [pool-5-thread-1] INFO  server.RaftServerConfigKeys (ConfUtils.java:logGet(43)) - raft.server.log.queue.byte-limit = 2147483647 (custom)
2019-10-16 18:00:23,484 [pool-5-thread-1] INFO  server.RaftServerConfigKeys (ConfUtils.java:logGet(43)) - raft.server.log.queue.element-limit = 1024 (custom)
2019-10-16 18:00:23,485 [pool-5-thread-1] INFO  server.RaftServerConfigKeys (ConfUtils.java:logGet(43)) - raft.server.log.segment.size.max = 1048576 (custom)
2019-10-16 18:00:23,485 [pool-5-thread-1] INFO  server.RaftServerConfigKeys (ConfUtils.java:logGet(43)) - raft.server.log.preallocated.size = 16384 (custom)
2019-10-16 18:00:23,486 [pool-5-thread-1] INFO  server.RaftServerConfigKeys (ConfUtils.java:logGet(43)) - raft.server.log.write.buffer.size = 33554432 (custom)
2019-10-16 18:00:23,486 [pool-5-thread-1] INFO  server.RaftServerConfigKeys (ConfUtils.java:logGet(43)) - raft.server.log.force.sync.num = 128 (default)
2019-10-16 18:00:23,487 [pool-5-thread-1] INFO  server.RaftServerConfigKeys (ConfUtils.java:logGet(43)) - raft.server.log.statemachine.data.sync = true (default)
2019-10-16 18:00:23,488 [pool-5-thread-1] INFO  server.RaftServerConfigKeys (ConfUtils.java:logGet(43)) - raft.server.log.statemachine.data.sync.timeout = 10s (default)
2019-10-16 18:00:23,590 [pool-5-thread-1] INFO  server.RaftServerConfigKeys (ConfUtils.java:logGet(43)) - raft.server.log.statemachine.data.sync.timeout.retry = -1 (default)
2019-10-16 18:00:23,602 [pool-5-thread-1] INFO  server.RaftServerConfigKeys (ConfUtils.java:logGet(43)) - raft.server.log.statemachine.data.caching.enabled = true (custom)
2019-10-16 18:00:23,607 [pool-5-thread-1] INFO  segmented.SegmentedRaftLogWorker (SegmentedRaftLogWorker.java:lambda$new$0(128)) - 918b93f4-3c0b-4a04-8b3f-1743ebaa67f9@group-E78BD3268853-SegmentedRaftLogWorker: flushIndex: setUnconditionally 0 -> -1
2019-10-16 18:00:23,611 [pool-5-thread-1] INFO  server.RaftServerConfigKeys (ConfUtils.java:logGet(43)) - raft.server.snapshot.auto.trigger.enabled = true (custom)
2019-10-16 18:00:23,612 [pool-5-thread-1] INFO  server.RaftServerConfigKeys (ConfUtils.java:logGet(43)) - raft.server.snapshot.auto.trigger.threshold = 10000 (custom)
2019-10-16 18:00:23,612 [pool-5-thread-1] INFO  server.RaftServerConfigKeys (ConfUtils.java:logGet(43)) - raft.server.snapshot.retention.file.num = 5 (custom)
2019-10-16 18:00:23,613 [pool-5-thread-1] INFO  server.RaftServerConfigKeys (ConfUtils.java:logGet(43)) - raft.server.retrycache.expirytime = 600000ms (custom)
2019-10-16 18:00:23,640 [pool-5-thread-1] INFO  impl.RaftServerImpl (RaftServerImpl.java:start(195)) - 918b93f4-3c0b-4a04-8b3f-1743ebaa67f9@group-E78BD3268853: start as a follower, conf=-1: [918b93f4-3c0b-4a04-8b3f-1743ebaa67f9:0.0.0.0:46770], old=null
2019-10-16 18:00:23,642 [pool-5-thread-1] INFO  impl.RaftServerImpl (RaftServerImpl.java:setRole(184)) - 918b93f4-3c0b-4a04-8b3f-1743ebaa67f9@group-E78BD3268853: changes role from      null to FOLLOWER at term 0 for startAsFollower
2019-10-16 18:00:23,643 [pool-5-thread-1] INFO  impl.RoleInfo (RoleInfo.java:updateAndGet(143)) - 918b93f4-3c0b-4a04-8b3f-1743ebaa67f9: start FollowerState
2019-10-16 18:00:23,644 [pool-5-thread-1] INFO  util.JmxRegister (JmxRegister.java:tryRegister(44)) - Successfully registered JMX Bean with object name Ratis:service=RaftServer,group=group-E78BD3268853,id=918b93f4-3c0b-4a04-8b3f-1743ebaa67f9
2019-10-16 18:00:23,667 [Thread-4] INFO  impl.FollowerState (FollowerState.java:run(108)) - 918b93f4-3c0b-4a04-8b3f-1743ebaa67f9@group-E78BD3268853-FollowerState: change to CANDIDATE, lastRpcTime:24ms, electionTimeout:24ms
2019-10-16 18:00:23,669 [Thread-4] INFO  impl.RoleInfo (RoleInfo.java:shutdownFollowerState(121)) - 918b93f4-3c0b-4a04-8b3f-1743ebaa67f9: shutdown FollowerState
2019-10-16 18:00:23,670 [Thread-4] INFO  impl.RaftServerImpl (RaftServerImpl.java:setRole(184)) - 918b93f4-3c0b-4a04-8b3f-1743ebaa67f9@group-E78BD3268853: changes role from  FOLLOWER to CANDIDATE at term 0 for changeToCandidate
2019-10-16 18:00:23,673 [Thread-4] INFO  impl.RoleInfo (RoleInfo.java:updateAndGet(143)) - 918b93f4-3c0b-4a04-8b3f-1743ebaa67f9: start LeaderElection
2019-10-16 18:00:23,697 [918b93f4-3c0b-4a04-8b3f-1743ebaa67f9@group-E78BD3268853-LeaderElection1] INFO  impl.LeaderElection (LeaderElection.java:askForVotes(178)) - 918b93f4-3c0b-4a04-8b3f-1743ebaa67f9@group-E78BD3268853-LeaderElection1: begin an election at term 1 for -1: [918b93f4-3c0b-4a04-8b3f-1743ebaa67f9:0.0.0.0:46770], old=null
2019-10-16 18:00:23,698 [918b93f4-3c0b-4a04-8b3f-1743ebaa67f9@group-E78BD3268853-LeaderElection1] INFO  impl.RoleInfo (RoleInfo.java:shutdownLeaderElection(134)) - 918b93f4-3c0b-4a04-8b3f-1743ebaa67f9: shutdown LeaderElection
2019-10-16 18:00:23,699 [918b93f4-3c0b-4a04-8b3f-1743ebaa67f9@group-E78BD3268853-LeaderElection1] INFO  impl.RaftServerImpl (RaftServerImpl.java:setRole(184)) - 918b93f4-3c0b-4a04-8b3f-1743ebaa67f9@group-E78BD3268853: changes role from CANDIDATE to LEADER at term 1 for changeToLeader
2019-10-16 18:00:23,699 [918b93f4-3c0b-4a04-8b3f-1743ebaa67f9@group-E78BD3268853-LeaderElection1] INFO  impl.RaftServerImpl (ServerState.java:setLeader(256)) - 918b93f4-3c0b-4a04-8b3f-1743ebaa67f9@group-E78BD3268853: change Leader from null to 918b93f4-3c0b-4a04-8b3f-1743ebaa67f9 at term 1 for becomeLeader, leader elected after 279ms
2019-10-16 18:00:23,703 [918b93f4-3c0b-4a04-8b3f-1743ebaa67f9@group-E78BD3268853-LeaderElection1] INFO  server.RaftServerConfigKeys (ConfUtils.java:logGet(43)) - raft.server.staging.catchup.gap = 1000 (default)
2019-10-16 18:00:23,703 [918b93f4-3c0b-4a04-8b3f-1743ebaa67f9@group-E78BD3268853-LeaderElection1] INFO  server.RaftServerConfigKeys (ConfUtils.java:logGet(43)) - raft.server.rpc.sleep.time = 25ms (default)
2019-10-16 18:00:23,707 [918b93f4-3c0b-4a04-8b3f-1743ebaa67f9@group-E78BD3268853-LeaderElection1] INFO  server.RaftServerConfigKeys (ConfUtils.java:logGet(43)) - raft.server.write.element-limit = 4096 (default)
2019-10-16 18:00:23,709 [918b93f4-3c0b-4a04-8b3f-1743ebaa67f9@group-E78BD3268853-LeaderElection1] INFO  server.RaftServerConfigKeys (ConfUtils.java:logGet(43)) - raft.server.watch.timeout = 10s (default)
2019-10-16 18:00:23,709 [918b93f4-3c0b-4a04-8b3f-1743ebaa67f9@group-E78BD3268853-LeaderElection1] INFO  server.RaftServerConfigKeys (ConfUtils.java:logGet(43)) - raft.server.watch.timeout.denomination = 1s (default)
2019-10-16 18:00:23,710 [918b93f4-3c0b-4a04-8b3f-1743ebaa67f9@group-E78BD3268853-LeaderElection1] INFO  server.RaftServerConfigKeys (ConfUtils.java:logGet(43)) - raft.server.watch.element-limit = 65536 (default)
2019-10-16 18:00:23,722 [918b93f4-3c0b-4a04-8b3f-1743ebaa67f9@group-E78BD3268853-LeaderElection1] INFO  impl.RoleInfo (RoleInfo.java:updateAndGet(143)) - 918b93f4-3c0b-4a04-8b3f-1743ebaa67f9: start LeaderState
2019-10-16 18:00:23,740 [918b93f4-3c0b-4a04-8b3f-1743ebaa67f9@group-E78BD3268853-LeaderElection1] INFO  segmented.SegmentedRaftLogWorker (SegmentedRaftLogWorker.java:startLogSegment(385)) - 918b93f4-3c0b-4a04-8b3f-1743ebaa67f9@group-E78BD3268853-SegmentedRaftLogWorker: Starting segment from index:0
2019-10-16 18:00:23,752 [918b93f4-3c0b-4a04-8b3f-1743ebaa67f9@group-E78BD3268853-LeaderElection1] INFO  impl.RaftServerImpl (ServerState.java:setRaftConf(357)) - 918b93f4-3c0b-4a04-8b3f-1743ebaa67f9@group-E78BD3268853: set configuration 0: [918b93f4-3c0b-4a04-8b3f-1743ebaa67f9:0.0.0.0:46770], old=null at 0
2019-10-16 18:00:23,925 [918b93f4-3c0b-4a04-8b3f-1743ebaa67f9@group-E78BD3268853-SegmentedRaftLogWorker] INFO  segmented.SegmentedRaftLogWorker (SegmentedRaftLogWorker.java:execute(576)) - 918b93f4-3c0b-4a04-8b3f-1743ebaa67f9@group-E78BD3268853-SegmentedRaftLogWorker: created new log segment /workdir/hadoop-ozone/integration-test/target/test-dir/dfs/918b93f4-3c0b-4a04-8b3f-1743ebaa67f9/52930669-6914-46e7-b376-e78bd3268853/current/log_inprogress_0
2019-10-16 18:00:25,838 [RatisApplyTransactionExecutor 6] INFO  ratis.ContainerStateMachine (ContainerUtils.java:logAndReturnError(146)) - Operation: CreateContainer : Trace ID:  : Message: Block token verification failed. Fail to find any token (empty or null.) : Result: BLOCK_TOKEN_VERIFICATION_FAILED
2019-10-16 18:00:25,840 [RatisApplyTransactionExecutor 6] ERROR ratis.ContainerStateMachine (ContainerStateMachine.java:lambda$applyTransaction$7(759)) - gid group-E78BD3268853 : ApplyTransaction failed. cmd CreateContainer logIndex 1 msg : Block token verification failed. Fail to find any token (empty or null.) Container Result: BLOCK_TOKEN_VERIFICATION_FAILED
2019-10-16 18:00:25,884 [main] INFO  security.OzoneBlockTokenSecretManager (OzoneSecretManager.java:updateCurrentKey(170)) - Updating the current master key for generating tokens
2019-10-16 18:00:25,929 [main] INFO  impl.RaftServerProxy (RaftServerProxy.java:lambda$close$4(314)) - 918b93f4-3c0b-4a04-8b3f-1743ebaa67f9: close
2019-10-16 18:00:25,931 [main] INFO  impl.RaftServerImpl (RaftServerImpl.java:lambda$shutdown$3(261)) - 918b93f4-3c0b-4a04-8b3f-1743ebaa67f9@group-E78BD3268853: shutdown
2019-10-16 18:00:25,932 [main] INFO  util.JmxRegister (JmxRegister.java:unregister(73)) - Successfully un-registered JMX Bean with object name Ratis:service=RaftServer,group=group-E78BD3268853,id=918b93f4-3c0b-4a04-8b3f-1743ebaa67f9
2019-10-16 18:00:25,933 [main] INFO  impl.RoleInfo (RoleInfo.java:shutdownLeaderState(104)) - 918b93f4-3c0b-4a04-8b3f-1743ebaa67f9: shutdown LeaderState
2019-10-16 18:00:25,934 [main] INFO  impl.PendingRequests (PendingRequests.java:sendNotLeaderResponses(202)) - 918b93f4-3c0b-4a04-8b3f-1743ebaa67f9@group-E78BD3268853-PendingRequests: sendNotLeaderResponses
2019-10-16 18:00:25,937 [main] INFO  impl.StateMachineUpdater (StateMachineUpdater.java:stopAndJoin(136)) - 918b93f4-3c0b-4a04-8b3f-1743ebaa67f9@group-E78BD3268853-StateMachineUpdater: set stopIndex = 4
2019-10-16 18:00:25,937 [918b93f4-3c0b-4a04-8b3f-1743ebaa67f9@group-E78BD3268853-StateMachineUpdater] ERROR ratis.ContainerStateMachine (ContainerStateMachine.java:takeSnapshot(288)) - Failed to take snapshot  for group-E78BD3268853 as the stateMachine is unhealthy. The last applied index is at (t:0, i:~)
2019-10-16 18:00:25,937 [918b93f4-3c0b-4a04-8b3f-1743ebaa67f9@group-E78BD3268853-StateMachineUpdater] ERROR impl.StateMachineUpdater (StateMachineUpdater.java:takeSnapshot(264)) - 918b93f4-3c0b-4a04-8b3f-1743ebaa67f9@group-E78BD3268853-StateMachineUpdater: Failed to take snapshot
org.apache.ratis.protocol.StateMachineException: Failed to take snapshot  for group-E78BD3268853 as the stateMachine is unhealthy. The last applied index is at (t:0, i:~)
	at org.apache.hadoop.ozone.container.common.transport.server.ratis.ContainerStateMachine.takeSnapshot(ContainerStateMachine.java:287)
	at org.apache.ratis.server.impl.StateMachineUpdater.takeSnapshot(StateMachineUpdater.java:254)
	at org.apache.ratis.server.impl.StateMachineUpdater.checkAndTakeSnapshot(StateMachineUpdater.java:247)
	at org.apache.ratis.server.impl.StateMachineUpdater.run(StateMachineUpdater.java:166)
	at java.lang.Thread.run(Thread.java:748)
2019-10-16 18:00:25,938 [918b93f4-3c0b-4a04-8b3f-1743ebaa67f9@group-E78BD3268853-StateMachineUpdater] ERROR ratis.ContainerStateMachine (ContainerStateMachine.java:takeSnapshot(288)) - Failed to take snapshot  for group-E78BD3268853 as the stateMachine is unhealthy. The last applied index is at (t:0, i:~)
2019-10-16 18:00:25,938 [918b93f4-3c0b-4a04-8b3f-1743ebaa67f9@group-E78BD3268853-StateMachineUpdater] ERROR impl.StateMachineUpdater (StateMachineUpdater.java:takeSnapshot(264)) - 918b93f4-3c0b-4a04-8b3f-1743ebaa67f9@group-E78BD3268853-StateMachineUpdater: Failed to take snapshot
org.apache.ratis.protocol.StateMachineException: Failed to take snapshot  for group-E78BD3268853 as the stateMachine is unhealthy. The last applied index is at (t:0, i:~)
	at org.apache.hadoop.ozone.container.common.transport.server.ratis.ContainerStateMachine.takeSnapshot(ContainerStateMachine.java:287)
	at org.apache.ratis.server.impl.StateMachineUpdater.takeSnapshot(StateMachineUpdater.java:254)
	at org.apache.ratis.server.impl.StateMachineUpdater.checkAndTakeSnapshot(StateMachineUpdater.java:247)
	at org.apache.ratis.server.impl.StateMachineUpdater.run(StateMachineUpdater.java:169)
	at java.lang.Thread.run(Thread.java:748)
2019-10-16 18:00:25,939 [main] INFO  impl.RaftServerImpl (ServerState.java:close(388)) - 918b93f4-3c0b-4a04-8b3f-1743ebaa67f9@group-E78BD3268853: closes. applyIndex: 4
2019-10-16 18:00:25,942 [918b93f4-3c0b-4a04-8b3f-1743ebaa67f9@group-E78BD3268853-SegmentedRaftLogWorker] INFO  segmented.SegmentedRaftLogWorker (SegmentedRaftLogWorker.java:run(316)) - 918b93f4-3c0b-4a04-8b3f-1743ebaa67f9@group-E78BD3268853-SegmentedRaftLogWorker was interrupted, exiting. There are 0 tasks remaining in the queue.
2019-10-16 18:00:25,944 [main] INFO  segmented.SegmentedRaftLogWorker (SegmentedRaftLogWorker.java:close(224)) - 918b93f4-3c0b-4a04-8b3f-1743ebaa67f9@group-E78BD3268853-SegmentedRaftLogWorker close()
2019-10-16 18:00:25,945 [main] INFO  server.GrpcService (GrpcService.java:closeImpl(164)) - 918b93f4-3c0b-4a04-8b3f-1743ebaa67f9: shutdown server with port 46770 now
2019-10-16 18:00:25,947 [main] INFO  server.GrpcService (GrpcService.java:closeImpl(172)) - 918b93f4-3c0b-4a04-8b3f-1743ebaa67f9: shutdown server with port 46770 successfully
2019-10-16 18:00:25,951 [main] INFO  ozone.RatisTestHelper (RatisTestHelper.java:initRatisConf(107)) - dfs.container.ratis.rpc.type = GRPC
2019-10-16 18:00:25,953 [main] INFO  impl.RaftServerProxy (ConfUtils.java:logGet(43)) - raft.rpc.type = GRPC (default)
2019-10-16 18:00:25,954 [main] INFO  grpc.GrpcFactory (GrpcFactory.java:checkPooledByteBufAllocatorUseCacheForAllThreads(45)) - PERFORMANCE WARNING: useCacheForAllThreads is true that may cause Netty to create a lot garbage objects and, as a result, trigger GC.
	It is recommended to disable useCacheForAllThreads by setting -Dorg.apache.ratis.thirdparty.io.netty.allocator.useCacheForAllThreads=false in command line.
2019-10-16 18:00:25,955 [main] INFO  grpc.GrpcConfigKeys$Server (ConfUtils.java:logGet(43)) - raft.grpc.server.port = 41650 (custom)
2019-10-16 18:00:25,955 [main] INFO  server.GrpcService (ConfUtils.java:logGet(43)) - raft.grpc.message.size.max = 33570816 (custom)
2019-10-16 18:00:25,955 [main] INFO  server.RaftServerConfigKeys (ConfUtils.java:logGet(43)) - raft.server.log.appender.buffer.byte-limit = 33554432 (custom)
2019-10-16 18:00:25,956 [main] INFO  server.GrpcService (ConfUtils.java:logGet(43)) - raft.grpc.flow.control.window = 1MB (=1048576) (default)
2019-10-16 18:00:25,956 [main] INFO  server.RaftServerConfigKeys (ConfUtils.java:logGet(43)) - raft.server.rpc.request.timeout = 3000ms (default)
2019-10-16 18:00:25,957 [main] INFO  server.RaftServerConfigKeys (ConfUtils.java:logGet(43)) - raft.server.storage.dir = [/workdir/hadoop-ozone/integration-test/target/test-dir/dfs/907b9765-214b-4864-b66a-d6e2a5789e5c] (custom)
2019-10-16 18:00:25,957 [main] INFO  ratis.XceiverServerRatis (XceiverServerRatis.java:start(418)) - Starting XceiverServerRatis 907b9765-214b-4864-b66a-d6e2a5789e5c at port 41650
2019-10-16 18:00:25,962 [main] INFO  impl.RaftServerProxy (RaftServerProxy.java:lambda$start$3(299)) - 907b9765-214b-4864-b66a-d6e2a5789e5c: start RPC server
2019-10-16 18:00:25,964 [main] INFO  server.GrpcService (GrpcService.java:startImpl(158)) - 907b9765-214b-4864-b66a-d6e2a5789e5c: GrpcService started, listening on 0.0.0.0/0.0.0.0:41650
2019-10-16 18:00:25,991 [grpc-default-executor-1] INFO  impl.RaftServerProxy (RaftServerProxy.java:addNew(89)) - 907b9765-214b-4864-b66a-d6e2a5789e5c: addNew group-EFD1D20A002C:[f4c54511-b161-4347-aec5-5236dc80a0d8:0.0.0.0:41238, 907b9765-214b-4864-b66a-d6e2a5789e5c:0.0.0.0:41650, bf55b3f9-6b09-4365-9d71-55289e083fa5:0.0.0.0:42441] returns group-EFD1D20A002C:java.util.concurrent.CompletableFuture@5a7751fc[Not completed]
2019-10-16 18:00:25,995 [pool-7-thread-1] INFO  impl.RaftServerImpl (RaftServerImpl.java:<init>(104)) - 907b9765-214b-4864-b66a-d6e2a5789e5c: new RaftServerImpl for group-EFD1D20A002C:[f4c54511-b161-4347-aec5-5236dc80a0d8:0.0.0.0:41238, 907b9765-214b-4864-b66a-d6e2a5789e5c:0.0.0.0:41650, bf55b3f9-6b09-4365-9d71-55289e083fa5:0.0.0.0:42441] with ContainerStateMachine:uninitialized
2019-10-16 18:00:25,996 [pool-7-thread-1] INFO  server.RaftServerConfigKeys (ConfUtils.java:logGet(43)) - raft.server.rpc.timeout.min = 5s (custom)
2019-10-16 18:00:25,996 [pool-7-thread-1] INFO  server.RaftServerConfigKeys (ConfUtils.java:logGet(43)) - raft.server.rpc.timeout.max = 5200ms (custom)
2019-10-16 18:00:25,996 [pool-7-thread-1] INFO  server.RaftServerConfigKeys (ConfUtils.java:logGet(43)) - raft.server.rpcslowness.timeout = 120s (custom)
2019-10-16 18:00:25,997 [pool-7-thread-1] INFO  server.RaftServerConfigKeys (ConfUtils.java:logGet(43)) - raft.server.sleep.deviation.threshold = 300 (default)
2019-10-16 18:00:25,997 [pool-7-thread-1] INFO  server.RaftServerConfigKeys (ConfUtils.java:logGet(43)) - raft.server.log.appender.install.snapshot.enabled = false (custom)
2019-10-16 18:00:25,997 [pool-7-thread-1] INFO  impl.RaftServerImpl (ServerState.java:<init>(103)) - 907b9765-214b-4864-b66a-d6e2a5789e5c@group-EFD1D20A002C: ConfigurationManager, init=-1: [f4c54511-b161-4347-aec5-5236dc80a0d8:0.0.0.0:41238, 907b9765-214b-4864-b66a-d6e2a5789e5c:0.0.0.0:41650, bf55b3f9-6b09-4365-9d71-55289e083fa5:0.0.0.0:42441], old=null, confs=<EMPTY_MAP>
2019-10-16 18:00:25,997 [pool-7-thread-1] INFO  server.RaftServerConfigKeys (ConfUtils.java:logGet(43)) - raft.server.storage.dir = [/workdir/hadoop-ozone/integration-test/target/test-dir/dfs/907b9765-214b-4864-b66a-d6e2a5789e5c] (custom)
2019-10-16 18:00:25,998 [pool-7-thread-1] INFO  server.RaftServerConfigKeys (ConfUtils.java:logGet(43)) - raft.server.log.corruption.policy = EXCEPTION (default)
2019-10-16 18:00:25,998 [pool-7-thread-1] INFO  storage.RaftStorageDirectory (RaftStorageDirectory.java:analyzeStorage(246)) - The storage directory /workdir/hadoop-ozone/integration-test/target/test-dir/dfs/907b9765-214b-4864-b66a-d6e2a5789e5c/0bc2e957-a1ed-429f-a78c-efd1d20a002c does not exist. Creating ...
2019-10-16 18:00:26,030 [pool-7-thread-1] INFO  storage.RaftStorageDirectory (RaftStorageDirectory.java:tryLock(328)) - Lock on /workdir/hadoop-ozone/integration-test/target/test-dir/dfs/907b9765-214b-4864-b66a-d6e2a5789e5c/0bc2e957-a1ed-429f-a78c-efd1d20a002c/in_use.lock acquired by nodename 24303@pr-hdds-1985-jd9hj-2873732589
2019-10-16 18:00:26,055 [pool-7-thread-1] INFO  storage.RaftStorage (RaftStorage.java:format(84)) - Storage directory /workdir/hadoop-ozone/integration-test/target/test-dir/dfs/907b9765-214b-4864-b66a-d6e2a5789e5c/0bc2e957-a1ed-429f-a78c-efd1d20a002c has been successfully formatted.
2019-10-16 18:00:26,055 [pool-7-thread-1] INFO  ratis.ContainerStateMachine (ContainerStateMachine.java:loadSnapshot(231)) - group-EFD1D20A002C: The snapshot info is null. Setting the last applied indexto:(t:0, i:~)
2019-10-16 18:00:26,056 [pool-7-thread-1] INFO  server.RaftServerConfigKeys (ConfUtils.java:logGet(43)) - raft.server.notification.no-leader.timeout = 120s (custom)
2019-10-16 18:00:26,056 [pool-7-thread-1] INFO  server.RaftServerConfigKeys (ConfUtils.java:logGet(43)) - raft.server.log.use.memory = false (default)
2019-10-16 18:00:26,056 [pool-7-thread-1] INFO  server.RaftServerConfigKeys (ConfUtils.java:logGet(43)) - raft.server.log.purge.gap = 1000000 (custom)
2019-10-16 18:00:26,056 [pool-7-thread-1] INFO  server.RaftServerConfigKeys (ConfUtils.java:logGet(43)) - raft.server.log.appender.buffer.byte-limit = 33554432 (custom)
2019-10-16 18:00:26,057 [pool-7-thread-1] INFO  server.RaftServerConfigKeys (ConfUtils.java:logGet(43)) - raft.server.log.segment.size.max = 1048576 (custom)
2019-10-16 18:00:26,061 [pool-7-thread-1] INFO  server.RaftServerConfigKeys (ConfUtils.java:logGet(43)) - raft.server.log.segment.cache.num.max = 2 (custom)
2019-10-16 18:00:26,061 [pool-7-thread-1] INFO  segmented.SegmentedRaftLogWorker (SegmentedRaftLogWorker.java:<init>(173)) - new 907b9765-214b-4864-b66a-d6e2a5789e5c@group-EFD1D20A002C-SegmentedRaftLogWorker for RaftStorage:Storage Directory /workdir/hadoop-ozone/integration-test/target/test-dir/dfs/907b9765-214b-4864-b66a-d6e2a5789e5c/0bc2e957-a1ed-429f-a78c-efd1d20a002c
2019-10-16 18:00:26,061 [pool-7-thread-1] INFO  server.RaftServerConfigKeys (ConfUtils.java:logGet(43)) - raft.server.log.queue.byte-limit = 2147483647 (custom)
2019-10-16 18:00:26,062 [pool-7-thread-1] INFO  server.RaftServerConfigKeys (ConfUtils.java:logGet(43)) - raft.server.log.queue.element-limit = 1024 (custom)
2019-10-16 18:00:26,062 [pool-7-thread-1] INFO  server.RaftServerConfigKeys (ConfUtils.java:logGet(43)) - raft.server.log.segment.size.max = 1048576 (custom)
2019-10-16 18:00:26,062 [pool-7-thread-1] INFO  server.RaftServerConfigKeys (ConfUtils.java:logGet(43)) - raft.server.log.preallocated.size = 16384 (custom)
2019-10-16 18:00:26,062 [pool-7-thread-1] INFO  server.RaftServerConfigKeys (ConfUtils.java:logGet(43)) - raft.server.log.write.buffer.size = 33554432 (custom)
2019-10-16 18:00:26,062 [pool-7-thread-1] INFO  server.RaftServerConfigKeys (ConfUtils.java:logGet(43)) - raft.server.log.force.sync.num = 128 (default)
2019-10-16 18:00:26,062 [pool-7-thread-1] INFO  server.RaftServerConfigKeys (ConfUtils.java:logGet(43)) - raft.server.log.statemachine.data.sync = true (default)
2019-10-16 18:00:26,063 [pool-7-thread-1] INFO  server.RaftServerConfigKeys (ConfUtils.java:logGet(43)) - raft.server.log.statemachine.data.sync.timeout = 10s (default)
2019-10-16 18:00:26,063 [pool-7-thread-1] INFO  server.RaftServerConfigKeys (ConfUtils.java:logGet(43)) - raft.server.log.statemachine.data.sync.timeout.retry = -1 (default)
2019-10-16 18:00:26,063 [pool-7-thread-1] INFO  server.RaftServerConfigKeys (ConfUtils.java:logGet(43)) - raft.server.log.statemachine.data.caching.enabled = true (custom)
2019-10-16 18:00:26,064 [pool-7-thread-1] INFO  segmented.SegmentedRaftLogWorker (SegmentedRaftLogWorker.java:lambda$new$0(128)) - 907b9765-214b-4864-b66a-d6e2a5789e5c@group-EFD1D20A002C-SegmentedRaftLogWorker: flushIndex: setUnconditionally 0 -> -1
2019-10-16 18:00:26,064 [pool-7-thread-1] INFO  server.RaftServerConfigKeys (ConfUtils.java:logGet(43)) - raft.server.snapshot.auto.trigger.enabled = true (custom)
2019-10-16 18:00:26,064 [pool-7-thread-1] INFO  server.RaftServerConfigKeys (ConfUtils.java:logGet(43)) - raft.server.snapshot.auto.trigger.threshold = 10000 (custom)
2019-10-16 18:00:26,064 [pool-7-thread-1] INFO  server.RaftServerConfigKeys (ConfUtils.java:logGet(43)) - raft.server.snapshot.retention.file.num = 5 (custom)
2019-10-16 18:00:26,065 [pool-7-thread-1] INFO  server.RaftServerConfigKeys (ConfUtils.java:logGet(43)) - raft.server.retrycache.expirytime = 600000ms (custom)
2019-10-16 18:00:26,071 [pool-7-thread-1] INFO  impl.RaftServerImpl (RaftServerImpl.java:start(195)) - 907b9765-214b-4864-b66a-d6e2a5789e5c@group-EFD1D20A002C: start as a follower, conf=-1: [f4c54511-b161-4347-aec5-5236dc80a0d8:0.0.0.0:41238, 907b9765-214b-4864-b66a-d6e2a5789e5c:0.0.0.0:41650, bf55b3f9-6b09-4365-9d71-55289e083fa5:0.0.0.0:42441], old=null
2019-10-16 18:00:26,072 [pool-7-thread-1] INFO  impl.RaftServerImpl (RaftServerImpl.java:setRole(184)) - 907b9765-214b-4864-b66a-d6e2a5789e5c@group-EFD1D20A002C: changes role from      null to FOLLOWER at term 0 for startAsFollower
2019-10-16 18:00:26,072 [pool-7-thread-1] INFO  impl.RoleInfo (RoleInfo.java:updateAndGet(143)) - 907b9765-214b-4864-b66a-d6e2a5789e5c: start FollowerState
2019-10-16 18:00:26,072 [pool-7-thread-1] INFO  util.JmxRegister (JmxRegister.java:tryRegister(44)) - Successfully registered JMX Bean with object name Ratis:service=RaftServer,group=group-EFD1D20A002C,id=907b9765-214b-4864-b66a-d6e2a5789e5c
2019-10-16 18:00:26,082 [main] INFO  impl.RaftServerProxy (ConfUtils.java:logGet(43)) - raft.rpc.type = GRPC (default)
2019-10-16 18:00:26,083 [main] INFO  grpc.GrpcFactory (GrpcFactory.java:checkPooledByteBufAllocatorUseCacheForAllThreads(45)) - PERFORMANCE WARNING: useCacheForAllThreads is true that may cause Netty to create a lot garbage objects and, as a result, trigger GC.
	It is recommended to disable useCacheForAllThreads by setting -Dorg.apache.ratis.thirdparty.io.netty.allocator.useCacheForAllThreads=false in command line.
2019-10-16 18:00:26,083 [main] INFO  grpc.GrpcConfigKeys$Server (ConfUtils.java:logGet(43)) - raft.grpc.server.port = 41238 (custom)
2019-10-16 18:00:26,083 [main] INFO  server.GrpcService (ConfUtils.java:logGet(43)) - raft.grpc.message.size.max = 33570816 (custom)
2019-10-16 18:00:26,084 [main] INFO  server.RaftServerConfigKeys (ConfUtils.java:logGet(43)) - raft.server.log.appender.buffer.byte-limit = 33554432 (custom)
2019-10-16 18:00:26,084 [main] INFO  server.GrpcService (ConfUtils.java:logGet(43)) - raft.grpc.flow.control.window = 1MB (=1048576) (default)
2019-10-16 18:00:26,085 [main] INFO  server.RaftServerConfigKeys (ConfUtils.java:logGet(43)) - raft.server.rpc.request.timeout = 3000ms (default)
2019-10-16 18:00:26,086 [main] INFO  server.RaftServerConfigKeys (ConfUtils.java:logGet(43)) - raft.server.storage.dir = [/workdir/hadoop-ozone/integration-test/target/test-dir/dfs/f4c54511-b161-4347-aec5-5236dc80a0d8] (custom)
2019-10-16 18:00:26,086 [main] INFO  ratis.XceiverServerRatis (XceiverServerRatis.java:start(418)) - Starting XceiverServerRatis f4c54511-b161-4347-aec5-5236dc80a0d8 at port 41238
2019-10-16 18:00:26,095 [main] INFO  impl.RaftServerProxy (RaftServerProxy.java:lambda$start$3(299)) - f4c54511-b161-4347-aec5-5236dc80a0d8: start RPC server
2019-10-16 18:00:26,098 [main] INFO  server.GrpcService (GrpcService.java:startImpl(158)) - f4c54511-b161-4347-aec5-5236dc80a0d8: GrpcService started, listening on 0.0.0.0/0.0.0.0:41238
2019-10-16 18:00:26,104 [Thread-18] INFO  impl.FollowerState (FollowerState.java:run(108)) - 907b9765-214b-4864-b66a-d6e2a5789e5c@group-EFD1D20A002C-FollowerState: change to CANDIDATE, lastRpcTime:32ms, electionTimeout:32ms
2019-10-16 18:00:26,105 [Thread-18] INFO  impl.RoleInfo (RoleInfo.java:shutdownFollowerState(121)) - 907b9765-214b-4864-b66a-d6e2a5789e5c: shutdown FollowerState
2019-10-16 18:00:26,105 [Thread-18] INFO  impl.RaftServerImpl (RaftServerImpl.java:setRole(184)) - 907b9765-214b-4864-b66a-d6e2a5789e5c@group-EFD1D20A002C: changes role from  FOLLOWER to CANDIDATE at term 0 for changeToCandidate
2019-10-16 18:00:26,106 [Thread-18] INFO  impl.RoleInfo (RoleInfo.java:updateAndGet(143)) - 907b9765-214b-4864-b66a-d6e2a5789e5c: start LeaderElection
2019-10-16 18:00:26,125 [907b9765-214b-4864-b66a-d6e2a5789e5c@group-EFD1D20A002C-LeaderElection2] INFO  impl.LeaderElection (LeaderElection.java:askForVotes(178)) - 907b9765-214b-4864-b66a-d6e2a5789e5c@group-EFD1D20A002C-LeaderElection2: begin an election at term 1 for -1: [f4c54511-b161-4347-aec5-5236dc80a0d8:0.0.0.0:41238, 907b9765-214b-4864-b66a-d6e2a5789e5c:0.0.0.0:41650, bf55b3f9-6b09-4365-9d71-55289e083fa5:0.0.0.0:42441], old=null
2019-10-16 18:00:26,132 [grpc-default-executor-1] INFO  impl.RaftServerProxy (RaftServerProxy.java:addNew(89)) - f4c54511-b161-4347-aec5-5236dc80a0d8: addNew group-EFD1D20A002C:[f4c54511-b161-4347-aec5-5236dc80a0d8:0.0.0.0:41238, 907b9765-214b-4864-b66a-d6e2a5789e5c:0.0.0.0:41650, bf55b3f9-6b09-4365-9d71-55289e083fa5:0.0.0.0:42441] returns group-EFD1D20A002C:java.util.concurrent.CompletableFuture@37444f84[Not completed]
2019-10-16 18:00:26,137 [pool-9-thread-1] INFO  impl.RaftServerImpl (RaftServerImpl.java:<init>(104)) - f4c54511-b161-4347-aec5-5236dc80a0d8: new RaftServerImpl for group-EFD1D20A002C:[f4c54511-b161-4347-aec5-5236dc80a0d8:0.0.0.0:41238, 907b9765-214b-4864-b66a-d6e2a5789e5c:0.0.0.0:41650, bf55b3f9-6b09-4365-9d71-55289e083fa5:0.0.0.0:42441] with ContainerStateMachine:uninitialized
2019-10-16 18:00:26,138 [pool-9-thread-1] INFO  server.RaftServerConfigKeys (ConfUtils.java:logGet(43)) - raft.server.rpc.timeout.min = 5s (custom)
2019-10-16 18:00:26,138 [pool-9-thread-1] INFO  server.RaftServerConfigKeys (ConfUtils.java:logGet(43)) - raft.server.rpc.timeout.max = 5200ms (custom)
2019-10-16 18:00:26,139 [pool-9-thread-1] INFO  server.RaftServerConfigKeys (ConfUtils.java:logGet(43)) - raft.server.rpcslowness.timeout = 120s (custom)
2019-10-16 18:00:26,139 [pool-9-thread-1] INFO  server.RaftServerConfigKeys (ConfUtils.java:logGet(43)) - raft.server.sleep.deviation.threshold = 300 (default)
2019-10-16 18:00:26,139 [pool-9-thread-1] INFO  server.RaftServerConfigKeys (ConfUtils.java:logGet(43)) - raft.server.log.appender.install.snapshot.enabled = false (custom)
2019-10-16 18:00:26,140 [pool-9-thread-1] INFO  impl.RaftServerImpl (ServerState.java:<init>(103)) - f4c54511-b161-4347-aec5-5236dc80a0d8@group-EFD1D20A002C: ConfigurationManager, init=-1: [f4c54511-b161-4347-aec5-5236dc80a0d8:0.0.0.0:41238, 907b9765-214b-4864-b66a-d6e2a5789e5c:0.0.0.0:41650, bf55b3f9-6b09-4365-9d71-55289e083fa5:0.0.0.0:42441], old=null, confs=<EMPTY_MAP>
2019-10-16 18:00:26,140 [pool-9-thread-1] INFO  server.RaftServerConfigKeys (ConfUtils.java:logGet(43)) - raft.server.storage.dir = [/workdir/hadoop-ozone/integration-test/target/test-dir/dfs/f4c54511-b161-4347-aec5-5236dc80a0d8] (custom)
2019-10-16 18:00:26,141 [pool-9-thread-1] INFO  server.RaftServerConfigKeys (ConfUtils.java:logGet(43)) - raft.server.log.corruption.policy = EXCEPTION (default)
2019-10-16 18:00:26,141 [pool-9-thread-1] INFO  storage.RaftStorageDirectory (RaftStorageDirectory.java:analyzeStorage(246)) - The storage directory /workdir/hadoop-ozone/integration-test/target/test-dir/dfs/f4c54511-b161-4347-aec5-5236dc80a0d8/0bc2e957-a1ed-429f-a78c-efd1d20a002c does not exist. Creating ...
2019-10-16 18:00:26,148 [907b9765-214b-4864-b66a-d6e2a5789e5c@group-EFD1D20A002C-LeaderElection2] INFO  impl.LeaderElection (LogUtils.java:infoOrTrace(149)) - 907b9765-214b-4864-b66a-d6e2a5789e5c@group-EFD1D20A002C-LeaderElection2 got exception when requesting votes: {}
java.util.concurrent.ExecutionException: org.apache.ratis.thirdparty.io.grpc.StatusRuntimeException: UNAVAILABLE: io exception
	at java.util.concurrent.FutureTask.report(FutureTask.java:122)
	at java.util.concurrent.FutureTask.get(FutureTask.java:192)
	at org.apache.ratis.server.impl.LeaderElection.waitForResults(LeaderElection.java:259)
	at org.apache.ratis.server.impl.LeaderElection.askForVotes(LeaderElection.java:197)
	at org.apache.ratis.server.impl.LeaderElection.run(LeaderElection.java:133)
	at java.lang.Thread.run(Thread.java:748)
Caused by: org.apache.ratis.thirdparty.io.grpc.StatusRuntimeException: UNAVAILABLE: io exception
	at org.apache.ratis.thirdparty.io.grpc.stub.ClientCalls.toStatusRuntimeException(ClientCalls.java:233)
	at org.apache.ratis.thirdparty.io.grpc.stub.ClientCalls.getUnchecked(ClientCalls.java:214)
	at org.apache.ratis.thirdparty.io.grpc.stub.ClientCalls.blockingUnaryCall(ClientCalls.java:139)
	at org.apache.ratis.proto.grpc.RaftServerProtocolServiceGrpc$RaftServerProtocolServiceBlockingStub.requestVote(RaftServerProtocolServiceGrpc.java:265)
	at org.apache.ratis.grpc.server.GrpcServerProtocolClient.requestVote(GrpcServerProtocolClient.java:99)
	at org.apache.ratis.grpc.server.GrpcService.requestVote(GrpcService.java:204)
	at org.apache.ratis.server.impl.LeaderElection.lambda$submitRequests$1(LeaderElection.java:234)
	at java.util.concurrent.FutureTask.run(FutureTask.java:266)
	at java.util.concurrent.Executors$RunnableAdapter.call(Executors.java:511)
	at java.util.concurrent.FutureTask.run(FutureTask.java:266)
	at java.util.concurrent.ThreadPoolExecutor.runWorker(ThreadPoolExecutor.java:1149)
	at java.util.concurrent.ThreadPoolExecutor$Worker.run(ThreadPoolExecutor.java:624)
	... 1 more
Caused by: org.apache.ratis.thirdparty.io.netty.channel.AbstractChannel$AnnotatedConnectException: Connection refused: /0.0.0.0:42441
	at sun.nio.ch.SocketChannelImpl.checkConnect(Native Method)
	at sun.nio.ch.SocketChannelImpl.finishConnect(SocketChannelImpl.java:717)
	at org.apache.ratis.thirdparty.io.netty.channel.socket.nio.NioSocketChannel.doFinishConnect(NioSocketChannel.java:327)
	at org.apache.ratis.thirdparty.io.netty.channel.nio.AbstractNioChannel$AbstractNioUnsafe.finishConnect(AbstractNioChannel.java:340)
	at org.apache.ratis.thirdparty.io.netty.channel.nio.NioEventLoop.processSelectedKey(NioEventLoop.java:632)
	at org.apache.ratis.thirdparty.io.netty.channel.nio.NioEventLoop.processSelectedKeysOptimized(NioEventLoop.java:579)
	at org.apache.ratis.thirdparty.io.netty.channel.nio.NioEventLoop.processSelectedKeys(NioEventLoop.java:496)
	at org.apache.ratis.thirdparty.io.netty.channel.nio.NioEventLoop.run(NioEventLoop.java:458)
	at org.apache.ratis.thirdparty.io.netty.util.concurrent.SingleThreadEventExecutor$5.run(SingleThreadEventExecutor.java:897)
	at org.apache.ratis.thirdparty.io.netty.util.concurrent.FastThreadLocalRunnable.run(FastThreadLocalRunnable.java:30)
	... 1 more
Caused by: java.net.ConnectException: Connection refused
	... 11 more
2019-10-16 18:00:26,163 [pool-9-thread-1] INFO  storage.RaftStorageDirectory (RaftStorageDirectory.java:tryLock(328)) - Lock on /workdir/hadoop-ozone/integration-test/target/test-dir/dfs/f4c54511-b161-4347-aec5-5236dc80a0d8/0bc2e957-a1ed-429f-a78c-efd1d20a002c/in_use.lock acquired by nodename 24303@pr-hdds-1985-jd9hj-2873732589
2019-10-16 18:00:26,185 [pool-9-thread-1] INFO  storage.RaftStorage (RaftStorage.java:format(84)) - Storage directory /workdir/hadoop-ozone/integration-test/target/test-dir/dfs/f4c54511-b161-4347-aec5-5236dc80a0d8/0bc2e957-a1ed-429f-a78c-efd1d20a002c has been successfully formatted.
2019-10-16 18:00:26,185 [pool-9-thread-1] INFO  ratis.ContainerStateMachine (ContainerStateMachine.java:loadSnapshot(231)) - group-EFD1D20A002C: The snapshot info is null. Setting the last applied indexto:(t:0, i:~)
2019-10-16 18:00:26,186 [pool-9-thread-1] INFO  server.RaftServerConfigKeys (ConfUtils.java:logGet(43)) - raft.server.notification.no-leader.timeout = 120s (custom)
2019-10-16 18:00:26,186 [pool-9-thread-1] INFO  server.RaftServerConfigKeys (ConfUtils.java:logGet(43)) - raft.server.log.use.memory = false (default)
2019-10-16 18:00:26,186 [pool-9-thread-1] INFO  server.RaftServerConfigKeys (ConfUtils.java:logGet(43)) - raft.server.log.purge.gap = 1000000 (custom)
2019-10-16 18:00:26,187 [pool-9-thread-1] INFO  server.RaftServerConfigKeys (ConfUtils.java:logGet(43)) - raft.server.log.appender.buffer.byte-limit = 33554432 (custom)
2019-10-16 18:00:26,187 [pool-9-thread-1] INFO  server.RaftServerConfigKeys (ConfUtils.java:logGet(43)) - raft.server.log.segment.size.max = 1048576 (custom)
2019-10-16 18:00:26,193 [pool-9-thread-1] INFO  server.RaftServerConfigKeys (ConfUtils.java:logGet(43)) - raft.server.log.segment.cache.num.max = 2 (custom)
2019-10-16 18:00:26,193 [pool-9-thread-1] INFO  segmented.SegmentedRaftLogWorker (SegmentedRaftLogWorker.java:<init>(173)) - new f4c54511-b161-4347-aec5-5236dc80a0d8@group-EFD1D20A002C-SegmentedRaftLogWorker for RaftStorage:Storage Directory /workdir/hadoop-ozone/integration-test/target/test-dir/dfs/f4c54511-b161-4347-aec5-5236dc80a0d8/0bc2e957-a1ed-429f-a78c-efd1d20a002c
2019-10-16 18:00:26,193 [pool-9-thread-1] INFO  server.RaftServerConfigKeys (ConfUtils.java:logGet(43)) - raft.server.log.queue.byte-limit = 2147483647 (custom)
2019-10-16 18:00:26,194 [pool-9-thread-1] INFO  server.RaftServerConfigKeys (ConfUtils.java:logGet(43)) - raft.server.log.queue.element-limit = 1024 (custom)
2019-10-16 18:00:26,194 [pool-9-thread-1] INFO  server.RaftServerConfigKeys (ConfUtils.java:logGet(43)) - raft.server.log.segment.size.max = 1048576 (custom)
2019-10-16 18:00:26,194 [pool-9-thread-1] INFO  server.RaftServerConfigKeys (ConfUtils.java:logGet(43)) - raft.server.log.preallocated.size = 16384 (custom)
2019-10-16 18:00:26,194 [pool-9-thread-1] INFO  server.RaftServerConfigKeys (ConfUtils.java:logGet(43)) - raft.server.log.write.buffer.size = 33554432 (custom)
2019-10-16 18:00:26,195 [pool-9-thread-1] INFO  server.RaftServerConfigKeys (ConfUtils.java:logGet(43)) - raft.server.log.force.sync.num = 128 (default)
2019-10-16 18:00:26,195 [pool-9-thread-1] INFO  server.RaftServerConfigKeys (ConfUtils.java:logGet(43)) - raft.server.log.statemachine.data.sync = true (default)
2019-10-16 18:00:26,195 [pool-9-thread-1] INFO  server.RaftServerConfigKeys (ConfUtils.java:logGet(43)) - raft.server.log.statemachine.data.sync.timeout = 10s (default)
2019-10-16 18:00:26,196 [pool-9-thread-1] INFO  server.RaftServerConfigKeys (ConfUtils.java:logGet(43)) - raft.server.log.statemachine.data.sync.timeout.retry = -1 (default)
2019-10-16 18:00:26,197 [pool-9-thread-1] INFO  server.RaftServerConfigKeys (ConfUtils.java:logGet(43)) - raft.server.log.statemachine.data.caching.enabled = true (custom)
2019-10-16 18:00:26,204 [pool-9-thread-1] INFO  segmented.SegmentedRaftLogWorker (SegmentedRaftLogWorker.java:lambda$new$0(128)) - f4c54511-b161-4347-aec5-5236dc80a0d8@group-EFD1D20A002C-SegmentedRaftLogWorker: flushIndex: setUnconditionally 0 -> -1
2019-10-16 18:00:26,205 [pool-9-thread-1] INFO  server.RaftServerConfigKeys (ConfUtils.java:logGet(43)) - raft.server.snapshot.auto.trigger.enabled = true (custom)
2019-10-16 18:00:26,205 [pool-9-thread-1] INFO  server.RaftServerConfigKeys (ConfUtils.java:logGet(43)) - raft.server.snapshot.auto.trigger.threshold = 10000 (custom)
2019-10-16 18:00:26,206 [pool-9-thread-1] INFO  server.RaftServerConfigKeys (ConfUtils.java:logGet(43)) - raft.server.snapshot.retention.file.num = 5 (custom)
2019-10-16 18:00:26,206 [pool-9-thread-1] INFO  server.RaftServerConfigKeys (ConfUtils.java:logGet(43)) - raft.server.retrycache.expirytime = 600000ms (custom)
2019-10-16 18:00:26,215 [pool-9-thread-1] INFO  impl.RaftServerImpl (RaftServerImpl.java:start(195)) - f4c54511-b161-4347-aec5-5236dc80a0d8@group-EFD1D20A002C: start as a follower, conf=-1: [f4c54511-b161-4347-aec5-5236dc80a0d8:0.0.0.0:41238, 907b9765-214b-4864-b66a-d6e2a5789e5c:0.0.0.0:41650, bf55b3f9-6b09-4365-9d71-55289e083fa5:0.0.0.0:42441], old=null
2019-10-16 18:00:26,215 [pool-9-thread-1] INFO  impl.RaftServerImpl (RaftServerImpl.java:setRole(184)) - f4c54511-b161-4347-aec5-5236dc80a0d8@group-EFD1D20A002C: changes role from      null to FOLLOWER at term 0 for startAsFollower
2019-10-16 18:00:26,215 [pool-9-thread-1] INFO  impl.RoleInfo (RoleInfo.java:updateAndGet(143)) - f4c54511-b161-4347-aec5-5236dc80a0d8: start FollowerState
2019-10-16 18:00:26,216 [pool-9-thread-1] INFO  util.JmxRegister (JmxRegister.java:tryRegister(44)) - Successfully registered JMX Bean with object name Ratis:service=RaftServer,group=group-EFD1D20A002C,id=f4c54511-b161-4347-aec5-5236dc80a0d8
2019-10-16 18:00:26,218 [grpc-default-executor-0] INFO  impl.RaftServerImpl (RaftServerImpl.java:setRole(184)) - f4c54511-b161-4347-aec5-5236dc80a0d8@group-EFD1D20A002C: changes role from  FOLLOWER to FOLLOWER at term 1 for recognizeCandidate:907b9765-214b-4864-b66a-d6e2a5789e5c
2019-10-16 18:00:26,218 [grpc-default-executor-0] INFO  impl.RoleInfo (RoleInfo.java:shutdownFollowerState(121)) - f4c54511-b161-4347-aec5-5236dc80a0d8: shutdown FollowerState
2019-10-16 18:00:26,218 [grpc-default-executor-0] INFO  impl.RoleInfo (RoleInfo.java:updateAndGet(143)) - f4c54511-b161-4347-aec5-5236dc80a0d8: start FollowerState
2019-10-16 18:00:26,218 [Thread-24] INFO  impl.FollowerState (FollowerState.java:run(117)) - f4c54511-b161-4347-aec5-5236dc80a0d8@group-EFD1D20A002C-FollowerState was interrupted: java.lang.InterruptedException: sleep interrupted
2019-10-16 18:00:26,226 [main] INFO  impl.RaftServerProxy (ConfUtils.java:logGet(43)) - raft.rpc.type = GRPC (default)
2019-10-16 18:00:26,226 [main] INFO  grpc.GrpcFactory (GrpcFactory.java:checkPooledByteBufAllocatorUseCacheForAllThreads(45)) - PERFORMANCE WARNING: useCacheForAllThreads is true that may cause Netty to create a lot garbage objects and, as a result, trigger GC.
	It is recommended to disable useCacheForAllThreads by setting -Dorg.apache.ratis.thirdparty.io.netty.allocator.useCacheForAllThreads=false in command line.
2019-10-16 18:00:26,226 [main] INFO  grpc.GrpcConfigKeys$Server (ConfUtils.java:logGet(43)) - raft.grpc.server.port = 42441 (custom)
2019-10-16 18:00:26,227 [main] INFO  server.GrpcService (ConfUtils.java:logGet(43)) - raft.grpc.message.size.max = 33570816 (custom)
2019-10-16 18:00:26,227 [main] INFO  server.RaftServerConfigKeys (ConfUtils.java:logGet(43)) - raft.server.log.appender.buffer.byte-limit = 33554432 (custom)
2019-10-16 18:00:26,228 [main] INFO  server.GrpcService (ConfUtils.java:logGet(43)) - raft.grpc.flow.control.window = 1MB (=1048576) (default)
2019-10-16 18:00:26,228 [main] INFO  server.RaftServerConfigKeys (ConfUtils.java:logGet(43)) - raft.server.rpc.request.timeout = 3000ms (default)
2019-10-16 18:00:26,229 [main] INFO  server.RaftServerConfigKeys (ConfUtils.java:logGet(43)) - raft.server.storage.dir = [/workdir/hadoop-ozone/integration-test/target/test-dir/dfs/bf55b3f9-6b09-4365-9d71-55289e083fa5] (custom)
2019-10-16 18:00:26,229 [main] INFO  ratis.XceiverServerRatis (XceiverServerRatis.java:start(418)) - Starting XceiverServerRatis bf55b3f9-6b09-4365-9d71-55289e083fa5 at port 42441
2019-10-16 18:00:26,238 [main] INFO  impl.RaftServerProxy (RaftServerProxy.java:lambda$start$3(299)) - bf55b3f9-6b09-4365-9d71-55289e083fa5: start RPC server
2019-10-16 18:00:26,239 [main] INFO  server.GrpcService (GrpcService.java:startImpl(158)) - bf55b3f9-6b09-4365-9d71-55289e083fa5: GrpcService started, listening on 0.0.0.0/0.0.0.0:42441
2019-10-16 18:00:26,253 [907b9765-214b-4864-b66a-d6e2a5789e5c@group-EFD1D20A002C-LeaderElection2] INFO  impl.LeaderElection (LeaderElection.java:logAndReturn(56)) - 907b9765-214b-4864-b66a-d6e2a5789e5c@group-EFD1D20A002C-LeaderElection2: Election PASSED; received 1 response(s) [907b9765-214b-4864-b66a-d6e2a5789e5c<-f4c54511-b161-4347-aec5-5236dc80a0d8#0:OK-t1] and 1 exception(s); 907b9765-214b-4864-b66a-d6e2a5789e5c@group-EFD1D20A002C:t1, leader=null, voted=907b9765-214b-4864-b66a-d6e2a5789e5c, raftlog=907b9765-214b-4864-b66a-d6e2a5789e5c@group-EFD1D20A002C-SegmentedRaftLog:OPENED:c-1,f-1,i0, conf=-1: [f4c54511-b161-4347-aec5-5236dc80a0d8:0.0.0.0:41238, 907b9765-214b-4864-b66a-d6e2a5789e5c:0.0.0.0:41650, bf55b3f9-6b09-4365-9d71-55289e083fa5:0.0.0.0:42441], old=null
2019-10-16 18:00:26,253 [907b9765-214b-4864-b66a-d6e2a5789e5c@group-EFD1D20A002C-LeaderElection2] INFO  impl.LeaderElection (LogUtils.java:infoOrTrace(149)) -   Exception 0: {}
java.util.concurrent.ExecutionException: org.apache.ratis.thirdparty.io.grpc.StatusRuntimeException: UNAVAILABLE: io exception
	at java.util.concurrent.FutureTask.report(FutureTask.java:122)
	at java.util.concurrent.FutureTask.get(FutureTask.java:192)
	at org.apache.ratis.server.impl.LeaderElection.waitForResults(LeaderElection.java:259)
	at org.apache.ratis.server.impl.LeaderElection.askForVotes(LeaderElection.java:197)
	at org.apache.ratis.server.impl.LeaderElection.run(LeaderElection.java:133)
	at java.lang.Thread.run(Thread.java:748)
Caused by: org.apache.ratis.thirdparty.io.grpc.StatusRuntimeException: UNAVAILABLE: io exception
	at org.apache.ratis.thirdparty.io.grpc.stub.ClientCalls.toStatusRuntimeException(ClientCalls.java:233)
	at org.apache.ratis.thirdparty.io.grpc.stub.ClientCalls.getUnchecked(ClientCalls.java:214)
	at org.apache.ratis.thirdparty.io.grpc.stub.ClientCalls.blockingUnaryCall(ClientCalls.java:139)
	at org.apache.ratis.proto.grpc.RaftServerProtocolServiceGrpc$RaftServerProtocolServiceBlockingStub.requestVote(RaftServerProtocolServiceGrpc.java:265)
	at org.apache.ratis.grpc.server.GrpcServerProtocolClient.requestVote(GrpcServerProtocolClient.java:99)
	at org.apache.ratis.grpc.server.GrpcService.requestVote(GrpcService.java:204)
	at org.apache.ratis.server.impl.LeaderElection.lambda$submitRequests$1(LeaderElection.java:234)
	at java.util.concurrent.FutureTask.run(FutureTask.java:266)
	at java.util.concurrent.Executors$RunnableAdapter.call(Executors.java:511)
	at java.util.concurrent.FutureTask.run(FutureTask.java:266)
	at java.util.concurrent.ThreadPoolExecutor.runWorker(ThreadPoolExecutor.java:1149)
	at java.util.concurrent.ThreadPoolExecutor$Worker.run(ThreadPoolExecutor.java:624)
	... 1 more
Caused by: org.apache.ratis.thirdparty.io.netty.channel.AbstractChannel$AnnotatedConnectException: Connection refused: /0.0.0.0:42441
	at sun.nio.ch.SocketChannelImpl.checkConnect(Native Method)
	at sun.nio.ch.SocketChannelImpl.finishConnect(SocketChannelImpl.java:717)
	at org.apache.ratis.thirdparty.io.netty.channel.socket.nio.NioSocketChannel.doFinishConnect(NioSocketChannel.java:327)
	at org.apache.ratis.thirdparty.io.netty.channel.nio.AbstractNioChannel$AbstractNioUnsafe.finishConnect(AbstractNioChannel.java:340)
	at org.apache.ratis.thirdparty.io.netty.channel.nio.NioEventLoop.processSelectedKey(NioEventLoop.java:632)
	at org.apache.ratis.thirdparty.io.netty.channel.nio.NioEventLoop.processSelectedKeysOptimized(NioEventLoop.java:579)
	at org.apache.ratis.thirdparty.io.netty.channel.nio.NioEventLoop.processSelectedKeys(NioEventLoop.java:496)
	at org.apache.ratis.thirdparty.io.netty.channel.nio.NioEventLoop.run(NioEventLoop.java:458)
	at org.apache.ratis.thirdparty.io.netty.util.concurrent.SingleThreadEventExecutor$5.run(SingleThreadEventExecutor.java:897)
	at org.apache.ratis.thirdparty.io.netty.util.concurrent.FastThreadLocalRunnable.run(FastThreadLocalRunnable.java:30)
	... 1 more
Caused by: java.net.ConnectException: Connection refused
	... 11 more
2019-10-16 18:00:26,254 [907b9765-214b-4864-b66a-d6e2a5789e5c@group-EFD1D20A002C-LeaderElection2] INFO  impl.RoleInfo (RoleInfo.java:shutdownLeaderElection(134)) - 907b9765-214b-4864-b66a-d6e2a5789e5c: shutdown LeaderElection
2019-10-16 18:00:26,254 [907b9765-214b-4864-b66a-d6e2a5789e5c@group-EFD1D20A002C-LeaderElection2] INFO  impl.RaftServerImpl (RaftServerImpl.java:setRole(184)) - 907b9765-214b-4864-b66a-d6e2a5789e5c@group-EFD1D20A002C: changes role from CANDIDATE to LEADER at term 1 for changeToLeader
2019-10-16 18:00:26,255 [907b9765-214b-4864-b66a-d6e2a5789e5c@group-EFD1D20A002C-LeaderElection2] INFO  impl.RaftServerImpl (ServerState.java:setLeader(256)) - 907b9765-214b-4864-b66a-d6e2a5789e5c@group-EFD1D20A002C: change Leader from null to 907b9765-214b-4864-b66a-d6e2a5789e5c at term 1 for becomeLeader, leader elected after 199ms
2019-10-16 18:00:26,255 [907b9765-214b-4864-b66a-d6e2a5789e5c@group-EFD1D20A002C-LeaderElection2] INFO  server.RaftServerConfigKeys (ConfUtils.java:logGet(43)) - raft.server.staging.catchup.gap = 1000 (default)
2019-10-16 18:00:26,255 [907b9765-214b-4864-b66a-d6e2a5789e5c@group-EFD1D20A002C-LeaderElection2] INFO  server.RaftServerConfigKeys (ConfUtils.java:logGet(43)) - raft.server.rpc.sleep.time = 25ms (default)
2019-10-16 18:00:26,255 [907b9765-214b-4864-b66a-d6e2a5789e5c@group-EFD1D20A002C-LeaderElection2] INFO  server.RaftServerConfigKeys (ConfUtils.java:logGet(43)) - raft.server.write.element-limit = 4096 (default)
2019-10-16 18:00:26,256 [907b9765-214b-4864-b66a-d6e2a5789e5c@group-EFD1D20A002C-LeaderElection2] INFO  server.RaftServerConfigKeys (ConfUtils.java:logGet(43)) - raft.server.watch.timeout = 10s (default)
2019-10-16 18:00:26,256 [907b9765-214b-4864-b66a-d6e2a5789e5c@group-EFD1D20A002C-LeaderElection2] INFO  server.RaftServerConfigKeys (ConfUtils.java:logGet(43)) - raft.server.watch.timeout.denomination = 1s (default)
2019-10-16 18:00:26,256 [907b9765-214b-4864-b66a-d6e2a5789e5c@group-EFD1D20A002C-LeaderElection2] INFO  server.RaftServerConfigKeys (ConfUtils.java:logGet(43)) - raft.server.watch.element-limit = 65536 (default)
2019-10-16 18:00:26,262 [907b9765-214b-4864-b66a-d6e2a5789e5c@group-EFD1D20A002C-LeaderElection2] INFO  server.RaftServerConfigKeys (ConfUtils.java:logGet(43)) - raft.server.log.appender.snapshot.chunk.size.max = 16MB (=16777216) (default)
2019-10-16 18:00:26,262 [907b9765-214b-4864-b66a-d6e2a5789e5c@group-EFD1D20A002C-LeaderElection2] INFO  server.RaftServerConfigKeys (ConfUtils.java:logGet(43)) - raft.server.log.appender.buffer.byte-limit = 33554432 (custom)
2019-10-16 18:00:26,263 [907b9765-214b-4864-b66a-d6e2a5789e5c@group-EFD1D20A002C-LeaderElection2] INFO  server.RaftServerConfigKeys (ConfUtils.java:logGet(43)) - raft.server.log.appender.buffer.element-limit = 1 (custom)
2019-10-16 18:00:26,265 [Thread-25] INFO  impl.FollowerState (FollowerState.java:run(108)) - f4c54511-b161-4347-aec5-5236dc80a0d8@group-EFD1D20A002C-FollowerState: change to CANDIDATE, lastRpcTime:47ms, electionTimeout:46ms
2019-10-16 18:00:26,266 [Thread-25] INFO  impl.RoleInfo (RoleInfo.java:shutdownFollowerState(121)) - f4c54511-b161-4347-aec5-5236dc80a0d8: shutdown FollowerState
2019-10-16 18:00:26,266 [Thread-25] INFO  impl.RaftServerImpl (RaftServerImpl.java:setRole(184)) - f4c54511-b161-4347-aec5-5236dc80a0d8@group-EFD1D20A002C: changes role from  FOLLOWER to CANDIDATE at term 1 for changeToCandidate
2019-10-16 18:00:26,266 [grpc-default-executor-0] INFO  impl.RaftServerProxy (RaftServerProxy.java:addNew(89)) - bf55b3f9-6b09-4365-9d71-55289e083fa5: addNew group-EFD1D20A002C:[f4c54511-b161-4347-aec5-5236dc80a0d8:0.0.0.0:41238, 907b9765-214b-4864-b66a-d6e2a5789e5c:0.0.0.0:41650, bf55b3f9-6b09-4365-9d71-55289e083fa5:0.0.0.0:42441] returns group-EFD1D20A002C:java.util.concurrent.CompletableFuture@2d7ad658[Not completed]
2019-10-16 18:00:26,267 [Thread-25] INFO  impl.RoleInfo (RoleInfo.java:updateAndGet(143)) - f4c54511-b161-4347-aec5-5236dc80a0d8: start LeaderElection
2019-10-16 18:00:26,268 [907b9765-214b-4864-b66a-d6e2a5789e5c@group-EFD1D20A002C-LeaderElection2] INFO  grpc.GrpcConfigKeys$Server (ConfUtils.java:logGet(43)) - raft.grpc.server.leader.outstanding.appends.max = 128 (default)
2019-10-16 18:00:26,268 [907b9765-214b-4864-b66a-d6e2a5789e5c@group-EFD1D20A002C-LeaderElection2] INFO  server.RaftServerConfigKeys (ConfUtils.java:logGet(43)) - raft.server.rpc.request.timeout = 3000ms (default)
2019-10-16 18:00:26,268 [907b9765-214b-4864-b66a-d6e2a5789e5c@group-EFD1D20A002C-LeaderElection2] INFO  server.RaftServerConfigKeys (ConfUtils.java:logGet(43)) - raft.server.log.appender.install.snapshot.enabled = false (custom)
2019-10-16 18:00:26,271 [pool-11-thread-1] INFO  impl.RaftServerImpl (RaftServerImpl.java:<init>(104)) - bf55b3f9-6b09-4365-9d71-55289e083fa5: new RaftServerImpl for group-EFD1D20A002C:[f4c54511-b161-4347-aec5-5236dc80a0d8:0.0.0.0:41238, 907b9765-214b-4864-b66a-d6e2a5789e5c:0.0.0.0:41650, bf55b3f9-6b09-4365-9d71-55289e083fa5:0.0.0.0:42441] with ContainerStateMachine:uninitialized
2019-10-16 18:00:26,272 [pool-11-thread-1] INFO  server.RaftServerConfigKeys (ConfUtils.java:logGet(43)) - raft.server.rpc.timeout.min = 5s (custom)
2019-10-16 18:00:26,272 [pool-11-thread-1] INFO  server.RaftServerConfigKeys (ConfUtils.java:logGet(43)) - raft.server.rpc.timeout.max = 5200ms (custom)
2019-10-16 18:00:26,273 [pool-11-thread-1] INFO  server.RaftServerConfigKeys (ConfUtils.java:logGet(43)) - raft.server.rpcslowness.timeout = 120s (custom)
2019-10-16 18:00:26,273 [pool-11-thread-1] INFO  server.RaftServerConfigKeys (ConfUtils.java:logGet(43)) - raft.server.sleep.deviation.threshold = 300 (default)
2019-10-16 18:00:26,273 [pool-11-thread-1] INFO  server.RaftServerConfigKeys (ConfUtils.java:logGet(43)) - raft.server.log.appender.install.snapshot.enabled = false (custom)
2019-10-16 18:00:26,274 [pool-11-thread-1] INFO  impl.RaftServerImpl (ServerState.java:<init>(103)) - bf55b3f9-6b09-4365-9d71-55289e083fa5@group-EFD1D20A002C: ConfigurationManager, init=-1: [f4c54511-b161-4347-aec5-5236dc80a0d8:0.0.0.0:41238, 907b9765-214b-4864-b66a-d6e2a5789e5c:0.0.0.0:41650, bf55b3f9-6b09-4365-9d71-55289e083fa5:0.0.0.0:42441], old=null, confs=<EMPTY_MAP>
2019-10-16 18:00:26,274 [pool-11-thread-1] INFO  server.RaftServerConfigKeys (ConfUtils.java:logGet(43)) - raft.server.storage.dir = [/workdir/hadoop-ozone/integration-test/target/test-dir/dfs/bf55b3f9-6b09-4365-9d71-55289e083fa5] (custom)
2019-10-16 18:00:26,275 [907b9765-214b-4864-b66a-d6e2a5789e5c@group-EFD1D20A002C-LeaderElection2] INFO  server.RaftServerConfigKeys (ConfUtils.java:logGet(43)) - raft.server.log.appender.snapshot.chunk.size.max = 16MB (=16777216) (default)
2019-10-16 18:00:26,275 [pool-11-thread-1] INFO  server.RaftServerConfigKeys (ConfUtils.java:logGet(43)) - raft.server.log.corruption.policy = EXCEPTION (default)
2019-10-16 18:00:26,275 [907b9765-214b-4864-b66a-d6e2a5789e5c@group-EFD1D20A002C-LeaderElection2] INFO  server.RaftServerConfigKeys (ConfUtils.java:logGet(43)) - raft.server.log.appender.buffer.byte-limit = 33554432 (custom)
2019-10-16 18:00:26,275 [pool-11-thread-1] INFO  storage.RaftStorageDirectory (RaftStorageDirectory.java:analyzeStorage(246)) - The storage directory /workdir/hadoop-ozone/integration-test/target/test-dir/dfs/bf55b3f9-6b09-4365-9d71-55289e083fa5/0bc2e957-a1ed-429f-a78c-efd1d20a002c does not exist. Creating ...
2019-10-16 18:00:26,275 [907b9765-214b-4864-b66a-d6e2a5789e5c@group-EFD1D20A002C-LeaderElection2] INFO  server.RaftServerConfigKeys (ConfUtils.java:logGet(43)) - raft.server.log.appender.buffer.element-limit = 1 (custom)
2019-10-16 18:00:26,276 [907b9765-214b-4864-b66a-d6e2a5789e5c@group-EFD1D20A002C-LeaderElection2] INFO  grpc.GrpcConfigKeys$Server (ConfUtils.java:logGet(43)) - raft.grpc.server.leader.outstanding.appends.max = 128 (default)
2019-10-16 18:00:26,276 [907b9765-214b-4864-b66a-d6e2a5789e5c@group-EFD1D20A002C-LeaderElection2] INFO  server.RaftServerConfigKeys (ConfUtils.java:logGet(43)) - raft.server.rpc.request.timeout = 3000ms (default)
2019-10-16 18:00:26,276 [907b9765-214b-4864-b66a-d6e2a5789e5c@group-EFD1D20A002C-LeaderElection2] INFO  server.RaftServerConfigKeys (ConfUtils.java:logGet(43)) - raft.server.log.appender.install.snapshot.enabled = false (custom)
2019-10-16 18:00:26,280 [907b9765-214b-4864-b66a-d6e2a5789e5c@group-EFD1D20A002C-LeaderElection2] INFO  impl.RoleInfo (RoleInfo.java:updateAndGet(143)) - 907b9765-214b-4864-b66a-d6e2a5789e5c: start LeaderState
2019-10-16 18:00:26,281 [907b9765-214b-4864-b66a-d6e2a5789e5c@group-EFD1D20A002C-LeaderElection2] INFO  segmented.SegmentedRaftLogWorker (SegmentedRaftLogWorker.java:startLogSegment(385)) - 907b9765-214b-4864-b66a-d6e2a5789e5c@group-EFD1D20A002C-SegmentedRaftLogWorker: Starting segment from index:0
2019-10-16 18:00:26,281 [907b9765-214b-4864-b66a-d6e2a5789e5c@group-EFD1D20A002C-LeaderElection2] INFO  impl.RaftServerImpl (ServerState.java:setRaftConf(357)) - 907b9765-214b-4864-b66a-d6e2a5789e5c@group-EFD1D20A002C: set configuration 0: [f4c54511-b161-4347-aec5-5236dc80a0d8:0.0.0.0:41238, 907b9765-214b-4864-b66a-d6e2a5789e5c:0.0.0.0:41650, bf55b3f9-6b09-4365-9d71-55289e083fa5:0.0.0.0:42441], old=null at 0
2019-10-16 18:00:26,316 [f4c54511-b161-4347-aec5-5236dc80a0d8@group-EFD1D20A002C-LeaderElection3] INFO  impl.LeaderElection (LeaderElection.java:askForVotes(178)) - f4c54511-b161-4347-aec5-5236dc80a0d8@group-EFD1D20A002C-LeaderElection3: begin an election at term 2 for -1: [f4c54511-b161-4347-aec5-5236dc80a0d8:0.0.0.0:41238, 907b9765-214b-4864-b66a-d6e2a5789e5c:0.0.0.0:41650, bf55b3f9-6b09-4365-9d71-55289e083fa5:0.0.0.0:42441], old=null
2019-10-16 18:00:26,330 [grpc-default-executor-0] WARN  server.GrpcLogAppender (LogUtils.java:warn(134)) - 907b9765-214b-4864-b66a-d6e2a5789e5c@group-EFD1D20A002C->bf55b3f9-6b09-4365-9d71-55289e083fa5-AppendLogResponseHandler: Failed appendEntries: org.apache.ratis.thirdparty.io.grpc.StatusRuntimeException: UNAVAILABLE: io exception
2019-10-16 18:00:26,331 [grpc-default-executor-1] INFO  impl.RaftServerImpl (ServerState.java:setLeader(256)) - 907b9765-214b-4864-b66a-d6e2a5789e5c@group-EFD1D20A002C: change Leader from 907b9765-214b-4864-b66a-d6e2a5789e5c to null at term 2 for updateCurrentTerm
2019-10-16 18:00:26,331 [grpc-default-executor-1] INFO  impl.RaftServerImpl (RaftServerImpl.java:setRole(184)) - 907b9765-214b-4864-b66a-d6e2a5789e5c@group-EFD1D20A002C: changes role from    LEADER to FOLLOWER at term 2 for recognizeCandidate:f4c54511-b161-4347-aec5-5236dc80a0d8
2019-10-16 18:00:26,331 [grpc-default-executor-1] INFO  impl.RoleInfo (RoleInfo.java:shutdownLeaderState(104)) - 907b9765-214b-4864-b66a-d6e2a5789e5c: shutdown LeaderState
2019-10-16 18:00:26,333 [org.apache.ratis.server.impl.LogAppender$AppenderDaemon$$Lambda$402/753211800@1321fbe2] WARN  server.GrpcLogAppender (GrpcLogAppender.java:mayWait(149)) - 907b9765-214b-4864-b66a-d6e2a5789e5c@group-EFD1D20A002C->f4c54511-b161-4347-aec5-5236dc80a0d8-GrpcLogAppender: Wait interrupted by java.lang.InterruptedException
2019-10-16 18:00:26,333 [org.apache.ratis.server.impl.LogAppender$AppenderDaemon$$Lambda$402/753211800@48d24981] WARN  server.GrpcLogAppender (GrpcLogAppender.java:mayWait(149)) - 907b9765-214b-4864-b66a-d6e2a5789e5c@group-EFD1D20A002C->bf55b3f9-6b09-4365-9d71-55289e083fa5-GrpcLogAppender: Wait interrupted by java.lang.InterruptedException
2019-10-16 18:00:26,334 [grpc-default-executor-1] INFO  impl.PendingRequests (PendingRequests.java:sendNotLeaderResponses(202)) - 907b9765-214b-4864-b66a-d6e2a5789e5c@group-EFD1D20A002C-PendingRequests: sendNotLeaderResponses
2019-10-16 18:00:26,335 [grpc-default-executor-1] INFO  impl.RoleInfo (RoleInfo.java:updateAndGet(143)) - 907b9765-214b-4864-b66a-d6e2a5789e5c: start FollowerState
2019-10-16 18:00:26,338 [pool-11-thread-1] INFO  storage.RaftStorageDirectory (RaftStorageDirectory.java:tryLock(328)) - Lock on /workdir/hadoop-ozone/integration-test/target/test-dir/dfs/bf55b3f9-6b09-4365-9d71-55289e083fa5/0bc2e957-a1ed-429f-a78c-efd1d20a002c/in_use.lock acquired by nodename 24303@pr-hdds-1985-jd9hj-2873732589
2019-10-16 18:00:26,338 [907b9765-214b-4864-b66a-d6e2a5789e5c@group-EFD1D20A002C-SegmentedRaftLogWorker] INFO  segmented.SegmentedRaftLogWorker (SegmentedRaftLogWorker.java:execute(576)) - 907b9765-214b-4864-b66a-d6e2a5789e5c@group-EFD1D20A002C-SegmentedRaftLogWorker: created new log segment /workdir/hadoop-ozone/integration-test/target/test-dir/dfs/907b9765-214b-4864-b66a-d6e2a5789e5c/0bc2e957-a1ed-429f-a78c-efd1d20a002c/current/log_inprogress_0
2019-10-16 18:00:26,349 [grpc-default-executor-2] INFO  server.GrpcServerProtocolService (GrpcServerProtocolService.java:onCompleted(113)) - f4c54511-b161-4347-aec5-5236dc80a0d8: Completed APPEND_ENTRIES, lastRequest: 907b9765-214b-4864-b66a-d6e2a5789e5c->f4c54511-b161-4347-aec5-5236dc80a0d8#0-t1, previous=(t:0, i:0), leaderCommit=-1, initializing? false, entries: <empty>
2019-10-16 18:00:26,362 [pool-11-thread-1] INFO  storage.RaftStorage (RaftStorage.java:format(84)) - Storage directory /workdir/hadoop-ozone/integration-test/target/test-dir/dfs/bf55b3f9-6b09-4365-9d71-55289e083fa5/0bc2e957-a1ed-429f-a78c-efd1d20a002c has been successfully formatted.
2019-10-16 18:00:26,362 [grpc-default-executor-0] INFO  server.GrpcLogAppender (GrpcLogAppender.java:onCompleted(308)) - 907b9765-214b-4864-b66a-d6e2a5789e5c@group-EFD1D20A002C->f4c54511-b161-4347-aec5-5236dc80a0d8-AppendLogResponseHandler: follower responses appendEntries COMPLETED
2019-10-16 18:00:26,363 [pool-11-thread-1] INFO  ratis.ContainerStateMachine (ContainerStateMachine.java:loadSnapshot(231)) - group-EFD1D20A002C: The snapshot info is null. Setting the last applied indexto:(t:0, i:~)
2019-10-16 18:00:26,364 [pool-11-thread-1] INFO  server.RaftServerConfigKeys (ConfUtils.java:logGet(43)) - raft.server.notification.no-leader.timeout = 120s (custom)
2019-10-16 18:00:26,364 [pool-11-thread-1] INFO  server.RaftServerConfigKeys (ConfUtils.java:logGet(43)) - raft.server.log.use.memory = false (default)
2019-10-16 18:00:26,364 [pool-11-thread-1] INFO  server.RaftServerConfigKeys (ConfUtils.java:logGet(43)) - raft.server.log.purge.gap = 1000000 (custom)
2019-10-16 18:00:26,365 [pool-11-thread-1] INFO  server.RaftServerConfigKeys (ConfUtils.java:logGet(43)) - raft.server.log.appender.buffer.byte-limit = 33554432 (custom)
2019-10-16 18:00:26,366 [pool-11-thread-1] INFO  server.RaftServerConfigKeys (ConfUtils.java:logGet(43)) - raft.server.log.segment.size.max = 1048576 (custom)
2019-10-16 18:00:26,368 [grpc-default-executor-0] INFO  impl.FollowerInfo (FollowerInfo.java:lambda$new$0(51)) - 907b9765-214b-4864-b66a-d6e2a5789e5c@group-EFD1D20A002C->f4c54511-b161-4347-aec5-5236dc80a0d8: nextIndex: updateUnconditionally 0 -> 0
2019-10-16 18:00:26,369 [pool-11-thread-1] INFO  server.RaftServerConfigKeys (ConfUtils.java:logGet(43)) - raft.server.log.segment.cache.num.max = 2 (custom)
2019-10-16 18:00:26,369 [pool-11-thread-1] INFO  segmented.SegmentedRaftLogWorker (SegmentedRaftLogWorker.java:<init>(173)) - new bf55b3f9-6b09-4365-9d71-55289e083fa5@group-EFD1D20A002C-SegmentedRaftLogWorker for RaftStorage:Storage Directory /workdir/hadoop-ozone/integration-test/target/test-dir/dfs/bf55b3f9-6b09-4365-9d71-55289e083fa5/0bc2e957-a1ed-429f-a78c-efd1d20a002c
2019-10-16 18:00:26,370 [pool-11-thread-1] INFO  server.RaftServerConfigKeys (ConfUtils.java:logGet(43)) - raft.server.log.queue.byte-limit = 2147483647 (custom)
2019-10-16 18:00:26,370 [pool-11-thread-1] INFO  server.RaftServerConfigKeys (ConfUtils.java:logGet(43)) - raft.server.log.queue.element-limit = 1024 (custom)
2019-10-16 18:00:26,370 [pool-11-thread-1] INFO  server.RaftServerConfigKeys (ConfUtils.java:logGet(43)) - raft.server.log.segment.size.max = 1048576 (custom)
2019-10-16 18:00:26,370 [pool-11-thread-1] INFO  server.RaftServerConfigKeys (ConfUtils.java:logGet(43)) - raft.server.log.preallocated.size = 16384 (custom)
2019-10-16 18:00:26,370 [pool-11-thread-1] INFO  server.RaftServerConfigKeys (ConfUtils.java:logGet(43)) - raft.server.log.write.buffer.size = 33554432 (custom)
2019-10-16 18:00:26,370 [pool-11-thread-1] INFO  server.RaftServerConfigKeys (ConfUtils.java:logGet(43)) - raft.server.log.force.sync.num = 128 (default)
2019-10-16 18:00:26,370 [pool-11-thread-1] INFO  server.RaftServerConfigKeys (ConfUtils.java:logGet(43)) - raft.server.log.statemachine.data.sync = true (default)
2019-10-16 18:00:26,370 [pool-11-thread-1] INFO  server.RaftServerConfigKeys (ConfUtils.java:logGet(43)) - raft.server.log.statemachine.data.sync.timeout = 10s (default)
2019-10-16 18:00:26,371 [pool-11-thread-1] INFO  server.RaftServerConfigKeys (ConfUtils.java:logGet(43)) - raft.server.log.statemachine.data.sync.timeout.retry = -1 (default)
2019-10-16 18:00:26,371 [pool-11-thread-1] INFO  server.RaftServerConfigKeys (ConfUtils.java:logGet(43)) - raft.server.log.statemachine.data.caching.enabled = true (custom)
2019-10-16 18:00:26,372 [pool-11-thread-1] INFO  segmented.SegmentedRaftLogWorker (SegmentedRaftLogWorker.java:lambda$new$0(128)) - bf55b3f9-6b09-4365-9d71-55289e083fa5@group-EFD1D20A002C-SegmentedRaftLogWorker: flushIndex: setUnconditionally 0 -> -1
2019-10-16 18:00:26,372 [pool-11-thread-1] INFO  server.RaftServerConfigKeys (ConfUtils.java:logGet(43)) - raft.server.snapshot.auto.trigger.enabled = true (custom)
2019-10-16 18:00:26,372 [pool-11-thread-1] INFO  server.RaftServerConfigKeys (ConfUtils.java:logGet(43)) - raft.server.snapshot.auto.trigger.threshold = 10000 (custom)
2019-10-16 18:00:26,372 [pool-11-thread-1] INFO  server.RaftServerConfigKeys (ConfUtils.java:logGet(43)) - raft.server.snapshot.retention.file.num = 5 (custom)
2019-10-16 18:00:26,372 [pool-11-thread-1] INFO  server.RaftServerConfigKeys (ConfUtils.java:logGet(43)) - raft.server.retrycache.expirytime = 600000ms (custom)
2019-10-16 18:00:26,376 [pool-11-thread-1] INFO  impl.RaftServerImpl (RaftServerImpl.java:start(195)) - bf55b3f9-6b09-4365-9d71-55289e083fa5@group-EFD1D20A002C: start as a follower, conf=-1: [f4c54511-b161-4347-aec5-5236dc80a0d8:0.0.0.0:41238, 907b9765-214b-4864-b66a-d6e2a5789e5c:0.0.0.0:41650, bf55b3f9-6b09-4365-9d71-55289e083fa5:0.0.0.0:42441], old=null
2019-10-16 18:00:26,376 [pool-11-thread-1] INFO  impl.RaftServerImpl (RaftServerImpl.java:setRole(184)) - bf55b3f9-6b09-4365-9d71-55289e083fa5@group-EFD1D20A002C: changes role from      null to FOLLOWER at term 0 for startAsFollower
2019-10-16 18:00:26,376 [pool-11-thread-1] INFO  impl.RoleInfo (RoleInfo.java:updateAndGet(143)) - bf55b3f9-6b09-4365-9d71-55289e083fa5: start FollowerState
2019-10-16 18:00:26,377 [pool-11-thread-1] INFO  util.JmxRegister (JmxRegister.java:tryRegister(44)) - Successfully registered JMX Bean with object name Ratis:service=RaftServer,group=group-EFD1D20A002C,id=bf55b3f9-6b09-4365-9d71-55289e083fa5
2019-10-16 18:00:26,377 [grpc-default-executor-3] WARN  server.GrpcServerProtocolService (LogUtils.java:warn(134)) - bf55b3f9-6b09-4365-9d71-55289e083fa5: Failed requestVote f4c54511-b161-4347-aec5-5236dc80a0d8->bf55b3f9-6b09-4365-9d71-55289e083fa5#0: org.apache.ratis.protocol.ServerNotReadyException: bf55b3f9-6b09-4365-9d71-55289e083fa5@group-EFD1D20A002C is not in [RUNNING]: current state is STARTING
2019-10-16 18:00:26,387 [Thread-37] INFO  impl.FollowerState (FollowerState.java:run(108)) - bf55b3f9-6b09-4365-9d71-55289e083fa5@group-EFD1D20A002C-FollowerState: change to CANDIDATE, lastRpcTime:10ms, electionTimeout:10ms
2019-10-16 18:00:26,388 [Thread-37] INFO  impl.RoleInfo (RoleInfo.java:shutdownFollowerState(121)) - bf55b3f9-6b09-4365-9d71-55289e083fa5: shutdown FollowerState
2019-10-16 18:00:26,388 [Thread-37] INFO  impl.RaftServerImpl (RaftServerImpl.java:setRole(184)) - bf55b3f9-6b09-4365-9d71-55289e083fa5@group-EFD1D20A002C: changes role from  FOLLOWER to CANDIDATE at term 0 for changeToCandidate
2019-10-16 18:00:26,388 [Thread-37] INFO  impl.RoleInfo (RoleInfo.java:updateAndGet(143)) - bf55b3f9-6b09-4365-9d71-55289e083fa5: start LeaderElection
2019-10-16 18:00:26,422 [f4c54511-b161-4347-aec5-5236dc80a0d8@group-EFD1D20A002C-LeaderElection3] INFO  impl.LeaderElection (LogUtils.java:infoOrTrace(149)) - f4c54511-b161-4347-aec5-5236dc80a0d8@group-EFD1D20A002C-LeaderElection3 got exception when requesting votes: {}
java.util.concurrent.ExecutionException: org.apache.ratis.thirdparty.io.grpc.StatusRuntimeException: INTERNAL: bf55b3f9-6b09-4365-9d71-55289e083fa5@group-EFD1D20A002C is not in [RUNNING]: current state is STARTING
	at java.util.concurrent.FutureTask.report(FutureTask.java:122)
	at java.util.concurrent.FutureTask.get(FutureTask.java:192)
	at org.apache.ratis.server.impl.LeaderElection.waitForResults(LeaderElection.java:259)
	at org.apache.ratis.server.impl.LeaderElection.askForVotes(LeaderElection.java:197)
	at org.apache.ratis.server.impl.LeaderElection.run(LeaderElection.java:133)
	at java.lang.Thread.run(Thread.java:748)
Caused by: org.apache.ratis.thirdparty.io.grpc.StatusRuntimeException: INTERNAL: bf55b3f9-6b09-4365-9d71-55289e083fa5@group-EFD1D20A002C is not in [RUNNING]: current state is STARTING
	at org.apache.ratis.thirdparty.io.grpc.stub.ClientCalls.toStatusRuntimeException(ClientCalls.java:233)
	at org.apache.ratis.thirdparty.io.grpc.stub.ClientCalls.getUnchecked(ClientCalls.java:214)
	at org.apache.ratis.thirdparty.io.grpc.stub.ClientCalls.blockingUnaryCall(ClientCalls.java:139)
	at org.apache.ratis.proto.grpc.RaftServerProtocolServiceGrpc$RaftServerProtocolServiceBlockingStub.requestVote(RaftServerProtocolServiceGrpc.java:265)
	at org.apache.ratis.grpc.server.GrpcServerProtocolClient.requestVote(GrpcServerProtocolClient.java:99)
	at org.apache.ratis.grpc.server.GrpcService.requestVote(GrpcService.java:204)
	at org.apache.ratis.server.impl.LeaderElection.lambda$submitRequests$1(LeaderElection.java:234)
	at java.util.concurrent.FutureTask.run(FutureTask.java:266)
	at java.util.concurrent.Executors$RunnableAdapter.call(Executors.java:511)
	at java.util.concurrent.FutureTask.run(FutureTask.java:266)
	at java.util.concurrent.ThreadPoolExecutor.runWorker(ThreadPoolExecutor.java:1149)
	at java.util.concurrent.ThreadPoolExecutor$Worker.run(ThreadPoolExecutor.java:624)
	... 1 more
2019-10-16 18:00:26,423 [f4c54511-b161-4347-aec5-5236dc80a0d8@group-EFD1D20A002C-LeaderElection3] INFO  impl.LeaderElection (LeaderElection.java:logAndReturn(56)) - f4c54511-b161-4347-aec5-5236dc80a0d8@group-EFD1D20A002C-LeaderElection3: Election REJECTED; received 1 response(s) [f4c54511-b161-4347-aec5-5236dc80a0d8<-907b9765-214b-4864-b66a-d6e2a5789e5c#0:FAIL-t2] and 1 exception(s); f4c54511-b161-4347-aec5-5236dc80a0d8@group-EFD1D20A002C:t2, leader=null, voted=f4c54511-b161-4347-aec5-5236dc80a0d8, raftlog=f4c54511-b161-4347-aec5-5236dc80a0d8@group-EFD1D20A002C-SegmentedRaftLog:OPENED:c-1,f-1,i0, conf=-1: [f4c54511-b161-4347-aec5-5236dc80a0d8:0.0.0.0:41238, 907b9765-214b-4864-b66a-d6e2a5789e5c:0.0.0.0:41650, bf55b3f9-6b09-4365-9d71-55289e083fa5:0.0.0.0:42441], old=null
2019-10-16 18:00:26,423 [f4c54511-b161-4347-aec5-5236dc80a0d8@group-EFD1D20A002C-LeaderElection3] INFO  impl.LeaderElection (LogUtils.java:infoOrTrace(149)) -   Exception 0: {}
java.util.concurrent.ExecutionException: org.apache.ratis.thirdparty.io.grpc.StatusRuntimeException: INTERNAL: bf55b3f9-6b09-4365-9d71-55289e083fa5@group-EFD1D20A002C is not in [RUNNING]: current state is STARTING
	at java.util.concurrent.FutureTask.report(FutureTask.java:122)
	at java.util.concurrent.FutureTask.get(FutureTask.java:192)
	at org.apache.ratis.server.impl.LeaderElection.waitForResults(LeaderElection.java:259)
	at org.apache.ratis.server.impl.LeaderElection.askForVotes(LeaderElection.java:197)
	at org.apache.ratis.server.impl.LeaderElection.run(LeaderElection.java:133)
	at java.lang.Thread.run(Thread.java:748)
Caused by: org.apache.ratis.thirdparty.io.grpc.StatusRuntimeException: INTERNAL: bf55b3f9-6b09-4365-9d71-55289e083fa5@group-EFD1D20A002C is not in [RUNNING]: current state is STARTING
	at org.apache.ratis.thirdparty.io.grpc.stub.ClientCalls.toStatusRuntimeException(ClientCalls.java:233)
	at org.apache.ratis.thirdparty.io.grpc.stub.ClientCalls.getUnchecked(ClientCalls.java:214)
	at org.apache.ratis.thirdparty.io.grpc.stub.ClientCalls.blockingUnaryCall(ClientCalls.java:139)
	at org.apache.ratis.proto.grpc.RaftServerProtocolServiceGrpc$RaftServerProtocolServiceBlockingStub.requestVote(RaftServerProtocolServiceGrpc.java:265)
	at org.apache.ratis.grpc.server.GrpcServerProtocolClient.requestVote(GrpcServerProtocolClient.java:99)
	at org.apache.ratis.grpc.server.GrpcService.requestVote(GrpcService.java:204)
	at org.apache.ratis.server.impl.LeaderElection.lambda$submitRequests$1(LeaderElection.java:234)
	at java.util.concurrent.FutureTask.run(FutureTask.java:266)
	at java.util.concurrent.Executors$RunnableAdapter.call(Executors.java:511)
	at java.util.concurrent.FutureTask.run(FutureTask.java:266)
	at java.util.concurrent.ThreadPoolExecutor.runWorker(ThreadPoolExecutor.java:1149)
	at java.util.concurrent.ThreadPoolExecutor$Worker.run(ThreadPoolExecutor.java:624)
	... 1 more
2019-10-16 18:00:26,424 [f4c54511-b161-4347-aec5-5236dc80a0d8@group-EFD1D20A002C-LeaderElection3] INFO  impl.RaftServerImpl (RaftServerImpl.java:setRole(184)) - f4c54511-b161-4347-aec5-5236dc80a0d8@group-EFD1D20A002C: changes role from CANDIDATE to FOLLOWER at term 2 for DISCOVERED_A_NEW_TERM
2019-10-16 18:00:26,424 [f4c54511-b161-4347-aec5-5236dc80a0d8@group-EFD1D20A002C-LeaderElection3] INFO  impl.RoleInfo (RoleInfo.java:shutdownLeaderElection(134)) - f4c54511-b161-4347-aec5-5236dc80a0d8: shutdown LeaderElection
2019-10-16 18:00:26,425 [f4c54511-b161-4347-aec5-5236dc80a0d8@group-EFD1D20A002C-LeaderElection3] INFO  impl.RoleInfo (RoleInfo.java:updateAndGet(143)) - f4c54511-b161-4347-aec5-5236dc80a0d8: start FollowerState
2019-10-16 18:00:26,431 [bf55b3f9-6b09-4365-9d71-55289e083fa5@group-EFD1D20A002C-LeaderElection4] INFO  impl.LeaderElection (LeaderElection.java:askForVotes(178)) - bf55b3f9-6b09-4365-9d71-55289e083fa5@group-EFD1D20A002C-LeaderElection4: begin an election at term 1 for -1: [f4c54511-b161-4347-aec5-5236dc80a0d8:0.0.0.0:41238, 907b9765-214b-4864-b66a-d6e2a5789e5c:0.0.0.0:41650, bf55b3f9-6b09-4365-9d71-55289e083fa5:0.0.0.0:42441], old=null
2019-10-16 18:00:26,444 [bf55b3f9-6b09-4365-9d71-55289e083fa5@group-EFD1D20A002C-LeaderElection4] INFO  impl.LeaderElection (LeaderElection.java:logAndReturn(56)) - bf55b3f9-6b09-4365-9d71-55289e083fa5@group-EFD1D20A002C-LeaderElection4: Election DISCOVERED_A_NEW_TERM; received 1 response(s) [bf55b3f9-6b09-4365-9d71-55289e083fa5<-f4c54511-b161-4347-aec5-5236dc80a0d8#0:FAIL-t2] and 0 exception(s); bf55b3f9-6b09-4365-9d71-55289e083fa5@group-EFD1D20A002C:t1, leader=null, voted=bf55b3f9-6b09-4365-9d71-55289e083fa5, raftlog=bf55b3f9-6b09-4365-9d71-55289e083fa5@group-EFD1D20A002C-SegmentedRaftLog:OPENED:c-1,f-1,i0, conf=-1: [f4c54511-b161-4347-aec5-5236dc80a0d8:0.0.0.0:41238, 907b9765-214b-4864-b66a-d6e2a5789e5c:0.0.0.0:41650, bf55b3f9-6b09-4365-9d71-55289e083fa5:0.0.0.0:42441], old=null
2019-10-16 18:00:26,444 [bf55b3f9-6b09-4365-9d71-55289e083fa5@group-EFD1D20A002C-LeaderElection4] INFO  impl.RaftServerImpl (RaftServerImpl.java:setRole(184)) - bf55b3f9-6b09-4365-9d71-55289e083fa5@group-EFD1D20A002C: changes role from CANDIDATE to FOLLOWER at term 2 for DISCOVERED_A_NEW_TERM
2019-10-16 18:00:26,446 [bf55b3f9-6b09-4365-9d71-55289e083fa5@group-EFD1D20A002C-LeaderElection4] INFO  impl.RoleInfo (RoleInfo.java:shutdownLeaderElection(134)) - bf55b3f9-6b09-4365-9d71-55289e083fa5: shutdown LeaderElection
2019-10-16 18:00:26,446 [bf55b3f9-6b09-4365-9d71-55289e083fa5@group-EFD1D20A002C-LeaderElection4] INFO  impl.RoleInfo (RoleInfo.java:updateAndGet(143)) - bf55b3f9-6b09-4365-9d71-55289e083fa5: start FollowerState
2019-10-16 18:00:26,595 [Thread-46] INFO  impl.FollowerState (FollowerState.java:run(108)) - bf55b3f9-6b09-4365-9d71-55289e083fa5@group-EFD1D20A002C-FollowerState: change to CANDIDATE, lastRpcTime:148ms, electionTimeout:148ms
2019-10-16 18:00:26,596 [Thread-46] INFO  impl.RoleInfo (RoleInfo.java:shutdownFollowerState(121)) - bf55b3f9-6b09-4365-9d71-55289e083fa5: shutdown FollowerState
2019-10-16 18:00:26,596 [Thread-46] INFO  impl.RaftServerImpl (RaftServerImpl.java:setRole(184)) - bf55b3f9-6b09-4365-9d71-55289e083fa5@group-EFD1D20A002C: changes role from  FOLLOWER to CANDIDATE at term 2 for changeToCandidate
2019-10-16 18:00:26,596 [Thread-46] INFO  impl.RoleInfo (RoleInfo.java:updateAndGet(143)) - bf55b3f9-6b09-4365-9d71-55289e083fa5: start LeaderElection
2019-10-16 18:00:26,605 [Thread-43] INFO  impl.FollowerState (FollowerState.java:run(108)) - f4c54511-b161-4347-aec5-5236dc80a0d8@group-EFD1D20A002C-FollowerState: change to CANDIDATE, lastRpcTime:180ms, electionTimeout:180ms
2019-10-16 18:00:26,606 [Thread-43] INFO  impl.RoleInfo (RoleInfo.java:shutdownFollowerState(121)) - f4c54511-b161-4347-aec5-5236dc80a0d8: shutdown FollowerState
2019-10-16 18:00:26,606 [Thread-43] INFO  impl.RaftServerImpl (RaftServerImpl.java:setRole(184)) - f4c54511-b161-4347-aec5-5236dc80a0d8@group-EFD1D20A002C: changes role from  FOLLOWER to CANDIDATE at term 2 for changeToCandidate
2019-10-16 18:00:26,606 [Thread-43] INFO  impl.RoleInfo (RoleInfo.java:updateAndGet(143)) - f4c54511-b161-4347-aec5-5236dc80a0d8: start LeaderElection
2019-10-16 18:00:26,623 [bf55b3f9-6b09-4365-9d71-55289e083fa5@group-EFD1D20A002C-LeaderElection5] INFO  impl.LeaderElection (LeaderElection.java:askForVotes(178)) - bf55b3f9-6b09-4365-9d71-55289e083fa5@group-EFD1D20A002C-LeaderElection5: begin an election at term 3 for -1: [f4c54511-b161-4347-aec5-5236dc80a0d8:0.0.0.0:41238, 907b9765-214b-4864-b66a-d6e2a5789e5c:0.0.0.0:41650, bf55b3f9-6b09-4365-9d71-55289e083fa5:0.0.0.0:42441], old=null
2019-10-16 18:00:26,623 [f4c54511-b161-4347-aec5-5236dc80a0d8@group-EFD1D20A002C-LeaderElection6] INFO  impl.LeaderElection (LeaderElection.java:askForVotes(178)) - f4c54511-b161-4347-aec5-5236dc80a0d8@group-EFD1D20A002C-LeaderElection6: begin an election at term 3 for -1: [f4c54511-b161-4347-aec5-5236dc80a0d8:0.0.0.0:41238, 907b9765-214b-4864-b66a-d6e2a5789e5c:0.0.0.0:41650, bf55b3f9-6b09-4365-9d71-55289e083fa5:0.0.0.0:42441], old=null
2019-10-16 18:00:26,629 [grpc-default-executor-3] INFO  impl.RaftServerImpl (RaftServerImpl.java:setRole(184)) - 907b9765-214b-4864-b66a-d6e2a5789e5c@group-EFD1D20A002C: changes role from  FOLLOWER to FOLLOWER at term 3 for recognizeCandidate:bf55b3f9-6b09-4365-9d71-55289e083fa5
2019-10-16 18:00:26,630 [f4c54511-b161-4347-aec5-5236dc80a0d8@group-EFD1D20A002C-LeaderElection6] INFO  impl.LeaderElection (LeaderElection.java:logAndReturn(56)) - f4c54511-b161-4347-aec5-5236dc80a0d8@group-EFD1D20A002C-LeaderElection6: Election TIMEOUT; received 0 response(s) [] and 0 exception(s); f4c54511-b161-4347-aec5-5236dc80a0d8@group-EFD1D20A002C:t3, leader=null, voted=f4c54511-b161-4347-aec5-5236dc80a0d8, raftlog=f4c54511-b161-4347-aec5-5236dc80a0d8@group-EFD1D20A002C-SegmentedRaftLog:OPENED:c-1,f-1,i0, conf=-1: [f4c54511-b161-4347-aec5-5236dc80a0d8:0.0.0.0:41238, 907b9765-214b-4864-b66a-d6e2a5789e5c:0.0.0.0:41650, bf55b3f9-6b09-4365-9d71-55289e083fa5:0.0.0.0:42441], old=null
2019-10-16 18:00:26,630 [grpc-default-executor-3] INFO  impl.RoleInfo (RoleInfo.java:shutdownFollowerState(121)) - 907b9765-214b-4864-b66a-d6e2a5789e5c: shutdown FollowerState
2019-10-16 18:00:26,630 [grpc-default-executor-3] INFO  impl.RoleInfo (RoleInfo.java:updateAndGet(143)) - 907b9765-214b-4864-b66a-d6e2a5789e5c: start FollowerState
2019-10-16 18:00:26,630 [Thread-35] INFO  impl.FollowerState (FollowerState.java:run(117)) - 907b9765-214b-4864-b66a-d6e2a5789e5c@group-EFD1D20A002C-FollowerState was interrupted: java.lang.InterruptedException: sleep interrupted
2019-10-16 18:00:26,657 [f4c54511-b161-4347-aec5-5236dc80a0d8@group-EFD1D20A002C-LeaderElection6] INFO  impl.LeaderElection (LeaderElection.java:askForVotes(178)) - f4c54511-b161-4347-aec5-5236dc80a0d8@group-EFD1D20A002C-LeaderElection6: begin an election at term 4 for -1: [f4c54511-b161-4347-aec5-5236dc80a0d8:0.0.0.0:41238, 907b9765-214b-4864-b66a-d6e2a5789e5c:0.0.0.0:41650, bf55b3f9-6b09-4365-9d71-55289e083fa5:0.0.0.0:42441], old=null
2019-10-16 18:00:26,657 [grpc-default-executor-0] INFO  impl.RaftServerImpl (RaftServerImpl.java:setRole(184)) - 907b9765-214b-4864-b66a-d6e2a5789e5c@group-EFD1D20A002C: changes role from  FOLLOWER to FOLLOWER at term 3 for recognizeCandidate:f4c54511-b161-4347-aec5-5236dc80a0d8
2019-10-16 18:00:26,658 [grpc-default-executor-0] INFO  impl.RoleInfo (RoleInfo.java:shutdownFollowerState(121)) - 907b9765-214b-4864-b66a-d6e2a5789e5c: shutdown FollowerState
2019-10-16 18:00:26,658 [grpc-default-executor-0] INFO  impl.RoleInfo (RoleInfo.java:updateAndGet(143)) - 907b9765-214b-4864-b66a-d6e2a5789e5c: start FollowerState
2019-10-16 18:00:26,658 [Thread-53] INFO  impl.FollowerState (FollowerState.java:run(117)) - 907b9765-214b-4864-b66a-d6e2a5789e5c@group-EFD1D20A002C-FollowerState was interrupted: java.lang.InterruptedException: sleep interrupted
2019-10-16 18:00:26,661 [bf55b3f9-6b09-4365-9d71-55289e083fa5@group-EFD1D20A002C-LeaderElection5] INFO  impl.LeaderElection (LeaderElection.java:logAndReturn(56)) - bf55b3f9-6b09-4365-9d71-55289e083fa5@group-EFD1D20A002C-LeaderElection5: Election REJECTED; received 2 response(s) [bf55b3f9-6b09-4365-9d71-55289e083fa5<-f4c54511-b161-4347-aec5-5236dc80a0d8#0:FAIL-t3, bf55b3f9-6b09-4365-9d71-55289e083fa5<-907b9765-214b-4864-b66a-d6e2a5789e5c#0:FAIL-t3] and 0 exception(s); bf55b3f9-6b09-4365-9d71-55289e083fa5@group-EFD1D20A002C:t3, leader=null, voted=bf55b3f9-6b09-4365-9d71-55289e083fa5, raftlog=bf55b3f9-6b09-4365-9d71-55289e083fa5@group-EFD1D20A002C-SegmentedRaftLog:OPENED:c-1,f-1,i0, conf=-1: [f4c54511-b161-4347-aec5-5236dc80a0d8:0.0.0.0:41238, 907b9765-214b-4864-b66a-d6e2a5789e5c:0.0.0.0:41650, bf55b3f9-6b09-4365-9d71-55289e083fa5:0.0.0.0:42441], old=null
2019-10-16 18:00:26,663 [bf55b3f9-6b09-4365-9d71-55289e083fa5@group-EFD1D20A002C-LeaderElection5] INFO  impl.RaftServerImpl (RaftServerImpl.java:setRole(184)) - bf55b3f9-6b09-4365-9d71-55289e083fa5@group-EFD1D20A002C: changes role from CANDIDATE to FOLLOWER at term 3 for DISCOVERED_A_NEW_TERM
2019-10-16 18:00:26,663 [bf55b3f9-6b09-4365-9d71-55289e083fa5@group-EFD1D20A002C-LeaderElection5] INFO  impl.RoleInfo (RoleInfo.java:shutdownLeaderElection(134)) - bf55b3f9-6b09-4365-9d71-55289e083fa5: shutdown LeaderElection
2019-10-16 18:00:26,663 [bf55b3f9-6b09-4365-9d71-55289e083fa5@group-EFD1D20A002C-LeaderElection5] INFO  impl.RoleInfo (RoleInfo.java:updateAndGet(143)) - bf55b3f9-6b09-4365-9d71-55289e083fa5: start FollowerState
2019-10-16 18:00:26,665 [grpc-default-executor-0] INFO  impl.RaftServerImpl (RaftServerImpl.java:setRole(184)) - bf55b3f9-6b09-4365-9d71-55289e083fa5@group-EFD1D20A002C: changes role from  FOLLOWER to FOLLOWER at term 4 for recognizeCandidate:f4c54511-b161-4347-aec5-5236dc80a0d8
2019-10-16 18:00:26,666 [grpc-default-executor-0] INFO  impl.RoleInfo (RoleInfo.java:shutdownFollowerState(121)) - bf55b3f9-6b09-4365-9d71-55289e083fa5: shutdown FollowerState
2019-10-16 18:00:26,667 [grpc-default-executor-0] INFO  impl.RoleInfo (RoleInfo.java:updateAndGet(143)) - bf55b3f9-6b09-4365-9d71-55289e083fa5: start FollowerState
2019-10-16 18:00:26,667 [Thread-57] INFO  impl.FollowerState (FollowerState.java:run(117)) - bf55b3f9-6b09-4365-9d71-55289e083fa5@group-EFD1D20A002C-FollowerState was interrupted: java.lang.InterruptedException: sleep interrupted
2019-10-16 18:00:26,668 [grpc-default-executor-3] INFO  impl.RaftServerImpl (RaftServerImpl.java:setRole(184)) - 907b9765-214b-4864-b66a-d6e2a5789e5c@group-EFD1D20A002C: changes role from  FOLLOWER to FOLLOWER at term 4 for recognizeCandidate:f4c54511-b161-4347-aec5-5236dc80a0d8
2019-10-16 18:00:26,668 [grpc-default-executor-3] INFO  impl.RoleInfo (RoleInfo.java:shutdownFollowerState(121)) - 907b9765-214b-4864-b66a-d6e2a5789e5c: shutdown FollowerState
2019-10-16 18:00:26,668 [grpc-default-executor-3] INFO  impl.RoleInfo (RoleInfo.java:updateAndGet(143)) - 907b9765-214b-4864-b66a-d6e2a5789e5c: start FollowerState
2019-10-16 18:00:26,668 [Thread-55] INFO  impl.FollowerState (FollowerState.java:run(117)) - 907b9765-214b-4864-b66a-d6e2a5789e5c@group-EFD1D20A002C-FollowerState was interrupted: java.lang.InterruptedException: sleep interrupted
2019-10-16 18:00:26,695 [f4c54511-b161-4347-aec5-5236dc80a0d8@group-EFD1D20A002C-LeaderElection6] INFO  impl.LeaderElection (LeaderElection.java:logAndReturn(56)) - f4c54511-b161-4347-aec5-5236dc80a0d8@group-EFD1D20A002C-LeaderElection6: Election PASSED; received 2 response(s) [f4c54511-b161-4347-aec5-5236dc80a0d8<-907b9765-214b-4864-b66a-d6e2a5789e5c#0:FAIL-t4, f4c54511-b161-4347-aec5-5236dc80a0d8<-bf55b3f9-6b09-4365-9d71-55289e083fa5#0:OK-t4] and 0 exception(s); f4c54511-b161-4347-aec5-5236dc80a0d8@group-EFD1D20A002C:t4, leader=null, voted=f4c54511-b161-4347-aec5-5236dc80a0d8, raftlog=f4c54511-b161-4347-aec5-5236dc80a0d8@group-EFD1D20A002C-SegmentedRaftLog:OPENED:c-1,f-1,i0, conf=-1: [f4c54511-b161-4347-aec5-5236dc80a0d8:0.0.0.0:41238, 907b9765-214b-4864-b66a-d6e2a5789e5c:0.0.0.0:41650, bf55b3f9-6b09-4365-9d71-55289e083fa5:0.0.0.0:42441], old=null
2019-10-16 18:00:26,695 [f4c54511-b161-4347-aec5-5236dc80a0d8@group-EFD1D20A002C-LeaderElection6] INFO  impl.RoleInfo (RoleInfo.java:shutdownLeaderElection(134)) - f4c54511-b161-4347-aec5-5236dc80a0d8: shutdown LeaderElection
2019-10-16 18:00:26,697 [f4c54511-b161-4347-aec5-5236dc80a0d8@group-EFD1D20A002C-LeaderElection6] INFO  impl.RaftServerImpl (RaftServerImpl.java:setRole(184)) - f4c54511-b161-4347-aec5-5236dc80a0d8@group-EFD1D20A002C: changes role from CANDIDATE to LEADER at term 4 for changeToLeader
2019-10-16 18:00:26,697 [f4c54511-b161-4347-aec5-5236dc80a0d8@group-EFD1D20A002C-LeaderElection6] INFO  impl.RaftServerImpl (ServerState.java:setLeader(256)) - f4c54511-b161-4347-aec5-5236dc80a0d8@group-EFD1D20A002C: change Leader from null to f4c54511-b161-4347-aec5-5236dc80a0d8 at term 4 for becomeLeader, leader elected after 511ms
2019-10-16 18:00:26,698 [f4c54511-b161-4347-aec5-5236dc80a0d8@group-EFD1D20A002C-LeaderElection6] INFO  server.RaftServerConfigKeys (ConfUtils.java:logGet(43)) - raft.server.staging.catchup.gap = 1000 (default)
2019-10-16 18:00:26,698 [f4c54511-b161-4347-aec5-5236dc80a0d8@group-EFD1D20A002C-LeaderElection6] INFO  server.RaftServerConfigKeys (ConfUtils.java:logGet(43)) - raft.server.rpc.sleep.time = 25ms (default)
2019-10-16 18:00:26,698 [f4c54511-b161-4347-aec5-5236dc80a0d8@group-EFD1D20A002C-LeaderElection6] INFO  server.RaftServerConfigKeys (ConfUtils.java:logGet(43)) - raft.server.write.element-limit = 4096 (default)
2019-10-16 18:00:26,698 [f4c54511-b161-4347-aec5-5236dc80a0d8@group-EFD1D20A002C-LeaderElection6] INFO  server.RaftServerConfigKeys (ConfUtils.java:logGet(43)) - raft.server.watch.timeout = 10s (default)
2019-10-16 18:00:26,699 [f4c54511-b161-4347-aec5-5236dc80a0d8@group-EFD1D20A002C-LeaderElection6] INFO  server.RaftServerConfigKeys (ConfUtils.java:logGet(43)) - raft.server.watch.timeout.denomination = 1s (default)
2019-10-16 18:00:26,699 [f4c54511-b161-4347-aec5-5236dc80a0d8@group-EFD1D20A002C-LeaderElection6] INFO  server.RaftServerConfigKeys (ConfUtils.java:logGet(43)) - raft.server.watch.element-limit = 65536 (default)
2019-10-16 18:00:26,704 [f4c54511-b161-4347-aec5-5236dc80a0d8@group-EFD1D20A002C-LeaderElection6] INFO  server.RaftServerConfigKeys (ConfUtils.java:logGet(43)) - raft.server.log.appender.snapshot.chunk.size.max = 16MB (=16777216) (default)
2019-10-16 18:00:26,704 [f4c54511-b161-4347-aec5-5236dc80a0d8@group-EFD1D20A002C-LeaderElection6] INFO  server.RaftServerConfigKeys (ConfUtils.java:logGet(43)) - raft.server.log.appender.buffer.byte-limit = 33554432 (custom)
2019-10-16 18:00:26,705 [f4c54511-b161-4347-aec5-5236dc80a0d8@group-EFD1D20A002C-LeaderElection6] INFO  server.RaftServerConfigKeys (ConfUtils.java:logGet(43)) - raft.server.log.appender.buffer.element-limit = 1 (custom)
2019-10-16 18:00:26,705 [f4c54511-b161-4347-aec5-5236dc80a0d8@group-EFD1D20A002C-LeaderElection6] INFO  grpc.GrpcConfigKeys$Server (ConfUtils.java:logGet(43)) - raft.grpc.server.leader.outstanding.appends.max = 128 (default)
2019-10-16 18:00:26,705 [f4c54511-b161-4347-aec5-5236dc80a0d8@group-EFD1D20A002C-LeaderElection6] INFO  server.RaftServerConfigKeys (ConfUtils.java:logGet(43)) - raft.server.rpc.request.timeout = 3000ms (default)
2019-10-16 18:00:26,706 [f4c54511-b161-4347-aec5-5236dc80a0d8@group-EFD1D20A002C-LeaderElection6] INFO  server.RaftServerConfigKeys (ConfUtils.java:logGet(43)) - raft.server.log.appender.install.snapshot.enabled = false (custom)
2019-10-16 18:00:26,710 [f4c54511-b161-4347-aec5-5236dc80a0d8@group-EFD1D20A002C-LeaderElection6] INFO  server.RaftServerConfigKeys (ConfUtils.java:logGet(43)) - raft.server.log.appender.snapshot.chunk.size.max = 16MB (=16777216) (default)
2019-10-16 18:00:26,710 [f4c54511-b161-4347-aec5-5236dc80a0d8@group-EFD1D20A002C-LeaderElection6] INFO  server.RaftServerConfigKeys (ConfUtils.java:logGet(43)) - raft.server.log.appender.buffer.byte-limit = 33554432 (custom)
2019-10-16 18:00:26,710 [f4c54511-b161-4347-aec5-5236dc80a0d8@group-EFD1D20A002C-LeaderElection6] INFO  server.RaftServerConfigKeys (ConfUtils.java:logGet(43)) - raft.server.log.appender.buffer.element-limit = 1 (custom)
2019-10-16 18:00:26,711 [f4c54511-b161-4347-aec5-5236dc80a0d8@group-EFD1D20A002C-LeaderElection6] INFO  grpc.GrpcConfigKeys$Server (ConfUtils.java:logGet(43)) - raft.grpc.server.leader.outstanding.appends.max = 128 (default)
2019-10-16 18:00:26,711 [f4c54511-b161-4347-aec5-5236dc80a0d8@group-EFD1D20A002C-LeaderElection6] INFO  server.RaftServerConfigKeys (ConfUtils.java:logGet(43)) - raft.server.rpc.request.timeout = 3000ms (default)
2019-10-16 18:00:26,711 [f4c54511-b161-4347-aec5-5236dc80a0d8@group-EFD1D20A002C-LeaderElection6] INFO  server.RaftServerConfigKeys (ConfUtils.java:logGet(43)) - raft.server.log.appender.install.snapshot.enabled = false (custom)
2019-10-16 18:00:26,715 [f4c54511-b161-4347-aec5-5236dc80a0d8@group-EFD1D20A002C-LeaderElection6] INFO  impl.RoleInfo (RoleInfo.java:updateAndGet(143)) - f4c54511-b161-4347-aec5-5236dc80a0d8: start LeaderState
2019-10-16 18:00:26,716 [f4c54511-b161-4347-aec5-5236dc80a0d8@group-EFD1D20A002C-LeaderElection6] INFO  segmented.SegmentedRaftLogWorker (SegmentedRaftLogWorker.java:startLogSegment(385)) - f4c54511-b161-4347-aec5-5236dc80a0d8@group-EFD1D20A002C-SegmentedRaftLogWorker: Starting segment from index:0
2019-10-16 18:00:26,717 [f4c54511-b161-4347-aec5-5236dc80a0d8@group-EFD1D20A002C-LeaderElection6] INFO  impl.RaftServerImpl (ServerState.java:setRaftConf(357)) - f4c54511-b161-4347-aec5-5236dc80a0d8@group-EFD1D20A002C: set configuration 0: [f4c54511-b161-4347-aec5-5236dc80a0d8:0.0.0.0:41238, 907b9765-214b-4864-b66a-d6e2a5789e5c:0.0.0.0:41650, bf55b3f9-6b09-4365-9d71-55289e083fa5:0.0.0.0:42441], old=null at 0
2019-10-16 18:00:26,752 [Thread-58] INFO  impl.FollowerState (FollowerState.java:run(108)) - bf55b3f9-6b09-4365-9d71-55289e083fa5@group-EFD1D20A002C-FollowerState: change to CANDIDATE, lastRpcTime:85ms, electionTimeout:84ms
2019-10-16 18:00:26,753 [Thread-58] INFO  impl.RoleInfo (RoleInfo.java:shutdownFollowerState(121)) - bf55b3f9-6b09-4365-9d71-55289e083fa5: shutdown FollowerState
2019-10-16 18:00:26,753 [Thread-58] INFO  impl.RaftServerImpl (RaftServerImpl.java:setRole(184)) - bf55b3f9-6b09-4365-9d71-55289e083fa5@group-EFD1D20A002C: changes role from  FOLLOWER to CANDIDATE at term 4 for changeToCandidate
2019-10-16 18:00:26,753 [Thread-58] INFO  impl.RoleInfo (RoleInfo.java:updateAndGet(143)) - bf55b3f9-6b09-4365-9d71-55289e083fa5: start LeaderElection
2019-10-16 18:00:26,757 [grpc-default-executor-0] INFO  impl.RaftServerImpl (ServerState.java:setLeader(256)) - 907b9765-214b-4864-b66a-d6e2a5789e5c@group-EFD1D20A002C: change Leader from null to f4c54511-b161-4347-aec5-5236dc80a0d8 at term 4 for appendEntries, leader elected after 425ms
2019-10-16 18:00:26,780 [grpc-default-executor-0] INFO  impl.RaftServerImpl (ServerState.java:setRaftConf(357)) - 907b9765-214b-4864-b66a-d6e2a5789e5c@group-EFD1D20A002C: set configuration 0: [f4c54511-b161-4347-aec5-5236dc80a0d8:0.0.0.0:41238, 907b9765-214b-4864-b66a-d6e2a5789e5c:0.0.0.0:41650, bf55b3f9-6b09-4365-9d71-55289e083fa5:0.0.0.0:42441], old=null at 0
2019-10-16 18:00:26,783 [grpc-default-executor-0] INFO  segmented.SegmentedRaftLogWorker (SegmentedRaftLogWorker.java:truncate(401)) - 907b9765-214b-4864-b66a-d6e2a5789e5c@group-EFD1D20A002C-SegmentedRaftLogWorker: Truncating segments toTruncate: null
  toDelete: [(0, 0) isOpen? true, length=0, newEndIndex=-1], start index 0
2019-10-16 18:00:26,783 [bf55b3f9-6b09-4365-9d71-55289e083fa5@group-EFD1D20A002C-LeaderElection7] INFO  impl.LeaderElection (LeaderElection.java:askForVotes(178)) - bf55b3f9-6b09-4365-9d71-55289e083fa5@group-EFD1D20A002C-LeaderElection7: begin an election at term 5 for -1: [f4c54511-b161-4347-aec5-5236dc80a0d8:0.0.0.0:41238, 907b9765-214b-4864-b66a-d6e2a5789e5c:0.0.0.0:41650, bf55b3f9-6b09-4365-9d71-55289e083fa5:0.0.0.0:42441], old=null
2019-10-16 18:00:26,783 [f4c54511-b161-4347-aec5-5236dc80a0d8@group-EFD1D20A002C-SegmentedRaftLogWorker] INFO  segmented.SegmentedRaftLogWorker (SegmentedRaftLogWorker.java:execute(576)) - f4c54511-b161-4347-aec5-5236dc80a0d8@group-EFD1D20A002C-SegmentedRaftLogWorker: created new log segment /workdir/hadoop-ozone/integration-test/target/test-dir/dfs/f4c54511-b161-4347-aec5-5236dc80a0d8/0bc2e957-a1ed-429f-a78c-efd1d20a002c/current/log_inprogress_0
2019-10-16 18:00:26,784 [grpc-default-executor-0] INFO  segmented.SegmentedRaftLogWorker (SegmentedRaftLogWorker.java:startLogSegment(385)) - 907b9765-214b-4864-b66a-d6e2a5789e5c@group-EFD1D20A002C-SegmentedRaftLogWorker: Starting segment from index:0
2019-10-16 18:00:26,787 [907b9765-214b-4864-b66a-d6e2a5789e5c@group-EFD1D20A002C-SegmentedRaftLogWorker] INFO  segmented.SegmentedRaftLogWorker (SegmentedRaftLogWorker.java:execute(640)) - 907b9765-214b-4864-b66a-d6e2a5789e5c@group-EFD1D20A002C-SegmentedRaftLogWorker: Deleted log file /workdir/hadoop-ozone/integration-test/target/test-dir/dfs/907b9765-214b-4864-b66a-d6e2a5789e5c/0bc2e957-a1ed-429f-a78c-efd1d20a002c/current/log_inprogress_0
2019-10-16 18:00:26,787 [Thread-60] INFO  impl.RaftServerImpl (ServerState.java:setLeader(256)) - f4c54511-b161-4347-aec5-5236dc80a0d8@group-EFD1D20A002C: change Leader from f4c54511-b161-4347-aec5-5236dc80a0d8 to null at term 5 for updateCurrentTerm
2019-10-16 18:00:26,788 [Thread-60] INFO  impl.RaftServerImpl (RaftServerImpl.java:setRole(184)) - f4c54511-b161-4347-aec5-5236dc80a0d8@group-EFD1D20A002C: changes role from    LEADER to FOLLOWER at term 5 for stepDown
2019-10-16 18:00:26,789 [Thread-60] INFO  impl.RoleInfo (RoleInfo.java:shutdownLeaderState(104)) - f4c54511-b161-4347-aec5-5236dc80a0d8: shutdown LeaderState
2019-10-16 18:00:26,789 [907b9765-214b-4864-b66a-d6e2a5789e5c@group-EFD1D20A002C-SegmentedRaftLogWorker] INFO  segmented.SegmentedRaftLogWorker (SegmentedRaftLogWorker.java:lambda$new$0(128)) - 907b9765-214b-4864-b66a-d6e2a5789e5c@group-EFD1D20A002C-SegmentedRaftLogWorker: flushIndex: setUnconditionally 0 -> -1
2019-10-16 18:00:26,791 [grpc-default-executor-3] INFO  impl.RaftServerImpl (ServerState.java:setLeader(256)) - 907b9765-214b-4864-b66a-d6e2a5789e5c@group-EFD1D20A002C: change Leader from f4c54511-b161-4347-aec5-5236dc80a0d8 to null at term 5 for updateCurrentTerm
2019-10-16 18:00:26,791 [org.apache.ratis.server.impl.LogAppender$AppenderDaemon$$Lambda$402/753211800@77fc1040] WARN  server.GrpcLogAppender (GrpcLogAppender.java:mayWait(149)) - f4c54511-b161-4347-aec5-5236dc80a0d8@group-EFD1D20A002C->bf55b3f9-6b09-4365-9d71-55289e083fa5-GrpcLogAppender: Wait interrupted by java.lang.InterruptedException
2019-10-16 18:00:26,791 [org.apache.ratis.server.impl.LogAppender$AppenderDaemon$$Lambda$402/753211800@260edc30] WARN  server.GrpcLogAppender (GrpcLogAppender.java:mayWait(149)) - f4c54511-b161-4347-aec5-5236dc80a0d8@group-EFD1D20A002C->907b9765-214b-4864-b66a-d6e2a5789e5c-GrpcLogAppender: Wait interrupted by java.lang.InterruptedException
2019-10-16 18:00:26,791 [grpc-default-executor-3] INFO  impl.RaftServerImpl (RaftServerImpl.java:setRole(184)) - 907b9765-214b-4864-b66a-d6e2a5789e5c@group-EFD1D20A002C: changes role from  FOLLOWER to FOLLOWER at term 5 for recognizeCandidate:bf55b3f9-6b09-4365-9d71-55289e083fa5
2019-10-16 18:00:26,791 [Thread-60] INFO  impl.PendingRequests (PendingRequests.java:sendNotLeaderResponses(202)) - f4c54511-b161-4347-aec5-5236dc80a0d8@group-EFD1D20A002C-PendingRequests: sendNotLeaderResponses
2019-10-16 18:00:26,829 [grpc-default-executor-3] INFO  impl.RoleInfo (RoleInfo.java:shutdownFollowerState(121)) - 907b9765-214b-4864-b66a-d6e2a5789e5c: shutdown FollowerState
2019-10-16 18:00:26,829 [grpc-default-executor-2] INFO  server.GrpcServerProtocolService (GrpcServerProtocolService.java:onCompleted(113)) - bf55b3f9-6b09-4365-9d71-55289e083fa5: Completed APPEND_ENTRIES, lastRequest: f4c54511-b161-4347-aec5-5236dc80a0d8->bf55b3f9-6b09-4365-9d71-55289e083fa5#0-t4, previous=(t:0, i:0), leaderCommit=-1, initializing? false, entries: <empty>
2019-10-16 18:00:26,829 [Thread-59] INFO  impl.FollowerState (FollowerState.java:run(117)) - 907b9765-214b-4864-b66a-d6e2a5789e5c@group-EFD1D20A002C-FollowerState was interrupted: java.lang.InterruptedException: sleep interrupted
2019-10-16 18:00:26,829 [grpc-default-executor-3] INFO  impl.RoleInfo (RoleInfo.java:updateAndGet(143)) - 907b9765-214b-4864-b66a-d6e2a5789e5c: start FollowerState
2019-10-16 18:00:26,829 [Thread-60] INFO  impl.RoleInfo (RoleInfo.java:updateAndGet(143)) - f4c54511-b161-4347-aec5-5236dc80a0d8: start FollowerState
2019-10-16 18:00:26,831 [grpc-default-executor-1] INFO  server.GrpcServerProtocolService (GrpcServerProtocolService.java:onCompleted(113)) - 907b9765-214b-4864-b66a-d6e2a5789e5c: Completed APPEND_ENTRIES, lastRequest: f4c54511-b161-4347-aec5-5236dc80a0d8->907b9765-214b-4864-b66a-d6e2a5789e5c#1-t4, previous=(t:0, i:0), leaderCommit=-1, initializing? false, entries: size=1, first=(t:4, i:0), CONFIGURATIONENTRY
2019-10-16 18:00:26,832 [grpc-default-executor-2] INFO  server.GrpcLogAppender (GrpcLogAppender.java:onCompleted(308)) - f4c54511-b161-4347-aec5-5236dc80a0d8@group-EFD1D20A002C->bf55b3f9-6b09-4365-9d71-55289e083fa5-AppendLogResponseHandler: follower responses appendEntries COMPLETED
2019-10-16 18:00:26,835 [grpc-default-executor-1] INFO  server.GrpcLogAppender (GrpcLogAppender.java:onCompleted(308)) - f4c54511-b161-4347-aec5-5236dc80a0d8@group-EFD1D20A002C->907b9765-214b-4864-b66a-d6e2a5789e5c-AppendLogResponseHandler: follower responses appendEntries COMPLETED
2019-10-16 18:00:26,835 [grpc-default-executor-2] INFO  impl.FollowerInfo (FollowerInfo.java:lambda$new$0(51)) - f4c54511-b161-4347-aec5-5236dc80a0d8@group-EFD1D20A002C->bf55b3f9-6b09-4365-9d71-55289e083fa5: nextIndex: updateUnconditionally 0 -> 0
2019-10-16 18:00:26,838 [grpc-default-executor-1] INFO  impl.FollowerInfo (FollowerInfo.java:lambda$new$0(51)) - f4c54511-b161-4347-aec5-5236dc80a0d8@group-EFD1D20A002C->907b9765-214b-4864-b66a-d6e2a5789e5c: nextIndex: updateUnconditionally 1 -> 0
2019-10-16 18:00:26,890 [bf55b3f9-6b09-4365-9d71-55289e083fa5@group-EFD1D20A002C-LeaderElection7] INFO  impl.LeaderElection (LeaderElection.java:logAndReturn(56)) - bf55b3f9-6b09-4365-9d71-55289e083fa5@group-EFD1D20A002C-LeaderElection7: Election TIMEOUT; received 0 response(s) [] and 0 exception(s); bf55b3f9-6b09-4365-9d71-55289e083fa5@group-EFD1D20A002C:t5, leader=null, voted=bf55b3f9-6b09-4365-9d71-55289e083fa5, raftlog=bf55b3f9-6b09-4365-9d71-55289e083fa5@group-EFD1D20A002C-SegmentedRaftLog:OPENED:c-1,f-1,i0, conf=-1: [f4c54511-b161-4347-aec5-5236dc80a0d8:0.0.0.0:41238, 907b9765-214b-4864-b66a-d6e2a5789e5c:0.0.0.0:41650, bf55b3f9-6b09-4365-9d71-55289e083fa5:0.0.0.0:42441], old=null
2019-10-16 18:00:26,892 [907b9765-214b-4864-b66a-d6e2a5789e5c@group-EFD1D20A002C-SegmentedRaftLogWorker] INFO  segmented.SegmentedRaftLogWorker (SegmentedRaftLogWorker.java:execute(576)) - 907b9765-214b-4864-b66a-d6e2a5789e5c@group-EFD1D20A002C-SegmentedRaftLogWorker: created new log segment /workdir/hadoop-ozone/integration-test/target/test-dir/dfs/907b9765-214b-4864-b66a-d6e2a5789e5c/0bc2e957-a1ed-429f-a78c-efd1d20a002c/current/log_inprogress_0
2019-10-16 18:00:26,892 [grpc-default-executor-0] INFO  impl.RaftServerImpl (RaftServerImpl.java:setRole(184)) - f4c54511-b161-4347-aec5-5236dc80a0d8@group-EFD1D20A002C: changes role from  FOLLOWER to FOLLOWER at term 5 for recognizeCandidate:bf55b3f9-6b09-4365-9d71-55289e083fa5
2019-10-16 18:00:26,893 [grpc-default-executor-0] INFO  impl.RoleInfo (RoleInfo.java:shutdownFollowerState(121)) - f4c54511-b161-4347-aec5-5236dc80a0d8: shutdown FollowerState
2019-10-16 18:00:26,893 [grpc-default-executor-0] INFO  impl.RoleInfo (RoleInfo.java:updateAndGet(143)) - f4c54511-b161-4347-aec5-5236dc80a0d8: start FollowerState
2019-10-16 18:00:26,894 [Thread-69] INFO  impl.FollowerState (FollowerState.java:run(117)) - f4c54511-b161-4347-aec5-5236dc80a0d8@group-EFD1D20A002C-FollowerState was interrupted: java.lang.InterruptedException: sleep interrupted
2019-10-16 18:00:26,917 [bf55b3f9-6b09-4365-9d71-55289e083fa5@group-EFD1D20A002C-LeaderElection7] INFO  impl.LeaderElection (LeaderElection.java:askForVotes(178)) - bf55b3f9-6b09-4365-9d71-55289e083fa5@group-EFD1D20A002C-LeaderElection7: begin an election at term 6 for -1: [f4c54511-b161-4347-aec5-5236dc80a0d8:0.0.0.0:41238, 907b9765-214b-4864-b66a-d6e2a5789e5c:0.0.0.0:41650, bf55b3f9-6b09-4365-9d71-55289e083fa5:0.0.0.0:42441], old=null
2019-10-16 18:00:26,923 [grpc-default-executor-3] INFO  impl.RaftServerImpl (RaftServerImpl.java:setRole(184)) - 907b9765-214b-4864-b66a-d6e2a5789e5c@group-EFD1D20A002C: changes role from  FOLLOWER to FOLLOWER at term 6 for recognizeCandidate:bf55b3f9-6b09-4365-9d71-55289e083fa5
2019-10-16 18:00:26,923 [grpc-default-executor-0] INFO  impl.RaftServerImpl (RaftServerImpl.java:setRole(184)) - f4c54511-b161-4347-aec5-5236dc80a0d8@group-EFD1D20A002C: changes role from  FOLLOWER to FOLLOWER at term 6 for recognizeCandidate:bf55b3f9-6b09-4365-9d71-55289e083fa5
2019-10-16 18:00:26,924 [grpc-default-executor-3] INFO  impl.RoleInfo (RoleInfo.java:shutdownFollowerState(121)) - 907b9765-214b-4864-b66a-d6e2a5789e5c: shutdown FollowerState
2019-10-16 18:00:26,924 [grpc-default-executor-0] INFO  impl.RoleInfo (RoleInfo.java:shutdownFollowerState(121)) - f4c54511-b161-4347-aec5-5236dc80a0d8: shutdown FollowerState
2019-10-16 18:00:26,924 [Thread-70] INFO  impl.FollowerState (FollowerState.java:run(117)) - 907b9765-214b-4864-b66a-d6e2a5789e5c@group-EFD1D20A002C-FollowerState was interrupted: java.lang.InterruptedException: sleep interrupted
2019-10-16 18:00:26,924 [grpc-default-executor-3] INFO  impl.RoleInfo (RoleInfo.java:updateAndGet(143)) - 907b9765-214b-4864-b66a-d6e2a5789e5c: start FollowerState
2019-10-16 18:00:26,924 [grpc-default-executor-0] INFO  impl.RoleInfo (RoleInfo.java:updateAndGet(143)) - f4c54511-b161-4347-aec5-5236dc80a0d8: start FollowerState
2019-10-16 18:00:26,924 [Thread-71] INFO  impl.FollowerState (FollowerState.java:run(117)) - f4c54511-b161-4347-aec5-5236dc80a0d8@group-EFD1D20A002C-FollowerState was interrupted: java.lang.InterruptedException: sleep interrupted
2019-10-16 18:00:26,956 [bf55b3f9-6b09-4365-9d71-55289e083fa5@group-EFD1D20A002C-LeaderElection7] INFO  impl.LeaderElection (LeaderElection.java:logAndReturn(56)) - bf55b3f9-6b09-4365-9d71-55289e083fa5@group-EFD1D20A002C-LeaderElection7: Election REJECTED; received 2 response(s) [bf55b3f9-6b09-4365-9d71-55289e083fa5<-f4c54511-b161-4347-aec5-5236dc80a0d8#0:FAIL-t6, bf55b3f9-6b09-4365-9d71-55289e083fa5<-907b9765-214b-4864-b66a-d6e2a5789e5c#0:FAIL-t6] and 0 exception(s); bf55b3f9-6b09-4365-9d71-55289e083fa5@group-EFD1D20A002C:t6, leader=null, voted=bf55b3f9-6b09-4365-9d71-55289e083fa5, raftlog=bf55b3f9-6b09-4365-9d71-55289e083fa5@group-EFD1D20A002C-SegmentedRaftLog:OPENED:c-1,f-1,i0, conf=-1: [f4c54511-b161-4347-aec5-5236dc80a0d8:0.0.0.0:41238, 907b9765-214b-4864-b66a-d6e2a5789e5c:0.0.0.0:41650, bf55b3f9-6b09-4365-9d71-55289e083fa5:0.0.0.0:42441], old=null
2019-10-16 18:00:26,956 [bf55b3f9-6b09-4365-9d71-55289e083fa5@group-EFD1D20A002C-LeaderElection7] INFO  impl.RaftServerImpl (RaftServerImpl.java:setRole(184)) - bf55b3f9-6b09-4365-9d71-55289e083fa5@group-EFD1D20A002C: changes role from CANDIDATE to FOLLOWER at term 6 for DISCOVERED_A_NEW_TERM
2019-10-16 18:00:26,957 [bf55b3f9-6b09-4365-9d71-55289e083fa5@group-EFD1D20A002C-LeaderElection7] INFO  impl.RoleInfo (RoleInfo.java:shutdownLeaderElection(134)) - bf55b3f9-6b09-4365-9d71-55289e083fa5: shutdown LeaderElection
2019-10-16 18:00:26,958 [bf55b3f9-6b09-4365-9d71-55289e083fa5@group-EFD1D20A002C-LeaderElection7] INFO  impl.RoleInfo (RoleInfo.java:updateAndGet(143)) - bf55b3f9-6b09-4365-9d71-55289e083fa5: start FollowerState
2019-10-16 18:00:26,963 [Thread-77] INFO  impl.FollowerState (FollowerState.java:run(108)) - bf55b3f9-6b09-4365-9d71-55289e083fa5@group-EFD1D20A002C-FollowerState: change to CANDIDATE, lastRpcTime:4ms, electionTimeout:4ms
2019-10-16 18:00:26,963 [Thread-77] INFO  impl.RoleInfo (RoleInfo.java:shutdownFollowerState(121)) - bf55b3f9-6b09-4365-9d71-55289e083fa5: shutdown FollowerState
2019-10-16 18:00:26,963 [Thread-77] INFO  impl.RaftServerImpl (RaftServerImpl.java:setRole(184)) - bf55b3f9-6b09-4365-9d71-55289e083fa5@group-EFD1D20A002C: changes role from  FOLLOWER to CANDIDATE at term 6 for changeToCandidate
2019-10-16 18:00:26,964 [Thread-77] INFO  impl.RoleInfo (RoleInfo.java:updateAndGet(143)) - bf55b3f9-6b09-4365-9d71-55289e083fa5: start LeaderElection
2019-10-16 18:00:26,993 [bf55b3f9-6b09-4365-9d71-55289e083fa5@group-EFD1D20A002C-LeaderElection8] INFO  impl.LeaderElection (LeaderElection.java:askForVotes(178)) - bf55b3f9-6b09-4365-9d71-55289e083fa5@group-EFD1D20A002C-LeaderElection8: begin an election at term 7 for -1: [f4c54511-b161-4347-aec5-5236dc80a0d8:0.0.0.0:41238, 907b9765-214b-4864-b66a-d6e2a5789e5c:0.0.0.0:41650, bf55b3f9-6b09-4365-9d71-55289e083fa5:0.0.0.0:42441], old=null
2019-10-16 18:00:26,998 [grpc-default-executor-0] INFO  impl.RaftServerImpl (RaftServerImpl.java:setRole(184)) - f4c54511-b161-4347-aec5-5236dc80a0d8@group-EFD1D20A002C: changes role from  FOLLOWER to FOLLOWER at term 7 for recognizeCandidate:bf55b3f9-6b09-4365-9d71-55289e083fa5
2019-10-16 18:00:26,998 [grpc-default-executor-3] INFO  impl.RaftServerImpl (RaftServerImpl.java:setRole(184)) - 907b9765-214b-4864-b66a-d6e2a5789e5c@group-EFD1D20A002C: changes role from  FOLLOWER to FOLLOWER at term 7 for recognizeCandidate:bf55b3f9-6b09-4365-9d71-55289e083fa5
2019-10-16 18:00:26,998 [grpc-default-executor-0] INFO  impl.RoleInfo (RoleInfo.java:shutdownFollowerState(121)) - f4c54511-b161-4347-aec5-5236dc80a0d8: shutdown FollowerState
2019-10-16 18:00:26,998 [grpc-default-executor-3] INFO  impl.RoleInfo (RoleInfo.java:shutdownFollowerState(121)) - 907b9765-214b-4864-b66a-d6e2a5789e5c: shutdown FollowerState
2019-10-16 18:00:26,999 [Thread-76] INFO  impl.FollowerState (FollowerState.java:run(117)) - f4c54511-b161-4347-aec5-5236dc80a0d8@group-EFD1D20A002C-FollowerState was interrupted: java.lang.InterruptedException: sleep interrupted
2019-10-16 18:00:26,999 [grpc-default-executor-0] INFO  impl.RoleInfo (RoleInfo.java:updateAndGet(143)) - f4c54511-b161-4347-aec5-5236dc80a0d8: start FollowerState
2019-10-16 18:00:26,999 [Thread-75] INFO  impl.FollowerState (FollowerState.java:run(117)) - 907b9765-214b-4864-b66a-d6e2a5789e5c@group-EFD1D20A002C-FollowerState was interrupted: java.lang.InterruptedException: sleep interrupted
2019-10-16 18:00:26,999 [grpc-default-executor-3] INFO  impl.RoleInfo (RoleInfo.java:updateAndGet(143)) - 907b9765-214b-4864-b66a-d6e2a5789e5c: start FollowerState
2019-10-16 18:00:27,030 [bf55b3f9-6b09-4365-9d71-55289e083fa5@group-EFD1D20A002C-LeaderElection8] INFO  impl.LeaderElection (LeaderElection.java:logAndReturn(56)) - bf55b3f9-6b09-4365-9d71-55289e083fa5@group-EFD1D20A002C-LeaderElection8: Election REJECTED; received 2 response(s) [bf55b3f9-6b09-4365-9d71-55289e083fa5<-f4c54511-b161-4347-aec5-5236dc80a0d8#0:FAIL-t7, bf55b3f9-6b09-4365-9d71-55289e083fa5<-907b9765-214b-4864-b66a-d6e2a5789e5c#0:FAIL-t7] and 0 exception(s); bf55b3f9-6b09-4365-9d71-55289e083fa5@group-EFD1D20A002C:t7, leader=null, voted=bf55b3f9-6b09-4365-9d71-55289e083fa5, raftlog=bf55b3f9-6b09-4365-9d71-55289e083fa5@group-EFD1D20A002C-SegmentedRaftLog:OPENED:c-1,f-1,i0, conf=-1: [f4c54511-b161-4347-aec5-5236dc80a0d8:0.0.0.0:41238, 907b9765-214b-4864-b66a-d6e2a5789e5c:0.0.0.0:41650, bf55b3f9-6b09-4365-9d71-55289e083fa5:0.0.0.0:42441], old=null
2019-10-16 18:00:27,030 [bf55b3f9-6b09-4365-9d71-55289e083fa5@group-EFD1D20A002C-LeaderElection8] INFO  impl.RaftServerImpl (RaftServerImpl.java:setRole(184)) - bf55b3f9-6b09-4365-9d71-55289e083fa5@group-EFD1D20A002C: changes role from CANDIDATE to FOLLOWER at term 7 for DISCOVERED_A_NEW_TERM
2019-10-16 18:00:27,031 [bf55b3f9-6b09-4365-9d71-55289e083fa5@group-EFD1D20A002C-LeaderElection8] INFO  impl.RoleInfo (RoleInfo.java:shutdownLeaderElection(134)) - bf55b3f9-6b09-4365-9d71-55289e083fa5: shutdown LeaderElection
2019-10-16 18:00:27,031 [bf55b3f9-6b09-4365-9d71-55289e083fa5@group-EFD1D20A002C-LeaderElection8] INFO  impl.RoleInfo (RoleInfo.java:updateAndGet(143)) - bf55b3f9-6b09-4365-9d71-55289e083fa5: start FollowerState
2019-10-16 18:00:27,134 [Thread-83] INFO  impl.FollowerState (FollowerState.java:run(108)) - bf55b3f9-6b09-4365-9d71-55289e083fa5@group-EFD1D20A002C-FollowerState: change to CANDIDATE, lastRpcTime:103ms, electionTimeout:102ms
2019-10-16 18:00:27,135 [Thread-83] INFO  impl.RoleInfo (RoleInfo.java:shutdownFollowerState(121)) - bf55b3f9-6b09-4365-9d71-55289e083fa5: shutdown FollowerState
2019-10-16 18:00:27,135 [Thread-83] INFO  impl.RaftServerImpl (RaftServerImpl.java:setRole(184)) - bf55b3f9-6b09-4365-9d71-55289e083fa5@group-EFD1D20A002C: changes role from  FOLLOWER to CANDIDATE at term 7 for changeToCandidate
2019-10-16 18:00:27,136 [Thread-83] INFO  impl.RoleInfo (RoleInfo.java:updateAndGet(143)) - bf55b3f9-6b09-4365-9d71-55289e083fa5: start LeaderElection
2019-10-16 18:00:27,161 [bf55b3f9-6b09-4365-9d71-55289e083fa5@group-EFD1D20A002C-LeaderElection9] INFO  impl.LeaderElection (LeaderElection.java:askForVotes(178)) - bf55b3f9-6b09-4365-9d71-55289e083fa5@group-EFD1D20A002C-LeaderElection9: begin an election at term 8 for -1: [f4c54511-b161-4347-aec5-5236dc80a0d8:0.0.0.0:41238, 907b9765-214b-4864-b66a-d6e2a5789e5c:0.0.0.0:41650, bf55b3f9-6b09-4365-9d71-55289e083fa5:0.0.0.0:42441], old=null
2019-10-16 18:00:27,169 [grpc-default-executor-0] INFO  impl.RaftServerImpl (RaftServerImpl.java:setRole(184)) - 907b9765-214b-4864-b66a-d6e2a5789e5c@group-EFD1D20A002C: changes role from  FOLLOWER to FOLLOWER at term 8 for recognizeCandidate:bf55b3f9-6b09-4365-9d71-55289e083fa5
2019-10-16 18:00:27,169 [grpc-default-executor-3] INFO  impl.RaftServerImpl (RaftServerImpl.java:setRole(184)) - f4c54511-b161-4347-aec5-5236dc80a0d8@group-EFD1D20A002C: changes role from  FOLLOWER to FOLLOWER at term 8 for recognizeCandidate:bf55b3f9-6b09-4365-9d71-55289e083fa5
2019-10-16 18:00:27,169 [grpc-default-executor-0] INFO  impl.RoleInfo (RoleInfo.java:shutdownFollowerState(121)) - 907b9765-214b-4864-b66a-d6e2a5789e5c: shutdown FollowerState
2019-10-16 18:00:27,169 [grpc-default-executor-3] INFO  impl.RoleInfo (RoleInfo.java:shutdownFollowerState(121)) - f4c54511-b161-4347-aec5-5236dc80a0d8: shutdown FollowerState
2019-10-16 18:00:27,169 [grpc-default-executor-0] INFO  impl.RoleInfo (RoleInfo.java:updateAndGet(143)) - 907b9765-214b-4864-b66a-d6e2a5789e5c: start FollowerState
2019-10-16 18:00:27,169 [Thread-82] INFO  impl.FollowerState (FollowerState.java:run(117)) - 907b9765-214b-4864-b66a-d6e2a5789e5c@group-EFD1D20A002C-FollowerState was interrupted: java.lang.InterruptedException: sleep interrupted
2019-10-16 18:00:27,170 [Thread-81] INFO  impl.FollowerState (FollowerState.java:run(117)) - f4c54511-b161-4347-aec5-5236dc80a0d8@group-EFD1D20A002C-FollowerState was interrupted: java.lang.InterruptedException: sleep interrupted
2019-10-16 18:00:27,170 [grpc-default-executor-3] INFO  impl.RoleInfo (RoleInfo.java:updateAndGet(143)) - f4c54511-b161-4347-aec5-5236dc80a0d8: start FollowerState
2019-10-16 18:00:27,198 [bf55b3f9-6b09-4365-9d71-55289e083fa5@group-EFD1D20A002C-LeaderElection9] INFO  impl.LeaderElection (LeaderElection.java:logAndReturn(56)) - bf55b3f9-6b09-4365-9d71-55289e083fa5@group-EFD1D20A002C-LeaderElection9: Election REJECTED; received 2 response(s) [bf55b3f9-6b09-4365-9d71-55289e083fa5<-f4c54511-b161-4347-aec5-5236dc80a0d8#0:FAIL-t8, bf55b3f9-6b09-4365-9d71-55289e083fa5<-907b9765-214b-4864-b66a-d6e2a5789e5c#0:FAIL-t8] and 0 exception(s); bf55b3f9-6b09-4365-9d71-55289e083fa5@group-EFD1D20A002C:t8, leader=null, voted=bf55b3f9-6b09-4365-9d71-55289e083fa5, raftlog=bf55b3f9-6b09-4365-9d71-55289e083fa5@group-EFD1D20A002C-SegmentedRaftLog:OPENED:c-1,f-1,i0, conf=-1: [f4c54511-b161-4347-aec5-5236dc80a0d8:0.0.0.0:41238, 907b9765-214b-4864-b66a-d6e2a5789e5c:0.0.0.0:41650, bf55b3f9-6b09-4365-9d71-55289e083fa5:0.0.0.0:42441], old=null
2019-10-16 18:00:27,198 [bf55b3f9-6b09-4365-9d71-55289e083fa5@group-EFD1D20A002C-LeaderElection9] INFO  impl.RaftServerImpl (RaftServerImpl.java:setRole(184)) - bf55b3f9-6b09-4365-9d71-55289e083fa5@group-EFD1D20A002C: changes role from CANDIDATE to FOLLOWER at term 8 for DISCOVERED_A_NEW_TERM
2019-10-16 18:00:27,199 [bf55b3f9-6b09-4365-9d71-55289e083fa5@group-EFD1D20A002C-LeaderElection9] INFO  impl.RoleInfo (RoleInfo.java:shutdownLeaderElection(134)) - bf55b3f9-6b09-4365-9d71-55289e083fa5: shutdown LeaderElection
2019-10-16 18:00:27,199 [bf55b3f9-6b09-4365-9d71-55289e083fa5@group-EFD1D20A002C-LeaderElection9] INFO  impl.RoleInfo (RoleInfo.java:updateAndGet(143)) - bf55b3f9-6b09-4365-9d71-55289e083fa5: start FollowerState
2019-10-16 18:00:27,262 [Thread-89] INFO  impl.FollowerState (FollowerState.java:run(108)) - bf55b3f9-6b09-4365-9d71-55289e083fa5@group-EFD1D20A002C-FollowerState: change to CANDIDATE, lastRpcTime:62ms, electionTimeout:62ms
2019-10-16 18:00:27,263 [Thread-89] INFO  impl.RoleInfo (RoleInfo.java:shutdownFollowerState(121)) - bf55b3f9-6b09-4365-9d71-55289e083fa5: shutdown FollowerState
2019-10-16 18:00:27,263 [Thread-89] INFO  impl.RaftServerImpl (RaftServerImpl.java:setRole(184)) - bf55b3f9-6b09-4365-9d71-55289e083fa5@group-EFD1D20A002C: changes role from  FOLLOWER to CANDIDATE at term 8 for changeToCandidate
2019-10-16 18:00:27,263 [Thread-89] INFO  impl.RoleInfo (RoleInfo.java:updateAndGet(143)) - bf55b3f9-6b09-4365-9d71-55289e083fa5: start LeaderElection
2019-10-16 18:00:27,287 [bf55b3f9-6b09-4365-9d71-55289e083fa5@group-EFD1D20A002C-LeaderElection10] INFO  impl.LeaderElection (LeaderElection.java:askForVotes(178)) - bf55b3f9-6b09-4365-9d71-55289e083fa5@group-EFD1D20A002C-LeaderElection10: begin an election at term 9 for -1: [f4c54511-b161-4347-aec5-5236dc80a0d8:0.0.0.0:41238, 907b9765-214b-4864-b66a-d6e2a5789e5c:0.0.0.0:41650, bf55b3f9-6b09-4365-9d71-55289e083fa5:0.0.0.0:42441], old=null
2019-10-16 18:00:27,293 [grpc-default-executor-0] INFO  impl.RaftServerImpl (RaftServerImpl.java:setRole(184)) - f4c54511-b161-4347-aec5-5236dc80a0d8@group-EFD1D20A002C: changes role from  FOLLOWER to FOLLOWER at term 9 for recognizeCandidate:bf55b3f9-6b09-4365-9d71-55289e083fa5
2019-10-16 18:00:27,293 [grpc-default-executor-3] INFO  impl.RaftServerImpl (RaftServerImpl.java:setRole(184)) - 907b9765-214b-4864-b66a-d6e2a5789e5c@group-EFD1D20A002C: changes role from  FOLLOWER to FOLLOWER at term 9 for recognizeCandidate:bf55b3f9-6b09-4365-9d71-55289e083fa5
2019-10-16 18:00:27,293 [grpc-default-executor-0] INFO  impl.RoleInfo (RoleInfo.java:shutdownFollowerState(121)) - f4c54511-b161-4347-aec5-5236dc80a0d8: shutdown FollowerState
2019-10-16 18:00:27,294 [grpc-default-executor-3] INFO  impl.RoleInfo (RoleInfo.java:shutdownFollowerState(121)) - 907b9765-214b-4864-b66a-d6e2a5789e5c: shutdown FollowerState
2019-10-16 18:00:27,294 [Thread-88] INFO  impl.FollowerState (FollowerState.java:run(117)) - f4c54511-b161-4347-aec5-5236dc80a0d8@group-EFD1D20A002C-FollowerState was interrupted: java.lang.InterruptedException: sleep interrupted
2019-10-16 18:00:27,294 [grpc-default-executor-0] INFO  impl.RoleInfo (RoleInfo.java:updateAndGet(143)) - f4c54511-b161-4347-aec5-5236dc80a0d8: start FollowerState
2019-10-16 18:00:27,295 [Thread-87] INFO  impl.FollowerState (FollowerState.java:run(117)) - 907b9765-214b-4864-b66a-d6e2a5789e5c@group-EFD1D20A002C-FollowerState was interrupted: java.lang.InterruptedException: sleep interrupted
2019-10-16 18:00:27,294 [grpc-default-executor-3] INFO  impl.RoleInfo (RoleInfo.java:updateAndGet(143)) - 907b9765-214b-4864-b66a-d6e2a5789e5c: start FollowerState
2019-10-16 18:00:27,323 [bf55b3f9-6b09-4365-9d71-55289e083fa5@group-EFD1D20A002C-LeaderElection10] INFO  impl.LeaderElection (LeaderElection.java:logAndReturn(56)) - bf55b3f9-6b09-4365-9d71-55289e083fa5@group-EFD1D20A002C-LeaderElection10: Election REJECTED; received 2 response(s) [bf55b3f9-6b09-4365-9d71-55289e083fa5<-f4c54511-b161-4347-aec5-5236dc80a0d8#0:FAIL-t9, bf55b3f9-6b09-4365-9d71-55289e083fa5<-907b9765-214b-4864-b66a-d6e2a5789e5c#0:FAIL-t9] and 0 exception(s); bf55b3f9-6b09-4365-9d71-55289e083fa5@group-EFD1D20A002C:t9, leader=null, voted=bf55b3f9-6b09-4365-9d71-55289e083fa5, raftlog=bf55b3f9-6b09-4365-9d71-55289e083fa5@group-EFD1D20A002C-SegmentedRaftLog:OPENED:c-1,f-1,i0, conf=-1: [f4c54511-b161-4347-aec5-5236dc80a0d8:0.0.0.0:41238, 907b9765-214b-4864-b66a-d6e2a5789e5c:0.0.0.0:41650, bf55b3f9-6b09-4365-9d71-55289e083fa5:0.0.0.0:42441], old=null
2019-10-16 18:00:27,323 [bf55b3f9-6b09-4365-9d71-55289e083fa5@group-EFD1D20A002C-LeaderElection10] INFO  impl.RaftServerImpl (RaftServerImpl.java:setRole(184)) - bf55b3f9-6b09-4365-9d71-55289e083fa5@group-EFD1D20A002C: changes role from CANDIDATE to FOLLOWER at term 9 for DISCOVERED_A_NEW_TERM
2019-10-16 18:00:27,324 [bf55b3f9-6b09-4365-9d71-55289e083fa5@group-EFD1D20A002C-LeaderElection10] INFO  impl.RoleInfo (RoleInfo.java:shutdownLeaderElection(134)) - bf55b3f9-6b09-4365-9d71-55289e083fa5: shutdown LeaderElection
2019-10-16 18:00:27,324 [bf55b3f9-6b09-4365-9d71-55289e083fa5@group-EFD1D20A002C-LeaderElection10] INFO  impl.RoleInfo (RoleInfo.java:updateAndGet(143)) - bf55b3f9-6b09-4365-9d71-55289e083fa5: start FollowerState
2019-10-16 18:00:27,512 [Thread-95] INFO  impl.FollowerState (FollowerState.java:run(108)) - bf55b3f9-6b09-4365-9d71-55289e083fa5@group-EFD1D20A002C-FollowerState: change to CANDIDATE, lastRpcTime:187ms, electionTimeout:187ms
2019-10-16 18:00:27,513 [Thread-95] INFO  impl.RoleInfo (RoleInfo.java:shutdownFollowerState(121)) - bf55b3f9-6b09-4365-9d71-55289e083fa5: shutdown FollowerState
2019-10-16 18:00:27,513 [Thread-95] INFO  impl.RaftServerImpl (RaftServerImpl.java:setRole(184)) - bf55b3f9-6b09-4365-9d71-55289e083fa5@group-EFD1D20A002C: changes role from  FOLLOWER to CANDIDATE at term 9 for changeToCandidate
2019-10-16 18:00:27,514 [Thread-95] INFO  impl.RoleInfo (RoleInfo.java:updateAndGet(143)) - bf55b3f9-6b09-4365-9d71-55289e083fa5: start LeaderElection
2019-10-16 18:00:27,546 [bf55b3f9-6b09-4365-9d71-55289e083fa5@group-EFD1D20A002C-LeaderElection11] INFO  impl.LeaderElection (LeaderElection.java:askForVotes(178)) - bf55b3f9-6b09-4365-9d71-55289e083fa5@group-EFD1D20A002C-LeaderElection11: begin an election at term 10 for -1: [f4c54511-b161-4347-aec5-5236dc80a0d8:0.0.0.0:41238, 907b9765-214b-4864-b66a-d6e2a5789e5c:0.0.0.0:41650, bf55b3f9-6b09-4365-9d71-55289e083fa5:0.0.0.0:42441], old=null
2019-10-16 18:00:27,552 [grpc-default-executor-0] INFO  impl.RaftServerImpl (RaftServerImpl.java:setRole(184)) - f4c54511-b161-4347-aec5-5236dc80a0d8@group-EFD1D20A002C: changes role from  FOLLOWER to FOLLOWER at term 10 for recognizeCandidate:bf55b3f9-6b09-4365-9d71-55289e083fa5
2019-10-16 18:00:27,552 [grpc-default-executor-0] INFO  impl.RoleInfo (RoleInfo.java:shutdownFollowerState(121)) - f4c54511-b161-4347-aec5-5236dc80a0d8: shutdown FollowerState
2019-10-16 18:00:27,552 [grpc-default-executor-3] INFO  impl.RaftServerImpl (RaftServerImpl.java:setRole(184)) - 907b9765-214b-4864-b66a-d6e2a5789e5c@group-EFD1D20A002C: changes role from  FOLLOWER to FOLLOWER at term 10 for recognizeCandidate:bf55b3f9-6b09-4365-9d71-55289e083fa5
2019-10-16 18:00:27,552 [Thread-93] INFO  impl.FollowerState (FollowerState.java:run(117)) - f4c54511-b161-4347-aec5-5236dc80a0d8@group-EFD1D20A002C-FollowerState was interrupted: java.lang.InterruptedException: sleep interrupted
2019-10-16 18:00:27,552 [grpc-default-executor-0] INFO  impl.RoleInfo (RoleInfo.java:updateAndGet(143)) - f4c54511-b161-4347-aec5-5236dc80a0d8: start FollowerState
2019-10-16 18:00:27,552 [grpc-default-executor-3] INFO  impl.RoleInfo (RoleInfo.java:shutdownFollowerState(121)) - 907b9765-214b-4864-b66a-d6e2a5789e5c: shutdown FollowerState
2019-10-16 18:00:27,553 [grpc-default-executor-3] INFO  impl.RoleInfo (RoleInfo.java:updateAndGet(143)) - 907b9765-214b-4864-b66a-d6e2a5789e5c: start FollowerState
2019-10-16 18:00:27,553 [Thread-94] INFO  impl.FollowerState (FollowerState.java:run(117)) - 907b9765-214b-4864-b66a-d6e2a5789e5c@group-EFD1D20A002C-FollowerState was interrupted: java.lang.InterruptedException: sleep interrupted
2019-10-16 18:00:27,582 [bf55b3f9-6b09-4365-9d71-55289e083fa5@group-EFD1D20A002C-LeaderElection11] INFO  impl.LeaderElection (LeaderElection.java:logAndReturn(56)) - bf55b3f9-6b09-4365-9d71-55289e083fa5@group-EFD1D20A002C-LeaderElection11: Election REJECTED; received 2 response(s) [bf55b3f9-6b09-4365-9d71-55289e083fa5<-f4c54511-b161-4347-aec5-5236dc80a0d8#0:FAIL-t10, bf55b3f9-6b09-4365-9d71-55289e083fa5<-907b9765-214b-4864-b66a-d6e2a5789e5c#0:FAIL-t10] and 0 exception(s); bf55b3f9-6b09-4365-9d71-55289e083fa5@group-EFD1D20A002C:t10, leader=null, voted=bf55b3f9-6b09-4365-9d71-55289e083fa5, raftlog=bf55b3f9-6b09-4365-9d71-55289e083fa5@group-EFD1D20A002C-SegmentedRaftLog:OPENED:c-1,f-1,i0, conf=-1: [f4c54511-b161-4347-aec5-5236dc80a0d8:0.0.0.0:41238, 907b9765-214b-4864-b66a-d6e2a5789e5c:0.0.0.0:41650, bf55b3f9-6b09-4365-9d71-55289e083fa5:0.0.0.0:42441], old=null
2019-10-16 18:00:27,583 [bf55b3f9-6b09-4365-9d71-55289e083fa5@group-EFD1D20A002C-LeaderElection11] INFO  impl.RaftServerImpl (RaftServerImpl.java:setRole(184)) - bf55b3f9-6b09-4365-9d71-55289e083fa5@group-EFD1D20A002C: changes role from CANDIDATE to FOLLOWER at term 10 for DISCOVERED_A_NEW_TERM
2019-10-16 18:00:27,583 [bf55b3f9-6b09-4365-9d71-55289e083fa5@group-EFD1D20A002C-LeaderElection11] INFO  impl.RoleInfo (RoleInfo.java:shutdownLeaderElection(134)) - bf55b3f9-6b09-4365-9d71-55289e083fa5: shutdown LeaderElection
2019-10-16 18:00:27,583 [bf55b3f9-6b09-4365-9d71-55289e083fa5@group-EFD1D20A002C-LeaderElection11] INFO  impl.RoleInfo (RoleInfo.java:updateAndGet(143)) - bf55b3f9-6b09-4365-9d71-55289e083fa5: start FollowerState
2019-10-16 18:00:27,692 [Thread-103] INFO  impl.FollowerState (FollowerState.java:run(108)) - bf55b3f9-6b09-4365-9d71-55289e083fa5@group-EFD1D20A002C-FollowerState: change to CANDIDATE, lastRpcTime:108ms, electionTimeout:106ms
2019-10-16 18:00:27,693 [Thread-103] INFO  impl.RoleInfo (RoleInfo.java:shutdownFollowerState(121)) - bf55b3f9-6b09-4365-9d71-55289e083fa5: shutdown FollowerState
2019-10-16 18:00:27,693 [Thread-103] INFO  impl.RaftServerImpl (RaftServerImpl.java:setRole(184)) - bf55b3f9-6b09-4365-9d71-55289e083fa5@group-EFD1D20A002C: changes role from  FOLLOWER to CANDIDATE at term 10 for changeToCandidate
2019-10-16 18:00:27,693 [Thread-103] INFO  impl.RoleInfo (RoleInfo.java:updateAndGet(143)) - bf55b3f9-6b09-4365-9d71-55289e083fa5: start LeaderElection
2019-10-16 18:00:27,722 [bf55b3f9-6b09-4365-9d71-55289e083fa5@group-EFD1D20A002C-LeaderElection12] INFO  impl.LeaderElection (LeaderElection.java:askForVotes(178)) - bf55b3f9-6b09-4365-9d71-55289e083fa5@group-EFD1D20A002C-LeaderElection12: begin an election at term 11 for -1: [f4c54511-b161-4347-aec5-5236dc80a0d8:0.0.0.0:41238, 907b9765-214b-4864-b66a-d6e2a5789e5c:0.0.0.0:41650, bf55b3f9-6b09-4365-9d71-55289e083fa5:0.0.0.0:42441], old=null
2019-10-16 18:00:27,728 [grpc-default-executor-3] INFO  impl.RaftServerImpl (RaftServerImpl.java:setRole(184)) - 907b9765-214b-4864-b66a-d6e2a5789e5c@group-EFD1D20A002C: changes role from  FOLLOWER to FOLLOWER at term 11 for recognizeCandidate:bf55b3f9-6b09-4365-9d71-55289e083fa5
2019-10-16 18:00:27,728 [grpc-default-executor-0] INFO  impl.RaftServerImpl (RaftServerImpl.java:setRole(184)) - f4c54511-b161-4347-aec5-5236dc80a0d8@group-EFD1D20A002C: changes role from  FOLLOWER to FOLLOWER at term 11 for recognizeCandidate:bf55b3f9-6b09-4365-9d71-55289e083fa5
2019-10-16 18:00:27,728 [grpc-default-executor-3] INFO  impl.RoleInfo (RoleInfo.java:shutdownFollowerState(121)) - 907b9765-214b-4864-b66a-d6e2a5789e5c: shutdown FollowerState
2019-10-16 18:00:27,728 [grpc-default-executor-0] INFO  impl.RoleInfo (RoleInfo.java:shutdownFollowerState(121)) - f4c54511-b161-4347-aec5-5236dc80a0d8: shutdown FollowerState
2019-10-16 18:00:27,728 [Thread-102] INFO  impl.FollowerState (FollowerState.java:run(117)) - 907b9765-214b-4864-b66a-d6e2a5789e5c@group-EFD1D20A002C-FollowerState was interrupted: java.lang.InterruptedException: sleep interrupted
2019-10-16 18:00:27,728 [grpc-default-executor-3] INFO  impl.RoleInfo (RoleInfo.java:updateAndGet(143)) - 907b9765-214b-4864-b66a-d6e2a5789e5c: start FollowerState
2019-10-16 18:00:27,729 [Thread-101] INFO  impl.FollowerState (FollowerState.java:run(117)) - f4c54511-b161-4347-aec5-5236dc80a0d8@group-EFD1D20A002C-FollowerState was interrupted: java.lang.InterruptedException: sleep interrupted
2019-10-16 18:00:27,729 [grpc-default-executor-0] INFO  impl.RoleInfo (RoleInfo.java:updateAndGet(143)) - f4c54511-b161-4347-aec5-5236dc80a0d8: start FollowerState
2019-10-16 18:00:27,758 [bf55b3f9-6b09-4365-9d71-55289e083fa5@group-EFD1D20A002C-LeaderElection12] INFO  impl.LeaderElection (LeaderElection.java:logAndReturn(56)) - bf55b3f9-6b09-4365-9d71-55289e083fa5@group-EFD1D20A002C-LeaderElection12: Election REJECTED; received 2 response(s) [bf55b3f9-6b09-4365-9d71-55289e083fa5<-f4c54511-b161-4347-aec5-5236dc80a0d8#0:FAIL-t11, bf55b3f9-6b09-4365-9d71-55289e083fa5<-907b9765-214b-4864-b66a-d6e2a5789e5c#0:FAIL-t11] and 0 exception(s); bf55b3f9-6b09-4365-9d71-55289e083fa5@group-EFD1D20A002C:t11, leader=null, voted=bf55b3f9-6b09-4365-9d71-55289e083fa5, raftlog=bf55b3f9-6b09-4365-9d71-55289e083fa5@group-EFD1D20A002C-SegmentedRaftLog:OPENED:c-1,f-1,i0, conf=-1: [f4c54511-b161-4347-aec5-5236dc80a0d8:0.0.0.0:41238, 907b9765-214b-4864-b66a-d6e2a5789e5c:0.0.0.0:41650, bf55b3f9-6b09-4365-9d71-55289e083fa5:0.0.0.0:42441], old=null
2019-10-16 18:00:27,759 [bf55b3f9-6b09-4365-9d71-55289e083fa5@group-EFD1D20A002C-LeaderElection12] INFO  impl.RaftServerImpl (RaftServerImpl.java:setRole(184)) - bf55b3f9-6b09-4365-9d71-55289e083fa5@group-EFD1D20A002C: changes role from CANDIDATE to FOLLOWER at term 11 for DISCOVERED_A_NEW_TERM
2019-10-16 18:00:27,759 [bf55b3f9-6b09-4365-9d71-55289e083fa5@group-EFD1D20A002C-LeaderElection12] INFO  impl.RoleInfo (RoleInfo.java:shutdownLeaderElection(134)) - bf55b3f9-6b09-4365-9d71-55289e083fa5: shutdown LeaderElection
2019-10-16 18:00:27,759 [bf55b3f9-6b09-4365-9d71-55289e083fa5@group-EFD1D20A002C-LeaderElection12] INFO  impl.RoleInfo (RoleInfo.java:updateAndGet(143)) - bf55b3f9-6b09-4365-9d71-55289e083fa5: start FollowerState
2019-10-16 18:00:27,762 [Thread-109] INFO  impl.FollowerState (FollowerState.java:run(108)) - bf55b3f9-6b09-4365-9d71-55289e083fa5@group-EFD1D20A002C-FollowerState: change to CANDIDATE, lastRpcTime:3ms, electionTimeout:3ms
2019-10-16 18:00:27,763 [Thread-109] INFO  impl.RoleInfo (RoleInfo.java:shutdownFollowerState(121)) - bf55b3f9-6b09-4365-9d71-55289e083fa5: shutdown FollowerState
2019-10-16 18:00:27,763 [Thread-109] INFO  impl.RaftServerImpl (RaftServerImpl.java:setRole(184)) - bf55b3f9-6b09-4365-9d71-55289e083fa5@group-EFD1D20A002C: changes role from  FOLLOWER to CANDIDATE at term 11 for changeToCandidate
2019-10-16 18:00:27,764 [Thread-109] INFO  impl.RoleInfo (RoleInfo.java:updateAndGet(143)) - bf55b3f9-6b09-4365-9d71-55289e083fa5: start LeaderElection
2019-10-16 18:00:27,790 [bf55b3f9-6b09-4365-9d71-55289e083fa5@group-EFD1D20A002C-LeaderElection13] INFO  impl.LeaderElection (LeaderElection.java:askForVotes(178)) - bf55b3f9-6b09-4365-9d71-55289e083fa5@group-EFD1D20A002C-LeaderElection13: begin an election at term 12 for -1: [f4c54511-b161-4347-aec5-5236dc80a0d8:0.0.0.0:41238, 907b9765-214b-4864-b66a-d6e2a5789e5c:0.0.0.0:41650, bf55b3f9-6b09-4365-9d71-55289e083fa5:0.0.0.0:42441], old=null
2019-10-16 18:00:27,795 [grpc-default-executor-0] INFO  impl.RaftServerImpl (RaftServerImpl.java:setRole(184)) - f4c54511-b161-4347-aec5-5236dc80a0d8@group-EFD1D20A002C: changes role from  FOLLOWER to FOLLOWER at term 12 for recognizeCandidate:bf55b3f9-6b09-4365-9d71-55289e083fa5
2019-10-16 18:00:27,795 [grpc-default-executor-3] INFO  impl.RaftServerImpl (RaftServerImpl.java:setRole(184)) - 907b9765-214b-4864-b66a-d6e2a5789e5c@group-EFD1D20A002C: changes role from  FOLLOWER to FOLLOWER at term 12 for recognizeCandidate:bf55b3f9-6b09-4365-9d71-55289e083fa5
2019-10-16 18:00:27,795 [grpc-default-executor-0] INFO  impl.RoleInfo (RoleInfo.java:shutdownFollowerState(121)) - f4c54511-b161-4347-aec5-5236dc80a0d8: shutdown FollowerState
2019-10-16 18:00:27,795 [grpc-default-executor-3] INFO  impl.RoleInfo (RoleInfo.java:shutdownFollowerState(121)) - 907b9765-214b-4864-b66a-d6e2a5789e5c: shutdown FollowerState
2019-10-16 18:00:27,796 [Thread-108] INFO  impl.FollowerState (FollowerState.java:run(117)) - f4c54511-b161-4347-aec5-5236dc80a0d8@group-EFD1D20A002C-FollowerState was interrupted: java.lang.InterruptedException: sleep interrupted
2019-10-16 18:00:27,796 [grpc-default-executor-3] INFO  impl.RoleInfo (RoleInfo.java:updateAndGet(143)) - 907b9765-214b-4864-b66a-d6e2a5789e5c: start FollowerState
2019-10-16 18:00:27,796 [Thread-107] INFO  impl.FollowerState (FollowerState.java:run(117)) - 907b9765-214b-4864-b66a-d6e2a5789e5c@group-EFD1D20A002C-FollowerState was interrupted: java.lang.InterruptedException: sleep interrupted
2019-10-16 18:00:27,796 [grpc-default-executor-0] INFO  impl.RoleInfo (RoleInfo.java:updateAndGet(143)) - f4c54511-b161-4347-aec5-5236dc80a0d8: start FollowerState
2019-10-16 18:00:27,826 [bf55b3f9-6b09-4365-9d71-55289e083fa5@group-EFD1D20A002C-LeaderElection13] INFO  impl.LeaderElection (LeaderElection.java:logAndReturn(56)) - bf55b3f9-6b09-4365-9d71-55289e083fa5@group-EFD1D20A002C-LeaderElection13: Election REJECTED; received 2 response(s) [bf55b3f9-6b09-4365-9d71-55289e083fa5<-f4c54511-b161-4347-aec5-5236dc80a0d8#0:FAIL-t12, bf55b3f9-6b09-4365-9d71-55289e083fa5<-907b9765-214b-4864-b66a-d6e2a5789e5c#0:FAIL-t12] and 0 exception(s); bf55b3f9-6b09-4365-9d71-55289e083fa5@group-EFD1D20A002C:t12, leader=null, voted=bf55b3f9-6b09-4365-9d71-55289e083fa5, raftlog=bf55b3f9-6b09-4365-9d71-55289e083fa5@group-EFD1D20A002C-SegmentedRaftLog:OPENED:c-1,f-1,i0, conf=-1: [f4c54511-b161-4347-aec5-5236dc80a0d8:0.0.0.0:41238, 907b9765-214b-4864-b66a-d6e2a5789e5c:0.0.0.0:41650, bf55b3f9-6b09-4365-9d71-55289e083fa5:0.0.0.0:42441], old=null
2019-10-16 18:00:27,826 [bf55b3f9-6b09-4365-9d71-55289e083fa5@group-EFD1D20A002C-LeaderElection13] INFO  impl.RaftServerImpl (RaftServerImpl.java:setRole(184)) - bf55b3f9-6b09-4365-9d71-55289e083fa5@group-EFD1D20A002C: changes role from CANDIDATE to FOLLOWER at term 12 for DISCOVERED_A_NEW_TERM
2019-10-16 18:00:27,826 [bf55b3f9-6b09-4365-9d71-55289e083fa5@group-EFD1D20A002C-LeaderElection13] INFO  impl.RoleInfo (RoleInfo.java:shutdownLeaderElection(134)) - bf55b3f9-6b09-4365-9d71-55289e083fa5: shutdown LeaderElection
2019-10-16 18:00:27,826 [bf55b3f9-6b09-4365-9d71-55289e083fa5@group-EFD1D20A002C-LeaderElection13] INFO  impl.RoleInfo (RoleInfo.java:updateAndGet(143)) - bf55b3f9-6b09-4365-9d71-55289e083fa5: start FollowerState
2019-10-16 18:00:27,959 [Thread-115] INFO  impl.FollowerState (FollowerState.java:run(108)) - bf55b3f9-6b09-4365-9d71-55289e083fa5@group-EFD1D20A002C-FollowerState: change to CANDIDATE, lastRpcTime:132ms, electionTimeout:132ms
2019-10-16 18:00:27,960 [Thread-115] INFO  impl.RoleInfo (RoleInfo.java:shutdownFollowerState(121)) - bf55b3f9-6b09-4365-9d71-55289e083fa5: shutdown FollowerState
2019-10-16 18:00:27,960 [Thread-115] INFO  impl.RaftServerImpl (RaftServerImpl.java:setRole(184)) - bf55b3f9-6b09-4365-9d71-55289e083fa5@group-EFD1D20A002C: changes role from  FOLLOWER to CANDIDATE at term 12 for changeToCandidate
2019-10-16 18:00:27,960 [Thread-115] INFO  impl.RoleInfo (RoleInfo.java:updateAndGet(143)) - bf55b3f9-6b09-4365-9d71-55289e083fa5: start LeaderElection
2019-10-16 18:00:27,991 [bf55b3f9-6b09-4365-9d71-55289e083fa5@group-EFD1D20A002C-LeaderElection14] INFO  impl.LeaderElection (LeaderElection.java:askForVotes(178)) - bf55b3f9-6b09-4365-9d71-55289e083fa5@group-EFD1D20A002C-LeaderElection14: begin an election at term 13 for -1: [f4c54511-b161-4347-aec5-5236dc80a0d8:0.0.0.0:41238, 907b9765-214b-4864-b66a-d6e2a5789e5c:0.0.0.0:41650, bf55b3f9-6b09-4365-9d71-55289e083fa5:0.0.0.0:42441], old=null
2019-10-16 18:00:27,996 [grpc-default-executor-3] INFO  impl.RaftServerImpl (RaftServerImpl.java:setRole(184)) - 907b9765-214b-4864-b66a-d6e2a5789e5c@group-EFD1D20A002C: changes role from  FOLLOWER to FOLLOWER at term 13 for recognizeCandidate:bf55b3f9-6b09-4365-9d71-55289e083fa5
2019-10-16 18:00:27,996 [grpc-default-executor-0] INFO  impl.RaftServerImpl (RaftServerImpl.java:setRole(184)) - f4c54511-b161-4347-aec5-5236dc80a0d8@group-EFD1D20A002C: changes role from  FOLLOWER to FOLLOWER at term 13 for recognizeCandidate:bf55b3f9-6b09-4365-9d71-55289e083fa5
2019-10-16 18:00:27,996 [grpc-default-executor-3] INFO  impl.RoleInfo (RoleInfo.java:shutdownFollowerState(121)) - 907b9765-214b-4864-b66a-d6e2a5789e5c: shutdown FollowerState
2019-10-16 18:00:27,996 [grpc-default-executor-0] INFO  impl.RoleInfo (RoleInfo.java:shutdownFollowerState(121)) - f4c54511-b161-4347-aec5-5236dc80a0d8: shutdown FollowerState
2019-10-16 18:00:27,996 [Thread-114] INFO  impl.FollowerState (FollowerState.java:run(117)) - 907b9765-214b-4864-b66a-d6e2a5789e5c@group-EFD1D20A002C-FollowerState was interrupted: java.lang.InterruptedException: sleep interrupted
2019-10-16 18:00:27,996 [grpc-default-executor-3] INFO  impl.RoleInfo (RoleInfo.java:updateAndGet(143)) - 907b9765-214b-4864-b66a-d6e2a5789e5c: start FollowerState
2019-10-16 18:00:27,996 [Thread-113] INFO  impl.FollowerState (FollowerState.java:run(117)) - f4c54511-b161-4347-aec5-5236dc80a0d8@group-EFD1D20A002C-FollowerState was interrupted: java.lang.InterruptedException: sleep interrupted
2019-10-16 18:00:27,996 [grpc-default-executor-0] INFO  impl.RoleInfo (RoleInfo.java:updateAndGet(143)) - f4c54511-b161-4347-aec5-5236dc80a0d8: start FollowerState
2019-10-16 18:00:28,015 [bf55b3f9-6b09-4365-9d71-55289e083fa5@group-EFD1D20A002C-LeaderElection14] INFO  impl.LeaderElection (LeaderElection.java:logAndReturn(56)) - bf55b3f9-6b09-4365-9d71-55289e083fa5@group-EFD1D20A002C-LeaderElection14: Election TIMEOUT; received 0 response(s) [] and 0 exception(s); bf55b3f9-6b09-4365-9d71-55289e083fa5@group-EFD1D20A002C:t13, leader=null, voted=bf55b3f9-6b09-4365-9d71-55289e083fa5, raftlog=bf55b3f9-6b09-4365-9d71-55289e083fa5@group-EFD1D20A002C-SegmentedRaftLog:OPENED:c-1,f-1,i0, conf=-1: [f4c54511-b161-4347-aec5-5236dc80a0d8:0.0.0.0:41238, 907b9765-214b-4864-b66a-d6e2a5789e5c:0.0.0.0:41650, bf55b3f9-6b09-4365-9d71-55289e083fa5:0.0.0.0:42441], old=null
2019-10-16 18:00:28,041 [bf55b3f9-6b09-4365-9d71-55289e083fa5@group-EFD1D20A002C-LeaderElection14] INFO  impl.LeaderElection (LeaderElection.java:askForVotes(178)) - bf55b3f9-6b09-4365-9d71-55289e083fa5@group-EFD1D20A002C-LeaderElection14: begin an election at term 14 for -1: [f4c54511-b161-4347-aec5-5236dc80a0d8:0.0.0.0:41238, 907b9765-214b-4864-b66a-d6e2a5789e5c:0.0.0.0:41650, bf55b3f9-6b09-4365-9d71-55289e083fa5:0.0.0.0:42441], old=null
2019-10-16 18:00:28,046 [grpc-default-executor-3] INFO  impl.RaftServerImpl (RaftServerImpl.java:setRole(184)) - f4c54511-b161-4347-aec5-5236dc80a0d8@group-EFD1D20A002C: changes role from  FOLLOWER to FOLLOWER at term 14 for recognizeCandidate:bf55b3f9-6b09-4365-9d71-55289e083fa5
2019-10-16 18:00:28,047 [grpc-default-executor-0] INFO  impl.RaftServerImpl (RaftServerImpl.java:setRole(184)) - 907b9765-214b-4864-b66a-d6e2a5789e5c@group-EFD1D20A002C: changes role from  FOLLOWER to FOLLOWER at term 14 for recognizeCandidate:bf55b3f9-6b09-4365-9d71-55289e083fa5
2019-10-16 18:00:28,047 [grpc-default-executor-3] INFO  impl.RoleInfo (RoleInfo.java:shutdownFollowerState(121)) - f4c54511-b161-4347-aec5-5236dc80a0d8: shutdown FollowerState
2019-10-16 18:00:28,047 [grpc-default-executor-0] INFO  impl.RoleInfo (RoleInfo.java:shutdownFollowerState(121)) - 907b9765-214b-4864-b66a-d6e2a5789e5c: shutdown FollowerState
2019-10-16 18:00:28,047 [Thread-120] INFO  impl.FollowerState (FollowerState.java:run(117)) - f4c54511-b161-4347-aec5-5236dc80a0d8@group-EFD1D20A002C-FollowerState was interrupted: java.lang.InterruptedException: sleep interrupted
2019-10-16 18:00:28,047 [grpc-default-executor-3] INFO  impl.RoleInfo (RoleInfo.java:updateAndGet(143)) - f4c54511-b161-4347-aec5-5236dc80a0d8: start FollowerState
2019-10-16 18:00:28,047 [Thread-119] INFO  impl.FollowerState (FollowerState.java:run(117)) - 907b9765-214b-4864-b66a-d6e2a5789e5c@group-EFD1D20A002C-FollowerState was interrupted: java.lang.InterruptedException: sleep interrupted
2019-10-16 18:00:28,047 [grpc-default-executor-0] INFO  impl.RoleInfo (RoleInfo.java:updateAndGet(143)) - 907b9765-214b-4864-b66a-d6e2a5789e5c: start FollowerState
2019-10-16 18:00:28,078 [bf55b3f9-6b09-4365-9d71-55289e083fa5@group-EFD1D20A002C-LeaderElection14] INFO  impl.LeaderElection (LeaderElection.java:logAndReturn(56)) - bf55b3f9-6b09-4365-9d71-55289e083fa5@group-EFD1D20A002C-LeaderElection14: Election REJECTED; received 2 response(s) [bf55b3f9-6b09-4365-9d71-55289e083fa5<-f4c54511-b161-4347-aec5-5236dc80a0d8#0:FAIL-t14, bf55b3f9-6b09-4365-9d71-55289e083fa5<-907b9765-214b-4864-b66a-d6e2a5789e5c#0:FAIL-t14] and 0 exception(s); bf55b3f9-6b09-4365-9d71-55289e083fa5@group-EFD1D20A002C:t14, leader=null, voted=bf55b3f9-6b09-4365-9d71-55289e083fa5, raftlog=bf55b3f9-6b09-4365-9d71-55289e083fa5@group-EFD1D20A002C-SegmentedRaftLog:OPENED:c-1,f-1,i0, conf=-1: [f4c54511-b161-4347-aec5-5236dc80a0d8:0.0.0.0:41238, 907b9765-214b-4864-b66a-d6e2a5789e5c:0.0.0.0:41650, bf55b3f9-6b09-4365-9d71-55289e083fa5:0.0.0.0:42441], old=null
2019-10-16 18:00:28,079 [bf55b3f9-6b09-4365-9d71-55289e083fa5@group-EFD1D20A002C-LeaderElection14] INFO  impl.RaftServerImpl (RaftServerImpl.java:setRole(184)) - bf55b3f9-6b09-4365-9d71-55289e083fa5@group-EFD1D20A002C: changes role from CANDIDATE to FOLLOWER at term 14 for DISCOVERED_A_NEW_TERM
2019-10-16 18:00:28,079 [bf55b3f9-6b09-4365-9d71-55289e083fa5@group-EFD1D20A002C-LeaderElection14] INFO  impl.RoleInfo (RoleInfo.java:shutdownLeaderElection(134)) - bf55b3f9-6b09-4365-9d71-55289e083fa5: shutdown LeaderElection
2019-10-16 18:00:28,079 [bf55b3f9-6b09-4365-9d71-55289e083fa5@group-EFD1D20A002C-LeaderElection14] INFO  impl.RoleInfo (RoleInfo.java:updateAndGet(143)) - bf55b3f9-6b09-4365-9d71-55289e083fa5: start FollowerState
2019-10-16 18:00:28,211 [Thread-125] INFO  impl.FollowerState (FollowerState.java:run(108)) - bf55b3f9-6b09-4365-9d71-55289e083fa5@group-EFD1D20A002C-FollowerState: change to CANDIDATE, lastRpcTime:131ms, electionTimeout:131ms
2019-10-16 18:00:28,212 [Thread-125] INFO  impl.RoleInfo (RoleInfo.java:shutdownFollowerState(121)) - bf55b3f9-6b09-4365-9d71-55289e083fa5: shutdown FollowerState
2019-10-16 18:00:28,212 [Thread-125] INFO  impl.RaftServerImpl (RaftServerImpl.java:setRole(184)) - bf55b3f9-6b09-4365-9d71-55289e083fa5@group-EFD1D20A002C: changes role from  FOLLOWER to CANDIDATE at term 14 for changeToCandidate
2019-10-16 18:00:28,212 [Thread-125] INFO  impl.RoleInfo (RoleInfo.java:updateAndGet(143)) - bf55b3f9-6b09-4365-9d71-55289e083fa5: start LeaderElection
2019-10-16 18:00:28,242 [bf55b3f9-6b09-4365-9d71-55289e083fa5@group-EFD1D20A002C-LeaderElection15] INFO  impl.LeaderElection (LeaderElection.java:askForVotes(178)) - bf55b3f9-6b09-4365-9d71-55289e083fa5@group-EFD1D20A002C-LeaderElection15: begin an election at term 15 for -1: [f4c54511-b161-4347-aec5-5236dc80a0d8:0.0.0.0:41238, 907b9765-214b-4864-b66a-d6e2a5789e5c:0.0.0.0:41650, bf55b3f9-6b09-4365-9d71-55289e083fa5:0.0.0.0:42441], old=null
2019-10-16 18:00:28,247 [grpc-default-executor-3] INFO  impl.RaftServerImpl (RaftServerImpl.java:setRole(184)) - 907b9765-214b-4864-b66a-d6e2a5789e5c@group-EFD1D20A002C: changes role from  FOLLOWER to FOLLOWER at term 15 for recognizeCandidate:bf55b3f9-6b09-4365-9d71-55289e083fa5
2019-10-16 18:00:28,247 [grpc-default-executor-0] INFO  impl.RaftServerImpl (RaftServerImpl.java:setRole(184)) - f4c54511-b161-4347-aec5-5236dc80a0d8@group-EFD1D20A002C: changes role from  FOLLOWER to FOLLOWER at term 15 for recognizeCandidate:bf55b3f9-6b09-4365-9d71-55289e083fa5
2019-10-16 18:00:28,247 [grpc-default-executor-3] INFO  impl.RoleInfo (RoleInfo.java:shutdownFollowerState(121)) - 907b9765-214b-4864-b66a-d6e2a5789e5c: shutdown FollowerState
2019-10-16 18:00:28,247 [grpc-default-executor-0] INFO  impl.RoleInfo (RoleInfo.java:shutdownFollowerState(121)) - f4c54511-b161-4347-aec5-5236dc80a0d8: shutdown FollowerState
2019-10-16 18:00:28,247 [grpc-default-executor-3] INFO  impl.RoleInfo (RoleInfo.java:updateAndGet(143)) - 907b9765-214b-4864-b66a-d6e2a5789e5c: start FollowerState
2019-10-16 18:00:28,247 [Thread-123] INFO  impl.FollowerState (FollowerState.java:run(117)) - f4c54511-b161-4347-aec5-5236dc80a0d8@group-EFD1D20A002C-FollowerState was interrupted: java.lang.InterruptedException: sleep interrupted
2019-10-16 18:00:28,247 [grpc-default-executor-0] INFO  impl.RoleInfo (RoleInfo.java:updateAndGet(143)) - f4c54511-b161-4347-aec5-5236dc80a0d8: start FollowerState
2019-10-16 18:00:28,247 [Thread-124] INFO  impl.FollowerState (FollowerState.java:run(117)) - 907b9765-214b-4864-b66a-d6e2a5789e5c@group-EFD1D20A002C-FollowerState was interrupted: java.lang.InterruptedException: sleep interrupted
2019-10-16 18:00:28,278 [bf55b3f9-6b09-4365-9d71-55289e083fa5@group-EFD1D20A002C-LeaderElection15] INFO  impl.LeaderElection (LeaderElection.java:logAndReturn(56)) - bf55b3f9-6b09-4365-9d71-55289e083fa5@group-EFD1D20A002C-LeaderElection15: Election REJECTED; received 2 response(s) [bf55b3f9-6b09-4365-9d71-55289e083fa5<-f4c54511-b161-4347-aec5-5236dc80a0d8#0:FAIL-t15, bf55b3f9-6b09-4365-9d71-55289e083fa5<-907b9765-214b-4864-b66a-d6e2a5789e5c#0:FAIL-t15] and 0 exception(s); bf55b3f9-6b09-4365-9d71-55289e083fa5@group-EFD1D20A002C:t15, leader=null, voted=bf55b3f9-6b09-4365-9d71-55289e083fa5, raftlog=bf55b3f9-6b09-4365-9d71-55289e083fa5@group-EFD1D20A002C-SegmentedRaftLog:OPENED:c-1,f-1,i0, conf=-1: [f4c54511-b161-4347-aec5-5236dc80a0d8:0.0.0.0:41238, 907b9765-214b-4864-b66a-d6e2a5789e5c:0.0.0.0:41650, bf55b3f9-6b09-4365-9d71-55289e083fa5:0.0.0.0:42441], old=null
2019-10-16 18:00:28,278 [bf55b3f9-6b09-4365-9d71-55289e083fa5@group-EFD1D20A002C-LeaderElection15] INFO  impl.RaftServerImpl (RaftServerImpl.java:setRole(184)) - bf55b3f9-6b09-4365-9d71-55289e083fa5@group-EFD1D20A002C: changes role from CANDIDATE to FOLLOWER at term 15 for DISCOVERED_A_NEW_TERM
2019-10-16 18:00:28,278 [bf55b3f9-6b09-4365-9d71-55289e083fa5@group-EFD1D20A002C-LeaderElection15] INFO  impl.RoleInfo (RoleInfo.java:shutdownLeaderElection(134)) - bf55b3f9-6b09-4365-9d71-55289e083fa5: shutdown LeaderElection
2019-10-16 18:00:28,278 [bf55b3f9-6b09-4365-9d71-55289e083fa5@group-EFD1D20A002C-LeaderElection15] INFO  impl.RoleInfo (RoleInfo.java:updateAndGet(143)) - bf55b3f9-6b09-4365-9d71-55289e083fa5: start FollowerState
2019-10-16 18:00:28,436 [Thread-131] INFO  impl.FollowerState (FollowerState.java:run(108)) - bf55b3f9-6b09-4365-9d71-55289e083fa5@group-EFD1D20A002C-FollowerState: change to CANDIDATE, lastRpcTime:158ms, electionTimeout:158ms
2019-10-16 18:00:28,437 [Thread-131] INFO  impl.RoleInfo (RoleInfo.java:shutdownFollowerState(121)) - bf55b3f9-6b09-4365-9d71-55289e083fa5: shutdown FollowerState
2019-10-16 18:00:28,438 [Thread-131] INFO  impl.RaftServerImpl (RaftServerImpl.java:setRole(184)) - bf55b3f9-6b09-4365-9d71-55289e083fa5@group-EFD1D20A002C: changes role from  FOLLOWER to CANDIDATE at term 15 for changeToCandidate
2019-10-16 18:00:28,438 [Thread-131] INFO  impl.RoleInfo (RoleInfo.java:updateAndGet(143)) - bf55b3f9-6b09-4365-9d71-55289e083fa5: start LeaderElection
2019-10-16 18:00:28,458 [bf55b3f9-6b09-4365-9d71-55289e083fa5@group-EFD1D20A002C-LeaderElection16] INFO  impl.LeaderElection (LeaderElection.java:askForVotes(178)) - bf55b3f9-6b09-4365-9d71-55289e083fa5@group-EFD1D20A002C-LeaderElection16: begin an election at term 16 for -1: [f4c54511-b161-4347-aec5-5236dc80a0d8:0.0.0.0:41238, 907b9765-214b-4864-b66a-d6e2a5789e5c:0.0.0.0:41650, bf55b3f9-6b09-4365-9d71-55289e083fa5:0.0.0.0:42441], old=null
2019-10-16 18:00:28,461 [grpc-default-executor-3] INFO  impl.RaftServerImpl (RaftServerImpl.java:setRole(184)) - 907b9765-214b-4864-b66a-d6e2a5789e5c@group-EFD1D20A002C: changes role from  FOLLOWER to FOLLOWER at term 16 for recognizeCandidate:bf55b3f9-6b09-4365-9d71-55289e083fa5
2019-10-16 18:00:28,461 [grpc-default-executor-3] INFO  impl.RoleInfo (RoleInfo.java:shutdownFollowerState(121)) - 907b9765-214b-4864-b66a-d6e2a5789e5c: shutdown FollowerState
2019-10-16 18:00:28,461 [grpc-default-executor-0] INFO  impl.RaftServerImpl (RaftServerImpl.java:setRole(184)) - f4c54511-b161-4347-aec5-5236dc80a0d8@group-EFD1D20A002C: changes role from  FOLLOWER to FOLLOWER at term 16 for recognizeCandidate:bf55b3f9-6b09-4365-9d71-55289e083fa5
2019-10-16 18:00:28,462 [Thread-129] INFO  impl.FollowerState (FollowerState.java:run(117)) - 907b9765-214b-4864-b66a-d6e2a5789e5c@group-EFD1D20A002C-FollowerState was interrupted: java.lang.InterruptedException: sleep interrupted
2019-10-16 18:00:28,462 [grpc-default-executor-3] INFO  impl.RoleInfo (RoleInfo.java:updateAndGet(143)) - 907b9765-214b-4864-b66a-d6e2a5789e5c: start FollowerState
2019-10-16 18:00:28,462 [grpc-default-executor-0] INFO  impl.RoleInfo (RoleInfo.java:shutdownFollowerState(121)) - f4c54511-b161-4347-aec5-5236dc80a0d8: shutdown FollowerState
2019-10-16 18:00:28,462 [grpc-default-executor-0] INFO  impl.RoleInfo (RoleInfo.java:updateAndGet(143)) - f4c54511-b161-4347-aec5-5236dc80a0d8: start FollowerState
2019-10-16 18:00:28,462 [Thread-130] INFO  impl.FollowerState (FollowerState.java:run(117)) - f4c54511-b161-4347-aec5-5236dc80a0d8@group-EFD1D20A002C-FollowerState was interrupted: java.lang.InterruptedException: sleep interrupted
2019-10-16 18:00:28,482 [bf55b3f9-6b09-4365-9d71-55289e083fa5@group-EFD1D20A002C-LeaderElection16] INFO  impl.LeaderElection (LeaderElection.java:logAndReturn(56)) - bf55b3f9-6b09-4365-9d71-55289e083fa5@group-EFD1D20A002C-LeaderElection16: Election REJECTED; received 2 response(s) [bf55b3f9-6b09-4365-9d71-55289e083fa5<-f4c54511-b161-4347-aec5-5236dc80a0d8#0:FAIL-t16, bf55b3f9-6b09-4365-9d71-55289e083fa5<-907b9765-214b-4864-b66a-d6e2a5789e5c#0:FAIL-t16] and 0 exception(s); bf55b3f9-6b09-4365-9d71-55289e083fa5@group-EFD1D20A002C:t16, leader=null, voted=bf55b3f9-6b09-4365-9d71-55289e083fa5, raftlog=bf55b3f9-6b09-4365-9d71-55289e083fa5@group-EFD1D20A002C-SegmentedRaftLog:OPENED:c-1,f-1,i0, conf=-1: [f4c54511-b161-4347-aec5-5236dc80a0d8:0.0.0.0:41238, 907b9765-214b-4864-b66a-d6e2a5789e5c:0.0.0.0:41650, bf55b3f9-6b09-4365-9d71-55289e083fa5:0.0.0.0:42441], old=null
2019-10-16 18:00:28,483 [bf55b3f9-6b09-4365-9d71-55289e083fa5@group-EFD1D20A002C-LeaderElection16] INFO  impl.RaftServerImpl (RaftServerImpl.java:setRole(184)) - bf55b3f9-6b09-4365-9d71-55289e083fa5@group-EFD1D20A002C: changes role from CANDIDATE to FOLLOWER at term 16 for DISCOVERED_A_NEW_TERM
2019-10-16 18:00:28,483 [bf55b3f9-6b09-4365-9d71-55289e083fa5@group-EFD1D20A002C-LeaderElection16] INFO  impl.RoleInfo (RoleInfo.java:shutdownLeaderElection(134)) - bf55b3f9-6b09-4365-9d71-55289e083fa5: shutdown LeaderElection
2019-10-16 18:00:28,483 [bf55b3f9-6b09-4365-9d71-55289e083fa5@group-EFD1D20A002C-LeaderElection16] INFO  impl.RoleInfo (RoleInfo.java:updateAndGet(143)) - bf55b3f9-6b09-4365-9d71-55289e083fa5: start FollowerState
2019-10-16 18:00:28,623 [Thread-139] INFO  impl.FollowerState (FollowerState.java:run(108)) - bf55b3f9-6b09-4365-9d71-55289e083fa5@group-EFD1D20A002C-FollowerState: change to CANDIDATE, lastRpcTime:140ms, electionTimeout:140ms
2019-10-16 18:00:28,625 [Thread-139] INFO  impl.RoleInfo (RoleInfo.java:shutdownFollowerState(121)) - bf55b3f9-6b09-4365-9d71-55289e083fa5: shutdown FollowerState
2019-10-16 18:00:28,625 [Thread-139] INFO  impl.RaftServerImpl (RaftServerImpl.java:setRole(184)) - bf55b3f9-6b09-4365-9d71-55289e083fa5@group-EFD1D20A002C: changes role from  FOLLOWER to CANDIDATE at term 16 for changeToCandidate
2019-10-16 18:00:28,625 [Thread-139] INFO  impl.RoleInfo (RoleInfo.java:updateAndGet(143)) - bf55b3f9-6b09-4365-9d71-55289e083fa5: start LeaderElection
2019-10-16 18:00:28,641 [bf55b3f9-6b09-4365-9d71-55289e083fa5@group-EFD1D20A002C-LeaderElection17] INFO  impl.LeaderElection (LeaderElection.java:askForVotes(178)) - bf55b3f9-6b09-4365-9d71-55289e083fa5@group-EFD1D20A002C-LeaderElection17: begin an election at term 17 for -1: [f4c54511-b161-4347-aec5-5236dc80a0d8:0.0.0.0:41238, 907b9765-214b-4864-b66a-d6e2a5789e5c:0.0.0.0:41650, bf55b3f9-6b09-4365-9d71-55289e083fa5:0.0.0.0:42441], old=null
2019-10-16 18:00:28,646 [grpc-default-executor-3] INFO  impl.RaftServerImpl (RaftServerImpl.java:setRole(184)) - 907b9765-214b-4864-b66a-d6e2a5789e5c@group-EFD1D20A002C: changes role from  FOLLOWER to FOLLOWER at term 17 for recognizeCandidate:bf55b3f9-6b09-4365-9d71-55289e083fa5
2019-10-16 18:00:28,646 [grpc-default-executor-3] INFO  impl.RoleInfo (RoleInfo.java:shutdownFollowerState(121)) - 907b9765-214b-4864-b66a-d6e2a5789e5c: shutdown FollowerState
2019-10-16 18:00:28,646 [grpc-default-executor-0] INFO  impl.RaftServerImpl (RaftServerImpl.java:setRole(184)) - f4c54511-b161-4347-aec5-5236dc80a0d8@group-EFD1D20A002C: changes role from  FOLLOWER to FOLLOWER at term 17 for recognizeCandidate:bf55b3f9-6b09-4365-9d71-55289e083fa5
2019-10-16 18:00:28,646 [Thread-137] INFO  impl.FollowerState (FollowerState.java:run(117)) - 907b9765-214b-4864-b66a-d6e2a5789e5c@group-EFD1D20A002C-FollowerState was interrupted: java.lang.InterruptedException: sleep interrupted
2019-10-16 18:00:28,646 [grpc-default-executor-3] INFO  impl.RoleInfo (RoleInfo.java:updateAndGet(143)) - 907b9765-214b-4864-b66a-d6e2a5789e5c: start FollowerState
2019-10-16 18:00:28,646 [grpc-default-executor-0] INFO  impl.RoleInfo (RoleInfo.java:shutdownFollowerState(121)) - f4c54511-b161-4347-aec5-5236dc80a0d8: shutdown FollowerState
2019-10-16 18:00:28,647 [grpc-default-executor-0] INFO  impl.RoleInfo (RoleInfo.java:updateAndGet(143)) - f4c54511-b161-4347-aec5-5236dc80a0d8: start FollowerState
2019-10-16 18:00:28,647 [Thread-138] INFO  impl.FollowerState (FollowerState.java:run(117)) - f4c54511-b161-4347-aec5-5236dc80a0d8@group-EFD1D20A002C-FollowerState was interrupted: java.lang.InterruptedException: sleep interrupted
2019-10-16 18:00:28,674 [bf55b3f9-6b09-4365-9d71-55289e083fa5@group-EFD1D20A002C-LeaderElection17] INFO  impl.LeaderElection (LeaderElection.java:logAndReturn(56)) - bf55b3f9-6b09-4365-9d71-55289e083fa5@group-EFD1D20A002C-LeaderElection17: Election REJECTED; received 2 response(s) [bf55b3f9-6b09-4365-9d71-55289e083fa5<-f4c54511-b161-4347-aec5-5236dc80a0d8#0:FAIL-t17, bf55b3f9-6b09-4365-9d71-55289e083fa5<-907b9765-214b-4864-b66a-d6e2a5789e5c#0:FAIL-t17] and 0 exception(s); bf55b3f9-6b09-4365-9d71-55289e083fa5@group-EFD1D20A002C:t17, leader=null, voted=bf55b3f9-6b09-4365-9d71-55289e083fa5, raftlog=bf55b3f9-6b09-4365-9d71-55289e083fa5@group-EFD1D20A002C-SegmentedRaftLog:OPENED:c-1,f-1,i0, conf=-1: [f4c54511-b161-4347-aec5-5236dc80a0d8:0.0.0.0:41238, 907b9765-214b-4864-b66a-d6e2a5789e5c:0.0.0.0:41650, bf55b3f9-6b09-4365-9d71-55289e083fa5:0.0.0.0:42441], old=null
2019-10-16 18:00:28,674 [bf55b3f9-6b09-4365-9d71-55289e083fa5@group-EFD1D20A002C-LeaderElection17] INFO  impl.RaftServerImpl (RaftServerImpl.java:setRole(184)) - bf55b3f9-6b09-4365-9d71-55289e083fa5@group-EFD1D20A002C: changes role from CANDIDATE to FOLLOWER at term 17 for DISCOVERED_A_NEW_TERM
2019-10-16 18:00:28,674 [bf55b3f9-6b09-4365-9d71-55289e083fa5@group-EFD1D20A002C-LeaderElection17] INFO  impl.RoleInfo (RoleInfo.java:shutdownLeaderElection(134)) - bf55b3f9-6b09-4365-9d71-55289e083fa5: shutdown LeaderElection
2019-10-16 18:00:28,674 [bf55b3f9-6b09-4365-9d71-55289e083fa5@group-EFD1D20A002C-LeaderElection17] INFO  impl.RoleInfo (RoleInfo.java:updateAndGet(143)) - bf55b3f9-6b09-4365-9d71-55289e083fa5: start FollowerState
2019-10-16 18:00:28,755 [Thread-145] INFO  impl.FollowerState (FollowerState.java:run(108)) - bf55b3f9-6b09-4365-9d71-55289e083fa5@group-EFD1D20A002C-FollowerState: change to CANDIDATE, lastRpcTime:80ms, electionTimeout:80ms
2019-10-16 18:00:28,756 [Thread-145] INFO  impl.RoleInfo (RoleInfo.java:shutdownFollowerState(121)) - bf55b3f9-6b09-4365-9d71-55289e083fa5: shutdown FollowerState
2019-10-16 18:00:28,756 [Thread-145] INFO  impl.RaftServerImpl (RaftServerImpl.java:setRole(184)) - bf55b3f9-6b09-4365-9d71-55289e083fa5@group-EFD1D20A002C: changes role from  FOLLOWER to CANDIDATE at term 17 for changeToCandidate
2019-10-16 18:00:28,756 [Thread-145] INFO  impl.RoleInfo (RoleInfo.java:updateAndGet(143)) - bf55b3f9-6b09-4365-9d71-55289e083fa5: start LeaderElection
2019-10-16 18:00:28,780 [bf55b3f9-6b09-4365-9d71-55289e083fa5@group-EFD1D20A002C-LeaderElection18] INFO  impl.LeaderElection (LeaderElection.java:askForVotes(178)) - bf55b3f9-6b09-4365-9d71-55289e083fa5@group-EFD1D20A002C-LeaderElection18: begin an election at term 18 for -1: [f4c54511-b161-4347-aec5-5236dc80a0d8:0.0.0.0:41238, 907b9765-214b-4864-b66a-d6e2a5789e5c:0.0.0.0:41650, bf55b3f9-6b09-4365-9d71-55289e083fa5:0.0.0.0:42441], old=null
2019-10-16 18:00:28,783 [grpc-default-executor-3] INFO  impl.RaftServerImpl (RaftServerImpl.java:setRole(184)) - f4c54511-b161-4347-aec5-5236dc80a0d8@group-EFD1D20A002C: changes role from  FOLLOWER to FOLLOWER at term 18 for recognizeCandidate:bf55b3f9-6b09-4365-9d71-55289e083fa5
2019-10-16 18:00:28,783 [grpc-default-executor-3] INFO  impl.RoleInfo (RoleInfo.java:shutdownFollowerState(121)) - f4c54511-b161-4347-aec5-5236dc80a0d8: shutdown FollowerState
2019-10-16 18:00:28,783 [grpc-default-executor-0] INFO  impl.RaftServerImpl (RaftServerImpl.java:setRole(184)) - 907b9765-214b-4864-b66a-d6e2a5789e5c@group-EFD1D20A002C: changes role from  FOLLOWER to FOLLOWER at term 18 for recognizeCandidate:bf55b3f9-6b09-4365-9d71-55289e083fa5
2019-10-16 18:00:28,783 [Thread-144] INFO  impl.FollowerState (FollowerState.java:run(117)) - f4c54511-b161-4347-aec5-5236dc80a0d8@group-EFD1D20A002C-FollowerState was interrupted: java.lang.InterruptedException: sleep interrupted
2019-10-16 18:00:28,783 [grpc-default-executor-3] INFO  impl.RoleInfo (RoleInfo.java:updateAndGet(143)) - f4c54511-b161-4347-aec5-5236dc80a0d8: start FollowerState
2019-10-16 18:00:28,784 [grpc-default-executor-0] INFO  impl.RoleInfo (RoleInfo.java:shutdownFollowerState(121)) - 907b9765-214b-4864-b66a-d6e2a5789e5c: shutdown FollowerState
2019-10-16 18:00:28,784 [grpc-default-executor-0] INFO  impl.RoleInfo (RoleInfo.java:updateAndGet(143)) - 907b9765-214b-4864-b66a-d6e2a5789e5c: start FollowerState
2019-10-16 18:00:28,784 [Thread-143] INFO  impl.FollowerState (FollowerState.java:run(117)) - 907b9765-214b-4864-b66a-d6e2a5789e5c@group-EFD1D20A002C-FollowerState was interrupted: java.lang.InterruptedException: sleep interrupted
2019-10-16 18:00:28,798 [bf55b3f9-6b09-4365-9d71-55289e083fa5@group-EFD1D20A002C-LeaderElection18] INFO  impl.LeaderElection (LeaderElection.java:logAndReturn(56)) - bf55b3f9-6b09-4365-9d71-55289e083fa5@group-EFD1D20A002C-LeaderElection18: Election REJECTED; received 2 response(s) [bf55b3f9-6b09-4365-9d71-55289e083fa5<-f4c54511-b161-4347-aec5-5236dc80a0d8#0:FAIL-t18, bf55b3f9-6b09-4365-9d71-55289e083fa5<-907b9765-214b-4864-b66a-d6e2a5789e5c#0:FAIL-t18] and 0 exception(s); bf55b3f9-6b09-4365-9d71-55289e083fa5@group-EFD1D20A002C:t18, leader=null, voted=bf55b3f9-6b09-4365-9d71-55289e083fa5, raftlog=bf55b3f9-6b09-4365-9d71-55289e083fa5@group-EFD1D20A002C-SegmentedRaftLog:OPENED:c-1,f-1,i0, conf=-1: [f4c54511-b161-4347-aec5-5236dc80a0d8:0.0.0.0:41238, 907b9765-214b-4864-b66a-d6e2a5789e5c:0.0.0.0:41650, bf55b3f9-6b09-4365-9d71-55289e083fa5:0.0.0.0:42441], old=null
2019-10-16 18:00:28,798 [bf55b3f9-6b09-4365-9d71-55289e083fa5@group-EFD1D20A002C-LeaderElection18] INFO  impl.RaftServerImpl (RaftServerImpl.java:setRole(184)) - bf55b3f9-6b09-4365-9d71-55289e083fa5@group-EFD1D20A002C: changes role from CANDIDATE to FOLLOWER at term 18 for DISCOVERED_A_NEW_TERM
2019-10-16 18:00:28,798 [bf55b3f9-6b09-4365-9d71-55289e083fa5@group-EFD1D20A002C-LeaderElection18] INFO  impl.RoleInfo (RoleInfo.java:shutdownLeaderElection(134)) - bf55b3f9-6b09-4365-9d71-55289e083fa5: shutdown LeaderElection
2019-10-16 18:00:28,798 [bf55b3f9-6b09-4365-9d71-55289e083fa5@group-EFD1D20A002C-LeaderElection18] INFO  impl.RoleInfo (RoleInfo.java:updateAndGet(143)) - bf55b3f9-6b09-4365-9d71-55289e083fa5: start FollowerState
2019-10-16 18:00:28,880 [Thread-151] INFO  impl.FollowerState (FollowerState.java:run(108)) - bf55b3f9-6b09-4365-9d71-55289e083fa5@group-EFD1D20A002C-FollowerState: change to CANDIDATE, lastRpcTime:81ms, electionTimeout:81ms
2019-10-16 18:00:28,882 [Thread-151] INFO  impl.RoleInfo (RoleInfo.java:shutdownFollowerState(121)) - bf55b3f9-6b09-4365-9d71-55289e083fa5: shutdown FollowerState
2019-10-16 18:00:28,882 [Thread-151] INFO  impl.RaftServerImpl (RaftServerImpl.java:setRole(184)) - bf55b3f9-6b09-4365-9d71-55289e083fa5@group-EFD1D20A002C: changes role from  FOLLOWER to CANDIDATE at term 18 for changeToCandidate
2019-10-16 18:00:28,882 [Thread-151] INFO  impl.RoleInfo (RoleInfo.java:updateAndGet(143)) - bf55b3f9-6b09-4365-9d71-55289e083fa5: start LeaderElection
2019-10-16 18:00:28,914 [bf55b3f9-6b09-4365-9d71-55289e083fa5@group-EFD1D20A002C-LeaderElection19] INFO  impl.LeaderElection (LeaderElection.java:askForVotes(178)) - bf55b3f9-6b09-4365-9d71-55289e083fa5@group-EFD1D20A002C-LeaderElection19: begin an election at term 19 for -1: [f4c54511-b161-4347-aec5-5236dc80a0d8:0.0.0.0:41238, 907b9765-214b-4864-b66a-d6e2a5789e5c:0.0.0.0:41650, bf55b3f9-6b09-4365-9d71-55289e083fa5:0.0.0.0:42441], old=null
2019-10-16 18:00:28,918 [grpc-default-executor-3] INFO  impl.RaftServerImpl (RaftServerImpl.java:setRole(184)) - 907b9765-214b-4864-b66a-d6e2a5789e5c@group-EFD1D20A002C: changes role from  FOLLOWER to FOLLOWER at term 19 for recognizeCandidate:bf55b3f9-6b09-4365-9d71-55289e083fa5
2019-10-16 18:00:28,918 [grpc-default-executor-0] INFO  impl.RaftServerImpl (RaftServerImpl.java:setRole(184)) - f4c54511-b161-4347-aec5-5236dc80a0d8@group-EFD1D20A002C: changes role from  FOLLOWER to FOLLOWER at term 19 for recognizeCandidate:bf55b3f9-6b09-4365-9d71-55289e083fa5
2019-10-16 18:00:28,918 [grpc-default-executor-3] INFO  impl.RoleInfo (RoleInfo.java:shutdownFollowerState(121)) - 907b9765-214b-4864-b66a-d6e2a5789e5c: shutdown FollowerState
2019-10-16 18:00:28,918 [grpc-default-executor-0] INFO  impl.RoleInfo (RoleInfo.java:shutdownFollowerState(121)) - f4c54511-b161-4347-aec5-5236dc80a0d8: shutdown FollowerState
2019-10-16 18:00:28,919 [grpc-default-executor-3] INFO  impl.RoleInfo (RoleInfo.java:updateAndGet(143)) - 907b9765-214b-4864-b66a-d6e2a5789e5c: start FollowerState
2019-10-16 18:00:28,919 [Thread-150] INFO  impl.FollowerState (FollowerState.java:run(117)) - 907b9765-214b-4864-b66a-d6e2a5789e5c@group-EFD1D20A002C-FollowerState was interrupted: java.lang.InterruptedException: sleep interrupted
2019-10-16 18:00:28,919 [Thread-149] INFO  impl.FollowerState (FollowerState.java:run(117)) - f4c54511-b161-4347-aec5-5236dc80a0d8@group-EFD1D20A002C-FollowerState was interrupted: java.lang.InterruptedException: sleep interrupted
2019-10-16 18:00:28,919 [grpc-default-executor-0] INFO  impl.RoleInfo (RoleInfo.java:updateAndGet(143)) - f4c54511-b161-4347-aec5-5236dc80a0d8: start FollowerState
2019-10-16 18:00:28,959 [bf55b3f9-6b09-4365-9d71-55289e083fa5@group-EFD1D20A002C-LeaderElection19] INFO  impl.LeaderElection (LeaderElection.java:logAndReturn(56)) - bf55b3f9-6b09-4365-9d71-55289e083fa5@group-EFD1D20A002C-LeaderElection19: Election REJECTED; received 2 response(s) [bf55b3f9-6b09-4365-9d71-55289e083fa5<-f4c54511-b161-4347-aec5-5236dc80a0d8#0:FAIL-t19, bf55b3f9-6b09-4365-9d71-55289e083fa5<-907b9765-214b-4864-b66a-d6e2a5789e5c#0:FAIL-t19] and 0 exception(s); bf55b3f9-6b09-4365-9d71-55289e083fa5@group-EFD1D20A002C:t19, leader=null, voted=bf55b3f9-6b09-4365-9d71-55289e083fa5, raftlog=bf55b3f9-6b09-4365-9d71-55289e083fa5@group-EFD1D20A002C-SegmentedRaftLog:OPENED:c-1,f-1,i0, conf=-1: [f4c54511-b161-4347-aec5-5236dc80a0d8:0.0.0.0:41238, 907b9765-214b-4864-b66a-d6e2a5789e5c:0.0.0.0:41650, bf55b3f9-6b09-4365-9d71-55289e083fa5:0.0.0.0:42441], old=null
2019-10-16 18:00:28,959 [bf55b3f9-6b09-4365-9d71-55289e083fa5@group-EFD1D20A002C-LeaderElection19] INFO  impl.RaftServerImpl (RaftServerImpl.java:setRole(184)) - bf55b3f9-6b09-4365-9d71-55289e083fa5@group-EFD1D20A002C: changes role from CANDIDATE to FOLLOWER at term 19 for DISCOVERED_A_NEW_TERM
2019-10-16 18:00:28,959 [bf55b3f9-6b09-4365-9d71-55289e083fa5@group-EFD1D20A002C-LeaderElection19] INFO  impl.RoleInfo (RoleInfo.java:shutdownLeaderElection(134)) - bf55b3f9-6b09-4365-9d71-55289e083fa5: shutdown LeaderElection
2019-10-16 18:00:28,959 [bf55b3f9-6b09-4365-9d71-55289e083fa5@group-EFD1D20A002C-LeaderElection19] INFO  impl.RoleInfo (RoleInfo.java:updateAndGet(143)) - bf55b3f9-6b09-4365-9d71-55289e083fa5: start FollowerState
2019-10-16 18:00:28,965 [Thread-157] INFO  impl.FollowerState (FollowerState.java:run(108)) - bf55b3f9-6b09-4365-9d71-55289e083fa5@group-EFD1D20A002C-FollowerState: change to CANDIDATE, lastRpcTime:5ms, electionTimeout:5ms
2019-10-16 18:00:28,966 [Thread-157] INFO  impl.RoleInfo (RoleInfo.java:shutdownFollowerState(121)) - bf55b3f9-6b09-4365-9d71-55289e083fa5: shutdown FollowerState
2019-10-16 18:00:28,966 [Thread-157] INFO  impl.RaftServerImpl (RaftServerImpl.java:setRole(184)) - bf55b3f9-6b09-4365-9d71-55289e083fa5@group-EFD1D20A002C: changes role from  FOLLOWER to CANDIDATE at term 19 for changeToCandidate
2019-10-16 18:00:28,966 [Thread-157] INFO  impl.RoleInfo (RoleInfo.java:updateAndGet(143)) - bf55b3f9-6b09-4365-9d71-55289e083fa5: start LeaderElection
2019-10-16 18:00:28,990 [bf55b3f9-6b09-4365-9d71-55289e083fa5@group-EFD1D20A002C-LeaderElection20] INFO  impl.LeaderElection (LeaderElection.java:askForVotes(178)) - bf55b3f9-6b09-4365-9d71-55289e083fa5@group-EFD1D20A002C-LeaderElection20: begin an election at term 20 for -1: [f4c54511-b161-4347-aec5-5236dc80a0d8:0.0.0.0:41238, 907b9765-214b-4864-b66a-d6e2a5789e5c:0.0.0.0:41650, bf55b3f9-6b09-4365-9d71-55289e083fa5:0.0.0.0:42441], old=null
2019-10-16 18:00:28,993 [grpc-default-executor-0] INFO  impl.RaftServerImpl (RaftServerImpl.java:setRole(184)) - f4c54511-b161-4347-aec5-5236dc80a0d8@group-EFD1D20A002C: changes role from  FOLLOWER to FOLLOWER at term 20 for recognizeCandidate:bf55b3f9-6b09-4365-9d71-55289e083fa5
2019-10-16 18:00:28,994 [grpc-default-executor-3] INFO  impl.RaftServerImpl (RaftServerImpl.java:setRole(184)) - 907b9765-214b-4864-b66a-d6e2a5789e5c@group-EFD1D20A002C: changes role from  FOLLOWER to FOLLOWER at term 20 for recognizeCandidate:bf55b3f9-6b09-4365-9d71-55289e083fa5
2019-10-16 18:00:28,994 [grpc-default-executor-0] INFO  impl.RoleInfo (RoleInfo.java:shutdownFollowerState(121)) - f4c54511-b161-4347-aec5-5236dc80a0d8: shutdown FollowerState
2019-10-16 18:00:28,994 [grpc-default-executor-3] INFO  impl.RoleInfo (RoleInfo.java:shutdownFollowerState(121)) - 907b9765-214b-4864-b66a-d6e2a5789e5c: shutdown FollowerState
2019-10-16 18:00:28,994 [Thread-156] INFO  impl.FollowerState (FollowerState.java:run(117)) - f4c54511-b161-4347-aec5-5236dc80a0d8@group-EFD1D20A002C-FollowerState was interrupted: java.lang.InterruptedException: sleep interrupted
2019-10-16 18:00:28,994 [grpc-default-executor-0] INFO  impl.RoleInfo (RoleInfo.java:updateAndGet(143)) - f4c54511-b161-4347-aec5-5236dc80a0d8: start FollowerState
2019-10-16 18:00:28,994 [Thread-155] INFO  impl.FollowerState (FollowerState.java:run(117)) - 907b9765-214b-4864-b66a-d6e2a5789e5c@group-EFD1D20A002C-FollowerState was interrupted: java.lang.InterruptedException: sleep interrupted
2019-10-16 18:00:28,994 [grpc-default-executor-3] INFO  impl.RoleInfo (RoleInfo.java:updateAndGet(143)) - 907b9765-214b-4864-b66a-d6e2a5789e5c: start FollowerState
2019-10-16 18:00:29,020 [bf55b3f9-6b09-4365-9d71-55289e083fa5@group-EFD1D20A002C-LeaderElection20] INFO  impl.LeaderElection (LeaderElection.java:logAndReturn(56)) - bf55b3f9-6b09-4365-9d71-55289e083fa5@group-EFD1D20A002C-LeaderElection20: Election REJECTED; received 2 response(s) [bf55b3f9-6b09-4365-9d71-55289e083fa5<-f4c54511-b161-4347-aec5-5236dc80a0d8#0:FAIL-t20, bf55b3f9-6b09-4365-9d71-55289e083fa5<-907b9765-214b-4864-b66a-d6e2a5789e5c#0:FAIL-t20] and 0 exception(s); bf55b3f9-6b09-4365-9d71-55289e083fa5@group-EFD1D20A002C:t20, leader=null, voted=bf55b3f9-6b09-4365-9d71-55289e083fa5, raftlog=bf55b3f9-6b09-4365-9d71-55289e083fa5@group-EFD1D20A002C-SegmentedRaftLog:OPENED:c-1,f-1,i0, conf=-1: [f4c54511-b161-4347-aec5-5236dc80a0d8:0.0.0.0:41238, 907b9765-214b-4864-b66a-d6e2a5789e5c:0.0.0.0:41650, bf55b3f9-6b09-4365-9d71-55289e083fa5:0.0.0.0:42441], old=null
2019-10-16 18:00:29,020 [bf55b3f9-6b09-4365-9d71-55289e083fa5@group-EFD1D20A002C-LeaderElection20] INFO  impl.RaftServerImpl (RaftServerImpl.java:setRole(184)) - bf55b3f9-6b09-4365-9d71-55289e083fa5@group-EFD1D20A002C: changes role from CANDIDATE to FOLLOWER at term 20 for DISCOVERED_A_NEW_TERM
2019-10-16 18:00:29,020 [bf55b3f9-6b09-4365-9d71-55289e083fa5@group-EFD1D20A002C-LeaderElection20] INFO  impl.RoleInfo (RoleInfo.java:shutdownLeaderElection(134)) - bf55b3f9-6b09-4365-9d71-55289e083fa5: shutdown LeaderElection
2019-10-16 18:00:29,021 [bf55b3f9-6b09-4365-9d71-55289e083fa5@group-EFD1D20A002C-LeaderElection20] INFO  impl.RoleInfo (RoleInfo.java:updateAndGet(143)) - bf55b3f9-6b09-4365-9d71-55289e083fa5: start FollowerState
2019-10-16 18:00:29,257 [Thread-163] INFO  impl.FollowerState (FollowerState.java:run(108)) - bf55b3f9-6b09-4365-9d71-55289e083fa5@group-EFD1D20A002C-FollowerState: change to CANDIDATE, lastRpcTime:236ms, electionTimeout:188ms
2019-10-16 18:00:29,258 [Thread-163] INFO  impl.RoleInfo (RoleInfo.java:shutdownFollowerState(121)) - bf55b3f9-6b09-4365-9d71-55289e083fa5: shutdown FollowerState
2019-10-16 18:00:29,266 [Thread-163] INFO  impl.RaftServerImpl (RaftServerImpl.java:setRole(184)) - bf55b3f9-6b09-4365-9d71-55289e083fa5@group-EFD1D20A002C: changes role from  FOLLOWER to CANDIDATE at term 20 for changeToCandidate
2019-10-16 18:00:29,272 [Thread-163] INFO  impl.RoleInfo (RoleInfo.java:updateAndGet(143)) - bf55b3f9-6b09-4365-9d71-55289e083fa5: start LeaderElection
2019-10-16 18:00:29,297 [bf55b3f9-6b09-4365-9d71-55289e083fa5@group-EFD1D20A002C-LeaderElection21] INFO  impl.LeaderElection (LeaderElection.java:askForVotes(178)) - bf55b3f9-6b09-4365-9d71-55289e083fa5@group-EFD1D20A002C-LeaderElection21: begin an election at term 21 for -1: [f4c54511-b161-4347-aec5-5236dc80a0d8:0.0.0.0:41238, 907b9765-214b-4864-b66a-d6e2a5789e5c:0.0.0.0:41650, bf55b3f9-6b09-4365-9d71-55289e083fa5:0.0.0.0:42441], old=null
2019-10-16 18:00:29,301 [grpc-default-executor-3] INFO  impl.RaftServerImpl (RaftServerImpl.java:setRole(184)) - f4c54511-b161-4347-aec5-5236dc80a0d8@group-EFD1D20A002C: changes role from  FOLLOWER to FOLLOWER at term 21 for recognizeCandidate:bf55b3f9-6b09-4365-9d71-55289e083fa5
2019-10-16 18:00:29,301 [grpc-default-executor-0] INFO  impl.RaftServerImpl (RaftServerImpl.java:setRole(184)) - 907b9765-214b-4864-b66a-d6e2a5789e5c@group-EFD1D20A002C: changes role from  FOLLOWER to FOLLOWER at term 21 for recognizeCandidate:bf55b3f9-6b09-4365-9d71-55289e083fa5
2019-10-16 18:00:29,301 [grpc-default-executor-3] INFO  impl.RoleInfo (RoleInfo.java:shutdownFollowerState(121)) - f4c54511-b161-4347-aec5-5236dc80a0d8: shutdown FollowerState
2019-10-16 18:00:29,301 [grpc-default-executor-0] INFO  impl.RoleInfo (RoleInfo.java:shutdownFollowerState(121)) - 907b9765-214b-4864-b66a-d6e2a5789e5c: shutdown FollowerState
2019-10-16 18:00:29,301 [grpc-default-executor-3] INFO  impl.RoleInfo (RoleInfo.java:updateAndGet(143)) - f4c54511-b161-4347-aec5-5236dc80a0d8: start FollowerState
2019-10-16 18:00:29,302 [Thread-162] INFO  impl.FollowerState (FollowerState.java:run(117)) - 907b9765-214b-4864-b66a-d6e2a5789e5c@group-EFD1D20A002C-FollowerState was interrupted: java.lang.InterruptedException: sleep interrupted
2019-10-16 18:00:29,302 [grpc-default-executor-0] INFO  impl.RoleInfo (RoleInfo.java:updateAndGet(143)) - 907b9765-214b-4864-b66a-d6e2a5789e5c: start FollowerState
2019-10-16 18:00:29,302 [Thread-161] INFO  impl.FollowerState (FollowerState.java:run(117)) - f4c54511-b161-4347-aec5-5236dc80a0d8@group-EFD1D20A002C-FollowerState was interrupted: java.lang.InterruptedException: sleep interrupted
2019-10-16 18:00:29,330 [java.util.concurrent.ThreadPoolExecutor$Worker@5271583d[State = -1, empty queue]] WARN  server.GrpcLogAppender (GrpcLogAppender.java:timeoutAppendRequest(209)) - 907b9765-214b-4864-b66a-d6e2a5789e5c@group-EFD1D20A002C->bf55b3f9-6b09-4365-9d71-55289e083fa5-GrpcLogAppender: appendEntries Timeout, request=907b9765-214b-4864-b66a-d6e2a5789e5c->bf55b3f9-6b09-4365-9d71-55289e083fa5#0-t1, previous=(t:0, i:0), leaderCommit=-1, initializing? false, entries: <empty>
2019-10-16 18:00:29,334 [bf55b3f9-6b09-4365-9d71-55289e083fa5@group-EFD1D20A002C-LeaderElection21] INFO  impl.LeaderElection (LeaderElection.java:logAndReturn(56)) - bf55b3f9-6b09-4365-9d71-55289e083fa5@group-EFD1D20A002C-LeaderElection21: Election REJECTED; received 2 response(s) [bf55b3f9-6b09-4365-9d71-55289e083fa5<-f4c54511-b161-4347-aec5-5236dc80a0d8#0:FAIL-t21, bf55b3f9-6b09-4365-9d71-55289e083fa5<-907b9765-214b-4864-b66a-d6e2a5789e5c#0:FAIL-t21] and 0 exception(s); bf55b3f9-6b09-4365-9d71-55289e083fa5@group-EFD1D20A002C:t21, leader=null, voted=bf55b3f9-6b09-4365-9d71-55289e083fa5, raftlog=bf55b3f9-6b09-4365-9d71-55289e083fa5@group-EFD1D20A002C-SegmentedRaftLog:OPENED:c-1,f-1,i0, conf=-1: [f4c54511-b161-4347-aec5-5236dc80a0d8:0.0.0.0:41238, 907b9765-214b-4864-b66a-d6e2a5789e5c:0.0.0.0:41650, bf55b3f9-6b09-4365-9d71-55289e083fa5:0.0.0.0:42441], old=null
2019-10-16 18:00:29,334 [bf55b3f9-6b09-4365-9d71-55289e083fa5@group-EFD1D20A002C-LeaderElection21] INFO  impl.RaftServerImpl (RaftServerImpl.java:setRole(184)) - bf55b3f9-6b09-4365-9d71-55289e083fa5@group-EFD1D20A002C: changes role from CANDIDATE to FOLLOWER at term 21 for DISCOVERED_A_NEW_TERM
2019-10-16 18:00:29,334 [bf55b3f9-6b09-4365-9d71-55289e083fa5@group-EFD1D20A002C-LeaderElection21] INFO  impl.RoleInfo (RoleInfo.java:shutdownLeaderElection(134)) - bf55b3f9-6b09-4365-9d71-55289e083fa5: shutdown LeaderElection
2019-10-16 18:00:29,334 [bf55b3f9-6b09-4365-9d71-55289e083fa5@group-EFD1D20A002C-LeaderElection21] INFO  impl.RoleInfo (RoleInfo.java:updateAndGet(143)) - bf55b3f9-6b09-4365-9d71-55289e083fa5: start FollowerState
2019-10-16 18:00:29,396 [Thread-169] INFO  impl.FollowerState (FollowerState.java:run(108)) - bf55b3f9-6b09-4365-9d71-55289e083fa5@group-EFD1D20A002C-FollowerState: change to CANDIDATE, lastRpcTime:62ms, electionTimeout:62ms
2019-10-16 18:00:29,397 [Thread-169] INFO  impl.RoleInfo (RoleInfo.java:shutdownFollowerState(121)) - bf55b3f9-6b09-4365-9d71-55289e083fa5: shutdown FollowerState
2019-10-16 18:00:29,398 [Thread-169] INFO  impl.RaftServerImpl (RaftServerImpl.java:setRole(184)) - bf55b3f9-6b09-4365-9d71-55289e083fa5@group-EFD1D20A002C: changes role from  FOLLOWER to CANDIDATE at term 21 for changeToCandidate
2019-10-16 18:00:29,398 [Thread-169] INFO  impl.RoleInfo (RoleInfo.java:updateAndGet(143)) - bf55b3f9-6b09-4365-9d71-55289e083fa5: start LeaderElection
2019-10-16 18:00:29,423 [bf55b3f9-6b09-4365-9d71-55289e083fa5@group-EFD1D20A002C-LeaderElection22] INFO  impl.LeaderElection (LeaderElection.java:askForVotes(178)) - bf55b3f9-6b09-4365-9d71-55289e083fa5@group-EFD1D20A002C-LeaderElection22: begin an election at term 22 for -1: [f4c54511-b161-4347-aec5-5236dc80a0d8:0.0.0.0:41238, 907b9765-214b-4864-b66a-d6e2a5789e5c:0.0.0.0:41650, bf55b3f9-6b09-4365-9d71-55289e083fa5:0.0.0.0:42441], old=null
2019-10-16 18:00:29,427 [grpc-default-executor-0] INFO  impl.RaftServerImpl (RaftServerImpl.java:setRole(184)) - f4c54511-b161-4347-aec5-5236dc80a0d8@group-EFD1D20A002C: changes role from  FOLLOWER to FOLLOWER at term 22 for recognizeCandidate:bf55b3f9-6b09-4365-9d71-55289e083fa5
2019-10-16 18:00:29,427 [grpc-default-executor-3] INFO  impl.RaftServerImpl (RaftServerImpl.java:setRole(184)) - 907b9765-214b-4864-b66a-d6e2a5789e5c@group-EFD1D20A002C: changes role from  FOLLOWER to FOLLOWER at term 22 for recognizeCandidate:bf55b3f9-6b09-4365-9d71-55289e083fa5
2019-10-16 18:00:29,427 [grpc-default-executor-0] INFO  impl.RoleInfo (RoleInfo.java:shutdownFollowerState(121)) - f4c54511-b161-4347-aec5-5236dc80a0d8: shutdown FollowerState
2019-10-16 18:00:29,427 [grpc-default-executor-3] INFO  impl.RoleInfo (RoleInfo.java:shutdownFollowerState(121)) - 907b9765-214b-4864-b66a-d6e2a5789e5c: shutdown FollowerState
2019-10-16 18:00:29,427 [Thread-167] INFO  impl.FollowerState (FollowerState.java:run(117)) - f4c54511-b161-4347-aec5-5236dc80a0d8@group-EFD1D20A002C-FollowerState was interrupted: java.lang.InterruptedException: sleep interrupted
2019-10-16 18:00:29,427 [grpc-default-executor-0] INFO  impl.RoleInfo (RoleInfo.java:updateAndGet(143)) - f4c54511-b161-4347-aec5-5236dc80a0d8: start FollowerState
2019-10-16 18:00:29,427 [Thread-168] INFO  impl.FollowerState (FollowerState.java:run(117)) - 907b9765-214b-4864-b66a-d6e2a5789e5c@group-EFD1D20A002C-FollowerState was interrupted: java.lang.InterruptedException: sleep interrupted
2019-10-16 18:00:29,427 [grpc-default-executor-3] INFO  impl.RoleInfo (RoleInfo.java:updateAndGet(143)) - 907b9765-214b-4864-b66a-d6e2a5789e5c: start FollowerState
2019-10-16 18:00:29,460 [bf55b3f9-6b09-4365-9d71-55289e083fa5@group-EFD1D20A002C-LeaderElection22] INFO  impl.LeaderElection (LeaderElection.java:logAndReturn(56)) - bf55b3f9-6b09-4365-9d71-55289e083fa5@group-EFD1D20A002C-LeaderElection22: Election REJECTED; received 2 response(s) [bf55b3f9-6b09-4365-9d71-55289e083fa5<-f4c54511-b161-4347-aec5-5236dc80a0d8#0:FAIL-t22, bf55b3f9-6b09-4365-9d71-55289e083fa5<-907b9765-214b-4864-b66a-d6e2a5789e5c#0:FAIL-t22] and 0 exception(s); bf55b3f9-6b09-4365-9d71-55289e083fa5@group-EFD1D20A002C:t22, leader=null, voted=bf55b3f9-6b09-4365-9d71-55289e083fa5, raftlog=bf55b3f9-6b09-4365-9d71-55289e083fa5@group-EFD1D20A002C-SegmentedRaftLog:OPENED:c-1,f-1,i0, conf=-1: [f4c54511-b161-4347-aec5-5236dc80a0d8:0.0.0.0:41238, 907b9765-214b-4864-b66a-d6e2a5789e5c:0.0.0.0:41650, bf55b3f9-6b09-4365-9d71-55289e083fa5:0.0.0.0:42441], old=null
2019-10-16 18:00:29,460 [bf55b3f9-6b09-4365-9d71-55289e083fa5@group-EFD1D20A002C-LeaderElection22] INFO  impl.RaftServerImpl (RaftServerImpl.java:setRole(184)) - bf55b3f9-6b09-4365-9d71-55289e083fa5@group-EFD1D20A002C: changes role from CANDIDATE to FOLLOWER at term 22 for DISCOVERED_A_NEW_TERM
2019-10-16 18:00:29,461 [bf55b3f9-6b09-4365-9d71-55289e083fa5@group-EFD1D20A002C-LeaderElection22] INFO  impl.RoleInfo (RoleInfo.java:shutdownLeaderElection(134)) - bf55b3f9-6b09-4365-9d71-55289e083fa5: shutdown LeaderElection
2019-10-16 18:00:29,461 [bf55b3f9-6b09-4365-9d71-55289e083fa5@group-EFD1D20A002C-LeaderElection22] INFO  impl.RoleInfo (RoleInfo.java:updateAndGet(143)) - bf55b3f9-6b09-4365-9d71-55289e083fa5: start FollowerState
2019-10-16 18:00:29,598 [Thread-176] INFO  impl.FollowerState (FollowerState.java:run(108)) - bf55b3f9-6b09-4365-9d71-55289e083fa5@group-EFD1D20A002C-FollowerState: change to CANDIDATE, lastRpcTime:136ms, electionTimeout:136ms
2019-10-16 18:00:29,599 [Thread-176] INFO  impl.RoleInfo (RoleInfo.java:shutdownFollowerState(121)) - bf55b3f9-6b09-4365-9d71-55289e083fa5: shutdown FollowerState
2019-10-16 18:00:29,599 [Thread-176] INFO  impl.RaftServerImpl (RaftServerImpl.java:setRole(184)) - bf55b3f9-6b09-4365-9d71-55289e083fa5@group-EFD1D20A002C: changes role from  FOLLOWER to CANDIDATE at term 22 for changeToCandidate
2019-10-16 18:00:29,600 [Thread-176] INFO  impl.RoleInfo (RoleInfo.java:updateAndGet(143)) - bf55b3f9-6b09-4365-9d71-55289e083fa5: start LeaderElection
2019-10-16 18:00:29,623 [bf55b3f9-6b09-4365-9d71-55289e083fa5@group-EFD1D20A002C-LeaderElection23] INFO  impl.LeaderElection (LeaderElection.java:askForVotes(178)) - bf55b3f9-6b09-4365-9d71-55289e083fa5@group-EFD1D20A002C-LeaderElection23: begin an election at term 23 for -1: [f4c54511-b161-4347-aec5-5236dc80a0d8:0.0.0.0:41238, 907b9765-214b-4864-b66a-d6e2a5789e5c:0.0.0.0:41650, bf55b3f9-6b09-4365-9d71-55289e083fa5:0.0.0.0:42441], old=null
2019-10-16 18:00:29,627 [grpc-default-executor-3] INFO  impl.RaftServerImpl (RaftServerImpl.java:setRole(184)) - f4c54511-b161-4347-aec5-5236dc80a0d8@group-EFD1D20A002C: changes role from  FOLLOWER to FOLLOWER at term 23 for recognizeCandidate:bf55b3f9-6b09-4365-9d71-55289e083fa5
2019-10-16 18:00:29,627 [grpc-default-executor-0] INFO  impl.RaftServerImpl (RaftServerImpl.java:setRole(184)) - 907b9765-214b-4864-b66a-d6e2a5789e5c@group-EFD1D20A002C: changes role from  FOLLOWER to FOLLOWER at term 23 for recognizeCandidate:bf55b3f9-6b09-4365-9d71-55289e083fa5
2019-10-16 18:00:29,627 [grpc-default-executor-3] INFO  impl.RoleInfo (RoleInfo.java:shutdownFollowerState(121)) - f4c54511-b161-4347-aec5-5236dc80a0d8: shutdown FollowerState
2019-10-16 18:00:29,627 [grpc-default-executor-0] INFO  impl.RoleInfo (RoleInfo.java:shutdownFollowerState(121)) - 907b9765-214b-4864-b66a-d6e2a5789e5c: shutdown FollowerState
2019-10-16 18:00:29,628 [Thread-173] INFO  impl.FollowerState (FollowerState.java:run(117)) - f4c54511-b161-4347-aec5-5236dc80a0d8@group-EFD1D20A002C-FollowerState was interrupted: java.lang.InterruptedException: sleep interrupted
2019-10-16 18:00:29,628 [Thread-174] INFO  impl.FollowerState (FollowerState.java:run(117)) - 907b9765-214b-4864-b66a-d6e2a5789e5c@group-EFD1D20A002C-FollowerState was interrupted: java.lang.InterruptedException: sleep interrupted
2019-10-16 18:00:29,628 [grpc-default-executor-3] INFO  impl.RoleInfo (RoleInfo.java:updateAndGet(143)) - f4c54511-b161-4347-aec5-5236dc80a0d8: start FollowerState
2019-10-16 18:00:29,628 [grpc-default-executor-0] INFO  impl.RoleInfo (RoleInfo.java:updateAndGet(143)) - 907b9765-214b-4864-b66a-d6e2a5789e5c: start FollowerState
2019-10-16 18:00:29,654 [bf55b3f9-6b09-4365-9d71-55289e083fa5@group-EFD1D20A002C-LeaderElection23] INFO  impl.LeaderElection (LeaderElection.java:logAndReturn(56)) - bf55b3f9-6b09-4365-9d71-55289e083fa5@group-EFD1D20A002C-LeaderElection23: Election REJECTED; received 2 response(s) [bf55b3f9-6b09-4365-9d71-55289e083fa5<-f4c54511-b161-4347-aec5-5236dc80a0d8#0:FAIL-t23, bf55b3f9-6b09-4365-9d71-55289e083fa5<-907b9765-214b-4864-b66a-d6e2a5789e5c#0:FAIL-t23] and 0 exception(s); bf55b3f9-6b09-4365-9d71-55289e083fa5@group-EFD1D20A002C:t23, leader=null, voted=bf55b3f9-6b09-4365-9d71-55289e083fa5, raftlog=bf55b3f9-6b09-4365-9d71-55289e083fa5@group-EFD1D20A002C-SegmentedRaftLog:OPENED:c-1,f-1,i0, conf=-1: [f4c54511-b161-4347-aec5-5236dc80a0d8:0.0.0.0:41238, 907b9765-214b-4864-b66a-d6e2a5789e5c:0.0.0.0:41650, bf55b3f9-6b09-4365-9d71-55289e083fa5:0.0.0.0:42441], old=null
2019-10-16 18:00:29,655 [bf55b3f9-6b09-4365-9d71-55289e083fa5@group-EFD1D20A002C-LeaderElection23] INFO  impl.RaftServerImpl (RaftServerImpl.java:setRole(184)) - bf55b3f9-6b09-4365-9d71-55289e083fa5@group-EFD1D20A002C: changes role from CANDIDATE to FOLLOWER at term 23 for DISCOVERED_A_NEW_TERM
2019-10-16 18:00:29,655 [bf55b3f9-6b09-4365-9d71-55289e083fa5@group-EFD1D20A002C-LeaderElection23] INFO  impl.RoleInfo (RoleInfo.java:shutdownLeaderElection(134)) - bf55b3f9-6b09-4365-9d71-55289e083fa5: shutdown LeaderElection
2019-10-16 18:00:29,655 [bf55b3f9-6b09-4365-9d71-55289e083fa5@group-EFD1D20A002C-LeaderElection23] INFO  impl.RoleInfo (RoleInfo.java:updateAndGet(143)) - bf55b3f9-6b09-4365-9d71-55289e083fa5: start FollowerState
2019-10-16 18:00:29,700 [Thread-183] INFO  impl.FollowerState (FollowerState.java:run(108)) - bf55b3f9-6b09-4365-9d71-55289e083fa5@group-EFD1D20A002C-FollowerState: change to CANDIDATE, lastRpcTime:45ms, electionTimeout:45ms
2019-10-16 18:00:29,701 [Thread-183] INFO  impl.RoleInfo (RoleInfo.java:shutdownFollowerState(121)) - bf55b3f9-6b09-4365-9d71-55289e083fa5: shutdown FollowerState
2019-10-16 18:00:29,702 [Thread-183] INFO  impl.RaftServerImpl (RaftServerImpl.java:setRole(184)) - bf55b3f9-6b09-4365-9d71-55289e083fa5@group-EFD1D20A002C: changes role from  FOLLOWER to CANDIDATE at term 23 for changeToCandidate
2019-10-16 18:00:29,702 [Thread-183] INFO  impl.RoleInfo (RoleInfo.java:updateAndGet(143)) - bf55b3f9-6b09-4365-9d71-55289e083fa5: start LeaderElection
2019-10-16 18:00:29,726 [bf55b3f9-6b09-4365-9d71-55289e083fa5@group-EFD1D20A002C-LeaderElection24] INFO  impl.LeaderElection (LeaderElection.java:askForVotes(178)) - bf55b3f9-6b09-4365-9d71-55289e083fa5@group-EFD1D20A002C-LeaderElection24: begin an election at term 24 for -1: [f4c54511-b161-4347-aec5-5236dc80a0d8:0.0.0.0:41238, 907b9765-214b-4864-b66a-d6e2a5789e5c:0.0.0.0:41650, bf55b3f9-6b09-4365-9d71-55289e083fa5:0.0.0.0:42441], old=null
2019-10-16 18:00:29,730 [grpc-default-executor-3] INFO  impl.RaftServerImpl (RaftServerImpl.java:setRole(184)) - f4c54511-b161-4347-aec5-5236dc80a0d8@group-EFD1D20A002C: changes role from  FOLLOWER to FOLLOWER at term 24 for recognizeCandidate:bf55b3f9-6b09-4365-9d71-55289e083fa5
2019-10-16 18:00:29,730 [grpc-default-executor-0] INFO  impl.RaftServerImpl (RaftServerImpl.java:setRole(184)) - 907b9765-214b-4864-b66a-d6e2a5789e5c@group-EFD1D20A002C: changes role from  FOLLOWER to FOLLOWER at term 24 for recognizeCandidate:bf55b3f9-6b09-4365-9d71-55289e083fa5
2019-10-16 18:00:29,731 [grpc-default-executor-3] INFO  impl.RoleInfo (RoleInfo.java:shutdownFollowerState(121)) - f4c54511-b161-4347-aec5-5236dc80a0d8: shutdown FollowerState
2019-10-16 18:00:29,731 [grpc-default-executor-0] INFO  impl.RoleInfo (RoleInfo.java:shutdownFollowerState(121)) - 907b9765-214b-4864-b66a-d6e2a5789e5c: shutdown FollowerState
2019-10-16 18:00:29,731 [Thread-181] INFO  impl.FollowerState (FollowerState.java:run(117)) - f4c54511-b161-4347-aec5-5236dc80a0d8@group-EFD1D20A002C-FollowerState was interrupted: java.lang.InterruptedException: sleep interrupted
2019-10-16 18:00:29,731 [grpc-default-executor-3] INFO  impl.RoleInfo (RoleInfo.java:updateAndGet(143)) - f4c54511-b161-4347-aec5-5236dc80a0d8: start FollowerState
2019-10-16 18:00:29,731 [Thread-182] INFO  impl.FollowerState (FollowerState.java:run(117)) - 907b9765-214b-4864-b66a-d6e2a5789e5c@group-EFD1D20A002C-FollowerState was interrupted: java.lang.InterruptedException: sleep interrupted
2019-10-16 18:00:29,731 [grpc-default-executor-0] INFO  impl.RoleInfo (RoleInfo.java:updateAndGet(143)) - 907b9765-214b-4864-b66a-d6e2a5789e5c: start FollowerState
2019-10-16 18:00:29,758 [bf55b3f9-6b09-4365-9d71-55289e083fa5@group-EFD1D20A002C-LeaderElection24] INFO  impl.LeaderElection (LeaderElection.java:logAndReturn(56)) - bf55b3f9-6b09-4365-9d71-55289e083fa5@group-EFD1D20A002C-LeaderElection24: Election REJECTED; received 2 response(s) [bf55b3f9-6b09-4365-9d71-55289e083fa5<-f4c54511-b161-4347-aec5-5236dc80a0d8#0:FAIL-t24, bf55b3f9-6b09-4365-9d71-55289e083fa5<-907b9765-214b-4864-b66a-d6e2a5789e5c#0:FAIL-t24] and 0 exception(s); bf55b3f9-6b09-4365-9d71-55289e083fa5@group-EFD1D20A002C:t24, leader=null, voted=bf55b3f9-6b09-4365-9d71-55289e083fa5, raftlog=bf55b3f9-6b09-4365-9d71-55289e083fa5@group-EFD1D20A002C-SegmentedRaftLog:OPENED:c-1,f-1,i0, conf=-1: [f4c54511-b161-4347-aec5-5236dc80a0d8:0.0.0.0:41238, 907b9765-214b-4864-b66a-d6e2a5789e5c:0.0.0.0:41650, bf55b3f9-6b09-4365-9d71-55289e083fa5:0.0.0.0:42441], old=null
2019-10-16 18:00:29,758 [bf55b3f9-6b09-4365-9d71-55289e083fa5@group-EFD1D20A002C-LeaderElection24] INFO  impl.RaftServerImpl (RaftServerImpl.java:setRole(184)) - bf55b3f9-6b09-4365-9d71-55289e083fa5@group-EFD1D20A002C: changes role from CANDIDATE to FOLLOWER at term 24 for DISCOVERED_A_NEW_TERM
2019-10-16 18:00:29,758 [bf55b3f9-6b09-4365-9d71-55289e083fa5@group-EFD1D20A002C-LeaderElection24] INFO  impl.RoleInfo (RoleInfo.java:shutdownLeaderElection(134)) - bf55b3f9-6b09-4365-9d71-55289e083fa5: shutdown LeaderElection
2019-10-16 18:00:29,758 [bf55b3f9-6b09-4365-9d71-55289e083fa5@group-EFD1D20A002C-LeaderElection24] INFO  impl.RoleInfo (RoleInfo.java:updateAndGet(143)) - bf55b3f9-6b09-4365-9d71-55289e083fa5: start FollowerState
2019-10-16 18:00:29,865 [Thread-189] INFO  impl.FollowerState (FollowerState.java:run(108)) - bf55b3f9-6b09-4365-9d71-55289e083fa5@group-EFD1D20A002C-FollowerState: change to CANDIDATE, lastRpcTime:106ms, electionTimeout:106ms
2019-10-16 18:00:29,866 [Thread-189] INFO  impl.RoleInfo (RoleInfo.java:shutdownFollowerState(121)) - bf55b3f9-6b09-4365-9d71-55289e083fa5: shutdown FollowerState
2019-10-16 18:00:29,866 [Thread-189] INFO  impl.RaftServerImpl (RaftServerImpl.java:setRole(184)) - bf55b3f9-6b09-4365-9d71-55289e083fa5@group-EFD1D20A002C: changes role from  FOLLOWER to CANDIDATE at term 24 for changeToCandidate
2019-10-16 18:00:29,866 [Thread-189] INFO  impl.RoleInfo (RoleInfo.java:updateAndGet(143)) - bf55b3f9-6b09-4365-9d71-55289e083fa5: start LeaderElection
2019-10-16 18:00:29,890 [bf55b3f9-6b09-4365-9d71-55289e083fa5@group-EFD1D20A002C-LeaderElection25] INFO  impl.LeaderElection (LeaderElection.java:askForVotes(178)) - bf55b3f9-6b09-4365-9d71-55289e083fa5@group-EFD1D20A002C-LeaderElection25: begin an election at term 25 for -1: [f4c54511-b161-4347-aec5-5236dc80a0d8:0.0.0.0:41238, 907b9765-214b-4864-b66a-d6e2a5789e5c:0.0.0.0:41650, bf55b3f9-6b09-4365-9d71-55289e083fa5:0.0.0.0:42441], old=null
2019-10-16 18:00:29,893 [grpc-default-executor-0] INFO  impl.RaftServerImpl (RaftServerImpl.java:setRole(184)) - 907b9765-214b-4864-b66a-d6e2a5789e5c@group-EFD1D20A002C: changes role from  FOLLOWER to FOLLOWER at term 25 for recognizeCandidate:bf55b3f9-6b09-4365-9d71-55289e083fa5
2019-10-16 18:00:29,893 [grpc-default-executor-3] INFO  impl.RaftServerImpl (RaftServerImpl.java:setRole(184)) - f4c54511-b161-4347-aec5-5236dc80a0d8@group-EFD1D20A002C: changes role from  FOLLOWER to FOLLOWER at term 25 for recognizeCandidate:bf55b3f9-6b09-4365-9d71-55289e083fa5
2019-10-16 18:00:29,893 [grpc-default-executor-0] INFO  impl.RoleInfo (RoleInfo.java:shutdownFollowerState(121)) - 907b9765-214b-4864-b66a-d6e2a5789e5c: shutdown FollowerState
2019-10-16 18:00:29,894 [grpc-default-executor-3] INFO  impl.RoleInfo (RoleInfo.java:shutdownFollowerState(121)) - f4c54511-b161-4347-aec5-5236dc80a0d8: shutdown FollowerState
2019-10-16 18:00:29,894 [Thread-188] INFO  impl.FollowerState (FollowerState.java:run(117)) - 907b9765-214b-4864-b66a-d6e2a5789e5c@group-EFD1D20A002C-FollowerState was interrupted: java.lang.InterruptedException: sleep interrupted
2019-10-16 18:00:29,894 [grpc-default-executor-0] INFO  impl.RoleInfo (RoleInfo.java:updateAndGet(143)) - 907b9765-214b-4864-b66a-d6e2a5789e5c: start FollowerState
2019-10-16 18:00:29,894 [Thread-187] INFO  impl.FollowerState (FollowerState.java:run(117)) - f4c54511-b161-4347-aec5-5236dc80a0d8@group-EFD1D20A002C-FollowerState was interrupted: java.lang.InterruptedException: sleep interrupted
2019-10-16 18:00:29,894 [grpc-default-executor-3] INFO  impl.RoleInfo (RoleInfo.java:updateAndGet(143)) - f4c54511-b161-4347-aec5-5236dc80a0d8: start FollowerState
2019-10-16 18:00:29,915 [bf55b3f9-6b09-4365-9d71-55289e083fa5@group-EFD1D20A002C-LeaderElection25] INFO  impl.LeaderElection (LeaderElection.java:logAndReturn(56)) - bf55b3f9-6b09-4365-9d71-55289e083fa5@group-EFD1D20A002C-LeaderElection25: Election REJECTED; received 2 response(s) [bf55b3f9-6b09-4365-9d71-55289e083fa5<-f4c54511-b161-4347-aec5-5236dc80a0d8#0:FAIL-t25, bf55b3f9-6b09-4365-9d71-55289e083fa5<-907b9765-214b-4864-b66a-d6e2a5789e5c#0:FAIL-t25] and 0 exception(s); bf55b3f9-6b09-4365-9d71-55289e083fa5@group-EFD1D20A002C:t25, leader=null, voted=bf55b3f9-6b09-4365-9d71-55289e083fa5, raftlog=bf55b3f9-6b09-4365-9d71-55289e083fa5@group-EFD1D20A002C-SegmentedRaftLog:OPENED:c-1,f-1,i0, conf=-1: [f4c54511-b161-4347-aec5-5236dc80a0d8:0.0.0.0:41238, 907b9765-214b-4864-b66a-d6e2a5789e5c:0.0.0.0:41650, bf55b3f9-6b09-4365-9d71-55289e083fa5:0.0.0.0:42441], old=null
2019-10-16 18:00:29,916 [bf55b3f9-6b09-4365-9d71-55289e083fa5@group-EFD1D20A002C-LeaderElection25] INFO  impl.RaftServerImpl (RaftServerImpl.java:setRole(184)) - bf55b3f9-6b09-4365-9d71-55289e083fa5@group-EFD1D20A002C: changes role from CANDIDATE to FOLLOWER at term 25 for DISCOVERED_A_NEW_TERM
2019-10-16 18:00:29,916 [bf55b3f9-6b09-4365-9d71-55289e083fa5@group-EFD1D20A002C-LeaderElection25] INFO  impl.RoleInfo (RoleInfo.java:shutdownLeaderElection(134)) - bf55b3f9-6b09-4365-9d71-55289e083fa5: shutdown LeaderElection
2019-10-16 18:00:29,916 [bf55b3f9-6b09-4365-9d71-55289e083fa5@group-EFD1D20A002C-LeaderElection25] INFO  impl.RoleInfo (RoleInfo.java:updateAndGet(143)) - bf55b3f9-6b09-4365-9d71-55289e083fa5: start FollowerState
2019-10-16 18:00:29,945 [Thread-195] INFO  impl.FollowerState (FollowerState.java:run(108)) - bf55b3f9-6b09-4365-9d71-55289e083fa5@group-EFD1D20A002C-FollowerState: change to CANDIDATE, lastRpcTime:28ms, electionTimeout:28ms
2019-10-16 18:00:29,945 [Thread-195] INFO  impl.RoleInfo (RoleInfo.java:shutdownFollowerState(121)) - bf55b3f9-6b09-4365-9d71-55289e083fa5: shutdown FollowerState
2019-10-16 18:00:29,946 [Thread-195] INFO  impl.RaftServerImpl (RaftServerImpl.java:setRole(184)) - bf55b3f9-6b09-4365-9d71-55289e083fa5@group-EFD1D20A002C: changes role from  FOLLOWER to CANDIDATE at term 25 for changeToCandidate
2019-10-16 18:00:29,946 [Thread-195] INFO  impl.RoleInfo (RoleInfo.java:updateAndGet(143)) - bf55b3f9-6b09-4365-9d71-55289e083fa5: start LeaderElection
2019-10-16 18:00:29,969 [bf55b3f9-6b09-4365-9d71-55289e083fa5@group-EFD1D20A002C-LeaderElection26] INFO  impl.LeaderElection (LeaderElection.java:askForVotes(178)) - bf55b3f9-6b09-4365-9d71-55289e083fa5@group-EFD1D20A002C-LeaderElection26: begin an election at term 26 for -1: [f4c54511-b161-4347-aec5-5236dc80a0d8:0.0.0.0:41238, 907b9765-214b-4864-b66a-d6e2a5789e5c:0.0.0.0:41650, bf55b3f9-6b09-4365-9d71-55289e083fa5:0.0.0.0:42441], old=null
2019-10-16 18:00:29,972 [grpc-default-executor-3] INFO  impl.RaftServerImpl (RaftServerImpl.java:setRole(184)) - f4c54511-b161-4347-aec5-5236dc80a0d8@group-EFD1D20A002C: changes role from  FOLLOWER to FOLLOWER at term 26 for recognizeCandidate:bf55b3f9-6b09-4365-9d71-55289e083fa5
2019-10-16 18:00:29,972 [grpc-default-executor-0] INFO  impl.RaftServerImpl (RaftServerImpl.java:setRole(184)) - 907b9765-214b-4864-b66a-d6e2a5789e5c@group-EFD1D20A002C: changes role from  FOLLOWER to FOLLOWER at term 26 for recognizeCandidate:bf55b3f9-6b09-4365-9d71-55289e083fa5
2019-10-16 18:00:29,973 [grpc-default-executor-3] INFO  impl.RoleInfo (RoleInfo.java:shutdownFollowerState(121)) - f4c54511-b161-4347-aec5-5236dc80a0d8: shutdown FollowerState
2019-10-16 18:00:29,973 [grpc-default-executor-0] INFO  impl.RoleInfo (RoleInfo.java:shutdownFollowerState(121)) - 907b9765-214b-4864-b66a-d6e2a5789e5c: shutdown FollowerState
2019-10-16 18:00:29,973 [Thread-194] INFO  impl.FollowerState (FollowerState.java:run(117)) - f4c54511-b161-4347-aec5-5236dc80a0d8@group-EFD1D20A002C-FollowerState was interrupted: java.lang.InterruptedException: sleep interrupted
2019-10-16 18:00:29,973 [Thread-193] INFO  impl.FollowerState (FollowerState.java:run(117)) - 907b9765-214b-4864-b66a-d6e2a5789e5c@group-EFD1D20A002C-FollowerState was interrupted: java.lang.InterruptedException: sleep interrupted
2019-10-16 18:00:29,973 [grpc-default-executor-3] INFO  impl.RoleInfo (RoleInfo.java:updateAndGet(143)) - f4c54511-b161-4347-aec5-5236dc80a0d8: start FollowerState
2019-10-16 18:00:29,973 [grpc-default-executor-0] INFO  impl.RoleInfo (RoleInfo.java:updateAndGet(143)) - 907b9765-214b-4864-b66a-d6e2a5789e5c: start FollowerState
2019-10-16 18:00:29,988 [bf55b3f9-6b09-4365-9d71-55289e083fa5@group-EFD1D20A002C-LeaderElection26] INFO  impl.LeaderElection (LeaderElection.java:logAndReturn(56)) - bf55b3f9-6b09-4365-9d71-55289e083fa5@group-EFD1D20A002C-LeaderElection26: Election REJECTED; received 2 response(s) [bf55b3f9-6b09-4365-9d71-55289e083fa5<-f4c54511-b161-4347-aec5-5236dc80a0d8#0:FAIL-t26, bf55b3f9-6b09-4365-9d71-55289e083fa5<-907b9765-214b-4864-b66a-d6e2a5789e5c#0:FAIL-t26] and 0 exception(s); bf55b3f9-6b09-4365-9d71-55289e083fa5@group-EFD1D20A002C:t26, leader=null, voted=bf55b3f9-6b09-4365-9d71-55289e083fa5, raftlog=bf55b3f9-6b09-4365-9d71-55289e083fa5@group-EFD1D20A002C-SegmentedRaftLog:OPENED:c-1,f-1,i0, conf=-1: [f4c54511-b161-4347-aec5-5236dc80a0d8:0.0.0.0:41238, 907b9765-214b-4864-b66a-d6e2a5789e5c:0.0.0.0:41650, bf55b3f9-6b09-4365-9d71-55289e083fa5:0.0.0.0:42441], old=null
2019-10-16 18:00:29,988 [bf55b3f9-6b09-4365-9d71-55289e083fa5@group-EFD1D20A002C-LeaderElection26] INFO  impl.RaftServerImpl (RaftServerImpl.java:setRole(184)) - bf55b3f9-6b09-4365-9d71-55289e083fa5@group-EFD1D20A002C: changes role from CANDIDATE to FOLLOWER at term 26 for DISCOVERED_A_NEW_TERM
2019-10-16 18:00:29,988 [bf55b3f9-6b09-4365-9d71-55289e083fa5@group-EFD1D20A002C-LeaderElection26] INFO  impl.RoleInfo (RoleInfo.java:shutdownLeaderElection(134)) - bf55b3f9-6b09-4365-9d71-55289e083fa5: shutdown LeaderElection
2019-10-16 18:00:29,989 [bf55b3f9-6b09-4365-9d71-55289e083fa5@group-EFD1D20A002C-LeaderElection26] INFO  impl.RoleInfo (RoleInfo.java:updateAndGet(143)) - bf55b3f9-6b09-4365-9d71-55289e083fa5: start FollowerState
2019-10-16 18:00:30,171 [Thread-201] INFO  impl.FollowerState (FollowerState.java:run(108)) - bf55b3f9-6b09-4365-9d71-55289e083fa5@group-EFD1D20A002C-FollowerState: change to CANDIDATE, lastRpcTime:182ms, electionTimeout:182ms
2019-10-16 18:00:30,172 [Thread-201] INFO  impl.RoleInfo (RoleInfo.java:shutdownFollowerState(121)) - bf55b3f9-6b09-4365-9d71-55289e083fa5: shutdown FollowerState
2019-10-16 18:00:30,172 [Thread-201] INFO  impl.RaftServerImpl (RaftServerImpl.java:setRole(184)) - bf55b3f9-6b09-4365-9d71-55289e083fa5@group-EFD1D20A002C: changes role from  FOLLOWER to CANDIDATE at term 26 for changeToCandidate
2019-10-16 18:00:30,173 [Thread-201] INFO  impl.RoleInfo (RoleInfo.java:updateAndGet(143)) - bf55b3f9-6b09-4365-9d71-55289e083fa5: start LeaderElection
2019-10-16 18:00:30,190 [bf55b3f9-6b09-4365-9d71-55289e083fa5@group-EFD1D20A002C-LeaderElection27] INFO  impl.LeaderElection (LeaderElection.java:askForVotes(178)) - bf55b3f9-6b09-4365-9d71-55289e083fa5@group-EFD1D20A002C-LeaderElection27: begin an election at term 27 for -1: [f4c54511-b161-4347-aec5-5236dc80a0d8:0.0.0.0:41238, 907b9765-214b-4864-b66a-d6e2a5789e5c:0.0.0.0:41650, bf55b3f9-6b09-4365-9d71-55289e083fa5:0.0.0.0:42441], old=null
2019-10-16 18:00:30,193 [grpc-default-executor-3] INFO  impl.RaftServerImpl (RaftServerImpl.java:setRole(184)) - 907b9765-214b-4864-b66a-d6e2a5789e5c@group-EFD1D20A002C: changes role from  FOLLOWER to FOLLOWER at term 27 for recognizeCandidate:bf55b3f9-6b09-4365-9d71-55289e083fa5
2019-10-16 18:00:30,193 [grpc-default-executor-0] INFO  impl.RaftServerImpl (RaftServerImpl.java:setRole(184)) - f4c54511-b161-4347-aec5-5236dc80a0d8@group-EFD1D20A002C: changes role from  FOLLOWER to FOLLOWER at term 27 for recognizeCandidate:bf55b3f9-6b09-4365-9d71-55289e083fa5
2019-10-16 18:00:30,193 [grpc-default-executor-3] INFO  impl.RoleInfo (RoleInfo.java:shutdownFollowerState(121)) - 907b9765-214b-4864-b66a-d6e2a5789e5c: shutdown FollowerState
2019-10-16 18:00:30,193 [grpc-default-executor-0] INFO  impl.RoleInfo (RoleInfo.java:shutdownFollowerState(121)) - f4c54511-b161-4347-aec5-5236dc80a0d8: shutdown FollowerState
2019-10-16 18:00:30,194 [Thread-200] INFO  impl.FollowerState (FollowerState.java:run(117)) - 907b9765-214b-4864-b66a-d6e2a5789e5c@group-EFD1D20A002C-FollowerState was interrupted: java.lang.InterruptedException: sleep interrupted
2019-10-16 18:00:30,194 [grpc-default-executor-3] INFO  impl.RoleInfo (RoleInfo.java:updateAndGet(143)) - 907b9765-214b-4864-b66a-d6e2a5789e5c: start FollowerState
2019-10-16 18:00:30,194 [Thread-199] INFO  impl.FollowerState (FollowerState.java:run(117)) - f4c54511-b161-4347-aec5-5236dc80a0d8@group-EFD1D20A002C-FollowerState was interrupted: java.lang.InterruptedException: sleep interrupted
2019-10-16 18:00:30,194 [grpc-default-executor-0] INFO  impl.RoleInfo (RoleInfo.java:updateAndGet(143)) - f4c54511-b161-4347-aec5-5236dc80a0d8: start FollowerState
2019-10-16 18:00:30,219 [bf55b3f9-6b09-4365-9d71-55289e083fa5@group-EFD1D20A002C-LeaderElection27] INFO  impl.LeaderElection (LeaderElection.java:logAndReturn(56)) - bf55b3f9-6b09-4365-9d71-55289e083fa5@group-EFD1D20A002C-LeaderElection27: Election REJECTED; received 2 response(s) [bf55b3f9-6b09-4365-9d71-55289e083fa5<-f4c54511-b161-4347-aec5-5236dc80a0d8#0:FAIL-t27, bf55b3f9-6b09-4365-9d71-55289e083fa5<-907b9765-214b-4864-b66a-d6e2a5789e5c#0:FAIL-t27] and 0 exception(s); bf55b3f9-6b09-4365-9d71-55289e083fa5@group-EFD1D20A002C:t27, leader=null, voted=bf55b3f9-6b09-4365-9d71-55289e083fa5, raftlog=bf55b3f9-6b09-4365-9d71-55289e083fa5@group-EFD1D20A002C-SegmentedRaftLog:OPENED:c-1,f-1,i0, conf=-1: [f4c54511-b161-4347-aec5-5236dc80a0d8:0.0.0.0:41238, 907b9765-214b-4864-b66a-d6e2a5789e5c:0.0.0.0:41650, bf55b3f9-6b09-4365-9d71-55289e083fa5:0.0.0.0:42441], old=null
2019-10-16 18:00:30,219 [bf55b3f9-6b09-4365-9d71-55289e083fa5@group-EFD1D20A002C-LeaderElection27] INFO  impl.RaftServerImpl (RaftServerImpl.java:setRole(184)) - bf55b3f9-6b09-4365-9d71-55289e083fa5@group-EFD1D20A002C: changes role from CANDIDATE to FOLLOWER at term 27 for DISCOVERED_A_NEW_TERM
2019-10-16 18:00:30,219 [bf55b3f9-6b09-4365-9d71-55289e083fa5@group-EFD1D20A002C-LeaderElection27] INFO  impl.RoleInfo (RoleInfo.java:shutdownLeaderElection(134)) - bf55b3f9-6b09-4365-9d71-55289e083fa5: shutdown LeaderElection
2019-10-16 18:00:30,219 [bf55b3f9-6b09-4365-9d71-55289e083fa5@group-EFD1D20A002C-LeaderElection27] INFO  impl.RoleInfo (RoleInfo.java:updateAndGet(143)) - bf55b3f9-6b09-4365-9d71-55289e083fa5: start FollowerState
2019-10-16 18:00:30,278 [Thread-207] INFO  impl.FollowerState (FollowerState.java:run(108)) - bf55b3f9-6b09-4365-9d71-55289e083fa5@group-EFD1D20A002C-FollowerState: change to CANDIDATE, lastRpcTime:59ms, electionTimeout:59ms
2019-10-16 18:00:30,279 [Thread-207] INFO  impl.RoleInfo (RoleInfo.java:shutdownFollowerState(121)) - bf55b3f9-6b09-4365-9d71-55289e083fa5: shutdown FollowerState
2019-10-16 18:00:30,280 [Thread-207] INFO  impl.RaftServerImpl (RaftServerImpl.java:setRole(184)) - bf55b3f9-6b09-4365-9d71-55289e083fa5@group-EFD1D20A002C: changes role from  FOLLOWER to CANDIDATE at term 27 for changeToCandidate
2019-10-16 18:00:30,280 [Thread-207] INFO  impl.RoleInfo (RoleInfo.java:updateAndGet(143)) - bf55b3f9-6b09-4365-9d71-55289e083fa5: start LeaderElection
2019-10-16 18:00:30,284 [bf55b3f9-6b09-4365-9d71-55289e083fa5@group-EFD1D20A002C-LeaderElection28] INFO  impl.LeaderElection (LeaderElection.java:askForVotes(178)) - bf55b3f9-6b09-4365-9d71-55289e083fa5@group-EFD1D20A002C-LeaderElection28: begin an election at term 28 for -1: [f4c54511-b161-4347-aec5-5236dc80a0d8:0.0.0.0:41238, 907b9765-214b-4864-b66a-d6e2a5789e5c:0.0.0.0:41650, bf55b3f9-6b09-4365-9d71-55289e083fa5:0.0.0.0:42441], old=null
2019-10-16 18:00:30,288 [grpc-default-executor-0] INFO  impl.RaftServerImpl (RaftServerImpl.java:setRole(184)) - f4c54511-b161-4347-aec5-5236dc80a0d8@group-EFD1D20A002C: changes role from  FOLLOWER to FOLLOWER at term 28 for recognizeCandidate:bf55b3f9-6b09-4365-9d71-55289e083fa5
2019-10-16 18:00:30,288 [grpc-default-executor-3] INFO  impl.RaftServerImpl (RaftServerImpl.java:setRole(184)) - 907b9765-214b-4864-b66a-d6e2a5789e5c@group-EFD1D20A002C: changes role from  FOLLOWER to FOLLOWER at term 28 for recognizeCandidate:bf55b3f9-6b09-4365-9d71-55289e083fa5
2019-10-16 18:00:30,288 [grpc-default-executor-0] INFO  impl.RoleInfo (RoleInfo.java:shutdownFollowerState(121)) - f4c54511-b161-4347-aec5-5236dc80a0d8: shutdown FollowerState
2019-10-16 18:00:30,288 [grpc-default-executor-3] INFO  impl.RoleInfo (RoleInfo.java:shutdownFollowerState(121)) - 907b9765-214b-4864-b66a-d6e2a5789e5c: shutdown FollowerState
2019-10-16 18:00:30,288 [grpc-default-executor-0] INFO  impl.RoleInfo (RoleInfo.java:updateAndGet(143)) - f4c54511-b161-4347-aec5-5236dc80a0d8: start FollowerState
2019-10-16 18:00:30,288 [Thread-206] INFO  impl.FollowerState (FollowerState.java:run(117)) - f4c54511-b161-4347-aec5-5236dc80a0d8@group-EFD1D20A002C-FollowerState was interrupted: java.lang.InterruptedException: sleep interrupted
2019-10-16 18:00:30,288 [grpc-default-executor-3] INFO  impl.RoleInfo (RoleInfo.java:updateAndGet(143)) - 907b9765-214b-4864-b66a-d6e2a5789e5c: start FollowerState
2019-10-16 18:00:30,288 [Thread-205] INFO  impl.FollowerState (FollowerState.java:run(117)) - 907b9765-214b-4864-b66a-d6e2a5789e5c@group-EFD1D20A002C-FollowerState was interrupted: java.lang.InterruptedException: sleep interrupted
2019-10-16 18:00:30,295 [bf55b3f9-6b09-4365-9d71-55289e083fa5@group-EFD1D20A002C-LeaderElection28] INFO  impl.LeaderElection (LeaderElection.java:logAndReturn(56)) - bf55b3f9-6b09-4365-9d71-55289e083fa5@group-EFD1D20A002C-LeaderElection28: Election REJECTED; received 2 response(s) [bf55b3f9-6b09-4365-9d71-55289e083fa5<-f4c54511-b161-4347-aec5-5236dc80a0d8#0:FAIL-t28, bf55b3f9-6b09-4365-9d71-55289e083fa5<-907b9765-214b-4864-b66a-d6e2a5789e5c#0:FAIL-t28] and 0 exception(s); bf55b3f9-6b09-4365-9d71-55289e083fa5@group-EFD1D20A002C:t28, leader=null, voted=bf55b3f9-6b09-4365-9d71-55289e083fa5, raftlog=bf55b3f9-6b09-4365-9d71-55289e083fa5@group-EFD1D20A002C-SegmentedRaftLog:OPENED:c-1,f-1,i0, conf=-1: [f4c54511-b161-4347-aec5-5236dc80a0d8:0.0.0.0:41238, 907b9765-214b-4864-b66a-d6e2a5789e5c:0.0.0.0:41650, bf55b3f9-6b09-4365-9d71-55289e083fa5:0.0.0.0:42441], old=null
2019-10-16 18:00:30,295 [bf55b3f9-6b09-4365-9d71-55289e083fa5@group-EFD1D20A002C-LeaderElection28] INFO  impl.RaftServerImpl (RaftServerImpl.java:setRole(184)) - bf55b3f9-6b09-4365-9d71-55289e083fa5@group-EFD1D20A002C: changes role from CANDIDATE to FOLLOWER at term 28 for DISCOVERED_A_NEW_TERM
2019-10-16 18:00:30,295 [bf55b3f9-6b09-4365-9d71-55289e083fa5@group-EFD1D20A002C-LeaderElection28] INFO  impl.RoleInfo (RoleInfo.java:shutdownLeaderElection(134)) - bf55b3f9-6b09-4365-9d71-55289e083fa5: shutdown LeaderElection
2019-10-16 18:00:30,295 [bf55b3f9-6b09-4365-9d71-55289e083fa5@group-EFD1D20A002C-LeaderElection28] INFO  impl.RoleInfo (RoleInfo.java:updateAndGet(143)) - bf55b3f9-6b09-4365-9d71-55289e083fa5: start FollowerState
2019-10-16 18:00:30,418 [Thread-213] INFO  impl.FollowerState (FollowerState.java:run(108)) - bf55b3f9-6b09-4365-9d71-55289e083fa5@group-EFD1D20A002C-FollowerState: change to CANDIDATE, lastRpcTime:123ms, electionTimeout:123ms
2019-10-16 18:00:30,419 [Thread-213] INFO  impl.RoleInfo (RoleInfo.java:shutdownFollowerState(121)) - bf55b3f9-6b09-4365-9d71-55289e083fa5: shutdown FollowerState
2019-10-16 18:00:30,420 [Thread-213] INFO  impl.RaftServerImpl (RaftServerImpl.java:setRole(184)) - bf55b3f9-6b09-4365-9d71-55289e083fa5@group-EFD1D20A002C: changes role from  FOLLOWER to CANDIDATE at term 28 for changeToCandidate
2019-10-16 18:00:30,420 [Thread-213] INFO  impl.RoleInfo (RoleInfo.java:updateAndGet(143)) - bf55b3f9-6b09-4365-9d71-55289e083fa5: start LeaderElection
2019-10-16 18:00:30,450 [bf55b3f9-6b09-4365-9d71-55289e083fa5@group-EFD1D20A002C-LeaderElection29] INFO  impl.LeaderElection (LeaderElection.java:askForVotes(178)) - bf55b3f9-6b09-4365-9d71-55289e083fa5@group-EFD1D20A002C-LeaderElection29: begin an election at term 29 for -1: [f4c54511-b161-4347-aec5-5236dc80a0d8:0.0.0.0:41238, 907b9765-214b-4864-b66a-d6e2a5789e5c:0.0.0.0:41650, bf55b3f9-6b09-4365-9d71-55289e083fa5:0.0.0.0:42441], old=null
2019-10-16 18:00:30,453 [grpc-default-executor-0] INFO  impl.RaftServerImpl (RaftServerImpl.java:setRole(184)) - 907b9765-214b-4864-b66a-d6e2a5789e5c@group-EFD1D20A002C: changes role from  FOLLOWER to FOLLOWER at term 29 for recognizeCandidate:bf55b3f9-6b09-4365-9d71-55289e083fa5
2019-10-16 18:00:30,454 [grpc-default-executor-3] INFO  impl.RaftServerImpl (RaftServerImpl.java:setRole(184)) - f4c54511-b161-4347-aec5-5236dc80a0d8@group-EFD1D20A002C: changes role from  FOLLOWER to FOLLOWER at term 29 for recognizeCandidate:bf55b3f9-6b09-4365-9d71-55289e083fa5
2019-10-16 18:00:30,454 [grpc-default-executor-0] INFO  impl.RoleInfo (RoleInfo.java:shutdownFollowerState(121)) - 907b9765-214b-4864-b66a-d6e2a5789e5c: shutdown FollowerState
2019-10-16 18:00:30,454 [grpc-default-executor-3] INFO  impl.RoleInfo (RoleInfo.java:shutdownFollowerState(121)) - f4c54511-b161-4347-aec5-5236dc80a0d8: shutdown FollowerState
2019-10-16 18:00:30,454 [grpc-default-executor-0] INFO  impl.RoleInfo (RoleInfo.java:updateAndGet(143)) - 907b9765-214b-4864-b66a-d6e2a5789e5c: start FollowerState
2019-10-16 18:00:30,454 [Thread-212] INFO  impl.FollowerState (FollowerState.java:run(117)) - 907b9765-214b-4864-b66a-d6e2a5789e5c@group-EFD1D20A002C-FollowerState was interrupted: java.lang.InterruptedException: sleep interrupted
2019-10-16 18:00:30,454 [Thread-211] INFO  impl.FollowerState (FollowerState.java:run(117)) - f4c54511-b161-4347-aec5-5236dc80a0d8@group-EFD1D20A002C-FollowerState was interrupted: java.lang.InterruptedException: sleep interrupted
2019-10-16 18:00:30,454 [grpc-default-executor-3] INFO  impl.RoleInfo (RoleInfo.java:updateAndGet(143)) - f4c54511-b161-4347-aec5-5236dc80a0d8: start FollowerState
2019-10-16 18:00:30,480 [bf55b3f9-6b09-4365-9d71-55289e083fa5@group-EFD1D20A002C-LeaderElection29] INFO  impl.LeaderElection (LeaderElection.java:logAndReturn(56)) - bf55b3f9-6b09-4365-9d71-55289e083fa5@group-EFD1D20A002C-LeaderElection29: Election REJECTED; received 2 response(s) [bf55b3f9-6b09-4365-9d71-55289e083fa5<-f4c54511-b161-4347-aec5-5236dc80a0d8#0:FAIL-t29, bf55b3f9-6b09-4365-9d71-55289e083fa5<-907b9765-214b-4864-b66a-d6e2a5789e5c#0:FAIL-t29] and 0 exception(s); bf55b3f9-6b09-4365-9d71-55289e083fa5@group-EFD1D20A002C:t29, leader=null, voted=bf55b3f9-6b09-4365-9d71-55289e083fa5, raftlog=bf55b3f9-6b09-4365-9d71-55289e083fa5@group-EFD1D20A002C-SegmentedRaftLog:OPENED:c-1,f-1,i0, conf=-1: [f4c54511-b161-4347-aec5-5236dc80a0d8:0.0.0.0:41238, 907b9765-214b-4864-b66a-d6e2a5789e5c:0.0.0.0:41650, bf55b3f9-6b09-4365-9d71-55289e083fa5:0.0.0.0:42441], old=null
2019-10-16 18:00:30,480 [bf55b3f9-6b09-4365-9d71-55289e083fa5@group-EFD1D20A002C-LeaderElection29] INFO  impl.RaftServerImpl (RaftServerImpl.java:setRole(184)) - bf55b3f9-6b09-4365-9d71-55289e083fa5@group-EFD1D20A002C: changes role from CANDIDATE to FOLLOWER at term 29 for DISCOVERED_A_NEW_TERM
2019-10-16 18:00:30,480 [bf55b3f9-6b09-4365-9d71-55289e083fa5@group-EFD1D20A002C-LeaderElection29] INFO  impl.RoleInfo (RoleInfo.java:shutdownLeaderElection(134)) - bf55b3f9-6b09-4365-9d71-55289e083fa5: shutdown LeaderElection
2019-10-16 18:00:30,481 [bf55b3f9-6b09-4365-9d71-55289e083fa5@group-EFD1D20A002C-LeaderElection29] INFO  impl.RoleInfo (RoleInfo.java:updateAndGet(143)) - bf55b3f9-6b09-4365-9d71-55289e083fa5: start FollowerState
2019-10-16 18:00:30,570 [Thread-220] INFO  impl.FollowerState (FollowerState.java:run(108)) - bf55b3f9-6b09-4365-9d71-55289e083fa5@group-EFD1D20A002C-FollowerState: change to CANDIDATE, lastRpcTime:89ms, electionTimeout:89ms
2019-10-16 18:00:30,571 [Thread-220] INFO  impl.RoleInfo (RoleInfo.java:shutdownFollowerState(121)) - bf55b3f9-6b09-4365-9d71-55289e083fa5: shutdown FollowerState
2019-10-16 18:00:30,571 [Thread-220] INFO  impl.RaftServerImpl (RaftServerImpl.java:setRole(184)) - bf55b3f9-6b09-4365-9d71-55289e083fa5@group-EFD1D20A002C: changes role from  FOLLOWER to CANDIDATE at term 29 for changeToCandidate
2019-10-16 18:00:30,571 [Thread-220] INFO  impl.RoleInfo (RoleInfo.java:updateAndGet(143)) - bf55b3f9-6b09-4365-9d71-55289e083fa5: start LeaderElection
2019-10-16 18:00:30,657 [bf55b3f9-6b09-4365-9d71-55289e083fa5@group-EFD1D20A002C-LeaderElection30] INFO  impl.LeaderElection (LeaderElection.java:askForVotes(178)) - bf55b3f9-6b09-4365-9d71-55289e083fa5@group-EFD1D20A002C-LeaderElection30: begin an election at term 30 for -1: [f4c54511-b161-4347-aec5-5236dc80a0d8:0.0.0.0:41238, 907b9765-214b-4864-b66a-d6e2a5789e5c:0.0.0.0:41650, bf55b3f9-6b09-4365-9d71-55289e083fa5:0.0.0.0:42441], old=null
2019-10-16 18:00:30,661 [grpc-default-executor-0] INFO  impl.RaftServerImpl (RaftServerImpl.java:setRole(184)) - f4c54511-b161-4347-aec5-5236dc80a0d8@group-EFD1D20A002C: changes role from  FOLLOWER to FOLLOWER at term 30 for recognizeCandidate:bf55b3f9-6b09-4365-9d71-55289e083fa5
2019-10-16 18:00:30,661 [grpc-default-executor-3] INFO  impl.RaftServerImpl (RaftServerImpl.java:setRole(184)) - 907b9765-214b-4864-b66a-d6e2a5789e5c@group-EFD1D20A002C: changes role from  FOLLOWER to FOLLOWER at term 30 for recognizeCandidate:bf55b3f9-6b09-4365-9d71-55289e083fa5
2019-10-16 18:00:30,661 [grpc-default-executor-0] INFO  impl.RoleInfo (RoleInfo.java:shutdownFollowerState(121)) - f4c54511-b161-4347-aec5-5236dc80a0d8: shutdown FollowerState
2019-10-16 18:00:30,661 [grpc-default-executor-3] INFO  impl.RoleInfo (RoleInfo.java:shutdownFollowerState(121)) - 907b9765-214b-4864-b66a-d6e2a5789e5c: shutdown FollowerState
2019-10-16 18:00:30,661 [Thread-218] INFO  impl.FollowerState (FollowerState.java:run(117)) - f4c54511-b161-4347-aec5-5236dc80a0d8@group-EFD1D20A002C-FollowerState was interrupted: java.lang.InterruptedException: sleep interrupted
2019-10-16 18:00:30,662 [Thread-217] INFO  impl.FollowerState (FollowerState.java:run(117)) - 907b9765-214b-4864-b66a-d6e2a5789e5c@group-EFD1D20A002C-FollowerState was interrupted: java.lang.InterruptedException: sleep interrupted
2019-10-16 18:00:30,662 [grpc-default-executor-3] INFO  impl.RoleInfo (RoleInfo.java:updateAndGet(143)) - 907b9765-214b-4864-b66a-d6e2a5789e5c: start FollowerState
2019-10-16 18:00:30,661 [grpc-default-executor-0] INFO  impl.RoleInfo (RoleInfo.java:updateAndGet(143)) - f4c54511-b161-4347-aec5-5236dc80a0d8: start FollowerState
2019-10-16 18:00:30,724 [bf55b3f9-6b09-4365-9d71-55289e083fa5@group-EFD1D20A002C-LeaderElection30] INFO  impl.LeaderElection (LeaderElection.java:logAndReturn(56)) - bf55b3f9-6b09-4365-9d71-55289e083fa5@group-EFD1D20A002C-LeaderElection30: Election REJECTED; received 2 response(s) [bf55b3f9-6b09-4365-9d71-55289e083fa5<-f4c54511-b161-4347-aec5-5236dc80a0d8#0:FAIL-t30, bf55b3f9-6b09-4365-9d71-55289e083fa5<-907b9765-214b-4864-b66a-d6e2a5789e5c#0:FAIL-t30] and 0 exception(s); bf55b3f9-6b09-4365-9d71-55289e083fa5@group-EFD1D20A002C:t30, leader=null, voted=bf55b3f9-6b09-4365-9d71-55289e083fa5, raftlog=bf55b3f9-6b09-4365-9d71-55289e083fa5@group-EFD1D20A002C-SegmentedRaftLog:OPENED:c-1,f-1,i0, conf=-1: [f4c54511-b161-4347-aec5-5236dc80a0d8:0.0.0.0:41238, 907b9765-214b-4864-b66a-d6e2a5789e5c:0.0.0.0:41650, bf55b3f9-6b09-4365-9d71-55289e083fa5:0.0.0.0:42441], old=null
2019-10-16 18:00:30,724 [bf55b3f9-6b09-4365-9d71-55289e083fa5@group-EFD1D20A002C-LeaderElection30] INFO  impl.RaftServerImpl (RaftServerImpl.java:setRole(184)) - bf55b3f9-6b09-4365-9d71-55289e083fa5@group-EFD1D20A002C: changes role from CANDIDATE to FOLLOWER at term 30 for DISCOVERED_A_NEW_TERM
2019-10-16 18:00:30,724 [bf55b3f9-6b09-4365-9d71-55289e083fa5@group-EFD1D20A002C-LeaderElection30] INFO  impl.RoleInfo (RoleInfo.java:shutdownLeaderElection(134)) - bf55b3f9-6b09-4365-9d71-55289e083fa5: shutdown LeaderElection
2019-10-16 18:00:30,724 [bf55b3f9-6b09-4365-9d71-55289e083fa5@group-EFD1D20A002C-LeaderElection30] INFO  impl.RoleInfo (RoleInfo.java:updateAndGet(143)) - bf55b3f9-6b09-4365-9d71-55289e083fa5: start FollowerState
2019-10-16 18:00:30,743 [Thread-227] INFO  impl.FollowerState (FollowerState.java:run(108)) - bf55b3f9-6b09-4365-9d71-55289e083fa5@group-EFD1D20A002C-FollowerState: change to CANDIDATE, lastRpcTime:18ms, electionTimeout:18ms
2019-10-16 18:00:30,744 [Thread-227] INFO  impl.RoleInfo (RoleInfo.java:shutdownFollowerState(121)) - bf55b3f9-6b09-4365-9d71-55289e083fa5: shutdown FollowerState
2019-10-16 18:00:30,744 [Thread-227] INFO  impl.RaftServerImpl (RaftServerImpl.java:setRole(184)) - bf55b3f9-6b09-4365-9d71-55289e083fa5@group-EFD1D20A002C: changes role from  FOLLOWER to CANDIDATE at term 30 for changeToCandidate
2019-10-16 18:00:30,744 [Thread-227] INFO  impl.RoleInfo (RoleInfo.java:updateAndGet(143)) - bf55b3f9-6b09-4365-9d71-55289e083fa5: start LeaderElection
2019-10-16 18:00:30,757 [bf55b3f9-6b09-4365-9d71-55289e083fa5@group-EFD1D20A002C-LeaderElection31] INFO  impl.LeaderElection (LeaderElection.java:askForVotes(178)) - bf55b3f9-6b09-4365-9d71-55289e083fa5@group-EFD1D20A002C-LeaderElection31: begin an election at term 31 for -1: [f4c54511-b161-4347-aec5-5236dc80a0d8:0.0.0.0:41238, 907b9765-214b-4864-b66a-d6e2a5789e5c:0.0.0.0:41650, bf55b3f9-6b09-4365-9d71-55289e083fa5:0.0.0.0:42441], old=null
2019-10-16 18:00:30,760 [grpc-default-executor-0] INFO  impl.RaftServerImpl (RaftServerImpl.java:setRole(184)) - f4c54511-b161-4347-aec5-5236dc80a0d8@group-EFD1D20A002C: changes role from  FOLLOWER to FOLLOWER at term 31 for recognizeCandidate:bf55b3f9-6b09-4365-9d71-55289e083fa5
2019-10-16 18:00:30,760 [grpc-default-executor-3] INFO  impl.RaftServerImpl (RaftServerImpl.java:setRole(184)) - 907b9765-214b-4864-b66a-d6e2a5789e5c@group-EFD1D20A002C: changes role from  FOLLOWER to FOLLOWER at term 31 for recognizeCandidate:bf55b3f9-6b09-4365-9d71-55289e083fa5
2019-10-16 18:00:30,760 [grpc-default-executor-0] INFO  impl.RoleInfo (RoleInfo.java:shutdownFollowerState(121)) - f4c54511-b161-4347-aec5-5236dc80a0d8: shutdown FollowerState
2019-10-16 18:00:30,761 [grpc-default-executor-3] INFO  impl.RoleInfo (RoleInfo.java:shutdownFollowerState(121)) - 907b9765-214b-4864-b66a-d6e2a5789e5c: shutdown FollowerState
2019-10-16 18:00:30,761 [grpc-default-executor-0] INFO  impl.RoleInfo (RoleInfo.java:updateAndGet(143)) - f4c54511-b161-4347-aec5-5236dc80a0d8: start FollowerState
2019-10-16 18:00:30,761 [Thread-225] INFO  impl.FollowerState (FollowerState.java:run(117)) - f4c54511-b161-4347-aec5-5236dc80a0d8@group-EFD1D20A002C-FollowerState was interrupted: java.lang.InterruptedException: sleep interrupted
2019-10-16 18:00:30,761 [Thread-226] INFO  impl.FollowerState (FollowerState.java:run(117)) - 907b9765-214b-4864-b66a-d6e2a5789e5c@group-EFD1D20A002C-FollowerState was interrupted: java.lang.InterruptedException: sleep interrupted
2019-10-16 18:00:30,761 [grpc-default-executor-3] INFO  impl.RoleInfo (RoleInfo.java:updateAndGet(143)) - 907b9765-214b-4864-b66a-d6e2a5789e5c: start FollowerState
2019-10-16 18:00:30,786 [bf55b3f9-6b09-4365-9d71-55289e083fa5@group-EFD1D20A002C-LeaderElection31] INFO  impl.LeaderElection (LeaderElection.java:logAndReturn(56)) - bf55b3f9-6b09-4365-9d71-55289e083fa5@group-EFD1D20A002C-LeaderElection31: Election REJECTED; received 2 response(s) [bf55b3f9-6b09-4365-9d71-55289e083fa5<-f4c54511-b161-4347-aec5-5236dc80a0d8#0:FAIL-t31, bf55b3f9-6b09-4365-9d71-55289e083fa5<-907b9765-214b-4864-b66a-d6e2a5789e5c#0:FAIL-t31] and 0 exception(s); bf55b3f9-6b09-4365-9d71-55289e083fa5@group-EFD1D20A002C:t31, leader=null, voted=bf55b3f9-6b09-4365-9d71-55289e083fa5, raftlog=bf55b3f9-6b09-4365-9d71-55289e083fa5@group-EFD1D20A002C-SegmentedRaftLog:OPENED:c-1,f-1,i0, conf=-1: [f4c54511-b161-4347-aec5-5236dc80a0d8:0.0.0.0:41238, 907b9765-214b-4864-b66a-d6e2a5789e5c:0.0.0.0:41650, bf55b3f9-6b09-4365-9d71-55289e083fa5:0.0.0.0:42441], old=null
2019-10-16 18:00:30,786 [bf55b3f9-6b09-4365-9d71-55289e083fa5@group-EFD1D20A002C-LeaderElection31] INFO  impl.RaftServerImpl (RaftServerImpl.java:setRole(184)) - bf55b3f9-6b09-4365-9d71-55289e083fa5@group-EFD1D20A002C: changes role from CANDIDATE to FOLLOWER at term 31 for DISCOVERED_A_NEW_TERM
2019-10-16 18:00:30,786 [bf55b3f9-6b09-4365-9d71-55289e083fa5@group-EFD1D20A002C-LeaderElection31] INFO  impl.RoleInfo (RoleInfo.java:shutdownLeaderElection(134)) - bf55b3f9-6b09-4365-9d71-55289e083fa5: shutdown LeaderElection
2019-10-16 18:00:30,786 [bf55b3f9-6b09-4365-9d71-55289e083fa5@group-EFD1D20A002C-LeaderElection31] INFO  impl.RoleInfo (RoleInfo.java:updateAndGet(143)) - bf55b3f9-6b09-4365-9d71-55289e083fa5: start FollowerState
2019-10-16 18:00:30,889 [Thread-233] INFO  impl.FollowerState (FollowerState.java:run(108)) - bf55b3f9-6b09-4365-9d71-55289e083fa5@group-EFD1D20A002C-FollowerState: change to CANDIDATE, lastRpcTime:102ms, electionTimeout:102ms
2019-10-16 18:00:30,890 [Thread-233] INFO  impl.RoleInfo (RoleInfo.java:shutdownFollowerState(121)) - bf55b3f9-6b09-4365-9d71-55289e083fa5: shutdown FollowerState
2019-10-16 18:00:30,890 [Thread-233] INFO  impl.RaftServerImpl (RaftServerImpl.java:setRole(184)) - bf55b3f9-6b09-4365-9d71-55289e083fa5@group-EFD1D20A002C: changes role from  FOLLOWER to CANDIDATE at term 31 for changeToCandidate
2019-10-16 18:00:30,890 [Thread-233] INFO  impl.RoleInfo (RoleInfo.java:updateAndGet(143)) - bf55b3f9-6b09-4365-9d71-55289e083fa5: start LeaderElection
2019-10-16 18:00:30,909 [bf55b3f9-6b09-4365-9d71-55289e083fa5@group-EFD1D20A002C-LeaderElection32] INFO  impl.LeaderElection (LeaderElection.java:askForVotes(178)) - bf55b3f9-6b09-4365-9d71-55289e083fa5@group-EFD1D20A002C-LeaderElection32: begin an election at term 32 for -1: [f4c54511-b161-4347-aec5-5236dc80a0d8:0.0.0.0:41238, 907b9765-214b-4864-b66a-d6e2a5789e5c:0.0.0.0:41650, bf55b3f9-6b09-4365-9d71-55289e083fa5:0.0.0.0:42441], old=null
2019-10-16 18:00:30,913 [grpc-default-executor-3] INFO  impl.RaftServerImpl (RaftServerImpl.java:setRole(184)) - f4c54511-b161-4347-aec5-5236dc80a0d8@group-EFD1D20A002C: changes role from  FOLLOWER to FOLLOWER at term 32 for recognizeCandidate:bf55b3f9-6b09-4365-9d71-55289e083fa5
2019-10-16 18:00:30,913 [grpc-default-executor-0] INFO  impl.RaftServerImpl (RaftServerImpl.java:setRole(184)) - 907b9765-214b-4864-b66a-d6e2a5789e5c@group-EFD1D20A002C: changes role from  FOLLOWER to FOLLOWER at term 32 for recognizeCandidate:bf55b3f9-6b09-4365-9d71-55289e083fa5
2019-10-16 18:00:30,913 [grpc-default-executor-3] INFO  impl.RoleInfo (RoleInfo.java:shutdownFollowerState(121)) - f4c54511-b161-4347-aec5-5236dc80a0d8: shutdown FollowerState
2019-10-16 18:00:30,913 [grpc-default-executor-0] INFO  impl.RoleInfo (RoleInfo.java:shutdownFollowerState(121)) - 907b9765-214b-4864-b66a-d6e2a5789e5c: shutdown FollowerState
2019-10-16 18:00:30,914 [grpc-default-executor-3] INFO  impl.RoleInfo (RoleInfo.java:updateAndGet(143)) - f4c54511-b161-4347-aec5-5236dc80a0d8: start FollowerState
2019-10-16 18:00:30,914 [Thread-231] INFO  impl.FollowerState (FollowerState.java:run(117)) - f4c54511-b161-4347-aec5-5236dc80a0d8@group-EFD1D20A002C-FollowerState was interrupted: java.lang.InterruptedException: sleep interrupted
2019-10-16 18:00:30,914 [Thread-232] INFO  impl.FollowerState (FollowerState.java:run(117)) - 907b9765-214b-4864-b66a-d6e2a5789e5c@group-EFD1D20A002C-FollowerState was interrupted: java.lang.InterruptedException: sleep interrupted
2019-10-16 18:00:30,914 [grpc-default-executor-0] INFO  impl.RoleInfo (RoleInfo.java:updateAndGet(143)) - 907b9765-214b-4864-b66a-d6e2a5789e5c: start FollowerState
2019-10-16 18:00:30,930 [bf55b3f9-6b09-4365-9d71-55289e083fa5@group-EFD1D20A002C-LeaderElection32] INFO  impl.LeaderElection (LeaderElection.java:logAndReturn(56)) - bf55b3f9-6b09-4365-9d71-55289e083fa5@group-EFD1D20A002C-LeaderElection32: Election REJECTED; received 2 response(s) [bf55b3f9-6b09-4365-9d71-55289e083fa5<-f4c54511-b161-4347-aec5-5236dc80a0d8#0:FAIL-t32, bf55b3f9-6b09-4365-9d71-55289e083fa5<-907b9765-214b-4864-b66a-d6e2a5789e5c#0:FAIL-t32] and 0 exception(s); bf55b3f9-6b09-4365-9d71-55289e083fa5@group-EFD1D20A002C:t32, leader=null, voted=bf55b3f9-6b09-4365-9d71-55289e083fa5, raftlog=bf55b3f9-6b09-4365-9d71-55289e083fa5@group-EFD1D20A002C-SegmentedRaftLog:OPENED:c-1,f-1,i0, conf=-1: [f4c54511-b161-4347-aec5-5236dc80a0d8:0.0.0.0:41238, 907b9765-214b-4864-b66a-d6e2a5789e5c:0.0.0.0:41650, bf55b3f9-6b09-4365-9d71-55289e083fa5:0.0.0.0:42441], old=null
2019-10-16 18:00:30,931 [bf55b3f9-6b09-4365-9d71-55289e083fa5@group-EFD1D20A002C-LeaderElection32] INFO  impl.RaftServerImpl (RaftServerImpl.java:setRole(184)) - bf55b3f9-6b09-4365-9d71-55289e083fa5@group-EFD1D20A002C: changes role from CANDIDATE to FOLLOWER at term 32 for DISCOVERED_A_NEW_TERM
2019-10-16 18:00:30,931 [bf55b3f9-6b09-4365-9d71-55289e083fa5@group-EFD1D20A002C-LeaderElection32] INFO  impl.RoleInfo (RoleInfo.java:shutdownLeaderElection(134)) - bf55b3f9-6b09-4365-9d71-55289e083fa5: shutdown LeaderElection
2019-10-16 18:00:30,931 [bf55b3f9-6b09-4365-9d71-55289e083fa5@group-EFD1D20A002C-LeaderElection32] INFO  impl.RoleInfo (RoleInfo.java:updateAndGet(143)) - bf55b3f9-6b09-4365-9d71-55289e083fa5: start FollowerState
2019-10-16 18:00:30,991 [Thread-239] INFO  impl.FollowerState (FollowerState.java:run(108)) - bf55b3f9-6b09-4365-9d71-55289e083fa5@group-EFD1D20A002C-FollowerState: change to CANDIDATE, lastRpcTime:60ms, electionTimeout:60ms
2019-10-16 18:00:30,993 [Thread-239] INFO  impl.RoleInfo (RoleInfo.java:shutdownFollowerState(121)) - bf55b3f9-6b09-4365-9d71-55289e083fa5: shutdown FollowerState
2019-10-16 18:00:30,993 [Thread-239] INFO  impl.RaftServerImpl (RaftServerImpl.java:setRole(184)) - bf55b3f9-6b09-4365-9d71-55289e083fa5@group-EFD1D20A002C: changes role from  FOLLOWER to CANDIDATE at term 32 for changeToCandidate
2019-10-16 18:00:30,993 [Thread-239] INFO  impl.RoleInfo (RoleInfo.java:updateAndGet(143)) - bf55b3f9-6b09-4365-9d71-55289e083fa5: start LeaderElection
2019-10-16 18:00:31,017 [bf55b3f9-6b09-4365-9d71-55289e083fa5@group-EFD1D20A002C-LeaderElection33] INFO  impl.LeaderElection (LeaderElection.java:askForVotes(178)) - bf55b3f9-6b09-4365-9d71-55289e083fa5@group-EFD1D20A002C-LeaderElection33: begin an election at term 33 for -1: [f4c54511-b161-4347-aec5-5236dc80a0d8:0.0.0.0:41238, 907b9765-214b-4864-b66a-d6e2a5789e5c:0.0.0.0:41650, bf55b3f9-6b09-4365-9d71-55289e083fa5:0.0.0.0:42441], old=null
2019-10-16 18:00:31,021 [grpc-default-executor-3] INFO  impl.RaftServerImpl (RaftServerImpl.java:setRole(184)) - f4c54511-b161-4347-aec5-5236dc80a0d8@group-EFD1D20A002C: changes role from  FOLLOWER to FOLLOWER at term 33 for recognizeCandidate:bf55b3f9-6b09-4365-9d71-55289e083fa5
2019-10-16 18:00:31,021 [grpc-default-executor-0] INFO  impl.RaftServerImpl (RaftServerImpl.java:setRole(184)) - 907b9765-214b-4864-b66a-d6e2a5789e5c@group-EFD1D20A002C: changes role from  FOLLOWER to FOLLOWER at term 33 for recognizeCandidate:bf55b3f9-6b09-4365-9d71-55289e083fa5
2019-10-16 18:00:31,021 [grpc-default-executor-3] INFO  impl.RoleInfo (RoleInfo.java:shutdownFollowerState(121)) - f4c54511-b161-4347-aec5-5236dc80a0d8: shutdown FollowerState
2019-10-16 18:00:31,021 [grpc-default-executor-0] INFO  impl.RoleInfo (RoleInfo.java:shutdownFollowerState(121)) - 907b9765-214b-4864-b66a-d6e2a5789e5c: shutdown FollowerState
2019-10-16 18:00:31,022 [Thread-237] INFO  impl.FollowerState (FollowerState.java:run(117)) - f4c54511-b161-4347-aec5-5236dc80a0d8@group-EFD1D20A002C-FollowerState was interrupted: java.lang.InterruptedException: sleep interrupted
2019-10-16 18:00:31,022 [grpc-default-executor-3] INFO  impl.RoleInfo (RoleInfo.java:updateAndGet(143)) - f4c54511-b161-4347-aec5-5236dc80a0d8: start FollowerState
2019-10-16 18:00:31,022 [Thread-238] INFO  impl.FollowerState (FollowerState.java:run(117)) - 907b9765-214b-4864-b66a-d6e2a5789e5c@group-EFD1D20A002C-FollowerState was interrupted: java.lang.InterruptedException: sleep interrupted
2019-10-16 18:00:31,022 [grpc-default-executor-0] INFO  impl.RoleInfo (RoleInfo.java:updateAndGet(143)) - 907b9765-214b-4864-b66a-d6e2a5789e5c: start FollowerState
2019-10-16 18:00:31,040 [bf55b3f9-6b09-4365-9d71-55289e083fa5@group-EFD1D20A002C-LeaderElection33] INFO  impl.LeaderElection (LeaderElection.java:logAndReturn(56)) - bf55b3f9-6b09-4365-9d71-55289e083fa5@group-EFD1D20A002C-LeaderElection33: Election REJECTED; received 2 response(s) [bf55b3f9-6b09-4365-9d71-55289e083fa5<-f4c54511-b161-4347-aec5-5236dc80a0d8#0:FAIL-t33, bf55b3f9-6b09-4365-9d71-55289e083fa5<-907b9765-214b-4864-b66a-d6e2a5789e5c#0:FAIL-t33] and 0 exception(s); bf55b3f9-6b09-4365-9d71-55289e083fa5@group-EFD1D20A002C:t33, leader=null, voted=bf55b3f9-6b09-4365-9d71-55289e083fa5, raftlog=bf55b3f9-6b09-4365-9d71-55289e083fa5@group-EFD1D20A002C-SegmentedRaftLog:OPENED:c-1,f-1,i0, conf=-1: [f4c54511-b161-4347-aec5-5236dc80a0d8:0.0.0.0:41238, 907b9765-214b-4864-b66a-d6e2a5789e5c:0.0.0.0:41650, bf55b3f9-6b09-4365-9d71-55289e083fa5:0.0.0.0:42441], old=null
2019-10-16 18:00:31,041 [bf55b3f9-6b09-4365-9d71-55289e083fa5@group-EFD1D20A002C-LeaderElection33] INFO  impl.RaftServerImpl (RaftServerImpl.java:setRole(184)) - bf55b3f9-6b09-4365-9d71-55289e083fa5@group-EFD1D20A002C: changes role from CANDIDATE to FOLLOWER at term 33 for DISCOVERED_A_NEW_TERM
2019-10-16 18:00:31,041 [bf55b3f9-6b09-4365-9d71-55289e083fa5@group-EFD1D20A002C-LeaderElection33] INFO  impl.RoleInfo (RoleInfo.java:shutdownLeaderElection(134)) - bf55b3f9-6b09-4365-9d71-55289e083fa5: shutdown LeaderElection
2019-10-16 18:00:31,041 [bf55b3f9-6b09-4365-9d71-55289e083fa5@group-EFD1D20A002C-LeaderElection33] INFO  impl.RoleInfo (RoleInfo.java:updateAndGet(143)) - bf55b3f9-6b09-4365-9d71-55289e083fa5: start FollowerState
2019-10-16 18:00:31,127 [Thread-245] INFO  impl.FollowerState (FollowerState.java:run(108)) - bf55b3f9-6b09-4365-9d71-55289e083fa5@group-EFD1D20A002C-FollowerState: change to CANDIDATE, lastRpcTime:86ms, electionTimeout:86ms
2019-10-16 18:00:31,128 [Thread-245] INFO  impl.RoleInfo (RoleInfo.java:shutdownFollowerState(121)) - bf55b3f9-6b09-4365-9d71-55289e083fa5: shutdown FollowerState
2019-10-16 18:00:31,129 [Thread-245] INFO  impl.RaftServerImpl (RaftServerImpl.java:setRole(184)) - bf55b3f9-6b09-4365-9d71-55289e083fa5@group-EFD1D20A002C: changes role from  FOLLOWER to CANDIDATE at term 33 for changeToCandidate
2019-10-16 18:00:31,129 [Thread-245] INFO  impl.RoleInfo (RoleInfo.java:updateAndGet(143)) - bf55b3f9-6b09-4365-9d71-55289e083fa5: start LeaderElection
2019-10-16 18:00:31,137 [bf55b3f9-6b09-4365-9d71-55289e083fa5@group-EFD1D20A002C-LeaderElection34] INFO  impl.LeaderElection (LeaderElection.java:askForVotes(178)) - bf55b3f9-6b09-4365-9d71-55289e083fa5@group-EFD1D20A002C-LeaderElection34: begin an election at term 34 for -1: [f4c54511-b161-4347-aec5-5236dc80a0d8:0.0.0.0:41238, 907b9765-214b-4864-b66a-d6e2a5789e5c:0.0.0.0:41650, bf55b3f9-6b09-4365-9d71-55289e083fa5:0.0.0.0:42441], old=null
2019-10-16 18:00:31,141 [grpc-default-executor-3] INFO  impl.RaftServerImpl (RaftServerImpl.java:setRole(184)) - 907b9765-214b-4864-b66a-d6e2a5789e5c@group-EFD1D20A002C: changes role from  FOLLOWER to FOLLOWER at term 34 for recognizeCandidate:bf55b3f9-6b09-4365-9d71-55289e083fa5
2019-10-16 18:00:31,141 [grpc-default-executor-3] INFO  impl.RoleInfo (RoleInfo.java:shutdownFollowerState(121)) - 907b9765-214b-4864-b66a-d6e2a5789e5c: shutdown FollowerState
2019-10-16 18:00:31,141 [grpc-default-executor-3] INFO  impl.RoleInfo (RoleInfo.java:updateAndGet(143)) - 907b9765-214b-4864-b66a-d6e2a5789e5c: start FollowerState
2019-10-16 18:00:31,141 [grpc-default-executor-0] INFO  impl.RaftServerImpl (RaftServerImpl.java:setRole(184)) - f4c54511-b161-4347-aec5-5236dc80a0d8@group-EFD1D20A002C: changes role from  FOLLOWER to FOLLOWER at term 34 for recognizeCandidate:bf55b3f9-6b09-4365-9d71-55289e083fa5
2019-10-16 18:00:31,141 [Thread-244] INFO  impl.FollowerState (FollowerState.java:run(117)) - 907b9765-214b-4864-b66a-d6e2a5789e5c@group-EFD1D20A002C-FollowerState was interrupted: java.lang.InterruptedException: sleep interrupted
2019-10-16 18:00:31,141 [grpc-default-executor-0] INFO  impl.RoleInfo (RoleInfo.java:shutdownFollowerState(121)) - f4c54511-b161-4347-aec5-5236dc80a0d8: shutdown FollowerState
2019-10-16 18:00:31,142 [grpc-default-executor-0] INFO  impl.RoleInfo (RoleInfo.java:updateAndGet(143)) - f4c54511-b161-4347-aec5-5236dc80a0d8: start FollowerState
2019-10-16 18:00:31,142 [Thread-243] INFO  impl.FollowerState (FollowerState.java:run(117)) - f4c54511-b161-4347-aec5-5236dc80a0d8@group-EFD1D20A002C-FollowerState was interrupted: java.lang.InterruptedException: sleep interrupted
2019-10-16 18:00:31,167 [bf55b3f9-6b09-4365-9d71-55289e083fa5@group-EFD1D20A002C-LeaderElection34] INFO  impl.LeaderElection (LeaderElection.java:logAndReturn(56)) - bf55b3f9-6b09-4365-9d71-55289e083fa5@group-EFD1D20A002C-LeaderElection34: Election REJECTED; received 2 response(s) [bf55b3f9-6b09-4365-9d71-55289e083fa5<-f4c54511-b161-4347-aec5-5236dc80a0d8#0:FAIL-t34, bf55b3f9-6b09-4365-9d71-55289e083fa5<-907b9765-214b-4864-b66a-d6e2a5789e5c#0:FAIL-t34] and 0 exception(s); bf55b3f9-6b09-4365-9d71-55289e083fa5@group-EFD1D20A002C:t34, leader=null, voted=bf55b3f9-6b09-4365-9d71-55289e083fa5, raftlog=bf55b3f9-6b09-4365-9d71-55289e083fa5@group-EFD1D20A002C-SegmentedRaftLog:OPENED:c-1,f-1,i0, conf=-1: [f4c54511-b161-4347-aec5-5236dc80a0d8:0.0.0.0:41238, 907b9765-214b-4864-b66a-d6e2a5789e5c:0.0.0.0:41650, bf55b3f9-6b09-4365-9d71-55289e083fa5:0.0.0.0:42441], old=null
2019-10-16 18:00:31,167 [bf55b3f9-6b09-4365-9d71-55289e083fa5@group-EFD1D20A002C-LeaderElection34] INFO  impl.RaftServerImpl (RaftServerImpl.java:setRole(184)) - bf55b3f9-6b09-4365-9d71-55289e083fa5@group-EFD1D20A002C: changes role from CANDIDATE to FOLLOWER at term 34 for DISCOVERED_A_NEW_TERM
2019-10-16 18:00:31,167 [bf55b3f9-6b09-4365-9d71-55289e083fa5@group-EFD1D20A002C-LeaderElection34] INFO  impl.RoleInfo (RoleInfo.java:shutdownLeaderElection(134)) - bf55b3f9-6b09-4365-9d71-55289e083fa5: shutdown LeaderElection
2019-10-16 18:00:31,168 [bf55b3f9-6b09-4365-9d71-55289e083fa5@group-EFD1D20A002C-LeaderElection34] INFO  impl.RoleInfo (RoleInfo.java:updateAndGet(143)) - bf55b3f9-6b09-4365-9d71-55289e083fa5: start FollowerState
2019-10-16 18:00:31,246 [Thread-251] INFO  impl.FollowerState (FollowerState.java:run(108)) - bf55b3f9-6b09-4365-9d71-55289e083fa5@group-EFD1D20A002C-FollowerState: change to CANDIDATE, lastRpcTime:78ms, electionTimeout:78ms
2019-10-16 18:00:31,247 [Thread-251] INFO  impl.RoleInfo (RoleInfo.java:shutdownFollowerState(121)) - bf55b3f9-6b09-4365-9d71-55289e083fa5: shutdown FollowerState
2019-10-16 18:00:31,247 [Thread-251] INFO  impl.RaftServerImpl (RaftServerImpl.java:setRole(184)) - bf55b3f9-6b09-4365-9d71-55289e083fa5@group-EFD1D20A002C: changes role from  FOLLOWER to CANDIDATE at term 34 for changeToCandidate
2019-10-16 18:00:31,247 [Thread-251] INFO  impl.RoleInfo (RoleInfo.java:updateAndGet(143)) - bf55b3f9-6b09-4365-9d71-55289e083fa5: start LeaderElection
2019-10-16 18:00:31,282 [bf55b3f9-6b09-4365-9d71-55289e083fa5@group-EFD1D20A002C-LeaderElection35] INFO  impl.LeaderElection (LeaderElection.java:askForVotes(178)) - bf55b3f9-6b09-4365-9d71-55289e083fa5@group-EFD1D20A002C-LeaderElection35: begin an election at term 35 for -1: [f4c54511-b161-4347-aec5-5236dc80a0d8:0.0.0.0:41238, 907b9765-214b-4864-b66a-d6e2a5789e5c:0.0.0.0:41650, bf55b3f9-6b09-4365-9d71-55289e083fa5:0.0.0.0:42441], old=null
2019-10-16 18:00:31,286 [grpc-default-executor-3] INFO  impl.RaftServerImpl (RaftServerImpl.java:setRole(184)) - f4c54511-b161-4347-aec5-5236dc80a0d8@group-EFD1D20A002C: changes role from  FOLLOWER to FOLLOWER at term 35 for recognizeCandidate:bf55b3f9-6b09-4365-9d71-55289e083fa5
2019-10-16 18:00:31,286 [grpc-default-executor-3] INFO  impl.RoleInfo (RoleInfo.java:shutdownFollowerState(121)) - f4c54511-b161-4347-aec5-5236dc80a0d8: shutdown FollowerState
2019-10-16 18:00:31,286 [grpc-default-executor-0] INFO  impl.RaftServerImpl (RaftServerImpl.java:setRole(184)) - 907b9765-214b-4864-b66a-d6e2a5789e5c@group-EFD1D20A002C: changes role from  FOLLOWER to FOLLOWER at term 35 for recognizeCandidate:bf55b3f9-6b09-4365-9d71-55289e083fa5
2019-10-16 18:00:31,286 [grpc-default-executor-3] INFO  impl.RoleInfo (RoleInfo.java:updateAndGet(143)) - f4c54511-b161-4347-aec5-5236dc80a0d8: start FollowerState
2019-10-16 18:00:31,286 [Thread-250] INFO  impl.FollowerState (FollowerState.java:run(117)) - f4c54511-b161-4347-aec5-5236dc80a0d8@group-EFD1D20A002C-FollowerState was interrupted: java.lang.InterruptedException: sleep interrupted
2019-10-16 18:00:31,286 [grpc-default-executor-0] INFO  impl.RoleInfo (RoleInfo.java:shutdownFollowerState(121)) - 907b9765-214b-4864-b66a-d6e2a5789e5c: shutdown FollowerState
2019-10-16 18:00:31,287 [grpc-default-executor-0] INFO  impl.RoleInfo (RoleInfo.java:updateAndGet(143)) - 907b9765-214b-4864-b66a-d6e2a5789e5c: start FollowerState
2019-10-16 18:00:31,287 [Thread-249] INFO  impl.FollowerState (FollowerState.java:run(117)) - 907b9765-214b-4864-b66a-d6e2a5789e5c@group-EFD1D20A002C-FollowerState was interrupted: java.lang.InterruptedException: sleep interrupted
2019-10-16 18:00:31,319 [bf55b3f9-6b09-4365-9d71-55289e083fa5@group-EFD1D20A002C-LeaderElection35] INFO  impl.LeaderElection (LeaderElection.java:logAndReturn(56)) - bf55b3f9-6b09-4365-9d71-55289e083fa5@group-EFD1D20A002C-LeaderElection35: Election REJECTED; received 2 response(s) [bf55b3f9-6b09-4365-9d71-55289e083fa5<-f4c54511-b161-4347-aec5-5236dc80a0d8#0:FAIL-t35, bf55b3f9-6b09-4365-9d71-55289e083fa5<-907b9765-214b-4864-b66a-d6e2a5789e5c#0:FAIL-t35] and 0 exception(s); bf55b3f9-6b09-4365-9d71-55289e083fa5@group-EFD1D20A002C:t35, leader=null, voted=bf55b3f9-6b09-4365-9d71-55289e083fa5, raftlog=bf55b3f9-6b09-4365-9d71-55289e083fa5@group-EFD1D20A002C-SegmentedRaftLog:OPENED:c-1,f-1,i0, conf=-1: [f4c54511-b161-4347-aec5-5236dc80a0d8:0.0.0.0:41238, 907b9765-214b-4864-b66a-d6e2a5789e5c:0.0.0.0:41650, bf55b3f9-6b09-4365-9d71-55289e083fa5:0.0.0.0:42441], old=null
2019-10-16 18:00:31,319 [bf55b3f9-6b09-4365-9d71-55289e083fa5@group-EFD1D20A002C-LeaderElection35] INFO  impl.RaftServerImpl (RaftServerImpl.java:setRole(184)) - bf55b3f9-6b09-4365-9d71-55289e083fa5@group-EFD1D20A002C: changes role from CANDIDATE to FOLLOWER at term 35 for DISCOVERED_A_NEW_TERM
2019-10-16 18:00:31,320 [bf55b3f9-6b09-4365-9d71-55289e083fa5@group-EFD1D20A002C-LeaderElection35] INFO  impl.RoleInfo (RoleInfo.java:shutdownLeaderElection(134)) - bf55b3f9-6b09-4365-9d71-55289e083fa5: shutdown LeaderElection
2019-10-16 18:00:31,320 [bf55b3f9-6b09-4365-9d71-55289e083fa5@group-EFD1D20A002C-LeaderElection35] INFO  impl.RoleInfo (RoleInfo.java:updateAndGet(143)) - bf55b3f9-6b09-4365-9d71-55289e083fa5: start FollowerState
2019-10-16 18:00:31,417 [Thread-257] INFO  impl.FollowerState (FollowerState.java:run(108)) - bf55b3f9-6b09-4365-9d71-55289e083fa5@group-EFD1D20A002C-FollowerState: change to CANDIDATE, lastRpcTime:97ms, electionTimeout:97ms
2019-10-16 18:00:31,418 [Thread-257] INFO  impl.RoleInfo (RoleInfo.java:shutdownFollowerState(121)) - bf55b3f9-6b09-4365-9d71-55289e083fa5: shutdown FollowerState
2019-10-16 18:00:31,418 [Thread-257] INFO  impl.RaftServerImpl (RaftServerImpl.java:setRole(184)) - bf55b3f9-6b09-4365-9d71-55289e083fa5@group-EFD1D20A002C: changes role from  FOLLOWER to CANDIDATE at term 35 for changeToCandidate
2019-10-16 18:00:31,419 [Thread-257] INFO  impl.RoleInfo (RoleInfo.java:updateAndGet(143)) - bf55b3f9-6b09-4365-9d71-55289e083fa5: start LeaderElection
2019-10-16 18:00:31,461 [bf55b3f9-6b09-4365-9d71-55289e083fa5@group-EFD1D20A002C-LeaderElection36] INFO  impl.LeaderElection (LeaderElection.java:askForVotes(178)) - bf55b3f9-6b09-4365-9d71-55289e083fa5@group-EFD1D20A002C-LeaderElection36: begin an election at term 36 for -1: [f4c54511-b161-4347-aec5-5236dc80a0d8:0.0.0.0:41238, 907b9765-214b-4864-b66a-d6e2a5789e5c:0.0.0.0:41650, bf55b3f9-6b09-4365-9d71-55289e083fa5:0.0.0.0:42441], old=null
2019-10-16 18:00:31,464 [grpc-default-executor-3] INFO  impl.RaftServerImpl (RaftServerImpl.java:setRole(184)) - 907b9765-214b-4864-b66a-d6e2a5789e5c@group-EFD1D20A002C: changes role from  FOLLOWER to FOLLOWER at term 36 for recognizeCandidate:bf55b3f9-6b09-4365-9d71-55289e083fa5
2019-10-16 18:00:31,464 [grpc-default-executor-0] INFO  impl.RaftServerImpl (RaftServerImpl.java:setRole(184)) - f4c54511-b161-4347-aec5-5236dc80a0d8@group-EFD1D20A002C: changes role from  FOLLOWER to FOLLOWER at term 36 for recognizeCandidate:bf55b3f9-6b09-4365-9d71-55289e083fa5
2019-10-16 18:00:31,464 [grpc-default-executor-3] INFO  impl.RoleInfo (RoleInfo.java:shutdownFollowerState(121)) - 907b9765-214b-4864-b66a-d6e2a5789e5c: shutdown FollowerState
2019-10-16 18:00:31,464 [grpc-default-executor-0] INFO  impl.RoleInfo (RoleInfo.java:shutdownFollowerState(121)) - f4c54511-b161-4347-aec5-5236dc80a0d8: shutdown FollowerState
2019-10-16 18:00:31,465 [Thread-256] INFO  impl.FollowerState (FollowerState.java:run(117)) - 907b9765-214b-4864-b66a-d6e2a5789e5c@group-EFD1D20A002C-FollowerState was interrupted: java.lang.InterruptedException: sleep interrupted
2019-10-16 18:00:31,465 [grpc-default-executor-3] INFO  impl.RoleInfo (RoleInfo.java:updateAndGet(143)) - 907b9765-214b-4864-b66a-d6e2a5789e5c: start FollowerState
2019-10-16 18:00:31,465 [Thread-255] INFO  impl.FollowerState (FollowerState.java:run(117)) - f4c54511-b161-4347-aec5-5236dc80a0d8@group-EFD1D20A002C-FollowerState was interrupted: java.lang.InterruptedException: sleep interrupted
2019-10-16 18:00:31,465 [grpc-default-executor-0] INFO  impl.RoleInfo (RoleInfo.java:updateAndGet(143)) - f4c54511-b161-4347-aec5-5236dc80a0d8: start FollowerState
2019-10-16 18:00:31,479 [bf55b3f9-6b09-4365-9d71-55289e083fa5@group-EFD1D20A002C-LeaderElection36] INFO  impl.LeaderElection (LeaderElection.java:logAndReturn(56)) - bf55b3f9-6b09-4365-9d71-55289e083fa5@group-EFD1D20A002C-LeaderElection36: Election TIMEOUT; received 0 response(s) [] and 0 exception(s); bf55b3f9-6b09-4365-9d71-55289e083fa5@group-EFD1D20A002C:t36, leader=null, voted=bf55b3f9-6b09-4365-9d71-55289e083fa5, raftlog=bf55b3f9-6b09-4365-9d71-55289e083fa5@group-EFD1D20A002C-SegmentedRaftLog:OPENED:c-1,f-1,i0, conf=-1: [f4c54511-b161-4347-aec5-5236dc80a0d8:0.0.0.0:41238, 907b9765-214b-4864-b66a-d6e2a5789e5c:0.0.0.0:41650, bf55b3f9-6b09-4365-9d71-55289e083fa5:0.0.0.0:42441], old=null
2019-10-16 18:00:31,520 [bf55b3f9-6b09-4365-9d71-55289e083fa5@group-EFD1D20A002C-LeaderElection36] INFO  impl.LeaderElection (LeaderElection.java:askForVotes(178)) - bf55b3f9-6b09-4365-9d71-55289e083fa5@group-EFD1D20A002C-LeaderElection36: begin an election at term 37 for -1: [f4c54511-b161-4347-aec5-5236dc80a0d8:0.0.0.0:41238, 907b9765-214b-4864-b66a-d6e2a5789e5c:0.0.0.0:41650, bf55b3f9-6b09-4365-9d71-55289e083fa5:0.0.0.0:42441], old=null
2019-10-16 18:00:31,523 [grpc-default-executor-3] INFO  impl.RaftServerImpl (RaftServerImpl.java:setRole(184)) - f4c54511-b161-4347-aec5-5236dc80a0d8@group-EFD1D20A002C: changes role from  FOLLOWER to FOLLOWER at term 37 for recognizeCandidate:bf55b3f9-6b09-4365-9d71-55289e083fa5
2019-10-16 18:00:31,524 [grpc-default-executor-3] INFO  impl.RoleInfo (RoleInfo.java:shutdownFollowerState(121)) - f4c54511-b161-4347-aec5-5236dc80a0d8: shutdown FollowerState
2019-10-16 18:00:31,524 [grpc-default-executor-3] INFO  impl.RoleInfo (RoleInfo.java:updateAndGet(143)) - f4c54511-b161-4347-aec5-5236dc80a0d8: start FollowerState
2019-10-16 18:00:31,524 [Thread-262] INFO  impl.FollowerState (FollowerState.java:run(117)) - f4c54511-b161-4347-aec5-5236dc80a0d8@group-EFD1D20A002C-FollowerState was interrupted: java.lang.InterruptedException: sleep interrupted
2019-10-16 18:00:31,525 [grpc-default-executor-0] INFO  impl.RaftServerImpl (RaftServerImpl.java:setRole(184)) - 907b9765-214b-4864-b66a-d6e2a5789e5c@group-EFD1D20A002C: changes role from  FOLLOWER to FOLLOWER at term 37 for recognizeCandidate:bf55b3f9-6b09-4365-9d71-55289e083fa5
2019-10-16 18:00:31,525 [grpc-default-executor-0] INFO  impl.RoleInfo (RoleInfo.java:shutdownFollowerState(121)) - 907b9765-214b-4864-b66a-d6e2a5789e5c: shutdown FollowerState
2019-10-16 18:00:31,525 [Thread-261] INFO  impl.FollowerState (FollowerState.java:run(117)) - 907b9765-214b-4864-b66a-d6e2a5789e5c@group-EFD1D20A002C-FollowerState was interrupted: java.lang.InterruptedException: sleep interrupted
2019-10-16 18:00:31,525 [grpc-default-executor-0] INFO  impl.RoleInfo (RoleInfo.java:updateAndGet(143)) - 907b9765-214b-4864-b66a-d6e2a5789e5c: start FollowerState
2019-10-16 18:00:31,555 [bf55b3f9-6b09-4365-9d71-55289e083fa5@group-EFD1D20A002C-LeaderElection36] INFO  impl.LeaderElection (LeaderElection.java:logAndReturn(56)) - bf55b3f9-6b09-4365-9d71-55289e083fa5@group-EFD1D20A002C-LeaderElection36: Election REJECTED; received 2 response(s) [bf55b3f9-6b09-4365-9d71-55289e083fa5<-f4c54511-b161-4347-aec5-5236dc80a0d8#0:FAIL-t37, bf55b3f9-6b09-4365-9d71-55289e083fa5<-907b9765-214b-4864-b66a-d6e2a5789e5c#0:FAIL-t37] and 0 exception(s); bf55b3f9-6b09-4365-9d71-55289e083fa5@group-EFD1D20A002C:t37, leader=null, voted=bf55b3f9-6b09-4365-9d71-55289e083fa5, raftlog=bf55b3f9-6b09-4365-9d71-55289e083fa5@group-EFD1D20A002C-SegmentedRaftLog:OPENED:c-1,f-1,i0, conf=-1: [f4c54511-b161-4347-aec5-5236dc80a0d8:0.0.0.0:41238, 907b9765-214b-4864-b66a-d6e2a5789e5c:0.0.0.0:41650, bf55b3f9-6b09-4365-9d71-55289e083fa5:0.0.0.0:42441], old=null
2019-10-16 18:00:31,556 [bf55b3f9-6b09-4365-9d71-55289e083fa5@group-EFD1D20A002C-LeaderElection36] INFO  impl.RaftServerImpl (RaftServerImpl.java:setRole(184)) - bf55b3f9-6b09-4365-9d71-55289e083fa5@group-EFD1D20A002C: changes role from CANDIDATE to FOLLOWER at term 37 for DISCOVERED_A_NEW_TERM
2019-10-16 18:00:31,556 [bf55b3f9-6b09-4365-9d71-55289e083fa5@group-EFD1D20A002C-LeaderElection36] INFO  impl.RoleInfo (RoleInfo.java:shutdownLeaderElection(134)) - bf55b3f9-6b09-4365-9d71-55289e083fa5: shutdown LeaderElection
2019-10-16 18:00:31,556 [bf55b3f9-6b09-4365-9d71-55289e083fa5@group-EFD1D20A002C-LeaderElection36] INFO  impl.RoleInfo (RoleInfo.java:updateAndGet(143)) - bf55b3f9-6b09-4365-9d71-55289e083fa5: start FollowerState
2019-10-16 18:00:31,627 [Thread-269] INFO  impl.FollowerState (FollowerState.java:run(108)) - bf55b3f9-6b09-4365-9d71-55289e083fa5@group-EFD1D20A002C-FollowerState: change to CANDIDATE, lastRpcTime:71ms, electionTimeout:71ms
2019-10-16 18:00:31,630 [Thread-269] INFO  impl.RoleInfo (RoleInfo.java:shutdownFollowerState(121)) - bf55b3f9-6b09-4365-9d71-55289e083fa5: shutdown FollowerState
2019-10-16 18:00:31,630 [Thread-269] INFO  impl.RaftServerImpl (RaftServerImpl.java:setRole(184)) - bf55b3f9-6b09-4365-9d71-55289e083fa5@group-EFD1D20A002C: changes role from  FOLLOWER to CANDIDATE at term 37 for changeToCandidate
2019-10-16 18:00:31,630 [Thread-269] INFO  impl.RoleInfo (RoleInfo.java:updateAndGet(143)) - bf55b3f9-6b09-4365-9d71-55289e083fa5: start LeaderElection
2019-10-16 18:00:31,654 [bf55b3f9-6b09-4365-9d71-55289e083fa5@group-EFD1D20A002C-LeaderElection37] INFO  impl.LeaderElection (LeaderElection.java:askForVotes(178)) - bf55b3f9-6b09-4365-9d71-55289e083fa5@group-EFD1D20A002C-LeaderElection37: begin an election at term 38 for -1: [f4c54511-b161-4347-aec5-5236dc80a0d8:0.0.0.0:41238, 907b9765-214b-4864-b66a-d6e2a5789e5c:0.0.0.0:41650, bf55b3f9-6b09-4365-9d71-55289e083fa5:0.0.0.0:42441], old=null
2019-10-16 18:00:31,659 [grpc-default-executor-3] INFO  impl.RaftServerImpl (RaftServerImpl.java:setRole(184)) - f4c54511-b161-4347-aec5-5236dc80a0d8@group-EFD1D20A002C: changes role from  FOLLOWER to FOLLOWER at term 38 for recognizeCandidate:bf55b3f9-6b09-4365-9d71-55289e083fa5
2019-10-16 18:00:31,659 [grpc-default-executor-3] INFO  impl.RoleInfo (RoleInfo.java:shutdownFollowerState(121)) - f4c54511-b161-4347-aec5-5236dc80a0d8: shutdown FollowerState
2019-10-16 18:00:31,659 [grpc-default-executor-0] INFO  impl.RaftServerImpl (RaftServerImpl.java:setRole(184)) - 907b9765-214b-4864-b66a-d6e2a5789e5c@group-EFD1D20A002C: changes role from  FOLLOWER to FOLLOWER at term 38 for recognizeCandidate:bf55b3f9-6b09-4365-9d71-55289e083fa5
2019-10-16 18:00:31,659 [Thread-267] INFO  impl.FollowerState (FollowerState.java:run(117)) - f4c54511-b161-4347-aec5-5236dc80a0d8@group-EFD1D20A002C-FollowerState was interrupted: java.lang.InterruptedException: sleep interrupted
2019-10-16 18:00:31,659 [grpc-default-executor-3] INFO  impl.RoleInfo (RoleInfo.java:updateAndGet(143)) - f4c54511-b161-4347-aec5-5236dc80a0d8: start FollowerState
2019-10-16 18:00:31,659 [grpc-default-executor-0] INFO  impl.RoleInfo (RoleInfo.java:shutdownFollowerState(121)) - 907b9765-214b-4864-b66a-d6e2a5789e5c: shutdown FollowerState
2019-10-16 18:00:31,660 [grpc-default-executor-0] INFO  impl.RoleInfo (RoleInfo.java:updateAndGet(143)) - 907b9765-214b-4864-b66a-d6e2a5789e5c: start FollowerState
2019-10-16 18:00:31,660 [Thread-268] INFO  impl.FollowerState (FollowerState.java:run(117)) - 907b9765-214b-4864-b66a-d6e2a5789e5c@group-EFD1D20A002C-FollowerState was interrupted: java.lang.InterruptedException: sleep interrupted
2019-10-16 18:00:31,670 [bf55b3f9-6b09-4365-9d71-55289e083fa5@group-EFD1D20A002C-LeaderElection37] INFO  impl.LeaderElection (LeaderElection.java:logAndReturn(56)) - bf55b3f9-6b09-4365-9d71-55289e083fa5@group-EFD1D20A002C-LeaderElection37: Election TIMEOUT; received 0 response(s) [] and 0 exception(s); bf55b3f9-6b09-4365-9d71-55289e083fa5@group-EFD1D20A002C:t38, leader=null, voted=bf55b3f9-6b09-4365-9d71-55289e083fa5, raftlog=bf55b3f9-6b09-4365-9d71-55289e083fa5@group-EFD1D20A002C-SegmentedRaftLog:OPENED:c-1,f-1,i0, conf=-1: [f4c54511-b161-4347-aec5-5236dc80a0d8:0.0.0.0:41238, 907b9765-214b-4864-b66a-d6e2a5789e5c:0.0.0.0:41650, bf55b3f9-6b09-4365-9d71-55289e083fa5:0.0.0.0:42441], old=null
2019-10-16 18:00:31,722 [bf55b3f9-6b09-4365-9d71-55289e083fa5@group-EFD1D20A002C-LeaderElection37] INFO  impl.LeaderElection (LeaderElection.java:askForVotes(178)) - bf55b3f9-6b09-4365-9d71-55289e083fa5@group-EFD1D20A002C-LeaderElection37: begin an election at term 39 for -1: [f4c54511-b161-4347-aec5-5236dc80a0d8:0.0.0.0:41238, 907b9765-214b-4864-b66a-d6e2a5789e5c:0.0.0.0:41650, bf55b3f9-6b09-4365-9d71-55289e083fa5:0.0.0.0:42441], old=null
2019-10-16 18:00:31,726 [grpc-default-executor-3] INFO  impl.RaftServerImpl (RaftServerImpl.java:setRole(184)) - 907b9765-214b-4864-b66a-d6e2a5789e5c@group-EFD1D20A002C: changes role from  FOLLOWER to FOLLOWER at term 39 for recognizeCandidate:bf55b3f9-6b09-4365-9d71-55289e083fa5
2019-10-16 18:00:31,726 [grpc-default-executor-0] INFO  impl.RaftServerImpl (RaftServerImpl.java:setRole(184)) - f4c54511-b161-4347-aec5-5236dc80a0d8@group-EFD1D20A002C: changes role from  FOLLOWER to FOLLOWER at term 39 for recognizeCandidate:bf55b3f9-6b09-4365-9d71-55289e083fa5
2019-10-16 18:00:31,726 [grpc-default-executor-3] INFO  impl.RoleInfo (RoleInfo.java:shutdownFollowerState(121)) - 907b9765-214b-4864-b66a-d6e2a5789e5c: shutdown FollowerState
2019-10-16 18:00:31,727 [grpc-default-executor-0] INFO  impl.RoleInfo (RoleInfo.java:shutdownFollowerState(121)) - f4c54511-b161-4347-aec5-5236dc80a0d8: shutdown FollowerState
2019-10-16 18:00:31,727 [grpc-default-executor-3] INFO  impl.RoleInfo (RoleInfo.java:updateAndGet(143)) - 907b9765-214b-4864-b66a-d6e2a5789e5c: start FollowerState
2019-10-16 18:00:31,727 [Thread-274] INFO  impl.FollowerState (FollowerState.java:run(117)) - 907b9765-214b-4864-b66a-d6e2a5789e5c@group-EFD1D20A002C-FollowerState was interrupted: java.lang.InterruptedException: sleep interrupted
2019-10-16 18:00:31,727 [Thread-273] INFO  impl.FollowerState (FollowerState.java:run(117)) - f4c54511-b161-4347-aec5-5236dc80a0d8@group-EFD1D20A002C-FollowerState was interrupted: java.lang.InterruptedException: sleep interrupted
2019-10-16 18:00:31,727 [grpc-default-executor-0] INFO  impl.RoleInfo (RoleInfo.java:updateAndGet(143)) - f4c54511-b161-4347-aec5-5236dc80a0d8: start FollowerState
2019-10-16 18:00:31,733 [bf55b3f9-6b09-4365-9d71-55289e083fa5@group-EFD1D20A002C-LeaderElection37] INFO  impl.LeaderElection (LeaderElection.java:logAndReturn(56)) - bf55b3f9-6b09-4365-9d71-55289e083fa5@group-EFD1D20A002C-LeaderElection37: Election TIMEOUT; received 0 response(s) [] and 0 exception(s); bf55b3f9-6b09-4365-9d71-55289e083fa5@group-EFD1D20A002C:t39, leader=null, voted=bf55b3f9-6b09-4365-9d71-55289e083fa5, raftlog=bf55b3f9-6b09-4365-9d71-55289e083fa5@group-EFD1D20A002C-SegmentedRaftLog:OPENED:c-1,f-1,i0, conf=-1: [f4c54511-b161-4347-aec5-5236dc80a0d8:0.0.0.0:41238, 907b9765-214b-4864-b66a-d6e2a5789e5c:0.0.0.0:41650, bf55b3f9-6b09-4365-9d71-55289e083fa5:0.0.0.0:42441], old=null
2019-10-16 18:00:31,764 [bf55b3f9-6b09-4365-9d71-55289e083fa5@group-EFD1D20A002C-LeaderElection37] INFO  impl.LeaderElection (LeaderElection.java:askForVotes(178)) - bf55b3f9-6b09-4365-9d71-55289e083fa5@group-EFD1D20A002C-LeaderElection37: begin an election at term 40 for -1: [f4c54511-b161-4347-aec5-5236dc80a0d8:0.0.0.0:41238, 907b9765-214b-4864-b66a-d6e2a5789e5c:0.0.0.0:41650, bf55b3f9-6b09-4365-9d71-55289e083fa5:0.0.0.0:42441], old=null
2019-10-16 18:00:31,768 [grpc-default-executor-0] INFO  impl.RaftServerImpl (RaftServerImpl.java:setRole(184)) - f4c54511-b161-4347-aec5-5236dc80a0d8@group-EFD1D20A002C: changes role from  FOLLOWER to FOLLOWER at term 40 for recognizeCandidate:bf55b3f9-6b09-4365-9d71-55289e083fa5
2019-10-16 18:00:31,768 [grpc-default-executor-0] INFO  impl.RoleInfo (RoleInfo.java:shutdownFollowerState(121)) - f4c54511-b161-4347-aec5-5236dc80a0d8: shutdown FollowerState
2019-10-16 18:00:31,768 [grpc-default-executor-3] INFO  impl.RaftServerImpl (RaftServerImpl.java:setRole(184)) - 907b9765-214b-4864-b66a-d6e2a5789e5c@group-EFD1D20A002C: changes role from  FOLLOWER to FOLLOWER at term 40 for recognizeCandidate:bf55b3f9-6b09-4365-9d71-55289e083fa5
2019-10-16 18:00:31,768 [grpc-default-executor-0] INFO  impl.RoleInfo (RoleInfo.java:updateAndGet(143)) - f4c54511-b161-4347-aec5-5236dc80a0d8: start FollowerState
2019-10-16 18:00:31,768 [Thread-278] INFO  impl.FollowerState (FollowerState.java:run(117)) - f4c54511-b161-4347-aec5-5236dc80a0d8@group-EFD1D20A002C-FollowerState was interrupted: java.lang.InterruptedException: sleep interrupted
2019-10-16 18:00:31,768 [grpc-default-executor-3] INFO  impl.RoleInfo (RoleInfo.java:shutdownFollowerState(121)) - 907b9765-214b-4864-b66a-d6e2a5789e5c: shutdown FollowerState
2019-10-16 18:00:31,769 [grpc-default-executor-3] INFO  impl.RoleInfo (RoleInfo.java:updateAndGet(143)) - 907b9765-214b-4864-b66a-d6e2a5789e5c: start FollowerState
2019-10-16 18:00:31,769 [Thread-277] INFO  impl.FollowerState (FollowerState.java:run(117)) - 907b9765-214b-4864-b66a-d6e2a5789e5c@group-EFD1D20A002C-FollowerState was interrupted: java.lang.InterruptedException: sleep interrupted
2019-10-16 18:00:31,800 [bf55b3f9-6b09-4365-9d71-55289e083fa5@group-EFD1D20A002C-LeaderElection37] INFO  impl.LeaderElection (LeaderElection.java:logAndReturn(56)) - bf55b3f9-6b09-4365-9d71-55289e083fa5@group-EFD1D20A002C-LeaderElection37: Election REJECTED; received 2 response(s) [bf55b3f9-6b09-4365-9d71-55289e083fa5<-f4c54511-b161-4347-aec5-5236dc80a0d8#0:FAIL-t40, bf55b3f9-6b09-4365-9d71-55289e083fa5<-907b9765-214b-4864-b66a-d6e2a5789e5c#0:FAIL-t40] and 0 exception(s); bf55b3f9-6b09-4365-9d71-55289e083fa5@group-EFD1D20A002C:t40, leader=null, voted=bf55b3f9-6b09-4365-9d71-55289e083fa5, raftlog=bf55b3f9-6b09-4365-9d71-55289e083fa5@group-EFD1D20A002C-SegmentedRaftLog:OPENED:c-1,f-1,i0, conf=-1: [f4c54511-b161-4347-aec5-5236dc80a0d8:0.0.0.0:41238, 907b9765-214b-4864-b66a-d6e2a5789e5c:0.0.0.0:41650, bf55b3f9-6b09-4365-9d71-55289e083fa5:0.0.0.0:42441], old=null
2019-10-16 18:00:31,800 [bf55b3f9-6b09-4365-9d71-55289e083fa5@group-EFD1D20A002C-LeaderElection37] INFO  impl.RaftServerImpl (RaftServerImpl.java:setRole(184)) - bf55b3f9-6b09-4365-9d71-55289e083fa5@group-EFD1D20A002C: changes role from CANDIDATE to FOLLOWER at term 40 for DISCOVERED_A_NEW_TERM
2019-10-16 18:00:31,800 [bf55b3f9-6b09-4365-9d71-55289e083fa5@group-EFD1D20A002C-LeaderElection37] INFO  impl.RoleInfo (RoleInfo.java:shutdownLeaderElection(134)) - bf55b3f9-6b09-4365-9d71-55289e083fa5: shutdown LeaderElection
2019-10-16 18:00:31,801 [bf55b3f9-6b09-4365-9d71-55289e083fa5@group-EFD1D20A002C-LeaderElection37] INFO  impl.RoleInfo (RoleInfo.java:updateAndGet(143)) - bf55b3f9-6b09-4365-9d71-55289e083fa5: start FollowerState
2019-10-16 18:00:31,946 [Thread-283] INFO  impl.FollowerState (FollowerState.java:run(108)) - bf55b3f9-6b09-4365-9d71-55289e083fa5@group-EFD1D20A002C-FollowerState: change to CANDIDATE, lastRpcTime:145ms, electionTimeout:145ms
2019-10-16 18:00:31,946 [Thread-283] INFO  impl.RoleInfo (RoleInfo.java:shutdownFollowerState(121)) - bf55b3f9-6b09-4365-9d71-55289e083fa5: shutdown FollowerState
2019-10-16 18:00:31,947 [Thread-283] INFO  impl.RaftServerImpl (RaftServerImpl.java:setRole(184)) - bf55b3f9-6b09-4365-9d71-55289e083fa5@group-EFD1D20A002C: changes role from  FOLLOWER to CANDIDATE at term 40 for changeToCandidate
2019-10-16 18:00:31,947 [Thread-283] INFO  impl.RoleInfo (RoleInfo.java:updateAndGet(143)) - bf55b3f9-6b09-4365-9d71-55289e083fa5: start LeaderElection
2019-10-16 18:00:31,974 [bf55b3f9-6b09-4365-9d71-55289e083fa5@group-EFD1D20A002C-LeaderElection38] INFO  impl.LeaderElection (LeaderElection.java:askForVotes(178)) - bf55b3f9-6b09-4365-9d71-55289e083fa5@group-EFD1D20A002C-LeaderElection38: begin an election at term 41 for -1: [f4c54511-b161-4347-aec5-5236dc80a0d8:0.0.0.0:41238, 907b9765-214b-4864-b66a-d6e2a5789e5c:0.0.0.0:41650, bf55b3f9-6b09-4365-9d71-55289e083fa5:0.0.0.0:42441], old=null
2019-10-16 18:00:31,977 [grpc-default-executor-0] INFO  impl.RaftServerImpl (RaftServerImpl.java:setRole(184)) - f4c54511-b161-4347-aec5-5236dc80a0d8@group-EFD1D20A002C: changes role from  FOLLOWER to FOLLOWER at term 41 for recognizeCandidate:bf55b3f9-6b09-4365-9d71-55289e083fa5
2019-10-16 18:00:31,977 [grpc-default-executor-0] INFO  impl.RoleInfo (RoleInfo.java:shutdownFollowerState(121)) - f4c54511-b161-4347-aec5-5236dc80a0d8: shutdown FollowerState
2019-10-16 18:00:31,977 [grpc-default-executor-3] INFO  impl.RaftServerImpl (RaftServerImpl.java:setRole(184)) - 907b9765-214b-4864-b66a-d6e2a5789e5c@group-EFD1D20A002C: changes role from  FOLLOWER to FOLLOWER at term 41 for recognizeCandidate:bf55b3f9-6b09-4365-9d71-55289e083fa5
2019-10-16 18:00:31,978 [grpc-default-executor-0] INFO  impl.RoleInfo (RoleInfo.java:updateAndGet(143)) - f4c54511-b161-4347-aec5-5236dc80a0d8: start FollowerState
2019-10-16 18:00:31,978 [Thread-281] INFO  impl.FollowerState (FollowerState.java:run(117)) - f4c54511-b161-4347-aec5-5236dc80a0d8@group-EFD1D20A002C-FollowerState was interrupted: java.lang.InterruptedException: sleep interrupted
2019-10-16 18:00:31,978 [grpc-default-executor-3] INFO  impl.RoleInfo (RoleInfo.java:shutdownFollowerState(121)) - 907b9765-214b-4864-b66a-d6e2a5789e5c: shutdown FollowerState
2019-10-16 18:00:31,978 [grpc-default-executor-3] INFO  impl.RoleInfo (RoleInfo.java:updateAndGet(143)) - 907b9765-214b-4864-b66a-d6e2a5789e5c: start FollowerState
2019-10-16 18:00:31,978 [Thread-282] INFO  impl.FollowerState (FollowerState.java:run(117)) - 907b9765-214b-4864-b66a-d6e2a5789e5c@group-EFD1D20A002C-FollowerState was interrupted: java.lang.InterruptedException: sleep interrupted
2019-10-16 18:00:32,009 [bf55b3f9-6b09-4365-9d71-55289e083fa5@group-EFD1D20A002C-LeaderElection38] INFO  impl.LeaderElection (LeaderElection.java:logAndReturn(56)) - bf55b3f9-6b09-4365-9d71-55289e083fa5@group-EFD1D20A002C-LeaderElection38: Election REJECTED; received 2 response(s) [bf55b3f9-6b09-4365-9d71-55289e083fa5<-f4c54511-b161-4347-aec5-5236dc80a0d8#0:FAIL-t41, bf55b3f9-6b09-4365-9d71-55289e083fa5<-907b9765-214b-4864-b66a-d6e2a5789e5c#0:FAIL-t41] and 0 exception(s); bf55b3f9-6b09-4365-9d71-55289e083fa5@group-EFD1D20A002C:t41, leader=null, voted=bf55b3f9-6b09-4365-9d71-55289e083fa5, raftlog=bf55b3f9-6b09-4365-9d71-55289e083fa5@group-EFD1D20A002C-SegmentedRaftLog:OPENED:c-1,f-1,i0, conf=-1: [f4c54511-b161-4347-aec5-5236dc80a0d8:0.0.0.0:41238, 907b9765-214b-4864-b66a-d6e2a5789e5c:0.0.0.0:41650, bf55b3f9-6b09-4365-9d71-55289e083fa5:0.0.0.0:42441], old=null
2019-10-16 18:00:32,010 [bf55b3f9-6b09-4365-9d71-55289e083fa5@group-EFD1D20A002C-LeaderElection38] INFO  impl.RaftServerImpl (RaftServerImpl.java:setRole(184)) - bf55b3f9-6b09-4365-9d71-55289e083fa5@group-EFD1D20A002C: changes role from CANDIDATE to FOLLOWER at term 41 for DISCOVERED_A_NEW_TERM
2019-10-16 18:00:32,010 [bf55b3f9-6b09-4365-9d71-55289e083fa5@group-EFD1D20A002C-LeaderElection38] INFO  impl.RoleInfo (RoleInfo.java:shutdownLeaderElection(134)) - bf55b3f9-6b09-4365-9d71-55289e083fa5: shutdown LeaderElection
2019-10-16 18:00:32,010 [bf55b3f9-6b09-4365-9d71-55289e083fa5@group-EFD1D20A002C-LeaderElection38] INFO  impl.RoleInfo (RoleInfo.java:updateAndGet(143)) - bf55b3f9-6b09-4365-9d71-55289e083fa5: start FollowerState
2019-10-16 18:00:32,206 [Thread-289] INFO  impl.FollowerState (FollowerState.java:run(108)) - bf55b3f9-6b09-4365-9d71-55289e083fa5@group-EFD1D20A002C-FollowerState: change to CANDIDATE, lastRpcTime:195ms, electionTimeout:195ms
2019-10-16 18:00:32,206 [Thread-289] INFO  impl.RoleInfo (RoleInfo.java:shutdownFollowerState(121)) - bf55b3f9-6b09-4365-9d71-55289e083fa5: shutdown FollowerState
2019-10-16 18:00:32,206 [Thread-289] INFO  impl.RaftServerImpl (RaftServerImpl.java:setRole(184)) - bf55b3f9-6b09-4365-9d71-55289e083fa5@group-EFD1D20A002C: changes role from  FOLLOWER to CANDIDATE at term 41 for changeToCandidate
2019-10-16 18:00:32,206 [Thread-289] INFO  impl.RoleInfo (RoleInfo.java:updateAndGet(143)) - bf55b3f9-6b09-4365-9d71-55289e083fa5: start LeaderElection
2019-10-16 18:00:32,236 [bf55b3f9-6b09-4365-9d71-55289e083fa5@group-EFD1D20A002C-LeaderElection39] INFO  impl.LeaderElection (LeaderElection.java:askForVotes(178)) - bf55b3f9-6b09-4365-9d71-55289e083fa5@group-EFD1D20A002C-LeaderElection39: begin an election at term 42 for -1: [f4c54511-b161-4347-aec5-5236dc80a0d8:0.0.0.0:41238, 907b9765-214b-4864-b66a-d6e2a5789e5c:0.0.0.0:41650, bf55b3f9-6b09-4365-9d71-55289e083fa5:0.0.0.0:42441], old=null
2019-10-16 18:00:32,239 [grpc-default-executor-0] INFO  impl.RaftServerImpl (RaftServerImpl.java:setRole(184)) - f4c54511-b161-4347-aec5-5236dc80a0d8@group-EFD1D20A002C: changes role from  FOLLOWER to FOLLOWER at term 42 for recognizeCandidate:bf55b3f9-6b09-4365-9d71-55289e083fa5
2019-10-16 18:00:32,239 [grpc-default-executor-0] INFO  impl.RoleInfo (RoleInfo.java:shutdownFollowerState(121)) - f4c54511-b161-4347-aec5-5236dc80a0d8: shutdown FollowerState
2019-10-16 18:00:32,240 [grpc-default-executor-0] INFO  impl.RoleInfo (RoleInfo.java:updateAndGet(143)) - f4c54511-b161-4347-aec5-5236dc80a0d8: start FollowerState
2019-10-16 18:00:32,240 [Thread-287] INFO  impl.FollowerState (FollowerState.java:run(117)) - f4c54511-b161-4347-aec5-5236dc80a0d8@group-EFD1D20A002C-FollowerState was interrupted: java.lang.InterruptedException: sleep interrupted
2019-10-16 18:00:32,240 [grpc-default-executor-3] INFO  impl.RaftServerImpl (RaftServerImpl.java:setRole(184)) - 907b9765-214b-4864-b66a-d6e2a5789e5c@group-EFD1D20A002C: changes role from  FOLLOWER to FOLLOWER at term 42 for recognizeCandidate:bf55b3f9-6b09-4365-9d71-55289e083fa5
2019-10-16 18:00:32,240 [grpc-default-executor-3] INFO  impl.RoleInfo (RoleInfo.java:shutdownFollowerState(121)) - 907b9765-214b-4864-b66a-d6e2a5789e5c: shutdown FollowerState
2019-10-16 18:00:32,240 [grpc-default-executor-3] INFO  impl.RoleInfo (RoleInfo.java:updateAndGet(143)) - 907b9765-214b-4864-b66a-d6e2a5789e5c: start FollowerState
2019-10-16 18:00:32,240 [Thread-288] INFO  impl.FollowerState (FollowerState.java:run(117)) - 907b9765-214b-4864-b66a-d6e2a5789e5c@group-EFD1D20A002C-FollowerState was interrupted: java.lang.InterruptedException: sleep interrupted
2019-10-16 18:00:32,272 [bf55b3f9-6b09-4365-9d71-55289e083fa5@group-EFD1D20A002C-LeaderElection39] INFO  impl.LeaderElection (LeaderElection.java:logAndReturn(56)) - bf55b3f9-6b09-4365-9d71-55289e083fa5@group-EFD1D20A002C-LeaderElection39: Election REJECTED; received 2 response(s) [bf55b3f9-6b09-4365-9d71-55289e083fa5<-f4c54511-b161-4347-aec5-5236dc80a0d8#0:FAIL-t42, bf55b3f9-6b09-4365-9d71-55289e083fa5<-907b9765-214b-4864-b66a-d6e2a5789e5c#0:FAIL-t42] and 0 exception(s); bf55b3f9-6b09-4365-9d71-55289e083fa5@group-EFD1D20A002C:t42, leader=null, voted=bf55b3f9-6b09-4365-9d71-55289e083fa5, raftlog=bf55b3f9-6b09-4365-9d71-55289e083fa5@group-EFD1D20A002C-SegmentedRaftLog:OPENED:c-1,f-1,i0, conf=-1: [f4c54511-b161-4347-aec5-5236dc80a0d8:0.0.0.0:41238, 907b9765-214b-4864-b66a-d6e2a5789e5c:0.0.0.0:41650, bf55b3f9-6b09-4365-9d71-55289e083fa5:0.0.0.0:42441], old=null
2019-10-16 18:00:32,273 [bf55b3f9-6b09-4365-9d71-55289e083fa5@group-EFD1D20A002C-LeaderElection39] INFO  impl.RaftServerImpl (RaftServerImpl.java:setRole(184)) - bf55b3f9-6b09-4365-9d71-55289e083fa5@group-EFD1D20A002C: changes role from CANDIDATE to FOLLOWER at term 42 for DISCOVERED_A_NEW_TERM
2019-10-16 18:00:32,273 [bf55b3f9-6b09-4365-9d71-55289e083fa5@group-EFD1D20A002C-LeaderElection39] INFO  impl.RoleInfo (RoleInfo.java:shutdownLeaderElection(134)) - bf55b3f9-6b09-4365-9d71-55289e083fa5: shutdown LeaderElection
2019-10-16 18:00:32,273 [bf55b3f9-6b09-4365-9d71-55289e083fa5@group-EFD1D20A002C-LeaderElection39] INFO  impl.RoleInfo (RoleInfo.java:updateAndGet(143)) - bf55b3f9-6b09-4365-9d71-55289e083fa5: start FollowerState
2019-10-16 18:00:32,409 [Thread-295] INFO  impl.FollowerState (FollowerState.java:run(108)) - bf55b3f9-6b09-4365-9d71-55289e083fa5@group-EFD1D20A002C-FollowerState: change to CANDIDATE, lastRpcTime:135ms, electionTimeout:135ms
2019-10-16 18:00:32,409 [Thread-295] INFO  impl.RoleInfo (RoleInfo.java:shutdownFollowerState(121)) - bf55b3f9-6b09-4365-9d71-55289e083fa5: shutdown FollowerState
2019-10-16 18:00:32,409 [Thread-295] INFO  impl.RaftServerImpl (RaftServerImpl.java:setRole(184)) - bf55b3f9-6b09-4365-9d71-55289e083fa5@group-EFD1D20A002C: changes role from  FOLLOWER to CANDIDATE at term 42 for changeToCandidate
2019-10-16 18:00:32,409 [Thread-295] INFO  impl.RoleInfo (RoleInfo.java:updateAndGet(143)) - bf55b3f9-6b09-4365-9d71-55289e083fa5: start LeaderElection
2019-10-16 18:00:32,445 [bf55b3f9-6b09-4365-9d71-55289e083fa5@group-EFD1D20A002C-LeaderElection40] INFO  impl.LeaderElection (LeaderElection.java:askForVotes(178)) - bf55b3f9-6b09-4365-9d71-55289e083fa5@group-EFD1D20A002C-LeaderElection40: begin an election at term 43 for -1: [f4c54511-b161-4347-aec5-5236dc80a0d8:0.0.0.0:41238, 907b9765-214b-4864-b66a-d6e2a5789e5c:0.0.0.0:41650, bf55b3f9-6b09-4365-9d71-55289e083fa5:0.0.0.0:42441], old=null
2019-10-16 18:00:32,449 [grpc-default-executor-0] INFO  impl.RaftServerImpl (RaftServerImpl.java:setRole(184)) - 907b9765-214b-4864-b66a-d6e2a5789e5c@group-EFD1D20A002C: changes role from  FOLLOWER to FOLLOWER at term 43 for recognizeCandidate:bf55b3f9-6b09-4365-9d71-55289e083fa5
2019-10-16 18:00:32,449 [grpc-default-executor-3] INFO  impl.RaftServerImpl (RaftServerImpl.java:setRole(184)) - f4c54511-b161-4347-aec5-5236dc80a0d8@group-EFD1D20A002C: changes role from  FOLLOWER to FOLLOWER at term 43 for recognizeCandidate:bf55b3f9-6b09-4365-9d71-55289e083fa5
2019-10-16 18:00:32,449 [grpc-default-executor-0] INFO  impl.RoleInfo (RoleInfo.java:shutdownFollowerState(121)) - 907b9765-214b-4864-b66a-d6e2a5789e5c: shutdown FollowerState
2019-10-16 18:00:32,450 [grpc-default-executor-3] INFO  impl.RoleInfo (RoleInfo.java:shutdownFollowerState(121)) - f4c54511-b161-4347-aec5-5236dc80a0d8: shutdown FollowerState
2019-10-16 18:00:32,450 [grpc-default-executor-0] INFO  impl.RoleInfo (RoleInfo.java:updateAndGet(143)) - 907b9765-214b-4864-b66a-d6e2a5789e5c: start FollowerState
2019-10-16 18:00:32,450 [Thread-293] INFO  impl.FollowerState (FollowerState.java:run(117)) - f4c54511-b161-4347-aec5-5236dc80a0d8@group-EFD1D20A002C-FollowerState was interrupted: java.lang.InterruptedException: sleep interrupted
2019-10-16 18:00:32,450 [grpc-default-executor-3] INFO  impl.RoleInfo (RoleInfo.java:updateAndGet(143)) - f4c54511-b161-4347-aec5-5236dc80a0d8: start FollowerState
2019-10-16 18:00:32,450 [Thread-294] INFO  impl.FollowerState (FollowerState.java:run(117)) - 907b9765-214b-4864-b66a-d6e2a5789e5c@group-EFD1D20A002C-FollowerState was interrupted: java.lang.InterruptedException: sleep interrupted
2019-10-16 18:00:32,489 [bf55b3f9-6b09-4365-9d71-55289e083fa5@group-EFD1D20A002C-LeaderElection40] INFO  impl.LeaderElection (LeaderElection.java:logAndReturn(56)) - bf55b3f9-6b09-4365-9d71-55289e083fa5@group-EFD1D20A002C-LeaderElection40: Election REJECTED; received 2 response(s) [bf55b3f9-6b09-4365-9d71-55289e083fa5<-f4c54511-b161-4347-aec5-5236dc80a0d8#0:FAIL-t43, bf55b3f9-6b09-4365-9d71-55289e083fa5<-907b9765-214b-4864-b66a-d6e2a5789e5c#0:FAIL-t43] and 0 exception(s); bf55b3f9-6b09-4365-9d71-55289e083fa5@group-EFD1D20A002C:t43, leader=null, voted=bf55b3f9-6b09-4365-9d71-55289e083fa5, raftlog=bf55b3f9-6b09-4365-9d71-55289e083fa5@group-EFD1D20A002C-SegmentedRaftLog:OPENED:c-1,f-1,i0, conf=-1: [f4c54511-b161-4347-aec5-5236dc80a0d8:0.0.0.0:41238, 907b9765-214b-4864-b66a-d6e2a5789e5c:0.0.0.0:41650, bf55b3f9-6b09-4365-9d71-55289e083fa5:0.0.0.0:42441], old=null
2019-10-16 18:00:32,489 [bf55b3f9-6b09-4365-9d71-55289e083fa5@group-EFD1D20A002C-LeaderElection40] INFO  impl.RaftServerImpl (RaftServerImpl.java:setRole(184)) - bf55b3f9-6b09-4365-9d71-55289e083fa5@group-EFD1D20A002C: changes role from CANDIDATE to FOLLOWER at term 43 for DISCOVERED_A_NEW_TERM
2019-10-16 18:00:32,490 [bf55b3f9-6b09-4365-9d71-55289e083fa5@group-EFD1D20A002C-LeaderElection40] INFO  impl.RoleInfo (RoleInfo.java:shutdownLeaderElection(134)) - bf55b3f9-6b09-4365-9d71-55289e083fa5: shutdown LeaderElection
2019-10-16 18:00:32,490 [bf55b3f9-6b09-4365-9d71-55289e083fa5@group-EFD1D20A002C-LeaderElection40] INFO  impl.RoleInfo (RoleInfo.java:updateAndGet(143)) - bf55b3f9-6b09-4365-9d71-55289e083fa5: start FollowerState
2019-10-16 18:00:32,536 [Thread-301] INFO  impl.FollowerState (FollowerState.java:run(108)) - bf55b3f9-6b09-4365-9d71-55289e083fa5@group-EFD1D20A002C-FollowerState: change to CANDIDATE, lastRpcTime:46ms, electionTimeout:46ms
2019-10-16 18:00:32,537 [Thread-301] INFO  impl.RoleInfo (RoleInfo.java:shutdownFollowerState(121)) - bf55b3f9-6b09-4365-9d71-55289e083fa5: shutdown FollowerState
2019-10-16 18:00:32,537 [Thread-301] INFO  impl.RaftServerImpl (RaftServerImpl.java:setRole(184)) - bf55b3f9-6b09-4365-9d71-55289e083fa5@group-EFD1D20A002C: changes role from  FOLLOWER to CANDIDATE at term 43 for changeToCandidate
2019-10-16 18:00:32,537 [Thread-301] INFO  impl.RoleInfo (RoleInfo.java:updateAndGet(143)) - bf55b3f9-6b09-4365-9d71-55289e083fa5: start LeaderElection
2019-10-16 18:00:32,564 [bf55b3f9-6b09-4365-9d71-55289e083fa5@group-EFD1D20A002C-LeaderElection41] INFO  impl.LeaderElection (LeaderElection.java:askForVotes(178)) - bf55b3f9-6b09-4365-9d71-55289e083fa5@group-EFD1D20A002C-LeaderElection41: begin an election at term 44 for -1: [f4c54511-b161-4347-aec5-5236dc80a0d8:0.0.0.0:41238, 907b9765-214b-4864-b66a-d6e2a5789e5c:0.0.0.0:41650, bf55b3f9-6b09-4365-9d71-55289e083fa5:0.0.0.0:42441], old=null
2019-10-16 18:00:32,567 [grpc-default-executor-3] INFO  impl.RaftServerImpl (RaftServerImpl.java:setRole(184)) - 907b9765-214b-4864-b66a-d6e2a5789e5c@group-EFD1D20A002C: changes role from  FOLLOWER to FOLLOWER at term 44 for recognizeCandidate:bf55b3f9-6b09-4365-9d71-55289e083fa5
2019-10-16 18:00:32,567 [grpc-default-executor-3] INFO  impl.RoleInfo (RoleInfo.java:shutdownFollowerState(121)) - 907b9765-214b-4864-b66a-d6e2a5789e5c: shutdown FollowerState
2019-10-16 18:00:32,567 [grpc-default-executor-3] INFO  impl.RoleInfo (RoleInfo.java:updateAndGet(143)) - 907b9765-214b-4864-b66a-d6e2a5789e5c: start FollowerState
2019-10-16 18:00:32,567 [Thread-299] INFO  impl.FollowerState (FollowerState.java:run(117)) - 907b9765-214b-4864-b66a-d6e2a5789e5c@group-EFD1D20A002C-FollowerState was interrupted: java.lang.InterruptedException: sleep interrupted
2019-10-16 18:00:32,567 [grpc-default-executor-0] INFO  impl.RaftServerImpl (RaftServerImpl.java:setRole(184)) - f4c54511-b161-4347-aec5-5236dc80a0d8@group-EFD1D20A002C: changes role from  FOLLOWER to FOLLOWER at term 44 for recognizeCandidate:bf55b3f9-6b09-4365-9d71-55289e083fa5
2019-10-16 18:00:32,567 [grpc-default-executor-0] INFO  impl.RoleInfo (RoleInfo.java:shutdownFollowerState(121)) - f4c54511-b161-4347-aec5-5236dc80a0d8: shutdown FollowerState
2019-10-16 18:00:32,568 [grpc-default-executor-0] INFO  impl.RoleInfo (RoleInfo.java:updateAndGet(143)) - f4c54511-b161-4347-aec5-5236dc80a0d8: start FollowerState
2019-10-16 18:00:32,568 [Thread-300] INFO  impl.FollowerState (FollowerState.java:run(117)) - f4c54511-b161-4347-aec5-5236dc80a0d8@group-EFD1D20A002C-FollowerState was interrupted: java.lang.InterruptedException: sleep interrupted
2019-10-16 18:00:32,590 [bf55b3f9-6b09-4365-9d71-55289e083fa5@group-EFD1D20A002C-LeaderElection41] INFO  impl.LeaderElection (LeaderElection.java:logAndReturn(56)) - bf55b3f9-6b09-4365-9d71-55289e083fa5@group-EFD1D20A002C-LeaderElection41: Election REJECTED; received 2 response(s) [bf55b3f9-6b09-4365-9d71-55289e083fa5<-f4c54511-b161-4347-aec5-5236dc80a0d8#0:FAIL-t44, bf55b3f9-6b09-4365-9d71-55289e083fa5<-907b9765-214b-4864-b66a-d6e2a5789e5c#0:FAIL-t44] and 0 exception(s); bf55b3f9-6b09-4365-9d71-55289e083fa5@group-EFD1D20A002C:t44, leader=null, voted=bf55b3f9-6b09-4365-9d71-55289e083fa5, raftlog=bf55b3f9-6b09-4365-9d71-55289e083fa5@group-EFD1D20A002C-SegmentedRaftLog:OPENED:c-1,f-1,i0, conf=-1: [f4c54511-b161-4347-aec5-5236dc80a0d8:0.0.0.0:41238, 907b9765-214b-4864-b66a-d6e2a5789e5c:0.0.0.0:41650, bf55b3f9-6b09-4365-9d71-55289e083fa5:0.0.0.0:42441], old=null
2019-10-16 18:00:32,590 [bf55b3f9-6b09-4365-9d71-55289e083fa5@group-EFD1D20A002C-LeaderElection41] INFO  impl.RaftServerImpl (RaftServerImpl.java:setRole(184)) - bf55b3f9-6b09-4365-9d71-55289e083fa5@group-EFD1D20A002C: changes role from CANDIDATE to FOLLOWER at term 44 for DISCOVERED_A_NEW_TERM
2019-10-16 18:00:32,590 [bf55b3f9-6b09-4365-9d71-55289e083fa5@group-EFD1D20A002C-LeaderElection41] INFO  impl.RoleInfo (RoleInfo.java:shutdownLeaderElection(134)) - bf55b3f9-6b09-4365-9d71-55289e083fa5: shutdown LeaderElection
2019-10-16 18:00:32,591 [bf55b3f9-6b09-4365-9d71-55289e083fa5@group-EFD1D20A002C-LeaderElection41] INFO  impl.RoleInfo (RoleInfo.java:updateAndGet(143)) - bf55b3f9-6b09-4365-9d71-55289e083fa5: start FollowerState
2019-10-16 18:00:32,749 [Thread-309] INFO  impl.FollowerState (FollowerState.java:run(108)) - bf55b3f9-6b09-4365-9d71-55289e083fa5@group-EFD1D20A002C-FollowerState: change to CANDIDATE, lastRpcTime:158ms, electionTimeout:158ms
2019-10-16 18:00:32,749 [Thread-309] INFO  impl.RoleInfo (RoleInfo.java:shutdownFollowerState(121)) - bf55b3f9-6b09-4365-9d71-55289e083fa5: shutdown FollowerState
2019-10-16 18:00:32,749 [Thread-309] INFO  impl.RaftServerImpl (RaftServerImpl.java:setRole(184)) - bf55b3f9-6b09-4365-9d71-55289e083fa5@group-EFD1D20A002C: changes role from  FOLLOWER to CANDIDATE at term 44 for changeToCandidate
2019-10-16 18:00:32,750 [Thread-309] INFO  impl.RoleInfo (RoleInfo.java:updateAndGet(143)) - bf55b3f9-6b09-4365-9d71-55289e083fa5: start LeaderElection
2019-10-16 18:00:32,774 [bf55b3f9-6b09-4365-9d71-55289e083fa5@group-EFD1D20A002C-LeaderElection42] INFO  impl.LeaderElection (LeaderElection.java:askForVotes(178)) - bf55b3f9-6b09-4365-9d71-55289e083fa5@group-EFD1D20A002C-LeaderElection42: begin an election at term 45 for -1: [f4c54511-b161-4347-aec5-5236dc80a0d8:0.0.0.0:41238, 907b9765-214b-4864-b66a-d6e2a5789e5c:0.0.0.0:41650, bf55b3f9-6b09-4365-9d71-55289e083fa5:0.0.0.0:42441], old=null
2019-10-16 18:00:32,777 [grpc-default-executor-0] INFO  impl.RaftServerImpl (RaftServerImpl.java:setRole(184)) - f4c54511-b161-4347-aec5-5236dc80a0d8@group-EFD1D20A002C: changes role from  FOLLOWER to FOLLOWER at term 45 for recognizeCandidate:bf55b3f9-6b09-4365-9d71-55289e083fa5
2019-10-16 18:00:32,777 [grpc-default-executor-3] INFO  impl.RaftServerImpl (RaftServerImpl.java:setRole(184)) - 907b9765-214b-4864-b66a-d6e2a5789e5c@group-EFD1D20A002C: changes role from  FOLLOWER to FOLLOWER at term 45 for recognizeCandidate:bf55b3f9-6b09-4365-9d71-55289e083fa5
2019-10-16 18:00:32,777 [grpc-default-executor-0] INFO  impl.RoleInfo (RoleInfo.java:shutdownFollowerState(121)) - f4c54511-b161-4347-aec5-5236dc80a0d8: shutdown FollowerState
2019-10-16 18:00:32,777 [grpc-default-executor-3] INFO  impl.RoleInfo (RoleInfo.java:shutdownFollowerState(121)) - 907b9765-214b-4864-b66a-d6e2a5789e5c: shutdown FollowerState
2019-10-16 18:00:32,778 [grpc-default-executor-0] INFO  impl.RoleInfo (RoleInfo.java:updateAndGet(143)) - f4c54511-b161-4347-aec5-5236dc80a0d8: start FollowerState
2019-10-16 18:00:32,778 [Thread-307] INFO  impl.FollowerState (FollowerState.java:run(117)) - 907b9765-214b-4864-b66a-d6e2a5789e5c@group-EFD1D20A002C-FollowerState was interrupted: java.lang.InterruptedException: sleep interrupted
2019-10-16 18:00:32,778 [grpc-default-executor-3] INFO  impl.RoleInfo (RoleInfo.java:updateAndGet(143)) - 907b9765-214b-4864-b66a-d6e2a5789e5c: start FollowerState
2019-10-16 18:00:32,778 [Thread-308] INFO  impl.FollowerState (FollowerState.java:run(117)) - f4c54511-b161-4347-aec5-5236dc80a0d8@group-EFD1D20A002C-FollowerState was interrupted: java.lang.InterruptedException: sleep interrupted
2019-10-16 18:00:32,801 [bf55b3f9-6b09-4365-9d71-55289e083fa5@group-EFD1D20A002C-LeaderElection42] INFO  impl.LeaderElection (LeaderElection.java:logAndReturn(56)) - bf55b3f9-6b09-4365-9d71-55289e083fa5@group-EFD1D20A002C-LeaderElection42: Election REJECTED; received 2 response(s) [bf55b3f9-6b09-4365-9d71-55289e083fa5<-f4c54511-b161-4347-aec5-5236dc80a0d8#0:FAIL-t45, bf55b3f9-6b09-4365-9d71-55289e083fa5<-907b9765-214b-4864-b66a-d6e2a5789e5c#0:FAIL-t45] and 0 exception(s); bf55b3f9-6b09-4365-9d71-55289e083fa5@group-EFD1D20A002C:t45, leader=null, voted=bf55b3f9-6b09-4365-9d71-55289e083fa5, raftlog=bf55b3f9-6b09-4365-9d71-55289e083fa5@group-EFD1D20A002C-SegmentedRaftLog:OPENED:c-1,f-1,i0, conf=-1: [f4c54511-b161-4347-aec5-5236dc80a0d8:0.0.0.0:41238, 907b9765-214b-4864-b66a-d6e2a5789e5c:0.0.0.0:41650, bf55b3f9-6b09-4365-9d71-55289e083fa5:0.0.0.0:42441], old=null
2019-10-16 18:00:32,801 [bf55b3f9-6b09-4365-9d71-55289e083fa5@group-EFD1D20A002C-LeaderElection42] INFO  impl.RaftServerImpl (RaftServerImpl.java:setRole(184)) - bf55b3f9-6b09-4365-9d71-55289e083fa5@group-EFD1D20A002C: changes role from CANDIDATE to FOLLOWER at term 45 for DISCOVERED_A_NEW_TERM
2019-10-16 18:00:32,801 [bf55b3f9-6b09-4365-9d71-55289e083fa5@group-EFD1D20A002C-LeaderElection42] INFO  impl.RoleInfo (RoleInfo.java:shutdownLeaderElection(134)) - bf55b3f9-6b09-4365-9d71-55289e083fa5: shutdown LeaderElection
2019-10-16 18:00:32,801 [bf55b3f9-6b09-4365-9d71-55289e083fa5@group-EFD1D20A002C-LeaderElection42] INFO  impl.RoleInfo (RoleInfo.java:updateAndGet(143)) - bf55b3f9-6b09-4365-9d71-55289e083fa5: start FollowerState
2019-10-16 18:00:32,948 [Thread-315] INFO  impl.FollowerState (FollowerState.java:run(108)) - bf55b3f9-6b09-4365-9d71-55289e083fa5@group-EFD1D20A002C-FollowerState: change to CANDIDATE, lastRpcTime:146ms, electionTimeout:146ms
2019-10-16 18:00:32,948 [Thread-315] INFO  impl.RoleInfo (RoleInfo.java:shutdownFollowerState(121)) - bf55b3f9-6b09-4365-9d71-55289e083fa5: shutdown FollowerState
2019-10-16 18:00:32,948 [Thread-315] INFO  impl.RaftServerImpl (RaftServerImpl.java:setRole(184)) - bf55b3f9-6b09-4365-9d71-55289e083fa5@group-EFD1D20A002C: changes role from  FOLLOWER to CANDIDATE at term 45 for changeToCandidate
2019-10-16 18:00:32,948 [Thread-315] INFO  impl.RoleInfo (RoleInfo.java:updateAndGet(143)) - bf55b3f9-6b09-4365-9d71-55289e083fa5: start LeaderElection
2019-10-16 18:00:32,967 [bf55b3f9-6b09-4365-9d71-55289e083fa5@group-EFD1D20A002C-LeaderElection43] INFO  impl.LeaderElection (LeaderElection.java:askForVotes(178)) - bf55b3f9-6b09-4365-9d71-55289e083fa5@group-EFD1D20A002C-LeaderElection43: begin an election at term 46 for -1: [f4c54511-b161-4347-aec5-5236dc80a0d8:0.0.0.0:41238, 907b9765-214b-4864-b66a-d6e2a5789e5c:0.0.0.0:41650, bf55b3f9-6b09-4365-9d71-55289e083fa5:0.0.0.0:42441], old=null
2019-10-16 18:00:32,971 [grpc-default-executor-3] INFO  impl.RaftServerImpl (RaftServerImpl.java:setRole(184)) - f4c54511-b161-4347-aec5-5236dc80a0d8@group-EFD1D20A002C: changes role from  FOLLOWER to FOLLOWER at term 46 for recognizeCandidate:bf55b3f9-6b09-4365-9d71-55289e083fa5
2019-10-16 18:00:32,971 [grpc-default-executor-0] INFO  impl.RaftServerImpl (RaftServerImpl.java:setRole(184)) - 907b9765-214b-4864-b66a-d6e2a5789e5c@group-EFD1D20A002C: changes role from  FOLLOWER to FOLLOWER at term 46 for recognizeCandidate:bf55b3f9-6b09-4365-9d71-55289e083fa5
2019-10-16 18:00:32,971 [grpc-default-executor-3] INFO  impl.RoleInfo (RoleInfo.java:shutdownFollowerState(121)) - f4c54511-b161-4347-aec5-5236dc80a0d8: shutdown FollowerState
2019-10-16 18:00:32,971 [grpc-default-executor-0] INFO  impl.RoleInfo (RoleInfo.java:shutdownFollowerState(121)) - 907b9765-214b-4864-b66a-d6e2a5789e5c: shutdown FollowerState
2019-10-16 18:00:32,971 [Thread-313] INFO  impl.FollowerState (FollowerState.java:run(117)) - f4c54511-b161-4347-aec5-5236dc80a0d8@group-EFD1D20A002C-FollowerState was interrupted: java.lang.InterruptedException: sleep interrupted
2019-10-16 18:00:32,971 [grpc-default-executor-3] INFO  impl.RoleInfo (RoleInfo.java:updateAndGet(143)) - f4c54511-b161-4347-aec5-5236dc80a0d8: start FollowerState
2019-10-16 18:00:32,972 [Thread-314] INFO  impl.FollowerState (FollowerState.java:run(117)) - 907b9765-214b-4864-b66a-d6e2a5789e5c@group-EFD1D20A002C-FollowerState was interrupted: java.lang.InterruptedException: sleep interrupted
2019-10-16 18:00:32,972 [grpc-default-executor-0] INFO  impl.RoleInfo (RoleInfo.java:updateAndGet(143)) - 907b9765-214b-4864-b66a-d6e2a5789e5c: start FollowerState
2019-10-16 18:00:33,003 [bf55b3f9-6b09-4365-9d71-55289e083fa5@group-EFD1D20A002C-LeaderElection43] INFO  impl.LeaderElection (LeaderElection.java:logAndReturn(56)) - bf55b3f9-6b09-4365-9d71-55289e083fa5@group-EFD1D20A002C-LeaderElection43: Election REJECTED; received 2 response(s) [bf55b3f9-6b09-4365-9d71-55289e083fa5<-f4c54511-b161-4347-aec5-5236dc80a0d8#0:FAIL-t46, bf55b3f9-6b09-4365-9d71-55289e083fa5<-907b9765-214b-4864-b66a-d6e2a5789e5c#0:FAIL-t46] and 0 exception(s); bf55b3f9-6b09-4365-9d71-55289e083fa5@group-EFD1D20A002C:t46, leader=null, voted=bf55b3f9-6b09-4365-9d71-55289e083fa5, raftlog=bf55b3f9-6b09-4365-9d71-55289e083fa5@group-EFD1D20A002C-SegmentedRaftLog:OPENED:c-1,f-1,i0, conf=-1: [f4c54511-b161-4347-aec5-5236dc80a0d8:0.0.0.0:41238, 907b9765-214b-4864-b66a-d6e2a5789e5c:0.0.0.0:41650, bf55b3f9-6b09-4365-9d71-55289e083fa5:0.0.0.0:42441], old=null
2019-10-16 18:00:33,003 [bf55b3f9-6b09-4365-9d71-55289e083fa5@group-EFD1D20A002C-LeaderElection43] INFO  impl.RaftServerImpl (RaftServerImpl.java:setRole(184)) - bf55b3f9-6b09-4365-9d71-55289e083fa5@group-EFD1D20A002C: changes role from CANDIDATE to FOLLOWER at term 46 for DISCOVERED_A_NEW_TERM
2019-10-16 18:00:33,003 [bf55b3f9-6b09-4365-9d71-55289e083fa5@group-EFD1D20A002C-LeaderElection43] INFO  impl.RoleInfo (RoleInfo.java:shutdownLeaderElection(134)) - bf55b3f9-6b09-4365-9d71-55289e083fa5: shutdown LeaderElection
2019-10-16 18:00:33,003 [bf55b3f9-6b09-4365-9d71-55289e083fa5@group-EFD1D20A002C-LeaderElection43] INFO  impl.RoleInfo (RoleInfo.java:updateAndGet(143)) - bf55b3f9-6b09-4365-9d71-55289e083fa5: start FollowerState
2019-10-16 18:00:33,121 [Thread-321] INFO  impl.FollowerState (FollowerState.java:run(108)) - bf55b3f9-6b09-4365-9d71-55289e083fa5@group-EFD1D20A002C-FollowerState: change to CANDIDATE, lastRpcTime:117ms, electionTimeout:117ms
2019-10-16 18:00:33,121 [Thread-321] INFO  impl.RoleInfo (RoleInfo.java:shutdownFollowerState(121)) - bf55b3f9-6b09-4365-9d71-55289e083fa5: shutdown FollowerState
2019-10-16 18:00:33,121 [Thread-321] INFO  impl.RaftServerImpl (RaftServerImpl.java:setRole(184)) - bf55b3f9-6b09-4365-9d71-55289e083fa5@group-EFD1D20A002C: changes role from  FOLLOWER to CANDIDATE at term 46 for changeToCandidate
2019-10-16 18:00:33,122 [Thread-321] INFO  impl.RoleInfo (RoleInfo.java:updateAndGet(143)) - bf55b3f9-6b09-4365-9d71-55289e083fa5: start LeaderElection
2019-10-16 18:00:33,152 [bf55b3f9-6b09-4365-9d71-55289e083fa5@group-EFD1D20A002C-LeaderElection44] INFO  impl.LeaderElection (LeaderElection.java:askForVotes(178)) - bf55b3f9-6b09-4365-9d71-55289e083fa5@group-EFD1D20A002C-LeaderElection44: begin an election at term 47 for -1: [f4c54511-b161-4347-aec5-5236dc80a0d8:0.0.0.0:41238, 907b9765-214b-4864-b66a-d6e2a5789e5c:0.0.0.0:41650, bf55b3f9-6b09-4365-9d71-55289e083fa5:0.0.0.0:42441], old=null
2019-10-16 18:00:33,155 [grpc-default-executor-3] INFO  impl.RaftServerImpl (RaftServerImpl.java:setRole(184)) - 907b9765-214b-4864-b66a-d6e2a5789e5c@group-EFD1D20A002C: changes role from  FOLLOWER to FOLLOWER at term 47 for recognizeCandidate:bf55b3f9-6b09-4365-9d71-55289e083fa5
2019-10-16 18:00:33,155 [grpc-default-executor-3] INFO  impl.RoleInfo (RoleInfo.java:shutdownFollowerState(121)) - 907b9765-214b-4864-b66a-d6e2a5789e5c: shutdown FollowerState
2019-10-16 18:00:33,155 [grpc-default-executor-0] INFO  impl.RaftServerImpl (RaftServerImpl.java:setRole(184)) - f4c54511-b161-4347-aec5-5236dc80a0d8@group-EFD1D20A002C: changes role from  FOLLOWER to FOLLOWER at term 47 for recognizeCandidate:bf55b3f9-6b09-4365-9d71-55289e083fa5
2019-10-16 18:00:33,156 [Thread-320] INFO  impl.FollowerState (FollowerState.java:run(117)) - 907b9765-214b-4864-b66a-d6e2a5789e5c@group-EFD1D20A002C-FollowerState was interrupted: java.lang.InterruptedException: sleep interrupted
2019-10-16 18:00:33,156 [grpc-default-executor-3] INFO  impl.RoleInfo (RoleInfo.java:updateAndGet(143)) - 907b9765-214b-4864-b66a-d6e2a5789e5c: start FollowerState
2019-10-16 18:00:33,156 [grpc-default-executor-0] INFO  impl.RoleInfo (RoleInfo.java:shutdownFollowerState(121)) - f4c54511-b161-4347-aec5-5236dc80a0d8: shutdown FollowerState
2019-10-16 18:00:33,156 [grpc-default-executor-0] INFO  impl.RoleInfo (RoleInfo.java:updateAndGet(143)) - f4c54511-b161-4347-aec5-5236dc80a0d8: start FollowerState
2019-10-16 18:00:33,156 [Thread-319] INFO  impl.FollowerState (FollowerState.java:run(117)) - f4c54511-b161-4347-aec5-5236dc80a0d8@group-EFD1D20A002C-FollowerState was interrupted: java.lang.InterruptedException: sleep interrupted
2019-10-16 18:00:33,188 [bf55b3f9-6b09-4365-9d71-55289e083fa5@group-EFD1D20A002C-LeaderElection44] INFO  impl.LeaderElection (LeaderElection.java:logAndReturn(56)) - bf55b3f9-6b09-4365-9d71-55289e083fa5@group-EFD1D20A002C-LeaderElection44: Election REJECTED; received 2 response(s) [bf55b3f9-6b09-4365-9d71-55289e083fa5<-f4c54511-b161-4347-aec5-5236dc80a0d8#0:FAIL-t47, bf55b3f9-6b09-4365-9d71-55289e083fa5<-907b9765-214b-4864-b66a-d6e2a5789e5c#0:FAIL-t47] and 0 exception(s); bf55b3f9-6b09-4365-9d71-55289e083fa5@group-EFD1D20A002C:t47, leader=null, voted=bf55b3f9-6b09-4365-9d71-55289e083fa5, raftlog=bf55b3f9-6b09-4365-9d71-55289e083fa5@group-EFD1D20A002C-SegmentedRaftLog:OPENED:c-1,f-1,i0, conf=-1: [f4c54511-b161-4347-aec5-5236dc80a0d8:0.0.0.0:41238, 907b9765-214b-4864-b66a-d6e2a5789e5c:0.0.0.0:41650, bf55b3f9-6b09-4365-9d71-55289e083fa5:0.0.0.0:42441], old=null
2019-10-16 18:00:33,188 [bf55b3f9-6b09-4365-9d71-55289e083fa5@group-EFD1D20A002C-LeaderElection44] INFO  impl.RaftServerImpl (RaftServerImpl.java:setRole(184)) - bf55b3f9-6b09-4365-9d71-55289e083fa5@group-EFD1D20A002C: changes role from CANDIDATE to FOLLOWER at term 47 for DISCOVERED_A_NEW_TERM
2019-10-16 18:00:33,189 [bf55b3f9-6b09-4365-9d71-55289e083fa5@group-EFD1D20A002C-LeaderElection44] INFO  impl.RoleInfo (RoleInfo.java:shutdownLeaderElection(134)) - bf55b3f9-6b09-4365-9d71-55289e083fa5: shutdown LeaderElection
2019-10-16 18:00:33,189 [bf55b3f9-6b09-4365-9d71-55289e083fa5@group-EFD1D20A002C-LeaderElection44] INFO  impl.RoleInfo (RoleInfo.java:updateAndGet(143)) - bf55b3f9-6b09-4365-9d71-55289e083fa5: start FollowerState
2019-10-16 18:00:33,321 [Thread-327] INFO  impl.FollowerState (FollowerState.java:run(108)) - bf55b3f9-6b09-4365-9d71-55289e083fa5@group-EFD1D20A002C-FollowerState: change to CANDIDATE, lastRpcTime:132ms, electionTimeout:132ms
2019-10-16 18:00:33,321 [Thread-327] INFO  impl.RoleInfo (RoleInfo.java:shutdownFollowerState(121)) - bf55b3f9-6b09-4365-9d71-55289e083fa5: shutdown FollowerState
2019-10-16 18:00:33,322 [Thread-327] INFO  impl.RaftServerImpl (RaftServerImpl.java:setRole(184)) - bf55b3f9-6b09-4365-9d71-55289e083fa5@group-EFD1D20A002C: changes role from  FOLLOWER to CANDIDATE at term 47 for changeToCandidate
2019-10-16 18:00:33,322 [Thread-327] INFO  impl.RoleInfo (RoleInfo.java:updateAndGet(143)) - bf55b3f9-6b09-4365-9d71-55289e083fa5: start LeaderElection
2019-10-16 18:00:33,355 [bf55b3f9-6b09-4365-9d71-55289e083fa5@group-EFD1D20A002C-LeaderElection45] INFO  impl.LeaderElection (LeaderElection.java:askForVotes(178)) - bf55b3f9-6b09-4365-9d71-55289e083fa5@group-EFD1D20A002C-LeaderElection45: begin an election at term 48 for -1: [f4c54511-b161-4347-aec5-5236dc80a0d8:0.0.0.0:41238, 907b9765-214b-4864-b66a-d6e2a5789e5c:0.0.0.0:41650, bf55b3f9-6b09-4365-9d71-55289e083fa5:0.0.0.0:42441], old=null
2019-10-16 18:00:33,359 [grpc-default-executor-0] INFO  impl.RaftServerImpl (RaftServerImpl.java:setRole(184)) - f4c54511-b161-4347-aec5-5236dc80a0d8@group-EFD1D20A002C: changes role from  FOLLOWER to FOLLOWER at term 48 for recognizeCandidate:bf55b3f9-6b09-4365-9d71-55289e083fa5
2019-10-16 18:00:33,359 [grpc-default-executor-3] INFO  impl.RaftServerImpl (RaftServerImpl.java:setRole(184)) - 907b9765-214b-4864-b66a-d6e2a5789e5c@group-EFD1D20A002C: changes role from  FOLLOWER to FOLLOWER at term 48 for recognizeCandidate:bf55b3f9-6b09-4365-9d71-55289e083fa5
2019-10-16 18:00:33,359 [grpc-default-executor-0] INFO  impl.RoleInfo (RoleInfo.java:shutdownFollowerState(121)) - f4c54511-b161-4347-aec5-5236dc80a0d8: shutdown FollowerState
2019-10-16 18:00:33,359 [grpc-default-executor-3] INFO  impl.RoleInfo (RoleInfo.java:shutdownFollowerState(121)) - 907b9765-214b-4864-b66a-d6e2a5789e5c: shutdown FollowerState
2019-10-16 18:00:33,359 [Thread-326] INFO  impl.FollowerState (FollowerState.java:run(117)) - f4c54511-b161-4347-aec5-5236dc80a0d8@group-EFD1D20A002C-FollowerState was interrupted: java.lang.InterruptedException: sleep interrupted
2019-10-16 18:00:33,359 [grpc-default-executor-0] INFO  impl.RoleInfo (RoleInfo.java:updateAndGet(143)) - f4c54511-b161-4347-aec5-5236dc80a0d8: start FollowerState
2019-10-16 18:00:33,359 [Thread-325] INFO  impl.FollowerState (FollowerState.java:run(117)) - 907b9765-214b-4864-b66a-d6e2a5789e5c@group-EFD1D20A002C-FollowerState was interrupted: java.lang.InterruptedException: sleep interrupted
2019-10-16 18:00:33,359 [grpc-default-executor-3] INFO  impl.RoleInfo (RoleInfo.java:updateAndGet(143)) - 907b9765-214b-4864-b66a-d6e2a5789e5c: start FollowerState
2019-10-16 18:00:33,383 [bf55b3f9-6b09-4365-9d71-55289e083fa5@group-EFD1D20A002C-LeaderElection45] INFO  impl.LeaderElection (LeaderElection.java:logAndReturn(56)) - bf55b3f9-6b09-4365-9d71-55289e083fa5@group-EFD1D20A002C-LeaderElection45: Election REJECTED; received 2 response(s) [bf55b3f9-6b09-4365-9d71-55289e083fa5<-f4c54511-b161-4347-aec5-5236dc80a0d8#0:FAIL-t48, bf55b3f9-6b09-4365-9d71-55289e083fa5<-907b9765-214b-4864-b66a-d6e2a5789e5c#0:FAIL-t48] and 0 exception(s); bf55b3f9-6b09-4365-9d71-55289e083fa5@group-EFD1D20A002C:t48, leader=null, voted=bf55b3f9-6b09-4365-9d71-55289e083fa5, raftlog=bf55b3f9-6b09-4365-9d71-55289e083fa5@group-EFD1D20A002C-SegmentedRaftLog:OPENED:c-1,f-1,i0, conf=-1: [f4c54511-b161-4347-aec5-5236dc80a0d8:0.0.0.0:41238, 907b9765-214b-4864-b66a-d6e2a5789e5c:0.0.0.0:41650, bf55b3f9-6b09-4365-9d71-55289e083fa5:0.0.0.0:42441], old=null
2019-10-16 18:00:33,383 [bf55b3f9-6b09-4365-9d71-55289e083fa5@group-EFD1D20A002C-LeaderElection45] INFO  impl.RaftServerImpl (RaftServerImpl.java:setRole(184)) - bf55b3f9-6b09-4365-9d71-55289e083fa5@group-EFD1D20A002C: changes role from CANDIDATE to FOLLOWER at term 48 for DISCOVERED_A_NEW_TERM
2019-10-16 18:00:33,383 [bf55b3f9-6b09-4365-9d71-55289e083fa5@group-EFD1D20A002C-LeaderElection45] INFO  impl.RoleInfo (RoleInfo.java:shutdownLeaderElection(134)) - bf55b3f9-6b09-4365-9d71-55289e083fa5: shutdown LeaderElection
2019-10-16 18:00:33,383 [bf55b3f9-6b09-4365-9d71-55289e083fa5@group-EFD1D20A002C-LeaderElection45] INFO  impl.RoleInfo (RoleInfo.java:updateAndGet(143)) - bf55b3f9-6b09-4365-9d71-55289e083fa5: start FollowerState
2019-10-16 18:00:33,533 [Thread-333] INFO  impl.FollowerState (FollowerState.java:run(108)) - bf55b3f9-6b09-4365-9d71-55289e083fa5@group-EFD1D20A002C-FollowerState: change to CANDIDATE, lastRpcTime:149ms, electionTimeout:149ms
2019-10-16 18:00:33,533 [Thread-333] INFO  impl.RoleInfo (RoleInfo.java:shutdownFollowerState(121)) - bf55b3f9-6b09-4365-9d71-55289e083fa5: shutdown FollowerState
2019-10-16 18:00:33,533 [Thread-333] INFO  impl.RaftServerImpl (RaftServerImpl.java:setRole(184)) - bf55b3f9-6b09-4365-9d71-55289e083fa5@group-EFD1D20A002C: changes role from  FOLLOWER to CANDIDATE at term 48 for changeToCandidate
2019-10-16 18:00:33,534 [Thread-333] INFO  impl.RoleInfo (RoleInfo.java:updateAndGet(143)) - bf55b3f9-6b09-4365-9d71-55289e083fa5: start LeaderElection
2019-10-16 18:00:33,566 [bf55b3f9-6b09-4365-9d71-55289e083fa5@group-EFD1D20A002C-LeaderElection46] INFO  impl.LeaderElection (LeaderElection.java:askForVotes(178)) - bf55b3f9-6b09-4365-9d71-55289e083fa5@group-EFD1D20A002C-LeaderElection46: begin an election at term 49 for -1: [f4c54511-b161-4347-aec5-5236dc80a0d8:0.0.0.0:41238, 907b9765-214b-4864-b66a-d6e2a5789e5c:0.0.0.0:41650, bf55b3f9-6b09-4365-9d71-55289e083fa5:0.0.0.0:42441], old=null
2019-10-16 18:00:33,569 [grpc-default-executor-3] INFO  impl.RaftServerImpl (RaftServerImpl.java:setRole(184)) - f4c54511-b161-4347-aec5-5236dc80a0d8@group-EFD1D20A002C: changes role from  FOLLOWER to FOLLOWER at term 49 for recognizeCandidate:bf55b3f9-6b09-4365-9d71-55289e083fa5
2019-10-16 18:00:33,569 [grpc-default-executor-0] INFO  impl.RaftServerImpl (RaftServerImpl.java:setRole(184)) - 907b9765-214b-4864-b66a-d6e2a5789e5c@group-EFD1D20A002C: changes role from  FOLLOWER to FOLLOWER at term 49 for recognizeCandidate:bf55b3f9-6b09-4365-9d71-55289e083fa5
2019-10-16 18:00:33,569 [grpc-default-executor-3] INFO  impl.RoleInfo (RoleInfo.java:shutdownFollowerState(121)) - f4c54511-b161-4347-aec5-5236dc80a0d8: shutdown FollowerState
2019-10-16 18:00:33,569 [grpc-default-executor-0] INFO  impl.RoleInfo (RoleInfo.java:shutdownFollowerState(121)) - 907b9765-214b-4864-b66a-d6e2a5789e5c: shutdown FollowerState
2019-10-16 18:00:33,569 [grpc-default-executor-3] INFO  impl.RoleInfo (RoleInfo.java:updateAndGet(143)) - f4c54511-b161-4347-aec5-5236dc80a0d8: start FollowerState
2019-10-16 18:00:33,569 [Thread-331] INFO  impl.FollowerState (FollowerState.java:run(117)) - f4c54511-b161-4347-aec5-5236dc80a0d8@group-EFD1D20A002C-FollowerState was interrupted: java.lang.InterruptedException: sleep interrupted
2019-10-16 18:00:33,569 [grpc-default-executor-0] INFO  impl.RoleInfo (RoleInfo.java:updateAndGet(143)) - 907b9765-214b-4864-b66a-d6e2a5789e5c: start FollowerState
2019-10-16 18:00:33,569 [Thread-332] INFO  impl.FollowerState (FollowerState.java:run(117)) - 907b9765-214b-4864-b66a-d6e2a5789e5c@group-EFD1D20A002C-FollowerState was interrupted: java.lang.InterruptedException: sleep interrupted
2019-10-16 18:00:33,601 [bf55b3f9-6b09-4365-9d71-55289e083fa5@group-EFD1D20A002C-LeaderElection46] INFO  impl.LeaderElection (LeaderElection.java:logAndReturn(56)) - bf55b3f9-6b09-4365-9d71-55289e083fa5@group-EFD1D20A002C-LeaderElection46: Election REJECTED; received 2 response(s) [bf55b3f9-6b09-4365-9d71-55289e083fa5<-f4c54511-b161-4347-aec5-5236dc80a0d8#0:FAIL-t49, bf55b3f9-6b09-4365-9d71-55289e083fa5<-907b9765-214b-4864-b66a-d6e2a5789e5c#0:FAIL-t49] and 0 exception(s); bf55b3f9-6b09-4365-9d71-55289e083fa5@group-EFD1D20A002C:t49, leader=null, voted=bf55b3f9-6b09-4365-9d71-55289e083fa5, raftlog=bf55b3f9-6b09-4365-9d71-55289e083fa5@group-EFD1D20A002C-SegmentedRaftLog:OPENED:c-1,f-1,i0, conf=-1: [f4c54511-b161-4347-aec5-5236dc80a0d8:0.0.0.0:41238, 907b9765-214b-4864-b66a-d6e2a5789e5c:0.0.0.0:41650, bf55b3f9-6b09-4365-9d71-55289e083fa5:0.0.0.0:42441], old=null
2019-10-16 18:00:33,601 [bf55b3f9-6b09-4365-9d71-55289e083fa5@group-EFD1D20A002C-LeaderElection46] INFO  impl.RaftServerImpl (RaftServerImpl.java:setRole(184)) - bf55b3f9-6b09-4365-9d71-55289e083fa5@group-EFD1D20A002C: changes role from CANDIDATE to FOLLOWER at term 49 for DISCOVERED_A_NEW_TERM
2019-10-16 18:00:33,601 [bf55b3f9-6b09-4365-9d71-55289e083fa5@group-EFD1D20A002C-LeaderElection46] INFO  impl.RoleInfo (RoleInfo.java:shutdownLeaderElection(134)) - bf55b3f9-6b09-4365-9d71-55289e083fa5: shutdown LeaderElection
2019-10-16 18:00:33,602 [bf55b3f9-6b09-4365-9d71-55289e083fa5@group-EFD1D20A002C-LeaderElection46] INFO  impl.RoleInfo (RoleInfo.java:updateAndGet(143)) - bf55b3f9-6b09-4365-9d71-55289e083fa5: start FollowerState
2019-10-16 18:00:33,619 [Thread-341] INFO  impl.FollowerState (FollowerState.java:run(108)) - bf55b3f9-6b09-4365-9d71-55289e083fa5@group-EFD1D20A002C-FollowerState: change to CANDIDATE, lastRpcTime:17ms, electionTimeout:17ms
2019-10-16 18:00:33,620 [Thread-341] INFO  impl.RoleInfo (RoleInfo.java:shutdownFollowerState(121)) - bf55b3f9-6b09-4365-9d71-55289e083fa5: shutdown FollowerState
2019-10-16 18:00:33,620 [Thread-341] INFO  impl.RaftServerImpl (RaftServerImpl.java:setRole(184)) - bf55b3f9-6b09-4365-9d71-55289e083fa5@group-EFD1D20A002C: changes role from  FOLLOWER to CANDIDATE at term 49 for changeToCandidate
2019-10-16 18:00:33,620 [Thread-341] INFO  impl.RoleInfo (RoleInfo.java:updateAndGet(143)) - bf55b3f9-6b09-4365-9d71-55289e083fa5: start LeaderElection
2019-10-16 18:00:33,650 [bf55b3f9-6b09-4365-9d71-55289e083fa5@group-EFD1D20A002C-LeaderElection47] INFO  impl.LeaderElection (LeaderElection.java:askForVotes(178)) - bf55b3f9-6b09-4365-9d71-55289e083fa5@group-EFD1D20A002C-LeaderElection47: begin an election at term 50 for -1: [f4c54511-b161-4347-aec5-5236dc80a0d8:0.0.0.0:41238, 907b9765-214b-4864-b66a-d6e2a5789e5c:0.0.0.0:41650, bf55b3f9-6b09-4365-9d71-55289e083fa5:0.0.0.0:42441], old=null
2019-10-16 18:00:33,654 [grpc-default-executor-0] INFO  impl.RaftServerImpl (RaftServerImpl.java:setRole(184)) - f4c54511-b161-4347-aec5-5236dc80a0d8@group-EFD1D20A002C: changes role from  FOLLOWER to FOLLOWER at term 50 for recognizeCandidate:bf55b3f9-6b09-4365-9d71-55289e083fa5
2019-10-16 18:00:33,654 [grpc-default-executor-3] INFO  impl.RaftServerImpl (RaftServerImpl.java:setRole(184)) - 907b9765-214b-4864-b66a-d6e2a5789e5c@group-EFD1D20A002C: changes role from  FOLLOWER to FOLLOWER at term 50 for recognizeCandidate:bf55b3f9-6b09-4365-9d71-55289e083fa5
2019-10-16 18:00:33,654 [grpc-default-executor-0] INFO  impl.RoleInfo (RoleInfo.java:shutdownFollowerState(121)) - f4c54511-b161-4347-aec5-5236dc80a0d8: shutdown FollowerState
2019-10-16 18:00:33,654 [grpc-default-executor-3] INFO  impl.RoleInfo (RoleInfo.java:shutdownFollowerState(121)) - 907b9765-214b-4864-b66a-d6e2a5789e5c: shutdown FollowerState
2019-10-16 18:00:33,654 [Thread-339] INFO  impl.FollowerState (FollowerState.java:run(117)) - f4c54511-b161-4347-aec5-5236dc80a0d8@group-EFD1D20A002C-FollowerState was interrupted: java.lang.InterruptedException: sleep interrupted
2019-10-16 18:00:33,654 [grpc-default-executor-0] INFO  impl.RoleInfo (RoleInfo.java:updateAndGet(143)) - f4c54511-b161-4347-aec5-5236dc80a0d8: start FollowerState
2019-10-16 18:00:33,654 [Thread-340] INFO  impl.FollowerState (FollowerState.java:run(117)) - 907b9765-214b-4864-b66a-d6e2a5789e5c@group-EFD1D20A002C-FollowerState was interrupted: java.lang.InterruptedException: sleep interrupted
2019-10-16 18:00:33,654 [grpc-default-executor-3] INFO  impl.RoleInfo (RoleInfo.java:updateAndGet(143)) - 907b9765-214b-4864-b66a-d6e2a5789e5c: start FollowerState
2019-10-16 18:00:33,685 [bf55b3f9-6b09-4365-9d71-55289e083fa5@group-EFD1D20A002C-LeaderElection47] INFO  impl.LeaderElection (LeaderElection.java:logAndReturn(56)) - bf55b3f9-6b09-4365-9d71-55289e083fa5@group-EFD1D20A002C-LeaderElection47: Election REJECTED; received 2 response(s) [bf55b3f9-6b09-4365-9d71-55289e083fa5<-f4c54511-b161-4347-aec5-5236dc80a0d8#0:FAIL-t50, bf55b3f9-6b09-4365-9d71-55289e083fa5<-907b9765-214b-4864-b66a-d6e2a5789e5c#0:FAIL-t50] and 0 exception(s); bf55b3f9-6b09-4365-9d71-55289e083fa5@group-EFD1D20A002C:t50, leader=null, voted=bf55b3f9-6b09-4365-9d71-55289e083fa5, raftlog=bf55b3f9-6b09-4365-9d71-55289e083fa5@group-EFD1D20A002C-SegmentedRaftLog:OPENED:c-1,f-1,i0, conf=-1: [f4c54511-b161-4347-aec5-5236dc80a0d8:0.0.0.0:41238, 907b9765-214b-4864-b66a-d6e2a5789e5c:0.0.0.0:41650, bf55b3f9-6b09-4365-9d71-55289e083fa5:0.0.0.0:42441], old=null
2019-10-16 18:00:33,686 [bf55b3f9-6b09-4365-9d71-55289e083fa5@group-EFD1D20A002C-LeaderElection47] INFO  impl.RaftServerImpl (RaftServerImpl.java:setRole(184)) - bf55b3f9-6b09-4365-9d71-55289e083fa5@group-EFD1D20A002C: changes role from CANDIDATE to FOLLOWER at term 50 for DISCOVERED_A_NEW_TERM
2019-10-16 18:00:33,686 [bf55b3f9-6b09-4365-9d71-55289e083fa5@group-EFD1D20A002C-LeaderElection47] INFO  impl.RoleInfo (RoleInfo.java:shutdownLeaderElection(134)) - bf55b3f9-6b09-4365-9d71-55289e083fa5: shutdown LeaderElection
2019-10-16 18:00:33,686 [bf55b3f9-6b09-4365-9d71-55289e083fa5@group-EFD1D20A002C-LeaderElection47] INFO  impl.RoleInfo (RoleInfo.java:updateAndGet(143)) - bf55b3f9-6b09-4365-9d71-55289e083fa5: start FollowerState
2019-10-16 18:00:33,819 [Thread-347] INFO  impl.FollowerState (FollowerState.java:run(108)) - bf55b3f9-6b09-4365-9d71-55289e083fa5@group-EFD1D20A002C-FollowerState: change to CANDIDATE, lastRpcTime:133ms, electionTimeout:133ms
2019-10-16 18:00:33,820 [Thread-347] INFO  impl.RoleInfo (RoleInfo.java:shutdownFollowerState(121)) - bf55b3f9-6b09-4365-9d71-55289e083fa5: shutdown FollowerState
2019-10-16 18:00:33,820 [Thread-347] INFO  impl.RaftServerImpl (RaftServerImpl.java:setRole(184)) - bf55b3f9-6b09-4365-9d71-55289e083fa5@group-EFD1D20A002C: changes role from  FOLLOWER to CANDIDATE at term 50 for changeToCandidate
2019-10-16 18:00:33,820 [Thread-347] INFO  impl.RoleInfo (RoleInfo.java:updateAndGet(143)) - bf55b3f9-6b09-4365-9d71-55289e083fa5: start LeaderElection
2019-10-16 18:00:33,844 [bf55b3f9-6b09-4365-9d71-55289e083fa5@group-EFD1D20A002C-LeaderElection48] INFO  impl.LeaderElection (LeaderElection.java:askForVotes(178)) - bf55b3f9-6b09-4365-9d71-55289e083fa5@group-EFD1D20A002C-LeaderElection48: begin an election at term 51 for -1: [f4c54511-b161-4347-aec5-5236dc80a0d8:0.0.0.0:41238, 907b9765-214b-4864-b66a-d6e2a5789e5c:0.0.0.0:41650, bf55b3f9-6b09-4365-9d71-55289e083fa5:0.0.0.0:42441], old=null
2019-10-16 18:00:33,848 [grpc-default-executor-3] INFO  impl.RaftServerImpl (RaftServerImpl.java:setRole(184)) - 907b9765-214b-4864-b66a-d6e2a5789e5c@group-EFD1D20A002C: changes role from  FOLLOWER to FOLLOWER at term 51 for recognizeCandidate:bf55b3f9-6b09-4365-9d71-55289e083fa5
2019-10-16 18:00:33,848 [grpc-default-executor-0] INFO  impl.RaftServerImpl (RaftServerImpl.java:setRole(184)) - f4c54511-b161-4347-aec5-5236dc80a0d8@group-EFD1D20A002C: changes role from  FOLLOWER to FOLLOWER at term 51 for recognizeCandidate:bf55b3f9-6b09-4365-9d71-55289e083fa5
2019-10-16 18:00:33,848 [grpc-default-executor-3] INFO  impl.RoleInfo (RoleInfo.java:shutdownFollowerState(121)) - 907b9765-214b-4864-b66a-d6e2a5789e5c: shutdown FollowerState
2019-10-16 18:00:33,848 [grpc-default-executor-0] INFO  impl.RoleInfo (RoleInfo.java:shutdownFollowerState(121)) - f4c54511-b161-4347-aec5-5236dc80a0d8: shutdown FollowerState
2019-10-16 18:00:33,849 [Thread-346] INFO  impl.FollowerState (FollowerState.java:run(117)) - 907b9765-214b-4864-b66a-d6e2a5789e5c@group-EFD1D20A002C-FollowerState was interrupted: java.lang.InterruptedException: sleep interrupted
2019-10-16 18:00:33,849 [grpc-default-executor-3] INFO  impl.RoleInfo (RoleInfo.java:updateAndGet(143)) - 907b9765-214b-4864-b66a-d6e2a5789e5c: start FollowerState
2019-10-16 18:00:33,849 [grpc-default-executor-0] INFO  impl.RoleInfo (RoleInfo.java:updateAndGet(143)) - f4c54511-b161-4347-aec5-5236dc80a0d8: start FollowerState
2019-10-16 18:00:33,849 [Thread-345] INFO  impl.FollowerState (FollowerState.java:run(117)) - f4c54511-b161-4347-aec5-5236dc80a0d8@group-EFD1D20A002C-FollowerState was interrupted: java.lang.InterruptedException: sleep interrupted
2019-10-16 18:00:33,888 [bf55b3f9-6b09-4365-9d71-55289e083fa5@group-EFD1D20A002C-LeaderElection48] INFO  impl.LeaderElection (LeaderElection.java:logAndReturn(56)) - bf55b3f9-6b09-4365-9d71-55289e083fa5@group-EFD1D20A002C-LeaderElection48: Election REJECTED; received 2 response(s) [bf55b3f9-6b09-4365-9d71-55289e083fa5<-f4c54511-b161-4347-aec5-5236dc80a0d8#0:FAIL-t51, bf55b3f9-6b09-4365-9d71-55289e083fa5<-907b9765-214b-4864-b66a-d6e2a5789e5c#0:FAIL-t51] and 0 exception(s); bf55b3f9-6b09-4365-9d71-55289e083fa5@group-EFD1D20A002C:t51, leader=null, voted=bf55b3f9-6b09-4365-9d71-55289e083fa5, raftlog=bf55b3f9-6b09-4365-9d71-55289e083fa5@group-EFD1D20A002C-SegmentedRaftLog:OPENED:c-1,f-1,i0, conf=-1: [f4c54511-b161-4347-aec5-5236dc80a0d8:0.0.0.0:41238, 907b9765-214b-4864-b66a-d6e2a5789e5c:0.0.0.0:41650, bf55b3f9-6b09-4365-9d71-55289e083fa5:0.0.0.0:42441], old=null
2019-10-16 18:00:33,888 [bf55b3f9-6b09-4365-9d71-55289e083fa5@group-EFD1D20A002C-LeaderElection48] INFO  impl.RaftServerImpl (RaftServerImpl.java:setRole(184)) - bf55b3f9-6b09-4365-9d71-55289e083fa5@group-EFD1D20A002C: changes role from CANDIDATE to FOLLOWER at term 51 for DISCOVERED_A_NEW_TERM
2019-10-16 18:00:33,888 [bf55b3f9-6b09-4365-9d71-55289e083fa5@group-EFD1D20A002C-LeaderElection48] INFO  impl.RoleInfo (RoleInfo.java:shutdownLeaderElection(134)) - bf55b3f9-6b09-4365-9d71-55289e083fa5: shutdown LeaderElection
2019-10-16 18:00:33,888 [bf55b3f9-6b09-4365-9d71-55289e083fa5@group-EFD1D20A002C-LeaderElection48] INFO  impl.RoleInfo (RoleInfo.java:updateAndGet(143)) - bf55b3f9-6b09-4365-9d71-55289e083fa5: start FollowerState
2019-10-16 18:00:34,053 [Thread-353] INFO  impl.FollowerState (FollowerState.java:run(108)) - bf55b3f9-6b09-4365-9d71-55289e083fa5@group-EFD1D20A002C-FollowerState: change to CANDIDATE, lastRpcTime:164ms, electionTimeout:164ms
2019-10-16 18:00:34,053 [Thread-353] INFO  impl.RoleInfo (RoleInfo.java:shutdownFollowerState(121)) - bf55b3f9-6b09-4365-9d71-55289e083fa5: shutdown FollowerState
2019-10-16 18:00:34,054 [Thread-353] INFO  impl.RaftServerImpl (RaftServerImpl.java:setRole(184)) - bf55b3f9-6b09-4365-9d71-55289e083fa5@group-EFD1D20A002C: changes role from  FOLLOWER to CANDIDATE at term 51 for changeToCandidate
2019-10-16 18:00:34,054 [Thread-353] INFO  impl.RoleInfo (RoleInfo.java:updateAndGet(143)) - bf55b3f9-6b09-4365-9d71-55289e083fa5: start LeaderElection
2019-10-16 18:00:34,080 [bf55b3f9-6b09-4365-9d71-55289e083fa5@group-EFD1D20A002C-LeaderElection49] INFO  impl.LeaderElection (LeaderElection.java:askForVotes(178)) - bf55b3f9-6b09-4365-9d71-55289e083fa5@group-EFD1D20A002C-LeaderElection49: begin an election at term 52 for -1: [f4c54511-b161-4347-aec5-5236dc80a0d8:0.0.0.0:41238, 907b9765-214b-4864-b66a-d6e2a5789e5c:0.0.0.0:41650, bf55b3f9-6b09-4365-9d71-55289e083fa5:0.0.0.0:42441], old=null
2019-10-16 18:00:34,083 [grpc-default-executor-3] INFO  impl.RaftServerImpl (RaftServerImpl.java:setRole(184)) - 907b9765-214b-4864-b66a-d6e2a5789e5c@group-EFD1D20A002C: changes role from  FOLLOWER to FOLLOWER at term 52 for recognizeCandidate:bf55b3f9-6b09-4365-9d71-55289e083fa5
2019-10-16 18:00:34,083 [grpc-default-executor-0] INFO  impl.RaftServerImpl (RaftServerImpl.java:setRole(184)) - f4c54511-b161-4347-aec5-5236dc80a0d8@group-EFD1D20A002C: changes role from  FOLLOWER to FOLLOWER at term 52 for recognizeCandidate:bf55b3f9-6b09-4365-9d71-55289e083fa5
2019-10-16 18:00:34,083 [grpc-default-executor-3] INFO  impl.RoleInfo (RoleInfo.java:shutdownFollowerState(121)) - 907b9765-214b-4864-b66a-d6e2a5789e5c: shutdown FollowerState
2019-10-16 18:00:34,084 [grpc-default-executor-0] INFO  impl.RoleInfo (RoleInfo.java:shutdownFollowerState(121)) - f4c54511-b161-4347-aec5-5236dc80a0d8: shutdown FollowerState
2019-10-16 18:00:34,084 [Thread-351] INFO  impl.FollowerState (FollowerState.java:run(117)) - 907b9765-214b-4864-b66a-d6e2a5789e5c@group-EFD1D20A002C-FollowerState was interrupted: java.lang.InterruptedException: sleep interrupted
2019-10-16 18:00:34,084 [grpc-default-executor-3] INFO  impl.RoleInfo (RoleInfo.java:updateAndGet(143)) - 907b9765-214b-4864-b66a-d6e2a5789e5c: start FollowerState
2019-10-16 18:00:34,084 [Thread-352] INFO  impl.FollowerState (FollowerState.java:run(117)) - f4c54511-b161-4347-aec5-5236dc80a0d8@group-EFD1D20A002C-FollowerState was interrupted: java.lang.InterruptedException: sleep interrupted
2019-10-16 18:00:34,084 [grpc-default-executor-0] INFO  impl.RoleInfo (RoleInfo.java:updateAndGet(143)) - f4c54511-b161-4347-aec5-5236dc80a0d8: start FollowerState
2019-10-16 18:00:34,116 [bf55b3f9-6b09-4365-9d71-55289e083fa5@group-EFD1D20A002C-LeaderElection49] INFO  impl.LeaderElection (LeaderElection.java:logAndReturn(56)) - bf55b3f9-6b09-4365-9d71-55289e083fa5@group-EFD1D20A002C-LeaderElection49: Election REJECTED; received 2 response(s) [bf55b3f9-6b09-4365-9d71-55289e083fa5<-f4c54511-b161-4347-aec5-5236dc80a0d8#0:FAIL-t52, bf55b3f9-6b09-4365-9d71-55289e083fa5<-907b9765-214b-4864-b66a-d6e2a5789e5c#0:FAIL-t52] and 0 exception(s); bf55b3f9-6b09-4365-9d71-55289e083fa5@group-EFD1D20A002C:t52, leader=null, voted=bf55b3f9-6b09-4365-9d71-55289e083fa5, raftlog=bf55b3f9-6b09-4365-9d71-55289e083fa5@group-EFD1D20A002C-SegmentedRaftLog:OPENED:c-1,f-1,i0, conf=-1: [f4c54511-b161-4347-aec5-5236dc80a0d8:0.0.0.0:41238, 907b9765-214b-4864-b66a-d6e2a5789e5c:0.0.0.0:41650, bf55b3f9-6b09-4365-9d71-55289e083fa5:0.0.0.0:42441], old=null
2019-10-16 18:00:34,116 [bf55b3f9-6b09-4365-9d71-55289e083fa5@group-EFD1D20A002C-LeaderElection49] INFO  impl.RaftServerImpl (RaftServerImpl.java:setRole(184)) - bf55b3f9-6b09-4365-9d71-55289e083fa5@group-EFD1D20A002C: changes role from CANDIDATE to FOLLOWER at term 52 for DISCOVERED_A_NEW_TERM
2019-10-16 18:00:34,116 [bf55b3f9-6b09-4365-9d71-55289e083fa5@group-EFD1D20A002C-LeaderElection49] INFO  impl.RoleInfo (RoleInfo.java:shutdownLeaderElection(134)) - bf55b3f9-6b09-4365-9d71-55289e083fa5: shutdown LeaderElection
2019-10-16 18:00:34,116 [bf55b3f9-6b09-4365-9d71-55289e083fa5@group-EFD1D20A002C-LeaderElection49] INFO  impl.RoleInfo (RoleInfo.java:updateAndGet(143)) - bf55b3f9-6b09-4365-9d71-55289e083fa5: start FollowerState
2019-10-16 18:00:34,197 [Thread-359] INFO  impl.FollowerState (FollowerState.java:run(108)) - bf55b3f9-6b09-4365-9d71-55289e083fa5@group-EFD1D20A002C-FollowerState: change to CANDIDATE, lastRpcTime:80ms, electionTimeout:80ms
2019-10-16 18:00:34,197 [Thread-359] INFO  impl.RoleInfo (RoleInfo.java:shutdownFollowerState(121)) - bf55b3f9-6b09-4365-9d71-55289e083fa5: shutdown FollowerState
2019-10-16 18:00:34,197 [Thread-359] INFO  impl.RaftServerImpl (RaftServerImpl.java:setRole(184)) - bf55b3f9-6b09-4365-9d71-55289e083fa5@group-EFD1D20A002C: changes role from  FOLLOWER to CANDIDATE at term 52 for changeToCandidate
2019-10-16 18:00:34,197 [Thread-359] INFO  impl.RoleInfo (RoleInfo.java:updateAndGet(143)) - bf55b3f9-6b09-4365-9d71-55289e083fa5: start LeaderElection
2019-10-16 18:00:34,215 [bf55b3f9-6b09-4365-9d71-55289e083fa5@group-EFD1D20A002C-LeaderElection50] INFO  impl.LeaderElection (LeaderElection.java:askForVotes(178)) - bf55b3f9-6b09-4365-9d71-55289e083fa5@group-EFD1D20A002C-LeaderElection50: begin an election at term 53 for -1: [f4c54511-b161-4347-aec5-5236dc80a0d8:0.0.0.0:41238, 907b9765-214b-4864-b66a-d6e2a5789e5c:0.0.0.0:41650, bf55b3f9-6b09-4365-9d71-55289e083fa5:0.0.0.0:42441], old=null
2019-10-16 18:00:34,217 [bf55b3f9-6b09-4365-9d71-55289e083fa5@group-EFD1D20A002C-LeaderElection50] INFO  impl.LeaderElection (LeaderElection.java:logAndReturn(56)) - bf55b3f9-6b09-4365-9d71-55289e083fa5@group-EFD1D20A002C-LeaderElection50: Election TIMEOUT; received 0 response(s) [] and 0 exception(s); bf55b3f9-6b09-4365-9d71-55289e083fa5@group-EFD1D20A002C:t53, leader=null, voted=bf55b3f9-6b09-4365-9d71-55289e083fa5, raftlog=bf55b3f9-6b09-4365-9d71-55289e083fa5@group-EFD1D20A002C-SegmentedRaftLog:OPENED:c-1,f-1,i0, conf=-1: [f4c54511-b161-4347-aec5-5236dc80a0d8:0.0.0.0:41238, 907b9765-214b-4864-b66a-d6e2a5789e5c:0.0.0.0:41650, bf55b3f9-6b09-4365-9d71-55289e083fa5:0.0.0.0:42441], old=null
2019-10-16 18:00:34,219 [grpc-default-executor-0] INFO  impl.RaftServerImpl (RaftServerImpl.java:setRole(184)) - 907b9765-214b-4864-b66a-d6e2a5789e5c@group-EFD1D20A002C: changes role from  FOLLOWER to FOLLOWER at term 53 for recognizeCandidate:bf55b3f9-6b09-4365-9d71-55289e083fa5
2019-10-16 18:00:34,219 [grpc-default-executor-3] INFO  impl.RaftServerImpl (RaftServerImpl.java:setRole(184)) - f4c54511-b161-4347-aec5-5236dc80a0d8@group-EFD1D20A002C: changes role from  FOLLOWER to FOLLOWER at term 53 for recognizeCandidate:bf55b3f9-6b09-4365-9d71-55289e083fa5
2019-10-16 18:00:34,219 [grpc-default-executor-0] INFO  impl.RoleInfo (RoleInfo.java:shutdownFollowerState(121)) - 907b9765-214b-4864-b66a-d6e2a5789e5c: shutdown FollowerState
2019-10-16 18:00:34,219 [grpc-default-executor-3] INFO  impl.RoleInfo (RoleInfo.java:shutdownFollowerState(121)) - f4c54511-b161-4347-aec5-5236dc80a0d8: shutdown FollowerState
2019-10-16 18:00:34,219 [Thread-357] INFO  impl.FollowerState (FollowerState.java:run(117)) - 907b9765-214b-4864-b66a-d6e2a5789e5c@group-EFD1D20A002C-FollowerState was interrupted: java.lang.InterruptedException: sleep interrupted
2019-10-16 18:00:34,219 [grpc-default-executor-0] INFO  impl.RoleInfo (RoleInfo.java:updateAndGet(143)) - 907b9765-214b-4864-b66a-d6e2a5789e5c: start FollowerState
2019-10-16 18:00:34,219 [Thread-358] INFO  impl.FollowerState (FollowerState.java:run(117)) - f4c54511-b161-4347-aec5-5236dc80a0d8@group-EFD1D20A002C-FollowerState was interrupted: java.lang.InterruptedException: sleep interrupted
2019-10-16 18:00:34,219 [grpc-default-executor-3] INFO  impl.RoleInfo (RoleInfo.java:updateAndGet(143)) - f4c54511-b161-4347-aec5-5236dc80a0d8: start FollowerState
2019-10-16 18:00:34,240 [bf55b3f9-6b09-4365-9d71-55289e083fa5@group-EFD1D20A002C-LeaderElection50] INFO  impl.LeaderElection (LeaderElection.java:askForVotes(178)) - bf55b3f9-6b09-4365-9d71-55289e083fa5@group-EFD1D20A002C-LeaderElection50: begin an election at term 54 for -1: [f4c54511-b161-4347-aec5-5236dc80a0d8:0.0.0.0:41238, 907b9765-214b-4864-b66a-d6e2a5789e5c:0.0.0.0:41650, bf55b3f9-6b09-4365-9d71-55289e083fa5:0.0.0.0:42441], old=null
2019-10-16 18:00:34,243 [grpc-default-executor-0] INFO  impl.RaftServerImpl (RaftServerImpl.java:setRole(184)) - f4c54511-b161-4347-aec5-5236dc80a0d8@group-EFD1D20A002C: changes role from  FOLLOWER to FOLLOWER at term 54 for recognizeCandidate:bf55b3f9-6b09-4365-9d71-55289e083fa5
2019-10-16 18:00:34,243 [grpc-default-executor-3] INFO  impl.RaftServerImpl (RaftServerImpl.java:setRole(184)) - 907b9765-214b-4864-b66a-d6e2a5789e5c@group-EFD1D20A002C: changes role from  FOLLOWER to FOLLOWER at term 54 for recognizeCandidate:bf55b3f9-6b09-4365-9d71-55289e083fa5
2019-10-16 18:00:34,243 [grpc-default-executor-0] INFO  impl.RoleInfo (RoleInfo.java:shutdownFollowerState(121)) - f4c54511-b161-4347-aec5-5236dc80a0d8: shutdown FollowerState
2019-10-16 18:00:34,243 [grpc-default-executor-3] INFO  impl.RoleInfo (RoleInfo.java:shutdownFollowerState(121)) - 907b9765-214b-4864-b66a-d6e2a5789e5c: shutdown FollowerState
2019-10-16 18:00:34,244 [grpc-default-executor-0] INFO  impl.RoleInfo (RoleInfo.java:updateAndGet(143)) - f4c54511-b161-4347-aec5-5236dc80a0d8: start FollowerState
2019-10-16 18:00:34,244 [Thread-364] INFO  impl.FollowerState (FollowerState.java:run(117)) - f4c54511-b161-4347-aec5-5236dc80a0d8@group-EFD1D20A002C-FollowerState was interrupted: java.lang.InterruptedException: sleep interrupted
2019-10-16 18:00:34,244 [Thread-363] INFO  impl.FollowerState (FollowerState.java:run(117)) - 907b9765-214b-4864-b66a-d6e2a5789e5c@group-EFD1D20A002C-FollowerState was interrupted: java.lang.InterruptedException: sleep interrupted
2019-10-16 18:00:34,244 [grpc-default-executor-3] INFO  impl.RoleInfo (RoleInfo.java:updateAndGet(143)) - 907b9765-214b-4864-b66a-d6e2a5789e5c: start FollowerState
2019-10-16 18:00:34,267 [bf55b3f9-6b09-4365-9d71-55289e083fa5@group-EFD1D20A002C-LeaderElection50] INFO  impl.LeaderElection (LeaderElection.java:logAndReturn(56)) - bf55b3f9-6b09-4365-9d71-55289e083fa5@group-EFD1D20A002C-LeaderElection50: Election REJECTED; received 2 response(s) [bf55b3f9-6b09-4365-9d71-55289e083fa5<-f4c54511-b161-4347-aec5-5236dc80a0d8#0:FAIL-t54, bf55b3f9-6b09-4365-9d71-55289e083fa5<-907b9765-214b-4864-b66a-d6e2a5789e5c#0:FAIL-t54] and 0 exception(s); bf55b3f9-6b09-4365-9d71-55289e083fa5@group-EFD1D20A002C:t54, leader=null, voted=bf55b3f9-6b09-4365-9d71-55289e083fa5, raftlog=bf55b3f9-6b09-4365-9d71-55289e083fa5@group-EFD1D20A002C-SegmentedRaftLog:OPENED:c-1,f-1,i0, conf=-1: [f4c54511-b161-4347-aec5-5236dc80a0d8:0.0.0.0:41238, 907b9765-214b-4864-b66a-d6e2a5789e5c:0.0.0.0:41650, bf55b3f9-6b09-4365-9d71-55289e083fa5:0.0.0.0:42441], old=null
2019-10-16 18:00:34,267 [bf55b3f9-6b09-4365-9d71-55289e083fa5@group-EFD1D20A002C-LeaderElection50] INFO  impl.RaftServerImpl (RaftServerImpl.java:setRole(184)) - bf55b3f9-6b09-4365-9d71-55289e083fa5@group-EFD1D20A002C: changes role from CANDIDATE to FOLLOWER at term 54 for DISCOVERED_A_NEW_TERM
2019-10-16 18:00:34,267 [bf55b3f9-6b09-4365-9d71-55289e083fa5@group-EFD1D20A002C-LeaderElection50] INFO  impl.RoleInfo (RoleInfo.java:shutdownLeaderElection(134)) - bf55b3f9-6b09-4365-9d71-55289e083fa5: shutdown LeaderElection
2019-10-16 18:00:34,267 [bf55b3f9-6b09-4365-9d71-55289e083fa5@group-EFD1D20A002C-LeaderElection50] INFO  impl.RoleInfo (RoleInfo.java:updateAndGet(143)) - bf55b3f9-6b09-4365-9d71-55289e083fa5: start FollowerState
2019-10-16 18:00:34,356 [Thread-369] INFO  impl.FollowerState (FollowerState.java:run(108)) - bf55b3f9-6b09-4365-9d71-55289e083fa5@group-EFD1D20A002C-FollowerState: change to CANDIDATE, lastRpcTime:88ms, electionTimeout:88ms
2019-10-16 18:00:34,357 [Thread-369] INFO  impl.RoleInfo (RoleInfo.java:shutdownFollowerState(121)) - bf55b3f9-6b09-4365-9d71-55289e083fa5: shutdown FollowerState
2019-10-16 18:00:34,358 [Thread-369] INFO  impl.RaftServerImpl (RaftServerImpl.java:setRole(184)) - bf55b3f9-6b09-4365-9d71-55289e083fa5@group-EFD1D20A002C: changes role from  FOLLOWER to CANDIDATE at term 54 for changeToCandidate
2019-10-16 18:00:34,358 [Thread-369] INFO  impl.RoleInfo (RoleInfo.java:updateAndGet(143)) - bf55b3f9-6b09-4365-9d71-55289e083fa5: start LeaderElection
2019-10-16 18:00:34,384 [bf55b3f9-6b09-4365-9d71-55289e083fa5@group-EFD1D20A002C-LeaderElection51] INFO  impl.LeaderElection (LeaderElection.java:askForVotes(178)) - bf55b3f9-6b09-4365-9d71-55289e083fa5@group-EFD1D20A002C-LeaderElection51: begin an election at term 55 for -1: [f4c54511-b161-4347-aec5-5236dc80a0d8:0.0.0.0:41238, 907b9765-214b-4864-b66a-d6e2a5789e5c:0.0.0.0:41650, bf55b3f9-6b09-4365-9d71-55289e083fa5:0.0.0.0:42441], old=null
2019-10-16 18:00:34,390 [grpc-default-executor-3] INFO  impl.RaftServerImpl (RaftServerImpl.java:setRole(184)) - 907b9765-214b-4864-b66a-d6e2a5789e5c@group-EFD1D20A002C: changes role from  FOLLOWER to FOLLOWER at term 55 for recognizeCandidate:bf55b3f9-6b09-4365-9d71-55289e083fa5
2019-10-16 18:00:34,391 [grpc-default-executor-3] INFO  impl.RoleInfo (RoleInfo.java:shutdownFollowerState(121)) - 907b9765-214b-4864-b66a-d6e2a5789e5c: shutdown FollowerState
2019-10-16 18:00:34,390 [grpc-default-executor-0] INFO  impl.RaftServerImpl (RaftServerImpl.java:setRole(184)) - f4c54511-b161-4347-aec5-5236dc80a0d8@group-EFD1D20A002C: changes role from  FOLLOWER to FOLLOWER at term 55 for recognizeCandidate:bf55b3f9-6b09-4365-9d71-55289e083fa5
2019-10-16 18:00:34,391 [Thread-368] INFO  impl.FollowerState (FollowerState.java:run(117)) - 907b9765-214b-4864-b66a-d6e2a5789e5c@group-EFD1D20A002C-FollowerState was interrupted: java.lang.InterruptedException: sleep interrupted
2019-10-16 18:00:34,391 [grpc-default-executor-3] INFO  impl.RoleInfo (RoleInfo.java:updateAndGet(143)) - 907b9765-214b-4864-b66a-d6e2a5789e5c: start FollowerState
2019-10-16 18:00:34,391 [grpc-default-executor-0] INFO  impl.RoleInfo (RoleInfo.java:shutdownFollowerState(121)) - f4c54511-b161-4347-aec5-5236dc80a0d8: shutdown FollowerState
2019-10-16 18:00:34,392 [grpc-default-executor-0] INFO  impl.RoleInfo (RoleInfo.java:updateAndGet(143)) - f4c54511-b161-4347-aec5-5236dc80a0d8: start FollowerState
2019-10-16 18:00:34,392 [Thread-367] INFO  impl.FollowerState (FollowerState.java:run(117)) - f4c54511-b161-4347-aec5-5236dc80a0d8@group-EFD1D20A002C-FollowerState was interrupted: java.lang.InterruptedException: sleep interrupted
2019-10-16 18:00:34,412 [bf55b3f9-6b09-4365-9d71-55289e083fa5@group-EFD1D20A002C-LeaderElection51] INFO  impl.LeaderElection (LeaderElection.java:logAndReturn(56)) - bf55b3f9-6b09-4365-9d71-55289e083fa5@group-EFD1D20A002C-LeaderElection51: Election TIMEOUT; received 0 response(s) [] and 0 exception(s); bf55b3f9-6b09-4365-9d71-55289e083fa5@group-EFD1D20A002C:t55, leader=null, voted=bf55b3f9-6b09-4365-9d71-55289e083fa5, raftlog=bf55b3f9-6b09-4365-9d71-55289e083fa5@group-EFD1D20A002C-SegmentedRaftLog:OPENED:c-1,f-1,i0, conf=-1: [f4c54511-b161-4347-aec5-5236dc80a0d8:0.0.0.0:41238, 907b9765-214b-4864-b66a-d6e2a5789e5c:0.0.0.0:41650, bf55b3f9-6b09-4365-9d71-55289e083fa5:0.0.0.0:42441], old=null
2019-10-16 18:00:34,435 [bf55b3f9-6b09-4365-9d71-55289e083fa5@group-EFD1D20A002C-LeaderElection51] INFO  impl.LeaderElection (LeaderElection.java:askForVotes(178)) - bf55b3f9-6b09-4365-9d71-55289e083fa5@group-EFD1D20A002C-LeaderElection51: begin an election at term 56 for -1: [f4c54511-b161-4347-aec5-5236dc80a0d8:0.0.0.0:41238, 907b9765-214b-4864-b66a-d6e2a5789e5c:0.0.0.0:41650, bf55b3f9-6b09-4365-9d71-55289e083fa5:0.0.0.0:42441], old=null
2019-10-16 18:00:34,437 [grpc-default-executor-0] INFO  impl.RaftServerImpl (RaftServerImpl.java:setRole(184)) - 907b9765-214b-4864-b66a-d6e2a5789e5c@group-EFD1D20A002C: changes role from  FOLLOWER to FOLLOWER at term 56 for recognizeCandidate:bf55b3f9-6b09-4365-9d71-55289e083fa5
2019-10-16 18:00:34,437 [grpc-default-executor-3] INFO  impl.RaftServerImpl (RaftServerImpl.java:setRole(184)) - f4c54511-b161-4347-aec5-5236dc80a0d8@group-EFD1D20A002C: changes role from  FOLLOWER to FOLLOWER at term 56 for recognizeCandidate:bf55b3f9-6b09-4365-9d71-55289e083fa5
2019-10-16 18:00:34,438 [grpc-default-executor-0] INFO  impl.RoleInfo (RoleInfo.java:shutdownFollowerState(121)) - 907b9765-214b-4864-b66a-d6e2a5789e5c: shutdown FollowerState
2019-10-16 18:00:34,438 [grpc-default-executor-3] INFO  impl.RoleInfo (RoleInfo.java:shutdownFollowerState(121)) - f4c54511-b161-4347-aec5-5236dc80a0d8: shutdown FollowerState
2019-10-16 18:00:34,438 [Thread-373] INFO  impl.FollowerState (FollowerState.java:run(117)) - 907b9765-214b-4864-b66a-d6e2a5789e5c@group-EFD1D20A002C-FollowerState was interrupted: java.lang.InterruptedException: sleep interrupted
2019-10-16 18:00:34,438 [grpc-default-executor-0] INFO  impl.RoleInfo (RoleInfo.java:updateAndGet(143)) - 907b9765-214b-4864-b66a-d6e2a5789e5c: start FollowerState
2019-10-16 18:00:34,438 [Thread-374] INFO  impl.FollowerState (FollowerState.java:run(117)) - f4c54511-b161-4347-aec5-5236dc80a0d8@group-EFD1D20A002C-FollowerState was interrupted: java.lang.InterruptedException: sleep interrupted
2019-10-16 18:00:34,438 [grpc-default-executor-3] INFO  impl.RoleInfo (RoleInfo.java:updateAndGet(143)) - f4c54511-b161-4347-aec5-5236dc80a0d8: start FollowerState
2019-10-16 18:00:34,461 [bf55b3f9-6b09-4365-9d71-55289e083fa5@group-EFD1D20A002C-LeaderElection51] INFO  impl.LeaderElection (LeaderElection.java:logAndReturn(56)) - bf55b3f9-6b09-4365-9d71-55289e083fa5@group-EFD1D20A002C-LeaderElection51: Election REJECTED; received 2 response(s) [bf55b3f9-6b09-4365-9d71-55289e083fa5<-f4c54511-b161-4347-aec5-5236dc80a0d8#0:FAIL-t56, bf55b3f9-6b09-4365-9d71-55289e083fa5<-907b9765-214b-4864-b66a-d6e2a5789e5c#0:FAIL-t56] and 0 exception(s); bf55b3f9-6b09-4365-9d71-55289e083fa5@group-EFD1D20A002C:t56, leader=null, voted=bf55b3f9-6b09-4365-9d71-55289e083fa5, raftlog=bf55b3f9-6b09-4365-9d71-55289e083fa5@group-EFD1D20A002C-SegmentedRaftLog:OPENED:c-1,f-1,i0, conf=-1: [f4c54511-b161-4347-aec5-5236dc80a0d8:0.0.0.0:41238, 907b9765-214b-4864-b66a-d6e2a5789e5c:0.0.0.0:41650, bf55b3f9-6b09-4365-9d71-55289e083fa5:0.0.0.0:42441], old=null
2019-10-16 18:00:34,461 [bf55b3f9-6b09-4365-9d71-55289e083fa5@group-EFD1D20A002C-LeaderElection51] INFO  impl.RaftServerImpl (RaftServerImpl.java:setRole(184)) - bf55b3f9-6b09-4365-9d71-55289e083fa5@group-EFD1D20A002C: changes role from CANDIDATE to FOLLOWER at term 56 for DISCOVERED_A_NEW_TERM
2019-10-16 18:00:34,461 [bf55b3f9-6b09-4365-9d71-55289e083fa5@group-EFD1D20A002C-LeaderElection51] INFO  impl.RoleInfo (RoleInfo.java:shutdownLeaderElection(134)) - bf55b3f9-6b09-4365-9d71-55289e083fa5: shutdown LeaderElection
2019-10-16 18:00:34,462 [bf55b3f9-6b09-4365-9d71-55289e083fa5@group-EFD1D20A002C-LeaderElection51] INFO  impl.RoleInfo (RoleInfo.java:updateAndGet(143)) - bf55b3f9-6b09-4365-9d71-55289e083fa5: start FollowerState
2019-10-16 18:00:34,496 [Thread-379] INFO  impl.FollowerState (FollowerState.java:run(108)) - bf55b3f9-6b09-4365-9d71-55289e083fa5@group-EFD1D20A002C-FollowerState: change to CANDIDATE, lastRpcTime:34ms, electionTimeout:34ms
2019-10-16 18:00:34,496 [Thread-379] INFO  impl.RoleInfo (RoleInfo.java:shutdownFollowerState(121)) - bf55b3f9-6b09-4365-9d71-55289e083fa5: shutdown FollowerState
2019-10-16 18:00:34,496 [Thread-379] INFO  impl.RaftServerImpl (RaftServerImpl.java:setRole(184)) - bf55b3f9-6b09-4365-9d71-55289e083fa5@group-EFD1D20A002C: changes role from  FOLLOWER to CANDIDATE at term 56 for changeToCandidate
2019-10-16 18:00:34,496 [Thread-379] INFO  impl.RoleInfo (RoleInfo.java:updateAndGet(143)) - bf55b3f9-6b09-4365-9d71-55289e083fa5: start LeaderElection
2019-10-16 18:00:34,519 [bf55b3f9-6b09-4365-9d71-55289e083fa5@group-EFD1D20A002C-LeaderElection52] INFO  impl.LeaderElection (LeaderElection.java:askForVotes(178)) - bf55b3f9-6b09-4365-9d71-55289e083fa5@group-EFD1D20A002C-LeaderElection52: begin an election at term 57 for -1: [f4c54511-b161-4347-aec5-5236dc80a0d8:0.0.0.0:41238, 907b9765-214b-4864-b66a-d6e2a5789e5c:0.0.0.0:41650, bf55b3f9-6b09-4365-9d71-55289e083fa5:0.0.0.0:42441], old=null
2019-10-16 18:00:34,522 [grpc-default-executor-3] INFO  impl.RaftServerImpl (RaftServerImpl.java:setRole(184)) - f4c54511-b161-4347-aec5-5236dc80a0d8@group-EFD1D20A002C: changes role from  FOLLOWER to FOLLOWER at term 57 for recognizeCandidate:bf55b3f9-6b09-4365-9d71-55289e083fa5
2019-10-16 18:00:34,522 [grpc-default-executor-3] INFO  impl.RoleInfo (RoleInfo.java:shutdownFollowerState(121)) - f4c54511-b161-4347-aec5-5236dc80a0d8: shutdown FollowerState
2019-10-16 18:00:34,522 [grpc-default-executor-0] INFO  impl.RaftServerImpl (RaftServerImpl.java:setRole(184)) - 907b9765-214b-4864-b66a-d6e2a5789e5c@group-EFD1D20A002C: changes role from  FOLLOWER to FOLLOWER at term 57 for recognizeCandidate:bf55b3f9-6b09-4365-9d71-55289e083fa5
2019-10-16 18:00:34,522 [grpc-default-executor-3] INFO  impl.RoleInfo (RoleInfo.java:updateAndGet(143)) - f4c54511-b161-4347-aec5-5236dc80a0d8: start FollowerState
2019-10-16 18:00:34,522 [Thread-378] INFO  impl.FollowerState (FollowerState.java:run(117)) - f4c54511-b161-4347-aec5-5236dc80a0d8@group-EFD1D20A002C-FollowerState was interrupted: java.lang.InterruptedException: sleep interrupted
2019-10-16 18:00:34,522 [grpc-default-executor-0] INFO  impl.RoleInfo (RoleInfo.java:shutdownFollowerState(121)) - 907b9765-214b-4864-b66a-d6e2a5789e5c: shutdown FollowerState
2019-10-16 18:00:34,523 [grpc-default-executor-0] INFO  impl.RoleInfo (RoleInfo.java:updateAndGet(143)) - 907b9765-214b-4864-b66a-d6e2a5789e5c: start FollowerState
2019-10-16 18:00:34,523 [Thread-377] INFO  impl.FollowerState (FollowerState.java:run(117)) - 907b9765-214b-4864-b66a-d6e2a5789e5c@group-EFD1D20A002C-FollowerState was interrupted: java.lang.InterruptedException: sleep interrupted
2019-10-16 18:00:34,547 [bf55b3f9-6b09-4365-9d71-55289e083fa5@group-EFD1D20A002C-LeaderElection52] INFO  impl.LeaderElection (LeaderElection.java:logAndReturn(56)) - bf55b3f9-6b09-4365-9d71-55289e083fa5@group-EFD1D20A002C-LeaderElection52: Election REJECTED; received 2 response(s) [bf55b3f9-6b09-4365-9d71-55289e083fa5<-f4c54511-b161-4347-aec5-5236dc80a0d8#0:FAIL-t57, bf55b3f9-6b09-4365-9d71-55289e083fa5<-907b9765-214b-4864-b66a-d6e2a5789e5c#0:FAIL-t57] and 0 exception(s); bf55b3f9-6b09-4365-9d71-55289e083fa5@group-EFD1D20A002C:t57, leader=null, voted=bf55b3f9-6b09-4365-9d71-55289e083fa5, raftlog=bf55b3f9-6b09-4365-9d71-55289e083fa5@group-EFD1D20A002C-SegmentedRaftLog:OPENED:c-1,f-1,i0, conf=-1: [f4c54511-b161-4347-aec5-5236dc80a0d8:0.0.0.0:41238, 907b9765-214b-4864-b66a-d6e2a5789e5c:0.0.0.0:41650, bf55b3f9-6b09-4365-9d71-55289e083fa5:0.0.0.0:42441], old=null
2019-10-16 18:00:34,547 [bf55b3f9-6b09-4365-9d71-55289e083fa5@group-EFD1D20A002C-LeaderElection52] INFO  impl.RaftServerImpl (RaftServerImpl.java:setRole(184)) - bf55b3f9-6b09-4365-9d71-55289e083fa5@group-EFD1D20A002C: changes role from CANDIDATE to FOLLOWER at term 57 for DISCOVERED_A_NEW_TERM
2019-10-16 18:00:34,547 [bf55b3f9-6b09-4365-9d71-55289e083fa5@group-EFD1D20A002C-LeaderElection52] INFO  impl.RoleInfo (RoleInfo.java:shutdownLeaderElection(134)) - bf55b3f9-6b09-4365-9d71-55289e083fa5: shutdown LeaderElection
2019-10-16 18:00:34,547 [bf55b3f9-6b09-4365-9d71-55289e083fa5@group-EFD1D20A002C-LeaderElection52] INFO  impl.RoleInfo (RoleInfo.java:updateAndGet(143)) - bf55b3f9-6b09-4365-9d71-55289e083fa5: start FollowerState
2019-10-16 18:00:34,664 [Thread-387] INFO  impl.FollowerState (FollowerState.java:run(108)) - bf55b3f9-6b09-4365-9d71-55289e083fa5@group-EFD1D20A002C-FollowerState: change to CANDIDATE, lastRpcTime:116ms, electionTimeout:116ms
2019-10-16 18:00:34,664 [Thread-387] INFO  impl.RoleInfo (RoleInfo.java:shutdownFollowerState(121)) - bf55b3f9-6b09-4365-9d71-55289e083fa5: shutdown FollowerState
2019-10-16 18:00:34,665 [Thread-387] INFO  impl.RaftServerImpl (RaftServerImpl.java:setRole(184)) - bf55b3f9-6b09-4365-9d71-55289e083fa5@group-EFD1D20A002C: changes role from  FOLLOWER to CANDIDATE at term 57 for changeToCandidate
2019-10-16 18:00:34,665 [Thread-387] INFO  impl.RoleInfo (RoleInfo.java:updateAndGet(143)) - bf55b3f9-6b09-4365-9d71-55289e083fa5: start LeaderElection
2019-10-16 18:00:34,696 [bf55b3f9-6b09-4365-9d71-55289e083fa5@group-EFD1D20A002C-LeaderElection53] INFO  impl.LeaderElection (LeaderElection.java:askForVotes(178)) - bf55b3f9-6b09-4365-9d71-55289e083fa5@group-EFD1D20A002C-LeaderElection53: begin an election at term 58 for -1: [f4c54511-b161-4347-aec5-5236dc80a0d8:0.0.0.0:41238, 907b9765-214b-4864-b66a-d6e2a5789e5c:0.0.0.0:41650, bf55b3f9-6b09-4365-9d71-55289e083fa5:0.0.0.0:42441], old=null
2019-10-16 18:00:34,699 [grpc-default-executor-0] INFO  impl.RaftServerImpl (RaftServerImpl.java:setRole(184)) - 907b9765-214b-4864-b66a-d6e2a5789e5c@group-EFD1D20A002C: changes role from  FOLLOWER to FOLLOWER at term 58 for recognizeCandidate:bf55b3f9-6b09-4365-9d71-55289e083fa5
2019-10-16 18:00:34,699 [grpc-default-executor-3] INFO  impl.RaftServerImpl (RaftServerImpl.java:setRole(184)) - f4c54511-b161-4347-aec5-5236dc80a0d8@group-EFD1D20A002C: changes role from  FOLLOWER to FOLLOWER at term 58 for recognizeCandidate:bf55b3f9-6b09-4365-9d71-55289e083fa5
2019-10-16 18:00:34,699 [grpc-default-executor-0] INFO  impl.RoleInfo (RoleInfo.java:shutdownFollowerState(121)) - 907b9765-214b-4864-b66a-d6e2a5789e5c: shutdown FollowerState
2019-10-16 18:00:34,700 [grpc-default-executor-3] INFO  impl.RoleInfo (RoleInfo.java:shutdownFollowerState(121)) - f4c54511-b161-4347-aec5-5236dc80a0d8: shutdown FollowerState
2019-10-16 18:00:34,700 [Thread-384] INFO  impl.FollowerState (FollowerState.java:run(117)) - 907b9765-214b-4864-b66a-d6e2a5789e5c@group-EFD1D20A002C-FollowerState was interrupted: java.lang.InterruptedException: sleep interrupted
2019-10-16 18:00:34,700 [grpc-default-executor-0] INFO  impl.RoleInfo (RoleInfo.java:updateAndGet(143)) - 907b9765-214b-4864-b66a-d6e2a5789e5c: start FollowerState
2019-10-16 18:00:34,700 [Thread-383] INFO  impl.FollowerState (FollowerState.java:run(117)) - f4c54511-b161-4347-aec5-5236dc80a0d8@group-EFD1D20A002C-FollowerState was interrupted: java.lang.InterruptedException: sleep interrupted
2019-10-16 18:00:34,700 [grpc-default-executor-3] INFO  impl.RoleInfo (RoleInfo.java:updateAndGet(143)) - f4c54511-b161-4347-aec5-5236dc80a0d8: start FollowerState
2019-10-16 18:00:34,732 [bf55b3f9-6b09-4365-9d71-55289e083fa5@group-EFD1D20A002C-LeaderElection53] INFO  impl.LeaderElection (LeaderElection.java:logAndReturn(56)) - bf55b3f9-6b09-4365-9d71-55289e083fa5@group-EFD1D20A002C-LeaderElection53: Election REJECTED; received 2 response(s) [bf55b3f9-6b09-4365-9d71-55289e083fa5<-f4c54511-b161-4347-aec5-5236dc80a0d8#0:FAIL-t58, bf55b3f9-6b09-4365-9d71-55289e083fa5<-907b9765-214b-4864-b66a-d6e2a5789e5c#0:FAIL-t58] and 0 exception(s); bf55b3f9-6b09-4365-9d71-55289e083fa5@group-EFD1D20A002C:t58, leader=null, voted=bf55b3f9-6b09-4365-9d71-55289e083fa5, raftlog=bf55b3f9-6b09-4365-9d71-55289e083fa5@group-EFD1D20A002C-SegmentedRaftLog:OPENED:c-1,f-1,i0, conf=-1: [f4c54511-b161-4347-aec5-5236dc80a0d8:0.0.0.0:41238, 907b9765-214b-4864-b66a-d6e2a5789e5c:0.0.0.0:41650, bf55b3f9-6b09-4365-9d71-55289e083fa5:0.0.0.0:42441], old=null
2019-10-16 18:00:34,732 [bf55b3f9-6b09-4365-9d71-55289e083fa5@group-EFD1D20A002C-LeaderElection53] INFO  impl.RaftServerImpl (RaftServerImpl.java:setRole(184)) - bf55b3f9-6b09-4365-9d71-55289e083fa5@group-EFD1D20A002C: changes role from CANDIDATE to FOLLOWER at term 58 for DISCOVERED_A_NEW_TERM
2019-10-16 18:00:34,732 [bf55b3f9-6b09-4365-9d71-55289e083fa5@group-EFD1D20A002C-LeaderElection53] INFO  impl.RoleInfo (RoleInfo.java:shutdownLeaderElection(134)) - bf55b3f9-6b09-4365-9d71-55289e083fa5: shutdown LeaderElection
2019-10-16 18:00:34,732 [bf55b3f9-6b09-4365-9d71-55289e083fa5@group-EFD1D20A002C-LeaderElection53] INFO  impl.RoleInfo (RoleInfo.java:updateAndGet(143)) - bf55b3f9-6b09-4365-9d71-55289e083fa5: start FollowerState
2019-10-16 18:00:34,816 [Thread-393] INFO  impl.FollowerState (FollowerState.java:run(108)) - bf55b3f9-6b09-4365-9d71-55289e083fa5@group-EFD1D20A002C-FollowerState: change to CANDIDATE, lastRpcTime:83ms, electionTimeout:83ms
2019-10-16 18:00:34,816 [Thread-393] INFO  impl.RoleInfo (RoleInfo.java:shutdownFollowerState(121)) - bf55b3f9-6b09-4365-9d71-55289e083fa5: shutdown FollowerState
2019-10-16 18:00:34,816 [Thread-393] INFO  impl.RaftServerImpl (RaftServerImpl.java:setRole(184)) - bf55b3f9-6b09-4365-9d71-55289e083fa5@group-EFD1D20A002C: changes role from  FOLLOWER to CANDIDATE at term 58 for changeToCandidate
2019-10-16 18:00:34,816 [Thread-393] INFO  impl.RoleInfo (RoleInfo.java:updateAndGet(143)) - bf55b3f9-6b09-4365-9d71-55289e083fa5: start LeaderElection
2019-10-16 18:00:34,840 [bf55b3f9-6b09-4365-9d71-55289e083fa5@group-EFD1D20A002C-LeaderElection54] INFO  impl.LeaderElection (LeaderElection.java:askForVotes(178)) - bf55b3f9-6b09-4365-9d71-55289e083fa5@group-EFD1D20A002C-LeaderElection54: begin an election at term 59 for -1: [f4c54511-b161-4347-aec5-5236dc80a0d8:0.0.0.0:41238, 907b9765-214b-4864-b66a-d6e2a5789e5c:0.0.0.0:41650, bf55b3f9-6b09-4365-9d71-55289e083fa5:0.0.0.0:42441], old=null
2019-10-16 18:00:34,843 [grpc-default-executor-0] INFO  impl.RaftServerImpl (RaftServerImpl.java:setRole(184)) - f4c54511-b161-4347-aec5-5236dc80a0d8@group-EFD1D20A002C: changes role from  FOLLOWER to FOLLOWER at term 59 for recognizeCandidate:bf55b3f9-6b09-4365-9d71-55289e083fa5
2019-10-16 18:00:34,843 [grpc-default-executor-3] INFO  impl.RaftServerImpl (RaftServerImpl.java:setRole(184)) - 907b9765-214b-4864-b66a-d6e2a5789e5c@group-EFD1D20A002C: changes role from  FOLLOWER to FOLLOWER at term 59 for recognizeCandidate:bf55b3f9-6b09-4365-9d71-55289e083fa5
2019-10-16 18:00:34,843 [grpc-default-executor-0] INFO  impl.RoleInfo (RoleInfo.java:shutdownFollowerState(121)) - f4c54511-b161-4347-aec5-5236dc80a0d8: shutdown FollowerState
2019-10-16 18:00:34,843 [grpc-default-executor-3] INFO  impl.RoleInfo (RoleInfo.java:shutdownFollowerState(121)) - 907b9765-214b-4864-b66a-d6e2a5789e5c: shutdown FollowerState
2019-10-16 18:00:34,844 [Thread-392] INFO  impl.FollowerState (FollowerState.java:run(117)) - f4c54511-b161-4347-aec5-5236dc80a0d8@group-EFD1D20A002C-FollowerState was interrupted: java.lang.InterruptedException: sleep interrupted
2019-10-16 18:00:34,844 [grpc-default-executor-0] INFO  impl.RoleInfo (RoleInfo.java:updateAndGet(143)) - f4c54511-b161-4347-aec5-5236dc80a0d8: start FollowerState
2019-10-16 18:00:34,844 [Thread-391] INFO  impl.FollowerState (FollowerState.java:run(117)) - 907b9765-214b-4864-b66a-d6e2a5789e5c@group-EFD1D20A002C-FollowerState was interrupted: java.lang.InterruptedException: sleep interrupted
2019-10-16 18:00:34,844 [grpc-default-executor-3] INFO  impl.RoleInfo (RoleInfo.java:updateAndGet(143)) - 907b9765-214b-4864-b66a-d6e2a5789e5c: start FollowerState
2019-10-16 18:00:34,875 [bf55b3f9-6b09-4365-9d71-55289e083fa5@group-EFD1D20A002C-LeaderElection54] INFO  impl.LeaderElection (LeaderElection.java:logAndReturn(56)) - bf55b3f9-6b09-4365-9d71-55289e083fa5@group-EFD1D20A002C-LeaderElection54: Election REJECTED; received 2 response(s) [bf55b3f9-6b09-4365-9d71-55289e083fa5<-f4c54511-b161-4347-aec5-5236dc80a0d8#0:FAIL-t59, bf55b3f9-6b09-4365-9d71-55289e083fa5<-907b9765-214b-4864-b66a-d6e2a5789e5c#0:FAIL-t59] and 0 exception(s); bf55b3f9-6b09-4365-9d71-55289e083fa5@group-EFD1D20A002C:t59, leader=null, voted=bf55b3f9-6b09-4365-9d71-55289e083fa5, raftlog=bf55b3f9-6b09-4365-9d71-55289e083fa5@group-EFD1D20A002C-SegmentedRaftLog:OPENED:c-1,f-1,i0, conf=-1: [f4c54511-b161-4347-aec5-5236dc80a0d8:0.0.0.0:41238, 907b9765-214b-4864-b66a-d6e2a5789e5c:0.0.0.0:41650, bf55b3f9-6b09-4365-9d71-55289e083fa5:0.0.0.0:42441], old=null
2019-10-16 18:00:34,875 [bf55b3f9-6b09-4365-9d71-55289e083fa5@group-EFD1D20A002C-LeaderElection54] INFO  impl.RaftServerImpl (RaftServerImpl.java:setRole(184)) - bf55b3f9-6b09-4365-9d71-55289e083fa5@group-EFD1D20A002C: changes role from CANDIDATE to FOLLOWER at term 59 for DISCOVERED_A_NEW_TERM
2019-10-16 18:00:34,875 [bf55b3f9-6b09-4365-9d71-55289e083fa5@group-EFD1D20A002C-LeaderElection54] INFO  impl.RoleInfo (RoleInfo.java:shutdownLeaderElection(134)) - bf55b3f9-6b09-4365-9d71-55289e083fa5: shutdown LeaderElection
2019-10-16 18:00:34,875 [bf55b3f9-6b09-4365-9d71-55289e083fa5@group-EFD1D20A002C-LeaderElection54] INFO  impl.RoleInfo (RoleInfo.java:updateAndGet(143)) - bf55b3f9-6b09-4365-9d71-55289e083fa5: start FollowerState
2019-10-16 18:00:35,023 [Thread-399] INFO  impl.FollowerState (FollowerState.java:run(108)) - bf55b3f9-6b09-4365-9d71-55289e083fa5@group-EFD1D20A002C-FollowerState: change to CANDIDATE, lastRpcTime:147ms, electionTimeout:147ms
2019-10-16 18:00:35,023 [Thread-399] INFO  impl.RoleInfo (RoleInfo.java:shutdownFollowerState(121)) - bf55b3f9-6b09-4365-9d71-55289e083fa5: shutdown FollowerState
2019-10-16 18:00:35,023 [Thread-399] INFO  impl.RaftServerImpl (RaftServerImpl.java:setRole(184)) - bf55b3f9-6b09-4365-9d71-55289e083fa5@group-EFD1D20A002C: changes role from  FOLLOWER to CANDIDATE at term 59 for changeToCandidate
2019-10-16 18:00:35,023 [Thread-399] INFO  impl.RoleInfo (RoleInfo.java:updateAndGet(143)) - bf55b3f9-6b09-4365-9d71-55289e083fa5: start LeaderElection
2019-10-16 18:00:35,050 [bf55b3f9-6b09-4365-9d71-55289e083fa5@group-EFD1D20A002C-LeaderElection55] INFO  impl.LeaderElection (LeaderElection.java:askForVotes(178)) - bf55b3f9-6b09-4365-9d71-55289e083fa5@group-EFD1D20A002C-LeaderElection55: begin an election at term 60 for -1: [f4c54511-b161-4347-aec5-5236dc80a0d8:0.0.0.0:41238, 907b9765-214b-4864-b66a-d6e2a5789e5c:0.0.0.0:41650, bf55b3f9-6b09-4365-9d71-55289e083fa5:0.0.0.0:42441], old=null
2019-10-16 18:00:35,053 [grpc-default-executor-0] INFO  impl.RaftServerImpl (RaftServerImpl.java:setRole(184)) - f4c54511-b161-4347-aec5-5236dc80a0d8@group-EFD1D20A002C: changes role from  FOLLOWER to FOLLOWER at term 60 for recognizeCandidate:bf55b3f9-6b09-4365-9d71-55289e083fa5
2019-10-16 18:00:35,053 [grpc-default-executor-0] INFO  impl.RoleInfo (RoleInfo.java:shutdownFollowerState(121)) - f4c54511-b161-4347-aec5-5236dc80a0d8: shutdown FollowerState
2019-10-16 18:00:35,053 [grpc-default-executor-3] INFO  impl.RaftServerImpl (RaftServerImpl.java:setRole(184)) - 907b9765-214b-4864-b66a-d6e2a5789e5c@group-EFD1D20A002C: changes role from  FOLLOWER to FOLLOWER at term 60 for recognizeCandidate:bf55b3f9-6b09-4365-9d71-55289e083fa5
2019-10-16 18:00:35,053 [grpc-default-executor-3] INFO  impl.RoleInfo (RoleInfo.java:shutdownFollowerState(121)) - 907b9765-214b-4864-b66a-d6e2a5789e5c: shutdown FollowerState
2019-10-16 18:00:35,053 [Thread-397] INFO  impl.FollowerState (FollowerState.java:run(117)) - f4c54511-b161-4347-aec5-5236dc80a0d8@group-EFD1D20A002C-FollowerState was interrupted: java.lang.InterruptedException: sleep interrupted
2019-10-16 18:00:35,053 [grpc-default-executor-0] INFO  impl.RoleInfo (RoleInfo.java:updateAndGet(143)) - f4c54511-b161-4347-aec5-5236dc80a0d8: start FollowerState
2019-10-16 18:00:35,053 [Thread-398] INFO  impl.FollowerState (FollowerState.java:run(117)) - 907b9765-214b-4864-b66a-d6e2a5789e5c@group-EFD1D20A002C-FollowerState was interrupted: java.lang.InterruptedException: sleep interrupted
2019-10-16 18:00:35,053 [grpc-default-executor-3] INFO  impl.RoleInfo (RoleInfo.java:updateAndGet(143)) - 907b9765-214b-4864-b66a-d6e2a5789e5c: start FollowerState
2019-10-16 18:00:35,077 [bf55b3f9-6b09-4365-9d71-55289e083fa5@group-EFD1D20A002C-LeaderElection55] INFO  impl.LeaderElection (LeaderElection.java:logAndReturn(56)) - bf55b3f9-6b09-4365-9d71-55289e083fa5@group-EFD1D20A002C-LeaderElection55: Election REJECTED; received 2 response(s) [bf55b3f9-6b09-4365-9d71-55289e083fa5<-f4c54511-b161-4347-aec5-5236dc80a0d8#0:FAIL-t60, bf55b3f9-6b09-4365-9d71-55289e083fa5<-907b9765-214b-4864-b66a-d6e2a5789e5c#0:FAIL-t60] and 0 exception(s); bf55b3f9-6b09-4365-9d71-55289e083fa5@group-EFD1D20A002C:t60, leader=null, voted=bf55b3f9-6b09-4365-9d71-55289e083fa5, raftlog=bf55b3f9-6b09-4365-9d71-55289e083fa5@group-EFD1D20A002C-SegmentedRaftLog:OPENED:c-1,f-1,i0, conf=-1: [f4c54511-b161-4347-aec5-5236dc80a0d8:0.0.0.0:41238, 907b9765-214b-4864-b66a-d6e2a5789e5c:0.0.0.0:41650, bf55b3f9-6b09-4365-9d71-55289e083fa5:0.0.0.0:42441], old=null
2019-10-16 18:00:35,077 [bf55b3f9-6b09-4365-9d71-55289e083fa5@group-EFD1D20A002C-LeaderElection55] INFO  impl.RaftServerImpl (RaftServerImpl.java:setRole(184)) - bf55b3f9-6b09-4365-9d71-55289e083fa5@group-EFD1D20A002C: changes role from CANDIDATE to FOLLOWER at term 60 for DISCOVERED_A_NEW_TERM
2019-10-16 18:00:35,077 [bf55b3f9-6b09-4365-9d71-55289e083fa5@group-EFD1D20A002C-LeaderElection55] INFO  impl.RoleInfo (RoleInfo.java:shutdownLeaderElection(134)) - bf55b3f9-6b09-4365-9d71-55289e083fa5: shutdown LeaderElection
2019-10-16 18:00:35,077 [bf55b3f9-6b09-4365-9d71-55289e083fa5@group-EFD1D20A002C-LeaderElection55] INFO  impl.RoleInfo (RoleInfo.java:updateAndGet(143)) - bf55b3f9-6b09-4365-9d71-55289e083fa5: start FollowerState
2019-10-16 18:00:35,248 [Thread-405] INFO  impl.FollowerState (FollowerState.java:run(108)) - bf55b3f9-6b09-4365-9d71-55289e083fa5@group-EFD1D20A002C-FollowerState: change to CANDIDATE, lastRpcTime:170ms, electionTimeout:170ms
2019-10-16 18:00:35,248 [Thread-405] INFO  impl.RoleInfo (RoleInfo.java:shutdownFollowerState(121)) - bf55b3f9-6b09-4365-9d71-55289e083fa5: shutdown FollowerState
2019-10-16 18:00:35,248 [Thread-405] INFO  impl.RaftServerImpl (RaftServerImpl.java:setRole(184)) - bf55b3f9-6b09-4365-9d71-55289e083fa5@group-EFD1D20A002C: changes role from  FOLLOWER to CANDIDATE at term 60 for changeToCandidate
2019-10-16 18:00:35,248 [Thread-405] INFO  impl.RoleInfo (RoleInfo.java:updateAndGet(143)) - bf55b3f9-6b09-4365-9d71-55289e083fa5: start LeaderElection
2019-10-16 18:00:35,268 [bf55b3f9-6b09-4365-9d71-55289e083fa5@group-EFD1D20A002C-LeaderElection56] INFO  impl.LeaderElection (LeaderElection.java:askForVotes(178)) - bf55b3f9-6b09-4365-9d71-55289e083fa5@group-EFD1D20A002C-LeaderElection56: begin an election at term 61 for -1: [f4c54511-b161-4347-aec5-5236dc80a0d8:0.0.0.0:41238, 907b9765-214b-4864-b66a-d6e2a5789e5c:0.0.0.0:41650, bf55b3f9-6b09-4365-9d71-55289e083fa5:0.0.0.0:42441], old=null
2019-10-16 18:00:35,271 [grpc-default-executor-0] INFO  impl.RaftServerImpl (RaftServerImpl.java:setRole(184)) - f4c54511-b161-4347-aec5-5236dc80a0d8@group-EFD1D20A002C: changes role from  FOLLOWER to FOLLOWER at term 61 for recognizeCandidate:bf55b3f9-6b09-4365-9d71-55289e083fa5
2019-10-16 18:00:35,271 [grpc-default-executor-3] INFO  impl.RaftServerImpl (RaftServerImpl.java:setRole(184)) - 907b9765-214b-4864-b66a-d6e2a5789e5c@group-EFD1D20A002C: changes role from  FOLLOWER to FOLLOWER at term 61 for recognizeCandidate:bf55b3f9-6b09-4365-9d71-55289e083fa5
2019-10-16 18:00:35,271 [grpc-default-executor-0] INFO  impl.RoleInfo (RoleInfo.java:shutdownFollowerState(121)) - f4c54511-b161-4347-aec5-5236dc80a0d8: shutdown FollowerState
2019-10-16 18:00:35,272 [grpc-default-executor-3] INFO  impl.RoleInfo (RoleInfo.java:shutdownFollowerState(121)) - 907b9765-214b-4864-b66a-d6e2a5789e5c: shutdown FollowerState
2019-10-16 18:00:35,272 [Thread-403] INFO  impl.FollowerState (FollowerState.java:run(117)) - f4c54511-b161-4347-aec5-5236dc80a0d8@group-EFD1D20A002C-FollowerState was interrupted: java.lang.InterruptedException: sleep interrupted
2019-10-16 18:00:35,272 [Thread-404] INFO  impl.FollowerState (FollowerState.java:run(117)) - 907b9765-214b-4864-b66a-d6e2a5789e5c@group-EFD1D20A002C-FollowerState was interrupted: java.lang.InterruptedException: sleep interrupted
2019-10-16 18:00:35,272 [grpc-default-executor-0] INFO  impl.RoleInfo (RoleInfo.java:updateAndGet(143)) - f4c54511-b161-4347-aec5-5236dc80a0d8: start FollowerState
2019-10-16 18:00:35,272 [grpc-default-executor-3] INFO  impl.RoleInfo (RoleInfo.java:updateAndGet(143)) - 907b9765-214b-4864-b66a-d6e2a5789e5c: start FollowerState
2019-10-16 18:00:35,303 [bf55b3f9-6b09-4365-9d71-55289e083fa5@group-EFD1D20A002C-LeaderElection56] INFO  impl.LeaderElection (LeaderElection.java:logAndReturn(56)) - bf55b3f9-6b09-4365-9d71-55289e083fa5@group-EFD1D20A002C-LeaderElection56: Election REJECTED; received 2 response(s) [bf55b3f9-6b09-4365-9d71-55289e083fa5<-f4c54511-b161-4347-aec5-5236dc80a0d8#0:FAIL-t61, bf55b3f9-6b09-4365-9d71-55289e083fa5<-907b9765-214b-4864-b66a-d6e2a5789e5c#0:FAIL-t61] and 0 exception(s); bf55b3f9-6b09-4365-9d71-55289e083fa5@group-EFD1D20A002C:t61, leader=null, voted=bf55b3f9-6b09-4365-9d71-55289e083fa5, raftlog=bf55b3f9-6b09-4365-9d71-55289e083fa5@group-EFD1D20A002C-SegmentedRaftLog:OPENED:c-1,f-1,i0, conf=-1: [f4c54511-b161-4347-aec5-5236dc80a0d8:0.0.0.0:41238, 907b9765-214b-4864-b66a-d6e2a5789e5c:0.0.0.0:41650, bf55b3f9-6b09-4365-9d71-55289e083fa5:0.0.0.0:42441], old=null
2019-10-16 18:00:35,304 [bf55b3f9-6b09-4365-9d71-55289e083fa5@group-EFD1D20A002C-LeaderElection56] INFO  impl.RaftServerImpl (RaftServerImpl.java:setRole(184)) - bf55b3f9-6b09-4365-9d71-55289e083fa5@group-EFD1D20A002C: changes role from CANDIDATE to FOLLOWER at term 61 for DISCOVERED_A_NEW_TERM
2019-10-16 18:00:35,304 [bf55b3f9-6b09-4365-9d71-55289e083fa5@group-EFD1D20A002C-LeaderElection56] INFO  impl.RoleInfo (RoleInfo.java:shutdownLeaderElection(134)) - bf55b3f9-6b09-4365-9d71-55289e083fa5: shutdown LeaderElection
2019-10-16 18:00:35,304 [bf55b3f9-6b09-4365-9d71-55289e083fa5@group-EFD1D20A002C-LeaderElection56] INFO  impl.RoleInfo (RoleInfo.java:updateAndGet(143)) - bf55b3f9-6b09-4365-9d71-55289e083fa5: start FollowerState
2019-10-16 18:00:35,411 [Thread-411] INFO  impl.FollowerState (FollowerState.java:run(108)) - bf55b3f9-6b09-4365-9d71-55289e083fa5@group-EFD1D20A002C-FollowerState: change to CANDIDATE, lastRpcTime:107ms, electionTimeout:107ms
2019-10-16 18:00:35,412 [Thread-411] INFO  impl.RoleInfo (RoleInfo.java:shutdownFollowerState(121)) - bf55b3f9-6b09-4365-9d71-55289e083fa5: shutdown FollowerState
2019-10-16 18:00:35,412 [Thread-411] INFO  impl.RaftServerImpl (RaftServerImpl.java:setRole(184)) - bf55b3f9-6b09-4365-9d71-55289e083fa5@group-EFD1D20A002C: changes role from  FOLLOWER to CANDIDATE at term 61 for changeToCandidate
2019-10-16 18:00:35,412 [Thread-411] INFO  impl.RoleInfo (RoleInfo.java:updateAndGet(143)) - bf55b3f9-6b09-4365-9d71-55289e083fa5: start LeaderElection
2019-10-16 18:00:35,436 [bf55b3f9-6b09-4365-9d71-55289e083fa5@group-EFD1D20A002C-LeaderElection57] INFO  impl.LeaderElection (LeaderElection.java:askForVotes(178)) - bf55b3f9-6b09-4365-9d71-55289e083fa5@group-EFD1D20A002C-LeaderElection57: begin an election at term 62 for -1: [f4c54511-b161-4347-aec5-5236dc80a0d8:0.0.0.0:41238, 907b9765-214b-4864-b66a-d6e2a5789e5c:0.0.0.0:41650, bf55b3f9-6b09-4365-9d71-55289e083fa5:0.0.0.0:42441], old=null
2019-10-16 18:00:35,439 [grpc-default-executor-0] INFO  impl.RaftServerImpl (RaftServerImpl.java:setRole(184)) - 907b9765-214b-4864-b66a-d6e2a5789e5c@group-EFD1D20A002C: changes role from  FOLLOWER to FOLLOWER at term 62 for recognizeCandidate:bf55b3f9-6b09-4365-9d71-55289e083fa5
2019-10-16 18:00:35,439 [grpc-default-executor-3] INFO  impl.RaftServerImpl (RaftServerImpl.java:setRole(184)) - f4c54511-b161-4347-aec5-5236dc80a0d8@group-EFD1D20A002C: changes role from  FOLLOWER to FOLLOWER at term 62 for recognizeCandidate:bf55b3f9-6b09-4365-9d71-55289e083fa5
2019-10-16 18:00:35,439 [grpc-default-executor-0] INFO  impl.RoleInfo (RoleInfo.java:shutdownFollowerState(121)) - 907b9765-214b-4864-b66a-d6e2a5789e5c: shutdown FollowerState
2019-10-16 18:00:35,439 [grpc-default-executor-3] INFO  impl.RoleInfo (RoleInfo.java:shutdownFollowerState(121)) - f4c54511-b161-4347-aec5-5236dc80a0d8: shutdown FollowerState
2019-10-16 18:00:35,440 [Thread-410] INFO  impl.FollowerState (FollowerState.java:run(117)) - 907b9765-214b-4864-b66a-d6e2a5789e5c@group-EFD1D20A002C-FollowerState was interrupted: java.lang.InterruptedException: sleep interrupted
2019-10-16 18:00:35,440 [grpc-default-executor-0] INFO  impl.RoleInfo (RoleInfo.java:updateAndGet(143)) - 907b9765-214b-4864-b66a-d6e2a5789e5c: start FollowerState
2019-10-16 18:00:35,440 [Thread-409] INFO  impl.FollowerState (FollowerState.java:run(117)) - f4c54511-b161-4347-aec5-5236dc80a0d8@group-EFD1D20A002C-FollowerState was interrupted: java.lang.InterruptedException: sleep interrupted
2019-10-16 18:00:35,440 [grpc-default-executor-3] INFO  impl.RoleInfo (RoleInfo.java:updateAndGet(143)) - f4c54511-b161-4347-aec5-5236dc80a0d8: start FollowerState
2019-10-16 18:00:35,465 [bf55b3f9-6b09-4365-9d71-55289e083fa5@group-EFD1D20A002C-LeaderElection57] INFO  impl.LeaderElection (LeaderElection.java:logAndReturn(56)) - bf55b3f9-6b09-4365-9d71-55289e083fa5@group-EFD1D20A002C-LeaderElection57: Election REJECTED; received 2 response(s) [bf55b3f9-6b09-4365-9d71-55289e083fa5<-f4c54511-b161-4347-aec5-5236dc80a0d8#0:FAIL-t62, bf55b3f9-6b09-4365-9d71-55289e083fa5<-907b9765-214b-4864-b66a-d6e2a5789e5c#0:FAIL-t62] and 0 exception(s); bf55b3f9-6b09-4365-9d71-55289e083fa5@group-EFD1D20A002C:t62, leader=null, voted=bf55b3f9-6b09-4365-9d71-55289e083fa5, raftlog=bf55b3f9-6b09-4365-9d71-55289e083fa5@group-EFD1D20A002C-SegmentedRaftLog:OPENED:c-1,f-1,i0, conf=-1: [f4c54511-b161-4347-aec5-5236dc80a0d8:0.0.0.0:41238, 907b9765-214b-4864-b66a-d6e2a5789e5c:0.0.0.0:41650, bf55b3f9-6b09-4365-9d71-55289e083fa5:0.0.0.0:42441], old=null
2019-10-16 18:00:35,465 [bf55b3f9-6b09-4365-9d71-55289e083fa5@group-EFD1D20A002C-LeaderElection57] INFO  impl.RaftServerImpl (RaftServerImpl.java:setRole(184)) - bf55b3f9-6b09-4365-9d71-55289e083fa5@group-EFD1D20A002C: changes role from CANDIDATE to FOLLOWER at term 62 for DISCOVERED_A_NEW_TERM
2019-10-16 18:00:35,466 [bf55b3f9-6b09-4365-9d71-55289e083fa5@group-EFD1D20A002C-LeaderElection57] INFO  impl.RoleInfo (RoleInfo.java:shutdownLeaderElection(134)) - bf55b3f9-6b09-4365-9d71-55289e083fa5: shutdown LeaderElection
2019-10-16 18:00:35,466 [bf55b3f9-6b09-4365-9d71-55289e083fa5@group-EFD1D20A002C-LeaderElection57] INFO  impl.RoleInfo (RoleInfo.java:updateAndGet(143)) - bf55b3f9-6b09-4365-9d71-55289e083fa5: start FollowerState
2019-10-16 18:00:35,483 [Thread-417] INFO  impl.FollowerState (FollowerState.java:run(108)) - bf55b3f9-6b09-4365-9d71-55289e083fa5@group-EFD1D20A002C-FollowerState: change to CANDIDATE, lastRpcTime:17ms, electionTimeout:17ms
2019-10-16 18:00:35,483 [Thread-417] INFO  impl.RoleInfo (RoleInfo.java:shutdownFollowerState(121)) - bf55b3f9-6b09-4365-9d71-55289e083fa5: shutdown FollowerState
2019-10-16 18:00:35,484 [Thread-417] INFO  impl.RaftServerImpl (RaftServerImpl.java:setRole(184)) - bf55b3f9-6b09-4365-9d71-55289e083fa5@group-EFD1D20A002C: changes role from  FOLLOWER to CANDIDATE at term 62 for changeToCandidate
2019-10-16 18:00:35,484 [Thread-417] INFO  impl.RoleInfo (RoleInfo.java:updateAndGet(143)) - bf55b3f9-6b09-4365-9d71-55289e083fa5: start LeaderElection
2019-10-16 18:00:35,519 [bf55b3f9-6b09-4365-9d71-55289e083fa5@group-EFD1D20A002C-LeaderElection58] INFO  impl.LeaderElection (LeaderElection.java:askForVotes(178)) - bf55b3f9-6b09-4365-9d71-55289e083fa5@group-EFD1D20A002C-LeaderElection58: begin an election at term 63 for -1: [f4c54511-b161-4347-aec5-5236dc80a0d8:0.0.0.0:41238, 907b9765-214b-4864-b66a-d6e2a5789e5c:0.0.0.0:41650, bf55b3f9-6b09-4365-9d71-55289e083fa5:0.0.0.0:42441], old=null
2019-10-16 18:00:35,522 [grpc-default-executor-0] INFO  impl.RaftServerImpl (RaftServerImpl.java:setRole(184)) - 907b9765-214b-4864-b66a-d6e2a5789e5c@group-EFD1D20A002C: changes role from  FOLLOWER to FOLLOWER at term 63 for recognizeCandidate:bf55b3f9-6b09-4365-9d71-55289e083fa5
2019-10-16 18:00:35,523 [grpc-default-executor-0] INFO  impl.RoleInfo (RoleInfo.java:shutdownFollowerState(121)) - 907b9765-214b-4864-b66a-d6e2a5789e5c: shutdown FollowerState
2019-10-16 18:00:35,523 [grpc-default-executor-0] INFO  impl.RoleInfo (RoleInfo.java:updateAndGet(143)) - 907b9765-214b-4864-b66a-d6e2a5789e5c: start FollowerState
2019-10-16 18:00:35,523 [Thread-415] INFO  impl.FollowerState (FollowerState.java:run(117)) - 907b9765-214b-4864-b66a-d6e2a5789e5c@group-EFD1D20A002C-FollowerState was interrupted: java.lang.InterruptedException: sleep interrupted
2019-10-16 18:00:35,523 [grpc-default-executor-3] INFO  impl.RaftServerImpl (RaftServerImpl.java:setRole(184)) - f4c54511-b161-4347-aec5-5236dc80a0d8@group-EFD1D20A002C: changes role from  FOLLOWER to FOLLOWER at term 63 for recognizeCandidate:bf55b3f9-6b09-4365-9d71-55289e083fa5
2019-10-16 18:00:35,523 [grpc-default-executor-3] INFO  impl.RoleInfo (RoleInfo.java:shutdownFollowerState(121)) - f4c54511-b161-4347-aec5-5236dc80a0d8: shutdown FollowerState
2019-10-16 18:00:35,524 [grpc-default-executor-3] INFO  impl.RoleInfo (RoleInfo.java:updateAndGet(143)) - f4c54511-b161-4347-aec5-5236dc80a0d8: start FollowerState
2019-10-16 18:00:35,524 [Thread-416] INFO  impl.FollowerState (FollowerState.java:run(117)) - f4c54511-b161-4347-aec5-5236dc80a0d8@group-EFD1D20A002C-FollowerState was interrupted: java.lang.InterruptedException: sleep interrupted
2019-10-16 18:00:35,548 [bf55b3f9-6b09-4365-9d71-55289e083fa5@group-EFD1D20A002C-LeaderElection58] INFO  impl.LeaderElection (LeaderElection.java:logAndReturn(56)) - bf55b3f9-6b09-4365-9d71-55289e083fa5@group-EFD1D20A002C-LeaderElection58: Election REJECTED; received 2 response(s) [bf55b3f9-6b09-4365-9d71-55289e083fa5<-f4c54511-b161-4347-aec5-5236dc80a0d8#0:FAIL-t63, bf55b3f9-6b09-4365-9d71-55289e083fa5<-907b9765-214b-4864-b66a-d6e2a5789e5c#0:FAIL-t63] and 0 exception(s); bf55b3f9-6b09-4365-9d71-55289e083fa5@group-EFD1D20A002C:t63, leader=null, voted=bf55b3f9-6b09-4365-9d71-55289e083fa5, raftlog=bf55b3f9-6b09-4365-9d71-55289e083fa5@group-EFD1D20A002C-SegmentedRaftLog:OPENED:c-1,f-1,i0, conf=-1: [f4c54511-b161-4347-aec5-5236dc80a0d8:0.0.0.0:41238, 907b9765-214b-4864-b66a-d6e2a5789e5c:0.0.0.0:41650, bf55b3f9-6b09-4365-9d71-55289e083fa5:0.0.0.0:42441], old=null
2019-10-16 18:00:35,548 [bf55b3f9-6b09-4365-9d71-55289e083fa5@group-EFD1D20A002C-LeaderElection58] INFO  impl.RaftServerImpl (RaftServerImpl.java:setRole(184)) - bf55b3f9-6b09-4365-9d71-55289e083fa5@group-EFD1D20A002C: changes role from CANDIDATE to FOLLOWER at term 63 for DISCOVERED_A_NEW_TERM
2019-10-16 18:00:35,549 [bf55b3f9-6b09-4365-9d71-55289e083fa5@group-EFD1D20A002C-LeaderElection58] INFO  impl.RoleInfo (RoleInfo.java:shutdownLeaderElection(134)) - bf55b3f9-6b09-4365-9d71-55289e083fa5: shutdown LeaderElection
2019-10-16 18:00:35,549 [bf55b3f9-6b09-4365-9d71-55289e083fa5@group-EFD1D20A002C-LeaderElection58] INFO  impl.RoleInfo (RoleInfo.java:updateAndGet(143)) - bf55b3f9-6b09-4365-9d71-55289e083fa5: start FollowerState
2019-10-16 18:00:35,575 [Thread-423] INFO  impl.FollowerState (FollowerState.java:run(108)) - bf55b3f9-6b09-4365-9d71-55289e083fa5@group-EFD1D20A002C-FollowerState: change to CANDIDATE, lastRpcTime:26ms, electionTimeout:26ms
2019-10-16 18:00:35,575 [Thread-423] INFO  impl.RoleInfo (RoleInfo.java:shutdownFollowerState(121)) - bf55b3f9-6b09-4365-9d71-55289e083fa5: shutdown FollowerState
2019-10-16 18:00:35,576 [Thread-423] INFO  impl.RaftServerImpl (RaftServerImpl.java:setRole(184)) - bf55b3f9-6b09-4365-9d71-55289e083fa5@group-EFD1D20A002C: changes role from  FOLLOWER to CANDIDATE at term 63 for changeToCandidate
2019-10-16 18:00:35,576 [Thread-423] INFO  impl.RoleInfo (RoleInfo.java:updateAndGet(143)) - bf55b3f9-6b09-4365-9d71-55289e083fa5: start LeaderElection
2019-10-16 18:00:35,599 [bf55b3f9-6b09-4365-9d71-55289e083fa5@group-EFD1D20A002C-LeaderElection59] INFO  impl.LeaderElection (LeaderElection.java:askForVotes(178)) - bf55b3f9-6b09-4365-9d71-55289e083fa5@group-EFD1D20A002C-LeaderElection59: begin an election at term 64 for -1: [f4c54511-b161-4347-aec5-5236dc80a0d8:0.0.0.0:41238, 907b9765-214b-4864-b66a-d6e2a5789e5c:0.0.0.0:41650, bf55b3f9-6b09-4365-9d71-55289e083fa5:0.0.0.0:42441], old=null
2019-10-16 18:00:35,602 [grpc-default-executor-0] INFO  impl.RaftServerImpl (RaftServerImpl.java:setRole(184)) - f4c54511-b161-4347-aec5-5236dc80a0d8@group-EFD1D20A002C: changes role from  FOLLOWER to FOLLOWER at term 64 for recognizeCandidate:bf55b3f9-6b09-4365-9d71-55289e083fa5
2019-10-16 18:00:35,602 [grpc-default-executor-3] INFO  impl.RaftServerImpl (RaftServerImpl.java:setRole(184)) - 907b9765-214b-4864-b66a-d6e2a5789e5c@group-EFD1D20A002C: changes role from  FOLLOWER to FOLLOWER at term 64 for recognizeCandidate:bf55b3f9-6b09-4365-9d71-55289e083fa5
2019-10-16 18:00:35,602 [grpc-default-executor-3] INFO  impl.RoleInfo (RoleInfo.java:shutdownFollowerState(121)) - 907b9765-214b-4864-b66a-d6e2a5789e5c: shutdown FollowerState
2019-10-16 18:00:35,602 [grpc-default-executor-0] INFO  impl.RoleInfo (RoleInfo.java:shutdownFollowerState(121)) - f4c54511-b161-4347-aec5-5236dc80a0d8: shutdown FollowerState
2019-10-16 18:00:35,602 [Thread-421] INFO  impl.FollowerState (FollowerState.java:run(117)) - 907b9765-214b-4864-b66a-d6e2a5789e5c@group-EFD1D20A002C-FollowerState was interrupted: java.lang.InterruptedException: sleep interrupted
2019-10-16 18:00:35,602 [grpc-default-executor-3] INFO  impl.RoleInfo (RoleInfo.java:updateAndGet(143)) - 907b9765-214b-4864-b66a-d6e2a5789e5c: start FollowerState
2019-10-16 18:00:35,603 [Thread-422] INFO  impl.FollowerState (FollowerState.java:run(117)) - f4c54511-b161-4347-aec5-5236dc80a0d8@group-EFD1D20A002C-FollowerState was interrupted: java.lang.InterruptedException: sleep interrupted
2019-10-16 18:00:35,603 [grpc-default-executor-0] INFO  impl.RoleInfo (RoleInfo.java:updateAndGet(143)) - f4c54511-b161-4347-aec5-5236dc80a0d8: start FollowerState
2019-10-16 18:00:35,620 [bf55b3f9-6b09-4365-9d71-55289e083fa5@group-EFD1D20A002C-LeaderElection59] INFO  impl.LeaderElection (LeaderElection.java:logAndReturn(56)) - bf55b3f9-6b09-4365-9d71-55289e083fa5@group-EFD1D20A002C-LeaderElection59: Election REJECTED; received 2 response(s) [bf55b3f9-6b09-4365-9d71-55289e083fa5<-f4c54511-b161-4347-aec5-5236dc80a0d8#0:FAIL-t64, bf55b3f9-6b09-4365-9d71-55289e083fa5<-907b9765-214b-4864-b66a-d6e2a5789e5c#0:FAIL-t64] and 0 exception(s); bf55b3f9-6b09-4365-9d71-55289e083fa5@group-EFD1D20A002C:t64, leader=null, voted=bf55b3f9-6b09-4365-9d71-55289e083fa5, raftlog=bf55b3f9-6b09-4365-9d71-55289e083fa5@group-EFD1D20A002C-SegmentedRaftLog:OPENED:c-1,f-1,i0, conf=-1: [f4c54511-b161-4347-aec5-5236dc80a0d8:0.0.0.0:41238, 907b9765-214b-4864-b66a-d6e2a5789e5c:0.0.0.0:41650, bf55b3f9-6b09-4365-9d71-55289e083fa5:0.0.0.0:42441], old=null
2019-10-16 18:00:35,620 [bf55b3f9-6b09-4365-9d71-55289e083fa5@group-EFD1D20A002C-LeaderElection59] INFO  impl.RaftServerImpl (RaftServerImpl.java:setRole(184)) - bf55b3f9-6b09-4365-9d71-55289e083fa5@group-EFD1D20A002C: changes role from CANDIDATE to FOLLOWER at term 64 for DISCOVERED_A_NEW_TERM
2019-10-16 18:00:35,620 [bf55b3f9-6b09-4365-9d71-55289e083fa5@group-EFD1D20A002C-LeaderElection59] INFO  impl.RoleInfo (RoleInfo.java:shutdownLeaderElection(134)) - bf55b3f9-6b09-4365-9d71-55289e083fa5: shutdown LeaderElection
2019-10-16 18:00:35,620 [bf55b3f9-6b09-4365-9d71-55289e083fa5@group-EFD1D20A002C-LeaderElection59] INFO  impl.RoleInfo (RoleInfo.java:updateAndGet(143)) - bf55b3f9-6b09-4365-9d71-55289e083fa5: start FollowerState
2019-10-16 18:00:35,736 [Thread-431] INFO  impl.FollowerState (FollowerState.java:run(108)) - bf55b3f9-6b09-4365-9d71-55289e083fa5@group-EFD1D20A002C-FollowerState: change to CANDIDATE, lastRpcTime:115ms, electionTimeout:115ms
2019-10-16 18:00:35,736 [Thread-431] INFO  impl.RoleInfo (RoleInfo.java:shutdownFollowerState(121)) - bf55b3f9-6b09-4365-9d71-55289e083fa5: shutdown FollowerState
2019-10-16 18:00:35,736 [Thread-431] INFO  impl.RaftServerImpl (RaftServerImpl.java:setRole(184)) - bf55b3f9-6b09-4365-9d71-55289e083fa5@group-EFD1D20A002C: changes role from  FOLLOWER to CANDIDATE at term 64 for changeToCandidate
2019-10-16 18:00:35,736 [Thread-431] INFO  impl.RoleInfo (RoleInfo.java:updateAndGet(143)) - bf55b3f9-6b09-4365-9d71-55289e083fa5: start LeaderElection
2019-10-16 18:00:35,765 [bf55b3f9-6b09-4365-9d71-55289e083fa5@group-EFD1D20A002C-LeaderElection60] INFO  impl.LeaderElection (LeaderElection.java:askForVotes(178)) - bf55b3f9-6b09-4365-9d71-55289e083fa5@group-EFD1D20A002C-LeaderElection60: begin an election at term 65 for -1: [f4c54511-b161-4347-aec5-5236dc80a0d8:0.0.0.0:41238, 907b9765-214b-4864-b66a-d6e2a5789e5c:0.0.0.0:41650, bf55b3f9-6b09-4365-9d71-55289e083fa5:0.0.0.0:42441], old=null
2019-10-16 18:00:35,768 [grpc-default-executor-3] INFO  impl.RaftServerImpl (RaftServerImpl.java:setRole(184)) - 907b9765-214b-4864-b66a-d6e2a5789e5c@group-EFD1D20A002C: changes role from  FOLLOWER to FOLLOWER at term 65 for recognizeCandidate:bf55b3f9-6b09-4365-9d71-55289e083fa5
2019-10-16 18:00:35,768 [grpc-default-executor-0] INFO  impl.RaftServerImpl (RaftServerImpl.java:setRole(184)) - f4c54511-b161-4347-aec5-5236dc80a0d8@group-EFD1D20A002C: changes role from  FOLLOWER to FOLLOWER at term 65 for recognizeCandidate:bf55b3f9-6b09-4365-9d71-55289e083fa5
2019-10-16 18:00:35,768 [grpc-default-executor-3] INFO  impl.RoleInfo (RoleInfo.java:shutdownFollowerState(121)) - 907b9765-214b-4864-b66a-d6e2a5789e5c: shutdown FollowerState
2019-10-16 18:00:35,768 [grpc-default-executor-0] INFO  impl.RoleInfo (RoleInfo.java:shutdownFollowerState(121)) - f4c54511-b161-4347-aec5-5236dc80a0d8: shutdown FollowerState
2019-10-16 18:00:35,769 [grpc-default-executor-3] INFO  impl.RoleInfo (RoleInfo.java:updateAndGet(143)) - 907b9765-214b-4864-b66a-d6e2a5789e5c: start FollowerState
2019-10-16 18:00:35,769 [Thread-429] INFO  impl.FollowerState (FollowerState.java:run(117)) - 907b9765-214b-4864-b66a-d6e2a5789e5c@group-EFD1D20A002C-FollowerState was interrupted: java.lang.InterruptedException: sleep interrupted
2019-10-16 18:00:35,769 [grpc-default-executor-0] INFO  impl.RoleInfo (RoleInfo.java:updateAndGet(143)) - f4c54511-b161-4347-aec5-5236dc80a0d8: start FollowerState
2019-10-16 18:00:35,769 [Thread-430] INFO  impl.FollowerState (FollowerState.java:run(117)) - f4c54511-b161-4347-aec5-5236dc80a0d8@group-EFD1D20A002C-FollowerState was interrupted: java.lang.InterruptedException: sleep interrupted
2019-10-16 18:00:35,792 [bf55b3f9-6b09-4365-9d71-55289e083fa5@group-EFD1D20A002C-LeaderElection60] INFO  impl.LeaderElection (LeaderElection.java:logAndReturn(56)) - bf55b3f9-6b09-4365-9d71-55289e083fa5@group-EFD1D20A002C-LeaderElection60: Election REJECTED; received 2 response(s) [bf55b3f9-6b09-4365-9d71-55289e083fa5<-f4c54511-b161-4347-aec5-5236dc80a0d8#0:FAIL-t65, bf55b3f9-6b09-4365-9d71-55289e083fa5<-907b9765-214b-4864-b66a-d6e2a5789e5c#0:FAIL-t65] and 0 exception(s); bf55b3f9-6b09-4365-9d71-55289e083fa5@group-EFD1D20A002C:t65, leader=null, voted=bf55b3f9-6b09-4365-9d71-55289e083fa5, raftlog=bf55b3f9-6b09-4365-9d71-55289e083fa5@group-EFD1D20A002C-SegmentedRaftLog:OPENED:c-1,f-1,i0, conf=-1: [f4c54511-b161-4347-aec5-5236dc80a0d8:0.0.0.0:41238, 907b9765-214b-4864-b66a-d6e2a5789e5c:0.0.0.0:41650, bf55b3f9-6b09-4365-9d71-55289e083fa5:0.0.0.0:42441], old=null
2019-10-16 18:00:35,793 [bf55b3f9-6b09-4365-9d71-55289e083fa5@group-EFD1D20A002C-LeaderElection60] INFO  impl.RaftServerImpl (RaftServerImpl.java:setRole(184)) - bf55b3f9-6b09-4365-9d71-55289e083fa5@group-EFD1D20A002C: changes role from CANDIDATE to FOLLOWER at term 65 for DISCOVERED_A_NEW_TERM
2019-10-16 18:00:35,793 [bf55b3f9-6b09-4365-9d71-55289e083fa5@group-EFD1D20A002C-LeaderElection60] INFO  impl.RoleInfo (RoleInfo.java:shutdownLeaderElection(134)) - bf55b3f9-6b09-4365-9d71-55289e083fa5: shutdown LeaderElection
2019-10-16 18:00:35,793 [bf55b3f9-6b09-4365-9d71-55289e083fa5@group-EFD1D20A002C-LeaderElection60] INFO  impl.RoleInfo (RoleInfo.java:updateAndGet(143)) - bf55b3f9-6b09-4365-9d71-55289e083fa5: start FollowerState
2019-10-16 18:00:35,964 [Thread-437] INFO  impl.FollowerState (FollowerState.java:run(108)) - bf55b3f9-6b09-4365-9d71-55289e083fa5@group-EFD1D20A002C-FollowerState: change to CANDIDATE, lastRpcTime:171ms, electionTimeout:171ms
2019-10-16 18:00:35,964 [Thread-437] INFO  impl.RoleInfo (RoleInfo.java:shutdownFollowerState(121)) - bf55b3f9-6b09-4365-9d71-55289e083fa5: shutdown FollowerState
2019-10-16 18:00:35,965 [Thread-437] INFO  impl.RaftServerImpl (RaftServerImpl.java:setRole(184)) - bf55b3f9-6b09-4365-9d71-55289e083fa5@group-EFD1D20A002C: changes role from  FOLLOWER to CANDIDATE at term 65 for changeToCandidate
2019-10-16 18:00:35,965 [Thread-437] INFO  impl.RoleInfo (RoleInfo.java:updateAndGet(143)) - bf55b3f9-6b09-4365-9d71-55289e083fa5: start LeaderElection
2019-10-16 18:00:35,991 [bf55b3f9-6b09-4365-9d71-55289e083fa5@group-EFD1D20A002C-LeaderElection61] INFO  impl.LeaderElection (LeaderElection.java:askForVotes(178)) - bf55b3f9-6b09-4365-9d71-55289e083fa5@group-EFD1D20A002C-LeaderElection61: begin an election at term 66 for -1: [f4c54511-b161-4347-aec5-5236dc80a0d8:0.0.0.0:41238, 907b9765-214b-4864-b66a-d6e2a5789e5c:0.0.0.0:41650, bf55b3f9-6b09-4365-9d71-55289e083fa5:0.0.0.0:42441], old=null
2019-10-16 18:00:35,995 [grpc-default-executor-3] INFO  impl.RaftServerImpl (RaftServerImpl.java:setRole(184)) - 907b9765-214b-4864-b66a-d6e2a5789e5c@group-EFD1D20A002C: changes role from  FOLLOWER to FOLLOWER at term 66 for recognizeCandidate:bf55b3f9-6b09-4365-9d71-55289e083fa5
2019-10-16 18:00:35,995 [grpc-default-executor-0] INFO  impl.RaftServerImpl (RaftServerImpl.java:setRole(184)) - f4c54511-b161-4347-aec5-5236dc80a0d8@group-EFD1D20A002C: changes role from  FOLLOWER to FOLLOWER at term 66 for recognizeCandidate:bf55b3f9-6b09-4365-9d71-55289e083fa5
2019-10-16 18:00:35,995 [grpc-default-executor-3] INFO  impl.RoleInfo (RoleInfo.java:shutdownFollowerState(121)) - 907b9765-214b-4864-b66a-d6e2a5789e5c: shutdown FollowerState
2019-10-16 18:00:35,995 [grpc-default-executor-0] INFO  impl.RoleInfo (RoleInfo.java:shutdownFollowerState(121)) - f4c54511-b161-4347-aec5-5236dc80a0d8: shutdown FollowerState
2019-10-16 18:00:35,995 [Thread-435] INFO  impl.FollowerState (FollowerState.java:run(117)) - 907b9765-214b-4864-b66a-d6e2a5789e5c@group-EFD1D20A002C-FollowerState was interrupted: java.lang.InterruptedException: sleep interrupted
2019-10-16 18:00:35,995 [grpc-default-executor-3] INFO  impl.RoleInfo (RoleInfo.java:updateAndGet(143)) - 907b9765-214b-4864-b66a-d6e2a5789e5c: start FollowerState
2019-10-16 18:00:35,995 [grpc-default-executor-0] INFO  impl.RoleInfo (RoleInfo.java:updateAndGet(143)) - f4c54511-b161-4347-aec5-5236dc80a0d8: start FollowerState
2019-10-16 18:00:35,995 [Thread-436] INFO  impl.FollowerState (FollowerState.java:run(117)) - f4c54511-b161-4347-aec5-5236dc80a0d8@group-EFD1D20A002C-FollowerState was interrupted: java.lang.InterruptedException: sleep interrupted
2019-10-16 18:00:36,012 [bf55b3f9-6b09-4365-9d71-55289e083fa5@group-EFD1D20A002C-LeaderElection61] INFO  impl.LeaderElection (LeaderElection.java:logAndReturn(56)) - bf55b3f9-6b09-4365-9d71-55289e083fa5@group-EFD1D20A002C-LeaderElection61: Election REJECTED; received 2 response(s) [bf55b3f9-6b09-4365-9d71-55289e083fa5<-f4c54511-b161-4347-aec5-5236dc80a0d8#0:FAIL-t66, bf55b3f9-6b09-4365-9d71-55289e083fa5<-907b9765-214b-4864-b66a-d6e2a5789e5c#0:FAIL-t66] and 0 exception(s); bf55b3f9-6b09-4365-9d71-55289e083fa5@group-EFD1D20A002C:t66, leader=null, voted=bf55b3f9-6b09-4365-9d71-55289e083fa5, raftlog=bf55b3f9-6b09-4365-9d71-55289e083fa5@group-EFD1D20A002C-SegmentedRaftLog:OPENED:c-1,f-1,i0, conf=-1: [f4c54511-b161-4347-aec5-5236dc80a0d8:0.0.0.0:41238, 907b9765-214b-4864-b66a-d6e2a5789e5c:0.0.0.0:41650, bf55b3f9-6b09-4365-9d71-55289e083fa5:0.0.0.0:42441], old=null
2019-10-16 18:00:36,012 [bf55b3f9-6b09-4365-9d71-55289e083fa5@group-EFD1D20A002C-LeaderElection61] INFO  impl.RaftServerImpl (RaftServerImpl.java:setRole(184)) - bf55b3f9-6b09-4365-9d71-55289e083fa5@group-EFD1D20A002C: changes role from CANDIDATE to FOLLOWER at term 66 for DISCOVERED_A_NEW_TERM
2019-10-16 18:00:36,012 [bf55b3f9-6b09-4365-9d71-55289e083fa5@group-EFD1D20A002C-LeaderElection61] INFO  impl.RoleInfo (RoleInfo.java:shutdownLeaderElection(134)) - bf55b3f9-6b09-4365-9d71-55289e083fa5: shutdown LeaderElection
2019-10-16 18:00:36,013 [bf55b3f9-6b09-4365-9d71-55289e083fa5@group-EFD1D20A002C-LeaderElection61] INFO  impl.RoleInfo (RoleInfo.java:updateAndGet(143)) - bf55b3f9-6b09-4365-9d71-55289e083fa5: start FollowerState
2019-10-16 18:00:36,076 [Thread-443] INFO  impl.FollowerState (FollowerState.java:run(108)) - bf55b3f9-6b09-4365-9d71-55289e083fa5@group-EFD1D20A002C-FollowerState: change to CANDIDATE, lastRpcTime:63ms, electionTimeout:63ms
2019-10-16 18:00:36,076 [Thread-443] INFO  impl.RoleInfo (RoleInfo.java:shutdownFollowerState(121)) - bf55b3f9-6b09-4365-9d71-55289e083fa5: shutdown FollowerState
2019-10-16 18:00:36,076 [Thread-443] INFO  impl.RaftServerImpl (RaftServerImpl.java:setRole(184)) - bf55b3f9-6b09-4365-9d71-55289e083fa5@group-EFD1D20A002C: changes role from  FOLLOWER to CANDIDATE at term 66 for changeToCandidate
2019-10-16 18:00:36,076 [Thread-443] INFO  impl.RoleInfo (RoleInfo.java:updateAndGet(143)) - bf55b3f9-6b09-4365-9d71-55289e083fa5: start LeaderElection
2019-10-16 18:00:36,120 [bf55b3f9-6b09-4365-9d71-55289e083fa5@group-EFD1D20A002C-LeaderElection62] INFO  impl.LeaderElection (LeaderElection.java:askForVotes(178)) - bf55b3f9-6b09-4365-9d71-55289e083fa5@group-EFD1D20A002C-LeaderElection62: begin an election at term 67 for -1: [f4c54511-b161-4347-aec5-5236dc80a0d8:0.0.0.0:41238, 907b9765-214b-4864-b66a-d6e2a5789e5c:0.0.0.0:41650, bf55b3f9-6b09-4365-9d71-55289e083fa5:0.0.0.0:42441], old=null
2019-10-16 18:00:36,123 [grpc-default-executor-0] INFO  impl.RaftServerImpl (RaftServerImpl.java:setRole(184)) - f4c54511-b161-4347-aec5-5236dc80a0d8@group-EFD1D20A002C: changes role from  FOLLOWER to FOLLOWER at term 67 for recognizeCandidate:bf55b3f9-6b09-4365-9d71-55289e083fa5
2019-10-16 18:00:36,123 [grpc-default-executor-3] INFO  impl.RaftServerImpl (RaftServerImpl.java:setRole(184)) - 907b9765-214b-4864-b66a-d6e2a5789e5c@group-EFD1D20A002C: changes role from  FOLLOWER to FOLLOWER at term 67 for recognizeCandidate:bf55b3f9-6b09-4365-9d71-55289e083fa5
2019-10-16 18:00:36,124 [grpc-default-executor-3] INFO  impl.RoleInfo (RoleInfo.java:shutdownFollowerState(121)) - 907b9765-214b-4864-b66a-d6e2a5789e5c: shutdown FollowerState
2019-10-16 18:00:36,124 [grpc-default-executor-0] INFO  impl.RoleInfo (RoleInfo.java:shutdownFollowerState(121)) - f4c54511-b161-4347-aec5-5236dc80a0d8: shutdown FollowerState
2019-10-16 18:00:36,124 [Thread-441] INFO  impl.FollowerState (FollowerState.java:run(117)) - 907b9765-214b-4864-b66a-d6e2a5789e5c@group-EFD1D20A002C-FollowerState was interrupted: java.lang.InterruptedException: sleep interrupted
2019-10-16 18:00:36,124 [grpc-default-executor-3] INFO  impl.RoleInfo (RoleInfo.java:updateAndGet(143)) - 907b9765-214b-4864-b66a-d6e2a5789e5c: start FollowerState
2019-10-16 18:00:36,125 [Thread-442] INFO  impl.FollowerState (FollowerState.java:run(117)) - f4c54511-b161-4347-aec5-5236dc80a0d8@group-EFD1D20A002C-FollowerState was interrupted: java.lang.InterruptedException: sleep interrupted
2019-10-16 18:00:36,124 [grpc-default-executor-0] INFO  impl.RoleInfo (RoleInfo.java:updateAndGet(143)) - f4c54511-b161-4347-aec5-5236dc80a0d8: start FollowerState
2019-10-16 18:00:36,155 [bf55b3f9-6b09-4365-9d71-55289e083fa5@group-EFD1D20A002C-LeaderElection62] INFO  impl.LeaderElection (LeaderElection.java:logAndReturn(56)) - bf55b3f9-6b09-4365-9d71-55289e083fa5@group-EFD1D20A002C-LeaderElection62: Election REJECTED; received 2 response(s) [bf55b3f9-6b09-4365-9d71-55289e083fa5<-f4c54511-b161-4347-aec5-5236dc80a0d8#0:FAIL-t67, bf55b3f9-6b09-4365-9d71-55289e083fa5<-907b9765-214b-4864-b66a-d6e2a5789e5c#0:FAIL-t67] and 0 exception(s); bf55b3f9-6b09-4365-9d71-55289e083fa5@group-EFD1D20A002C:t67, leader=null, voted=bf55b3f9-6b09-4365-9d71-55289e083fa5, raftlog=bf55b3f9-6b09-4365-9d71-55289e083fa5@group-EFD1D20A002C-SegmentedRaftLog:OPENED:c-1,f-1,i0, conf=-1: [f4c54511-b161-4347-aec5-5236dc80a0d8:0.0.0.0:41238, 907b9765-214b-4864-b66a-d6e2a5789e5c:0.0.0.0:41650, bf55b3f9-6b09-4365-9d71-55289e083fa5:0.0.0.0:42441], old=null
2019-10-16 18:00:36,155 [bf55b3f9-6b09-4365-9d71-55289e083fa5@group-EFD1D20A002C-LeaderElection62] INFO  impl.RaftServerImpl (RaftServerImpl.java:setRole(184)) - bf55b3f9-6b09-4365-9d71-55289e083fa5@group-EFD1D20A002C: changes role from CANDIDATE to FOLLOWER at term 67 for DISCOVERED_A_NEW_TERM
2019-10-16 18:00:36,155 [bf55b3f9-6b09-4365-9d71-55289e083fa5@group-EFD1D20A002C-LeaderElection62] INFO  impl.RoleInfo (RoleInfo.java:shutdownLeaderElection(134)) - bf55b3f9-6b09-4365-9d71-55289e083fa5: shutdown LeaderElection
2019-10-16 18:00:36,155 [bf55b3f9-6b09-4365-9d71-55289e083fa5@group-EFD1D20A002C-LeaderElection62] INFO  impl.RoleInfo (RoleInfo.java:updateAndGet(143)) - bf55b3f9-6b09-4365-9d71-55289e083fa5: start FollowerState
2019-10-16 18:00:36,293 [Thread-449] INFO  impl.FollowerState (FollowerState.java:run(108)) - bf55b3f9-6b09-4365-9d71-55289e083fa5@group-EFD1D20A002C-FollowerState: change to CANDIDATE, lastRpcTime:137ms, electionTimeout:137ms
2019-10-16 18:00:36,293 [Thread-449] INFO  impl.RoleInfo (RoleInfo.java:shutdownFollowerState(121)) - bf55b3f9-6b09-4365-9d71-55289e083fa5: shutdown FollowerState
2019-10-16 18:00:36,293 [Thread-449] INFO  impl.RaftServerImpl (RaftServerImpl.java:setRole(184)) - bf55b3f9-6b09-4365-9d71-55289e083fa5@group-EFD1D20A002C: changes role from  FOLLOWER to CANDIDATE at term 67 for changeToCandidate
2019-10-16 18:00:36,293 [Thread-449] INFO  impl.RoleInfo (RoleInfo.java:updateAndGet(143)) - bf55b3f9-6b09-4365-9d71-55289e083fa5: start LeaderElection
2019-10-16 18:00:36,321 [bf55b3f9-6b09-4365-9d71-55289e083fa5@group-EFD1D20A002C-LeaderElection63] INFO  impl.LeaderElection (LeaderElection.java:askForVotes(178)) - bf55b3f9-6b09-4365-9d71-55289e083fa5@group-EFD1D20A002C-LeaderElection63: begin an election at term 68 for -1: [f4c54511-b161-4347-aec5-5236dc80a0d8:0.0.0.0:41238, 907b9765-214b-4864-b66a-d6e2a5789e5c:0.0.0.0:41650, bf55b3f9-6b09-4365-9d71-55289e083fa5:0.0.0.0:42441], old=null
2019-10-16 18:00:36,323 [grpc-default-executor-3] INFO  impl.RaftServerImpl (RaftServerImpl.java:setRole(184)) - f4c54511-b161-4347-aec5-5236dc80a0d8@group-EFD1D20A002C: changes role from  FOLLOWER to FOLLOWER at term 68 for recognizeCandidate:bf55b3f9-6b09-4365-9d71-55289e083fa5
2019-10-16 18:00:36,323 [grpc-default-executor-0] INFO  impl.RaftServerImpl (RaftServerImpl.java:setRole(184)) - 907b9765-214b-4864-b66a-d6e2a5789e5c@group-EFD1D20A002C: changes role from  FOLLOWER to FOLLOWER at term 68 for recognizeCandidate:bf55b3f9-6b09-4365-9d71-55289e083fa5
2019-10-16 18:00:36,323 [grpc-default-executor-3] INFO  impl.RoleInfo (RoleInfo.java:shutdownFollowerState(121)) - f4c54511-b161-4347-aec5-5236dc80a0d8: shutdown FollowerState
2019-10-16 18:00:36,324 [grpc-default-executor-0] INFO  impl.RoleInfo (RoleInfo.java:shutdownFollowerState(121)) - 907b9765-214b-4864-b66a-d6e2a5789e5c: shutdown FollowerState
2019-10-16 18:00:36,324 [grpc-default-executor-3] INFO  impl.RoleInfo (RoleInfo.java:updateAndGet(143)) - f4c54511-b161-4347-aec5-5236dc80a0d8: start FollowerState
2019-10-16 18:00:36,324 [Thread-448] INFO  impl.FollowerState (FollowerState.java:run(117)) - f4c54511-b161-4347-aec5-5236dc80a0d8@group-EFD1D20A002C-FollowerState was interrupted: java.lang.InterruptedException: sleep interrupted
2019-10-16 18:00:36,324 [Thread-447] INFO  impl.FollowerState (FollowerState.java:run(117)) - 907b9765-214b-4864-b66a-d6e2a5789e5c@group-EFD1D20A002C-FollowerState was interrupted: java.lang.InterruptedException: sleep interrupted
2019-10-16 18:00:36,324 [grpc-default-executor-0] INFO  impl.RoleInfo (RoleInfo.java:updateAndGet(143)) - 907b9765-214b-4864-b66a-d6e2a5789e5c: start FollowerState
2019-10-16 18:00:36,347 [bf55b3f9-6b09-4365-9d71-55289e083fa5@group-EFD1D20A002C-LeaderElection63] INFO  impl.LeaderElection (LeaderElection.java:logAndReturn(56)) - bf55b3f9-6b09-4365-9d71-55289e083fa5@group-EFD1D20A002C-LeaderElection63: Election REJECTED; received 2 response(s) [bf55b3f9-6b09-4365-9d71-55289e083fa5<-f4c54511-b161-4347-aec5-5236dc80a0d8#0:FAIL-t68, bf55b3f9-6b09-4365-9d71-55289e083fa5<-907b9765-214b-4864-b66a-d6e2a5789e5c#0:FAIL-t68] and 0 exception(s); bf55b3f9-6b09-4365-9d71-55289e083fa5@group-EFD1D20A002C:t68, leader=null, voted=bf55b3f9-6b09-4365-9d71-55289e083fa5, raftlog=bf55b3f9-6b09-4365-9d71-55289e083fa5@group-EFD1D20A002C-SegmentedRaftLog:OPENED:c-1,f-1,i0, conf=-1: [f4c54511-b161-4347-aec5-5236dc80a0d8:0.0.0.0:41238, 907b9765-214b-4864-b66a-d6e2a5789e5c:0.0.0.0:41650, bf55b3f9-6b09-4365-9d71-55289e083fa5:0.0.0.0:42441], old=null
2019-10-16 18:00:36,347 [bf55b3f9-6b09-4365-9d71-55289e083fa5@group-EFD1D20A002C-LeaderElection63] INFO  impl.RaftServerImpl (RaftServerImpl.java:setRole(184)) - bf55b3f9-6b09-4365-9d71-55289e083fa5@group-EFD1D20A002C: changes role from CANDIDATE to FOLLOWER at term 68 for DISCOVERED_A_NEW_TERM
2019-10-16 18:00:36,347 [bf55b3f9-6b09-4365-9d71-55289e083fa5@group-EFD1D20A002C-LeaderElection63] INFO  impl.RoleInfo (RoleInfo.java:shutdownLeaderElection(134)) - bf55b3f9-6b09-4365-9d71-55289e083fa5: shutdown LeaderElection
2019-10-16 18:00:36,348 [bf55b3f9-6b09-4365-9d71-55289e083fa5@group-EFD1D20A002C-LeaderElection63] INFO  impl.RoleInfo (RoleInfo.java:updateAndGet(143)) - bf55b3f9-6b09-4365-9d71-55289e083fa5: start FollowerState
2019-10-16 18:00:36,455 [Thread-455] INFO  impl.FollowerState (FollowerState.java:run(108)) - bf55b3f9-6b09-4365-9d71-55289e083fa5@group-EFD1D20A002C-FollowerState: change to CANDIDATE, lastRpcTime:107ms, electionTimeout:107ms
2019-10-16 18:00:36,455 [Thread-455] INFO  impl.RoleInfo (RoleInfo.java:shutdownFollowerState(121)) - bf55b3f9-6b09-4365-9d71-55289e083fa5: shutdown FollowerState
2019-10-16 18:00:36,455 [Thread-455] INFO  impl.RaftServerImpl (RaftServerImpl.java:setRole(184)) - bf55b3f9-6b09-4365-9d71-55289e083fa5@group-EFD1D20A002C: changes role from  FOLLOWER to CANDIDATE at term 68 for changeToCandidate
2019-10-16 18:00:36,456 [Thread-455] INFO  impl.RoleInfo (RoleInfo.java:updateAndGet(143)) - bf55b3f9-6b09-4365-9d71-55289e083fa5: start LeaderElection
2019-10-16 18:00:36,480 [bf55b3f9-6b09-4365-9d71-55289e083fa5@group-EFD1D20A002C-LeaderElection64] INFO  impl.LeaderElection (LeaderElection.java:askForVotes(178)) - bf55b3f9-6b09-4365-9d71-55289e083fa5@group-EFD1D20A002C-LeaderElection64: begin an election at term 69 for -1: [f4c54511-b161-4347-aec5-5236dc80a0d8:0.0.0.0:41238, 907b9765-214b-4864-b66a-d6e2a5789e5c:0.0.0.0:41650, bf55b3f9-6b09-4365-9d71-55289e083fa5:0.0.0.0:42441], old=null
2019-10-16 18:00:36,483 [grpc-default-executor-0] INFO  impl.RaftServerImpl (RaftServerImpl.java:setRole(184)) - f4c54511-b161-4347-aec5-5236dc80a0d8@group-EFD1D20A002C: changes role from  FOLLOWER to FOLLOWER at term 69 for recognizeCandidate:bf55b3f9-6b09-4365-9d71-55289e083fa5
2019-10-16 18:00:36,483 [grpc-default-executor-0] INFO  impl.RoleInfo (RoleInfo.java:shutdownFollowerState(121)) - f4c54511-b161-4347-aec5-5236dc80a0d8: shutdown FollowerState
2019-10-16 18:00:36,483 [grpc-default-executor-3] INFO  impl.RaftServerImpl (RaftServerImpl.java:setRole(184)) - 907b9765-214b-4864-b66a-d6e2a5789e5c@group-EFD1D20A002C: changes role from  FOLLOWER to FOLLOWER at term 69 for recognizeCandidate:bf55b3f9-6b09-4365-9d71-55289e083fa5
2019-10-16 18:00:36,483 [Thread-453] INFO  impl.FollowerState (FollowerState.java:run(117)) - f4c54511-b161-4347-aec5-5236dc80a0d8@group-EFD1D20A002C-FollowerState was interrupted: java.lang.InterruptedException: sleep interrupted
2019-10-16 18:00:36,483 [grpc-default-executor-0] INFO  impl.RoleInfo (RoleInfo.java:updateAndGet(143)) - f4c54511-b161-4347-aec5-5236dc80a0d8: start FollowerState
2019-10-16 18:00:36,483 [grpc-default-executor-3] INFO  impl.RoleInfo (RoleInfo.java:shutdownFollowerState(121)) - 907b9765-214b-4864-b66a-d6e2a5789e5c: shutdown FollowerState
2019-10-16 18:00:36,484 [grpc-default-executor-3] INFO  impl.RoleInfo (RoleInfo.java:updateAndGet(143)) - 907b9765-214b-4864-b66a-d6e2a5789e5c: start FollowerState
2019-10-16 18:00:36,484 [Thread-454] INFO  impl.FollowerState (FollowerState.java:run(117)) - 907b9765-214b-4864-b66a-d6e2a5789e5c@group-EFD1D20A002C-FollowerState was interrupted: java.lang.InterruptedException: sleep interrupted
2019-10-16 18:00:36,506 [bf55b3f9-6b09-4365-9d71-55289e083fa5@group-EFD1D20A002C-LeaderElection64] INFO  impl.LeaderElection (LeaderElection.java:logAndReturn(56)) - bf55b3f9-6b09-4365-9d71-55289e083fa5@group-EFD1D20A002C-LeaderElection64: Election REJECTED; received 2 response(s) [bf55b3f9-6b09-4365-9d71-55289e083fa5<-f4c54511-b161-4347-aec5-5236dc80a0d8#0:FAIL-t69, bf55b3f9-6b09-4365-9d71-55289e083fa5<-907b9765-214b-4864-b66a-d6e2a5789e5c#0:FAIL-t69] and 0 exception(s); bf55b3f9-6b09-4365-9d71-55289e083fa5@group-EFD1D20A002C:t69, leader=null, voted=bf55b3f9-6b09-4365-9d71-55289e083fa5, raftlog=bf55b3f9-6b09-4365-9d71-55289e083fa5@group-EFD1D20A002C-SegmentedRaftLog:OPENED:c-1,f-1,i0, conf=-1: [f4c54511-b161-4347-aec5-5236dc80a0d8:0.0.0.0:41238, 907b9765-214b-4864-b66a-d6e2a5789e5c:0.0.0.0:41650, bf55b3f9-6b09-4365-9d71-55289e083fa5:0.0.0.0:42441], old=null
2019-10-16 18:00:36,507 [bf55b3f9-6b09-4365-9d71-55289e083fa5@group-EFD1D20A002C-LeaderElection64] INFO  impl.RaftServerImpl (RaftServerImpl.java:setRole(184)) - bf55b3f9-6b09-4365-9d71-55289e083fa5@group-EFD1D20A002C: changes role from CANDIDATE to FOLLOWER at term 69 for DISCOVERED_A_NEW_TERM
2019-10-16 18:00:36,507 [bf55b3f9-6b09-4365-9d71-55289e083fa5@group-EFD1D20A002C-LeaderElection64] INFO  impl.RoleInfo (RoleInfo.java:shutdownLeaderElection(134)) - bf55b3f9-6b09-4365-9d71-55289e083fa5: shutdown LeaderElection
2019-10-16 18:00:36,507 [bf55b3f9-6b09-4365-9d71-55289e083fa5@group-EFD1D20A002C-LeaderElection64] INFO  impl.RoleInfo (RoleInfo.java:updateAndGet(143)) - bf55b3f9-6b09-4365-9d71-55289e083fa5: start FollowerState
2019-10-16 18:00:36,561 [Thread-461] INFO  impl.FollowerState (FollowerState.java:run(108)) - bf55b3f9-6b09-4365-9d71-55289e083fa5@group-EFD1D20A002C-FollowerState: change to CANDIDATE, lastRpcTime:53ms, electionTimeout:53ms
2019-10-16 18:00:36,561 [Thread-461] INFO  impl.RoleInfo (RoleInfo.java:shutdownFollowerState(121)) - bf55b3f9-6b09-4365-9d71-55289e083fa5: shutdown FollowerState
2019-10-16 18:00:36,561 [Thread-461] INFO  impl.RaftServerImpl (RaftServerImpl.java:setRole(184)) - bf55b3f9-6b09-4365-9d71-55289e083fa5@group-EFD1D20A002C: changes role from  FOLLOWER to CANDIDATE at term 69 for changeToCandidate
2019-10-16 18:00:36,561 [Thread-461] INFO  impl.RoleInfo (RoleInfo.java:updateAndGet(143)) - bf55b3f9-6b09-4365-9d71-55289e083fa5: start LeaderElection
2019-10-16 18:00:36,581 [bf55b3f9-6b09-4365-9d71-55289e083fa5@group-EFD1D20A002C-LeaderElection65] INFO  impl.LeaderElection (LeaderElection.java:askForVotes(178)) - bf55b3f9-6b09-4365-9d71-55289e083fa5@group-EFD1D20A002C-LeaderElection65: begin an election at term 70 for -1: [f4c54511-b161-4347-aec5-5236dc80a0d8:0.0.0.0:41238, 907b9765-214b-4864-b66a-d6e2a5789e5c:0.0.0.0:41650, bf55b3f9-6b09-4365-9d71-55289e083fa5:0.0.0.0:42441], old=null
2019-10-16 18:00:36,585 [grpc-default-executor-3] INFO  impl.RaftServerImpl (RaftServerImpl.java:setRole(184)) - f4c54511-b161-4347-aec5-5236dc80a0d8@group-EFD1D20A002C: changes role from  FOLLOWER to FOLLOWER at term 70 for recognizeCandidate:bf55b3f9-6b09-4365-9d71-55289e083fa5
2019-10-16 18:00:36,586 [grpc-default-executor-0] INFO  impl.RaftServerImpl (RaftServerImpl.java:setRole(184)) - 907b9765-214b-4864-b66a-d6e2a5789e5c@group-EFD1D20A002C: changes role from  FOLLOWER to FOLLOWER at term 70 for recognizeCandidate:bf55b3f9-6b09-4365-9d71-55289e083fa5
2019-10-16 18:00:36,586 [grpc-default-executor-3] INFO  impl.RoleInfo (RoleInfo.java:shutdownFollowerState(121)) - f4c54511-b161-4347-aec5-5236dc80a0d8: shutdown FollowerState
2019-10-16 18:00:36,586 [grpc-default-executor-0] INFO  impl.RoleInfo (RoleInfo.java:shutdownFollowerState(121)) - 907b9765-214b-4864-b66a-d6e2a5789e5c: shutdown FollowerState
2019-10-16 18:00:36,586 [Thread-459] INFO  impl.FollowerState (FollowerState.java:run(117)) - f4c54511-b161-4347-aec5-5236dc80a0d8@group-EFD1D20A002C-FollowerState was interrupted: java.lang.InterruptedException: sleep interrupted
2019-10-16 18:00:36,586 [grpc-default-executor-3] INFO  impl.RoleInfo (RoleInfo.java:updateAndGet(143)) - f4c54511-b161-4347-aec5-5236dc80a0d8: start FollowerState
2019-10-16 18:00:36,586 [Thread-460] INFO  impl.FollowerState (FollowerState.java:run(117)) - 907b9765-214b-4864-b66a-d6e2a5789e5c@group-EFD1D20A002C-FollowerState was interrupted: java.lang.InterruptedException: sleep interrupted
2019-10-16 18:00:36,586 [grpc-default-executor-0] INFO  impl.RoleInfo (RoleInfo.java:updateAndGet(143)) - 907b9765-214b-4864-b66a-d6e2a5789e5c: start FollowerState
2019-10-16 18:00:36,609 [bf55b3f9-6b09-4365-9d71-55289e083fa5@group-EFD1D20A002C-LeaderElection65] INFO  impl.LeaderElection (LeaderElection.java:logAndReturn(56)) - bf55b3f9-6b09-4365-9d71-55289e083fa5@group-EFD1D20A002C-LeaderElection65: Election REJECTED; received 2 response(s) [bf55b3f9-6b09-4365-9d71-55289e083fa5<-f4c54511-b161-4347-aec5-5236dc80a0d8#0:FAIL-t70, bf55b3f9-6b09-4365-9d71-55289e083fa5<-907b9765-214b-4864-b66a-d6e2a5789e5c#0:FAIL-t70] and 0 exception(s); bf55b3f9-6b09-4365-9d71-55289e083fa5@group-EFD1D20A002C:t70, leader=null, voted=bf55b3f9-6b09-4365-9d71-55289e083fa5, raftlog=bf55b3f9-6b09-4365-9d71-55289e083fa5@group-EFD1D20A002C-SegmentedRaftLog:OPENED:c-1,f-1,i0, conf=-1: [f4c54511-b161-4347-aec5-5236dc80a0d8:0.0.0.0:41238, 907b9765-214b-4864-b66a-d6e2a5789e5c:0.0.0.0:41650, bf55b3f9-6b09-4365-9d71-55289e083fa5:0.0.0.0:42441], old=null
2019-10-16 18:00:36,609 [bf55b3f9-6b09-4365-9d71-55289e083fa5@group-EFD1D20A002C-LeaderElection65] INFO  impl.RaftServerImpl (RaftServerImpl.java:setRole(184)) - bf55b3f9-6b09-4365-9d71-55289e083fa5@group-EFD1D20A002C: changes role from CANDIDATE to FOLLOWER at term 70 for DISCOVERED_A_NEW_TERM
2019-10-16 18:00:36,610 [bf55b3f9-6b09-4365-9d71-55289e083fa5@group-EFD1D20A002C-LeaderElection65] INFO  impl.RoleInfo (RoleInfo.java:shutdownLeaderElection(134)) - bf55b3f9-6b09-4365-9d71-55289e083fa5: shutdown LeaderElection
2019-10-16 18:00:36,610 [bf55b3f9-6b09-4365-9d71-55289e083fa5@group-EFD1D20A002C-LeaderElection65] INFO  impl.RoleInfo (RoleInfo.java:updateAndGet(143)) - bf55b3f9-6b09-4365-9d71-55289e083fa5: start FollowerState
2019-10-16 18:00:36,679 [Thread-469] INFO  impl.FollowerState (FollowerState.java:run(108)) - bf55b3f9-6b09-4365-9d71-55289e083fa5@group-EFD1D20A002C-FollowerState: change to CANDIDATE, lastRpcTime:69ms, electionTimeout:69ms
2019-10-16 18:00:36,679 [Thread-469] INFO  impl.RoleInfo (RoleInfo.java:shutdownFollowerState(121)) - bf55b3f9-6b09-4365-9d71-55289e083fa5: shutdown FollowerState
2019-10-16 18:00:36,680 [Thread-469] INFO  impl.RaftServerImpl (RaftServerImpl.java:setRole(184)) - bf55b3f9-6b09-4365-9d71-55289e083fa5@group-EFD1D20A002C: changes role from  FOLLOWER to CANDIDATE at term 70 for changeToCandidate
2019-10-16 18:00:36,680 [Thread-469] INFO  impl.RoleInfo (RoleInfo.java:updateAndGet(143)) - bf55b3f9-6b09-4365-9d71-55289e083fa5: start LeaderElection
2019-10-16 18:00:36,709 [bf55b3f9-6b09-4365-9d71-55289e083fa5@group-EFD1D20A002C-LeaderElection66] INFO  impl.LeaderElection (LeaderElection.java:askForVotes(178)) - bf55b3f9-6b09-4365-9d71-55289e083fa5@group-EFD1D20A002C-LeaderElection66: begin an election at term 71 for -1: [f4c54511-b161-4347-aec5-5236dc80a0d8:0.0.0.0:41238, 907b9765-214b-4864-b66a-d6e2a5789e5c:0.0.0.0:41650, bf55b3f9-6b09-4365-9d71-55289e083fa5:0.0.0.0:42441], old=null
2019-10-16 18:00:36,711 [grpc-default-executor-3] INFO  impl.RaftServerImpl (RaftServerImpl.java:setRole(184)) - 907b9765-214b-4864-b66a-d6e2a5789e5c@group-EFD1D20A002C: changes role from  FOLLOWER to FOLLOWER at term 71 for recognizeCandidate:bf55b3f9-6b09-4365-9d71-55289e083fa5
2019-10-16 18:00:36,711 [grpc-default-executor-0] INFO  impl.RaftServerImpl (RaftServerImpl.java:setRole(184)) - f4c54511-b161-4347-aec5-5236dc80a0d8@group-EFD1D20A002C: changes role from  FOLLOWER to FOLLOWER at term 71 for recognizeCandidate:bf55b3f9-6b09-4365-9d71-55289e083fa5
2019-10-16 18:00:36,712 [grpc-default-executor-3] INFO  impl.RoleInfo (RoleInfo.java:shutdownFollowerState(121)) - 907b9765-214b-4864-b66a-d6e2a5789e5c: shutdown FollowerState
2019-10-16 18:00:36,712 [grpc-default-executor-0] INFO  impl.RoleInfo (RoleInfo.java:shutdownFollowerState(121)) - f4c54511-b161-4347-aec5-5236dc80a0d8: shutdown FollowerState
2019-10-16 18:00:36,712 [Thread-468] INFO  impl.FollowerState (FollowerState.java:run(117)) - 907b9765-214b-4864-b66a-d6e2a5789e5c@group-EFD1D20A002C-FollowerState was interrupted: java.lang.InterruptedException: sleep interrupted
2019-10-16 18:00:36,712 [grpc-default-executor-3] INFO  impl.RoleInfo (RoleInfo.java:updateAndGet(143)) - 907b9765-214b-4864-b66a-d6e2a5789e5c: start FollowerState
2019-10-16 18:00:36,712 [grpc-default-executor-0] INFO  impl.RoleInfo (RoleInfo.java:updateAndGet(143)) - f4c54511-b161-4347-aec5-5236dc80a0d8: start FollowerState
2019-10-16 18:00:36,712 [Thread-467] INFO  impl.FollowerState (FollowerState.java:run(117)) - f4c54511-b161-4347-aec5-5236dc80a0d8@group-EFD1D20A002C-FollowerState was interrupted: java.lang.InterruptedException: sleep interrupted
2019-10-16 18:00:36,735 [bf55b3f9-6b09-4365-9d71-55289e083fa5@group-EFD1D20A002C-LeaderElection66] INFO  impl.LeaderElection (LeaderElection.java:logAndReturn(56)) - bf55b3f9-6b09-4365-9d71-55289e083fa5@group-EFD1D20A002C-LeaderElection66: Election REJECTED; received 2 response(s) [bf55b3f9-6b09-4365-9d71-55289e083fa5<-f4c54511-b161-4347-aec5-5236dc80a0d8#0:FAIL-t71, bf55b3f9-6b09-4365-9d71-55289e083fa5<-907b9765-214b-4864-b66a-d6e2a5789e5c#0:FAIL-t71] and 0 exception(s); bf55b3f9-6b09-4365-9d71-55289e083fa5@group-EFD1D20A002C:t71, leader=null, voted=bf55b3f9-6b09-4365-9d71-55289e083fa5, raftlog=bf55b3f9-6b09-4365-9d71-55289e083fa5@group-EFD1D20A002C-SegmentedRaftLog:OPENED:c-1,f-1,i0, conf=-1: [f4c54511-b161-4347-aec5-5236dc80a0d8:0.0.0.0:41238, 907b9765-214b-4864-b66a-d6e2a5789e5c:0.0.0.0:41650, bf55b3f9-6b09-4365-9d71-55289e083fa5:0.0.0.0:42441], old=null
2019-10-16 18:00:36,735 [bf55b3f9-6b09-4365-9d71-55289e083fa5@group-EFD1D20A002C-LeaderElection66] INFO  impl.RaftServerImpl (RaftServerImpl.java:setRole(184)) - bf55b3f9-6b09-4365-9d71-55289e083fa5@group-EFD1D20A002C: changes role from CANDIDATE to FOLLOWER at term 71 for DISCOVERED_A_NEW_TERM
2019-10-16 18:00:36,735 [bf55b3f9-6b09-4365-9d71-55289e083fa5@group-EFD1D20A002C-LeaderElection66] INFO  impl.RoleInfo (RoleInfo.java:shutdownLeaderElection(134)) - bf55b3f9-6b09-4365-9d71-55289e083fa5: shutdown LeaderElection
2019-10-16 18:00:36,736 [bf55b3f9-6b09-4365-9d71-55289e083fa5@group-EFD1D20A002C-LeaderElection66] INFO  impl.RoleInfo (RoleInfo.java:updateAndGet(143)) - bf55b3f9-6b09-4365-9d71-55289e083fa5: start FollowerState
2019-10-16 18:00:36,800 [Thread-475] INFO  impl.FollowerState (FollowerState.java:run(108)) - bf55b3f9-6b09-4365-9d71-55289e083fa5@group-EFD1D20A002C-FollowerState: change to CANDIDATE, lastRpcTime:64ms, electionTimeout:64ms
2019-10-16 18:00:36,800 [Thread-475] INFO  impl.RoleInfo (RoleInfo.java:shutdownFollowerState(121)) - bf55b3f9-6b09-4365-9d71-55289e083fa5: shutdown FollowerState
2019-10-16 18:00:36,800 [Thread-475] INFO  impl.RaftServerImpl (RaftServerImpl.java:setRole(184)) - bf55b3f9-6b09-4365-9d71-55289e083fa5@group-EFD1D20A002C: changes role from  FOLLOWER to CANDIDATE at term 71 for changeToCandidate
2019-10-16 18:00:36,800 [Thread-475] INFO  impl.RoleInfo (RoleInfo.java:updateAndGet(143)) - bf55b3f9-6b09-4365-9d71-55289e083fa5: start LeaderElection
2019-10-16 18:00:36,835 [bf55b3f9-6b09-4365-9d71-55289e083fa5@group-EFD1D20A002C-LeaderElection67] INFO  impl.LeaderElection (LeaderElection.java:askForVotes(178)) - bf55b3f9-6b09-4365-9d71-55289e083fa5@group-EFD1D20A002C-LeaderElection67: begin an election at term 72 for -1: [f4c54511-b161-4347-aec5-5236dc80a0d8:0.0.0.0:41238, 907b9765-214b-4864-b66a-d6e2a5789e5c:0.0.0.0:41650, bf55b3f9-6b09-4365-9d71-55289e083fa5:0.0.0.0:42441], old=null
2019-10-16 18:00:36,838 [grpc-default-executor-3] INFO  impl.RaftServerImpl (RaftServerImpl.java:setRole(184)) - 907b9765-214b-4864-b66a-d6e2a5789e5c@group-EFD1D20A002C: changes role from  FOLLOWER to FOLLOWER at term 72 for recognizeCandidate:bf55b3f9-6b09-4365-9d71-55289e083fa5
2019-10-16 18:00:36,838 [grpc-default-executor-0] INFO  impl.RaftServerImpl (RaftServerImpl.java:setRole(184)) - f4c54511-b161-4347-aec5-5236dc80a0d8@group-EFD1D20A002C: changes role from  FOLLOWER to FOLLOWER at term 72 for recognizeCandidate:bf55b3f9-6b09-4365-9d71-55289e083fa5
2019-10-16 18:00:36,838 [grpc-default-executor-3] INFO  impl.RoleInfo (RoleInfo.java:shutdownFollowerState(121)) - 907b9765-214b-4864-b66a-d6e2a5789e5c: shutdown FollowerState
2019-10-16 18:00:36,839 [grpc-default-executor-0] INFO  impl.RoleInfo (RoleInfo.java:shutdownFollowerState(121)) - f4c54511-b161-4347-aec5-5236dc80a0d8: shutdown FollowerState
2019-10-16 18:00:36,839 [grpc-default-executor-3] INFO  impl.RoleInfo (RoleInfo.java:updateAndGet(143)) - 907b9765-214b-4864-b66a-d6e2a5789e5c: start FollowerState
2019-10-16 18:00:36,839 [Thread-473] INFO  impl.FollowerState (FollowerState.java:run(117)) - 907b9765-214b-4864-b66a-d6e2a5789e5c@group-EFD1D20A002C-FollowerState was interrupted: java.lang.InterruptedException: sleep interrupted
2019-10-16 18:00:36,839 [Thread-474] INFO  impl.FollowerState (FollowerState.java:run(117)) - f4c54511-b161-4347-aec5-5236dc80a0d8@group-EFD1D20A002C-FollowerState was interrupted: java.lang.InterruptedException: sleep interrupted
2019-10-16 18:00:36,839 [grpc-default-executor-0] INFO  impl.RoleInfo (RoleInfo.java:updateAndGet(143)) - f4c54511-b161-4347-aec5-5236dc80a0d8: start FollowerState
2019-10-16 18:00:36,862 [bf55b3f9-6b09-4365-9d71-55289e083fa5@group-EFD1D20A002C-LeaderElection67] INFO  impl.LeaderElection (LeaderElection.java:logAndReturn(56)) - bf55b3f9-6b09-4365-9d71-55289e083fa5@group-EFD1D20A002C-LeaderElection67: Election REJECTED; received 2 response(s) [bf55b3f9-6b09-4365-9d71-55289e083fa5<-f4c54511-b161-4347-aec5-5236dc80a0d8#0:FAIL-t72, bf55b3f9-6b09-4365-9d71-55289e083fa5<-907b9765-214b-4864-b66a-d6e2a5789e5c#0:FAIL-t72] and 0 exception(s); bf55b3f9-6b09-4365-9d71-55289e083fa5@group-EFD1D20A002C:t72, leader=null, voted=bf55b3f9-6b09-4365-9d71-55289e083fa5, raftlog=bf55b3f9-6b09-4365-9d71-55289e083fa5@group-EFD1D20A002C-SegmentedRaftLog:OPENED:c-1,f-1,i0, conf=-1: [f4c54511-b161-4347-aec5-5236dc80a0d8:0.0.0.0:41238, 907b9765-214b-4864-b66a-d6e2a5789e5c:0.0.0.0:41650, bf55b3f9-6b09-4365-9d71-55289e083fa5:0.0.0.0:42441], old=null
2019-10-16 18:00:36,862 [bf55b3f9-6b09-4365-9d71-55289e083fa5@group-EFD1D20A002C-LeaderElection67] INFO  impl.RaftServerImpl (RaftServerImpl.java:setRole(184)) - bf55b3f9-6b09-4365-9d71-55289e083fa5@group-EFD1D20A002C: changes role from CANDIDATE to FOLLOWER at term 72 for DISCOVERED_A_NEW_TERM
2019-10-16 18:00:36,862 [bf55b3f9-6b09-4365-9d71-55289e083fa5@group-EFD1D20A002C-LeaderElection67] INFO  impl.RoleInfo (RoleInfo.java:shutdownLeaderElection(134)) - bf55b3f9-6b09-4365-9d71-55289e083fa5: shutdown LeaderElection
2019-10-16 18:00:36,862 [bf55b3f9-6b09-4365-9d71-55289e083fa5@group-EFD1D20A002C-LeaderElection67] INFO  impl.RoleInfo (RoleInfo.java:updateAndGet(143)) - bf55b3f9-6b09-4365-9d71-55289e083fa5: start FollowerState
2019-10-16 18:00:36,986 [Thread-481] INFO  impl.FollowerState (FollowerState.java:run(108)) - bf55b3f9-6b09-4365-9d71-55289e083fa5@group-EFD1D20A002C-FollowerState: change to CANDIDATE, lastRpcTime:123ms, electionTimeout:123ms
2019-10-16 18:00:36,986 [Thread-481] INFO  impl.RoleInfo (RoleInfo.java:shutdownFollowerState(121)) - bf55b3f9-6b09-4365-9d71-55289e083fa5: shutdown FollowerState
2019-10-16 18:00:36,987 [Thread-481] INFO  impl.RaftServerImpl (RaftServerImpl.java:setRole(184)) - bf55b3f9-6b09-4365-9d71-55289e083fa5@group-EFD1D20A002C: changes role from  FOLLOWER to CANDIDATE at term 72 for changeToCandidate
2019-10-16 18:00:36,987 [Thread-481] INFO  impl.RoleInfo (RoleInfo.java:updateAndGet(143)) - bf55b3f9-6b09-4365-9d71-55289e083fa5: start LeaderElection
2019-10-16 18:00:37,012 [bf55b3f9-6b09-4365-9d71-55289e083fa5@group-EFD1D20A002C-LeaderElection68] INFO  impl.LeaderElection (LeaderElection.java:askForVotes(178)) - bf55b3f9-6b09-4365-9d71-55289e083fa5@group-EFD1D20A002C-LeaderElection68: begin an election at term 73 for -1: [f4c54511-b161-4347-aec5-5236dc80a0d8:0.0.0.0:41238, 907b9765-214b-4864-b66a-d6e2a5789e5c:0.0.0.0:41650, bf55b3f9-6b09-4365-9d71-55289e083fa5:0.0.0.0:42441], old=null
2019-10-16 18:00:37,015 [grpc-default-executor-0] INFO  impl.RaftServerImpl (RaftServerImpl.java:setRole(184)) - f4c54511-b161-4347-aec5-5236dc80a0d8@group-EFD1D20A002C: changes role from  FOLLOWER to FOLLOWER at term 73 for recognizeCandidate:bf55b3f9-6b09-4365-9d71-55289e083fa5
2019-10-16 18:00:37,015 [grpc-default-executor-3] INFO  impl.RaftServerImpl (RaftServerImpl.java:setRole(184)) - 907b9765-214b-4864-b66a-d6e2a5789e5c@group-EFD1D20A002C: changes role from  FOLLOWER to FOLLOWER at term 73 for recognizeCandidate:bf55b3f9-6b09-4365-9d71-55289e083fa5
2019-10-16 18:00:37,015 [grpc-default-executor-0] INFO  impl.RoleInfo (RoleInfo.java:shutdownFollowerState(121)) - f4c54511-b161-4347-aec5-5236dc80a0d8: shutdown FollowerState
2019-10-16 18:00:37,015 [grpc-default-executor-3] INFO  impl.RoleInfo (RoleInfo.java:shutdownFollowerState(121)) - 907b9765-214b-4864-b66a-d6e2a5789e5c: shutdown FollowerState
2019-10-16 18:00:37,015 [Thread-480] INFO  impl.FollowerState (FollowerState.java:run(117)) - f4c54511-b161-4347-aec5-5236dc80a0d8@group-EFD1D20A002C-FollowerState was interrupted: java.lang.InterruptedException: sleep interrupted
2019-10-16 18:00:37,016 [Thread-479] INFO  impl.FollowerState (FollowerState.java:run(117)) - 907b9765-214b-4864-b66a-d6e2a5789e5c@group-EFD1D20A002C-FollowerState was interrupted: java.lang.InterruptedException: sleep interrupted
2019-10-16 18:00:37,015 [grpc-default-executor-0] INFO  impl.RoleInfo (RoleInfo.java:updateAndGet(143)) - f4c54511-b161-4347-aec5-5236dc80a0d8: start FollowerState
2019-10-16 18:00:37,016 [grpc-default-executor-3] INFO  impl.RoleInfo (RoleInfo.java:updateAndGet(143)) - 907b9765-214b-4864-b66a-d6e2a5789e5c: start FollowerState
2019-10-16 18:00:37,047 [bf55b3f9-6b09-4365-9d71-55289e083fa5@group-EFD1D20A002C-LeaderElection68] INFO  impl.LeaderElection (LeaderElection.java:logAndReturn(56)) - bf55b3f9-6b09-4365-9d71-55289e083fa5@group-EFD1D20A002C-LeaderElection68: Election REJECTED; received 2 response(s) [bf55b3f9-6b09-4365-9d71-55289e083fa5<-f4c54511-b161-4347-aec5-5236dc80a0d8#0:FAIL-t73, bf55b3f9-6b09-4365-9d71-55289e083fa5<-907b9765-214b-4864-b66a-d6e2a5789e5c#0:FAIL-t73] and 0 exception(s); bf55b3f9-6b09-4365-9d71-55289e083fa5@group-EFD1D20A002C:t73, leader=null, voted=bf55b3f9-6b09-4365-9d71-55289e083fa5, raftlog=bf55b3f9-6b09-4365-9d71-55289e083fa5@group-EFD1D20A002C-SegmentedRaftLog:OPENED:c-1,f-1,i0, conf=-1: [f4c54511-b161-4347-aec5-5236dc80a0d8:0.0.0.0:41238, 907b9765-214b-4864-b66a-d6e2a5789e5c:0.0.0.0:41650, bf55b3f9-6b09-4365-9d71-55289e083fa5:0.0.0.0:42441], old=null
2019-10-16 18:00:37,047 [bf55b3f9-6b09-4365-9d71-55289e083fa5@group-EFD1D20A002C-LeaderElection68] INFO  impl.RaftServerImpl (RaftServerImpl.java:setRole(184)) - bf55b3f9-6b09-4365-9d71-55289e083fa5@group-EFD1D20A002C: changes role from CANDIDATE to FOLLOWER at term 73 for DISCOVERED_A_NEW_TERM
2019-10-16 18:00:37,047 [bf55b3f9-6b09-4365-9d71-55289e083fa5@group-EFD1D20A002C-LeaderElection68] INFO  impl.RoleInfo (RoleInfo.java:shutdownLeaderElection(134)) - bf55b3f9-6b09-4365-9d71-55289e083fa5: shutdown LeaderElection
2019-10-16 18:00:37,047 [bf55b3f9-6b09-4365-9d71-55289e083fa5@group-EFD1D20A002C-LeaderElection68] INFO  impl.RoleInfo (RoleInfo.java:updateAndGet(143)) - bf55b3f9-6b09-4365-9d71-55289e083fa5: start FollowerState
2019-10-16 18:00:37,056 [Thread-487] INFO  impl.FollowerState (FollowerState.java:run(108)) - bf55b3f9-6b09-4365-9d71-55289e083fa5@group-EFD1D20A002C-FollowerState: change to CANDIDATE, lastRpcTime:8ms, electionTimeout:8ms
2019-10-16 18:00:37,056 [Thread-487] INFO  impl.RoleInfo (RoleInfo.java:shutdownFollowerState(121)) - bf55b3f9-6b09-4365-9d71-55289e083fa5: shutdown FollowerState
2019-10-16 18:00:37,056 [Thread-487] INFO  impl.RaftServerImpl (RaftServerImpl.java:setRole(184)) - bf55b3f9-6b09-4365-9d71-55289e083fa5@group-EFD1D20A002C: changes role from  FOLLOWER to CANDIDATE at term 73 for changeToCandidate
2019-10-16 18:00:37,056 [Thread-487] INFO  impl.RoleInfo (RoleInfo.java:updateAndGet(143)) - bf55b3f9-6b09-4365-9d71-55289e083fa5: start LeaderElection
2019-10-16 18:00:37,071 [bf55b3f9-6b09-4365-9d71-55289e083fa5@group-EFD1D20A002C-LeaderElection69] INFO  impl.LeaderElection (LeaderElection.java:askForVotes(178)) - bf55b3f9-6b09-4365-9d71-55289e083fa5@group-EFD1D20A002C-LeaderElection69: begin an election at term 74 for -1: [f4c54511-b161-4347-aec5-5236dc80a0d8:0.0.0.0:41238, 907b9765-214b-4864-b66a-d6e2a5789e5c:0.0.0.0:41650, bf55b3f9-6b09-4365-9d71-55289e083fa5:0.0.0.0:42441], old=null
2019-10-16 18:00:37,074 [grpc-default-executor-3] INFO  impl.RaftServerImpl (RaftServerImpl.java:setRole(184)) - f4c54511-b161-4347-aec5-5236dc80a0d8@group-EFD1D20A002C: changes role from  FOLLOWER to FOLLOWER at term 74 for recognizeCandidate:bf55b3f9-6b09-4365-9d71-55289e083fa5
2019-10-16 18:00:37,074 [grpc-default-executor-3] INFO  impl.RoleInfo (RoleInfo.java:shutdownFollowerState(121)) - f4c54511-b161-4347-aec5-5236dc80a0d8: shutdown FollowerState
2019-10-16 18:00:37,074 [grpc-default-executor-0] INFO  impl.RaftServerImpl (RaftServerImpl.java:setRole(184)) - 907b9765-214b-4864-b66a-d6e2a5789e5c@group-EFD1D20A002C: changes role from  FOLLOWER to FOLLOWER at term 74 for recognizeCandidate:bf55b3f9-6b09-4365-9d71-55289e083fa5
2019-10-16 18:00:37,074 [Thread-485] INFO  impl.FollowerState (FollowerState.java:run(117)) - f4c54511-b161-4347-aec5-5236dc80a0d8@group-EFD1D20A002C-FollowerState was interrupted: java.lang.InterruptedException: sleep interrupted
2019-10-16 18:00:37,074 [grpc-default-executor-3] INFO  impl.RoleInfo (RoleInfo.java:updateAndGet(143)) - f4c54511-b161-4347-aec5-5236dc80a0d8: start FollowerState
2019-10-16 18:00:37,074 [grpc-default-executor-0] INFO  impl.RoleInfo (RoleInfo.java:shutdownFollowerState(121)) - 907b9765-214b-4864-b66a-d6e2a5789e5c: shutdown FollowerState
2019-10-16 18:00:37,075 [grpc-default-executor-0] INFO  impl.RoleInfo (RoleInfo.java:updateAndGet(143)) - 907b9765-214b-4864-b66a-d6e2a5789e5c: start FollowerState
2019-10-16 18:00:37,075 [Thread-486] INFO  impl.FollowerState (FollowerState.java:run(117)) - 907b9765-214b-4864-b66a-d6e2a5789e5c@group-EFD1D20A002C-FollowerState was interrupted: java.lang.InterruptedException: sleep interrupted
2019-10-16 18:00:37,098 [bf55b3f9-6b09-4365-9d71-55289e083fa5@group-EFD1D20A002C-LeaderElection69] INFO  impl.LeaderElection (LeaderElection.java:logAndReturn(56)) - bf55b3f9-6b09-4365-9d71-55289e083fa5@group-EFD1D20A002C-LeaderElection69: Election REJECTED; received 2 response(s) [bf55b3f9-6b09-4365-9d71-55289e083fa5<-f4c54511-b161-4347-aec5-5236dc80a0d8#0:FAIL-t74, bf55b3f9-6b09-4365-9d71-55289e083fa5<-907b9765-214b-4864-b66a-d6e2a5789e5c#0:FAIL-t74] and 0 exception(s); bf55b3f9-6b09-4365-9d71-55289e083fa5@group-EFD1D20A002C:t74, leader=null, voted=bf55b3f9-6b09-4365-9d71-55289e083fa5, raftlog=bf55b3f9-6b09-4365-9d71-55289e083fa5@group-EFD1D20A002C-SegmentedRaftLog:OPENED:c-1,f-1,i0, conf=-1: [f4c54511-b161-4347-aec5-5236dc80a0d8:0.0.0.0:41238, 907b9765-214b-4864-b66a-d6e2a5789e5c:0.0.0.0:41650, bf55b3f9-6b09-4365-9d71-55289e083fa5:0.0.0.0:42441], old=null
2019-10-16 18:00:37,098 [bf55b3f9-6b09-4365-9d71-55289e083fa5@group-EFD1D20A002C-LeaderElection69] INFO  impl.RaftServerImpl (RaftServerImpl.java:setRole(184)) - bf55b3f9-6b09-4365-9d71-55289e083fa5@group-EFD1D20A002C: changes role from CANDIDATE to FOLLOWER at term 74 for DISCOVERED_A_NEW_TERM
2019-10-16 18:00:37,098 [bf55b3f9-6b09-4365-9d71-55289e083fa5@group-EFD1D20A002C-LeaderElection69] INFO  impl.RoleInfo (RoleInfo.java:shutdownLeaderElection(134)) - bf55b3f9-6b09-4365-9d71-55289e083fa5: shutdown LeaderElection
2019-10-16 18:00:37,098 [bf55b3f9-6b09-4365-9d71-55289e083fa5@group-EFD1D20A002C-LeaderElection69] INFO  impl.RoleInfo (RoleInfo.java:updateAndGet(143)) - bf55b3f9-6b09-4365-9d71-55289e083fa5: start FollowerState
2019-10-16 18:00:37,142 [Thread-493] INFO  impl.FollowerState (FollowerState.java:run(108)) - bf55b3f9-6b09-4365-9d71-55289e083fa5@group-EFD1D20A002C-FollowerState: change to CANDIDATE, lastRpcTime:43ms, electionTimeout:43ms
2019-10-16 18:00:37,142 [Thread-493] INFO  impl.RoleInfo (RoleInfo.java:shutdownFollowerState(121)) - bf55b3f9-6b09-4365-9d71-55289e083fa5: shutdown FollowerState
2019-10-16 18:00:37,142 [Thread-493] INFO  impl.RaftServerImpl (RaftServerImpl.java:setRole(184)) - bf55b3f9-6b09-4365-9d71-55289e083fa5@group-EFD1D20A002C: changes role from  FOLLOWER to CANDIDATE at term 74 for changeToCandidate
2019-10-16 18:00:37,142 [Thread-493] INFO  impl.RoleInfo (RoleInfo.java:updateAndGet(143)) - bf55b3f9-6b09-4365-9d71-55289e083fa5: start LeaderElection
2019-10-16 18:00:37,172 [bf55b3f9-6b09-4365-9d71-55289e083fa5@group-EFD1D20A002C-LeaderElection70] INFO  impl.LeaderElection (LeaderElection.java:askForVotes(178)) - bf55b3f9-6b09-4365-9d71-55289e083fa5@group-EFD1D20A002C-LeaderElection70: begin an election at term 75 for -1: [f4c54511-b161-4347-aec5-5236dc80a0d8:0.0.0.0:41238, 907b9765-214b-4864-b66a-d6e2a5789e5c:0.0.0.0:41650, bf55b3f9-6b09-4365-9d71-55289e083fa5:0.0.0.0:42441], old=null
2019-10-16 18:00:37,176 [grpc-default-executor-0] INFO  impl.RaftServerImpl (RaftServerImpl.java:setRole(184)) - 907b9765-214b-4864-b66a-d6e2a5789e5c@group-EFD1D20A002C: changes role from  FOLLOWER to FOLLOWER at term 75 for recognizeCandidate:bf55b3f9-6b09-4365-9d71-55289e083fa5
2019-10-16 18:00:37,176 [grpc-default-executor-0] INFO  impl.RoleInfo (RoleInfo.java:shutdownFollowerState(121)) - 907b9765-214b-4864-b66a-d6e2a5789e5c: shutdown FollowerState
2019-10-16 18:00:37,176 [grpc-default-executor-3] INFO  impl.RaftServerImpl (RaftServerImpl.java:setRole(184)) - f4c54511-b161-4347-aec5-5236dc80a0d8@group-EFD1D20A002C: changes role from  FOLLOWER to FOLLOWER at term 75 for recognizeCandidate:bf55b3f9-6b09-4365-9d71-55289e083fa5
2019-10-16 18:00:37,176 [Thread-492] INFO  impl.FollowerState (FollowerState.java:run(117)) - 907b9765-214b-4864-b66a-d6e2a5789e5c@group-EFD1D20A002C-FollowerState was interrupted: java.lang.InterruptedException: sleep interrupted
2019-10-16 18:00:37,176 [grpc-default-executor-0] INFO  impl.RoleInfo (RoleInfo.java:updateAndGet(143)) - 907b9765-214b-4864-b66a-d6e2a5789e5c: start FollowerState
2019-10-16 18:00:37,177 [grpc-default-executor-3] INFO  impl.RoleInfo (RoleInfo.java:shutdownFollowerState(121)) - f4c54511-b161-4347-aec5-5236dc80a0d8: shutdown FollowerState
2019-10-16 18:00:37,177 [grpc-default-executor-3] INFO  impl.RoleInfo (RoleInfo.java:updateAndGet(143)) - f4c54511-b161-4347-aec5-5236dc80a0d8: start FollowerState
2019-10-16 18:00:37,177 [Thread-491] INFO  impl.FollowerState (FollowerState.java:run(117)) - f4c54511-b161-4347-aec5-5236dc80a0d8@group-EFD1D20A002C-FollowerState was interrupted: java.lang.InterruptedException: sleep interrupted
2019-10-16 18:00:37,208 [bf55b3f9-6b09-4365-9d71-55289e083fa5@group-EFD1D20A002C-LeaderElection70] INFO  impl.LeaderElection (LeaderElection.java:logAndReturn(56)) - bf55b3f9-6b09-4365-9d71-55289e083fa5@group-EFD1D20A002C-LeaderElection70: Election REJECTED; received 2 response(s) [bf55b3f9-6b09-4365-9d71-55289e083fa5<-f4c54511-b161-4347-aec5-5236dc80a0d8#0:FAIL-t75, bf55b3f9-6b09-4365-9d71-55289e083fa5<-907b9765-214b-4864-b66a-d6e2a5789e5c#0:FAIL-t75] and 0 exception(s); bf55b3f9-6b09-4365-9d71-55289e083fa5@group-EFD1D20A002C:t75, leader=null, voted=bf55b3f9-6b09-4365-9d71-55289e083fa5, raftlog=bf55b3f9-6b09-4365-9d71-55289e083fa5@group-EFD1D20A002C-SegmentedRaftLog:OPENED:c-1,f-1,i0, conf=-1: [f4c54511-b161-4347-aec5-5236dc80a0d8:0.0.0.0:41238, 907b9765-214b-4864-b66a-d6e2a5789e5c:0.0.0.0:41650, bf55b3f9-6b09-4365-9d71-55289e083fa5:0.0.0.0:42441], old=null
2019-10-16 18:00:37,208 [bf55b3f9-6b09-4365-9d71-55289e083fa5@group-EFD1D20A002C-LeaderElection70] INFO  impl.RaftServerImpl (RaftServerImpl.java:setRole(184)) - bf55b3f9-6b09-4365-9d71-55289e083fa5@group-EFD1D20A002C: changes role from CANDIDATE to FOLLOWER at term 75 for DISCOVERED_A_NEW_TERM
2019-10-16 18:00:37,208 [bf55b3f9-6b09-4365-9d71-55289e083fa5@group-EFD1D20A002C-LeaderElection70] INFO  impl.RoleInfo (RoleInfo.java:shutdownLeaderElection(134)) - bf55b3f9-6b09-4365-9d71-55289e083fa5: shutdown LeaderElection
2019-10-16 18:00:37,208 [bf55b3f9-6b09-4365-9d71-55289e083fa5@group-EFD1D20A002C-LeaderElection70] INFO  impl.RoleInfo (RoleInfo.java:updateAndGet(143)) - bf55b3f9-6b09-4365-9d71-55289e083fa5: start FollowerState
2019-10-16 18:00:37,327 [Thread-499] INFO  impl.FollowerState (FollowerState.java:run(108)) - bf55b3f9-6b09-4365-9d71-55289e083fa5@group-EFD1D20A002C-FollowerState: change to CANDIDATE, lastRpcTime:119ms, electionTimeout:119ms
2019-10-16 18:00:37,328 [Thread-499] INFO  impl.RoleInfo (RoleInfo.java:shutdownFollowerState(121)) - bf55b3f9-6b09-4365-9d71-55289e083fa5: shutdown FollowerState
2019-10-16 18:00:37,328 [Thread-499] INFO  impl.RaftServerImpl (RaftServerImpl.java:setRole(184)) - bf55b3f9-6b09-4365-9d71-55289e083fa5@group-EFD1D20A002C: changes role from  FOLLOWER to CANDIDATE at term 75 for changeToCandidate
2019-10-16 18:00:37,328 [Thread-499] INFO  impl.RoleInfo (RoleInfo.java:updateAndGet(143)) - bf55b3f9-6b09-4365-9d71-55289e083fa5: start LeaderElection
2019-10-16 18:00:37,357 [bf55b3f9-6b09-4365-9d71-55289e083fa5@group-EFD1D20A002C-LeaderElection71] INFO  impl.LeaderElection (LeaderElection.java:askForVotes(178)) - bf55b3f9-6b09-4365-9d71-55289e083fa5@group-EFD1D20A002C-LeaderElection71: begin an election at term 76 for -1: [f4c54511-b161-4347-aec5-5236dc80a0d8:0.0.0.0:41238, 907b9765-214b-4864-b66a-d6e2a5789e5c:0.0.0.0:41650, bf55b3f9-6b09-4365-9d71-55289e083fa5:0.0.0.0:42441], old=null
2019-10-16 18:00:37,360 [grpc-default-executor-0] INFO  impl.RaftServerImpl (RaftServerImpl.java:setRole(184)) - 907b9765-214b-4864-b66a-d6e2a5789e5c@group-EFD1D20A002C: changes role from  FOLLOWER to FOLLOWER at term 76 for recognizeCandidate:bf55b3f9-6b09-4365-9d71-55289e083fa5
2019-10-16 18:00:37,360 [grpc-default-executor-0] INFO  impl.RoleInfo (RoleInfo.java:shutdownFollowerState(121)) - 907b9765-214b-4864-b66a-d6e2a5789e5c: shutdown FollowerState
2019-10-16 18:00:37,360 [grpc-default-executor-3] INFO  impl.RaftServerImpl (RaftServerImpl.java:setRole(184)) - f4c54511-b161-4347-aec5-5236dc80a0d8@group-EFD1D20A002C: changes role from  FOLLOWER to FOLLOWER at term 76 for recognizeCandidate:bf55b3f9-6b09-4365-9d71-55289e083fa5
2019-10-16 18:00:37,360 [Thread-497] INFO  impl.FollowerState (FollowerState.java:run(117)) - 907b9765-214b-4864-b66a-d6e2a5789e5c@group-EFD1D20A002C-FollowerState was interrupted: java.lang.InterruptedException: sleep interrupted
2019-10-16 18:00:37,360 [grpc-default-executor-0] INFO  impl.RoleInfo (RoleInfo.java:updateAndGet(143)) - 907b9765-214b-4864-b66a-d6e2a5789e5c: start FollowerState
2019-10-16 18:00:37,361 [grpc-default-executor-3] INFO  impl.RoleInfo (RoleInfo.java:shutdownFollowerState(121)) - f4c54511-b161-4347-aec5-5236dc80a0d8: shutdown FollowerState
2019-10-16 18:00:37,361 [grpc-default-executor-3] INFO  impl.RoleInfo (RoleInfo.java:updateAndGet(143)) - f4c54511-b161-4347-aec5-5236dc80a0d8: start FollowerState
2019-10-16 18:00:37,361 [Thread-498] INFO  impl.FollowerState (FollowerState.java:run(117)) - f4c54511-b161-4347-aec5-5236dc80a0d8@group-EFD1D20A002C-FollowerState was interrupted: java.lang.InterruptedException: sleep interrupted
2019-10-16 18:00:37,376 [bf55b3f9-6b09-4365-9d71-55289e083fa5@group-EFD1D20A002C-LeaderElection71] INFO  impl.LeaderElection (LeaderElection.java:logAndReturn(56)) - bf55b3f9-6b09-4365-9d71-55289e083fa5@group-EFD1D20A002C-LeaderElection71: Election TIMEOUT; received 0 response(s) [] and 0 exception(s); bf55b3f9-6b09-4365-9d71-55289e083fa5@group-EFD1D20A002C:t76, leader=null, voted=bf55b3f9-6b09-4365-9d71-55289e083fa5, raftlog=bf55b3f9-6b09-4365-9d71-55289e083fa5@group-EFD1D20A002C-SegmentedRaftLog:OPENED:c-1,f-1,i0, conf=-1: [f4c54511-b161-4347-aec5-5236dc80a0d8:0.0.0.0:41238, 907b9765-214b-4864-b66a-d6e2a5789e5c:0.0.0.0:41650, bf55b3f9-6b09-4365-9d71-55289e083fa5:0.0.0.0:42441], old=null
2019-10-16 18:00:37,460 [bf55b3f9-6b09-4365-9d71-55289e083fa5@group-EFD1D20A002C-LeaderElection71] INFO  impl.LeaderElection (LeaderElection.java:askForVotes(178)) - bf55b3f9-6b09-4365-9d71-55289e083fa5@group-EFD1D20A002C-LeaderElection71: begin an election at term 77 for -1: [f4c54511-b161-4347-aec5-5236dc80a0d8:0.0.0.0:41238, 907b9765-214b-4864-b66a-d6e2a5789e5c:0.0.0.0:41650, bf55b3f9-6b09-4365-9d71-55289e083fa5:0.0.0.0:42441], old=null
2019-10-16 18:00:37,463 [grpc-default-executor-0] INFO  impl.RaftServerImpl (RaftServerImpl.java:setRole(184)) - f4c54511-b161-4347-aec5-5236dc80a0d8@group-EFD1D20A002C: changes role from  FOLLOWER to FOLLOWER at term 77 for recognizeCandidate:bf55b3f9-6b09-4365-9d71-55289e083fa5
2019-10-16 18:00:37,463 [grpc-default-executor-3] INFO  impl.RaftServerImpl (RaftServerImpl.java:setRole(184)) - 907b9765-214b-4864-b66a-d6e2a5789e5c@group-EFD1D20A002C: changes role from  FOLLOWER to FOLLOWER at term 77 for recognizeCandidate:bf55b3f9-6b09-4365-9d71-55289e083fa5
2019-10-16 18:00:37,463 [grpc-default-executor-0] INFO  impl.RoleInfo (RoleInfo.java:shutdownFollowerState(121)) - f4c54511-b161-4347-aec5-5236dc80a0d8: shutdown FollowerState
2019-10-16 18:00:37,463 [grpc-default-executor-3] INFO  impl.RoleInfo (RoleInfo.java:shutdownFollowerState(121)) - 907b9765-214b-4864-b66a-d6e2a5789e5c: shutdown FollowerState
2019-10-16 18:00:37,463 [Thread-504] INFO  impl.FollowerState (FollowerState.java:run(117)) - f4c54511-b161-4347-aec5-5236dc80a0d8@group-EFD1D20A002C-FollowerState was interrupted: java.lang.InterruptedException: sleep interrupted
2019-10-16 18:00:37,464 [Thread-503] INFO  impl.FollowerState (FollowerState.java:run(117)) - 907b9765-214b-4864-b66a-d6e2a5789e5c@group-EFD1D20A002C-FollowerState was interrupted: java.lang.InterruptedException: sleep interrupted
2019-10-16 18:00:37,463 [grpc-default-executor-0] INFO  impl.RoleInfo (RoleInfo.java:updateAndGet(143)) - f4c54511-b161-4347-aec5-5236dc80a0d8: start FollowerState
2019-10-16 18:00:37,464 [grpc-default-executor-3] INFO  impl.RoleInfo (RoleInfo.java:updateAndGet(143)) - 907b9765-214b-4864-b66a-d6e2a5789e5c: start FollowerState
2019-10-16 18:00:37,545 [bf55b3f9-6b09-4365-9d71-55289e083fa5@group-EFD1D20A002C-LeaderElection71] INFO  impl.LeaderElection (LeaderElection.java:logAndReturn(56)) - bf55b3f9-6b09-4365-9d71-55289e083fa5@group-EFD1D20A002C-LeaderElection71: Election REJECTED; received 2 response(s) [bf55b3f9-6b09-4365-9d71-55289e083fa5<-f4c54511-b161-4347-aec5-5236dc80a0d8#0:FAIL-t77, bf55b3f9-6b09-4365-9d71-55289e083fa5<-907b9765-214b-4864-b66a-d6e2a5789e5c#0:FAIL-t77] and 0 exception(s); bf55b3f9-6b09-4365-9d71-55289e083fa5@group-EFD1D20A002C:t77, leader=null, voted=bf55b3f9-6b09-4365-9d71-55289e083fa5, raftlog=bf55b3f9-6b09-4365-9d71-55289e083fa5@group-EFD1D20A002C-SegmentedRaftLog:OPENED:c-1,f-1,i0, conf=-1: [f4c54511-b161-4347-aec5-5236dc80a0d8:0.0.0.0:41238, 907b9765-214b-4864-b66a-d6e2a5789e5c:0.0.0.0:41650, bf55b3f9-6b09-4365-9d71-55289e083fa5:0.0.0.0:42441], old=null
2019-10-16 18:00:37,545 [bf55b3f9-6b09-4365-9d71-55289e083fa5@group-EFD1D20A002C-LeaderElection71] INFO  impl.RaftServerImpl (RaftServerImpl.java:setRole(184)) - bf55b3f9-6b09-4365-9d71-55289e083fa5@group-EFD1D20A002C: changes role from CANDIDATE to FOLLOWER at term 77 for DISCOVERED_A_NEW_TERM
2019-10-16 18:00:37,546 [bf55b3f9-6b09-4365-9d71-55289e083fa5@group-EFD1D20A002C-LeaderElection71] INFO  impl.RoleInfo (RoleInfo.java:shutdownLeaderElection(134)) - bf55b3f9-6b09-4365-9d71-55289e083fa5: shutdown LeaderElection
2019-10-16 18:00:37,546 [bf55b3f9-6b09-4365-9d71-55289e083fa5@group-EFD1D20A002C-LeaderElection71] INFO  impl.RoleInfo (RoleInfo.java:updateAndGet(143)) - bf55b3f9-6b09-4365-9d71-55289e083fa5: start FollowerState
2019-10-16 18:00:37,742 [Thread-509] INFO  impl.FollowerState (FollowerState.java:run(108)) - bf55b3f9-6b09-4365-9d71-55289e083fa5@group-EFD1D20A002C-FollowerState: change to CANDIDATE, lastRpcTime:196ms, electionTimeout:196ms
2019-10-16 18:00:37,742 [Thread-509] INFO  impl.RoleInfo (RoleInfo.java:shutdownFollowerState(121)) - bf55b3f9-6b09-4365-9d71-55289e083fa5: shutdown FollowerState
2019-10-16 18:00:37,743 [Thread-509] INFO  impl.RaftServerImpl (RaftServerImpl.java:setRole(184)) - bf55b3f9-6b09-4365-9d71-55289e083fa5@group-EFD1D20A002C: changes role from  FOLLOWER to CANDIDATE at term 77 for changeToCandidate
2019-10-16 18:00:37,743 [Thread-509] INFO  impl.RoleInfo (RoleInfo.java:updateAndGet(143)) - bf55b3f9-6b09-4365-9d71-55289e083fa5: start LeaderElection
2019-10-16 18:00:37,770 [bf55b3f9-6b09-4365-9d71-55289e083fa5@group-EFD1D20A002C-LeaderElection72] INFO  impl.LeaderElection (LeaderElection.java:askForVotes(178)) - bf55b3f9-6b09-4365-9d71-55289e083fa5@group-EFD1D20A002C-LeaderElection72: begin an election at term 78 for -1: [f4c54511-b161-4347-aec5-5236dc80a0d8:0.0.0.0:41238, 907b9765-214b-4864-b66a-d6e2a5789e5c:0.0.0.0:41650, bf55b3f9-6b09-4365-9d71-55289e083fa5:0.0.0.0:42441], old=null
2019-10-16 18:00:37,773 [grpc-default-executor-3] INFO  impl.RaftServerImpl (RaftServerImpl.java:setRole(184)) - 907b9765-214b-4864-b66a-d6e2a5789e5c@group-EFD1D20A002C: changes role from  FOLLOWER to FOLLOWER at term 78 for recognizeCandidate:bf55b3f9-6b09-4365-9d71-55289e083fa5
2019-10-16 18:00:37,773 [grpc-default-executor-0] INFO  impl.RaftServerImpl (RaftServerImpl.java:setRole(184)) - f4c54511-b161-4347-aec5-5236dc80a0d8@group-EFD1D20A002C: changes role from  FOLLOWER to FOLLOWER at term 78 for recognizeCandidate:bf55b3f9-6b09-4365-9d71-55289e083fa5
2019-10-16 18:00:37,774 [grpc-default-executor-3] INFO  impl.RoleInfo (RoleInfo.java:shutdownFollowerState(121)) - 907b9765-214b-4864-b66a-d6e2a5789e5c: shutdown FollowerState
2019-10-16 18:00:37,774 [grpc-default-executor-0] INFO  impl.RoleInfo (RoleInfo.java:shutdownFollowerState(121)) - f4c54511-b161-4347-aec5-5236dc80a0d8: shutdown FollowerState
2019-10-16 18:00:37,774 [Thread-508] INFO  impl.FollowerState (FollowerState.java:run(117)) - 907b9765-214b-4864-b66a-d6e2a5789e5c@group-EFD1D20A002C-FollowerState was interrupted: java.lang.InterruptedException: sleep interrupted
2019-10-16 18:00:37,775 [Thread-507] INFO  impl.FollowerState (FollowerState.java:run(117)) - f4c54511-b161-4347-aec5-5236dc80a0d8@group-EFD1D20A002C-FollowerState was interrupted: java.lang.InterruptedException: sleep interrupted
2019-10-16 18:00:37,774 [grpc-default-executor-3] INFO  impl.RoleInfo (RoleInfo.java:updateAndGet(143)) - 907b9765-214b-4864-b66a-d6e2a5789e5c: start FollowerState
2019-10-16 18:00:37,774 [grpc-default-executor-0] INFO  impl.RoleInfo (RoleInfo.java:updateAndGet(143)) - f4c54511-b161-4347-aec5-5236dc80a0d8: start FollowerState
2019-10-16 18:00:37,792 [bf55b3f9-6b09-4365-9d71-55289e083fa5@group-EFD1D20A002C-LeaderElection72] INFO  impl.LeaderElection (LeaderElection.java:logAndReturn(56)) - bf55b3f9-6b09-4365-9d71-55289e083fa5@group-EFD1D20A002C-LeaderElection72: Election TIMEOUT; received 0 response(s) [] and 0 exception(s); bf55b3f9-6b09-4365-9d71-55289e083fa5@group-EFD1D20A002C:t78, leader=null, voted=bf55b3f9-6b09-4365-9d71-55289e083fa5, raftlog=bf55b3f9-6b09-4365-9d71-55289e083fa5@group-EFD1D20A002C-SegmentedRaftLog:OPENED:c-1,f-1,i0, conf=-1: [f4c54511-b161-4347-aec5-5236dc80a0d8:0.0.0.0:41238, 907b9765-214b-4864-b66a-d6e2a5789e5c:0.0.0.0:41650, bf55b3f9-6b09-4365-9d71-55289e083fa5:0.0.0.0:42441], old=null
2019-10-16 18:00:37,821 [bf55b3f9-6b09-4365-9d71-55289e083fa5@group-EFD1D20A002C-LeaderElection72] INFO  impl.LeaderElection (LeaderElection.java:askForVotes(178)) - bf55b3f9-6b09-4365-9d71-55289e083fa5@group-EFD1D20A002C-LeaderElection72: begin an election at term 79 for -1: [f4c54511-b161-4347-aec5-5236dc80a0d8:0.0.0.0:41238, 907b9765-214b-4864-b66a-d6e2a5789e5c:0.0.0.0:41650, bf55b3f9-6b09-4365-9d71-55289e083fa5:0.0.0.0:42441], old=null
2019-10-16 18:00:37,824 [grpc-default-executor-0] INFO  impl.RaftServerImpl (RaftServerImpl.java:setRole(184)) - f4c54511-b161-4347-aec5-5236dc80a0d8@group-EFD1D20A002C: changes role from  FOLLOWER to FOLLOWER at term 79 for recognizeCandidate:bf55b3f9-6b09-4365-9d71-55289e083fa5
2019-10-16 18:00:37,824 [grpc-default-executor-3] INFO  impl.RaftServerImpl (RaftServerImpl.java:setRole(184)) - 907b9765-214b-4864-b66a-d6e2a5789e5c@group-EFD1D20A002C: changes role from  FOLLOWER to FOLLOWER at term 79 for recognizeCandidate:bf55b3f9-6b09-4365-9d71-55289e083fa5
2019-10-16 18:00:37,824 [grpc-default-executor-0] INFO  impl.RoleInfo (RoleInfo.java:shutdownFollowerState(121)) - f4c54511-b161-4347-aec5-5236dc80a0d8: shutdown FollowerState
2019-10-16 18:00:37,825 [grpc-default-executor-3] INFO  impl.RoleInfo (RoleInfo.java:shutdownFollowerState(121)) - 907b9765-214b-4864-b66a-d6e2a5789e5c: shutdown FollowerState
2019-10-16 18:00:37,825 [Thread-516] INFO  impl.FollowerState (FollowerState.java:run(117)) - f4c54511-b161-4347-aec5-5236dc80a0d8@group-EFD1D20A002C-FollowerState was interrupted: java.lang.InterruptedException: sleep interrupted
2019-10-16 18:00:37,825 [grpc-default-executor-0] INFO  impl.RoleInfo (RoleInfo.java:updateAndGet(143)) - f4c54511-b161-4347-aec5-5236dc80a0d8: start FollowerState
2019-10-16 18:00:37,825 [Thread-515] INFO  impl.FollowerState (FollowerState.java:run(117)) - 907b9765-214b-4864-b66a-d6e2a5789e5c@group-EFD1D20A002C-FollowerState was interrupted: java.lang.InterruptedException: sleep interrupted
2019-10-16 18:00:37,825 [grpc-default-executor-3] INFO  impl.RoleInfo (RoleInfo.java:updateAndGet(143)) - 907b9765-214b-4864-b66a-d6e2a5789e5c: start FollowerState
2019-10-16 18:00:37,848 [bf55b3f9-6b09-4365-9d71-55289e083fa5@group-EFD1D20A002C-LeaderElection72] INFO  impl.LeaderElection (LeaderElection.java:logAndReturn(56)) - bf55b3f9-6b09-4365-9d71-55289e083fa5@group-EFD1D20A002C-LeaderElection72: Election REJECTED; received 2 response(s) [bf55b3f9-6b09-4365-9d71-55289e083fa5<-f4c54511-b161-4347-aec5-5236dc80a0d8#0:FAIL-t79, bf55b3f9-6b09-4365-9d71-55289e083fa5<-907b9765-214b-4864-b66a-d6e2a5789e5c#0:FAIL-t79] and 0 exception(s); bf55b3f9-6b09-4365-9d71-55289e083fa5@group-EFD1D20A002C:t79, leader=null, voted=bf55b3f9-6b09-4365-9d71-55289e083fa5, raftlog=bf55b3f9-6b09-4365-9d71-55289e083fa5@group-EFD1D20A002C-SegmentedRaftLog:OPENED:c-1,f-1,i0, conf=-1: [f4c54511-b161-4347-aec5-5236dc80a0d8:0.0.0.0:41238, 907b9765-214b-4864-b66a-d6e2a5789e5c:0.0.0.0:41650, bf55b3f9-6b09-4365-9d71-55289e083fa5:0.0.0.0:42441], old=null
2019-10-16 18:00:37,848 [bf55b3f9-6b09-4365-9d71-55289e083fa5@group-EFD1D20A002C-LeaderElection72] INFO  impl.RaftServerImpl (RaftServerImpl.java:setRole(184)) - bf55b3f9-6b09-4365-9d71-55289e083fa5@group-EFD1D20A002C: changes role from CANDIDATE to FOLLOWER at term 79 for DISCOVERED_A_NEW_TERM
2019-10-16 18:00:37,848 [bf55b3f9-6b09-4365-9d71-55289e083fa5@group-EFD1D20A002C-LeaderElection72] INFO  impl.RoleInfo (RoleInfo.java:shutdownLeaderElection(134)) - bf55b3f9-6b09-4365-9d71-55289e083fa5: shutdown LeaderElection
2019-10-16 18:00:37,848 [bf55b3f9-6b09-4365-9d71-55289e083fa5@group-EFD1D20A002C-LeaderElection72] INFO  impl.RoleInfo (RoleInfo.java:updateAndGet(143)) - bf55b3f9-6b09-4365-9d71-55289e083fa5: start FollowerState
2019-10-16 18:00:37,864 [Thread-521] INFO  impl.FollowerState (FollowerState.java:run(108)) - bf55b3f9-6b09-4365-9d71-55289e083fa5@group-EFD1D20A002C-FollowerState: change to CANDIDATE, lastRpcTime:15ms, electionTimeout:15ms
2019-10-16 18:00:37,864 [Thread-521] INFO  impl.RoleInfo (RoleInfo.java:shutdownFollowerState(121)) - bf55b3f9-6b09-4365-9d71-55289e083fa5: shutdown FollowerState
2019-10-16 18:00:37,864 [Thread-521] INFO  impl.RaftServerImpl (RaftServerImpl.java:setRole(184)) - bf55b3f9-6b09-4365-9d71-55289e083fa5@group-EFD1D20A002C: changes role from  FOLLOWER to CANDIDATE at term 79 for changeToCandidate
2019-10-16 18:00:37,864 [Thread-521] INFO  impl.RoleInfo (RoleInfo.java:updateAndGet(143)) - bf55b3f9-6b09-4365-9d71-55289e083fa5: start LeaderElection
2019-10-16 18:00:37,889 [bf55b3f9-6b09-4365-9d71-55289e083fa5@group-EFD1D20A002C-LeaderElection73] INFO  impl.LeaderElection (LeaderElection.java:askForVotes(178)) - bf55b3f9-6b09-4365-9d71-55289e083fa5@group-EFD1D20A002C-LeaderElection73: begin an election at term 80 for -1: [f4c54511-b161-4347-aec5-5236dc80a0d8:0.0.0.0:41238, 907b9765-214b-4864-b66a-d6e2a5789e5c:0.0.0.0:41650, bf55b3f9-6b09-4365-9d71-55289e083fa5:0.0.0.0:42441], old=null
2019-10-16 18:00:37,892 [grpc-default-executor-0] INFO  impl.RaftServerImpl (RaftServerImpl.java:setRole(184)) - f4c54511-b161-4347-aec5-5236dc80a0d8@group-EFD1D20A002C: changes role from  FOLLOWER to FOLLOWER at term 80 for recognizeCandidate:bf55b3f9-6b09-4365-9d71-55289e083fa5
2019-10-16 18:00:37,892 [grpc-default-executor-3] INFO  impl.RaftServerImpl (RaftServerImpl.java:setRole(184)) - 907b9765-214b-4864-b66a-d6e2a5789e5c@group-EFD1D20A002C: changes role from  FOLLOWER to FOLLOWER at term 80 for recognizeCandidate:bf55b3f9-6b09-4365-9d71-55289e083fa5
2019-10-16 18:00:37,892 [grpc-default-executor-0] INFO  impl.RoleInfo (RoleInfo.java:shutdownFollowerState(121)) - f4c54511-b161-4347-aec5-5236dc80a0d8: shutdown FollowerState
2019-10-16 18:00:37,892 [grpc-default-executor-3] INFO  impl.RoleInfo (RoleInfo.java:shutdownFollowerState(121)) - 907b9765-214b-4864-b66a-d6e2a5789e5c: shutdown FollowerState
2019-10-16 18:00:37,892 [Thread-519] INFO  impl.FollowerState (FollowerState.java:run(117)) - f4c54511-b161-4347-aec5-5236dc80a0d8@group-EFD1D20A002C-FollowerState was interrupted: java.lang.InterruptedException: sleep interrupted
2019-10-16 18:00:37,892 [grpc-default-executor-0] INFO  impl.RoleInfo (RoleInfo.java:updateAndGet(143)) - f4c54511-b161-4347-aec5-5236dc80a0d8: start FollowerState
2019-10-16 18:00:37,893 [Thread-520] INFO  impl.FollowerState (FollowerState.java:run(117)) - 907b9765-214b-4864-b66a-d6e2a5789e5c@group-EFD1D20A002C-FollowerState was interrupted: java.lang.InterruptedException: sleep interrupted
2019-10-16 18:00:37,893 [grpc-default-executor-3] INFO  impl.RoleInfo (RoleInfo.java:updateAndGet(143)) - 907b9765-214b-4864-b66a-d6e2a5789e5c: start FollowerState
2019-10-16 18:00:37,917 [bf55b3f9-6b09-4365-9d71-55289e083fa5@group-EFD1D20A002C-LeaderElection73] INFO  impl.LeaderElection (LeaderElection.java:logAndReturn(56)) - bf55b3f9-6b09-4365-9d71-55289e083fa5@group-EFD1D20A002C-LeaderElection73: Election REJECTED; received 2 response(s) [bf55b3f9-6b09-4365-9d71-55289e083fa5<-f4c54511-b161-4347-aec5-5236dc80a0d8#0:FAIL-t80, bf55b3f9-6b09-4365-9d71-55289e083fa5<-907b9765-214b-4864-b66a-d6e2a5789e5c#0:FAIL-t80] and 0 exception(s); bf55b3f9-6b09-4365-9d71-55289e083fa5@group-EFD1D20A002C:t80, leader=null, voted=bf55b3f9-6b09-4365-9d71-55289e083fa5, raftlog=bf55b3f9-6b09-4365-9d71-55289e083fa5@group-EFD1D20A002C-SegmentedRaftLog:OPENED:c-1,f-1,i0, conf=-1: [f4c54511-b161-4347-aec5-5236dc80a0d8:0.0.0.0:41238, 907b9765-214b-4864-b66a-d6e2a5789e5c:0.0.0.0:41650, bf55b3f9-6b09-4365-9d71-55289e083fa5:0.0.0.0:42441], old=null
2019-10-16 18:00:37,917 [bf55b3f9-6b09-4365-9d71-55289e083fa5@group-EFD1D20A002C-LeaderElection73] INFO  impl.RaftServerImpl (RaftServerImpl.java:setRole(184)) - bf55b3f9-6b09-4365-9d71-55289e083fa5@group-EFD1D20A002C: changes role from CANDIDATE to FOLLOWER at term 80 for DISCOVERED_A_NEW_TERM
2019-10-16 18:00:37,917 [bf55b3f9-6b09-4365-9d71-55289e083fa5@group-EFD1D20A002C-LeaderElection73] INFO  impl.RoleInfo (RoleInfo.java:shutdownLeaderElection(134)) - bf55b3f9-6b09-4365-9d71-55289e083fa5: shutdown LeaderElection
2019-10-16 18:00:37,918 [bf55b3f9-6b09-4365-9d71-55289e083fa5@group-EFD1D20A002C-LeaderElection73] INFO  impl.RoleInfo (RoleInfo.java:updateAndGet(143)) - bf55b3f9-6b09-4365-9d71-55289e083fa5: start FollowerState
2019-10-16 18:00:38,054 [Thread-527] INFO  impl.FollowerState (FollowerState.java:run(108)) - bf55b3f9-6b09-4365-9d71-55289e083fa5@group-EFD1D20A002C-FollowerState: change to CANDIDATE, lastRpcTime:136ms, electionTimeout:136ms
2019-10-16 18:00:38,054 [Thread-527] INFO  impl.RoleInfo (RoleInfo.java:shutdownFollowerState(121)) - bf55b3f9-6b09-4365-9d71-55289e083fa5: shutdown FollowerState
2019-10-16 18:00:38,055 [Thread-527] INFO  impl.RaftServerImpl (RaftServerImpl.java:setRole(184)) - bf55b3f9-6b09-4365-9d71-55289e083fa5@group-EFD1D20A002C: changes role from  FOLLOWER to CANDIDATE at term 80 for changeToCandidate
2019-10-16 18:00:38,055 [Thread-527] INFO  impl.RoleInfo (RoleInfo.java:updateAndGet(143)) - bf55b3f9-6b09-4365-9d71-55289e083fa5: start LeaderElection
2019-10-16 18:00:38,082 [bf55b3f9-6b09-4365-9d71-55289e083fa5@group-EFD1D20A002C-LeaderElection74] INFO  impl.LeaderElection (LeaderElection.java:askForVotes(178)) - bf55b3f9-6b09-4365-9d71-55289e083fa5@group-EFD1D20A002C-LeaderElection74: begin an election at term 81 for -1: [f4c54511-b161-4347-aec5-5236dc80a0d8:0.0.0.0:41238, 907b9765-214b-4864-b66a-d6e2a5789e5c:0.0.0.0:41650, bf55b3f9-6b09-4365-9d71-55289e083fa5:0.0.0.0:42441], old=null
2019-10-16 18:00:38,084 [grpc-default-executor-3] INFO  impl.RaftServerImpl (RaftServerImpl.java:setRole(184)) - f4c54511-b161-4347-aec5-5236dc80a0d8@group-EFD1D20A002C: changes role from  FOLLOWER to FOLLOWER at term 81 for recognizeCandidate:bf55b3f9-6b09-4365-9d71-55289e083fa5
2019-10-16 18:00:38,084 [grpc-default-executor-3] INFO  impl.RoleInfo (RoleInfo.java:shutdownFollowerState(121)) - f4c54511-b161-4347-aec5-5236dc80a0d8: shutdown FollowerState
2019-10-16 18:00:38,084 [grpc-default-executor-0] INFO  impl.RaftServerImpl (RaftServerImpl.java:setRole(184)) - 907b9765-214b-4864-b66a-d6e2a5789e5c@group-EFD1D20A002C: changes role from  FOLLOWER to FOLLOWER at term 81 for recognizeCandidate:bf55b3f9-6b09-4365-9d71-55289e083fa5
2019-10-16 18:00:38,085 [Thread-525] INFO  impl.FollowerState (FollowerState.java:run(117)) - f4c54511-b161-4347-aec5-5236dc80a0d8@group-EFD1D20A002C-FollowerState was interrupted: java.lang.InterruptedException: sleep interrupted
2019-10-16 18:00:38,085 [grpc-default-executor-3] INFO  impl.RoleInfo (RoleInfo.java:updateAndGet(143)) - f4c54511-b161-4347-aec5-5236dc80a0d8: start FollowerState
2019-10-16 18:00:38,085 [grpc-default-executor-0] INFO  impl.RoleInfo (RoleInfo.java:shutdownFollowerState(121)) - 907b9765-214b-4864-b66a-d6e2a5789e5c: shutdown FollowerState
2019-10-16 18:00:38,085 [grpc-default-executor-0] INFO  impl.RoleInfo (RoleInfo.java:updateAndGet(143)) - 907b9765-214b-4864-b66a-d6e2a5789e5c: start FollowerState
2019-10-16 18:00:38,085 [Thread-526] INFO  impl.FollowerState (FollowerState.java:run(117)) - 907b9765-214b-4864-b66a-d6e2a5789e5c@group-EFD1D20A002C-FollowerState was interrupted: java.lang.InterruptedException: sleep interrupted
2019-10-16 18:00:38,108 [bf55b3f9-6b09-4365-9d71-55289e083fa5@group-EFD1D20A002C-LeaderElection74] INFO  impl.LeaderElection (LeaderElection.java:logAndReturn(56)) - bf55b3f9-6b09-4365-9d71-55289e083fa5@group-EFD1D20A002C-LeaderElection74: Election REJECTED; received 2 response(s) [bf55b3f9-6b09-4365-9d71-55289e083fa5<-f4c54511-b161-4347-aec5-5236dc80a0d8#0:FAIL-t81, bf55b3f9-6b09-4365-9d71-55289e083fa5<-907b9765-214b-4864-b66a-d6e2a5789e5c#0:FAIL-t81] and 0 exception(s); bf55b3f9-6b09-4365-9d71-55289e083fa5@group-EFD1D20A002C:t81, leader=null, voted=bf55b3f9-6b09-4365-9d71-55289e083fa5, raftlog=bf55b3f9-6b09-4365-9d71-55289e083fa5@group-EFD1D20A002C-SegmentedRaftLog:OPENED:c-1,f-1,i0, conf=-1: [f4c54511-b161-4347-aec5-5236dc80a0d8:0.0.0.0:41238, 907b9765-214b-4864-b66a-d6e2a5789e5c:0.0.0.0:41650, bf55b3f9-6b09-4365-9d71-55289e083fa5:0.0.0.0:42441], old=null
2019-10-16 18:00:38,108 [bf55b3f9-6b09-4365-9d71-55289e083fa5@group-EFD1D20A002C-LeaderElection74] INFO  impl.RaftServerImpl (RaftServerImpl.java:setRole(184)) - bf55b3f9-6b09-4365-9d71-55289e083fa5@group-EFD1D20A002C: changes role from CANDIDATE to FOLLOWER at term 81 for DISCOVERED_A_NEW_TERM
2019-10-16 18:00:38,109 [bf55b3f9-6b09-4365-9d71-55289e083fa5@group-EFD1D20A002C-LeaderElection74] INFO  impl.RoleInfo (RoleInfo.java:shutdownLeaderElection(134)) - bf55b3f9-6b09-4365-9d71-55289e083fa5: shutdown LeaderElection
2019-10-16 18:00:38,109 [bf55b3f9-6b09-4365-9d71-55289e083fa5@group-EFD1D20A002C-LeaderElection74] INFO  impl.RoleInfo (RoleInfo.java:updateAndGet(143)) - bf55b3f9-6b09-4365-9d71-55289e083fa5: start FollowerState
2019-10-16 18:00:38,239 [Thread-533] INFO  impl.FollowerState (FollowerState.java:run(108)) - bf55b3f9-6b09-4365-9d71-55289e083fa5@group-EFD1D20A002C-FollowerState: change to CANDIDATE, lastRpcTime:130ms, electionTimeout:130ms
2019-10-16 18:00:38,239 [Thread-533] INFO  impl.RoleInfo (RoleInfo.java:shutdownFollowerState(121)) - bf55b3f9-6b09-4365-9d71-55289e083fa5: shutdown FollowerState
2019-10-16 18:00:38,239 [Thread-533] INFO  impl.RaftServerImpl (RaftServerImpl.java:setRole(184)) - bf55b3f9-6b09-4365-9d71-55289e083fa5@group-EFD1D20A002C: changes role from  FOLLOWER to CANDIDATE at term 81 for changeToCandidate
2019-10-16 18:00:38,239 [Thread-533] INFO  impl.RoleInfo (RoleInfo.java:updateAndGet(143)) - bf55b3f9-6b09-4365-9d71-55289e083fa5: start LeaderElection
2019-10-16 18:00:38,266 [bf55b3f9-6b09-4365-9d71-55289e083fa5@group-EFD1D20A002C-LeaderElection75] INFO  impl.LeaderElection (LeaderElection.java:askForVotes(178)) - bf55b3f9-6b09-4365-9d71-55289e083fa5@group-EFD1D20A002C-LeaderElection75: begin an election at term 82 for -1: [f4c54511-b161-4347-aec5-5236dc80a0d8:0.0.0.0:41238, 907b9765-214b-4864-b66a-d6e2a5789e5c:0.0.0.0:41650, bf55b3f9-6b09-4365-9d71-55289e083fa5:0.0.0.0:42441], old=null
2019-10-16 18:00:38,271 [grpc-default-executor-3] INFO  impl.RaftServerImpl (RaftServerImpl.java:setRole(184)) - 907b9765-214b-4864-b66a-d6e2a5789e5c@group-EFD1D20A002C: changes role from  FOLLOWER to FOLLOWER at term 82 for recognizeCandidate:bf55b3f9-6b09-4365-9d71-55289e083fa5
2019-10-16 18:00:38,271 [grpc-default-executor-0] INFO  impl.RaftServerImpl (RaftServerImpl.java:setRole(184)) - f4c54511-b161-4347-aec5-5236dc80a0d8@group-EFD1D20A002C: changes role from  FOLLOWER to FOLLOWER at term 82 for recognizeCandidate:bf55b3f9-6b09-4365-9d71-55289e083fa5
2019-10-16 18:00:38,271 [grpc-default-executor-3] INFO  impl.RoleInfo (RoleInfo.java:shutdownFollowerState(121)) - 907b9765-214b-4864-b66a-d6e2a5789e5c: shutdown FollowerState
2019-10-16 18:00:38,272 [grpc-default-executor-0] INFO  impl.RoleInfo (RoleInfo.java:shutdownFollowerState(121)) - f4c54511-b161-4347-aec5-5236dc80a0d8: shutdown FollowerState
2019-10-16 18:00:38,272 [grpc-default-executor-3] INFO  impl.RoleInfo (RoleInfo.java:updateAndGet(143)) - 907b9765-214b-4864-b66a-d6e2a5789e5c: start FollowerState
2019-10-16 18:00:38,272 [Thread-531] INFO  impl.FollowerState (FollowerState.java:run(117)) - f4c54511-b161-4347-aec5-5236dc80a0d8@group-EFD1D20A002C-FollowerState was interrupted: java.lang.InterruptedException: sleep interrupted
2019-10-16 18:00:38,272 [grpc-default-executor-0] INFO  impl.RoleInfo (RoleInfo.java:updateAndGet(143)) - f4c54511-b161-4347-aec5-5236dc80a0d8: start FollowerState
2019-10-16 18:00:38,272 [Thread-532] INFO  impl.FollowerState (FollowerState.java:run(117)) - 907b9765-214b-4864-b66a-d6e2a5789e5c@group-EFD1D20A002C-FollowerState was interrupted: java.lang.InterruptedException: sleep interrupted
2019-10-16 18:00:38,302 [bf55b3f9-6b09-4365-9d71-55289e083fa5@group-EFD1D20A002C-LeaderElection75] INFO  impl.LeaderElection (LeaderElection.java:logAndReturn(56)) - bf55b3f9-6b09-4365-9d71-55289e083fa5@group-EFD1D20A002C-LeaderElection75: Election REJECTED; received 2 response(s) [bf55b3f9-6b09-4365-9d71-55289e083fa5<-f4c54511-b161-4347-aec5-5236dc80a0d8#0:FAIL-t82, bf55b3f9-6b09-4365-9d71-55289e083fa5<-907b9765-214b-4864-b66a-d6e2a5789e5c#0:FAIL-t82] and 0 exception(s); bf55b3f9-6b09-4365-9d71-55289e083fa5@group-EFD1D20A002C:t82, leader=null, voted=bf55b3f9-6b09-4365-9d71-55289e083fa5, raftlog=bf55b3f9-6b09-4365-9d71-55289e083fa5@group-EFD1D20A002C-SegmentedRaftLog:OPENED:c-1,f-1,i0, conf=-1: [f4c54511-b161-4347-aec5-5236dc80a0d8:0.0.0.0:41238, 907b9765-214b-4864-b66a-d6e2a5789e5c:0.0.0.0:41650, bf55b3f9-6b09-4365-9d71-55289e083fa5:0.0.0.0:42441], old=null
2019-10-16 18:00:38,302 [bf55b3f9-6b09-4365-9d71-55289e083fa5@group-EFD1D20A002C-LeaderElection75] INFO  impl.RaftServerImpl (RaftServerImpl.java:setRole(184)) - bf55b3f9-6b09-4365-9d71-55289e083fa5@group-EFD1D20A002C: changes role from CANDIDATE to FOLLOWER at term 82 for DISCOVERED_A_NEW_TERM
2019-10-16 18:00:38,302 [bf55b3f9-6b09-4365-9d71-55289e083fa5@group-EFD1D20A002C-LeaderElection75] INFO  impl.RoleInfo (RoleInfo.java:shutdownLeaderElection(134)) - bf55b3f9-6b09-4365-9d71-55289e083fa5: shutdown LeaderElection
2019-10-16 18:00:38,302 [bf55b3f9-6b09-4365-9d71-55289e083fa5@group-EFD1D20A002C-LeaderElection75] INFO  impl.RoleInfo (RoleInfo.java:updateAndGet(143)) - bf55b3f9-6b09-4365-9d71-55289e083fa5: start FollowerState
2019-10-16 18:00:38,478 [Thread-539] INFO  impl.FollowerState (FollowerState.java:run(108)) - bf55b3f9-6b09-4365-9d71-55289e083fa5@group-EFD1D20A002C-FollowerState: change to CANDIDATE, lastRpcTime:176ms, electionTimeout:176ms
2019-10-16 18:00:38,479 [Thread-539] INFO  impl.RoleInfo (RoleInfo.java:shutdownFollowerState(121)) - bf55b3f9-6b09-4365-9d71-55289e083fa5: shutdown FollowerState
2019-10-16 18:00:38,479 [Thread-539] INFO  impl.RaftServerImpl (RaftServerImpl.java:setRole(184)) - bf55b3f9-6b09-4365-9d71-55289e083fa5@group-EFD1D20A002C: changes role from  FOLLOWER to CANDIDATE at term 82 for changeToCandidate
2019-10-16 18:00:38,479 [Thread-539] INFO  impl.RoleInfo (RoleInfo.java:updateAndGet(143)) - bf55b3f9-6b09-4365-9d71-55289e083fa5: start LeaderElection
2019-10-16 18:00:38,511 [bf55b3f9-6b09-4365-9d71-55289e083fa5@group-EFD1D20A002C-LeaderElection76] INFO  impl.LeaderElection (LeaderElection.java:askForVotes(178)) - bf55b3f9-6b09-4365-9d71-55289e083fa5@group-EFD1D20A002C-LeaderElection76: begin an election at term 83 for -1: [f4c54511-b161-4347-aec5-5236dc80a0d8:0.0.0.0:41238, 907b9765-214b-4864-b66a-d6e2a5789e5c:0.0.0.0:41650, bf55b3f9-6b09-4365-9d71-55289e083fa5:0.0.0.0:42441], old=null
2019-10-16 18:00:38,514 [grpc-default-executor-0] INFO  impl.RaftServerImpl (RaftServerImpl.java:setRole(184)) - f4c54511-b161-4347-aec5-5236dc80a0d8@group-EFD1D20A002C: changes role from  FOLLOWER to FOLLOWER at term 83 for recognizeCandidate:bf55b3f9-6b09-4365-9d71-55289e083fa5
2019-10-16 18:00:38,514 [grpc-default-executor-3] INFO  impl.RaftServerImpl (RaftServerImpl.java:setRole(184)) - 907b9765-214b-4864-b66a-d6e2a5789e5c@group-EFD1D20A002C: changes role from  FOLLOWER to FOLLOWER at term 83 for recognizeCandidate:bf55b3f9-6b09-4365-9d71-55289e083fa5
2019-10-16 18:00:38,515 [grpc-default-executor-0] INFO  impl.RoleInfo (RoleInfo.java:shutdownFollowerState(121)) - f4c54511-b161-4347-aec5-5236dc80a0d8: shutdown FollowerState
2019-10-16 18:00:38,515 [grpc-default-executor-3] INFO  impl.RoleInfo (RoleInfo.java:shutdownFollowerState(121)) - 907b9765-214b-4864-b66a-d6e2a5789e5c: shutdown FollowerState
2019-10-16 18:00:38,515 [Thread-538] INFO  impl.FollowerState (FollowerState.java:run(117)) - f4c54511-b161-4347-aec5-5236dc80a0d8@group-EFD1D20A002C-FollowerState was interrupted: java.lang.InterruptedException: sleep interrupted
2019-10-16 18:00:38,515 [grpc-default-executor-0] INFO  impl.RoleInfo (RoleInfo.java:updateAndGet(143)) - f4c54511-b161-4347-aec5-5236dc80a0d8: start FollowerState
2019-10-16 18:00:38,515 [Thread-537] INFO  impl.FollowerState (FollowerState.java:run(117)) - 907b9765-214b-4864-b66a-d6e2a5789e5c@group-EFD1D20A002C-FollowerState was interrupted: java.lang.InterruptedException: sleep interrupted
2019-10-16 18:00:38,515 [grpc-default-executor-3] INFO  impl.RoleInfo (RoleInfo.java:updateAndGet(143)) - 907b9765-214b-4864-b66a-d6e2a5789e5c: start FollowerState
2019-10-16 18:00:38,538 [bf55b3f9-6b09-4365-9d71-55289e083fa5@group-EFD1D20A002C-LeaderElection76] INFO  impl.LeaderElection (LeaderElection.java:logAndReturn(56)) - bf55b3f9-6b09-4365-9d71-55289e083fa5@group-EFD1D20A002C-LeaderElection76: Election REJECTED; received 2 response(s) [bf55b3f9-6b09-4365-9d71-55289e083fa5<-f4c54511-b161-4347-aec5-5236dc80a0d8#0:FAIL-t83, bf55b3f9-6b09-4365-9d71-55289e083fa5<-907b9765-214b-4864-b66a-d6e2a5789e5c#0:FAIL-t83] and 0 exception(s); bf55b3f9-6b09-4365-9d71-55289e083fa5@group-EFD1D20A002C:t83, leader=null, voted=bf55b3f9-6b09-4365-9d71-55289e083fa5, raftlog=bf55b3f9-6b09-4365-9d71-55289e083fa5@group-EFD1D20A002C-SegmentedRaftLog:OPENED:c-1,f-1,i0, conf=-1: [f4c54511-b161-4347-aec5-5236dc80a0d8:0.0.0.0:41238, 907b9765-214b-4864-b66a-d6e2a5789e5c:0.0.0.0:41650, bf55b3f9-6b09-4365-9d71-55289e083fa5:0.0.0.0:42441], old=null
2019-10-16 18:00:38,538 [bf55b3f9-6b09-4365-9d71-55289e083fa5@group-EFD1D20A002C-LeaderElection76] INFO  impl.RaftServerImpl (RaftServerImpl.java:setRole(184)) - bf55b3f9-6b09-4365-9d71-55289e083fa5@group-EFD1D20A002C: changes role from CANDIDATE to FOLLOWER at term 83 for DISCOVERED_A_NEW_TERM
2019-10-16 18:00:38,538 [bf55b3f9-6b09-4365-9d71-55289e083fa5@group-EFD1D20A002C-LeaderElection76] INFO  impl.RoleInfo (RoleInfo.java:shutdownLeaderElection(134)) - bf55b3f9-6b09-4365-9d71-55289e083fa5: shutdown LeaderElection
2019-10-16 18:00:38,538 [bf55b3f9-6b09-4365-9d71-55289e083fa5@group-EFD1D20A002C-LeaderElection76] INFO  impl.RoleInfo (RoleInfo.java:updateAndGet(143)) - bf55b3f9-6b09-4365-9d71-55289e083fa5: start FollowerState
2019-10-16 18:00:38,734 [Thread-545] INFO  impl.FollowerState (FollowerState.java:run(108)) - bf55b3f9-6b09-4365-9d71-55289e083fa5@group-EFD1D20A002C-FollowerState: change to CANDIDATE, lastRpcTime:195ms, electionTimeout:195ms
2019-10-16 18:00:38,734 [Thread-545] INFO  impl.RoleInfo (RoleInfo.java:shutdownFollowerState(121)) - bf55b3f9-6b09-4365-9d71-55289e083fa5: shutdown FollowerState
2019-10-16 18:00:38,734 [Thread-545] INFO  impl.RaftServerImpl (RaftServerImpl.java:setRole(184)) - bf55b3f9-6b09-4365-9d71-55289e083fa5@group-EFD1D20A002C: changes role from  FOLLOWER to CANDIDATE at term 83 for changeToCandidate
2019-10-16 18:00:38,734 [Thread-545] INFO  impl.RoleInfo (RoleInfo.java:updateAndGet(143)) - bf55b3f9-6b09-4365-9d71-55289e083fa5: start LeaderElection
2019-10-16 18:00:38,755 [bf55b3f9-6b09-4365-9d71-55289e083fa5@group-EFD1D20A002C-LeaderElection77] INFO  impl.LeaderElection (LeaderElection.java:askForVotes(178)) - bf55b3f9-6b09-4365-9d71-55289e083fa5@group-EFD1D20A002C-LeaderElection77: begin an election at term 84 for -1: [f4c54511-b161-4347-aec5-5236dc80a0d8:0.0.0.0:41238, 907b9765-214b-4864-b66a-d6e2a5789e5c:0.0.0.0:41650, bf55b3f9-6b09-4365-9d71-55289e083fa5:0.0.0.0:42441], old=null
2019-10-16 18:00:38,757 [bf55b3f9-6b09-4365-9d71-55289e083fa5@group-EFD1D20A002C-LeaderElection77] INFO  impl.LeaderElection (LeaderElection.java:logAndReturn(56)) - bf55b3f9-6b09-4365-9d71-55289e083fa5@group-EFD1D20A002C-LeaderElection77: Election TIMEOUT; received 0 response(s) [] and 0 exception(s); bf55b3f9-6b09-4365-9d71-55289e083fa5@group-EFD1D20A002C:t84, leader=null, voted=bf55b3f9-6b09-4365-9d71-55289e083fa5, raftlog=bf55b3f9-6b09-4365-9d71-55289e083fa5@group-EFD1D20A002C-SegmentedRaftLog:OPENED:c-1,f-1,i0, conf=-1: [f4c54511-b161-4347-aec5-5236dc80a0d8:0.0.0.0:41238, 907b9765-214b-4864-b66a-d6e2a5789e5c:0.0.0.0:41650, bf55b3f9-6b09-4365-9d71-55289e083fa5:0.0.0.0:42441], old=null
2019-10-16 18:00:38,758 [grpc-default-executor-3] INFO  impl.RaftServerImpl (RaftServerImpl.java:setRole(184)) - f4c54511-b161-4347-aec5-5236dc80a0d8@group-EFD1D20A002C: changes role from  FOLLOWER to FOLLOWER at term 84 for recognizeCandidate:bf55b3f9-6b09-4365-9d71-55289e083fa5
2019-10-16 18:00:38,758 [grpc-default-executor-3] INFO  impl.RoleInfo (RoleInfo.java:shutdownFollowerState(121)) - f4c54511-b161-4347-aec5-5236dc80a0d8: shutdown FollowerState
2019-10-16 18:00:38,759 [grpc-default-executor-3] INFO  impl.RoleInfo (RoleInfo.java:updateAndGet(143)) - f4c54511-b161-4347-aec5-5236dc80a0d8: start FollowerState
2019-10-16 18:00:38,759 [Thread-543] INFO  impl.FollowerState (FollowerState.java:run(117)) - f4c54511-b161-4347-aec5-5236dc80a0d8@group-EFD1D20A002C-FollowerState was interrupted: java.lang.InterruptedException: sleep interrupted
2019-10-16 18:00:38,759 [grpc-default-executor-0] INFO  impl.RaftServerImpl (RaftServerImpl.java:setRole(184)) - 907b9765-214b-4864-b66a-d6e2a5789e5c@group-EFD1D20A002C: changes role from  FOLLOWER to FOLLOWER at term 84 for recognizeCandidate:bf55b3f9-6b09-4365-9d71-55289e083fa5
2019-10-16 18:00:38,759 [grpc-default-executor-0] INFO  impl.RoleInfo (RoleInfo.java:shutdownFollowerState(121)) - 907b9765-214b-4864-b66a-d6e2a5789e5c: shutdown FollowerState
2019-10-16 18:00:38,759 [grpc-default-executor-0] INFO  impl.RoleInfo (RoleInfo.java:updateAndGet(143)) - 907b9765-214b-4864-b66a-d6e2a5789e5c: start FollowerState
2019-10-16 18:00:38,759 [Thread-544] INFO  impl.FollowerState (FollowerState.java:run(117)) - 907b9765-214b-4864-b66a-d6e2a5789e5c@group-EFD1D20A002C-FollowerState was interrupted: java.lang.InterruptedException: sleep interrupted
2019-10-16 18:00:38,780 [bf55b3f9-6b09-4365-9d71-55289e083fa5@group-EFD1D20A002C-LeaderElection77] INFO  impl.LeaderElection (LeaderElection.java:askForVotes(178)) - bf55b3f9-6b09-4365-9d71-55289e083fa5@group-EFD1D20A002C-LeaderElection77: begin an election at term 85 for -1: [f4c54511-b161-4347-aec5-5236dc80a0d8:0.0.0.0:41238, 907b9765-214b-4864-b66a-d6e2a5789e5c:0.0.0.0:41650, bf55b3f9-6b09-4365-9d71-55289e083fa5:0.0.0.0:42441], old=null
2019-10-16 18:00:38,782 [grpc-default-executor-0] INFO  impl.RaftServerImpl (RaftServerImpl.java:setRole(184)) - f4c54511-b161-4347-aec5-5236dc80a0d8@group-EFD1D20A002C: changes role from  FOLLOWER to FOLLOWER at term 85 for recognizeCandidate:bf55b3f9-6b09-4365-9d71-55289e083fa5
2019-10-16 18:00:38,782 [grpc-default-executor-3] INFO  impl.RaftServerImpl (RaftServerImpl.java:setRole(184)) - 907b9765-214b-4864-b66a-d6e2a5789e5c@group-EFD1D20A002C: changes role from  FOLLOWER to FOLLOWER at term 85 for recognizeCandidate:bf55b3f9-6b09-4365-9d71-55289e083fa5
2019-10-16 18:00:38,782 [grpc-default-executor-0] INFO  impl.RoleInfo (RoleInfo.java:shutdownFollowerState(121)) - f4c54511-b161-4347-aec5-5236dc80a0d8: shutdown FollowerState
2019-10-16 18:00:38,782 [grpc-default-executor-3] INFO  impl.RoleInfo (RoleInfo.java:shutdownFollowerState(121)) - 907b9765-214b-4864-b66a-d6e2a5789e5c: shutdown FollowerState
2019-10-16 18:00:38,783 [grpc-default-executor-0] INFO  impl.RoleInfo (RoleInfo.java:updateAndGet(143)) - f4c54511-b161-4347-aec5-5236dc80a0d8: start FollowerState
2019-10-16 18:00:38,783 [Thread-551] INFO  impl.FollowerState (FollowerState.java:run(117)) - f4c54511-b161-4347-aec5-5236dc80a0d8@group-EFD1D20A002C-FollowerState was interrupted: java.lang.InterruptedException: sleep interrupted
2019-10-16 18:00:38,783 [Thread-552] INFO  impl.FollowerState (FollowerState.java:run(117)) - 907b9765-214b-4864-b66a-d6e2a5789e5c@group-EFD1D20A002C-FollowerState was interrupted: java.lang.InterruptedException: sleep interrupted
2019-10-16 18:00:38,783 [grpc-default-executor-3] INFO  impl.RoleInfo (RoleInfo.java:updateAndGet(143)) - 907b9765-214b-4864-b66a-d6e2a5789e5c: start FollowerState
2019-10-16 18:00:38,806 [bf55b3f9-6b09-4365-9d71-55289e083fa5@group-EFD1D20A002C-LeaderElection77] INFO  impl.LeaderElection (LeaderElection.java:logAndReturn(56)) - bf55b3f9-6b09-4365-9d71-55289e083fa5@group-EFD1D20A002C-LeaderElection77: Election REJECTED; received 2 response(s) [bf55b3f9-6b09-4365-9d71-55289e083fa5<-f4c54511-b161-4347-aec5-5236dc80a0d8#0:FAIL-t85, bf55b3f9-6b09-4365-9d71-55289e083fa5<-907b9765-214b-4864-b66a-d6e2a5789e5c#0:FAIL-t85] and 0 exception(s); bf55b3f9-6b09-4365-9d71-55289e083fa5@group-EFD1D20A002C:t85, leader=null, voted=bf55b3f9-6b09-4365-9d71-55289e083fa5, raftlog=bf55b3f9-6b09-4365-9d71-55289e083fa5@group-EFD1D20A002C-SegmentedRaftLog:OPENED:c-1,f-1,i0, conf=-1: [f4c54511-b161-4347-aec5-5236dc80a0d8:0.0.0.0:41238, 907b9765-214b-4864-b66a-d6e2a5789e5c:0.0.0.0:41650, bf55b3f9-6b09-4365-9d71-55289e083fa5:0.0.0.0:42441], old=null
2019-10-16 18:00:38,807 [bf55b3f9-6b09-4365-9d71-55289e083fa5@group-EFD1D20A002C-LeaderElection77] INFO  impl.RaftServerImpl (RaftServerImpl.java:setRole(184)) - bf55b3f9-6b09-4365-9d71-55289e083fa5@group-EFD1D20A002C: changes role from CANDIDATE to FOLLOWER at term 85 for DISCOVERED_A_NEW_TERM
2019-10-16 18:00:38,807 [bf55b3f9-6b09-4365-9d71-55289e083fa5@group-EFD1D20A002C-LeaderElection77] INFO  impl.RoleInfo (RoleInfo.java:shutdownLeaderElection(134)) - bf55b3f9-6b09-4365-9d71-55289e083fa5: shutdown LeaderElection
2019-10-16 18:00:38,807 [bf55b3f9-6b09-4365-9d71-55289e083fa5@group-EFD1D20A002C-LeaderElection77] INFO  impl.RoleInfo (RoleInfo.java:updateAndGet(143)) - bf55b3f9-6b09-4365-9d71-55289e083fa5: start FollowerState
2019-10-16 18:00:38,933 [Thread-557] INFO  impl.FollowerState (FollowerState.java:run(108)) - bf55b3f9-6b09-4365-9d71-55289e083fa5@group-EFD1D20A002C-FollowerState: change to CANDIDATE, lastRpcTime:126ms, electionTimeout:126ms
2019-10-16 18:00:38,934 [Thread-557] INFO  impl.RoleInfo (RoleInfo.java:shutdownFollowerState(121)) - bf55b3f9-6b09-4365-9d71-55289e083fa5: shutdown FollowerState
2019-10-16 18:00:38,934 [Thread-557] INFO  impl.RaftServerImpl (RaftServerImpl.java:setRole(184)) - bf55b3f9-6b09-4365-9d71-55289e083fa5@group-EFD1D20A002C: changes role from  FOLLOWER to CANDIDATE at term 85 for changeToCandidate
2019-10-16 18:00:38,934 [Thread-557] INFO  impl.RoleInfo (RoleInfo.java:updateAndGet(143)) - bf55b3f9-6b09-4365-9d71-55289e083fa5: start LeaderElection
2019-10-16 18:00:38,989 [bf55b3f9-6b09-4365-9d71-55289e083fa5@group-EFD1D20A002C-LeaderElection78] INFO  impl.LeaderElection (LeaderElection.java:askForVotes(178)) - bf55b3f9-6b09-4365-9d71-55289e083fa5@group-EFD1D20A002C-LeaderElection78: begin an election at term 86 for -1: [f4c54511-b161-4347-aec5-5236dc80a0d8:0.0.0.0:41238, 907b9765-214b-4864-b66a-d6e2a5789e5c:0.0.0.0:41650, bf55b3f9-6b09-4365-9d71-55289e083fa5:0.0.0.0:42441], old=null
2019-10-16 18:00:38,995 [grpc-default-executor-0] INFO  impl.RaftServerImpl (RaftServerImpl.java:setRole(184)) - f4c54511-b161-4347-aec5-5236dc80a0d8@group-EFD1D20A002C: changes role from  FOLLOWER to FOLLOWER at term 86 for recognizeCandidate:bf55b3f9-6b09-4365-9d71-55289e083fa5
2019-10-16 18:00:38,995 [grpc-default-executor-3] INFO  impl.RaftServerImpl (RaftServerImpl.java:setRole(184)) - 907b9765-214b-4864-b66a-d6e2a5789e5c@group-EFD1D20A002C: changes role from  FOLLOWER to FOLLOWER at term 86 for recognizeCandidate:bf55b3f9-6b09-4365-9d71-55289e083fa5
2019-10-16 18:00:38,995 [grpc-default-executor-0] INFO  impl.RoleInfo (RoleInfo.java:shutdownFollowerState(121)) - f4c54511-b161-4347-aec5-5236dc80a0d8: shutdown FollowerState
2019-10-16 18:00:38,995 [grpc-default-executor-3] INFO  impl.RoleInfo (RoleInfo.java:shutdownFollowerState(121)) - 907b9765-214b-4864-b66a-d6e2a5789e5c: shutdown FollowerState
2019-10-16 18:00:38,995 [Thread-555] INFO  impl.FollowerState (FollowerState.java:run(117)) - f4c54511-b161-4347-aec5-5236dc80a0d8@group-EFD1D20A002C-FollowerState was interrupted: java.lang.InterruptedException: sleep interrupted
2019-10-16 18:00:38,995 [grpc-default-executor-0] INFO  impl.RoleInfo (RoleInfo.java:updateAndGet(143)) - f4c54511-b161-4347-aec5-5236dc80a0d8: start FollowerState
2019-10-16 18:00:38,996 [Thread-556] INFO  impl.FollowerState (FollowerState.java:run(117)) - 907b9765-214b-4864-b66a-d6e2a5789e5c@group-EFD1D20A002C-FollowerState was interrupted: java.lang.InterruptedException: sleep interrupted
2019-10-16 18:00:38,995 [grpc-default-executor-3] INFO  impl.RoleInfo (RoleInfo.java:updateAndGet(143)) - 907b9765-214b-4864-b66a-d6e2a5789e5c: start FollowerState
2019-10-16 18:00:39,025 [bf55b3f9-6b09-4365-9d71-55289e083fa5@group-EFD1D20A002C-LeaderElection78] INFO  impl.LeaderElection (LeaderElection.java:logAndReturn(56)) - bf55b3f9-6b09-4365-9d71-55289e083fa5@group-EFD1D20A002C-LeaderElection78: Election REJECTED; received 2 response(s) [bf55b3f9-6b09-4365-9d71-55289e083fa5<-f4c54511-b161-4347-aec5-5236dc80a0d8#0:FAIL-t86, bf55b3f9-6b09-4365-9d71-55289e083fa5<-907b9765-214b-4864-b66a-d6e2a5789e5c#0:FAIL-t86] and 0 exception(s); bf55b3f9-6b09-4365-9d71-55289e083fa5@group-EFD1D20A002C:t86, leader=null, voted=bf55b3f9-6b09-4365-9d71-55289e083fa5, raftlog=bf55b3f9-6b09-4365-9d71-55289e083fa5@group-EFD1D20A002C-SegmentedRaftLog:OPENED:c-1,f-1,i0, conf=-1: [f4c54511-b161-4347-aec5-5236dc80a0d8:0.0.0.0:41238, 907b9765-214b-4864-b66a-d6e2a5789e5c:0.0.0.0:41650, bf55b3f9-6b09-4365-9d71-55289e083fa5:0.0.0.0:42441], old=null
2019-10-16 18:00:39,025 [bf55b3f9-6b09-4365-9d71-55289e083fa5@group-EFD1D20A002C-LeaderElection78] INFO  impl.RaftServerImpl (RaftServerImpl.java:setRole(184)) - bf55b3f9-6b09-4365-9d71-55289e083fa5@group-EFD1D20A002C: changes role from CANDIDATE to FOLLOWER at term 86 for DISCOVERED_A_NEW_TERM
2019-10-16 18:00:39,025 [bf55b3f9-6b09-4365-9d71-55289e083fa5@group-EFD1D20A002C-LeaderElection78] INFO  impl.RoleInfo (RoleInfo.java:shutdownLeaderElection(134)) - bf55b3f9-6b09-4365-9d71-55289e083fa5: shutdown LeaderElection
2019-10-16 18:00:39,025 [bf55b3f9-6b09-4365-9d71-55289e083fa5@group-EFD1D20A002C-LeaderElection78] INFO  impl.RoleInfo (RoleInfo.java:updateAndGet(143)) - bf55b3f9-6b09-4365-9d71-55289e083fa5: start FollowerState
2019-10-16 18:00:39,168 [Thread-563] INFO  impl.FollowerState (FollowerState.java:run(108)) - bf55b3f9-6b09-4365-9d71-55289e083fa5@group-EFD1D20A002C-FollowerState: change to CANDIDATE, lastRpcTime:142ms, electionTimeout:142ms
2019-10-16 18:00:39,168 [Thread-563] INFO  impl.RoleInfo (RoleInfo.java:shutdownFollowerState(121)) - bf55b3f9-6b09-4365-9d71-55289e083fa5: shutdown FollowerState
2019-10-16 18:00:39,168 [Thread-563] INFO  impl.RaftServerImpl (RaftServerImpl.java:setRole(184)) - bf55b3f9-6b09-4365-9d71-55289e083fa5@group-EFD1D20A002C: changes role from  FOLLOWER to CANDIDATE at term 86 for changeToCandidate
2019-10-16 18:00:39,169 [Thread-563] INFO  impl.RoleInfo (RoleInfo.java:updateAndGet(143)) - bf55b3f9-6b09-4365-9d71-55289e083fa5: start LeaderElection
2019-10-16 18:00:39,183 [bf55b3f9-6b09-4365-9d71-55289e083fa5@group-EFD1D20A002C-LeaderElection79] INFO  impl.LeaderElection (LeaderElection.java:askForVotes(178)) - bf55b3f9-6b09-4365-9d71-55289e083fa5@group-EFD1D20A002C-LeaderElection79: begin an election at term 87 for -1: [f4c54511-b161-4347-aec5-5236dc80a0d8:0.0.0.0:41238, 907b9765-214b-4864-b66a-d6e2a5789e5c:0.0.0.0:41650, bf55b3f9-6b09-4365-9d71-55289e083fa5:0.0.0.0:42441], old=null
2019-10-16 18:00:39,186 [grpc-default-executor-3] INFO  impl.RaftServerImpl (RaftServerImpl.java:setRole(184)) - 907b9765-214b-4864-b66a-d6e2a5789e5c@group-EFD1D20A002C: changes role from  FOLLOWER to FOLLOWER at term 87 for recognizeCandidate:bf55b3f9-6b09-4365-9d71-55289e083fa5
2019-10-16 18:00:39,186 [grpc-default-executor-0] INFO  impl.RaftServerImpl (RaftServerImpl.java:setRole(184)) - f4c54511-b161-4347-aec5-5236dc80a0d8@group-EFD1D20A002C: changes role from  FOLLOWER to FOLLOWER at term 87 for recognizeCandidate:bf55b3f9-6b09-4365-9d71-55289e083fa5
2019-10-16 18:00:39,186 [grpc-default-executor-3] INFO  impl.RoleInfo (RoleInfo.java:shutdownFollowerState(121)) - 907b9765-214b-4864-b66a-d6e2a5789e5c: shutdown FollowerState
2019-10-16 18:00:39,186 [grpc-default-executor-0] INFO  impl.RoleInfo (RoleInfo.java:shutdownFollowerState(121)) - f4c54511-b161-4347-aec5-5236dc80a0d8: shutdown FollowerState
2019-10-16 18:00:39,187 [Thread-562] INFO  impl.FollowerState (FollowerState.java:run(117)) - 907b9765-214b-4864-b66a-d6e2a5789e5c@group-EFD1D20A002C-FollowerState was interrupted: java.lang.InterruptedException: sleep interrupted
2019-10-16 18:00:39,186 [grpc-default-executor-3] INFO  impl.RoleInfo (RoleInfo.java:updateAndGet(143)) - 907b9765-214b-4864-b66a-d6e2a5789e5c: start FollowerState
2019-10-16 18:00:39,187 [Thread-561] INFO  impl.FollowerState (FollowerState.java:run(117)) - f4c54511-b161-4347-aec5-5236dc80a0d8@group-EFD1D20A002C-FollowerState was interrupted: java.lang.InterruptedException: sleep interrupted
2019-10-16 18:00:39,187 [grpc-default-executor-0] INFO  impl.RoleInfo (RoleInfo.java:updateAndGet(143)) - f4c54511-b161-4347-aec5-5236dc80a0d8: start FollowerState
2019-10-16 18:00:39,201 [bf55b3f9-6b09-4365-9d71-55289e083fa5@group-EFD1D20A002C-LeaderElection79] INFO  impl.LeaderElection (LeaderElection.java:logAndReturn(56)) - bf55b3f9-6b09-4365-9d71-55289e083fa5@group-EFD1D20A002C-LeaderElection79: Election REJECTED; received 2 response(s) [bf55b3f9-6b09-4365-9d71-55289e083fa5<-f4c54511-b161-4347-aec5-5236dc80a0d8#0:FAIL-t87, bf55b3f9-6b09-4365-9d71-55289e083fa5<-907b9765-214b-4864-b66a-d6e2a5789e5c#0:FAIL-t87] and 0 exception(s); bf55b3f9-6b09-4365-9d71-55289e083fa5@group-EFD1D20A002C:t87, leader=null, voted=bf55b3f9-6b09-4365-9d71-55289e083fa5, raftlog=bf55b3f9-6b09-4365-9d71-55289e083fa5@group-EFD1D20A002C-SegmentedRaftLog:OPENED:c-1,f-1,i0, conf=-1: [f4c54511-b161-4347-aec5-5236dc80a0d8:0.0.0.0:41238, 907b9765-214b-4864-b66a-d6e2a5789e5c:0.0.0.0:41650, bf55b3f9-6b09-4365-9d71-55289e083fa5:0.0.0.0:42441], old=null
2019-10-16 18:00:39,201 [bf55b3f9-6b09-4365-9d71-55289e083fa5@group-EFD1D20A002C-LeaderElection79] INFO  impl.RaftServerImpl (RaftServerImpl.java:setRole(184)) - bf55b3f9-6b09-4365-9d71-55289e083fa5@group-EFD1D20A002C: changes role from CANDIDATE to FOLLOWER at term 87 for DISCOVERED_A_NEW_TERM
2019-10-16 18:00:39,201 [bf55b3f9-6b09-4365-9d71-55289e083fa5@group-EFD1D20A002C-LeaderElection79] INFO  impl.RoleInfo (RoleInfo.java:shutdownLeaderElection(134)) - bf55b3f9-6b09-4365-9d71-55289e083fa5: shutdown LeaderElection
2019-10-16 18:00:39,201 [bf55b3f9-6b09-4365-9d71-55289e083fa5@group-EFD1D20A002C-LeaderElection79] INFO  impl.RoleInfo (RoleInfo.java:updateAndGet(143)) - bf55b3f9-6b09-4365-9d71-55289e083fa5: start FollowerState
2019-10-16 18:00:39,210 [Thread-569] INFO  impl.FollowerState (FollowerState.java:run(108)) - bf55b3f9-6b09-4365-9d71-55289e083fa5@group-EFD1D20A002C-FollowerState: change to CANDIDATE, lastRpcTime:8ms, electionTimeout:8ms
2019-10-16 18:00:39,210 [Thread-569] INFO  impl.RoleInfo (RoleInfo.java:shutdownFollowerState(121)) - bf55b3f9-6b09-4365-9d71-55289e083fa5: shutdown FollowerState
2019-10-16 18:00:39,210 [Thread-569] INFO  impl.RaftServerImpl (RaftServerImpl.java:setRole(184)) - bf55b3f9-6b09-4365-9d71-55289e083fa5@group-EFD1D20A002C: changes role from  FOLLOWER to CANDIDATE at term 87 for changeToCandidate
2019-10-16 18:00:39,210 [Thread-569] INFO  impl.RoleInfo (RoleInfo.java:updateAndGet(143)) - bf55b3f9-6b09-4365-9d71-55289e083fa5: start LeaderElection
2019-10-16 18:00:39,225 [bf55b3f9-6b09-4365-9d71-55289e083fa5@group-EFD1D20A002C-LeaderElection80] INFO  impl.LeaderElection (LeaderElection.java:askForVotes(178)) - bf55b3f9-6b09-4365-9d71-55289e083fa5@group-EFD1D20A002C-LeaderElection80: begin an election at term 88 for -1: [f4c54511-b161-4347-aec5-5236dc80a0d8:0.0.0.0:41238, 907b9765-214b-4864-b66a-d6e2a5789e5c:0.0.0.0:41650, bf55b3f9-6b09-4365-9d71-55289e083fa5:0.0.0.0:42441], old=null
2019-10-16 18:00:39,228 [grpc-default-executor-3] INFO  impl.RaftServerImpl (RaftServerImpl.java:setRole(184)) - f4c54511-b161-4347-aec5-5236dc80a0d8@group-EFD1D20A002C: changes role from  FOLLOWER to FOLLOWER at term 88 for recognizeCandidate:bf55b3f9-6b09-4365-9d71-55289e083fa5
2019-10-16 18:00:39,228 [grpc-default-executor-3] INFO  impl.RoleInfo (RoleInfo.java:shutdownFollowerState(121)) - f4c54511-b161-4347-aec5-5236dc80a0d8: shutdown FollowerState
2019-10-16 18:00:39,228 [grpc-default-executor-0] INFO  impl.RaftServerImpl (RaftServerImpl.java:setRole(184)) - 907b9765-214b-4864-b66a-d6e2a5789e5c@group-EFD1D20A002C: changes role from  FOLLOWER to FOLLOWER at term 88 for recognizeCandidate:bf55b3f9-6b09-4365-9d71-55289e083fa5
2019-10-16 18:00:39,228 [Thread-568] INFO  impl.FollowerState (FollowerState.java:run(117)) - f4c54511-b161-4347-aec5-5236dc80a0d8@group-EFD1D20A002C-FollowerState was interrupted: java.lang.InterruptedException: sleep interrupted
2019-10-16 18:00:39,228 [grpc-default-executor-3] INFO  impl.RoleInfo (RoleInfo.java:updateAndGet(143)) - f4c54511-b161-4347-aec5-5236dc80a0d8: start FollowerState
2019-10-16 18:00:39,228 [grpc-default-executor-0] INFO  impl.RoleInfo (RoleInfo.java:shutdownFollowerState(121)) - 907b9765-214b-4864-b66a-d6e2a5789e5c: shutdown FollowerState
2019-10-16 18:00:39,229 [grpc-default-executor-0] INFO  impl.RoleInfo (RoleInfo.java:updateAndGet(143)) - 907b9765-214b-4864-b66a-d6e2a5789e5c: start FollowerState
2019-10-16 18:00:39,229 [Thread-567] INFO  impl.FollowerState (FollowerState.java:run(117)) - 907b9765-214b-4864-b66a-d6e2a5789e5c@group-EFD1D20A002C-FollowerState was interrupted: java.lang.InterruptedException: sleep interrupted
2019-10-16 18:00:39,243 [bf55b3f9-6b09-4365-9d71-55289e083fa5@group-EFD1D20A002C-LeaderElection80] INFO  impl.LeaderElection (LeaderElection.java:logAndReturn(56)) - bf55b3f9-6b09-4365-9d71-55289e083fa5@group-EFD1D20A002C-LeaderElection80: Election REJECTED; received 2 response(s) [bf55b3f9-6b09-4365-9d71-55289e083fa5<-f4c54511-b161-4347-aec5-5236dc80a0d8#0:FAIL-t88, bf55b3f9-6b09-4365-9d71-55289e083fa5<-907b9765-214b-4864-b66a-d6e2a5789e5c#0:FAIL-t88] and 0 exception(s); bf55b3f9-6b09-4365-9d71-55289e083fa5@group-EFD1D20A002C:t88, leader=null, voted=bf55b3f9-6b09-4365-9d71-55289e083fa5, raftlog=bf55b3f9-6b09-4365-9d71-55289e083fa5@group-EFD1D20A002C-SegmentedRaftLog:OPENED:c-1,f-1,i0, conf=-1: [f4c54511-b161-4347-aec5-5236dc80a0d8:0.0.0.0:41238, 907b9765-214b-4864-b66a-d6e2a5789e5c:0.0.0.0:41650, bf55b3f9-6b09-4365-9d71-55289e083fa5:0.0.0.0:42441], old=null
2019-10-16 18:00:39,244 [bf55b3f9-6b09-4365-9d71-55289e083fa5@group-EFD1D20A002C-LeaderElection80] INFO  impl.RaftServerImpl (RaftServerImpl.java:setRole(184)) - bf55b3f9-6b09-4365-9d71-55289e083fa5@group-EFD1D20A002C: changes role from CANDIDATE to FOLLOWER at term 88 for DISCOVERED_A_NEW_TERM
2019-10-16 18:00:39,244 [bf55b3f9-6b09-4365-9d71-55289e083fa5@group-EFD1D20A002C-LeaderElection80] INFO  impl.RoleInfo (RoleInfo.java:shutdownLeaderElection(134)) - bf55b3f9-6b09-4365-9d71-55289e083fa5: shutdown LeaderElection
2019-10-16 18:00:39,244 [bf55b3f9-6b09-4365-9d71-55289e083fa5@group-EFD1D20A002C-LeaderElection80] INFO  impl.RoleInfo (RoleInfo.java:updateAndGet(143)) - bf55b3f9-6b09-4365-9d71-55289e083fa5: start FollowerState
2019-10-16 18:00:39,430 [Thread-575] INFO  impl.FollowerState (FollowerState.java:run(108)) - bf55b3f9-6b09-4365-9d71-55289e083fa5@group-EFD1D20A002C-FollowerState: change to CANDIDATE, lastRpcTime:186ms, electionTimeout:185ms
2019-10-16 18:00:39,432 [Thread-575] INFO  impl.RoleInfo (RoleInfo.java:shutdownFollowerState(121)) - bf55b3f9-6b09-4365-9d71-55289e083fa5: shutdown FollowerState
2019-10-16 18:00:39,432 [Thread-575] INFO  impl.RaftServerImpl (RaftServerImpl.java:setRole(184)) - bf55b3f9-6b09-4365-9d71-55289e083fa5@group-EFD1D20A002C: changes role from  FOLLOWER to CANDIDATE at term 88 for changeToCandidate
2019-10-16 18:00:39,433 [Thread-575] INFO  impl.RoleInfo (RoleInfo.java:updateAndGet(143)) - bf55b3f9-6b09-4365-9d71-55289e083fa5: start LeaderElection
2019-10-16 18:00:39,463 [bf55b3f9-6b09-4365-9d71-55289e083fa5@group-EFD1D20A002C-LeaderElection81] INFO  impl.LeaderElection (LeaderElection.java:askForVotes(178)) - bf55b3f9-6b09-4365-9d71-55289e083fa5@group-EFD1D20A002C-LeaderElection81: begin an election at term 89 for -1: [f4c54511-b161-4347-aec5-5236dc80a0d8:0.0.0.0:41238, 907b9765-214b-4864-b66a-d6e2a5789e5c:0.0.0.0:41650, bf55b3f9-6b09-4365-9d71-55289e083fa5:0.0.0.0:42441], old=null
2019-10-16 18:00:39,470 [grpc-default-executor-0] INFO  impl.RaftServerImpl (RaftServerImpl.java:setRole(184)) - 907b9765-214b-4864-b66a-d6e2a5789e5c@group-EFD1D20A002C: changes role from  FOLLOWER to FOLLOWER at term 89 for recognizeCandidate:bf55b3f9-6b09-4365-9d71-55289e083fa5
2019-10-16 18:00:39,470 [grpc-default-executor-3] INFO  impl.RaftServerImpl (RaftServerImpl.java:setRole(184)) - f4c54511-b161-4347-aec5-5236dc80a0d8@group-EFD1D20A002C: changes role from  FOLLOWER to FOLLOWER at term 89 for recognizeCandidate:bf55b3f9-6b09-4365-9d71-55289e083fa5
2019-10-16 18:00:39,470 [grpc-default-executor-0] INFO  impl.RoleInfo (RoleInfo.java:shutdownFollowerState(121)) - 907b9765-214b-4864-b66a-d6e2a5789e5c: shutdown FollowerState
2019-10-16 18:00:39,470 [grpc-default-executor-3] INFO  impl.RoleInfo (RoleInfo.java:shutdownFollowerState(121)) - f4c54511-b161-4347-aec5-5236dc80a0d8: shutdown FollowerState
2019-10-16 18:00:39,470 [Thread-574] INFO  impl.FollowerState (FollowerState.java:run(117)) - 907b9765-214b-4864-b66a-d6e2a5789e5c@group-EFD1D20A002C-FollowerState was interrupted: java.lang.InterruptedException: sleep interrupted
2019-10-16 18:00:39,470 [grpc-default-executor-0] INFO  impl.RoleInfo (RoleInfo.java:updateAndGet(143)) - 907b9765-214b-4864-b66a-d6e2a5789e5c: start FollowerState
2019-10-16 18:00:39,470 [Thread-573] INFO  impl.FollowerState (FollowerState.java:run(117)) - f4c54511-b161-4347-aec5-5236dc80a0d8@group-EFD1D20A002C-FollowerState was interrupted: java.lang.InterruptedException: sleep interrupted
2019-10-16 18:00:39,470 [grpc-default-executor-3] INFO  impl.RoleInfo (RoleInfo.java:updateAndGet(143)) - f4c54511-b161-4347-aec5-5236dc80a0d8: start FollowerState
2019-10-16 18:00:39,489 [bf55b3f9-6b09-4365-9d71-55289e083fa5@group-EFD1D20A002C-LeaderElection81] INFO  impl.LeaderElection (LeaderElection.java:logAndReturn(56)) - bf55b3f9-6b09-4365-9d71-55289e083fa5@group-EFD1D20A002C-LeaderElection81: Election REJECTED; received 2 response(s) [bf55b3f9-6b09-4365-9d71-55289e083fa5<-f4c54511-b161-4347-aec5-5236dc80a0d8#0:FAIL-t89, bf55b3f9-6b09-4365-9d71-55289e083fa5<-907b9765-214b-4864-b66a-d6e2a5789e5c#0:FAIL-t89] and 0 exception(s); bf55b3f9-6b09-4365-9d71-55289e083fa5@group-EFD1D20A002C:t89, leader=null, voted=bf55b3f9-6b09-4365-9d71-55289e083fa5, raftlog=bf55b3f9-6b09-4365-9d71-55289e083fa5@group-EFD1D20A002C-SegmentedRaftLog:OPENED:c-1,f-1,i0, conf=-1: [f4c54511-b161-4347-aec5-5236dc80a0d8:0.0.0.0:41238, 907b9765-214b-4864-b66a-d6e2a5789e5c:0.0.0.0:41650, bf55b3f9-6b09-4365-9d71-55289e083fa5:0.0.0.0:42441], old=null
2019-10-16 18:00:39,490 [bf55b3f9-6b09-4365-9d71-55289e083fa5@group-EFD1D20A002C-LeaderElection81] INFO  impl.RaftServerImpl (RaftServerImpl.java:setRole(184)) - bf55b3f9-6b09-4365-9d71-55289e083fa5@group-EFD1D20A002C: changes role from CANDIDATE to FOLLOWER at term 89 for DISCOVERED_A_NEW_TERM
2019-10-16 18:00:39,490 [bf55b3f9-6b09-4365-9d71-55289e083fa5@group-EFD1D20A002C-LeaderElection81] INFO  impl.RoleInfo (RoleInfo.java:shutdownLeaderElection(134)) - bf55b3f9-6b09-4365-9d71-55289e083fa5: shutdown LeaderElection
2019-10-16 18:00:39,490 [bf55b3f9-6b09-4365-9d71-55289e083fa5@group-EFD1D20A002C-LeaderElection81] INFO  impl.RoleInfo (RoleInfo.java:updateAndGet(143)) - bf55b3f9-6b09-4365-9d71-55289e083fa5: start FollowerState
2019-10-16 18:00:39,551 [Thread-581] INFO  impl.FollowerState (FollowerState.java:run(108)) - bf55b3f9-6b09-4365-9d71-55289e083fa5@group-EFD1D20A002C-FollowerState: change to CANDIDATE, lastRpcTime:60ms, electionTimeout:60ms
2019-10-16 18:00:39,551 [Thread-581] INFO  impl.RoleInfo (RoleInfo.java:shutdownFollowerState(121)) - bf55b3f9-6b09-4365-9d71-55289e083fa5: shutdown FollowerState
2019-10-16 18:00:39,551 [Thread-581] INFO  impl.RaftServerImpl (RaftServerImpl.java:setRole(184)) - bf55b3f9-6b09-4365-9d71-55289e083fa5@group-EFD1D20A002C: changes role from  FOLLOWER to CANDIDATE at term 89 for changeToCandidate
2019-10-16 18:00:39,551 [Thread-581] INFO  impl.RoleInfo (RoleInfo.java:updateAndGet(143)) - bf55b3f9-6b09-4365-9d71-55289e083fa5: start LeaderElection
2019-10-16 18:00:39,580 [bf55b3f9-6b09-4365-9d71-55289e083fa5@group-EFD1D20A002C-LeaderElection82] INFO  impl.LeaderElection (LeaderElection.java:askForVotes(178)) - bf55b3f9-6b09-4365-9d71-55289e083fa5@group-EFD1D20A002C-LeaderElection82: begin an election at term 90 for -1: [f4c54511-b161-4347-aec5-5236dc80a0d8:0.0.0.0:41238, 907b9765-214b-4864-b66a-d6e2a5789e5c:0.0.0.0:41650, bf55b3f9-6b09-4365-9d71-55289e083fa5:0.0.0.0:42441], old=null
2019-10-16 18:00:39,583 [grpc-default-executor-0] INFO  impl.RaftServerImpl (RaftServerImpl.java:setRole(184)) - f4c54511-b161-4347-aec5-5236dc80a0d8@group-EFD1D20A002C: changes role from  FOLLOWER to FOLLOWER at term 90 for recognizeCandidate:bf55b3f9-6b09-4365-9d71-55289e083fa5
2019-10-16 18:00:39,584 [grpc-default-executor-0] INFO  impl.RoleInfo (RoleInfo.java:shutdownFollowerState(121)) - f4c54511-b161-4347-aec5-5236dc80a0d8: shutdown FollowerState
2019-10-16 18:00:39,584 [grpc-default-executor-3] INFO  impl.RaftServerImpl (RaftServerImpl.java:setRole(184)) - 907b9765-214b-4864-b66a-d6e2a5789e5c@group-EFD1D20A002C: changes role from  FOLLOWER to FOLLOWER at term 90 for recognizeCandidate:bf55b3f9-6b09-4365-9d71-55289e083fa5
2019-10-16 18:00:39,584 [Thread-580] INFO  impl.FollowerState (FollowerState.java:run(117)) - f4c54511-b161-4347-aec5-5236dc80a0d8@group-EFD1D20A002C-FollowerState was interrupted: java.lang.InterruptedException: sleep interrupted
2019-10-16 18:00:39,584 [grpc-default-executor-0] INFO  impl.RoleInfo (RoleInfo.java:updateAndGet(143)) - f4c54511-b161-4347-aec5-5236dc80a0d8: start FollowerState
2019-10-16 18:00:39,584 [grpc-default-executor-3] INFO  impl.RoleInfo (RoleInfo.java:shutdownFollowerState(121)) - 907b9765-214b-4864-b66a-d6e2a5789e5c: shutdown FollowerState
2019-10-16 18:00:39,585 [grpc-default-executor-3] INFO  impl.RoleInfo (RoleInfo.java:updateAndGet(143)) - 907b9765-214b-4864-b66a-d6e2a5789e5c: start FollowerState
2019-10-16 18:00:39,585 [Thread-579] INFO  impl.FollowerState (FollowerState.java:run(117)) - 907b9765-214b-4864-b66a-d6e2a5789e5c@group-EFD1D20A002C-FollowerState was interrupted: java.lang.InterruptedException: sleep interrupted
2019-10-16 18:00:39,615 [bf55b3f9-6b09-4365-9d71-55289e083fa5@group-EFD1D20A002C-LeaderElection82] INFO  impl.LeaderElection (LeaderElection.java:logAndReturn(56)) - bf55b3f9-6b09-4365-9d71-55289e083fa5@group-EFD1D20A002C-LeaderElection82: Election REJECTED; received 2 response(s) [bf55b3f9-6b09-4365-9d71-55289e083fa5<-f4c54511-b161-4347-aec5-5236dc80a0d8#0:FAIL-t90, bf55b3f9-6b09-4365-9d71-55289e083fa5<-907b9765-214b-4864-b66a-d6e2a5789e5c#0:FAIL-t90] and 0 exception(s); bf55b3f9-6b09-4365-9d71-55289e083fa5@group-EFD1D20A002C:t90, leader=null, voted=bf55b3f9-6b09-4365-9d71-55289e083fa5, raftlog=bf55b3f9-6b09-4365-9d71-55289e083fa5@group-EFD1D20A002C-SegmentedRaftLog:OPENED:c-1,f-1,i0, conf=-1: [f4c54511-b161-4347-aec5-5236dc80a0d8:0.0.0.0:41238, 907b9765-214b-4864-b66a-d6e2a5789e5c:0.0.0.0:41650, bf55b3f9-6b09-4365-9d71-55289e083fa5:0.0.0.0:42441], old=null
2019-10-16 18:00:39,615 [bf55b3f9-6b09-4365-9d71-55289e083fa5@group-EFD1D20A002C-LeaderElection82] INFO  impl.RaftServerImpl (RaftServerImpl.java:setRole(184)) - bf55b3f9-6b09-4365-9d71-55289e083fa5@group-EFD1D20A002C: changes role from CANDIDATE to FOLLOWER at term 90 for DISCOVERED_A_NEW_TERM
2019-10-16 18:00:39,616 [bf55b3f9-6b09-4365-9d71-55289e083fa5@group-EFD1D20A002C-LeaderElection82] INFO  impl.RoleInfo (RoleInfo.java:shutdownLeaderElection(134)) - bf55b3f9-6b09-4365-9d71-55289e083fa5: shutdown LeaderElection
2019-10-16 18:00:39,616 [bf55b3f9-6b09-4365-9d71-55289e083fa5@group-EFD1D20A002C-LeaderElection82] INFO  impl.RoleInfo (RoleInfo.java:updateAndGet(143)) - bf55b3f9-6b09-4365-9d71-55289e083fa5: start FollowerState
2019-10-16 18:00:39,707 [Thread-587] INFO  impl.FollowerState (FollowerState.java:run(108)) - bf55b3f9-6b09-4365-9d71-55289e083fa5@group-EFD1D20A002C-FollowerState: change to CANDIDATE, lastRpcTime:91ms, electionTimeout:91ms
2019-10-16 18:00:39,707 [Thread-587] INFO  impl.RoleInfo (RoleInfo.java:shutdownFollowerState(121)) - bf55b3f9-6b09-4365-9d71-55289e083fa5: shutdown FollowerState
2019-10-16 18:00:39,708 [Thread-587] INFO  impl.RaftServerImpl (RaftServerImpl.java:setRole(184)) - bf55b3f9-6b09-4365-9d71-55289e083fa5@group-EFD1D20A002C: changes role from  FOLLOWER to CANDIDATE at term 90 for changeToCandidate
2019-10-16 18:00:39,708 [Thread-587] INFO  impl.RoleInfo (RoleInfo.java:updateAndGet(143)) - bf55b3f9-6b09-4365-9d71-55289e083fa5: start LeaderElection
2019-10-16 18:00:39,732 [bf55b3f9-6b09-4365-9d71-55289e083fa5@group-EFD1D20A002C-LeaderElection83] INFO  impl.LeaderElection (LeaderElection.java:askForVotes(178)) - bf55b3f9-6b09-4365-9d71-55289e083fa5@group-EFD1D20A002C-LeaderElection83: begin an election at term 91 for -1: [f4c54511-b161-4347-aec5-5236dc80a0d8:0.0.0.0:41238, 907b9765-214b-4864-b66a-d6e2a5789e5c:0.0.0.0:41650, bf55b3f9-6b09-4365-9d71-55289e083fa5:0.0.0.0:42441], old=null
2019-10-16 18:00:39,735 [grpc-default-executor-3] INFO  impl.RaftServerImpl (RaftServerImpl.java:setRole(184)) - 907b9765-214b-4864-b66a-d6e2a5789e5c@group-EFD1D20A002C: changes role from  FOLLOWER to FOLLOWER at term 91 for recognizeCandidate:bf55b3f9-6b09-4365-9d71-55289e083fa5
2019-10-16 18:00:39,735 [grpc-default-executor-0] INFO  impl.RaftServerImpl (RaftServerImpl.java:setRole(184)) - f4c54511-b161-4347-aec5-5236dc80a0d8@group-EFD1D20A002C: changes role from  FOLLOWER to FOLLOWER at term 91 for recognizeCandidate:bf55b3f9-6b09-4365-9d71-55289e083fa5
2019-10-16 18:00:39,735 [grpc-default-executor-3] INFO  impl.RoleInfo (RoleInfo.java:shutdownFollowerState(121)) - 907b9765-214b-4864-b66a-d6e2a5789e5c: shutdown FollowerState
2019-10-16 18:00:39,735 [grpc-default-executor-0] INFO  impl.RoleInfo (RoleInfo.java:shutdownFollowerState(121)) - f4c54511-b161-4347-aec5-5236dc80a0d8: shutdown FollowerState
2019-10-16 18:00:39,735 [grpc-default-executor-3] INFO  impl.RoleInfo (RoleInfo.java:updateAndGet(143)) - 907b9765-214b-4864-b66a-d6e2a5789e5c: start FollowerState
2019-10-16 18:00:39,735 [Thread-586] INFO  impl.FollowerState (FollowerState.java:run(117)) - 907b9765-214b-4864-b66a-d6e2a5789e5c@group-EFD1D20A002C-FollowerState was interrupted: java.lang.InterruptedException: sleep interrupted
2019-10-16 18:00:39,736 [Thread-585] INFO  impl.FollowerState (FollowerState.java:run(117)) - f4c54511-b161-4347-aec5-5236dc80a0d8@group-EFD1D20A002C-FollowerState was interrupted: java.lang.InterruptedException: sleep interrupted
2019-10-16 18:00:39,736 [grpc-default-executor-0] INFO  impl.RoleInfo (RoleInfo.java:updateAndGet(143)) - f4c54511-b161-4347-aec5-5236dc80a0d8: start FollowerState
2019-10-16 18:00:39,758 [bf55b3f9-6b09-4365-9d71-55289e083fa5@group-EFD1D20A002C-LeaderElection83] INFO  impl.LeaderElection (LeaderElection.java:logAndReturn(56)) - bf55b3f9-6b09-4365-9d71-55289e083fa5@group-EFD1D20A002C-LeaderElection83: Election TIMEOUT; received 0 response(s) [] and 0 exception(s); bf55b3f9-6b09-4365-9d71-55289e083fa5@group-EFD1D20A002C:t91, leader=null, voted=bf55b3f9-6b09-4365-9d71-55289e083fa5, raftlog=bf55b3f9-6b09-4365-9d71-55289e083fa5@group-EFD1D20A002C-SegmentedRaftLog:OPENED:c-1,f-1,i0, conf=-1: [f4c54511-b161-4347-aec5-5236dc80a0d8:0.0.0.0:41238, 907b9765-214b-4864-b66a-d6e2a5789e5c:0.0.0.0:41650, bf55b3f9-6b09-4365-9d71-55289e083fa5:0.0.0.0:42441], old=null
2019-10-16 18:00:39,783 [bf55b3f9-6b09-4365-9d71-55289e083fa5@group-EFD1D20A002C-LeaderElection83] INFO  impl.LeaderElection (LeaderElection.java:askForVotes(178)) - bf55b3f9-6b09-4365-9d71-55289e083fa5@group-EFD1D20A002C-LeaderElection83: begin an election at term 92 for -1: [f4c54511-b161-4347-aec5-5236dc80a0d8:0.0.0.0:41238, 907b9765-214b-4864-b66a-d6e2a5789e5c:0.0.0.0:41650, bf55b3f9-6b09-4365-9d71-55289e083fa5:0.0.0.0:42441], old=null
2019-10-16 18:00:39,785 [grpc-default-executor-0] INFO  impl.RaftServerImpl (RaftServerImpl.java:setRole(184)) - f4c54511-b161-4347-aec5-5236dc80a0d8@group-EFD1D20A002C: changes role from  FOLLOWER to FOLLOWER at term 92 for recognizeCandidate:bf55b3f9-6b09-4365-9d71-55289e083fa5
2019-10-16 18:00:39,786 [grpc-default-executor-0] INFO  impl.RoleInfo (RoleInfo.java:shutdownFollowerState(121)) - f4c54511-b161-4347-aec5-5236dc80a0d8: shutdown FollowerState
2019-10-16 18:00:39,786 [grpc-default-executor-3] INFO  impl.RaftServerImpl (RaftServerImpl.java:setRole(184)) - 907b9765-214b-4864-b66a-d6e2a5789e5c@group-EFD1D20A002C: changes role from  FOLLOWER to FOLLOWER at term 92 for recognizeCandidate:bf55b3f9-6b09-4365-9d71-55289e083fa5
2019-10-16 18:00:39,786 [Thread-594] INFO  impl.FollowerState (FollowerState.java:run(117)) - f4c54511-b161-4347-aec5-5236dc80a0d8@group-EFD1D20A002C-FollowerState was interrupted: java.lang.InterruptedException: sleep interrupted
2019-10-16 18:00:39,786 [grpc-default-executor-0] INFO  impl.RoleInfo (RoleInfo.java:updateAndGet(143)) - f4c54511-b161-4347-aec5-5236dc80a0d8: start FollowerState
2019-10-16 18:00:39,786 [grpc-default-executor-3] INFO  impl.RoleInfo (RoleInfo.java:shutdownFollowerState(121)) - 907b9765-214b-4864-b66a-d6e2a5789e5c: shutdown FollowerState
2019-10-16 18:00:39,786 [grpc-default-executor-3] INFO  impl.RoleInfo (RoleInfo.java:updateAndGet(143)) - 907b9765-214b-4864-b66a-d6e2a5789e5c: start FollowerState
2019-10-16 18:00:39,786 [Thread-593] INFO  impl.FollowerState (FollowerState.java:run(117)) - 907b9765-214b-4864-b66a-d6e2a5789e5c@group-EFD1D20A002C-FollowerState was interrupted: java.lang.InterruptedException: sleep interrupted
2019-10-16 18:00:39,804 [bf55b3f9-6b09-4365-9d71-55289e083fa5@group-EFD1D20A002C-LeaderElection83] INFO  impl.LeaderElection (LeaderElection.java:logAndReturn(56)) - bf55b3f9-6b09-4365-9d71-55289e083fa5@group-EFD1D20A002C-LeaderElection83: Election TIMEOUT; received 0 response(s) [] and 0 exception(s); bf55b3f9-6b09-4365-9d71-55289e083fa5@group-EFD1D20A002C:t92, leader=null, voted=bf55b3f9-6b09-4365-9d71-55289e083fa5, raftlog=bf55b3f9-6b09-4365-9d71-55289e083fa5@group-EFD1D20A002C-SegmentedRaftLog:OPENED:c-1,f-1,i0, conf=-1: [f4c54511-b161-4347-aec5-5236dc80a0d8:0.0.0.0:41238, 907b9765-214b-4864-b66a-d6e2a5789e5c:0.0.0.0:41650, bf55b3f9-6b09-4365-9d71-55289e083fa5:0.0.0.0:42441], old=null
2019-10-16 18:00:39,834 [bf55b3f9-6b09-4365-9d71-55289e083fa5@group-EFD1D20A002C-LeaderElection83] INFO  impl.LeaderElection (LeaderElection.java:askForVotes(178)) - bf55b3f9-6b09-4365-9d71-55289e083fa5@group-EFD1D20A002C-LeaderElection83: begin an election at term 93 for -1: [f4c54511-b161-4347-aec5-5236dc80a0d8:0.0.0.0:41238, 907b9765-214b-4864-b66a-d6e2a5789e5c:0.0.0.0:41650, bf55b3f9-6b09-4365-9d71-55289e083fa5:0.0.0.0:42441], old=null
2019-10-16 18:00:39,837 [grpc-default-executor-3] INFO  impl.RaftServerImpl (RaftServerImpl.java:setRole(184)) - 907b9765-214b-4864-b66a-d6e2a5789e5c@group-EFD1D20A002C: changes role from  FOLLOWER to FOLLOWER at term 93 for recognizeCandidate:bf55b3f9-6b09-4365-9d71-55289e083fa5
2019-10-16 18:00:39,837 [grpc-default-executor-0] INFO  impl.RaftServerImpl (RaftServerImpl.java:setRole(184)) - f4c54511-b161-4347-aec5-5236dc80a0d8@group-EFD1D20A002C: changes role from  FOLLOWER to FOLLOWER at term 93 for recognizeCandidate:bf55b3f9-6b09-4365-9d71-55289e083fa5
2019-10-16 18:00:39,837 [grpc-default-executor-3] INFO  impl.RoleInfo (RoleInfo.java:shutdownFollowerState(121)) - 907b9765-214b-4864-b66a-d6e2a5789e5c: shutdown FollowerState
2019-10-16 18:00:39,837 [grpc-default-executor-0] INFO  impl.RoleInfo (RoleInfo.java:shutdownFollowerState(121)) - f4c54511-b161-4347-aec5-5236dc80a0d8: shutdown FollowerState
2019-10-16 18:00:39,837 [Thread-598] INFO  impl.FollowerState (FollowerState.java:run(117)) - 907b9765-214b-4864-b66a-d6e2a5789e5c@group-EFD1D20A002C-FollowerState was interrupted: java.lang.InterruptedException: sleep interrupted
2019-10-16 18:00:39,837 [grpc-default-executor-3] INFO  impl.RoleInfo (RoleInfo.java:updateAndGet(143)) - 907b9765-214b-4864-b66a-d6e2a5789e5c: start FollowerState
2019-10-16 18:00:39,838 [Thread-597] INFO  impl.FollowerState (FollowerState.java:run(117)) - f4c54511-b161-4347-aec5-5236dc80a0d8@group-EFD1D20A002C-FollowerState was interrupted: java.lang.InterruptedException: sleep interrupted
2019-10-16 18:00:39,838 [grpc-default-executor-0] INFO  impl.RoleInfo (RoleInfo.java:updateAndGet(143)) - f4c54511-b161-4347-aec5-5236dc80a0d8: start FollowerState
2019-10-16 18:00:39,861 [bf55b3f9-6b09-4365-9d71-55289e083fa5@group-EFD1D20A002C-LeaderElection83] INFO  impl.LeaderElection (LeaderElection.java:logAndReturn(56)) - bf55b3f9-6b09-4365-9d71-55289e083fa5@group-EFD1D20A002C-LeaderElection83: Election REJECTED; received 2 response(s) [bf55b3f9-6b09-4365-9d71-55289e083fa5<-f4c54511-b161-4347-aec5-5236dc80a0d8#0:FAIL-t93, bf55b3f9-6b09-4365-9d71-55289e083fa5<-907b9765-214b-4864-b66a-d6e2a5789e5c#0:FAIL-t93] and 0 exception(s); bf55b3f9-6b09-4365-9d71-55289e083fa5@group-EFD1D20A002C:t93, leader=null, voted=bf55b3f9-6b09-4365-9d71-55289e083fa5, raftlog=bf55b3f9-6b09-4365-9d71-55289e083fa5@group-EFD1D20A002C-SegmentedRaftLog:OPENED:c-1,f-1,i0, conf=-1: [f4c54511-b161-4347-aec5-5236dc80a0d8:0.0.0.0:41238, 907b9765-214b-4864-b66a-d6e2a5789e5c:0.0.0.0:41650, bf55b3f9-6b09-4365-9d71-55289e083fa5:0.0.0.0:42441], old=null
2019-10-16 18:00:39,861 [bf55b3f9-6b09-4365-9d71-55289e083fa5@group-EFD1D20A002C-LeaderElection83] INFO  impl.RaftServerImpl (RaftServerImpl.java:setRole(184)) - bf55b3f9-6b09-4365-9d71-55289e083fa5@group-EFD1D20A002C: changes role from CANDIDATE to FOLLOWER at term 93 for DISCOVERED_A_NEW_TERM
2019-10-16 18:00:39,861 [bf55b3f9-6b09-4365-9d71-55289e083fa5@group-EFD1D20A002C-LeaderElection83] INFO  impl.RoleInfo (RoleInfo.java:shutdownLeaderElection(134)) - bf55b3f9-6b09-4365-9d71-55289e083fa5: shutdown LeaderElection
2019-10-16 18:00:39,861 [bf55b3f9-6b09-4365-9d71-55289e083fa5@group-EFD1D20A002C-LeaderElection83] INFO  impl.RoleInfo (RoleInfo.java:updateAndGet(143)) - bf55b3f9-6b09-4365-9d71-55289e083fa5: start FollowerState
2019-10-16 18:00:39,890 [Thread-603] INFO  impl.FollowerState (FollowerState.java:run(108)) - bf55b3f9-6b09-4365-9d71-55289e083fa5@group-EFD1D20A002C-FollowerState: change to CANDIDATE, lastRpcTime:28ms, electionTimeout:28ms
2019-10-16 18:00:39,890 [Thread-603] INFO  impl.RoleInfo (RoleInfo.java:shutdownFollowerState(121)) - bf55b3f9-6b09-4365-9d71-55289e083fa5: shutdown FollowerState
2019-10-16 18:00:39,890 [Thread-603] INFO  impl.RaftServerImpl (RaftServerImpl.java:setRole(184)) - bf55b3f9-6b09-4365-9d71-55289e083fa5@group-EFD1D20A002C: changes role from  FOLLOWER to CANDIDATE at term 93 for changeToCandidate
2019-10-16 18:00:39,891 [Thread-603] INFO  impl.RoleInfo (RoleInfo.java:updateAndGet(143)) - bf55b3f9-6b09-4365-9d71-55289e083fa5: start LeaderElection
2019-10-16 18:00:39,902 [bf55b3f9-6b09-4365-9d71-55289e083fa5@group-EFD1D20A002C-LeaderElection84] INFO  impl.LeaderElection (LeaderElection.java:askForVotes(178)) - bf55b3f9-6b09-4365-9d71-55289e083fa5@group-EFD1D20A002C-LeaderElection84: begin an election at term 94 for -1: [f4c54511-b161-4347-aec5-5236dc80a0d8:0.0.0.0:41238, 907b9765-214b-4864-b66a-d6e2a5789e5c:0.0.0.0:41650, bf55b3f9-6b09-4365-9d71-55289e083fa5:0.0.0.0:42441], old=null
2019-10-16 18:00:39,905 [grpc-default-executor-3] INFO  impl.RaftServerImpl (RaftServerImpl.java:setRole(184)) - 907b9765-214b-4864-b66a-d6e2a5789e5c@group-EFD1D20A002C: changes role from  FOLLOWER to FOLLOWER at term 94 for recognizeCandidate:bf55b3f9-6b09-4365-9d71-55289e083fa5
2019-10-16 18:00:39,905 [grpc-default-executor-3] INFO  impl.RoleInfo (RoleInfo.java:shutdownFollowerState(121)) - 907b9765-214b-4864-b66a-d6e2a5789e5c: shutdown FollowerState
2019-10-16 18:00:39,905 [grpc-default-executor-0] INFO  impl.RaftServerImpl (RaftServerImpl.java:setRole(184)) - f4c54511-b161-4347-aec5-5236dc80a0d8@group-EFD1D20A002C: changes role from  FOLLOWER to FOLLOWER at term 94 for recognizeCandidate:bf55b3f9-6b09-4365-9d71-55289e083fa5
2019-10-16 18:00:39,906 [Thread-601] INFO  impl.FollowerState (FollowerState.java:run(117)) - 907b9765-214b-4864-b66a-d6e2a5789e5c@group-EFD1D20A002C-FollowerState was interrupted: java.lang.InterruptedException: sleep interrupted
2019-10-16 18:00:39,905 [grpc-default-executor-3] INFO  impl.RoleInfo (RoleInfo.java:updateAndGet(143)) - 907b9765-214b-4864-b66a-d6e2a5789e5c: start FollowerState
2019-10-16 18:00:39,906 [grpc-default-executor-0] INFO  impl.RoleInfo (RoleInfo.java:shutdownFollowerState(121)) - f4c54511-b161-4347-aec5-5236dc80a0d8: shutdown FollowerState
2019-10-16 18:00:39,906 [grpc-default-executor-0] INFO  impl.RoleInfo (RoleInfo.java:updateAndGet(143)) - f4c54511-b161-4347-aec5-5236dc80a0d8: start FollowerState
2019-10-16 18:00:39,906 [Thread-602] INFO  impl.FollowerState (FollowerState.java:run(117)) - f4c54511-b161-4347-aec5-5236dc80a0d8@group-EFD1D20A002C-FollowerState was interrupted: java.lang.InterruptedException: sleep interrupted
2019-10-16 18:00:39,937 [bf55b3f9-6b09-4365-9d71-55289e083fa5@group-EFD1D20A002C-LeaderElection84] INFO  impl.LeaderElection (LeaderElection.java:logAndReturn(56)) - bf55b3f9-6b09-4365-9d71-55289e083fa5@group-EFD1D20A002C-LeaderElection84: Election REJECTED; received 2 response(s) [bf55b3f9-6b09-4365-9d71-55289e083fa5<-f4c54511-b161-4347-aec5-5236dc80a0d8#0:FAIL-t94, bf55b3f9-6b09-4365-9d71-55289e083fa5<-907b9765-214b-4864-b66a-d6e2a5789e5c#0:FAIL-t94] and 0 exception(s); bf55b3f9-6b09-4365-9d71-55289e083fa5@group-EFD1D20A002C:t94, leader=null, voted=bf55b3f9-6b09-4365-9d71-55289e083fa5, raftlog=bf55b3f9-6b09-4365-9d71-55289e083fa5@group-EFD1D20A002C-SegmentedRaftLog:OPENED:c-1,f-1,i0, conf=-1: [f4c54511-b161-4347-aec5-5236dc80a0d8:0.0.0.0:41238, 907b9765-214b-4864-b66a-d6e2a5789e5c:0.0.0.0:41650, bf55b3f9-6b09-4365-9d71-55289e083fa5:0.0.0.0:42441], old=null
2019-10-16 18:00:39,937 [bf55b3f9-6b09-4365-9d71-55289e083fa5@group-EFD1D20A002C-LeaderElection84] INFO  impl.RaftServerImpl (RaftServerImpl.java:setRole(184)) - bf55b3f9-6b09-4365-9d71-55289e083fa5@group-EFD1D20A002C: changes role from CANDIDATE to FOLLOWER at term 94 for DISCOVERED_A_NEW_TERM
2019-10-16 18:00:39,938 [bf55b3f9-6b09-4365-9d71-55289e083fa5@group-EFD1D20A002C-LeaderElection84] INFO  impl.RoleInfo (RoleInfo.java:shutdownLeaderElection(134)) - bf55b3f9-6b09-4365-9d71-55289e083fa5: shutdown LeaderElection
2019-10-16 18:00:39,938 [bf55b3f9-6b09-4365-9d71-55289e083fa5@group-EFD1D20A002C-LeaderElection84] INFO  impl.RoleInfo (RoleInfo.java:updateAndGet(143)) - bf55b3f9-6b09-4365-9d71-55289e083fa5: start FollowerState
2019-10-16 18:00:40,015 [Thread-609] INFO  impl.FollowerState (FollowerState.java:run(108)) - bf55b3f9-6b09-4365-9d71-55289e083fa5@group-EFD1D20A002C-FollowerState: change to CANDIDATE, lastRpcTime:77ms, electionTimeout:77ms
2019-10-16 18:00:40,016 [Thread-609] INFO  impl.RoleInfo (RoleInfo.java:shutdownFollowerState(121)) - bf55b3f9-6b09-4365-9d71-55289e083fa5: shutdown FollowerState
2019-10-16 18:00:40,016 [Thread-609] INFO  impl.RaftServerImpl (RaftServerImpl.java:setRole(184)) - bf55b3f9-6b09-4365-9d71-55289e083fa5@group-EFD1D20A002C: changes role from  FOLLOWER to CANDIDATE at term 94 for changeToCandidate
2019-10-16 18:00:40,016 [Thread-609] INFO  impl.RoleInfo (RoleInfo.java:updateAndGet(143)) - bf55b3f9-6b09-4365-9d71-55289e083fa5: start LeaderElection
2019-10-16 18:00:40,046 [bf55b3f9-6b09-4365-9d71-55289e083fa5@group-EFD1D20A002C-LeaderElection85] INFO  impl.LeaderElection (LeaderElection.java:askForVotes(178)) - bf55b3f9-6b09-4365-9d71-55289e083fa5@group-EFD1D20A002C-LeaderElection85: begin an election at term 95 for -1: [f4c54511-b161-4347-aec5-5236dc80a0d8:0.0.0.0:41238, 907b9765-214b-4864-b66a-d6e2a5789e5c:0.0.0.0:41650, bf55b3f9-6b09-4365-9d71-55289e083fa5:0.0.0.0:42441], old=null
2019-10-16 18:00:40,049 [grpc-default-executor-0] INFO  impl.RaftServerImpl (RaftServerImpl.java:setRole(184)) - 907b9765-214b-4864-b66a-d6e2a5789e5c@group-EFD1D20A002C: changes role from  FOLLOWER to FOLLOWER at term 95 for recognizeCandidate:bf55b3f9-6b09-4365-9d71-55289e083fa5
2019-10-16 18:00:40,049 [grpc-default-executor-3] INFO  impl.RaftServerImpl (RaftServerImpl.java:setRole(184)) - f4c54511-b161-4347-aec5-5236dc80a0d8@group-EFD1D20A002C: changes role from  FOLLOWER to FOLLOWER at term 95 for recognizeCandidate:bf55b3f9-6b09-4365-9d71-55289e083fa5
2019-10-16 18:00:40,049 [grpc-default-executor-0] INFO  impl.RoleInfo (RoleInfo.java:shutdownFollowerState(121)) - 907b9765-214b-4864-b66a-d6e2a5789e5c: shutdown FollowerState
2019-10-16 18:00:40,050 [grpc-default-executor-3] INFO  impl.RoleInfo (RoleInfo.java:shutdownFollowerState(121)) - f4c54511-b161-4347-aec5-5236dc80a0d8: shutdown FollowerState
2019-10-16 18:00:40,050 [grpc-default-executor-0] INFO  impl.RoleInfo (RoleInfo.java:updateAndGet(143)) - 907b9765-214b-4864-b66a-d6e2a5789e5c: start FollowerState
2019-10-16 18:00:40,050 [Thread-607] INFO  impl.FollowerState (FollowerState.java:run(117)) - 907b9765-214b-4864-b66a-d6e2a5789e5c@group-EFD1D20A002C-FollowerState was interrupted: java.lang.InterruptedException: sleep interrupted
2019-10-16 18:00:40,050 [grpc-default-executor-3] INFO  impl.RoleInfo (RoleInfo.java:updateAndGet(143)) - f4c54511-b161-4347-aec5-5236dc80a0d8: start FollowerState
2019-10-16 18:00:40,050 [Thread-608] INFO  impl.FollowerState (FollowerState.java:run(117)) - f4c54511-b161-4347-aec5-5236dc80a0d8@group-EFD1D20A002C-FollowerState was interrupted: java.lang.InterruptedException: sleep interrupted
2019-10-16 18:00:40,081 [bf55b3f9-6b09-4365-9d71-55289e083fa5@group-EFD1D20A002C-LeaderElection85] INFO  impl.LeaderElection (LeaderElection.java:logAndReturn(56)) - bf55b3f9-6b09-4365-9d71-55289e083fa5@group-EFD1D20A002C-LeaderElection85: Election REJECTED; received 2 response(s) [bf55b3f9-6b09-4365-9d71-55289e083fa5<-f4c54511-b161-4347-aec5-5236dc80a0d8#0:FAIL-t95, bf55b3f9-6b09-4365-9d71-55289e083fa5<-907b9765-214b-4864-b66a-d6e2a5789e5c#0:FAIL-t95] and 0 exception(s); bf55b3f9-6b09-4365-9d71-55289e083fa5@group-EFD1D20A002C:t95, leader=null, voted=bf55b3f9-6b09-4365-9d71-55289e083fa5, raftlog=bf55b3f9-6b09-4365-9d71-55289e083fa5@group-EFD1D20A002C-SegmentedRaftLog:OPENED:c-1,f-1,i0, conf=-1: [f4c54511-b161-4347-aec5-5236dc80a0d8:0.0.0.0:41238, 907b9765-214b-4864-b66a-d6e2a5789e5c:0.0.0.0:41650, bf55b3f9-6b09-4365-9d71-55289e083fa5:0.0.0.0:42441], old=null
2019-10-16 18:00:40,081 [bf55b3f9-6b09-4365-9d71-55289e083fa5@group-EFD1D20A002C-LeaderElection85] INFO  impl.RaftServerImpl (RaftServerImpl.java:setRole(184)) - bf55b3f9-6b09-4365-9d71-55289e083fa5@group-EFD1D20A002C: changes role from CANDIDATE to FOLLOWER at term 95 for DISCOVERED_A_NEW_TERM
2019-10-16 18:00:40,082 [bf55b3f9-6b09-4365-9d71-55289e083fa5@group-EFD1D20A002C-LeaderElection85] INFO  impl.RoleInfo (RoleInfo.java:shutdownLeaderElection(134)) - bf55b3f9-6b09-4365-9d71-55289e083fa5: shutdown LeaderElection
2019-10-16 18:00:40,082 [bf55b3f9-6b09-4365-9d71-55289e083fa5@group-EFD1D20A002C-LeaderElection85] INFO  impl.RoleInfo (RoleInfo.java:updateAndGet(143)) - bf55b3f9-6b09-4365-9d71-55289e083fa5: start FollowerState
2019-10-16 18:00:40,246 [Thread-615] INFO  impl.FollowerState (FollowerState.java:run(108)) - bf55b3f9-6b09-4365-9d71-55289e083fa5@group-EFD1D20A002C-FollowerState: change to CANDIDATE, lastRpcTime:164ms, electionTimeout:164ms
2019-10-16 18:00:40,246 [Thread-615] INFO  impl.RoleInfo (RoleInfo.java:shutdownFollowerState(121)) - bf55b3f9-6b09-4365-9d71-55289e083fa5: shutdown FollowerState
2019-10-16 18:00:40,247 [Thread-615] INFO  impl.RaftServerImpl (RaftServerImpl.java:setRole(184)) - bf55b3f9-6b09-4365-9d71-55289e083fa5@group-EFD1D20A002C: changes role from  FOLLOWER to CANDIDATE at term 95 for changeToCandidate
2019-10-16 18:00:40,247 [Thread-615] INFO  impl.RoleInfo (RoleInfo.java:updateAndGet(143)) - bf55b3f9-6b09-4365-9d71-55289e083fa5: start LeaderElection
2019-10-16 18:00:40,273 [bf55b3f9-6b09-4365-9d71-55289e083fa5@group-EFD1D20A002C-LeaderElection86] INFO  impl.LeaderElection (LeaderElection.java:askForVotes(178)) - bf55b3f9-6b09-4365-9d71-55289e083fa5@group-EFD1D20A002C-LeaderElection86: begin an election at term 96 for -1: [f4c54511-b161-4347-aec5-5236dc80a0d8:0.0.0.0:41238, 907b9765-214b-4864-b66a-d6e2a5789e5c:0.0.0.0:41650, bf55b3f9-6b09-4365-9d71-55289e083fa5:0.0.0.0:42441], old=null
2019-10-16 18:00:40,275 [grpc-default-executor-0] INFO  impl.RaftServerImpl (RaftServerImpl.java:setRole(184)) - f4c54511-b161-4347-aec5-5236dc80a0d8@group-EFD1D20A002C: changes role from  FOLLOWER to FOLLOWER at term 96 for recognizeCandidate:bf55b3f9-6b09-4365-9d71-55289e083fa5
2019-10-16 18:00:40,275 [grpc-default-executor-0] INFO  impl.RoleInfo (RoleInfo.java:shutdownFollowerState(121)) - f4c54511-b161-4347-aec5-5236dc80a0d8: shutdown FollowerState
2019-10-16 18:00:40,275 [grpc-default-executor-3] INFO  impl.RaftServerImpl (RaftServerImpl.java:setRole(184)) - 907b9765-214b-4864-b66a-d6e2a5789e5c@group-EFD1D20A002C: changes role from  FOLLOWER to FOLLOWER at term 96 for recognizeCandidate:bf55b3f9-6b09-4365-9d71-55289e083fa5
2019-10-16 18:00:40,276 [grpc-default-executor-3] INFO  impl.RoleInfo (RoleInfo.java:shutdownFollowerState(121)) - 907b9765-214b-4864-b66a-d6e2a5789e5c: shutdown FollowerState
2019-10-16 18:00:40,276 [Thread-614] INFO  impl.FollowerState (FollowerState.java:run(117)) - f4c54511-b161-4347-aec5-5236dc80a0d8@group-EFD1D20A002C-FollowerState was interrupted: java.lang.InterruptedException: sleep interrupted
2019-10-16 18:00:40,276 [grpc-default-executor-0] INFO  impl.RoleInfo (RoleInfo.java:updateAndGet(143)) - f4c54511-b161-4347-aec5-5236dc80a0d8: start FollowerState
2019-10-16 18:00:40,276 [Thread-613] INFO  impl.FollowerState (FollowerState.java:run(117)) - 907b9765-214b-4864-b66a-d6e2a5789e5c@group-EFD1D20A002C-FollowerState was interrupted: java.lang.InterruptedException: sleep interrupted
2019-10-16 18:00:40,276 [grpc-default-executor-3] INFO  impl.RoleInfo (RoleInfo.java:updateAndGet(143)) - 907b9765-214b-4864-b66a-d6e2a5789e5c: start FollowerState
2019-10-16 18:00:40,307 [bf55b3f9-6b09-4365-9d71-55289e083fa5@group-EFD1D20A002C-LeaderElection86] INFO  impl.LeaderElection (LeaderElection.java:logAndReturn(56)) - bf55b3f9-6b09-4365-9d71-55289e083fa5@group-EFD1D20A002C-LeaderElection86: Election TIMEOUT; received 0 response(s) [] and 0 exception(s); bf55b3f9-6b09-4365-9d71-55289e083fa5@group-EFD1D20A002C:t96, leader=null, voted=bf55b3f9-6b09-4365-9d71-55289e083fa5, raftlog=bf55b3f9-6b09-4365-9d71-55289e083fa5@group-EFD1D20A002C-SegmentedRaftLog:OPENED:c-1,f-1,i0, conf=-1: [f4c54511-b161-4347-aec5-5236dc80a0d8:0.0.0.0:41238, 907b9765-214b-4864-b66a-d6e2a5789e5c:0.0.0.0:41650, bf55b3f9-6b09-4365-9d71-55289e083fa5:0.0.0.0:42441], old=null
2019-10-16 18:00:40,324 [bf55b3f9-6b09-4365-9d71-55289e083fa5@group-EFD1D20A002C-LeaderElection86] INFO  impl.LeaderElection (LeaderElection.java:askForVotes(178)) - bf55b3f9-6b09-4365-9d71-55289e083fa5@group-EFD1D20A002C-LeaderElection86: begin an election at term 97 for -1: [f4c54511-b161-4347-aec5-5236dc80a0d8:0.0.0.0:41238, 907b9765-214b-4864-b66a-d6e2a5789e5c:0.0.0.0:41650, bf55b3f9-6b09-4365-9d71-55289e083fa5:0.0.0.0:42441], old=null
2019-10-16 18:00:40,326 [grpc-default-executor-3] INFO  impl.RaftServerImpl (RaftServerImpl.java:setRole(184)) - 907b9765-214b-4864-b66a-d6e2a5789e5c@group-EFD1D20A002C: changes role from  FOLLOWER to FOLLOWER at term 97 for recognizeCandidate:bf55b3f9-6b09-4365-9d71-55289e083fa5
2019-10-16 18:00:40,326 [grpc-default-executor-0] INFO  impl.RaftServerImpl (RaftServerImpl.java:setRole(184)) - f4c54511-b161-4347-aec5-5236dc80a0d8@group-EFD1D20A002C: changes role from  FOLLOWER to FOLLOWER at term 97 for recognizeCandidate:bf55b3f9-6b09-4365-9d71-55289e083fa5
2019-10-16 18:00:40,326 [grpc-default-executor-3] INFO  impl.RoleInfo (RoleInfo.java:shutdownFollowerState(121)) - 907b9765-214b-4864-b66a-d6e2a5789e5c: shutdown FollowerState
2019-10-16 18:00:40,326 [grpc-default-executor-0] INFO  impl.RoleInfo (RoleInfo.java:shutdownFollowerState(121)) - f4c54511-b161-4347-aec5-5236dc80a0d8: shutdown FollowerState
2019-10-16 18:00:40,326 [Thread-620] INFO  impl.FollowerState (FollowerState.java:run(117)) - 907b9765-214b-4864-b66a-d6e2a5789e5c@group-EFD1D20A002C-FollowerState was interrupted: java.lang.InterruptedException: sleep interrupted
2019-10-16 18:00:40,327 [Thread-619] INFO  impl.FollowerState (FollowerState.java:run(117)) - f4c54511-b161-4347-aec5-5236dc80a0d8@group-EFD1D20A002C-FollowerState was interrupted: java.lang.InterruptedException: sleep interrupted
2019-10-16 18:00:40,326 [grpc-default-executor-3] INFO  impl.RoleInfo (RoleInfo.java:updateAndGet(143)) - 907b9765-214b-4864-b66a-d6e2a5789e5c: start FollowerState
2019-10-16 18:00:40,327 [grpc-default-executor-0] INFO  impl.RoleInfo (RoleInfo.java:updateAndGet(143)) - f4c54511-b161-4347-aec5-5236dc80a0d8: start FollowerState
2019-10-16 18:00:40,351 [bf55b3f9-6b09-4365-9d71-55289e083fa5@group-EFD1D20A002C-LeaderElection86] INFO  impl.LeaderElection (LeaderElection.java:logAndReturn(56)) - bf55b3f9-6b09-4365-9d71-55289e083fa5@group-EFD1D20A002C-LeaderElection86: Election REJECTED; received 2 response(s) [bf55b3f9-6b09-4365-9d71-55289e083fa5<-f4c54511-b161-4347-aec5-5236dc80a0d8#0:FAIL-t97, bf55b3f9-6b09-4365-9d71-55289e083fa5<-907b9765-214b-4864-b66a-d6e2a5789e5c#0:FAIL-t97] and 0 exception(s); bf55b3f9-6b09-4365-9d71-55289e083fa5@group-EFD1D20A002C:t97, leader=null, voted=bf55b3f9-6b09-4365-9d71-55289e083fa5, raftlog=bf55b3f9-6b09-4365-9d71-55289e083fa5@group-EFD1D20A002C-SegmentedRaftLog:OPENED:c-1,f-1,i0, conf=-1: [f4c54511-b161-4347-aec5-5236dc80a0d8:0.0.0.0:41238, 907b9765-214b-4864-b66a-d6e2a5789e5c:0.0.0.0:41650, bf55b3f9-6b09-4365-9d71-55289e083fa5:0.0.0.0:42441], old=null
2019-10-16 18:00:40,351 [bf55b3f9-6b09-4365-9d71-55289e083fa5@group-EFD1D20A002C-LeaderElection86] INFO  impl.RaftServerImpl (RaftServerImpl.java:setRole(184)) - bf55b3f9-6b09-4365-9d71-55289e083fa5@group-EFD1D20A002C: changes role from CANDIDATE to FOLLOWER at term 97 for DISCOVERED_A_NEW_TERM
2019-10-16 18:00:40,351 [bf55b3f9-6b09-4365-9d71-55289e083fa5@group-EFD1D20A002C-LeaderElection86] INFO  impl.RoleInfo (RoleInfo.java:shutdownLeaderElection(134)) - bf55b3f9-6b09-4365-9d71-55289e083fa5: shutdown LeaderElection
2019-10-16 18:00:40,351 [bf55b3f9-6b09-4365-9d71-55289e083fa5@group-EFD1D20A002C-LeaderElection86] INFO  impl.RoleInfo (RoleInfo.java:updateAndGet(143)) - bf55b3f9-6b09-4365-9d71-55289e083fa5: start FollowerState
2019-10-16 18:00:40,495 [Thread-625] INFO  impl.FollowerState (FollowerState.java:run(108)) - bf55b3f9-6b09-4365-9d71-55289e083fa5@group-EFD1D20A002C-FollowerState: change to CANDIDATE, lastRpcTime:144ms, electionTimeout:144ms
2019-10-16 18:00:40,496 [Thread-625] INFO  impl.RoleInfo (RoleInfo.java:shutdownFollowerState(121)) - bf55b3f9-6b09-4365-9d71-55289e083fa5: shutdown FollowerState
2019-10-16 18:00:40,496 [Thread-625] INFO  impl.RaftServerImpl (RaftServerImpl.java:setRole(184)) - bf55b3f9-6b09-4365-9d71-55289e083fa5@group-EFD1D20A002C: changes role from  FOLLOWER to CANDIDATE at term 97 for changeToCandidate
2019-10-16 18:00:40,496 [Thread-625] INFO  impl.RoleInfo (RoleInfo.java:updateAndGet(143)) - bf55b3f9-6b09-4365-9d71-55289e083fa5: start LeaderElection
2019-10-16 18:00:40,534 [bf55b3f9-6b09-4365-9d71-55289e083fa5@group-EFD1D20A002C-LeaderElection87] INFO  impl.LeaderElection (LeaderElection.java:askForVotes(178)) - bf55b3f9-6b09-4365-9d71-55289e083fa5@group-EFD1D20A002C-LeaderElection87: begin an election at term 98 for -1: [f4c54511-b161-4347-aec5-5236dc80a0d8:0.0.0.0:41238, 907b9765-214b-4864-b66a-d6e2a5789e5c:0.0.0.0:41650, bf55b3f9-6b09-4365-9d71-55289e083fa5:0.0.0.0:42441], old=null
2019-10-16 18:00:40,537 [grpc-default-executor-0] INFO  impl.RaftServerImpl (RaftServerImpl.java:setRole(184)) - f4c54511-b161-4347-aec5-5236dc80a0d8@group-EFD1D20A002C: changes role from  FOLLOWER to FOLLOWER at term 98 for recognizeCandidate:bf55b3f9-6b09-4365-9d71-55289e083fa5
2019-10-16 18:00:40,537 [grpc-default-executor-0] INFO  impl.RoleInfo (RoleInfo.java:shutdownFollowerState(121)) - f4c54511-b161-4347-aec5-5236dc80a0d8: shutdown FollowerState
2019-10-16 18:00:40,537 [grpc-default-executor-3] INFO  impl.RaftServerImpl (RaftServerImpl.java:setRole(184)) - 907b9765-214b-4864-b66a-d6e2a5789e5c@group-EFD1D20A002C: changes role from  FOLLOWER to FOLLOWER at term 98 for recognizeCandidate:bf55b3f9-6b09-4365-9d71-55289e083fa5
2019-10-16 18:00:40,538 [Thread-624] INFO  impl.FollowerState (FollowerState.java:run(117)) - f4c54511-b161-4347-aec5-5236dc80a0d8@group-EFD1D20A002C-FollowerState was interrupted: java.lang.InterruptedException: sleep interrupted
2019-10-16 18:00:40,538 [grpc-default-executor-0] INFO  impl.RoleInfo (RoleInfo.java:updateAndGet(143)) - f4c54511-b161-4347-aec5-5236dc80a0d8: start FollowerState
2019-10-16 18:00:40,538 [grpc-default-executor-3] INFO  impl.RoleInfo (RoleInfo.java:shutdownFollowerState(121)) - 907b9765-214b-4864-b66a-d6e2a5789e5c: shutdown FollowerState
2019-10-16 18:00:40,538 [grpc-default-executor-3] INFO  impl.RoleInfo (RoleInfo.java:updateAndGet(143)) - 907b9765-214b-4864-b66a-d6e2a5789e5c: start FollowerState
2019-10-16 18:00:40,538 [Thread-623] INFO  impl.FollowerState (FollowerState.java:run(117)) - 907b9765-214b-4864-b66a-d6e2a5789e5c@group-EFD1D20A002C-FollowerState was interrupted: java.lang.InterruptedException: sleep interrupted
2019-10-16 18:00:40,552 [bf55b3f9-6b09-4365-9d71-55289e083fa5@group-EFD1D20A002C-LeaderElection87] INFO  impl.LeaderElection (LeaderElection.java:logAndReturn(56)) - bf55b3f9-6b09-4365-9d71-55289e083fa5@group-EFD1D20A002C-LeaderElection87: Election TIMEOUT; received 0 response(s) [] and 0 exception(s); bf55b3f9-6b09-4365-9d71-55289e083fa5@group-EFD1D20A002C:t98, leader=null, voted=bf55b3f9-6b09-4365-9d71-55289e083fa5, raftlog=bf55b3f9-6b09-4365-9d71-55289e083fa5@group-EFD1D20A002C-SegmentedRaftLog:OPENED:c-1,f-1,i0, conf=-1: [f4c54511-b161-4347-aec5-5236dc80a0d8:0.0.0.0:41238, 907b9765-214b-4864-b66a-d6e2a5789e5c:0.0.0.0:41650, bf55b3f9-6b09-4365-9d71-55289e083fa5:0.0.0.0:42441], old=null
2019-10-16 18:00:40,585 [bf55b3f9-6b09-4365-9d71-55289e083fa5@group-EFD1D20A002C-LeaderElection87] INFO  impl.LeaderElection (LeaderElection.java:askForVotes(178)) - bf55b3f9-6b09-4365-9d71-55289e083fa5@group-EFD1D20A002C-LeaderElection87: begin an election at term 99 for -1: [f4c54511-b161-4347-aec5-5236dc80a0d8:0.0.0.0:41238, 907b9765-214b-4864-b66a-d6e2a5789e5c:0.0.0.0:41650, bf55b3f9-6b09-4365-9d71-55289e083fa5:0.0.0.0:42441], old=null
2019-10-16 18:00:40,588 [grpc-default-executor-3] INFO  impl.RaftServerImpl (RaftServerImpl.java:setRole(184)) - f4c54511-b161-4347-aec5-5236dc80a0d8@group-EFD1D20A002C: changes role from  FOLLOWER to FOLLOWER at term 99 for recognizeCandidate:bf55b3f9-6b09-4365-9d71-55289e083fa5
2019-10-16 18:00:40,588 [grpc-default-executor-0] INFO  impl.RaftServerImpl (RaftServerImpl.java:setRole(184)) - 907b9765-214b-4864-b66a-d6e2a5789e5c@group-EFD1D20A002C: changes role from  FOLLOWER to FOLLOWER at term 99 for recognizeCandidate:bf55b3f9-6b09-4365-9d71-55289e083fa5
2019-10-16 18:00:40,588 [grpc-default-executor-0] INFO  impl.RoleInfo (RoleInfo.java:shutdownFollowerState(121)) - 907b9765-214b-4864-b66a-d6e2a5789e5c: shutdown FollowerState
2019-10-16 18:00:40,588 [grpc-default-executor-3] INFO  impl.RoleInfo (RoleInfo.java:shutdownFollowerState(121)) - f4c54511-b161-4347-aec5-5236dc80a0d8: shutdown FollowerState
2019-10-16 18:00:40,588 [Thread-630] INFO  impl.FollowerState (FollowerState.java:run(117)) - 907b9765-214b-4864-b66a-d6e2a5789e5c@group-EFD1D20A002C-FollowerState was interrupted: java.lang.InterruptedException: sleep interrupted
2019-10-16 18:00:40,588 [grpc-default-executor-0] INFO  impl.RoleInfo (RoleInfo.java:updateAndGet(143)) - 907b9765-214b-4864-b66a-d6e2a5789e5c: start FollowerState
2019-10-16 18:00:40,589 [Thread-629] INFO  impl.FollowerState (FollowerState.java:run(117)) - f4c54511-b161-4347-aec5-5236dc80a0d8@group-EFD1D20A002C-FollowerState was interrupted: java.lang.InterruptedException: sleep interrupted
2019-10-16 18:00:40,589 [grpc-default-executor-3] INFO  impl.RoleInfo (RoleInfo.java:updateAndGet(143)) - f4c54511-b161-4347-aec5-5236dc80a0d8: start FollowerState
2019-10-16 18:00:40,612 [bf55b3f9-6b09-4365-9d71-55289e083fa5@group-EFD1D20A002C-LeaderElection87] INFO  impl.LeaderElection (LeaderElection.java:logAndReturn(56)) - bf55b3f9-6b09-4365-9d71-55289e083fa5@group-EFD1D20A002C-LeaderElection87: Election REJECTED; received 2 response(s) [bf55b3f9-6b09-4365-9d71-55289e083fa5<-f4c54511-b161-4347-aec5-5236dc80a0d8#0:FAIL-t99, bf55b3f9-6b09-4365-9d71-55289e083fa5<-907b9765-214b-4864-b66a-d6e2a5789e5c#0:FAIL-t99] and 0 exception(s); bf55b3f9-6b09-4365-9d71-55289e083fa5@group-EFD1D20A002C:t99, leader=null, voted=bf55b3f9-6b09-4365-9d71-55289e083fa5, raftlog=bf55b3f9-6b09-4365-9d71-55289e083fa5@group-EFD1D20A002C-SegmentedRaftLog:OPENED:c-1,f-1,i0, conf=-1: [f4c54511-b161-4347-aec5-5236dc80a0d8:0.0.0.0:41238, 907b9765-214b-4864-b66a-d6e2a5789e5c:0.0.0.0:41650, bf55b3f9-6b09-4365-9d71-55289e083fa5:0.0.0.0:42441], old=null
2019-10-16 18:00:40,612 [bf55b3f9-6b09-4365-9d71-55289e083fa5@group-EFD1D20A002C-LeaderElection87] INFO  impl.RaftServerImpl (RaftServerImpl.java:setRole(184)) - bf55b3f9-6b09-4365-9d71-55289e083fa5@group-EFD1D20A002C: changes role from CANDIDATE to FOLLOWER at term 99 for DISCOVERED_A_NEW_TERM
2019-10-16 18:00:40,612 [bf55b3f9-6b09-4365-9d71-55289e083fa5@group-EFD1D20A002C-LeaderElection87] INFO  impl.RoleInfo (RoleInfo.java:shutdownLeaderElection(134)) - bf55b3f9-6b09-4365-9d71-55289e083fa5: shutdown LeaderElection
2019-10-16 18:00:40,612 [bf55b3f9-6b09-4365-9d71-55289e083fa5@group-EFD1D20A002C-LeaderElection87] INFO  impl.RoleInfo (RoleInfo.java:updateAndGet(143)) - bf55b3f9-6b09-4365-9d71-55289e083fa5: start FollowerState
2019-10-16 18:00:40,750 [Thread-635] INFO  impl.FollowerState (FollowerState.java:run(108)) - bf55b3f9-6b09-4365-9d71-55289e083fa5@group-EFD1D20A002C-FollowerState: change to CANDIDATE, lastRpcTime:137ms, electionTimeout:137ms
2019-10-16 18:00:40,750 [Thread-635] INFO  impl.RoleInfo (RoleInfo.java:shutdownFollowerState(121)) - bf55b3f9-6b09-4365-9d71-55289e083fa5: shutdown FollowerState
2019-10-16 18:00:40,750 [Thread-635] INFO  impl.RaftServerImpl (RaftServerImpl.java:setRole(184)) - bf55b3f9-6b09-4365-9d71-55289e083fa5@group-EFD1D20A002C: changes role from  FOLLOWER to CANDIDATE at term 99 for changeToCandidate
2019-10-16 18:00:40,750 [Thread-635] INFO  impl.RoleInfo (RoleInfo.java:updateAndGet(143)) - bf55b3f9-6b09-4365-9d71-55289e083fa5: start LeaderElection
2019-10-16 18:00:40,778 [bf55b3f9-6b09-4365-9d71-55289e083fa5@group-EFD1D20A002C-LeaderElection88] INFO  impl.LeaderElection (LeaderElection.java:askForVotes(178)) - bf55b3f9-6b09-4365-9d71-55289e083fa5@group-EFD1D20A002C-LeaderElection88: begin an election at term 100 for -1: [f4c54511-b161-4347-aec5-5236dc80a0d8:0.0.0.0:41238, 907b9765-214b-4864-b66a-d6e2a5789e5c:0.0.0.0:41650, bf55b3f9-6b09-4365-9d71-55289e083fa5:0.0.0.0:42441], old=null
2019-10-16 18:00:40,781 [grpc-default-executor-0] INFO  impl.RaftServerImpl (RaftServerImpl.java:setRole(184)) - 907b9765-214b-4864-b66a-d6e2a5789e5c@group-EFD1D20A002C: changes role from  FOLLOWER to FOLLOWER at term 100 for recognizeCandidate:bf55b3f9-6b09-4365-9d71-55289e083fa5
2019-10-16 18:00:40,781 [grpc-default-executor-3] INFO  impl.RaftServerImpl (RaftServerImpl.java:setRole(184)) - f4c54511-b161-4347-aec5-5236dc80a0d8@group-EFD1D20A002C: changes role from  FOLLOWER to FOLLOWER at term 100 for recognizeCandidate:bf55b3f9-6b09-4365-9d71-55289e083fa5
2019-10-16 18:00:40,781 [grpc-default-executor-0] INFO  impl.RoleInfo (RoleInfo.java:shutdownFollowerState(121)) - 907b9765-214b-4864-b66a-d6e2a5789e5c: shutdown FollowerState
2019-10-16 18:00:40,781 [grpc-default-executor-3] INFO  impl.RoleInfo (RoleInfo.java:shutdownFollowerState(121)) - f4c54511-b161-4347-aec5-5236dc80a0d8: shutdown FollowerState
2019-10-16 18:00:40,782 [Thread-633] INFO  impl.FollowerState (FollowerState.java:run(117)) - 907b9765-214b-4864-b66a-d6e2a5789e5c@group-EFD1D20A002C-FollowerState was interrupted: java.lang.InterruptedException: sleep interrupted
2019-10-16 18:00:40,781 [grpc-default-executor-0] INFO  impl.RoleInfo (RoleInfo.java:updateAndGet(143)) - 907b9765-214b-4864-b66a-d6e2a5789e5c: start FollowerState
2019-10-16 18:00:40,782 [Thread-634] INFO  impl.FollowerState (FollowerState.java:run(117)) - f4c54511-b161-4347-aec5-5236dc80a0d8@group-EFD1D20A002C-FollowerState was interrupted: java.lang.InterruptedException: sleep interrupted
2019-10-16 18:00:40,782 [grpc-default-executor-3] INFO  impl.RoleInfo (RoleInfo.java:updateAndGet(143)) - f4c54511-b161-4347-aec5-5236dc80a0d8: start FollowerState
2019-10-16 18:00:40,805 [bf55b3f9-6b09-4365-9d71-55289e083fa5@group-EFD1D20A002C-LeaderElection88] INFO  impl.LeaderElection (LeaderElection.java:logAndReturn(56)) - bf55b3f9-6b09-4365-9d71-55289e083fa5@group-EFD1D20A002C-LeaderElection88: Election REJECTED; received 2 response(s) [bf55b3f9-6b09-4365-9d71-55289e083fa5<-f4c54511-b161-4347-aec5-5236dc80a0d8#0:FAIL-t100, bf55b3f9-6b09-4365-9d71-55289e083fa5<-907b9765-214b-4864-b66a-d6e2a5789e5c#0:FAIL-t100] and 0 exception(s); bf55b3f9-6b09-4365-9d71-55289e083fa5@group-EFD1D20A002C:t100, leader=null, voted=bf55b3f9-6b09-4365-9d71-55289e083fa5, raftlog=bf55b3f9-6b09-4365-9d71-55289e083fa5@group-EFD1D20A002C-SegmentedRaftLog:OPENED:c-1,f-1,i0, conf=-1: [f4c54511-b161-4347-aec5-5236dc80a0d8:0.0.0.0:41238, 907b9765-214b-4864-b66a-d6e2a5789e5c:0.0.0.0:41650, bf55b3f9-6b09-4365-9d71-55289e083fa5:0.0.0.0:42441], old=null
2019-10-16 18:00:40,805 [bf55b3f9-6b09-4365-9d71-55289e083fa5@group-EFD1D20A002C-LeaderElection88] INFO  impl.RaftServerImpl (RaftServerImpl.java:setRole(184)) - bf55b3f9-6b09-4365-9d71-55289e083fa5@group-EFD1D20A002C: changes role from CANDIDATE to FOLLOWER at term 100 for DISCOVERED_A_NEW_TERM
2019-10-16 18:00:40,805 [bf55b3f9-6b09-4365-9d71-55289e083fa5@group-EFD1D20A002C-LeaderElection88] INFO  impl.RoleInfo (RoleInfo.java:shutdownLeaderElection(134)) - bf55b3f9-6b09-4365-9d71-55289e083fa5: shutdown LeaderElection
2019-10-16 18:00:40,805 [bf55b3f9-6b09-4365-9d71-55289e083fa5@group-EFD1D20A002C-LeaderElection88] INFO  impl.RoleInfo (RoleInfo.java:updateAndGet(143)) - bf55b3f9-6b09-4365-9d71-55289e083fa5: start FollowerState
2019-10-16 18:00:40,864 [Thread-643] INFO  impl.FollowerState (FollowerState.java:run(108)) - bf55b3f9-6b09-4365-9d71-55289e083fa5@group-EFD1D20A002C-FollowerState: change to CANDIDATE, lastRpcTime:58ms, electionTimeout:58ms
2019-10-16 18:00:40,864 [Thread-643] INFO  impl.RoleInfo (RoleInfo.java:shutdownFollowerState(121)) - bf55b3f9-6b09-4365-9d71-55289e083fa5: shutdown FollowerState
2019-10-16 18:00:40,864 [Thread-643] INFO  impl.RaftServerImpl (RaftServerImpl.java:setRole(184)) - bf55b3f9-6b09-4365-9d71-55289e083fa5@group-EFD1D20A002C: changes role from  FOLLOWER to CANDIDATE at term 100 for changeToCandidate
2019-10-16 18:00:40,864 [Thread-643] INFO  impl.RoleInfo (RoleInfo.java:updateAndGet(143)) - bf55b3f9-6b09-4365-9d71-55289e083fa5: start LeaderElection
2019-10-16 18:00:40,889 [bf55b3f9-6b09-4365-9d71-55289e083fa5@group-EFD1D20A002C-LeaderElection89] INFO  impl.LeaderElection (LeaderElection.java:askForVotes(178)) - bf55b3f9-6b09-4365-9d71-55289e083fa5@group-EFD1D20A002C-LeaderElection89: begin an election at term 101 for -1: [f4c54511-b161-4347-aec5-5236dc80a0d8:0.0.0.0:41238, 907b9765-214b-4864-b66a-d6e2a5789e5c:0.0.0.0:41650, bf55b3f9-6b09-4365-9d71-55289e083fa5:0.0.0.0:42441], old=null
2019-10-16 18:00:40,892 [grpc-default-executor-0] INFO  impl.RaftServerImpl (RaftServerImpl.java:setRole(184)) - 907b9765-214b-4864-b66a-d6e2a5789e5c@group-EFD1D20A002C: changes role from  FOLLOWER to FOLLOWER at term 101 for recognizeCandidate:bf55b3f9-6b09-4365-9d71-55289e083fa5
2019-10-16 18:00:40,892 [grpc-default-executor-3] INFO  impl.RaftServerImpl (RaftServerImpl.java:setRole(184)) - f4c54511-b161-4347-aec5-5236dc80a0d8@group-EFD1D20A002C: changes role from  FOLLOWER to FOLLOWER at term 101 for recognizeCandidate:bf55b3f9-6b09-4365-9d71-55289e083fa5
2019-10-16 18:00:40,892 [grpc-default-executor-0] INFO  impl.RoleInfo (RoleInfo.java:shutdownFollowerState(121)) - 907b9765-214b-4864-b66a-d6e2a5789e5c: shutdown FollowerState
2019-10-16 18:00:40,892 [grpc-default-executor-3] INFO  impl.RoleInfo (RoleInfo.java:shutdownFollowerState(121)) - f4c54511-b161-4347-aec5-5236dc80a0d8: shutdown FollowerState
2019-10-16 18:00:40,892 [Thread-641] INFO  impl.FollowerState (FollowerState.java:run(117)) - 907b9765-214b-4864-b66a-d6e2a5789e5c@group-EFD1D20A002C-FollowerState was interrupted: java.lang.InterruptedException: sleep interrupted
2019-10-16 18:00:40,892 [grpc-default-executor-0] INFO  impl.RoleInfo (RoleInfo.java:updateAndGet(143)) - 907b9765-214b-4864-b66a-d6e2a5789e5c: start FollowerState
2019-10-16 18:00:40,893 [Thread-642] INFO  impl.FollowerState (FollowerState.java:run(117)) - f4c54511-b161-4347-aec5-5236dc80a0d8@group-EFD1D20A002C-FollowerState was interrupted: java.lang.InterruptedException: sleep interrupted
2019-10-16 18:00:40,893 [grpc-default-executor-3] INFO  impl.RoleInfo (RoleInfo.java:updateAndGet(143)) - f4c54511-b161-4347-aec5-5236dc80a0d8: start FollowerState
2019-10-16 18:00:40,915 [bf55b3f9-6b09-4365-9d71-55289e083fa5@group-EFD1D20A002C-LeaderElection89] INFO  impl.LeaderElection (LeaderElection.java:logAndReturn(56)) - bf55b3f9-6b09-4365-9d71-55289e083fa5@group-EFD1D20A002C-LeaderElection89: Election REJECTED; received 2 response(s) [bf55b3f9-6b09-4365-9d71-55289e083fa5<-f4c54511-b161-4347-aec5-5236dc80a0d8#0:FAIL-t101, bf55b3f9-6b09-4365-9d71-55289e083fa5<-907b9765-214b-4864-b66a-d6e2a5789e5c#0:FAIL-t101] and 0 exception(s); bf55b3f9-6b09-4365-9d71-55289e083fa5@group-EFD1D20A002C:t101, leader=null, voted=bf55b3f9-6b09-4365-9d71-55289e083fa5, raftlog=bf55b3f9-6b09-4365-9d71-55289e083fa5@group-EFD1D20A002C-SegmentedRaftLog:OPENED:c-1,f-1,i0, conf=-1: [f4c54511-b161-4347-aec5-5236dc80a0d8:0.0.0.0:41238, 907b9765-214b-4864-b66a-d6e2a5789e5c:0.0.0.0:41650, bf55b3f9-6b09-4365-9d71-55289e083fa5:0.0.0.0:42441], old=null
2019-10-16 18:00:40,916 [bf55b3f9-6b09-4365-9d71-55289e083fa5@group-EFD1D20A002C-LeaderElection89] INFO  impl.RaftServerImpl (RaftServerImpl.java:setRole(184)) - bf55b3f9-6b09-4365-9d71-55289e083fa5@group-EFD1D20A002C: changes role from CANDIDATE to FOLLOWER at term 101 for DISCOVERED_A_NEW_TERM
2019-10-16 18:00:40,916 [bf55b3f9-6b09-4365-9d71-55289e083fa5@group-EFD1D20A002C-LeaderElection89] INFO  impl.RoleInfo (RoleInfo.java:shutdownLeaderElection(134)) - bf55b3f9-6b09-4365-9d71-55289e083fa5: shutdown LeaderElection
2019-10-16 18:00:40,916 [bf55b3f9-6b09-4365-9d71-55289e083fa5@group-EFD1D20A002C-LeaderElection89] INFO  impl.RoleInfo (RoleInfo.java:updateAndGet(143)) - bf55b3f9-6b09-4365-9d71-55289e083fa5: start FollowerState
2019-10-16 18:00:40,963 [Thread-649] INFO  impl.FollowerState (FollowerState.java:run(108)) - bf55b3f9-6b09-4365-9d71-55289e083fa5@group-EFD1D20A002C-FollowerState: change to CANDIDATE, lastRpcTime:47ms, electionTimeout:47ms
2019-10-16 18:00:40,964 [Thread-649] INFO  impl.RoleInfo (RoleInfo.java:shutdownFollowerState(121)) - bf55b3f9-6b09-4365-9d71-55289e083fa5: shutdown FollowerState
2019-10-16 18:00:40,964 [Thread-649] INFO  impl.RaftServerImpl (RaftServerImpl.java:setRole(184)) - bf55b3f9-6b09-4365-9d71-55289e083fa5@group-EFD1D20A002C: changes role from  FOLLOWER to CANDIDATE at term 101 for changeToCandidate
2019-10-16 18:00:40,964 [Thread-649] INFO  impl.RoleInfo (RoleInfo.java:updateAndGet(143)) - bf55b3f9-6b09-4365-9d71-55289e083fa5: start LeaderElection
2019-10-16 18:00:40,990 [bf55b3f9-6b09-4365-9d71-55289e083fa5@group-EFD1D20A002C-LeaderElection90] INFO  impl.LeaderElection (LeaderElection.java:askForVotes(178)) - bf55b3f9-6b09-4365-9d71-55289e083fa5@group-EFD1D20A002C-LeaderElection90: begin an election at term 102 for -1: [f4c54511-b161-4347-aec5-5236dc80a0d8:0.0.0.0:41238, 907b9765-214b-4864-b66a-d6e2a5789e5c:0.0.0.0:41650, bf55b3f9-6b09-4365-9d71-55289e083fa5:0.0.0.0:42441], old=null
2019-10-16 18:00:40,993 [grpc-default-executor-0] INFO  impl.RaftServerImpl (RaftServerImpl.java:setRole(184)) - f4c54511-b161-4347-aec5-5236dc80a0d8@group-EFD1D20A002C: changes role from  FOLLOWER to FOLLOWER at term 102 for recognizeCandidate:bf55b3f9-6b09-4365-9d71-55289e083fa5
2019-10-16 18:00:40,993 [grpc-default-executor-0] INFO  impl.RoleInfo (RoleInfo.java:shutdownFollowerState(121)) - f4c54511-b161-4347-aec5-5236dc80a0d8: shutdown FollowerState
2019-10-16 18:00:40,993 [grpc-default-executor-3] INFO  impl.RaftServerImpl (RaftServerImpl.java:setRole(184)) - 907b9765-214b-4864-b66a-d6e2a5789e5c@group-EFD1D20A002C: changes role from  FOLLOWER to FOLLOWER at term 102 for recognizeCandidate:bf55b3f9-6b09-4365-9d71-55289e083fa5
2019-10-16 18:00:40,993 [Thread-648] INFO  impl.FollowerState (FollowerState.java:run(117)) - f4c54511-b161-4347-aec5-5236dc80a0d8@group-EFD1D20A002C-FollowerState was interrupted: java.lang.InterruptedException: sleep interrupted
2019-10-16 18:00:40,993 [grpc-default-executor-0] INFO  impl.RoleInfo (RoleInfo.java:updateAndGet(143)) - f4c54511-b161-4347-aec5-5236dc80a0d8: start FollowerState
2019-10-16 18:00:40,993 [grpc-default-executor-3] INFO  impl.RoleInfo (RoleInfo.java:shutdownFollowerState(121)) - 907b9765-214b-4864-b66a-d6e2a5789e5c: shutdown FollowerState
2019-10-16 18:00:40,994 [grpc-default-executor-3] INFO  impl.RoleInfo (RoleInfo.java:updateAndGet(143)) - 907b9765-214b-4864-b66a-d6e2a5789e5c: start FollowerState
2019-10-16 18:00:40,994 [Thread-647] INFO  impl.FollowerState (FollowerState.java:run(117)) - 907b9765-214b-4864-b66a-d6e2a5789e5c@group-EFD1D20A002C-FollowerState was interrupted: java.lang.InterruptedException: sleep interrupted
2019-10-16 18:00:41,017 [bf55b3f9-6b09-4365-9d71-55289e083fa5@group-EFD1D20A002C-LeaderElection90] INFO  impl.LeaderElection (LeaderElection.java:logAndReturn(56)) - bf55b3f9-6b09-4365-9d71-55289e083fa5@group-EFD1D20A002C-LeaderElection90: Election REJECTED; received 2 response(s) [bf55b3f9-6b09-4365-9d71-55289e083fa5<-f4c54511-b161-4347-aec5-5236dc80a0d8#0:FAIL-t102, bf55b3f9-6b09-4365-9d71-55289e083fa5<-907b9765-214b-4864-b66a-d6e2a5789e5c#0:FAIL-t102] and 0 exception(s); bf55b3f9-6b09-4365-9d71-55289e083fa5@group-EFD1D20A002C:t102, leader=null, voted=bf55b3f9-6b09-4365-9d71-55289e083fa5, raftlog=bf55b3f9-6b09-4365-9d71-55289e083fa5@group-EFD1D20A002C-SegmentedRaftLog:OPENED:c-1,f-1,i0, conf=-1: [f4c54511-b161-4347-aec5-5236dc80a0d8:0.0.0.0:41238, 907b9765-214b-4864-b66a-d6e2a5789e5c:0.0.0.0:41650, bf55b3f9-6b09-4365-9d71-55289e083fa5:0.0.0.0:42441], old=null
2019-10-16 18:00:41,017 [bf55b3f9-6b09-4365-9d71-55289e083fa5@group-EFD1D20A002C-LeaderElection90] INFO  impl.RaftServerImpl (RaftServerImpl.java:setRole(184)) - bf55b3f9-6b09-4365-9d71-55289e083fa5@group-EFD1D20A002C: changes role from CANDIDATE to FOLLOWER at term 102 for DISCOVERED_A_NEW_TERM
2019-10-16 18:00:41,017 [bf55b3f9-6b09-4365-9d71-55289e083fa5@group-EFD1D20A002C-LeaderElection90] INFO  impl.RoleInfo (RoleInfo.java:shutdownLeaderElection(134)) - bf55b3f9-6b09-4365-9d71-55289e083fa5: shutdown LeaderElection
2019-10-16 18:00:41,017 [bf55b3f9-6b09-4365-9d71-55289e083fa5@group-EFD1D20A002C-LeaderElection90] INFO  impl.RoleInfo (RoleInfo.java:updateAndGet(143)) - bf55b3f9-6b09-4365-9d71-55289e083fa5: start FollowerState
2019-10-16 18:00:41,024 [Thread-655] INFO  impl.FollowerState (FollowerState.java:run(108)) - bf55b3f9-6b09-4365-9d71-55289e083fa5@group-EFD1D20A002C-FollowerState: change to CANDIDATE, lastRpcTime:6ms, electionTimeout:6ms
2019-10-16 18:00:41,024 [Thread-655] INFO  impl.RoleInfo (RoleInfo.java:shutdownFollowerState(121)) - bf55b3f9-6b09-4365-9d71-55289e083fa5: shutdown FollowerState
2019-10-16 18:00:41,024 [Thread-655] INFO  impl.RaftServerImpl (RaftServerImpl.java:setRole(184)) - bf55b3f9-6b09-4365-9d71-55289e083fa5@group-EFD1D20A002C: changes role from  FOLLOWER to CANDIDATE at term 102 for changeToCandidate
2019-10-16 18:00:41,024 [Thread-655] INFO  impl.RoleInfo (RoleInfo.java:updateAndGet(143)) - bf55b3f9-6b09-4365-9d71-55289e083fa5: start LeaderElection
2019-10-16 18:00:41,041 [bf55b3f9-6b09-4365-9d71-55289e083fa5@group-EFD1D20A002C-LeaderElection91] INFO  impl.LeaderElection (LeaderElection.java:askForVotes(178)) - bf55b3f9-6b09-4365-9d71-55289e083fa5@group-EFD1D20A002C-LeaderElection91: begin an election at term 103 for -1: [f4c54511-b161-4347-aec5-5236dc80a0d8:0.0.0.0:41238, 907b9765-214b-4864-b66a-d6e2a5789e5c:0.0.0.0:41650, bf55b3f9-6b09-4365-9d71-55289e083fa5:0.0.0.0:42441], old=null
2019-10-16 18:00:41,044 [grpc-default-executor-3] INFO  impl.RaftServerImpl (RaftServerImpl.java:setRole(184)) - f4c54511-b161-4347-aec5-5236dc80a0d8@group-EFD1D20A002C: changes role from  FOLLOWER to FOLLOWER at term 103 for recognizeCandidate:bf55b3f9-6b09-4365-9d71-55289e083fa5
2019-10-16 18:00:41,044 [grpc-default-executor-0] INFO  impl.RaftServerImpl (RaftServerImpl.java:setRole(184)) - 907b9765-214b-4864-b66a-d6e2a5789e5c@group-EFD1D20A002C: changes role from  FOLLOWER to FOLLOWER at term 103 for recognizeCandidate:bf55b3f9-6b09-4365-9d71-55289e083fa5
2019-10-16 18:00:41,044 [grpc-default-executor-0] INFO  impl.RoleInfo (RoleInfo.java:shutdownFollowerState(121)) - 907b9765-214b-4864-b66a-d6e2a5789e5c: shutdown FollowerState
2019-10-16 18:00:41,044 [grpc-default-executor-3] INFO  impl.RoleInfo (RoleInfo.java:shutdownFollowerState(121)) - f4c54511-b161-4347-aec5-5236dc80a0d8: shutdown FollowerState
2019-10-16 18:00:41,044 [Thread-654] INFO  impl.FollowerState (FollowerState.java:run(117)) - 907b9765-214b-4864-b66a-d6e2a5789e5c@group-EFD1D20A002C-FollowerState was interrupted: java.lang.InterruptedException: sleep interrupted
2019-10-16 18:00:41,044 [grpc-default-executor-0] INFO  impl.RoleInfo (RoleInfo.java:updateAndGet(143)) - 907b9765-214b-4864-b66a-d6e2a5789e5c: start FollowerState
2019-10-16 18:00:41,044 [Thread-653] INFO  impl.FollowerState (FollowerState.java:run(117)) - f4c54511-b161-4347-aec5-5236dc80a0d8@group-EFD1D20A002C-FollowerState was interrupted: java.lang.InterruptedException: sleep interrupted
2019-10-16 18:00:41,044 [grpc-default-executor-3] INFO  impl.RoleInfo (RoleInfo.java:updateAndGet(143)) - f4c54511-b161-4347-aec5-5236dc80a0d8: start FollowerState
2019-10-16 18:00:41,068 [bf55b3f9-6b09-4365-9d71-55289e083fa5@group-EFD1D20A002C-LeaderElection91] INFO  impl.LeaderElection (LeaderElection.java:logAndReturn(56)) - bf55b3f9-6b09-4365-9d71-55289e083fa5@group-EFD1D20A002C-LeaderElection91: Election REJECTED; received 2 response(s) [bf55b3f9-6b09-4365-9d71-55289e083fa5<-f4c54511-b161-4347-aec5-5236dc80a0d8#0:FAIL-t103, bf55b3f9-6b09-4365-9d71-55289e083fa5<-907b9765-214b-4864-b66a-d6e2a5789e5c#0:FAIL-t103] and 0 exception(s); bf55b3f9-6b09-4365-9d71-55289e083fa5@group-EFD1D20A002C:t103, leader=null, voted=bf55b3f9-6b09-4365-9d71-55289e083fa5, raftlog=bf55b3f9-6b09-4365-9d71-55289e083fa5@group-EFD1D20A002C-SegmentedRaftLog:OPENED:c-1,f-1,i0, conf=-1: [f4c54511-b161-4347-aec5-5236dc80a0d8:0.0.0.0:41238, 907b9765-214b-4864-b66a-d6e2a5789e5c:0.0.0.0:41650, bf55b3f9-6b09-4365-9d71-55289e083fa5:0.0.0.0:42441], old=null
2019-10-16 18:00:41,068 [bf55b3f9-6b09-4365-9d71-55289e083fa5@group-EFD1D20A002C-LeaderElection91] INFO  impl.RaftServerImpl (RaftServerImpl.java:setRole(184)) - bf55b3f9-6b09-4365-9d71-55289e083fa5@group-EFD1D20A002C: changes role from CANDIDATE to FOLLOWER at term 103 for DISCOVERED_A_NEW_TERM
2019-10-16 18:00:41,068 [bf55b3f9-6b09-4365-9d71-55289e083fa5@group-EFD1D20A002C-LeaderElection91] INFO  impl.RoleInfo (RoleInfo.java:shutdownLeaderElection(134)) - bf55b3f9-6b09-4365-9d71-55289e083fa5: shutdown LeaderElection
2019-10-16 18:00:41,068 [bf55b3f9-6b09-4365-9d71-55289e083fa5@group-EFD1D20A002C-LeaderElection91] INFO  impl.RoleInfo (RoleInfo.java:updateAndGet(143)) - bf55b3f9-6b09-4365-9d71-55289e083fa5: start FollowerState
2019-10-16 18:00:41,072 [Thread-661] INFO  impl.FollowerState (FollowerState.java:run(108)) - bf55b3f9-6b09-4365-9d71-55289e083fa5@group-EFD1D20A002C-FollowerState: change to CANDIDATE, lastRpcTime:3ms, electionTimeout:3ms
2019-10-16 18:00:41,072 [Thread-661] INFO  impl.RoleInfo (RoleInfo.java:shutdownFollowerState(121)) - bf55b3f9-6b09-4365-9d71-55289e083fa5: shutdown FollowerState
2019-10-16 18:00:41,072 [Thread-661] INFO  impl.RaftServerImpl (RaftServerImpl.java:setRole(184)) - bf55b3f9-6b09-4365-9d71-55289e083fa5@group-EFD1D20A002C: changes role from  FOLLOWER to CANDIDATE at term 103 for changeToCandidate
2019-10-16 18:00:41,072 [Thread-661] INFO  impl.RoleInfo (RoleInfo.java:updateAndGet(143)) - bf55b3f9-6b09-4365-9d71-55289e083fa5: start LeaderElection
2019-10-16 18:00:41,101 [bf55b3f9-6b09-4365-9d71-55289e083fa5@group-EFD1D20A002C-LeaderElection92] INFO  impl.LeaderElection (LeaderElection.java:askForVotes(178)) - bf55b3f9-6b09-4365-9d71-55289e083fa5@group-EFD1D20A002C-LeaderElection92: begin an election at term 104 for -1: [f4c54511-b161-4347-aec5-5236dc80a0d8:0.0.0.0:41238, 907b9765-214b-4864-b66a-d6e2a5789e5c:0.0.0.0:41650, bf55b3f9-6b09-4365-9d71-55289e083fa5:0.0.0.0:42441], old=null
2019-10-16 18:00:41,103 [grpc-default-executor-3] INFO  impl.RaftServerImpl (RaftServerImpl.java:setRole(184)) - f4c54511-b161-4347-aec5-5236dc80a0d8@group-EFD1D20A002C: changes role from  FOLLOWER to FOLLOWER at term 104 for recognizeCandidate:bf55b3f9-6b09-4365-9d71-55289e083fa5
2019-10-16 18:00:41,103 [grpc-default-executor-0] INFO  impl.RaftServerImpl (RaftServerImpl.java:setRole(184)) - 907b9765-214b-4864-b66a-d6e2a5789e5c@group-EFD1D20A002C: changes role from  FOLLOWER to FOLLOWER at term 104 for recognizeCandidate:bf55b3f9-6b09-4365-9d71-55289e083fa5
2019-10-16 18:00:41,103 [grpc-default-executor-0] INFO  impl.RoleInfo (RoleInfo.java:shutdownFollowerState(121)) - 907b9765-214b-4864-b66a-d6e2a5789e5c: shutdown FollowerState
2019-10-16 18:00:41,103 [grpc-default-executor-3] INFO  impl.RoleInfo (RoleInfo.java:shutdownFollowerState(121)) - f4c54511-b161-4347-aec5-5236dc80a0d8: shutdown FollowerState
2019-10-16 18:00:41,103 [Thread-659] INFO  impl.FollowerState (FollowerState.java:run(117)) - 907b9765-214b-4864-b66a-d6e2a5789e5c@group-EFD1D20A002C-FollowerState was interrupted: java.lang.InterruptedException: sleep interrupted
2019-10-16 18:00:41,103 [grpc-default-executor-0] INFO  impl.RoleInfo (RoleInfo.java:updateAndGet(143)) - 907b9765-214b-4864-b66a-d6e2a5789e5c: start FollowerState
2019-10-16 18:00:41,104 [Thread-660] INFO  impl.FollowerState (FollowerState.java:run(117)) - f4c54511-b161-4347-aec5-5236dc80a0d8@group-EFD1D20A002C-FollowerState was interrupted: java.lang.InterruptedException: sleep interrupted
2019-10-16 18:00:41,104 [grpc-default-executor-3] INFO  impl.RoleInfo (RoleInfo.java:updateAndGet(143)) - f4c54511-b161-4347-aec5-5236dc80a0d8: start FollowerState
2019-10-16 18:00:41,133 [bf55b3f9-6b09-4365-9d71-55289e083fa5@group-EFD1D20A002C-LeaderElection92] INFO  impl.LeaderElection (LeaderElection.java:logAndReturn(56)) - bf55b3f9-6b09-4365-9d71-55289e083fa5@group-EFD1D20A002C-LeaderElection92: Election TIMEOUT; received 0 response(s) [] and 0 exception(s); bf55b3f9-6b09-4365-9d71-55289e083fa5@group-EFD1D20A002C:t104, leader=null, voted=bf55b3f9-6b09-4365-9d71-55289e083fa5, raftlog=bf55b3f9-6b09-4365-9d71-55289e083fa5@group-EFD1D20A002C-SegmentedRaftLog:OPENED:c-1,f-1,i0, conf=-1: [f4c54511-b161-4347-aec5-5236dc80a0d8:0.0.0.0:41238, 907b9765-214b-4864-b66a-d6e2a5789e5c:0.0.0.0:41650, bf55b3f9-6b09-4365-9d71-55289e083fa5:0.0.0.0:42441], old=null
2019-10-16 18:00:41,152 [bf55b3f9-6b09-4365-9d71-55289e083fa5@group-EFD1D20A002C-LeaderElection92] INFO  impl.LeaderElection (LeaderElection.java:askForVotes(178)) - bf55b3f9-6b09-4365-9d71-55289e083fa5@group-EFD1D20A002C-LeaderElection92: begin an election at term 105 for -1: [f4c54511-b161-4347-aec5-5236dc80a0d8:0.0.0.0:41238, 907b9765-214b-4864-b66a-d6e2a5789e5c:0.0.0.0:41650, bf55b3f9-6b09-4365-9d71-55289e083fa5:0.0.0.0:42441], old=null
2019-10-16 18:00:41,154 [grpc-default-executor-3] INFO  impl.RaftServerImpl (RaftServerImpl.java:setRole(184)) - f4c54511-b161-4347-aec5-5236dc80a0d8@group-EFD1D20A002C: changes role from  FOLLOWER to FOLLOWER at term 105 for recognizeCandidate:bf55b3f9-6b09-4365-9d71-55289e083fa5
2019-10-16 18:00:41,154 [grpc-default-executor-3] INFO  impl.RoleInfo (RoleInfo.java:shutdownFollowerState(121)) - f4c54511-b161-4347-aec5-5236dc80a0d8: shutdown FollowerState
2019-10-16 18:00:41,154 [grpc-default-executor-0] INFO  impl.RaftServerImpl (RaftServerImpl.java:setRole(184)) - 907b9765-214b-4864-b66a-d6e2a5789e5c@group-EFD1D20A002C: changes role from  FOLLOWER to FOLLOWER at term 105 for recognizeCandidate:bf55b3f9-6b09-4365-9d71-55289e083fa5
2019-10-16 18:00:41,154 [grpc-default-executor-3] INFO  impl.RoleInfo (RoleInfo.java:updateAndGet(143)) - f4c54511-b161-4347-aec5-5236dc80a0d8: start FollowerState
2019-10-16 18:00:41,155 [Thread-666] INFO  impl.FollowerState (FollowerState.java:run(117)) - f4c54511-b161-4347-aec5-5236dc80a0d8@group-EFD1D20A002C-FollowerState was interrupted: java.lang.InterruptedException: sleep interrupted
2019-10-16 18:00:41,155 [grpc-default-executor-0] INFO  impl.RoleInfo (RoleInfo.java:shutdownFollowerState(121)) - 907b9765-214b-4864-b66a-d6e2a5789e5c: shutdown FollowerState
2019-10-16 18:00:41,155 [grpc-default-executor-0] INFO  impl.RoleInfo (RoleInfo.java:updateAndGet(143)) - 907b9765-214b-4864-b66a-d6e2a5789e5c: start FollowerState
2019-10-16 18:00:41,155 [Thread-665] INFO  impl.FollowerState (FollowerState.java:run(117)) - 907b9765-214b-4864-b66a-d6e2a5789e5c@group-EFD1D20A002C-FollowerState was interrupted: java.lang.InterruptedException: sleep interrupted
2019-10-16 18:00:41,178 [bf55b3f9-6b09-4365-9d71-55289e083fa5@group-EFD1D20A002C-LeaderElection92] INFO  impl.LeaderElection (LeaderElection.java:logAndReturn(56)) - bf55b3f9-6b09-4365-9d71-55289e083fa5@group-EFD1D20A002C-LeaderElection92: Election REJECTED; received 2 response(s) [bf55b3f9-6b09-4365-9d71-55289e083fa5<-f4c54511-b161-4347-aec5-5236dc80a0d8#0:FAIL-t105, bf55b3f9-6b09-4365-9d71-55289e083fa5<-907b9765-214b-4864-b66a-d6e2a5789e5c#0:FAIL-t105] and 0 exception(s); bf55b3f9-6b09-4365-9d71-55289e083fa5@group-EFD1D20A002C:t105, leader=null, voted=bf55b3f9-6b09-4365-9d71-55289e083fa5, raftlog=bf55b3f9-6b09-4365-9d71-55289e083fa5@group-EFD1D20A002C-SegmentedRaftLog:OPENED:c-1,f-1,i0, conf=-1: [f4c54511-b161-4347-aec5-5236dc80a0d8:0.0.0.0:41238, 907b9765-214b-4864-b66a-d6e2a5789e5c:0.0.0.0:41650, bf55b3f9-6b09-4365-9d71-55289e083fa5:0.0.0.0:42441], old=null
2019-10-16 18:00:41,179 [bf55b3f9-6b09-4365-9d71-55289e083fa5@group-EFD1D20A002C-LeaderElection92] INFO  impl.RaftServerImpl (RaftServerImpl.java:setRole(184)) - bf55b3f9-6b09-4365-9d71-55289e083fa5@group-EFD1D20A002C: changes role from CANDIDATE to FOLLOWER at term 105 for DISCOVERED_A_NEW_TERM
2019-10-16 18:00:41,179 [bf55b3f9-6b09-4365-9d71-55289e083fa5@group-EFD1D20A002C-LeaderElection92] INFO  impl.RoleInfo (RoleInfo.java:shutdownLeaderElection(134)) - bf55b3f9-6b09-4365-9d71-55289e083fa5: shutdown LeaderElection
2019-10-16 18:00:41,179 [bf55b3f9-6b09-4365-9d71-55289e083fa5@group-EFD1D20A002C-LeaderElection92] INFO  impl.RoleInfo (RoleInfo.java:updateAndGet(143)) - bf55b3f9-6b09-4365-9d71-55289e083fa5: start FollowerState
2019-10-16 18:00:41,253 [Thread-671] INFO  impl.FollowerState (FollowerState.java:run(108)) - bf55b3f9-6b09-4365-9d71-55289e083fa5@group-EFD1D20A002C-FollowerState: change to CANDIDATE, lastRpcTime:74ms, electionTimeout:74ms
2019-10-16 18:00:41,254 [Thread-671] INFO  impl.RoleInfo (RoleInfo.java:shutdownFollowerState(121)) - bf55b3f9-6b09-4365-9d71-55289e083fa5: shutdown FollowerState
2019-10-16 18:00:41,254 [Thread-671] INFO  impl.RaftServerImpl (RaftServerImpl.java:setRole(184)) - bf55b3f9-6b09-4365-9d71-55289e083fa5@group-EFD1D20A002C: changes role from  FOLLOWER to CANDIDATE at term 105 for changeToCandidate
2019-10-16 18:00:41,254 [Thread-671] INFO  impl.RoleInfo (RoleInfo.java:updateAndGet(143)) - bf55b3f9-6b09-4365-9d71-55289e083fa5: start LeaderElection
2019-10-16 18:00:41,270 [bf55b3f9-6b09-4365-9d71-55289e083fa5@group-EFD1D20A002C-LeaderElection93] INFO  impl.LeaderElection (LeaderElection.java:askForVotes(178)) - bf55b3f9-6b09-4365-9d71-55289e083fa5@group-EFD1D20A002C-LeaderElection93: begin an election at term 106 for -1: [f4c54511-b161-4347-aec5-5236dc80a0d8:0.0.0.0:41238, 907b9765-214b-4864-b66a-d6e2a5789e5c:0.0.0.0:41650, bf55b3f9-6b09-4365-9d71-55289e083fa5:0.0.0.0:42441], old=null
2019-10-16 18:00:41,272 [grpc-default-executor-3] INFO  impl.RaftServerImpl (RaftServerImpl.java:setRole(184)) - f4c54511-b161-4347-aec5-5236dc80a0d8@group-EFD1D20A002C: changes role from  FOLLOWER to FOLLOWER at term 106 for recognizeCandidate:bf55b3f9-6b09-4365-9d71-55289e083fa5
2019-10-16 18:00:41,272 [grpc-default-executor-0] INFO  impl.RaftServerImpl (RaftServerImpl.java:setRole(184)) - 907b9765-214b-4864-b66a-d6e2a5789e5c@group-EFD1D20A002C: changes role from  FOLLOWER to FOLLOWER at term 106 for recognizeCandidate:bf55b3f9-6b09-4365-9d71-55289e083fa5
2019-10-16 18:00:41,272 [grpc-default-executor-0] INFO  impl.RoleInfo (RoleInfo.java:shutdownFollowerState(121)) - 907b9765-214b-4864-b66a-d6e2a5789e5c: shutdown FollowerState
2019-10-16 18:00:41,272 [grpc-default-executor-3] INFO  impl.RoleInfo (RoleInfo.java:shutdownFollowerState(121)) - f4c54511-b161-4347-aec5-5236dc80a0d8: shutdown FollowerState
2019-10-16 18:00:41,272 [Thread-670] INFO  impl.FollowerState (FollowerState.java:run(117)) - 907b9765-214b-4864-b66a-d6e2a5789e5c@group-EFD1D20A002C-FollowerState was interrupted: java.lang.InterruptedException: sleep interrupted
2019-10-16 18:00:41,272 [grpc-default-executor-0] INFO  impl.RoleInfo (RoleInfo.java:updateAndGet(143)) - 907b9765-214b-4864-b66a-d6e2a5789e5c: start FollowerState
2019-10-16 18:00:41,273 [Thread-669] INFO  impl.FollowerState (FollowerState.java:run(117)) - f4c54511-b161-4347-aec5-5236dc80a0d8@group-EFD1D20A002C-FollowerState was interrupted: java.lang.InterruptedException: sleep interrupted
2019-10-16 18:00:41,273 [grpc-default-executor-3] INFO  impl.RoleInfo (RoleInfo.java:updateAndGet(143)) - f4c54511-b161-4347-aec5-5236dc80a0d8: start FollowerState
2019-10-16 18:00:41,297 [bf55b3f9-6b09-4365-9d71-55289e083fa5@group-EFD1D20A002C-LeaderElection93] INFO  impl.LeaderElection (LeaderElection.java:logAndReturn(56)) - bf55b3f9-6b09-4365-9d71-55289e083fa5@group-EFD1D20A002C-LeaderElection93: Election REJECTED; received 2 response(s) [bf55b3f9-6b09-4365-9d71-55289e083fa5<-f4c54511-b161-4347-aec5-5236dc80a0d8#0:FAIL-t106, bf55b3f9-6b09-4365-9d71-55289e083fa5<-907b9765-214b-4864-b66a-d6e2a5789e5c#0:FAIL-t106] and 0 exception(s); bf55b3f9-6b09-4365-9d71-55289e083fa5@group-EFD1D20A002C:t106, leader=null, voted=bf55b3f9-6b09-4365-9d71-55289e083fa5, raftlog=bf55b3f9-6b09-4365-9d71-55289e083fa5@group-EFD1D20A002C-SegmentedRaftLog:OPENED:c-1,f-1,i0, conf=-1: [f4c54511-b161-4347-aec5-5236dc80a0d8:0.0.0.0:41238, 907b9765-214b-4864-b66a-d6e2a5789e5c:0.0.0.0:41650, bf55b3f9-6b09-4365-9d71-55289e083fa5:0.0.0.0:42441], old=null
2019-10-16 18:00:41,297 [bf55b3f9-6b09-4365-9d71-55289e083fa5@group-EFD1D20A002C-LeaderElection93] INFO  impl.RaftServerImpl (RaftServerImpl.java:setRole(184)) - bf55b3f9-6b09-4365-9d71-55289e083fa5@group-EFD1D20A002C: changes role from CANDIDATE to FOLLOWER at term 106 for DISCOVERED_A_NEW_TERM
2019-10-16 18:00:41,297 [bf55b3f9-6b09-4365-9d71-55289e083fa5@group-EFD1D20A002C-LeaderElection93] INFO  impl.RoleInfo (RoleInfo.java:shutdownLeaderElection(134)) - bf55b3f9-6b09-4365-9d71-55289e083fa5: shutdown LeaderElection
2019-10-16 18:00:41,297 [bf55b3f9-6b09-4365-9d71-55289e083fa5@group-EFD1D20A002C-LeaderElection93] INFO  impl.RoleInfo (RoleInfo.java:updateAndGet(143)) - bf55b3f9-6b09-4365-9d71-55289e083fa5: start FollowerState
2019-10-16 18:00:41,457 [Thread-677] INFO  impl.FollowerState (FollowerState.java:run(108)) - bf55b3f9-6b09-4365-9d71-55289e083fa5@group-EFD1D20A002C-FollowerState: change to CANDIDATE, lastRpcTime:160ms, electionTimeout:160ms
2019-10-16 18:00:41,458 [Thread-677] INFO  impl.RoleInfo (RoleInfo.java:shutdownFollowerState(121)) - bf55b3f9-6b09-4365-9d71-55289e083fa5: shutdown FollowerState
2019-10-16 18:00:41,458 [Thread-677] INFO  impl.RaftServerImpl (RaftServerImpl.java:setRole(184)) - bf55b3f9-6b09-4365-9d71-55289e083fa5@group-EFD1D20A002C: changes role from  FOLLOWER to CANDIDATE at term 106 for changeToCandidate
2019-10-16 18:00:41,458 [Thread-677] INFO  impl.RoleInfo (RoleInfo.java:updateAndGet(143)) - bf55b3f9-6b09-4365-9d71-55289e083fa5: start LeaderElection
2019-10-16 18:00:41,480 [bf55b3f9-6b09-4365-9d71-55289e083fa5@group-EFD1D20A002C-LeaderElection94] INFO  impl.LeaderElection (LeaderElection.java:askForVotes(178)) - bf55b3f9-6b09-4365-9d71-55289e083fa5@group-EFD1D20A002C-LeaderElection94: begin an election at term 107 for -1: [f4c54511-b161-4347-aec5-5236dc80a0d8:0.0.0.0:41238, 907b9765-214b-4864-b66a-d6e2a5789e5c:0.0.0.0:41650, bf55b3f9-6b09-4365-9d71-55289e083fa5:0.0.0.0:42441], old=null
2019-10-16 18:00:41,483 [grpc-default-executor-3] INFO  impl.RaftServerImpl (RaftServerImpl.java:setRole(184)) - f4c54511-b161-4347-aec5-5236dc80a0d8@group-EFD1D20A002C: changes role from  FOLLOWER to FOLLOWER at term 107 for recognizeCandidate:bf55b3f9-6b09-4365-9d71-55289e083fa5
2019-10-16 18:00:41,483 [grpc-default-executor-3] INFO  impl.RoleInfo (RoleInfo.java:shutdownFollowerState(121)) - f4c54511-b161-4347-aec5-5236dc80a0d8: shutdown FollowerState
2019-10-16 18:00:41,483 [grpc-default-executor-0] INFO  impl.RaftServerImpl (RaftServerImpl.java:setRole(184)) - 907b9765-214b-4864-b66a-d6e2a5789e5c@group-EFD1D20A002C: changes role from  FOLLOWER to FOLLOWER at term 107 for recognizeCandidate:bf55b3f9-6b09-4365-9d71-55289e083fa5
2019-10-16 18:00:41,483 [Thread-676] INFO  impl.FollowerState (FollowerState.java:run(117)) - f4c54511-b161-4347-aec5-5236dc80a0d8@group-EFD1D20A002C-FollowerState was interrupted: java.lang.InterruptedException: sleep interrupted
2019-10-16 18:00:41,483 [grpc-default-executor-3] INFO  impl.RoleInfo (RoleInfo.java:updateAndGet(143)) - f4c54511-b161-4347-aec5-5236dc80a0d8: start FollowerState
2019-10-16 18:00:41,483 [grpc-default-executor-0] INFO  impl.RoleInfo (RoleInfo.java:shutdownFollowerState(121)) - 907b9765-214b-4864-b66a-d6e2a5789e5c: shutdown FollowerState
2019-10-16 18:00:41,484 [grpc-default-executor-0] INFO  impl.RoleInfo (RoleInfo.java:updateAndGet(143)) - 907b9765-214b-4864-b66a-d6e2a5789e5c: start FollowerState
2019-10-16 18:00:41,484 [Thread-675] INFO  impl.FollowerState (FollowerState.java:run(117)) - 907b9765-214b-4864-b66a-d6e2a5789e5c@group-EFD1D20A002C-FollowerState was interrupted: java.lang.InterruptedException: sleep interrupted
2019-10-16 18:00:41,501 [bf55b3f9-6b09-4365-9d71-55289e083fa5@group-EFD1D20A002C-LeaderElection94] INFO  impl.LeaderElection (LeaderElection.java:logAndReturn(56)) - bf55b3f9-6b09-4365-9d71-55289e083fa5@group-EFD1D20A002C-LeaderElection94: Election TIMEOUT; received 0 response(s) [] and 0 exception(s); bf55b3f9-6b09-4365-9d71-55289e083fa5@group-EFD1D20A002C:t107, leader=null, voted=bf55b3f9-6b09-4365-9d71-55289e083fa5, raftlog=bf55b3f9-6b09-4365-9d71-55289e083fa5@group-EFD1D20A002C-SegmentedRaftLog:OPENED:c-1,f-1,i0, conf=-1: [f4c54511-b161-4347-aec5-5236dc80a0d8:0.0.0.0:41238, 907b9765-214b-4864-b66a-d6e2a5789e5c:0.0.0.0:41650, bf55b3f9-6b09-4365-9d71-55289e083fa5:0.0.0.0:42441], old=null
2019-10-16 18:00:41,524 [bf55b3f9-6b09-4365-9d71-55289e083fa5@group-EFD1D20A002C-LeaderElection94] INFO  impl.LeaderElection (LeaderElection.java:askForVotes(178)) - bf55b3f9-6b09-4365-9d71-55289e083fa5@group-EFD1D20A002C-LeaderElection94: begin an election at term 108 for -1: [f4c54511-b161-4347-aec5-5236dc80a0d8:0.0.0.0:41238, 907b9765-214b-4864-b66a-d6e2a5789e5c:0.0.0.0:41650, bf55b3f9-6b09-4365-9d71-55289e083fa5:0.0.0.0:42441], old=null
2019-10-16 18:00:41,526 [grpc-default-executor-0] INFO  impl.RaftServerImpl (RaftServerImpl.java:setRole(184)) - f4c54511-b161-4347-aec5-5236dc80a0d8@group-EFD1D20A002C: changes role from  FOLLOWER to FOLLOWER at term 108 for recognizeCandidate:bf55b3f9-6b09-4365-9d71-55289e083fa5
2019-10-16 18:00:41,526 [grpc-default-executor-0] INFO  impl.RoleInfo (RoleInfo.java:shutdownFollowerState(121)) - f4c54511-b161-4347-aec5-5236dc80a0d8: shutdown FollowerState
2019-10-16 18:00:41,526 [grpc-default-executor-3] INFO  impl.RaftServerImpl (RaftServerImpl.java:setRole(184)) - 907b9765-214b-4864-b66a-d6e2a5789e5c@group-EFD1D20A002C: changes role from  FOLLOWER to FOLLOWER at term 108 for recognizeCandidate:bf55b3f9-6b09-4365-9d71-55289e083fa5
2019-10-16 18:00:41,526 [Thread-681] INFO  impl.FollowerState (FollowerState.java:run(117)) - f4c54511-b161-4347-aec5-5236dc80a0d8@group-EFD1D20A002C-FollowerState was interrupted: java.lang.InterruptedException: sleep interrupted
2019-10-16 18:00:41,526 [grpc-default-executor-0] INFO  impl.RoleInfo (RoleInfo.java:updateAndGet(143)) - f4c54511-b161-4347-aec5-5236dc80a0d8: start FollowerState
2019-10-16 18:00:41,527 [grpc-default-executor-3] INFO  impl.RoleInfo (RoleInfo.java:shutdownFollowerState(121)) - 907b9765-214b-4864-b66a-d6e2a5789e5c: shutdown FollowerState
2019-10-16 18:00:41,527 [grpc-default-executor-3] INFO  impl.RoleInfo (RoleInfo.java:updateAndGet(143)) - 907b9765-214b-4864-b66a-d6e2a5789e5c: start FollowerState
2019-10-16 18:00:41,527 [Thread-682] INFO  impl.FollowerState (FollowerState.java:run(117)) - 907b9765-214b-4864-b66a-d6e2a5789e5c@group-EFD1D20A002C-FollowerState was interrupted: java.lang.InterruptedException: sleep interrupted
2019-10-16 18:00:41,550 [bf55b3f9-6b09-4365-9d71-55289e083fa5@group-EFD1D20A002C-LeaderElection94] INFO  impl.LeaderElection (LeaderElection.java:logAndReturn(56)) - bf55b3f9-6b09-4365-9d71-55289e083fa5@group-EFD1D20A002C-LeaderElection94: Election REJECTED; received 2 response(s) [bf55b3f9-6b09-4365-9d71-55289e083fa5<-f4c54511-b161-4347-aec5-5236dc80a0d8#0:FAIL-t108, bf55b3f9-6b09-4365-9d71-55289e083fa5<-907b9765-214b-4864-b66a-d6e2a5789e5c#0:FAIL-t108] and 0 exception(s); bf55b3f9-6b09-4365-9d71-55289e083fa5@group-EFD1D20A002C:t108, leader=null, voted=bf55b3f9-6b09-4365-9d71-55289e083fa5, raftlog=bf55b3f9-6b09-4365-9d71-55289e083fa5@group-EFD1D20A002C-SegmentedRaftLog:OPENED:c-1,f-1,i0, conf=-1: [f4c54511-b161-4347-aec5-5236dc80a0d8:0.0.0.0:41238, 907b9765-214b-4864-b66a-d6e2a5789e5c:0.0.0.0:41650, bf55b3f9-6b09-4365-9d71-55289e083fa5:0.0.0.0:42441], old=null
2019-10-16 18:00:41,550 [bf55b3f9-6b09-4365-9d71-55289e083fa5@group-EFD1D20A002C-LeaderElection94] INFO  impl.RaftServerImpl (RaftServerImpl.java:setRole(184)) - bf55b3f9-6b09-4365-9d71-55289e083fa5@group-EFD1D20A002C: changes role from CANDIDATE to FOLLOWER at term 108 for DISCOVERED_A_NEW_TERM
2019-10-16 18:00:41,550 [bf55b3f9-6b09-4365-9d71-55289e083fa5@group-EFD1D20A002C-LeaderElection94] INFO  impl.RoleInfo (RoleInfo.java:shutdownLeaderElection(134)) - bf55b3f9-6b09-4365-9d71-55289e083fa5: shutdown LeaderElection
2019-10-16 18:00:41,551 [bf55b3f9-6b09-4365-9d71-55289e083fa5@group-EFD1D20A002C-LeaderElection94] INFO  impl.RoleInfo (RoleInfo.java:updateAndGet(143)) - bf55b3f9-6b09-4365-9d71-55289e083fa5: start FollowerState
2019-10-16 18:00:41,674 [Thread-687] INFO  impl.FollowerState (FollowerState.java:run(108)) - bf55b3f9-6b09-4365-9d71-55289e083fa5@group-EFD1D20A002C-FollowerState: change to CANDIDATE, lastRpcTime:123ms, electionTimeout:123ms
2019-10-16 18:00:41,674 [Thread-687] INFO  impl.RoleInfo (RoleInfo.java:shutdownFollowerState(121)) - bf55b3f9-6b09-4365-9d71-55289e083fa5: shutdown FollowerState
2019-10-16 18:00:41,674 [Thread-687] INFO  impl.RaftServerImpl (RaftServerImpl.java:setRole(184)) - bf55b3f9-6b09-4365-9d71-55289e083fa5@group-EFD1D20A002C: changes role from  FOLLOWER to CANDIDATE at term 108 for changeToCandidate
2019-10-16 18:00:41,674 [Thread-687] INFO  impl.RoleInfo (RoleInfo.java:updateAndGet(143)) - bf55b3f9-6b09-4365-9d71-55289e083fa5: start LeaderElection
2019-10-16 18:00:41,701 [bf55b3f9-6b09-4365-9d71-55289e083fa5@group-EFD1D20A002C-LeaderElection95] INFO  impl.LeaderElection (LeaderElection.java:askForVotes(178)) - bf55b3f9-6b09-4365-9d71-55289e083fa5@group-EFD1D20A002C-LeaderElection95: begin an election at term 109 for -1: [f4c54511-b161-4347-aec5-5236dc80a0d8:0.0.0.0:41238, 907b9765-214b-4864-b66a-d6e2a5789e5c:0.0.0.0:41650, bf55b3f9-6b09-4365-9d71-55289e083fa5:0.0.0.0:42441], old=null
2019-10-16 18:00:41,703 [grpc-default-executor-3] INFO  impl.RaftServerImpl (RaftServerImpl.java:setRole(184)) - 907b9765-214b-4864-b66a-d6e2a5789e5c@group-EFD1D20A002C: changes role from  FOLLOWER to FOLLOWER at term 109 for recognizeCandidate:bf55b3f9-6b09-4365-9d71-55289e083fa5
2019-10-16 18:00:41,703 [grpc-default-executor-0] INFO  impl.RaftServerImpl (RaftServerImpl.java:setRole(184)) - f4c54511-b161-4347-aec5-5236dc80a0d8@group-EFD1D20A002C: changes role from  FOLLOWER to FOLLOWER at term 109 for recognizeCandidate:bf55b3f9-6b09-4365-9d71-55289e083fa5
2019-10-16 18:00:41,703 [grpc-default-executor-3] INFO  impl.RoleInfo (RoleInfo.java:shutdownFollowerState(121)) - 907b9765-214b-4864-b66a-d6e2a5789e5c: shutdown FollowerState
2019-10-16 18:00:41,704 [grpc-default-executor-0] INFO  impl.RoleInfo (RoleInfo.java:shutdownFollowerState(121)) - f4c54511-b161-4347-aec5-5236dc80a0d8: shutdown FollowerState
2019-10-16 18:00:41,704 [grpc-default-executor-0] INFO  impl.RoleInfo (RoleInfo.java:updateAndGet(143)) - f4c54511-b161-4347-aec5-5236dc80a0d8: start FollowerState
2019-10-16 18:00:41,704 [Thread-686] INFO  impl.FollowerState (FollowerState.java:run(117)) - 907b9765-214b-4864-b66a-d6e2a5789e5c@group-EFD1D20A002C-FollowerState was interrupted: java.lang.InterruptedException: sleep interrupted
2019-10-16 18:00:41,704 [grpc-default-executor-3] INFO  impl.RoleInfo (RoleInfo.java:updateAndGet(143)) - 907b9765-214b-4864-b66a-d6e2a5789e5c: start FollowerState
2019-10-16 18:00:41,704 [Thread-685] INFO  impl.FollowerState (FollowerState.java:run(117)) - f4c54511-b161-4347-aec5-5236dc80a0d8@group-EFD1D20A002C-FollowerState was interrupted: java.lang.InterruptedException: sleep interrupted
2019-10-16 18:00:41,736 [bf55b3f9-6b09-4365-9d71-55289e083fa5@group-EFD1D20A002C-LeaderElection95] INFO  impl.LeaderElection (LeaderElection.java:logAndReturn(56)) - bf55b3f9-6b09-4365-9d71-55289e083fa5@group-EFD1D20A002C-LeaderElection95: Election REJECTED; received 2 response(s) [bf55b3f9-6b09-4365-9d71-55289e083fa5<-f4c54511-b161-4347-aec5-5236dc80a0d8#0:FAIL-t109, bf55b3f9-6b09-4365-9d71-55289e083fa5<-907b9765-214b-4864-b66a-d6e2a5789e5c#0:FAIL-t109] and 0 exception(s); bf55b3f9-6b09-4365-9d71-55289e083fa5@group-EFD1D20A002C:t109, leader=null, voted=bf55b3f9-6b09-4365-9d71-55289e083fa5, raftlog=bf55b3f9-6b09-4365-9d71-55289e083fa5@group-EFD1D20A002C-SegmentedRaftLog:OPENED:c-1,f-1,i0, conf=-1: [f4c54511-b161-4347-aec5-5236dc80a0d8:0.0.0.0:41238, 907b9765-214b-4864-b66a-d6e2a5789e5c:0.0.0.0:41650, bf55b3f9-6b09-4365-9d71-55289e083fa5:0.0.0.0:42441], old=null
2019-10-16 18:00:41,736 [bf55b3f9-6b09-4365-9d71-55289e083fa5@group-EFD1D20A002C-LeaderElection95] INFO  impl.RaftServerImpl (RaftServerImpl.java:setRole(184)) - bf55b3f9-6b09-4365-9d71-55289e083fa5@group-EFD1D20A002C: changes role from CANDIDATE to FOLLOWER at term 109 for DISCOVERED_A_NEW_TERM
2019-10-16 18:00:41,736 [bf55b3f9-6b09-4365-9d71-55289e083fa5@group-EFD1D20A002C-LeaderElection95] INFO  impl.RoleInfo (RoleInfo.java:shutdownLeaderElection(134)) - bf55b3f9-6b09-4365-9d71-55289e083fa5: shutdown LeaderElection
2019-10-16 18:00:41,736 [bf55b3f9-6b09-4365-9d71-55289e083fa5@group-EFD1D20A002C-LeaderElection95] INFO  impl.RoleInfo (RoleInfo.java:updateAndGet(143)) - bf55b3f9-6b09-4365-9d71-55289e083fa5: start FollowerState
2019-10-16 18:00:41,840 [Thread-695] INFO  impl.FollowerState (FollowerState.java:run(108)) - bf55b3f9-6b09-4365-9d71-55289e083fa5@group-EFD1D20A002C-FollowerState: change to CANDIDATE, lastRpcTime:103ms, electionTimeout:103ms
2019-10-16 18:00:41,840 [Thread-695] INFO  impl.RoleInfo (RoleInfo.java:shutdownFollowerState(121)) - bf55b3f9-6b09-4365-9d71-55289e083fa5: shutdown FollowerState
2019-10-16 18:00:41,840 [Thread-695] INFO  impl.RaftServerImpl (RaftServerImpl.java:setRole(184)) - bf55b3f9-6b09-4365-9d71-55289e083fa5@group-EFD1D20A002C: changes role from  FOLLOWER to CANDIDATE at term 109 for changeToCandidate
2019-10-16 18:00:41,840 [Thread-695] INFO  impl.RoleInfo (RoleInfo.java:updateAndGet(143)) - bf55b3f9-6b09-4365-9d71-55289e083fa5: start LeaderElection
2019-10-16 18:00:41,869 [bf55b3f9-6b09-4365-9d71-55289e083fa5@group-EFD1D20A002C-LeaderElection96] INFO  impl.LeaderElection (LeaderElection.java:askForVotes(178)) - bf55b3f9-6b09-4365-9d71-55289e083fa5@group-EFD1D20A002C-LeaderElection96: begin an election at term 110 for -1: [f4c54511-b161-4347-aec5-5236dc80a0d8:0.0.0.0:41238, 907b9765-214b-4864-b66a-d6e2a5789e5c:0.0.0.0:41650, bf55b3f9-6b09-4365-9d71-55289e083fa5:0.0.0.0:42441], old=null
2019-10-16 18:00:41,873 [grpc-default-executor-3] INFO  impl.RaftServerImpl (RaftServerImpl.java:setRole(184)) - 907b9765-214b-4864-b66a-d6e2a5789e5c@group-EFD1D20A002C: changes role from  FOLLOWER to FOLLOWER at term 110 for recognizeCandidate:bf55b3f9-6b09-4365-9d71-55289e083fa5
2019-10-16 18:00:41,873 [grpc-default-executor-0] INFO  impl.RaftServerImpl (RaftServerImpl.java:setRole(184)) - f4c54511-b161-4347-aec5-5236dc80a0d8@group-EFD1D20A002C: changes role from  FOLLOWER to FOLLOWER at term 110 for recognizeCandidate:bf55b3f9-6b09-4365-9d71-55289e083fa5
2019-10-16 18:00:41,873 [grpc-default-executor-3] INFO  impl.RoleInfo (RoleInfo.java:shutdownFollowerState(121)) - 907b9765-214b-4864-b66a-d6e2a5789e5c: shutdown FollowerState
2019-10-16 18:00:41,873 [grpc-default-executor-0] INFO  impl.RoleInfo (RoleInfo.java:shutdownFollowerState(121)) - f4c54511-b161-4347-aec5-5236dc80a0d8: shutdown FollowerState
2019-10-16 18:00:41,874 [Thread-693] INFO  impl.FollowerState (FollowerState.java:run(117)) - 907b9765-214b-4864-b66a-d6e2a5789e5c@group-EFD1D20A002C-FollowerState was interrupted: java.lang.InterruptedException: sleep interrupted
2019-10-16 18:00:41,873 [grpc-default-executor-3] INFO  impl.RoleInfo (RoleInfo.java:updateAndGet(143)) - 907b9765-214b-4864-b66a-d6e2a5789e5c: start FollowerState
2019-10-16 18:00:41,874 [grpc-default-executor-0] INFO  impl.RoleInfo (RoleInfo.java:updateAndGet(143)) - f4c54511-b161-4347-aec5-5236dc80a0d8: start FollowerState
2019-10-16 18:00:41,874 [Thread-694] INFO  impl.FollowerState (FollowerState.java:run(117)) - f4c54511-b161-4347-aec5-5236dc80a0d8@group-EFD1D20A002C-FollowerState was interrupted: java.lang.InterruptedException: sleep interrupted
2019-10-16 18:00:41,904 [bf55b3f9-6b09-4365-9d71-55289e083fa5@group-EFD1D20A002C-LeaderElection96] INFO  impl.LeaderElection (LeaderElection.java:logAndReturn(56)) - bf55b3f9-6b09-4365-9d71-55289e083fa5@group-EFD1D20A002C-LeaderElection96: Election REJECTED; received 2 response(s) [bf55b3f9-6b09-4365-9d71-55289e083fa5<-f4c54511-b161-4347-aec5-5236dc80a0d8#0:FAIL-t110, bf55b3f9-6b09-4365-9d71-55289e083fa5<-907b9765-214b-4864-b66a-d6e2a5789e5c#0:FAIL-t110] and 0 exception(s); bf55b3f9-6b09-4365-9d71-55289e083fa5@group-EFD1D20A002C:t110, leader=null, voted=bf55b3f9-6b09-4365-9d71-55289e083fa5, raftlog=bf55b3f9-6b09-4365-9d71-55289e083fa5@group-EFD1D20A002C-SegmentedRaftLog:OPENED:c-1,f-1,i0, conf=-1: [f4c54511-b161-4347-aec5-5236dc80a0d8:0.0.0.0:41238, 907b9765-214b-4864-b66a-d6e2a5789e5c:0.0.0.0:41650, bf55b3f9-6b09-4365-9d71-55289e083fa5:0.0.0.0:42441], old=null
2019-10-16 18:00:41,905 [bf55b3f9-6b09-4365-9d71-55289e083fa5@group-EFD1D20A002C-LeaderElection96] INFO  impl.RaftServerImpl (RaftServerImpl.java:setRole(184)) - bf55b3f9-6b09-4365-9d71-55289e083fa5@group-EFD1D20A002C: changes role from CANDIDATE to FOLLOWER at term 110 for DISCOVERED_A_NEW_TERM
2019-10-16 18:00:41,905 [bf55b3f9-6b09-4365-9d71-55289e083fa5@group-EFD1D20A002C-LeaderElection96] INFO  impl.RoleInfo (RoleInfo.java:shutdownLeaderElection(134)) - bf55b3f9-6b09-4365-9d71-55289e083fa5: shutdown LeaderElection
2019-10-16 18:00:41,905 [bf55b3f9-6b09-4365-9d71-55289e083fa5@group-EFD1D20A002C-LeaderElection96] INFO  impl.RoleInfo (RoleInfo.java:updateAndGet(143)) - bf55b3f9-6b09-4365-9d71-55289e083fa5: start FollowerState
2019-10-16 18:00:42,097 [Thread-701] INFO  impl.FollowerState (FollowerState.java:run(108)) - bf55b3f9-6b09-4365-9d71-55289e083fa5@group-EFD1D20A002C-FollowerState: change to CANDIDATE, lastRpcTime:191ms, electionTimeout:191ms
2019-10-16 18:00:42,097 [Thread-701] INFO  impl.RoleInfo (RoleInfo.java:shutdownFollowerState(121)) - bf55b3f9-6b09-4365-9d71-55289e083fa5: shutdown FollowerState
2019-10-16 18:00:42,097 [Thread-701] INFO  impl.RaftServerImpl (RaftServerImpl.java:setRole(184)) - bf55b3f9-6b09-4365-9d71-55289e083fa5@group-EFD1D20A002C: changes role from  FOLLOWER to CANDIDATE at term 110 for changeToCandidate
2019-10-16 18:00:42,097 [Thread-701] INFO  impl.RoleInfo (RoleInfo.java:updateAndGet(143)) - bf55b3f9-6b09-4365-9d71-55289e083fa5: start LeaderElection
2019-10-16 18:00:42,129 [bf55b3f9-6b09-4365-9d71-55289e083fa5@group-EFD1D20A002C-LeaderElection97] INFO  impl.LeaderElection (LeaderElection.java:askForVotes(178)) - bf55b3f9-6b09-4365-9d71-55289e083fa5@group-EFD1D20A002C-LeaderElection97: begin an election at term 111 for -1: [f4c54511-b161-4347-aec5-5236dc80a0d8:0.0.0.0:41238, 907b9765-214b-4864-b66a-d6e2a5789e5c:0.0.0.0:41650, bf55b3f9-6b09-4365-9d71-55289e083fa5:0.0.0.0:42441], old=null
2019-10-16 18:00:42,132 [grpc-default-executor-3] INFO  impl.RaftServerImpl (RaftServerImpl.java:setRole(184)) - f4c54511-b161-4347-aec5-5236dc80a0d8@group-EFD1D20A002C: changes role from  FOLLOWER to FOLLOWER at term 111 for recognizeCandidate:bf55b3f9-6b09-4365-9d71-55289e083fa5
2019-10-16 18:00:42,132 [grpc-default-executor-0] INFO  impl.RaftServerImpl (RaftServerImpl.java:setRole(184)) - 907b9765-214b-4864-b66a-d6e2a5789e5c@group-EFD1D20A002C: changes role from  FOLLOWER to FOLLOWER at term 111 for recognizeCandidate:bf55b3f9-6b09-4365-9d71-55289e083fa5
2019-10-16 18:00:42,132 [grpc-default-executor-3] INFO  impl.RoleInfo (RoleInfo.java:shutdownFollowerState(121)) - f4c54511-b161-4347-aec5-5236dc80a0d8: shutdown FollowerState
2019-10-16 18:00:42,133 [grpc-default-executor-0] INFO  impl.RoleInfo (RoleInfo.java:shutdownFollowerState(121)) - 907b9765-214b-4864-b66a-d6e2a5789e5c: shutdown FollowerState
2019-10-16 18:00:42,133 [grpc-default-executor-3] INFO  impl.RoleInfo (RoleInfo.java:updateAndGet(143)) - f4c54511-b161-4347-aec5-5236dc80a0d8: start FollowerState
2019-10-16 18:00:42,133 [Thread-699] INFO  impl.FollowerState (FollowerState.java:run(117)) - 907b9765-214b-4864-b66a-d6e2a5789e5c@group-EFD1D20A002C-FollowerState was interrupted: java.lang.InterruptedException: sleep interrupted
2019-10-16 18:00:42,133 [Thread-700] INFO  impl.FollowerState (FollowerState.java:run(117)) - f4c54511-b161-4347-aec5-5236dc80a0d8@group-EFD1D20A002C-FollowerState was interrupted: java.lang.InterruptedException: sleep interrupted
2019-10-16 18:00:42,133 [grpc-default-executor-0] INFO  impl.RoleInfo (RoleInfo.java:updateAndGet(143)) - 907b9765-214b-4864-b66a-d6e2a5789e5c: start FollowerState
2019-10-16 18:00:42,165 [bf55b3f9-6b09-4365-9d71-55289e083fa5@group-EFD1D20A002C-LeaderElection97] INFO  impl.LeaderElection (LeaderElection.java:logAndReturn(56)) - bf55b3f9-6b09-4365-9d71-55289e083fa5@group-EFD1D20A002C-LeaderElection97: Election REJECTED; received 2 response(s) [bf55b3f9-6b09-4365-9d71-55289e083fa5<-f4c54511-b161-4347-aec5-5236dc80a0d8#0:FAIL-t111, bf55b3f9-6b09-4365-9d71-55289e083fa5<-907b9765-214b-4864-b66a-d6e2a5789e5c#0:FAIL-t111] and 0 exception(s); bf55b3f9-6b09-4365-9d71-55289e083fa5@group-EFD1D20A002C:t111, leader=null, voted=bf55b3f9-6b09-4365-9d71-55289e083fa5, raftlog=bf55b3f9-6b09-4365-9d71-55289e083fa5@group-EFD1D20A002C-SegmentedRaftLog:OPENED:c-1,f-1,i0, conf=-1: [f4c54511-b161-4347-aec5-5236dc80a0d8:0.0.0.0:41238, 907b9765-214b-4864-b66a-d6e2a5789e5c:0.0.0.0:41650, bf55b3f9-6b09-4365-9d71-55289e083fa5:0.0.0.0:42441], old=null
2019-10-16 18:00:42,165 [bf55b3f9-6b09-4365-9d71-55289e083fa5@group-EFD1D20A002C-LeaderElection97] INFO  impl.RaftServerImpl (RaftServerImpl.java:setRole(184)) - bf55b3f9-6b09-4365-9d71-55289e083fa5@group-EFD1D20A002C: changes role from CANDIDATE to FOLLOWER at term 111 for DISCOVERED_A_NEW_TERM
2019-10-16 18:00:42,165 [bf55b3f9-6b09-4365-9d71-55289e083fa5@group-EFD1D20A002C-LeaderElection97] INFO  impl.RoleInfo (RoleInfo.java:shutdownLeaderElection(134)) - bf55b3f9-6b09-4365-9d71-55289e083fa5: shutdown LeaderElection
2019-10-16 18:00:42,165 [bf55b3f9-6b09-4365-9d71-55289e083fa5@group-EFD1D20A002C-LeaderElection97] INFO  impl.RoleInfo (RoleInfo.java:updateAndGet(143)) - bf55b3f9-6b09-4365-9d71-55289e083fa5: start FollowerState
2019-10-16 18:00:42,290 [Thread-707] INFO  impl.FollowerState (FollowerState.java:run(108)) - bf55b3f9-6b09-4365-9d71-55289e083fa5@group-EFD1D20A002C-FollowerState: change to CANDIDATE, lastRpcTime:124ms, electionTimeout:124ms
2019-10-16 18:00:42,290 [Thread-707] INFO  impl.RoleInfo (RoleInfo.java:shutdownFollowerState(121)) - bf55b3f9-6b09-4365-9d71-55289e083fa5: shutdown FollowerState
2019-10-16 18:00:42,290 [Thread-707] INFO  impl.RaftServerImpl (RaftServerImpl.java:setRole(184)) - bf55b3f9-6b09-4365-9d71-55289e083fa5@group-EFD1D20A002C: changes role from  FOLLOWER to CANDIDATE at term 111 for changeToCandidate
2019-10-16 18:00:42,290 [Thread-707] INFO  impl.RoleInfo (RoleInfo.java:updateAndGet(143)) - bf55b3f9-6b09-4365-9d71-55289e083fa5: start LeaderElection
2019-10-16 18:00:42,308 [bf55b3f9-6b09-4365-9d71-55289e083fa5@group-EFD1D20A002C-LeaderElection98] INFO  impl.LeaderElection (LeaderElection.java:askForVotes(178)) - bf55b3f9-6b09-4365-9d71-55289e083fa5@group-EFD1D20A002C-LeaderElection98: begin an election at term 112 for -1: [f4c54511-b161-4347-aec5-5236dc80a0d8:0.0.0.0:41238, 907b9765-214b-4864-b66a-d6e2a5789e5c:0.0.0.0:41650, bf55b3f9-6b09-4365-9d71-55289e083fa5:0.0.0.0:42441], old=null
2019-10-16 18:00:42,311 [grpc-default-executor-0] INFO  impl.RaftServerImpl (RaftServerImpl.java:setRole(184)) - 907b9765-214b-4864-b66a-d6e2a5789e5c@group-EFD1D20A002C: changes role from  FOLLOWER to FOLLOWER at term 112 for recognizeCandidate:bf55b3f9-6b09-4365-9d71-55289e083fa5
2019-10-16 18:00:42,311 [grpc-default-executor-3] INFO  impl.RaftServerImpl (RaftServerImpl.java:setRole(184)) - f4c54511-b161-4347-aec5-5236dc80a0d8@group-EFD1D20A002C: changes role from  FOLLOWER to FOLLOWER at term 112 for recognizeCandidate:bf55b3f9-6b09-4365-9d71-55289e083fa5
2019-10-16 18:00:42,311 [grpc-default-executor-0] INFO  impl.RoleInfo (RoleInfo.java:shutdownFollowerState(121)) - 907b9765-214b-4864-b66a-d6e2a5789e5c: shutdown FollowerState
2019-10-16 18:00:42,312 [grpc-default-executor-3] INFO  impl.RoleInfo (RoleInfo.java:shutdownFollowerState(121)) - f4c54511-b161-4347-aec5-5236dc80a0d8: shutdown FollowerState
2019-10-16 18:00:42,312 [grpc-default-executor-0] INFO  impl.RoleInfo (RoleInfo.java:updateAndGet(143)) - 907b9765-214b-4864-b66a-d6e2a5789e5c: start FollowerState
2019-10-16 18:00:42,312 [Thread-705] INFO  impl.FollowerState (FollowerState.java:run(117)) - f4c54511-b161-4347-aec5-5236dc80a0d8@group-EFD1D20A002C-FollowerState was interrupted: java.lang.InterruptedException: sleep interrupted
2019-10-16 18:00:42,312 [grpc-default-executor-3] INFO  impl.RoleInfo (RoleInfo.java:updateAndGet(143)) - f4c54511-b161-4347-aec5-5236dc80a0d8: start FollowerState
2019-10-16 18:00:42,312 [Thread-706] INFO  impl.FollowerState (FollowerState.java:run(117)) - 907b9765-214b-4864-b66a-d6e2a5789e5c@group-EFD1D20A002C-FollowerState was interrupted: java.lang.InterruptedException: sleep interrupted
2019-10-16 18:00:42,335 [bf55b3f9-6b09-4365-9d71-55289e083fa5@group-EFD1D20A002C-LeaderElection98] INFO  impl.LeaderElection (LeaderElection.java:logAndReturn(56)) - bf55b3f9-6b09-4365-9d71-55289e083fa5@group-EFD1D20A002C-LeaderElection98: Election REJECTED; received 2 response(s) [bf55b3f9-6b09-4365-9d71-55289e083fa5<-f4c54511-b161-4347-aec5-5236dc80a0d8#0:FAIL-t112, bf55b3f9-6b09-4365-9d71-55289e083fa5<-907b9765-214b-4864-b66a-d6e2a5789e5c#0:FAIL-t112] and 0 exception(s); bf55b3f9-6b09-4365-9d71-55289e083fa5@group-EFD1D20A002C:t112, leader=null, voted=bf55b3f9-6b09-4365-9d71-55289e083fa5, raftlog=bf55b3f9-6b09-4365-9d71-55289e083fa5@group-EFD1D20A002C-SegmentedRaftLog:OPENED:c-1,f-1,i0, conf=-1: [f4c54511-b161-4347-aec5-5236dc80a0d8:0.0.0.0:41238, 907b9765-214b-4864-b66a-d6e2a5789e5c:0.0.0.0:41650, bf55b3f9-6b09-4365-9d71-55289e083fa5:0.0.0.0:42441], old=null
2019-10-16 18:00:42,335 [bf55b3f9-6b09-4365-9d71-55289e083fa5@group-EFD1D20A002C-LeaderElection98] INFO  impl.RaftServerImpl (RaftServerImpl.java:setRole(184)) - bf55b3f9-6b09-4365-9d71-55289e083fa5@group-EFD1D20A002C: changes role from CANDIDATE to FOLLOWER at term 112 for DISCOVERED_A_NEW_TERM
2019-10-16 18:00:42,335 [bf55b3f9-6b09-4365-9d71-55289e083fa5@group-EFD1D20A002C-LeaderElection98] INFO  impl.RoleInfo (RoleInfo.java:shutdownLeaderElection(134)) - bf55b3f9-6b09-4365-9d71-55289e083fa5: shutdown LeaderElection
2019-10-16 18:00:42,335 [bf55b3f9-6b09-4365-9d71-55289e083fa5@group-EFD1D20A002C-LeaderElection98] INFO  impl.RoleInfo (RoleInfo.java:updateAndGet(143)) - bf55b3f9-6b09-4365-9d71-55289e083fa5: start FollowerState
2019-10-16 18:00:42,396 [Thread-713] INFO  impl.FollowerState (FollowerState.java:run(108)) - bf55b3f9-6b09-4365-9d71-55289e083fa5@group-EFD1D20A002C-FollowerState: change to CANDIDATE, lastRpcTime:60ms, electionTimeout:60ms
2019-10-16 18:00:42,396 [Thread-713] INFO  impl.RoleInfo (RoleInfo.java:shutdownFollowerState(121)) - bf55b3f9-6b09-4365-9d71-55289e083fa5: shutdown FollowerState
2019-10-16 18:00:42,396 [Thread-713] INFO  impl.RaftServerImpl (RaftServerImpl.java:setRole(184)) - bf55b3f9-6b09-4365-9d71-55289e083fa5@group-EFD1D20A002C: changes role from  FOLLOWER to CANDIDATE at term 112 for changeToCandidate
2019-10-16 18:00:42,396 [Thread-713] INFO  impl.RoleInfo (RoleInfo.java:updateAndGet(143)) - bf55b3f9-6b09-4365-9d71-55289e083fa5: start LeaderElection
2019-10-16 18:00:42,417 [bf55b3f9-6b09-4365-9d71-55289e083fa5@group-EFD1D20A002C-LeaderElection99] INFO  impl.LeaderElection (LeaderElection.java:askForVotes(178)) - bf55b3f9-6b09-4365-9d71-55289e083fa5@group-EFD1D20A002C-LeaderElection99: begin an election at term 113 for -1: [f4c54511-b161-4347-aec5-5236dc80a0d8:0.0.0.0:41238, 907b9765-214b-4864-b66a-d6e2a5789e5c:0.0.0.0:41650, bf55b3f9-6b09-4365-9d71-55289e083fa5:0.0.0.0:42441], old=null
2019-10-16 18:00:42,421 [grpc-default-executor-3] INFO  impl.RaftServerImpl (RaftServerImpl.java:setRole(184)) - f4c54511-b161-4347-aec5-5236dc80a0d8@group-EFD1D20A002C: changes role from  FOLLOWER to FOLLOWER at term 113 for recognizeCandidate:bf55b3f9-6b09-4365-9d71-55289e083fa5
2019-10-16 18:00:42,421 [grpc-default-executor-3] INFO  impl.RoleInfo (RoleInfo.java:shutdownFollowerState(121)) - f4c54511-b161-4347-aec5-5236dc80a0d8: shutdown FollowerState
2019-10-16 18:00:42,421 [grpc-default-executor-3] INFO  impl.RoleInfo (RoleInfo.java:updateAndGet(143)) - f4c54511-b161-4347-aec5-5236dc80a0d8: start FollowerState
2019-10-16 18:00:42,421 [Thread-712] INFO  impl.FollowerState (FollowerState.java:run(117)) - f4c54511-b161-4347-aec5-5236dc80a0d8@group-EFD1D20A002C-FollowerState was interrupted: java.lang.InterruptedException: sleep interrupted
2019-10-16 18:00:42,421 [grpc-default-executor-0] INFO  impl.RaftServerImpl (RaftServerImpl.java:setRole(184)) - 907b9765-214b-4864-b66a-d6e2a5789e5c@group-EFD1D20A002C: changes role from  FOLLOWER to FOLLOWER at term 113 for recognizeCandidate:bf55b3f9-6b09-4365-9d71-55289e083fa5
2019-10-16 18:00:42,422 [grpc-default-executor-0] INFO  impl.RoleInfo (RoleInfo.java:shutdownFollowerState(121)) - 907b9765-214b-4864-b66a-d6e2a5789e5c: shutdown FollowerState
2019-10-16 18:00:42,422 [grpc-default-executor-0] INFO  impl.RoleInfo (RoleInfo.java:updateAndGet(143)) - 907b9765-214b-4864-b66a-d6e2a5789e5c: start FollowerState
2019-10-16 18:00:42,422 [Thread-711] INFO  impl.FollowerState (FollowerState.java:run(117)) - 907b9765-214b-4864-b66a-d6e2a5789e5c@group-EFD1D20A002C-FollowerState was interrupted: java.lang.InterruptedException: sleep interrupted
2019-10-16 18:00:42,444 [bf55b3f9-6b09-4365-9d71-55289e083fa5@group-EFD1D20A002C-LeaderElection99] INFO  impl.LeaderElection (LeaderElection.java:logAndReturn(56)) - bf55b3f9-6b09-4365-9d71-55289e083fa5@group-EFD1D20A002C-LeaderElection99: Election REJECTED; received 2 response(s) [bf55b3f9-6b09-4365-9d71-55289e083fa5<-f4c54511-b161-4347-aec5-5236dc80a0d8#0:FAIL-t113, bf55b3f9-6b09-4365-9d71-55289e083fa5<-907b9765-214b-4864-b66a-d6e2a5789e5c#0:FAIL-t113] and 0 exception(s); bf55b3f9-6b09-4365-9d71-55289e083fa5@group-EFD1D20A002C:t113, leader=null, voted=bf55b3f9-6b09-4365-9d71-55289e083fa5, raftlog=bf55b3f9-6b09-4365-9d71-55289e083fa5@group-EFD1D20A002C-SegmentedRaftLog:OPENED:c-1,f-1,i0, conf=-1: [f4c54511-b161-4347-aec5-5236dc80a0d8:0.0.0.0:41238, 907b9765-214b-4864-b66a-d6e2a5789e5c:0.0.0.0:41650, bf55b3f9-6b09-4365-9d71-55289e083fa5:0.0.0.0:42441], old=null
2019-10-16 18:00:42,444 [bf55b3f9-6b09-4365-9d71-55289e083fa5@group-EFD1D20A002C-LeaderElection99] INFO  impl.RaftServerImpl (RaftServerImpl.java:setRole(184)) - bf55b3f9-6b09-4365-9d71-55289e083fa5@group-EFD1D20A002C: changes role from CANDIDATE to FOLLOWER at term 113 for DISCOVERED_A_NEW_TERM
2019-10-16 18:00:42,445 [bf55b3f9-6b09-4365-9d71-55289e083fa5@group-EFD1D20A002C-LeaderElection99] INFO  impl.RoleInfo (RoleInfo.java:shutdownLeaderElection(134)) - bf55b3f9-6b09-4365-9d71-55289e083fa5: shutdown LeaderElection
2019-10-16 18:00:42,445 [bf55b3f9-6b09-4365-9d71-55289e083fa5@group-EFD1D20A002C-LeaderElection99] INFO  impl.RoleInfo (RoleInfo.java:updateAndGet(143)) - bf55b3f9-6b09-4365-9d71-55289e083fa5: start FollowerState
2019-10-16 18:00:42,445 [Thread-719] INFO  impl.FollowerState (FollowerState.java:run(108)) - bf55b3f9-6b09-4365-9d71-55289e083fa5@group-EFD1D20A002C-FollowerState: change to CANDIDATE, lastRpcTime:0ms, electionTimeout:0ms
2019-10-16 18:00:42,445 [Thread-719] INFO  impl.RoleInfo (RoleInfo.java:shutdownFollowerState(121)) - bf55b3f9-6b09-4365-9d71-55289e083fa5: shutdown FollowerState
2019-10-16 18:00:42,445 [Thread-719] INFO  impl.RaftServerImpl (RaftServerImpl.java:setRole(184)) - bf55b3f9-6b09-4365-9d71-55289e083fa5@group-EFD1D20A002C: changes role from  FOLLOWER to CANDIDATE at term 113 for changeToCandidate
2019-10-16 18:00:42,446 [Thread-719] INFO  impl.RoleInfo (RoleInfo.java:updateAndGet(143)) - bf55b3f9-6b09-4365-9d71-55289e083fa5: start LeaderElection
2019-10-16 18:00:42,468 [bf55b3f9-6b09-4365-9d71-55289e083fa5@group-EFD1D20A002C-LeaderElection100] INFO  impl.LeaderElection (LeaderElection.java:askForVotes(178)) - bf55b3f9-6b09-4365-9d71-55289e083fa5@group-EFD1D20A002C-LeaderElection100: begin an election at term 114 for -1: [f4c54511-b161-4347-aec5-5236dc80a0d8:0.0.0.0:41238, 907b9765-214b-4864-b66a-d6e2a5789e5c:0.0.0.0:41650, bf55b3f9-6b09-4365-9d71-55289e083fa5:0.0.0.0:42441], old=null
2019-10-16 18:00:42,471 [grpc-default-executor-0] INFO  impl.RaftServerImpl (RaftServerImpl.java:setRole(184)) - f4c54511-b161-4347-aec5-5236dc80a0d8@group-EFD1D20A002C: changes role from  FOLLOWER to FOLLOWER at term 114 for recognizeCandidate:bf55b3f9-6b09-4365-9d71-55289e083fa5
2019-10-16 18:00:42,471 [grpc-default-executor-3] INFO  impl.RaftServerImpl (RaftServerImpl.java:setRole(184)) - 907b9765-214b-4864-b66a-d6e2a5789e5c@group-EFD1D20A002C: changes role from  FOLLOWER to FOLLOWER at term 114 for recognizeCandidate:bf55b3f9-6b09-4365-9d71-55289e083fa5
2019-10-16 18:00:42,472 [grpc-default-executor-0] INFO  impl.RoleInfo (RoleInfo.java:shutdownFollowerState(121)) - f4c54511-b161-4347-aec5-5236dc80a0d8: shutdown FollowerState
2019-10-16 18:00:42,472 [grpc-default-executor-3] INFO  impl.RoleInfo (RoleInfo.java:shutdownFollowerState(121)) - 907b9765-214b-4864-b66a-d6e2a5789e5c: shutdown FollowerState
2019-10-16 18:00:42,472 [Thread-717] INFO  impl.FollowerState (FollowerState.java:run(117)) - f4c54511-b161-4347-aec5-5236dc80a0d8@group-EFD1D20A002C-FollowerState was interrupted: java.lang.InterruptedException: sleep interrupted
2019-10-16 18:00:42,472 [grpc-default-executor-0] INFO  impl.RoleInfo (RoleInfo.java:updateAndGet(143)) - f4c54511-b161-4347-aec5-5236dc80a0d8: start FollowerState
2019-10-16 18:00:42,472 [Thread-718] INFO  impl.FollowerState (FollowerState.java:run(117)) - 907b9765-214b-4864-b66a-d6e2a5789e5c@group-EFD1D20A002C-FollowerState was interrupted: java.lang.InterruptedException: sleep interrupted
2019-10-16 18:00:42,472 [grpc-default-executor-3] INFO  impl.RoleInfo (RoleInfo.java:updateAndGet(143)) - 907b9765-214b-4864-b66a-d6e2a5789e5c: start FollowerState
2019-10-16 18:00:42,495 [bf55b3f9-6b09-4365-9d71-55289e083fa5@group-EFD1D20A002C-LeaderElection100] INFO  impl.LeaderElection (LeaderElection.java:logAndReturn(56)) - bf55b3f9-6b09-4365-9d71-55289e083fa5@group-EFD1D20A002C-LeaderElection100: Election REJECTED; received 2 response(s) [bf55b3f9-6b09-4365-9d71-55289e083fa5<-f4c54511-b161-4347-aec5-5236dc80a0d8#0:FAIL-t114, bf55b3f9-6b09-4365-9d71-55289e083fa5<-907b9765-214b-4864-b66a-d6e2a5789e5c#0:FAIL-t114] and 0 exception(s); bf55b3f9-6b09-4365-9d71-55289e083fa5@group-EFD1D20A002C:t114, leader=null, voted=bf55b3f9-6b09-4365-9d71-55289e083fa5, raftlog=bf55b3f9-6b09-4365-9d71-55289e083fa5@group-EFD1D20A002C-SegmentedRaftLog:OPENED:c-1,f-1,i0, conf=-1: [f4c54511-b161-4347-aec5-5236dc80a0d8:0.0.0.0:41238, 907b9765-214b-4864-b66a-d6e2a5789e5c:0.0.0.0:41650, bf55b3f9-6b09-4365-9d71-55289e083fa5:0.0.0.0:42441], old=null
2019-10-16 18:00:42,495 [bf55b3f9-6b09-4365-9d71-55289e083fa5@group-EFD1D20A002C-LeaderElection100] INFO  impl.RaftServerImpl (RaftServerImpl.java:setRole(184)) - bf55b3f9-6b09-4365-9d71-55289e083fa5@group-EFD1D20A002C: changes role from CANDIDATE to FOLLOWER at term 114 for DISCOVERED_A_NEW_TERM
2019-10-16 18:00:42,495 [bf55b3f9-6b09-4365-9d71-55289e083fa5@group-EFD1D20A002C-LeaderElection100] INFO  impl.RoleInfo (RoleInfo.java:shutdownLeaderElection(134)) - bf55b3f9-6b09-4365-9d71-55289e083fa5: shutdown LeaderElection
2019-10-16 18:00:42,496 [bf55b3f9-6b09-4365-9d71-55289e083fa5@group-EFD1D20A002C-LeaderElection100] INFO  impl.RoleInfo (RoleInfo.java:updateAndGet(143)) - bf55b3f9-6b09-4365-9d71-55289e083fa5: start FollowerState
2019-10-16 18:00:42,564 [Thread-725] INFO  impl.FollowerState (FollowerState.java:run(108)) - bf55b3f9-6b09-4365-9d71-55289e083fa5@group-EFD1D20A002C-FollowerState: change to CANDIDATE, lastRpcTime:68ms, electionTimeout:68ms
2019-10-16 18:00:42,564 [Thread-725] INFO  impl.RoleInfo (RoleInfo.java:shutdownFollowerState(121)) - bf55b3f9-6b09-4365-9d71-55289e083fa5: shutdown FollowerState
2019-10-16 18:00:42,564 [Thread-725] INFO  impl.RaftServerImpl (RaftServerImpl.java:setRole(184)) - bf55b3f9-6b09-4365-9d71-55289e083fa5@group-EFD1D20A002C: changes role from  FOLLOWER to CANDIDATE at term 114 for changeToCandidate
2019-10-16 18:00:42,564 [Thread-725] INFO  impl.RoleInfo (RoleInfo.java:updateAndGet(143)) - bf55b3f9-6b09-4365-9d71-55289e083fa5: start LeaderElection
2019-10-16 18:00:42,594 [bf55b3f9-6b09-4365-9d71-55289e083fa5@group-EFD1D20A002C-LeaderElection101] INFO  impl.LeaderElection (LeaderElection.java:askForVotes(178)) - bf55b3f9-6b09-4365-9d71-55289e083fa5@group-EFD1D20A002C-LeaderElection101: begin an election at term 115 for -1: [f4c54511-b161-4347-aec5-5236dc80a0d8:0.0.0.0:41238, 907b9765-214b-4864-b66a-d6e2a5789e5c:0.0.0.0:41650, bf55b3f9-6b09-4365-9d71-55289e083fa5:0.0.0.0:42441], old=null
2019-10-16 18:00:42,597 [grpc-default-executor-0] INFO  impl.RaftServerImpl (RaftServerImpl.java:setRole(184)) - 907b9765-214b-4864-b66a-d6e2a5789e5c@group-EFD1D20A002C: changes role from  FOLLOWER to FOLLOWER at term 115 for recognizeCandidate:bf55b3f9-6b09-4365-9d71-55289e083fa5
2019-10-16 18:00:42,598 [grpc-default-executor-0] INFO  impl.RoleInfo (RoleInfo.java:shutdownFollowerState(121)) - 907b9765-214b-4864-b66a-d6e2a5789e5c: shutdown FollowerState
2019-10-16 18:00:42,597 [grpc-default-executor-3] INFO  impl.RaftServerImpl (RaftServerImpl.java:setRole(184)) - f4c54511-b161-4347-aec5-5236dc80a0d8@group-EFD1D20A002C: changes role from  FOLLOWER to FOLLOWER at term 115 for recognizeCandidate:bf55b3f9-6b09-4365-9d71-55289e083fa5
2019-10-16 18:00:42,598 [Thread-724] INFO  impl.FollowerState (FollowerState.java:run(117)) - 907b9765-214b-4864-b66a-d6e2a5789e5c@group-EFD1D20A002C-FollowerState was interrupted: java.lang.InterruptedException: sleep interrupted
2019-10-16 18:00:42,598 [grpc-default-executor-0] INFO  impl.RoleInfo (RoleInfo.java:updateAndGet(143)) - 907b9765-214b-4864-b66a-d6e2a5789e5c: start FollowerState
2019-10-16 18:00:42,598 [grpc-default-executor-3] INFO  impl.RoleInfo (RoleInfo.java:shutdownFollowerState(121)) - f4c54511-b161-4347-aec5-5236dc80a0d8: shutdown FollowerState
2019-10-16 18:00:42,598 [grpc-default-executor-3] INFO  impl.RoleInfo (RoleInfo.java:updateAndGet(143)) - f4c54511-b161-4347-aec5-5236dc80a0d8: start FollowerState
2019-10-16 18:00:42,598 [Thread-723] INFO  impl.FollowerState (FollowerState.java:run(117)) - f4c54511-b161-4347-aec5-5236dc80a0d8@group-EFD1D20A002C-FollowerState was interrupted: java.lang.InterruptedException: sleep interrupted
2019-10-16 18:00:42,619 [bf55b3f9-6b09-4365-9d71-55289e083fa5@group-EFD1D20A002C-LeaderElection101] INFO  impl.LeaderElection (LeaderElection.java:logAndReturn(56)) - bf55b3f9-6b09-4365-9d71-55289e083fa5@group-EFD1D20A002C-LeaderElection101: Election TIMEOUT; received 0 response(s) [] and 0 exception(s); bf55b3f9-6b09-4365-9d71-55289e083fa5@group-EFD1D20A002C:t115, leader=null, voted=bf55b3f9-6b09-4365-9d71-55289e083fa5, raftlog=bf55b3f9-6b09-4365-9d71-55289e083fa5@group-EFD1D20A002C-SegmentedRaftLog:OPENED:c-1,f-1,i0, conf=-1: [f4c54511-b161-4347-aec5-5236dc80a0d8:0.0.0.0:41238, 907b9765-214b-4864-b66a-d6e2a5789e5c:0.0.0.0:41650, bf55b3f9-6b09-4365-9d71-55289e083fa5:0.0.0.0:42441], old=null
2019-10-16 18:00:42,645 [bf55b3f9-6b09-4365-9d71-55289e083fa5@group-EFD1D20A002C-LeaderElection101] INFO  impl.LeaderElection (LeaderElection.java:askForVotes(178)) - bf55b3f9-6b09-4365-9d71-55289e083fa5@group-EFD1D20A002C-LeaderElection101: begin an election at term 116 for -1: [f4c54511-b161-4347-aec5-5236dc80a0d8:0.0.0.0:41238, 907b9765-214b-4864-b66a-d6e2a5789e5c:0.0.0.0:41650, bf55b3f9-6b09-4365-9d71-55289e083fa5:0.0.0.0:42441], old=null
2019-10-16 18:00:42,648 [grpc-default-executor-0] INFO  impl.RaftServerImpl (RaftServerImpl.java:setRole(184)) - f4c54511-b161-4347-aec5-5236dc80a0d8@group-EFD1D20A002C: changes role from  FOLLOWER to FOLLOWER at term 116 for recognizeCandidate:bf55b3f9-6b09-4365-9d71-55289e083fa5
2019-10-16 18:00:42,648 [grpc-default-executor-3] INFO  impl.RaftServerImpl (RaftServerImpl.java:setRole(184)) - 907b9765-214b-4864-b66a-d6e2a5789e5c@group-EFD1D20A002C: changes role from  FOLLOWER to FOLLOWER at term 116 for recognizeCandidate:bf55b3f9-6b09-4365-9d71-55289e083fa5
2019-10-16 18:00:42,648 [grpc-default-executor-0] INFO  impl.RoleInfo (RoleInfo.java:shutdownFollowerState(121)) - f4c54511-b161-4347-aec5-5236dc80a0d8: shutdown FollowerState
2019-10-16 18:00:42,648 [grpc-default-executor-3] INFO  impl.RoleInfo (RoleInfo.java:shutdownFollowerState(121)) - 907b9765-214b-4864-b66a-d6e2a5789e5c: shutdown FollowerState
2019-10-16 18:00:42,649 [Thread-730] INFO  impl.FollowerState (FollowerState.java:run(117)) - f4c54511-b161-4347-aec5-5236dc80a0d8@group-EFD1D20A002C-FollowerState was interrupted: java.lang.InterruptedException: sleep interrupted
2019-10-16 18:00:42,649 [grpc-default-executor-0] INFO  impl.RoleInfo (RoleInfo.java:updateAndGet(143)) - f4c54511-b161-4347-aec5-5236dc80a0d8: start FollowerState
2019-10-16 18:00:42,649 [Thread-729] INFO  impl.FollowerState (FollowerState.java:run(117)) - 907b9765-214b-4864-b66a-d6e2a5789e5c@group-EFD1D20A002C-FollowerState was interrupted: java.lang.InterruptedException: sleep interrupted
2019-10-16 18:00:42,649 [grpc-default-executor-3] INFO  impl.RoleInfo (RoleInfo.java:updateAndGet(143)) - 907b9765-214b-4864-b66a-d6e2a5789e5c: start FollowerState
2019-10-16 18:00:42,664 [bf55b3f9-6b09-4365-9d71-55289e083fa5@group-EFD1D20A002C-LeaderElection101] INFO  impl.LeaderElection (LeaderElection.java:logAndReturn(56)) - bf55b3f9-6b09-4365-9d71-55289e083fa5@group-EFD1D20A002C-LeaderElection101: Election REJECTED; received 2 response(s) [bf55b3f9-6b09-4365-9d71-55289e083fa5<-f4c54511-b161-4347-aec5-5236dc80a0d8#0:FAIL-t116, bf55b3f9-6b09-4365-9d71-55289e083fa5<-907b9765-214b-4864-b66a-d6e2a5789e5c#0:FAIL-t116] and 0 exception(s); bf55b3f9-6b09-4365-9d71-55289e083fa5@group-EFD1D20A002C:t116, leader=null, voted=bf55b3f9-6b09-4365-9d71-55289e083fa5, raftlog=bf55b3f9-6b09-4365-9d71-55289e083fa5@group-EFD1D20A002C-SegmentedRaftLog:OPENED:c-1,f-1,i0, conf=-1: [f4c54511-b161-4347-aec5-5236dc80a0d8:0.0.0.0:41238, 907b9765-214b-4864-b66a-d6e2a5789e5c:0.0.0.0:41650, bf55b3f9-6b09-4365-9d71-55289e083fa5:0.0.0.0:42441], old=null
2019-10-16 18:00:42,664 [bf55b3f9-6b09-4365-9d71-55289e083fa5@group-EFD1D20A002C-LeaderElection101] INFO  impl.RaftServerImpl (RaftServerImpl.java:setRole(184)) - bf55b3f9-6b09-4365-9d71-55289e083fa5@group-EFD1D20A002C: changes role from CANDIDATE to FOLLOWER at term 116 for DISCOVERED_A_NEW_TERM
2019-10-16 18:00:42,664 [bf55b3f9-6b09-4365-9d71-55289e083fa5@group-EFD1D20A002C-LeaderElection101] INFO  impl.RoleInfo (RoleInfo.java:shutdownLeaderElection(134)) - bf55b3f9-6b09-4365-9d71-55289e083fa5: shutdown LeaderElection
2019-10-16 18:00:42,664 [bf55b3f9-6b09-4365-9d71-55289e083fa5@group-EFD1D20A002C-LeaderElection101] INFO  impl.RoleInfo (RoleInfo.java:updateAndGet(143)) - bf55b3f9-6b09-4365-9d71-55289e083fa5: start FollowerState
2019-10-16 18:00:42,760 [Thread-735] INFO  impl.FollowerState (FollowerState.java:run(108)) - bf55b3f9-6b09-4365-9d71-55289e083fa5@group-EFD1D20A002C-FollowerState: change to CANDIDATE, lastRpcTime:95ms, electionTimeout:95ms
2019-10-16 18:00:42,760 [Thread-735] INFO  impl.RoleInfo (RoleInfo.java:shutdownFollowerState(121)) - bf55b3f9-6b09-4365-9d71-55289e083fa5: shutdown FollowerState
2019-10-16 18:00:42,760 [Thread-735] INFO  impl.RaftServerImpl (RaftServerImpl.java:setRole(184)) - bf55b3f9-6b09-4365-9d71-55289e083fa5@group-EFD1D20A002C: changes role from  FOLLOWER to CANDIDATE at term 116 for changeToCandidate
2019-10-16 18:00:42,760 [Thread-735] INFO  impl.RoleInfo (RoleInfo.java:updateAndGet(143)) - bf55b3f9-6b09-4365-9d71-55289e083fa5: start LeaderElection
2019-10-16 18:00:42,772 [bf55b3f9-6b09-4365-9d71-55289e083fa5@group-EFD1D20A002C-LeaderElection102] INFO  impl.LeaderElection (LeaderElection.java:askForVotes(178)) - bf55b3f9-6b09-4365-9d71-55289e083fa5@group-EFD1D20A002C-LeaderElection102: begin an election at term 117 for -1: [f4c54511-b161-4347-aec5-5236dc80a0d8:0.0.0.0:41238, 907b9765-214b-4864-b66a-d6e2a5789e5c:0.0.0.0:41650, bf55b3f9-6b09-4365-9d71-55289e083fa5:0.0.0.0:42441], old=null
2019-10-16 18:00:42,774 [grpc-default-executor-3] INFO  impl.RaftServerImpl (RaftServerImpl.java:setRole(184)) - 907b9765-214b-4864-b66a-d6e2a5789e5c@group-EFD1D20A002C: changes role from  FOLLOWER to FOLLOWER at term 117 for recognizeCandidate:bf55b3f9-6b09-4365-9d71-55289e083fa5
2019-10-16 18:00:42,774 [grpc-default-executor-3] INFO  impl.RoleInfo (RoleInfo.java:shutdownFollowerState(121)) - 907b9765-214b-4864-b66a-d6e2a5789e5c: shutdown FollowerState
2019-10-16 18:00:42,775 [grpc-default-executor-0] INFO  impl.RaftServerImpl (RaftServerImpl.java:setRole(184)) - f4c54511-b161-4347-aec5-5236dc80a0d8@group-EFD1D20A002C: changes role from  FOLLOWER to FOLLOWER at term 117 for recognizeCandidate:bf55b3f9-6b09-4365-9d71-55289e083fa5
2019-10-16 18:00:42,775 [Thread-734] INFO  impl.FollowerState (FollowerState.java:run(117)) - 907b9765-214b-4864-b66a-d6e2a5789e5c@group-EFD1D20A002C-FollowerState was interrupted: java.lang.InterruptedException: sleep interrupted
2019-10-16 18:00:42,775 [grpc-default-executor-3] INFO  impl.RoleInfo (RoleInfo.java:updateAndGet(143)) - 907b9765-214b-4864-b66a-d6e2a5789e5c: start FollowerState
2019-10-16 18:00:42,775 [grpc-default-executor-0] INFO  impl.RoleInfo (RoleInfo.java:shutdownFollowerState(121)) - f4c54511-b161-4347-aec5-5236dc80a0d8: shutdown FollowerState
2019-10-16 18:00:42,775 [grpc-default-executor-0] INFO  impl.RoleInfo (RoleInfo.java:updateAndGet(143)) - f4c54511-b161-4347-aec5-5236dc80a0d8: start FollowerState
2019-10-16 18:00:42,775 [Thread-733] INFO  impl.FollowerState (FollowerState.java:run(117)) - f4c54511-b161-4347-aec5-5236dc80a0d8@group-EFD1D20A002C-FollowerState was interrupted: java.lang.InterruptedException: sleep interrupted
2019-10-16 18:00:42,798 [bf55b3f9-6b09-4365-9d71-55289e083fa5@group-EFD1D20A002C-LeaderElection102] INFO  impl.LeaderElection (LeaderElection.java:logAndReturn(56)) - bf55b3f9-6b09-4365-9d71-55289e083fa5@group-EFD1D20A002C-LeaderElection102: Election REJECTED; received 2 response(s) [bf55b3f9-6b09-4365-9d71-55289e083fa5<-f4c54511-b161-4347-aec5-5236dc80a0d8#0:FAIL-t117, bf55b3f9-6b09-4365-9d71-55289e083fa5<-907b9765-214b-4864-b66a-d6e2a5789e5c#0:FAIL-t117] and 0 exception(s); bf55b3f9-6b09-4365-9d71-55289e083fa5@group-EFD1D20A002C:t117, leader=null, voted=bf55b3f9-6b09-4365-9d71-55289e083fa5, raftlog=bf55b3f9-6b09-4365-9d71-55289e083fa5@group-EFD1D20A002C-SegmentedRaftLog:OPENED:c-1,f-1,i0, conf=-1: [f4c54511-b161-4347-aec5-5236dc80a0d8:0.0.0.0:41238, 907b9765-214b-4864-b66a-d6e2a5789e5c:0.0.0.0:41650, bf55b3f9-6b09-4365-9d71-55289e083fa5:0.0.0.0:42441], old=null
2019-10-16 18:00:42,799 [bf55b3f9-6b09-4365-9d71-55289e083fa5@group-EFD1D20A002C-LeaderElection102] INFO  impl.RaftServerImpl (RaftServerImpl.java:setRole(184)) - bf55b3f9-6b09-4365-9d71-55289e083fa5@group-EFD1D20A002C: changes role from CANDIDATE to FOLLOWER at term 117 for DISCOVERED_A_NEW_TERM
2019-10-16 18:00:42,799 [bf55b3f9-6b09-4365-9d71-55289e083fa5@group-EFD1D20A002C-LeaderElection102] INFO  impl.RoleInfo (RoleInfo.java:shutdownLeaderElection(134)) - bf55b3f9-6b09-4365-9d71-55289e083fa5: shutdown LeaderElection
2019-10-16 18:00:42,799 [bf55b3f9-6b09-4365-9d71-55289e083fa5@group-EFD1D20A002C-LeaderElection102] INFO  impl.RoleInfo (RoleInfo.java:updateAndGet(143)) - bf55b3f9-6b09-4365-9d71-55289e083fa5: start FollowerState
2019-10-16 18:00:42,981 [Thread-743] INFO  impl.FollowerState (FollowerState.java:run(108)) - bf55b3f9-6b09-4365-9d71-55289e083fa5@group-EFD1D20A002C-FollowerState: change to CANDIDATE, lastRpcTime:182ms, electionTimeout:182ms
2019-10-16 18:00:42,981 [Thread-743] INFO  impl.RoleInfo (RoleInfo.java:shutdownFollowerState(121)) - bf55b3f9-6b09-4365-9d71-55289e083fa5: shutdown FollowerState
2019-10-16 18:00:42,982 [Thread-743] INFO  impl.RaftServerImpl (RaftServerImpl.java:setRole(184)) - bf55b3f9-6b09-4365-9d71-55289e083fa5@group-EFD1D20A002C: changes role from  FOLLOWER to CANDIDATE at term 117 for changeToCandidate
2019-10-16 18:00:42,982 [Thread-743] INFO  impl.RoleInfo (RoleInfo.java:updateAndGet(143)) - bf55b3f9-6b09-4365-9d71-55289e083fa5: start LeaderElection
2019-10-16 18:00:43,007 [bf55b3f9-6b09-4365-9d71-55289e083fa5@group-EFD1D20A002C-LeaderElection103] INFO  impl.LeaderElection (LeaderElection.java:askForVotes(178)) - bf55b3f9-6b09-4365-9d71-55289e083fa5@group-EFD1D20A002C-LeaderElection103: begin an election at term 118 for -1: [f4c54511-b161-4347-aec5-5236dc80a0d8:0.0.0.0:41238, 907b9765-214b-4864-b66a-d6e2a5789e5c:0.0.0.0:41650, bf55b3f9-6b09-4365-9d71-55289e083fa5:0.0.0.0:42441], old=null
2019-10-16 18:00:43,010 [grpc-default-executor-3] INFO  impl.RaftServerImpl (RaftServerImpl.java:setRole(184)) - f4c54511-b161-4347-aec5-5236dc80a0d8@group-EFD1D20A002C: changes role from  FOLLOWER to FOLLOWER at term 118 for recognizeCandidate:bf55b3f9-6b09-4365-9d71-55289e083fa5
2019-10-16 18:00:43,010 [grpc-default-executor-3] INFO  impl.RoleInfo (RoleInfo.java:shutdownFollowerState(121)) - f4c54511-b161-4347-aec5-5236dc80a0d8: shutdown FollowerState
2019-10-16 18:00:43,010 [grpc-default-executor-0] INFO  impl.RaftServerImpl (RaftServerImpl.java:setRole(184)) - 907b9765-214b-4864-b66a-d6e2a5789e5c@group-EFD1D20A002C: changes role from  FOLLOWER to FOLLOWER at term 118 for recognizeCandidate:bf55b3f9-6b09-4365-9d71-55289e083fa5
2019-10-16 18:00:43,010 [Thread-742] INFO  impl.FollowerState (FollowerState.java:run(117)) - f4c54511-b161-4347-aec5-5236dc80a0d8@group-EFD1D20A002C-FollowerState was interrupted: java.lang.InterruptedException: sleep interrupted
2019-10-16 18:00:43,010 [grpc-default-executor-3] INFO  impl.RoleInfo (RoleInfo.java:updateAndGet(143)) - f4c54511-b161-4347-aec5-5236dc80a0d8: start FollowerState
2019-10-16 18:00:43,010 [grpc-default-executor-0] INFO  impl.RoleInfo (RoleInfo.java:shutdownFollowerState(121)) - 907b9765-214b-4864-b66a-d6e2a5789e5c: shutdown FollowerState
2019-10-16 18:00:43,011 [grpc-default-executor-0] INFO  impl.RoleInfo (RoleInfo.java:updateAndGet(143)) - 907b9765-214b-4864-b66a-d6e2a5789e5c: start FollowerState
2019-10-16 18:00:43,011 [Thread-741] INFO  impl.FollowerState (FollowerState.java:run(117)) - 907b9765-214b-4864-b66a-d6e2a5789e5c@group-EFD1D20A002C-FollowerState was interrupted: java.lang.InterruptedException: sleep interrupted
2019-10-16 18:00:43,026 [bf55b3f9-6b09-4365-9d71-55289e083fa5@group-EFD1D20A002C-LeaderElection103] INFO  impl.LeaderElection (LeaderElection.java:logAndReturn(56)) - bf55b3f9-6b09-4365-9d71-55289e083fa5@group-EFD1D20A002C-LeaderElection103: Election REJECTED; received 2 response(s) [bf55b3f9-6b09-4365-9d71-55289e083fa5<-f4c54511-b161-4347-aec5-5236dc80a0d8#0:FAIL-t118, bf55b3f9-6b09-4365-9d71-55289e083fa5<-907b9765-214b-4864-b66a-d6e2a5789e5c#0:FAIL-t118] and 0 exception(s); bf55b3f9-6b09-4365-9d71-55289e083fa5@group-EFD1D20A002C:t118, leader=null, voted=bf55b3f9-6b09-4365-9d71-55289e083fa5, raftlog=bf55b3f9-6b09-4365-9d71-55289e083fa5@group-EFD1D20A002C-SegmentedRaftLog:OPENED:c-1,f-1,i0, conf=-1: [f4c54511-b161-4347-aec5-5236dc80a0d8:0.0.0.0:41238, 907b9765-214b-4864-b66a-d6e2a5789e5c:0.0.0.0:41650, bf55b3f9-6b09-4365-9d71-55289e083fa5:0.0.0.0:42441], old=null
2019-10-16 18:00:43,026 [bf55b3f9-6b09-4365-9d71-55289e083fa5@group-EFD1D20A002C-LeaderElection103] INFO  impl.RaftServerImpl (RaftServerImpl.java:setRole(184)) - bf55b3f9-6b09-4365-9d71-55289e083fa5@group-EFD1D20A002C: changes role from CANDIDATE to FOLLOWER at term 118 for DISCOVERED_A_NEW_TERM
2019-10-16 18:00:43,027 [bf55b3f9-6b09-4365-9d71-55289e083fa5@group-EFD1D20A002C-LeaderElection103] INFO  impl.RoleInfo (RoleInfo.java:shutdownLeaderElection(134)) - bf55b3f9-6b09-4365-9d71-55289e083fa5: shutdown LeaderElection
2019-10-16 18:00:43,027 [bf55b3f9-6b09-4365-9d71-55289e083fa5@group-EFD1D20A002C-LeaderElection103] INFO  impl.RoleInfo (RoleInfo.java:updateAndGet(143)) - bf55b3f9-6b09-4365-9d71-55289e083fa5: start FollowerState
2019-10-16 18:00:43,201 [Thread-749] INFO  impl.FollowerState (FollowerState.java:run(108)) - bf55b3f9-6b09-4365-9d71-55289e083fa5@group-EFD1D20A002C-FollowerState: change to CANDIDATE, lastRpcTime:174ms, electionTimeout:174ms
2019-10-16 18:00:43,202 [Thread-749] INFO  impl.RoleInfo (RoleInfo.java:shutdownFollowerState(121)) - bf55b3f9-6b09-4365-9d71-55289e083fa5: shutdown FollowerState
2019-10-16 18:00:43,202 [Thread-749] INFO  impl.RaftServerImpl (RaftServerImpl.java:setRole(184)) - bf55b3f9-6b09-4365-9d71-55289e083fa5@group-EFD1D20A002C: changes role from  FOLLOWER to CANDIDATE at term 118 for changeToCandidate
2019-10-16 18:00:43,202 [Thread-749] INFO  impl.RoleInfo (RoleInfo.java:updateAndGet(143)) - bf55b3f9-6b09-4365-9d71-55289e083fa5: start LeaderElection
2019-10-16 18:00:43,218 [bf55b3f9-6b09-4365-9d71-55289e083fa5@group-EFD1D20A002C-LeaderElection104] INFO  impl.LeaderElection (LeaderElection.java:askForVotes(178)) - bf55b3f9-6b09-4365-9d71-55289e083fa5@group-EFD1D20A002C-LeaderElection104: begin an election at term 119 for -1: [f4c54511-b161-4347-aec5-5236dc80a0d8:0.0.0.0:41238, 907b9765-214b-4864-b66a-d6e2a5789e5c:0.0.0.0:41650, bf55b3f9-6b09-4365-9d71-55289e083fa5:0.0.0.0:42441], old=null
2019-10-16 18:00:43,221 [grpc-default-executor-3] INFO  impl.RaftServerImpl (RaftServerImpl.java:setRole(184)) - 907b9765-214b-4864-b66a-d6e2a5789e5c@group-EFD1D20A002C: changes role from  FOLLOWER to FOLLOWER at term 119 for recognizeCandidate:bf55b3f9-6b09-4365-9d71-55289e083fa5
2019-10-16 18:00:43,222 [grpc-default-executor-3] INFO  impl.RoleInfo (RoleInfo.java:shutdownFollowerState(121)) - 907b9765-214b-4864-b66a-d6e2a5789e5c: shutdown FollowerState
2019-10-16 18:00:43,221 [grpc-default-executor-0] INFO  impl.RaftServerImpl (RaftServerImpl.java:setRole(184)) - f4c54511-b161-4347-aec5-5236dc80a0d8@group-EFD1D20A002C: changes role from  FOLLOWER to FOLLOWER at term 119 for recognizeCandidate:bf55b3f9-6b09-4365-9d71-55289e083fa5
2019-10-16 18:00:43,222 [Thread-748] INFO  impl.FollowerState (FollowerState.java:run(117)) - 907b9765-214b-4864-b66a-d6e2a5789e5c@group-EFD1D20A002C-FollowerState was interrupted: java.lang.InterruptedException: sleep interrupted
2019-10-16 18:00:43,222 [grpc-default-executor-3] INFO  impl.RoleInfo (RoleInfo.java:updateAndGet(143)) - 907b9765-214b-4864-b66a-d6e2a5789e5c: start FollowerState
2019-10-16 18:00:43,222 [grpc-default-executor-0] INFO  impl.RoleInfo (RoleInfo.java:shutdownFollowerState(121)) - f4c54511-b161-4347-aec5-5236dc80a0d8: shutdown FollowerState
2019-10-16 18:00:43,222 [grpc-default-executor-0] INFO  impl.RoleInfo (RoleInfo.java:updateAndGet(143)) - f4c54511-b161-4347-aec5-5236dc80a0d8: start FollowerState
2019-10-16 18:00:43,222 [Thread-747] INFO  impl.FollowerState (FollowerState.java:run(117)) - f4c54511-b161-4347-aec5-5236dc80a0d8@group-EFD1D20A002C-FollowerState was interrupted: java.lang.InterruptedException: sleep interrupted
2019-10-16 18:00:43,245 [bf55b3f9-6b09-4365-9d71-55289e083fa5@group-EFD1D20A002C-LeaderElection104] INFO  impl.LeaderElection (LeaderElection.java:logAndReturn(56)) - bf55b3f9-6b09-4365-9d71-55289e083fa5@group-EFD1D20A002C-LeaderElection104: Election REJECTED; received 2 response(s) [bf55b3f9-6b09-4365-9d71-55289e083fa5<-f4c54511-b161-4347-aec5-5236dc80a0d8#0:FAIL-t119, bf55b3f9-6b09-4365-9d71-55289e083fa5<-907b9765-214b-4864-b66a-d6e2a5789e5c#0:FAIL-t119] and 0 exception(s); bf55b3f9-6b09-4365-9d71-55289e083fa5@group-EFD1D20A002C:t119, leader=null, voted=bf55b3f9-6b09-4365-9d71-55289e083fa5, raftlog=bf55b3f9-6b09-4365-9d71-55289e083fa5@group-EFD1D20A002C-SegmentedRaftLog:OPENED:c-1,f-1,i0, conf=-1: [f4c54511-b161-4347-aec5-5236dc80a0d8:0.0.0.0:41238, 907b9765-214b-4864-b66a-d6e2a5789e5c:0.0.0.0:41650, bf55b3f9-6b09-4365-9d71-55289e083fa5:0.0.0.0:42441], old=null
2019-10-16 18:00:43,245 [bf55b3f9-6b09-4365-9d71-55289e083fa5@group-EFD1D20A002C-LeaderElection104] INFO  impl.RaftServerImpl (RaftServerImpl.java:setRole(184)) - bf55b3f9-6b09-4365-9d71-55289e083fa5@group-EFD1D20A002C: changes role from CANDIDATE to FOLLOWER at term 119 for DISCOVERED_A_NEW_TERM
2019-10-16 18:00:43,245 [bf55b3f9-6b09-4365-9d71-55289e083fa5@group-EFD1D20A002C-LeaderElection104] INFO  impl.RoleInfo (RoleInfo.java:shutdownLeaderElection(134)) - bf55b3f9-6b09-4365-9d71-55289e083fa5: shutdown LeaderElection
2019-10-16 18:00:43,245 [bf55b3f9-6b09-4365-9d71-55289e083fa5@group-EFD1D20A002C-LeaderElection104] INFO  impl.RoleInfo (RoleInfo.java:updateAndGet(143)) - bf55b3f9-6b09-4365-9d71-55289e083fa5: start FollowerState
2019-10-16 18:00:43,368 [Thread-755] INFO  impl.FollowerState (FollowerState.java:run(108)) - bf55b3f9-6b09-4365-9d71-55289e083fa5@group-EFD1D20A002C-FollowerState: change to CANDIDATE, lastRpcTime:122ms, electionTimeout:122ms
2019-10-16 18:00:43,368 [Thread-755] INFO  impl.RoleInfo (RoleInfo.java:shutdownFollowerState(121)) - bf55b3f9-6b09-4365-9d71-55289e083fa5: shutdown FollowerState
2019-10-16 18:00:43,368 [Thread-755] INFO  impl.RaftServerImpl (RaftServerImpl.java:setRole(184)) - bf55b3f9-6b09-4365-9d71-55289e083fa5@group-EFD1D20A002C: changes role from  FOLLOWER to CANDIDATE at term 119 for changeToCandidate
2019-10-16 18:00:43,368 [Thread-755] INFO  impl.RoleInfo (RoleInfo.java:updateAndGet(143)) - bf55b3f9-6b09-4365-9d71-55289e083fa5: start LeaderElection
2019-10-16 18:00:43,396 [bf55b3f9-6b09-4365-9d71-55289e083fa5@group-EFD1D20A002C-LeaderElection105] INFO  impl.LeaderElection (LeaderElection.java:askForVotes(178)) - bf55b3f9-6b09-4365-9d71-55289e083fa5@group-EFD1D20A002C-LeaderElection105: begin an election at term 120 for -1: [f4c54511-b161-4347-aec5-5236dc80a0d8:0.0.0.0:41238, 907b9765-214b-4864-b66a-d6e2a5789e5c:0.0.0.0:41650, bf55b3f9-6b09-4365-9d71-55289e083fa5:0.0.0.0:42441], old=null
2019-10-16 18:00:43,398 [grpc-default-executor-0] INFO  impl.RaftServerImpl (RaftServerImpl.java:setRole(184)) - 907b9765-214b-4864-b66a-d6e2a5789e5c@group-EFD1D20A002C: changes role from  FOLLOWER to FOLLOWER at term 120 for recognizeCandidate:bf55b3f9-6b09-4365-9d71-55289e083fa5
2019-10-16 18:00:43,398 [grpc-default-executor-3] INFO  impl.RaftServerImpl (RaftServerImpl.java:setRole(184)) - f4c54511-b161-4347-aec5-5236dc80a0d8@group-EFD1D20A002C: changes role from  FOLLOWER to FOLLOWER at term 120 for recognizeCandidate:bf55b3f9-6b09-4365-9d71-55289e083fa5
2019-10-16 18:00:43,398 [grpc-default-executor-0] INFO  impl.RoleInfo (RoleInfo.java:shutdownFollowerState(121)) - 907b9765-214b-4864-b66a-d6e2a5789e5c: shutdown FollowerState
2019-10-16 18:00:43,399 [grpc-default-executor-3] INFO  impl.RoleInfo (RoleInfo.java:shutdownFollowerState(121)) - f4c54511-b161-4347-aec5-5236dc80a0d8: shutdown FollowerState
2019-10-16 18:00:43,399 [Thread-753] INFO  impl.FollowerState (FollowerState.java:run(117)) - 907b9765-214b-4864-b66a-d6e2a5789e5c@group-EFD1D20A002C-FollowerState was interrupted: java.lang.InterruptedException: sleep interrupted
2019-10-16 18:00:43,399 [grpc-default-executor-0] INFO  impl.RoleInfo (RoleInfo.java:updateAndGet(143)) - 907b9765-214b-4864-b66a-d6e2a5789e5c: start FollowerState
2019-10-16 18:00:43,399 [Thread-754] INFO  impl.FollowerState (FollowerState.java:run(117)) - f4c54511-b161-4347-aec5-5236dc80a0d8@group-EFD1D20A002C-FollowerState was interrupted: java.lang.InterruptedException: sleep interrupted
2019-10-16 18:00:43,399 [grpc-default-executor-3] INFO  impl.RoleInfo (RoleInfo.java:updateAndGet(143)) - f4c54511-b161-4347-aec5-5236dc80a0d8: start FollowerState
2019-10-16 18:00:43,415 [bf55b3f9-6b09-4365-9d71-55289e083fa5@group-EFD1D20A002C-LeaderElection105] INFO  impl.LeaderElection (LeaderElection.java:logAndReturn(56)) - bf55b3f9-6b09-4365-9d71-55289e083fa5@group-EFD1D20A002C-LeaderElection105: Election TIMEOUT; received 0 response(s) [] and 0 exception(s); bf55b3f9-6b09-4365-9d71-55289e083fa5@group-EFD1D20A002C:t120, leader=null, voted=bf55b3f9-6b09-4365-9d71-55289e083fa5, raftlog=bf55b3f9-6b09-4365-9d71-55289e083fa5@group-EFD1D20A002C-SegmentedRaftLog:OPENED:c-1,f-1,i0, conf=-1: [f4c54511-b161-4347-aec5-5236dc80a0d8:0.0.0.0:41238, 907b9765-214b-4864-b66a-d6e2a5789e5c:0.0.0.0:41650, bf55b3f9-6b09-4365-9d71-55289e083fa5:0.0.0.0:42441], old=null
2019-10-16 18:00:43,438 [bf55b3f9-6b09-4365-9d71-55289e083fa5@group-EFD1D20A002C-LeaderElection105] INFO  impl.LeaderElection (LeaderElection.java:askForVotes(178)) - bf55b3f9-6b09-4365-9d71-55289e083fa5@group-EFD1D20A002C-LeaderElection105: begin an election at term 121 for -1: [f4c54511-b161-4347-aec5-5236dc80a0d8:0.0.0.0:41238, 907b9765-214b-4864-b66a-d6e2a5789e5c:0.0.0.0:41650, bf55b3f9-6b09-4365-9d71-55289e083fa5:0.0.0.0:42441], old=null
2019-10-16 18:00:43,440 [grpc-default-executor-3] INFO  impl.RaftServerImpl (RaftServerImpl.java:setRole(184)) - f4c54511-b161-4347-aec5-5236dc80a0d8@group-EFD1D20A002C: changes role from  FOLLOWER to FOLLOWER at term 121 for recognizeCandidate:bf55b3f9-6b09-4365-9d71-55289e083fa5
2019-10-16 18:00:43,441 [grpc-default-executor-0] INFO  impl.RaftServerImpl (RaftServerImpl.java:setRole(184)) - 907b9765-214b-4864-b66a-d6e2a5789e5c@group-EFD1D20A002C: changes role from  FOLLOWER to FOLLOWER at term 121 for recognizeCandidate:bf55b3f9-6b09-4365-9d71-55289e083fa5
2019-10-16 18:00:43,441 [grpc-default-executor-3] INFO  impl.RoleInfo (RoleInfo.java:shutdownFollowerState(121)) - f4c54511-b161-4347-aec5-5236dc80a0d8: shutdown FollowerState
2019-10-16 18:00:43,441 [grpc-default-executor-0] INFO  impl.RoleInfo (RoleInfo.java:shutdownFollowerState(121)) - 907b9765-214b-4864-b66a-d6e2a5789e5c: shutdown FollowerState
2019-10-16 18:00:43,441 [grpc-default-executor-0] INFO  impl.RoleInfo (RoleInfo.java:updateAndGet(143)) - 907b9765-214b-4864-b66a-d6e2a5789e5c: start FollowerState
2019-10-16 18:00:43,441 [Thread-760] INFO  impl.FollowerState (FollowerState.java:run(117)) - f4c54511-b161-4347-aec5-5236dc80a0d8@group-EFD1D20A002C-FollowerState was interrupted: java.lang.InterruptedException: sleep interrupted
2019-10-16 18:00:43,441 [grpc-default-executor-3] INFO  impl.RoleInfo (RoleInfo.java:updateAndGet(143)) - f4c54511-b161-4347-aec5-5236dc80a0d8: start FollowerState
2019-10-16 18:00:43,441 [Thread-759] INFO  impl.FollowerState (FollowerState.java:run(117)) - 907b9765-214b-4864-b66a-d6e2a5789e5c@group-EFD1D20A002C-FollowerState was interrupted: java.lang.InterruptedException: sleep interrupted
2019-10-16 18:00:43,465 [bf55b3f9-6b09-4365-9d71-55289e083fa5@group-EFD1D20A002C-LeaderElection105] INFO  impl.LeaderElection (LeaderElection.java:logAndReturn(56)) - bf55b3f9-6b09-4365-9d71-55289e083fa5@group-EFD1D20A002C-LeaderElection105: Election REJECTED; received 2 response(s) [bf55b3f9-6b09-4365-9d71-55289e083fa5<-f4c54511-b161-4347-aec5-5236dc80a0d8#0:FAIL-t121, bf55b3f9-6b09-4365-9d71-55289e083fa5<-907b9765-214b-4864-b66a-d6e2a5789e5c#0:FAIL-t121] and 0 exception(s); bf55b3f9-6b09-4365-9d71-55289e083fa5@group-EFD1D20A002C:t121, leader=null, voted=bf55b3f9-6b09-4365-9d71-55289e083fa5, raftlog=bf55b3f9-6b09-4365-9d71-55289e083fa5@group-EFD1D20A002C-SegmentedRaftLog:OPENED:c-1,f-1,i0, conf=-1: [f4c54511-b161-4347-aec5-5236dc80a0d8:0.0.0.0:41238, 907b9765-214b-4864-b66a-d6e2a5789e5c:0.0.0.0:41650, bf55b3f9-6b09-4365-9d71-55289e083fa5:0.0.0.0:42441], old=null
2019-10-16 18:00:43,465 [bf55b3f9-6b09-4365-9d71-55289e083fa5@group-EFD1D20A002C-LeaderElection105] INFO  impl.RaftServerImpl (RaftServerImpl.java:setRole(184)) - bf55b3f9-6b09-4365-9d71-55289e083fa5@group-EFD1D20A002C: changes role from CANDIDATE to FOLLOWER at term 121 for DISCOVERED_A_NEW_TERM
2019-10-16 18:00:43,465 [bf55b3f9-6b09-4365-9d71-55289e083fa5@group-EFD1D20A002C-LeaderElection105] INFO  impl.RoleInfo (RoleInfo.java:shutdownLeaderElection(134)) - bf55b3f9-6b09-4365-9d71-55289e083fa5: shutdown LeaderElection
2019-10-16 18:00:43,465 [bf55b3f9-6b09-4365-9d71-55289e083fa5@group-EFD1D20A002C-LeaderElection105] INFO  impl.RoleInfo (RoleInfo.java:updateAndGet(143)) - bf55b3f9-6b09-4365-9d71-55289e083fa5: start FollowerState
2019-10-16 18:00:43,534 [Thread-765] INFO  impl.FollowerState (FollowerState.java:run(108)) - bf55b3f9-6b09-4365-9d71-55289e083fa5@group-EFD1D20A002C-FollowerState: change to CANDIDATE, lastRpcTime:68ms, electionTimeout:68ms
2019-10-16 18:00:43,534 [Thread-765] INFO  impl.RoleInfo (RoleInfo.java:shutdownFollowerState(121)) - bf55b3f9-6b09-4365-9d71-55289e083fa5: shutdown FollowerState
2019-10-16 18:00:43,534 [Thread-765] INFO  impl.RaftServerImpl (RaftServerImpl.java:setRole(184)) - bf55b3f9-6b09-4365-9d71-55289e083fa5@group-EFD1D20A002C: changes role from  FOLLOWER to CANDIDATE at term 121 for changeToCandidate
2019-10-16 18:00:43,534 [Thread-765] INFO  impl.RoleInfo (RoleInfo.java:updateAndGet(143)) - bf55b3f9-6b09-4365-9d71-55289e083fa5: start LeaderElection
2019-10-16 18:00:43,556 [bf55b3f9-6b09-4365-9d71-55289e083fa5@group-EFD1D20A002C-LeaderElection106] INFO  impl.LeaderElection (LeaderElection.java:askForVotes(178)) - bf55b3f9-6b09-4365-9d71-55289e083fa5@group-EFD1D20A002C-LeaderElection106: begin an election at term 122 for -1: [f4c54511-b161-4347-aec5-5236dc80a0d8:0.0.0.0:41238, 907b9765-214b-4864-b66a-d6e2a5789e5c:0.0.0.0:41650, bf55b3f9-6b09-4365-9d71-55289e083fa5:0.0.0.0:42441], old=null
2019-10-16 18:00:43,559 [grpc-default-executor-3] INFO  impl.RaftServerImpl (RaftServerImpl.java:setRole(184)) - f4c54511-b161-4347-aec5-5236dc80a0d8@group-EFD1D20A002C: changes role from  FOLLOWER to FOLLOWER at term 122 for recognizeCandidate:bf55b3f9-6b09-4365-9d71-55289e083fa5
2019-10-16 18:00:43,559 [grpc-default-executor-3] INFO  impl.RoleInfo (RoleInfo.java:shutdownFollowerState(121)) - f4c54511-b161-4347-aec5-5236dc80a0d8: shutdown FollowerState
2019-10-16 18:00:43,559 [grpc-default-executor-0] INFO  impl.RaftServerImpl (RaftServerImpl.java:setRole(184)) - 907b9765-214b-4864-b66a-d6e2a5789e5c@group-EFD1D20A002C: changes role from  FOLLOWER to FOLLOWER at term 122 for recognizeCandidate:bf55b3f9-6b09-4365-9d71-55289e083fa5
2019-10-16 18:00:43,559 [Thread-763] INFO  impl.FollowerState (FollowerState.java:run(117)) - f4c54511-b161-4347-aec5-5236dc80a0d8@group-EFD1D20A002C-FollowerState was interrupted: java.lang.InterruptedException: sleep interrupted
2019-10-16 18:00:43,559 [grpc-default-executor-3] INFO  impl.RoleInfo (RoleInfo.java:updateAndGet(143)) - f4c54511-b161-4347-aec5-5236dc80a0d8: start FollowerState
2019-10-16 18:00:43,559 [grpc-default-executor-0] INFO  impl.RoleInfo (RoleInfo.java:shutdownFollowerState(121)) - 907b9765-214b-4864-b66a-d6e2a5789e5c: shutdown FollowerState
2019-10-16 18:00:43,560 [grpc-default-executor-0] INFO  impl.RoleInfo (RoleInfo.java:updateAndGet(143)) - 907b9765-214b-4864-b66a-d6e2a5789e5c: start FollowerState
2019-10-16 18:00:43,560 [Thread-764] INFO  impl.FollowerState (FollowerState.java:run(117)) - 907b9765-214b-4864-b66a-d6e2a5789e5c@group-EFD1D20A002C-FollowerState was interrupted: java.lang.InterruptedException: sleep interrupted
2019-10-16 18:00:43,583 [bf55b3f9-6b09-4365-9d71-55289e083fa5@group-EFD1D20A002C-LeaderElection106] INFO  impl.LeaderElection (LeaderElection.java:logAndReturn(56)) - bf55b3f9-6b09-4365-9d71-55289e083fa5@group-EFD1D20A002C-LeaderElection106: Election REJECTED; received 2 response(s) [bf55b3f9-6b09-4365-9d71-55289e083fa5<-f4c54511-b161-4347-aec5-5236dc80a0d8#0:FAIL-t122, bf55b3f9-6b09-4365-9d71-55289e083fa5<-907b9765-214b-4864-b66a-d6e2a5789e5c#0:FAIL-t122] and 0 exception(s); bf55b3f9-6b09-4365-9d71-55289e083fa5@group-EFD1D20A002C:t122, leader=null, voted=bf55b3f9-6b09-4365-9d71-55289e083fa5, raftlog=bf55b3f9-6b09-4365-9d71-55289e083fa5@group-EFD1D20A002C-SegmentedRaftLog:OPENED:c-1,f-1,i0, conf=-1: [f4c54511-b161-4347-aec5-5236dc80a0d8:0.0.0.0:41238, 907b9765-214b-4864-b66a-d6e2a5789e5c:0.0.0.0:41650, bf55b3f9-6b09-4365-9d71-55289e083fa5:0.0.0.0:42441], old=null
2019-10-16 18:00:43,583 [bf55b3f9-6b09-4365-9d71-55289e083fa5@group-EFD1D20A002C-LeaderElection106] INFO  impl.RaftServerImpl (RaftServerImpl.java:setRole(184)) - bf55b3f9-6b09-4365-9d71-55289e083fa5@group-EFD1D20A002C: changes role from CANDIDATE to FOLLOWER at term 122 for DISCOVERED_A_NEW_TERM
2019-10-16 18:00:43,583 [bf55b3f9-6b09-4365-9d71-55289e083fa5@group-EFD1D20A002C-LeaderElection106] INFO  impl.RoleInfo (RoleInfo.java:shutdownLeaderElection(134)) - bf55b3f9-6b09-4365-9d71-55289e083fa5: shutdown LeaderElection
2019-10-16 18:00:43,583 [bf55b3f9-6b09-4365-9d71-55289e083fa5@group-EFD1D20A002C-LeaderElection106] INFO  impl.RoleInfo (RoleInfo.java:updateAndGet(143)) - bf55b3f9-6b09-4365-9d71-55289e083fa5: start FollowerState
2019-10-16 18:00:43,666 [Thread-771] INFO  impl.FollowerState (FollowerState.java:run(108)) - bf55b3f9-6b09-4365-9d71-55289e083fa5@group-EFD1D20A002C-FollowerState: change to CANDIDATE, lastRpcTime:82ms, electionTimeout:82ms
2019-10-16 18:00:43,666 [Thread-771] INFO  impl.RoleInfo (RoleInfo.java:shutdownFollowerState(121)) - bf55b3f9-6b09-4365-9d71-55289e083fa5: shutdown FollowerState
2019-10-16 18:00:43,666 [Thread-771] INFO  impl.RaftServerImpl (RaftServerImpl.java:setRole(184)) - bf55b3f9-6b09-4365-9d71-55289e083fa5@group-EFD1D20A002C: changes role from  FOLLOWER to CANDIDATE at term 122 for changeToCandidate
2019-10-16 18:00:43,666 [Thread-771] INFO  impl.RoleInfo (RoleInfo.java:updateAndGet(143)) - bf55b3f9-6b09-4365-9d71-55289e083fa5: start LeaderElection
2019-10-16 18:00:43,691 [bf55b3f9-6b09-4365-9d71-55289e083fa5@group-EFD1D20A002C-LeaderElection107] INFO  impl.LeaderElection (LeaderElection.java:askForVotes(178)) - bf55b3f9-6b09-4365-9d71-55289e083fa5@group-EFD1D20A002C-LeaderElection107: begin an election at term 123 for -1: [f4c54511-b161-4347-aec5-5236dc80a0d8:0.0.0.0:41238, 907b9765-214b-4864-b66a-d6e2a5789e5c:0.0.0.0:41650, bf55b3f9-6b09-4365-9d71-55289e083fa5:0.0.0.0:42441], old=null
2019-10-16 18:00:43,699 [grpc-default-executor-3] INFO  impl.RaftServerImpl (RaftServerImpl.java:setRole(184)) - 907b9765-214b-4864-b66a-d6e2a5789e5c@group-EFD1D20A002C: changes role from  FOLLOWER to FOLLOWER at term 123 for recognizeCandidate:bf55b3f9-6b09-4365-9d71-55289e083fa5
2019-10-16 18:00:43,699 [grpc-default-executor-1] INFO  impl.RaftServerImpl (RaftServerImpl.java:setRole(184)) - f4c54511-b161-4347-aec5-5236dc80a0d8@group-EFD1D20A002C: changes role from  FOLLOWER to FOLLOWER at term 123 for recognizeCandidate:bf55b3f9-6b09-4365-9d71-55289e083fa5
2019-10-16 18:00:43,700 [grpc-default-executor-3] INFO  impl.RoleInfo (RoleInfo.java:shutdownFollowerState(121)) - 907b9765-214b-4864-b66a-d6e2a5789e5c: shutdown FollowerState
2019-10-16 18:00:43,700 [grpc-default-executor-1] INFO  impl.RoleInfo (RoleInfo.java:shutdownFollowerState(121)) - f4c54511-b161-4347-aec5-5236dc80a0d8: shutdown FollowerState
2019-10-16 18:00:43,701 [Thread-770] INFO  impl.FollowerState (FollowerState.java:run(117)) - 907b9765-214b-4864-b66a-d6e2a5789e5c@group-EFD1D20A002C-FollowerState was interrupted: java.lang.InterruptedException: sleep interrupted
2019-10-16 18:00:43,700 [grpc-default-executor-3] INFO  impl.RoleInfo (RoleInfo.java:updateAndGet(143)) - 907b9765-214b-4864-b66a-d6e2a5789e5c: start FollowerState
2019-10-16 18:00:43,701 [Thread-769] INFO  impl.FollowerState (FollowerState.java:run(117)) - f4c54511-b161-4347-aec5-5236dc80a0d8@group-EFD1D20A002C-FollowerState was interrupted: java.lang.InterruptedException: sleep interrupted
2019-10-16 18:00:43,701 [grpc-default-executor-1] INFO  impl.RoleInfo (RoleInfo.java:updateAndGet(143)) - f4c54511-b161-4347-aec5-5236dc80a0d8: start FollowerState
2019-10-16 18:00:43,726 [bf55b3f9-6b09-4365-9d71-55289e083fa5@group-EFD1D20A002C-LeaderElection107] INFO  impl.LeaderElection (LeaderElection.java:logAndReturn(56)) - bf55b3f9-6b09-4365-9d71-55289e083fa5@group-EFD1D20A002C-LeaderElection107: Election REJECTED; received 2 response(s) [bf55b3f9-6b09-4365-9d71-55289e083fa5<-f4c54511-b161-4347-aec5-5236dc80a0d8#0:FAIL-t123, bf55b3f9-6b09-4365-9d71-55289e083fa5<-907b9765-214b-4864-b66a-d6e2a5789e5c#0:FAIL-t123] and 0 exception(s); bf55b3f9-6b09-4365-9d71-55289e083fa5@group-EFD1D20A002C:t123, leader=null, voted=bf55b3f9-6b09-4365-9d71-55289e083fa5, raftlog=bf55b3f9-6b09-4365-9d71-55289e083fa5@group-EFD1D20A002C-SegmentedRaftLog:OPENED:c-1,f-1,i0, conf=-1: [f4c54511-b161-4347-aec5-5236dc80a0d8:0.0.0.0:41238, 907b9765-214b-4864-b66a-d6e2a5789e5c:0.0.0.0:41650, bf55b3f9-6b09-4365-9d71-55289e083fa5:0.0.0.0:42441], old=null
2019-10-16 18:00:43,726 [bf55b3f9-6b09-4365-9d71-55289e083fa5@group-EFD1D20A002C-LeaderElection107] INFO  impl.RaftServerImpl (RaftServerImpl.java:setRole(184)) - bf55b3f9-6b09-4365-9d71-55289e083fa5@group-EFD1D20A002C: changes role from CANDIDATE to FOLLOWER at term 123 for DISCOVERED_A_NEW_TERM
2019-10-16 18:00:43,726 [bf55b3f9-6b09-4365-9d71-55289e083fa5@group-EFD1D20A002C-LeaderElection107] INFO  impl.RoleInfo (RoleInfo.java:shutdownLeaderElection(134)) - bf55b3f9-6b09-4365-9d71-55289e083fa5: shutdown LeaderElection
2019-10-16 18:00:43,726 [bf55b3f9-6b09-4365-9d71-55289e083fa5@group-EFD1D20A002C-LeaderElection107] INFO  impl.RoleInfo (RoleInfo.java:updateAndGet(143)) - bf55b3f9-6b09-4365-9d71-55289e083fa5: start FollowerState
2019-10-16 18:00:43,848 [Thread-779] INFO  impl.FollowerState (FollowerState.java:run(108)) - bf55b3f9-6b09-4365-9d71-55289e083fa5@group-EFD1D20A002C-FollowerState: change to CANDIDATE, lastRpcTime:121ms, electionTimeout:121ms
2019-10-16 18:00:43,848 [Thread-779] INFO  impl.RoleInfo (RoleInfo.java:shutdownFollowerState(121)) - bf55b3f9-6b09-4365-9d71-55289e083fa5: shutdown FollowerState
2019-10-16 18:00:43,848 [Thread-779] INFO  impl.RaftServerImpl (RaftServerImpl.java:setRole(184)) - bf55b3f9-6b09-4365-9d71-55289e083fa5@group-EFD1D20A002C: changes role from  FOLLOWER to CANDIDATE at term 123 for changeToCandidate
2019-10-16 18:00:43,848 [Thread-779] INFO  impl.RoleInfo (RoleInfo.java:updateAndGet(143)) - bf55b3f9-6b09-4365-9d71-55289e083fa5: start LeaderElection
2019-10-16 18:00:43,877 [bf55b3f9-6b09-4365-9d71-55289e083fa5@group-EFD1D20A002C-LeaderElection108] INFO  impl.LeaderElection (LeaderElection.java:askForVotes(178)) - bf55b3f9-6b09-4365-9d71-55289e083fa5@group-EFD1D20A002C-LeaderElection108: begin an election at term 124 for -1: [f4c54511-b161-4347-aec5-5236dc80a0d8:0.0.0.0:41238, 907b9765-214b-4864-b66a-d6e2a5789e5c:0.0.0.0:41650, bf55b3f9-6b09-4365-9d71-55289e083fa5:0.0.0.0:42441], old=null
2019-10-16 18:00:43,880 [grpc-default-executor-1] INFO  impl.RaftServerImpl (RaftServerImpl.java:setRole(184)) - f4c54511-b161-4347-aec5-5236dc80a0d8@group-EFD1D20A002C: changes role from  FOLLOWER to FOLLOWER at term 124 for recognizeCandidate:bf55b3f9-6b09-4365-9d71-55289e083fa5
2019-10-16 18:00:43,880 [grpc-default-executor-3] INFO  impl.RaftServerImpl (RaftServerImpl.java:setRole(184)) - 907b9765-214b-4864-b66a-d6e2a5789e5c@group-EFD1D20A002C: changes role from  FOLLOWER to FOLLOWER at term 124 for recognizeCandidate:bf55b3f9-6b09-4365-9d71-55289e083fa5
2019-10-16 18:00:43,880 [grpc-default-executor-1] INFO  impl.RoleInfo (RoleInfo.java:shutdownFollowerState(121)) - f4c54511-b161-4347-aec5-5236dc80a0d8: shutdown FollowerState
2019-10-16 18:00:43,881 [grpc-default-executor-3] INFO  impl.RoleInfo (RoleInfo.java:shutdownFollowerState(121)) - 907b9765-214b-4864-b66a-d6e2a5789e5c: shutdown FollowerState
2019-10-16 18:00:43,881 [Thread-778] INFO  impl.FollowerState (FollowerState.java:run(117)) - f4c54511-b161-4347-aec5-5236dc80a0d8@group-EFD1D20A002C-FollowerState was interrupted: java.lang.InterruptedException: sleep interrupted
2019-10-16 18:00:43,881 [Thread-777] INFO  impl.FollowerState (FollowerState.java:run(117)) - 907b9765-214b-4864-b66a-d6e2a5789e5c@group-EFD1D20A002C-FollowerState was interrupted: java.lang.InterruptedException: sleep interrupted
2019-10-16 18:00:43,881 [grpc-default-executor-1] INFO  impl.RoleInfo (RoleInfo.java:updateAndGet(143)) - f4c54511-b161-4347-aec5-5236dc80a0d8: start FollowerState
2019-10-16 18:00:43,881 [grpc-default-executor-3] INFO  impl.RoleInfo (RoleInfo.java:updateAndGet(143)) - 907b9765-214b-4864-b66a-d6e2a5789e5c: start FollowerState
2019-10-16 18:00:43,893 [bf55b3f9-6b09-4365-9d71-55289e083fa5@group-EFD1D20A002C-LeaderElection108] INFO  impl.LeaderElection (LeaderElection.java:logAndReturn(56)) - bf55b3f9-6b09-4365-9d71-55289e083fa5@group-EFD1D20A002C-LeaderElection108: Election TIMEOUT; received 0 response(s) [] and 0 exception(s); bf55b3f9-6b09-4365-9d71-55289e083fa5@group-EFD1D20A002C:t124, leader=null, voted=bf55b3f9-6b09-4365-9d71-55289e083fa5, raftlog=bf55b3f9-6b09-4365-9d71-55289e083fa5@group-EFD1D20A002C-SegmentedRaftLog:OPENED:c-1,f-1,i0, conf=-1: [f4c54511-b161-4347-aec5-5236dc80a0d8:0.0.0.0:41238, 907b9765-214b-4864-b66a-d6e2a5789e5c:0.0.0.0:41650, bf55b3f9-6b09-4365-9d71-55289e083fa5:0.0.0.0:42441], old=null
2019-10-16 18:00:43,928 [bf55b3f9-6b09-4365-9d71-55289e083fa5@group-EFD1D20A002C-LeaderElection108] INFO  impl.LeaderElection (LeaderElection.java:askForVotes(178)) - bf55b3f9-6b09-4365-9d71-55289e083fa5@group-EFD1D20A002C-LeaderElection108: begin an election at term 125 for -1: [f4c54511-b161-4347-aec5-5236dc80a0d8:0.0.0.0:41238, 907b9765-214b-4864-b66a-d6e2a5789e5c:0.0.0.0:41650, bf55b3f9-6b09-4365-9d71-55289e083fa5:0.0.0.0:42441], old=null
2019-10-16 18:00:43,930 [grpc-default-executor-3] INFO  impl.RaftServerImpl (RaftServerImpl.java:setRole(184)) - f4c54511-b161-4347-aec5-5236dc80a0d8@group-EFD1D20A002C: changes role from  FOLLOWER to FOLLOWER at term 125 for recognizeCandidate:bf55b3f9-6b09-4365-9d71-55289e083fa5
2019-10-16 18:00:43,931 [grpc-default-executor-3] INFO  impl.RoleInfo (RoleInfo.java:shutdownFollowerState(121)) - f4c54511-b161-4347-aec5-5236dc80a0d8: shutdown FollowerState
2019-10-16 18:00:43,931 [grpc-default-executor-1] INFO  impl.RaftServerImpl (RaftServerImpl.java:setRole(184)) - 907b9765-214b-4864-b66a-d6e2a5789e5c@group-EFD1D20A002C: changes role from  FOLLOWER to FOLLOWER at term 125 for recognizeCandidate:bf55b3f9-6b09-4365-9d71-55289e083fa5
2019-10-16 18:00:43,931 [Thread-783] INFO  impl.FollowerState (FollowerState.java:run(117)) - f4c54511-b161-4347-aec5-5236dc80a0d8@group-EFD1D20A002C-FollowerState was interrupted: java.lang.InterruptedException: sleep interrupted
2019-10-16 18:00:43,931 [grpc-default-executor-3] INFO  impl.RoleInfo (RoleInfo.java:updateAndGet(143)) - f4c54511-b161-4347-aec5-5236dc80a0d8: start FollowerState
2019-10-16 18:00:43,931 [grpc-default-executor-1] INFO  impl.RoleInfo (RoleInfo.java:shutdownFollowerState(121)) - 907b9765-214b-4864-b66a-d6e2a5789e5c: shutdown FollowerState
2019-10-16 18:00:43,931 [grpc-default-executor-1] INFO  impl.RoleInfo (RoleInfo.java:updateAndGet(143)) - 907b9765-214b-4864-b66a-d6e2a5789e5c: start FollowerState
2019-10-16 18:00:43,931 [Thread-784] INFO  impl.FollowerState (FollowerState.java:run(117)) - 907b9765-214b-4864-b66a-d6e2a5789e5c@group-EFD1D20A002C-FollowerState was interrupted: java.lang.InterruptedException: sleep interrupted
2019-10-16 18:00:43,954 [bf55b3f9-6b09-4365-9d71-55289e083fa5@group-EFD1D20A002C-LeaderElection108] INFO  impl.LeaderElection (LeaderElection.java:logAndReturn(56)) - bf55b3f9-6b09-4365-9d71-55289e083fa5@group-EFD1D20A002C-LeaderElection108: Election REJECTED; received 2 response(s) [bf55b3f9-6b09-4365-9d71-55289e083fa5<-f4c54511-b161-4347-aec5-5236dc80a0d8#0:FAIL-t125, bf55b3f9-6b09-4365-9d71-55289e083fa5<-907b9765-214b-4864-b66a-d6e2a5789e5c#0:FAIL-t125] and 0 exception(s); bf55b3f9-6b09-4365-9d71-55289e083fa5@group-EFD1D20A002C:t125, leader=null, voted=bf55b3f9-6b09-4365-9d71-55289e083fa5, raftlog=bf55b3f9-6b09-4365-9d71-55289e083fa5@group-EFD1D20A002C-SegmentedRaftLog:OPENED:c-1,f-1,i0, conf=-1: [f4c54511-b161-4347-aec5-5236dc80a0d8:0.0.0.0:41238, 907b9765-214b-4864-b66a-d6e2a5789e5c:0.0.0.0:41650, bf55b3f9-6b09-4365-9d71-55289e083fa5:0.0.0.0:42441], old=null
2019-10-16 18:00:43,955 [bf55b3f9-6b09-4365-9d71-55289e083fa5@group-EFD1D20A002C-LeaderElection108] INFO  impl.RaftServerImpl (RaftServerImpl.java:setRole(184)) - bf55b3f9-6b09-4365-9d71-55289e083fa5@group-EFD1D20A002C: changes role from CANDIDATE to FOLLOWER at term 125 for DISCOVERED_A_NEW_TERM
2019-10-16 18:00:43,955 [bf55b3f9-6b09-4365-9d71-55289e083fa5@group-EFD1D20A002C-LeaderElection108] INFO  impl.RoleInfo (RoleInfo.java:shutdownLeaderElection(134)) - bf55b3f9-6b09-4365-9d71-55289e083fa5: shutdown LeaderElection
2019-10-16 18:00:43,955 [bf55b3f9-6b09-4365-9d71-55289e083fa5@group-EFD1D20A002C-LeaderElection108] INFO  impl.RoleInfo (RoleInfo.java:updateAndGet(143)) - bf55b3f9-6b09-4365-9d71-55289e083fa5: start FollowerState
2019-10-16 18:00:43,993 [Thread-789] INFO  impl.FollowerState (FollowerState.java:run(108)) - bf55b3f9-6b09-4365-9d71-55289e083fa5@group-EFD1D20A002C-FollowerState: change to CANDIDATE, lastRpcTime:37ms, electionTimeout:37ms
2019-10-16 18:00:43,993 [Thread-789] INFO  impl.RoleInfo (RoleInfo.java:shutdownFollowerState(121)) - bf55b3f9-6b09-4365-9d71-55289e083fa5: shutdown FollowerState
2019-10-16 18:00:43,993 [Thread-789] INFO  impl.RaftServerImpl (RaftServerImpl.java:setRole(184)) - bf55b3f9-6b09-4365-9d71-55289e083fa5@group-EFD1D20A002C: changes role from  FOLLOWER to CANDIDATE at term 125 for changeToCandidate
2019-10-16 18:00:43,993 [Thread-789] INFO  impl.RoleInfo (RoleInfo.java:updateAndGet(143)) - bf55b3f9-6b09-4365-9d71-55289e083fa5: start LeaderElection
2019-10-16 18:00:44,021 [bf55b3f9-6b09-4365-9d71-55289e083fa5@group-EFD1D20A002C-LeaderElection109] INFO  impl.LeaderElection (LeaderElection.java:askForVotes(178)) - bf55b3f9-6b09-4365-9d71-55289e083fa5@group-EFD1D20A002C-LeaderElection109: begin an election at term 126 for -1: [f4c54511-b161-4347-aec5-5236dc80a0d8:0.0.0.0:41238, 907b9765-214b-4864-b66a-d6e2a5789e5c:0.0.0.0:41650, bf55b3f9-6b09-4365-9d71-55289e083fa5:0.0.0.0:42441], old=null
2019-10-16 18:00:44,024 [grpc-default-executor-1] INFO  impl.RaftServerImpl (RaftServerImpl.java:setRole(184)) - 907b9765-214b-4864-b66a-d6e2a5789e5c@group-EFD1D20A002C: changes role from  FOLLOWER to FOLLOWER at term 126 for recognizeCandidate:bf55b3f9-6b09-4365-9d71-55289e083fa5
2019-10-16 18:00:44,024 [grpc-default-executor-1] INFO  impl.RoleInfo (RoleInfo.java:shutdownFollowerState(121)) - 907b9765-214b-4864-b66a-d6e2a5789e5c: shutdown FollowerState
2019-10-16 18:00:44,024 [grpc-default-executor-3] INFO  impl.RaftServerImpl (RaftServerImpl.java:setRole(184)) - f4c54511-b161-4347-aec5-5236dc80a0d8@group-EFD1D20A002C: changes role from  FOLLOWER to FOLLOWER at term 126 for recognizeCandidate:bf55b3f9-6b09-4365-9d71-55289e083fa5
2019-10-16 18:00:44,024 [Thread-788] INFO  impl.FollowerState (FollowerState.java:run(117)) - 907b9765-214b-4864-b66a-d6e2a5789e5c@group-EFD1D20A002C-FollowerState was interrupted: java.lang.InterruptedException: sleep interrupted
2019-10-16 18:00:44,024 [grpc-default-executor-1] INFO  impl.RoleInfo (RoleInfo.java:updateAndGet(143)) - 907b9765-214b-4864-b66a-d6e2a5789e5c: start FollowerState
2019-10-16 18:00:44,024 [grpc-default-executor-3] INFO  impl.RoleInfo (RoleInfo.java:shutdownFollowerState(121)) - f4c54511-b161-4347-aec5-5236dc80a0d8: shutdown FollowerState
2019-10-16 18:00:44,025 [grpc-default-executor-3] INFO  impl.RoleInfo (RoleInfo.java:updateAndGet(143)) - f4c54511-b161-4347-aec5-5236dc80a0d8: start FollowerState
2019-10-16 18:00:44,025 [Thread-787] INFO  impl.FollowerState (FollowerState.java:run(117)) - f4c54511-b161-4347-aec5-5236dc80a0d8@group-EFD1D20A002C-FollowerState was interrupted: java.lang.InterruptedException: sleep interrupted
2019-10-16 18:00:44,056 [bf55b3f9-6b09-4365-9d71-55289e083fa5@group-EFD1D20A002C-LeaderElection109] INFO  impl.LeaderElection (LeaderElection.java:logAndReturn(56)) - bf55b3f9-6b09-4365-9d71-55289e083fa5@group-EFD1D20A002C-LeaderElection109: Election REJECTED; received 2 response(s) [bf55b3f9-6b09-4365-9d71-55289e083fa5<-f4c54511-b161-4347-aec5-5236dc80a0d8#0:FAIL-t126, bf55b3f9-6b09-4365-9d71-55289e083fa5<-907b9765-214b-4864-b66a-d6e2a5789e5c#0:FAIL-t126] and 0 exception(s); bf55b3f9-6b09-4365-9d71-55289e083fa5@group-EFD1D20A002C:t126, leader=null, voted=bf55b3f9-6b09-4365-9d71-55289e083fa5, raftlog=bf55b3f9-6b09-4365-9d71-55289e083fa5@group-EFD1D20A002C-SegmentedRaftLog:OPENED:c-1,f-1,i0, conf=-1: [f4c54511-b161-4347-aec5-5236dc80a0d8:0.0.0.0:41238, 907b9765-214b-4864-b66a-d6e2a5789e5c:0.0.0.0:41650, bf55b3f9-6b09-4365-9d71-55289e083fa5:0.0.0.0:42441], old=null
2019-10-16 18:00:44,057 [bf55b3f9-6b09-4365-9d71-55289e083fa5@group-EFD1D20A002C-LeaderElection109] INFO  impl.RaftServerImpl (RaftServerImpl.java:setRole(184)) - bf55b3f9-6b09-4365-9d71-55289e083fa5@group-EFD1D20A002C: changes role from CANDIDATE to FOLLOWER at term 126 for DISCOVERED_A_NEW_TERM
2019-10-16 18:00:44,057 [bf55b3f9-6b09-4365-9d71-55289e083fa5@group-EFD1D20A002C-LeaderElection109] INFO  impl.RoleInfo (RoleInfo.java:shutdownLeaderElection(134)) - bf55b3f9-6b09-4365-9d71-55289e083fa5: shutdown LeaderElection
2019-10-16 18:00:44,057 [bf55b3f9-6b09-4365-9d71-55289e083fa5@group-EFD1D20A002C-LeaderElection109] INFO  impl.RoleInfo (RoleInfo.java:updateAndGet(143)) - bf55b3f9-6b09-4365-9d71-55289e083fa5: start FollowerState
2019-10-16 18:00:44,183 [Thread-795] INFO  impl.FollowerState (FollowerState.java:run(108)) - bf55b3f9-6b09-4365-9d71-55289e083fa5@group-EFD1D20A002C-FollowerState: change to CANDIDATE, lastRpcTime:125ms, electionTimeout:125ms
2019-10-16 18:00:44,183 [Thread-795] INFO  impl.RoleInfo (RoleInfo.java:shutdownFollowerState(121)) - bf55b3f9-6b09-4365-9d71-55289e083fa5: shutdown FollowerState
2019-10-16 18:00:44,183 [Thread-795] INFO  impl.RaftServerImpl (RaftServerImpl.java:setRole(184)) - bf55b3f9-6b09-4365-9d71-55289e083fa5@group-EFD1D20A002C: changes role from  FOLLOWER to CANDIDATE at term 126 for changeToCandidate
2019-10-16 18:00:44,183 [Thread-795] INFO  impl.RoleInfo (RoleInfo.java:updateAndGet(143)) - bf55b3f9-6b09-4365-9d71-55289e083fa5: start LeaderElection
2019-10-16 18:00:44,214 [bf55b3f9-6b09-4365-9d71-55289e083fa5@group-EFD1D20A002C-LeaderElection110] INFO  impl.LeaderElection (LeaderElection.java:askForVotes(178)) - bf55b3f9-6b09-4365-9d71-55289e083fa5@group-EFD1D20A002C-LeaderElection110: begin an election at term 127 for -1: [f4c54511-b161-4347-aec5-5236dc80a0d8:0.0.0.0:41238, 907b9765-214b-4864-b66a-d6e2a5789e5c:0.0.0.0:41650, bf55b3f9-6b09-4365-9d71-55289e083fa5:0.0.0.0:42441], old=null
2019-10-16 18:00:44,216 [grpc-default-executor-1] INFO  impl.RaftServerImpl (RaftServerImpl.java:setRole(184)) - 907b9765-214b-4864-b66a-d6e2a5789e5c@group-EFD1D20A002C: changes role from  FOLLOWER to FOLLOWER at term 127 for recognizeCandidate:bf55b3f9-6b09-4365-9d71-55289e083fa5
2019-10-16 18:00:44,216 [grpc-default-executor-3] INFO  impl.RaftServerImpl (RaftServerImpl.java:setRole(184)) - f4c54511-b161-4347-aec5-5236dc80a0d8@group-EFD1D20A002C: changes role from  FOLLOWER to FOLLOWER at term 127 for recognizeCandidate:bf55b3f9-6b09-4365-9d71-55289e083fa5
2019-10-16 18:00:44,216 [grpc-default-executor-1] INFO  impl.RoleInfo (RoleInfo.java:shutdownFollowerState(121)) - 907b9765-214b-4864-b66a-d6e2a5789e5c: shutdown FollowerState
2019-10-16 18:00:44,217 [grpc-default-executor-3] INFO  impl.RoleInfo (RoleInfo.java:shutdownFollowerState(121)) - f4c54511-b161-4347-aec5-5236dc80a0d8: shutdown FollowerState
2019-10-16 18:00:44,217 [Thread-793] INFO  impl.FollowerState (FollowerState.java:run(117)) - 907b9765-214b-4864-b66a-d6e2a5789e5c@group-EFD1D20A002C-FollowerState was interrupted: java.lang.InterruptedException: sleep interrupted
2019-10-16 18:00:44,217 [grpc-default-executor-1] INFO  impl.RoleInfo (RoleInfo.java:updateAndGet(143)) - 907b9765-214b-4864-b66a-d6e2a5789e5c: start FollowerState
2019-10-16 18:00:44,217 [Thread-794] INFO  impl.FollowerState (FollowerState.java:run(117)) - f4c54511-b161-4347-aec5-5236dc80a0d8@group-EFD1D20A002C-FollowerState was interrupted: java.lang.InterruptedException: sleep interrupted
2019-10-16 18:00:44,217 [grpc-default-executor-3] INFO  impl.RoleInfo (RoleInfo.java:updateAndGet(143)) - f4c54511-b161-4347-aec5-5236dc80a0d8: start FollowerState
2019-10-16 18:00:44,241 [bf55b3f9-6b09-4365-9d71-55289e083fa5@group-EFD1D20A002C-LeaderElection110] INFO  impl.LeaderElection (LeaderElection.java:logAndReturn(56)) - bf55b3f9-6b09-4365-9d71-55289e083fa5@group-EFD1D20A002C-LeaderElection110: Election REJECTED; received 2 response(s) [bf55b3f9-6b09-4365-9d71-55289e083fa5<-f4c54511-b161-4347-aec5-5236dc80a0d8#0:FAIL-t127, bf55b3f9-6b09-4365-9d71-55289e083fa5<-907b9765-214b-4864-b66a-d6e2a5789e5c#0:FAIL-t127] and 0 exception(s); bf55b3f9-6b09-4365-9d71-55289e083fa5@group-EFD1D20A002C:t127, leader=null, voted=bf55b3f9-6b09-4365-9d71-55289e083fa5, raftlog=bf55b3f9-6b09-4365-9d71-55289e083fa5@group-EFD1D20A002C-SegmentedRaftLog:OPENED:c-1,f-1,i0, conf=-1: [f4c54511-b161-4347-aec5-5236dc80a0d8:0.0.0.0:41238, 907b9765-214b-4864-b66a-d6e2a5789e5c:0.0.0.0:41650, bf55b3f9-6b09-4365-9d71-55289e083fa5:0.0.0.0:42441], old=null
2019-10-16 18:00:44,241 [bf55b3f9-6b09-4365-9d71-55289e083fa5@group-EFD1D20A002C-LeaderElection110] INFO  impl.RaftServerImpl (RaftServerImpl.java:setRole(184)) - bf55b3f9-6b09-4365-9d71-55289e083fa5@group-EFD1D20A002C: changes role from CANDIDATE to FOLLOWER at term 127 for DISCOVERED_A_NEW_TERM
2019-10-16 18:00:44,241 [bf55b3f9-6b09-4365-9d71-55289e083fa5@group-EFD1D20A002C-LeaderElection110] INFO  impl.RoleInfo (RoleInfo.java:shutdownLeaderElection(134)) - bf55b3f9-6b09-4365-9d71-55289e083fa5: shutdown LeaderElection
2019-10-16 18:00:44,242 [bf55b3f9-6b09-4365-9d71-55289e083fa5@group-EFD1D20A002C-LeaderElection110] INFO  impl.RoleInfo (RoleInfo.java:updateAndGet(143)) - bf55b3f9-6b09-4365-9d71-55289e083fa5: start FollowerState
2019-10-16 18:00:44,400 [Thread-801] INFO  impl.FollowerState (FollowerState.java:run(108)) - bf55b3f9-6b09-4365-9d71-55289e083fa5@group-EFD1D20A002C-FollowerState: change to CANDIDATE, lastRpcTime:158ms, electionTimeout:157ms
2019-10-16 18:00:44,401 [Thread-801] INFO  impl.RoleInfo (RoleInfo.java:shutdownFollowerState(121)) - bf55b3f9-6b09-4365-9d71-55289e083fa5: shutdown FollowerState
2019-10-16 18:00:44,401 [Thread-801] INFO  impl.RaftServerImpl (RaftServerImpl.java:setRole(184)) - bf55b3f9-6b09-4365-9d71-55289e083fa5@group-EFD1D20A002C: changes role from  FOLLOWER to CANDIDATE at term 127 for changeToCandidate
2019-10-16 18:00:44,401 [Thread-801] INFO  impl.RoleInfo (RoleInfo.java:updateAndGet(143)) - bf55b3f9-6b09-4365-9d71-55289e083fa5: start LeaderElection
2019-10-16 18:00:44,424 [bf55b3f9-6b09-4365-9d71-55289e083fa5@group-EFD1D20A002C-LeaderElection111] INFO  impl.LeaderElection (LeaderElection.java:askForVotes(178)) - bf55b3f9-6b09-4365-9d71-55289e083fa5@group-EFD1D20A002C-LeaderElection111: begin an election at term 128 for -1: [f4c54511-b161-4347-aec5-5236dc80a0d8:0.0.0.0:41238, 907b9765-214b-4864-b66a-d6e2a5789e5c:0.0.0.0:41650, bf55b3f9-6b09-4365-9d71-55289e083fa5:0.0.0.0:42441], old=null
2019-10-16 18:00:44,428 [grpc-default-executor-3] INFO  impl.RaftServerImpl (RaftServerImpl.java:setRole(184)) - 907b9765-214b-4864-b66a-d6e2a5789e5c@group-EFD1D20A002C: changes role from  FOLLOWER to FOLLOWER at term 128 for recognizeCandidate:bf55b3f9-6b09-4365-9d71-55289e083fa5
2019-10-16 18:00:44,428 [grpc-default-executor-1] INFO  impl.RaftServerImpl (RaftServerImpl.java:setRole(184)) - f4c54511-b161-4347-aec5-5236dc80a0d8@group-EFD1D20A002C: changes role from  FOLLOWER to FOLLOWER at term 128 for recognizeCandidate:bf55b3f9-6b09-4365-9d71-55289e083fa5
2019-10-16 18:00:44,428 [grpc-default-executor-1] INFO  impl.RoleInfo (RoleInfo.java:shutdownFollowerState(121)) - f4c54511-b161-4347-aec5-5236dc80a0d8: shutdown FollowerState
2019-10-16 18:00:44,428 [grpc-default-executor-3] INFO  impl.RoleInfo (RoleInfo.java:shutdownFollowerState(121)) - 907b9765-214b-4864-b66a-d6e2a5789e5c: shutdown FollowerState
2019-10-16 18:00:44,428 [grpc-default-executor-1] INFO  impl.RoleInfo (RoleInfo.java:updateAndGet(143)) - f4c54511-b161-4347-aec5-5236dc80a0d8: start FollowerState
2019-10-16 18:00:44,429 [Thread-799] INFO  impl.FollowerState (FollowerState.java:run(117)) - 907b9765-214b-4864-b66a-d6e2a5789e5c@group-EFD1D20A002C-FollowerState was interrupted: java.lang.InterruptedException: sleep interrupted
2019-10-16 18:00:44,429 [grpc-default-executor-3] INFO  impl.RoleInfo (RoleInfo.java:updateAndGet(143)) - 907b9765-214b-4864-b66a-d6e2a5789e5c: start FollowerState
2019-10-16 18:00:44,429 [Thread-800] INFO  impl.FollowerState (FollowerState.java:run(117)) - f4c54511-b161-4347-aec5-5236dc80a0d8@group-EFD1D20A002C-FollowerState was interrupted: java.lang.InterruptedException: sleep interrupted
2019-10-16 18:00:44,440 [bf55b3f9-6b09-4365-9d71-55289e083fa5@group-EFD1D20A002C-LeaderElection111] INFO  impl.LeaderElection (LeaderElection.java:logAndReturn(56)) - bf55b3f9-6b09-4365-9d71-55289e083fa5@group-EFD1D20A002C-LeaderElection111: Election TIMEOUT; received 0 response(s) [] and 0 exception(s); bf55b3f9-6b09-4365-9d71-55289e083fa5@group-EFD1D20A002C:t128, leader=null, voted=bf55b3f9-6b09-4365-9d71-55289e083fa5, raftlog=bf55b3f9-6b09-4365-9d71-55289e083fa5@group-EFD1D20A002C-SegmentedRaftLog:OPENED:c-1,f-1,i0, conf=-1: [f4c54511-b161-4347-aec5-5236dc80a0d8:0.0.0.0:41238, 907b9765-214b-4864-b66a-d6e2a5789e5c:0.0.0.0:41650, bf55b3f9-6b09-4365-9d71-55289e083fa5:0.0.0.0:42441], old=null
2019-10-16 18:00:44,475 [bf55b3f9-6b09-4365-9d71-55289e083fa5@group-EFD1D20A002C-LeaderElection111] INFO  impl.LeaderElection (LeaderElection.java:askForVotes(178)) - bf55b3f9-6b09-4365-9d71-55289e083fa5@group-EFD1D20A002C-LeaderElection111: begin an election at term 129 for -1: [f4c54511-b161-4347-aec5-5236dc80a0d8:0.0.0.0:41238, 907b9765-214b-4864-b66a-d6e2a5789e5c:0.0.0.0:41650, bf55b3f9-6b09-4365-9d71-55289e083fa5:0.0.0.0:42441], old=null
2019-10-16 18:00:44,477 [grpc-default-executor-3] INFO  impl.RaftServerImpl (RaftServerImpl.java:setRole(184)) - 907b9765-214b-4864-b66a-d6e2a5789e5c@group-EFD1D20A002C: changes role from  FOLLOWER to FOLLOWER at term 129 for recognizeCandidate:bf55b3f9-6b09-4365-9d71-55289e083fa5
2019-10-16 18:00:44,477 [grpc-default-executor-1] INFO  impl.RaftServerImpl (RaftServerImpl.java:setRole(184)) - f4c54511-b161-4347-aec5-5236dc80a0d8@group-EFD1D20A002C: changes role from  FOLLOWER to FOLLOWER at term 129 for recognizeCandidate:bf55b3f9-6b09-4365-9d71-55289e083fa5
2019-10-16 18:00:44,477 [grpc-default-executor-3] INFO  impl.RoleInfo (RoleInfo.java:shutdownFollowerState(121)) - 907b9765-214b-4864-b66a-d6e2a5789e5c: shutdown FollowerState
2019-10-16 18:00:44,477 [grpc-default-executor-1] INFO  impl.RoleInfo (RoleInfo.java:shutdownFollowerState(121)) - f4c54511-b161-4347-aec5-5236dc80a0d8: shutdown FollowerState
2019-10-16 18:00:44,477 [Thread-806] INFO  impl.FollowerState (FollowerState.java:run(117)) - 907b9765-214b-4864-b66a-d6e2a5789e5c@group-EFD1D20A002C-FollowerState was interrupted: java.lang.InterruptedException: sleep interrupted
2019-10-16 18:00:44,477 [grpc-default-executor-3] INFO  impl.RoleInfo (RoleInfo.java:updateAndGet(143)) - 907b9765-214b-4864-b66a-d6e2a5789e5c: start FollowerState
2019-10-16 18:00:44,477 [Thread-805] INFO  impl.FollowerState (FollowerState.java:run(117)) - f4c54511-b161-4347-aec5-5236dc80a0d8@group-EFD1D20A002C-FollowerState was interrupted: java.lang.InterruptedException: sleep interrupted
2019-10-16 18:00:44,477 [grpc-default-executor-1] INFO  impl.RoleInfo (RoleInfo.java:updateAndGet(143)) - f4c54511-b161-4347-aec5-5236dc80a0d8: start FollowerState
2019-10-16 18:00:44,501 [bf55b3f9-6b09-4365-9d71-55289e083fa5@group-EFD1D20A002C-LeaderElection111] INFO  impl.LeaderElection (LeaderElection.java:logAndReturn(56)) - bf55b3f9-6b09-4365-9d71-55289e083fa5@group-EFD1D20A002C-LeaderElection111: Election REJECTED; received 2 response(s) [bf55b3f9-6b09-4365-9d71-55289e083fa5<-f4c54511-b161-4347-aec5-5236dc80a0d8#0:FAIL-t129, bf55b3f9-6b09-4365-9d71-55289e083fa5<-907b9765-214b-4864-b66a-d6e2a5789e5c#0:FAIL-t129] and 0 exception(s); bf55b3f9-6b09-4365-9d71-55289e083fa5@group-EFD1D20A002C:t129, leader=null, voted=bf55b3f9-6b09-4365-9d71-55289e083fa5, raftlog=bf55b3f9-6b09-4365-9d71-55289e083fa5@group-EFD1D20A002C-SegmentedRaftLog:OPENED:c-1,f-1,i0, conf=-1: [f4c54511-b161-4347-aec5-5236dc80a0d8:0.0.0.0:41238, 907b9765-214b-4864-b66a-d6e2a5789e5c:0.0.0.0:41650, bf55b3f9-6b09-4365-9d71-55289e083fa5:0.0.0.0:42441], old=null
2019-10-16 18:00:44,501 [bf55b3f9-6b09-4365-9d71-55289e083fa5@group-EFD1D20A002C-LeaderElection111] INFO  impl.RaftServerImpl (RaftServerImpl.java:setRole(184)) - bf55b3f9-6b09-4365-9d71-55289e083fa5@group-EFD1D20A002C: changes role from CANDIDATE to FOLLOWER at term 129 for DISCOVERED_A_NEW_TERM
2019-10-16 18:00:44,501 [bf55b3f9-6b09-4365-9d71-55289e083fa5@group-EFD1D20A002C-LeaderElection111] INFO  impl.RoleInfo (RoleInfo.java:shutdownLeaderElection(134)) - bf55b3f9-6b09-4365-9d71-55289e083fa5: shutdown LeaderElection
2019-10-16 18:00:44,502 [bf55b3f9-6b09-4365-9d71-55289e083fa5@group-EFD1D20A002C-LeaderElection111] INFO  impl.RoleInfo (RoleInfo.java:updateAndGet(143)) - bf55b3f9-6b09-4365-9d71-55289e083fa5: start FollowerState
2019-10-16 18:00:44,589 [Thread-811] INFO  impl.FollowerState (FollowerState.java:run(108)) - bf55b3f9-6b09-4365-9d71-55289e083fa5@group-EFD1D20A002C-FollowerState: change to CANDIDATE, lastRpcTime:87ms, electionTimeout:87ms
2019-10-16 18:00:44,589 [Thread-811] INFO  impl.RoleInfo (RoleInfo.java:shutdownFollowerState(121)) - bf55b3f9-6b09-4365-9d71-55289e083fa5: shutdown FollowerState
2019-10-16 18:00:44,589 [Thread-811] INFO  impl.RaftServerImpl (RaftServerImpl.java:setRole(184)) - bf55b3f9-6b09-4365-9d71-55289e083fa5@group-EFD1D20A002C: changes role from  FOLLOWER to CANDIDATE at term 129 for changeToCandidate
2019-10-16 18:00:44,590 [Thread-811] INFO  impl.RoleInfo (RoleInfo.java:updateAndGet(143)) - bf55b3f9-6b09-4365-9d71-55289e083fa5: start LeaderElection
2019-10-16 18:00:44,619 [bf55b3f9-6b09-4365-9d71-55289e083fa5@group-EFD1D20A002C-LeaderElection112] INFO  impl.LeaderElection (LeaderElection.java:askForVotes(178)) - bf55b3f9-6b09-4365-9d71-55289e083fa5@group-EFD1D20A002C-LeaderElection112: begin an election at term 130 for -1: [f4c54511-b161-4347-aec5-5236dc80a0d8:0.0.0.0:41238, 907b9765-214b-4864-b66a-d6e2a5789e5c:0.0.0.0:41650, bf55b3f9-6b09-4365-9d71-55289e083fa5:0.0.0.0:42441], old=null
2019-10-16 18:00:44,621 [grpc-default-executor-3] INFO  impl.RaftServerImpl (RaftServerImpl.java:setRole(184)) - 907b9765-214b-4864-b66a-d6e2a5789e5c@group-EFD1D20A002C: changes role from  FOLLOWER to FOLLOWER at term 130 for recognizeCandidate:bf55b3f9-6b09-4365-9d71-55289e083fa5
2019-10-16 18:00:44,621 [grpc-default-executor-3] INFO  impl.RoleInfo (RoleInfo.java:shutdownFollowerState(121)) - 907b9765-214b-4864-b66a-d6e2a5789e5c: shutdown FollowerState
2019-10-16 18:00:44,622 [grpc-default-executor-1] INFO  impl.RaftServerImpl (RaftServerImpl.java:setRole(184)) - f4c54511-b161-4347-aec5-5236dc80a0d8@group-EFD1D20A002C: changes role from  FOLLOWER to FOLLOWER at term 130 for recognizeCandidate:bf55b3f9-6b09-4365-9d71-55289e083fa5
2019-10-16 18:00:44,622 [grpc-default-executor-1] INFO  impl.RoleInfo (RoleInfo.java:shutdownFollowerState(121)) - f4c54511-b161-4347-aec5-5236dc80a0d8: shutdown FollowerState
2019-10-16 18:00:44,622 [Thread-809] INFO  impl.FollowerState (FollowerState.java:run(117)) - 907b9765-214b-4864-b66a-d6e2a5789e5c@group-EFD1D20A002C-FollowerState was interrupted: java.lang.InterruptedException: sleep interrupted
2019-10-16 18:00:44,622 [grpc-default-executor-3] INFO  impl.RoleInfo (RoleInfo.java:updateAndGet(143)) - 907b9765-214b-4864-b66a-d6e2a5789e5c: start FollowerState
2019-10-16 18:00:44,622 [Thread-810] INFO  impl.FollowerState (FollowerState.java:run(117)) - f4c54511-b161-4347-aec5-5236dc80a0d8@group-EFD1D20A002C-FollowerState was interrupted: java.lang.InterruptedException: sleep interrupted
2019-10-16 18:00:44,622 [grpc-default-executor-1] INFO  impl.RoleInfo (RoleInfo.java:updateAndGet(143)) - f4c54511-b161-4347-aec5-5236dc80a0d8: start FollowerState
2019-10-16 18:00:44,645 [bf55b3f9-6b09-4365-9d71-55289e083fa5@group-EFD1D20A002C-LeaderElection112] INFO  impl.LeaderElection (LeaderElection.java:logAndReturn(56)) - bf55b3f9-6b09-4365-9d71-55289e083fa5@group-EFD1D20A002C-LeaderElection112: Election REJECTED; received 2 response(s) [bf55b3f9-6b09-4365-9d71-55289e083fa5<-f4c54511-b161-4347-aec5-5236dc80a0d8#0:FAIL-t130, bf55b3f9-6b09-4365-9d71-55289e083fa5<-907b9765-214b-4864-b66a-d6e2a5789e5c#0:FAIL-t130] and 0 exception(s); bf55b3f9-6b09-4365-9d71-55289e083fa5@group-EFD1D20A002C:t130, leader=null, voted=bf55b3f9-6b09-4365-9d71-55289e083fa5, raftlog=bf55b3f9-6b09-4365-9d71-55289e083fa5@group-EFD1D20A002C-SegmentedRaftLog:OPENED:c-1,f-1,i0, conf=-1: [f4c54511-b161-4347-aec5-5236dc80a0d8:0.0.0.0:41238, 907b9765-214b-4864-b66a-d6e2a5789e5c:0.0.0.0:41650, bf55b3f9-6b09-4365-9d71-55289e083fa5:0.0.0.0:42441], old=null
2019-10-16 18:00:44,646 [bf55b3f9-6b09-4365-9d71-55289e083fa5@group-EFD1D20A002C-LeaderElection112] INFO  impl.RaftServerImpl (RaftServerImpl.java:setRole(184)) - bf55b3f9-6b09-4365-9d71-55289e083fa5@group-EFD1D20A002C: changes role from CANDIDATE to FOLLOWER at term 130 for DISCOVERED_A_NEW_TERM
2019-10-16 18:00:44,646 [bf55b3f9-6b09-4365-9d71-55289e083fa5@group-EFD1D20A002C-LeaderElection112] INFO  impl.RoleInfo (RoleInfo.java:shutdownLeaderElection(134)) - bf55b3f9-6b09-4365-9d71-55289e083fa5: shutdown LeaderElection
2019-10-16 18:00:44,646 [bf55b3f9-6b09-4365-9d71-55289e083fa5@group-EFD1D20A002C-LeaderElection112] INFO  impl.RoleInfo (RoleInfo.java:updateAndGet(143)) - bf55b3f9-6b09-4365-9d71-55289e083fa5: start FollowerState
2019-10-16 18:00:44,832 [Thread-817] INFO  impl.FollowerState (FollowerState.java:run(108)) - bf55b3f9-6b09-4365-9d71-55289e083fa5@group-EFD1D20A002C-FollowerState: change to CANDIDATE, lastRpcTime:186ms, electionTimeout:186ms
2019-10-16 18:00:44,832 [Thread-817] INFO  impl.RoleInfo (RoleInfo.java:shutdownFollowerState(121)) - bf55b3f9-6b09-4365-9d71-55289e083fa5: shutdown FollowerState
2019-10-16 18:00:44,833 [Thread-817] INFO  impl.RaftServerImpl (RaftServerImpl.java:setRole(184)) - bf55b3f9-6b09-4365-9d71-55289e083fa5@group-EFD1D20A002C: changes role from  FOLLOWER to CANDIDATE at term 130 for changeToCandidate
2019-10-16 18:00:44,833 [Thread-817] INFO  impl.RoleInfo (RoleInfo.java:updateAndGet(143)) - bf55b3f9-6b09-4365-9d71-55289e083fa5: start LeaderElection
2019-10-16 18:00:44,863 [bf55b3f9-6b09-4365-9d71-55289e083fa5@group-EFD1D20A002C-LeaderElection113] INFO  impl.LeaderElection (LeaderElection.java:askForVotes(178)) - bf55b3f9-6b09-4365-9d71-55289e083fa5@group-EFD1D20A002C-LeaderElection113: begin an election at term 131 for -1: [f4c54511-b161-4347-aec5-5236dc80a0d8:0.0.0.0:41238, 907b9765-214b-4864-b66a-d6e2a5789e5c:0.0.0.0:41650, bf55b3f9-6b09-4365-9d71-55289e083fa5:0.0.0.0:42441], old=null
2019-10-16 18:00:44,866 [grpc-default-executor-1] INFO  impl.RaftServerImpl (RaftServerImpl.java:setRole(184)) - 907b9765-214b-4864-b66a-d6e2a5789e5c@group-EFD1D20A002C: changes role from  FOLLOWER to FOLLOWER at term 131 for recognizeCandidate:bf55b3f9-6b09-4365-9d71-55289e083fa5
2019-10-16 18:00:44,866 [grpc-default-executor-3] INFO  impl.RaftServerImpl (RaftServerImpl.java:setRole(184)) - f4c54511-b161-4347-aec5-5236dc80a0d8@group-EFD1D20A002C: changes role from  FOLLOWER to FOLLOWER at term 131 for recognizeCandidate:bf55b3f9-6b09-4365-9d71-55289e083fa5
2019-10-16 18:00:44,866 [grpc-default-executor-1] INFO  impl.RoleInfo (RoleInfo.java:shutdownFollowerState(121)) - 907b9765-214b-4864-b66a-d6e2a5789e5c: shutdown FollowerState
2019-10-16 18:00:44,866 [grpc-default-executor-3] INFO  impl.RoleInfo (RoleInfo.java:shutdownFollowerState(121)) - f4c54511-b161-4347-aec5-5236dc80a0d8: shutdown FollowerState
2019-10-16 18:00:44,866 [Thread-815] INFO  impl.FollowerState (FollowerState.java:run(117)) - 907b9765-214b-4864-b66a-d6e2a5789e5c@group-EFD1D20A002C-FollowerState was interrupted: java.lang.InterruptedException: sleep interrupted
2019-10-16 18:00:44,866 [grpc-default-executor-1] INFO  impl.RoleInfo (RoleInfo.java:updateAndGet(143)) - 907b9765-214b-4864-b66a-d6e2a5789e5c: start FollowerState
2019-10-16 18:00:44,866 [Thread-816] INFO  impl.FollowerState (FollowerState.java:run(117)) - f4c54511-b161-4347-aec5-5236dc80a0d8@group-EFD1D20A002C-FollowerState was interrupted: java.lang.InterruptedException: sleep interrupted
2019-10-16 18:00:44,866 [grpc-default-executor-3] INFO  impl.RoleInfo (RoleInfo.java:updateAndGet(143)) - f4c54511-b161-4347-aec5-5236dc80a0d8: start FollowerState
2019-10-16 18:00:44,889 [bf55b3f9-6b09-4365-9d71-55289e083fa5@group-EFD1D20A002C-LeaderElection113] INFO  impl.LeaderElection (LeaderElection.java:logAndReturn(56)) - bf55b3f9-6b09-4365-9d71-55289e083fa5@group-EFD1D20A002C-LeaderElection113: Election REJECTED; received 2 response(s) [bf55b3f9-6b09-4365-9d71-55289e083fa5<-f4c54511-b161-4347-aec5-5236dc80a0d8#0:FAIL-t131, bf55b3f9-6b09-4365-9d71-55289e083fa5<-907b9765-214b-4864-b66a-d6e2a5789e5c#0:FAIL-t131] and 0 exception(s); bf55b3f9-6b09-4365-9d71-55289e083fa5@group-EFD1D20A002C:t131, leader=null, voted=bf55b3f9-6b09-4365-9d71-55289e083fa5, raftlog=bf55b3f9-6b09-4365-9d71-55289e083fa5@group-EFD1D20A002C-SegmentedRaftLog:OPENED:c-1,f-1,i0, conf=-1: [f4c54511-b161-4347-aec5-5236dc80a0d8:0.0.0.0:41238, 907b9765-214b-4864-b66a-d6e2a5789e5c:0.0.0.0:41650, bf55b3f9-6b09-4365-9d71-55289e083fa5:0.0.0.0:42441], old=null
2019-10-16 18:00:44,889 [bf55b3f9-6b09-4365-9d71-55289e083fa5@group-EFD1D20A002C-LeaderElection113] INFO  impl.RaftServerImpl (RaftServerImpl.java:setRole(184)) - bf55b3f9-6b09-4365-9d71-55289e083fa5@group-EFD1D20A002C: changes role from CANDIDATE to FOLLOWER at term 131 for DISCOVERED_A_NEW_TERM
2019-10-16 18:00:44,890 [bf55b3f9-6b09-4365-9d71-55289e083fa5@group-EFD1D20A002C-LeaderElection113] INFO  impl.RoleInfo (RoleInfo.java:shutdownLeaderElection(134)) - bf55b3f9-6b09-4365-9d71-55289e083fa5: shutdown LeaderElection
2019-10-16 18:00:44,890 [bf55b3f9-6b09-4365-9d71-55289e083fa5@group-EFD1D20A002C-LeaderElection113] INFO  impl.RoleInfo (RoleInfo.java:updateAndGet(143)) - bf55b3f9-6b09-4365-9d71-55289e083fa5: start FollowerState
2019-10-16 18:00:44,902 [Thread-825] INFO  impl.FollowerState (FollowerState.java:run(108)) - bf55b3f9-6b09-4365-9d71-55289e083fa5@group-EFD1D20A002C-FollowerState: change to CANDIDATE, lastRpcTime:12ms, electionTimeout:12ms
2019-10-16 18:00:44,902 [Thread-825] INFO  impl.RoleInfo (RoleInfo.java:shutdownFollowerState(121)) - bf55b3f9-6b09-4365-9d71-55289e083fa5: shutdown FollowerState
2019-10-16 18:00:44,902 [Thread-825] INFO  impl.RaftServerImpl (RaftServerImpl.java:setRole(184)) - bf55b3f9-6b09-4365-9d71-55289e083fa5@group-EFD1D20A002C: changes role from  FOLLOWER to CANDIDATE at term 131 for changeToCandidate
2019-10-16 18:00:44,903 [Thread-825] INFO  impl.RoleInfo (RoleInfo.java:updateAndGet(143)) - bf55b3f9-6b09-4365-9d71-55289e083fa5: start LeaderElection
2019-10-16 18:00:44,930 [bf55b3f9-6b09-4365-9d71-55289e083fa5@group-EFD1D20A002C-LeaderElection114] INFO  impl.LeaderElection (LeaderElection.java:askForVotes(178)) - bf55b3f9-6b09-4365-9d71-55289e083fa5@group-EFD1D20A002C-LeaderElection114: begin an election at term 132 for -1: [f4c54511-b161-4347-aec5-5236dc80a0d8:0.0.0.0:41238, 907b9765-214b-4864-b66a-d6e2a5789e5c:0.0.0.0:41650, bf55b3f9-6b09-4365-9d71-55289e083fa5:0.0.0.0:42441], old=null
2019-10-16 18:00:44,933 [grpc-default-executor-3] INFO  impl.RaftServerImpl (RaftServerImpl.java:setRole(184)) - f4c54511-b161-4347-aec5-5236dc80a0d8@group-EFD1D20A002C: changes role from  FOLLOWER to FOLLOWER at term 132 for recognizeCandidate:bf55b3f9-6b09-4365-9d71-55289e083fa5
2019-10-16 18:00:44,933 [grpc-default-executor-3] INFO  impl.RoleInfo (RoleInfo.java:shutdownFollowerState(121)) - f4c54511-b161-4347-aec5-5236dc80a0d8: shutdown FollowerState
2019-10-16 18:00:44,933 [grpc-default-executor-1] INFO  impl.RaftServerImpl (RaftServerImpl.java:setRole(184)) - 907b9765-214b-4864-b66a-d6e2a5789e5c@group-EFD1D20A002C: changes role from  FOLLOWER to FOLLOWER at term 132 for recognizeCandidate:bf55b3f9-6b09-4365-9d71-55289e083fa5
2019-10-16 18:00:44,933 [Thread-824] INFO  impl.FollowerState (FollowerState.java:run(117)) - f4c54511-b161-4347-aec5-5236dc80a0d8@group-EFD1D20A002C-FollowerState was interrupted: java.lang.InterruptedException: sleep interrupted
2019-10-16 18:00:44,933 [grpc-default-executor-3] INFO  impl.RoleInfo (RoleInfo.java:updateAndGet(143)) - f4c54511-b161-4347-aec5-5236dc80a0d8: start FollowerState
2019-10-16 18:00:44,933 [grpc-default-executor-1] INFO  impl.RoleInfo (RoleInfo.java:shutdownFollowerState(121)) - 907b9765-214b-4864-b66a-d6e2a5789e5c: shutdown FollowerState
2019-10-16 18:00:44,934 [grpc-default-executor-1] INFO  impl.RoleInfo (RoleInfo.java:updateAndGet(143)) - 907b9765-214b-4864-b66a-d6e2a5789e5c: start FollowerState
2019-10-16 18:00:44,934 [Thread-823] INFO  impl.FollowerState (FollowerState.java:run(117)) - 907b9765-214b-4864-b66a-d6e2a5789e5c@group-EFD1D20A002C-FollowerState was interrupted: java.lang.InterruptedException: sleep interrupted
2019-10-16 18:00:44,957 [bf55b3f9-6b09-4365-9d71-55289e083fa5@group-EFD1D20A002C-LeaderElection114] INFO  impl.LeaderElection (LeaderElection.java:logAndReturn(56)) - bf55b3f9-6b09-4365-9d71-55289e083fa5@group-EFD1D20A002C-LeaderElection114: Election REJECTED; received 2 response(s) [bf55b3f9-6b09-4365-9d71-55289e083fa5<-f4c54511-b161-4347-aec5-5236dc80a0d8#0:FAIL-t132, bf55b3f9-6b09-4365-9d71-55289e083fa5<-907b9765-214b-4864-b66a-d6e2a5789e5c#0:FAIL-t132] and 0 exception(s); bf55b3f9-6b09-4365-9d71-55289e083fa5@group-EFD1D20A002C:t132, leader=null, voted=bf55b3f9-6b09-4365-9d71-55289e083fa5, raftlog=bf55b3f9-6b09-4365-9d71-55289e083fa5@group-EFD1D20A002C-SegmentedRaftLog:OPENED:c-1,f-1,i0, conf=-1: [f4c54511-b161-4347-aec5-5236dc80a0d8:0.0.0.0:41238, 907b9765-214b-4864-b66a-d6e2a5789e5c:0.0.0.0:41650, bf55b3f9-6b09-4365-9d71-55289e083fa5:0.0.0.0:42441], old=null
2019-10-16 18:00:44,958 [bf55b3f9-6b09-4365-9d71-55289e083fa5@group-EFD1D20A002C-LeaderElection114] INFO  impl.RaftServerImpl (RaftServerImpl.java:setRole(184)) - bf55b3f9-6b09-4365-9d71-55289e083fa5@group-EFD1D20A002C: changes role from CANDIDATE to FOLLOWER at term 132 for DISCOVERED_A_NEW_TERM
2019-10-16 18:00:44,958 [bf55b3f9-6b09-4365-9d71-55289e083fa5@group-EFD1D20A002C-LeaderElection114] INFO  impl.RoleInfo (RoleInfo.java:shutdownLeaderElection(134)) - bf55b3f9-6b09-4365-9d71-55289e083fa5: shutdown LeaderElection
2019-10-16 18:00:44,958 [bf55b3f9-6b09-4365-9d71-55289e083fa5@group-EFD1D20A002C-LeaderElection114] INFO  impl.RoleInfo (RoleInfo.java:updateAndGet(143)) - bf55b3f9-6b09-4365-9d71-55289e083fa5: start FollowerState
2019-10-16 18:00:45,128 [Thread-831] INFO  impl.FollowerState (FollowerState.java:run(108)) - bf55b3f9-6b09-4365-9d71-55289e083fa5@group-EFD1D20A002C-FollowerState: change to CANDIDATE, lastRpcTime:169ms, electionTimeout:169ms
2019-10-16 18:00:45,129 [Thread-831] INFO  impl.RoleInfo (RoleInfo.java:shutdownFollowerState(121)) - bf55b3f9-6b09-4365-9d71-55289e083fa5: shutdown FollowerState
2019-10-16 18:00:45,129 [Thread-831] INFO  impl.RaftServerImpl (RaftServerImpl.java:setRole(184)) - bf55b3f9-6b09-4365-9d71-55289e083fa5@group-EFD1D20A002C: changes role from  FOLLOWER to CANDIDATE at term 132 for changeToCandidate
2019-10-16 18:00:45,129 [Thread-831] INFO  impl.RoleInfo (RoleInfo.java:updateAndGet(143)) - bf55b3f9-6b09-4365-9d71-55289e083fa5: start LeaderElection
2019-10-16 18:00:45,149 [bf55b3f9-6b09-4365-9d71-55289e083fa5@group-EFD1D20A002C-LeaderElection115] INFO  impl.LeaderElection (LeaderElection.java:askForVotes(178)) - bf55b3f9-6b09-4365-9d71-55289e083fa5@group-EFD1D20A002C-LeaderElection115: begin an election at term 133 for -1: [f4c54511-b161-4347-aec5-5236dc80a0d8:0.0.0.0:41238, 907b9765-214b-4864-b66a-d6e2a5789e5c:0.0.0.0:41650, bf55b3f9-6b09-4365-9d71-55289e083fa5:0.0.0.0:42441], old=null
2019-10-16 18:00:45,156 [grpc-default-executor-3] INFO  impl.RaftServerImpl (RaftServerImpl.java:setRole(184)) - 907b9765-214b-4864-b66a-d6e2a5789e5c@group-EFD1D20A002C: changes role from  FOLLOWER to FOLLOWER at term 133 for recognizeCandidate:bf55b3f9-6b09-4365-9d71-55289e083fa5
2019-10-16 18:00:45,156 [grpc-default-executor-3] INFO  impl.RoleInfo (RoleInfo.java:shutdownFollowerState(121)) - 907b9765-214b-4864-b66a-d6e2a5789e5c: shutdown FollowerState
2019-10-16 18:00:45,156 [grpc-default-executor-1] INFO  impl.RaftServerImpl (RaftServerImpl.java:setRole(184)) - f4c54511-b161-4347-aec5-5236dc80a0d8@group-EFD1D20A002C: changes role from  FOLLOWER to FOLLOWER at term 133 for recognizeCandidate:bf55b3f9-6b09-4365-9d71-55289e083fa5
2019-10-16 18:00:45,157 [Thread-830] INFO  impl.FollowerState (FollowerState.java:run(117)) - 907b9765-214b-4864-b66a-d6e2a5789e5c@group-EFD1D20A002C-FollowerState was interrupted: java.lang.InterruptedException: sleep interrupted
2019-10-16 18:00:45,157 [grpc-default-executor-3] INFO  impl.RoleInfo (RoleInfo.java:updateAndGet(143)) - 907b9765-214b-4864-b66a-d6e2a5789e5c: start FollowerState
2019-10-16 18:00:45,157 [grpc-default-executor-1] INFO  impl.RoleInfo (RoleInfo.java:shutdownFollowerState(121)) - f4c54511-b161-4347-aec5-5236dc80a0d8: shutdown FollowerState
2019-10-16 18:00:45,157 [grpc-default-executor-1] INFO  impl.RoleInfo (RoleInfo.java:updateAndGet(143)) - f4c54511-b161-4347-aec5-5236dc80a0d8: start FollowerState
2019-10-16 18:00:45,157 [Thread-829] INFO  impl.FollowerState (FollowerState.java:run(117)) - f4c54511-b161-4347-aec5-5236dc80a0d8@group-EFD1D20A002C-FollowerState was interrupted: java.lang.InterruptedException: sleep interrupted
2019-10-16 18:00:45,184 [bf55b3f9-6b09-4365-9d71-55289e083fa5@group-EFD1D20A002C-LeaderElection115] INFO  impl.LeaderElection (LeaderElection.java:logAndReturn(56)) - bf55b3f9-6b09-4365-9d71-55289e083fa5@group-EFD1D20A002C-LeaderElection115: Election REJECTED; received 2 response(s) [bf55b3f9-6b09-4365-9d71-55289e083fa5<-f4c54511-b161-4347-aec5-5236dc80a0d8#0:FAIL-t133, bf55b3f9-6b09-4365-9d71-55289e083fa5<-907b9765-214b-4864-b66a-d6e2a5789e5c#0:FAIL-t133] and 0 exception(s); bf55b3f9-6b09-4365-9d71-55289e083fa5@group-EFD1D20A002C:t133, leader=null, voted=bf55b3f9-6b09-4365-9d71-55289e083fa5, raftlog=bf55b3f9-6b09-4365-9d71-55289e083fa5@group-EFD1D20A002C-SegmentedRaftLog:OPENED:c-1,f-1,i0, conf=-1: [f4c54511-b161-4347-aec5-5236dc80a0d8:0.0.0.0:41238, 907b9765-214b-4864-b66a-d6e2a5789e5c:0.0.0.0:41650, bf55b3f9-6b09-4365-9d71-55289e083fa5:0.0.0.0:42441], old=null
2019-10-16 18:00:45,184 [bf55b3f9-6b09-4365-9d71-55289e083fa5@group-EFD1D20A002C-LeaderElection115] INFO  impl.RaftServerImpl (RaftServerImpl.java:setRole(184)) - bf55b3f9-6b09-4365-9d71-55289e083fa5@group-EFD1D20A002C: changes role from CANDIDATE to FOLLOWER at term 133 for DISCOVERED_A_NEW_TERM
2019-10-16 18:00:45,184 [bf55b3f9-6b09-4365-9d71-55289e083fa5@group-EFD1D20A002C-LeaderElection115] INFO  impl.RoleInfo (RoleInfo.java:shutdownLeaderElection(134)) - bf55b3f9-6b09-4365-9d71-55289e083fa5: shutdown LeaderElection
2019-10-16 18:00:45,185 [bf55b3f9-6b09-4365-9d71-55289e083fa5@group-EFD1D20A002C-LeaderElection115] INFO  impl.RoleInfo (RoleInfo.java:updateAndGet(143)) - bf55b3f9-6b09-4365-9d71-55289e083fa5: start FollowerState
2019-10-16 18:00:45,222 [Thread-837] INFO  impl.FollowerState (FollowerState.java:run(108)) - bf55b3f9-6b09-4365-9d71-55289e083fa5@group-EFD1D20A002C-FollowerState: change to CANDIDATE, lastRpcTime:37ms, electionTimeout:37ms
2019-10-16 18:00:45,222 [Thread-837] INFO  impl.RoleInfo (RoleInfo.java:shutdownFollowerState(121)) - bf55b3f9-6b09-4365-9d71-55289e083fa5: shutdown FollowerState
2019-10-16 18:00:45,222 [Thread-837] INFO  impl.RaftServerImpl (RaftServerImpl.java:setRole(184)) - bf55b3f9-6b09-4365-9d71-55289e083fa5@group-EFD1D20A002C: changes role from  FOLLOWER to CANDIDATE at term 133 for changeToCandidate
2019-10-16 18:00:45,222 [Thread-837] INFO  impl.RoleInfo (RoleInfo.java:updateAndGet(143)) - bf55b3f9-6b09-4365-9d71-55289e083fa5: start LeaderElection
2019-10-16 18:00:45,250 [bf55b3f9-6b09-4365-9d71-55289e083fa5@group-EFD1D20A002C-LeaderElection116] INFO  impl.LeaderElection (LeaderElection.java:askForVotes(178)) - bf55b3f9-6b09-4365-9d71-55289e083fa5@group-EFD1D20A002C-LeaderElection116: begin an election at term 134 for -1: [f4c54511-b161-4347-aec5-5236dc80a0d8:0.0.0.0:41238, 907b9765-214b-4864-b66a-d6e2a5789e5c:0.0.0.0:41650, bf55b3f9-6b09-4365-9d71-55289e083fa5:0.0.0.0:42441], old=null
2019-10-16 18:00:45,252 [grpc-default-executor-1] INFO  impl.RaftServerImpl (RaftServerImpl.java:setRole(184)) - 907b9765-214b-4864-b66a-d6e2a5789e5c@group-EFD1D20A002C: changes role from  FOLLOWER to FOLLOWER at term 134 for recognizeCandidate:bf55b3f9-6b09-4365-9d71-55289e083fa5
2019-10-16 18:00:45,252 [grpc-default-executor-1] INFO  impl.RoleInfo (RoleInfo.java:shutdownFollowerState(121)) - 907b9765-214b-4864-b66a-d6e2a5789e5c: shutdown FollowerState
2019-10-16 18:00:45,253 [grpc-default-executor-1] INFO  impl.RoleInfo (RoleInfo.java:updateAndGet(143)) - 907b9765-214b-4864-b66a-d6e2a5789e5c: start FollowerState
2019-10-16 18:00:45,253 [Thread-835] INFO  impl.FollowerState (FollowerState.java:run(117)) - 907b9765-214b-4864-b66a-d6e2a5789e5c@group-EFD1D20A002C-FollowerState was interrupted: java.lang.InterruptedException: sleep interrupted
2019-10-16 18:00:45,253 [grpc-default-executor-3] INFO  impl.RaftServerImpl (RaftServerImpl.java:setRole(184)) - f4c54511-b161-4347-aec5-5236dc80a0d8@group-EFD1D20A002C: changes role from  FOLLOWER to FOLLOWER at term 134 for recognizeCandidate:bf55b3f9-6b09-4365-9d71-55289e083fa5
2019-10-16 18:00:45,253 [grpc-default-executor-3] INFO  impl.RoleInfo (RoleInfo.java:shutdownFollowerState(121)) - f4c54511-b161-4347-aec5-5236dc80a0d8: shutdown FollowerState
2019-10-16 18:00:45,253 [grpc-default-executor-3] INFO  impl.RoleInfo (RoleInfo.java:updateAndGet(143)) - f4c54511-b161-4347-aec5-5236dc80a0d8: start FollowerState
2019-10-16 18:00:45,253 [Thread-836] INFO  impl.FollowerState (FollowerState.java:run(117)) - f4c54511-b161-4347-aec5-5236dc80a0d8@group-EFD1D20A002C-FollowerState was interrupted: java.lang.InterruptedException: sleep interrupted
2019-10-16 18:00:45,277 [bf55b3f9-6b09-4365-9d71-55289e083fa5@group-EFD1D20A002C-LeaderElection116] INFO  impl.LeaderElection (LeaderElection.java:logAndReturn(56)) - bf55b3f9-6b09-4365-9d71-55289e083fa5@group-EFD1D20A002C-LeaderElection116: Election REJECTED; received 2 response(s) [bf55b3f9-6b09-4365-9d71-55289e083fa5<-f4c54511-b161-4347-aec5-5236dc80a0d8#0:FAIL-t134, bf55b3f9-6b09-4365-9d71-55289e083fa5<-907b9765-214b-4864-b66a-d6e2a5789e5c#0:FAIL-t134] and 0 exception(s); bf55b3f9-6b09-4365-9d71-55289e083fa5@group-EFD1D20A002C:t134, leader=null, voted=bf55b3f9-6b09-4365-9d71-55289e083fa5, raftlog=bf55b3f9-6b09-4365-9d71-55289e083fa5@group-EFD1D20A002C-SegmentedRaftLog:OPENED:c-1,f-1,i0, conf=-1: [f4c54511-b161-4347-aec5-5236dc80a0d8:0.0.0.0:41238, 907b9765-214b-4864-b66a-d6e2a5789e5c:0.0.0.0:41650, bf55b3f9-6b09-4365-9d71-55289e083fa5:0.0.0.0:42441], old=null
2019-10-16 18:00:45,277 [bf55b3f9-6b09-4365-9d71-55289e083fa5@group-EFD1D20A002C-LeaderElection116] INFO  impl.RaftServerImpl (RaftServerImpl.java:setRole(184)) - bf55b3f9-6b09-4365-9d71-55289e083fa5@group-EFD1D20A002C: changes role from CANDIDATE to FOLLOWER at term 134 for DISCOVERED_A_NEW_TERM
2019-10-16 18:00:45,277 [bf55b3f9-6b09-4365-9d71-55289e083fa5@group-EFD1D20A002C-LeaderElection116] INFO  impl.RoleInfo (RoleInfo.java:shutdownLeaderElection(134)) - bf55b3f9-6b09-4365-9d71-55289e083fa5: shutdown LeaderElection
2019-10-16 18:00:45,277 [bf55b3f9-6b09-4365-9d71-55289e083fa5@group-EFD1D20A002C-LeaderElection116] INFO  impl.RoleInfo (RoleInfo.java:updateAndGet(143)) - bf55b3f9-6b09-4365-9d71-55289e083fa5: start FollowerState
2019-10-16 18:00:45,463 [Thread-843] INFO  impl.FollowerState (FollowerState.java:run(108)) - bf55b3f9-6b09-4365-9d71-55289e083fa5@group-EFD1D20A002C-FollowerState: change to CANDIDATE, lastRpcTime:185ms, electionTimeout:181ms
2019-10-16 18:00:45,463 [Thread-843] INFO  impl.RoleInfo (RoleInfo.java:shutdownFollowerState(121)) - bf55b3f9-6b09-4365-9d71-55289e083fa5: shutdown FollowerState
2019-10-16 18:00:45,463 [Thread-843] INFO  impl.RaftServerImpl (RaftServerImpl.java:setRole(184)) - bf55b3f9-6b09-4365-9d71-55289e083fa5@group-EFD1D20A002C: changes role from  FOLLOWER to CANDIDATE at term 134 for changeToCandidate
2019-10-16 18:00:45,463 [Thread-843] INFO  impl.RoleInfo (RoleInfo.java:updateAndGet(143)) - bf55b3f9-6b09-4365-9d71-55289e083fa5: start LeaderElection
2019-10-16 18:00:45,477 [bf55b3f9-6b09-4365-9d71-55289e083fa5@group-EFD1D20A002C-LeaderElection117] INFO  impl.LeaderElection (LeaderElection.java:askForVotes(178)) - bf55b3f9-6b09-4365-9d71-55289e083fa5@group-EFD1D20A002C-LeaderElection117: begin an election at term 135 for -1: [f4c54511-b161-4347-aec5-5236dc80a0d8:0.0.0.0:41238, 907b9765-214b-4864-b66a-d6e2a5789e5c:0.0.0.0:41650, bf55b3f9-6b09-4365-9d71-55289e083fa5:0.0.0.0:42441], old=null
2019-10-16 18:00:45,479 [grpc-default-executor-1] INFO  impl.RaftServerImpl (RaftServerImpl.java:setRole(184)) - f4c54511-b161-4347-aec5-5236dc80a0d8@group-EFD1D20A002C: changes role from  FOLLOWER to FOLLOWER at term 135 for recognizeCandidate:bf55b3f9-6b09-4365-9d71-55289e083fa5
2019-10-16 18:00:45,479 [grpc-default-executor-1] INFO  impl.RoleInfo (RoleInfo.java:shutdownFollowerState(121)) - f4c54511-b161-4347-aec5-5236dc80a0d8: shutdown FollowerState
2019-10-16 18:00:45,479 [grpc-default-executor-3] INFO  impl.RaftServerImpl (RaftServerImpl.java:setRole(184)) - 907b9765-214b-4864-b66a-d6e2a5789e5c@group-EFD1D20A002C: changes role from  FOLLOWER to FOLLOWER at term 135 for recognizeCandidate:bf55b3f9-6b09-4365-9d71-55289e083fa5
2019-10-16 18:00:45,479 [Thread-842] INFO  impl.FollowerState (FollowerState.java:run(117)) - f4c54511-b161-4347-aec5-5236dc80a0d8@group-EFD1D20A002C-FollowerState was interrupted: java.lang.InterruptedException: sleep interrupted
2019-10-16 18:00:45,479 [grpc-default-executor-1] INFO  impl.RoleInfo (RoleInfo.java:updateAndGet(143)) - f4c54511-b161-4347-aec5-5236dc80a0d8: start FollowerState
2019-10-16 18:00:45,479 [grpc-default-executor-3] INFO  impl.RoleInfo (RoleInfo.java:shutdownFollowerState(121)) - 907b9765-214b-4864-b66a-d6e2a5789e5c: shutdown FollowerState
2019-10-16 18:00:45,480 [grpc-default-executor-3] INFO  impl.RoleInfo (RoleInfo.java:updateAndGet(143)) - 907b9765-214b-4864-b66a-d6e2a5789e5c: start FollowerState
2019-10-16 18:00:45,480 [Thread-841] INFO  impl.FollowerState (FollowerState.java:run(117)) - 907b9765-214b-4864-b66a-d6e2a5789e5c@group-EFD1D20A002C-FollowerState was interrupted: java.lang.InterruptedException: sleep interrupted
2019-10-16 18:00:45,512 [bf55b3f9-6b09-4365-9d71-55289e083fa5@group-EFD1D20A002C-LeaderElection117] INFO  impl.LeaderElection (LeaderElection.java:logAndReturn(56)) - bf55b3f9-6b09-4365-9d71-55289e083fa5@group-EFD1D20A002C-LeaderElection117: Election REJECTED; received 2 response(s) [bf55b3f9-6b09-4365-9d71-55289e083fa5<-f4c54511-b161-4347-aec5-5236dc80a0d8#0:FAIL-t135, bf55b3f9-6b09-4365-9d71-55289e083fa5<-907b9765-214b-4864-b66a-d6e2a5789e5c#0:FAIL-t135] and 0 exception(s); bf55b3f9-6b09-4365-9d71-55289e083fa5@group-EFD1D20A002C:t135, leader=null, voted=bf55b3f9-6b09-4365-9d71-55289e083fa5, raftlog=bf55b3f9-6b09-4365-9d71-55289e083fa5@group-EFD1D20A002C-SegmentedRaftLog:OPENED:c-1,f-1,i0, conf=-1: [f4c54511-b161-4347-aec5-5236dc80a0d8:0.0.0.0:41238, 907b9765-214b-4864-b66a-d6e2a5789e5c:0.0.0.0:41650, bf55b3f9-6b09-4365-9d71-55289e083fa5:0.0.0.0:42441], old=null
2019-10-16 18:00:45,512 [bf55b3f9-6b09-4365-9d71-55289e083fa5@group-EFD1D20A002C-LeaderElection117] INFO  impl.RaftServerImpl (RaftServerImpl.java:setRole(184)) - bf55b3f9-6b09-4365-9d71-55289e083fa5@group-EFD1D20A002C: changes role from CANDIDATE to FOLLOWER at term 135 for DISCOVERED_A_NEW_TERM
2019-10-16 18:00:45,512 [bf55b3f9-6b09-4365-9d71-55289e083fa5@group-EFD1D20A002C-LeaderElection117] INFO  impl.RoleInfo (RoleInfo.java:shutdownLeaderElection(134)) - bf55b3f9-6b09-4365-9d71-55289e083fa5: shutdown LeaderElection
2019-10-16 18:00:45,512 [bf55b3f9-6b09-4365-9d71-55289e083fa5@group-EFD1D20A002C-LeaderElection117] INFO  impl.RoleInfo (RoleInfo.java:updateAndGet(143)) - bf55b3f9-6b09-4365-9d71-55289e083fa5: start FollowerState
2019-10-16 18:00:45,557 [Thread-849] INFO  impl.FollowerState (FollowerState.java:run(108)) - bf55b3f9-6b09-4365-9d71-55289e083fa5@group-EFD1D20A002C-FollowerState: change to CANDIDATE, lastRpcTime:45ms, electionTimeout:45ms
2019-10-16 18:00:45,558 [Thread-849] INFO  impl.RoleInfo (RoleInfo.java:shutdownFollowerState(121)) - bf55b3f9-6b09-4365-9d71-55289e083fa5: shutdown FollowerState
2019-10-16 18:00:45,558 [Thread-849] INFO  impl.RaftServerImpl (RaftServerImpl.java:setRole(184)) - bf55b3f9-6b09-4365-9d71-55289e083fa5@group-EFD1D20A002C: changes role from  FOLLOWER to CANDIDATE at term 135 for changeToCandidate
2019-10-16 18:00:45,558 [Thread-849] INFO  impl.RoleInfo (RoleInfo.java:updateAndGet(143)) - bf55b3f9-6b09-4365-9d71-55289e083fa5: start LeaderElection
2019-10-16 18:00:45,587 [bf55b3f9-6b09-4365-9d71-55289e083fa5@group-EFD1D20A002C-LeaderElection118] INFO  impl.LeaderElection (LeaderElection.java:askForVotes(178)) - bf55b3f9-6b09-4365-9d71-55289e083fa5@group-EFD1D20A002C-LeaderElection118: begin an election at term 136 for -1: [f4c54511-b161-4347-aec5-5236dc80a0d8:0.0.0.0:41238, 907b9765-214b-4864-b66a-d6e2a5789e5c:0.0.0.0:41650, bf55b3f9-6b09-4365-9d71-55289e083fa5:0.0.0.0:42441], old=null
2019-10-16 18:00:45,589 [grpc-default-executor-3] INFO  impl.RaftServerImpl (RaftServerImpl.java:setRole(184)) - f4c54511-b161-4347-aec5-5236dc80a0d8@group-EFD1D20A002C: changes role from  FOLLOWER to FOLLOWER at term 136 for recognizeCandidate:bf55b3f9-6b09-4365-9d71-55289e083fa5
2019-10-16 18:00:45,590 [grpc-default-executor-3] INFO  impl.RoleInfo (RoleInfo.java:shutdownFollowerState(121)) - f4c54511-b161-4347-aec5-5236dc80a0d8: shutdown FollowerState
2019-10-16 18:00:45,590 [grpc-default-executor-3] INFO  impl.RoleInfo (RoleInfo.java:updateAndGet(143)) - f4c54511-b161-4347-aec5-5236dc80a0d8: start FollowerState
2019-10-16 18:00:45,590 [grpc-default-executor-1] INFO  impl.RaftServerImpl (RaftServerImpl.java:setRole(184)) - 907b9765-214b-4864-b66a-d6e2a5789e5c@group-EFD1D20A002C: changes role from  FOLLOWER to FOLLOWER at term 136 for recognizeCandidate:bf55b3f9-6b09-4365-9d71-55289e083fa5
2019-10-16 18:00:45,590 [Thread-847] INFO  impl.FollowerState (FollowerState.java:run(117)) - f4c54511-b161-4347-aec5-5236dc80a0d8@group-EFD1D20A002C-FollowerState was interrupted: java.lang.InterruptedException: sleep interrupted
2019-10-16 18:00:45,590 [grpc-default-executor-1] INFO  impl.RoleInfo (RoleInfo.java:shutdownFollowerState(121)) - 907b9765-214b-4864-b66a-d6e2a5789e5c: shutdown FollowerState
2019-10-16 18:00:45,590 [grpc-default-executor-1] INFO  impl.RoleInfo (RoleInfo.java:updateAndGet(143)) - 907b9765-214b-4864-b66a-d6e2a5789e5c: start FollowerState
2019-10-16 18:00:45,591 [Thread-848] INFO  impl.FollowerState (FollowerState.java:run(117)) - 907b9765-214b-4864-b66a-d6e2a5789e5c@group-EFD1D20A002C-FollowerState was interrupted: java.lang.InterruptedException: sleep interrupted
2019-10-16 18:00:45,614 [bf55b3f9-6b09-4365-9d71-55289e083fa5@group-EFD1D20A002C-LeaderElection118] INFO  impl.LeaderElection (LeaderElection.java:logAndReturn(56)) - bf55b3f9-6b09-4365-9d71-55289e083fa5@group-EFD1D20A002C-LeaderElection118: Election REJECTED; received 2 response(s) [bf55b3f9-6b09-4365-9d71-55289e083fa5<-f4c54511-b161-4347-aec5-5236dc80a0d8#0:FAIL-t136, bf55b3f9-6b09-4365-9d71-55289e083fa5<-907b9765-214b-4864-b66a-d6e2a5789e5c#0:FAIL-t136] and 0 exception(s); bf55b3f9-6b09-4365-9d71-55289e083fa5@group-EFD1D20A002C:t136, leader=null, voted=bf55b3f9-6b09-4365-9d71-55289e083fa5, raftlog=bf55b3f9-6b09-4365-9d71-55289e083fa5@group-EFD1D20A002C-SegmentedRaftLog:OPENED:c-1,f-1,i0, conf=-1: [f4c54511-b161-4347-aec5-5236dc80a0d8:0.0.0.0:41238, 907b9765-214b-4864-b66a-d6e2a5789e5c:0.0.0.0:41650, bf55b3f9-6b09-4365-9d71-55289e083fa5:0.0.0.0:42441], old=null
2019-10-16 18:00:45,614 [bf55b3f9-6b09-4365-9d71-55289e083fa5@group-EFD1D20A002C-LeaderElection118] INFO  impl.RaftServerImpl (RaftServerImpl.java:setRole(184)) - bf55b3f9-6b09-4365-9d71-55289e083fa5@group-EFD1D20A002C: changes role from CANDIDATE to FOLLOWER at term 136 for DISCOVERED_A_NEW_TERM
2019-10-16 18:00:45,614 [bf55b3f9-6b09-4365-9d71-55289e083fa5@group-EFD1D20A002C-LeaderElection118] INFO  impl.RoleInfo (RoleInfo.java:shutdownLeaderElection(134)) - bf55b3f9-6b09-4365-9d71-55289e083fa5: shutdown LeaderElection
2019-10-16 18:00:45,614 [bf55b3f9-6b09-4365-9d71-55289e083fa5@group-EFD1D20A002C-LeaderElection118] INFO  impl.RoleInfo (RoleInfo.java:updateAndGet(143)) - bf55b3f9-6b09-4365-9d71-55289e083fa5: start FollowerState
2019-10-16 18:00:45,732 [Thread-855] INFO  impl.FollowerState (FollowerState.java:run(108)) - bf55b3f9-6b09-4365-9d71-55289e083fa5@group-EFD1D20A002C-FollowerState: change to CANDIDATE, lastRpcTime:118ms, electionTimeout:118ms
2019-10-16 18:00:45,733 [Thread-855] INFO  impl.RoleInfo (RoleInfo.java:shutdownFollowerState(121)) - bf55b3f9-6b09-4365-9d71-55289e083fa5: shutdown FollowerState
2019-10-16 18:00:45,733 [Thread-855] INFO  impl.RaftServerImpl (RaftServerImpl.java:setRole(184)) - bf55b3f9-6b09-4365-9d71-55289e083fa5@group-EFD1D20A002C: changes role from  FOLLOWER to CANDIDATE at term 136 for changeToCandidate
2019-10-16 18:00:45,733 [Thread-855] INFO  impl.RoleInfo (RoleInfo.java:updateAndGet(143)) - bf55b3f9-6b09-4365-9d71-55289e083fa5: start LeaderElection
2019-10-16 18:00:45,756 [bf55b3f9-6b09-4365-9d71-55289e083fa5@group-EFD1D20A002C-LeaderElection119] INFO  impl.LeaderElection (LeaderElection.java:askForVotes(178)) - bf55b3f9-6b09-4365-9d71-55289e083fa5@group-EFD1D20A002C-LeaderElection119: begin an election at term 137 for -1: [f4c54511-b161-4347-aec5-5236dc80a0d8:0.0.0.0:41238, 907b9765-214b-4864-b66a-d6e2a5789e5c:0.0.0.0:41650, bf55b3f9-6b09-4365-9d71-55289e083fa5:0.0.0.0:42441], old=null
2019-10-16 18:00:45,758 [grpc-default-executor-1] INFO  impl.RaftServerImpl (RaftServerImpl.java:setRole(184)) - f4c54511-b161-4347-aec5-5236dc80a0d8@group-EFD1D20A002C: changes role from  FOLLOWER to FOLLOWER at term 137 for recognizeCandidate:bf55b3f9-6b09-4365-9d71-55289e083fa5
2019-10-16 18:00:45,758 [grpc-default-executor-1] INFO  impl.RoleInfo (RoleInfo.java:shutdownFollowerState(121)) - f4c54511-b161-4347-aec5-5236dc80a0d8: shutdown FollowerState
2019-10-16 18:00:45,758 [grpc-default-executor-3] INFO  impl.RaftServerImpl (RaftServerImpl.java:setRole(184)) - 907b9765-214b-4864-b66a-d6e2a5789e5c@group-EFD1D20A002C: changes role from  FOLLOWER to FOLLOWER at term 137 for recognizeCandidate:bf55b3f9-6b09-4365-9d71-55289e083fa5
2019-10-16 18:00:45,758 [grpc-default-executor-3] INFO  impl.RoleInfo (RoleInfo.java:shutdownFollowerState(121)) - 907b9765-214b-4864-b66a-d6e2a5789e5c: shutdown FollowerState
2019-10-16 18:00:45,758 [grpc-default-executor-1] INFO  impl.RoleInfo (RoleInfo.java:updateAndGet(143)) - f4c54511-b161-4347-aec5-5236dc80a0d8: start FollowerState
2019-10-16 18:00:45,759 [Thread-854] INFO  impl.FollowerState (FollowerState.java:run(117)) - 907b9765-214b-4864-b66a-d6e2a5789e5c@group-EFD1D20A002C-FollowerState was interrupted: java.lang.InterruptedException: sleep interrupted
2019-10-16 18:00:45,758 [grpc-default-executor-3] INFO  impl.RoleInfo (RoleInfo.java:updateAndGet(143)) - 907b9765-214b-4864-b66a-d6e2a5789e5c: start FollowerState
2019-10-16 18:00:45,758 [Thread-853] INFO  impl.FollowerState (FollowerState.java:run(117)) - f4c54511-b161-4347-aec5-5236dc80a0d8@group-EFD1D20A002C-FollowerState was interrupted: java.lang.InterruptedException: sleep interrupted
2019-10-16 18:00:45,773 [bf55b3f9-6b09-4365-9d71-55289e083fa5@group-EFD1D20A002C-LeaderElection119] INFO  impl.LeaderElection (LeaderElection.java:logAndReturn(56)) - bf55b3f9-6b09-4365-9d71-55289e083fa5@group-EFD1D20A002C-LeaderElection119: Election TIMEOUT; received 0 response(s) [] and 0 exception(s); bf55b3f9-6b09-4365-9d71-55289e083fa5@group-EFD1D20A002C:t137, leader=null, voted=bf55b3f9-6b09-4365-9d71-55289e083fa5, raftlog=bf55b3f9-6b09-4365-9d71-55289e083fa5@group-EFD1D20A002C-SegmentedRaftLog:OPENED:c-1,f-1,i0, conf=-1: [f4c54511-b161-4347-aec5-5236dc80a0d8:0.0.0.0:41238, 907b9765-214b-4864-b66a-d6e2a5789e5c:0.0.0.0:41650, bf55b3f9-6b09-4365-9d71-55289e083fa5:0.0.0.0:42441], old=null
2019-10-16 18:00:45,798 [bf55b3f9-6b09-4365-9d71-55289e083fa5@group-EFD1D20A002C-LeaderElection119] INFO  impl.LeaderElection (LeaderElection.java:askForVotes(178)) - bf55b3f9-6b09-4365-9d71-55289e083fa5@group-EFD1D20A002C-LeaderElection119: begin an election at term 138 for -1: [f4c54511-b161-4347-aec5-5236dc80a0d8:0.0.0.0:41238, 907b9765-214b-4864-b66a-d6e2a5789e5c:0.0.0.0:41650, bf55b3f9-6b09-4365-9d71-55289e083fa5:0.0.0.0:42441], old=null
2019-10-16 18:00:45,801 [grpc-default-executor-1] INFO  impl.RaftServerImpl (RaftServerImpl.java:setRole(184)) - 907b9765-214b-4864-b66a-d6e2a5789e5c@group-EFD1D20A002C: changes role from  FOLLOWER to FOLLOWER at term 138 for recognizeCandidate:bf55b3f9-6b09-4365-9d71-55289e083fa5
2019-10-16 18:00:45,801 [grpc-default-executor-1] INFO  impl.RoleInfo (RoleInfo.java:shutdownFollowerState(121)) - 907b9765-214b-4864-b66a-d6e2a5789e5c: shutdown FollowerState
2019-10-16 18:00:45,801 [grpc-default-executor-3] INFO  impl.RaftServerImpl (RaftServerImpl.java:setRole(184)) - f4c54511-b161-4347-aec5-5236dc80a0d8@group-EFD1D20A002C: changes role from  FOLLOWER to FOLLOWER at term 138 for recognizeCandidate:bf55b3f9-6b09-4365-9d71-55289e083fa5
2019-10-16 18:00:45,801 [grpc-default-executor-3] INFO  impl.RoleInfo (RoleInfo.java:shutdownFollowerState(121)) - f4c54511-b161-4347-aec5-5236dc80a0d8: shutdown FollowerState
2019-10-16 18:00:45,801 [Thread-862] INFO  impl.FollowerState (FollowerState.java:run(117)) - 907b9765-214b-4864-b66a-d6e2a5789e5c@group-EFD1D20A002C-FollowerState was interrupted: java.lang.InterruptedException: sleep interrupted
2019-10-16 18:00:45,801 [Thread-861] INFO  impl.FollowerState (FollowerState.java:run(117)) - f4c54511-b161-4347-aec5-5236dc80a0d8@group-EFD1D20A002C-FollowerState was interrupted: java.lang.InterruptedException: sleep interrupted
2019-10-16 18:00:45,801 [grpc-default-executor-1] INFO  impl.RoleInfo (RoleInfo.java:updateAndGet(143)) - 907b9765-214b-4864-b66a-d6e2a5789e5c: start FollowerState
2019-10-16 18:00:45,801 [grpc-default-executor-3] INFO  impl.RoleInfo (RoleInfo.java:updateAndGet(143)) - f4c54511-b161-4347-aec5-5236dc80a0d8: start FollowerState
2019-10-16 18:00:45,825 [bf55b3f9-6b09-4365-9d71-55289e083fa5@group-EFD1D20A002C-LeaderElection119] INFO  impl.LeaderElection (LeaderElection.java:logAndReturn(56)) - bf55b3f9-6b09-4365-9d71-55289e083fa5@group-EFD1D20A002C-LeaderElection119: Election REJECTED; received 2 response(s) [bf55b3f9-6b09-4365-9d71-55289e083fa5<-f4c54511-b161-4347-aec5-5236dc80a0d8#0:FAIL-t138, bf55b3f9-6b09-4365-9d71-55289e083fa5<-907b9765-214b-4864-b66a-d6e2a5789e5c#0:FAIL-t138] and 0 exception(s); bf55b3f9-6b09-4365-9d71-55289e083fa5@group-EFD1D20A002C:t138, leader=null, voted=bf55b3f9-6b09-4365-9d71-55289e083fa5, raftlog=bf55b3f9-6b09-4365-9d71-55289e083fa5@group-EFD1D20A002C-SegmentedRaftLog:OPENED:c-1,f-1,i0, conf=-1: [f4c54511-b161-4347-aec5-5236dc80a0d8:0.0.0.0:41238, 907b9765-214b-4864-b66a-d6e2a5789e5c:0.0.0.0:41650, bf55b3f9-6b09-4365-9d71-55289e083fa5:0.0.0.0:42441], old=null
2019-10-16 18:00:45,825 [bf55b3f9-6b09-4365-9d71-55289e083fa5@group-EFD1D20A002C-LeaderElection119] INFO  impl.RaftServerImpl (RaftServerImpl.java:setRole(184)) - bf55b3f9-6b09-4365-9d71-55289e083fa5@group-EFD1D20A002C: changes role from CANDIDATE to FOLLOWER at term 138 for DISCOVERED_A_NEW_TERM
2019-10-16 18:00:45,825 [bf55b3f9-6b09-4365-9d71-55289e083fa5@group-EFD1D20A002C-LeaderElection119] INFO  impl.RoleInfo (RoleInfo.java:shutdownLeaderElection(134)) - bf55b3f9-6b09-4365-9d71-55289e083fa5: shutdown LeaderElection
2019-10-16 18:00:45,826 [bf55b3f9-6b09-4365-9d71-55289e083fa5@group-EFD1D20A002C-LeaderElection119] INFO  impl.RoleInfo (RoleInfo.java:updateAndGet(143)) - bf55b3f9-6b09-4365-9d71-55289e083fa5: start FollowerState
2019-10-16 18:00:45,962 [Thread-867] INFO  impl.FollowerState (FollowerState.java:run(108)) - bf55b3f9-6b09-4365-9d71-55289e083fa5@group-EFD1D20A002C-FollowerState: change to CANDIDATE, lastRpcTime:136ms, electionTimeout:136ms
2019-10-16 18:00:45,962 [Thread-867] INFO  impl.RoleInfo (RoleInfo.java:shutdownFollowerState(121)) - bf55b3f9-6b09-4365-9d71-55289e083fa5: shutdown FollowerState
2019-10-16 18:00:45,962 [Thread-867] INFO  impl.RaftServerImpl (RaftServerImpl.java:setRole(184)) - bf55b3f9-6b09-4365-9d71-55289e083fa5@group-EFD1D20A002C: changes role from  FOLLOWER to CANDIDATE at term 138 for changeToCandidate
2019-10-16 18:00:45,962 [Thread-867] INFO  impl.RoleInfo (RoleInfo.java:updateAndGet(143)) - bf55b3f9-6b09-4365-9d71-55289e083fa5: start LeaderElection
2019-10-16 18:00:45,975 [bf55b3f9-6b09-4365-9d71-55289e083fa5@group-EFD1D20A002C-LeaderElection120] INFO  impl.LeaderElection (LeaderElection.java:askForVotes(178)) - bf55b3f9-6b09-4365-9d71-55289e083fa5@group-EFD1D20A002C-LeaderElection120: begin an election at term 139 for -1: [f4c54511-b161-4347-aec5-5236dc80a0d8:0.0.0.0:41238, 907b9765-214b-4864-b66a-d6e2a5789e5c:0.0.0.0:41650, bf55b3f9-6b09-4365-9d71-55289e083fa5:0.0.0.0:42441], old=null
2019-10-16 18:00:45,978 [grpc-default-executor-3] INFO  impl.RaftServerImpl (RaftServerImpl.java:setRole(184)) - f4c54511-b161-4347-aec5-5236dc80a0d8@group-EFD1D20A002C: changes role from  FOLLOWER to FOLLOWER at term 139 for recognizeCandidate:bf55b3f9-6b09-4365-9d71-55289e083fa5
2019-10-16 18:00:45,978 [grpc-default-executor-1] INFO  impl.RaftServerImpl (RaftServerImpl.java:setRole(184)) - 907b9765-214b-4864-b66a-d6e2a5789e5c@group-EFD1D20A002C: changes role from  FOLLOWER to FOLLOWER at term 139 for recognizeCandidate:bf55b3f9-6b09-4365-9d71-55289e083fa5
2019-10-16 18:00:45,978 [grpc-default-executor-3] INFO  impl.RoleInfo (RoleInfo.java:shutdownFollowerState(121)) - f4c54511-b161-4347-aec5-5236dc80a0d8: shutdown FollowerState
2019-10-16 18:00:45,978 [grpc-default-executor-1] INFO  impl.RoleInfo (RoleInfo.java:shutdownFollowerState(121)) - 907b9765-214b-4864-b66a-d6e2a5789e5c: shutdown FollowerState
2019-10-16 18:00:45,979 [grpc-default-executor-3] INFO  impl.RoleInfo (RoleInfo.java:updateAndGet(143)) - f4c54511-b161-4347-aec5-5236dc80a0d8: start FollowerState
2019-10-16 18:00:45,979 [grpc-default-executor-1] INFO  impl.RoleInfo (RoleInfo.java:updateAndGet(143)) - 907b9765-214b-4864-b66a-d6e2a5789e5c: start FollowerState
2019-10-16 18:00:45,979 [Thread-866] INFO  impl.FollowerState (FollowerState.java:run(117)) - f4c54511-b161-4347-aec5-5236dc80a0d8@group-EFD1D20A002C-FollowerState was interrupted: java.lang.InterruptedException: sleep interrupted
2019-10-16 18:00:45,979 [Thread-865] INFO  impl.FollowerState (FollowerState.java:run(117)) - 907b9765-214b-4864-b66a-d6e2a5789e5c@group-EFD1D20A002C-FollowerState was interrupted: java.lang.InterruptedException: sleep interrupted
2019-10-16 18:00:46,002 [bf55b3f9-6b09-4365-9d71-55289e083fa5@group-EFD1D20A002C-LeaderElection120] INFO  impl.LeaderElection (LeaderElection.java:logAndReturn(56)) - bf55b3f9-6b09-4365-9d71-55289e083fa5@group-EFD1D20A002C-LeaderElection120: Election REJECTED; received 2 response(s) [bf55b3f9-6b09-4365-9d71-55289e083fa5<-f4c54511-b161-4347-aec5-5236dc80a0d8#0:FAIL-t139, bf55b3f9-6b09-4365-9d71-55289e083fa5<-907b9765-214b-4864-b66a-d6e2a5789e5c#0:FAIL-t139] and 0 exception(s); bf55b3f9-6b09-4365-9d71-55289e083fa5@group-EFD1D20A002C:t139, leader=null, voted=bf55b3f9-6b09-4365-9d71-55289e083fa5, raftlog=bf55b3f9-6b09-4365-9d71-55289e083fa5@group-EFD1D20A002C-SegmentedRaftLog:OPENED:c-1,f-1,i0, conf=-1: [f4c54511-b161-4347-aec5-5236dc80a0d8:0.0.0.0:41238, 907b9765-214b-4864-b66a-d6e2a5789e5c:0.0.0.0:41650, bf55b3f9-6b09-4365-9d71-55289e083fa5:0.0.0.0:42441], old=null
2019-10-16 18:00:46,002 [bf55b3f9-6b09-4365-9d71-55289e083fa5@group-EFD1D20A002C-LeaderElection120] INFO  impl.RaftServerImpl (RaftServerImpl.java:setRole(184)) - bf55b3f9-6b09-4365-9d71-55289e083fa5@group-EFD1D20A002C: changes role from CANDIDATE to FOLLOWER at term 139 for DISCOVERED_A_NEW_TERM
2019-10-16 18:00:46,003 [bf55b3f9-6b09-4365-9d71-55289e083fa5@group-EFD1D20A002C-LeaderElection120] INFO  impl.RoleInfo (RoleInfo.java:shutdownLeaderElection(134)) - bf55b3f9-6b09-4365-9d71-55289e083fa5: shutdown LeaderElection
2019-10-16 18:00:46,003 [bf55b3f9-6b09-4365-9d71-55289e083fa5@group-EFD1D20A002C-LeaderElection120] INFO  impl.RoleInfo (RoleInfo.java:updateAndGet(143)) - bf55b3f9-6b09-4365-9d71-55289e083fa5: start FollowerState
2019-10-16 18:00:46,115 [Thread-873] INFO  impl.FollowerState (FollowerState.java:run(108)) - bf55b3f9-6b09-4365-9d71-55289e083fa5@group-EFD1D20A002C-FollowerState: change to CANDIDATE, lastRpcTime:112ms, electionTimeout:112ms
2019-10-16 18:00:46,115 [Thread-873] INFO  impl.RoleInfo (RoleInfo.java:shutdownFollowerState(121)) - bf55b3f9-6b09-4365-9d71-55289e083fa5: shutdown FollowerState
2019-10-16 18:00:46,116 [Thread-873] INFO  impl.RaftServerImpl (RaftServerImpl.java:setRole(184)) - bf55b3f9-6b09-4365-9d71-55289e083fa5@group-EFD1D20A002C: changes role from  FOLLOWER to CANDIDATE at term 139 for changeToCandidate
2019-10-16 18:00:46,116 [Thread-873] INFO  impl.RoleInfo (RoleInfo.java:updateAndGet(143)) - bf55b3f9-6b09-4365-9d71-55289e083fa5: start LeaderElection
2019-10-16 18:00:46,143 [bf55b3f9-6b09-4365-9d71-55289e083fa5@group-EFD1D20A002C-LeaderElection121] INFO  impl.LeaderElection (LeaderElection.java:askForVotes(178)) - bf55b3f9-6b09-4365-9d71-55289e083fa5@group-EFD1D20A002C-LeaderElection121: begin an election at term 140 for -1: [f4c54511-b161-4347-aec5-5236dc80a0d8:0.0.0.0:41238, 907b9765-214b-4864-b66a-d6e2a5789e5c:0.0.0.0:41650, bf55b3f9-6b09-4365-9d71-55289e083fa5:0.0.0.0:42441], old=null
2019-10-16 18:00:46,146 [grpc-default-executor-1] INFO  impl.RaftServerImpl (RaftServerImpl.java:setRole(184)) - 907b9765-214b-4864-b66a-d6e2a5789e5c@group-EFD1D20A002C: changes role from  FOLLOWER to FOLLOWER at term 140 for recognizeCandidate:bf55b3f9-6b09-4365-9d71-55289e083fa5
2019-10-16 18:00:46,146 [grpc-default-executor-3] INFO  impl.RaftServerImpl (RaftServerImpl.java:setRole(184)) - f4c54511-b161-4347-aec5-5236dc80a0d8@group-EFD1D20A002C: changes role from  FOLLOWER to FOLLOWER at term 140 for recognizeCandidate:bf55b3f9-6b09-4365-9d71-55289e083fa5
2019-10-16 18:00:46,147 [grpc-default-executor-3] INFO  impl.RoleInfo (RoleInfo.java:shutdownFollowerState(121)) - f4c54511-b161-4347-aec5-5236dc80a0d8: shutdown FollowerState
2019-10-16 18:00:46,147 [grpc-default-executor-1] INFO  impl.RoleInfo (RoleInfo.java:shutdownFollowerState(121)) - 907b9765-214b-4864-b66a-d6e2a5789e5c: shutdown FollowerState
2019-10-16 18:00:46,147 [Thread-871] INFO  impl.FollowerState (FollowerState.java:run(117)) - f4c54511-b161-4347-aec5-5236dc80a0d8@group-EFD1D20A002C-FollowerState was interrupted: java.lang.InterruptedException: sleep interrupted
2019-10-16 18:00:46,147 [Thread-872] INFO  impl.FollowerState (FollowerState.java:run(117)) - 907b9765-214b-4864-b66a-d6e2a5789e5c@group-EFD1D20A002C-FollowerState was interrupted: java.lang.InterruptedException: sleep interrupted
2019-10-16 18:00:46,147 [grpc-default-executor-3] INFO  impl.RoleInfo (RoleInfo.java:updateAndGet(143)) - f4c54511-b161-4347-aec5-5236dc80a0d8: start FollowerState
2019-10-16 18:00:46,147 [grpc-default-executor-1] INFO  impl.RoleInfo (RoleInfo.java:updateAndGet(143)) - 907b9765-214b-4864-b66a-d6e2a5789e5c: start FollowerState
2019-10-16 18:00:46,161 [bf55b3f9-6b09-4365-9d71-55289e083fa5@group-EFD1D20A002C-LeaderElection121] INFO  impl.LeaderElection (LeaderElection.java:logAndReturn(56)) - bf55b3f9-6b09-4365-9d71-55289e083fa5@group-EFD1D20A002C-LeaderElection121: Election REJECTED; received 2 response(s) [bf55b3f9-6b09-4365-9d71-55289e083fa5<-f4c54511-b161-4347-aec5-5236dc80a0d8#0:FAIL-t140, bf55b3f9-6b09-4365-9d71-55289e083fa5<-907b9765-214b-4864-b66a-d6e2a5789e5c#0:FAIL-t140] and 0 exception(s); bf55b3f9-6b09-4365-9d71-55289e083fa5@group-EFD1D20A002C:t140, leader=null, voted=bf55b3f9-6b09-4365-9d71-55289e083fa5, raftlog=bf55b3f9-6b09-4365-9d71-55289e083fa5@group-EFD1D20A002C-SegmentedRaftLog:OPENED:c-1,f-1,i0, conf=-1: [f4c54511-b161-4347-aec5-5236dc80a0d8:0.0.0.0:41238, 907b9765-214b-4864-b66a-d6e2a5789e5c:0.0.0.0:41650, bf55b3f9-6b09-4365-9d71-55289e083fa5:0.0.0.0:42441], old=null
2019-10-16 18:00:46,162 [bf55b3f9-6b09-4365-9d71-55289e083fa5@group-EFD1D20A002C-LeaderElection121] INFO  impl.RaftServerImpl (RaftServerImpl.java:setRole(184)) - bf55b3f9-6b09-4365-9d71-55289e083fa5@group-EFD1D20A002C: changes role from CANDIDATE to FOLLOWER at term 140 for DISCOVERED_A_NEW_TERM
2019-10-16 18:00:46,162 [bf55b3f9-6b09-4365-9d71-55289e083fa5@group-EFD1D20A002C-LeaderElection121] INFO  impl.RoleInfo (RoleInfo.java:shutdownLeaderElection(134)) - bf55b3f9-6b09-4365-9d71-55289e083fa5: shutdown LeaderElection
2019-10-16 18:00:46,162 [bf55b3f9-6b09-4365-9d71-55289e083fa5@group-EFD1D20A002C-LeaderElection121] INFO  impl.RoleInfo (RoleInfo.java:updateAndGet(143)) - bf55b3f9-6b09-4365-9d71-55289e083fa5: start FollowerState
2019-10-16 18:00:46,336 [Thread-879] INFO  impl.FollowerState (FollowerState.java:run(108)) - bf55b3f9-6b09-4365-9d71-55289e083fa5@group-EFD1D20A002C-FollowerState: change to CANDIDATE, lastRpcTime:174ms, electionTimeout:174ms
2019-10-16 18:00:46,337 [Thread-879] INFO  impl.RoleInfo (RoleInfo.java:shutdownFollowerState(121)) - bf55b3f9-6b09-4365-9d71-55289e083fa5: shutdown FollowerState
2019-10-16 18:00:46,337 [Thread-879] INFO  impl.RaftServerImpl (RaftServerImpl.java:setRole(184)) - bf55b3f9-6b09-4365-9d71-55289e083fa5@group-EFD1D20A002C: changes role from  FOLLOWER to CANDIDATE at term 140 for changeToCandidate
2019-10-16 18:00:46,337 [Thread-879] INFO  impl.RoleInfo (RoleInfo.java:updateAndGet(143)) - bf55b3f9-6b09-4365-9d71-55289e083fa5: start LeaderElection
2019-10-16 18:00:46,361 [bf55b3f9-6b09-4365-9d71-55289e083fa5@group-EFD1D20A002C-LeaderElection122] INFO  impl.LeaderElection (LeaderElection.java:askForVotes(178)) - bf55b3f9-6b09-4365-9d71-55289e083fa5@group-EFD1D20A002C-LeaderElection122: begin an election at term 141 for -1: [f4c54511-b161-4347-aec5-5236dc80a0d8:0.0.0.0:41238, 907b9765-214b-4864-b66a-d6e2a5789e5c:0.0.0.0:41650, bf55b3f9-6b09-4365-9d71-55289e083fa5:0.0.0.0:42441], old=null
2019-10-16 18:00:46,364 [grpc-default-executor-3] INFO  impl.RaftServerImpl (RaftServerImpl.java:setRole(184)) - 907b9765-214b-4864-b66a-d6e2a5789e5c@group-EFD1D20A002C: changes role from  FOLLOWER to FOLLOWER at term 141 for recognizeCandidate:bf55b3f9-6b09-4365-9d71-55289e083fa5
2019-10-16 18:00:46,364 [grpc-default-executor-1] INFO  impl.RaftServerImpl (RaftServerImpl.java:setRole(184)) - f4c54511-b161-4347-aec5-5236dc80a0d8@group-EFD1D20A002C: changes role from  FOLLOWER to FOLLOWER at term 141 for recognizeCandidate:bf55b3f9-6b09-4365-9d71-55289e083fa5
2019-10-16 18:00:46,364 [grpc-default-executor-3] INFO  impl.RoleInfo (RoleInfo.java:shutdownFollowerState(121)) - 907b9765-214b-4864-b66a-d6e2a5789e5c: shutdown FollowerState
2019-10-16 18:00:46,364 [grpc-default-executor-1] INFO  impl.RoleInfo (RoleInfo.java:shutdownFollowerState(121)) - f4c54511-b161-4347-aec5-5236dc80a0d8: shutdown FollowerState
2019-10-16 18:00:46,364 [grpc-default-executor-3] INFO  impl.RoleInfo (RoleInfo.java:updateAndGet(143)) - 907b9765-214b-4864-b66a-d6e2a5789e5c: start FollowerState
2019-10-16 18:00:46,364 [grpc-default-executor-1] INFO  impl.RoleInfo (RoleInfo.java:updateAndGet(143)) - f4c54511-b161-4347-aec5-5236dc80a0d8: start FollowerState
2019-10-16 18:00:46,364 [Thread-878] INFO  impl.FollowerState (FollowerState.java:run(117)) - 907b9765-214b-4864-b66a-d6e2a5789e5c@group-EFD1D20A002C-FollowerState was interrupted: java.lang.InterruptedException: sleep interrupted
2019-10-16 18:00:46,365 [Thread-877] INFO  impl.FollowerState (FollowerState.java:run(117)) - f4c54511-b161-4347-aec5-5236dc80a0d8@group-EFD1D20A002C-FollowerState was interrupted: java.lang.InterruptedException: sleep interrupted
2019-10-16 18:00:46,388 [bf55b3f9-6b09-4365-9d71-55289e083fa5@group-EFD1D20A002C-LeaderElection122] INFO  impl.LeaderElection (LeaderElection.java:logAndReturn(56)) - bf55b3f9-6b09-4365-9d71-55289e083fa5@group-EFD1D20A002C-LeaderElection122: Election REJECTED; received 2 response(s) [bf55b3f9-6b09-4365-9d71-55289e083fa5<-f4c54511-b161-4347-aec5-5236dc80a0d8#0:FAIL-t141, bf55b3f9-6b09-4365-9d71-55289e083fa5<-907b9765-214b-4864-b66a-d6e2a5789e5c#0:FAIL-t141] and 0 exception(s); bf55b3f9-6b09-4365-9d71-55289e083fa5@group-EFD1D20A002C:t141, leader=null, voted=bf55b3f9-6b09-4365-9d71-55289e083fa5, raftlog=bf55b3f9-6b09-4365-9d71-55289e083fa5@group-EFD1D20A002C-SegmentedRaftLog:OPENED:c-1,f-1,i0, conf=-1: [f4c54511-b161-4347-aec5-5236dc80a0d8:0.0.0.0:41238, 907b9765-214b-4864-b66a-d6e2a5789e5c:0.0.0.0:41650, bf55b3f9-6b09-4365-9d71-55289e083fa5:0.0.0.0:42441], old=null
2019-10-16 18:00:46,388 [bf55b3f9-6b09-4365-9d71-55289e083fa5@group-EFD1D20A002C-LeaderElection122] INFO  impl.RaftServerImpl (RaftServerImpl.java:setRole(184)) - bf55b3f9-6b09-4365-9d71-55289e083fa5@group-EFD1D20A002C: changes role from CANDIDATE to FOLLOWER at term 141 for DISCOVERED_A_NEW_TERM
2019-10-16 18:00:46,388 [bf55b3f9-6b09-4365-9d71-55289e083fa5@group-EFD1D20A002C-LeaderElection122] INFO  impl.RoleInfo (RoleInfo.java:shutdownLeaderElection(134)) - bf55b3f9-6b09-4365-9d71-55289e083fa5: shutdown LeaderElection
2019-10-16 18:00:46,388 [bf55b3f9-6b09-4365-9d71-55289e083fa5@group-EFD1D20A002C-LeaderElection122] INFO  impl.RoleInfo (RoleInfo.java:updateAndGet(143)) - bf55b3f9-6b09-4365-9d71-55289e083fa5: start FollowerState
2019-10-16 18:00:46,512 [Thread-885] INFO  impl.FollowerState (FollowerState.java:run(108)) - bf55b3f9-6b09-4365-9d71-55289e083fa5@group-EFD1D20A002C-FollowerState: change to CANDIDATE, lastRpcTime:123ms, electionTimeout:123ms
2019-10-16 18:00:46,512 [Thread-885] INFO  impl.RoleInfo (RoleInfo.java:shutdownFollowerState(121)) - bf55b3f9-6b09-4365-9d71-55289e083fa5: shutdown FollowerState
2019-10-16 18:00:46,512 [Thread-885] INFO  impl.RaftServerImpl (RaftServerImpl.java:setRole(184)) - bf55b3f9-6b09-4365-9d71-55289e083fa5@group-EFD1D20A002C: changes role from  FOLLOWER to CANDIDATE at term 141 for changeToCandidate
2019-10-16 18:00:46,512 [Thread-885] INFO  impl.RoleInfo (RoleInfo.java:updateAndGet(143)) - bf55b3f9-6b09-4365-9d71-55289e083fa5: start LeaderElection
2019-10-16 18:00:46,540 [bf55b3f9-6b09-4365-9d71-55289e083fa5@group-EFD1D20A002C-LeaderElection123] INFO  impl.LeaderElection (LeaderElection.java:askForVotes(178)) - bf55b3f9-6b09-4365-9d71-55289e083fa5@group-EFD1D20A002C-LeaderElection123: begin an election at term 142 for -1: [f4c54511-b161-4347-aec5-5236dc80a0d8:0.0.0.0:41238, 907b9765-214b-4864-b66a-d6e2a5789e5c:0.0.0.0:41650, bf55b3f9-6b09-4365-9d71-55289e083fa5:0.0.0.0:42441], old=null
2019-10-16 18:00:46,542 [grpc-default-executor-3] INFO  impl.RaftServerImpl (RaftServerImpl.java:setRole(184)) - f4c54511-b161-4347-aec5-5236dc80a0d8@group-EFD1D20A002C: changes role from  FOLLOWER to FOLLOWER at term 142 for recognizeCandidate:bf55b3f9-6b09-4365-9d71-55289e083fa5
2019-10-16 18:00:46,542 [grpc-default-executor-3] INFO  impl.RoleInfo (RoleInfo.java:shutdownFollowerState(121)) - f4c54511-b161-4347-aec5-5236dc80a0d8: shutdown FollowerState
2019-10-16 18:00:46,542 [grpc-default-executor-1] INFO  impl.RaftServerImpl (RaftServerImpl.java:setRole(184)) - 907b9765-214b-4864-b66a-d6e2a5789e5c@group-EFD1D20A002C: changes role from  FOLLOWER to FOLLOWER at term 142 for recognizeCandidate:bf55b3f9-6b09-4365-9d71-55289e083fa5
2019-10-16 18:00:46,542 [Thread-884] INFO  impl.FollowerState (FollowerState.java:run(117)) - f4c54511-b161-4347-aec5-5236dc80a0d8@group-EFD1D20A002C-FollowerState was interrupted: java.lang.InterruptedException: sleep interrupted
2019-10-16 18:00:46,542 [grpc-default-executor-1] INFO  impl.RoleInfo (RoleInfo.java:shutdownFollowerState(121)) - 907b9765-214b-4864-b66a-d6e2a5789e5c: shutdown FollowerState
2019-10-16 18:00:46,542 [grpc-default-executor-3] INFO  impl.RoleInfo (RoleInfo.java:updateAndGet(143)) - f4c54511-b161-4347-aec5-5236dc80a0d8: start FollowerState
2019-10-16 18:00:46,543 [Thread-883] INFO  impl.FollowerState (FollowerState.java:run(117)) - 907b9765-214b-4864-b66a-d6e2a5789e5c@group-EFD1D20A002C-FollowerState was interrupted: java.lang.InterruptedException: sleep interrupted
2019-10-16 18:00:46,542 [grpc-default-executor-1] INFO  impl.RoleInfo (RoleInfo.java:updateAndGet(143)) - 907b9765-214b-4864-b66a-d6e2a5789e5c: start FollowerState
2019-10-16 18:00:46,566 [bf55b3f9-6b09-4365-9d71-55289e083fa5@group-EFD1D20A002C-LeaderElection123] INFO  impl.LeaderElection (LeaderElection.java:logAndReturn(56)) - bf55b3f9-6b09-4365-9d71-55289e083fa5@group-EFD1D20A002C-LeaderElection123: Election REJECTED; received 2 response(s) [bf55b3f9-6b09-4365-9d71-55289e083fa5<-f4c54511-b161-4347-aec5-5236dc80a0d8#0:FAIL-t142, bf55b3f9-6b09-4365-9d71-55289e083fa5<-907b9765-214b-4864-b66a-d6e2a5789e5c#0:FAIL-t142] and 0 exception(s); bf55b3f9-6b09-4365-9d71-55289e083fa5@group-EFD1D20A002C:t142, leader=null, voted=bf55b3f9-6b09-4365-9d71-55289e083fa5, raftlog=bf55b3f9-6b09-4365-9d71-55289e083fa5@group-EFD1D20A002C-SegmentedRaftLog:OPENED:c-1,f-1,i0, conf=-1: [f4c54511-b161-4347-aec5-5236dc80a0d8:0.0.0.0:41238, 907b9765-214b-4864-b66a-d6e2a5789e5c:0.0.0.0:41650, bf55b3f9-6b09-4365-9d71-55289e083fa5:0.0.0.0:42441], old=null
2019-10-16 18:00:46,566 [bf55b3f9-6b09-4365-9d71-55289e083fa5@group-EFD1D20A002C-LeaderElection123] INFO  impl.RaftServerImpl (RaftServerImpl.java:setRole(184)) - bf55b3f9-6b09-4365-9d71-55289e083fa5@group-EFD1D20A002C: changes role from CANDIDATE to FOLLOWER at term 142 for DISCOVERED_A_NEW_TERM
2019-10-16 18:00:46,566 [bf55b3f9-6b09-4365-9d71-55289e083fa5@group-EFD1D20A002C-LeaderElection123] INFO  impl.RoleInfo (RoleInfo.java:shutdownLeaderElection(134)) - bf55b3f9-6b09-4365-9d71-55289e083fa5: shutdown LeaderElection
2019-10-16 18:00:46,566 [bf55b3f9-6b09-4365-9d71-55289e083fa5@group-EFD1D20A002C-LeaderElection123] INFO  impl.RoleInfo (RoleInfo.java:updateAndGet(143)) - bf55b3f9-6b09-4365-9d71-55289e083fa5: start FollowerState
2019-10-16 18:00:46,737 [Thread-891] INFO  impl.FollowerState (FollowerState.java:run(108)) - bf55b3f9-6b09-4365-9d71-55289e083fa5@group-EFD1D20A002C-FollowerState: change to CANDIDATE, lastRpcTime:170ms, electionTimeout:170ms
2019-10-16 18:00:46,738 [Thread-891] INFO  impl.RoleInfo (RoleInfo.java:shutdownFollowerState(121)) - bf55b3f9-6b09-4365-9d71-55289e083fa5: shutdown FollowerState
2019-10-16 18:00:46,738 [Thread-891] INFO  impl.RaftServerImpl (RaftServerImpl.java:setRole(184)) - bf55b3f9-6b09-4365-9d71-55289e083fa5@group-EFD1D20A002C: changes role from  FOLLOWER to CANDIDATE at term 142 for changeToCandidate
2019-10-16 18:00:46,739 [Thread-891] INFO  impl.RoleInfo (RoleInfo.java:updateAndGet(143)) - bf55b3f9-6b09-4365-9d71-55289e083fa5: start LeaderElection
2019-10-16 18:00:46,767 [bf55b3f9-6b09-4365-9d71-55289e083fa5@group-EFD1D20A002C-LeaderElection124] INFO  impl.LeaderElection (LeaderElection.java:askForVotes(178)) - bf55b3f9-6b09-4365-9d71-55289e083fa5@group-EFD1D20A002C-LeaderElection124: begin an election at term 143 for -1: [f4c54511-b161-4347-aec5-5236dc80a0d8:0.0.0.0:41238, 907b9765-214b-4864-b66a-d6e2a5789e5c:0.0.0.0:41650, bf55b3f9-6b09-4365-9d71-55289e083fa5:0.0.0.0:42441], old=null
2019-10-16 18:00:46,771 [grpc-default-executor-3] INFO  impl.RaftServerImpl (RaftServerImpl.java:setRole(184)) - 907b9765-214b-4864-b66a-d6e2a5789e5c@group-EFD1D20A002C: changes role from  FOLLOWER to FOLLOWER at term 143 for recognizeCandidate:bf55b3f9-6b09-4365-9d71-55289e083fa5
2019-10-16 18:00:46,771 [grpc-default-executor-1] INFO  impl.RaftServerImpl (RaftServerImpl.java:setRole(184)) - f4c54511-b161-4347-aec5-5236dc80a0d8@group-EFD1D20A002C: changes role from  FOLLOWER to FOLLOWER at term 143 for recognizeCandidate:bf55b3f9-6b09-4365-9d71-55289e083fa5
2019-10-16 18:00:46,772 [grpc-default-executor-1] INFO  impl.RoleInfo (RoleInfo.java:shutdownFollowerState(121)) - f4c54511-b161-4347-aec5-5236dc80a0d8: shutdown FollowerState
2019-10-16 18:00:46,771 [grpc-default-executor-3] INFO  impl.RoleInfo (RoleInfo.java:shutdownFollowerState(121)) - 907b9765-214b-4864-b66a-d6e2a5789e5c: shutdown FollowerState
2019-10-16 18:00:46,772 [Thread-889] INFO  impl.FollowerState (FollowerState.java:run(117)) - f4c54511-b161-4347-aec5-5236dc80a0d8@group-EFD1D20A002C-FollowerState was interrupted: java.lang.InterruptedException: sleep interrupted
2019-10-16 18:00:46,772 [Thread-890] INFO  impl.FollowerState (FollowerState.java:run(117)) - 907b9765-214b-4864-b66a-d6e2a5789e5c@group-EFD1D20A002C-FollowerState was interrupted: java.lang.InterruptedException: sleep interrupted
2019-10-16 18:00:46,772 [grpc-default-executor-1] INFO  impl.RoleInfo (RoleInfo.java:updateAndGet(143)) - f4c54511-b161-4347-aec5-5236dc80a0d8: start FollowerState
2019-10-16 18:00:46,772 [grpc-default-executor-3] INFO  impl.RoleInfo (RoleInfo.java:updateAndGet(143)) - 907b9765-214b-4864-b66a-d6e2a5789e5c: start FollowerState
2019-10-16 18:00:46,795 [bf55b3f9-6b09-4365-9d71-55289e083fa5@group-EFD1D20A002C-LeaderElection124] INFO  impl.LeaderElection (LeaderElection.java:logAndReturn(56)) - bf55b3f9-6b09-4365-9d71-55289e083fa5@group-EFD1D20A002C-LeaderElection124: Election TIMEOUT; received 0 response(s) [] and 0 exception(s); bf55b3f9-6b09-4365-9d71-55289e083fa5@group-EFD1D20A002C:t143, leader=null, voted=bf55b3f9-6b09-4365-9d71-55289e083fa5, raftlog=bf55b3f9-6b09-4365-9d71-55289e083fa5@group-EFD1D20A002C-SegmentedRaftLog:OPENED:c-1,f-1,i0, conf=-1: [f4c54511-b161-4347-aec5-5236dc80a0d8:0.0.0.0:41238, 907b9765-214b-4864-b66a-d6e2a5789e5c:0.0.0.0:41650, bf55b3f9-6b09-4365-9d71-55289e083fa5:0.0.0.0:42441], old=null
2019-10-16 18:00:46,818 [bf55b3f9-6b09-4365-9d71-55289e083fa5@group-EFD1D20A002C-LeaderElection124] INFO  impl.LeaderElection (LeaderElection.java:askForVotes(178)) - bf55b3f9-6b09-4365-9d71-55289e083fa5@group-EFD1D20A002C-LeaderElection124: begin an election at term 144 for -1: [f4c54511-b161-4347-aec5-5236dc80a0d8:0.0.0.0:41238, 907b9765-214b-4864-b66a-d6e2a5789e5c:0.0.0.0:41650, bf55b3f9-6b09-4365-9d71-55289e083fa5:0.0.0.0:42441], old=null
2019-10-16 18:00:46,820 [grpc-default-executor-3] INFO  impl.RaftServerImpl (RaftServerImpl.java:setRole(184)) - 907b9765-214b-4864-b66a-d6e2a5789e5c@group-EFD1D20A002C: changes role from  FOLLOWER to FOLLOWER at term 144 for recognizeCandidate:bf55b3f9-6b09-4365-9d71-55289e083fa5
2019-10-16 18:00:46,820 [grpc-default-executor-1] INFO  impl.RaftServerImpl (RaftServerImpl.java:setRole(184)) - f4c54511-b161-4347-aec5-5236dc80a0d8@group-EFD1D20A002C: changes role from  FOLLOWER to FOLLOWER at term 144 for recognizeCandidate:bf55b3f9-6b09-4365-9d71-55289e083fa5
2019-10-16 18:00:46,821 [grpc-default-executor-1] INFO  impl.RoleInfo (RoleInfo.java:shutdownFollowerState(121)) - f4c54511-b161-4347-aec5-5236dc80a0d8: shutdown FollowerState
2019-10-16 18:00:46,821 [grpc-default-executor-3] INFO  impl.RoleInfo (RoleInfo.java:shutdownFollowerState(121)) - 907b9765-214b-4864-b66a-d6e2a5789e5c: shutdown FollowerState
2019-10-16 18:00:46,821 [Thread-897] INFO  impl.FollowerState (FollowerState.java:run(117)) - f4c54511-b161-4347-aec5-5236dc80a0d8@group-EFD1D20A002C-FollowerState was interrupted: java.lang.InterruptedException: sleep interrupted
2019-10-16 18:00:46,821 [grpc-default-executor-1] INFO  impl.RoleInfo (RoleInfo.java:updateAndGet(143)) - f4c54511-b161-4347-aec5-5236dc80a0d8: start FollowerState
2019-10-16 18:00:46,821 [Thread-898] INFO  impl.FollowerState (FollowerState.java:run(117)) - 907b9765-214b-4864-b66a-d6e2a5789e5c@group-EFD1D20A002C-FollowerState was interrupted: java.lang.InterruptedException: sleep interrupted
2019-10-16 18:00:46,821 [grpc-default-executor-3] INFO  impl.RoleInfo (RoleInfo.java:updateAndGet(143)) - 907b9765-214b-4864-b66a-d6e2a5789e5c: start FollowerState
2019-10-16 18:00:46,844 [bf55b3f9-6b09-4365-9d71-55289e083fa5@group-EFD1D20A002C-LeaderElection124] INFO  impl.LeaderElection (LeaderElection.java:logAndReturn(56)) - bf55b3f9-6b09-4365-9d71-55289e083fa5@group-EFD1D20A002C-LeaderElection124: Election REJECTED; received 2 response(s) [bf55b3f9-6b09-4365-9d71-55289e083fa5<-f4c54511-b161-4347-aec5-5236dc80a0d8#0:FAIL-t144, bf55b3f9-6b09-4365-9d71-55289e083fa5<-907b9765-214b-4864-b66a-d6e2a5789e5c#0:FAIL-t144] and 0 exception(s); bf55b3f9-6b09-4365-9d71-55289e083fa5@group-EFD1D20A002C:t144, leader=null, voted=bf55b3f9-6b09-4365-9d71-55289e083fa5, raftlog=bf55b3f9-6b09-4365-9d71-55289e083fa5@group-EFD1D20A002C-SegmentedRaftLog:OPENED:c-1,f-1,i0, conf=-1: [f4c54511-b161-4347-aec5-5236dc80a0d8:0.0.0.0:41238, 907b9765-214b-4864-b66a-d6e2a5789e5c:0.0.0.0:41650, bf55b3f9-6b09-4365-9d71-55289e083fa5:0.0.0.0:42441], old=null
2019-10-16 18:00:46,845 [bf55b3f9-6b09-4365-9d71-55289e083fa5@group-EFD1D20A002C-LeaderElection124] INFO  impl.RaftServerImpl (RaftServerImpl.java:setRole(184)) - bf55b3f9-6b09-4365-9d71-55289e083fa5@group-EFD1D20A002C: changes role from CANDIDATE to FOLLOWER at term 144 for DISCOVERED_A_NEW_TERM
2019-10-16 18:00:46,845 [bf55b3f9-6b09-4365-9d71-55289e083fa5@group-EFD1D20A002C-LeaderElection124] INFO  impl.RoleInfo (RoleInfo.java:shutdownLeaderElection(134)) - bf55b3f9-6b09-4365-9d71-55289e083fa5: shutdown LeaderElection
2019-10-16 18:00:46,845 [bf55b3f9-6b09-4365-9d71-55289e083fa5@group-EFD1D20A002C-LeaderElection124] INFO  impl.RoleInfo (RoleInfo.java:updateAndGet(143)) - bf55b3f9-6b09-4365-9d71-55289e083fa5: start FollowerState
2019-10-16 18:00:46,965 [Thread-903] INFO  impl.FollowerState (FollowerState.java:run(108)) - bf55b3f9-6b09-4365-9d71-55289e083fa5@group-EFD1D20A002C-FollowerState: change to CANDIDATE, lastRpcTime:120ms, electionTimeout:120ms
2019-10-16 18:00:46,966 [Thread-903] INFO  impl.RoleInfo (RoleInfo.java:shutdownFollowerState(121)) - bf55b3f9-6b09-4365-9d71-55289e083fa5: shutdown FollowerState
2019-10-16 18:00:46,966 [Thread-903] INFO  impl.RaftServerImpl (RaftServerImpl.java:setRole(184)) - bf55b3f9-6b09-4365-9d71-55289e083fa5@group-EFD1D20A002C: changes role from  FOLLOWER to CANDIDATE at term 144 for changeToCandidate
2019-10-16 18:00:46,966 [Thread-903] INFO  impl.RoleInfo (RoleInfo.java:updateAndGet(143)) - bf55b3f9-6b09-4365-9d71-55289e083fa5: start LeaderElection
2019-10-16 18:00:46,986 [bf55b3f9-6b09-4365-9d71-55289e083fa5@group-EFD1D20A002C-LeaderElection125] INFO  impl.LeaderElection (LeaderElection.java:askForVotes(178)) - bf55b3f9-6b09-4365-9d71-55289e083fa5@group-EFD1D20A002C-LeaderElection125: begin an election at term 145 for -1: [f4c54511-b161-4347-aec5-5236dc80a0d8:0.0.0.0:41238, 907b9765-214b-4864-b66a-d6e2a5789e5c:0.0.0.0:41650, bf55b3f9-6b09-4365-9d71-55289e083fa5:0.0.0.0:42441], old=null
2019-10-16 18:00:46,989 [grpc-default-executor-1] INFO  impl.RaftServerImpl (RaftServerImpl.java:setRole(184)) - 907b9765-214b-4864-b66a-d6e2a5789e5c@group-EFD1D20A002C: changes role from  FOLLOWER to FOLLOWER at term 145 for recognizeCandidate:bf55b3f9-6b09-4365-9d71-55289e083fa5
2019-10-16 18:00:46,989 [grpc-default-executor-1] INFO  impl.RoleInfo (RoleInfo.java:shutdownFollowerState(121)) - 907b9765-214b-4864-b66a-d6e2a5789e5c: shutdown FollowerState
2019-10-16 18:00:46,989 [grpc-default-executor-3] INFO  impl.RaftServerImpl (RaftServerImpl.java:setRole(184)) - f4c54511-b161-4347-aec5-5236dc80a0d8@group-EFD1D20A002C: changes role from  FOLLOWER to FOLLOWER at term 145 for recognizeCandidate:bf55b3f9-6b09-4365-9d71-55289e083fa5
2019-10-16 18:00:46,989 [Thread-902] INFO  impl.FollowerState (FollowerState.java:run(117)) - 907b9765-214b-4864-b66a-d6e2a5789e5c@group-EFD1D20A002C-FollowerState was interrupted: java.lang.InterruptedException: sleep interrupted
2019-10-16 18:00:46,989 [grpc-default-executor-1] INFO  impl.RoleInfo (RoleInfo.java:updateAndGet(143)) - 907b9765-214b-4864-b66a-d6e2a5789e5c: start FollowerState
2019-10-16 18:00:46,990 [grpc-default-executor-3] INFO  impl.RoleInfo (RoleInfo.java:shutdownFollowerState(121)) - f4c54511-b161-4347-aec5-5236dc80a0d8: shutdown FollowerState
2019-10-16 18:00:46,990 [grpc-default-executor-3] INFO  impl.RoleInfo (RoleInfo.java:updateAndGet(143)) - f4c54511-b161-4347-aec5-5236dc80a0d8: start FollowerState
2019-10-16 18:00:46,990 [Thread-901] INFO  impl.FollowerState (FollowerState.java:run(117)) - f4c54511-b161-4347-aec5-5236dc80a0d8@group-EFD1D20A002C-FollowerState was interrupted: java.lang.InterruptedException: sleep interrupted
2019-10-16 18:00:47,012 [bf55b3f9-6b09-4365-9d71-55289e083fa5@group-EFD1D20A002C-LeaderElection125] INFO  impl.LeaderElection (LeaderElection.java:logAndReturn(56)) - bf55b3f9-6b09-4365-9d71-55289e083fa5@group-EFD1D20A002C-LeaderElection125: Election REJECTED; received 2 response(s) [bf55b3f9-6b09-4365-9d71-55289e083fa5<-f4c54511-b161-4347-aec5-5236dc80a0d8#0:FAIL-t145, bf55b3f9-6b09-4365-9d71-55289e083fa5<-907b9765-214b-4864-b66a-d6e2a5789e5c#0:FAIL-t145] and 0 exception(s); bf55b3f9-6b09-4365-9d71-55289e083fa5@group-EFD1D20A002C:t145, leader=null, voted=bf55b3f9-6b09-4365-9d71-55289e083fa5, raftlog=bf55b3f9-6b09-4365-9d71-55289e083fa5@group-EFD1D20A002C-SegmentedRaftLog:OPENED:c-1,f-1,i0, conf=-1: [f4c54511-b161-4347-aec5-5236dc80a0d8:0.0.0.0:41238, 907b9765-214b-4864-b66a-d6e2a5789e5c:0.0.0.0:41650, bf55b3f9-6b09-4365-9d71-55289e083fa5:0.0.0.0:42441], old=null
2019-10-16 18:00:47,013 [bf55b3f9-6b09-4365-9d71-55289e083fa5@group-EFD1D20A002C-LeaderElection125] INFO  impl.RaftServerImpl (RaftServerImpl.java:setRole(184)) - bf55b3f9-6b09-4365-9d71-55289e083fa5@group-EFD1D20A002C: changes role from CANDIDATE to FOLLOWER at term 145 for DISCOVERED_A_NEW_TERM
2019-10-16 18:00:47,013 [bf55b3f9-6b09-4365-9d71-55289e083fa5@group-EFD1D20A002C-LeaderElection125] INFO  impl.RoleInfo (RoleInfo.java:shutdownLeaderElection(134)) - bf55b3f9-6b09-4365-9d71-55289e083fa5: shutdown LeaderElection
2019-10-16 18:00:47,013 [bf55b3f9-6b09-4365-9d71-55289e083fa5@group-EFD1D20A002C-LeaderElection125] INFO  impl.RoleInfo (RoleInfo.java:updateAndGet(143)) - bf55b3f9-6b09-4365-9d71-55289e083fa5: start FollowerState
2019-10-16 18:00:47,099 [Thread-909] INFO  impl.FollowerState (FollowerState.java:run(108)) - bf55b3f9-6b09-4365-9d71-55289e083fa5@group-EFD1D20A002C-FollowerState: change to CANDIDATE, lastRpcTime:86ms, electionTimeout:86ms
2019-10-16 18:00:47,100 [Thread-909] INFO  impl.RoleInfo (RoleInfo.java:shutdownFollowerState(121)) - bf55b3f9-6b09-4365-9d71-55289e083fa5: shutdown FollowerState
2019-10-16 18:00:47,100 [Thread-909] INFO  impl.RaftServerImpl (RaftServerImpl.java:setRole(184)) - bf55b3f9-6b09-4365-9d71-55289e083fa5@group-EFD1D20A002C: changes role from  FOLLOWER to CANDIDATE at term 145 for changeToCandidate
2019-10-16 18:00:47,100 [Thread-909] INFO  impl.RoleInfo (RoleInfo.java:updateAndGet(143)) - bf55b3f9-6b09-4365-9d71-55289e083fa5: start LeaderElection
2019-10-16 18:00:47,113 [bf55b3f9-6b09-4365-9d71-55289e083fa5@group-EFD1D20A002C-LeaderElection126] INFO  impl.LeaderElection (LeaderElection.java:askForVotes(178)) - bf55b3f9-6b09-4365-9d71-55289e083fa5@group-EFD1D20A002C-LeaderElection126: begin an election at term 146 for -1: [f4c54511-b161-4347-aec5-5236dc80a0d8:0.0.0.0:41238, 907b9765-214b-4864-b66a-d6e2a5789e5c:0.0.0.0:41650, bf55b3f9-6b09-4365-9d71-55289e083fa5:0.0.0.0:42441], old=null
2019-10-16 18:00:47,116 [grpc-default-executor-3] INFO  impl.RaftServerImpl (RaftServerImpl.java:setRole(184)) - 907b9765-214b-4864-b66a-d6e2a5789e5c@group-EFD1D20A002C: changes role from  FOLLOWER to FOLLOWER at term 146 for recognizeCandidate:bf55b3f9-6b09-4365-9d71-55289e083fa5
2019-10-16 18:00:47,116 [grpc-default-executor-1] INFO  impl.RaftServerImpl (RaftServerImpl.java:setRole(184)) - f4c54511-b161-4347-aec5-5236dc80a0d8@group-EFD1D20A002C: changes role from  FOLLOWER to FOLLOWER at term 146 for recognizeCandidate:bf55b3f9-6b09-4365-9d71-55289e083fa5
2019-10-16 18:00:47,116 [grpc-default-executor-1] INFO  impl.RoleInfo (RoleInfo.java:shutdownFollowerState(121)) - f4c54511-b161-4347-aec5-5236dc80a0d8: shutdown FollowerState
2019-10-16 18:00:47,116 [grpc-default-executor-3] INFO  impl.RoleInfo (RoleInfo.java:shutdownFollowerState(121)) - 907b9765-214b-4864-b66a-d6e2a5789e5c: shutdown FollowerState
2019-10-16 18:00:47,116 [Thread-908] INFO  impl.FollowerState (FollowerState.java:run(117)) - f4c54511-b161-4347-aec5-5236dc80a0d8@group-EFD1D20A002C-FollowerState was interrupted: java.lang.InterruptedException: sleep interrupted
2019-10-16 18:00:47,116 [grpc-default-executor-1] INFO  impl.RoleInfo (RoleInfo.java:updateAndGet(143)) - f4c54511-b161-4347-aec5-5236dc80a0d8: start FollowerState
2019-10-16 18:00:47,116 [Thread-907] INFO  impl.FollowerState (FollowerState.java:run(117)) - 907b9765-214b-4864-b66a-d6e2a5789e5c@group-EFD1D20A002C-FollowerState was interrupted: java.lang.InterruptedException: sleep interrupted
2019-10-16 18:00:47,116 [grpc-default-executor-3] INFO  impl.RoleInfo (RoleInfo.java:updateAndGet(143)) - 907b9765-214b-4864-b66a-d6e2a5789e5c: start FollowerState
2019-10-16 18:00:47,141 [bf55b3f9-6b09-4365-9d71-55289e083fa5@group-EFD1D20A002C-LeaderElection126] INFO  impl.LeaderElection (LeaderElection.java:logAndReturn(56)) - bf55b3f9-6b09-4365-9d71-55289e083fa5@group-EFD1D20A002C-LeaderElection126: Election REJECTED; received 2 response(s) [bf55b3f9-6b09-4365-9d71-55289e083fa5<-f4c54511-b161-4347-aec5-5236dc80a0d8#0:FAIL-t146, bf55b3f9-6b09-4365-9d71-55289e083fa5<-907b9765-214b-4864-b66a-d6e2a5789e5c#0:FAIL-t146] and 0 exception(s); bf55b3f9-6b09-4365-9d71-55289e083fa5@group-EFD1D20A002C:t146, leader=null, voted=bf55b3f9-6b09-4365-9d71-55289e083fa5, raftlog=bf55b3f9-6b09-4365-9d71-55289e083fa5@group-EFD1D20A002C-SegmentedRaftLog:OPENED:c-1,f-1,i0, conf=-1: [f4c54511-b161-4347-aec5-5236dc80a0d8:0.0.0.0:41238, 907b9765-214b-4864-b66a-d6e2a5789e5c:0.0.0.0:41650, bf55b3f9-6b09-4365-9d71-55289e083fa5:0.0.0.0:42441], old=null
2019-10-16 18:00:47,141 [bf55b3f9-6b09-4365-9d71-55289e083fa5@group-EFD1D20A002C-LeaderElection126] INFO  impl.RaftServerImpl (RaftServerImpl.java:setRole(184)) - bf55b3f9-6b09-4365-9d71-55289e083fa5@group-EFD1D20A002C: changes role from CANDIDATE to FOLLOWER at term 146 for DISCOVERED_A_NEW_TERM
2019-10-16 18:00:47,141 [bf55b3f9-6b09-4365-9d71-55289e083fa5@group-EFD1D20A002C-LeaderElection126] INFO  impl.RoleInfo (RoleInfo.java:shutdownLeaderElection(134)) - bf55b3f9-6b09-4365-9d71-55289e083fa5: shutdown LeaderElection
2019-10-16 18:00:47,141 [bf55b3f9-6b09-4365-9d71-55289e083fa5@group-EFD1D20A002C-LeaderElection126] INFO  impl.RoleInfo (RoleInfo.java:updateAndGet(143)) - bf55b3f9-6b09-4365-9d71-55289e083fa5: start FollowerState
2019-10-16 18:00:47,263 [Thread-915] INFO  impl.FollowerState (FollowerState.java:run(108)) - bf55b3f9-6b09-4365-9d71-55289e083fa5@group-EFD1D20A002C-FollowerState: change to CANDIDATE, lastRpcTime:122ms, electionTimeout:122ms
2019-10-16 18:00:47,264 [Thread-915] INFO  impl.RoleInfo (RoleInfo.java:shutdownFollowerState(121)) - bf55b3f9-6b09-4365-9d71-55289e083fa5: shutdown FollowerState
2019-10-16 18:00:47,264 [Thread-915] INFO  impl.RaftServerImpl (RaftServerImpl.java:setRole(184)) - bf55b3f9-6b09-4365-9d71-55289e083fa5@group-EFD1D20A002C: changes role from  FOLLOWER to CANDIDATE at term 146 for changeToCandidate
2019-10-16 18:00:47,264 [Thread-915] INFO  impl.RoleInfo (RoleInfo.java:updateAndGet(143)) - bf55b3f9-6b09-4365-9d71-55289e083fa5: start LeaderElection
2019-10-16 18:00:47,291 [bf55b3f9-6b09-4365-9d71-55289e083fa5@group-EFD1D20A002C-LeaderElection127] INFO  impl.LeaderElection (LeaderElection.java:askForVotes(178)) - bf55b3f9-6b09-4365-9d71-55289e083fa5@group-EFD1D20A002C-LeaderElection127: begin an election at term 147 for -1: [f4c54511-b161-4347-aec5-5236dc80a0d8:0.0.0.0:41238, 907b9765-214b-4864-b66a-d6e2a5789e5c:0.0.0.0:41650, bf55b3f9-6b09-4365-9d71-55289e083fa5:0.0.0.0:42441], old=null
2019-10-16 18:00:47,294 [grpc-default-executor-3] INFO  impl.RaftServerImpl (RaftServerImpl.java:setRole(184)) - f4c54511-b161-4347-aec5-5236dc80a0d8@group-EFD1D20A002C: changes role from  FOLLOWER to FOLLOWER at term 147 for recognizeCandidate:bf55b3f9-6b09-4365-9d71-55289e083fa5
2019-10-16 18:00:47,294 [grpc-default-executor-1] INFO  impl.RaftServerImpl (RaftServerImpl.java:setRole(184)) - 907b9765-214b-4864-b66a-d6e2a5789e5c@group-EFD1D20A002C: changes role from  FOLLOWER to FOLLOWER at term 147 for recognizeCandidate:bf55b3f9-6b09-4365-9d71-55289e083fa5
2019-10-16 18:00:47,295 [grpc-default-executor-1] INFO  impl.RoleInfo (RoleInfo.java:shutdownFollowerState(121)) - 907b9765-214b-4864-b66a-d6e2a5789e5c: shutdown FollowerState
2019-10-16 18:00:47,295 [grpc-default-executor-3] INFO  impl.RoleInfo (RoleInfo.java:shutdownFollowerState(121)) - f4c54511-b161-4347-aec5-5236dc80a0d8: shutdown FollowerState
2019-10-16 18:00:47,295 [grpc-default-executor-1] INFO  impl.RoleInfo (RoleInfo.java:updateAndGet(143)) - 907b9765-214b-4864-b66a-d6e2a5789e5c: start FollowerState
2019-10-16 18:00:47,295 [grpc-default-executor-3] INFO  impl.RoleInfo (RoleInfo.java:updateAndGet(143)) - f4c54511-b161-4347-aec5-5236dc80a0d8: start FollowerState
2019-10-16 18:00:47,295 [Thread-914] INFO  impl.FollowerState (FollowerState.java:run(117)) - 907b9765-214b-4864-b66a-d6e2a5789e5c@group-EFD1D20A002C-FollowerState was interrupted: java.lang.InterruptedException: sleep interrupted
2019-10-16 18:00:47,295 [Thread-913] INFO  impl.FollowerState (FollowerState.java:run(117)) - f4c54511-b161-4347-aec5-5236dc80a0d8@group-EFD1D20A002C-FollowerState was interrupted: java.lang.InterruptedException: sleep interrupted
2019-10-16 18:00:47,326 [bf55b3f9-6b09-4365-9d71-55289e083fa5@group-EFD1D20A002C-LeaderElection127] INFO  impl.LeaderElection (LeaderElection.java:logAndReturn(56)) - bf55b3f9-6b09-4365-9d71-55289e083fa5@group-EFD1D20A002C-LeaderElection127: Election REJECTED; received 2 response(s) [bf55b3f9-6b09-4365-9d71-55289e083fa5<-f4c54511-b161-4347-aec5-5236dc80a0d8#0:FAIL-t147, bf55b3f9-6b09-4365-9d71-55289e083fa5<-907b9765-214b-4864-b66a-d6e2a5789e5c#0:FAIL-t147] and 0 exception(s); bf55b3f9-6b09-4365-9d71-55289e083fa5@group-EFD1D20A002C:t147, leader=null, voted=bf55b3f9-6b09-4365-9d71-55289e083fa5, raftlog=bf55b3f9-6b09-4365-9d71-55289e083fa5@group-EFD1D20A002C-SegmentedRaftLog:OPENED:c-1,f-1,i0, conf=-1: [f4c54511-b161-4347-aec5-5236dc80a0d8:0.0.0.0:41238, 907b9765-214b-4864-b66a-d6e2a5789e5c:0.0.0.0:41650, bf55b3f9-6b09-4365-9d71-55289e083fa5:0.0.0.0:42441], old=null
2019-10-16 18:00:47,326 [bf55b3f9-6b09-4365-9d71-55289e083fa5@group-EFD1D20A002C-LeaderElection127] INFO  impl.RaftServerImpl (RaftServerImpl.java:setRole(184)) - bf55b3f9-6b09-4365-9d71-55289e083fa5@group-EFD1D20A002C: changes role from CANDIDATE to FOLLOWER at term 147 for DISCOVERED_A_NEW_TERM
2019-10-16 18:00:47,326 [bf55b3f9-6b09-4365-9d71-55289e083fa5@group-EFD1D20A002C-LeaderElection127] INFO  impl.RoleInfo (RoleInfo.java:shutdownLeaderElection(134)) - bf55b3f9-6b09-4365-9d71-55289e083fa5: shutdown LeaderElection
2019-10-16 18:00:47,326 [bf55b3f9-6b09-4365-9d71-55289e083fa5@group-EFD1D20A002C-LeaderElection127] INFO  impl.RoleInfo (RoleInfo.java:updateAndGet(143)) - bf55b3f9-6b09-4365-9d71-55289e083fa5: start FollowerState
2019-10-16 18:00:47,339 [Thread-921] INFO  impl.FollowerState (FollowerState.java:run(108)) - bf55b3f9-6b09-4365-9d71-55289e083fa5@group-EFD1D20A002C-FollowerState: change to CANDIDATE, lastRpcTime:12ms, electionTimeout:12ms
2019-10-16 18:00:47,339 [Thread-921] INFO  impl.RoleInfo (RoleInfo.java:shutdownFollowerState(121)) - bf55b3f9-6b09-4365-9d71-55289e083fa5: shutdown FollowerState
2019-10-16 18:00:47,339 [Thread-921] INFO  impl.RaftServerImpl (RaftServerImpl.java:setRole(184)) - bf55b3f9-6b09-4365-9d71-55289e083fa5@group-EFD1D20A002C: changes role from  FOLLOWER to CANDIDATE at term 147 for changeToCandidate
2019-10-16 18:00:47,339 [Thread-921] INFO  impl.RoleInfo (RoleInfo.java:updateAndGet(143)) - bf55b3f9-6b09-4365-9d71-55289e083fa5: start LeaderElection
2019-10-16 18:00:47,367 [bf55b3f9-6b09-4365-9d71-55289e083fa5@group-EFD1D20A002C-LeaderElection128] INFO  impl.LeaderElection (LeaderElection.java:askForVotes(178)) - bf55b3f9-6b09-4365-9d71-55289e083fa5@group-EFD1D20A002C-LeaderElection128: begin an election at term 148 for -1: [f4c54511-b161-4347-aec5-5236dc80a0d8:0.0.0.0:41238, 907b9765-214b-4864-b66a-d6e2a5789e5c:0.0.0.0:41650, bf55b3f9-6b09-4365-9d71-55289e083fa5:0.0.0.0:42441], old=null
2019-10-16 18:00:47,368 [grpc-default-executor-3] INFO  impl.RaftServerImpl (RaftServerImpl.java:setRole(184)) - f4c54511-b161-4347-aec5-5236dc80a0d8@group-EFD1D20A002C: changes role from  FOLLOWER to FOLLOWER at term 148 for recognizeCandidate:bf55b3f9-6b09-4365-9d71-55289e083fa5
2019-10-16 18:00:47,368 [grpc-default-executor-3] INFO  impl.RoleInfo (RoleInfo.java:shutdownFollowerState(121)) - f4c54511-b161-4347-aec5-5236dc80a0d8: shutdown FollowerState
2019-10-16 18:00:47,368 [grpc-default-executor-1] INFO  impl.RaftServerImpl (RaftServerImpl.java:setRole(184)) - 907b9765-214b-4864-b66a-d6e2a5789e5c@group-EFD1D20A002C: changes role from  FOLLOWER to FOLLOWER at term 148 for recognizeCandidate:bf55b3f9-6b09-4365-9d71-55289e083fa5
2019-10-16 18:00:47,369 [grpc-default-executor-3] INFO  impl.RoleInfo (RoleInfo.java:updateAndGet(143)) - f4c54511-b161-4347-aec5-5236dc80a0d8: start FollowerState
2019-10-16 18:00:47,369 [grpc-default-executor-1] INFO  impl.RoleInfo (RoleInfo.java:shutdownFollowerState(121)) - 907b9765-214b-4864-b66a-d6e2a5789e5c: shutdown FollowerState
2019-10-16 18:00:47,369 [Thread-920] INFO  impl.FollowerState (FollowerState.java:run(117)) - f4c54511-b161-4347-aec5-5236dc80a0d8@group-EFD1D20A002C-FollowerState was interrupted: java.lang.InterruptedException: sleep interrupted
2019-10-16 18:00:47,369 [grpc-default-executor-1] INFO  impl.RoleInfo (RoleInfo.java:updateAndGet(143)) - 907b9765-214b-4864-b66a-d6e2a5789e5c: start FollowerState
2019-10-16 18:00:47,369 [Thread-919] INFO  impl.FollowerState (FollowerState.java:run(117)) - 907b9765-214b-4864-b66a-d6e2a5789e5c@group-EFD1D20A002C-FollowerState was interrupted: java.lang.InterruptedException: sleep interrupted
2019-10-16 18:00:47,393 [bf55b3f9-6b09-4365-9d71-55289e083fa5@group-EFD1D20A002C-LeaderElection128] INFO  impl.LeaderElection (LeaderElection.java:logAndReturn(56)) - bf55b3f9-6b09-4365-9d71-55289e083fa5@group-EFD1D20A002C-LeaderElection128: Election REJECTED; received 2 response(s) [bf55b3f9-6b09-4365-9d71-55289e083fa5<-f4c54511-b161-4347-aec5-5236dc80a0d8#0:FAIL-t148, bf55b3f9-6b09-4365-9d71-55289e083fa5<-907b9765-214b-4864-b66a-d6e2a5789e5c#0:FAIL-t148] and 0 exception(s); bf55b3f9-6b09-4365-9d71-55289e083fa5@group-EFD1D20A002C:t148, leader=null, voted=bf55b3f9-6b09-4365-9d71-55289e083fa5, raftlog=bf55b3f9-6b09-4365-9d71-55289e083fa5@group-EFD1D20A002C-SegmentedRaftLog:OPENED:c-1,f-1,i0, conf=-1: [f4c54511-b161-4347-aec5-5236dc80a0d8:0.0.0.0:41238, 907b9765-214b-4864-b66a-d6e2a5789e5c:0.0.0.0:41650, bf55b3f9-6b09-4365-9d71-55289e083fa5:0.0.0.0:42441], old=null
2019-10-16 18:00:47,393 [bf55b3f9-6b09-4365-9d71-55289e083fa5@group-EFD1D20A002C-LeaderElection128] INFO  impl.RaftServerImpl (RaftServerImpl.java:setRole(184)) - bf55b3f9-6b09-4365-9d71-55289e083fa5@group-EFD1D20A002C: changes role from CANDIDATE to FOLLOWER at term 148 for DISCOVERED_A_NEW_TERM
2019-10-16 18:00:47,393 [bf55b3f9-6b09-4365-9d71-55289e083fa5@group-EFD1D20A002C-LeaderElection128] INFO  impl.RoleInfo (RoleInfo.java:shutdownLeaderElection(134)) - bf55b3f9-6b09-4365-9d71-55289e083fa5: shutdown LeaderElection
2019-10-16 18:00:47,393 [bf55b3f9-6b09-4365-9d71-55289e083fa5@group-EFD1D20A002C-LeaderElection128] INFO  impl.RoleInfo (RoleInfo.java:updateAndGet(143)) - bf55b3f9-6b09-4365-9d71-55289e083fa5: start FollowerState
2019-10-16 18:00:47,470 [Thread-927] INFO  impl.FollowerState (FollowerState.java:run(108)) - bf55b3f9-6b09-4365-9d71-55289e083fa5@group-EFD1D20A002C-FollowerState: change to CANDIDATE, lastRpcTime:77ms, electionTimeout:77ms
2019-10-16 18:00:47,471 [Thread-927] INFO  impl.RoleInfo (RoleInfo.java:shutdownFollowerState(121)) - bf55b3f9-6b09-4365-9d71-55289e083fa5: shutdown FollowerState
2019-10-16 18:00:47,471 [Thread-927] INFO  impl.RaftServerImpl (RaftServerImpl.java:setRole(184)) - bf55b3f9-6b09-4365-9d71-55289e083fa5@group-EFD1D20A002C: changes role from  FOLLOWER to CANDIDATE at term 148 for changeToCandidate
2019-10-16 18:00:47,471 [Thread-927] INFO  impl.RoleInfo (RoleInfo.java:updateAndGet(143)) - bf55b3f9-6b09-4365-9d71-55289e083fa5: start LeaderElection
2019-10-16 18:00:47,493 [bf55b3f9-6b09-4365-9d71-55289e083fa5@group-EFD1D20A002C-LeaderElection129] INFO  impl.LeaderElection (LeaderElection.java:askForVotes(178)) - bf55b3f9-6b09-4365-9d71-55289e083fa5@group-EFD1D20A002C-LeaderElection129: begin an election at term 149 for -1: [f4c54511-b161-4347-aec5-5236dc80a0d8:0.0.0.0:41238, 907b9765-214b-4864-b66a-d6e2a5789e5c:0.0.0.0:41650, bf55b3f9-6b09-4365-9d71-55289e083fa5:0.0.0.0:42441], old=null
2019-10-16 18:00:47,496 [grpc-default-executor-1] INFO  impl.RaftServerImpl (RaftServerImpl.java:setRole(184)) - f4c54511-b161-4347-aec5-5236dc80a0d8@group-EFD1D20A002C: changes role from  FOLLOWER to FOLLOWER at term 149 for recognizeCandidate:bf55b3f9-6b09-4365-9d71-55289e083fa5
2019-10-16 18:00:47,496 [grpc-default-executor-1] INFO  impl.RoleInfo (RoleInfo.java:shutdownFollowerState(121)) - f4c54511-b161-4347-aec5-5236dc80a0d8: shutdown FollowerState
2019-10-16 18:00:47,496 [grpc-default-executor-1] INFO  impl.RoleInfo (RoleInfo.java:updateAndGet(143)) - f4c54511-b161-4347-aec5-5236dc80a0d8: start FollowerState
2019-10-16 18:00:47,496 [grpc-default-executor-3] INFO  impl.RaftServerImpl (RaftServerImpl.java:setRole(184)) - 907b9765-214b-4864-b66a-d6e2a5789e5c@group-EFD1D20A002C: changes role from  FOLLOWER to FOLLOWER at term 149 for recognizeCandidate:bf55b3f9-6b09-4365-9d71-55289e083fa5
2019-10-16 18:00:47,496 [Thread-925] INFO  impl.FollowerState (FollowerState.java:run(117)) - f4c54511-b161-4347-aec5-5236dc80a0d8@group-EFD1D20A002C-FollowerState was interrupted: java.lang.InterruptedException: sleep interrupted
2019-10-16 18:00:47,496 [grpc-default-executor-3] INFO  impl.RoleInfo (RoleInfo.java:shutdownFollowerState(121)) - 907b9765-214b-4864-b66a-d6e2a5789e5c: shutdown FollowerState
2019-10-16 18:00:47,496 [grpc-default-executor-3] INFO  impl.RoleInfo (RoleInfo.java:updateAndGet(143)) - 907b9765-214b-4864-b66a-d6e2a5789e5c: start FollowerState
2019-10-16 18:00:47,497 [Thread-926] INFO  impl.FollowerState (FollowerState.java:run(117)) - 907b9765-214b-4864-b66a-d6e2a5789e5c@group-EFD1D20A002C-FollowerState was interrupted: java.lang.InterruptedException: sleep interrupted
2019-10-16 18:00:47,519 [bf55b3f9-6b09-4365-9d71-55289e083fa5@group-EFD1D20A002C-LeaderElection129] INFO  impl.LeaderElection (LeaderElection.java:logAndReturn(56)) - bf55b3f9-6b09-4365-9d71-55289e083fa5@group-EFD1D20A002C-LeaderElection129: Election REJECTED; received 2 response(s) [bf55b3f9-6b09-4365-9d71-55289e083fa5<-f4c54511-b161-4347-aec5-5236dc80a0d8#0:FAIL-t149, bf55b3f9-6b09-4365-9d71-55289e083fa5<-907b9765-214b-4864-b66a-d6e2a5789e5c#0:FAIL-t149] and 0 exception(s); bf55b3f9-6b09-4365-9d71-55289e083fa5@group-EFD1D20A002C:t149, leader=null, voted=bf55b3f9-6b09-4365-9d71-55289e083fa5, raftlog=bf55b3f9-6b09-4365-9d71-55289e083fa5@group-EFD1D20A002C-SegmentedRaftLog:OPENED:c-1,f-1,i0, conf=-1: [f4c54511-b161-4347-aec5-5236dc80a0d8:0.0.0.0:41238, 907b9765-214b-4864-b66a-d6e2a5789e5c:0.0.0.0:41650, bf55b3f9-6b09-4365-9d71-55289e083fa5:0.0.0.0:42441], old=null
2019-10-16 18:00:47,520 [bf55b3f9-6b09-4365-9d71-55289e083fa5@group-EFD1D20A002C-LeaderElection129] INFO  impl.RaftServerImpl (RaftServerImpl.java:setRole(184)) - bf55b3f9-6b09-4365-9d71-55289e083fa5@group-EFD1D20A002C: changes role from CANDIDATE to FOLLOWER at term 149 for DISCOVERED_A_NEW_TERM
2019-10-16 18:00:47,520 [bf55b3f9-6b09-4365-9d71-55289e083fa5@group-EFD1D20A002C-LeaderElection129] INFO  impl.RoleInfo (RoleInfo.java:shutdownLeaderElection(134)) - bf55b3f9-6b09-4365-9d71-55289e083fa5: shutdown LeaderElection
2019-10-16 18:00:47,520 [bf55b3f9-6b09-4365-9d71-55289e083fa5@group-EFD1D20A002C-LeaderElection129] INFO  impl.RoleInfo (RoleInfo.java:updateAndGet(143)) - bf55b3f9-6b09-4365-9d71-55289e083fa5: start FollowerState
2019-10-16 18:00:47,602 [Thread-933] INFO  impl.FollowerState (FollowerState.java:run(108)) - bf55b3f9-6b09-4365-9d71-55289e083fa5@group-EFD1D20A002C-FollowerState: change to CANDIDATE, lastRpcTime:82ms, electionTimeout:82ms
2019-10-16 18:00:47,603 [Thread-933] INFO  impl.RoleInfo (RoleInfo.java:shutdownFollowerState(121)) - bf55b3f9-6b09-4365-9d71-55289e083fa5: shutdown FollowerState
2019-10-16 18:00:47,603 [Thread-933] INFO  impl.RaftServerImpl (RaftServerImpl.java:setRole(184)) - bf55b3f9-6b09-4365-9d71-55289e083fa5@group-EFD1D20A002C: changes role from  FOLLOWER to CANDIDATE at term 149 for changeToCandidate
2019-10-16 18:00:47,603 [Thread-933] INFO  impl.RoleInfo (RoleInfo.java:updateAndGet(143)) - bf55b3f9-6b09-4365-9d71-55289e083fa5: start LeaderElection
2019-10-16 18:00:47,627 [bf55b3f9-6b09-4365-9d71-55289e083fa5@group-EFD1D20A002C-LeaderElection130] INFO  impl.LeaderElection (LeaderElection.java:askForVotes(178)) - bf55b3f9-6b09-4365-9d71-55289e083fa5@group-EFD1D20A002C-LeaderElection130: begin an election at term 150 for -1: [f4c54511-b161-4347-aec5-5236dc80a0d8:0.0.0.0:41238, 907b9765-214b-4864-b66a-d6e2a5789e5c:0.0.0.0:41650, bf55b3f9-6b09-4365-9d71-55289e083fa5:0.0.0.0:42441], old=null
2019-10-16 18:00:47,629 [grpc-default-executor-3] INFO  impl.RaftServerImpl (RaftServerImpl.java:setRole(184)) - f4c54511-b161-4347-aec5-5236dc80a0d8@group-EFD1D20A002C: changes role from  FOLLOWER to FOLLOWER at term 150 for recognizeCandidate:bf55b3f9-6b09-4365-9d71-55289e083fa5
2019-10-16 18:00:47,630 [grpc-default-executor-3] INFO  impl.RoleInfo (RoleInfo.java:shutdownFollowerState(121)) - f4c54511-b161-4347-aec5-5236dc80a0d8: shutdown FollowerState
2019-10-16 18:00:47,629 [grpc-default-executor-1] INFO  impl.RaftServerImpl (RaftServerImpl.java:setRole(184)) - 907b9765-214b-4864-b66a-d6e2a5789e5c@group-EFD1D20A002C: changes role from  FOLLOWER to FOLLOWER at term 150 for recognizeCandidate:bf55b3f9-6b09-4365-9d71-55289e083fa5
2019-10-16 18:00:47,630 [Thread-931] INFO  impl.FollowerState (FollowerState.java:run(117)) - f4c54511-b161-4347-aec5-5236dc80a0d8@group-EFD1D20A002C-FollowerState was interrupted: java.lang.InterruptedException: sleep interrupted
2019-10-16 18:00:47,630 [grpc-default-executor-3] INFO  impl.RoleInfo (RoleInfo.java:updateAndGet(143)) - f4c54511-b161-4347-aec5-5236dc80a0d8: start FollowerState
2019-10-16 18:00:47,630 [grpc-default-executor-1] INFO  impl.RoleInfo (RoleInfo.java:shutdownFollowerState(121)) - 907b9765-214b-4864-b66a-d6e2a5789e5c: shutdown FollowerState
2019-10-16 18:00:47,630 [grpc-default-executor-1] INFO  impl.RoleInfo (RoleInfo.java:updateAndGet(143)) - 907b9765-214b-4864-b66a-d6e2a5789e5c: start FollowerState
2019-10-16 18:00:47,631 [Thread-932] INFO  impl.FollowerState (FollowerState.java:run(117)) - 907b9765-214b-4864-b66a-d6e2a5789e5c@group-EFD1D20A002C-FollowerState was interrupted: java.lang.InterruptedException: sleep interrupted
2019-10-16 18:00:47,654 [bf55b3f9-6b09-4365-9d71-55289e083fa5@group-EFD1D20A002C-LeaderElection130] INFO  impl.LeaderElection (LeaderElection.java:logAndReturn(56)) - bf55b3f9-6b09-4365-9d71-55289e083fa5@group-EFD1D20A002C-LeaderElection130: Election REJECTED; received 2 response(s) [bf55b3f9-6b09-4365-9d71-55289e083fa5<-f4c54511-b161-4347-aec5-5236dc80a0d8#0:FAIL-t150, bf55b3f9-6b09-4365-9d71-55289e083fa5<-907b9765-214b-4864-b66a-d6e2a5789e5c#0:FAIL-t150] and 0 exception(s); bf55b3f9-6b09-4365-9d71-55289e083fa5@group-EFD1D20A002C:t150, leader=null, voted=bf55b3f9-6b09-4365-9d71-55289e083fa5, raftlog=bf55b3f9-6b09-4365-9d71-55289e083fa5@group-EFD1D20A002C-SegmentedRaftLog:OPENED:c-1,f-1,i0, conf=-1: [f4c54511-b161-4347-aec5-5236dc80a0d8:0.0.0.0:41238, 907b9765-214b-4864-b66a-d6e2a5789e5c:0.0.0.0:41650, bf55b3f9-6b09-4365-9d71-55289e083fa5:0.0.0.0:42441], old=null
2019-10-16 18:00:47,654 [bf55b3f9-6b09-4365-9d71-55289e083fa5@group-EFD1D20A002C-LeaderElection130] INFO  impl.RaftServerImpl (RaftServerImpl.java:setRole(184)) - bf55b3f9-6b09-4365-9d71-55289e083fa5@group-EFD1D20A002C: changes role from CANDIDATE to FOLLOWER at term 150 for DISCOVERED_A_NEW_TERM
2019-10-16 18:00:47,654 [bf55b3f9-6b09-4365-9d71-55289e083fa5@group-EFD1D20A002C-LeaderElection130] INFO  impl.RoleInfo (RoleInfo.java:shutdownLeaderElection(134)) - bf55b3f9-6b09-4365-9d71-55289e083fa5: shutdown LeaderElection
2019-10-16 18:00:47,654 [bf55b3f9-6b09-4365-9d71-55289e083fa5@group-EFD1D20A002C-LeaderElection130] INFO  impl.RoleInfo (RoleInfo.java:updateAndGet(143)) - bf55b3f9-6b09-4365-9d71-55289e083fa5: start FollowerState
2019-10-16 18:00:47,715 [Thread-939] INFO  impl.FollowerState (FollowerState.java:run(108)) - bf55b3f9-6b09-4365-9d71-55289e083fa5@group-EFD1D20A002C-FollowerState: change to CANDIDATE, lastRpcTime:60ms, electionTimeout:60ms
2019-10-16 18:00:47,715 [Thread-939] INFO  impl.RoleInfo (RoleInfo.java:shutdownFollowerState(121)) - bf55b3f9-6b09-4365-9d71-55289e083fa5: shutdown FollowerState
2019-10-16 18:00:47,715 [Thread-939] INFO  impl.RaftServerImpl (RaftServerImpl.java:setRole(184)) - bf55b3f9-6b09-4365-9d71-55289e083fa5@group-EFD1D20A002C: changes role from  FOLLOWER to CANDIDATE at term 150 for changeToCandidate
2019-10-16 18:00:47,715 [Thread-939] INFO  impl.RoleInfo (RoleInfo.java:updateAndGet(143)) - bf55b3f9-6b09-4365-9d71-55289e083fa5: start LeaderElection
2019-10-16 18:00:47,737 [bf55b3f9-6b09-4365-9d71-55289e083fa5@group-EFD1D20A002C-LeaderElection131] INFO  impl.LeaderElection (LeaderElection.java:askForVotes(178)) - bf55b3f9-6b09-4365-9d71-55289e083fa5@group-EFD1D20A002C-LeaderElection131: begin an election at term 151 for -1: [f4c54511-b161-4347-aec5-5236dc80a0d8:0.0.0.0:41238, 907b9765-214b-4864-b66a-d6e2a5789e5c:0.0.0.0:41650, bf55b3f9-6b09-4365-9d71-55289e083fa5:0.0.0.0:42441], old=null
2019-10-16 18:00:47,739 [grpc-default-executor-3] INFO  impl.RaftServerImpl (RaftServerImpl.java:setRole(184)) - 907b9765-214b-4864-b66a-d6e2a5789e5c@group-EFD1D20A002C: changes role from  FOLLOWER to FOLLOWER at term 151 for recognizeCandidate:bf55b3f9-6b09-4365-9d71-55289e083fa5
2019-10-16 18:00:47,739 [grpc-default-executor-3] INFO  impl.RoleInfo (RoleInfo.java:shutdownFollowerState(121)) - 907b9765-214b-4864-b66a-d6e2a5789e5c: shutdown FollowerState
2019-10-16 18:00:47,740 [grpc-default-executor-3] INFO  impl.RoleInfo (RoleInfo.java:updateAndGet(143)) - 907b9765-214b-4864-b66a-d6e2a5789e5c: start FollowerState
2019-10-16 18:00:47,740 [grpc-default-executor-1] INFO  impl.RaftServerImpl (RaftServerImpl.java:setRole(184)) - f4c54511-b161-4347-aec5-5236dc80a0d8@group-EFD1D20A002C: changes role from  FOLLOWER to FOLLOWER at term 151 for recognizeCandidate:bf55b3f9-6b09-4365-9d71-55289e083fa5
2019-10-16 18:00:47,740 [grpc-default-executor-1] INFO  impl.RoleInfo (RoleInfo.java:shutdownFollowerState(121)) - f4c54511-b161-4347-aec5-5236dc80a0d8: shutdown FollowerState
2019-10-16 18:00:47,740 [Thread-938] INFO  impl.FollowerState (FollowerState.java:run(117)) - 907b9765-214b-4864-b66a-d6e2a5789e5c@group-EFD1D20A002C-FollowerState was interrupted: java.lang.InterruptedException: sleep interrupted
2019-10-16 18:00:47,740 [grpc-default-executor-1] INFO  impl.RoleInfo (RoleInfo.java:updateAndGet(143)) - f4c54511-b161-4347-aec5-5236dc80a0d8: start FollowerState
2019-10-16 18:00:47,740 [Thread-937] INFO  impl.FollowerState (FollowerState.java:run(117)) - f4c54511-b161-4347-aec5-5236dc80a0d8@group-EFD1D20A002C-FollowerState was interrupted: java.lang.InterruptedException: sleep interrupted
2019-10-16 18:00:47,763 [bf55b3f9-6b09-4365-9d71-55289e083fa5@group-EFD1D20A002C-LeaderElection131] INFO  impl.LeaderElection (LeaderElection.java:logAndReturn(56)) - bf55b3f9-6b09-4365-9d71-55289e083fa5@group-EFD1D20A002C-LeaderElection131: Election REJECTED; received 2 response(s) [bf55b3f9-6b09-4365-9d71-55289e083fa5<-f4c54511-b161-4347-aec5-5236dc80a0d8#0:FAIL-t151, bf55b3f9-6b09-4365-9d71-55289e083fa5<-907b9765-214b-4864-b66a-d6e2a5789e5c#0:FAIL-t151] and 0 exception(s); bf55b3f9-6b09-4365-9d71-55289e083fa5@group-EFD1D20A002C:t151, leader=null, voted=bf55b3f9-6b09-4365-9d71-55289e083fa5, raftlog=bf55b3f9-6b09-4365-9d71-55289e083fa5@group-EFD1D20A002C-SegmentedRaftLog:OPENED:c-1,f-1,i0, conf=-1: [f4c54511-b161-4347-aec5-5236dc80a0d8:0.0.0.0:41238, 907b9765-214b-4864-b66a-d6e2a5789e5c:0.0.0.0:41650, bf55b3f9-6b09-4365-9d71-55289e083fa5:0.0.0.0:42441], old=null
2019-10-16 18:00:47,764 [bf55b3f9-6b09-4365-9d71-55289e083fa5@group-EFD1D20A002C-LeaderElection131] INFO  impl.RaftServerImpl (RaftServerImpl.java:setRole(184)) - bf55b3f9-6b09-4365-9d71-55289e083fa5@group-EFD1D20A002C: changes role from CANDIDATE to FOLLOWER at term 151 for DISCOVERED_A_NEW_TERM
2019-10-16 18:00:47,764 [bf55b3f9-6b09-4365-9d71-55289e083fa5@group-EFD1D20A002C-LeaderElection131] INFO  impl.RoleInfo (RoleInfo.java:shutdownLeaderElection(134)) - bf55b3f9-6b09-4365-9d71-55289e083fa5: shutdown LeaderElection
2019-10-16 18:00:47,764 [bf55b3f9-6b09-4365-9d71-55289e083fa5@group-EFD1D20A002C-LeaderElection131] INFO  impl.RoleInfo (RoleInfo.java:updateAndGet(143)) - bf55b3f9-6b09-4365-9d71-55289e083fa5: start FollowerState
2019-10-16 18:00:47,922 [Thread-947] INFO  impl.FollowerState (FollowerState.java:run(108)) - bf55b3f9-6b09-4365-9d71-55289e083fa5@group-EFD1D20A002C-FollowerState: change to CANDIDATE, lastRpcTime:158ms, electionTimeout:158ms
2019-10-16 18:00:47,923 [Thread-947] INFO  impl.RoleInfo (RoleInfo.java:shutdownFollowerState(121)) - bf55b3f9-6b09-4365-9d71-55289e083fa5: shutdown FollowerState
2019-10-16 18:00:47,923 [Thread-947] INFO  impl.RaftServerImpl (RaftServerImpl.java:setRole(184)) - bf55b3f9-6b09-4365-9d71-55289e083fa5@group-EFD1D20A002C: changes role from  FOLLOWER to CANDIDATE at term 151 for changeToCandidate
2019-10-16 18:00:47,923 [Thread-947] INFO  impl.RoleInfo (RoleInfo.java:updateAndGet(143)) - bf55b3f9-6b09-4365-9d71-55289e083fa5: start LeaderElection
2019-10-16 18:00:47,947 [bf55b3f9-6b09-4365-9d71-55289e083fa5@group-EFD1D20A002C-LeaderElection132] INFO  impl.LeaderElection (LeaderElection.java:askForVotes(178)) - bf55b3f9-6b09-4365-9d71-55289e083fa5@group-EFD1D20A002C-LeaderElection132: begin an election at term 152 for -1: [f4c54511-b161-4347-aec5-5236dc80a0d8:0.0.0.0:41238, 907b9765-214b-4864-b66a-d6e2a5789e5c:0.0.0.0:41650, bf55b3f9-6b09-4365-9d71-55289e083fa5:0.0.0.0:42441], old=null
2019-10-16 18:00:47,950 [grpc-default-executor-3] INFO  impl.RaftServerImpl (RaftServerImpl.java:setRole(184)) - f4c54511-b161-4347-aec5-5236dc80a0d8@group-EFD1D20A002C: changes role from  FOLLOWER to FOLLOWER at term 152 for recognizeCandidate:bf55b3f9-6b09-4365-9d71-55289e083fa5
2019-10-16 18:00:47,950 [grpc-default-executor-1] INFO  impl.RaftServerImpl (RaftServerImpl.java:setRole(184)) - 907b9765-214b-4864-b66a-d6e2a5789e5c@group-EFD1D20A002C: changes role from  FOLLOWER to FOLLOWER at term 152 for recognizeCandidate:bf55b3f9-6b09-4365-9d71-55289e083fa5
2019-10-16 18:00:47,950 [grpc-default-executor-3] INFO  impl.RoleInfo (RoleInfo.java:shutdownFollowerState(121)) - f4c54511-b161-4347-aec5-5236dc80a0d8: shutdown FollowerState
2019-10-16 18:00:47,950 [grpc-default-executor-1] INFO  impl.RoleInfo (RoleInfo.java:shutdownFollowerState(121)) - 907b9765-214b-4864-b66a-d6e2a5789e5c: shutdown FollowerState
2019-10-16 18:00:47,950 [Thread-944] INFO  impl.FollowerState (FollowerState.java:run(117)) - f4c54511-b161-4347-aec5-5236dc80a0d8@group-EFD1D20A002C-FollowerState was interrupted: java.lang.InterruptedException: sleep interrupted
2019-10-16 18:00:47,950 [Thread-943] INFO  impl.FollowerState (FollowerState.java:run(117)) - 907b9765-214b-4864-b66a-d6e2a5789e5c@group-EFD1D20A002C-FollowerState was interrupted: java.lang.InterruptedException: sleep interrupted
2019-10-16 18:00:47,950 [grpc-default-executor-1] INFO  impl.RoleInfo (RoleInfo.java:updateAndGet(143)) - 907b9765-214b-4864-b66a-d6e2a5789e5c: start FollowerState
2019-10-16 18:00:47,950 [grpc-default-executor-3] INFO  impl.RoleInfo (RoleInfo.java:updateAndGet(143)) - f4c54511-b161-4347-aec5-5236dc80a0d8: start FollowerState
2019-10-16 18:00:47,975 [bf55b3f9-6b09-4365-9d71-55289e083fa5@group-EFD1D20A002C-LeaderElection132] INFO  impl.LeaderElection (LeaderElection.java:logAndReturn(56)) - bf55b3f9-6b09-4365-9d71-55289e083fa5@group-EFD1D20A002C-LeaderElection132: Election REJECTED; received 2 response(s) [bf55b3f9-6b09-4365-9d71-55289e083fa5<-f4c54511-b161-4347-aec5-5236dc80a0d8#0:FAIL-t152, bf55b3f9-6b09-4365-9d71-55289e083fa5<-907b9765-214b-4864-b66a-d6e2a5789e5c#0:FAIL-t152] and 0 exception(s); bf55b3f9-6b09-4365-9d71-55289e083fa5@group-EFD1D20A002C:t152, leader=null, voted=bf55b3f9-6b09-4365-9d71-55289e083fa5, raftlog=bf55b3f9-6b09-4365-9d71-55289e083fa5@group-EFD1D20A002C-SegmentedRaftLog:OPENED:c-1,f-1,i0, conf=-1: [f4c54511-b161-4347-aec5-5236dc80a0d8:0.0.0.0:41238, 907b9765-214b-4864-b66a-d6e2a5789e5c:0.0.0.0:41650, bf55b3f9-6b09-4365-9d71-55289e083fa5:0.0.0.0:42441], old=null
2019-10-16 18:00:47,975 [bf55b3f9-6b09-4365-9d71-55289e083fa5@group-EFD1D20A002C-LeaderElection132] INFO  impl.RaftServerImpl (RaftServerImpl.java:setRole(184)) - bf55b3f9-6b09-4365-9d71-55289e083fa5@group-EFD1D20A002C: changes role from CANDIDATE to FOLLOWER at term 152 for DISCOVERED_A_NEW_TERM
2019-10-16 18:00:47,975 [bf55b3f9-6b09-4365-9d71-55289e083fa5@group-EFD1D20A002C-LeaderElection132] INFO  impl.RoleInfo (RoleInfo.java:shutdownLeaderElection(134)) - bf55b3f9-6b09-4365-9d71-55289e083fa5: shutdown LeaderElection
2019-10-16 18:00:47,975 [bf55b3f9-6b09-4365-9d71-55289e083fa5@group-EFD1D20A002C-LeaderElection132] INFO  impl.RoleInfo (RoleInfo.java:updateAndGet(143)) - bf55b3f9-6b09-4365-9d71-55289e083fa5: start FollowerState
2019-10-16 18:00:48,143 [Thread-953] INFO  impl.FollowerState (FollowerState.java:run(108)) - bf55b3f9-6b09-4365-9d71-55289e083fa5@group-EFD1D20A002C-FollowerState: change to CANDIDATE, lastRpcTime:167ms, electionTimeout:167ms
2019-10-16 18:00:48,143 [Thread-953] INFO  impl.RoleInfo (RoleInfo.java:shutdownFollowerState(121)) - bf55b3f9-6b09-4365-9d71-55289e083fa5: shutdown FollowerState
2019-10-16 18:00:48,143 [Thread-953] INFO  impl.RaftServerImpl (RaftServerImpl.java:setRole(184)) - bf55b3f9-6b09-4365-9d71-55289e083fa5@group-EFD1D20A002C: changes role from  FOLLOWER to CANDIDATE at term 152 for changeToCandidate
2019-10-16 18:00:48,143 [Thread-953] INFO  impl.RoleInfo (RoleInfo.java:updateAndGet(143)) - bf55b3f9-6b09-4365-9d71-55289e083fa5: start LeaderElection
2019-10-16 18:00:48,174 [bf55b3f9-6b09-4365-9d71-55289e083fa5@group-EFD1D20A002C-LeaderElection133] INFO  impl.LeaderElection (LeaderElection.java:askForVotes(178)) - bf55b3f9-6b09-4365-9d71-55289e083fa5@group-EFD1D20A002C-LeaderElection133: begin an election at term 153 for -1: [f4c54511-b161-4347-aec5-5236dc80a0d8:0.0.0.0:41238, 907b9765-214b-4864-b66a-d6e2a5789e5c:0.0.0.0:41650, bf55b3f9-6b09-4365-9d71-55289e083fa5:0.0.0.0:42441], old=null
2019-10-16 18:00:48,177 [grpc-default-executor-3] INFO  impl.RaftServerImpl (RaftServerImpl.java:setRole(184)) - f4c54511-b161-4347-aec5-5236dc80a0d8@group-EFD1D20A002C: changes role from  FOLLOWER to FOLLOWER at term 153 for recognizeCandidate:bf55b3f9-6b09-4365-9d71-55289e083fa5
2019-10-16 18:00:48,177 [grpc-default-executor-3] INFO  impl.RoleInfo (RoleInfo.java:shutdownFollowerState(121)) - f4c54511-b161-4347-aec5-5236dc80a0d8: shutdown FollowerState
2019-10-16 18:00:48,177 [grpc-default-executor-3] INFO  impl.RoleInfo (RoleInfo.java:updateAndGet(143)) - f4c54511-b161-4347-aec5-5236dc80a0d8: start FollowerState
2019-10-16 18:00:48,177 [grpc-default-executor-1] INFO  impl.RaftServerImpl (RaftServerImpl.java:setRole(184)) - 907b9765-214b-4864-b66a-d6e2a5789e5c@group-EFD1D20A002C: changes role from  FOLLOWER to FOLLOWER at term 153 for recognizeCandidate:bf55b3f9-6b09-4365-9d71-55289e083fa5
2019-10-16 18:00:48,177 [Thread-951] INFO  impl.FollowerState (FollowerState.java:run(117)) - f4c54511-b161-4347-aec5-5236dc80a0d8@group-EFD1D20A002C-FollowerState was interrupted: java.lang.InterruptedException: sleep interrupted
2019-10-16 18:00:48,178 [grpc-default-executor-1] INFO  impl.RoleInfo (RoleInfo.java:shutdownFollowerState(121)) - 907b9765-214b-4864-b66a-d6e2a5789e5c: shutdown FollowerState
2019-10-16 18:00:48,178 [grpc-default-executor-1] INFO  impl.RoleInfo (RoleInfo.java:updateAndGet(143)) - 907b9765-214b-4864-b66a-d6e2a5789e5c: start FollowerState
2019-10-16 18:00:48,178 [Thread-952] INFO  impl.FollowerState (FollowerState.java:run(117)) - 907b9765-214b-4864-b66a-d6e2a5789e5c@group-EFD1D20A002C-FollowerState was interrupted: java.lang.InterruptedException: sleep interrupted
2019-10-16 18:00:48,201 [bf55b3f9-6b09-4365-9d71-55289e083fa5@group-EFD1D20A002C-LeaderElection133] INFO  impl.LeaderElection (LeaderElection.java:logAndReturn(56)) - bf55b3f9-6b09-4365-9d71-55289e083fa5@group-EFD1D20A002C-LeaderElection133: Election REJECTED; received 2 response(s) [bf55b3f9-6b09-4365-9d71-55289e083fa5<-f4c54511-b161-4347-aec5-5236dc80a0d8#0:FAIL-t153, bf55b3f9-6b09-4365-9d71-55289e083fa5<-907b9765-214b-4864-b66a-d6e2a5789e5c#0:FAIL-t153] and 0 exception(s); bf55b3f9-6b09-4365-9d71-55289e083fa5@group-EFD1D20A002C:t153, leader=null, voted=bf55b3f9-6b09-4365-9d71-55289e083fa5, raftlog=bf55b3f9-6b09-4365-9d71-55289e083fa5@group-EFD1D20A002C-SegmentedRaftLog:OPENED:c-1,f-1,i0, conf=-1: [f4c54511-b161-4347-aec5-5236dc80a0d8:0.0.0.0:41238, 907b9765-214b-4864-b66a-d6e2a5789e5c:0.0.0.0:41650, bf55b3f9-6b09-4365-9d71-55289e083fa5:0.0.0.0:42441], old=null
2019-10-16 18:00:48,201 [bf55b3f9-6b09-4365-9d71-55289e083fa5@group-EFD1D20A002C-LeaderElection133] INFO  impl.RaftServerImpl (RaftServerImpl.java:setRole(184)) - bf55b3f9-6b09-4365-9d71-55289e083fa5@group-EFD1D20A002C: changes role from CANDIDATE to FOLLOWER at term 153 for DISCOVERED_A_NEW_TERM
2019-10-16 18:00:48,201 [bf55b3f9-6b09-4365-9d71-55289e083fa5@group-EFD1D20A002C-LeaderElection133] INFO  impl.RoleInfo (RoleInfo.java:shutdownLeaderElection(134)) - bf55b3f9-6b09-4365-9d71-55289e083fa5: shutdown LeaderElection
2019-10-16 18:00:48,201 [bf55b3f9-6b09-4365-9d71-55289e083fa5@group-EFD1D20A002C-LeaderElection133] INFO  impl.RoleInfo (RoleInfo.java:updateAndGet(143)) - bf55b3f9-6b09-4365-9d71-55289e083fa5: start FollowerState
2019-10-16 18:00:48,330 [Thread-959] INFO  impl.FollowerState (FollowerState.java:run(108)) - bf55b3f9-6b09-4365-9d71-55289e083fa5@group-EFD1D20A002C-FollowerState: change to CANDIDATE, lastRpcTime:129ms, electionTimeout:129ms
2019-10-16 18:00:48,331 [Thread-959] INFO  impl.RoleInfo (RoleInfo.java:shutdownFollowerState(121)) - bf55b3f9-6b09-4365-9d71-55289e083fa5: shutdown FollowerState
2019-10-16 18:00:48,331 [Thread-959] INFO  impl.RaftServerImpl (RaftServerImpl.java:setRole(184)) - bf55b3f9-6b09-4365-9d71-55289e083fa5@group-EFD1D20A002C: changes role from  FOLLOWER to CANDIDATE at term 153 for changeToCandidate
2019-10-16 18:00:48,331 [Thread-959] INFO  impl.RoleInfo (RoleInfo.java:updateAndGet(143)) - bf55b3f9-6b09-4365-9d71-55289e083fa5: start LeaderElection
2019-10-16 18:00:48,360 [bf55b3f9-6b09-4365-9d71-55289e083fa5@group-EFD1D20A002C-LeaderElection134] INFO  impl.LeaderElection (LeaderElection.java:askForVotes(178)) - bf55b3f9-6b09-4365-9d71-55289e083fa5@group-EFD1D20A002C-LeaderElection134: begin an election at term 154 for -1: [f4c54511-b161-4347-aec5-5236dc80a0d8:0.0.0.0:41238, 907b9765-214b-4864-b66a-d6e2a5789e5c:0.0.0.0:41650, bf55b3f9-6b09-4365-9d71-55289e083fa5:0.0.0.0:42441], old=null
2019-10-16 18:00:48,363 [grpc-default-executor-1] INFO  impl.RaftServerImpl (RaftServerImpl.java:setRole(184)) - 907b9765-214b-4864-b66a-d6e2a5789e5c@group-EFD1D20A002C: changes role from  FOLLOWER to FOLLOWER at term 154 for recognizeCandidate:bf55b3f9-6b09-4365-9d71-55289e083fa5
2019-10-16 18:00:48,363 [grpc-default-executor-3] INFO  impl.RaftServerImpl (RaftServerImpl.java:setRole(184)) - f4c54511-b161-4347-aec5-5236dc80a0d8@group-EFD1D20A002C: changes role from  FOLLOWER to FOLLOWER at term 154 for recognizeCandidate:bf55b3f9-6b09-4365-9d71-55289e083fa5
2019-10-16 18:00:48,363 [grpc-default-executor-1] INFO  impl.RoleInfo (RoleInfo.java:shutdownFollowerState(121)) - 907b9765-214b-4864-b66a-d6e2a5789e5c: shutdown FollowerState
2019-10-16 18:00:48,363 [grpc-default-executor-3] INFO  impl.RoleInfo (RoleInfo.java:shutdownFollowerState(121)) - f4c54511-b161-4347-aec5-5236dc80a0d8: shutdown FollowerState
2019-10-16 18:00:48,363 [Thread-958] INFO  impl.FollowerState (FollowerState.java:run(117)) - 907b9765-214b-4864-b66a-d6e2a5789e5c@group-EFD1D20A002C-FollowerState was interrupted: java.lang.InterruptedException: sleep interrupted
2019-10-16 18:00:48,363 [grpc-default-executor-1] INFO  impl.RoleInfo (RoleInfo.java:updateAndGet(143)) - 907b9765-214b-4864-b66a-d6e2a5789e5c: start FollowerState
2019-10-16 18:00:48,364 [Thread-957] INFO  impl.FollowerState (FollowerState.java:run(117)) - f4c54511-b161-4347-aec5-5236dc80a0d8@group-EFD1D20A002C-FollowerState was interrupted: java.lang.InterruptedException: sleep interrupted
2019-10-16 18:00:48,364 [grpc-default-executor-3] INFO  impl.RoleInfo (RoleInfo.java:updateAndGet(143)) - f4c54511-b161-4347-aec5-5236dc80a0d8: start FollowerState
2019-10-16 18:00:48,403 [bf55b3f9-6b09-4365-9d71-55289e083fa5@group-EFD1D20A002C-LeaderElection134] INFO  impl.LeaderElection (LeaderElection.java:logAndReturn(56)) - bf55b3f9-6b09-4365-9d71-55289e083fa5@group-EFD1D20A002C-LeaderElection134: Election REJECTED; received 2 response(s) [bf55b3f9-6b09-4365-9d71-55289e083fa5<-f4c54511-b161-4347-aec5-5236dc80a0d8#0:FAIL-t154, bf55b3f9-6b09-4365-9d71-55289e083fa5<-907b9765-214b-4864-b66a-d6e2a5789e5c#0:FAIL-t154] and 0 exception(s); bf55b3f9-6b09-4365-9d71-55289e083fa5@group-EFD1D20A002C:t154, leader=null, voted=bf55b3f9-6b09-4365-9d71-55289e083fa5, raftlog=bf55b3f9-6b09-4365-9d71-55289e083fa5@group-EFD1D20A002C-SegmentedRaftLog:OPENED:c-1,f-1,i0, conf=-1: [f4c54511-b161-4347-aec5-5236dc80a0d8:0.0.0.0:41238, 907b9765-214b-4864-b66a-d6e2a5789e5c:0.0.0.0:41650, bf55b3f9-6b09-4365-9d71-55289e083fa5:0.0.0.0:42441], old=null
2019-10-16 18:00:48,403 [bf55b3f9-6b09-4365-9d71-55289e083fa5@group-EFD1D20A002C-LeaderElection134] INFO  impl.RaftServerImpl (RaftServerImpl.java:setRole(184)) - bf55b3f9-6b09-4365-9d71-55289e083fa5@group-EFD1D20A002C: changes role from CANDIDATE to FOLLOWER at term 154 for DISCOVERED_A_NEW_TERM
2019-10-16 18:00:48,404 [bf55b3f9-6b09-4365-9d71-55289e083fa5@group-EFD1D20A002C-LeaderElection134] INFO  impl.RoleInfo (RoleInfo.java:shutdownLeaderElection(134)) - bf55b3f9-6b09-4365-9d71-55289e083fa5: shutdown LeaderElection
2019-10-16 18:00:48,404 [bf55b3f9-6b09-4365-9d71-55289e083fa5@group-EFD1D20A002C-LeaderElection134] INFO  impl.RoleInfo (RoleInfo.java:updateAndGet(143)) - bf55b3f9-6b09-4365-9d71-55289e083fa5: start FollowerState
2019-10-16 18:00:48,456 [Thread-965] INFO  impl.FollowerState (FollowerState.java:run(108)) - bf55b3f9-6b09-4365-9d71-55289e083fa5@group-EFD1D20A002C-FollowerState: change to CANDIDATE, lastRpcTime:52ms, electionTimeout:52ms
2019-10-16 18:00:48,456 [Thread-965] INFO  impl.RoleInfo (RoleInfo.java:shutdownFollowerState(121)) - bf55b3f9-6b09-4365-9d71-55289e083fa5: shutdown FollowerState
2019-10-16 18:00:48,456 [Thread-965] INFO  impl.RaftServerImpl (RaftServerImpl.java:setRole(184)) - bf55b3f9-6b09-4365-9d71-55289e083fa5@group-EFD1D20A002C: changes role from  FOLLOWER to CANDIDATE at term 154 for changeToCandidate
2019-10-16 18:00:48,456 [Thread-965] INFO  impl.RoleInfo (RoleInfo.java:updateAndGet(143)) - bf55b3f9-6b09-4365-9d71-55289e083fa5: start LeaderElection
2019-10-16 18:00:48,486 [bf55b3f9-6b09-4365-9d71-55289e083fa5@group-EFD1D20A002C-LeaderElection135] INFO  impl.LeaderElection (LeaderElection.java:askForVotes(178)) - bf55b3f9-6b09-4365-9d71-55289e083fa5@group-EFD1D20A002C-LeaderElection135: begin an election at term 155 for -1: [f4c54511-b161-4347-aec5-5236dc80a0d8:0.0.0.0:41238, 907b9765-214b-4864-b66a-d6e2a5789e5c:0.0.0.0:41650, bf55b3f9-6b09-4365-9d71-55289e083fa5:0.0.0.0:42441], old=null
2019-10-16 18:00:48,488 [grpc-default-executor-1] INFO  impl.RaftServerImpl (RaftServerImpl.java:setRole(184)) - f4c54511-b161-4347-aec5-5236dc80a0d8@group-EFD1D20A002C: changes role from  FOLLOWER to FOLLOWER at term 155 for recognizeCandidate:bf55b3f9-6b09-4365-9d71-55289e083fa5
2019-10-16 18:00:48,488 [grpc-default-executor-3] INFO  impl.RaftServerImpl (RaftServerImpl.java:setRole(184)) - 907b9765-214b-4864-b66a-d6e2a5789e5c@group-EFD1D20A002C: changes role from  FOLLOWER to FOLLOWER at term 155 for recognizeCandidate:bf55b3f9-6b09-4365-9d71-55289e083fa5
2019-10-16 18:00:48,488 [grpc-default-executor-1] INFO  impl.RoleInfo (RoleInfo.java:shutdownFollowerState(121)) - f4c54511-b161-4347-aec5-5236dc80a0d8: shutdown FollowerState
2019-10-16 18:00:48,488 [grpc-default-executor-3] INFO  impl.RoleInfo (RoleInfo.java:shutdownFollowerState(121)) - 907b9765-214b-4864-b66a-d6e2a5789e5c: shutdown FollowerState
2019-10-16 18:00:48,489 [grpc-default-executor-1] INFO  impl.RoleInfo (RoleInfo.java:updateAndGet(143)) - f4c54511-b161-4347-aec5-5236dc80a0d8: start FollowerState
2019-10-16 18:00:48,489 [Thread-964] INFO  impl.FollowerState (FollowerState.java:run(117)) - f4c54511-b161-4347-aec5-5236dc80a0d8@group-EFD1D20A002C-FollowerState was interrupted: java.lang.InterruptedException: sleep interrupted
2019-10-16 18:00:48,489 [grpc-default-executor-3] INFO  impl.RoleInfo (RoleInfo.java:updateAndGet(143)) - 907b9765-214b-4864-b66a-d6e2a5789e5c: start FollowerState
2019-10-16 18:00:48,489 [Thread-963] INFO  impl.FollowerState (FollowerState.java:run(117)) - 907b9765-214b-4864-b66a-d6e2a5789e5c@group-EFD1D20A002C-FollowerState was interrupted: java.lang.InterruptedException: sleep interrupted
2019-10-16 18:00:48,512 [bf55b3f9-6b09-4365-9d71-55289e083fa5@group-EFD1D20A002C-LeaderElection135] INFO  impl.LeaderElection (LeaderElection.java:logAndReturn(56)) - bf55b3f9-6b09-4365-9d71-55289e083fa5@group-EFD1D20A002C-LeaderElection135: Election REJECTED; received 2 response(s) [bf55b3f9-6b09-4365-9d71-55289e083fa5<-f4c54511-b161-4347-aec5-5236dc80a0d8#0:FAIL-t155, bf55b3f9-6b09-4365-9d71-55289e083fa5<-907b9765-214b-4864-b66a-d6e2a5789e5c#0:FAIL-t155] and 0 exception(s); bf55b3f9-6b09-4365-9d71-55289e083fa5@group-EFD1D20A002C:t155, leader=null, voted=bf55b3f9-6b09-4365-9d71-55289e083fa5, raftlog=bf55b3f9-6b09-4365-9d71-55289e083fa5@group-EFD1D20A002C-SegmentedRaftLog:OPENED:c-1,f-1,i0, conf=-1: [f4c54511-b161-4347-aec5-5236dc80a0d8:0.0.0.0:41238, 907b9765-214b-4864-b66a-d6e2a5789e5c:0.0.0.0:41650, bf55b3f9-6b09-4365-9d71-55289e083fa5:0.0.0.0:42441], old=null
2019-10-16 18:00:48,512 [bf55b3f9-6b09-4365-9d71-55289e083fa5@group-EFD1D20A002C-LeaderElection135] INFO  impl.RaftServerImpl (RaftServerImpl.java:setRole(184)) - bf55b3f9-6b09-4365-9d71-55289e083fa5@group-EFD1D20A002C: changes role from CANDIDATE to FOLLOWER at term 155 for DISCOVERED_A_NEW_TERM
2019-10-16 18:00:48,512 [bf55b3f9-6b09-4365-9d71-55289e083fa5@group-EFD1D20A002C-LeaderElection135] INFO  impl.RoleInfo (RoleInfo.java:shutdownLeaderElection(134)) - bf55b3f9-6b09-4365-9d71-55289e083fa5: shutdown LeaderElection
2019-10-16 18:00:48,513 [bf55b3f9-6b09-4365-9d71-55289e083fa5@group-EFD1D20A002C-LeaderElection135] INFO  impl.RoleInfo (RoleInfo.java:updateAndGet(143)) - bf55b3f9-6b09-4365-9d71-55289e083fa5: start FollowerState
2019-10-16 18:00:48,549 [Thread-971] INFO  impl.FollowerState (FollowerState.java:run(108)) - bf55b3f9-6b09-4365-9d71-55289e083fa5@group-EFD1D20A002C-FollowerState: change to CANDIDATE, lastRpcTime:36ms, electionTimeout:36ms
2019-10-16 18:00:48,549 [Thread-971] INFO  impl.RoleInfo (RoleInfo.java:shutdownFollowerState(121)) - bf55b3f9-6b09-4365-9d71-55289e083fa5: shutdown FollowerState
2019-10-16 18:00:48,549 [Thread-971] INFO  impl.RaftServerImpl (RaftServerImpl.java:setRole(184)) - bf55b3f9-6b09-4365-9d71-55289e083fa5@group-EFD1D20A002C: changes role from  FOLLOWER to CANDIDATE at term 155 for changeToCandidate
2019-10-16 18:00:48,549 [Thread-971] INFO  impl.RoleInfo (RoleInfo.java:updateAndGet(143)) - bf55b3f9-6b09-4365-9d71-55289e083fa5: start LeaderElection
2019-10-16 18:00:48,562 [bf55b3f9-6b09-4365-9d71-55289e083fa5@group-EFD1D20A002C-LeaderElection136] INFO  impl.LeaderElection (LeaderElection.java:askForVotes(178)) - bf55b3f9-6b09-4365-9d71-55289e083fa5@group-EFD1D20A002C-LeaderElection136: begin an election at term 156 for -1: [f4c54511-b161-4347-aec5-5236dc80a0d8:0.0.0.0:41238, 907b9765-214b-4864-b66a-d6e2a5789e5c:0.0.0.0:41650, bf55b3f9-6b09-4365-9d71-55289e083fa5:0.0.0.0:42441], old=null
2019-10-16 18:00:48,564 [grpc-default-executor-1] INFO  impl.RaftServerImpl (RaftServerImpl.java:setRole(184)) - f4c54511-b161-4347-aec5-5236dc80a0d8@group-EFD1D20A002C: changes role from  FOLLOWER to FOLLOWER at term 156 for recognizeCandidate:bf55b3f9-6b09-4365-9d71-55289e083fa5
2019-10-16 18:00:48,564 [grpc-default-executor-1] INFO  impl.RoleInfo (RoleInfo.java:shutdownFollowerState(121)) - f4c54511-b161-4347-aec5-5236dc80a0d8: shutdown FollowerState
2019-10-16 18:00:48,564 [grpc-default-executor-3] INFO  impl.RaftServerImpl (RaftServerImpl.java:setRole(184)) - 907b9765-214b-4864-b66a-d6e2a5789e5c@group-EFD1D20A002C: changes role from  FOLLOWER to FOLLOWER at term 156 for recognizeCandidate:bf55b3f9-6b09-4365-9d71-55289e083fa5
2019-10-16 18:00:48,565 [grpc-default-executor-3] INFO  impl.RoleInfo (RoleInfo.java:shutdownFollowerState(121)) - 907b9765-214b-4864-b66a-d6e2a5789e5c: shutdown FollowerState
2019-10-16 18:00:48,564 [Thread-969] INFO  impl.FollowerState (FollowerState.java:run(117)) - f4c54511-b161-4347-aec5-5236dc80a0d8@group-EFD1D20A002C-FollowerState was interrupted: java.lang.InterruptedException: sleep interrupted
2019-10-16 18:00:48,564 [grpc-default-executor-1] INFO  impl.RoleInfo (RoleInfo.java:updateAndGet(143)) - f4c54511-b161-4347-aec5-5236dc80a0d8: start FollowerState
2019-10-16 18:00:48,565 [Thread-970] INFO  impl.FollowerState (FollowerState.java:run(117)) - 907b9765-214b-4864-b66a-d6e2a5789e5c@group-EFD1D20A002C-FollowerState was interrupted: java.lang.InterruptedException: sleep interrupted
2019-10-16 18:00:48,565 [grpc-default-executor-3] INFO  impl.RoleInfo (RoleInfo.java:updateAndGet(143)) - 907b9765-214b-4864-b66a-d6e2a5789e5c: start FollowerState
2019-10-16 18:00:48,589 [bf55b3f9-6b09-4365-9d71-55289e083fa5@group-EFD1D20A002C-LeaderElection136] INFO  impl.LeaderElection (LeaderElection.java:logAndReturn(56)) - bf55b3f9-6b09-4365-9d71-55289e083fa5@group-EFD1D20A002C-LeaderElection136: Election REJECTED; received 2 response(s) [bf55b3f9-6b09-4365-9d71-55289e083fa5<-f4c54511-b161-4347-aec5-5236dc80a0d8#0:FAIL-t156, bf55b3f9-6b09-4365-9d71-55289e083fa5<-907b9765-214b-4864-b66a-d6e2a5789e5c#0:FAIL-t156] and 0 exception(s); bf55b3f9-6b09-4365-9d71-55289e083fa5@group-EFD1D20A002C:t156, leader=null, voted=bf55b3f9-6b09-4365-9d71-55289e083fa5, raftlog=bf55b3f9-6b09-4365-9d71-55289e083fa5@group-EFD1D20A002C-SegmentedRaftLog:OPENED:c-1,f-1,i0, conf=-1: [f4c54511-b161-4347-aec5-5236dc80a0d8:0.0.0.0:41238, 907b9765-214b-4864-b66a-d6e2a5789e5c:0.0.0.0:41650, bf55b3f9-6b09-4365-9d71-55289e083fa5:0.0.0.0:42441], old=null
2019-10-16 18:00:48,589 [bf55b3f9-6b09-4365-9d71-55289e083fa5@group-EFD1D20A002C-LeaderElection136] INFO  impl.RaftServerImpl (RaftServerImpl.java:setRole(184)) - bf55b3f9-6b09-4365-9d71-55289e083fa5@group-EFD1D20A002C: changes role from CANDIDATE to FOLLOWER at term 156 for DISCOVERED_A_NEW_TERM
2019-10-16 18:00:48,589 [bf55b3f9-6b09-4365-9d71-55289e083fa5@group-EFD1D20A002C-LeaderElection136] INFO  impl.RoleInfo (RoleInfo.java:shutdownLeaderElection(134)) - bf55b3f9-6b09-4365-9d71-55289e083fa5: shutdown LeaderElection
2019-10-16 18:00:48,589 [bf55b3f9-6b09-4365-9d71-55289e083fa5@group-EFD1D20A002C-LeaderElection136] INFO  impl.RoleInfo (RoleInfo.java:updateAndGet(143)) - bf55b3f9-6b09-4365-9d71-55289e083fa5: start FollowerState
2019-10-16 18:00:48,674 [Thread-977] INFO  impl.FollowerState (FollowerState.java:run(108)) - bf55b3f9-6b09-4365-9d71-55289e083fa5@group-EFD1D20A002C-FollowerState: change to CANDIDATE, lastRpcTime:84ms, electionTimeout:84ms
2019-10-16 18:00:48,674 [Thread-977] INFO  impl.RoleInfo (RoleInfo.java:shutdownFollowerState(121)) - bf55b3f9-6b09-4365-9d71-55289e083fa5: shutdown FollowerState
2019-10-16 18:00:48,675 [Thread-977] INFO  impl.RaftServerImpl (RaftServerImpl.java:setRole(184)) - bf55b3f9-6b09-4365-9d71-55289e083fa5@group-EFD1D20A002C: changes role from  FOLLOWER to CANDIDATE at term 156 for changeToCandidate
2019-10-16 18:00:48,675 [Thread-977] INFO  impl.RoleInfo (RoleInfo.java:updateAndGet(143)) - bf55b3f9-6b09-4365-9d71-55289e083fa5: start LeaderElection
2019-10-16 18:00:48,706 [bf55b3f9-6b09-4365-9d71-55289e083fa5@group-EFD1D20A002C-LeaderElection137] INFO  impl.LeaderElection (LeaderElection.java:askForVotes(178)) - bf55b3f9-6b09-4365-9d71-55289e083fa5@group-EFD1D20A002C-LeaderElection137: begin an election at term 157 for -1: [f4c54511-b161-4347-aec5-5236dc80a0d8:0.0.0.0:41238, 907b9765-214b-4864-b66a-d6e2a5789e5c:0.0.0.0:41650, bf55b3f9-6b09-4365-9d71-55289e083fa5:0.0.0.0:42441], old=null
2019-10-16 18:00:48,709 [grpc-default-executor-3] INFO  impl.RaftServerImpl (RaftServerImpl.java:setRole(184)) - f4c54511-b161-4347-aec5-5236dc80a0d8@group-EFD1D20A002C: changes role from  FOLLOWER to FOLLOWER at term 157 for recognizeCandidate:bf55b3f9-6b09-4365-9d71-55289e083fa5
2019-10-16 18:00:48,709 [grpc-default-executor-1] INFO  impl.RaftServerImpl (RaftServerImpl.java:setRole(184)) - 907b9765-214b-4864-b66a-d6e2a5789e5c@group-EFD1D20A002C: changes role from  FOLLOWER to FOLLOWER at term 157 for recognizeCandidate:bf55b3f9-6b09-4365-9d71-55289e083fa5
2019-10-16 18:00:48,709 [grpc-default-executor-3] INFO  impl.RoleInfo (RoleInfo.java:shutdownFollowerState(121)) - f4c54511-b161-4347-aec5-5236dc80a0d8: shutdown FollowerState
2019-10-16 18:00:48,710 [grpc-default-executor-1] INFO  impl.RoleInfo (RoleInfo.java:shutdownFollowerState(121)) - 907b9765-214b-4864-b66a-d6e2a5789e5c: shutdown FollowerState
2019-10-16 18:00:48,710 [Thread-975] INFO  impl.FollowerState (FollowerState.java:run(117)) - f4c54511-b161-4347-aec5-5236dc80a0d8@group-EFD1D20A002C-FollowerState was interrupted: java.lang.InterruptedException: sleep interrupted
2019-10-16 18:00:48,710 [grpc-default-executor-3] INFO  impl.RoleInfo (RoleInfo.java:updateAndGet(143)) - f4c54511-b161-4347-aec5-5236dc80a0d8: start FollowerState
2019-10-16 18:00:48,710 [Thread-976] INFO  impl.FollowerState (FollowerState.java:run(117)) - 907b9765-214b-4864-b66a-d6e2a5789e5c@group-EFD1D20A002C-FollowerState was interrupted: java.lang.InterruptedException: sleep interrupted
2019-10-16 18:00:48,710 [grpc-default-executor-1] INFO  impl.RoleInfo (RoleInfo.java:updateAndGet(143)) - 907b9765-214b-4864-b66a-d6e2a5789e5c: start FollowerState
2019-10-16 18:00:48,741 [bf55b3f9-6b09-4365-9d71-55289e083fa5@group-EFD1D20A002C-LeaderElection137] INFO  impl.LeaderElection (LeaderElection.java:logAndReturn(56)) - bf55b3f9-6b09-4365-9d71-55289e083fa5@group-EFD1D20A002C-LeaderElection137: Election REJECTED; received 2 response(s) [bf55b3f9-6b09-4365-9d71-55289e083fa5<-f4c54511-b161-4347-aec5-5236dc80a0d8#0:FAIL-t157, bf55b3f9-6b09-4365-9d71-55289e083fa5<-907b9765-214b-4864-b66a-d6e2a5789e5c#0:FAIL-t157] and 0 exception(s); bf55b3f9-6b09-4365-9d71-55289e083fa5@group-EFD1D20A002C:t157, leader=null, voted=bf55b3f9-6b09-4365-9d71-55289e083fa5, raftlog=bf55b3f9-6b09-4365-9d71-55289e083fa5@group-EFD1D20A002C-SegmentedRaftLog:OPENED:c-1,f-1,i0, conf=-1: [f4c54511-b161-4347-aec5-5236dc80a0d8:0.0.0.0:41238, 907b9765-214b-4864-b66a-d6e2a5789e5c:0.0.0.0:41650, bf55b3f9-6b09-4365-9d71-55289e083fa5:0.0.0.0:42441], old=null
2019-10-16 18:00:48,741 [bf55b3f9-6b09-4365-9d71-55289e083fa5@group-EFD1D20A002C-LeaderElection137] INFO  impl.RaftServerImpl (RaftServerImpl.java:setRole(184)) - bf55b3f9-6b09-4365-9d71-55289e083fa5@group-EFD1D20A002C: changes role from CANDIDATE to FOLLOWER at term 157 for DISCOVERED_A_NEW_TERM
2019-10-16 18:00:48,741 [bf55b3f9-6b09-4365-9d71-55289e083fa5@group-EFD1D20A002C-LeaderElection137] INFO  impl.RoleInfo (RoleInfo.java:shutdownLeaderElection(134)) - bf55b3f9-6b09-4365-9d71-55289e083fa5: shutdown LeaderElection
2019-10-16 18:00:48,741 [bf55b3f9-6b09-4365-9d71-55289e083fa5@group-EFD1D20A002C-LeaderElection137] INFO  impl.RoleInfo (RoleInfo.java:updateAndGet(143)) - bf55b3f9-6b09-4365-9d71-55289e083fa5: start FollowerState
2019-10-16 18:00:48,864 [Thread-983] INFO  impl.FollowerState (FollowerState.java:run(108)) - bf55b3f9-6b09-4365-9d71-55289e083fa5@group-EFD1D20A002C-FollowerState: change to CANDIDATE, lastRpcTime:123ms, electionTimeout:123ms
2019-10-16 18:00:48,865 [Thread-983] INFO  impl.RoleInfo (RoleInfo.java:shutdownFollowerState(121)) - bf55b3f9-6b09-4365-9d71-55289e083fa5: shutdown FollowerState
2019-10-16 18:00:48,865 [Thread-983] INFO  impl.RaftServerImpl (RaftServerImpl.java:setRole(184)) - bf55b3f9-6b09-4365-9d71-55289e083fa5@group-EFD1D20A002C: changes role from  FOLLOWER to CANDIDATE at term 157 for changeToCandidate
2019-10-16 18:00:48,865 [Thread-983] INFO  impl.RoleInfo (RoleInfo.java:updateAndGet(143)) - bf55b3f9-6b09-4365-9d71-55289e083fa5: start LeaderElection
2019-10-16 18:00:48,892 [bf55b3f9-6b09-4365-9d71-55289e083fa5@group-EFD1D20A002C-LeaderElection138] INFO  impl.LeaderElection (LeaderElection.java:askForVotes(178)) - bf55b3f9-6b09-4365-9d71-55289e083fa5@group-EFD1D20A002C-LeaderElection138: begin an election at term 158 for -1: [f4c54511-b161-4347-aec5-5236dc80a0d8:0.0.0.0:41238, 907b9765-214b-4864-b66a-d6e2a5789e5c:0.0.0.0:41650, bf55b3f9-6b09-4365-9d71-55289e083fa5:0.0.0.0:42441], old=null
2019-10-16 18:00:48,894 [grpc-default-executor-3] INFO  impl.RaftServerImpl (RaftServerImpl.java:setRole(184)) - 907b9765-214b-4864-b66a-d6e2a5789e5c@group-EFD1D20A002C: changes role from  FOLLOWER to FOLLOWER at term 158 for recognizeCandidate:bf55b3f9-6b09-4365-9d71-55289e083fa5
2019-10-16 18:00:48,895 [grpc-default-executor-1] INFO  impl.RaftServerImpl (RaftServerImpl.java:setRole(184)) - f4c54511-b161-4347-aec5-5236dc80a0d8@group-EFD1D20A002C: changes role from  FOLLOWER to FOLLOWER at term 158 for recognizeCandidate:bf55b3f9-6b09-4365-9d71-55289e083fa5
2019-10-16 18:00:48,895 [grpc-default-executor-3] INFO  impl.RoleInfo (RoleInfo.java:shutdownFollowerState(121)) - 907b9765-214b-4864-b66a-d6e2a5789e5c: shutdown FollowerState
2019-10-16 18:00:48,895 [grpc-default-executor-1] INFO  impl.RoleInfo (RoleInfo.java:shutdownFollowerState(121)) - f4c54511-b161-4347-aec5-5236dc80a0d8: shutdown FollowerState
2019-10-16 18:00:48,895 [Thread-982] INFO  impl.FollowerState (FollowerState.java:run(117)) - 907b9765-214b-4864-b66a-d6e2a5789e5c@group-EFD1D20A002C-FollowerState was interrupted: java.lang.InterruptedException: sleep interrupted
2019-10-16 18:00:48,895 [grpc-default-executor-3] INFO  impl.RoleInfo (RoleInfo.java:updateAndGet(143)) - 907b9765-214b-4864-b66a-d6e2a5789e5c: start FollowerState
2019-10-16 18:00:48,895 [Thread-981] INFO  impl.FollowerState (FollowerState.java:run(117)) - f4c54511-b161-4347-aec5-5236dc80a0d8@group-EFD1D20A002C-FollowerState was interrupted: java.lang.InterruptedException: sleep interrupted
2019-10-16 18:00:48,895 [grpc-default-executor-1] INFO  impl.RoleInfo (RoleInfo.java:updateAndGet(143)) - f4c54511-b161-4347-aec5-5236dc80a0d8: start FollowerState
2019-10-16 18:00:48,918 [bf55b3f9-6b09-4365-9d71-55289e083fa5@group-EFD1D20A002C-LeaderElection138] INFO  impl.LeaderElection (LeaderElection.java:logAndReturn(56)) - bf55b3f9-6b09-4365-9d71-55289e083fa5@group-EFD1D20A002C-LeaderElection138: Election REJECTED; received 2 response(s) [bf55b3f9-6b09-4365-9d71-55289e083fa5<-f4c54511-b161-4347-aec5-5236dc80a0d8#0:FAIL-t158, bf55b3f9-6b09-4365-9d71-55289e083fa5<-907b9765-214b-4864-b66a-d6e2a5789e5c#0:FAIL-t158] and 0 exception(s); bf55b3f9-6b09-4365-9d71-55289e083fa5@group-EFD1D20A002C:t158, leader=null, voted=bf55b3f9-6b09-4365-9d71-55289e083fa5, raftlog=bf55b3f9-6b09-4365-9d71-55289e083fa5@group-EFD1D20A002C-SegmentedRaftLog:OPENED:c-1,f-1,i0, conf=-1: [f4c54511-b161-4347-aec5-5236dc80a0d8:0.0.0.0:41238, 907b9765-214b-4864-b66a-d6e2a5789e5c:0.0.0.0:41650, bf55b3f9-6b09-4365-9d71-55289e083fa5:0.0.0.0:42441], old=null
2019-10-16 18:00:48,919 [bf55b3f9-6b09-4365-9d71-55289e083fa5@group-EFD1D20A002C-LeaderElection138] INFO  impl.RaftServerImpl (RaftServerImpl.java:setRole(184)) - bf55b3f9-6b09-4365-9d71-55289e083fa5@group-EFD1D20A002C: changes role from CANDIDATE to FOLLOWER at term 158 for DISCOVERED_A_NEW_TERM
2019-10-16 18:00:48,919 [bf55b3f9-6b09-4365-9d71-55289e083fa5@group-EFD1D20A002C-LeaderElection138] INFO  impl.RoleInfo (RoleInfo.java:shutdownLeaderElection(134)) - bf55b3f9-6b09-4365-9d71-55289e083fa5: shutdown LeaderElection
2019-10-16 18:00:48,919 [bf55b3f9-6b09-4365-9d71-55289e083fa5@group-EFD1D20A002C-LeaderElection138] INFO  impl.RoleInfo (RoleInfo.java:updateAndGet(143)) - bf55b3f9-6b09-4365-9d71-55289e083fa5: start FollowerState
2019-10-16 18:00:49,075 [Thread-991] INFO  impl.FollowerState (FollowerState.java:run(108)) - bf55b3f9-6b09-4365-9d71-55289e083fa5@group-EFD1D20A002C-FollowerState: change to CANDIDATE, lastRpcTime:156ms, electionTimeout:156ms
2019-10-16 18:00:49,076 [Thread-991] INFO  impl.RoleInfo (RoleInfo.java:shutdownFollowerState(121)) - bf55b3f9-6b09-4365-9d71-55289e083fa5: shutdown FollowerState
2019-10-16 18:00:49,076 [Thread-991] INFO  impl.RaftServerImpl (RaftServerImpl.java:setRole(184)) - bf55b3f9-6b09-4365-9d71-55289e083fa5@group-EFD1D20A002C: changes role from  FOLLOWER to CANDIDATE at term 158 for changeToCandidate
2019-10-16 18:00:49,077 [Thread-991] INFO  impl.RoleInfo (RoleInfo.java:updateAndGet(143)) - bf55b3f9-6b09-4365-9d71-55289e083fa5: start LeaderElection
2019-10-16 18:00:49,102 [bf55b3f9-6b09-4365-9d71-55289e083fa5@group-EFD1D20A002C-LeaderElection139] INFO  impl.LeaderElection (LeaderElection.java:askForVotes(178)) - bf55b3f9-6b09-4365-9d71-55289e083fa5@group-EFD1D20A002C-LeaderElection139: begin an election at term 159 for -1: [f4c54511-b161-4347-aec5-5236dc80a0d8:0.0.0.0:41238, 907b9765-214b-4864-b66a-d6e2a5789e5c:0.0.0.0:41650, bf55b3f9-6b09-4365-9d71-55289e083fa5:0.0.0.0:42441], old=null
2019-10-16 18:00:49,106 [grpc-default-executor-1] INFO  impl.RaftServerImpl (RaftServerImpl.java:setRole(184)) - f4c54511-b161-4347-aec5-5236dc80a0d8@group-EFD1D20A002C: changes role from  FOLLOWER to FOLLOWER at term 159 for recognizeCandidate:bf55b3f9-6b09-4365-9d71-55289e083fa5
2019-10-16 18:00:49,106 [grpc-default-executor-1] INFO  impl.RoleInfo (RoleInfo.java:shutdownFollowerState(121)) - f4c54511-b161-4347-aec5-5236dc80a0d8: shutdown FollowerState
2019-10-16 18:00:49,106 [grpc-default-executor-3] INFO  impl.RaftServerImpl (RaftServerImpl.java:setRole(184)) - 907b9765-214b-4864-b66a-d6e2a5789e5c@group-EFD1D20A002C: changes role from  FOLLOWER to FOLLOWER at term 159 for recognizeCandidate:bf55b3f9-6b09-4365-9d71-55289e083fa5
2019-10-16 18:00:49,107 [Thread-990] INFO  impl.FollowerState (FollowerState.java:run(117)) - f4c54511-b161-4347-aec5-5236dc80a0d8@group-EFD1D20A002C-FollowerState was interrupted: java.lang.InterruptedException: sleep interrupted
2019-10-16 18:00:49,106 [grpc-default-executor-1] INFO  impl.RoleInfo (RoleInfo.java:updateAndGet(143)) - f4c54511-b161-4347-aec5-5236dc80a0d8: start FollowerState
2019-10-16 18:00:49,107 [grpc-default-executor-3] INFO  impl.RoleInfo (RoleInfo.java:shutdownFollowerState(121)) - 907b9765-214b-4864-b66a-d6e2a5789e5c: shutdown FollowerState
2019-10-16 18:00:49,107 [grpc-default-executor-3] INFO  impl.RoleInfo (RoleInfo.java:updateAndGet(143)) - 907b9765-214b-4864-b66a-d6e2a5789e5c: start FollowerState
2019-10-16 18:00:49,107 [Thread-989] INFO  impl.FollowerState (FollowerState.java:run(117)) - 907b9765-214b-4864-b66a-d6e2a5789e5c@group-EFD1D20A002C-FollowerState was interrupted: java.lang.InterruptedException: sleep interrupted
2019-10-16 18:00:49,129 [bf55b3f9-6b09-4365-9d71-55289e083fa5@group-EFD1D20A002C-LeaderElection139] INFO  impl.LeaderElection (LeaderElection.java:logAndReturn(56)) - bf55b3f9-6b09-4365-9d71-55289e083fa5@group-EFD1D20A002C-LeaderElection139: Election REJECTED; received 2 response(s) [bf55b3f9-6b09-4365-9d71-55289e083fa5<-f4c54511-b161-4347-aec5-5236dc80a0d8#0:FAIL-t159, bf55b3f9-6b09-4365-9d71-55289e083fa5<-907b9765-214b-4864-b66a-d6e2a5789e5c#0:FAIL-t159] and 0 exception(s); bf55b3f9-6b09-4365-9d71-55289e083fa5@group-EFD1D20A002C:t159, leader=null, voted=bf55b3f9-6b09-4365-9d71-55289e083fa5, raftlog=bf55b3f9-6b09-4365-9d71-55289e083fa5@group-EFD1D20A002C-SegmentedRaftLog:OPENED:c-1,f-1,i0, conf=-1: [f4c54511-b161-4347-aec5-5236dc80a0d8:0.0.0.0:41238, 907b9765-214b-4864-b66a-d6e2a5789e5c:0.0.0.0:41650, bf55b3f9-6b09-4365-9d71-55289e083fa5:0.0.0.0:42441], old=null
2019-10-16 18:00:49,129 [bf55b3f9-6b09-4365-9d71-55289e083fa5@group-EFD1D20A002C-LeaderElection139] INFO  impl.RaftServerImpl (RaftServerImpl.java:setRole(184)) - bf55b3f9-6b09-4365-9d71-55289e083fa5@group-EFD1D20A002C: changes role from CANDIDATE to FOLLOWER at term 159 for DISCOVERED_A_NEW_TERM
2019-10-16 18:00:49,129 [bf55b3f9-6b09-4365-9d71-55289e083fa5@group-EFD1D20A002C-LeaderElection139] INFO  impl.RoleInfo (RoleInfo.java:shutdownLeaderElection(134)) - bf55b3f9-6b09-4365-9d71-55289e083fa5: shutdown LeaderElection
2019-10-16 18:00:49,130 [bf55b3f9-6b09-4365-9d71-55289e083fa5@group-EFD1D20A002C-LeaderElection139] INFO  impl.RoleInfo (RoleInfo.java:updateAndGet(143)) - bf55b3f9-6b09-4365-9d71-55289e083fa5: start FollowerState
2019-10-16 18:00:49,222 [Thread-997] INFO  impl.FollowerState (FollowerState.java:run(108)) - bf55b3f9-6b09-4365-9d71-55289e083fa5@group-EFD1D20A002C-FollowerState: change to CANDIDATE, lastRpcTime:92ms, electionTimeout:92ms
2019-10-16 18:00:49,222 [Thread-997] INFO  impl.RoleInfo (RoleInfo.java:shutdownFollowerState(121)) - bf55b3f9-6b09-4365-9d71-55289e083fa5: shutdown FollowerState
2019-10-16 18:00:49,222 [Thread-997] INFO  impl.RaftServerImpl (RaftServerImpl.java:setRole(184)) - bf55b3f9-6b09-4365-9d71-55289e083fa5@group-EFD1D20A002C: changes role from  FOLLOWER to CANDIDATE at term 159 for changeToCandidate
2019-10-16 18:00:49,222 [Thread-997] INFO  impl.RoleInfo (RoleInfo.java:updateAndGet(143)) - bf55b3f9-6b09-4365-9d71-55289e083fa5: start LeaderElection
2019-10-16 18:00:49,245 [bf55b3f9-6b09-4365-9d71-55289e083fa5@group-EFD1D20A002C-LeaderElection140] INFO  impl.LeaderElection (LeaderElection.java:askForVotes(178)) - bf55b3f9-6b09-4365-9d71-55289e083fa5@group-EFD1D20A002C-LeaderElection140: begin an election at term 160 for -1: [f4c54511-b161-4347-aec5-5236dc80a0d8:0.0.0.0:41238, 907b9765-214b-4864-b66a-d6e2a5789e5c:0.0.0.0:41650, bf55b3f9-6b09-4365-9d71-55289e083fa5:0.0.0.0:42441], old=null
2019-10-16 18:00:49,248 [grpc-default-executor-1] INFO  impl.RaftServerImpl (RaftServerImpl.java:setRole(184)) - f4c54511-b161-4347-aec5-5236dc80a0d8@group-EFD1D20A002C: changes role from  FOLLOWER to FOLLOWER at term 160 for recognizeCandidate:bf55b3f9-6b09-4365-9d71-55289e083fa5
2019-10-16 18:00:49,248 [grpc-default-executor-3] INFO  impl.RaftServerImpl (RaftServerImpl.java:setRole(184)) - 907b9765-214b-4864-b66a-d6e2a5789e5c@group-EFD1D20A002C: changes role from  FOLLOWER to FOLLOWER at term 160 for recognizeCandidate:bf55b3f9-6b09-4365-9d71-55289e083fa5
2019-10-16 18:00:49,248 [grpc-default-executor-1] INFO  impl.RoleInfo (RoleInfo.java:shutdownFollowerState(121)) - f4c54511-b161-4347-aec5-5236dc80a0d8: shutdown FollowerState
2019-10-16 18:00:49,248 [grpc-default-executor-3] INFO  impl.RoleInfo (RoleInfo.java:shutdownFollowerState(121)) - 907b9765-214b-4864-b66a-d6e2a5789e5c: shutdown FollowerState
2019-10-16 18:00:49,249 [Thread-995] INFO  impl.FollowerState (FollowerState.java:run(117)) - f4c54511-b161-4347-aec5-5236dc80a0d8@group-EFD1D20A002C-FollowerState was interrupted: java.lang.InterruptedException: sleep interrupted
2019-10-16 18:00:49,249 [Thread-996] INFO  impl.FollowerState (FollowerState.java:run(117)) - 907b9765-214b-4864-b66a-d6e2a5789e5c@group-EFD1D20A002C-FollowerState was interrupted: java.lang.InterruptedException: sleep interrupted
2019-10-16 18:00:49,249 [grpc-default-executor-1] INFO  impl.RoleInfo (RoleInfo.java:updateAndGet(143)) - f4c54511-b161-4347-aec5-5236dc80a0d8: start FollowerState
2019-10-16 18:00:49,249 [grpc-default-executor-3] INFO  impl.RoleInfo (RoleInfo.java:updateAndGet(143)) - 907b9765-214b-4864-b66a-d6e2a5789e5c: start FollowerState
2019-10-16 18:00:49,272 [bf55b3f9-6b09-4365-9d71-55289e083fa5@group-EFD1D20A002C-LeaderElection140] INFO  impl.LeaderElection (LeaderElection.java:logAndReturn(56)) - bf55b3f9-6b09-4365-9d71-55289e083fa5@group-EFD1D20A002C-LeaderElection140: Election REJECTED; received 2 response(s) [bf55b3f9-6b09-4365-9d71-55289e083fa5<-f4c54511-b161-4347-aec5-5236dc80a0d8#0:FAIL-t160, bf55b3f9-6b09-4365-9d71-55289e083fa5<-907b9765-214b-4864-b66a-d6e2a5789e5c#0:FAIL-t160] and 0 exception(s); bf55b3f9-6b09-4365-9d71-55289e083fa5@group-EFD1D20A002C:t160, leader=null, voted=bf55b3f9-6b09-4365-9d71-55289e083fa5, raftlog=bf55b3f9-6b09-4365-9d71-55289e083fa5@group-EFD1D20A002C-SegmentedRaftLog:OPENED:c-1,f-1,i0, conf=-1: [f4c54511-b161-4347-aec5-5236dc80a0d8:0.0.0.0:41238, 907b9765-214b-4864-b66a-d6e2a5789e5c:0.0.0.0:41650, bf55b3f9-6b09-4365-9d71-55289e083fa5:0.0.0.0:42441], old=null
2019-10-16 18:00:49,272 [bf55b3f9-6b09-4365-9d71-55289e083fa5@group-EFD1D20A002C-LeaderElection140] INFO  impl.RaftServerImpl (RaftServerImpl.java:setRole(184)) - bf55b3f9-6b09-4365-9d71-55289e083fa5@group-EFD1D20A002C: changes role from CANDIDATE to FOLLOWER at term 160 for DISCOVERED_A_NEW_TERM
2019-10-16 18:00:49,272 [bf55b3f9-6b09-4365-9d71-55289e083fa5@group-EFD1D20A002C-LeaderElection140] INFO  impl.RoleInfo (RoleInfo.java:shutdownLeaderElection(134)) - bf55b3f9-6b09-4365-9d71-55289e083fa5: shutdown LeaderElection
2019-10-16 18:00:49,272 [bf55b3f9-6b09-4365-9d71-55289e083fa5@group-EFD1D20A002C-LeaderElection140] INFO  impl.RoleInfo (RoleInfo.java:updateAndGet(143)) - bf55b3f9-6b09-4365-9d71-55289e083fa5: start FollowerState
2019-10-16 18:00:49,322 [Thread-1003] INFO  impl.FollowerState (FollowerState.java:run(108)) - bf55b3f9-6b09-4365-9d71-55289e083fa5@group-EFD1D20A002C-FollowerState: change to CANDIDATE, lastRpcTime:50ms, electionTimeout:50ms
2019-10-16 18:00:49,323 [Thread-1003] INFO  impl.RoleInfo (RoleInfo.java:shutdownFollowerState(121)) - bf55b3f9-6b09-4365-9d71-55289e083fa5: shutdown FollowerState
2019-10-16 18:00:49,323 [Thread-1003] INFO  impl.RaftServerImpl (RaftServerImpl.java:setRole(184)) - bf55b3f9-6b09-4365-9d71-55289e083fa5@group-EFD1D20A002C: changes role from  FOLLOWER to CANDIDATE at term 160 for changeToCandidate
2019-10-16 18:00:49,323 [Thread-1003] INFO  impl.RoleInfo (RoleInfo.java:updateAndGet(143)) - bf55b3f9-6b09-4365-9d71-55289e083fa5: start LeaderElection
2019-10-16 18:00:49,347 [bf55b3f9-6b09-4365-9d71-55289e083fa5@group-EFD1D20A002C-LeaderElection141] INFO  impl.LeaderElection (LeaderElection.java:askForVotes(178)) - bf55b3f9-6b09-4365-9d71-55289e083fa5@group-EFD1D20A002C-LeaderElection141: begin an election at term 161 for -1: [f4c54511-b161-4347-aec5-5236dc80a0d8:0.0.0.0:41238, 907b9765-214b-4864-b66a-d6e2a5789e5c:0.0.0.0:41650, bf55b3f9-6b09-4365-9d71-55289e083fa5:0.0.0.0:42441], old=null
2019-10-16 18:00:49,350 [grpc-default-executor-1] INFO  impl.RaftServerImpl (RaftServerImpl.java:setRole(184)) - f4c54511-b161-4347-aec5-5236dc80a0d8@group-EFD1D20A002C: changes role from  FOLLOWER to FOLLOWER at term 161 for recognizeCandidate:bf55b3f9-6b09-4365-9d71-55289e083fa5
2019-10-16 18:00:49,350 [grpc-default-executor-1] INFO  impl.RoleInfo (RoleInfo.java:shutdownFollowerState(121)) - f4c54511-b161-4347-aec5-5236dc80a0d8: shutdown FollowerState
2019-10-16 18:00:49,350 [grpc-default-executor-3] INFO  impl.RaftServerImpl (RaftServerImpl.java:setRole(184)) - 907b9765-214b-4864-b66a-d6e2a5789e5c@group-EFD1D20A002C: changes role from  FOLLOWER to FOLLOWER at term 161 for recognizeCandidate:bf55b3f9-6b09-4365-9d71-55289e083fa5
2019-10-16 18:00:49,350 [Thread-1001] INFO  impl.FollowerState (FollowerState.java:run(117)) - f4c54511-b161-4347-aec5-5236dc80a0d8@group-EFD1D20A002C-FollowerState was interrupted: java.lang.InterruptedException: sleep interrupted
2019-10-16 18:00:49,350 [grpc-default-executor-1] INFO  impl.RoleInfo (RoleInfo.java:updateAndGet(143)) - f4c54511-b161-4347-aec5-5236dc80a0d8: start FollowerState
2019-10-16 18:00:49,350 [grpc-default-executor-3] INFO  impl.RoleInfo (RoleInfo.java:shutdownFollowerState(121)) - 907b9765-214b-4864-b66a-d6e2a5789e5c: shutdown FollowerState
2019-10-16 18:00:49,350 [grpc-default-executor-3] INFO  impl.RoleInfo (RoleInfo.java:updateAndGet(143)) - 907b9765-214b-4864-b66a-d6e2a5789e5c: start FollowerState
2019-10-16 18:00:49,351 [Thread-1002] INFO  impl.FollowerState (FollowerState.java:run(117)) - 907b9765-214b-4864-b66a-d6e2a5789e5c@group-EFD1D20A002C-FollowerState was interrupted: java.lang.InterruptedException: sleep interrupted
2019-10-16 18:00:49,378 [bf55b3f9-6b09-4365-9d71-55289e083fa5@group-EFD1D20A002C-LeaderElection141] INFO  impl.LeaderElection (LeaderElection.java:logAndReturn(56)) - bf55b3f9-6b09-4365-9d71-55289e083fa5@group-EFD1D20A002C-LeaderElection141: Election REJECTED; received 2 response(s) [bf55b3f9-6b09-4365-9d71-55289e083fa5<-f4c54511-b161-4347-aec5-5236dc80a0d8#0:FAIL-t161, bf55b3f9-6b09-4365-9d71-55289e083fa5<-907b9765-214b-4864-b66a-d6e2a5789e5c#0:FAIL-t161] and 0 exception(s); bf55b3f9-6b09-4365-9d71-55289e083fa5@group-EFD1D20A002C:t161, leader=null, voted=bf55b3f9-6b09-4365-9d71-55289e083fa5, raftlog=bf55b3f9-6b09-4365-9d71-55289e083fa5@group-EFD1D20A002C-SegmentedRaftLog:OPENED:c-1,f-1,i0, conf=-1: [f4c54511-b161-4347-aec5-5236dc80a0d8:0.0.0.0:41238, 907b9765-214b-4864-b66a-d6e2a5789e5c:0.0.0.0:41650, bf55b3f9-6b09-4365-9d71-55289e083fa5:0.0.0.0:42441], old=null
2019-10-16 18:00:49,380 [bf55b3f9-6b09-4365-9d71-55289e083fa5@group-EFD1D20A002C-LeaderElection141] INFO  impl.RaftServerImpl (RaftServerImpl.java:setRole(184)) - bf55b3f9-6b09-4365-9d71-55289e083fa5@group-EFD1D20A002C: changes role from CANDIDATE to FOLLOWER at term 161 for DISCOVERED_A_NEW_TERM
2019-10-16 18:00:49,380 [bf55b3f9-6b09-4365-9d71-55289e083fa5@group-EFD1D20A002C-LeaderElection141] INFO  impl.RoleInfo (RoleInfo.java:shutdownLeaderElection(134)) - bf55b3f9-6b09-4365-9d71-55289e083fa5: shutdown LeaderElection
2019-10-16 18:00:49,380 [bf55b3f9-6b09-4365-9d71-55289e083fa5@group-EFD1D20A002C-LeaderElection141] INFO  impl.RoleInfo (RoleInfo.java:updateAndGet(143)) - bf55b3f9-6b09-4365-9d71-55289e083fa5: start FollowerState
2019-10-16 18:00:49,381 [Thread-1009] INFO  impl.FollowerState (FollowerState.java:run(108)) - bf55b3f9-6b09-4365-9d71-55289e083fa5@group-EFD1D20A002C-FollowerState: change to CANDIDATE, lastRpcTime:0ms, electionTimeout:0ms
2019-10-16 18:00:49,381 [Thread-1009] INFO  impl.RoleInfo (RoleInfo.java:shutdownFollowerState(121)) - bf55b3f9-6b09-4365-9d71-55289e083fa5: shutdown FollowerState
2019-10-16 18:00:49,381 [Thread-1009] INFO  impl.RaftServerImpl (RaftServerImpl.java:setRole(184)) - bf55b3f9-6b09-4365-9d71-55289e083fa5@group-EFD1D20A002C: changes role from  FOLLOWER to CANDIDATE at term 161 for changeToCandidate
2019-10-16 18:00:49,381 [Thread-1009] INFO  impl.RoleInfo (RoleInfo.java:updateAndGet(143)) - bf55b3f9-6b09-4365-9d71-55289e083fa5: start LeaderElection
2019-10-16 18:00:49,406 [bf55b3f9-6b09-4365-9d71-55289e083fa5@group-EFD1D20A002C-LeaderElection142] INFO  impl.LeaderElection (LeaderElection.java:askForVotes(178)) - bf55b3f9-6b09-4365-9d71-55289e083fa5@group-EFD1D20A002C-LeaderElection142: begin an election at term 162 for -1: [f4c54511-b161-4347-aec5-5236dc80a0d8:0.0.0.0:41238, 907b9765-214b-4864-b66a-d6e2a5789e5c:0.0.0.0:41650, bf55b3f9-6b09-4365-9d71-55289e083fa5:0.0.0.0:42441], old=null
2019-10-16 18:00:49,412 [grpc-default-executor-1] INFO  impl.RaftServerImpl (RaftServerImpl.java:setRole(184)) - 907b9765-214b-4864-b66a-d6e2a5789e5c@group-EFD1D20A002C: changes role from  FOLLOWER to FOLLOWER at term 162 for recognizeCandidate:bf55b3f9-6b09-4365-9d71-55289e083fa5
2019-10-16 18:00:49,412 [grpc-default-executor-1] INFO  impl.RoleInfo (RoleInfo.java:shutdownFollowerState(121)) - 907b9765-214b-4864-b66a-d6e2a5789e5c: shutdown FollowerState
2019-10-16 18:00:49,412 [grpc-default-executor-3] INFO  impl.RaftServerImpl (RaftServerImpl.java:setRole(184)) - f4c54511-b161-4347-aec5-5236dc80a0d8@group-EFD1D20A002C: changes role from  FOLLOWER to FOLLOWER at term 162 for recognizeCandidate:bf55b3f9-6b09-4365-9d71-55289e083fa5
2019-10-16 18:00:49,413 [grpc-default-executor-3] INFO  impl.RoleInfo (RoleInfo.java:shutdownFollowerState(121)) - f4c54511-b161-4347-aec5-5236dc80a0d8: shutdown FollowerState
2019-10-16 18:00:49,412 [Thread-1008] INFO  impl.FollowerState (FollowerState.java:run(117)) - 907b9765-214b-4864-b66a-d6e2a5789e5c@group-EFD1D20A002C-FollowerState was interrupted: java.lang.InterruptedException: sleep interrupted
2019-10-16 18:00:49,412 [grpc-default-executor-1] INFO  impl.RoleInfo (RoleInfo.java:updateAndGet(143)) - 907b9765-214b-4864-b66a-d6e2a5789e5c: start FollowerState
2019-10-16 18:00:49,413 [grpc-default-executor-3] INFO  impl.RoleInfo (RoleInfo.java:updateAndGet(143)) - f4c54511-b161-4347-aec5-5236dc80a0d8: start FollowerState
2019-10-16 18:00:49,413 [Thread-1007] INFO  impl.FollowerState (FollowerState.java:run(117)) - f4c54511-b161-4347-aec5-5236dc80a0d8@group-EFD1D20A002C-FollowerState was interrupted: java.lang.InterruptedException: sleep interrupted
2019-10-16 18:00:49,433 [bf55b3f9-6b09-4365-9d71-55289e083fa5@group-EFD1D20A002C-LeaderElection142] INFO  impl.LeaderElection (LeaderElection.java:logAndReturn(56)) - bf55b3f9-6b09-4365-9d71-55289e083fa5@group-EFD1D20A002C-LeaderElection142: Election REJECTED; received 2 response(s) [bf55b3f9-6b09-4365-9d71-55289e083fa5<-f4c54511-b161-4347-aec5-5236dc80a0d8#0:FAIL-t162, bf55b3f9-6b09-4365-9d71-55289e083fa5<-907b9765-214b-4864-b66a-d6e2a5789e5c#0:FAIL-t162] and 0 exception(s); bf55b3f9-6b09-4365-9d71-55289e083fa5@group-EFD1D20A002C:t162, leader=null, voted=bf55b3f9-6b09-4365-9d71-55289e083fa5, raftlog=bf55b3f9-6b09-4365-9d71-55289e083fa5@group-EFD1D20A002C-SegmentedRaftLog:OPENED:c-1,f-1,i0, conf=-1: [f4c54511-b161-4347-aec5-5236dc80a0d8:0.0.0.0:41238, 907b9765-214b-4864-b66a-d6e2a5789e5c:0.0.0.0:41650, bf55b3f9-6b09-4365-9d71-55289e083fa5:0.0.0.0:42441], old=null
2019-10-16 18:00:49,433 [bf55b3f9-6b09-4365-9d71-55289e083fa5@group-EFD1D20A002C-LeaderElection142] INFO  impl.RaftServerImpl (RaftServerImpl.java:setRole(184)) - bf55b3f9-6b09-4365-9d71-55289e083fa5@group-EFD1D20A002C: changes role from CANDIDATE to FOLLOWER at term 162 for DISCOVERED_A_NEW_TERM
2019-10-16 18:00:49,434 [bf55b3f9-6b09-4365-9d71-55289e083fa5@group-EFD1D20A002C-LeaderElection142] INFO  impl.RoleInfo (RoleInfo.java:shutdownLeaderElection(134)) - bf55b3f9-6b09-4365-9d71-55289e083fa5: shutdown LeaderElection
2019-10-16 18:00:49,434 [bf55b3f9-6b09-4365-9d71-55289e083fa5@group-EFD1D20A002C-LeaderElection142] INFO  impl.RoleInfo (RoleInfo.java:updateAndGet(143)) - bf55b3f9-6b09-4365-9d71-55289e083fa5: start FollowerState
2019-10-16 18:00:49,603 [Thread-1015] INFO  impl.FollowerState (FollowerState.java:run(108)) - bf55b3f9-6b09-4365-9d71-55289e083fa5@group-EFD1D20A002C-FollowerState: change to CANDIDATE, lastRpcTime:169ms, electionTimeout:169ms
2019-10-16 18:00:49,603 [Thread-1015] INFO  impl.RoleInfo (RoleInfo.java:shutdownFollowerState(121)) - bf55b3f9-6b09-4365-9d71-55289e083fa5: shutdown FollowerState
2019-10-16 18:00:49,604 [Thread-1015] INFO  impl.RaftServerImpl (RaftServerImpl.java:setRole(184)) - bf55b3f9-6b09-4365-9d71-55289e083fa5@group-EFD1D20A002C: changes role from  FOLLOWER to CANDIDATE at term 162 for changeToCandidate
2019-10-16 18:00:49,604 [Thread-1015] INFO  impl.RoleInfo (RoleInfo.java:updateAndGet(143)) - bf55b3f9-6b09-4365-9d71-55289e083fa5: start LeaderElection
2019-10-16 18:00:49,633 [bf55b3f9-6b09-4365-9d71-55289e083fa5@group-EFD1D20A002C-LeaderElection143] INFO  impl.LeaderElection (LeaderElection.java:askForVotes(178)) - bf55b3f9-6b09-4365-9d71-55289e083fa5@group-EFD1D20A002C-LeaderElection143: begin an election at term 163 for -1: [f4c54511-b161-4347-aec5-5236dc80a0d8:0.0.0.0:41238, 907b9765-214b-4864-b66a-d6e2a5789e5c:0.0.0.0:41650, bf55b3f9-6b09-4365-9d71-55289e083fa5:0.0.0.0:42441], old=null
2019-10-16 18:00:49,636 [grpc-default-executor-1] INFO  impl.RaftServerImpl (RaftServerImpl.java:setRole(184)) - f4c54511-b161-4347-aec5-5236dc80a0d8@group-EFD1D20A002C: changes role from  FOLLOWER to FOLLOWER at term 163 for recognizeCandidate:bf55b3f9-6b09-4365-9d71-55289e083fa5
2019-10-16 18:00:49,636 [grpc-default-executor-1] INFO  impl.RoleInfo (RoleInfo.java:shutdownFollowerState(121)) - f4c54511-b161-4347-aec5-5236dc80a0d8: shutdown FollowerState
2019-10-16 18:00:49,636 [grpc-default-executor-3] INFO  impl.RaftServerImpl (RaftServerImpl.java:setRole(184)) - 907b9765-214b-4864-b66a-d6e2a5789e5c@group-EFD1D20A002C: changes role from  FOLLOWER to FOLLOWER at term 163 for recognizeCandidate:bf55b3f9-6b09-4365-9d71-55289e083fa5
2019-10-16 18:00:49,636 [Thread-1014] INFO  impl.FollowerState (FollowerState.java:run(117)) - f4c54511-b161-4347-aec5-5236dc80a0d8@group-EFD1D20A002C-FollowerState was interrupted: java.lang.InterruptedException: sleep interrupted
2019-10-16 18:00:49,636 [grpc-default-executor-1] INFO  impl.RoleInfo (RoleInfo.java:updateAndGet(143)) - f4c54511-b161-4347-aec5-5236dc80a0d8: start FollowerState
2019-10-16 18:00:49,636 [grpc-default-executor-3] INFO  impl.RoleInfo (RoleInfo.java:shutdownFollowerState(121)) - 907b9765-214b-4864-b66a-d6e2a5789e5c: shutdown FollowerState
2019-10-16 18:00:49,637 [grpc-default-executor-3] INFO  impl.RoleInfo (RoleInfo.java:updateAndGet(143)) - 907b9765-214b-4864-b66a-d6e2a5789e5c: start FollowerState
2019-10-16 18:00:49,637 [Thread-1013] INFO  impl.FollowerState (FollowerState.java:run(117)) - 907b9765-214b-4864-b66a-d6e2a5789e5c@group-EFD1D20A002C-FollowerState was interrupted: java.lang.InterruptedException: sleep interrupted
2019-10-16 18:00:49,660 [bf55b3f9-6b09-4365-9d71-55289e083fa5@group-EFD1D20A002C-LeaderElection143] INFO  impl.LeaderElection (LeaderElection.java:logAndReturn(56)) - bf55b3f9-6b09-4365-9d71-55289e083fa5@group-EFD1D20A002C-LeaderElection143: Election REJECTED; received 2 response(s) [bf55b3f9-6b09-4365-9d71-55289e083fa5<-f4c54511-b161-4347-aec5-5236dc80a0d8#0:FAIL-t163, bf55b3f9-6b09-4365-9d71-55289e083fa5<-907b9765-214b-4864-b66a-d6e2a5789e5c#0:FAIL-t163] and 0 exception(s); bf55b3f9-6b09-4365-9d71-55289e083fa5@group-EFD1D20A002C:t163, leader=null, voted=bf55b3f9-6b09-4365-9d71-55289e083fa5, raftlog=bf55b3f9-6b09-4365-9d71-55289e083fa5@group-EFD1D20A002C-SegmentedRaftLog:OPENED:c-1,f-1,i0, conf=-1: [f4c54511-b161-4347-aec5-5236dc80a0d8:0.0.0.0:41238, 907b9765-214b-4864-b66a-d6e2a5789e5c:0.0.0.0:41650, bf55b3f9-6b09-4365-9d71-55289e083fa5:0.0.0.0:42441], old=null
2019-10-16 18:00:49,661 [bf55b3f9-6b09-4365-9d71-55289e083fa5@group-EFD1D20A002C-LeaderElection143] INFO  impl.RaftServerImpl (RaftServerImpl.java:setRole(184)) - bf55b3f9-6b09-4365-9d71-55289e083fa5@group-EFD1D20A002C: changes role from CANDIDATE to FOLLOWER at term 163 for DISCOVERED_A_NEW_TERM
2019-10-16 18:00:49,661 [bf55b3f9-6b09-4365-9d71-55289e083fa5@group-EFD1D20A002C-LeaderElection143] INFO  impl.RoleInfo (RoleInfo.java:shutdownLeaderElection(134)) - bf55b3f9-6b09-4365-9d71-55289e083fa5: shutdown LeaderElection
2019-10-16 18:00:49,661 [bf55b3f9-6b09-4365-9d71-55289e083fa5@group-EFD1D20A002C-LeaderElection143] INFO  impl.RoleInfo (RoleInfo.java:updateAndGet(143)) - bf55b3f9-6b09-4365-9d71-55289e083fa5: start FollowerState
2019-10-16 18:00:49,696 [Thread-1021] INFO  impl.FollowerState (FollowerState.java:run(108)) - bf55b3f9-6b09-4365-9d71-55289e083fa5@group-EFD1D20A002C-FollowerState: change to CANDIDATE, lastRpcTime:35ms, electionTimeout:35ms
2019-10-16 18:00:49,696 [Thread-1021] INFO  impl.RoleInfo (RoleInfo.java:shutdownFollowerState(121)) - bf55b3f9-6b09-4365-9d71-55289e083fa5: shutdown FollowerState
2019-10-16 18:00:49,697 [Thread-1021] INFO  impl.RaftServerImpl (RaftServerImpl.java:setRole(184)) - bf55b3f9-6b09-4365-9d71-55289e083fa5@group-EFD1D20A002C: changes role from  FOLLOWER to CANDIDATE at term 163 for changeToCandidate
2019-10-16 18:00:49,697 [Thread-1021] INFO  impl.RoleInfo (RoleInfo.java:updateAndGet(143)) - bf55b3f9-6b09-4365-9d71-55289e083fa5: start LeaderElection
2019-10-16 18:00:49,727 [bf55b3f9-6b09-4365-9d71-55289e083fa5@group-EFD1D20A002C-LeaderElection144] INFO  impl.LeaderElection (LeaderElection.java:askForVotes(178)) - bf55b3f9-6b09-4365-9d71-55289e083fa5@group-EFD1D20A002C-LeaderElection144: begin an election at term 164 for -1: [f4c54511-b161-4347-aec5-5236dc80a0d8:0.0.0.0:41238, 907b9765-214b-4864-b66a-d6e2a5789e5c:0.0.0.0:41650, bf55b3f9-6b09-4365-9d71-55289e083fa5:0.0.0.0:42441], old=null
2019-10-16 18:00:49,729 [grpc-default-executor-3] INFO  impl.RaftServerImpl (RaftServerImpl.java:setRole(184)) - f4c54511-b161-4347-aec5-5236dc80a0d8@group-EFD1D20A002C: changes role from  FOLLOWER to FOLLOWER at term 164 for recognizeCandidate:bf55b3f9-6b09-4365-9d71-55289e083fa5
2019-10-16 18:00:49,729 [grpc-default-executor-3] INFO  impl.RoleInfo (RoleInfo.java:shutdownFollowerState(121)) - f4c54511-b161-4347-aec5-5236dc80a0d8: shutdown FollowerState
2019-10-16 18:00:49,729 [grpc-default-executor-1] INFO  impl.RaftServerImpl (RaftServerImpl.java:setRole(184)) - 907b9765-214b-4864-b66a-d6e2a5789e5c@group-EFD1D20A002C: changes role from  FOLLOWER to FOLLOWER at term 164 for recognizeCandidate:bf55b3f9-6b09-4365-9d71-55289e083fa5
2019-10-16 18:00:49,729 [Thread-1019] INFO  impl.FollowerState (FollowerState.java:run(117)) - f4c54511-b161-4347-aec5-5236dc80a0d8@group-EFD1D20A002C-FollowerState was interrupted: java.lang.InterruptedException: sleep interrupted
2019-10-16 18:00:49,729 [grpc-default-executor-3] INFO  impl.RoleInfo (RoleInfo.java:updateAndGet(143)) - f4c54511-b161-4347-aec5-5236dc80a0d8: start FollowerState
2019-10-16 18:00:49,730 [grpc-default-executor-1] INFO  impl.RoleInfo (RoleInfo.java:shutdownFollowerState(121)) - 907b9765-214b-4864-b66a-d6e2a5789e5c: shutdown FollowerState
2019-10-16 18:00:49,730 [grpc-default-executor-1] INFO  impl.RoleInfo (RoleInfo.java:updateAndGet(143)) - 907b9765-214b-4864-b66a-d6e2a5789e5c: start FollowerState
2019-10-16 18:00:49,730 [Thread-1020] INFO  impl.FollowerState (FollowerState.java:run(117)) - 907b9765-214b-4864-b66a-d6e2a5789e5c@group-EFD1D20A002C-FollowerState was interrupted: java.lang.InterruptedException: sleep interrupted
2019-10-16 18:00:49,747 [bf55b3f9-6b09-4365-9d71-55289e083fa5@group-EFD1D20A002C-LeaderElection144] INFO  impl.LeaderElection (LeaderElection.java:logAndReturn(56)) - bf55b3f9-6b09-4365-9d71-55289e083fa5@group-EFD1D20A002C-LeaderElection144: Election TIMEOUT; received 0 response(s) [] and 0 exception(s); bf55b3f9-6b09-4365-9d71-55289e083fa5@group-EFD1D20A002C:t164, leader=null, voted=bf55b3f9-6b09-4365-9d71-55289e083fa5, raftlog=bf55b3f9-6b09-4365-9d71-55289e083fa5@group-EFD1D20A002C-SegmentedRaftLog:OPENED:c-1,f-1,i0, conf=-1: [f4c54511-b161-4347-aec5-5236dc80a0d8:0.0.0.0:41238, 907b9765-214b-4864-b66a-d6e2a5789e5c:0.0.0.0:41650, bf55b3f9-6b09-4365-9d71-55289e083fa5:0.0.0.0:42441], old=null
2019-10-16 18:00:49,769 [bf55b3f9-6b09-4365-9d71-55289e083fa5@group-EFD1D20A002C-LeaderElection144] INFO  impl.LeaderElection (LeaderElection.java:askForVotes(178)) - bf55b3f9-6b09-4365-9d71-55289e083fa5@group-EFD1D20A002C-LeaderElection144: begin an election at term 165 for -1: [f4c54511-b161-4347-aec5-5236dc80a0d8:0.0.0.0:41238, 907b9765-214b-4864-b66a-d6e2a5789e5c:0.0.0.0:41650, bf55b3f9-6b09-4365-9d71-55289e083fa5:0.0.0.0:42441], old=null
2019-10-16 18:00:49,771 [grpc-default-executor-3] INFO  impl.RaftServerImpl (RaftServerImpl.java:setRole(184)) - f4c54511-b161-4347-aec5-5236dc80a0d8@group-EFD1D20A002C: changes role from  FOLLOWER to FOLLOWER at term 165 for recognizeCandidate:bf55b3f9-6b09-4365-9d71-55289e083fa5
2019-10-16 18:00:49,771 [grpc-default-executor-3] INFO  impl.RoleInfo (RoleInfo.java:shutdownFollowerState(121)) - f4c54511-b161-4347-aec5-5236dc80a0d8: shutdown FollowerState
2019-10-16 18:00:49,771 [grpc-default-executor-3] INFO  impl.RoleInfo (RoleInfo.java:updateAndGet(143)) - f4c54511-b161-4347-aec5-5236dc80a0d8: start FollowerState
2019-10-16 18:00:49,771 [grpc-default-executor-1] INFO  impl.RaftServerImpl (RaftServerImpl.java:setRole(184)) - 907b9765-214b-4864-b66a-d6e2a5789e5c@group-EFD1D20A002C: changes role from  FOLLOWER to FOLLOWER at term 165 for recognizeCandidate:bf55b3f9-6b09-4365-9d71-55289e083fa5
2019-10-16 18:00:49,771 [Thread-1025] INFO  impl.FollowerState (FollowerState.java:run(117)) - f4c54511-b161-4347-aec5-5236dc80a0d8@group-EFD1D20A002C-FollowerState was interrupted: java.lang.InterruptedException: sleep interrupted
2019-10-16 18:00:49,772 [grpc-default-executor-1] INFO  impl.RoleInfo (RoleInfo.java:shutdownFollowerState(121)) - 907b9765-214b-4864-b66a-d6e2a5789e5c: shutdown FollowerState
2019-10-16 18:00:49,772 [grpc-default-executor-1] INFO  impl.RoleInfo (RoleInfo.java:updateAndGet(143)) - 907b9765-214b-4864-b66a-d6e2a5789e5c: start FollowerState
2019-10-16 18:00:49,772 [Thread-1026] INFO  impl.FollowerState (FollowerState.java:run(117)) - 907b9765-214b-4864-b66a-d6e2a5789e5c@group-EFD1D20A002C-FollowerState was interrupted: java.lang.InterruptedException: sleep interrupted
2019-10-16 18:00:49,796 [bf55b3f9-6b09-4365-9d71-55289e083fa5@group-EFD1D20A002C-LeaderElection144] INFO  impl.LeaderElection (LeaderElection.java:logAndReturn(56)) - bf55b3f9-6b09-4365-9d71-55289e083fa5@group-EFD1D20A002C-LeaderElection144: Election REJECTED; received 2 response(s) [bf55b3f9-6b09-4365-9d71-55289e083fa5<-f4c54511-b161-4347-aec5-5236dc80a0d8#0:FAIL-t165, bf55b3f9-6b09-4365-9d71-55289e083fa5<-907b9765-214b-4864-b66a-d6e2a5789e5c#0:FAIL-t165] and 0 exception(s); bf55b3f9-6b09-4365-9d71-55289e083fa5@group-EFD1D20A002C:t165, leader=null, voted=bf55b3f9-6b09-4365-9d71-55289e083fa5, raftlog=bf55b3f9-6b09-4365-9d71-55289e083fa5@group-EFD1D20A002C-SegmentedRaftLog:OPENED:c-1,f-1,i0, conf=-1: [f4c54511-b161-4347-aec5-5236dc80a0d8:0.0.0.0:41238, 907b9765-214b-4864-b66a-d6e2a5789e5c:0.0.0.0:41650, bf55b3f9-6b09-4365-9d71-55289e083fa5:0.0.0.0:42441], old=null
2019-10-16 18:00:49,796 [bf55b3f9-6b09-4365-9d71-55289e083fa5@group-EFD1D20A002C-LeaderElection144] INFO  impl.RaftServerImpl (RaftServerImpl.java:setRole(184)) - bf55b3f9-6b09-4365-9d71-55289e083fa5@group-EFD1D20A002C: changes role from CANDIDATE to FOLLOWER at term 165 for DISCOVERED_A_NEW_TERM
2019-10-16 18:00:49,796 [bf55b3f9-6b09-4365-9d71-55289e083fa5@group-EFD1D20A002C-LeaderElection144] INFO  impl.RoleInfo (RoleInfo.java:shutdownLeaderElection(134)) - bf55b3f9-6b09-4365-9d71-55289e083fa5: shutdown LeaderElection
2019-10-16 18:00:49,796 [bf55b3f9-6b09-4365-9d71-55289e083fa5@group-EFD1D20A002C-LeaderElection144] INFO  impl.RoleInfo (RoleInfo.java:updateAndGet(143)) - bf55b3f9-6b09-4365-9d71-55289e083fa5: start FollowerState
2019-10-16 18:00:49,991 [Thread-1033] INFO  impl.FollowerState (FollowerState.java:run(108)) - bf55b3f9-6b09-4365-9d71-55289e083fa5@group-EFD1D20A002C-FollowerState: change to CANDIDATE, lastRpcTime:194ms, electionTimeout:194ms
2019-10-16 18:00:49,991 [Thread-1033] INFO  impl.RoleInfo (RoleInfo.java:shutdownFollowerState(121)) - bf55b3f9-6b09-4365-9d71-55289e083fa5: shutdown FollowerState
2019-10-16 18:00:49,991 [Thread-1033] INFO  impl.RaftServerImpl (RaftServerImpl.java:setRole(184)) - bf55b3f9-6b09-4365-9d71-55289e083fa5@group-EFD1D20A002C: changes role from  FOLLOWER to CANDIDATE at term 165 for changeToCandidate
2019-10-16 18:00:49,991 [Thread-1033] INFO  impl.RoleInfo (RoleInfo.java:updateAndGet(143)) - bf55b3f9-6b09-4365-9d71-55289e083fa5: start LeaderElection
2019-10-16 18:00:50,013 [bf55b3f9-6b09-4365-9d71-55289e083fa5@group-EFD1D20A002C-LeaderElection145] INFO  impl.LeaderElection (LeaderElection.java:askForVotes(178)) - bf55b3f9-6b09-4365-9d71-55289e083fa5@group-EFD1D20A002C-LeaderElection145: begin an election at term 166 for -1: [f4c54511-b161-4347-aec5-5236dc80a0d8:0.0.0.0:41238, 907b9765-214b-4864-b66a-d6e2a5789e5c:0.0.0.0:41650, bf55b3f9-6b09-4365-9d71-55289e083fa5:0.0.0.0:42441], old=null
2019-10-16 18:00:50,016 [grpc-default-executor-3] INFO  impl.RaftServerImpl (RaftServerImpl.java:setRole(184)) - f4c54511-b161-4347-aec5-5236dc80a0d8@group-EFD1D20A002C: changes role from  FOLLOWER to FOLLOWER at term 166 for recognizeCandidate:bf55b3f9-6b09-4365-9d71-55289e083fa5
2019-10-16 18:00:50,016 [grpc-default-executor-1] INFO  impl.RaftServerImpl (RaftServerImpl.java:setRole(184)) - 907b9765-214b-4864-b66a-d6e2a5789e5c@group-EFD1D20A002C: changes role from  FOLLOWER to FOLLOWER at term 166 for recognizeCandidate:bf55b3f9-6b09-4365-9d71-55289e083fa5
2019-10-16 18:00:50,016 [grpc-default-executor-3] INFO  impl.RoleInfo (RoleInfo.java:shutdownFollowerState(121)) - f4c54511-b161-4347-aec5-5236dc80a0d8: shutdown FollowerState
2019-10-16 18:00:50,016 [grpc-default-executor-1] INFO  impl.RoleInfo (RoleInfo.java:shutdownFollowerState(121)) - 907b9765-214b-4864-b66a-d6e2a5789e5c: shutdown FollowerState
2019-10-16 18:00:50,016 [Thread-1029] INFO  impl.FollowerState (FollowerState.java:run(117)) - f4c54511-b161-4347-aec5-5236dc80a0d8@group-EFD1D20A002C-FollowerState was interrupted: java.lang.InterruptedException: sleep interrupted
2019-10-16 18:00:50,016 [grpc-default-executor-3] INFO  impl.RoleInfo (RoleInfo.java:updateAndGet(143)) - f4c54511-b161-4347-aec5-5236dc80a0d8: start FollowerState
2019-10-16 18:00:50,016 [Thread-1030] INFO  impl.FollowerState (FollowerState.java:run(117)) - 907b9765-214b-4864-b66a-d6e2a5789e5c@group-EFD1D20A002C-FollowerState was interrupted: java.lang.InterruptedException: sleep interrupted
2019-10-16 18:00:50,016 [grpc-default-executor-1] INFO  impl.RoleInfo (RoleInfo.java:updateAndGet(143)) - 907b9765-214b-4864-b66a-d6e2a5789e5c: start FollowerState
2019-10-16 18:00:50,040 [bf55b3f9-6b09-4365-9d71-55289e083fa5@group-EFD1D20A002C-LeaderElection145] INFO  impl.LeaderElection (LeaderElection.java:logAndReturn(56)) - bf55b3f9-6b09-4365-9d71-55289e083fa5@group-EFD1D20A002C-LeaderElection145: Election REJECTED; received 2 response(s) [bf55b3f9-6b09-4365-9d71-55289e083fa5<-f4c54511-b161-4347-aec5-5236dc80a0d8#0:FAIL-t166, bf55b3f9-6b09-4365-9d71-55289e083fa5<-907b9765-214b-4864-b66a-d6e2a5789e5c#0:FAIL-t166] and 0 exception(s); bf55b3f9-6b09-4365-9d71-55289e083fa5@group-EFD1D20A002C:t166, leader=null, voted=bf55b3f9-6b09-4365-9d71-55289e083fa5, raftlog=bf55b3f9-6b09-4365-9d71-55289e083fa5@group-EFD1D20A002C-SegmentedRaftLog:OPENED:c-1,f-1,i0, conf=-1: [f4c54511-b161-4347-aec5-5236dc80a0d8:0.0.0.0:41238, 907b9765-214b-4864-b66a-d6e2a5789e5c:0.0.0.0:41650, bf55b3f9-6b09-4365-9d71-55289e083fa5:0.0.0.0:42441], old=null
2019-10-16 18:00:50,040 [bf55b3f9-6b09-4365-9d71-55289e083fa5@group-EFD1D20A002C-LeaderElection145] INFO  impl.RaftServerImpl (RaftServerImpl.java:setRole(184)) - bf55b3f9-6b09-4365-9d71-55289e083fa5@group-EFD1D20A002C: changes role from CANDIDATE to FOLLOWER at term 166 for DISCOVERED_A_NEW_TERM
2019-10-16 18:00:50,040 [bf55b3f9-6b09-4365-9d71-55289e083fa5@group-EFD1D20A002C-LeaderElection145] INFO  impl.RoleInfo (RoleInfo.java:shutdownLeaderElection(134)) - bf55b3f9-6b09-4365-9d71-55289e083fa5: shutdown LeaderElection
2019-10-16 18:00:50,040 [bf55b3f9-6b09-4365-9d71-55289e083fa5@group-EFD1D20A002C-LeaderElection145] INFO  impl.RoleInfo (RoleInfo.java:updateAndGet(143)) - bf55b3f9-6b09-4365-9d71-55289e083fa5: start FollowerState
2019-10-16 18:00:50,135 [Thread-1039] INFO  impl.FollowerState (FollowerState.java:run(108)) - bf55b3f9-6b09-4365-9d71-55289e083fa5@group-EFD1D20A002C-FollowerState: change to CANDIDATE, lastRpcTime:94ms, electionTimeout:94ms
2019-10-16 18:00:50,135 [Thread-1039] INFO  impl.RoleInfo (RoleInfo.java:shutdownFollowerState(121)) - bf55b3f9-6b09-4365-9d71-55289e083fa5: shutdown FollowerState
2019-10-16 18:00:50,135 [Thread-1039] INFO  impl.RaftServerImpl (RaftServerImpl.java:setRole(184)) - bf55b3f9-6b09-4365-9d71-55289e083fa5@group-EFD1D20A002C: changes role from  FOLLOWER to CANDIDATE at term 166 for changeToCandidate
2019-10-16 18:00:50,135 [Thread-1039] INFO  impl.RoleInfo (RoleInfo.java:updateAndGet(143)) - bf55b3f9-6b09-4365-9d71-55289e083fa5: start LeaderElection
2019-10-16 18:00:50,164 [bf55b3f9-6b09-4365-9d71-55289e083fa5@group-EFD1D20A002C-LeaderElection146] INFO  impl.LeaderElection (LeaderElection.java:askForVotes(178)) - bf55b3f9-6b09-4365-9d71-55289e083fa5@group-EFD1D20A002C-LeaderElection146: begin an election at term 167 for -1: [f4c54511-b161-4347-aec5-5236dc80a0d8:0.0.0.0:41238, 907b9765-214b-4864-b66a-d6e2a5789e5c:0.0.0.0:41650, bf55b3f9-6b09-4365-9d71-55289e083fa5:0.0.0.0:42441], old=null
2019-10-16 18:00:50,283 [grpc-default-executor-3] INFO  impl.RaftServerImpl (RaftServerImpl.java:setRole(184)) - 907b9765-214b-4864-b66a-d6e2a5789e5c@group-EFD1D20A002C: changes role from  FOLLOWER to FOLLOWER at term 167 for recognizeCandidate:bf55b3f9-6b09-4365-9d71-55289e083fa5
2019-10-16 18:00:50,283 [grpc-default-executor-3] INFO  impl.RoleInfo (RoleInfo.java:shutdownFollowerState(121)) - 907b9765-214b-4864-b66a-d6e2a5789e5c: shutdown FollowerState
2019-10-16 18:00:50,283 [grpc-default-executor-3] INFO  impl.RoleInfo (RoleInfo.java:updateAndGet(143)) - 907b9765-214b-4864-b66a-d6e2a5789e5c: start FollowerState
2019-10-16 18:00:50,283 [Thread-1038] INFO  impl.FollowerState (FollowerState.java:run(117)) - 907b9765-214b-4864-b66a-d6e2a5789e5c@group-EFD1D20A002C-FollowerState was interrupted: java.lang.InterruptedException: sleep interrupted
2019-10-16 18:00:50,285 [grpc-default-executor-1] INFO  impl.RaftServerImpl (RaftServerImpl.java:setRole(184)) - f4c54511-b161-4347-aec5-5236dc80a0d8@group-EFD1D20A002C: changes role from  FOLLOWER to FOLLOWER at term 167 for recognizeCandidate:bf55b3f9-6b09-4365-9d71-55289e083fa5
2019-10-16 18:00:50,286 [grpc-default-executor-1] INFO  impl.RoleInfo (RoleInfo.java:shutdownFollowerState(121)) - f4c54511-b161-4347-aec5-5236dc80a0d8: shutdown FollowerState
2019-10-16 18:00:50,286 [grpc-default-executor-1] INFO  impl.RoleInfo (RoleInfo.java:updateAndGet(143)) - f4c54511-b161-4347-aec5-5236dc80a0d8: start FollowerState
2019-10-16 18:00:50,286 [Thread-1037] INFO  impl.FollowerState (FollowerState.java:run(117)) - f4c54511-b161-4347-aec5-5236dc80a0d8@group-EFD1D20A002C-FollowerState was interrupted: java.lang.InterruptedException: sleep interrupted
2019-10-16 18:00:50,317 [bf55b3f9-6b09-4365-9d71-55289e083fa5@group-EFD1D20A002C-LeaderElection146] INFO  impl.LeaderElection (LeaderElection.java:logAndReturn(56)) - bf55b3f9-6b09-4365-9d71-55289e083fa5@group-EFD1D20A002C-LeaderElection146: Election REJECTED; received 2 response(s) [bf55b3f9-6b09-4365-9d71-55289e083fa5<-f4c54511-b161-4347-aec5-5236dc80a0d8#0:FAIL-t167, bf55b3f9-6b09-4365-9d71-55289e083fa5<-907b9765-214b-4864-b66a-d6e2a5789e5c#0:FAIL-t167] and 0 exception(s); bf55b3f9-6b09-4365-9d71-55289e083fa5@group-EFD1D20A002C:t167, leader=null, voted=bf55b3f9-6b09-4365-9d71-55289e083fa5, raftlog=bf55b3f9-6b09-4365-9d71-55289e083fa5@group-EFD1D20A002C-SegmentedRaftLog:OPENED:c-1,f-1,i0, conf=-1: [f4c54511-b161-4347-aec5-5236dc80a0d8:0.0.0.0:41238, 907b9765-214b-4864-b66a-d6e2a5789e5c:0.0.0.0:41650, bf55b3f9-6b09-4365-9d71-55289e083fa5:0.0.0.0:42441], old=null
2019-10-16 18:00:50,317 [bf55b3f9-6b09-4365-9d71-55289e083fa5@group-EFD1D20A002C-LeaderElection146] INFO  impl.RaftServerImpl (RaftServerImpl.java:setRole(184)) - bf55b3f9-6b09-4365-9d71-55289e083fa5@group-EFD1D20A002C: changes role from CANDIDATE to FOLLOWER at term 167 for DISCOVERED_A_NEW_TERM
2019-10-16 18:00:50,317 [bf55b3f9-6b09-4365-9d71-55289e083fa5@group-EFD1D20A002C-LeaderElection146] INFO  impl.RoleInfo (RoleInfo.java:shutdownLeaderElection(134)) - bf55b3f9-6b09-4365-9d71-55289e083fa5: shutdown LeaderElection
2019-10-16 18:00:50,317 [bf55b3f9-6b09-4365-9d71-55289e083fa5@group-EFD1D20A002C-LeaderElection146] INFO  impl.RoleInfo (RoleInfo.java:updateAndGet(143)) - bf55b3f9-6b09-4365-9d71-55289e083fa5: start FollowerState
2019-10-16 18:00:50,397 [Thread-1045] INFO  impl.FollowerState (FollowerState.java:run(108)) - bf55b3f9-6b09-4365-9d71-55289e083fa5@group-EFD1D20A002C-FollowerState: change to CANDIDATE, lastRpcTime:80ms, electionTimeout:80ms
2019-10-16 18:00:50,398 [Thread-1045] INFO  impl.RoleInfo (RoleInfo.java:shutdownFollowerState(121)) - bf55b3f9-6b09-4365-9d71-55289e083fa5: shutdown FollowerState
2019-10-16 18:00:50,398 [Thread-1045] INFO  impl.RaftServerImpl (RaftServerImpl.java:setRole(184)) - bf55b3f9-6b09-4365-9d71-55289e083fa5@group-EFD1D20A002C: changes role from  FOLLOWER to CANDIDATE at term 167 for changeToCandidate
2019-10-16 18:00:50,398 [Thread-1045] INFO  impl.RoleInfo (RoleInfo.java:updateAndGet(143)) - bf55b3f9-6b09-4365-9d71-55289e083fa5: start LeaderElection
2019-10-16 18:00:50,425 [bf55b3f9-6b09-4365-9d71-55289e083fa5@group-EFD1D20A002C-LeaderElection147] INFO  impl.LeaderElection (LeaderElection.java:askForVotes(178)) - bf55b3f9-6b09-4365-9d71-55289e083fa5@group-EFD1D20A002C-LeaderElection147: begin an election at term 168 for -1: [f4c54511-b161-4347-aec5-5236dc80a0d8:0.0.0.0:41238, 907b9765-214b-4864-b66a-d6e2a5789e5c:0.0.0.0:41650, bf55b3f9-6b09-4365-9d71-55289e083fa5:0.0.0.0:42441], old=null
2019-10-16 18:00:50,427 [grpc-default-executor-3] INFO  impl.RaftServerImpl (RaftServerImpl.java:setRole(184)) - 907b9765-214b-4864-b66a-d6e2a5789e5c@group-EFD1D20A002C: changes role from  FOLLOWER to FOLLOWER at term 168 for recognizeCandidate:bf55b3f9-6b09-4365-9d71-55289e083fa5
2019-10-16 18:00:50,427 [grpc-default-executor-1] INFO  impl.RaftServerImpl (RaftServerImpl.java:setRole(184)) - f4c54511-b161-4347-aec5-5236dc80a0d8@group-EFD1D20A002C: changes role from  FOLLOWER to FOLLOWER at term 168 for recognizeCandidate:bf55b3f9-6b09-4365-9d71-55289e083fa5
2019-10-16 18:00:50,427 [grpc-default-executor-3] INFO  impl.RoleInfo (RoleInfo.java:shutdownFollowerState(121)) - 907b9765-214b-4864-b66a-d6e2a5789e5c: shutdown FollowerState
2019-10-16 18:00:50,428 [grpc-default-executor-1] INFO  impl.RoleInfo (RoleInfo.java:shutdownFollowerState(121)) - f4c54511-b161-4347-aec5-5236dc80a0d8: shutdown FollowerState
2019-10-16 18:00:50,428 [Thread-1043] INFO  impl.FollowerState (FollowerState.java:run(117)) - 907b9765-214b-4864-b66a-d6e2a5789e5c@group-EFD1D20A002C-FollowerState was interrupted: java.lang.InterruptedException: sleep interrupted
2019-10-16 18:00:50,428 [grpc-default-executor-3] INFO  impl.RoleInfo (RoleInfo.java:updateAndGet(143)) - 907b9765-214b-4864-b66a-d6e2a5789e5c: start FollowerState
2019-10-16 18:00:50,428 [Thread-1044] INFO  impl.FollowerState (FollowerState.java:run(117)) - f4c54511-b161-4347-aec5-5236dc80a0d8@group-EFD1D20A002C-FollowerState was interrupted: java.lang.InterruptedException: sleep interrupted
2019-10-16 18:00:50,428 [grpc-default-executor-1] INFO  impl.RoleInfo (RoleInfo.java:updateAndGet(143)) - f4c54511-b161-4347-aec5-5236dc80a0d8: start FollowerState
2019-10-16 18:00:50,451 [bf55b3f9-6b09-4365-9d71-55289e083fa5@group-EFD1D20A002C-LeaderElection147] INFO  impl.LeaderElection (LeaderElection.java:logAndReturn(56)) - bf55b3f9-6b09-4365-9d71-55289e083fa5@group-EFD1D20A002C-LeaderElection147: Election REJECTED; received 2 response(s) [bf55b3f9-6b09-4365-9d71-55289e083fa5<-f4c54511-b161-4347-aec5-5236dc80a0d8#0:FAIL-t168, bf55b3f9-6b09-4365-9d71-55289e083fa5<-907b9765-214b-4864-b66a-d6e2a5789e5c#0:FAIL-t168] and 0 exception(s); bf55b3f9-6b09-4365-9d71-55289e083fa5@group-EFD1D20A002C:t168, leader=null, voted=bf55b3f9-6b09-4365-9d71-55289e083fa5, raftlog=bf55b3f9-6b09-4365-9d71-55289e083fa5@group-EFD1D20A002C-SegmentedRaftLog:OPENED:c-1,f-1,i0, conf=-1: [f4c54511-b161-4347-aec5-5236dc80a0d8:0.0.0.0:41238, 907b9765-214b-4864-b66a-d6e2a5789e5c:0.0.0.0:41650, bf55b3f9-6b09-4365-9d71-55289e083fa5:0.0.0.0:42441], old=null
2019-10-16 18:00:50,451 [bf55b3f9-6b09-4365-9d71-55289e083fa5@group-EFD1D20A002C-LeaderElection147] INFO  impl.RaftServerImpl (RaftServerImpl.java:setRole(184)) - bf55b3f9-6b09-4365-9d71-55289e083fa5@group-EFD1D20A002C: changes role from CANDIDATE to FOLLOWER at term 168 for DISCOVERED_A_NEW_TERM
2019-10-16 18:00:50,452 [bf55b3f9-6b09-4365-9d71-55289e083fa5@group-EFD1D20A002C-LeaderElection147] INFO  impl.RoleInfo (RoleInfo.java:shutdownLeaderElection(134)) - bf55b3f9-6b09-4365-9d71-55289e083fa5: shutdown LeaderElection
2019-10-16 18:00:50,452 [bf55b3f9-6b09-4365-9d71-55289e083fa5@group-EFD1D20A002C-LeaderElection147] INFO  impl.RoleInfo (RoleInfo.java:updateAndGet(143)) - bf55b3f9-6b09-4365-9d71-55289e083fa5: start FollowerState
2019-10-16 18:00:50,652 [Thread-1051] INFO  impl.FollowerState (FollowerState.java:run(108)) - bf55b3f9-6b09-4365-9d71-55289e083fa5@group-EFD1D20A002C-FollowerState: change to CANDIDATE, lastRpcTime:200ms, electionTimeout:200ms
2019-10-16 18:00:50,652 [Thread-1051] INFO  impl.RoleInfo (RoleInfo.java:shutdownFollowerState(121)) - bf55b3f9-6b09-4365-9d71-55289e083fa5: shutdown FollowerState
2019-10-16 18:00:50,653 [Thread-1051] INFO  impl.RaftServerImpl (RaftServerImpl.java:setRole(184)) - bf55b3f9-6b09-4365-9d71-55289e083fa5@group-EFD1D20A002C: changes role from  FOLLOWER to CANDIDATE at term 168 for changeToCandidate
2019-10-16 18:00:50,653 [Thread-1051] INFO  impl.RoleInfo (RoleInfo.java:updateAndGet(143)) - bf55b3f9-6b09-4365-9d71-55289e083fa5: start LeaderElection
2019-10-16 18:00:50,678 [bf55b3f9-6b09-4365-9d71-55289e083fa5@group-EFD1D20A002C-LeaderElection148] INFO  impl.LeaderElection (LeaderElection.java:askForVotes(178)) - bf55b3f9-6b09-4365-9d71-55289e083fa5@group-EFD1D20A002C-LeaderElection148: begin an election at term 169 for -1: [f4c54511-b161-4347-aec5-5236dc80a0d8:0.0.0.0:41238, 907b9765-214b-4864-b66a-d6e2a5789e5c:0.0.0.0:41650, bf55b3f9-6b09-4365-9d71-55289e083fa5:0.0.0.0:42441], old=null
2019-10-16 18:00:50,680 [grpc-default-executor-1] INFO  impl.RaftServerImpl (RaftServerImpl.java:setRole(184)) - f4c54511-b161-4347-aec5-5236dc80a0d8@group-EFD1D20A002C: changes role from  FOLLOWER to FOLLOWER at term 169 for recognizeCandidate:bf55b3f9-6b09-4365-9d71-55289e083fa5
2019-10-16 18:00:50,681 [grpc-default-executor-3] INFO  impl.RaftServerImpl (RaftServerImpl.java:setRole(184)) - 907b9765-214b-4864-b66a-d6e2a5789e5c@group-EFD1D20A002C: changes role from  FOLLOWER to FOLLOWER at term 169 for recognizeCandidate:bf55b3f9-6b09-4365-9d71-55289e083fa5
2019-10-16 18:00:50,681 [grpc-default-executor-1] INFO  impl.RoleInfo (RoleInfo.java:shutdownFollowerState(121)) - f4c54511-b161-4347-aec5-5236dc80a0d8: shutdown FollowerState
2019-10-16 18:00:50,681 [grpc-default-executor-3] INFO  impl.RoleInfo (RoleInfo.java:shutdownFollowerState(121)) - 907b9765-214b-4864-b66a-d6e2a5789e5c: shutdown FollowerState
2019-10-16 18:00:50,681 [Thread-1050] INFO  impl.FollowerState (FollowerState.java:run(117)) - f4c54511-b161-4347-aec5-5236dc80a0d8@group-EFD1D20A002C-FollowerState was interrupted: java.lang.InterruptedException: sleep interrupted
2019-10-16 18:00:50,681 [grpc-default-executor-1] INFO  impl.RoleInfo (RoleInfo.java:updateAndGet(143)) - f4c54511-b161-4347-aec5-5236dc80a0d8: start FollowerState
2019-10-16 18:00:50,681 [Thread-1049] INFO  impl.FollowerState (FollowerState.java:run(117)) - 907b9765-214b-4864-b66a-d6e2a5789e5c@group-EFD1D20A002C-FollowerState was interrupted: java.lang.InterruptedException: sleep interrupted
2019-10-16 18:00:50,681 [grpc-default-executor-3] INFO  impl.RoleInfo (RoleInfo.java:updateAndGet(143)) - 907b9765-214b-4864-b66a-d6e2a5789e5c: start FollowerState
2019-10-16 18:00:50,713 [bf55b3f9-6b09-4365-9d71-55289e083fa5@group-EFD1D20A002C-LeaderElection148] INFO  impl.LeaderElection (LeaderElection.java:logAndReturn(56)) - bf55b3f9-6b09-4365-9d71-55289e083fa5@group-EFD1D20A002C-LeaderElection148: Election REJECTED; received 2 response(s) [bf55b3f9-6b09-4365-9d71-55289e083fa5<-f4c54511-b161-4347-aec5-5236dc80a0d8#0:FAIL-t169, bf55b3f9-6b09-4365-9d71-55289e083fa5<-907b9765-214b-4864-b66a-d6e2a5789e5c#0:FAIL-t169] and 0 exception(s); bf55b3f9-6b09-4365-9d71-55289e083fa5@group-EFD1D20A002C:t169, leader=null, voted=bf55b3f9-6b09-4365-9d71-55289e083fa5, raftlog=bf55b3f9-6b09-4365-9d71-55289e083fa5@group-EFD1D20A002C-SegmentedRaftLog:OPENED:c-1,f-1,i0, conf=-1: [f4c54511-b161-4347-aec5-5236dc80a0d8:0.0.0.0:41238, 907b9765-214b-4864-b66a-d6e2a5789e5c:0.0.0.0:41650, bf55b3f9-6b09-4365-9d71-55289e083fa5:0.0.0.0:42441], old=null
2019-10-16 18:00:50,713 [bf55b3f9-6b09-4365-9d71-55289e083fa5@group-EFD1D20A002C-LeaderElection148] INFO  impl.RaftServerImpl (RaftServerImpl.java:setRole(184)) - bf55b3f9-6b09-4365-9d71-55289e083fa5@group-EFD1D20A002C: changes role from CANDIDATE to FOLLOWER at term 169 for DISCOVERED_A_NEW_TERM
2019-10-16 18:00:50,714 [bf55b3f9-6b09-4365-9d71-55289e083fa5@group-EFD1D20A002C-LeaderElection148] INFO  impl.RoleInfo (RoleInfo.java:shutdownLeaderElection(134)) - bf55b3f9-6b09-4365-9d71-55289e083fa5: shutdown LeaderElection
2019-10-16 18:00:50,714 [bf55b3f9-6b09-4365-9d71-55289e083fa5@group-EFD1D20A002C-LeaderElection148] INFO  impl.RoleInfo (RoleInfo.java:updateAndGet(143)) - bf55b3f9-6b09-4365-9d71-55289e083fa5: start FollowerState
2019-10-16 18:00:50,793 [Thread-1057] INFO  impl.FollowerState (FollowerState.java:run(108)) - bf55b3f9-6b09-4365-9d71-55289e083fa5@group-EFD1D20A002C-FollowerState: change to CANDIDATE, lastRpcTime:79ms, electionTimeout:79ms
2019-10-16 18:00:50,793 [Thread-1057] INFO  impl.RoleInfo (RoleInfo.java:shutdownFollowerState(121)) - bf55b3f9-6b09-4365-9d71-55289e083fa5: shutdown FollowerState
2019-10-16 18:00:50,794 [Thread-1057] INFO  impl.RaftServerImpl (RaftServerImpl.java:setRole(184)) - bf55b3f9-6b09-4365-9d71-55289e083fa5@group-EFD1D20A002C: changes role from  FOLLOWER to CANDIDATE at term 169 for changeToCandidate
2019-10-16 18:00:50,794 [Thread-1057] INFO  impl.RoleInfo (RoleInfo.java:updateAndGet(143)) - bf55b3f9-6b09-4365-9d71-55289e083fa5: start LeaderElection
2019-10-16 18:00:50,834 [bf55b3f9-6b09-4365-9d71-55289e083fa5@group-EFD1D20A002C-LeaderElection149] INFO  impl.LeaderElection (LeaderElection.java:askForVotes(178)) - bf55b3f9-6b09-4365-9d71-55289e083fa5@group-EFD1D20A002C-LeaderElection149: begin an election at term 170 for -1: [f4c54511-b161-4347-aec5-5236dc80a0d8:0.0.0.0:41238, 907b9765-214b-4864-b66a-d6e2a5789e5c:0.0.0.0:41650, bf55b3f9-6b09-4365-9d71-55289e083fa5:0.0.0.0:42441], old=null
2019-10-16 18:00:50,836 [grpc-default-executor-3] INFO  impl.RaftServerImpl (RaftServerImpl.java:setRole(184)) - f4c54511-b161-4347-aec5-5236dc80a0d8@group-EFD1D20A002C: changes role from  FOLLOWER to FOLLOWER at term 170 for recognizeCandidate:bf55b3f9-6b09-4365-9d71-55289e083fa5
2019-10-16 18:00:50,837 [grpc-default-executor-3] INFO  impl.RoleInfo (RoleInfo.java:shutdownFollowerState(121)) - f4c54511-b161-4347-aec5-5236dc80a0d8: shutdown FollowerState
2019-10-16 18:00:50,837 [grpc-default-executor-3] INFO  impl.RoleInfo (RoleInfo.java:updateAndGet(143)) - f4c54511-b161-4347-aec5-5236dc80a0d8: start FollowerState
2019-10-16 18:00:50,837 [Thread-1055] INFO  impl.FollowerState (FollowerState.java:run(117)) - f4c54511-b161-4347-aec5-5236dc80a0d8@group-EFD1D20A002C-FollowerState was interrupted: java.lang.InterruptedException: sleep interrupted
2019-10-16 18:00:50,837 [grpc-default-executor-1] INFO  impl.RaftServerImpl (RaftServerImpl.java:setRole(184)) - 907b9765-214b-4864-b66a-d6e2a5789e5c@group-EFD1D20A002C: changes role from  FOLLOWER to FOLLOWER at term 170 for recognizeCandidate:bf55b3f9-6b09-4365-9d71-55289e083fa5
2019-10-16 18:00:50,837 [grpc-default-executor-1] INFO  impl.RoleInfo (RoleInfo.java:shutdownFollowerState(121)) - 907b9765-214b-4864-b66a-d6e2a5789e5c: shutdown FollowerState
2019-10-16 18:00:50,837 [grpc-default-executor-1] INFO  impl.RoleInfo (RoleInfo.java:updateAndGet(143)) - 907b9765-214b-4864-b66a-d6e2a5789e5c: start FollowerState
2019-10-16 18:00:50,838 [Thread-1056] INFO  impl.FollowerState (FollowerState.java:run(117)) - 907b9765-214b-4864-b66a-d6e2a5789e5c@group-EFD1D20A002C-FollowerState was interrupted: java.lang.InterruptedException: sleep interrupted
2019-10-16 18:00:50,858 [bf55b3f9-6b09-4365-9d71-55289e083fa5@group-EFD1D20A002C-LeaderElection149] INFO  impl.LeaderElection (LeaderElection.java:logAndReturn(56)) - bf55b3f9-6b09-4365-9d71-55289e083fa5@group-EFD1D20A002C-LeaderElection149: Election REJECTED; received 2 response(s) [bf55b3f9-6b09-4365-9d71-55289e083fa5<-f4c54511-b161-4347-aec5-5236dc80a0d8#0:FAIL-t170, bf55b3f9-6b09-4365-9d71-55289e083fa5<-907b9765-214b-4864-b66a-d6e2a5789e5c#0:FAIL-t170] and 0 exception(s); bf55b3f9-6b09-4365-9d71-55289e083fa5@group-EFD1D20A002C:t170, leader=null, voted=bf55b3f9-6b09-4365-9d71-55289e083fa5, raftlog=bf55b3f9-6b09-4365-9d71-55289e083fa5@group-EFD1D20A002C-SegmentedRaftLog:OPENED:c-1,f-1,i0, conf=-1: [f4c54511-b161-4347-aec5-5236dc80a0d8:0.0.0.0:41238, 907b9765-214b-4864-b66a-d6e2a5789e5c:0.0.0.0:41650, bf55b3f9-6b09-4365-9d71-55289e083fa5:0.0.0.0:42441], old=null
2019-10-16 18:00:50,858 [bf55b3f9-6b09-4365-9d71-55289e083fa5@group-EFD1D20A002C-LeaderElection149] INFO  impl.RaftServerImpl (RaftServerImpl.java:setRole(184)) - bf55b3f9-6b09-4365-9d71-55289e083fa5@group-EFD1D20A002C: changes role from CANDIDATE to FOLLOWER at term 170 for DISCOVERED_A_NEW_TERM
2019-10-16 18:00:50,858 [bf55b3f9-6b09-4365-9d71-55289e083fa5@group-EFD1D20A002C-LeaderElection149] INFO  impl.RoleInfo (RoleInfo.java:shutdownLeaderElection(134)) - bf55b3f9-6b09-4365-9d71-55289e083fa5: shutdown LeaderElection
2019-10-16 18:00:50,858 [bf55b3f9-6b09-4365-9d71-55289e083fa5@group-EFD1D20A002C-LeaderElection149] INFO  impl.RoleInfo (RoleInfo.java:updateAndGet(143)) - bf55b3f9-6b09-4365-9d71-55289e083fa5: start FollowerState
2019-10-16 18:00:50,990 [Thread-1065] INFO  impl.FollowerState (FollowerState.java:run(108)) - bf55b3f9-6b09-4365-9d71-55289e083fa5@group-EFD1D20A002C-FollowerState: change to CANDIDATE, lastRpcTime:132ms, electionTimeout:132ms
2019-10-16 18:00:50,991 [Thread-1065] INFO  impl.RoleInfo (RoleInfo.java:shutdownFollowerState(121)) - bf55b3f9-6b09-4365-9d71-55289e083fa5: shutdown FollowerState
2019-10-16 18:00:50,991 [Thread-1065] INFO  impl.RaftServerImpl (RaftServerImpl.java:setRole(184)) - bf55b3f9-6b09-4365-9d71-55289e083fa5@group-EFD1D20A002C: changes role from  FOLLOWER to CANDIDATE at term 170 for changeToCandidate
2019-10-16 18:00:50,991 [Thread-1065] INFO  impl.RoleInfo (RoleInfo.java:updateAndGet(143)) - bf55b3f9-6b09-4365-9d71-55289e083fa5: start LeaderElection
2019-10-16 18:00:51,016 [bf55b3f9-6b09-4365-9d71-55289e083fa5@group-EFD1D20A002C-LeaderElection150] INFO  impl.LeaderElection (LeaderElection.java:askForVotes(178)) - bf55b3f9-6b09-4365-9d71-55289e083fa5@group-EFD1D20A002C-LeaderElection150: begin an election at term 171 for -1: [f4c54511-b161-4347-aec5-5236dc80a0d8:0.0.0.0:41238, 907b9765-214b-4864-b66a-d6e2a5789e5c:0.0.0.0:41650, bf55b3f9-6b09-4365-9d71-55289e083fa5:0.0.0.0:42441], old=null
2019-10-16 18:00:51,019 [grpc-default-executor-1] INFO  impl.RaftServerImpl (RaftServerImpl.java:setRole(184)) - f4c54511-b161-4347-aec5-5236dc80a0d8@group-EFD1D20A002C: changes role from  FOLLOWER to FOLLOWER at term 171 for recognizeCandidate:bf55b3f9-6b09-4365-9d71-55289e083fa5
2019-10-16 18:00:51,019 [grpc-default-executor-1] INFO  impl.RoleInfo (RoleInfo.java:shutdownFollowerState(121)) - f4c54511-b161-4347-aec5-5236dc80a0d8: shutdown FollowerState
2019-10-16 18:00:51,019 [grpc-default-executor-3] INFO  impl.RaftServerImpl (RaftServerImpl.java:setRole(184)) - 907b9765-214b-4864-b66a-d6e2a5789e5c@group-EFD1D20A002C: changes role from  FOLLOWER to FOLLOWER at term 171 for recognizeCandidate:bf55b3f9-6b09-4365-9d71-55289e083fa5
2019-10-16 18:00:51,019 [Thread-1063] INFO  impl.FollowerState (FollowerState.java:run(117)) - f4c54511-b161-4347-aec5-5236dc80a0d8@group-EFD1D20A002C-FollowerState was interrupted: java.lang.InterruptedException: sleep interrupted
2019-10-16 18:00:51,019 [grpc-default-executor-1] INFO  impl.RoleInfo (RoleInfo.java:updateAndGet(143)) - f4c54511-b161-4347-aec5-5236dc80a0d8: start FollowerState
2019-10-16 18:00:51,019 [grpc-default-executor-3] INFO  impl.RoleInfo (RoleInfo.java:shutdownFollowerState(121)) - 907b9765-214b-4864-b66a-d6e2a5789e5c: shutdown FollowerState
2019-10-16 18:00:51,020 [grpc-default-executor-3] INFO  impl.RoleInfo (RoleInfo.java:updateAndGet(143)) - 907b9765-214b-4864-b66a-d6e2a5789e5c: start FollowerState
2019-10-16 18:00:51,020 [Thread-1064] INFO  impl.FollowerState (FollowerState.java:run(117)) - 907b9765-214b-4864-b66a-d6e2a5789e5c@group-EFD1D20A002C-FollowerState was interrupted: java.lang.InterruptedException: sleep interrupted
2019-10-16 18:00:51,044 [bf55b3f9-6b09-4365-9d71-55289e083fa5@group-EFD1D20A002C-LeaderElection150] INFO  impl.LeaderElection (LeaderElection.java:logAndReturn(56)) - bf55b3f9-6b09-4365-9d71-55289e083fa5@group-EFD1D20A002C-LeaderElection150: Election REJECTED; received 2 response(s) [bf55b3f9-6b09-4365-9d71-55289e083fa5<-f4c54511-b161-4347-aec5-5236dc80a0d8#0:FAIL-t171, bf55b3f9-6b09-4365-9d71-55289e083fa5<-907b9765-214b-4864-b66a-d6e2a5789e5c#0:FAIL-t171] and 0 exception(s); bf55b3f9-6b09-4365-9d71-55289e083fa5@group-EFD1D20A002C:t171, leader=null, voted=bf55b3f9-6b09-4365-9d71-55289e083fa5, raftlog=bf55b3f9-6b09-4365-9d71-55289e083fa5@group-EFD1D20A002C-SegmentedRaftLog:OPENED:c-1,f-1,i0, conf=-1: [f4c54511-b161-4347-aec5-5236dc80a0d8:0.0.0.0:41238, 907b9765-214b-4864-b66a-d6e2a5789e5c:0.0.0.0:41650, bf55b3f9-6b09-4365-9d71-55289e083fa5:0.0.0.0:42441], old=null
2019-10-16 18:00:51,044 [bf55b3f9-6b09-4365-9d71-55289e083fa5@group-EFD1D20A002C-LeaderElection150] INFO  impl.RaftServerImpl (RaftServerImpl.java:setRole(184)) - bf55b3f9-6b09-4365-9d71-55289e083fa5@group-EFD1D20A002C: changes role from CANDIDATE to FOLLOWER at term 171 for DISCOVERED_A_NEW_TERM
2019-10-16 18:00:51,044 [bf55b3f9-6b09-4365-9d71-55289e083fa5@group-EFD1D20A002C-LeaderElection150] INFO  impl.RoleInfo (RoleInfo.java:shutdownLeaderElection(134)) - bf55b3f9-6b09-4365-9d71-55289e083fa5: shutdown LeaderElection
2019-10-16 18:00:51,044 [bf55b3f9-6b09-4365-9d71-55289e083fa5@group-EFD1D20A002C-LeaderElection150] INFO  impl.RoleInfo (RoleInfo.java:updateAndGet(143)) - bf55b3f9-6b09-4365-9d71-55289e083fa5: start FollowerState
2019-10-16 18:00:51,049 [Thread-1071] INFO  impl.FollowerState (FollowerState.java:run(108)) - bf55b3f9-6b09-4365-9d71-55289e083fa5@group-EFD1D20A002C-FollowerState: change to CANDIDATE, lastRpcTime:5ms, electionTimeout:5ms
2019-10-16 18:00:51,050 [Thread-1071] INFO  impl.RoleInfo (RoleInfo.java:shutdownFollowerState(121)) - bf55b3f9-6b09-4365-9d71-55289e083fa5: shutdown FollowerState
2019-10-16 18:00:51,050 [Thread-1071] INFO  impl.RaftServerImpl (RaftServerImpl.java:setRole(184)) - bf55b3f9-6b09-4365-9d71-55289e083fa5@group-EFD1D20A002C: changes role from  FOLLOWER to CANDIDATE at term 171 for changeToCandidate
2019-10-16 18:00:51,050 [Thread-1071] INFO  impl.RoleInfo (RoleInfo.java:updateAndGet(143)) - bf55b3f9-6b09-4365-9d71-55289e083fa5: start LeaderElection
2019-10-16 18:00:51,061 [bf55b3f9-6b09-4365-9d71-55289e083fa5@group-EFD1D20A002C-LeaderElection151] INFO  impl.LeaderElection (LeaderElection.java:askForVotes(178)) - bf55b3f9-6b09-4365-9d71-55289e083fa5@group-EFD1D20A002C-LeaderElection151: begin an election at term 172 for -1: [f4c54511-b161-4347-aec5-5236dc80a0d8:0.0.0.0:41238, 907b9765-214b-4864-b66a-d6e2a5789e5c:0.0.0.0:41650, bf55b3f9-6b09-4365-9d71-55289e083fa5:0.0.0.0:42441], old=null
2019-10-16 18:00:51,063 [grpc-default-executor-1] INFO  impl.RaftServerImpl (RaftServerImpl.java:setRole(184)) - f4c54511-b161-4347-aec5-5236dc80a0d8@group-EFD1D20A002C: changes role from  FOLLOWER to FOLLOWER at term 172 for recognizeCandidate:bf55b3f9-6b09-4365-9d71-55289e083fa5
2019-10-16 18:00:51,063 [grpc-default-executor-1] INFO  impl.RoleInfo (RoleInfo.java:shutdownFollowerState(121)) - f4c54511-b161-4347-aec5-5236dc80a0d8: shutdown FollowerState
2019-10-16 18:00:51,063 [grpc-default-executor-3] INFO  impl.RaftServerImpl (RaftServerImpl.java:setRole(184)) - 907b9765-214b-4864-b66a-d6e2a5789e5c@group-EFD1D20A002C: changes role from  FOLLOWER to FOLLOWER at term 172 for recognizeCandidate:bf55b3f9-6b09-4365-9d71-55289e083fa5
2019-10-16 18:00:51,064 [grpc-default-executor-3] INFO  impl.RoleInfo (RoleInfo.java:shutdownFollowerState(121)) - 907b9765-214b-4864-b66a-d6e2a5789e5c: shutdown FollowerState
2019-10-16 18:00:51,064 [Thread-1069] INFO  impl.FollowerState (FollowerState.java:run(117)) - f4c54511-b161-4347-aec5-5236dc80a0d8@group-EFD1D20A002C-FollowerState was interrupted: java.lang.InterruptedException: sleep interrupted
2019-10-16 18:00:51,064 [grpc-default-executor-1] INFO  impl.RoleInfo (RoleInfo.java:updateAndGet(143)) - f4c54511-b161-4347-aec5-5236dc80a0d8: start FollowerState
2019-10-16 18:00:51,064 [bf55b3f9-6b09-4365-9d71-55289e083fa5@group-EFD1D20A002C-LeaderElection151] INFO  impl.LeaderElection (LeaderElection.java:logAndReturn(56)) - bf55b3f9-6b09-4365-9d71-55289e083fa5@group-EFD1D20A002C-LeaderElection151: Election TIMEOUT; received 0 response(s) [] and 0 exception(s); bf55b3f9-6b09-4365-9d71-55289e083fa5@group-EFD1D20A002C:t172, leader=null, voted=bf55b3f9-6b09-4365-9d71-55289e083fa5, raftlog=bf55b3f9-6b09-4365-9d71-55289e083fa5@group-EFD1D20A002C-SegmentedRaftLog:OPENED:c-1,f-1,i0, conf=-1: [f4c54511-b161-4347-aec5-5236dc80a0d8:0.0.0.0:41238, 907b9765-214b-4864-b66a-d6e2a5789e5c:0.0.0.0:41650, bf55b3f9-6b09-4365-9d71-55289e083fa5:0.0.0.0:42441], old=null
2019-10-16 18:00:51,064 [Thread-1070] INFO  impl.FollowerState (FollowerState.java:run(117)) - 907b9765-214b-4864-b66a-d6e2a5789e5c@group-EFD1D20A002C-FollowerState was interrupted: java.lang.InterruptedException: sleep interrupted
2019-10-16 18:00:51,064 [grpc-default-executor-3] INFO  impl.RoleInfo (RoleInfo.java:updateAndGet(143)) - 907b9765-214b-4864-b66a-d6e2a5789e5c: start FollowerState
2019-10-16 18:00:51,088 [bf55b3f9-6b09-4365-9d71-55289e083fa5@group-EFD1D20A002C-LeaderElection151] INFO  impl.LeaderElection (LeaderElection.java:askForVotes(178)) - bf55b3f9-6b09-4365-9d71-55289e083fa5@group-EFD1D20A002C-LeaderElection151: begin an election at term 173 for -1: [f4c54511-b161-4347-aec5-5236dc80a0d8:0.0.0.0:41238, 907b9765-214b-4864-b66a-d6e2a5789e5c:0.0.0.0:41650, bf55b3f9-6b09-4365-9d71-55289e083fa5:0.0.0.0:42441], old=null
2019-10-16 18:00:51,089 [grpc-default-executor-3] INFO  impl.RaftServerImpl (RaftServerImpl.java:setRole(184)) - 907b9765-214b-4864-b66a-d6e2a5789e5c@group-EFD1D20A002C: changes role from  FOLLOWER to FOLLOWER at term 173 for recognizeCandidate:bf55b3f9-6b09-4365-9d71-55289e083fa5
2019-10-16 18:00:51,089 [grpc-default-executor-3] INFO  impl.RoleInfo (RoleInfo.java:shutdownFollowerState(121)) - 907b9765-214b-4864-b66a-d6e2a5789e5c: shutdown FollowerState
2019-10-16 18:00:51,089 [grpc-default-executor-1] INFO  impl.RaftServerImpl (RaftServerImpl.java:setRole(184)) - f4c54511-b161-4347-aec5-5236dc80a0d8@group-EFD1D20A002C: changes role from  FOLLOWER to FOLLOWER at term 173 for recognizeCandidate:bf55b3f9-6b09-4365-9d71-55289e083fa5
2019-10-16 18:00:51,090 [Thread-1076] INFO  impl.FollowerState (FollowerState.java:run(117)) - 907b9765-214b-4864-b66a-d6e2a5789e5c@group-EFD1D20A002C-FollowerState was interrupted: java.lang.InterruptedException: sleep interrupted
2019-10-16 18:00:51,090 [grpc-default-executor-3] INFO  impl.RoleInfo (RoleInfo.java:updateAndGet(143)) - 907b9765-214b-4864-b66a-d6e2a5789e5c: start FollowerState
2019-10-16 18:00:51,090 [grpc-default-executor-1] INFO  impl.RoleInfo (RoleInfo.java:shutdownFollowerState(121)) - f4c54511-b161-4347-aec5-5236dc80a0d8: shutdown FollowerState
2019-10-16 18:00:51,090 [grpc-default-executor-1] INFO  impl.RoleInfo (RoleInfo.java:updateAndGet(143)) - f4c54511-b161-4347-aec5-5236dc80a0d8: start FollowerState
2019-10-16 18:00:51,090 [Thread-1075] INFO  impl.FollowerState (FollowerState.java:run(117)) - f4c54511-b161-4347-aec5-5236dc80a0d8@group-EFD1D20A002C-FollowerState was interrupted: java.lang.InterruptedException: sleep interrupted
2019-10-16 18:00:51,111 [bf55b3f9-6b09-4365-9d71-55289e083fa5@group-EFD1D20A002C-LeaderElection151] INFO  impl.LeaderElection (LeaderElection.java:logAndReturn(56)) - bf55b3f9-6b09-4365-9d71-55289e083fa5@group-EFD1D20A002C-LeaderElection151: Election REJECTED; received 2 response(s) [bf55b3f9-6b09-4365-9d71-55289e083fa5<-f4c54511-b161-4347-aec5-5236dc80a0d8#0:FAIL-t173, bf55b3f9-6b09-4365-9d71-55289e083fa5<-907b9765-214b-4864-b66a-d6e2a5789e5c#0:FAIL-t173] and 0 exception(s); bf55b3f9-6b09-4365-9d71-55289e083fa5@group-EFD1D20A002C:t173, leader=null, voted=bf55b3f9-6b09-4365-9d71-55289e083fa5, raftlog=bf55b3f9-6b09-4365-9d71-55289e083fa5@group-EFD1D20A002C-SegmentedRaftLog:OPENED:c-1,f-1,i0, conf=-1: [f4c54511-b161-4347-aec5-5236dc80a0d8:0.0.0.0:41238, 907b9765-214b-4864-b66a-d6e2a5789e5c:0.0.0.0:41650, bf55b3f9-6b09-4365-9d71-55289e083fa5:0.0.0.0:42441], old=null
2019-10-16 18:00:51,112 [bf55b3f9-6b09-4365-9d71-55289e083fa5@group-EFD1D20A002C-LeaderElection151] INFO  impl.RaftServerImpl (RaftServerImpl.java:setRole(184)) - bf55b3f9-6b09-4365-9d71-55289e083fa5@group-EFD1D20A002C: changes role from CANDIDATE to FOLLOWER at term 173 for DISCOVERED_A_NEW_TERM
2019-10-16 18:00:51,112 [bf55b3f9-6b09-4365-9d71-55289e083fa5@group-EFD1D20A002C-LeaderElection151] INFO  impl.RoleInfo (RoleInfo.java:shutdownLeaderElection(134)) - bf55b3f9-6b09-4365-9d71-55289e083fa5: shutdown LeaderElection
2019-10-16 18:00:51,112 [bf55b3f9-6b09-4365-9d71-55289e083fa5@group-EFD1D20A002C-LeaderElection151] INFO  impl.RoleInfo (RoleInfo.java:updateAndGet(143)) - bf55b3f9-6b09-4365-9d71-55289e083fa5: start FollowerState
2019-10-16 18:00:51,210 [Thread-1081] INFO  impl.FollowerState (FollowerState.java:run(108)) - bf55b3f9-6b09-4365-9d71-55289e083fa5@group-EFD1D20A002C-FollowerState: change to CANDIDATE, lastRpcTime:98ms, electionTimeout:98ms
2019-10-16 18:00:51,210 [Thread-1081] INFO  impl.RoleInfo (RoleInfo.java:shutdownFollowerState(121)) - bf55b3f9-6b09-4365-9d71-55289e083fa5: shutdown FollowerState
2019-10-16 18:00:51,211 [Thread-1081] INFO  impl.RaftServerImpl (RaftServerImpl.java:setRole(184)) - bf55b3f9-6b09-4365-9d71-55289e083fa5@group-EFD1D20A002C: changes role from  FOLLOWER to CANDIDATE at term 173 for changeToCandidate
2019-10-16 18:00:51,211 [Thread-1081] INFO  impl.RoleInfo (RoleInfo.java:updateAndGet(143)) - bf55b3f9-6b09-4365-9d71-55289e083fa5: start LeaderElection
2019-10-16 18:00:51,235 [bf55b3f9-6b09-4365-9d71-55289e083fa5@group-EFD1D20A002C-LeaderElection152] INFO  impl.LeaderElection (LeaderElection.java:askForVotes(178)) - bf55b3f9-6b09-4365-9d71-55289e083fa5@group-EFD1D20A002C-LeaderElection152: begin an election at term 174 for -1: [f4c54511-b161-4347-aec5-5236dc80a0d8:0.0.0.0:41238, 907b9765-214b-4864-b66a-d6e2a5789e5c:0.0.0.0:41650, bf55b3f9-6b09-4365-9d71-55289e083fa5:0.0.0.0:42441], old=null
2019-10-16 18:00:51,236 [grpc-default-executor-1] INFO  impl.RaftServerImpl (RaftServerImpl.java:setRole(184)) - 907b9765-214b-4864-b66a-d6e2a5789e5c@group-EFD1D20A002C: changes role from  FOLLOWER to FOLLOWER at term 174 for recognizeCandidate:bf55b3f9-6b09-4365-9d71-55289e083fa5
2019-10-16 18:00:51,237 [grpc-default-executor-3] INFO  impl.RaftServerImpl (RaftServerImpl.java:setRole(184)) - f4c54511-b161-4347-aec5-5236dc80a0d8@group-EFD1D20A002C: changes role from  FOLLOWER to FOLLOWER at term 174 for recognizeCandidate:bf55b3f9-6b09-4365-9d71-55289e083fa5
2019-10-16 18:00:51,237 [grpc-default-executor-1] INFO  impl.RoleInfo (RoleInfo.java:shutdownFollowerState(121)) - 907b9765-214b-4864-b66a-d6e2a5789e5c: shutdown FollowerState
2019-10-16 18:00:51,237 [grpc-default-executor-3] INFO  impl.RoleInfo (RoleInfo.java:shutdownFollowerState(121)) - f4c54511-b161-4347-aec5-5236dc80a0d8: shutdown FollowerState
2019-10-16 18:00:51,237 [Thread-1079] INFO  impl.FollowerState (FollowerState.java:run(117)) - 907b9765-214b-4864-b66a-d6e2a5789e5c@group-EFD1D20A002C-FollowerState was interrupted: java.lang.InterruptedException: sleep interrupted
2019-10-16 18:00:51,237 [grpc-default-executor-1] INFO  impl.RoleInfo (RoleInfo.java:updateAndGet(143)) - 907b9765-214b-4864-b66a-d6e2a5789e5c: start FollowerState
2019-10-16 18:00:51,237 [Thread-1080] INFO  impl.FollowerState (FollowerState.java:run(117)) - f4c54511-b161-4347-aec5-5236dc80a0d8@group-EFD1D20A002C-FollowerState was interrupted: java.lang.InterruptedException: sleep interrupted
2019-10-16 18:00:51,237 [grpc-default-executor-3] INFO  impl.RoleInfo (RoleInfo.java:updateAndGet(143)) - f4c54511-b161-4347-aec5-5236dc80a0d8: start FollowerState
2019-10-16 18:00:51,261 [bf55b3f9-6b09-4365-9d71-55289e083fa5@group-EFD1D20A002C-LeaderElection152] INFO  impl.LeaderElection (LeaderElection.java:logAndReturn(56)) - bf55b3f9-6b09-4365-9d71-55289e083fa5@group-EFD1D20A002C-LeaderElection152: Election REJECTED; received 2 response(s) [bf55b3f9-6b09-4365-9d71-55289e083fa5<-f4c54511-b161-4347-aec5-5236dc80a0d8#0:FAIL-t174, bf55b3f9-6b09-4365-9d71-55289e083fa5<-907b9765-214b-4864-b66a-d6e2a5789e5c#0:FAIL-t174] and 0 exception(s); bf55b3f9-6b09-4365-9d71-55289e083fa5@group-EFD1D20A002C:t174, leader=null, voted=bf55b3f9-6b09-4365-9d71-55289e083fa5, raftlog=bf55b3f9-6b09-4365-9d71-55289e083fa5@group-EFD1D20A002C-SegmentedRaftLog:OPENED:c-1,f-1,i0, conf=-1: [f4c54511-b161-4347-aec5-5236dc80a0d8:0.0.0.0:41238, 907b9765-214b-4864-b66a-d6e2a5789e5c:0.0.0.0:41650, bf55b3f9-6b09-4365-9d71-55289e083fa5:0.0.0.0:42441], old=null
2019-10-16 18:00:51,261 [bf55b3f9-6b09-4365-9d71-55289e083fa5@group-EFD1D20A002C-LeaderElection152] INFO  impl.RaftServerImpl (RaftServerImpl.java:setRole(184)) - bf55b3f9-6b09-4365-9d71-55289e083fa5@group-EFD1D20A002C: changes role from CANDIDATE to FOLLOWER at term 174 for DISCOVERED_A_NEW_TERM
2019-10-16 18:00:51,261 [bf55b3f9-6b09-4365-9d71-55289e083fa5@group-EFD1D20A002C-LeaderElection152] INFO  impl.RoleInfo (RoleInfo.java:shutdownLeaderElection(134)) - bf55b3f9-6b09-4365-9d71-55289e083fa5: shutdown LeaderElection
2019-10-16 18:00:51,261 [bf55b3f9-6b09-4365-9d71-55289e083fa5@group-EFD1D20A002C-LeaderElection152] INFO  impl.RoleInfo (RoleInfo.java:updateAndGet(143)) - bf55b3f9-6b09-4365-9d71-55289e083fa5: start FollowerState
2019-10-16 18:00:51,419 [Thread-1087] INFO  impl.FollowerState (FollowerState.java:run(108)) - bf55b3f9-6b09-4365-9d71-55289e083fa5@group-EFD1D20A002C-FollowerState: change to CANDIDATE, lastRpcTime:157ms, electionTimeout:157ms
2019-10-16 18:00:51,419 [Thread-1087] INFO  impl.RoleInfo (RoleInfo.java:shutdownFollowerState(121)) - bf55b3f9-6b09-4365-9d71-55289e083fa5: shutdown FollowerState
2019-10-16 18:00:51,419 [Thread-1087] INFO  impl.RaftServerImpl (RaftServerImpl.java:setRole(184)) - bf55b3f9-6b09-4365-9d71-55289e083fa5@group-EFD1D20A002C: changes role from  FOLLOWER to CANDIDATE at term 174 for changeToCandidate
2019-10-16 18:00:51,419 [Thread-1087] INFO  impl.RoleInfo (RoleInfo.java:updateAndGet(143)) - bf55b3f9-6b09-4365-9d71-55289e083fa5: start LeaderElection
2019-10-16 18:00:51,446 [bf55b3f9-6b09-4365-9d71-55289e083fa5@group-EFD1D20A002C-LeaderElection153] INFO  impl.LeaderElection (LeaderElection.java:askForVotes(178)) - bf55b3f9-6b09-4365-9d71-55289e083fa5@group-EFD1D20A002C-LeaderElection153: begin an election at term 175 for -1: [f4c54511-b161-4347-aec5-5236dc80a0d8:0.0.0.0:41238, 907b9765-214b-4864-b66a-d6e2a5789e5c:0.0.0.0:41650, bf55b3f9-6b09-4365-9d71-55289e083fa5:0.0.0.0:42441], old=null
2019-10-16 18:00:51,448 [grpc-default-executor-3] INFO  impl.RaftServerImpl (RaftServerImpl.java:setRole(184)) - 907b9765-214b-4864-b66a-d6e2a5789e5c@group-EFD1D20A002C: changes role from  FOLLOWER to FOLLOWER at term 175 for recognizeCandidate:bf55b3f9-6b09-4365-9d71-55289e083fa5
2019-10-16 18:00:51,448 [grpc-default-executor-3] INFO  impl.RoleInfo (RoleInfo.java:shutdownFollowerState(121)) - 907b9765-214b-4864-b66a-d6e2a5789e5c: shutdown FollowerState
2019-10-16 18:00:51,449 [grpc-default-executor-1] INFO  impl.RaftServerImpl (RaftServerImpl.java:setRole(184)) - f4c54511-b161-4347-aec5-5236dc80a0d8@group-EFD1D20A002C: changes role from  FOLLOWER to FOLLOWER at term 175 for recognizeCandidate:bf55b3f9-6b09-4365-9d71-55289e083fa5
2019-10-16 18:00:51,449 [Thread-1085] INFO  impl.FollowerState (FollowerState.java:run(117)) - 907b9765-214b-4864-b66a-d6e2a5789e5c@group-EFD1D20A002C-FollowerState was interrupted: java.lang.InterruptedException: sleep interrupted
2019-10-16 18:00:51,449 [grpc-default-executor-3] INFO  impl.RoleInfo (RoleInfo.java:updateAndGet(143)) - 907b9765-214b-4864-b66a-d6e2a5789e5c: start FollowerState
2019-10-16 18:00:51,449 [grpc-default-executor-1] INFO  impl.RoleInfo (RoleInfo.java:shutdownFollowerState(121)) - f4c54511-b161-4347-aec5-5236dc80a0d8: shutdown FollowerState
2019-10-16 18:00:51,449 [Thread-1086] INFO  impl.FollowerState (FollowerState.java:run(117)) - f4c54511-b161-4347-aec5-5236dc80a0d8@group-EFD1D20A002C-FollowerState was interrupted: java.lang.InterruptedException: sleep interrupted
2019-10-16 18:00:51,449 [grpc-default-executor-1] INFO  impl.RoleInfo (RoleInfo.java:updateAndGet(143)) - f4c54511-b161-4347-aec5-5236dc80a0d8: start FollowerState
2019-10-16 18:00:51,481 [bf55b3f9-6b09-4365-9d71-55289e083fa5@group-EFD1D20A002C-LeaderElection153] INFO  impl.LeaderElection (LeaderElection.java:logAndReturn(56)) - bf55b3f9-6b09-4365-9d71-55289e083fa5@group-EFD1D20A002C-LeaderElection153: Election REJECTED; received 2 response(s) [bf55b3f9-6b09-4365-9d71-55289e083fa5<-f4c54511-b161-4347-aec5-5236dc80a0d8#0:FAIL-t175, bf55b3f9-6b09-4365-9d71-55289e083fa5<-907b9765-214b-4864-b66a-d6e2a5789e5c#0:FAIL-t175] and 0 exception(s); bf55b3f9-6b09-4365-9d71-55289e083fa5@group-EFD1D20A002C:t175, leader=null, voted=bf55b3f9-6b09-4365-9d71-55289e083fa5, raftlog=bf55b3f9-6b09-4365-9d71-55289e083fa5@group-EFD1D20A002C-SegmentedRaftLog:OPENED:c-1,f-1,i0, conf=-1: [f4c54511-b161-4347-aec5-5236dc80a0d8:0.0.0.0:41238, 907b9765-214b-4864-b66a-d6e2a5789e5c:0.0.0.0:41650, bf55b3f9-6b09-4365-9d71-55289e083fa5:0.0.0.0:42441], old=null
2019-10-16 18:00:51,482 [bf55b3f9-6b09-4365-9d71-55289e083fa5@group-EFD1D20A002C-LeaderElection153] INFO  impl.RaftServerImpl (RaftServerImpl.java:setRole(184)) - bf55b3f9-6b09-4365-9d71-55289e083fa5@group-EFD1D20A002C: changes role from CANDIDATE to FOLLOWER at term 175 for DISCOVERED_A_NEW_TERM
2019-10-16 18:00:51,482 [bf55b3f9-6b09-4365-9d71-55289e083fa5@group-EFD1D20A002C-LeaderElection153] INFO  impl.RoleInfo (RoleInfo.java:shutdownLeaderElection(134)) - bf55b3f9-6b09-4365-9d71-55289e083fa5: shutdown LeaderElection
2019-10-16 18:00:51,482 [bf55b3f9-6b09-4365-9d71-55289e083fa5@group-EFD1D20A002C-LeaderElection153] INFO  impl.RoleInfo (RoleInfo.java:updateAndGet(143)) - bf55b3f9-6b09-4365-9d71-55289e083fa5: start FollowerState
2019-10-16 18:00:51,529 [Thread-1093] INFO  impl.FollowerState (FollowerState.java:run(108)) - bf55b3f9-6b09-4365-9d71-55289e083fa5@group-EFD1D20A002C-FollowerState: change to CANDIDATE, lastRpcTime:47ms, electionTimeout:47ms
2019-10-16 18:00:51,529 [Thread-1093] INFO  impl.RoleInfo (RoleInfo.java:shutdownFollowerState(121)) - bf55b3f9-6b09-4365-9d71-55289e083fa5: shutdown FollowerState
2019-10-16 18:00:51,530 [Thread-1093] INFO  impl.RaftServerImpl (RaftServerImpl.java:setRole(184)) - bf55b3f9-6b09-4365-9d71-55289e083fa5@group-EFD1D20A002C: changes role from  FOLLOWER to CANDIDATE at term 175 for changeToCandidate
2019-10-16 18:00:51,530 [Thread-1093] INFO  impl.RoleInfo (RoleInfo.java:updateAndGet(143)) - bf55b3f9-6b09-4365-9d71-55289e083fa5: start LeaderElection
2019-10-16 18:00:51,556 [bf55b3f9-6b09-4365-9d71-55289e083fa5@group-EFD1D20A002C-LeaderElection154] INFO  impl.LeaderElection (LeaderElection.java:askForVotes(178)) - bf55b3f9-6b09-4365-9d71-55289e083fa5@group-EFD1D20A002C-LeaderElection154: begin an election at term 176 for -1: [f4c54511-b161-4347-aec5-5236dc80a0d8:0.0.0.0:41238, 907b9765-214b-4864-b66a-d6e2a5789e5c:0.0.0.0:41650, bf55b3f9-6b09-4365-9d71-55289e083fa5:0.0.0.0:42441], old=null
2019-10-16 18:00:51,558 [bf55b3f9-6b09-4365-9d71-55289e083fa5@group-EFD1D20A002C-LeaderElection154] INFO  impl.LeaderElection (LeaderElection.java:logAndReturn(56)) - bf55b3f9-6b09-4365-9d71-55289e083fa5@group-EFD1D20A002C-LeaderElection154: Election TIMEOUT; received 0 response(s) [] and 0 exception(s); bf55b3f9-6b09-4365-9d71-55289e083fa5@group-EFD1D20A002C:t176, leader=null, voted=bf55b3f9-6b09-4365-9d71-55289e083fa5, raftlog=bf55b3f9-6b09-4365-9d71-55289e083fa5@group-EFD1D20A002C-SegmentedRaftLog:OPENED:c-1,f-1,i0, conf=-1: [f4c54511-b161-4347-aec5-5236dc80a0d8:0.0.0.0:41238, 907b9765-214b-4864-b66a-d6e2a5789e5c:0.0.0.0:41650, bf55b3f9-6b09-4365-9d71-55289e083fa5:0.0.0.0:42441], old=null
2019-10-16 18:00:51,559 [grpc-default-executor-3] INFO  impl.RaftServerImpl (RaftServerImpl.java:setRole(184)) - f4c54511-b161-4347-aec5-5236dc80a0d8@group-EFD1D20A002C: changes role from  FOLLOWER to FOLLOWER at term 176 for recognizeCandidate:bf55b3f9-6b09-4365-9d71-55289e083fa5
2019-10-16 18:00:51,559 [grpc-default-executor-1] INFO  impl.RaftServerImpl (RaftServerImpl.java:setRole(184)) - 907b9765-214b-4864-b66a-d6e2a5789e5c@group-EFD1D20A002C: changes role from  FOLLOWER to FOLLOWER at term 176 for recognizeCandidate:bf55b3f9-6b09-4365-9d71-55289e083fa5
2019-10-16 18:00:51,559 [grpc-default-executor-3] INFO  impl.RoleInfo (RoleInfo.java:shutdownFollowerState(121)) - f4c54511-b161-4347-aec5-5236dc80a0d8: shutdown FollowerState
2019-10-16 18:00:51,559 [grpc-default-executor-1] INFO  impl.RoleInfo (RoleInfo.java:shutdownFollowerState(121)) - 907b9765-214b-4864-b66a-d6e2a5789e5c: shutdown FollowerState
2019-10-16 18:00:51,559 [grpc-default-executor-3] INFO  impl.RoleInfo (RoleInfo.java:updateAndGet(143)) - f4c54511-b161-4347-aec5-5236dc80a0d8: start FollowerState
2019-10-16 18:00:51,559 [Thread-1092] INFO  impl.FollowerState (FollowerState.java:run(117)) - f4c54511-b161-4347-aec5-5236dc80a0d8@group-EFD1D20A002C-FollowerState was interrupted: java.lang.InterruptedException: sleep interrupted
2019-10-16 18:00:51,559 [Thread-1091] INFO  impl.FollowerState (FollowerState.java:run(117)) - 907b9765-214b-4864-b66a-d6e2a5789e5c@group-EFD1D20A002C-FollowerState was interrupted: java.lang.InterruptedException: sleep interrupted
2019-10-16 18:00:51,559 [grpc-default-executor-1] INFO  impl.RoleInfo (RoleInfo.java:updateAndGet(143)) - 907b9765-214b-4864-b66a-d6e2a5789e5c: start FollowerState
2019-10-16 18:00:51,590 [bf55b3f9-6b09-4365-9d71-55289e083fa5@group-EFD1D20A002C-LeaderElection154] INFO  impl.LeaderElection (LeaderElection.java:askForVotes(178)) - bf55b3f9-6b09-4365-9d71-55289e083fa5@group-EFD1D20A002C-LeaderElection154: begin an election at term 177 for -1: [f4c54511-b161-4347-aec5-5236dc80a0d8:0.0.0.0:41238, 907b9765-214b-4864-b66a-d6e2a5789e5c:0.0.0.0:41650, bf55b3f9-6b09-4365-9d71-55289e083fa5:0.0.0.0:42441], old=null
2019-10-16 18:00:51,592 [grpc-default-executor-1] INFO  impl.RaftServerImpl (RaftServerImpl.java:setRole(184)) - f4c54511-b161-4347-aec5-5236dc80a0d8@group-EFD1D20A002C: changes role from  FOLLOWER to FOLLOWER at term 177 for recognizeCandidate:bf55b3f9-6b09-4365-9d71-55289e083fa5
2019-10-16 18:00:51,592 [grpc-default-executor-3] INFO  impl.RaftServerImpl (RaftServerImpl.java:setRole(184)) - 907b9765-214b-4864-b66a-d6e2a5789e5c@group-EFD1D20A002C: changes role from  FOLLOWER to FOLLOWER at term 177 for recognizeCandidate:bf55b3f9-6b09-4365-9d71-55289e083fa5
2019-10-16 18:00:51,592 [grpc-default-executor-1] INFO  impl.RoleInfo (RoleInfo.java:shutdownFollowerState(121)) - f4c54511-b161-4347-aec5-5236dc80a0d8: shutdown FollowerState
2019-10-16 18:00:51,593 [grpc-default-executor-3] INFO  impl.RoleInfo (RoleInfo.java:shutdownFollowerState(121)) - 907b9765-214b-4864-b66a-d6e2a5789e5c: shutdown FollowerState
2019-10-16 18:00:51,593 [grpc-default-executor-1] INFO  impl.RoleInfo (RoleInfo.java:updateAndGet(143)) - f4c54511-b161-4347-aec5-5236dc80a0d8: start FollowerState
2019-10-16 18:00:51,593 [Thread-1097] INFO  impl.FollowerState (FollowerState.java:run(117)) - f4c54511-b161-4347-aec5-5236dc80a0d8@group-EFD1D20A002C-FollowerState was interrupted: java.lang.InterruptedException: sleep interrupted
2019-10-16 18:00:51,593 [Thread-1098] INFO  impl.FollowerState (FollowerState.java:run(117)) - 907b9765-214b-4864-b66a-d6e2a5789e5c@group-EFD1D20A002C-FollowerState was interrupted: java.lang.InterruptedException: sleep interrupted
2019-10-16 18:00:51,593 [grpc-default-executor-3] INFO  impl.RoleInfo (RoleInfo.java:updateAndGet(143)) - 907b9765-214b-4864-b66a-d6e2a5789e5c: start FollowerState
2019-10-16 18:00:51,616 [bf55b3f9-6b09-4365-9d71-55289e083fa5@group-EFD1D20A002C-LeaderElection154] INFO  impl.LeaderElection (LeaderElection.java:logAndReturn(56)) - bf55b3f9-6b09-4365-9d71-55289e083fa5@group-EFD1D20A002C-LeaderElection154: Election REJECTED; received 2 response(s) [bf55b3f9-6b09-4365-9d71-55289e083fa5<-f4c54511-b161-4347-aec5-5236dc80a0d8#0:FAIL-t177, bf55b3f9-6b09-4365-9d71-55289e083fa5<-907b9765-214b-4864-b66a-d6e2a5789e5c#0:FAIL-t177] and 0 exception(s); bf55b3f9-6b09-4365-9d71-55289e083fa5@group-EFD1D20A002C:t177, leader=null, voted=bf55b3f9-6b09-4365-9d71-55289e083fa5, raftlog=bf55b3f9-6b09-4365-9d71-55289e083fa5@group-EFD1D20A002C-SegmentedRaftLog:OPENED:c-1,f-1,i0, conf=-1: [f4c54511-b161-4347-aec5-5236dc80a0d8:0.0.0.0:41238, 907b9765-214b-4864-b66a-d6e2a5789e5c:0.0.0.0:41650, bf55b3f9-6b09-4365-9d71-55289e083fa5:0.0.0.0:42441], old=null
2019-10-16 18:00:51,616 [bf55b3f9-6b09-4365-9d71-55289e083fa5@group-EFD1D20A002C-LeaderElection154] INFO  impl.RaftServerImpl (RaftServerImpl.java:setRole(184)) - bf55b3f9-6b09-4365-9d71-55289e083fa5@group-EFD1D20A002C: changes role from CANDIDATE to FOLLOWER at term 177 for DISCOVERED_A_NEW_TERM
2019-10-16 18:00:51,617 [bf55b3f9-6b09-4365-9d71-55289e083fa5@group-EFD1D20A002C-LeaderElection154] INFO  impl.RoleInfo (RoleInfo.java:shutdownLeaderElection(134)) - bf55b3f9-6b09-4365-9d71-55289e083fa5: shutdown LeaderElection
2019-10-16 18:00:51,617 [bf55b3f9-6b09-4365-9d71-55289e083fa5@group-EFD1D20A002C-LeaderElection154] INFO  impl.RoleInfo (RoleInfo.java:updateAndGet(143)) - bf55b3f9-6b09-4365-9d71-55289e083fa5: start FollowerState
2019-10-16 18:00:51,691 [Thread-1103] INFO  impl.FollowerState (FollowerState.java:run(108)) - bf55b3f9-6b09-4365-9d71-55289e083fa5@group-EFD1D20A002C-FollowerState: change to CANDIDATE, lastRpcTime:74ms, electionTimeout:74ms
2019-10-16 18:00:51,691 [Thread-1103] INFO  impl.RoleInfo (RoleInfo.java:shutdownFollowerState(121)) - bf55b3f9-6b09-4365-9d71-55289e083fa5: shutdown FollowerState
2019-10-16 18:00:51,691 [Thread-1103] INFO  impl.RaftServerImpl (RaftServerImpl.java:setRole(184)) - bf55b3f9-6b09-4365-9d71-55289e083fa5@group-EFD1D20A002C: changes role from  FOLLOWER to CANDIDATE at term 177 for changeToCandidate
2019-10-16 18:00:51,691 [Thread-1103] INFO  impl.RoleInfo (RoleInfo.java:updateAndGet(143)) - bf55b3f9-6b09-4365-9d71-55289e083fa5: start LeaderElection
2019-10-16 18:00:51,708 [bf55b3f9-6b09-4365-9d71-55289e083fa5@group-EFD1D20A002C-LeaderElection155] INFO  impl.LeaderElection (LeaderElection.java:askForVotes(178)) - bf55b3f9-6b09-4365-9d71-55289e083fa5@group-EFD1D20A002C-LeaderElection155: begin an election at term 178 for -1: [f4c54511-b161-4347-aec5-5236dc80a0d8:0.0.0.0:41238, 907b9765-214b-4864-b66a-d6e2a5789e5c:0.0.0.0:41650, bf55b3f9-6b09-4365-9d71-55289e083fa5:0.0.0.0:42441], old=null
2019-10-16 18:00:51,711 [grpc-default-executor-1] INFO  impl.RaftServerImpl (RaftServerImpl.java:setRole(184)) - 907b9765-214b-4864-b66a-d6e2a5789e5c@group-EFD1D20A002C: changes role from  FOLLOWER to FOLLOWER at term 178 for recognizeCandidate:bf55b3f9-6b09-4365-9d71-55289e083fa5
2019-10-16 18:00:51,711 [grpc-default-executor-3] INFO  impl.RaftServerImpl (RaftServerImpl.java:setRole(184)) - f4c54511-b161-4347-aec5-5236dc80a0d8@group-EFD1D20A002C: changes role from  FOLLOWER to FOLLOWER at term 178 for recognizeCandidate:bf55b3f9-6b09-4365-9d71-55289e083fa5
2019-10-16 18:00:51,711 [grpc-default-executor-1] INFO  impl.RoleInfo (RoleInfo.java:shutdownFollowerState(121)) - 907b9765-214b-4864-b66a-d6e2a5789e5c: shutdown FollowerState
2019-10-16 18:00:51,711 [grpc-default-executor-3] INFO  impl.RoleInfo (RoleInfo.java:shutdownFollowerState(121)) - f4c54511-b161-4347-aec5-5236dc80a0d8: shutdown FollowerState
2019-10-16 18:00:51,712 [Thread-1102] INFO  impl.FollowerState (FollowerState.java:run(117)) - 907b9765-214b-4864-b66a-d6e2a5789e5c@group-EFD1D20A002C-FollowerState was interrupted: java.lang.InterruptedException: sleep interrupted
2019-10-16 18:00:51,712 [grpc-default-executor-1] INFO  impl.RoleInfo (RoleInfo.java:updateAndGet(143)) - 907b9765-214b-4864-b66a-d6e2a5789e5c: start FollowerState
2019-10-16 18:00:51,712 [grpc-default-executor-3] INFO  impl.RoleInfo (RoleInfo.java:updateAndGet(143)) - f4c54511-b161-4347-aec5-5236dc80a0d8: start FollowerState
2019-10-16 18:00:51,712 [Thread-1101] INFO  impl.FollowerState (FollowerState.java:run(117)) - f4c54511-b161-4347-aec5-5236dc80a0d8@group-EFD1D20A002C-FollowerState was interrupted: java.lang.InterruptedException: sleep interrupted
2019-10-16 18:00:51,735 [bf55b3f9-6b09-4365-9d71-55289e083fa5@group-EFD1D20A002C-LeaderElection155] INFO  impl.LeaderElection (LeaderElection.java:logAndReturn(56)) - bf55b3f9-6b09-4365-9d71-55289e083fa5@group-EFD1D20A002C-LeaderElection155: Election REJECTED; received 2 response(s) [bf55b3f9-6b09-4365-9d71-55289e083fa5<-f4c54511-b161-4347-aec5-5236dc80a0d8#0:FAIL-t178, bf55b3f9-6b09-4365-9d71-55289e083fa5<-907b9765-214b-4864-b66a-d6e2a5789e5c#0:FAIL-t178] and 0 exception(s); bf55b3f9-6b09-4365-9d71-55289e083fa5@group-EFD1D20A002C:t178, leader=null, voted=bf55b3f9-6b09-4365-9d71-55289e083fa5, raftlog=bf55b3f9-6b09-4365-9d71-55289e083fa5@group-EFD1D20A002C-SegmentedRaftLog:OPENED:c-1,f-1,i0, conf=-1: [f4c54511-b161-4347-aec5-5236dc80a0d8:0.0.0.0:41238, 907b9765-214b-4864-b66a-d6e2a5789e5c:0.0.0.0:41650, bf55b3f9-6b09-4365-9d71-55289e083fa5:0.0.0.0:42441], old=null
2019-10-16 18:00:51,735 [bf55b3f9-6b09-4365-9d71-55289e083fa5@group-EFD1D20A002C-LeaderElection155] INFO  impl.RaftServerImpl (RaftServerImpl.java:setRole(184)) - bf55b3f9-6b09-4365-9d71-55289e083fa5@group-EFD1D20A002C: changes role from CANDIDATE to FOLLOWER at term 178 for DISCOVERED_A_NEW_TERM
2019-10-16 18:00:51,735 [bf55b3f9-6b09-4365-9d71-55289e083fa5@group-EFD1D20A002C-LeaderElection155] INFO  impl.RoleInfo (RoleInfo.java:shutdownLeaderElection(134)) - bf55b3f9-6b09-4365-9d71-55289e083fa5: shutdown LeaderElection
2019-10-16 18:00:51,735 [bf55b3f9-6b09-4365-9d71-55289e083fa5@group-EFD1D20A002C-LeaderElection155] INFO  impl.RoleInfo (RoleInfo.java:updateAndGet(143)) - bf55b3f9-6b09-4365-9d71-55289e083fa5: start FollowerState
2019-10-16 18:00:51,893 [Thread-1109] INFO  impl.FollowerState (FollowerState.java:run(108)) - bf55b3f9-6b09-4365-9d71-55289e083fa5@group-EFD1D20A002C-FollowerState: change to CANDIDATE, lastRpcTime:157ms, electionTimeout:157ms
2019-10-16 18:00:51,893 [Thread-1109] INFO  impl.RoleInfo (RoleInfo.java:shutdownFollowerState(121)) - bf55b3f9-6b09-4365-9d71-55289e083fa5: shutdown FollowerState
2019-10-16 18:00:51,893 [Thread-1109] INFO  impl.RaftServerImpl (RaftServerImpl.java:setRole(184)) - bf55b3f9-6b09-4365-9d71-55289e083fa5@group-EFD1D20A002C: changes role from  FOLLOWER to CANDIDATE at term 178 for changeToCandidate
2019-10-16 18:00:51,893 [Thread-1109] INFO  impl.RoleInfo (RoleInfo.java:updateAndGet(143)) - bf55b3f9-6b09-4365-9d71-55289e083fa5: start LeaderElection
2019-10-16 18:00:51,919 [bf55b3f9-6b09-4365-9d71-55289e083fa5@group-EFD1D20A002C-LeaderElection156] INFO  impl.LeaderElection (LeaderElection.java:askForVotes(178)) - bf55b3f9-6b09-4365-9d71-55289e083fa5@group-EFD1D20A002C-LeaderElection156: begin an election at term 179 for -1: [f4c54511-b161-4347-aec5-5236dc80a0d8:0.0.0.0:41238, 907b9765-214b-4864-b66a-d6e2a5789e5c:0.0.0.0:41650, bf55b3f9-6b09-4365-9d71-55289e083fa5:0.0.0.0:42441], old=null
2019-10-16 18:00:51,922 [grpc-default-executor-3] INFO  impl.RaftServerImpl (RaftServerImpl.java:setRole(184)) - f4c54511-b161-4347-aec5-5236dc80a0d8@group-EFD1D20A002C: changes role from  FOLLOWER to FOLLOWER at term 179 for recognizeCandidate:bf55b3f9-6b09-4365-9d71-55289e083fa5
2019-10-16 18:00:51,922 [grpc-default-executor-3] INFO  impl.RoleInfo (RoleInfo.java:shutdownFollowerState(121)) - f4c54511-b161-4347-aec5-5236dc80a0d8: shutdown FollowerState
2019-10-16 18:00:51,922 [grpc-default-executor-3] INFO  impl.RoleInfo (RoleInfo.java:updateAndGet(143)) - f4c54511-b161-4347-aec5-5236dc80a0d8: start FollowerState
2019-10-16 18:00:51,922 [Thread-1108] INFO  impl.FollowerState (FollowerState.java:run(117)) - f4c54511-b161-4347-aec5-5236dc80a0d8@group-EFD1D20A002C-FollowerState was interrupted: java.lang.InterruptedException: sleep interrupted
2019-10-16 18:00:51,923 [grpc-default-executor-1] INFO  impl.RaftServerImpl (RaftServerImpl.java:setRole(184)) - 907b9765-214b-4864-b66a-d6e2a5789e5c@group-EFD1D20A002C: changes role from  FOLLOWER to FOLLOWER at term 179 for recognizeCandidate:bf55b3f9-6b09-4365-9d71-55289e083fa5
2019-10-16 18:00:51,924 [grpc-default-executor-1] INFO  impl.RoleInfo (RoleInfo.java:shutdownFollowerState(121)) - 907b9765-214b-4864-b66a-d6e2a5789e5c: shutdown FollowerState
2019-10-16 18:00:51,924 [grpc-default-executor-1] INFO  impl.RoleInfo (RoleInfo.java:updateAndGet(143)) - 907b9765-214b-4864-b66a-d6e2a5789e5c: start FollowerState
2019-10-16 18:00:51,924 [Thread-1107] INFO  impl.FollowerState (FollowerState.java:run(117)) - 907b9765-214b-4864-b66a-d6e2a5789e5c@group-EFD1D20A002C-FollowerState was interrupted: java.lang.InterruptedException: sleep interrupted
2019-10-16 18:00:51,945 [bf55b3f9-6b09-4365-9d71-55289e083fa5@group-EFD1D20A002C-LeaderElection156] INFO  impl.LeaderElection (LeaderElection.java:logAndReturn(56)) - bf55b3f9-6b09-4365-9d71-55289e083fa5@group-EFD1D20A002C-LeaderElection156: Election REJECTED; received 2 response(s) [bf55b3f9-6b09-4365-9d71-55289e083fa5<-f4c54511-b161-4347-aec5-5236dc80a0d8#0:FAIL-t179, bf55b3f9-6b09-4365-9d71-55289e083fa5<-907b9765-214b-4864-b66a-d6e2a5789e5c#0:FAIL-t179] and 0 exception(s); bf55b3f9-6b09-4365-9d71-55289e083fa5@group-EFD1D20A002C:t179, leader=null, voted=bf55b3f9-6b09-4365-9d71-55289e083fa5, raftlog=bf55b3f9-6b09-4365-9d71-55289e083fa5@group-EFD1D20A002C-SegmentedRaftLog:OPENED:c-1,f-1,i0, conf=-1: [f4c54511-b161-4347-aec5-5236dc80a0d8:0.0.0.0:41238, 907b9765-214b-4864-b66a-d6e2a5789e5c:0.0.0.0:41650, bf55b3f9-6b09-4365-9d71-55289e083fa5:0.0.0.0:42441], old=null
2019-10-16 18:00:51,946 [bf55b3f9-6b09-4365-9d71-55289e083fa5@group-EFD1D20A002C-LeaderElection156] INFO  impl.RaftServerImpl (RaftServerImpl.java:setRole(184)) - bf55b3f9-6b09-4365-9d71-55289e083fa5@group-EFD1D20A002C: changes role from CANDIDATE to FOLLOWER at term 179 for DISCOVERED_A_NEW_TERM
2019-10-16 18:00:51,946 [bf55b3f9-6b09-4365-9d71-55289e083fa5@group-EFD1D20A002C-LeaderElection156] INFO  impl.RoleInfo (RoleInfo.java:shutdownLeaderElection(134)) - bf55b3f9-6b09-4365-9d71-55289e083fa5: shutdown LeaderElection
2019-10-16 18:00:51,946 [bf55b3f9-6b09-4365-9d71-55289e083fa5@group-EFD1D20A002C-LeaderElection156] INFO  impl.RoleInfo (RoleInfo.java:updateAndGet(143)) - bf55b3f9-6b09-4365-9d71-55289e083fa5: start FollowerState
2019-10-16 18:00:51,966 [Thread-1117] INFO  impl.FollowerState (FollowerState.java:run(108)) - bf55b3f9-6b09-4365-9d71-55289e083fa5@group-EFD1D20A002C-FollowerState: change to CANDIDATE, lastRpcTime:20ms, electionTimeout:20ms
2019-10-16 18:00:51,966 [Thread-1117] INFO  impl.RoleInfo (RoleInfo.java:shutdownFollowerState(121)) - bf55b3f9-6b09-4365-9d71-55289e083fa5: shutdown FollowerState
2019-10-16 18:00:51,967 [Thread-1117] INFO  impl.RaftServerImpl (RaftServerImpl.java:setRole(184)) - bf55b3f9-6b09-4365-9d71-55289e083fa5@group-EFD1D20A002C: changes role from  FOLLOWER to CANDIDATE at term 179 for changeToCandidate
2019-10-16 18:00:51,967 [Thread-1117] INFO  impl.RoleInfo (RoleInfo.java:updateAndGet(143)) - bf55b3f9-6b09-4365-9d71-55289e083fa5: start LeaderElection
2019-10-16 18:00:51,995 [bf55b3f9-6b09-4365-9d71-55289e083fa5@group-EFD1D20A002C-LeaderElection157] INFO  impl.LeaderElection (LeaderElection.java:askForVotes(178)) - bf55b3f9-6b09-4365-9d71-55289e083fa5@group-EFD1D20A002C-LeaderElection157: begin an election at term 180 for -1: [f4c54511-b161-4347-aec5-5236dc80a0d8:0.0.0.0:41238, 907b9765-214b-4864-b66a-d6e2a5789e5c:0.0.0.0:41650, bf55b3f9-6b09-4365-9d71-55289e083fa5:0.0.0.0:42441], old=null
2019-10-16 18:00:51,997 [grpc-default-executor-3] INFO  impl.RaftServerImpl (RaftServerImpl.java:setRole(184)) - 907b9765-214b-4864-b66a-d6e2a5789e5c@group-EFD1D20A002C: changes role from  FOLLOWER to FOLLOWER at term 180 for recognizeCandidate:bf55b3f9-6b09-4365-9d71-55289e083fa5
2019-10-16 18:00:51,997 [grpc-default-executor-3] INFO  impl.RoleInfo (RoleInfo.java:shutdownFollowerState(121)) - 907b9765-214b-4864-b66a-d6e2a5789e5c: shutdown FollowerState
2019-10-16 18:00:51,997 [grpc-default-executor-1] INFO  impl.RaftServerImpl (RaftServerImpl.java:setRole(184)) - f4c54511-b161-4347-aec5-5236dc80a0d8@group-EFD1D20A002C: changes role from  FOLLOWER to FOLLOWER at term 180 for recognizeCandidate:bf55b3f9-6b09-4365-9d71-55289e083fa5
2019-10-16 18:00:51,998 [grpc-default-executor-1] INFO  impl.RoleInfo (RoleInfo.java:shutdownFollowerState(121)) - f4c54511-b161-4347-aec5-5236dc80a0d8: shutdown FollowerState
2019-10-16 18:00:51,998 [grpc-default-executor-3] INFO  impl.RoleInfo (RoleInfo.java:updateAndGet(143)) - 907b9765-214b-4864-b66a-d6e2a5789e5c: start FollowerState
2019-10-16 18:00:51,998 [Thread-1116] INFO  impl.FollowerState (FollowerState.java:run(117)) - 907b9765-214b-4864-b66a-d6e2a5789e5c@group-EFD1D20A002C-FollowerState was interrupted: java.lang.InterruptedException: sleep interrupted
2019-10-16 18:00:51,998 [Thread-1115] INFO  impl.FollowerState (FollowerState.java:run(117)) - f4c54511-b161-4347-aec5-5236dc80a0d8@group-EFD1D20A002C-FollowerState was interrupted: java.lang.InterruptedException: sleep interrupted
2019-10-16 18:00:51,998 [grpc-default-executor-1] INFO  impl.RoleInfo (RoleInfo.java:updateAndGet(143)) - f4c54511-b161-4347-aec5-5236dc80a0d8: start FollowerState
2019-10-16 18:00:52,022 [bf55b3f9-6b09-4365-9d71-55289e083fa5@group-EFD1D20A002C-LeaderElection157] INFO  impl.LeaderElection (LeaderElection.java:logAndReturn(56)) - bf55b3f9-6b09-4365-9d71-55289e083fa5@group-EFD1D20A002C-LeaderElection157: Election REJECTED; received 2 response(s) [bf55b3f9-6b09-4365-9d71-55289e083fa5<-f4c54511-b161-4347-aec5-5236dc80a0d8#0:FAIL-t180, bf55b3f9-6b09-4365-9d71-55289e083fa5<-907b9765-214b-4864-b66a-d6e2a5789e5c#0:FAIL-t180] and 0 exception(s); bf55b3f9-6b09-4365-9d71-55289e083fa5@group-EFD1D20A002C:t180, leader=null, voted=bf55b3f9-6b09-4365-9d71-55289e083fa5, raftlog=bf55b3f9-6b09-4365-9d71-55289e083fa5@group-EFD1D20A002C-SegmentedRaftLog:OPENED:c-1,f-1,i0, conf=-1: [f4c54511-b161-4347-aec5-5236dc80a0d8:0.0.0.0:41238, 907b9765-214b-4864-b66a-d6e2a5789e5c:0.0.0.0:41650, bf55b3f9-6b09-4365-9d71-55289e083fa5:0.0.0.0:42441], old=null
2019-10-16 18:00:52,023 [bf55b3f9-6b09-4365-9d71-55289e083fa5@group-EFD1D20A002C-LeaderElection157] INFO  impl.RaftServerImpl (RaftServerImpl.java:setRole(184)) - bf55b3f9-6b09-4365-9d71-55289e083fa5@group-EFD1D20A002C: changes role from CANDIDATE to FOLLOWER at term 180 for DISCOVERED_A_NEW_TERM
2019-10-16 18:00:52,023 [bf55b3f9-6b09-4365-9d71-55289e083fa5@group-EFD1D20A002C-LeaderElection157] INFO  impl.RoleInfo (RoleInfo.java:shutdownLeaderElection(134)) - bf55b3f9-6b09-4365-9d71-55289e083fa5: shutdown LeaderElection
2019-10-16 18:00:52,023 [bf55b3f9-6b09-4365-9d71-55289e083fa5@group-EFD1D20A002C-LeaderElection157] INFO  impl.RoleInfo (RoleInfo.java:updateAndGet(143)) - bf55b3f9-6b09-4365-9d71-55289e083fa5: start FollowerState
2019-10-16 18:00:52,130 [Thread-1123] INFO  impl.FollowerState (FollowerState.java:run(108)) - bf55b3f9-6b09-4365-9d71-55289e083fa5@group-EFD1D20A002C-FollowerState: change to CANDIDATE, lastRpcTime:107ms, electionTimeout:107ms
2019-10-16 18:00:52,131 [Thread-1123] INFO  impl.RoleInfo (RoleInfo.java:shutdownFollowerState(121)) - bf55b3f9-6b09-4365-9d71-55289e083fa5: shutdown FollowerState
2019-10-16 18:00:52,131 [Thread-1123] INFO  impl.RaftServerImpl (RaftServerImpl.java:setRole(184)) - bf55b3f9-6b09-4365-9d71-55289e083fa5@group-EFD1D20A002C: changes role from  FOLLOWER to CANDIDATE at term 180 for changeToCandidate
2019-10-16 18:00:52,131 [Thread-1123] INFO  impl.RoleInfo (RoleInfo.java:updateAndGet(143)) - bf55b3f9-6b09-4365-9d71-55289e083fa5: start LeaderElection
2019-10-16 18:00:52,156 [bf55b3f9-6b09-4365-9d71-55289e083fa5@group-EFD1D20A002C-LeaderElection158] INFO  impl.LeaderElection (LeaderElection.java:askForVotes(178)) - bf55b3f9-6b09-4365-9d71-55289e083fa5@group-EFD1D20A002C-LeaderElection158: begin an election at term 181 for -1: [f4c54511-b161-4347-aec5-5236dc80a0d8:0.0.0.0:41238, 907b9765-214b-4864-b66a-d6e2a5789e5c:0.0.0.0:41650, bf55b3f9-6b09-4365-9d71-55289e083fa5:0.0.0.0:42441], old=null
2019-10-16 18:00:52,158 [grpc-default-executor-3] INFO  impl.RaftServerImpl (RaftServerImpl.java:setRole(184)) - 907b9765-214b-4864-b66a-d6e2a5789e5c@group-EFD1D20A002C: changes role from  FOLLOWER to FOLLOWER at term 181 for recognizeCandidate:bf55b3f9-6b09-4365-9d71-55289e083fa5
2019-10-16 18:00:52,159 [grpc-default-executor-3] INFO  impl.RoleInfo (RoleInfo.java:shutdownFollowerState(121)) - 907b9765-214b-4864-b66a-d6e2a5789e5c: shutdown FollowerState
2019-10-16 18:00:52,159 [grpc-default-executor-1] INFO  impl.RaftServerImpl (RaftServerImpl.java:setRole(184)) - f4c54511-b161-4347-aec5-5236dc80a0d8@group-EFD1D20A002C: changes role from  FOLLOWER to FOLLOWER at term 181 for recognizeCandidate:bf55b3f9-6b09-4365-9d71-55289e083fa5
2019-10-16 18:00:52,159 [Thread-1121] INFO  impl.FollowerState (FollowerState.java:run(117)) - 907b9765-214b-4864-b66a-d6e2a5789e5c@group-EFD1D20A002C-FollowerState was interrupted: java.lang.InterruptedException: sleep interrupted
2019-10-16 18:00:52,159 [grpc-default-executor-3] INFO  impl.RoleInfo (RoleInfo.java:updateAndGet(143)) - 907b9765-214b-4864-b66a-d6e2a5789e5c: start FollowerState
2019-10-16 18:00:52,159 [grpc-default-executor-1] INFO  impl.RoleInfo (RoleInfo.java:shutdownFollowerState(121)) - f4c54511-b161-4347-aec5-5236dc80a0d8: shutdown FollowerState
2019-10-16 18:00:52,159 [grpc-default-executor-1] INFO  impl.RoleInfo (RoleInfo.java:updateAndGet(143)) - f4c54511-b161-4347-aec5-5236dc80a0d8: start FollowerState
2019-10-16 18:00:52,159 [Thread-1122] INFO  impl.FollowerState (FollowerState.java:run(117)) - f4c54511-b161-4347-aec5-5236dc80a0d8@group-EFD1D20A002C-FollowerState was interrupted: java.lang.InterruptedException: sleep interrupted
2019-10-16 18:00:52,182 [bf55b3f9-6b09-4365-9d71-55289e083fa5@group-EFD1D20A002C-LeaderElection158] INFO  impl.LeaderElection (LeaderElection.java:logAndReturn(56)) - bf55b3f9-6b09-4365-9d71-55289e083fa5@group-EFD1D20A002C-LeaderElection158: Election REJECTED; received 2 response(s) [bf55b3f9-6b09-4365-9d71-55289e083fa5<-f4c54511-b161-4347-aec5-5236dc80a0d8#0:FAIL-t181, bf55b3f9-6b09-4365-9d71-55289e083fa5<-907b9765-214b-4864-b66a-d6e2a5789e5c#0:FAIL-t181] and 0 exception(s); bf55b3f9-6b09-4365-9d71-55289e083fa5@group-EFD1D20A002C:t181, leader=null, voted=bf55b3f9-6b09-4365-9d71-55289e083fa5, raftlog=bf55b3f9-6b09-4365-9d71-55289e083fa5@group-EFD1D20A002C-SegmentedRaftLog:OPENED:c-1,f-1,i0, conf=-1: [f4c54511-b161-4347-aec5-5236dc80a0d8:0.0.0.0:41238, 907b9765-214b-4864-b66a-d6e2a5789e5c:0.0.0.0:41650, bf55b3f9-6b09-4365-9d71-55289e083fa5:0.0.0.0:42441], old=null
2019-10-16 18:00:52,182 [bf55b3f9-6b09-4365-9d71-55289e083fa5@group-EFD1D20A002C-LeaderElection158] INFO  impl.RaftServerImpl (RaftServerImpl.java:setRole(184)) - bf55b3f9-6b09-4365-9d71-55289e083fa5@group-EFD1D20A002C: changes role from CANDIDATE to FOLLOWER at term 181 for DISCOVERED_A_NEW_TERM
2019-10-16 18:00:52,183 [bf55b3f9-6b09-4365-9d71-55289e083fa5@group-EFD1D20A002C-LeaderElection158] INFO  impl.RoleInfo (RoleInfo.java:shutdownLeaderElection(134)) - bf55b3f9-6b09-4365-9d71-55289e083fa5: shutdown LeaderElection
2019-10-16 18:00:52,183 [bf55b3f9-6b09-4365-9d71-55289e083fa5@group-EFD1D20A002C-LeaderElection158] INFO  impl.RoleInfo (RoleInfo.java:updateAndGet(143)) - bf55b3f9-6b09-4365-9d71-55289e083fa5: start FollowerState
2019-10-16 18:00:52,222 [Thread-1129] INFO  impl.FollowerState (FollowerState.java:run(108)) - bf55b3f9-6b09-4365-9d71-55289e083fa5@group-EFD1D20A002C-FollowerState: change to CANDIDATE, lastRpcTime:39ms, electionTimeout:39ms
2019-10-16 18:00:52,222 [Thread-1129] INFO  impl.RoleInfo (RoleInfo.java:shutdownFollowerState(121)) - bf55b3f9-6b09-4365-9d71-55289e083fa5: shutdown FollowerState
2019-10-16 18:00:52,222 [Thread-1129] INFO  impl.RaftServerImpl (RaftServerImpl.java:setRole(184)) - bf55b3f9-6b09-4365-9d71-55289e083fa5@group-EFD1D20A002C: changes role from  FOLLOWER to CANDIDATE at term 181 for changeToCandidate
2019-10-16 18:00:52,223 [Thread-1129] INFO  impl.RoleInfo (RoleInfo.java:updateAndGet(143)) - bf55b3f9-6b09-4365-9d71-55289e083fa5: start LeaderElection
2019-10-16 18:00:52,248 [bf55b3f9-6b09-4365-9d71-55289e083fa5@group-EFD1D20A002C-LeaderElection159] INFO  impl.LeaderElection (LeaderElection.java:askForVotes(178)) - bf55b3f9-6b09-4365-9d71-55289e083fa5@group-EFD1D20A002C-LeaderElection159: begin an election at term 182 for -1: [f4c54511-b161-4347-aec5-5236dc80a0d8:0.0.0.0:41238, 907b9765-214b-4864-b66a-d6e2a5789e5c:0.0.0.0:41650, bf55b3f9-6b09-4365-9d71-55289e083fa5:0.0.0.0:42441], old=null
2019-10-16 18:00:52,251 [grpc-default-executor-3] INFO  impl.RaftServerImpl (RaftServerImpl.java:setRole(184)) - 907b9765-214b-4864-b66a-d6e2a5789e5c@group-EFD1D20A002C: changes role from  FOLLOWER to FOLLOWER at term 182 for recognizeCandidate:bf55b3f9-6b09-4365-9d71-55289e083fa5
2019-10-16 18:00:52,251 [grpc-default-executor-1] INFO  impl.RaftServerImpl (RaftServerImpl.java:setRole(184)) - f4c54511-b161-4347-aec5-5236dc80a0d8@group-EFD1D20A002C: changes role from  FOLLOWER to FOLLOWER at term 182 for recognizeCandidate:bf55b3f9-6b09-4365-9d71-55289e083fa5
2019-10-16 18:00:52,251 [grpc-default-executor-1] INFO  impl.RoleInfo (RoleInfo.java:shutdownFollowerState(121)) - f4c54511-b161-4347-aec5-5236dc80a0d8: shutdown FollowerState
2019-10-16 18:00:52,251 [grpc-default-executor-3] INFO  impl.RoleInfo (RoleInfo.java:shutdownFollowerState(121)) - 907b9765-214b-4864-b66a-d6e2a5789e5c: shutdown FollowerState
2019-10-16 18:00:52,251 [Thread-1128] INFO  impl.FollowerState (FollowerState.java:run(117)) - f4c54511-b161-4347-aec5-5236dc80a0d8@group-EFD1D20A002C-FollowerState was interrupted: java.lang.InterruptedException: sleep interrupted
2019-10-16 18:00:52,251 [grpc-default-executor-1] INFO  impl.RoleInfo (RoleInfo.java:updateAndGet(143)) - f4c54511-b161-4347-aec5-5236dc80a0d8: start FollowerState
2019-10-16 18:00:52,251 [Thread-1127] INFO  impl.FollowerState (FollowerState.java:run(117)) - 907b9765-214b-4864-b66a-d6e2a5789e5c@group-EFD1D20A002C-FollowerState was interrupted: java.lang.InterruptedException: sleep interrupted
2019-10-16 18:00:52,251 [grpc-default-executor-3] INFO  impl.RoleInfo (RoleInfo.java:updateAndGet(143)) - 907b9765-214b-4864-b66a-d6e2a5789e5c: start FollowerState
2019-10-16 18:00:52,275 [bf55b3f9-6b09-4365-9d71-55289e083fa5@group-EFD1D20A002C-LeaderElection159] INFO  impl.LeaderElection (LeaderElection.java:logAndReturn(56)) - bf55b3f9-6b09-4365-9d71-55289e083fa5@group-EFD1D20A002C-LeaderElection159: Election REJECTED; received 2 response(s) [bf55b3f9-6b09-4365-9d71-55289e083fa5<-f4c54511-b161-4347-aec5-5236dc80a0d8#0:FAIL-t182, bf55b3f9-6b09-4365-9d71-55289e083fa5<-907b9765-214b-4864-b66a-d6e2a5789e5c#0:FAIL-t182] and 0 exception(s); bf55b3f9-6b09-4365-9d71-55289e083fa5@group-EFD1D20A002C:t182, leader=null, voted=bf55b3f9-6b09-4365-9d71-55289e083fa5, raftlog=bf55b3f9-6b09-4365-9d71-55289e083fa5@group-EFD1D20A002C-SegmentedRaftLog:OPENED:c-1,f-1,i0, conf=-1: [f4c54511-b161-4347-aec5-5236dc80a0d8:0.0.0.0:41238, 907b9765-214b-4864-b66a-d6e2a5789e5c:0.0.0.0:41650, bf55b3f9-6b09-4365-9d71-55289e083fa5:0.0.0.0:42441], old=null
2019-10-16 18:00:52,275 [bf55b3f9-6b09-4365-9d71-55289e083fa5@group-EFD1D20A002C-LeaderElection159] INFO  impl.RaftServerImpl (RaftServerImpl.java:setRole(184)) - bf55b3f9-6b09-4365-9d71-55289e083fa5@group-EFD1D20A002C: changes role from CANDIDATE to FOLLOWER at term 182 for DISCOVERED_A_NEW_TERM
2019-10-16 18:00:52,275 [bf55b3f9-6b09-4365-9d71-55289e083fa5@group-EFD1D20A002C-LeaderElection159] INFO  impl.RoleInfo (RoleInfo.java:shutdownLeaderElection(134)) - bf55b3f9-6b09-4365-9d71-55289e083fa5: shutdown LeaderElection
2019-10-16 18:00:52,275 [bf55b3f9-6b09-4365-9d71-55289e083fa5@group-EFD1D20A002C-LeaderElection159] INFO  impl.RoleInfo (RoleInfo.java:updateAndGet(143)) - bf55b3f9-6b09-4365-9d71-55289e083fa5: start FollowerState
2019-10-16 18:00:52,354 [Thread-1135] INFO  impl.FollowerState (FollowerState.java:run(108)) - bf55b3f9-6b09-4365-9d71-55289e083fa5@group-EFD1D20A002C-FollowerState: change to CANDIDATE, lastRpcTime:78ms, electionTimeout:78ms
2019-10-16 18:00:52,354 [Thread-1135] INFO  impl.RoleInfo (RoleInfo.java:shutdownFollowerState(121)) - bf55b3f9-6b09-4365-9d71-55289e083fa5: shutdown FollowerState
2019-10-16 18:00:52,354 [Thread-1135] INFO  impl.RaftServerImpl (RaftServerImpl.java:setRole(184)) - bf55b3f9-6b09-4365-9d71-55289e083fa5@group-EFD1D20A002C: changes role from  FOLLOWER to CANDIDATE at term 182 for changeToCandidate
2019-10-16 18:00:52,354 [Thread-1135] INFO  impl.RoleInfo (RoleInfo.java:updateAndGet(143)) - bf55b3f9-6b09-4365-9d71-55289e083fa5: start LeaderElection
2019-10-16 18:00:52,384 [bf55b3f9-6b09-4365-9d71-55289e083fa5@group-EFD1D20A002C-LeaderElection160] INFO  impl.LeaderElection (LeaderElection.java:askForVotes(178)) - bf55b3f9-6b09-4365-9d71-55289e083fa5@group-EFD1D20A002C-LeaderElection160: begin an election at term 183 for -1: [f4c54511-b161-4347-aec5-5236dc80a0d8:0.0.0.0:41238, 907b9765-214b-4864-b66a-d6e2a5789e5c:0.0.0.0:41650, bf55b3f9-6b09-4365-9d71-55289e083fa5:0.0.0.0:42441], old=null
2019-10-16 18:00:52,386 [grpc-default-executor-3] INFO  impl.RaftServerImpl (RaftServerImpl.java:setRole(184)) - f4c54511-b161-4347-aec5-5236dc80a0d8@group-EFD1D20A002C: changes role from  FOLLOWER to FOLLOWER at term 183 for recognizeCandidate:bf55b3f9-6b09-4365-9d71-55289e083fa5
2019-10-16 18:00:52,386 [grpc-default-executor-1] INFO  impl.RaftServerImpl (RaftServerImpl.java:setRole(184)) - 907b9765-214b-4864-b66a-d6e2a5789e5c@group-EFD1D20A002C: changes role from  FOLLOWER to FOLLOWER at term 183 for recognizeCandidate:bf55b3f9-6b09-4365-9d71-55289e083fa5
2019-10-16 18:00:52,387 [grpc-default-executor-1] INFO  impl.RoleInfo (RoleInfo.java:shutdownFollowerState(121)) - 907b9765-214b-4864-b66a-d6e2a5789e5c: shutdown FollowerState
2019-10-16 18:00:52,387 [grpc-default-executor-3] INFO  impl.RoleInfo (RoleInfo.java:shutdownFollowerState(121)) - f4c54511-b161-4347-aec5-5236dc80a0d8: shutdown FollowerState
2019-10-16 18:00:52,387 [Thread-1134] INFO  impl.FollowerState (FollowerState.java:run(117)) - 907b9765-214b-4864-b66a-d6e2a5789e5c@group-EFD1D20A002C-FollowerState was interrupted: java.lang.InterruptedException: sleep interrupted
2019-10-16 18:00:52,387 [grpc-default-executor-1] INFO  impl.RoleInfo (RoleInfo.java:updateAndGet(143)) - 907b9765-214b-4864-b66a-d6e2a5789e5c: start FollowerState
2019-10-16 18:00:52,387 [Thread-1133] INFO  impl.FollowerState (FollowerState.java:run(117)) - f4c54511-b161-4347-aec5-5236dc80a0d8@group-EFD1D20A002C-FollowerState was interrupted: java.lang.InterruptedException: sleep interrupted
2019-10-16 18:00:52,387 [grpc-default-executor-3] INFO  impl.RoleInfo (RoleInfo.java:updateAndGet(143)) - f4c54511-b161-4347-aec5-5236dc80a0d8: start FollowerState
2019-10-16 18:00:52,410 [bf55b3f9-6b09-4365-9d71-55289e083fa5@group-EFD1D20A002C-LeaderElection160] INFO  impl.LeaderElection (LeaderElection.java:logAndReturn(56)) - bf55b3f9-6b09-4365-9d71-55289e083fa5@group-EFD1D20A002C-LeaderElection160: Election REJECTED; received 2 response(s) [bf55b3f9-6b09-4365-9d71-55289e083fa5<-f4c54511-b161-4347-aec5-5236dc80a0d8#0:FAIL-t183, bf55b3f9-6b09-4365-9d71-55289e083fa5<-907b9765-214b-4864-b66a-d6e2a5789e5c#0:FAIL-t183] and 0 exception(s); bf55b3f9-6b09-4365-9d71-55289e083fa5@group-EFD1D20A002C:t183, leader=null, voted=bf55b3f9-6b09-4365-9d71-55289e083fa5, raftlog=bf55b3f9-6b09-4365-9d71-55289e083fa5@group-EFD1D20A002C-SegmentedRaftLog:OPENED:c-1,f-1,i0, conf=-1: [f4c54511-b161-4347-aec5-5236dc80a0d8:0.0.0.0:41238, 907b9765-214b-4864-b66a-d6e2a5789e5c:0.0.0.0:41650, bf55b3f9-6b09-4365-9d71-55289e083fa5:0.0.0.0:42441], old=null
2019-10-16 18:00:52,411 [bf55b3f9-6b09-4365-9d71-55289e083fa5@group-EFD1D20A002C-LeaderElection160] INFO  impl.RaftServerImpl (RaftServerImpl.java:setRole(184)) - bf55b3f9-6b09-4365-9d71-55289e083fa5@group-EFD1D20A002C: changes role from CANDIDATE to FOLLOWER at term 183 for DISCOVERED_A_NEW_TERM
2019-10-16 18:00:52,411 [bf55b3f9-6b09-4365-9d71-55289e083fa5@group-EFD1D20A002C-LeaderElection160] INFO  impl.RoleInfo (RoleInfo.java:shutdownLeaderElection(134)) - bf55b3f9-6b09-4365-9d71-55289e083fa5: shutdown LeaderElection
2019-10-16 18:00:52,411 [bf55b3f9-6b09-4365-9d71-55289e083fa5@group-EFD1D20A002C-LeaderElection160] INFO  impl.RoleInfo (RoleInfo.java:updateAndGet(143)) - bf55b3f9-6b09-4365-9d71-55289e083fa5: start FollowerState
2019-10-16 18:00:52,510 [Thread-1141] INFO  impl.FollowerState (FollowerState.java:run(108)) - bf55b3f9-6b09-4365-9d71-55289e083fa5@group-EFD1D20A002C-FollowerState: change to CANDIDATE, lastRpcTime:99ms, electionTimeout:99ms
2019-10-16 18:00:52,511 [Thread-1141] INFO  impl.RoleInfo (RoleInfo.java:shutdownFollowerState(121)) - bf55b3f9-6b09-4365-9d71-55289e083fa5: shutdown FollowerState
2019-10-16 18:00:52,511 [Thread-1141] INFO  impl.RaftServerImpl (RaftServerImpl.java:setRole(184)) - bf55b3f9-6b09-4365-9d71-55289e083fa5@group-EFD1D20A002C: changes role from  FOLLOWER to CANDIDATE at term 183 for changeToCandidate
2019-10-16 18:00:52,511 [Thread-1141] INFO  impl.RoleInfo (RoleInfo.java:updateAndGet(143)) - bf55b3f9-6b09-4365-9d71-55289e083fa5: start LeaderElection
2019-10-16 18:00:52,543 [bf55b3f9-6b09-4365-9d71-55289e083fa5@group-EFD1D20A002C-LeaderElection161] INFO  impl.LeaderElection (LeaderElection.java:askForVotes(178)) - bf55b3f9-6b09-4365-9d71-55289e083fa5@group-EFD1D20A002C-LeaderElection161: begin an election at term 184 for -1: [f4c54511-b161-4347-aec5-5236dc80a0d8:0.0.0.0:41238, 907b9765-214b-4864-b66a-d6e2a5789e5c:0.0.0.0:41650, bf55b3f9-6b09-4365-9d71-55289e083fa5:0.0.0.0:42441], old=null
2019-10-16 18:00:52,546 [grpc-default-executor-1] INFO  impl.RaftServerImpl (RaftServerImpl.java:setRole(184)) - 907b9765-214b-4864-b66a-d6e2a5789e5c@group-EFD1D20A002C: changes role from  FOLLOWER to FOLLOWER at term 184 for recognizeCandidate:bf55b3f9-6b09-4365-9d71-55289e083fa5
2019-10-16 18:00:52,546 [grpc-default-executor-3] INFO  impl.RaftServerImpl (RaftServerImpl.java:setRole(184)) - f4c54511-b161-4347-aec5-5236dc80a0d8@group-EFD1D20A002C: changes role from  FOLLOWER to FOLLOWER at term 184 for recognizeCandidate:bf55b3f9-6b09-4365-9d71-55289e083fa5
2019-10-16 18:00:52,546 [grpc-default-executor-3] INFO  impl.RoleInfo (RoleInfo.java:shutdownFollowerState(121)) - f4c54511-b161-4347-aec5-5236dc80a0d8: shutdown FollowerState
2019-10-16 18:00:52,546 [grpc-default-executor-1] INFO  impl.RoleInfo (RoleInfo.java:shutdownFollowerState(121)) - 907b9765-214b-4864-b66a-d6e2a5789e5c: shutdown FollowerState
2019-10-16 18:00:52,546 [Thread-1140] INFO  impl.FollowerState (FollowerState.java:run(117)) - f4c54511-b161-4347-aec5-5236dc80a0d8@group-EFD1D20A002C-FollowerState was interrupted: java.lang.InterruptedException: sleep interrupted
2019-10-16 18:00:52,546 [grpc-default-executor-3] INFO  impl.RoleInfo (RoleInfo.java:updateAndGet(143)) - f4c54511-b161-4347-aec5-5236dc80a0d8: start FollowerState
2019-10-16 18:00:52,546 [Thread-1139] INFO  impl.FollowerState (FollowerState.java:run(117)) - 907b9765-214b-4864-b66a-d6e2a5789e5c@group-EFD1D20A002C-FollowerState was interrupted: java.lang.InterruptedException: sleep interrupted
2019-10-16 18:00:52,546 [grpc-default-executor-1] INFO  impl.RoleInfo (RoleInfo.java:updateAndGet(143)) - 907b9765-214b-4864-b66a-d6e2a5789e5c: start FollowerState
2019-10-16 18:00:52,561 [bf55b3f9-6b09-4365-9d71-55289e083fa5@group-EFD1D20A002C-LeaderElection161] INFO  impl.LeaderElection (LeaderElection.java:logAndReturn(56)) - bf55b3f9-6b09-4365-9d71-55289e083fa5@group-EFD1D20A002C-LeaderElection161: Election REJECTED; received 2 response(s) [bf55b3f9-6b09-4365-9d71-55289e083fa5<-f4c54511-b161-4347-aec5-5236dc80a0d8#0:FAIL-t184, bf55b3f9-6b09-4365-9d71-55289e083fa5<-907b9765-214b-4864-b66a-d6e2a5789e5c#0:FAIL-t184] and 0 exception(s); bf55b3f9-6b09-4365-9d71-55289e083fa5@group-EFD1D20A002C:t184, leader=null, voted=bf55b3f9-6b09-4365-9d71-55289e083fa5, raftlog=bf55b3f9-6b09-4365-9d71-55289e083fa5@group-EFD1D20A002C-SegmentedRaftLog:OPENED:c-1,f-1,i0, conf=-1: [f4c54511-b161-4347-aec5-5236dc80a0d8:0.0.0.0:41238, 907b9765-214b-4864-b66a-d6e2a5789e5c:0.0.0.0:41650, bf55b3f9-6b09-4365-9d71-55289e083fa5:0.0.0.0:42441], old=null
2019-10-16 18:00:52,562 [bf55b3f9-6b09-4365-9d71-55289e083fa5@group-EFD1D20A002C-LeaderElection161] INFO  impl.RaftServerImpl (RaftServerImpl.java:setRole(184)) - bf55b3f9-6b09-4365-9d71-55289e083fa5@group-EFD1D20A002C: changes role from CANDIDATE to FOLLOWER at term 184 for DISCOVERED_A_NEW_TERM
2019-10-16 18:00:52,562 [bf55b3f9-6b09-4365-9d71-55289e083fa5@group-EFD1D20A002C-LeaderElection161] INFO  impl.RoleInfo (RoleInfo.java:shutdownLeaderElection(134)) - bf55b3f9-6b09-4365-9d71-55289e083fa5: shutdown LeaderElection
2019-10-16 18:00:52,562 [bf55b3f9-6b09-4365-9d71-55289e083fa5@group-EFD1D20A002C-LeaderElection161] INFO  impl.RoleInfo (RoleInfo.java:updateAndGet(143)) - bf55b3f9-6b09-4365-9d71-55289e083fa5: start FollowerState
2019-10-16 18:00:52,757 [Thread-1147] INFO  impl.FollowerState (FollowerState.java:run(108)) - bf55b3f9-6b09-4365-9d71-55289e083fa5@group-EFD1D20A002C-FollowerState: change to CANDIDATE, lastRpcTime:194ms, electionTimeout:194ms
2019-10-16 18:00:52,757 [Thread-1147] INFO  impl.RoleInfo (RoleInfo.java:shutdownFollowerState(121)) - bf55b3f9-6b09-4365-9d71-55289e083fa5: shutdown FollowerState
2019-10-16 18:00:52,757 [Thread-1147] INFO  impl.RaftServerImpl (RaftServerImpl.java:setRole(184)) - bf55b3f9-6b09-4365-9d71-55289e083fa5@group-EFD1D20A002C: changes role from  FOLLOWER to CANDIDATE at term 184 for changeToCandidate
2019-10-16 18:00:52,757 [Thread-1147] INFO  impl.RoleInfo (RoleInfo.java:updateAndGet(143)) - bf55b3f9-6b09-4365-9d71-55289e083fa5: start LeaderElection
2019-10-16 18:00:52,789 [bf55b3f9-6b09-4365-9d71-55289e083fa5@group-EFD1D20A002C-LeaderElection162] INFO  impl.LeaderElection (LeaderElection.java:askForVotes(178)) - bf55b3f9-6b09-4365-9d71-55289e083fa5@group-EFD1D20A002C-LeaderElection162: begin an election at term 185 for -1: [f4c54511-b161-4347-aec5-5236dc80a0d8:0.0.0.0:41238, 907b9765-214b-4864-b66a-d6e2a5789e5c:0.0.0.0:41650, bf55b3f9-6b09-4365-9d71-55289e083fa5:0.0.0.0:42441], old=null
2019-10-16 18:00:52,791 [grpc-default-executor-3] INFO  impl.RaftServerImpl (RaftServerImpl.java:setRole(184)) - f4c54511-b161-4347-aec5-5236dc80a0d8@group-EFD1D20A002C: changes role from  FOLLOWER to FOLLOWER at term 185 for recognizeCandidate:bf55b3f9-6b09-4365-9d71-55289e083fa5
2019-10-16 18:00:52,791 [grpc-default-executor-1] INFO  impl.RaftServerImpl (RaftServerImpl.java:setRole(184)) - 907b9765-214b-4864-b66a-d6e2a5789e5c@group-EFD1D20A002C: changes role from  FOLLOWER to FOLLOWER at term 185 for recognizeCandidate:bf55b3f9-6b09-4365-9d71-55289e083fa5
2019-10-16 18:00:52,792 [grpc-default-executor-1] INFO  impl.RoleInfo (RoleInfo.java:shutdownFollowerState(121)) - 907b9765-214b-4864-b66a-d6e2a5789e5c: shutdown FollowerState
2019-10-16 18:00:52,791 [grpc-default-executor-3] INFO  impl.RoleInfo (RoleInfo.java:shutdownFollowerState(121)) - f4c54511-b161-4347-aec5-5236dc80a0d8: shutdown FollowerState
2019-10-16 18:00:52,792 [Thread-1146] INFO  impl.FollowerState (FollowerState.java:run(117)) - 907b9765-214b-4864-b66a-d6e2a5789e5c@group-EFD1D20A002C-FollowerState was interrupted: java.lang.InterruptedException: sleep interrupted
2019-10-16 18:00:52,792 [grpc-default-executor-1] INFO  impl.RoleInfo (RoleInfo.java:updateAndGet(143)) - 907b9765-214b-4864-b66a-d6e2a5789e5c: start FollowerState
2019-10-16 18:00:52,792 [Thread-1145] INFO  impl.FollowerState (FollowerState.java:run(117)) - f4c54511-b161-4347-aec5-5236dc80a0d8@group-EFD1D20A002C-FollowerState was interrupted: java.lang.InterruptedException: sleep interrupted
2019-10-16 18:00:52,792 [grpc-default-executor-3] INFO  impl.RoleInfo (RoleInfo.java:updateAndGet(143)) - f4c54511-b161-4347-aec5-5236dc80a0d8: start FollowerState
2019-10-16 18:00:52,815 [bf55b3f9-6b09-4365-9d71-55289e083fa5@group-EFD1D20A002C-LeaderElection162] INFO  impl.LeaderElection (LeaderElection.java:logAndReturn(56)) - bf55b3f9-6b09-4365-9d71-55289e083fa5@group-EFD1D20A002C-LeaderElection162: Election REJECTED; received 2 response(s) [bf55b3f9-6b09-4365-9d71-55289e083fa5<-f4c54511-b161-4347-aec5-5236dc80a0d8#0:FAIL-t185, bf55b3f9-6b09-4365-9d71-55289e083fa5<-907b9765-214b-4864-b66a-d6e2a5789e5c#0:FAIL-t185] and 0 exception(s); bf55b3f9-6b09-4365-9d71-55289e083fa5@group-EFD1D20A002C:t185, leader=null, voted=bf55b3f9-6b09-4365-9d71-55289e083fa5, raftlog=bf55b3f9-6b09-4365-9d71-55289e083fa5@group-EFD1D20A002C-SegmentedRaftLog:OPENED:c-1,f-1,i0, conf=-1: [f4c54511-b161-4347-aec5-5236dc80a0d8:0.0.0.0:41238, 907b9765-214b-4864-b66a-d6e2a5789e5c:0.0.0.0:41650, bf55b3f9-6b09-4365-9d71-55289e083fa5:0.0.0.0:42441], old=null
2019-10-16 18:00:52,815 [bf55b3f9-6b09-4365-9d71-55289e083fa5@group-EFD1D20A002C-LeaderElection162] INFO  impl.RaftServerImpl (RaftServerImpl.java:setRole(184)) - bf55b3f9-6b09-4365-9d71-55289e083fa5@group-EFD1D20A002C: changes role from CANDIDATE to FOLLOWER at term 185 for DISCOVERED_A_NEW_TERM
2019-10-16 18:00:52,815 [bf55b3f9-6b09-4365-9d71-55289e083fa5@group-EFD1D20A002C-LeaderElection162] INFO  impl.RoleInfo (RoleInfo.java:shutdownLeaderElection(134)) - bf55b3f9-6b09-4365-9d71-55289e083fa5: shutdown LeaderElection
2019-10-16 18:00:52,816 [bf55b3f9-6b09-4365-9d71-55289e083fa5@group-EFD1D20A002C-LeaderElection162] INFO  impl.RoleInfo (RoleInfo.java:updateAndGet(143)) - bf55b3f9-6b09-4365-9d71-55289e083fa5: start FollowerState
2019-10-16 18:00:52,992 [Thread-1153] INFO  impl.FollowerState (FollowerState.java:run(108)) - bf55b3f9-6b09-4365-9d71-55289e083fa5@group-EFD1D20A002C-FollowerState: change to CANDIDATE, lastRpcTime:176ms, electionTimeout:176ms
2019-10-16 18:00:52,992 [Thread-1153] INFO  impl.RoleInfo (RoleInfo.java:shutdownFollowerState(121)) - bf55b3f9-6b09-4365-9d71-55289e083fa5: shutdown FollowerState
2019-10-16 18:00:52,992 [Thread-1153] INFO  impl.RaftServerImpl (RaftServerImpl.java:setRole(184)) - bf55b3f9-6b09-4365-9d71-55289e083fa5@group-EFD1D20A002C: changes role from  FOLLOWER to CANDIDATE at term 185 for changeToCandidate
2019-10-16 18:00:52,993 [Thread-1153] INFO  impl.RoleInfo (RoleInfo.java:updateAndGet(143)) - bf55b3f9-6b09-4365-9d71-55289e083fa5: start LeaderElection
2019-10-16 18:00:53,016 [bf55b3f9-6b09-4365-9d71-55289e083fa5@group-EFD1D20A002C-LeaderElection163] INFO  impl.LeaderElection (LeaderElection.java:askForVotes(178)) - bf55b3f9-6b09-4365-9d71-55289e083fa5@group-EFD1D20A002C-LeaderElection163: begin an election at term 186 for -1: [f4c54511-b161-4347-aec5-5236dc80a0d8:0.0.0.0:41238, 907b9765-214b-4864-b66a-d6e2a5789e5c:0.0.0.0:41650, bf55b3f9-6b09-4365-9d71-55289e083fa5:0.0.0.0:42441], old=null
2019-10-16 18:00:53,018 [grpc-default-executor-3] INFO  impl.RaftServerImpl (RaftServerImpl.java:setRole(184)) - f4c54511-b161-4347-aec5-5236dc80a0d8@group-EFD1D20A002C: changes role from  FOLLOWER to FOLLOWER at term 186 for recognizeCandidate:bf55b3f9-6b09-4365-9d71-55289e083fa5
2019-10-16 18:00:53,019 [grpc-default-executor-3] INFO  impl.RoleInfo (RoleInfo.java:shutdownFollowerState(121)) - f4c54511-b161-4347-aec5-5236dc80a0d8: shutdown FollowerState
2019-10-16 18:00:53,019 [grpc-default-executor-3] INFO  impl.RoleInfo (RoleInfo.java:updateAndGet(143)) - f4c54511-b161-4347-aec5-5236dc80a0d8: start FollowerState
2019-10-16 18:00:53,019 [grpc-default-executor-1] INFO  impl.RaftServerImpl (RaftServerImpl.java:setRole(184)) - 907b9765-214b-4864-b66a-d6e2a5789e5c@group-EFD1D20A002C: changes role from  FOLLOWER to FOLLOWER at term 186 for recognizeCandidate:bf55b3f9-6b09-4365-9d71-55289e083fa5
2019-10-16 18:00:53,019 [grpc-default-executor-1] INFO  impl.RoleInfo (RoleInfo.java:shutdownFollowerState(121)) - 907b9765-214b-4864-b66a-d6e2a5789e5c: shutdown FollowerState
2019-10-16 18:00:53,019 [Thread-1152] INFO  impl.FollowerState (FollowerState.java:run(117)) - f4c54511-b161-4347-aec5-5236dc80a0d8@group-EFD1D20A002C-FollowerState was interrupted: java.lang.InterruptedException: sleep interrupted
2019-10-16 18:00:53,019 [Thread-1151] INFO  impl.FollowerState (FollowerState.java:run(117)) - 907b9765-214b-4864-b66a-d6e2a5789e5c@group-EFD1D20A002C-FollowerState was interrupted: java.lang.InterruptedException: sleep interrupted
2019-10-16 18:00:53,019 [grpc-default-executor-1] INFO  impl.RoleInfo (RoleInfo.java:updateAndGet(143)) - 907b9765-214b-4864-b66a-d6e2a5789e5c: start FollowerState
2019-10-16 18:00:53,043 [bf55b3f9-6b09-4365-9d71-55289e083fa5@group-EFD1D20A002C-LeaderElection163] INFO  impl.LeaderElection (LeaderElection.java:logAndReturn(56)) - bf55b3f9-6b09-4365-9d71-55289e083fa5@group-EFD1D20A002C-LeaderElection163: Election REJECTED; received 2 response(s) [bf55b3f9-6b09-4365-9d71-55289e083fa5<-f4c54511-b161-4347-aec5-5236dc80a0d8#0:FAIL-t186, bf55b3f9-6b09-4365-9d71-55289e083fa5<-907b9765-214b-4864-b66a-d6e2a5789e5c#0:FAIL-t186] and 0 exception(s); bf55b3f9-6b09-4365-9d71-55289e083fa5@group-EFD1D20A002C:t186, leader=null, voted=bf55b3f9-6b09-4365-9d71-55289e083fa5, raftlog=bf55b3f9-6b09-4365-9d71-55289e083fa5@group-EFD1D20A002C-SegmentedRaftLog:OPENED:c-1,f-1,i0, conf=-1: [f4c54511-b161-4347-aec5-5236dc80a0d8:0.0.0.0:41238, 907b9765-214b-4864-b66a-d6e2a5789e5c:0.0.0.0:41650, bf55b3f9-6b09-4365-9d71-55289e083fa5:0.0.0.0:42441], old=null
2019-10-16 18:00:53,043 [bf55b3f9-6b09-4365-9d71-55289e083fa5@group-EFD1D20A002C-LeaderElection163] INFO  impl.RaftServerImpl (RaftServerImpl.java:setRole(184)) - bf55b3f9-6b09-4365-9d71-55289e083fa5@group-EFD1D20A002C: changes role from CANDIDATE to FOLLOWER at term 186 for DISCOVERED_A_NEW_TERM
2019-10-16 18:00:53,043 [bf55b3f9-6b09-4365-9d71-55289e083fa5@group-EFD1D20A002C-LeaderElection163] INFO  impl.RoleInfo (RoleInfo.java:shutdownLeaderElection(134)) - bf55b3f9-6b09-4365-9d71-55289e083fa5: shutdown LeaderElection
2019-10-16 18:00:53,043 [bf55b3f9-6b09-4365-9d71-55289e083fa5@group-EFD1D20A002C-LeaderElection163] INFO  impl.RoleInfo (RoleInfo.java:updateAndGet(143)) - bf55b3f9-6b09-4365-9d71-55289e083fa5: start FollowerState
2019-10-16 18:00:53,047 [Thread-1161] INFO  impl.FollowerState (FollowerState.java:run(108)) - bf55b3f9-6b09-4365-9d71-55289e083fa5@group-EFD1D20A002C-FollowerState: change to CANDIDATE, lastRpcTime:4ms, electionTimeout:4ms
2019-10-16 18:00:53,048 [Thread-1161] INFO  impl.RoleInfo (RoleInfo.java:shutdownFollowerState(121)) - bf55b3f9-6b09-4365-9d71-55289e083fa5: shutdown FollowerState
2019-10-16 18:00:53,048 [Thread-1161] INFO  impl.RaftServerImpl (RaftServerImpl.java:setRole(184)) - bf55b3f9-6b09-4365-9d71-55289e083fa5@group-EFD1D20A002C: changes role from  FOLLOWER to CANDIDATE at term 186 for changeToCandidate
2019-10-16 18:00:53,048 [Thread-1161] INFO  impl.RoleInfo (RoleInfo.java:updateAndGet(143)) - bf55b3f9-6b09-4365-9d71-55289e083fa5: start LeaderElection
2019-10-16 18:00:53,076 [bf55b3f9-6b09-4365-9d71-55289e083fa5@group-EFD1D20A002C-LeaderElection164] INFO  impl.LeaderElection (LeaderElection.java:askForVotes(178)) - bf55b3f9-6b09-4365-9d71-55289e083fa5@group-EFD1D20A002C-LeaderElection164: begin an election at term 187 for -1: [f4c54511-b161-4347-aec5-5236dc80a0d8:0.0.0.0:41238, 907b9765-214b-4864-b66a-d6e2a5789e5c:0.0.0.0:41650, bf55b3f9-6b09-4365-9d71-55289e083fa5:0.0.0.0:42441], old=null
2019-10-16 18:00:53,077 [grpc-default-executor-1] INFO  impl.RaftServerImpl (RaftServerImpl.java:setRole(184)) - f4c54511-b161-4347-aec5-5236dc80a0d8@group-EFD1D20A002C: changes role from  FOLLOWER to FOLLOWER at term 187 for recognizeCandidate:bf55b3f9-6b09-4365-9d71-55289e083fa5
2019-10-16 18:00:53,078 [grpc-default-executor-1] INFO  impl.RoleInfo (RoleInfo.java:shutdownFollowerState(121)) - f4c54511-b161-4347-aec5-5236dc80a0d8: shutdown FollowerState
2019-10-16 18:00:53,078 [grpc-default-executor-3] INFO  impl.RaftServerImpl (RaftServerImpl.java:setRole(184)) - 907b9765-214b-4864-b66a-d6e2a5789e5c@group-EFD1D20A002C: changes role from  FOLLOWER to FOLLOWER at term 187 for recognizeCandidate:bf55b3f9-6b09-4365-9d71-55289e083fa5
2019-10-16 18:00:53,078 [Thread-1159] INFO  impl.FollowerState (FollowerState.java:run(117)) - f4c54511-b161-4347-aec5-5236dc80a0d8@group-EFD1D20A002C-FollowerState was interrupted: java.lang.InterruptedException: sleep interrupted
2019-10-16 18:00:53,078 [grpc-default-executor-1] INFO  impl.RoleInfo (RoleInfo.java:updateAndGet(143)) - f4c54511-b161-4347-aec5-5236dc80a0d8: start FollowerState
2019-10-16 18:00:53,078 [grpc-default-executor-3] INFO  impl.RoleInfo (RoleInfo.java:shutdownFollowerState(121)) - 907b9765-214b-4864-b66a-d6e2a5789e5c: shutdown FollowerState
2019-10-16 18:00:53,078 [grpc-default-executor-3] INFO  impl.RoleInfo (RoleInfo.java:updateAndGet(143)) - 907b9765-214b-4864-b66a-d6e2a5789e5c: start FollowerState
2019-10-16 18:00:53,078 [Thread-1160] INFO  impl.FollowerState (FollowerState.java:run(117)) - 907b9765-214b-4864-b66a-d6e2a5789e5c@group-EFD1D20A002C-FollowerState was interrupted: java.lang.InterruptedException: sleep interrupted
2019-10-16 18:00:53,093 [bf55b3f9-6b09-4365-9d71-55289e083fa5@group-EFD1D20A002C-LeaderElection164] INFO  impl.LeaderElection (LeaderElection.java:logAndReturn(56)) - bf55b3f9-6b09-4365-9d71-55289e083fa5@group-EFD1D20A002C-LeaderElection164: Election TIMEOUT; received 0 response(s) [] and 0 exception(s); bf55b3f9-6b09-4365-9d71-55289e083fa5@group-EFD1D20A002C:t187, leader=null, voted=bf55b3f9-6b09-4365-9d71-55289e083fa5, raftlog=bf55b3f9-6b09-4365-9d71-55289e083fa5@group-EFD1D20A002C-SegmentedRaftLog:OPENED:c-1,f-1,i0, conf=-1: [f4c54511-b161-4347-aec5-5236dc80a0d8:0.0.0.0:41238, 907b9765-214b-4864-b66a-d6e2a5789e5c:0.0.0.0:41650, bf55b3f9-6b09-4365-9d71-55289e083fa5:0.0.0.0:42441], old=null
2019-10-16 18:00:53,118 [bf55b3f9-6b09-4365-9d71-55289e083fa5@group-EFD1D20A002C-LeaderElection164] INFO  impl.LeaderElection (LeaderElection.java:askForVotes(178)) - bf55b3f9-6b09-4365-9d71-55289e083fa5@group-EFD1D20A002C-LeaderElection164: begin an election at term 188 for -1: [f4c54511-b161-4347-aec5-5236dc80a0d8:0.0.0.0:41238, 907b9765-214b-4864-b66a-d6e2a5789e5c:0.0.0.0:41650, bf55b3f9-6b09-4365-9d71-55289e083fa5:0.0.0.0:42441], old=null
2019-10-16 18:00:53,120 [grpc-default-executor-1] INFO  impl.RaftServerImpl (RaftServerImpl.java:setRole(184)) - f4c54511-b161-4347-aec5-5236dc80a0d8@group-EFD1D20A002C: changes role from  FOLLOWER to FOLLOWER at term 188 for recognizeCandidate:bf55b3f9-6b09-4365-9d71-55289e083fa5
2019-10-16 18:00:53,120 [grpc-default-executor-1] INFO  impl.RoleInfo (RoleInfo.java:shutdownFollowerState(121)) - f4c54511-b161-4347-aec5-5236dc80a0d8: shutdown FollowerState
2019-10-16 18:00:53,120 [grpc-default-executor-3] INFO  impl.RaftServerImpl (RaftServerImpl.java:setRole(184)) - 907b9765-214b-4864-b66a-d6e2a5789e5c@group-EFD1D20A002C: changes role from  FOLLOWER to FOLLOWER at term 188 for recognizeCandidate:bf55b3f9-6b09-4365-9d71-55289e083fa5
2019-10-16 18:00:53,121 [grpc-default-executor-3] INFO  impl.RoleInfo (RoleInfo.java:shutdownFollowerState(121)) - 907b9765-214b-4864-b66a-d6e2a5789e5c: shutdown FollowerState
2019-10-16 18:00:53,121 [Thread-1165] INFO  impl.FollowerState (FollowerState.java:run(117)) - f4c54511-b161-4347-aec5-5236dc80a0d8@group-EFD1D20A002C-FollowerState was interrupted: java.lang.InterruptedException: sleep interrupted
2019-10-16 18:00:53,120 [grpc-default-executor-1] INFO  impl.RoleInfo (RoleInfo.java:updateAndGet(143)) - f4c54511-b161-4347-aec5-5236dc80a0d8: start FollowerState
2019-10-16 18:00:53,121 [Thread-1166] INFO  impl.FollowerState (FollowerState.java:run(117)) - 907b9765-214b-4864-b66a-d6e2a5789e5c@group-EFD1D20A002C-FollowerState was interrupted: java.lang.InterruptedException: sleep interrupted
2019-10-16 18:00:53,121 [grpc-default-executor-3] INFO  impl.RoleInfo (RoleInfo.java:updateAndGet(143)) - 907b9765-214b-4864-b66a-d6e2a5789e5c: start FollowerState
2019-10-16 18:00:53,145 [bf55b3f9-6b09-4365-9d71-55289e083fa5@group-EFD1D20A002C-LeaderElection164] INFO  impl.LeaderElection (LeaderElection.java:logAndReturn(56)) - bf55b3f9-6b09-4365-9d71-55289e083fa5@group-EFD1D20A002C-LeaderElection164: Election REJECTED; received 2 response(s) [bf55b3f9-6b09-4365-9d71-55289e083fa5<-f4c54511-b161-4347-aec5-5236dc80a0d8#0:FAIL-t188, bf55b3f9-6b09-4365-9d71-55289e083fa5<-907b9765-214b-4864-b66a-d6e2a5789e5c#0:FAIL-t188] and 0 exception(s); bf55b3f9-6b09-4365-9d71-55289e083fa5@group-EFD1D20A002C:t188, leader=null, voted=bf55b3f9-6b09-4365-9d71-55289e083fa5, raftlog=bf55b3f9-6b09-4365-9d71-55289e083fa5@group-EFD1D20A002C-SegmentedRaftLog:OPENED:c-1,f-1,i0, conf=-1: [f4c54511-b161-4347-aec5-5236dc80a0d8:0.0.0.0:41238, 907b9765-214b-4864-b66a-d6e2a5789e5c:0.0.0.0:41650, bf55b3f9-6b09-4365-9d71-55289e083fa5:0.0.0.0:42441], old=null
2019-10-16 18:00:53,145 [bf55b3f9-6b09-4365-9d71-55289e083fa5@group-EFD1D20A002C-LeaderElection164] INFO  impl.RaftServerImpl (RaftServerImpl.java:setRole(184)) - bf55b3f9-6b09-4365-9d71-55289e083fa5@group-EFD1D20A002C: changes role from CANDIDATE to FOLLOWER at term 188 for DISCOVERED_A_NEW_TERM
2019-10-16 18:00:53,145 [bf55b3f9-6b09-4365-9d71-55289e083fa5@group-EFD1D20A002C-LeaderElection164] INFO  impl.RoleInfo (RoleInfo.java:shutdownLeaderElection(134)) - bf55b3f9-6b09-4365-9d71-55289e083fa5: shutdown LeaderElection
2019-10-16 18:00:53,145 [bf55b3f9-6b09-4365-9d71-55289e083fa5@group-EFD1D20A002C-LeaderElection164] INFO  impl.RoleInfo (RoleInfo.java:updateAndGet(143)) - bf55b3f9-6b09-4365-9d71-55289e083fa5: start FollowerState
2019-10-16 18:00:53,232 [Thread-1171] INFO  impl.FollowerState (FollowerState.java:run(108)) - bf55b3f9-6b09-4365-9d71-55289e083fa5@group-EFD1D20A002C-FollowerState: change to CANDIDATE, lastRpcTime:86ms, electionTimeout:86ms
2019-10-16 18:00:53,232 [Thread-1171] INFO  impl.RoleInfo (RoleInfo.java:shutdownFollowerState(121)) - bf55b3f9-6b09-4365-9d71-55289e083fa5: shutdown FollowerState
2019-10-16 18:00:53,232 [Thread-1171] INFO  impl.RaftServerImpl (RaftServerImpl.java:setRole(184)) - bf55b3f9-6b09-4365-9d71-55289e083fa5@group-EFD1D20A002C: changes role from  FOLLOWER to CANDIDATE at term 188 for changeToCandidate
2019-10-16 18:00:53,233 [Thread-1171] INFO  impl.RoleInfo (RoleInfo.java:updateAndGet(143)) - bf55b3f9-6b09-4365-9d71-55289e083fa5: start LeaderElection
2019-10-16 18:00:53,261 [bf55b3f9-6b09-4365-9d71-55289e083fa5@group-EFD1D20A002C-LeaderElection165] INFO  impl.LeaderElection (LeaderElection.java:askForVotes(178)) - bf55b3f9-6b09-4365-9d71-55289e083fa5@group-EFD1D20A002C-LeaderElection165: begin an election at term 189 for -1: [f4c54511-b161-4347-aec5-5236dc80a0d8:0.0.0.0:41238, 907b9765-214b-4864-b66a-d6e2a5789e5c:0.0.0.0:41650, bf55b3f9-6b09-4365-9d71-55289e083fa5:0.0.0.0:42441], old=null
2019-10-16 18:00:53,265 [grpc-default-executor-0] INFO  impl.RaftServerImpl (RaftServerImpl.java:setRole(184)) - 907b9765-214b-4864-b66a-d6e2a5789e5c@group-EFD1D20A002C: changes role from  FOLLOWER to FOLLOWER at term 189 for recognizeCandidate:bf55b3f9-6b09-4365-9d71-55289e083fa5
2019-10-16 18:00:53,265 [grpc-default-executor-0] INFO  impl.RoleInfo (RoleInfo.java:shutdownFollowerState(121)) - 907b9765-214b-4864-b66a-d6e2a5789e5c: shutdown FollowerState
2019-10-16 18:00:53,265 [grpc-default-executor-3] INFO  impl.RaftServerImpl (RaftServerImpl.java:setRole(184)) - f4c54511-b161-4347-aec5-5236dc80a0d8@group-EFD1D20A002C: changes role from  FOLLOWER to FOLLOWER at term 189 for recognizeCandidate:bf55b3f9-6b09-4365-9d71-55289e083fa5
2019-10-16 18:00:53,266 [grpc-default-executor-0] INFO  impl.RoleInfo (RoleInfo.java:updateAndGet(143)) - 907b9765-214b-4864-b66a-d6e2a5789e5c: start FollowerState
2019-10-16 18:00:53,266 [Thread-1170] INFO  impl.FollowerState (FollowerState.java:run(117)) - 907b9765-214b-4864-b66a-d6e2a5789e5c@group-EFD1D20A002C-FollowerState was interrupted: java.lang.InterruptedException: sleep interrupted
2019-10-16 18:00:53,266 [grpc-default-executor-3] INFO  impl.RoleInfo (RoleInfo.java:shutdownFollowerState(121)) - f4c54511-b161-4347-aec5-5236dc80a0d8: shutdown FollowerState
2019-10-16 18:00:53,266 [grpc-default-executor-3] INFO  impl.RoleInfo (RoleInfo.java:updateAndGet(143)) - f4c54511-b161-4347-aec5-5236dc80a0d8: start FollowerState
2019-10-16 18:00:53,266 [Thread-1169] INFO  impl.FollowerState (FollowerState.java:run(117)) - f4c54511-b161-4347-aec5-5236dc80a0d8@group-EFD1D20A002C-FollowerState was interrupted: java.lang.InterruptedException: sleep interrupted
2019-10-16 18:00:53,296 [bf55b3f9-6b09-4365-9d71-55289e083fa5@group-EFD1D20A002C-LeaderElection165] INFO  impl.LeaderElection (LeaderElection.java:logAndReturn(56)) - bf55b3f9-6b09-4365-9d71-55289e083fa5@group-EFD1D20A002C-LeaderElection165: Election REJECTED; received 2 response(s) [bf55b3f9-6b09-4365-9d71-55289e083fa5<-f4c54511-b161-4347-aec5-5236dc80a0d8#0:FAIL-t189, bf55b3f9-6b09-4365-9d71-55289e083fa5<-907b9765-214b-4864-b66a-d6e2a5789e5c#0:FAIL-t189] and 0 exception(s); bf55b3f9-6b09-4365-9d71-55289e083fa5@group-EFD1D20A002C:t189, leader=null, voted=bf55b3f9-6b09-4365-9d71-55289e083fa5, raftlog=bf55b3f9-6b09-4365-9d71-55289e083fa5@group-EFD1D20A002C-SegmentedRaftLog:OPENED:c-1,f-1,i0, conf=-1: [f4c54511-b161-4347-aec5-5236dc80a0d8:0.0.0.0:41238, 907b9765-214b-4864-b66a-d6e2a5789e5c:0.0.0.0:41650, bf55b3f9-6b09-4365-9d71-55289e083fa5:0.0.0.0:42441], old=null
2019-10-16 18:00:53,296 [bf55b3f9-6b09-4365-9d71-55289e083fa5@group-EFD1D20A002C-LeaderElection165] INFO  impl.RaftServerImpl (RaftServerImpl.java:setRole(184)) - bf55b3f9-6b09-4365-9d71-55289e083fa5@group-EFD1D20A002C: changes role from CANDIDATE to FOLLOWER at term 189 for DISCOVERED_A_NEW_TERM
2019-10-16 18:00:53,296 [bf55b3f9-6b09-4365-9d71-55289e083fa5@group-EFD1D20A002C-LeaderElection165] INFO  impl.RoleInfo (RoleInfo.java:shutdownLeaderElection(134)) - bf55b3f9-6b09-4365-9d71-55289e083fa5: shutdown LeaderElection
2019-10-16 18:00:53,296 [bf55b3f9-6b09-4365-9d71-55289e083fa5@group-EFD1D20A002C-LeaderElection165] INFO  impl.RoleInfo (RoleInfo.java:updateAndGet(143)) - bf55b3f9-6b09-4365-9d71-55289e083fa5: start FollowerState
2019-10-16 18:00:53,482 [Thread-1177] INFO  impl.FollowerState (FollowerState.java:run(108)) - bf55b3f9-6b09-4365-9d71-55289e083fa5@group-EFD1D20A002C-FollowerState: change to CANDIDATE, lastRpcTime:185ms, electionTimeout:185ms
2019-10-16 18:00:53,482 [Thread-1177] INFO  impl.RoleInfo (RoleInfo.java:shutdownFollowerState(121)) - bf55b3f9-6b09-4365-9d71-55289e083fa5: shutdown FollowerState
2019-10-16 18:00:53,482 [Thread-1177] INFO  impl.RaftServerImpl (RaftServerImpl.java:setRole(184)) - bf55b3f9-6b09-4365-9d71-55289e083fa5@group-EFD1D20A002C: changes role from  FOLLOWER to CANDIDATE at term 189 for changeToCandidate
2019-10-16 18:00:53,482 [Thread-1177] INFO  impl.RoleInfo (RoleInfo.java:updateAndGet(143)) - bf55b3f9-6b09-4365-9d71-55289e083fa5: start LeaderElection
2019-10-16 18:00:53,505 [bf55b3f9-6b09-4365-9d71-55289e083fa5@group-EFD1D20A002C-LeaderElection166] INFO  impl.LeaderElection (LeaderElection.java:askForVotes(178)) - bf55b3f9-6b09-4365-9d71-55289e083fa5@group-EFD1D20A002C-LeaderElection166: begin an election at term 190 for -1: [f4c54511-b161-4347-aec5-5236dc80a0d8:0.0.0.0:41238, 907b9765-214b-4864-b66a-d6e2a5789e5c:0.0.0.0:41650, bf55b3f9-6b09-4365-9d71-55289e083fa5:0.0.0.0:42441], old=null
2019-10-16 18:00:53,507 [grpc-default-executor-3] INFO  impl.RaftServerImpl (RaftServerImpl.java:setRole(184)) - 907b9765-214b-4864-b66a-d6e2a5789e5c@group-EFD1D20A002C: changes role from  FOLLOWER to FOLLOWER at term 190 for recognizeCandidate:bf55b3f9-6b09-4365-9d71-55289e083fa5
2019-10-16 18:00:53,507 [grpc-default-executor-3] INFO  impl.RoleInfo (RoleInfo.java:shutdownFollowerState(121)) - 907b9765-214b-4864-b66a-d6e2a5789e5c: shutdown FollowerState
2019-10-16 18:00:53,507 [grpc-default-executor-0] INFO  impl.RaftServerImpl (RaftServerImpl.java:setRole(184)) - f4c54511-b161-4347-aec5-5236dc80a0d8@group-EFD1D20A002C: changes role from  FOLLOWER to FOLLOWER at term 190 for recognizeCandidate:bf55b3f9-6b09-4365-9d71-55289e083fa5
2019-10-16 18:00:53,507 [Thread-1175] INFO  impl.FollowerState (FollowerState.java:run(117)) - 907b9765-214b-4864-b66a-d6e2a5789e5c@group-EFD1D20A002C-FollowerState was interrupted: java.lang.InterruptedException: sleep interrupted
2019-10-16 18:00:53,507 [grpc-default-executor-3] INFO  impl.RoleInfo (RoleInfo.java:updateAndGet(143)) - 907b9765-214b-4864-b66a-d6e2a5789e5c: start FollowerState
2019-10-16 18:00:53,507 [grpc-default-executor-0] INFO  impl.RoleInfo (RoleInfo.java:shutdownFollowerState(121)) - f4c54511-b161-4347-aec5-5236dc80a0d8: shutdown FollowerState
2019-10-16 18:00:53,508 [grpc-default-executor-0] INFO  impl.RoleInfo (RoleInfo.java:updateAndGet(143)) - f4c54511-b161-4347-aec5-5236dc80a0d8: start FollowerState
2019-10-16 18:00:53,508 [Thread-1176] INFO  impl.FollowerState (FollowerState.java:run(117)) - f4c54511-b161-4347-aec5-5236dc80a0d8@group-EFD1D20A002C-FollowerState was interrupted: java.lang.InterruptedException: sleep interrupted
2019-10-16 18:00:53,531 [bf55b3f9-6b09-4365-9d71-55289e083fa5@group-EFD1D20A002C-LeaderElection166] INFO  impl.LeaderElection (LeaderElection.java:logAndReturn(56)) - bf55b3f9-6b09-4365-9d71-55289e083fa5@group-EFD1D20A002C-LeaderElection166: Election REJECTED; received 2 response(s) [bf55b3f9-6b09-4365-9d71-55289e083fa5<-f4c54511-b161-4347-aec5-5236dc80a0d8#0:FAIL-t190, bf55b3f9-6b09-4365-9d71-55289e083fa5<-907b9765-214b-4864-b66a-d6e2a5789e5c#0:FAIL-t190] and 0 exception(s); bf55b3f9-6b09-4365-9d71-55289e083fa5@group-EFD1D20A002C:t190, leader=null, voted=bf55b3f9-6b09-4365-9d71-55289e083fa5, raftlog=bf55b3f9-6b09-4365-9d71-55289e083fa5@group-EFD1D20A002C-SegmentedRaftLog:OPENED:c-1,f-1,i0, conf=-1: [f4c54511-b161-4347-aec5-5236dc80a0d8:0.0.0.0:41238, 907b9765-214b-4864-b66a-d6e2a5789e5c:0.0.0.0:41650, bf55b3f9-6b09-4365-9d71-55289e083fa5:0.0.0.0:42441], old=null
2019-10-16 18:00:53,531 [bf55b3f9-6b09-4365-9d71-55289e083fa5@group-EFD1D20A002C-LeaderElection166] INFO  impl.RaftServerImpl (RaftServerImpl.java:setRole(184)) - bf55b3f9-6b09-4365-9d71-55289e083fa5@group-EFD1D20A002C: changes role from CANDIDATE to FOLLOWER at term 190 for DISCOVERED_A_NEW_TERM
2019-10-16 18:00:53,532 [bf55b3f9-6b09-4365-9d71-55289e083fa5@group-EFD1D20A002C-LeaderElection166] INFO  impl.RoleInfo (RoleInfo.java:shutdownLeaderElection(134)) - bf55b3f9-6b09-4365-9d71-55289e083fa5: shutdown LeaderElection
2019-10-16 18:00:53,532 [bf55b3f9-6b09-4365-9d71-55289e083fa5@group-EFD1D20A002C-LeaderElection166] INFO  impl.RoleInfo (RoleInfo.java:updateAndGet(143)) - bf55b3f9-6b09-4365-9d71-55289e083fa5: start FollowerState
2019-10-16 18:00:53,624 [Thread-1183] INFO  impl.FollowerState (FollowerState.java:run(108)) - bf55b3f9-6b09-4365-9d71-55289e083fa5@group-EFD1D20A002C-FollowerState: change to CANDIDATE, lastRpcTime:92ms, electionTimeout:92ms
2019-10-16 18:00:53,624 [Thread-1183] INFO  impl.RoleInfo (RoleInfo.java:shutdownFollowerState(121)) - bf55b3f9-6b09-4365-9d71-55289e083fa5: shutdown FollowerState
2019-10-16 18:00:53,624 [Thread-1183] INFO  impl.RaftServerImpl (RaftServerImpl.java:setRole(184)) - bf55b3f9-6b09-4365-9d71-55289e083fa5@group-EFD1D20A002C: changes role from  FOLLOWER to CANDIDATE at term 190 for changeToCandidate
2019-10-16 18:00:53,625 [Thread-1183] INFO  impl.RoleInfo (RoleInfo.java:updateAndGet(143)) - bf55b3f9-6b09-4365-9d71-55289e083fa5: start LeaderElection
2019-10-16 18:00:53,658 [bf55b3f9-6b09-4365-9d71-55289e083fa5@group-EFD1D20A002C-LeaderElection167] INFO  impl.LeaderElection (LeaderElection.java:askForVotes(178)) - bf55b3f9-6b09-4365-9d71-55289e083fa5@group-EFD1D20A002C-LeaderElection167: begin an election at term 191 for -1: [f4c54511-b161-4347-aec5-5236dc80a0d8:0.0.0.0:41238, 907b9765-214b-4864-b66a-d6e2a5789e5c:0.0.0.0:41650, bf55b3f9-6b09-4365-9d71-55289e083fa5:0.0.0.0:42441], old=null
2019-10-16 18:00:53,661 [grpc-default-executor-0] INFO  impl.RaftServerImpl (RaftServerImpl.java:setRole(184)) - 907b9765-214b-4864-b66a-d6e2a5789e5c@group-EFD1D20A002C: changes role from  FOLLOWER to FOLLOWER at term 191 for recognizeCandidate:bf55b3f9-6b09-4365-9d71-55289e083fa5
2019-10-16 18:00:53,661 [grpc-default-executor-3] INFO  impl.RaftServerImpl (RaftServerImpl.java:setRole(184)) - f4c54511-b161-4347-aec5-5236dc80a0d8@group-EFD1D20A002C: changes role from  FOLLOWER to FOLLOWER at term 191 for recognizeCandidate:bf55b3f9-6b09-4365-9d71-55289e083fa5
2019-10-16 18:00:53,661 [grpc-default-executor-0] INFO  impl.RoleInfo (RoleInfo.java:shutdownFollowerState(121)) - 907b9765-214b-4864-b66a-d6e2a5789e5c: shutdown FollowerState
2019-10-16 18:00:53,661 [grpc-default-executor-3] INFO  impl.RoleInfo (RoleInfo.java:shutdownFollowerState(121)) - f4c54511-b161-4347-aec5-5236dc80a0d8: shutdown FollowerState
2019-10-16 18:00:53,661 [grpc-default-executor-0] INFO  impl.RoleInfo (RoleInfo.java:updateAndGet(143)) - 907b9765-214b-4864-b66a-d6e2a5789e5c: start FollowerState
2019-10-16 18:00:53,661 [Thread-1182] INFO  impl.FollowerState (FollowerState.java:run(117)) - f4c54511-b161-4347-aec5-5236dc80a0d8@group-EFD1D20A002C-FollowerState was interrupted: java.lang.InterruptedException: sleep interrupted
2019-10-16 18:00:53,661 [grpc-default-executor-3] INFO  impl.RoleInfo (RoleInfo.java:updateAndGet(143)) - f4c54511-b161-4347-aec5-5236dc80a0d8: start FollowerState
2019-10-16 18:00:53,661 [Thread-1181] INFO  impl.FollowerState (FollowerState.java:run(117)) - 907b9765-214b-4864-b66a-d6e2a5789e5c@group-EFD1D20A002C-FollowerState was interrupted: java.lang.InterruptedException: sleep interrupted
2019-10-16 18:00:53,685 [bf55b3f9-6b09-4365-9d71-55289e083fa5@group-EFD1D20A002C-LeaderElection167] INFO  impl.LeaderElection (LeaderElection.java:logAndReturn(56)) - bf55b3f9-6b09-4365-9d71-55289e083fa5@group-EFD1D20A002C-LeaderElection167: Election REJECTED; received 2 response(s) [bf55b3f9-6b09-4365-9d71-55289e083fa5<-f4c54511-b161-4347-aec5-5236dc80a0d8#0:FAIL-t191, bf55b3f9-6b09-4365-9d71-55289e083fa5<-907b9765-214b-4864-b66a-d6e2a5789e5c#0:FAIL-t191] and 0 exception(s); bf55b3f9-6b09-4365-9d71-55289e083fa5@group-EFD1D20A002C:t191, leader=null, voted=bf55b3f9-6b09-4365-9d71-55289e083fa5, raftlog=bf55b3f9-6b09-4365-9d71-55289e083fa5@group-EFD1D20A002C-SegmentedRaftLog:OPENED:c-1,f-1,i0, conf=-1: [f4c54511-b161-4347-aec5-5236dc80a0d8:0.0.0.0:41238, 907b9765-214b-4864-b66a-d6e2a5789e5c:0.0.0.0:41650, bf55b3f9-6b09-4365-9d71-55289e083fa5:0.0.0.0:42441], old=null
2019-10-16 18:00:53,685 [bf55b3f9-6b09-4365-9d71-55289e083fa5@group-EFD1D20A002C-LeaderElection167] INFO  impl.RaftServerImpl (RaftServerImpl.java:setRole(184)) - bf55b3f9-6b09-4365-9d71-55289e083fa5@group-EFD1D20A002C: changes role from CANDIDATE to FOLLOWER at term 191 for DISCOVERED_A_NEW_TERM
2019-10-16 18:00:53,685 [bf55b3f9-6b09-4365-9d71-55289e083fa5@group-EFD1D20A002C-LeaderElection167] INFO  impl.RoleInfo (RoleInfo.java:shutdownLeaderElection(134)) - bf55b3f9-6b09-4365-9d71-55289e083fa5: shutdown LeaderElection
2019-10-16 18:00:53,685 [bf55b3f9-6b09-4365-9d71-55289e083fa5@group-EFD1D20A002C-LeaderElection167] INFO  impl.RoleInfo (RoleInfo.java:updateAndGet(143)) - bf55b3f9-6b09-4365-9d71-55289e083fa5: start FollowerState
2019-10-16 18:00:53,746 [Thread-1189] INFO  impl.FollowerState (FollowerState.java:run(108)) - bf55b3f9-6b09-4365-9d71-55289e083fa5@group-EFD1D20A002C-FollowerState: change to CANDIDATE, lastRpcTime:60ms, electionTimeout:60ms
2019-10-16 18:00:53,746 [Thread-1189] INFO  impl.RoleInfo (RoleInfo.java:shutdownFollowerState(121)) - bf55b3f9-6b09-4365-9d71-55289e083fa5: shutdown FollowerState
2019-10-16 18:00:53,746 [Thread-1189] INFO  impl.RaftServerImpl (RaftServerImpl.java:setRole(184)) - bf55b3f9-6b09-4365-9d71-55289e083fa5@group-EFD1D20A002C: changes role from  FOLLOWER to CANDIDATE at term 191 for changeToCandidate
2019-10-16 18:00:53,746 [Thread-1189] INFO  impl.RoleInfo (RoleInfo.java:updateAndGet(143)) - bf55b3f9-6b09-4365-9d71-55289e083fa5: start LeaderElection
2019-10-16 18:00:53,775 [bf55b3f9-6b09-4365-9d71-55289e083fa5@group-EFD1D20A002C-LeaderElection168] INFO  impl.LeaderElection (LeaderElection.java:askForVotes(178)) - bf55b3f9-6b09-4365-9d71-55289e083fa5@group-EFD1D20A002C-LeaderElection168: begin an election at term 192 for -1: [f4c54511-b161-4347-aec5-5236dc80a0d8:0.0.0.0:41238, 907b9765-214b-4864-b66a-d6e2a5789e5c:0.0.0.0:41650, bf55b3f9-6b09-4365-9d71-55289e083fa5:0.0.0.0:42441], old=null
2019-10-16 18:00:53,777 [grpc-default-executor-3] INFO  impl.RaftServerImpl (RaftServerImpl.java:setRole(184)) - f4c54511-b161-4347-aec5-5236dc80a0d8@group-EFD1D20A002C: changes role from  FOLLOWER to FOLLOWER at term 192 for recognizeCandidate:bf55b3f9-6b09-4365-9d71-55289e083fa5
2019-10-16 18:00:53,777 [grpc-default-executor-3] INFO  impl.RoleInfo (RoleInfo.java:shutdownFollowerState(121)) - f4c54511-b161-4347-aec5-5236dc80a0d8: shutdown FollowerState
2019-10-16 18:00:53,777 [grpc-default-executor-0] INFO  impl.RaftServerImpl (RaftServerImpl.java:setRole(184)) - 907b9765-214b-4864-b66a-d6e2a5789e5c@group-EFD1D20A002C: changes role from  FOLLOWER to FOLLOWER at term 192 for recognizeCandidate:bf55b3f9-6b09-4365-9d71-55289e083fa5
2019-10-16 18:00:53,777 [grpc-default-executor-0] INFO  impl.RoleInfo (RoleInfo.java:shutdownFollowerState(121)) - 907b9765-214b-4864-b66a-d6e2a5789e5c: shutdown FollowerState
2019-10-16 18:00:53,777 [Thread-1188] INFO  impl.FollowerState (FollowerState.java:run(117)) - f4c54511-b161-4347-aec5-5236dc80a0d8@group-EFD1D20A002C-FollowerState was interrupted: java.lang.InterruptedException: sleep interrupted
2019-10-16 18:00:53,777 [grpc-default-executor-3] INFO  impl.RoleInfo (RoleInfo.java:updateAndGet(143)) - f4c54511-b161-4347-aec5-5236dc80a0d8: start FollowerState
2019-10-16 18:00:53,778 [Thread-1187] INFO  impl.FollowerState (FollowerState.java:run(117)) - 907b9765-214b-4864-b66a-d6e2a5789e5c@group-EFD1D20A002C-FollowerState was interrupted: java.lang.InterruptedException: sleep interrupted
2019-10-16 18:00:53,778 [grpc-default-executor-0] INFO  impl.RoleInfo (RoleInfo.java:updateAndGet(143)) - 907b9765-214b-4864-b66a-d6e2a5789e5c: start FollowerState
2019-10-16 18:00:53,802 [bf55b3f9-6b09-4365-9d71-55289e083fa5@group-EFD1D20A002C-LeaderElection168] INFO  impl.LeaderElection (LeaderElection.java:logAndReturn(56)) - bf55b3f9-6b09-4365-9d71-55289e083fa5@group-EFD1D20A002C-LeaderElection168: Election REJECTED; received 2 response(s) [bf55b3f9-6b09-4365-9d71-55289e083fa5<-f4c54511-b161-4347-aec5-5236dc80a0d8#0:FAIL-t192, bf55b3f9-6b09-4365-9d71-55289e083fa5<-907b9765-214b-4864-b66a-d6e2a5789e5c#0:FAIL-t192] and 0 exception(s); bf55b3f9-6b09-4365-9d71-55289e083fa5@group-EFD1D20A002C:t192, leader=null, voted=bf55b3f9-6b09-4365-9d71-55289e083fa5, raftlog=bf55b3f9-6b09-4365-9d71-55289e083fa5@group-EFD1D20A002C-SegmentedRaftLog:OPENED:c-1,f-1,i0, conf=-1: [f4c54511-b161-4347-aec5-5236dc80a0d8:0.0.0.0:41238, 907b9765-214b-4864-b66a-d6e2a5789e5c:0.0.0.0:41650, bf55b3f9-6b09-4365-9d71-55289e083fa5:0.0.0.0:42441], old=null
2019-10-16 18:00:53,802 [bf55b3f9-6b09-4365-9d71-55289e083fa5@group-EFD1D20A002C-LeaderElection168] INFO  impl.RaftServerImpl (RaftServerImpl.java:setRole(184)) - bf55b3f9-6b09-4365-9d71-55289e083fa5@group-EFD1D20A002C: changes role from CANDIDATE to FOLLOWER at term 192 for DISCOVERED_A_NEW_TERM
2019-10-16 18:00:53,802 [bf55b3f9-6b09-4365-9d71-55289e083fa5@group-EFD1D20A002C-LeaderElection168] INFO  impl.RoleInfo (RoleInfo.java:shutdownLeaderElection(134)) - bf55b3f9-6b09-4365-9d71-55289e083fa5: shutdown LeaderElection
2019-10-16 18:00:53,802 [bf55b3f9-6b09-4365-9d71-55289e083fa5@group-EFD1D20A002C-LeaderElection168] INFO  impl.RoleInfo (RoleInfo.java:updateAndGet(143)) - bf55b3f9-6b09-4365-9d71-55289e083fa5: start FollowerState
2019-10-16 18:00:53,981 [Thread-1195] INFO  impl.FollowerState (FollowerState.java:run(108)) - bf55b3f9-6b09-4365-9d71-55289e083fa5@group-EFD1D20A002C-FollowerState: change to CANDIDATE, lastRpcTime:178ms, electionTimeout:178ms
2019-10-16 18:00:53,981 [Thread-1195] INFO  impl.RoleInfo (RoleInfo.java:shutdownFollowerState(121)) - bf55b3f9-6b09-4365-9d71-55289e083fa5: shutdown FollowerState
2019-10-16 18:00:53,981 [Thread-1195] INFO  impl.RaftServerImpl (RaftServerImpl.java:setRole(184)) - bf55b3f9-6b09-4365-9d71-55289e083fa5@group-EFD1D20A002C: changes role from  FOLLOWER to CANDIDATE at term 192 for changeToCandidate
2019-10-16 18:00:53,981 [Thread-1195] INFO  impl.RoleInfo (RoleInfo.java:updateAndGet(143)) - bf55b3f9-6b09-4365-9d71-55289e083fa5: start LeaderElection
2019-10-16 18:00:54,010 [bf55b3f9-6b09-4365-9d71-55289e083fa5@group-EFD1D20A002C-LeaderElection169] INFO  impl.LeaderElection (LeaderElection.java:askForVotes(178)) - bf55b3f9-6b09-4365-9d71-55289e083fa5@group-EFD1D20A002C-LeaderElection169: begin an election at term 193 for -1: [f4c54511-b161-4347-aec5-5236dc80a0d8:0.0.0.0:41238, 907b9765-214b-4864-b66a-d6e2a5789e5c:0.0.0.0:41650, bf55b3f9-6b09-4365-9d71-55289e083fa5:0.0.0.0:42441], old=null
2019-10-16 18:00:54,013 [grpc-default-executor-3] INFO  impl.RaftServerImpl (RaftServerImpl.java:setRole(184)) - 907b9765-214b-4864-b66a-d6e2a5789e5c@group-EFD1D20A002C: changes role from  FOLLOWER to FOLLOWER at term 193 for recognizeCandidate:bf55b3f9-6b09-4365-9d71-55289e083fa5
2019-10-16 18:00:54,013 [grpc-default-executor-0] INFO  impl.RaftServerImpl (RaftServerImpl.java:setRole(184)) - f4c54511-b161-4347-aec5-5236dc80a0d8@group-EFD1D20A002C: changes role from  FOLLOWER to FOLLOWER at term 193 for recognizeCandidate:bf55b3f9-6b09-4365-9d71-55289e083fa5
2019-10-16 18:00:54,013 [grpc-default-executor-3] INFO  impl.RoleInfo (RoleInfo.java:shutdownFollowerState(121)) - 907b9765-214b-4864-b66a-d6e2a5789e5c: shutdown FollowerState
2019-10-16 18:00:54,013 [grpc-default-executor-0] INFO  impl.RoleInfo (RoleInfo.java:shutdownFollowerState(121)) - f4c54511-b161-4347-aec5-5236dc80a0d8: shutdown FollowerState
2019-10-16 18:00:54,013 [Thread-1194] INFO  impl.FollowerState (FollowerState.java:run(117)) - 907b9765-214b-4864-b66a-d6e2a5789e5c@group-EFD1D20A002C-FollowerState was interrupted: java.lang.InterruptedException: sleep interrupted
2019-10-16 18:00:54,013 [grpc-default-executor-3] INFO  impl.RoleInfo (RoleInfo.java:updateAndGet(143)) - 907b9765-214b-4864-b66a-d6e2a5789e5c: start FollowerState
2019-10-16 18:00:54,013 [Thread-1193] INFO  impl.FollowerState (FollowerState.java:run(117)) - f4c54511-b161-4347-aec5-5236dc80a0d8@group-EFD1D20A002C-FollowerState was interrupted: java.lang.InterruptedException: sleep interrupted
2019-10-16 18:00:54,013 [grpc-default-executor-0] INFO  impl.RoleInfo (RoleInfo.java:updateAndGet(143)) - f4c54511-b161-4347-aec5-5236dc80a0d8: start FollowerState
2019-10-16 18:00:54,037 [bf55b3f9-6b09-4365-9d71-55289e083fa5@group-EFD1D20A002C-LeaderElection169] INFO  impl.LeaderElection (LeaderElection.java:logAndReturn(56)) - bf55b3f9-6b09-4365-9d71-55289e083fa5@group-EFD1D20A002C-LeaderElection169: Election REJECTED; received 2 response(s) [bf55b3f9-6b09-4365-9d71-55289e083fa5<-f4c54511-b161-4347-aec5-5236dc80a0d8#0:FAIL-t193, bf55b3f9-6b09-4365-9d71-55289e083fa5<-907b9765-214b-4864-b66a-d6e2a5789e5c#0:FAIL-t193] and 0 exception(s); bf55b3f9-6b09-4365-9d71-55289e083fa5@group-EFD1D20A002C:t193, leader=null, voted=bf55b3f9-6b09-4365-9d71-55289e083fa5, raftlog=bf55b3f9-6b09-4365-9d71-55289e083fa5@group-EFD1D20A002C-SegmentedRaftLog:OPENED:c-1,f-1,i0, conf=-1: [f4c54511-b161-4347-aec5-5236dc80a0d8:0.0.0.0:41238, 907b9765-214b-4864-b66a-d6e2a5789e5c:0.0.0.0:41650, bf55b3f9-6b09-4365-9d71-55289e083fa5:0.0.0.0:42441], old=null
2019-10-16 18:00:54,037 [bf55b3f9-6b09-4365-9d71-55289e083fa5@group-EFD1D20A002C-LeaderElection169] INFO  impl.RaftServerImpl (RaftServerImpl.java:setRole(184)) - bf55b3f9-6b09-4365-9d71-55289e083fa5@group-EFD1D20A002C: changes role from CANDIDATE to FOLLOWER at term 193 for DISCOVERED_A_NEW_TERM
2019-10-16 18:00:54,037 [bf55b3f9-6b09-4365-9d71-55289e083fa5@group-EFD1D20A002C-LeaderElection169] INFO  impl.RoleInfo (RoleInfo.java:shutdownLeaderElection(134)) - bf55b3f9-6b09-4365-9d71-55289e083fa5: shutdown LeaderElection
2019-10-16 18:00:54,037 [bf55b3f9-6b09-4365-9d71-55289e083fa5@group-EFD1D20A002C-LeaderElection169] INFO  impl.RoleInfo (RoleInfo.java:updateAndGet(143)) - bf55b3f9-6b09-4365-9d71-55289e083fa5: start FollowerState
2019-10-16 18:00:54,068 [Thread-1203] INFO  impl.FollowerState (FollowerState.java:run(108)) - bf55b3f9-6b09-4365-9d71-55289e083fa5@group-EFD1D20A002C-FollowerState: change to CANDIDATE, lastRpcTime:30ms, electionTimeout:30ms
2019-10-16 18:00:54,068 [Thread-1203] INFO  impl.RoleInfo (RoleInfo.java:shutdownFollowerState(121)) - bf55b3f9-6b09-4365-9d71-55289e083fa5: shutdown FollowerState
2019-10-16 18:00:54,068 [Thread-1203] INFO  impl.RaftServerImpl (RaftServerImpl.java:setRole(184)) - bf55b3f9-6b09-4365-9d71-55289e083fa5@group-EFD1D20A002C: changes role from  FOLLOWER to CANDIDATE at term 193 for changeToCandidate
2019-10-16 18:00:54,068 [Thread-1203] INFO  impl.RoleInfo (RoleInfo.java:updateAndGet(143)) - bf55b3f9-6b09-4365-9d71-55289e083fa5: start LeaderElection
2019-10-16 18:00:54,095 [bf55b3f9-6b09-4365-9d71-55289e083fa5@group-EFD1D20A002C-LeaderElection170] INFO  impl.LeaderElection (LeaderElection.java:askForVotes(178)) - bf55b3f9-6b09-4365-9d71-55289e083fa5@group-EFD1D20A002C-LeaderElection170: begin an election at term 194 for -1: [f4c54511-b161-4347-aec5-5236dc80a0d8:0.0.0.0:41238, 907b9765-214b-4864-b66a-d6e2a5789e5c:0.0.0.0:41650, bf55b3f9-6b09-4365-9d71-55289e083fa5:0.0.0.0:42441], old=null
2019-10-16 18:00:54,098 [grpc-default-executor-3] INFO  impl.RaftServerImpl (RaftServerImpl.java:setRole(184)) - f4c54511-b161-4347-aec5-5236dc80a0d8@group-EFD1D20A002C: changes role from  FOLLOWER to FOLLOWER at term 194 for recognizeCandidate:bf55b3f9-6b09-4365-9d71-55289e083fa5
2019-10-16 18:00:54,098 [grpc-default-executor-3] INFO  impl.RoleInfo (RoleInfo.java:shutdownFollowerState(121)) - f4c54511-b161-4347-aec5-5236dc80a0d8: shutdown FollowerState
2019-10-16 18:00:54,098 [grpc-default-executor-3] INFO  impl.RoleInfo (RoleInfo.java:updateAndGet(143)) - f4c54511-b161-4347-aec5-5236dc80a0d8: start FollowerState
2019-10-16 18:00:54,098 [grpc-default-executor-0] INFO  impl.RaftServerImpl (RaftServerImpl.java:setRole(184)) - 907b9765-214b-4864-b66a-d6e2a5789e5c@group-EFD1D20A002C: changes role from  FOLLOWER to FOLLOWER at term 194 for recognizeCandidate:bf55b3f9-6b09-4365-9d71-55289e083fa5
2019-10-16 18:00:54,098 [Thread-1202] INFO  impl.FollowerState (FollowerState.java:run(117)) - f4c54511-b161-4347-aec5-5236dc80a0d8@group-EFD1D20A002C-FollowerState was interrupted: java.lang.InterruptedException: sleep interrupted
2019-10-16 18:00:54,099 [grpc-default-executor-0] INFO  impl.RoleInfo (RoleInfo.java:shutdownFollowerState(121)) - 907b9765-214b-4864-b66a-d6e2a5789e5c: shutdown FollowerState
2019-10-16 18:00:54,099 [grpc-default-executor-0] INFO  impl.RoleInfo (RoleInfo.java:updateAndGet(143)) - 907b9765-214b-4864-b66a-d6e2a5789e5c: start FollowerState
2019-10-16 18:00:54,099 [Thread-1201] INFO  impl.FollowerState (FollowerState.java:run(117)) - 907b9765-214b-4864-b66a-d6e2a5789e5c@group-EFD1D20A002C-FollowerState was interrupted: java.lang.InterruptedException: sleep interrupted
2019-10-16 18:00:54,121 [bf55b3f9-6b09-4365-9d71-55289e083fa5@group-EFD1D20A002C-LeaderElection170] INFO  impl.LeaderElection (LeaderElection.java:logAndReturn(56)) - bf55b3f9-6b09-4365-9d71-55289e083fa5@group-EFD1D20A002C-LeaderElection170: Election REJECTED; received 2 response(s) [bf55b3f9-6b09-4365-9d71-55289e083fa5<-f4c54511-b161-4347-aec5-5236dc80a0d8#0:FAIL-t194, bf55b3f9-6b09-4365-9d71-55289e083fa5<-907b9765-214b-4864-b66a-d6e2a5789e5c#0:FAIL-t194] and 0 exception(s); bf55b3f9-6b09-4365-9d71-55289e083fa5@group-EFD1D20A002C:t194, leader=null, voted=bf55b3f9-6b09-4365-9d71-55289e083fa5, raftlog=bf55b3f9-6b09-4365-9d71-55289e083fa5@group-EFD1D20A002C-SegmentedRaftLog:OPENED:c-1,f-1,i0, conf=-1: [f4c54511-b161-4347-aec5-5236dc80a0d8:0.0.0.0:41238, 907b9765-214b-4864-b66a-d6e2a5789e5c:0.0.0.0:41650, bf55b3f9-6b09-4365-9d71-55289e083fa5:0.0.0.0:42441], old=null
2019-10-16 18:00:54,121 [bf55b3f9-6b09-4365-9d71-55289e083fa5@group-EFD1D20A002C-LeaderElection170] INFO  impl.RaftServerImpl (RaftServerImpl.java:setRole(184)) - bf55b3f9-6b09-4365-9d71-55289e083fa5@group-EFD1D20A002C: changes role from CANDIDATE to FOLLOWER at term 194 for DISCOVERED_A_NEW_TERM
2019-10-16 18:00:54,122 [bf55b3f9-6b09-4365-9d71-55289e083fa5@group-EFD1D20A002C-LeaderElection170] INFO  impl.RoleInfo (RoleInfo.java:shutdownLeaderElection(134)) - bf55b3f9-6b09-4365-9d71-55289e083fa5: shutdown LeaderElection
2019-10-16 18:00:54,122 [bf55b3f9-6b09-4365-9d71-55289e083fa5@group-EFD1D20A002C-LeaderElection170] INFO  impl.RoleInfo (RoleInfo.java:updateAndGet(143)) - bf55b3f9-6b09-4365-9d71-55289e083fa5: start FollowerState
2019-10-16 18:00:54,306 [Thread-1209] INFO  impl.FollowerState (FollowerState.java:run(108)) - bf55b3f9-6b09-4365-9d71-55289e083fa5@group-EFD1D20A002C-FollowerState: change to CANDIDATE, lastRpcTime:184ms, electionTimeout:184ms
2019-10-16 18:00:54,306 [Thread-1209] INFO  impl.RoleInfo (RoleInfo.java:shutdownFollowerState(121)) - bf55b3f9-6b09-4365-9d71-55289e083fa5: shutdown FollowerState
2019-10-16 18:00:54,306 [Thread-1209] INFO  impl.RaftServerImpl (RaftServerImpl.java:setRole(184)) - bf55b3f9-6b09-4365-9d71-55289e083fa5@group-EFD1D20A002C: changes role from  FOLLOWER to CANDIDATE at term 194 for changeToCandidate
2019-10-16 18:00:54,306 [Thread-1209] INFO  impl.RoleInfo (RoleInfo.java:updateAndGet(143)) - bf55b3f9-6b09-4365-9d71-55289e083fa5: start LeaderElection
2019-10-16 18:00:54,331 [bf55b3f9-6b09-4365-9d71-55289e083fa5@group-EFD1D20A002C-LeaderElection171] INFO  impl.LeaderElection (LeaderElection.java:askForVotes(178)) - bf55b3f9-6b09-4365-9d71-55289e083fa5@group-EFD1D20A002C-LeaderElection171: begin an election at term 195 for -1: [f4c54511-b161-4347-aec5-5236dc80a0d8:0.0.0.0:41238, 907b9765-214b-4864-b66a-d6e2a5789e5c:0.0.0.0:41650, bf55b3f9-6b09-4365-9d71-55289e083fa5:0.0.0.0:42441], old=null
2019-10-16 18:00:54,333 [grpc-default-executor-3] INFO  impl.RaftServerImpl (RaftServerImpl.java:setRole(184)) - f4c54511-b161-4347-aec5-5236dc80a0d8@group-EFD1D20A002C: changes role from  FOLLOWER to FOLLOWER at term 195 for recognizeCandidate:bf55b3f9-6b09-4365-9d71-55289e083fa5
2019-10-16 18:00:54,333 [grpc-default-executor-0] INFO  impl.RaftServerImpl (RaftServerImpl.java:setRole(184)) - 907b9765-214b-4864-b66a-d6e2a5789e5c@group-EFD1D20A002C: changes role from  FOLLOWER to FOLLOWER at term 195 for recognizeCandidate:bf55b3f9-6b09-4365-9d71-55289e083fa5
2019-10-16 18:00:54,333 [grpc-default-executor-3] INFO  impl.RoleInfo (RoleInfo.java:shutdownFollowerState(121)) - f4c54511-b161-4347-aec5-5236dc80a0d8: shutdown FollowerState
2019-10-16 18:00:54,333 [grpc-default-executor-0] INFO  impl.RoleInfo (RoleInfo.java:shutdownFollowerState(121)) - 907b9765-214b-4864-b66a-d6e2a5789e5c: shutdown FollowerState
2019-10-16 18:00:54,333 [Thread-1207] INFO  impl.FollowerState (FollowerState.java:run(117)) - f4c54511-b161-4347-aec5-5236dc80a0d8@group-EFD1D20A002C-FollowerState was interrupted: java.lang.InterruptedException: sleep interrupted
2019-10-16 18:00:54,333 [grpc-default-executor-3] INFO  impl.RoleInfo (RoleInfo.java:updateAndGet(143)) - f4c54511-b161-4347-aec5-5236dc80a0d8: start FollowerState
2019-10-16 18:00:54,333 [Thread-1208] INFO  impl.FollowerState (FollowerState.java:run(117)) - 907b9765-214b-4864-b66a-d6e2a5789e5c@group-EFD1D20A002C-FollowerState was interrupted: java.lang.InterruptedException: sleep interrupted
2019-10-16 18:00:54,333 [grpc-default-executor-0] INFO  impl.RoleInfo (RoleInfo.java:updateAndGet(143)) - 907b9765-214b-4864-b66a-d6e2a5789e5c: start FollowerState
2019-10-16 18:00:54,357 [bf55b3f9-6b09-4365-9d71-55289e083fa5@group-EFD1D20A002C-LeaderElection171] INFO  impl.LeaderElection (LeaderElection.java:logAndReturn(56)) - bf55b3f9-6b09-4365-9d71-55289e083fa5@group-EFD1D20A002C-LeaderElection171: Election REJECTED; received 2 response(s) [bf55b3f9-6b09-4365-9d71-55289e083fa5<-f4c54511-b161-4347-aec5-5236dc80a0d8#0:FAIL-t195, bf55b3f9-6b09-4365-9d71-55289e083fa5<-907b9765-214b-4864-b66a-d6e2a5789e5c#0:FAIL-t195] and 0 exception(s); bf55b3f9-6b09-4365-9d71-55289e083fa5@group-EFD1D20A002C:t195, leader=null, voted=bf55b3f9-6b09-4365-9d71-55289e083fa5, raftlog=bf55b3f9-6b09-4365-9d71-55289e083fa5@group-EFD1D20A002C-SegmentedRaftLog:OPENED:c-1,f-1,i0, conf=-1: [f4c54511-b161-4347-aec5-5236dc80a0d8:0.0.0.0:41238, 907b9765-214b-4864-b66a-d6e2a5789e5c:0.0.0.0:41650, bf55b3f9-6b09-4365-9d71-55289e083fa5:0.0.0.0:42441], old=null
2019-10-16 18:00:54,358 [bf55b3f9-6b09-4365-9d71-55289e083fa5@group-EFD1D20A002C-LeaderElection171] INFO  impl.RaftServerImpl (RaftServerImpl.java:setRole(184)) - bf55b3f9-6b09-4365-9d71-55289e083fa5@group-EFD1D20A002C: changes role from CANDIDATE to FOLLOWER at term 195 for DISCOVERED_A_NEW_TERM
2019-10-16 18:00:54,358 [bf55b3f9-6b09-4365-9d71-55289e083fa5@group-EFD1D20A002C-LeaderElection171] INFO  impl.RoleInfo (RoleInfo.java:shutdownLeaderElection(134)) - bf55b3f9-6b09-4365-9d71-55289e083fa5: shutdown LeaderElection
2019-10-16 18:00:54,358 [bf55b3f9-6b09-4365-9d71-55289e083fa5@group-EFD1D20A002C-LeaderElection171] INFO  impl.RoleInfo (RoleInfo.java:updateAndGet(143)) - bf55b3f9-6b09-4365-9d71-55289e083fa5: start FollowerState
2019-10-16 18:00:54,377 [Thread-1215] INFO  impl.FollowerState (FollowerState.java:run(108)) - bf55b3f9-6b09-4365-9d71-55289e083fa5@group-EFD1D20A002C-FollowerState: change to CANDIDATE, lastRpcTime:19ms, electionTimeout:19ms
2019-10-16 18:00:54,378 [Thread-1215] INFO  impl.RoleInfo (RoleInfo.java:shutdownFollowerState(121)) - bf55b3f9-6b09-4365-9d71-55289e083fa5: shutdown FollowerState
2019-10-16 18:00:54,378 [Thread-1215] INFO  impl.RaftServerImpl (RaftServerImpl.java:setRole(184)) - bf55b3f9-6b09-4365-9d71-55289e083fa5@group-EFD1D20A002C: changes role from  FOLLOWER to CANDIDATE at term 195 for changeToCandidate
2019-10-16 18:00:54,378 [Thread-1215] INFO  impl.RoleInfo (RoleInfo.java:updateAndGet(143)) - bf55b3f9-6b09-4365-9d71-55289e083fa5: start LeaderElection
2019-10-16 18:00:54,408 [bf55b3f9-6b09-4365-9d71-55289e083fa5@group-EFD1D20A002C-LeaderElection172] INFO  impl.LeaderElection (LeaderElection.java:askForVotes(178)) - bf55b3f9-6b09-4365-9d71-55289e083fa5@group-EFD1D20A002C-LeaderElection172: begin an election at term 196 for -1: [f4c54511-b161-4347-aec5-5236dc80a0d8:0.0.0.0:41238, 907b9765-214b-4864-b66a-d6e2a5789e5c:0.0.0.0:41650, bf55b3f9-6b09-4365-9d71-55289e083fa5:0.0.0.0:42441], old=null
2019-10-16 18:00:54,410 [grpc-default-executor-3] INFO  impl.RaftServerImpl (RaftServerImpl.java:setRole(184)) - 907b9765-214b-4864-b66a-d6e2a5789e5c@group-EFD1D20A002C: changes role from  FOLLOWER to FOLLOWER at term 196 for recognizeCandidate:bf55b3f9-6b09-4365-9d71-55289e083fa5
2019-10-16 18:00:54,410 [grpc-default-executor-3] INFO  impl.RoleInfo (RoleInfo.java:shutdownFollowerState(121)) - 907b9765-214b-4864-b66a-d6e2a5789e5c: shutdown FollowerState
2019-10-16 18:00:54,410 [grpc-default-executor-3] INFO  impl.RoleInfo (RoleInfo.java:updateAndGet(143)) - 907b9765-214b-4864-b66a-d6e2a5789e5c: start FollowerState
2019-10-16 18:00:54,410 [Thread-1214] INFO  impl.FollowerState (FollowerState.java:run(117)) - 907b9765-214b-4864-b66a-d6e2a5789e5c@group-EFD1D20A002C-FollowerState was interrupted: java.lang.InterruptedException: sleep interrupted
2019-10-16 18:00:54,410 [grpc-default-executor-0] INFO  impl.RaftServerImpl (RaftServerImpl.java:setRole(184)) - f4c54511-b161-4347-aec5-5236dc80a0d8@group-EFD1D20A002C: changes role from  FOLLOWER to FOLLOWER at term 196 for recognizeCandidate:bf55b3f9-6b09-4365-9d71-55289e083fa5
2019-10-16 18:00:54,410 [grpc-default-executor-0] INFO  impl.RoleInfo (RoleInfo.java:shutdownFollowerState(121)) - f4c54511-b161-4347-aec5-5236dc80a0d8: shutdown FollowerState
2019-10-16 18:00:54,410 [grpc-default-executor-0] INFO  impl.RoleInfo (RoleInfo.java:updateAndGet(143)) - f4c54511-b161-4347-aec5-5236dc80a0d8: start FollowerState
2019-10-16 18:00:54,410 [Thread-1213] INFO  impl.FollowerState (FollowerState.java:run(117)) - f4c54511-b161-4347-aec5-5236dc80a0d8@group-EFD1D20A002C-FollowerState was interrupted: java.lang.InterruptedException: sleep interrupted
2019-10-16 18:00:54,434 [bf55b3f9-6b09-4365-9d71-55289e083fa5@group-EFD1D20A002C-LeaderElection172] INFO  impl.LeaderElection (LeaderElection.java:logAndReturn(56)) - bf55b3f9-6b09-4365-9d71-55289e083fa5@group-EFD1D20A002C-LeaderElection172: Election REJECTED; received 2 response(s) [bf55b3f9-6b09-4365-9d71-55289e083fa5<-f4c54511-b161-4347-aec5-5236dc80a0d8#0:FAIL-t196, bf55b3f9-6b09-4365-9d71-55289e083fa5<-907b9765-214b-4864-b66a-d6e2a5789e5c#0:FAIL-t196] and 0 exception(s); bf55b3f9-6b09-4365-9d71-55289e083fa5@group-EFD1D20A002C:t196, leader=null, voted=bf55b3f9-6b09-4365-9d71-55289e083fa5, raftlog=bf55b3f9-6b09-4365-9d71-55289e083fa5@group-EFD1D20A002C-SegmentedRaftLog:OPENED:c-1,f-1,i0, conf=-1: [f4c54511-b161-4347-aec5-5236dc80a0d8:0.0.0.0:41238, 907b9765-214b-4864-b66a-d6e2a5789e5c:0.0.0.0:41650, bf55b3f9-6b09-4365-9d71-55289e083fa5:0.0.0.0:42441], old=null
2019-10-16 18:00:54,434 [bf55b3f9-6b09-4365-9d71-55289e083fa5@group-EFD1D20A002C-LeaderElection172] INFO  impl.RaftServerImpl (RaftServerImpl.java:setRole(184)) - bf55b3f9-6b09-4365-9d71-55289e083fa5@group-EFD1D20A002C: changes role from CANDIDATE to FOLLOWER at term 196 for DISCOVERED_A_NEW_TERM
2019-10-16 18:00:54,435 [bf55b3f9-6b09-4365-9d71-55289e083fa5@group-EFD1D20A002C-LeaderElection172] INFO  impl.RoleInfo (RoleInfo.java:shutdownLeaderElection(134)) - bf55b3f9-6b09-4365-9d71-55289e083fa5: shutdown LeaderElection
2019-10-16 18:00:54,435 [bf55b3f9-6b09-4365-9d71-55289e083fa5@group-EFD1D20A002C-LeaderElection172] INFO  impl.RoleInfo (RoleInfo.java:updateAndGet(143)) - bf55b3f9-6b09-4365-9d71-55289e083fa5: start FollowerState
2019-10-16 18:00:54,591 [Thread-1221] INFO  impl.FollowerState (FollowerState.java:run(108)) - bf55b3f9-6b09-4365-9d71-55289e083fa5@group-EFD1D20A002C-FollowerState: change to CANDIDATE, lastRpcTime:156ms, electionTimeout:156ms
2019-10-16 18:00:54,591 [Thread-1221] INFO  impl.RoleInfo (RoleInfo.java:shutdownFollowerState(121)) - bf55b3f9-6b09-4365-9d71-55289e083fa5: shutdown FollowerState
2019-10-16 18:00:54,592 [Thread-1221] INFO  impl.RaftServerImpl (RaftServerImpl.java:setRole(184)) - bf55b3f9-6b09-4365-9d71-55289e083fa5@group-EFD1D20A002C: changes role from  FOLLOWER to CANDIDATE at term 196 for changeToCandidate
2019-10-16 18:00:54,592 [Thread-1221] INFO  impl.RoleInfo (RoleInfo.java:updateAndGet(143)) - bf55b3f9-6b09-4365-9d71-55289e083fa5: start LeaderElection
2019-10-16 18:00:54,618 [bf55b3f9-6b09-4365-9d71-55289e083fa5@group-EFD1D20A002C-LeaderElection173] INFO  impl.LeaderElection (LeaderElection.java:askForVotes(178)) - bf55b3f9-6b09-4365-9d71-55289e083fa5@group-EFD1D20A002C-LeaderElection173: begin an election at term 197 for -1: [f4c54511-b161-4347-aec5-5236dc80a0d8:0.0.0.0:41238, 907b9765-214b-4864-b66a-d6e2a5789e5c:0.0.0.0:41650, bf55b3f9-6b09-4365-9d71-55289e083fa5:0.0.0.0:42441], old=null
2019-10-16 18:00:54,634 [grpc-default-executor-0] INFO  impl.RaftServerImpl (RaftServerImpl.java:setRole(184)) - 907b9765-214b-4864-b66a-d6e2a5789e5c@group-EFD1D20A002C: changes role from  FOLLOWER to FOLLOWER at term 197 for recognizeCandidate:bf55b3f9-6b09-4365-9d71-55289e083fa5
2019-10-16 18:00:54,634 [grpc-default-executor-3] INFO  impl.RaftServerImpl (RaftServerImpl.java:setRole(184)) - f4c54511-b161-4347-aec5-5236dc80a0d8@group-EFD1D20A002C: changes role from  FOLLOWER to FOLLOWER at term 197 for recognizeCandidate:bf55b3f9-6b09-4365-9d71-55289e083fa5
2019-10-16 18:00:54,634 [grpc-default-executor-0] INFO  impl.RoleInfo (RoleInfo.java:shutdownFollowerState(121)) - 907b9765-214b-4864-b66a-d6e2a5789e5c: shutdown FollowerState
2019-10-16 18:00:54,634 [grpc-default-executor-3] INFO  impl.RoleInfo (RoleInfo.java:shutdownFollowerState(121)) - f4c54511-b161-4347-aec5-5236dc80a0d8: shutdown FollowerState
2019-10-16 18:00:54,634 [Thread-1219] INFO  impl.FollowerState (FollowerState.java:run(117)) - 907b9765-214b-4864-b66a-d6e2a5789e5c@group-EFD1D20A002C-FollowerState was interrupted: java.lang.InterruptedException: sleep interrupted
2019-10-16 18:00:54,634 [grpc-default-executor-0] INFO  impl.RoleInfo (RoleInfo.java:updateAndGet(143)) - 907b9765-214b-4864-b66a-d6e2a5789e5c: start FollowerState
2019-10-16 18:00:54,634 [grpc-default-executor-3] INFO  impl.RoleInfo (RoleInfo.java:updateAndGet(143)) - f4c54511-b161-4347-aec5-5236dc80a0d8: start FollowerState
2019-10-16 18:00:54,634 [Thread-1220] INFO  impl.FollowerState (FollowerState.java:run(117)) - f4c54511-b161-4347-aec5-5236dc80a0d8@group-EFD1D20A002C-FollowerState was interrupted: java.lang.InterruptedException: sleep interrupted
2019-10-16 18:00:54,658 [bf55b3f9-6b09-4365-9d71-55289e083fa5@group-EFD1D20A002C-LeaderElection173] INFO  impl.LeaderElection (LeaderElection.java:logAndReturn(56)) - bf55b3f9-6b09-4365-9d71-55289e083fa5@group-EFD1D20A002C-LeaderElection173: Election REJECTED; received 2 response(s) [bf55b3f9-6b09-4365-9d71-55289e083fa5<-f4c54511-b161-4347-aec5-5236dc80a0d8#0:FAIL-t197, bf55b3f9-6b09-4365-9d71-55289e083fa5<-907b9765-214b-4864-b66a-d6e2a5789e5c#0:FAIL-t197] and 0 exception(s); bf55b3f9-6b09-4365-9d71-55289e083fa5@group-EFD1D20A002C:t197, leader=null, voted=bf55b3f9-6b09-4365-9d71-55289e083fa5, raftlog=bf55b3f9-6b09-4365-9d71-55289e083fa5@group-EFD1D20A002C-SegmentedRaftLog:OPENED:c-1,f-1,i0, conf=-1: [f4c54511-b161-4347-aec5-5236dc80a0d8:0.0.0.0:41238, 907b9765-214b-4864-b66a-d6e2a5789e5c:0.0.0.0:41650, bf55b3f9-6b09-4365-9d71-55289e083fa5:0.0.0.0:42441], old=null
2019-10-16 18:00:54,658 [bf55b3f9-6b09-4365-9d71-55289e083fa5@group-EFD1D20A002C-LeaderElection173] INFO  impl.RaftServerImpl (RaftServerImpl.java:setRole(184)) - bf55b3f9-6b09-4365-9d71-55289e083fa5@group-EFD1D20A002C: changes role from CANDIDATE to FOLLOWER at term 197 for DISCOVERED_A_NEW_TERM
2019-10-16 18:00:54,658 [bf55b3f9-6b09-4365-9d71-55289e083fa5@group-EFD1D20A002C-LeaderElection173] INFO  impl.RoleInfo (RoleInfo.java:shutdownLeaderElection(134)) - bf55b3f9-6b09-4365-9d71-55289e083fa5: shutdown LeaderElection
2019-10-16 18:00:54,658 [bf55b3f9-6b09-4365-9d71-55289e083fa5@group-EFD1D20A002C-LeaderElection173] INFO  impl.RoleInfo (RoleInfo.java:updateAndGet(143)) - bf55b3f9-6b09-4365-9d71-55289e083fa5: start FollowerState
2019-10-16 18:00:54,705 [Thread-1227] INFO  impl.FollowerState (FollowerState.java:run(108)) - bf55b3f9-6b09-4365-9d71-55289e083fa5@group-EFD1D20A002C-FollowerState: change to CANDIDATE, lastRpcTime:46ms, electionTimeout:46ms
2019-10-16 18:00:54,705 [Thread-1227] INFO  impl.RoleInfo (RoleInfo.java:shutdownFollowerState(121)) - bf55b3f9-6b09-4365-9d71-55289e083fa5: shutdown FollowerState
2019-10-16 18:00:54,705 [Thread-1227] INFO  impl.RaftServerImpl (RaftServerImpl.java:setRole(184)) - bf55b3f9-6b09-4365-9d71-55289e083fa5@group-EFD1D20A002C: changes role from  FOLLOWER to CANDIDATE at term 197 for changeToCandidate
2019-10-16 18:00:54,705 [Thread-1227] INFO  impl.RoleInfo (RoleInfo.java:updateAndGet(143)) - bf55b3f9-6b09-4365-9d71-55289e083fa5: start LeaderElection
2019-10-16 18:00:54,731 [bf55b3f9-6b09-4365-9d71-55289e083fa5@group-EFD1D20A002C-LeaderElection174] INFO  impl.LeaderElection (LeaderElection.java:askForVotes(178)) - bf55b3f9-6b09-4365-9d71-55289e083fa5@group-EFD1D20A002C-LeaderElection174: begin an election at term 198 for -1: [f4c54511-b161-4347-aec5-5236dc80a0d8:0.0.0.0:41238, 907b9765-214b-4864-b66a-d6e2a5789e5c:0.0.0.0:41650, bf55b3f9-6b09-4365-9d71-55289e083fa5:0.0.0.0:42441], old=null
2019-10-16 18:00:54,733 [grpc-default-executor-3] INFO  impl.RaftServerImpl (RaftServerImpl.java:setRole(184)) - f4c54511-b161-4347-aec5-5236dc80a0d8@group-EFD1D20A002C: changes role from  FOLLOWER to FOLLOWER at term 198 for recognizeCandidate:bf55b3f9-6b09-4365-9d71-55289e083fa5
2019-10-16 18:00:54,733 [grpc-default-executor-3] INFO  impl.RoleInfo (RoleInfo.java:shutdownFollowerState(121)) - f4c54511-b161-4347-aec5-5236dc80a0d8: shutdown FollowerState
2019-10-16 18:00:54,733 [grpc-default-executor-3] INFO  impl.RoleInfo (RoleInfo.java:updateAndGet(143)) - f4c54511-b161-4347-aec5-5236dc80a0d8: start FollowerState
2019-10-16 18:00:54,733 [Thread-1226] INFO  impl.FollowerState (FollowerState.java:run(117)) - f4c54511-b161-4347-aec5-5236dc80a0d8@group-EFD1D20A002C-FollowerState was interrupted: java.lang.InterruptedException: sleep interrupted
2019-10-16 18:00:54,734 [grpc-default-executor-0] INFO  impl.RaftServerImpl (RaftServerImpl.java:setRole(184)) - 907b9765-214b-4864-b66a-d6e2a5789e5c@group-EFD1D20A002C: changes role from  FOLLOWER to FOLLOWER at term 198 for recognizeCandidate:bf55b3f9-6b09-4365-9d71-55289e083fa5
2019-10-16 18:00:54,734 [grpc-default-executor-0] INFO  impl.RoleInfo (RoleInfo.java:shutdownFollowerState(121)) - 907b9765-214b-4864-b66a-d6e2a5789e5c: shutdown FollowerState
2019-10-16 18:00:54,734 [grpc-default-executor-0] INFO  impl.RoleInfo (RoleInfo.java:updateAndGet(143)) - 907b9765-214b-4864-b66a-d6e2a5789e5c: start FollowerState
2019-10-16 18:00:54,734 [Thread-1225] INFO  impl.FollowerState (FollowerState.java:run(117)) - 907b9765-214b-4864-b66a-d6e2a5789e5c@group-EFD1D20A002C-FollowerState was interrupted: java.lang.InterruptedException: sleep interrupted
2019-10-16 18:00:54,757 [bf55b3f9-6b09-4365-9d71-55289e083fa5@group-EFD1D20A002C-LeaderElection174] INFO  impl.LeaderElection (LeaderElection.java:logAndReturn(56)) - bf55b3f9-6b09-4365-9d71-55289e083fa5@group-EFD1D20A002C-LeaderElection174: Election REJECTED; received 2 response(s) [bf55b3f9-6b09-4365-9d71-55289e083fa5<-f4c54511-b161-4347-aec5-5236dc80a0d8#0:FAIL-t198, bf55b3f9-6b09-4365-9d71-55289e083fa5<-907b9765-214b-4864-b66a-d6e2a5789e5c#0:FAIL-t198] and 0 exception(s); bf55b3f9-6b09-4365-9d71-55289e083fa5@group-EFD1D20A002C:t198, leader=null, voted=bf55b3f9-6b09-4365-9d71-55289e083fa5, raftlog=bf55b3f9-6b09-4365-9d71-55289e083fa5@group-EFD1D20A002C-SegmentedRaftLog:OPENED:c-1,f-1,i0, conf=-1: [f4c54511-b161-4347-aec5-5236dc80a0d8:0.0.0.0:41238, 907b9765-214b-4864-b66a-d6e2a5789e5c:0.0.0.0:41650, bf55b3f9-6b09-4365-9d71-55289e083fa5:0.0.0.0:42441], old=null
2019-10-16 18:00:54,757 [bf55b3f9-6b09-4365-9d71-55289e083fa5@group-EFD1D20A002C-LeaderElection174] INFO  impl.RaftServerImpl (RaftServerImpl.java:setRole(184)) - bf55b3f9-6b09-4365-9d71-55289e083fa5@group-EFD1D20A002C: changes role from CANDIDATE to FOLLOWER at term 198 for DISCOVERED_A_NEW_TERM
2019-10-16 18:00:54,758 [bf55b3f9-6b09-4365-9d71-55289e083fa5@group-EFD1D20A002C-LeaderElection174] INFO  impl.RoleInfo (RoleInfo.java:shutdownLeaderElection(134)) - bf55b3f9-6b09-4365-9d71-55289e083fa5: shutdown LeaderElection
2019-10-16 18:00:54,758 [bf55b3f9-6b09-4365-9d71-55289e083fa5@group-EFD1D20A002C-LeaderElection174] INFO  impl.RoleInfo (RoleInfo.java:updateAndGet(143)) - bf55b3f9-6b09-4365-9d71-55289e083fa5: start FollowerState
2019-10-16 18:00:54,840 [Thread-1233] INFO  impl.FollowerState (FollowerState.java:run(108)) - bf55b3f9-6b09-4365-9d71-55289e083fa5@group-EFD1D20A002C-FollowerState: change to CANDIDATE, lastRpcTime:82ms, electionTimeout:82ms
2019-10-16 18:00:54,840 [Thread-1233] INFO  impl.RoleInfo (RoleInfo.java:shutdownFollowerState(121)) - bf55b3f9-6b09-4365-9d71-55289e083fa5: shutdown FollowerState
2019-10-16 18:00:54,841 [Thread-1233] INFO  impl.RaftServerImpl (RaftServerImpl.java:setRole(184)) - bf55b3f9-6b09-4365-9d71-55289e083fa5@group-EFD1D20A002C: changes role from  FOLLOWER to CANDIDATE at term 198 for changeToCandidate
2019-10-16 18:00:54,841 [Thread-1233] INFO  impl.RoleInfo (RoleInfo.java:updateAndGet(143)) - bf55b3f9-6b09-4365-9d71-55289e083fa5: start LeaderElection
2019-10-16 18:00:54,880 [bf55b3f9-6b09-4365-9d71-55289e083fa5@group-EFD1D20A002C-LeaderElection175] INFO  impl.LeaderElection (LeaderElection.java:askForVotes(178)) - bf55b3f9-6b09-4365-9d71-55289e083fa5@group-EFD1D20A002C-LeaderElection175: begin an election at term 199 for -1: [f4c54511-b161-4347-aec5-5236dc80a0d8:0.0.0.0:41238, 907b9765-214b-4864-b66a-d6e2a5789e5c:0.0.0.0:41650, bf55b3f9-6b09-4365-9d71-55289e083fa5:0.0.0.0:42441], old=null
2019-10-16 18:00:54,882 [grpc-default-executor-0] INFO  impl.RaftServerImpl (RaftServerImpl.java:setRole(184)) - f4c54511-b161-4347-aec5-5236dc80a0d8@group-EFD1D20A002C: changes role from  FOLLOWER to FOLLOWER at term 199 for recognizeCandidate:bf55b3f9-6b09-4365-9d71-55289e083fa5
2019-10-16 18:00:54,882 [grpc-default-executor-0] INFO  impl.RoleInfo (RoleInfo.java:shutdownFollowerState(121)) - f4c54511-b161-4347-aec5-5236dc80a0d8: shutdown FollowerState
2019-10-16 18:00:54,882 [grpc-default-executor-3] INFO  impl.RaftServerImpl (RaftServerImpl.java:setRole(184)) - 907b9765-214b-4864-b66a-d6e2a5789e5c@group-EFD1D20A002C: changes role from  FOLLOWER to FOLLOWER at term 199 for recognizeCandidate:bf55b3f9-6b09-4365-9d71-55289e083fa5
2019-10-16 18:00:54,882 [Thread-1231] INFO  impl.FollowerState (FollowerState.java:run(117)) - f4c54511-b161-4347-aec5-5236dc80a0d8@group-EFD1D20A002C-FollowerState was interrupted: java.lang.InterruptedException: sleep interrupted
2019-10-16 18:00:54,882 [grpc-default-executor-0] INFO  impl.RoleInfo (RoleInfo.java:updateAndGet(143)) - f4c54511-b161-4347-aec5-5236dc80a0d8: start FollowerState
2019-10-16 18:00:54,882 [grpc-default-executor-3] INFO  impl.RoleInfo (RoleInfo.java:shutdownFollowerState(121)) - 907b9765-214b-4864-b66a-d6e2a5789e5c: shutdown FollowerState
2019-10-16 18:00:54,883 [grpc-default-executor-3] INFO  impl.RoleInfo (RoleInfo.java:updateAndGet(143)) - 907b9765-214b-4864-b66a-d6e2a5789e5c: start FollowerState
2019-10-16 18:00:54,883 [Thread-1232] INFO  impl.FollowerState (FollowerState.java:run(117)) - 907b9765-214b-4864-b66a-d6e2a5789e5c@group-EFD1D20A002C-FollowerState was interrupted: java.lang.InterruptedException: sleep interrupted
2019-10-16 18:00:54,906 [bf55b3f9-6b09-4365-9d71-55289e083fa5@group-EFD1D20A002C-LeaderElection175] INFO  impl.LeaderElection (LeaderElection.java:logAndReturn(56)) - bf55b3f9-6b09-4365-9d71-55289e083fa5@group-EFD1D20A002C-LeaderElection175: Election REJECTED; received 2 response(s) [bf55b3f9-6b09-4365-9d71-55289e083fa5<-f4c54511-b161-4347-aec5-5236dc80a0d8#0:FAIL-t199, bf55b3f9-6b09-4365-9d71-55289e083fa5<-907b9765-214b-4864-b66a-d6e2a5789e5c#0:FAIL-t199] and 0 exception(s); bf55b3f9-6b09-4365-9d71-55289e083fa5@group-EFD1D20A002C:t199, leader=null, voted=bf55b3f9-6b09-4365-9d71-55289e083fa5, raftlog=bf55b3f9-6b09-4365-9d71-55289e083fa5@group-EFD1D20A002C-SegmentedRaftLog:OPENED:c-1,f-1,i0, conf=-1: [f4c54511-b161-4347-aec5-5236dc80a0d8:0.0.0.0:41238, 907b9765-214b-4864-b66a-d6e2a5789e5c:0.0.0.0:41650, bf55b3f9-6b09-4365-9d71-55289e083fa5:0.0.0.0:42441], old=null
2019-10-16 18:00:54,906 [bf55b3f9-6b09-4365-9d71-55289e083fa5@group-EFD1D20A002C-LeaderElection175] INFO  impl.RaftServerImpl (RaftServerImpl.java:setRole(184)) - bf55b3f9-6b09-4365-9d71-55289e083fa5@group-EFD1D20A002C: changes role from CANDIDATE to FOLLOWER at term 199 for DISCOVERED_A_NEW_TERM
2019-10-16 18:00:54,906 [bf55b3f9-6b09-4365-9d71-55289e083fa5@group-EFD1D20A002C-LeaderElection175] INFO  impl.RoleInfo (RoleInfo.java:shutdownLeaderElection(134)) - bf55b3f9-6b09-4365-9d71-55289e083fa5: shutdown LeaderElection
2019-10-16 18:00:54,906 [bf55b3f9-6b09-4365-9d71-55289e083fa5@group-EFD1D20A002C-LeaderElection175] INFO  impl.RoleInfo (RoleInfo.java:updateAndGet(143)) - bf55b3f9-6b09-4365-9d71-55289e083fa5: start FollowerState
2019-10-16 18:00:55,057 [Thread-1241] INFO  impl.FollowerState (FollowerState.java:run(108)) - bf55b3f9-6b09-4365-9d71-55289e083fa5@group-EFD1D20A002C-FollowerState: change to CANDIDATE, lastRpcTime:150ms, electionTimeout:150ms
2019-10-16 18:00:55,057 [Thread-1241] INFO  impl.RoleInfo (RoleInfo.java:shutdownFollowerState(121)) - bf55b3f9-6b09-4365-9d71-55289e083fa5: shutdown FollowerState
2019-10-16 18:00:55,057 [Thread-1241] INFO  impl.RaftServerImpl (RaftServerImpl.java:setRole(184)) - bf55b3f9-6b09-4365-9d71-55289e083fa5@group-EFD1D20A002C: changes role from  FOLLOWER to CANDIDATE at term 199 for changeToCandidate
2019-10-16 18:00:55,057 [Thread-1241] INFO  impl.RoleInfo (RoleInfo.java:updateAndGet(143)) - bf55b3f9-6b09-4365-9d71-55289e083fa5: start LeaderElection
2019-10-16 18:00:55,073 [bf55b3f9-6b09-4365-9d71-55289e083fa5@group-EFD1D20A002C-LeaderElection176] INFO  impl.LeaderElection (LeaderElection.java:askForVotes(178)) - bf55b3f9-6b09-4365-9d71-55289e083fa5@group-EFD1D20A002C-LeaderElection176: begin an election at term 200 for -1: [f4c54511-b161-4347-aec5-5236dc80a0d8:0.0.0.0:41238, 907b9765-214b-4864-b66a-d6e2a5789e5c:0.0.0.0:41650, bf55b3f9-6b09-4365-9d71-55289e083fa5:0.0.0.0:42441], old=null
2019-10-16 18:00:55,075 [grpc-default-executor-3] INFO  impl.RaftServerImpl (RaftServerImpl.java:setRole(184)) - 907b9765-214b-4864-b66a-d6e2a5789e5c@group-EFD1D20A002C: changes role from  FOLLOWER to FOLLOWER at term 200 for recognizeCandidate:bf55b3f9-6b09-4365-9d71-55289e083fa5
2019-10-16 18:00:55,075 [grpc-default-executor-0] INFO  impl.RaftServerImpl (RaftServerImpl.java:setRole(184)) - f4c54511-b161-4347-aec5-5236dc80a0d8@group-EFD1D20A002C: changes role from  FOLLOWER to FOLLOWER at term 200 for recognizeCandidate:bf55b3f9-6b09-4365-9d71-55289e083fa5
2019-10-16 18:00:55,075 [grpc-default-executor-3] INFO  impl.RoleInfo (RoleInfo.java:shutdownFollowerState(121)) - 907b9765-214b-4864-b66a-d6e2a5789e5c: shutdown FollowerState
2019-10-16 18:00:55,075 [grpc-default-executor-0] INFO  impl.RoleInfo (RoleInfo.java:shutdownFollowerState(121)) - f4c54511-b161-4347-aec5-5236dc80a0d8: shutdown FollowerState
2019-10-16 18:00:55,075 [Thread-1240] INFO  impl.FollowerState (FollowerState.java:run(117)) - 907b9765-214b-4864-b66a-d6e2a5789e5c@group-EFD1D20A002C-FollowerState was interrupted: java.lang.InterruptedException: sleep interrupted
2019-10-16 18:00:55,075 [grpc-default-executor-3] INFO  impl.RoleInfo (RoleInfo.java:updateAndGet(143)) - 907b9765-214b-4864-b66a-d6e2a5789e5c: start FollowerState
2019-10-16 18:00:55,075 [Thread-1239] INFO  impl.FollowerState (FollowerState.java:run(117)) - f4c54511-b161-4347-aec5-5236dc80a0d8@group-EFD1D20A002C-FollowerState was interrupted: java.lang.InterruptedException: sleep interrupted
2019-10-16 18:00:55,075 [grpc-default-executor-0] INFO  impl.RoleInfo (RoleInfo.java:updateAndGet(143)) - f4c54511-b161-4347-aec5-5236dc80a0d8: start FollowerState
2019-10-16 18:00:55,099 [bf55b3f9-6b09-4365-9d71-55289e083fa5@group-EFD1D20A002C-LeaderElection176] INFO  impl.LeaderElection (LeaderElection.java:logAndReturn(56)) - bf55b3f9-6b09-4365-9d71-55289e083fa5@group-EFD1D20A002C-LeaderElection176: Election REJECTED; received 2 response(s) [bf55b3f9-6b09-4365-9d71-55289e083fa5<-f4c54511-b161-4347-aec5-5236dc80a0d8#0:FAIL-t200, bf55b3f9-6b09-4365-9d71-55289e083fa5<-907b9765-214b-4864-b66a-d6e2a5789e5c#0:FAIL-t200] and 0 exception(s); bf55b3f9-6b09-4365-9d71-55289e083fa5@group-EFD1D20A002C:t200, leader=null, voted=bf55b3f9-6b09-4365-9d71-55289e083fa5, raftlog=bf55b3f9-6b09-4365-9d71-55289e083fa5@group-EFD1D20A002C-SegmentedRaftLog:OPENED:c-1,f-1,i0, conf=-1: [f4c54511-b161-4347-aec5-5236dc80a0d8:0.0.0.0:41238, 907b9765-214b-4864-b66a-d6e2a5789e5c:0.0.0.0:41650, bf55b3f9-6b09-4365-9d71-55289e083fa5:0.0.0.0:42441], old=null
2019-10-16 18:00:55,099 [bf55b3f9-6b09-4365-9d71-55289e083fa5@group-EFD1D20A002C-LeaderElection176] INFO  impl.RaftServerImpl (RaftServerImpl.java:setRole(184)) - bf55b3f9-6b09-4365-9d71-55289e083fa5@group-EFD1D20A002C: changes role from CANDIDATE to FOLLOWER at term 200 for DISCOVERED_A_NEW_TERM
2019-10-16 18:00:55,099 [bf55b3f9-6b09-4365-9d71-55289e083fa5@group-EFD1D20A002C-LeaderElection176] INFO  impl.RoleInfo (RoleInfo.java:shutdownLeaderElection(134)) - bf55b3f9-6b09-4365-9d71-55289e083fa5: shutdown LeaderElection
2019-10-16 18:00:55,099 [bf55b3f9-6b09-4365-9d71-55289e083fa5@group-EFD1D20A002C-LeaderElection176] INFO  impl.RoleInfo (RoleInfo.java:updateAndGet(143)) - bf55b3f9-6b09-4365-9d71-55289e083fa5: start FollowerState
2019-10-16 18:00:55,144 [Thread-1247] INFO  impl.FollowerState (FollowerState.java:run(108)) - bf55b3f9-6b09-4365-9d71-55289e083fa5@group-EFD1D20A002C-FollowerState: change to CANDIDATE, lastRpcTime:44ms, electionTimeout:44ms
2019-10-16 18:00:55,147 [Thread-1247] INFO  impl.RoleInfo (RoleInfo.java:shutdownFollowerState(121)) - bf55b3f9-6b09-4365-9d71-55289e083fa5: shutdown FollowerState
2019-10-16 18:00:55,148 [Thread-1247] INFO  impl.RaftServerImpl (RaftServerImpl.java:setRole(184)) - bf55b3f9-6b09-4365-9d71-55289e083fa5@group-EFD1D20A002C: changes role from  FOLLOWER to CANDIDATE at term 200 for changeToCandidate
2019-10-16 18:00:55,149 [Thread-1247] INFO  impl.RoleInfo (RoleInfo.java:updateAndGet(143)) - bf55b3f9-6b09-4365-9d71-55289e083fa5: start LeaderElection
2019-10-16 18:00:55,207 [bf55b3f9-6b09-4365-9d71-55289e083fa5@group-EFD1D20A002C-LeaderElection177] INFO  impl.LeaderElection (LeaderElection.java:askForVotes(178)) - bf55b3f9-6b09-4365-9d71-55289e083fa5@group-EFD1D20A002C-LeaderElection177: begin an election at term 201 for -1: [f4c54511-b161-4347-aec5-5236dc80a0d8:0.0.0.0:41238, 907b9765-214b-4864-b66a-d6e2a5789e5c:0.0.0.0:41650, bf55b3f9-6b09-4365-9d71-55289e083fa5:0.0.0.0:42441], old=null
2019-10-16 18:00:55,212 [bf55b3f9-6b09-4365-9d71-55289e083fa5@group-EFD1D20A002C-LeaderElection177] INFO  impl.LeaderElection (LeaderElection.java:logAndReturn(56)) - bf55b3f9-6b09-4365-9d71-55289e083fa5@group-EFD1D20A002C-LeaderElection177: Election TIMEOUT; received 0 response(s) [] and 0 exception(s); bf55b3f9-6b09-4365-9d71-55289e083fa5@group-EFD1D20A002C:t201, leader=null, voted=bf55b3f9-6b09-4365-9d71-55289e083fa5, raftlog=bf55b3f9-6b09-4365-9d71-55289e083fa5@group-EFD1D20A002C-SegmentedRaftLog:OPENED:c-1,f-1,i0, conf=-1: [f4c54511-b161-4347-aec5-5236dc80a0d8:0.0.0.0:41238, 907b9765-214b-4864-b66a-d6e2a5789e5c:0.0.0.0:41650, bf55b3f9-6b09-4365-9d71-55289e083fa5:0.0.0.0:42441], old=null
2019-10-16 18:00:55,214 [grpc-default-executor-0] INFO  impl.RaftServerImpl (RaftServerImpl.java:setRole(184)) - f4c54511-b161-4347-aec5-5236dc80a0d8@group-EFD1D20A002C: changes role from  FOLLOWER to FOLLOWER at term 201 for recognizeCandidate:bf55b3f9-6b09-4365-9d71-55289e083fa5
2019-10-16 18:00:55,214 [grpc-default-executor-3] INFO  impl.RaftServerImpl (RaftServerImpl.java:setRole(184)) - 907b9765-214b-4864-b66a-d6e2a5789e5c@group-EFD1D20A002C: changes role from  FOLLOWER to FOLLOWER at term 201 for recognizeCandidate:bf55b3f9-6b09-4365-9d71-55289e083fa5
2019-10-16 18:00:55,214 [grpc-default-executor-3] INFO  impl.RoleInfo (RoleInfo.java:shutdownFollowerState(121)) - 907b9765-214b-4864-b66a-d6e2a5789e5c: shutdown FollowerState
2019-10-16 18:00:55,214 [grpc-default-executor-0] INFO  impl.RoleInfo (RoleInfo.java:shutdownFollowerState(121)) - f4c54511-b161-4347-aec5-5236dc80a0d8: shutdown FollowerState
2019-10-16 18:00:55,215 [grpc-default-executor-3] INFO  impl.RoleInfo (RoleInfo.java:updateAndGet(143)) - 907b9765-214b-4864-b66a-d6e2a5789e5c: start FollowerState
2019-10-16 18:00:55,215 [grpc-default-executor-0] INFO  impl.RoleInfo (RoleInfo.java:updateAndGet(143)) - f4c54511-b161-4347-aec5-5236dc80a0d8: start FollowerState
2019-10-16 18:00:55,215 [Thread-1245] INFO  impl.FollowerState (FollowerState.java:run(117)) - 907b9765-214b-4864-b66a-d6e2a5789e5c@group-EFD1D20A002C-FollowerState was interrupted: java.lang.InterruptedException: sleep interrupted
2019-10-16 18:00:55,215 [Thread-1246] INFO  impl.FollowerState (FollowerState.java:run(117)) - f4c54511-b161-4347-aec5-5236dc80a0d8@group-EFD1D20A002C-FollowerState was interrupted: java.lang.InterruptedException: sleep interrupted
2019-10-16 18:00:55,242 [bf55b3f9-6b09-4365-9d71-55289e083fa5@group-EFD1D20A002C-LeaderElection177] INFO  impl.LeaderElection (LeaderElection.java:askForVotes(178)) - bf55b3f9-6b09-4365-9d71-55289e083fa5@group-EFD1D20A002C-LeaderElection177: begin an election at term 202 for -1: [f4c54511-b161-4347-aec5-5236dc80a0d8:0.0.0.0:41238, 907b9765-214b-4864-b66a-d6e2a5789e5c:0.0.0.0:41650, bf55b3f9-6b09-4365-9d71-55289e083fa5:0.0.0.0:42441], old=null
2019-10-16 18:00:55,245 [grpc-default-executor-3] INFO  impl.RaftServerImpl (RaftServerImpl.java:setRole(184)) - 907b9765-214b-4864-b66a-d6e2a5789e5c@group-EFD1D20A002C: changes role from  FOLLOWER to FOLLOWER at term 202 for recognizeCandidate:bf55b3f9-6b09-4365-9d71-55289e083fa5
2019-10-16 18:00:55,245 [grpc-default-executor-3] INFO  impl.RoleInfo (RoleInfo.java:shutdownFollowerState(121)) - 907b9765-214b-4864-b66a-d6e2a5789e5c: shutdown FollowerState
2019-10-16 18:00:55,245 [grpc-default-executor-3] INFO  impl.RoleInfo (RoleInfo.java:updateAndGet(143)) - 907b9765-214b-4864-b66a-d6e2a5789e5c: start FollowerState
2019-10-16 18:00:55,245 [Thread-1251] INFO  impl.FollowerState (FollowerState.java:run(117)) - 907b9765-214b-4864-b66a-d6e2a5789e5c@group-EFD1D20A002C-FollowerState was interrupted: java.lang.InterruptedException: sleep interrupted
2019-10-16 18:00:55,245 [grpc-default-executor-0] INFO  impl.RaftServerImpl (RaftServerImpl.java:setRole(184)) - f4c54511-b161-4347-aec5-5236dc80a0d8@group-EFD1D20A002C: changes role from  FOLLOWER to FOLLOWER at term 202 for recognizeCandidate:bf55b3f9-6b09-4365-9d71-55289e083fa5
2019-10-16 18:00:55,246 [grpc-default-executor-0] INFO  impl.RoleInfo (RoleInfo.java:shutdownFollowerState(121)) - f4c54511-b161-4347-aec5-5236dc80a0d8: shutdown FollowerState
2019-10-16 18:00:55,246 [grpc-default-executor-0] INFO  impl.RoleInfo (RoleInfo.java:updateAndGet(143)) - f4c54511-b161-4347-aec5-5236dc80a0d8: start FollowerState
2019-10-16 18:00:55,246 [Thread-1252] INFO  impl.FollowerState (FollowerState.java:run(117)) - f4c54511-b161-4347-aec5-5236dc80a0d8@group-EFD1D20A002C-FollowerState was interrupted: java.lang.InterruptedException: sleep interrupted
2019-10-16 18:00:55,258 [bf55b3f9-6b09-4365-9d71-55289e083fa5@group-EFD1D20A002C-LeaderElection177] INFO  impl.LeaderElection (LeaderElection.java:logAndReturn(56)) - bf55b3f9-6b09-4365-9d71-55289e083fa5@group-EFD1D20A002C-LeaderElection177: Election TIMEOUT; received 0 response(s) [] and 0 exception(s); bf55b3f9-6b09-4365-9d71-55289e083fa5@group-EFD1D20A002C:t202, leader=null, voted=bf55b3f9-6b09-4365-9d71-55289e083fa5, raftlog=bf55b3f9-6b09-4365-9d71-55289e083fa5@group-EFD1D20A002C-SegmentedRaftLog:OPENED:c-1,f-1,i0, conf=-1: [f4c54511-b161-4347-aec5-5236dc80a0d8:0.0.0.0:41238, 907b9765-214b-4864-b66a-d6e2a5789e5c:0.0.0.0:41650, bf55b3f9-6b09-4365-9d71-55289e083fa5:0.0.0.0:42441], old=null
2019-10-16 18:00:55,285 [bf55b3f9-6b09-4365-9d71-55289e083fa5@group-EFD1D20A002C-LeaderElection177] INFO  impl.LeaderElection (LeaderElection.java:askForVotes(178)) - bf55b3f9-6b09-4365-9d71-55289e083fa5@group-EFD1D20A002C-LeaderElection177: begin an election at term 203 for -1: [f4c54511-b161-4347-aec5-5236dc80a0d8:0.0.0.0:41238, 907b9765-214b-4864-b66a-d6e2a5789e5c:0.0.0.0:41650, bf55b3f9-6b09-4365-9d71-55289e083fa5:0.0.0.0:42441], old=null
2019-10-16 18:00:55,288 [grpc-default-executor-0] INFO  impl.RaftServerImpl (RaftServerImpl.java:setRole(184)) - f4c54511-b161-4347-aec5-5236dc80a0d8@group-EFD1D20A002C: changes role from  FOLLOWER to FOLLOWER at term 203 for recognizeCandidate:bf55b3f9-6b09-4365-9d71-55289e083fa5
2019-10-16 18:00:55,288 [grpc-default-executor-3] INFO  impl.RaftServerImpl (RaftServerImpl.java:setRole(184)) - 907b9765-214b-4864-b66a-d6e2a5789e5c@group-EFD1D20A002C: changes role from  FOLLOWER to FOLLOWER at term 203 for recognizeCandidate:bf55b3f9-6b09-4365-9d71-55289e083fa5
2019-10-16 18:00:55,288 [grpc-default-executor-0] INFO  impl.RoleInfo (RoleInfo.java:shutdownFollowerState(121)) - f4c54511-b161-4347-aec5-5236dc80a0d8: shutdown FollowerState
2019-10-16 18:00:55,288 [grpc-default-executor-3] INFO  impl.RoleInfo (RoleInfo.java:shutdownFollowerState(121)) - 907b9765-214b-4864-b66a-d6e2a5789e5c: shutdown FollowerState
2019-10-16 18:00:55,289 [Thread-1256] INFO  impl.FollowerState (FollowerState.java:run(117)) - f4c54511-b161-4347-aec5-5236dc80a0d8@group-EFD1D20A002C-FollowerState was interrupted: java.lang.InterruptedException: sleep interrupted
2019-10-16 18:00:55,289 [grpc-default-executor-0] INFO  impl.RoleInfo (RoleInfo.java:updateAndGet(143)) - f4c54511-b161-4347-aec5-5236dc80a0d8: start FollowerState
2019-10-16 18:00:55,289 [Thread-1255] INFO  impl.FollowerState (FollowerState.java:run(117)) - 907b9765-214b-4864-b66a-d6e2a5789e5c@group-EFD1D20A002C-FollowerState was interrupted: java.lang.InterruptedException: sleep interrupted
2019-10-16 18:00:55,289 [grpc-default-executor-3] INFO  impl.RoleInfo (RoleInfo.java:updateAndGet(143)) - 907b9765-214b-4864-b66a-d6e2a5789e5c: start FollowerState
2019-10-16 18:00:55,300 [bf55b3f9-6b09-4365-9d71-55289e083fa5@group-EFD1D20A002C-LeaderElection177] INFO  impl.LeaderElection (LeaderElection.java:logAndReturn(56)) - bf55b3f9-6b09-4365-9d71-55289e083fa5@group-EFD1D20A002C-LeaderElection177: Election TIMEOUT; received 0 response(s) [] and 0 exception(s); bf55b3f9-6b09-4365-9d71-55289e083fa5@group-EFD1D20A002C:t203, leader=null, voted=bf55b3f9-6b09-4365-9d71-55289e083fa5, raftlog=bf55b3f9-6b09-4365-9d71-55289e083fa5@group-EFD1D20A002C-SegmentedRaftLog:OPENED:c-1,f-1,i0, conf=-1: [f4c54511-b161-4347-aec5-5236dc80a0d8:0.0.0.0:41238, 907b9765-214b-4864-b66a-d6e2a5789e5c:0.0.0.0:41650, bf55b3f9-6b09-4365-9d71-55289e083fa5:0.0.0.0:42441], old=null
2019-10-16 18:00:55,328 [bf55b3f9-6b09-4365-9d71-55289e083fa5@group-EFD1D20A002C-LeaderElection177] INFO  impl.LeaderElection (LeaderElection.java:askForVotes(178)) - bf55b3f9-6b09-4365-9d71-55289e083fa5@group-EFD1D20A002C-LeaderElection177: begin an election at term 204 for -1: [f4c54511-b161-4347-aec5-5236dc80a0d8:0.0.0.0:41238, 907b9765-214b-4864-b66a-d6e2a5789e5c:0.0.0.0:41650, bf55b3f9-6b09-4365-9d71-55289e083fa5:0.0.0.0:42441], old=null
2019-10-16 18:00:55,330 [grpc-default-executor-3] INFO  impl.RaftServerImpl (RaftServerImpl.java:setRole(184)) - 907b9765-214b-4864-b66a-d6e2a5789e5c@group-EFD1D20A002C: changes role from  FOLLOWER to FOLLOWER at term 204 for recognizeCandidate:bf55b3f9-6b09-4365-9d71-55289e083fa5
2019-10-16 18:00:55,330 [grpc-default-executor-3] INFO  impl.RoleInfo (RoleInfo.java:shutdownFollowerState(121)) - 907b9765-214b-4864-b66a-d6e2a5789e5c: shutdown FollowerState
2019-10-16 18:00:55,330 [grpc-default-executor-3] INFO  impl.RoleInfo (RoleInfo.java:updateAndGet(143)) - 907b9765-214b-4864-b66a-d6e2a5789e5c: start FollowerState
2019-10-16 18:00:55,330 [Thread-1260] INFO  impl.FollowerState (FollowerState.java:run(117)) - 907b9765-214b-4864-b66a-d6e2a5789e5c@group-EFD1D20A002C-FollowerState was interrupted: java.lang.InterruptedException: sleep interrupted
2019-10-16 18:00:55,330 [grpc-default-executor-0] INFO  impl.RaftServerImpl (RaftServerImpl.java:setRole(184)) - f4c54511-b161-4347-aec5-5236dc80a0d8@group-EFD1D20A002C: changes role from  FOLLOWER to FOLLOWER at term 204 for recognizeCandidate:bf55b3f9-6b09-4365-9d71-55289e083fa5
2019-10-16 18:00:55,331 [grpc-default-executor-0] INFO  impl.RoleInfo (RoleInfo.java:shutdownFollowerState(121)) - f4c54511-b161-4347-aec5-5236dc80a0d8: shutdown FollowerState
2019-10-16 18:00:55,331 [grpc-default-executor-0] INFO  impl.RoleInfo (RoleInfo.java:updateAndGet(143)) - f4c54511-b161-4347-aec5-5236dc80a0d8: start FollowerState
2019-10-16 18:00:55,331 [Thread-1259] INFO  impl.FollowerState (FollowerState.java:run(117)) - f4c54511-b161-4347-aec5-5236dc80a0d8@group-EFD1D20A002C-FollowerState was interrupted: java.lang.InterruptedException: sleep interrupted
2019-10-16 18:00:55,354 [bf55b3f9-6b09-4365-9d71-55289e083fa5@group-EFD1D20A002C-LeaderElection177] INFO  impl.LeaderElection (LeaderElection.java:logAndReturn(56)) - bf55b3f9-6b09-4365-9d71-55289e083fa5@group-EFD1D20A002C-LeaderElection177: Election REJECTED; received 2 response(s) [bf55b3f9-6b09-4365-9d71-55289e083fa5<-f4c54511-b161-4347-aec5-5236dc80a0d8#0:FAIL-t204, bf55b3f9-6b09-4365-9d71-55289e083fa5<-907b9765-214b-4864-b66a-d6e2a5789e5c#0:FAIL-t204] and 0 exception(s); bf55b3f9-6b09-4365-9d71-55289e083fa5@group-EFD1D20A002C:t204, leader=null, voted=bf55b3f9-6b09-4365-9d71-55289e083fa5, raftlog=bf55b3f9-6b09-4365-9d71-55289e083fa5@group-EFD1D20A002C-SegmentedRaftLog:OPENED:c-1,f-1,i0, conf=-1: [f4c54511-b161-4347-aec5-5236dc80a0d8:0.0.0.0:41238, 907b9765-214b-4864-b66a-d6e2a5789e5c:0.0.0.0:41650, bf55b3f9-6b09-4365-9d71-55289e083fa5:0.0.0.0:42441], old=null
2019-10-16 18:00:55,354 [bf55b3f9-6b09-4365-9d71-55289e083fa5@group-EFD1D20A002C-LeaderElection177] INFO  impl.RaftServerImpl (RaftServerImpl.java:setRole(184)) - bf55b3f9-6b09-4365-9d71-55289e083fa5@group-EFD1D20A002C: changes role from CANDIDATE to FOLLOWER at term 204 for DISCOVERED_A_NEW_TERM
2019-10-16 18:00:55,354 [bf55b3f9-6b09-4365-9d71-55289e083fa5@group-EFD1D20A002C-LeaderElection177] INFO  impl.RoleInfo (RoleInfo.java:shutdownLeaderElection(134)) - bf55b3f9-6b09-4365-9d71-55289e083fa5: shutdown LeaderElection
2019-10-16 18:00:55,354 [bf55b3f9-6b09-4365-9d71-55289e083fa5@group-EFD1D20A002C-LeaderElection177] INFO  impl.RoleInfo (RoleInfo.java:updateAndGet(143)) - bf55b3f9-6b09-4365-9d71-55289e083fa5: start FollowerState
2019-10-16 18:00:55,410 [Thread-1265] INFO  impl.FollowerState (FollowerState.java:run(108)) - bf55b3f9-6b09-4365-9d71-55289e083fa5@group-EFD1D20A002C-FollowerState: change to CANDIDATE, lastRpcTime:55ms, electionTimeout:55ms
2019-10-16 18:00:55,410 [Thread-1265] INFO  impl.RoleInfo (RoleInfo.java:shutdownFollowerState(121)) - bf55b3f9-6b09-4365-9d71-55289e083fa5: shutdown FollowerState
2019-10-16 18:00:55,410 [Thread-1265] INFO  impl.RaftServerImpl (RaftServerImpl.java:setRole(184)) - bf55b3f9-6b09-4365-9d71-55289e083fa5@group-EFD1D20A002C: changes role from  FOLLOWER to CANDIDATE at term 204 for changeToCandidate
2019-10-16 18:00:55,410 [Thread-1265] INFO  impl.RoleInfo (RoleInfo.java:updateAndGet(143)) - bf55b3f9-6b09-4365-9d71-55289e083fa5: start LeaderElection
2019-10-16 18:00:55,437 [bf55b3f9-6b09-4365-9d71-55289e083fa5@group-EFD1D20A002C-LeaderElection178] INFO  impl.LeaderElection (LeaderElection.java:askForVotes(178)) - bf55b3f9-6b09-4365-9d71-55289e083fa5@group-EFD1D20A002C-LeaderElection178: begin an election at term 205 for -1: [f4c54511-b161-4347-aec5-5236dc80a0d8:0.0.0.0:41238, 907b9765-214b-4864-b66a-d6e2a5789e5c:0.0.0.0:41650, bf55b3f9-6b09-4365-9d71-55289e083fa5:0.0.0.0:42441], old=null
2019-10-16 18:00:55,439 [grpc-default-executor-0] INFO  impl.RaftServerImpl (RaftServerImpl.java:setRole(184)) - f4c54511-b161-4347-aec5-5236dc80a0d8@group-EFD1D20A002C: changes role from  FOLLOWER to FOLLOWER at term 205 for recognizeCandidate:bf55b3f9-6b09-4365-9d71-55289e083fa5
2019-10-16 18:00:55,440 [grpc-default-executor-0] INFO  impl.RoleInfo (RoleInfo.java:shutdownFollowerState(121)) - f4c54511-b161-4347-aec5-5236dc80a0d8: shutdown FollowerState
2019-10-16 18:00:55,440 [grpc-default-executor-0] INFO  impl.RoleInfo (RoleInfo.java:updateAndGet(143)) - f4c54511-b161-4347-aec5-5236dc80a0d8: start FollowerState
2019-10-16 18:00:55,440 [Thread-1264] INFO  impl.FollowerState (FollowerState.java:run(117)) - f4c54511-b161-4347-aec5-5236dc80a0d8@group-EFD1D20A002C-FollowerState was interrupted: java.lang.InterruptedException: sleep interrupted
2019-10-16 18:00:55,440 [grpc-default-executor-3] INFO  impl.RaftServerImpl (RaftServerImpl.java:setRole(184)) - 907b9765-214b-4864-b66a-d6e2a5789e5c@group-EFD1D20A002C: changes role from  FOLLOWER to FOLLOWER at term 205 for recognizeCandidate:bf55b3f9-6b09-4365-9d71-55289e083fa5
2019-10-16 18:00:55,440 [grpc-default-executor-3] INFO  impl.RoleInfo (RoleInfo.java:shutdownFollowerState(121)) - 907b9765-214b-4864-b66a-d6e2a5789e5c: shutdown FollowerState
2019-10-16 18:00:55,440 [grpc-default-executor-3] INFO  impl.RoleInfo (RoleInfo.java:updateAndGet(143)) - 907b9765-214b-4864-b66a-d6e2a5789e5c: start FollowerState
2019-10-16 18:00:55,440 [Thread-1263] INFO  impl.FollowerState (FollowerState.java:run(117)) - 907b9765-214b-4864-b66a-d6e2a5789e5c@group-EFD1D20A002C-FollowerState was interrupted: java.lang.InterruptedException: sleep interrupted
2019-10-16 18:00:55,462 [bf55b3f9-6b09-4365-9d71-55289e083fa5@group-EFD1D20A002C-LeaderElection178] INFO  impl.LeaderElection (LeaderElection.java:logAndReturn(56)) - bf55b3f9-6b09-4365-9d71-55289e083fa5@group-EFD1D20A002C-LeaderElection178: Election TIMEOUT; received 0 response(s) [] and 0 exception(s); bf55b3f9-6b09-4365-9d71-55289e083fa5@group-EFD1D20A002C:t205, leader=null, voted=bf55b3f9-6b09-4365-9d71-55289e083fa5, raftlog=bf55b3f9-6b09-4365-9d71-55289e083fa5@group-EFD1D20A002C-SegmentedRaftLog:OPENED:c-1,f-1,i0, conf=-1: [f4c54511-b161-4347-aec5-5236dc80a0d8:0.0.0.0:41238, 907b9765-214b-4864-b66a-d6e2a5789e5c:0.0.0.0:41650, bf55b3f9-6b09-4365-9d71-55289e083fa5:0.0.0.0:42441], old=null
2019-10-16 18:00:55,513 [bf55b3f9-6b09-4365-9d71-55289e083fa5@group-EFD1D20A002C-LeaderElection178] INFO  impl.LeaderElection (LeaderElection.java:askForVotes(178)) - bf55b3f9-6b09-4365-9d71-55289e083fa5@group-EFD1D20A002C-LeaderElection178: begin an election at term 206 for -1: [f4c54511-b161-4347-aec5-5236dc80a0d8:0.0.0.0:41238, 907b9765-214b-4864-b66a-d6e2a5789e5c:0.0.0.0:41650, bf55b3f9-6b09-4365-9d71-55289e083fa5:0.0.0.0:42441], old=null
2019-10-16 18:00:55,515 [grpc-default-executor-3] INFO  impl.RaftServerImpl (RaftServerImpl.java:setRole(184)) - f4c54511-b161-4347-aec5-5236dc80a0d8@group-EFD1D20A002C: changes role from  FOLLOWER to FOLLOWER at term 206 for recognizeCandidate:bf55b3f9-6b09-4365-9d71-55289e083fa5
2019-10-16 18:00:55,515 [grpc-default-executor-3] INFO  impl.RoleInfo (RoleInfo.java:shutdownFollowerState(121)) - f4c54511-b161-4347-aec5-5236dc80a0d8: shutdown FollowerState
2019-10-16 18:00:55,515 [grpc-default-executor-3] INFO  impl.RoleInfo (RoleInfo.java:updateAndGet(143)) - f4c54511-b161-4347-aec5-5236dc80a0d8: start FollowerState
2019-10-16 18:00:55,515 [Thread-1269] INFO  impl.FollowerState (FollowerState.java:run(117)) - f4c54511-b161-4347-aec5-5236dc80a0d8@group-EFD1D20A002C-FollowerState was interrupted: java.lang.InterruptedException: sleep interrupted
2019-10-16 18:00:55,515 [grpc-default-executor-0] INFO  impl.RaftServerImpl (RaftServerImpl.java:setRole(184)) - 907b9765-214b-4864-b66a-d6e2a5789e5c@group-EFD1D20A002C: changes role from  FOLLOWER to FOLLOWER at term 206 for recognizeCandidate:bf55b3f9-6b09-4365-9d71-55289e083fa5
2019-10-16 18:00:55,515 [grpc-default-executor-0] INFO  impl.RoleInfo (RoleInfo.java:shutdownFollowerState(121)) - 907b9765-214b-4864-b66a-d6e2a5789e5c: shutdown FollowerState
2019-10-16 18:00:55,515 [grpc-default-executor-0] INFO  impl.RoleInfo (RoleInfo.java:updateAndGet(143)) - 907b9765-214b-4864-b66a-d6e2a5789e5c: start FollowerState
2019-10-16 18:00:55,515 [Thread-1270] INFO  impl.FollowerState (FollowerState.java:run(117)) - 907b9765-214b-4864-b66a-d6e2a5789e5c@group-EFD1D20A002C-FollowerState was interrupted: java.lang.InterruptedException: sleep interrupted
2019-10-16 18:00:55,547 [bf55b3f9-6b09-4365-9d71-55289e083fa5@group-EFD1D20A002C-LeaderElection178] INFO  impl.LeaderElection (LeaderElection.java:logAndReturn(56)) - bf55b3f9-6b09-4365-9d71-55289e083fa5@group-EFD1D20A002C-LeaderElection178: Election REJECTED; received 2 response(s) [bf55b3f9-6b09-4365-9d71-55289e083fa5<-f4c54511-b161-4347-aec5-5236dc80a0d8#0:FAIL-t206, bf55b3f9-6b09-4365-9d71-55289e083fa5<-907b9765-214b-4864-b66a-d6e2a5789e5c#0:FAIL-t206] and 0 exception(s); bf55b3f9-6b09-4365-9d71-55289e083fa5@group-EFD1D20A002C:t206, leader=null, voted=bf55b3f9-6b09-4365-9d71-55289e083fa5, raftlog=bf55b3f9-6b09-4365-9d71-55289e083fa5@group-EFD1D20A002C-SegmentedRaftLog:OPENED:c-1,f-1,i0, conf=-1: [f4c54511-b161-4347-aec5-5236dc80a0d8:0.0.0.0:41238, 907b9765-214b-4864-b66a-d6e2a5789e5c:0.0.0.0:41650, bf55b3f9-6b09-4365-9d71-55289e083fa5:0.0.0.0:42441], old=null
2019-10-16 18:00:55,548 [bf55b3f9-6b09-4365-9d71-55289e083fa5@group-EFD1D20A002C-LeaderElection178] INFO  impl.RaftServerImpl (RaftServerImpl.java:setRole(184)) - bf55b3f9-6b09-4365-9d71-55289e083fa5@group-EFD1D20A002C: changes role from CANDIDATE to FOLLOWER at term 206 for DISCOVERED_A_NEW_TERM
2019-10-16 18:00:55,548 [bf55b3f9-6b09-4365-9d71-55289e083fa5@group-EFD1D20A002C-LeaderElection178] INFO  impl.RoleInfo (RoleInfo.java:shutdownLeaderElection(134)) - bf55b3f9-6b09-4365-9d71-55289e083fa5: shutdown LeaderElection
2019-10-16 18:00:55,548 [bf55b3f9-6b09-4365-9d71-55289e083fa5@group-EFD1D20A002C-LeaderElection178] INFO  impl.RoleInfo (RoleInfo.java:updateAndGet(143)) - bf55b3f9-6b09-4365-9d71-55289e083fa5: start FollowerState
2019-10-16 18:00:55,550 [Thread-1275] INFO  impl.FollowerState (FollowerState.java:run(108)) - bf55b3f9-6b09-4365-9d71-55289e083fa5@group-EFD1D20A002C-FollowerState: change to CANDIDATE, lastRpcTime:2ms, electionTimeout:2ms
2019-10-16 18:00:55,551 [Thread-1275] INFO  impl.RoleInfo (RoleInfo.java:shutdownFollowerState(121)) - bf55b3f9-6b09-4365-9d71-55289e083fa5: shutdown FollowerState
2019-10-16 18:00:55,551 [Thread-1275] INFO  impl.RaftServerImpl (RaftServerImpl.java:setRole(184)) - bf55b3f9-6b09-4365-9d71-55289e083fa5@group-EFD1D20A002C: changes role from  FOLLOWER to CANDIDATE at term 206 for changeToCandidate
2019-10-16 18:00:55,551 [Thread-1275] INFO  impl.RoleInfo (RoleInfo.java:updateAndGet(143)) - bf55b3f9-6b09-4365-9d71-55289e083fa5: start LeaderElection
2019-10-16 18:00:55,580 [bf55b3f9-6b09-4365-9d71-55289e083fa5@group-EFD1D20A002C-LeaderElection179] INFO  impl.LeaderElection (LeaderElection.java:askForVotes(178)) - bf55b3f9-6b09-4365-9d71-55289e083fa5@group-EFD1D20A002C-LeaderElection179: begin an election at term 207 for -1: [f4c54511-b161-4347-aec5-5236dc80a0d8:0.0.0.0:41238, 907b9765-214b-4864-b66a-d6e2a5789e5c:0.0.0.0:41650, bf55b3f9-6b09-4365-9d71-55289e083fa5:0.0.0.0:42441], old=null
2019-10-16 18:00:55,583 [grpc-default-executor-0] INFO  impl.RaftServerImpl (RaftServerImpl.java:setRole(184)) - f4c54511-b161-4347-aec5-5236dc80a0d8@group-EFD1D20A002C: changes role from  FOLLOWER to FOLLOWER at term 207 for recognizeCandidate:bf55b3f9-6b09-4365-9d71-55289e083fa5
2019-10-16 18:00:55,583 [grpc-default-executor-3] INFO  impl.RaftServerImpl (RaftServerImpl.java:setRole(184)) - 907b9765-214b-4864-b66a-d6e2a5789e5c@group-EFD1D20A002C: changes role from  FOLLOWER to FOLLOWER at term 207 for recognizeCandidate:bf55b3f9-6b09-4365-9d71-55289e083fa5
2019-10-16 18:00:55,583 [grpc-default-executor-0] INFO  impl.RoleInfo (RoleInfo.java:shutdownFollowerState(121)) - f4c54511-b161-4347-aec5-5236dc80a0d8: shutdown FollowerState
2019-10-16 18:00:55,583 [grpc-default-executor-3] INFO  impl.RoleInfo (RoleInfo.java:shutdownFollowerState(121)) - 907b9765-214b-4864-b66a-d6e2a5789e5c: shutdown FollowerState
2019-10-16 18:00:55,583 [Thread-1273] INFO  impl.FollowerState (FollowerState.java:run(117)) - f4c54511-b161-4347-aec5-5236dc80a0d8@group-EFD1D20A002C-FollowerState was interrupted: java.lang.InterruptedException: sleep interrupted
2019-10-16 18:00:55,583 [grpc-default-executor-0] INFO  impl.RoleInfo (RoleInfo.java:updateAndGet(143)) - f4c54511-b161-4347-aec5-5236dc80a0d8: start FollowerState
2019-10-16 18:00:55,583 [Thread-1274] INFO  impl.FollowerState (FollowerState.java:run(117)) - 907b9765-214b-4864-b66a-d6e2a5789e5c@group-EFD1D20A002C-FollowerState was interrupted: java.lang.InterruptedException: sleep interrupted
2019-10-16 18:00:55,583 [grpc-default-executor-3] INFO  impl.RoleInfo (RoleInfo.java:updateAndGet(143)) - 907b9765-214b-4864-b66a-d6e2a5789e5c: start FollowerState
2019-10-16 18:00:55,606 [bf55b3f9-6b09-4365-9d71-55289e083fa5@group-EFD1D20A002C-LeaderElection179] INFO  impl.LeaderElection (LeaderElection.java:logAndReturn(56)) - bf55b3f9-6b09-4365-9d71-55289e083fa5@group-EFD1D20A002C-LeaderElection179: Election REJECTED; received 2 response(s) [bf55b3f9-6b09-4365-9d71-55289e083fa5<-f4c54511-b161-4347-aec5-5236dc80a0d8#0:FAIL-t207, bf55b3f9-6b09-4365-9d71-55289e083fa5<-907b9765-214b-4864-b66a-d6e2a5789e5c#0:FAIL-t207] and 0 exception(s); bf55b3f9-6b09-4365-9d71-55289e083fa5@group-EFD1D20A002C:t207, leader=null, voted=bf55b3f9-6b09-4365-9d71-55289e083fa5, raftlog=bf55b3f9-6b09-4365-9d71-55289e083fa5@group-EFD1D20A002C-SegmentedRaftLog:OPENED:c-1,f-1,i0, conf=-1: [f4c54511-b161-4347-aec5-5236dc80a0d8:0.0.0.0:41238, 907b9765-214b-4864-b66a-d6e2a5789e5c:0.0.0.0:41650, bf55b3f9-6b09-4365-9d71-55289e083fa5:0.0.0.0:42441], old=null
2019-10-16 18:00:55,606 [bf55b3f9-6b09-4365-9d71-55289e083fa5@group-EFD1D20A002C-LeaderElection179] INFO  impl.RaftServerImpl (RaftServerImpl.java:setRole(184)) - bf55b3f9-6b09-4365-9d71-55289e083fa5@group-EFD1D20A002C: changes role from CANDIDATE to FOLLOWER at term 207 for DISCOVERED_A_NEW_TERM
2019-10-16 18:00:55,607 [bf55b3f9-6b09-4365-9d71-55289e083fa5@group-EFD1D20A002C-LeaderElection179] INFO  impl.RoleInfo (RoleInfo.java:shutdownLeaderElection(134)) - bf55b3f9-6b09-4365-9d71-55289e083fa5: shutdown LeaderElection
2019-10-16 18:00:55,607 [bf55b3f9-6b09-4365-9d71-55289e083fa5@group-EFD1D20A002C-LeaderElection179] INFO  impl.RoleInfo (RoleInfo.java:updateAndGet(143)) - bf55b3f9-6b09-4365-9d71-55289e083fa5: start FollowerState
2019-10-16 18:00:55,677 [Thread-1281] INFO  impl.FollowerState (FollowerState.java:run(108)) - bf55b3f9-6b09-4365-9d71-55289e083fa5@group-EFD1D20A002C-FollowerState: change to CANDIDATE, lastRpcTime:70ms, electionTimeout:70ms
2019-10-16 18:00:55,677 [Thread-1281] INFO  impl.RoleInfo (RoleInfo.java:shutdownFollowerState(121)) - bf55b3f9-6b09-4365-9d71-55289e083fa5: shutdown FollowerState
2019-10-16 18:00:55,677 [Thread-1281] INFO  impl.RaftServerImpl (RaftServerImpl.java:setRole(184)) - bf55b3f9-6b09-4365-9d71-55289e083fa5@group-EFD1D20A002C: changes role from  FOLLOWER to CANDIDATE at term 207 for changeToCandidate
2019-10-16 18:00:55,677 [Thread-1281] INFO  impl.RoleInfo (RoleInfo.java:updateAndGet(143)) - bf55b3f9-6b09-4365-9d71-55289e083fa5: start LeaderElection
2019-10-16 18:00:55,723 [bf55b3f9-6b09-4365-9d71-55289e083fa5@group-EFD1D20A002C-LeaderElection180] INFO  impl.LeaderElection (LeaderElection.java:askForVotes(178)) - bf55b3f9-6b09-4365-9d71-55289e083fa5@group-EFD1D20A002C-LeaderElection180: begin an election at term 208 for -1: [f4c54511-b161-4347-aec5-5236dc80a0d8:0.0.0.0:41238, 907b9765-214b-4864-b66a-d6e2a5789e5c:0.0.0.0:41650, bf55b3f9-6b09-4365-9d71-55289e083fa5:0.0.0.0:42441], old=null
2019-10-16 18:00:55,726 [grpc-default-executor-3] INFO  impl.RaftServerImpl (RaftServerImpl.java:setRole(184)) - f4c54511-b161-4347-aec5-5236dc80a0d8@group-EFD1D20A002C: changes role from  FOLLOWER to FOLLOWER at term 208 for recognizeCandidate:bf55b3f9-6b09-4365-9d71-55289e083fa5
2019-10-16 18:00:55,726 [grpc-default-executor-3] INFO  impl.RoleInfo (RoleInfo.java:shutdownFollowerState(121)) - f4c54511-b161-4347-aec5-5236dc80a0d8: shutdown FollowerState
2019-10-16 18:00:55,726 [grpc-default-executor-0] INFO  impl.RaftServerImpl (RaftServerImpl.java:setRole(184)) - 907b9765-214b-4864-b66a-d6e2a5789e5c@group-EFD1D20A002C: changes role from  FOLLOWER to FOLLOWER at term 208 for recognizeCandidate:bf55b3f9-6b09-4365-9d71-55289e083fa5
2019-10-16 18:00:55,726 [grpc-default-executor-0] INFO  impl.RoleInfo (RoleInfo.java:shutdownFollowerState(121)) - 907b9765-214b-4864-b66a-d6e2a5789e5c: shutdown FollowerState
2019-10-16 18:00:55,726 [Thread-1279] INFO  impl.FollowerState (FollowerState.java:run(117)) - f4c54511-b161-4347-aec5-5236dc80a0d8@group-EFD1D20A002C-FollowerState was interrupted: java.lang.InterruptedException: sleep interrupted
2019-10-16 18:00:55,726 [grpc-default-executor-3] INFO  impl.RoleInfo (RoleInfo.java:updateAndGet(143)) - f4c54511-b161-4347-aec5-5236dc80a0d8: start FollowerState
2019-10-16 18:00:55,726 [Thread-1280] INFO  impl.FollowerState (FollowerState.java:run(117)) - 907b9765-214b-4864-b66a-d6e2a5789e5c@group-EFD1D20A002C-FollowerState was interrupted: java.lang.InterruptedException: sleep interrupted
2019-10-16 18:00:55,726 [grpc-default-executor-0] INFO  impl.RoleInfo (RoleInfo.java:updateAndGet(143)) - 907b9765-214b-4864-b66a-d6e2a5789e5c: start FollowerState
2019-10-16 18:00:55,749 [bf55b3f9-6b09-4365-9d71-55289e083fa5@group-EFD1D20A002C-LeaderElection180] INFO  impl.LeaderElection (LeaderElection.java:logAndReturn(56)) - bf55b3f9-6b09-4365-9d71-55289e083fa5@group-EFD1D20A002C-LeaderElection180: Election REJECTED; received 2 response(s) [bf55b3f9-6b09-4365-9d71-55289e083fa5<-f4c54511-b161-4347-aec5-5236dc80a0d8#0:FAIL-t208, bf55b3f9-6b09-4365-9d71-55289e083fa5<-907b9765-214b-4864-b66a-d6e2a5789e5c#0:FAIL-t208] and 0 exception(s); bf55b3f9-6b09-4365-9d71-55289e083fa5@group-EFD1D20A002C:t208, leader=null, voted=bf55b3f9-6b09-4365-9d71-55289e083fa5, raftlog=bf55b3f9-6b09-4365-9d71-55289e083fa5@group-EFD1D20A002C-SegmentedRaftLog:OPENED:c-1,f-1,i0, conf=-1: [f4c54511-b161-4347-aec5-5236dc80a0d8:0.0.0.0:41238, 907b9765-214b-4864-b66a-d6e2a5789e5c:0.0.0.0:41650, bf55b3f9-6b09-4365-9d71-55289e083fa5:0.0.0.0:42441], old=null
2019-10-16 18:00:55,750 [bf55b3f9-6b09-4365-9d71-55289e083fa5@group-EFD1D20A002C-LeaderElection180] INFO  impl.RaftServerImpl (RaftServerImpl.java:setRole(184)) - bf55b3f9-6b09-4365-9d71-55289e083fa5@group-EFD1D20A002C: changes role from CANDIDATE to FOLLOWER at term 208 for DISCOVERED_A_NEW_TERM
2019-10-16 18:00:55,750 [bf55b3f9-6b09-4365-9d71-55289e083fa5@group-EFD1D20A002C-LeaderElection180] INFO  impl.RoleInfo (RoleInfo.java:shutdownLeaderElection(134)) - bf55b3f9-6b09-4365-9d71-55289e083fa5: shutdown LeaderElection
2019-10-16 18:00:55,750 [bf55b3f9-6b09-4365-9d71-55289e083fa5@group-EFD1D20A002C-LeaderElection180] INFO  impl.RoleInfo (RoleInfo.java:updateAndGet(143)) - bf55b3f9-6b09-4365-9d71-55289e083fa5: start FollowerState
2019-10-16 18:00:55,893 [Thread-1287] INFO  impl.FollowerState (FollowerState.java:run(108)) - bf55b3f9-6b09-4365-9d71-55289e083fa5@group-EFD1D20A002C-FollowerState: change to CANDIDATE, lastRpcTime:143ms, electionTimeout:143ms
2019-10-16 18:00:55,894 [Thread-1287] INFO  impl.RoleInfo (RoleInfo.java:shutdownFollowerState(121)) - bf55b3f9-6b09-4365-9d71-55289e083fa5: shutdown FollowerState
2019-10-16 18:00:55,894 [Thread-1287] INFO  impl.RaftServerImpl (RaftServerImpl.java:setRole(184)) - bf55b3f9-6b09-4365-9d71-55289e083fa5@group-EFD1D20A002C: changes role from  FOLLOWER to CANDIDATE at term 208 for changeToCandidate
2019-10-16 18:00:55,894 [Thread-1287] INFO  impl.RoleInfo (RoleInfo.java:updateAndGet(143)) - bf55b3f9-6b09-4365-9d71-55289e083fa5: start LeaderElection
2019-10-16 18:00:55,917 [bf55b3f9-6b09-4365-9d71-55289e083fa5@group-EFD1D20A002C-LeaderElection181] INFO  impl.LeaderElection (LeaderElection.java:askForVotes(178)) - bf55b3f9-6b09-4365-9d71-55289e083fa5@group-EFD1D20A002C-LeaderElection181: begin an election at term 209 for -1: [f4c54511-b161-4347-aec5-5236dc80a0d8:0.0.0.0:41238, 907b9765-214b-4864-b66a-d6e2a5789e5c:0.0.0.0:41650, bf55b3f9-6b09-4365-9d71-55289e083fa5:0.0.0.0:42441], old=null
2019-10-16 18:00:55,919 [grpc-default-executor-3] INFO  impl.RaftServerImpl (RaftServerImpl.java:setRole(184)) - 907b9765-214b-4864-b66a-d6e2a5789e5c@group-EFD1D20A002C: changes role from  FOLLOWER to FOLLOWER at term 209 for recognizeCandidate:bf55b3f9-6b09-4365-9d71-55289e083fa5
2019-10-16 18:00:55,920 [grpc-default-executor-3] INFO  impl.RoleInfo (RoleInfo.java:shutdownFollowerState(121)) - 907b9765-214b-4864-b66a-d6e2a5789e5c: shutdown FollowerState
2019-10-16 18:00:55,920 [grpc-default-executor-3] INFO  impl.RoleInfo (RoleInfo.java:updateAndGet(143)) - 907b9765-214b-4864-b66a-d6e2a5789e5c: start FollowerState
2019-10-16 18:00:55,920 [grpc-default-executor-0] INFO  impl.RaftServerImpl (RaftServerImpl.java:setRole(184)) - f4c54511-b161-4347-aec5-5236dc80a0d8@group-EFD1D20A002C: changes role from  FOLLOWER to FOLLOWER at term 209 for recognizeCandidate:bf55b3f9-6b09-4365-9d71-55289e083fa5
2019-10-16 18:00:55,920 [Thread-1286] INFO  impl.FollowerState (FollowerState.java:run(117)) - 907b9765-214b-4864-b66a-d6e2a5789e5c@group-EFD1D20A002C-FollowerState was interrupted: java.lang.InterruptedException: sleep interrupted
2019-10-16 18:00:55,920 [grpc-default-executor-0] INFO  impl.RoleInfo (RoleInfo.java:shutdownFollowerState(121)) - f4c54511-b161-4347-aec5-5236dc80a0d8: shutdown FollowerState
2019-10-16 18:00:55,920 [grpc-default-executor-0] INFO  impl.RoleInfo (RoleInfo.java:updateAndGet(143)) - f4c54511-b161-4347-aec5-5236dc80a0d8: start FollowerState
2019-10-16 18:00:55,920 [Thread-1285] INFO  impl.FollowerState (FollowerState.java:run(117)) - f4c54511-b161-4347-aec5-5236dc80a0d8@group-EFD1D20A002C-FollowerState was interrupted: java.lang.InterruptedException: sleep interrupted
2019-10-16 18:00:55,944 [bf55b3f9-6b09-4365-9d71-55289e083fa5@group-EFD1D20A002C-LeaderElection181] INFO  impl.LeaderElection (LeaderElection.java:logAndReturn(56)) - bf55b3f9-6b09-4365-9d71-55289e083fa5@group-EFD1D20A002C-LeaderElection181: Election REJECTED; received 2 response(s) [bf55b3f9-6b09-4365-9d71-55289e083fa5<-f4c54511-b161-4347-aec5-5236dc80a0d8#0:FAIL-t209, bf55b3f9-6b09-4365-9d71-55289e083fa5<-907b9765-214b-4864-b66a-d6e2a5789e5c#0:FAIL-t209] and 0 exception(s); bf55b3f9-6b09-4365-9d71-55289e083fa5@group-EFD1D20A002C:t209, leader=null, voted=bf55b3f9-6b09-4365-9d71-55289e083fa5, raftlog=bf55b3f9-6b09-4365-9d71-55289e083fa5@group-EFD1D20A002C-SegmentedRaftLog:OPENED:c-1,f-1,i0, conf=-1: [f4c54511-b161-4347-aec5-5236dc80a0d8:0.0.0.0:41238, 907b9765-214b-4864-b66a-d6e2a5789e5c:0.0.0.0:41650, bf55b3f9-6b09-4365-9d71-55289e083fa5:0.0.0.0:42441], old=null
2019-10-16 18:00:55,945 [bf55b3f9-6b09-4365-9d71-55289e083fa5@group-EFD1D20A002C-LeaderElection181] INFO  impl.RaftServerImpl (RaftServerImpl.java:setRole(184)) - bf55b3f9-6b09-4365-9d71-55289e083fa5@group-EFD1D20A002C: changes role from CANDIDATE to FOLLOWER at term 209 for DISCOVERED_A_NEW_TERM
2019-10-16 18:00:55,945 [bf55b3f9-6b09-4365-9d71-55289e083fa5@group-EFD1D20A002C-LeaderElection181] INFO  impl.RoleInfo (RoleInfo.java:shutdownLeaderElection(134)) - bf55b3f9-6b09-4365-9d71-55289e083fa5: shutdown LeaderElection
2019-10-16 18:00:55,945 [bf55b3f9-6b09-4365-9d71-55289e083fa5@group-EFD1D20A002C-LeaderElection181] INFO  impl.RoleInfo (RoleInfo.java:updateAndGet(143)) - bf55b3f9-6b09-4365-9d71-55289e083fa5: start FollowerState
2019-10-16 18:00:56,130 [Thread-1295] INFO  impl.FollowerState (FollowerState.java:run(108)) - bf55b3f9-6b09-4365-9d71-55289e083fa5@group-EFD1D20A002C-FollowerState: change to CANDIDATE, lastRpcTime:185ms, electionTimeout:185ms
2019-10-16 18:00:56,131 [Thread-1295] INFO  impl.RoleInfo (RoleInfo.java:shutdownFollowerState(121)) - bf55b3f9-6b09-4365-9d71-55289e083fa5: shutdown FollowerState
2019-10-16 18:00:56,131 [Thread-1295] INFO  impl.RaftServerImpl (RaftServerImpl.java:setRole(184)) - bf55b3f9-6b09-4365-9d71-55289e083fa5@group-EFD1D20A002C: changes role from  FOLLOWER to CANDIDATE at term 209 for changeToCandidate
2019-10-16 18:00:56,131 [Thread-1295] INFO  impl.RoleInfo (RoleInfo.java:updateAndGet(143)) - bf55b3f9-6b09-4365-9d71-55289e083fa5: start LeaderElection
2019-10-16 18:00:56,153 [bf55b3f9-6b09-4365-9d71-55289e083fa5@group-EFD1D20A002C-LeaderElection182] INFO  impl.LeaderElection (LeaderElection.java:askForVotes(178)) - bf55b3f9-6b09-4365-9d71-55289e083fa5@group-EFD1D20A002C-LeaderElection182: begin an election at term 210 for -1: [f4c54511-b161-4347-aec5-5236dc80a0d8:0.0.0.0:41238, 907b9765-214b-4864-b66a-d6e2a5789e5c:0.0.0.0:41650, bf55b3f9-6b09-4365-9d71-55289e083fa5:0.0.0.0:42441], old=null
2019-10-16 18:00:56,155 [grpc-default-executor-3] INFO  impl.RaftServerImpl (RaftServerImpl.java:setRole(184)) - 907b9765-214b-4864-b66a-d6e2a5789e5c@group-EFD1D20A002C: changes role from  FOLLOWER to FOLLOWER at term 210 for recognizeCandidate:bf55b3f9-6b09-4365-9d71-55289e083fa5
2019-10-16 18:00:56,156 [grpc-default-executor-3] INFO  impl.RoleInfo (RoleInfo.java:shutdownFollowerState(121)) - 907b9765-214b-4864-b66a-d6e2a5789e5c: shutdown FollowerState
2019-10-16 18:00:56,156 [grpc-default-executor-0] INFO  impl.RaftServerImpl (RaftServerImpl.java:setRole(184)) - f4c54511-b161-4347-aec5-5236dc80a0d8@group-EFD1D20A002C: changes role from  FOLLOWER to FOLLOWER at term 210 for recognizeCandidate:bf55b3f9-6b09-4365-9d71-55289e083fa5
2019-10-16 18:00:56,156 [Thread-1293] INFO  impl.FollowerState (FollowerState.java:run(117)) - 907b9765-214b-4864-b66a-d6e2a5789e5c@group-EFD1D20A002C-FollowerState was interrupted: java.lang.InterruptedException: sleep interrupted
2019-10-16 18:00:56,156 [grpc-default-executor-3] INFO  impl.RoleInfo (RoleInfo.java:updateAndGet(143)) - 907b9765-214b-4864-b66a-d6e2a5789e5c: start FollowerState
2019-10-16 18:00:56,156 [grpc-default-executor-0] INFO  impl.RoleInfo (RoleInfo.java:shutdownFollowerState(121)) - f4c54511-b161-4347-aec5-5236dc80a0d8: shutdown FollowerState
2019-10-16 18:00:56,156 [grpc-default-executor-0] INFO  impl.RoleInfo (RoleInfo.java:updateAndGet(143)) - f4c54511-b161-4347-aec5-5236dc80a0d8: start FollowerState
2019-10-16 18:00:56,156 [Thread-1294] INFO  impl.FollowerState (FollowerState.java:run(117)) - f4c54511-b161-4347-aec5-5236dc80a0d8@group-EFD1D20A002C-FollowerState was interrupted: java.lang.InterruptedException: sleep interrupted
2019-10-16 18:00:56,179 [bf55b3f9-6b09-4365-9d71-55289e083fa5@group-EFD1D20A002C-LeaderElection182] INFO  impl.LeaderElection (LeaderElection.java:logAndReturn(56)) - bf55b3f9-6b09-4365-9d71-55289e083fa5@group-EFD1D20A002C-LeaderElection182: Election REJECTED; received 2 response(s) [bf55b3f9-6b09-4365-9d71-55289e083fa5<-f4c54511-b161-4347-aec5-5236dc80a0d8#0:FAIL-t210, bf55b3f9-6b09-4365-9d71-55289e083fa5<-907b9765-214b-4864-b66a-d6e2a5789e5c#0:FAIL-t210] and 0 exception(s); bf55b3f9-6b09-4365-9d71-55289e083fa5@group-EFD1D20A002C:t210, leader=null, voted=bf55b3f9-6b09-4365-9d71-55289e083fa5, raftlog=bf55b3f9-6b09-4365-9d71-55289e083fa5@group-EFD1D20A002C-SegmentedRaftLog:OPENED:c-1,f-1,i0, conf=-1: [f4c54511-b161-4347-aec5-5236dc80a0d8:0.0.0.0:41238, 907b9765-214b-4864-b66a-d6e2a5789e5c:0.0.0.0:41650, bf55b3f9-6b09-4365-9d71-55289e083fa5:0.0.0.0:42441], old=null
2019-10-16 18:00:56,179 [bf55b3f9-6b09-4365-9d71-55289e083fa5@group-EFD1D20A002C-LeaderElection182] INFO  impl.RaftServerImpl (RaftServerImpl.java:setRole(184)) - bf55b3f9-6b09-4365-9d71-55289e083fa5@group-EFD1D20A002C: changes role from CANDIDATE to FOLLOWER at term 210 for DISCOVERED_A_NEW_TERM
2019-10-16 18:00:56,179 [bf55b3f9-6b09-4365-9d71-55289e083fa5@group-EFD1D20A002C-LeaderElection182] INFO  impl.RoleInfo (RoleInfo.java:shutdownLeaderElection(134)) - bf55b3f9-6b09-4365-9d71-55289e083fa5: shutdown LeaderElection
2019-10-16 18:00:56,179 [bf55b3f9-6b09-4365-9d71-55289e083fa5@group-EFD1D20A002C-LeaderElection182] INFO  impl.RoleInfo (RoleInfo.java:updateAndGet(143)) - bf55b3f9-6b09-4365-9d71-55289e083fa5: start FollowerState
2019-10-16 18:00:56,213 [Thread-1301] INFO  impl.FollowerState (FollowerState.java:run(108)) - bf55b3f9-6b09-4365-9d71-55289e083fa5@group-EFD1D20A002C-FollowerState: change to CANDIDATE, lastRpcTime:33ms, electionTimeout:33ms
2019-10-16 18:00:56,213 [Thread-1301] INFO  impl.RoleInfo (RoleInfo.java:shutdownFollowerState(121)) - bf55b3f9-6b09-4365-9d71-55289e083fa5: shutdown FollowerState
2019-10-16 18:00:56,213 [Thread-1301] INFO  impl.RaftServerImpl (RaftServerImpl.java:setRole(184)) - bf55b3f9-6b09-4365-9d71-55289e083fa5@group-EFD1D20A002C: changes role from  FOLLOWER to CANDIDATE at term 210 for changeToCandidate
2019-10-16 18:00:56,213 [Thread-1301] INFO  impl.RoleInfo (RoleInfo.java:updateAndGet(143)) - bf55b3f9-6b09-4365-9d71-55289e083fa5: start LeaderElection
2019-10-16 18:00:56,237 [bf55b3f9-6b09-4365-9d71-55289e083fa5@group-EFD1D20A002C-LeaderElection183] INFO  impl.LeaderElection (LeaderElection.java:askForVotes(178)) - bf55b3f9-6b09-4365-9d71-55289e083fa5@group-EFD1D20A002C-LeaderElection183: begin an election at term 211 for -1: [f4c54511-b161-4347-aec5-5236dc80a0d8:0.0.0.0:41238, 907b9765-214b-4864-b66a-d6e2a5789e5c:0.0.0.0:41650, bf55b3f9-6b09-4365-9d71-55289e083fa5:0.0.0.0:42441], old=null
2019-10-16 18:00:56,239 [grpc-default-executor-3] INFO  impl.RaftServerImpl (RaftServerImpl.java:setRole(184)) - 907b9765-214b-4864-b66a-d6e2a5789e5c@group-EFD1D20A002C: changes role from  FOLLOWER to FOLLOWER at term 211 for recognizeCandidate:bf55b3f9-6b09-4365-9d71-55289e083fa5
2019-10-16 18:00:56,239 [grpc-default-executor-0] INFO  impl.RaftServerImpl (RaftServerImpl.java:setRole(184)) - f4c54511-b161-4347-aec5-5236dc80a0d8@group-EFD1D20A002C: changes role from  FOLLOWER to FOLLOWER at term 211 for recognizeCandidate:bf55b3f9-6b09-4365-9d71-55289e083fa5
2019-10-16 18:00:56,240 [grpc-default-executor-3] INFO  impl.RoleInfo (RoleInfo.java:shutdownFollowerState(121)) - 907b9765-214b-4864-b66a-d6e2a5789e5c: shutdown FollowerState
2019-10-16 18:00:56,240 [grpc-default-executor-0] INFO  impl.RoleInfo (RoleInfo.java:shutdownFollowerState(121)) - f4c54511-b161-4347-aec5-5236dc80a0d8: shutdown FollowerState
2019-10-16 18:00:56,240 [Thread-1299] INFO  impl.FollowerState (FollowerState.java:run(117)) - 907b9765-214b-4864-b66a-d6e2a5789e5c@group-EFD1D20A002C-FollowerState was interrupted: java.lang.InterruptedException: sleep interrupted
2019-10-16 18:00:56,240 [grpc-default-executor-3] INFO  impl.RoleInfo (RoleInfo.java:updateAndGet(143)) - 907b9765-214b-4864-b66a-d6e2a5789e5c: start FollowerState
2019-10-16 18:00:56,240 [Thread-1300] INFO  impl.FollowerState (FollowerState.java:run(117)) - f4c54511-b161-4347-aec5-5236dc80a0d8@group-EFD1D20A002C-FollowerState was interrupted: java.lang.InterruptedException: sleep interrupted
2019-10-16 18:00:56,240 [grpc-default-executor-0] INFO  impl.RoleInfo (RoleInfo.java:updateAndGet(143)) - f4c54511-b161-4347-aec5-5236dc80a0d8: start FollowerState
2019-10-16 18:00:56,272 [bf55b3f9-6b09-4365-9d71-55289e083fa5@group-EFD1D20A002C-LeaderElection183] INFO  impl.LeaderElection (LeaderElection.java:logAndReturn(56)) - bf55b3f9-6b09-4365-9d71-55289e083fa5@group-EFD1D20A002C-LeaderElection183: Election REJECTED; received 2 response(s) [bf55b3f9-6b09-4365-9d71-55289e083fa5<-f4c54511-b161-4347-aec5-5236dc80a0d8#0:FAIL-t211, bf55b3f9-6b09-4365-9d71-55289e083fa5<-907b9765-214b-4864-b66a-d6e2a5789e5c#0:FAIL-t211] and 0 exception(s); bf55b3f9-6b09-4365-9d71-55289e083fa5@group-EFD1D20A002C:t211, leader=null, voted=bf55b3f9-6b09-4365-9d71-55289e083fa5, raftlog=bf55b3f9-6b09-4365-9d71-55289e083fa5@group-EFD1D20A002C-SegmentedRaftLog:OPENED:c-1,f-1,i0, conf=-1: [f4c54511-b161-4347-aec5-5236dc80a0d8:0.0.0.0:41238, 907b9765-214b-4864-b66a-d6e2a5789e5c:0.0.0.0:41650, bf55b3f9-6b09-4365-9d71-55289e083fa5:0.0.0.0:42441], old=null
2019-10-16 18:00:56,272 [bf55b3f9-6b09-4365-9d71-55289e083fa5@group-EFD1D20A002C-LeaderElection183] INFO  impl.RaftServerImpl (RaftServerImpl.java:setRole(184)) - bf55b3f9-6b09-4365-9d71-55289e083fa5@group-EFD1D20A002C: changes role from CANDIDATE to FOLLOWER at term 211 for DISCOVERED_A_NEW_TERM
2019-10-16 18:00:56,272 [bf55b3f9-6b09-4365-9d71-55289e083fa5@group-EFD1D20A002C-LeaderElection183] INFO  impl.RoleInfo (RoleInfo.java:shutdownLeaderElection(134)) - bf55b3f9-6b09-4365-9d71-55289e083fa5: shutdown LeaderElection
2019-10-16 18:00:56,272 [bf55b3f9-6b09-4365-9d71-55289e083fa5@group-EFD1D20A002C-LeaderElection183] INFO  impl.RoleInfo (RoleInfo.java:updateAndGet(143)) - bf55b3f9-6b09-4365-9d71-55289e083fa5: start FollowerState
2019-10-16 18:00:56,471 [Thread-1307] INFO  impl.FollowerState (FollowerState.java:run(108)) - bf55b3f9-6b09-4365-9d71-55289e083fa5@group-EFD1D20A002C-FollowerState: change to CANDIDATE, lastRpcTime:199ms, electionTimeout:199ms
2019-10-16 18:00:56,472 [Thread-1307] INFO  impl.RoleInfo (RoleInfo.java:shutdownFollowerState(121)) - bf55b3f9-6b09-4365-9d71-55289e083fa5: shutdown FollowerState
2019-10-16 18:00:56,472 [Thread-1307] INFO  impl.RaftServerImpl (RaftServerImpl.java:setRole(184)) - bf55b3f9-6b09-4365-9d71-55289e083fa5@group-EFD1D20A002C: changes role from  FOLLOWER to CANDIDATE at term 211 for changeToCandidate
2019-10-16 18:00:56,472 [Thread-1307] INFO  impl.RoleInfo (RoleInfo.java:updateAndGet(143)) - bf55b3f9-6b09-4365-9d71-55289e083fa5: start LeaderElection
2019-10-16 18:00:56,531 [bf55b3f9-6b09-4365-9d71-55289e083fa5@group-EFD1D20A002C-LeaderElection184] INFO  impl.LeaderElection (LeaderElection.java:askForVotes(178)) - bf55b3f9-6b09-4365-9d71-55289e083fa5@group-EFD1D20A002C-LeaderElection184: begin an election at term 212 for -1: [f4c54511-b161-4347-aec5-5236dc80a0d8:0.0.0.0:41238, 907b9765-214b-4864-b66a-d6e2a5789e5c:0.0.0.0:41650, bf55b3f9-6b09-4365-9d71-55289e083fa5:0.0.0.0:42441], old=null
2019-10-16 18:00:56,534 [grpc-default-executor-3] INFO  impl.RaftServerImpl (RaftServerImpl.java:setRole(184)) - f4c54511-b161-4347-aec5-5236dc80a0d8@group-EFD1D20A002C: changes role from  FOLLOWER to FOLLOWER at term 212 for recognizeCandidate:bf55b3f9-6b09-4365-9d71-55289e083fa5
2019-10-16 18:00:56,534 [grpc-default-executor-3] INFO  impl.RoleInfo (RoleInfo.java:shutdownFollowerState(121)) - f4c54511-b161-4347-aec5-5236dc80a0d8: shutdown FollowerState
2019-10-16 18:00:56,534 [grpc-default-executor-3] INFO  impl.RoleInfo (RoleInfo.java:updateAndGet(143)) - f4c54511-b161-4347-aec5-5236dc80a0d8: start FollowerState
2019-10-16 18:00:56,534 [Thread-1306] INFO  impl.FollowerState (FollowerState.java:run(117)) - f4c54511-b161-4347-aec5-5236dc80a0d8@group-EFD1D20A002C-FollowerState was interrupted: java.lang.InterruptedException: sleep interrupted
2019-10-16 18:00:56,534 [grpc-default-executor-0] INFO  impl.RaftServerImpl (RaftServerImpl.java:setRole(184)) - 907b9765-214b-4864-b66a-d6e2a5789e5c@group-EFD1D20A002C: changes role from  FOLLOWER to FOLLOWER at term 212 for recognizeCandidate:bf55b3f9-6b09-4365-9d71-55289e083fa5
2019-10-16 18:00:56,534 [grpc-default-executor-0] INFO  impl.RoleInfo (RoleInfo.java:shutdownFollowerState(121)) - 907b9765-214b-4864-b66a-d6e2a5789e5c: shutdown FollowerState
2019-10-16 18:00:56,535 [grpc-default-executor-0] INFO  impl.RoleInfo (RoleInfo.java:updateAndGet(143)) - 907b9765-214b-4864-b66a-d6e2a5789e5c: start FollowerState
2019-10-16 18:00:56,535 [Thread-1305] INFO  impl.FollowerState (FollowerState.java:run(117)) - 907b9765-214b-4864-b66a-d6e2a5789e5c@group-EFD1D20A002C-FollowerState was interrupted: java.lang.InterruptedException: sleep interrupted
2019-10-16 18:00:56,552 [bf55b3f9-6b09-4365-9d71-55289e083fa5@group-EFD1D20A002C-LeaderElection184] INFO  impl.LeaderElection (LeaderElection.java:logAndReturn(56)) - bf55b3f9-6b09-4365-9d71-55289e083fa5@group-EFD1D20A002C-LeaderElection184: Election TIMEOUT; received 0 response(s) [] and 0 exception(s); bf55b3f9-6b09-4365-9d71-55289e083fa5@group-EFD1D20A002C:t212, leader=null, voted=bf55b3f9-6b09-4365-9d71-55289e083fa5, raftlog=bf55b3f9-6b09-4365-9d71-55289e083fa5@group-EFD1D20A002C-SegmentedRaftLog:OPENED:c-1,f-1,i0, conf=-1: [f4c54511-b161-4347-aec5-5236dc80a0d8:0.0.0.0:41238, 907b9765-214b-4864-b66a-d6e2a5789e5c:0.0.0.0:41650, bf55b3f9-6b09-4365-9d71-55289e083fa5:0.0.0.0:42441], old=null
2019-10-16 18:00:56,582 [bf55b3f9-6b09-4365-9d71-55289e083fa5@group-EFD1D20A002C-LeaderElection184] INFO  impl.LeaderElection (LeaderElection.java:askForVotes(178)) - bf55b3f9-6b09-4365-9d71-55289e083fa5@group-EFD1D20A002C-LeaderElection184: begin an election at term 213 for -1: [f4c54511-b161-4347-aec5-5236dc80a0d8:0.0.0.0:41238, 907b9765-214b-4864-b66a-d6e2a5789e5c:0.0.0.0:41650, bf55b3f9-6b09-4365-9d71-55289e083fa5:0.0.0.0:42441], old=null
2019-10-16 18:00:56,584 [grpc-default-executor-3] INFO  impl.RaftServerImpl (RaftServerImpl.java:setRole(184)) - f4c54511-b161-4347-aec5-5236dc80a0d8@group-EFD1D20A002C: changes role from  FOLLOWER to FOLLOWER at term 213 for recognizeCandidate:bf55b3f9-6b09-4365-9d71-55289e083fa5
2019-10-16 18:00:56,584 [grpc-default-executor-0] INFO  impl.RaftServerImpl (RaftServerImpl.java:setRole(184)) - 907b9765-214b-4864-b66a-d6e2a5789e5c@group-EFD1D20A002C: changes role from  FOLLOWER to FOLLOWER at term 213 for recognizeCandidate:bf55b3f9-6b09-4365-9d71-55289e083fa5
2019-10-16 18:00:56,584 [grpc-default-executor-0] INFO  impl.RoleInfo (RoleInfo.java:shutdownFollowerState(121)) - 907b9765-214b-4864-b66a-d6e2a5789e5c: shutdown FollowerState
2019-10-16 18:00:56,584 [grpc-default-executor-3] INFO  impl.RoleInfo (RoleInfo.java:shutdownFollowerState(121)) - f4c54511-b161-4347-aec5-5236dc80a0d8: shutdown FollowerState
2019-10-16 18:00:56,584 [Thread-1312] INFO  impl.FollowerState (FollowerState.java:run(117)) - 907b9765-214b-4864-b66a-d6e2a5789e5c@group-EFD1D20A002C-FollowerState was interrupted: java.lang.InterruptedException: sleep interrupted
2019-10-16 18:00:56,584 [grpc-default-executor-0] INFO  impl.RoleInfo (RoleInfo.java:updateAndGet(143)) - 907b9765-214b-4864-b66a-d6e2a5789e5c: start FollowerState
2019-10-16 18:00:56,585 [grpc-default-executor-3] INFO  impl.RoleInfo (RoleInfo.java:updateAndGet(143)) - f4c54511-b161-4347-aec5-5236dc80a0d8: start FollowerState
2019-10-16 18:00:56,585 [Thread-1311] INFO  impl.FollowerState (FollowerState.java:run(117)) - f4c54511-b161-4347-aec5-5236dc80a0d8@group-EFD1D20A002C-FollowerState was interrupted: java.lang.InterruptedException: sleep interrupted
2019-10-16 18:00:56,608 [bf55b3f9-6b09-4365-9d71-55289e083fa5@group-EFD1D20A002C-LeaderElection184] INFO  impl.LeaderElection (LeaderElection.java:logAndReturn(56)) - bf55b3f9-6b09-4365-9d71-55289e083fa5@group-EFD1D20A002C-LeaderElection184: Election REJECTED; received 2 response(s) [bf55b3f9-6b09-4365-9d71-55289e083fa5<-f4c54511-b161-4347-aec5-5236dc80a0d8#0:FAIL-t213, bf55b3f9-6b09-4365-9d71-55289e083fa5<-907b9765-214b-4864-b66a-d6e2a5789e5c#0:FAIL-t213] and 0 exception(s); bf55b3f9-6b09-4365-9d71-55289e083fa5@group-EFD1D20A002C:t213, leader=null, voted=bf55b3f9-6b09-4365-9d71-55289e083fa5, raftlog=bf55b3f9-6b09-4365-9d71-55289e083fa5@group-EFD1D20A002C-SegmentedRaftLog:OPENED:c-1,f-1,i0, conf=-1: [f4c54511-b161-4347-aec5-5236dc80a0d8:0.0.0.0:41238, 907b9765-214b-4864-b66a-d6e2a5789e5c:0.0.0.0:41650, bf55b3f9-6b09-4365-9d71-55289e083fa5:0.0.0.0:42441], old=null
2019-10-16 18:00:56,608 [bf55b3f9-6b09-4365-9d71-55289e083fa5@group-EFD1D20A002C-LeaderElection184] INFO  impl.RaftServerImpl (RaftServerImpl.java:setRole(184)) - bf55b3f9-6b09-4365-9d71-55289e083fa5@group-EFD1D20A002C: changes role from CANDIDATE to FOLLOWER at term 213 for DISCOVERED_A_NEW_TERM
2019-10-16 18:00:56,609 [bf55b3f9-6b09-4365-9d71-55289e083fa5@group-EFD1D20A002C-LeaderElection184] INFO  impl.RoleInfo (RoleInfo.java:shutdownLeaderElection(134)) - bf55b3f9-6b09-4365-9d71-55289e083fa5: shutdown LeaderElection
2019-10-16 18:00:56,609 [bf55b3f9-6b09-4365-9d71-55289e083fa5@group-EFD1D20A002C-LeaderElection184] INFO  impl.RoleInfo (RoleInfo.java:updateAndGet(143)) - bf55b3f9-6b09-4365-9d71-55289e083fa5: start FollowerState
2019-10-16 18:00:56,779 [Thread-1317] INFO  impl.FollowerState (FollowerState.java:run(108)) - bf55b3f9-6b09-4365-9d71-55289e083fa5@group-EFD1D20A002C-FollowerState: change to CANDIDATE, lastRpcTime:170ms, electionTimeout:170ms
2019-10-16 18:00:56,779 [Thread-1317] INFO  impl.RoleInfo (RoleInfo.java:shutdownFollowerState(121)) - bf55b3f9-6b09-4365-9d71-55289e083fa5: shutdown FollowerState
2019-10-16 18:00:56,779 [Thread-1317] INFO  impl.RaftServerImpl (RaftServerImpl.java:setRole(184)) - bf55b3f9-6b09-4365-9d71-55289e083fa5@group-EFD1D20A002C: changes role from  FOLLOWER to CANDIDATE at term 213 for changeToCandidate
2019-10-16 18:00:56,780 [Thread-1317] INFO  impl.RoleInfo (RoleInfo.java:updateAndGet(143)) - bf55b3f9-6b09-4365-9d71-55289e083fa5: start LeaderElection
2019-10-16 18:00:56,809 [bf55b3f9-6b09-4365-9d71-55289e083fa5@group-EFD1D20A002C-LeaderElection185] INFO  impl.LeaderElection (LeaderElection.java:askForVotes(178)) - bf55b3f9-6b09-4365-9d71-55289e083fa5@group-EFD1D20A002C-LeaderElection185: begin an election at term 214 for -1: [f4c54511-b161-4347-aec5-5236dc80a0d8:0.0.0.0:41238, 907b9765-214b-4864-b66a-d6e2a5789e5c:0.0.0.0:41650, bf55b3f9-6b09-4365-9d71-55289e083fa5:0.0.0.0:42441], old=null
2019-10-16 18:00:56,811 [grpc-default-executor-3] INFO  impl.RaftServerImpl (RaftServerImpl.java:setRole(184)) - f4c54511-b161-4347-aec5-5236dc80a0d8@group-EFD1D20A002C: changes role from  FOLLOWER to FOLLOWER at term 214 for recognizeCandidate:bf55b3f9-6b09-4365-9d71-55289e083fa5
2019-10-16 18:00:56,811 [grpc-default-executor-0] INFO  impl.RaftServerImpl (RaftServerImpl.java:setRole(184)) - 907b9765-214b-4864-b66a-d6e2a5789e5c@group-EFD1D20A002C: changes role from  FOLLOWER to FOLLOWER at term 214 for recognizeCandidate:bf55b3f9-6b09-4365-9d71-55289e083fa5
2019-10-16 18:00:56,811 [grpc-default-executor-0] INFO  impl.RoleInfo (RoleInfo.java:shutdownFollowerState(121)) - 907b9765-214b-4864-b66a-d6e2a5789e5c: shutdown FollowerState
2019-10-16 18:00:56,811 [grpc-default-executor-3] INFO  impl.RoleInfo (RoleInfo.java:shutdownFollowerState(121)) - f4c54511-b161-4347-aec5-5236dc80a0d8: shutdown FollowerState
2019-10-16 18:00:56,811 [grpc-default-executor-3] INFO  impl.RoleInfo (RoleInfo.java:updateAndGet(143)) - f4c54511-b161-4347-aec5-5236dc80a0d8: start FollowerState
2019-10-16 18:00:56,811 [Thread-1315] INFO  impl.FollowerState (FollowerState.java:run(117)) - 907b9765-214b-4864-b66a-d6e2a5789e5c@group-EFD1D20A002C-FollowerState was interrupted: java.lang.InterruptedException: sleep interrupted
2019-10-16 18:00:56,811 [grpc-default-executor-0] INFO  impl.RoleInfo (RoleInfo.java:updateAndGet(143)) - 907b9765-214b-4864-b66a-d6e2a5789e5c: start FollowerState
2019-10-16 18:00:56,811 [Thread-1316] INFO  impl.FollowerState (FollowerState.java:run(117)) - f4c54511-b161-4347-aec5-5236dc80a0d8@group-EFD1D20A002C-FollowerState was interrupted: java.lang.InterruptedException: sleep interrupted
2019-10-16 18:00:56,835 [bf55b3f9-6b09-4365-9d71-55289e083fa5@group-EFD1D20A002C-LeaderElection185] INFO  impl.LeaderElection (LeaderElection.java:logAndReturn(56)) - bf55b3f9-6b09-4365-9d71-55289e083fa5@group-EFD1D20A002C-LeaderElection185: Election REJECTED; received 2 response(s) [bf55b3f9-6b09-4365-9d71-55289e083fa5<-f4c54511-b161-4347-aec5-5236dc80a0d8#0:FAIL-t214, bf55b3f9-6b09-4365-9d71-55289e083fa5<-907b9765-214b-4864-b66a-d6e2a5789e5c#0:FAIL-t214] and 0 exception(s); bf55b3f9-6b09-4365-9d71-55289e083fa5@group-EFD1D20A002C:t214, leader=null, voted=bf55b3f9-6b09-4365-9d71-55289e083fa5, raftlog=bf55b3f9-6b09-4365-9d71-55289e083fa5@group-EFD1D20A002C-SegmentedRaftLog:OPENED:c-1,f-1,i0, conf=-1: [f4c54511-b161-4347-aec5-5236dc80a0d8:0.0.0.0:41238, 907b9765-214b-4864-b66a-d6e2a5789e5c:0.0.0.0:41650, bf55b3f9-6b09-4365-9d71-55289e083fa5:0.0.0.0:42441], old=null
2019-10-16 18:00:56,835 [bf55b3f9-6b09-4365-9d71-55289e083fa5@group-EFD1D20A002C-LeaderElection185] INFO  impl.RaftServerImpl (RaftServerImpl.java:setRole(184)) - bf55b3f9-6b09-4365-9d71-55289e083fa5@group-EFD1D20A002C: changes role from CANDIDATE to FOLLOWER at term 214 for DISCOVERED_A_NEW_TERM
2019-10-16 18:00:56,835 [bf55b3f9-6b09-4365-9d71-55289e083fa5@group-EFD1D20A002C-LeaderElection185] INFO  impl.RoleInfo (RoleInfo.java:shutdownLeaderElection(134)) - bf55b3f9-6b09-4365-9d71-55289e083fa5: shutdown LeaderElection
2019-10-16 18:00:56,835 [bf55b3f9-6b09-4365-9d71-55289e083fa5@group-EFD1D20A002C-LeaderElection185] INFO  impl.RoleInfo (RoleInfo.java:updateAndGet(143)) - bf55b3f9-6b09-4365-9d71-55289e083fa5: start FollowerState
2019-10-16 18:00:56,956 [Thread-1323] INFO  impl.FollowerState (FollowerState.java:run(108)) - bf55b3f9-6b09-4365-9d71-55289e083fa5@group-EFD1D20A002C-FollowerState: change to CANDIDATE, lastRpcTime:120ms, electionTimeout:120ms
2019-10-16 18:00:56,956 [Thread-1323] INFO  impl.RoleInfo (RoleInfo.java:shutdownFollowerState(121)) - bf55b3f9-6b09-4365-9d71-55289e083fa5: shutdown FollowerState
2019-10-16 18:00:56,956 [Thread-1323] INFO  impl.RaftServerImpl (RaftServerImpl.java:setRole(184)) - bf55b3f9-6b09-4365-9d71-55289e083fa5@group-EFD1D20A002C: changes role from  FOLLOWER to CANDIDATE at term 214 for changeToCandidate
2019-10-16 18:00:56,956 [Thread-1323] INFO  impl.RoleInfo (RoleInfo.java:updateAndGet(143)) - bf55b3f9-6b09-4365-9d71-55289e083fa5: start LeaderElection
2019-10-16 18:00:56,985 [bf55b3f9-6b09-4365-9d71-55289e083fa5@group-EFD1D20A002C-LeaderElection186] INFO  impl.LeaderElection (LeaderElection.java:askForVotes(178)) - bf55b3f9-6b09-4365-9d71-55289e083fa5@group-EFD1D20A002C-LeaderElection186: begin an election at term 215 for -1: [f4c54511-b161-4347-aec5-5236dc80a0d8:0.0.0.0:41238, 907b9765-214b-4864-b66a-d6e2a5789e5c:0.0.0.0:41650, bf55b3f9-6b09-4365-9d71-55289e083fa5:0.0.0.0:42441], old=null
2019-10-16 18:00:56,987 [grpc-default-executor-0] INFO  impl.RaftServerImpl (RaftServerImpl.java:setRole(184)) - f4c54511-b161-4347-aec5-5236dc80a0d8@group-EFD1D20A002C: changes role from  FOLLOWER to FOLLOWER at term 215 for recognizeCandidate:bf55b3f9-6b09-4365-9d71-55289e083fa5
2019-10-16 18:00:56,988 [grpc-default-executor-0] INFO  impl.RoleInfo (RoleInfo.java:shutdownFollowerState(121)) - f4c54511-b161-4347-aec5-5236dc80a0d8: shutdown FollowerState
2019-10-16 18:00:56,988 [grpc-default-executor-3] INFO  impl.RaftServerImpl (RaftServerImpl.java:setRole(184)) - 907b9765-214b-4864-b66a-d6e2a5789e5c@group-EFD1D20A002C: changes role from  FOLLOWER to FOLLOWER at term 215 for recognizeCandidate:bf55b3f9-6b09-4365-9d71-55289e083fa5
2019-10-16 18:00:56,988 [grpc-default-executor-3] INFO  impl.RoleInfo (RoleInfo.java:shutdownFollowerState(121)) - 907b9765-214b-4864-b66a-d6e2a5789e5c: shutdown FollowerState
2019-10-16 18:00:56,988 [Thread-1322] INFO  impl.FollowerState (FollowerState.java:run(117)) - f4c54511-b161-4347-aec5-5236dc80a0d8@group-EFD1D20A002C-FollowerState was interrupted: java.lang.InterruptedException: sleep interrupted
2019-10-16 18:00:56,988 [grpc-default-executor-0] INFO  impl.RoleInfo (RoleInfo.java:updateAndGet(143)) - f4c54511-b161-4347-aec5-5236dc80a0d8: start FollowerState
2019-10-16 18:00:56,988 [grpc-default-executor-3] INFO  impl.RoleInfo (RoleInfo.java:updateAndGet(143)) - 907b9765-214b-4864-b66a-d6e2a5789e5c: start FollowerState
2019-10-16 18:00:56,988 [Thread-1321] INFO  impl.FollowerState (FollowerState.java:run(117)) - 907b9765-214b-4864-b66a-d6e2a5789e5c@group-EFD1D20A002C-FollowerState was interrupted: java.lang.InterruptedException: sleep interrupted
2019-10-16 18:00:56,997 [bf55b3f9-6b09-4365-9d71-55289e083fa5@group-EFD1D20A002C-LeaderElection186] INFO  impl.LeaderElection (LeaderElection.java:logAndReturn(56)) - bf55b3f9-6b09-4365-9d71-55289e083fa5@group-EFD1D20A002C-LeaderElection186: Election TIMEOUT; received 0 response(s) [] and 0 exception(s); bf55b3f9-6b09-4365-9d71-55289e083fa5@group-EFD1D20A002C:t215, leader=null, voted=bf55b3f9-6b09-4365-9d71-55289e083fa5, raftlog=bf55b3f9-6b09-4365-9d71-55289e083fa5@group-EFD1D20A002C-SegmentedRaftLog:OPENED:c-1,f-1,i0, conf=-1: [f4c54511-b161-4347-aec5-5236dc80a0d8:0.0.0.0:41238, 907b9765-214b-4864-b66a-d6e2a5789e5c:0.0.0.0:41650, bf55b3f9-6b09-4365-9d71-55289e083fa5:0.0.0.0:42441], old=null
2019-10-16 18:00:57,011 [bf55b3f9-6b09-4365-9d71-55289e083fa5@group-EFD1D20A002C-LeaderElection186] INFO  impl.LeaderElection (LeaderElection.java:askForVotes(178)) - bf55b3f9-6b09-4365-9d71-55289e083fa5@group-EFD1D20A002C-LeaderElection186: begin an election at term 216 for -1: [f4c54511-b161-4347-aec5-5236dc80a0d8:0.0.0.0:41238, 907b9765-214b-4864-b66a-d6e2a5789e5c:0.0.0.0:41650, bf55b3f9-6b09-4365-9d71-55289e083fa5:0.0.0.0:42441], old=null
2019-10-16 18:00:57,014 [grpc-default-executor-0] INFO  impl.RaftServerImpl (RaftServerImpl.java:setRole(184)) - f4c54511-b161-4347-aec5-5236dc80a0d8@group-EFD1D20A002C: changes role from  FOLLOWER to FOLLOWER at term 216 for recognizeCandidate:bf55b3f9-6b09-4365-9d71-55289e083fa5
2019-10-16 18:00:57,014 [grpc-default-executor-0] INFO  impl.RoleInfo (RoleInfo.java:shutdownFollowerState(121)) - f4c54511-b161-4347-aec5-5236dc80a0d8: shutdown FollowerState
2019-10-16 18:00:57,014 [grpc-default-executor-3] INFO  impl.RaftServerImpl (RaftServerImpl.java:setRole(184)) - 907b9765-214b-4864-b66a-d6e2a5789e5c@group-EFD1D20A002C: changes role from  FOLLOWER to FOLLOWER at term 216 for recognizeCandidate:bf55b3f9-6b09-4365-9d71-55289e083fa5
2019-10-16 18:00:57,014 [grpc-default-executor-0] INFO  impl.RoleInfo (RoleInfo.java:updateAndGet(143)) - f4c54511-b161-4347-aec5-5236dc80a0d8: start FollowerState
2019-10-16 18:00:57,014 [Thread-1329] INFO  impl.FollowerState (FollowerState.java:run(117)) - f4c54511-b161-4347-aec5-5236dc80a0d8@group-EFD1D20A002C-FollowerState was interrupted: java.lang.InterruptedException: sleep interrupted
2019-10-16 18:00:57,014 [grpc-default-executor-3] INFO  impl.RoleInfo (RoleInfo.java:shutdownFollowerState(121)) - 907b9765-214b-4864-b66a-d6e2a5789e5c: shutdown FollowerState
2019-10-16 18:00:57,015 [grpc-default-executor-3] INFO  impl.RoleInfo (RoleInfo.java:updateAndGet(143)) - 907b9765-214b-4864-b66a-d6e2a5789e5c: start FollowerState
2019-10-16 18:00:57,015 [Thread-1330] INFO  impl.FollowerState (FollowerState.java:run(117)) - 907b9765-214b-4864-b66a-d6e2a5789e5c@group-EFD1D20A002C-FollowerState was interrupted: java.lang.InterruptedException: sleep interrupted
2019-10-16 18:00:57,038 [bf55b3f9-6b09-4365-9d71-55289e083fa5@group-EFD1D20A002C-LeaderElection186] INFO  impl.LeaderElection (LeaderElection.java:logAndReturn(56)) - bf55b3f9-6b09-4365-9d71-55289e083fa5@group-EFD1D20A002C-LeaderElection186: Election REJECTED; received 2 response(s) [bf55b3f9-6b09-4365-9d71-55289e083fa5<-f4c54511-b161-4347-aec5-5236dc80a0d8#0:FAIL-t216, bf55b3f9-6b09-4365-9d71-55289e083fa5<-907b9765-214b-4864-b66a-d6e2a5789e5c#0:FAIL-t216] and 0 exception(s); bf55b3f9-6b09-4365-9d71-55289e083fa5@group-EFD1D20A002C:t216, leader=null, voted=bf55b3f9-6b09-4365-9d71-55289e083fa5, raftlog=bf55b3f9-6b09-4365-9d71-55289e083fa5@group-EFD1D20A002C-SegmentedRaftLog:OPENED:c-1,f-1,i0, conf=-1: [f4c54511-b161-4347-aec5-5236dc80a0d8:0.0.0.0:41238, 907b9765-214b-4864-b66a-d6e2a5789e5c:0.0.0.0:41650, bf55b3f9-6b09-4365-9d71-55289e083fa5:0.0.0.0:42441], old=null
2019-10-16 18:00:57,038 [bf55b3f9-6b09-4365-9d71-55289e083fa5@group-EFD1D20A002C-LeaderElection186] INFO  impl.RaftServerImpl (RaftServerImpl.java:setRole(184)) - bf55b3f9-6b09-4365-9d71-55289e083fa5@group-EFD1D20A002C: changes role from CANDIDATE to FOLLOWER at term 216 for DISCOVERED_A_NEW_TERM
2019-10-16 18:00:57,038 [bf55b3f9-6b09-4365-9d71-55289e083fa5@group-EFD1D20A002C-LeaderElection186] INFO  impl.RoleInfo (RoleInfo.java:shutdownLeaderElection(134)) - bf55b3f9-6b09-4365-9d71-55289e083fa5: shutdown LeaderElection
2019-10-16 18:00:57,038 [bf55b3f9-6b09-4365-9d71-55289e083fa5@group-EFD1D20A002C-LeaderElection186] INFO  impl.RoleInfo (RoleInfo.java:updateAndGet(143)) - bf55b3f9-6b09-4365-9d71-55289e083fa5: start FollowerState
2019-10-16 18:00:57,120 [Thread-1335] INFO  impl.FollowerState (FollowerState.java:run(108)) - bf55b3f9-6b09-4365-9d71-55289e083fa5@group-EFD1D20A002C-FollowerState: change to CANDIDATE, lastRpcTime:81ms, electionTimeout:81ms
2019-10-16 18:00:57,120 [Thread-1335] INFO  impl.RoleInfo (RoleInfo.java:shutdownFollowerState(121)) - bf55b3f9-6b09-4365-9d71-55289e083fa5: shutdown FollowerState
2019-10-16 18:00:57,120 [Thread-1335] INFO  impl.RaftServerImpl (RaftServerImpl.java:setRole(184)) - bf55b3f9-6b09-4365-9d71-55289e083fa5@group-EFD1D20A002C: changes role from  FOLLOWER to CANDIDATE at term 216 for changeToCandidate
2019-10-16 18:00:57,120 [Thread-1335] INFO  impl.RoleInfo (RoleInfo.java:updateAndGet(143)) - bf55b3f9-6b09-4365-9d71-55289e083fa5: start LeaderElection
2019-10-16 18:00:57,147 [bf55b3f9-6b09-4365-9d71-55289e083fa5@group-EFD1D20A002C-LeaderElection187] INFO  impl.LeaderElection (LeaderElection.java:askForVotes(178)) - bf55b3f9-6b09-4365-9d71-55289e083fa5@group-EFD1D20A002C-LeaderElection187: begin an election at term 217 for -1: [f4c54511-b161-4347-aec5-5236dc80a0d8:0.0.0.0:41238, 907b9765-214b-4864-b66a-d6e2a5789e5c:0.0.0.0:41650, bf55b3f9-6b09-4365-9d71-55289e083fa5:0.0.0.0:42441], old=null
2019-10-16 18:00:57,149 [grpc-default-executor-0] INFO  impl.RaftServerImpl (RaftServerImpl.java:setRole(184)) - 907b9765-214b-4864-b66a-d6e2a5789e5c@group-EFD1D20A002C: changes role from  FOLLOWER to FOLLOWER at term 217 for recognizeCandidate:bf55b3f9-6b09-4365-9d71-55289e083fa5
2019-10-16 18:00:57,149 [grpc-default-executor-3] INFO  impl.RaftServerImpl (RaftServerImpl.java:setRole(184)) - f4c54511-b161-4347-aec5-5236dc80a0d8@group-EFD1D20A002C: changes role from  FOLLOWER to FOLLOWER at term 217 for recognizeCandidate:bf55b3f9-6b09-4365-9d71-55289e083fa5
2019-10-16 18:00:57,150 [grpc-default-executor-0] INFO  impl.RoleInfo (RoleInfo.java:shutdownFollowerState(121)) - 907b9765-214b-4864-b66a-d6e2a5789e5c: shutdown FollowerState
2019-10-16 18:00:57,150 [grpc-default-executor-3] INFO  impl.RoleInfo (RoleInfo.java:shutdownFollowerState(121)) - f4c54511-b161-4347-aec5-5236dc80a0d8: shutdown FollowerState
2019-10-16 18:00:57,150 [Thread-1334] INFO  impl.FollowerState (FollowerState.java:run(117)) - 907b9765-214b-4864-b66a-d6e2a5789e5c@group-EFD1D20A002C-FollowerState was interrupted: java.lang.InterruptedException: sleep interrupted
2019-10-16 18:00:57,150 [grpc-default-executor-0] INFO  impl.RoleInfo (RoleInfo.java:updateAndGet(143)) - 907b9765-214b-4864-b66a-d6e2a5789e5c: start FollowerState
2019-10-16 18:00:57,150 [Thread-1333] INFO  impl.FollowerState (FollowerState.java:run(117)) - f4c54511-b161-4347-aec5-5236dc80a0d8@group-EFD1D20A002C-FollowerState was interrupted: java.lang.InterruptedException: sleep interrupted
2019-10-16 18:00:57,150 [grpc-default-executor-3] INFO  impl.RoleInfo (RoleInfo.java:updateAndGet(143)) - f4c54511-b161-4347-aec5-5236dc80a0d8: start FollowerState
2019-10-16 18:00:57,173 [bf55b3f9-6b09-4365-9d71-55289e083fa5@group-EFD1D20A002C-LeaderElection187] INFO  impl.LeaderElection (LeaderElection.java:logAndReturn(56)) - bf55b3f9-6b09-4365-9d71-55289e083fa5@group-EFD1D20A002C-LeaderElection187: Election REJECTED; received 2 response(s) [bf55b3f9-6b09-4365-9d71-55289e083fa5<-f4c54511-b161-4347-aec5-5236dc80a0d8#0:FAIL-t217, bf55b3f9-6b09-4365-9d71-55289e083fa5<-907b9765-214b-4864-b66a-d6e2a5789e5c#0:FAIL-t217] and 0 exception(s); bf55b3f9-6b09-4365-9d71-55289e083fa5@group-EFD1D20A002C:t217, leader=null, voted=bf55b3f9-6b09-4365-9d71-55289e083fa5, raftlog=bf55b3f9-6b09-4365-9d71-55289e083fa5@group-EFD1D20A002C-SegmentedRaftLog:OPENED:c-1,f-1,i0, conf=-1: [f4c54511-b161-4347-aec5-5236dc80a0d8:0.0.0.0:41238, 907b9765-214b-4864-b66a-d6e2a5789e5c:0.0.0.0:41650, bf55b3f9-6b09-4365-9d71-55289e083fa5:0.0.0.0:42441], old=null
2019-10-16 18:00:57,173 [bf55b3f9-6b09-4365-9d71-55289e083fa5@group-EFD1D20A002C-LeaderElection187] INFO  impl.RaftServerImpl (RaftServerImpl.java:setRole(184)) - bf55b3f9-6b09-4365-9d71-55289e083fa5@group-EFD1D20A002C: changes role from CANDIDATE to FOLLOWER at term 217 for DISCOVERED_A_NEW_TERM
2019-10-16 18:00:57,173 [bf55b3f9-6b09-4365-9d71-55289e083fa5@group-EFD1D20A002C-LeaderElection187] INFO  impl.RoleInfo (RoleInfo.java:shutdownLeaderElection(134)) - bf55b3f9-6b09-4365-9d71-55289e083fa5: shutdown LeaderElection
2019-10-16 18:00:57,173 [bf55b3f9-6b09-4365-9d71-55289e083fa5@group-EFD1D20A002C-LeaderElection187] INFO  impl.RoleInfo (RoleInfo.java:updateAndGet(143)) - bf55b3f9-6b09-4365-9d71-55289e083fa5: start FollowerState
2019-10-16 18:00:57,273 [Thread-1341] INFO  impl.FollowerState (FollowerState.java:run(108)) - bf55b3f9-6b09-4365-9d71-55289e083fa5@group-EFD1D20A002C-FollowerState: change to CANDIDATE, lastRpcTime:100ms, electionTimeout:100ms
2019-10-16 18:00:57,274 [Thread-1341] INFO  impl.RoleInfo (RoleInfo.java:shutdownFollowerState(121)) - bf55b3f9-6b09-4365-9d71-55289e083fa5: shutdown FollowerState
2019-10-16 18:00:57,274 [Thread-1341] INFO  impl.RaftServerImpl (RaftServerImpl.java:setRole(184)) - bf55b3f9-6b09-4365-9d71-55289e083fa5@group-EFD1D20A002C: changes role from  FOLLOWER to CANDIDATE at term 217 for changeToCandidate
2019-10-16 18:00:57,274 [Thread-1341] INFO  impl.RoleInfo (RoleInfo.java:updateAndGet(143)) - bf55b3f9-6b09-4365-9d71-55289e083fa5: start LeaderElection
2019-10-16 18:00:57,297 [bf55b3f9-6b09-4365-9d71-55289e083fa5@group-EFD1D20A002C-LeaderElection188] INFO  impl.LeaderElection (LeaderElection.java:askForVotes(178)) - bf55b3f9-6b09-4365-9d71-55289e083fa5@group-EFD1D20A002C-LeaderElection188: begin an election at term 218 for -1: [f4c54511-b161-4347-aec5-5236dc80a0d8:0.0.0.0:41238, 907b9765-214b-4864-b66a-d6e2a5789e5c:0.0.0.0:41650, bf55b3f9-6b09-4365-9d71-55289e083fa5:0.0.0.0:42441], old=null
2019-10-16 18:00:57,300 [grpc-default-executor-3] INFO  impl.RaftServerImpl (RaftServerImpl.java:setRole(184)) - f4c54511-b161-4347-aec5-5236dc80a0d8@group-EFD1D20A002C: changes role from  FOLLOWER to FOLLOWER at term 218 for recognizeCandidate:bf55b3f9-6b09-4365-9d71-55289e083fa5
2019-10-16 18:00:57,300 [grpc-default-executor-0] INFO  impl.RaftServerImpl (RaftServerImpl.java:setRole(184)) - 907b9765-214b-4864-b66a-d6e2a5789e5c@group-EFD1D20A002C: changes role from  FOLLOWER to FOLLOWER at term 218 for recognizeCandidate:bf55b3f9-6b09-4365-9d71-55289e083fa5
2019-10-16 18:00:57,300 [grpc-default-executor-3] INFO  impl.RoleInfo (RoleInfo.java:shutdownFollowerState(121)) - f4c54511-b161-4347-aec5-5236dc80a0d8: shutdown FollowerState
2019-10-16 18:00:57,300 [grpc-default-executor-0] INFO  impl.RoleInfo (RoleInfo.java:shutdownFollowerState(121)) - 907b9765-214b-4864-b66a-d6e2a5789e5c: shutdown FollowerState
2019-10-16 18:00:57,300 [Thread-1340] INFO  impl.FollowerState (FollowerState.java:run(117)) - f4c54511-b161-4347-aec5-5236dc80a0d8@group-EFD1D20A002C-FollowerState was interrupted: java.lang.InterruptedException: sleep interrupted
2019-10-16 18:00:57,300 [grpc-default-executor-3] INFO  impl.RoleInfo (RoleInfo.java:updateAndGet(143)) - f4c54511-b161-4347-aec5-5236dc80a0d8: start FollowerState
2019-10-16 18:00:57,300 [grpc-default-executor-0] INFO  impl.RoleInfo (RoleInfo.java:updateAndGet(143)) - 907b9765-214b-4864-b66a-d6e2a5789e5c: start FollowerState
2019-10-16 18:00:57,300 [Thread-1339] INFO  impl.FollowerState (FollowerState.java:run(117)) - 907b9765-214b-4864-b66a-d6e2a5789e5c@group-EFD1D20A002C-FollowerState was interrupted: java.lang.InterruptedException: sleep interrupted
2019-10-16 18:00:57,324 [bf55b3f9-6b09-4365-9d71-55289e083fa5@group-EFD1D20A002C-LeaderElection188] INFO  impl.LeaderElection (LeaderElection.java:logAndReturn(56)) - bf55b3f9-6b09-4365-9d71-55289e083fa5@group-EFD1D20A002C-LeaderElection188: Election REJECTED; received 2 response(s) [bf55b3f9-6b09-4365-9d71-55289e083fa5<-f4c54511-b161-4347-aec5-5236dc80a0d8#0:FAIL-t218, bf55b3f9-6b09-4365-9d71-55289e083fa5<-907b9765-214b-4864-b66a-d6e2a5789e5c#0:FAIL-t218] and 0 exception(s); bf55b3f9-6b09-4365-9d71-55289e083fa5@group-EFD1D20A002C:t218, leader=null, voted=bf55b3f9-6b09-4365-9d71-55289e083fa5, raftlog=bf55b3f9-6b09-4365-9d71-55289e083fa5@group-EFD1D20A002C-SegmentedRaftLog:OPENED:c-1,f-1,i0, conf=-1: [f4c54511-b161-4347-aec5-5236dc80a0d8:0.0.0.0:41238, 907b9765-214b-4864-b66a-d6e2a5789e5c:0.0.0.0:41650, bf55b3f9-6b09-4365-9d71-55289e083fa5:0.0.0.0:42441], old=null
2019-10-16 18:00:57,324 [bf55b3f9-6b09-4365-9d71-55289e083fa5@group-EFD1D20A002C-LeaderElection188] INFO  impl.RaftServerImpl (RaftServerImpl.java:setRole(184)) - bf55b3f9-6b09-4365-9d71-55289e083fa5@group-EFD1D20A002C: changes role from CANDIDATE to FOLLOWER at term 218 for DISCOVERED_A_NEW_TERM
2019-10-16 18:00:57,324 [bf55b3f9-6b09-4365-9d71-55289e083fa5@group-EFD1D20A002C-LeaderElection188] INFO  impl.RoleInfo (RoleInfo.java:shutdownLeaderElection(134)) - bf55b3f9-6b09-4365-9d71-55289e083fa5: shutdown LeaderElection
2019-10-16 18:00:57,324 [bf55b3f9-6b09-4365-9d71-55289e083fa5@group-EFD1D20A002C-LeaderElection188] INFO  impl.RoleInfo (RoleInfo.java:updateAndGet(143)) - bf55b3f9-6b09-4365-9d71-55289e083fa5: start FollowerState
2019-10-16 18:00:57,324 [Thread-1347] INFO  impl.FollowerState (FollowerState.java:run(108)) - bf55b3f9-6b09-4365-9d71-55289e083fa5@group-EFD1D20A002C-FollowerState: change to CANDIDATE, lastRpcTime:0ms, electionTimeout:0ms
2019-10-16 18:00:57,324 [Thread-1347] INFO  impl.RoleInfo (RoleInfo.java:shutdownFollowerState(121)) - bf55b3f9-6b09-4365-9d71-55289e083fa5: shutdown FollowerState
2019-10-16 18:00:57,325 [Thread-1347] INFO  impl.RaftServerImpl (RaftServerImpl.java:setRole(184)) - bf55b3f9-6b09-4365-9d71-55289e083fa5@group-EFD1D20A002C: changes role from  FOLLOWER to CANDIDATE at term 218 for changeToCandidate
2019-10-16 18:00:57,325 [Thread-1347] INFO  impl.RoleInfo (RoleInfo.java:updateAndGet(143)) - bf55b3f9-6b09-4365-9d71-55289e083fa5: start LeaderElection
2019-10-16 18:00:57,357 [bf55b3f9-6b09-4365-9d71-55289e083fa5@group-EFD1D20A002C-LeaderElection189] INFO  impl.LeaderElection (LeaderElection.java:askForVotes(178)) - bf55b3f9-6b09-4365-9d71-55289e083fa5@group-EFD1D20A002C-LeaderElection189: begin an election at term 219 for -1: [f4c54511-b161-4347-aec5-5236dc80a0d8:0.0.0.0:41238, 907b9765-214b-4864-b66a-d6e2a5789e5c:0.0.0.0:41650, bf55b3f9-6b09-4365-9d71-55289e083fa5:0.0.0.0:42441], old=null
2019-10-16 18:00:57,359 [grpc-default-executor-3] INFO  impl.RaftServerImpl (RaftServerImpl.java:setRole(184)) - f4c54511-b161-4347-aec5-5236dc80a0d8@group-EFD1D20A002C: changes role from  FOLLOWER to FOLLOWER at term 219 for recognizeCandidate:bf55b3f9-6b09-4365-9d71-55289e083fa5
2019-10-16 18:00:57,359 [grpc-default-executor-0] INFO  impl.RaftServerImpl (RaftServerImpl.java:setRole(184)) - 907b9765-214b-4864-b66a-d6e2a5789e5c@group-EFD1D20A002C: changes role from  FOLLOWER to FOLLOWER at term 219 for recognizeCandidate:bf55b3f9-6b09-4365-9d71-55289e083fa5
2019-10-16 18:00:57,359 [grpc-default-executor-3] INFO  impl.RoleInfo (RoleInfo.java:shutdownFollowerState(121)) - f4c54511-b161-4347-aec5-5236dc80a0d8: shutdown FollowerState
2019-10-16 18:00:57,359 [grpc-default-executor-0] INFO  impl.RoleInfo (RoleInfo.java:shutdownFollowerState(121)) - 907b9765-214b-4864-b66a-d6e2a5789e5c: shutdown FollowerState
2019-10-16 18:00:57,359 [Thread-1345] INFO  impl.FollowerState (FollowerState.java:run(117)) - f4c54511-b161-4347-aec5-5236dc80a0d8@group-EFD1D20A002C-FollowerState was interrupted: java.lang.InterruptedException: sleep interrupted
2019-10-16 18:00:57,359 [grpc-default-executor-3] INFO  impl.RoleInfo (RoleInfo.java:updateAndGet(143)) - f4c54511-b161-4347-aec5-5236dc80a0d8: start FollowerState
2019-10-16 18:00:57,360 [Thread-1346] INFO  impl.FollowerState (FollowerState.java:run(117)) - 907b9765-214b-4864-b66a-d6e2a5789e5c@group-EFD1D20A002C-FollowerState was interrupted: java.lang.InterruptedException: sleep interrupted
2019-10-16 18:00:57,360 [grpc-default-executor-0] INFO  impl.RoleInfo (RoleInfo.java:updateAndGet(143)) - 907b9765-214b-4864-b66a-d6e2a5789e5c: start FollowerState
2019-10-16 18:00:57,383 [bf55b3f9-6b09-4365-9d71-55289e083fa5@group-EFD1D20A002C-LeaderElection189] INFO  impl.LeaderElection (LeaderElection.java:logAndReturn(56)) - bf55b3f9-6b09-4365-9d71-55289e083fa5@group-EFD1D20A002C-LeaderElection189: Election REJECTED; received 2 response(s) [bf55b3f9-6b09-4365-9d71-55289e083fa5<-f4c54511-b161-4347-aec5-5236dc80a0d8#0:FAIL-t219, bf55b3f9-6b09-4365-9d71-55289e083fa5<-907b9765-214b-4864-b66a-d6e2a5789e5c#0:FAIL-t219] and 0 exception(s); bf55b3f9-6b09-4365-9d71-55289e083fa5@group-EFD1D20A002C:t219, leader=null, voted=bf55b3f9-6b09-4365-9d71-55289e083fa5, raftlog=bf55b3f9-6b09-4365-9d71-55289e083fa5@group-EFD1D20A002C-SegmentedRaftLog:OPENED:c-1,f-1,i0, conf=-1: [f4c54511-b161-4347-aec5-5236dc80a0d8:0.0.0.0:41238, 907b9765-214b-4864-b66a-d6e2a5789e5c:0.0.0.0:41650, bf55b3f9-6b09-4365-9d71-55289e083fa5:0.0.0.0:42441], old=null
2019-10-16 18:00:57,383 [bf55b3f9-6b09-4365-9d71-55289e083fa5@group-EFD1D20A002C-LeaderElection189] INFO  impl.RaftServerImpl (RaftServerImpl.java:setRole(184)) - bf55b3f9-6b09-4365-9d71-55289e083fa5@group-EFD1D20A002C: changes role from CANDIDATE to FOLLOWER at term 219 for DISCOVERED_A_NEW_TERM
2019-10-16 18:00:57,383 [bf55b3f9-6b09-4365-9d71-55289e083fa5@group-EFD1D20A002C-LeaderElection189] INFO  impl.RoleInfo (RoleInfo.java:shutdownLeaderElection(134)) - bf55b3f9-6b09-4365-9d71-55289e083fa5: shutdown LeaderElection
2019-10-16 18:00:57,383 [bf55b3f9-6b09-4365-9d71-55289e083fa5@group-EFD1D20A002C-LeaderElection189] INFO  impl.RoleInfo (RoleInfo.java:updateAndGet(143)) - bf55b3f9-6b09-4365-9d71-55289e083fa5: start FollowerState
2019-10-16 18:00:57,503 [Thread-1353] INFO  impl.FollowerState (FollowerState.java:run(108)) - bf55b3f9-6b09-4365-9d71-55289e083fa5@group-EFD1D20A002C-FollowerState: change to CANDIDATE, lastRpcTime:119ms, electionTimeout:119ms
2019-10-16 18:00:57,503 [Thread-1353] INFO  impl.RoleInfo (RoleInfo.java:shutdownFollowerState(121)) - bf55b3f9-6b09-4365-9d71-55289e083fa5: shutdown FollowerState
2019-10-16 18:00:57,503 [Thread-1353] INFO  impl.RaftServerImpl (RaftServerImpl.java:setRole(184)) - bf55b3f9-6b09-4365-9d71-55289e083fa5@group-EFD1D20A002C: changes role from  FOLLOWER to CANDIDATE at term 219 for changeToCandidate
2019-10-16 18:00:57,503 [Thread-1353] INFO  impl.RoleInfo (RoleInfo.java:updateAndGet(143)) - bf55b3f9-6b09-4365-9d71-55289e083fa5: start LeaderElection
2019-10-16 18:00:57,525 [bf55b3f9-6b09-4365-9d71-55289e083fa5@group-EFD1D20A002C-LeaderElection190] INFO  impl.LeaderElection (LeaderElection.java:askForVotes(178)) - bf55b3f9-6b09-4365-9d71-55289e083fa5@group-EFD1D20A002C-LeaderElection190: begin an election at term 220 for -1: [f4c54511-b161-4347-aec5-5236dc80a0d8:0.0.0.0:41238, 907b9765-214b-4864-b66a-d6e2a5789e5c:0.0.0.0:41650, bf55b3f9-6b09-4365-9d71-55289e083fa5:0.0.0.0:42441], old=null
2019-10-16 18:00:57,529 [grpc-default-executor-3] INFO  impl.RaftServerImpl (RaftServerImpl.java:setRole(184)) - 907b9765-214b-4864-b66a-d6e2a5789e5c@group-EFD1D20A002C: changes role from  FOLLOWER to FOLLOWER at term 220 for recognizeCandidate:bf55b3f9-6b09-4365-9d71-55289e083fa5
2019-10-16 18:00:57,529 [grpc-default-executor-3] INFO  impl.RoleInfo (RoleInfo.java:shutdownFollowerState(121)) - 907b9765-214b-4864-b66a-d6e2a5789e5c: shutdown FollowerState
2019-10-16 18:00:57,529 [grpc-default-executor-0] INFO  impl.RaftServerImpl (RaftServerImpl.java:setRole(184)) - f4c54511-b161-4347-aec5-5236dc80a0d8@group-EFD1D20A002C: changes role from  FOLLOWER to FOLLOWER at term 220 for recognizeCandidate:bf55b3f9-6b09-4365-9d71-55289e083fa5
2019-10-16 18:00:57,529 [grpc-default-executor-0] INFO  impl.RoleInfo (RoleInfo.java:shutdownFollowerState(121)) - f4c54511-b161-4347-aec5-5236dc80a0d8: shutdown FollowerState
2019-10-16 18:00:57,529 [grpc-default-executor-0] INFO  impl.RoleInfo (RoleInfo.java:updateAndGet(143)) - f4c54511-b161-4347-aec5-5236dc80a0d8: start FollowerState
2019-10-16 18:00:57,529 [Thread-1352] INFO  impl.FollowerState (FollowerState.java:run(117)) - 907b9765-214b-4864-b66a-d6e2a5789e5c@group-EFD1D20A002C-FollowerState was interrupted: java.lang.InterruptedException: sleep interrupted
2019-10-16 18:00:57,529 [grpc-default-executor-3] INFO  impl.RoleInfo (RoleInfo.java:updateAndGet(143)) - 907b9765-214b-4864-b66a-d6e2a5789e5c: start FollowerState
2019-10-16 18:00:57,529 [Thread-1351] INFO  impl.FollowerState (FollowerState.java:run(117)) - f4c54511-b161-4347-aec5-5236dc80a0d8@group-EFD1D20A002C-FollowerState was interrupted: java.lang.InterruptedException: sleep interrupted
2019-10-16 18:00:57,551 [bf55b3f9-6b09-4365-9d71-55289e083fa5@group-EFD1D20A002C-LeaderElection190] INFO  impl.LeaderElection (LeaderElection.java:logAndReturn(56)) - bf55b3f9-6b09-4365-9d71-55289e083fa5@group-EFD1D20A002C-LeaderElection190: Election REJECTED; received 2 response(s) [bf55b3f9-6b09-4365-9d71-55289e083fa5<-f4c54511-b161-4347-aec5-5236dc80a0d8#0:FAIL-t220, bf55b3f9-6b09-4365-9d71-55289e083fa5<-907b9765-214b-4864-b66a-d6e2a5789e5c#0:FAIL-t220] and 0 exception(s); bf55b3f9-6b09-4365-9d71-55289e083fa5@group-EFD1D20A002C:t220, leader=null, voted=bf55b3f9-6b09-4365-9d71-55289e083fa5, raftlog=bf55b3f9-6b09-4365-9d71-55289e083fa5@group-EFD1D20A002C-SegmentedRaftLog:OPENED:c-1,f-1,i0, conf=-1: [f4c54511-b161-4347-aec5-5236dc80a0d8:0.0.0.0:41238, 907b9765-214b-4864-b66a-d6e2a5789e5c:0.0.0.0:41650, bf55b3f9-6b09-4365-9d71-55289e083fa5:0.0.0.0:42441], old=null
2019-10-16 18:00:57,552 [bf55b3f9-6b09-4365-9d71-55289e083fa5@group-EFD1D20A002C-LeaderElection190] INFO  impl.RaftServerImpl (RaftServerImpl.java:setRole(184)) - bf55b3f9-6b09-4365-9d71-55289e083fa5@group-EFD1D20A002C: changes role from CANDIDATE to FOLLOWER at term 220 for DISCOVERED_A_NEW_TERM
2019-10-16 18:00:57,552 [bf55b3f9-6b09-4365-9d71-55289e083fa5@group-EFD1D20A002C-LeaderElection190] INFO  impl.RoleInfo (RoleInfo.java:shutdownLeaderElection(134)) - bf55b3f9-6b09-4365-9d71-55289e083fa5: shutdown LeaderElection
2019-10-16 18:00:57,552 [bf55b3f9-6b09-4365-9d71-55289e083fa5@group-EFD1D20A002C-LeaderElection190] INFO  impl.RoleInfo (RoleInfo.java:updateAndGet(143)) - bf55b3f9-6b09-4365-9d71-55289e083fa5: start FollowerState
2019-10-16 18:00:57,687 [Thread-1359] INFO  impl.FollowerState (FollowerState.java:run(108)) - bf55b3f9-6b09-4365-9d71-55289e083fa5@group-EFD1D20A002C-FollowerState: change to CANDIDATE, lastRpcTime:135ms, electionTimeout:135ms
2019-10-16 18:00:57,688 [Thread-1359] INFO  impl.RoleInfo (RoleInfo.java:shutdownFollowerState(121)) - bf55b3f9-6b09-4365-9d71-55289e083fa5: shutdown FollowerState
2019-10-16 18:00:57,688 [Thread-1359] INFO  impl.RaftServerImpl (RaftServerImpl.java:setRole(184)) - bf55b3f9-6b09-4365-9d71-55289e083fa5@group-EFD1D20A002C: changes role from  FOLLOWER to CANDIDATE at term 220 for changeToCandidate
2019-10-16 18:00:57,688 [Thread-1359] INFO  impl.RoleInfo (RoleInfo.java:updateAndGet(143)) - bf55b3f9-6b09-4365-9d71-55289e083fa5: start LeaderElection
2019-10-16 18:00:57,710 [bf55b3f9-6b09-4365-9d71-55289e083fa5@group-EFD1D20A002C-LeaderElection191] INFO  impl.LeaderElection (LeaderElection.java:askForVotes(178)) - bf55b3f9-6b09-4365-9d71-55289e083fa5@group-EFD1D20A002C-LeaderElection191: begin an election at term 221 for -1: [f4c54511-b161-4347-aec5-5236dc80a0d8:0.0.0.0:41238, 907b9765-214b-4864-b66a-d6e2a5789e5c:0.0.0.0:41650, bf55b3f9-6b09-4365-9d71-55289e083fa5:0.0.0.0:42441], old=null
2019-10-16 18:00:57,712 [grpc-default-executor-3] INFO  impl.RaftServerImpl (RaftServerImpl.java:setRole(184)) - f4c54511-b161-4347-aec5-5236dc80a0d8@group-EFD1D20A002C: changes role from  FOLLOWER to FOLLOWER at term 221 for recognizeCandidate:bf55b3f9-6b09-4365-9d71-55289e083fa5
2019-10-16 18:00:57,712 [grpc-default-executor-3] INFO  impl.RoleInfo (RoleInfo.java:shutdownFollowerState(121)) - f4c54511-b161-4347-aec5-5236dc80a0d8: shutdown FollowerState
2019-10-16 18:00:57,712 [grpc-default-executor-0] INFO  impl.RaftServerImpl (RaftServerImpl.java:setRole(184)) - 907b9765-214b-4864-b66a-d6e2a5789e5c@group-EFD1D20A002C: changes role from  FOLLOWER to FOLLOWER at term 221 for recognizeCandidate:bf55b3f9-6b09-4365-9d71-55289e083fa5
2019-10-16 18:00:57,712 [grpc-default-executor-0] INFO  impl.RoleInfo (RoleInfo.java:shutdownFollowerState(121)) - 907b9765-214b-4864-b66a-d6e2a5789e5c: shutdown FollowerState
2019-10-16 18:00:57,712 [Thread-1358] INFO  impl.FollowerState (FollowerState.java:run(117)) - f4c54511-b161-4347-aec5-5236dc80a0d8@group-EFD1D20A002C-FollowerState was interrupted: java.lang.InterruptedException: sleep interrupted
2019-10-16 18:00:57,712 [grpc-default-executor-3] INFO  impl.RoleInfo (RoleInfo.java:updateAndGet(143)) - f4c54511-b161-4347-aec5-5236dc80a0d8: start FollowerState
2019-10-16 18:00:57,712 [Thread-1357] INFO  impl.FollowerState (FollowerState.java:run(117)) - 907b9765-214b-4864-b66a-d6e2a5789e5c@group-EFD1D20A002C-FollowerState was interrupted: java.lang.InterruptedException: sleep interrupted
2019-10-16 18:00:57,712 [grpc-default-executor-0] INFO  impl.RoleInfo (RoleInfo.java:updateAndGet(143)) - 907b9765-214b-4864-b66a-d6e2a5789e5c: start FollowerState
2019-10-16 18:00:57,736 [bf55b3f9-6b09-4365-9d71-55289e083fa5@group-EFD1D20A002C-LeaderElection191] INFO  impl.LeaderElection (LeaderElection.java:logAndReturn(56)) - bf55b3f9-6b09-4365-9d71-55289e083fa5@group-EFD1D20A002C-LeaderElection191: Election REJECTED; received 2 response(s) [bf55b3f9-6b09-4365-9d71-55289e083fa5<-f4c54511-b161-4347-aec5-5236dc80a0d8#0:FAIL-t221, bf55b3f9-6b09-4365-9d71-55289e083fa5<-907b9765-214b-4864-b66a-d6e2a5789e5c#0:FAIL-t221] and 0 exception(s); bf55b3f9-6b09-4365-9d71-55289e083fa5@group-EFD1D20A002C:t221, leader=null, voted=bf55b3f9-6b09-4365-9d71-55289e083fa5, raftlog=bf55b3f9-6b09-4365-9d71-55289e083fa5@group-EFD1D20A002C-SegmentedRaftLog:OPENED:c-1,f-1,i0, conf=-1: [f4c54511-b161-4347-aec5-5236dc80a0d8:0.0.0.0:41238, 907b9765-214b-4864-b66a-d6e2a5789e5c:0.0.0.0:41650, bf55b3f9-6b09-4365-9d71-55289e083fa5:0.0.0.0:42441], old=null
2019-10-16 18:00:57,736 [bf55b3f9-6b09-4365-9d71-55289e083fa5@group-EFD1D20A002C-LeaderElection191] INFO  impl.RaftServerImpl (RaftServerImpl.java:setRole(184)) - bf55b3f9-6b09-4365-9d71-55289e083fa5@group-EFD1D20A002C: changes role from CANDIDATE to FOLLOWER at term 221 for DISCOVERED_A_NEW_TERM
2019-10-16 18:00:57,737 [bf55b3f9-6b09-4365-9d71-55289e083fa5@group-EFD1D20A002C-LeaderElection191] INFO  impl.RoleInfo (RoleInfo.java:shutdownLeaderElection(134)) - bf55b3f9-6b09-4365-9d71-55289e083fa5: shutdown LeaderElection
2019-10-16 18:00:57,737 [bf55b3f9-6b09-4365-9d71-55289e083fa5@group-EFD1D20A002C-LeaderElection191] INFO  impl.RoleInfo (RoleInfo.java:updateAndGet(143)) - bf55b3f9-6b09-4365-9d71-55289e083fa5: start FollowerState
2019-10-16 18:00:57,810 [Thread-1365] INFO  impl.FollowerState (FollowerState.java:run(108)) - bf55b3f9-6b09-4365-9d71-55289e083fa5@group-EFD1D20A002C-FollowerState: change to CANDIDATE, lastRpcTime:73ms, electionTimeout:73ms
2019-10-16 18:00:57,810 [Thread-1365] INFO  impl.RoleInfo (RoleInfo.java:shutdownFollowerState(121)) - bf55b3f9-6b09-4365-9d71-55289e083fa5: shutdown FollowerState
2019-10-16 18:00:57,810 [Thread-1365] INFO  impl.RaftServerImpl (RaftServerImpl.java:setRole(184)) - bf55b3f9-6b09-4365-9d71-55289e083fa5@group-EFD1D20A002C: changes role from  FOLLOWER to CANDIDATE at term 221 for changeToCandidate
2019-10-16 18:00:57,810 [Thread-1365] INFO  impl.RoleInfo (RoleInfo.java:updateAndGet(143)) - bf55b3f9-6b09-4365-9d71-55289e083fa5: start LeaderElection
2019-10-16 18:00:57,836 [bf55b3f9-6b09-4365-9d71-55289e083fa5@group-EFD1D20A002C-LeaderElection192] INFO  impl.LeaderElection (LeaderElection.java:askForVotes(178)) - bf55b3f9-6b09-4365-9d71-55289e083fa5@group-EFD1D20A002C-LeaderElection192: begin an election at term 222 for -1: [f4c54511-b161-4347-aec5-5236dc80a0d8:0.0.0.0:41238, 907b9765-214b-4864-b66a-d6e2a5789e5c:0.0.0.0:41650, bf55b3f9-6b09-4365-9d71-55289e083fa5:0.0.0.0:42441], old=null
2019-10-16 18:00:57,838 [grpc-default-executor-0] INFO  impl.RaftServerImpl (RaftServerImpl.java:setRole(184)) - f4c54511-b161-4347-aec5-5236dc80a0d8@group-EFD1D20A002C: changes role from  FOLLOWER to FOLLOWER at term 222 for recognizeCandidate:bf55b3f9-6b09-4365-9d71-55289e083fa5
2019-10-16 18:00:57,838 [grpc-default-executor-3] INFO  impl.RaftServerImpl (RaftServerImpl.java:setRole(184)) - 907b9765-214b-4864-b66a-d6e2a5789e5c@group-EFD1D20A002C: changes role from  FOLLOWER to FOLLOWER at term 222 for recognizeCandidate:bf55b3f9-6b09-4365-9d71-55289e083fa5
2019-10-16 18:00:57,838 [grpc-default-executor-0] INFO  impl.RoleInfo (RoleInfo.java:shutdownFollowerState(121)) - f4c54511-b161-4347-aec5-5236dc80a0d8: shutdown FollowerState
2019-10-16 18:00:57,839 [grpc-default-executor-3] INFO  impl.RoleInfo (RoleInfo.java:shutdownFollowerState(121)) - 907b9765-214b-4864-b66a-d6e2a5789e5c: shutdown FollowerState
2019-10-16 18:00:57,839 [Thread-1363] INFO  impl.FollowerState (FollowerState.java:run(117)) - f4c54511-b161-4347-aec5-5236dc80a0d8@group-EFD1D20A002C-FollowerState was interrupted: java.lang.InterruptedException: sleep interrupted
2019-10-16 18:00:57,839 [grpc-default-executor-0] INFO  impl.RoleInfo (RoleInfo.java:updateAndGet(143)) - f4c54511-b161-4347-aec5-5236dc80a0d8: start FollowerState
2019-10-16 18:00:57,839 [Thread-1364] INFO  impl.FollowerState (FollowerState.java:run(117)) - 907b9765-214b-4864-b66a-d6e2a5789e5c@group-EFD1D20A002C-FollowerState was interrupted: java.lang.InterruptedException: sleep interrupted
2019-10-16 18:00:57,839 [grpc-default-executor-3] INFO  impl.RoleInfo (RoleInfo.java:updateAndGet(143)) - 907b9765-214b-4864-b66a-d6e2a5789e5c: start FollowerState
2019-10-16 18:00:57,863 [bf55b3f9-6b09-4365-9d71-55289e083fa5@group-EFD1D20A002C-LeaderElection192] INFO  impl.LeaderElection (LeaderElection.java:logAndReturn(56)) - bf55b3f9-6b09-4365-9d71-55289e083fa5@group-EFD1D20A002C-LeaderElection192: Election REJECTED; received 2 response(s) [bf55b3f9-6b09-4365-9d71-55289e083fa5<-f4c54511-b161-4347-aec5-5236dc80a0d8#0:FAIL-t222, bf55b3f9-6b09-4365-9d71-55289e083fa5<-907b9765-214b-4864-b66a-d6e2a5789e5c#0:FAIL-t222] and 0 exception(s); bf55b3f9-6b09-4365-9d71-55289e083fa5@group-EFD1D20A002C:t222, leader=null, voted=bf55b3f9-6b09-4365-9d71-55289e083fa5, raftlog=bf55b3f9-6b09-4365-9d71-55289e083fa5@group-EFD1D20A002C-SegmentedRaftLog:OPENED:c-1,f-1,i0, conf=-1: [f4c54511-b161-4347-aec5-5236dc80a0d8:0.0.0.0:41238, 907b9765-214b-4864-b66a-d6e2a5789e5c:0.0.0.0:41650, bf55b3f9-6b09-4365-9d71-55289e083fa5:0.0.0.0:42441], old=null
2019-10-16 18:00:57,863 [bf55b3f9-6b09-4365-9d71-55289e083fa5@group-EFD1D20A002C-LeaderElection192] INFO  impl.RaftServerImpl (RaftServerImpl.java:setRole(184)) - bf55b3f9-6b09-4365-9d71-55289e083fa5@group-EFD1D20A002C: changes role from CANDIDATE to FOLLOWER at term 222 for DISCOVERED_A_NEW_TERM
2019-10-16 18:00:57,864 [bf55b3f9-6b09-4365-9d71-55289e083fa5@group-EFD1D20A002C-LeaderElection192] INFO  impl.RoleInfo (RoleInfo.java:shutdownLeaderElection(134)) - bf55b3f9-6b09-4365-9d71-55289e083fa5: shutdown LeaderElection
2019-10-16 18:00:57,864 [bf55b3f9-6b09-4365-9d71-55289e083fa5@group-EFD1D20A002C-LeaderElection192] INFO  impl.RoleInfo (RoleInfo.java:updateAndGet(143)) - bf55b3f9-6b09-4365-9d71-55289e083fa5: start FollowerState
2019-10-16 18:00:57,878 [Thread-1371] INFO  impl.FollowerState (FollowerState.java:run(108)) - bf55b3f9-6b09-4365-9d71-55289e083fa5@group-EFD1D20A002C-FollowerState: change to CANDIDATE, lastRpcTime:14ms, electionTimeout:14ms
2019-10-16 18:00:57,878 [Thread-1371] INFO  impl.RoleInfo (RoleInfo.java:shutdownFollowerState(121)) - bf55b3f9-6b09-4365-9d71-55289e083fa5: shutdown FollowerState
2019-10-16 18:00:57,878 [Thread-1371] INFO  impl.RaftServerImpl (RaftServerImpl.java:setRole(184)) - bf55b3f9-6b09-4365-9d71-55289e083fa5@group-EFD1D20A002C: changes role from  FOLLOWER to CANDIDATE at term 222 for changeToCandidate
2019-10-16 18:00:57,878 [Thread-1371] INFO  impl.RoleInfo (RoleInfo.java:updateAndGet(143)) - bf55b3f9-6b09-4365-9d71-55289e083fa5: start LeaderElection
2019-10-16 18:00:57,905 [bf55b3f9-6b09-4365-9d71-55289e083fa5@group-EFD1D20A002C-LeaderElection193] INFO  impl.LeaderElection (LeaderElection.java:askForVotes(178)) - bf55b3f9-6b09-4365-9d71-55289e083fa5@group-EFD1D20A002C-LeaderElection193: begin an election at term 223 for -1: [f4c54511-b161-4347-aec5-5236dc80a0d8:0.0.0.0:41238, 907b9765-214b-4864-b66a-d6e2a5789e5c:0.0.0.0:41650, bf55b3f9-6b09-4365-9d71-55289e083fa5:0.0.0.0:42441], old=null
2019-10-16 18:00:57,907 [grpc-default-executor-0] INFO  impl.RaftServerImpl (RaftServerImpl.java:setRole(184)) - 907b9765-214b-4864-b66a-d6e2a5789e5c@group-EFD1D20A002C: changes role from  FOLLOWER to FOLLOWER at term 223 for recognizeCandidate:bf55b3f9-6b09-4365-9d71-55289e083fa5
2019-10-16 18:00:57,907 [grpc-default-executor-0] INFO  impl.RoleInfo (RoleInfo.java:shutdownFollowerState(121)) - 907b9765-214b-4864-b66a-d6e2a5789e5c: shutdown FollowerState
2019-10-16 18:00:57,907 [grpc-default-executor-0] INFO  impl.RoleInfo (RoleInfo.java:updateAndGet(143)) - 907b9765-214b-4864-b66a-d6e2a5789e5c: start FollowerState
2019-10-16 18:00:57,907 [Thread-1370] INFO  impl.FollowerState (FollowerState.java:run(117)) - 907b9765-214b-4864-b66a-d6e2a5789e5c@group-EFD1D20A002C-FollowerState was interrupted: java.lang.InterruptedException: sleep interrupted
2019-10-16 18:00:57,908 [grpc-default-executor-3] INFO  impl.RaftServerImpl (RaftServerImpl.java:setRole(184)) - f4c54511-b161-4347-aec5-5236dc80a0d8@group-EFD1D20A002C: changes role from  FOLLOWER to FOLLOWER at term 223 for recognizeCandidate:bf55b3f9-6b09-4365-9d71-55289e083fa5
2019-10-16 18:00:57,908 [grpc-default-executor-3] INFO  impl.RoleInfo (RoleInfo.java:shutdownFollowerState(121)) - f4c54511-b161-4347-aec5-5236dc80a0d8: shutdown FollowerState
2019-10-16 18:00:57,908 [grpc-default-executor-3] INFO  impl.RoleInfo (RoleInfo.java:updateAndGet(143)) - f4c54511-b161-4347-aec5-5236dc80a0d8: start FollowerState
2019-10-16 18:00:57,908 [Thread-1369] INFO  impl.FollowerState (FollowerState.java:run(117)) - f4c54511-b161-4347-aec5-5236dc80a0d8@group-EFD1D20A002C-FollowerState was interrupted: java.lang.InterruptedException: sleep interrupted
2019-10-16 18:00:57,923 [bf55b3f9-6b09-4365-9d71-55289e083fa5@group-EFD1D20A002C-LeaderElection193] INFO  impl.LeaderElection (LeaderElection.java:logAndReturn(56)) - bf55b3f9-6b09-4365-9d71-55289e083fa5@group-EFD1D20A002C-LeaderElection193: Election REJECTED; received 2 response(s) [bf55b3f9-6b09-4365-9d71-55289e083fa5<-f4c54511-b161-4347-aec5-5236dc80a0d8#0:FAIL-t223, bf55b3f9-6b09-4365-9d71-55289e083fa5<-907b9765-214b-4864-b66a-d6e2a5789e5c#0:FAIL-t223] and 0 exception(s); bf55b3f9-6b09-4365-9d71-55289e083fa5@group-EFD1D20A002C:t223, leader=null, voted=bf55b3f9-6b09-4365-9d71-55289e083fa5, raftlog=bf55b3f9-6b09-4365-9d71-55289e083fa5@group-EFD1D20A002C-SegmentedRaftLog:OPENED:c-1,f-1,i0, conf=-1: [f4c54511-b161-4347-aec5-5236dc80a0d8:0.0.0.0:41238, 907b9765-214b-4864-b66a-d6e2a5789e5c:0.0.0.0:41650, bf55b3f9-6b09-4365-9d71-55289e083fa5:0.0.0.0:42441], old=null
2019-10-16 18:00:57,923 [bf55b3f9-6b09-4365-9d71-55289e083fa5@group-EFD1D20A002C-LeaderElection193] INFO  impl.RaftServerImpl (RaftServerImpl.java:setRole(184)) - bf55b3f9-6b09-4365-9d71-55289e083fa5@group-EFD1D20A002C: changes role from CANDIDATE to FOLLOWER at term 223 for DISCOVERED_A_NEW_TERM
2019-10-16 18:00:57,923 [bf55b3f9-6b09-4365-9d71-55289e083fa5@group-EFD1D20A002C-LeaderElection193] INFO  impl.RoleInfo (RoleInfo.java:shutdownLeaderElection(134)) - bf55b3f9-6b09-4365-9d71-55289e083fa5: shutdown LeaderElection
2019-10-16 18:00:57,924 [bf55b3f9-6b09-4365-9d71-55289e083fa5@group-EFD1D20A002C-LeaderElection193] INFO  impl.RoleInfo (RoleInfo.java:updateAndGet(143)) - bf55b3f9-6b09-4365-9d71-55289e083fa5: start FollowerState
2019-10-16 18:00:57,976 [Thread-1379] INFO  impl.FollowerState (FollowerState.java:run(108)) - bf55b3f9-6b09-4365-9d71-55289e083fa5@group-EFD1D20A002C-FollowerState: change to CANDIDATE, lastRpcTime:52ms, electionTimeout:52ms
2019-10-16 18:00:57,976 [Thread-1379] INFO  impl.RoleInfo (RoleInfo.java:shutdownFollowerState(121)) - bf55b3f9-6b09-4365-9d71-55289e083fa5: shutdown FollowerState
2019-10-16 18:00:57,976 [Thread-1379] INFO  impl.RaftServerImpl (RaftServerImpl.java:setRole(184)) - bf55b3f9-6b09-4365-9d71-55289e083fa5@group-EFD1D20A002C: changes role from  FOLLOWER to CANDIDATE at term 223 for changeToCandidate
2019-10-16 18:00:57,977 [Thread-1379] INFO  impl.RoleInfo (RoleInfo.java:updateAndGet(143)) - bf55b3f9-6b09-4365-9d71-55289e083fa5: start LeaderElection
2019-10-16 18:00:57,998 [bf55b3f9-6b09-4365-9d71-55289e083fa5@group-EFD1D20A002C-LeaderElection194] INFO  impl.LeaderElection (LeaderElection.java:askForVotes(178)) - bf55b3f9-6b09-4365-9d71-55289e083fa5@group-EFD1D20A002C-LeaderElection194: begin an election at term 224 for -1: [f4c54511-b161-4347-aec5-5236dc80a0d8:0.0.0.0:41238, 907b9765-214b-4864-b66a-d6e2a5789e5c:0.0.0.0:41650, bf55b3f9-6b09-4365-9d71-55289e083fa5:0.0.0.0:42441], old=null
2019-10-16 18:00:58,000 [grpc-default-executor-0] INFO  impl.RaftServerImpl (RaftServerImpl.java:setRole(184)) - f4c54511-b161-4347-aec5-5236dc80a0d8@group-EFD1D20A002C: changes role from  FOLLOWER to FOLLOWER at term 224 for recognizeCandidate:bf55b3f9-6b09-4365-9d71-55289e083fa5
2019-10-16 18:00:58,001 [grpc-default-executor-0] INFO  impl.RoleInfo (RoleInfo.java:shutdownFollowerState(121)) - f4c54511-b161-4347-aec5-5236dc80a0d8: shutdown FollowerState
2019-10-16 18:00:58,000 [grpc-default-executor-3] INFO  impl.RaftServerImpl (RaftServerImpl.java:setRole(184)) - 907b9765-214b-4864-b66a-d6e2a5789e5c@group-EFD1D20A002C: changes role from  FOLLOWER to FOLLOWER at term 224 for recognizeCandidate:bf55b3f9-6b09-4365-9d71-55289e083fa5
2019-10-16 18:00:58,001 [grpc-default-executor-3] INFO  impl.RoleInfo (RoleInfo.java:shutdownFollowerState(121)) - 907b9765-214b-4864-b66a-d6e2a5789e5c: shutdown FollowerState
2019-10-16 18:00:58,001 [Thread-1378] INFO  impl.FollowerState (FollowerState.java:run(117)) - f4c54511-b161-4347-aec5-5236dc80a0d8@group-EFD1D20A002C-FollowerState was interrupted: java.lang.InterruptedException: sleep interrupted
2019-10-16 18:00:58,001 [grpc-default-executor-0] INFO  impl.RoleInfo (RoleInfo.java:updateAndGet(143)) - f4c54511-b161-4347-aec5-5236dc80a0d8: start FollowerState
2019-10-16 18:00:58,001 [Thread-1377] INFO  impl.FollowerState (FollowerState.java:run(117)) - 907b9765-214b-4864-b66a-d6e2a5789e5c@group-EFD1D20A002C-FollowerState was interrupted: java.lang.InterruptedException: sleep interrupted
2019-10-16 18:00:58,001 [grpc-default-executor-3] INFO  impl.RoleInfo (RoleInfo.java:updateAndGet(143)) - 907b9765-214b-4864-b66a-d6e2a5789e5c: start FollowerState
2019-10-16 18:00:58,024 [bf55b3f9-6b09-4365-9d71-55289e083fa5@group-EFD1D20A002C-LeaderElection194] INFO  impl.LeaderElection (LeaderElection.java:logAndReturn(56)) - bf55b3f9-6b09-4365-9d71-55289e083fa5@group-EFD1D20A002C-LeaderElection194: Election REJECTED; received 2 response(s) [bf55b3f9-6b09-4365-9d71-55289e083fa5<-f4c54511-b161-4347-aec5-5236dc80a0d8#0:FAIL-t224, bf55b3f9-6b09-4365-9d71-55289e083fa5<-907b9765-214b-4864-b66a-d6e2a5789e5c#0:FAIL-t224] and 0 exception(s); bf55b3f9-6b09-4365-9d71-55289e083fa5@group-EFD1D20A002C:t224, leader=null, voted=bf55b3f9-6b09-4365-9d71-55289e083fa5, raftlog=bf55b3f9-6b09-4365-9d71-55289e083fa5@group-EFD1D20A002C-SegmentedRaftLog:OPENED:c-1,f-1,i0, conf=-1: [f4c54511-b161-4347-aec5-5236dc80a0d8:0.0.0.0:41238, 907b9765-214b-4864-b66a-d6e2a5789e5c:0.0.0.0:41650, bf55b3f9-6b09-4365-9d71-55289e083fa5:0.0.0.0:42441], old=null
2019-10-16 18:00:58,025 [bf55b3f9-6b09-4365-9d71-55289e083fa5@group-EFD1D20A002C-LeaderElection194] INFO  impl.RaftServerImpl (RaftServerImpl.java:setRole(184)) - bf55b3f9-6b09-4365-9d71-55289e083fa5@group-EFD1D20A002C: changes role from CANDIDATE to FOLLOWER at term 224 for DISCOVERED_A_NEW_TERM
2019-10-16 18:00:58,025 [bf55b3f9-6b09-4365-9d71-55289e083fa5@group-EFD1D20A002C-LeaderElection194] INFO  impl.RoleInfo (RoleInfo.java:shutdownLeaderElection(134)) - bf55b3f9-6b09-4365-9d71-55289e083fa5: shutdown LeaderElection
2019-10-16 18:00:58,025 [bf55b3f9-6b09-4365-9d71-55289e083fa5@group-EFD1D20A002C-LeaderElection194] INFO  impl.RoleInfo (RoleInfo.java:updateAndGet(143)) - bf55b3f9-6b09-4365-9d71-55289e083fa5: start FollowerState
2019-10-16 18:00:58,158 [Thread-1385] INFO  impl.FollowerState (FollowerState.java:run(108)) - bf55b3f9-6b09-4365-9d71-55289e083fa5@group-EFD1D20A002C-FollowerState: change to CANDIDATE, lastRpcTime:133ms, electionTimeout:133ms
2019-10-16 18:00:58,158 [Thread-1385] INFO  impl.RoleInfo (RoleInfo.java:shutdownFollowerState(121)) - bf55b3f9-6b09-4365-9d71-55289e083fa5: shutdown FollowerState
2019-10-16 18:00:58,158 [Thread-1385] INFO  impl.RaftServerImpl (RaftServerImpl.java:setRole(184)) - bf55b3f9-6b09-4365-9d71-55289e083fa5@group-EFD1D20A002C: changes role from  FOLLOWER to CANDIDATE at term 224 for changeToCandidate
2019-10-16 18:00:58,158 [Thread-1385] INFO  impl.RoleInfo (RoleInfo.java:updateAndGet(143)) - bf55b3f9-6b09-4365-9d71-55289e083fa5: start LeaderElection
2019-10-16 18:00:58,184 [bf55b3f9-6b09-4365-9d71-55289e083fa5@group-EFD1D20A002C-LeaderElection195] INFO  impl.LeaderElection (LeaderElection.java:askForVotes(178)) - bf55b3f9-6b09-4365-9d71-55289e083fa5@group-EFD1D20A002C-LeaderElection195: begin an election at term 225 for -1: [f4c54511-b161-4347-aec5-5236dc80a0d8:0.0.0.0:41238, 907b9765-214b-4864-b66a-d6e2a5789e5c:0.0.0.0:41650, bf55b3f9-6b09-4365-9d71-55289e083fa5:0.0.0.0:42441], old=null
2019-10-16 18:00:58,186 [grpc-default-executor-3] INFO  impl.RaftServerImpl (RaftServerImpl.java:setRole(184)) - 907b9765-214b-4864-b66a-d6e2a5789e5c@group-EFD1D20A002C: changes role from  FOLLOWER to FOLLOWER at term 225 for recognizeCandidate:bf55b3f9-6b09-4365-9d71-55289e083fa5
2019-10-16 18:00:58,186 [grpc-default-executor-0] INFO  impl.RaftServerImpl (RaftServerImpl.java:setRole(184)) - f4c54511-b161-4347-aec5-5236dc80a0d8@group-EFD1D20A002C: changes role from  FOLLOWER to FOLLOWER at term 225 for recognizeCandidate:bf55b3f9-6b09-4365-9d71-55289e083fa5
2019-10-16 18:00:58,186 [grpc-default-executor-3] INFO  impl.RoleInfo (RoleInfo.java:shutdownFollowerState(121)) - 907b9765-214b-4864-b66a-d6e2a5789e5c: shutdown FollowerState
2019-10-16 18:00:58,186 [grpc-default-executor-0] INFO  impl.RoleInfo (RoleInfo.java:shutdownFollowerState(121)) - f4c54511-b161-4347-aec5-5236dc80a0d8: shutdown FollowerState
2019-10-16 18:00:58,186 [Thread-1384] INFO  impl.FollowerState (FollowerState.java:run(117)) - 907b9765-214b-4864-b66a-d6e2a5789e5c@group-EFD1D20A002C-FollowerState was interrupted: java.lang.InterruptedException: sleep interrupted
2019-10-16 18:00:58,186 [grpc-default-executor-3] INFO  impl.RoleInfo (RoleInfo.java:updateAndGet(143)) - 907b9765-214b-4864-b66a-d6e2a5789e5c: start FollowerState
2019-10-16 18:00:58,186 [Thread-1383] INFO  impl.FollowerState (FollowerState.java:run(117)) - f4c54511-b161-4347-aec5-5236dc80a0d8@group-EFD1D20A002C-FollowerState was interrupted: java.lang.InterruptedException: sleep interrupted
2019-10-16 18:00:58,186 [grpc-default-executor-0] INFO  impl.RoleInfo (RoleInfo.java:updateAndGet(143)) - f4c54511-b161-4347-aec5-5236dc80a0d8: start FollowerState
2019-10-16 18:00:58,210 [bf55b3f9-6b09-4365-9d71-55289e083fa5@group-EFD1D20A002C-LeaderElection195] INFO  impl.LeaderElection (LeaderElection.java:logAndReturn(56)) - bf55b3f9-6b09-4365-9d71-55289e083fa5@group-EFD1D20A002C-LeaderElection195: Election REJECTED; received 2 response(s) [bf55b3f9-6b09-4365-9d71-55289e083fa5<-f4c54511-b161-4347-aec5-5236dc80a0d8#0:FAIL-t225, bf55b3f9-6b09-4365-9d71-55289e083fa5<-907b9765-214b-4864-b66a-d6e2a5789e5c#0:FAIL-t225] and 0 exception(s); bf55b3f9-6b09-4365-9d71-55289e083fa5@group-EFD1D20A002C:t225, leader=null, voted=bf55b3f9-6b09-4365-9d71-55289e083fa5, raftlog=bf55b3f9-6b09-4365-9d71-55289e083fa5@group-EFD1D20A002C-SegmentedRaftLog:OPENED:c-1,f-1,i0, conf=-1: [f4c54511-b161-4347-aec5-5236dc80a0d8:0.0.0.0:41238, 907b9765-214b-4864-b66a-d6e2a5789e5c:0.0.0.0:41650, bf55b3f9-6b09-4365-9d71-55289e083fa5:0.0.0.0:42441], old=null
2019-10-16 18:00:58,210 [bf55b3f9-6b09-4365-9d71-55289e083fa5@group-EFD1D20A002C-LeaderElection195] INFO  impl.RaftServerImpl (RaftServerImpl.java:setRole(184)) - bf55b3f9-6b09-4365-9d71-55289e083fa5@group-EFD1D20A002C: changes role from CANDIDATE to FOLLOWER at term 225 for DISCOVERED_A_NEW_TERM
2019-10-16 18:00:58,210 [bf55b3f9-6b09-4365-9d71-55289e083fa5@group-EFD1D20A002C-LeaderElection195] INFO  impl.RoleInfo (RoleInfo.java:shutdownLeaderElection(134)) - bf55b3f9-6b09-4365-9d71-55289e083fa5: shutdown LeaderElection
2019-10-16 18:00:58,210 [bf55b3f9-6b09-4365-9d71-55289e083fa5@group-EFD1D20A002C-LeaderElection195] INFO  impl.RoleInfo (RoleInfo.java:updateAndGet(143)) - bf55b3f9-6b09-4365-9d71-55289e083fa5: start FollowerState
2019-10-16 18:00:58,389 [Thread-1391] INFO  impl.FollowerState (FollowerState.java:run(108)) - bf55b3f9-6b09-4365-9d71-55289e083fa5@group-EFD1D20A002C-FollowerState: change to CANDIDATE, lastRpcTime:178ms, electionTimeout:178ms
2019-10-16 18:00:58,389 [Thread-1391] INFO  impl.RoleInfo (RoleInfo.java:shutdownFollowerState(121)) - bf55b3f9-6b09-4365-9d71-55289e083fa5: shutdown FollowerState
2019-10-16 18:00:58,389 [Thread-1391] INFO  impl.RaftServerImpl (RaftServerImpl.java:setRole(184)) - bf55b3f9-6b09-4365-9d71-55289e083fa5@group-EFD1D20A002C: changes role from  FOLLOWER to CANDIDATE at term 225 for changeToCandidate
2019-10-16 18:00:58,389 [Thread-1391] INFO  impl.RoleInfo (RoleInfo.java:updateAndGet(143)) - bf55b3f9-6b09-4365-9d71-55289e083fa5: start LeaderElection
2019-10-16 18:00:58,419 [bf55b3f9-6b09-4365-9d71-55289e083fa5@group-EFD1D20A002C-LeaderElection196] INFO  impl.LeaderElection (LeaderElection.java:askForVotes(178)) - bf55b3f9-6b09-4365-9d71-55289e083fa5@group-EFD1D20A002C-LeaderElection196: begin an election at term 226 for -1: [f4c54511-b161-4347-aec5-5236dc80a0d8:0.0.0.0:41238, 907b9765-214b-4864-b66a-d6e2a5789e5c:0.0.0.0:41650, bf55b3f9-6b09-4365-9d71-55289e083fa5:0.0.0.0:42441], old=null
2019-10-16 18:00:58,421 [grpc-default-executor-3] INFO  impl.RaftServerImpl (RaftServerImpl.java:setRole(184)) - f4c54511-b161-4347-aec5-5236dc80a0d8@group-EFD1D20A002C: changes role from  FOLLOWER to FOLLOWER at term 226 for recognizeCandidate:bf55b3f9-6b09-4365-9d71-55289e083fa5
2019-10-16 18:00:58,421 [grpc-default-executor-0] INFO  impl.RaftServerImpl (RaftServerImpl.java:setRole(184)) - 907b9765-214b-4864-b66a-d6e2a5789e5c@group-EFD1D20A002C: changes role from  FOLLOWER to FOLLOWER at term 226 for recognizeCandidate:bf55b3f9-6b09-4365-9d71-55289e083fa5
2019-10-16 18:00:58,421 [grpc-default-executor-3] INFO  impl.RoleInfo (RoleInfo.java:shutdownFollowerState(121)) - f4c54511-b161-4347-aec5-5236dc80a0d8: shutdown FollowerState
2019-10-16 18:00:58,421 [grpc-default-executor-0] INFO  impl.RoleInfo (RoleInfo.java:shutdownFollowerState(121)) - 907b9765-214b-4864-b66a-d6e2a5789e5c: shutdown FollowerState
2019-10-16 18:00:58,421 [Thread-1390] INFO  impl.FollowerState (FollowerState.java:run(117)) - f4c54511-b161-4347-aec5-5236dc80a0d8@group-EFD1D20A002C-FollowerState was interrupted: java.lang.InterruptedException: sleep interrupted
2019-10-16 18:00:58,421 [grpc-default-executor-3] INFO  impl.RoleInfo (RoleInfo.java:updateAndGet(143)) - f4c54511-b161-4347-aec5-5236dc80a0d8: start FollowerState
2019-10-16 18:00:58,421 [Thread-1389] INFO  impl.FollowerState (FollowerState.java:run(117)) - 907b9765-214b-4864-b66a-d6e2a5789e5c@group-EFD1D20A002C-FollowerState was interrupted: java.lang.InterruptedException: sleep interrupted
2019-10-16 18:00:58,421 [grpc-default-executor-0] INFO  impl.RoleInfo (RoleInfo.java:updateAndGet(143)) - 907b9765-214b-4864-b66a-d6e2a5789e5c: start FollowerState
2019-10-16 18:00:58,445 [bf55b3f9-6b09-4365-9d71-55289e083fa5@group-EFD1D20A002C-LeaderElection196] INFO  impl.LeaderElection (LeaderElection.java:logAndReturn(56)) - bf55b3f9-6b09-4365-9d71-55289e083fa5@group-EFD1D20A002C-LeaderElection196: Election REJECTED; received 2 response(s) [bf55b3f9-6b09-4365-9d71-55289e083fa5<-f4c54511-b161-4347-aec5-5236dc80a0d8#0:FAIL-t226, bf55b3f9-6b09-4365-9d71-55289e083fa5<-907b9765-214b-4864-b66a-d6e2a5789e5c#0:FAIL-t226] and 0 exception(s); bf55b3f9-6b09-4365-9d71-55289e083fa5@group-EFD1D20A002C:t226, leader=null, voted=bf55b3f9-6b09-4365-9d71-55289e083fa5, raftlog=bf55b3f9-6b09-4365-9d71-55289e083fa5@group-EFD1D20A002C-SegmentedRaftLog:OPENED:c-1,f-1,i0, conf=-1: [f4c54511-b161-4347-aec5-5236dc80a0d8:0.0.0.0:41238, 907b9765-214b-4864-b66a-d6e2a5789e5c:0.0.0.0:41650, bf55b3f9-6b09-4365-9d71-55289e083fa5:0.0.0.0:42441], old=null
2019-10-16 18:00:58,445 [bf55b3f9-6b09-4365-9d71-55289e083fa5@group-EFD1D20A002C-LeaderElection196] INFO  impl.RaftServerImpl (RaftServerImpl.java:setRole(184)) - bf55b3f9-6b09-4365-9d71-55289e083fa5@group-EFD1D20A002C: changes role from CANDIDATE to FOLLOWER at term 226 for DISCOVERED_A_NEW_TERM
2019-10-16 18:00:58,445 [bf55b3f9-6b09-4365-9d71-55289e083fa5@group-EFD1D20A002C-LeaderElection196] INFO  impl.RoleInfo (RoleInfo.java:shutdownLeaderElection(134)) - bf55b3f9-6b09-4365-9d71-55289e083fa5: shutdown LeaderElection
2019-10-16 18:00:58,445 [bf55b3f9-6b09-4365-9d71-55289e083fa5@group-EFD1D20A002C-LeaderElection196] INFO  impl.RoleInfo (RoleInfo.java:updateAndGet(143)) - bf55b3f9-6b09-4365-9d71-55289e083fa5: start FollowerState
2019-10-16 18:00:58,581 [Thread-1397] INFO  impl.FollowerState (FollowerState.java:run(108)) - bf55b3f9-6b09-4365-9d71-55289e083fa5@group-EFD1D20A002C-FollowerState: change to CANDIDATE, lastRpcTime:135ms, electionTimeout:135ms
2019-10-16 18:00:58,582 [Thread-1397] INFO  impl.RoleInfo (RoleInfo.java:shutdownFollowerState(121)) - bf55b3f9-6b09-4365-9d71-55289e083fa5: shutdown FollowerState
2019-10-16 18:00:58,582 [Thread-1397] INFO  impl.RaftServerImpl (RaftServerImpl.java:setRole(184)) - bf55b3f9-6b09-4365-9d71-55289e083fa5@group-EFD1D20A002C: changes role from  FOLLOWER to CANDIDATE at term 226 for changeToCandidate
2019-10-16 18:00:58,582 [Thread-1397] INFO  impl.RoleInfo (RoleInfo.java:updateAndGet(143)) - bf55b3f9-6b09-4365-9d71-55289e083fa5: start LeaderElection
2019-10-16 18:00:58,613 [bf55b3f9-6b09-4365-9d71-55289e083fa5@group-EFD1D20A002C-LeaderElection197] INFO  impl.LeaderElection (LeaderElection.java:askForVotes(178)) - bf55b3f9-6b09-4365-9d71-55289e083fa5@group-EFD1D20A002C-LeaderElection197: begin an election at term 227 for -1: [f4c54511-b161-4347-aec5-5236dc80a0d8:0.0.0.0:41238, 907b9765-214b-4864-b66a-d6e2a5789e5c:0.0.0.0:41650, bf55b3f9-6b09-4365-9d71-55289e083fa5:0.0.0.0:42441], old=null
2019-10-16 18:00:58,615 [grpc-default-executor-0] INFO  impl.RaftServerImpl (RaftServerImpl.java:setRole(184)) - f4c54511-b161-4347-aec5-5236dc80a0d8@group-EFD1D20A002C: changes role from  FOLLOWER to FOLLOWER at term 227 for recognizeCandidate:bf55b3f9-6b09-4365-9d71-55289e083fa5
2019-10-16 18:00:58,616 [grpc-default-executor-0] INFO  impl.RoleInfo (RoleInfo.java:shutdownFollowerState(121)) - f4c54511-b161-4347-aec5-5236dc80a0d8: shutdown FollowerState
2019-10-16 18:00:58,616 [grpc-default-executor-3] INFO  impl.RaftServerImpl (RaftServerImpl.java:setRole(184)) - 907b9765-214b-4864-b66a-d6e2a5789e5c@group-EFD1D20A002C: changes role from  FOLLOWER to FOLLOWER at term 227 for recognizeCandidate:bf55b3f9-6b09-4365-9d71-55289e083fa5
2019-10-16 18:00:58,616 [grpc-default-executor-3] INFO  impl.RoleInfo (RoleInfo.java:shutdownFollowerState(121)) - 907b9765-214b-4864-b66a-d6e2a5789e5c: shutdown FollowerState
2019-10-16 18:00:58,616 [Thread-1395] INFO  impl.FollowerState (FollowerState.java:run(117)) - f4c54511-b161-4347-aec5-5236dc80a0d8@group-EFD1D20A002C-FollowerState was interrupted: java.lang.InterruptedException: sleep interrupted
2019-10-16 18:00:58,616 [grpc-default-executor-0] INFO  impl.RoleInfo (RoleInfo.java:updateAndGet(143)) - f4c54511-b161-4347-aec5-5236dc80a0d8: start FollowerState
2019-10-16 18:00:58,616 [Thread-1396] INFO  impl.FollowerState (FollowerState.java:run(117)) - 907b9765-214b-4864-b66a-d6e2a5789e5c@group-EFD1D20A002C-FollowerState was interrupted: java.lang.InterruptedException: sleep interrupted
2019-10-16 18:00:58,616 [grpc-default-executor-3] INFO  impl.RoleInfo (RoleInfo.java:updateAndGet(143)) - 907b9765-214b-4864-b66a-d6e2a5789e5c: start FollowerState
2019-10-16 18:00:58,640 [bf55b3f9-6b09-4365-9d71-55289e083fa5@group-EFD1D20A002C-LeaderElection197] INFO  impl.LeaderElection (LeaderElection.java:logAndReturn(56)) - bf55b3f9-6b09-4365-9d71-55289e083fa5@group-EFD1D20A002C-LeaderElection197: Election REJECTED; received 2 response(s) [bf55b3f9-6b09-4365-9d71-55289e083fa5<-f4c54511-b161-4347-aec5-5236dc80a0d8#0:FAIL-t227, bf55b3f9-6b09-4365-9d71-55289e083fa5<-907b9765-214b-4864-b66a-d6e2a5789e5c#0:FAIL-t227] and 0 exception(s); bf55b3f9-6b09-4365-9d71-55289e083fa5@group-EFD1D20A002C:t227, leader=null, voted=bf55b3f9-6b09-4365-9d71-55289e083fa5, raftlog=bf55b3f9-6b09-4365-9d71-55289e083fa5@group-EFD1D20A002C-SegmentedRaftLog:OPENED:c-1,f-1,i0, conf=-1: [f4c54511-b161-4347-aec5-5236dc80a0d8:0.0.0.0:41238, 907b9765-214b-4864-b66a-d6e2a5789e5c:0.0.0.0:41650, bf55b3f9-6b09-4365-9d71-55289e083fa5:0.0.0.0:42441], old=null
2019-10-16 18:00:58,640 [bf55b3f9-6b09-4365-9d71-55289e083fa5@group-EFD1D20A002C-LeaderElection197] INFO  impl.RaftServerImpl (RaftServerImpl.java:setRole(184)) - bf55b3f9-6b09-4365-9d71-55289e083fa5@group-EFD1D20A002C: changes role from CANDIDATE to FOLLOWER at term 227 for DISCOVERED_A_NEW_TERM
2019-10-16 18:00:58,640 [bf55b3f9-6b09-4365-9d71-55289e083fa5@group-EFD1D20A002C-LeaderElection197] INFO  impl.RoleInfo (RoleInfo.java:shutdownLeaderElection(134)) - bf55b3f9-6b09-4365-9d71-55289e083fa5: shutdown LeaderElection
2019-10-16 18:00:58,640 [bf55b3f9-6b09-4365-9d71-55289e083fa5@group-EFD1D20A002C-LeaderElection197] INFO  impl.RoleInfo (RoleInfo.java:updateAndGet(143)) - bf55b3f9-6b09-4365-9d71-55289e083fa5: start FollowerState
2019-10-16 18:00:58,689 [Thread-1403] INFO  impl.FollowerState (FollowerState.java:run(108)) - bf55b3f9-6b09-4365-9d71-55289e083fa5@group-EFD1D20A002C-FollowerState: change to CANDIDATE, lastRpcTime:49ms, electionTimeout:49ms
2019-10-16 18:00:58,690 [Thread-1403] INFO  impl.RoleInfo (RoleInfo.java:shutdownFollowerState(121)) - bf55b3f9-6b09-4365-9d71-55289e083fa5: shutdown FollowerState
2019-10-16 18:00:58,690 [Thread-1403] INFO  impl.RaftServerImpl (RaftServerImpl.java:setRole(184)) - bf55b3f9-6b09-4365-9d71-55289e083fa5@group-EFD1D20A002C: changes role from  FOLLOWER to CANDIDATE at term 227 for changeToCandidate
2019-10-16 18:00:58,690 [Thread-1403] INFO  impl.RoleInfo (RoleInfo.java:updateAndGet(143)) - bf55b3f9-6b09-4365-9d71-55289e083fa5: start LeaderElection
2019-10-16 18:00:58,715 [bf55b3f9-6b09-4365-9d71-55289e083fa5@group-EFD1D20A002C-LeaderElection198] INFO  impl.LeaderElection (LeaderElection.java:askForVotes(178)) - bf55b3f9-6b09-4365-9d71-55289e083fa5@group-EFD1D20A002C-LeaderElection198: begin an election at term 228 for -1: [f4c54511-b161-4347-aec5-5236dc80a0d8:0.0.0.0:41238, 907b9765-214b-4864-b66a-d6e2a5789e5c:0.0.0.0:41650, bf55b3f9-6b09-4365-9d71-55289e083fa5:0.0.0.0:42441], old=null
2019-10-16 18:00:58,716 [grpc-default-executor-3] INFO  impl.RaftServerImpl (RaftServerImpl.java:setRole(184)) - f4c54511-b161-4347-aec5-5236dc80a0d8@group-EFD1D20A002C: changes role from  FOLLOWER to FOLLOWER at term 228 for recognizeCandidate:bf55b3f9-6b09-4365-9d71-55289e083fa5
2019-10-16 18:00:58,716 [grpc-default-executor-3] INFO  impl.RoleInfo (RoleInfo.java:shutdownFollowerState(121)) - f4c54511-b161-4347-aec5-5236dc80a0d8: shutdown FollowerState
2019-10-16 18:00:58,716 [grpc-default-executor-0] INFO  impl.RaftServerImpl (RaftServerImpl.java:setRole(184)) - 907b9765-214b-4864-b66a-d6e2a5789e5c@group-EFD1D20A002C: changes role from  FOLLOWER to FOLLOWER at term 228 for recognizeCandidate:bf55b3f9-6b09-4365-9d71-55289e083fa5
2019-10-16 18:00:58,717 [Thread-1401] INFO  impl.FollowerState (FollowerState.java:run(117)) - f4c54511-b161-4347-aec5-5236dc80a0d8@group-EFD1D20A002C-FollowerState was interrupted: java.lang.InterruptedException: sleep interrupted
2019-10-16 18:00:58,717 [grpc-default-executor-3] INFO  impl.RoleInfo (RoleInfo.java:updateAndGet(143)) - f4c54511-b161-4347-aec5-5236dc80a0d8: start FollowerState
2019-10-16 18:00:58,717 [grpc-default-executor-0] INFO  impl.RoleInfo (RoleInfo.java:shutdownFollowerState(121)) - 907b9765-214b-4864-b66a-d6e2a5789e5c: shutdown FollowerState
2019-10-16 18:00:58,717 [grpc-default-executor-0] INFO  impl.RoleInfo (RoleInfo.java:updateAndGet(143)) - 907b9765-214b-4864-b66a-d6e2a5789e5c: start FollowerState
2019-10-16 18:00:58,717 [Thread-1402] INFO  impl.FollowerState (FollowerState.java:run(117)) - 907b9765-214b-4864-b66a-d6e2a5789e5c@group-EFD1D20A002C-FollowerState was interrupted: java.lang.InterruptedException: sleep interrupted
2019-10-16 18:00:58,741 [bf55b3f9-6b09-4365-9d71-55289e083fa5@group-EFD1D20A002C-LeaderElection198] INFO  impl.LeaderElection (LeaderElection.java:logAndReturn(56)) - bf55b3f9-6b09-4365-9d71-55289e083fa5@group-EFD1D20A002C-LeaderElection198: Election REJECTED; received 2 response(s) [bf55b3f9-6b09-4365-9d71-55289e083fa5<-f4c54511-b161-4347-aec5-5236dc80a0d8#0:FAIL-t228, bf55b3f9-6b09-4365-9d71-55289e083fa5<-907b9765-214b-4864-b66a-d6e2a5789e5c#0:FAIL-t228] and 0 exception(s); bf55b3f9-6b09-4365-9d71-55289e083fa5@group-EFD1D20A002C:t228, leader=null, voted=bf55b3f9-6b09-4365-9d71-55289e083fa5, raftlog=bf55b3f9-6b09-4365-9d71-55289e083fa5@group-EFD1D20A002C-SegmentedRaftLog:OPENED:c-1,f-1,i0, conf=-1: [f4c54511-b161-4347-aec5-5236dc80a0d8:0.0.0.0:41238, 907b9765-214b-4864-b66a-d6e2a5789e5c:0.0.0.0:41650, bf55b3f9-6b09-4365-9d71-55289e083fa5:0.0.0.0:42441], old=null
2019-10-16 18:00:58,741 [bf55b3f9-6b09-4365-9d71-55289e083fa5@group-EFD1D20A002C-LeaderElection198] INFO  impl.RaftServerImpl (RaftServerImpl.java:setRole(184)) - bf55b3f9-6b09-4365-9d71-55289e083fa5@group-EFD1D20A002C: changes role from CANDIDATE to FOLLOWER at term 228 for DISCOVERED_A_NEW_TERM
2019-10-16 18:00:58,741 [bf55b3f9-6b09-4365-9d71-55289e083fa5@group-EFD1D20A002C-LeaderElection198] INFO  impl.RoleInfo (RoleInfo.java:shutdownLeaderElection(134)) - bf55b3f9-6b09-4365-9d71-55289e083fa5: shutdown LeaderElection
2019-10-16 18:00:58,741 [bf55b3f9-6b09-4365-9d71-55289e083fa5@group-EFD1D20A002C-LeaderElection198] INFO  impl.RoleInfo (RoleInfo.java:updateAndGet(143)) - bf55b3f9-6b09-4365-9d71-55289e083fa5: start FollowerState
2019-10-16 18:00:58,923 [Thread-1409] INFO  impl.FollowerState (FollowerState.java:run(108)) - bf55b3f9-6b09-4365-9d71-55289e083fa5@group-EFD1D20A002C-FollowerState: change to CANDIDATE, lastRpcTime:181ms, electionTimeout:181ms
2019-10-16 18:00:58,923 [Thread-1409] INFO  impl.RoleInfo (RoleInfo.java:shutdownFollowerState(121)) - bf55b3f9-6b09-4365-9d71-55289e083fa5: shutdown FollowerState
2019-10-16 18:00:58,923 [Thread-1409] INFO  impl.RaftServerImpl (RaftServerImpl.java:setRole(184)) - bf55b3f9-6b09-4365-9d71-55289e083fa5@group-EFD1D20A002C: changes role from  FOLLOWER to CANDIDATE at term 228 for changeToCandidate
2019-10-16 18:00:58,923 [Thread-1409] INFO  impl.RoleInfo (RoleInfo.java:updateAndGet(143)) - bf55b3f9-6b09-4365-9d71-55289e083fa5: start LeaderElection
2019-10-16 18:00:58,941 [bf55b3f9-6b09-4365-9d71-55289e083fa5@group-EFD1D20A002C-LeaderElection199] INFO  impl.LeaderElection (LeaderElection.java:askForVotes(178)) - bf55b3f9-6b09-4365-9d71-55289e083fa5@group-EFD1D20A002C-LeaderElection199: begin an election at term 229 for -1: [f4c54511-b161-4347-aec5-5236dc80a0d8:0.0.0.0:41238, 907b9765-214b-4864-b66a-d6e2a5789e5c:0.0.0.0:41650, bf55b3f9-6b09-4365-9d71-55289e083fa5:0.0.0.0:42441], old=null
2019-10-16 18:00:58,943 [grpc-default-executor-0] INFO  impl.RaftServerImpl (RaftServerImpl.java:setRole(184)) - f4c54511-b161-4347-aec5-5236dc80a0d8@group-EFD1D20A002C: changes role from  FOLLOWER to FOLLOWER at term 229 for recognizeCandidate:bf55b3f9-6b09-4365-9d71-55289e083fa5
2019-10-16 18:00:58,943 [grpc-default-executor-3] INFO  impl.RaftServerImpl (RaftServerImpl.java:setRole(184)) - 907b9765-214b-4864-b66a-d6e2a5789e5c@group-EFD1D20A002C: changes role from  FOLLOWER to FOLLOWER at term 229 for recognizeCandidate:bf55b3f9-6b09-4365-9d71-55289e083fa5
2019-10-16 18:00:58,944 [grpc-default-executor-0] INFO  impl.RoleInfo (RoleInfo.java:shutdownFollowerState(121)) - f4c54511-b161-4347-aec5-5236dc80a0d8: shutdown FollowerState
2019-10-16 18:00:58,944 [grpc-default-executor-3] INFO  impl.RoleInfo (RoleInfo.java:shutdownFollowerState(121)) - 907b9765-214b-4864-b66a-d6e2a5789e5c: shutdown FollowerState
2019-10-16 18:00:58,944 [Thread-1407] INFO  impl.FollowerState (FollowerState.java:run(117)) - f4c54511-b161-4347-aec5-5236dc80a0d8@group-EFD1D20A002C-FollowerState was interrupted: java.lang.InterruptedException: sleep interrupted
2019-10-16 18:00:58,944 [Thread-1408] INFO  impl.FollowerState (FollowerState.java:run(117)) - 907b9765-214b-4864-b66a-d6e2a5789e5c@group-EFD1D20A002C-FollowerState was interrupted: java.lang.InterruptedException: sleep interrupted
2019-10-16 18:00:58,944 [grpc-default-executor-0] INFO  impl.RoleInfo (RoleInfo.java:updateAndGet(143)) - f4c54511-b161-4347-aec5-5236dc80a0d8: start FollowerState
2019-10-16 18:00:58,944 [grpc-default-executor-3] INFO  impl.RoleInfo (RoleInfo.java:updateAndGet(143)) - 907b9765-214b-4864-b66a-d6e2a5789e5c: start FollowerState
2019-10-16 18:00:58,967 [bf55b3f9-6b09-4365-9d71-55289e083fa5@group-EFD1D20A002C-LeaderElection199] INFO  impl.LeaderElection (LeaderElection.java:logAndReturn(56)) - bf55b3f9-6b09-4365-9d71-55289e083fa5@group-EFD1D20A002C-LeaderElection199: Election REJECTED; received 2 response(s) [bf55b3f9-6b09-4365-9d71-55289e083fa5<-f4c54511-b161-4347-aec5-5236dc80a0d8#0:FAIL-t229, bf55b3f9-6b09-4365-9d71-55289e083fa5<-907b9765-214b-4864-b66a-d6e2a5789e5c#0:FAIL-t229] and 0 exception(s); bf55b3f9-6b09-4365-9d71-55289e083fa5@group-EFD1D20A002C:t229, leader=null, voted=bf55b3f9-6b09-4365-9d71-55289e083fa5, raftlog=bf55b3f9-6b09-4365-9d71-55289e083fa5@group-EFD1D20A002C-SegmentedRaftLog:OPENED:c-1,f-1,i0, conf=-1: [f4c54511-b161-4347-aec5-5236dc80a0d8:0.0.0.0:41238, 907b9765-214b-4864-b66a-d6e2a5789e5c:0.0.0.0:41650, bf55b3f9-6b09-4365-9d71-55289e083fa5:0.0.0.0:42441], old=null
2019-10-16 18:00:58,968 [bf55b3f9-6b09-4365-9d71-55289e083fa5@group-EFD1D20A002C-LeaderElection199] INFO  impl.RaftServerImpl (RaftServerImpl.java:setRole(184)) - bf55b3f9-6b09-4365-9d71-55289e083fa5@group-EFD1D20A002C: changes role from CANDIDATE to FOLLOWER at term 229 for DISCOVERED_A_NEW_TERM
2019-10-16 18:00:58,968 [bf55b3f9-6b09-4365-9d71-55289e083fa5@group-EFD1D20A002C-LeaderElection199] INFO  impl.RoleInfo (RoleInfo.java:shutdownLeaderElection(134)) - bf55b3f9-6b09-4365-9d71-55289e083fa5: shutdown LeaderElection
2019-10-16 18:00:58,968 [bf55b3f9-6b09-4365-9d71-55289e083fa5@group-EFD1D20A002C-LeaderElection199] INFO  impl.RoleInfo (RoleInfo.java:updateAndGet(143)) - bf55b3f9-6b09-4365-9d71-55289e083fa5: start FollowerState
2019-10-16 18:00:59,162 [Thread-1417] INFO  impl.FollowerState (FollowerState.java:run(108)) - bf55b3f9-6b09-4365-9d71-55289e083fa5@group-EFD1D20A002C-FollowerState: change to CANDIDATE, lastRpcTime:194ms, electionTimeout:194ms
2019-10-16 18:00:59,163 [Thread-1417] INFO  impl.RoleInfo (RoleInfo.java:shutdownFollowerState(121)) - bf55b3f9-6b09-4365-9d71-55289e083fa5: shutdown FollowerState
2019-10-16 18:00:59,163 [Thread-1417] INFO  impl.RaftServerImpl (RaftServerImpl.java:setRole(184)) - bf55b3f9-6b09-4365-9d71-55289e083fa5@group-EFD1D20A002C: changes role from  FOLLOWER to CANDIDATE at term 229 for changeToCandidate
2019-10-16 18:00:59,163 [Thread-1417] INFO  impl.RoleInfo (RoleInfo.java:updateAndGet(143)) - bf55b3f9-6b09-4365-9d71-55289e083fa5: start LeaderElection
2019-10-16 18:00:59,193 [bf55b3f9-6b09-4365-9d71-55289e083fa5@group-EFD1D20A002C-LeaderElection200] INFO  impl.LeaderElection (LeaderElection.java:askForVotes(178)) - bf55b3f9-6b09-4365-9d71-55289e083fa5@group-EFD1D20A002C-LeaderElection200: begin an election at term 230 for -1: [f4c54511-b161-4347-aec5-5236dc80a0d8:0.0.0.0:41238, 907b9765-214b-4864-b66a-d6e2a5789e5c:0.0.0.0:41650, bf55b3f9-6b09-4365-9d71-55289e083fa5:0.0.0.0:42441], old=null
2019-10-16 18:00:59,195 [grpc-default-executor-3] INFO  impl.RaftServerImpl (RaftServerImpl.java:setRole(184)) - f4c54511-b161-4347-aec5-5236dc80a0d8@group-EFD1D20A002C: changes role from  FOLLOWER to FOLLOWER at term 230 for recognizeCandidate:bf55b3f9-6b09-4365-9d71-55289e083fa5
2019-10-16 18:00:59,195 [grpc-default-executor-0] INFO  impl.RaftServerImpl (RaftServerImpl.java:setRole(184)) - 907b9765-214b-4864-b66a-d6e2a5789e5c@group-EFD1D20A002C: changes role from  FOLLOWER to FOLLOWER at term 230 for recognizeCandidate:bf55b3f9-6b09-4365-9d71-55289e083fa5
2019-10-16 18:00:59,196 [grpc-default-executor-3] INFO  impl.RoleInfo (RoleInfo.java:shutdownFollowerState(121)) - f4c54511-b161-4347-aec5-5236dc80a0d8: shutdown FollowerState
2019-10-16 18:00:59,196 [grpc-default-executor-0] INFO  impl.RoleInfo (RoleInfo.java:shutdownFollowerState(121)) - 907b9765-214b-4864-b66a-d6e2a5789e5c: shutdown FollowerState
2019-10-16 18:00:59,196 [Thread-1415] INFO  impl.FollowerState (FollowerState.java:run(117)) - f4c54511-b161-4347-aec5-5236dc80a0d8@group-EFD1D20A002C-FollowerState was interrupted: java.lang.InterruptedException: sleep interrupted
2019-10-16 18:00:59,196 [grpc-default-executor-3] INFO  impl.RoleInfo (RoleInfo.java:updateAndGet(143)) - f4c54511-b161-4347-aec5-5236dc80a0d8: start FollowerState
2019-10-16 18:00:59,196 [Thread-1416] INFO  impl.FollowerState (FollowerState.java:run(117)) - 907b9765-214b-4864-b66a-d6e2a5789e5c@group-EFD1D20A002C-FollowerState was interrupted: java.lang.InterruptedException: sleep interrupted
2019-10-16 18:00:59,196 [grpc-default-executor-0] INFO  impl.RoleInfo (RoleInfo.java:updateAndGet(143)) - 907b9765-214b-4864-b66a-d6e2a5789e5c: start FollowerState
2019-10-16 18:00:59,211 [bf55b3f9-6b09-4365-9d71-55289e083fa5@group-EFD1D20A002C-LeaderElection200] INFO  impl.LeaderElection (LeaderElection.java:logAndReturn(56)) - bf55b3f9-6b09-4365-9d71-55289e083fa5@group-EFD1D20A002C-LeaderElection200: Election REJECTED; received 2 response(s) [bf55b3f9-6b09-4365-9d71-55289e083fa5<-f4c54511-b161-4347-aec5-5236dc80a0d8#0:FAIL-t230, bf55b3f9-6b09-4365-9d71-55289e083fa5<-907b9765-214b-4864-b66a-d6e2a5789e5c#0:FAIL-t230] and 0 exception(s); bf55b3f9-6b09-4365-9d71-55289e083fa5@group-EFD1D20A002C:t230, leader=null, voted=bf55b3f9-6b09-4365-9d71-55289e083fa5, raftlog=bf55b3f9-6b09-4365-9d71-55289e083fa5@group-EFD1D20A002C-SegmentedRaftLog:OPENED:c-1,f-1,i0, conf=-1: [f4c54511-b161-4347-aec5-5236dc80a0d8:0.0.0.0:41238, 907b9765-214b-4864-b66a-d6e2a5789e5c:0.0.0.0:41650, bf55b3f9-6b09-4365-9d71-55289e083fa5:0.0.0.0:42441], old=null
2019-10-16 18:00:59,211 [bf55b3f9-6b09-4365-9d71-55289e083fa5@group-EFD1D20A002C-LeaderElection200] INFO  impl.RaftServerImpl (RaftServerImpl.java:setRole(184)) - bf55b3f9-6b09-4365-9d71-55289e083fa5@group-EFD1D20A002C: changes role from CANDIDATE to FOLLOWER at term 230 for DISCOVERED_A_NEW_TERM
2019-10-16 18:00:59,212 [bf55b3f9-6b09-4365-9d71-55289e083fa5@group-EFD1D20A002C-LeaderElection200] INFO  impl.RoleInfo (RoleInfo.java:shutdownLeaderElection(134)) - bf55b3f9-6b09-4365-9d71-55289e083fa5: shutdown LeaderElection
2019-10-16 18:00:59,212 [bf55b3f9-6b09-4365-9d71-55289e083fa5@group-EFD1D20A002C-LeaderElection200] INFO  impl.RoleInfo (RoleInfo.java:updateAndGet(143)) - bf55b3f9-6b09-4365-9d71-55289e083fa5: start FollowerState
2019-10-16 18:00:59,333 [Thread-1423] INFO  impl.FollowerState (FollowerState.java:run(108)) - bf55b3f9-6b09-4365-9d71-55289e083fa5@group-EFD1D20A002C-FollowerState: change to CANDIDATE, lastRpcTime:121ms, electionTimeout:121ms
2019-10-16 18:00:59,333 [Thread-1423] INFO  impl.RoleInfo (RoleInfo.java:shutdownFollowerState(121)) - bf55b3f9-6b09-4365-9d71-55289e083fa5: shutdown FollowerState
2019-10-16 18:00:59,333 [Thread-1423] INFO  impl.RaftServerImpl (RaftServerImpl.java:setRole(184)) - bf55b3f9-6b09-4365-9d71-55289e083fa5@group-EFD1D20A002C: changes role from  FOLLOWER to CANDIDATE at term 230 for changeToCandidate
2019-10-16 18:00:59,333 [Thread-1423] INFO  impl.RoleInfo (RoleInfo.java:updateAndGet(143)) - bf55b3f9-6b09-4365-9d71-55289e083fa5: start LeaderElection
2019-10-16 18:00:59,362 [bf55b3f9-6b09-4365-9d71-55289e083fa5@group-EFD1D20A002C-LeaderElection201] INFO  impl.LeaderElection (LeaderElection.java:askForVotes(178)) - bf55b3f9-6b09-4365-9d71-55289e083fa5@group-EFD1D20A002C-LeaderElection201: begin an election at term 231 for -1: [f4c54511-b161-4347-aec5-5236dc80a0d8:0.0.0.0:41238, 907b9765-214b-4864-b66a-d6e2a5789e5c:0.0.0.0:41650, bf55b3f9-6b09-4365-9d71-55289e083fa5:0.0.0.0:42441], old=null
2019-10-16 18:00:59,364 [grpc-default-executor-0] INFO  impl.RaftServerImpl (RaftServerImpl.java:setRole(184)) - f4c54511-b161-4347-aec5-5236dc80a0d8@group-EFD1D20A002C: changes role from  FOLLOWER to FOLLOWER at term 231 for recognizeCandidate:bf55b3f9-6b09-4365-9d71-55289e083fa5
2019-10-16 18:00:59,364 [grpc-default-executor-3] INFO  impl.RaftServerImpl (RaftServerImpl.java:setRole(184)) - 907b9765-214b-4864-b66a-d6e2a5789e5c@group-EFD1D20A002C: changes role from  FOLLOWER to FOLLOWER at term 231 for recognizeCandidate:bf55b3f9-6b09-4365-9d71-55289e083fa5
2019-10-16 18:00:59,364 [grpc-default-executor-0] INFO  impl.RoleInfo (RoleInfo.java:shutdownFollowerState(121)) - f4c54511-b161-4347-aec5-5236dc80a0d8: shutdown FollowerState
2019-10-16 18:00:59,364 [grpc-default-executor-3] INFO  impl.RoleInfo (RoleInfo.java:shutdownFollowerState(121)) - 907b9765-214b-4864-b66a-d6e2a5789e5c: shutdown FollowerState
2019-10-16 18:00:59,364 [Thread-1421] INFO  impl.FollowerState (FollowerState.java:run(117)) - f4c54511-b161-4347-aec5-5236dc80a0d8@group-EFD1D20A002C-FollowerState was interrupted: java.lang.InterruptedException: sleep interrupted
2019-10-16 18:00:59,365 [Thread-1422] INFO  impl.FollowerState (FollowerState.java:run(117)) - 907b9765-214b-4864-b66a-d6e2a5789e5c@group-EFD1D20A002C-FollowerState was interrupted: java.lang.InterruptedException: sleep interrupted
2019-10-16 18:00:59,364 [grpc-default-executor-0] INFO  impl.RoleInfo (RoleInfo.java:updateAndGet(143)) - f4c54511-b161-4347-aec5-5236dc80a0d8: start FollowerState
2019-10-16 18:00:59,364 [grpc-default-executor-3] INFO  impl.RoleInfo (RoleInfo.java:updateAndGet(143)) - 907b9765-214b-4864-b66a-d6e2a5789e5c: start FollowerState
2019-10-16 18:00:59,377 [bf55b3f9-6b09-4365-9d71-55289e083fa5@group-EFD1D20A002C-LeaderElection201] INFO  impl.LeaderElection (LeaderElection.java:logAndReturn(56)) - bf55b3f9-6b09-4365-9d71-55289e083fa5@group-EFD1D20A002C-LeaderElection201: Election TIMEOUT; received 0 response(s) [] and 0 exception(s); bf55b3f9-6b09-4365-9d71-55289e083fa5@group-EFD1D20A002C:t231, leader=null, voted=bf55b3f9-6b09-4365-9d71-55289e083fa5, raftlog=bf55b3f9-6b09-4365-9d71-55289e083fa5@group-EFD1D20A002C-SegmentedRaftLog:OPENED:c-1,f-1,i0, conf=-1: [f4c54511-b161-4347-aec5-5236dc80a0d8:0.0.0.0:41238, 907b9765-214b-4864-b66a-d6e2a5789e5c:0.0.0.0:41650, bf55b3f9-6b09-4365-9d71-55289e083fa5:0.0.0.0:42441], old=null
2019-10-16 18:00:59,404 [bf55b3f9-6b09-4365-9d71-55289e083fa5@group-EFD1D20A002C-LeaderElection201] INFO  impl.LeaderElection (LeaderElection.java:askForVotes(178)) - bf55b3f9-6b09-4365-9d71-55289e083fa5@group-EFD1D20A002C-LeaderElection201: begin an election at term 232 for -1: [f4c54511-b161-4347-aec5-5236dc80a0d8:0.0.0.0:41238, 907b9765-214b-4864-b66a-d6e2a5789e5c:0.0.0.0:41650, bf55b3f9-6b09-4365-9d71-55289e083fa5:0.0.0.0:42441], old=null
2019-10-16 18:00:59,406 [grpc-default-executor-3] INFO  impl.RaftServerImpl (RaftServerImpl.java:setRole(184)) - 907b9765-214b-4864-b66a-d6e2a5789e5c@group-EFD1D20A002C: changes role from  FOLLOWER to FOLLOWER at term 232 for recognizeCandidate:bf55b3f9-6b09-4365-9d71-55289e083fa5
2019-10-16 18:00:59,406 [grpc-default-executor-3] INFO  impl.RoleInfo (RoleInfo.java:shutdownFollowerState(121)) - 907b9765-214b-4864-b66a-d6e2a5789e5c: shutdown FollowerState
2019-10-16 18:00:59,406 [grpc-default-executor-3] INFO  impl.RoleInfo (RoleInfo.java:updateAndGet(143)) - 907b9765-214b-4864-b66a-d6e2a5789e5c: start FollowerState
2019-10-16 18:00:59,406 [Thread-1428] INFO  impl.FollowerState (FollowerState.java:run(117)) - 907b9765-214b-4864-b66a-d6e2a5789e5c@group-EFD1D20A002C-FollowerState was interrupted: java.lang.InterruptedException: sleep interrupted
2019-10-16 18:00:59,407 [grpc-default-executor-0] INFO  impl.RaftServerImpl (RaftServerImpl.java:setRole(184)) - f4c54511-b161-4347-aec5-5236dc80a0d8@group-EFD1D20A002C: changes role from  FOLLOWER to FOLLOWER at term 232 for recognizeCandidate:bf55b3f9-6b09-4365-9d71-55289e083fa5
2019-10-16 18:00:59,407 [grpc-default-executor-0] INFO  impl.RoleInfo (RoleInfo.java:shutdownFollowerState(121)) - f4c54511-b161-4347-aec5-5236dc80a0d8: shutdown FollowerState
2019-10-16 18:00:59,407 [grpc-default-executor-0] INFO  impl.RoleInfo (RoleInfo.java:updateAndGet(143)) - f4c54511-b161-4347-aec5-5236dc80a0d8: start FollowerState
2019-10-16 18:00:59,407 [Thread-1427] INFO  impl.FollowerState (FollowerState.java:run(117)) - f4c54511-b161-4347-aec5-5236dc80a0d8@group-EFD1D20A002C-FollowerState was interrupted: java.lang.InterruptedException: sleep interrupted
2019-10-16 18:00:59,430 [bf55b3f9-6b09-4365-9d71-55289e083fa5@group-EFD1D20A002C-LeaderElection201] INFO  impl.LeaderElection (LeaderElection.java:logAndReturn(56)) - bf55b3f9-6b09-4365-9d71-55289e083fa5@group-EFD1D20A002C-LeaderElection201: Election REJECTED; received 2 response(s) [bf55b3f9-6b09-4365-9d71-55289e083fa5<-f4c54511-b161-4347-aec5-5236dc80a0d8#0:FAIL-t232, bf55b3f9-6b09-4365-9d71-55289e083fa5<-907b9765-214b-4864-b66a-d6e2a5789e5c#0:FAIL-t232] and 0 exception(s); bf55b3f9-6b09-4365-9d71-55289e083fa5@group-EFD1D20A002C:t232, leader=null, voted=bf55b3f9-6b09-4365-9d71-55289e083fa5, raftlog=bf55b3f9-6b09-4365-9d71-55289e083fa5@group-EFD1D20A002C-SegmentedRaftLog:OPENED:c-1,f-1,i0, conf=-1: [f4c54511-b161-4347-aec5-5236dc80a0d8:0.0.0.0:41238, 907b9765-214b-4864-b66a-d6e2a5789e5c:0.0.0.0:41650, bf55b3f9-6b09-4365-9d71-55289e083fa5:0.0.0.0:42441], old=null
2019-10-16 18:00:59,431 [bf55b3f9-6b09-4365-9d71-55289e083fa5@group-EFD1D20A002C-LeaderElection201] INFO  impl.RaftServerImpl (RaftServerImpl.java:setRole(184)) - bf55b3f9-6b09-4365-9d71-55289e083fa5@group-EFD1D20A002C: changes role from CANDIDATE to FOLLOWER at term 232 for DISCOVERED_A_NEW_TERM
2019-10-16 18:00:59,431 [bf55b3f9-6b09-4365-9d71-55289e083fa5@group-EFD1D20A002C-LeaderElection201] INFO  impl.RoleInfo (RoleInfo.java:shutdownLeaderElection(134)) - bf55b3f9-6b09-4365-9d71-55289e083fa5: shutdown LeaderElection
2019-10-16 18:00:59,431 [bf55b3f9-6b09-4365-9d71-55289e083fa5@group-EFD1D20A002C-LeaderElection201] INFO  impl.RoleInfo (RoleInfo.java:updateAndGet(143)) - bf55b3f9-6b09-4365-9d71-55289e083fa5: start FollowerState
2019-10-16 18:00:59,569 [Thread-1433] INFO  impl.FollowerState (FollowerState.java:run(108)) - bf55b3f9-6b09-4365-9d71-55289e083fa5@group-EFD1D20A002C-FollowerState: change to CANDIDATE, lastRpcTime:138ms, electionTimeout:138ms
2019-10-16 18:00:59,569 [Thread-1433] INFO  impl.RoleInfo (RoleInfo.java:shutdownFollowerState(121)) - bf55b3f9-6b09-4365-9d71-55289e083fa5: shutdown FollowerState
2019-10-16 18:00:59,569 [Thread-1433] INFO  impl.RaftServerImpl (RaftServerImpl.java:setRole(184)) - bf55b3f9-6b09-4365-9d71-55289e083fa5@group-EFD1D20A002C: changes role from  FOLLOWER to CANDIDATE at term 232 for changeToCandidate
2019-10-16 18:00:59,570 [Thread-1433] INFO  impl.RoleInfo (RoleInfo.java:updateAndGet(143)) - bf55b3f9-6b09-4365-9d71-55289e083fa5: start LeaderElection
2019-10-16 18:00:59,599 [bf55b3f9-6b09-4365-9d71-55289e083fa5@group-EFD1D20A002C-LeaderElection202] INFO  impl.LeaderElection (LeaderElection.java:askForVotes(178)) - bf55b3f9-6b09-4365-9d71-55289e083fa5@group-EFD1D20A002C-LeaderElection202: begin an election at term 233 for -1: [f4c54511-b161-4347-aec5-5236dc80a0d8:0.0.0.0:41238, 907b9765-214b-4864-b66a-d6e2a5789e5c:0.0.0.0:41650, bf55b3f9-6b09-4365-9d71-55289e083fa5:0.0.0.0:42441], old=null
2019-10-16 18:00:59,602 [grpc-default-executor-0] INFO  impl.RaftServerImpl (RaftServerImpl.java:setRole(184)) - 907b9765-214b-4864-b66a-d6e2a5789e5c@group-EFD1D20A002C: changes role from  FOLLOWER to FOLLOWER at term 233 for recognizeCandidate:bf55b3f9-6b09-4365-9d71-55289e083fa5
2019-10-16 18:00:59,602 [grpc-default-executor-3] INFO  impl.RaftServerImpl (RaftServerImpl.java:setRole(184)) - f4c54511-b161-4347-aec5-5236dc80a0d8@group-EFD1D20A002C: changes role from  FOLLOWER to FOLLOWER at term 233 for recognizeCandidate:bf55b3f9-6b09-4365-9d71-55289e083fa5
2019-10-16 18:00:59,602 [grpc-default-executor-0] INFO  impl.RoleInfo (RoleInfo.java:shutdownFollowerState(121)) - 907b9765-214b-4864-b66a-d6e2a5789e5c: shutdown FollowerState
2019-10-16 18:00:59,602 [grpc-default-executor-3] INFO  impl.RoleInfo (RoleInfo.java:shutdownFollowerState(121)) - f4c54511-b161-4347-aec5-5236dc80a0d8: shutdown FollowerState
2019-10-16 18:00:59,602 [Thread-1431] INFO  impl.FollowerState (FollowerState.java:run(117)) - 907b9765-214b-4864-b66a-d6e2a5789e5c@group-EFD1D20A002C-FollowerState was interrupted: java.lang.InterruptedException: sleep interrupted
2019-10-16 18:00:59,602 [grpc-default-executor-0] INFO  impl.RoleInfo (RoleInfo.java:updateAndGet(143)) - 907b9765-214b-4864-b66a-d6e2a5789e5c: start FollowerState
2019-10-16 18:00:59,602 [Thread-1432] INFO  impl.FollowerState (FollowerState.java:run(117)) - f4c54511-b161-4347-aec5-5236dc80a0d8@group-EFD1D20A002C-FollowerState was interrupted: java.lang.InterruptedException: sleep interrupted
2019-10-16 18:00:59,602 [grpc-default-executor-3] INFO  impl.RoleInfo (RoleInfo.java:updateAndGet(143)) - f4c54511-b161-4347-aec5-5236dc80a0d8: start FollowerState
2019-10-16 18:00:59,634 [bf55b3f9-6b09-4365-9d71-55289e083fa5@group-EFD1D20A002C-LeaderElection202] INFO  impl.LeaderElection (LeaderElection.java:logAndReturn(56)) - bf55b3f9-6b09-4365-9d71-55289e083fa5@group-EFD1D20A002C-LeaderElection202: Election REJECTED; received 2 response(s) [bf55b3f9-6b09-4365-9d71-55289e083fa5<-f4c54511-b161-4347-aec5-5236dc80a0d8#0:FAIL-t233, bf55b3f9-6b09-4365-9d71-55289e083fa5<-907b9765-214b-4864-b66a-d6e2a5789e5c#0:FAIL-t233] and 0 exception(s); bf55b3f9-6b09-4365-9d71-55289e083fa5@group-EFD1D20A002C:t233, leader=null, voted=bf55b3f9-6b09-4365-9d71-55289e083fa5, raftlog=bf55b3f9-6b09-4365-9d71-55289e083fa5@group-EFD1D20A002C-SegmentedRaftLog:OPENED:c-1,f-1,i0, conf=-1: [f4c54511-b161-4347-aec5-5236dc80a0d8:0.0.0.0:41238, 907b9765-214b-4864-b66a-d6e2a5789e5c:0.0.0.0:41650, bf55b3f9-6b09-4365-9d71-55289e083fa5:0.0.0.0:42441], old=null
2019-10-16 18:00:59,634 [bf55b3f9-6b09-4365-9d71-55289e083fa5@group-EFD1D20A002C-LeaderElection202] INFO  impl.RaftServerImpl (RaftServerImpl.java:setRole(184)) - bf55b3f9-6b09-4365-9d71-55289e083fa5@group-EFD1D20A002C: changes role from CANDIDATE to FOLLOWER at term 233 for DISCOVERED_A_NEW_TERM
2019-10-16 18:00:59,634 [bf55b3f9-6b09-4365-9d71-55289e083fa5@group-EFD1D20A002C-LeaderElection202] INFO  impl.RoleInfo (RoleInfo.java:shutdownLeaderElection(134)) - bf55b3f9-6b09-4365-9d71-55289e083fa5: shutdown LeaderElection
2019-10-16 18:00:59,634 [bf55b3f9-6b09-4365-9d71-55289e083fa5@group-EFD1D20A002C-LeaderElection202] INFO  impl.RoleInfo (RoleInfo.java:updateAndGet(143)) - bf55b3f9-6b09-4365-9d71-55289e083fa5: start FollowerState
2019-10-16 18:00:59,679 [Thread-1439] INFO  impl.FollowerState (FollowerState.java:run(108)) - bf55b3f9-6b09-4365-9d71-55289e083fa5@group-EFD1D20A002C-FollowerState: change to CANDIDATE, lastRpcTime:44ms, electionTimeout:44ms
2019-10-16 18:00:59,679 [Thread-1439] INFO  impl.RoleInfo (RoleInfo.java:shutdownFollowerState(121)) - bf55b3f9-6b09-4365-9d71-55289e083fa5: shutdown FollowerState
2019-10-16 18:00:59,679 [Thread-1439] INFO  impl.RaftServerImpl (RaftServerImpl.java:setRole(184)) - bf55b3f9-6b09-4365-9d71-55289e083fa5@group-EFD1D20A002C: changes role from  FOLLOWER to CANDIDATE at term 233 for changeToCandidate
2019-10-16 18:00:59,679 [Thread-1439] INFO  impl.RoleInfo (RoleInfo.java:updateAndGet(143)) - bf55b3f9-6b09-4365-9d71-55289e083fa5: start LeaderElection
2019-10-16 18:00:59,708 [bf55b3f9-6b09-4365-9d71-55289e083fa5@group-EFD1D20A002C-LeaderElection203] INFO  impl.LeaderElection (LeaderElection.java:askForVotes(178)) - bf55b3f9-6b09-4365-9d71-55289e083fa5@group-EFD1D20A002C-LeaderElection203: begin an election at term 234 for -1: [f4c54511-b161-4347-aec5-5236dc80a0d8:0.0.0.0:41238, 907b9765-214b-4864-b66a-d6e2a5789e5c:0.0.0.0:41650, bf55b3f9-6b09-4365-9d71-55289e083fa5:0.0.0.0:42441], old=null
2019-10-16 18:00:59,712 [grpc-default-executor-3] INFO  impl.RaftServerImpl (RaftServerImpl.java:setRole(184)) - 907b9765-214b-4864-b66a-d6e2a5789e5c@group-EFD1D20A002C: changes role from  FOLLOWER to FOLLOWER at term 234 for recognizeCandidate:bf55b3f9-6b09-4365-9d71-55289e083fa5
2019-10-16 18:00:59,712 [grpc-default-executor-3] INFO  impl.RoleInfo (RoleInfo.java:shutdownFollowerState(121)) - 907b9765-214b-4864-b66a-d6e2a5789e5c: shutdown FollowerState
2019-10-16 18:00:59,712 [grpc-default-executor-0] INFO  impl.RaftServerImpl (RaftServerImpl.java:setRole(184)) - f4c54511-b161-4347-aec5-5236dc80a0d8@group-EFD1D20A002C: changes role from  FOLLOWER to FOLLOWER at term 234 for recognizeCandidate:bf55b3f9-6b09-4365-9d71-55289e083fa5
2019-10-16 18:00:59,712 [Thread-1437] INFO  impl.FollowerState (FollowerState.java:run(117)) - 907b9765-214b-4864-b66a-d6e2a5789e5c@group-EFD1D20A002C-FollowerState was interrupted: java.lang.InterruptedException: sleep interrupted
2019-10-16 18:00:59,712 [grpc-default-executor-3] INFO  impl.RoleInfo (RoleInfo.java:updateAndGet(143)) - 907b9765-214b-4864-b66a-d6e2a5789e5c: start FollowerState
2019-10-16 18:00:59,712 [grpc-default-executor-0] INFO  impl.RoleInfo (RoleInfo.java:shutdownFollowerState(121)) - f4c54511-b161-4347-aec5-5236dc80a0d8: shutdown FollowerState
2019-10-16 18:00:59,713 [grpc-default-executor-0] INFO  impl.RoleInfo (RoleInfo.java:updateAndGet(143)) - f4c54511-b161-4347-aec5-5236dc80a0d8: start FollowerState
2019-10-16 18:00:59,713 [Thread-1438] INFO  impl.FollowerState (FollowerState.java:run(117)) - f4c54511-b161-4347-aec5-5236dc80a0d8@group-EFD1D20A002C-FollowerState was interrupted: java.lang.InterruptedException: sleep interrupted
2019-10-16 18:00:59,717 [bf55b3f9-6b09-4365-9d71-55289e083fa5@group-EFD1D20A002C-LeaderElection203] INFO  impl.LeaderElection (LeaderElection.java:logAndReturn(56)) - bf55b3f9-6b09-4365-9d71-55289e083fa5@group-EFD1D20A002C-LeaderElection203: Election TIMEOUT; received 0 response(s) [] and 0 exception(s); bf55b3f9-6b09-4365-9d71-55289e083fa5@group-EFD1D20A002C:t234, leader=null, voted=bf55b3f9-6b09-4365-9d71-55289e083fa5, raftlog=bf55b3f9-6b09-4365-9d71-55289e083fa5@group-EFD1D20A002C-SegmentedRaftLog:OPENED:c-1,f-1,i0, conf=-1: [f4c54511-b161-4347-aec5-5236dc80a0d8:0.0.0.0:41238, 907b9765-214b-4864-b66a-d6e2a5789e5c:0.0.0.0:41650, bf55b3f9-6b09-4365-9d71-55289e083fa5:0.0.0.0:42441], old=null
2019-10-16 18:00:59,734 [bf55b3f9-6b09-4365-9d71-55289e083fa5@group-EFD1D20A002C-LeaderElection203] INFO  impl.LeaderElection (LeaderElection.java:askForVotes(178)) - bf55b3f9-6b09-4365-9d71-55289e083fa5@group-EFD1D20A002C-LeaderElection203: begin an election at term 235 for -1: [f4c54511-b161-4347-aec5-5236dc80a0d8:0.0.0.0:41238, 907b9765-214b-4864-b66a-d6e2a5789e5c:0.0.0.0:41650, bf55b3f9-6b09-4365-9d71-55289e083fa5:0.0.0.0:42441], old=null
2019-10-16 18:00:59,736 [grpc-default-executor-3] INFO  impl.RaftServerImpl (RaftServerImpl.java:setRole(184)) - f4c54511-b161-4347-aec5-5236dc80a0d8@group-EFD1D20A002C: changes role from  FOLLOWER to FOLLOWER at term 235 for recognizeCandidate:bf55b3f9-6b09-4365-9d71-55289e083fa5
2019-10-16 18:00:59,736 [grpc-default-executor-3] INFO  impl.RoleInfo (RoleInfo.java:shutdownFollowerState(121)) - f4c54511-b161-4347-aec5-5236dc80a0d8: shutdown FollowerState
2019-10-16 18:00:59,736 [grpc-default-executor-3] INFO  impl.RoleInfo (RoleInfo.java:updateAndGet(143)) - f4c54511-b161-4347-aec5-5236dc80a0d8: start FollowerState
2019-10-16 18:00:59,736 [Thread-1444] INFO  impl.FollowerState (FollowerState.java:run(117)) - f4c54511-b161-4347-aec5-5236dc80a0d8@group-EFD1D20A002C-FollowerState was interrupted: java.lang.InterruptedException: sleep interrupted
2019-10-16 18:00:59,736 [grpc-default-executor-0] INFO  impl.RaftServerImpl (RaftServerImpl.java:setRole(184)) - 907b9765-214b-4864-b66a-d6e2a5789e5c@group-EFD1D20A002C: changes role from  FOLLOWER to FOLLOWER at term 235 for recognizeCandidate:bf55b3f9-6b09-4365-9d71-55289e083fa5
2019-10-16 18:00:59,737 [grpc-default-executor-0] INFO  impl.RoleInfo (RoleInfo.java:shutdownFollowerState(121)) - 907b9765-214b-4864-b66a-d6e2a5789e5c: shutdown FollowerState
2019-10-16 18:00:59,737 [grpc-default-executor-0] INFO  impl.RoleInfo (RoleInfo.java:updateAndGet(143)) - 907b9765-214b-4864-b66a-d6e2a5789e5c: start FollowerState
2019-10-16 18:00:59,737 [Thread-1443] INFO  impl.FollowerState (FollowerState.java:run(117)) - 907b9765-214b-4864-b66a-d6e2a5789e5c@group-EFD1D20A002C-FollowerState was interrupted: java.lang.InterruptedException: sleep interrupted
2019-10-16 18:00:59,761 [bf55b3f9-6b09-4365-9d71-55289e083fa5@group-EFD1D20A002C-LeaderElection203] INFO  impl.LeaderElection (LeaderElection.java:logAndReturn(56)) - bf55b3f9-6b09-4365-9d71-55289e083fa5@group-EFD1D20A002C-LeaderElection203: Election REJECTED; received 2 response(s) [bf55b3f9-6b09-4365-9d71-55289e083fa5<-f4c54511-b161-4347-aec5-5236dc80a0d8#0:FAIL-t235, bf55b3f9-6b09-4365-9d71-55289e083fa5<-907b9765-214b-4864-b66a-d6e2a5789e5c#0:FAIL-t235] and 0 exception(s); bf55b3f9-6b09-4365-9d71-55289e083fa5@group-EFD1D20A002C:t235, leader=null, voted=bf55b3f9-6b09-4365-9d71-55289e083fa5, raftlog=bf55b3f9-6b09-4365-9d71-55289e083fa5@group-EFD1D20A002C-SegmentedRaftLog:OPENED:c-1,f-1,i0, conf=-1: [f4c54511-b161-4347-aec5-5236dc80a0d8:0.0.0.0:41238, 907b9765-214b-4864-b66a-d6e2a5789e5c:0.0.0.0:41650, bf55b3f9-6b09-4365-9d71-55289e083fa5:0.0.0.0:42441], old=null
2019-10-16 18:00:59,761 [bf55b3f9-6b09-4365-9d71-55289e083fa5@group-EFD1D20A002C-LeaderElection203] INFO  impl.RaftServerImpl (RaftServerImpl.java:setRole(184)) - bf55b3f9-6b09-4365-9d71-55289e083fa5@group-EFD1D20A002C: changes role from CANDIDATE to FOLLOWER at term 235 for DISCOVERED_A_NEW_TERM
2019-10-16 18:00:59,762 [bf55b3f9-6b09-4365-9d71-55289e083fa5@group-EFD1D20A002C-LeaderElection203] INFO  impl.RoleInfo (RoleInfo.java:shutdownLeaderElection(134)) - bf55b3f9-6b09-4365-9d71-55289e083fa5: shutdown LeaderElection
2019-10-16 18:00:59,762 [bf55b3f9-6b09-4365-9d71-55289e083fa5@group-EFD1D20A002C-LeaderElection203] INFO  impl.RoleInfo (RoleInfo.java:updateAndGet(143)) - bf55b3f9-6b09-4365-9d71-55289e083fa5: start FollowerState
2019-10-16 18:00:59,944 [Thread-1449] INFO  impl.FollowerState (FollowerState.java:run(108)) - bf55b3f9-6b09-4365-9d71-55289e083fa5@group-EFD1D20A002C-FollowerState: change to CANDIDATE, lastRpcTime:182ms, electionTimeout:182ms
2019-10-16 18:00:59,944 [Thread-1449] INFO  impl.RoleInfo (RoleInfo.java:shutdownFollowerState(121)) - bf55b3f9-6b09-4365-9d71-55289e083fa5: shutdown FollowerState
2019-10-16 18:00:59,945 [Thread-1449] INFO  impl.RaftServerImpl (RaftServerImpl.java:setRole(184)) - bf55b3f9-6b09-4365-9d71-55289e083fa5@group-EFD1D20A002C: changes role from  FOLLOWER to CANDIDATE at term 235 for changeToCandidate
2019-10-16 18:00:59,945 [Thread-1449] INFO  impl.RoleInfo (RoleInfo.java:updateAndGet(143)) - bf55b3f9-6b09-4365-9d71-55289e083fa5: start LeaderElection
2019-10-16 18:00:59,968 [bf55b3f9-6b09-4365-9d71-55289e083fa5@group-EFD1D20A002C-LeaderElection204] INFO  impl.LeaderElection (LeaderElection.java:askForVotes(178)) - bf55b3f9-6b09-4365-9d71-55289e083fa5@group-EFD1D20A002C-LeaderElection204: begin an election at term 236 for -1: [f4c54511-b161-4347-aec5-5236dc80a0d8:0.0.0.0:41238, 907b9765-214b-4864-b66a-d6e2a5789e5c:0.0.0.0:41650, bf55b3f9-6b09-4365-9d71-55289e083fa5:0.0.0.0:42441], old=null
2019-10-16 18:00:59,971 [grpc-default-executor-0] INFO  impl.RaftServerImpl (RaftServerImpl.java:setRole(184)) - f4c54511-b161-4347-aec5-5236dc80a0d8@group-EFD1D20A002C: changes role from  FOLLOWER to FOLLOWER at term 236 for recognizeCandidate:bf55b3f9-6b09-4365-9d71-55289e083fa5
2019-10-16 18:00:59,971 [grpc-default-executor-0] INFO  impl.RoleInfo (RoleInfo.java:shutdownFollowerState(121)) - f4c54511-b161-4347-aec5-5236dc80a0d8: shutdown FollowerState
2019-10-16 18:00:59,971 [grpc-default-executor-0] INFO  impl.RoleInfo (RoleInfo.java:updateAndGet(143)) - f4c54511-b161-4347-aec5-5236dc80a0d8: start FollowerState
2019-10-16 18:00:59,971 [Thread-1447] INFO  impl.FollowerState (FollowerState.java:run(117)) - f4c54511-b161-4347-aec5-5236dc80a0d8@group-EFD1D20A002C-FollowerState was interrupted: java.lang.InterruptedException: sleep interrupted
2019-10-16 18:00:59,971 [grpc-default-executor-3] INFO  impl.RaftServerImpl (RaftServerImpl.java:setRole(184)) - 907b9765-214b-4864-b66a-d6e2a5789e5c@group-EFD1D20A002C: changes role from  FOLLOWER to FOLLOWER at term 236 for recognizeCandidate:bf55b3f9-6b09-4365-9d71-55289e083fa5
2019-10-16 18:00:59,971 [grpc-default-executor-3] INFO  impl.RoleInfo (RoleInfo.java:shutdownFollowerState(121)) - 907b9765-214b-4864-b66a-d6e2a5789e5c: shutdown FollowerState
2019-10-16 18:00:59,972 [grpc-default-executor-3] INFO  impl.RoleInfo (RoleInfo.java:updateAndGet(143)) - 907b9765-214b-4864-b66a-d6e2a5789e5c: start FollowerState
2019-10-16 18:00:59,972 [Thread-1448] INFO  impl.FollowerState (FollowerState.java:run(117)) - 907b9765-214b-4864-b66a-d6e2a5789e5c@group-EFD1D20A002C-FollowerState was interrupted: java.lang.InterruptedException: sleep interrupted
2019-10-16 18:01:00,003 [bf55b3f9-6b09-4365-9d71-55289e083fa5@group-EFD1D20A002C-LeaderElection204] INFO  impl.LeaderElection (LeaderElection.java:logAndReturn(56)) - bf55b3f9-6b09-4365-9d71-55289e083fa5@group-EFD1D20A002C-LeaderElection204: Election REJECTED; received 2 response(s) [bf55b3f9-6b09-4365-9d71-55289e083fa5<-f4c54511-b161-4347-aec5-5236dc80a0d8#0:FAIL-t236, bf55b3f9-6b09-4365-9d71-55289e083fa5<-907b9765-214b-4864-b66a-d6e2a5789e5c#0:FAIL-t236] and 0 exception(s); bf55b3f9-6b09-4365-9d71-55289e083fa5@group-EFD1D20A002C:t236, leader=null, voted=bf55b3f9-6b09-4365-9d71-55289e083fa5, raftlog=bf55b3f9-6b09-4365-9d71-55289e083fa5@group-EFD1D20A002C-SegmentedRaftLog:OPENED:c-1,f-1,i0, conf=-1: [f4c54511-b161-4347-aec5-5236dc80a0d8:0.0.0.0:41238, 907b9765-214b-4864-b66a-d6e2a5789e5c:0.0.0.0:41650, bf55b3f9-6b09-4365-9d71-55289e083fa5:0.0.0.0:42441], old=null
2019-10-16 18:01:00,003 [bf55b3f9-6b09-4365-9d71-55289e083fa5@group-EFD1D20A002C-LeaderElection204] INFO  impl.RaftServerImpl (RaftServerImpl.java:setRole(184)) - bf55b3f9-6b09-4365-9d71-55289e083fa5@group-EFD1D20A002C: changes role from CANDIDATE to FOLLOWER at term 236 for DISCOVERED_A_NEW_TERM
2019-10-16 18:01:00,004 [bf55b3f9-6b09-4365-9d71-55289e083fa5@group-EFD1D20A002C-LeaderElection204] INFO  impl.RoleInfo (RoleInfo.java:shutdownLeaderElection(134)) - bf55b3f9-6b09-4365-9d71-55289e083fa5: shutdown LeaderElection
2019-10-16 18:01:00,004 [bf55b3f9-6b09-4365-9d71-55289e083fa5@group-EFD1D20A002C-LeaderElection204] INFO  impl.RoleInfo (RoleInfo.java:updateAndGet(143)) - bf55b3f9-6b09-4365-9d71-55289e083fa5: start FollowerState
2019-10-16 18:01:00,100 [Thread-1457] INFO  impl.FollowerState (FollowerState.java:run(108)) - bf55b3f9-6b09-4365-9d71-55289e083fa5@group-EFD1D20A002C-FollowerState: change to CANDIDATE, lastRpcTime:96ms, electionTimeout:96ms
2019-10-16 18:01:00,100 [Thread-1457] INFO  impl.RoleInfo (RoleInfo.java:shutdownFollowerState(121)) - bf55b3f9-6b09-4365-9d71-55289e083fa5: shutdown FollowerState
2019-10-16 18:01:00,101 [Thread-1457] INFO  impl.RaftServerImpl (RaftServerImpl.java:setRole(184)) - bf55b3f9-6b09-4365-9d71-55289e083fa5@group-EFD1D20A002C: changes role from  FOLLOWER to CANDIDATE at term 236 for changeToCandidate
2019-10-16 18:01:00,101 [Thread-1457] INFO  impl.RoleInfo (RoleInfo.java:updateAndGet(143)) - bf55b3f9-6b09-4365-9d71-55289e083fa5: start LeaderElection
2019-10-16 18:01:00,128 [bf55b3f9-6b09-4365-9d71-55289e083fa5@group-EFD1D20A002C-LeaderElection205] INFO  impl.LeaderElection (LeaderElection.java:askForVotes(178)) - bf55b3f9-6b09-4365-9d71-55289e083fa5@group-EFD1D20A002C-LeaderElection205: begin an election at term 237 for -1: [f4c54511-b161-4347-aec5-5236dc80a0d8:0.0.0.0:41238, 907b9765-214b-4864-b66a-d6e2a5789e5c:0.0.0.0:41650, bf55b3f9-6b09-4365-9d71-55289e083fa5:0.0.0.0:42441], old=null
2019-10-16 18:01:00,131 [grpc-default-executor-0] INFO  impl.RaftServerImpl (RaftServerImpl.java:setRole(184)) - f4c54511-b161-4347-aec5-5236dc80a0d8@group-EFD1D20A002C: changes role from  FOLLOWER to FOLLOWER at term 237 for recognizeCandidate:bf55b3f9-6b09-4365-9d71-55289e083fa5
2019-10-16 18:01:00,131 [grpc-default-executor-3] INFO  impl.RaftServerImpl (RaftServerImpl.java:setRole(184)) - 907b9765-214b-4864-b66a-d6e2a5789e5c@group-EFD1D20A002C: changes role from  FOLLOWER to FOLLOWER at term 237 for recognizeCandidate:bf55b3f9-6b09-4365-9d71-55289e083fa5
2019-10-16 18:01:00,131 [grpc-default-executor-0] INFO  impl.RoleInfo (RoleInfo.java:shutdownFollowerState(121)) - f4c54511-b161-4347-aec5-5236dc80a0d8: shutdown FollowerState
2019-10-16 18:01:00,131 [grpc-default-executor-3] INFO  impl.RoleInfo (RoleInfo.java:shutdownFollowerState(121)) - 907b9765-214b-4864-b66a-d6e2a5789e5c: shutdown FollowerState
2019-10-16 18:01:00,131 [Thread-1455] INFO  impl.FollowerState (FollowerState.java:run(117)) - f4c54511-b161-4347-aec5-5236dc80a0d8@group-EFD1D20A002C-FollowerState was interrupted: java.lang.InterruptedException: sleep interrupted
2019-10-16 18:01:00,131 [Thread-1456] INFO  impl.FollowerState (FollowerState.java:run(117)) - 907b9765-214b-4864-b66a-d6e2a5789e5c@group-EFD1D20A002C-FollowerState was interrupted: java.lang.InterruptedException: sleep interrupted
2019-10-16 18:01:00,131 [grpc-default-executor-0] INFO  impl.RoleInfo (RoleInfo.java:updateAndGet(143)) - f4c54511-b161-4347-aec5-5236dc80a0d8: start FollowerState
2019-10-16 18:01:00,131 [grpc-default-executor-3] INFO  impl.RoleInfo (RoleInfo.java:updateAndGet(143)) - 907b9765-214b-4864-b66a-d6e2a5789e5c: start FollowerState
2019-10-16 18:01:00,163 [bf55b3f9-6b09-4365-9d71-55289e083fa5@group-EFD1D20A002C-LeaderElection205] INFO  impl.LeaderElection (LeaderElection.java:logAndReturn(56)) - bf55b3f9-6b09-4365-9d71-55289e083fa5@group-EFD1D20A002C-LeaderElection205: Election REJECTED; received 2 response(s) [bf55b3f9-6b09-4365-9d71-55289e083fa5<-f4c54511-b161-4347-aec5-5236dc80a0d8#0:FAIL-t237, bf55b3f9-6b09-4365-9d71-55289e083fa5<-907b9765-214b-4864-b66a-d6e2a5789e5c#0:FAIL-t237] and 0 exception(s); bf55b3f9-6b09-4365-9d71-55289e083fa5@group-EFD1D20A002C:t237, leader=null, voted=bf55b3f9-6b09-4365-9d71-55289e083fa5, raftlog=bf55b3f9-6b09-4365-9d71-55289e083fa5@group-EFD1D20A002C-SegmentedRaftLog:OPENED:c-1,f-1,i0, conf=-1: [f4c54511-b161-4347-aec5-5236dc80a0d8:0.0.0.0:41238, 907b9765-214b-4864-b66a-d6e2a5789e5c:0.0.0.0:41650, bf55b3f9-6b09-4365-9d71-55289e083fa5:0.0.0.0:42441], old=null
2019-10-16 18:01:00,163 [bf55b3f9-6b09-4365-9d71-55289e083fa5@group-EFD1D20A002C-LeaderElection205] INFO  impl.RaftServerImpl (RaftServerImpl.java:setRole(184)) - bf55b3f9-6b09-4365-9d71-55289e083fa5@group-EFD1D20A002C: changes role from CANDIDATE to FOLLOWER at term 237 for DISCOVERED_A_NEW_TERM
2019-10-16 18:01:00,163 [bf55b3f9-6b09-4365-9d71-55289e083fa5@group-EFD1D20A002C-LeaderElection205] INFO  impl.RoleInfo (RoleInfo.java:shutdownLeaderElection(134)) - bf55b3f9-6b09-4365-9d71-55289e083fa5: shutdown LeaderElection
2019-10-16 18:01:00,163 [bf55b3f9-6b09-4365-9d71-55289e083fa5@group-EFD1D20A002C-LeaderElection205] INFO  impl.RoleInfo (RoleInfo.java:updateAndGet(143)) - bf55b3f9-6b09-4365-9d71-55289e083fa5: start FollowerState
2019-10-16 18:01:00,193 [Thread-1463] INFO  impl.FollowerState (FollowerState.java:run(108)) - bf55b3f9-6b09-4365-9d71-55289e083fa5@group-EFD1D20A002C-FollowerState: change to CANDIDATE, lastRpcTime:30ms, electionTimeout:30ms
2019-10-16 18:01:00,194 [Thread-1463] INFO  impl.RoleInfo (RoleInfo.java:shutdownFollowerState(121)) - bf55b3f9-6b09-4365-9d71-55289e083fa5: shutdown FollowerState
2019-10-16 18:01:00,194 [Thread-1463] INFO  impl.RaftServerImpl (RaftServerImpl.java:setRole(184)) - bf55b3f9-6b09-4365-9d71-55289e083fa5@group-EFD1D20A002C: changes role from  FOLLOWER to CANDIDATE at term 237 for changeToCandidate
2019-10-16 18:01:00,194 [Thread-1463] INFO  impl.RoleInfo (RoleInfo.java:updateAndGet(143)) - bf55b3f9-6b09-4365-9d71-55289e083fa5: start LeaderElection
2019-10-16 18:01:00,221 [bf55b3f9-6b09-4365-9d71-55289e083fa5@group-EFD1D20A002C-LeaderElection206] INFO  impl.LeaderElection (LeaderElection.java:askForVotes(178)) - bf55b3f9-6b09-4365-9d71-55289e083fa5@group-EFD1D20A002C-LeaderElection206: begin an election at term 238 for -1: [f4c54511-b161-4347-aec5-5236dc80a0d8:0.0.0.0:41238, 907b9765-214b-4864-b66a-d6e2a5789e5c:0.0.0.0:41650, bf55b3f9-6b09-4365-9d71-55289e083fa5:0.0.0.0:42441], old=null
2019-10-16 18:01:00,223 [grpc-default-executor-0] INFO  impl.RaftServerImpl (RaftServerImpl.java:setRole(184)) - 907b9765-214b-4864-b66a-d6e2a5789e5c@group-EFD1D20A002C: changes role from  FOLLOWER to FOLLOWER at term 238 for recognizeCandidate:bf55b3f9-6b09-4365-9d71-55289e083fa5
2019-10-16 18:01:00,223 [grpc-default-executor-3] INFO  impl.RaftServerImpl (RaftServerImpl.java:setRole(184)) - f4c54511-b161-4347-aec5-5236dc80a0d8@group-EFD1D20A002C: changes role from  FOLLOWER to FOLLOWER at term 238 for recognizeCandidate:bf55b3f9-6b09-4365-9d71-55289e083fa5
2019-10-16 18:01:00,223 [grpc-default-executor-0] INFO  impl.RoleInfo (RoleInfo.java:shutdownFollowerState(121)) - 907b9765-214b-4864-b66a-d6e2a5789e5c: shutdown FollowerState
2019-10-16 18:01:00,223 [grpc-default-executor-3] INFO  impl.RoleInfo (RoleInfo.java:shutdownFollowerState(121)) - f4c54511-b161-4347-aec5-5236dc80a0d8: shutdown FollowerState
2019-10-16 18:01:00,224 [Thread-1462] INFO  impl.FollowerState (FollowerState.java:run(117)) - 907b9765-214b-4864-b66a-d6e2a5789e5c@group-EFD1D20A002C-FollowerState was interrupted: java.lang.InterruptedException: sleep interrupted
2019-10-16 18:01:00,224 [grpc-default-executor-0] INFO  impl.RoleInfo (RoleInfo.java:updateAndGet(143)) - 907b9765-214b-4864-b66a-d6e2a5789e5c: start FollowerState
2019-10-16 18:01:00,224 [Thread-1461] INFO  impl.FollowerState (FollowerState.java:run(117)) - f4c54511-b161-4347-aec5-5236dc80a0d8@group-EFD1D20A002C-FollowerState was interrupted: java.lang.InterruptedException: sleep interrupted
2019-10-16 18:01:00,224 [grpc-default-executor-3] INFO  impl.RoleInfo (RoleInfo.java:updateAndGet(143)) - f4c54511-b161-4347-aec5-5236dc80a0d8: start FollowerState
2019-10-16 18:01:00,225 [bf55b3f9-6b09-4365-9d71-55289e083fa5@group-EFD1D20A002C-LeaderElection206] INFO  impl.LeaderElection (LeaderElection.java:logAndReturn(56)) - bf55b3f9-6b09-4365-9d71-55289e083fa5@group-EFD1D20A002C-LeaderElection206: Election TIMEOUT; received 0 response(s) [] and 0 exception(s); bf55b3f9-6b09-4365-9d71-55289e083fa5@group-EFD1D20A002C:t238, leader=null, voted=bf55b3f9-6b09-4365-9d71-55289e083fa5, raftlog=bf55b3f9-6b09-4365-9d71-55289e083fa5@group-EFD1D20A002C-SegmentedRaftLog:OPENED:c-1,f-1,i0, conf=-1: [f4c54511-b161-4347-aec5-5236dc80a0d8:0.0.0.0:41238, 907b9765-214b-4864-b66a-d6e2a5789e5c:0.0.0.0:41650, bf55b3f9-6b09-4365-9d71-55289e083fa5:0.0.0.0:42441], old=null
2019-10-16 18:01:00,246 [bf55b3f9-6b09-4365-9d71-55289e083fa5@group-EFD1D20A002C-LeaderElection206] INFO  impl.LeaderElection (LeaderElection.java:askForVotes(178)) - bf55b3f9-6b09-4365-9d71-55289e083fa5@group-EFD1D20A002C-LeaderElection206: begin an election at term 239 for -1: [f4c54511-b161-4347-aec5-5236dc80a0d8:0.0.0.0:41238, 907b9765-214b-4864-b66a-d6e2a5789e5c:0.0.0.0:41650, bf55b3f9-6b09-4365-9d71-55289e083fa5:0.0.0.0:42441], old=null
2019-10-16 18:01:00,249 [grpc-default-executor-0] INFO  impl.RaftServerImpl (RaftServerImpl.java:setRole(184)) - 907b9765-214b-4864-b66a-d6e2a5789e5c@group-EFD1D20A002C: changes role from  FOLLOWER to FOLLOWER at term 239 for recognizeCandidate:bf55b3f9-6b09-4365-9d71-55289e083fa5
2019-10-16 18:01:00,249 [grpc-default-executor-3] INFO  impl.RaftServerImpl (RaftServerImpl.java:setRole(184)) - f4c54511-b161-4347-aec5-5236dc80a0d8@group-EFD1D20A002C: changes role from  FOLLOWER to FOLLOWER at term 239 for recognizeCandidate:bf55b3f9-6b09-4365-9d71-55289e083fa5
2019-10-16 18:01:00,249 [grpc-default-executor-0] INFO  impl.RoleInfo (RoleInfo.java:shutdownFollowerState(121)) - 907b9765-214b-4864-b66a-d6e2a5789e5c: shutdown FollowerState
2019-10-16 18:01:00,249 [grpc-default-executor-3] INFO  impl.RoleInfo (RoleInfo.java:shutdownFollowerState(121)) - f4c54511-b161-4347-aec5-5236dc80a0d8: shutdown FollowerState
2019-10-16 18:01:00,249 [Thread-1467] INFO  impl.FollowerState (FollowerState.java:run(117)) - 907b9765-214b-4864-b66a-d6e2a5789e5c@group-EFD1D20A002C-FollowerState was interrupted: java.lang.InterruptedException: sleep interrupted
2019-10-16 18:01:00,249 [grpc-default-executor-0] INFO  impl.RoleInfo (RoleInfo.java:updateAndGet(143)) - 907b9765-214b-4864-b66a-d6e2a5789e5c: start FollowerState
2019-10-16 18:01:00,250 [Thread-1468] INFO  impl.FollowerState (FollowerState.java:run(117)) - f4c54511-b161-4347-aec5-5236dc80a0d8@group-EFD1D20A002C-FollowerState was interrupted: java.lang.InterruptedException: sleep interrupted
2019-10-16 18:01:00,250 [grpc-default-executor-3] INFO  impl.RoleInfo (RoleInfo.java:updateAndGet(143)) - f4c54511-b161-4347-aec5-5236dc80a0d8: start FollowerState
2019-10-16 18:01:00,273 [bf55b3f9-6b09-4365-9d71-55289e083fa5@group-EFD1D20A002C-LeaderElection206] INFO  impl.LeaderElection (LeaderElection.java:logAndReturn(56)) - bf55b3f9-6b09-4365-9d71-55289e083fa5@group-EFD1D20A002C-LeaderElection206: Election REJECTED; received 2 response(s) [bf55b3f9-6b09-4365-9d71-55289e083fa5<-f4c54511-b161-4347-aec5-5236dc80a0d8#0:FAIL-t239, bf55b3f9-6b09-4365-9d71-55289e083fa5<-907b9765-214b-4864-b66a-d6e2a5789e5c#0:FAIL-t239] and 0 exception(s); bf55b3f9-6b09-4365-9d71-55289e083fa5@group-EFD1D20A002C:t239, leader=null, voted=bf55b3f9-6b09-4365-9d71-55289e083fa5, raftlog=bf55b3f9-6b09-4365-9d71-55289e083fa5@group-EFD1D20A002C-SegmentedRaftLog:OPENED:c-1,f-1,i0, conf=-1: [f4c54511-b161-4347-aec5-5236dc80a0d8:0.0.0.0:41238, 907b9765-214b-4864-b66a-d6e2a5789e5c:0.0.0.0:41650, bf55b3f9-6b09-4365-9d71-55289e083fa5:0.0.0.0:42441], old=null
2019-10-16 18:01:00,273 [bf55b3f9-6b09-4365-9d71-55289e083fa5@group-EFD1D20A002C-LeaderElection206] INFO  impl.RaftServerImpl (RaftServerImpl.java:setRole(184)) - bf55b3f9-6b09-4365-9d71-55289e083fa5@group-EFD1D20A002C: changes role from CANDIDATE to FOLLOWER at term 239 for DISCOVERED_A_NEW_TERM
2019-10-16 18:01:00,273 [bf55b3f9-6b09-4365-9d71-55289e083fa5@group-EFD1D20A002C-LeaderElection206] INFO  impl.RoleInfo (RoleInfo.java:shutdownLeaderElection(134)) - bf55b3f9-6b09-4365-9d71-55289e083fa5: shutdown LeaderElection
2019-10-16 18:01:00,273 [bf55b3f9-6b09-4365-9d71-55289e083fa5@group-EFD1D20A002C-LeaderElection206] INFO  impl.RoleInfo (RoleInfo.java:updateAndGet(143)) - bf55b3f9-6b09-4365-9d71-55289e083fa5: start FollowerState
2019-10-16 18:01:00,454 [Thread-1473] INFO  impl.FollowerState (FollowerState.java:run(108)) - bf55b3f9-6b09-4365-9d71-55289e083fa5@group-EFD1D20A002C-FollowerState: change to CANDIDATE, lastRpcTime:181ms, electionTimeout:181ms
2019-10-16 18:01:00,455 [Thread-1473] INFO  impl.RoleInfo (RoleInfo.java:shutdownFollowerState(121)) - bf55b3f9-6b09-4365-9d71-55289e083fa5: shutdown FollowerState
2019-10-16 18:01:00,455 [Thread-1473] INFO  impl.RaftServerImpl (RaftServerImpl.java:setRole(184)) - bf55b3f9-6b09-4365-9d71-55289e083fa5@group-EFD1D20A002C: changes role from  FOLLOWER to CANDIDATE at term 239 for changeToCandidate
2019-10-16 18:01:00,455 [Thread-1473] INFO  impl.RoleInfo (RoleInfo.java:updateAndGet(143)) - bf55b3f9-6b09-4365-9d71-55289e083fa5: start LeaderElection
2019-10-16 18:01:00,483 [bf55b3f9-6b09-4365-9d71-55289e083fa5@group-EFD1D20A002C-LeaderElection207] INFO  impl.LeaderElection (LeaderElection.java:askForVotes(178)) - bf55b3f9-6b09-4365-9d71-55289e083fa5@group-EFD1D20A002C-LeaderElection207: begin an election at term 240 for -1: [f4c54511-b161-4347-aec5-5236dc80a0d8:0.0.0.0:41238, 907b9765-214b-4864-b66a-d6e2a5789e5c:0.0.0.0:41650, bf55b3f9-6b09-4365-9d71-55289e083fa5:0.0.0.0:42441], old=null
2019-10-16 18:01:00,485 [grpc-default-executor-3] INFO  impl.RaftServerImpl (RaftServerImpl.java:setRole(184)) - 907b9765-214b-4864-b66a-d6e2a5789e5c@group-EFD1D20A002C: changes role from  FOLLOWER to FOLLOWER at term 240 for recognizeCandidate:bf55b3f9-6b09-4365-9d71-55289e083fa5
2019-10-16 18:01:00,485 [grpc-default-executor-0] INFO  impl.RaftServerImpl (RaftServerImpl.java:setRole(184)) - f4c54511-b161-4347-aec5-5236dc80a0d8@group-EFD1D20A002C: changes role from  FOLLOWER to FOLLOWER at term 240 for recognizeCandidate:bf55b3f9-6b09-4365-9d71-55289e083fa5
2019-10-16 18:01:00,485 [grpc-default-executor-3] INFO  impl.RoleInfo (RoleInfo.java:shutdownFollowerState(121)) - 907b9765-214b-4864-b66a-d6e2a5789e5c: shutdown FollowerState
2019-10-16 18:01:00,485 [grpc-default-executor-0] INFO  impl.RoleInfo (RoleInfo.java:shutdownFollowerState(121)) - f4c54511-b161-4347-aec5-5236dc80a0d8: shutdown FollowerState
2019-10-16 18:01:00,486 [Thread-1471] INFO  impl.FollowerState (FollowerState.java:run(117)) - 907b9765-214b-4864-b66a-d6e2a5789e5c@group-EFD1D20A002C-FollowerState was interrupted: java.lang.InterruptedException: sleep interrupted
2019-10-16 18:01:00,486 [grpc-default-executor-3] INFO  impl.RoleInfo (RoleInfo.java:updateAndGet(143)) - 907b9765-214b-4864-b66a-d6e2a5789e5c: start FollowerState
2019-10-16 18:01:00,486 [Thread-1472] INFO  impl.FollowerState (FollowerState.java:run(117)) - f4c54511-b161-4347-aec5-5236dc80a0d8@group-EFD1D20A002C-FollowerState was interrupted: java.lang.InterruptedException: sleep interrupted
2019-10-16 18:01:00,486 [grpc-default-executor-0] INFO  impl.RoleInfo (RoleInfo.java:updateAndGet(143)) - f4c54511-b161-4347-aec5-5236dc80a0d8: start FollowerState
2019-10-16 18:01:00,551 [bf55b3f9-6b09-4365-9d71-55289e083fa5@group-EFD1D20A002C-LeaderElection207] INFO  impl.LeaderElection (LeaderElection.java:logAndReturn(56)) - bf55b3f9-6b09-4365-9d71-55289e083fa5@group-EFD1D20A002C-LeaderElection207: Election REJECTED; received 2 response(s) [bf55b3f9-6b09-4365-9d71-55289e083fa5<-f4c54511-b161-4347-aec5-5236dc80a0d8#0:FAIL-t240, bf55b3f9-6b09-4365-9d71-55289e083fa5<-907b9765-214b-4864-b66a-d6e2a5789e5c#0:FAIL-t240] and 0 exception(s); bf55b3f9-6b09-4365-9d71-55289e083fa5@group-EFD1D20A002C:t240, leader=null, voted=bf55b3f9-6b09-4365-9d71-55289e083fa5, raftlog=bf55b3f9-6b09-4365-9d71-55289e083fa5@group-EFD1D20A002C-SegmentedRaftLog:OPENED:c-1,f-1,i0, conf=-1: [f4c54511-b161-4347-aec5-5236dc80a0d8:0.0.0.0:41238, 907b9765-214b-4864-b66a-d6e2a5789e5c:0.0.0.0:41650, bf55b3f9-6b09-4365-9d71-55289e083fa5:0.0.0.0:42441], old=null
2019-10-16 18:01:00,551 [bf55b3f9-6b09-4365-9d71-55289e083fa5@group-EFD1D20A002C-LeaderElection207] INFO  impl.RaftServerImpl (RaftServerImpl.java:setRole(184)) - bf55b3f9-6b09-4365-9d71-55289e083fa5@group-EFD1D20A002C: changes role from CANDIDATE to FOLLOWER at term 240 for DISCOVERED_A_NEW_TERM
2019-10-16 18:01:00,551 [bf55b3f9-6b09-4365-9d71-55289e083fa5@group-EFD1D20A002C-LeaderElection207] INFO  impl.RoleInfo (RoleInfo.java:shutdownLeaderElection(134)) - bf55b3f9-6b09-4365-9d71-55289e083fa5: shutdown LeaderElection
2019-10-16 18:01:00,551 [bf55b3f9-6b09-4365-9d71-55289e083fa5@group-EFD1D20A002C-LeaderElection207] INFO  impl.RoleInfo (RoleInfo.java:updateAndGet(143)) - bf55b3f9-6b09-4365-9d71-55289e083fa5: start FollowerState
2019-10-16 18:01:00,747 [Thread-1479] INFO  impl.FollowerState (FollowerState.java:run(108)) - bf55b3f9-6b09-4365-9d71-55289e083fa5@group-EFD1D20A002C-FollowerState: change to CANDIDATE, lastRpcTime:195ms, electionTimeout:195ms
2019-10-16 18:01:00,747 [Thread-1479] INFO  impl.RoleInfo (RoleInfo.java:shutdownFollowerState(121)) - bf55b3f9-6b09-4365-9d71-55289e083fa5: shutdown FollowerState
2019-10-16 18:01:00,747 [Thread-1479] INFO  impl.RaftServerImpl (RaftServerImpl.java:setRole(184)) - bf55b3f9-6b09-4365-9d71-55289e083fa5@group-EFD1D20A002C: changes role from  FOLLOWER to CANDIDATE at term 240 for changeToCandidate
2019-10-16 18:01:00,747 [Thread-1479] INFO  impl.RoleInfo (RoleInfo.java:updateAndGet(143)) - bf55b3f9-6b09-4365-9d71-55289e083fa5: start LeaderElection
2019-10-16 18:01:00,776 [bf55b3f9-6b09-4365-9d71-55289e083fa5@group-EFD1D20A002C-LeaderElection208] INFO  impl.LeaderElection (LeaderElection.java:askForVotes(178)) - bf55b3f9-6b09-4365-9d71-55289e083fa5@group-EFD1D20A002C-LeaderElection208: begin an election at term 241 for -1: [f4c54511-b161-4347-aec5-5236dc80a0d8:0.0.0.0:41238, 907b9765-214b-4864-b66a-d6e2a5789e5c:0.0.0.0:41650, bf55b3f9-6b09-4365-9d71-55289e083fa5:0.0.0.0:42441], old=null
2019-10-16 18:01:00,778 [grpc-default-executor-3] INFO  impl.RaftServerImpl (RaftServerImpl.java:setRole(184)) - 907b9765-214b-4864-b66a-d6e2a5789e5c@group-EFD1D20A002C: changes role from  FOLLOWER to FOLLOWER at term 241 for recognizeCandidate:bf55b3f9-6b09-4365-9d71-55289e083fa5
2019-10-16 18:01:00,778 [grpc-default-executor-0] INFO  impl.RaftServerImpl (RaftServerImpl.java:setRole(184)) - f4c54511-b161-4347-aec5-5236dc80a0d8@group-EFD1D20A002C: changes role from  FOLLOWER to FOLLOWER at term 241 for recognizeCandidate:bf55b3f9-6b09-4365-9d71-55289e083fa5
2019-10-16 18:01:00,779 [grpc-default-executor-3] INFO  impl.RoleInfo (RoleInfo.java:shutdownFollowerState(121)) - 907b9765-214b-4864-b66a-d6e2a5789e5c: shutdown FollowerState
2019-10-16 18:01:00,779 [grpc-default-executor-0] INFO  impl.RoleInfo (RoleInfo.java:shutdownFollowerState(121)) - f4c54511-b161-4347-aec5-5236dc80a0d8: shutdown FollowerState
2019-10-16 18:01:00,779 [Thread-1477] INFO  impl.FollowerState (FollowerState.java:run(117)) - 907b9765-214b-4864-b66a-d6e2a5789e5c@group-EFD1D20A002C-FollowerState was interrupted: java.lang.InterruptedException: sleep interrupted
2019-10-16 18:01:00,779 [grpc-default-executor-3] INFO  impl.RoleInfo (RoleInfo.java:updateAndGet(143)) - 907b9765-214b-4864-b66a-d6e2a5789e5c: start FollowerState
2019-10-16 18:01:00,779 [Thread-1478] INFO  impl.FollowerState (FollowerState.java:run(117)) - f4c54511-b161-4347-aec5-5236dc80a0d8@group-EFD1D20A002C-FollowerState was interrupted: java.lang.InterruptedException: sleep interrupted
2019-10-16 18:01:00,779 [grpc-default-executor-0] INFO  impl.RoleInfo (RoleInfo.java:updateAndGet(143)) - f4c54511-b161-4347-aec5-5236dc80a0d8: start FollowerState
2019-10-16 18:01:00,793 [bf55b3f9-6b09-4365-9d71-55289e083fa5@group-EFD1D20A002C-LeaderElection208] INFO  impl.LeaderElection (LeaderElection.java:logAndReturn(56)) - bf55b3f9-6b09-4365-9d71-55289e083fa5@group-EFD1D20A002C-LeaderElection208: Election TIMEOUT; received 0 response(s) [] and 0 exception(s); bf55b3f9-6b09-4365-9d71-55289e083fa5@group-EFD1D20A002C:t241, leader=null, voted=bf55b3f9-6b09-4365-9d71-55289e083fa5, raftlog=bf55b3f9-6b09-4365-9d71-55289e083fa5@group-EFD1D20A002C-SegmentedRaftLog:OPENED:c-1,f-1,i0, conf=-1: [f4c54511-b161-4347-aec5-5236dc80a0d8:0.0.0.0:41238, 907b9765-214b-4864-b66a-d6e2a5789e5c:0.0.0.0:41650, bf55b3f9-6b09-4365-9d71-55289e083fa5:0.0.0.0:42441], old=null
2019-10-16 18:01:00,819 [bf55b3f9-6b09-4365-9d71-55289e083fa5@group-EFD1D20A002C-LeaderElection208] INFO  impl.LeaderElection (LeaderElection.java:askForVotes(178)) - bf55b3f9-6b09-4365-9d71-55289e083fa5@group-EFD1D20A002C-LeaderElection208: begin an election at term 242 for -1: [f4c54511-b161-4347-aec5-5236dc80a0d8:0.0.0.0:41238, 907b9765-214b-4864-b66a-d6e2a5789e5c:0.0.0.0:41650, bf55b3f9-6b09-4365-9d71-55289e083fa5:0.0.0.0:42441], old=null
2019-10-16 18:01:00,821 [grpc-default-executor-0] INFO  impl.RaftServerImpl (RaftServerImpl.java:setRole(184)) - f4c54511-b161-4347-aec5-5236dc80a0d8@group-EFD1D20A002C: changes role from  FOLLOWER to FOLLOWER at term 242 for recognizeCandidate:bf55b3f9-6b09-4365-9d71-55289e083fa5
2019-10-16 18:01:00,821 [grpc-default-executor-0] INFO  impl.RoleInfo (RoleInfo.java:shutdownFollowerState(121)) - f4c54511-b161-4347-aec5-5236dc80a0d8: shutdown FollowerState
2019-10-16 18:01:00,821 [grpc-default-executor-3] INFO  impl.RaftServerImpl (RaftServerImpl.java:setRole(184)) - 907b9765-214b-4864-b66a-d6e2a5789e5c@group-EFD1D20A002C: changes role from  FOLLOWER to FOLLOWER at term 242 for recognizeCandidate:bf55b3f9-6b09-4365-9d71-55289e083fa5
2019-10-16 18:01:00,821 [grpc-default-executor-3] INFO  impl.RoleInfo (RoleInfo.java:shutdownFollowerState(121)) - 907b9765-214b-4864-b66a-d6e2a5789e5c: shutdown FollowerState
2019-10-16 18:01:00,821 [Thread-1484] INFO  impl.FollowerState (FollowerState.java:run(117)) - f4c54511-b161-4347-aec5-5236dc80a0d8@group-EFD1D20A002C-FollowerState was interrupted: java.lang.InterruptedException: sleep interrupted
2019-10-16 18:01:00,821 [grpc-default-executor-0] INFO  impl.RoleInfo (RoleInfo.java:updateAndGet(143)) - f4c54511-b161-4347-aec5-5236dc80a0d8: start FollowerState
2019-10-16 18:01:00,821 [Thread-1483] INFO  impl.FollowerState (FollowerState.java:run(117)) - 907b9765-214b-4864-b66a-d6e2a5789e5c@group-EFD1D20A002C-FollowerState was interrupted: java.lang.InterruptedException: sleep interrupted
2019-10-16 18:01:00,821 [grpc-default-executor-3] INFO  impl.RoleInfo (RoleInfo.java:updateAndGet(143)) - 907b9765-214b-4864-b66a-d6e2a5789e5c: start FollowerState
2019-10-16 18:01:00,845 [bf55b3f9-6b09-4365-9d71-55289e083fa5@group-EFD1D20A002C-LeaderElection208] INFO  impl.LeaderElection (LeaderElection.java:logAndReturn(56)) - bf55b3f9-6b09-4365-9d71-55289e083fa5@group-EFD1D20A002C-LeaderElection208: Election REJECTED; received 2 response(s) [bf55b3f9-6b09-4365-9d71-55289e083fa5<-f4c54511-b161-4347-aec5-5236dc80a0d8#0:FAIL-t242, bf55b3f9-6b09-4365-9d71-55289e083fa5<-907b9765-214b-4864-b66a-d6e2a5789e5c#0:FAIL-t242] and 0 exception(s); bf55b3f9-6b09-4365-9d71-55289e083fa5@group-EFD1D20A002C:t242, leader=null, voted=bf55b3f9-6b09-4365-9d71-55289e083fa5, raftlog=bf55b3f9-6b09-4365-9d71-55289e083fa5@group-EFD1D20A002C-SegmentedRaftLog:OPENED:c-1,f-1,i0, conf=-1: [f4c54511-b161-4347-aec5-5236dc80a0d8:0.0.0.0:41238, 907b9765-214b-4864-b66a-d6e2a5789e5c:0.0.0.0:41650, bf55b3f9-6b09-4365-9d71-55289e083fa5:0.0.0.0:42441], old=null
2019-10-16 18:01:00,845 [bf55b3f9-6b09-4365-9d71-55289e083fa5@group-EFD1D20A002C-LeaderElection208] INFO  impl.RaftServerImpl (RaftServerImpl.java:setRole(184)) - bf55b3f9-6b09-4365-9d71-55289e083fa5@group-EFD1D20A002C: changes role from CANDIDATE to FOLLOWER at term 242 for DISCOVERED_A_NEW_TERM
2019-10-16 18:01:00,845 [bf55b3f9-6b09-4365-9d71-55289e083fa5@group-EFD1D20A002C-LeaderElection208] INFO  impl.RoleInfo (RoleInfo.java:shutdownLeaderElection(134)) - bf55b3f9-6b09-4365-9d71-55289e083fa5: shutdown LeaderElection
2019-10-16 18:01:00,846 [bf55b3f9-6b09-4365-9d71-55289e083fa5@group-EFD1D20A002C-LeaderElection208] INFO  impl.RoleInfo (RoleInfo.java:updateAndGet(143)) - bf55b3f9-6b09-4365-9d71-55289e083fa5: start FollowerState
2019-10-16 18:01:01,031 [Thread-1489] INFO  impl.FollowerState (FollowerState.java:run(108)) - bf55b3f9-6b09-4365-9d71-55289e083fa5@group-EFD1D20A002C-FollowerState: change to CANDIDATE, lastRpcTime:185ms, electionTimeout:185ms
2019-10-16 18:01:01,031 [Thread-1489] INFO  impl.RoleInfo (RoleInfo.java:shutdownFollowerState(121)) - bf55b3f9-6b09-4365-9d71-55289e083fa5: shutdown FollowerState
2019-10-16 18:01:01,031 [Thread-1489] INFO  impl.RaftServerImpl (RaftServerImpl.java:setRole(184)) - bf55b3f9-6b09-4365-9d71-55289e083fa5@group-EFD1D20A002C: changes role from  FOLLOWER to CANDIDATE at term 242 for changeToCandidate
2019-10-16 18:01:01,031 [Thread-1489] INFO  impl.RoleInfo (RoleInfo.java:updateAndGet(143)) - bf55b3f9-6b09-4365-9d71-55289e083fa5: start LeaderElection
2019-10-16 18:01:01,054 [bf55b3f9-6b09-4365-9d71-55289e083fa5@group-EFD1D20A002C-LeaderElection209] INFO  impl.LeaderElection (LeaderElection.java:askForVotes(178)) - bf55b3f9-6b09-4365-9d71-55289e083fa5@group-EFD1D20A002C-LeaderElection209: begin an election at term 243 for -1: [f4c54511-b161-4347-aec5-5236dc80a0d8:0.0.0.0:41238, 907b9765-214b-4864-b66a-d6e2a5789e5c:0.0.0.0:41650, bf55b3f9-6b09-4365-9d71-55289e083fa5:0.0.0.0:42441], old=null
2019-10-16 18:01:01,056 [grpc-default-executor-0] INFO  impl.RaftServerImpl (RaftServerImpl.java:setRole(184)) - f4c54511-b161-4347-aec5-5236dc80a0d8@group-EFD1D20A002C: changes role from  FOLLOWER to FOLLOWER at term 243 for recognizeCandidate:bf55b3f9-6b09-4365-9d71-55289e083fa5
2019-10-16 18:01:01,056 [grpc-default-executor-3] INFO  impl.RaftServerImpl (RaftServerImpl.java:setRole(184)) - 907b9765-214b-4864-b66a-d6e2a5789e5c@group-EFD1D20A002C: changes role from  FOLLOWER to FOLLOWER at term 243 for recognizeCandidate:bf55b3f9-6b09-4365-9d71-55289e083fa5
2019-10-16 18:01:01,057 [grpc-default-executor-3] INFO  impl.RoleInfo (RoleInfo.java:shutdownFollowerState(121)) - 907b9765-214b-4864-b66a-d6e2a5789e5c: shutdown FollowerState
2019-10-16 18:01:01,057 [grpc-default-executor-0] INFO  impl.RoleInfo (RoleInfo.java:shutdownFollowerState(121)) - f4c54511-b161-4347-aec5-5236dc80a0d8: shutdown FollowerState
2019-10-16 18:01:01,057 [Thread-1488] INFO  impl.FollowerState (FollowerState.java:run(117)) - 907b9765-214b-4864-b66a-d6e2a5789e5c@group-EFD1D20A002C-FollowerState was interrupted: java.lang.InterruptedException: sleep interrupted
2019-10-16 18:01:01,057 [grpc-default-executor-3] INFO  impl.RoleInfo (RoleInfo.java:updateAndGet(143)) - 907b9765-214b-4864-b66a-d6e2a5789e5c: start FollowerState
2019-10-16 18:01:01,057 [grpc-default-executor-0] INFO  impl.RoleInfo (RoleInfo.java:updateAndGet(143)) - f4c54511-b161-4347-aec5-5236dc80a0d8: start FollowerState
2019-10-16 18:01:01,057 [Thread-1487] INFO  impl.FollowerState (FollowerState.java:run(117)) - f4c54511-b161-4347-aec5-5236dc80a0d8@group-EFD1D20A002C-FollowerState was interrupted: java.lang.InterruptedException: sleep interrupted
2019-10-16 18:01:01,081 [bf55b3f9-6b09-4365-9d71-55289e083fa5@group-EFD1D20A002C-LeaderElection209] INFO  impl.LeaderElection (LeaderElection.java:logAndReturn(56)) - bf55b3f9-6b09-4365-9d71-55289e083fa5@group-EFD1D20A002C-LeaderElection209: Election REJECTED; received 2 response(s) [bf55b3f9-6b09-4365-9d71-55289e083fa5<-f4c54511-b161-4347-aec5-5236dc80a0d8#0:FAIL-t243, bf55b3f9-6b09-4365-9d71-55289e083fa5<-907b9765-214b-4864-b66a-d6e2a5789e5c#0:FAIL-t243] and 0 exception(s); bf55b3f9-6b09-4365-9d71-55289e083fa5@group-EFD1D20A002C:t243, leader=null, voted=bf55b3f9-6b09-4365-9d71-55289e083fa5, raftlog=bf55b3f9-6b09-4365-9d71-55289e083fa5@group-EFD1D20A002C-SegmentedRaftLog:OPENED:c-1,f-1,i0, conf=-1: [f4c54511-b161-4347-aec5-5236dc80a0d8:0.0.0.0:41238, 907b9765-214b-4864-b66a-d6e2a5789e5c:0.0.0.0:41650, bf55b3f9-6b09-4365-9d71-55289e083fa5:0.0.0.0:42441], old=null
2019-10-16 18:01:01,081 [bf55b3f9-6b09-4365-9d71-55289e083fa5@group-EFD1D20A002C-LeaderElection209] INFO  impl.RaftServerImpl (RaftServerImpl.java:setRole(184)) - bf55b3f9-6b09-4365-9d71-55289e083fa5@group-EFD1D20A002C: changes role from CANDIDATE to FOLLOWER at term 243 for DISCOVERED_A_NEW_TERM
2019-10-16 18:01:01,081 [bf55b3f9-6b09-4365-9d71-55289e083fa5@group-EFD1D20A002C-LeaderElection209] INFO  impl.RoleInfo (RoleInfo.java:shutdownLeaderElection(134)) - bf55b3f9-6b09-4365-9d71-55289e083fa5: shutdown LeaderElection
2019-10-16 18:01:01,081 [bf55b3f9-6b09-4365-9d71-55289e083fa5@group-EFD1D20A002C-LeaderElection209] INFO  impl.RoleInfo (RoleInfo.java:updateAndGet(143)) - bf55b3f9-6b09-4365-9d71-55289e083fa5: start FollowerState
2019-10-16 18:01:01,174 [Thread-1497] INFO  impl.FollowerState (FollowerState.java:run(108)) - bf55b3f9-6b09-4365-9d71-55289e083fa5@group-EFD1D20A002C-FollowerState: change to CANDIDATE, lastRpcTime:93ms, electionTimeout:93ms
2019-10-16 18:01:01,175 [Thread-1497] INFO  impl.RoleInfo (RoleInfo.java:shutdownFollowerState(121)) - bf55b3f9-6b09-4365-9d71-55289e083fa5: shutdown FollowerState
2019-10-16 18:01:01,175 [Thread-1497] INFO  impl.RaftServerImpl (RaftServerImpl.java:setRole(184)) - bf55b3f9-6b09-4365-9d71-55289e083fa5@group-EFD1D20A002C: changes role from  FOLLOWER to CANDIDATE at term 243 for changeToCandidate
2019-10-16 18:01:01,175 [Thread-1497] INFO  impl.RoleInfo (RoleInfo.java:updateAndGet(143)) - bf55b3f9-6b09-4365-9d71-55289e083fa5: start LeaderElection
2019-10-16 18:01:01,197 [bf55b3f9-6b09-4365-9d71-55289e083fa5@group-EFD1D20A002C-LeaderElection210] INFO  impl.LeaderElection (LeaderElection.java:askForVotes(178)) - bf55b3f9-6b09-4365-9d71-55289e083fa5@group-EFD1D20A002C-LeaderElection210: begin an election at term 244 for -1: [f4c54511-b161-4347-aec5-5236dc80a0d8:0.0.0.0:41238, 907b9765-214b-4864-b66a-d6e2a5789e5c:0.0.0.0:41650, bf55b3f9-6b09-4365-9d71-55289e083fa5:0.0.0.0:42441], old=null
2019-10-16 18:01:01,198 [grpc-default-executor-0] INFO  impl.RaftServerImpl (RaftServerImpl.java:setRole(184)) - f4c54511-b161-4347-aec5-5236dc80a0d8@group-EFD1D20A002C: changes role from  FOLLOWER to FOLLOWER at term 244 for recognizeCandidate:bf55b3f9-6b09-4365-9d71-55289e083fa5
2019-10-16 18:01:01,198 [grpc-default-executor-0] INFO  impl.RoleInfo (RoleInfo.java:shutdownFollowerState(121)) - f4c54511-b161-4347-aec5-5236dc80a0d8: shutdown FollowerState
2019-10-16 18:01:01,199 [grpc-default-executor-0] INFO  impl.RoleInfo (RoleInfo.java:updateAndGet(143)) - f4c54511-b161-4347-aec5-5236dc80a0d8: start FollowerState
2019-10-16 18:01:01,199 [Thread-1496] INFO  impl.FollowerState (FollowerState.java:run(117)) - f4c54511-b161-4347-aec5-5236dc80a0d8@group-EFD1D20A002C-FollowerState was interrupted: java.lang.InterruptedException: sleep interrupted
2019-10-16 18:01:01,199 [grpc-default-executor-3] INFO  impl.RaftServerImpl (RaftServerImpl.java:setRole(184)) - 907b9765-214b-4864-b66a-d6e2a5789e5c@group-EFD1D20A002C: changes role from  FOLLOWER to FOLLOWER at term 244 for recognizeCandidate:bf55b3f9-6b09-4365-9d71-55289e083fa5
2019-10-16 18:01:01,199 [grpc-default-executor-3] INFO  impl.RoleInfo (RoleInfo.java:shutdownFollowerState(121)) - 907b9765-214b-4864-b66a-d6e2a5789e5c: shutdown FollowerState
2019-10-16 18:01:01,199 [grpc-default-executor-3] INFO  impl.RoleInfo (RoleInfo.java:updateAndGet(143)) - 907b9765-214b-4864-b66a-d6e2a5789e5c: start FollowerState
2019-10-16 18:01:01,199 [Thread-1495] INFO  impl.FollowerState (FollowerState.java:run(117)) - 907b9765-214b-4864-b66a-d6e2a5789e5c@group-EFD1D20A002C-FollowerState was interrupted: java.lang.InterruptedException: sleep interrupted
2019-10-16 18:01:01,223 [bf55b3f9-6b09-4365-9d71-55289e083fa5@group-EFD1D20A002C-LeaderElection210] INFO  impl.LeaderElection (LeaderElection.java:logAndReturn(56)) - bf55b3f9-6b09-4365-9d71-55289e083fa5@group-EFD1D20A002C-LeaderElection210: Election REJECTED; received 2 response(s) [bf55b3f9-6b09-4365-9d71-55289e083fa5<-f4c54511-b161-4347-aec5-5236dc80a0d8#0:FAIL-t244, bf55b3f9-6b09-4365-9d71-55289e083fa5<-907b9765-214b-4864-b66a-d6e2a5789e5c#0:FAIL-t244] and 0 exception(s); bf55b3f9-6b09-4365-9d71-55289e083fa5@group-EFD1D20A002C:t244, leader=null, voted=bf55b3f9-6b09-4365-9d71-55289e083fa5, raftlog=bf55b3f9-6b09-4365-9d71-55289e083fa5@group-EFD1D20A002C-SegmentedRaftLog:OPENED:c-1,f-1,i0, conf=-1: [f4c54511-b161-4347-aec5-5236dc80a0d8:0.0.0.0:41238, 907b9765-214b-4864-b66a-d6e2a5789e5c:0.0.0.0:41650, bf55b3f9-6b09-4365-9d71-55289e083fa5:0.0.0.0:42441], old=null
2019-10-16 18:01:01,223 [bf55b3f9-6b09-4365-9d71-55289e083fa5@group-EFD1D20A002C-LeaderElection210] INFO  impl.RaftServerImpl (RaftServerImpl.java:setRole(184)) - bf55b3f9-6b09-4365-9d71-55289e083fa5@group-EFD1D20A002C: changes role from CANDIDATE to FOLLOWER at term 244 for DISCOVERED_A_NEW_TERM
2019-10-16 18:01:01,223 [bf55b3f9-6b09-4365-9d71-55289e083fa5@group-EFD1D20A002C-LeaderElection210] INFO  impl.RoleInfo (RoleInfo.java:shutdownLeaderElection(134)) - bf55b3f9-6b09-4365-9d71-55289e083fa5: shutdown LeaderElection
2019-10-16 18:01:01,223 [bf55b3f9-6b09-4365-9d71-55289e083fa5@group-EFD1D20A002C-LeaderElection210] INFO  impl.RoleInfo (RoleInfo.java:updateAndGet(143)) - bf55b3f9-6b09-4365-9d71-55289e083fa5: start FollowerState
2019-10-16 18:01:01,374 [Thread-1503] INFO  impl.FollowerState (FollowerState.java:run(108)) - bf55b3f9-6b09-4365-9d71-55289e083fa5@group-EFD1D20A002C-FollowerState: change to CANDIDATE, lastRpcTime:150ms, electionTimeout:150ms
2019-10-16 18:01:01,374 [Thread-1503] INFO  impl.RoleInfo (RoleInfo.java:shutdownFollowerState(121)) - bf55b3f9-6b09-4365-9d71-55289e083fa5: shutdown FollowerState
2019-10-16 18:01:01,374 [Thread-1503] INFO  impl.RaftServerImpl (RaftServerImpl.java:setRole(184)) - bf55b3f9-6b09-4365-9d71-55289e083fa5@group-EFD1D20A002C: changes role from  FOLLOWER to CANDIDATE at term 244 for changeToCandidate
2019-10-16 18:01:01,374 [Thread-1503] INFO  impl.RoleInfo (RoleInfo.java:updateAndGet(143)) - bf55b3f9-6b09-4365-9d71-55289e083fa5: start LeaderElection
2019-10-16 18:01:01,399 [bf55b3f9-6b09-4365-9d71-55289e083fa5@group-EFD1D20A002C-LeaderElection211] INFO  impl.LeaderElection (LeaderElection.java:askForVotes(178)) - bf55b3f9-6b09-4365-9d71-55289e083fa5@group-EFD1D20A002C-LeaderElection211: begin an election at term 245 for -1: [f4c54511-b161-4347-aec5-5236dc80a0d8:0.0.0.0:41238, 907b9765-214b-4864-b66a-d6e2a5789e5c:0.0.0.0:41650, bf55b3f9-6b09-4365-9d71-55289e083fa5:0.0.0.0:42441], old=null
2019-10-16 18:01:01,401 [grpc-default-executor-3] INFO  impl.RaftServerImpl (RaftServerImpl.java:setRole(184)) - f4c54511-b161-4347-aec5-5236dc80a0d8@group-EFD1D20A002C: changes role from  FOLLOWER to FOLLOWER at term 245 for recognizeCandidate:bf55b3f9-6b09-4365-9d71-55289e083fa5
2019-10-16 18:01:01,401 [grpc-default-executor-3] INFO  impl.RoleInfo (RoleInfo.java:shutdownFollowerState(121)) - f4c54511-b161-4347-aec5-5236dc80a0d8: shutdown FollowerState
2019-10-16 18:01:01,402 [grpc-default-executor-0] INFO  impl.RaftServerImpl (RaftServerImpl.java:setRole(184)) - 907b9765-214b-4864-b66a-d6e2a5789e5c@group-EFD1D20A002C: changes role from  FOLLOWER to FOLLOWER at term 245 for recognizeCandidate:bf55b3f9-6b09-4365-9d71-55289e083fa5
2019-10-16 18:01:01,402 [grpc-default-executor-0] INFO  impl.RoleInfo (RoleInfo.java:shutdownFollowerState(121)) - 907b9765-214b-4864-b66a-d6e2a5789e5c: shutdown FollowerState
2019-10-16 18:01:01,402 [Thread-1501] INFO  impl.FollowerState (FollowerState.java:run(117)) - f4c54511-b161-4347-aec5-5236dc80a0d8@group-EFD1D20A002C-FollowerState was interrupted: java.lang.InterruptedException: sleep interrupted
2019-10-16 18:01:01,402 [grpc-default-executor-3] INFO  impl.RoleInfo (RoleInfo.java:updateAndGet(143)) - f4c54511-b161-4347-aec5-5236dc80a0d8: start FollowerState
2019-10-16 18:01:01,402 [Thread-1502] INFO  impl.FollowerState (FollowerState.java:run(117)) - 907b9765-214b-4864-b66a-d6e2a5789e5c@group-EFD1D20A002C-FollowerState was interrupted: java.lang.InterruptedException: sleep interrupted
2019-10-16 18:01:01,402 [grpc-default-executor-0] INFO  impl.RoleInfo (RoleInfo.java:updateAndGet(143)) - 907b9765-214b-4864-b66a-d6e2a5789e5c: start FollowerState
2019-10-16 18:01:01,426 [bf55b3f9-6b09-4365-9d71-55289e083fa5@group-EFD1D20A002C-LeaderElection211] INFO  impl.LeaderElection (LeaderElection.java:logAndReturn(56)) - bf55b3f9-6b09-4365-9d71-55289e083fa5@group-EFD1D20A002C-LeaderElection211: Election REJECTED; received 2 response(s) [bf55b3f9-6b09-4365-9d71-55289e083fa5<-f4c54511-b161-4347-aec5-5236dc80a0d8#0:FAIL-t245, bf55b3f9-6b09-4365-9d71-55289e083fa5<-907b9765-214b-4864-b66a-d6e2a5789e5c#0:FAIL-t245] and 0 exception(s); bf55b3f9-6b09-4365-9d71-55289e083fa5@group-EFD1D20A002C:t245, leader=null, voted=bf55b3f9-6b09-4365-9d71-55289e083fa5, raftlog=bf55b3f9-6b09-4365-9d71-55289e083fa5@group-EFD1D20A002C-SegmentedRaftLog:OPENED:c-1,f-1,i0, conf=-1: [f4c54511-b161-4347-aec5-5236dc80a0d8:0.0.0.0:41238, 907b9765-214b-4864-b66a-d6e2a5789e5c:0.0.0.0:41650, bf55b3f9-6b09-4365-9d71-55289e083fa5:0.0.0.0:42441], old=null
2019-10-16 18:01:01,426 [bf55b3f9-6b09-4365-9d71-55289e083fa5@group-EFD1D20A002C-LeaderElection211] INFO  impl.RaftServerImpl (RaftServerImpl.java:setRole(184)) - bf55b3f9-6b09-4365-9d71-55289e083fa5@group-EFD1D20A002C: changes role from CANDIDATE to FOLLOWER at term 245 for DISCOVERED_A_NEW_TERM
2019-10-16 18:01:01,426 [bf55b3f9-6b09-4365-9d71-55289e083fa5@group-EFD1D20A002C-LeaderElection211] INFO  impl.RoleInfo (RoleInfo.java:shutdownLeaderElection(134)) - bf55b3f9-6b09-4365-9d71-55289e083fa5: shutdown LeaderElection
2019-10-16 18:01:01,427 [bf55b3f9-6b09-4365-9d71-55289e083fa5@group-EFD1D20A002C-LeaderElection211] INFO  impl.RoleInfo (RoleInfo.java:updateAndGet(143)) - bf55b3f9-6b09-4365-9d71-55289e083fa5: start FollowerState
2019-10-16 18:01:01,523 [Thread-1509] INFO  impl.FollowerState (FollowerState.java:run(108)) - bf55b3f9-6b09-4365-9d71-55289e083fa5@group-EFD1D20A002C-FollowerState: change to CANDIDATE, lastRpcTime:96ms, electionTimeout:96ms
2019-10-16 18:01:01,523 [Thread-1509] INFO  impl.RoleInfo (RoleInfo.java:shutdownFollowerState(121)) - bf55b3f9-6b09-4365-9d71-55289e083fa5: shutdown FollowerState
2019-10-16 18:01:01,523 [Thread-1509] INFO  impl.RaftServerImpl (RaftServerImpl.java:setRole(184)) - bf55b3f9-6b09-4365-9d71-55289e083fa5@group-EFD1D20A002C: changes role from  FOLLOWER to CANDIDATE at term 245 for changeToCandidate
2019-10-16 18:01:01,523 [Thread-1509] INFO  impl.RoleInfo (RoleInfo.java:updateAndGet(143)) - bf55b3f9-6b09-4365-9d71-55289e083fa5: start LeaderElection
2019-10-16 18:01:01,552 [bf55b3f9-6b09-4365-9d71-55289e083fa5@group-EFD1D20A002C-LeaderElection212] INFO  impl.LeaderElection (LeaderElection.java:askForVotes(178)) - bf55b3f9-6b09-4365-9d71-55289e083fa5@group-EFD1D20A002C-LeaderElection212: begin an election at term 246 for -1: [f4c54511-b161-4347-aec5-5236dc80a0d8:0.0.0.0:41238, 907b9765-214b-4864-b66a-d6e2a5789e5c:0.0.0.0:41650, bf55b3f9-6b09-4365-9d71-55289e083fa5:0.0.0.0:42441], old=null
2019-10-16 18:01:01,554 [grpc-default-executor-0] INFO  impl.RaftServerImpl (RaftServerImpl.java:setRole(184)) - f4c54511-b161-4347-aec5-5236dc80a0d8@group-EFD1D20A002C: changes role from  FOLLOWER to FOLLOWER at term 246 for recognizeCandidate:bf55b3f9-6b09-4365-9d71-55289e083fa5
2019-10-16 18:01:01,554 [grpc-default-executor-3] INFO  impl.RaftServerImpl (RaftServerImpl.java:setRole(184)) - 907b9765-214b-4864-b66a-d6e2a5789e5c@group-EFD1D20A002C: changes role from  FOLLOWER to FOLLOWER at term 246 for recognizeCandidate:bf55b3f9-6b09-4365-9d71-55289e083fa5
2019-10-16 18:01:01,554 [grpc-default-executor-0] INFO  impl.RoleInfo (RoleInfo.java:shutdownFollowerState(121)) - f4c54511-b161-4347-aec5-5236dc80a0d8: shutdown FollowerState
2019-10-16 18:01:01,554 [grpc-default-executor-3] INFO  impl.RoleInfo (RoleInfo.java:shutdownFollowerState(121)) - 907b9765-214b-4864-b66a-d6e2a5789e5c: shutdown FollowerState
2019-10-16 18:01:01,554 [Thread-1507] INFO  impl.FollowerState (FollowerState.java:run(117)) - f4c54511-b161-4347-aec5-5236dc80a0d8@group-EFD1D20A002C-FollowerState was interrupted: java.lang.InterruptedException: sleep interrupted
2019-10-16 18:01:01,554 [grpc-default-executor-0] INFO  impl.RoleInfo (RoleInfo.java:updateAndGet(143)) - f4c54511-b161-4347-aec5-5236dc80a0d8: start FollowerState
2019-10-16 18:01:01,555 [Thread-1508] INFO  impl.FollowerState (FollowerState.java:run(117)) - 907b9765-214b-4864-b66a-d6e2a5789e5c@group-EFD1D20A002C-FollowerState was interrupted: java.lang.InterruptedException: sleep interrupted
2019-10-16 18:01:01,555 [grpc-default-executor-3] INFO  impl.RoleInfo (RoleInfo.java:updateAndGet(143)) - 907b9765-214b-4864-b66a-d6e2a5789e5c: start FollowerState
2019-10-16 18:01:01,578 [bf55b3f9-6b09-4365-9d71-55289e083fa5@group-EFD1D20A002C-LeaderElection212] INFO  impl.LeaderElection (LeaderElection.java:logAndReturn(56)) - bf55b3f9-6b09-4365-9d71-55289e083fa5@group-EFD1D20A002C-LeaderElection212: Election REJECTED; received 2 response(s) [bf55b3f9-6b09-4365-9d71-55289e083fa5<-f4c54511-b161-4347-aec5-5236dc80a0d8#0:FAIL-t246, bf55b3f9-6b09-4365-9d71-55289e083fa5<-907b9765-214b-4864-b66a-d6e2a5789e5c#0:FAIL-t246] and 0 exception(s); bf55b3f9-6b09-4365-9d71-55289e083fa5@group-EFD1D20A002C:t246, leader=null, voted=bf55b3f9-6b09-4365-9d71-55289e083fa5, raftlog=bf55b3f9-6b09-4365-9d71-55289e083fa5@group-EFD1D20A002C-SegmentedRaftLog:OPENED:c-1,f-1,i0, conf=-1: [f4c54511-b161-4347-aec5-5236dc80a0d8:0.0.0.0:41238, 907b9765-214b-4864-b66a-d6e2a5789e5c:0.0.0.0:41650, bf55b3f9-6b09-4365-9d71-55289e083fa5:0.0.0.0:42441], old=null
2019-10-16 18:01:01,579 [bf55b3f9-6b09-4365-9d71-55289e083fa5@group-EFD1D20A002C-LeaderElection212] INFO  impl.RaftServerImpl (RaftServerImpl.java:setRole(184)) - bf55b3f9-6b09-4365-9d71-55289e083fa5@group-EFD1D20A002C: changes role from CANDIDATE to FOLLOWER at term 246 for DISCOVERED_A_NEW_TERM
2019-10-16 18:01:01,579 [bf55b3f9-6b09-4365-9d71-55289e083fa5@group-EFD1D20A002C-LeaderElection212] INFO  impl.RoleInfo (RoleInfo.java:shutdownLeaderElection(134)) - bf55b3f9-6b09-4365-9d71-55289e083fa5: shutdown LeaderElection
2019-10-16 18:01:01,579 [bf55b3f9-6b09-4365-9d71-55289e083fa5@group-EFD1D20A002C-LeaderElection212] INFO  impl.RoleInfo (RoleInfo.java:updateAndGet(143)) - bf55b3f9-6b09-4365-9d71-55289e083fa5: start FollowerState
2019-10-16 18:01:01,730 [Thread-1515] INFO  impl.FollowerState (FollowerState.java:run(108)) - bf55b3f9-6b09-4365-9d71-55289e083fa5@group-EFD1D20A002C-FollowerState: change to CANDIDATE, lastRpcTime:151ms, electionTimeout:150ms
2019-10-16 18:01:01,730 [Thread-1515] INFO  impl.RoleInfo (RoleInfo.java:shutdownFollowerState(121)) - bf55b3f9-6b09-4365-9d71-55289e083fa5: shutdown FollowerState
2019-10-16 18:01:01,731 [Thread-1515] INFO  impl.RaftServerImpl (RaftServerImpl.java:setRole(184)) - bf55b3f9-6b09-4365-9d71-55289e083fa5@group-EFD1D20A002C: changes role from  FOLLOWER to CANDIDATE at term 246 for changeToCandidate
2019-10-16 18:01:01,731 [Thread-1515] INFO  impl.RoleInfo (RoleInfo.java:updateAndGet(143)) - bf55b3f9-6b09-4365-9d71-55289e083fa5: start LeaderElection
2019-10-16 18:01:01,754 [bf55b3f9-6b09-4365-9d71-55289e083fa5@group-EFD1D20A002C-LeaderElection213] INFO  impl.LeaderElection (LeaderElection.java:askForVotes(178)) - bf55b3f9-6b09-4365-9d71-55289e083fa5@group-EFD1D20A002C-LeaderElection213: begin an election at term 247 for -1: [f4c54511-b161-4347-aec5-5236dc80a0d8:0.0.0.0:41238, 907b9765-214b-4864-b66a-d6e2a5789e5c:0.0.0.0:41650, bf55b3f9-6b09-4365-9d71-55289e083fa5:0.0.0.0:42441], old=null
2019-10-16 18:01:01,756 [grpc-default-executor-0] INFO  impl.RaftServerImpl (RaftServerImpl.java:setRole(184)) - f4c54511-b161-4347-aec5-5236dc80a0d8@group-EFD1D20A002C: changes role from  FOLLOWER to FOLLOWER at term 247 for recognizeCandidate:bf55b3f9-6b09-4365-9d71-55289e083fa5
2019-10-16 18:01:01,756 [grpc-default-executor-3] INFO  impl.RaftServerImpl (RaftServerImpl.java:setRole(184)) - 907b9765-214b-4864-b66a-d6e2a5789e5c@group-EFD1D20A002C: changes role from  FOLLOWER to FOLLOWER at term 247 for recognizeCandidate:bf55b3f9-6b09-4365-9d71-55289e083fa5
2019-10-16 18:01:01,757 [grpc-default-executor-3] INFO  impl.RoleInfo (RoleInfo.java:shutdownFollowerState(121)) - 907b9765-214b-4864-b66a-d6e2a5789e5c: shutdown FollowerState
2019-10-16 18:01:01,756 [grpc-default-executor-0] INFO  impl.RoleInfo (RoleInfo.java:shutdownFollowerState(121)) - f4c54511-b161-4347-aec5-5236dc80a0d8: shutdown FollowerState
2019-10-16 18:01:01,757 [grpc-default-executor-3] INFO  impl.RoleInfo (RoleInfo.java:updateAndGet(143)) - 907b9765-214b-4864-b66a-d6e2a5789e5c: start FollowerState
2019-10-16 18:01:01,757 [Thread-1514] INFO  impl.FollowerState (FollowerState.java:run(117)) - 907b9765-214b-4864-b66a-d6e2a5789e5c@group-EFD1D20A002C-FollowerState was interrupted: java.lang.InterruptedException: sleep interrupted
2019-10-16 18:01:01,757 [Thread-1513] INFO  impl.FollowerState (FollowerState.java:run(117)) - f4c54511-b161-4347-aec5-5236dc80a0d8@group-EFD1D20A002C-FollowerState was interrupted: java.lang.InterruptedException: sleep interrupted
2019-10-16 18:01:01,757 [grpc-default-executor-0] INFO  impl.RoleInfo (RoleInfo.java:updateAndGet(143)) - f4c54511-b161-4347-aec5-5236dc80a0d8: start FollowerState
2019-10-16 18:01:01,780 [bf55b3f9-6b09-4365-9d71-55289e083fa5@group-EFD1D20A002C-LeaderElection213] INFO  impl.LeaderElection (LeaderElection.java:logAndReturn(56)) - bf55b3f9-6b09-4365-9d71-55289e083fa5@group-EFD1D20A002C-LeaderElection213: Election REJECTED; received 2 response(s) [bf55b3f9-6b09-4365-9d71-55289e083fa5<-f4c54511-b161-4347-aec5-5236dc80a0d8#0:FAIL-t247, bf55b3f9-6b09-4365-9d71-55289e083fa5<-907b9765-214b-4864-b66a-d6e2a5789e5c#0:FAIL-t247] and 0 exception(s); bf55b3f9-6b09-4365-9d71-55289e083fa5@group-EFD1D20A002C:t247, leader=null, voted=bf55b3f9-6b09-4365-9d71-55289e083fa5, raftlog=bf55b3f9-6b09-4365-9d71-55289e083fa5@group-EFD1D20A002C-SegmentedRaftLog:OPENED:c-1,f-1,i0, conf=-1: [f4c54511-b161-4347-aec5-5236dc80a0d8:0.0.0.0:41238, 907b9765-214b-4864-b66a-d6e2a5789e5c:0.0.0.0:41650, bf55b3f9-6b09-4365-9d71-55289e083fa5:0.0.0.0:42441], old=null
2019-10-16 18:01:01,780 [bf55b3f9-6b09-4365-9d71-55289e083fa5@group-EFD1D20A002C-LeaderElection213] INFO  impl.RaftServerImpl (RaftServerImpl.java:setRole(184)) - bf55b3f9-6b09-4365-9d71-55289e083fa5@group-EFD1D20A002C: changes role from CANDIDATE to FOLLOWER at term 247 for DISCOVERED_A_NEW_TERM
2019-10-16 18:01:01,780 [bf55b3f9-6b09-4365-9d71-55289e083fa5@group-EFD1D20A002C-LeaderElection213] INFO  impl.RoleInfo (RoleInfo.java:shutdownLeaderElection(134)) - bf55b3f9-6b09-4365-9d71-55289e083fa5: shutdown LeaderElection
2019-10-16 18:01:01,780 [bf55b3f9-6b09-4365-9d71-55289e083fa5@group-EFD1D20A002C-LeaderElection213] INFO  impl.RoleInfo (RoleInfo.java:updateAndGet(143)) - bf55b3f9-6b09-4365-9d71-55289e083fa5: start FollowerState
2019-10-16 18:01:01,801 [Thread-1521] INFO  impl.FollowerState (FollowerState.java:run(108)) - bf55b3f9-6b09-4365-9d71-55289e083fa5@group-EFD1D20A002C-FollowerState: change to CANDIDATE, lastRpcTime:21ms, electionTimeout:21ms
2019-10-16 18:01:01,802 [Thread-1521] INFO  impl.RoleInfo (RoleInfo.java:shutdownFollowerState(121)) - bf55b3f9-6b09-4365-9d71-55289e083fa5: shutdown FollowerState
2019-10-16 18:01:01,802 [Thread-1521] INFO  impl.RaftServerImpl (RaftServerImpl.java:setRole(184)) - bf55b3f9-6b09-4365-9d71-55289e083fa5@group-EFD1D20A002C: changes role from  FOLLOWER to CANDIDATE at term 247 for changeToCandidate
2019-10-16 18:01:01,802 [Thread-1521] INFO  impl.RoleInfo (RoleInfo.java:updateAndGet(143)) - bf55b3f9-6b09-4365-9d71-55289e083fa5: start LeaderElection
2019-10-16 18:01:01,829 [bf55b3f9-6b09-4365-9d71-55289e083fa5@group-EFD1D20A002C-LeaderElection214] INFO  impl.LeaderElection (LeaderElection.java:askForVotes(178)) - bf55b3f9-6b09-4365-9d71-55289e083fa5@group-EFD1D20A002C-LeaderElection214: begin an election at term 248 for -1: [f4c54511-b161-4347-aec5-5236dc80a0d8:0.0.0.0:41238, 907b9765-214b-4864-b66a-d6e2a5789e5c:0.0.0.0:41650, bf55b3f9-6b09-4365-9d71-55289e083fa5:0.0.0.0:42441], old=null
2019-10-16 18:01:01,832 [grpc-default-executor-0] INFO  impl.RaftServerImpl (RaftServerImpl.java:setRole(184)) - 907b9765-214b-4864-b66a-d6e2a5789e5c@group-EFD1D20A002C: changes role from  FOLLOWER to FOLLOWER at term 248 for recognizeCandidate:bf55b3f9-6b09-4365-9d71-55289e083fa5
2019-10-16 18:01:01,832 [grpc-default-executor-3] INFO  impl.RaftServerImpl (RaftServerImpl.java:setRole(184)) - f4c54511-b161-4347-aec5-5236dc80a0d8@group-EFD1D20A002C: changes role from  FOLLOWER to FOLLOWER at term 248 for recognizeCandidate:bf55b3f9-6b09-4365-9d71-55289e083fa5
2019-10-16 18:01:01,832 [grpc-default-executor-3] INFO  impl.RoleInfo (RoleInfo.java:shutdownFollowerState(121)) - f4c54511-b161-4347-aec5-5236dc80a0d8: shutdown FollowerState
2019-10-16 18:01:01,832 [grpc-default-executor-0] INFO  impl.RoleInfo (RoleInfo.java:shutdownFollowerState(121)) - 907b9765-214b-4864-b66a-d6e2a5789e5c: shutdown FollowerState
2019-10-16 18:01:01,832 [Thread-1520] INFO  impl.FollowerState (FollowerState.java:run(117)) - f4c54511-b161-4347-aec5-5236dc80a0d8@group-EFD1D20A002C-FollowerState was interrupted: java.lang.InterruptedException: sleep interrupted
2019-10-16 18:01:01,832 [grpc-default-executor-3] INFO  impl.RoleInfo (RoleInfo.java:updateAndGet(143)) - f4c54511-b161-4347-aec5-5236dc80a0d8: start FollowerState
2019-10-16 18:01:01,832 [Thread-1519] INFO  impl.FollowerState (FollowerState.java:run(117)) - 907b9765-214b-4864-b66a-d6e2a5789e5c@group-EFD1D20A002C-FollowerState was interrupted: java.lang.InterruptedException: sleep interrupted
2019-10-16 18:01:01,832 [grpc-default-executor-0] INFO  impl.RoleInfo (RoleInfo.java:updateAndGet(143)) - 907b9765-214b-4864-b66a-d6e2a5789e5c: start FollowerState
2019-10-16 18:01:01,847 [bf55b3f9-6b09-4365-9d71-55289e083fa5@group-EFD1D20A002C-LeaderElection214] INFO  impl.LeaderElection (LeaderElection.java:logAndReturn(56)) - bf55b3f9-6b09-4365-9d71-55289e083fa5@group-EFD1D20A002C-LeaderElection214: Election REJECTED; received 2 response(s) [bf55b3f9-6b09-4365-9d71-55289e083fa5<-f4c54511-b161-4347-aec5-5236dc80a0d8#0:FAIL-t248, bf55b3f9-6b09-4365-9d71-55289e083fa5<-907b9765-214b-4864-b66a-d6e2a5789e5c#0:FAIL-t248] and 0 exception(s); bf55b3f9-6b09-4365-9d71-55289e083fa5@group-EFD1D20A002C:t248, leader=null, voted=bf55b3f9-6b09-4365-9d71-55289e083fa5, raftlog=bf55b3f9-6b09-4365-9d71-55289e083fa5@group-EFD1D20A002C-SegmentedRaftLog:OPENED:c-1,f-1,i0, conf=-1: [f4c54511-b161-4347-aec5-5236dc80a0d8:0.0.0.0:41238, 907b9765-214b-4864-b66a-d6e2a5789e5c:0.0.0.0:41650, bf55b3f9-6b09-4365-9d71-55289e083fa5:0.0.0.0:42441], old=null
2019-10-16 18:01:01,847 [bf55b3f9-6b09-4365-9d71-55289e083fa5@group-EFD1D20A002C-LeaderElection214] INFO  impl.RaftServerImpl (RaftServerImpl.java:setRole(184)) - bf55b3f9-6b09-4365-9d71-55289e083fa5@group-EFD1D20A002C: changes role from CANDIDATE to FOLLOWER at term 248 for DISCOVERED_A_NEW_TERM
2019-10-16 18:01:01,848 [bf55b3f9-6b09-4365-9d71-55289e083fa5@group-EFD1D20A002C-LeaderElection214] INFO  impl.RoleInfo (RoleInfo.java:shutdownLeaderElection(134)) - bf55b3f9-6b09-4365-9d71-55289e083fa5: shutdown LeaderElection
2019-10-16 18:01:01,848 [bf55b3f9-6b09-4365-9d71-55289e083fa5@group-EFD1D20A002C-LeaderElection214] INFO  impl.RoleInfo (RoleInfo.java:updateAndGet(143)) - bf55b3f9-6b09-4365-9d71-55289e083fa5: start FollowerState
2019-10-16 18:01:01,944 [Thread-1527] INFO  impl.FollowerState (FollowerState.java:run(108)) - bf55b3f9-6b09-4365-9d71-55289e083fa5@group-EFD1D20A002C-FollowerState: change to CANDIDATE, lastRpcTime:96ms, electionTimeout:95ms
2019-10-16 18:01:01,945 [Thread-1527] INFO  impl.RoleInfo (RoleInfo.java:shutdownFollowerState(121)) - bf55b3f9-6b09-4365-9d71-55289e083fa5: shutdown FollowerState
2019-10-16 18:01:01,945 [Thread-1527] INFO  impl.RaftServerImpl (RaftServerImpl.java:setRole(184)) - bf55b3f9-6b09-4365-9d71-55289e083fa5@group-EFD1D20A002C: changes role from  FOLLOWER to CANDIDATE at term 248 for changeToCandidate
2019-10-16 18:01:01,945 [Thread-1527] INFO  impl.RoleInfo (RoleInfo.java:updateAndGet(143)) - bf55b3f9-6b09-4365-9d71-55289e083fa5: start LeaderElection
2019-10-16 18:01:01,973 [bf55b3f9-6b09-4365-9d71-55289e083fa5@group-EFD1D20A002C-LeaderElection215] INFO  impl.LeaderElection (LeaderElection.java:askForVotes(178)) - bf55b3f9-6b09-4365-9d71-55289e083fa5@group-EFD1D20A002C-LeaderElection215: begin an election at term 249 for -1: [f4c54511-b161-4347-aec5-5236dc80a0d8:0.0.0.0:41238, 907b9765-214b-4864-b66a-d6e2a5789e5c:0.0.0.0:41650, bf55b3f9-6b09-4365-9d71-55289e083fa5:0.0.0.0:42441], old=null
2019-10-16 18:01:01,976 [grpc-default-executor-3] INFO  impl.RaftServerImpl (RaftServerImpl.java:setRole(184)) - 907b9765-214b-4864-b66a-d6e2a5789e5c@group-EFD1D20A002C: changes role from  FOLLOWER to FOLLOWER at term 249 for recognizeCandidate:bf55b3f9-6b09-4365-9d71-55289e083fa5
2019-10-16 18:01:01,976 [grpc-default-executor-3] INFO  impl.RoleInfo (RoleInfo.java:shutdownFollowerState(121)) - 907b9765-214b-4864-b66a-d6e2a5789e5c: shutdown FollowerState
2019-10-16 18:01:01,976 [grpc-default-executor-0] INFO  impl.RaftServerImpl (RaftServerImpl.java:setRole(184)) - f4c54511-b161-4347-aec5-5236dc80a0d8@group-EFD1D20A002C: changes role from  FOLLOWER to FOLLOWER at term 249 for recognizeCandidate:bf55b3f9-6b09-4365-9d71-55289e083fa5
2019-10-16 18:01:01,976 [Thread-1526] INFO  impl.FollowerState (FollowerState.java:run(117)) - 907b9765-214b-4864-b66a-d6e2a5789e5c@group-EFD1D20A002C-FollowerState was interrupted: java.lang.InterruptedException: sleep interrupted
2019-10-16 18:01:01,976 [grpc-default-executor-3] INFO  impl.RoleInfo (RoleInfo.java:updateAndGet(143)) - 907b9765-214b-4864-b66a-d6e2a5789e5c: start FollowerState
2019-10-16 18:01:01,976 [grpc-default-executor-0] INFO  impl.RoleInfo (RoleInfo.java:shutdownFollowerState(121)) - f4c54511-b161-4347-aec5-5236dc80a0d8: shutdown FollowerState
2019-10-16 18:01:01,977 [grpc-default-executor-0] INFO  impl.RoleInfo (RoleInfo.java:updateAndGet(143)) - f4c54511-b161-4347-aec5-5236dc80a0d8: start FollowerState
2019-10-16 18:01:01,977 [Thread-1525] INFO  impl.FollowerState (FollowerState.java:run(117)) - f4c54511-b161-4347-aec5-5236dc80a0d8@group-EFD1D20A002C-FollowerState was interrupted: java.lang.InterruptedException: sleep interrupted
2019-10-16 18:01:01,999 [bf55b3f9-6b09-4365-9d71-55289e083fa5@group-EFD1D20A002C-LeaderElection215] INFO  impl.LeaderElection (LeaderElection.java:logAndReturn(56)) - bf55b3f9-6b09-4365-9d71-55289e083fa5@group-EFD1D20A002C-LeaderElection215: Election REJECTED; received 2 response(s) [bf55b3f9-6b09-4365-9d71-55289e083fa5<-f4c54511-b161-4347-aec5-5236dc80a0d8#0:FAIL-t249, bf55b3f9-6b09-4365-9d71-55289e083fa5<-907b9765-214b-4864-b66a-d6e2a5789e5c#0:FAIL-t249] and 0 exception(s); bf55b3f9-6b09-4365-9d71-55289e083fa5@group-EFD1D20A002C:t249, leader=null, voted=bf55b3f9-6b09-4365-9d71-55289e083fa5, raftlog=bf55b3f9-6b09-4365-9d71-55289e083fa5@group-EFD1D20A002C-SegmentedRaftLog:OPENED:c-1,f-1,i0, conf=-1: [f4c54511-b161-4347-aec5-5236dc80a0d8:0.0.0.0:41238, 907b9765-214b-4864-b66a-d6e2a5789e5c:0.0.0.0:41650, bf55b3f9-6b09-4365-9d71-55289e083fa5:0.0.0.0:42441], old=null
2019-10-16 18:01:01,999 [bf55b3f9-6b09-4365-9d71-55289e083fa5@group-EFD1D20A002C-LeaderElection215] INFO  impl.RaftServerImpl (RaftServerImpl.java:setRole(184)) - bf55b3f9-6b09-4365-9d71-55289e083fa5@group-EFD1D20A002C: changes role from CANDIDATE to FOLLOWER at term 249 for DISCOVERED_A_NEW_TERM
2019-10-16 18:01:01,999 [bf55b3f9-6b09-4365-9d71-55289e083fa5@group-EFD1D20A002C-LeaderElection215] INFO  impl.RoleInfo (RoleInfo.java:shutdownLeaderElection(134)) - bf55b3f9-6b09-4365-9d71-55289e083fa5: shutdown LeaderElection
2019-10-16 18:01:02,000 [bf55b3f9-6b09-4365-9d71-55289e083fa5@group-EFD1D20A002C-LeaderElection215] INFO  impl.RoleInfo (RoleInfo.java:updateAndGet(143)) - bf55b3f9-6b09-4365-9d71-55289e083fa5: start FollowerState
2019-10-16 18:01:02,001 [Thread-1535] INFO  impl.FollowerState (FollowerState.java:run(108)) - bf55b3f9-6b09-4365-9d71-55289e083fa5@group-EFD1D20A002C-FollowerState: change to CANDIDATE, lastRpcTime:1ms, electionTimeout:1ms
2019-10-16 18:01:02,001 [Thread-1535] INFO  impl.RoleInfo (RoleInfo.java:shutdownFollowerState(121)) - bf55b3f9-6b09-4365-9d71-55289e083fa5: shutdown FollowerState
2019-10-16 18:01:02,001 [Thread-1535] INFO  impl.RaftServerImpl (RaftServerImpl.java:setRole(184)) - bf55b3f9-6b09-4365-9d71-55289e083fa5@group-EFD1D20A002C: changes role from  FOLLOWER to CANDIDATE at term 249 for changeToCandidate
2019-10-16 18:01:02,001 [Thread-1535] INFO  impl.RoleInfo (RoleInfo.java:updateAndGet(143)) - bf55b3f9-6b09-4365-9d71-55289e083fa5: start LeaderElection
2019-10-16 18:01:02,024 [bf55b3f9-6b09-4365-9d71-55289e083fa5@group-EFD1D20A002C-LeaderElection216] INFO  impl.LeaderElection (LeaderElection.java:askForVotes(178)) - bf55b3f9-6b09-4365-9d71-55289e083fa5@group-EFD1D20A002C-LeaderElection216: begin an election at term 250 for -1: [f4c54511-b161-4347-aec5-5236dc80a0d8:0.0.0.0:41238, 907b9765-214b-4864-b66a-d6e2a5789e5c:0.0.0.0:41650, bf55b3f9-6b09-4365-9d71-55289e083fa5:0.0.0.0:42441], old=null
2019-10-16 18:01:02,025 [grpc-default-executor-0] INFO  impl.RaftServerImpl (RaftServerImpl.java:setRole(184)) - f4c54511-b161-4347-aec5-5236dc80a0d8@group-EFD1D20A002C: changes role from  FOLLOWER to FOLLOWER at term 250 for recognizeCandidate:bf55b3f9-6b09-4365-9d71-55289e083fa5
2019-10-16 18:01:02,025 [grpc-default-executor-3] INFO  impl.RaftServerImpl (RaftServerImpl.java:setRole(184)) - 907b9765-214b-4864-b66a-d6e2a5789e5c@group-EFD1D20A002C: changes role from  FOLLOWER to FOLLOWER at term 250 for recognizeCandidate:bf55b3f9-6b09-4365-9d71-55289e083fa5
2019-10-16 18:01:02,025 [grpc-default-executor-0] INFO  impl.RoleInfo (RoleInfo.java:shutdownFollowerState(121)) - f4c54511-b161-4347-aec5-5236dc80a0d8: shutdown FollowerState
2019-10-16 18:01:02,026 [grpc-default-executor-3] INFO  impl.RoleInfo (RoleInfo.java:shutdownFollowerState(121)) - 907b9765-214b-4864-b66a-d6e2a5789e5c: shutdown FollowerState
2019-10-16 18:01:02,026 [Thread-1534] INFO  impl.FollowerState (FollowerState.java:run(117)) - f4c54511-b161-4347-aec5-5236dc80a0d8@group-EFD1D20A002C-FollowerState was interrupted: java.lang.InterruptedException: sleep interrupted
2019-10-16 18:01:02,026 [grpc-default-executor-0] INFO  impl.RoleInfo (RoleInfo.java:updateAndGet(143)) - f4c54511-b161-4347-aec5-5236dc80a0d8: start FollowerState
2019-10-16 18:01:02,026 [Thread-1533] INFO  impl.FollowerState (FollowerState.java:run(117)) - 907b9765-214b-4864-b66a-d6e2a5789e5c@group-EFD1D20A002C-FollowerState was interrupted: java.lang.InterruptedException: sleep interrupted
2019-10-16 18:01:02,026 [grpc-default-executor-3] INFO  impl.RoleInfo (RoleInfo.java:updateAndGet(143)) - 907b9765-214b-4864-b66a-d6e2a5789e5c: start FollowerState
2019-10-16 18:01:02,050 [bf55b3f9-6b09-4365-9d71-55289e083fa5@group-EFD1D20A002C-LeaderElection216] INFO  impl.LeaderElection (LeaderElection.java:logAndReturn(56)) - bf55b3f9-6b09-4365-9d71-55289e083fa5@group-EFD1D20A002C-LeaderElection216: Election REJECTED; received 2 response(s) [bf55b3f9-6b09-4365-9d71-55289e083fa5<-f4c54511-b161-4347-aec5-5236dc80a0d8#0:FAIL-t250, bf55b3f9-6b09-4365-9d71-55289e083fa5<-907b9765-214b-4864-b66a-d6e2a5789e5c#0:FAIL-t250] and 0 exception(s); bf55b3f9-6b09-4365-9d71-55289e083fa5@group-EFD1D20A002C:t250, leader=null, voted=bf55b3f9-6b09-4365-9d71-55289e083fa5, raftlog=bf55b3f9-6b09-4365-9d71-55289e083fa5@group-EFD1D20A002C-SegmentedRaftLog:OPENED:c-1,f-1,i0, conf=-1: [f4c54511-b161-4347-aec5-5236dc80a0d8:0.0.0.0:41238, 907b9765-214b-4864-b66a-d6e2a5789e5c:0.0.0.0:41650, bf55b3f9-6b09-4365-9d71-55289e083fa5:0.0.0.0:42441], old=null
2019-10-16 18:01:02,050 [bf55b3f9-6b09-4365-9d71-55289e083fa5@group-EFD1D20A002C-LeaderElection216] INFO  impl.RaftServerImpl (RaftServerImpl.java:setRole(184)) - bf55b3f9-6b09-4365-9d71-55289e083fa5@group-EFD1D20A002C: changes role from CANDIDATE to FOLLOWER at term 250 for DISCOVERED_A_NEW_TERM
2019-10-16 18:01:02,050 [bf55b3f9-6b09-4365-9d71-55289e083fa5@group-EFD1D20A002C-LeaderElection216] INFO  impl.RoleInfo (RoleInfo.java:shutdownLeaderElection(134)) - bf55b3f9-6b09-4365-9d71-55289e083fa5: shutdown LeaderElection
2019-10-16 18:01:02,050 [bf55b3f9-6b09-4365-9d71-55289e083fa5@group-EFD1D20A002C-LeaderElection216] INFO  impl.RoleInfo (RoleInfo.java:updateAndGet(143)) - bf55b3f9-6b09-4365-9d71-55289e083fa5: start FollowerState
2019-10-16 18:01:02,169 [Thread-1541] INFO  impl.FollowerState (FollowerState.java:run(108)) - bf55b3f9-6b09-4365-9d71-55289e083fa5@group-EFD1D20A002C-FollowerState: change to CANDIDATE, lastRpcTime:119ms, electionTimeout:119ms
2019-10-16 18:01:02,170 [Thread-1541] INFO  impl.RoleInfo (RoleInfo.java:shutdownFollowerState(121)) - bf55b3f9-6b09-4365-9d71-55289e083fa5: shutdown FollowerState
2019-10-16 18:01:02,170 [Thread-1541] INFO  impl.RaftServerImpl (RaftServerImpl.java:setRole(184)) - bf55b3f9-6b09-4365-9d71-55289e083fa5@group-EFD1D20A002C: changes role from  FOLLOWER to CANDIDATE at term 250 for changeToCandidate
2019-10-16 18:01:02,170 [Thread-1541] INFO  impl.RoleInfo (RoleInfo.java:updateAndGet(143)) - bf55b3f9-6b09-4365-9d71-55289e083fa5: start LeaderElection
2019-10-16 18:01:02,201 [bf55b3f9-6b09-4365-9d71-55289e083fa5@group-EFD1D20A002C-LeaderElection217] INFO  impl.LeaderElection (LeaderElection.java:askForVotes(178)) - bf55b3f9-6b09-4365-9d71-55289e083fa5@group-EFD1D20A002C-LeaderElection217: begin an election at term 251 for -1: [f4c54511-b161-4347-aec5-5236dc80a0d8:0.0.0.0:41238, 907b9765-214b-4864-b66a-d6e2a5789e5c:0.0.0.0:41650, bf55b3f9-6b09-4365-9d71-55289e083fa5:0.0.0.0:42441], old=null
2019-10-16 18:01:02,204 [grpc-default-executor-3] INFO  impl.RaftServerImpl (RaftServerImpl.java:setRole(184)) - 907b9765-214b-4864-b66a-d6e2a5789e5c@group-EFD1D20A002C: changes role from  FOLLOWER to FOLLOWER at term 251 for recognizeCandidate:bf55b3f9-6b09-4365-9d71-55289e083fa5
2019-10-16 18:01:02,204 [grpc-default-executor-0] INFO  impl.RaftServerImpl (RaftServerImpl.java:setRole(184)) - f4c54511-b161-4347-aec5-5236dc80a0d8@group-EFD1D20A002C: changes role from  FOLLOWER to FOLLOWER at term 251 for recognizeCandidate:bf55b3f9-6b09-4365-9d71-55289e083fa5
2019-10-16 18:01:02,204 [grpc-default-executor-3] INFO  impl.RoleInfo (RoleInfo.java:shutdownFollowerState(121)) - 907b9765-214b-4864-b66a-d6e2a5789e5c: shutdown FollowerState
2019-10-16 18:01:02,204 [grpc-default-executor-0] INFO  impl.RoleInfo (RoleInfo.java:shutdownFollowerState(121)) - f4c54511-b161-4347-aec5-5236dc80a0d8: shutdown FollowerState
2019-10-16 18:01:02,204 [grpc-default-executor-3] INFO  impl.RoleInfo (RoleInfo.java:updateAndGet(143)) - 907b9765-214b-4864-b66a-d6e2a5789e5c: start FollowerState
2019-10-16 18:01:02,204 [Thread-1540] INFO  impl.FollowerState (FollowerState.java:run(117)) - 907b9765-214b-4864-b66a-d6e2a5789e5c@group-EFD1D20A002C-FollowerState was interrupted: java.lang.InterruptedException: sleep interrupted
2019-10-16 18:01:02,204 [Thread-1539] INFO  impl.FollowerState (FollowerState.java:run(117)) - f4c54511-b161-4347-aec5-5236dc80a0d8@group-EFD1D20A002C-FollowerState was interrupted: java.lang.InterruptedException: sleep interrupted
2019-10-16 18:01:02,204 [grpc-default-executor-0] INFO  impl.RoleInfo (RoleInfo.java:updateAndGet(143)) - f4c54511-b161-4347-aec5-5236dc80a0d8: start FollowerState
2019-10-16 18:01:02,227 [bf55b3f9-6b09-4365-9d71-55289e083fa5@group-EFD1D20A002C-LeaderElection217] INFO  impl.LeaderElection (LeaderElection.java:logAndReturn(56)) - bf55b3f9-6b09-4365-9d71-55289e083fa5@group-EFD1D20A002C-LeaderElection217: Election REJECTED; received 2 response(s) [bf55b3f9-6b09-4365-9d71-55289e083fa5<-f4c54511-b161-4347-aec5-5236dc80a0d8#0:FAIL-t251, bf55b3f9-6b09-4365-9d71-55289e083fa5<-907b9765-214b-4864-b66a-d6e2a5789e5c#0:FAIL-t251] and 0 exception(s); bf55b3f9-6b09-4365-9d71-55289e083fa5@group-EFD1D20A002C:t251, leader=null, voted=bf55b3f9-6b09-4365-9d71-55289e083fa5, raftlog=bf55b3f9-6b09-4365-9d71-55289e083fa5@group-EFD1D20A002C-SegmentedRaftLog:OPENED:c-1,f-1,i0, conf=-1: [f4c54511-b161-4347-aec5-5236dc80a0d8:0.0.0.0:41238, 907b9765-214b-4864-b66a-d6e2a5789e5c:0.0.0.0:41650, bf55b3f9-6b09-4365-9d71-55289e083fa5:0.0.0.0:42441], old=null
2019-10-16 18:01:02,228 [bf55b3f9-6b09-4365-9d71-55289e083fa5@group-EFD1D20A002C-LeaderElection217] INFO  impl.RaftServerImpl (RaftServerImpl.java:setRole(184)) - bf55b3f9-6b09-4365-9d71-55289e083fa5@group-EFD1D20A002C: changes role from CANDIDATE to FOLLOWER at term 251 for DISCOVERED_A_NEW_TERM
2019-10-16 18:01:02,228 [bf55b3f9-6b09-4365-9d71-55289e083fa5@group-EFD1D20A002C-LeaderElection217] INFO  impl.RoleInfo (RoleInfo.java:shutdownLeaderElection(134)) - bf55b3f9-6b09-4365-9d71-55289e083fa5: shutdown LeaderElection
2019-10-16 18:01:02,228 [bf55b3f9-6b09-4365-9d71-55289e083fa5@group-EFD1D20A002C-LeaderElection217] INFO  impl.RoleInfo (RoleInfo.java:updateAndGet(143)) - bf55b3f9-6b09-4365-9d71-55289e083fa5: start FollowerState
2019-10-16 18:01:02,324 [Thread-1547] INFO  impl.FollowerState (FollowerState.java:run(108)) - bf55b3f9-6b09-4365-9d71-55289e083fa5@group-EFD1D20A002C-FollowerState: change to CANDIDATE, lastRpcTime:95ms, electionTimeout:95ms
2019-10-16 18:01:02,324 [Thread-1547] INFO  impl.RoleInfo (RoleInfo.java:shutdownFollowerState(121)) - bf55b3f9-6b09-4365-9d71-55289e083fa5: shutdown FollowerState
2019-10-16 18:01:02,324 [Thread-1547] INFO  impl.RaftServerImpl (RaftServerImpl.java:setRole(184)) - bf55b3f9-6b09-4365-9d71-55289e083fa5@group-EFD1D20A002C: changes role from  FOLLOWER to CANDIDATE at term 251 for changeToCandidate
2019-10-16 18:01:02,324 [Thread-1547] INFO  impl.RoleInfo (RoleInfo.java:updateAndGet(143)) - bf55b3f9-6b09-4365-9d71-55289e083fa5: start LeaderElection
2019-10-16 18:01:02,345 [bf55b3f9-6b09-4365-9d71-55289e083fa5@group-EFD1D20A002C-LeaderElection218] INFO  impl.LeaderElection (LeaderElection.java:askForVotes(178)) - bf55b3f9-6b09-4365-9d71-55289e083fa5@group-EFD1D20A002C-LeaderElection218: begin an election at term 252 for -1: [f4c54511-b161-4347-aec5-5236dc80a0d8:0.0.0.0:41238, 907b9765-214b-4864-b66a-d6e2a5789e5c:0.0.0.0:41650, bf55b3f9-6b09-4365-9d71-55289e083fa5:0.0.0.0:42441], old=null
2019-10-16 18:01:02,346 [grpc-default-executor-3] INFO  impl.RaftServerImpl (RaftServerImpl.java:setRole(184)) - f4c54511-b161-4347-aec5-5236dc80a0d8@group-EFD1D20A002C: changes role from  FOLLOWER to FOLLOWER at term 252 for recognizeCandidate:bf55b3f9-6b09-4365-9d71-55289e083fa5
2019-10-16 18:01:02,347 [grpc-default-executor-3] INFO  impl.RoleInfo (RoleInfo.java:shutdownFollowerState(121)) - f4c54511-b161-4347-aec5-5236dc80a0d8: shutdown FollowerState
2019-10-16 18:01:02,347 [grpc-default-executor-0] INFO  impl.RaftServerImpl (RaftServerImpl.java:setRole(184)) - 907b9765-214b-4864-b66a-d6e2a5789e5c@group-EFD1D20A002C: changes role from  FOLLOWER to FOLLOWER at term 252 for recognizeCandidate:bf55b3f9-6b09-4365-9d71-55289e083fa5
2019-10-16 18:01:02,347 [Thread-1546] INFO  impl.FollowerState (FollowerState.java:run(117)) - f4c54511-b161-4347-aec5-5236dc80a0d8@group-EFD1D20A002C-FollowerState was interrupted: java.lang.InterruptedException: sleep interrupted
2019-10-16 18:01:02,347 [grpc-default-executor-3] INFO  impl.RoleInfo (RoleInfo.java:updateAndGet(143)) - f4c54511-b161-4347-aec5-5236dc80a0d8: start FollowerState
2019-10-16 18:01:02,347 [grpc-default-executor-0] INFO  impl.RoleInfo (RoleInfo.java:shutdownFollowerState(121)) - 907b9765-214b-4864-b66a-d6e2a5789e5c: shutdown FollowerState
2019-10-16 18:01:02,347 [Thread-1545] INFO  impl.FollowerState (FollowerState.java:run(117)) - 907b9765-214b-4864-b66a-d6e2a5789e5c@group-EFD1D20A002C-FollowerState was interrupted: java.lang.InterruptedException: sleep interrupted
2019-10-16 18:01:02,347 [grpc-default-executor-0] INFO  impl.RoleInfo (RoleInfo.java:updateAndGet(143)) - 907b9765-214b-4864-b66a-d6e2a5789e5c: start FollowerState
2019-10-16 18:01:02,371 [bf55b3f9-6b09-4365-9d71-55289e083fa5@group-EFD1D20A002C-LeaderElection218] INFO  impl.LeaderElection (LeaderElection.java:logAndReturn(56)) - bf55b3f9-6b09-4365-9d71-55289e083fa5@group-EFD1D20A002C-LeaderElection218: Election REJECTED; received 2 response(s) [bf55b3f9-6b09-4365-9d71-55289e083fa5<-f4c54511-b161-4347-aec5-5236dc80a0d8#0:FAIL-t252, bf55b3f9-6b09-4365-9d71-55289e083fa5<-907b9765-214b-4864-b66a-d6e2a5789e5c#0:FAIL-t252] and 0 exception(s); bf55b3f9-6b09-4365-9d71-55289e083fa5@group-EFD1D20A002C:t252, leader=null, voted=bf55b3f9-6b09-4365-9d71-55289e083fa5, raftlog=bf55b3f9-6b09-4365-9d71-55289e083fa5@group-EFD1D20A002C-SegmentedRaftLog:OPENED:c-1,f-1,i0, conf=-1: [f4c54511-b161-4347-aec5-5236dc80a0d8:0.0.0.0:41238, 907b9765-214b-4864-b66a-d6e2a5789e5c:0.0.0.0:41650, bf55b3f9-6b09-4365-9d71-55289e083fa5:0.0.0.0:42441], old=null
2019-10-16 18:01:02,371 [bf55b3f9-6b09-4365-9d71-55289e083fa5@group-EFD1D20A002C-LeaderElection218] INFO  impl.RaftServerImpl (RaftServerImpl.java:setRole(184)) - bf55b3f9-6b09-4365-9d71-55289e083fa5@group-EFD1D20A002C: changes role from CANDIDATE to FOLLOWER at term 252 for DISCOVERED_A_NEW_TERM
2019-10-16 18:01:02,371 [bf55b3f9-6b09-4365-9d71-55289e083fa5@group-EFD1D20A002C-LeaderElection218] INFO  impl.RoleInfo (RoleInfo.java:shutdownLeaderElection(134)) - bf55b3f9-6b09-4365-9d71-55289e083fa5: shutdown LeaderElection
2019-10-16 18:01:02,371 [bf55b3f9-6b09-4365-9d71-55289e083fa5@group-EFD1D20A002C-LeaderElection218] INFO  impl.RoleInfo (RoleInfo.java:updateAndGet(143)) - bf55b3f9-6b09-4365-9d71-55289e083fa5: start FollowerState
2019-10-16 18:01:02,530 [Thread-1553] INFO  impl.FollowerState (FollowerState.java:run(108)) - bf55b3f9-6b09-4365-9d71-55289e083fa5@group-EFD1D20A002C-FollowerState: change to CANDIDATE, lastRpcTime:158ms, electionTimeout:158ms
2019-10-16 18:01:02,530 [Thread-1553] INFO  impl.RoleInfo (RoleInfo.java:shutdownFollowerState(121)) - bf55b3f9-6b09-4365-9d71-55289e083fa5: shutdown FollowerState
2019-10-16 18:01:02,530 [Thread-1553] INFO  impl.RaftServerImpl (RaftServerImpl.java:setRole(184)) - bf55b3f9-6b09-4365-9d71-55289e083fa5@group-EFD1D20A002C: changes role from  FOLLOWER to CANDIDATE at term 252 for changeToCandidate
2019-10-16 18:01:02,530 [Thread-1553] INFO  impl.RoleInfo (RoleInfo.java:updateAndGet(143)) - bf55b3f9-6b09-4365-9d71-55289e083fa5: start LeaderElection
2019-10-16 18:01:02,555 [bf55b3f9-6b09-4365-9d71-55289e083fa5@group-EFD1D20A002C-LeaderElection219] INFO  impl.LeaderElection (LeaderElection.java:askForVotes(178)) - bf55b3f9-6b09-4365-9d71-55289e083fa5@group-EFD1D20A002C-LeaderElection219: begin an election at term 253 for -1: [f4c54511-b161-4347-aec5-5236dc80a0d8:0.0.0.0:41238, 907b9765-214b-4864-b66a-d6e2a5789e5c:0.0.0.0:41650, bf55b3f9-6b09-4365-9d71-55289e083fa5:0.0.0.0:42441], old=null
2019-10-16 18:01:02,557 [grpc-default-executor-3] INFO  impl.RaftServerImpl (RaftServerImpl.java:setRole(184)) - f4c54511-b161-4347-aec5-5236dc80a0d8@group-EFD1D20A002C: changes role from  FOLLOWER to FOLLOWER at term 253 for recognizeCandidate:bf55b3f9-6b09-4365-9d71-55289e083fa5
2019-10-16 18:01:02,557 [grpc-default-executor-3] INFO  impl.RoleInfo (RoleInfo.java:shutdownFollowerState(121)) - f4c54511-b161-4347-aec5-5236dc80a0d8: shutdown FollowerState
2019-10-16 18:01:02,557 [grpc-default-executor-3] INFO  impl.RoleInfo (RoleInfo.java:updateAndGet(143)) - f4c54511-b161-4347-aec5-5236dc80a0d8: start FollowerState
2019-10-16 18:01:02,557 [grpc-default-executor-0] INFO  impl.RaftServerImpl (RaftServerImpl.java:setRole(184)) - 907b9765-214b-4864-b66a-d6e2a5789e5c@group-EFD1D20A002C: changes role from  FOLLOWER to FOLLOWER at term 253 for recognizeCandidate:bf55b3f9-6b09-4365-9d71-55289e083fa5
2019-10-16 18:01:02,558 [grpc-default-executor-0] INFO  impl.RoleInfo (RoleInfo.java:shutdownFollowerState(121)) - 907b9765-214b-4864-b66a-d6e2a5789e5c: shutdown FollowerState
2019-10-16 18:01:02,557 [Thread-1551] INFO  impl.FollowerState (FollowerState.java:run(117)) - f4c54511-b161-4347-aec5-5236dc80a0d8@group-EFD1D20A002C-FollowerState was interrupted: java.lang.InterruptedException: sleep interrupted
2019-10-16 18:01:02,558 [Thread-1552] INFO  impl.FollowerState (FollowerState.java:run(117)) - 907b9765-214b-4864-b66a-d6e2a5789e5c@group-EFD1D20A002C-FollowerState was interrupted: java.lang.InterruptedException: sleep interrupted
2019-10-16 18:01:02,558 [grpc-default-executor-0] INFO  impl.RoleInfo (RoleInfo.java:updateAndGet(143)) - 907b9765-214b-4864-b66a-d6e2a5789e5c: start FollowerState
2019-10-16 18:01:02,581 [bf55b3f9-6b09-4365-9d71-55289e083fa5@group-EFD1D20A002C-LeaderElection219] INFO  impl.LeaderElection (LeaderElection.java:logAndReturn(56)) - bf55b3f9-6b09-4365-9d71-55289e083fa5@group-EFD1D20A002C-LeaderElection219: Election REJECTED; received 2 response(s) [bf55b3f9-6b09-4365-9d71-55289e083fa5<-f4c54511-b161-4347-aec5-5236dc80a0d8#0:FAIL-t253, bf55b3f9-6b09-4365-9d71-55289e083fa5<-907b9765-214b-4864-b66a-d6e2a5789e5c#0:FAIL-t253] and 0 exception(s); bf55b3f9-6b09-4365-9d71-55289e083fa5@group-EFD1D20A002C:t253, leader=null, voted=bf55b3f9-6b09-4365-9d71-55289e083fa5, raftlog=bf55b3f9-6b09-4365-9d71-55289e083fa5@group-EFD1D20A002C-SegmentedRaftLog:OPENED:c-1,f-1,i0, conf=-1: [f4c54511-b161-4347-aec5-5236dc80a0d8:0.0.0.0:41238, 907b9765-214b-4864-b66a-d6e2a5789e5c:0.0.0.0:41650, bf55b3f9-6b09-4365-9d71-55289e083fa5:0.0.0.0:42441], old=null
2019-10-16 18:01:02,581 [bf55b3f9-6b09-4365-9d71-55289e083fa5@group-EFD1D20A002C-LeaderElection219] INFO  impl.RaftServerImpl (RaftServerImpl.java:setRole(184)) - bf55b3f9-6b09-4365-9d71-55289e083fa5@group-EFD1D20A002C: changes role from CANDIDATE to FOLLOWER at term 253 for DISCOVERED_A_NEW_TERM
2019-10-16 18:01:02,581 [bf55b3f9-6b09-4365-9d71-55289e083fa5@group-EFD1D20A002C-LeaderElection219] INFO  impl.RoleInfo (RoleInfo.java:shutdownLeaderElection(134)) - bf55b3f9-6b09-4365-9d71-55289e083fa5: shutdown LeaderElection
2019-10-16 18:01:02,582 [bf55b3f9-6b09-4365-9d71-55289e083fa5@group-EFD1D20A002C-LeaderElection219] INFO  impl.RoleInfo (RoleInfo.java:updateAndGet(143)) - bf55b3f9-6b09-4365-9d71-55289e083fa5: start FollowerState
2019-10-16 18:01:02,768 [Thread-1559] INFO  impl.FollowerState (FollowerState.java:run(108)) - bf55b3f9-6b09-4365-9d71-55289e083fa5@group-EFD1D20A002C-FollowerState: change to CANDIDATE, lastRpcTime:186ms, electionTimeout:186ms
2019-10-16 18:01:02,768 [Thread-1559] INFO  impl.RoleInfo (RoleInfo.java:shutdownFollowerState(121)) - bf55b3f9-6b09-4365-9d71-55289e083fa5: shutdown FollowerState
2019-10-16 18:01:02,768 [Thread-1559] INFO  impl.RaftServerImpl (RaftServerImpl.java:setRole(184)) - bf55b3f9-6b09-4365-9d71-55289e083fa5@group-EFD1D20A002C: changes role from  FOLLOWER to CANDIDATE at term 253 for changeToCandidate
2019-10-16 18:01:02,769 [Thread-1559] INFO  impl.RoleInfo (RoleInfo.java:updateAndGet(143)) - bf55b3f9-6b09-4365-9d71-55289e083fa5: start LeaderElection
2019-10-16 18:01:02,791 [bf55b3f9-6b09-4365-9d71-55289e083fa5@group-EFD1D20A002C-LeaderElection220] INFO  impl.LeaderElection (LeaderElection.java:askForVotes(178)) - bf55b3f9-6b09-4365-9d71-55289e083fa5@group-EFD1D20A002C-LeaderElection220: begin an election at term 254 for -1: [f4c54511-b161-4347-aec5-5236dc80a0d8:0.0.0.0:41238, 907b9765-214b-4864-b66a-d6e2a5789e5c:0.0.0.0:41650, bf55b3f9-6b09-4365-9d71-55289e083fa5:0.0.0.0:42441], old=null
2019-10-16 18:01:02,792 [grpc-default-executor-3] INFO  impl.RaftServerImpl (RaftServerImpl.java:setRole(184)) - f4c54511-b161-4347-aec5-5236dc80a0d8@group-EFD1D20A002C: changes role from  FOLLOWER to FOLLOWER at term 254 for recognizeCandidate:bf55b3f9-6b09-4365-9d71-55289e083fa5
2019-10-16 18:01:02,793 [grpc-default-executor-3] INFO  impl.RoleInfo (RoleInfo.java:shutdownFollowerState(121)) - f4c54511-b161-4347-aec5-5236dc80a0d8: shutdown FollowerState
2019-10-16 18:01:02,793 [grpc-default-executor-3] INFO  impl.RoleInfo (RoleInfo.java:updateAndGet(143)) - f4c54511-b161-4347-aec5-5236dc80a0d8: start FollowerState
2019-10-16 18:01:02,793 [Thread-1557] INFO  impl.FollowerState (FollowerState.java:run(117)) - f4c54511-b161-4347-aec5-5236dc80a0d8@group-EFD1D20A002C-FollowerState was interrupted: java.lang.InterruptedException: sleep interrupted
2019-10-16 18:01:02,793 [grpc-default-executor-0] INFO  impl.RaftServerImpl (RaftServerImpl.java:setRole(184)) - 907b9765-214b-4864-b66a-d6e2a5789e5c@group-EFD1D20A002C: changes role from  FOLLOWER to FOLLOWER at term 254 for recognizeCandidate:bf55b3f9-6b09-4365-9d71-55289e083fa5
2019-10-16 18:01:02,793 [grpc-default-executor-0] INFO  impl.RoleInfo (RoleInfo.java:shutdownFollowerState(121)) - 907b9765-214b-4864-b66a-d6e2a5789e5c: shutdown FollowerState
2019-10-16 18:01:02,793 [grpc-default-executor-0] INFO  impl.RoleInfo (RoleInfo.java:updateAndGet(143)) - 907b9765-214b-4864-b66a-d6e2a5789e5c: start FollowerState
2019-10-16 18:01:02,794 [Thread-1558] INFO  impl.FollowerState (FollowerState.java:run(117)) - 907b9765-214b-4864-b66a-d6e2a5789e5c@group-EFD1D20A002C-FollowerState was interrupted: java.lang.InterruptedException: sleep interrupted
2019-10-16 18:01:02,800 [bf55b3f9-6b09-4365-9d71-55289e083fa5@group-EFD1D20A002C-LeaderElection220] INFO  impl.LeaderElection (LeaderElection.java:logAndReturn(56)) - bf55b3f9-6b09-4365-9d71-55289e083fa5@group-EFD1D20A002C-LeaderElection220: Election TIMEOUT; received 0 response(s) [] and 0 exception(s); bf55b3f9-6b09-4365-9d71-55289e083fa5@group-EFD1D20A002C:t254, leader=null, voted=bf55b3f9-6b09-4365-9d71-55289e083fa5, raftlog=bf55b3f9-6b09-4365-9d71-55289e083fa5@group-EFD1D20A002C-SegmentedRaftLog:OPENED:c-1,f-1,i0, conf=-1: [f4c54511-b161-4347-aec5-5236dc80a0d8:0.0.0.0:41238, 907b9765-214b-4864-b66a-d6e2a5789e5c:0.0.0.0:41650, bf55b3f9-6b09-4365-9d71-55289e083fa5:0.0.0.0:42441], old=null
2019-10-16 18:01:02,816 [bf55b3f9-6b09-4365-9d71-55289e083fa5@group-EFD1D20A002C-LeaderElection220] INFO  impl.LeaderElection (LeaderElection.java:askForVotes(178)) - bf55b3f9-6b09-4365-9d71-55289e083fa5@group-EFD1D20A002C-LeaderElection220: begin an election at term 255 for -1: [f4c54511-b161-4347-aec5-5236dc80a0d8:0.0.0.0:41238, 907b9765-214b-4864-b66a-d6e2a5789e5c:0.0.0.0:41650, bf55b3f9-6b09-4365-9d71-55289e083fa5:0.0.0.0:42441], old=null
2019-10-16 18:01:02,818 [grpc-default-executor-0] INFO  impl.RaftServerImpl (RaftServerImpl.java:setRole(184)) - f4c54511-b161-4347-aec5-5236dc80a0d8@group-EFD1D20A002C: changes role from  FOLLOWER to FOLLOWER at term 255 for recognizeCandidate:bf55b3f9-6b09-4365-9d71-55289e083fa5
2019-10-16 18:01:02,818 [grpc-default-executor-0] INFO  impl.RoleInfo (RoleInfo.java:shutdownFollowerState(121)) - f4c54511-b161-4347-aec5-5236dc80a0d8: shutdown FollowerState
2019-10-16 18:01:02,818 [grpc-default-executor-3] INFO  impl.RaftServerImpl (RaftServerImpl.java:setRole(184)) - 907b9765-214b-4864-b66a-d6e2a5789e5c@group-EFD1D20A002C: changes role from  FOLLOWER to FOLLOWER at term 255 for recognizeCandidate:bf55b3f9-6b09-4365-9d71-55289e083fa5
2019-10-16 18:01:02,818 [Thread-1563] INFO  impl.FollowerState (FollowerState.java:run(117)) - f4c54511-b161-4347-aec5-5236dc80a0d8@group-EFD1D20A002C-FollowerState was interrupted: java.lang.InterruptedException: sleep interrupted
2019-10-16 18:01:02,818 [grpc-default-executor-0] INFO  impl.RoleInfo (RoleInfo.java:updateAndGet(143)) - f4c54511-b161-4347-aec5-5236dc80a0d8: start FollowerState
2019-10-16 18:01:02,818 [grpc-default-executor-3] INFO  impl.RoleInfo (RoleInfo.java:shutdownFollowerState(121)) - 907b9765-214b-4864-b66a-d6e2a5789e5c: shutdown FollowerState
2019-10-16 18:01:02,819 [grpc-default-executor-3] INFO  impl.RoleInfo (RoleInfo.java:updateAndGet(143)) - 907b9765-214b-4864-b66a-d6e2a5789e5c: start FollowerState
2019-10-16 18:01:02,819 [Thread-1564] INFO  impl.FollowerState (FollowerState.java:run(117)) - 907b9765-214b-4864-b66a-d6e2a5789e5c@group-EFD1D20A002C-FollowerState was interrupted: java.lang.InterruptedException: sleep interrupted
2019-10-16 18:01:02,843 [bf55b3f9-6b09-4365-9d71-55289e083fa5@group-EFD1D20A002C-LeaderElection220] INFO  impl.LeaderElection (LeaderElection.java:logAndReturn(56)) - bf55b3f9-6b09-4365-9d71-55289e083fa5@group-EFD1D20A002C-LeaderElection220: Election REJECTED; received 2 response(s) [bf55b3f9-6b09-4365-9d71-55289e083fa5<-f4c54511-b161-4347-aec5-5236dc80a0d8#0:FAIL-t255, bf55b3f9-6b09-4365-9d71-55289e083fa5<-907b9765-214b-4864-b66a-d6e2a5789e5c#0:FAIL-t255] and 0 exception(s); bf55b3f9-6b09-4365-9d71-55289e083fa5@group-EFD1D20A002C:t255, leader=null, voted=bf55b3f9-6b09-4365-9d71-55289e083fa5, raftlog=bf55b3f9-6b09-4365-9d71-55289e083fa5@group-EFD1D20A002C-SegmentedRaftLog:OPENED:c-1,f-1,i0, conf=-1: [f4c54511-b161-4347-aec5-5236dc80a0d8:0.0.0.0:41238, 907b9765-214b-4864-b66a-d6e2a5789e5c:0.0.0.0:41650, bf55b3f9-6b09-4365-9d71-55289e083fa5:0.0.0.0:42441], old=null
2019-10-16 18:01:02,843 [bf55b3f9-6b09-4365-9d71-55289e083fa5@group-EFD1D20A002C-LeaderElection220] INFO  impl.RaftServerImpl (RaftServerImpl.java:setRole(184)) - bf55b3f9-6b09-4365-9d71-55289e083fa5@group-EFD1D20A002C: changes role from CANDIDATE to FOLLOWER at term 255 for DISCOVERED_A_NEW_TERM
2019-10-16 18:01:02,843 [bf55b3f9-6b09-4365-9d71-55289e083fa5@group-EFD1D20A002C-LeaderElection220] INFO  impl.RoleInfo (RoleInfo.java:shutdownLeaderElection(134)) - bf55b3f9-6b09-4365-9d71-55289e083fa5: shutdown LeaderElection
2019-10-16 18:01:02,843 [bf55b3f9-6b09-4365-9d71-55289e083fa5@group-EFD1D20A002C-LeaderElection220] INFO  impl.RoleInfo (RoleInfo.java:updateAndGet(143)) - bf55b3f9-6b09-4365-9d71-55289e083fa5: start FollowerState
2019-10-16 18:01:02,957 [Thread-1569] INFO  impl.FollowerState (FollowerState.java:run(108)) - bf55b3f9-6b09-4365-9d71-55289e083fa5@group-EFD1D20A002C-FollowerState: change to CANDIDATE, lastRpcTime:113ms, electionTimeout:113ms
2019-10-16 18:01:02,957 [Thread-1569] INFO  impl.RoleInfo (RoleInfo.java:shutdownFollowerState(121)) - bf55b3f9-6b09-4365-9d71-55289e083fa5: shutdown FollowerState
2019-10-16 18:01:02,957 [Thread-1569] INFO  impl.RaftServerImpl (RaftServerImpl.java:setRole(184)) - bf55b3f9-6b09-4365-9d71-55289e083fa5@group-EFD1D20A002C: changes role from  FOLLOWER to CANDIDATE at term 255 for changeToCandidate
2019-10-16 18:01:02,957 [Thread-1569] INFO  impl.RoleInfo (RoleInfo.java:updateAndGet(143)) - bf55b3f9-6b09-4365-9d71-55289e083fa5: start LeaderElection
2019-10-16 18:01:02,985 [bf55b3f9-6b09-4365-9d71-55289e083fa5@group-EFD1D20A002C-LeaderElection221] INFO  impl.LeaderElection (LeaderElection.java:askForVotes(178)) - bf55b3f9-6b09-4365-9d71-55289e083fa5@group-EFD1D20A002C-LeaderElection221: begin an election at term 256 for -1: [f4c54511-b161-4347-aec5-5236dc80a0d8:0.0.0.0:41238, 907b9765-214b-4864-b66a-d6e2a5789e5c:0.0.0.0:41650, bf55b3f9-6b09-4365-9d71-55289e083fa5:0.0.0.0:42441], old=null
2019-10-16 18:01:02,987 [grpc-default-executor-0] INFO  impl.RaftServerImpl (RaftServerImpl.java:setRole(184)) - f4c54511-b161-4347-aec5-5236dc80a0d8@group-EFD1D20A002C: changes role from  FOLLOWER to FOLLOWER at term 256 for recognizeCandidate:bf55b3f9-6b09-4365-9d71-55289e083fa5
2019-10-16 18:01:02,987 [grpc-default-executor-3] INFO  impl.RaftServerImpl (RaftServerImpl.java:setRole(184)) - 907b9765-214b-4864-b66a-d6e2a5789e5c@group-EFD1D20A002C: changes role from  FOLLOWER to FOLLOWER at term 256 for recognizeCandidate:bf55b3f9-6b09-4365-9d71-55289e083fa5
2019-10-16 18:01:02,987 [grpc-default-executor-3] INFO  impl.RoleInfo (RoleInfo.java:shutdownFollowerState(121)) - 907b9765-214b-4864-b66a-d6e2a5789e5c: shutdown FollowerState
2019-10-16 18:01:02,987 [grpc-default-executor-0] INFO  impl.RoleInfo (RoleInfo.java:shutdownFollowerState(121)) - f4c54511-b161-4347-aec5-5236dc80a0d8: shutdown FollowerState
2019-10-16 18:01:02,987 [Thread-1568] INFO  impl.FollowerState (FollowerState.java:run(117)) - 907b9765-214b-4864-b66a-d6e2a5789e5c@group-EFD1D20A002C-FollowerState was interrupted: java.lang.InterruptedException: sleep interrupted
2019-10-16 18:01:02,987 [grpc-default-executor-3] INFO  impl.RoleInfo (RoleInfo.java:updateAndGet(143)) - 907b9765-214b-4864-b66a-d6e2a5789e5c: start FollowerState
2019-10-16 18:01:02,987 [Thread-1567] INFO  impl.FollowerState (FollowerState.java:run(117)) - f4c54511-b161-4347-aec5-5236dc80a0d8@group-EFD1D20A002C-FollowerState was interrupted: java.lang.InterruptedException: sleep interrupted
2019-10-16 18:01:02,987 [grpc-default-executor-0] INFO  impl.RoleInfo (RoleInfo.java:updateAndGet(143)) - f4c54511-b161-4347-aec5-5236dc80a0d8: start FollowerState
2019-10-16 18:01:03,012 [bf55b3f9-6b09-4365-9d71-55289e083fa5@group-EFD1D20A002C-LeaderElection221] INFO  impl.LeaderElection (LeaderElection.java:logAndReturn(56)) - bf55b3f9-6b09-4365-9d71-55289e083fa5@group-EFD1D20A002C-LeaderElection221: Election REJECTED; received 2 response(s) [bf55b3f9-6b09-4365-9d71-55289e083fa5<-f4c54511-b161-4347-aec5-5236dc80a0d8#0:FAIL-t256, bf55b3f9-6b09-4365-9d71-55289e083fa5<-907b9765-214b-4864-b66a-d6e2a5789e5c#0:FAIL-t256] and 0 exception(s); bf55b3f9-6b09-4365-9d71-55289e083fa5@group-EFD1D20A002C:t256, leader=null, voted=bf55b3f9-6b09-4365-9d71-55289e083fa5, raftlog=bf55b3f9-6b09-4365-9d71-55289e083fa5@group-EFD1D20A002C-SegmentedRaftLog:OPENED:c-1,f-1,i0, conf=-1: [f4c54511-b161-4347-aec5-5236dc80a0d8:0.0.0.0:41238, 907b9765-214b-4864-b66a-d6e2a5789e5c:0.0.0.0:41650, bf55b3f9-6b09-4365-9d71-55289e083fa5:0.0.0.0:42441], old=null
2019-10-16 18:01:03,012 [bf55b3f9-6b09-4365-9d71-55289e083fa5@group-EFD1D20A002C-LeaderElection221] INFO  impl.RaftServerImpl (RaftServerImpl.java:setRole(184)) - bf55b3f9-6b09-4365-9d71-55289e083fa5@group-EFD1D20A002C: changes role from CANDIDATE to FOLLOWER at term 256 for DISCOVERED_A_NEW_TERM
2019-10-16 18:01:03,012 [bf55b3f9-6b09-4365-9d71-55289e083fa5@group-EFD1D20A002C-LeaderElection221] INFO  impl.RoleInfo (RoleInfo.java:shutdownLeaderElection(134)) - bf55b3f9-6b09-4365-9d71-55289e083fa5: shutdown LeaderElection
2019-10-16 18:01:03,012 [bf55b3f9-6b09-4365-9d71-55289e083fa5@group-EFD1D20A002C-LeaderElection221] INFO  impl.RoleInfo (RoleInfo.java:updateAndGet(143)) - bf55b3f9-6b09-4365-9d71-55289e083fa5: start FollowerState
2019-10-16 18:01:03,136 [Thread-1577] INFO  impl.FollowerState (FollowerState.java:run(108)) - bf55b3f9-6b09-4365-9d71-55289e083fa5@group-EFD1D20A002C-FollowerState: change to CANDIDATE, lastRpcTime:124ms, electionTimeout:124ms
2019-10-16 18:01:03,137 [Thread-1577] INFO  impl.RoleInfo (RoleInfo.java:shutdownFollowerState(121)) - bf55b3f9-6b09-4365-9d71-55289e083fa5: shutdown FollowerState
2019-10-16 18:01:03,137 [Thread-1577] INFO  impl.RaftServerImpl (RaftServerImpl.java:setRole(184)) - bf55b3f9-6b09-4365-9d71-55289e083fa5@group-EFD1D20A002C: changes role from  FOLLOWER to CANDIDATE at term 256 for changeToCandidate
2019-10-16 18:01:03,137 [Thread-1577] INFO  impl.RoleInfo (RoleInfo.java:updateAndGet(143)) - bf55b3f9-6b09-4365-9d71-55289e083fa5: start LeaderElection
2019-10-16 18:01:03,161 [bf55b3f9-6b09-4365-9d71-55289e083fa5@group-EFD1D20A002C-LeaderElection222] INFO  impl.LeaderElection (LeaderElection.java:askForVotes(178)) - bf55b3f9-6b09-4365-9d71-55289e083fa5@group-EFD1D20A002C-LeaderElection222: begin an election at term 257 for -1: [f4c54511-b161-4347-aec5-5236dc80a0d8:0.0.0.0:41238, 907b9765-214b-4864-b66a-d6e2a5789e5c:0.0.0.0:41650, bf55b3f9-6b09-4365-9d71-55289e083fa5:0.0.0.0:42441], old=null
2019-10-16 18:01:03,163 [grpc-default-executor-3] INFO  impl.RaftServerImpl (RaftServerImpl.java:setRole(184)) - f4c54511-b161-4347-aec5-5236dc80a0d8@group-EFD1D20A002C: changes role from  FOLLOWER to FOLLOWER at term 257 for recognizeCandidate:bf55b3f9-6b09-4365-9d71-55289e083fa5
2019-10-16 18:01:03,163 [grpc-default-executor-3] INFO  impl.RoleInfo (RoleInfo.java:shutdownFollowerState(121)) - f4c54511-b161-4347-aec5-5236dc80a0d8: shutdown FollowerState
2019-10-16 18:01:03,164 [grpc-default-executor-0] INFO  impl.RaftServerImpl (RaftServerImpl.java:setRole(184)) - 907b9765-214b-4864-b66a-d6e2a5789e5c@group-EFD1D20A002C: changes role from  FOLLOWER to FOLLOWER at term 257 for recognizeCandidate:bf55b3f9-6b09-4365-9d71-55289e083fa5
2019-10-16 18:01:03,164 [grpc-default-executor-0] INFO  impl.RoleInfo (RoleInfo.java:shutdownFollowerState(121)) - 907b9765-214b-4864-b66a-d6e2a5789e5c: shutdown FollowerState
2019-10-16 18:01:03,164 [Thread-1576] INFO  impl.FollowerState (FollowerState.java:run(117)) - f4c54511-b161-4347-aec5-5236dc80a0d8@group-EFD1D20A002C-FollowerState was interrupted: java.lang.InterruptedException: sleep interrupted
2019-10-16 18:01:03,164 [grpc-default-executor-3] INFO  impl.RoleInfo (RoleInfo.java:updateAndGet(143)) - f4c54511-b161-4347-aec5-5236dc80a0d8: start FollowerState
2019-10-16 18:01:03,164 [grpc-default-executor-0] INFO  impl.RoleInfo (RoleInfo.java:updateAndGet(143)) - 907b9765-214b-4864-b66a-d6e2a5789e5c: start FollowerState
2019-10-16 18:01:03,164 [Thread-1575] INFO  impl.FollowerState (FollowerState.java:run(117)) - 907b9765-214b-4864-b66a-d6e2a5789e5c@group-EFD1D20A002C-FollowerState was interrupted: java.lang.InterruptedException: sleep interrupted
2019-10-16 18:01:03,179 [bf55b3f9-6b09-4365-9d71-55289e083fa5@group-EFD1D20A002C-LeaderElection222] INFO  impl.LeaderElection (LeaderElection.java:logAndReturn(56)) - bf55b3f9-6b09-4365-9d71-55289e083fa5@group-EFD1D20A002C-LeaderElection222: Election REJECTED; received 2 response(s) [bf55b3f9-6b09-4365-9d71-55289e083fa5<-f4c54511-b161-4347-aec5-5236dc80a0d8#0:FAIL-t257, bf55b3f9-6b09-4365-9d71-55289e083fa5<-907b9765-214b-4864-b66a-d6e2a5789e5c#0:FAIL-t257] and 0 exception(s); bf55b3f9-6b09-4365-9d71-55289e083fa5@group-EFD1D20A002C:t257, leader=null, voted=bf55b3f9-6b09-4365-9d71-55289e083fa5, raftlog=bf55b3f9-6b09-4365-9d71-55289e083fa5@group-EFD1D20A002C-SegmentedRaftLog:OPENED:c-1,f-1,i0, conf=-1: [f4c54511-b161-4347-aec5-5236dc80a0d8:0.0.0.0:41238, 907b9765-214b-4864-b66a-d6e2a5789e5c:0.0.0.0:41650, bf55b3f9-6b09-4365-9d71-55289e083fa5:0.0.0.0:42441], old=null
2019-10-16 18:01:03,179 [bf55b3f9-6b09-4365-9d71-55289e083fa5@group-EFD1D20A002C-LeaderElection222] INFO  impl.RaftServerImpl (RaftServerImpl.java:setRole(184)) - bf55b3f9-6b09-4365-9d71-55289e083fa5@group-EFD1D20A002C: changes role from CANDIDATE to FOLLOWER at term 257 for DISCOVERED_A_NEW_TERM
2019-10-16 18:01:03,180 [bf55b3f9-6b09-4365-9d71-55289e083fa5@group-EFD1D20A002C-LeaderElection222] INFO  impl.RoleInfo (RoleInfo.java:shutdownLeaderElection(134)) - bf55b3f9-6b09-4365-9d71-55289e083fa5: shutdown LeaderElection
2019-10-16 18:01:03,180 [bf55b3f9-6b09-4365-9d71-55289e083fa5@group-EFD1D20A002C-LeaderElection222] INFO  impl.RoleInfo (RoleInfo.java:updateAndGet(143)) - bf55b3f9-6b09-4365-9d71-55289e083fa5: start FollowerState
2019-10-16 18:01:03,250 [Thread-1583] INFO  impl.FollowerState (FollowerState.java:run(108)) - bf55b3f9-6b09-4365-9d71-55289e083fa5@group-EFD1D20A002C-FollowerState: change to CANDIDATE, lastRpcTime:70ms, electionTimeout:70ms
2019-10-16 18:01:03,250 [Thread-1583] INFO  impl.RoleInfo (RoleInfo.java:shutdownFollowerState(121)) - bf55b3f9-6b09-4365-9d71-55289e083fa5: shutdown FollowerState
2019-10-16 18:01:03,250 [Thread-1583] INFO  impl.RaftServerImpl (RaftServerImpl.java:setRole(184)) - bf55b3f9-6b09-4365-9d71-55289e083fa5@group-EFD1D20A002C: changes role from  FOLLOWER to CANDIDATE at term 257 for changeToCandidate
2019-10-16 18:01:03,250 [Thread-1583] INFO  impl.RoleInfo (RoleInfo.java:updateAndGet(143)) - bf55b3f9-6b09-4365-9d71-55289e083fa5: start LeaderElection
2019-10-16 18:01:03,279 [bf55b3f9-6b09-4365-9d71-55289e083fa5@group-EFD1D20A002C-LeaderElection223] INFO  impl.LeaderElection (LeaderElection.java:askForVotes(178)) - bf55b3f9-6b09-4365-9d71-55289e083fa5@group-EFD1D20A002C-LeaderElection223: begin an election at term 258 for -1: [f4c54511-b161-4347-aec5-5236dc80a0d8:0.0.0.0:41238, 907b9765-214b-4864-b66a-d6e2a5789e5c:0.0.0.0:41650, bf55b3f9-6b09-4365-9d71-55289e083fa5:0.0.0.0:42441], old=null
2019-10-16 18:01:03,281 [grpc-default-executor-3] INFO  impl.RaftServerImpl (RaftServerImpl.java:setRole(184)) - f4c54511-b161-4347-aec5-5236dc80a0d8@group-EFD1D20A002C: changes role from  FOLLOWER to FOLLOWER at term 258 for recognizeCandidate:bf55b3f9-6b09-4365-9d71-55289e083fa5
2019-10-16 18:01:03,281 [grpc-default-executor-0] INFO  impl.RaftServerImpl (RaftServerImpl.java:setRole(184)) - 907b9765-214b-4864-b66a-d6e2a5789e5c@group-EFD1D20A002C: changes role from  FOLLOWER to FOLLOWER at term 258 for recognizeCandidate:bf55b3f9-6b09-4365-9d71-55289e083fa5
2019-10-16 18:01:03,281 [grpc-default-executor-0] INFO  impl.RoleInfo (RoleInfo.java:shutdownFollowerState(121)) - 907b9765-214b-4864-b66a-d6e2a5789e5c: shutdown FollowerState
2019-10-16 18:01:03,281 [grpc-default-executor-3] INFO  impl.RoleInfo (RoleInfo.java:shutdownFollowerState(121)) - f4c54511-b161-4347-aec5-5236dc80a0d8: shutdown FollowerState
2019-10-16 18:01:03,282 [Thread-1582] INFO  impl.FollowerState (FollowerState.java:run(117)) - 907b9765-214b-4864-b66a-d6e2a5789e5c@group-EFD1D20A002C-FollowerState was interrupted: java.lang.InterruptedException: sleep interrupted
2019-10-16 18:01:03,282 [Thread-1581] INFO  impl.FollowerState (FollowerState.java:run(117)) - f4c54511-b161-4347-aec5-5236dc80a0d8@group-EFD1D20A002C-FollowerState was interrupted: java.lang.InterruptedException: sleep interrupted
2019-10-16 18:01:03,282 [grpc-default-executor-0] INFO  impl.RoleInfo (RoleInfo.java:updateAndGet(143)) - 907b9765-214b-4864-b66a-d6e2a5789e5c: start FollowerState
2019-10-16 18:01:03,282 [grpc-default-executor-3] INFO  impl.RoleInfo (RoleInfo.java:updateAndGet(143)) - f4c54511-b161-4347-aec5-5236dc80a0d8: start FollowerState
2019-10-16 18:01:03,292 [bf55b3f9-6b09-4365-9d71-55289e083fa5@group-EFD1D20A002C-LeaderElection223] INFO  impl.LeaderElection (LeaderElection.java:logAndReturn(56)) - bf55b3f9-6b09-4365-9d71-55289e083fa5@group-EFD1D20A002C-LeaderElection223: Election TIMEOUT; received 0 response(s) [] and 0 exception(s); bf55b3f9-6b09-4365-9d71-55289e083fa5@group-EFD1D20A002C:t258, leader=null, voted=bf55b3f9-6b09-4365-9d71-55289e083fa5, raftlog=bf55b3f9-6b09-4365-9d71-55289e083fa5@group-EFD1D20A002C-SegmentedRaftLog:OPENED:c-1,f-1,i0, conf=-1: [f4c54511-b161-4347-aec5-5236dc80a0d8:0.0.0.0:41238, 907b9765-214b-4864-b66a-d6e2a5789e5c:0.0.0.0:41650, bf55b3f9-6b09-4365-9d71-55289e083fa5:0.0.0.0:42441], old=null
2019-10-16 18:01:03,305 [bf55b3f9-6b09-4365-9d71-55289e083fa5@group-EFD1D20A002C-LeaderElection223] INFO  impl.LeaderElection (LeaderElection.java:askForVotes(178)) - bf55b3f9-6b09-4365-9d71-55289e083fa5@group-EFD1D20A002C-LeaderElection223: begin an election at term 259 for -1: [f4c54511-b161-4347-aec5-5236dc80a0d8:0.0.0.0:41238, 907b9765-214b-4864-b66a-d6e2a5789e5c:0.0.0.0:41650, bf55b3f9-6b09-4365-9d71-55289e083fa5:0.0.0.0:42441], old=null
2019-10-16 18:01:03,306 [grpc-default-executor-3] INFO  impl.RaftServerImpl (RaftServerImpl.java:setRole(184)) - f4c54511-b161-4347-aec5-5236dc80a0d8@group-EFD1D20A002C: changes role from  FOLLOWER to FOLLOWER at term 259 for recognizeCandidate:bf55b3f9-6b09-4365-9d71-55289e083fa5
2019-10-16 18:01:03,306 [grpc-default-executor-3] INFO  impl.RoleInfo (RoleInfo.java:shutdownFollowerState(121)) - f4c54511-b161-4347-aec5-5236dc80a0d8: shutdown FollowerState
2019-10-16 18:01:03,307 [grpc-default-executor-3] INFO  impl.RoleInfo (RoleInfo.java:updateAndGet(143)) - f4c54511-b161-4347-aec5-5236dc80a0d8: start FollowerState
2019-10-16 18:01:03,307 [Thread-1588] INFO  impl.FollowerState (FollowerState.java:run(117)) - f4c54511-b161-4347-aec5-5236dc80a0d8@group-EFD1D20A002C-FollowerState was interrupted: java.lang.InterruptedException: sleep interrupted
2019-10-16 18:01:03,307 [grpc-default-executor-0] INFO  impl.RaftServerImpl (RaftServerImpl.java:setRole(184)) - 907b9765-214b-4864-b66a-d6e2a5789e5c@group-EFD1D20A002C: changes role from  FOLLOWER to FOLLOWER at term 259 for recognizeCandidate:bf55b3f9-6b09-4365-9d71-55289e083fa5
2019-10-16 18:01:03,307 [grpc-default-executor-0] INFO  impl.RoleInfo (RoleInfo.java:shutdownFollowerState(121)) - 907b9765-214b-4864-b66a-d6e2a5789e5c: shutdown FollowerState
2019-10-16 18:01:03,307 [grpc-default-executor-0] INFO  impl.RoleInfo (RoleInfo.java:updateAndGet(143)) - 907b9765-214b-4864-b66a-d6e2a5789e5c: start FollowerState
2019-10-16 18:01:03,307 [Thread-1587] INFO  impl.FollowerState (FollowerState.java:run(117)) - 907b9765-214b-4864-b66a-d6e2a5789e5c@group-EFD1D20A002C-FollowerState was interrupted: java.lang.InterruptedException: sleep interrupted
2019-10-16 18:01:03,331 [bf55b3f9-6b09-4365-9d71-55289e083fa5@group-EFD1D20A002C-LeaderElection223] INFO  impl.LeaderElection (LeaderElection.java:logAndReturn(56)) - bf55b3f9-6b09-4365-9d71-55289e083fa5@group-EFD1D20A002C-LeaderElection223: Election REJECTED; received 2 response(s) [bf55b3f9-6b09-4365-9d71-55289e083fa5<-f4c54511-b161-4347-aec5-5236dc80a0d8#0:FAIL-t259, bf55b3f9-6b09-4365-9d71-55289e083fa5<-907b9765-214b-4864-b66a-d6e2a5789e5c#0:FAIL-t259] and 0 exception(s); bf55b3f9-6b09-4365-9d71-55289e083fa5@group-EFD1D20A002C:t259, leader=null, voted=bf55b3f9-6b09-4365-9d71-55289e083fa5, raftlog=bf55b3f9-6b09-4365-9d71-55289e083fa5@group-EFD1D20A002C-SegmentedRaftLog:OPENED:c-1,f-1,i0, conf=-1: [f4c54511-b161-4347-aec5-5236dc80a0d8:0.0.0.0:41238, 907b9765-214b-4864-b66a-d6e2a5789e5c:0.0.0.0:41650, bf55b3f9-6b09-4365-9d71-55289e083fa5:0.0.0.0:42441], old=null
2019-10-16 18:01:03,331 [bf55b3f9-6b09-4365-9d71-55289e083fa5@group-EFD1D20A002C-LeaderElection223] INFO  impl.RaftServerImpl (RaftServerImpl.java:setRole(184)) - bf55b3f9-6b09-4365-9d71-55289e083fa5@group-EFD1D20A002C: changes role from CANDIDATE to FOLLOWER at term 259 for DISCOVERED_A_NEW_TERM
2019-10-16 18:01:03,331 [bf55b3f9-6b09-4365-9d71-55289e083fa5@group-EFD1D20A002C-LeaderElection223] INFO  impl.RoleInfo (RoleInfo.java:shutdownLeaderElection(134)) - bf55b3f9-6b09-4365-9d71-55289e083fa5: shutdown LeaderElection
2019-10-16 18:01:03,331 [bf55b3f9-6b09-4365-9d71-55289e083fa5@group-EFD1D20A002C-LeaderElection223] INFO  impl.RoleInfo (RoleInfo.java:updateAndGet(143)) - bf55b3f9-6b09-4365-9d71-55289e083fa5: start FollowerState
2019-10-16 18:01:03,500 [Thread-1593] INFO  impl.FollowerState (FollowerState.java:run(108)) - bf55b3f9-6b09-4365-9d71-55289e083fa5@group-EFD1D20A002C-FollowerState: change to CANDIDATE, lastRpcTime:169ms, electionTimeout:169ms
2019-10-16 18:01:03,501 [Thread-1593] INFO  impl.RoleInfo (RoleInfo.java:shutdownFollowerState(121)) - bf55b3f9-6b09-4365-9d71-55289e083fa5: shutdown FollowerState
2019-10-16 18:01:03,501 [Thread-1593] INFO  impl.RaftServerImpl (RaftServerImpl.java:setRole(184)) - bf55b3f9-6b09-4365-9d71-55289e083fa5@group-EFD1D20A002C: changes role from  FOLLOWER to CANDIDATE at term 259 for changeToCandidate
2019-10-16 18:01:03,501 [Thread-1593] INFO  impl.RoleInfo (RoleInfo.java:updateAndGet(143)) - bf55b3f9-6b09-4365-9d71-55289e083fa5: start LeaderElection
2019-10-16 18:01:03,516 [bf55b3f9-6b09-4365-9d71-55289e083fa5@group-EFD1D20A002C-LeaderElection224] INFO  impl.LeaderElection (LeaderElection.java:askForVotes(178)) - bf55b3f9-6b09-4365-9d71-55289e083fa5@group-EFD1D20A002C-LeaderElection224: begin an election at term 260 for -1: [f4c54511-b161-4347-aec5-5236dc80a0d8:0.0.0.0:41238, 907b9765-214b-4864-b66a-d6e2a5789e5c:0.0.0.0:41650, bf55b3f9-6b09-4365-9d71-55289e083fa5:0.0.0.0:42441], old=null
2019-10-16 18:01:03,518 [grpc-default-executor-0] INFO  impl.RaftServerImpl (RaftServerImpl.java:setRole(184)) - 907b9765-214b-4864-b66a-d6e2a5789e5c@group-EFD1D20A002C: changes role from  FOLLOWER to FOLLOWER at term 260 for recognizeCandidate:bf55b3f9-6b09-4365-9d71-55289e083fa5
2019-10-16 18:01:03,518 [grpc-default-executor-3] INFO  impl.RaftServerImpl (RaftServerImpl.java:setRole(184)) - f4c54511-b161-4347-aec5-5236dc80a0d8@group-EFD1D20A002C: changes role from  FOLLOWER to FOLLOWER at term 260 for recognizeCandidate:bf55b3f9-6b09-4365-9d71-55289e083fa5
2019-10-16 18:01:03,518 [grpc-default-executor-0] INFO  impl.RoleInfo (RoleInfo.java:shutdownFollowerState(121)) - 907b9765-214b-4864-b66a-d6e2a5789e5c: shutdown FollowerState
2019-10-16 18:01:03,518 [grpc-default-executor-3] INFO  impl.RoleInfo (RoleInfo.java:shutdownFollowerState(121)) - f4c54511-b161-4347-aec5-5236dc80a0d8: shutdown FollowerState
2019-10-16 18:01:03,518 [Thread-1592] INFO  impl.FollowerState (FollowerState.java:run(117)) - 907b9765-214b-4864-b66a-d6e2a5789e5c@group-EFD1D20A002C-FollowerState was interrupted: java.lang.InterruptedException: sleep interrupted
2019-10-16 18:01:03,518 [grpc-default-executor-0] INFO  impl.RoleInfo (RoleInfo.java:updateAndGet(143)) - 907b9765-214b-4864-b66a-d6e2a5789e5c: start FollowerState
2019-10-16 18:01:03,519 [Thread-1591] INFO  impl.FollowerState (FollowerState.java:run(117)) - f4c54511-b161-4347-aec5-5236dc80a0d8@group-EFD1D20A002C-FollowerState was interrupted: java.lang.InterruptedException: sleep interrupted
2019-10-16 18:01:03,519 [grpc-default-executor-3] INFO  impl.RoleInfo (RoleInfo.java:updateAndGet(143)) - f4c54511-b161-4347-aec5-5236dc80a0d8: start FollowerState
2019-10-16 18:01:03,542 [bf55b3f9-6b09-4365-9d71-55289e083fa5@group-EFD1D20A002C-LeaderElection224] INFO  impl.LeaderElection (LeaderElection.java:logAndReturn(56)) - bf55b3f9-6b09-4365-9d71-55289e083fa5@group-EFD1D20A002C-LeaderElection224: Election REJECTED; received 2 response(s) [bf55b3f9-6b09-4365-9d71-55289e083fa5<-f4c54511-b161-4347-aec5-5236dc80a0d8#0:FAIL-t260, bf55b3f9-6b09-4365-9d71-55289e083fa5<-907b9765-214b-4864-b66a-d6e2a5789e5c#0:FAIL-t260] and 0 exception(s); bf55b3f9-6b09-4365-9d71-55289e083fa5@group-EFD1D20A002C:t260, leader=null, voted=bf55b3f9-6b09-4365-9d71-55289e083fa5, raftlog=bf55b3f9-6b09-4365-9d71-55289e083fa5@group-EFD1D20A002C-SegmentedRaftLog:OPENED:c-1,f-1,i0, conf=-1: [f4c54511-b161-4347-aec5-5236dc80a0d8:0.0.0.0:41238, 907b9765-214b-4864-b66a-d6e2a5789e5c:0.0.0.0:41650, bf55b3f9-6b09-4365-9d71-55289e083fa5:0.0.0.0:42441], old=null
2019-10-16 18:01:03,542 [bf55b3f9-6b09-4365-9d71-55289e083fa5@group-EFD1D20A002C-LeaderElection224] INFO  impl.RaftServerImpl (RaftServerImpl.java:setRole(184)) - bf55b3f9-6b09-4365-9d71-55289e083fa5@group-EFD1D20A002C: changes role from CANDIDATE to FOLLOWER at term 260 for DISCOVERED_A_NEW_TERM
2019-10-16 18:01:03,542 [bf55b3f9-6b09-4365-9d71-55289e083fa5@group-EFD1D20A002C-LeaderElection224] INFO  impl.RoleInfo (RoleInfo.java:shutdownLeaderElection(134)) - bf55b3f9-6b09-4365-9d71-55289e083fa5: shutdown LeaderElection
2019-10-16 18:01:03,542 [bf55b3f9-6b09-4365-9d71-55289e083fa5@group-EFD1D20A002C-LeaderElection224] INFO  impl.RoleInfo (RoleInfo.java:updateAndGet(143)) - bf55b3f9-6b09-4365-9d71-55289e083fa5: start FollowerState
2019-10-16 18:01:03,615 [Thread-1599] INFO  impl.FollowerState (FollowerState.java:run(108)) - bf55b3f9-6b09-4365-9d71-55289e083fa5@group-EFD1D20A002C-FollowerState: change to CANDIDATE, lastRpcTime:72ms, electionTimeout:72ms
2019-10-16 18:01:03,615 [Thread-1599] INFO  impl.RoleInfo (RoleInfo.java:shutdownFollowerState(121)) - bf55b3f9-6b09-4365-9d71-55289e083fa5: shutdown FollowerState
2019-10-16 18:01:03,615 [Thread-1599] INFO  impl.RaftServerImpl (RaftServerImpl.java:setRole(184)) - bf55b3f9-6b09-4365-9d71-55289e083fa5@group-EFD1D20A002C: changes role from  FOLLOWER to CANDIDATE at term 260 for changeToCandidate
2019-10-16 18:01:03,615 [Thread-1599] INFO  impl.RoleInfo (RoleInfo.java:updateAndGet(143)) - bf55b3f9-6b09-4365-9d71-55289e083fa5: start LeaderElection
2019-10-16 18:01:03,642 [bf55b3f9-6b09-4365-9d71-55289e083fa5@group-EFD1D20A002C-LeaderElection225] INFO  impl.LeaderElection (LeaderElection.java:askForVotes(178)) - bf55b3f9-6b09-4365-9d71-55289e083fa5@group-EFD1D20A002C-LeaderElection225: begin an election at term 261 for -1: [f4c54511-b161-4347-aec5-5236dc80a0d8:0.0.0.0:41238, 907b9765-214b-4864-b66a-d6e2a5789e5c:0.0.0.0:41650, bf55b3f9-6b09-4365-9d71-55289e083fa5:0.0.0.0:42441], old=null
2019-10-16 18:01:03,644 [grpc-default-executor-3] INFO  impl.RaftServerImpl (RaftServerImpl.java:setRole(184)) - f4c54511-b161-4347-aec5-5236dc80a0d8@group-EFD1D20A002C: changes role from  FOLLOWER to FOLLOWER at term 261 for recognizeCandidate:bf55b3f9-6b09-4365-9d71-55289e083fa5
2019-10-16 18:01:03,644 [grpc-default-executor-3] INFO  impl.RoleInfo (RoleInfo.java:shutdownFollowerState(121)) - f4c54511-b161-4347-aec5-5236dc80a0d8: shutdown FollowerState
2019-10-16 18:01:03,644 [grpc-default-executor-0] INFO  impl.RaftServerImpl (RaftServerImpl.java:setRole(184)) - 907b9765-214b-4864-b66a-d6e2a5789e5c@group-EFD1D20A002C: changes role from  FOLLOWER to FOLLOWER at term 261 for recognizeCandidate:bf55b3f9-6b09-4365-9d71-55289e083fa5
2019-10-16 18:01:03,644 [Thread-1598] INFO  impl.FollowerState (FollowerState.java:run(117)) - f4c54511-b161-4347-aec5-5236dc80a0d8@group-EFD1D20A002C-FollowerState was interrupted: java.lang.InterruptedException: sleep interrupted
2019-10-16 18:01:03,644 [grpc-default-executor-3] INFO  impl.RoleInfo (RoleInfo.java:updateAndGet(143)) - f4c54511-b161-4347-aec5-5236dc80a0d8: start FollowerState
2019-10-16 18:01:03,644 [grpc-default-executor-0] INFO  impl.RoleInfo (RoleInfo.java:shutdownFollowerState(121)) - 907b9765-214b-4864-b66a-d6e2a5789e5c: shutdown FollowerState
2019-10-16 18:01:03,645 [grpc-default-executor-0] INFO  impl.RoleInfo (RoleInfo.java:updateAndGet(143)) - 907b9765-214b-4864-b66a-d6e2a5789e5c: start FollowerState
2019-10-16 18:01:03,645 [Thread-1597] INFO  impl.FollowerState (FollowerState.java:run(117)) - 907b9765-214b-4864-b66a-d6e2a5789e5c@group-EFD1D20A002C-FollowerState was interrupted: java.lang.InterruptedException: sleep interrupted
2019-10-16 18:01:03,660 [bf55b3f9-6b09-4365-9d71-55289e083fa5@group-EFD1D20A002C-LeaderElection225] INFO  impl.LeaderElection (LeaderElection.java:logAndReturn(56)) - bf55b3f9-6b09-4365-9d71-55289e083fa5@group-EFD1D20A002C-LeaderElection225: Election REJECTED; received 2 response(s) [bf55b3f9-6b09-4365-9d71-55289e083fa5<-f4c54511-b161-4347-aec5-5236dc80a0d8#0:FAIL-t261, bf55b3f9-6b09-4365-9d71-55289e083fa5<-907b9765-214b-4864-b66a-d6e2a5789e5c#0:FAIL-t261] and 0 exception(s); bf55b3f9-6b09-4365-9d71-55289e083fa5@group-EFD1D20A002C:t261, leader=null, voted=bf55b3f9-6b09-4365-9d71-55289e083fa5, raftlog=bf55b3f9-6b09-4365-9d71-55289e083fa5@group-EFD1D20A002C-SegmentedRaftLog:OPENED:c-1,f-1,i0, conf=-1: [f4c54511-b161-4347-aec5-5236dc80a0d8:0.0.0.0:41238, 907b9765-214b-4864-b66a-d6e2a5789e5c:0.0.0.0:41650, bf55b3f9-6b09-4365-9d71-55289e083fa5:0.0.0.0:42441], old=null
2019-10-16 18:01:03,660 [bf55b3f9-6b09-4365-9d71-55289e083fa5@group-EFD1D20A002C-LeaderElection225] INFO  impl.RaftServerImpl (RaftServerImpl.java:setRole(184)) - bf55b3f9-6b09-4365-9d71-55289e083fa5@group-EFD1D20A002C: changes role from CANDIDATE to FOLLOWER at term 261 for DISCOVERED_A_NEW_TERM
2019-10-16 18:01:03,660 [bf55b3f9-6b09-4365-9d71-55289e083fa5@group-EFD1D20A002C-LeaderElection225] INFO  impl.RoleInfo (RoleInfo.java:shutdownLeaderElection(134)) - bf55b3f9-6b09-4365-9d71-55289e083fa5: shutdown LeaderElection
2019-10-16 18:01:03,660 [bf55b3f9-6b09-4365-9d71-55289e083fa5@group-EFD1D20A002C-LeaderElection225] INFO  impl.RoleInfo (RoleInfo.java:updateAndGet(143)) - bf55b3f9-6b09-4365-9d71-55289e083fa5: start FollowerState
2019-10-16 18:01:03,809 [Thread-1605] INFO  impl.FollowerState (FollowerState.java:run(108)) - bf55b3f9-6b09-4365-9d71-55289e083fa5@group-EFD1D20A002C-FollowerState: change to CANDIDATE, lastRpcTime:148ms, electionTimeout:148ms
2019-10-16 18:01:03,809 [Thread-1605] INFO  impl.RoleInfo (RoleInfo.java:shutdownFollowerState(121)) - bf55b3f9-6b09-4365-9d71-55289e083fa5: shutdown FollowerState
2019-10-16 18:01:03,809 [Thread-1605] INFO  impl.RaftServerImpl (RaftServerImpl.java:setRole(184)) - bf55b3f9-6b09-4365-9d71-55289e083fa5@group-EFD1D20A002C: changes role from  FOLLOWER to CANDIDATE at term 261 for changeToCandidate
2019-10-16 18:01:03,809 [Thread-1605] INFO  impl.RoleInfo (RoleInfo.java:updateAndGet(143)) - bf55b3f9-6b09-4365-9d71-55289e083fa5: start LeaderElection
2019-10-16 18:01:03,835 [bf55b3f9-6b09-4365-9d71-55289e083fa5@group-EFD1D20A002C-LeaderElection226] INFO  impl.LeaderElection (LeaderElection.java:askForVotes(178)) - bf55b3f9-6b09-4365-9d71-55289e083fa5@group-EFD1D20A002C-LeaderElection226: begin an election at term 262 for -1: [f4c54511-b161-4347-aec5-5236dc80a0d8:0.0.0.0:41238, 907b9765-214b-4864-b66a-d6e2a5789e5c:0.0.0.0:41650, bf55b3f9-6b09-4365-9d71-55289e083fa5:0.0.0.0:42441], old=null
2019-10-16 18:01:03,837 [grpc-default-executor-3] INFO  impl.RaftServerImpl (RaftServerImpl.java:setRole(184)) - 907b9765-214b-4864-b66a-d6e2a5789e5c@group-EFD1D20A002C: changes role from  FOLLOWER to FOLLOWER at term 262 for recognizeCandidate:bf55b3f9-6b09-4365-9d71-55289e083fa5
2019-10-16 18:01:03,837 [grpc-default-executor-0] INFO  impl.RaftServerImpl (RaftServerImpl.java:setRole(184)) - f4c54511-b161-4347-aec5-5236dc80a0d8@group-EFD1D20A002C: changes role from  FOLLOWER to FOLLOWER at term 262 for recognizeCandidate:bf55b3f9-6b09-4365-9d71-55289e083fa5
2019-10-16 18:01:03,838 [grpc-default-executor-3] INFO  impl.RoleInfo (RoleInfo.java:shutdownFollowerState(121)) - 907b9765-214b-4864-b66a-d6e2a5789e5c: shutdown FollowerState
2019-10-16 18:01:03,838 [grpc-default-executor-0] INFO  impl.RoleInfo (RoleInfo.java:shutdownFollowerState(121)) - f4c54511-b161-4347-aec5-5236dc80a0d8: shutdown FollowerState
2019-10-16 18:01:03,838 [Thread-1604] INFO  impl.FollowerState (FollowerState.java:run(117)) - 907b9765-214b-4864-b66a-d6e2a5789e5c@group-EFD1D20A002C-FollowerState was interrupted: java.lang.InterruptedException: sleep interrupted
2019-10-16 18:01:03,838 [grpc-default-executor-3] INFO  impl.RoleInfo (RoleInfo.java:updateAndGet(143)) - 907b9765-214b-4864-b66a-d6e2a5789e5c: start FollowerState
2019-10-16 18:01:03,838 [Thread-1603] INFO  impl.FollowerState (FollowerState.java:run(117)) - f4c54511-b161-4347-aec5-5236dc80a0d8@group-EFD1D20A002C-FollowerState was interrupted: java.lang.InterruptedException: sleep interrupted
2019-10-16 18:01:03,838 [grpc-default-executor-0] INFO  impl.RoleInfo (RoleInfo.java:updateAndGet(143)) - f4c54511-b161-4347-aec5-5236dc80a0d8: start FollowerState
2019-10-16 18:01:03,863 [bf55b3f9-6b09-4365-9d71-55289e083fa5@group-EFD1D20A002C-LeaderElection226] INFO  impl.LeaderElection (LeaderElection.java:logAndReturn(56)) - bf55b3f9-6b09-4365-9d71-55289e083fa5@group-EFD1D20A002C-LeaderElection226: Election REJECTED; received 2 response(s) [bf55b3f9-6b09-4365-9d71-55289e083fa5<-f4c54511-b161-4347-aec5-5236dc80a0d8#0:FAIL-t262, bf55b3f9-6b09-4365-9d71-55289e083fa5<-907b9765-214b-4864-b66a-d6e2a5789e5c#0:FAIL-t262] and 0 exception(s); bf55b3f9-6b09-4365-9d71-55289e083fa5@group-EFD1D20A002C:t262, leader=null, voted=bf55b3f9-6b09-4365-9d71-55289e083fa5, raftlog=bf55b3f9-6b09-4365-9d71-55289e083fa5@group-EFD1D20A002C-SegmentedRaftLog:OPENED:c-1,f-1,i0, conf=-1: [f4c54511-b161-4347-aec5-5236dc80a0d8:0.0.0.0:41238, 907b9765-214b-4864-b66a-d6e2a5789e5c:0.0.0.0:41650, bf55b3f9-6b09-4365-9d71-55289e083fa5:0.0.0.0:42441], old=null
2019-10-16 18:01:03,863 [bf55b3f9-6b09-4365-9d71-55289e083fa5@group-EFD1D20A002C-LeaderElection226] INFO  impl.RaftServerImpl (RaftServerImpl.java:setRole(184)) - bf55b3f9-6b09-4365-9d71-55289e083fa5@group-EFD1D20A002C: changes role from CANDIDATE to FOLLOWER at term 262 for DISCOVERED_A_NEW_TERM
2019-10-16 18:01:03,863 [bf55b3f9-6b09-4365-9d71-55289e083fa5@group-EFD1D20A002C-LeaderElection226] INFO  impl.RoleInfo (RoleInfo.java:shutdownLeaderElection(134)) - bf55b3f9-6b09-4365-9d71-55289e083fa5: shutdown LeaderElection
2019-10-16 18:01:03,863 [bf55b3f9-6b09-4365-9d71-55289e083fa5@group-EFD1D20A002C-LeaderElection226] INFO  impl.RoleInfo (RoleInfo.java:updateAndGet(143)) - bf55b3f9-6b09-4365-9d71-55289e083fa5: start FollowerState
2019-10-16 18:01:03,884 [Thread-1611] INFO  impl.FollowerState (FollowerState.java:run(108)) - bf55b3f9-6b09-4365-9d71-55289e083fa5@group-EFD1D20A002C-FollowerState: change to CANDIDATE, lastRpcTime:21ms, electionTimeout:21ms
2019-10-16 18:01:03,884 [Thread-1611] INFO  impl.RoleInfo (RoleInfo.java:shutdownFollowerState(121)) - bf55b3f9-6b09-4365-9d71-55289e083fa5: shutdown FollowerState
2019-10-16 18:01:03,885 [Thread-1611] INFO  impl.RaftServerImpl (RaftServerImpl.java:setRole(184)) - bf55b3f9-6b09-4365-9d71-55289e083fa5@group-EFD1D20A002C: changes role from  FOLLOWER to CANDIDATE at term 262 for changeToCandidate
2019-10-16 18:01:03,885 [Thread-1611] INFO  impl.RoleInfo (RoleInfo.java:updateAndGet(143)) - bf55b3f9-6b09-4365-9d71-55289e083fa5: start LeaderElection
2019-10-16 18:01:03,912 [bf55b3f9-6b09-4365-9d71-55289e083fa5@group-EFD1D20A002C-LeaderElection227] INFO  impl.LeaderElection (LeaderElection.java:askForVotes(178)) - bf55b3f9-6b09-4365-9d71-55289e083fa5@group-EFD1D20A002C-LeaderElection227: begin an election at term 263 for -1: [f4c54511-b161-4347-aec5-5236dc80a0d8:0.0.0.0:41238, 907b9765-214b-4864-b66a-d6e2a5789e5c:0.0.0.0:41650, bf55b3f9-6b09-4365-9d71-55289e083fa5:0.0.0.0:42441], old=null
2019-10-16 18:01:03,914 [grpc-default-executor-3] INFO  impl.RaftServerImpl (RaftServerImpl.java:setRole(184)) - f4c54511-b161-4347-aec5-5236dc80a0d8@group-EFD1D20A002C: changes role from  FOLLOWER to FOLLOWER at term 263 for recognizeCandidate:bf55b3f9-6b09-4365-9d71-55289e083fa5
2019-10-16 18:01:03,914 [grpc-default-executor-0] INFO  impl.RaftServerImpl (RaftServerImpl.java:setRole(184)) - 907b9765-214b-4864-b66a-d6e2a5789e5c@group-EFD1D20A002C: changes role from  FOLLOWER to FOLLOWER at term 263 for recognizeCandidate:bf55b3f9-6b09-4365-9d71-55289e083fa5
2019-10-16 18:01:03,914 [grpc-default-executor-3] INFO  impl.RoleInfo (RoleInfo.java:shutdownFollowerState(121)) - f4c54511-b161-4347-aec5-5236dc80a0d8: shutdown FollowerState
2019-10-16 18:01:03,915 [grpc-default-executor-0] INFO  impl.RoleInfo (RoleInfo.java:shutdownFollowerState(121)) - 907b9765-214b-4864-b66a-d6e2a5789e5c: shutdown FollowerState
2019-10-16 18:01:03,915 [Thread-1610] INFO  impl.FollowerState (FollowerState.java:run(117)) - f4c54511-b161-4347-aec5-5236dc80a0d8@group-EFD1D20A002C-FollowerState was interrupted: java.lang.InterruptedException: sleep interrupted
2019-10-16 18:01:03,915 [grpc-default-executor-3] INFO  impl.RoleInfo (RoleInfo.java:updateAndGet(143)) - f4c54511-b161-4347-aec5-5236dc80a0d8: start FollowerState
2019-10-16 18:01:03,915 [Thread-1609] INFO  impl.FollowerState (FollowerState.java:run(117)) - 907b9765-214b-4864-b66a-d6e2a5789e5c@group-EFD1D20A002C-FollowerState was interrupted: java.lang.InterruptedException: sleep interrupted
2019-10-16 18:01:03,915 [grpc-default-executor-0] INFO  impl.RoleInfo (RoleInfo.java:updateAndGet(143)) - 907b9765-214b-4864-b66a-d6e2a5789e5c: start FollowerState
2019-10-16 18:01:03,939 [bf55b3f9-6b09-4365-9d71-55289e083fa5@group-EFD1D20A002C-LeaderElection227] INFO  impl.LeaderElection (LeaderElection.java:logAndReturn(56)) - bf55b3f9-6b09-4365-9d71-55289e083fa5@group-EFD1D20A002C-LeaderElection227: Election REJECTED; received 2 response(s) [bf55b3f9-6b09-4365-9d71-55289e083fa5<-f4c54511-b161-4347-aec5-5236dc80a0d8#0:FAIL-t263, bf55b3f9-6b09-4365-9d71-55289e083fa5<-907b9765-214b-4864-b66a-d6e2a5789e5c#0:FAIL-t263] and 0 exception(s); bf55b3f9-6b09-4365-9d71-55289e083fa5@group-EFD1D20A002C:t263, leader=null, voted=bf55b3f9-6b09-4365-9d71-55289e083fa5, raftlog=bf55b3f9-6b09-4365-9d71-55289e083fa5@group-EFD1D20A002C-SegmentedRaftLog:OPENED:c-1,f-1,i0, conf=-1: [f4c54511-b161-4347-aec5-5236dc80a0d8:0.0.0.0:41238, 907b9765-214b-4864-b66a-d6e2a5789e5c:0.0.0.0:41650, bf55b3f9-6b09-4365-9d71-55289e083fa5:0.0.0.0:42441], old=null
2019-10-16 18:01:03,939 [bf55b3f9-6b09-4365-9d71-55289e083fa5@group-EFD1D20A002C-LeaderElection227] INFO  impl.RaftServerImpl (RaftServerImpl.java:setRole(184)) - bf55b3f9-6b09-4365-9d71-55289e083fa5@group-EFD1D20A002C: changes role from CANDIDATE to FOLLOWER at term 263 for DISCOVERED_A_NEW_TERM
2019-10-16 18:01:03,939 [bf55b3f9-6b09-4365-9d71-55289e083fa5@group-EFD1D20A002C-LeaderElection227] INFO  impl.RoleInfo (RoleInfo.java:shutdownLeaderElection(134)) - bf55b3f9-6b09-4365-9d71-55289e083fa5: shutdown LeaderElection
2019-10-16 18:01:03,939 [bf55b3f9-6b09-4365-9d71-55289e083fa5@group-EFD1D20A002C-LeaderElection227] INFO  impl.RoleInfo (RoleInfo.java:updateAndGet(143)) - bf55b3f9-6b09-4365-9d71-55289e083fa5: start FollowerState
2019-10-16 18:01:04,039 [Thread-1617] INFO  impl.FollowerState (FollowerState.java:run(108)) - bf55b3f9-6b09-4365-9d71-55289e083fa5@group-EFD1D20A002C-FollowerState: change to CANDIDATE, lastRpcTime:99ms, electionTimeout:99ms
2019-10-16 18:01:04,039 [Thread-1617] INFO  impl.RoleInfo (RoleInfo.java:shutdownFollowerState(121)) - bf55b3f9-6b09-4365-9d71-55289e083fa5: shutdown FollowerState
2019-10-16 18:01:04,039 [Thread-1617] INFO  impl.RaftServerImpl (RaftServerImpl.java:setRole(184)) - bf55b3f9-6b09-4365-9d71-55289e083fa5@group-EFD1D20A002C: changes role from  FOLLOWER to CANDIDATE at term 263 for changeToCandidate
2019-10-16 18:01:04,039 [Thread-1617] INFO  impl.RoleInfo (RoleInfo.java:updateAndGet(143)) - bf55b3f9-6b09-4365-9d71-55289e083fa5: start LeaderElection
2019-10-16 18:01:04,064 [bf55b3f9-6b09-4365-9d71-55289e083fa5@group-EFD1D20A002C-LeaderElection228] INFO  impl.LeaderElection (LeaderElection.java:askForVotes(178)) - bf55b3f9-6b09-4365-9d71-55289e083fa5@group-EFD1D20A002C-LeaderElection228: begin an election at term 264 for -1: [f4c54511-b161-4347-aec5-5236dc80a0d8:0.0.0.0:41238, 907b9765-214b-4864-b66a-d6e2a5789e5c:0.0.0.0:41650, bf55b3f9-6b09-4365-9d71-55289e083fa5:0.0.0.0:42441], old=null
2019-10-16 18:01:04,066 [grpc-default-executor-3] INFO  impl.RaftServerImpl (RaftServerImpl.java:setRole(184)) - 907b9765-214b-4864-b66a-d6e2a5789e5c@group-EFD1D20A002C: changes role from  FOLLOWER to FOLLOWER at term 264 for recognizeCandidate:bf55b3f9-6b09-4365-9d71-55289e083fa5
2019-10-16 18:01:04,066 [grpc-default-executor-0] INFO  impl.RaftServerImpl (RaftServerImpl.java:setRole(184)) - f4c54511-b161-4347-aec5-5236dc80a0d8@group-EFD1D20A002C: changes role from  FOLLOWER to FOLLOWER at term 264 for recognizeCandidate:bf55b3f9-6b09-4365-9d71-55289e083fa5
2019-10-16 18:01:04,066 [grpc-default-executor-3] INFO  impl.RoleInfo (RoleInfo.java:shutdownFollowerState(121)) - 907b9765-214b-4864-b66a-d6e2a5789e5c: shutdown FollowerState
2019-10-16 18:01:04,066 [grpc-default-executor-0] INFO  impl.RoleInfo (RoleInfo.java:shutdownFollowerState(121)) - f4c54511-b161-4347-aec5-5236dc80a0d8: shutdown FollowerState
2019-10-16 18:01:04,067 [grpc-default-executor-0] INFO  impl.RoleInfo (RoleInfo.java:updateAndGet(143)) - f4c54511-b161-4347-aec5-5236dc80a0d8: start FollowerState
2019-10-16 18:01:04,066 [Thread-1616] INFO  impl.FollowerState (FollowerState.java:run(117)) - 907b9765-214b-4864-b66a-d6e2a5789e5c@group-EFD1D20A002C-FollowerState was interrupted: java.lang.InterruptedException: sleep interrupted
2019-10-16 18:01:04,066 [grpc-default-executor-3] INFO  impl.RoleInfo (RoleInfo.java:updateAndGet(143)) - 907b9765-214b-4864-b66a-d6e2a5789e5c: start FollowerState
2019-10-16 18:01:04,067 [Thread-1615] INFO  impl.FollowerState (FollowerState.java:run(117)) - f4c54511-b161-4347-aec5-5236dc80a0d8@group-EFD1D20A002C-FollowerState was interrupted: java.lang.InterruptedException: sleep interrupted
2019-10-16 18:01:04,090 [bf55b3f9-6b09-4365-9d71-55289e083fa5@group-EFD1D20A002C-LeaderElection228] INFO  impl.LeaderElection (LeaderElection.java:logAndReturn(56)) - bf55b3f9-6b09-4365-9d71-55289e083fa5@group-EFD1D20A002C-LeaderElection228: Election REJECTED; received 2 response(s) [bf55b3f9-6b09-4365-9d71-55289e083fa5<-f4c54511-b161-4347-aec5-5236dc80a0d8#0:FAIL-t264, bf55b3f9-6b09-4365-9d71-55289e083fa5<-907b9765-214b-4864-b66a-d6e2a5789e5c#0:FAIL-t264] and 0 exception(s); bf55b3f9-6b09-4365-9d71-55289e083fa5@group-EFD1D20A002C:t264, leader=null, voted=bf55b3f9-6b09-4365-9d71-55289e083fa5, raftlog=bf55b3f9-6b09-4365-9d71-55289e083fa5@group-EFD1D20A002C-SegmentedRaftLog:OPENED:c-1,f-1,i0, conf=-1: [f4c54511-b161-4347-aec5-5236dc80a0d8:0.0.0.0:41238, 907b9765-214b-4864-b66a-d6e2a5789e5c:0.0.0.0:41650, bf55b3f9-6b09-4365-9d71-55289e083fa5:0.0.0.0:42441], old=null
2019-10-16 18:01:04,091 [bf55b3f9-6b09-4365-9d71-55289e083fa5@group-EFD1D20A002C-LeaderElection228] INFO  impl.RaftServerImpl (RaftServerImpl.java:setRole(184)) - bf55b3f9-6b09-4365-9d71-55289e083fa5@group-EFD1D20A002C: changes role from CANDIDATE to FOLLOWER at term 264 for DISCOVERED_A_NEW_TERM
2019-10-16 18:01:04,091 [bf55b3f9-6b09-4365-9d71-55289e083fa5@group-EFD1D20A002C-LeaderElection228] INFO  impl.RoleInfo (RoleInfo.java:shutdownLeaderElection(134)) - bf55b3f9-6b09-4365-9d71-55289e083fa5: shutdown LeaderElection
2019-10-16 18:01:04,091 [bf55b3f9-6b09-4365-9d71-55289e083fa5@group-EFD1D20A002C-LeaderElection228] INFO  impl.RoleInfo (RoleInfo.java:updateAndGet(143)) - bf55b3f9-6b09-4365-9d71-55289e083fa5: start FollowerState
2019-10-16 18:01:04,129 [Thread-1625] INFO  impl.FollowerState (FollowerState.java:run(108)) - bf55b3f9-6b09-4365-9d71-55289e083fa5@group-EFD1D20A002C-FollowerState: change to CANDIDATE, lastRpcTime:38ms, electionTimeout:38ms
2019-10-16 18:01:04,129 [Thread-1625] INFO  impl.RoleInfo (RoleInfo.java:shutdownFollowerState(121)) - bf55b3f9-6b09-4365-9d71-55289e083fa5: shutdown FollowerState
2019-10-16 18:01:04,129 [Thread-1625] INFO  impl.RaftServerImpl (RaftServerImpl.java:setRole(184)) - bf55b3f9-6b09-4365-9d71-55289e083fa5@group-EFD1D20A002C: changes role from  FOLLOWER to CANDIDATE at term 264 for changeToCandidate
2019-10-16 18:01:04,130 [Thread-1625] INFO  impl.RoleInfo (RoleInfo.java:updateAndGet(143)) - bf55b3f9-6b09-4365-9d71-55289e083fa5: start LeaderElection
2019-10-16 18:01:04,157 [bf55b3f9-6b09-4365-9d71-55289e083fa5@group-EFD1D20A002C-LeaderElection229] INFO  impl.LeaderElection (LeaderElection.java:askForVotes(178)) - bf55b3f9-6b09-4365-9d71-55289e083fa5@group-EFD1D20A002C-LeaderElection229: begin an election at term 265 for -1: [f4c54511-b161-4347-aec5-5236dc80a0d8:0.0.0.0:41238, 907b9765-214b-4864-b66a-d6e2a5789e5c:0.0.0.0:41650, bf55b3f9-6b09-4365-9d71-55289e083fa5:0.0.0.0:42441], old=null
2019-10-16 18:01:04,160 [grpc-default-executor-0] INFO  impl.RaftServerImpl (RaftServerImpl.java:setRole(184)) - f4c54511-b161-4347-aec5-5236dc80a0d8@group-EFD1D20A002C: changes role from  FOLLOWER to FOLLOWER at term 265 for recognizeCandidate:bf55b3f9-6b09-4365-9d71-55289e083fa5
2019-10-16 18:01:04,161 [grpc-default-executor-0] INFO  impl.RoleInfo (RoleInfo.java:shutdownFollowerState(121)) - f4c54511-b161-4347-aec5-5236dc80a0d8: shutdown FollowerState
2019-10-16 18:01:04,162 [Thread-1624] INFO  impl.FollowerState (FollowerState.java:run(117)) - f4c54511-b161-4347-aec5-5236dc80a0d8@group-EFD1D20A002C-FollowerState was interrupted: java.lang.InterruptedException: sleep interrupted
2019-10-16 18:01:04,162 [grpc-default-executor-0] INFO  impl.RoleInfo (RoleInfo.java:updateAndGet(143)) - f4c54511-b161-4347-aec5-5236dc80a0d8: start FollowerState
2019-10-16 18:01:04,171 [grpc-default-executor-3] INFO  impl.RaftServerImpl (RaftServerImpl.java:setRole(184)) - 907b9765-214b-4864-b66a-d6e2a5789e5c@group-EFD1D20A002C: changes role from  FOLLOWER to FOLLOWER at term 265 for recognizeCandidate:bf55b3f9-6b09-4365-9d71-55289e083fa5
2019-10-16 18:01:04,171 [grpc-default-executor-3] INFO  impl.RoleInfo (RoleInfo.java:shutdownFollowerState(121)) - 907b9765-214b-4864-b66a-d6e2a5789e5c: shutdown FollowerState
2019-10-16 18:01:04,171 [grpc-default-executor-3] INFO  impl.RoleInfo (RoleInfo.java:updateAndGet(143)) - 907b9765-214b-4864-b66a-d6e2a5789e5c: start FollowerState
2019-10-16 18:01:04,171 [Thread-1623] INFO  impl.FollowerState (FollowerState.java:run(117)) - 907b9765-214b-4864-b66a-d6e2a5789e5c@group-EFD1D20A002C-FollowerState was interrupted: java.lang.InterruptedException: sleep interrupted
2019-10-16 18:01:04,200 [bf55b3f9-6b09-4365-9d71-55289e083fa5@group-EFD1D20A002C-LeaderElection229] INFO  impl.LeaderElection (LeaderElection.java:logAndReturn(56)) - bf55b3f9-6b09-4365-9d71-55289e083fa5@group-EFD1D20A002C-LeaderElection229: Election REJECTED; received 2 response(s) [bf55b3f9-6b09-4365-9d71-55289e083fa5<-f4c54511-b161-4347-aec5-5236dc80a0d8#0:FAIL-t265, bf55b3f9-6b09-4365-9d71-55289e083fa5<-907b9765-214b-4864-b66a-d6e2a5789e5c#0:FAIL-t265] and 0 exception(s); bf55b3f9-6b09-4365-9d71-55289e083fa5@group-EFD1D20A002C:t265, leader=null, voted=bf55b3f9-6b09-4365-9d71-55289e083fa5, raftlog=bf55b3f9-6b09-4365-9d71-55289e083fa5@group-EFD1D20A002C-SegmentedRaftLog:OPENED:c-1,f-1,i0, conf=-1: [f4c54511-b161-4347-aec5-5236dc80a0d8:0.0.0.0:41238, 907b9765-214b-4864-b66a-d6e2a5789e5c:0.0.0.0:41650, bf55b3f9-6b09-4365-9d71-55289e083fa5:0.0.0.0:42441], old=null
2019-10-16 18:01:04,200 [bf55b3f9-6b09-4365-9d71-55289e083fa5@group-EFD1D20A002C-LeaderElection229] INFO  impl.RaftServerImpl (RaftServerImpl.java:setRole(184)) - bf55b3f9-6b09-4365-9d71-55289e083fa5@group-EFD1D20A002C: changes role from CANDIDATE to FOLLOWER at term 265 for DISCOVERED_A_NEW_TERM
2019-10-16 18:01:04,201 [bf55b3f9-6b09-4365-9d71-55289e083fa5@group-EFD1D20A002C-LeaderElection229] INFO  impl.RoleInfo (RoleInfo.java:shutdownLeaderElection(134)) - bf55b3f9-6b09-4365-9d71-55289e083fa5: shutdown LeaderElection
2019-10-16 18:01:04,201 [bf55b3f9-6b09-4365-9d71-55289e083fa5@group-EFD1D20A002C-LeaderElection229] INFO  impl.RoleInfo (RoleInfo.java:updateAndGet(143)) - bf55b3f9-6b09-4365-9d71-55289e083fa5: start FollowerState
2019-10-16 18:01:04,286 [Thread-1631] INFO  impl.FollowerState (FollowerState.java:run(108)) - bf55b3f9-6b09-4365-9d71-55289e083fa5@group-EFD1D20A002C-FollowerState: change to CANDIDATE, lastRpcTime:85ms, electionTimeout:85ms
2019-10-16 18:01:04,286 [Thread-1631] INFO  impl.RoleInfo (RoleInfo.java:shutdownFollowerState(121)) - bf55b3f9-6b09-4365-9d71-55289e083fa5: shutdown FollowerState
2019-10-16 18:01:04,286 [Thread-1631] INFO  impl.RaftServerImpl (RaftServerImpl.java:setRole(184)) - bf55b3f9-6b09-4365-9d71-55289e083fa5@group-EFD1D20A002C: changes role from  FOLLOWER to CANDIDATE at term 265 for changeToCandidate
2019-10-16 18:01:04,287 [Thread-1631] INFO  impl.RoleInfo (RoleInfo.java:updateAndGet(143)) - bf55b3f9-6b09-4365-9d71-55289e083fa5: start LeaderElection
2019-10-16 18:01:04,316 [bf55b3f9-6b09-4365-9d71-55289e083fa5@group-EFD1D20A002C-LeaderElection230] INFO  impl.LeaderElection (LeaderElection.java:askForVotes(178)) - bf55b3f9-6b09-4365-9d71-55289e083fa5@group-EFD1D20A002C-LeaderElection230: begin an election at term 266 for -1: [f4c54511-b161-4347-aec5-5236dc80a0d8:0.0.0.0:41238, 907b9765-214b-4864-b66a-d6e2a5789e5c:0.0.0.0:41650, bf55b3f9-6b09-4365-9d71-55289e083fa5:0.0.0.0:42441], old=null
2019-10-16 18:01:04,318 [grpc-default-executor-3] INFO  impl.RaftServerImpl (RaftServerImpl.java:setRole(184)) - f4c54511-b161-4347-aec5-5236dc80a0d8@group-EFD1D20A002C: changes role from  FOLLOWER to FOLLOWER at term 266 for recognizeCandidate:bf55b3f9-6b09-4365-9d71-55289e083fa5
2019-10-16 18:01:04,319 [grpc-default-executor-3] INFO  impl.RoleInfo (RoleInfo.java:shutdownFollowerState(121)) - f4c54511-b161-4347-aec5-5236dc80a0d8: shutdown FollowerState
2019-10-16 18:01:04,318 [grpc-default-executor-0] INFO  impl.RaftServerImpl (RaftServerImpl.java:setRole(184)) - 907b9765-214b-4864-b66a-d6e2a5789e5c@group-EFD1D20A002C: changes role from  FOLLOWER to FOLLOWER at term 266 for recognizeCandidate:bf55b3f9-6b09-4365-9d71-55289e083fa5
2019-10-16 18:01:04,319 [grpc-default-executor-3] INFO  impl.RoleInfo (RoleInfo.java:updateAndGet(143)) - f4c54511-b161-4347-aec5-5236dc80a0d8: start FollowerState
2019-10-16 18:01:04,319 [Thread-1629] INFO  impl.FollowerState (FollowerState.java:run(117)) - f4c54511-b161-4347-aec5-5236dc80a0d8@group-EFD1D20A002C-FollowerState was interrupted: java.lang.InterruptedException: sleep interrupted
2019-10-16 18:01:04,319 [grpc-default-executor-0] INFO  impl.RoleInfo (RoleInfo.java:shutdownFollowerState(121)) - 907b9765-214b-4864-b66a-d6e2a5789e5c: shutdown FollowerState
2019-10-16 18:01:04,319 [grpc-default-executor-0] INFO  impl.RoleInfo (RoleInfo.java:updateAndGet(143)) - 907b9765-214b-4864-b66a-d6e2a5789e5c: start FollowerState
2019-10-16 18:01:04,319 [Thread-1630] INFO  impl.FollowerState (FollowerState.java:run(117)) - 907b9765-214b-4864-b66a-d6e2a5789e5c@group-EFD1D20A002C-FollowerState was interrupted: java.lang.InterruptedException: sleep interrupted
2019-10-16 18:01:04,342 [bf55b3f9-6b09-4365-9d71-55289e083fa5@group-EFD1D20A002C-LeaderElection230] INFO  impl.LeaderElection (LeaderElection.java:logAndReturn(56)) - bf55b3f9-6b09-4365-9d71-55289e083fa5@group-EFD1D20A002C-LeaderElection230: Election TIMEOUT; received 0 response(s) [] and 0 exception(s); bf55b3f9-6b09-4365-9d71-55289e083fa5@group-EFD1D20A002C:t266, leader=null, voted=bf55b3f9-6b09-4365-9d71-55289e083fa5, raftlog=bf55b3f9-6b09-4365-9d71-55289e083fa5@group-EFD1D20A002C-SegmentedRaftLog:OPENED:c-1,f-1,i0, conf=-1: [f4c54511-b161-4347-aec5-5236dc80a0d8:0.0.0.0:41238, 907b9765-214b-4864-b66a-d6e2a5789e5c:0.0.0.0:41650, bf55b3f9-6b09-4365-9d71-55289e083fa5:0.0.0.0:42441], old=null
2019-10-16 18:01:04,367 [bf55b3f9-6b09-4365-9d71-55289e083fa5@group-EFD1D20A002C-LeaderElection230] INFO  impl.LeaderElection (LeaderElection.java:askForVotes(178)) - bf55b3f9-6b09-4365-9d71-55289e083fa5@group-EFD1D20A002C-LeaderElection230: begin an election at term 267 for -1: [f4c54511-b161-4347-aec5-5236dc80a0d8:0.0.0.0:41238, 907b9765-214b-4864-b66a-d6e2a5789e5c:0.0.0.0:41650, bf55b3f9-6b09-4365-9d71-55289e083fa5:0.0.0.0:42441], old=null
2019-10-16 18:01:04,369 [grpc-default-executor-0] INFO  impl.RaftServerImpl (RaftServerImpl.java:setRole(184)) - f4c54511-b161-4347-aec5-5236dc80a0d8@group-EFD1D20A002C: changes role from  FOLLOWER to FOLLOWER at term 267 for recognizeCandidate:bf55b3f9-6b09-4365-9d71-55289e083fa5
2019-10-16 18:01:04,369 [grpc-default-executor-3] INFO  impl.RaftServerImpl (RaftServerImpl.java:setRole(184)) - 907b9765-214b-4864-b66a-d6e2a5789e5c@group-EFD1D20A002C: changes role from  FOLLOWER to FOLLOWER at term 267 for recognizeCandidate:bf55b3f9-6b09-4365-9d71-55289e083fa5
2019-10-16 18:01:04,369 [grpc-default-executor-0] INFO  impl.RoleInfo (RoleInfo.java:shutdownFollowerState(121)) - f4c54511-b161-4347-aec5-5236dc80a0d8: shutdown FollowerState
2019-10-16 18:01:04,370 [grpc-default-executor-3] INFO  impl.RoleInfo (RoleInfo.java:shutdownFollowerState(121)) - 907b9765-214b-4864-b66a-d6e2a5789e5c: shutdown FollowerState
2019-10-16 18:01:04,370 [Thread-1635] INFO  impl.FollowerState (FollowerState.java:run(117)) - f4c54511-b161-4347-aec5-5236dc80a0d8@group-EFD1D20A002C-FollowerState was interrupted: java.lang.InterruptedException: sleep interrupted
2019-10-16 18:01:04,370 [grpc-default-executor-0] INFO  impl.RoleInfo (RoleInfo.java:updateAndGet(143)) - f4c54511-b161-4347-aec5-5236dc80a0d8: start FollowerState
2019-10-16 18:01:04,370 [Thread-1636] INFO  impl.FollowerState (FollowerState.java:run(117)) - 907b9765-214b-4864-b66a-d6e2a5789e5c@group-EFD1D20A002C-FollowerState was interrupted: java.lang.InterruptedException: sleep interrupted
2019-10-16 18:01:04,370 [grpc-default-executor-3] INFO  impl.RoleInfo (RoleInfo.java:updateAndGet(143)) - 907b9765-214b-4864-b66a-d6e2a5789e5c: start FollowerState
2019-10-16 18:01:04,394 [bf55b3f9-6b09-4365-9d71-55289e083fa5@group-EFD1D20A002C-LeaderElection230] INFO  impl.LeaderElection (LeaderElection.java:logAndReturn(56)) - bf55b3f9-6b09-4365-9d71-55289e083fa5@group-EFD1D20A002C-LeaderElection230: Election REJECTED; received 2 response(s) [bf55b3f9-6b09-4365-9d71-55289e083fa5<-f4c54511-b161-4347-aec5-5236dc80a0d8#0:FAIL-t267, bf55b3f9-6b09-4365-9d71-55289e083fa5<-907b9765-214b-4864-b66a-d6e2a5789e5c#0:FAIL-t267] and 0 exception(s); bf55b3f9-6b09-4365-9d71-55289e083fa5@group-EFD1D20A002C:t267, leader=null, voted=bf55b3f9-6b09-4365-9d71-55289e083fa5, raftlog=bf55b3f9-6b09-4365-9d71-55289e083fa5@group-EFD1D20A002C-SegmentedRaftLog:OPENED:c-1,f-1,i0, conf=-1: [f4c54511-b161-4347-aec5-5236dc80a0d8:0.0.0.0:41238, 907b9765-214b-4864-b66a-d6e2a5789e5c:0.0.0.0:41650, bf55b3f9-6b09-4365-9d71-55289e083fa5:0.0.0.0:42441], old=null
2019-10-16 18:01:04,394 [bf55b3f9-6b09-4365-9d71-55289e083fa5@group-EFD1D20A002C-LeaderElection230] INFO  impl.RaftServerImpl (RaftServerImpl.java:setRole(184)) - bf55b3f9-6b09-4365-9d71-55289e083fa5@group-EFD1D20A002C: changes role from CANDIDATE to FOLLOWER at term 267 for DISCOVERED_A_NEW_TERM
2019-10-16 18:01:04,394 [bf55b3f9-6b09-4365-9d71-55289e083fa5@group-EFD1D20A002C-LeaderElection230] INFO  impl.RoleInfo (RoleInfo.java:shutdownLeaderElection(134)) - bf55b3f9-6b09-4365-9d71-55289e083fa5: shutdown LeaderElection
2019-10-16 18:01:04,394 [bf55b3f9-6b09-4365-9d71-55289e083fa5@group-EFD1D20A002C-LeaderElection230] INFO  impl.RoleInfo (RoleInfo.java:updateAndGet(143)) - bf55b3f9-6b09-4365-9d71-55289e083fa5: start FollowerState
2019-10-16 18:01:04,500 [Thread-1641] INFO  impl.FollowerState (FollowerState.java:run(108)) - bf55b3f9-6b09-4365-9d71-55289e083fa5@group-EFD1D20A002C-FollowerState: change to CANDIDATE, lastRpcTime:106ms, electionTimeout:106ms
2019-10-16 18:01:04,501 [Thread-1641] INFO  impl.RoleInfo (RoleInfo.java:shutdownFollowerState(121)) - bf55b3f9-6b09-4365-9d71-55289e083fa5: shutdown FollowerState
2019-10-16 18:01:04,501 [Thread-1641] INFO  impl.RaftServerImpl (RaftServerImpl.java:setRole(184)) - bf55b3f9-6b09-4365-9d71-55289e083fa5@group-EFD1D20A002C: changes role from  FOLLOWER to CANDIDATE at term 267 for changeToCandidate
2019-10-16 18:01:04,501 [Thread-1641] INFO  impl.RoleInfo (RoleInfo.java:updateAndGet(143)) - bf55b3f9-6b09-4365-9d71-55289e083fa5: start LeaderElection
2019-10-16 18:01:04,528 [bf55b3f9-6b09-4365-9d71-55289e083fa5@group-EFD1D20A002C-LeaderElection231] INFO  impl.LeaderElection (LeaderElection.java:askForVotes(178)) - bf55b3f9-6b09-4365-9d71-55289e083fa5@group-EFD1D20A002C-LeaderElection231: begin an election at term 268 for -1: [f4c54511-b161-4347-aec5-5236dc80a0d8:0.0.0.0:41238, 907b9765-214b-4864-b66a-d6e2a5789e5c:0.0.0.0:41650, bf55b3f9-6b09-4365-9d71-55289e083fa5:0.0.0.0:42441], old=null
2019-10-16 18:01:04,530 [grpc-default-executor-3] INFO  impl.RaftServerImpl (RaftServerImpl.java:setRole(184)) - 907b9765-214b-4864-b66a-d6e2a5789e5c@group-EFD1D20A002C: changes role from  FOLLOWER to FOLLOWER at term 268 for recognizeCandidate:bf55b3f9-6b09-4365-9d71-55289e083fa5
2019-10-16 18:01:04,530 [grpc-default-executor-0] INFO  impl.RaftServerImpl (RaftServerImpl.java:setRole(184)) - f4c54511-b161-4347-aec5-5236dc80a0d8@group-EFD1D20A002C: changes role from  FOLLOWER to FOLLOWER at term 268 for recognizeCandidate:bf55b3f9-6b09-4365-9d71-55289e083fa5
2019-10-16 18:01:04,530 [grpc-default-executor-3] INFO  impl.RoleInfo (RoleInfo.java:shutdownFollowerState(121)) - 907b9765-214b-4864-b66a-d6e2a5789e5c: shutdown FollowerState
2019-10-16 18:01:04,530 [grpc-default-executor-0] INFO  impl.RoleInfo (RoleInfo.java:shutdownFollowerState(121)) - f4c54511-b161-4347-aec5-5236dc80a0d8: shutdown FollowerState
2019-10-16 18:01:04,531 [Thread-1640] INFO  impl.FollowerState (FollowerState.java:run(117)) - 907b9765-214b-4864-b66a-d6e2a5789e5c@group-EFD1D20A002C-FollowerState was interrupted: java.lang.InterruptedException: sleep interrupted
2019-10-16 18:01:04,531 [Thread-1639] INFO  impl.FollowerState (FollowerState.java:run(117)) - f4c54511-b161-4347-aec5-5236dc80a0d8@group-EFD1D20A002C-FollowerState was interrupted: java.lang.InterruptedException: sleep interrupted
2019-10-16 18:01:04,531 [grpc-default-executor-3] INFO  impl.RoleInfo (RoleInfo.java:updateAndGet(143)) - 907b9765-214b-4864-b66a-d6e2a5789e5c: start FollowerState
2019-10-16 18:01:04,531 [grpc-default-executor-0] INFO  impl.RoleInfo (RoleInfo.java:updateAndGet(143)) - f4c54511-b161-4347-aec5-5236dc80a0d8: start FollowerState
2019-10-16 18:01:04,555 [bf55b3f9-6b09-4365-9d71-55289e083fa5@group-EFD1D20A002C-LeaderElection231] INFO  impl.LeaderElection (LeaderElection.java:logAndReturn(56)) - bf55b3f9-6b09-4365-9d71-55289e083fa5@group-EFD1D20A002C-LeaderElection231: Election REJECTED; received 2 response(s) [bf55b3f9-6b09-4365-9d71-55289e083fa5<-f4c54511-b161-4347-aec5-5236dc80a0d8#0:FAIL-t268, bf55b3f9-6b09-4365-9d71-55289e083fa5<-907b9765-214b-4864-b66a-d6e2a5789e5c#0:FAIL-t268] and 0 exception(s); bf55b3f9-6b09-4365-9d71-55289e083fa5@group-EFD1D20A002C:t268, leader=null, voted=bf55b3f9-6b09-4365-9d71-55289e083fa5, raftlog=bf55b3f9-6b09-4365-9d71-55289e083fa5@group-EFD1D20A002C-SegmentedRaftLog:OPENED:c-1,f-1,i0, conf=-1: [f4c54511-b161-4347-aec5-5236dc80a0d8:0.0.0.0:41238, 907b9765-214b-4864-b66a-d6e2a5789e5c:0.0.0.0:41650, bf55b3f9-6b09-4365-9d71-55289e083fa5:0.0.0.0:42441], old=null
2019-10-16 18:01:04,556 [bf55b3f9-6b09-4365-9d71-55289e083fa5@group-EFD1D20A002C-LeaderElection231] INFO  impl.RaftServerImpl (RaftServerImpl.java:setRole(184)) - bf55b3f9-6b09-4365-9d71-55289e083fa5@group-EFD1D20A002C: changes role from CANDIDATE to FOLLOWER at term 268 for DISCOVERED_A_NEW_TERM
2019-10-16 18:01:04,556 [bf55b3f9-6b09-4365-9d71-55289e083fa5@group-EFD1D20A002C-LeaderElection231] INFO  impl.RoleInfo (RoleInfo.java:shutdownLeaderElection(134)) - bf55b3f9-6b09-4365-9d71-55289e083fa5: shutdown LeaderElection
2019-10-16 18:01:04,556 [bf55b3f9-6b09-4365-9d71-55289e083fa5@group-EFD1D20A002C-LeaderElection231] INFO  impl.RoleInfo (RoleInfo.java:updateAndGet(143)) - bf55b3f9-6b09-4365-9d71-55289e083fa5: start FollowerState
2019-10-16 18:01:04,561 [Thread-1647] INFO  impl.FollowerState (FollowerState.java:run(108)) - bf55b3f9-6b09-4365-9d71-55289e083fa5@group-EFD1D20A002C-FollowerState: change to CANDIDATE, lastRpcTime:5ms, electionTimeout:5ms
2019-10-16 18:01:04,561 [Thread-1647] INFO  impl.RoleInfo (RoleInfo.java:shutdownFollowerState(121)) - bf55b3f9-6b09-4365-9d71-55289e083fa5: shutdown FollowerState
2019-10-16 18:01:04,562 [Thread-1647] INFO  impl.RaftServerImpl (RaftServerImpl.java:setRole(184)) - bf55b3f9-6b09-4365-9d71-55289e083fa5@group-EFD1D20A002C: changes role from  FOLLOWER to CANDIDATE at term 268 for changeToCandidate
2019-10-16 18:01:04,562 [Thread-1647] INFO  impl.RoleInfo (RoleInfo.java:updateAndGet(143)) - bf55b3f9-6b09-4365-9d71-55289e083fa5: start LeaderElection
2019-10-16 18:01:04,588 [bf55b3f9-6b09-4365-9d71-55289e083fa5@group-EFD1D20A002C-LeaderElection232] INFO  impl.LeaderElection (LeaderElection.java:askForVotes(178)) - bf55b3f9-6b09-4365-9d71-55289e083fa5@group-EFD1D20A002C-LeaderElection232: begin an election at term 269 for -1: [f4c54511-b161-4347-aec5-5236dc80a0d8:0.0.0.0:41238, 907b9765-214b-4864-b66a-d6e2a5789e5c:0.0.0.0:41650, bf55b3f9-6b09-4365-9d71-55289e083fa5:0.0.0.0:42441], old=null
2019-10-16 18:01:04,590 [grpc-default-executor-3] INFO  impl.RaftServerImpl (RaftServerImpl.java:setRole(184)) - 907b9765-214b-4864-b66a-d6e2a5789e5c@group-EFD1D20A002C: changes role from  FOLLOWER to FOLLOWER at term 269 for recognizeCandidate:bf55b3f9-6b09-4365-9d71-55289e083fa5
2019-10-16 18:01:04,590 [grpc-default-executor-0] INFO  impl.RaftServerImpl (RaftServerImpl.java:setRole(184)) - f4c54511-b161-4347-aec5-5236dc80a0d8@group-EFD1D20A002C: changes role from  FOLLOWER to FOLLOWER at term 269 for recognizeCandidate:bf55b3f9-6b09-4365-9d71-55289e083fa5
2019-10-16 18:01:04,590 [grpc-default-executor-3] INFO  impl.RoleInfo (RoleInfo.java:shutdownFollowerState(121)) - 907b9765-214b-4864-b66a-d6e2a5789e5c: shutdown FollowerState
2019-10-16 18:01:04,590 [grpc-default-executor-0] INFO  impl.RoleInfo (RoleInfo.java:shutdownFollowerState(121)) - f4c54511-b161-4347-aec5-5236dc80a0d8: shutdown FollowerState
2019-10-16 18:01:04,591 [Thread-1645] INFO  impl.FollowerState (FollowerState.java:run(117)) - 907b9765-214b-4864-b66a-d6e2a5789e5c@group-EFD1D20A002C-FollowerState was interrupted: java.lang.InterruptedException: sleep interrupted
2019-10-16 18:01:04,591 [Thread-1646] INFO  impl.FollowerState (FollowerState.java:run(117)) - f4c54511-b161-4347-aec5-5236dc80a0d8@group-EFD1D20A002C-FollowerState was interrupted: java.lang.InterruptedException: sleep interrupted
2019-10-16 18:01:04,591 [grpc-default-executor-3] INFO  impl.RoleInfo (RoleInfo.java:updateAndGet(143)) - 907b9765-214b-4864-b66a-d6e2a5789e5c: start FollowerState
2019-10-16 18:01:04,591 [grpc-default-executor-0] INFO  impl.RoleInfo (RoleInfo.java:updateAndGet(143)) - f4c54511-b161-4347-aec5-5236dc80a0d8: start FollowerState
2019-10-16 18:01:04,623 [bf55b3f9-6b09-4365-9d71-55289e083fa5@group-EFD1D20A002C-LeaderElection232] INFO  impl.LeaderElection (LeaderElection.java:logAndReturn(56)) - bf55b3f9-6b09-4365-9d71-55289e083fa5@group-EFD1D20A002C-LeaderElection232: Election REJECTED; received 2 response(s) [bf55b3f9-6b09-4365-9d71-55289e083fa5<-f4c54511-b161-4347-aec5-5236dc80a0d8#0:FAIL-t269, bf55b3f9-6b09-4365-9d71-55289e083fa5<-907b9765-214b-4864-b66a-d6e2a5789e5c#0:FAIL-t269] and 0 exception(s); bf55b3f9-6b09-4365-9d71-55289e083fa5@group-EFD1D20A002C:t269, leader=null, voted=bf55b3f9-6b09-4365-9d71-55289e083fa5, raftlog=bf55b3f9-6b09-4365-9d71-55289e083fa5@group-EFD1D20A002C-SegmentedRaftLog:OPENED:c-1,f-1,i0, conf=-1: [f4c54511-b161-4347-aec5-5236dc80a0d8:0.0.0.0:41238, 907b9765-214b-4864-b66a-d6e2a5789e5c:0.0.0.0:41650, bf55b3f9-6b09-4365-9d71-55289e083fa5:0.0.0.0:42441], old=null
2019-10-16 18:01:04,624 [bf55b3f9-6b09-4365-9d71-55289e083fa5@group-EFD1D20A002C-LeaderElection232] INFO  impl.RaftServerImpl (RaftServerImpl.java:setRole(184)) - bf55b3f9-6b09-4365-9d71-55289e083fa5@group-EFD1D20A002C: changes role from CANDIDATE to FOLLOWER at term 269 for DISCOVERED_A_NEW_TERM
2019-10-16 18:01:04,624 [bf55b3f9-6b09-4365-9d71-55289e083fa5@group-EFD1D20A002C-LeaderElection232] INFO  impl.RoleInfo (RoleInfo.java:shutdownLeaderElection(134)) - bf55b3f9-6b09-4365-9d71-55289e083fa5: shutdown LeaderElection
2019-10-16 18:01:04,624 [bf55b3f9-6b09-4365-9d71-55289e083fa5@group-EFD1D20A002C-LeaderElection232] INFO  impl.RoleInfo (RoleInfo.java:updateAndGet(143)) - bf55b3f9-6b09-4365-9d71-55289e083fa5: start FollowerState
2019-10-16 18:01:04,802 [Thread-1653] INFO  impl.FollowerState (FollowerState.java:run(108)) - bf55b3f9-6b09-4365-9d71-55289e083fa5@group-EFD1D20A002C-FollowerState: change to CANDIDATE, lastRpcTime:178ms, electionTimeout:178ms
2019-10-16 18:01:04,803 [Thread-1653] INFO  impl.RoleInfo (RoleInfo.java:shutdownFollowerState(121)) - bf55b3f9-6b09-4365-9d71-55289e083fa5: shutdown FollowerState
2019-10-16 18:01:04,804 [Thread-1653] INFO  impl.RaftServerImpl (RaftServerImpl.java:setRole(184)) - bf55b3f9-6b09-4365-9d71-55289e083fa5@group-EFD1D20A002C: changes role from  FOLLOWER to CANDIDATE at term 269 for changeToCandidate
2019-10-16 18:01:04,805 [Thread-1653] INFO  impl.RoleInfo (RoleInfo.java:updateAndGet(143)) - bf55b3f9-6b09-4365-9d71-55289e083fa5: start LeaderElection
2019-10-16 18:01:04,830 [bf55b3f9-6b09-4365-9d71-55289e083fa5@group-EFD1D20A002C-LeaderElection233] INFO  impl.LeaderElection (LeaderElection.java:askForVotes(178)) - bf55b3f9-6b09-4365-9d71-55289e083fa5@group-EFD1D20A002C-LeaderElection233: begin an election at term 270 for -1: [f4c54511-b161-4347-aec5-5236dc80a0d8:0.0.0.0:41238, 907b9765-214b-4864-b66a-d6e2a5789e5c:0.0.0.0:41650, bf55b3f9-6b09-4365-9d71-55289e083fa5:0.0.0.0:42441], old=null
2019-10-16 18:01:04,839 [grpc-default-executor-3] INFO  impl.RaftServerImpl (RaftServerImpl.java:setRole(184)) - 907b9765-214b-4864-b66a-d6e2a5789e5c@group-EFD1D20A002C: changes role from  FOLLOWER to FOLLOWER at term 270 for recognizeCandidate:bf55b3f9-6b09-4365-9d71-55289e083fa5
2019-10-16 18:01:04,839 [grpc-default-executor-0] INFO  impl.RaftServerImpl (RaftServerImpl.java:setRole(184)) - f4c54511-b161-4347-aec5-5236dc80a0d8@group-EFD1D20A002C: changes role from  FOLLOWER to FOLLOWER at term 270 for recognizeCandidate:bf55b3f9-6b09-4365-9d71-55289e083fa5
2019-10-16 18:01:04,840 [grpc-default-executor-0] INFO  impl.RoleInfo (RoleInfo.java:shutdownFollowerState(121)) - f4c54511-b161-4347-aec5-5236dc80a0d8: shutdown FollowerState
2019-10-16 18:01:04,839 [grpc-default-executor-3] INFO  impl.RoleInfo (RoleInfo.java:shutdownFollowerState(121)) - 907b9765-214b-4864-b66a-d6e2a5789e5c: shutdown FollowerState
2019-10-16 18:01:04,840 [Thread-1652] INFO  impl.FollowerState (FollowerState.java:run(117)) - f4c54511-b161-4347-aec5-5236dc80a0d8@group-EFD1D20A002C-FollowerState was interrupted: java.lang.InterruptedException: sleep interrupted
2019-10-16 18:01:04,840 [grpc-default-executor-0] INFO  impl.RoleInfo (RoleInfo.java:updateAndGet(143)) - f4c54511-b161-4347-aec5-5236dc80a0d8: start FollowerState
2019-10-16 18:01:04,840 [grpc-default-executor-3] INFO  impl.RoleInfo (RoleInfo.java:updateAndGet(143)) - 907b9765-214b-4864-b66a-d6e2a5789e5c: start FollowerState
2019-10-16 18:01:04,840 [Thread-1651] INFO  impl.FollowerState (FollowerState.java:run(117)) - 907b9765-214b-4864-b66a-d6e2a5789e5c@group-EFD1D20A002C-FollowerState was interrupted: java.lang.InterruptedException: sleep interrupted
2019-10-16 18:01:04,865 [bf55b3f9-6b09-4365-9d71-55289e083fa5@group-EFD1D20A002C-LeaderElection233] INFO  impl.LeaderElection (LeaderElection.java:logAndReturn(56)) - bf55b3f9-6b09-4365-9d71-55289e083fa5@group-EFD1D20A002C-LeaderElection233: Election REJECTED; received 2 response(s) [bf55b3f9-6b09-4365-9d71-55289e083fa5<-f4c54511-b161-4347-aec5-5236dc80a0d8#0:FAIL-t270, bf55b3f9-6b09-4365-9d71-55289e083fa5<-907b9765-214b-4864-b66a-d6e2a5789e5c#0:FAIL-t270] and 0 exception(s); bf55b3f9-6b09-4365-9d71-55289e083fa5@group-EFD1D20A002C:t270, leader=null, voted=bf55b3f9-6b09-4365-9d71-55289e083fa5, raftlog=bf55b3f9-6b09-4365-9d71-55289e083fa5@group-EFD1D20A002C-SegmentedRaftLog:OPENED:c-1,f-1,i0, conf=-1: [f4c54511-b161-4347-aec5-5236dc80a0d8:0.0.0.0:41238, 907b9765-214b-4864-b66a-d6e2a5789e5c:0.0.0.0:41650, bf55b3f9-6b09-4365-9d71-55289e083fa5:0.0.0.0:42441], old=null
2019-10-16 18:01:04,865 [bf55b3f9-6b09-4365-9d71-55289e083fa5@group-EFD1D20A002C-LeaderElection233] INFO  impl.RaftServerImpl (RaftServerImpl.java:setRole(184)) - bf55b3f9-6b09-4365-9d71-55289e083fa5@group-EFD1D20A002C: changes role from CANDIDATE to FOLLOWER at term 270 for DISCOVERED_A_NEW_TERM
2019-10-16 18:01:04,866 [bf55b3f9-6b09-4365-9d71-55289e083fa5@group-EFD1D20A002C-LeaderElection233] INFO  impl.RoleInfo (RoleInfo.java:shutdownLeaderElection(134)) - bf55b3f9-6b09-4365-9d71-55289e083fa5: shutdown LeaderElection
2019-10-16 18:01:04,866 [bf55b3f9-6b09-4365-9d71-55289e083fa5@group-EFD1D20A002C-LeaderElection233] INFO  impl.RoleInfo (RoleInfo.java:updateAndGet(143)) - bf55b3f9-6b09-4365-9d71-55289e083fa5: start FollowerState
2019-10-16 18:01:04,954 [Thread-1659] INFO  impl.FollowerState (FollowerState.java:run(108)) - bf55b3f9-6b09-4365-9d71-55289e083fa5@group-EFD1D20A002C-FollowerState: change to CANDIDATE, lastRpcTime:88ms, electionTimeout:88ms
2019-10-16 18:01:04,954 [Thread-1659] INFO  impl.RoleInfo (RoleInfo.java:shutdownFollowerState(121)) - bf55b3f9-6b09-4365-9d71-55289e083fa5: shutdown FollowerState
2019-10-16 18:01:04,954 [Thread-1659] INFO  impl.RaftServerImpl (RaftServerImpl.java:setRole(184)) - bf55b3f9-6b09-4365-9d71-55289e083fa5@group-EFD1D20A002C: changes role from  FOLLOWER to CANDIDATE at term 270 for changeToCandidate
2019-10-16 18:01:04,955 [Thread-1659] INFO  impl.RoleInfo (RoleInfo.java:updateAndGet(143)) - bf55b3f9-6b09-4365-9d71-55289e083fa5: start LeaderElection
2019-10-16 18:01:04,972 [bf55b3f9-6b09-4365-9d71-55289e083fa5@group-EFD1D20A002C-LeaderElection234] INFO  impl.LeaderElection (LeaderElection.java:askForVotes(178)) - bf55b3f9-6b09-4365-9d71-55289e083fa5@group-EFD1D20A002C-LeaderElection234: begin an election at term 271 for -1: [f4c54511-b161-4347-aec5-5236dc80a0d8:0.0.0.0:41238, 907b9765-214b-4864-b66a-d6e2a5789e5c:0.0.0.0:41650, bf55b3f9-6b09-4365-9d71-55289e083fa5:0.0.0.0:42441], old=null
2019-10-16 18:01:04,974 [grpc-default-executor-0] INFO  impl.RaftServerImpl (RaftServerImpl.java:setRole(184)) - 907b9765-214b-4864-b66a-d6e2a5789e5c@group-EFD1D20A002C: changes role from  FOLLOWER to FOLLOWER at term 271 for recognizeCandidate:bf55b3f9-6b09-4365-9d71-55289e083fa5
2019-10-16 18:01:04,974 [grpc-default-executor-0] INFO  impl.RoleInfo (RoleInfo.java:shutdownFollowerState(121)) - 907b9765-214b-4864-b66a-d6e2a5789e5c: shutdown FollowerState
2019-10-16 18:01:04,974 [grpc-default-executor-1] INFO  impl.RaftServerImpl (RaftServerImpl.java:setRole(184)) - f4c54511-b161-4347-aec5-5236dc80a0d8@group-EFD1D20A002C: changes role from  FOLLOWER to FOLLOWER at term 271 for recognizeCandidate:bf55b3f9-6b09-4365-9d71-55289e083fa5
2019-10-16 18:01:04,975 [Thread-1658] INFO  impl.FollowerState (FollowerState.java:run(117)) - 907b9765-214b-4864-b66a-d6e2a5789e5c@group-EFD1D20A002C-FollowerState was interrupted: java.lang.InterruptedException: sleep interrupted
2019-10-16 18:01:04,974 [grpc-default-executor-0] INFO  impl.RoleInfo (RoleInfo.java:updateAndGet(143)) - 907b9765-214b-4864-b66a-d6e2a5789e5c: start FollowerState
2019-10-16 18:01:04,975 [grpc-default-executor-1] INFO  impl.RoleInfo (RoleInfo.java:shutdownFollowerState(121)) - f4c54511-b161-4347-aec5-5236dc80a0d8: shutdown FollowerState
2019-10-16 18:01:04,975 [grpc-default-executor-1] INFO  impl.RoleInfo (RoleInfo.java:updateAndGet(143)) - f4c54511-b161-4347-aec5-5236dc80a0d8: start FollowerState
2019-10-16 18:01:04,975 [Thread-1657] INFO  impl.FollowerState (FollowerState.java:run(117)) - f4c54511-b161-4347-aec5-5236dc80a0d8@group-EFD1D20A002C-FollowerState was interrupted: java.lang.InterruptedException: sleep interrupted
2019-10-16 18:01:05,001 [bf55b3f9-6b09-4365-9d71-55289e083fa5@group-EFD1D20A002C-LeaderElection234] INFO  impl.LeaderElection (LeaderElection.java:logAndReturn(56)) - bf55b3f9-6b09-4365-9d71-55289e083fa5@group-EFD1D20A002C-LeaderElection234: Election TIMEOUT; received 0 response(s) [] and 0 exception(s); bf55b3f9-6b09-4365-9d71-55289e083fa5@group-EFD1D20A002C:t271, leader=null, voted=bf55b3f9-6b09-4365-9d71-55289e083fa5, raftlog=bf55b3f9-6b09-4365-9d71-55289e083fa5@group-EFD1D20A002C-SegmentedRaftLog:OPENED:c-1,f-1,i0, conf=-1: [f4c54511-b161-4347-aec5-5236dc80a0d8:0.0.0.0:41238, 907b9765-214b-4864-b66a-d6e2a5789e5c:0.0.0.0:41650, bf55b3f9-6b09-4365-9d71-55289e083fa5:0.0.0.0:42441], old=null
2019-10-16 18:01:05,027 [bf55b3f9-6b09-4365-9d71-55289e083fa5@group-EFD1D20A002C-LeaderElection234] INFO  impl.LeaderElection (LeaderElection.java:askForVotes(178)) - bf55b3f9-6b09-4365-9d71-55289e083fa5@group-EFD1D20A002C-LeaderElection234: begin an election at term 272 for -1: [f4c54511-b161-4347-aec5-5236dc80a0d8:0.0.0.0:41238, 907b9765-214b-4864-b66a-d6e2a5789e5c:0.0.0.0:41650, bf55b3f9-6b09-4365-9d71-55289e083fa5:0.0.0.0:42441], old=null
2019-10-16 18:01:05,029 [grpc-default-executor-0] INFO  impl.RaftServerImpl (RaftServerImpl.java:setRole(184)) - f4c54511-b161-4347-aec5-5236dc80a0d8@group-EFD1D20A002C: changes role from  FOLLOWER to FOLLOWER at term 272 for recognizeCandidate:bf55b3f9-6b09-4365-9d71-55289e083fa5
2019-10-16 18:01:05,029 [grpc-default-executor-0] INFO  impl.RoleInfo (RoleInfo.java:shutdownFollowerState(121)) - f4c54511-b161-4347-aec5-5236dc80a0d8: shutdown FollowerState
2019-10-16 18:01:05,029 [grpc-default-executor-0] INFO  impl.RoleInfo (RoleInfo.java:updateAndGet(143)) - f4c54511-b161-4347-aec5-5236dc80a0d8: start FollowerState
2019-10-16 18:01:05,029 [grpc-default-executor-1] INFO  impl.RaftServerImpl (RaftServerImpl.java:setRole(184)) - 907b9765-214b-4864-b66a-d6e2a5789e5c@group-EFD1D20A002C: changes role from  FOLLOWER to FOLLOWER at term 272 for recognizeCandidate:bf55b3f9-6b09-4365-9d71-55289e083fa5
2019-10-16 18:01:05,029 [Thread-1665] INFO  impl.FollowerState (FollowerState.java:run(117)) - f4c54511-b161-4347-aec5-5236dc80a0d8@group-EFD1D20A002C-FollowerState was interrupted: java.lang.InterruptedException: sleep interrupted
2019-10-16 18:01:05,029 [grpc-default-executor-1] INFO  impl.RoleInfo (RoleInfo.java:shutdownFollowerState(121)) - 907b9765-214b-4864-b66a-d6e2a5789e5c: shutdown FollowerState
2019-10-16 18:01:05,030 [grpc-default-executor-1] INFO  impl.RoleInfo (RoleInfo.java:updateAndGet(143)) - 907b9765-214b-4864-b66a-d6e2a5789e5c: start FollowerState
2019-10-16 18:01:05,030 [Thread-1664] INFO  impl.FollowerState (FollowerState.java:run(117)) - 907b9765-214b-4864-b66a-d6e2a5789e5c@group-EFD1D20A002C-FollowerState was interrupted: java.lang.InterruptedException: sleep interrupted
2019-10-16 18:01:05,062 [bf55b3f9-6b09-4365-9d71-55289e083fa5@group-EFD1D20A002C-LeaderElection234] INFO  impl.LeaderElection (LeaderElection.java:logAndReturn(56)) - bf55b3f9-6b09-4365-9d71-55289e083fa5@group-EFD1D20A002C-LeaderElection234: Election REJECTED; received 2 response(s) [bf55b3f9-6b09-4365-9d71-55289e083fa5<-f4c54511-b161-4347-aec5-5236dc80a0d8#0:FAIL-t272, bf55b3f9-6b09-4365-9d71-55289e083fa5<-907b9765-214b-4864-b66a-d6e2a5789e5c#0:FAIL-t272] and 0 exception(s); bf55b3f9-6b09-4365-9d71-55289e083fa5@group-EFD1D20A002C:t272, leader=null, voted=bf55b3f9-6b09-4365-9d71-55289e083fa5, raftlog=bf55b3f9-6b09-4365-9d71-55289e083fa5@group-EFD1D20A002C-SegmentedRaftLog:OPENED:c-1,f-1,i0, conf=-1: [f4c54511-b161-4347-aec5-5236dc80a0d8:0.0.0.0:41238, 907b9765-214b-4864-b66a-d6e2a5789e5c:0.0.0.0:41650, bf55b3f9-6b09-4365-9d71-55289e083fa5:0.0.0.0:42441], old=null
2019-10-16 18:01:05,062 [bf55b3f9-6b09-4365-9d71-55289e083fa5@group-EFD1D20A002C-LeaderElection234] INFO  impl.RaftServerImpl (RaftServerImpl.java:setRole(184)) - bf55b3f9-6b09-4365-9d71-55289e083fa5@group-EFD1D20A002C: changes role from CANDIDATE to FOLLOWER at term 272 for DISCOVERED_A_NEW_TERM
2019-10-16 18:01:05,062 [bf55b3f9-6b09-4365-9d71-55289e083fa5@group-EFD1D20A002C-LeaderElection234] INFO  impl.RoleInfo (RoleInfo.java:shutdownLeaderElection(134)) - bf55b3f9-6b09-4365-9d71-55289e083fa5: shutdown LeaderElection
2019-10-16 18:01:05,062 [bf55b3f9-6b09-4365-9d71-55289e083fa5@group-EFD1D20A002C-LeaderElection234] INFO  impl.RoleInfo (RoleInfo.java:updateAndGet(143)) - bf55b3f9-6b09-4365-9d71-55289e083fa5: start FollowerState
2019-10-16 18:01:05,199 [Thread-1671] INFO  impl.FollowerState (FollowerState.java:run(108)) - bf55b3f9-6b09-4365-9d71-55289e083fa5@group-EFD1D20A002C-FollowerState: change to CANDIDATE, lastRpcTime:136ms, electionTimeout:136ms
2019-10-16 18:01:05,199 [Thread-1671] INFO  impl.RoleInfo (RoleInfo.java:shutdownFollowerState(121)) - bf55b3f9-6b09-4365-9d71-55289e083fa5: shutdown FollowerState
2019-10-16 18:01:05,199 [Thread-1671] INFO  impl.RaftServerImpl (RaftServerImpl.java:setRole(184)) - bf55b3f9-6b09-4365-9d71-55289e083fa5@group-EFD1D20A002C: changes role from  FOLLOWER to CANDIDATE at term 272 for changeToCandidate
2019-10-16 18:01:05,199 [Thread-1671] INFO  impl.RoleInfo (RoleInfo.java:updateAndGet(143)) - bf55b3f9-6b09-4365-9d71-55289e083fa5: start LeaderElection
2019-10-16 18:01:05,262 [bf55b3f9-6b09-4365-9d71-55289e083fa5@group-EFD1D20A002C-LeaderElection235] INFO  impl.LeaderElection (LeaderElection.java:askForVotes(178)) - bf55b3f9-6b09-4365-9d71-55289e083fa5@group-EFD1D20A002C-LeaderElection235: begin an election at term 273 for -1: [f4c54511-b161-4347-aec5-5236dc80a0d8:0.0.0.0:41238, 907b9765-214b-4864-b66a-d6e2a5789e5c:0.0.0.0:41650, bf55b3f9-6b09-4365-9d71-55289e083fa5:0.0.0.0:42441], old=null
2019-10-16 18:01:05,264 [grpc-default-executor-1] INFO  impl.RaftServerImpl (RaftServerImpl.java:setRole(184)) - f4c54511-b161-4347-aec5-5236dc80a0d8@group-EFD1D20A002C: changes role from  FOLLOWER to FOLLOWER at term 273 for recognizeCandidate:bf55b3f9-6b09-4365-9d71-55289e083fa5
2019-10-16 18:01:05,264 [grpc-default-executor-1] INFO  impl.RoleInfo (RoleInfo.java:shutdownFollowerState(121)) - f4c54511-b161-4347-aec5-5236dc80a0d8: shutdown FollowerState
2019-10-16 18:01:05,264 [grpc-default-executor-0] INFO  impl.RaftServerImpl (RaftServerImpl.java:setRole(184)) - 907b9765-214b-4864-b66a-d6e2a5789e5c@group-EFD1D20A002C: changes role from  FOLLOWER to FOLLOWER at term 273 for recognizeCandidate:bf55b3f9-6b09-4365-9d71-55289e083fa5
2019-10-16 18:01:05,264 [grpc-default-executor-0] INFO  impl.RoleInfo (RoleInfo.java:shutdownFollowerState(121)) - 907b9765-214b-4864-b66a-d6e2a5789e5c: shutdown FollowerState
2019-10-16 18:01:05,265 [grpc-default-executor-0] INFO  impl.RoleInfo (RoleInfo.java:updateAndGet(143)) - 907b9765-214b-4864-b66a-d6e2a5789e5c: start FollowerState
2019-10-16 18:01:05,264 [Thread-1669] INFO  impl.FollowerState (FollowerState.java:run(117)) - f4c54511-b161-4347-aec5-5236dc80a0d8@group-EFD1D20A002C-FollowerState was interrupted: java.lang.InterruptedException: sleep interrupted
2019-10-16 18:01:05,264 [grpc-default-executor-1] INFO  impl.RoleInfo (RoleInfo.java:updateAndGet(143)) - f4c54511-b161-4347-aec5-5236dc80a0d8: start FollowerState
2019-10-16 18:01:05,265 [Thread-1670] INFO  impl.FollowerState (FollowerState.java:run(117)) - 907b9765-214b-4864-b66a-d6e2a5789e5c@group-EFD1D20A002C-FollowerState was interrupted: java.lang.InterruptedException: sleep interrupted
2019-10-16 18:01:05,288 [bf55b3f9-6b09-4365-9d71-55289e083fa5@group-EFD1D20A002C-LeaderElection235] INFO  impl.LeaderElection (LeaderElection.java:logAndReturn(56)) - bf55b3f9-6b09-4365-9d71-55289e083fa5@group-EFD1D20A002C-LeaderElection235: Election REJECTED; received 2 response(s) [bf55b3f9-6b09-4365-9d71-55289e083fa5<-f4c54511-b161-4347-aec5-5236dc80a0d8#0:FAIL-t273, bf55b3f9-6b09-4365-9d71-55289e083fa5<-907b9765-214b-4864-b66a-d6e2a5789e5c#0:FAIL-t273] and 0 exception(s); bf55b3f9-6b09-4365-9d71-55289e083fa5@group-EFD1D20A002C:t273, leader=null, voted=bf55b3f9-6b09-4365-9d71-55289e083fa5, raftlog=bf55b3f9-6b09-4365-9d71-55289e083fa5@group-EFD1D20A002C-SegmentedRaftLog:OPENED:c-1,f-1,i0, conf=-1: [f4c54511-b161-4347-aec5-5236dc80a0d8:0.0.0.0:41238, 907b9765-214b-4864-b66a-d6e2a5789e5c:0.0.0.0:41650, bf55b3f9-6b09-4365-9d71-55289e083fa5:0.0.0.0:42441], old=null
2019-10-16 18:01:05,289 [bf55b3f9-6b09-4365-9d71-55289e083fa5@group-EFD1D20A002C-LeaderElection235] INFO  impl.RaftServerImpl (RaftServerImpl.java:setRole(184)) - bf55b3f9-6b09-4365-9d71-55289e083fa5@group-EFD1D20A002C: changes role from CANDIDATE to FOLLOWER at term 273 for DISCOVERED_A_NEW_TERM
2019-10-16 18:01:05,289 [bf55b3f9-6b09-4365-9d71-55289e083fa5@group-EFD1D20A002C-LeaderElection235] INFO  impl.RoleInfo (RoleInfo.java:shutdownLeaderElection(134)) - bf55b3f9-6b09-4365-9d71-55289e083fa5: shutdown LeaderElection
2019-10-16 18:01:05,289 [bf55b3f9-6b09-4365-9d71-55289e083fa5@group-EFD1D20A002C-LeaderElection235] INFO  impl.RoleInfo (RoleInfo.java:updateAndGet(143)) - bf55b3f9-6b09-4365-9d71-55289e083fa5: start FollowerState
2019-10-16 18:01:05,464 [Thread-1677] INFO  impl.FollowerState (FollowerState.java:run(108)) - bf55b3f9-6b09-4365-9d71-55289e083fa5@group-EFD1D20A002C-FollowerState: change to CANDIDATE, lastRpcTime:175ms, electionTimeout:175ms
2019-10-16 18:01:05,464 [Thread-1677] INFO  impl.RoleInfo (RoleInfo.java:shutdownFollowerState(121)) - bf55b3f9-6b09-4365-9d71-55289e083fa5: shutdown FollowerState
2019-10-16 18:01:05,465 [Thread-1677] INFO  impl.RaftServerImpl (RaftServerImpl.java:setRole(184)) - bf55b3f9-6b09-4365-9d71-55289e083fa5@group-EFD1D20A002C: changes role from  FOLLOWER to CANDIDATE at term 273 for changeToCandidate
2019-10-16 18:01:05,465 [Thread-1677] INFO  impl.RoleInfo (RoleInfo.java:updateAndGet(143)) - bf55b3f9-6b09-4365-9d71-55289e083fa5: start LeaderElection
2019-10-16 18:01:05,516 [bf55b3f9-6b09-4365-9d71-55289e083fa5@group-EFD1D20A002C-LeaderElection236] INFO  impl.LeaderElection (LeaderElection.java:askForVotes(178)) - bf55b3f9-6b09-4365-9d71-55289e083fa5@group-EFD1D20A002C-LeaderElection236: begin an election at term 274 for -1: [f4c54511-b161-4347-aec5-5236dc80a0d8:0.0.0.0:41238, 907b9765-214b-4864-b66a-d6e2a5789e5c:0.0.0.0:41650, bf55b3f9-6b09-4365-9d71-55289e083fa5:0.0.0.0:42441], old=null
2019-10-16 18:01:05,518 [grpc-default-executor-0] INFO  impl.RaftServerImpl (RaftServerImpl.java:setRole(184)) - f4c54511-b161-4347-aec5-5236dc80a0d8@group-EFD1D20A002C: changes role from  FOLLOWER to FOLLOWER at term 274 for recognizeCandidate:bf55b3f9-6b09-4365-9d71-55289e083fa5
2019-10-16 18:01:05,519 [grpc-default-executor-1] INFO  impl.RaftServerImpl (RaftServerImpl.java:setRole(184)) - 907b9765-214b-4864-b66a-d6e2a5789e5c@group-EFD1D20A002C: changes role from  FOLLOWER to FOLLOWER at term 274 for recognizeCandidate:bf55b3f9-6b09-4365-9d71-55289e083fa5
2019-10-16 18:01:05,519 [grpc-default-executor-0] INFO  impl.RoleInfo (RoleInfo.java:shutdownFollowerState(121)) - f4c54511-b161-4347-aec5-5236dc80a0d8: shutdown FollowerState
2019-10-16 18:01:05,519 [grpc-default-executor-1] INFO  impl.RoleInfo (RoleInfo.java:shutdownFollowerState(121)) - 907b9765-214b-4864-b66a-d6e2a5789e5c: shutdown FollowerState
2019-10-16 18:01:05,519 [Thread-1675] INFO  impl.FollowerState (FollowerState.java:run(117)) - f4c54511-b161-4347-aec5-5236dc80a0d8@group-EFD1D20A002C-FollowerState was interrupted: java.lang.InterruptedException: sleep interrupted
2019-10-16 18:01:05,519 [grpc-default-executor-0] INFO  impl.RoleInfo (RoleInfo.java:updateAndGet(143)) - f4c54511-b161-4347-aec5-5236dc80a0d8: start FollowerState
2019-10-16 18:01:05,519 [Thread-1676] INFO  impl.FollowerState (FollowerState.java:run(117)) - 907b9765-214b-4864-b66a-d6e2a5789e5c@group-EFD1D20A002C-FollowerState was interrupted: java.lang.InterruptedException: sleep interrupted
2019-10-16 18:01:05,519 [grpc-default-executor-1] INFO  impl.RoleInfo (RoleInfo.java:updateAndGet(143)) - 907b9765-214b-4864-b66a-d6e2a5789e5c: start FollowerState
2019-10-16 18:01:05,551 [bf55b3f9-6b09-4365-9d71-55289e083fa5@group-EFD1D20A002C-LeaderElection236] INFO  impl.LeaderElection (LeaderElection.java:logAndReturn(56)) - bf55b3f9-6b09-4365-9d71-55289e083fa5@group-EFD1D20A002C-LeaderElection236: Election REJECTED; received 2 response(s) [bf55b3f9-6b09-4365-9d71-55289e083fa5<-f4c54511-b161-4347-aec5-5236dc80a0d8#0:FAIL-t274, bf55b3f9-6b09-4365-9d71-55289e083fa5<-907b9765-214b-4864-b66a-d6e2a5789e5c#0:FAIL-t274] and 0 exception(s); bf55b3f9-6b09-4365-9d71-55289e083fa5@group-EFD1D20A002C:t274, leader=null, voted=bf55b3f9-6b09-4365-9d71-55289e083fa5, raftlog=bf55b3f9-6b09-4365-9d71-55289e083fa5@group-EFD1D20A002C-SegmentedRaftLog:OPENED:c-1,f-1,i0, conf=-1: [f4c54511-b161-4347-aec5-5236dc80a0d8:0.0.0.0:41238, 907b9765-214b-4864-b66a-d6e2a5789e5c:0.0.0.0:41650, bf55b3f9-6b09-4365-9d71-55289e083fa5:0.0.0.0:42441], old=null
2019-10-16 18:01:05,551 [bf55b3f9-6b09-4365-9d71-55289e083fa5@group-EFD1D20A002C-LeaderElection236] INFO  impl.RaftServerImpl (RaftServerImpl.java:setRole(184)) - bf55b3f9-6b09-4365-9d71-55289e083fa5@group-EFD1D20A002C: changes role from CANDIDATE to FOLLOWER at term 274 for DISCOVERED_A_NEW_TERM
2019-10-16 18:01:05,551 [bf55b3f9-6b09-4365-9d71-55289e083fa5@group-EFD1D20A002C-LeaderElection236] INFO  impl.RoleInfo (RoleInfo.java:shutdownLeaderElection(134)) - bf55b3f9-6b09-4365-9d71-55289e083fa5: shutdown LeaderElection
2019-10-16 18:01:05,551 [bf55b3f9-6b09-4365-9d71-55289e083fa5@group-EFD1D20A002C-LeaderElection236] INFO  impl.RoleInfo (RoleInfo.java:updateAndGet(143)) - bf55b3f9-6b09-4365-9d71-55289e083fa5: start FollowerState
2019-10-16 18:01:05,604 [Thread-1683] INFO  impl.FollowerState (FollowerState.java:run(108)) - bf55b3f9-6b09-4365-9d71-55289e083fa5@group-EFD1D20A002C-FollowerState: change to CANDIDATE, lastRpcTime:52ms, electionTimeout:52ms
2019-10-16 18:01:05,604 [Thread-1683] INFO  impl.RoleInfo (RoleInfo.java:shutdownFollowerState(121)) - bf55b3f9-6b09-4365-9d71-55289e083fa5: shutdown FollowerState
2019-10-16 18:01:05,604 [Thread-1683] INFO  impl.RaftServerImpl (RaftServerImpl.java:setRole(184)) - bf55b3f9-6b09-4365-9d71-55289e083fa5@group-EFD1D20A002C: changes role from  FOLLOWER to CANDIDATE at term 274 for changeToCandidate
2019-10-16 18:01:05,604 [Thread-1683] INFO  impl.RoleInfo (RoleInfo.java:updateAndGet(143)) - bf55b3f9-6b09-4365-9d71-55289e083fa5: start LeaderElection
2019-10-16 18:01:05,634 [bf55b3f9-6b09-4365-9d71-55289e083fa5@group-EFD1D20A002C-LeaderElection237] INFO  impl.LeaderElection (LeaderElection.java:askForVotes(178)) - bf55b3f9-6b09-4365-9d71-55289e083fa5@group-EFD1D20A002C-LeaderElection237: begin an election at term 275 for -1: [f4c54511-b161-4347-aec5-5236dc80a0d8:0.0.0.0:41238, 907b9765-214b-4864-b66a-d6e2a5789e5c:0.0.0.0:41650, bf55b3f9-6b09-4365-9d71-55289e083fa5:0.0.0.0:42441], old=null
2019-10-16 18:01:05,635 [grpc-default-executor-1] INFO  impl.RaftServerImpl (RaftServerImpl.java:setRole(184)) - f4c54511-b161-4347-aec5-5236dc80a0d8@group-EFD1D20A002C: changes role from  FOLLOWER to FOLLOWER at term 275 for recognizeCandidate:bf55b3f9-6b09-4365-9d71-55289e083fa5
2019-10-16 18:01:05,636 [grpc-default-executor-1] INFO  impl.RoleInfo (RoleInfo.java:shutdownFollowerState(121)) - f4c54511-b161-4347-aec5-5236dc80a0d8: shutdown FollowerState
2019-10-16 18:01:05,636 [grpc-default-executor-1] INFO  impl.RoleInfo (RoleInfo.java:updateAndGet(143)) - f4c54511-b161-4347-aec5-5236dc80a0d8: start FollowerState
2019-10-16 18:01:05,636 [Thread-1681] INFO  impl.FollowerState (FollowerState.java:run(117)) - f4c54511-b161-4347-aec5-5236dc80a0d8@group-EFD1D20A002C-FollowerState was interrupted: java.lang.InterruptedException: sleep interrupted
2019-10-16 18:01:05,636 [grpc-default-executor-0] INFO  impl.RaftServerImpl (RaftServerImpl.java:setRole(184)) - 907b9765-214b-4864-b66a-d6e2a5789e5c@group-EFD1D20A002C: changes role from  FOLLOWER to FOLLOWER at term 275 for recognizeCandidate:bf55b3f9-6b09-4365-9d71-55289e083fa5
2019-10-16 18:01:05,636 [grpc-default-executor-0] INFO  impl.RoleInfo (RoleInfo.java:shutdownFollowerState(121)) - 907b9765-214b-4864-b66a-d6e2a5789e5c: shutdown FollowerState
2019-10-16 18:01:05,636 [grpc-default-executor-0] INFO  impl.RoleInfo (RoleInfo.java:updateAndGet(143)) - 907b9765-214b-4864-b66a-d6e2a5789e5c: start FollowerState
2019-10-16 18:01:05,636 [Thread-1682] INFO  impl.FollowerState (FollowerState.java:run(117)) - 907b9765-214b-4864-b66a-d6e2a5789e5c@group-EFD1D20A002C-FollowerState was interrupted: java.lang.InterruptedException: sleep interrupted
2019-10-16 18:01:05,660 [bf55b3f9-6b09-4365-9d71-55289e083fa5@group-EFD1D20A002C-LeaderElection237] INFO  impl.LeaderElection (LeaderElection.java:logAndReturn(56)) - bf55b3f9-6b09-4365-9d71-55289e083fa5@group-EFD1D20A002C-LeaderElection237: Election REJECTED; received 2 response(s) [bf55b3f9-6b09-4365-9d71-55289e083fa5<-f4c54511-b161-4347-aec5-5236dc80a0d8#0:FAIL-t275, bf55b3f9-6b09-4365-9d71-55289e083fa5<-907b9765-214b-4864-b66a-d6e2a5789e5c#0:FAIL-t275] and 0 exception(s); bf55b3f9-6b09-4365-9d71-55289e083fa5@group-EFD1D20A002C:t275, leader=null, voted=bf55b3f9-6b09-4365-9d71-55289e083fa5, raftlog=bf55b3f9-6b09-4365-9d71-55289e083fa5@group-EFD1D20A002C-SegmentedRaftLog:OPENED:c-1,f-1,i0, conf=-1: [f4c54511-b161-4347-aec5-5236dc80a0d8:0.0.0.0:41238, 907b9765-214b-4864-b66a-d6e2a5789e5c:0.0.0.0:41650, bf55b3f9-6b09-4365-9d71-55289e083fa5:0.0.0.0:42441], old=null
2019-10-16 18:01:05,660 [bf55b3f9-6b09-4365-9d71-55289e083fa5@group-EFD1D20A002C-LeaderElection237] INFO  impl.RaftServerImpl (RaftServerImpl.java:setRole(184)) - bf55b3f9-6b09-4365-9d71-55289e083fa5@group-EFD1D20A002C: changes role from CANDIDATE to FOLLOWER at term 275 for DISCOVERED_A_NEW_TERM
2019-10-16 18:01:05,660 [bf55b3f9-6b09-4365-9d71-55289e083fa5@group-EFD1D20A002C-LeaderElection237] INFO  impl.RoleInfo (RoleInfo.java:shutdownLeaderElection(134)) - bf55b3f9-6b09-4365-9d71-55289e083fa5: shutdown LeaderElection
2019-10-16 18:01:05,660 [bf55b3f9-6b09-4365-9d71-55289e083fa5@group-EFD1D20A002C-LeaderElection237] INFO  impl.RoleInfo (RoleInfo.java:updateAndGet(143)) - bf55b3f9-6b09-4365-9d71-55289e083fa5: start FollowerState
2019-10-16 18:01:05,774 [Thread-1689] INFO  impl.FollowerState (FollowerState.java:run(108)) - bf55b3f9-6b09-4365-9d71-55289e083fa5@group-EFD1D20A002C-FollowerState: change to CANDIDATE, lastRpcTime:113ms, electionTimeout:113ms
2019-10-16 18:01:05,774 [Thread-1689] INFO  impl.RoleInfo (RoleInfo.java:shutdownFollowerState(121)) - bf55b3f9-6b09-4365-9d71-55289e083fa5: shutdown FollowerState
2019-10-16 18:01:05,774 [Thread-1689] INFO  impl.RaftServerImpl (RaftServerImpl.java:setRole(184)) - bf55b3f9-6b09-4365-9d71-55289e083fa5@group-EFD1D20A002C: changes role from  FOLLOWER to CANDIDATE at term 275 for changeToCandidate
2019-10-16 18:01:05,775 [Thread-1689] INFO  impl.RoleInfo (RoleInfo.java:updateAndGet(143)) - bf55b3f9-6b09-4365-9d71-55289e083fa5: start LeaderElection
2019-10-16 18:01:05,802 [bf55b3f9-6b09-4365-9d71-55289e083fa5@group-EFD1D20A002C-LeaderElection238] INFO  impl.LeaderElection (LeaderElection.java:askForVotes(178)) - bf55b3f9-6b09-4365-9d71-55289e083fa5@group-EFD1D20A002C-LeaderElection238: begin an election at term 276 for -1: [f4c54511-b161-4347-aec5-5236dc80a0d8:0.0.0.0:41238, 907b9765-214b-4864-b66a-d6e2a5789e5c:0.0.0.0:41650, bf55b3f9-6b09-4365-9d71-55289e083fa5:0.0.0.0:42441], old=null
2019-10-16 18:01:05,805 [grpc-default-executor-1] INFO  impl.RaftServerImpl (RaftServerImpl.java:setRole(184)) - f4c54511-b161-4347-aec5-5236dc80a0d8@group-EFD1D20A002C: changes role from  FOLLOWER to FOLLOWER at term 276 for recognizeCandidate:bf55b3f9-6b09-4365-9d71-55289e083fa5
2019-10-16 18:01:05,805 [grpc-default-executor-1] INFO  impl.RoleInfo (RoleInfo.java:shutdownFollowerState(121)) - f4c54511-b161-4347-aec5-5236dc80a0d8: shutdown FollowerState
2019-10-16 18:01:05,805 [grpc-default-executor-1] INFO  impl.RoleInfo (RoleInfo.java:updateAndGet(143)) - f4c54511-b161-4347-aec5-5236dc80a0d8: start FollowerState
2019-10-16 18:01:05,805 [Thread-1687] INFO  impl.FollowerState (FollowerState.java:run(117)) - f4c54511-b161-4347-aec5-5236dc80a0d8@group-EFD1D20A002C-FollowerState was interrupted: java.lang.InterruptedException: sleep interrupted
2019-10-16 18:01:05,805 [grpc-default-executor-0] INFO  impl.RaftServerImpl (RaftServerImpl.java:setRole(184)) - 907b9765-214b-4864-b66a-d6e2a5789e5c@group-EFD1D20A002C: changes role from  FOLLOWER to FOLLOWER at term 276 for recognizeCandidate:bf55b3f9-6b09-4365-9d71-55289e083fa5
2019-10-16 18:01:05,805 [grpc-default-executor-0] INFO  impl.RoleInfo (RoleInfo.java:shutdownFollowerState(121)) - 907b9765-214b-4864-b66a-d6e2a5789e5c: shutdown FollowerState
2019-10-16 18:01:05,806 [grpc-default-executor-0] INFO  impl.RoleInfo (RoleInfo.java:updateAndGet(143)) - 907b9765-214b-4864-b66a-d6e2a5789e5c: start FollowerState
2019-10-16 18:01:05,806 [Thread-1688] INFO  impl.FollowerState (FollowerState.java:run(117)) - 907b9765-214b-4864-b66a-d6e2a5789e5c@group-EFD1D20A002C-FollowerState was interrupted: java.lang.InterruptedException: sleep interrupted
2019-10-16 18:01:05,829 [bf55b3f9-6b09-4365-9d71-55289e083fa5@group-EFD1D20A002C-LeaderElection238] INFO  impl.LeaderElection (LeaderElection.java:logAndReturn(56)) - bf55b3f9-6b09-4365-9d71-55289e083fa5@group-EFD1D20A002C-LeaderElection238: Election REJECTED; received 2 response(s) [bf55b3f9-6b09-4365-9d71-55289e083fa5<-f4c54511-b161-4347-aec5-5236dc80a0d8#0:FAIL-t276, bf55b3f9-6b09-4365-9d71-55289e083fa5<-907b9765-214b-4864-b66a-d6e2a5789e5c#0:FAIL-t276] and 0 exception(s); bf55b3f9-6b09-4365-9d71-55289e083fa5@group-EFD1D20A002C:t276, leader=null, voted=bf55b3f9-6b09-4365-9d71-55289e083fa5, raftlog=bf55b3f9-6b09-4365-9d71-55289e083fa5@group-EFD1D20A002C-SegmentedRaftLog:OPENED:c-1,f-1,i0, conf=-1: [f4c54511-b161-4347-aec5-5236dc80a0d8:0.0.0.0:41238, 907b9765-214b-4864-b66a-d6e2a5789e5c:0.0.0.0:41650, bf55b3f9-6b09-4365-9d71-55289e083fa5:0.0.0.0:42441], old=null
2019-10-16 18:01:05,829 [bf55b3f9-6b09-4365-9d71-55289e083fa5@group-EFD1D20A002C-LeaderElection238] INFO  impl.RaftServerImpl (RaftServerImpl.java:setRole(184)) - bf55b3f9-6b09-4365-9d71-55289e083fa5@group-EFD1D20A002C: changes role from CANDIDATE to FOLLOWER at term 276 for DISCOVERED_A_NEW_TERM
2019-10-16 18:01:05,829 [bf55b3f9-6b09-4365-9d71-55289e083fa5@group-EFD1D20A002C-LeaderElection238] INFO  impl.RoleInfo (RoleInfo.java:shutdownLeaderElection(134)) - bf55b3f9-6b09-4365-9d71-55289e083fa5: shutdown LeaderElection
2019-10-16 18:01:05,829 [bf55b3f9-6b09-4365-9d71-55289e083fa5@group-EFD1D20A002C-LeaderElection238] INFO  impl.RoleInfo (RoleInfo.java:updateAndGet(143)) - bf55b3f9-6b09-4365-9d71-55289e083fa5: start FollowerState
2019-10-16 18:01:05,917 [Thread-1695] INFO  impl.FollowerState (FollowerState.java:run(108)) - bf55b3f9-6b09-4365-9d71-55289e083fa5@group-EFD1D20A002C-FollowerState: change to CANDIDATE, lastRpcTime:87ms, electionTimeout:87ms
2019-10-16 18:01:05,917 [Thread-1695] INFO  impl.RoleInfo (RoleInfo.java:shutdownFollowerState(121)) - bf55b3f9-6b09-4365-9d71-55289e083fa5: shutdown FollowerState
2019-10-16 18:01:05,917 [Thread-1695] INFO  impl.RaftServerImpl (RaftServerImpl.java:setRole(184)) - bf55b3f9-6b09-4365-9d71-55289e083fa5@group-EFD1D20A002C: changes role from  FOLLOWER to CANDIDATE at term 276 for changeToCandidate
2019-10-16 18:01:05,917 [Thread-1695] INFO  impl.RoleInfo (RoleInfo.java:updateAndGet(143)) - bf55b3f9-6b09-4365-9d71-55289e083fa5: start LeaderElection
2019-10-16 18:01:05,945 [bf55b3f9-6b09-4365-9d71-55289e083fa5@group-EFD1D20A002C-LeaderElection239] INFO  impl.LeaderElection (LeaderElection.java:askForVotes(178)) - bf55b3f9-6b09-4365-9d71-55289e083fa5@group-EFD1D20A002C-LeaderElection239: begin an election at term 277 for -1: [f4c54511-b161-4347-aec5-5236dc80a0d8:0.0.0.0:41238, 907b9765-214b-4864-b66a-d6e2a5789e5c:0.0.0.0:41650, bf55b3f9-6b09-4365-9d71-55289e083fa5:0.0.0.0:42441], old=null
2019-10-16 18:01:05,947 [grpc-default-executor-0] INFO  impl.RaftServerImpl (RaftServerImpl.java:setRole(184)) - 907b9765-214b-4864-b66a-d6e2a5789e5c@group-EFD1D20A002C: changes role from  FOLLOWER to FOLLOWER at term 277 for recognizeCandidate:bf55b3f9-6b09-4365-9d71-55289e083fa5
2019-10-16 18:01:05,947 [grpc-default-executor-1] INFO  impl.RaftServerImpl (RaftServerImpl.java:setRole(184)) - f4c54511-b161-4347-aec5-5236dc80a0d8@group-EFD1D20A002C: changes role from  FOLLOWER to FOLLOWER at term 277 for recognizeCandidate:bf55b3f9-6b09-4365-9d71-55289e083fa5
2019-10-16 18:01:05,947 [grpc-default-executor-0] INFO  impl.RoleInfo (RoleInfo.java:shutdownFollowerState(121)) - 907b9765-214b-4864-b66a-d6e2a5789e5c: shutdown FollowerState
2019-10-16 18:01:05,947 [grpc-default-executor-1] INFO  impl.RoleInfo (RoleInfo.java:shutdownFollowerState(121)) - f4c54511-b161-4347-aec5-5236dc80a0d8: shutdown FollowerState
2019-10-16 18:01:05,948 [Thread-1694] INFO  impl.FollowerState (FollowerState.java:run(117)) - 907b9765-214b-4864-b66a-d6e2a5789e5c@group-EFD1D20A002C-FollowerState was interrupted: java.lang.InterruptedException: sleep interrupted
2019-10-16 18:01:05,948 [grpc-default-executor-0] INFO  impl.RoleInfo (RoleInfo.java:updateAndGet(143)) - 907b9765-214b-4864-b66a-d6e2a5789e5c: start FollowerState
2019-10-16 18:01:05,948 [Thread-1693] INFO  impl.FollowerState (FollowerState.java:run(117)) - f4c54511-b161-4347-aec5-5236dc80a0d8@group-EFD1D20A002C-FollowerState was interrupted: java.lang.InterruptedException: sleep interrupted
2019-10-16 18:01:05,948 [grpc-default-executor-1] INFO  impl.RoleInfo (RoleInfo.java:updateAndGet(143)) - f4c54511-b161-4347-aec5-5236dc80a0d8: start FollowerState
2019-10-16 18:01:05,971 [bf55b3f9-6b09-4365-9d71-55289e083fa5@group-EFD1D20A002C-LeaderElection239] INFO  impl.LeaderElection (LeaderElection.java:logAndReturn(56)) - bf55b3f9-6b09-4365-9d71-55289e083fa5@group-EFD1D20A002C-LeaderElection239: Election REJECTED; received 2 response(s) [bf55b3f9-6b09-4365-9d71-55289e083fa5<-f4c54511-b161-4347-aec5-5236dc80a0d8#0:FAIL-t277, bf55b3f9-6b09-4365-9d71-55289e083fa5<-907b9765-214b-4864-b66a-d6e2a5789e5c#0:FAIL-t277] and 0 exception(s); bf55b3f9-6b09-4365-9d71-55289e083fa5@group-EFD1D20A002C:t277, leader=null, voted=bf55b3f9-6b09-4365-9d71-55289e083fa5, raftlog=bf55b3f9-6b09-4365-9d71-55289e083fa5@group-EFD1D20A002C-SegmentedRaftLog:OPENED:c-1,f-1,i0, conf=-1: [f4c54511-b161-4347-aec5-5236dc80a0d8:0.0.0.0:41238, 907b9765-214b-4864-b66a-d6e2a5789e5c:0.0.0.0:41650, bf55b3f9-6b09-4365-9d71-55289e083fa5:0.0.0.0:42441], old=null
2019-10-16 18:01:05,971 [bf55b3f9-6b09-4365-9d71-55289e083fa5@group-EFD1D20A002C-LeaderElection239] INFO  impl.RaftServerImpl (RaftServerImpl.java:setRole(184)) - bf55b3f9-6b09-4365-9d71-55289e083fa5@group-EFD1D20A002C: changes role from CANDIDATE to FOLLOWER at term 277 for DISCOVERED_A_NEW_TERM
2019-10-16 18:01:05,971 [bf55b3f9-6b09-4365-9d71-55289e083fa5@group-EFD1D20A002C-LeaderElection239] INFO  impl.RoleInfo (RoleInfo.java:shutdownLeaderElection(134)) - bf55b3f9-6b09-4365-9d71-55289e083fa5: shutdown LeaderElection
2019-10-16 18:01:05,971 [bf55b3f9-6b09-4365-9d71-55289e083fa5@group-EFD1D20A002C-LeaderElection239] INFO  impl.RoleInfo (RoleInfo.java:updateAndGet(143)) - bf55b3f9-6b09-4365-9d71-55289e083fa5: start FollowerState
2019-10-16 18:01:06,135 [Thread-1701] INFO  impl.FollowerState (FollowerState.java:run(108)) - bf55b3f9-6b09-4365-9d71-55289e083fa5@group-EFD1D20A002C-FollowerState: change to CANDIDATE, lastRpcTime:163ms, electionTimeout:163ms
2019-10-16 18:01:06,135 [Thread-1701] INFO  impl.RoleInfo (RoleInfo.java:shutdownFollowerState(121)) - bf55b3f9-6b09-4365-9d71-55289e083fa5: shutdown FollowerState
2019-10-16 18:01:06,135 [Thread-1701] INFO  impl.RaftServerImpl (RaftServerImpl.java:setRole(184)) - bf55b3f9-6b09-4365-9d71-55289e083fa5@group-EFD1D20A002C: changes role from  FOLLOWER to CANDIDATE at term 277 for changeToCandidate
2019-10-16 18:01:06,136 [Thread-1701] INFO  impl.RoleInfo (RoleInfo.java:updateAndGet(143)) - bf55b3f9-6b09-4365-9d71-55289e083fa5: start LeaderElection
2019-10-16 18:01:06,163 [bf55b3f9-6b09-4365-9d71-55289e083fa5@group-EFD1D20A002C-LeaderElection240] INFO  impl.LeaderElection (LeaderElection.java:askForVotes(178)) - bf55b3f9-6b09-4365-9d71-55289e083fa5@group-EFD1D20A002C-LeaderElection240: begin an election at term 278 for -1: [f4c54511-b161-4347-aec5-5236dc80a0d8:0.0.0.0:41238, 907b9765-214b-4864-b66a-d6e2a5789e5c:0.0.0.0:41650, bf55b3f9-6b09-4365-9d71-55289e083fa5:0.0.0.0:42441], old=null
2019-10-16 18:01:06,165 [grpc-default-executor-0] INFO  impl.RaftServerImpl (RaftServerImpl.java:setRole(184)) - f4c54511-b161-4347-aec5-5236dc80a0d8@group-EFD1D20A002C: changes role from  FOLLOWER to FOLLOWER at term 278 for recognizeCandidate:bf55b3f9-6b09-4365-9d71-55289e083fa5
2019-10-16 18:01:06,165 [grpc-default-executor-1] INFO  impl.RaftServerImpl (RaftServerImpl.java:setRole(184)) - 907b9765-214b-4864-b66a-d6e2a5789e5c@group-EFD1D20A002C: changes role from  FOLLOWER to FOLLOWER at term 278 for recognizeCandidate:bf55b3f9-6b09-4365-9d71-55289e083fa5
2019-10-16 18:01:06,166 [grpc-default-executor-1] INFO  impl.RoleInfo (RoleInfo.java:shutdownFollowerState(121)) - 907b9765-214b-4864-b66a-d6e2a5789e5c: shutdown FollowerState
2019-10-16 18:01:06,165 [grpc-default-executor-0] INFO  impl.RoleInfo (RoleInfo.java:shutdownFollowerState(121)) - f4c54511-b161-4347-aec5-5236dc80a0d8: shutdown FollowerState
2019-10-16 18:01:06,166 [Thread-1699] INFO  impl.FollowerState (FollowerState.java:run(117)) - 907b9765-214b-4864-b66a-d6e2a5789e5c@group-EFD1D20A002C-FollowerState was interrupted: java.lang.InterruptedException: sleep interrupted
2019-10-16 18:01:06,166 [Thread-1700] INFO  impl.FollowerState (FollowerState.java:run(117)) - f4c54511-b161-4347-aec5-5236dc80a0d8@group-EFD1D20A002C-FollowerState was interrupted: java.lang.InterruptedException: sleep interrupted
2019-10-16 18:01:06,166 [grpc-default-executor-1] INFO  impl.RoleInfo (RoleInfo.java:updateAndGet(143)) - 907b9765-214b-4864-b66a-d6e2a5789e5c: start FollowerState
2019-10-16 18:01:06,166 [grpc-default-executor-0] INFO  impl.RoleInfo (RoleInfo.java:updateAndGet(143)) - f4c54511-b161-4347-aec5-5236dc80a0d8: start FollowerState
2019-10-16 18:01:06,190 [bf55b3f9-6b09-4365-9d71-55289e083fa5@group-EFD1D20A002C-LeaderElection240] INFO  impl.LeaderElection (LeaderElection.java:logAndReturn(56)) - bf55b3f9-6b09-4365-9d71-55289e083fa5@group-EFD1D20A002C-LeaderElection240: Election REJECTED; received 2 response(s) [bf55b3f9-6b09-4365-9d71-55289e083fa5<-f4c54511-b161-4347-aec5-5236dc80a0d8#0:FAIL-t278, bf55b3f9-6b09-4365-9d71-55289e083fa5<-907b9765-214b-4864-b66a-d6e2a5789e5c#0:FAIL-t278] and 0 exception(s); bf55b3f9-6b09-4365-9d71-55289e083fa5@group-EFD1D20A002C:t278, leader=null, voted=bf55b3f9-6b09-4365-9d71-55289e083fa5, raftlog=bf55b3f9-6b09-4365-9d71-55289e083fa5@group-EFD1D20A002C-SegmentedRaftLog:OPENED:c-1,f-1,i0, conf=-1: [f4c54511-b161-4347-aec5-5236dc80a0d8:0.0.0.0:41238, 907b9765-214b-4864-b66a-d6e2a5789e5c:0.0.0.0:41650, bf55b3f9-6b09-4365-9d71-55289e083fa5:0.0.0.0:42441], old=null
2019-10-16 18:01:06,191 [bf55b3f9-6b09-4365-9d71-55289e083fa5@group-EFD1D20A002C-LeaderElection240] INFO  impl.RaftServerImpl (RaftServerImpl.java:setRole(184)) - bf55b3f9-6b09-4365-9d71-55289e083fa5@group-EFD1D20A002C: changes role from CANDIDATE to FOLLOWER at term 278 for DISCOVERED_A_NEW_TERM
2019-10-16 18:01:06,191 [bf55b3f9-6b09-4365-9d71-55289e083fa5@group-EFD1D20A002C-LeaderElection240] INFO  impl.RoleInfo (RoleInfo.java:shutdownLeaderElection(134)) - bf55b3f9-6b09-4365-9d71-55289e083fa5: shutdown LeaderElection
2019-10-16 18:01:06,191 [bf55b3f9-6b09-4365-9d71-55289e083fa5@group-EFD1D20A002C-LeaderElection240] INFO  impl.RoleInfo (RoleInfo.java:updateAndGet(143)) - bf55b3f9-6b09-4365-9d71-55289e083fa5: start FollowerState
2019-10-16 18:01:06,288 [Thread-1709] INFO  impl.FollowerState (FollowerState.java:run(108)) - bf55b3f9-6b09-4365-9d71-55289e083fa5@group-EFD1D20A002C-FollowerState: change to CANDIDATE, lastRpcTime:96ms, electionTimeout:96ms
2019-10-16 18:01:06,288 [Thread-1709] INFO  impl.RoleInfo (RoleInfo.java:shutdownFollowerState(121)) - bf55b3f9-6b09-4365-9d71-55289e083fa5: shutdown FollowerState
2019-10-16 18:01:06,288 [Thread-1709] INFO  impl.RaftServerImpl (RaftServerImpl.java:setRole(184)) - bf55b3f9-6b09-4365-9d71-55289e083fa5@group-EFD1D20A002C: changes role from  FOLLOWER to CANDIDATE at term 278 for changeToCandidate
2019-10-16 18:01:06,288 [Thread-1709] INFO  impl.RoleInfo (RoleInfo.java:updateAndGet(143)) - bf55b3f9-6b09-4365-9d71-55289e083fa5: start LeaderElection
2019-10-16 18:01:06,311 [bf55b3f9-6b09-4365-9d71-55289e083fa5@group-EFD1D20A002C-LeaderElection241] INFO  impl.LeaderElection (LeaderElection.java:askForVotes(178)) - bf55b3f9-6b09-4365-9d71-55289e083fa5@group-EFD1D20A002C-LeaderElection241: begin an election at term 279 for -1: [f4c54511-b161-4347-aec5-5236dc80a0d8:0.0.0.0:41238, 907b9765-214b-4864-b66a-d6e2a5789e5c:0.0.0.0:41650, bf55b3f9-6b09-4365-9d71-55289e083fa5:0.0.0.0:42441], old=null
2019-10-16 18:01:06,313 [grpc-default-executor-1] INFO  impl.RaftServerImpl (RaftServerImpl.java:setRole(184)) - 907b9765-214b-4864-b66a-d6e2a5789e5c@group-EFD1D20A002C: changes role from  FOLLOWER to FOLLOWER at term 279 for recognizeCandidate:bf55b3f9-6b09-4365-9d71-55289e083fa5
2019-10-16 18:01:06,313 [grpc-default-executor-0] INFO  impl.RaftServerImpl (RaftServerImpl.java:setRole(184)) - f4c54511-b161-4347-aec5-5236dc80a0d8@group-EFD1D20A002C: changes role from  FOLLOWER to FOLLOWER at term 279 for recognizeCandidate:bf55b3f9-6b09-4365-9d71-55289e083fa5
2019-10-16 18:01:06,314 [grpc-default-executor-1] INFO  impl.RoleInfo (RoleInfo.java:shutdownFollowerState(121)) - 907b9765-214b-4864-b66a-d6e2a5789e5c: shutdown FollowerState
2019-10-16 18:01:06,314 [grpc-default-executor-0] INFO  impl.RoleInfo (RoleInfo.java:shutdownFollowerState(121)) - f4c54511-b161-4347-aec5-5236dc80a0d8: shutdown FollowerState
2019-10-16 18:01:06,314 [grpc-default-executor-1] INFO  impl.RoleInfo (RoleInfo.java:updateAndGet(143)) - 907b9765-214b-4864-b66a-d6e2a5789e5c: start FollowerState
2019-10-16 18:01:06,314 [Thread-1707] INFO  impl.FollowerState (FollowerState.java:run(117)) - 907b9765-214b-4864-b66a-d6e2a5789e5c@group-EFD1D20A002C-FollowerState was interrupted: java.lang.InterruptedException: sleep interrupted
2019-10-16 18:01:06,314 [Thread-1708] INFO  impl.FollowerState (FollowerState.java:run(117)) - f4c54511-b161-4347-aec5-5236dc80a0d8@group-EFD1D20A002C-FollowerState was interrupted: java.lang.InterruptedException: sleep interrupted
2019-10-16 18:01:06,314 [grpc-default-executor-0] INFO  impl.RoleInfo (RoleInfo.java:updateAndGet(143)) - f4c54511-b161-4347-aec5-5236dc80a0d8: start FollowerState
2019-10-16 18:01:06,339 [bf55b3f9-6b09-4365-9d71-55289e083fa5@group-EFD1D20A002C-LeaderElection241] INFO  impl.LeaderElection (LeaderElection.java:logAndReturn(56)) - bf55b3f9-6b09-4365-9d71-55289e083fa5@group-EFD1D20A002C-LeaderElection241: Election REJECTED; received 2 response(s) [bf55b3f9-6b09-4365-9d71-55289e083fa5<-f4c54511-b161-4347-aec5-5236dc80a0d8#0:FAIL-t279, bf55b3f9-6b09-4365-9d71-55289e083fa5<-907b9765-214b-4864-b66a-d6e2a5789e5c#0:FAIL-t279] and 0 exception(s); bf55b3f9-6b09-4365-9d71-55289e083fa5@group-EFD1D20A002C:t279, leader=null, voted=bf55b3f9-6b09-4365-9d71-55289e083fa5, raftlog=bf55b3f9-6b09-4365-9d71-55289e083fa5@group-EFD1D20A002C-SegmentedRaftLog:OPENED:c-1,f-1,i0, conf=-1: [f4c54511-b161-4347-aec5-5236dc80a0d8:0.0.0.0:41238, 907b9765-214b-4864-b66a-d6e2a5789e5c:0.0.0.0:41650, bf55b3f9-6b09-4365-9d71-55289e083fa5:0.0.0.0:42441], old=null
2019-10-16 18:01:06,339 [bf55b3f9-6b09-4365-9d71-55289e083fa5@group-EFD1D20A002C-LeaderElection241] INFO  impl.RaftServerImpl (RaftServerImpl.java:setRole(184)) - bf55b3f9-6b09-4365-9d71-55289e083fa5@group-EFD1D20A002C: changes role from CANDIDATE to FOLLOWER at term 279 for DISCOVERED_A_NEW_TERM
2019-10-16 18:01:06,340 [bf55b3f9-6b09-4365-9d71-55289e083fa5@group-EFD1D20A002C-LeaderElection241] INFO  impl.RoleInfo (RoleInfo.java:shutdownLeaderElection(134)) - bf55b3f9-6b09-4365-9d71-55289e083fa5: shutdown LeaderElection
2019-10-16 18:01:06,340 [bf55b3f9-6b09-4365-9d71-55289e083fa5@group-EFD1D20A002C-LeaderElection241] INFO  impl.RoleInfo (RoleInfo.java:updateAndGet(143)) - bf55b3f9-6b09-4365-9d71-55289e083fa5: start FollowerState
2019-10-16 18:01:06,510 [Thread-1715] INFO  impl.FollowerState (FollowerState.java:run(108)) - bf55b3f9-6b09-4365-9d71-55289e083fa5@group-EFD1D20A002C-FollowerState: change to CANDIDATE, lastRpcTime:170ms, electionTimeout:170ms
2019-10-16 18:01:06,510 [Thread-1715] INFO  impl.RoleInfo (RoleInfo.java:shutdownFollowerState(121)) - bf55b3f9-6b09-4365-9d71-55289e083fa5: shutdown FollowerState
2019-10-16 18:01:06,510 [Thread-1715] INFO  impl.RaftServerImpl (RaftServerImpl.java:setRole(184)) - bf55b3f9-6b09-4365-9d71-55289e083fa5@group-EFD1D20A002C: changes role from  FOLLOWER to CANDIDATE at term 279 for changeToCandidate
2019-10-16 18:01:06,511 [Thread-1715] INFO  impl.RoleInfo (RoleInfo.java:updateAndGet(143)) - bf55b3f9-6b09-4365-9d71-55289e083fa5: start LeaderElection
2019-10-16 18:01:06,551 [bf55b3f9-6b09-4365-9d71-55289e083fa5@group-EFD1D20A002C-LeaderElection242] INFO  impl.LeaderElection (LeaderElection.java:askForVotes(178)) - bf55b3f9-6b09-4365-9d71-55289e083fa5@group-EFD1D20A002C-LeaderElection242: begin an election at term 280 for -1: [f4c54511-b161-4347-aec5-5236dc80a0d8:0.0.0.0:41238, 907b9765-214b-4864-b66a-d6e2a5789e5c:0.0.0.0:41650, bf55b3f9-6b09-4365-9d71-55289e083fa5:0.0.0.0:42441], old=null
2019-10-16 18:01:06,553 [grpc-default-executor-0] INFO  impl.RaftServerImpl (RaftServerImpl.java:setRole(184)) - f4c54511-b161-4347-aec5-5236dc80a0d8@group-EFD1D20A002C: changes role from  FOLLOWER to FOLLOWER at term 280 for recognizeCandidate:bf55b3f9-6b09-4365-9d71-55289e083fa5
2019-10-16 18:01:06,554 [grpc-default-executor-0] INFO  impl.RoleInfo (RoleInfo.java:shutdownFollowerState(121)) - f4c54511-b161-4347-aec5-5236dc80a0d8: shutdown FollowerState
2019-10-16 18:01:06,554 [grpc-default-executor-0] INFO  impl.RoleInfo (RoleInfo.java:updateAndGet(143)) - f4c54511-b161-4347-aec5-5236dc80a0d8: start FollowerState
2019-10-16 18:01:06,554 [Thread-1714] INFO  impl.FollowerState (FollowerState.java:run(117)) - f4c54511-b161-4347-aec5-5236dc80a0d8@group-EFD1D20A002C-FollowerState was interrupted: java.lang.InterruptedException: sleep interrupted
2019-10-16 18:01:06,554 [grpc-default-executor-1] INFO  impl.RaftServerImpl (RaftServerImpl.java:setRole(184)) - 907b9765-214b-4864-b66a-d6e2a5789e5c@group-EFD1D20A002C: changes role from  FOLLOWER to FOLLOWER at term 280 for recognizeCandidate:bf55b3f9-6b09-4365-9d71-55289e083fa5
2019-10-16 18:01:06,554 [grpc-default-executor-1] INFO  impl.RoleInfo (RoleInfo.java:shutdownFollowerState(121)) - 907b9765-214b-4864-b66a-d6e2a5789e5c: shutdown FollowerState
2019-10-16 18:01:06,554 [grpc-default-executor-1] INFO  impl.RoleInfo (RoleInfo.java:updateAndGet(143)) - 907b9765-214b-4864-b66a-d6e2a5789e5c: start FollowerState
2019-10-16 18:01:06,554 [Thread-1713] INFO  impl.FollowerState (FollowerState.java:run(117)) - 907b9765-214b-4864-b66a-d6e2a5789e5c@group-EFD1D20A002C-FollowerState was interrupted: java.lang.InterruptedException: sleep interrupted
2019-10-16 18:01:06,578 [bf55b3f9-6b09-4365-9d71-55289e083fa5@group-EFD1D20A002C-LeaderElection242] INFO  impl.LeaderElection (LeaderElection.java:logAndReturn(56)) - bf55b3f9-6b09-4365-9d71-55289e083fa5@group-EFD1D20A002C-LeaderElection242: Election REJECTED; received 2 response(s) [bf55b3f9-6b09-4365-9d71-55289e083fa5<-f4c54511-b161-4347-aec5-5236dc80a0d8#0:FAIL-t280, bf55b3f9-6b09-4365-9d71-55289e083fa5<-907b9765-214b-4864-b66a-d6e2a5789e5c#0:FAIL-t280] and 0 exception(s); bf55b3f9-6b09-4365-9d71-55289e083fa5@group-EFD1D20A002C:t280, leader=null, voted=bf55b3f9-6b09-4365-9d71-55289e083fa5, raftlog=bf55b3f9-6b09-4365-9d71-55289e083fa5@group-EFD1D20A002C-SegmentedRaftLog:OPENED:c-1,f-1,i0, conf=-1: [f4c54511-b161-4347-aec5-5236dc80a0d8:0.0.0.0:41238, 907b9765-214b-4864-b66a-d6e2a5789e5c:0.0.0.0:41650, bf55b3f9-6b09-4365-9d71-55289e083fa5:0.0.0.0:42441], old=null
2019-10-16 18:01:06,578 [bf55b3f9-6b09-4365-9d71-55289e083fa5@group-EFD1D20A002C-LeaderElection242] INFO  impl.RaftServerImpl (RaftServerImpl.java:setRole(184)) - bf55b3f9-6b09-4365-9d71-55289e083fa5@group-EFD1D20A002C: changes role from CANDIDATE to FOLLOWER at term 280 for DISCOVERED_A_NEW_TERM
2019-10-16 18:01:06,578 [bf55b3f9-6b09-4365-9d71-55289e083fa5@group-EFD1D20A002C-LeaderElection242] INFO  impl.RoleInfo (RoleInfo.java:shutdownLeaderElection(134)) - bf55b3f9-6b09-4365-9d71-55289e083fa5: shutdown LeaderElection
2019-10-16 18:01:06,578 [bf55b3f9-6b09-4365-9d71-55289e083fa5@group-EFD1D20A002C-LeaderElection242] INFO  impl.RoleInfo (RoleInfo.java:updateAndGet(143)) - bf55b3f9-6b09-4365-9d71-55289e083fa5: start FollowerState
2019-10-16 18:01:06,615 [Thread-1721] INFO  impl.FollowerState (FollowerState.java:run(108)) - bf55b3f9-6b09-4365-9d71-55289e083fa5@group-EFD1D20A002C-FollowerState: change to CANDIDATE, lastRpcTime:37ms, electionTimeout:37ms
2019-10-16 18:01:06,616 [Thread-1721] INFO  impl.RoleInfo (RoleInfo.java:shutdownFollowerState(121)) - bf55b3f9-6b09-4365-9d71-55289e083fa5: shutdown FollowerState
2019-10-16 18:01:06,616 [Thread-1721] INFO  impl.RaftServerImpl (RaftServerImpl.java:setRole(184)) - bf55b3f9-6b09-4365-9d71-55289e083fa5@group-EFD1D20A002C: changes role from  FOLLOWER to CANDIDATE at term 280 for changeToCandidate
2019-10-16 18:01:06,616 [Thread-1721] INFO  impl.RoleInfo (RoleInfo.java:updateAndGet(143)) - bf55b3f9-6b09-4365-9d71-55289e083fa5: start LeaderElection
2019-10-16 18:01:06,644 [bf55b3f9-6b09-4365-9d71-55289e083fa5@group-EFD1D20A002C-LeaderElection243] INFO  impl.LeaderElection (LeaderElection.java:askForVotes(178)) - bf55b3f9-6b09-4365-9d71-55289e083fa5@group-EFD1D20A002C-LeaderElection243: begin an election at term 281 for -1: [f4c54511-b161-4347-aec5-5236dc80a0d8:0.0.0.0:41238, 907b9765-214b-4864-b66a-d6e2a5789e5c:0.0.0.0:41650, bf55b3f9-6b09-4365-9d71-55289e083fa5:0.0.0.0:42441], old=null
2019-10-16 18:01:06,646 [grpc-default-executor-0] INFO  impl.RaftServerImpl (RaftServerImpl.java:setRole(184)) - 907b9765-214b-4864-b66a-d6e2a5789e5c@group-EFD1D20A002C: changes role from  FOLLOWER to FOLLOWER at term 281 for recognizeCandidate:bf55b3f9-6b09-4365-9d71-55289e083fa5
2019-10-16 18:01:06,647 [grpc-default-executor-0] INFO  impl.RoleInfo (RoleInfo.java:shutdownFollowerState(121)) - 907b9765-214b-4864-b66a-d6e2a5789e5c: shutdown FollowerState
2019-10-16 18:01:06,646 [grpc-default-executor-1] INFO  impl.RaftServerImpl (RaftServerImpl.java:setRole(184)) - f4c54511-b161-4347-aec5-5236dc80a0d8@group-EFD1D20A002C: changes role from  FOLLOWER to FOLLOWER at term 281 for recognizeCandidate:bf55b3f9-6b09-4365-9d71-55289e083fa5
2019-10-16 18:01:06,647 [Thread-1720] INFO  impl.FollowerState (FollowerState.java:run(117)) - 907b9765-214b-4864-b66a-d6e2a5789e5c@group-EFD1D20A002C-FollowerState was interrupted: java.lang.InterruptedException: sleep interrupted
2019-10-16 18:01:06,647 [grpc-default-executor-0] INFO  impl.RoleInfo (RoleInfo.java:updateAndGet(143)) - 907b9765-214b-4864-b66a-d6e2a5789e5c: start FollowerState
2019-10-16 18:01:06,647 [grpc-default-executor-1] INFO  impl.RoleInfo (RoleInfo.java:shutdownFollowerState(121)) - f4c54511-b161-4347-aec5-5236dc80a0d8: shutdown FollowerState
2019-10-16 18:01:06,647 [grpc-default-executor-1] INFO  impl.RoleInfo (RoleInfo.java:updateAndGet(143)) - f4c54511-b161-4347-aec5-5236dc80a0d8: start FollowerState
2019-10-16 18:01:06,647 [Thread-1719] INFO  impl.FollowerState (FollowerState.java:run(117)) - f4c54511-b161-4347-aec5-5236dc80a0d8@group-EFD1D20A002C-FollowerState was interrupted: java.lang.InterruptedException: sleep interrupted
2019-10-16 18:01:06,662 [bf55b3f9-6b09-4365-9d71-55289e083fa5@group-EFD1D20A002C-LeaderElection243] INFO  impl.LeaderElection (LeaderElection.java:logAndReturn(56)) - bf55b3f9-6b09-4365-9d71-55289e083fa5@group-EFD1D20A002C-LeaderElection243: Election REJECTED; received 2 response(s) [bf55b3f9-6b09-4365-9d71-55289e083fa5<-f4c54511-b161-4347-aec5-5236dc80a0d8#0:FAIL-t281, bf55b3f9-6b09-4365-9d71-55289e083fa5<-907b9765-214b-4864-b66a-d6e2a5789e5c#0:FAIL-t281] and 0 exception(s); bf55b3f9-6b09-4365-9d71-55289e083fa5@group-EFD1D20A002C:t281, leader=null, voted=bf55b3f9-6b09-4365-9d71-55289e083fa5, raftlog=bf55b3f9-6b09-4365-9d71-55289e083fa5@group-EFD1D20A002C-SegmentedRaftLog:OPENED:c-1,f-1,i0, conf=-1: [f4c54511-b161-4347-aec5-5236dc80a0d8:0.0.0.0:41238, 907b9765-214b-4864-b66a-d6e2a5789e5c:0.0.0.0:41650, bf55b3f9-6b09-4365-9d71-55289e083fa5:0.0.0.0:42441], old=null
2019-10-16 18:01:06,663 [bf55b3f9-6b09-4365-9d71-55289e083fa5@group-EFD1D20A002C-LeaderElection243] INFO  impl.RaftServerImpl (RaftServerImpl.java:setRole(184)) - bf55b3f9-6b09-4365-9d71-55289e083fa5@group-EFD1D20A002C: changes role from CANDIDATE to FOLLOWER at term 281 for DISCOVERED_A_NEW_TERM
2019-10-16 18:01:06,663 [bf55b3f9-6b09-4365-9d71-55289e083fa5@group-EFD1D20A002C-LeaderElection243] INFO  impl.RoleInfo (RoleInfo.java:shutdownLeaderElection(134)) - bf55b3f9-6b09-4365-9d71-55289e083fa5: shutdown LeaderElection
2019-10-16 18:01:06,663 [bf55b3f9-6b09-4365-9d71-55289e083fa5@group-EFD1D20A002C-LeaderElection243] INFO  impl.RoleInfo (RoleInfo.java:updateAndGet(143)) - bf55b3f9-6b09-4365-9d71-55289e083fa5: start FollowerState
2019-10-16 18:01:06,762 [Thread-1727] INFO  impl.FollowerState (FollowerState.java:run(108)) - bf55b3f9-6b09-4365-9d71-55289e083fa5@group-EFD1D20A002C-FollowerState: change to CANDIDATE, lastRpcTime:99ms, electionTimeout:99ms
2019-10-16 18:01:06,762 [Thread-1727] INFO  impl.RoleInfo (RoleInfo.java:shutdownFollowerState(121)) - bf55b3f9-6b09-4365-9d71-55289e083fa5: shutdown FollowerState
2019-10-16 18:01:06,763 [Thread-1727] INFO  impl.RaftServerImpl (RaftServerImpl.java:setRole(184)) - bf55b3f9-6b09-4365-9d71-55289e083fa5@group-EFD1D20A002C: changes role from  FOLLOWER to CANDIDATE at term 281 for changeToCandidate
2019-10-16 18:01:06,763 [Thread-1727] INFO  impl.RoleInfo (RoleInfo.java:updateAndGet(143)) - bf55b3f9-6b09-4365-9d71-55289e083fa5: start LeaderElection
2019-10-16 18:01:06,796 [bf55b3f9-6b09-4365-9d71-55289e083fa5@group-EFD1D20A002C-LeaderElection244] INFO  impl.LeaderElection (LeaderElection.java:askForVotes(178)) - bf55b3f9-6b09-4365-9d71-55289e083fa5@group-EFD1D20A002C-LeaderElection244: begin an election at term 282 for -1: [f4c54511-b161-4347-aec5-5236dc80a0d8:0.0.0.0:41238, 907b9765-214b-4864-b66a-d6e2a5789e5c:0.0.0.0:41650, bf55b3f9-6b09-4365-9d71-55289e083fa5:0.0.0.0:42441], old=null
2019-10-16 18:01:06,798 [grpc-default-executor-0] INFO  impl.RaftServerImpl (RaftServerImpl.java:setRole(184)) - f4c54511-b161-4347-aec5-5236dc80a0d8@group-EFD1D20A002C: changes role from  FOLLOWER to FOLLOWER at term 282 for recognizeCandidate:bf55b3f9-6b09-4365-9d71-55289e083fa5
2019-10-16 18:01:06,798 [grpc-default-executor-1] INFO  impl.RaftServerImpl (RaftServerImpl.java:setRole(184)) - 907b9765-214b-4864-b66a-d6e2a5789e5c@group-EFD1D20A002C: changes role from  FOLLOWER to FOLLOWER at term 282 for recognizeCandidate:bf55b3f9-6b09-4365-9d71-55289e083fa5
2019-10-16 18:01:06,798 [grpc-default-executor-0] INFO  impl.RoleInfo (RoleInfo.java:shutdownFollowerState(121)) - f4c54511-b161-4347-aec5-5236dc80a0d8: shutdown FollowerState
2019-10-16 18:01:06,799 [grpc-default-executor-1] INFO  impl.RoleInfo (RoleInfo.java:shutdownFollowerState(121)) - 907b9765-214b-4864-b66a-d6e2a5789e5c: shutdown FollowerState
2019-10-16 18:01:06,799 [Thread-1726] INFO  impl.FollowerState (FollowerState.java:run(117)) - f4c54511-b161-4347-aec5-5236dc80a0d8@group-EFD1D20A002C-FollowerState was interrupted: java.lang.InterruptedException: sleep interrupted
2019-10-16 18:01:06,799 [grpc-default-executor-0] INFO  impl.RoleInfo (RoleInfo.java:updateAndGet(143)) - f4c54511-b161-4347-aec5-5236dc80a0d8: start FollowerState
2019-10-16 18:01:06,799 [Thread-1725] INFO  impl.FollowerState (FollowerState.java:run(117)) - 907b9765-214b-4864-b66a-d6e2a5789e5c@group-EFD1D20A002C-FollowerState was interrupted: java.lang.InterruptedException: sleep interrupted
2019-10-16 18:01:06,799 [grpc-default-executor-1] INFO  impl.RoleInfo (RoleInfo.java:updateAndGet(143)) - 907b9765-214b-4864-b66a-d6e2a5789e5c: start FollowerState
2019-10-16 18:01:06,822 [bf55b3f9-6b09-4365-9d71-55289e083fa5@group-EFD1D20A002C-LeaderElection244] INFO  impl.LeaderElection (LeaderElection.java:logAndReturn(56)) - bf55b3f9-6b09-4365-9d71-55289e083fa5@group-EFD1D20A002C-LeaderElection244: Election REJECTED; received 2 response(s) [bf55b3f9-6b09-4365-9d71-55289e083fa5<-f4c54511-b161-4347-aec5-5236dc80a0d8#0:FAIL-t282, bf55b3f9-6b09-4365-9d71-55289e083fa5<-907b9765-214b-4864-b66a-d6e2a5789e5c#0:FAIL-t282] and 0 exception(s); bf55b3f9-6b09-4365-9d71-55289e083fa5@group-EFD1D20A002C:t282, leader=null, voted=bf55b3f9-6b09-4365-9d71-55289e083fa5, raftlog=bf55b3f9-6b09-4365-9d71-55289e083fa5@group-EFD1D20A002C-SegmentedRaftLog:OPENED:c-1,f-1,i0, conf=-1: [f4c54511-b161-4347-aec5-5236dc80a0d8:0.0.0.0:41238, 907b9765-214b-4864-b66a-d6e2a5789e5c:0.0.0.0:41650, bf55b3f9-6b09-4365-9d71-55289e083fa5:0.0.0.0:42441], old=null
2019-10-16 18:01:06,823 [bf55b3f9-6b09-4365-9d71-55289e083fa5@group-EFD1D20A002C-LeaderElection244] INFO  impl.RaftServerImpl (RaftServerImpl.java:setRole(184)) - bf55b3f9-6b09-4365-9d71-55289e083fa5@group-EFD1D20A002C: changes role from CANDIDATE to FOLLOWER at term 282 for DISCOVERED_A_NEW_TERM
2019-10-16 18:01:06,823 [bf55b3f9-6b09-4365-9d71-55289e083fa5@group-EFD1D20A002C-LeaderElection244] INFO  impl.RoleInfo (RoleInfo.java:shutdownLeaderElection(134)) - bf55b3f9-6b09-4365-9d71-55289e083fa5: shutdown LeaderElection
2019-10-16 18:01:06,823 [bf55b3f9-6b09-4365-9d71-55289e083fa5@group-EFD1D20A002C-LeaderElection244] INFO  impl.RoleInfo (RoleInfo.java:updateAndGet(143)) - bf55b3f9-6b09-4365-9d71-55289e083fa5: start FollowerState
2019-10-16 18:01:06,872 [Thread-1733] INFO  impl.FollowerState (FollowerState.java:run(108)) - bf55b3f9-6b09-4365-9d71-55289e083fa5@group-EFD1D20A002C-FollowerState: change to CANDIDATE, lastRpcTime:49ms, electionTimeout:49ms
2019-10-16 18:01:06,873 [Thread-1733] INFO  impl.RoleInfo (RoleInfo.java:shutdownFollowerState(121)) - bf55b3f9-6b09-4365-9d71-55289e083fa5: shutdown FollowerState
2019-10-16 18:01:06,873 [Thread-1733] INFO  impl.RaftServerImpl (RaftServerImpl.java:setRole(184)) - bf55b3f9-6b09-4365-9d71-55289e083fa5@group-EFD1D20A002C: changes role from  FOLLOWER to CANDIDATE at term 282 for changeToCandidate
2019-10-16 18:01:06,873 [Thread-1733] INFO  impl.RoleInfo (RoleInfo.java:updateAndGet(143)) - bf55b3f9-6b09-4365-9d71-55289e083fa5: start LeaderElection
2019-10-16 18:01:06,897 [bf55b3f9-6b09-4365-9d71-55289e083fa5@group-EFD1D20A002C-LeaderElection245] INFO  impl.LeaderElection (LeaderElection.java:askForVotes(178)) - bf55b3f9-6b09-4365-9d71-55289e083fa5@group-EFD1D20A002C-LeaderElection245: begin an election at term 283 for -1: [f4c54511-b161-4347-aec5-5236dc80a0d8:0.0.0.0:41238, 907b9765-214b-4864-b66a-d6e2a5789e5c:0.0.0.0:41650, bf55b3f9-6b09-4365-9d71-55289e083fa5:0.0.0.0:42441], old=null
2019-10-16 18:01:06,900 [grpc-default-executor-0] INFO  impl.RaftServerImpl (RaftServerImpl.java:setRole(184)) - f4c54511-b161-4347-aec5-5236dc80a0d8@group-EFD1D20A002C: changes role from  FOLLOWER to FOLLOWER at term 283 for recognizeCandidate:bf55b3f9-6b09-4365-9d71-55289e083fa5
2019-10-16 18:01:06,900 [grpc-default-executor-0] INFO  impl.RoleInfo (RoleInfo.java:shutdownFollowerState(121)) - f4c54511-b161-4347-aec5-5236dc80a0d8: shutdown FollowerState
2019-10-16 18:01:06,900 [grpc-default-executor-0] INFO  impl.RoleInfo (RoleInfo.java:updateAndGet(143)) - f4c54511-b161-4347-aec5-5236dc80a0d8: start FollowerState
2019-10-16 18:01:06,900 [grpc-default-executor-1] INFO  impl.RaftServerImpl (RaftServerImpl.java:setRole(184)) - 907b9765-214b-4864-b66a-d6e2a5789e5c@group-EFD1D20A002C: changes role from  FOLLOWER to FOLLOWER at term 283 for recognizeCandidate:bf55b3f9-6b09-4365-9d71-55289e083fa5
2019-10-16 18:01:06,900 [Thread-1731] INFO  impl.FollowerState (FollowerState.java:run(117)) - f4c54511-b161-4347-aec5-5236dc80a0d8@group-EFD1D20A002C-FollowerState was interrupted: java.lang.InterruptedException: sleep interrupted
2019-10-16 18:01:06,900 [grpc-default-executor-1] INFO  impl.RoleInfo (RoleInfo.java:shutdownFollowerState(121)) - 907b9765-214b-4864-b66a-d6e2a5789e5c: shutdown FollowerState
2019-10-16 18:01:06,901 [grpc-default-executor-1] INFO  impl.RoleInfo (RoleInfo.java:updateAndGet(143)) - 907b9765-214b-4864-b66a-d6e2a5789e5c: start FollowerState
2019-10-16 18:01:06,901 [Thread-1732] INFO  impl.FollowerState (FollowerState.java:run(117)) - 907b9765-214b-4864-b66a-d6e2a5789e5c@group-EFD1D20A002C-FollowerState was interrupted: java.lang.InterruptedException: sleep interrupted
2019-10-16 18:01:06,923 [bf55b3f9-6b09-4365-9d71-55289e083fa5@group-EFD1D20A002C-LeaderElection245] INFO  impl.LeaderElection (LeaderElection.java:logAndReturn(56)) - bf55b3f9-6b09-4365-9d71-55289e083fa5@group-EFD1D20A002C-LeaderElection245: Election REJECTED; received 2 response(s) [bf55b3f9-6b09-4365-9d71-55289e083fa5<-f4c54511-b161-4347-aec5-5236dc80a0d8#0:FAIL-t283, bf55b3f9-6b09-4365-9d71-55289e083fa5<-907b9765-214b-4864-b66a-d6e2a5789e5c#0:FAIL-t283] and 0 exception(s); bf55b3f9-6b09-4365-9d71-55289e083fa5@group-EFD1D20A002C:t283, leader=null, voted=bf55b3f9-6b09-4365-9d71-55289e083fa5, raftlog=bf55b3f9-6b09-4365-9d71-55289e083fa5@group-EFD1D20A002C-SegmentedRaftLog:OPENED:c-1,f-1,i0, conf=-1: [f4c54511-b161-4347-aec5-5236dc80a0d8:0.0.0.0:41238, 907b9765-214b-4864-b66a-d6e2a5789e5c:0.0.0.0:41650, bf55b3f9-6b09-4365-9d71-55289e083fa5:0.0.0.0:42441], old=null
2019-10-16 18:01:06,924 [bf55b3f9-6b09-4365-9d71-55289e083fa5@group-EFD1D20A002C-LeaderElection245] INFO  impl.RaftServerImpl (RaftServerImpl.java:setRole(184)) - bf55b3f9-6b09-4365-9d71-55289e083fa5@group-EFD1D20A002C: changes role from CANDIDATE to FOLLOWER at term 283 for DISCOVERED_A_NEW_TERM
2019-10-16 18:01:06,924 [bf55b3f9-6b09-4365-9d71-55289e083fa5@group-EFD1D20A002C-LeaderElection245] INFO  impl.RoleInfo (RoleInfo.java:shutdownLeaderElection(134)) - bf55b3f9-6b09-4365-9d71-55289e083fa5: shutdown LeaderElection
2019-10-16 18:01:06,924 [bf55b3f9-6b09-4365-9d71-55289e083fa5@group-EFD1D20A002C-LeaderElection245] INFO  impl.RoleInfo (RoleInfo.java:updateAndGet(143)) - bf55b3f9-6b09-4365-9d71-55289e083fa5: start FollowerState
2019-10-16 18:01:06,982 [Thread-1739] INFO  impl.FollowerState (FollowerState.java:run(108)) - bf55b3f9-6b09-4365-9d71-55289e083fa5@group-EFD1D20A002C-FollowerState: change to CANDIDATE, lastRpcTime:58ms, electionTimeout:58ms
2019-10-16 18:01:06,982 [Thread-1739] INFO  impl.RoleInfo (RoleInfo.java:shutdownFollowerState(121)) - bf55b3f9-6b09-4365-9d71-55289e083fa5: shutdown FollowerState
2019-10-16 18:01:06,983 [Thread-1739] INFO  impl.RaftServerImpl (RaftServerImpl.java:setRole(184)) - bf55b3f9-6b09-4365-9d71-55289e083fa5@group-EFD1D20A002C: changes role from  FOLLOWER to CANDIDATE at term 283 for changeToCandidate
2019-10-16 18:01:06,983 [Thread-1739] INFO  impl.RoleInfo (RoleInfo.java:updateAndGet(143)) - bf55b3f9-6b09-4365-9d71-55289e083fa5: start LeaderElection
2019-10-16 18:01:07,008 [bf55b3f9-6b09-4365-9d71-55289e083fa5@group-EFD1D20A002C-LeaderElection246] INFO  impl.LeaderElection (LeaderElection.java:askForVotes(178)) - bf55b3f9-6b09-4365-9d71-55289e083fa5@group-EFD1D20A002C-LeaderElection246: begin an election at term 284 for -1: [f4c54511-b161-4347-aec5-5236dc80a0d8:0.0.0.0:41238, 907b9765-214b-4864-b66a-d6e2a5789e5c:0.0.0.0:41650, bf55b3f9-6b09-4365-9d71-55289e083fa5:0.0.0.0:42441], old=null
2019-10-16 18:01:07,010 [grpc-default-executor-1] INFO  impl.RaftServerImpl (RaftServerImpl.java:setRole(184)) - f4c54511-b161-4347-aec5-5236dc80a0d8@group-EFD1D20A002C: changes role from  FOLLOWER to FOLLOWER at term 284 for recognizeCandidate:bf55b3f9-6b09-4365-9d71-55289e083fa5
2019-10-16 18:01:07,010 [grpc-default-executor-0] INFO  impl.RaftServerImpl (RaftServerImpl.java:setRole(184)) - 907b9765-214b-4864-b66a-d6e2a5789e5c@group-EFD1D20A002C: changes role from  FOLLOWER to FOLLOWER at term 284 for recognizeCandidate:bf55b3f9-6b09-4365-9d71-55289e083fa5
2019-10-16 18:01:07,011 [grpc-default-executor-0] INFO  impl.RoleInfo (RoleInfo.java:shutdownFollowerState(121)) - 907b9765-214b-4864-b66a-d6e2a5789e5c: shutdown FollowerState
2019-10-16 18:01:07,011 [grpc-default-executor-0] INFO  impl.RoleInfo (RoleInfo.java:updateAndGet(143)) - 907b9765-214b-4864-b66a-d6e2a5789e5c: start FollowerState
2019-10-16 18:01:07,010 [grpc-default-executor-1] INFO  impl.RoleInfo (RoleInfo.java:shutdownFollowerState(121)) - f4c54511-b161-4347-aec5-5236dc80a0d8: shutdown FollowerState
2019-10-16 18:01:07,011 [Thread-1738] INFO  impl.FollowerState (FollowerState.java:run(117)) - 907b9765-214b-4864-b66a-d6e2a5789e5c@group-EFD1D20A002C-FollowerState was interrupted: java.lang.InterruptedException: sleep interrupted
2019-10-16 18:01:07,011 [Thread-1737] INFO  impl.FollowerState (FollowerState.java:run(117)) - f4c54511-b161-4347-aec5-5236dc80a0d8@group-EFD1D20A002C-FollowerState was interrupted: java.lang.InterruptedException: sleep interrupted
2019-10-16 18:01:07,011 [grpc-default-executor-1] INFO  impl.RoleInfo (RoleInfo.java:updateAndGet(143)) - f4c54511-b161-4347-aec5-5236dc80a0d8: start FollowerState
2019-10-16 18:01:07,035 [bf55b3f9-6b09-4365-9d71-55289e083fa5@group-EFD1D20A002C-LeaderElection246] INFO  impl.LeaderElection (LeaderElection.java:logAndReturn(56)) - bf55b3f9-6b09-4365-9d71-55289e083fa5@group-EFD1D20A002C-LeaderElection246: Election REJECTED; received 2 response(s) [bf55b3f9-6b09-4365-9d71-55289e083fa5<-f4c54511-b161-4347-aec5-5236dc80a0d8#0:FAIL-t284, bf55b3f9-6b09-4365-9d71-55289e083fa5<-907b9765-214b-4864-b66a-d6e2a5789e5c#0:FAIL-t284] and 0 exception(s); bf55b3f9-6b09-4365-9d71-55289e083fa5@group-EFD1D20A002C:t284, leader=null, voted=bf55b3f9-6b09-4365-9d71-55289e083fa5, raftlog=bf55b3f9-6b09-4365-9d71-55289e083fa5@group-EFD1D20A002C-SegmentedRaftLog:OPENED:c-1,f-1,i0, conf=-1: [f4c54511-b161-4347-aec5-5236dc80a0d8:0.0.0.0:41238, 907b9765-214b-4864-b66a-d6e2a5789e5c:0.0.0.0:41650, bf55b3f9-6b09-4365-9d71-55289e083fa5:0.0.0.0:42441], old=null
2019-10-16 18:01:07,035 [bf55b3f9-6b09-4365-9d71-55289e083fa5@group-EFD1D20A002C-LeaderElection246] INFO  impl.RaftServerImpl (RaftServerImpl.java:setRole(184)) - bf55b3f9-6b09-4365-9d71-55289e083fa5@group-EFD1D20A002C: changes role from CANDIDATE to FOLLOWER at term 284 for DISCOVERED_A_NEW_TERM
2019-10-16 18:01:07,035 [bf55b3f9-6b09-4365-9d71-55289e083fa5@group-EFD1D20A002C-LeaderElection246] INFO  impl.RoleInfo (RoleInfo.java:shutdownLeaderElection(134)) - bf55b3f9-6b09-4365-9d71-55289e083fa5: shutdown LeaderElection
2019-10-16 18:01:07,035 [bf55b3f9-6b09-4365-9d71-55289e083fa5@group-EFD1D20A002C-LeaderElection246] INFO  impl.RoleInfo (RoleInfo.java:updateAndGet(143)) - bf55b3f9-6b09-4365-9d71-55289e083fa5: start FollowerState
2019-10-16 18:01:07,109 [Thread-1747] INFO  impl.FollowerState (FollowerState.java:run(108)) - bf55b3f9-6b09-4365-9d71-55289e083fa5@group-EFD1D20A002C-FollowerState: change to CANDIDATE, lastRpcTime:74ms, electionTimeout:74ms
2019-10-16 18:01:07,110 [Thread-1747] INFO  impl.RoleInfo (RoleInfo.java:shutdownFollowerState(121)) - bf55b3f9-6b09-4365-9d71-55289e083fa5: shutdown FollowerState
2019-10-16 18:01:07,110 [Thread-1747] INFO  impl.RaftServerImpl (RaftServerImpl.java:setRole(184)) - bf55b3f9-6b09-4365-9d71-55289e083fa5@group-EFD1D20A002C: changes role from  FOLLOWER to CANDIDATE at term 284 for changeToCandidate
2019-10-16 18:01:07,110 [Thread-1747] INFO  impl.RoleInfo (RoleInfo.java:updateAndGet(143)) - bf55b3f9-6b09-4365-9d71-55289e083fa5: start LeaderElection
2019-10-16 18:01:07,135 [bf55b3f9-6b09-4365-9d71-55289e083fa5@group-EFD1D20A002C-LeaderElection247] INFO  impl.LeaderElection (LeaderElection.java:askForVotes(178)) - bf55b3f9-6b09-4365-9d71-55289e083fa5@group-EFD1D20A002C-LeaderElection247: begin an election at term 285 for -1: [f4c54511-b161-4347-aec5-5236dc80a0d8:0.0.0.0:41238, 907b9765-214b-4864-b66a-d6e2a5789e5c:0.0.0.0:41650, bf55b3f9-6b09-4365-9d71-55289e083fa5:0.0.0.0:42441], old=null
2019-10-16 18:01:07,137 [grpc-default-executor-1] INFO  impl.RaftServerImpl (RaftServerImpl.java:setRole(184)) - f4c54511-b161-4347-aec5-5236dc80a0d8@group-EFD1D20A002C: changes role from  FOLLOWER to FOLLOWER at term 285 for recognizeCandidate:bf55b3f9-6b09-4365-9d71-55289e083fa5
2019-10-16 18:01:07,137 [grpc-default-executor-0] INFO  impl.RaftServerImpl (RaftServerImpl.java:setRole(184)) - 907b9765-214b-4864-b66a-d6e2a5789e5c@group-EFD1D20A002C: changes role from  FOLLOWER to FOLLOWER at term 285 for recognizeCandidate:bf55b3f9-6b09-4365-9d71-55289e083fa5
2019-10-16 18:01:07,137 [grpc-default-executor-1] INFO  impl.RoleInfo (RoleInfo.java:shutdownFollowerState(121)) - f4c54511-b161-4347-aec5-5236dc80a0d8: shutdown FollowerState
2019-10-16 18:01:07,137 [grpc-default-executor-0] INFO  impl.RoleInfo (RoleInfo.java:shutdownFollowerState(121)) - 907b9765-214b-4864-b66a-d6e2a5789e5c: shutdown FollowerState
2019-10-16 18:01:07,137 [Thread-1746] INFO  impl.FollowerState (FollowerState.java:run(117)) - f4c54511-b161-4347-aec5-5236dc80a0d8@group-EFD1D20A002C-FollowerState was interrupted: java.lang.InterruptedException: sleep interrupted
2019-10-16 18:01:07,137 [grpc-default-executor-1] INFO  impl.RoleInfo (RoleInfo.java:updateAndGet(143)) - f4c54511-b161-4347-aec5-5236dc80a0d8: start FollowerState
2019-10-16 18:01:07,138 [Thread-1745] INFO  impl.FollowerState (FollowerState.java:run(117)) - 907b9765-214b-4864-b66a-d6e2a5789e5c@group-EFD1D20A002C-FollowerState was interrupted: java.lang.InterruptedException: sleep interrupted
2019-10-16 18:01:07,138 [grpc-default-executor-0] INFO  impl.RoleInfo (RoleInfo.java:updateAndGet(143)) - 907b9765-214b-4864-b66a-d6e2a5789e5c: start FollowerState
2019-10-16 18:01:07,161 [bf55b3f9-6b09-4365-9d71-55289e083fa5@group-EFD1D20A002C-LeaderElection247] INFO  impl.LeaderElection (LeaderElection.java:logAndReturn(56)) - bf55b3f9-6b09-4365-9d71-55289e083fa5@group-EFD1D20A002C-LeaderElection247: Election REJECTED; received 2 response(s) [bf55b3f9-6b09-4365-9d71-55289e083fa5<-f4c54511-b161-4347-aec5-5236dc80a0d8#0:FAIL-t285, bf55b3f9-6b09-4365-9d71-55289e083fa5<-907b9765-214b-4864-b66a-d6e2a5789e5c#0:FAIL-t285] and 0 exception(s); bf55b3f9-6b09-4365-9d71-55289e083fa5@group-EFD1D20A002C:t285, leader=null, voted=bf55b3f9-6b09-4365-9d71-55289e083fa5, raftlog=bf55b3f9-6b09-4365-9d71-55289e083fa5@group-EFD1D20A002C-SegmentedRaftLog:OPENED:c-1,f-1,i0, conf=-1: [f4c54511-b161-4347-aec5-5236dc80a0d8:0.0.0.0:41238, 907b9765-214b-4864-b66a-d6e2a5789e5c:0.0.0.0:41650, bf55b3f9-6b09-4365-9d71-55289e083fa5:0.0.0.0:42441], old=null
2019-10-16 18:01:07,161 [bf55b3f9-6b09-4365-9d71-55289e083fa5@group-EFD1D20A002C-LeaderElection247] INFO  impl.RaftServerImpl (RaftServerImpl.java:setRole(184)) - bf55b3f9-6b09-4365-9d71-55289e083fa5@group-EFD1D20A002C: changes role from CANDIDATE to FOLLOWER at term 285 for DISCOVERED_A_NEW_TERM
2019-10-16 18:01:07,161 [bf55b3f9-6b09-4365-9d71-55289e083fa5@group-EFD1D20A002C-LeaderElection247] INFO  impl.RoleInfo (RoleInfo.java:shutdownLeaderElection(134)) - bf55b3f9-6b09-4365-9d71-55289e083fa5: shutdown LeaderElection
2019-10-16 18:01:07,161 [bf55b3f9-6b09-4365-9d71-55289e083fa5@group-EFD1D20A002C-LeaderElection247] INFO  impl.RoleInfo (RoleInfo.java:updateAndGet(143)) - bf55b3f9-6b09-4365-9d71-55289e083fa5: start FollowerState
2019-10-16 18:01:07,280 [Thread-1753] INFO  impl.FollowerState (FollowerState.java:run(108)) - bf55b3f9-6b09-4365-9d71-55289e083fa5@group-EFD1D20A002C-FollowerState: change to CANDIDATE, lastRpcTime:119ms, electionTimeout:119ms
2019-10-16 18:01:07,281 [Thread-1753] INFO  impl.RoleInfo (RoleInfo.java:shutdownFollowerState(121)) - bf55b3f9-6b09-4365-9d71-55289e083fa5: shutdown FollowerState
2019-10-16 18:01:07,281 [Thread-1753] INFO  impl.RaftServerImpl (RaftServerImpl.java:setRole(184)) - bf55b3f9-6b09-4365-9d71-55289e083fa5@group-EFD1D20A002C: changes role from  FOLLOWER to CANDIDATE at term 285 for changeToCandidate
2019-10-16 18:01:07,281 [Thread-1753] INFO  impl.RoleInfo (RoleInfo.java:updateAndGet(143)) - bf55b3f9-6b09-4365-9d71-55289e083fa5: start LeaderElection
2019-10-16 18:01:07,310 [bf55b3f9-6b09-4365-9d71-55289e083fa5@group-EFD1D20A002C-LeaderElection248] INFO  impl.LeaderElection (LeaderElection.java:askForVotes(178)) - bf55b3f9-6b09-4365-9d71-55289e083fa5@group-EFD1D20A002C-LeaderElection248: begin an election at term 286 for -1: [f4c54511-b161-4347-aec5-5236dc80a0d8:0.0.0.0:41238, 907b9765-214b-4864-b66a-d6e2a5789e5c:0.0.0.0:41650, bf55b3f9-6b09-4365-9d71-55289e083fa5:0.0.0.0:42441], old=null
2019-10-16 18:01:07,312 [grpc-default-executor-1] INFO  impl.RaftServerImpl (RaftServerImpl.java:setRole(184)) - f4c54511-b161-4347-aec5-5236dc80a0d8@group-EFD1D20A002C: changes role from  FOLLOWER to FOLLOWER at term 286 for recognizeCandidate:bf55b3f9-6b09-4365-9d71-55289e083fa5
2019-10-16 18:01:07,312 [grpc-default-executor-0] INFO  impl.RaftServerImpl (RaftServerImpl.java:setRole(184)) - 907b9765-214b-4864-b66a-d6e2a5789e5c@group-EFD1D20A002C: changes role from  FOLLOWER to FOLLOWER at term 286 for recognizeCandidate:bf55b3f9-6b09-4365-9d71-55289e083fa5
2019-10-16 18:01:07,313 [grpc-default-executor-1] INFO  impl.RoleInfo (RoleInfo.java:shutdownFollowerState(121)) - f4c54511-b161-4347-aec5-5236dc80a0d8: shutdown FollowerState
2019-10-16 18:01:07,313 [grpc-default-executor-0] INFO  impl.RoleInfo (RoleInfo.java:shutdownFollowerState(121)) - 907b9765-214b-4864-b66a-d6e2a5789e5c: shutdown FollowerState
2019-10-16 18:01:07,313 [Thread-1751] INFO  impl.FollowerState (FollowerState.java:run(117)) - f4c54511-b161-4347-aec5-5236dc80a0d8@group-EFD1D20A002C-FollowerState was interrupted: java.lang.InterruptedException: sleep interrupted
2019-10-16 18:01:07,313 [grpc-default-executor-1] INFO  impl.RoleInfo (RoleInfo.java:updateAndGet(143)) - f4c54511-b161-4347-aec5-5236dc80a0d8: start FollowerState
2019-10-16 18:01:07,313 [Thread-1752] INFO  impl.FollowerState (FollowerState.java:run(117)) - 907b9765-214b-4864-b66a-d6e2a5789e5c@group-EFD1D20A002C-FollowerState was interrupted: java.lang.InterruptedException: sleep interrupted
2019-10-16 18:01:07,313 [grpc-default-executor-0] INFO  impl.RoleInfo (RoleInfo.java:updateAndGet(143)) - 907b9765-214b-4864-b66a-d6e2a5789e5c: start FollowerState
2019-10-16 18:01:07,337 [bf55b3f9-6b09-4365-9d71-55289e083fa5@group-EFD1D20A002C-LeaderElection248] INFO  impl.LeaderElection (LeaderElection.java:logAndReturn(56)) - bf55b3f9-6b09-4365-9d71-55289e083fa5@group-EFD1D20A002C-LeaderElection248: Election REJECTED; received 2 response(s) [bf55b3f9-6b09-4365-9d71-55289e083fa5<-f4c54511-b161-4347-aec5-5236dc80a0d8#0:FAIL-t286, bf55b3f9-6b09-4365-9d71-55289e083fa5<-907b9765-214b-4864-b66a-d6e2a5789e5c#0:FAIL-t286] and 0 exception(s); bf55b3f9-6b09-4365-9d71-55289e083fa5@group-EFD1D20A002C:t286, leader=null, voted=bf55b3f9-6b09-4365-9d71-55289e083fa5, raftlog=bf55b3f9-6b09-4365-9d71-55289e083fa5@group-EFD1D20A002C-SegmentedRaftLog:OPENED:c-1,f-1,i0, conf=-1: [f4c54511-b161-4347-aec5-5236dc80a0d8:0.0.0.0:41238, 907b9765-214b-4864-b66a-d6e2a5789e5c:0.0.0.0:41650, bf55b3f9-6b09-4365-9d71-55289e083fa5:0.0.0.0:42441], old=null
2019-10-16 18:01:07,337 [bf55b3f9-6b09-4365-9d71-55289e083fa5@group-EFD1D20A002C-LeaderElection248] INFO  impl.RaftServerImpl (RaftServerImpl.java:setRole(184)) - bf55b3f9-6b09-4365-9d71-55289e083fa5@group-EFD1D20A002C: changes role from CANDIDATE to FOLLOWER at term 286 for DISCOVERED_A_NEW_TERM
2019-10-16 18:01:07,337 [bf55b3f9-6b09-4365-9d71-55289e083fa5@group-EFD1D20A002C-LeaderElection248] INFO  impl.RoleInfo (RoleInfo.java:shutdownLeaderElection(134)) - bf55b3f9-6b09-4365-9d71-55289e083fa5: shutdown LeaderElection
2019-10-16 18:01:07,337 [bf55b3f9-6b09-4365-9d71-55289e083fa5@group-EFD1D20A002C-LeaderElection248] INFO  impl.RoleInfo (RoleInfo.java:updateAndGet(143)) - bf55b3f9-6b09-4365-9d71-55289e083fa5: start FollowerState
2019-10-16 18:01:07,525 [Thread-1759] INFO  impl.FollowerState (FollowerState.java:run(108)) - bf55b3f9-6b09-4365-9d71-55289e083fa5@group-EFD1D20A002C-FollowerState: change to CANDIDATE, lastRpcTime:188ms, electionTimeout:188ms
2019-10-16 18:01:07,526 [Thread-1759] INFO  impl.RoleInfo (RoleInfo.java:shutdownFollowerState(121)) - bf55b3f9-6b09-4365-9d71-55289e083fa5: shutdown FollowerState
2019-10-16 18:01:07,526 [Thread-1759] INFO  impl.RaftServerImpl (RaftServerImpl.java:setRole(184)) - bf55b3f9-6b09-4365-9d71-55289e083fa5@group-EFD1D20A002C: changes role from  FOLLOWER to CANDIDATE at term 286 for changeToCandidate
2019-10-16 18:01:07,526 [Thread-1759] INFO  impl.RoleInfo (RoleInfo.java:updateAndGet(143)) - bf55b3f9-6b09-4365-9d71-55289e083fa5: start LeaderElection
2019-10-16 18:01:07,554 [bf55b3f9-6b09-4365-9d71-55289e083fa5@group-EFD1D20A002C-LeaderElection249] INFO  impl.LeaderElection (LeaderElection.java:askForVotes(178)) - bf55b3f9-6b09-4365-9d71-55289e083fa5@group-EFD1D20A002C-LeaderElection249: begin an election at term 287 for -1: [f4c54511-b161-4347-aec5-5236dc80a0d8:0.0.0.0:41238, 907b9765-214b-4864-b66a-d6e2a5789e5c:0.0.0.0:41650, bf55b3f9-6b09-4365-9d71-55289e083fa5:0.0.0.0:42441], old=null
2019-10-16 18:01:07,557 [grpc-default-executor-0] INFO  impl.RaftServerImpl (RaftServerImpl.java:setRole(184)) - 907b9765-214b-4864-b66a-d6e2a5789e5c@group-EFD1D20A002C: changes role from  FOLLOWER to FOLLOWER at term 287 for recognizeCandidate:bf55b3f9-6b09-4365-9d71-55289e083fa5
2019-10-16 18:01:07,557 [grpc-default-executor-1] INFO  impl.RaftServerImpl (RaftServerImpl.java:setRole(184)) - f4c54511-b161-4347-aec5-5236dc80a0d8@group-EFD1D20A002C: changes role from  FOLLOWER to FOLLOWER at term 287 for recognizeCandidate:bf55b3f9-6b09-4365-9d71-55289e083fa5
2019-10-16 18:01:07,557 [grpc-default-executor-0] INFO  impl.RoleInfo (RoleInfo.java:shutdownFollowerState(121)) - 907b9765-214b-4864-b66a-d6e2a5789e5c: shutdown FollowerState
2019-10-16 18:01:07,557 [grpc-default-executor-1] INFO  impl.RoleInfo (RoleInfo.java:shutdownFollowerState(121)) - f4c54511-b161-4347-aec5-5236dc80a0d8: shutdown FollowerState
2019-10-16 18:01:07,558 [grpc-default-executor-1] INFO  impl.RoleInfo (RoleInfo.java:updateAndGet(143)) - f4c54511-b161-4347-aec5-5236dc80a0d8: start FollowerState
2019-10-16 18:01:07,557 [Thread-1758] INFO  impl.FollowerState (FollowerState.java:run(117)) - 907b9765-214b-4864-b66a-d6e2a5789e5c@group-EFD1D20A002C-FollowerState was interrupted: java.lang.InterruptedException: sleep interrupted
2019-10-16 18:01:07,557 [grpc-default-executor-0] INFO  impl.RoleInfo (RoleInfo.java:updateAndGet(143)) - 907b9765-214b-4864-b66a-d6e2a5789e5c: start FollowerState
2019-10-16 18:01:07,558 [Thread-1757] INFO  impl.FollowerState (FollowerState.java:run(117)) - f4c54511-b161-4347-aec5-5236dc80a0d8@group-EFD1D20A002C-FollowerState was interrupted: java.lang.InterruptedException: sleep interrupted
2019-10-16 18:01:07,580 [bf55b3f9-6b09-4365-9d71-55289e083fa5@group-EFD1D20A002C-LeaderElection249] INFO  impl.LeaderElection (LeaderElection.java:logAndReturn(56)) - bf55b3f9-6b09-4365-9d71-55289e083fa5@group-EFD1D20A002C-LeaderElection249: Election REJECTED; received 2 response(s) [bf55b3f9-6b09-4365-9d71-55289e083fa5<-f4c54511-b161-4347-aec5-5236dc80a0d8#0:FAIL-t287, bf55b3f9-6b09-4365-9d71-55289e083fa5<-907b9765-214b-4864-b66a-d6e2a5789e5c#0:FAIL-t287] and 0 exception(s); bf55b3f9-6b09-4365-9d71-55289e083fa5@group-EFD1D20A002C:t287, leader=null, voted=bf55b3f9-6b09-4365-9d71-55289e083fa5, raftlog=bf55b3f9-6b09-4365-9d71-55289e083fa5@group-EFD1D20A002C-SegmentedRaftLog:OPENED:c-1,f-1,i0, conf=-1: [f4c54511-b161-4347-aec5-5236dc80a0d8:0.0.0.0:41238, 907b9765-214b-4864-b66a-d6e2a5789e5c:0.0.0.0:41650, bf55b3f9-6b09-4365-9d71-55289e083fa5:0.0.0.0:42441], old=null
2019-10-16 18:01:07,581 [bf55b3f9-6b09-4365-9d71-55289e083fa5@group-EFD1D20A002C-LeaderElection249] INFO  impl.RaftServerImpl (RaftServerImpl.java:setRole(184)) - bf55b3f9-6b09-4365-9d71-55289e083fa5@group-EFD1D20A002C: changes role from CANDIDATE to FOLLOWER at term 287 for DISCOVERED_A_NEW_TERM
2019-10-16 18:01:07,581 [bf55b3f9-6b09-4365-9d71-55289e083fa5@group-EFD1D20A002C-LeaderElection249] INFO  impl.RoleInfo (RoleInfo.java:shutdownLeaderElection(134)) - bf55b3f9-6b09-4365-9d71-55289e083fa5: shutdown LeaderElection
2019-10-16 18:01:07,581 [bf55b3f9-6b09-4365-9d71-55289e083fa5@group-EFD1D20A002C-LeaderElection249] INFO  impl.RoleInfo (RoleInfo.java:updateAndGet(143)) - bf55b3f9-6b09-4365-9d71-55289e083fa5: start FollowerState
2019-10-16 18:01:07,695 [Thread-1765] INFO  impl.FollowerState (FollowerState.java:run(108)) - bf55b3f9-6b09-4365-9d71-55289e083fa5@group-EFD1D20A002C-FollowerState: change to CANDIDATE, lastRpcTime:114ms, electionTimeout:114ms
2019-10-16 18:01:07,695 [Thread-1765] INFO  impl.RoleInfo (RoleInfo.java:shutdownFollowerState(121)) - bf55b3f9-6b09-4365-9d71-55289e083fa5: shutdown FollowerState
2019-10-16 18:01:07,695 [Thread-1765] INFO  impl.RaftServerImpl (RaftServerImpl.java:setRole(184)) - bf55b3f9-6b09-4365-9d71-55289e083fa5@group-EFD1D20A002C: changes role from  FOLLOWER to CANDIDATE at term 287 for changeToCandidate
2019-10-16 18:01:07,696 [Thread-1765] INFO  impl.RoleInfo (RoleInfo.java:updateAndGet(143)) - bf55b3f9-6b09-4365-9d71-55289e083fa5: start LeaderElection
2019-10-16 18:01:07,723 [bf55b3f9-6b09-4365-9d71-55289e083fa5@group-EFD1D20A002C-LeaderElection250] INFO  impl.LeaderElection (LeaderElection.java:askForVotes(178)) - bf55b3f9-6b09-4365-9d71-55289e083fa5@group-EFD1D20A002C-LeaderElection250: begin an election at term 288 for -1: [f4c54511-b161-4347-aec5-5236dc80a0d8:0.0.0.0:41238, 907b9765-214b-4864-b66a-d6e2a5789e5c:0.0.0.0:41650, bf55b3f9-6b09-4365-9d71-55289e083fa5:0.0.0.0:42441], old=null
2019-10-16 18:01:07,725 [grpc-default-executor-0] INFO  impl.RaftServerImpl (RaftServerImpl.java:setRole(184)) - f4c54511-b161-4347-aec5-5236dc80a0d8@group-EFD1D20A002C: changes role from  FOLLOWER to FOLLOWER at term 288 for recognizeCandidate:bf55b3f9-6b09-4365-9d71-55289e083fa5
2019-10-16 18:01:07,725 [grpc-default-executor-0] INFO  impl.RoleInfo (RoleInfo.java:shutdownFollowerState(121)) - f4c54511-b161-4347-aec5-5236dc80a0d8: shutdown FollowerState
2019-10-16 18:01:07,725 [grpc-default-executor-0] INFO  impl.RoleInfo (RoleInfo.java:updateAndGet(143)) - f4c54511-b161-4347-aec5-5236dc80a0d8: start FollowerState
2019-10-16 18:01:07,725 [Thread-1764] INFO  impl.FollowerState (FollowerState.java:run(117)) - f4c54511-b161-4347-aec5-5236dc80a0d8@group-EFD1D20A002C-FollowerState was interrupted: java.lang.InterruptedException: sleep interrupted
2019-10-16 18:01:07,725 [grpc-default-executor-1] INFO  impl.RaftServerImpl (RaftServerImpl.java:setRole(184)) - 907b9765-214b-4864-b66a-d6e2a5789e5c@group-EFD1D20A002C: changes role from  FOLLOWER to FOLLOWER at term 288 for recognizeCandidate:bf55b3f9-6b09-4365-9d71-55289e083fa5
2019-10-16 18:01:07,726 [grpc-default-executor-1] INFO  impl.RoleInfo (RoleInfo.java:shutdownFollowerState(121)) - 907b9765-214b-4864-b66a-d6e2a5789e5c: shutdown FollowerState
2019-10-16 18:01:07,726 [grpc-default-executor-1] INFO  impl.RoleInfo (RoleInfo.java:updateAndGet(143)) - 907b9765-214b-4864-b66a-d6e2a5789e5c: start FollowerState
2019-10-16 18:01:07,726 [Thread-1763] INFO  impl.FollowerState (FollowerState.java:run(117)) - 907b9765-214b-4864-b66a-d6e2a5789e5c@group-EFD1D20A002C-FollowerState was interrupted: java.lang.InterruptedException: sleep interrupted
2019-10-16 18:01:07,749 [bf55b3f9-6b09-4365-9d71-55289e083fa5@group-EFD1D20A002C-LeaderElection250] INFO  impl.LeaderElection (LeaderElection.java:logAndReturn(56)) - bf55b3f9-6b09-4365-9d71-55289e083fa5@group-EFD1D20A002C-LeaderElection250: Election REJECTED; received 2 response(s) [bf55b3f9-6b09-4365-9d71-55289e083fa5<-f4c54511-b161-4347-aec5-5236dc80a0d8#0:FAIL-t288, bf55b3f9-6b09-4365-9d71-55289e083fa5<-907b9765-214b-4864-b66a-d6e2a5789e5c#0:FAIL-t288] and 0 exception(s); bf55b3f9-6b09-4365-9d71-55289e083fa5@group-EFD1D20A002C:t288, leader=null, voted=bf55b3f9-6b09-4365-9d71-55289e083fa5, raftlog=bf55b3f9-6b09-4365-9d71-55289e083fa5@group-EFD1D20A002C-SegmentedRaftLog:OPENED:c-1,f-1,i0, conf=-1: [f4c54511-b161-4347-aec5-5236dc80a0d8:0.0.0.0:41238, 907b9765-214b-4864-b66a-d6e2a5789e5c:0.0.0.0:41650, bf55b3f9-6b09-4365-9d71-55289e083fa5:0.0.0.0:42441], old=null
2019-10-16 18:01:07,749 [bf55b3f9-6b09-4365-9d71-55289e083fa5@group-EFD1D20A002C-LeaderElection250] INFO  impl.RaftServerImpl (RaftServerImpl.java:setRole(184)) - bf55b3f9-6b09-4365-9d71-55289e083fa5@group-EFD1D20A002C: changes role from CANDIDATE to FOLLOWER at term 288 for DISCOVERED_A_NEW_TERM
2019-10-16 18:01:07,749 [bf55b3f9-6b09-4365-9d71-55289e083fa5@group-EFD1D20A002C-LeaderElection250] INFO  impl.RoleInfo (RoleInfo.java:shutdownLeaderElection(134)) - bf55b3f9-6b09-4365-9d71-55289e083fa5: shutdown LeaderElection
2019-10-16 18:01:07,749 [bf55b3f9-6b09-4365-9d71-55289e083fa5@group-EFD1D20A002C-LeaderElection250] INFO  impl.RoleInfo (RoleInfo.java:updateAndGet(143)) - bf55b3f9-6b09-4365-9d71-55289e083fa5: start FollowerState
2019-10-16 18:01:07,870 [Thread-1771] INFO  impl.FollowerState (FollowerState.java:run(108)) - bf55b3f9-6b09-4365-9d71-55289e083fa5@group-EFD1D20A002C-FollowerState: change to CANDIDATE, lastRpcTime:120ms, electionTimeout:120ms
2019-10-16 18:01:07,870 [Thread-1771] INFO  impl.RoleInfo (RoleInfo.java:shutdownFollowerState(121)) - bf55b3f9-6b09-4365-9d71-55289e083fa5: shutdown FollowerState
2019-10-16 18:01:07,870 [Thread-1771] INFO  impl.RaftServerImpl (RaftServerImpl.java:setRole(184)) - bf55b3f9-6b09-4365-9d71-55289e083fa5@group-EFD1D20A002C: changes role from  FOLLOWER to CANDIDATE at term 288 for changeToCandidate
2019-10-16 18:01:07,870 [Thread-1771] INFO  impl.RoleInfo (RoleInfo.java:updateAndGet(143)) - bf55b3f9-6b09-4365-9d71-55289e083fa5: start LeaderElection
2019-10-16 18:01:07,901 [bf55b3f9-6b09-4365-9d71-55289e083fa5@group-EFD1D20A002C-LeaderElection251] INFO  impl.LeaderElection (LeaderElection.java:askForVotes(178)) - bf55b3f9-6b09-4365-9d71-55289e083fa5@group-EFD1D20A002C-LeaderElection251: begin an election at term 289 for -1: [f4c54511-b161-4347-aec5-5236dc80a0d8:0.0.0.0:41238, 907b9765-214b-4864-b66a-d6e2a5789e5c:0.0.0.0:41650, bf55b3f9-6b09-4365-9d71-55289e083fa5:0.0.0.0:42441], old=null
2019-10-16 18:01:07,903 [grpc-default-executor-0] INFO  impl.RaftServerImpl (RaftServerImpl.java:setRole(184)) - f4c54511-b161-4347-aec5-5236dc80a0d8@group-EFD1D20A002C: changes role from  FOLLOWER to FOLLOWER at term 289 for recognizeCandidate:bf55b3f9-6b09-4365-9d71-55289e083fa5
2019-10-16 18:01:07,904 [grpc-default-executor-0] INFO  impl.RoleInfo (RoleInfo.java:shutdownFollowerState(121)) - f4c54511-b161-4347-aec5-5236dc80a0d8: shutdown FollowerState
2019-10-16 18:01:07,904 [grpc-default-executor-1] INFO  impl.RaftServerImpl (RaftServerImpl.java:setRole(184)) - 907b9765-214b-4864-b66a-d6e2a5789e5c@group-EFD1D20A002C: changes role from  FOLLOWER to FOLLOWER at term 289 for recognizeCandidate:bf55b3f9-6b09-4365-9d71-55289e083fa5
2019-10-16 18:01:07,904 [Thread-1769] INFO  impl.FollowerState (FollowerState.java:run(117)) - f4c54511-b161-4347-aec5-5236dc80a0d8@group-EFD1D20A002C-FollowerState was interrupted: java.lang.InterruptedException: sleep interrupted
2019-10-16 18:01:07,904 [grpc-default-executor-0] INFO  impl.RoleInfo (RoleInfo.java:updateAndGet(143)) - f4c54511-b161-4347-aec5-5236dc80a0d8: start FollowerState
2019-10-16 18:01:07,904 [grpc-default-executor-1] INFO  impl.RoleInfo (RoleInfo.java:shutdownFollowerState(121)) - 907b9765-214b-4864-b66a-d6e2a5789e5c: shutdown FollowerState
2019-10-16 18:01:07,905 [grpc-default-executor-1] INFO  impl.RoleInfo (RoleInfo.java:updateAndGet(143)) - 907b9765-214b-4864-b66a-d6e2a5789e5c: start FollowerState
2019-10-16 18:01:07,905 [Thread-1770] INFO  impl.FollowerState (FollowerState.java:run(117)) - 907b9765-214b-4864-b66a-d6e2a5789e5c@group-EFD1D20A002C-FollowerState was interrupted: java.lang.InterruptedException: sleep interrupted
2019-10-16 18:01:07,927 [bf55b3f9-6b09-4365-9d71-55289e083fa5@group-EFD1D20A002C-LeaderElection251] INFO  impl.LeaderElection (LeaderElection.java:logAndReturn(56)) - bf55b3f9-6b09-4365-9d71-55289e083fa5@group-EFD1D20A002C-LeaderElection251: Election REJECTED; received 2 response(s) [bf55b3f9-6b09-4365-9d71-55289e083fa5<-f4c54511-b161-4347-aec5-5236dc80a0d8#0:FAIL-t289, bf55b3f9-6b09-4365-9d71-55289e083fa5<-907b9765-214b-4864-b66a-d6e2a5789e5c#0:FAIL-t289] and 0 exception(s); bf55b3f9-6b09-4365-9d71-55289e083fa5@group-EFD1D20A002C:t289, leader=null, voted=bf55b3f9-6b09-4365-9d71-55289e083fa5, raftlog=bf55b3f9-6b09-4365-9d71-55289e083fa5@group-EFD1D20A002C-SegmentedRaftLog:OPENED:c-1,f-1,i0, conf=-1: [f4c54511-b161-4347-aec5-5236dc80a0d8:0.0.0.0:41238, 907b9765-214b-4864-b66a-d6e2a5789e5c:0.0.0.0:41650, bf55b3f9-6b09-4365-9d71-55289e083fa5:0.0.0.0:42441], old=null
2019-10-16 18:01:07,928 [bf55b3f9-6b09-4365-9d71-55289e083fa5@group-EFD1D20A002C-LeaderElection251] INFO  impl.RaftServerImpl (RaftServerImpl.java:setRole(184)) - bf55b3f9-6b09-4365-9d71-55289e083fa5@group-EFD1D20A002C: changes role from CANDIDATE to FOLLOWER at term 289 for DISCOVERED_A_NEW_TERM
2019-10-16 18:01:07,928 [bf55b3f9-6b09-4365-9d71-55289e083fa5@group-EFD1D20A002C-LeaderElection251] INFO  impl.RoleInfo (RoleInfo.java:shutdownLeaderElection(134)) - bf55b3f9-6b09-4365-9d71-55289e083fa5: shutdown LeaderElection
2019-10-16 18:01:07,928 [bf55b3f9-6b09-4365-9d71-55289e083fa5@group-EFD1D20A002C-LeaderElection251] INFO  impl.RoleInfo (RoleInfo.java:updateAndGet(143)) - bf55b3f9-6b09-4365-9d71-55289e083fa5: start FollowerState
2019-10-16 18:01:07,945 [Thread-1777] INFO  impl.FollowerState (FollowerState.java:run(108)) - bf55b3f9-6b09-4365-9d71-55289e083fa5@group-EFD1D20A002C-FollowerState: change to CANDIDATE, lastRpcTime:17ms, electionTimeout:17ms
2019-10-16 18:01:07,946 [Thread-1777] INFO  impl.RoleInfo (RoleInfo.java:shutdownFollowerState(121)) - bf55b3f9-6b09-4365-9d71-55289e083fa5: shutdown FollowerState
2019-10-16 18:01:07,946 [Thread-1777] INFO  impl.RaftServerImpl (RaftServerImpl.java:setRole(184)) - bf55b3f9-6b09-4365-9d71-55289e083fa5@group-EFD1D20A002C: changes role from  FOLLOWER to CANDIDATE at term 289 for changeToCandidate
2019-10-16 18:01:07,946 [Thread-1777] INFO  impl.RoleInfo (RoleInfo.java:updateAndGet(143)) - bf55b3f9-6b09-4365-9d71-55289e083fa5: start LeaderElection
2019-10-16 18:01:07,969 [bf55b3f9-6b09-4365-9d71-55289e083fa5@group-EFD1D20A002C-LeaderElection252] INFO  impl.LeaderElection (LeaderElection.java:askForVotes(178)) - bf55b3f9-6b09-4365-9d71-55289e083fa5@group-EFD1D20A002C-LeaderElection252: begin an election at term 290 for -1: [f4c54511-b161-4347-aec5-5236dc80a0d8:0.0.0.0:41238, 907b9765-214b-4864-b66a-d6e2a5789e5c:0.0.0.0:41650, bf55b3f9-6b09-4365-9d71-55289e083fa5:0.0.0.0:42441], old=null
2019-10-16 18:01:07,971 [grpc-default-executor-1] INFO  impl.RaftServerImpl (RaftServerImpl.java:setRole(184)) - f4c54511-b161-4347-aec5-5236dc80a0d8@group-EFD1D20A002C: changes role from  FOLLOWER to FOLLOWER at term 290 for recognizeCandidate:bf55b3f9-6b09-4365-9d71-55289e083fa5
2019-10-16 18:01:07,971 [grpc-default-executor-1] INFO  impl.RoleInfo (RoleInfo.java:shutdownFollowerState(121)) - f4c54511-b161-4347-aec5-5236dc80a0d8: shutdown FollowerState
2019-10-16 18:01:07,971 [grpc-default-executor-1] INFO  impl.RoleInfo (RoleInfo.java:updateAndGet(143)) - f4c54511-b161-4347-aec5-5236dc80a0d8: start FollowerState
2019-10-16 18:01:07,971 [grpc-default-executor-0] INFO  impl.RaftServerImpl (RaftServerImpl.java:setRole(184)) - 907b9765-214b-4864-b66a-d6e2a5789e5c@group-EFD1D20A002C: changes role from  FOLLOWER to FOLLOWER at term 290 for recognizeCandidate:bf55b3f9-6b09-4365-9d71-55289e083fa5
2019-10-16 18:01:07,971 [grpc-default-executor-0] INFO  impl.RoleInfo (RoleInfo.java:shutdownFollowerState(121)) - 907b9765-214b-4864-b66a-d6e2a5789e5c: shutdown FollowerState
2019-10-16 18:01:07,971 [Thread-1775] INFO  impl.FollowerState (FollowerState.java:run(117)) - f4c54511-b161-4347-aec5-5236dc80a0d8@group-EFD1D20A002C-FollowerState was interrupted: java.lang.InterruptedException: sleep interrupted
2019-10-16 18:01:07,971 [Thread-1776] INFO  impl.FollowerState (FollowerState.java:run(117)) - 907b9765-214b-4864-b66a-d6e2a5789e5c@group-EFD1D20A002C-FollowerState was interrupted: java.lang.InterruptedException: sleep interrupted
2019-10-16 18:01:07,971 [grpc-default-executor-0] INFO  impl.RoleInfo (RoleInfo.java:updateAndGet(143)) - 907b9765-214b-4864-b66a-d6e2a5789e5c: start FollowerState
2019-10-16 18:01:07,995 [bf55b3f9-6b09-4365-9d71-55289e083fa5@group-EFD1D20A002C-LeaderElection252] INFO  impl.LeaderElection (LeaderElection.java:logAndReturn(56)) - bf55b3f9-6b09-4365-9d71-55289e083fa5@group-EFD1D20A002C-LeaderElection252: Election REJECTED; received 2 response(s) [bf55b3f9-6b09-4365-9d71-55289e083fa5<-f4c54511-b161-4347-aec5-5236dc80a0d8#0:FAIL-t290, bf55b3f9-6b09-4365-9d71-55289e083fa5<-907b9765-214b-4864-b66a-d6e2a5789e5c#0:FAIL-t290] and 0 exception(s); bf55b3f9-6b09-4365-9d71-55289e083fa5@group-EFD1D20A002C:t290, leader=null, voted=bf55b3f9-6b09-4365-9d71-55289e083fa5, raftlog=bf55b3f9-6b09-4365-9d71-55289e083fa5@group-EFD1D20A002C-SegmentedRaftLog:OPENED:c-1,f-1,i0, conf=-1: [f4c54511-b161-4347-aec5-5236dc80a0d8:0.0.0.0:41238, 907b9765-214b-4864-b66a-d6e2a5789e5c:0.0.0.0:41650, bf55b3f9-6b09-4365-9d71-55289e083fa5:0.0.0.0:42441], old=null
2019-10-16 18:01:07,995 [bf55b3f9-6b09-4365-9d71-55289e083fa5@group-EFD1D20A002C-LeaderElection252] INFO  impl.RaftServerImpl (RaftServerImpl.java:setRole(184)) - bf55b3f9-6b09-4365-9d71-55289e083fa5@group-EFD1D20A002C: changes role from CANDIDATE to FOLLOWER at term 290 for DISCOVERED_A_NEW_TERM
2019-10-16 18:01:07,995 [bf55b3f9-6b09-4365-9d71-55289e083fa5@group-EFD1D20A002C-LeaderElection252] INFO  impl.RoleInfo (RoleInfo.java:shutdownLeaderElection(134)) - bf55b3f9-6b09-4365-9d71-55289e083fa5: shutdown LeaderElection
2019-10-16 18:01:07,995 [bf55b3f9-6b09-4365-9d71-55289e083fa5@group-EFD1D20A002C-LeaderElection252] INFO  impl.RoleInfo (RoleInfo.java:updateAndGet(143)) - bf55b3f9-6b09-4365-9d71-55289e083fa5: start FollowerState
2019-10-16 18:01:08,126 [Thread-1783] INFO  impl.FollowerState (FollowerState.java:run(108)) - bf55b3f9-6b09-4365-9d71-55289e083fa5@group-EFD1D20A002C-FollowerState: change to CANDIDATE, lastRpcTime:130ms, electionTimeout:130ms
2019-10-16 18:01:08,126 [Thread-1783] INFO  impl.RoleInfo (RoleInfo.java:shutdownFollowerState(121)) - bf55b3f9-6b09-4365-9d71-55289e083fa5: shutdown FollowerState
2019-10-16 18:01:08,126 [Thread-1783] INFO  impl.RaftServerImpl (RaftServerImpl.java:setRole(184)) - bf55b3f9-6b09-4365-9d71-55289e083fa5@group-EFD1D20A002C: changes role from  FOLLOWER to CANDIDATE at term 290 for changeToCandidate
2019-10-16 18:01:08,127 [Thread-1783] INFO  impl.RoleInfo (RoleInfo.java:updateAndGet(143)) - bf55b3f9-6b09-4365-9d71-55289e083fa5: start LeaderElection
2019-10-16 18:01:08,154 [bf55b3f9-6b09-4365-9d71-55289e083fa5@group-EFD1D20A002C-LeaderElection253] INFO  impl.LeaderElection (LeaderElection.java:askForVotes(178)) - bf55b3f9-6b09-4365-9d71-55289e083fa5@group-EFD1D20A002C-LeaderElection253: begin an election at term 291 for -1: [f4c54511-b161-4347-aec5-5236dc80a0d8:0.0.0.0:41238, 907b9765-214b-4864-b66a-d6e2a5789e5c:0.0.0.0:41650, bf55b3f9-6b09-4365-9d71-55289e083fa5:0.0.0.0:42441], old=null
2019-10-16 18:01:08,156 [grpc-default-executor-0] INFO  impl.RaftServerImpl (RaftServerImpl.java:setRole(184)) - f4c54511-b161-4347-aec5-5236dc80a0d8@group-EFD1D20A002C: changes role from  FOLLOWER to FOLLOWER at term 291 for recognizeCandidate:bf55b3f9-6b09-4365-9d71-55289e083fa5
2019-10-16 18:01:08,156 [grpc-default-executor-1] INFO  impl.RaftServerImpl (RaftServerImpl.java:setRole(184)) - 907b9765-214b-4864-b66a-d6e2a5789e5c@group-EFD1D20A002C: changes role from  FOLLOWER to FOLLOWER at term 291 for recognizeCandidate:bf55b3f9-6b09-4365-9d71-55289e083fa5
2019-10-16 18:01:08,156 [grpc-default-executor-0] INFO  impl.RoleInfo (RoleInfo.java:shutdownFollowerState(121)) - f4c54511-b161-4347-aec5-5236dc80a0d8: shutdown FollowerState
2019-10-16 18:01:08,156 [grpc-default-executor-1] INFO  impl.RoleInfo (RoleInfo.java:shutdownFollowerState(121)) - 907b9765-214b-4864-b66a-d6e2a5789e5c: shutdown FollowerState
2019-10-16 18:01:08,157 [Thread-1781] INFO  impl.FollowerState (FollowerState.java:run(117)) - f4c54511-b161-4347-aec5-5236dc80a0d8@group-EFD1D20A002C-FollowerState was interrupted: java.lang.InterruptedException: sleep interrupted
2019-10-16 18:01:08,157 [grpc-default-executor-0] INFO  impl.RoleInfo (RoleInfo.java:updateAndGet(143)) - f4c54511-b161-4347-aec5-5236dc80a0d8: start FollowerState
2019-10-16 18:01:08,157 [Thread-1782] INFO  impl.FollowerState (FollowerState.java:run(117)) - 907b9765-214b-4864-b66a-d6e2a5789e5c@group-EFD1D20A002C-FollowerState was interrupted: java.lang.InterruptedException: sleep interrupted
2019-10-16 18:01:08,157 [grpc-default-executor-1] INFO  impl.RoleInfo (RoleInfo.java:updateAndGet(143)) - 907b9765-214b-4864-b66a-d6e2a5789e5c: start FollowerState
2019-10-16 18:01:08,189 [bf55b3f9-6b09-4365-9d71-55289e083fa5@group-EFD1D20A002C-LeaderElection253] INFO  impl.LeaderElection (LeaderElection.java:logAndReturn(56)) - bf55b3f9-6b09-4365-9d71-55289e083fa5@group-EFD1D20A002C-LeaderElection253: Election REJECTED; received 2 response(s) [bf55b3f9-6b09-4365-9d71-55289e083fa5<-f4c54511-b161-4347-aec5-5236dc80a0d8#0:FAIL-t291, bf55b3f9-6b09-4365-9d71-55289e083fa5<-907b9765-214b-4864-b66a-d6e2a5789e5c#0:FAIL-t291] and 0 exception(s); bf55b3f9-6b09-4365-9d71-55289e083fa5@group-EFD1D20A002C:t291, leader=null, voted=bf55b3f9-6b09-4365-9d71-55289e083fa5, raftlog=bf55b3f9-6b09-4365-9d71-55289e083fa5@group-EFD1D20A002C-SegmentedRaftLog:OPENED:c-1,f-1,i0, conf=-1: [f4c54511-b161-4347-aec5-5236dc80a0d8:0.0.0.0:41238, 907b9765-214b-4864-b66a-d6e2a5789e5c:0.0.0.0:41650, bf55b3f9-6b09-4365-9d71-55289e083fa5:0.0.0.0:42441], old=null
2019-10-16 18:01:08,189 [bf55b3f9-6b09-4365-9d71-55289e083fa5@group-EFD1D20A002C-LeaderElection253] INFO  impl.RaftServerImpl (RaftServerImpl.java:setRole(184)) - bf55b3f9-6b09-4365-9d71-55289e083fa5@group-EFD1D20A002C: changes role from CANDIDATE to FOLLOWER at term 291 for DISCOVERED_A_NEW_TERM
2019-10-16 18:01:08,189 [bf55b3f9-6b09-4365-9d71-55289e083fa5@group-EFD1D20A002C-LeaderElection253] INFO  impl.RoleInfo (RoleInfo.java:shutdownLeaderElection(134)) - bf55b3f9-6b09-4365-9d71-55289e083fa5: shutdown LeaderElection
2019-10-16 18:01:08,189 [bf55b3f9-6b09-4365-9d71-55289e083fa5@group-EFD1D20A002C-LeaderElection253] INFO  impl.RoleInfo (RoleInfo.java:updateAndGet(143)) - bf55b3f9-6b09-4365-9d71-55289e083fa5: start FollowerState
2019-10-16 18:01:08,357 [Thread-1791] INFO  impl.FollowerState (FollowerState.java:run(108)) - bf55b3f9-6b09-4365-9d71-55289e083fa5@group-EFD1D20A002C-FollowerState: change to CANDIDATE, lastRpcTime:167ms, electionTimeout:167ms
2019-10-16 18:01:08,357 [Thread-1791] INFO  impl.RoleInfo (RoleInfo.java:shutdownFollowerState(121)) - bf55b3f9-6b09-4365-9d71-55289e083fa5: shutdown FollowerState
2019-10-16 18:01:08,357 [Thread-1791] INFO  impl.RaftServerImpl (RaftServerImpl.java:setRole(184)) - bf55b3f9-6b09-4365-9d71-55289e083fa5@group-EFD1D20A002C: changes role from  FOLLOWER to CANDIDATE at term 291 for changeToCandidate
2019-10-16 18:01:08,357 [Thread-1791] INFO  impl.RoleInfo (RoleInfo.java:updateAndGet(143)) - bf55b3f9-6b09-4365-9d71-55289e083fa5: start LeaderElection
2019-10-16 18:01:08,381 [bf55b3f9-6b09-4365-9d71-55289e083fa5@group-EFD1D20A002C-LeaderElection254] INFO  impl.LeaderElection (LeaderElection.java:askForVotes(178)) - bf55b3f9-6b09-4365-9d71-55289e083fa5@group-EFD1D20A002C-LeaderElection254: begin an election at term 292 for -1: [f4c54511-b161-4347-aec5-5236dc80a0d8:0.0.0.0:41238, 907b9765-214b-4864-b66a-d6e2a5789e5c:0.0.0.0:41650, bf55b3f9-6b09-4365-9d71-55289e083fa5:0.0.0.0:42441], old=null
2019-10-16 18:01:08,384 [grpc-default-executor-1] INFO  impl.RaftServerImpl (RaftServerImpl.java:setRole(184)) - 907b9765-214b-4864-b66a-d6e2a5789e5c@group-EFD1D20A002C: changes role from  FOLLOWER to FOLLOWER at term 292 for recognizeCandidate:bf55b3f9-6b09-4365-9d71-55289e083fa5
2019-10-16 18:01:08,384 [grpc-default-executor-0] INFO  impl.RaftServerImpl (RaftServerImpl.java:setRole(184)) - f4c54511-b161-4347-aec5-5236dc80a0d8@group-EFD1D20A002C: changes role from  FOLLOWER to FOLLOWER at term 292 for recognizeCandidate:bf55b3f9-6b09-4365-9d71-55289e083fa5
2019-10-16 18:01:08,385 [grpc-default-executor-1] INFO  impl.RoleInfo (RoleInfo.java:shutdownFollowerState(121)) - 907b9765-214b-4864-b66a-d6e2a5789e5c: shutdown FollowerState
2019-10-16 18:01:08,385 [grpc-default-executor-0] INFO  impl.RoleInfo (RoleInfo.java:shutdownFollowerState(121)) - f4c54511-b161-4347-aec5-5236dc80a0d8: shutdown FollowerState
2019-10-16 18:01:08,385 [Thread-1790] INFO  impl.FollowerState (FollowerState.java:run(117)) - 907b9765-214b-4864-b66a-d6e2a5789e5c@group-EFD1D20A002C-FollowerState was interrupted: java.lang.InterruptedException: sleep interrupted
2019-10-16 18:01:08,385 [grpc-default-executor-1] INFO  impl.RoleInfo (RoleInfo.java:updateAndGet(143)) - 907b9765-214b-4864-b66a-d6e2a5789e5c: start FollowerState
2019-10-16 18:01:08,385 [Thread-1789] INFO  impl.FollowerState (FollowerState.java:run(117)) - f4c54511-b161-4347-aec5-5236dc80a0d8@group-EFD1D20A002C-FollowerState was interrupted: java.lang.InterruptedException: sleep interrupted
2019-10-16 18:01:08,385 [grpc-default-executor-0] INFO  impl.RoleInfo (RoleInfo.java:updateAndGet(143)) - f4c54511-b161-4347-aec5-5236dc80a0d8: start FollowerState
2019-10-16 18:01:08,416 [bf55b3f9-6b09-4365-9d71-55289e083fa5@group-EFD1D20A002C-LeaderElection254] INFO  impl.LeaderElection (LeaderElection.java:logAndReturn(56)) - bf55b3f9-6b09-4365-9d71-55289e083fa5@group-EFD1D20A002C-LeaderElection254: Election REJECTED; received 2 response(s) [bf55b3f9-6b09-4365-9d71-55289e083fa5<-f4c54511-b161-4347-aec5-5236dc80a0d8#0:FAIL-t292, bf55b3f9-6b09-4365-9d71-55289e083fa5<-907b9765-214b-4864-b66a-d6e2a5789e5c#0:FAIL-t292] and 0 exception(s); bf55b3f9-6b09-4365-9d71-55289e083fa5@group-EFD1D20A002C:t292, leader=null, voted=bf55b3f9-6b09-4365-9d71-55289e083fa5, raftlog=bf55b3f9-6b09-4365-9d71-55289e083fa5@group-EFD1D20A002C-SegmentedRaftLog:OPENED:c-1,f-1,i0, conf=-1: [f4c54511-b161-4347-aec5-5236dc80a0d8:0.0.0.0:41238, 907b9765-214b-4864-b66a-d6e2a5789e5c:0.0.0.0:41650, bf55b3f9-6b09-4365-9d71-55289e083fa5:0.0.0.0:42441], old=null
2019-10-16 18:01:08,417 [bf55b3f9-6b09-4365-9d71-55289e083fa5@group-EFD1D20A002C-LeaderElection254] INFO  impl.RaftServerImpl (RaftServerImpl.java:setRole(184)) - bf55b3f9-6b09-4365-9d71-55289e083fa5@group-EFD1D20A002C: changes role from CANDIDATE to FOLLOWER at term 292 for DISCOVERED_A_NEW_TERM
2019-10-16 18:01:08,417 [bf55b3f9-6b09-4365-9d71-55289e083fa5@group-EFD1D20A002C-LeaderElection254] INFO  impl.RoleInfo (RoleInfo.java:shutdownLeaderElection(134)) - bf55b3f9-6b09-4365-9d71-55289e083fa5: shutdown LeaderElection
2019-10-16 18:01:08,417 [bf55b3f9-6b09-4365-9d71-55289e083fa5@group-EFD1D20A002C-LeaderElection254] INFO  impl.RoleInfo (RoleInfo.java:updateAndGet(143)) - bf55b3f9-6b09-4365-9d71-55289e083fa5: start FollowerState
2019-10-16 18:01:08,485 [Thread-1797] INFO  impl.FollowerState (FollowerState.java:run(108)) - bf55b3f9-6b09-4365-9d71-55289e083fa5@group-EFD1D20A002C-FollowerState: change to CANDIDATE, lastRpcTime:68ms, electionTimeout:68ms
2019-10-16 18:01:08,485 [Thread-1797] INFO  impl.RoleInfo (RoleInfo.java:shutdownFollowerState(121)) - bf55b3f9-6b09-4365-9d71-55289e083fa5: shutdown FollowerState
2019-10-16 18:01:08,485 [Thread-1797] INFO  impl.RaftServerImpl (RaftServerImpl.java:setRole(184)) - bf55b3f9-6b09-4365-9d71-55289e083fa5@group-EFD1D20A002C: changes role from  FOLLOWER to CANDIDATE at term 292 for changeToCandidate
2019-10-16 18:01:08,486 [Thread-1797] INFO  impl.RoleInfo (RoleInfo.java:updateAndGet(143)) - bf55b3f9-6b09-4365-9d71-55289e083fa5: start LeaderElection
2019-10-16 18:01:08,516 [bf55b3f9-6b09-4365-9d71-55289e083fa5@group-EFD1D20A002C-LeaderElection255] INFO  impl.LeaderElection (LeaderElection.java:askForVotes(178)) - bf55b3f9-6b09-4365-9d71-55289e083fa5@group-EFD1D20A002C-LeaderElection255: begin an election at term 293 for -1: [f4c54511-b161-4347-aec5-5236dc80a0d8:0.0.0.0:41238, 907b9765-214b-4864-b66a-d6e2a5789e5c:0.0.0.0:41650, bf55b3f9-6b09-4365-9d71-55289e083fa5:0.0.0.0:42441], old=null
2019-10-16 18:01:08,519 [grpc-default-executor-0] INFO  impl.RaftServerImpl (RaftServerImpl.java:setRole(184)) - 907b9765-214b-4864-b66a-d6e2a5789e5c@group-EFD1D20A002C: changes role from  FOLLOWER to FOLLOWER at term 293 for recognizeCandidate:bf55b3f9-6b09-4365-9d71-55289e083fa5
2019-10-16 18:01:08,519 [grpc-default-executor-1] INFO  impl.RaftServerImpl (RaftServerImpl.java:setRole(184)) - f4c54511-b161-4347-aec5-5236dc80a0d8@group-EFD1D20A002C: changes role from  FOLLOWER to FOLLOWER at term 293 for recognizeCandidate:bf55b3f9-6b09-4365-9d71-55289e083fa5
2019-10-16 18:01:08,519 [grpc-default-executor-0] INFO  impl.RoleInfo (RoleInfo.java:shutdownFollowerState(121)) - 907b9765-214b-4864-b66a-d6e2a5789e5c: shutdown FollowerState
2019-10-16 18:01:08,519 [grpc-default-executor-1] INFO  impl.RoleInfo (RoleInfo.java:shutdownFollowerState(121)) - f4c54511-b161-4347-aec5-5236dc80a0d8: shutdown FollowerState
2019-10-16 18:01:08,519 [Thread-1795] INFO  impl.FollowerState (FollowerState.java:run(117)) - 907b9765-214b-4864-b66a-d6e2a5789e5c@group-EFD1D20A002C-FollowerState was interrupted: java.lang.InterruptedException: sleep interrupted
2019-10-16 18:01:08,519 [grpc-default-executor-0] INFO  impl.RoleInfo (RoleInfo.java:updateAndGet(143)) - 907b9765-214b-4864-b66a-d6e2a5789e5c: start FollowerState
2019-10-16 18:01:08,519 [Thread-1796] INFO  impl.FollowerState (FollowerState.java:run(117)) - f4c54511-b161-4347-aec5-5236dc80a0d8@group-EFD1D20A002C-FollowerState was interrupted: java.lang.InterruptedException: sleep interrupted
2019-10-16 18:01:08,519 [grpc-default-executor-1] INFO  impl.RoleInfo (RoleInfo.java:updateAndGet(143)) - f4c54511-b161-4347-aec5-5236dc80a0d8: start FollowerState
2019-10-16 18:01:08,541 [bf55b3f9-6b09-4365-9d71-55289e083fa5@group-EFD1D20A002C-LeaderElection255] INFO  impl.LeaderElection (LeaderElection.java:logAndReturn(56)) - bf55b3f9-6b09-4365-9d71-55289e083fa5@group-EFD1D20A002C-LeaderElection255: Election TIMEOUT; received 0 response(s) [] and 0 exception(s); bf55b3f9-6b09-4365-9d71-55289e083fa5@group-EFD1D20A002C:t293, leader=null, voted=bf55b3f9-6b09-4365-9d71-55289e083fa5, raftlog=bf55b3f9-6b09-4365-9d71-55289e083fa5@group-EFD1D20A002C-SegmentedRaftLog:OPENED:c-1,f-1,i0, conf=-1: [f4c54511-b161-4347-aec5-5236dc80a0d8:0.0.0.0:41238, 907b9765-214b-4864-b66a-d6e2a5789e5c:0.0.0.0:41650, bf55b3f9-6b09-4365-9d71-55289e083fa5:0.0.0.0:42441], old=null
2019-10-16 18:01:08,559 [bf55b3f9-6b09-4365-9d71-55289e083fa5@group-EFD1D20A002C-LeaderElection255] INFO  impl.LeaderElection (LeaderElection.java:askForVotes(178)) - bf55b3f9-6b09-4365-9d71-55289e083fa5@group-EFD1D20A002C-LeaderElection255: begin an election at term 294 for -1: [f4c54511-b161-4347-aec5-5236dc80a0d8:0.0.0.0:41238, 907b9765-214b-4864-b66a-d6e2a5789e5c:0.0.0.0:41650, bf55b3f9-6b09-4365-9d71-55289e083fa5:0.0.0.0:42441], old=null
2019-10-16 18:01:08,561 [grpc-default-executor-0] INFO  impl.RaftServerImpl (RaftServerImpl.java:setRole(184)) - f4c54511-b161-4347-aec5-5236dc80a0d8@group-EFD1D20A002C: changes role from  FOLLOWER to FOLLOWER at term 294 for recognizeCandidate:bf55b3f9-6b09-4365-9d71-55289e083fa5
2019-10-16 18:01:08,561 [grpc-default-executor-1] INFO  impl.RaftServerImpl (RaftServerImpl.java:setRole(184)) - 907b9765-214b-4864-b66a-d6e2a5789e5c@group-EFD1D20A002C: changes role from  FOLLOWER to FOLLOWER at term 294 for recognizeCandidate:bf55b3f9-6b09-4365-9d71-55289e083fa5
2019-10-16 18:01:08,561 [grpc-default-executor-0] INFO  impl.RoleInfo (RoleInfo.java:shutdownFollowerState(121)) - f4c54511-b161-4347-aec5-5236dc80a0d8: shutdown FollowerState
2019-10-16 18:01:08,561 [grpc-default-executor-1] INFO  impl.RoleInfo (RoleInfo.java:shutdownFollowerState(121)) - 907b9765-214b-4864-b66a-d6e2a5789e5c: shutdown FollowerState
2019-10-16 18:01:08,562 [Thread-1802] INFO  impl.FollowerState (FollowerState.java:run(117)) - f4c54511-b161-4347-aec5-5236dc80a0d8@group-EFD1D20A002C-FollowerState was interrupted: java.lang.InterruptedException: sleep interrupted
2019-10-16 18:01:08,561 [grpc-default-executor-0] INFO  impl.RoleInfo (RoleInfo.java:updateAndGet(143)) - f4c54511-b161-4347-aec5-5236dc80a0d8: start FollowerState
2019-10-16 18:01:08,562 [Thread-1801] INFO  impl.FollowerState (FollowerState.java:run(117)) - 907b9765-214b-4864-b66a-d6e2a5789e5c@group-EFD1D20A002C-FollowerState was interrupted: java.lang.InterruptedException: sleep interrupted
2019-10-16 18:01:08,562 [grpc-default-executor-1] INFO  impl.RoleInfo (RoleInfo.java:updateAndGet(143)) - 907b9765-214b-4864-b66a-d6e2a5789e5c: start FollowerState
2019-10-16 18:01:08,586 [bf55b3f9-6b09-4365-9d71-55289e083fa5@group-EFD1D20A002C-LeaderElection255] INFO  impl.LeaderElection (LeaderElection.java:logAndReturn(56)) - bf55b3f9-6b09-4365-9d71-55289e083fa5@group-EFD1D20A002C-LeaderElection255: Election REJECTED; received 2 response(s) [bf55b3f9-6b09-4365-9d71-55289e083fa5<-f4c54511-b161-4347-aec5-5236dc80a0d8#0:FAIL-t294, bf55b3f9-6b09-4365-9d71-55289e083fa5<-907b9765-214b-4864-b66a-d6e2a5789e5c#0:FAIL-t294] and 0 exception(s); bf55b3f9-6b09-4365-9d71-55289e083fa5@group-EFD1D20A002C:t294, leader=null, voted=bf55b3f9-6b09-4365-9d71-55289e083fa5, raftlog=bf55b3f9-6b09-4365-9d71-55289e083fa5@group-EFD1D20A002C-SegmentedRaftLog:OPENED:c-1,f-1,i0, conf=-1: [f4c54511-b161-4347-aec5-5236dc80a0d8:0.0.0.0:41238, 907b9765-214b-4864-b66a-d6e2a5789e5c:0.0.0.0:41650, bf55b3f9-6b09-4365-9d71-55289e083fa5:0.0.0.0:42441], old=null
2019-10-16 18:01:08,586 [bf55b3f9-6b09-4365-9d71-55289e083fa5@group-EFD1D20A002C-LeaderElection255] INFO  impl.RaftServerImpl (RaftServerImpl.java:setRole(184)) - bf55b3f9-6b09-4365-9d71-55289e083fa5@group-EFD1D20A002C: changes role from CANDIDATE to FOLLOWER at term 294 for DISCOVERED_A_NEW_TERM
2019-10-16 18:01:08,587 [bf55b3f9-6b09-4365-9d71-55289e083fa5@group-EFD1D20A002C-LeaderElection255] INFO  impl.RoleInfo (RoleInfo.java:shutdownLeaderElection(134)) - bf55b3f9-6b09-4365-9d71-55289e083fa5: shutdown LeaderElection
2019-10-16 18:01:08,587 [bf55b3f9-6b09-4365-9d71-55289e083fa5@group-EFD1D20A002C-LeaderElection255] INFO  impl.RoleInfo (RoleInfo.java:updateAndGet(143)) - bf55b3f9-6b09-4365-9d71-55289e083fa5: start FollowerState
2019-10-16 18:01:08,716 [Thread-1807] INFO  impl.FollowerState (FollowerState.java:run(108)) - bf55b3f9-6b09-4365-9d71-55289e083fa5@group-EFD1D20A002C-FollowerState: change to CANDIDATE, lastRpcTime:129ms, electionTimeout:129ms
2019-10-16 18:01:08,716 [Thread-1807] INFO  impl.RoleInfo (RoleInfo.java:shutdownFollowerState(121)) - bf55b3f9-6b09-4365-9d71-55289e083fa5: shutdown FollowerState
2019-10-16 18:01:08,716 [Thread-1807] INFO  impl.RaftServerImpl (RaftServerImpl.java:setRole(184)) - bf55b3f9-6b09-4365-9d71-55289e083fa5@group-EFD1D20A002C: changes role from  FOLLOWER to CANDIDATE at term 294 for changeToCandidate
2019-10-16 18:01:08,717 [Thread-1807] INFO  impl.RoleInfo (RoleInfo.java:updateAndGet(143)) - bf55b3f9-6b09-4365-9d71-55289e083fa5: start LeaderElection
2019-10-16 18:01:08,736 [bf55b3f9-6b09-4365-9d71-55289e083fa5@group-EFD1D20A002C-LeaderElection256] INFO  impl.LeaderElection (LeaderElection.java:askForVotes(178)) - bf55b3f9-6b09-4365-9d71-55289e083fa5@group-EFD1D20A002C-LeaderElection256: begin an election at term 295 for -1: [f4c54511-b161-4347-aec5-5236dc80a0d8:0.0.0.0:41238, 907b9765-214b-4864-b66a-d6e2a5789e5c:0.0.0.0:41650, bf55b3f9-6b09-4365-9d71-55289e083fa5:0.0.0.0:42441], old=null
2019-10-16 18:01:08,739 [grpc-default-executor-1] INFO  impl.RaftServerImpl (RaftServerImpl.java:setRole(184)) - f4c54511-b161-4347-aec5-5236dc80a0d8@group-EFD1D20A002C: changes role from  FOLLOWER to FOLLOWER at term 295 for recognizeCandidate:bf55b3f9-6b09-4365-9d71-55289e083fa5
2019-10-16 18:01:08,739 [grpc-default-executor-0] INFO  impl.RaftServerImpl (RaftServerImpl.java:setRole(184)) - 907b9765-214b-4864-b66a-d6e2a5789e5c@group-EFD1D20A002C: changes role from  FOLLOWER to FOLLOWER at term 295 for recognizeCandidate:bf55b3f9-6b09-4365-9d71-55289e083fa5
2019-10-16 18:01:08,740 [grpc-default-executor-1] INFO  impl.RoleInfo (RoleInfo.java:shutdownFollowerState(121)) - f4c54511-b161-4347-aec5-5236dc80a0d8: shutdown FollowerState
2019-10-16 18:01:08,740 [grpc-default-executor-0] INFO  impl.RoleInfo (RoleInfo.java:shutdownFollowerState(121)) - 907b9765-214b-4864-b66a-d6e2a5789e5c: shutdown FollowerState
2019-10-16 18:01:08,740 [Thread-1805] INFO  impl.FollowerState (FollowerState.java:run(117)) - f4c54511-b161-4347-aec5-5236dc80a0d8@group-EFD1D20A002C-FollowerState was interrupted: java.lang.InterruptedException: sleep interrupted
2019-10-16 18:01:08,740 [grpc-default-executor-1] INFO  impl.RoleInfo (RoleInfo.java:updateAndGet(143)) - f4c54511-b161-4347-aec5-5236dc80a0d8: start FollowerState
2019-10-16 18:01:08,740 [Thread-1806] INFO  impl.FollowerState (FollowerState.java:run(117)) - 907b9765-214b-4864-b66a-d6e2a5789e5c@group-EFD1D20A002C-FollowerState was interrupted: java.lang.InterruptedException: sleep interrupted
2019-10-16 18:01:08,740 [grpc-default-executor-0] INFO  impl.RoleInfo (RoleInfo.java:updateAndGet(143)) - 907b9765-214b-4864-b66a-d6e2a5789e5c: start FollowerState
2019-10-16 18:01:08,763 [bf55b3f9-6b09-4365-9d71-55289e083fa5@group-EFD1D20A002C-LeaderElection256] INFO  impl.LeaderElection (LeaderElection.java:logAndReturn(56)) - bf55b3f9-6b09-4365-9d71-55289e083fa5@group-EFD1D20A002C-LeaderElection256: Election REJECTED; received 2 response(s) [bf55b3f9-6b09-4365-9d71-55289e083fa5<-f4c54511-b161-4347-aec5-5236dc80a0d8#0:FAIL-t295, bf55b3f9-6b09-4365-9d71-55289e083fa5<-907b9765-214b-4864-b66a-d6e2a5789e5c#0:FAIL-t295] and 0 exception(s); bf55b3f9-6b09-4365-9d71-55289e083fa5@group-EFD1D20A002C:t295, leader=null, voted=bf55b3f9-6b09-4365-9d71-55289e083fa5, raftlog=bf55b3f9-6b09-4365-9d71-55289e083fa5@group-EFD1D20A002C-SegmentedRaftLog:OPENED:c-1,f-1,i0, conf=-1: [f4c54511-b161-4347-aec5-5236dc80a0d8:0.0.0.0:41238, 907b9765-214b-4864-b66a-d6e2a5789e5c:0.0.0.0:41650, bf55b3f9-6b09-4365-9d71-55289e083fa5:0.0.0.0:42441], old=null
2019-10-16 18:01:08,763 [bf55b3f9-6b09-4365-9d71-55289e083fa5@group-EFD1D20A002C-LeaderElection256] INFO  impl.RaftServerImpl (RaftServerImpl.java:setRole(184)) - bf55b3f9-6b09-4365-9d71-55289e083fa5@group-EFD1D20A002C: changes role from CANDIDATE to FOLLOWER at term 295 for DISCOVERED_A_NEW_TERM
2019-10-16 18:01:08,763 [bf55b3f9-6b09-4365-9d71-55289e083fa5@group-EFD1D20A002C-LeaderElection256] INFO  impl.RoleInfo (RoleInfo.java:shutdownLeaderElection(134)) - bf55b3f9-6b09-4365-9d71-55289e083fa5: shutdown LeaderElection
2019-10-16 18:01:08,763 [bf55b3f9-6b09-4365-9d71-55289e083fa5@group-EFD1D20A002C-LeaderElection256] INFO  impl.RoleInfo (RoleInfo.java:updateAndGet(143)) - bf55b3f9-6b09-4365-9d71-55289e083fa5: start FollowerState
2019-10-16 18:01:08,907 [Thread-1813] INFO  impl.FollowerState (FollowerState.java:run(108)) - bf55b3f9-6b09-4365-9d71-55289e083fa5@group-EFD1D20A002C-FollowerState: change to CANDIDATE, lastRpcTime:143ms, electionTimeout:143ms
2019-10-16 18:01:08,907 [Thread-1813] INFO  impl.RoleInfo (RoleInfo.java:shutdownFollowerState(121)) - bf55b3f9-6b09-4365-9d71-55289e083fa5: shutdown FollowerState
2019-10-16 18:01:08,907 [Thread-1813] INFO  impl.RaftServerImpl (RaftServerImpl.java:setRole(184)) - bf55b3f9-6b09-4365-9d71-55289e083fa5@group-EFD1D20A002C: changes role from  FOLLOWER to CANDIDATE at term 295 for changeToCandidate
2019-10-16 18:01:08,907 [Thread-1813] INFO  impl.RoleInfo (RoleInfo.java:updateAndGet(143)) - bf55b3f9-6b09-4365-9d71-55289e083fa5: start LeaderElection
2019-10-16 18:01:08,937 [bf55b3f9-6b09-4365-9d71-55289e083fa5@group-EFD1D20A002C-LeaderElection257] INFO  impl.LeaderElection (LeaderElection.java:askForVotes(178)) - bf55b3f9-6b09-4365-9d71-55289e083fa5@group-EFD1D20A002C-LeaderElection257: begin an election at term 296 for -1: [f4c54511-b161-4347-aec5-5236dc80a0d8:0.0.0.0:41238, 907b9765-214b-4864-b66a-d6e2a5789e5c:0.0.0.0:41650, bf55b3f9-6b09-4365-9d71-55289e083fa5:0.0.0.0:42441], old=null
2019-10-16 18:01:08,940 [grpc-default-executor-0] INFO  impl.RaftServerImpl (RaftServerImpl.java:setRole(184)) - f4c54511-b161-4347-aec5-5236dc80a0d8@group-EFD1D20A002C: changes role from  FOLLOWER to FOLLOWER at term 296 for recognizeCandidate:bf55b3f9-6b09-4365-9d71-55289e083fa5
2019-10-16 18:01:08,940 [grpc-default-executor-1] INFO  impl.RaftServerImpl (RaftServerImpl.java:setRole(184)) - 907b9765-214b-4864-b66a-d6e2a5789e5c@group-EFD1D20A002C: changes role from  FOLLOWER to FOLLOWER at term 296 for recognizeCandidate:bf55b3f9-6b09-4365-9d71-55289e083fa5
2019-10-16 18:01:08,940 [grpc-default-executor-1] INFO  impl.RoleInfo (RoleInfo.java:shutdownFollowerState(121)) - 907b9765-214b-4864-b66a-d6e2a5789e5c: shutdown FollowerState
2019-10-16 18:01:08,940 [grpc-default-executor-0] INFO  impl.RoleInfo (RoleInfo.java:shutdownFollowerState(121)) - f4c54511-b161-4347-aec5-5236dc80a0d8: shutdown FollowerState
2019-10-16 18:01:08,940 [Thread-1812] INFO  impl.FollowerState (FollowerState.java:run(117)) - 907b9765-214b-4864-b66a-d6e2a5789e5c@group-EFD1D20A002C-FollowerState was interrupted: java.lang.InterruptedException: sleep interrupted
2019-10-16 18:01:08,940 [grpc-default-executor-1] INFO  impl.RoleInfo (RoleInfo.java:updateAndGet(143)) - 907b9765-214b-4864-b66a-d6e2a5789e5c: start FollowerState
2019-10-16 18:01:08,940 [Thread-1811] INFO  impl.FollowerState (FollowerState.java:run(117)) - f4c54511-b161-4347-aec5-5236dc80a0d8@group-EFD1D20A002C-FollowerState was interrupted: java.lang.InterruptedException: sleep interrupted
2019-10-16 18:01:08,940 [grpc-default-executor-0] INFO  impl.RoleInfo (RoleInfo.java:updateAndGet(143)) - f4c54511-b161-4347-aec5-5236dc80a0d8: start FollowerState
2019-10-16 18:01:08,963 [bf55b3f9-6b09-4365-9d71-55289e083fa5@group-EFD1D20A002C-LeaderElection257] INFO  impl.LeaderElection (LeaderElection.java:logAndReturn(56)) - bf55b3f9-6b09-4365-9d71-55289e083fa5@group-EFD1D20A002C-LeaderElection257: Election REJECTED; received 2 response(s) [bf55b3f9-6b09-4365-9d71-55289e083fa5<-f4c54511-b161-4347-aec5-5236dc80a0d8#0:FAIL-t296, bf55b3f9-6b09-4365-9d71-55289e083fa5<-907b9765-214b-4864-b66a-d6e2a5789e5c#0:FAIL-t296] and 0 exception(s); bf55b3f9-6b09-4365-9d71-55289e083fa5@group-EFD1D20A002C:t296, leader=null, voted=bf55b3f9-6b09-4365-9d71-55289e083fa5, raftlog=bf55b3f9-6b09-4365-9d71-55289e083fa5@group-EFD1D20A002C-SegmentedRaftLog:OPENED:c-1,f-1,i0, conf=-1: [f4c54511-b161-4347-aec5-5236dc80a0d8:0.0.0.0:41238, 907b9765-214b-4864-b66a-d6e2a5789e5c:0.0.0.0:41650, bf55b3f9-6b09-4365-9d71-55289e083fa5:0.0.0.0:42441], old=null
2019-10-16 18:01:08,964 [bf55b3f9-6b09-4365-9d71-55289e083fa5@group-EFD1D20A002C-LeaderElection257] INFO  impl.RaftServerImpl (RaftServerImpl.java:setRole(184)) - bf55b3f9-6b09-4365-9d71-55289e083fa5@group-EFD1D20A002C: changes role from CANDIDATE to FOLLOWER at term 296 for DISCOVERED_A_NEW_TERM
2019-10-16 18:01:08,964 [bf55b3f9-6b09-4365-9d71-55289e083fa5@group-EFD1D20A002C-LeaderElection257] INFO  impl.RoleInfo (RoleInfo.java:shutdownLeaderElection(134)) - bf55b3f9-6b09-4365-9d71-55289e083fa5: shutdown LeaderElection
2019-10-16 18:01:08,964 [bf55b3f9-6b09-4365-9d71-55289e083fa5@group-EFD1D20A002C-LeaderElection257] INFO  impl.RoleInfo (RoleInfo.java:updateAndGet(143)) - bf55b3f9-6b09-4365-9d71-55289e083fa5: start FollowerState
2019-10-16 18:01:09,005 [Thread-1819] INFO  impl.FollowerState (FollowerState.java:run(108)) - bf55b3f9-6b09-4365-9d71-55289e083fa5@group-EFD1D20A002C-FollowerState: change to CANDIDATE, lastRpcTime:41ms, electionTimeout:41ms
2019-10-16 18:01:09,006 [Thread-1819] INFO  impl.RoleInfo (RoleInfo.java:shutdownFollowerState(121)) - bf55b3f9-6b09-4365-9d71-55289e083fa5: shutdown FollowerState
2019-10-16 18:01:09,006 [Thread-1819] INFO  impl.RaftServerImpl (RaftServerImpl.java:setRole(184)) - bf55b3f9-6b09-4365-9d71-55289e083fa5@group-EFD1D20A002C: changes role from  FOLLOWER to CANDIDATE at term 296 for changeToCandidate
2019-10-16 18:01:09,007 [Thread-1819] INFO  impl.RoleInfo (RoleInfo.java:updateAndGet(143)) - bf55b3f9-6b09-4365-9d71-55289e083fa5: start LeaderElection
2019-10-16 18:01:09,031 [bf55b3f9-6b09-4365-9d71-55289e083fa5@group-EFD1D20A002C-LeaderElection258] INFO  impl.LeaderElection (LeaderElection.java:askForVotes(178)) - bf55b3f9-6b09-4365-9d71-55289e083fa5@group-EFD1D20A002C-LeaderElection258: begin an election at term 297 for -1: [f4c54511-b161-4347-aec5-5236dc80a0d8:0.0.0.0:41238, 907b9765-214b-4864-b66a-d6e2a5789e5c:0.0.0.0:41650, bf55b3f9-6b09-4365-9d71-55289e083fa5:0.0.0.0:42441], old=null
2019-10-16 18:01:09,033 [grpc-default-executor-1] INFO  impl.RaftServerImpl (RaftServerImpl.java:setRole(184)) - f4c54511-b161-4347-aec5-5236dc80a0d8@group-EFD1D20A002C: changes role from  FOLLOWER to FOLLOWER at term 297 for recognizeCandidate:bf55b3f9-6b09-4365-9d71-55289e083fa5
2019-10-16 18:01:09,033 [grpc-default-executor-1] INFO  impl.RoleInfo (RoleInfo.java:shutdownFollowerState(121)) - f4c54511-b161-4347-aec5-5236dc80a0d8: shutdown FollowerState
2019-10-16 18:01:09,033 [grpc-default-executor-1] INFO  impl.RoleInfo (RoleInfo.java:updateAndGet(143)) - f4c54511-b161-4347-aec5-5236dc80a0d8: start FollowerState
2019-10-16 18:01:09,033 [Thread-1818] INFO  impl.FollowerState (FollowerState.java:run(117)) - f4c54511-b161-4347-aec5-5236dc80a0d8@group-EFD1D20A002C-FollowerState was interrupted: java.lang.InterruptedException: sleep interrupted
2019-10-16 18:01:09,033 [grpc-default-executor-0] INFO  impl.RaftServerImpl (RaftServerImpl.java:setRole(184)) - 907b9765-214b-4864-b66a-d6e2a5789e5c@group-EFD1D20A002C: changes role from  FOLLOWER to FOLLOWER at term 297 for recognizeCandidate:bf55b3f9-6b09-4365-9d71-55289e083fa5
2019-10-16 18:01:09,033 [grpc-default-executor-0] INFO  impl.RoleInfo (RoleInfo.java:shutdownFollowerState(121)) - 907b9765-214b-4864-b66a-d6e2a5789e5c: shutdown FollowerState
2019-10-16 18:01:09,034 [grpc-default-executor-0] INFO  impl.RoleInfo (RoleInfo.java:updateAndGet(143)) - 907b9765-214b-4864-b66a-d6e2a5789e5c: start FollowerState
2019-10-16 18:01:09,034 [Thread-1817] INFO  impl.FollowerState (FollowerState.java:run(117)) - 907b9765-214b-4864-b66a-d6e2a5789e5c@group-EFD1D20A002C-FollowerState was interrupted: java.lang.InterruptedException: sleep interrupted
2019-10-16 18:01:09,057 [bf55b3f9-6b09-4365-9d71-55289e083fa5@group-EFD1D20A002C-LeaderElection258] INFO  impl.LeaderElection (LeaderElection.java:logAndReturn(56)) - bf55b3f9-6b09-4365-9d71-55289e083fa5@group-EFD1D20A002C-LeaderElection258: Election REJECTED; received 2 response(s) [bf55b3f9-6b09-4365-9d71-55289e083fa5<-f4c54511-b161-4347-aec5-5236dc80a0d8#0:FAIL-t297, bf55b3f9-6b09-4365-9d71-55289e083fa5<-907b9765-214b-4864-b66a-d6e2a5789e5c#0:FAIL-t297] and 0 exception(s); bf55b3f9-6b09-4365-9d71-55289e083fa5@group-EFD1D20A002C:t297, leader=null, voted=bf55b3f9-6b09-4365-9d71-55289e083fa5, raftlog=bf55b3f9-6b09-4365-9d71-55289e083fa5@group-EFD1D20A002C-SegmentedRaftLog:OPENED:c-1,f-1,i0, conf=-1: [f4c54511-b161-4347-aec5-5236dc80a0d8:0.0.0.0:41238, 907b9765-214b-4864-b66a-d6e2a5789e5c:0.0.0.0:41650, bf55b3f9-6b09-4365-9d71-55289e083fa5:0.0.0.0:42441], old=null
2019-10-16 18:01:09,057 [bf55b3f9-6b09-4365-9d71-55289e083fa5@group-EFD1D20A002C-LeaderElection258] INFO  impl.RaftServerImpl (RaftServerImpl.java:setRole(184)) - bf55b3f9-6b09-4365-9d71-55289e083fa5@group-EFD1D20A002C: changes role from CANDIDATE to FOLLOWER at term 297 for DISCOVERED_A_NEW_TERM
2019-10-16 18:01:09,057 [bf55b3f9-6b09-4365-9d71-55289e083fa5@group-EFD1D20A002C-LeaderElection258] INFO  impl.RoleInfo (RoleInfo.java:shutdownLeaderElection(134)) - bf55b3f9-6b09-4365-9d71-55289e083fa5: shutdown LeaderElection
2019-10-16 18:01:09,058 [bf55b3f9-6b09-4365-9d71-55289e083fa5@group-EFD1D20A002C-LeaderElection258] INFO  impl.RoleInfo (RoleInfo.java:updateAndGet(143)) - bf55b3f9-6b09-4365-9d71-55289e083fa5: start FollowerState
2019-10-16 18:01:09,082 [Thread-1827] INFO  impl.FollowerState (FollowerState.java:run(108)) - bf55b3f9-6b09-4365-9d71-55289e083fa5@group-EFD1D20A002C-FollowerState: change to CANDIDATE, lastRpcTime:24ms, electionTimeout:24ms
2019-10-16 18:01:09,082 [Thread-1827] INFO  impl.RoleInfo (RoleInfo.java:shutdownFollowerState(121)) - bf55b3f9-6b09-4365-9d71-55289e083fa5: shutdown FollowerState
2019-10-16 18:01:09,082 [Thread-1827] INFO  impl.RaftServerImpl (RaftServerImpl.java:setRole(184)) - bf55b3f9-6b09-4365-9d71-55289e083fa5@group-EFD1D20A002C: changes role from  FOLLOWER to CANDIDATE at term 297 for changeToCandidate
2019-10-16 18:01:09,082 [Thread-1827] INFO  impl.RoleInfo (RoleInfo.java:updateAndGet(143)) - bf55b3f9-6b09-4365-9d71-55289e083fa5: start LeaderElection
2019-10-16 18:01:09,123 [bf55b3f9-6b09-4365-9d71-55289e083fa5@group-EFD1D20A002C-LeaderElection259] INFO  impl.LeaderElection (LeaderElection.java:askForVotes(178)) - bf55b3f9-6b09-4365-9d71-55289e083fa5@group-EFD1D20A002C-LeaderElection259: begin an election at term 298 for -1: [f4c54511-b161-4347-aec5-5236dc80a0d8:0.0.0.0:41238, 907b9765-214b-4864-b66a-d6e2a5789e5c:0.0.0.0:41650, bf55b3f9-6b09-4365-9d71-55289e083fa5:0.0.0.0:42441], old=null
2019-10-16 18:01:09,125 [grpc-default-executor-1] INFO  impl.RaftServerImpl (RaftServerImpl.java:setRole(184)) - f4c54511-b161-4347-aec5-5236dc80a0d8@group-EFD1D20A002C: changes role from  FOLLOWER to FOLLOWER at term 298 for recognizeCandidate:bf55b3f9-6b09-4365-9d71-55289e083fa5
2019-10-16 18:01:09,125 [grpc-default-executor-1] INFO  impl.RoleInfo (RoleInfo.java:shutdownFollowerState(121)) - f4c54511-b161-4347-aec5-5236dc80a0d8: shutdown FollowerState
2019-10-16 18:01:09,125 [grpc-default-executor-0] INFO  impl.RaftServerImpl (RaftServerImpl.java:setRole(184)) - 907b9765-214b-4864-b66a-d6e2a5789e5c@group-EFD1D20A002C: changes role from  FOLLOWER to FOLLOWER at term 298 for recognizeCandidate:bf55b3f9-6b09-4365-9d71-55289e083fa5
2019-10-16 18:01:09,125 [Thread-1825] INFO  impl.FollowerState (FollowerState.java:run(117)) - f4c54511-b161-4347-aec5-5236dc80a0d8@group-EFD1D20A002C-FollowerState was interrupted: java.lang.InterruptedException: sleep interrupted
2019-10-16 18:01:09,125 [grpc-default-executor-1] INFO  impl.RoleInfo (RoleInfo.java:updateAndGet(143)) - f4c54511-b161-4347-aec5-5236dc80a0d8: start FollowerState
2019-10-16 18:01:09,125 [grpc-default-executor-0] INFO  impl.RoleInfo (RoleInfo.java:shutdownFollowerState(121)) - 907b9765-214b-4864-b66a-d6e2a5789e5c: shutdown FollowerState
2019-10-16 18:01:09,126 [grpc-default-executor-0] INFO  impl.RoleInfo (RoleInfo.java:updateAndGet(143)) - 907b9765-214b-4864-b66a-d6e2a5789e5c: start FollowerState
2019-10-16 18:01:09,126 [Thread-1826] INFO  impl.FollowerState (FollowerState.java:run(117)) - 907b9765-214b-4864-b66a-d6e2a5789e5c@group-EFD1D20A002C-FollowerState was interrupted: java.lang.InterruptedException: sleep interrupted
2019-10-16 18:01:09,135 [bf55b3f9-6b09-4365-9d71-55289e083fa5@group-EFD1D20A002C-LeaderElection259] INFO  impl.LeaderElection (LeaderElection.java:logAndReturn(56)) - bf55b3f9-6b09-4365-9d71-55289e083fa5@group-EFD1D20A002C-LeaderElection259: Election TIMEOUT; received 0 response(s) [] and 0 exception(s); bf55b3f9-6b09-4365-9d71-55289e083fa5@group-EFD1D20A002C:t298, leader=null, voted=bf55b3f9-6b09-4365-9d71-55289e083fa5, raftlog=bf55b3f9-6b09-4365-9d71-55289e083fa5@group-EFD1D20A002C-SegmentedRaftLog:OPENED:c-1,f-1,i0, conf=-1: [f4c54511-b161-4347-aec5-5236dc80a0d8:0.0.0.0:41238, 907b9765-214b-4864-b66a-d6e2a5789e5c:0.0.0.0:41650, bf55b3f9-6b09-4365-9d71-55289e083fa5:0.0.0.0:42441], old=null
2019-10-16 18:01:09,157 [bf55b3f9-6b09-4365-9d71-55289e083fa5@group-EFD1D20A002C-LeaderElection259] INFO  impl.LeaderElection (LeaderElection.java:askForVotes(178)) - bf55b3f9-6b09-4365-9d71-55289e083fa5@group-EFD1D20A002C-LeaderElection259: begin an election at term 299 for -1: [f4c54511-b161-4347-aec5-5236dc80a0d8:0.0.0.0:41238, 907b9765-214b-4864-b66a-d6e2a5789e5c:0.0.0.0:41650, bf55b3f9-6b09-4365-9d71-55289e083fa5:0.0.0.0:42441], old=null
2019-10-16 18:01:09,159 [grpc-default-executor-0] INFO  impl.RaftServerImpl (RaftServerImpl.java:setRole(184)) - f4c54511-b161-4347-aec5-5236dc80a0d8@group-EFD1D20A002C: changes role from  FOLLOWER to FOLLOWER at term 299 for recognizeCandidate:bf55b3f9-6b09-4365-9d71-55289e083fa5
2019-10-16 18:01:09,159 [grpc-default-executor-0] INFO  impl.RoleInfo (RoleInfo.java:shutdownFollowerState(121)) - f4c54511-b161-4347-aec5-5236dc80a0d8: shutdown FollowerState
2019-10-16 18:01:09,159 [grpc-default-executor-0] INFO  impl.RoleInfo (RoleInfo.java:updateAndGet(143)) - f4c54511-b161-4347-aec5-5236dc80a0d8: start FollowerState
2019-10-16 18:01:09,159 [Thread-1831] INFO  impl.FollowerState (FollowerState.java:run(117)) - f4c54511-b161-4347-aec5-5236dc80a0d8@group-EFD1D20A002C-FollowerState was interrupted: java.lang.InterruptedException: sleep interrupted
2019-10-16 18:01:09,159 [grpc-default-executor-1] INFO  impl.RaftServerImpl (RaftServerImpl.java:setRole(184)) - 907b9765-214b-4864-b66a-d6e2a5789e5c@group-EFD1D20A002C: changes role from  FOLLOWER to FOLLOWER at term 299 for recognizeCandidate:bf55b3f9-6b09-4365-9d71-55289e083fa5
2019-10-16 18:01:09,160 [grpc-default-executor-1] INFO  impl.RoleInfo (RoleInfo.java:shutdownFollowerState(121)) - 907b9765-214b-4864-b66a-d6e2a5789e5c: shutdown FollowerState
2019-10-16 18:01:09,160 [grpc-default-executor-1] INFO  impl.RoleInfo (RoleInfo.java:updateAndGet(143)) - 907b9765-214b-4864-b66a-d6e2a5789e5c: start FollowerState
2019-10-16 18:01:09,160 [Thread-1832] INFO  impl.FollowerState (FollowerState.java:run(117)) - 907b9765-214b-4864-b66a-d6e2a5789e5c@group-EFD1D20A002C-FollowerState was interrupted: java.lang.InterruptedException: sleep interrupted
2019-10-16 18:01:09,167 [bf55b3f9-6b09-4365-9d71-55289e083fa5@group-EFD1D20A002C-LeaderElection259] INFO  impl.LeaderElection (LeaderElection.java:logAndReturn(56)) - bf55b3f9-6b09-4365-9d71-55289e083fa5@group-EFD1D20A002C-LeaderElection259: Election TIMEOUT; received 0 response(s) [] and 0 exception(s); bf55b3f9-6b09-4365-9d71-55289e083fa5@group-EFD1D20A002C:t299, leader=null, voted=bf55b3f9-6b09-4365-9d71-55289e083fa5, raftlog=bf55b3f9-6b09-4365-9d71-55289e083fa5@group-EFD1D20A002C-SegmentedRaftLog:OPENED:c-1,f-1,i0, conf=-1: [f4c54511-b161-4347-aec5-5236dc80a0d8:0.0.0.0:41238, 907b9765-214b-4864-b66a-d6e2a5789e5c:0.0.0.0:41650, bf55b3f9-6b09-4365-9d71-55289e083fa5:0.0.0.0:42441], old=null
2019-10-16 18:01:09,183 [bf55b3f9-6b09-4365-9d71-55289e083fa5@group-EFD1D20A002C-LeaderElection259] INFO  impl.LeaderElection (LeaderElection.java:askForVotes(178)) - bf55b3f9-6b09-4365-9d71-55289e083fa5@group-EFD1D20A002C-LeaderElection259: begin an election at term 300 for -1: [f4c54511-b161-4347-aec5-5236dc80a0d8:0.0.0.0:41238, 907b9765-214b-4864-b66a-d6e2a5789e5c:0.0.0.0:41650, bf55b3f9-6b09-4365-9d71-55289e083fa5:0.0.0.0:42441], old=null
2019-10-16 18:01:09,184 [grpc-default-executor-0] INFO  impl.RaftServerImpl (RaftServerImpl.java:setRole(184)) - f4c54511-b161-4347-aec5-5236dc80a0d8@group-EFD1D20A002C: changes role from  FOLLOWER to FOLLOWER at term 300 for recognizeCandidate:bf55b3f9-6b09-4365-9d71-55289e083fa5
2019-10-16 18:01:09,185 [grpc-default-executor-0] INFO  impl.RoleInfo (RoleInfo.java:shutdownFollowerState(121)) - f4c54511-b161-4347-aec5-5236dc80a0d8: shutdown FollowerState
2019-10-16 18:01:09,185 [grpc-default-executor-1] INFO  impl.RaftServerImpl (RaftServerImpl.java:setRole(184)) - 907b9765-214b-4864-b66a-d6e2a5789e5c@group-EFD1D20A002C: changes role from  FOLLOWER to FOLLOWER at term 300 for recognizeCandidate:bf55b3f9-6b09-4365-9d71-55289e083fa5
2019-10-16 18:01:09,185 [Thread-1835] INFO  impl.FollowerState (FollowerState.java:run(117)) - f4c54511-b161-4347-aec5-5236dc80a0d8@group-EFD1D20A002C-FollowerState was interrupted: java.lang.InterruptedException: sleep interrupted
2019-10-16 18:01:09,185 [grpc-default-executor-0] INFO  impl.RoleInfo (RoleInfo.java:updateAndGet(143)) - f4c54511-b161-4347-aec5-5236dc80a0d8: start FollowerState
2019-10-16 18:01:09,185 [grpc-default-executor-1] INFO  impl.RoleInfo (RoleInfo.java:shutdownFollowerState(121)) - 907b9765-214b-4864-b66a-d6e2a5789e5c: shutdown FollowerState
2019-10-16 18:01:09,185 [grpc-default-executor-1] INFO  impl.RoleInfo (RoleInfo.java:updateAndGet(143)) - 907b9765-214b-4864-b66a-d6e2a5789e5c: start FollowerState
2019-10-16 18:01:09,185 [Thread-1836] INFO  impl.FollowerState (FollowerState.java:run(117)) - 907b9765-214b-4864-b66a-d6e2a5789e5c@group-EFD1D20A002C-FollowerState was interrupted: java.lang.InterruptedException: sleep interrupted
2019-10-16 18:01:09,209 [bf55b3f9-6b09-4365-9d71-55289e083fa5@group-EFD1D20A002C-LeaderElection259] INFO  impl.LeaderElection (LeaderElection.java:logAndReturn(56)) - bf55b3f9-6b09-4365-9d71-55289e083fa5@group-EFD1D20A002C-LeaderElection259: Election REJECTED; received 2 response(s) [bf55b3f9-6b09-4365-9d71-55289e083fa5<-f4c54511-b161-4347-aec5-5236dc80a0d8#0:FAIL-t300, bf55b3f9-6b09-4365-9d71-55289e083fa5<-907b9765-214b-4864-b66a-d6e2a5789e5c#0:FAIL-t300] and 0 exception(s); bf55b3f9-6b09-4365-9d71-55289e083fa5@group-EFD1D20A002C:t300, leader=null, voted=bf55b3f9-6b09-4365-9d71-55289e083fa5, raftlog=bf55b3f9-6b09-4365-9d71-55289e083fa5@group-EFD1D20A002C-SegmentedRaftLog:OPENED:c-1,f-1,i0, conf=-1: [f4c54511-b161-4347-aec5-5236dc80a0d8:0.0.0.0:41238, 907b9765-214b-4864-b66a-d6e2a5789e5c:0.0.0.0:41650, bf55b3f9-6b09-4365-9d71-55289e083fa5:0.0.0.0:42441], old=null
2019-10-16 18:01:09,209 [bf55b3f9-6b09-4365-9d71-55289e083fa5@group-EFD1D20A002C-LeaderElection259] INFO  impl.RaftServerImpl (RaftServerImpl.java:setRole(184)) - bf55b3f9-6b09-4365-9d71-55289e083fa5@group-EFD1D20A002C: changes role from CANDIDATE to FOLLOWER at term 300 for DISCOVERED_A_NEW_TERM
2019-10-16 18:01:09,209 [bf55b3f9-6b09-4365-9d71-55289e083fa5@group-EFD1D20A002C-LeaderElection259] INFO  impl.RoleInfo (RoleInfo.java:shutdownLeaderElection(134)) - bf55b3f9-6b09-4365-9d71-55289e083fa5: shutdown LeaderElection
2019-10-16 18:01:09,209 [bf55b3f9-6b09-4365-9d71-55289e083fa5@group-EFD1D20A002C-LeaderElection259] INFO  impl.RoleInfo (RoleInfo.java:updateAndGet(143)) - bf55b3f9-6b09-4365-9d71-55289e083fa5: start FollowerState
2019-10-16 18:01:09,282 [Thread-1841] INFO  impl.FollowerState (FollowerState.java:run(108)) - bf55b3f9-6b09-4365-9d71-55289e083fa5@group-EFD1D20A002C-FollowerState: change to CANDIDATE, lastRpcTime:72ms, electionTimeout:72ms
2019-10-16 18:01:09,282 [Thread-1841] INFO  impl.RoleInfo (RoleInfo.java:shutdownFollowerState(121)) - bf55b3f9-6b09-4365-9d71-55289e083fa5: shutdown FollowerState
2019-10-16 18:01:09,282 [Thread-1841] INFO  impl.RaftServerImpl (RaftServerImpl.java:setRole(184)) - bf55b3f9-6b09-4365-9d71-55289e083fa5@group-EFD1D20A002C: changes role from  FOLLOWER to CANDIDATE at term 300 for changeToCandidate
2019-10-16 18:01:09,282 [Thread-1841] INFO  impl.RoleInfo (RoleInfo.java:updateAndGet(143)) - bf55b3f9-6b09-4365-9d71-55289e083fa5: start LeaderElection
2019-10-16 18:01:09,309 [bf55b3f9-6b09-4365-9d71-55289e083fa5@group-EFD1D20A002C-LeaderElection260] INFO  impl.LeaderElection (LeaderElection.java:askForVotes(178)) - bf55b3f9-6b09-4365-9d71-55289e083fa5@group-EFD1D20A002C-LeaderElection260: begin an election at term 301 for -1: [f4c54511-b161-4347-aec5-5236dc80a0d8:0.0.0.0:41238, 907b9765-214b-4864-b66a-d6e2a5789e5c:0.0.0.0:41650, bf55b3f9-6b09-4365-9d71-55289e083fa5:0.0.0.0:42441], old=null
2019-10-16 18:01:09,311 [grpc-default-executor-0] INFO  impl.RaftServerImpl (RaftServerImpl.java:setRole(184)) - f4c54511-b161-4347-aec5-5236dc80a0d8@group-EFD1D20A002C: changes role from  FOLLOWER to FOLLOWER at term 301 for recognizeCandidate:bf55b3f9-6b09-4365-9d71-55289e083fa5
2019-10-16 18:01:09,311 [grpc-default-executor-0] INFO  impl.RoleInfo (RoleInfo.java:shutdownFollowerState(121)) - f4c54511-b161-4347-aec5-5236dc80a0d8: shutdown FollowerState
2019-10-16 18:01:09,311 [grpc-default-executor-0] INFO  impl.RoleInfo (RoleInfo.java:updateAndGet(143)) - f4c54511-b161-4347-aec5-5236dc80a0d8: start FollowerState
2019-10-16 18:01:09,312 [Thread-1839] INFO  impl.FollowerState (FollowerState.java:run(117)) - f4c54511-b161-4347-aec5-5236dc80a0d8@group-EFD1D20A002C-FollowerState was interrupted: java.lang.InterruptedException: sleep interrupted
2019-10-16 18:01:09,312 [grpc-default-executor-1] INFO  impl.RaftServerImpl (RaftServerImpl.java:setRole(184)) - 907b9765-214b-4864-b66a-d6e2a5789e5c@group-EFD1D20A002C: changes role from  FOLLOWER to FOLLOWER at term 301 for recognizeCandidate:bf55b3f9-6b09-4365-9d71-55289e083fa5
2019-10-16 18:01:09,312 [grpc-default-executor-1] INFO  impl.RoleInfo (RoleInfo.java:shutdownFollowerState(121)) - 907b9765-214b-4864-b66a-d6e2a5789e5c: shutdown FollowerState
2019-10-16 18:01:09,312 [grpc-default-executor-1] INFO  impl.RoleInfo (RoleInfo.java:updateAndGet(143)) - 907b9765-214b-4864-b66a-d6e2a5789e5c: start FollowerState
2019-10-16 18:01:09,312 [Thread-1840] INFO  impl.FollowerState (FollowerState.java:run(117)) - 907b9765-214b-4864-b66a-d6e2a5789e5c@group-EFD1D20A002C-FollowerState was interrupted: java.lang.InterruptedException: sleep interrupted
2019-10-16 18:01:09,336 [bf55b3f9-6b09-4365-9d71-55289e083fa5@group-EFD1D20A002C-LeaderElection260] INFO  impl.LeaderElection (LeaderElection.java:logAndReturn(56)) - bf55b3f9-6b09-4365-9d71-55289e083fa5@group-EFD1D20A002C-LeaderElection260: Election REJECTED; received 2 response(s) [bf55b3f9-6b09-4365-9d71-55289e083fa5<-f4c54511-b161-4347-aec5-5236dc80a0d8#0:FAIL-t301, bf55b3f9-6b09-4365-9d71-55289e083fa5<-907b9765-214b-4864-b66a-d6e2a5789e5c#0:FAIL-t301] and 0 exception(s); bf55b3f9-6b09-4365-9d71-55289e083fa5@group-EFD1D20A002C:t301, leader=null, voted=bf55b3f9-6b09-4365-9d71-55289e083fa5, raftlog=bf55b3f9-6b09-4365-9d71-55289e083fa5@group-EFD1D20A002C-SegmentedRaftLog:OPENED:c-1,f-1,i0, conf=-1: [f4c54511-b161-4347-aec5-5236dc80a0d8:0.0.0.0:41238, 907b9765-214b-4864-b66a-d6e2a5789e5c:0.0.0.0:41650, bf55b3f9-6b09-4365-9d71-55289e083fa5:0.0.0.0:42441], old=null
2019-10-16 18:01:09,336 [bf55b3f9-6b09-4365-9d71-55289e083fa5@group-EFD1D20A002C-LeaderElection260] INFO  impl.RaftServerImpl (RaftServerImpl.java:setRole(184)) - bf55b3f9-6b09-4365-9d71-55289e083fa5@group-EFD1D20A002C: changes role from CANDIDATE to FOLLOWER at term 301 for DISCOVERED_A_NEW_TERM
2019-10-16 18:01:09,336 [bf55b3f9-6b09-4365-9d71-55289e083fa5@group-EFD1D20A002C-LeaderElection260] INFO  impl.RoleInfo (RoleInfo.java:shutdownLeaderElection(134)) - bf55b3f9-6b09-4365-9d71-55289e083fa5: shutdown LeaderElection
2019-10-16 18:01:09,336 [bf55b3f9-6b09-4365-9d71-55289e083fa5@group-EFD1D20A002C-LeaderElection260] INFO  impl.RoleInfo (RoleInfo.java:updateAndGet(143)) - bf55b3f9-6b09-4365-9d71-55289e083fa5: start FollowerState
2019-10-16 18:01:09,499 [Thread-1847] INFO  impl.FollowerState (FollowerState.java:run(108)) - bf55b3f9-6b09-4365-9d71-55289e083fa5@group-EFD1D20A002C-FollowerState: change to CANDIDATE, lastRpcTime:163ms, electionTimeout:163ms
2019-10-16 18:01:09,500 [Thread-1847] INFO  impl.RoleInfo (RoleInfo.java:shutdownFollowerState(121)) - bf55b3f9-6b09-4365-9d71-55289e083fa5: shutdown FollowerState
2019-10-16 18:01:09,500 [Thread-1847] INFO  impl.RaftServerImpl (RaftServerImpl.java:setRole(184)) - bf55b3f9-6b09-4365-9d71-55289e083fa5@group-EFD1D20A002C: changes role from  FOLLOWER to CANDIDATE at term 301 for changeToCandidate
2019-10-16 18:01:09,500 [Thread-1847] INFO  impl.RoleInfo (RoleInfo.java:updateAndGet(143)) - bf55b3f9-6b09-4365-9d71-55289e083fa5: start LeaderElection
2019-10-16 18:01:09,529 [bf55b3f9-6b09-4365-9d71-55289e083fa5@group-EFD1D20A002C-LeaderElection261] INFO  impl.LeaderElection (LeaderElection.java:askForVotes(178)) - bf55b3f9-6b09-4365-9d71-55289e083fa5@group-EFD1D20A002C-LeaderElection261: begin an election at term 302 for -1: [f4c54511-b161-4347-aec5-5236dc80a0d8:0.0.0.0:41238, 907b9765-214b-4864-b66a-d6e2a5789e5c:0.0.0.0:41650, bf55b3f9-6b09-4365-9d71-55289e083fa5:0.0.0.0:42441], old=null
2019-10-16 18:01:09,533 [grpc-default-executor-0] INFO  impl.RaftServerImpl (RaftServerImpl.java:setRole(184)) - 907b9765-214b-4864-b66a-d6e2a5789e5c@group-EFD1D20A002C: changes role from  FOLLOWER to FOLLOWER at term 302 for recognizeCandidate:bf55b3f9-6b09-4365-9d71-55289e083fa5
2019-10-16 18:01:09,534 [grpc-default-executor-0] INFO  impl.RoleInfo (RoleInfo.java:shutdownFollowerState(121)) - 907b9765-214b-4864-b66a-d6e2a5789e5c: shutdown FollowerState
2019-10-16 18:01:09,534 [Thread-1846] INFO  impl.FollowerState (FollowerState.java:run(117)) - 907b9765-214b-4864-b66a-d6e2a5789e5c@group-EFD1D20A002C-FollowerState was interrupted: java.lang.InterruptedException: sleep interrupted
2019-10-16 18:01:09,533 [grpc-default-executor-1] INFO  impl.RaftServerImpl (RaftServerImpl.java:setRole(184)) - f4c54511-b161-4347-aec5-5236dc80a0d8@group-EFD1D20A002C: changes role from  FOLLOWER to FOLLOWER at term 302 for recognizeCandidate:bf55b3f9-6b09-4365-9d71-55289e083fa5
2019-10-16 18:01:09,535 [grpc-default-executor-1] INFO  impl.RoleInfo (RoleInfo.java:shutdownFollowerState(121)) - f4c54511-b161-4347-aec5-5236dc80a0d8: shutdown FollowerState
2019-10-16 18:01:09,534 [grpc-default-executor-0] INFO  impl.RoleInfo (RoleInfo.java:updateAndGet(143)) - 907b9765-214b-4864-b66a-d6e2a5789e5c: start FollowerState
2019-10-16 18:01:09,536 [Thread-1845] INFO  impl.FollowerState (FollowerState.java:run(117)) - f4c54511-b161-4347-aec5-5236dc80a0d8@group-EFD1D20A002C-FollowerState was interrupted: java.lang.InterruptedException: sleep interrupted
2019-10-16 18:01:09,536 [grpc-default-executor-1] INFO  impl.RoleInfo (RoleInfo.java:updateAndGet(143)) - f4c54511-b161-4347-aec5-5236dc80a0d8: start FollowerState
2019-10-16 18:01:09,563 [bf55b3f9-6b09-4365-9d71-55289e083fa5@group-EFD1D20A002C-LeaderElection261] INFO  impl.LeaderElection (LeaderElection.java:logAndReturn(56)) - bf55b3f9-6b09-4365-9d71-55289e083fa5@group-EFD1D20A002C-LeaderElection261: Election REJECTED; received 2 response(s) [bf55b3f9-6b09-4365-9d71-55289e083fa5<-f4c54511-b161-4347-aec5-5236dc80a0d8#0:FAIL-t302, bf55b3f9-6b09-4365-9d71-55289e083fa5<-907b9765-214b-4864-b66a-d6e2a5789e5c#0:FAIL-t302] and 0 exception(s); bf55b3f9-6b09-4365-9d71-55289e083fa5@group-EFD1D20A002C:t302, leader=null, voted=bf55b3f9-6b09-4365-9d71-55289e083fa5, raftlog=bf55b3f9-6b09-4365-9d71-55289e083fa5@group-EFD1D20A002C-SegmentedRaftLog:OPENED:c-1,f-1,i0, conf=-1: [f4c54511-b161-4347-aec5-5236dc80a0d8:0.0.0.0:41238, 907b9765-214b-4864-b66a-d6e2a5789e5c:0.0.0.0:41650, bf55b3f9-6b09-4365-9d71-55289e083fa5:0.0.0.0:42441], old=null
2019-10-16 18:01:09,564 [bf55b3f9-6b09-4365-9d71-55289e083fa5@group-EFD1D20A002C-LeaderElection261] INFO  impl.RaftServerImpl (RaftServerImpl.java:setRole(184)) - bf55b3f9-6b09-4365-9d71-55289e083fa5@group-EFD1D20A002C: changes role from CANDIDATE to FOLLOWER at term 302 for DISCOVERED_A_NEW_TERM
2019-10-16 18:01:09,564 [bf55b3f9-6b09-4365-9d71-55289e083fa5@group-EFD1D20A002C-LeaderElection261] INFO  impl.RoleInfo (RoleInfo.java:shutdownLeaderElection(134)) - bf55b3f9-6b09-4365-9d71-55289e083fa5: shutdown LeaderElection
2019-10-16 18:01:09,564 [bf55b3f9-6b09-4365-9d71-55289e083fa5@group-EFD1D20A002C-LeaderElection261] INFO  impl.RoleInfo (RoleInfo.java:updateAndGet(143)) - bf55b3f9-6b09-4365-9d71-55289e083fa5: start FollowerState
2019-10-16 18:01:09,662 [Thread-1853] INFO  impl.FollowerState (FollowerState.java:run(108)) - bf55b3f9-6b09-4365-9d71-55289e083fa5@group-EFD1D20A002C-FollowerState: change to CANDIDATE, lastRpcTime:98ms, electionTimeout:98ms
2019-10-16 18:01:09,662 [Thread-1853] INFO  impl.RoleInfo (RoleInfo.java:shutdownFollowerState(121)) - bf55b3f9-6b09-4365-9d71-55289e083fa5: shutdown FollowerState
2019-10-16 18:01:09,662 [Thread-1853] INFO  impl.RaftServerImpl (RaftServerImpl.java:setRole(184)) - bf55b3f9-6b09-4365-9d71-55289e083fa5@group-EFD1D20A002C: changes role from  FOLLOWER to CANDIDATE at term 302 for changeToCandidate
2019-10-16 18:01:09,663 [Thread-1853] INFO  impl.RoleInfo (RoleInfo.java:updateAndGet(143)) - bf55b3f9-6b09-4365-9d71-55289e083fa5: start LeaderElection
2019-10-16 18:01:09,697 [bf55b3f9-6b09-4365-9d71-55289e083fa5@group-EFD1D20A002C-LeaderElection262] INFO  impl.LeaderElection (LeaderElection.java:askForVotes(178)) - bf55b3f9-6b09-4365-9d71-55289e083fa5@group-EFD1D20A002C-LeaderElection262: begin an election at term 303 for -1: [f4c54511-b161-4347-aec5-5236dc80a0d8:0.0.0.0:41238, 907b9765-214b-4864-b66a-d6e2a5789e5c:0.0.0.0:41650, bf55b3f9-6b09-4365-9d71-55289e083fa5:0.0.0.0:42441], old=null
2019-10-16 18:01:09,699 [grpc-default-executor-0] INFO  impl.RaftServerImpl (RaftServerImpl.java:setRole(184)) - 907b9765-214b-4864-b66a-d6e2a5789e5c@group-EFD1D20A002C: changes role from  FOLLOWER to FOLLOWER at term 303 for recognizeCandidate:bf55b3f9-6b09-4365-9d71-55289e083fa5
2019-10-16 18:01:09,699 [grpc-default-executor-1] INFO  impl.RaftServerImpl (RaftServerImpl.java:setRole(184)) - f4c54511-b161-4347-aec5-5236dc80a0d8@group-EFD1D20A002C: changes role from  FOLLOWER to FOLLOWER at term 303 for recognizeCandidate:bf55b3f9-6b09-4365-9d71-55289e083fa5
2019-10-16 18:01:09,700 [grpc-default-executor-0] INFO  impl.RoleInfo (RoleInfo.java:shutdownFollowerState(121)) - 907b9765-214b-4864-b66a-d6e2a5789e5c: shutdown FollowerState
2019-10-16 18:01:09,700 [grpc-default-executor-1] INFO  impl.RoleInfo (RoleInfo.java:shutdownFollowerState(121)) - f4c54511-b161-4347-aec5-5236dc80a0d8: shutdown FollowerState
2019-10-16 18:01:09,700 [Thread-1851] INFO  impl.FollowerState (FollowerState.java:run(117)) - 907b9765-214b-4864-b66a-d6e2a5789e5c@group-EFD1D20A002C-FollowerState was interrupted: java.lang.InterruptedException: sleep interrupted
2019-10-16 18:01:09,700 [grpc-default-executor-0] INFO  impl.RoleInfo (RoleInfo.java:updateAndGet(143)) - 907b9765-214b-4864-b66a-d6e2a5789e5c: start FollowerState
2019-10-16 18:01:09,700 [Thread-1852] INFO  impl.FollowerState (FollowerState.java:run(117)) - f4c54511-b161-4347-aec5-5236dc80a0d8@group-EFD1D20A002C-FollowerState was interrupted: java.lang.InterruptedException: sleep interrupted
2019-10-16 18:01:09,700 [grpc-default-executor-1] INFO  impl.RoleInfo (RoleInfo.java:updateAndGet(143)) - f4c54511-b161-4347-aec5-5236dc80a0d8: start FollowerState
2019-10-16 18:01:09,723 [bf55b3f9-6b09-4365-9d71-55289e083fa5@group-EFD1D20A002C-LeaderElection262] INFO  impl.LeaderElection (LeaderElection.java:logAndReturn(56)) - bf55b3f9-6b09-4365-9d71-55289e083fa5@group-EFD1D20A002C-LeaderElection262: Election REJECTED; received 2 response(s) [bf55b3f9-6b09-4365-9d71-55289e083fa5<-f4c54511-b161-4347-aec5-5236dc80a0d8#0:FAIL-t303, bf55b3f9-6b09-4365-9d71-55289e083fa5<-907b9765-214b-4864-b66a-d6e2a5789e5c#0:FAIL-t303] and 0 exception(s); bf55b3f9-6b09-4365-9d71-55289e083fa5@group-EFD1D20A002C:t303, leader=null, voted=bf55b3f9-6b09-4365-9d71-55289e083fa5, raftlog=bf55b3f9-6b09-4365-9d71-55289e083fa5@group-EFD1D20A002C-SegmentedRaftLog:OPENED:c-1,f-1,i0, conf=-1: [f4c54511-b161-4347-aec5-5236dc80a0d8:0.0.0.0:41238, 907b9765-214b-4864-b66a-d6e2a5789e5c:0.0.0.0:41650, bf55b3f9-6b09-4365-9d71-55289e083fa5:0.0.0.0:42441], old=null
2019-10-16 18:01:09,723 [bf55b3f9-6b09-4365-9d71-55289e083fa5@group-EFD1D20A002C-LeaderElection262] INFO  impl.RaftServerImpl (RaftServerImpl.java:setRole(184)) - bf55b3f9-6b09-4365-9d71-55289e083fa5@group-EFD1D20A002C: changes role from CANDIDATE to FOLLOWER at term 303 for DISCOVERED_A_NEW_TERM
2019-10-16 18:01:09,723 [bf55b3f9-6b09-4365-9d71-55289e083fa5@group-EFD1D20A002C-LeaderElection262] INFO  impl.RoleInfo (RoleInfo.java:shutdownLeaderElection(134)) - bf55b3f9-6b09-4365-9d71-55289e083fa5: shutdown LeaderElection
2019-10-16 18:01:09,723 [bf55b3f9-6b09-4365-9d71-55289e083fa5@group-EFD1D20A002C-LeaderElection262] INFO  impl.RoleInfo (RoleInfo.java:updateAndGet(143)) - bf55b3f9-6b09-4365-9d71-55289e083fa5: start FollowerState
2019-10-16 18:01:09,900 [Thread-1859] INFO  impl.FollowerState (FollowerState.java:run(108)) - bf55b3f9-6b09-4365-9d71-55289e083fa5@group-EFD1D20A002C-FollowerState: change to CANDIDATE, lastRpcTime:176ms, electionTimeout:176ms
2019-10-16 18:01:09,900 [Thread-1859] INFO  impl.RoleInfo (RoleInfo.java:shutdownFollowerState(121)) - bf55b3f9-6b09-4365-9d71-55289e083fa5: shutdown FollowerState
2019-10-16 18:01:09,900 [Thread-1859] INFO  impl.RaftServerImpl (RaftServerImpl.java:setRole(184)) - bf55b3f9-6b09-4365-9d71-55289e083fa5@group-EFD1D20A002C: changes role from  FOLLOWER to CANDIDATE at term 303 for changeToCandidate
2019-10-16 18:01:09,900 [Thread-1859] INFO  impl.RoleInfo (RoleInfo.java:updateAndGet(143)) - bf55b3f9-6b09-4365-9d71-55289e083fa5: start LeaderElection
2019-10-16 18:01:09,932 [bf55b3f9-6b09-4365-9d71-55289e083fa5@group-EFD1D20A002C-LeaderElection263] INFO  impl.LeaderElection (LeaderElection.java:askForVotes(178)) - bf55b3f9-6b09-4365-9d71-55289e083fa5@group-EFD1D20A002C-LeaderElection263: begin an election at term 304 for -1: [f4c54511-b161-4347-aec5-5236dc80a0d8:0.0.0.0:41238, 907b9765-214b-4864-b66a-d6e2a5789e5c:0.0.0.0:41650, bf55b3f9-6b09-4365-9d71-55289e083fa5:0.0.0.0:42441], old=null
2019-10-16 18:01:09,934 [grpc-default-executor-0] INFO  impl.RaftServerImpl (RaftServerImpl.java:setRole(184)) - f4c54511-b161-4347-aec5-5236dc80a0d8@group-EFD1D20A002C: changes role from  FOLLOWER to FOLLOWER at term 304 for recognizeCandidate:bf55b3f9-6b09-4365-9d71-55289e083fa5
2019-10-16 18:01:09,934 [grpc-default-executor-1] INFO  impl.RaftServerImpl (RaftServerImpl.java:setRole(184)) - 907b9765-214b-4864-b66a-d6e2a5789e5c@group-EFD1D20A002C: changes role from  FOLLOWER to FOLLOWER at term 304 for recognizeCandidate:bf55b3f9-6b09-4365-9d71-55289e083fa5
2019-10-16 18:01:09,934 [grpc-default-executor-0] INFO  impl.RoleInfo (RoleInfo.java:shutdownFollowerState(121)) - f4c54511-b161-4347-aec5-5236dc80a0d8: shutdown FollowerState
2019-10-16 18:01:09,934 [grpc-default-executor-1] INFO  impl.RoleInfo (RoleInfo.java:shutdownFollowerState(121)) - 907b9765-214b-4864-b66a-d6e2a5789e5c: shutdown FollowerState
2019-10-16 18:01:09,934 [Thread-1858] INFO  impl.FollowerState (FollowerState.java:run(117)) - f4c54511-b161-4347-aec5-5236dc80a0d8@group-EFD1D20A002C-FollowerState was interrupted: java.lang.InterruptedException: sleep interrupted
2019-10-16 18:01:09,934 [grpc-default-executor-0] INFO  impl.RoleInfo (RoleInfo.java:updateAndGet(143)) - f4c54511-b161-4347-aec5-5236dc80a0d8: start FollowerState
2019-10-16 18:01:09,935 [Thread-1857] INFO  impl.FollowerState (FollowerState.java:run(117)) - 907b9765-214b-4864-b66a-d6e2a5789e5c@group-EFD1D20A002C-FollowerState was interrupted: java.lang.InterruptedException: sleep interrupted
2019-10-16 18:01:09,935 [grpc-default-executor-1] INFO  impl.RoleInfo (RoleInfo.java:updateAndGet(143)) - 907b9765-214b-4864-b66a-d6e2a5789e5c: start FollowerState
2019-10-16 18:01:09,958 [bf55b3f9-6b09-4365-9d71-55289e083fa5@group-EFD1D20A002C-LeaderElection263] INFO  impl.LeaderElection (LeaderElection.java:logAndReturn(56)) - bf55b3f9-6b09-4365-9d71-55289e083fa5@group-EFD1D20A002C-LeaderElection263: Election REJECTED; received 2 response(s) [bf55b3f9-6b09-4365-9d71-55289e083fa5<-f4c54511-b161-4347-aec5-5236dc80a0d8#0:FAIL-t304, bf55b3f9-6b09-4365-9d71-55289e083fa5<-907b9765-214b-4864-b66a-d6e2a5789e5c#0:FAIL-t304] and 0 exception(s); bf55b3f9-6b09-4365-9d71-55289e083fa5@group-EFD1D20A002C:t304, leader=null, voted=bf55b3f9-6b09-4365-9d71-55289e083fa5, raftlog=bf55b3f9-6b09-4365-9d71-55289e083fa5@group-EFD1D20A002C-SegmentedRaftLog:OPENED:c-1,f-1,i0, conf=-1: [f4c54511-b161-4347-aec5-5236dc80a0d8:0.0.0.0:41238, 907b9765-214b-4864-b66a-d6e2a5789e5c:0.0.0.0:41650, bf55b3f9-6b09-4365-9d71-55289e083fa5:0.0.0.0:42441], old=null
2019-10-16 18:01:09,958 [bf55b3f9-6b09-4365-9d71-55289e083fa5@group-EFD1D20A002C-LeaderElection263] INFO  impl.RaftServerImpl (RaftServerImpl.java:setRole(184)) - bf55b3f9-6b09-4365-9d71-55289e083fa5@group-EFD1D20A002C: changes role from CANDIDATE to FOLLOWER at term 304 for DISCOVERED_A_NEW_TERM
2019-10-16 18:01:09,958 [bf55b3f9-6b09-4365-9d71-55289e083fa5@group-EFD1D20A002C-LeaderElection263] INFO  impl.RoleInfo (RoleInfo.java:shutdownLeaderElection(134)) - bf55b3f9-6b09-4365-9d71-55289e083fa5: shutdown LeaderElection
2019-10-16 18:01:09,959 [bf55b3f9-6b09-4365-9d71-55289e083fa5@group-EFD1D20A002C-LeaderElection263] INFO  impl.RoleInfo (RoleInfo.java:updateAndGet(143)) - bf55b3f9-6b09-4365-9d71-55289e083fa5: start FollowerState
2019-10-16 18:01:10,157 [Thread-1865] INFO  impl.FollowerState (FollowerState.java:run(108)) - bf55b3f9-6b09-4365-9d71-55289e083fa5@group-EFD1D20A002C-FollowerState: change to CANDIDATE, lastRpcTime:198ms, electionTimeout:198ms
2019-10-16 18:01:10,157 [Thread-1865] INFO  impl.RoleInfo (RoleInfo.java:shutdownFollowerState(121)) - bf55b3f9-6b09-4365-9d71-55289e083fa5: shutdown FollowerState
2019-10-16 18:01:10,157 [Thread-1865] INFO  impl.RaftServerImpl (RaftServerImpl.java:setRole(184)) - bf55b3f9-6b09-4365-9d71-55289e083fa5@group-EFD1D20A002C: changes role from  FOLLOWER to CANDIDATE at term 304 for changeToCandidate
2019-10-16 18:01:10,157 [Thread-1865] INFO  impl.RoleInfo (RoleInfo.java:updateAndGet(143)) - bf55b3f9-6b09-4365-9d71-55289e083fa5: start LeaderElection
2019-10-16 18:01:10,185 [bf55b3f9-6b09-4365-9d71-55289e083fa5@group-EFD1D20A002C-LeaderElection264] INFO  impl.LeaderElection (LeaderElection.java:askForVotes(178)) - bf55b3f9-6b09-4365-9d71-55289e083fa5@group-EFD1D20A002C-LeaderElection264: begin an election at term 305 for -1: [f4c54511-b161-4347-aec5-5236dc80a0d8:0.0.0.0:41238, 907b9765-214b-4864-b66a-d6e2a5789e5c:0.0.0.0:41650, bf55b3f9-6b09-4365-9d71-55289e083fa5:0.0.0.0:42441], old=null
2019-10-16 18:01:10,187 [grpc-default-executor-1] INFO  impl.RaftServerImpl (RaftServerImpl.java:setRole(184)) - f4c54511-b161-4347-aec5-5236dc80a0d8@group-EFD1D20A002C: changes role from  FOLLOWER to FOLLOWER at term 305 for recognizeCandidate:bf55b3f9-6b09-4365-9d71-55289e083fa5
2019-10-16 18:01:10,187 [grpc-default-executor-1] INFO  impl.RoleInfo (RoleInfo.java:shutdownFollowerState(121)) - f4c54511-b161-4347-aec5-5236dc80a0d8: shutdown FollowerState
2019-10-16 18:01:10,187 [grpc-default-executor-0] INFO  impl.RaftServerImpl (RaftServerImpl.java:setRole(184)) - 907b9765-214b-4864-b66a-d6e2a5789e5c@group-EFD1D20A002C: changes role from  FOLLOWER to FOLLOWER at term 305 for recognizeCandidate:bf55b3f9-6b09-4365-9d71-55289e083fa5
2019-10-16 18:01:10,187 [Thread-1863] INFO  impl.FollowerState (FollowerState.java:run(117)) - f4c54511-b161-4347-aec5-5236dc80a0d8@group-EFD1D20A002C-FollowerState was interrupted: java.lang.InterruptedException: sleep interrupted
2019-10-16 18:01:10,187 [grpc-default-executor-1] INFO  impl.RoleInfo (RoleInfo.java:updateAndGet(143)) - f4c54511-b161-4347-aec5-5236dc80a0d8: start FollowerState
2019-10-16 18:01:10,187 [grpc-default-executor-0] INFO  impl.RoleInfo (RoleInfo.java:shutdownFollowerState(121)) - 907b9765-214b-4864-b66a-d6e2a5789e5c: shutdown FollowerState
2019-10-16 18:01:10,188 [grpc-default-executor-0] INFO  impl.RoleInfo (RoleInfo.java:updateAndGet(143)) - 907b9765-214b-4864-b66a-d6e2a5789e5c: start FollowerState
2019-10-16 18:01:10,188 [Thread-1864] INFO  impl.FollowerState (FollowerState.java:run(117)) - 907b9765-214b-4864-b66a-d6e2a5789e5c@group-EFD1D20A002C-FollowerState was interrupted: java.lang.InterruptedException: sleep interrupted
2019-10-16 18:01:10,253 [bf55b3f9-6b09-4365-9d71-55289e083fa5@group-EFD1D20A002C-LeaderElection264] INFO  impl.LeaderElection (LeaderElection.java:logAndReturn(56)) - bf55b3f9-6b09-4365-9d71-55289e083fa5@group-EFD1D20A002C-LeaderElection264: Election REJECTED; received 2 response(s) [bf55b3f9-6b09-4365-9d71-55289e083fa5<-f4c54511-b161-4347-aec5-5236dc80a0d8#0:FAIL-t305, bf55b3f9-6b09-4365-9d71-55289e083fa5<-907b9765-214b-4864-b66a-d6e2a5789e5c#0:FAIL-t305] and 0 exception(s); bf55b3f9-6b09-4365-9d71-55289e083fa5@group-EFD1D20A002C:t305, leader=null, voted=bf55b3f9-6b09-4365-9d71-55289e083fa5, raftlog=bf55b3f9-6b09-4365-9d71-55289e083fa5@group-EFD1D20A002C-SegmentedRaftLog:OPENED:c-1,f-1,i0, conf=-1: [f4c54511-b161-4347-aec5-5236dc80a0d8:0.0.0.0:41238, 907b9765-214b-4864-b66a-d6e2a5789e5c:0.0.0.0:41650, bf55b3f9-6b09-4365-9d71-55289e083fa5:0.0.0.0:42441], old=null
2019-10-16 18:01:10,253 [bf55b3f9-6b09-4365-9d71-55289e083fa5@group-EFD1D20A002C-LeaderElection264] INFO  impl.RaftServerImpl (RaftServerImpl.java:setRole(184)) - bf55b3f9-6b09-4365-9d71-55289e083fa5@group-EFD1D20A002C: changes role from CANDIDATE to FOLLOWER at term 305 for DISCOVERED_A_NEW_TERM
2019-10-16 18:01:10,253 [bf55b3f9-6b09-4365-9d71-55289e083fa5@group-EFD1D20A002C-LeaderElection264] INFO  impl.RoleInfo (RoleInfo.java:shutdownLeaderElection(134)) - bf55b3f9-6b09-4365-9d71-55289e083fa5: shutdown LeaderElection
2019-10-16 18:01:10,253 [bf55b3f9-6b09-4365-9d71-55289e083fa5@group-EFD1D20A002C-LeaderElection264] INFO  impl.RoleInfo (RoleInfo.java:updateAndGet(143)) - bf55b3f9-6b09-4365-9d71-55289e083fa5: start FollowerState
2019-10-16 18:01:10,391 [Thread-1873] INFO  impl.FollowerState (FollowerState.java:run(108)) - bf55b3f9-6b09-4365-9d71-55289e083fa5@group-EFD1D20A002C-FollowerState: change to CANDIDATE, lastRpcTime:137ms, electionTimeout:137ms
2019-10-16 18:01:10,392 [Thread-1873] INFO  impl.RoleInfo (RoleInfo.java:shutdownFollowerState(121)) - bf55b3f9-6b09-4365-9d71-55289e083fa5: shutdown FollowerState
2019-10-16 18:01:10,392 [Thread-1873] INFO  impl.RaftServerImpl (RaftServerImpl.java:setRole(184)) - bf55b3f9-6b09-4365-9d71-55289e083fa5@group-EFD1D20A002C: changes role from  FOLLOWER to CANDIDATE at term 305 for changeToCandidate
2019-10-16 18:01:10,392 [Thread-1873] INFO  impl.RoleInfo (RoleInfo.java:updateAndGet(143)) - bf55b3f9-6b09-4365-9d71-55289e083fa5: start LeaderElection
2019-10-16 18:01:10,422 [bf55b3f9-6b09-4365-9d71-55289e083fa5@group-EFD1D20A002C-LeaderElection265] INFO  impl.LeaderElection (LeaderElection.java:askForVotes(178)) - bf55b3f9-6b09-4365-9d71-55289e083fa5@group-EFD1D20A002C-LeaderElection265: begin an election at term 306 for -1: [f4c54511-b161-4347-aec5-5236dc80a0d8:0.0.0.0:41238, 907b9765-214b-4864-b66a-d6e2a5789e5c:0.0.0.0:41650, bf55b3f9-6b09-4365-9d71-55289e083fa5:0.0.0.0:42441], old=null
2019-10-16 18:01:10,424 [grpc-default-executor-1] INFO  impl.RaftServerImpl (RaftServerImpl.java:setRole(184)) - f4c54511-b161-4347-aec5-5236dc80a0d8@group-EFD1D20A002C: changes role from  FOLLOWER to FOLLOWER at term 306 for recognizeCandidate:bf55b3f9-6b09-4365-9d71-55289e083fa5
2019-10-16 18:01:10,424 [grpc-default-executor-0] INFO  impl.RaftServerImpl (RaftServerImpl.java:setRole(184)) - 907b9765-214b-4864-b66a-d6e2a5789e5c@group-EFD1D20A002C: changes role from  FOLLOWER to FOLLOWER at term 306 for recognizeCandidate:bf55b3f9-6b09-4365-9d71-55289e083fa5
2019-10-16 18:01:10,424 [grpc-default-executor-1] INFO  impl.RoleInfo (RoleInfo.java:shutdownFollowerState(121)) - f4c54511-b161-4347-aec5-5236dc80a0d8: shutdown FollowerState
2019-10-16 18:01:10,424 [grpc-default-executor-0] INFO  impl.RoleInfo (RoleInfo.java:shutdownFollowerState(121)) - 907b9765-214b-4864-b66a-d6e2a5789e5c: shutdown FollowerState
2019-10-16 18:01:10,424 [Thread-1871] INFO  impl.FollowerState (FollowerState.java:run(117)) - f4c54511-b161-4347-aec5-5236dc80a0d8@group-EFD1D20A002C-FollowerState was interrupted: java.lang.InterruptedException: sleep interrupted
2019-10-16 18:01:10,424 [grpc-default-executor-1] INFO  impl.RoleInfo (RoleInfo.java:updateAndGet(143)) - f4c54511-b161-4347-aec5-5236dc80a0d8: start FollowerState
2019-10-16 18:01:10,424 [Thread-1872] INFO  impl.FollowerState (FollowerState.java:run(117)) - 907b9765-214b-4864-b66a-d6e2a5789e5c@group-EFD1D20A002C-FollowerState was interrupted: java.lang.InterruptedException: sleep interrupted
2019-10-16 18:01:10,424 [grpc-default-executor-0] INFO  impl.RoleInfo (RoleInfo.java:updateAndGet(143)) - 907b9765-214b-4864-b66a-d6e2a5789e5c: start FollowerState
2019-10-16 18:01:10,428 [bf55b3f9-6b09-4365-9d71-55289e083fa5@group-EFD1D20A002C-LeaderElection265] INFO  impl.LeaderElection (LeaderElection.java:logAndReturn(56)) - bf55b3f9-6b09-4365-9d71-55289e083fa5@group-EFD1D20A002C-LeaderElection265: Election TIMEOUT; received 0 response(s) [] and 0 exception(s); bf55b3f9-6b09-4365-9d71-55289e083fa5@group-EFD1D20A002C:t306, leader=null, voted=bf55b3f9-6b09-4365-9d71-55289e083fa5, raftlog=bf55b3f9-6b09-4365-9d71-55289e083fa5@group-EFD1D20A002C-SegmentedRaftLog:OPENED:c-1,f-1,i0, conf=-1: [f4c54511-b161-4347-aec5-5236dc80a0d8:0.0.0.0:41238, 907b9765-214b-4864-b66a-d6e2a5789e5c:0.0.0.0:41650, bf55b3f9-6b09-4365-9d71-55289e083fa5:0.0.0.0:42441], old=null
2019-10-16 18:01:10,447 [bf55b3f9-6b09-4365-9d71-55289e083fa5@group-EFD1D20A002C-LeaderElection265] INFO  impl.LeaderElection (LeaderElection.java:askForVotes(178)) - bf55b3f9-6b09-4365-9d71-55289e083fa5@group-EFD1D20A002C-LeaderElection265: begin an election at term 307 for -1: [f4c54511-b161-4347-aec5-5236dc80a0d8:0.0.0.0:41238, 907b9765-214b-4864-b66a-d6e2a5789e5c:0.0.0.0:41650, bf55b3f9-6b09-4365-9d71-55289e083fa5:0.0.0.0:42441], old=null
2019-10-16 18:01:10,448 [grpc-default-executor-1] INFO  impl.RaftServerImpl (RaftServerImpl.java:setRole(184)) - f4c54511-b161-4347-aec5-5236dc80a0d8@group-EFD1D20A002C: changes role from  FOLLOWER to FOLLOWER at term 307 for recognizeCandidate:bf55b3f9-6b09-4365-9d71-55289e083fa5
2019-10-16 18:01:10,448 [grpc-default-executor-1] INFO  impl.RoleInfo (RoleInfo.java:shutdownFollowerState(121)) - f4c54511-b161-4347-aec5-5236dc80a0d8: shutdown FollowerState
2019-10-16 18:01:10,449 [grpc-default-executor-1] INFO  impl.RoleInfo (RoleInfo.java:updateAndGet(143)) - f4c54511-b161-4347-aec5-5236dc80a0d8: start FollowerState
2019-10-16 18:01:10,449 [Thread-1877] INFO  impl.FollowerState (FollowerState.java:run(117)) - f4c54511-b161-4347-aec5-5236dc80a0d8@group-EFD1D20A002C-FollowerState was interrupted: java.lang.InterruptedException: sleep interrupted
2019-10-16 18:01:10,449 [grpc-default-executor-0] INFO  impl.RaftServerImpl (RaftServerImpl.java:setRole(184)) - 907b9765-214b-4864-b66a-d6e2a5789e5c@group-EFD1D20A002C: changes role from  FOLLOWER to FOLLOWER at term 307 for recognizeCandidate:bf55b3f9-6b09-4365-9d71-55289e083fa5
2019-10-16 18:01:10,449 [grpc-default-executor-0] INFO  impl.RoleInfo (RoleInfo.java:shutdownFollowerState(121)) - 907b9765-214b-4864-b66a-d6e2a5789e5c: shutdown FollowerState
2019-10-16 18:01:10,449 [grpc-default-executor-0] INFO  impl.RoleInfo (RoleInfo.java:updateAndGet(143)) - 907b9765-214b-4864-b66a-d6e2a5789e5c: start FollowerState
2019-10-16 18:01:10,449 [Thread-1878] INFO  impl.FollowerState (FollowerState.java:run(117)) - 907b9765-214b-4864-b66a-d6e2a5789e5c@group-EFD1D20A002C-FollowerState was interrupted: java.lang.InterruptedException: sleep interrupted
2019-10-16 18:01:10,473 [bf55b3f9-6b09-4365-9d71-55289e083fa5@group-EFD1D20A002C-LeaderElection265] INFO  impl.LeaderElection (LeaderElection.java:logAndReturn(56)) - bf55b3f9-6b09-4365-9d71-55289e083fa5@group-EFD1D20A002C-LeaderElection265: Election REJECTED; received 2 response(s) [bf55b3f9-6b09-4365-9d71-55289e083fa5<-f4c54511-b161-4347-aec5-5236dc80a0d8#0:FAIL-t307, bf55b3f9-6b09-4365-9d71-55289e083fa5<-907b9765-214b-4864-b66a-d6e2a5789e5c#0:FAIL-t307] and 0 exception(s); bf55b3f9-6b09-4365-9d71-55289e083fa5@group-EFD1D20A002C:t307, leader=null, voted=bf55b3f9-6b09-4365-9d71-55289e083fa5, raftlog=bf55b3f9-6b09-4365-9d71-55289e083fa5@group-EFD1D20A002C-SegmentedRaftLog:OPENED:c-1,f-1,i0, conf=-1: [f4c54511-b161-4347-aec5-5236dc80a0d8:0.0.0.0:41238, 907b9765-214b-4864-b66a-d6e2a5789e5c:0.0.0.0:41650, bf55b3f9-6b09-4365-9d71-55289e083fa5:0.0.0.0:42441], old=null
2019-10-16 18:01:10,473 [bf55b3f9-6b09-4365-9d71-55289e083fa5@group-EFD1D20A002C-LeaderElection265] INFO  impl.RaftServerImpl (RaftServerImpl.java:setRole(184)) - bf55b3f9-6b09-4365-9d71-55289e083fa5@group-EFD1D20A002C: changes role from CANDIDATE to FOLLOWER at term 307 for DISCOVERED_A_NEW_TERM
2019-10-16 18:01:10,474 [bf55b3f9-6b09-4365-9d71-55289e083fa5@group-EFD1D20A002C-LeaderElection265] INFO  impl.RoleInfo (RoleInfo.java:shutdownLeaderElection(134)) - bf55b3f9-6b09-4365-9d71-55289e083fa5: shutdown LeaderElection
2019-10-16 18:01:10,474 [bf55b3f9-6b09-4365-9d71-55289e083fa5@group-EFD1D20A002C-LeaderElection265] INFO  impl.RoleInfo (RoleInfo.java:updateAndGet(143)) - bf55b3f9-6b09-4365-9d71-55289e083fa5: start FollowerState
2019-10-16 18:01:10,513 [Thread-1883] INFO  impl.FollowerState (FollowerState.java:run(108)) - bf55b3f9-6b09-4365-9d71-55289e083fa5@group-EFD1D20A002C-FollowerState: change to CANDIDATE, lastRpcTime:39ms, electionTimeout:39ms
2019-10-16 18:01:10,513 [Thread-1883] INFO  impl.RoleInfo (RoleInfo.java:shutdownFollowerState(121)) - bf55b3f9-6b09-4365-9d71-55289e083fa5: shutdown FollowerState
2019-10-16 18:01:10,513 [Thread-1883] INFO  impl.RaftServerImpl (RaftServerImpl.java:setRole(184)) - bf55b3f9-6b09-4365-9d71-55289e083fa5@group-EFD1D20A002C: changes role from  FOLLOWER to CANDIDATE at term 307 for changeToCandidate
2019-10-16 18:01:10,513 [Thread-1883] INFO  impl.RoleInfo (RoleInfo.java:updateAndGet(143)) - bf55b3f9-6b09-4365-9d71-55289e083fa5: start LeaderElection
2019-10-16 18:01:10,548 [bf55b3f9-6b09-4365-9d71-55289e083fa5@group-EFD1D20A002C-LeaderElection266] INFO  impl.LeaderElection (LeaderElection.java:askForVotes(178)) - bf55b3f9-6b09-4365-9d71-55289e083fa5@group-EFD1D20A002C-LeaderElection266: begin an election at term 308 for -1: [f4c54511-b161-4347-aec5-5236dc80a0d8:0.0.0.0:41238, 907b9765-214b-4864-b66a-d6e2a5789e5c:0.0.0.0:41650, bf55b3f9-6b09-4365-9d71-55289e083fa5:0.0.0.0:42441], old=null
2019-10-16 18:01:10,550 [grpc-default-executor-1] INFO  impl.RaftServerImpl (RaftServerImpl.java:setRole(184)) - f4c54511-b161-4347-aec5-5236dc80a0d8@group-EFD1D20A002C: changes role from  FOLLOWER to FOLLOWER at term 308 for recognizeCandidate:bf55b3f9-6b09-4365-9d71-55289e083fa5
2019-10-16 18:01:10,550 [grpc-default-executor-1] INFO  impl.RoleInfo (RoleInfo.java:shutdownFollowerState(121)) - f4c54511-b161-4347-aec5-5236dc80a0d8: shutdown FollowerState
2019-10-16 18:01:10,550 [grpc-default-executor-0] INFO  impl.RaftServerImpl (RaftServerImpl.java:setRole(184)) - 907b9765-214b-4864-b66a-d6e2a5789e5c@group-EFD1D20A002C: changes role from  FOLLOWER to FOLLOWER at term 308 for recognizeCandidate:bf55b3f9-6b09-4365-9d71-55289e083fa5
2019-10-16 18:01:10,550 [grpc-default-executor-0] INFO  impl.RoleInfo (RoleInfo.java:shutdownFollowerState(121)) - 907b9765-214b-4864-b66a-d6e2a5789e5c: shutdown FollowerState
2019-10-16 18:01:10,550 [Thread-1881] INFO  impl.FollowerState (FollowerState.java:run(117)) - f4c54511-b161-4347-aec5-5236dc80a0d8@group-EFD1D20A002C-FollowerState was interrupted: java.lang.InterruptedException: sleep interrupted
2019-10-16 18:01:10,550 [grpc-default-executor-1] INFO  impl.RoleInfo (RoleInfo.java:updateAndGet(143)) - f4c54511-b161-4347-aec5-5236dc80a0d8: start FollowerState
2019-10-16 18:01:10,550 [Thread-1882] INFO  impl.FollowerState (FollowerState.java:run(117)) - 907b9765-214b-4864-b66a-d6e2a5789e5c@group-EFD1D20A002C-FollowerState was interrupted: java.lang.InterruptedException: sleep interrupted
2019-10-16 18:01:10,550 [grpc-default-executor-0] INFO  impl.RoleInfo (RoleInfo.java:updateAndGet(143)) - 907b9765-214b-4864-b66a-d6e2a5789e5c: start FollowerState
2019-10-16 18:01:10,574 [bf55b3f9-6b09-4365-9d71-55289e083fa5@group-EFD1D20A002C-LeaderElection266] INFO  impl.LeaderElection (LeaderElection.java:logAndReturn(56)) - bf55b3f9-6b09-4365-9d71-55289e083fa5@group-EFD1D20A002C-LeaderElection266: Election REJECTED; received 2 response(s) [bf55b3f9-6b09-4365-9d71-55289e083fa5<-f4c54511-b161-4347-aec5-5236dc80a0d8#0:FAIL-t308, bf55b3f9-6b09-4365-9d71-55289e083fa5<-907b9765-214b-4864-b66a-d6e2a5789e5c#0:FAIL-t308] and 0 exception(s); bf55b3f9-6b09-4365-9d71-55289e083fa5@group-EFD1D20A002C:t308, leader=null, voted=bf55b3f9-6b09-4365-9d71-55289e083fa5, raftlog=bf55b3f9-6b09-4365-9d71-55289e083fa5@group-EFD1D20A002C-SegmentedRaftLog:OPENED:c-1,f-1,i0, conf=-1: [f4c54511-b161-4347-aec5-5236dc80a0d8:0.0.0.0:41238, 907b9765-214b-4864-b66a-d6e2a5789e5c:0.0.0.0:41650, bf55b3f9-6b09-4365-9d71-55289e083fa5:0.0.0.0:42441], old=null
2019-10-16 18:01:10,574 [bf55b3f9-6b09-4365-9d71-55289e083fa5@group-EFD1D20A002C-LeaderElection266] INFO  impl.RaftServerImpl (RaftServerImpl.java:setRole(184)) - bf55b3f9-6b09-4365-9d71-55289e083fa5@group-EFD1D20A002C: changes role from CANDIDATE to FOLLOWER at term 308 for DISCOVERED_A_NEW_TERM
2019-10-16 18:01:10,574 [bf55b3f9-6b09-4365-9d71-55289e083fa5@group-EFD1D20A002C-LeaderElection266] INFO  impl.RoleInfo (RoleInfo.java:shutdownLeaderElection(134)) - bf55b3f9-6b09-4365-9d71-55289e083fa5: shutdown LeaderElection
2019-10-16 18:01:10,574 [bf55b3f9-6b09-4365-9d71-55289e083fa5@group-EFD1D20A002C-LeaderElection266] INFO  impl.RoleInfo (RoleInfo.java:updateAndGet(143)) - bf55b3f9-6b09-4365-9d71-55289e083fa5: start FollowerState
2019-10-16 18:01:10,773 [Thread-1889] INFO  impl.FollowerState (FollowerState.java:run(108)) - bf55b3f9-6b09-4365-9d71-55289e083fa5@group-EFD1D20A002C-FollowerState: change to CANDIDATE, lastRpcTime:198ms, electionTimeout:198ms
2019-10-16 18:01:10,773 [Thread-1889] INFO  impl.RoleInfo (RoleInfo.java:shutdownFollowerState(121)) - bf55b3f9-6b09-4365-9d71-55289e083fa5: shutdown FollowerState
2019-10-16 18:01:10,773 [Thread-1889] INFO  impl.RaftServerImpl (RaftServerImpl.java:setRole(184)) - bf55b3f9-6b09-4365-9d71-55289e083fa5@group-EFD1D20A002C: changes role from  FOLLOWER to CANDIDATE at term 308 for changeToCandidate
2019-10-16 18:01:10,773 [Thread-1889] INFO  impl.RoleInfo (RoleInfo.java:updateAndGet(143)) - bf55b3f9-6b09-4365-9d71-55289e083fa5: start LeaderElection
2019-10-16 18:01:10,801 [bf55b3f9-6b09-4365-9d71-55289e083fa5@group-EFD1D20A002C-LeaderElection267] INFO  impl.LeaderElection (LeaderElection.java:askForVotes(178)) - bf55b3f9-6b09-4365-9d71-55289e083fa5@group-EFD1D20A002C-LeaderElection267: begin an election at term 309 for -1: [f4c54511-b161-4347-aec5-5236dc80a0d8:0.0.0.0:41238, 907b9765-214b-4864-b66a-d6e2a5789e5c:0.0.0.0:41650, bf55b3f9-6b09-4365-9d71-55289e083fa5:0.0.0.0:42441], old=null
2019-10-16 18:01:10,803 [grpc-default-executor-1] INFO  impl.RaftServerImpl (RaftServerImpl.java:setRole(184)) - f4c54511-b161-4347-aec5-5236dc80a0d8@group-EFD1D20A002C: changes role from  FOLLOWER to FOLLOWER at term 309 for recognizeCandidate:bf55b3f9-6b09-4365-9d71-55289e083fa5
2019-10-16 18:01:10,803 [grpc-default-executor-1] INFO  impl.RoleInfo (RoleInfo.java:shutdownFollowerState(121)) - f4c54511-b161-4347-aec5-5236dc80a0d8: shutdown FollowerState
2019-10-16 18:01:10,803 [grpc-default-executor-0] INFO  impl.RaftServerImpl (RaftServerImpl.java:setRole(184)) - 907b9765-214b-4864-b66a-d6e2a5789e5c@group-EFD1D20A002C: changes role from  FOLLOWER to FOLLOWER at term 309 for recognizeCandidate:bf55b3f9-6b09-4365-9d71-55289e083fa5
2019-10-16 18:01:10,803 [Thread-1887] INFO  impl.FollowerState (FollowerState.java:run(117)) - f4c54511-b161-4347-aec5-5236dc80a0d8@group-EFD1D20A002C-FollowerState was interrupted: java.lang.InterruptedException: sleep interrupted
2019-10-16 18:01:10,803 [grpc-default-executor-1] INFO  impl.RoleInfo (RoleInfo.java:updateAndGet(143)) - f4c54511-b161-4347-aec5-5236dc80a0d8: start FollowerState
2019-10-16 18:01:10,803 [grpc-default-executor-0] INFO  impl.RoleInfo (RoleInfo.java:shutdownFollowerState(121)) - 907b9765-214b-4864-b66a-d6e2a5789e5c: shutdown FollowerState
2019-10-16 18:01:10,804 [grpc-default-executor-0] INFO  impl.RoleInfo (RoleInfo.java:updateAndGet(143)) - 907b9765-214b-4864-b66a-d6e2a5789e5c: start FollowerState
2019-10-16 18:01:10,804 [Thread-1888] INFO  impl.FollowerState (FollowerState.java:run(117)) - 907b9765-214b-4864-b66a-d6e2a5789e5c@group-EFD1D20A002C-FollowerState was interrupted: java.lang.InterruptedException: sleep interrupted
2019-10-16 18:01:10,827 [bf55b3f9-6b09-4365-9d71-55289e083fa5@group-EFD1D20A002C-LeaderElection267] INFO  impl.LeaderElection (LeaderElection.java:logAndReturn(56)) - bf55b3f9-6b09-4365-9d71-55289e083fa5@group-EFD1D20A002C-LeaderElection267: Election REJECTED; received 2 response(s) [bf55b3f9-6b09-4365-9d71-55289e083fa5<-f4c54511-b161-4347-aec5-5236dc80a0d8#0:FAIL-t309, bf55b3f9-6b09-4365-9d71-55289e083fa5<-907b9765-214b-4864-b66a-d6e2a5789e5c#0:FAIL-t309] and 0 exception(s); bf55b3f9-6b09-4365-9d71-55289e083fa5@group-EFD1D20A002C:t309, leader=null, voted=bf55b3f9-6b09-4365-9d71-55289e083fa5, raftlog=bf55b3f9-6b09-4365-9d71-55289e083fa5@group-EFD1D20A002C-SegmentedRaftLog:OPENED:c-1,f-1,i0, conf=-1: [f4c54511-b161-4347-aec5-5236dc80a0d8:0.0.0.0:41238, 907b9765-214b-4864-b66a-d6e2a5789e5c:0.0.0.0:41650, bf55b3f9-6b09-4365-9d71-55289e083fa5:0.0.0.0:42441], old=null
2019-10-16 18:01:10,827 [bf55b3f9-6b09-4365-9d71-55289e083fa5@group-EFD1D20A002C-LeaderElection267] INFO  impl.RaftServerImpl (RaftServerImpl.java:setRole(184)) - bf55b3f9-6b09-4365-9d71-55289e083fa5@group-EFD1D20A002C: changes role from CANDIDATE to FOLLOWER at term 309 for DISCOVERED_A_NEW_TERM
2019-10-16 18:01:10,827 [bf55b3f9-6b09-4365-9d71-55289e083fa5@group-EFD1D20A002C-LeaderElection267] INFO  impl.RoleInfo (RoleInfo.java:shutdownLeaderElection(134)) - bf55b3f9-6b09-4365-9d71-55289e083fa5: shutdown LeaderElection
2019-10-16 18:01:10,828 [bf55b3f9-6b09-4365-9d71-55289e083fa5@group-EFD1D20A002C-LeaderElection267] INFO  impl.RoleInfo (RoleInfo.java:updateAndGet(143)) - bf55b3f9-6b09-4365-9d71-55289e083fa5: start FollowerState
2019-10-16 18:01:10,878 [Thread-1895] INFO  impl.FollowerState (FollowerState.java:run(108)) - bf55b3f9-6b09-4365-9d71-55289e083fa5@group-EFD1D20A002C-FollowerState: change to CANDIDATE, lastRpcTime:50ms, electionTimeout:50ms
2019-10-16 18:01:10,878 [Thread-1895] INFO  impl.RoleInfo (RoleInfo.java:shutdownFollowerState(121)) - bf55b3f9-6b09-4365-9d71-55289e083fa5: shutdown FollowerState
2019-10-16 18:01:10,878 [Thread-1895] INFO  impl.RaftServerImpl (RaftServerImpl.java:setRole(184)) - bf55b3f9-6b09-4365-9d71-55289e083fa5@group-EFD1D20A002C: changes role from  FOLLOWER to CANDIDATE at term 309 for changeToCandidate
2019-10-16 18:01:10,878 [Thread-1895] INFO  impl.RoleInfo (RoleInfo.java:updateAndGet(143)) - bf55b3f9-6b09-4365-9d71-55289e083fa5: start LeaderElection
2019-10-16 18:01:10,902 [bf55b3f9-6b09-4365-9d71-55289e083fa5@group-EFD1D20A002C-LeaderElection268] INFO  impl.LeaderElection (LeaderElection.java:askForVotes(178)) - bf55b3f9-6b09-4365-9d71-55289e083fa5@group-EFD1D20A002C-LeaderElection268: begin an election at term 310 for -1: [f4c54511-b161-4347-aec5-5236dc80a0d8:0.0.0.0:41238, 907b9765-214b-4864-b66a-d6e2a5789e5c:0.0.0.0:41650, bf55b3f9-6b09-4365-9d71-55289e083fa5:0.0.0.0:42441], old=null
2019-10-16 18:01:10,904 [grpc-default-executor-1] INFO  impl.RaftServerImpl (RaftServerImpl.java:setRole(184)) - f4c54511-b161-4347-aec5-5236dc80a0d8@group-EFD1D20A002C: changes role from  FOLLOWER to FOLLOWER at term 310 for recognizeCandidate:bf55b3f9-6b09-4365-9d71-55289e083fa5
2019-10-16 18:01:10,904 [grpc-default-executor-0] INFO  impl.RaftServerImpl (RaftServerImpl.java:setRole(184)) - 907b9765-214b-4864-b66a-d6e2a5789e5c@group-EFD1D20A002C: changes role from  FOLLOWER to FOLLOWER at term 310 for recognizeCandidate:bf55b3f9-6b09-4365-9d71-55289e083fa5
2019-10-16 18:01:10,904 [grpc-default-executor-1] INFO  impl.RoleInfo (RoleInfo.java:shutdownFollowerState(121)) - f4c54511-b161-4347-aec5-5236dc80a0d8: shutdown FollowerState
2019-10-16 18:01:10,904 [grpc-default-executor-0] INFO  impl.RoleInfo (RoleInfo.java:shutdownFollowerState(121)) - 907b9765-214b-4864-b66a-d6e2a5789e5c: shutdown FollowerState
2019-10-16 18:01:10,905 [Thread-1893] INFO  impl.FollowerState (FollowerState.java:run(117)) - f4c54511-b161-4347-aec5-5236dc80a0d8@group-EFD1D20A002C-FollowerState was interrupted: java.lang.InterruptedException: sleep interrupted
2019-10-16 18:01:10,905 [grpc-default-executor-1] INFO  impl.RoleInfo (RoleInfo.java:updateAndGet(143)) - f4c54511-b161-4347-aec5-5236dc80a0d8: start FollowerState
2019-10-16 18:01:10,905 [Thread-1894] INFO  impl.FollowerState (FollowerState.java:run(117)) - 907b9765-214b-4864-b66a-d6e2a5789e5c@group-EFD1D20A002C-FollowerState was interrupted: java.lang.InterruptedException: sleep interrupted
2019-10-16 18:01:10,905 [grpc-default-executor-0] INFO  impl.RoleInfo (RoleInfo.java:updateAndGet(143)) - 907b9765-214b-4864-b66a-d6e2a5789e5c: start FollowerState
2019-10-16 18:01:10,928 [bf55b3f9-6b09-4365-9d71-55289e083fa5@group-EFD1D20A002C-LeaderElection268] INFO  impl.LeaderElection (LeaderElection.java:logAndReturn(56)) - bf55b3f9-6b09-4365-9d71-55289e083fa5@group-EFD1D20A002C-LeaderElection268: Election REJECTED; received 2 response(s) [bf55b3f9-6b09-4365-9d71-55289e083fa5<-f4c54511-b161-4347-aec5-5236dc80a0d8#0:FAIL-t310, bf55b3f9-6b09-4365-9d71-55289e083fa5<-907b9765-214b-4864-b66a-d6e2a5789e5c#0:FAIL-t310] and 0 exception(s); bf55b3f9-6b09-4365-9d71-55289e083fa5@group-EFD1D20A002C:t310, leader=null, voted=bf55b3f9-6b09-4365-9d71-55289e083fa5, raftlog=bf55b3f9-6b09-4365-9d71-55289e083fa5@group-EFD1D20A002C-SegmentedRaftLog:OPENED:c-1,f-1,i0, conf=-1: [f4c54511-b161-4347-aec5-5236dc80a0d8:0.0.0.0:41238, 907b9765-214b-4864-b66a-d6e2a5789e5c:0.0.0.0:41650, bf55b3f9-6b09-4365-9d71-55289e083fa5:0.0.0.0:42441], old=null
2019-10-16 18:01:10,929 [bf55b3f9-6b09-4365-9d71-55289e083fa5@group-EFD1D20A002C-LeaderElection268] INFO  impl.RaftServerImpl (RaftServerImpl.java:setRole(184)) - bf55b3f9-6b09-4365-9d71-55289e083fa5@group-EFD1D20A002C: changes role from CANDIDATE to FOLLOWER at term 310 for DISCOVERED_A_NEW_TERM
2019-10-16 18:01:10,929 [bf55b3f9-6b09-4365-9d71-55289e083fa5@group-EFD1D20A002C-LeaderElection268] INFO  impl.RoleInfo (RoleInfo.java:shutdownLeaderElection(134)) - bf55b3f9-6b09-4365-9d71-55289e083fa5: shutdown LeaderElection
2019-10-16 18:01:10,929 [bf55b3f9-6b09-4365-9d71-55289e083fa5@group-EFD1D20A002C-LeaderElection268] INFO  impl.RoleInfo (RoleInfo.java:updateAndGet(143)) - bf55b3f9-6b09-4365-9d71-55289e083fa5: start FollowerState
2019-10-16 18:01:10,931 [Thread-1901] INFO  impl.FollowerState (FollowerState.java:run(108)) - bf55b3f9-6b09-4365-9d71-55289e083fa5@group-EFD1D20A002C-FollowerState: change to CANDIDATE, lastRpcTime:2ms, electionTimeout:2ms
2019-10-16 18:01:10,931 [Thread-1901] INFO  impl.RoleInfo (RoleInfo.java:shutdownFollowerState(121)) - bf55b3f9-6b09-4365-9d71-55289e083fa5: shutdown FollowerState
2019-10-16 18:01:10,931 [Thread-1901] INFO  impl.RaftServerImpl (RaftServerImpl.java:setRole(184)) - bf55b3f9-6b09-4365-9d71-55289e083fa5@group-EFD1D20A002C: changes role from  FOLLOWER to CANDIDATE at term 310 for changeToCandidate
2019-10-16 18:01:10,932 [Thread-1901] INFO  impl.RoleInfo (RoleInfo.java:updateAndGet(143)) - bf55b3f9-6b09-4365-9d71-55289e083fa5: start LeaderElection
2019-10-16 18:01:10,961 [bf55b3f9-6b09-4365-9d71-55289e083fa5@group-EFD1D20A002C-LeaderElection269] INFO  impl.LeaderElection (LeaderElection.java:askForVotes(178)) - bf55b3f9-6b09-4365-9d71-55289e083fa5@group-EFD1D20A002C-LeaderElection269: begin an election at term 311 for -1: [f4c54511-b161-4347-aec5-5236dc80a0d8:0.0.0.0:41238, 907b9765-214b-4864-b66a-d6e2a5789e5c:0.0.0.0:41650, bf55b3f9-6b09-4365-9d71-55289e083fa5:0.0.0.0:42441], old=null
2019-10-16 18:01:10,963 [grpc-default-executor-0] INFO  impl.RaftServerImpl (RaftServerImpl.java:setRole(184)) - f4c54511-b161-4347-aec5-5236dc80a0d8@group-EFD1D20A002C: changes role from  FOLLOWER to FOLLOWER at term 311 for recognizeCandidate:bf55b3f9-6b09-4365-9d71-55289e083fa5
2019-10-16 18:01:10,963 [grpc-default-executor-0] INFO  impl.RoleInfo (RoleInfo.java:shutdownFollowerState(121)) - f4c54511-b161-4347-aec5-5236dc80a0d8: shutdown FollowerState
2019-10-16 18:01:10,963 [grpc-default-executor-1] INFO  impl.RaftServerImpl (RaftServerImpl.java:setRole(184)) - 907b9765-214b-4864-b66a-d6e2a5789e5c@group-EFD1D20A002C: changes role from  FOLLOWER to FOLLOWER at term 311 for recognizeCandidate:bf55b3f9-6b09-4365-9d71-55289e083fa5
2019-10-16 18:01:10,964 [grpc-default-executor-1] INFO  impl.RoleInfo (RoleInfo.java:shutdownFollowerState(121)) - 907b9765-214b-4864-b66a-d6e2a5789e5c: shutdown FollowerState
2019-10-16 18:01:10,963 [Thread-1899] INFO  impl.FollowerState (FollowerState.java:run(117)) - f4c54511-b161-4347-aec5-5236dc80a0d8@group-EFD1D20A002C-FollowerState was interrupted: java.lang.InterruptedException: sleep interrupted
2019-10-16 18:01:10,964 [Thread-1900] INFO  impl.FollowerState (FollowerState.java:run(117)) - 907b9765-214b-4864-b66a-d6e2a5789e5c@group-EFD1D20A002C-FollowerState was interrupted: java.lang.InterruptedException: sleep interrupted
2019-10-16 18:01:10,963 [grpc-default-executor-0] INFO  impl.RoleInfo (RoleInfo.java:updateAndGet(143)) - f4c54511-b161-4347-aec5-5236dc80a0d8: start FollowerState
2019-10-16 18:01:10,964 [grpc-default-executor-1] INFO  impl.RoleInfo (RoleInfo.java:updateAndGet(143)) - 907b9765-214b-4864-b66a-d6e2a5789e5c: start FollowerState
2019-10-16 18:01:10,970 [bf55b3f9-6b09-4365-9d71-55289e083fa5@group-EFD1D20A002C-LeaderElection269] INFO  impl.LeaderElection (LeaderElection.java:logAndReturn(56)) - bf55b3f9-6b09-4365-9d71-55289e083fa5@group-EFD1D20A002C-LeaderElection269: Election TIMEOUT; received 0 response(s) [] and 0 exception(s); bf55b3f9-6b09-4365-9d71-55289e083fa5@group-EFD1D20A002C:t311, leader=null, voted=bf55b3f9-6b09-4365-9d71-55289e083fa5, raftlog=bf55b3f9-6b09-4365-9d71-55289e083fa5@group-EFD1D20A002C-SegmentedRaftLog:OPENED:c-1,f-1,i0, conf=-1: [f4c54511-b161-4347-aec5-5236dc80a0d8:0.0.0.0:41238, 907b9765-214b-4864-b66a-d6e2a5789e5c:0.0.0.0:41650, bf55b3f9-6b09-4365-9d71-55289e083fa5:0.0.0.0:42441], old=null
2019-10-16 18:01:10,987 [bf55b3f9-6b09-4365-9d71-55289e083fa5@group-EFD1D20A002C-LeaderElection269] INFO  impl.LeaderElection (LeaderElection.java:askForVotes(178)) - bf55b3f9-6b09-4365-9d71-55289e083fa5@group-EFD1D20A002C-LeaderElection269: begin an election at term 312 for -1: [f4c54511-b161-4347-aec5-5236dc80a0d8:0.0.0.0:41238, 907b9765-214b-4864-b66a-d6e2a5789e5c:0.0.0.0:41650, bf55b3f9-6b09-4365-9d71-55289e083fa5:0.0.0.0:42441], old=null
2019-10-16 18:01:10,989 [grpc-default-executor-0] INFO  impl.RaftServerImpl (RaftServerImpl.java:setRole(184)) - f4c54511-b161-4347-aec5-5236dc80a0d8@group-EFD1D20A002C: changes role from  FOLLOWER to FOLLOWER at term 312 for recognizeCandidate:bf55b3f9-6b09-4365-9d71-55289e083fa5
2019-10-16 18:01:10,989 [grpc-default-executor-0] INFO  impl.RoleInfo (RoleInfo.java:shutdownFollowerState(121)) - f4c54511-b161-4347-aec5-5236dc80a0d8: shutdown FollowerState
2019-10-16 18:01:10,989 [grpc-default-executor-0] INFO  impl.RoleInfo (RoleInfo.java:updateAndGet(143)) - f4c54511-b161-4347-aec5-5236dc80a0d8: start FollowerState
2019-10-16 18:01:10,989 [Thread-1905] INFO  impl.FollowerState (FollowerState.java:run(117)) - f4c54511-b161-4347-aec5-5236dc80a0d8@group-EFD1D20A002C-FollowerState was interrupted: java.lang.InterruptedException: sleep interrupted
2019-10-16 18:01:10,989 [grpc-default-executor-1] INFO  impl.RaftServerImpl (RaftServerImpl.java:setRole(184)) - 907b9765-214b-4864-b66a-d6e2a5789e5c@group-EFD1D20A002C: changes role from  FOLLOWER to FOLLOWER at term 312 for recognizeCandidate:bf55b3f9-6b09-4365-9d71-55289e083fa5
2019-10-16 18:01:10,989 [grpc-default-executor-1] INFO  impl.RoleInfo (RoleInfo.java:shutdownFollowerState(121)) - 907b9765-214b-4864-b66a-d6e2a5789e5c: shutdown FollowerState
2019-10-16 18:01:10,990 [grpc-default-executor-1] INFO  impl.RoleInfo (RoleInfo.java:updateAndGet(143)) - 907b9765-214b-4864-b66a-d6e2a5789e5c: start FollowerState
2019-10-16 18:01:10,990 [Thread-1906] INFO  impl.FollowerState (FollowerState.java:run(117)) - 907b9765-214b-4864-b66a-d6e2a5789e5c@group-EFD1D20A002C-FollowerState was interrupted: java.lang.InterruptedException: sleep interrupted
2019-10-16 18:01:11,013 [bf55b3f9-6b09-4365-9d71-55289e083fa5@group-EFD1D20A002C-LeaderElection269] INFO  impl.LeaderElection (LeaderElection.java:logAndReturn(56)) - bf55b3f9-6b09-4365-9d71-55289e083fa5@group-EFD1D20A002C-LeaderElection269: Election REJECTED; received 2 response(s) [bf55b3f9-6b09-4365-9d71-55289e083fa5<-f4c54511-b161-4347-aec5-5236dc80a0d8#0:FAIL-t312, bf55b3f9-6b09-4365-9d71-55289e083fa5<-907b9765-214b-4864-b66a-d6e2a5789e5c#0:FAIL-t312] and 0 exception(s); bf55b3f9-6b09-4365-9d71-55289e083fa5@group-EFD1D20A002C:t312, leader=null, voted=bf55b3f9-6b09-4365-9d71-55289e083fa5, raftlog=bf55b3f9-6b09-4365-9d71-55289e083fa5@group-EFD1D20A002C-SegmentedRaftLog:OPENED:c-1,f-1,i0, conf=-1: [f4c54511-b161-4347-aec5-5236dc80a0d8:0.0.0.0:41238, 907b9765-214b-4864-b66a-d6e2a5789e5c:0.0.0.0:41650, bf55b3f9-6b09-4365-9d71-55289e083fa5:0.0.0.0:42441], old=null
2019-10-16 18:01:11,014 [bf55b3f9-6b09-4365-9d71-55289e083fa5@group-EFD1D20A002C-LeaderElection269] INFO  impl.RaftServerImpl (RaftServerImpl.java:setRole(184)) - bf55b3f9-6b09-4365-9d71-55289e083fa5@group-EFD1D20A002C: changes role from CANDIDATE to FOLLOWER at term 312 for DISCOVERED_A_NEW_TERM
2019-10-16 18:01:11,014 [bf55b3f9-6b09-4365-9d71-55289e083fa5@group-EFD1D20A002C-LeaderElection269] INFO  impl.RoleInfo (RoleInfo.java:shutdownLeaderElection(134)) - bf55b3f9-6b09-4365-9d71-55289e083fa5: shutdown LeaderElection
2019-10-16 18:01:11,014 [bf55b3f9-6b09-4365-9d71-55289e083fa5@group-EFD1D20A002C-LeaderElection269] INFO  impl.RoleInfo (RoleInfo.java:updateAndGet(143)) - bf55b3f9-6b09-4365-9d71-55289e083fa5: start FollowerState
2019-10-16 18:01:11,211 [Thread-1911] INFO  impl.FollowerState (FollowerState.java:run(108)) - bf55b3f9-6b09-4365-9d71-55289e083fa5@group-EFD1D20A002C-FollowerState: change to CANDIDATE, lastRpcTime:197ms, electionTimeout:197ms
2019-10-16 18:01:11,211 [Thread-1911] INFO  impl.RoleInfo (RoleInfo.java:shutdownFollowerState(121)) - bf55b3f9-6b09-4365-9d71-55289e083fa5: shutdown FollowerState
2019-10-16 18:01:11,212 [Thread-1911] INFO  impl.RaftServerImpl (RaftServerImpl.java:setRole(184)) - bf55b3f9-6b09-4365-9d71-55289e083fa5@group-EFD1D20A002C: changes role from  FOLLOWER to CANDIDATE at term 312 for changeToCandidate
2019-10-16 18:01:11,212 [Thread-1911] INFO  impl.RoleInfo (RoleInfo.java:updateAndGet(143)) - bf55b3f9-6b09-4365-9d71-55289e083fa5: start LeaderElection
2019-10-16 18:01:11,257 [bf55b3f9-6b09-4365-9d71-55289e083fa5@group-EFD1D20A002C-LeaderElection270] INFO  impl.LeaderElection (LeaderElection.java:askForVotes(178)) - bf55b3f9-6b09-4365-9d71-55289e083fa5@group-EFD1D20A002C-LeaderElection270: begin an election at term 313 for -1: [f4c54511-b161-4347-aec5-5236dc80a0d8:0.0.0.0:41238, 907b9765-214b-4864-b66a-d6e2a5789e5c:0.0.0.0:41650, bf55b3f9-6b09-4365-9d71-55289e083fa5:0.0.0.0:42441], old=null
2019-10-16 18:01:11,259 [grpc-default-executor-0] INFO  impl.RaftServerImpl (RaftServerImpl.java:setRole(184)) - f4c54511-b161-4347-aec5-5236dc80a0d8@group-EFD1D20A002C: changes role from  FOLLOWER to FOLLOWER at term 313 for recognizeCandidate:bf55b3f9-6b09-4365-9d71-55289e083fa5
2019-10-16 18:01:11,259 [grpc-default-executor-0] INFO  impl.RoleInfo (RoleInfo.java:shutdownFollowerState(121)) - f4c54511-b161-4347-aec5-5236dc80a0d8: shutdown FollowerState
2019-10-16 18:01:11,259 [grpc-default-executor-1] INFO  impl.RaftServerImpl (RaftServerImpl.java:setRole(184)) - 907b9765-214b-4864-b66a-d6e2a5789e5c@group-EFD1D20A002C: changes role from  FOLLOWER to FOLLOWER at term 313 for recognizeCandidate:bf55b3f9-6b09-4365-9d71-55289e083fa5
2019-10-16 18:01:11,260 [grpc-default-executor-1] INFO  impl.RoleInfo (RoleInfo.java:shutdownFollowerState(121)) - 907b9765-214b-4864-b66a-d6e2a5789e5c: shutdown FollowerState
2019-10-16 18:01:11,259 [Thread-1909] INFO  impl.FollowerState (FollowerState.java:run(117)) - f4c54511-b161-4347-aec5-5236dc80a0d8@group-EFD1D20A002C-FollowerState was interrupted: java.lang.InterruptedException: sleep interrupted
2019-10-16 18:01:11,259 [grpc-default-executor-0] INFO  impl.RoleInfo (RoleInfo.java:updateAndGet(143)) - f4c54511-b161-4347-aec5-5236dc80a0d8: start FollowerState
2019-10-16 18:01:11,260 [Thread-1910] INFO  impl.FollowerState (FollowerState.java:run(117)) - 907b9765-214b-4864-b66a-d6e2a5789e5c@group-EFD1D20A002C-FollowerState was interrupted: java.lang.InterruptedException: sleep interrupted
2019-10-16 18:01:11,260 [grpc-default-executor-1] INFO  impl.RoleInfo (RoleInfo.java:updateAndGet(143)) - 907b9765-214b-4864-b66a-d6e2a5789e5c: start FollowerState
2019-10-16 18:01:11,283 [bf55b3f9-6b09-4365-9d71-55289e083fa5@group-EFD1D20A002C-LeaderElection270] INFO  impl.LeaderElection (LeaderElection.java:logAndReturn(56)) - bf55b3f9-6b09-4365-9d71-55289e083fa5@group-EFD1D20A002C-LeaderElection270: Election REJECTED; received 2 response(s) [bf55b3f9-6b09-4365-9d71-55289e083fa5<-f4c54511-b161-4347-aec5-5236dc80a0d8#0:FAIL-t313, bf55b3f9-6b09-4365-9d71-55289e083fa5<-907b9765-214b-4864-b66a-d6e2a5789e5c#0:FAIL-t313] and 0 exception(s); bf55b3f9-6b09-4365-9d71-55289e083fa5@group-EFD1D20A002C:t313, leader=null, voted=bf55b3f9-6b09-4365-9d71-55289e083fa5, raftlog=bf55b3f9-6b09-4365-9d71-55289e083fa5@group-EFD1D20A002C-SegmentedRaftLog:OPENED:c-1,f-1,i0, conf=-1: [f4c54511-b161-4347-aec5-5236dc80a0d8:0.0.0.0:41238, 907b9765-214b-4864-b66a-d6e2a5789e5c:0.0.0.0:41650, bf55b3f9-6b09-4365-9d71-55289e083fa5:0.0.0.0:42441], old=null
2019-10-16 18:01:11,283 [bf55b3f9-6b09-4365-9d71-55289e083fa5@group-EFD1D20A002C-LeaderElection270] INFO  impl.RaftServerImpl (RaftServerImpl.java:setRole(184)) - bf55b3f9-6b09-4365-9d71-55289e083fa5@group-EFD1D20A002C: changes role from CANDIDATE to FOLLOWER at term 313 for DISCOVERED_A_NEW_TERM
2019-10-16 18:01:11,284 [bf55b3f9-6b09-4365-9d71-55289e083fa5@group-EFD1D20A002C-LeaderElection270] INFO  impl.RoleInfo (RoleInfo.java:shutdownLeaderElection(134)) - bf55b3f9-6b09-4365-9d71-55289e083fa5: shutdown LeaderElection
2019-10-16 18:01:11,284 [bf55b3f9-6b09-4365-9d71-55289e083fa5@group-EFD1D20A002C-LeaderElection270] INFO  impl.RoleInfo (RoleInfo.java:updateAndGet(143)) - bf55b3f9-6b09-4365-9d71-55289e083fa5: start FollowerState
2019-10-16 18:01:11,303 [Thread-1919] INFO  impl.FollowerState (FollowerState.java:run(108)) - bf55b3f9-6b09-4365-9d71-55289e083fa5@group-EFD1D20A002C-FollowerState: change to CANDIDATE, lastRpcTime:19ms, electionTimeout:19ms
2019-10-16 18:01:11,303 [Thread-1919] INFO  impl.RoleInfo (RoleInfo.java:shutdownFollowerState(121)) - bf55b3f9-6b09-4365-9d71-55289e083fa5: shutdown FollowerState
2019-10-16 18:01:11,303 [Thread-1919] INFO  impl.RaftServerImpl (RaftServerImpl.java:setRole(184)) - bf55b3f9-6b09-4365-9d71-55289e083fa5@group-EFD1D20A002C: changes role from  FOLLOWER to CANDIDATE at term 313 for changeToCandidate
2019-10-16 18:01:11,304 [Thread-1919] INFO  impl.RoleInfo (RoleInfo.java:updateAndGet(143)) - bf55b3f9-6b09-4365-9d71-55289e083fa5: start LeaderElection
2019-10-16 18:01:11,325 [bf55b3f9-6b09-4365-9d71-55289e083fa5@group-EFD1D20A002C-LeaderElection271] INFO  impl.LeaderElection (LeaderElection.java:askForVotes(178)) - bf55b3f9-6b09-4365-9d71-55289e083fa5@group-EFD1D20A002C-LeaderElection271: begin an election at term 314 for -1: [f4c54511-b161-4347-aec5-5236dc80a0d8:0.0.0.0:41238, 907b9765-214b-4864-b66a-d6e2a5789e5c:0.0.0.0:41650, bf55b3f9-6b09-4365-9d71-55289e083fa5:0.0.0.0:42441], old=null
2019-10-16 18:01:11,327 [grpc-default-executor-1] INFO  impl.RaftServerImpl (RaftServerImpl.java:setRole(184)) - 907b9765-214b-4864-b66a-d6e2a5789e5c@group-EFD1D20A002C: changes role from  FOLLOWER to FOLLOWER at term 314 for recognizeCandidate:bf55b3f9-6b09-4365-9d71-55289e083fa5
2019-10-16 18:01:11,327 [grpc-default-executor-1] INFO  impl.RoleInfo (RoleInfo.java:shutdownFollowerState(121)) - 907b9765-214b-4864-b66a-d6e2a5789e5c: shutdown FollowerState
2019-10-16 18:01:11,327 [grpc-default-executor-0] INFO  impl.RaftServerImpl (RaftServerImpl.java:setRole(184)) - f4c54511-b161-4347-aec5-5236dc80a0d8@group-EFD1D20A002C: changes role from  FOLLOWER to FOLLOWER at term 314 for recognizeCandidate:bf55b3f9-6b09-4365-9d71-55289e083fa5
2019-10-16 18:01:11,327 [grpc-default-executor-0] INFO  impl.RoleInfo (RoleInfo.java:shutdownFollowerState(121)) - f4c54511-b161-4347-aec5-5236dc80a0d8: shutdown FollowerState
2019-10-16 18:01:11,327 [Thread-1918] INFO  impl.FollowerState (FollowerState.java:run(117)) - 907b9765-214b-4864-b66a-d6e2a5789e5c@group-EFD1D20A002C-FollowerState was interrupted: java.lang.InterruptedException: sleep interrupted
2019-10-16 18:01:11,327 [grpc-default-executor-1] INFO  impl.RoleInfo (RoleInfo.java:updateAndGet(143)) - 907b9765-214b-4864-b66a-d6e2a5789e5c: start FollowerState
2019-10-16 18:01:11,328 [Thread-1917] INFO  impl.FollowerState (FollowerState.java:run(117)) - f4c54511-b161-4347-aec5-5236dc80a0d8@group-EFD1D20A002C-FollowerState was interrupted: java.lang.InterruptedException: sleep interrupted
2019-10-16 18:01:11,327 [grpc-default-executor-0] INFO  impl.RoleInfo (RoleInfo.java:updateAndGet(143)) - f4c54511-b161-4347-aec5-5236dc80a0d8: start FollowerState
2019-10-16 18:01:11,351 [bf55b3f9-6b09-4365-9d71-55289e083fa5@group-EFD1D20A002C-LeaderElection271] INFO  impl.LeaderElection (LeaderElection.java:logAndReturn(56)) - bf55b3f9-6b09-4365-9d71-55289e083fa5@group-EFD1D20A002C-LeaderElection271: Election REJECTED; received 2 response(s) [bf55b3f9-6b09-4365-9d71-55289e083fa5<-f4c54511-b161-4347-aec5-5236dc80a0d8#0:FAIL-t314, bf55b3f9-6b09-4365-9d71-55289e083fa5<-907b9765-214b-4864-b66a-d6e2a5789e5c#0:FAIL-t314] and 0 exception(s); bf55b3f9-6b09-4365-9d71-55289e083fa5@group-EFD1D20A002C:t314, leader=null, voted=bf55b3f9-6b09-4365-9d71-55289e083fa5, raftlog=bf55b3f9-6b09-4365-9d71-55289e083fa5@group-EFD1D20A002C-SegmentedRaftLog:OPENED:c-1,f-1,i0, conf=-1: [f4c54511-b161-4347-aec5-5236dc80a0d8:0.0.0.0:41238, 907b9765-214b-4864-b66a-d6e2a5789e5c:0.0.0.0:41650, bf55b3f9-6b09-4365-9d71-55289e083fa5:0.0.0.0:42441], old=null
2019-10-16 18:01:11,351 [bf55b3f9-6b09-4365-9d71-55289e083fa5@group-EFD1D20A002C-LeaderElection271] INFO  impl.RaftServerImpl (RaftServerImpl.java:setRole(184)) - bf55b3f9-6b09-4365-9d71-55289e083fa5@group-EFD1D20A002C: changes role from CANDIDATE to FOLLOWER at term 314 for DISCOVERED_A_NEW_TERM
2019-10-16 18:01:11,352 [bf55b3f9-6b09-4365-9d71-55289e083fa5@group-EFD1D20A002C-LeaderElection271] INFO  impl.RoleInfo (RoleInfo.java:shutdownLeaderElection(134)) - bf55b3f9-6b09-4365-9d71-55289e083fa5: shutdown LeaderElection
2019-10-16 18:01:11,352 [bf55b3f9-6b09-4365-9d71-55289e083fa5@group-EFD1D20A002C-LeaderElection271] INFO  impl.RoleInfo (RoleInfo.java:updateAndGet(143)) - bf55b3f9-6b09-4365-9d71-55289e083fa5: start FollowerState
2019-10-16 18:01:11,521 [Thread-1925] INFO  impl.FollowerState (FollowerState.java:run(108)) - bf55b3f9-6b09-4365-9d71-55289e083fa5@group-EFD1D20A002C-FollowerState: change to CANDIDATE, lastRpcTime:169ms, electionTimeout:169ms
2019-10-16 18:01:11,522 [Thread-1925] INFO  impl.RoleInfo (RoleInfo.java:shutdownFollowerState(121)) - bf55b3f9-6b09-4365-9d71-55289e083fa5: shutdown FollowerState
2019-10-16 18:01:11,522 [Thread-1925] INFO  impl.RaftServerImpl (RaftServerImpl.java:setRole(184)) - bf55b3f9-6b09-4365-9d71-55289e083fa5@group-EFD1D20A002C: changes role from  FOLLOWER to CANDIDATE at term 314 for changeToCandidate
2019-10-16 18:01:11,522 [Thread-1925] INFO  impl.RoleInfo (RoleInfo.java:updateAndGet(143)) - bf55b3f9-6b09-4365-9d71-55289e083fa5: start LeaderElection
2019-10-16 18:01:11,551 [bf55b3f9-6b09-4365-9d71-55289e083fa5@group-EFD1D20A002C-LeaderElection272] INFO  impl.LeaderElection (LeaderElection.java:askForVotes(178)) - bf55b3f9-6b09-4365-9d71-55289e083fa5@group-EFD1D20A002C-LeaderElection272: begin an election at term 315 for -1: [f4c54511-b161-4347-aec5-5236dc80a0d8:0.0.0.0:41238, 907b9765-214b-4864-b66a-d6e2a5789e5c:0.0.0.0:41650, bf55b3f9-6b09-4365-9d71-55289e083fa5:0.0.0.0:42441], old=null
2019-10-16 18:01:11,554 [grpc-default-executor-1] INFO  impl.RaftServerImpl (RaftServerImpl.java:setRole(184)) - 907b9765-214b-4864-b66a-d6e2a5789e5c@group-EFD1D20A002C: changes role from  FOLLOWER to FOLLOWER at term 315 for recognizeCandidate:bf55b3f9-6b09-4365-9d71-55289e083fa5
2019-10-16 18:01:11,554 [grpc-default-executor-0] INFO  impl.RaftServerImpl (RaftServerImpl.java:setRole(184)) - f4c54511-b161-4347-aec5-5236dc80a0d8@group-EFD1D20A002C: changes role from  FOLLOWER to FOLLOWER at term 315 for recognizeCandidate:bf55b3f9-6b09-4365-9d71-55289e083fa5
2019-10-16 18:01:11,554 [grpc-default-executor-1] INFO  impl.RoleInfo (RoleInfo.java:shutdownFollowerState(121)) - 907b9765-214b-4864-b66a-d6e2a5789e5c: shutdown FollowerState
2019-10-16 18:01:11,554 [grpc-default-executor-0] INFO  impl.RoleInfo (RoleInfo.java:shutdownFollowerState(121)) - f4c54511-b161-4347-aec5-5236dc80a0d8: shutdown FollowerState
2019-10-16 18:01:11,554 [Thread-1923] INFO  impl.FollowerState (FollowerState.java:run(117)) - 907b9765-214b-4864-b66a-d6e2a5789e5c@group-EFD1D20A002C-FollowerState was interrupted: java.lang.InterruptedException: sleep interrupted
2019-10-16 18:01:11,554 [grpc-default-executor-1] INFO  impl.RoleInfo (RoleInfo.java:updateAndGet(143)) - 907b9765-214b-4864-b66a-d6e2a5789e5c: start FollowerState
2019-10-16 18:01:11,555 [Thread-1924] INFO  impl.FollowerState (FollowerState.java:run(117)) - f4c54511-b161-4347-aec5-5236dc80a0d8@group-EFD1D20A002C-FollowerState was interrupted: java.lang.InterruptedException: sleep interrupted
2019-10-16 18:01:11,555 [grpc-default-executor-0] INFO  impl.RoleInfo (RoleInfo.java:updateAndGet(143)) - f4c54511-b161-4347-aec5-5236dc80a0d8: start FollowerState
2019-10-16 18:01:11,578 [bf55b3f9-6b09-4365-9d71-55289e083fa5@group-EFD1D20A002C-LeaderElection272] INFO  impl.LeaderElection (LeaderElection.java:logAndReturn(56)) - bf55b3f9-6b09-4365-9d71-55289e083fa5@group-EFD1D20A002C-LeaderElection272: Election REJECTED; received 2 response(s) [bf55b3f9-6b09-4365-9d71-55289e083fa5<-f4c54511-b161-4347-aec5-5236dc80a0d8#0:FAIL-t315, bf55b3f9-6b09-4365-9d71-55289e083fa5<-907b9765-214b-4864-b66a-d6e2a5789e5c#0:FAIL-t315] and 0 exception(s); bf55b3f9-6b09-4365-9d71-55289e083fa5@group-EFD1D20A002C:t315, leader=null, voted=bf55b3f9-6b09-4365-9d71-55289e083fa5, raftlog=bf55b3f9-6b09-4365-9d71-55289e083fa5@group-EFD1D20A002C-SegmentedRaftLog:OPENED:c-1,f-1,i0, conf=-1: [f4c54511-b161-4347-aec5-5236dc80a0d8:0.0.0.0:41238, 907b9765-214b-4864-b66a-d6e2a5789e5c:0.0.0.0:41650, bf55b3f9-6b09-4365-9d71-55289e083fa5:0.0.0.0:42441], old=null
2019-10-16 18:01:11,578 [bf55b3f9-6b09-4365-9d71-55289e083fa5@group-EFD1D20A002C-LeaderElection272] INFO  impl.RaftServerImpl (RaftServerImpl.java:setRole(184)) - bf55b3f9-6b09-4365-9d71-55289e083fa5@group-EFD1D20A002C: changes role from CANDIDATE to FOLLOWER at term 315 for DISCOVERED_A_NEW_TERM
2019-10-16 18:01:11,578 [bf55b3f9-6b09-4365-9d71-55289e083fa5@group-EFD1D20A002C-LeaderElection272] INFO  impl.RoleInfo (RoleInfo.java:shutdownLeaderElection(134)) - bf55b3f9-6b09-4365-9d71-55289e083fa5: shutdown LeaderElection
2019-10-16 18:01:11,578 [bf55b3f9-6b09-4365-9d71-55289e083fa5@group-EFD1D20A002C-LeaderElection272] INFO  impl.RoleInfo (RoleInfo.java:updateAndGet(143)) - bf55b3f9-6b09-4365-9d71-55289e083fa5: start FollowerState
2019-10-16 18:01:11,732 [Thread-1931] INFO  impl.FollowerState (FollowerState.java:run(108)) - bf55b3f9-6b09-4365-9d71-55289e083fa5@group-EFD1D20A002C-FollowerState: change to CANDIDATE, lastRpcTime:153ms, electionTimeout:153ms
2019-10-16 18:01:11,732 [Thread-1931] INFO  impl.RoleInfo (RoleInfo.java:shutdownFollowerState(121)) - bf55b3f9-6b09-4365-9d71-55289e083fa5: shutdown FollowerState
2019-10-16 18:01:11,732 [Thread-1931] INFO  impl.RaftServerImpl (RaftServerImpl.java:setRole(184)) - bf55b3f9-6b09-4365-9d71-55289e083fa5@group-EFD1D20A002C: changes role from  FOLLOWER to CANDIDATE at term 315 for changeToCandidate
2019-10-16 18:01:11,732 [Thread-1931] INFO  impl.RoleInfo (RoleInfo.java:updateAndGet(143)) - bf55b3f9-6b09-4365-9d71-55289e083fa5: start LeaderElection
2019-10-16 18:01:11,761 [bf55b3f9-6b09-4365-9d71-55289e083fa5@group-EFD1D20A002C-LeaderElection273] INFO  impl.LeaderElection (LeaderElection.java:askForVotes(178)) - bf55b3f9-6b09-4365-9d71-55289e083fa5@group-EFD1D20A002C-LeaderElection273: begin an election at term 316 for -1: [f4c54511-b161-4347-aec5-5236dc80a0d8:0.0.0.0:41238, 907b9765-214b-4864-b66a-d6e2a5789e5c:0.0.0.0:41650, bf55b3f9-6b09-4365-9d71-55289e083fa5:0.0.0.0:42441], old=null
2019-10-16 18:01:11,764 [grpc-default-executor-0] INFO  impl.RaftServerImpl (RaftServerImpl.java:setRole(184)) - f4c54511-b161-4347-aec5-5236dc80a0d8@group-EFD1D20A002C: changes role from  FOLLOWER to FOLLOWER at term 316 for recognizeCandidate:bf55b3f9-6b09-4365-9d71-55289e083fa5
2019-10-16 18:01:11,764 [grpc-default-executor-0] INFO  impl.RoleInfo (RoleInfo.java:shutdownFollowerState(121)) - f4c54511-b161-4347-aec5-5236dc80a0d8: shutdown FollowerState
2019-10-16 18:01:11,764 [grpc-default-executor-1] INFO  impl.RaftServerImpl (RaftServerImpl.java:setRole(184)) - 907b9765-214b-4864-b66a-d6e2a5789e5c@group-EFD1D20A002C: changes role from  FOLLOWER to FOLLOWER at term 316 for recognizeCandidate:bf55b3f9-6b09-4365-9d71-55289e083fa5
2019-10-16 18:01:11,764 [Thread-1930] INFO  impl.FollowerState (FollowerState.java:run(117)) - f4c54511-b161-4347-aec5-5236dc80a0d8@group-EFD1D20A002C-FollowerState was interrupted: java.lang.InterruptedException: sleep interrupted
2019-10-16 18:01:11,764 [grpc-default-executor-0] INFO  impl.RoleInfo (RoleInfo.java:updateAndGet(143)) - f4c54511-b161-4347-aec5-5236dc80a0d8: start FollowerState
2019-10-16 18:01:11,764 [grpc-default-executor-1] INFO  impl.RoleInfo (RoleInfo.java:shutdownFollowerState(121)) - 907b9765-214b-4864-b66a-d6e2a5789e5c: shutdown FollowerState
2019-10-16 18:01:11,765 [grpc-default-executor-1] INFO  impl.RoleInfo (RoleInfo.java:updateAndGet(143)) - 907b9765-214b-4864-b66a-d6e2a5789e5c: start FollowerState
2019-10-16 18:01:11,765 [Thread-1929] INFO  impl.FollowerState (FollowerState.java:run(117)) - 907b9765-214b-4864-b66a-d6e2a5789e5c@group-EFD1D20A002C-FollowerState was interrupted: java.lang.InterruptedException: sleep interrupted
2019-10-16 18:01:11,788 [bf55b3f9-6b09-4365-9d71-55289e083fa5@group-EFD1D20A002C-LeaderElection273] INFO  impl.LeaderElection (LeaderElection.java:logAndReturn(56)) - bf55b3f9-6b09-4365-9d71-55289e083fa5@group-EFD1D20A002C-LeaderElection273: Election REJECTED; received 2 response(s) [bf55b3f9-6b09-4365-9d71-55289e083fa5<-f4c54511-b161-4347-aec5-5236dc80a0d8#0:FAIL-t316, bf55b3f9-6b09-4365-9d71-55289e083fa5<-907b9765-214b-4864-b66a-d6e2a5789e5c#0:FAIL-t316] and 0 exception(s); bf55b3f9-6b09-4365-9d71-55289e083fa5@group-EFD1D20A002C:t316, leader=null, voted=bf55b3f9-6b09-4365-9d71-55289e083fa5, raftlog=bf55b3f9-6b09-4365-9d71-55289e083fa5@group-EFD1D20A002C-SegmentedRaftLog:OPENED:c-1,f-1,i0, conf=-1: [f4c54511-b161-4347-aec5-5236dc80a0d8:0.0.0.0:41238, 907b9765-214b-4864-b66a-d6e2a5789e5c:0.0.0.0:41650, bf55b3f9-6b09-4365-9d71-55289e083fa5:0.0.0.0:42441], old=null
2019-10-16 18:01:11,788 [bf55b3f9-6b09-4365-9d71-55289e083fa5@group-EFD1D20A002C-LeaderElection273] INFO  impl.RaftServerImpl (RaftServerImpl.java:setRole(184)) - bf55b3f9-6b09-4365-9d71-55289e083fa5@group-EFD1D20A002C: changes role from CANDIDATE to FOLLOWER at term 316 for DISCOVERED_A_NEW_TERM
2019-10-16 18:01:11,788 [bf55b3f9-6b09-4365-9d71-55289e083fa5@group-EFD1D20A002C-LeaderElection273] INFO  impl.RoleInfo (RoleInfo.java:shutdownLeaderElection(134)) - bf55b3f9-6b09-4365-9d71-55289e083fa5: shutdown LeaderElection
2019-10-16 18:01:11,788 [bf55b3f9-6b09-4365-9d71-55289e083fa5@group-EFD1D20A002C-LeaderElection273] INFO  impl.RoleInfo (RoleInfo.java:updateAndGet(143)) - bf55b3f9-6b09-4365-9d71-55289e083fa5: start FollowerState
2019-10-16 18:01:11,915 [Thread-1937] INFO  impl.FollowerState (FollowerState.java:run(108)) - bf55b3f9-6b09-4365-9d71-55289e083fa5@group-EFD1D20A002C-FollowerState: change to CANDIDATE, lastRpcTime:126ms, electionTimeout:126ms
2019-10-16 18:01:11,915 [Thread-1937] INFO  impl.RoleInfo (RoleInfo.java:shutdownFollowerState(121)) - bf55b3f9-6b09-4365-9d71-55289e083fa5: shutdown FollowerState
2019-10-16 18:01:11,915 [Thread-1937] INFO  impl.RaftServerImpl (RaftServerImpl.java:setRole(184)) - bf55b3f9-6b09-4365-9d71-55289e083fa5@group-EFD1D20A002C: changes role from  FOLLOWER to CANDIDATE at term 316 for changeToCandidate
2019-10-16 18:01:11,915 [Thread-1937] INFO  impl.RoleInfo (RoleInfo.java:updateAndGet(143)) - bf55b3f9-6b09-4365-9d71-55289e083fa5: start LeaderElection
2019-10-16 18:01:11,938 [bf55b3f9-6b09-4365-9d71-55289e083fa5@group-EFD1D20A002C-LeaderElection274] INFO  impl.LeaderElection (LeaderElection.java:askForVotes(178)) - bf55b3f9-6b09-4365-9d71-55289e083fa5@group-EFD1D20A002C-LeaderElection274: begin an election at term 317 for -1: [f4c54511-b161-4347-aec5-5236dc80a0d8:0.0.0.0:41238, 907b9765-214b-4864-b66a-d6e2a5789e5c:0.0.0.0:41650, bf55b3f9-6b09-4365-9d71-55289e083fa5:0.0.0.0:42441], old=null
2019-10-16 18:01:11,941 [grpc-default-executor-1] INFO  impl.RaftServerImpl (RaftServerImpl.java:setRole(184)) - 907b9765-214b-4864-b66a-d6e2a5789e5c@group-EFD1D20A002C: changes role from  FOLLOWER to FOLLOWER at term 317 for recognizeCandidate:bf55b3f9-6b09-4365-9d71-55289e083fa5
2019-10-16 18:01:11,941 [grpc-default-executor-1] INFO  impl.RoleInfo (RoleInfo.java:shutdownFollowerState(121)) - 907b9765-214b-4864-b66a-d6e2a5789e5c: shutdown FollowerState
2019-10-16 18:01:11,941 [grpc-default-executor-1] INFO  impl.RoleInfo (RoleInfo.java:updateAndGet(143)) - 907b9765-214b-4864-b66a-d6e2a5789e5c: start FollowerState
2019-10-16 18:01:11,941 [grpc-default-executor-0] INFO  impl.RaftServerImpl (RaftServerImpl.java:setRole(184)) - f4c54511-b161-4347-aec5-5236dc80a0d8@group-EFD1D20A002C: changes role from  FOLLOWER to FOLLOWER at term 317 for recognizeCandidate:bf55b3f9-6b09-4365-9d71-55289e083fa5
2019-10-16 18:01:11,942 [grpc-default-executor-0] INFO  impl.RoleInfo (RoleInfo.java:shutdownFollowerState(121)) - f4c54511-b161-4347-aec5-5236dc80a0d8: shutdown FollowerState
2019-10-16 18:01:11,941 [Thread-1936] INFO  impl.FollowerState (FollowerState.java:run(117)) - 907b9765-214b-4864-b66a-d6e2a5789e5c@group-EFD1D20A002C-FollowerState was interrupted: java.lang.InterruptedException: sleep interrupted
2019-10-16 18:01:11,942 [Thread-1935] INFO  impl.FollowerState (FollowerState.java:run(117)) - f4c54511-b161-4347-aec5-5236dc80a0d8@group-EFD1D20A002C-FollowerState was interrupted: java.lang.InterruptedException: sleep interrupted
2019-10-16 18:01:11,942 [grpc-default-executor-0] INFO  impl.RoleInfo (RoleInfo.java:updateAndGet(143)) - f4c54511-b161-4347-aec5-5236dc80a0d8: start FollowerState
2019-10-16 18:01:11,965 [bf55b3f9-6b09-4365-9d71-55289e083fa5@group-EFD1D20A002C-LeaderElection274] INFO  impl.LeaderElection (LeaderElection.java:logAndReturn(56)) - bf55b3f9-6b09-4365-9d71-55289e083fa5@group-EFD1D20A002C-LeaderElection274: Election REJECTED; received 2 response(s) [bf55b3f9-6b09-4365-9d71-55289e083fa5<-f4c54511-b161-4347-aec5-5236dc80a0d8#0:FAIL-t317, bf55b3f9-6b09-4365-9d71-55289e083fa5<-907b9765-214b-4864-b66a-d6e2a5789e5c#0:FAIL-t317] and 0 exception(s); bf55b3f9-6b09-4365-9d71-55289e083fa5@group-EFD1D20A002C:t317, leader=null, voted=bf55b3f9-6b09-4365-9d71-55289e083fa5, raftlog=bf55b3f9-6b09-4365-9d71-55289e083fa5@group-EFD1D20A002C-SegmentedRaftLog:OPENED:c-1,f-1,i0, conf=-1: [f4c54511-b161-4347-aec5-5236dc80a0d8:0.0.0.0:41238, 907b9765-214b-4864-b66a-d6e2a5789e5c:0.0.0.0:41650, bf55b3f9-6b09-4365-9d71-55289e083fa5:0.0.0.0:42441], old=null
2019-10-16 18:01:11,965 [bf55b3f9-6b09-4365-9d71-55289e083fa5@group-EFD1D20A002C-LeaderElection274] INFO  impl.RaftServerImpl (RaftServerImpl.java:setRole(184)) - bf55b3f9-6b09-4365-9d71-55289e083fa5@group-EFD1D20A002C: changes role from CANDIDATE to FOLLOWER at term 317 for DISCOVERED_A_NEW_TERM
2019-10-16 18:01:11,965 [bf55b3f9-6b09-4365-9d71-55289e083fa5@group-EFD1D20A002C-LeaderElection274] INFO  impl.RoleInfo (RoleInfo.java:shutdownLeaderElection(134)) - bf55b3f9-6b09-4365-9d71-55289e083fa5: shutdown LeaderElection
2019-10-16 18:01:11,965 [bf55b3f9-6b09-4365-9d71-55289e083fa5@group-EFD1D20A002C-LeaderElection274] INFO  impl.RoleInfo (RoleInfo.java:updateAndGet(143)) - bf55b3f9-6b09-4365-9d71-55289e083fa5: start FollowerState
2019-10-16 18:01:12,047 [Thread-1943] INFO  impl.FollowerState (FollowerState.java:run(108)) - bf55b3f9-6b09-4365-9d71-55289e083fa5@group-EFD1D20A002C-FollowerState: change to CANDIDATE, lastRpcTime:81ms, electionTimeout:81ms
2019-10-16 18:01:12,047 [Thread-1943] INFO  impl.RoleInfo (RoleInfo.java:shutdownFollowerState(121)) - bf55b3f9-6b09-4365-9d71-55289e083fa5: shutdown FollowerState
2019-10-16 18:01:12,047 [Thread-1943] INFO  impl.RaftServerImpl (RaftServerImpl.java:setRole(184)) - bf55b3f9-6b09-4365-9d71-55289e083fa5@group-EFD1D20A002C: changes role from  FOLLOWER to CANDIDATE at term 317 for changeToCandidate
2019-10-16 18:01:12,048 [Thread-1943] INFO  impl.RoleInfo (RoleInfo.java:updateAndGet(143)) - bf55b3f9-6b09-4365-9d71-55289e083fa5: start LeaderElection
2019-10-16 18:01:12,065 [bf55b3f9-6b09-4365-9d71-55289e083fa5@group-EFD1D20A002C-LeaderElection275] INFO  impl.LeaderElection (LeaderElection.java:askForVotes(178)) - bf55b3f9-6b09-4365-9d71-55289e083fa5@group-EFD1D20A002C-LeaderElection275: begin an election at term 318 for -1: [f4c54511-b161-4347-aec5-5236dc80a0d8:0.0.0.0:41238, 907b9765-214b-4864-b66a-d6e2a5789e5c:0.0.0.0:41650, bf55b3f9-6b09-4365-9d71-55289e083fa5:0.0.0.0:42441], old=null
2019-10-16 18:01:12,067 [grpc-default-executor-0] INFO  impl.RaftServerImpl (RaftServerImpl.java:setRole(184)) - f4c54511-b161-4347-aec5-5236dc80a0d8@group-EFD1D20A002C: changes role from  FOLLOWER to FOLLOWER at term 318 for recognizeCandidate:bf55b3f9-6b09-4365-9d71-55289e083fa5
2019-10-16 18:01:12,067 [grpc-default-executor-0] INFO  impl.RoleInfo (RoleInfo.java:shutdownFollowerState(121)) - f4c54511-b161-4347-aec5-5236dc80a0d8: shutdown FollowerState
2019-10-16 18:01:12,067 [grpc-default-executor-0] INFO  impl.RoleInfo (RoleInfo.java:updateAndGet(143)) - f4c54511-b161-4347-aec5-5236dc80a0d8: start FollowerState
2019-10-16 18:01:12,067 [Thread-1942] INFO  impl.FollowerState (FollowerState.java:run(117)) - f4c54511-b161-4347-aec5-5236dc80a0d8@group-EFD1D20A002C-FollowerState was interrupted: java.lang.InterruptedException: sleep interrupted
2019-10-16 18:01:12,067 [grpc-default-executor-1] INFO  impl.RaftServerImpl (RaftServerImpl.java:setRole(184)) - 907b9765-214b-4864-b66a-d6e2a5789e5c@group-EFD1D20A002C: changes role from  FOLLOWER to FOLLOWER at term 318 for recognizeCandidate:bf55b3f9-6b09-4365-9d71-55289e083fa5
2019-10-16 18:01:12,067 [grpc-default-executor-1] INFO  impl.RoleInfo (RoleInfo.java:shutdownFollowerState(121)) - 907b9765-214b-4864-b66a-d6e2a5789e5c: shutdown FollowerState
2019-10-16 18:01:12,068 [grpc-default-executor-1] INFO  impl.RoleInfo (RoleInfo.java:updateAndGet(143)) - 907b9765-214b-4864-b66a-d6e2a5789e5c: start FollowerState
2019-10-16 18:01:12,068 [Thread-1941] INFO  impl.FollowerState (FollowerState.java:run(117)) - 907b9765-214b-4864-b66a-d6e2a5789e5c@group-EFD1D20A002C-FollowerState was interrupted: java.lang.InterruptedException: sleep interrupted
2019-10-16 18:01:12,092 [bf55b3f9-6b09-4365-9d71-55289e083fa5@group-EFD1D20A002C-LeaderElection275] INFO  impl.LeaderElection (LeaderElection.java:logAndReturn(56)) - bf55b3f9-6b09-4365-9d71-55289e083fa5@group-EFD1D20A002C-LeaderElection275: Election REJECTED; received 2 response(s) [bf55b3f9-6b09-4365-9d71-55289e083fa5<-f4c54511-b161-4347-aec5-5236dc80a0d8#0:FAIL-t318, bf55b3f9-6b09-4365-9d71-55289e083fa5<-907b9765-214b-4864-b66a-d6e2a5789e5c#0:FAIL-t318] and 0 exception(s); bf55b3f9-6b09-4365-9d71-55289e083fa5@group-EFD1D20A002C:t318, leader=null, voted=bf55b3f9-6b09-4365-9d71-55289e083fa5, raftlog=bf55b3f9-6b09-4365-9d71-55289e083fa5@group-EFD1D20A002C-SegmentedRaftLog:OPENED:c-1,f-1,i0, conf=-1: [f4c54511-b161-4347-aec5-5236dc80a0d8:0.0.0.0:41238, 907b9765-214b-4864-b66a-d6e2a5789e5c:0.0.0.0:41650, bf55b3f9-6b09-4365-9d71-55289e083fa5:0.0.0.0:42441], old=null
2019-10-16 18:01:12,092 [bf55b3f9-6b09-4365-9d71-55289e083fa5@group-EFD1D20A002C-LeaderElection275] INFO  impl.RaftServerImpl (RaftServerImpl.java:setRole(184)) - bf55b3f9-6b09-4365-9d71-55289e083fa5@group-EFD1D20A002C: changes role from CANDIDATE to FOLLOWER at term 318 for DISCOVERED_A_NEW_TERM
2019-10-16 18:01:12,093 [bf55b3f9-6b09-4365-9d71-55289e083fa5@group-EFD1D20A002C-LeaderElection275] INFO  impl.RoleInfo (RoleInfo.java:shutdownLeaderElection(134)) - bf55b3f9-6b09-4365-9d71-55289e083fa5: shutdown LeaderElection
2019-10-16 18:01:12,093 [bf55b3f9-6b09-4365-9d71-55289e083fa5@group-EFD1D20A002C-LeaderElection275] INFO  impl.RoleInfo (RoleInfo.java:updateAndGet(143)) - bf55b3f9-6b09-4365-9d71-55289e083fa5: start FollowerState
2019-10-16 18:01:12,166 [Thread-1951] INFO  impl.FollowerState (FollowerState.java:run(108)) - bf55b3f9-6b09-4365-9d71-55289e083fa5@group-EFD1D20A002C-FollowerState: change to CANDIDATE, lastRpcTime:73ms, electionTimeout:73ms
2019-10-16 18:01:12,166 [Thread-1951] INFO  impl.RoleInfo (RoleInfo.java:shutdownFollowerState(121)) - bf55b3f9-6b09-4365-9d71-55289e083fa5: shutdown FollowerState
2019-10-16 18:01:12,166 [Thread-1951] INFO  impl.RaftServerImpl (RaftServerImpl.java:setRole(184)) - bf55b3f9-6b09-4365-9d71-55289e083fa5@group-EFD1D20A002C: changes role from  FOLLOWER to CANDIDATE at term 318 for changeToCandidate
2019-10-16 18:01:12,166 [Thread-1951] INFO  impl.RoleInfo (RoleInfo.java:updateAndGet(143)) - bf55b3f9-6b09-4365-9d71-55289e083fa5: start LeaderElection
2019-10-16 18:01:12,191 [bf55b3f9-6b09-4365-9d71-55289e083fa5@group-EFD1D20A002C-LeaderElection276] INFO  impl.LeaderElection (LeaderElection.java:askForVotes(178)) - bf55b3f9-6b09-4365-9d71-55289e083fa5@group-EFD1D20A002C-LeaderElection276: begin an election at term 319 for -1: [f4c54511-b161-4347-aec5-5236dc80a0d8:0.0.0.0:41238, 907b9765-214b-4864-b66a-d6e2a5789e5c:0.0.0.0:41650, bf55b3f9-6b09-4365-9d71-55289e083fa5:0.0.0.0:42441], old=null
2019-10-16 18:01:12,193 [grpc-default-executor-0] INFO  impl.RaftServerImpl (RaftServerImpl.java:setRole(184)) - f4c54511-b161-4347-aec5-5236dc80a0d8@group-EFD1D20A002C: changes role from  FOLLOWER to FOLLOWER at term 319 for recognizeCandidate:bf55b3f9-6b09-4365-9d71-55289e083fa5
2019-10-16 18:01:12,193 [grpc-default-executor-1] INFO  impl.RaftServerImpl (RaftServerImpl.java:setRole(184)) - 907b9765-214b-4864-b66a-d6e2a5789e5c@group-EFD1D20A002C: changes role from  FOLLOWER to FOLLOWER at term 319 for recognizeCandidate:bf55b3f9-6b09-4365-9d71-55289e083fa5
2019-10-16 18:01:12,193 [grpc-default-executor-0] INFO  impl.RoleInfo (RoleInfo.java:shutdownFollowerState(121)) - f4c54511-b161-4347-aec5-5236dc80a0d8: shutdown FollowerState
2019-10-16 18:01:12,194 [grpc-default-executor-1] INFO  impl.RoleInfo (RoleInfo.java:shutdownFollowerState(121)) - 907b9765-214b-4864-b66a-d6e2a5789e5c: shutdown FollowerState
2019-10-16 18:01:12,194 [grpc-default-executor-0] INFO  impl.RoleInfo (RoleInfo.java:updateAndGet(143)) - f4c54511-b161-4347-aec5-5236dc80a0d8: start FollowerState
2019-10-16 18:01:12,194 [Thread-1950] INFO  impl.FollowerState (FollowerState.java:run(117)) - 907b9765-214b-4864-b66a-d6e2a5789e5c@group-EFD1D20A002C-FollowerState was interrupted: java.lang.InterruptedException: sleep interrupted
2019-10-16 18:01:12,194 [grpc-default-executor-1] INFO  impl.RoleInfo (RoleInfo.java:updateAndGet(143)) - 907b9765-214b-4864-b66a-d6e2a5789e5c: start FollowerState
2019-10-16 18:01:12,194 [Thread-1949] INFO  impl.FollowerState (FollowerState.java:run(117)) - f4c54511-b161-4347-aec5-5236dc80a0d8@group-EFD1D20A002C-FollowerState was interrupted: java.lang.InterruptedException: sleep interrupted
2019-10-16 18:01:12,217 [bf55b3f9-6b09-4365-9d71-55289e083fa5@group-EFD1D20A002C-LeaderElection276] INFO  impl.LeaderElection (LeaderElection.java:logAndReturn(56)) - bf55b3f9-6b09-4365-9d71-55289e083fa5@group-EFD1D20A002C-LeaderElection276: Election REJECTED; received 2 response(s) [bf55b3f9-6b09-4365-9d71-55289e083fa5<-f4c54511-b161-4347-aec5-5236dc80a0d8#0:FAIL-t319, bf55b3f9-6b09-4365-9d71-55289e083fa5<-907b9765-214b-4864-b66a-d6e2a5789e5c#0:FAIL-t319] and 0 exception(s); bf55b3f9-6b09-4365-9d71-55289e083fa5@group-EFD1D20A002C:t319, leader=null, voted=bf55b3f9-6b09-4365-9d71-55289e083fa5, raftlog=bf55b3f9-6b09-4365-9d71-55289e083fa5@group-EFD1D20A002C-SegmentedRaftLog:OPENED:c-1,f-1,i0, conf=-1: [f4c54511-b161-4347-aec5-5236dc80a0d8:0.0.0.0:41238, 907b9765-214b-4864-b66a-d6e2a5789e5c:0.0.0.0:41650, bf55b3f9-6b09-4365-9d71-55289e083fa5:0.0.0.0:42441], old=null
2019-10-16 18:01:12,217 [bf55b3f9-6b09-4365-9d71-55289e083fa5@group-EFD1D20A002C-LeaderElection276] INFO  impl.RaftServerImpl (RaftServerImpl.java:setRole(184)) - bf55b3f9-6b09-4365-9d71-55289e083fa5@group-EFD1D20A002C: changes role from CANDIDATE to FOLLOWER at term 319 for DISCOVERED_A_NEW_TERM
2019-10-16 18:01:12,217 [bf55b3f9-6b09-4365-9d71-55289e083fa5@group-EFD1D20A002C-LeaderElection276] INFO  impl.RoleInfo (RoleInfo.java:shutdownLeaderElection(134)) - bf55b3f9-6b09-4365-9d71-55289e083fa5: shutdown LeaderElection
2019-10-16 18:01:12,217 [bf55b3f9-6b09-4365-9d71-55289e083fa5@group-EFD1D20A002C-LeaderElection276] INFO  impl.RoleInfo (RoleInfo.java:updateAndGet(143)) - bf55b3f9-6b09-4365-9d71-55289e083fa5: start FollowerState
2019-10-16 18:01:12,358 [Thread-1957] INFO  impl.FollowerState (FollowerState.java:run(108)) - bf55b3f9-6b09-4365-9d71-55289e083fa5@group-EFD1D20A002C-FollowerState: change to CANDIDATE, lastRpcTime:140ms, electionTimeout:140ms
2019-10-16 18:01:12,358 [Thread-1957] INFO  impl.RoleInfo (RoleInfo.java:shutdownFollowerState(121)) - bf55b3f9-6b09-4365-9d71-55289e083fa5: shutdown FollowerState
2019-10-16 18:01:12,358 [Thread-1957] INFO  impl.RaftServerImpl (RaftServerImpl.java:setRole(184)) - bf55b3f9-6b09-4365-9d71-55289e083fa5@group-EFD1D20A002C: changes role from  FOLLOWER to CANDIDATE at term 319 for changeToCandidate
2019-10-16 18:01:12,358 [Thread-1957] INFO  impl.RoleInfo (RoleInfo.java:updateAndGet(143)) - bf55b3f9-6b09-4365-9d71-55289e083fa5: start LeaderElection
2019-10-16 18:01:12,376 [bf55b3f9-6b09-4365-9d71-55289e083fa5@group-EFD1D20A002C-LeaderElection277] INFO  impl.LeaderElection (LeaderElection.java:askForVotes(178)) - bf55b3f9-6b09-4365-9d71-55289e083fa5@group-EFD1D20A002C-LeaderElection277: begin an election at term 320 for -1: [f4c54511-b161-4347-aec5-5236dc80a0d8:0.0.0.0:41238, 907b9765-214b-4864-b66a-d6e2a5789e5c:0.0.0.0:41650, bf55b3f9-6b09-4365-9d71-55289e083fa5:0.0.0.0:42441], old=null
2019-10-16 18:01:12,379 [grpc-default-executor-1] INFO  impl.RaftServerImpl (RaftServerImpl.java:setRole(184)) - 907b9765-214b-4864-b66a-d6e2a5789e5c@group-EFD1D20A002C: changes role from  FOLLOWER to FOLLOWER at term 320 for recognizeCandidate:bf55b3f9-6b09-4365-9d71-55289e083fa5
2019-10-16 18:01:12,379 [grpc-default-executor-1] INFO  impl.RoleInfo (RoleInfo.java:shutdownFollowerState(121)) - 907b9765-214b-4864-b66a-d6e2a5789e5c: shutdown FollowerState
2019-10-16 18:01:12,379 [grpc-default-executor-1] INFO  impl.RoleInfo (RoleInfo.java:updateAndGet(143)) - 907b9765-214b-4864-b66a-d6e2a5789e5c: start FollowerState
2019-10-16 18:01:12,379 [Thread-1956] INFO  impl.FollowerState (FollowerState.java:run(117)) - 907b9765-214b-4864-b66a-d6e2a5789e5c@group-EFD1D20A002C-FollowerState was interrupted: java.lang.InterruptedException: sleep interrupted
2019-10-16 18:01:12,379 [grpc-default-executor-0] INFO  impl.RaftServerImpl (RaftServerImpl.java:setRole(184)) - f4c54511-b161-4347-aec5-5236dc80a0d8@group-EFD1D20A002C: changes role from  FOLLOWER to FOLLOWER at term 320 for recognizeCandidate:bf55b3f9-6b09-4365-9d71-55289e083fa5
2019-10-16 18:01:12,379 [grpc-default-executor-0] INFO  impl.RoleInfo (RoleInfo.java:shutdownFollowerState(121)) - f4c54511-b161-4347-aec5-5236dc80a0d8: shutdown FollowerState
2019-10-16 18:01:12,380 [grpc-default-executor-0] INFO  impl.RoleInfo (RoleInfo.java:updateAndGet(143)) - f4c54511-b161-4347-aec5-5236dc80a0d8: start FollowerState
2019-10-16 18:01:12,380 [Thread-1955] INFO  impl.FollowerState (FollowerState.java:run(117)) - f4c54511-b161-4347-aec5-5236dc80a0d8@group-EFD1D20A002C-FollowerState was interrupted: java.lang.InterruptedException: sleep interrupted
2019-10-16 18:01:12,397 [bf55b3f9-6b09-4365-9d71-55289e083fa5@group-EFD1D20A002C-LeaderElection277] INFO  impl.LeaderElection (LeaderElection.java:logAndReturn(56)) - bf55b3f9-6b09-4365-9d71-55289e083fa5@group-EFD1D20A002C-LeaderElection277: Election TIMEOUT; received 0 response(s) [] and 0 exception(s); bf55b3f9-6b09-4365-9d71-55289e083fa5@group-EFD1D20A002C:t320, leader=null, voted=bf55b3f9-6b09-4365-9d71-55289e083fa5, raftlog=bf55b3f9-6b09-4365-9d71-55289e083fa5@group-EFD1D20A002C-SegmentedRaftLog:OPENED:c-1,f-1,i0, conf=-1: [f4c54511-b161-4347-aec5-5236dc80a0d8:0.0.0.0:41238, 907b9765-214b-4864-b66a-d6e2a5789e5c:0.0.0.0:41650, bf55b3f9-6b09-4365-9d71-55289e083fa5:0.0.0.0:42441], old=null
2019-10-16 18:01:12,419 [bf55b3f9-6b09-4365-9d71-55289e083fa5@group-EFD1D20A002C-LeaderElection277] INFO  impl.LeaderElection (LeaderElection.java:askForVotes(178)) - bf55b3f9-6b09-4365-9d71-55289e083fa5@group-EFD1D20A002C-LeaderElection277: begin an election at term 321 for -1: [f4c54511-b161-4347-aec5-5236dc80a0d8:0.0.0.0:41238, 907b9765-214b-4864-b66a-d6e2a5789e5c:0.0.0.0:41650, bf55b3f9-6b09-4365-9d71-55289e083fa5:0.0.0.0:42441], old=null
2019-10-16 18:01:12,420 [grpc-default-executor-0] INFO  impl.RaftServerImpl (RaftServerImpl.java:setRole(184)) - f4c54511-b161-4347-aec5-5236dc80a0d8@group-EFD1D20A002C: changes role from  FOLLOWER to FOLLOWER at term 321 for recognizeCandidate:bf55b3f9-6b09-4365-9d71-55289e083fa5
2019-10-16 18:01:12,421 [grpc-default-executor-0] INFO  impl.RoleInfo (RoleInfo.java:shutdownFollowerState(121)) - f4c54511-b161-4347-aec5-5236dc80a0d8: shutdown FollowerState
2019-10-16 18:01:12,421 [grpc-default-executor-1] INFO  impl.RaftServerImpl (RaftServerImpl.java:setRole(184)) - 907b9765-214b-4864-b66a-d6e2a5789e5c@group-EFD1D20A002C: changes role from  FOLLOWER to FOLLOWER at term 321 for recognizeCandidate:bf55b3f9-6b09-4365-9d71-55289e083fa5
2019-10-16 18:01:12,421 [Thread-1962] INFO  impl.FollowerState (FollowerState.java:run(117)) - f4c54511-b161-4347-aec5-5236dc80a0d8@group-EFD1D20A002C-FollowerState was interrupted: java.lang.InterruptedException: sleep interrupted
2019-10-16 18:01:12,421 [grpc-default-executor-0] INFO  impl.RoleInfo (RoleInfo.java:updateAndGet(143)) - f4c54511-b161-4347-aec5-5236dc80a0d8: start FollowerState
2019-10-16 18:01:12,421 [grpc-default-executor-1] INFO  impl.RoleInfo (RoleInfo.java:shutdownFollowerState(121)) - 907b9765-214b-4864-b66a-d6e2a5789e5c: shutdown FollowerState
2019-10-16 18:01:12,421 [grpc-default-executor-1] INFO  impl.RoleInfo (RoleInfo.java:updateAndGet(143)) - 907b9765-214b-4864-b66a-d6e2a5789e5c: start FollowerState
2019-10-16 18:01:12,421 [Thread-1961] INFO  impl.FollowerState (FollowerState.java:run(117)) - 907b9765-214b-4864-b66a-d6e2a5789e5c@group-EFD1D20A002C-FollowerState was interrupted: java.lang.InterruptedException: sleep interrupted
2019-10-16 18:01:12,445 [bf55b3f9-6b09-4365-9d71-55289e083fa5@group-EFD1D20A002C-LeaderElection277] INFO  impl.LeaderElection (LeaderElection.java:logAndReturn(56)) - bf55b3f9-6b09-4365-9d71-55289e083fa5@group-EFD1D20A002C-LeaderElection277: Election REJECTED; received 2 response(s) [bf55b3f9-6b09-4365-9d71-55289e083fa5<-f4c54511-b161-4347-aec5-5236dc80a0d8#0:FAIL-t321, bf55b3f9-6b09-4365-9d71-55289e083fa5<-907b9765-214b-4864-b66a-d6e2a5789e5c#0:FAIL-t321] and 0 exception(s); bf55b3f9-6b09-4365-9d71-55289e083fa5@group-EFD1D20A002C:t321, leader=null, voted=bf55b3f9-6b09-4365-9d71-55289e083fa5, raftlog=bf55b3f9-6b09-4365-9d71-55289e083fa5@group-EFD1D20A002C-SegmentedRaftLog:OPENED:c-1,f-1,i0, conf=-1: [f4c54511-b161-4347-aec5-5236dc80a0d8:0.0.0.0:41238, 907b9765-214b-4864-b66a-d6e2a5789e5c:0.0.0.0:41650, bf55b3f9-6b09-4365-9d71-55289e083fa5:0.0.0.0:42441], old=null
2019-10-16 18:01:12,445 [bf55b3f9-6b09-4365-9d71-55289e083fa5@group-EFD1D20A002C-LeaderElection277] INFO  impl.RaftServerImpl (RaftServerImpl.java:setRole(184)) - bf55b3f9-6b09-4365-9d71-55289e083fa5@group-EFD1D20A002C: changes role from CANDIDATE to FOLLOWER at term 321 for DISCOVERED_A_NEW_TERM
2019-10-16 18:01:12,445 [bf55b3f9-6b09-4365-9d71-55289e083fa5@group-EFD1D20A002C-LeaderElection277] INFO  impl.RoleInfo (RoleInfo.java:shutdownLeaderElection(134)) - bf55b3f9-6b09-4365-9d71-55289e083fa5: shutdown LeaderElection
2019-10-16 18:01:12,446 [bf55b3f9-6b09-4365-9d71-55289e083fa5@group-EFD1D20A002C-LeaderElection277] INFO  impl.RoleInfo (RoleInfo.java:updateAndGet(143)) - bf55b3f9-6b09-4365-9d71-55289e083fa5: start FollowerState
2019-10-16 18:01:12,580 [Thread-1967] INFO  impl.FollowerState (FollowerState.java:run(108)) - bf55b3f9-6b09-4365-9d71-55289e083fa5@group-EFD1D20A002C-FollowerState: change to CANDIDATE, lastRpcTime:134ms, electionTimeout:134ms
2019-10-16 18:01:12,580 [Thread-1967] INFO  impl.RoleInfo (RoleInfo.java:shutdownFollowerState(121)) - bf55b3f9-6b09-4365-9d71-55289e083fa5: shutdown FollowerState
2019-10-16 18:01:12,580 [Thread-1967] INFO  impl.RaftServerImpl (RaftServerImpl.java:setRole(184)) - bf55b3f9-6b09-4365-9d71-55289e083fa5@group-EFD1D20A002C: changes role from  FOLLOWER to CANDIDATE at term 321 for changeToCandidate
2019-10-16 18:01:12,581 [Thread-1967] INFO  impl.RoleInfo (RoleInfo.java:updateAndGet(143)) - bf55b3f9-6b09-4365-9d71-55289e083fa5: start LeaderElection
2019-10-16 18:01:12,604 [bf55b3f9-6b09-4365-9d71-55289e083fa5@group-EFD1D20A002C-LeaderElection278] INFO  impl.LeaderElection (LeaderElection.java:askForVotes(178)) - bf55b3f9-6b09-4365-9d71-55289e083fa5@group-EFD1D20A002C-LeaderElection278: begin an election at term 322 for -1: [f4c54511-b161-4347-aec5-5236dc80a0d8:0.0.0.0:41238, 907b9765-214b-4864-b66a-d6e2a5789e5c:0.0.0.0:41650, bf55b3f9-6b09-4365-9d71-55289e083fa5:0.0.0.0:42441], old=null
2019-10-16 18:01:12,607 [grpc-default-executor-1] INFO  impl.RaftServerImpl (RaftServerImpl.java:setRole(184)) - f4c54511-b161-4347-aec5-5236dc80a0d8@group-EFD1D20A002C: changes role from  FOLLOWER to FOLLOWER at term 322 for recognizeCandidate:bf55b3f9-6b09-4365-9d71-55289e083fa5
2019-10-16 18:01:12,607 [grpc-default-executor-0] INFO  impl.RaftServerImpl (RaftServerImpl.java:setRole(184)) - 907b9765-214b-4864-b66a-d6e2a5789e5c@group-EFD1D20A002C: changes role from  FOLLOWER to FOLLOWER at term 322 for recognizeCandidate:bf55b3f9-6b09-4365-9d71-55289e083fa5
2019-10-16 18:01:12,607 [grpc-default-executor-1] INFO  impl.RoleInfo (RoleInfo.java:shutdownFollowerState(121)) - f4c54511-b161-4347-aec5-5236dc80a0d8: shutdown FollowerState
2019-10-16 18:01:12,608 [grpc-default-executor-0] INFO  impl.RoleInfo (RoleInfo.java:shutdownFollowerState(121)) - 907b9765-214b-4864-b66a-d6e2a5789e5c: shutdown FollowerState
2019-10-16 18:01:12,608 [Thread-1965] INFO  impl.FollowerState (FollowerState.java:run(117)) - f4c54511-b161-4347-aec5-5236dc80a0d8@group-EFD1D20A002C-FollowerState was interrupted: java.lang.InterruptedException: sleep interrupted
2019-10-16 18:01:12,608 [grpc-default-executor-1] INFO  impl.RoleInfo (RoleInfo.java:updateAndGet(143)) - f4c54511-b161-4347-aec5-5236dc80a0d8: start FollowerState
2019-10-16 18:01:12,608 [Thread-1966] INFO  impl.FollowerState (FollowerState.java:run(117)) - 907b9765-214b-4864-b66a-d6e2a5789e5c@group-EFD1D20A002C-FollowerState was interrupted: java.lang.InterruptedException: sleep interrupted
2019-10-16 18:01:12,608 [grpc-default-executor-0] INFO  impl.RoleInfo (RoleInfo.java:updateAndGet(143)) - 907b9765-214b-4864-b66a-d6e2a5789e5c: start FollowerState
2019-10-16 18:01:12,638 [bf55b3f9-6b09-4365-9d71-55289e083fa5@group-EFD1D20A002C-LeaderElection278] INFO  impl.LeaderElection (LeaderElection.java:logAndReturn(56)) - bf55b3f9-6b09-4365-9d71-55289e083fa5@group-EFD1D20A002C-LeaderElection278: Election REJECTED; received 2 response(s) [bf55b3f9-6b09-4365-9d71-55289e083fa5<-f4c54511-b161-4347-aec5-5236dc80a0d8#0:FAIL-t322, bf55b3f9-6b09-4365-9d71-55289e083fa5<-907b9765-214b-4864-b66a-d6e2a5789e5c#0:FAIL-t322] and 0 exception(s); bf55b3f9-6b09-4365-9d71-55289e083fa5@group-EFD1D20A002C:t322, leader=null, voted=bf55b3f9-6b09-4365-9d71-55289e083fa5, raftlog=bf55b3f9-6b09-4365-9d71-55289e083fa5@group-EFD1D20A002C-SegmentedRaftLog:OPENED:c-1,f-1,i0, conf=-1: [f4c54511-b161-4347-aec5-5236dc80a0d8:0.0.0.0:41238, 907b9765-214b-4864-b66a-d6e2a5789e5c:0.0.0.0:41650, bf55b3f9-6b09-4365-9d71-55289e083fa5:0.0.0.0:42441], old=null
2019-10-16 18:01:12,638 [bf55b3f9-6b09-4365-9d71-55289e083fa5@group-EFD1D20A002C-LeaderElection278] INFO  impl.RaftServerImpl (RaftServerImpl.java:setRole(184)) - bf55b3f9-6b09-4365-9d71-55289e083fa5@group-EFD1D20A002C: changes role from CANDIDATE to FOLLOWER at term 322 for DISCOVERED_A_NEW_TERM
2019-10-16 18:01:12,638 [bf55b3f9-6b09-4365-9d71-55289e083fa5@group-EFD1D20A002C-LeaderElection278] INFO  impl.RoleInfo (RoleInfo.java:shutdownLeaderElection(134)) - bf55b3f9-6b09-4365-9d71-55289e083fa5: shutdown LeaderElection
2019-10-16 18:01:12,639 [bf55b3f9-6b09-4365-9d71-55289e083fa5@group-EFD1D20A002C-LeaderElection278] INFO  impl.RoleInfo (RoleInfo.java:updateAndGet(143)) - bf55b3f9-6b09-4365-9d71-55289e083fa5: start FollowerState
2019-10-16 18:01:12,798 [Thread-1973] INFO  impl.FollowerState (FollowerState.java:run(108)) - bf55b3f9-6b09-4365-9d71-55289e083fa5@group-EFD1D20A002C-FollowerState: change to CANDIDATE, lastRpcTime:159ms, electionTimeout:159ms
2019-10-16 18:01:12,798 [Thread-1973] INFO  impl.RoleInfo (RoleInfo.java:shutdownFollowerState(121)) - bf55b3f9-6b09-4365-9d71-55289e083fa5: shutdown FollowerState
2019-10-16 18:01:12,798 [Thread-1973] INFO  impl.RaftServerImpl (RaftServerImpl.java:setRole(184)) - bf55b3f9-6b09-4365-9d71-55289e083fa5@group-EFD1D20A002C: changes role from  FOLLOWER to CANDIDATE at term 322 for changeToCandidate
2019-10-16 18:01:12,798 [Thread-1973] INFO  impl.RoleInfo (RoleInfo.java:updateAndGet(143)) - bf55b3f9-6b09-4365-9d71-55289e083fa5: start LeaderElection
2019-10-16 18:01:12,822 [bf55b3f9-6b09-4365-9d71-55289e083fa5@group-EFD1D20A002C-LeaderElection279] INFO  impl.LeaderElection (LeaderElection.java:askForVotes(178)) - bf55b3f9-6b09-4365-9d71-55289e083fa5@group-EFD1D20A002C-LeaderElection279: begin an election at term 323 for -1: [f4c54511-b161-4347-aec5-5236dc80a0d8:0.0.0.0:41238, 907b9765-214b-4864-b66a-d6e2a5789e5c:0.0.0.0:41650, bf55b3f9-6b09-4365-9d71-55289e083fa5:0.0.0.0:42441], old=null
2019-10-16 18:01:12,824 [grpc-default-executor-0] INFO  impl.RaftServerImpl (RaftServerImpl.java:setRole(184)) - f4c54511-b161-4347-aec5-5236dc80a0d8@group-EFD1D20A002C: changes role from  FOLLOWER to FOLLOWER at term 323 for recognizeCandidate:bf55b3f9-6b09-4365-9d71-55289e083fa5
2019-10-16 18:01:12,824 [grpc-default-executor-0] INFO  impl.RoleInfo (RoleInfo.java:shutdownFollowerState(121)) - f4c54511-b161-4347-aec5-5236dc80a0d8: shutdown FollowerState
2019-10-16 18:01:12,825 [grpc-default-executor-0] INFO  impl.RoleInfo (RoleInfo.java:updateAndGet(143)) - f4c54511-b161-4347-aec5-5236dc80a0d8: start FollowerState
2019-10-16 18:01:12,825 [grpc-default-executor-1] INFO  impl.RaftServerImpl (RaftServerImpl.java:setRole(184)) - 907b9765-214b-4864-b66a-d6e2a5789e5c@group-EFD1D20A002C: changes role from  FOLLOWER to FOLLOWER at term 323 for recognizeCandidate:bf55b3f9-6b09-4365-9d71-55289e083fa5
2019-10-16 18:01:12,825 [grpc-default-executor-1] INFO  impl.RoleInfo (RoleInfo.java:shutdownFollowerState(121)) - 907b9765-214b-4864-b66a-d6e2a5789e5c: shutdown FollowerState
2019-10-16 18:01:12,825 [Thread-1971] INFO  impl.FollowerState (FollowerState.java:run(117)) - f4c54511-b161-4347-aec5-5236dc80a0d8@group-EFD1D20A002C-FollowerState was interrupted: java.lang.InterruptedException: sleep interrupted
2019-10-16 18:01:12,825 [Thread-1972] INFO  impl.FollowerState (FollowerState.java:run(117)) - 907b9765-214b-4864-b66a-d6e2a5789e5c@group-EFD1D20A002C-FollowerState was interrupted: java.lang.InterruptedException: sleep interrupted
2019-10-16 18:01:12,825 [grpc-default-executor-1] INFO  impl.RoleInfo (RoleInfo.java:updateAndGet(143)) - 907b9765-214b-4864-b66a-d6e2a5789e5c: start FollowerState
2019-10-16 18:01:12,848 [bf55b3f9-6b09-4365-9d71-55289e083fa5@group-EFD1D20A002C-LeaderElection279] INFO  impl.LeaderElection (LeaderElection.java:logAndReturn(56)) - bf55b3f9-6b09-4365-9d71-55289e083fa5@group-EFD1D20A002C-LeaderElection279: Election REJECTED; received 2 response(s) [bf55b3f9-6b09-4365-9d71-55289e083fa5<-f4c54511-b161-4347-aec5-5236dc80a0d8#0:FAIL-t323, bf55b3f9-6b09-4365-9d71-55289e083fa5<-907b9765-214b-4864-b66a-d6e2a5789e5c#0:FAIL-t323] and 0 exception(s); bf55b3f9-6b09-4365-9d71-55289e083fa5@group-EFD1D20A002C:t323, leader=null, voted=bf55b3f9-6b09-4365-9d71-55289e083fa5, raftlog=bf55b3f9-6b09-4365-9d71-55289e083fa5@group-EFD1D20A002C-SegmentedRaftLog:OPENED:c-1,f-1,i0, conf=-1: [f4c54511-b161-4347-aec5-5236dc80a0d8:0.0.0.0:41238, 907b9765-214b-4864-b66a-d6e2a5789e5c:0.0.0.0:41650, bf55b3f9-6b09-4365-9d71-55289e083fa5:0.0.0.0:42441], old=null
2019-10-16 18:01:12,849 [bf55b3f9-6b09-4365-9d71-55289e083fa5@group-EFD1D20A002C-LeaderElection279] INFO  impl.RaftServerImpl (RaftServerImpl.java:setRole(184)) - bf55b3f9-6b09-4365-9d71-55289e083fa5@group-EFD1D20A002C: changes role from CANDIDATE to FOLLOWER at term 323 for DISCOVERED_A_NEW_TERM
2019-10-16 18:01:12,849 [bf55b3f9-6b09-4365-9d71-55289e083fa5@group-EFD1D20A002C-LeaderElection279] INFO  impl.RoleInfo (RoleInfo.java:shutdownLeaderElection(134)) - bf55b3f9-6b09-4365-9d71-55289e083fa5: shutdown LeaderElection
2019-10-16 18:01:12,849 [bf55b3f9-6b09-4365-9d71-55289e083fa5@group-EFD1D20A002C-LeaderElection279] INFO  impl.RoleInfo (RoleInfo.java:updateAndGet(143)) - bf55b3f9-6b09-4365-9d71-55289e083fa5: start FollowerState
2019-10-16 18:01:13,030 [Thread-1979] INFO  impl.FollowerState (FollowerState.java:run(108)) - bf55b3f9-6b09-4365-9d71-55289e083fa5@group-EFD1D20A002C-FollowerState: change to CANDIDATE, lastRpcTime:180ms, electionTimeout:180ms
2019-10-16 18:01:13,030 [Thread-1979] INFO  impl.RoleInfo (RoleInfo.java:shutdownFollowerState(121)) - bf55b3f9-6b09-4365-9d71-55289e083fa5: shutdown FollowerState
2019-10-16 18:01:13,030 [Thread-1979] INFO  impl.RaftServerImpl (RaftServerImpl.java:setRole(184)) - bf55b3f9-6b09-4365-9d71-55289e083fa5@group-EFD1D20A002C: changes role from  FOLLOWER to CANDIDATE at term 323 for changeToCandidate
2019-10-16 18:01:13,030 [Thread-1979] INFO  impl.RoleInfo (RoleInfo.java:updateAndGet(143)) - bf55b3f9-6b09-4365-9d71-55289e083fa5: start LeaderElection
2019-10-16 18:01:13,058 [bf55b3f9-6b09-4365-9d71-55289e083fa5@group-EFD1D20A002C-LeaderElection280] INFO  impl.LeaderElection (LeaderElection.java:askForVotes(178)) - bf55b3f9-6b09-4365-9d71-55289e083fa5@group-EFD1D20A002C-LeaderElection280: begin an election at term 324 for -1: [f4c54511-b161-4347-aec5-5236dc80a0d8:0.0.0.0:41238, 907b9765-214b-4864-b66a-d6e2a5789e5c:0.0.0.0:41650, bf55b3f9-6b09-4365-9d71-55289e083fa5:0.0.0.0:42441], old=null
2019-10-16 18:01:13,060 [grpc-default-executor-0] INFO  impl.RaftServerImpl (RaftServerImpl.java:setRole(184)) - f4c54511-b161-4347-aec5-5236dc80a0d8@group-EFD1D20A002C: changes role from  FOLLOWER to FOLLOWER at term 324 for recognizeCandidate:bf55b3f9-6b09-4365-9d71-55289e083fa5
2019-10-16 18:01:13,060 [grpc-default-executor-0] INFO  impl.RoleInfo (RoleInfo.java:shutdownFollowerState(121)) - f4c54511-b161-4347-aec5-5236dc80a0d8: shutdown FollowerState
2019-10-16 18:01:13,060 [grpc-default-executor-0] INFO  impl.RoleInfo (RoleInfo.java:updateAndGet(143)) - f4c54511-b161-4347-aec5-5236dc80a0d8: start FollowerState
2019-10-16 18:01:13,060 [Thread-1977] INFO  impl.FollowerState (FollowerState.java:run(117)) - f4c54511-b161-4347-aec5-5236dc80a0d8@group-EFD1D20A002C-FollowerState was interrupted: java.lang.InterruptedException: sleep interrupted
2019-10-16 18:01:13,061 [grpc-default-executor-1] INFO  impl.RaftServerImpl (RaftServerImpl.java:setRole(184)) - 907b9765-214b-4864-b66a-d6e2a5789e5c@group-EFD1D20A002C: changes role from  FOLLOWER to FOLLOWER at term 324 for recognizeCandidate:bf55b3f9-6b09-4365-9d71-55289e083fa5
2019-10-16 18:01:13,062 [grpc-default-executor-1] INFO  impl.RoleInfo (RoleInfo.java:shutdownFollowerState(121)) - 907b9765-214b-4864-b66a-d6e2a5789e5c: shutdown FollowerState
2019-10-16 18:01:13,062 [grpc-default-executor-1] INFO  impl.RoleInfo (RoleInfo.java:updateAndGet(143)) - 907b9765-214b-4864-b66a-d6e2a5789e5c: start FollowerState
2019-10-16 18:01:13,062 [Thread-1978] INFO  impl.FollowerState (FollowerState.java:run(117)) - 907b9765-214b-4864-b66a-d6e2a5789e5c@group-EFD1D20A002C-FollowerState was interrupted: java.lang.InterruptedException: sleep interrupted
2019-10-16 18:01:13,084 [bf55b3f9-6b09-4365-9d71-55289e083fa5@group-EFD1D20A002C-LeaderElection280] INFO  impl.LeaderElection (LeaderElection.java:logAndReturn(56)) - bf55b3f9-6b09-4365-9d71-55289e083fa5@group-EFD1D20A002C-LeaderElection280: Election REJECTED; received 2 response(s) [bf55b3f9-6b09-4365-9d71-55289e083fa5<-f4c54511-b161-4347-aec5-5236dc80a0d8#0:FAIL-t324, bf55b3f9-6b09-4365-9d71-55289e083fa5<-907b9765-214b-4864-b66a-d6e2a5789e5c#0:FAIL-t324] and 0 exception(s); bf55b3f9-6b09-4365-9d71-55289e083fa5@group-EFD1D20A002C:t324, leader=null, voted=bf55b3f9-6b09-4365-9d71-55289e083fa5, raftlog=bf55b3f9-6b09-4365-9d71-55289e083fa5@group-EFD1D20A002C-SegmentedRaftLog:OPENED:c-1,f-1,i0, conf=-1: [f4c54511-b161-4347-aec5-5236dc80a0d8:0.0.0.0:41238, 907b9765-214b-4864-b66a-d6e2a5789e5c:0.0.0.0:41650, bf55b3f9-6b09-4365-9d71-55289e083fa5:0.0.0.0:42441], old=null
2019-10-16 18:01:13,084 [bf55b3f9-6b09-4365-9d71-55289e083fa5@group-EFD1D20A002C-LeaderElection280] INFO  impl.RaftServerImpl (RaftServerImpl.java:setRole(184)) - bf55b3f9-6b09-4365-9d71-55289e083fa5@group-EFD1D20A002C: changes role from CANDIDATE to FOLLOWER at term 324 for DISCOVERED_A_NEW_TERM
2019-10-16 18:01:13,084 [bf55b3f9-6b09-4365-9d71-55289e083fa5@group-EFD1D20A002C-LeaderElection280] INFO  impl.RoleInfo (RoleInfo.java:shutdownLeaderElection(134)) - bf55b3f9-6b09-4365-9d71-55289e083fa5: shutdown LeaderElection
2019-10-16 18:01:13,085 [bf55b3f9-6b09-4365-9d71-55289e083fa5@group-EFD1D20A002C-LeaderElection280] INFO  impl.RoleInfo (RoleInfo.java:updateAndGet(143)) - bf55b3f9-6b09-4365-9d71-55289e083fa5: start FollowerState
2019-10-16 18:01:13,143 [Thread-1987] INFO  impl.FollowerState (FollowerState.java:run(108)) - bf55b3f9-6b09-4365-9d71-55289e083fa5@group-EFD1D20A002C-FollowerState: change to CANDIDATE, lastRpcTime:58ms, electionTimeout:58ms
2019-10-16 18:01:13,143 [Thread-1987] INFO  impl.RoleInfo (RoleInfo.java:shutdownFollowerState(121)) - bf55b3f9-6b09-4365-9d71-55289e083fa5: shutdown FollowerState
2019-10-16 18:01:13,143 [Thread-1987] INFO  impl.RaftServerImpl (RaftServerImpl.java:setRole(184)) - bf55b3f9-6b09-4365-9d71-55289e083fa5@group-EFD1D20A002C: changes role from  FOLLOWER to CANDIDATE at term 324 for changeToCandidate
2019-10-16 18:01:13,143 [Thread-1987] INFO  impl.RoleInfo (RoleInfo.java:updateAndGet(143)) - bf55b3f9-6b09-4365-9d71-55289e083fa5: start LeaderElection
2019-10-16 18:01:13,169 [bf55b3f9-6b09-4365-9d71-55289e083fa5@group-EFD1D20A002C-LeaderElection281] INFO  impl.LeaderElection (LeaderElection.java:askForVotes(178)) - bf55b3f9-6b09-4365-9d71-55289e083fa5@group-EFD1D20A002C-LeaderElection281: begin an election at term 325 for -1: [f4c54511-b161-4347-aec5-5236dc80a0d8:0.0.0.0:41238, 907b9765-214b-4864-b66a-d6e2a5789e5c:0.0.0.0:41650, bf55b3f9-6b09-4365-9d71-55289e083fa5:0.0.0.0:42441], old=null
2019-10-16 18:01:13,170 [grpc-default-executor-1] INFO  impl.RaftServerImpl (RaftServerImpl.java:setRole(184)) - f4c54511-b161-4347-aec5-5236dc80a0d8@group-EFD1D20A002C: changes role from  FOLLOWER to FOLLOWER at term 325 for recognizeCandidate:bf55b3f9-6b09-4365-9d71-55289e083fa5
2019-10-16 18:01:13,170 [grpc-default-executor-1] INFO  impl.RoleInfo (RoleInfo.java:shutdownFollowerState(121)) - f4c54511-b161-4347-aec5-5236dc80a0d8: shutdown FollowerState
2019-10-16 18:01:13,171 [grpc-default-executor-1] INFO  impl.RoleInfo (RoleInfo.java:updateAndGet(143)) - f4c54511-b161-4347-aec5-5236dc80a0d8: start FollowerState
2019-10-16 18:01:13,171 [Thread-1985] INFO  impl.FollowerState (FollowerState.java:run(117)) - f4c54511-b161-4347-aec5-5236dc80a0d8@group-EFD1D20A002C-FollowerState was interrupted: java.lang.InterruptedException: sleep interrupted
2019-10-16 18:01:13,171 [grpc-default-executor-0] INFO  impl.RaftServerImpl (RaftServerImpl.java:setRole(184)) - 907b9765-214b-4864-b66a-d6e2a5789e5c@group-EFD1D20A002C: changes role from  FOLLOWER to FOLLOWER at term 325 for recognizeCandidate:bf55b3f9-6b09-4365-9d71-55289e083fa5
2019-10-16 18:01:13,171 [grpc-default-executor-0] INFO  impl.RoleInfo (RoleInfo.java:shutdownFollowerState(121)) - 907b9765-214b-4864-b66a-d6e2a5789e5c: shutdown FollowerState
2019-10-16 18:01:13,171 [grpc-default-executor-0] INFO  impl.RoleInfo (RoleInfo.java:updateAndGet(143)) - 907b9765-214b-4864-b66a-d6e2a5789e5c: start FollowerState
2019-10-16 18:01:13,171 [Thread-1986] INFO  impl.FollowerState (FollowerState.java:run(117)) - 907b9765-214b-4864-b66a-d6e2a5789e5c@group-EFD1D20A002C-FollowerState was interrupted: java.lang.InterruptedException: sleep interrupted
2019-10-16 18:01:13,248 [bf55b3f9-6b09-4365-9d71-55289e083fa5@group-EFD1D20A002C-LeaderElection281] INFO  impl.LeaderElection (LeaderElection.java:logAndReturn(56)) - bf55b3f9-6b09-4365-9d71-55289e083fa5@group-EFD1D20A002C-LeaderElection281: Election REJECTED; received 2 response(s) [bf55b3f9-6b09-4365-9d71-55289e083fa5<-f4c54511-b161-4347-aec5-5236dc80a0d8#0:FAIL-t325, bf55b3f9-6b09-4365-9d71-55289e083fa5<-907b9765-214b-4864-b66a-d6e2a5789e5c#0:FAIL-t325] and 0 exception(s); bf55b3f9-6b09-4365-9d71-55289e083fa5@group-EFD1D20A002C:t325, leader=null, voted=bf55b3f9-6b09-4365-9d71-55289e083fa5, raftlog=bf55b3f9-6b09-4365-9d71-55289e083fa5@group-EFD1D20A002C-SegmentedRaftLog:OPENED:c-1,f-1,i0, conf=-1: [f4c54511-b161-4347-aec5-5236dc80a0d8:0.0.0.0:41238, 907b9765-214b-4864-b66a-d6e2a5789e5c:0.0.0.0:41650, bf55b3f9-6b09-4365-9d71-55289e083fa5:0.0.0.0:42441], old=null
2019-10-16 18:01:13,250 [bf55b3f9-6b09-4365-9d71-55289e083fa5@group-EFD1D20A002C-LeaderElection281] INFO  impl.RaftServerImpl (RaftServerImpl.java:setRole(184)) - bf55b3f9-6b09-4365-9d71-55289e083fa5@group-EFD1D20A002C: changes role from CANDIDATE to FOLLOWER at term 325 for DISCOVERED_A_NEW_TERM
2019-10-16 18:01:13,250 [bf55b3f9-6b09-4365-9d71-55289e083fa5@group-EFD1D20A002C-LeaderElection281] INFO  impl.RoleInfo (RoleInfo.java:shutdownLeaderElection(134)) - bf55b3f9-6b09-4365-9d71-55289e083fa5: shutdown LeaderElection
2019-10-16 18:01:13,250 [bf55b3f9-6b09-4365-9d71-55289e083fa5@group-EFD1D20A002C-LeaderElection281] INFO  impl.RoleInfo (RoleInfo.java:updateAndGet(143)) - bf55b3f9-6b09-4365-9d71-55289e083fa5: start FollowerState
2019-10-16 18:01:13,304 [Thread-1993] INFO  impl.FollowerState (FollowerState.java:run(108)) - bf55b3f9-6b09-4365-9d71-55289e083fa5@group-EFD1D20A002C-FollowerState: change to CANDIDATE, lastRpcTime:53ms, electionTimeout:53ms
2019-10-16 18:01:13,304 [Thread-1993] INFO  impl.RoleInfo (RoleInfo.java:shutdownFollowerState(121)) - bf55b3f9-6b09-4365-9d71-55289e083fa5: shutdown FollowerState
2019-10-16 18:01:13,304 [Thread-1993] INFO  impl.RaftServerImpl (RaftServerImpl.java:setRole(184)) - bf55b3f9-6b09-4365-9d71-55289e083fa5@group-EFD1D20A002C: changes role from  FOLLOWER to CANDIDATE at term 325 for changeToCandidate
2019-10-16 18:01:13,304 [Thread-1993] INFO  impl.RoleInfo (RoleInfo.java:updateAndGet(143)) - bf55b3f9-6b09-4365-9d71-55289e083fa5: start LeaderElection
2019-10-16 18:01:13,329 [bf55b3f9-6b09-4365-9d71-55289e083fa5@group-EFD1D20A002C-LeaderElection282] INFO  impl.LeaderElection (LeaderElection.java:askForVotes(178)) - bf55b3f9-6b09-4365-9d71-55289e083fa5@group-EFD1D20A002C-LeaderElection282: begin an election at term 326 for -1: [f4c54511-b161-4347-aec5-5236dc80a0d8:0.0.0.0:41238, 907b9765-214b-4864-b66a-d6e2a5789e5c:0.0.0.0:41650, bf55b3f9-6b09-4365-9d71-55289e083fa5:0.0.0.0:42441], old=null
2019-10-16 18:01:13,333 [grpc-default-executor-0] INFO  impl.RaftServerImpl (RaftServerImpl.java:setRole(184)) - 907b9765-214b-4864-b66a-d6e2a5789e5c@group-EFD1D20A002C: changes role from  FOLLOWER to FOLLOWER at term 326 for recognizeCandidate:bf55b3f9-6b09-4365-9d71-55289e083fa5
2019-10-16 18:01:13,333 [grpc-default-executor-1] INFO  impl.RaftServerImpl (RaftServerImpl.java:setRole(184)) - f4c54511-b161-4347-aec5-5236dc80a0d8@group-EFD1D20A002C: changes role from  FOLLOWER to FOLLOWER at term 326 for recognizeCandidate:bf55b3f9-6b09-4365-9d71-55289e083fa5
2019-10-16 18:01:13,333 [grpc-default-executor-0] INFO  impl.RoleInfo (RoleInfo.java:shutdownFollowerState(121)) - 907b9765-214b-4864-b66a-d6e2a5789e5c: shutdown FollowerState
2019-10-16 18:01:13,333 [grpc-default-executor-1] INFO  impl.RoleInfo (RoleInfo.java:shutdownFollowerState(121)) - f4c54511-b161-4347-aec5-5236dc80a0d8: shutdown FollowerState
2019-10-16 18:01:13,333 [Thread-1992] INFO  impl.FollowerState (FollowerState.java:run(117)) - 907b9765-214b-4864-b66a-d6e2a5789e5c@group-EFD1D20A002C-FollowerState was interrupted: java.lang.InterruptedException: sleep interrupted
2019-10-16 18:01:13,333 [grpc-default-executor-0] INFO  impl.RoleInfo (RoleInfo.java:updateAndGet(143)) - 907b9765-214b-4864-b66a-d6e2a5789e5c: start FollowerState
2019-10-16 18:01:13,333 [Thread-1991] INFO  impl.FollowerState (FollowerState.java:run(117)) - f4c54511-b161-4347-aec5-5236dc80a0d8@group-EFD1D20A002C-FollowerState was interrupted: java.lang.InterruptedException: sleep interrupted
2019-10-16 18:01:13,333 [grpc-default-executor-1] INFO  impl.RoleInfo (RoleInfo.java:updateAndGet(143)) - f4c54511-b161-4347-aec5-5236dc80a0d8: start FollowerState
2019-10-16 18:01:13,355 [bf55b3f9-6b09-4365-9d71-55289e083fa5@group-EFD1D20A002C-LeaderElection282] INFO  impl.LeaderElection (LeaderElection.java:logAndReturn(56)) - bf55b3f9-6b09-4365-9d71-55289e083fa5@group-EFD1D20A002C-LeaderElection282: Election REJECTED; received 2 response(s) [bf55b3f9-6b09-4365-9d71-55289e083fa5<-f4c54511-b161-4347-aec5-5236dc80a0d8#0:FAIL-t326, bf55b3f9-6b09-4365-9d71-55289e083fa5<-907b9765-214b-4864-b66a-d6e2a5789e5c#0:FAIL-t326] and 0 exception(s); bf55b3f9-6b09-4365-9d71-55289e083fa5@group-EFD1D20A002C:t326, leader=null, voted=bf55b3f9-6b09-4365-9d71-55289e083fa5, raftlog=bf55b3f9-6b09-4365-9d71-55289e083fa5@group-EFD1D20A002C-SegmentedRaftLog:OPENED:c-1,f-1,i0, conf=-1: [f4c54511-b161-4347-aec5-5236dc80a0d8:0.0.0.0:41238, 907b9765-214b-4864-b66a-d6e2a5789e5c:0.0.0.0:41650, bf55b3f9-6b09-4365-9d71-55289e083fa5:0.0.0.0:42441], old=null
2019-10-16 18:01:13,355 [bf55b3f9-6b09-4365-9d71-55289e083fa5@group-EFD1D20A002C-LeaderElection282] INFO  impl.RaftServerImpl (RaftServerImpl.java:setRole(184)) - bf55b3f9-6b09-4365-9d71-55289e083fa5@group-EFD1D20A002C: changes role from CANDIDATE to FOLLOWER at term 326 for DISCOVERED_A_NEW_TERM
2019-10-16 18:01:13,355 [bf55b3f9-6b09-4365-9d71-55289e083fa5@group-EFD1D20A002C-LeaderElection282] INFO  impl.RoleInfo (RoleInfo.java:shutdownLeaderElection(134)) - bf55b3f9-6b09-4365-9d71-55289e083fa5: shutdown LeaderElection
2019-10-16 18:01:13,355 [bf55b3f9-6b09-4365-9d71-55289e083fa5@group-EFD1D20A002C-LeaderElection282] INFO  impl.RoleInfo (RoleInfo.java:updateAndGet(143)) - bf55b3f9-6b09-4365-9d71-55289e083fa5: start FollowerState
2019-10-16 18:01:13,493 [Thread-1999] INFO  impl.FollowerState (FollowerState.java:run(108)) - bf55b3f9-6b09-4365-9d71-55289e083fa5@group-EFD1D20A002C-FollowerState: change to CANDIDATE, lastRpcTime:137ms, electionTimeout:137ms
2019-10-16 18:01:13,493 [Thread-1999] INFO  impl.RoleInfo (RoleInfo.java:shutdownFollowerState(121)) - bf55b3f9-6b09-4365-9d71-55289e083fa5: shutdown FollowerState
2019-10-16 18:01:13,493 [Thread-1999] INFO  impl.RaftServerImpl (RaftServerImpl.java:setRole(184)) - bf55b3f9-6b09-4365-9d71-55289e083fa5@group-EFD1D20A002C: changes role from  FOLLOWER to CANDIDATE at term 326 for changeToCandidate
2019-10-16 18:01:13,493 [Thread-1999] INFO  impl.RoleInfo (RoleInfo.java:updateAndGet(143)) - bf55b3f9-6b09-4365-9d71-55289e083fa5: start LeaderElection
2019-10-16 18:01:13,505 [bf55b3f9-6b09-4365-9d71-55289e083fa5@group-EFD1D20A002C-LeaderElection283] INFO  impl.LeaderElection (LeaderElection.java:askForVotes(178)) - bf55b3f9-6b09-4365-9d71-55289e083fa5@group-EFD1D20A002C-LeaderElection283: begin an election at term 327 for -1: [f4c54511-b161-4347-aec5-5236dc80a0d8:0.0.0.0:41238, 907b9765-214b-4864-b66a-d6e2a5789e5c:0.0.0.0:41650, bf55b3f9-6b09-4365-9d71-55289e083fa5:0.0.0.0:42441], old=null
2019-10-16 18:01:13,507 [grpc-default-executor-0] INFO  impl.RaftServerImpl (RaftServerImpl.java:setRole(184)) - f4c54511-b161-4347-aec5-5236dc80a0d8@group-EFD1D20A002C: changes role from  FOLLOWER to FOLLOWER at term 327 for recognizeCandidate:bf55b3f9-6b09-4365-9d71-55289e083fa5
2019-10-16 18:01:13,507 [grpc-default-executor-0] INFO  impl.RoleInfo (RoleInfo.java:shutdownFollowerState(121)) - f4c54511-b161-4347-aec5-5236dc80a0d8: shutdown FollowerState
2019-10-16 18:01:13,507 [grpc-default-executor-0] INFO  impl.RoleInfo (RoleInfo.java:updateAndGet(143)) - f4c54511-b161-4347-aec5-5236dc80a0d8: start FollowerState
2019-10-16 18:01:13,507 [grpc-default-executor-1] INFO  impl.RaftServerImpl (RaftServerImpl.java:setRole(184)) - 907b9765-214b-4864-b66a-d6e2a5789e5c@group-EFD1D20A002C: changes role from  FOLLOWER to FOLLOWER at term 327 for recognizeCandidate:bf55b3f9-6b09-4365-9d71-55289e083fa5
2019-10-16 18:01:13,508 [grpc-default-executor-1] INFO  impl.RoleInfo (RoleInfo.java:shutdownFollowerState(121)) - 907b9765-214b-4864-b66a-d6e2a5789e5c: shutdown FollowerState
2019-10-16 18:01:13,507 [Thread-1998] INFO  impl.FollowerState (FollowerState.java:run(117)) - f4c54511-b161-4347-aec5-5236dc80a0d8@group-EFD1D20A002C-FollowerState was interrupted: java.lang.InterruptedException: sleep interrupted
2019-10-16 18:01:13,508 [Thread-1997] INFO  impl.FollowerState (FollowerState.java:run(117)) - 907b9765-214b-4864-b66a-d6e2a5789e5c@group-EFD1D20A002C-FollowerState was interrupted: java.lang.InterruptedException: sleep interrupted
2019-10-16 18:01:13,508 [grpc-default-executor-1] INFO  impl.RoleInfo (RoleInfo.java:updateAndGet(143)) - 907b9765-214b-4864-b66a-d6e2a5789e5c: start FollowerState
2019-10-16 18:01:13,537 [bf55b3f9-6b09-4365-9d71-55289e083fa5@group-EFD1D20A002C-LeaderElection283] INFO  impl.LeaderElection (LeaderElection.java:logAndReturn(56)) - bf55b3f9-6b09-4365-9d71-55289e083fa5@group-EFD1D20A002C-LeaderElection283: Election REJECTED; received 2 response(s) [bf55b3f9-6b09-4365-9d71-55289e083fa5<-f4c54511-b161-4347-aec5-5236dc80a0d8#0:FAIL-t327, bf55b3f9-6b09-4365-9d71-55289e083fa5<-907b9765-214b-4864-b66a-d6e2a5789e5c#0:FAIL-t327] and 0 exception(s); bf55b3f9-6b09-4365-9d71-55289e083fa5@group-EFD1D20A002C:t327, leader=null, voted=bf55b3f9-6b09-4365-9d71-55289e083fa5, raftlog=bf55b3f9-6b09-4365-9d71-55289e083fa5@group-EFD1D20A002C-SegmentedRaftLog:OPENED:c-1,f-1,i0, conf=-1: [f4c54511-b161-4347-aec5-5236dc80a0d8:0.0.0.0:41238, 907b9765-214b-4864-b66a-d6e2a5789e5c:0.0.0.0:41650, bf55b3f9-6b09-4365-9d71-55289e083fa5:0.0.0.0:42441], old=null
2019-10-16 18:01:13,537 [bf55b3f9-6b09-4365-9d71-55289e083fa5@group-EFD1D20A002C-LeaderElection283] INFO  impl.RaftServerImpl (RaftServerImpl.java:setRole(184)) - bf55b3f9-6b09-4365-9d71-55289e083fa5@group-EFD1D20A002C: changes role from CANDIDATE to FOLLOWER at term 327 for DISCOVERED_A_NEW_TERM
2019-10-16 18:01:13,537 [bf55b3f9-6b09-4365-9d71-55289e083fa5@group-EFD1D20A002C-LeaderElection283] INFO  impl.RoleInfo (RoleInfo.java:shutdownLeaderElection(134)) - bf55b3f9-6b09-4365-9d71-55289e083fa5: shutdown LeaderElection
2019-10-16 18:01:13,537 [bf55b3f9-6b09-4365-9d71-55289e083fa5@group-EFD1D20A002C-LeaderElection283] INFO  impl.RoleInfo (RoleInfo.java:updateAndGet(143)) - bf55b3f9-6b09-4365-9d71-55289e083fa5: start FollowerState
2019-10-16 18:01:13,699 [Thread-2005] INFO  impl.FollowerState (FollowerState.java:run(108)) - bf55b3f9-6b09-4365-9d71-55289e083fa5@group-EFD1D20A002C-FollowerState: change to CANDIDATE, lastRpcTime:161ms, electionTimeout:161ms
2019-10-16 18:01:13,699 [Thread-2005] INFO  impl.RoleInfo (RoleInfo.java:shutdownFollowerState(121)) - bf55b3f9-6b09-4365-9d71-55289e083fa5: shutdown FollowerState
2019-10-16 18:01:13,699 [Thread-2005] INFO  impl.RaftServerImpl (RaftServerImpl.java:setRole(184)) - bf55b3f9-6b09-4365-9d71-55289e083fa5@group-EFD1D20A002C: changes role from  FOLLOWER to CANDIDATE at term 327 for changeToCandidate
2019-10-16 18:01:13,699 [Thread-2005] INFO  impl.RoleInfo (RoleInfo.java:updateAndGet(143)) - bf55b3f9-6b09-4365-9d71-55289e083fa5: start LeaderElection
2019-10-16 18:01:13,724 [bf55b3f9-6b09-4365-9d71-55289e083fa5@group-EFD1D20A002C-LeaderElection284] INFO  impl.LeaderElection (LeaderElection.java:askForVotes(178)) - bf55b3f9-6b09-4365-9d71-55289e083fa5@group-EFD1D20A002C-LeaderElection284: begin an election at term 328 for -1: [f4c54511-b161-4347-aec5-5236dc80a0d8:0.0.0.0:41238, 907b9765-214b-4864-b66a-d6e2a5789e5c:0.0.0.0:41650, bf55b3f9-6b09-4365-9d71-55289e083fa5:0.0.0.0:42441], old=null
2019-10-16 18:01:13,726 [grpc-default-executor-0] INFO  impl.RaftServerImpl (RaftServerImpl.java:setRole(184)) - f4c54511-b161-4347-aec5-5236dc80a0d8@group-EFD1D20A002C: changes role from  FOLLOWER to FOLLOWER at term 328 for recognizeCandidate:bf55b3f9-6b09-4365-9d71-55289e083fa5
2019-10-16 18:01:13,726 [grpc-default-executor-1] INFO  impl.RaftServerImpl (RaftServerImpl.java:setRole(184)) - 907b9765-214b-4864-b66a-d6e2a5789e5c@group-EFD1D20A002C: changes role from  FOLLOWER to FOLLOWER at term 328 for recognizeCandidate:bf55b3f9-6b09-4365-9d71-55289e083fa5
2019-10-16 18:01:13,726 [grpc-default-executor-0] INFO  impl.RoleInfo (RoleInfo.java:shutdownFollowerState(121)) - f4c54511-b161-4347-aec5-5236dc80a0d8: shutdown FollowerState
2019-10-16 18:01:13,726 [grpc-default-executor-1] INFO  impl.RoleInfo (RoleInfo.java:shutdownFollowerState(121)) - 907b9765-214b-4864-b66a-d6e2a5789e5c: shutdown FollowerState
2019-10-16 18:01:13,726 [Thread-2003] INFO  impl.FollowerState (FollowerState.java:run(117)) - f4c54511-b161-4347-aec5-5236dc80a0d8@group-EFD1D20A002C-FollowerState was interrupted: java.lang.InterruptedException: sleep interrupted
2019-10-16 18:01:13,726 [grpc-default-executor-0] INFO  impl.RoleInfo (RoleInfo.java:updateAndGet(143)) - f4c54511-b161-4347-aec5-5236dc80a0d8: start FollowerState
2019-10-16 18:01:13,726 [grpc-default-executor-1] INFO  impl.RoleInfo (RoleInfo.java:updateAndGet(143)) - 907b9765-214b-4864-b66a-d6e2a5789e5c: start FollowerState
2019-10-16 18:01:13,726 [Thread-2004] INFO  impl.FollowerState (FollowerState.java:run(117)) - 907b9765-214b-4864-b66a-d6e2a5789e5c@group-EFD1D20A002C-FollowerState was interrupted: java.lang.InterruptedException: sleep interrupted
2019-10-16 18:01:13,739 [bf55b3f9-6b09-4365-9d71-55289e083fa5@group-EFD1D20A002C-LeaderElection284] INFO  impl.LeaderElection (LeaderElection.java:logAndReturn(56)) - bf55b3f9-6b09-4365-9d71-55289e083fa5@group-EFD1D20A002C-LeaderElection284: Election TIMEOUT; received 0 response(s) [] and 0 exception(s); bf55b3f9-6b09-4365-9d71-55289e083fa5@group-EFD1D20A002C:t328, leader=null, voted=bf55b3f9-6b09-4365-9d71-55289e083fa5, raftlog=bf55b3f9-6b09-4365-9d71-55289e083fa5@group-EFD1D20A002C-SegmentedRaftLog:OPENED:c-1,f-1,i0, conf=-1: [f4c54511-b161-4347-aec5-5236dc80a0d8:0.0.0.0:41238, 907b9765-214b-4864-b66a-d6e2a5789e5c:0.0.0.0:41650, bf55b3f9-6b09-4365-9d71-55289e083fa5:0.0.0.0:42441], old=null
2019-10-16 18:01:13,768 [bf55b3f9-6b09-4365-9d71-55289e083fa5@group-EFD1D20A002C-LeaderElection284] INFO  impl.LeaderElection (LeaderElection.java:askForVotes(178)) - bf55b3f9-6b09-4365-9d71-55289e083fa5@group-EFD1D20A002C-LeaderElection284: begin an election at term 329 for -1: [f4c54511-b161-4347-aec5-5236dc80a0d8:0.0.0.0:41238, 907b9765-214b-4864-b66a-d6e2a5789e5c:0.0.0.0:41650, bf55b3f9-6b09-4365-9d71-55289e083fa5:0.0.0.0:42441], old=null
2019-10-16 18:01:13,769 [grpc-default-executor-0] INFO  impl.RaftServerImpl (RaftServerImpl.java:setRole(184)) - f4c54511-b161-4347-aec5-5236dc80a0d8@group-EFD1D20A002C: changes role from  FOLLOWER to FOLLOWER at term 329 for recognizeCandidate:bf55b3f9-6b09-4365-9d71-55289e083fa5
2019-10-16 18:01:13,769 [grpc-default-executor-0] INFO  impl.RoleInfo (RoleInfo.java:shutdownFollowerState(121)) - f4c54511-b161-4347-aec5-5236dc80a0d8: shutdown FollowerState
2019-10-16 18:01:13,770 [grpc-default-executor-0] INFO  impl.RoleInfo (RoleInfo.java:updateAndGet(143)) - f4c54511-b161-4347-aec5-5236dc80a0d8: start FollowerState
2019-10-16 18:01:13,770 [Thread-2009] INFO  impl.FollowerState (FollowerState.java:run(117)) - f4c54511-b161-4347-aec5-5236dc80a0d8@group-EFD1D20A002C-FollowerState was interrupted: java.lang.InterruptedException: sleep interrupted
2019-10-16 18:01:13,770 [grpc-default-executor-1] INFO  impl.RaftServerImpl (RaftServerImpl.java:setRole(184)) - 907b9765-214b-4864-b66a-d6e2a5789e5c@group-EFD1D20A002C: changes role from  FOLLOWER to FOLLOWER at term 329 for recognizeCandidate:bf55b3f9-6b09-4365-9d71-55289e083fa5
2019-10-16 18:01:13,770 [grpc-default-executor-1] INFO  impl.RoleInfo (RoleInfo.java:shutdownFollowerState(121)) - 907b9765-214b-4864-b66a-d6e2a5789e5c: shutdown FollowerState
2019-10-16 18:01:13,770 [grpc-default-executor-1] INFO  impl.RoleInfo (RoleInfo.java:updateAndGet(143)) - 907b9765-214b-4864-b66a-d6e2a5789e5c: start FollowerState
2019-10-16 18:01:13,770 [Thread-2010] INFO  impl.FollowerState (FollowerState.java:run(117)) - 907b9765-214b-4864-b66a-d6e2a5789e5c@group-EFD1D20A002C-FollowerState was interrupted: java.lang.InterruptedException: sleep interrupted
2019-10-16 18:01:13,803 [bf55b3f9-6b09-4365-9d71-55289e083fa5@group-EFD1D20A002C-LeaderElection284] INFO  impl.LeaderElection (LeaderElection.java:logAndReturn(56)) - bf55b3f9-6b09-4365-9d71-55289e083fa5@group-EFD1D20A002C-LeaderElection284: Election REJECTED; received 2 response(s) [bf55b3f9-6b09-4365-9d71-55289e083fa5<-f4c54511-b161-4347-aec5-5236dc80a0d8#0:FAIL-t329, bf55b3f9-6b09-4365-9d71-55289e083fa5<-907b9765-214b-4864-b66a-d6e2a5789e5c#0:FAIL-t329] and 0 exception(s); bf55b3f9-6b09-4365-9d71-55289e083fa5@group-EFD1D20A002C:t329, leader=null, voted=bf55b3f9-6b09-4365-9d71-55289e083fa5, raftlog=bf55b3f9-6b09-4365-9d71-55289e083fa5@group-EFD1D20A002C-SegmentedRaftLog:OPENED:c-1,f-1,i0, conf=-1: [f4c54511-b161-4347-aec5-5236dc80a0d8:0.0.0.0:41238, 907b9765-214b-4864-b66a-d6e2a5789e5c:0.0.0.0:41650, bf55b3f9-6b09-4365-9d71-55289e083fa5:0.0.0.0:42441], old=null
2019-10-16 18:01:13,803 [bf55b3f9-6b09-4365-9d71-55289e083fa5@group-EFD1D20A002C-LeaderElection284] INFO  impl.RaftServerImpl (RaftServerImpl.java:setRole(184)) - bf55b3f9-6b09-4365-9d71-55289e083fa5@group-EFD1D20A002C: changes role from CANDIDATE to FOLLOWER at term 329 for DISCOVERED_A_NEW_TERM
2019-10-16 18:01:13,803 [bf55b3f9-6b09-4365-9d71-55289e083fa5@group-EFD1D20A002C-LeaderElection284] INFO  impl.RoleInfo (RoleInfo.java:shutdownLeaderElection(134)) - bf55b3f9-6b09-4365-9d71-55289e083fa5: shutdown LeaderElection
2019-10-16 18:01:13,803 [bf55b3f9-6b09-4365-9d71-55289e083fa5@group-EFD1D20A002C-LeaderElection284] INFO  impl.RoleInfo (RoleInfo.java:updateAndGet(143)) - bf55b3f9-6b09-4365-9d71-55289e083fa5: start FollowerState
2019-10-16 18:01:13,843 [Thread-2015] INFO  impl.FollowerState (FollowerState.java:run(108)) - bf55b3f9-6b09-4365-9d71-55289e083fa5@group-EFD1D20A002C-FollowerState: change to CANDIDATE, lastRpcTime:40ms, electionTimeout:40ms
2019-10-16 18:01:13,844 [Thread-2015] INFO  impl.RoleInfo (RoleInfo.java:shutdownFollowerState(121)) - bf55b3f9-6b09-4365-9d71-55289e083fa5: shutdown FollowerState
2019-10-16 18:01:13,844 [Thread-2015] INFO  impl.RaftServerImpl (RaftServerImpl.java:setRole(184)) - bf55b3f9-6b09-4365-9d71-55289e083fa5@group-EFD1D20A002C: changes role from  FOLLOWER to CANDIDATE at term 329 for changeToCandidate
2019-10-16 18:01:13,844 [Thread-2015] INFO  impl.RoleInfo (RoleInfo.java:updateAndGet(143)) - bf55b3f9-6b09-4365-9d71-55289e083fa5: start LeaderElection
2019-10-16 18:01:13,869 [bf55b3f9-6b09-4365-9d71-55289e083fa5@group-EFD1D20A002C-LeaderElection285] INFO  impl.LeaderElection (LeaderElection.java:askForVotes(178)) - bf55b3f9-6b09-4365-9d71-55289e083fa5@group-EFD1D20A002C-LeaderElection285: begin an election at term 330 for -1: [f4c54511-b161-4347-aec5-5236dc80a0d8:0.0.0.0:41238, 907b9765-214b-4864-b66a-d6e2a5789e5c:0.0.0.0:41650, bf55b3f9-6b09-4365-9d71-55289e083fa5:0.0.0.0:42441], old=null
2019-10-16 18:01:13,871 [grpc-default-executor-1] INFO  impl.RaftServerImpl (RaftServerImpl.java:setRole(184)) - f4c54511-b161-4347-aec5-5236dc80a0d8@group-EFD1D20A002C: changes role from  FOLLOWER to FOLLOWER at term 330 for recognizeCandidate:bf55b3f9-6b09-4365-9d71-55289e083fa5
2019-10-16 18:01:13,871 [grpc-default-executor-0] INFO  impl.RaftServerImpl (RaftServerImpl.java:setRole(184)) - 907b9765-214b-4864-b66a-d6e2a5789e5c@group-EFD1D20A002C: changes role from  FOLLOWER to FOLLOWER at term 330 for recognizeCandidate:bf55b3f9-6b09-4365-9d71-55289e083fa5
2019-10-16 18:01:13,871 [grpc-default-executor-1] INFO  impl.RoleInfo (RoleInfo.java:shutdownFollowerState(121)) - f4c54511-b161-4347-aec5-5236dc80a0d8: shutdown FollowerState
2019-10-16 18:01:13,871 [grpc-default-executor-0] INFO  impl.RoleInfo (RoleInfo.java:shutdownFollowerState(121)) - 907b9765-214b-4864-b66a-d6e2a5789e5c: shutdown FollowerState
2019-10-16 18:01:13,871 [Thread-2013] INFO  impl.FollowerState (FollowerState.java:run(117)) - f4c54511-b161-4347-aec5-5236dc80a0d8@group-EFD1D20A002C-FollowerState was interrupted: java.lang.InterruptedException: sleep interrupted
2019-10-16 18:01:13,871 [grpc-default-executor-1] INFO  impl.RoleInfo (RoleInfo.java:updateAndGet(143)) - f4c54511-b161-4347-aec5-5236dc80a0d8: start FollowerState
2019-10-16 18:01:13,871 [Thread-2014] INFO  impl.FollowerState (FollowerState.java:run(117)) - 907b9765-214b-4864-b66a-d6e2a5789e5c@group-EFD1D20A002C-FollowerState was interrupted: java.lang.InterruptedException: sleep interrupted
2019-10-16 18:01:13,871 [grpc-default-executor-0] INFO  impl.RoleInfo (RoleInfo.java:updateAndGet(143)) - 907b9765-214b-4864-b66a-d6e2a5789e5c: start FollowerState
2019-10-16 18:01:13,895 [bf55b3f9-6b09-4365-9d71-55289e083fa5@group-EFD1D20A002C-LeaderElection285] INFO  impl.LeaderElection (LeaderElection.java:logAndReturn(56)) - bf55b3f9-6b09-4365-9d71-55289e083fa5@group-EFD1D20A002C-LeaderElection285: Election REJECTED; received 2 response(s) [bf55b3f9-6b09-4365-9d71-55289e083fa5<-f4c54511-b161-4347-aec5-5236dc80a0d8#0:FAIL-t330, bf55b3f9-6b09-4365-9d71-55289e083fa5<-907b9765-214b-4864-b66a-d6e2a5789e5c#0:FAIL-t330] and 0 exception(s); bf55b3f9-6b09-4365-9d71-55289e083fa5@group-EFD1D20A002C:t330, leader=null, voted=bf55b3f9-6b09-4365-9d71-55289e083fa5, raftlog=bf55b3f9-6b09-4365-9d71-55289e083fa5@group-EFD1D20A002C-SegmentedRaftLog:OPENED:c-1,f-1,i0, conf=-1: [f4c54511-b161-4347-aec5-5236dc80a0d8:0.0.0.0:41238, 907b9765-214b-4864-b66a-d6e2a5789e5c:0.0.0.0:41650, bf55b3f9-6b09-4365-9d71-55289e083fa5:0.0.0.0:42441], old=null
2019-10-16 18:01:13,895 [bf55b3f9-6b09-4365-9d71-55289e083fa5@group-EFD1D20A002C-LeaderElection285] INFO  impl.RaftServerImpl (RaftServerImpl.java:setRole(184)) - bf55b3f9-6b09-4365-9d71-55289e083fa5@group-EFD1D20A002C: changes role from CANDIDATE to FOLLOWER at term 330 for DISCOVERED_A_NEW_TERM
2019-10-16 18:01:13,895 [bf55b3f9-6b09-4365-9d71-55289e083fa5@group-EFD1D20A002C-LeaderElection285] INFO  impl.RoleInfo (RoleInfo.java:shutdownLeaderElection(134)) - bf55b3f9-6b09-4365-9d71-55289e083fa5: shutdown LeaderElection
2019-10-16 18:01:13,896 [bf55b3f9-6b09-4365-9d71-55289e083fa5@group-EFD1D20A002C-LeaderElection285] INFO  impl.RoleInfo (RoleInfo.java:updateAndGet(143)) - bf55b3f9-6b09-4365-9d71-55289e083fa5: start FollowerState
2019-10-16 18:01:14,073 [Thread-2021] INFO  impl.FollowerState (FollowerState.java:run(108)) - bf55b3f9-6b09-4365-9d71-55289e083fa5@group-EFD1D20A002C-FollowerState: change to CANDIDATE, lastRpcTime:177ms, electionTimeout:177ms
2019-10-16 18:01:14,073 [Thread-2021] INFO  impl.RoleInfo (RoleInfo.java:shutdownFollowerState(121)) - bf55b3f9-6b09-4365-9d71-55289e083fa5: shutdown FollowerState
2019-10-16 18:01:14,073 [Thread-2021] INFO  impl.RaftServerImpl (RaftServerImpl.java:setRole(184)) - bf55b3f9-6b09-4365-9d71-55289e083fa5@group-EFD1D20A002C: changes role from  FOLLOWER to CANDIDATE at term 330 for changeToCandidate
2019-10-16 18:01:14,073 [Thread-2021] INFO  impl.RoleInfo (RoleInfo.java:updateAndGet(143)) - bf55b3f9-6b09-4365-9d71-55289e083fa5: start LeaderElection
2019-10-16 18:01:14,104 [bf55b3f9-6b09-4365-9d71-55289e083fa5@group-EFD1D20A002C-LeaderElection286] INFO  impl.LeaderElection (LeaderElection.java:askForVotes(178)) - bf55b3f9-6b09-4365-9d71-55289e083fa5@group-EFD1D20A002C-LeaderElection286: begin an election at term 331 for -1: [f4c54511-b161-4347-aec5-5236dc80a0d8:0.0.0.0:41238, 907b9765-214b-4864-b66a-d6e2a5789e5c:0.0.0.0:41650, bf55b3f9-6b09-4365-9d71-55289e083fa5:0.0.0.0:42441], old=null
2019-10-16 18:01:14,106 [grpc-default-executor-0] INFO  impl.RaftServerImpl (RaftServerImpl.java:setRole(184)) - f4c54511-b161-4347-aec5-5236dc80a0d8@group-EFD1D20A002C: changes role from  FOLLOWER to FOLLOWER at term 331 for recognizeCandidate:bf55b3f9-6b09-4365-9d71-55289e083fa5
2019-10-16 18:01:14,106 [grpc-default-executor-0] INFO  impl.RoleInfo (RoleInfo.java:shutdownFollowerState(121)) - f4c54511-b161-4347-aec5-5236dc80a0d8: shutdown FollowerState
2019-10-16 18:01:14,106 [grpc-default-executor-0] INFO  impl.RoleInfo (RoleInfo.java:updateAndGet(143)) - f4c54511-b161-4347-aec5-5236dc80a0d8: start FollowerState
2019-10-16 18:01:14,106 [grpc-default-executor-1] INFO  impl.RaftServerImpl (RaftServerImpl.java:setRole(184)) - 907b9765-214b-4864-b66a-d6e2a5789e5c@group-EFD1D20A002C: changes role from  FOLLOWER to FOLLOWER at term 331 for recognizeCandidate:bf55b3f9-6b09-4365-9d71-55289e083fa5
2019-10-16 18:01:14,106 [grpc-default-executor-1] INFO  impl.RoleInfo (RoleInfo.java:shutdownFollowerState(121)) - 907b9765-214b-4864-b66a-d6e2a5789e5c: shutdown FollowerState
2019-10-16 18:01:14,106 [grpc-default-executor-1] INFO  impl.RoleInfo (RoleInfo.java:updateAndGet(143)) - 907b9765-214b-4864-b66a-d6e2a5789e5c: start FollowerState
2019-10-16 18:01:14,106 [Thread-2019] INFO  impl.FollowerState (FollowerState.java:run(117)) - f4c54511-b161-4347-aec5-5236dc80a0d8@group-EFD1D20A002C-FollowerState was interrupted: java.lang.InterruptedException: sleep interrupted
2019-10-16 18:01:14,107 [Thread-2020] INFO  impl.FollowerState (FollowerState.java:run(117)) - 907b9765-214b-4864-b66a-d6e2a5789e5c@group-EFD1D20A002C-FollowerState was interrupted: java.lang.InterruptedException: sleep interrupted
2019-10-16 18:01:14,130 [bf55b3f9-6b09-4365-9d71-55289e083fa5@group-EFD1D20A002C-LeaderElection286] INFO  impl.LeaderElection (LeaderElection.java:logAndReturn(56)) - bf55b3f9-6b09-4365-9d71-55289e083fa5@group-EFD1D20A002C-LeaderElection286: Election REJECTED; received 2 response(s) [bf55b3f9-6b09-4365-9d71-55289e083fa5<-f4c54511-b161-4347-aec5-5236dc80a0d8#0:FAIL-t331, bf55b3f9-6b09-4365-9d71-55289e083fa5<-907b9765-214b-4864-b66a-d6e2a5789e5c#0:FAIL-t331] and 0 exception(s); bf55b3f9-6b09-4365-9d71-55289e083fa5@group-EFD1D20A002C:t331, leader=null, voted=bf55b3f9-6b09-4365-9d71-55289e083fa5, raftlog=bf55b3f9-6b09-4365-9d71-55289e083fa5@group-EFD1D20A002C-SegmentedRaftLog:OPENED:c-1,f-1,i0, conf=-1: [f4c54511-b161-4347-aec5-5236dc80a0d8:0.0.0.0:41238, 907b9765-214b-4864-b66a-d6e2a5789e5c:0.0.0.0:41650, bf55b3f9-6b09-4365-9d71-55289e083fa5:0.0.0.0:42441], old=null
2019-10-16 18:01:14,130 [bf55b3f9-6b09-4365-9d71-55289e083fa5@group-EFD1D20A002C-LeaderElection286] INFO  impl.RaftServerImpl (RaftServerImpl.java:setRole(184)) - bf55b3f9-6b09-4365-9d71-55289e083fa5@group-EFD1D20A002C: changes role from CANDIDATE to FOLLOWER at term 331 for DISCOVERED_A_NEW_TERM
2019-10-16 18:01:14,130 [bf55b3f9-6b09-4365-9d71-55289e083fa5@group-EFD1D20A002C-LeaderElection286] INFO  impl.RoleInfo (RoleInfo.java:shutdownLeaderElection(134)) - bf55b3f9-6b09-4365-9d71-55289e083fa5: shutdown LeaderElection
2019-10-16 18:01:14,130 [bf55b3f9-6b09-4365-9d71-55289e083fa5@group-EFD1D20A002C-LeaderElection286] INFO  impl.RoleInfo (RoleInfo.java:updateAndGet(143)) - bf55b3f9-6b09-4365-9d71-55289e083fa5: start FollowerState
2019-10-16 18:01:14,249 [Thread-2029] INFO  impl.FollowerState (FollowerState.java:run(108)) - bf55b3f9-6b09-4365-9d71-55289e083fa5@group-EFD1D20A002C-FollowerState: change to CANDIDATE, lastRpcTime:118ms, electionTimeout:118ms
2019-10-16 18:01:14,249 [Thread-2029] INFO  impl.RoleInfo (RoleInfo.java:shutdownFollowerState(121)) - bf55b3f9-6b09-4365-9d71-55289e083fa5: shutdown FollowerState
2019-10-16 18:01:14,249 [Thread-2029] INFO  impl.RaftServerImpl (RaftServerImpl.java:setRole(184)) - bf55b3f9-6b09-4365-9d71-55289e083fa5@group-EFD1D20A002C: changes role from  FOLLOWER to CANDIDATE at term 331 for changeToCandidate
2019-10-16 18:01:14,249 [Thread-2029] INFO  impl.RoleInfo (RoleInfo.java:updateAndGet(143)) - bf55b3f9-6b09-4365-9d71-55289e083fa5: start LeaderElection
2019-10-16 18:01:14,273 [bf55b3f9-6b09-4365-9d71-55289e083fa5@group-EFD1D20A002C-LeaderElection287] INFO  impl.LeaderElection (LeaderElection.java:askForVotes(178)) - bf55b3f9-6b09-4365-9d71-55289e083fa5@group-EFD1D20A002C-LeaderElection287: begin an election at term 332 for -1: [f4c54511-b161-4347-aec5-5236dc80a0d8:0.0.0.0:41238, 907b9765-214b-4864-b66a-d6e2a5789e5c:0.0.0.0:41650, bf55b3f9-6b09-4365-9d71-55289e083fa5:0.0.0.0:42441], old=null
2019-10-16 18:01:14,274 [grpc-default-executor-1] INFO  impl.RaftServerImpl (RaftServerImpl.java:setRole(184)) - 907b9765-214b-4864-b66a-d6e2a5789e5c@group-EFD1D20A002C: changes role from  FOLLOWER to FOLLOWER at term 332 for recognizeCandidate:bf55b3f9-6b09-4365-9d71-55289e083fa5
2019-10-16 18:01:14,275 [grpc-default-executor-1] INFO  impl.RoleInfo (RoleInfo.java:shutdownFollowerState(121)) - 907b9765-214b-4864-b66a-d6e2a5789e5c: shutdown FollowerState
2019-10-16 18:01:14,274 [grpc-default-executor-0] INFO  impl.RaftServerImpl (RaftServerImpl.java:setRole(184)) - f4c54511-b161-4347-aec5-5236dc80a0d8@group-EFD1D20A002C: changes role from  FOLLOWER to FOLLOWER at term 332 for recognizeCandidate:bf55b3f9-6b09-4365-9d71-55289e083fa5
2019-10-16 18:01:14,275 [Thread-2028] INFO  impl.FollowerState (FollowerState.java:run(117)) - 907b9765-214b-4864-b66a-d6e2a5789e5c@group-EFD1D20A002C-FollowerState was interrupted: java.lang.InterruptedException: sleep interrupted
2019-10-16 18:01:14,275 [grpc-default-executor-1] INFO  impl.RoleInfo (RoleInfo.java:updateAndGet(143)) - 907b9765-214b-4864-b66a-d6e2a5789e5c: start FollowerState
2019-10-16 18:01:14,275 [grpc-default-executor-0] INFO  impl.RoleInfo (RoleInfo.java:shutdownFollowerState(121)) - f4c54511-b161-4347-aec5-5236dc80a0d8: shutdown FollowerState
2019-10-16 18:01:14,275 [grpc-default-executor-0] INFO  impl.RoleInfo (RoleInfo.java:updateAndGet(143)) - f4c54511-b161-4347-aec5-5236dc80a0d8: start FollowerState
2019-10-16 18:01:14,275 [Thread-2027] INFO  impl.FollowerState (FollowerState.java:run(117)) - f4c54511-b161-4347-aec5-5236dc80a0d8@group-EFD1D20A002C-FollowerState was interrupted: java.lang.InterruptedException: sleep interrupted
2019-10-16 18:01:14,299 [bf55b3f9-6b09-4365-9d71-55289e083fa5@group-EFD1D20A002C-LeaderElection287] INFO  impl.LeaderElection (LeaderElection.java:logAndReturn(56)) - bf55b3f9-6b09-4365-9d71-55289e083fa5@group-EFD1D20A002C-LeaderElection287: Election REJECTED; received 2 response(s) [bf55b3f9-6b09-4365-9d71-55289e083fa5<-f4c54511-b161-4347-aec5-5236dc80a0d8#0:FAIL-t332, bf55b3f9-6b09-4365-9d71-55289e083fa5<-907b9765-214b-4864-b66a-d6e2a5789e5c#0:FAIL-t332] and 0 exception(s); bf55b3f9-6b09-4365-9d71-55289e083fa5@group-EFD1D20A002C:t332, leader=null, voted=bf55b3f9-6b09-4365-9d71-55289e083fa5, raftlog=bf55b3f9-6b09-4365-9d71-55289e083fa5@group-EFD1D20A002C-SegmentedRaftLog:OPENED:c-1,f-1,i0, conf=-1: [f4c54511-b161-4347-aec5-5236dc80a0d8:0.0.0.0:41238, 907b9765-214b-4864-b66a-d6e2a5789e5c:0.0.0.0:41650, bf55b3f9-6b09-4365-9d71-55289e083fa5:0.0.0.0:42441], old=null
2019-10-16 18:01:14,299 [bf55b3f9-6b09-4365-9d71-55289e083fa5@group-EFD1D20A002C-LeaderElection287] INFO  impl.RaftServerImpl (RaftServerImpl.java:setRole(184)) - bf55b3f9-6b09-4365-9d71-55289e083fa5@group-EFD1D20A002C: changes role from CANDIDATE to FOLLOWER at term 332 for DISCOVERED_A_NEW_TERM
2019-10-16 18:01:14,299 [bf55b3f9-6b09-4365-9d71-55289e083fa5@group-EFD1D20A002C-LeaderElection287] INFO  impl.RoleInfo (RoleInfo.java:shutdownLeaderElection(134)) - bf55b3f9-6b09-4365-9d71-55289e083fa5: shutdown LeaderElection
2019-10-16 18:01:14,299 [bf55b3f9-6b09-4365-9d71-55289e083fa5@group-EFD1D20A002C-LeaderElection287] INFO  impl.RoleInfo (RoleInfo.java:updateAndGet(143)) - bf55b3f9-6b09-4365-9d71-55289e083fa5: start FollowerState
2019-10-16 18:01:14,500 [Thread-2035] INFO  impl.FollowerState (FollowerState.java:run(108)) - bf55b3f9-6b09-4365-9d71-55289e083fa5@group-EFD1D20A002C-FollowerState: change to CANDIDATE, lastRpcTime:200ms, electionTimeout:200ms
2019-10-16 18:01:14,500 [Thread-2035] INFO  impl.RoleInfo (RoleInfo.java:shutdownFollowerState(121)) - bf55b3f9-6b09-4365-9d71-55289e083fa5: shutdown FollowerState
2019-10-16 18:01:14,500 [Thread-2035] INFO  impl.RaftServerImpl (RaftServerImpl.java:setRole(184)) - bf55b3f9-6b09-4365-9d71-55289e083fa5@group-EFD1D20A002C: changes role from  FOLLOWER to CANDIDATE at term 332 for changeToCandidate
2019-10-16 18:01:14,500 [Thread-2035] INFO  impl.RoleInfo (RoleInfo.java:updateAndGet(143)) - bf55b3f9-6b09-4365-9d71-55289e083fa5: start LeaderElection
2019-10-16 18:01:14,527 [bf55b3f9-6b09-4365-9d71-55289e083fa5@group-EFD1D20A002C-LeaderElection288] INFO  impl.LeaderElection (LeaderElection.java:askForVotes(178)) - bf55b3f9-6b09-4365-9d71-55289e083fa5@group-EFD1D20A002C-LeaderElection288: begin an election at term 333 for -1: [f4c54511-b161-4347-aec5-5236dc80a0d8:0.0.0.0:41238, 907b9765-214b-4864-b66a-d6e2a5789e5c:0.0.0.0:41650, bf55b3f9-6b09-4365-9d71-55289e083fa5:0.0.0.0:42441], old=null
2019-10-16 18:01:14,529 [grpc-default-executor-0] INFO  impl.RaftServerImpl (RaftServerImpl.java:setRole(184)) - f4c54511-b161-4347-aec5-5236dc80a0d8@group-EFD1D20A002C: changes role from  FOLLOWER to FOLLOWER at term 333 for recognizeCandidate:bf55b3f9-6b09-4365-9d71-55289e083fa5
2019-10-16 18:01:14,529 [grpc-default-executor-0] INFO  impl.RoleInfo (RoleInfo.java:shutdownFollowerState(121)) - f4c54511-b161-4347-aec5-5236dc80a0d8: shutdown FollowerState
2019-10-16 18:01:14,529 [grpc-default-executor-1] INFO  impl.RaftServerImpl (RaftServerImpl.java:setRole(184)) - 907b9765-214b-4864-b66a-d6e2a5789e5c@group-EFD1D20A002C: changes role from  FOLLOWER to FOLLOWER at term 333 for recognizeCandidate:bf55b3f9-6b09-4365-9d71-55289e083fa5
2019-10-16 18:01:14,529 [grpc-default-executor-1] INFO  impl.RoleInfo (RoleInfo.java:shutdownFollowerState(121)) - 907b9765-214b-4864-b66a-d6e2a5789e5c: shutdown FollowerState
2019-10-16 18:01:14,529 [Thread-2034] INFO  impl.FollowerState (FollowerState.java:run(117)) - f4c54511-b161-4347-aec5-5236dc80a0d8@group-EFD1D20A002C-FollowerState was interrupted: java.lang.InterruptedException: sleep interrupted
2019-10-16 18:01:14,529 [grpc-default-executor-0] INFO  impl.RoleInfo (RoleInfo.java:updateAndGet(143)) - f4c54511-b161-4347-aec5-5236dc80a0d8: start FollowerState
2019-10-16 18:01:14,529 [Thread-2033] INFO  impl.FollowerState (FollowerState.java:run(117)) - 907b9765-214b-4864-b66a-d6e2a5789e5c@group-EFD1D20A002C-FollowerState was interrupted: java.lang.InterruptedException: sleep interrupted
2019-10-16 18:01:14,529 [grpc-default-executor-1] INFO  impl.RoleInfo (RoleInfo.java:updateAndGet(143)) - 907b9765-214b-4864-b66a-d6e2a5789e5c: start FollowerState
2019-10-16 18:01:14,539 [bf55b3f9-6b09-4365-9d71-55289e083fa5@group-EFD1D20A002C-LeaderElection288] INFO  impl.LeaderElection (LeaderElection.java:logAndReturn(56)) - bf55b3f9-6b09-4365-9d71-55289e083fa5@group-EFD1D20A002C-LeaderElection288: Election TIMEOUT; received 0 response(s) [] and 0 exception(s); bf55b3f9-6b09-4365-9d71-55289e083fa5@group-EFD1D20A002C:t333, leader=null, voted=bf55b3f9-6b09-4365-9d71-55289e083fa5, raftlog=bf55b3f9-6b09-4365-9d71-55289e083fa5@group-EFD1D20A002C-SegmentedRaftLog:OPENED:c-1,f-1,i0, conf=-1: [f4c54511-b161-4347-aec5-5236dc80a0d8:0.0.0.0:41238, 907b9765-214b-4864-b66a-d6e2a5789e5c:0.0.0.0:41650, bf55b3f9-6b09-4365-9d71-55289e083fa5:0.0.0.0:42441], old=null
2019-10-16 18:01:14,553 [bf55b3f9-6b09-4365-9d71-55289e083fa5@group-EFD1D20A002C-LeaderElection288] INFO  impl.LeaderElection (LeaderElection.java:askForVotes(178)) - bf55b3f9-6b09-4365-9d71-55289e083fa5@group-EFD1D20A002C-LeaderElection288: begin an election at term 334 for -1: [f4c54511-b161-4347-aec5-5236dc80a0d8:0.0.0.0:41238, 907b9765-214b-4864-b66a-d6e2a5789e5c:0.0.0.0:41650, bf55b3f9-6b09-4365-9d71-55289e083fa5:0.0.0.0:42441], old=null
2019-10-16 18:01:14,554 [grpc-default-executor-1] INFO  impl.RaftServerImpl (RaftServerImpl.java:setRole(184)) - 907b9765-214b-4864-b66a-d6e2a5789e5c@group-EFD1D20A002C: changes role from  FOLLOWER to FOLLOWER at term 334 for recognizeCandidate:bf55b3f9-6b09-4365-9d71-55289e083fa5
2019-10-16 18:01:14,554 [grpc-default-executor-1] INFO  impl.RoleInfo (RoleInfo.java:shutdownFollowerState(121)) - 907b9765-214b-4864-b66a-d6e2a5789e5c: shutdown FollowerState
2019-10-16 18:01:14,554 [grpc-default-executor-1] INFO  impl.RoleInfo (RoleInfo.java:updateAndGet(143)) - 907b9765-214b-4864-b66a-d6e2a5789e5c: start FollowerState
2019-10-16 18:01:14,554 [Thread-2040] INFO  impl.FollowerState (FollowerState.java:run(117)) - 907b9765-214b-4864-b66a-d6e2a5789e5c@group-EFD1D20A002C-FollowerState was interrupted: java.lang.InterruptedException: sleep interrupted
2019-10-16 18:01:14,554 [grpc-default-executor-0] INFO  impl.RaftServerImpl (RaftServerImpl.java:setRole(184)) - f4c54511-b161-4347-aec5-5236dc80a0d8@group-EFD1D20A002C: changes role from  FOLLOWER to FOLLOWER at term 334 for recognizeCandidate:bf55b3f9-6b09-4365-9d71-55289e083fa5
2019-10-16 18:01:14,554 [grpc-default-executor-0] INFO  impl.RoleInfo (RoleInfo.java:shutdownFollowerState(121)) - f4c54511-b161-4347-aec5-5236dc80a0d8: shutdown FollowerState
2019-10-16 18:01:14,555 [grpc-default-executor-0] INFO  impl.RoleInfo (RoleInfo.java:updateAndGet(143)) - f4c54511-b161-4347-aec5-5236dc80a0d8: start FollowerState
2019-10-16 18:01:14,555 [Thread-2039] INFO  impl.FollowerState (FollowerState.java:run(117)) - f4c54511-b161-4347-aec5-5236dc80a0d8@group-EFD1D20A002C-FollowerState was interrupted: java.lang.InterruptedException: sleep interrupted
2019-10-16 18:01:14,579 [bf55b3f9-6b09-4365-9d71-55289e083fa5@group-EFD1D20A002C-LeaderElection288] INFO  impl.LeaderElection (LeaderElection.java:logAndReturn(56)) - bf55b3f9-6b09-4365-9d71-55289e083fa5@group-EFD1D20A002C-LeaderElection288: Election REJECTED; received 2 response(s) [bf55b3f9-6b09-4365-9d71-55289e083fa5<-f4c54511-b161-4347-aec5-5236dc80a0d8#0:FAIL-t334, bf55b3f9-6b09-4365-9d71-55289e083fa5<-907b9765-214b-4864-b66a-d6e2a5789e5c#0:FAIL-t334] and 0 exception(s); bf55b3f9-6b09-4365-9d71-55289e083fa5@group-EFD1D20A002C:t334, leader=null, voted=bf55b3f9-6b09-4365-9d71-55289e083fa5, raftlog=bf55b3f9-6b09-4365-9d71-55289e083fa5@group-EFD1D20A002C-SegmentedRaftLog:OPENED:c-1,f-1,i0, conf=-1: [f4c54511-b161-4347-aec5-5236dc80a0d8:0.0.0.0:41238, 907b9765-214b-4864-b66a-d6e2a5789e5c:0.0.0.0:41650, bf55b3f9-6b09-4365-9d71-55289e083fa5:0.0.0.0:42441], old=null
2019-10-16 18:01:14,579 [bf55b3f9-6b09-4365-9d71-55289e083fa5@group-EFD1D20A002C-LeaderElection288] INFO  impl.RaftServerImpl (RaftServerImpl.java:setRole(184)) - bf55b3f9-6b09-4365-9d71-55289e083fa5@group-EFD1D20A002C: changes role from CANDIDATE to FOLLOWER at term 334 for DISCOVERED_A_NEW_TERM
2019-10-16 18:01:14,579 [bf55b3f9-6b09-4365-9d71-55289e083fa5@group-EFD1D20A002C-LeaderElection288] INFO  impl.RoleInfo (RoleInfo.java:shutdownLeaderElection(134)) - bf55b3f9-6b09-4365-9d71-55289e083fa5: shutdown LeaderElection
2019-10-16 18:01:14,579 [bf55b3f9-6b09-4365-9d71-55289e083fa5@group-EFD1D20A002C-LeaderElection288] INFO  impl.RoleInfo (RoleInfo.java:updateAndGet(143)) - bf55b3f9-6b09-4365-9d71-55289e083fa5: start FollowerState
2019-10-16 18:01:14,744 [Thread-2045] INFO  impl.FollowerState (FollowerState.java:run(108)) - bf55b3f9-6b09-4365-9d71-55289e083fa5@group-EFD1D20A002C-FollowerState: change to CANDIDATE, lastRpcTime:165ms, electionTimeout:165ms
2019-10-16 18:01:14,744 [Thread-2045] INFO  impl.RoleInfo (RoleInfo.java:shutdownFollowerState(121)) - bf55b3f9-6b09-4365-9d71-55289e083fa5: shutdown FollowerState
2019-10-16 18:01:14,745 [Thread-2045] INFO  impl.RaftServerImpl (RaftServerImpl.java:setRole(184)) - bf55b3f9-6b09-4365-9d71-55289e083fa5@group-EFD1D20A002C: changes role from  FOLLOWER to CANDIDATE at term 334 for changeToCandidate
2019-10-16 18:01:14,745 [Thread-2045] INFO  impl.RoleInfo (RoleInfo.java:updateAndGet(143)) - bf55b3f9-6b09-4365-9d71-55289e083fa5: start LeaderElection
2019-10-16 18:01:14,773 [bf55b3f9-6b09-4365-9d71-55289e083fa5@group-EFD1D20A002C-LeaderElection289] INFO  impl.LeaderElection (LeaderElection.java:askForVotes(178)) - bf55b3f9-6b09-4365-9d71-55289e083fa5@group-EFD1D20A002C-LeaderElection289: begin an election at term 335 for -1: [f4c54511-b161-4347-aec5-5236dc80a0d8:0.0.0.0:41238, 907b9765-214b-4864-b66a-d6e2a5789e5c:0.0.0.0:41650, bf55b3f9-6b09-4365-9d71-55289e083fa5:0.0.0.0:42441], old=null
2019-10-16 18:01:14,774 [grpc-default-executor-0] INFO  impl.RaftServerImpl (RaftServerImpl.java:setRole(184)) - f4c54511-b161-4347-aec5-5236dc80a0d8@group-EFD1D20A002C: changes role from  FOLLOWER to FOLLOWER at term 335 for recognizeCandidate:bf55b3f9-6b09-4365-9d71-55289e083fa5
2019-10-16 18:01:14,774 [grpc-default-executor-1] INFO  impl.RaftServerImpl (RaftServerImpl.java:setRole(184)) - 907b9765-214b-4864-b66a-d6e2a5789e5c@group-EFD1D20A002C: changes role from  FOLLOWER to FOLLOWER at term 335 for recognizeCandidate:bf55b3f9-6b09-4365-9d71-55289e083fa5
2019-10-16 18:01:14,775 [grpc-default-executor-0] INFO  impl.RoleInfo (RoleInfo.java:shutdownFollowerState(121)) - f4c54511-b161-4347-aec5-5236dc80a0d8: shutdown FollowerState
2019-10-16 18:01:14,775 [grpc-default-executor-1] INFO  impl.RoleInfo (RoleInfo.java:shutdownFollowerState(121)) - 907b9765-214b-4864-b66a-d6e2a5789e5c: shutdown FollowerState
2019-10-16 18:01:14,775 [grpc-default-executor-0] INFO  impl.RoleInfo (RoleInfo.java:updateAndGet(143)) - f4c54511-b161-4347-aec5-5236dc80a0d8: start FollowerState
2019-10-16 18:01:14,775 [Thread-2044] INFO  impl.FollowerState (FollowerState.java:run(117)) - f4c54511-b161-4347-aec5-5236dc80a0d8@group-EFD1D20A002C-FollowerState was interrupted: java.lang.InterruptedException: sleep interrupted
2019-10-16 18:01:14,775 [grpc-default-executor-1] INFO  impl.RoleInfo (RoleInfo.java:updateAndGet(143)) - 907b9765-214b-4864-b66a-d6e2a5789e5c: start FollowerState
2019-10-16 18:01:14,775 [Thread-2043] INFO  impl.FollowerState (FollowerState.java:run(117)) - 907b9765-214b-4864-b66a-d6e2a5789e5c@group-EFD1D20A002C-FollowerState was interrupted: java.lang.InterruptedException: sleep interrupted
2019-10-16 18:01:14,799 [bf55b3f9-6b09-4365-9d71-55289e083fa5@group-EFD1D20A002C-LeaderElection289] INFO  impl.LeaderElection (LeaderElection.java:logAndReturn(56)) - bf55b3f9-6b09-4365-9d71-55289e083fa5@group-EFD1D20A002C-LeaderElection289: Election REJECTED; received 2 response(s) [bf55b3f9-6b09-4365-9d71-55289e083fa5<-f4c54511-b161-4347-aec5-5236dc80a0d8#0:FAIL-t335, bf55b3f9-6b09-4365-9d71-55289e083fa5<-907b9765-214b-4864-b66a-d6e2a5789e5c#0:FAIL-t335] and 0 exception(s); bf55b3f9-6b09-4365-9d71-55289e083fa5@group-EFD1D20A002C:t335, leader=null, voted=bf55b3f9-6b09-4365-9d71-55289e083fa5, raftlog=bf55b3f9-6b09-4365-9d71-55289e083fa5@group-EFD1D20A002C-SegmentedRaftLog:OPENED:c-1,f-1,i0, conf=-1: [f4c54511-b161-4347-aec5-5236dc80a0d8:0.0.0.0:41238, 907b9765-214b-4864-b66a-d6e2a5789e5c:0.0.0.0:41650, bf55b3f9-6b09-4365-9d71-55289e083fa5:0.0.0.0:42441], old=null
2019-10-16 18:01:14,799 [bf55b3f9-6b09-4365-9d71-55289e083fa5@group-EFD1D20A002C-LeaderElection289] INFO  impl.RaftServerImpl (RaftServerImpl.java:setRole(184)) - bf55b3f9-6b09-4365-9d71-55289e083fa5@group-EFD1D20A002C: changes role from CANDIDATE to FOLLOWER at term 335 for DISCOVERED_A_NEW_TERM
2019-10-16 18:01:14,799 [bf55b3f9-6b09-4365-9d71-55289e083fa5@group-EFD1D20A002C-LeaderElection289] INFO  impl.RoleInfo (RoleInfo.java:shutdownLeaderElection(134)) - bf55b3f9-6b09-4365-9d71-55289e083fa5: shutdown LeaderElection
2019-10-16 18:01:14,799 [bf55b3f9-6b09-4365-9d71-55289e083fa5@group-EFD1D20A002C-LeaderElection289] INFO  impl.RoleInfo (RoleInfo.java:updateAndGet(143)) - bf55b3f9-6b09-4365-9d71-55289e083fa5: start FollowerState
2019-10-16 18:01:14,943 [Thread-2051] INFO  impl.FollowerState (FollowerState.java:run(108)) - bf55b3f9-6b09-4365-9d71-55289e083fa5@group-EFD1D20A002C-FollowerState: change to CANDIDATE, lastRpcTime:143ms, electionTimeout:143ms
2019-10-16 18:01:14,943 [Thread-2051] INFO  impl.RoleInfo (RoleInfo.java:shutdownFollowerState(121)) - bf55b3f9-6b09-4365-9d71-55289e083fa5: shutdown FollowerState
2019-10-16 18:01:14,943 [Thread-2051] INFO  impl.RaftServerImpl (RaftServerImpl.java:setRole(184)) - bf55b3f9-6b09-4365-9d71-55289e083fa5@group-EFD1D20A002C: changes role from  FOLLOWER to CANDIDATE at term 335 for changeToCandidate
2019-10-16 18:01:14,943 [Thread-2051] INFO  impl.RoleInfo (RoleInfo.java:updateAndGet(143)) - bf55b3f9-6b09-4365-9d71-55289e083fa5: start LeaderElection
2019-10-16 18:01:14,970 [bf55b3f9-6b09-4365-9d71-55289e083fa5@group-EFD1D20A002C-LeaderElection290] INFO  impl.LeaderElection (LeaderElection.java:askForVotes(178)) - bf55b3f9-6b09-4365-9d71-55289e083fa5@group-EFD1D20A002C-LeaderElection290: begin an election at term 336 for -1: [f4c54511-b161-4347-aec5-5236dc80a0d8:0.0.0.0:41238, 907b9765-214b-4864-b66a-d6e2a5789e5c:0.0.0.0:41650, bf55b3f9-6b09-4365-9d71-55289e083fa5:0.0.0.0:42441], old=null
2019-10-16 18:01:14,972 [grpc-default-executor-1] INFO  impl.RaftServerImpl (RaftServerImpl.java:setRole(184)) - f4c54511-b161-4347-aec5-5236dc80a0d8@group-EFD1D20A002C: changes role from  FOLLOWER to FOLLOWER at term 336 for recognizeCandidate:bf55b3f9-6b09-4365-9d71-55289e083fa5
2019-10-16 18:01:14,972 [grpc-default-executor-0] INFO  impl.RaftServerImpl (RaftServerImpl.java:setRole(184)) - 907b9765-214b-4864-b66a-d6e2a5789e5c@group-EFD1D20A002C: changes role from  FOLLOWER to FOLLOWER at term 336 for recognizeCandidate:bf55b3f9-6b09-4365-9d71-55289e083fa5
2019-10-16 18:01:14,972 [grpc-default-executor-0] INFO  impl.RoleInfo (RoleInfo.java:shutdownFollowerState(121)) - 907b9765-214b-4864-b66a-d6e2a5789e5c: shutdown FollowerState
2019-10-16 18:01:14,972 [grpc-default-executor-1] INFO  impl.RoleInfo (RoleInfo.java:shutdownFollowerState(121)) - f4c54511-b161-4347-aec5-5236dc80a0d8: shutdown FollowerState
2019-10-16 18:01:14,972 [grpc-default-executor-0] INFO  impl.RoleInfo (RoleInfo.java:updateAndGet(143)) - 907b9765-214b-4864-b66a-d6e2a5789e5c: start FollowerState
2019-10-16 18:01:14,972 [Thread-2050] INFO  impl.FollowerState (FollowerState.java:run(117)) - 907b9765-214b-4864-b66a-d6e2a5789e5c@group-EFD1D20A002C-FollowerState was interrupted: java.lang.InterruptedException: sleep interrupted
2019-10-16 18:01:14,973 [grpc-default-executor-1] INFO  impl.RoleInfo (RoleInfo.java:updateAndGet(143)) - f4c54511-b161-4347-aec5-5236dc80a0d8: start FollowerState
2019-10-16 18:01:14,973 [Thread-2049] INFO  impl.FollowerState (FollowerState.java:run(117)) - f4c54511-b161-4347-aec5-5236dc80a0d8@group-EFD1D20A002C-FollowerState was interrupted: java.lang.InterruptedException: sleep interrupted
2019-10-16 18:01:14,997 [bf55b3f9-6b09-4365-9d71-55289e083fa5@group-EFD1D20A002C-LeaderElection290] INFO  impl.LeaderElection (LeaderElection.java:logAndReturn(56)) - bf55b3f9-6b09-4365-9d71-55289e083fa5@group-EFD1D20A002C-LeaderElection290: Election REJECTED; received 2 response(s) [bf55b3f9-6b09-4365-9d71-55289e083fa5<-f4c54511-b161-4347-aec5-5236dc80a0d8#0:FAIL-t336, bf55b3f9-6b09-4365-9d71-55289e083fa5<-907b9765-214b-4864-b66a-d6e2a5789e5c#0:FAIL-t336] and 0 exception(s); bf55b3f9-6b09-4365-9d71-55289e083fa5@group-EFD1D20A002C:t336, leader=null, voted=bf55b3f9-6b09-4365-9d71-55289e083fa5, raftlog=bf55b3f9-6b09-4365-9d71-55289e083fa5@group-EFD1D20A002C-SegmentedRaftLog:OPENED:c-1,f-1,i0, conf=-1: [f4c54511-b161-4347-aec5-5236dc80a0d8:0.0.0.0:41238, 907b9765-214b-4864-b66a-d6e2a5789e5c:0.0.0.0:41650, bf55b3f9-6b09-4365-9d71-55289e083fa5:0.0.0.0:42441], old=null
2019-10-16 18:01:14,997 [bf55b3f9-6b09-4365-9d71-55289e083fa5@group-EFD1D20A002C-LeaderElection290] INFO  impl.RaftServerImpl (RaftServerImpl.java:setRole(184)) - bf55b3f9-6b09-4365-9d71-55289e083fa5@group-EFD1D20A002C: changes role from CANDIDATE to FOLLOWER at term 336 for DISCOVERED_A_NEW_TERM
2019-10-16 18:01:14,997 [bf55b3f9-6b09-4365-9d71-55289e083fa5@group-EFD1D20A002C-LeaderElection290] INFO  impl.RoleInfo (RoleInfo.java:shutdownLeaderElection(134)) - bf55b3f9-6b09-4365-9d71-55289e083fa5: shutdown LeaderElection
2019-10-16 18:01:14,997 [bf55b3f9-6b09-4365-9d71-55289e083fa5@group-EFD1D20A002C-LeaderElection290] INFO  impl.RoleInfo (RoleInfo.java:updateAndGet(143)) - bf55b3f9-6b09-4365-9d71-55289e083fa5: start FollowerState
2019-10-16 18:01:15,135 [Thread-2057] INFO  impl.FollowerState (FollowerState.java:run(108)) - bf55b3f9-6b09-4365-9d71-55289e083fa5@group-EFD1D20A002C-FollowerState: change to CANDIDATE, lastRpcTime:137ms, electionTimeout:137ms
2019-10-16 18:01:15,135 [Thread-2057] INFO  impl.RoleInfo (RoleInfo.java:shutdownFollowerState(121)) - bf55b3f9-6b09-4365-9d71-55289e083fa5: shutdown FollowerState
2019-10-16 18:01:15,135 [Thread-2057] INFO  impl.RaftServerImpl (RaftServerImpl.java:setRole(184)) - bf55b3f9-6b09-4365-9d71-55289e083fa5@group-EFD1D20A002C: changes role from  FOLLOWER to CANDIDATE at term 336 for changeToCandidate
2019-10-16 18:01:15,135 [Thread-2057] INFO  impl.RoleInfo (RoleInfo.java:updateAndGet(143)) - bf55b3f9-6b09-4365-9d71-55289e083fa5: start LeaderElection
2019-10-16 18:01:15,171 [bf55b3f9-6b09-4365-9d71-55289e083fa5@group-EFD1D20A002C-LeaderElection291] INFO  impl.LeaderElection (LeaderElection.java:askForVotes(178)) - bf55b3f9-6b09-4365-9d71-55289e083fa5@group-EFD1D20A002C-LeaderElection291: begin an election at term 337 for -1: [f4c54511-b161-4347-aec5-5236dc80a0d8:0.0.0.0:41238, 907b9765-214b-4864-b66a-d6e2a5789e5c:0.0.0.0:41650, bf55b3f9-6b09-4365-9d71-55289e083fa5:0.0.0.0:42441], old=null
2019-10-16 18:01:15,173 [grpc-default-executor-0] INFO  impl.RaftServerImpl (RaftServerImpl.java:setRole(184)) - f4c54511-b161-4347-aec5-5236dc80a0d8@group-EFD1D20A002C: changes role from  FOLLOWER to FOLLOWER at term 337 for recognizeCandidate:bf55b3f9-6b09-4365-9d71-55289e083fa5
2019-10-16 18:01:15,173 [grpc-default-executor-1] INFO  impl.RaftServerImpl (RaftServerImpl.java:setRole(184)) - 907b9765-214b-4864-b66a-d6e2a5789e5c@group-EFD1D20A002C: changes role from  FOLLOWER to FOLLOWER at term 337 for recognizeCandidate:bf55b3f9-6b09-4365-9d71-55289e083fa5
2019-10-16 18:01:15,173 [grpc-default-executor-0] INFO  impl.RoleInfo (RoleInfo.java:shutdownFollowerState(121)) - f4c54511-b161-4347-aec5-5236dc80a0d8: shutdown FollowerState
2019-10-16 18:01:15,173 [grpc-default-executor-1] INFO  impl.RoleInfo (RoleInfo.java:shutdownFollowerState(121)) - 907b9765-214b-4864-b66a-d6e2a5789e5c: shutdown FollowerState
2019-10-16 18:01:15,173 [Thread-2056] INFO  impl.FollowerState (FollowerState.java:run(117)) - f4c54511-b161-4347-aec5-5236dc80a0d8@group-EFD1D20A002C-FollowerState was interrupted: java.lang.InterruptedException: sleep interrupted
2019-10-16 18:01:15,173 [grpc-default-executor-0] INFO  impl.RoleInfo (RoleInfo.java:updateAndGet(143)) - f4c54511-b161-4347-aec5-5236dc80a0d8: start FollowerState
2019-10-16 18:01:15,173 [Thread-2055] INFO  impl.FollowerState (FollowerState.java:run(117)) - 907b9765-214b-4864-b66a-d6e2a5789e5c@group-EFD1D20A002C-FollowerState was interrupted: java.lang.InterruptedException: sleep interrupted
2019-10-16 18:01:15,173 [grpc-default-executor-1] INFO  impl.RoleInfo (RoleInfo.java:updateAndGet(143)) - 907b9765-214b-4864-b66a-d6e2a5789e5c: start FollowerState
2019-10-16 18:01:15,214 [bf55b3f9-6b09-4365-9d71-55289e083fa5@group-EFD1D20A002C-LeaderElection291] INFO  impl.LeaderElection (LeaderElection.java:logAndReturn(56)) - bf55b3f9-6b09-4365-9d71-55289e083fa5@group-EFD1D20A002C-LeaderElection291: Election REJECTED; received 2 response(s) [bf55b3f9-6b09-4365-9d71-55289e083fa5<-f4c54511-b161-4347-aec5-5236dc80a0d8#0:FAIL-t337, bf55b3f9-6b09-4365-9d71-55289e083fa5<-907b9765-214b-4864-b66a-d6e2a5789e5c#0:FAIL-t337] and 0 exception(s); bf55b3f9-6b09-4365-9d71-55289e083fa5@group-EFD1D20A002C:t337, leader=null, voted=bf55b3f9-6b09-4365-9d71-55289e083fa5, raftlog=bf55b3f9-6b09-4365-9d71-55289e083fa5@group-EFD1D20A002C-SegmentedRaftLog:OPENED:c-1,f-1,i0, conf=-1: [f4c54511-b161-4347-aec5-5236dc80a0d8:0.0.0.0:41238, 907b9765-214b-4864-b66a-d6e2a5789e5c:0.0.0.0:41650, bf55b3f9-6b09-4365-9d71-55289e083fa5:0.0.0.0:42441], old=null
2019-10-16 18:01:15,214 [bf55b3f9-6b09-4365-9d71-55289e083fa5@group-EFD1D20A002C-LeaderElection291] INFO  impl.RaftServerImpl (RaftServerImpl.java:setRole(184)) - bf55b3f9-6b09-4365-9d71-55289e083fa5@group-EFD1D20A002C: changes role from CANDIDATE to FOLLOWER at term 337 for DISCOVERED_A_NEW_TERM
2019-10-16 18:01:15,214 [bf55b3f9-6b09-4365-9d71-55289e083fa5@group-EFD1D20A002C-LeaderElection291] INFO  impl.RoleInfo (RoleInfo.java:shutdownLeaderElection(134)) - bf55b3f9-6b09-4365-9d71-55289e083fa5: shutdown LeaderElection
2019-10-16 18:01:15,214 [bf55b3f9-6b09-4365-9d71-55289e083fa5@group-EFD1D20A002C-LeaderElection291] INFO  impl.RoleInfo (RoleInfo.java:updateAndGet(143)) - bf55b3f9-6b09-4365-9d71-55289e083fa5: start FollowerState
2019-10-16 18:01:15,373 [Thread-2065] INFO  impl.FollowerState (FollowerState.java:run(108)) - bf55b3f9-6b09-4365-9d71-55289e083fa5@group-EFD1D20A002C-FollowerState: change to CANDIDATE, lastRpcTime:158ms, electionTimeout:158ms
2019-10-16 18:01:15,373 [Thread-2065] INFO  impl.RoleInfo (RoleInfo.java:shutdownFollowerState(121)) - bf55b3f9-6b09-4365-9d71-55289e083fa5: shutdown FollowerState
2019-10-16 18:01:15,373 [Thread-2065] INFO  impl.RaftServerImpl (RaftServerImpl.java:setRole(184)) - bf55b3f9-6b09-4365-9d71-55289e083fa5@group-EFD1D20A002C: changes role from  FOLLOWER to CANDIDATE at term 337 for changeToCandidate
2019-10-16 18:01:15,373 [Thread-2065] INFO  impl.RoleInfo (RoleInfo.java:updateAndGet(143)) - bf55b3f9-6b09-4365-9d71-55289e083fa5: start LeaderElection
2019-10-16 18:01:15,390 [bf55b3f9-6b09-4365-9d71-55289e083fa5@group-EFD1D20A002C-LeaderElection292] INFO  impl.LeaderElection (LeaderElection.java:askForVotes(178)) - bf55b3f9-6b09-4365-9d71-55289e083fa5@group-EFD1D20A002C-LeaderElection292: begin an election at term 338 for -1: [f4c54511-b161-4347-aec5-5236dc80a0d8:0.0.0.0:41238, 907b9765-214b-4864-b66a-d6e2a5789e5c:0.0.0.0:41650, bf55b3f9-6b09-4365-9d71-55289e083fa5:0.0.0.0:42441], old=null
2019-10-16 18:01:15,392 [grpc-default-executor-1] INFO  impl.RaftServerImpl (RaftServerImpl.java:setRole(184)) - f4c54511-b161-4347-aec5-5236dc80a0d8@group-EFD1D20A002C: changes role from  FOLLOWER to FOLLOWER at term 338 for recognizeCandidate:bf55b3f9-6b09-4365-9d71-55289e083fa5
2019-10-16 18:01:15,392 [grpc-default-executor-0] INFO  impl.RaftServerImpl (RaftServerImpl.java:setRole(184)) - 907b9765-214b-4864-b66a-d6e2a5789e5c@group-EFD1D20A002C: changes role from  FOLLOWER to FOLLOWER at term 338 for recognizeCandidate:bf55b3f9-6b09-4365-9d71-55289e083fa5
2019-10-16 18:01:15,392 [grpc-default-executor-1] INFO  impl.RoleInfo (RoleInfo.java:shutdownFollowerState(121)) - f4c54511-b161-4347-aec5-5236dc80a0d8: shutdown FollowerState
2019-10-16 18:01:15,392 [grpc-default-executor-0] INFO  impl.RoleInfo (RoleInfo.java:shutdownFollowerState(121)) - 907b9765-214b-4864-b66a-d6e2a5789e5c: shutdown FollowerState
2019-10-16 18:01:15,393 [Thread-2063] INFO  impl.FollowerState (FollowerState.java:run(117)) - f4c54511-b161-4347-aec5-5236dc80a0d8@group-EFD1D20A002C-FollowerState was interrupted: java.lang.InterruptedException: sleep interrupted
2019-10-16 18:01:15,393 [grpc-default-executor-1] INFO  impl.RoleInfo (RoleInfo.java:updateAndGet(143)) - f4c54511-b161-4347-aec5-5236dc80a0d8: start FollowerState
2019-10-16 18:01:15,393 [Thread-2064] INFO  impl.FollowerState (FollowerState.java:run(117)) - 907b9765-214b-4864-b66a-d6e2a5789e5c@group-EFD1D20A002C-FollowerState was interrupted: java.lang.InterruptedException: sleep interrupted
2019-10-16 18:01:15,393 [grpc-default-executor-0] INFO  impl.RoleInfo (RoleInfo.java:updateAndGet(143)) - 907b9765-214b-4864-b66a-d6e2a5789e5c: start FollowerState
2019-10-16 18:01:15,417 [bf55b3f9-6b09-4365-9d71-55289e083fa5@group-EFD1D20A002C-LeaderElection292] INFO  impl.LeaderElection (LeaderElection.java:logAndReturn(56)) - bf55b3f9-6b09-4365-9d71-55289e083fa5@group-EFD1D20A002C-LeaderElection292: Election REJECTED; received 2 response(s) [bf55b3f9-6b09-4365-9d71-55289e083fa5<-f4c54511-b161-4347-aec5-5236dc80a0d8#0:FAIL-t338, bf55b3f9-6b09-4365-9d71-55289e083fa5<-907b9765-214b-4864-b66a-d6e2a5789e5c#0:FAIL-t338] and 0 exception(s); bf55b3f9-6b09-4365-9d71-55289e083fa5@group-EFD1D20A002C:t338, leader=null, voted=bf55b3f9-6b09-4365-9d71-55289e083fa5, raftlog=bf55b3f9-6b09-4365-9d71-55289e083fa5@group-EFD1D20A002C-SegmentedRaftLog:OPENED:c-1,f-1,i0, conf=-1: [f4c54511-b161-4347-aec5-5236dc80a0d8:0.0.0.0:41238, 907b9765-214b-4864-b66a-d6e2a5789e5c:0.0.0.0:41650, bf55b3f9-6b09-4365-9d71-55289e083fa5:0.0.0.0:42441], old=null
2019-10-16 18:01:15,417 [bf55b3f9-6b09-4365-9d71-55289e083fa5@group-EFD1D20A002C-LeaderElection292] INFO  impl.RaftServerImpl (RaftServerImpl.java:setRole(184)) - bf55b3f9-6b09-4365-9d71-55289e083fa5@group-EFD1D20A002C: changes role from CANDIDATE to FOLLOWER at term 338 for DISCOVERED_A_NEW_TERM
2019-10-16 18:01:15,417 [bf55b3f9-6b09-4365-9d71-55289e083fa5@group-EFD1D20A002C-LeaderElection292] INFO  impl.RoleInfo (RoleInfo.java:shutdownLeaderElection(134)) - bf55b3f9-6b09-4365-9d71-55289e083fa5: shutdown LeaderElection
2019-10-16 18:01:15,417 [bf55b3f9-6b09-4365-9d71-55289e083fa5@group-EFD1D20A002C-LeaderElection292] INFO  impl.RoleInfo (RoleInfo.java:updateAndGet(143)) - bf55b3f9-6b09-4365-9d71-55289e083fa5: start FollowerState
2019-10-16 18:01:15,593 [Thread-2071] INFO  impl.FollowerState (FollowerState.java:run(108)) - bf55b3f9-6b09-4365-9d71-55289e083fa5@group-EFD1D20A002C-FollowerState: change to CANDIDATE, lastRpcTime:176ms, electionTimeout:176ms
2019-10-16 18:01:15,593 [Thread-2071] INFO  impl.RoleInfo (RoleInfo.java:shutdownFollowerState(121)) - bf55b3f9-6b09-4365-9d71-55289e083fa5: shutdown FollowerState
2019-10-16 18:01:15,593 [Thread-2071] INFO  impl.RaftServerImpl (RaftServerImpl.java:setRole(184)) - bf55b3f9-6b09-4365-9d71-55289e083fa5@group-EFD1D20A002C: changes role from  FOLLOWER to CANDIDATE at term 338 for changeToCandidate
2019-10-16 18:01:15,594 [Thread-2071] INFO  impl.RoleInfo (RoleInfo.java:updateAndGet(143)) - bf55b3f9-6b09-4365-9d71-55289e083fa5: start LeaderElection
2019-10-16 18:01:15,617 [bf55b3f9-6b09-4365-9d71-55289e083fa5@group-EFD1D20A002C-LeaderElection293] INFO  impl.LeaderElection (LeaderElection.java:askForVotes(178)) - bf55b3f9-6b09-4365-9d71-55289e083fa5@group-EFD1D20A002C-LeaderElection293: begin an election at term 339 for -1: [f4c54511-b161-4347-aec5-5236dc80a0d8:0.0.0.0:41238, 907b9765-214b-4864-b66a-d6e2a5789e5c:0.0.0.0:41650, bf55b3f9-6b09-4365-9d71-55289e083fa5:0.0.0.0:42441], old=null
2019-10-16 18:01:15,618 [grpc-default-executor-1] INFO  impl.RaftServerImpl (RaftServerImpl.java:setRole(184)) - f4c54511-b161-4347-aec5-5236dc80a0d8@group-EFD1D20A002C: changes role from  FOLLOWER to FOLLOWER at term 339 for recognizeCandidate:bf55b3f9-6b09-4365-9d71-55289e083fa5
2019-10-16 18:01:15,619 [grpc-default-executor-0] INFO  impl.RaftServerImpl (RaftServerImpl.java:setRole(184)) - 907b9765-214b-4864-b66a-d6e2a5789e5c@group-EFD1D20A002C: changes role from  FOLLOWER to FOLLOWER at term 339 for recognizeCandidate:bf55b3f9-6b09-4365-9d71-55289e083fa5
2019-10-16 18:01:15,619 [grpc-default-executor-1] INFO  impl.RoleInfo (RoleInfo.java:shutdownFollowerState(121)) - f4c54511-b161-4347-aec5-5236dc80a0d8: shutdown FollowerState
2019-10-16 18:01:15,619 [grpc-default-executor-0] INFO  impl.RoleInfo (RoleInfo.java:shutdownFollowerState(121)) - 907b9765-214b-4864-b66a-d6e2a5789e5c: shutdown FollowerState
2019-10-16 18:01:15,619 [grpc-default-executor-0] INFO  impl.RoleInfo (RoleInfo.java:updateAndGet(143)) - 907b9765-214b-4864-b66a-d6e2a5789e5c: start FollowerState
2019-10-16 18:01:15,619 [Thread-2069] INFO  impl.FollowerState (FollowerState.java:run(117)) - f4c54511-b161-4347-aec5-5236dc80a0d8@group-EFD1D20A002C-FollowerState was interrupted: java.lang.InterruptedException: sleep interrupted
2019-10-16 18:01:15,619 [grpc-default-executor-1] INFO  impl.RoleInfo (RoleInfo.java:updateAndGet(143)) - f4c54511-b161-4347-aec5-5236dc80a0d8: start FollowerState
2019-10-16 18:01:15,619 [Thread-2070] INFO  impl.FollowerState (FollowerState.java:run(117)) - 907b9765-214b-4864-b66a-d6e2a5789e5c@group-EFD1D20A002C-FollowerState was interrupted: java.lang.InterruptedException: sleep interrupted
2019-10-16 18:01:15,643 [bf55b3f9-6b09-4365-9d71-55289e083fa5@group-EFD1D20A002C-LeaderElection293] INFO  impl.LeaderElection (LeaderElection.java:logAndReturn(56)) - bf55b3f9-6b09-4365-9d71-55289e083fa5@group-EFD1D20A002C-LeaderElection293: Election REJECTED; received 2 response(s) [bf55b3f9-6b09-4365-9d71-55289e083fa5<-f4c54511-b161-4347-aec5-5236dc80a0d8#0:FAIL-t339, bf55b3f9-6b09-4365-9d71-55289e083fa5<-907b9765-214b-4864-b66a-d6e2a5789e5c#0:FAIL-t339] and 0 exception(s); bf55b3f9-6b09-4365-9d71-55289e083fa5@group-EFD1D20A002C:t339, leader=null, voted=bf55b3f9-6b09-4365-9d71-55289e083fa5, raftlog=bf55b3f9-6b09-4365-9d71-55289e083fa5@group-EFD1D20A002C-SegmentedRaftLog:OPENED:c-1,f-1,i0, conf=-1: [f4c54511-b161-4347-aec5-5236dc80a0d8:0.0.0.0:41238, 907b9765-214b-4864-b66a-d6e2a5789e5c:0.0.0.0:41650, bf55b3f9-6b09-4365-9d71-55289e083fa5:0.0.0.0:42441], old=null
2019-10-16 18:01:15,644 [bf55b3f9-6b09-4365-9d71-55289e083fa5@group-EFD1D20A002C-LeaderElection293] INFO  impl.RaftServerImpl (RaftServerImpl.java:setRole(184)) - bf55b3f9-6b09-4365-9d71-55289e083fa5@group-EFD1D20A002C: changes role from CANDIDATE to FOLLOWER at term 339 for DISCOVERED_A_NEW_TERM
2019-10-16 18:01:15,644 [bf55b3f9-6b09-4365-9d71-55289e083fa5@group-EFD1D20A002C-LeaderElection293] INFO  impl.RoleInfo (RoleInfo.java:shutdownLeaderElection(134)) - bf55b3f9-6b09-4365-9d71-55289e083fa5: shutdown LeaderElection
2019-10-16 18:01:15,644 [bf55b3f9-6b09-4365-9d71-55289e083fa5@group-EFD1D20A002C-LeaderElection293] INFO  impl.RoleInfo (RoleInfo.java:updateAndGet(143)) - bf55b3f9-6b09-4365-9d71-55289e083fa5: start FollowerState
2019-10-16 18:01:15,794 [Thread-2077] INFO  impl.FollowerState (FollowerState.java:run(108)) - bf55b3f9-6b09-4365-9d71-55289e083fa5@group-EFD1D20A002C-FollowerState: change to CANDIDATE, lastRpcTime:150ms, electionTimeout:150ms
2019-10-16 18:01:15,794 [Thread-2077] INFO  impl.RoleInfo (RoleInfo.java:shutdownFollowerState(121)) - bf55b3f9-6b09-4365-9d71-55289e083fa5: shutdown FollowerState
2019-10-16 18:01:15,795 [Thread-2077] INFO  impl.RaftServerImpl (RaftServerImpl.java:setRole(184)) - bf55b3f9-6b09-4365-9d71-55289e083fa5@group-EFD1D20A002C: changes role from  FOLLOWER to CANDIDATE at term 339 for changeToCandidate
2019-10-16 18:01:15,795 [Thread-2077] INFO  impl.RoleInfo (RoleInfo.java:updateAndGet(143)) - bf55b3f9-6b09-4365-9d71-55289e083fa5: start LeaderElection
2019-10-16 18:01:15,825 [bf55b3f9-6b09-4365-9d71-55289e083fa5@group-EFD1D20A002C-LeaderElection294] INFO  impl.LeaderElection (LeaderElection.java:askForVotes(178)) - bf55b3f9-6b09-4365-9d71-55289e083fa5@group-EFD1D20A002C-LeaderElection294: begin an election at term 340 for -1: [f4c54511-b161-4347-aec5-5236dc80a0d8:0.0.0.0:41238, 907b9765-214b-4864-b66a-d6e2a5789e5c:0.0.0.0:41650, bf55b3f9-6b09-4365-9d71-55289e083fa5:0.0.0.0:42441], old=null
2019-10-16 18:01:15,827 [grpc-default-executor-1] INFO  impl.RaftServerImpl (RaftServerImpl.java:setRole(184)) - f4c54511-b161-4347-aec5-5236dc80a0d8@group-EFD1D20A002C: changes role from  FOLLOWER to FOLLOWER at term 340 for recognizeCandidate:bf55b3f9-6b09-4365-9d71-55289e083fa5
2019-10-16 18:01:15,827 [grpc-default-executor-0] INFO  impl.RaftServerImpl (RaftServerImpl.java:setRole(184)) - 907b9765-214b-4864-b66a-d6e2a5789e5c@group-EFD1D20A002C: changes role from  FOLLOWER to FOLLOWER at term 340 for recognizeCandidate:bf55b3f9-6b09-4365-9d71-55289e083fa5
2019-10-16 18:01:15,828 [grpc-default-executor-1] INFO  impl.RoleInfo (RoleInfo.java:shutdownFollowerState(121)) - f4c54511-b161-4347-aec5-5236dc80a0d8: shutdown FollowerState
2019-10-16 18:01:15,828 [grpc-default-executor-0] INFO  impl.RoleInfo (RoleInfo.java:shutdownFollowerState(121)) - 907b9765-214b-4864-b66a-d6e2a5789e5c: shutdown FollowerState
2019-10-16 18:01:15,828 [Thread-2075] INFO  impl.FollowerState (FollowerState.java:run(117)) - f4c54511-b161-4347-aec5-5236dc80a0d8@group-EFD1D20A002C-FollowerState was interrupted: java.lang.InterruptedException: sleep interrupted
2019-10-16 18:01:15,828 [grpc-default-executor-0] INFO  impl.RoleInfo (RoleInfo.java:updateAndGet(143)) - 907b9765-214b-4864-b66a-d6e2a5789e5c: start FollowerState
2019-10-16 18:01:15,828 [grpc-default-executor-1] INFO  impl.RoleInfo (RoleInfo.java:updateAndGet(143)) - f4c54511-b161-4347-aec5-5236dc80a0d8: start FollowerState
2019-10-16 18:01:15,828 [Thread-2076] INFO  impl.FollowerState (FollowerState.java:run(117)) - 907b9765-214b-4864-b66a-d6e2a5789e5c@group-EFD1D20A002C-FollowerState was interrupted: java.lang.InterruptedException: sleep interrupted
2019-10-16 18:01:15,851 [bf55b3f9-6b09-4365-9d71-55289e083fa5@group-EFD1D20A002C-LeaderElection294] INFO  impl.LeaderElection (LeaderElection.java:logAndReturn(56)) - bf55b3f9-6b09-4365-9d71-55289e083fa5@group-EFD1D20A002C-LeaderElection294: Election REJECTED; received 2 response(s) [bf55b3f9-6b09-4365-9d71-55289e083fa5<-f4c54511-b161-4347-aec5-5236dc80a0d8#0:FAIL-t340, bf55b3f9-6b09-4365-9d71-55289e083fa5<-907b9765-214b-4864-b66a-d6e2a5789e5c#0:FAIL-t340] and 0 exception(s); bf55b3f9-6b09-4365-9d71-55289e083fa5@group-EFD1D20A002C:t340, leader=null, voted=bf55b3f9-6b09-4365-9d71-55289e083fa5, raftlog=bf55b3f9-6b09-4365-9d71-55289e083fa5@group-EFD1D20A002C-SegmentedRaftLog:OPENED:c-1,f-1,i0, conf=-1: [f4c54511-b161-4347-aec5-5236dc80a0d8:0.0.0.0:41238, 907b9765-214b-4864-b66a-d6e2a5789e5c:0.0.0.0:41650, bf55b3f9-6b09-4365-9d71-55289e083fa5:0.0.0.0:42441], old=null
2019-10-16 18:01:15,851 [bf55b3f9-6b09-4365-9d71-55289e083fa5@group-EFD1D20A002C-LeaderElection294] INFO  impl.RaftServerImpl (RaftServerImpl.java:setRole(184)) - bf55b3f9-6b09-4365-9d71-55289e083fa5@group-EFD1D20A002C: changes role from CANDIDATE to FOLLOWER at term 340 for DISCOVERED_A_NEW_TERM
2019-10-16 18:01:15,851 [bf55b3f9-6b09-4365-9d71-55289e083fa5@group-EFD1D20A002C-LeaderElection294] INFO  impl.RoleInfo (RoleInfo.java:shutdownLeaderElection(134)) - bf55b3f9-6b09-4365-9d71-55289e083fa5: shutdown LeaderElection
2019-10-16 18:01:15,851 [bf55b3f9-6b09-4365-9d71-55289e083fa5@group-EFD1D20A002C-LeaderElection294] INFO  impl.RoleInfo (RoleInfo.java:updateAndGet(143)) - bf55b3f9-6b09-4365-9d71-55289e083fa5: start FollowerState
2019-10-16 18:01:15,876 [Thread-2083] INFO  impl.FollowerState (FollowerState.java:run(108)) - bf55b3f9-6b09-4365-9d71-55289e083fa5@group-EFD1D20A002C-FollowerState: change to CANDIDATE, lastRpcTime:24ms, electionTimeout:24ms
2019-10-16 18:01:15,876 [Thread-2083] INFO  impl.RoleInfo (RoleInfo.java:shutdownFollowerState(121)) - bf55b3f9-6b09-4365-9d71-55289e083fa5: shutdown FollowerState
2019-10-16 18:01:15,876 [Thread-2083] INFO  impl.RaftServerImpl (RaftServerImpl.java:setRole(184)) - bf55b3f9-6b09-4365-9d71-55289e083fa5@group-EFD1D20A002C: changes role from  FOLLOWER to CANDIDATE at term 340 for changeToCandidate
2019-10-16 18:01:15,876 [Thread-2083] INFO  impl.RoleInfo (RoleInfo.java:updateAndGet(143)) - bf55b3f9-6b09-4365-9d71-55289e083fa5: start LeaderElection
2019-10-16 18:01:15,893 [bf55b3f9-6b09-4365-9d71-55289e083fa5@group-EFD1D20A002C-LeaderElection295] INFO  impl.LeaderElection (LeaderElection.java:askForVotes(178)) - bf55b3f9-6b09-4365-9d71-55289e083fa5@group-EFD1D20A002C-LeaderElection295: begin an election at term 341 for -1: [f4c54511-b161-4347-aec5-5236dc80a0d8:0.0.0.0:41238, 907b9765-214b-4864-b66a-d6e2a5789e5c:0.0.0.0:41650, bf55b3f9-6b09-4365-9d71-55289e083fa5:0.0.0.0:42441], old=null
2019-10-16 18:01:15,895 [grpc-default-executor-0] INFO  impl.RaftServerImpl (RaftServerImpl.java:setRole(184)) - f4c54511-b161-4347-aec5-5236dc80a0d8@group-EFD1D20A002C: changes role from  FOLLOWER to FOLLOWER at term 341 for recognizeCandidate:bf55b3f9-6b09-4365-9d71-55289e083fa5
2019-10-16 18:01:15,895 [grpc-default-executor-1] INFO  impl.RaftServerImpl (RaftServerImpl.java:setRole(184)) - 907b9765-214b-4864-b66a-d6e2a5789e5c@group-EFD1D20A002C: changes role from  FOLLOWER to FOLLOWER at term 341 for recognizeCandidate:bf55b3f9-6b09-4365-9d71-55289e083fa5
2019-10-16 18:01:15,895 [grpc-default-executor-1] INFO  impl.RoleInfo (RoleInfo.java:shutdownFollowerState(121)) - 907b9765-214b-4864-b66a-d6e2a5789e5c: shutdown FollowerState
2019-10-16 18:01:15,895 [grpc-default-executor-0] INFO  impl.RoleInfo (RoleInfo.java:shutdownFollowerState(121)) - f4c54511-b161-4347-aec5-5236dc80a0d8: shutdown FollowerState
2019-10-16 18:01:15,895 [Thread-2082] INFO  impl.FollowerState (FollowerState.java:run(117)) - 907b9765-214b-4864-b66a-d6e2a5789e5c@group-EFD1D20A002C-FollowerState was interrupted: java.lang.InterruptedException: sleep interrupted
2019-10-16 18:01:15,895 [grpc-default-executor-1] INFO  impl.RoleInfo (RoleInfo.java:updateAndGet(143)) - 907b9765-214b-4864-b66a-d6e2a5789e5c: start FollowerState
2019-10-16 18:01:15,895 [Thread-2081] INFO  impl.FollowerState (FollowerState.java:run(117)) - f4c54511-b161-4347-aec5-5236dc80a0d8@group-EFD1D20A002C-FollowerState was interrupted: java.lang.InterruptedException: sleep interrupted
2019-10-16 18:01:15,895 [grpc-default-executor-0] INFO  impl.RoleInfo (RoleInfo.java:updateAndGet(143)) - f4c54511-b161-4347-aec5-5236dc80a0d8: start FollowerState
2019-10-16 18:01:15,919 [bf55b3f9-6b09-4365-9d71-55289e083fa5@group-EFD1D20A002C-LeaderElection295] INFO  impl.LeaderElection (LeaderElection.java:logAndReturn(56)) - bf55b3f9-6b09-4365-9d71-55289e083fa5@group-EFD1D20A002C-LeaderElection295: Election REJECTED; received 2 response(s) [bf55b3f9-6b09-4365-9d71-55289e083fa5<-f4c54511-b161-4347-aec5-5236dc80a0d8#0:FAIL-t341, bf55b3f9-6b09-4365-9d71-55289e083fa5<-907b9765-214b-4864-b66a-d6e2a5789e5c#0:FAIL-t341] and 0 exception(s); bf55b3f9-6b09-4365-9d71-55289e083fa5@group-EFD1D20A002C:t341, leader=null, voted=bf55b3f9-6b09-4365-9d71-55289e083fa5, raftlog=bf55b3f9-6b09-4365-9d71-55289e083fa5@group-EFD1D20A002C-SegmentedRaftLog:OPENED:c-1,f-1,i0, conf=-1: [f4c54511-b161-4347-aec5-5236dc80a0d8:0.0.0.0:41238, 907b9765-214b-4864-b66a-d6e2a5789e5c:0.0.0.0:41650, bf55b3f9-6b09-4365-9d71-55289e083fa5:0.0.0.0:42441], old=null
2019-10-16 18:01:15,919 [bf55b3f9-6b09-4365-9d71-55289e083fa5@group-EFD1D20A002C-LeaderElection295] INFO  impl.RaftServerImpl (RaftServerImpl.java:setRole(184)) - bf55b3f9-6b09-4365-9d71-55289e083fa5@group-EFD1D20A002C: changes role from CANDIDATE to FOLLOWER at term 341 for DISCOVERED_A_NEW_TERM
2019-10-16 18:01:15,919 [bf55b3f9-6b09-4365-9d71-55289e083fa5@group-EFD1D20A002C-LeaderElection295] INFO  impl.RoleInfo (RoleInfo.java:shutdownLeaderElection(134)) - bf55b3f9-6b09-4365-9d71-55289e083fa5: shutdown LeaderElection
2019-10-16 18:01:15,919 [bf55b3f9-6b09-4365-9d71-55289e083fa5@group-EFD1D20A002C-LeaderElection295] INFO  impl.RoleInfo (RoleInfo.java:updateAndGet(143)) - bf55b3f9-6b09-4365-9d71-55289e083fa5: start FollowerState
2019-10-16 18:01:15,991 [Thread-2089] INFO  impl.FollowerState (FollowerState.java:run(108)) - bf55b3f9-6b09-4365-9d71-55289e083fa5@group-EFD1D20A002C-FollowerState: change to CANDIDATE, lastRpcTime:72ms, electionTimeout:72ms
2019-10-16 18:01:15,992 [Thread-2089] INFO  impl.RoleInfo (RoleInfo.java:shutdownFollowerState(121)) - bf55b3f9-6b09-4365-9d71-55289e083fa5: shutdown FollowerState
2019-10-16 18:01:15,992 [Thread-2089] INFO  impl.RaftServerImpl (RaftServerImpl.java:setRole(184)) - bf55b3f9-6b09-4365-9d71-55289e083fa5@group-EFD1D20A002C: changes role from  FOLLOWER to CANDIDATE at term 341 for changeToCandidate
2019-10-16 18:01:15,992 [Thread-2089] INFO  impl.RoleInfo (RoleInfo.java:updateAndGet(143)) - bf55b3f9-6b09-4365-9d71-55289e083fa5: start LeaderElection
2019-10-16 18:01:16,019 [bf55b3f9-6b09-4365-9d71-55289e083fa5@group-EFD1D20A002C-LeaderElection296] INFO  impl.LeaderElection (LeaderElection.java:askForVotes(178)) - bf55b3f9-6b09-4365-9d71-55289e083fa5@group-EFD1D20A002C-LeaderElection296: begin an election at term 342 for -1: [f4c54511-b161-4347-aec5-5236dc80a0d8:0.0.0.0:41238, 907b9765-214b-4864-b66a-d6e2a5789e5c:0.0.0.0:41650, bf55b3f9-6b09-4365-9d71-55289e083fa5:0.0.0.0:42441], old=null
2019-10-16 18:01:16,020 [grpc-default-executor-1] INFO  impl.RaftServerImpl (RaftServerImpl.java:setRole(184)) - f4c54511-b161-4347-aec5-5236dc80a0d8@group-EFD1D20A002C: changes role from  FOLLOWER to FOLLOWER at term 342 for recognizeCandidate:bf55b3f9-6b09-4365-9d71-55289e083fa5
2019-10-16 18:01:16,020 [grpc-default-executor-0] INFO  impl.RaftServerImpl (RaftServerImpl.java:setRole(184)) - 907b9765-214b-4864-b66a-d6e2a5789e5c@group-EFD1D20A002C: changes role from  FOLLOWER to FOLLOWER at term 342 for recognizeCandidate:bf55b3f9-6b09-4365-9d71-55289e083fa5
2019-10-16 18:01:16,021 [grpc-default-executor-1] INFO  impl.RoleInfo (RoleInfo.java:shutdownFollowerState(121)) - f4c54511-b161-4347-aec5-5236dc80a0d8: shutdown FollowerState
2019-10-16 18:01:16,021 [grpc-default-executor-0] INFO  impl.RoleInfo (RoleInfo.java:shutdownFollowerState(121)) - 907b9765-214b-4864-b66a-d6e2a5789e5c: shutdown FollowerState
2019-10-16 18:01:16,021 [grpc-default-executor-1] INFO  impl.RoleInfo (RoleInfo.java:updateAndGet(143)) - f4c54511-b161-4347-aec5-5236dc80a0d8: start FollowerState
2019-10-16 18:01:16,021 [Thread-2087] INFO  impl.FollowerState (FollowerState.java:run(117)) - 907b9765-214b-4864-b66a-d6e2a5789e5c@group-EFD1D20A002C-FollowerState was interrupted: java.lang.InterruptedException: sleep interrupted
2019-10-16 18:01:16,021 [grpc-default-executor-0] INFO  impl.RoleInfo (RoleInfo.java:updateAndGet(143)) - 907b9765-214b-4864-b66a-d6e2a5789e5c: start FollowerState
2019-10-16 18:01:16,021 [Thread-2088] INFO  impl.FollowerState (FollowerState.java:run(117)) - f4c54511-b161-4347-aec5-5236dc80a0d8@group-EFD1D20A002C-FollowerState was interrupted: java.lang.InterruptedException: sleep interrupted
2019-10-16 18:01:16,034 [bf55b3f9-6b09-4365-9d71-55289e083fa5@group-EFD1D20A002C-LeaderElection296] INFO  impl.LeaderElection (LeaderElection.java:logAndReturn(56)) - bf55b3f9-6b09-4365-9d71-55289e083fa5@group-EFD1D20A002C-LeaderElection296: Election TIMEOUT; received 0 response(s) [] and 0 exception(s); bf55b3f9-6b09-4365-9d71-55289e083fa5@group-EFD1D20A002C:t342, leader=null, voted=bf55b3f9-6b09-4365-9d71-55289e083fa5, raftlog=bf55b3f9-6b09-4365-9d71-55289e083fa5@group-EFD1D20A002C-SegmentedRaftLog:OPENED:c-1,f-1,i0, conf=-1: [f4c54511-b161-4347-aec5-5236dc80a0d8:0.0.0.0:41238, 907b9765-214b-4864-b66a-d6e2a5789e5c:0.0.0.0:41650, bf55b3f9-6b09-4365-9d71-55289e083fa5:0.0.0.0:42441], old=null
2019-10-16 18:01:16,062 [bf55b3f9-6b09-4365-9d71-55289e083fa5@group-EFD1D20A002C-LeaderElection296] INFO  impl.LeaderElection (LeaderElection.java:askForVotes(178)) - bf55b3f9-6b09-4365-9d71-55289e083fa5@group-EFD1D20A002C-LeaderElection296: begin an election at term 343 for -1: [f4c54511-b161-4347-aec5-5236dc80a0d8:0.0.0.0:41238, 907b9765-214b-4864-b66a-d6e2a5789e5c:0.0.0.0:41650, bf55b3f9-6b09-4365-9d71-55289e083fa5:0.0.0.0:42441], old=null
2019-10-16 18:01:16,064 [grpc-default-executor-0] INFO  impl.RaftServerImpl (RaftServerImpl.java:setRole(184)) - 907b9765-214b-4864-b66a-d6e2a5789e5c@group-EFD1D20A002C: changes role from  FOLLOWER to FOLLOWER at term 343 for recognizeCandidate:bf55b3f9-6b09-4365-9d71-55289e083fa5
2019-10-16 18:01:16,064 [grpc-default-executor-0] INFO  impl.RoleInfo (RoleInfo.java:shutdownFollowerState(121)) - 907b9765-214b-4864-b66a-d6e2a5789e5c: shutdown FollowerState
2019-10-16 18:01:16,064 [grpc-default-executor-1] INFO  impl.RaftServerImpl (RaftServerImpl.java:setRole(184)) - f4c54511-b161-4347-aec5-5236dc80a0d8@group-EFD1D20A002C: changes role from  FOLLOWER to FOLLOWER at term 343 for recognizeCandidate:bf55b3f9-6b09-4365-9d71-55289e083fa5
2019-10-16 18:01:16,064 [Thread-2094] INFO  impl.FollowerState (FollowerState.java:run(117)) - 907b9765-214b-4864-b66a-d6e2a5789e5c@group-EFD1D20A002C-FollowerState was interrupted: java.lang.InterruptedException: sleep interrupted
2019-10-16 18:01:16,064 [grpc-default-executor-0] INFO  impl.RoleInfo (RoleInfo.java:updateAndGet(143)) - 907b9765-214b-4864-b66a-d6e2a5789e5c: start FollowerState
2019-10-16 18:01:16,064 [grpc-default-executor-1] INFO  impl.RoleInfo (RoleInfo.java:shutdownFollowerState(121)) - f4c54511-b161-4347-aec5-5236dc80a0d8: shutdown FollowerState
2019-10-16 18:01:16,064 [Thread-2093] INFO  impl.FollowerState (FollowerState.java:run(117)) - f4c54511-b161-4347-aec5-5236dc80a0d8@group-EFD1D20A002C-FollowerState was interrupted: java.lang.InterruptedException: sleep interrupted
2019-10-16 18:01:16,064 [grpc-default-executor-1] INFO  impl.RoleInfo (RoleInfo.java:updateAndGet(143)) - f4c54511-b161-4347-aec5-5236dc80a0d8: start FollowerState
2019-10-16 18:01:16,089 [bf55b3f9-6b09-4365-9d71-55289e083fa5@group-EFD1D20A002C-LeaderElection296] INFO  impl.LeaderElection (LeaderElection.java:logAndReturn(56)) - bf55b3f9-6b09-4365-9d71-55289e083fa5@group-EFD1D20A002C-LeaderElection296: Election REJECTED; received 2 response(s) [bf55b3f9-6b09-4365-9d71-55289e083fa5<-f4c54511-b161-4347-aec5-5236dc80a0d8#0:FAIL-t343, bf55b3f9-6b09-4365-9d71-55289e083fa5<-907b9765-214b-4864-b66a-d6e2a5789e5c#0:FAIL-t343] and 0 exception(s); bf55b3f9-6b09-4365-9d71-55289e083fa5@group-EFD1D20A002C:t343, leader=null, voted=bf55b3f9-6b09-4365-9d71-55289e083fa5, raftlog=bf55b3f9-6b09-4365-9d71-55289e083fa5@group-EFD1D20A002C-SegmentedRaftLog:OPENED:c-1,f-1,i0, conf=-1: [f4c54511-b161-4347-aec5-5236dc80a0d8:0.0.0.0:41238, 907b9765-214b-4864-b66a-d6e2a5789e5c:0.0.0.0:41650, bf55b3f9-6b09-4365-9d71-55289e083fa5:0.0.0.0:42441], old=null
2019-10-16 18:01:16,089 [bf55b3f9-6b09-4365-9d71-55289e083fa5@group-EFD1D20A002C-LeaderElection296] INFO  impl.RaftServerImpl (RaftServerImpl.java:setRole(184)) - bf55b3f9-6b09-4365-9d71-55289e083fa5@group-EFD1D20A002C: changes role from CANDIDATE to FOLLOWER at term 343 for DISCOVERED_A_NEW_TERM
2019-10-16 18:01:16,089 [bf55b3f9-6b09-4365-9d71-55289e083fa5@group-EFD1D20A002C-LeaderElection296] INFO  impl.RoleInfo (RoleInfo.java:shutdownLeaderElection(134)) - bf55b3f9-6b09-4365-9d71-55289e083fa5: shutdown LeaderElection
2019-10-16 18:01:16,089 [bf55b3f9-6b09-4365-9d71-55289e083fa5@group-EFD1D20A002C-LeaderElection296] INFO  impl.RoleInfo (RoleInfo.java:updateAndGet(143)) - bf55b3f9-6b09-4365-9d71-55289e083fa5: start FollowerState
2019-10-16 18:01:16,155 [Thread-2101] INFO  impl.FollowerState (FollowerState.java:run(108)) - bf55b3f9-6b09-4365-9d71-55289e083fa5@group-EFD1D20A002C-FollowerState: change to CANDIDATE, lastRpcTime:66ms, electionTimeout:66ms
2019-10-16 18:01:16,156 [Thread-2101] INFO  impl.RoleInfo (RoleInfo.java:shutdownFollowerState(121)) - bf55b3f9-6b09-4365-9d71-55289e083fa5: shutdown FollowerState
2019-10-16 18:01:16,156 [Thread-2101] INFO  impl.RaftServerImpl (RaftServerImpl.java:setRole(184)) - bf55b3f9-6b09-4365-9d71-55289e083fa5@group-EFD1D20A002C: changes role from  FOLLOWER to CANDIDATE at term 343 for changeToCandidate
2019-10-16 18:01:16,156 [Thread-2101] INFO  impl.RoleInfo (RoleInfo.java:updateAndGet(143)) - bf55b3f9-6b09-4365-9d71-55289e083fa5: start LeaderElection
2019-10-16 18:01:16,180 [bf55b3f9-6b09-4365-9d71-55289e083fa5@group-EFD1D20A002C-LeaderElection297] INFO  impl.LeaderElection (LeaderElection.java:askForVotes(178)) - bf55b3f9-6b09-4365-9d71-55289e083fa5@group-EFD1D20A002C-LeaderElection297: begin an election at term 344 for -1: [f4c54511-b161-4347-aec5-5236dc80a0d8:0.0.0.0:41238, 907b9765-214b-4864-b66a-d6e2a5789e5c:0.0.0.0:41650, bf55b3f9-6b09-4365-9d71-55289e083fa5:0.0.0.0:42441], old=null
2019-10-16 18:01:16,182 [grpc-default-executor-1] INFO  impl.RaftServerImpl (RaftServerImpl.java:setRole(184)) - 907b9765-214b-4864-b66a-d6e2a5789e5c@group-EFD1D20A002C: changes role from  FOLLOWER to FOLLOWER at term 344 for recognizeCandidate:bf55b3f9-6b09-4365-9d71-55289e083fa5
2019-10-16 18:01:16,182 [grpc-default-executor-0] INFO  impl.RaftServerImpl (RaftServerImpl.java:setRole(184)) - f4c54511-b161-4347-aec5-5236dc80a0d8@group-EFD1D20A002C: changes role from  FOLLOWER to FOLLOWER at term 344 for recognizeCandidate:bf55b3f9-6b09-4365-9d71-55289e083fa5
2019-10-16 18:01:16,183 [grpc-default-executor-1] INFO  impl.RoleInfo (RoleInfo.java:shutdownFollowerState(121)) - 907b9765-214b-4864-b66a-d6e2a5789e5c: shutdown FollowerState
2019-10-16 18:01:16,183 [grpc-default-executor-0] INFO  impl.RoleInfo (RoleInfo.java:shutdownFollowerState(121)) - f4c54511-b161-4347-aec5-5236dc80a0d8: shutdown FollowerState
2019-10-16 18:01:16,183 [grpc-default-executor-1] INFO  impl.RoleInfo (RoleInfo.java:updateAndGet(143)) - 907b9765-214b-4864-b66a-d6e2a5789e5c: start FollowerState
2019-10-16 18:01:16,183 [grpc-default-executor-0] INFO  impl.RoleInfo (RoleInfo.java:updateAndGet(143)) - f4c54511-b161-4347-aec5-5236dc80a0d8: start FollowerState
2019-10-16 18:01:16,183 [Thread-2097] INFO  impl.FollowerState (FollowerState.java:run(117)) - 907b9765-214b-4864-b66a-d6e2a5789e5c@group-EFD1D20A002C-FollowerState was interrupted: java.lang.InterruptedException: sleep interrupted
2019-10-16 18:01:16,183 [Thread-2098] INFO  impl.FollowerState (FollowerState.java:run(117)) - f4c54511-b161-4347-aec5-5236dc80a0d8@group-EFD1D20A002C-FollowerState was interrupted: java.lang.InterruptedException: sleep interrupted
2019-10-16 18:01:16,206 [bf55b3f9-6b09-4365-9d71-55289e083fa5@group-EFD1D20A002C-LeaderElection297] INFO  impl.LeaderElection (LeaderElection.java:logAndReturn(56)) - bf55b3f9-6b09-4365-9d71-55289e083fa5@group-EFD1D20A002C-LeaderElection297: Election REJECTED; received 2 response(s) [bf55b3f9-6b09-4365-9d71-55289e083fa5<-f4c54511-b161-4347-aec5-5236dc80a0d8#0:FAIL-t344, bf55b3f9-6b09-4365-9d71-55289e083fa5<-907b9765-214b-4864-b66a-d6e2a5789e5c#0:FAIL-t344] and 0 exception(s); bf55b3f9-6b09-4365-9d71-55289e083fa5@group-EFD1D20A002C:t344, leader=null, voted=bf55b3f9-6b09-4365-9d71-55289e083fa5, raftlog=bf55b3f9-6b09-4365-9d71-55289e083fa5@group-EFD1D20A002C-SegmentedRaftLog:OPENED:c-1,f-1,i0, conf=-1: [f4c54511-b161-4347-aec5-5236dc80a0d8:0.0.0.0:41238, 907b9765-214b-4864-b66a-d6e2a5789e5c:0.0.0.0:41650, bf55b3f9-6b09-4365-9d71-55289e083fa5:0.0.0.0:42441], old=null
2019-10-16 18:01:16,206 [bf55b3f9-6b09-4365-9d71-55289e083fa5@group-EFD1D20A002C-LeaderElection297] INFO  impl.RaftServerImpl (RaftServerImpl.java:setRole(184)) - bf55b3f9-6b09-4365-9d71-55289e083fa5@group-EFD1D20A002C: changes role from CANDIDATE to FOLLOWER at term 344 for DISCOVERED_A_NEW_TERM
2019-10-16 18:01:16,206 [bf55b3f9-6b09-4365-9d71-55289e083fa5@group-EFD1D20A002C-LeaderElection297] INFO  impl.RoleInfo (RoleInfo.java:shutdownLeaderElection(134)) - bf55b3f9-6b09-4365-9d71-55289e083fa5: shutdown LeaderElection
2019-10-16 18:01:16,207 [bf55b3f9-6b09-4365-9d71-55289e083fa5@group-EFD1D20A002C-LeaderElection297] INFO  impl.RoleInfo (RoleInfo.java:updateAndGet(143)) - bf55b3f9-6b09-4365-9d71-55289e083fa5: start FollowerState
2019-10-16 18:01:16,213 [Thread-2107] INFO  impl.FollowerState (FollowerState.java:run(108)) - bf55b3f9-6b09-4365-9d71-55289e083fa5@group-EFD1D20A002C-FollowerState: change to CANDIDATE, lastRpcTime:6ms, electionTimeout:6ms
2019-10-16 18:01:16,213 [Thread-2107] INFO  impl.RoleInfo (RoleInfo.java:shutdownFollowerState(121)) - bf55b3f9-6b09-4365-9d71-55289e083fa5: shutdown FollowerState
2019-10-16 18:01:16,213 [Thread-2107] INFO  impl.RaftServerImpl (RaftServerImpl.java:setRole(184)) - bf55b3f9-6b09-4365-9d71-55289e083fa5@group-EFD1D20A002C: changes role from  FOLLOWER to CANDIDATE at term 344 for changeToCandidate
2019-10-16 18:01:16,213 [Thread-2107] INFO  impl.RoleInfo (RoleInfo.java:updateAndGet(143)) - bf55b3f9-6b09-4365-9d71-55289e083fa5: start LeaderElection
2019-10-16 18:01:16,239 [bf55b3f9-6b09-4365-9d71-55289e083fa5@group-EFD1D20A002C-LeaderElection298] INFO  impl.LeaderElection (LeaderElection.java:askForVotes(178)) - bf55b3f9-6b09-4365-9d71-55289e083fa5@group-EFD1D20A002C-LeaderElection298: begin an election at term 345 for -1: [f4c54511-b161-4347-aec5-5236dc80a0d8:0.0.0.0:41238, 907b9765-214b-4864-b66a-d6e2a5789e5c:0.0.0.0:41650, bf55b3f9-6b09-4365-9d71-55289e083fa5:0.0.0.0:42441], old=null
2019-10-16 18:01:16,241 [grpc-default-executor-1] INFO  impl.RaftServerImpl (RaftServerImpl.java:setRole(184)) - 907b9765-214b-4864-b66a-d6e2a5789e5c@group-EFD1D20A002C: changes role from  FOLLOWER to FOLLOWER at term 345 for recognizeCandidate:bf55b3f9-6b09-4365-9d71-55289e083fa5
2019-10-16 18:01:16,241 [grpc-default-executor-0] INFO  impl.RaftServerImpl (RaftServerImpl.java:setRole(184)) - f4c54511-b161-4347-aec5-5236dc80a0d8@group-EFD1D20A002C: changes role from  FOLLOWER to FOLLOWER at term 345 for recognizeCandidate:bf55b3f9-6b09-4365-9d71-55289e083fa5
2019-10-16 18:01:16,241 [grpc-default-executor-1] INFO  impl.RoleInfo (RoleInfo.java:shutdownFollowerState(121)) - 907b9765-214b-4864-b66a-d6e2a5789e5c: shutdown FollowerState
2019-10-16 18:01:16,241 [grpc-default-executor-0] INFO  impl.RoleInfo (RoleInfo.java:shutdownFollowerState(121)) - f4c54511-b161-4347-aec5-5236dc80a0d8: shutdown FollowerState
2019-10-16 18:01:16,241 [Thread-2105] INFO  impl.FollowerState (FollowerState.java:run(117)) - 907b9765-214b-4864-b66a-d6e2a5789e5c@group-EFD1D20A002C-FollowerState was interrupted: java.lang.InterruptedException: sleep interrupted
2019-10-16 18:01:16,241 [grpc-default-executor-1] INFO  impl.RoleInfo (RoleInfo.java:updateAndGet(143)) - 907b9765-214b-4864-b66a-d6e2a5789e5c: start FollowerState
2019-10-16 18:01:16,241 [Thread-2106] INFO  impl.FollowerState (FollowerState.java:run(117)) - f4c54511-b161-4347-aec5-5236dc80a0d8@group-EFD1D20A002C-FollowerState was interrupted: java.lang.InterruptedException: sleep interrupted
2019-10-16 18:01:16,241 [grpc-default-executor-0] INFO  impl.RoleInfo (RoleInfo.java:updateAndGet(143)) - f4c54511-b161-4347-aec5-5236dc80a0d8: start FollowerState
2019-10-16 18:01:16,257 [bf55b3f9-6b09-4365-9d71-55289e083fa5@group-EFD1D20A002C-LeaderElection298] INFO  impl.LeaderElection (LeaderElection.java:logAndReturn(56)) - bf55b3f9-6b09-4365-9d71-55289e083fa5@group-EFD1D20A002C-LeaderElection298: Election REJECTED; received 2 response(s) [bf55b3f9-6b09-4365-9d71-55289e083fa5<-f4c54511-b161-4347-aec5-5236dc80a0d8#0:FAIL-t345, bf55b3f9-6b09-4365-9d71-55289e083fa5<-907b9765-214b-4864-b66a-d6e2a5789e5c#0:FAIL-t345] and 0 exception(s); bf55b3f9-6b09-4365-9d71-55289e083fa5@group-EFD1D20A002C:t345, leader=null, voted=bf55b3f9-6b09-4365-9d71-55289e083fa5, raftlog=bf55b3f9-6b09-4365-9d71-55289e083fa5@group-EFD1D20A002C-SegmentedRaftLog:OPENED:c-1,f-1,i0, conf=-1: [f4c54511-b161-4347-aec5-5236dc80a0d8:0.0.0.0:41238, 907b9765-214b-4864-b66a-d6e2a5789e5c:0.0.0.0:41650, bf55b3f9-6b09-4365-9d71-55289e083fa5:0.0.0.0:42441], old=null
2019-10-16 18:01:16,257 [bf55b3f9-6b09-4365-9d71-55289e083fa5@group-EFD1D20A002C-LeaderElection298] INFO  impl.RaftServerImpl (RaftServerImpl.java:setRole(184)) - bf55b3f9-6b09-4365-9d71-55289e083fa5@group-EFD1D20A002C: changes role from CANDIDATE to FOLLOWER at term 345 for DISCOVERED_A_NEW_TERM
2019-10-16 18:01:16,257 [bf55b3f9-6b09-4365-9d71-55289e083fa5@group-EFD1D20A002C-LeaderElection298] INFO  impl.RoleInfo (RoleInfo.java:shutdownLeaderElection(134)) - bf55b3f9-6b09-4365-9d71-55289e083fa5: shutdown LeaderElection
2019-10-16 18:01:16,257 [bf55b3f9-6b09-4365-9d71-55289e083fa5@group-EFD1D20A002C-LeaderElection298] INFO  impl.RoleInfo (RoleInfo.java:updateAndGet(143)) - bf55b3f9-6b09-4365-9d71-55289e083fa5: start FollowerState
2019-10-16 18:01:16,411 [Thread-2113] INFO  impl.FollowerState (FollowerState.java:run(108)) - bf55b3f9-6b09-4365-9d71-55289e083fa5@group-EFD1D20A002C-FollowerState: change to CANDIDATE, lastRpcTime:153ms, electionTimeout:153ms
2019-10-16 18:01:16,411 [Thread-2113] INFO  impl.RoleInfo (RoleInfo.java:shutdownFollowerState(121)) - bf55b3f9-6b09-4365-9d71-55289e083fa5: shutdown FollowerState
2019-10-16 18:01:16,411 [Thread-2113] INFO  impl.RaftServerImpl (RaftServerImpl.java:setRole(184)) - bf55b3f9-6b09-4365-9d71-55289e083fa5@group-EFD1D20A002C: changes role from  FOLLOWER to CANDIDATE at term 345 for changeToCandidate
2019-10-16 18:01:16,411 [Thread-2113] INFO  impl.RoleInfo (RoleInfo.java:updateAndGet(143)) - bf55b3f9-6b09-4365-9d71-55289e083fa5: start LeaderElection
2019-10-16 18:01:16,491 [bf55b3f9-6b09-4365-9d71-55289e083fa5@group-EFD1D20A002C-LeaderElection299] INFO  impl.LeaderElection (LeaderElection.java:askForVotes(178)) - bf55b3f9-6b09-4365-9d71-55289e083fa5@group-EFD1D20A002C-LeaderElection299: begin an election at term 346 for -1: [f4c54511-b161-4347-aec5-5236dc80a0d8:0.0.0.0:41238, 907b9765-214b-4864-b66a-d6e2a5789e5c:0.0.0.0:41650, bf55b3f9-6b09-4365-9d71-55289e083fa5:0.0.0.0:42441], old=null
2019-10-16 18:01:16,493 [grpc-default-executor-1] INFO  impl.RaftServerImpl (RaftServerImpl.java:setRole(184)) - 907b9765-214b-4864-b66a-d6e2a5789e5c@group-EFD1D20A002C: changes role from  FOLLOWER to FOLLOWER at term 346 for recognizeCandidate:bf55b3f9-6b09-4365-9d71-55289e083fa5
2019-10-16 18:01:16,493 [grpc-default-executor-0] INFO  impl.RaftServerImpl (RaftServerImpl.java:setRole(184)) - f4c54511-b161-4347-aec5-5236dc80a0d8@group-EFD1D20A002C: changes role from  FOLLOWER to FOLLOWER at term 346 for recognizeCandidate:bf55b3f9-6b09-4365-9d71-55289e083fa5
2019-10-16 18:01:16,493 [grpc-default-executor-1] INFO  impl.RoleInfo (RoleInfo.java:shutdownFollowerState(121)) - 907b9765-214b-4864-b66a-d6e2a5789e5c: shutdown FollowerState
2019-10-16 18:01:16,493 [grpc-default-executor-0] INFO  impl.RoleInfo (RoleInfo.java:shutdownFollowerState(121)) - f4c54511-b161-4347-aec5-5236dc80a0d8: shutdown FollowerState
2019-10-16 18:01:16,493 [grpc-default-executor-1] INFO  impl.RoleInfo (RoleInfo.java:updateAndGet(143)) - 907b9765-214b-4864-b66a-d6e2a5789e5c: start FollowerState
2019-10-16 18:01:16,493 [Thread-2112] INFO  impl.FollowerState (FollowerState.java:run(117)) - f4c54511-b161-4347-aec5-5236dc80a0d8@group-EFD1D20A002C-FollowerState was interrupted: java.lang.InterruptedException: sleep interrupted
2019-10-16 18:01:16,493 [grpc-default-executor-0] INFO  impl.RoleInfo (RoleInfo.java:updateAndGet(143)) - f4c54511-b161-4347-aec5-5236dc80a0d8: start FollowerState
2019-10-16 18:01:16,493 [Thread-2111] INFO  impl.FollowerState (FollowerState.java:run(117)) - 907b9765-214b-4864-b66a-d6e2a5789e5c@group-EFD1D20A002C-FollowerState was interrupted: java.lang.InterruptedException: sleep interrupted
2019-10-16 18:01:16,517 [bf55b3f9-6b09-4365-9d71-55289e083fa5@group-EFD1D20A002C-LeaderElection299] INFO  impl.LeaderElection (LeaderElection.java:logAndReturn(56)) - bf55b3f9-6b09-4365-9d71-55289e083fa5@group-EFD1D20A002C-LeaderElection299: Election REJECTED; received 2 response(s) [bf55b3f9-6b09-4365-9d71-55289e083fa5<-f4c54511-b161-4347-aec5-5236dc80a0d8#0:FAIL-t346, bf55b3f9-6b09-4365-9d71-55289e083fa5<-907b9765-214b-4864-b66a-d6e2a5789e5c#0:FAIL-t346] and 0 exception(s); bf55b3f9-6b09-4365-9d71-55289e083fa5@group-EFD1D20A002C:t346, leader=null, voted=bf55b3f9-6b09-4365-9d71-55289e083fa5, raftlog=bf55b3f9-6b09-4365-9d71-55289e083fa5@group-EFD1D20A002C-SegmentedRaftLog:OPENED:c-1,f-1,i0, conf=-1: [f4c54511-b161-4347-aec5-5236dc80a0d8:0.0.0.0:41238, 907b9765-214b-4864-b66a-d6e2a5789e5c:0.0.0.0:41650, bf55b3f9-6b09-4365-9d71-55289e083fa5:0.0.0.0:42441], old=null
2019-10-16 18:01:16,517 [bf55b3f9-6b09-4365-9d71-55289e083fa5@group-EFD1D20A002C-LeaderElection299] INFO  impl.RaftServerImpl (RaftServerImpl.java:setRole(184)) - bf55b3f9-6b09-4365-9d71-55289e083fa5@group-EFD1D20A002C: changes role from CANDIDATE to FOLLOWER at term 346 for DISCOVERED_A_NEW_TERM
2019-10-16 18:01:16,518 [bf55b3f9-6b09-4365-9d71-55289e083fa5@group-EFD1D20A002C-LeaderElection299] INFO  impl.RoleInfo (RoleInfo.java:shutdownLeaderElection(134)) - bf55b3f9-6b09-4365-9d71-55289e083fa5: shutdown LeaderElection
2019-10-16 18:01:16,518 [bf55b3f9-6b09-4365-9d71-55289e083fa5@group-EFD1D20A002C-LeaderElection299] INFO  impl.RoleInfo (RoleInfo.java:updateAndGet(143)) - bf55b3f9-6b09-4365-9d71-55289e083fa5: start FollowerState
2019-10-16 18:01:16,581 [Thread-2119] INFO  impl.FollowerState (FollowerState.java:run(108)) - bf55b3f9-6b09-4365-9d71-55289e083fa5@group-EFD1D20A002C-FollowerState: change to CANDIDATE, lastRpcTime:63ms, electionTimeout:63ms
2019-10-16 18:01:16,581 [Thread-2119] INFO  impl.RoleInfo (RoleInfo.java:shutdownFollowerState(121)) - bf55b3f9-6b09-4365-9d71-55289e083fa5: shutdown FollowerState
2019-10-16 18:01:16,581 [Thread-2119] INFO  impl.RaftServerImpl (RaftServerImpl.java:setRole(184)) - bf55b3f9-6b09-4365-9d71-55289e083fa5@group-EFD1D20A002C: changes role from  FOLLOWER to CANDIDATE at term 346 for changeToCandidate
2019-10-16 18:01:16,581 [Thread-2119] INFO  impl.RoleInfo (RoleInfo.java:updateAndGet(143)) - bf55b3f9-6b09-4365-9d71-55289e083fa5: start LeaderElection
2019-10-16 18:01:16,609 [bf55b3f9-6b09-4365-9d71-55289e083fa5@group-EFD1D20A002C-LeaderElection300] INFO  impl.LeaderElection (LeaderElection.java:askForVotes(178)) - bf55b3f9-6b09-4365-9d71-55289e083fa5@group-EFD1D20A002C-LeaderElection300: begin an election at term 347 for -1: [f4c54511-b161-4347-aec5-5236dc80a0d8:0.0.0.0:41238, 907b9765-214b-4864-b66a-d6e2a5789e5c:0.0.0.0:41650, bf55b3f9-6b09-4365-9d71-55289e083fa5:0.0.0.0:42441], old=null
2019-10-16 18:01:16,611 [grpc-default-executor-1] INFO  impl.RaftServerImpl (RaftServerImpl.java:setRole(184)) - f4c54511-b161-4347-aec5-5236dc80a0d8@group-EFD1D20A002C: changes role from  FOLLOWER to FOLLOWER at term 347 for recognizeCandidate:bf55b3f9-6b09-4365-9d71-55289e083fa5
2019-10-16 18:01:16,611 [grpc-default-executor-1] INFO  impl.RoleInfo (RoleInfo.java:shutdownFollowerState(121)) - f4c54511-b161-4347-aec5-5236dc80a0d8: shutdown FollowerState
2019-10-16 18:01:16,611 [grpc-default-executor-1] INFO  impl.RoleInfo (RoleInfo.java:updateAndGet(143)) - f4c54511-b161-4347-aec5-5236dc80a0d8: start FollowerState
2019-10-16 18:01:16,611 [Thread-2118] INFO  impl.FollowerState (FollowerState.java:run(117)) - f4c54511-b161-4347-aec5-5236dc80a0d8@group-EFD1D20A002C-FollowerState was interrupted: java.lang.InterruptedException: sleep interrupted
2019-10-16 18:01:16,611 [grpc-default-executor-0] INFO  impl.RaftServerImpl (RaftServerImpl.java:setRole(184)) - 907b9765-214b-4864-b66a-d6e2a5789e5c@group-EFD1D20A002C: changes role from  FOLLOWER to FOLLOWER at term 347 for recognizeCandidate:bf55b3f9-6b09-4365-9d71-55289e083fa5
2019-10-16 18:01:16,611 [grpc-default-executor-0] INFO  impl.RoleInfo (RoleInfo.java:shutdownFollowerState(121)) - 907b9765-214b-4864-b66a-d6e2a5789e5c: shutdown FollowerState
2019-10-16 18:01:16,611 [grpc-default-executor-0] INFO  impl.RoleInfo (RoleInfo.java:updateAndGet(143)) - 907b9765-214b-4864-b66a-d6e2a5789e5c: start FollowerState
2019-10-16 18:01:16,611 [Thread-2117] INFO  impl.FollowerState (FollowerState.java:run(117)) - 907b9765-214b-4864-b66a-d6e2a5789e5c@group-EFD1D20A002C-FollowerState was interrupted: java.lang.InterruptedException: sleep interrupted
2019-10-16 18:01:16,635 [bf55b3f9-6b09-4365-9d71-55289e083fa5@group-EFD1D20A002C-LeaderElection300] INFO  impl.LeaderElection (LeaderElection.java:logAndReturn(56)) - bf55b3f9-6b09-4365-9d71-55289e083fa5@group-EFD1D20A002C-LeaderElection300: Election REJECTED; received 2 response(s) [bf55b3f9-6b09-4365-9d71-55289e083fa5<-f4c54511-b161-4347-aec5-5236dc80a0d8#0:FAIL-t347, bf55b3f9-6b09-4365-9d71-55289e083fa5<-907b9765-214b-4864-b66a-d6e2a5789e5c#0:FAIL-t347] and 0 exception(s); bf55b3f9-6b09-4365-9d71-55289e083fa5@group-EFD1D20A002C:t347, leader=null, voted=bf55b3f9-6b09-4365-9d71-55289e083fa5, raftlog=bf55b3f9-6b09-4365-9d71-55289e083fa5@group-EFD1D20A002C-SegmentedRaftLog:OPENED:c-1,f-1,i0, conf=-1: [f4c54511-b161-4347-aec5-5236dc80a0d8:0.0.0.0:41238, 907b9765-214b-4864-b66a-d6e2a5789e5c:0.0.0.0:41650, bf55b3f9-6b09-4365-9d71-55289e083fa5:0.0.0.0:42441], old=null
2019-10-16 18:01:16,635 [bf55b3f9-6b09-4365-9d71-55289e083fa5@group-EFD1D20A002C-LeaderElection300] INFO  impl.RaftServerImpl (RaftServerImpl.java:setRole(184)) - bf55b3f9-6b09-4365-9d71-55289e083fa5@group-EFD1D20A002C: changes role from CANDIDATE to FOLLOWER at term 347 for DISCOVERED_A_NEW_TERM
2019-10-16 18:01:16,636 [bf55b3f9-6b09-4365-9d71-55289e083fa5@group-EFD1D20A002C-LeaderElection300] INFO  impl.RoleInfo (RoleInfo.java:shutdownLeaderElection(134)) - bf55b3f9-6b09-4365-9d71-55289e083fa5: shutdown LeaderElection
2019-10-16 18:01:16,636 [bf55b3f9-6b09-4365-9d71-55289e083fa5@group-EFD1D20A002C-LeaderElection300] INFO  impl.RoleInfo (RoleInfo.java:updateAndGet(143)) - bf55b3f9-6b09-4365-9d71-55289e083fa5: start FollowerState
2019-10-16 18:01:16,744 [Thread-2125] INFO  impl.FollowerState (FollowerState.java:run(108)) - bf55b3f9-6b09-4365-9d71-55289e083fa5@group-EFD1D20A002C-FollowerState: change to CANDIDATE, lastRpcTime:108ms, electionTimeout:108ms
2019-10-16 18:01:16,744 [Thread-2125] INFO  impl.RoleInfo (RoleInfo.java:shutdownFollowerState(121)) - bf55b3f9-6b09-4365-9d71-55289e083fa5: shutdown FollowerState
2019-10-16 18:01:16,744 [Thread-2125] INFO  impl.RaftServerImpl (RaftServerImpl.java:setRole(184)) - bf55b3f9-6b09-4365-9d71-55289e083fa5@group-EFD1D20A002C: changes role from  FOLLOWER to CANDIDATE at term 347 for changeToCandidate
2019-10-16 18:01:16,745 [Thread-2125] INFO  impl.RoleInfo (RoleInfo.java:updateAndGet(143)) - bf55b3f9-6b09-4365-9d71-55289e083fa5: start LeaderElection
2019-10-16 18:01:16,770 [bf55b3f9-6b09-4365-9d71-55289e083fa5@group-EFD1D20A002C-LeaderElection301] INFO  impl.LeaderElection (LeaderElection.java:askForVotes(178)) - bf55b3f9-6b09-4365-9d71-55289e083fa5@group-EFD1D20A002C-LeaderElection301: begin an election at term 348 for -1: [f4c54511-b161-4347-aec5-5236dc80a0d8:0.0.0.0:41238, 907b9765-214b-4864-b66a-d6e2a5789e5c:0.0.0.0:41650, bf55b3f9-6b09-4365-9d71-55289e083fa5:0.0.0.0:42441], old=null
2019-10-16 18:01:16,771 [grpc-default-executor-1] INFO  impl.RaftServerImpl (RaftServerImpl.java:setRole(184)) - f4c54511-b161-4347-aec5-5236dc80a0d8@group-EFD1D20A002C: changes role from  FOLLOWER to FOLLOWER at term 348 for recognizeCandidate:bf55b3f9-6b09-4365-9d71-55289e083fa5
2019-10-16 18:01:16,771 [grpc-default-executor-0] INFO  impl.RaftServerImpl (RaftServerImpl.java:setRole(184)) - 907b9765-214b-4864-b66a-d6e2a5789e5c@group-EFD1D20A002C: changes role from  FOLLOWER to FOLLOWER at term 348 for recognizeCandidate:bf55b3f9-6b09-4365-9d71-55289e083fa5
2019-10-16 18:01:16,771 [grpc-default-executor-1] INFO  impl.RoleInfo (RoleInfo.java:shutdownFollowerState(121)) - f4c54511-b161-4347-aec5-5236dc80a0d8: shutdown FollowerState
2019-10-16 18:01:16,771 [grpc-default-executor-0] INFO  impl.RoleInfo (RoleInfo.java:shutdownFollowerState(121)) - 907b9765-214b-4864-b66a-d6e2a5789e5c: shutdown FollowerState
2019-10-16 18:01:16,772 [Thread-2123] INFO  impl.FollowerState (FollowerState.java:run(117)) - f4c54511-b161-4347-aec5-5236dc80a0d8@group-EFD1D20A002C-FollowerState was interrupted: java.lang.InterruptedException: sleep interrupted
2019-10-16 18:01:16,772 [grpc-default-executor-0] INFO  impl.RoleInfo (RoleInfo.java:updateAndGet(143)) - 907b9765-214b-4864-b66a-d6e2a5789e5c: start FollowerState
2019-10-16 18:01:16,772 [grpc-default-executor-1] INFO  impl.RoleInfo (RoleInfo.java:updateAndGet(143)) - f4c54511-b161-4347-aec5-5236dc80a0d8: start FollowerState
2019-10-16 18:01:16,772 [Thread-2124] INFO  impl.FollowerState (FollowerState.java:run(117)) - 907b9765-214b-4864-b66a-d6e2a5789e5c@group-EFD1D20A002C-FollowerState was interrupted: java.lang.InterruptedException: sleep interrupted
2019-10-16 18:01:16,796 [bf55b3f9-6b09-4365-9d71-55289e083fa5@group-EFD1D20A002C-LeaderElection301] INFO  impl.LeaderElection (LeaderElection.java:logAndReturn(56)) - bf55b3f9-6b09-4365-9d71-55289e083fa5@group-EFD1D20A002C-LeaderElection301: Election REJECTED; received 2 response(s) [bf55b3f9-6b09-4365-9d71-55289e083fa5<-f4c54511-b161-4347-aec5-5236dc80a0d8#0:FAIL-t348, bf55b3f9-6b09-4365-9d71-55289e083fa5<-907b9765-214b-4864-b66a-d6e2a5789e5c#0:FAIL-t348] and 0 exception(s); bf55b3f9-6b09-4365-9d71-55289e083fa5@group-EFD1D20A002C:t348, leader=null, voted=bf55b3f9-6b09-4365-9d71-55289e083fa5, raftlog=bf55b3f9-6b09-4365-9d71-55289e083fa5@group-EFD1D20A002C-SegmentedRaftLog:OPENED:c-1,f-1,i0, conf=-1: [f4c54511-b161-4347-aec5-5236dc80a0d8:0.0.0.0:41238, 907b9765-214b-4864-b66a-d6e2a5789e5c:0.0.0.0:41650, bf55b3f9-6b09-4365-9d71-55289e083fa5:0.0.0.0:42441], old=null
2019-10-16 18:01:16,796 [bf55b3f9-6b09-4365-9d71-55289e083fa5@group-EFD1D20A002C-LeaderElection301] INFO  impl.RaftServerImpl (RaftServerImpl.java:setRole(184)) - bf55b3f9-6b09-4365-9d71-55289e083fa5@group-EFD1D20A002C: changes role from CANDIDATE to FOLLOWER at term 348 for DISCOVERED_A_NEW_TERM
2019-10-16 18:01:16,796 [bf55b3f9-6b09-4365-9d71-55289e083fa5@group-EFD1D20A002C-LeaderElection301] INFO  impl.RoleInfo (RoleInfo.java:shutdownLeaderElection(134)) - bf55b3f9-6b09-4365-9d71-55289e083fa5: shutdown LeaderElection
2019-10-16 18:01:16,796 [bf55b3f9-6b09-4365-9d71-55289e083fa5@group-EFD1D20A002C-LeaderElection301] INFO  impl.RoleInfo (RoleInfo.java:updateAndGet(143)) - bf55b3f9-6b09-4365-9d71-55289e083fa5: start FollowerState
2019-10-16 18:01:16,940 [Thread-2131] INFO  impl.FollowerState (FollowerState.java:run(108)) - bf55b3f9-6b09-4365-9d71-55289e083fa5@group-EFD1D20A002C-FollowerState: change to CANDIDATE, lastRpcTime:144ms, electionTimeout:144ms
2019-10-16 18:01:16,940 [Thread-2131] INFO  impl.RoleInfo (RoleInfo.java:shutdownFollowerState(121)) - bf55b3f9-6b09-4365-9d71-55289e083fa5: shutdown FollowerState
2019-10-16 18:01:16,941 [Thread-2131] INFO  impl.RaftServerImpl (RaftServerImpl.java:setRole(184)) - bf55b3f9-6b09-4365-9d71-55289e083fa5@group-EFD1D20A002C: changes role from  FOLLOWER to CANDIDATE at term 348 for changeToCandidate
2019-10-16 18:01:16,941 [Thread-2131] INFO  impl.RoleInfo (RoleInfo.java:updateAndGet(143)) - bf55b3f9-6b09-4365-9d71-55289e083fa5: start LeaderElection
2019-10-16 18:01:16,998 [bf55b3f9-6b09-4365-9d71-55289e083fa5@group-EFD1D20A002C-LeaderElection302] INFO  impl.LeaderElection (LeaderElection.java:askForVotes(178)) - bf55b3f9-6b09-4365-9d71-55289e083fa5@group-EFD1D20A002C-LeaderElection302: begin an election at term 349 for -1: [f4c54511-b161-4347-aec5-5236dc80a0d8:0.0.0.0:41238, 907b9765-214b-4864-b66a-d6e2a5789e5c:0.0.0.0:41650, bf55b3f9-6b09-4365-9d71-55289e083fa5:0.0.0.0:42441], old=null
2019-10-16 18:01:17,001 [grpc-default-executor-0] INFO  impl.RaftServerImpl (RaftServerImpl.java:setRole(184)) - f4c54511-b161-4347-aec5-5236dc80a0d8@group-EFD1D20A002C: changes role from  FOLLOWER to FOLLOWER at term 349 for recognizeCandidate:bf55b3f9-6b09-4365-9d71-55289e083fa5
2019-10-16 18:01:17,001 [grpc-default-executor-1] INFO  impl.RaftServerImpl (RaftServerImpl.java:setRole(184)) - 907b9765-214b-4864-b66a-d6e2a5789e5c@group-EFD1D20A002C: changes role from  FOLLOWER to FOLLOWER at term 349 for recognizeCandidate:bf55b3f9-6b09-4365-9d71-55289e083fa5
2019-10-16 18:01:17,001 [grpc-default-executor-0] INFO  impl.RoleInfo (RoleInfo.java:shutdownFollowerState(121)) - f4c54511-b161-4347-aec5-5236dc80a0d8: shutdown FollowerState
2019-10-16 18:01:17,001 [grpc-default-executor-1] INFO  impl.RoleInfo (RoleInfo.java:shutdownFollowerState(121)) - 907b9765-214b-4864-b66a-d6e2a5789e5c: shutdown FollowerState
2019-10-16 18:01:17,001 [grpc-default-executor-0] INFO  impl.RoleInfo (RoleInfo.java:updateAndGet(143)) - f4c54511-b161-4347-aec5-5236dc80a0d8: start FollowerState
2019-10-16 18:01:17,001 [Thread-2129] INFO  impl.FollowerState (FollowerState.java:run(117)) - f4c54511-b161-4347-aec5-5236dc80a0d8@group-EFD1D20A002C-FollowerState was interrupted: java.lang.InterruptedException: sleep interrupted
2019-10-16 18:01:17,001 [Thread-2130] INFO  impl.FollowerState (FollowerState.java:run(117)) - 907b9765-214b-4864-b66a-d6e2a5789e5c@group-EFD1D20A002C-FollowerState was interrupted: java.lang.InterruptedException: sleep interrupted
2019-10-16 18:01:17,001 [grpc-default-executor-1] INFO  impl.RoleInfo (RoleInfo.java:updateAndGet(143)) - 907b9765-214b-4864-b66a-d6e2a5789e5c: start FollowerState
2019-10-16 18:01:17,024 [bf55b3f9-6b09-4365-9d71-55289e083fa5@group-EFD1D20A002C-LeaderElection302] INFO  impl.LeaderElection (LeaderElection.java:logAndReturn(56)) - bf55b3f9-6b09-4365-9d71-55289e083fa5@group-EFD1D20A002C-LeaderElection302: Election REJECTED; received 2 response(s) [bf55b3f9-6b09-4365-9d71-55289e083fa5<-f4c54511-b161-4347-aec5-5236dc80a0d8#0:FAIL-t349, bf55b3f9-6b09-4365-9d71-55289e083fa5<-907b9765-214b-4864-b66a-d6e2a5789e5c#0:FAIL-t349] and 0 exception(s); bf55b3f9-6b09-4365-9d71-55289e083fa5@group-EFD1D20A002C:t349, leader=null, voted=bf55b3f9-6b09-4365-9d71-55289e083fa5, raftlog=bf55b3f9-6b09-4365-9d71-55289e083fa5@group-EFD1D20A002C-SegmentedRaftLog:OPENED:c-1,f-1,i0, conf=-1: [f4c54511-b161-4347-aec5-5236dc80a0d8:0.0.0.0:41238, 907b9765-214b-4864-b66a-d6e2a5789e5c:0.0.0.0:41650, bf55b3f9-6b09-4365-9d71-55289e083fa5:0.0.0.0:42441], old=null
2019-10-16 18:01:17,024 [bf55b3f9-6b09-4365-9d71-55289e083fa5@group-EFD1D20A002C-LeaderElection302] INFO  impl.RaftServerImpl (RaftServerImpl.java:setRole(184)) - bf55b3f9-6b09-4365-9d71-55289e083fa5@group-EFD1D20A002C: changes role from CANDIDATE to FOLLOWER at term 349 for DISCOVERED_A_NEW_TERM
2019-10-16 18:01:17,024 [bf55b3f9-6b09-4365-9d71-55289e083fa5@group-EFD1D20A002C-LeaderElection302] INFO  impl.RoleInfo (RoleInfo.java:shutdownLeaderElection(134)) - bf55b3f9-6b09-4365-9d71-55289e083fa5: shutdown LeaderElection
2019-10-16 18:01:17,024 [bf55b3f9-6b09-4365-9d71-55289e083fa5@group-EFD1D20A002C-LeaderElection302] INFO  impl.RoleInfo (RoleInfo.java:updateAndGet(143)) - bf55b3f9-6b09-4365-9d71-55289e083fa5: start FollowerState
2019-10-16 18:01:17,061 [Thread-2137] INFO  impl.FollowerState (FollowerState.java:run(108)) - bf55b3f9-6b09-4365-9d71-55289e083fa5@group-EFD1D20A002C-FollowerState: change to CANDIDATE, lastRpcTime:36ms, electionTimeout:36ms
2019-10-16 18:01:17,061 [Thread-2137] INFO  impl.RoleInfo (RoleInfo.java:shutdownFollowerState(121)) - bf55b3f9-6b09-4365-9d71-55289e083fa5: shutdown FollowerState
2019-10-16 18:01:17,061 [Thread-2137] INFO  impl.RaftServerImpl (RaftServerImpl.java:setRole(184)) - bf55b3f9-6b09-4365-9d71-55289e083fa5@group-EFD1D20A002C: changes role from  FOLLOWER to CANDIDATE at term 349 for changeToCandidate
2019-10-16 18:01:17,062 [Thread-2137] INFO  impl.RoleInfo (RoleInfo.java:updateAndGet(143)) - bf55b3f9-6b09-4365-9d71-55289e083fa5: start LeaderElection
2019-10-16 18:01:17,090 [bf55b3f9-6b09-4365-9d71-55289e083fa5@group-EFD1D20A002C-LeaderElection303] INFO  impl.LeaderElection (LeaderElection.java:askForVotes(178)) - bf55b3f9-6b09-4365-9d71-55289e083fa5@group-EFD1D20A002C-LeaderElection303: begin an election at term 350 for -1: [f4c54511-b161-4347-aec5-5236dc80a0d8:0.0.0.0:41238, 907b9765-214b-4864-b66a-d6e2a5789e5c:0.0.0.0:41650, bf55b3f9-6b09-4365-9d71-55289e083fa5:0.0.0.0:42441], old=null
2019-10-16 18:01:17,092 [grpc-default-executor-0] INFO  impl.RaftServerImpl (RaftServerImpl.java:setRole(184)) - f4c54511-b161-4347-aec5-5236dc80a0d8@group-EFD1D20A002C: changes role from  FOLLOWER to FOLLOWER at term 350 for recognizeCandidate:bf55b3f9-6b09-4365-9d71-55289e083fa5
2019-10-16 18:01:17,092 [grpc-default-executor-0] INFO  impl.RoleInfo (RoleInfo.java:shutdownFollowerState(121)) - f4c54511-b161-4347-aec5-5236dc80a0d8: shutdown FollowerState
2019-10-16 18:01:17,092 [grpc-default-executor-1] INFO  impl.RaftServerImpl (RaftServerImpl.java:setRole(184)) - 907b9765-214b-4864-b66a-d6e2a5789e5c@group-EFD1D20A002C: changes role from  FOLLOWER to FOLLOWER at term 350 for recognizeCandidate:bf55b3f9-6b09-4365-9d71-55289e083fa5
2019-10-16 18:01:17,092 [grpc-default-executor-1] INFO  impl.RoleInfo (RoleInfo.java:shutdownFollowerState(121)) - 907b9765-214b-4864-b66a-d6e2a5789e5c: shutdown FollowerState
2019-10-16 18:01:17,092 [Thread-2135] INFO  impl.FollowerState (FollowerState.java:run(117)) - f4c54511-b161-4347-aec5-5236dc80a0d8@group-EFD1D20A002C-FollowerState was interrupted: java.lang.InterruptedException: sleep interrupted
2019-10-16 18:01:17,092 [grpc-default-executor-0] INFO  impl.RoleInfo (RoleInfo.java:updateAndGet(143)) - f4c54511-b161-4347-aec5-5236dc80a0d8: start FollowerState
2019-10-16 18:01:17,092 [Thread-2136] INFO  impl.FollowerState (FollowerState.java:run(117)) - 907b9765-214b-4864-b66a-d6e2a5789e5c@group-EFD1D20A002C-FollowerState was interrupted: java.lang.InterruptedException: sleep interrupted
2019-10-16 18:01:17,092 [grpc-default-executor-1] INFO  impl.RoleInfo (RoleInfo.java:updateAndGet(143)) - 907b9765-214b-4864-b66a-d6e2a5789e5c: start FollowerState
2019-10-16 18:01:17,116 [bf55b3f9-6b09-4365-9d71-55289e083fa5@group-EFD1D20A002C-LeaderElection303] INFO  impl.LeaderElection (LeaderElection.java:logAndReturn(56)) - bf55b3f9-6b09-4365-9d71-55289e083fa5@group-EFD1D20A002C-LeaderElection303: Election REJECTED; received 2 response(s) [bf55b3f9-6b09-4365-9d71-55289e083fa5<-f4c54511-b161-4347-aec5-5236dc80a0d8#0:FAIL-t350, bf55b3f9-6b09-4365-9d71-55289e083fa5<-907b9765-214b-4864-b66a-d6e2a5789e5c#0:FAIL-t350] and 0 exception(s); bf55b3f9-6b09-4365-9d71-55289e083fa5@group-EFD1D20A002C:t350, leader=null, voted=bf55b3f9-6b09-4365-9d71-55289e083fa5, raftlog=bf55b3f9-6b09-4365-9d71-55289e083fa5@group-EFD1D20A002C-SegmentedRaftLog:OPENED:c-1,f-1,i0, conf=-1: [f4c54511-b161-4347-aec5-5236dc80a0d8:0.0.0.0:41238, 907b9765-214b-4864-b66a-d6e2a5789e5c:0.0.0.0:41650, bf55b3f9-6b09-4365-9d71-55289e083fa5:0.0.0.0:42441], old=null
2019-10-16 18:01:17,116 [bf55b3f9-6b09-4365-9d71-55289e083fa5@group-EFD1D20A002C-LeaderElection303] INFO  impl.RaftServerImpl (RaftServerImpl.java:setRole(184)) - bf55b3f9-6b09-4365-9d71-55289e083fa5@group-EFD1D20A002C: changes role from CANDIDATE to FOLLOWER at term 350 for DISCOVERED_A_NEW_TERM
2019-10-16 18:01:17,116 [bf55b3f9-6b09-4365-9d71-55289e083fa5@group-EFD1D20A002C-LeaderElection303] INFO  impl.RoleInfo (RoleInfo.java:shutdownLeaderElection(134)) - bf55b3f9-6b09-4365-9d71-55289e083fa5: shutdown LeaderElection
2019-10-16 18:01:17,116 [bf55b3f9-6b09-4365-9d71-55289e083fa5@group-EFD1D20A002C-LeaderElection303] INFO  impl.RoleInfo (RoleInfo.java:updateAndGet(143)) - bf55b3f9-6b09-4365-9d71-55289e083fa5: start FollowerState
2019-10-16 18:01:17,178 [Thread-2145] INFO  impl.FollowerState (FollowerState.java:run(108)) - bf55b3f9-6b09-4365-9d71-55289e083fa5@group-EFD1D20A002C-FollowerState: change to CANDIDATE, lastRpcTime:61ms, electionTimeout:61ms
2019-10-16 18:01:17,178 [Thread-2145] INFO  impl.RoleInfo (RoleInfo.java:shutdownFollowerState(121)) - bf55b3f9-6b09-4365-9d71-55289e083fa5: shutdown FollowerState
2019-10-16 18:01:17,178 [Thread-2145] INFO  impl.RaftServerImpl (RaftServerImpl.java:setRole(184)) - bf55b3f9-6b09-4365-9d71-55289e083fa5@group-EFD1D20A002C: changes role from  FOLLOWER to CANDIDATE at term 350 for changeToCandidate
2019-10-16 18:01:17,178 [Thread-2145] INFO  impl.RoleInfo (RoleInfo.java:updateAndGet(143)) - bf55b3f9-6b09-4365-9d71-55289e083fa5: start LeaderElection
2019-10-16 18:01:17,200 [bf55b3f9-6b09-4365-9d71-55289e083fa5@group-EFD1D20A002C-LeaderElection304] INFO  impl.LeaderElection (LeaderElection.java:askForVotes(178)) - bf55b3f9-6b09-4365-9d71-55289e083fa5@group-EFD1D20A002C-LeaderElection304: begin an election at term 351 for -1: [f4c54511-b161-4347-aec5-5236dc80a0d8:0.0.0.0:41238, 907b9765-214b-4864-b66a-d6e2a5789e5c:0.0.0.0:41650, bf55b3f9-6b09-4365-9d71-55289e083fa5:0.0.0.0:42441], old=null
2019-10-16 18:01:17,201 [grpc-default-executor-0] INFO  impl.RaftServerImpl (RaftServerImpl.java:setRole(184)) - 907b9765-214b-4864-b66a-d6e2a5789e5c@group-EFD1D20A002C: changes role from  FOLLOWER to FOLLOWER at term 351 for recognizeCandidate:bf55b3f9-6b09-4365-9d71-55289e083fa5
2019-10-16 18:01:17,202 [grpc-default-executor-0] INFO  impl.RoleInfo (RoleInfo.java:shutdownFollowerState(121)) - 907b9765-214b-4864-b66a-d6e2a5789e5c: shutdown FollowerState
2019-10-16 18:01:17,202 [grpc-default-executor-1] INFO  impl.RaftServerImpl (RaftServerImpl.java:setRole(184)) - f4c54511-b161-4347-aec5-5236dc80a0d8@group-EFD1D20A002C: changes role from  FOLLOWER to FOLLOWER at term 351 for recognizeCandidate:bf55b3f9-6b09-4365-9d71-55289e083fa5
2019-10-16 18:01:17,202 [Thread-2144] INFO  impl.FollowerState (FollowerState.java:run(117)) - 907b9765-214b-4864-b66a-d6e2a5789e5c@group-EFD1D20A002C-FollowerState was interrupted: java.lang.InterruptedException: sleep interrupted
2019-10-16 18:01:17,202 [grpc-default-executor-0] INFO  impl.RoleInfo (RoleInfo.java:updateAndGet(143)) - 907b9765-214b-4864-b66a-d6e2a5789e5c: start FollowerState
2019-10-16 18:01:17,202 [grpc-default-executor-1] INFO  impl.RoleInfo (RoleInfo.java:shutdownFollowerState(121)) - f4c54511-b161-4347-aec5-5236dc80a0d8: shutdown FollowerState
2019-10-16 18:01:17,202 [grpc-default-executor-1] INFO  impl.RoleInfo (RoleInfo.java:updateAndGet(143)) - f4c54511-b161-4347-aec5-5236dc80a0d8: start FollowerState
2019-10-16 18:01:17,202 [Thread-2143] INFO  impl.FollowerState (FollowerState.java:run(117)) - f4c54511-b161-4347-aec5-5236dc80a0d8@group-EFD1D20A002C-FollowerState was interrupted: java.lang.InterruptedException: sleep interrupted
2019-10-16 18:01:17,226 [bf55b3f9-6b09-4365-9d71-55289e083fa5@group-EFD1D20A002C-LeaderElection304] INFO  impl.LeaderElection (LeaderElection.java:logAndReturn(56)) - bf55b3f9-6b09-4365-9d71-55289e083fa5@group-EFD1D20A002C-LeaderElection304: Election REJECTED; received 2 response(s) [bf55b3f9-6b09-4365-9d71-55289e083fa5<-f4c54511-b161-4347-aec5-5236dc80a0d8#0:FAIL-t351, bf55b3f9-6b09-4365-9d71-55289e083fa5<-907b9765-214b-4864-b66a-d6e2a5789e5c#0:FAIL-t351] and 0 exception(s); bf55b3f9-6b09-4365-9d71-55289e083fa5@group-EFD1D20A002C:t351, leader=null, voted=bf55b3f9-6b09-4365-9d71-55289e083fa5, raftlog=bf55b3f9-6b09-4365-9d71-55289e083fa5@group-EFD1D20A002C-SegmentedRaftLog:OPENED:c-1,f-1,i0, conf=-1: [f4c54511-b161-4347-aec5-5236dc80a0d8:0.0.0.0:41238, 907b9765-214b-4864-b66a-d6e2a5789e5c:0.0.0.0:41650, bf55b3f9-6b09-4365-9d71-55289e083fa5:0.0.0.0:42441], old=null
2019-10-16 18:01:17,226 [bf55b3f9-6b09-4365-9d71-55289e083fa5@group-EFD1D20A002C-LeaderElection304] INFO  impl.RaftServerImpl (RaftServerImpl.java:setRole(184)) - bf55b3f9-6b09-4365-9d71-55289e083fa5@group-EFD1D20A002C: changes role from CANDIDATE to FOLLOWER at term 351 for DISCOVERED_A_NEW_TERM
2019-10-16 18:01:17,226 [bf55b3f9-6b09-4365-9d71-55289e083fa5@group-EFD1D20A002C-LeaderElection304] INFO  impl.RoleInfo (RoleInfo.java:shutdownLeaderElection(134)) - bf55b3f9-6b09-4365-9d71-55289e083fa5: shutdown LeaderElection
2019-10-16 18:01:17,226 [bf55b3f9-6b09-4365-9d71-55289e083fa5@group-EFD1D20A002C-LeaderElection304] INFO  impl.RoleInfo (RoleInfo.java:updateAndGet(143)) - bf55b3f9-6b09-4365-9d71-55289e083fa5: start FollowerState
2019-10-16 18:01:17,380 [Thread-2151] INFO  impl.FollowerState (FollowerState.java:run(108)) - bf55b3f9-6b09-4365-9d71-55289e083fa5@group-EFD1D20A002C-FollowerState: change to CANDIDATE, lastRpcTime:154ms, electionTimeout:154ms
2019-10-16 18:01:17,380 [Thread-2151] INFO  impl.RoleInfo (RoleInfo.java:shutdownFollowerState(121)) - bf55b3f9-6b09-4365-9d71-55289e083fa5: shutdown FollowerState
2019-10-16 18:01:17,381 [Thread-2151] INFO  impl.RaftServerImpl (RaftServerImpl.java:setRole(184)) - bf55b3f9-6b09-4365-9d71-55289e083fa5@group-EFD1D20A002C: changes role from  FOLLOWER to CANDIDATE at term 351 for changeToCandidate
2019-10-16 18:01:17,381 [Thread-2151] INFO  impl.RoleInfo (RoleInfo.java:updateAndGet(143)) - bf55b3f9-6b09-4365-9d71-55289e083fa5: start LeaderElection
2019-10-16 18:01:17,410 [bf55b3f9-6b09-4365-9d71-55289e083fa5@group-EFD1D20A002C-LeaderElection305] INFO  impl.LeaderElection (LeaderElection.java:askForVotes(178)) - bf55b3f9-6b09-4365-9d71-55289e083fa5@group-EFD1D20A002C-LeaderElection305: begin an election at term 352 for -1: [f4c54511-b161-4347-aec5-5236dc80a0d8:0.0.0.0:41238, 907b9765-214b-4864-b66a-d6e2a5789e5c:0.0.0.0:41650, bf55b3f9-6b09-4365-9d71-55289e083fa5:0.0.0.0:42441], old=null
2019-10-16 18:01:17,412 [grpc-default-executor-1] INFO  impl.RaftServerImpl (RaftServerImpl.java:setRole(184)) - 907b9765-214b-4864-b66a-d6e2a5789e5c@group-EFD1D20A002C: changes role from  FOLLOWER to FOLLOWER at term 352 for recognizeCandidate:bf55b3f9-6b09-4365-9d71-55289e083fa5
2019-10-16 18:01:17,412 [grpc-default-executor-0] INFO  impl.RaftServerImpl (RaftServerImpl.java:setRole(184)) - f4c54511-b161-4347-aec5-5236dc80a0d8@group-EFD1D20A002C: changes role from  FOLLOWER to FOLLOWER at term 352 for recognizeCandidate:bf55b3f9-6b09-4365-9d71-55289e083fa5
2019-10-16 18:01:17,412 [grpc-default-executor-1] INFO  impl.RoleInfo (RoleInfo.java:shutdownFollowerState(121)) - 907b9765-214b-4864-b66a-d6e2a5789e5c: shutdown FollowerState
2019-10-16 18:01:17,412 [grpc-default-executor-0] INFO  impl.RoleInfo (RoleInfo.java:shutdownFollowerState(121)) - f4c54511-b161-4347-aec5-5236dc80a0d8: shutdown FollowerState
2019-10-16 18:01:17,412 [grpc-default-executor-1] INFO  impl.RoleInfo (RoleInfo.java:updateAndGet(143)) - 907b9765-214b-4864-b66a-d6e2a5789e5c: start FollowerState
2019-10-16 18:01:17,412 [Thread-2150] INFO  impl.FollowerState (FollowerState.java:run(117)) - f4c54511-b161-4347-aec5-5236dc80a0d8@group-EFD1D20A002C-FollowerState was interrupted: java.lang.InterruptedException: sleep interrupted
2019-10-16 18:01:17,412 [Thread-2149] INFO  impl.FollowerState (FollowerState.java:run(117)) - 907b9765-214b-4864-b66a-d6e2a5789e5c@group-EFD1D20A002C-FollowerState was interrupted: java.lang.InterruptedException: sleep interrupted
2019-10-16 18:01:17,412 [grpc-default-executor-0] INFO  impl.RoleInfo (RoleInfo.java:updateAndGet(143)) - f4c54511-b161-4347-aec5-5236dc80a0d8: start FollowerState
2019-10-16 18:01:17,436 [bf55b3f9-6b09-4365-9d71-55289e083fa5@group-EFD1D20A002C-LeaderElection305] INFO  impl.LeaderElection (LeaderElection.java:logAndReturn(56)) - bf55b3f9-6b09-4365-9d71-55289e083fa5@group-EFD1D20A002C-LeaderElection305: Election REJECTED; received 2 response(s) [bf55b3f9-6b09-4365-9d71-55289e083fa5<-f4c54511-b161-4347-aec5-5236dc80a0d8#0:FAIL-t352, bf55b3f9-6b09-4365-9d71-55289e083fa5<-907b9765-214b-4864-b66a-d6e2a5789e5c#0:FAIL-t352] and 0 exception(s); bf55b3f9-6b09-4365-9d71-55289e083fa5@group-EFD1D20A002C:t352, leader=null, voted=bf55b3f9-6b09-4365-9d71-55289e083fa5, raftlog=bf55b3f9-6b09-4365-9d71-55289e083fa5@group-EFD1D20A002C-SegmentedRaftLog:OPENED:c-1,f-1,i0, conf=-1: [f4c54511-b161-4347-aec5-5236dc80a0d8:0.0.0.0:41238, 907b9765-214b-4864-b66a-d6e2a5789e5c:0.0.0.0:41650, bf55b3f9-6b09-4365-9d71-55289e083fa5:0.0.0.0:42441], old=null
2019-10-16 18:01:17,436 [bf55b3f9-6b09-4365-9d71-55289e083fa5@group-EFD1D20A002C-LeaderElection305] INFO  impl.RaftServerImpl (RaftServerImpl.java:setRole(184)) - bf55b3f9-6b09-4365-9d71-55289e083fa5@group-EFD1D20A002C: changes role from CANDIDATE to FOLLOWER at term 352 for DISCOVERED_A_NEW_TERM
2019-10-16 18:01:17,436 [bf55b3f9-6b09-4365-9d71-55289e083fa5@group-EFD1D20A002C-LeaderElection305] INFO  impl.RoleInfo (RoleInfo.java:shutdownLeaderElection(134)) - bf55b3f9-6b09-4365-9d71-55289e083fa5: shutdown LeaderElection
2019-10-16 18:01:17,436 [bf55b3f9-6b09-4365-9d71-55289e083fa5@group-EFD1D20A002C-LeaderElection305] INFO  impl.RoleInfo (RoleInfo.java:updateAndGet(143)) - bf55b3f9-6b09-4365-9d71-55289e083fa5: start FollowerState
2019-10-16 18:01:17,458 [Thread-2157] INFO  impl.FollowerState (FollowerState.java:run(108)) - bf55b3f9-6b09-4365-9d71-55289e083fa5@group-EFD1D20A002C-FollowerState: change to CANDIDATE, lastRpcTime:22ms, electionTimeout:22ms
2019-10-16 18:01:17,458 [Thread-2157] INFO  impl.RoleInfo (RoleInfo.java:shutdownFollowerState(121)) - bf55b3f9-6b09-4365-9d71-55289e083fa5: shutdown FollowerState
2019-10-16 18:01:17,459 [Thread-2157] INFO  impl.RaftServerImpl (RaftServerImpl.java:setRole(184)) - bf55b3f9-6b09-4365-9d71-55289e083fa5@group-EFD1D20A002C: changes role from  FOLLOWER to CANDIDATE at term 352 for changeToCandidate
2019-10-16 18:01:17,459 [Thread-2157] INFO  impl.RoleInfo (RoleInfo.java:updateAndGet(143)) - bf55b3f9-6b09-4365-9d71-55289e083fa5: start LeaderElection
2019-10-16 18:01:17,486 [bf55b3f9-6b09-4365-9d71-55289e083fa5@group-EFD1D20A002C-LeaderElection306] INFO  impl.LeaderElection (LeaderElection.java:askForVotes(178)) - bf55b3f9-6b09-4365-9d71-55289e083fa5@group-EFD1D20A002C-LeaderElection306: begin an election at term 353 for -1: [f4c54511-b161-4347-aec5-5236dc80a0d8:0.0.0.0:41238, 907b9765-214b-4864-b66a-d6e2a5789e5c:0.0.0.0:41650, bf55b3f9-6b09-4365-9d71-55289e083fa5:0.0.0.0:42441], old=null
2019-10-16 18:01:17,487 [grpc-default-executor-1] INFO  impl.RaftServerImpl (RaftServerImpl.java:setRole(184)) - f4c54511-b161-4347-aec5-5236dc80a0d8@group-EFD1D20A002C: changes role from  FOLLOWER to FOLLOWER at term 353 for recognizeCandidate:bf55b3f9-6b09-4365-9d71-55289e083fa5
2019-10-16 18:01:17,487 [grpc-default-executor-0] INFO  impl.RaftServerImpl (RaftServerImpl.java:setRole(184)) - 907b9765-214b-4864-b66a-d6e2a5789e5c@group-EFD1D20A002C: changes role from  FOLLOWER to FOLLOWER at term 353 for recognizeCandidate:bf55b3f9-6b09-4365-9d71-55289e083fa5
2019-10-16 18:01:17,487 [grpc-default-executor-1] INFO  impl.RoleInfo (RoleInfo.java:shutdownFollowerState(121)) - f4c54511-b161-4347-aec5-5236dc80a0d8: shutdown FollowerState
2019-10-16 18:01:17,488 [grpc-default-executor-0] INFO  impl.RoleInfo (RoleInfo.java:shutdownFollowerState(121)) - 907b9765-214b-4864-b66a-d6e2a5789e5c: shutdown FollowerState
2019-10-16 18:01:17,488 [grpc-default-executor-1] INFO  impl.RoleInfo (RoleInfo.java:updateAndGet(143)) - f4c54511-b161-4347-aec5-5236dc80a0d8: start FollowerState
2019-10-16 18:01:17,488 [Thread-2155] INFO  impl.FollowerState (FollowerState.java:run(117)) - 907b9765-214b-4864-b66a-d6e2a5789e5c@group-EFD1D20A002C-FollowerState was interrupted: java.lang.InterruptedException: sleep interrupted
2019-10-16 18:01:17,488 [Thread-2156] INFO  impl.FollowerState (FollowerState.java:run(117)) - f4c54511-b161-4347-aec5-5236dc80a0d8@group-EFD1D20A002C-FollowerState was interrupted: java.lang.InterruptedException: sleep interrupted
2019-10-16 18:01:17,488 [grpc-default-executor-0] INFO  impl.RoleInfo (RoleInfo.java:updateAndGet(143)) - 907b9765-214b-4864-b66a-d6e2a5789e5c: start FollowerState
2019-10-16 18:01:17,503 [bf55b3f9-6b09-4365-9d71-55289e083fa5@group-EFD1D20A002C-LeaderElection306] INFO  impl.LeaderElection (LeaderElection.java:logAndReturn(56)) - bf55b3f9-6b09-4365-9d71-55289e083fa5@group-EFD1D20A002C-LeaderElection306: Election TIMEOUT; received 0 response(s) [] and 0 exception(s); bf55b3f9-6b09-4365-9d71-55289e083fa5@group-EFD1D20A002C:t353, leader=null, voted=bf55b3f9-6b09-4365-9d71-55289e083fa5, raftlog=bf55b3f9-6b09-4365-9d71-55289e083fa5@group-EFD1D20A002C-SegmentedRaftLog:OPENED:c-1,f-1,i0, conf=-1: [f4c54511-b161-4347-aec5-5236dc80a0d8:0.0.0.0:41238, 907b9765-214b-4864-b66a-d6e2a5789e5c:0.0.0.0:41650, bf55b3f9-6b09-4365-9d71-55289e083fa5:0.0.0.0:42441], old=null
2019-10-16 18:01:17,528 [bf55b3f9-6b09-4365-9d71-55289e083fa5@group-EFD1D20A002C-LeaderElection306] INFO  impl.LeaderElection (LeaderElection.java:askForVotes(178)) - bf55b3f9-6b09-4365-9d71-55289e083fa5@group-EFD1D20A002C-LeaderElection306: begin an election at term 354 for -1: [f4c54511-b161-4347-aec5-5236dc80a0d8:0.0.0.0:41238, 907b9765-214b-4864-b66a-d6e2a5789e5c:0.0.0.0:41650, bf55b3f9-6b09-4365-9d71-55289e083fa5:0.0.0.0:42441], old=null
2019-10-16 18:01:17,529 [grpc-default-executor-1] INFO  impl.RaftServerImpl (RaftServerImpl.java:setRole(184)) - f4c54511-b161-4347-aec5-5236dc80a0d8@group-EFD1D20A002C: changes role from  FOLLOWER to FOLLOWER at term 354 for recognizeCandidate:bf55b3f9-6b09-4365-9d71-55289e083fa5
2019-10-16 18:01:17,530 [grpc-default-executor-1] INFO  impl.RoleInfo (RoleInfo.java:shutdownFollowerState(121)) - f4c54511-b161-4347-aec5-5236dc80a0d8: shutdown FollowerState
2019-10-16 18:01:17,530 [grpc-default-executor-0] INFO  impl.RaftServerImpl (RaftServerImpl.java:setRole(184)) - 907b9765-214b-4864-b66a-d6e2a5789e5c@group-EFD1D20A002C: changes role from  FOLLOWER to FOLLOWER at term 354 for recognizeCandidate:bf55b3f9-6b09-4365-9d71-55289e083fa5
2019-10-16 18:01:17,530 [grpc-default-executor-0] INFO  impl.RoleInfo (RoleInfo.java:shutdownFollowerState(121)) - 907b9765-214b-4864-b66a-d6e2a5789e5c: shutdown FollowerState
2019-10-16 18:01:17,530 [grpc-default-executor-1] INFO  impl.RoleInfo (RoleInfo.java:updateAndGet(143)) - f4c54511-b161-4347-aec5-5236dc80a0d8: start FollowerState
2019-10-16 18:01:17,530 [Thread-2162] INFO  impl.FollowerState (FollowerState.java:run(117)) - 907b9765-214b-4864-b66a-d6e2a5789e5c@group-EFD1D20A002C-FollowerState was interrupted: java.lang.InterruptedException: sleep interrupted
2019-10-16 18:01:17,530 [grpc-default-executor-0] INFO  impl.RoleInfo (RoleInfo.java:updateAndGet(143)) - 907b9765-214b-4864-b66a-d6e2a5789e5c: start FollowerState
2019-10-16 18:01:17,530 [Thread-2161] INFO  impl.FollowerState (FollowerState.java:run(117)) - f4c54511-b161-4347-aec5-5236dc80a0d8@group-EFD1D20A002C-FollowerState was interrupted: java.lang.InterruptedException: sleep interrupted
2019-10-16 18:01:17,534 [bf55b3f9-6b09-4365-9d71-55289e083fa5@group-EFD1D20A002C-LeaderElection306] INFO  impl.LeaderElection (LeaderElection.java:logAndReturn(56)) - bf55b3f9-6b09-4365-9d71-55289e083fa5@group-EFD1D20A002C-LeaderElection306: Election TIMEOUT; received 0 response(s) [] and 0 exception(s); bf55b3f9-6b09-4365-9d71-55289e083fa5@group-EFD1D20A002C:t354, leader=null, voted=bf55b3f9-6b09-4365-9d71-55289e083fa5, raftlog=bf55b3f9-6b09-4365-9d71-55289e083fa5@group-EFD1D20A002C-SegmentedRaftLog:OPENED:c-1,f-1,i0, conf=-1: [f4c54511-b161-4347-aec5-5236dc80a0d8:0.0.0.0:41238, 907b9765-214b-4864-b66a-d6e2a5789e5c:0.0.0.0:41650, bf55b3f9-6b09-4365-9d71-55289e083fa5:0.0.0.0:42441], old=null
2019-10-16 18:01:17,545 [bf55b3f9-6b09-4365-9d71-55289e083fa5@group-EFD1D20A002C-LeaderElection306] INFO  impl.LeaderElection (LeaderElection.java:askForVotes(178)) - bf55b3f9-6b09-4365-9d71-55289e083fa5@group-EFD1D20A002C-LeaderElection306: begin an election at term 355 for -1: [f4c54511-b161-4347-aec5-5236dc80a0d8:0.0.0.0:41238, 907b9765-214b-4864-b66a-d6e2a5789e5c:0.0.0.0:41650, bf55b3f9-6b09-4365-9d71-55289e083fa5:0.0.0.0:42441], old=null
2019-10-16 18:01:17,547 [grpc-default-executor-1] INFO  impl.RaftServerImpl (RaftServerImpl.java:setRole(184)) - f4c54511-b161-4347-aec5-5236dc80a0d8@group-EFD1D20A002C: changes role from  FOLLOWER to FOLLOWER at term 355 for recognizeCandidate:bf55b3f9-6b09-4365-9d71-55289e083fa5
2019-10-16 18:01:17,547 [grpc-default-executor-1] INFO  impl.RoleInfo (RoleInfo.java:shutdownFollowerState(121)) - f4c54511-b161-4347-aec5-5236dc80a0d8: shutdown FollowerState
2019-10-16 18:01:17,547 [grpc-default-executor-1] INFO  impl.RoleInfo (RoleInfo.java:updateAndGet(143)) - f4c54511-b161-4347-aec5-5236dc80a0d8: start FollowerState
2019-10-16 18:01:17,547 [Thread-2165] INFO  impl.FollowerState (FollowerState.java:run(117)) - f4c54511-b161-4347-aec5-5236dc80a0d8@group-EFD1D20A002C-FollowerState was interrupted: java.lang.InterruptedException: sleep interrupted
2019-10-16 18:01:17,547 [grpc-default-executor-0] INFO  impl.RaftServerImpl (RaftServerImpl.java:setRole(184)) - 907b9765-214b-4864-b66a-d6e2a5789e5c@group-EFD1D20A002C: changes role from  FOLLOWER to FOLLOWER at term 355 for recognizeCandidate:bf55b3f9-6b09-4365-9d71-55289e083fa5
2019-10-16 18:01:17,547 [grpc-default-executor-0] INFO  impl.RoleInfo (RoleInfo.java:shutdownFollowerState(121)) - 907b9765-214b-4864-b66a-d6e2a5789e5c: shutdown FollowerState
2019-10-16 18:01:17,547 [grpc-default-executor-0] INFO  impl.RoleInfo (RoleInfo.java:updateAndGet(143)) - 907b9765-214b-4864-b66a-d6e2a5789e5c: start FollowerState
2019-10-16 18:01:17,547 [Thread-2166] INFO  impl.FollowerState (FollowerState.java:run(117)) - 907b9765-214b-4864-b66a-d6e2a5789e5c@group-EFD1D20A002C-FollowerState was interrupted: java.lang.InterruptedException: sleep interrupted
2019-10-16 18:01:17,571 [bf55b3f9-6b09-4365-9d71-55289e083fa5@group-EFD1D20A002C-LeaderElection306] INFO  impl.LeaderElection (LeaderElection.java:logAndReturn(56)) - bf55b3f9-6b09-4365-9d71-55289e083fa5@group-EFD1D20A002C-LeaderElection306: Election REJECTED; received 2 response(s) [bf55b3f9-6b09-4365-9d71-55289e083fa5<-f4c54511-b161-4347-aec5-5236dc80a0d8#0:FAIL-t355, bf55b3f9-6b09-4365-9d71-55289e083fa5<-907b9765-214b-4864-b66a-d6e2a5789e5c#0:FAIL-t355] and 0 exception(s); bf55b3f9-6b09-4365-9d71-55289e083fa5@group-EFD1D20A002C:t355, leader=null, voted=bf55b3f9-6b09-4365-9d71-55289e083fa5, raftlog=bf55b3f9-6b09-4365-9d71-55289e083fa5@group-EFD1D20A002C-SegmentedRaftLog:OPENED:c-1,f-1,i0, conf=-1: [f4c54511-b161-4347-aec5-5236dc80a0d8:0.0.0.0:41238, 907b9765-214b-4864-b66a-d6e2a5789e5c:0.0.0.0:41650, bf55b3f9-6b09-4365-9d71-55289e083fa5:0.0.0.0:42441], old=null
2019-10-16 18:01:17,571 [bf55b3f9-6b09-4365-9d71-55289e083fa5@group-EFD1D20A002C-LeaderElection306] INFO  impl.RaftServerImpl (RaftServerImpl.java:setRole(184)) - bf55b3f9-6b09-4365-9d71-55289e083fa5@group-EFD1D20A002C: changes role from CANDIDATE to FOLLOWER at term 355 for DISCOVERED_A_NEW_TERM
2019-10-16 18:01:17,571 [bf55b3f9-6b09-4365-9d71-55289e083fa5@group-EFD1D20A002C-LeaderElection306] INFO  impl.RoleInfo (RoleInfo.java:shutdownLeaderElection(134)) - bf55b3f9-6b09-4365-9d71-55289e083fa5: shutdown LeaderElection
2019-10-16 18:01:17,571 [bf55b3f9-6b09-4365-9d71-55289e083fa5@group-EFD1D20A002C-LeaderElection306] INFO  impl.RoleInfo (RoleInfo.java:updateAndGet(143)) - bf55b3f9-6b09-4365-9d71-55289e083fa5: start FollowerState
2019-10-16 18:01:17,750 [Thread-2171] INFO  impl.FollowerState (FollowerState.java:run(108)) - bf55b3f9-6b09-4365-9d71-55289e083fa5@group-EFD1D20A002C-FollowerState: change to CANDIDATE, lastRpcTime:178ms, electionTimeout:178ms
2019-10-16 18:01:17,750 [Thread-2171] INFO  impl.RoleInfo (RoleInfo.java:shutdownFollowerState(121)) - bf55b3f9-6b09-4365-9d71-55289e083fa5: shutdown FollowerState
2019-10-16 18:01:17,750 [Thread-2171] INFO  impl.RaftServerImpl (RaftServerImpl.java:setRole(184)) - bf55b3f9-6b09-4365-9d71-55289e083fa5@group-EFD1D20A002C: changes role from  FOLLOWER to CANDIDATE at term 355 for changeToCandidate
2019-10-16 18:01:17,750 [Thread-2171] INFO  impl.RoleInfo (RoleInfo.java:updateAndGet(143)) - bf55b3f9-6b09-4365-9d71-55289e083fa5: start LeaderElection
2019-10-16 18:01:17,773 [bf55b3f9-6b09-4365-9d71-55289e083fa5@group-EFD1D20A002C-LeaderElection307] INFO  impl.LeaderElection (LeaderElection.java:askForVotes(178)) - bf55b3f9-6b09-4365-9d71-55289e083fa5@group-EFD1D20A002C-LeaderElection307: begin an election at term 356 for -1: [f4c54511-b161-4347-aec5-5236dc80a0d8:0.0.0.0:41238, 907b9765-214b-4864-b66a-d6e2a5789e5c:0.0.0.0:41650, bf55b3f9-6b09-4365-9d71-55289e083fa5:0.0.0.0:42441], old=null
2019-10-16 18:01:17,774 [grpc-default-executor-0] INFO  impl.RaftServerImpl (RaftServerImpl.java:setRole(184)) - 907b9765-214b-4864-b66a-d6e2a5789e5c@group-EFD1D20A002C: changes role from  FOLLOWER to FOLLOWER at term 356 for recognizeCandidate:bf55b3f9-6b09-4365-9d71-55289e083fa5
2019-10-16 18:01:17,774 [grpc-default-executor-1] INFO  impl.RaftServerImpl (RaftServerImpl.java:setRole(184)) - f4c54511-b161-4347-aec5-5236dc80a0d8@group-EFD1D20A002C: changes role from  FOLLOWER to FOLLOWER at term 356 for recognizeCandidate:bf55b3f9-6b09-4365-9d71-55289e083fa5
2019-10-16 18:01:17,775 [grpc-default-executor-0] INFO  impl.RoleInfo (RoleInfo.java:shutdownFollowerState(121)) - 907b9765-214b-4864-b66a-d6e2a5789e5c: shutdown FollowerState
2019-10-16 18:01:17,775 [grpc-default-executor-1] INFO  impl.RoleInfo (RoleInfo.java:shutdownFollowerState(121)) - f4c54511-b161-4347-aec5-5236dc80a0d8: shutdown FollowerState
2019-10-16 18:01:17,775 [Thread-2170] INFO  impl.FollowerState (FollowerState.java:run(117)) - 907b9765-214b-4864-b66a-d6e2a5789e5c@group-EFD1D20A002C-FollowerState was interrupted: java.lang.InterruptedException: sleep interrupted
2019-10-16 18:01:17,775 [Thread-2169] INFO  impl.FollowerState (FollowerState.java:run(117)) - f4c54511-b161-4347-aec5-5236dc80a0d8@group-EFD1D20A002C-FollowerState was interrupted: java.lang.InterruptedException: sleep interrupted
2019-10-16 18:01:17,775 [grpc-default-executor-0] INFO  impl.RoleInfo (RoleInfo.java:updateAndGet(143)) - 907b9765-214b-4864-b66a-d6e2a5789e5c: start FollowerState
2019-10-16 18:01:17,775 [grpc-default-executor-1] INFO  impl.RoleInfo (RoleInfo.java:updateAndGet(143)) - f4c54511-b161-4347-aec5-5236dc80a0d8: start FollowerState
2019-10-16 18:01:17,802 [bf55b3f9-6b09-4365-9d71-55289e083fa5@group-EFD1D20A002C-LeaderElection307] INFO  impl.LeaderElection (LeaderElection.java:logAndReturn(56)) - bf55b3f9-6b09-4365-9d71-55289e083fa5@group-EFD1D20A002C-LeaderElection307: Election REJECTED; received 2 response(s) [bf55b3f9-6b09-4365-9d71-55289e083fa5<-f4c54511-b161-4347-aec5-5236dc80a0d8#0:FAIL-t356, bf55b3f9-6b09-4365-9d71-55289e083fa5<-907b9765-214b-4864-b66a-d6e2a5789e5c#0:FAIL-t356] and 0 exception(s); bf55b3f9-6b09-4365-9d71-55289e083fa5@group-EFD1D20A002C:t356, leader=null, voted=bf55b3f9-6b09-4365-9d71-55289e083fa5, raftlog=bf55b3f9-6b09-4365-9d71-55289e083fa5@group-EFD1D20A002C-SegmentedRaftLog:OPENED:c-1,f-1,i0, conf=-1: [f4c54511-b161-4347-aec5-5236dc80a0d8:0.0.0.0:41238, 907b9765-214b-4864-b66a-d6e2a5789e5c:0.0.0.0:41650, bf55b3f9-6b09-4365-9d71-55289e083fa5:0.0.0.0:42441], old=null
2019-10-16 18:01:17,802 [bf55b3f9-6b09-4365-9d71-55289e083fa5@group-EFD1D20A002C-LeaderElection307] INFO  impl.RaftServerImpl (RaftServerImpl.java:setRole(184)) - bf55b3f9-6b09-4365-9d71-55289e083fa5@group-EFD1D20A002C: changes role from CANDIDATE to FOLLOWER at term 356 for DISCOVERED_A_NEW_TERM
2019-10-16 18:01:17,802 [bf55b3f9-6b09-4365-9d71-55289e083fa5@group-EFD1D20A002C-LeaderElection307] INFO  impl.RoleInfo (RoleInfo.java:shutdownLeaderElection(134)) - bf55b3f9-6b09-4365-9d71-55289e083fa5: shutdown LeaderElection
2019-10-16 18:01:17,802 [bf55b3f9-6b09-4365-9d71-55289e083fa5@group-EFD1D20A002C-LeaderElection307] INFO  impl.RoleInfo (RoleInfo.java:updateAndGet(143)) - bf55b3f9-6b09-4365-9d71-55289e083fa5: start FollowerState
2019-10-16 18:01:17,963 [Thread-2177] INFO  impl.FollowerState (FollowerState.java:run(108)) - bf55b3f9-6b09-4365-9d71-55289e083fa5@group-EFD1D20A002C-FollowerState: change to CANDIDATE, lastRpcTime:160ms, electionTimeout:160ms
2019-10-16 18:01:17,963 [Thread-2177] INFO  impl.RoleInfo (RoleInfo.java:shutdownFollowerState(121)) - bf55b3f9-6b09-4365-9d71-55289e083fa5: shutdown FollowerState
2019-10-16 18:01:17,963 [Thread-2177] INFO  impl.RaftServerImpl (RaftServerImpl.java:setRole(184)) - bf55b3f9-6b09-4365-9d71-55289e083fa5@group-EFD1D20A002C: changes role from  FOLLOWER to CANDIDATE at term 356 for changeToCandidate
2019-10-16 18:01:17,963 [Thread-2177] INFO  impl.RoleInfo (RoleInfo.java:updateAndGet(143)) - bf55b3f9-6b09-4365-9d71-55289e083fa5: start LeaderElection
2019-10-16 18:01:17,991 [bf55b3f9-6b09-4365-9d71-55289e083fa5@group-EFD1D20A002C-LeaderElection308] INFO  impl.LeaderElection (LeaderElection.java:askForVotes(178)) - bf55b3f9-6b09-4365-9d71-55289e083fa5@group-EFD1D20A002C-LeaderElection308: begin an election at term 357 for -1: [f4c54511-b161-4347-aec5-5236dc80a0d8:0.0.0.0:41238, 907b9765-214b-4864-b66a-d6e2a5789e5c:0.0.0.0:41650, bf55b3f9-6b09-4365-9d71-55289e083fa5:0.0.0.0:42441], old=null
2019-10-16 18:01:17,995 [grpc-default-executor-1] INFO  impl.RaftServerImpl (RaftServerImpl.java:setRole(184)) - f4c54511-b161-4347-aec5-5236dc80a0d8@group-EFD1D20A002C: changes role from  FOLLOWER to FOLLOWER at term 357 for recognizeCandidate:bf55b3f9-6b09-4365-9d71-55289e083fa5
2019-10-16 18:01:17,995 [grpc-default-executor-0] INFO  impl.RaftServerImpl (RaftServerImpl.java:setRole(184)) - 907b9765-214b-4864-b66a-d6e2a5789e5c@group-EFD1D20A002C: changes role from  FOLLOWER to FOLLOWER at term 357 for recognizeCandidate:bf55b3f9-6b09-4365-9d71-55289e083fa5
2019-10-16 18:01:17,995 [grpc-default-executor-1] INFO  impl.RoleInfo (RoleInfo.java:shutdownFollowerState(121)) - f4c54511-b161-4347-aec5-5236dc80a0d8: shutdown FollowerState
2019-10-16 18:01:17,995 [grpc-default-executor-0] INFO  impl.RoleInfo (RoleInfo.java:shutdownFollowerState(121)) - 907b9765-214b-4864-b66a-d6e2a5789e5c: shutdown FollowerState
2019-10-16 18:01:17,995 [Thread-2176] INFO  impl.FollowerState (FollowerState.java:run(117)) - f4c54511-b161-4347-aec5-5236dc80a0d8@group-EFD1D20A002C-FollowerState was interrupted: java.lang.InterruptedException: sleep interrupted
2019-10-16 18:01:17,995 [Thread-2175] INFO  impl.FollowerState (FollowerState.java:run(117)) - 907b9765-214b-4864-b66a-d6e2a5789e5c@group-EFD1D20A002C-FollowerState was interrupted: java.lang.InterruptedException: sleep interrupted
2019-10-16 18:01:17,995 [grpc-default-executor-0] INFO  impl.RoleInfo (RoleInfo.java:updateAndGet(143)) - 907b9765-214b-4864-b66a-d6e2a5789e5c: start FollowerState
2019-10-16 18:01:17,995 [grpc-default-executor-1] INFO  impl.RoleInfo (RoleInfo.java:updateAndGet(143)) - f4c54511-b161-4347-aec5-5236dc80a0d8: start FollowerState
2019-10-16 18:01:18,017 [bf55b3f9-6b09-4365-9d71-55289e083fa5@group-EFD1D20A002C-LeaderElection308] INFO  impl.LeaderElection (LeaderElection.java:logAndReturn(56)) - bf55b3f9-6b09-4365-9d71-55289e083fa5@group-EFD1D20A002C-LeaderElection308: Election REJECTED; received 2 response(s) [bf55b3f9-6b09-4365-9d71-55289e083fa5<-f4c54511-b161-4347-aec5-5236dc80a0d8#0:FAIL-t357, bf55b3f9-6b09-4365-9d71-55289e083fa5<-907b9765-214b-4864-b66a-d6e2a5789e5c#0:FAIL-t357] and 0 exception(s); bf55b3f9-6b09-4365-9d71-55289e083fa5@group-EFD1D20A002C:t357, leader=null, voted=bf55b3f9-6b09-4365-9d71-55289e083fa5, raftlog=bf55b3f9-6b09-4365-9d71-55289e083fa5@group-EFD1D20A002C-SegmentedRaftLog:OPENED:c-1,f-1,i0, conf=-1: [f4c54511-b161-4347-aec5-5236dc80a0d8:0.0.0.0:41238, 907b9765-214b-4864-b66a-d6e2a5789e5c:0.0.0.0:41650, bf55b3f9-6b09-4365-9d71-55289e083fa5:0.0.0.0:42441], old=null
2019-10-16 18:01:18,018 [bf55b3f9-6b09-4365-9d71-55289e083fa5@group-EFD1D20A002C-LeaderElection308] INFO  impl.RaftServerImpl (RaftServerImpl.java:setRole(184)) - bf55b3f9-6b09-4365-9d71-55289e083fa5@group-EFD1D20A002C: changes role from CANDIDATE to FOLLOWER at term 357 for DISCOVERED_A_NEW_TERM
2019-10-16 18:01:18,018 [bf55b3f9-6b09-4365-9d71-55289e083fa5@group-EFD1D20A002C-LeaderElection308] INFO  impl.RoleInfo (RoleInfo.java:shutdownLeaderElection(134)) - bf55b3f9-6b09-4365-9d71-55289e083fa5: shutdown LeaderElection
2019-10-16 18:01:18,018 [bf55b3f9-6b09-4365-9d71-55289e083fa5@group-EFD1D20A002C-LeaderElection308] INFO  impl.RoleInfo (RoleInfo.java:updateAndGet(143)) - bf55b3f9-6b09-4365-9d71-55289e083fa5: start FollowerState
2019-10-16 18:01:18,171 [Thread-2183] INFO  impl.FollowerState (FollowerState.java:run(108)) - bf55b3f9-6b09-4365-9d71-55289e083fa5@group-EFD1D20A002C-FollowerState: change to CANDIDATE, lastRpcTime:153ms, electionTimeout:153ms
2019-10-16 18:01:18,171 [Thread-2183] INFO  impl.RoleInfo (RoleInfo.java:shutdownFollowerState(121)) - bf55b3f9-6b09-4365-9d71-55289e083fa5: shutdown FollowerState
2019-10-16 18:01:18,172 [Thread-2183] INFO  impl.RaftServerImpl (RaftServerImpl.java:setRole(184)) - bf55b3f9-6b09-4365-9d71-55289e083fa5@group-EFD1D20A002C: changes role from  FOLLOWER to CANDIDATE at term 357 for changeToCandidate
2019-10-16 18:01:18,172 [Thread-2183] INFO  impl.RoleInfo (RoleInfo.java:updateAndGet(143)) - bf55b3f9-6b09-4365-9d71-55289e083fa5: start LeaderElection
2019-10-16 18:01:18,235 [bf55b3f9-6b09-4365-9d71-55289e083fa5@group-EFD1D20A002C-LeaderElection309] INFO  impl.LeaderElection (LeaderElection.java:askForVotes(178)) - bf55b3f9-6b09-4365-9d71-55289e083fa5@group-EFD1D20A002C-LeaderElection309: begin an election at term 358 for -1: [f4c54511-b161-4347-aec5-5236dc80a0d8:0.0.0.0:41238, 907b9765-214b-4864-b66a-d6e2a5789e5c:0.0.0.0:41650, bf55b3f9-6b09-4365-9d71-55289e083fa5:0.0.0.0:42441], old=null
2019-10-16 18:01:18,236 [grpc-default-executor-1] INFO  impl.RaftServerImpl (RaftServerImpl.java:setRole(184)) - f4c54511-b161-4347-aec5-5236dc80a0d8@group-EFD1D20A002C: changes role from  FOLLOWER to FOLLOWER at term 358 for recognizeCandidate:bf55b3f9-6b09-4365-9d71-55289e083fa5
2019-10-16 18:01:18,236 [grpc-default-executor-0] INFO  impl.RaftServerImpl (RaftServerImpl.java:setRole(184)) - 907b9765-214b-4864-b66a-d6e2a5789e5c@group-EFD1D20A002C: changes role from  FOLLOWER to FOLLOWER at term 358 for recognizeCandidate:bf55b3f9-6b09-4365-9d71-55289e083fa5
2019-10-16 18:01:18,236 [grpc-default-executor-1] INFO  impl.RoleInfo (RoleInfo.java:shutdownFollowerState(121)) - f4c54511-b161-4347-aec5-5236dc80a0d8: shutdown FollowerState
2019-10-16 18:01:18,237 [grpc-default-executor-0] INFO  impl.RoleInfo (RoleInfo.java:shutdownFollowerState(121)) - 907b9765-214b-4864-b66a-d6e2a5789e5c: shutdown FollowerState
2019-10-16 18:01:18,237 [Thread-2181] INFO  impl.FollowerState (FollowerState.java:run(117)) - f4c54511-b161-4347-aec5-5236dc80a0d8@group-EFD1D20A002C-FollowerState was interrupted: java.lang.InterruptedException: sleep interrupted
2019-10-16 18:01:18,237 [grpc-default-executor-1] INFO  impl.RoleInfo (RoleInfo.java:updateAndGet(143)) - f4c54511-b161-4347-aec5-5236dc80a0d8: start FollowerState
2019-10-16 18:01:18,237 [Thread-2182] INFO  impl.FollowerState (FollowerState.java:run(117)) - 907b9765-214b-4864-b66a-d6e2a5789e5c@group-EFD1D20A002C-FollowerState was interrupted: java.lang.InterruptedException: sleep interrupted
2019-10-16 18:01:18,237 [grpc-default-executor-0] INFO  impl.RoleInfo (RoleInfo.java:updateAndGet(143)) - 907b9765-214b-4864-b66a-d6e2a5789e5c: start FollowerState
2019-10-16 18:01:18,261 [bf55b3f9-6b09-4365-9d71-55289e083fa5@group-EFD1D20A002C-LeaderElection309] INFO  impl.LeaderElection (LeaderElection.java:logAndReturn(56)) - bf55b3f9-6b09-4365-9d71-55289e083fa5@group-EFD1D20A002C-LeaderElection309: Election REJECTED; received 2 response(s) [bf55b3f9-6b09-4365-9d71-55289e083fa5<-f4c54511-b161-4347-aec5-5236dc80a0d8#0:FAIL-t358, bf55b3f9-6b09-4365-9d71-55289e083fa5<-907b9765-214b-4864-b66a-d6e2a5789e5c#0:FAIL-t358] and 0 exception(s); bf55b3f9-6b09-4365-9d71-55289e083fa5@group-EFD1D20A002C:t358, leader=null, voted=bf55b3f9-6b09-4365-9d71-55289e083fa5, raftlog=bf55b3f9-6b09-4365-9d71-55289e083fa5@group-EFD1D20A002C-SegmentedRaftLog:OPENED:c-1,f-1,i0, conf=-1: [f4c54511-b161-4347-aec5-5236dc80a0d8:0.0.0.0:41238, 907b9765-214b-4864-b66a-d6e2a5789e5c:0.0.0.0:41650, bf55b3f9-6b09-4365-9d71-55289e083fa5:0.0.0.0:42441], old=null
2019-10-16 18:01:18,261 [bf55b3f9-6b09-4365-9d71-55289e083fa5@group-EFD1D20A002C-LeaderElection309] INFO  impl.RaftServerImpl (RaftServerImpl.java:setRole(184)) - bf55b3f9-6b09-4365-9d71-55289e083fa5@group-EFD1D20A002C: changes role from CANDIDATE to FOLLOWER at term 358 for DISCOVERED_A_NEW_TERM
2019-10-16 18:01:18,261 [bf55b3f9-6b09-4365-9d71-55289e083fa5@group-EFD1D20A002C-LeaderElection309] INFO  impl.RoleInfo (RoleInfo.java:shutdownLeaderElection(134)) - bf55b3f9-6b09-4365-9d71-55289e083fa5: shutdown LeaderElection
2019-10-16 18:01:18,261 [bf55b3f9-6b09-4365-9d71-55289e083fa5@group-EFD1D20A002C-LeaderElection309] INFO  impl.RoleInfo (RoleInfo.java:updateAndGet(143)) - bf55b3f9-6b09-4365-9d71-55289e083fa5: start FollowerState
2019-10-16 18:01:18,304 [Thread-2191] INFO  impl.FollowerState (FollowerState.java:run(108)) - bf55b3f9-6b09-4365-9d71-55289e083fa5@group-EFD1D20A002C-FollowerState: change to CANDIDATE, lastRpcTime:43ms, electionTimeout:43ms
2019-10-16 18:01:18,304 [Thread-2191] INFO  impl.RoleInfo (RoleInfo.java:shutdownFollowerState(121)) - bf55b3f9-6b09-4365-9d71-55289e083fa5: shutdown FollowerState
2019-10-16 18:01:18,305 [Thread-2191] INFO  impl.RaftServerImpl (RaftServerImpl.java:setRole(184)) - bf55b3f9-6b09-4365-9d71-55289e083fa5@group-EFD1D20A002C: changes role from  FOLLOWER to CANDIDATE at term 358 for changeToCandidate
2019-10-16 18:01:18,305 [Thread-2191] INFO  impl.RoleInfo (RoleInfo.java:updateAndGet(143)) - bf55b3f9-6b09-4365-9d71-55289e083fa5: start LeaderElection
2019-10-16 18:01:18,320 [bf55b3f9-6b09-4365-9d71-55289e083fa5@group-EFD1D20A002C-LeaderElection310] INFO  impl.LeaderElection (LeaderElection.java:askForVotes(178)) - bf55b3f9-6b09-4365-9d71-55289e083fa5@group-EFD1D20A002C-LeaderElection310: begin an election at term 359 for -1: [f4c54511-b161-4347-aec5-5236dc80a0d8:0.0.0.0:41238, 907b9765-214b-4864-b66a-d6e2a5789e5c:0.0.0.0:41650, bf55b3f9-6b09-4365-9d71-55289e083fa5:0.0.0.0:42441], old=null
2019-10-16 18:01:18,321 [grpc-default-executor-0] INFO  impl.RaftServerImpl (RaftServerImpl.java:setRole(184)) - 907b9765-214b-4864-b66a-d6e2a5789e5c@group-EFD1D20A002C: changes role from  FOLLOWER to FOLLOWER at term 359 for recognizeCandidate:bf55b3f9-6b09-4365-9d71-55289e083fa5
2019-10-16 18:01:18,321 [grpc-default-executor-0] INFO  impl.RoleInfo (RoleInfo.java:shutdownFollowerState(121)) - 907b9765-214b-4864-b66a-d6e2a5789e5c: shutdown FollowerState
2019-10-16 18:01:18,321 [grpc-default-executor-0] INFO  impl.RoleInfo (RoleInfo.java:updateAndGet(143)) - 907b9765-214b-4864-b66a-d6e2a5789e5c: start FollowerState
2019-10-16 18:01:18,321 [grpc-default-executor-1] INFO  impl.RaftServerImpl (RaftServerImpl.java:setRole(184)) - f4c54511-b161-4347-aec5-5236dc80a0d8@group-EFD1D20A002C: changes role from  FOLLOWER to FOLLOWER at term 359 for recognizeCandidate:bf55b3f9-6b09-4365-9d71-55289e083fa5
2019-10-16 18:01:18,321 [Thread-2190] INFO  impl.FollowerState (FollowerState.java:run(117)) - 907b9765-214b-4864-b66a-d6e2a5789e5c@group-EFD1D20A002C-FollowerState was interrupted: java.lang.InterruptedException: sleep interrupted
2019-10-16 18:01:18,321 [grpc-default-executor-1] INFO  impl.RoleInfo (RoleInfo.java:shutdownFollowerState(121)) - f4c54511-b161-4347-aec5-5236dc80a0d8: shutdown FollowerState
2019-10-16 18:01:18,321 [grpc-default-executor-1] INFO  impl.RoleInfo (RoleInfo.java:updateAndGet(143)) - f4c54511-b161-4347-aec5-5236dc80a0d8: start FollowerState
2019-10-16 18:01:18,321 [Thread-2189] INFO  impl.FollowerState (FollowerState.java:run(117)) - f4c54511-b161-4347-aec5-5236dc80a0d8@group-EFD1D20A002C-FollowerState was interrupted: java.lang.InterruptedException: sleep interrupted
2019-10-16 18:01:18,346 [bf55b3f9-6b09-4365-9d71-55289e083fa5@group-EFD1D20A002C-LeaderElection310] INFO  impl.LeaderElection (LeaderElection.java:logAndReturn(56)) - bf55b3f9-6b09-4365-9d71-55289e083fa5@group-EFD1D20A002C-LeaderElection310: Election REJECTED; received 2 response(s) [bf55b3f9-6b09-4365-9d71-55289e083fa5<-f4c54511-b161-4347-aec5-5236dc80a0d8#0:FAIL-t359, bf55b3f9-6b09-4365-9d71-55289e083fa5<-907b9765-214b-4864-b66a-d6e2a5789e5c#0:FAIL-t359] and 0 exception(s); bf55b3f9-6b09-4365-9d71-55289e083fa5@group-EFD1D20A002C:t359, leader=null, voted=bf55b3f9-6b09-4365-9d71-55289e083fa5, raftlog=bf55b3f9-6b09-4365-9d71-55289e083fa5@group-EFD1D20A002C-SegmentedRaftLog:OPENED:c-1,f-1,i0, conf=-1: [f4c54511-b161-4347-aec5-5236dc80a0d8:0.0.0.0:41238, 907b9765-214b-4864-b66a-d6e2a5789e5c:0.0.0.0:41650, bf55b3f9-6b09-4365-9d71-55289e083fa5:0.0.0.0:42441], old=null
2019-10-16 18:01:18,346 [bf55b3f9-6b09-4365-9d71-55289e083fa5@group-EFD1D20A002C-LeaderElection310] INFO  impl.RaftServerImpl (RaftServerImpl.java:setRole(184)) - bf55b3f9-6b09-4365-9d71-55289e083fa5@group-EFD1D20A002C: changes role from CANDIDATE to FOLLOWER at term 359 for DISCOVERED_A_NEW_TERM
2019-10-16 18:01:18,346 [bf55b3f9-6b09-4365-9d71-55289e083fa5@group-EFD1D20A002C-LeaderElection310] INFO  impl.RoleInfo (RoleInfo.java:shutdownLeaderElection(134)) - bf55b3f9-6b09-4365-9d71-55289e083fa5: shutdown LeaderElection
2019-10-16 18:01:18,346 [bf55b3f9-6b09-4365-9d71-55289e083fa5@group-EFD1D20A002C-LeaderElection310] INFO  impl.RoleInfo (RoleInfo.java:updateAndGet(143)) - bf55b3f9-6b09-4365-9d71-55289e083fa5: start FollowerState
2019-10-16 18:01:18,540 [Thread-2197] INFO  impl.FollowerState (FollowerState.java:run(108)) - bf55b3f9-6b09-4365-9d71-55289e083fa5@group-EFD1D20A002C-FollowerState: change to CANDIDATE, lastRpcTime:194ms, electionTimeout:194ms
2019-10-16 18:01:18,541 [Thread-2197] INFO  impl.RoleInfo (RoleInfo.java:shutdownFollowerState(121)) - bf55b3f9-6b09-4365-9d71-55289e083fa5: shutdown FollowerState
2019-10-16 18:01:18,541 [Thread-2197] INFO  impl.RaftServerImpl (RaftServerImpl.java:setRole(184)) - bf55b3f9-6b09-4365-9d71-55289e083fa5@group-EFD1D20A002C: changes role from  FOLLOWER to CANDIDATE at term 359 for changeToCandidate
2019-10-16 18:01:18,541 [Thread-2197] INFO  impl.RoleInfo (RoleInfo.java:updateAndGet(143)) - bf55b3f9-6b09-4365-9d71-55289e083fa5: start LeaderElection
2019-10-16 18:01:18,563 [bf55b3f9-6b09-4365-9d71-55289e083fa5@group-EFD1D20A002C-LeaderElection311] INFO  impl.LeaderElection (LeaderElection.java:askForVotes(178)) - bf55b3f9-6b09-4365-9d71-55289e083fa5@group-EFD1D20A002C-LeaderElection311: begin an election at term 360 for -1: [f4c54511-b161-4347-aec5-5236dc80a0d8:0.0.0.0:41238, 907b9765-214b-4864-b66a-d6e2a5789e5c:0.0.0.0:41650, bf55b3f9-6b09-4365-9d71-55289e083fa5:0.0.0.0:42441], old=null
2019-10-16 18:01:18,564 [grpc-default-executor-1] INFO  impl.RaftServerImpl (RaftServerImpl.java:setRole(184)) - 907b9765-214b-4864-b66a-d6e2a5789e5c@group-EFD1D20A002C: changes role from  FOLLOWER to FOLLOWER at term 360 for recognizeCandidate:bf55b3f9-6b09-4365-9d71-55289e083fa5
2019-10-16 18:01:18,564 [grpc-default-executor-1] INFO  impl.RoleInfo (RoleInfo.java:shutdownFollowerState(121)) - 907b9765-214b-4864-b66a-d6e2a5789e5c: shutdown FollowerState
2019-10-16 18:01:18,565 [grpc-default-executor-0] INFO  impl.RaftServerImpl (RaftServerImpl.java:setRole(184)) - f4c54511-b161-4347-aec5-5236dc80a0d8@group-EFD1D20A002C: changes role from  FOLLOWER to FOLLOWER at term 360 for recognizeCandidate:bf55b3f9-6b09-4365-9d71-55289e083fa5
2019-10-16 18:01:18,565 [Thread-2195] INFO  impl.FollowerState (FollowerState.java:run(117)) - 907b9765-214b-4864-b66a-d6e2a5789e5c@group-EFD1D20A002C-FollowerState was interrupted: java.lang.InterruptedException: sleep interrupted
2019-10-16 18:01:18,565 [grpc-default-executor-1] INFO  impl.RoleInfo (RoleInfo.java:updateAndGet(143)) - 907b9765-214b-4864-b66a-d6e2a5789e5c: start FollowerState
2019-10-16 18:01:18,565 [grpc-default-executor-0] INFO  impl.RoleInfo (RoleInfo.java:shutdownFollowerState(121)) - f4c54511-b161-4347-aec5-5236dc80a0d8: shutdown FollowerState
2019-10-16 18:01:18,565 [grpc-default-executor-0] INFO  impl.RoleInfo (RoleInfo.java:updateAndGet(143)) - f4c54511-b161-4347-aec5-5236dc80a0d8: start FollowerState
2019-10-16 18:01:18,565 [Thread-2196] INFO  impl.FollowerState (FollowerState.java:run(117)) - f4c54511-b161-4347-aec5-5236dc80a0d8@group-EFD1D20A002C-FollowerState was interrupted: java.lang.InterruptedException: sleep interrupted
2019-10-16 18:01:18,589 [bf55b3f9-6b09-4365-9d71-55289e083fa5@group-EFD1D20A002C-LeaderElection311] INFO  impl.LeaderElection (LeaderElection.java:logAndReturn(56)) - bf55b3f9-6b09-4365-9d71-55289e083fa5@group-EFD1D20A002C-LeaderElection311: Election REJECTED; received 2 response(s) [bf55b3f9-6b09-4365-9d71-55289e083fa5<-f4c54511-b161-4347-aec5-5236dc80a0d8#0:FAIL-t360, bf55b3f9-6b09-4365-9d71-55289e083fa5<-907b9765-214b-4864-b66a-d6e2a5789e5c#0:FAIL-t360] and 0 exception(s); bf55b3f9-6b09-4365-9d71-55289e083fa5@group-EFD1D20A002C:t360, leader=null, voted=bf55b3f9-6b09-4365-9d71-55289e083fa5, raftlog=bf55b3f9-6b09-4365-9d71-55289e083fa5@group-EFD1D20A002C-SegmentedRaftLog:OPENED:c-1,f-1,i0, conf=-1: [f4c54511-b161-4347-aec5-5236dc80a0d8:0.0.0.0:41238, 907b9765-214b-4864-b66a-d6e2a5789e5c:0.0.0.0:41650, bf55b3f9-6b09-4365-9d71-55289e083fa5:0.0.0.0:42441], old=null
2019-10-16 18:01:18,589 [bf55b3f9-6b09-4365-9d71-55289e083fa5@group-EFD1D20A002C-LeaderElection311] INFO  impl.RaftServerImpl (RaftServerImpl.java:setRole(184)) - bf55b3f9-6b09-4365-9d71-55289e083fa5@group-EFD1D20A002C: changes role from CANDIDATE to FOLLOWER at term 360 for DISCOVERED_A_NEW_TERM
2019-10-16 18:01:18,589 [bf55b3f9-6b09-4365-9d71-55289e083fa5@group-EFD1D20A002C-LeaderElection311] INFO  impl.RoleInfo (RoleInfo.java:shutdownLeaderElection(134)) - bf55b3f9-6b09-4365-9d71-55289e083fa5: shutdown LeaderElection
2019-10-16 18:01:18,589 [bf55b3f9-6b09-4365-9d71-55289e083fa5@group-EFD1D20A002C-LeaderElection311] INFO  impl.RoleInfo (RoleInfo.java:updateAndGet(143)) - bf55b3f9-6b09-4365-9d71-55289e083fa5: start FollowerState
2019-10-16 18:01:18,757 [Thread-2203] INFO  impl.FollowerState (FollowerState.java:run(108)) - bf55b3f9-6b09-4365-9d71-55289e083fa5@group-EFD1D20A002C-FollowerState: change to CANDIDATE, lastRpcTime:167ms, electionTimeout:167ms
2019-10-16 18:01:18,757 [Thread-2203] INFO  impl.RoleInfo (RoleInfo.java:shutdownFollowerState(121)) - bf55b3f9-6b09-4365-9d71-55289e083fa5: shutdown FollowerState
2019-10-16 18:01:18,757 [Thread-2203] INFO  impl.RaftServerImpl (RaftServerImpl.java:setRole(184)) - bf55b3f9-6b09-4365-9d71-55289e083fa5@group-EFD1D20A002C: changes role from  FOLLOWER to CANDIDATE at term 360 for changeToCandidate
2019-10-16 18:01:18,757 [Thread-2203] INFO  impl.RoleInfo (RoleInfo.java:updateAndGet(143)) - bf55b3f9-6b09-4365-9d71-55289e083fa5: start LeaderElection
2019-10-16 18:01:18,783 [bf55b3f9-6b09-4365-9d71-55289e083fa5@group-EFD1D20A002C-LeaderElection312] INFO  impl.LeaderElection (LeaderElection.java:askForVotes(178)) - bf55b3f9-6b09-4365-9d71-55289e083fa5@group-EFD1D20A002C-LeaderElection312: begin an election at term 361 for -1: [f4c54511-b161-4347-aec5-5236dc80a0d8:0.0.0.0:41238, 907b9765-214b-4864-b66a-d6e2a5789e5c:0.0.0.0:41650, bf55b3f9-6b09-4365-9d71-55289e083fa5:0.0.0.0:42441], old=null
2019-10-16 18:01:18,785 [grpc-default-executor-1] INFO  impl.RaftServerImpl (RaftServerImpl.java:setRole(184)) - 907b9765-214b-4864-b66a-d6e2a5789e5c@group-EFD1D20A002C: changes role from  FOLLOWER to FOLLOWER at term 361 for recognizeCandidate:bf55b3f9-6b09-4365-9d71-55289e083fa5
2019-10-16 18:01:18,785 [grpc-default-executor-1] INFO  impl.RoleInfo (RoleInfo.java:shutdownFollowerState(121)) - 907b9765-214b-4864-b66a-d6e2a5789e5c: shutdown FollowerState
2019-10-16 18:01:18,785 [grpc-default-executor-0] INFO  impl.RaftServerImpl (RaftServerImpl.java:setRole(184)) - f4c54511-b161-4347-aec5-5236dc80a0d8@group-EFD1D20A002C: changes role from  FOLLOWER to FOLLOWER at term 361 for recognizeCandidate:bf55b3f9-6b09-4365-9d71-55289e083fa5
2019-10-16 18:01:18,785 [Thread-2201] INFO  impl.FollowerState (FollowerState.java:run(117)) - 907b9765-214b-4864-b66a-d6e2a5789e5c@group-EFD1D20A002C-FollowerState was interrupted: java.lang.InterruptedException: sleep interrupted
2019-10-16 18:01:18,785 [grpc-default-executor-1] INFO  impl.RoleInfo (RoleInfo.java:updateAndGet(143)) - 907b9765-214b-4864-b66a-d6e2a5789e5c: start FollowerState
2019-10-16 18:01:18,785 [grpc-default-executor-0] INFO  impl.RoleInfo (RoleInfo.java:shutdownFollowerState(121)) - f4c54511-b161-4347-aec5-5236dc80a0d8: shutdown FollowerState
2019-10-16 18:01:18,786 [grpc-default-executor-0] INFO  impl.RoleInfo (RoleInfo.java:updateAndGet(143)) - f4c54511-b161-4347-aec5-5236dc80a0d8: start FollowerState
2019-10-16 18:01:18,786 [Thread-2202] INFO  impl.FollowerState (FollowerState.java:run(117)) - f4c54511-b161-4347-aec5-5236dc80a0d8@group-EFD1D20A002C-FollowerState was interrupted: java.lang.InterruptedException: sleep interrupted
2019-10-16 18:01:18,809 [bf55b3f9-6b09-4365-9d71-55289e083fa5@group-EFD1D20A002C-LeaderElection312] INFO  impl.LeaderElection (LeaderElection.java:logAndReturn(56)) - bf55b3f9-6b09-4365-9d71-55289e083fa5@group-EFD1D20A002C-LeaderElection312: Election REJECTED; received 2 response(s) [bf55b3f9-6b09-4365-9d71-55289e083fa5<-f4c54511-b161-4347-aec5-5236dc80a0d8#0:FAIL-t361, bf55b3f9-6b09-4365-9d71-55289e083fa5<-907b9765-214b-4864-b66a-d6e2a5789e5c#0:FAIL-t361] and 0 exception(s); bf55b3f9-6b09-4365-9d71-55289e083fa5@group-EFD1D20A002C:t361, leader=null, voted=bf55b3f9-6b09-4365-9d71-55289e083fa5, raftlog=bf55b3f9-6b09-4365-9d71-55289e083fa5@group-EFD1D20A002C-SegmentedRaftLog:OPENED:c-1,f-1,i0, conf=-1: [f4c54511-b161-4347-aec5-5236dc80a0d8:0.0.0.0:41238, 907b9765-214b-4864-b66a-d6e2a5789e5c:0.0.0.0:41650, bf55b3f9-6b09-4365-9d71-55289e083fa5:0.0.0.0:42441], old=null
2019-10-16 18:01:18,809 [bf55b3f9-6b09-4365-9d71-55289e083fa5@group-EFD1D20A002C-LeaderElection312] INFO  impl.RaftServerImpl (RaftServerImpl.java:setRole(184)) - bf55b3f9-6b09-4365-9d71-55289e083fa5@group-EFD1D20A002C: changes role from CANDIDATE to FOLLOWER at term 361 for DISCOVERED_A_NEW_TERM
2019-10-16 18:01:18,810 [bf55b3f9-6b09-4365-9d71-55289e083fa5@group-EFD1D20A002C-LeaderElection312] INFO  impl.RoleInfo (RoleInfo.java:shutdownLeaderElection(134)) - bf55b3f9-6b09-4365-9d71-55289e083fa5: shutdown LeaderElection
2019-10-16 18:01:18,810 [bf55b3f9-6b09-4365-9d71-55289e083fa5@group-EFD1D20A002C-LeaderElection312] INFO  impl.RoleInfo (RoleInfo.java:updateAndGet(143)) - bf55b3f9-6b09-4365-9d71-55289e083fa5: start FollowerState
2019-10-16 18:01:18,870 [Thread-2209] INFO  impl.FollowerState (FollowerState.java:run(108)) - bf55b3f9-6b09-4365-9d71-55289e083fa5@group-EFD1D20A002C-FollowerState: change to CANDIDATE, lastRpcTime:60ms, electionTimeout:60ms
2019-10-16 18:01:18,870 [Thread-2209] INFO  impl.RoleInfo (RoleInfo.java:shutdownFollowerState(121)) - bf55b3f9-6b09-4365-9d71-55289e083fa5: shutdown FollowerState
2019-10-16 18:01:18,870 [Thread-2209] INFO  impl.RaftServerImpl (RaftServerImpl.java:setRole(184)) - bf55b3f9-6b09-4365-9d71-55289e083fa5@group-EFD1D20A002C: changes role from  FOLLOWER to CANDIDATE at term 361 for changeToCandidate
2019-10-16 18:01:18,870 [Thread-2209] INFO  impl.RoleInfo (RoleInfo.java:updateAndGet(143)) - bf55b3f9-6b09-4365-9d71-55289e083fa5: start LeaderElection
2019-10-16 18:01:18,901 [bf55b3f9-6b09-4365-9d71-55289e083fa5@group-EFD1D20A002C-LeaderElection313] INFO  impl.LeaderElection (LeaderElection.java:askForVotes(178)) - bf55b3f9-6b09-4365-9d71-55289e083fa5@group-EFD1D20A002C-LeaderElection313: begin an election at term 362 for -1: [f4c54511-b161-4347-aec5-5236dc80a0d8:0.0.0.0:41238, 907b9765-214b-4864-b66a-d6e2a5789e5c:0.0.0.0:41650, bf55b3f9-6b09-4365-9d71-55289e083fa5:0.0.0.0:42441], old=null
2019-10-16 18:01:18,902 [grpc-default-executor-1] INFO  impl.RaftServerImpl (RaftServerImpl.java:setRole(184)) - f4c54511-b161-4347-aec5-5236dc80a0d8@group-EFD1D20A002C: changes role from  FOLLOWER to FOLLOWER at term 362 for recognizeCandidate:bf55b3f9-6b09-4365-9d71-55289e083fa5
2019-10-16 18:01:18,902 [grpc-default-executor-0] INFO  impl.RaftServerImpl (RaftServerImpl.java:setRole(184)) - 907b9765-214b-4864-b66a-d6e2a5789e5c@group-EFD1D20A002C: changes role from  FOLLOWER to FOLLOWER at term 362 for recognizeCandidate:bf55b3f9-6b09-4365-9d71-55289e083fa5
2019-10-16 18:01:18,902 [grpc-default-executor-1] INFO  impl.RoleInfo (RoleInfo.java:shutdownFollowerState(121)) - f4c54511-b161-4347-aec5-5236dc80a0d8: shutdown FollowerState
2019-10-16 18:01:18,902 [grpc-default-executor-0] INFO  impl.RoleInfo (RoleInfo.java:shutdownFollowerState(121)) - 907b9765-214b-4864-b66a-d6e2a5789e5c: shutdown FollowerState
2019-10-16 18:01:18,903 [Thread-2208] INFO  impl.FollowerState (FollowerState.java:run(117)) - f4c54511-b161-4347-aec5-5236dc80a0d8@group-EFD1D20A002C-FollowerState was interrupted: java.lang.InterruptedException: sleep interrupted
2019-10-16 18:01:18,903 [grpc-default-executor-1] INFO  impl.RoleInfo (RoleInfo.java:updateAndGet(143)) - f4c54511-b161-4347-aec5-5236dc80a0d8: start FollowerState
2019-10-16 18:01:18,903 [Thread-2207] INFO  impl.FollowerState (FollowerState.java:run(117)) - 907b9765-214b-4864-b66a-d6e2a5789e5c@group-EFD1D20A002C-FollowerState was interrupted: java.lang.InterruptedException: sleep interrupted
2019-10-16 18:01:18,903 [grpc-default-executor-0] INFO  impl.RoleInfo (RoleInfo.java:updateAndGet(143)) - 907b9765-214b-4864-b66a-d6e2a5789e5c: start FollowerState
2019-10-16 18:01:18,927 [bf55b3f9-6b09-4365-9d71-55289e083fa5@group-EFD1D20A002C-LeaderElection313] INFO  impl.LeaderElection (LeaderElection.java:logAndReturn(56)) - bf55b3f9-6b09-4365-9d71-55289e083fa5@group-EFD1D20A002C-LeaderElection313: Election REJECTED; received 2 response(s) [bf55b3f9-6b09-4365-9d71-55289e083fa5<-f4c54511-b161-4347-aec5-5236dc80a0d8#0:FAIL-t362, bf55b3f9-6b09-4365-9d71-55289e083fa5<-907b9765-214b-4864-b66a-d6e2a5789e5c#0:FAIL-t362] and 0 exception(s); bf55b3f9-6b09-4365-9d71-55289e083fa5@group-EFD1D20A002C:t362, leader=null, voted=bf55b3f9-6b09-4365-9d71-55289e083fa5, raftlog=bf55b3f9-6b09-4365-9d71-55289e083fa5@group-EFD1D20A002C-SegmentedRaftLog:OPENED:c-1,f-1,i0, conf=-1: [f4c54511-b161-4347-aec5-5236dc80a0d8:0.0.0.0:41238, 907b9765-214b-4864-b66a-d6e2a5789e5c:0.0.0.0:41650, bf55b3f9-6b09-4365-9d71-55289e083fa5:0.0.0.0:42441], old=null
2019-10-16 18:01:18,927 [bf55b3f9-6b09-4365-9d71-55289e083fa5@group-EFD1D20A002C-LeaderElection313] INFO  impl.RaftServerImpl (RaftServerImpl.java:setRole(184)) - bf55b3f9-6b09-4365-9d71-55289e083fa5@group-EFD1D20A002C: changes role from CANDIDATE to FOLLOWER at term 362 for DISCOVERED_A_NEW_TERM
2019-10-16 18:01:18,927 [bf55b3f9-6b09-4365-9d71-55289e083fa5@group-EFD1D20A002C-LeaderElection313] INFO  impl.RoleInfo (RoleInfo.java:shutdownLeaderElection(134)) - bf55b3f9-6b09-4365-9d71-55289e083fa5: shutdown LeaderElection
2019-10-16 18:01:18,927 [bf55b3f9-6b09-4365-9d71-55289e083fa5@group-EFD1D20A002C-LeaderElection313] INFO  impl.RoleInfo (RoleInfo.java:updateAndGet(143)) - bf55b3f9-6b09-4365-9d71-55289e083fa5: start FollowerState
2019-10-16 18:01:19,071 [Thread-2215] INFO  impl.FollowerState (FollowerState.java:run(108)) - bf55b3f9-6b09-4365-9d71-55289e083fa5@group-EFD1D20A002C-FollowerState: change to CANDIDATE, lastRpcTime:143ms, electionTimeout:143ms
2019-10-16 18:01:19,071 [Thread-2215] INFO  impl.RoleInfo (RoleInfo.java:shutdownFollowerState(121)) - bf55b3f9-6b09-4365-9d71-55289e083fa5: shutdown FollowerState
2019-10-16 18:01:19,071 [Thread-2215] INFO  impl.RaftServerImpl (RaftServerImpl.java:setRole(184)) - bf55b3f9-6b09-4365-9d71-55289e083fa5@group-EFD1D20A002C: changes role from  FOLLOWER to CANDIDATE at term 362 for changeToCandidate
2019-10-16 18:01:19,071 [Thread-2215] INFO  impl.RoleInfo (RoleInfo.java:updateAndGet(143)) - bf55b3f9-6b09-4365-9d71-55289e083fa5: start LeaderElection
2019-10-16 18:01:19,094 [bf55b3f9-6b09-4365-9d71-55289e083fa5@group-EFD1D20A002C-LeaderElection314] INFO  impl.LeaderElection (LeaderElection.java:askForVotes(178)) - bf55b3f9-6b09-4365-9d71-55289e083fa5@group-EFD1D20A002C-LeaderElection314: begin an election at term 363 for -1: [f4c54511-b161-4347-aec5-5236dc80a0d8:0.0.0.0:41238, 907b9765-214b-4864-b66a-d6e2a5789e5c:0.0.0.0:41650, bf55b3f9-6b09-4365-9d71-55289e083fa5:0.0.0.0:42441], old=null
2019-10-16 18:01:19,095 [grpc-default-executor-1] INFO  impl.RaftServerImpl (RaftServerImpl.java:setRole(184)) - f4c54511-b161-4347-aec5-5236dc80a0d8@group-EFD1D20A002C: changes role from  FOLLOWER to FOLLOWER at term 363 for recognizeCandidate:bf55b3f9-6b09-4365-9d71-55289e083fa5
2019-10-16 18:01:19,095 [grpc-default-executor-1] INFO  impl.RoleInfo (RoleInfo.java:shutdownFollowerState(121)) - f4c54511-b161-4347-aec5-5236dc80a0d8: shutdown FollowerState
2019-10-16 18:01:19,095 [grpc-default-executor-0] INFO  impl.RaftServerImpl (RaftServerImpl.java:setRole(184)) - 907b9765-214b-4864-b66a-d6e2a5789e5c@group-EFD1D20A002C: changes role from  FOLLOWER to FOLLOWER at term 363 for recognizeCandidate:bf55b3f9-6b09-4365-9d71-55289e083fa5
2019-10-16 18:01:19,096 [grpc-default-executor-0] INFO  impl.RoleInfo (RoleInfo.java:shutdownFollowerState(121)) - 907b9765-214b-4864-b66a-d6e2a5789e5c: shutdown FollowerState
2019-10-16 18:01:19,095 [Thread-2213] INFO  impl.FollowerState (FollowerState.java:run(117)) - f4c54511-b161-4347-aec5-5236dc80a0d8@group-EFD1D20A002C-FollowerState was interrupted: java.lang.InterruptedException: sleep interrupted
2019-10-16 18:01:19,095 [grpc-default-executor-1] INFO  impl.RoleInfo (RoleInfo.java:updateAndGet(143)) - f4c54511-b161-4347-aec5-5236dc80a0d8: start FollowerState
2019-10-16 18:01:19,096 [grpc-default-executor-0] INFO  impl.RoleInfo (RoleInfo.java:updateAndGet(143)) - 907b9765-214b-4864-b66a-d6e2a5789e5c: start FollowerState
2019-10-16 18:01:19,096 [Thread-2214] INFO  impl.FollowerState (FollowerState.java:run(117)) - 907b9765-214b-4864-b66a-d6e2a5789e5c@group-EFD1D20A002C-FollowerState was interrupted: java.lang.InterruptedException: sleep interrupted
2019-10-16 18:01:19,104 [bf55b3f9-6b09-4365-9d71-55289e083fa5@group-EFD1D20A002C-LeaderElection314] INFO  impl.LeaderElection (LeaderElection.java:logAndReturn(56)) - bf55b3f9-6b09-4365-9d71-55289e083fa5@group-EFD1D20A002C-LeaderElection314: Election TIMEOUT; received 0 response(s) [] and 0 exception(s); bf55b3f9-6b09-4365-9d71-55289e083fa5@group-EFD1D20A002C:t363, leader=null, voted=bf55b3f9-6b09-4365-9d71-55289e083fa5, raftlog=bf55b3f9-6b09-4365-9d71-55289e083fa5@group-EFD1D20A002C-SegmentedRaftLog:OPENED:c-1,f-1,i0, conf=-1: [f4c54511-b161-4347-aec5-5236dc80a0d8:0.0.0.0:41238, 907b9765-214b-4864-b66a-d6e2a5789e5c:0.0.0.0:41650, bf55b3f9-6b09-4365-9d71-55289e083fa5:0.0.0.0:42441], old=null
2019-10-16 18:01:19,128 [bf55b3f9-6b09-4365-9d71-55289e083fa5@group-EFD1D20A002C-LeaderElection314] INFO  impl.LeaderElection (LeaderElection.java:askForVotes(178)) - bf55b3f9-6b09-4365-9d71-55289e083fa5@group-EFD1D20A002C-LeaderElection314: begin an election at term 364 for -1: [f4c54511-b161-4347-aec5-5236dc80a0d8:0.0.0.0:41238, 907b9765-214b-4864-b66a-d6e2a5789e5c:0.0.0.0:41650, bf55b3f9-6b09-4365-9d71-55289e083fa5:0.0.0.0:42441], old=null
2019-10-16 18:01:19,130 [grpc-default-executor-0] INFO  impl.RaftServerImpl (RaftServerImpl.java:setRole(184)) - f4c54511-b161-4347-aec5-5236dc80a0d8@group-EFD1D20A002C: changes role from  FOLLOWER to FOLLOWER at term 364 for recognizeCandidate:bf55b3f9-6b09-4365-9d71-55289e083fa5
2019-10-16 18:01:19,130 [grpc-default-executor-1] INFO  impl.RaftServerImpl (RaftServerImpl.java:setRole(184)) - 907b9765-214b-4864-b66a-d6e2a5789e5c@group-EFD1D20A002C: changes role from  FOLLOWER to FOLLOWER at term 364 for recognizeCandidate:bf55b3f9-6b09-4365-9d71-55289e083fa5
2019-10-16 18:01:19,130 [grpc-default-executor-0] INFO  impl.RoleInfo (RoleInfo.java:shutdownFollowerState(121)) - f4c54511-b161-4347-aec5-5236dc80a0d8: shutdown FollowerState
2019-10-16 18:01:19,130 [grpc-default-executor-1] INFO  impl.RoleInfo (RoleInfo.java:shutdownFollowerState(121)) - 907b9765-214b-4864-b66a-d6e2a5789e5c: shutdown FollowerState
2019-10-16 18:01:19,130 [Thread-2221] INFO  impl.FollowerState (FollowerState.java:run(117)) - f4c54511-b161-4347-aec5-5236dc80a0d8@group-EFD1D20A002C-FollowerState was interrupted: java.lang.InterruptedException: sleep interrupted
2019-10-16 18:01:19,130 [grpc-default-executor-0] INFO  impl.RoleInfo (RoleInfo.java:updateAndGet(143)) - f4c54511-b161-4347-aec5-5236dc80a0d8: start FollowerState
2019-10-16 18:01:19,130 [Thread-2222] INFO  impl.FollowerState (FollowerState.java:run(117)) - 907b9765-214b-4864-b66a-d6e2a5789e5c@group-EFD1D20A002C-FollowerState was interrupted: java.lang.InterruptedException: sleep interrupted
2019-10-16 18:01:19,130 [grpc-default-executor-1] INFO  impl.RoleInfo (RoleInfo.java:updateAndGet(143)) - 907b9765-214b-4864-b66a-d6e2a5789e5c: start FollowerState
2019-10-16 18:01:19,144 [bf55b3f9-6b09-4365-9d71-55289e083fa5@group-EFD1D20A002C-LeaderElection314] INFO  impl.LeaderElection (LeaderElection.java:logAndReturn(56)) - bf55b3f9-6b09-4365-9d71-55289e083fa5@group-EFD1D20A002C-LeaderElection314: Election REJECTED; received 2 response(s) [bf55b3f9-6b09-4365-9d71-55289e083fa5<-f4c54511-b161-4347-aec5-5236dc80a0d8#0:FAIL-t364, bf55b3f9-6b09-4365-9d71-55289e083fa5<-907b9765-214b-4864-b66a-d6e2a5789e5c#0:FAIL-t364] and 0 exception(s); bf55b3f9-6b09-4365-9d71-55289e083fa5@group-EFD1D20A002C:t364, leader=null, voted=bf55b3f9-6b09-4365-9d71-55289e083fa5, raftlog=bf55b3f9-6b09-4365-9d71-55289e083fa5@group-EFD1D20A002C-SegmentedRaftLog:OPENED:c-1,f-1,i0, conf=-1: [f4c54511-b161-4347-aec5-5236dc80a0d8:0.0.0.0:41238, 907b9765-214b-4864-b66a-d6e2a5789e5c:0.0.0.0:41650, bf55b3f9-6b09-4365-9d71-55289e083fa5:0.0.0.0:42441], old=null
2019-10-16 18:01:19,145 [bf55b3f9-6b09-4365-9d71-55289e083fa5@group-EFD1D20A002C-LeaderElection314] INFO  impl.RaftServerImpl (RaftServerImpl.java:setRole(184)) - bf55b3f9-6b09-4365-9d71-55289e083fa5@group-EFD1D20A002C: changes role from CANDIDATE to FOLLOWER at term 364 for DISCOVERED_A_NEW_TERM
2019-10-16 18:01:19,145 [bf55b3f9-6b09-4365-9d71-55289e083fa5@group-EFD1D20A002C-LeaderElection314] INFO  impl.RoleInfo (RoleInfo.java:shutdownLeaderElection(134)) - bf55b3f9-6b09-4365-9d71-55289e083fa5: shutdown LeaderElection
2019-10-16 18:01:19,145 [bf55b3f9-6b09-4365-9d71-55289e083fa5@group-EFD1D20A002C-LeaderElection314] INFO  impl.RoleInfo (RoleInfo.java:updateAndGet(143)) - bf55b3f9-6b09-4365-9d71-55289e083fa5: start FollowerState
2019-10-16 18:01:19,275 [Thread-2227] INFO  impl.FollowerState (FollowerState.java:run(108)) - bf55b3f9-6b09-4365-9d71-55289e083fa5@group-EFD1D20A002C-FollowerState: change to CANDIDATE, lastRpcTime:130ms, electionTimeout:130ms
2019-10-16 18:01:19,275 [Thread-2227] INFO  impl.RoleInfo (RoleInfo.java:shutdownFollowerState(121)) - bf55b3f9-6b09-4365-9d71-55289e083fa5: shutdown FollowerState
2019-10-16 18:01:19,275 [Thread-2227] INFO  impl.RaftServerImpl (RaftServerImpl.java:setRole(184)) - bf55b3f9-6b09-4365-9d71-55289e083fa5@group-EFD1D20A002C: changes role from  FOLLOWER to CANDIDATE at term 364 for changeToCandidate
2019-10-16 18:01:19,276 [Thread-2227] INFO  impl.RoleInfo (RoleInfo.java:updateAndGet(143)) - bf55b3f9-6b09-4365-9d71-55289e083fa5: start LeaderElection
2019-10-16 18:01:19,290 [bf55b3f9-6b09-4365-9d71-55289e083fa5@group-EFD1D20A002C-LeaderElection315] INFO  impl.LeaderElection (LeaderElection.java:askForVotes(178)) - bf55b3f9-6b09-4365-9d71-55289e083fa5@group-EFD1D20A002C-LeaderElection315: begin an election at term 365 for -1: [f4c54511-b161-4347-aec5-5236dc80a0d8:0.0.0.0:41238, 907b9765-214b-4864-b66a-d6e2a5789e5c:0.0.0.0:41650, bf55b3f9-6b09-4365-9d71-55289e083fa5:0.0.0.0:42441], old=null
2019-10-16 18:01:19,292 [grpc-default-executor-0] INFO  impl.RaftServerImpl (RaftServerImpl.java:setRole(184)) - 907b9765-214b-4864-b66a-d6e2a5789e5c@group-EFD1D20A002C: changes role from  FOLLOWER to FOLLOWER at term 365 for recognizeCandidate:bf55b3f9-6b09-4365-9d71-55289e083fa5
2019-10-16 18:01:19,292 [grpc-default-executor-1] INFO  impl.RaftServerImpl (RaftServerImpl.java:setRole(184)) - f4c54511-b161-4347-aec5-5236dc80a0d8@group-EFD1D20A002C: changes role from  FOLLOWER to FOLLOWER at term 365 for recognizeCandidate:bf55b3f9-6b09-4365-9d71-55289e083fa5
2019-10-16 18:01:19,292 [grpc-default-executor-0] INFO  impl.RoleInfo (RoleInfo.java:shutdownFollowerState(121)) - 907b9765-214b-4864-b66a-d6e2a5789e5c: shutdown FollowerState
2019-10-16 18:01:19,292 [grpc-default-executor-1] INFO  impl.RoleInfo (RoleInfo.java:shutdownFollowerState(121)) - f4c54511-b161-4347-aec5-5236dc80a0d8: shutdown FollowerState
2019-10-16 18:01:19,292 [Thread-2226] INFO  impl.FollowerState (FollowerState.java:run(117)) - 907b9765-214b-4864-b66a-d6e2a5789e5c@group-EFD1D20A002C-FollowerState was interrupted: java.lang.InterruptedException: sleep interrupted
2019-10-16 18:01:19,292 [grpc-default-executor-0] INFO  impl.RoleInfo (RoleInfo.java:updateAndGet(143)) - 907b9765-214b-4864-b66a-d6e2a5789e5c: start FollowerState
2019-10-16 18:01:19,293 [Thread-2225] INFO  impl.FollowerState (FollowerState.java:run(117)) - f4c54511-b161-4347-aec5-5236dc80a0d8@group-EFD1D20A002C-FollowerState was interrupted: java.lang.InterruptedException: sleep interrupted
2019-10-16 18:01:19,292 [grpc-default-executor-1] INFO  impl.RoleInfo (RoleInfo.java:updateAndGet(143)) - f4c54511-b161-4347-aec5-5236dc80a0d8: start FollowerState
2019-10-16 18:01:19,316 [bf55b3f9-6b09-4365-9d71-55289e083fa5@group-EFD1D20A002C-LeaderElection315] INFO  impl.LeaderElection (LeaderElection.java:logAndReturn(56)) - bf55b3f9-6b09-4365-9d71-55289e083fa5@group-EFD1D20A002C-LeaderElection315: Election REJECTED; received 2 response(s) [bf55b3f9-6b09-4365-9d71-55289e083fa5<-f4c54511-b161-4347-aec5-5236dc80a0d8#0:FAIL-t365, bf55b3f9-6b09-4365-9d71-55289e083fa5<-907b9765-214b-4864-b66a-d6e2a5789e5c#0:FAIL-t365] and 0 exception(s); bf55b3f9-6b09-4365-9d71-55289e083fa5@group-EFD1D20A002C:t365, leader=null, voted=bf55b3f9-6b09-4365-9d71-55289e083fa5, raftlog=bf55b3f9-6b09-4365-9d71-55289e083fa5@group-EFD1D20A002C-SegmentedRaftLog:OPENED:c-1,f-1,i0, conf=-1: [f4c54511-b161-4347-aec5-5236dc80a0d8:0.0.0.0:41238, 907b9765-214b-4864-b66a-d6e2a5789e5c:0.0.0.0:41650, bf55b3f9-6b09-4365-9d71-55289e083fa5:0.0.0.0:42441], old=null
2019-10-16 18:01:19,317 [bf55b3f9-6b09-4365-9d71-55289e083fa5@group-EFD1D20A002C-LeaderElection315] INFO  impl.RaftServerImpl (RaftServerImpl.java:setRole(184)) - bf55b3f9-6b09-4365-9d71-55289e083fa5@group-EFD1D20A002C: changes role from CANDIDATE to FOLLOWER at term 365 for DISCOVERED_A_NEW_TERM
2019-10-16 18:01:19,317 [bf55b3f9-6b09-4365-9d71-55289e083fa5@group-EFD1D20A002C-LeaderElection315] INFO  impl.RoleInfo (RoleInfo.java:shutdownLeaderElection(134)) - bf55b3f9-6b09-4365-9d71-55289e083fa5: shutdown LeaderElection
2019-10-16 18:01:19,317 [bf55b3f9-6b09-4365-9d71-55289e083fa5@group-EFD1D20A002C-LeaderElection315] INFO  impl.RoleInfo (RoleInfo.java:updateAndGet(143)) - bf55b3f9-6b09-4365-9d71-55289e083fa5: start FollowerState
2019-10-16 18:01:19,439 [Thread-2233] INFO  impl.FollowerState (FollowerState.java:run(108)) - bf55b3f9-6b09-4365-9d71-55289e083fa5@group-EFD1D20A002C-FollowerState: change to CANDIDATE, lastRpcTime:122ms, electionTimeout:122ms
2019-10-16 18:01:19,439 [Thread-2233] INFO  impl.RoleInfo (RoleInfo.java:shutdownFollowerState(121)) - bf55b3f9-6b09-4365-9d71-55289e083fa5: shutdown FollowerState
2019-10-16 18:01:19,440 [Thread-2233] INFO  impl.RaftServerImpl (RaftServerImpl.java:setRole(184)) - bf55b3f9-6b09-4365-9d71-55289e083fa5@group-EFD1D20A002C: changes role from  FOLLOWER to CANDIDATE at term 365 for changeToCandidate
2019-10-16 18:01:19,440 [Thread-2233] INFO  impl.RoleInfo (RoleInfo.java:updateAndGet(143)) - bf55b3f9-6b09-4365-9d71-55289e083fa5: start LeaderElection
2019-10-16 18:01:19,463 [bf55b3f9-6b09-4365-9d71-55289e083fa5@group-EFD1D20A002C-LeaderElection316] INFO  impl.LeaderElection (LeaderElection.java:askForVotes(178)) - bf55b3f9-6b09-4365-9d71-55289e083fa5@group-EFD1D20A002C-LeaderElection316: begin an election at term 366 for -1: [f4c54511-b161-4347-aec5-5236dc80a0d8:0.0.0.0:41238, 907b9765-214b-4864-b66a-d6e2a5789e5c:0.0.0.0:41650, bf55b3f9-6b09-4365-9d71-55289e083fa5:0.0.0.0:42441], old=null
2019-10-16 18:01:19,465 [grpc-default-executor-1] INFO  impl.RaftServerImpl (RaftServerImpl.java:setRole(184)) - f4c54511-b161-4347-aec5-5236dc80a0d8@group-EFD1D20A002C: changes role from  FOLLOWER to FOLLOWER at term 366 for recognizeCandidate:bf55b3f9-6b09-4365-9d71-55289e083fa5
2019-10-16 18:01:19,465 [grpc-default-executor-1] INFO  impl.RoleInfo (RoleInfo.java:shutdownFollowerState(121)) - f4c54511-b161-4347-aec5-5236dc80a0d8: shutdown FollowerState
2019-10-16 18:01:19,465 [grpc-default-executor-0] INFO  impl.RaftServerImpl (RaftServerImpl.java:setRole(184)) - 907b9765-214b-4864-b66a-d6e2a5789e5c@group-EFD1D20A002C: changes role from  FOLLOWER to FOLLOWER at term 366 for recognizeCandidate:bf55b3f9-6b09-4365-9d71-55289e083fa5
2019-10-16 18:01:19,465 [grpc-default-executor-0] INFO  impl.RoleInfo (RoleInfo.java:shutdownFollowerState(121)) - 907b9765-214b-4864-b66a-d6e2a5789e5c: shutdown FollowerState
2019-10-16 18:01:19,465 [Thread-2232] INFO  impl.FollowerState (FollowerState.java:run(117)) - f4c54511-b161-4347-aec5-5236dc80a0d8@group-EFD1D20A002C-FollowerState was interrupted: java.lang.InterruptedException: sleep interrupted
2019-10-16 18:01:19,465 [grpc-default-executor-1] INFO  impl.RoleInfo (RoleInfo.java:updateAndGet(143)) - f4c54511-b161-4347-aec5-5236dc80a0d8: start FollowerState
2019-10-16 18:01:19,465 [grpc-default-executor-0] INFO  impl.RoleInfo (RoleInfo.java:updateAndGet(143)) - 907b9765-214b-4864-b66a-d6e2a5789e5c: start FollowerState
2019-10-16 18:01:19,465 [Thread-2231] INFO  impl.FollowerState (FollowerState.java:run(117)) - 907b9765-214b-4864-b66a-d6e2a5789e5c@group-EFD1D20A002C-FollowerState was interrupted: java.lang.InterruptedException: sleep interrupted
2019-10-16 18:01:19,489 [bf55b3f9-6b09-4365-9d71-55289e083fa5@group-EFD1D20A002C-LeaderElection316] INFO  impl.LeaderElection (LeaderElection.java:logAndReturn(56)) - bf55b3f9-6b09-4365-9d71-55289e083fa5@group-EFD1D20A002C-LeaderElection316: Election REJECTED; received 2 response(s) [bf55b3f9-6b09-4365-9d71-55289e083fa5<-f4c54511-b161-4347-aec5-5236dc80a0d8#0:FAIL-t366, bf55b3f9-6b09-4365-9d71-55289e083fa5<-907b9765-214b-4864-b66a-d6e2a5789e5c#0:FAIL-t366] and 0 exception(s); bf55b3f9-6b09-4365-9d71-55289e083fa5@group-EFD1D20A002C:t366, leader=null, voted=bf55b3f9-6b09-4365-9d71-55289e083fa5, raftlog=bf55b3f9-6b09-4365-9d71-55289e083fa5@group-EFD1D20A002C-SegmentedRaftLog:OPENED:c-1,f-1,i0, conf=-1: [f4c54511-b161-4347-aec5-5236dc80a0d8:0.0.0.0:41238, 907b9765-214b-4864-b66a-d6e2a5789e5c:0.0.0.0:41650, bf55b3f9-6b09-4365-9d71-55289e083fa5:0.0.0.0:42441], old=null
2019-10-16 18:01:19,489 [bf55b3f9-6b09-4365-9d71-55289e083fa5@group-EFD1D20A002C-LeaderElection316] INFO  impl.RaftServerImpl (RaftServerImpl.java:setRole(184)) - bf55b3f9-6b09-4365-9d71-55289e083fa5@group-EFD1D20A002C: changes role from CANDIDATE to FOLLOWER at term 366 for DISCOVERED_A_NEW_TERM
2019-10-16 18:01:19,489 [bf55b3f9-6b09-4365-9d71-55289e083fa5@group-EFD1D20A002C-LeaderElection316] INFO  impl.RoleInfo (RoleInfo.java:shutdownLeaderElection(134)) - bf55b3f9-6b09-4365-9d71-55289e083fa5: shutdown LeaderElection
2019-10-16 18:01:19,490 [bf55b3f9-6b09-4365-9d71-55289e083fa5@group-EFD1D20A002C-LeaderElection316] INFO  impl.RoleInfo (RoleInfo.java:updateAndGet(143)) - bf55b3f9-6b09-4365-9d71-55289e083fa5: start FollowerState
2019-10-16 18:01:19,615 [Thread-2239] INFO  impl.FollowerState (FollowerState.java:run(108)) - bf55b3f9-6b09-4365-9d71-55289e083fa5@group-EFD1D20A002C-FollowerState: change to CANDIDATE, lastRpcTime:125ms, electionTimeout:125ms
2019-10-16 18:01:19,615 [Thread-2239] INFO  impl.RoleInfo (RoleInfo.java:shutdownFollowerState(121)) - bf55b3f9-6b09-4365-9d71-55289e083fa5: shutdown FollowerState
2019-10-16 18:01:19,615 [Thread-2239] INFO  impl.RaftServerImpl (RaftServerImpl.java:setRole(184)) - bf55b3f9-6b09-4365-9d71-55289e083fa5@group-EFD1D20A002C: changes role from  FOLLOWER to CANDIDATE at term 366 for changeToCandidate
2019-10-16 18:01:19,615 [Thread-2239] INFO  impl.RoleInfo (RoleInfo.java:updateAndGet(143)) - bf55b3f9-6b09-4365-9d71-55289e083fa5: start LeaderElection
2019-10-16 18:01:19,651 [bf55b3f9-6b09-4365-9d71-55289e083fa5@group-EFD1D20A002C-LeaderElection317] INFO  impl.LeaderElection (LeaderElection.java:askForVotes(178)) - bf55b3f9-6b09-4365-9d71-55289e083fa5@group-EFD1D20A002C-LeaderElection317: begin an election at term 367 for -1: [f4c54511-b161-4347-aec5-5236dc80a0d8:0.0.0.0:41238, 907b9765-214b-4864-b66a-d6e2a5789e5c:0.0.0.0:41650, bf55b3f9-6b09-4365-9d71-55289e083fa5:0.0.0.0:42441], old=null
2019-10-16 18:01:19,652 [grpc-default-executor-1] INFO  impl.RaftServerImpl (RaftServerImpl.java:setRole(184)) - f4c54511-b161-4347-aec5-5236dc80a0d8@group-EFD1D20A002C: changes role from  FOLLOWER to FOLLOWER at term 367 for recognizeCandidate:bf55b3f9-6b09-4365-9d71-55289e083fa5
2019-10-16 18:01:19,652 [grpc-default-executor-0] INFO  impl.RaftServerImpl (RaftServerImpl.java:setRole(184)) - 907b9765-214b-4864-b66a-d6e2a5789e5c@group-EFD1D20A002C: changes role from  FOLLOWER to FOLLOWER at term 367 for recognizeCandidate:bf55b3f9-6b09-4365-9d71-55289e083fa5
2019-10-16 18:01:19,652 [grpc-default-executor-1] INFO  impl.RoleInfo (RoleInfo.java:shutdownFollowerState(121)) - f4c54511-b161-4347-aec5-5236dc80a0d8: shutdown FollowerState
2019-10-16 18:01:19,652 [grpc-default-executor-0] INFO  impl.RoleInfo (RoleInfo.java:shutdownFollowerState(121)) - 907b9765-214b-4864-b66a-d6e2a5789e5c: shutdown FollowerState
2019-10-16 18:01:19,653 [Thread-2237] INFO  impl.FollowerState (FollowerState.java:run(117)) - f4c54511-b161-4347-aec5-5236dc80a0d8@group-EFD1D20A002C-FollowerState was interrupted: java.lang.InterruptedException: sleep interrupted
2019-10-16 18:01:19,653 [grpc-default-executor-1] INFO  impl.RoleInfo (RoleInfo.java:updateAndGet(143)) - f4c54511-b161-4347-aec5-5236dc80a0d8: start FollowerState
2019-10-16 18:01:19,653 [Thread-2238] INFO  impl.FollowerState (FollowerState.java:run(117)) - 907b9765-214b-4864-b66a-d6e2a5789e5c@group-EFD1D20A002C-FollowerState was interrupted: java.lang.InterruptedException: sleep interrupted
2019-10-16 18:01:19,653 [grpc-default-executor-0] INFO  impl.RoleInfo (RoleInfo.java:updateAndGet(143)) - 907b9765-214b-4864-b66a-d6e2a5789e5c: start FollowerState
2019-10-16 18:01:19,677 [bf55b3f9-6b09-4365-9d71-55289e083fa5@group-EFD1D20A002C-LeaderElection317] INFO  impl.LeaderElection (LeaderElection.java:logAndReturn(56)) - bf55b3f9-6b09-4365-9d71-55289e083fa5@group-EFD1D20A002C-LeaderElection317: Election REJECTED; received 2 response(s) [bf55b3f9-6b09-4365-9d71-55289e083fa5<-f4c54511-b161-4347-aec5-5236dc80a0d8#0:FAIL-t367, bf55b3f9-6b09-4365-9d71-55289e083fa5<-907b9765-214b-4864-b66a-d6e2a5789e5c#0:FAIL-t367] and 0 exception(s); bf55b3f9-6b09-4365-9d71-55289e083fa5@group-EFD1D20A002C:t367, leader=null, voted=bf55b3f9-6b09-4365-9d71-55289e083fa5, raftlog=bf55b3f9-6b09-4365-9d71-55289e083fa5@group-EFD1D20A002C-SegmentedRaftLog:OPENED:c-1,f-1,i0, conf=-1: [f4c54511-b161-4347-aec5-5236dc80a0d8:0.0.0.0:41238, 907b9765-214b-4864-b66a-d6e2a5789e5c:0.0.0.0:41650, bf55b3f9-6b09-4365-9d71-55289e083fa5:0.0.0.0:42441], old=null
2019-10-16 18:01:19,677 [bf55b3f9-6b09-4365-9d71-55289e083fa5@group-EFD1D20A002C-LeaderElection317] INFO  impl.RaftServerImpl (RaftServerImpl.java:setRole(184)) - bf55b3f9-6b09-4365-9d71-55289e083fa5@group-EFD1D20A002C: changes role from CANDIDATE to FOLLOWER at term 367 for DISCOVERED_A_NEW_TERM
2019-10-16 18:01:19,677 [bf55b3f9-6b09-4365-9d71-55289e083fa5@group-EFD1D20A002C-LeaderElection317] INFO  impl.RoleInfo (RoleInfo.java:shutdownLeaderElection(134)) - bf55b3f9-6b09-4365-9d71-55289e083fa5: shutdown LeaderElection
2019-10-16 18:01:19,677 [bf55b3f9-6b09-4365-9d71-55289e083fa5@group-EFD1D20A002C-LeaderElection317] INFO  impl.RoleInfo (RoleInfo.java:updateAndGet(143)) - bf55b3f9-6b09-4365-9d71-55289e083fa5: start FollowerState
2019-10-16 18:01:19,840 [Thread-2245] INFO  impl.FollowerState (FollowerState.java:run(108)) - bf55b3f9-6b09-4365-9d71-55289e083fa5@group-EFD1D20A002C-FollowerState: change to CANDIDATE, lastRpcTime:163ms, electionTimeout:163ms
2019-10-16 18:01:19,841 [Thread-2245] INFO  impl.RoleInfo (RoleInfo.java:shutdownFollowerState(121)) - bf55b3f9-6b09-4365-9d71-55289e083fa5: shutdown FollowerState
2019-10-16 18:01:19,841 [Thread-2245] INFO  impl.RaftServerImpl (RaftServerImpl.java:setRole(184)) - bf55b3f9-6b09-4365-9d71-55289e083fa5@group-EFD1D20A002C: changes role from  FOLLOWER to CANDIDATE at term 367 for changeToCandidate
2019-10-16 18:01:19,841 [Thread-2245] INFO  impl.RoleInfo (RoleInfo.java:updateAndGet(143)) - bf55b3f9-6b09-4365-9d71-55289e083fa5: start LeaderElection
2019-10-16 18:01:19,864 [bf55b3f9-6b09-4365-9d71-55289e083fa5@group-EFD1D20A002C-LeaderElection318] INFO  impl.LeaderElection (LeaderElection.java:askForVotes(178)) - bf55b3f9-6b09-4365-9d71-55289e083fa5@group-EFD1D20A002C-LeaderElection318: begin an election at term 368 for -1: [f4c54511-b161-4347-aec5-5236dc80a0d8:0.0.0.0:41238, 907b9765-214b-4864-b66a-d6e2a5789e5c:0.0.0.0:41650, bf55b3f9-6b09-4365-9d71-55289e083fa5:0.0.0.0:42441], old=null
2019-10-16 18:01:19,866 [grpc-default-executor-1] INFO  impl.RaftServerImpl (RaftServerImpl.java:setRole(184)) - 907b9765-214b-4864-b66a-d6e2a5789e5c@group-EFD1D20A002C: changes role from  FOLLOWER to FOLLOWER at term 368 for recognizeCandidate:bf55b3f9-6b09-4365-9d71-55289e083fa5
2019-10-16 18:01:19,866 [grpc-default-executor-3] INFO  impl.RaftServerImpl (RaftServerImpl.java:setRole(184)) - f4c54511-b161-4347-aec5-5236dc80a0d8@group-EFD1D20A002C: changes role from  FOLLOWER to FOLLOWER at term 368 for recognizeCandidate:bf55b3f9-6b09-4365-9d71-55289e083fa5
2019-10-16 18:01:19,866 [grpc-default-executor-3] INFO  impl.RoleInfo (RoleInfo.java:shutdownFollowerState(121)) - f4c54511-b161-4347-aec5-5236dc80a0d8: shutdown FollowerState
2019-10-16 18:01:19,866 [grpc-default-executor-1] INFO  impl.RoleInfo (RoleInfo.java:shutdownFollowerState(121)) - 907b9765-214b-4864-b66a-d6e2a5789e5c: shutdown FollowerState
2019-10-16 18:01:19,866 [Thread-2243] INFO  impl.FollowerState (FollowerState.java:run(117)) - f4c54511-b161-4347-aec5-5236dc80a0d8@group-EFD1D20A002C-FollowerState was interrupted: java.lang.InterruptedException: sleep interrupted
2019-10-16 18:01:19,866 [grpc-default-executor-3] INFO  impl.RoleInfo (RoleInfo.java:updateAndGet(143)) - f4c54511-b161-4347-aec5-5236dc80a0d8: start FollowerState
2019-10-16 18:01:19,866 [grpc-default-executor-1] INFO  impl.RoleInfo (RoleInfo.java:updateAndGet(143)) - 907b9765-214b-4864-b66a-d6e2a5789e5c: start FollowerState
2019-10-16 18:01:19,866 [Thread-2244] INFO  impl.FollowerState (FollowerState.java:run(117)) - 907b9765-214b-4864-b66a-d6e2a5789e5c@group-EFD1D20A002C-FollowerState was interrupted: java.lang.InterruptedException: sleep interrupted
2019-10-16 18:01:19,891 [bf55b3f9-6b09-4365-9d71-55289e083fa5@group-EFD1D20A002C-LeaderElection318] INFO  impl.LeaderElection (LeaderElection.java:logAndReturn(56)) - bf55b3f9-6b09-4365-9d71-55289e083fa5@group-EFD1D20A002C-LeaderElection318: Election REJECTED; received 2 response(s) [bf55b3f9-6b09-4365-9d71-55289e083fa5<-f4c54511-b161-4347-aec5-5236dc80a0d8#0:FAIL-t368, bf55b3f9-6b09-4365-9d71-55289e083fa5<-907b9765-214b-4864-b66a-d6e2a5789e5c#0:FAIL-t368] and 0 exception(s); bf55b3f9-6b09-4365-9d71-55289e083fa5@group-EFD1D20A002C:t368, leader=null, voted=bf55b3f9-6b09-4365-9d71-55289e083fa5, raftlog=bf55b3f9-6b09-4365-9d71-55289e083fa5@group-EFD1D20A002C-SegmentedRaftLog:OPENED:c-1,f-1,i0, conf=-1: [f4c54511-b161-4347-aec5-5236dc80a0d8:0.0.0.0:41238, 907b9765-214b-4864-b66a-d6e2a5789e5c:0.0.0.0:41650, bf55b3f9-6b09-4365-9d71-55289e083fa5:0.0.0.0:42441], old=null
2019-10-16 18:01:19,891 [bf55b3f9-6b09-4365-9d71-55289e083fa5@group-EFD1D20A002C-LeaderElection318] INFO  impl.RaftServerImpl (RaftServerImpl.java:setRole(184)) - bf55b3f9-6b09-4365-9d71-55289e083fa5@group-EFD1D20A002C: changes role from CANDIDATE to FOLLOWER at term 368 for DISCOVERED_A_NEW_TERM
2019-10-16 18:01:19,892 [bf55b3f9-6b09-4365-9d71-55289e083fa5@group-EFD1D20A002C-LeaderElection318] INFO  impl.RoleInfo (RoleInfo.java:shutdownLeaderElection(134)) - bf55b3f9-6b09-4365-9d71-55289e083fa5: shutdown LeaderElection
2019-10-16 18:01:19,892 [bf55b3f9-6b09-4365-9d71-55289e083fa5@group-EFD1D20A002C-LeaderElection318] INFO  impl.RoleInfo (RoleInfo.java:updateAndGet(143)) - bf55b3f9-6b09-4365-9d71-55289e083fa5: start FollowerState
2019-10-16 18:01:19,973 [Thread-2251] INFO  impl.FollowerState (FollowerState.java:run(108)) - bf55b3f9-6b09-4365-9d71-55289e083fa5@group-EFD1D20A002C-FollowerState: change to CANDIDATE, lastRpcTime:81ms, electionTimeout:81ms
2019-10-16 18:01:19,973 [Thread-2251] INFO  impl.RoleInfo (RoleInfo.java:shutdownFollowerState(121)) - bf55b3f9-6b09-4365-9d71-55289e083fa5: shutdown FollowerState
2019-10-16 18:01:19,974 [Thread-2251] INFO  impl.RaftServerImpl (RaftServerImpl.java:setRole(184)) - bf55b3f9-6b09-4365-9d71-55289e083fa5@group-EFD1D20A002C: changes role from  FOLLOWER to CANDIDATE at term 368 for changeToCandidate
2019-10-16 18:01:19,974 [Thread-2251] INFO  impl.RoleInfo (RoleInfo.java:updateAndGet(143)) - bf55b3f9-6b09-4365-9d71-55289e083fa5: start LeaderElection
2019-10-16 18:01:20,011 [bf55b3f9-6b09-4365-9d71-55289e083fa5@group-EFD1D20A002C-LeaderElection319] INFO  impl.LeaderElection (LeaderElection.java:askForVotes(178)) - bf55b3f9-6b09-4365-9d71-55289e083fa5@group-EFD1D20A002C-LeaderElection319: begin an election at term 369 for -1: [f4c54511-b161-4347-aec5-5236dc80a0d8:0.0.0.0:41238, 907b9765-214b-4864-b66a-d6e2a5789e5c:0.0.0.0:41650, bf55b3f9-6b09-4365-9d71-55289e083fa5:0.0.0.0:42441], old=null
2019-10-16 18:01:20,013 [grpc-default-executor-3] INFO  impl.RaftServerImpl (RaftServerImpl.java:setRole(184)) - f4c54511-b161-4347-aec5-5236dc80a0d8@group-EFD1D20A002C: changes role from  FOLLOWER to FOLLOWER at term 369 for recognizeCandidate:bf55b3f9-6b09-4365-9d71-55289e083fa5
2019-10-16 18:01:20,013 [grpc-default-executor-3] INFO  impl.RoleInfo (RoleInfo.java:shutdownFollowerState(121)) - f4c54511-b161-4347-aec5-5236dc80a0d8: shutdown FollowerState
2019-10-16 18:01:20,013 [grpc-default-executor-3] INFO  impl.RoleInfo (RoleInfo.java:updateAndGet(143)) - f4c54511-b161-4347-aec5-5236dc80a0d8: start FollowerState
2019-10-16 18:01:20,013 [grpc-default-executor-1] INFO  impl.RaftServerImpl (RaftServerImpl.java:setRole(184)) - 907b9765-214b-4864-b66a-d6e2a5789e5c@group-EFD1D20A002C: changes role from  FOLLOWER to FOLLOWER at term 369 for recognizeCandidate:bf55b3f9-6b09-4365-9d71-55289e083fa5
2019-10-16 18:01:20,013 [grpc-default-executor-1] INFO  impl.RoleInfo (RoleInfo.java:shutdownFollowerState(121)) - 907b9765-214b-4864-b66a-d6e2a5789e5c: shutdown FollowerState
2019-10-16 18:01:20,013 [Thread-2249] INFO  impl.FollowerState (FollowerState.java:run(117)) - f4c54511-b161-4347-aec5-5236dc80a0d8@group-EFD1D20A002C-FollowerState was interrupted: java.lang.InterruptedException: sleep interrupted
2019-10-16 18:01:20,013 [Thread-2250] INFO  impl.FollowerState (FollowerState.java:run(117)) - 907b9765-214b-4864-b66a-d6e2a5789e5c@group-EFD1D20A002C-FollowerState was interrupted: java.lang.InterruptedException: sleep interrupted
2019-10-16 18:01:20,013 [grpc-default-executor-1] INFO  impl.RoleInfo (RoleInfo.java:updateAndGet(143)) - 907b9765-214b-4864-b66a-d6e2a5789e5c: start FollowerState
2019-10-16 18:01:20,037 [bf55b3f9-6b09-4365-9d71-55289e083fa5@group-EFD1D20A002C-LeaderElection319] INFO  impl.LeaderElection (LeaderElection.java:logAndReturn(56)) - bf55b3f9-6b09-4365-9d71-55289e083fa5@group-EFD1D20A002C-LeaderElection319: Election REJECTED; received 2 response(s) [bf55b3f9-6b09-4365-9d71-55289e083fa5<-f4c54511-b161-4347-aec5-5236dc80a0d8#0:FAIL-t369, bf55b3f9-6b09-4365-9d71-55289e083fa5<-907b9765-214b-4864-b66a-d6e2a5789e5c#0:FAIL-t369] and 0 exception(s); bf55b3f9-6b09-4365-9d71-55289e083fa5@group-EFD1D20A002C:t369, leader=null, voted=bf55b3f9-6b09-4365-9d71-55289e083fa5, raftlog=bf55b3f9-6b09-4365-9d71-55289e083fa5@group-EFD1D20A002C-SegmentedRaftLog:OPENED:c-1,f-1,i0, conf=-1: [f4c54511-b161-4347-aec5-5236dc80a0d8:0.0.0.0:41238, 907b9765-214b-4864-b66a-d6e2a5789e5c:0.0.0.0:41650, bf55b3f9-6b09-4365-9d71-55289e083fa5:0.0.0.0:42441], old=null
2019-10-16 18:01:20,037 [bf55b3f9-6b09-4365-9d71-55289e083fa5@group-EFD1D20A002C-LeaderElection319] INFO  impl.RaftServerImpl (RaftServerImpl.java:setRole(184)) - bf55b3f9-6b09-4365-9d71-55289e083fa5@group-EFD1D20A002C: changes role from CANDIDATE to FOLLOWER at term 369 for DISCOVERED_A_NEW_TERM
2019-10-16 18:01:20,037 [bf55b3f9-6b09-4365-9d71-55289e083fa5@group-EFD1D20A002C-LeaderElection319] INFO  impl.RoleInfo (RoleInfo.java:shutdownLeaderElection(134)) - bf55b3f9-6b09-4365-9d71-55289e083fa5: shutdown LeaderElection
2019-10-16 18:01:20,037 [bf55b3f9-6b09-4365-9d71-55289e083fa5@group-EFD1D20A002C-LeaderElection319] INFO  impl.RoleInfo (RoleInfo.java:updateAndGet(143)) - bf55b3f9-6b09-4365-9d71-55289e083fa5: start FollowerState
2019-10-16 18:01:20,108 [Thread-2257] INFO  impl.FollowerState (FollowerState.java:run(108)) - bf55b3f9-6b09-4365-9d71-55289e083fa5@group-EFD1D20A002C-FollowerState: change to CANDIDATE, lastRpcTime:70ms, electionTimeout:70ms
2019-10-16 18:01:20,108 [Thread-2257] INFO  impl.RoleInfo (RoleInfo.java:shutdownFollowerState(121)) - bf55b3f9-6b09-4365-9d71-55289e083fa5: shutdown FollowerState
2019-10-16 18:01:20,108 [Thread-2257] INFO  impl.RaftServerImpl (RaftServerImpl.java:setRole(184)) - bf55b3f9-6b09-4365-9d71-55289e083fa5@group-EFD1D20A002C: changes role from  FOLLOWER to CANDIDATE at term 369 for changeToCandidate
2019-10-16 18:01:20,109 [Thread-2257] INFO  impl.RoleInfo (RoleInfo.java:updateAndGet(143)) - bf55b3f9-6b09-4365-9d71-55289e083fa5: start LeaderElection
2019-10-16 18:01:20,136 [bf55b3f9-6b09-4365-9d71-55289e083fa5@group-EFD1D20A002C-LeaderElection320] INFO  impl.LeaderElection (LeaderElection.java:askForVotes(178)) - bf55b3f9-6b09-4365-9d71-55289e083fa5@group-EFD1D20A002C-LeaderElection320: begin an election at term 370 for -1: [f4c54511-b161-4347-aec5-5236dc80a0d8:0.0.0.0:41238, 907b9765-214b-4864-b66a-d6e2a5789e5c:0.0.0.0:41650, bf55b3f9-6b09-4365-9d71-55289e083fa5:0.0.0.0:42441], old=null
2019-10-16 18:01:20,138 [grpc-default-executor-1] INFO  impl.RaftServerImpl (RaftServerImpl.java:setRole(184)) - f4c54511-b161-4347-aec5-5236dc80a0d8@group-EFD1D20A002C: changes role from  FOLLOWER to FOLLOWER at term 370 for recognizeCandidate:bf55b3f9-6b09-4365-9d71-55289e083fa5
2019-10-16 18:01:20,138 [grpc-default-executor-3] INFO  impl.RaftServerImpl (RaftServerImpl.java:setRole(184)) - 907b9765-214b-4864-b66a-d6e2a5789e5c@group-EFD1D20A002C: changes role from  FOLLOWER to FOLLOWER at term 370 for recognizeCandidate:bf55b3f9-6b09-4365-9d71-55289e083fa5
2019-10-16 18:01:20,138 [grpc-default-executor-1] INFO  impl.RoleInfo (RoleInfo.java:shutdownFollowerState(121)) - f4c54511-b161-4347-aec5-5236dc80a0d8: shutdown FollowerState
2019-10-16 18:01:20,139 [grpc-default-executor-3] INFO  impl.RoleInfo (RoleInfo.java:shutdownFollowerState(121)) - 907b9765-214b-4864-b66a-d6e2a5789e5c: shutdown FollowerState
2019-10-16 18:01:20,139 [Thread-2255] INFO  impl.FollowerState (FollowerState.java:run(117)) - f4c54511-b161-4347-aec5-5236dc80a0d8@group-EFD1D20A002C-FollowerState was interrupted: java.lang.InterruptedException: sleep interrupted
2019-10-16 18:01:20,139 [grpc-default-executor-1] INFO  impl.RoleInfo (RoleInfo.java:updateAndGet(143)) - f4c54511-b161-4347-aec5-5236dc80a0d8: start FollowerState
2019-10-16 18:01:20,139 [Thread-2256] INFO  impl.FollowerState (FollowerState.java:run(117)) - 907b9765-214b-4864-b66a-d6e2a5789e5c@group-EFD1D20A002C-FollowerState was interrupted: java.lang.InterruptedException: sleep interrupted
2019-10-16 18:01:20,139 [grpc-default-executor-3] INFO  impl.RoleInfo (RoleInfo.java:updateAndGet(143)) - 907b9765-214b-4864-b66a-d6e2a5789e5c: start FollowerState
2019-10-16 18:01:20,163 [bf55b3f9-6b09-4365-9d71-55289e083fa5@group-EFD1D20A002C-LeaderElection320] INFO  impl.LeaderElection (LeaderElection.java:logAndReturn(56)) - bf55b3f9-6b09-4365-9d71-55289e083fa5@group-EFD1D20A002C-LeaderElection320: Election REJECTED; received 2 response(s) [bf55b3f9-6b09-4365-9d71-55289e083fa5<-f4c54511-b161-4347-aec5-5236dc80a0d8#0:FAIL-t370, bf55b3f9-6b09-4365-9d71-55289e083fa5<-907b9765-214b-4864-b66a-d6e2a5789e5c#0:FAIL-t370] and 0 exception(s); bf55b3f9-6b09-4365-9d71-55289e083fa5@group-EFD1D20A002C:t370, leader=null, voted=bf55b3f9-6b09-4365-9d71-55289e083fa5, raftlog=bf55b3f9-6b09-4365-9d71-55289e083fa5@group-EFD1D20A002C-SegmentedRaftLog:OPENED:c-1,f-1,i0, conf=-1: [f4c54511-b161-4347-aec5-5236dc80a0d8:0.0.0.0:41238, 907b9765-214b-4864-b66a-d6e2a5789e5c:0.0.0.0:41650, bf55b3f9-6b09-4365-9d71-55289e083fa5:0.0.0.0:42441], old=null
2019-10-16 18:01:20,163 [bf55b3f9-6b09-4365-9d71-55289e083fa5@group-EFD1D20A002C-LeaderElection320] INFO  impl.RaftServerImpl (RaftServerImpl.java:setRole(184)) - bf55b3f9-6b09-4365-9d71-55289e083fa5@group-EFD1D20A002C: changes role from CANDIDATE to FOLLOWER at term 370 for DISCOVERED_A_NEW_TERM
2019-10-16 18:01:20,163 [bf55b3f9-6b09-4365-9d71-55289e083fa5@group-EFD1D20A002C-LeaderElection320] INFO  impl.RoleInfo (RoleInfo.java:shutdownLeaderElection(134)) - bf55b3f9-6b09-4365-9d71-55289e083fa5: shutdown LeaderElection
2019-10-16 18:01:20,163 [bf55b3f9-6b09-4365-9d71-55289e083fa5@group-EFD1D20A002C-LeaderElection320] INFO  impl.RoleInfo (RoleInfo.java:updateAndGet(143)) - bf55b3f9-6b09-4365-9d71-55289e083fa5: start FollowerState
2019-10-16 18:01:20,184 [Thread-2265] INFO  impl.FollowerState (FollowerState.java:run(108)) - bf55b3f9-6b09-4365-9d71-55289e083fa5@group-EFD1D20A002C-FollowerState: change to CANDIDATE, lastRpcTime:20ms, electionTimeout:20ms
2019-10-16 18:01:20,184 [Thread-2265] INFO  impl.RoleInfo (RoleInfo.java:shutdownFollowerState(121)) - bf55b3f9-6b09-4365-9d71-55289e083fa5: shutdown FollowerState
2019-10-16 18:01:20,184 [Thread-2265] INFO  impl.RaftServerImpl (RaftServerImpl.java:setRole(184)) - bf55b3f9-6b09-4365-9d71-55289e083fa5@group-EFD1D20A002C: changes role from  FOLLOWER to CANDIDATE at term 370 for changeToCandidate
2019-10-16 18:01:20,184 [Thread-2265] INFO  impl.RoleInfo (RoleInfo.java:updateAndGet(143)) - bf55b3f9-6b09-4365-9d71-55289e083fa5: start LeaderElection
2019-10-16 18:01:20,208 [bf55b3f9-6b09-4365-9d71-55289e083fa5@group-EFD1D20A002C-LeaderElection321] INFO  impl.LeaderElection (LeaderElection.java:askForVotes(178)) - bf55b3f9-6b09-4365-9d71-55289e083fa5@group-EFD1D20A002C-LeaderElection321: begin an election at term 371 for -1: [f4c54511-b161-4347-aec5-5236dc80a0d8:0.0.0.0:41238, 907b9765-214b-4864-b66a-d6e2a5789e5c:0.0.0.0:41650, bf55b3f9-6b09-4365-9d71-55289e083fa5:0.0.0.0:42441], old=null
2019-10-16 18:01:20,209 [grpc-default-executor-1] INFO  impl.RaftServerImpl (RaftServerImpl.java:setRole(184)) - f4c54511-b161-4347-aec5-5236dc80a0d8@group-EFD1D20A002C: changes role from  FOLLOWER to FOLLOWER at term 371 for recognizeCandidate:bf55b3f9-6b09-4365-9d71-55289e083fa5
2019-10-16 18:01:20,209 [grpc-default-executor-3] INFO  impl.RaftServerImpl (RaftServerImpl.java:setRole(184)) - 907b9765-214b-4864-b66a-d6e2a5789e5c@group-EFD1D20A002C: changes role from  FOLLOWER to FOLLOWER at term 371 for recognizeCandidate:bf55b3f9-6b09-4365-9d71-55289e083fa5
2019-10-16 18:01:20,209 [grpc-default-executor-1] INFO  impl.RoleInfo (RoleInfo.java:shutdownFollowerState(121)) - f4c54511-b161-4347-aec5-5236dc80a0d8: shutdown FollowerState
2019-10-16 18:01:20,209 [grpc-default-executor-3] INFO  impl.RoleInfo (RoleInfo.java:shutdownFollowerState(121)) - 907b9765-214b-4864-b66a-d6e2a5789e5c: shutdown FollowerState
2019-10-16 18:01:20,210 [Thread-2263] INFO  impl.FollowerState (FollowerState.java:run(117)) - f4c54511-b161-4347-aec5-5236dc80a0d8@group-EFD1D20A002C-FollowerState was interrupted: java.lang.InterruptedException: sleep interrupted
2019-10-16 18:01:20,210 [grpc-default-executor-1] INFO  impl.RoleInfo (RoleInfo.java:updateAndGet(143)) - f4c54511-b161-4347-aec5-5236dc80a0d8: start FollowerState
2019-10-16 18:01:20,210 [Thread-2264] INFO  impl.FollowerState (FollowerState.java:run(117)) - 907b9765-214b-4864-b66a-d6e2a5789e5c@group-EFD1D20A002C-FollowerState was interrupted: java.lang.InterruptedException: sleep interrupted
2019-10-16 18:01:20,210 [grpc-default-executor-3] INFO  impl.RoleInfo (RoleInfo.java:updateAndGet(143)) - 907b9765-214b-4864-b66a-d6e2a5789e5c: start FollowerState
2019-10-16 18:01:20,232 [bf55b3f9-6b09-4365-9d71-55289e083fa5@group-EFD1D20A002C-LeaderElection321] INFO  impl.LeaderElection (LeaderElection.java:logAndReturn(56)) - bf55b3f9-6b09-4365-9d71-55289e083fa5@group-EFD1D20A002C-LeaderElection321: Election REJECTED; received 2 response(s) [bf55b3f9-6b09-4365-9d71-55289e083fa5<-f4c54511-b161-4347-aec5-5236dc80a0d8#0:FAIL-t371, bf55b3f9-6b09-4365-9d71-55289e083fa5<-907b9765-214b-4864-b66a-d6e2a5789e5c#0:FAIL-t371] and 0 exception(s); bf55b3f9-6b09-4365-9d71-55289e083fa5@group-EFD1D20A002C:t371, leader=null, voted=bf55b3f9-6b09-4365-9d71-55289e083fa5, raftlog=bf55b3f9-6b09-4365-9d71-55289e083fa5@group-EFD1D20A002C-SegmentedRaftLog:OPENED:c-1,f-1,i0, conf=-1: [f4c54511-b161-4347-aec5-5236dc80a0d8:0.0.0.0:41238, 907b9765-214b-4864-b66a-d6e2a5789e5c:0.0.0.0:41650, bf55b3f9-6b09-4365-9d71-55289e083fa5:0.0.0.0:42441], old=null
2019-10-16 18:01:20,232 [bf55b3f9-6b09-4365-9d71-55289e083fa5@group-EFD1D20A002C-LeaderElection321] INFO  impl.RaftServerImpl (RaftServerImpl.java:setRole(184)) - bf55b3f9-6b09-4365-9d71-55289e083fa5@group-EFD1D20A002C: changes role from CANDIDATE to FOLLOWER at term 371 for DISCOVERED_A_NEW_TERM
2019-10-16 18:01:20,232 [bf55b3f9-6b09-4365-9d71-55289e083fa5@group-EFD1D20A002C-LeaderElection321] INFO  impl.RoleInfo (RoleInfo.java:shutdownLeaderElection(134)) - bf55b3f9-6b09-4365-9d71-55289e083fa5: shutdown LeaderElection
2019-10-16 18:01:20,232 [bf55b3f9-6b09-4365-9d71-55289e083fa5@group-EFD1D20A002C-LeaderElection321] INFO  impl.RoleInfo (RoleInfo.java:updateAndGet(143)) - bf55b3f9-6b09-4365-9d71-55289e083fa5: start FollowerState
2019-10-16 18:01:20,397 [Thread-2271] INFO  impl.FollowerState (FollowerState.java:run(108)) - bf55b3f9-6b09-4365-9d71-55289e083fa5@group-EFD1D20A002C-FollowerState: change to CANDIDATE, lastRpcTime:164ms, electionTimeout:164ms
2019-10-16 18:01:20,397 [Thread-2271] INFO  impl.RoleInfo (RoleInfo.java:shutdownFollowerState(121)) - bf55b3f9-6b09-4365-9d71-55289e083fa5: shutdown FollowerState
2019-10-16 18:01:20,397 [Thread-2271] INFO  impl.RaftServerImpl (RaftServerImpl.java:setRole(184)) - bf55b3f9-6b09-4365-9d71-55289e083fa5@group-EFD1D20A002C: changes role from  FOLLOWER to CANDIDATE at term 371 for changeToCandidate
2019-10-16 18:01:20,397 [Thread-2271] INFO  impl.RoleInfo (RoleInfo.java:updateAndGet(143)) - bf55b3f9-6b09-4365-9d71-55289e083fa5: start LeaderElection
2019-10-16 18:01:20,413 [bf55b3f9-6b09-4365-9d71-55289e083fa5@group-EFD1D20A002C-LeaderElection322] INFO  impl.LeaderElection (LeaderElection.java:askForVotes(178)) - bf55b3f9-6b09-4365-9d71-55289e083fa5@group-EFD1D20A002C-LeaderElection322: begin an election at term 372 for -1: [f4c54511-b161-4347-aec5-5236dc80a0d8:0.0.0.0:41238, 907b9765-214b-4864-b66a-d6e2a5789e5c:0.0.0.0:41650, bf55b3f9-6b09-4365-9d71-55289e083fa5:0.0.0.0:42441], old=null
2019-10-16 18:01:20,415 [grpc-default-executor-1] INFO  impl.RaftServerImpl (RaftServerImpl.java:setRole(184)) - 907b9765-214b-4864-b66a-d6e2a5789e5c@group-EFD1D20A002C: changes role from  FOLLOWER to FOLLOWER at term 372 for recognizeCandidate:bf55b3f9-6b09-4365-9d71-55289e083fa5
2019-10-16 18:01:20,415 [grpc-default-executor-3] INFO  impl.RaftServerImpl (RaftServerImpl.java:setRole(184)) - f4c54511-b161-4347-aec5-5236dc80a0d8@group-EFD1D20A002C: changes role from  FOLLOWER to FOLLOWER at term 372 for recognizeCandidate:bf55b3f9-6b09-4365-9d71-55289e083fa5
2019-10-16 18:01:20,415 [grpc-default-executor-1] INFO  impl.RoleInfo (RoleInfo.java:shutdownFollowerState(121)) - 907b9765-214b-4864-b66a-d6e2a5789e5c: shutdown FollowerState
2019-10-16 18:01:20,415 [grpc-default-executor-3] INFO  impl.RoleInfo (RoleInfo.java:shutdownFollowerState(121)) - f4c54511-b161-4347-aec5-5236dc80a0d8: shutdown FollowerState
2019-10-16 18:01:20,416 [Thread-2270] INFO  impl.FollowerState (FollowerState.java:run(117)) - 907b9765-214b-4864-b66a-d6e2a5789e5c@group-EFD1D20A002C-FollowerState was interrupted: java.lang.InterruptedException: sleep interrupted
2019-10-16 18:01:20,416 [grpc-default-executor-1] INFO  impl.RoleInfo (RoleInfo.java:updateAndGet(143)) - 907b9765-214b-4864-b66a-d6e2a5789e5c: start FollowerState
2019-10-16 18:01:20,416 [Thread-2269] INFO  impl.FollowerState (FollowerState.java:run(117)) - f4c54511-b161-4347-aec5-5236dc80a0d8@group-EFD1D20A002C-FollowerState was interrupted: java.lang.InterruptedException: sleep interrupted
2019-10-16 18:01:20,416 [grpc-default-executor-3] INFO  impl.RoleInfo (RoleInfo.java:updateAndGet(143)) - f4c54511-b161-4347-aec5-5236dc80a0d8: start FollowerState
2019-10-16 18:01:20,439 [bf55b3f9-6b09-4365-9d71-55289e083fa5@group-EFD1D20A002C-LeaderElection322] INFO  impl.LeaderElection (LeaderElection.java:logAndReturn(56)) - bf55b3f9-6b09-4365-9d71-55289e083fa5@group-EFD1D20A002C-LeaderElection322: Election REJECTED; received 2 response(s) [bf55b3f9-6b09-4365-9d71-55289e083fa5<-f4c54511-b161-4347-aec5-5236dc80a0d8#0:FAIL-t372, bf55b3f9-6b09-4365-9d71-55289e083fa5<-907b9765-214b-4864-b66a-d6e2a5789e5c#0:FAIL-t372] and 0 exception(s); bf55b3f9-6b09-4365-9d71-55289e083fa5@group-EFD1D20A002C:t372, leader=null, voted=bf55b3f9-6b09-4365-9d71-55289e083fa5, raftlog=bf55b3f9-6b09-4365-9d71-55289e083fa5@group-EFD1D20A002C-SegmentedRaftLog:OPENED:c-1,f-1,i0, conf=-1: [f4c54511-b161-4347-aec5-5236dc80a0d8:0.0.0.0:41238, 907b9765-214b-4864-b66a-d6e2a5789e5c:0.0.0.0:41650, bf55b3f9-6b09-4365-9d71-55289e083fa5:0.0.0.0:42441], old=null
2019-10-16 18:01:20,440 [bf55b3f9-6b09-4365-9d71-55289e083fa5@group-EFD1D20A002C-LeaderElection322] INFO  impl.RaftServerImpl (RaftServerImpl.java:setRole(184)) - bf55b3f9-6b09-4365-9d71-55289e083fa5@group-EFD1D20A002C: changes role from CANDIDATE to FOLLOWER at term 372 for DISCOVERED_A_NEW_TERM
2019-10-16 18:01:20,440 [bf55b3f9-6b09-4365-9d71-55289e083fa5@group-EFD1D20A002C-LeaderElection322] INFO  impl.RoleInfo (RoleInfo.java:shutdownLeaderElection(134)) - bf55b3f9-6b09-4365-9d71-55289e083fa5: shutdown LeaderElection
2019-10-16 18:01:20,440 [bf55b3f9-6b09-4365-9d71-55289e083fa5@group-EFD1D20A002C-LeaderElection322] INFO  impl.RoleInfo (RoleInfo.java:updateAndGet(143)) - bf55b3f9-6b09-4365-9d71-55289e083fa5: start FollowerState
2019-10-16 18:01:20,629 [Thread-2277] INFO  impl.FollowerState (FollowerState.java:run(108)) - bf55b3f9-6b09-4365-9d71-55289e083fa5@group-EFD1D20A002C-FollowerState: change to CANDIDATE, lastRpcTime:189ms, electionTimeout:189ms
2019-10-16 18:01:20,629 [Thread-2277] INFO  impl.RoleInfo (RoleInfo.java:shutdownFollowerState(121)) - bf55b3f9-6b09-4365-9d71-55289e083fa5: shutdown FollowerState
2019-10-16 18:01:20,629 [Thread-2277] INFO  impl.RaftServerImpl (RaftServerImpl.java:setRole(184)) - bf55b3f9-6b09-4365-9d71-55289e083fa5@group-EFD1D20A002C: changes role from  FOLLOWER to CANDIDATE at term 372 for changeToCandidate
2019-10-16 18:01:20,629 [Thread-2277] INFO  impl.RoleInfo (RoleInfo.java:updateAndGet(143)) - bf55b3f9-6b09-4365-9d71-55289e083fa5: start LeaderElection
2019-10-16 18:01:20,653 [bf55b3f9-6b09-4365-9d71-55289e083fa5@group-EFD1D20A002C-LeaderElection323] INFO  impl.LeaderElection (LeaderElection.java:askForVotes(178)) - bf55b3f9-6b09-4365-9d71-55289e083fa5@group-EFD1D20A002C-LeaderElection323: begin an election at term 373 for -1: [f4c54511-b161-4347-aec5-5236dc80a0d8:0.0.0.0:41238, 907b9765-214b-4864-b66a-d6e2a5789e5c:0.0.0.0:41650, bf55b3f9-6b09-4365-9d71-55289e083fa5:0.0.0.0:42441], old=null
2019-10-16 18:01:20,655 [grpc-default-executor-1] INFO  impl.RaftServerImpl (RaftServerImpl.java:setRole(184)) - f4c54511-b161-4347-aec5-5236dc80a0d8@group-EFD1D20A002C: changes role from  FOLLOWER to FOLLOWER at term 373 for recognizeCandidate:bf55b3f9-6b09-4365-9d71-55289e083fa5
2019-10-16 18:01:20,655 [grpc-default-executor-3] INFO  impl.RaftServerImpl (RaftServerImpl.java:setRole(184)) - 907b9765-214b-4864-b66a-d6e2a5789e5c@group-EFD1D20A002C: changes role from  FOLLOWER to FOLLOWER at term 373 for recognizeCandidate:bf55b3f9-6b09-4365-9d71-55289e083fa5
2019-10-16 18:01:20,655 [grpc-default-executor-1] INFO  impl.RoleInfo (RoleInfo.java:shutdownFollowerState(121)) - f4c54511-b161-4347-aec5-5236dc80a0d8: shutdown FollowerState
2019-10-16 18:01:20,655 [grpc-default-executor-3] INFO  impl.RoleInfo (RoleInfo.java:shutdownFollowerState(121)) - 907b9765-214b-4864-b66a-d6e2a5789e5c: shutdown FollowerState
2019-10-16 18:01:20,655 [Thread-2276] INFO  impl.FollowerState (FollowerState.java:run(117)) - f4c54511-b161-4347-aec5-5236dc80a0d8@group-EFD1D20A002C-FollowerState was interrupted: java.lang.InterruptedException: sleep interrupted
2019-10-16 18:01:20,655 [grpc-default-executor-1] INFO  impl.RoleInfo (RoleInfo.java:updateAndGet(143)) - f4c54511-b161-4347-aec5-5236dc80a0d8: start FollowerState
2019-10-16 18:01:20,656 [Thread-2275] INFO  impl.FollowerState (FollowerState.java:run(117)) - 907b9765-214b-4864-b66a-d6e2a5789e5c@group-EFD1D20A002C-FollowerState was interrupted: java.lang.InterruptedException: sleep interrupted
2019-10-16 18:01:20,656 [grpc-default-executor-3] INFO  impl.RoleInfo (RoleInfo.java:updateAndGet(143)) - 907b9765-214b-4864-b66a-d6e2a5789e5c: start FollowerState
2019-10-16 18:01:20,658 [bf55b3f9-6b09-4365-9d71-55289e083fa5@group-EFD1D20A002C-LeaderElection323] INFO  impl.LeaderElection (LeaderElection.java:logAndReturn(56)) - bf55b3f9-6b09-4365-9d71-55289e083fa5@group-EFD1D20A002C-LeaderElection323: Election TIMEOUT; received 0 response(s) [] and 0 exception(s); bf55b3f9-6b09-4365-9d71-55289e083fa5@group-EFD1D20A002C:t373, leader=null, voted=bf55b3f9-6b09-4365-9d71-55289e083fa5, raftlog=bf55b3f9-6b09-4365-9d71-55289e083fa5@group-EFD1D20A002C-SegmentedRaftLog:OPENED:c-1,f-1,i0, conf=-1: [f4c54511-b161-4347-aec5-5236dc80a0d8:0.0.0.0:41238, 907b9765-214b-4864-b66a-d6e2a5789e5c:0.0.0.0:41650, bf55b3f9-6b09-4365-9d71-55289e083fa5:0.0.0.0:42441], old=null
2019-10-16 18:01:20,688 [bf55b3f9-6b09-4365-9d71-55289e083fa5@group-EFD1D20A002C-LeaderElection323] INFO  impl.LeaderElection (LeaderElection.java:askForVotes(178)) - bf55b3f9-6b09-4365-9d71-55289e083fa5@group-EFD1D20A002C-LeaderElection323: begin an election at term 374 for -1: [f4c54511-b161-4347-aec5-5236dc80a0d8:0.0.0.0:41238, 907b9765-214b-4864-b66a-d6e2a5789e5c:0.0.0.0:41650, bf55b3f9-6b09-4365-9d71-55289e083fa5:0.0.0.0:42441], old=null
2019-10-16 18:01:20,690 [grpc-default-executor-3] INFO  impl.RaftServerImpl (RaftServerImpl.java:setRole(184)) - f4c54511-b161-4347-aec5-5236dc80a0d8@group-EFD1D20A002C: changes role from  FOLLOWER to FOLLOWER at term 374 for recognizeCandidate:bf55b3f9-6b09-4365-9d71-55289e083fa5
2019-10-16 18:01:20,690 [grpc-default-executor-0] INFO  impl.RaftServerImpl (RaftServerImpl.java:setRole(184)) - 907b9765-214b-4864-b66a-d6e2a5789e5c@group-EFD1D20A002C: changes role from  FOLLOWER to FOLLOWER at term 374 for recognizeCandidate:bf55b3f9-6b09-4365-9d71-55289e083fa5
2019-10-16 18:01:20,690 [grpc-default-executor-3] INFO  impl.RoleInfo (RoleInfo.java:shutdownFollowerState(121)) - f4c54511-b161-4347-aec5-5236dc80a0d8: shutdown FollowerState
2019-10-16 18:01:20,690 [grpc-default-executor-0] INFO  impl.RoleInfo (RoleInfo.java:shutdownFollowerState(121)) - 907b9765-214b-4864-b66a-d6e2a5789e5c: shutdown FollowerState
2019-10-16 18:01:20,690 [Thread-2281] INFO  impl.FollowerState (FollowerState.java:run(117)) - f4c54511-b161-4347-aec5-5236dc80a0d8@group-EFD1D20A002C-FollowerState was interrupted: java.lang.InterruptedException: sleep interrupted
2019-10-16 18:01:20,690 [grpc-default-executor-3] INFO  impl.RoleInfo (RoleInfo.java:updateAndGet(143)) - f4c54511-b161-4347-aec5-5236dc80a0d8: start FollowerState
2019-10-16 18:01:20,690 [Thread-2282] INFO  impl.FollowerState (FollowerState.java:run(117)) - 907b9765-214b-4864-b66a-d6e2a5789e5c@group-EFD1D20A002C-FollowerState was interrupted: java.lang.InterruptedException: sleep interrupted
2019-10-16 18:01:20,690 [grpc-default-executor-0] INFO  impl.RoleInfo (RoleInfo.java:updateAndGet(143)) - 907b9765-214b-4864-b66a-d6e2a5789e5c: start FollowerState
2019-10-16 18:01:20,714 [bf55b3f9-6b09-4365-9d71-55289e083fa5@group-EFD1D20A002C-LeaderElection323] INFO  impl.LeaderElection (LeaderElection.java:logAndReturn(56)) - bf55b3f9-6b09-4365-9d71-55289e083fa5@group-EFD1D20A002C-LeaderElection323: Election REJECTED; received 2 response(s) [bf55b3f9-6b09-4365-9d71-55289e083fa5<-f4c54511-b161-4347-aec5-5236dc80a0d8#0:FAIL-t374, bf55b3f9-6b09-4365-9d71-55289e083fa5<-907b9765-214b-4864-b66a-d6e2a5789e5c#0:FAIL-t374] and 0 exception(s); bf55b3f9-6b09-4365-9d71-55289e083fa5@group-EFD1D20A002C:t374, leader=null, voted=bf55b3f9-6b09-4365-9d71-55289e083fa5, raftlog=bf55b3f9-6b09-4365-9d71-55289e083fa5@group-EFD1D20A002C-SegmentedRaftLog:OPENED:c-1,f-1,i0, conf=-1: [f4c54511-b161-4347-aec5-5236dc80a0d8:0.0.0.0:41238, 907b9765-214b-4864-b66a-d6e2a5789e5c:0.0.0.0:41650, bf55b3f9-6b09-4365-9d71-55289e083fa5:0.0.0.0:42441], old=null
2019-10-16 18:01:20,715 [bf55b3f9-6b09-4365-9d71-55289e083fa5@group-EFD1D20A002C-LeaderElection323] INFO  impl.RaftServerImpl (RaftServerImpl.java:setRole(184)) - bf55b3f9-6b09-4365-9d71-55289e083fa5@group-EFD1D20A002C: changes role from CANDIDATE to FOLLOWER at term 374 for DISCOVERED_A_NEW_TERM
2019-10-16 18:01:20,715 [bf55b3f9-6b09-4365-9d71-55289e083fa5@group-EFD1D20A002C-LeaderElection323] INFO  impl.RoleInfo (RoleInfo.java:shutdownLeaderElection(134)) - bf55b3f9-6b09-4365-9d71-55289e083fa5: shutdown LeaderElection
2019-10-16 18:01:20,715 [bf55b3f9-6b09-4365-9d71-55289e083fa5@group-EFD1D20A002C-LeaderElection323] INFO  impl.RoleInfo (RoleInfo.java:updateAndGet(143)) - bf55b3f9-6b09-4365-9d71-55289e083fa5: start FollowerState
2019-10-16 18:01:20,883 [Thread-2287] INFO  impl.FollowerState (FollowerState.java:run(108)) - bf55b3f9-6b09-4365-9d71-55289e083fa5@group-EFD1D20A002C-FollowerState: change to CANDIDATE, lastRpcTime:168ms, electionTimeout:168ms
2019-10-16 18:01:20,883 [Thread-2287] INFO  impl.RoleInfo (RoleInfo.java:shutdownFollowerState(121)) - bf55b3f9-6b09-4365-9d71-55289e083fa5: shutdown FollowerState
2019-10-16 18:01:20,883 [Thread-2287] INFO  impl.RaftServerImpl (RaftServerImpl.java:setRole(184)) - bf55b3f9-6b09-4365-9d71-55289e083fa5@group-EFD1D20A002C: changes role from  FOLLOWER to CANDIDATE at term 374 for changeToCandidate
2019-10-16 18:01:20,884 [Thread-2287] INFO  impl.RoleInfo (RoleInfo.java:updateAndGet(143)) - bf55b3f9-6b09-4365-9d71-55289e083fa5: start LeaderElection
2019-10-16 18:01:21,100 [bf55b3f9-6b09-4365-9d71-55289e083fa5@group-EFD1D20A002C-LeaderElection324] INFO  impl.LeaderElection (LeaderElection.java:askForVotes(178)) - bf55b3f9-6b09-4365-9d71-55289e083fa5@group-EFD1D20A002C-LeaderElection324: begin an election at term 375 for -1: [f4c54511-b161-4347-aec5-5236dc80a0d8:0.0.0.0:41238, 907b9765-214b-4864-b66a-d6e2a5789e5c:0.0.0.0:41650, bf55b3f9-6b09-4365-9d71-55289e083fa5:0.0.0.0:42441], old=null
2019-10-16 18:01:21,102 [grpc-default-executor-0] INFO  impl.RaftServerImpl (RaftServerImpl.java:setRole(184)) - f4c54511-b161-4347-aec5-5236dc80a0d8@group-EFD1D20A002C: changes role from  FOLLOWER to FOLLOWER at term 375 for recognizeCandidate:bf55b3f9-6b09-4365-9d71-55289e083fa5
2019-10-16 18:01:21,102 [grpc-default-executor-0] INFO  impl.RoleInfo (RoleInfo.java:shutdownFollowerState(121)) - f4c54511-b161-4347-aec5-5236dc80a0d8: shutdown FollowerState
2019-10-16 18:01:21,102 [grpc-default-executor-3] INFO  impl.RaftServerImpl (RaftServerImpl.java:setRole(184)) - 907b9765-214b-4864-b66a-d6e2a5789e5c@group-EFD1D20A002C: changes role from  FOLLOWER to FOLLOWER at term 375 for recognizeCandidate:bf55b3f9-6b09-4365-9d71-55289e083fa5
2019-10-16 18:01:21,102 [grpc-default-executor-0] INFO  impl.RoleInfo (RoleInfo.java:updateAndGet(143)) - f4c54511-b161-4347-aec5-5236dc80a0d8: start FollowerState
2019-10-16 18:01:21,102 [Thread-2285] INFO  impl.FollowerState (FollowerState.java:run(117)) - f4c54511-b161-4347-aec5-5236dc80a0d8@group-EFD1D20A002C-FollowerState was interrupted: java.lang.InterruptedException: sleep interrupted
2019-10-16 18:01:21,102 [grpc-default-executor-3] INFO  impl.RoleInfo (RoleInfo.java:shutdownFollowerState(121)) - 907b9765-214b-4864-b66a-d6e2a5789e5c: shutdown FollowerState
2019-10-16 18:01:21,103 [grpc-default-executor-3] INFO  impl.RoleInfo (RoleInfo.java:updateAndGet(143)) - 907b9765-214b-4864-b66a-d6e2a5789e5c: start FollowerState
2019-10-16 18:01:21,103 [Thread-2286] INFO  impl.FollowerState (FollowerState.java:run(117)) - 907b9765-214b-4864-b66a-d6e2a5789e5c@group-EFD1D20A002C-FollowerState was interrupted: java.lang.InterruptedException: sleep interrupted
2019-10-16 18:01:21,151 [bf55b3f9-6b09-4365-9d71-55289e083fa5@group-EFD1D20A002C-LeaderElection324] INFO  impl.LeaderElection (LeaderElection.java:logAndReturn(56)) - bf55b3f9-6b09-4365-9d71-55289e083fa5@group-EFD1D20A002C-LeaderElection324: Election REJECTED; received 2 response(s) [bf55b3f9-6b09-4365-9d71-55289e083fa5<-f4c54511-b161-4347-aec5-5236dc80a0d8#0:FAIL-t375, bf55b3f9-6b09-4365-9d71-55289e083fa5<-907b9765-214b-4864-b66a-d6e2a5789e5c#0:FAIL-t375] and 0 exception(s); bf55b3f9-6b09-4365-9d71-55289e083fa5@group-EFD1D20A002C:t375, leader=null, voted=bf55b3f9-6b09-4365-9d71-55289e083fa5, raftlog=bf55b3f9-6b09-4365-9d71-55289e083fa5@group-EFD1D20A002C-SegmentedRaftLog:OPENED:c-1,f-1,i0, conf=-1: [f4c54511-b161-4347-aec5-5236dc80a0d8:0.0.0.0:41238, 907b9765-214b-4864-b66a-d6e2a5789e5c:0.0.0.0:41650, bf55b3f9-6b09-4365-9d71-55289e083fa5:0.0.0.0:42441], old=null
2019-10-16 18:01:21,151 [bf55b3f9-6b09-4365-9d71-55289e083fa5@group-EFD1D20A002C-LeaderElection324] INFO  impl.RaftServerImpl (RaftServerImpl.java:setRole(184)) - bf55b3f9-6b09-4365-9d71-55289e083fa5@group-EFD1D20A002C: changes role from CANDIDATE to FOLLOWER at term 375 for DISCOVERED_A_NEW_TERM
2019-10-16 18:01:21,151 [bf55b3f9-6b09-4365-9d71-55289e083fa5@group-EFD1D20A002C-LeaderElection324] INFO  impl.RoleInfo (RoleInfo.java:shutdownLeaderElection(134)) - bf55b3f9-6b09-4365-9d71-55289e083fa5: shutdown LeaderElection
2019-10-16 18:01:21,152 [bf55b3f9-6b09-4365-9d71-55289e083fa5@group-EFD1D20A002C-LeaderElection324] INFO  impl.RoleInfo (RoleInfo.java:updateAndGet(143)) - bf55b3f9-6b09-4365-9d71-55289e083fa5: start FollowerState
2019-10-16 18:01:21,323 [Thread-2295] INFO  impl.FollowerState (FollowerState.java:run(108)) - bf55b3f9-6b09-4365-9d71-55289e083fa5@group-EFD1D20A002C-FollowerState: change to CANDIDATE, lastRpcTime:171ms, electionTimeout:171ms
2019-10-16 18:01:21,323 [Thread-2295] INFO  impl.RoleInfo (RoleInfo.java:shutdownFollowerState(121)) - bf55b3f9-6b09-4365-9d71-55289e083fa5: shutdown FollowerState
2019-10-16 18:01:21,323 [Thread-2295] INFO  impl.RaftServerImpl (RaftServerImpl.java:setRole(184)) - bf55b3f9-6b09-4365-9d71-55289e083fa5@group-EFD1D20A002C: changes role from  FOLLOWER to CANDIDATE at term 375 for changeToCandidate
2019-10-16 18:01:21,324 [Thread-2295] INFO  impl.RoleInfo (RoleInfo.java:updateAndGet(143)) - bf55b3f9-6b09-4365-9d71-55289e083fa5: start LeaderElection
2019-10-16 18:01:21,355 [bf55b3f9-6b09-4365-9d71-55289e083fa5@group-EFD1D20A002C-LeaderElection325] INFO  impl.LeaderElection (LeaderElection.java:askForVotes(178)) - bf55b3f9-6b09-4365-9d71-55289e083fa5@group-EFD1D20A002C-LeaderElection325: begin an election at term 376 for -1: [f4c54511-b161-4347-aec5-5236dc80a0d8:0.0.0.0:41238, 907b9765-214b-4864-b66a-d6e2a5789e5c:0.0.0.0:41650, bf55b3f9-6b09-4365-9d71-55289e083fa5:0.0.0.0:42441], old=null
2019-10-16 18:01:21,358 [grpc-default-executor-3] INFO  impl.RaftServerImpl (RaftServerImpl.java:setRole(184)) - f4c54511-b161-4347-aec5-5236dc80a0d8@group-EFD1D20A002C: changes role from  FOLLOWER to FOLLOWER at term 376 for recognizeCandidate:bf55b3f9-6b09-4365-9d71-55289e083fa5
2019-10-16 18:01:21,358 [grpc-default-executor-3] INFO  impl.RoleInfo (RoleInfo.java:shutdownFollowerState(121)) - f4c54511-b161-4347-aec5-5236dc80a0d8: shutdown FollowerState
2019-10-16 18:01:21,358 [grpc-default-executor-3] INFO  impl.RoleInfo (RoleInfo.java:updateAndGet(143)) - f4c54511-b161-4347-aec5-5236dc80a0d8: start FollowerState
2019-10-16 18:01:21,358 [Thread-2293] INFO  impl.FollowerState (FollowerState.java:run(117)) - f4c54511-b161-4347-aec5-5236dc80a0d8@group-EFD1D20A002C-FollowerState was interrupted: java.lang.InterruptedException: sleep interrupted
2019-10-16 18:01:21,358 [grpc-default-executor-0] INFO  impl.RaftServerImpl (RaftServerImpl.java:setRole(184)) - 907b9765-214b-4864-b66a-d6e2a5789e5c@group-EFD1D20A002C: changes role from  FOLLOWER to FOLLOWER at term 376 for recognizeCandidate:bf55b3f9-6b09-4365-9d71-55289e083fa5
2019-10-16 18:01:21,359 [grpc-default-executor-0] INFO  impl.RoleInfo (RoleInfo.java:shutdownFollowerState(121)) - 907b9765-214b-4864-b66a-d6e2a5789e5c: shutdown FollowerState
2019-10-16 18:01:21,359 [grpc-default-executor-0] INFO  impl.RoleInfo (RoleInfo.java:updateAndGet(143)) - 907b9765-214b-4864-b66a-d6e2a5789e5c: start FollowerState
2019-10-16 18:01:21,359 [Thread-2294] INFO  impl.FollowerState (FollowerState.java:run(117)) - 907b9765-214b-4864-b66a-d6e2a5789e5c@group-EFD1D20A002C-FollowerState was interrupted: java.lang.InterruptedException: sleep interrupted
2019-10-16 18:01:21,413 [bf55b3f9-6b09-4365-9d71-55289e083fa5@group-EFD1D20A002C-LeaderElection325] INFO  impl.LeaderElection (LeaderElection.java:logAndReturn(56)) - bf55b3f9-6b09-4365-9d71-55289e083fa5@group-EFD1D20A002C-LeaderElection325: Election REJECTED; received 2 response(s) [bf55b3f9-6b09-4365-9d71-55289e083fa5<-f4c54511-b161-4347-aec5-5236dc80a0d8#0:FAIL-t376, bf55b3f9-6b09-4365-9d71-55289e083fa5<-907b9765-214b-4864-b66a-d6e2a5789e5c#0:FAIL-t376] and 0 exception(s); bf55b3f9-6b09-4365-9d71-55289e083fa5@group-EFD1D20A002C:t376, leader=null, voted=bf55b3f9-6b09-4365-9d71-55289e083fa5, raftlog=bf55b3f9-6b09-4365-9d71-55289e083fa5@group-EFD1D20A002C-SegmentedRaftLog:OPENED:c-1,f-1,i0, conf=-1: [f4c54511-b161-4347-aec5-5236dc80a0d8:0.0.0.0:41238, 907b9765-214b-4864-b66a-d6e2a5789e5c:0.0.0.0:41650, bf55b3f9-6b09-4365-9d71-55289e083fa5:0.0.0.0:42441], old=null
2019-10-16 18:01:21,413 [bf55b3f9-6b09-4365-9d71-55289e083fa5@group-EFD1D20A002C-LeaderElection325] INFO  impl.RaftServerImpl (RaftServerImpl.java:setRole(184)) - bf55b3f9-6b09-4365-9d71-55289e083fa5@group-EFD1D20A002C: changes role from CANDIDATE to FOLLOWER at term 376 for DISCOVERED_A_NEW_TERM
2019-10-16 18:01:21,413 [bf55b3f9-6b09-4365-9d71-55289e083fa5@group-EFD1D20A002C-LeaderElection325] INFO  impl.RoleInfo (RoleInfo.java:shutdownLeaderElection(134)) - bf55b3f9-6b09-4365-9d71-55289e083fa5: shutdown LeaderElection
2019-10-16 18:01:21,413 [bf55b3f9-6b09-4365-9d71-55289e083fa5@group-EFD1D20A002C-LeaderElection325] INFO  impl.RoleInfo (RoleInfo.java:updateAndGet(143)) - bf55b3f9-6b09-4365-9d71-55289e083fa5: start FollowerState
2019-10-16 18:01:21,612 [Thread-2301] INFO  impl.FollowerState (FollowerState.java:run(108)) - bf55b3f9-6b09-4365-9d71-55289e083fa5@group-EFD1D20A002C-FollowerState: change to CANDIDATE, lastRpcTime:198ms, electionTimeout:198ms
2019-10-16 18:01:21,612 [Thread-2301] INFO  impl.RoleInfo (RoleInfo.java:shutdownFollowerState(121)) - bf55b3f9-6b09-4365-9d71-55289e083fa5: shutdown FollowerState
2019-10-16 18:01:21,612 [Thread-2301] INFO  impl.RaftServerImpl (RaftServerImpl.java:setRole(184)) - bf55b3f9-6b09-4365-9d71-55289e083fa5@group-EFD1D20A002C: changes role from  FOLLOWER to CANDIDATE at term 376 for changeToCandidate
2019-10-16 18:01:21,613 [Thread-2301] INFO  impl.RoleInfo (RoleInfo.java:updateAndGet(143)) - bf55b3f9-6b09-4365-9d71-55289e083fa5: start LeaderElection
2019-10-16 18:01:21,651 [bf55b3f9-6b09-4365-9d71-55289e083fa5@group-EFD1D20A002C-LeaderElection326] INFO  impl.LeaderElection (LeaderElection.java:askForVotes(178)) - bf55b3f9-6b09-4365-9d71-55289e083fa5@group-EFD1D20A002C-LeaderElection326: begin an election at term 377 for -1: [f4c54511-b161-4347-aec5-5236dc80a0d8:0.0.0.0:41238, 907b9765-214b-4864-b66a-d6e2a5789e5c:0.0.0.0:41650, bf55b3f9-6b09-4365-9d71-55289e083fa5:0.0.0.0:42441], old=null
2019-10-16 18:01:21,655 [grpc-default-executor-0] INFO  impl.RaftServerImpl (RaftServerImpl.java:setRole(184)) - f4c54511-b161-4347-aec5-5236dc80a0d8@group-EFD1D20A002C: changes role from  FOLLOWER to FOLLOWER at term 377 for recognizeCandidate:bf55b3f9-6b09-4365-9d71-55289e083fa5
2019-10-16 18:01:21,655 [grpc-default-executor-3] INFO  impl.RaftServerImpl (RaftServerImpl.java:setRole(184)) - 907b9765-214b-4864-b66a-d6e2a5789e5c@group-EFD1D20A002C: changes role from  FOLLOWER to FOLLOWER at term 377 for recognizeCandidate:bf55b3f9-6b09-4365-9d71-55289e083fa5
2019-10-16 18:01:21,656 [grpc-default-executor-3] INFO  impl.RoleInfo (RoleInfo.java:shutdownFollowerState(121)) - 907b9765-214b-4864-b66a-d6e2a5789e5c: shutdown FollowerState
2019-10-16 18:01:21,655 [grpc-default-executor-0] INFO  impl.RoleInfo (RoleInfo.java:shutdownFollowerState(121)) - f4c54511-b161-4347-aec5-5236dc80a0d8: shutdown FollowerState
2019-10-16 18:01:21,656 [Thread-2300] INFO  impl.FollowerState (FollowerState.java:run(117)) - 907b9765-214b-4864-b66a-d6e2a5789e5c@group-EFD1D20A002C-FollowerState was interrupted: java.lang.InterruptedException: sleep interrupted
2019-10-16 18:01:21,656 [grpc-default-executor-3] INFO  impl.RoleInfo (RoleInfo.java:updateAndGet(143)) - 907b9765-214b-4864-b66a-d6e2a5789e5c: start FollowerState
2019-10-16 18:01:21,656 [Thread-2299] INFO  impl.FollowerState (FollowerState.java:run(117)) - f4c54511-b161-4347-aec5-5236dc80a0d8@group-EFD1D20A002C-FollowerState was interrupted: java.lang.InterruptedException: sleep interrupted
2019-10-16 18:01:21,656 [grpc-default-executor-0] INFO  impl.RoleInfo (RoleInfo.java:updateAndGet(143)) - f4c54511-b161-4347-aec5-5236dc80a0d8: start FollowerState
2019-10-16 18:01:21,686 [bf55b3f9-6b09-4365-9d71-55289e083fa5@group-EFD1D20A002C-LeaderElection326] INFO  impl.LeaderElection (LeaderElection.java:logAndReturn(56)) - bf55b3f9-6b09-4365-9d71-55289e083fa5@group-EFD1D20A002C-LeaderElection326: Election REJECTED; received 2 response(s) [bf55b3f9-6b09-4365-9d71-55289e083fa5<-f4c54511-b161-4347-aec5-5236dc80a0d8#0:FAIL-t377, bf55b3f9-6b09-4365-9d71-55289e083fa5<-907b9765-214b-4864-b66a-d6e2a5789e5c#0:FAIL-t377] and 0 exception(s); bf55b3f9-6b09-4365-9d71-55289e083fa5@group-EFD1D20A002C:t377, leader=null, voted=bf55b3f9-6b09-4365-9d71-55289e083fa5, raftlog=bf55b3f9-6b09-4365-9d71-55289e083fa5@group-EFD1D20A002C-SegmentedRaftLog:OPENED:c-1,f-1,i0, conf=-1: [f4c54511-b161-4347-aec5-5236dc80a0d8:0.0.0.0:41238, 907b9765-214b-4864-b66a-d6e2a5789e5c:0.0.0.0:41650, bf55b3f9-6b09-4365-9d71-55289e083fa5:0.0.0.0:42441], old=null
2019-10-16 18:01:21,686 [bf55b3f9-6b09-4365-9d71-55289e083fa5@group-EFD1D20A002C-LeaderElection326] INFO  impl.RaftServerImpl (RaftServerImpl.java:setRole(184)) - bf55b3f9-6b09-4365-9d71-55289e083fa5@group-EFD1D20A002C: changes role from CANDIDATE to FOLLOWER at term 377 for DISCOVERED_A_NEW_TERM
2019-10-16 18:01:21,687 [bf55b3f9-6b09-4365-9d71-55289e083fa5@group-EFD1D20A002C-LeaderElection326] INFO  impl.RoleInfo (RoleInfo.java:shutdownLeaderElection(134)) - bf55b3f9-6b09-4365-9d71-55289e083fa5: shutdown LeaderElection
2019-10-16 18:01:21,687 [bf55b3f9-6b09-4365-9d71-55289e083fa5@group-EFD1D20A002C-LeaderElection326] INFO  impl.RoleInfo (RoleInfo.java:updateAndGet(143)) - bf55b3f9-6b09-4365-9d71-55289e083fa5: start FollowerState
2019-10-16 18:01:21,884 [Thread-2307] INFO  impl.FollowerState (FollowerState.java:run(108)) - bf55b3f9-6b09-4365-9d71-55289e083fa5@group-EFD1D20A002C-FollowerState: change to CANDIDATE, lastRpcTime:197ms, electionTimeout:197ms
2019-10-16 18:01:21,884 [Thread-2307] INFO  impl.RoleInfo (RoleInfo.java:shutdownFollowerState(121)) - bf55b3f9-6b09-4365-9d71-55289e083fa5: shutdown FollowerState
2019-10-16 18:01:21,884 [Thread-2307] INFO  impl.RaftServerImpl (RaftServerImpl.java:setRole(184)) - bf55b3f9-6b09-4365-9d71-55289e083fa5@group-EFD1D20A002C: changes role from  FOLLOWER to CANDIDATE at term 377 for changeToCandidate
2019-10-16 18:01:21,885 [Thread-2307] INFO  impl.RoleInfo (RoleInfo.java:updateAndGet(143)) - bf55b3f9-6b09-4365-9d71-55289e083fa5: start LeaderElection
2019-10-16 18:01:21,928 [bf55b3f9-6b09-4365-9d71-55289e083fa5@group-EFD1D20A002C-LeaderElection327] INFO  impl.LeaderElection (LeaderElection.java:askForVotes(178)) - bf55b3f9-6b09-4365-9d71-55289e083fa5@group-EFD1D20A002C-LeaderElection327: begin an election at term 378 for -1: [f4c54511-b161-4347-aec5-5236dc80a0d8:0.0.0.0:41238, 907b9765-214b-4864-b66a-d6e2a5789e5c:0.0.0.0:41650, bf55b3f9-6b09-4365-9d71-55289e083fa5:0.0.0.0:42441], old=null
2019-10-16 18:01:21,931 [grpc-default-executor-0] INFO  impl.RaftServerImpl (RaftServerImpl.java:setRole(184)) - 907b9765-214b-4864-b66a-d6e2a5789e5c@group-EFD1D20A002C: changes role from  FOLLOWER to FOLLOWER at term 378 for recognizeCandidate:bf55b3f9-6b09-4365-9d71-55289e083fa5
2019-10-16 18:01:21,931 [grpc-default-executor-3] INFO  impl.RaftServerImpl (RaftServerImpl.java:setRole(184)) - f4c54511-b161-4347-aec5-5236dc80a0d8@group-EFD1D20A002C: changes role from  FOLLOWER to FOLLOWER at term 378 for recognizeCandidate:bf55b3f9-6b09-4365-9d71-55289e083fa5
2019-10-16 18:01:21,931 [grpc-default-executor-0] INFO  impl.RoleInfo (RoleInfo.java:shutdownFollowerState(121)) - 907b9765-214b-4864-b66a-d6e2a5789e5c: shutdown FollowerState
2019-10-16 18:01:21,931 [grpc-default-executor-3] INFO  impl.RoleInfo (RoleInfo.java:shutdownFollowerState(121)) - f4c54511-b161-4347-aec5-5236dc80a0d8: shutdown FollowerState
2019-10-16 18:01:21,931 [Thread-2305] INFO  impl.FollowerState (FollowerState.java:run(117)) - 907b9765-214b-4864-b66a-d6e2a5789e5c@group-EFD1D20A002C-FollowerState was interrupted: java.lang.InterruptedException: sleep interrupted
2019-10-16 18:01:21,932 [Thread-2306] INFO  impl.FollowerState (FollowerState.java:run(117)) - f4c54511-b161-4347-aec5-5236dc80a0d8@group-EFD1D20A002C-FollowerState was interrupted: java.lang.InterruptedException: sleep interrupted
2019-10-16 18:01:21,931 [grpc-default-executor-0] INFO  impl.RoleInfo (RoleInfo.java:updateAndGet(143)) - 907b9765-214b-4864-b66a-d6e2a5789e5c: start FollowerState
2019-10-16 18:01:21,931 [grpc-default-executor-3] INFO  impl.RoleInfo (RoleInfo.java:updateAndGet(143)) - f4c54511-b161-4347-aec5-5236dc80a0d8: start FollowerState
2019-10-16 18:01:21,999 [bf55b3f9-6b09-4365-9d71-55289e083fa5@group-EFD1D20A002C-LeaderElection327] INFO  impl.LeaderElection (LeaderElection.java:logAndReturn(56)) - bf55b3f9-6b09-4365-9d71-55289e083fa5@group-EFD1D20A002C-LeaderElection327: Election REJECTED; received 2 response(s) [bf55b3f9-6b09-4365-9d71-55289e083fa5<-f4c54511-b161-4347-aec5-5236dc80a0d8#0:FAIL-t378, bf55b3f9-6b09-4365-9d71-55289e083fa5<-907b9765-214b-4864-b66a-d6e2a5789e5c#0:FAIL-t378] and 0 exception(s); bf55b3f9-6b09-4365-9d71-55289e083fa5@group-EFD1D20A002C:t378, leader=null, voted=bf55b3f9-6b09-4365-9d71-55289e083fa5, raftlog=bf55b3f9-6b09-4365-9d71-55289e083fa5@group-EFD1D20A002C-SegmentedRaftLog:OPENED:c-1,f-1,i0, conf=-1: [f4c54511-b161-4347-aec5-5236dc80a0d8:0.0.0.0:41238, 907b9765-214b-4864-b66a-d6e2a5789e5c:0.0.0.0:41650, bf55b3f9-6b09-4365-9d71-55289e083fa5:0.0.0.0:42441], old=null
2019-10-16 18:01:21,999 [bf55b3f9-6b09-4365-9d71-55289e083fa5@group-EFD1D20A002C-LeaderElection327] INFO  impl.RaftServerImpl (RaftServerImpl.java:setRole(184)) - bf55b3f9-6b09-4365-9d71-55289e083fa5@group-EFD1D20A002C: changes role from CANDIDATE to FOLLOWER at term 378 for DISCOVERED_A_NEW_TERM
2019-10-16 18:01:21,999 [bf55b3f9-6b09-4365-9d71-55289e083fa5@group-EFD1D20A002C-LeaderElection327] INFO  impl.RoleInfo (RoleInfo.java:shutdownLeaderElection(134)) - bf55b3f9-6b09-4365-9d71-55289e083fa5: shutdown LeaderElection
2019-10-16 18:01:21,999 [bf55b3f9-6b09-4365-9d71-55289e083fa5@group-EFD1D20A002C-LeaderElection327] INFO  impl.RoleInfo (RoleInfo.java:updateAndGet(143)) - bf55b3f9-6b09-4365-9d71-55289e083fa5: start FollowerState
2019-10-16 18:01:22,036 [Thread-2313] INFO  impl.FollowerState (FollowerState.java:run(108)) - bf55b3f9-6b09-4365-9d71-55289e083fa5@group-EFD1D20A002C-FollowerState: change to CANDIDATE, lastRpcTime:36ms, electionTimeout:36ms
2019-10-16 18:01:22,036 [Thread-2313] INFO  impl.RoleInfo (RoleInfo.java:shutdownFollowerState(121)) - bf55b3f9-6b09-4365-9d71-55289e083fa5: shutdown FollowerState
2019-10-16 18:01:22,036 [Thread-2313] INFO  impl.RaftServerImpl (RaftServerImpl.java:setRole(184)) - bf55b3f9-6b09-4365-9d71-55289e083fa5@group-EFD1D20A002C: changes role from  FOLLOWER to CANDIDATE at term 378 for changeToCandidate
2019-10-16 18:01:22,036 [Thread-2313] INFO  impl.RoleInfo (RoleInfo.java:updateAndGet(143)) - bf55b3f9-6b09-4365-9d71-55289e083fa5: start LeaderElection
2019-10-16 18:01:22,054 [bf55b3f9-6b09-4365-9d71-55289e083fa5@group-EFD1D20A002C-LeaderElection328] INFO  impl.LeaderElection (LeaderElection.java:askForVotes(178)) - bf55b3f9-6b09-4365-9d71-55289e083fa5@group-EFD1D20A002C-LeaderElection328: begin an election at term 379 for -1: [f4c54511-b161-4347-aec5-5236dc80a0d8:0.0.0.0:41238, 907b9765-214b-4864-b66a-d6e2a5789e5c:0.0.0.0:41650, bf55b3f9-6b09-4365-9d71-55289e083fa5:0.0.0.0:42441], old=null
2019-10-16 18:01:22,056 [grpc-default-executor-3] INFO  impl.RaftServerImpl (RaftServerImpl.java:setRole(184)) - f4c54511-b161-4347-aec5-5236dc80a0d8@group-EFD1D20A002C: changes role from  FOLLOWER to FOLLOWER at term 379 for recognizeCandidate:bf55b3f9-6b09-4365-9d71-55289e083fa5
2019-10-16 18:01:22,056 [grpc-default-executor-0] INFO  impl.RaftServerImpl (RaftServerImpl.java:setRole(184)) - 907b9765-214b-4864-b66a-d6e2a5789e5c@group-EFD1D20A002C: changes role from  FOLLOWER to FOLLOWER at term 379 for recognizeCandidate:bf55b3f9-6b09-4365-9d71-55289e083fa5
2019-10-16 18:01:22,056 [grpc-default-executor-3] INFO  impl.RoleInfo (RoleInfo.java:shutdownFollowerState(121)) - f4c54511-b161-4347-aec5-5236dc80a0d8: shutdown FollowerState
2019-10-16 18:01:22,056 [grpc-default-executor-0] INFO  impl.RoleInfo (RoleInfo.java:shutdownFollowerState(121)) - 907b9765-214b-4864-b66a-d6e2a5789e5c: shutdown FollowerState
2019-10-16 18:01:22,056 [grpc-default-executor-0] INFO  impl.RoleInfo (RoleInfo.java:updateAndGet(143)) - 907b9765-214b-4864-b66a-d6e2a5789e5c: start FollowerState
2019-10-16 18:01:22,056 [Thread-2312] INFO  impl.FollowerState (FollowerState.java:run(117)) - f4c54511-b161-4347-aec5-5236dc80a0d8@group-EFD1D20A002C-FollowerState was interrupted: java.lang.InterruptedException: sleep interrupted
2019-10-16 18:01:22,056 [grpc-default-executor-3] INFO  impl.RoleInfo (RoleInfo.java:updateAndGet(143)) - f4c54511-b161-4347-aec5-5236dc80a0d8: start FollowerState
2019-10-16 18:01:22,056 [Thread-2311] INFO  impl.FollowerState (FollowerState.java:run(117)) - 907b9765-214b-4864-b66a-d6e2a5789e5c@group-EFD1D20A002C-FollowerState was interrupted: java.lang.InterruptedException: sleep interrupted
2019-10-16 18:01:22,077 [bf55b3f9-6b09-4365-9d71-55289e083fa5@group-EFD1D20A002C-LeaderElection328] INFO  impl.LeaderElection (LeaderElection.java:logAndReturn(56)) - bf55b3f9-6b09-4365-9d71-55289e083fa5@group-EFD1D20A002C-LeaderElection328: Election REJECTED; received 2 response(s) [bf55b3f9-6b09-4365-9d71-55289e083fa5<-f4c54511-b161-4347-aec5-5236dc80a0d8#0:FAIL-t379, bf55b3f9-6b09-4365-9d71-55289e083fa5<-907b9765-214b-4864-b66a-d6e2a5789e5c#0:FAIL-t379] and 0 exception(s); bf55b3f9-6b09-4365-9d71-55289e083fa5@group-EFD1D20A002C:t379, leader=null, voted=bf55b3f9-6b09-4365-9d71-55289e083fa5, raftlog=bf55b3f9-6b09-4365-9d71-55289e083fa5@group-EFD1D20A002C-SegmentedRaftLog:OPENED:c-1,f-1,i0, conf=-1: [f4c54511-b161-4347-aec5-5236dc80a0d8:0.0.0.0:41238, 907b9765-214b-4864-b66a-d6e2a5789e5c:0.0.0.0:41650, bf55b3f9-6b09-4365-9d71-55289e083fa5:0.0.0.0:42441], old=null
2019-10-16 18:01:22,077 [bf55b3f9-6b09-4365-9d71-55289e083fa5@group-EFD1D20A002C-LeaderElection328] INFO  impl.RaftServerImpl (RaftServerImpl.java:setRole(184)) - bf55b3f9-6b09-4365-9d71-55289e083fa5@group-EFD1D20A002C: changes role from CANDIDATE to FOLLOWER at term 379 for DISCOVERED_A_NEW_TERM
2019-10-16 18:01:22,078 [bf55b3f9-6b09-4365-9d71-55289e083fa5@group-EFD1D20A002C-LeaderElection328] INFO  impl.RoleInfo (RoleInfo.java:shutdownLeaderElection(134)) - bf55b3f9-6b09-4365-9d71-55289e083fa5: shutdown LeaderElection
2019-10-16 18:01:22,078 [bf55b3f9-6b09-4365-9d71-55289e083fa5@group-EFD1D20A002C-LeaderElection328] INFO  impl.RoleInfo (RoleInfo.java:updateAndGet(143)) - bf55b3f9-6b09-4365-9d71-55289e083fa5: start FollowerState
2019-10-16 18:01:22,203 [Thread-2319] INFO  impl.FollowerState (FollowerState.java:run(108)) - bf55b3f9-6b09-4365-9d71-55289e083fa5@group-EFD1D20A002C-FollowerState: change to CANDIDATE, lastRpcTime:125ms, electionTimeout:125ms
2019-10-16 18:01:22,203 [Thread-2319] INFO  impl.RoleInfo (RoleInfo.java:shutdownFollowerState(121)) - bf55b3f9-6b09-4365-9d71-55289e083fa5: shutdown FollowerState
2019-10-16 18:01:22,203 [Thread-2319] INFO  impl.RaftServerImpl (RaftServerImpl.java:setRole(184)) - bf55b3f9-6b09-4365-9d71-55289e083fa5@group-EFD1D20A002C: changes role from  FOLLOWER to CANDIDATE at term 379 for changeToCandidate
2019-10-16 18:01:22,203 [Thread-2319] INFO  impl.RoleInfo (RoleInfo.java:updateAndGet(143)) - bf55b3f9-6b09-4365-9d71-55289e083fa5: start LeaderElection
2019-10-16 18:01:22,242 [bf55b3f9-6b09-4365-9d71-55289e083fa5@group-EFD1D20A002C-LeaderElection329] INFO  impl.LeaderElection (LeaderElection.java:askForVotes(178)) - bf55b3f9-6b09-4365-9d71-55289e083fa5@group-EFD1D20A002C-LeaderElection329: begin an election at term 380 for -1: [f4c54511-b161-4347-aec5-5236dc80a0d8:0.0.0.0:41238, 907b9765-214b-4864-b66a-d6e2a5789e5c:0.0.0.0:41650, bf55b3f9-6b09-4365-9d71-55289e083fa5:0.0.0.0:42441], old=null
2019-10-16 18:01:22,244 [grpc-default-executor-3] INFO  impl.RaftServerImpl (RaftServerImpl.java:setRole(184)) - 907b9765-214b-4864-b66a-d6e2a5789e5c@group-EFD1D20A002C: changes role from  FOLLOWER to FOLLOWER at term 380 for recognizeCandidate:bf55b3f9-6b09-4365-9d71-55289e083fa5
2019-10-16 18:01:22,244 [grpc-default-executor-0] INFO  impl.RaftServerImpl (RaftServerImpl.java:setRole(184)) - f4c54511-b161-4347-aec5-5236dc80a0d8@group-EFD1D20A002C: changes role from  FOLLOWER to FOLLOWER at term 380 for recognizeCandidate:bf55b3f9-6b09-4365-9d71-55289e083fa5
2019-10-16 18:01:22,244 [grpc-default-executor-0] INFO  impl.RoleInfo (RoleInfo.java:shutdownFollowerState(121)) - f4c54511-b161-4347-aec5-5236dc80a0d8: shutdown FollowerState
2019-10-16 18:01:22,244 [grpc-default-executor-3] INFO  impl.RoleInfo (RoleInfo.java:shutdownFollowerState(121)) - 907b9765-214b-4864-b66a-d6e2a5789e5c: shutdown FollowerState
2019-10-16 18:01:22,245 [Thread-2317] INFO  impl.FollowerState (FollowerState.java:run(117)) - f4c54511-b161-4347-aec5-5236dc80a0d8@group-EFD1D20A002C-FollowerState was interrupted: java.lang.InterruptedException: sleep interrupted
2019-10-16 18:01:22,245 [grpc-default-executor-0] INFO  impl.RoleInfo (RoleInfo.java:updateAndGet(143)) - f4c54511-b161-4347-aec5-5236dc80a0d8: start FollowerState
2019-10-16 18:01:22,245 [Thread-2318] INFO  impl.FollowerState (FollowerState.java:run(117)) - 907b9765-214b-4864-b66a-d6e2a5789e5c@group-EFD1D20A002C-FollowerState was interrupted: java.lang.InterruptedException: sleep interrupted
2019-10-16 18:01:22,245 [grpc-default-executor-3] INFO  impl.RoleInfo (RoleInfo.java:updateAndGet(143)) - 907b9765-214b-4864-b66a-d6e2a5789e5c: start FollowerState
2019-10-16 18:01:22,247 [bf55b3f9-6b09-4365-9d71-55289e083fa5@group-EFD1D20A002C-LeaderElection329] INFO  impl.LeaderElection (LeaderElection.java:logAndReturn(56)) - bf55b3f9-6b09-4365-9d71-55289e083fa5@group-EFD1D20A002C-LeaderElection329: Election TIMEOUT; received 0 response(s) [] and 0 exception(s); bf55b3f9-6b09-4365-9d71-55289e083fa5@group-EFD1D20A002C:t380, leader=null, voted=bf55b3f9-6b09-4365-9d71-55289e083fa5, raftlog=bf55b3f9-6b09-4365-9d71-55289e083fa5@group-EFD1D20A002C-SegmentedRaftLog:OPENED:c-1,f-1,i0, conf=-1: [f4c54511-b161-4347-aec5-5236dc80a0d8:0.0.0.0:41238, 907b9765-214b-4864-b66a-d6e2a5789e5c:0.0.0.0:41650, bf55b3f9-6b09-4365-9d71-55289e083fa5:0.0.0.0:42441], old=null
2019-10-16 18:01:22,268 [bf55b3f9-6b09-4365-9d71-55289e083fa5@group-EFD1D20A002C-LeaderElection329] INFO  impl.LeaderElection (LeaderElection.java:askForVotes(178)) - bf55b3f9-6b09-4365-9d71-55289e083fa5@group-EFD1D20A002C-LeaderElection329: begin an election at term 381 for -1: [f4c54511-b161-4347-aec5-5236dc80a0d8:0.0.0.0:41238, 907b9765-214b-4864-b66a-d6e2a5789e5c:0.0.0.0:41650, bf55b3f9-6b09-4365-9d71-55289e083fa5:0.0.0.0:42441], old=null
2019-10-16 18:01:22,271 [grpc-default-executor-0] INFO  impl.RaftServerImpl (RaftServerImpl.java:setRole(184)) - 907b9765-214b-4864-b66a-d6e2a5789e5c@group-EFD1D20A002C: changes role from  FOLLOWER to FOLLOWER at term 381 for recognizeCandidate:bf55b3f9-6b09-4365-9d71-55289e083fa5
2019-10-16 18:01:22,271 [grpc-default-executor-3] INFO  impl.RaftServerImpl (RaftServerImpl.java:setRole(184)) - f4c54511-b161-4347-aec5-5236dc80a0d8@group-EFD1D20A002C: changes role from  FOLLOWER to FOLLOWER at term 381 for recognizeCandidate:bf55b3f9-6b09-4365-9d71-55289e083fa5
2019-10-16 18:01:22,272 [grpc-default-executor-0] INFO  impl.RoleInfo (RoleInfo.java:shutdownFollowerState(121)) - 907b9765-214b-4864-b66a-d6e2a5789e5c: shutdown FollowerState
2019-10-16 18:01:22,272 [grpc-default-executor-3] INFO  impl.RoleInfo (RoleInfo.java:shutdownFollowerState(121)) - f4c54511-b161-4347-aec5-5236dc80a0d8: shutdown FollowerState
2019-10-16 18:01:22,272 [grpc-default-executor-0] INFO  impl.RoleInfo (RoleInfo.java:updateAndGet(143)) - 907b9765-214b-4864-b66a-d6e2a5789e5c: start FollowerState
2019-10-16 18:01:22,272 [Thread-2326] INFO  impl.FollowerState (FollowerState.java:run(117)) - 907b9765-214b-4864-b66a-d6e2a5789e5c@group-EFD1D20A002C-FollowerState was interrupted: java.lang.InterruptedException: sleep interrupted
2019-10-16 18:01:22,272 [Thread-2325] INFO  impl.FollowerState (FollowerState.java:run(117)) - f4c54511-b161-4347-aec5-5236dc80a0d8@group-EFD1D20A002C-FollowerState was interrupted: java.lang.InterruptedException: sleep interrupted
2019-10-16 18:01:22,272 [grpc-default-executor-3] INFO  impl.RoleInfo (RoleInfo.java:updateAndGet(143)) - f4c54511-b161-4347-aec5-5236dc80a0d8: start FollowerState
2019-10-16 18:01:22,294 [bf55b3f9-6b09-4365-9d71-55289e083fa5@group-EFD1D20A002C-LeaderElection329] INFO  impl.LeaderElection (LeaderElection.java:logAndReturn(56)) - bf55b3f9-6b09-4365-9d71-55289e083fa5@group-EFD1D20A002C-LeaderElection329: Election REJECTED; received 2 response(s) [bf55b3f9-6b09-4365-9d71-55289e083fa5<-f4c54511-b161-4347-aec5-5236dc80a0d8#0:FAIL-t381, bf55b3f9-6b09-4365-9d71-55289e083fa5<-907b9765-214b-4864-b66a-d6e2a5789e5c#0:FAIL-t381] and 0 exception(s); bf55b3f9-6b09-4365-9d71-55289e083fa5@group-EFD1D20A002C:t381, leader=null, voted=bf55b3f9-6b09-4365-9d71-55289e083fa5, raftlog=bf55b3f9-6b09-4365-9d71-55289e083fa5@group-EFD1D20A002C-SegmentedRaftLog:OPENED:c-1,f-1,i0, conf=-1: [f4c54511-b161-4347-aec5-5236dc80a0d8:0.0.0.0:41238, 907b9765-214b-4864-b66a-d6e2a5789e5c:0.0.0.0:41650, bf55b3f9-6b09-4365-9d71-55289e083fa5:0.0.0.0:42441], old=null
2019-10-16 18:01:22,294 [bf55b3f9-6b09-4365-9d71-55289e083fa5@group-EFD1D20A002C-LeaderElection329] INFO  impl.RaftServerImpl (RaftServerImpl.java:setRole(184)) - bf55b3f9-6b09-4365-9d71-55289e083fa5@group-EFD1D20A002C: changes role from CANDIDATE to FOLLOWER at term 381 for DISCOVERED_A_NEW_TERM
2019-10-16 18:01:22,294 [bf55b3f9-6b09-4365-9d71-55289e083fa5@group-EFD1D20A002C-LeaderElection329] INFO  impl.RoleInfo (RoleInfo.java:shutdownLeaderElection(134)) - bf55b3f9-6b09-4365-9d71-55289e083fa5: shutdown LeaderElection
2019-10-16 18:01:22,294 [bf55b3f9-6b09-4365-9d71-55289e083fa5@group-EFD1D20A002C-LeaderElection329] INFO  impl.RoleInfo (RoleInfo.java:updateAndGet(143)) - bf55b3f9-6b09-4365-9d71-55289e083fa5: start FollowerState
2019-10-16 18:01:22,352 [Thread-2331] INFO  impl.FollowerState (FollowerState.java:run(108)) - bf55b3f9-6b09-4365-9d71-55289e083fa5@group-EFD1D20A002C-FollowerState: change to CANDIDATE, lastRpcTime:58ms, electionTimeout:58ms
2019-10-16 18:01:22,353 [Thread-2331] INFO  impl.RoleInfo (RoleInfo.java:shutdownFollowerState(121)) - bf55b3f9-6b09-4365-9d71-55289e083fa5: shutdown FollowerState
2019-10-16 18:01:22,353 [Thread-2331] INFO  impl.RaftServerImpl (RaftServerImpl.java:setRole(184)) - bf55b3f9-6b09-4365-9d71-55289e083fa5@group-EFD1D20A002C: changes role from  FOLLOWER to CANDIDATE at term 381 for changeToCandidate
2019-10-16 18:01:22,353 [Thread-2331] INFO  impl.RoleInfo (RoleInfo.java:updateAndGet(143)) - bf55b3f9-6b09-4365-9d71-55289e083fa5: start LeaderElection
2019-10-16 18:01:22,367 [bf55b3f9-6b09-4365-9d71-55289e083fa5@group-EFD1D20A002C-LeaderElection330] INFO  impl.LeaderElection (LeaderElection.java:askForVotes(178)) - bf55b3f9-6b09-4365-9d71-55289e083fa5@group-EFD1D20A002C-LeaderElection330: begin an election at term 382 for -1: [f4c54511-b161-4347-aec5-5236dc80a0d8:0.0.0.0:41238, 907b9765-214b-4864-b66a-d6e2a5789e5c:0.0.0.0:41650, bf55b3f9-6b09-4365-9d71-55289e083fa5:0.0.0.0:42441], old=null
2019-10-16 18:01:22,369 [grpc-default-executor-0] INFO  impl.RaftServerImpl (RaftServerImpl.java:setRole(184)) - f4c54511-b161-4347-aec5-5236dc80a0d8@group-EFD1D20A002C: changes role from  FOLLOWER to FOLLOWER at term 382 for recognizeCandidate:bf55b3f9-6b09-4365-9d71-55289e083fa5
2019-10-16 18:01:22,369 [grpc-default-executor-0] INFO  impl.RoleInfo (RoleInfo.java:shutdownFollowerState(121)) - f4c54511-b161-4347-aec5-5236dc80a0d8: shutdown FollowerState
2019-10-16 18:01:22,369 [grpc-default-executor-0] INFO  impl.RoleInfo (RoleInfo.java:updateAndGet(143)) - f4c54511-b161-4347-aec5-5236dc80a0d8: start FollowerState
2019-10-16 18:01:22,369 [Thread-2330] INFO  impl.FollowerState (FollowerState.java:run(117)) - f4c54511-b161-4347-aec5-5236dc80a0d8@group-EFD1D20A002C-FollowerState was interrupted: java.lang.InterruptedException: sleep interrupted
2019-10-16 18:01:22,369 [grpc-default-executor-3] INFO  impl.RaftServerImpl (RaftServerImpl.java:setRole(184)) - 907b9765-214b-4864-b66a-d6e2a5789e5c@group-EFD1D20A002C: changes role from  FOLLOWER to FOLLOWER at term 382 for recognizeCandidate:bf55b3f9-6b09-4365-9d71-55289e083fa5
2019-10-16 18:01:22,369 [grpc-default-executor-3] INFO  impl.RoleInfo (RoleInfo.java:shutdownFollowerState(121)) - 907b9765-214b-4864-b66a-d6e2a5789e5c: shutdown FollowerState
2019-10-16 18:01:22,369 [grpc-default-executor-3] INFO  impl.RoleInfo (RoleInfo.java:updateAndGet(143)) - 907b9765-214b-4864-b66a-d6e2a5789e5c: start FollowerState
2019-10-16 18:01:22,370 [Thread-2329] INFO  impl.FollowerState (FollowerState.java:run(117)) - 907b9765-214b-4864-b66a-d6e2a5789e5c@group-EFD1D20A002C-FollowerState was interrupted: java.lang.InterruptedException: sleep interrupted
2019-10-16 18:01:22,393 [bf55b3f9-6b09-4365-9d71-55289e083fa5@group-EFD1D20A002C-LeaderElection330] INFO  impl.LeaderElection (LeaderElection.java:logAndReturn(56)) - bf55b3f9-6b09-4365-9d71-55289e083fa5@group-EFD1D20A002C-LeaderElection330: Election REJECTED; received 2 response(s) [bf55b3f9-6b09-4365-9d71-55289e083fa5<-f4c54511-b161-4347-aec5-5236dc80a0d8#0:FAIL-t382, bf55b3f9-6b09-4365-9d71-55289e083fa5<-907b9765-214b-4864-b66a-d6e2a5789e5c#0:FAIL-t382] and 0 exception(s); bf55b3f9-6b09-4365-9d71-55289e083fa5@group-EFD1D20A002C:t382, leader=null, voted=bf55b3f9-6b09-4365-9d71-55289e083fa5, raftlog=bf55b3f9-6b09-4365-9d71-55289e083fa5@group-EFD1D20A002C-SegmentedRaftLog:OPENED:c-1,f-1,i0, conf=-1: [f4c54511-b161-4347-aec5-5236dc80a0d8:0.0.0.0:41238, 907b9765-214b-4864-b66a-d6e2a5789e5c:0.0.0.0:41650, bf55b3f9-6b09-4365-9d71-55289e083fa5:0.0.0.0:42441], old=null
2019-10-16 18:01:22,393 [bf55b3f9-6b09-4365-9d71-55289e083fa5@group-EFD1D20A002C-LeaderElection330] INFO  impl.RaftServerImpl (RaftServerImpl.java:setRole(184)) - bf55b3f9-6b09-4365-9d71-55289e083fa5@group-EFD1D20A002C: changes role from CANDIDATE to FOLLOWER at term 382 for DISCOVERED_A_NEW_TERM
2019-10-16 18:01:22,393 [bf55b3f9-6b09-4365-9d71-55289e083fa5@group-EFD1D20A002C-LeaderElection330] INFO  impl.RoleInfo (RoleInfo.java:shutdownLeaderElection(134)) - bf55b3f9-6b09-4365-9d71-55289e083fa5: shutdown LeaderElection
2019-10-16 18:01:22,393 [bf55b3f9-6b09-4365-9d71-55289e083fa5@group-EFD1D20A002C-LeaderElection330] INFO  impl.RoleInfo (RoleInfo.java:updateAndGet(143)) - bf55b3f9-6b09-4365-9d71-55289e083fa5: start FollowerState
2019-10-16 18:01:22,498 [Thread-2337] INFO  impl.FollowerState (FollowerState.java:run(108)) - bf55b3f9-6b09-4365-9d71-55289e083fa5@group-EFD1D20A002C-FollowerState: change to CANDIDATE, lastRpcTime:105ms, electionTimeout:105ms
2019-10-16 18:01:22,498 [Thread-2337] INFO  impl.RoleInfo (RoleInfo.java:shutdownFollowerState(121)) - bf55b3f9-6b09-4365-9d71-55289e083fa5: shutdown FollowerState
2019-10-16 18:01:22,498 [Thread-2337] INFO  impl.RaftServerImpl (RaftServerImpl.java:setRole(184)) - bf55b3f9-6b09-4365-9d71-55289e083fa5@group-EFD1D20A002C: changes role from  FOLLOWER to CANDIDATE at term 382 for changeToCandidate
2019-10-16 18:01:22,499 [Thread-2337] INFO  impl.RoleInfo (RoleInfo.java:updateAndGet(143)) - bf55b3f9-6b09-4365-9d71-55289e083fa5: start LeaderElection
2019-10-16 18:01:22,519 [bf55b3f9-6b09-4365-9d71-55289e083fa5@group-EFD1D20A002C-LeaderElection331] INFO  impl.LeaderElection (LeaderElection.java:askForVotes(178)) - bf55b3f9-6b09-4365-9d71-55289e083fa5@group-EFD1D20A002C-LeaderElection331: begin an election at term 383 for -1: [f4c54511-b161-4347-aec5-5236dc80a0d8:0.0.0.0:41238, 907b9765-214b-4864-b66a-d6e2a5789e5c:0.0.0.0:41650, bf55b3f9-6b09-4365-9d71-55289e083fa5:0.0.0.0:42441], old=null
2019-10-16 18:01:22,521 [grpc-default-executor-3] INFO  impl.RaftServerImpl (RaftServerImpl.java:setRole(184)) - f4c54511-b161-4347-aec5-5236dc80a0d8@group-EFD1D20A002C: changes role from  FOLLOWER to FOLLOWER at term 383 for recognizeCandidate:bf55b3f9-6b09-4365-9d71-55289e083fa5
2019-10-16 18:01:22,521 [grpc-default-executor-3] INFO  impl.RoleInfo (RoleInfo.java:shutdownFollowerState(121)) - f4c54511-b161-4347-aec5-5236dc80a0d8: shutdown FollowerState
2019-10-16 18:01:22,522 [grpc-default-executor-0] INFO  impl.RaftServerImpl (RaftServerImpl.java:setRole(184)) - 907b9765-214b-4864-b66a-d6e2a5789e5c@group-EFD1D20A002C: changes role from  FOLLOWER to FOLLOWER at term 383 for recognizeCandidate:bf55b3f9-6b09-4365-9d71-55289e083fa5
2019-10-16 18:01:22,522 [Thread-2335] INFO  impl.FollowerState (FollowerState.java:run(117)) - f4c54511-b161-4347-aec5-5236dc80a0d8@group-EFD1D20A002C-FollowerState was interrupted: java.lang.InterruptedException: sleep interrupted
2019-10-16 18:01:22,522 [grpc-default-executor-3] INFO  impl.RoleInfo (RoleInfo.java:updateAndGet(143)) - f4c54511-b161-4347-aec5-5236dc80a0d8: start FollowerState
2019-10-16 18:01:22,522 [grpc-default-executor-0] INFO  impl.RoleInfo (RoleInfo.java:shutdownFollowerState(121)) - 907b9765-214b-4864-b66a-d6e2a5789e5c: shutdown FollowerState
2019-10-16 18:01:22,522 [grpc-default-executor-0] INFO  impl.RoleInfo (RoleInfo.java:updateAndGet(143)) - 907b9765-214b-4864-b66a-d6e2a5789e5c: start FollowerState
2019-10-16 18:01:22,522 [Thread-2336] INFO  impl.FollowerState (FollowerState.java:run(117)) - 907b9765-214b-4864-b66a-d6e2a5789e5c@group-EFD1D20A002C-FollowerState was interrupted: java.lang.InterruptedException: sleep interrupted
2019-10-16 18:01:22,545 [bf55b3f9-6b09-4365-9d71-55289e083fa5@group-EFD1D20A002C-LeaderElection331] INFO  impl.LeaderElection (LeaderElection.java:logAndReturn(56)) - bf55b3f9-6b09-4365-9d71-55289e083fa5@group-EFD1D20A002C-LeaderElection331: Election REJECTED; received 2 response(s) [bf55b3f9-6b09-4365-9d71-55289e083fa5<-f4c54511-b161-4347-aec5-5236dc80a0d8#0:FAIL-t383, bf55b3f9-6b09-4365-9d71-55289e083fa5<-907b9765-214b-4864-b66a-d6e2a5789e5c#0:FAIL-t383] and 0 exception(s); bf55b3f9-6b09-4365-9d71-55289e083fa5@group-EFD1D20A002C:t383, leader=null, voted=bf55b3f9-6b09-4365-9d71-55289e083fa5, raftlog=bf55b3f9-6b09-4365-9d71-55289e083fa5@group-EFD1D20A002C-SegmentedRaftLog:OPENED:c-1,f-1,i0, conf=-1: [f4c54511-b161-4347-aec5-5236dc80a0d8:0.0.0.0:41238, 907b9765-214b-4864-b66a-d6e2a5789e5c:0.0.0.0:41650, bf55b3f9-6b09-4365-9d71-55289e083fa5:0.0.0.0:42441], old=null
2019-10-16 18:01:22,545 [bf55b3f9-6b09-4365-9d71-55289e083fa5@group-EFD1D20A002C-LeaderElection331] INFO  impl.RaftServerImpl (RaftServerImpl.java:setRole(184)) - bf55b3f9-6b09-4365-9d71-55289e083fa5@group-EFD1D20A002C: changes role from CANDIDATE to FOLLOWER at term 383 for DISCOVERED_A_NEW_TERM
2019-10-16 18:01:22,545 [bf55b3f9-6b09-4365-9d71-55289e083fa5@group-EFD1D20A002C-LeaderElection331] INFO  impl.RoleInfo (RoleInfo.java:shutdownLeaderElection(134)) - bf55b3f9-6b09-4365-9d71-55289e083fa5: shutdown LeaderElection
2019-10-16 18:01:22,545 [bf55b3f9-6b09-4365-9d71-55289e083fa5@group-EFD1D20A002C-LeaderElection331] INFO  impl.RoleInfo (RoleInfo.java:updateAndGet(143)) - bf55b3f9-6b09-4365-9d71-55289e083fa5: start FollowerState
2019-10-16 18:01:22,689 [Thread-2343] INFO  impl.FollowerState (FollowerState.java:run(108)) - bf55b3f9-6b09-4365-9d71-55289e083fa5@group-EFD1D20A002C-FollowerState: change to CANDIDATE, lastRpcTime:143ms, electionTimeout:143ms
2019-10-16 18:01:22,689 [Thread-2343] INFO  impl.RoleInfo (RoleInfo.java:shutdownFollowerState(121)) - bf55b3f9-6b09-4365-9d71-55289e083fa5: shutdown FollowerState
2019-10-16 18:01:22,689 [Thread-2343] INFO  impl.RaftServerImpl (RaftServerImpl.java:setRole(184)) - bf55b3f9-6b09-4365-9d71-55289e083fa5@group-EFD1D20A002C: changes role from  FOLLOWER to CANDIDATE at term 383 for changeToCandidate
2019-10-16 18:01:22,689 [Thread-2343] INFO  impl.RoleInfo (RoleInfo.java:updateAndGet(143)) - bf55b3f9-6b09-4365-9d71-55289e083fa5: start LeaderElection
2019-10-16 18:01:22,713 [bf55b3f9-6b09-4365-9d71-55289e083fa5@group-EFD1D20A002C-LeaderElection332] INFO  impl.LeaderElection (LeaderElection.java:askForVotes(178)) - bf55b3f9-6b09-4365-9d71-55289e083fa5@group-EFD1D20A002C-LeaderElection332: begin an election at term 384 for -1: [f4c54511-b161-4347-aec5-5236dc80a0d8:0.0.0.0:41238, 907b9765-214b-4864-b66a-d6e2a5789e5c:0.0.0.0:41650, bf55b3f9-6b09-4365-9d71-55289e083fa5:0.0.0.0:42441], old=null
2019-10-16 18:01:22,715 [grpc-default-executor-3] INFO  impl.RaftServerImpl (RaftServerImpl.java:setRole(184)) - f4c54511-b161-4347-aec5-5236dc80a0d8@group-EFD1D20A002C: changes role from  FOLLOWER to FOLLOWER at term 384 for recognizeCandidate:bf55b3f9-6b09-4365-9d71-55289e083fa5
2019-10-16 18:01:22,715 [grpc-default-executor-3] INFO  impl.RoleInfo (RoleInfo.java:shutdownFollowerState(121)) - f4c54511-b161-4347-aec5-5236dc80a0d8: shutdown FollowerState
2019-10-16 18:01:22,715 [grpc-default-executor-0] INFO  impl.RaftServerImpl (RaftServerImpl.java:setRole(184)) - 907b9765-214b-4864-b66a-d6e2a5789e5c@group-EFD1D20A002C: changes role from  FOLLOWER to FOLLOWER at term 384 for recognizeCandidate:bf55b3f9-6b09-4365-9d71-55289e083fa5
2019-10-16 18:01:22,715 [grpc-default-executor-0] INFO  impl.RoleInfo (RoleInfo.java:shutdownFollowerState(121)) - 907b9765-214b-4864-b66a-d6e2a5789e5c: shutdown FollowerState
2019-10-16 18:01:22,715 [Thread-2341] INFO  impl.FollowerState (FollowerState.java:run(117)) - f4c54511-b161-4347-aec5-5236dc80a0d8@group-EFD1D20A002C-FollowerState was interrupted: java.lang.InterruptedException: sleep interrupted
2019-10-16 18:01:22,715 [grpc-default-executor-3] INFO  impl.RoleInfo (RoleInfo.java:updateAndGet(143)) - f4c54511-b161-4347-aec5-5236dc80a0d8: start FollowerState
2019-10-16 18:01:22,715 [Thread-2342] INFO  impl.FollowerState (FollowerState.java:run(117)) - 907b9765-214b-4864-b66a-d6e2a5789e5c@group-EFD1D20A002C-FollowerState was interrupted: java.lang.InterruptedException: sleep interrupted
2019-10-16 18:01:22,715 [grpc-default-executor-0] INFO  impl.RoleInfo (RoleInfo.java:updateAndGet(143)) - 907b9765-214b-4864-b66a-d6e2a5789e5c: start FollowerState
2019-10-16 18:01:22,739 [bf55b3f9-6b09-4365-9d71-55289e083fa5@group-EFD1D20A002C-LeaderElection332] INFO  impl.LeaderElection (LeaderElection.java:logAndReturn(56)) - bf55b3f9-6b09-4365-9d71-55289e083fa5@group-EFD1D20A002C-LeaderElection332: Election REJECTED; received 2 response(s) [bf55b3f9-6b09-4365-9d71-55289e083fa5<-f4c54511-b161-4347-aec5-5236dc80a0d8#0:FAIL-t384, bf55b3f9-6b09-4365-9d71-55289e083fa5<-907b9765-214b-4864-b66a-d6e2a5789e5c#0:FAIL-t384] and 0 exception(s); bf55b3f9-6b09-4365-9d71-55289e083fa5@group-EFD1D20A002C:t384, leader=null, voted=bf55b3f9-6b09-4365-9d71-55289e083fa5, raftlog=bf55b3f9-6b09-4365-9d71-55289e083fa5@group-EFD1D20A002C-SegmentedRaftLog:OPENED:c-1,f-1,i0, conf=-1: [f4c54511-b161-4347-aec5-5236dc80a0d8:0.0.0.0:41238, 907b9765-214b-4864-b66a-d6e2a5789e5c:0.0.0.0:41650, bf55b3f9-6b09-4365-9d71-55289e083fa5:0.0.0.0:42441], old=null
2019-10-16 18:01:22,740 [bf55b3f9-6b09-4365-9d71-55289e083fa5@group-EFD1D20A002C-LeaderElection332] INFO  impl.RaftServerImpl (RaftServerImpl.java:setRole(184)) - bf55b3f9-6b09-4365-9d71-55289e083fa5@group-EFD1D20A002C: changes role from CANDIDATE to FOLLOWER at term 384 for DISCOVERED_A_NEW_TERM
2019-10-16 18:01:22,740 [bf55b3f9-6b09-4365-9d71-55289e083fa5@group-EFD1D20A002C-LeaderElection332] INFO  impl.RoleInfo (RoleInfo.java:shutdownLeaderElection(134)) - bf55b3f9-6b09-4365-9d71-55289e083fa5: shutdown LeaderElection
2019-10-16 18:01:22,740 [bf55b3f9-6b09-4365-9d71-55289e083fa5@group-EFD1D20A002C-LeaderElection332] INFO  impl.RoleInfo (RoleInfo.java:updateAndGet(143)) - bf55b3f9-6b09-4365-9d71-55289e083fa5: start FollowerState
2019-10-16 18:01:22,856 [Thread-2349] INFO  impl.FollowerState (FollowerState.java:run(108)) - bf55b3f9-6b09-4365-9d71-55289e083fa5@group-EFD1D20A002C-FollowerState: change to CANDIDATE, lastRpcTime:116ms, electionTimeout:116ms
2019-10-16 18:01:22,856 [Thread-2349] INFO  impl.RoleInfo (RoleInfo.java:shutdownFollowerState(121)) - bf55b3f9-6b09-4365-9d71-55289e083fa5: shutdown FollowerState
2019-10-16 18:01:22,857 [Thread-2349] INFO  impl.RaftServerImpl (RaftServerImpl.java:setRole(184)) - bf55b3f9-6b09-4365-9d71-55289e083fa5@group-EFD1D20A002C: changes role from  FOLLOWER to CANDIDATE at term 384 for changeToCandidate
2019-10-16 18:01:22,857 [Thread-2349] INFO  impl.RoleInfo (RoleInfo.java:updateAndGet(143)) - bf55b3f9-6b09-4365-9d71-55289e083fa5: start LeaderElection
2019-10-16 18:01:22,881 [bf55b3f9-6b09-4365-9d71-55289e083fa5@group-EFD1D20A002C-LeaderElection333] INFO  impl.LeaderElection (LeaderElection.java:askForVotes(178)) - bf55b3f9-6b09-4365-9d71-55289e083fa5@group-EFD1D20A002C-LeaderElection333: begin an election at term 385 for -1: [f4c54511-b161-4347-aec5-5236dc80a0d8:0.0.0.0:41238, 907b9765-214b-4864-b66a-d6e2a5789e5c:0.0.0.0:41650, bf55b3f9-6b09-4365-9d71-55289e083fa5:0.0.0.0:42441], old=null
2019-10-16 18:01:22,882 [grpc-default-executor-0] INFO  impl.RaftServerImpl (RaftServerImpl.java:setRole(184)) - f4c54511-b161-4347-aec5-5236dc80a0d8@group-EFD1D20A002C: changes role from  FOLLOWER to FOLLOWER at term 385 for recognizeCandidate:bf55b3f9-6b09-4365-9d71-55289e083fa5
2019-10-16 18:01:22,882 [grpc-default-executor-0] INFO  impl.RoleInfo (RoleInfo.java:shutdownFollowerState(121)) - f4c54511-b161-4347-aec5-5236dc80a0d8: shutdown FollowerState
2019-10-16 18:01:22,883 [grpc-default-executor-0] INFO  impl.RoleInfo (RoleInfo.java:updateAndGet(143)) - f4c54511-b161-4347-aec5-5236dc80a0d8: start FollowerState
2019-10-16 18:01:22,883 [Thread-2347] INFO  impl.FollowerState (FollowerState.java:run(117)) - f4c54511-b161-4347-aec5-5236dc80a0d8@group-EFD1D20A002C-FollowerState was interrupted: java.lang.InterruptedException: sleep interrupted
2019-10-16 18:01:22,883 [grpc-default-executor-3] INFO  impl.RaftServerImpl (RaftServerImpl.java:setRole(184)) - 907b9765-214b-4864-b66a-d6e2a5789e5c@group-EFD1D20A002C: changes role from  FOLLOWER to FOLLOWER at term 385 for recognizeCandidate:bf55b3f9-6b09-4365-9d71-55289e083fa5
2019-10-16 18:01:22,883 [grpc-default-executor-3] INFO  impl.RoleInfo (RoleInfo.java:shutdownFollowerState(121)) - 907b9765-214b-4864-b66a-d6e2a5789e5c: shutdown FollowerState
2019-10-16 18:01:22,883 [grpc-default-executor-3] INFO  impl.RoleInfo (RoleInfo.java:updateAndGet(143)) - 907b9765-214b-4864-b66a-d6e2a5789e5c: start FollowerState
2019-10-16 18:01:22,883 [Thread-2348] INFO  impl.FollowerState (FollowerState.java:run(117)) - 907b9765-214b-4864-b66a-d6e2a5789e5c@group-EFD1D20A002C-FollowerState was interrupted: java.lang.InterruptedException: sleep interrupted
2019-10-16 18:01:22,903 [bf55b3f9-6b09-4365-9d71-55289e083fa5@group-EFD1D20A002C-LeaderElection333] INFO  impl.LeaderElection (LeaderElection.java:logAndReturn(56)) - bf55b3f9-6b09-4365-9d71-55289e083fa5@group-EFD1D20A002C-LeaderElection333: Election REJECTED; received 2 response(s) [bf55b3f9-6b09-4365-9d71-55289e083fa5<-f4c54511-b161-4347-aec5-5236dc80a0d8#0:FAIL-t385, bf55b3f9-6b09-4365-9d71-55289e083fa5<-907b9765-214b-4864-b66a-d6e2a5789e5c#0:FAIL-t385] and 0 exception(s); bf55b3f9-6b09-4365-9d71-55289e083fa5@group-EFD1D20A002C:t385, leader=null, voted=bf55b3f9-6b09-4365-9d71-55289e083fa5, raftlog=bf55b3f9-6b09-4365-9d71-55289e083fa5@group-EFD1D20A002C-SegmentedRaftLog:OPENED:c-1,f-1,i0, conf=-1: [f4c54511-b161-4347-aec5-5236dc80a0d8:0.0.0.0:41238, 907b9765-214b-4864-b66a-d6e2a5789e5c:0.0.0.0:41650, bf55b3f9-6b09-4365-9d71-55289e083fa5:0.0.0.0:42441], old=null
2019-10-16 18:01:22,903 [bf55b3f9-6b09-4365-9d71-55289e083fa5@group-EFD1D20A002C-LeaderElection333] INFO  impl.RaftServerImpl (RaftServerImpl.java:setRole(184)) - bf55b3f9-6b09-4365-9d71-55289e083fa5@group-EFD1D20A002C: changes role from CANDIDATE to FOLLOWER at term 385 for DISCOVERED_A_NEW_TERM
2019-10-16 18:01:22,903 [bf55b3f9-6b09-4365-9d71-55289e083fa5@group-EFD1D20A002C-LeaderElection333] INFO  impl.RoleInfo (RoleInfo.java:shutdownLeaderElection(134)) - bf55b3f9-6b09-4365-9d71-55289e083fa5: shutdown LeaderElection
2019-10-16 18:01:22,903 [bf55b3f9-6b09-4365-9d71-55289e083fa5@group-EFD1D20A002C-LeaderElection333] INFO  impl.RoleInfo (RoleInfo.java:updateAndGet(143)) - bf55b3f9-6b09-4365-9d71-55289e083fa5: start FollowerState
2019-10-16 18:01:23,052 [Thread-2355] INFO  impl.FollowerState (FollowerState.java:run(108)) - bf55b3f9-6b09-4365-9d71-55289e083fa5@group-EFD1D20A002C-FollowerState: change to CANDIDATE, lastRpcTime:148ms, electionTimeout:148ms
2019-10-16 18:01:23,052 [Thread-2355] INFO  impl.RoleInfo (RoleInfo.java:shutdownFollowerState(121)) - bf55b3f9-6b09-4365-9d71-55289e083fa5: shutdown FollowerState
2019-10-16 18:01:23,052 [Thread-2355] INFO  impl.RaftServerImpl (RaftServerImpl.java:setRole(184)) - bf55b3f9-6b09-4365-9d71-55289e083fa5@group-EFD1D20A002C: changes role from  FOLLOWER to CANDIDATE at term 385 for changeToCandidate
2019-10-16 18:01:23,052 [Thread-2355] INFO  impl.RoleInfo (RoleInfo.java:updateAndGet(143)) - bf55b3f9-6b09-4365-9d71-55289e083fa5: start LeaderElection
2019-10-16 18:01:23,077 [bf55b3f9-6b09-4365-9d71-55289e083fa5@group-EFD1D20A002C-LeaderElection334] INFO  impl.LeaderElection (LeaderElection.java:askForVotes(178)) - bf55b3f9-6b09-4365-9d71-55289e083fa5@group-EFD1D20A002C-LeaderElection334: begin an election at term 386 for -1: [f4c54511-b161-4347-aec5-5236dc80a0d8:0.0.0.0:41238, 907b9765-214b-4864-b66a-d6e2a5789e5c:0.0.0.0:41650, bf55b3f9-6b09-4365-9d71-55289e083fa5:0.0.0.0:42441], old=null
2019-10-16 18:01:23,079 [grpc-default-executor-3] INFO  impl.RaftServerImpl (RaftServerImpl.java:setRole(184)) - f4c54511-b161-4347-aec5-5236dc80a0d8@group-EFD1D20A002C: changes role from  FOLLOWER to FOLLOWER at term 386 for recognizeCandidate:bf55b3f9-6b09-4365-9d71-55289e083fa5
2019-10-16 18:01:23,079 [grpc-default-executor-3] INFO  impl.RoleInfo (RoleInfo.java:shutdownFollowerState(121)) - f4c54511-b161-4347-aec5-5236dc80a0d8: shutdown FollowerState
2019-10-16 18:01:23,079 [grpc-default-executor-0] INFO  impl.RaftServerImpl (RaftServerImpl.java:setRole(184)) - 907b9765-214b-4864-b66a-d6e2a5789e5c@group-EFD1D20A002C: changes role from  FOLLOWER to FOLLOWER at term 386 for recognizeCandidate:bf55b3f9-6b09-4365-9d71-55289e083fa5
2019-10-16 18:01:23,079 [grpc-default-executor-0] INFO  impl.RoleInfo (RoleInfo.java:shutdownFollowerState(121)) - 907b9765-214b-4864-b66a-d6e2a5789e5c: shutdown FollowerState
2019-10-16 18:01:23,079 [Thread-2353] INFO  impl.FollowerState (FollowerState.java:run(117)) - f4c54511-b161-4347-aec5-5236dc80a0d8@group-EFD1D20A002C-FollowerState was interrupted: java.lang.InterruptedException: sleep interrupted
2019-10-16 18:01:23,079 [Thread-2354] INFO  impl.FollowerState (FollowerState.java:run(117)) - 907b9765-214b-4864-b66a-d6e2a5789e5c@group-EFD1D20A002C-FollowerState was interrupted: java.lang.InterruptedException: sleep interrupted
2019-10-16 18:01:23,079 [grpc-default-executor-3] INFO  impl.RoleInfo (RoleInfo.java:updateAndGet(143)) - f4c54511-b161-4347-aec5-5236dc80a0d8: start FollowerState
2019-10-16 18:01:23,079 [grpc-default-executor-0] INFO  impl.RoleInfo (RoleInfo.java:updateAndGet(143)) - 907b9765-214b-4864-b66a-d6e2a5789e5c: start FollowerState
2019-10-16 18:01:23,103 [bf55b3f9-6b09-4365-9d71-55289e083fa5@group-EFD1D20A002C-LeaderElection334] INFO  impl.LeaderElection (LeaderElection.java:logAndReturn(56)) - bf55b3f9-6b09-4365-9d71-55289e083fa5@group-EFD1D20A002C-LeaderElection334: Election REJECTED; received 2 response(s) [bf55b3f9-6b09-4365-9d71-55289e083fa5<-f4c54511-b161-4347-aec5-5236dc80a0d8#0:FAIL-t386, bf55b3f9-6b09-4365-9d71-55289e083fa5<-907b9765-214b-4864-b66a-d6e2a5789e5c#0:FAIL-t386] and 0 exception(s); bf55b3f9-6b09-4365-9d71-55289e083fa5@group-EFD1D20A002C:t386, leader=null, voted=bf55b3f9-6b09-4365-9d71-55289e083fa5, raftlog=bf55b3f9-6b09-4365-9d71-55289e083fa5@group-EFD1D20A002C-SegmentedRaftLog:OPENED:c-1,f-1,i0, conf=-1: [f4c54511-b161-4347-aec5-5236dc80a0d8:0.0.0.0:41238, 907b9765-214b-4864-b66a-d6e2a5789e5c:0.0.0.0:41650, bf55b3f9-6b09-4365-9d71-55289e083fa5:0.0.0.0:42441], old=null
2019-10-16 18:01:23,103 [bf55b3f9-6b09-4365-9d71-55289e083fa5@group-EFD1D20A002C-LeaderElection334] INFO  impl.RaftServerImpl (RaftServerImpl.java:setRole(184)) - bf55b3f9-6b09-4365-9d71-55289e083fa5@group-EFD1D20A002C: changes role from CANDIDATE to FOLLOWER at term 386 for DISCOVERED_A_NEW_TERM
2019-10-16 18:01:23,103 [bf55b3f9-6b09-4365-9d71-55289e083fa5@group-EFD1D20A002C-LeaderElection334] INFO  impl.RoleInfo (RoleInfo.java:shutdownLeaderElection(134)) - bf55b3f9-6b09-4365-9d71-55289e083fa5: shutdown LeaderElection
2019-10-16 18:01:23,104 [bf55b3f9-6b09-4365-9d71-55289e083fa5@group-EFD1D20A002C-LeaderElection334] INFO  impl.RoleInfo (RoleInfo.java:updateAndGet(143)) - bf55b3f9-6b09-4365-9d71-55289e083fa5: start FollowerState
2019-10-16 18:01:23,215 [Thread-2361] INFO  impl.FollowerState (FollowerState.java:run(108)) - bf55b3f9-6b09-4365-9d71-55289e083fa5@group-EFD1D20A002C-FollowerState: change to CANDIDATE, lastRpcTime:111ms, electionTimeout:111ms
2019-10-16 18:01:23,215 [Thread-2361] INFO  impl.RoleInfo (RoleInfo.java:shutdownFollowerState(121)) - bf55b3f9-6b09-4365-9d71-55289e083fa5: shutdown FollowerState
2019-10-16 18:01:23,215 [Thread-2361] INFO  impl.RaftServerImpl (RaftServerImpl.java:setRole(184)) - bf55b3f9-6b09-4365-9d71-55289e083fa5@group-EFD1D20A002C: changes role from  FOLLOWER to CANDIDATE at term 386 for changeToCandidate
2019-10-16 18:01:23,215 [Thread-2361] INFO  impl.RoleInfo (RoleInfo.java:updateAndGet(143)) - bf55b3f9-6b09-4365-9d71-55289e083fa5: start LeaderElection
2019-10-16 18:01:23,245 [bf55b3f9-6b09-4365-9d71-55289e083fa5@group-EFD1D20A002C-LeaderElection335] INFO  impl.LeaderElection (LeaderElection.java:askForVotes(178)) - bf55b3f9-6b09-4365-9d71-55289e083fa5@group-EFD1D20A002C-LeaderElection335: begin an election at term 387 for -1: [f4c54511-b161-4347-aec5-5236dc80a0d8:0.0.0.0:41238, 907b9765-214b-4864-b66a-d6e2a5789e5c:0.0.0.0:41650, bf55b3f9-6b09-4365-9d71-55289e083fa5:0.0.0.0:42441], old=null
2019-10-16 18:01:23,246 [grpc-default-executor-3] INFO  impl.RaftServerImpl (RaftServerImpl.java:setRole(184)) - f4c54511-b161-4347-aec5-5236dc80a0d8@group-EFD1D20A002C: changes role from  FOLLOWER to FOLLOWER at term 387 for recognizeCandidate:bf55b3f9-6b09-4365-9d71-55289e083fa5
2019-10-16 18:01:23,247 [grpc-default-executor-0] INFO  impl.RaftServerImpl (RaftServerImpl.java:setRole(184)) - 907b9765-214b-4864-b66a-d6e2a5789e5c@group-EFD1D20A002C: changes role from  FOLLOWER to FOLLOWER at term 387 for recognizeCandidate:bf55b3f9-6b09-4365-9d71-55289e083fa5
2019-10-16 18:01:23,247 [grpc-default-executor-3] INFO  impl.RoleInfo (RoleInfo.java:shutdownFollowerState(121)) - f4c54511-b161-4347-aec5-5236dc80a0d8: shutdown FollowerState
2019-10-16 18:01:23,247 [grpc-default-executor-0] INFO  impl.RoleInfo (RoleInfo.java:shutdownFollowerState(121)) - 907b9765-214b-4864-b66a-d6e2a5789e5c: shutdown FollowerState
2019-10-16 18:01:23,247 [Thread-2359] INFO  impl.FollowerState (FollowerState.java:run(117)) - f4c54511-b161-4347-aec5-5236dc80a0d8@group-EFD1D20A002C-FollowerState was interrupted: java.lang.InterruptedException: sleep interrupted
2019-10-16 18:01:23,247 [grpc-default-executor-3] INFO  impl.RoleInfo (RoleInfo.java:updateAndGet(143)) - f4c54511-b161-4347-aec5-5236dc80a0d8: start FollowerState
2019-10-16 18:01:23,247 [Thread-2360] INFO  impl.FollowerState (FollowerState.java:run(117)) - 907b9765-214b-4864-b66a-d6e2a5789e5c@group-EFD1D20A002C-FollowerState was interrupted: java.lang.InterruptedException: sleep interrupted
2019-10-16 18:01:23,247 [grpc-default-executor-0] INFO  impl.RoleInfo (RoleInfo.java:updateAndGet(143)) - 907b9765-214b-4864-b66a-d6e2a5789e5c: start FollowerState
2019-10-16 18:01:23,271 [bf55b3f9-6b09-4365-9d71-55289e083fa5@group-EFD1D20A002C-LeaderElection335] INFO  impl.LeaderElection (LeaderElection.java:logAndReturn(56)) - bf55b3f9-6b09-4365-9d71-55289e083fa5@group-EFD1D20A002C-LeaderElection335: Election REJECTED; received 2 response(s) [bf55b3f9-6b09-4365-9d71-55289e083fa5<-f4c54511-b161-4347-aec5-5236dc80a0d8#0:FAIL-t387, bf55b3f9-6b09-4365-9d71-55289e083fa5<-907b9765-214b-4864-b66a-d6e2a5789e5c#0:FAIL-t387] and 0 exception(s); bf55b3f9-6b09-4365-9d71-55289e083fa5@group-EFD1D20A002C:t387, leader=null, voted=bf55b3f9-6b09-4365-9d71-55289e083fa5, raftlog=bf55b3f9-6b09-4365-9d71-55289e083fa5@group-EFD1D20A002C-SegmentedRaftLog:OPENED:c-1,f-1,i0, conf=-1: [f4c54511-b161-4347-aec5-5236dc80a0d8:0.0.0.0:41238, 907b9765-214b-4864-b66a-d6e2a5789e5c:0.0.0.0:41650, bf55b3f9-6b09-4365-9d71-55289e083fa5:0.0.0.0:42441], old=null
2019-10-16 18:01:23,271 [bf55b3f9-6b09-4365-9d71-55289e083fa5@group-EFD1D20A002C-LeaderElection335] INFO  impl.RaftServerImpl (RaftServerImpl.java:setRole(184)) - bf55b3f9-6b09-4365-9d71-55289e083fa5@group-EFD1D20A002C: changes role from CANDIDATE to FOLLOWER at term 387 for DISCOVERED_A_NEW_TERM
2019-10-16 18:01:23,271 [bf55b3f9-6b09-4365-9d71-55289e083fa5@group-EFD1D20A002C-LeaderElection335] INFO  impl.RoleInfo (RoleInfo.java:shutdownLeaderElection(134)) - bf55b3f9-6b09-4365-9d71-55289e083fa5: shutdown LeaderElection
2019-10-16 18:01:23,271 [bf55b3f9-6b09-4365-9d71-55289e083fa5@group-EFD1D20A002C-LeaderElection335] INFO  impl.RoleInfo (RoleInfo.java:updateAndGet(143)) - bf55b3f9-6b09-4365-9d71-55289e083fa5: start FollowerState
2019-10-16 18:01:23,375 [Thread-2369] INFO  impl.FollowerState (FollowerState.java:run(108)) - bf55b3f9-6b09-4365-9d71-55289e083fa5@group-EFD1D20A002C-FollowerState: change to CANDIDATE, lastRpcTime:103ms, electionTimeout:103ms
2019-10-16 18:01:23,375 [Thread-2369] INFO  impl.RoleInfo (RoleInfo.java:shutdownFollowerState(121)) - bf55b3f9-6b09-4365-9d71-55289e083fa5: shutdown FollowerState
2019-10-16 18:01:23,375 [Thread-2369] INFO  impl.RaftServerImpl (RaftServerImpl.java:setRole(184)) - bf55b3f9-6b09-4365-9d71-55289e083fa5@group-EFD1D20A002C: changes role from  FOLLOWER to CANDIDATE at term 387 for changeToCandidate
2019-10-16 18:01:23,375 [Thread-2369] INFO  impl.RoleInfo (RoleInfo.java:updateAndGet(143)) - bf55b3f9-6b09-4365-9d71-55289e083fa5: start LeaderElection
2019-10-16 18:01:23,405 [bf55b3f9-6b09-4365-9d71-55289e083fa5@group-EFD1D20A002C-LeaderElection336] INFO  impl.LeaderElection (LeaderElection.java:askForVotes(178)) - bf55b3f9-6b09-4365-9d71-55289e083fa5@group-EFD1D20A002C-LeaderElection336: begin an election at term 388 for -1: [f4c54511-b161-4347-aec5-5236dc80a0d8:0.0.0.0:41238, 907b9765-214b-4864-b66a-d6e2a5789e5c:0.0.0.0:41650, bf55b3f9-6b09-4365-9d71-55289e083fa5:0.0.0.0:42441], old=null
2019-10-16 18:01:23,407 [grpc-default-executor-3] INFO  impl.RaftServerImpl (RaftServerImpl.java:setRole(184)) - f4c54511-b161-4347-aec5-5236dc80a0d8@group-EFD1D20A002C: changes role from  FOLLOWER to FOLLOWER at term 388 for recognizeCandidate:bf55b3f9-6b09-4365-9d71-55289e083fa5
2019-10-16 18:01:23,407 [grpc-default-executor-0] INFO  impl.RaftServerImpl (RaftServerImpl.java:setRole(184)) - 907b9765-214b-4864-b66a-d6e2a5789e5c@group-EFD1D20A002C: changes role from  FOLLOWER to FOLLOWER at term 388 for recognizeCandidate:bf55b3f9-6b09-4365-9d71-55289e083fa5
2019-10-16 18:01:23,407 [grpc-default-executor-0] INFO  impl.RoleInfo (RoleInfo.java:shutdownFollowerState(121)) - 907b9765-214b-4864-b66a-d6e2a5789e5c: shutdown FollowerState
2019-10-16 18:01:23,407 [grpc-default-executor-3] INFO  impl.RoleInfo (RoleInfo.java:shutdownFollowerState(121)) - f4c54511-b161-4347-aec5-5236dc80a0d8: shutdown FollowerState
2019-10-16 18:01:23,407 [Thread-2368] INFO  impl.FollowerState (FollowerState.java:run(117)) - 907b9765-214b-4864-b66a-d6e2a5789e5c@group-EFD1D20A002C-FollowerState was interrupted: java.lang.InterruptedException: sleep interrupted
2019-10-16 18:01:23,407 [grpc-default-executor-0] INFO  impl.RoleInfo (RoleInfo.java:updateAndGet(143)) - 907b9765-214b-4864-b66a-d6e2a5789e5c: start FollowerState
2019-10-16 18:01:23,407 [Thread-2367] INFO  impl.FollowerState (FollowerState.java:run(117)) - f4c54511-b161-4347-aec5-5236dc80a0d8@group-EFD1D20A002C-FollowerState was interrupted: java.lang.InterruptedException: sleep interrupted
2019-10-16 18:01:23,407 [grpc-default-executor-3] INFO  impl.RoleInfo (RoleInfo.java:updateAndGet(143)) - f4c54511-b161-4347-aec5-5236dc80a0d8: start FollowerState
2019-10-16 18:01:23,431 [bf55b3f9-6b09-4365-9d71-55289e083fa5@group-EFD1D20A002C-LeaderElection336] INFO  impl.LeaderElection (LeaderElection.java:logAndReturn(56)) - bf55b3f9-6b09-4365-9d71-55289e083fa5@group-EFD1D20A002C-LeaderElection336: Election REJECTED; received 2 response(s) [bf55b3f9-6b09-4365-9d71-55289e083fa5<-f4c54511-b161-4347-aec5-5236dc80a0d8#0:FAIL-t388, bf55b3f9-6b09-4365-9d71-55289e083fa5<-907b9765-214b-4864-b66a-d6e2a5789e5c#0:FAIL-t388] and 0 exception(s); bf55b3f9-6b09-4365-9d71-55289e083fa5@group-EFD1D20A002C:t388, leader=null, voted=bf55b3f9-6b09-4365-9d71-55289e083fa5, raftlog=bf55b3f9-6b09-4365-9d71-55289e083fa5@group-EFD1D20A002C-SegmentedRaftLog:OPENED:c-1,f-1,i0, conf=-1: [f4c54511-b161-4347-aec5-5236dc80a0d8:0.0.0.0:41238, 907b9765-214b-4864-b66a-d6e2a5789e5c:0.0.0.0:41650, bf55b3f9-6b09-4365-9d71-55289e083fa5:0.0.0.0:42441], old=null
2019-10-16 18:01:23,431 [bf55b3f9-6b09-4365-9d71-55289e083fa5@group-EFD1D20A002C-LeaderElection336] INFO  impl.RaftServerImpl (RaftServerImpl.java:setRole(184)) - bf55b3f9-6b09-4365-9d71-55289e083fa5@group-EFD1D20A002C: changes role from CANDIDATE to FOLLOWER at term 388 for DISCOVERED_A_NEW_TERM
2019-10-16 18:01:23,431 [bf55b3f9-6b09-4365-9d71-55289e083fa5@group-EFD1D20A002C-LeaderElection336] INFO  impl.RoleInfo (RoleInfo.java:shutdownLeaderElection(134)) - bf55b3f9-6b09-4365-9d71-55289e083fa5: shutdown LeaderElection
2019-10-16 18:01:23,432 [bf55b3f9-6b09-4365-9d71-55289e083fa5@group-EFD1D20A002C-LeaderElection336] INFO  impl.RoleInfo (RoleInfo.java:updateAndGet(143)) - bf55b3f9-6b09-4365-9d71-55289e083fa5: start FollowerState
2019-10-16 18:01:23,496 [Thread-2375] INFO  impl.FollowerState (FollowerState.java:run(108)) - bf55b3f9-6b09-4365-9d71-55289e083fa5@group-EFD1D20A002C-FollowerState: change to CANDIDATE, lastRpcTime:64ms, electionTimeout:64ms
2019-10-16 18:01:23,496 [Thread-2375] INFO  impl.RoleInfo (RoleInfo.java:shutdownFollowerState(121)) - bf55b3f9-6b09-4365-9d71-55289e083fa5: shutdown FollowerState
2019-10-16 18:01:23,496 [Thread-2375] INFO  impl.RaftServerImpl (RaftServerImpl.java:setRole(184)) - bf55b3f9-6b09-4365-9d71-55289e083fa5@group-EFD1D20A002C: changes role from  FOLLOWER to CANDIDATE at term 388 for changeToCandidate
2019-10-16 18:01:23,497 [Thread-2375] INFO  impl.RoleInfo (RoleInfo.java:updateAndGet(143)) - bf55b3f9-6b09-4365-9d71-55289e083fa5: start LeaderElection
2019-10-16 18:01:23,523 [bf55b3f9-6b09-4365-9d71-55289e083fa5@group-EFD1D20A002C-LeaderElection337] INFO  impl.LeaderElection (LeaderElection.java:askForVotes(178)) - bf55b3f9-6b09-4365-9d71-55289e083fa5@group-EFD1D20A002C-LeaderElection337: begin an election at term 389 for -1: [f4c54511-b161-4347-aec5-5236dc80a0d8:0.0.0.0:41238, 907b9765-214b-4864-b66a-d6e2a5789e5c:0.0.0.0:41650, bf55b3f9-6b09-4365-9d71-55289e083fa5:0.0.0.0:42441], old=null
2019-10-16 18:01:23,525 [grpc-default-executor-3] INFO  impl.RaftServerImpl (RaftServerImpl.java:setRole(184)) - f4c54511-b161-4347-aec5-5236dc80a0d8@group-EFD1D20A002C: changes role from  FOLLOWER to FOLLOWER at term 389 for recognizeCandidate:bf55b3f9-6b09-4365-9d71-55289e083fa5
2019-10-16 18:01:23,525 [grpc-default-executor-3] INFO  impl.RoleInfo (RoleInfo.java:shutdownFollowerState(121)) - f4c54511-b161-4347-aec5-5236dc80a0d8: shutdown FollowerState
2019-10-16 18:01:23,525 [grpc-default-executor-0] INFO  impl.RaftServerImpl (RaftServerImpl.java:setRole(184)) - 907b9765-214b-4864-b66a-d6e2a5789e5c@group-EFD1D20A002C: changes role from  FOLLOWER to FOLLOWER at term 389 for recognizeCandidate:bf55b3f9-6b09-4365-9d71-55289e083fa5
2019-10-16 18:01:23,525 [grpc-default-executor-0] INFO  impl.RoleInfo (RoleInfo.java:shutdownFollowerState(121)) - 907b9765-214b-4864-b66a-d6e2a5789e5c: shutdown FollowerState
2019-10-16 18:01:23,525 [grpc-default-executor-0] INFO  impl.RoleInfo (RoleInfo.java:updateAndGet(143)) - 907b9765-214b-4864-b66a-d6e2a5789e5c: start FollowerState
2019-10-16 18:01:23,525 [Thread-2374] INFO  impl.FollowerState (FollowerState.java:run(117)) - f4c54511-b161-4347-aec5-5236dc80a0d8@group-EFD1D20A002C-FollowerState was interrupted: java.lang.InterruptedException: sleep interrupted
2019-10-16 18:01:23,525 [grpc-default-executor-3] INFO  impl.RoleInfo (RoleInfo.java:updateAndGet(143)) - f4c54511-b161-4347-aec5-5236dc80a0d8: start FollowerState
2019-10-16 18:01:23,525 [Thread-2373] INFO  impl.FollowerState (FollowerState.java:run(117)) - 907b9765-214b-4864-b66a-d6e2a5789e5c@group-EFD1D20A002C-FollowerState was interrupted: java.lang.InterruptedException: sleep interrupted
2019-10-16 18:01:23,550 [bf55b3f9-6b09-4365-9d71-55289e083fa5@group-EFD1D20A002C-LeaderElection337] INFO  impl.LeaderElection (LeaderElection.java:logAndReturn(56)) - bf55b3f9-6b09-4365-9d71-55289e083fa5@group-EFD1D20A002C-LeaderElection337: Election REJECTED; received 2 response(s) [bf55b3f9-6b09-4365-9d71-55289e083fa5<-f4c54511-b161-4347-aec5-5236dc80a0d8#0:FAIL-t389, bf55b3f9-6b09-4365-9d71-55289e083fa5<-907b9765-214b-4864-b66a-d6e2a5789e5c#0:FAIL-t389] and 0 exception(s); bf55b3f9-6b09-4365-9d71-55289e083fa5@group-EFD1D20A002C:t389, leader=null, voted=bf55b3f9-6b09-4365-9d71-55289e083fa5, raftlog=bf55b3f9-6b09-4365-9d71-55289e083fa5@group-EFD1D20A002C-SegmentedRaftLog:OPENED:c-1,f-1,i0, conf=-1: [f4c54511-b161-4347-aec5-5236dc80a0d8:0.0.0.0:41238, 907b9765-214b-4864-b66a-d6e2a5789e5c:0.0.0.0:41650, bf55b3f9-6b09-4365-9d71-55289e083fa5:0.0.0.0:42441], old=null
2019-10-16 18:01:23,550 [bf55b3f9-6b09-4365-9d71-55289e083fa5@group-EFD1D20A002C-LeaderElection337] INFO  impl.RaftServerImpl (RaftServerImpl.java:setRole(184)) - bf55b3f9-6b09-4365-9d71-55289e083fa5@group-EFD1D20A002C: changes role from CANDIDATE to FOLLOWER at term 389 for DISCOVERED_A_NEW_TERM
2019-10-16 18:01:23,551 [bf55b3f9-6b09-4365-9d71-55289e083fa5@group-EFD1D20A002C-LeaderElection337] INFO  impl.RoleInfo (RoleInfo.java:shutdownLeaderElection(134)) - bf55b3f9-6b09-4365-9d71-55289e083fa5: shutdown LeaderElection
2019-10-16 18:01:23,551 [bf55b3f9-6b09-4365-9d71-55289e083fa5@group-EFD1D20A002C-LeaderElection337] INFO  impl.RoleInfo (RoleInfo.java:updateAndGet(143)) - bf55b3f9-6b09-4365-9d71-55289e083fa5: start FollowerState
2019-10-16 18:01:23,721 [Thread-2381] INFO  impl.FollowerState (FollowerState.java:run(108)) - bf55b3f9-6b09-4365-9d71-55289e083fa5@group-EFD1D20A002C-FollowerState: change to CANDIDATE, lastRpcTime:170ms, electionTimeout:170ms
2019-10-16 18:01:23,721 [Thread-2381] INFO  impl.RoleInfo (RoleInfo.java:shutdownFollowerState(121)) - bf55b3f9-6b09-4365-9d71-55289e083fa5: shutdown FollowerState
2019-10-16 18:01:23,721 [Thread-2381] INFO  impl.RaftServerImpl (RaftServerImpl.java:setRole(184)) - bf55b3f9-6b09-4365-9d71-55289e083fa5@group-EFD1D20A002C: changes role from  FOLLOWER to CANDIDATE at term 389 for changeToCandidate
2019-10-16 18:01:23,722 [Thread-2381] INFO  impl.RoleInfo (RoleInfo.java:updateAndGet(143)) - bf55b3f9-6b09-4365-9d71-55289e083fa5: start LeaderElection
2019-10-16 18:01:23,745 [bf55b3f9-6b09-4365-9d71-55289e083fa5@group-EFD1D20A002C-LeaderElection338] INFO  impl.LeaderElection (LeaderElection.java:askForVotes(178)) - bf55b3f9-6b09-4365-9d71-55289e083fa5@group-EFD1D20A002C-LeaderElection338: begin an election at term 390 for -1: [f4c54511-b161-4347-aec5-5236dc80a0d8:0.0.0.0:41238, 907b9765-214b-4864-b66a-d6e2a5789e5c:0.0.0.0:41650, bf55b3f9-6b09-4365-9d71-55289e083fa5:0.0.0.0:42441], old=null
2019-10-16 18:01:23,746 [grpc-default-executor-0] INFO  impl.RaftServerImpl (RaftServerImpl.java:setRole(184)) - 907b9765-214b-4864-b66a-d6e2a5789e5c@group-EFD1D20A002C: changes role from  FOLLOWER to FOLLOWER at term 390 for recognizeCandidate:bf55b3f9-6b09-4365-9d71-55289e083fa5
2019-10-16 18:01:23,746 [grpc-default-executor-3] INFO  impl.RaftServerImpl (RaftServerImpl.java:setRole(184)) - f4c54511-b161-4347-aec5-5236dc80a0d8@group-EFD1D20A002C: changes role from  FOLLOWER to FOLLOWER at term 390 for recognizeCandidate:bf55b3f9-6b09-4365-9d71-55289e083fa5
2019-10-16 18:01:23,746 [grpc-default-executor-0] INFO  impl.RoleInfo (RoleInfo.java:shutdownFollowerState(121)) - 907b9765-214b-4864-b66a-d6e2a5789e5c: shutdown FollowerState
2019-10-16 18:01:23,747 [grpc-default-executor-3] INFO  impl.RoleInfo (RoleInfo.java:shutdownFollowerState(121)) - f4c54511-b161-4347-aec5-5236dc80a0d8: shutdown FollowerState
2019-10-16 18:01:23,747 [Thread-2380] INFO  impl.FollowerState (FollowerState.java:run(117)) - 907b9765-214b-4864-b66a-d6e2a5789e5c@group-EFD1D20A002C-FollowerState was interrupted: java.lang.InterruptedException: sleep interrupted
2019-10-16 18:01:23,747 [grpc-default-executor-0] INFO  impl.RoleInfo (RoleInfo.java:updateAndGet(143)) - 907b9765-214b-4864-b66a-d6e2a5789e5c: start FollowerState
2019-10-16 18:01:23,747 [Thread-2379] INFO  impl.FollowerState (FollowerState.java:run(117)) - f4c54511-b161-4347-aec5-5236dc80a0d8@group-EFD1D20A002C-FollowerState was interrupted: java.lang.InterruptedException: sleep interrupted
2019-10-16 18:01:23,747 [grpc-default-executor-3] INFO  impl.RoleInfo (RoleInfo.java:updateAndGet(143)) - f4c54511-b161-4347-aec5-5236dc80a0d8: start FollowerState
2019-10-16 18:01:23,910 [bf55b3f9-6b09-4365-9d71-55289e083fa5@group-EFD1D20A002C-LeaderElection338] INFO  impl.LeaderElection (LeaderElection.java:logAndReturn(56)) - bf55b3f9-6b09-4365-9d71-55289e083fa5@group-EFD1D20A002C-LeaderElection338: Election TIMEOUT; received 0 response(s) [] and 0 exception(s); bf55b3f9-6b09-4365-9d71-55289e083fa5@group-EFD1D20A002C:t390, leader=null, voted=bf55b3f9-6b09-4365-9d71-55289e083fa5, raftlog=bf55b3f9-6b09-4365-9d71-55289e083fa5@group-EFD1D20A002C-SegmentedRaftLog:OPENED:c-1,f-1,i0, conf=-1: [f4c54511-b161-4347-aec5-5236dc80a0d8:0.0.0.0:41238, 907b9765-214b-4864-b66a-d6e2a5789e5c:0.0.0.0:41650, bf55b3f9-6b09-4365-9d71-55289e083fa5:0.0.0.0:42441], old=null
2019-10-16 18:01:23,934 [bf55b3f9-6b09-4365-9d71-55289e083fa5@group-EFD1D20A002C-LeaderElection338] INFO  impl.LeaderElection (LeaderElection.java:askForVotes(178)) - bf55b3f9-6b09-4365-9d71-55289e083fa5@group-EFD1D20A002C-LeaderElection338: begin an election at term 391 for -1: [f4c54511-b161-4347-aec5-5236dc80a0d8:0.0.0.0:41238, 907b9765-214b-4864-b66a-d6e2a5789e5c:0.0.0.0:41650, bf55b3f9-6b09-4365-9d71-55289e083fa5:0.0.0.0:42441], old=null
2019-10-16 18:01:23,935 [grpc-default-executor-0] INFO  impl.RaftServerImpl (RaftServerImpl.java:setRole(184)) - f4c54511-b161-4347-aec5-5236dc80a0d8@group-EFD1D20A002C: changes role from  FOLLOWER to FOLLOWER at term 391 for recognizeCandidate:bf55b3f9-6b09-4365-9d71-55289e083fa5
2019-10-16 18:01:23,935 [grpc-default-executor-3] INFO  impl.RaftServerImpl (RaftServerImpl.java:setRole(184)) - 907b9765-214b-4864-b66a-d6e2a5789e5c@group-EFD1D20A002C: changes role from  FOLLOWER to FOLLOWER at term 391 for recognizeCandidate:bf55b3f9-6b09-4365-9d71-55289e083fa5
2019-10-16 18:01:23,935 [grpc-default-executor-3] INFO  impl.RoleInfo (RoleInfo.java:shutdownFollowerState(121)) - 907b9765-214b-4864-b66a-d6e2a5789e5c: shutdown FollowerState
2019-10-16 18:01:23,935 [grpc-default-executor-0] INFO  impl.RoleInfo (RoleInfo.java:shutdownFollowerState(121)) - f4c54511-b161-4347-aec5-5236dc80a0d8: shutdown FollowerState
2019-10-16 18:01:23,936 [Thread-2385] INFO  impl.FollowerState (FollowerState.java:run(117)) - 907b9765-214b-4864-b66a-d6e2a5789e5c@group-EFD1D20A002C-FollowerState was interrupted: java.lang.InterruptedException: sleep interrupted
2019-10-16 18:01:23,935 [grpc-default-executor-3] INFO  impl.RoleInfo (RoleInfo.java:updateAndGet(143)) - 907b9765-214b-4864-b66a-d6e2a5789e5c: start FollowerState
2019-10-16 18:01:23,936 [grpc-default-executor-0] INFO  impl.RoleInfo (RoleInfo.java:updateAndGet(143)) - f4c54511-b161-4347-aec5-5236dc80a0d8: start FollowerState
2019-10-16 18:01:23,936 [Thread-2386] INFO  impl.FollowerState (FollowerState.java:run(117)) - f4c54511-b161-4347-aec5-5236dc80a0d8@group-EFD1D20A002C-FollowerState was interrupted: java.lang.InterruptedException: sleep interrupted
2019-10-16 18:01:23,957 [bf55b3f9-6b09-4365-9d71-55289e083fa5@group-EFD1D20A002C-LeaderElection338] INFO  impl.LeaderElection (LeaderElection.java:logAndReturn(56)) - bf55b3f9-6b09-4365-9d71-55289e083fa5@group-EFD1D20A002C-LeaderElection338: Election REJECTED; received 2 response(s) [bf55b3f9-6b09-4365-9d71-55289e083fa5<-f4c54511-b161-4347-aec5-5236dc80a0d8#0:FAIL-t391, bf55b3f9-6b09-4365-9d71-55289e083fa5<-907b9765-214b-4864-b66a-d6e2a5789e5c#0:FAIL-t391] and 0 exception(s); bf55b3f9-6b09-4365-9d71-55289e083fa5@group-EFD1D20A002C:t391, leader=null, voted=bf55b3f9-6b09-4365-9d71-55289e083fa5, raftlog=bf55b3f9-6b09-4365-9d71-55289e083fa5@group-EFD1D20A002C-SegmentedRaftLog:OPENED:c-1,f-1,i0, conf=-1: [f4c54511-b161-4347-aec5-5236dc80a0d8:0.0.0.0:41238, 907b9765-214b-4864-b66a-d6e2a5789e5c:0.0.0.0:41650, bf55b3f9-6b09-4365-9d71-55289e083fa5:0.0.0.0:42441], old=null
2019-10-16 18:01:23,957 [bf55b3f9-6b09-4365-9d71-55289e083fa5@group-EFD1D20A002C-LeaderElection338] INFO  impl.RaftServerImpl (RaftServerImpl.java:setRole(184)) - bf55b3f9-6b09-4365-9d71-55289e083fa5@group-EFD1D20A002C: changes role from CANDIDATE to FOLLOWER at term 391 for DISCOVERED_A_NEW_TERM
2019-10-16 18:01:23,957 [bf55b3f9-6b09-4365-9d71-55289e083fa5@group-EFD1D20A002C-LeaderElection338] INFO  impl.RoleInfo (RoleInfo.java:shutdownLeaderElection(134)) - bf55b3f9-6b09-4365-9d71-55289e083fa5: shutdown LeaderElection
2019-10-16 18:01:23,957 [bf55b3f9-6b09-4365-9d71-55289e083fa5@group-EFD1D20A002C-LeaderElection338] INFO  impl.RoleInfo (RoleInfo.java:updateAndGet(143)) - bf55b3f9-6b09-4365-9d71-55289e083fa5: start FollowerState
2019-10-16 18:01:24,079 [Thread-2391] INFO  impl.FollowerState (FollowerState.java:run(108)) - bf55b3f9-6b09-4365-9d71-55289e083fa5@group-EFD1D20A002C-FollowerState: change to CANDIDATE, lastRpcTime:122ms, electionTimeout:122ms
2019-10-16 18:01:24,080 [Thread-2391] INFO  impl.RoleInfo (RoleInfo.java:shutdownFollowerState(121)) - bf55b3f9-6b09-4365-9d71-55289e083fa5: shutdown FollowerState
2019-10-16 18:01:24,080 [Thread-2391] INFO  impl.RaftServerImpl (RaftServerImpl.java:setRole(184)) - bf55b3f9-6b09-4365-9d71-55289e083fa5@group-EFD1D20A002C: changes role from  FOLLOWER to CANDIDATE at term 391 for changeToCandidate
2019-10-16 18:01:24,080 [Thread-2391] INFO  impl.RoleInfo (RoleInfo.java:updateAndGet(143)) - bf55b3f9-6b09-4365-9d71-55289e083fa5: start LeaderElection
2019-10-16 18:01:24,097 [bf55b3f9-6b09-4365-9d71-55289e083fa5@group-EFD1D20A002C-LeaderElection339] INFO  impl.LeaderElection (LeaderElection.java:askForVotes(178)) - bf55b3f9-6b09-4365-9d71-55289e083fa5@group-EFD1D20A002C-LeaderElection339: begin an election at term 392 for -1: [f4c54511-b161-4347-aec5-5236dc80a0d8:0.0.0.0:41238, 907b9765-214b-4864-b66a-d6e2a5789e5c:0.0.0.0:41650, bf55b3f9-6b09-4365-9d71-55289e083fa5:0.0.0.0:42441], old=null
2019-10-16 18:01:24,099 [grpc-default-executor-3] INFO  impl.RaftServerImpl (RaftServerImpl.java:setRole(184)) - f4c54511-b161-4347-aec5-5236dc80a0d8@group-EFD1D20A002C: changes role from  FOLLOWER to FOLLOWER at term 392 for recognizeCandidate:bf55b3f9-6b09-4365-9d71-55289e083fa5
2019-10-16 18:01:24,099 [grpc-default-executor-0] INFO  impl.RaftServerImpl (RaftServerImpl.java:setRole(184)) - 907b9765-214b-4864-b66a-d6e2a5789e5c@group-EFD1D20A002C: changes role from  FOLLOWER to FOLLOWER at term 392 for recognizeCandidate:bf55b3f9-6b09-4365-9d71-55289e083fa5
2019-10-16 18:01:24,099 [grpc-default-executor-0] INFO  impl.RoleInfo (RoleInfo.java:shutdownFollowerState(121)) - 907b9765-214b-4864-b66a-d6e2a5789e5c: shutdown FollowerState
2019-10-16 18:01:24,099 [grpc-default-executor-3] INFO  impl.RoleInfo (RoleInfo.java:shutdownFollowerState(121)) - f4c54511-b161-4347-aec5-5236dc80a0d8: shutdown FollowerState
2019-10-16 18:01:24,099 [Thread-2389] INFO  impl.FollowerState (FollowerState.java:run(117)) - 907b9765-214b-4864-b66a-d6e2a5789e5c@group-EFD1D20A002C-FollowerState was interrupted: java.lang.InterruptedException: sleep interrupted
2019-10-16 18:01:24,099 [grpc-default-executor-0] INFO  impl.RoleInfo (RoleInfo.java:updateAndGet(143)) - 907b9765-214b-4864-b66a-d6e2a5789e5c: start FollowerState
2019-10-16 18:01:24,099 [Thread-2390] INFO  impl.FollowerState (FollowerState.java:run(117)) - f4c54511-b161-4347-aec5-5236dc80a0d8@group-EFD1D20A002C-FollowerState was interrupted: java.lang.InterruptedException: sleep interrupted
2019-10-16 18:01:24,099 [grpc-default-executor-3] INFO  impl.RoleInfo (RoleInfo.java:updateAndGet(143)) - f4c54511-b161-4347-aec5-5236dc80a0d8: start FollowerState
2019-10-16 18:01:24,123 [bf55b3f9-6b09-4365-9d71-55289e083fa5@group-EFD1D20A002C-LeaderElection339] INFO  impl.LeaderElection (LeaderElection.java:logAndReturn(56)) - bf55b3f9-6b09-4365-9d71-55289e083fa5@group-EFD1D20A002C-LeaderElection339: Election REJECTED; received 2 response(s) [bf55b3f9-6b09-4365-9d71-55289e083fa5<-f4c54511-b161-4347-aec5-5236dc80a0d8#0:FAIL-t392, bf55b3f9-6b09-4365-9d71-55289e083fa5<-907b9765-214b-4864-b66a-d6e2a5789e5c#0:FAIL-t392] and 0 exception(s); bf55b3f9-6b09-4365-9d71-55289e083fa5@group-EFD1D20A002C:t392, leader=null, voted=bf55b3f9-6b09-4365-9d71-55289e083fa5, raftlog=bf55b3f9-6b09-4365-9d71-55289e083fa5@group-EFD1D20A002C-SegmentedRaftLog:OPENED:c-1,f-1,i0, conf=-1: [f4c54511-b161-4347-aec5-5236dc80a0d8:0.0.0.0:41238, 907b9765-214b-4864-b66a-d6e2a5789e5c:0.0.0.0:41650, bf55b3f9-6b09-4365-9d71-55289e083fa5:0.0.0.0:42441], old=null
2019-10-16 18:01:24,123 [bf55b3f9-6b09-4365-9d71-55289e083fa5@group-EFD1D20A002C-LeaderElection339] INFO  impl.RaftServerImpl (RaftServerImpl.java:setRole(184)) - bf55b3f9-6b09-4365-9d71-55289e083fa5@group-EFD1D20A002C: changes role from CANDIDATE to FOLLOWER at term 392 for DISCOVERED_A_NEW_TERM
2019-10-16 18:01:24,124 [bf55b3f9-6b09-4365-9d71-55289e083fa5@group-EFD1D20A002C-LeaderElection339] INFO  impl.RoleInfo (RoleInfo.java:shutdownLeaderElection(134)) - bf55b3f9-6b09-4365-9d71-55289e083fa5: shutdown LeaderElection
2019-10-16 18:01:24,124 [bf55b3f9-6b09-4365-9d71-55289e083fa5@group-EFD1D20A002C-LeaderElection339] INFO  impl.RoleInfo (RoleInfo.java:updateAndGet(143)) - bf55b3f9-6b09-4365-9d71-55289e083fa5: start FollowerState
2019-10-16 18:01:24,276 [Thread-2398] INFO  impl.FollowerState (FollowerState.java:run(108)) - bf55b3f9-6b09-4365-9d71-55289e083fa5@group-EFD1D20A002C-FollowerState: change to CANDIDATE, lastRpcTime:152ms, electionTimeout:152ms
2019-10-16 18:01:24,276 [Thread-2398] INFO  impl.RoleInfo (RoleInfo.java:shutdownFollowerState(121)) - bf55b3f9-6b09-4365-9d71-55289e083fa5: shutdown FollowerState
2019-10-16 18:01:24,276 [Thread-2398] INFO  impl.RaftServerImpl (RaftServerImpl.java:setRole(184)) - bf55b3f9-6b09-4365-9d71-55289e083fa5@group-EFD1D20A002C: changes role from  FOLLOWER to CANDIDATE at term 392 for changeToCandidate
2019-10-16 18:01:24,276 [Thread-2398] INFO  impl.RoleInfo (RoleInfo.java:updateAndGet(143)) - bf55b3f9-6b09-4365-9d71-55289e083fa5: start LeaderElection
2019-10-16 18:01:24,301 [bf55b3f9-6b09-4365-9d71-55289e083fa5@group-EFD1D20A002C-LeaderElection340] INFO  impl.LeaderElection (LeaderElection.java:askForVotes(178)) - bf55b3f9-6b09-4365-9d71-55289e083fa5@group-EFD1D20A002C-LeaderElection340: begin an election at term 393 for -1: [f4c54511-b161-4347-aec5-5236dc80a0d8:0.0.0.0:41238, 907b9765-214b-4864-b66a-d6e2a5789e5c:0.0.0.0:41650, bf55b3f9-6b09-4365-9d71-55289e083fa5:0.0.0.0:42441], old=null
2019-10-16 18:01:24,303 [grpc-default-executor-0] INFO  impl.RaftServerImpl (RaftServerImpl.java:setRole(184)) - f4c54511-b161-4347-aec5-5236dc80a0d8@group-EFD1D20A002C: changes role from  FOLLOWER to FOLLOWER at term 393 for recognizeCandidate:bf55b3f9-6b09-4365-9d71-55289e083fa5
2019-10-16 18:01:24,303 [grpc-default-executor-3] INFO  impl.RaftServerImpl (RaftServerImpl.java:setRole(184)) - 907b9765-214b-4864-b66a-d6e2a5789e5c@group-EFD1D20A002C: changes role from  FOLLOWER to FOLLOWER at term 393 for recognizeCandidate:bf55b3f9-6b09-4365-9d71-55289e083fa5
2019-10-16 18:01:24,303 [grpc-default-executor-3] INFO  impl.RoleInfo (RoleInfo.java:shutdownFollowerState(121)) - 907b9765-214b-4864-b66a-d6e2a5789e5c: shutdown FollowerState
2019-10-16 18:01:24,303 [grpc-default-executor-0] INFO  impl.RoleInfo (RoleInfo.java:shutdownFollowerState(121)) - f4c54511-b161-4347-aec5-5236dc80a0d8: shutdown FollowerState
2019-10-16 18:01:24,303 [Thread-2395] INFO  impl.FollowerState (FollowerState.java:run(117)) - 907b9765-214b-4864-b66a-d6e2a5789e5c@group-EFD1D20A002C-FollowerState was interrupted: java.lang.InterruptedException: sleep interrupted
2019-10-16 18:01:24,303 [Thread-2396] INFO  impl.FollowerState (FollowerState.java:run(117)) - f4c54511-b161-4347-aec5-5236dc80a0d8@group-EFD1D20A002C-FollowerState was interrupted: java.lang.InterruptedException: sleep interrupted
2019-10-16 18:01:24,303 [grpc-default-executor-3] INFO  impl.RoleInfo (RoleInfo.java:updateAndGet(143)) - 907b9765-214b-4864-b66a-d6e2a5789e5c: start FollowerState
2019-10-16 18:01:24,303 [grpc-default-executor-0] INFO  impl.RoleInfo (RoleInfo.java:updateAndGet(143)) - f4c54511-b161-4347-aec5-5236dc80a0d8: start FollowerState
2019-10-16 18:01:24,350 [bf55b3f9-6b09-4365-9d71-55289e083fa5@group-EFD1D20A002C-LeaderElection340] INFO  impl.LeaderElection (LeaderElection.java:logAndReturn(56)) - bf55b3f9-6b09-4365-9d71-55289e083fa5@group-EFD1D20A002C-LeaderElection340: Election REJECTED; received 2 response(s) [bf55b3f9-6b09-4365-9d71-55289e083fa5<-f4c54511-b161-4347-aec5-5236dc80a0d8#0:FAIL-t393, bf55b3f9-6b09-4365-9d71-55289e083fa5<-907b9765-214b-4864-b66a-d6e2a5789e5c#0:FAIL-t393] and 0 exception(s); bf55b3f9-6b09-4365-9d71-55289e083fa5@group-EFD1D20A002C:t393, leader=null, voted=bf55b3f9-6b09-4365-9d71-55289e083fa5, raftlog=bf55b3f9-6b09-4365-9d71-55289e083fa5@group-EFD1D20A002C-SegmentedRaftLog:OPENED:c-1,f-1,i0, conf=-1: [f4c54511-b161-4347-aec5-5236dc80a0d8:0.0.0.0:41238, 907b9765-214b-4864-b66a-d6e2a5789e5c:0.0.0.0:41650, bf55b3f9-6b09-4365-9d71-55289e083fa5:0.0.0.0:42441], old=null
2019-10-16 18:01:24,350 [bf55b3f9-6b09-4365-9d71-55289e083fa5@group-EFD1D20A002C-LeaderElection340] INFO  impl.RaftServerImpl (RaftServerImpl.java:setRole(184)) - bf55b3f9-6b09-4365-9d71-55289e083fa5@group-EFD1D20A002C: changes role from CANDIDATE to FOLLOWER at term 393 for DISCOVERED_A_NEW_TERM
2019-10-16 18:01:24,350 [bf55b3f9-6b09-4365-9d71-55289e083fa5@group-EFD1D20A002C-LeaderElection340] INFO  impl.RoleInfo (RoleInfo.java:shutdownLeaderElection(134)) - bf55b3f9-6b09-4365-9d71-55289e083fa5: shutdown LeaderElection
2019-10-16 18:01:24,350 [bf55b3f9-6b09-4365-9d71-55289e083fa5@group-EFD1D20A002C-LeaderElection340] INFO  impl.RoleInfo (RoleInfo.java:updateAndGet(143)) - bf55b3f9-6b09-4365-9d71-55289e083fa5: start FollowerState
2019-10-16 18:01:24,374 [Thread-2405] INFO  impl.FollowerState (FollowerState.java:run(108)) - bf55b3f9-6b09-4365-9d71-55289e083fa5@group-EFD1D20A002C-FollowerState: change to CANDIDATE, lastRpcTime:24ms, electionTimeout:24ms
2019-10-16 18:01:24,375 [Thread-2405] INFO  impl.RoleInfo (RoleInfo.java:shutdownFollowerState(121)) - bf55b3f9-6b09-4365-9d71-55289e083fa5: shutdown FollowerState
2019-10-16 18:01:24,375 [Thread-2405] INFO  impl.RaftServerImpl (RaftServerImpl.java:setRole(184)) - bf55b3f9-6b09-4365-9d71-55289e083fa5@group-EFD1D20A002C: changes role from  FOLLOWER to CANDIDATE at term 393 for changeToCandidate
2019-10-16 18:01:24,375 [Thread-2405] INFO  impl.RoleInfo (RoleInfo.java:updateAndGet(143)) - bf55b3f9-6b09-4365-9d71-55289e083fa5: start LeaderElection
2019-10-16 18:01:24,401 [bf55b3f9-6b09-4365-9d71-55289e083fa5@group-EFD1D20A002C-LeaderElection341] INFO  impl.LeaderElection (LeaderElection.java:askForVotes(178)) - bf55b3f9-6b09-4365-9d71-55289e083fa5@group-EFD1D20A002C-LeaderElection341: begin an election at term 394 for -1: [f4c54511-b161-4347-aec5-5236dc80a0d8:0.0.0.0:41238, 907b9765-214b-4864-b66a-d6e2a5789e5c:0.0.0.0:41650, bf55b3f9-6b09-4365-9d71-55289e083fa5:0.0.0.0:42441], old=null
2019-10-16 18:01:24,403 [grpc-default-executor-3] INFO  impl.RaftServerImpl (RaftServerImpl.java:setRole(184)) - 907b9765-214b-4864-b66a-d6e2a5789e5c@group-EFD1D20A002C: changes role from  FOLLOWER to FOLLOWER at term 394 for recognizeCandidate:bf55b3f9-6b09-4365-9d71-55289e083fa5
2019-10-16 18:01:24,403 [grpc-default-executor-0] INFO  impl.RaftServerImpl (RaftServerImpl.java:setRole(184)) - f4c54511-b161-4347-aec5-5236dc80a0d8@group-EFD1D20A002C: changes role from  FOLLOWER to FOLLOWER at term 394 for recognizeCandidate:bf55b3f9-6b09-4365-9d71-55289e083fa5
2019-10-16 18:01:24,403 [grpc-default-executor-3] INFO  impl.RoleInfo (RoleInfo.java:shutdownFollowerState(121)) - 907b9765-214b-4864-b66a-d6e2a5789e5c: shutdown FollowerState
2019-10-16 18:01:24,403 [grpc-default-executor-0] INFO  impl.RoleInfo (RoleInfo.java:shutdownFollowerState(121)) - f4c54511-b161-4347-aec5-5236dc80a0d8: shutdown FollowerState
2019-10-16 18:01:24,403 [Thread-2403] INFO  impl.FollowerState (FollowerState.java:run(117)) - 907b9765-214b-4864-b66a-d6e2a5789e5c@group-EFD1D20A002C-FollowerState was interrupted: java.lang.InterruptedException: sleep interrupted
2019-10-16 18:01:24,403 [grpc-default-executor-3] INFO  impl.RoleInfo (RoleInfo.java:updateAndGet(143)) - 907b9765-214b-4864-b66a-d6e2a5789e5c: start FollowerState
2019-10-16 18:01:24,403 [Thread-2404] INFO  impl.FollowerState (FollowerState.java:run(117)) - f4c54511-b161-4347-aec5-5236dc80a0d8@group-EFD1D20A002C-FollowerState was interrupted: java.lang.InterruptedException: sleep interrupted
2019-10-16 18:01:24,403 [grpc-default-executor-0] INFO  impl.RoleInfo (RoleInfo.java:updateAndGet(143)) - f4c54511-b161-4347-aec5-5236dc80a0d8: start FollowerState
2019-10-16 18:01:24,426 [bf55b3f9-6b09-4365-9d71-55289e083fa5@group-EFD1D20A002C-LeaderElection341] INFO  impl.LeaderElection (LeaderElection.java:logAndReturn(56)) - bf55b3f9-6b09-4365-9d71-55289e083fa5@group-EFD1D20A002C-LeaderElection341: Election TIMEOUT; received 0 response(s) [] and 0 exception(s); bf55b3f9-6b09-4365-9d71-55289e083fa5@group-EFD1D20A002C:t394, leader=null, voted=bf55b3f9-6b09-4365-9d71-55289e083fa5, raftlog=bf55b3f9-6b09-4365-9d71-55289e083fa5@group-EFD1D20A002C-SegmentedRaftLog:OPENED:c-1,f-1,i0, conf=-1: [f4c54511-b161-4347-aec5-5236dc80a0d8:0.0.0.0:41238, 907b9765-214b-4864-b66a-d6e2a5789e5c:0.0.0.0:41650, bf55b3f9-6b09-4365-9d71-55289e083fa5:0.0.0.0:42441], old=null
2019-10-16 18:01:24,452 [bf55b3f9-6b09-4365-9d71-55289e083fa5@group-EFD1D20A002C-LeaderElection341] INFO  impl.LeaderElection (LeaderElection.java:askForVotes(178)) - bf55b3f9-6b09-4365-9d71-55289e083fa5@group-EFD1D20A002C-LeaderElection341: begin an election at term 395 for -1: [f4c54511-b161-4347-aec5-5236dc80a0d8:0.0.0.0:41238, 907b9765-214b-4864-b66a-d6e2a5789e5c:0.0.0.0:41650, bf55b3f9-6b09-4365-9d71-55289e083fa5:0.0.0.0:42441], old=null
2019-10-16 18:01:24,453 [bf55b3f9-6b09-4365-9d71-55289e083fa5@group-EFD1D20A002C-LeaderElection341] INFO  impl.LeaderElection (LeaderElection.java:logAndReturn(56)) - bf55b3f9-6b09-4365-9d71-55289e083fa5@group-EFD1D20A002C-LeaderElection341: Election TIMEOUT; received 0 response(s) [] and 0 exception(s); bf55b3f9-6b09-4365-9d71-55289e083fa5@group-EFD1D20A002C:t395, leader=null, voted=bf55b3f9-6b09-4365-9d71-55289e083fa5, raftlog=bf55b3f9-6b09-4365-9d71-55289e083fa5@group-EFD1D20A002C-SegmentedRaftLog:OPENED:c-1,f-1,i0, conf=-1: [f4c54511-b161-4347-aec5-5236dc80a0d8:0.0.0.0:41238, 907b9765-214b-4864-b66a-d6e2a5789e5c:0.0.0.0:41650, bf55b3f9-6b09-4365-9d71-55289e083fa5:0.0.0.0:42441], old=null
2019-10-16 18:01:24,454 [grpc-default-executor-3] INFO  impl.RaftServerImpl (RaftServerImpl.java:setRole(184)) - f4c54511-b161-4347-aec5-5236dc80a0d8@group-EFD1D20A002C: changes role from  FOLLOWER to FOLLOWER at term 395 for recognizeCandidate:bf55b3f9-6b09-4365-9d71-55289e083fa5
2019-10-16 18:01:24,454 [grpc-default-executor-0] INFO  impl.RaftServerImpl (RaftServerImpl.java:setRole(184)) - 907b9765-214b-4864-b66a-d6e2a5789e5c@group-EFD1D20A002C: changes role from  FOLLOWER to FOLLOWER at term 395 for recognizeCandidate:bf55b3f9-6b09-4365-9d71-55289e083fa5
2019-10-16 18:01:24,454 [grpc-default-executor-0] INFO  impl.RoleInfo (RoleInfo.java:shutdownFollowerState(121)) - 907b9765-214b-4864-b66a-d6e2a5789e5c: shutdown FollowerState
2019-10-16 18:01:24,454 [grpc-default-executor-3] INFO  impl.RoleInfo (RoleInfo.java:shutdownFollowerState(121)) - f4c54511-b161-4347-aec5-5236dc80a0d8: shutdown FollowerState
2019-10-16 18:01:24,454 [Thread-2409] INFO  impl.FollowerState (FollowerState.java:run(117)) - 907b9765-214b-4864-b66a-d6e2a5789e5c@group-EFD1D20A002C-FollowerState was interrupted: java.lang.InterruptedException: sleep interrupted
2019-10-16 18:01:24,454 [grpc-default-executor-0] INFO  impl.RoleInfo (RoleInfo.java:updateAndGet(143)) - 907b9765-214b-4864-b66a-d6e2a5789e5c: start FollowerState
2019-10-16 18:01:24,454 [grpc-default-executor-3] INFO  impl.RoleInfo (RoleInfo.java:updateAndGet(143)) - f4c54511-b161-4347-aec5-5236dc80a0d8: start FollowerState
2019-10-16 18:01:24,454 [Thread-2410] INFO  impl.FollowerState (FollowerState.java:run(117)) - f4c54511-b161-4347-aec5-5236dc80a0d8@group-EFD1D20A002C-FollowerState was interrupted: java.lang.InterruptedException: sleep interrupted
2019-10-16 18:01:24,490 [bf55b3f9-6b09-4365-9d71-55289e083fa5@group-EFD1D20A002C-LeaderElection341] INFO  impl.LeaderElection (LeaderElection.java:askForVotes(178)) - bf55b3f9-6b09-4365-9d71-55289e083fa5@group-EFD1D20A002C-LeaderElection341: begin an election at term 396 for -1: [f4c54511-b161-4347-aec5-5236dc80a0d8:0.0.0.0:41238, 907b9765-214b-4864-b66a-d6e2a5789e5c:0.0.0.0:41650, bf55b3f9-6b09-4365-9d71-55289e083fa5:0.0.0.0:42441], old=null
2019-10-16 18:01:24,538 [grpc-default-executor-1] INFO  impl.RaftServerImpl (RaftServerImpl.java:setRole(184)) - f4c54511-b161-4347-aec5-5236dc80a0d8@group-EFD1D20A002C: changes role from  FOLLOWER to FOLLOWER at term 396 for recognizeCandidate:bf55b3f9-6b09-4365-9d71-55289e083fa5
2019-10-16 18:01:24,539 [grpc-default-executor-1] INFO  impl.RoleInfo (RoleInfo.java:shutdownFollowerState(121)) - f4c54511-b161-4347-aec5-5236dc80a0d8: shutdown FollowerState
2019-10-16 18:01:24,538 [grpc-default-executor-2] INFO  impl.RaftServerImpl (RaftServerImpl.java:setRole(184)) - 907b9765-214b-4864-b66a-d6e2a5789e5c@group-EFD1D20A002C: changes role from  FOLLOWER to FOLLOWER at term 396 for recognizeCandidate:bf55b3f9-6b09-4365-9d71-55289e083fa5
2019-10-16 18:01:24,539 [grpc-default-executor-2] INFO  impl.RoleInfo (RoleInfo.java:shutdownFollowerState(121)) - 907b9765-214b-4864-b66a-d6e2a5789e5c: shutdown FollowerState
2019-10-16 18:01:24,539 [Thread-2414] INFO  impl.FollowerState (FollowerState.java:run(117)) - f4c54511-b161-4347-aec5-5236dc80a0d8@group-EFD1D20A002C-FollowerState was interrupted: java.lang.InterruptedException: sleep interrupted
2019-10-16 18:01:24,539 [grpc-default-executor-1] INFO  impl.RoleInfo (RoleInfo.java:updateAndGet(143)) - f4c54511-b161-4347-aec5-5236dc80a0d8: start FollowerState
2019-10-16 18:01:24,539 [Thread-2413] INFO  impl.FollowerState (FollowerState.java:run(117)) - 907b9765-214b-4864-b66a-d6e2a5789e5c@group-EFD1D20A002C-FollowerState was interrupted: java.lang.InterruptedException: sleep interrupted
2019-10-16 18:01:24,539 [grpc-default-executor-2] INFO  impl.RoleInfo (RoleInfo.java:updateAndGet(143)) - 907b9765-214b-4864-b66a-d6e2a5789e5c: start FollowerState
2019-10-16 18:01:24,571 [bf55b3f9-6b09-4365-9d71-55289e083fa5@group-EFD1D20A002C-LeaderElection341] INFO  impl.LeaderElection (LeaderElection.java:logAndReturn(56)) - bf55b3f9-6b09-4365-9d71-55289e083fa5@group-EFD1D20A002C-LeaderElection341: Election TIMEOUT; received 0 response(s) [] and 0 exception(s); bf55b3f9-6b09-4365-9d71-55289e083fa5@group-EFD1D20A002C:t396, leader=null, voted=bf55b3f9-6b09-4365-9d71-55289e083fa5, raftlog=bf55b3f9-6b09-4365-9d71-55289e083fa5@group-EFD1D20A002C-SegmentedRaftLog:OPENED:c-1,f-1,i0, conf=-1: [f4c54511-b161-4347-aec5-5236dc80a0d8:0.0.0.0:41238, 907b9765-214b-4864-b66a-d6e2a5789e5c:0.0.0.0:41650, bf55b3f9-6b09-4365-9d71-55289e083fa5:0.0.0.0:42441], old=null
2019-10-16 18:01:24,580 [bf55b3f9-6b09-4365-9d71-55289e083fa5@group-EFD1D20A002C-LeaderElection341] INFO  impl.LeaderElection (LeaderElection.java:askForVotes(178)) - bf55b3f9-6b09-4365-9d71-55289e083fa5@group-EFD1D20A002C-LeaderElection341: begin an election at term 397 for -1: [f4c54511-b161-4347-aec5-5236dc80a0d8:0.0.0.0:41238, 907b9765-214b-4864-b66a-d6e2a5789e5c:0.0.0.0:41650, bf55b3f9-6b09-4365-9d71-55289e083fa5:0.0.0.0:42441], old=null
2019-10-16 18:01:24,582 [grpc-default-executor-2] INFO  impl.RaftServerImpl (RaftServerImpl.java:setRole(184)) - f4c54511-b161-4347-aec5-5236dc80a0d8@group-EFD1D20A002C: changes role from  FOLLOWER to FOLLOWER at term 397 for recognizeCandidate:bf55b3f9-6b09-4365-9d71-55289e083fa5
2019-10-16 18:01:24,582 [grpc-default-executor-2] INFO  impl.RoleInfo (RoleInfo.java:shutdownFollowerState(121)) - f4c54511-b161-4347-aec5-5236dc80a0d8: shutdown FollowerState
2019-10-16 18:01:24,582 [grpc-default-executor-1] INFO  impl.RaftServerImpl (RaftServerImpl.java:setRole(184)) - 907b9765-214b-4864-b66a-d6e2a5789e5c@group-EFD1D20A002C: changes role from  FOLLOWER to FOLLOWER at term 397 for recognizeCandidate:bf55b3f9-6b09-4365-9d71-55289e083fa5
2019-10-16 18:01:24,582 [Thread-2417] INFO  impl.FollowerState (FollowerState.java:run(117)) - f4c54511-b161-4347-aec5-5236dc80a0d8@group-EFD1D20A002C-FollowerState was interrupted: java.lang.InterruptedException: sleep interrupted
2019-10-16 18:01:24,582 [grpc-default-executor-2] INFO  impl.RoleInfo (RoleInfo.java:updateAndGet(143)) - f4c54511-b161-4347-aec5-5236dc80a0d8: start FollowerState
2019-10-16 18:01:24,582 [grpc-default-executor-1] INFO  impl.RoleInfo (RoleInfo.java:shutdownFollowerState(121)) - 907b9765-214b-4864-b66a-d6e2a5789e5c: shutdown FollowerState
2019-10-16 18:01:24,583 [grpc-default-executor-1] INFO  impl.RoleInfo (RoleInfo.java:updateAndGet(143)) - 907b9765-214b-4864-b66a-d6e2a5789e5c: start FollowerState
2019-10-16 18:01:24,583 [Thread-2418] INFO  impl.FollowerState (FollowerState.java:run(117)) - 907b9765-214b-4864-b66a-d6e2a5789e5c@group-EFD1D20A002C-FollowerState was interrupted: java.lang.InterruptedException: sleep interrupted
2019-10-16 18:01:24,604 [bf55b3f9-6b09-4365-9d71-55289e083fa5@group-EFD1D20A002C-LeaderElection341] INFO  impl.LeaderElection (LeaderElection.java:logAndReturn(56)) - bf55b3f9-6b09-4365-9d71-55289e083fa5@group-EFD1D20A002C-LeaderElection341: Election REJECTED; received 2 response(s) [bf55b3f9-6b09-4365-9d71-55289e083fa5<-f4c54511-b161-4347-aec5-5236dc80a0d8#0:FAIL-t397, bf55b3f9-6b09-4365-9d71-55289e083fa5<-907b9765-214b-4864-b66a-d6e2a5789e5c#0:FAIL-t397] and 0 exception(s); bf55b3f9-6b09-4365-9d71-55289e083fa5@group-EFD1D20A002C:t397, leader=null, voted=bf55b3f9-6b09-4365-9d71-55289e083fa5, raftlog=bf55b3f9-6b09-4365-9d71-55289e083fa5@group-EFD1D20A002C-SegmentedRaftLog:OPENED:c-1,f-1,i0, conf=-1: [f4c54511-b161-4347-aec5-5236dc80a0d8:0.0.0.0:41238, 907b9765-214b-4864-b66a-d6e2a5789e5c:0.0.0.0:41650, bf55b3f9-6b09-4365-9d71-55289e083fa5:0.0.0.0:42441], old=null
2019-10-16 18:01:24,604 [bf55b3f9-6b09-4365-9d71-55289e083fa5@group-EFD1D20A002C-LeaderElection341] INFO  impl.RaftServerImpl (RaftServerImpl.java:setRole(184)) - bf55b3f9-6b09-4365-9d71-55289e083fa5@group-EFD1D20A002C: changes role from CANDIDATE to FOLLOWER at term 397 for DISCOVERED_A_NEW_TERM
2019-10-16 18:01:24,604 [bf55b3f9-6b09-4365-9d71-55289e083fa5@group-EFD1D20A002C-LeaderElection341] INFO  impl.RoleInfo (RoleInfo.java:shutdownLeaderElection(134)) - bf55b3f9-6b09-4365-9d71-55289e083fa5: shutdown LeaderElection
2019-10-16 18:01:24,604 [bf55b3f9-6b09-4365-9d71-55289e083fa5@group-EFD1D20A002C-LeaderElection341] INFO  impl.RoleInfo (RoleInfo.java:updateAndGet(143)) - bf55b3f9-6b09-4365-9d71-55289e083fa5: start FollowerState
2019-10-16 18:01:24,708 [Thread-2423] INFO  impl.FollowerState (FollowerState.java:run(108)) - bf55b3f9-6b09-4365-9d71-55289e083fa5@group-EFD1D20A002C-FollowerState: change to CANDIDATE, lastRpcTime:103ms, electionTimeout:103ms
2019-10-16 18:01:24,708 [Thread-2423] INFO  impl.RoleInfo (RoleInfo.java:shutdownFollowerState(121)) - bf55b3f9-6b09-4365-9d71-55289e083fa5: shutdown FollowerState
2019-10-16 18:01:24,708 [Thread-2423] INFO  impl.RaftServerImpl (RaftServerImpl.java:setRole(184)) - bf55b3f9-6b09-4365-9d71-55289e083fa5@group-EFD1D20A002C: changes role from  FOLLOWER to CANDIDATE at term 397 for changeToCandidate
2019-10-16 18:01:24,708 [Thread-2423] INFO  impl.RoleInfo (RoleInfo.java:updateAndGet(143)) - bf55b3f9-6b09-4365-9d71-55289e083fa5: start LeaderElection
2019-10-16 18:01:24,733 [bf55b3f9-6b09-4365-9d71-55289e083fa5@group-EFD1D20A002C-LeaderElection342] INFO  impl.LeaderElection (LeaderElection.java:askForVotes(178)) - bf55b3f9-6b09-4365-9d71-55289e083fa5@group-EFD1D20A002C-LeaderElection342: begin an election at term 398 for -1: [f4c54511-b161-4347-aec5-5236dc80a0d8:0.0.0.0:41238, 907b9765-214b-4864-b66a-d6e2a5789e5c:0.0.0.0:41650, bf55b3f9-6b09-4365-9d71-55289e083fa5:0.0.0.0:42441], old=null
2019-10-16 18:01:24,735 [grpc-default-executor-2] INFO  impl.RaftServerImpl (RaftServerImpl.java:setRole(184)) - 907b9765-214b-4864-b66a-d6e2a5789e5c@group-EFD1D20A002C: changes role from  FOLLOWER to FOLLOWER at term 398 for recognizeCandidate:bf55b3f9-6b09-4365-9d71-55289e083fa5
2019-10-16 18:01:24,735 [grpc-default-executor-2] INFO  impl.RoleInfo (RoleInfo.java:shutdownFollowerState(121)) - 907b9765-214b-4864-b66a-d6e2a5789e5c: shutdown FollowerState
2019-10-16 18:01:24,735 [grpc-default-executor-1] INFO  impl.RaftServerImpl (RaftServerImpl.java:setRole(184)) - f4c54511-b161-4347-aec5-5236dc80a0d8@group-EFD1D20A002C: changes role from  FOLLOWER to FOLLOWER at term 398 for recognizeCandidate:bf55b3f9-6b09-4365-9d71-55289e083fa5
2019-10-16 18:01:24,736 [Thread-2422] INFO  impl.FollowerState (FollowerState.java:run(117)) - 907b9765-214b-4864-b66a-d6e2a5789e5c@group-EFD1D20A002C-FollowerState was interrupted: java.lang.InterruptedException: sleep interrupted
2019-10-16 18:01:24,736 [grpc-default-executor-2] INFO  impl.RoleInfo (RoleInfo.java:updateAndGet(143)) - 907b9765-214b-4864-b66a-d6e2a5789e5c: start FollowerState
2019-10-16 18:01:24,736 [grpc-default-executor-1] INFO  impl.RoleInfo (RoleInfo.java:shutdownFollowerState(121)) - f4c54511-b161-4347-aec5-5236dc80a0d8: shutdown FollowerState
2019-10-16 18:01:24,736 [grpc-default-executor-1] INFO  impl.RoleInfo (RoleInfo.java:updateAndGet(143)) - f4c54511-b161-4347-aec5-5236dc80a0d8: start FollowerState
2019-10-16 18:01:24,736 [Thread-2421] INFO  impl.FollowerState (FollowerState.java:run(117)) - f4c54511-b161-4347-aec5-5236dc80a0d8@group-EFD1D20A002C-FollowerState was interrupted: java.lang.InterruptedException: sleep interrupted
2019-10-16 18:01:24,760 [bf55b3f9-6b09-4365-9d71-55289e083fa5@group-EFD1D20A002C-LeaderElection342] INFO  impl.LeaderElection (LeaderElection.java:logAndReturn(56)) - bf55b3f9-6b09-4365-9d71-55289e083fa5@group-EFD1D20A002C-LeaderElection342: Election REJECTED; received 2 response(s) [bf55b3f9-6b09-4365-9d71-55289e083fa5<-f4c54511-b161-4347-aec5-5236dc80a0d8#0:FAIL-t398, bf55b3f9-6b09-4365-9d71-55289e083fa5<-907b9765-214b-4864-b66a-d6e2a5789e5c#0:FAIL-t398] and 0 exception(s); bf55b3f9-6b09-4365-9d71-55289e083fa5@group-EFD1D20A002C:t398, leader=null, voted=bf55b3f9-6b09-4365-9d71-55289e083fa5, raftlog=bf55b3f9-6b09-4365-9d71-55289e083fa5@group-EFD1D20A002C-SegmentedRaftLog:OPENED:c-1,f-1,i0, conf=-1: [f4c54511-b161-4347-aec5-5236dc80a0d8:0.0.0.0:41238, 907b9765-214b-4864-b66a-d6e2a5789e5c:0.0.0.0:41650, bf55b3f9-6b09-4365-9d71-55289e083fa5:0.0.0.0:42441], old=null
2019-10-16 18:01:24,760 [bf55b3f9-6b09-4365-9d71-55289e083fa5@group-EFD1D20A002C-LeaderElection342] INFO  impl.RaftServerImpl (RaftServerImpl.java:setRole(184)) - bf55b3f9-6b09-4365-9d71-55289e083fa5@group-EFD1D20A002C: changes role from CANDIDATE to FOLLOWER at term 398 for DISCOVERED_A_NEW_TERM
2019-10-16 18:01:24,760 [bf55b3f9-6b09-4365-9d71-55289e083fa5@group-EFD1D20A002C-LeaderElection342] INFO  impl.RoleInfo (RoleInfo.java:shutdownLeaderElection(134)) - bf55b3f9-6b09-4365-9d71-55289e083fa5: shutdown LeaderElection
2019-10-16 18:01:24,760 [bf55b3f9-6b09-4365-9d71-55289e083fa5@group-EFD1D20A002C-LeaderElection342] INFO  impl.RoleInfo (RoleInfo.java:updateAndGet(143)) - bf55b3f9-6b09-4365-9d71-55289e083fa5: start FollowerState
2019-10-16 18:01:24,848 [Thread-2429] INFO  impl.FollowerState (FollowerState.java:run(108)) - bf55b3f9-6b09-4365-9d71-55289e083fa5@group-EFD1D20A002C-FollowerState: change to CANDIDATE, lastRpcTime:88ms, electionTimeout:88ms
2019-10-16 18:01:24,849 [Thread-2429] INFO  impl.RoleInfo (RoleInfo.java:shutdownFollowerState(121)) - bf55b3f9-6b09-4365-9d71-55289e083fa5: shutdown FollowerState
2019-10-16 18:01:24,849 [Thread-2429] INFO  impl.RaftServerImpl (RaftServerImpl.java:setRole(184)) - bf55b3f9-6b09-4365-9d71-55289e083fa5@group-EFD1D20A002C: changes role from  FOLLOWER to CANDIDATE at term 398 for changeToCandidate
2019-10-16 18:01:24,849 [Thread-2429] INFO  impl.RoleInfo (RoleInfo.java:updateAndGet(143)) - bf55b3f9-6b09-4365-9d71-55289e083fa5: start LeaderElection
2019-10-16 18:01:24,891 [bf55b3f9-6b09-4365-9d71-55289e083fa5@group-EFD1D20A002C-LeaderElection343] INFO  impl.LeaderElection (LeaderElection.java:askForVotes(178)) - bf55b3f9-6b09-4365-9d71-55289e083fa5@group-EFD1D20A002C-LeaderElection343: begin an election at term 399 for -1: [f4c54511-b161-4347-aec5-5236dc80a0d8:0.0.0.0:41238, 907b9765-214b-4864-b66a-d6e2a5789e5c:0.0.0.0:41650, bf55b3f9-6b09-4365-9d71-55289e083fa5:0.0.0.0:42441], old=null
2019-10-16 18:01:24,893 [grpc-default-executor-2] INFO  impl.RaftServerImpl (RaftServerImpl.java:setRole(184)) - f4c54511-b161-4347-aec5-5236dc80a0d8@group-EFD1D20A002C: changes role from  FOLLOWER to FOLLOWER at term 399 for recognizeCandidate:bf55b3f9-6b09-4365-9d71-55289e083fa5
2019-10-16 18:01:24,893 [grpc-default-executor-1] INFO  impl.RaftServerImpl (RaftServerImpl.java:setRole(184)) - 907b9765-214b-4864-b66a-d6e2a5789e5c@group-EFD1D20A002C: changes role from  FOLLOWER to FOLLOWER at term 399 for recognizeCandidate:bf55b3f9-6b09-4365-9d71-55289e083fa5
2019-10-16 18:01:24,893 [grpc-default-executor-1] INFO  impl.RoleInfo (RoleInfo.java:shutdownFollowerState(121)) - 907b9765-214b-4864-b66a-d6e2a5789e5c: shutdown FollowerState
2019-10-16 18:01:24,893 [grpc-default-executor-2] INFO  impl.RoleInfo (RoleInfo.java:shutdownFollowerState(121)) - f4c54511-b161-4347-aec5-5236dc80a0d8: shutdown FollowerState
2019-10-16 18:01:24,893 [grpc-default-executor-1] INFO  impl.RoleInfo (RoleInfo.java:updateAndGet(143)) - 907b9765-214b-4864-b66a-d6e2a5789e5c: start FollowerState
2019-10-16 18:01:24,893 [Thread-2427] INFO  impl.FollowerState (FollowerState.java:run(117)) - 907b9765-214b-4864-b66a-d6e2a5789e5c@group-EFD1D20A002C-FollowerState was interrupted: java.lang.InterruptedException: sleep interrupted
2019-10-16 18:01:24,894 [Thread-2428] INFO  impl.FollowerState (FollowerState.java:run(117)) - f4c54511-b161-4347-aec5-5236dc80a0d8@group-EFD1D20A002C-FollowerState was interrupted: java.lang.InterruptedException: sleep interrupted
2019-10-16 18:01:24,894 [grpc-default-executor-2] INFO  impl.RoleInfo (RoleInfo.java:updateAndGet(143)) - f4c54511-b161-4347-aec5-5236dc80a0d8: start FollowerState
2019-10-16 18:01:24,917 [bf55b3f9-6b09-4365-9d71-55289e083fa5@group-EFD1D20A002C-LeaderElection343] INFO  impl.LeaderElection (LeaderElection.java:logAndReturn(56)) - bf55b3f9-6b09-4365-9d71-55289e083fa5@group-EFD1D20A002C-LeaderElection343: Election REJECTED; received 2 response(s) [bf55b3f9-6b09-4365-9d71-55289e083fa5<-f4c54511-b161-4347-aec5-5236dc80a0d8#0:FAIL-t399, bf55b3f9-6b09-4365-9d71-55289e083fa5<-907b9765-214b-4864-b66a-d6e2a5789e5c#0:FAIL-t399] and 0 exception(s); bf55b3f9-6b09-4365-9d71-55289e083fa5@group-EFD1D20A002C:t399, leader=null, voted=bf55b3f9-6b09-4365-9d71-55289e083fa5, raftlog=bf55b3f9-6b09-4365-9d71-55289e083fa5@group-EFD1D20A002C-SegmentedRaftLog:OPENED:c-1,f-1,i0, conf=-1: [f4c54511-b161-4347-aec5-5236dc80a0d8:0.0.0.0:41238, 907b9765-214b-4864-b66a-d6e2a5789e5c:0.0.0.0:41650, bf55b3f9-6b09-4365-9d71-55289e083fa5:0.0.0.0:42441], old=null
2019-10-16 18:01:24,918 [bf55b3f9-6b09-4365-9d71-55289e083fa5@group-EFD1D20A002C-LeaderElection343] INFO  impl.RaftServerImpl (RaftServerImpl.java:setRole(184)) - bf55b3f9-6b09-4365-9d71-55289e083fa5@group-EFD1D20A002C: changes role from CANDIDATE to FOLLOWER at term 399 for DISCOVERED_A_NEW_TERM
2019-10-16 18:01:24,918 [bf55b3f9-6b09-4365-9d71-55289e083fa5@group-EFD1D20A002C-LeaderElection343] INFO  impl.RoleInfo (RoleInfo.java:shutdownLeaderElection(134)) - bf55b3f9-6b09-4365-9d71-55289e083fa5: shutdown LeaderElection
2019-10-16 18:01:24,918 [bf55b3f9-6b09-4365-9d71-55289e083fa5@group-EFD1D20A002C-LeaderElection343] INFO  impl.RoleInfo (RoleInfo.java:updateAndGet(143)) - bf55b3f9-6b09-4365-9d71-55289e083fa5: start FollowerState
2019-10-16 18:01:25,080 [Thread-2435] INFO  impl.FollowerState (FollowerState.java:run(108)) - bf55b3f9-6b09-4365-9d71-55289e083fa5@group-EFD1D20A002C-FollowerState: change to CANDIDATE, lastRpcTime:162ms, electionTimeout:162ms
2019-10-16 18:01:25,081 [Thread-2435] INFO  impl.RoleInfo (RoleInfo.java:shutdownFollowerState(121)) - bf55b3f9-6b09-4365-9d71-55289e083fa5: shutdown FollowerState
2019-10-16 18:01:25,081 [Thread-2435] INFO  impl.RaftServerImpl (RaftServerImpl.java:setRole(184)) - bf55b3f9-6b09-4365-9d71-55289e083fa5@group-EFD1D20A002C: changes role from  FOLLOWER to CANDIDATE at term 399 for changeToCandidate
2019-10-16 18:01:25,081 [Thread-2435] INFO  impl.RoleInfo (RoleInfo.java:updateAndGet(143)) - bf55b3f9-6b09-4365-9d71-55289e083fa5: start LeaderElection
2019-10-16 18:01:25,105 [bf55b3f9-6b09-4365-9d71-55289e083fa5@group-EFD1D20A002C-LeaderElection344] INFO  impl.LeaderElection (LeaderElection.java:askForVotes(178)) - bf55b3f9-6b09-4365-9d71-55289e083fa5@group-EFD1D20A002C-LeaderElection344: begin an election at term 400 for -1: [f4c54511-b161-4347-aec5-5236dc80a0d8:0.0.0.0:41238, 907b9765-214b-4864-b66a-d6e2a5789e5c:0.0.0.0:41650, bf55b3f9-6b09-4365-9d71-55289e083fa5:0.0.0.0:42441], old=null
2019-10-16 18:01:25,106 [grpc-default-executor-1] INFO  impl.RaftServerImpl (RaftServerImpl.java:setRole(184)) - f4c54511-b161-4347-aec5-5236dc80a0d8@group-EFD1D20A002C: changes role from  FOLLOWER to FOLLOWER at term 400 for recognizeCandidate:bf55b3f9-6b09-4365-9d71-55289e083fa5
2019-10-16 18:01:25,106 [grpc-default-executor-1] INFO  impl.RoleInfo (RoleInfo.java:shutdownFollowerState(121)) - f4c54511-b161-4347-aec5-5236dc80a0d8: shutdown FollowerState
2019-10-16 18:01:25,106 [grpc-default-executor-2] INFO  impl.RaftServerImpl (RaftServerImpl.java:setRole(184)) - 907b9765-214b-4864-b66a-d6e2a5789e5c@group-EFD1D20A002C: changes role from  FOLLOWER to FOLLOWER at term 400 for recognizeCandidate:bf55b3f9-6b09-4365-9d71-55289e083fa5
2019-10-16 18:01:25,107 [grpc-default-executor-2] INFO  impl.RoleInfo (RoleInfo.java:shutdownFollowerState(121)) - 907b9765-214b-4864-b66a-d6e2a5789e5c: shutdown FollowerState
2019-10-16 18:01:25,107 [Thread-2434] INFO  impl.FollowerState (FollowerState.java:run(117)) - f4c54511-b161-4347-aec5-5236dc80a0d8@group-EFD1D20A002C-FollowerState was interrupted: java.lang.InterruptedException: sleep interrupted
2019-10-16 18:01:25,107 [grpc-default-executor-1] INFO  impl.RoleInfo (RoleInfo.java:updateAndGet(143)) - f4c54511-b161-4347-aec5-5236dc80a0d8: start FollowerState
2019-10-16 18:01:25,107 [Thread-2433] INFO  impl.FollowerState (FollowerState.java:run(117)) - 907b9765-214b-4864-b66a-d6e2a5789e5c@group-EFD1D20A002C-FollowerState was interrupted: java.lang.InterruptedException: sleep interrupted
2019-10-16 18:01:25,107 [grpc-default-executor-2] INFO  impl.RoleInfo (RoleInfo.java:updateAndGet(143)) - 907b9765-214b-4864-b66a-d6e2a5789e5c: start FollowerState
2019-10-16 18:01:25,124 [bf55b3f9-6b09-4365-9d71-55289e083fa5@group-EFD1D20A002C-LeaderElection344] INFO  impl.LeaderElection (LeaderElection.java:logAndReturn(56)) - bf55b3f9-6b09-4365-9d71-55289e083fa5@group-EFD1D20A002C-LeaderElection344: Election REJECTED; received 2 response(s) [bf55b3f9-6b09-4365-9d71-55289e083fa5<-f4c54511-b161-4347-aec5-5236dc80a0d8#0:FAIL-t400, bf55b3f9-6b09-4365-9d71-55289e083fa5<-907b9765-214b-4864-b66a-d6e2a5789e5c#0:FAIL-t400] and 0 exception(s); bf55b3f9-6b09-4365-9d71-55289e083fa5@group-EFD1D20A002C:t400, leader=null, voted=bf55b3f9-6b09-4365-9d71-55289e083fa5, raftlog=bf55b3f9-6b09-4365-9d71-55289e083fa5@group-EFD1D20A002C-SegmentedRaftLog:OPENED:c-1,f-1,i0, conf=-1: [f4c54511-b161-4347-aec5-5236dc80a0d8:0.0.0.0:41238, 907b9765-214b-4864-b66a-d6e2a5789e5c:0.0.0.0:41650, bf55b3f9-6b09-4365-9d71-55289e083fa5:0.0.0.0:42441], old=null
2019-10-16 18:01:25,124 [bf55b3f9-6b09-4365-9d71-55289e083fa5@group-EFD1D20A002C-LeaderElection344] INFO  impl.RaftServerImpl (RaftServerImpl.java:setRole(184)) - bf55b3f9-6b09-4365-9d71-55289e083fa5@group-EFD1D20A002C: changes role from CANDIDATE to FOLLOWER at term 400 for DISCOVERED_A_NEW_TERM
2019-10-16 18:01:25,124 [bf55b3f9-6b09-4365-9d71-55289e083fa5@group-EFD1D20A002C-LeaderElection344] INFO  impl.RoleInfo (RoleInfo.java:shutdownLeaderElection(134)) - bf55b3f9-6b09-4365-9d71-55289e083fa5: shutdown LeaderElection
2019-10-16 18:01:25,124 [bf55b3f9-6b09-4365-9d71-55289e083fa5@group-EFD1D20A002C-LeaderElection344] INFO  impl.RoleInfo (RoleInfo.java:updateAndGet(143)) - bf55b3f9-6b09-4365-9d71-55289e083fa5: start FollowerState
2019-10-16 18:01:25,186 [Thread-2441] INFO  impl.FollowerState (FollowerState.java:run(108)) - bf55b3f9-6b09-4365-9d71-55289e083fa5@group-EFD1D20A002C-FollowerState: change to CANDIDATE, lastRpcTime:61ms, electionTimeout:61ms
2019-10-16 18:01:25,186 [Thread-2441] INFO  impl.RoleInfo (RoleInfo.java:shutdownFollowerState(121)) - bf55b3f9-6b09-4365-9d71-55289e083fa5: shutdown FollowerState
2019-10-16 18:01:25,186 [Thread-2441] INFO  impl.RaftServerImpl (RaftServerImpl.java:setRole(184)) - bf55b3f9-6b09-4365-9d71-55289e083fa5@group-EFD1D20A002C: changes role from  FOLLOWER to CANDIDATE at term 400 for changeToCandidate
2019-10-16 18:01:25,186 [Thread-2441] INFO  impl.RoleInfo (RoleInfo.java:updateAndGet(143)) - bf55b3f9-6b09-4365-9d71-55289e083fa5: start LeaderElection
2019-10-16 18:01:25,203 [bf55b3f9-6b09-4365-9d71-55289e083fa5@group-EFD1D20A002C-LeaderElection345] INFO  impl.LeaderElection (LeaderElection.java:askForVotes(178)) - bf55b3f9-6b09-4365-9d71-55289e083fa5@group-EFD1D20A002C-LeaderElection345: begin an election at term 401 for -1: [f4c54511-b161-4347-aec5-5236dc80a0d8:0.0.0.0:41238, 907b9765-214b-4864-b66a-d6e2a5789e5c:0.0.0.0:41650, bf55b3f9-6b09-4365-9d71-55289e083fa5:0.0.0.0:42441], old=null
2019-10-16 18:01:25,204 [grpc-default-executor-1] INFO  impl.RaftServerImpl (RaftServerImpl.java:setRole(184)) - f4c54511-b161-4347-aec5-5236dc80a0d8@group-EFD1D20A002C: changes role from  FOLLOWER to FOLLOWER at term 401 for recognizeCandidate:bf55b3f9-6b09-4365-9d71-55289e083fa5
2019-10-16 18:01:25,204 [grpc-default-executor-1] INFO  impl.RoleInfo (RoleInfo.java:shutdownFollowerState(121)) - f4c54511-b161-4347-aec5-5236dc80a0d8: shutdown FollowerState
2019-10-16 18:01:25,204 [grpc-default-executor-2] INFO  impl.RaftServerImpl (RaftServerImpl.java:setRole(184)) - 907b9765-214b-4864-b66a-d6e2a5789e5c@group-EFD1D20A002C: changes role from  FOLLOWER to FOLLOWER at term 401 for recognizeCandidate:bf55b3f9-6b09-4365-9d71-55289e083fa5
2019-10-16 18:01:25,204 [Thread-2439] INFO  impl.FollowerState (FollowerState.java:run(117)) - f4c54511-b161-4347-aec5-5236dc80a0d8@group-EFD1D20A002C-FollowerState was interrupted: java.lang.InterruptedException: sleep interrupted
2019-10-16 18:01:25,204 [grpc-default-executor-1] INFO  impl.RoleInfo (RoleInfo.java:updateAndGet(143)) - f4c54511-b161-4347-aec5-5236dc80a0d8: start FollowerState
2019-10-16 18:01:25,205 [grpc-default-executor-2] INFO  impl.RoleInfo (RoleInfo.java:shutdownFollowerState(121)) - 907b9765-214b-4864-b66a-d6e2a5789e5c: shutdown FollowerState
2019-10-16 18:01:25,205 [grpc-default-executor-2] INFO  impl.RoleInfo (RoleInfo.java:updateAndGet(143)) - 907b9765-214b-4864-b66a-d6e2a5789e5c: start FollowerState
2019-10-16 18:01:25,205 [Thread-2440] INFO  impl.FollowerState (FollowerState.java:run(117)) - 907b9765-214b-4864-b66a-d6e2a5789e5c@group-EFD1D20A002C-FollowerState was interrupted: java.lang.InterruptedException: sleep interrupted
2019-10-16 18:01:25,220 [bf55b3f9-6b09-4365-9d71-55289e083fa5@group-EFD1D20A002C-LeaderElection345] INFO  impl.LeaderElection (LeaderElection.java:logAndReturn(56)) - bf55b3f9-6b09-4365-9d71-55289e083fa5@group-EFD1D20A002C-LeaderElection345: Election REJECTED; received 2 response(s) [bf55b3f9-6b09-4365-9d71-55289e083fa5<-f4c54511-b161-4347-aec5-5236dc80a0d8#0:FAIL-t401, bf55b3f9-6b09-4365-9d71-55289e083fa5<-907b9765-214b-4864-b66a-d6e2a5789e5c#0:FAIL-t401] and 0 exception(s); bf55b3f9-6b09-4365-9d71-55289e083fa5@group-EFD1D20A002C:t401, leader=null, voted=bf55b3f9-6b09-4365-9d71-55289e083fa5, raftlog=bf55b3f9-6b09-4365-9d71-55289e083fa5@group-EFD1D20A002C-SegmentedRaftLog:OPENED:c-1,f-1,i0, conf=-1: [f4c54511-b161-4347-aec5-5236dc80a0d8:0.0.0.0:41238, 907b9765-214b-4864-b66a-d6e2a5789e5c:0.0.0.0:41650, bf55b3f9-6b09-4365-9d71-55289e083fa5:0.0.0.0:42441], old=null
2019-10-16 18:01:25,220 [bf55b3f9-6b09-4365-9d71-55289e083fa5@group-EFD1D20A002C-LeaderElection345] INFO  impl.RaftServerImpl (RaftServerImpl.java:setRole(184)) - bf55b3f9-6b09-4365-9d71-55289e083fa5@group-EFD1D20A002C: changes role from CANDIDATE to FOLLOWER at term 401 for DISCOVERED_A_NEW_TERM
2019-10-16 18:01:25,220 [bf55b3f9-6b09-4365-9d71-55289e083fa5@group-EFD1D20A002C-LeaderElection345] INFO  impl.RoleInfo (RoleInfo.java:shutdownLeaderElection(134)) - bf55b3f9-6b09-4365-9d71-55289e083fa5: shutdown LeaderElection
2019-10-16 18:01:25,220 [bf55b3f9-6b09-4365-9d71-55289e083fa5@group-EFD1D20A002C-LeaderElection345] INFO  impl.RoleInfo (RoleInfo.java:updateAndGet(143)) - bf55b3f9-6b09-4365-9d71-55289e083fa5: start FollowerState
2019-10-16 18:01:25,248 [Thread-2449] INFO  impl.FollowerState (FollowerState.java:run(108)) - bf55b3f9-6b09-4365-9d71-55289e083fa5@group-EFD1D20A002C-FollowerState: change to CANDIDATE, lastRpcTime:27ms, electionTimeout:27ms
2019-10-16 18:01:25,248 [Thread-2449] INFO  impl.RoleInfo (RoleInfo.java:shutdownFollowerState(121)) - bf55b3f9-6b09-4365-9d71-55289e083fa5: shutdown FollowerState
2019-10-16 18:01:25,248 [Thread-2449] INFO  impl.RaftServerImpl (RaftServerImpl.java:setRole(184)) - bf55b3f9-6b09-4365-9d71-55289e083fa5@group-EFD1D20A002C: changes role from  FOLLOWER to CANDIDATE at term 401 for changeToCandidate
2019-10-16 18:01:25,248 [Thread-2449] INFO  impl.RoleInfo (RoleInfo.java:updateAndGet(143)) - bf55b3f9-6b09-4365-9d71-55289e083fa5: start LeaderElection
2019-10-16 18:01:25,264 [bf55b3f9-6b09-4365-9d71-55289e083fa5@group-EFD1D20A002C-LeaderElection346] INFO  impl.LeaderElection (LeaderElection.java:askForVotes(178)) - bf55b3f9-6b09-4365-9d71-55289e083fa5@group-EFD1D20A002C-LeaderElection346: begin an election at term 402 for -1: [f4c54511-b161-4347-aec5-5236dc80a0d8:0.0.0.0:41238, 907b9765-214b-4864-b66a-d6e2a5789e5c:0.0.0.0:41650, bf55b3f9-6b09-4365-9d71-55289e083fa5:0.0.0.0:42441], old=null
2019-10-16 18:01:25,265 [grpc-default-executor-2] INFO  impl.RaftServerImpl (RaftServerImpl.java:setRole(184)) - f4c54511-b161-4347-aec5-5236dc80a0d8@group-EFD1D20A002C: changes role from  FOLLOWER to FOLLOWER at term 402 for recognizeCandidate:bf55b3f9-6b09-4365-9d71-55289e083fa5
2019-10-16 18:01:25,265 [grpc-default-executor-3] INFO  impl.RaftServerImpl (RaftServerImpl.java:setRole(184)) - 907b9765-214b-4864-b66a-d6e2a5789e5c@group-EFD1D20A002C: changes role from  FOLLOWER to FOLLOWER at term 402 for recognizeCandidate:bf55b3f9-6b09-4365-9d71-55289e083fa5
2019-10-16 18:01:25,265 [grpc-default-executor-2] INFO  impl.RoleInfo (RoleInfo.java:shutdownFollowerState(121)) - f4c54511-b161-4347-aec5-5236dc80a0d8: shutdown FollowerState
2019-10-16 18:01:25,265 [grpc-default-executor-3] INFO  impl.RoleInfo (RoleInfo.java:shutdownFollowerState(121)) - 907b9765-214b-4864-b66a-d6e2a5789e5c: shutdown FollowerState
2019-10-16 18:01:25,266 [Thread-2447] INFO  impl.FollowerState (FollowerState.java:run(117)) - f4c54511-b161-4347-aec5-5236dc80a0d8@group-EFD1D20A002C-FollowerState was interrupted: java.lang.InterruptedException: sleep interrupted
2019-10-16 18:01:25,266 [Thread-2448] INFO  impl.FollowerState (FollowerState.java:run(117)) - 907b9765-214b-4864-b66a-d6e2a5789e5c@group-EFD1D20A002C-FollowerState was interrupted: java.lang.InterruptedException: sleep interrupted
2019-10-16 18:01:25,266 [grpc-default-executor-2] INFO  impl.RoleInfo (RoleInfo.java:updateAndGet(143)) - f4c54511-b161-4347-aec5-5236dc80a0d8: start FollowerState
2019-10-16 18:01:25,266 [grpc-default-executor-3] INFO  impl.RoleInfo (RoleInfo.java:updateAndGet(143)) - 907b9765-214b-4864-b66a-d6e2a5789e5c: start FollowerState
2019-10-16 18:01:25,283 [bf55b3f9-6b09-4365-9d71-55289e083fa5@group-EFD1D20A002C-LeaderElection346] INFO  impl.LeaderElection (LeaderElection.java:logAndReturn(56)) - bf55b3f9-6b09-4365-9d71-55289e083fa5@group-EFD1D20A002C-LeaderElection346: Election TIMEOUT; received 0 response(s) [] and 0 exception(s); bf55b3f9-6b09-4365-9d71-55289e083fa5@group-EFD1D20A002C:t402, leader=null, voted=bf55b3f9-6b09-4365-9d71-55289e083fa5, raftlog=bf55b3f9-6b09-4365-9d71-55289e083fa5@group-EFD1D20A002C-SegmentedRaftLog:OPENED:c-1,f-1,i0, conf=-1: [f4c54511-b161-4347-aec5-5236dc80a0d8:0.0.0.0:41238, 907b9765-214b-4864-b66a-d6e2a5789e5c:0.0.0.0:41650, bf55b3f9-6b09-4365-9d71-55289e083fa5:0.0.0.0:42441], old=null
2019-10-16 18:01:25,312 [bf55b3f9-6b09-4365-9d71-55289e083fa5@group-EFD1D20A002C-LeaderElection346] INFO  impl.LeaderElection (LeaderElection.java:askForVotes(178)) - bf55b3f9-6b09-4365-9d71-55289e083fa5@group-EFD1D20A002C-LeaderElection346: begin an election at term 403 for -1: [f4c54511-b161-4347-aec5-5236dc80a0d8:0.0.0.0:41238, 907b9765-214b-4864-b66a-d6e2a5789e5c:0.0.0.0:41650, bf55b3f9-6b09-4365-9d71-55289e083fa5:0.0.0.0:42441], old=null
2019-10-16 18:01:25,313 [grpc-default-executor-3] INFO  impl.RaftServerImpl (RaftServerImpl.java:setRole(184)) - 907b9765-214b-4864-b66a-d6e2a5789e5c@group-EFD1D20A002C: changes role from  FOLLOWER to FOLLOWER at term 403 for recognizeCandidate:bf55b3f9-6b09-4365-9d71-55289e083fa5
2019-10-16 18:01:25,313 [grpc-default-executor-2] INFO  impl.RaftServerImpl (RaftServerImpl.java:setRole(184)) - f4c54511-b161-4347-aec5-5236dc80a0d8@group-EFD1D20A002C: changes role from  FOLLOWER to FOLLOWER at term 403 for recognizeCandidate:bf55b3f9-6b09-4365-9d71-55289e083fa5
2019-10-16 18:01:25,313 [grpc-default-executor-2] INFO  impl.RoleInfo (RoleInfo.java:shutdownFollowerState(121)) - f4c54511-b161-4347-aec5-5236dc80a0d8: shutdown FollowerState
2019-10-16 18:01:25,313 [grpc-default-executor-3] INFO  impl.RoleInfo (RoleInfo.java:shutdownFollowerState(121)) - 907b9765-214b-4864-b66a-d6e2a5789e5c: shutdown FollowerState
2019-10-16 18:01:25,313 [Thread-2453] INFO  impl.FollowerState (FollowerState.java:run(117)) - f4c54511-b161-4347-aec5-5236dc80a0d8@group-EFD1D20A002C-FollowerState was interrupted: java.lang.InterruptedException: sleep interrupted
2019-10-16 18:01:25,313 [grpc-default-executor-2] INFO  impl.RoleInfo (RoleInfo.java:updateAndGet(143)) - f4c54511-b161-4347-aec5-5236dc80a0d8: start FollowerState
2019-10-16 18:01:25,313 [Thread-2454] INFO  impl.FollowerState (FollowerState.java:run(117)) - 907b9765-214b-4864-b66a-d6e2a5789e5c@group-EFD1D20A002C-FollowerState was interrupted: java.lang.InterruptedException: sleep interrupted
2019-10-16 18:01:25,313 [grpc-default-executor-3] INFO  impl.RoleInfo (RoleInfo.java:updateAndGet(143)) - 907b9765-214b-4864-b66a-d6e2a5789e5c: start FollowerState
2019-10-16 18:01:25,329 [bf55b3f9-6b09-4365-9d71-55289e083fa5@group-EFD1D20A002C-LeaderElection346] INFO  impl.LeaderElection (LeaderElection.java:logAndReturn(56)) - bf55b3f9-6b09-4365-9d71-55289e083fa5@group-EFD1D20A002C-LeaderElection346: Election REJECTED; received 2 response(s) [bf55b3f9-6b09-4365-9d71-55289e083fa5<-f4c54511-b161-4347-aec5-5236dc80a0d8#0:FAIL-t403, bf55b3f9-6b09-4365-9d71-55289e083fa5<-907b9765-214b-4864-b66a-d6e2a5789e5c#0:FAIL-t403] and 0 exception(s); bf55b3f9-6b09-4365-9d71-55289e083fa5@group-EFD1D20A002C:t403, leader=null, voted=bf55b3f9-6b09-4365-9d71-55289e083fa5, raftlog=bf55b3f9-6b09-4365-9d71-55289e083fa5@group-EFD1D20A002C-SegmentedRaftLog:OPENED:c-1,f-1,i0, conf=-1: [f4c54511-b161-4347-aec5-5236dc80a0d8:0.0.0.0:41238, 907b9765-214b-4864-b66a-d6e2a5789e5c:0.0.0.0:41650, bf55b3f9-6b09-4365-9d71-55289e083fa5:0.0.0.0:42441], old=null
2019-10-16 18:01:25,329 [bf55b3f9-6b09-4365-9d71-55289e083fa5@group-EFD1D20A002C-LeaderElection346] INFO  impl.RaftServerImpl (RaftServerImpl.java:setRole(184)) - bf55b3f9-6b09-4365-9d71-55289e083fa5@group-EFD1D20A002C: changes role from CANDIDATE to FOLLOWER at term 403 for DISCOVERED_A_NEW_TERM
2019-10-16 18:01:25,333 [bf55b3f9-6b09-4365-9d71-55289e083fa5@group-EFD1D20A002C-LeaderElection346] INFO  impl.RoleInfo (RoleInfo.java:shutdownLeaderElection(134)) - bf55b3f9-6b09-4365-9d71-55289e083fa5: shutdown LeaderElection
2019-10-16 18:01:25,333 [bf55b3f9-6b09-4365-9d71-55289e083fa5@group-EFD1D20A002C-LeaderElection346] INFO  impl.RoleInfo (RoleInfo.java:updateAndGet(143)) - bf55b3f9-6b09-4365-9d71-55289e083fa5: start FollowerState
2019-10-16 18:01:25,352 [Thread-2459] INFO  impl.FollowerState (FollowerState.java:run(108)) - bf55b3f9-6b09-4365-9d71-55289e083fa5@group-EFD1D20A002C-FollowerState: change to CANDIDATE, lastRpcTime:18ms, electionTimeout:18ms
2019-10-16 18:01:25,352 [Thread-2459] INFO  impl.RoleInfo (RoleInfo.java:shutdownFollowerState(121)) - bf55b3f9-6b09-4365-9d71-55289e083fa5: shutdown FollowerState
2019-10-16 18:01:25,352 [Thread-2459] INFO  impl.RaftServerImpl (RaftServerImpl.java:setRole(184)) - bf55b3f9-6b09-4365-9d71-55289e083fa5@group-EFD1D20A002C: changes role from  FOLLOWER to CANDIDATE at term 403 for changeToCandidate
2019-10-16 18:01:25,353 [Thread-2459] INFO  impl.RoleInfo (RoleInfo.java:updateAndGet(143)) - bf55b3f9-6b09-4365-9d71-55289e083fa5: start LeaderElection
2019-10-16 18:01:25,370 [bf55b3f9-6b09-4365-9d71-55289e083fa5@group-EFD1D20A002C-LeaderElection347] INFO  impl.LeaderElection (LeaderElection.java:askForVotes(178)) - bf55b3f9-6b09-4365-9d71-55289e083fa5@group-EFD1D20A002C-LeaderElection347: begin an election at term 404 for -1: [f4c54511-b161-4347-aec5-5236dc80a0d8:0.0.0.0:41238, 907b9765-214b-4864-b66a-d6e2a5789e5c:0.0.0.0:41650, bf55b3f9-6b09-4365-9d71-55289e083fa5:0.0.0.0:42441], old=null
2019-10-16 18:01:25,372 [grpc-default-executor-3] INFO  impl.RaftServerImpl (RaftServerImpl.java:setRole(184)) - 907b9765-214b-4864-b66a-d6e2a5789e5c@group-EFD1D20A002C: changes role from  FOLLOWER to FOLLOWER at term 404 for recognizeCandidate:bf55b3f9-6b09-4365-9d71-55289e083fa5
2019-10-16 18:01:25,372 [grpc-default-executor-2] INFO  impl.RaftServerImpl (RaftServerImpl.java:setRole(184)) - f4c54511-b161-4347-aec5-5236dc80a0d8@group-EFD1D20A002C: changes role from  FOLLOWER to FOLLOWER at term 404 for recognizeCandidate:bf55b3f9-6b09-4365-9d71-55289e083fa5
2019-10-16 18:01:25,372 [grpc-default-executor-2] INFO  impl.RoleInfo (RoleInfo.java:shutdownFollowerState(121)) - f4c54511-b161-4347-aec5-5236dc80a0d8: shutdown FollowerState
2019-10-16 18:01:25,372 [grpc-default-executor-3] INFO  impl.RoleInfo (RoleInfo.java:shutdownFollowerState(121)) - 907b9765-214b-4864-b66a-d6e2a5789e5c: shutdown FollowerState
2019-10-16 18:01:25,372 [Thread-2457] INFO  impl.FollowerState (FollowerState.java:run(117)) - f4c54511-b161-4347-aec5-5236dc80a0d8@group-EFD1D20A002C-FollowerState was interrupted: java.lang.InterruptedException: sleep interrupted
2019-10-16 18:01:25,372 [grpc-default-executor-2] INFO  impl.RoleInfo (RoleInfo.java:updateAndGet(143)) - f4c54511-b161-4347-aec5-5236dc80a0d8: start FollowerState
2019-10-16 18:01:25,372 [Thread-2458] INFO  impl.FollowerState (FollowerState.java:run(117)) - 907b9765-214b-4864-b66a-d6e2a5789e5c@group-EFD1D20A002C-FollowerState was interrupted: java.lang.InterruptedException: sleep interrupted
2019-10-16 18:01:25,372 [grpc-default-executor-3] INFO  impl.RoleInfo (RoleInfo.java:updateAndGet(143)) - 907b9765-214b-4864-b66a-d6e2a5789e5c: start FollowerState
2019-10-16 18:01:25,412 [bf55b3f9-6b09-4365-9d71-55289e083fa5@group-EFD1D20A002C-LeaderElection347] INFO  impl.LeaderElection (LeaderElection.java:logAndReturn(56)) - bf55b3f9-6b09-4365-9d71-55289e083fa5@group-EFD1D20A002C-LeaderElection347: Election REJECTED; received 2 response(s) [bf55b3f9-6b09-4365-9d71-55289e083fa5<-f4c54511-b161-4347-aec5-5236dc80a0d8#0:FAIL-t404, bf55b3f9-6b09-4365-9d71-55289e083fa5<-907b9765-214b-4864-b66a-d6e2a5789e5c#0:FAIL-t404] and 0 exception(s); bf55b3f9-6b09-4365-9d71-55289e083fa5@group-EFD1D20A002C:t404, leader=null, voted=bf55b3f9-6b09-4365-9d71-55289e083fa5, raftlog=bf55b3f9-6b09-4365-9d71-55289e083fa5@group-EFD1D20A002C-SegmentedRaftLog:OPENED:c-1,f-1,i0, conf=-1: [f4c54511-b161-4347-aec5-5236dc80a0d8:0.0.0.0:41238, 907b9765-214b-4864-b66a-d6e2a5789e5c:0.0.0.0:41650, bf55b3f9-6b09-4365-9d71-55289e083fa5:0.0.0.0:42441], old=null
2019-10-16 18:01:25,412 [bf55b3f9-6b09-4365-9d71-55289e083fa5@group-EFD1D20A002C-LeaderElection347] INFO  impl.RaftServerImpl (RaftServerImpl.java:setRole(184)) - bf55b3f9-6b09-4365-9d71-55289e083fa5@group-EFD1D20A002C: changes role from CANDIDATE to FOLLOWER at term 404 for DISCOVERED_A_NEW_TERM
2019-10-16 18:01:25,412 [bf55b3f9-6b09-4365-9d71-55289e083fa5@group-EFD1D20A002C-LeaderElection347] INFO  impl.RoleInfo (RoleInfo.java:shutdownLeaderElection(134)) - bf55b3f9-6b09-4365-9d71-55289e083fa5: shutdown LeaderElection
2019-10-16 18:01:25,412 [bf55b3f9-6b09-4365-9d71-55289e083fa5@group-EFD1D20A002C-LeaderElection347] INFO  impl.RoleInfo (RoleInfo.java:updateAndGet(143)) - bf55b3f9-6b09-4365-9d71-55289e083fa5: start FollowerState
2019-10-16 18:01:25,582 [Thread-2465] INFO  impl.FollowerState (FollowerState.java:run(108)) - bf55b3f9-6b09-4365-9d71-55289e083fa5@group-EFD1D20A002C-FollowerState: change to CANDIDATE, lastRpcTime:170ms, electionTimeout:170ms
2019-10-16 18:01:25,583 [Thread-2465] INFO  impl.RoleInfo (RoleInfo.java:shutdownFollowerState(121)) - bf55b3f9-6b09-4365-9d71-55289e083fa5: shutdown FollowerState
2019-10-16 18:01:25,583 [Thread-2465] INFO  impl.RaftServerImpl (RaftServerImpl.java:setRole(184)) - bf55b3f9-6b09-4365-9d71-55289e083fa5@group-EFD1D20A002C: changes role from  FOLLOWER to CANDIDATE at term 404 for changeToCandidate
2019-10-16 18:01:25,583 [Thread-2465] INFO  impl.RoleInfo (RoleInfo.java:updateAndGet(143)) - bf55b3f9-6b09-4365-9d71-55289e083fa5: start LeaderElection
2019-10-16 18:01:25,601 [bf55b3f9-6b09-4365-9d71-55289e083fa5@group-EFD1D20A002C-LeaderElection348] INFO  impl.LeaderElection (LeaderElection.java:askForVotes(178)) - bf55b3f9-6b09-4365-9d71-55289e083fa5@group-EFD1D20A002C-LeaderElection348: begin an election at term 405 for -1: [f4c54511-b161-4347-aec5-5236dc80a0d8:0.0.0.0:41238, 907b9765-214b-4864-b66a-d6e2a5789e5c:0.0.0.0:41650, bf55b3f9-6b09-4365-9d71-55289e083fa5:0.0.0.0:42441], old=null
2019-10-16 18:01:25,603 [grpc-default-executor-3] INFO  impl.RaftServerImpl (RaftServerImpl.java:setRole(184)) - 907b9765-214b-4864-b66a-d6e2a5789e5c@group-EFD1D20A002C: changes role from  FOLLOWER to FOLLOWER at term 405 for recognizeCandidate:bf55b3f9-6b09-4365-9d71-55289e083fa5
2019-10-16 18:01:25,603 [grpc-default-executor-2] INFO  impl.RaftServerImpl (RaftServerImpl.java:setRole(184)) - f4c54511-b161-4347-aec5-5236dc80a0d8@group-EFD1D20A002C: changes role from  FOLLOWER to FOLLOWER at term 405 for recognizeCandidate:bf55b3f9-6b09-4365-9d71-55289e083fa5
2019-10-16 18:01:25,603 [grpc-default-executor-3] INFO  impl.RoleInfo (RoleInfo.java:shutdownFollowerState(121)) - 907b9765-214b-4864-b66a-d6e2a5789e5c: shutdown FollowerState
2019-10-16 18:01:25,603 [grpc-default-executor-2] INFO  impl.RoleInfo (RoleInfo.java:shutdownFollowerState(121)) - f4c54511-b161-4347-aec5-5236dc80a0d8: shutdown FollowerState
2019-10-16 18:01:25,603 [Thread-2464] INFO  impl.FollowerState (FollowerState.java:run(117)) - 907b9765-214b-4864-b66a-d6e2a5789e5c@group-EFD1D20A002C-FollowerState was interrupted: java.lang.InterruptedException: sleep interrupted
2019-10-16 18:01:25,603 [grpc-default-executor-3] INFO  impl.RoleInfo (RoleInfo.java:updateAndGet(143)) - 907b9765-214b-4864-b66a-d6e2a5789e5c: start FollowerState
2019-10-16 18:01:25,603 [Thread-2463] INFO  impl.FollowerState (FollowerState.java:run(117)) - f4c54511-b161-4347-aec5-5236dc80a0d8@group-EFD1D20A002C-FollowerState was interrupted: java.lang.InterruptedException: sleep interrupted
2019-10-16 18:01:25,603 [grpc-default-executor-2] INFO  impl.RoleInfo (RoleInfo.java:updateAndGet(143)) - f4c54511-b161-4347-aec5-5236dc80a0d8: start FollowerState
2019-10-16 18:01:25,627 [bf55b3f9-6b09-4365-9d71-55289e083fa5@group-EFD1D20A002C-LeaderElection348] INFO  impl.LeaderElection (LeaderElection.java:logAndReturn(56)) - bf55b3f9-6b09-4365-9d71-55289e083fa5@group-EFD1D20A002C-LeaderElection348: Election REJECTED; received 2 response(s) [bf55b3f9-6b09-4365-9d71-55289e083fa5<-f4c54511-b161-4347-aec5-5236dc80a0d8#0:FAIL-t405, bf55b3f9-6b09-4365-9d71-55289e083fa5<-907b9765-214b-4864-b66a-d6e2a5789e5c#0:FAIL-t405] and 0 exception(s); bf55b3f9-6b09-4365-9d71-55289e083fa5@group-EFD1D20A002C:t405, leader=null, voted=bf55b3f9-6b09-4365-9d71-55289e083fa5, raftlog=bf55b3f9-6b09-4365-9d71-55289e083fa5@group-EFD1D20A002C-SegmentedRaftLog:OPENED:c-1,f-1,i0, conf=-1: [f4c54511-b161-4347-aec5-5236dc80a0d8:0.0.0.0:41238, 907b9765-214b-4864-b66a-d6e2a5789e5c:0.0.0.0:41650, bf55b3f9-6b09-4365-9d71-55289e083fa5:0.0.0.0:42441], old=null
2019-10-16 18:01:25,628 [bf55b3f9-6b09-4365-9d71-55289e083fa5@group-EFD1D20A002C-LeaderElection348] INFO  impl.RaftServerImpl (RaftServerImpl.java:setRole(184)) - bf55b3f9-6b09-4365-9d71-55289e083fa5@group-EFD1D20A002C: changes role from CANDIDATE to FOLLOWER at term 405 for DISCOVERED_A_NEW_TERM
2019-10-16 18:01:25,628 [bf55b3f9-6b09-4365-9d71-55289e083fa5@group-EFD1D20A002C-LeaderElection348] INFO  impl.RoleInfo (RoleInfo.java:shutdownLeaderElection(134)) - bf55b3f9-6b09-4365-9d71-55289e083fa5: shutdown LeaderElection
2019-10-16 18:01:25,628 [bf55b3f9-6b09-4365-9d71-55289e083fa5@group-EFD1D20A002C-LeaderElection348] INFO  impl.RoleInfo (RoleInfo.java:updateAndGet(143)) - bf55b3f9-6b09-4365-9d71-55289e083fa5: start FollowerState
2019-10-16 18:01:25,719 [Thread-2471] INFO  impl.FollowerState (FollowerState.java:run(108)) - bf55b3f9-6b09-4365-9d71-55289e083fa5@group-EFD1D20A002C-FollowerState: change to CANDIDATE, lastRpcTime:91ms, electionTimeout:91ms
2019-10-16 18:01:25,719 [Thread-2471] INFO  impl.RoleInfo (RoleInfo.java:shutdownFollowerState(121)) - bf55b3f9-6b09-4365-9d71-55289e083fa5: shutdown FollowerState
2019-10-16 18:01:25,719 [Thread-2471] INFO  impl.RaftServerImpl (RaftServerImpl.java:setRole(184)) - bf55b3f9-6b09-4365-9d71-55289e083fa5@group-EFD1D20A002C: changes role from  FOLLOWER to CANDIDATE at term 405 for changeToCandidate
2019-10-16 18:01:25,720 [Thread-2471] INFO  impl.RoleInfo (RoleInfo.java:updateAndGet(143)) - bf55b3f9-6b09-4365-9d71-55289e083fa5: start LeaderElection
2019-10-16 18:01:25,751 [bf55b3f9-6b09-4365-9d71-55289e083fa5@group-EFD1D20A002C-LeaderElection349] INFO  impl.LeaderElection (LeaderElection.java:askForVotes(178)) - bf55b3f9-6b09-4365-9d71-55289e083fa5@group-EFD1D20A002C-LeaderElection349: begin an election at term 406 for -1: [f4c54511-b161-4347-aec5-5236dc80a0d8:0.0.0.0:41238, 907b9765-214b-4864-b66a-d6e2a5789e5c:0.0.0.0:41650, bf55b3f9-6b09-4365-9d71-55289e083fa5:0.0.0.0:42441], old=null
2019-10-16 18:01:25,752 [grpc-default-executor-2] INFO  impl.RaftServerImpl (RaftServerImpl.java:setRole(184)) - 907b9765-214b-4864-b66a-d6e2a5789e5c@group-EFD1D20A002C: changes role from  FOLLOWER to FOLLOWER at term 406 for recognizeCandidate:bf55b3f9-6b09-4365-9d71-55289e083fa5
2019-10-16 18:01:25,753 [grpc-default-executor-2] INFO  impl.RoleInfo (RoleInfo.java:shutdownFollowerState(121)) - 907b9765-214b-4864-b66a-d6e2a5789e5c: shutdown FollowerState
2019-10-16 18:01:25,753 [grpc-default-executor-3] INFO  impl.RaftServerImpl (RaftServerImpl.java:setRole(184)) - f4c54511-b161-4347-aec5-5236dc80a0d8@group-EFD1D20A002C: changes role from  FOLLOWER to FOLLOWER at term 406 for recognizeCandidate:bf55b3f9-6b09-4365-9d71-55289e083fa5
2019-10-16 18:01:25,753 [Thread-2469] INFO  impl.FollowerState (FollowerState.java:run(117)) - 907b9765-214b-4864-b66a-d6e2a5789e5c@group-EFD1D20A002C-FollowerState was interrupted: java.lang.InterruptedException: sleep interrupted
2019-10-16 18:01:25,753 [grpc-default-executor-2] INFO  impl.RoleInfo (RoleInfo.java:updateAndGet(143)) - 907b9765-214b-4864-b66a-d6e2a5789e5c: start FollowerState
2019-10-16 18:01:25,753 [grpc-default-executor-3] INFO  impl.RoleInfo (RoleInfo.java:shutdownFollowerState(121)) - f4c54511-b161-4347-aec5-5236dc80a0d8: shutdown FollowerState
2019-10-16 18:01:25,753 [grpc-default-executor-3] INFO  impl.RoleInfo (RoleInfo.java:updateAndGet(143)) - f4c54511-b161-4347-aec5-5236dc80a0d8: start FollowerState
2019-10-16 18:01:25,753 [Thread-2470] INFO  impl.FollowerState (FollowerState.java:run(117)) - f4c54511-b161-4347-aec5-5236dc80a0d8@group-EFD1D20A002C-FollowerState was interrupted: java.lang.InterruptedException: sleep interrupted
2019-10-16 18:01:25,777 [bf55b3f9-6b09-4365-9d71-55289e083fa5@group-EFD1D20A002C-LeaderElection349] INFO  impl.LeaderElection (LeaderElection.java:logAndReturn(56)) - bf55b3f9-6b09-4365-9d71-55289e083fa5@group-EFD1D20A002C-LeaderElection349: Election REJECTED; received 2 response(s) [bf55b3f9-6b09-4365-9d71-55289e083fa5<-f4c54511-b161-4347-aec5-5236dc80a0d8#0:FAIL-t406, bf55b3f9-6b09-4365-9d71-55289e083fa5<-907b9765-214b-4864-b66a-d6e2a5789e5c#0:FAIL-t406] and 0 exception(s); bf55b3f9-6b09-4365-9d71-55289e083fa5@group-EFD1D20A002C:t406, leader=null, voted=bf55b3f9-6b09-4365-9d71-55289e083fa5, raftlog=bf55b3f9-6b09-4365-9d71-55289e083fa5@group-EFD1D20A002C-SegmentedRaftLog:OPENED:c-1,f-1,i0, conf=-1: [f4c54511-b161-4347-aec5-5236dc80a0d8:0.0.0.0:41238, 907b9765-214b-4864-b66a-d6e2a5789e5c:0.0.0.0:41650, bf55b3f9-6b09-4365-9d71-55289e083fa5:0.0.0.0:42441], old=null
2019-10-16 18:01:25,778 [bf55b3f9-6b09-4365-9d71-55289e083fa5@group-EFD1D20A002C-LeaderElection349] INFO  impl.RaftServerImpl (RaftServerImpl.java:setRole(184)) - bf55b3f9-6b09-4365-9d71-55289e083fa5@group-EFD1D20A002C: changes role from CANDIDATE to FOLLOWER at term 406 for DISCOVERED_A_NEW_TERM
2019-10-16 18:01:25,778 [bf55b3f9-6b09-4365-9d71-55289e083fa5@group-EFD1D20A002C-LeaderElection349] INFO  impl.RoleInfo (RoleInfo.java:shutdownLeaderElection(134)) - bf55b3f9-6b09-4365-9d71-55289e083fa5: shutdown LeaderElection
2019-10-16 18:01:25,778 [bf55b3f9-6b09-4365-9d71-55289e083fa5@group-EFD1D20A002C-LeaderElection349] INFO  impl.RoleInfo (RoleInfo.java:updateAndGet(143)) - bf55b3f9-6b09-4365-9d71-55289e083fa5: start FollowerState
2019-10-16 18:01:25,969 [Thread-2477] INFO  impl.FollowerState (FollowerState.java:run(108)) - bf55b3f9-6b09-4365-9d71-55289e083fa5@group-EFD1D20A002C-FollowerState: change to CANDIDATE, lastRpcTime:191ms, electionTimeout:191ms
2019-10-16 18:01:25,969 [Thread-2477] INFO  impl.RoleInfo (RoleInfo.java:shutdownFollowerState(121)) - bf55b3f9-6b09-4365-9d71-55289e083fa5: shutdown FollowerState
2019-10-16 18:01:25,969 [Thread-2477] INFO  impl.RaftServerImpl (RaftServerImpl.java:setRole(184)) - bf55b3f9-6b09-4365-9d71-55289e083fa5@group-EFD1D20A002C: changes role from  FOLLOWER to CANDIDATE at term 406 for changeToCandidate
2019-10-16 18:01:25,970 [Thread-2477] INFO  impl.RoleInfo (RoleInfo.java:updateAndGet(143)) - bf55b3f9-6b09-4365-9d71-55289e083fa5: start LeaderElection
2019-10-16 18:01:26,005 [bf55b3f9-6b09-4365-9d71-55289e083fa5@group-EFD1D20A002C-LeaderElection350] INFO  impl.LeaderElection (LeaderElection.java:askForVotes(178)) - bf55b3f9-6b09-4365-9d71-55289e083fa5@group-EFD1D20A002C-LeaderElection350: begin an election at term 407 for -1: [f4c54511-b161-4347-aec5-5236dc80a0d8:0.0.0.0:41238, 907b9765-214b-4864-b66a-d6e2a5789e5c:0.0.0.0:41650, bf55b3f9-6b09-4365-9d71-55289e083fa5:0.0.0.0:42441], old=null
2019-10-16 18:01:26,008 [grpc-default-executor-3] INFO  impl.RaftServerImpl (RaftServerImpl.java:setRole(184)) - 907b9765-214b-4864-b66a-d6e2a5789e5c@group-EFD1D20A002C: changes role from  FOLLOWER to FOLLOWER at term 407 for recognizeCandidate:bf55b3f9-6b09-4365-9d71-55289e083fa5
2019-10-16 18:01:26,008 [grpc-default-executor-2] INFO  impl.RaftServerImpl (RaftServerImpl.java:setRole(184)) - f4c54511-b161-4347-aec5-5236dc80a0d8@group-EFD1D20A002C: changes role from  FOLLOWER to FOLLOWER at term 407 for recognizeCandidate:bf55b3f9-6b09-4365-9d71-55289e083fa5
2019-10-16 18:01:26,008 [grpc-default-executor-3] INFO  impl.RoleInfo (RoleInfo.java:shutdownFollowerState(121)) - 907b9765-214b-4864-b66a-d6e2a5789e5c: shutdown FollowerState
2019-10-16 18:01:26,008 [grpc-default-executor-2] INFO  impl.RoleInfo (RoleInfo.java:shutdownFollowerState(121)) - f4c54511-b161-4347-aec5-5236dc80a0d8: shutdown FollowerState
2019-10-16 18:01:26,008 [Thread-2475] INFO  impl.FollowerState (FollowerState.java:run(117)) - 907b9765-214b-4864-b66a-d6e2a5789e5c@group-EFD1D20A002C-FollowerState was interrupted: java.lang.InterruptedException: sleep interrupted
2019-10-16 18:01:26,008 [Thread-2476] INFO  impl.FollowerState (FollowerState.java:run(117)) - f4c54511-b161-4347-aec5-5236dc80a0d8@group-EFD1D20A002C-FollowerState was interrupted: java.lang.InterruptedException: sleep interrupted
2019-10-16 18:01:26,008 [grpc-default-executor-3] INFO  impl.RoleInfo (RoleInfo.java:updateAndGet(143)) - 907b9765-214b-4864-b66a-d6e2a5789e5c: start FollowerState
2019-10-16 18:01:26,008 [grpc-default-executor-2] INFO  impl.RoleInfo (RoleInfo.java:updateAndGet(143)) - f4c54511-b161-4347-aec5-5236dc80a0d8: start FollowerState
2019-10-16 18:01:26,031 [bf55b3f9-6b09-4365-9d71-55289e083fa5@group-EFD1D20A002C-LeaderElection350] INFO  impl.LeaderElection (LeaderElection.java:logAndReturn(56)) - bf55b3f9-6b09-4365-9d71-55289e083fa5@group-EFD1D20A002C-LeaderElection350: Election REJECTED; received 2 response(s) [bf55b3f9-6b09-4365-9d71-55289e083fa5<-f4c54511-b161-4347-aec5-5236dc80a0d8#0:FAIL-t407, bf55b3f9-6b09-4365-9d71-55289e083fa5<-907b9765-214b-4864-b66a-d6e2a5789e5c#0:FAIL-t407] and 0 exception(s); bf55b3f9-6b09-4365-9d71-55289e083fa5@group-EFD1D20A002C:t407, leader=null, voted=bf55b3f9-6b09-4365-9d71-55289e083fa5, raftlog=bf55b3f9-6b09-4365-9d71-55289e083fa5@group-EFD1D20A002C-SegmentedRaftLog:OPENED:c-1,f-1,i0, conf=-1: [f4c54511-b161-4347-aec5-5236dc80a0d8:0.0.0.0:41238, 907b9765-214b-4864-b66a-d6e2a5789e5c:0.0.0.0:41650, bf55b3f9-6b09-4365-9d71-55289e083fa5:0.0.0.0:42441], old=null
2019-10-16 18:01:26,032 [bf55b3f9-6b09-4365-9d71-55289e083fa5@group-EFD1D20A002C-LeaderElection350] INFO  impl.RaftServerImpl (RaftServerImpl.java:setRole(184)) - bf55b3f9-6b09-4365-9d71-55289e083fa5@group-EFD1D20A002C: changes role from CANDIDATE to FOLLOWER at term 407 for DISCOVERED_A_NEW_TERM
2019-10-16 18:01:26,032 [bf55b3f9-6b09-4365-9d71-55289e083fa5@group-EFD1D20A002C-LeaderElection350] INFO  impl.RoleInfo (RoleInfo.java:shutdownLeaderElection(134)) - bf55b3f9-6b09-4365-9d71-55289e083fa5: shutdown LeaderElection
2019-10-16 18:01:26,032 [bf55b3f9-6b09-4365-9d71-55289e083fa5@group-EFD1D20A002C-LeaderElection350] INFO  impl.RoleInfo (RoleInfo.java:updateAndGet(143)) - bf55b3f9-6b09-4365-9d71-55289e083fa5: start FollowerState
2019-10-16 18:01:26,053 [Thread-2483] INFO  impl.FollowerState (FollowerState.java:run(108)) - bf55b3f9-6b09-4365-9d71-55289e083fa5@group-EFD1D20A002C-FollowerState: change to CANDIDATE, lastRpcTime:21ms, electionTimeout:21ms
2019-10-16 18:01:26,053 [Thread-2483] INFO  impl.RoleInfo (RoleInfo.java:shutdownFollowerState(121)) - bf55b3f9-6b09-4365-9d71-55289e083fa5: shutdown FollowerState
2019-10-16 18:01:26,053 [Thread-2483] INFO  impl.RaftServerImpl (RaftServerImpl.java:setRole(184)) - bf55b3f9-6b09-4365-9d71-55289e083fa5@group-EFD1D20A002C: changes role from  FOLLOWER to CANDIDATE at term 407 for changeToCandidate
2019-10-16 18:01:26,053 [Thread-2483] INFO  impl.RoleInfo (RoleInfo.java:updateAndGet(143)) - bf55b3f9-6b09-4365-9d71-55289e083fa5: start LeaderElection
2019-10-16 18:01:26,080 [bf55b3f9-6b09-4365-9d71-55289e083fa5@group-EFD1D20A002C-LeaderElection351] INFO  impl.LeaderElection (LeaderElection.java:askForVotes(178)) - bf55b3f9-6b09-4365-9d71-55289e083fa5@group-EFD1D20A002C-LeaderElection351: begin an election at term 408 for -1: [f4c54511-b161-4347-aec5-5236dc80a0d8:0.0.0.0:41238, 907b9765-214b-4864-b66a-d6e2a5789e5c:0.0.0.0:41650, bf55b3f9-6b09-4365-9d71-55289e083fa5:0.0.0.0:42441], old=null
2019-10-16 18:01:26,081 [grpc-default-executor-2] INFO  impl.RaftServerImpl (RaftServerImpl.java:setRole(184)) - 907b9765-214b-4864-b66a-d6e2a5789e5c@group-EFD1D20A002C: changes role from  FOLLOWER to FOLLOWER at term 408 for recognizeCandidate:bf55b3f9-6b09-4365-9d71-55289e083fa5
2019-10-16 18:01:26,081 [grpc-default-executor-3] INFO  impl.RaftServerImpl (RaftServerImpl.java:setRole(184)) - f4c54511-b161-4347-aec5-5236dc80a0d8@group-EFD1D20A002C: changes role from  FOLLOWER to FOLLOWER at term 408 for recognizeCandidate:bf55b3f9-6b09-4365-9d71-55289e083fa5
2019-10-16 18:01:26,082 [grpc-default-executor-2] INFO  impl.RoleInfo (RoleInfo.java:shutdownFollowerState(121)) - 907b9765-214b-4864-b66a-d6e2a5789e5c: shutdown FollowerState
2019-10-16 18:01:26,082 [grpc-default-executor-3] INFO  impl.RoleInfo (RoleInfo.java:shutdownFollowerState(121)) - f4c54511-b161-4347-aec5-5236dc80a0d8: shutdown FollowerState
2019-10-16 18:01:26,082 [Thread-2481] INFO  impl.FollowerState (FollowerState.java:run(117)) - 907b9765-214b-4864-b66a-d6e2a5789e5c@group-EFD1D20A002C-FollowerState was interrupted: java.lang.InterruptedException: sleep interrupted
2019-10-16 18:01:26,082 [grpc-default-executor-2] INFO  impl.RoleInfo (RoleInfo.java:updateAndGet(143)) - 907b9765-214b-4864-b66a-d6e2a5789e5c: start FollowerState
2019-10-16 18:01:26,082 [Thread-2482] INFO  impl.FollowerState (FollowerState.java:run(117)) - f4c54511-b161-4347-aec5-5236dc80a0d8@group-EFD1D20A002C-FollowerState was interrupted: java.lang.InterruptedException: sleep interrupted
2019-10-16 18:01:26,082 [grpc-default-executor-3] INFO  impl.RoleInfo (RoleInfo.java:updateAndGet(143)) - f4c54511-b161-4347-aec5-5236dc80a0d8: start FollowerState
2019-10-16 18:01:26,106 [bf55b3f9-6b09-4365-9d71-55289e083fa5@group-EFD1D20A002C-LeaderElection351] INFO  impl.LeaderElection (LeaderElection.java:logAndReturn(56)) - bf55b3f9-6b09-4365-9d71-55289e083fa5@group-EFD1D20A002C-LeaderElection351: Election REJECTED; received 2 response(s) [bf55b3f9-6b09-4365-9d71-55289e083fa5<-f4c54511-b161-4347-aec5-5236dc80a0d8#0:FAIL-t408, bf55b3f9-6b09-4365-9d71-55289e083fa5<-907b9765-214b-4864-b66a-d6e2a5789e5c#0:FAIL-t408] and 0 exception(s); bf55b3f9-6b09-4365-9d71-55289e083fa5@group-EFD1D20A002C:t408, leader=null, voted=bf55b3f9-6b09-4365-9d71-55289e083fa5, raftlog=bf55b3f9-6b09-4365-9d71-55289e083fa5@group-EFD1D20A002C-SegmentedRaftLog:OPENED:c-1,f-1,i0, conf=-1: [f4c54511-b161-4347-aec5-5236dc80a0d8:0.0.0.0:41238, 907b9765-214b-4864-b66a-d6e2a5789e5c:0.0.0.0:41650, bf55b3f9-6b09-4365-9d71-55289e083fa5:0.0.0.0:42441], old=null
2019-10-16 18:01:26,106 [bf55b3f9-6b09-4365-9d71-55289e083fa5@group-EFD1D20A002C-LeaderElection351] INFO  impl.RaftServerImpl (RaftServerImpl.java:setRole(184)) - bf55b3f9-6b09-4365-9d71-55289e083fa5@group-EFD1D20A002C: changes role from CANDIDATE to FOLLOWER at term 408 for DISCOVERED_A_NEW_TERM
2019-10-16 18:01:26,106 [bf55b3f9-6b09-4365-9d71-55289e083fa5@group-EFD1D20A002C-LeaderElection351] INFO  impl.RoleInfo (RoleInfo.java:shutdownLeaderElection(134)) - bf55b3f9-6b09-4365-9d71-55289e083fa5: shutdown LeaderElection
2019-10-16 18:01:26,106 [bf55b3f9-6b09-4365-9d71-55289e083fa5@group-EFD1D20A002C-LeaderElection351] INFO  impl.RoleInfo (RoleInfo.java:updateAndGet(143)) - bf55b3f9-6b09-4365-9d71-55289e083fa5: start FollowerState
2019-10-16 18:01:26,297 [Thread-2489] INFO  impl.FollowerState (FollowerState.java:run(108)) - bf55b3f9-6b09-4365-9d71-55289e083fa5@group-EFD1D20A002C-FollowerState: change to CANDIDATE, lastRpcTime:191ms, electionTimeout:191ms
2019-10-16 18:01:26,298 [Thread-2489] INFO  impl.RoleInfo (RoleInfo.java:shutdownFollowerState(121)) - bf55b3f9-6b09-4365-9d71-55289e083fa5: shutdown FollowerState
2019-10-16 18:01:26,298 [Thread-2489] INFO  impl.RaftServerImpl (RaftServerImpl.java:setRole(184)) - bf55b3f9-6b09-4365-9d71-55289e083fa5@group-EFD1D20A002C: changes role from  FOLLOWER to CANDIDATE at term 408 for changeToCandidate
2019-10-16 18:01:26,298 [Thread-2489] INFO  impl.RoleInfo (RoleInfo.java:updateAndGet(143)) - bf55b3f9-6b09-4365-9d71-55289e083fa5: start LeaderElection
2019-10-16 18:01:26,323 [bf55b3f9-6b09-4365-9d71-55289e083fa5@group-EFD1D20A002C-LeaderElection352] INFO  impl.LeaderElection (LeaderElection.java:askForVotes(178)) - bf55b3f9-6b09-4365-9d71-55289e083fa5@group-EFD1D20A002C-LeaderElection352: begin an election at term 409 for -1: [f4c54511-b161-4347-aec5-5236dc80a0d8:0.0.0.0:41238, 907b9765-214b-4864-b66a-d6e2a5789e5c:0.0.0.0:41650, bf55b3f9-6b09-4365-9d71-55289e083fa5:0.0.0.0:42441], old=null
2019-10-16 18:01:26,324 [grpc-default-executor-2] INFO  impl.RaftServerImpl (RaftServerImpl.java:setRole(184)) - f4c54511-b161-4347-aec5-5236dc80a0d8@group-EFD1D20A002C: changes role from  FOLLOWER to FOLLOWER at term 409 for recognizeCandidate:bf55b3f9-6b09-4365-9d71-55289e083fa5
2019-10-16 18:01:26,324 [grpc-default-executor-3] INFO  impl.RaftServerImpl (RaftServerImpl.java:setRole(184)) - 907b9765-214b-4864-b66a-d6e2a5789e5c@group-EFD1D20A002C: changes role from  FOLLOWER to FOLLOWER at term 409 for recognizeCandidate:bf55b3f9-6b09-4365-9d71-55289e083fa5
2019-10-16 18:01:26,325 [grpc-default-executor-2] INFO  impl.RoleInfo (RoleInfo.java:shutdownFollowerState(121)) - f4c54511-b161-4347-aec5-5236dc80a0d8: shutdown FollowerState
2019-10-16 18:01:26,325 [grpc-default-executor-3] INFO  impl.RoleInfo (RoleInfo.java:shutdownFollowerState(121)) - 907b9765-214b-4864-b66a-d6e2a5789e5c: shutdown FollowerState
2019-10-16 18:01:26,325 [grpc-default-executor-2] INFO  impl.RoleInfo (RoleInfo.java:updateAndGet(143)) - f4c54511-b161-4347-aec5-5236dc80a0d8: start FollowerState
2019-10-16 18:01:26,325 [Thread-2487] INFO  impl.FollowerState (FollowerState.java:run(117)) - 907b9765-214b-4864-b66a-d6e2a5789e5c@group-EFD1D20A002C-FollowerState was interrupted: java.lang.InterruptedException: sleep interrupted
2019-10-16 18:01:26,325 [Thread-2488] INFO  impl.FollowerState (FollowerState.java:run(117)) - f4c54511-b161-4347-aec5-5236dc80a0d8@group-EFD1D20A002C-FollowerState was interrupted: java.lang.InterruptedException: sleep interrupted
2019-10-16 18:01:26,325 [grpc-default-executor-3] INFO  impl.RoleInfo (RoleInfo.java:updateAndGet(143)) - 907b9765-214b-4864-b66a-d6e2a5789e5c: start FollowerState
2019-10-16 18:01:26,349 [bf55b3f9-6b09-4365-9d71-55289e083fa5@group-EFD1D20A002C-LeaderElection352] INFO  impl.LeaderElection (LeaderElection.java:logAndReturn(56)) - bf55b3f9-6b09-4365-9d71-55289e083fa5@group-EFD1D20A002C-LeaderElection352: Election REJECTED; received 2 response(s) [bf55b3f9-6b09-4365-9d71-55289e083fa5<-f4c54511-b161-4347-aec5-5236dc80a0d8#0:FAIL-t409, bf55b3f9-6b09-4365-9d71-55289e083fa5<-907b9765-214b-4864-b66a-d6e2a5789e5c#0:FAIL-t409] and 0 exception(s); bf55b3f9-6b09-4365-9d71-55289e083fa5@group-EFD1D20A002C:t409, leader=null, voted=bf55b3f9-6b09-4365-9d71-55289e083fa5, raftlog=bf55b3f9-6b09-4365-9d71-55289e083fa5@group-EFD1D20A002C-SegmentedRaftLog:OPENED:c-1,f-1,i0, conf=-1: [f4c54511-b161-4347-aec5-5236dc80a0d8:0.0.0.0:41238, 907b9765-214b-4864-b66a-d6e2a5789e5c:0.0.0.0:41650, bf55b3f9-6b09-4365-9d71-55289e083fa5:0.0.0.0:42441], old=null
2019-10-16 18:01:26,349 [bf55b3f9-6b09-4365-9d71-55289e083fa5@group-EFD1D20A002C-LeaderElection352] INFO  impl.RaftServerImpl (RaftServerImpl.java:setRole(184)) - bf55b3f9-6b09-4365-9d71-55289e083fa5@group-EFD1D20A002C: changes role from CANDIDATE to FOLLOWER at term 409 for DISCOVERED_A_NEW_TERM
2019-10-16 18:01:26,349 [bf55b3f9-6b09-4365-9d71-55289e083fa5@group-EFD1D20A002C-LeaderElection352] INFO  impl.RoleInfo (RoleInfo.java:shutdownLeaderElection(134)) - bf55b3f9-6b09-4365-9d71-55289e083fa5: shutdown LeaderElection
2019-10-16 18:01:26,349 [bf55b3f9-6b09-4365-9d71-55289e083fa5@group-EFD1D20A002C-LeaderElection352] INFO  impl.RoleInfo (RoleInfo.java:updateAndGet(143)) - bf55b3f9-6b09-4365-9d71-55289e083fa5: start FollowerState
2019-10-16 18:01:26,410 [Thread-2497] INFO  impl.FollowerState (FollowerState.java:run(108)) - bf55b3f9-6b09-4365-9d71-55289e083fa5@group-EFD1D20A002C-FollowerState: change to CANDIDATE, lastRpcTime:61ms, electionTimeout:61ms
2019-10-16 18:01:26,411 [Thread-2497] INFO  impl.RoleInfo (RoleInfo.java:shutdownFollowerState(121)) - bf55b3f9-6b09-4365-9d71-55289e083fa5: shutdown FollowerState
2019-10-16 18:01:26,411 [Thread-2497] INFO  impl.RaftServerImpl (RaftServerImpl.java:setRole(184)) - bf55b3f9-6b09-4365-9d71-55289e083fa5@group-EFD1D20A002C: changes role from  FOLLOWER to CANDIDATE at term 409 for changeToCandidate
2019-10-16 18:01:26,411 [Thread-2497] INFO  impl.RoleInfo (RoleInfo.java:updateAndGet(143)) - bf55b3f9-6b09-4365-9d71-55289e083fa5: start LeaderElection
2019-10-16 18:01:26,435 [bf55b3f9-6b09-4365-9d71-55289e083fa5@group-EFD1D20A002C-LeaderElection353] INFO  impl.LeaderElection (LeaderElection.java:askForVotes(178)) - bf55b3f9-6b09-4365-9d71-55289e083fa5@group-EFD1D20A002C-LeaderElection353: begin an election at term 410 for -1: [f4c54511-b161-4347-aec5-5236dc80a0d8:0.0.0.0:41238, 907b9765-214b-4864-b66a-d6e2a5789e5c:0.0.0.0:41650, bf55b3f9-6b09-4365-9d71-55289e083fa5:0.0.0.0:42441], old=null
2019-10-16 18:01:26,436 [grpc-default-executor-2] INFO  impl.RaftServerImpl (RaftServerImpl.java:setRole(184)) - 907b9765-214b-4864-b66a-d6e2a5789e5c@group-EFD1D20A002C: changes role from  FOLLOWER to FOLLOWER at term 410 for recognizeCandidate:bf55b3f9-6b09-4365-9d71-55289e083fa5
2019-10-16 18:01:26,436 [grpc-default-executor-3] INFO  impl.RaftServerImpl (RaftServerImpl.java:setRole(184)) - f4c54511-b161-4347-aec5-5236dc80a0d8@group-EFD1D20A002C: changes role from  FOLLOWER to FOLLOWER at term 410 for recognizeCandidate:bf55b3f9-6b09-4365-9d71-55289e083fa5
2019-10-16 18:01:26,436 [grpc-default-executor-3] INFO  impl.RoleInfo (RoleInfo.java:shutdownFollowerState(121)) - f4c54511-b161-4347-aec5-5236dc80a0d8: shutdown FollowerState
2019-10-16 18:01:26,436 [grpc-default-executor-2] INFO  impl.RoleInfo (RoleInfo.java:shutdownFollowerState(121)) - 907b9765-214b-4864-b66a-d6e2a5789e5c: shutdown FollowerState
2019-10-16 18:01:26,437 [Thread-2495] INFO  impl.FollowerState (FollowerState.java:run(117)) - f4c54511-b161-4347-aec5-5236dc80a0d8@group-EFD1D20A002C-FollowerState was interrupted: java.lang.InterruptedException: sleep interrupted
2019-10-16 18:01:26,436 [grpc-default-executor-3] INFO  impl.RoleInfo (RoleInfo.java:updateAndGet(143)) - f4c54511-b161-4347-aec5-5236dc80a0d8: start FollowerState
2019-10-16 18:01:26,437 [Thread-2496] INFO  impl.FollowerState (FollowerState.java:run(117)) - 907b9765-214b-4864-b66a-d6e2a5789e5c@group-EFD1D20A002C-FollowerState was interrupted: java.lang.InterruptedException: sleep interrupted
2019-10-16 18:01:26,437 [grpc-default-executor-2] INFO  impl.RoleInfo (RoleInfo.java:updateAndGet(143)) - 907b9765-214b-4864-b66a-d6e2a5789e5c: start FollowerState
2019-10-16 18:01:26,461 [bf55b3f9-6b09-4365-9d71-55289e083fa5@group-EFD1D20A002C-LeaderElection353] INFO  impl.LeaderElection (LeaderElection.java:logAndReturn(56)) - bf55b3f9-6b09-4365-9d71-55289e083fa5@group-EFD1D20A002C-LeaderElection353: Election REJECTED; received 2 response(s) [bf55b3f9-6b09-4365-9d71-55289e083fa5<-f4c54511-b161-4347-aec5-5236dc80a0d8#0:FAIL-t410, bf55b3f9-6b09-4365-9d71-55289e083fa5<-907b9765-214b-4864-b66a-d6e2a5789e5c#0:FAIL-t410] and 0 exception(s); bf55b3f9-6b09-4365-9d71-55289e083fa5@group-EFD1D20A002C:t410, leader=null, voted=bf55b3f9-6b09-4365-9d71-55289e083fa5, raftlog=bf55b3f9-6b09-4365-9d71-55289e083fa5@group-EFD1D20A002C-SegmentedRaftLog:OPENED:c-1,f-1,i0, conf=-1: [f4c54511-b161-4347-aec5-5236dc80a0d8:0.0.0.0:41238, 907b9765-214b-4864-b66a-d6e2a5789e5c:0.0.0.0:41650, bf55b3f9-6b09-4365-9d71-55289e083fa5:0.0.0.0:42441], old=null
2019-10-16 18:01:26,461 [bf55b3f9-6b09-4365-9d71-55289e083fa5@group-EFD1D20A002C-LeaderElection353] INFO  impl.RaftServerImpl (RaftServerImpl.java:setRole(184)) - bf55b3f9-6b09-4365-9d71-55289e083fa5@group-EFD1D20A002C: changes role from CANDIDATE to FOLLOWER at term 410 for DISCOVERED_A_NEW_TERM
2019-10-16 18:01:26,461 [bf55b3f9-6b09-4365-9d71-55289e083fa5@group-EFD1D20A002C-LeaderElection353] INFO  impl.RoleInfo (RoleInfo.java:shutdownLeaderElection(134)) - bf55b3f9-6b09-4365-9d71-55289e083fa5: shutdown LeaderElection
2019-10-16 18:01:26,461 [bf55b3f9-6b09-4365-9d71-55289e083fa5@group-EFD1D20A002C-LeaderElection353] INFO  impl.RoleInfo (RoleInfo.java:updateAndGet(143)) - bf55b3f9-6b09-4365-9d71-55289e083fa5: start FollowerState
2019-10-16 18:01:26,496 [Thread-2503] INFO  impl.FollowerState (FollowerState.java:run(108)) - bf55b3f9-6b09-4365-9d71-55289e083fa5@group-EFD1D20A002C-FollowerState: change to CANDIDATE, lastRpcTime:35ms, electionTimeout:35ms
2019-10-16 18:01:26,496 [Thread-2503] INFO  impl.RoleInfo (RoleInfo.java:shutdownFollowerState(121)) - bf55b3f9-6b09-4365-9d71-55289e083fa5: shutdown FollowerState
2019-10-16 18:01:26,496 [Thread-2503] INFO  impl.RaftServerImpl (RaftServerImpl.java:setRole(184)) - bf55b3f9-6b09-4365-9d71-55289e083fa5@group-EFD1D20A002C: changes role from  FOLLOWER to CANDIDATE at term 410 for changeToCandidate
2019-10-16 18:01:26,497 [Thread-2503] INFO  impl.RoleInfo (RoleInfo.java:updateAndGet(143)) - bf55b3f9-6b09-4365-9d71-55289e083fa5: start LeaderElection
2019-10-16 18:01:26,520 [bf55b3f9-6b09-4365-9d71-55289e083fa5@group-EFD1D20A002C-LeaderElection354] INFO  impl.LeaderElection (LeaderElection.java:askForVotes(178)) - bf55b3f9-6b09-4365-9d71-55289e083fa5@group-EFD1D20A002C-LeaderElection354: begin an election at term 411 for -1: [f4c54511-b161-4347-aec5-5236dc80a0d8:0.0.0.0:41238, 907b9765-214b-4864-b66a-d6e2a5789e5c:0.0.0.0:41650, bf55b3f9-6b09-4365-9d71-55289e083fa5:0.0.0.0:42441], old=null
2019-10-16 18:01:26,521 [grpc-default-executor-3] INFO  impl.RaftServerImpl (RaftServerImpl.java:setRole(184)) - f4c54511-b161-4347-aec5-5236dc80a0d8@group-EFD1D20A002C: changes role from  FOLLOWER to FOLLOWER at term 411 for recognizeCandidate:bf55b3f9-6b09-4365-9d71-55289e083fa5
2019-10-16 18:01:26,521 [grpc-default-executor-2] INFO  impl.RaftServerImpl (RaftServerImpl.java:setRole(184)) - 907b9765-214b-4864-b66a-d6e2a5789e5c@group-EFD1D20A002C: changes role from  FOLLOWER to FOLLOWER at term 411 for recognizeCandidate:bf55b3f9-6b09-4365-9d71-55289e083fa5
2019-10-16 18:01:26,521 [grpc-default-executor-3] INFO  impl.RoleInfo (RoleInfo.java:shutdownFollowerState(121)) - f4c54511-b161-4347-aec5-5236dc80a0d8: shutdown FollowerState
2019-10-16 18:01:26,521 [grpc-default-executor-2] INFO  impl.RoleInfo (RoleInfo.java:shutdownFollowerState(121)) - 907b9765-214b-4864-b66a-d6e2a5789e5c: shutdown FollowerState
2019-10-16 18:01:26,521 [Thread-2501] INFO  impl.FollowerState (FollowerState.java:run(117)) - f4c54511-b161-4347-aec5-5236dc80a0d8@group-EFD1D20A002C-FollowerState was interrupted: java.lang.InterruptedException: sleep interrupted
2019-10-16 18:01:26,522 [Thread-2502] INFO  impl.FollowerState (FollowerState.java:run(117)) - 907b9765-214b-4864-b66a-d6e2a5789e5c@group-EFD1D20A002C-FollowerState was interrupted: java.lang.InterruptedException: sleep interrupted
2019-10-16 18:01:26,521 [grpc-default-executor-3] INFO  impl.RoleInfo (RoleInfo.java:updateAndGet(143)) - f4c54511-b161-4347-aec5-5236dc80a0d8: start FollowerState
2019-10-16 18:01:26,521 [grpc-default-executor-2] INFO  impl.RoleInfo (RoleInfo.java:updateAndGet(143)) - 907b9765-214b-4864-b66a-d6e2a5789e5c: start FollowerState
2019-10-16 18:01:26,545 [bf55b3f9-6b09-4365-9d71-55289e083fa5@group-EFD1D20A002C-LeaderElection354] INFO  impl.LeaderElection (LeaderElection.java:logAndReturn(56)) - bf55b3f9-6b09-4365-9d71-55289e083fa5@group-EFD1D20A002C-LeaderElection354: Election REJECTED; received 2 response(s) [bf55b3f9-6b09-4365-9d71-55289e083fa5<-f4c54511-b161-4347-aec5-5236dc80a0d8#0:FAIL-t411, bf55b3f9-6b09-4365-9d71-55289e083fa5<-907b9765-214b-4864-b66a-d6e2a5789e5c#0:FAIL-t411] and 0 exception(s); bf55b3f9-6b09-4365-9d71-55289e083fa5@group-EFD1D20A002C:t411, leader=null, voted=bf55b3f9-6b09-4365-9d71-55289e083fa5, raftlog=bf55b3f9-6b09-4365-9d71-55289e083fa5@group-EFD1D20A002C-SegmentedRaftLog:OPENED:c-1,f-1,i0, conf=-1: [f4c54511-b161-4347-aec5-5236dc80a0d8:0.0.0.0:41238, 907b9765-214b-4864-b66a-d6e2a5789e5c:0.0.0.0:41650, bf55b3f9-6b09-4365-9d71-55289e083fa5:0.0.0.0:42441], old=null
2019-10-16 18:01:26,545 [bf55b3f9-6b09-4365-9d71-55289e083fa5@group-EFD1D20A002C-LeaderElection354] INFO  impl.RaftServerImpl (RaftServerImpl.java:setRole(184)) - bf55b3f9-6b09-4365-9d71-55289e083fa5@group-EFD1D20A002C: changes role from CANDIDATE to FOLLOWER at term 411 for DISCOVERED_A_NEW_TERM
2019-10-16 18:01:26,545 [bf55b3f9-6b09-4365-9d71-55289e083fa5@group-EFD1D20A002C-LeaderElection354] INFO  impl.RoleInfo (RoleInfo.java:shutdownLeaderElection(134)) - bf55b3f9-6b09-4365-9d71-55289e083fa5: shutdown LeaderElection
2019-10-16 18:01:26,545 [bf55b3f9-6b09-4365-9d71-55289e083fa5@group-EFD1D20A002C-LeaderElection354] INFO  impl.RoleInfo (RoleInfo.java:updateAndGet(143)) - bf55b3f9-6b09-4365-9d71-55289e083fa5: start FollowerState
2019-10-16 18:01:26,553 [Thread-2509] INFO  impl.FollowerState (FollowerState.java:run(108)) - bf55b3f9-6b09-4365-9d71-55289e083fa5@group-EFD1D20A002C-FollowerState: change to CANDIDATE, lastRpcTime:7ms, electionTimeout:7ms
2019-10-16 18:01:26,553 [Thread-2509] INFO  impl.RoleInfo (RoleInfo.java:shutdownFollowerState(121)) - bf55b3f9-6b09-4365-9d71-55289e083fa5: shutdown FollowerState
2019-10-16 18:01:26,553 [Thread-2509] INFO  impl.RaftServerImpl (RaftServerImpl.java:setRole(184)) - bf55b3f9-6b09-4365-9d71-55289e083fa5@group-EFD1D20A002C: changes role from  FOLLOWER to CANDIDATE at term 411 for changeToCandidate
2019-10-16 18:01:26,553 [Thread-2509] INFO  impl.RoleInfo (RoleInfo.java:updateAndGet(143)) - bf55b3f9-6b09-4365-9d71-55289e083fa5: start LeaderElection
2019-10-16 18:01:26,586 [bf55b3f9-6b09-4365-9d71-55289e083fa5@group-EFD1D20A002C-LeaderElection355] INFO  impl.LeaderElection (LeaderElection.java:askForVotes(178)) - bf55b3f9-6b09-4365-9d71-55289e083fa5@group-EFD1D20A002C-LeaderElection355: begin an election at term 412 for -1: [f4c54511-b161-4347-aec5-5236dc80a0d8:0.0.0.0:41238, 907b9765-214b-4864-b66a-d6e2a5789e5c:0.0.0.0:41650, bf55b3f9-6b09-4365-9d71-55289e083fa5:0.0.0.0:42441], old=null
2019-10-16 18:01:26,587 [grpc-default-executor-3] INFO  impl.RaftServerImpl (RaftServerImpl.java:setRole(184)) - 907b9765-214b-4864-b66a-d6e2a5789e5c@group-EFD1D20A002C: changes role from  FOLLOWER to FOLLOWER at term 412 for recognizeCandidate:bf55b3f9-6b09-4365-9d71-55289e083fa5
2019-10-16 18:01:26,587 [grpc-default-executor-2] INFO  impl.RaftServerImpl (RaftServerImpl.java:setRole(184)) - f4c54511-b161-4347-aec5-5236dc80a0d8@group-EFD1D20A002C: changes role from  FOLLOWER to FOLLOWER at term 412 for recognizeCandidate:bf55b3f9-6b09-4365-9d71-55289e083fa5
2019-10-16 18:01:26,587 [grpc-default-executor-3] INFO  impl.RoleInfo (RoleInfo.java:shutdownFollowerState(121)) - 907b9765-214b-4864-b66a-d6e2a5789e5c: shutdown FollowerState
2019-10-16 18:01:26,587 [grpc-default-executor-2] INFO  impl.RoleInfo (RoleInfo.java:shutdownFollowerState(121)) - f4c54511-b161-4347-aec5-5236dc80a0d8: shutdown FollowerState
2019-10-16 18:01:26,587 [Thread-2508] INFO  impl.FollowerState (FollowerState.java:run(117)) - 907b9765-214b-4864-b66a-d6e2a5789e5c@group-EFD1D20A002C-FollowerState was interrupted: java.lang.InterruptedException: sleep interrupted
2019-10-16 18:01:26,587 [grpc-default-executor-3] INFO  impl.RoleInfo (RoleInfo.java:updateAndGet(143)) - 907b9765-214b-4864-b66a-d6e2a5789e5c: start FollowerState
2019-10-16 18:01:26,588 [Thread-2507] INFO  impl.FollowerState (FollowerState.java:run(117)) - f4c54511-b161-4347-aec5-5236dc80a0d8@group-EFD1D20A002C-FollowerState was interrupted: java.lang.InterruptedException: sleep interrupted
2019-10-16 18:01:26,588 [grpc-default-executor-2] INFO  impl.RoleInfo (RoleInfo.java:updateAndGet(143)) - f4c54511-b161-4347-aec5-5236dc80a0d8: start FollowerState
2019-10-16 18:01:26,599 [bf55b3f9-6b09-4365-9d71-55289e083fa5@group-EFD1D20A002C-LeaderElection355] INFO  impl.LeaderElection (LeaderElection.java:logAndReturn(56)) - bf55b3f9-6b09-4365-9d71-55289e083fa5@group-EFD1D20A002C-LeaderElection355: Election TIMEOUT; received 0 response(s) [] and 0 exception(s); bf55b3f9-6b09-4365-9d71-55289e083fa5@group-EFD1D20A002C:t412, leader=null, voted=bf55b3f9-6b09-4365-9d71-55289e083fa5, raftlog=bf55b3f9-6b09-4365-9d71-55289e083fa5@group-EFD1D20A002C-SegmentedRaftLog:OPENED:c-1,f-1,i0, conf=-1: [f4c54511-b161-4347-aec5-5236dc80a0d8:0.0.0.0:41238, 907b9765-214b-4864-b66a-d6e2a5789e5c:0.0.0.0:41650, bf55b3f9-6b09-4365-9d71-55289e083fa5:0.0.0.0:42441], old=null
2019-10-16 18:01:26,638 [bf55b3f9-6b09-4365-9d71-55289e083fa5@group-EFD1D20A002C-LeaderElection355] INFO  impl.LeaderElection (LeaderElection.java:askForVotes(178)) - bf55b3f9-6b09-4365-9d71-55289e083fa5@group-EFD1D20A002C-LeaderElection355: begin an election at term 413 for -1: [f4c54511-b161-4347-aec5-5236dc80a0d8:0.0.0.0:41238, 907b9765-214b-4864-b66a-d6e2a5789e5c:0.0.0.0:41650, bf55b3f9-6b09-4365-9d71-55289e083fa5:0.0.0.0:42441], old=null
2019-10-16 18:01:26,639 [grpc-default-executor-1] INFO  impl.RaftServerImpl (RaftServerImpl.java:setRole(184)) - 907b9765-214b-4864-b66a-d6e2a5789e5c@group-EFD1D20A002C: changes role from  FOLLOWER to FOLLOWER at term 413 for recognizeCandidate:bf55b3f9-6b09-4365-9d71-55289e083fa5
2019-10-16 18:01:26,639 [grpc-default-executor-3] INFO  impl.RaftServerImpl (RaftServerImpl.java:setRole(184)) - f4c54511-b161-4347-aec5-5236dc80a0d8@group-EFD1D20A002C: changes role from  FOLLOWER to FOLLOWER at term 413 for recognizeCandidate:bf55b3f9-6b09-4365-9d71-55289e083fa5
2019-10-16 18:01:26,640 [grpc-default-executor-1] INFO  impl.RoleInfo (RoleInfo.java:shutdownFollowerState(121)) - 907b9765-214b-4864-b66a-d6e2a5789e5c: shutdown FollowerState
2019-10-16 18:01:26,640 [grpc-default-executor-3] INFO  impl.RoleInfo (RoleInfo.java:shutdownFollowerState(121)) - f4c54511-b161-4347-aec5-5236dc80a0d8: shutdown FollowerState
2019-10-16 18:01:26,640 [grpc-default-executor-1] INFO  impl.RoleInfo (RoleInfo.java:updateAndGet(143)) - 907b9765-214b-4864-b66a-d6e2a5789e5c: start FollowerState
2019-10-16 18:01:26,640 [Thread-2514] INFO  impl.FollowerState (FollowerState.java:run(117)) - f4c54511-b161-4347-aec5-5236dc80a0d8@group-EFD1D20A002C-FollowerState was interrupted: java.lang.InterruptedException: sleep interrupted
2019-10-16 18:01:26,640 [Thread-2513] INFO  impl.FollowerState (FollowerState.java:run(117)) - 907b9765-214b-4864-b66a-d6e2a5789e5c@group-EFD1D20A002C-FollowerState was interrupted: java.lang.InterruptedException: sleep interrupted
2019-10-16 18:01:26,640 [grpc-default-executor-3] INFO  impl.RoleInfo (RoleInfo.java:updateAndGet(143)) - f4c54511-b161-4347-aec5-5236dc80a0d8: start FollowerState
2019-10-16 18:01:26,664 [bf55b3f9-6b09-4365-9d71-55289e083fa5@group-EFD1D20A002C-LeaderElection355] INFO  impl.LeaderElection (LeaderElection.java:logAndReturn(56)) - bf55b3f9-6b09-4365-9d71-55289e083fa5@group-EFD1D20A002C-LeaderElection355: Election REJECTED; received 2 response(s) [bf55b3f9-6b09-4365-9d71-55289e083fa5<-f4c54511-b161-4347-aec5-5236dc80a0d8#0:FAIL-t413, bf55b3f9-6b09-4365-9d71-55289e083fa5<-907b9765-214b-4864-b66a-d6e2a5789e5c#0:FAIL-t413] and 0 exception(s); bf55b3f9-6b09-4365-9d71-55289e083fa5@group-EFD1D20A002C:t413, leader=null, voted=bf55b3f9-6b09-4365-9d71-55289e083fa5, raftlog=bf55b3f9-6b09-4365-9d71-55289e083fa5@group-EFD1D20A002C-SegmentedRaftLog:OPENED:c-1,f-1,i0, conf=-1: [f4c54511-b161-4347-aec5-5236dc80a0d8:0.0.0.0:41238, 907b9765-214b-4864-b66a-d6e2a5789e5c:0.0.0.0:41650, bf55b3f9-6b09-4365-9d71-55289e083fa5:0.0.0.0:42441], old=null
2019-10-16 18:01:26,664 [bf55b3f9-6b09-4365-9d71-55289e083fa5@group-EFD1D20A002C-LeaderElection355] INFO  impl.RaftServerImpl (RaftServerImpl.java:setRole(184)) - bf55b3f9-6b09-4365-9d71-55289e083fa5@group-EFD1D20A002C: changes role from CANDIDATE to FOLLOWER at term 413 for DISCOVERED_A_NEW_TERM
2019-10-16 18:01:26,664 [bf55b3f9-6b09-4365-9d71-55289e083fa5@group-EFD1D20A002C-LeaderElection355] INFO  impl.RoleInfo (RoleInfo.java:shutdownLeaderElection(134)) - bf55b3f9-6b09-4365-9d71-55289e083fa5: shutdown LeaderElection
2019-10-16 18:01:26,664 [bf55b3f9-6b09-4365-9d71-55289e083fa5@group-EFD1D20A002C-LeaderElection355] INFO  impl.RoleInfo (RoleInfo.java:updateAndGet(143)) - bf55b3f9-6b09-4365-9d71-55289e083fa5: start FollowerState
2019-10-16 18:01:26,831 [Thread-2519] INFO  impl.FollowerState (FollowerState.java:run(108)) - bf55b3f9-6b09-4365-9d71-55289e083fa5@group-EFD1D20A002C-FollowerState: change to CANDIDATE, lastRpcTime:166ms, electionTimeout:166ms
2019-10-16 18:01:26,831 [Thread-2519] INFO  impl.RoleInfo (RoleInfo.java:shutdownFollowerState(121)) - bf55b3f9-6b09-4365-9d71-55289e083fa5: shutdown FollowerState
2019-10-16 18:01:26,831 [Thread-2519] INFO  impl.RaftServerImpl (RaftServerImpl.java:setRole(184)) - bf55b3f9-6b09-4365-9d71-55289e083fa5@group-EFD1D20A002C: changes role from  FOLLOWER to CANDIDATE at term 413 for changeToCandidate
2019-10-16 18:01:26,832 [Thread-2519] INFO  impl.RoleInfo (RoleInfo.java:updateAndGet(143)) - bf55b3f9-6b09-4365-9d71-55289e083fa5: start LeaderElection
2019-10-16 18:01:26,858 [bf55b3f9-6b09-4365-9d71-55289e083fa5@group-EFD1D20A002C-LeaderElection356] INFO  impl.LeaderElection (LeaderElection.java:askForVotes(178)) - bf55b3f9-6b09-4365-9d71-55289e083fa5@group-EFD1D20A002C-LeaderElection356: begin an election at term 414 for -1: [f4c54511-b161-4347-aec5-5236dc80a0d8:0.0.0.0:41238, 907b9765-214b-4864-b66a-d6e2a5789e5c:0.0.0.0:41650, bf55b3f9-6b09-4365-9d71-55289e083fa5:0.0.0.0:42441], old=null
2019-10-16 18:01:26,862 [grpc-default-executor-1] INFO  impl.RaftServerImpl (RaftServerImpl.java:setRole(184)) - f4c54511-b161-4347-aec5-5236dc80a0d8@group-EFD1D20A002C: changes role from  FOLLOWER to FOLLOWER at term 414 for recognizeCandidate:bf55b3f9-6b09-4365-9d71-55289e083fa5
2019-10-16 18:01:26,862 [grpc-default-executor-1] INFO  impl.RoleInfo (RoleInfo.java:shutdownFollowerState(121)) - f4c54511-b161-4347-aec5-5236dc80a0d8: shutdown FollowerState
2019-10-16 18:01:26,862 [grpc-default-executor-3] INFO  impl.RaftServerImpl (RaftServerImpl.java:setRole(184)) - 907b9765-214b-4864-b66a-d6e2a5789e5c@group-EFD1D20A002C: changes role from  FOLLOWER to FOLLOWER at term 414 for recognizeCandidate:bf55b3f9-6b09-4365-9d71-55289e083fa5
2019-10-16 18:01:26,863 [Thread-2518] INFO  impl.FollowerState (FollowerState.java:run(117)) - f4c54511-b161-4347-aec5-5236dc80a0d8@group-EFD1D20A002C-FollowerState was interrupted: java.lang.InterruptedException: sleep interrupted
2019-10-16 18:01:26,862 [grpc-default-executor-1] INFO  impl.RoleInfo (RoleInfo.java:updateAndGet(143)) - f4c54511-b161-4347-aec5-5236dc80a0d8: start FollowerState
2019-10-16 18:01:26,863 [grpc-default-executor-3] INFO  impl.RoleInfo (RoleInfo.java:shutdownFollowerState(121)) - 907b9765-214b-4864-b66a-d6e2a5789e5c: shutdown FollowerState
2019-10-16 18:01:26,863 [grpc-default-executor-3] INFO  impl.RoleInfo (RoleInfo.java:updateAndGet(143)) - 907b9765-214b-4864-b66a-d6e2a5789e5c: start FollowerState
2019-10-16 18:01:26,863 [Thread-2517] INFO  impl.FollowerState (FollowerState.java:run(117)) - 907b9765-214b-4864-b66a-d6e2a5789e5c@group-EFD1D20A002C-FollowerState was interrupted: java.lang.InterruptedException: sleep interrupted
2019-10-16 18:01:26,885 [bf55b3f9-6b09-4365-9d71-55289e083fa5@group-EFD1D20A002C-LeaderElection356] INFO  impl.LeaderElection (LeaderElection.java:logAndReturn(56)) - bf55b3f9-6b09-4365-9d71-55289e083fa5@group-EFD1D20A002C-LeaderElection356: Election REJECTED; received 2 response(s) [bf55b3f9-6b09-4365-9d71-55289e083fa5<-f4c54511-b161-4347-aec5-5236dc80a0d8#0:FAIL-t414, bf55b3f9-6b09-4365-9d71-55289e083fa5<-907b9765-214b-4864-b66a-d6e2a5789e5c#0:FAIL-t414] and 0 exception(s); bf55b3f9-6b09-4365-9d71-55289e083fa5@group-EFD1D20A002C:t414, leader=null, voted=bf55b3f9-6b09-4365-9d71-55289e083fa5, raftlog=bf55b3f9-6b09-4365-9d71-55289e083fa5@group-EFD1D20A002C-SegmentedRaftLog:OPENED:c-1,f-1,i0, conf=-1: [f4c54511-b161-4347-aec5-5236dc80a0d8:0.0.0.0:41238, 907b9765-214b-4864-b66a-d6e2a5789e5c:0.0.0.0:41650, bf55b3f9-6b09-4365-9d71-55289e083fa5:0.0.0.0:42441], old=null
2019-10-16 18:01:26,885 [bf55b3f9-6b09-4365-9d71-55289e083fa5@group-EFD1D20A002C-LeaderElection356] INFO  impl.RaftServerImpl (RaftServerImpl.java:setRole(184)) - bf55b3f9-6b09-4365-9d71-55289e083fa5@group-EFD1D20A002C: changes role from CANDIDATE to FOLLOWER at term 414 for DISCOVERED_A_NEW_TERM
2019-10-16 18:01:26,886 [bf55b3f9-6b09-4365-9d71-55289e083fa5@group-EFD1D20A002C-LeaderElection356] INFO  impl.RoleInfo (RoleInfo.java:shutdownLeaderElection(134)) - bf55b3f9-6b09-4365-9d71-55289e083fa5: shutdown LeaderElection
2019-10-16 18:01:26,886 [bf55b3f9-6b09-4365-9d71-55289e083fa5@group-EFD1D20A002C-LeaderElection356] INFO  impl.RoleInfo (RoleInfo.java:updateAndGet(143)) - bf55b3f9-6b09-4365-9d71-55289e083fa5: start FollowerState
2019-10-16 18:01:27,019 [Thread-2525] INFO  impl.FollowerState (FollowerState.java:run(108)) - bf55b3f9-6b09-4365-9d71-55289e083fa5@group-EFD1D20A002C-FollowerState: change to CANDIDATE, lastRpcTime:133ms, electionTimeout:133ms
2019-10-16 18:01:27,019 [Thread-2525] INFO  impl.RoleInfo (RoleInfo.java:shutdownFollowerState(121)) - bf55b3f9-6b09-4365-9d71-55289e083fa5: shutdown FollowerState
2019-10-16 18:01:27,019 [Thread-2525] INFO  impl.RaftServerImpl (RaftServerImpl.java:setRole(184)) - bf55b3f9-6b09-4365-9d71-55289e083fa5@group-EFD1D20A002C: changes role from  FOLLOWER to CANDIDATE at term 414 for changeToCandidate
2019-10-16 18:01:27,020 [Thread-2525] INFO  impl.RoleInfo (RoleInfo.java:updateAndGet(143)) - bf55b3f9-6b09-4365-9d71-55289e083fa5: start LeaderElection
2019-10-16 18:01:27,046 [bf55b3f9-6b09-4365-9d71-55289e083fa5@group-EFD1D20A002C-LeaderElection357] INFO  impl.LeaderElection (LeaderElection.java:askForVotes(178)) - bf55b3f9-6b09-4365-9d71-55289e083fa5@group-EFD1D20A002C-LeaderElection357: begin an election at term 415 for -1: [f4c54511-b161-4347-aec5-5236dc80a0d8:0.0.0.0:41238, 907b9765-214b-4864-b66a-d6e2a5789e5c:0.0.0.0:41650, bf55b3f9-6b09-4365-9d71-55289e083fa5:0.0.0.0:42441], old=null
2019-10-16 18:01:27,048 [grpc-default-executor-1] INFO  impl.RaftServerImpl (RaftServerImpl.java:setRole(184)) - f4c54511-b161-4347-aec5-5236dc80a0d8@group-EFD1D20A002C: changes role from  FOLLOWER to FOLLOWER at term 415 for recognizeCandidate:bf55b3f9-6b09-4365-9d71-55289e083fa5
2019-10-16 18:01:27,048 [grpc-default-executor-3] INFO  impl.RaftServerImpl (RaftServerImpl.java:setRole(184)) - 907b9765-214b-4864-b66a-d6e2a5789e5c@group-EFD1D20A002C: changes role from  FOLLOWER to FOLLOWER at term 415 for recognizeCandidate:bf55b3f9-6b09-4365-9d71-55289e083fa5
2019-10-16 18:01:27,048 [grpc-default-executor-1] INFO  impl.RoleInfo (RoleInfo.java:shutdownFollowerState(121)) - f4c54511-b161-4347-aec5-5236dc80a0d8: shutdown FollowerState
2019-10-16 18:01:27,048 [grpc-default-executor-3] INFO  impl.RoleInfo (RoleInfo.java:shutdownFollowerState(121)) - 907b9765-214b-4864-b66a-d6e2a5789e5c: shutdown FollowerState
2019-10-16 18:01:27,048 [Thread-2523] INFO  impl.FollowerState (FollowerState.java:run(117)) - f4c54511-b161-4347-aec5-5236dc80a0d8@group-EFD1D20A002C-FollowerState was interrupted: java.lang.InterruptedException: sleep interrupted
2019-10-16 18:01:27,048 [grpc-default-executor-1] INFO  impl.RoleInfo (RoleInfo.java:updateAndGet(143)) - f4c54511-b161-4347-aec5-5236dc80a0d8: start FollowerState
2019-10-16 18:01:27,048 [Thread-2524] INFO  impl.FollowerState (FollowerState.java:run(117)) - 907b9765-214b-4864-b66a-d6e2a5789e5c@group-EFD1D20A002C-FollowerState was interrupted: java.lang.InterruptedException: sleep interrupted
2019-10-16 18:01:27,048 [grpc-default-executor-3] INFO  impl.RoleInfo (RoleInfo.java:updateAndGet(143)) - 907b9765-214b-4864-b66a-d6e2a5789e5c: start FollowerState
2019-10-16 18:01:27,086 [bf55b3f9-6b09-4365-9d71-55289e083fa5@group-EFD1D20A002C-LeaderElection357] INFO  impl.LeaderElection (LeaderElection.java:logAndReturn(56)) - bf55b3f9-6b09-4365-9d71-55289e083fa5@group-EFD1D20A002C-LeaderElection357: Election REJECTED; received 2 response(s) [bf55b3f9-6b09-4365-9d71-55289e083fa5<-f4c54511-b161-4347-aec5-5236dc80a0d8#0:FAIL-t415, bf55b3f9-6b09-4365-9d71-55289e083fa5<-907b9765-214b-4864-b66a-d6e2a5789e5c#0:FAIL-t415] and 0 exception(s); bf55b3f9-6b09-4365-9d71-55289e083fa5@group-EFD1D20A002C:t415, leader=null, voted=bf55b3f9-6b09-4365-9d71-55289e083fa5, raftlog=bf55b3f9-6b09-4365-9d71-55289e083fa5@group-EFD1D20A002C-SegmentedRaftLog:OPENED:c-1,f-1,i0, conf=-1: [f4c54511-b161-4347-aec5-5236dc80a0d8:0.0.0.0:41238, 907b9765-214b-4864-b66a-d6e2a5789e5c:0.0.0.0:41650, bf55b3f9-6b09-4365-9d71-55289e083fa5:0.0.0.0:42441], old=null
2019-10-16 18:01:27,086 [bf55b3f9-6b09-4365-9d71-55289e083fa5@group-EFD1D20A002C-LeaderElection357] INFO  impl.RaftServerImpl (RaftServerImpl.java:setRole(184)) - bf55b3f9-6b09-4365-9d71-55289e083fa5@group-EFD1D20A002C: changes role from CANDIDATE to FOLLOWER at term 415 for DISCOVERED_A_NEW_TERM
2019-10-16 18:01:27,086 [bf55b3f9-6b09-4365-9d71-55289e083fa5@group-EFD1D20A002C-LeaderElection357] INFO  impl.RoleInfo (RoleInfo.java:shutdownLeaderElection(134)) - bf55b3f9-6b09-4365-9d71-55289e083fa5: shutdown LeaderElection
2019-10-16 18:01:27,087 [bf55b3f9-6b09-4365-9d71-55289e083fa5@group-EFD1D20A002C-LeaderElection357] INFO  impl.RoleInfo (RoleInfo.java:updateAndGet(143)) - bf55b3f9-6b09-4365-9d71-55289e083fa5: start FollowerState
2019-10-16 18:01:27,227 [Thread-2531] INFO  impl.FollowerState (FollowerState.java:run(108)) - bf55b3f9-6b09-4365-9d71-55289e083fa5@group-EFD1D20A002C-FollowerState: change to CANDIDATE, lastRpcTime:140ms, electionTimeout:140ms
2019-10-16 18:01:27,227 [Thread-2531] INFO  impl.RoleInfo (RoleInfo.java:shutdownFollowerState(121)) - bf55b3f9-6b09-4365-9d71-55289e083fa5: shutdown FollowerState
2019-10-16 18:01:27,227 [Thread-2531] INFO  impl.RaftServerImpl (RaftServerImpl.java:setRole(184)) - bf55b3f9-6b09-4365-9d71-55289e083fa5@group-EFD1D20A002C: changes role from  FOLLOWER to CANDIDATE at term 415 for changeToCandidate
2019-10-16 18:01:27,227 [Thread-2531] INFO  impl.RoleInfo (RoleInfo.java:updateAndGet(143)) - bf55b3f9-6b09-4365-9d71-55289e083fa5: start LeaderElection
2019-10-16 18:01:27,251 [bf55b3f9-6b09-4365-9d71-55289e083fa5@group-EFD1D20A002C-LeaderElection358] INFO  impl.LeaderElection (LeaderElection.java:askForVotes(178)) - bf55b3f9-6b09-4365-9d71-55289e083fa5@group-EFD1D20A002C-LeaderElection358: begin an election at term 416 for -1: [f4c54511-b161-4347-aec5-5236dc80a0d8:0.0.0.0:41238, 907b9765-214b-4864-b66a-d6e2a5789e5c:0.0.0.0:41650, bf55b3f9-6b09-4365-9d71-55289e083fa5:0.0.0.0:42441], old=null
2019-10-16 18:01:27,251 [bf55b3f9-6b09-4365-9d71-55289e083fa5@group-EFD1D20A002C-LeaderElection358] INFO  impl.LeaderElection (LeaderElection.java:logAndReturn(56)) - bf55b3f9-6b09-4365-9d71-55289e083fa5@group-EFD1D20A002C-LeaderElection358: Election TIMEOUT; received 0 response(s) [] and 0 exception(s); bf55b3f9-6b09-4365-9d71-55289e083fa5@group-EFD1D20A002C:t416, leader=null, voted=bf55b3f9-6b09-4365-9d71-55289e083fa5, raftlog=bf55b3f9-6b09-4365-9d71-55289e083fa5@group-EFD1D20A002C-SegmentedRaftLog:OPENED:c-1,f-1,i0, conf=-1: [f4c54511-b161-4347-aec5-5236dc80a0d8:0.0.0.0:41238, 907b9765-214b-4864-b66a-d6e2a5789e5c:0.0.0.0:41650, bf55b3f9-6b09-4365-9d71-55289e083fa5:0.0.0.0:42441], old=null
2019-10-16 18:01:27,252 [grpc-default-executor-3] INFO  impl.RaftServerImpl (RaftServerImpl.java:setRole(184)) - 907b9765-214b-4864-b66a-d6e2a5789e5c@group-EFD1D20A002C: changes role from  FOLLOWER to FOLLOWER at term 416 for recognizeCandidate:bf55b3f9-6b09-4365-9d71-55289e083fa5
2019-10-16 18:01:27,253 [grpc-default-executor-1] INFO  impl.RaftServerImpl (RaftServerImpl.java:setRole(184)) - f4c54511-b161-4347-aec5-5236dc80a0d8@group-EFD1D20A002C: changes role from  FOLLOWER to FOLLOWER at term 416 for recognizeCandidate:bf55b3f9-6b09-4365-9d71-55289e083fa5
2019-10-16 18:01:27,253 [grpc-default-executor-3] INFO  impl.RoleInfo (RoleInfo.java:shutdownFollowerState(121)) - 907b9765-214b-4864-b66a-d6e2a5789e5c: shutdown FollowerState
2019-10-16 18:01:27,253 [grpc-default-executor-1] INFO  impl.RoleInfo (RoleInfo.java:shutdownFollowerState(121)) - f4c54511-b161-4347-aec5-5236dc80a0d8: shutdown FollowerState
2019-10-16 18:01:27,253 [Thread-2530] INFO  impl.FollowerState (FollowerState.java:run(117)) - 907b9765-214b-4864-b66a-d6e2a5789e5c@group-EFD1D20A002C-FollowerState was interrupted: java.lang.InterruptedException: sleep interrupted
2019-10-16 18:01:27,253 [grpc-default-executor-3] INFO  impl.RoleInfo (RoleInfo.java:updateAndGet(143)) - 907b9765-214b-4864-b66a-d6e2a5789e5c: start FollowerState
2019-10-16 18:01:27,253 [Thread-2529] INFO  impl.FollowerState (FollowerState.java:run(117)) - f4c54511-b161-4347-aec5-5236dc80a0d8@group-EFD1D20A002C-FollowerState was interrupted: java.lang.InterruptedException: sleep interrupted
2019-10-16 18:01:27,253 [grpc-default-executor-1] INFO  impl.RoleInfo (RoleInfo.java:updateAndGet(143)) - f4c54511-b161-4347-aec5-5236dc80a0d8: start FollowerState
2019-10-16 18:01:27,273 [bf55b3f9-6b09-4365-9d71-55289e083fa5@group-EFD1D20A002C-LeaderElection358] INFO  impl.LeaderElection (LeaderElection.java:askForVotes(178)) - bf55b3f9-6b09-4365-9d71-55289e083fa5@group-EFD1D20A002C-LeaderElection358: begin an election at term 417 for -1: [f4c54511-b161-4347-aec5-5236dc80a0d8:0.0.0.0:41238, 907b9765-214b-4864-b66a-d6e2a5789e5c:0.0.0.0:41650, bf55b3f9-6b09-4365-9d71-55289e083fa5:0.0.0.0:42441], old=null
2019-10-16 18:01:27,275 [grpc-default-executor-3] INFO  impl.RaftServerImpl (RaftServerImpl.java:setRole(184)) - f4c54511-b161-4347-aec5-5236dc80a0d8@group-EFD1D20A002C: changes role from  FOLLOWER to FOLLOWER at term 417 for recognizeCandidate:bf55b3f9-6b09-4365-9d71-55289e083fa5
2019-10-16 18:01:27,275 [grpc-default-executor-3] INFO  impl.RoleInfo (RoleInfo.java:shutdownFollowerState(121)) - f4c54511-b161-4347-aec5-5236dc80a0d8: shutdown FollowerState
2019-10-16 18:01:27,275 [grpc-default-executor-1] INFO  impl.RaftServerImpl (RaftServerImpl.java:setRole(184)) - 907b9765-214b-4864-b66a-d6e2a5789e5c@group-EFD1D20A002C: changes role from  FOLLOWER to FOLLOWER at term 417 for recognizeCandidate:bf55b3f9-6b09-4365-9d71-55289e083fa5
2019-10-16 18:01:27,275 [Thread-2538] INFO  impl.FollowerState (FollowerState.java:run(117)) - f4c54511-b161-4347-aec5-5236dc80a0d8@group-EFD1D20A002C-FollowerState was interrupted: java.lang.InterruptedException: sleep interrupted
2019-10-16 18:01:27,275 [grpc-default-executor-3] INFO  impl.RoleInfo (RoleInfo.java:updateAndGet(143)) - f4c54511-b161-4347-aec5-5236dc80a0d8: start FollowerState
2019-10-16 18:01:27,275 [grpc-default-executor-1] INFO  impl.RoleInfo (RoleInfo.java:shutdownFollowerState(121)) - 907b9765-214b-4864-b66a-d6e2a5789e5c: shutdown FollowerState
2019-10-16 18:01:27,275 [grpc-default-executor-1] INFO  impl.RoleInfo (RoleInfo.java:updateAndGet(143)) - 907b9765-214b-4864-b66a-d6e2a5789e5c: start FollowerState
2019-10-16 18:01:27,275 [Thread-2537] INFO  impl.FollowerState (FollowerState.java:run(117)) - 907b9765-214b-4864-b66a-d6e2a5789e5c@group-EFD1D20A002C-FollowerState was interrupted: java.lang.InterruptedException: sleep interrupted
2019-10-16 18:01:27,299 [bf55b3f9-6b09-4365-9d71-55289e083fa5@group-EFD1D20A002C-LeaderElection358] INFO  impl.LeaderElection (LeaderElection.java:logAndReturn(56)) - bf55b3f9-6b09-4365-9d71-55289e083fa5@group-EFD1D20A002C-LeaderElection358: Election REJECTED; received 2 response(s) [bf55b3f9-6b09-4365-9d71-55289e083fa5<-f4c54511-b161-4347-aec5-5236dc80a0d8#0:FAIL-t417, bf55b3f9-6b09-4365-9d71-55289e083fa5<-907b9765-214b-4864-b66a-d6e2a5789e5c#0:FAIL-t417] and 0 exception(s); bf55b3f9-6b09-4365-9d71-55289e083fa5@group-EFD1D20A002C:t417, leader=null, voted=bf55b3f9-6b09-4365-9d71-55289e083fa5, raftlog=bf55b3f9-6b09-4365-9d71-55289e083fa5@group-EFD1D20A002C-SegmentedRaftLog:OPENED:c-1,f-1,i0, conf=-1: [f4c54511-b161-4347-aec5-5236dc80a0d8:0.0.0.0:41238, 907b9765-214b-4864-b66a-d6e2a5789e5c:0.0.0.0:41650, bf55b3f9-6b09-4365-9d71-55289e083fa5:0.0.0.0:42441], old=null
2019-10-16 18:01:27,299 [bf55b3f9-6b09-4365-9d71-55289e083fa5@group-EFD1D20A002C-LeaderElection358] INFO  impl.RaftServerImpl (RaftServerImpl.java:setRole(184)) - bf55b3f9-6b09-4365-9d71-55289e083fa5@group-EFD1D20A002C: changes role from CANDIDATE to FOLLOWER at term 417 for DISCOVERED_A_NEW_TERM
2019-10-16 18:01:27,299 [bf55b3f9-6b09-4365-9d71-55289e083fa5@group-EFD1D20A002C-LeaderElection358] INFO  impl.RoleInfo (RoleInfo.java:shutdownLeaderElection(134)) - bf55b3f9-6b09-4365-9d71-55289e083fa5: shutdown LeaderElection
2019-10-16 18:01:27,299 [bf55b3f9-6b09-4365-9d71-55289e083fa5@group-EFD1D20A002C-LeaderElection358] INFO  impl.RoleInfo (RoleInfo.java:updateAndGet(143)) - bf55b3f9-6b09-4365-9d71-55289e083fa5: start FollowerState
2019-10-16 18:01:27,474 [Thread-2543] INFO  impl.FollowerState (FollowerState.java:run(108)) - bf55b3f9-6b09-4365-9d71-55289e083fa5@group-EFD1D20A002C-FollowerState: change to CANDIDATE, lastRpcTime:175ms, electionTimeout:175ms
2019-10-16 18:01:27,475 [Thread-2543] INFO  impl.RoleInfo (RoleInfo.java:shutdownFollowerState(121)) - bf55b3f9-6b09-4365-9d71-55289e083fa5: shutdown FollowerState
2019-10-16 18:01:27,475 [Thread-2543] INFO  impl.RaftServerImpl (RaftServerImpl.java:setRole(184)) - bf55b3f9-6b09-4365-9d71-55289e083fa5@group-EFD1D20A002C: changes role from  FOLLOWER to CANDIDATE at term 417 for changeToCandidate
2019-10-16 18:01:27,475 [Thread-2543] INFO  impl.RoleInfo (RoleInfo.java:updateAndGet(143)) - bf55b3f9-6b09-4365-9d71-55289e083fa5: start LeaderElection
2019-10-16 18:01:27,499 [bf55b3f9-6b09-4365-9d71-55289e083fa5@group-EFD1D20A002C-LeaderElection359] INFO  impl.LeaderElection (LeaderElection.java:askForVotes(178)) - bf55b3f9-6b09-4365-9d71-55289e083fa5@group-EFD1D20A002C-LeaderElection359: begin an election at term 418 for -1: [f4c54511-b161-4347-aec5-5236dc80a0d8:0.0.0.0:41238, 907b9765-214b-4864-b66a-d6e2a5789e5c:0.0.0.0:41650, bf55b3f9-6b09-4365-9d71-55289e083fa5:0.0.0.0:42441], old=null
2019-10-16 18:01:27,500 [grpc-default-executor-1] INFO  impl.RaftServerImpl (RaftServerImpl.java:setRole(184)) - 907b9765-214b-4864-b66a-d6e2a5789e5c@group-EFD1D20A002C: changes role from  FOLLOWER to FOLLOWER at term 418 for recognizeCandidate:bf55b3f9-6b09-4365-9d71-55289e083fa5
2019-10-16 18:01:27,500 [grpc-default-executor-3] INFO  impl.RaftServerImpl (RaftServerImpl.java:setRole(184)) - f4c54511-b161-4347-aec5-5236dc80a0d8@group-EFD1D20A002C: changes role from  FOLLOWER to FOLLOWER at term 418 for recognizeCandidate:bf55b3f9-6b09-4365-9d71-55289e083fa5
2019-10-16 18:01:27,500 [grpc-default-executor-3] INFO  impl.RoleInfo (RoleInfo.java:shutdownFollowerState(121)) - f4c54511-b161-4347-aec5-5236dc80a0d8: shutdown FollowerState
2019-10-16 18:01:27,500 [grpc-default-executor-1] INFO  impl.RoleInfo (RoleInfo.java:shutdownFollowerState(121)) - 907b9765-214b-4864-b66a-d6e2a5789e5c: shutdown FollowerState
2019-10-16 18:01:27,501 [grpc-default-executor-3] INFO  impl.RoleInfo (RoleInfo.java:updateAndGet(143)) - f4c54511-b161-4347-aec5-5236dc80a0d8: start FollowerState
2019-10-16 18:01:27,501 [Thread-2542] INFO  impl.FollowerState (FollowerState.java:run(117)) - 907b9765-214b-4864-b66a-d6e2a5789e5c@group-EFD1D20A002C-FollowerState was interrupted: java.lang.InterruptedException: sleep interrupted
2019-10-16 18:01:27,501 [grpc-default-executor-1] INFO  impl.RoleInfo (RoleInfo.java:updateAndGet(143)) - 907b9765-214b-4864-b66a-d6e2a5789e5c: start FollowerState
2019-10-16 18:01:27,501 [Thread-2541] INFO  impl.FollowerState (FollowerState.java:run(117)) - f4c54511-b161-4347-aec5-5236dc80a0d8@group-EFD1D20A002C-FollowerState was interrupted: java.lang.InterruptedException: sleep interrupted
2019-10-16 18:01:27,525 [bf55b3f9-6b09-4365-9d71-55289e083fa5@group-EFD1D20A002C-LeaderElection359] INFO  impl.LeaderElection (LeaderElection.java:logAndReturn(56)) - bf55b3f9-6b09-4365-9d71-55289e083fa5@group-EFD1D20A002C-LeaderElection359: Election REJECTED; received 2 response(s) [bf55b3f9-6b09-4365-9d71-55289e083fa5<-f4c54511-b161-4347-aec5-5236dc80a0d8#0:FAIL-t418, bf55b3f9-6b09-4365-9d71-55289e083fa5<-907b9765-214b-4864-b66a-d6e2a5789e5c#0:FAIL-t418] and 0 exception(s); bf55b3f9-6b09-4365-9d71-55289e083fa5@group-EFD1D20A002C:t418, leader=null, voted=bf55b3f9-6b09-4365-9d71-55289e083fa5, raftlog=bf55b3f9-6b09-4365-9d71-55289e083fa5@group-EFD1D20A002C-SegmentedRaftLog:OPENED:c-1,f-1,i0, conf=-1: [f4c54511-b161-4347-aec5-5236dc80a0d8:0.0.0.0:41238, 907b9765-214b-4864-b66a-d6e2a5789e5c:0.0.0.0:41650, bf55b3f9-6b09-4365-9d71-55289e083fa5:0.0.0.0:42441], old=null
2019-10-16 18:01:27,525 [bf55b3f9-6b09-4365-9d71-55289e083fa5@group-EFD1D20A002C-LeaderElection359] INFO  impl.RaftServerImpl (RaftServerImpl.java:setRole(184)) - bf55b3f9-6b09-4365-9d71-55289e083fa5@group-EFD1D20A002C: changes role from CANDIDATE to FOLLOWER at term 418 for DISCOVERED_A_NEW_TERM
2019-10-16 18:01:27,525 [bf55b3f9-6b09-4365-9d71-55289e083fa5@group-EFD1D20A002C-LeaderElection359] INFO  impl.RoleInfo (RoleInfo.java:shutdownLeaderElection(134)) - bf55b3f9-6b09-4365-9d71-55289e083fa5: shutdown LeaderElection
2019-10-16 18:01:27,525 [bf55b3f9-6b09-4365-9d71-55289e083fa5@group-EFD1D20A002C-LeaderElection359] INFO  impl.RoleInfo (RoleInfo.java:updateAndGet(143)) - bf55b3f9-6b09-4365-9d71-55289e083fa5: start FollowerState
2019-10-16 18:01:27,716 [Thread-2549] INFO  impl.FollowerState (FollowerState.java:run(108)) - bf55b3f9-6b09-4365-9d71-55289e083fa5@group-EFD1D20A002C-FollowerState: change to CANDIDATE, lastRpcTime:190ms, electionTimeout:190ms
2019-10-16 18:01:27,716 [Thread-2549] INFO  impl.RoleInfo (RoleInfo.java:shutdownFollowerState(121)) - bf55b3f9-6b09-4365-9d71-55289e083fa5: shutdown FollowerState
2019-10-16 18:01:27,716 [Thread-2549] INFO  impl.RaftServerImpl (RaftServerImpl.java:setRole(184)) - bf55b3f9-6b09-4365-9d71-55289e083fa5@group-EFD1D20A002C: changes role from  FOLLOWER to CANDIDATE at term 418 for changeToCandidate
2019-10-16 18:01:27,716 [Thread-2549] INFO  impl.RoleInfo (RoleInfo.java:updateAndGet(143)) - bf55b3f9-6b09-4365-9d71-55289e083fa5: start LeaderElection
2019-10-16 18:01:27,770 [bf55b3f9-6b09-4365-9d71-55289e083fa5@group-EFD1D20A002C-LeaderElection360] INFO  impl.LeaderElection (LeaderElection.java:askForVotes(178)) - bf55b3f9-6b09-4365-9d71-55289e083fa5@group-EFD1D20A002C-LeaderElection360: begin an election at term 419 for -1: [f4c54511-b161-4347-aec5-5236dc80a0d8:0.0.0.0:41238, 907b9765-214b-4864-b66a-d6e2a5789e5c:0.0.0.0:41650, bf55b3f9-6b09-4365-9d71-55289e083fa5:0.0.0.0:42441], old=null
2019-10-16 18:01:27,772 [grpc-default-executor-1] INFO  impl.RaftServerImpl (RaftServerImpl.java:setRole(184)) - f4c54511-b161-4347-aec5-5236dc80a0d8@group-EFD1D20A002C: changes role from  FOLLOWER to FOLLOWER at term 419 for recognizeCandidate:bf55b3f9-6b09-4365-9d71-55289e083fa5
2019-10-16 18:01:27,772 [grpc-default-executor-3] INFO  impl.RaftServerImpl (RaftServerImpl.java:setRole(184)) - 907b9765-214b-4864-b66a-d6e2a5789e5c@group-EFD1D20A002C: changes role from  FOLLOWER to FOLLOWER at term 419 for recognizeCandidate:bf55b3f9-6b09-4365-9d71-55289e083fa5
2019-10-16 18:01:27,772 [grpc-default-executor-1] INFO  impl.RoleInfo (RoleInfo.java:shutdownFollowerState(121)) - f4c54511-b161-4347-aec5-5236dc80a0d8: shutdown FollowerState
2019-10-16 18:01:27,772 [grpc-default-executor-3] INFO  impl.RoleInfo (RoleInfo.java:shutdownFollowerState(121)) - 907b9765-214b-4864-b66a-d6e2a5789e5c: shutdown FollowerState
2019-10-16 18:01:27,772 [Thread-2547] INFO  impl.FollowerState (FollowerState.java:run(117)) - f4c54511-b161-4347-aec5-5236dc80a0d8@group-EFD1D20A002C-FollowerState was interrupted: java.lang.InterruptedException: sleep interrupted
2019-10-16 18:01:27,772 [grpc-default-executor-1] INFO  impl.RoleInfo (RoleInfo.java:updateAndGet(143)) - f4c54511-b161-4347-aec5-5236dc80a0d8: start FollowerState
2019-10-16 18:01:27,772 [Thread-2548] INFO  impl.FollowerState (FollowerState.java:run(117)) - 907b9765-214b-4864-b66a-d6e2a5789e5c@group-EFD1D20A002C-FollowerState was interrupted: java.lang.InterruptedException: sleep interrupted
2019-10-16 18:01:27,772 [grpc-default-executor-3] INFO  impl.RoleInfo (RoleInfo.java:updateAndGet(143)) - 907b9765-214b-4864-b66a-d6e2a5789e5c: start FollowerState
2019-10-16 18:01:27,834 [bf55b3f9-6b09-4365-9d71-55289e083fa5@group-EFD1D20A002C-LeaderElection360] INFO  impl.LeaderElection (LeaderElection.java:logAndReturn(56)) - bf55b3f9-6b09-4365-9d71-55289e083fa5@group-EFD1D20A002C-LeaderElection360: Election REJECTED; received 2 response(s) [bf55b3f9-6b09-4365-9d71-55289e083fa5<-f4c54511-b161-4347-aec5-5236dc80a0d8#0:FAIL-t419, bf55b3f9-6b09-4365-9d71-55289e083fa5<-907b9765-214b-4864-b66a-d6e2a5789e5c#0:FAIL-t419] and 0 exception(s); bf55b3f9-6b09-4365-9d71-55289e083fa5@group-EFD1D20A002C:t419, leader=null, voted=bf55b3f9-6b09-4365-9d71-55289e083fa5, raftlog=bf55b3f9-6b09-4365-9d71-55289e083fa5@group-EFD1D20A002C-SegmentedRaftLog:OPENED:c-1,f-1,i0, conf=-1: [f4c54511-b161-4347-aec5-5236dc80a0d8:0.0.0.0:41238, 907b9765-214b-4864-b66a-d6e2a5789e5c:0.0.0.0:41650, bf55b3f9-6b09-4365-9d71-55289e083fa5:0.0.0.0:42441], old=null
2019-10-16 18:01:27,834 [bf55b3f9-6b09-4365-9d71-55289e083fa5@group-EFD1D20A002C-LeaderElection360] INFO  impl.RaftServerImpl (RaftServerImpl.java:setRole(184)) - bf55b3f9-6b09-4365-9d71-55289e083fa5@group-EFD1D20A002C: changes role from CANDIDATE to FOLLOWER at term 419 for DISCOVERED_A_NEW_TERM
2019-10-16 18:01:27,834 [bf55b3f9-6b09-4365-9d71-55289e083fa5@group-EFD1D20A002C-LeaderElection360] INFO  impl.RoleInfo (RoleInfo.java:shutdownLeaderElection(134)) - bf55b3f9-6b09-4365-9d71-55289e083fa5: shutdown LeaderElection
2019-10-16 18:01:27,834 [bf55b3f9-6b09-4365-9d71-55289e083fa5@group-EFD1D20A002C-LeaderElection360] INFO  impl.RoleInfo (RoleInfo.java:updateAndGet(143)) - bf55b3f9-6b09-4365-9d71-55289e083fa5: start FollowerState
2019-10-16 18:01:28,008 [Thread-2555] INFO  impl.FollowerState (FollowerState.java:run(108)) - bf55b3f9-6b09-4365-9d71-55289e083fa5@group-EFD1D20A002C-FollowerState: change to CANDIDATE, lastRpcTime:173ms, electionTimeout:173ms
2019-10-16 18:01:28,008 [Thread-2555] INFO  impl.RoleInfo (RoleInfo.java:shutdownFollowerState(121)) - bf55b3f9-6b09-4365-9d71-55289e083fa5: shutdown FollowerState
2019-10-16 18:01:28,008 [Thread-2555] INFO  impl.RaftServerImpl (RaftServerImpl.java:setRole(184)) - bf55b3f9-6b09-4365-9d71-55289e083fa5@group-EFD1D20A002C: changes role from  FOLLOWER to CANDIDATE at term 419 for changeToCandidate
2019-10-16 18:01:28,008 [Thread-2555] INFO  impl.RoleInfo (RoleInfo.java:updateAndGet(143)) - bf55b3f9-6b09-4365-9d71-55289e083fa5: start LeaderElection
2019-10-16 18:01:28,067 [bf55b3f9-6b09-4365-9d71-55289e083fa5@group-EFD1D20A002C-LeaderElection361] INFO  impl.LeaderElection (LeaderElection.java:askForVotes(178)) - bf55b3f9-6b09-4365-9d71-55289e083fa5@group-EFD1D20A002C-LeaderElection361: begin an election at term 420 for -1: [f4c54511-b161-4347-aec5-5236dc80a0d8:0.0.0.0:41238, 907b9765-214b-4864-b66a-d6e2a5789e5c:0.0.0.0:41650, bf55b3f9-6b09-4365-9d71-55289e083fa5:0.0.0.0:42441], old=null
2019-10-16 18:01:28,069 [grpc-default-executor-3] INFO  impl.RaftServerImpl (RaftServerImpl.java:setRole(184)) - 907b9765-214b-4864-b66a-d6e2a5789e5c@group-EFD1D20A002C: changes role from  FOLLOWER to FOLLOWER at term 420 for recognizeCandidate:bf55b3f9-6b09-4365-9d71-55289e083fa5
2019-10-16 18:01:28,069 [grpc-default-executor-1] INFO  impl.RaftServerImpl (RaftServerImpl.java:setRole(184)) - f4c54511-b161-4347-aec5-5236dc80a0d8@group-EFD1D20A002C: changes role from  FOLLOWER to FOLLOWER at term 420 for recognizeCandidate:bf55b3f9-6b09-4365-9d71-55289e083fa5
2019-10-16 18:01:28,069 [grpc-default-executor-3] INFO  impl.RoleInfo (RoleInfo.java:shutdownFollowerState(121)) - 907b9765-214b-4864-b66a-d6e2a5789e5c: shutdown FollowerState
2019-10-16 18:01:28,069 [grpc-default-executor-1] INFO  impl.RoleInfo (RoleInfo.java:shutdownFollowerState(121)) - f4c54511-b161-4347-aec5-5236dc80a0d8: shutdown FollowerState
2019-10-16 18:01:28,069 [grpc-default-executor-3] INFO  impl.RoleInfo (RoleInfo.java:updateAndGet(143)) - 907b9765-214b-4864-b66a-d6e2a5789e5c: start FollowerState
2019-10-16 18:01:28,069 [Thread-2554] INFO  impl.FollowerState (FollowerState.java:run(117)) - 907b9765-214b-4864-b66a-d6e2a5789e5c@group-EFD1D20A002C-FollowerState was interrupted: java.lang.InterruptedException: sleep interrupted
2019-10-16 18:01:28,069 [Thread-2553] INFO  impl.FollowerState (FollowerState.java:run(117)) - f4c54511-b161-4347-aec5-5236dc80a0d8@group-EFD1D20A002C-FollowerState was interrupted: java.lang.InterruptedException: sleep interrupted
2019-10-16 18:01:28,069 [grpc-default-executor-1] INFO  impl.RoleInfo (RoleInfo.java:updateAndGet(143)) - f4c54511-b161-4347-aec5-5236dc80a0d8: start FollowerState
2019-10-16 18:01:28,124 [bf55b3f9-6b09-4365-9d71-55289e083fa5@group-EFD1D20A002C-LeaderElection361] INFO  impl.LeaderElection (LeaderElection.java:logAndReturn(56)) - bf55b3f9-6b09-4365-9d71-55289e083fa5@group-EFD1D20A002C-LeaderElection361: Election REJECTED; received 2 response(s) [bf55b3f9-6b09-4365-9d71-55289e083fa5<-f4c54511-b161-4347-aec5-5236dc80a0d8#0:FAIL-t420, bf55b3f9-6b09-4365-9d71-55289e083fa5<-907b9765-214b-4864-b66a-d6e2a5789e5c#0:FAIL-t420] and 0 exception(s); bf55b3f9-6b09-4365-9d71-55289e083fa5@group-EFD1D20A002C:t420, leader=null, voted=bf55b3f9-6b09-4365-9d71-55289e083fa5, raftlog=bf55b3f9-6b09-4365-9d71-55289e083fa5@group-EFD1D20A002C-SegmentedRaftLog:OPENED:c-1,f-1,i0, conf=-1: [f4c54511-b161-4347-aec5-5236dc80a0d8:0.0.0.0:41238, 907b9765-214b-4864-b66a-d6e2a5789e5c:0.0.0.0:41650, bf55b3f9-6b09-4365-9d71-55289e083fa5:0.0.0.0:42441], old=null
2019-10-16 18:01:28,124 [bf55b3f9-6b09-4365-9d71-55289e083fa5@group-EFD1D20A002C-LeaderElection361] INFO  impl.RaftServerImpl (RaftServerImpl.java:setRole(184)) - bf55b3f9-6b09-4365-9d71-55289e083fa5@group-EFD1D20A002C: changes role from CANDIDATE to FOLLOWER at term 420 for DISCOVERED_A_NEW_TERM
2019-10-16 18:01:28,124 [bf55b3f9-6b09-4365-9d71-55289e083fa5@group-EFD1D20A002C-LeaderElection361] INFO  impl.RoleInfo (RoleInfo.java:shutdownLeaderElection(134)) - bf55b3f9-6b09-4365-9d71-55289e083fa5: shutdown LeaderElection
2019-10-16 18:01:28,124 [bf55b3f9-6b09-4365-9d71-55289e083fa5@group-EFD1D20A002C-LeaderElection361] INFO  impl.RoleInfo (RoleInfo.java:updateAndGet(143)) - bf55b3f9-6b09-4365-9d71-55289e083fa5: start FollowerState
2019-10-16 18:01:28,256 [Thread-2561] INFO  impl.FollowerState (FollowerState.java:run(108)) - bf55b3f9-6b09-4365-9d71-55289e083fa5@group-EFD1D20A002C-FollowerState: change to CANDIDATE, lastRpcTime:132ms, electionTimeout:132ms
2019-10-16 18:01:28,257 [Thread-2561] INFO  impl.RoleInfo (RoleInfo.java:shutdownFollowerState(121)) - bf55b3f9-6b09-4365-9d71-55289e083fa5: shutdown FollowerState
2019-10-16 18:01:28,257 [Thread-2561] INFO  impl.RaftServerImpl (RaftServerImpl.java:setRole(184)) - bf55b3f9-6b09-4365-9d71-55289e083fa5@group-EFD1D20A002C: changes role from  FOLLOWER to CANDIDATE at term 420 for changeToCandidate
2019-10-16 18:01:28,257 [Thread-2561] INFO  impl.RoleInfo (RoleInfo.java:updateAndGet(143)) - bf55b3f9-6b09-4365-9d71-55289e083fa5: start LeaderElection
2019-10-16 18:01:28,291 [bf55b3f9-6b09-4365-9d71-55289e083fa5@group-EFD1D20A002C-LeaderElection362] INFO  impl.LeaderElection (LeaderElection.java:askForVotes(178)) - bf55b3f9-6b09-4365-9d71-55289e083fa5@group-EFD1D20A002C-LeaderElection362: begin an election at term 421 for -1: [f4c54511-b161-4347-aec5-5236dc80a0d8:0.0.0.0:41238, 907b9765-214b-4864-b66a-d6e2a5789e5c:0.0.0.0:41650, bf55b3f9-6b09-4365-9d71-55289e083fa5:0.0.0.0:42441], old=null
2019-10-16 18:01:28,292 [grpc-default-executor-1] INFO  impl.RaftServerImpl (RaftServerImpl.java:setRole(184)) - 907b9765-214b-4864-b66a-d6e2a5789e5c@group-EFD1D20A002C: changes role from  FOLLOWER to FOLLOWER at term 421 for recognizeCandidate:bf55b3f9-6b09-4365-9d71-55289e083fa5
2019-10-16 18:01:28,292 [grpc-default-executor-3] INFO  impl.RaftServerImpl (RaftServerImpl.java:setRole(184)) - f4c54511-b161-4347-aec5-5236dc80a0d8@group-EFD1D20A002C: changes role from  FOLLOWER to FOLLOWER at term 421 for recognizeCandidate:bf55b3f9-6b09-4365-9d71-55289e083fa5
2019-10-16 18:01:28,292 [grpc-default-executor-1] INFO  impl.RoleInfo (RoleInfo.java:shutdownFollowerState(121)) - 907b9765-214b-4864-b66a-d6e2a5789e5c: shutdown FollowerState
2019-10-16 18:01:28,292 [grpc-default-executor-3] INFO  impl.RoleInfo (RoleInfo.java:shutdownFollowerState(121)) - f4c54511-b161-4347-aec5-5236dc80a0d8: shutdown FollowerState
2019-10-16 18:01:28,293 [Thread-2559] INFO  impl.FollowerState (FollowerState.java:run(117)) - 907b9765-214b-4864-b66a-d6e2a5789e5c@group-EFD1D20A002C-FollowerState was interrupted: java.lang.InterruptedException: sleep interrupted
2019-10-16 18:01:28,293 [grpc-default-executor-1] INFO  impl.RoleInfo (RoleInfo.java:updateAndGet(143)) - 907b9765-214b-4864-b66a-d6e2a5789e5c: start FollowerState
2019-10-16 18:01:28,293 [Thread-2560] INFO  impl.FollowerState (FollowerState.java:run(117)) - f4c54511-b161-4347-aec5-5236dc80a0d8@group-EFD1D20A002C-FollowerState was interrupted: java.lang.InterruptedException: sleep interrupted
2019-10-16 18:01:28,293 [grpc-default-executor-3] INFO  impl.RoleInfo (RoleInfo.java:updateAndGet(143)) - f4c54511-b161-4347-aec5-5236dc80a0d8: start FollowerState
2019-10-16 18:01:28,351 [bf55b3f9-6b09-4365-9d71-55289e083fa5@group-EFD1D20A002C-LeaderElection362] INFO  impl.LeaderElection (LeaderElection.java:logAndReturn(56)) - bf55b3f9-6b09-4365-9d71-55289e083fa5@group-EFD1D20A002C-LeaderElection362: Election REJECTED; received 2 response(s) [bf55b3f9-6b09-4365-9d71-55289e083fa5<-f4c54511-b161-4347-aec5-5236dc80a0d8#0:FAIL-t421, bf55b3f9-6b09-4365-9d71-55289e083fa5<-907b9765-214b-4864-b66a-d6e2a5789e5c#0:FAIL-t421] and 0 exception(s); bf55b3f9-6b09-4365-9d71-55289e083fa5@group-EFD1D20A002C:t421, leader=null, voted=bf55b3f9-6b09-4365-9d71-55289e083fa5, raftlog=bf55b3f9-6b09-4365-9d71-55289e083fa5@group-EFD1D20A002C-SegmentedRaftLog:OPENED:c-1,f-1,i0, conf=-1: [f4c54511-b161-4347-aec5-5236dc80a0d8:0.0.0.0:41238, 907b9765-214b-4864-b66a-d6e2a5789e5c:0.0.0.0:41650, bf55b3f9-6b09-4365-9d71-55289e083fa5:0.0.0.0:42441], old=null
2019-10-16 18:01:28,351 [bf55b3f9-6b09-4365-9d71-55289e083fa5@group-EFD1D20A002C-LeaderElection362] INFO  impl.RaftServerImpl (RaftServerImpl.java:setRole(184)) - bf55b3f9-6b09-4365-9d71-55289e083fa5@group-EFD1D20A002C: changes role from CANDIDATE to FOLLOWER at term 421 for DISCOVERED_A_NEW_TERM
2019-10-16 18:01:28,351 [bf55b3f9-6b09-4365-9d71-55289e083fa5@group-EFD1D20A002C-LeaderElection362] INFO  impl.RoleInfo (RoleInfo.java:shutdownLeaderElection(134)) - bf55b3f9-6b09-4365-9d71-55289e083fa5: shutdown LeaderElection
2019-10-16 18:01:28,351 [bf55b3f9-6b09-4365-9d71-55289e083fa5@group-EFD1D20A002C-LeaderElection362] INFO  impl.RoleInfo (RoleInfo.java:updateAndGet(143)) - bf55b3f9-6b09-4365-9d71-55289e083fa5: start FollowerState
2019-10-16 18:01:28,479 [Thread-2569] INFO  impl.FollowerState (FollowerState.java:run(108)) - bf55b3f9-6b09-4365-9d71-55289e083fa5@group-EFD1D20A002C-FollowerState: change to CANDIDATE, lastRpcTime:127ms, electionTimeout:127ms
2019-10-16 18:01:28,479 [Thread-2569] INFO  impl.RoleInfo (RoleInfo.java:shutdownFollowerState(121)) - bf55b3f9-6b09-4365-9d71-55289e083fa5: shutdown FollowerState
2019-10-16 18:01:28,479 [Thread-2569] INFO  impl.RaftServerImpl (RaftServerImpl.java:setRole(184)) - bf55b3f9-6b09-4365-9d71-55289e083fa5@group-EFD1D20A002C: changes role from  FOLLOWER to CANDIDATE at term 421 for changeToCandidate
2019-10-16 18:01:28,479 [Thread-2569] INFO  impl.RoleInfo (RoleInfo.java:updateAndGet(143)) - bf55b3f9-6b09-4365-9d71-55289e083fa5: start LeaderElection
2019-10-16 18:01:28,522 [bf55b3f9-6b09-4365-9d71-55289e083fa5@group-EFD1D20A002C-LeaderElection363] INFO  impl.LeaderElection (LeaderElection.java:askForVotes(178)) - bf55b3f9-6b09-4365-9d71-55289e083fa5@group-EFD1D20A002C-LeaderElection363: begin an election at term 422 for -1: [f4c54511-b161-4347-aec5-5236dc80a0d8:0.0.0.0:41238, 907b9765-214b-4864-b66a-d6e2a5789e5c:0.0.0.0:41650, bf55b3f9-6b09-4365-9d71-55289e083fa5:0.0.0.0:42441], old=null
2019-10-16 18:01:28,523 [grpc-default-executor-3] INFO  impl.RaftServerImpl (RaftServerImpl.java:setRole(184)) - f4c54511-b161-4347-aec5-5236dc80a0d8@group-EFD1D20A002C: changes role from  FOLLOWER to FOLLOWER at term 422 for recognizeCandidate:bf55b3f9-6b09-4365-9d71-55289e083fa5
2019-10-16 18:01:28,523 [grpc-default-executor-3] INFO  impl.RoleInfo (RoleInfo.java:shutdownFollowerState(121)) - f4c54511-b161-4347-aec5-5236dc80a0d8: shutdown FollowerState
2019-10-16 18:01:28,524 [grpc-default-executor-1] INFO  impl.RaftServerImpl (RaftServerImpl.java:setRole(184)) - 907b9765-214b-4864-b66a-d6e2a5789e5c@group-EFD1D20A002C: changes role from  FOLLOWER to FOLLOWER at term 422 for recognizeCandidate:bf55b3f9-6b09-4365-9d71-55289e083fa5
2019-10-16 18:01:28,524 [grpc-default-executor-1] INFO  impl.RoleInfo (RoleInfo.java:shutdownFollowerState(121)) - 907b9765-214b-4864-b66a-d6e2a5789e5c: shutdown FollowerState
2019-10-16 18:01:28,524 [Thread-2568] INFO  impl.FollowerState (FollowerState.java:run(117)) - f4c54511-b161-4347-aec5-5236dc80a0d8@group-EFD1D20A002C-FollowerState was interrupted: java.lang.InterruptedException: sleep interrupted
2019-10-16 18:01:28,524 [grpc-default-executor-3] INFO  impl.RoleInfo (RoleInfo.java:updateAndGet(143)) - f4c54511-b161-4347-aec5-5236dc80a0d8: start FollowerState
2019-10-16 18:01:28,524 [grpc-default-executor-1] INFO  impl.RoleInfo (RoleInfo.java:updateAndGet(143)) - 907b9765-214b-4864-b66a-d6e2a5789e5c: start FollowerState
2019-10-16 18:01:28,524 [Thread-2567] INFO  impl.FollowerState (FollowerState.java:run(117)) - 907b9765-214b-4864-b66a-d6e2a5789e5c@group-EFD1D20A002C-FollowerState was interrupted: java.lang.InterruptedException: sleep interrupted
2019-10-16 18:01:28,559 [bf55b3f9-6b09-4365-9d71-55289e083fa5@group-EFD1D20A002C-LeaderElection363] INFO  impl.LeaderElection (LeaderElection.java:logAndReturn(56)) - bf55b3f9-6b09-4365-9d71-55289e083fa5@group-EFD1D20A002C-LeaderElection363: Election REJECTED; received 2 response(s) [bf55b3f9-6b09-4365-9d71-55289e083fa5<-f4c54511-b161-4347-aec5-5236dc80a0d8#0:FAIL-t422, bf55b3f9-6b09-4365-9d71-55289e083fa5<-907b9765-214b-4864-b66a-d6e2a5789e5c#0:FAIL-t422] and 0 exception(s); bf55b3f9-6b09-4365-9d71-55289e083fa5@group-EFD1D20A002C:t422, leader=null, voted=bf55b3f9-6b09-4365-9d71-55289e083fa5, raftlog=bf55b3f9-6b09-4365-9d71-55289e083fa5@group-EFD1D20A002C-SegmentedRaftLog:OPENED:c-1,f-1,i0, conf=-1: [f4c54511-b161-4347-aec5-5236dc80a0d8:0.0.0.0:41238, 907b9765-214b-4864-b66a-d6e2a5789e5c:0.0.0.0:41650, bf55b3f9-6b09-4365-9d71-55289e083fa5:0.0.0.0:42441], old=null
2019-10-16 18:01:28,560 [bf55b3f9-6b09-4365-9d71-55289e083fa5@group-EFD1D20A002C-LeaderElection363] INFO  impl.RaftServerImpl (RaftServerImpl.java:setRole(184)) - bf55b3f9-6b09-4365-9d71-55289e083fa5@group-EFD1D20A002C: changes role from CANDIDATE to FOLLOWER at term 422 for DISCOVERED_A_NEW_TERM
2019-10-16 18:01:28,560 [bf55b3f9-6b09-4365-9d71-55289e083fa5@group-EFD1D20A002C-LeaderElection363] INFO  impl.RoleInfo (RoleInfo.java:shutdownLeaderElection(134)) - bf55b3f9-6b09-4365-9d71-55289e083fa5: shutdown LeaderElection
2019-10-16 18:01:28,560 [bf55b3f9-6b09-4365-9d71-55289e083fa5@group-EFD1D20A002C-LeaderElection363] INFO  impl.RoleInfo (RoleInfo.java:updateAndGet(143)) - bf55b3f9-6b09-4365-9d71-55289e083fa5: start FollowerState
2019-10-16 18:01:28,671 [Thread-2575] INFO  impl.FollowerState (FollowerState.java:run(108)) - bf55b3f9-6b09-4365-9d71-55289e083fa5@group-EFD1D20A002C-FollowerState: change to CANDIDATE, lastRpcTime:111ms, electionTimeout:111ms
2019-10-16 18:01:28,671 [Thread-2575] INFO  impl.RoleInfo (RoleInfo.java:shutdownFollowerState(121)) - bf55b3f9-6b09-4365-9d71-55289e083fa5: shutdown FollowerState
2019-10-16 18:01:28,671 [Thread-2575] INFO  impl.RaftServerImpl (RaftServerImpl.java:setRole(184)) - bf55b3f9-6b09-4365-9d71-55289e083fa5@group-EFD1D20A002C: changes role from  FOLLOWER to CANDIDATE at term 422 for changeToCandidate
2019-10-16 18:01:28,671 [Thread-2575] INFO  impl.RoleInfo (RoleInfo.java:updateAndGet(143)) - bf55b3f9-6b09-4365-9d71-55289e083fa5: start LeaderElection
2019-10-16 18:01:28,695 [bf55b3f9-6b09-4365-9d71-55289e083fa5@group-EFD1D20A002C-LeaderElection364] INFO  impl.LeaderElection (LeaderElection.java:askForVotes(178)) - bf55b3f9-6b09-4365-9d71-55289e083fa5@group-EFD1D20A002C-LeaderElection364: begin an election at term 423 for -1: [f4c54511-b161-4347-aec5-5236dc80a0d8:0.0.0.0:41238, 907b9765-214b-4864-b66a-d6e2a5789e5c:0.0.0.0:41650, bf55b3f9-6b09-4365-9d71-55289e083fa5:0.0.0.0:42441], old=null
2019-10-16 18:01:28,696 [grpc-default-executor-3] INFO  impl.RaftServerImpl (RaftServerImpl.java:setRole(184)) - 907b9765-214b-4864-b66a-d6e2a5789e5c@group-EFD1D20A002C: changes role from  FOLLOWER to FOLLOWER at term 423 for recognizeCandidate:bf55b3f9-6b09-4365-9d71-55289e083fa5
2019-10-16 18:01:28,696 [grpc-default-executor-1] INFO  impl.RaftServerImpl (RaftServerImpl.java:setRole(184)) - f4c54511-b161-4347-aec5-5236dc80a0d8@group-EFD1D20A002C: changes role from  FOLLOWER to FOLLOWER at term 423 for recognizeCandidate:bf55b3f9-6b09-4365-9d71-55289e083fa5
2019-10-16 18:01:28,697 [grpc-default-executor-1] INFO  impl.RoleInfo (RoleInfo.java:shutdownFollowerState(121)) - f4c54511-b161-4347-aec5-5236dc80a0d8: shutdown FollowerState
2019-10-16 18:01:28,696 [grpc-default-executor-3] INFO  impl.RoleInfo (RoleInfo.java:shutdownFollowerState(121)) - 907b9765-214b-4864-b66a-d6e2a5789e5c: shutdown FollowerState
2019-10-16 18:01:28,697 [Thread-2573] INFO  impl.FollowerState (FollowerState.java:run(117)) - f4c54511-b161-4347-aec5-5236dc80a0d8@group-EFD1D20A002C-FollowerState was interrupted: java.lang.InterruptedException: sleep interrupted
2019-10-16 18:01:28,697 [grpc-default-executor-1] INFO  impl.RoleInfo (RoleInfo.java:updateAndGet(143)) - f4c54511-b161-4347-aec5-5236dc80a0d8: start FollowerState
2019-10-16 18:01:28,697 [Thread-2574] INFO  impl.FollowerState (FollowerState.java:run(117)) - 907b9765-214b-4864-b66a-d6e2a5789e5c@group-EFD1D20A002C-FollowerState was interrupted: java.lang.InterruptedException: sleep interrupted
2019-10-16 18:01:28,697 [grpc-default-executor-3] INFO  impl.RoleInfo (RoleInfo.java:updateAndGet(143)) - 907b9765-214b-4864-b66a-d6e2a5789e5c: start FollowerState
2019-10-16 18:01:28,719 [bf55b3f9-6b09-4365-9d71-55289e083fa5@group-EFD1D20A002C-LeaderElection364] INFO  impl.LeaderElection (LeaderElection.java:logAndReturn(56)) - bf55b3f9-6b09-4365-9d71-55289e083fa5@group-EFD1D20A002C-LeaderElection364: Election REJECTED; received 2 response(s) [bf55b3f9-6b09-4365-9d71-55289e083fa5<-f4c54511-b161-4347-aec5-5236dc80a0d8#0:FAIL-t423, bf55b3f9-6b09-4365-9d71-55289e083fa5<-907b9765-214b-4864-b66a-d6e2a5789e5c#0:FAIL-t423] and 0 exception(s); bf55b3f9-6b09-4365-9d71-55289e083fa5@group-EFD1D20A002C:t423, leader=null, voted=bf55b3f9-6b09-4365-9d71-55289e083fa5, raftlog=bf55b3f9-6b09-4365-9d71-55289e083fa5@group-EFD1D20A002C-SegmentedRaftLog:OPENED:c-1,f-1,i0, conf=-1: [f4c54511-b161-4347-aec5-5236dc80a0d8:0.0.0.0:41238, 907b9765-214b-4864-b66a-d6e2a5789e5c:0.0.0.0:41650, bf55b3f9-6b09-4365-9d71-55289e083fa5:0.0.0.0:42441], old=null
2019-10-16 18:01:28,719 [bf55b3f9-6b09-4365-9d71-55289e083fa5@group-EFD1D20A002C-LeaderElection364] INFO  impl.RaftServerImpl (RaftServerImpl.java:setRole(184)) - bf55b3f9-6b09-4365-9d71-55289e083fa5@group-EFD1D20A002C: changes role from CANDIDATE to FOLLOWER at term 423 for DISCOVERED_A_NEW_TERM
2019-10-16 18:01:28,719 [bf55b3f9-6b09-4365-9d71-55289e083fa5@group-EFD1D20A002C-LeaderElection364] INFO  impl.RoleInfo (RoleInfo.java:shutdownLeaderElection(134)) - bf55b3f9-6b09-4365-9d71-55289e083fa5: shutdown LeaderElection
2019-10-16 18:01:28,719 [bf55b3f9-6b09-4365-9d71-55289e083fa5@group-EFD1D20A002C-LeaderElection364] INFO  impl.RoleInfo (RoleInfo.java:updateAndGet(143)) - bf55b3f9-6b09-4365-9d71-55289e083fa5: start FollowerState
2019-10-16 18:01:28,826 [Thread-2581] INFO  impl.FollowerState (FollowerState.java:run(108)) - bf55b3f9-6b09-4365-9d71-55289e083fa5@group-EFD1D20A002C-FollowerState: change to CANDIDATE, lastRpcTime:107ms, electionTimeout:107ms
2019-10-16 18:01:28,826 [Thread-2581] INFO  impl.RoleInfo (RoleInfo.java:shutdownFollowerState(121)) - bf55b3f9-6b09-4365-9d71-55289e083fa5: shutdown FollowerState
2019-10-16 18:01:28,826 [Thread-2581] INFO  impl.RaftServerImpl (RaftServerImpl.java:setRole(184)) - bf55b3f9-6b09-4365-9d71-55289e083fa5@group-EFD1D20A002C: changes role from  FOLLOWER to CANDIDATE at term 423 for changeToCandidate
2019-10-16 18:01:28,827 [Thread-2581] INFO  impl.RoleInfo (RoleInfo.java:updateAndGet(143)) - bf55b3f9-6b09-4365-9d71-55289e083fa5: start LeaderElection
2019-10-16 18:01:28,846 [bf55b3f9-6b09-4365-9d71-55289e083fa5@group-EFD1D20A002C-LeaderElection365] INFO  impl.LeaderElection (LeaderElection.java:askForVotes(178)) - bf55b3f9-6b09-4365-9d71-55289e083fa5@group-EFD1D20A002C-LeaderElection365: begin an election at term 424 for -1: [f4c54511-b161-4347-aec5-5236dc80a0d8:0.0.0.0:41238, 907b9765-214b-4864-b66a-d6e2a5789e5c:0.0.0.0:41650, bf55b3f9-6b09-4365-9d71-55289e083fa5:0.0.0.0:42441], old=null
2019-10-16 18:01:28,848 [grpc-default-executor-1] INFO  impl.RaftServerImpl (RaftServerImpl.java:setRole(184)) - f4c54511-b161-4347-aec5-5236dc80a0d8@group-EFD1D20A002C: changes role from  FOLLOWER to FOLLOWER at term 424 for recognizeCandidate:bf55b3f9-6b09-4365-9d71-55289e083fa5
2019-10-16 18:01:28,848 [grpc-default-executor-3] INFO  impl.RaftServerImpl (RaftServerImpl.java:setRole(184)) - 907b9765-214b-4864-b66a-d6e2a5789e5c@group-EFD1D20A002C: changes role from  FOLLOWER to FOLLOWER at term 424 for recognizeCandidate:bf55b3f9-6b09-4365-9d71-55289e083fa5
2019-10-16 18:01:28,848 [grpc-default-executor-1] INFO  impl.RoleInfo (RoleInfo.java:shutdownFollowerState(121)) - f4c54511-b161-4347-aec5-5236dc80a0d8: shutdown FollowerState
2019-10-16 18:01:28,848 [grpc-default-executor-3] INFO  impl.RoleInfo (RoleInfo.java:shutdownFollowerState(121)) - 907b9765-214b-4864-b66a-d6e2a5789e5c: shutdown FollowerState
2019-10-16 18:01:28,848 [Thread-2579] INFO  impl.FollowerState (FollowerState.java:run(117)) - f4c54511-b161-4347-aec5-5236dc80a0d8@group-EFD1D20A002C-FollowerState was interrupted: java.lang.InterruptedException: sleep interrupted
2019-10-16 18:01:28,848 [grpc-default-executor-1] INFO  impl.RoleInfo (RoleInfo.java:updateAndGet(143)) - f4c54511-b161-4347-aec5-5236dc80a0d8: start FollowerState
2019-10-16 18:01:28,848 [Thread-2580] INFO  impl.FollowerState (FollowerState.java:run(117)) - 907b9765-214b-4864-b66a-d6e2a5789e5c@group-EFD1D20A002C-FollowerState was interrupted: java.lang.InterruptedException: sleep interrupted
2019-10-16 18:01:28,848 [grpc-default-executor-3] INFO  impl.RoleInfo (RoleInfo.java:updateAndGet(143)) - 907b9765-214b-4864-b66a-d6e2a5789e5c: start FollowerState
2019-10-16 18:01:28,872 [bf55b3f9-6b09-4365-9d71-55289e083fa5@group-EFD1D20A002C-LeaderElection365] INFO  impl.LeaderElection (LeaderElection.java:logAndReturn(56)) - bf55b3f9-6b09-4365-9d71-55289e083fa5@group-EFD1D20A002C-LeaderElection365: Election REJECTED; received 2 response(s) [bf55b3f9-6b09-4365-9d71-55289e083fa5<-f4c54511-b161-4347-aec5-5236dc80a0d8#0:FAIL-t424, bf55b3f9-6b09-4365-9d71-55289e083fa5<-907b9765-214b-4864-b66a-d6e2a5789e5c#0:FAIL-t424] and 0 exception(s); bf55b3f9-6b09-4365-9d71-55289e083fa5@group-EFD1D20A002C:t424, leader=null, voted=bf55b3f9-6b09-4365-9d71-55289e083fa5, raftlog=bf55b3f9-6b09-4365-9d71-55289e083fa5@group-EFD1D20A002C-SegmentedRaftLog:OPENED:c-1,f-1,i0, conf=-1: [f4c54511-b161-4347-aec5-5236dc80a0d8:0.0.0.0:41238, 907b9765-214b-4864-b66a-d6e2a5789e5c:0.0.0.0:41650, bf55b3f9-6b09-4365-9d71-55289e083fa5:0.0.0.0:42441], old=null
2019-10-16 18:01:28,872 [bf55b3f9-6b09-4365-9d71-55289e083fa5@group-EFD1D20A002C-LeaderElection365] INFO  impl.RaftServerImpl (RaftServerImpl.java:setRole(184)) - bf55b3f9-6b09-4365-9d71-55289e083fa5@group-EFD1D20A002C: changes role from CANDIDATE to FOLLOWER at term 424 for DISCOVERED_A_NEW_TERM
2019-10-16 18:01:28,872 [bf55b3f9-6b09-4365-9d71-55289e083fa5@group-EFD1D20A002C-LeaderElection365] INFO  impl.RoleInfo (RoleInfo.java:shutdownLeaderElection(134)) - bf55b3f9-6b09-4365-9d71-55289e083fa5: shutdown LeaderElection
2019-10-16 18:01:28,872 [bf55b3f9-6b09-4365-9d71-55289e083fa5@group-EFD1D20A002C-LeaderElection365] INFO  impl.RoleInfo (RoleInfo.java:updateAndGet(143)) - bf55b3f9-6b09-4365-9d71-55289e083fa5: start FollowerState
2019-10-16 18:01:28,949 [Thread-2587] INFO  impl.FollowerState (FollowerState.java:run(108)) - bf55b3f9-6b09-4365-9d71-55289e083fa5@group-EFD1D20A002C-FollowerState: change to CANDIDATE, lastRpcTime:77ms, electionTimeout:77ms
2019-10-16 18:01:28,950 [Thread-2587] INFO  impl.RoleInfo (RoleInfo.java:shutdownFollowerState(121)) - bf55b3f9-6b09-4365-9d71-55289e083fa5: shutdown FollowerState
2019-10-16 18:01:28,950 [Thread-2587] INFO  impl.RaftServerImpl (RaftServerImpl.java:setRole(184)) - bf55b3f9-6b09-4365-9d71-55289e083fa5@group-EFD1D20A002C: changes role from  FOLLOWER to CANDIDATE at term 424 for changeToCandidate
2019-10-16 18:01:28,950 [Thread-2587] INFO  impl.RoleInfo (RoleInfo.java:updateAndGet(143)) - bf55b3f9-6b09-4365-9d71-55289e083fa5: start LeaderElection
2019-10-16 18:01:28,974 [bf55b3f9-6b09-4365-9d71-55289e083fa5@group-EFD1D20A002C-LeaderElection366] INFO  impl.LeaderElection (LeaderElection.java:askForVotes(178)) - bf55b3f9-6b09-4365-9d71-55289e083fa5@group-EFD1D20A002C-LeaderElection366: begin an election at term 425 for -1: [f4c54511-b161-4347-aec5-5236dc80a0d8:0.0.0.0:41238, 907b9765-214b-4864-b66a-d6e2a5789e5c:0.0.0.0:41650, bf55b3f9-6b09-4365-9d71-55289e083fa5:0.0.0.0:42441], old=null
2019-10-16 18:01:28,977 [grpc-default-executor-1] INFO  impl.RaftServerImpl (RaftServerImpl.java:setRole(184)) - f4c54511-b161-4347-aec5-5236dc80a0d8@group-EFD1D20A002C: changes role from  FOLLOWER to FOLLOWER at term 425 for recognizeCandidate:bf55b3f9-6b09-4365-9d71-55289e083fa5
2019-10-16 18:01:28,977 [grpc-default-executor-1] INFO  impl.RoleInfo (RoleInfo.java:shutdownFollowerState(121)) - f4c54511-b161-4347-aec5-5236dc80a0d8: shutdown FollowerState
2019-10-16 18:01:28,977 [grpc-default-executor-1] INFO  impl.RoleInfo (RoleInfo.java:updateAndGet(143)) - f4c54511-b161-4347-aec5-5236dc80a0d8: start FollowerState
2019-10-16 18:01:28,978 [Thread-2585] INFO  impl.FollowerState (FollowerState.java:run(117)) - f4c54511-b161-4347-aec5-5236dc80a0d8@group-EFD1D20A002C-FollowerState was interrupted: java.lang.InterruptedException: sleep interrupted
2019-10-16 18:01:28,979 [grpc-default-executor-3] INFO  impl.RaftServerImpl (RaftServerImpl.java:setRole(184)) - 907b9765-214b-4864-b66a-d6e2a5789e5c@group-EFD1D20A002C: changes role from  FOLLOWER to FOLLOWER at term 425 for recognizeCandidate:bf55b3f9-6b09-4365-9d71-55289e083fa5
2019-10-16 18:01:28,979 [grpc-default-executor-3] INFO  impl.RoleInfo (RoleInfo.java:shutdownFollowerState(121)) - 907b9765-214b-4864-b66a-d6e2a5789e5c: shutdown FollowerState
2019-10-16 18:01:28,979 [grpc-default-executor-3] INFO  impl.RoleInfo (RoleInfo.java:updateAndGet(143)) - 907b9765-214b-4864-b66a-d6e2a5789e5c: start FollowerState
2019-10-16 18:01:28,979 [Thread-2586] INFO  impl.FollowerState (FollowerState.java:run(117)) - 907b9765-214b-4864-b66a-d6e2a5789e5c@group-EFD1D20A002C-FollowerState was interrupted: java.lang.InterruptedException: sleep interrupted
2019-10-16 18:01:28,999 [bf55b3f9-6b09-4365-9d71-55289e083fa5@group-EFD1D20A002C-LeaderElection366] INFO  impl.LeaderElection (LeaderElection.java:logAndReturn(56)) - bf55b3f9-6b09-4365-9d71-55289e083fa5@group-EFD1D20A002C-LeaderElection366: Election REJECTED; received 2 response(s) [bf55b3f9-6b09-4365-9d71-55289e083fa5<-f4c54511-b161-4347-aec5-5236dc80a0d8#0:FAIL-t425, bf55b3f9-6b09-4365-9d71-55289e083fa5<-907b9765-214b-4864-b66a-d6e2a5789e5c#0:FAIL-t425] and 0 exception(s); bf55b3f9-6b09-4365-9d71-55289e083fa5@group-EFD1D20A002C:t425, leader=null, voted=bf55b3f9-6b09-4365-9d71-55289e083fa5, raftlog=bf55b3f9-6b09-4365-9d71-55289e083fa5@group-EFD1D20A002C-SegmentedRaftLog:OPENED:c-1,f-1,i0, conf=-1: [f4c54511-b161-4347-aec5-5236dc80a0d8:0.0.0.0:41238, 907b9765-214b-4864-b66a-d6e2a5789e5c:0.0.0.0:41650, bf55b3f9-6b09-4365-9d71-55289e083fa5:0.0.0.0:42441], old=null
2019-10-16 18:01:28,999 [bf55b3f9-6b09-4365-9d71-55289e083fa5@group-EFD1D20A002C-LeaderElection366] INFO  impl.RaftServerImpl (RaftServerImpl.java:setRole(184)) - bf55b3f9-6b09-4365-9d71-55289e083fa5@group-EFD1D20A002C: changes role from CANDIDATE to FOLLOWER at term 425 for DISCOVERED_A_NEW_TERM
2019-10-16 18:01:29,000 [bf55b3f9-6b09-4365-9d71-55289e083fa5@group-EFD1D20A002C-LeaderElection366] INFO  impl.RoleInfo (RoleInfo.java:shutdownLeaderElection(134)) - bf55b3f9-6b09-4365-9d71-55289e083fa5: shutdown LeaderElection
2019-10-16 18:01:29,000 [bf55b3f9-6b09-4365-9d71-55289e083fa5@group-EFD1D20A002C-LeaderElection366] INFO  impl.RoleInfo (RoleInfo.java:updateAndGet(143)) - bf55b3f9-6b09-4365-9d71-55289e083fa5: start FollowerState
2019-10-16 18:01:29,081 [Thread-2593] INFO  impl.FollowerState (FollowerState.java:run(108)) - bf55b3f9-6b09-4365-9d71-55289e083fa5@group-EFD1D20A002C-FollowerState: change to CANDIDATE, lastRpcTime:81ms, electionTimeout:81ms
2019-10-16 18:01:29,081 [Thread-2593] INFO  impl.RoleInfo (RoleInfo.java:shutdownFollowerState(121)) - bf55b3f9-6b09-4365-9d71-55289e083fa5: shutdown FollowerState
2019-10-16 18:01:29,081 [Thread-2593] INFO  impl.RaftServerImpl (RaftServerImpl.java:setRole(184)) - bf55b3f9-6b09-4365-9d71-55289e083fa5@group-EFD1D20A002C: changes role from  FOLLOWER to CANDIDATE at term 425 for changeToCandidate
2019-10-16 18:01:29,081 [Thread-2593] INFO  impl.RoleInfo (RoleInfo.java:updateAndGet(143)) - bf55b3f9-6b09-4365-9d71-55289e083fa5: start LeaderElection
2019-10-16 18:01:29,123 [bf55b3f9-6b09-4365-9d71-55289e083fa5@group-EFD1D20A002C-LeaderElection367] INFO  impl.LeaderElection (LeaderElection.java:askForVotes(178)) - bf55b3f9-6b09-4365-9d71-55289e083fa5@group-EFD1D20A002C-LeaderElection367: begin an election at term 426 for -1: [f4c54511-b161-4347-aec5-5236dc80a0d8:0.0.0.0:41238, 907b9765-214b-4864-b66a-d6e2a5789e5c:0.0.0.0:41650, bf55b3f9-6b09-4365-9d71-55289e083fa5:0.0.0.0:42441], old=null
2019-10-16 18:01:29,124 [grpc-default-executor-1] INFO  impl.RaftServerImpl (RaftServerImpl.java:setRole(184)) - f4c54511-b161-4347-aec5-5236dc80a0d8@group-EFD1D20A002C: changes role from  FOLLOWER to FOLLOWER at term 426 for recognizeCandidate:bf55b3f9-6b09-4365-9d71-55289e083fa5
2019-10-16 18:01:29,124 [grpc-default-executor-1] INFO  impl.RoleInfo (RoleInfo.java:shutdownFollowerState(121)) - f4c54511-b161-4347-aec5-5236dc80a0d8: shutdown FollowerState
2019-10-16 18:01:29,124 [grpc-default-executor-3] INFO  impl.RaftServerImpl (RaftServerImpl.java:setRole(184)) - 907b9765-214b-4864-b66a-d6e2a5789e5c@group-EFD1D20A002C: changes role from  FOLLOWER to FOLLOWER at term 426 for recognizeCandidate:bf55b3f9-6b09-4365-9d71-55289e083fa5
2019-10-16 18:01:29,124 [Thread-2591] INFO  impl.FollowerState (FollowerState.java:run(117)) - f4c54511-b161-4347-aec5-5236dc80a0d8@group-EFD1D20A002C-FollowerState was interrupted: java.lang.InterruptedException: sleep interrupted
2019-10-16 18:01:29,124 [grpc-default-executor-1] INFO  impl.RoleInfo (RoleInfo.java:updateAndGet(143)) - f4c54511-b161-4347-aec5-5236dc80a0d8: start FollowerState
2019-10-16 18:01:29,124 [grpc-default-executor-3] INFO  impl.RoleInfo (RoleInfo.java:shutdownFollowerState(121)) - 907b9765-214b-4864-b66a-d6e2a5789e5c: shutdown FollowerState
2019-10-16 18:01:29,125 [grpc-default-executor-3] INFO  impl.RoleInfo (RoleInfo.java:updateAndGet(143)) - 907b9765-214b-4864-b66a-d6e2a5789e5c: start FollowerState
2019-10-16 18:01:29,125 [Thread-2592] INFO  impl.FollowerState (FollowerState.java:run(117)) - 907b9765-214b-4864-b66a-d6e2a5789e5c@group-EFD1D20A002C-FollowerState was interrupted: java.lang.InterruptedException: sleep interrupted
2019-10-16 18:01:29,126 [bf55b3f9-6b09-4365-9d71-55289e083fa5@group-EFD1D20A002C-LeaderElection367] INFO  impl.LeaderElection (LeaderElection.java:logAndReturn(56)) - bf55b3f9-6b09-4365-9d71-55289e083fa5@group-EFD1D20A002C-LeaderElection367: Election TIMEOUT; received 0 response(s) [] and 0 exception(s); bf55b3f9-6b09-4365-9d71-55289e083fa5@group-EFD1D20A002C:t426, leader=null, voted=bf55b3f9-6b09-4365-9d71-55289e083fa5, raftlog=bf55b3f9-6b09-4365-9d71-55289e083fa5@group-EFD1D20A002C-SegmentedRaftLog:OPENED:c-1,f-1,i0, conf=-1: [f4c54511-b161-4347-aec5-5236dc80a0d8:0.0.0.0:41238, 907b9765-214b-4864-b66a-d6e2a5789e5c:0.0.0.0:41650, bf55b3f9-6b09-4365-9d71-55289e083fa5:0.0.0.0:42441], old=null
2019-10-16 18:01:29,148 [bf55b3f9-6b09-4365-9d71-55289e083fa5@group-EFD1D20A002C-LeaderElection367] INFO  impl.LeaderElection (LeaderElection.java:askForVotes(178)) - bf55b3f9-6b09-4365-9d71-55289e083fa5@group-EFD1D20A002C-LeaderElection367: begin an election at term 427 for -1: [f4c54511-b161-4347-aec5-5236dc80a0d8:0.0.0.0:41238, 907b9765-214b-4864-b66a-d6e2a5789e5c:0.0.0.0:41650, bf55b3f9-6b09-4365-9d71-55289e083fa5:0.0.0.0:42441], old=null
2019-10-16 18:01:29,149 [grpc-default-executor-3] INFO  impl.RaftServerImpl (RaftServerImpl.java:setRole(184)) - 907b9765-214b-4864-b66a-d6e2a5789e5c@group-EFD1D20A002C: changes role from  FOLLOWER to FOLLOWER at term 427 for recognizeCandidate:bf55b3f9-6b09-4365-9d71-55289e083fa5
2019-10-16 18:01:29,149 [grpc-default-executor-3] INFO  impl.RoleInfo (RoleInfo.java:shutdownFollowerState(121)) - 907b9765-214b-4864-b66a-d6e2a5789e5c: shutdown FollowerState
2019-10-16 18:01:29,149 [grpc-default-executor-3] INFO  impl.RoleInfo (RoleInfo.java:updateAndGet(143)) - 907b9765-214b-4864-b66a-d6e2a5789e5c: start FollowerState
2019-10-16 18:01:29,149 [Thread-2598] INFO  impl.FollowerState (FollowerState.java:run(117)) - 907b9765-214b-4864-b66a-d6e2a5789e5c@group-EFD1D20A002C-FollowerState was interrupted: java.lang.InterruptedException: sleep interrupted
2019-10-16 18:01:29,149 [grpc-default-executor-1] INFO  impl.RaftServerImpl (RaftServerImpl.java:setRole(184)) - f4c54511-b161-4347-aec5-5236dc80a0d8@group-EFD1D20A002C: changes role from  FOLLOWER to FOLLOWER at term 427 for recognizeCandidate:bf55b3f9-6b09-4365-9d71-55289e083fa5
2019-10-16 18:01:29,149 [grpc-default-executor-1] INFO  impl.RoleInfo (RoleInfo.java:shutdownFollowerState(121)) - f4c54511-b161-4347-aec5-5236dc80a0d8: shutdown FollowerState
2019-10-16 18:01:29,149 [grpc-default-executor-1] INFO  impl.RoleInfo (RoleInfo.java:updateAndGet(143)) - f4c54511-b161-4347-aec5-5236dc80a0d8: start FollowerState
2019-10-16 18:01:29,149 [Thread-2597] INFO  impl.FollowerState (FollowerState.java:run(117)) - f4c54511-b161-4347-aec5-5236dc80a0d8@group-EFD1D20A002C-FollowerState was interrupted: java.lang.InterruptedException: sleep interrupted
2019-10-16 18:01:29,173 [bf55b3f9-6b09-4365-9d71-55289e083fa5@group-EFD1D20A002C-LeaderElection367] INFO  impl.LeaderElection (LeaderElection.java:logAndReturn(56)) - bf55b3f9-6b09-4365-9d71-55289e083fa5@group-EFD1D20A002C-LeaderElection367: Election REJECTED; received 2 response(s) [bf55b3f9-6b09-4365-9d71-55289e083fa5<-f4c54511-b161-4347-aec5-5236dc80a0d8#0:FAIL-t427, bf55b3f9-6b09-4365-9d71-55289e083fa5<-907b9765-214b-4864-b66a-d6e2a5789e5c#0:FAIL-t427] and 0 exception(s); bf55b3f9-6b09-4365-9d71-55289e083fa5@group-EFD1D20A002C:t427, leader=null, voted=bf55b3f9-6b09-4365-9d71-55289e083fa5, raftlog=bf55b3f9-6b09-4365-9d71-55289e083fa5@group-EFD1D20A002C-SegmentedRaftLog:OPENED:c-1,f-1,i0, conf=-1: [f4c54511-b161-4347-aec5-5236dc80a0d8:0.0.0.0:41238, 907b9765-214b-4864-b66a-d6e2a5789e5c:0.0.0.0:41650, bf55b3f9-6b09-4365-9d71-55289e083fa5:0.0.0.0:42441], old=null
2019-10-16 18:01:29,173 [bf55b3f9-6b09-4365-9d71-55289e083fa5@group-EFD1D20A002C-LeaderElection367] INFO  impl.RaftServerImpl (RaftServerImpl.java:setRole(184)) - bf55b3f9-6b09-4365-9d71-55289e083fa5@group-EFD1D20A002C: changes role from CANDIDATE to FOLLOWER at term 427 for DISCOVERED_A_NEW_TERM
2019-10-16 18:01:29,173 [bf55b3f9-6b09-4365-9d71-55289e083fa5@group-EFD1D20A002C-LeaderElection367] INFO  impl.RoleInfo (RoleInfo.java:shutdownLeaderElection(134)) - bf55b3f9-6b09-4365-9d71-55289e083fa5: shutdown LeaderElection
2019-10-16 18:01:29,173 [bf55b3f9-6b09-4365-9d71-55289e083fa5@group-EFD1D20A002C-LeaderElection367] INFO  impl.RoleInfo (RoleInfo.java:updateAndGet(143)) - bf55b3f9-6b09-4365-9d71-55289e083fa5: start FollowerState
2019-10-16 18:01:29,205 [Thread-2605] INFO  impl.FollowerState (FollowerState.java:run(108)) - bf55b3f9-6b09-4365-9d71-55289e083fa5@group-EFD1D20A002C-FollowerState: change to CANDIDATE, lastRpcTime:31ms, electionTimeout:31ms
2019-10-16 18:01:29,205 [Thread-2605] INFO  impl.RoleInfo (RoleInfo.java:shutdownFollowerState(121)) - bf55b3f9-6b09-4365-9d71-55289e083fa5: shutdown FollowerState
2019-10-16 18:01:29,205 [Thread-2605] INFO  impl.RaftServerImpl (RaftServerImpl.java:setRole(184)) - bf55b3f9-6b09-4365-9d71-55289e083fa5@group-EFD1D20A002C: changes role from  FOLLOWER to CANDIDATE at term 427 for changeToCandidate
2019-10-16 18:01:29,205 [Thread-2605] INFO  impl.RoleInfo (RoleInfo.java:updateAndGet(143)) - bf55b3f9-6b09-4365-9d71-55289e083fa5: start LeaderElection
2019-10-16 18:01:29,229 [bf55b3f9-6b09-4365-9d71-55289e083fa5@group-EFD1D20A002C-LeaderElection368] INFO  impl.LeaderElection (LeaderElection.java:askForVotes(178)) - bf55b3f9-6b09-4365-9d71-55289e083fa5@group-EFD1D20A002C-LeaderElection368: begin an election at term 428 for -1: [f4c54511-b161-4347-aec5-5236dc80a0d8:0.0.0.0:41238, 907b9765-214b-4864-b66a-d6e2a5789e5c:0.0.0.0:41650, bf55b3f9-6b09-4365-9d71-55289e083fa5:0.0.0.0:42441], old=null
2019-10-16 18:01:29,230 [grpc-default-executor-1] INFO  impl.RaftServerImpl (RaftServerImpl.java:setRole(184)) - f4c54511-b161-4347-aec5-5236dc80a0d8@group-EFD1D20A002C: changes role from  FOLLOWER to FOLLOWER at term 428 for recognizeCandidate:bf55b3f9-6b09-4365-9d71-55289e083fa5
2019-10-16 18:01:29,230 [grpc-default-executor-1] INFO  impl.RoleInfo (RoleInfo.java:shutdownFollowerState(121)) - f4c54511-b161-4347-aec5-5236dc80a0d8: shutdown FollowerState
2019-10-16 18:01:29,230 [grpc-default-executor-1] INFO  impl.RoleInfo (RoleInfo.java:updateAndGet(143)) - f4c54511-b161-4347-aec5-5236dc80a0d8: start FollowerState
2019-10-16 18:01:29,230 [Thread-2602] INFO  impl.FollowerState (FollowerState.java:run(117)) - f4c54511-b161-4347-aec5-5236dc80a0d8@group-EFD1D20A002C-FollowerState was interrupted: java.lang.InterruptedException: sleep interrupted
2019-10-16 18:01:29,231 [grpc-default-executor-3] INFO  impl.RaftServerImpl (RaftServerImpl.java:setRole(184)) - 907b9765-214b-4864-b66a-d6e2a5789e5c@group-EFD1D20A002C: changes role from  FOLLOWER to FOLLOWER at term 428 for recognizeCandidate:bf55b3f9-6b09-4365-9d71-55289e083fa5
2019-10-16 18:01:29,231 [grpc-default-executor-3] INFO  impl.RoleInfo (RoleInfo.java:shutdownFollowerState(121)) - 907b9765-214b-4864-b66a-d6e2a5789e5c: shutdown FollowerState
2019-10-16 18:01:29,231 [Thread-2601] INFO  impl.FollowerState (FollowerState.java:run(117)) - 907b9765-214b-4864-b66a-d6e2a5789e5c@group-EFD1D20A002C-FollowerState was interrupted: java.lang.InterruptedException: sleep interrupted
2019-10-16 18:01:29,231 [grpc-default-executor-3] INFO  impl.RoleInfo (RoleInfo.java:updateAndGet(143)) - 907b9765-214b-4864-b66a-d6e2a5789e5c: start FollowerState
2019-10-16 18:01:29,268 [bf55b3f9-6b09-4365-9d71-55289e083fa5@group-EFD1D20A002C-LeaderElection368] INFO  impl.LeaderElection (LeaderElection.java:logAndReturn(56)) - bf55b3f9-6b09-4365-9d71-55289e083fa5@group-EFD1D20A002C-LeaderElection368: Election REJECTED; received 2 response(s) [bf55b3f9-6b09-4365-9d71-55289e083fa5<-f4c54511-b161-4347-aec5-5236dc80a0d8#0:FAIL-t428, bf55b3f9-6b09-4365-9d71-55289e083fa5<-907b9765-214b-4864-b66a-d6e2a5789e5c#0:FAIL-t428] and 0 exception(s); bf55b3f9-6b09-4365-9d71-55289e083fa5@group-EFD1D20A002C:t428, leader=null, voted=bf55b3f9-6b09-4365-9d71-55289e083fa5, raftlog=bf55b3f9-6b09-4365-9d71-55289e083fa5@group-EFD1D20A002C-SegmentedRaftLog:OPENED:c-1,f-1,i0, conf=-1: [f4c54511-b161-4347-aec5-5236dc80a0d8:0.0.0.0:41238, 907b9765-214b-4864-b66a-d6e2a5789e5c:0.0.0.0:41650, bf55b3f9-6b09-4365-9d71-55289e083fa5:0.0.0.0:42441], old=null
2019-10-16 18:01:29,269 [bf55b3f9-6b09-4365-9d71-55289e083fa5@group-EFD1D20A002C-LeaderElection368] INFO  impl.RaftServerImpl (RaftServerImpl.java:setRole(184)) - bf55b3f9-6b09-4365-9d71-55289e083fa5@group-EFD1D20A002C: changes role from CANDIDATE to FOLLOWER at term 428 for DISCOVERED_A_NEW_TERM
2019-10-16 18:01:29,269 [bf55b3f9-6b09-4365-9d71-55289e083fa5@group-EFD1D20A002C-LeaderElection368] INFO  impl.RoleInfo (RoleInfo.java:shutdownLeaderElection(134)) - bf55b3f9-6b09-4365-9d71-55289e083fa5: shutdown LeaderElection
2019-10-16 18:01:29,269 [bf55b3f9-6b09-4365-9d71-55289e083fa5@group-EFD1D20A002C-LeaderElection368] INFO  impl.RoleInfo (RoleInfo.java:updateAndGet(143)) - bf55b3f9-6b09-4365-9d71-55289e083fa5: start FollowerState
2019-10-16 18:01:29,467 [Thread-2611] INFO  impl.FollowerState (FollowerState.java:run(108)) - bf55b3f9-6b09-4365-9d71-55289e083fa5@group-EFD1D20A002C-FollowerState: change to CANDIDATE, lastRpcTime:198ms, electionTimeout:198ms
2019-10-16 18:01:29,467 [Thread-2611] INFO  impl.RoleInfo (RoleInfo.java:shutdownFollowerState(121)) - bf55b3f9-6b09-4365-9d71-55289e083fa5: shutdown FollowerState
2019-10-16 18:01:29,468 [Thread-2611] INFO  impl.RaftServerImpl (RaftServerImpl.java:setRole(184)) - bf55b3f9-6b09-4365-9d71-55289e083fa5@group-EFD1D20A002C: changes role from  FOLLOWER to CANDIDATE at term 428 for changeToCandidate
2019-10-16 18:01:29,468 [Thread-2611] INFO  impl.RoleInfo (RoleInfo.java:updateAndGet(143)) - bf55b3f9-6b09-4365-9d71-55289e083fa5: start LeaderElection
2019-10-16 18:01:29,491 [bf55b3f9-6b09-4365-9d71-55289e083fa5@group-EFD1D20A002C-LeaderElection369] INFO  impl.LeaderElection (LeaderElection.java:askForVotes(178)) - bf55b3f9-6b09-4365-9d71-55289e083fa5@group-EFD1D20A002C-LeaderElection369: begin an election at term 429 for -1: [f4c54511-b161-4347-aec5-5236dc80a0d8:0.0.0.0:41238, 907b9765-214b-4864-b66a-d6e2a5789e5c:0.0.0.0:41650, bf55b3f9-6b09-4365-9d71-55289e083fa5:0.0.0.0:42441], old=null
2019-10-16 18:01:29,493 [grpc-default-executor-1] INFO  impl.RaftServerImpl (RaftServerImpl.java:setRole(184)) - f4c54511-b161-4347-aec5-5236dc80a0d8@group-EFD1D20A002C: changes role from  FOLLOWER to FOLLOWER at term 429 for recognizeCandidate:bf55b3f9-6b09-4365-9d71-55289e083fa5
2019-10-16 18:01:29,493 [grpc-default-executor-3] INFO  impl.RaftServerImpl (RaftServerImpl.java:setRole(184)) - 907b9765-214b-4864-b66a-d6e2a5789e5c@group-EFD1D20A002C: changes role from  FOLLOWER to FOLLOWER at term 429 for recognizeCandidate:bf55b3f9-6b09-4365-9d71-55289e083fa5
2019-10-16 18:01:29,493 [grpc-default-executor-1] INFO  impl.RoleInfo (RoleInfo.java:shutdownFollowerState(121)) - f4c54511-b161-4347-aec5-5236dc80a0d8: shutdown FollowerState
2019-10-16 18:01:29,493 [grpc-default-executor-3] INFO  impl.RoleInfo (RoleInfo.java:shutdownFollowerState(121)) - 907b9765-214b-4864-b66a-d6e2a5789e5c: shutdown FollowerState
2019-10-16 18:01:29,493 [Thread-2609] INFO  impl.FollowerState (FollowerState.java:run(117)) - f4c54511-b161-4347-aec5-5236dc80a0d8@group-EFD1D20A002C-FollowerState was interrupted: java.lang.InterruptedException: sleep interrupted
2019-10-16 18:01:29,493 [grpc-default-executor-1] INFO  impl.RoleInfo (RoleInfo.java:updateAndGet(143)) - f4c54511-b161-4347-aec5-5236dc80a0d8: start FollowerState
2019-10-16 18:01:29,493 [Thread-2610] INFO  impl.FollowerState (FollowerState.java:run(117)) - 907b9765-214b-4864-b66a-d6e2a5789e5c@group-EFD1D20A002C-FollowerState was interrupted: java.lang.InterruptedException: sleep interrupted
2019-10-16 18:01:29,493 [grpc-default-executor-3] INFO  impl.RoleInfo (RoleInfo.java:updateAndGet(143)) - 907b9765-214b-4864-b66a-d6e2a5789e5c: start FollowerState
2019-10-16 18:01:29,518 [bf55b3f9-6b09-4365-9d71-55289e083fa5@group-EFD1D20A002C-LeaderElection369] INFO  impl.LeaderElection (LeaderElection.java:logAndReturn(56)) - bf55b3f9-6b09-4365-9d71-55289e083fa5@group-EFD1D20A002C-LeaderElection369: Election REJECTED; received 2 response(s) [bf55b3f9-6b09-4365-9d71-55289e083fa5<-f4c54511-b161-4347-aec5-5236dc80a0d8#0:FAIL-t429, bf55b3f9-6b09-4365-9d71-55289e083fa5<-907b9765-214b-4864-b66a-d6e2a5789e5c#0:FAIL-t429] and 0 exception(s); bf55b3f9-6b09-4365-9d71-55289e083fa5@group-EFD1D20A002C:t429, leader=null, voted=bf55b3f9-6b09-4365-9d71-55289e083fa5, raftlog=bf55b3f9-6b09-4365-9d71-55289e083fa5@group-EFD1D20A002C-SegmentedRaftLog:OPENED:c-1,f-1,i0, conf=-1: [f4c54511-b161-4347-aec5-5236dc80a0d8:0.0.0.0:41238, 907b9765-214b-4864-b66a-d6e2a5789e5c:0.0.0.0:41650, bf55b3f9-6b09-4365-9d71-55289e083fa5:0.0.0.0:42441], old=null
2019-10-16 18:01:29,518 [bf55b3f9-6b09-4365-9d71-55289e083fa5@group-EFD1D20A002C-LeaderElection369] INFO  impl.RaftServerImpl (RaftServerImpl.java:setRole(184)) - bf55b3f9-6b09-4365-9d71-55289e083fa5@group-EFD1D20A002C: changes role from CANDIDATE to FOLLOWER at term 429 for DISCOVERED_A_NEW_TERM
2019-10-16 18:01:29,518 [bf55b3f9-6b09-4365-9d71-55289e083fa5@group-EFD1D20A002C-LeaderElection369] INFO  impl.RoleInfo (RoleInfo.java:shutdownLeaderElection(134)) - bf55b3f9-6b09-4365-9d71-55289e083fa5: shutdown LeaderElection
2019-10-16 18:01:29,518 [bf55b3f9-6b09-4365-9d71-55289e083fa5@group-EFD1D20A002C-LeaderElection369] INFO  impl.RoleInfo (RoleInfo.java:updateAndGet(143)) - bf55b3f9-6b09-4365-9d71-55289e083fa5: start FollowerState
2019-10-16 18:01:29,618 [Thread-2617] INFO  impl.FollowerState (FollowerState.java:run(108)) - bf55b3f9-6b09-4365-9d71-55289e083fa5@group-EFD1D20A002C-FollowerState: change to CANDIDATE, lastRpcTime:99ms, electionTimeout:99ms
2019-10-16 18:01:29,618 [Thread-2617] INFO  impl.RoleInfo (RoleInfo.java:shutdownFollowerState(121)) - bf55b3f9-6b09-4365-9d71-55289e083fa5: shutdown FollowerState
2019-10-16 18:01:29,618 [Thread-2617] INFO  impl.RaftServerImpl (RaftServerImpl.java:setRole(184)) - bf55b3f9-6b09-4365-9d71-55289e083fa5@group-EFD1D20A002C: changes role from  FOLLOWER to CANDIDATE at term 429 for changeToCandidate
2019-10-16 18:01:29,618 [Thread-2617] INFO  impl.RoleInfo (RoleInfo.java:updateAndGet(143)) - bf55b3f9-6b09-4365-9d71-55289e083fa5: start LeaderElection
2019-10-16 18:01:29,655 [bf55b3f9-6b09-4365-9d71-55289e083fa5@group-EFD1D20A002C-LeaderElection370] INFO  impl.LeaderElection (LeaderElection.java:askForVotes(178)) - bf55b3f9-6b09-4365-9d71-55289e083fa5@group-EFD1D20A002C-LeaderElection370: begin an election at term 430 for -1: [f4c54511-b161-4347-aec5-5236dc80a0d8:0.0.0.0:41238, 907b9765-214b-4864-b66a-d6e2a5789e5c:0.0.0.0:41650, bf55b3f9-6b09-4365-9d71-55289e083fa5:0.0.0.0:42441], old=null
2019-10-16 18:01:29,656 [grpc-default-executor-1] INFO  impl.RaftServerImpl (RaftServerImpl.java:setRole(184)) - f4c54511-b161-4347-aec5-5236dc80a0d8@group-EFD1D20A002C: changes role from  FOLLOWER to FOLLOWER at term 430 for recognizeCandidate:bf55b3f9-6b09-4365-9d71-55289e083fa5
2019-10-16 18:01:29,656 [grpc-default-executor-3] INFO  impl.RaftServerImpl (RaftServerImpl.java:setRole(184)) - 907b9765-214b-4864-b66a-d6e2a5789e5c@group-EFD1D20A002C: changes role from  FOLLOWER to FOLLOWER at term 430 for recognizeCandidate:bf55b3f9-6b09-4365-9d71-55289e083fa5
2019-10-16 18:01:29,656 [grpc-default-executor-1] INFO  impl.RoleInfo (RoleInfo.java:shutdownFollowerState(121)) - f4c54511-b161-4347-aec5-5236dc80a0d8: shutdown FollowerState
2019-10-16 18:01:29,656 [grpc-default-executor-3] INFO  impl.RoleInfo (RoleInfo.java:shutdownFollowerState(121)) - 907b9765-214b-4864-b66a-d6e2a5789e5c: shutdown FollowerState
2019-10-16 18:01:29,656 [Thread-2615] INFO  impl.FollowerState (FollowerState.java:run(117)) - f4c54511-b161-4347-aec5-5236dc80a0d8@group-EFD1D20A002C-FollowerState was interrupted: java.lang.InterruptedException: sleep interrupted
2019-10-16 18:01:29,656 [grpc-default-executor-1] INFO  impl.RoleInfo (RoleInfo.java:updateAndGet(143)) - f4c54511-b161-4347-aec5-5236dc80a0d8: start FollowerState
2019-10-16 18:01:29,657 [Thread-2616] INFO  impl.FollowerState (FollowerState.java:run(117)) - 907b9765-214b-4864-b66a-d6e2a5789e5c@group-EFD1D20A002C-FollowerState was interrupted: java.lang.InterruptedException: sleep interrupted
2019-10-16 18:01:29,657 [grpc-default-executor-3] INFO  impl.RoleInfo (RoleInfo.java:updateAndGet(143)) - 907b9765-214b-4864-b66a-d6e2a5789e5c: start FollowerState
2019-10-16 18:01:29,681 [bf55b3f9-6b09-4365-9d71-55289e083fa5@group-EFD1D20A002C-LeaderElection370] INFO  impl.LeaderElection (LeaderElection.java:logAndReturn(56)) - bf55b3f9-6b09-4365-9d71-55289e083fa5@group-EFD1D20A002C-LeaderElection370: Election REJECTED; received 2 response(s) [bf55b3f9-6b09-4365-9d71-55289e083fa5<-f4c54511-b161-4347-aec5-5236dc80a0d8#0:FAIL-t430, bf55b3f9-6b09-4365-9d71-55289e083fa5<-907b9765-214b-4864-b66a-d6e2a5789e5c#0:FAIL-t430] and 0 exception(s); bf55b3f9-6b09-4365-9d71-55289e083fa5@group-EFD1D20A002C:t430, leader=null, voted=bf55b3f9-6b09-4365-9d71-55289e083fa5, raftlog=bf55b3f9-6b09-4365-9d71-55289e083fa5@group-EFD1D20A002C-SegmentedRaftLog:OPENED:c-1,f-1,i0, conf=-1: [f4c54511-b161-4347-aec5-5236dc80a0d8:0.0.0.0:41238, 907b9765-214b-4864-b66a-d6e2a5789e5c:0.0.0.0:41650, bf55b3f9-6b09-4365-9d71-55289e083fa5:0.0.0.0:42441], old=null
2019-10-16 18:01:29,681 [bf55b3f9-6b09-4365-9d71-55289e083fa5@group-EFD1D20A002C-LeaderElection370] INFO  impl.RaftServerImpl (RaftServerImpl.java:setRole(184)) - bf55b3f9-6b09-4365-9d71-55289e083fa5@group-EFD1D20A002C: changes role from CANDIDATE to FOLLOWER at term 430 for DISCOVERED_A_NEW_TERM
2019-10-16 18:01:29,681 [bf55b3f9-6b09-4365-9d71-55289e083fa5@group-EFD1D20A002C-LeaderElection370] INFO  impl.RoleInfo (RoleInfo.java:shutdownLeaderElection(134)) - bf55b3f9-6b09-4365-9d71-55289e083fa5: shutdown LeaderElection
2019-10-16 18:01:29,681 [bf55b3f9-6b09-4365-9d71-55289e083fa5@group-EFD1D20A002C-LeaderElection370] INFO  impl.RoleInfo (RoleInfo.java:updateAndGet(143)) - bf55b3f9-6b09-4365-9d71-55289e083fa5: start FollowerState
2019-10-16 18:01:29,737 [Thread-2623] INFO  impl.FollowerState (FollowerState.java:run(108)) - bf55b3f9-6b09-4365-9d71-55289e083fa5@group-EFD1D20A002C-FollowerState: change to CANDIDATE, lastRpcTime:56ms, electionTimeout:56ms
2019-10-16 18:01:29,738 [Thread-2623] INFO  impl.RoleInfo (RoleInfo.java:shutdownFollowerState(121)) - bf55b3f9-6b09-4365-9d71-55289e083fa5: shutdown FollowerState
2019-10-16 18:01:29,738 [Thread-2623] INFO  impl.RaftServerImpl (RaftServerImpl.java:setRole(184)) - bf55b3f9-6b09-4365-9d71-55289e083fa5@group-EFD1D20A002C: changes role from  FOLLOWER to CANDIDATE at term 430 for changeToCandidate
2019-10-16 18:01:29,738 [Thread-2623] INFO  impl.RoleInfo (RoleInfo.java:updateAndGet(143)) - bf55b3f9-6b09-4365-9d71-55289e083fa5: start LeaderElection
2019-10-16 18:01:29,752 [bf55b3f9-6b09-4365-9d71-55289e083fa5@group-EFD1D20A002C-LeaderElection371] INFO  impl.LeaderElection (LeaderElection.java:askForVotes(178)) - bf55b3f9-6b09-4365-9d71-55289e083fa5@group-EFD1D20A002C-LeaderElection371: begin an election at term 431 for -1: [f4c54511-b161-4347-aec5-5236dc80a0d8:0.0.0.0:41238, 907b9765-214b-4864-b66a-d6e2a5789e5c:0.0.0.0:41650, bf55b3f9-6b09-4365-9d71-55289e083fa5:0.0.0.0:42441], old=null
2019-10-16 18:01:29,754 [grpc-default-executor-3] INFO  impl.RaftServerImpl (RaftServerImpl.java:setRole(184)) - f4c54511-b161-4347-aec5-5236dc80a0d8@group-EFD1D20A002C: changes role from  FOLLOWER to FOLLOWER at term 431 for recognizeCandidate:bf55b3f9-6b09-4365-9d71-55289e083fa5
2019-10-16 18:01:29,754 [grpc-default-executor-3] INFO  impl.RoleInfo (RoleInfo.java:shutdownFollowerState(121)) - f4c54511-b161-4347-aec5-5236dc80a0d8: shutdown FollowerState
2019-10-16 18:01:29,754 [grpc-default-executor-1] INFO  impl.RaftServerImpl (RaftServerImpl.java:setRole(184)) - 907b9765-214b-4864-b66a-d6e2a5789e5c@group-EFD1D20A002C: changes role from  FOLLOWER to FOLLOWER at term 431 for recognizeCandidate:bf55b3f9-6b09-4365-9d71-55289e083fa5
2019-10-16 18:01:29,754 [Thread-2621] INFO  impl.FollowerState (FollowerState.java:run(117)) - f4c54511-b161-4347-aec5-5236dc80a0d8@group-EFD1D20A002C-FollowerState was interrupted: java.lang.InterruptedException: sleep interrupted
2019-10-16 18:01:29,754 [grpc-default-executor-3] INFO  impl.RoleInfo (RoleInfo.java:updateAndGet(143)) - f4c54511-b161-4347-aec5-5236dc80a0d8: start FollowerState
2019-10-16 18:01:29,754 [grpc-default-executor-1] INFO  impl.RoleInfo (RoleInfo.java:shutdownFollowerState(121)) - 907b9765-214b-4864-b66a-d6e2a5789e5c: shutdown FollowerState
2019-10-16 18:01:29,754 [grpc-default-executor-1] INFO  impl.RoleInfo (RoleInfo.java:updateAndGet(143)) - 907b9765-214b-4864-b66a-d6e2a5789e5c: start FollowerState
2019-10-16 18:01:29,754 [Thread-2622] INFO  impl.FollowerState (FollowerState.java:run(117)) - 907b9765-214b-4864-b66a-d6e2a5789e5c@group-EFD1D20A002C-FollowerState was interrupted: java.lang.InterruptedException: sleep interrupted
2019-10-16 18:01:29,761 [bf55b3f9-6b09-4365-9d71-55289e083fa5@group-EFD1D20A002C-LeaderElection371] INFO  impl.LeaderElection (LeaderElection.java:logAndReturn(56)) - bf55b3f9-6b09-4365-9d71-55289e083fa5@group-EFD1D20A002C-LeaderElection371: Election TIMEOUT; received 0 response(s) [] and 0 exception(s); bf55b3f9-6b09-4365-9d71-55289e083fa5@group-EFD1D20A002C:t431, leader=null, voted=bf55b3f9-6b09-4365-9d71-55289e083fa5, raftlog=bf55b3f9-6b09-4365-9d71-55289e083fa5@group-EFD1D20A002C-SegmentedRaftLog:OPENED:c-1,f-1,i0, conf=-1: [f4c54511-b161-4347-aec5-5236dc80a0d8:0.0.0.0:41238, 907b9765-214b-4864-b66a-d6e2a5789e5c:0.0.0.0:41650, bf55b3f9-6b09-4365-9d71-55289e083fa5:0.0.0.0:42441], old=null
2019-10-16 18:01:29,789 [bf55b3f9-6b09-4365-9d71-55289e083fa5@group-EFD1D20A002C-LeaderElection371] INFO  impl.LeaderElection (LeaderElection.java:askForVotes(178)) - bf55b3f9-6b09-4365-9d71-55289e083fa5@group-EFD1D20A002C-LeaderElection371: begin an election at term 432 for -1: [f4c54511-b161-4347-aec5-5236dc80a0d8:0.0.0.0:41238, 907b9765-214b-4864-b66a-d6e2a5789e5c:0.0.0.0:41650, bf55b3f9-6b09-4365-9d71-55289e083fa5:0.0.0.0:42441], old=null
2019-10-16 18:01:29,791 [grpc-default-executor-3] INFO  impl.RaftServerImpl (RaftServerImpl.java:setRole(184)) - 907b9765-214b-4864-b66a-d6e2a5789e5c@group-EFD1D20A002C: changes role from  FOLLOWER to FOLLOWER at term 432 for recognizeCandidate:bf55b3f9-6b09-4365-9d71-55289e083fa5
2019-10-16 18:01:29,791 [grpc-default-executor-1] INFO  impl.RaftServerImpl (RaftServerImpl.java:setRole(184)) - f4c54511-b161-4347-aec5-5236dc80a0d8@group-EFD1D20A002C: changes role from  FOLLOWER to FOLLOWER at term 432 for recognizeCandidate:bf55b3f9-6b09-4365-9d71-55289e083fa5
2019-10-16 18:01:29,791 [grpc-default-executor-3] INFO  impl.RoleInfo (RoleInfo.java:shutdownFollowerState(121)) - 907b9765-214b-4864-b66a-d6e2a5789e5c: shutdown FollowerState
2019-10-16 18:01:29,791 [grpc-default-executor-1] INFO  impl.RoleInfo (RoleInfo.java:shutdownFollowerState(121)) - f4c54511-b161-4347-aec5-5236dc80a0d8: shutdown FollowerState
2019-10-16 18:01:29,791 [Thread-2628] INFO  impl.FollowerState (FollowerState.java:run(117)) - 907b9765-214b-4864-b66a-d6e2a5789e5c@group-EFD1D20A002C-FollowerState was interrupted: java.lang.InterruptedException: sleep interrupted
2019-10-16 18:01:29,791 [Thread-2627] INFO  impl.FollowerState (FollowerState.java:run(117)) - f4c54511-b161-4347-aec5-5236dc80a0d8@group-EFD1D20A002C-FollowerState was interrupted: java.lang.InterruptedException: sleep interrupted
2019-10-16 18:01:29,791 [grpc-default-executor-3] INFO  impl.RoleInfo (RoleInfo.java:updateAndGet(143)) - 907b9765-214b-4864-b66a-d6e2a5789e5c: start FollowerState
2019-10-16 18:01:29,791 [grpc-default-executor-1] INFO  impl.RoleInfo (RoleInfo.java:updateAndGet(143)) - f4c54511-b161-4347-aec5-5236dc80a0d8: start FollowerState
2019-10-16 18:01:29,829 [bf55b3f9-6b09-4365-9d71-55289e083fa5@group-EFD1D20A002C-LeaderElection371] INFO  impl.LeaderElection (LeaderElection.java:logAndReturn(56)) - bf55b3f9-6b09-4365-9d71-55289e083fa5@group-EFD1D20A002C-LeaderElection371: Election TIMEOUT; received 0 response(s) [] and 0 exception(s); bf55b3f9-6b09-4365-9d71-55289e083fa5@group-EFD1D20A002C:t432, leader=null, voted=bf55b3f9-6b09-4365-9d71-55289e083fa5, raftlog=bf55b3f9-6b09-4365-9d71-55289e083fa5@group-EFD1D20A002C-SegmentedRaftLog:OPENED:c-1,f-1,i0, conf=-1: [f4c54511-b161-4347-aec5-5236dc80a0d8:0.0.0.0:41238, 907b9765-214b-4864-b66a-d6e2a5789e5c:0.0.0.0:41650, bf55b3f9-6b09-4365-9d71-55289e083fa5:0.0.0.0:42441], old=null
2019-10-16 18:01:29,865 [bf55b3f9-6b09-4365-9d71-55289e083fa5@group-EFD1D20A002C-LeaderElection371] INFO  impl.LeaderElection (LeaderElection.java:askForVotes(178)) - bf55b3f9-6b09-4365-9d71-55289e083fa5@group-EFD1D20A002C-LeaderElection371: begin an election at term 433 for -1: [f4c54511-b161-4347-aec5-5236dc80a0d8:0.0.0.0:41238, 907b9765-214b-4864-b66a-d6e2a5789e5c:0.0.0.0:41650, bf55b3f9-6b09-4365-9d71-55289e083fa5:0.0.0.0:42441], old=null
2019-10-16 18:01:29,866 [grpc-default-executor-2] INFO  impl.RaftServerImpl (RaftServerImpl.java:setRole(184)) - f4c54511-b161-4347-aec5-5236dc80a0d8@group-EFD1D20A002C: changes role from  FOLLOWER to FOLLOWER at term 433 for recognizeCandidate:bf55b3f9-6b09-4365-9d71-55289e083fa5
2019-10-16 18:01:29,866 [grpc-default-executor-2] INFO  impl.RoleInfo (RoleInfo.java:shutdownFollowerState(121)) - f4c54511-b161-4347-aec5-5236dc80a0d8: shutdown FollowerState
2019-10-16 18:01:29,866 [grpc-default-executor-3] INFO  impl.RaftServerImpl (RaftServerImpl.java:setRole(184)) - 907b9765-214b-4864-b66a-d6e2a5789e5c@group-EFD1D20A002C: changes role from  FOLLOWER to FOLLOWER at term 433 for recognizeCandidate:bf55b3f9-6b09-4365-9d71-55289e083fa5
2019-10-16 18:01:29,866 [Thread-2632] INFO  impl.FollowerState (FollowerState.java:run(117)) - f4c54511-b161-4347-aec5-5236dc80a0d8@group-EFD1D20A002C-FollowerState was interrupted: java.lang.InterruptedException: sleep interrupted
2019-10-16 18:01:29,866 [grpc-default-executor-2] INFO  impl.RoleInfo (RoleInfo.java:updateAndGet(143)) - f4c54511-b161-4347-aec5-5236dc80a0d8: start FollowerState
2019-10-16 18:01:29,867 [grpc-default-executor-3] INFO  impl.RoleInfo (RoleInfo.java:shutdownFollowerState(121)) - 907b9765-214b-4864-b66a-d6e2a5789e5c: shutdown FollowerState
2019-10-16 18:01:29,867 [grpc-default-executor-3] INFO  impl.RoleInfo (RoleInfo.java:updateAndGet(143)) - 907b9765-214b-4864-b66a-d6e2a5789e5c: start FollowerState
2019-10-16 18:01:29,867 [Thread-2631] INFO  impl.FollowerState (FollowerState.java:run(117)) - 907b9765-214b-4864-b66a-d6e2a5789e5c@group-EFD1D20A002C-FollowerState was interrupted: java.lang.InterruptedException: sleep interrupted
2019-10-16 18:01:29,890 [bf55b3f9-6b09-4365-9d71-55289e083fa5@group-EFD1D20A002C-LeaderElection371] INFO  impl.LeaderElection (LeaderElection.java:logAndReturn(56)) - bf55b3f9-6b09-4365-9d71-55289e083fa5@group-EFD1D20A002C-LeaderElection371: Election REJECTED; received 2 response(s) [bf55b3f9-6b09-4365-9d71-55289e083fa5<-f4c54511-b161-4347-aec5-5236dc80a0d8#0:FAIL-t433, bf55b3f9-6b09-4365-9d71-55289e083fa5<-907b9765-214b-4864-b66a-d6e2a5789e5c#0:FAIL-t433] and 0 exception(s); bf55b3f9-6b09-4365-9d71-55289e083fa5@group-EFD1D20A002C:t433, leader=null, voted=bf55b3f9-6b09-4365-9d71-55289e083fa5, raftlog=bf55b3f9-6b09-4365-9d71-55289e083fa5@group-EFD1D20A002C-SegmentedRaftLog:OPENED:c-1,f-1,i0, conf=-1: [f4c54511-b161-4347-aec5-5236dc80a0d8:0.0.0.0:41238, 907b9765-214b-4864-b66a-d6e2a5789e5c:0.0.0.0:41650, bf55b3f9-6b09-4365-9d71-55289e083fa5:0.0.0.0:42441], old=null
2019-10-16 18:01:29,890 [bf55b3f9-6b09-4365-9d71-55289e083fa5@group-EFD1D20A002C-LeaderElection371] INFO  impl.RaftServerImpl (RaftServerImpl.java:setRole(184)) - bf55b3f9-6b09-4365-9d71-55289e083fa5@group-EFD1D20A002C: changes role from CANDIDATE to FOLLOWER at term 433 for DISCOVERED_A_NEW_TERM
2019-10-16 18:01:29,890 [bf55b3f9-6b09-4365-9d71-55289e083fa5@group-EFD1D20A002C-LeaderElection371] INFO  impl.RoleInfo (RoleInfo.java:shutdownLeaderElection(134)) - bf55b3f9-6b09-4365-9d71-55289e083fa5: shutdown LeaderElection
2019-10-16 18:01:29,890 [bf55b3f9-6b09-4365-9d71-55289e083fa5@group-EFD1D20A002C-LeaderElection371] INFO  impl.RoleInfo (RoleInfo.java:updateAndGet(143)) - bf55b3f9-6b09-4365-9d71-55289e083fa5: start FollowerState
2019-10-16 18:01:29,901 [Thread-2637] INFO  impl.FollowerState (FollowerState.java:run(108)) - bf55b3f9-6b09-4365-9d71-55289e083fa5@group-EFD1D20A002C-FollowerState: change to CANDIDATE, lastRpcTime:11ms, electionTimeout:11ms
2019-10-16 18:01:29,902 [Thread-2637] INFO  impl.RoleInfo (RoleInfo.java:shutdownFollowerState(121)) - bf55b3f9-6b09-4365-9d71-55289e083fa5: shutdown FollowerState
2019-10-16 18:01:29,902 [Thread-2637] INFO  impl.RaftServerImpl (RaftServerImpl.java:setRole(184)) - bf55b3f9-6b09-4365-9d71-55289e083fa5@group-EFD1D20A002C: changes role from  FOLLOWER to CANDIDATE at term 433 for changeToCandidate
2019-10-16 18:01:29,902 [Thread-2637] INFO  impl.RoleInfo (RoleInfo.java:updateAndGet(143)) - bf55b3f9-6b09-4365-9d71-55289e083fa5: start LeaderElection
2019-10-16 18:01:29,926 [bf55b3f9-6b09-4365-9d71-55289e083fa5@group-EFD1D20A002C-LeaderElection372] INFO  impl.LeaderElection (LeaderElection.java:askForVotes(178)) - bf55b3f9-6b09-4365-9d71-55289e083fa5@group-EFD1D20A002C-LeaderElection372: begin an election at term 434 for -1: [f4c54511-b161-4347-aec5-5236dc80a0d8:0.0.0.0:41238, 907b9765-214b-4864-b66a-d6e2a5789e5c:0.0.0.0:41650, bf55b3f9-6b09-4365-9d71-55289e083fa5:0.0.0.0:42441], old=null
2019-10-16 18:01:29,927 [grpc-default-executor-2] INFO  impl.RaftServerImpl (RaftServerImpl.java:setRole(184)) - f4c54511-b161-4347-aec5-5236dc80a0d8@group-EFD1D20A002C: changes role from  FOLLOWER to FOLLOWER at term 434 for recognizeCandidate:bf55b3f9-6b09-4365-9d71-55289e083fa5
2019-10-16 18:01:29,927 [grpc-default-executor-2] INFO  impl.RoleInfo (RoleInfo.java:shutdownFollowerState(121)) - f4c54511-b161-4347-aec5-5236dc80a0d8: shutdown FollowerState
2019-10-16 18:01:29,927 [grpc-default-executor-3] INFO  impl.RaftServerImpl (RaftServerImpl.java:setRole(184)) - 907b9765-214b-4864-b66a-d6e2a5789e5c@group-EFD1D20A002C: changes role from  FOLLOWER to FOLLOWER at term 434 for recognizeCandidate:bf55b3f9-6b09-4365-9d71-55289e083fa5
2019-10-16 18:01:29,927 [Thread-2635] INFO  impl.FollowerState (FollowerState.java:run(117)) - f4c54511-b161-4347-aec5-5236dc80a0d8@group-EFD1D20A002C-FollowerState was interrupted: java.lang.InterruptedException: sleep interrupted
2019-10-16 18:01:29,927 [grpc-default-executor-2] INFO  impl.RoleInfo (RoleInfo.java:updateAndGet(143)) - f4c54511-b161-4347-aec5-5236dc80a0d8: start FollowerState
2019-10-16 18:01:29,928 [grpc-default-executor-3] INFO  impl.RoleInfo (RoleInfo.java:shutdownFollowerState(121)) - 907b9765-214b-4864-b66a-d6e2a5789e5c: shutdown FollowerState
2019-10-16 18:01:29,928 [grpc-default-executor-3] INFO  impl.RoleInfo (RoleInfo.java:updateAndGet(143)) - 907b9765-214b-4864-b66a-d6e2a5789e5c: start FollowerState
2019-10-16 18:01:29,928 [Thread-2636] INFO  impl.FollowerState (FollowerState.java:run(117)) - 907b9765-214b-4864-b66a-d6e2a5789e5c@group-EFD1D20A002C-FollowerState was interrupted: java.lang.InterruptedException: sleep interrupted
2019-10-16 18:01:29,949 [bf55b3f9-6b09-4365-9d71-55289e083fa5@group-EFD1D20A002C-LeaderElection372] INFO  impl.LeaderElection (LeaderElection.java:logAndReturn(56)) - bf55b3f9-6b09-4365-9d71-55289e083fa5@group-EFD1D20A002C-LeaderElection372: Election REJECTED; received 2 response(s) [bf55b3f9-6b09-4365-9d71-55289e083fa5<-f4c54511-b161-4347-aec5-5236dc80a0d8#0:FAIL-t434, bf55b3f9-6b09-4365-9d71-55289e083fa5<-907b9765-214b-4864-b66a-d6e2a5789e5c#0:FAIL-t434] and 0 exception(s); bf55b3f9-6b09-4365-9d71-55289e083fa5@group-EFD1D20A002C:t434, leader=null, voted=bf55b3f9-6b09-4365-9d71-55289e083fa5, raftlog=bf55b3f9-6b09-4365-9d71-55289e083fa5@group-EFD1D20A002C-SegmentedRaftLog:OPENED:c-1,f-1,i0, conf=-1: [f4c54511-b161-4347-aec5-5236dc80a0d8:0.0.0.0:41238, 907b9765-214b-4864-b66a-d6e2a5789e5c:0.0.0.0:41650, bf55b3f9-6b09-4365-9d71-55289e083fa5:0.0.0.0:42441], old=null
2019-10-16 18:01:29,949 [bf55b3f9-6b09-4365-9d71-55289e083fa5@group-EFD1D20A002C-LeaderElection372] INFO  impl.RaftServerImpl (RaftServerImpl.java:setRole(184)) - bf55b3f9-6b09-4365-9d71-55289e083fa5@group-EFD1D20A002C: changes role from CANDIDATE to FOLLOWER at term 434 for DISCOVERED_A_NEW_TERM
2019-10-16 18:01:29,949 [bf55b3f9-6b09-4365-9d71-55289e083fa5@group-EFD1D20A002C-LeaderElection372] INFO  impl.RoleInfo (RoleInfo.java:shutdownLeaderElection(134)) - bf55b3f9-6b09-4365-9d71-55289e083fa5: shutdown LeaderElection
2019-10-16 18:01:29,949 [bf55b3f9-6b09-4365-9d71-55289e083fa5@group-EFD1D20A002C-LeaderElection372] INFO  impl.RoleInfo (RoleInfo.java:updateAndGet(143)) - bf55b3f9-6b09-4365-9d71-55289e083fa5: start FollowerState
2019-10-16 18:01:30,076 [Thread-2643] INFO  impl.FollowerState (FollowerState.java:run(108)) - bf55b3f9-6b09-4365-9d71-55289e083fa5@group-EFD1D20A002C-FollowerState: change to CANDIDATE, lastRpcTime:127ms, electionTimeout:127ms
2019-10-16 18:01:30,077 [Thread-2643] INFO  impl.RoleInfo (RoleInfo.java:shutdownFollowerState(121)) - bf55b3f9-6b09-4365-9d71-55289e083fa5: shutdown FollowerState
2019-10-16 18:01:30,077 [Thread-2643] INFO  impl.RaftServerImpl (RaftServerImpl.java:setRole(184)) - bf55b3f9-6b09-4365-9d71-55289e083fa5@group-EFD1D20A002C: changes role from  FOLLOWER to CANDIDATE at term 434 for changeToCandidate
2019-10-16 18:01:30,077 [Thread-2643] INFO  impl.RoleInfo (RoleInfo.java:updateAndGet(143)) - bf55b3f9-6b09-4365-9d71-55289e083fa5: start LeaderElection
2019-10-16 18:01:30,607 [bf55b3f9-6b09-4365-9d71-55289e083fa5@group-EFD1D20A002C-LeaderElection373] INFO  impl.LeaderElection (LeaderElection.java:askForVotes(178)) - bf55b3f9-6b09-4365-9d71-55289e083fa5@group-EFD1D20A002C-LeaderElection373: begin an election at term 435 for -1: [f4c54511-b161-4347-aec5-5236dc80a0d8:0.0.0.0:41238, 907b9765-214b-4864-b66a-d6e2a5789e5c:0.0.0.0:41650, bf55b3f9-6b09-4365-9d71-55289e083fa5:0.0.0.0:42441], old=null
2019-10-16 18:01:30,610 [grpc-default-executor-2] INFO  impl.RaftServerImpl (RaftServerImpl.java:setRole(184)) - f4c54511-b161-4347-aec5-5236dc80a0d8@group-EFD1D20A002C: changes role from  FOLLOWER to FOLLOWER at term 435 for recognizeCandidate:bf55b3f9-6b09-4365-9d71-55289e083fa5
2019-10-16 18:01:30,610 [grpc-default-executor-3] INFO  impl.RaftServerImpl (RaftServerImpl.java:setRole(184)) - 907b9765-214b-4864-b66a-d6e2a5789e5c@group-EFD1D20A002C: changes role from  FOLLOWER to FOLLOWER at term 435 for recognizeCandidate:bf55b3f9-6b09-4365-9d71-55289e083fa5
2019-10-16 18:01:30,610 [grpc-default-executor-3] INFO  impl.RoleInfo (RoleInfo.java:shutdownFollowerState(121)) - 907b9765-214b-4864-b66a-d6e2a5789e5c: shutdown FollowerState
2019-10-16 18:01:30,610 [grpc-default-executor-2] INFO  impl.RoleInfo (RoleInfo.java:shutdownFollowerState(121)) - f4c54511-b161-4347-aec5-5236dc80a0d8: shutdown FollowerState
2019-10-16 18:01:30,611 [grpc-default-executor-3] INFO  impl.RoleInfo (RoleInfo.java:updateAndGet(143)) - 907b9765-214b-4864-b66a-d6e2a5789e5c: start FollowerState
2019-10-16 18:01:30,611 [Thread-2641] INFO  impl.FollowerState (FollowerState.java:run(117)) - f4c54511-b161-4347-aec5-5236dc80a0d8@group-EFD1D20A002C-FollowerState was interrupted: java.lang.InterruptedException: sleep interrupted
2019-10-16 18:01:30,611 [Thread-2642] INFO  impl.FollowerState (FollowerState.java:run(117)) - 907b9765-214b-4864-b66a-d6e2a5789e5c@group-EFD1D20A002C-FollowerState was interrupted: java.lang.InterruptedException: sleep interrupted
2019-10-16 18:01:30,611 [grpc-default-executor-2] INFO  impl.RoleInfo (RoleInfo.java:updateAndGet(143)) - f4c54511-b161-4347-aec5-5236dc80a0d8: start FollowerState
2019-10-16 18:01:30,638 [bf55b3f9-6b09-4365-9d71-55289e083fa5@group-EFD1D20A002C-LeaderElection373] INFO  impl.LeaderElection (LeaderElection.java:logAndReturn(56)) - bf55b3f9-6b09-4365-9d71-55289e083fa5@group-EFD1D20A002C-LeaderElection373: Election REJECTED; received 2 response(s) [bf55b3f9-6b09-4365-9d71-55289e083fa5<-f4c54511-b161-4347-aec5-5236dc80a0d8#0:FAIL-t435, bf55b3f9-6b09-4365-9d71-55289e083fa5<-907b9765-214b-4864-b66a-d6e2a5789e5c#0:FAIL-t435] and 0 exception(s); bf55b3f9-6b09-4365-9d71-55289e083fa5@group-EFD1D20A002C:t435, leader=null, voted=bf55b3f9-6b09-4365-9d71-55289e083fa5, raftlog=bf55b3f9-6b09-4365-9d71-55289e083fa5@group-EFD1D20A002C-SegmentedRaftLog:OPENED:c-1,f-1,i0, conf=-1: [f4c54511-b161-4347-aec5-5236dc80a0d8:0.0.0.0:41238, 907b9765-214b-4864-b66a-d6e2a5789e5c:0.0.0.0:41650, bf55b3f9-6b09-4365-9d71-55289e083fa5:0.0.0.0:42441], old=null
2019-10-16 18:01:30,638 [bf55b3f9-6b09-4365-9d71-55289e083fa5@group-EFD1D20A002C-LeaderElection373] INFO  impl.RaftServerImpl (RaftServerImpl.java:setRole(184)) - bf55b3f9-6b09-4365-9d71-55289e083fa5@group-EFD1D20A002C: changes role from CANDIDATE to FOLLOWER at term 435 for DISCOVERED_A_NEW_TERM
2019-10-16 18:01:30,638 [bf55b3f9-6b09-4365-9d71-55289e083fa5@group-EFD1D20A002C-LeaderElection373] INFO  impl.RoleInfo (RoleInfo.java:shutdownLeaderElection(134)) - bf55b3f9-6b09-4365-9d71-55289e083fa5: shutdown LeaderElection
2019-10-16 18:01:30,638 [bf55b3f9-6b09-4365-9d71-55289e083fa5@group-EFD1D20A002C-LeaderElection373] INFO  impl.RoleInfo (RoleInfo.java:updateAndGet(143)) - bf55b3f9-6b09-4365-9d71-55289e083fa5: start FollowerState
2019-10-16 18:01:30,825 [Thread-2651] INFO  impl.FollowerState (FollowerState.java:run(108)) - bf55b3f9-6b09-4365-9d71-55289e083fa5@group-EFD1D20A002C-FollowerState: change to CANDIDATE, lastRpcTime:187ms, electionTimeout:187ms
2019-10-16 18:01:30,825 [Thread-2651] INFO  impl.RoleInfo (RoleInfo.java:shutdownFollowerState(121)) - bf55b3f9-6b09-4365-9d71-55289e083fa5: shutdown FollowerState
2019-10-16 18:01:30,826 [Thread-2651] INFO  impl.RaftServerImpl (RaftServerImpl.java:setRole(184)) - bf55b3f9-6b09-4365-9d71-55289e083fa5@group-EFD1D20A002C: changes role from  FOLLOWER to CANDIDATE at term 435 for changeToCandidate
2019-10-16 18:01:30,826 [Thread-2651] INFO  impl.RoleInfo (RoleInfo.java:updateAndGet(143)) - bf55b3f9-6b09-4365-9d71-55289e083fa5: start LeaderElection
2019-10-16 18:01:30,841 [bf55b3f9-6b09-4365-9d71-55289e083fa5@group-EFD1D20A002C-LeaderElection374] INFO  impl.LeaderElection (LeaderElection.java:askForVotes(178)) - bf55b3f9-6b09-4365-9d71-55289e083fa5@group-EFD1D20A002C-LeaderElection374: begin an election at term 436 for -1: [f4c54511-b161-4347-aec5-5236dc80a0d8:0.0.0.0:41238, 907b9765-214b-4864-b66a-d6e2a5789e5c:0.0.0.0:41650, bf55b3f9-6b09-4365-9d71-55289e083fa5:0.0.0.0:42441], old=null
2019-10-16 18:01:30,842 [grpc-default-executor-3] INFO  impl.RaftServerImpl (RaftServerImpl.java:setRole(184)) - 907b9765-214b-4864-b66a-d6e2a5789e5c@group-EFD1D20A002C: changes role from  FOLLOWER to FOLLOWER at term 436 for recognizeCandidate:bf55b3f9-6b09-4365-9d71-55289e083fa5
2019-10-16 18:01:30,842 [grpc-default-executor-3] INFO  impl.RoleInfo (RoleInfo.java:shutdownFollowerState(121)) - 907b9765-214b-4864-b66a-d6e2a5789e5c: shutdown FollowerState
2019-10-16 18:01:30,843 [grpc-default-executor-2] INFO  impl.RaftServerImpl (RaftServerImpl.java:setRole(184)) - f4c54511-b161-4347-aec5-5236dc80a0d8@group-EFD1D20A002C: changes role from  FOLLOWER to FOLLOWER at term 436 for recognizeCandidate:bf55b3f9-6b09-4365-9d71-55289e083fa5
2019-10-16 18:01:30,843 [grpc-default-executor-2] INFO  impl.RoleInfo (RoleInfo.java:shutdownFollowerState(121)) - f4c54511-b161-4347-aec5-5236dc80a0d8: shutdown FollowerState
2019-10-16 18:01:30,843 [Thread-2649] INFO  impl.FollowerState (FollowerState.java:run(117)) - 907b9765-214b-4864-b66a-d6e2a5789e5c@group-EFD1D20A002C-FollowerState was interrupted: java.lang.InterruptedException: sleep interrupted
2019-10-16 18:01:30,843 [grpc-default-executor-3] INFO  impl.RoleInfo (RoleInfo.java:updateAndGet(143)) - 907b9765-214b-4864-b66a-d6e2a5789e5c: start FollowerState
2019-10-16 18:01:30,843 [Thread-2650] INFO  impl.FollowerState (FollowerState.java:run(117)) - f4c54511-b161-4347-aec5-5236dc80a0d8@group-EFD1D20A002C-FollowerState was interrupted: java.lang.InterruptedException: sleep interrupted
2019-10-16 18:01:30,843 [grpc-default-executor-2] INFO  impl.RoleInfo (RoleInfo.java:updateAndGet(143)) - f4c54511-b161-4347-aec5-5236dc80a0d8: start FollowerState
2019-10-16 18:01:30,874 [bf55b3f9-6b09-4365-9d71-55289e083fa5@group-EFD1D20A002C-LeaderElection374] INFO  impl.LeaderElection (LeaderElection.java:logAndReturn(56)) - bf55b3f9-6b09-4365-9d71-55289e083fa5@group-EFD1D20A002C-LeaderElection374: Election REJECTED; received 2 response(s) [bf55b3f9-6b09-4365-9d71-55289e083fa5<-f4c54511-b161-4347-aec5-5236dc80a0d8#0:FAIL-t436, bf55b3f9-6b09-4365-9d71-55289e083fa5<-907b9765-214b-4864-b66a-d6e2a5789e5c#0:FAIL-t436] and 0 exception(s); bf55b3f9-6b09-4365-9d71-55289e083fa5@group-EFD1D20A002C:t436, leader=null, voted=bf55b3f9-6b09-4365-9d71-55289e083fa5, raftlog=bf55b3f9-6b09-4365-9d71-55289e083fa5@group-EFD1D20A002C-SegmentedRaftLog:OPENED:c-1,f-1,i0, conf=-1: [f4c54511-b161-4347-aec5-5236dc80a0d8:0.0.0.0:41238, 907b9765-214b-4864-b66a-d6e2a5789e5c:0.0.0.0:41650, bf55b3f9-6b09-4365-9d71-55289e083fa5:0.0.0.0:42441], old=null
2019-10-16 18:01:30,874 [bf55b3f9-6b09-4365-9d71-55289e083fa5@group-EFD1D20A002C-LeaderElection374] INFO  impl.RaftServerImpl (RaftServerImpl.java:setRole(184)) - bf55b3f9-6b09-4365-9d71-55289e083fa5@group-EFD1D20A002C: changes role from CANDIDATE to FOLLOWER at term 436 for DISCOVERED_A_NEW_TERM
2019-10-16 18:01:30,875 [bf55b3f9-6b09-4365-9d71-55289e083fa5@group-EFD1D20A002C-LeaderElection374] INFO  impl.RoleInfo (RoleInfo.java:shutdownLeaderElection(134)) - bf55b3f9-6b09-4365-9d71-55289e083fa5: shutdown LeaderElection
2019-10-16 18:01:30,875 [bf55b3f9-6b09-4365-9d71-55289e083fa5@group-EFD1D20A002C-LeaderElection374] INFO  impl.RoleInfo (RoleInfo.java:updateAndGet(143)) - bf55b3f9-6b09-4365-9d71-55289e083fa5: start FollowerState
2019-10-16 18:01:30,949 [Thread-2657] INFO  impl.FollowerState (FollowerState.java:run(108)) - bf55b3f9-6b09-4365-9d71-55289e083fa5@group-EFD1D20A002C-FollowerState: change to CANDIDATE, lastRpcTime:74ms, electionTimeout:74ms
2019-10-16 18:01:30,949 [Thread-2657] INFO  impl.RoleInfo (RoleInfo.java:shutdownFollowerState(121)) - bf55b3f9-6b09-4365-9d71-55289e083fa5: shutdown FollowerState
2019-10-16 18:01:30,949 [Thread-2657] INFO  impl.RaftServerImpl (RaftServerImpl.java:setRole(184)) - bf55b3f9-6b09-4365-9d71-55289e083fa5@group-EFD1D20A002C: changes role from  FOLLOWER to CANDIDATE at term 436 for changeToCandidate
2019-10-16 18:01:30,949 [Thread-2657] INFO  impl.RoleInfo (RoleInfo.java:updateAndGet(143)) - bf55b3f9-6b09-4365-9d71-55289e083fa5: start LeaderElection
2019-10-16 18:01:30,965 [bf55b3f9-6b09-4365-9d71-55289e083fa5@group-EFD1D20A002C-LeaderElection375] INFO  impl.LeaderElection (LeaderElection.java:askForVotes(178)) - bf55b3f9-6b09-4365-9d71-55289e083fa5@group-EFD1D20A002C-LeaderElection375: begin an election at term 437 for -1: [f4c54511-b161-4347-aec5-5236dc80a0d8:0.0.0.0:41238, 907b9765-214b-4864-b66a-d6e2a5789e5c:0.0.0.0:41650, bf55b3f9-6b09-4365-9d71-55289e083fa5:0.0.0.0:42441], old=null
2019-10-16 18:01:30,967 [grpc-default-executor-2] INFO  impl.RaftServerImpl (RaftServerImpl.java:setRole(184)) - 907b9765-214b-4864-b66a-d6e2a5789e5c@group-EFD1D20A002C: changes role from  FOLLOWER to FOLLOWER at term 437 for recognizeCandidate:bf55b3f9-6b09-4365-9d71-55289e083fa5
2019-10-16 18:01:30,967 [grpc-default-executor-2] INFO  impl.RoleInfo (RoleInfo.java:shutdownFollowerState(121)) - 907b9765-214b-4864-b66a-d6e2a5789e5c: shutdown FollowerState
2019-10-16 18:01:30,967 [grpc-default-executor-3] INFO  impl.RaftServerImpl (RaftServerImpl.java:setRole(184)) - f4c54511-b161-4347-aec5-5236dc80a0d8@group-EFD1D20A002C: changes role from  FOLLOWER to FOLLOWER at term 437 for recognizeCandidate:bf55b3f9-6b09-4365-9d71-55289e083fa5
2019-10-16 18:01:30,968 [grpc-default-executor-3] INFO  impl.RoleInfo (RoleInfo.java:shutdownFollowerState(121)) - f4c54511-b161-4347-aec5-5236dc80a0d8: shutdown FollowerState
2019-10-16 18:01:30,968 [Thread-2655] INFO  impl.FollowerState (FollowerState.java:run(117)) - 907b9765-214b-4864-b66a-d6e2a5789e5c@group-EFD1D20A002C-FollowerState was interrupted: java.lang.InterruptedException: sleep interrupted
2019-10-16 18:01:30,968 [Thread-2656] INFO  impl.FollowerState (FollowerState.java:run(117)) - f4c54511-b161-4347-aec5-5236dc80a0d8@group-EFD1D20A002C-FollowerState was interrupted: java.lang.InterruptedException: sleep interrupted
2019-10-16 18:01:30,967 [grpc-default-executor-2] INFO  impl.RoleInfo (RoleInfo.java:updateAndGet(143)) - 907b9765-214b-4864-b66a-d6e2a5789e5c: start FollowerState
2019-10-16 18:01:30,968 [grpc-default-executor-3] INFO  impl.RoleInfo (RoleInfo.java:updateAndGet(143)) - f4c54511-b161-4347-aec5-5236dc80a0d8: start FollowerState
2019-10-16 18:01:30,992 [bf55b3f9-6b09-4365-9d71-55289e083fa5@group-EFD1D20A002C-LeaderElection375] INFO  impl.LeaderElection (LeaderElection.java:logAndReturn(56)) - bf55b3f9-6b09-4365-9d71-55289e083fa5@group-EFD1D20A002C-LeaderElection375: Election REJECTED; received 2 response(s) [bf55b3f9-6b09-4365-9d71-55289e083fa5<-f4c54511-b161-4347-aec5-5236dc80a0d8#0:FAIL-t437, bf55b3f9-6b09-4365-9d71-55289e083fa5<-907b9765-214b-4864-b66a-d6e2a5789e5c#0:FAIL-t437] and 0 exception(s); bf55b3f9-6b09-4365-9d71-55289e083fa5@group-EFD1D20A002C:t437, leader=null, voted=bf55b3f9-6b09-4365-9d71-55289e083fa5, raftlog=bf55b3f9-6b09-4365-9d71-55289e083fa5@group-EFD1D20A002C-SegmentedRaftLog:OPENED:c-1,f-1,i0, conf=-1: [f4c54511-b161-4347-aec5-5236dc80a0d8:0.0.0.0:41238, 907b9765-214b-4864-b66a-d6e2a5789e5c:0.0.0.0:41650, bf55b3f9-6b09-4365-9d71-55289e083fa5:0.0.0.0:42441], old=null
2019-10-16 18:01:30,992 [bf55b3f9-6b09-4365-9d71-55289e083fa5@group-EFD1D20A002C-LeaderElection375] INFO  impl.RaftServerImpl (RaftServerImpl.java:setRole(184)) - bf55b3f9-6b09-4365-9d71-55289e083fa5@group-EFD1D20A002C: changes role from CANDIDATE to FOLLOWER at term 437 for DISCOVERED_A_NEW_TERM
2019-10-16 18:01:30,992 [bf55b3f9-6b09-4365-9d71-55289e083fa5@group-EFD1D20A002C-LeaderElection375] INFO  impl.RoleInfo (RoleInfo.java:shutdownLeaderElection(134)) - bf55b3f9-6b09-4365-9d71-55289e083fa5: shutdown LeaderElection
2019-10-16 18:01:30,992 [bf55b3f9-6b09-4365-9d71-55289e083fa5@group-EFD1D20A002C-LeaderElection375] INFO  impl.RoleInfo (RoleInfo.java:updateAndGet(143)) - bf55b3f9-6b09-4365-9d71-55289e083fa5: start FollowerState
2019-10-16 18:01:31,174 [Thread-2663] INFO  impl.FollowerState (FollowerState.java:run(108)) - bf55b3f9-6b09-4365-9d71-55289e083fa5@group-EFD1D20A002C-FollowerState: change to CANDIDATE, lastRpcTime:181ms, electionTimeout:181ms
2019-10-16 18:01:31,174 [Thread-2663] INFO  impl.RoleInfo (RoleInfo.java:shutdownFollowerState(121)) - bf55b3f9-6b09-4365-9d71-55289e083fa5: shutdown FollowerState
2019-10-16 18:01:31,174 [Thread-2663] INFO  impl.RaftServerImpl (RaftServerImpl.java:setRole(184)) - bf55b3f9-6b09-4365-9d71-55289e083fa5@group-EFD1D20A002C: changes role from  FOLLOWER to CANDIDATE at term 437 for changeToCandidate
2019-10-16 18:01:31,174 [Thread-2663] INFO  impl.RoleInfo (RoleInfo.java:updateAndGet(143)) - bf55b3f9-6b09-4365-9d71-55289e083fa5: start LeaderElection
2019-10-16 18:01:31,194 [bf55b3f9-6b09-4365-9d71-55289e083fa5@group-EFD1D20A002C-LeaderElection376] INFO  impl.LeaderElection (LeaderElection.java:askForVotes(178)) - bf55b3f9-6b09-4365-9d71-55289e083fa5@group-EFD1D20A002C-LeaderElection376: begin an election at term 438 for -1: [f4c54511-b161-4347-aec5-5236dc80a0d8:0.0.0.0:41238, 907b9765-214b-4864-b66a-d6e2a5789e5c:0.0.0.0:41650, bf55b3f9-6b09-4365-9d71-55289e083fa5:0.0.0.0:42441], old=null
2019-10-16 18:01:31,195 [grpc-default-executor-3] INFO  impl.RaftServerImpl (RaftServerImpl.java:setRole(184)) - 907b9765-214b-4864-b66a-d6e2a5789e5c@group-EFD1D20A002C: changes role from  FOLLOWER to FOLLOWER at term 438 for recognizeCandidate:bf55b3f9-6b09-4365-9d71-55289e083fa5
2019-10-16 18:01:31,195 [grpc-default-executor-2] INFO  impl.RaftServerImpl (RaftServerImpl.java:setRole(184)) - f4c54511-b161-4347-aec5-5236dc80a0d8@group-EFD1D20A002C: changes role from  FOLLOWER to FOLLOWER at term 438 for recognizeCandidate:bf55b3f9-6b09-4365-9d71-55289e083fa5
2019-10-16 18:01:31,195 [grpc-default-executor-3] INFO  impl.RoleInfo (RoleInfo.java:shutdownFollowerState(121)) - 907b9765-214b-4864-b66a-d6e2a5789e5c: shutdown FollowerState
2019-10-16 18:01:31,195 [grpc-default-executor-2] INFO  impl.RoleInfo (RoleInfo.java:shutdownFollowerState(121)) - f4c54511-b161-4347-aec5-5236dc80a0d8: shutdown FollowerState
2019-10-16 18:01:31,195 [Thread-2661] INFO  impl.FollowerState (FollowerState.java:run(117)) - 907b9765-214b-4864-b66a-d6e2a5789e5c@group-EFD1D20A002C-FollowerState was interrupted: java.lang.InterruptedException: sleep interrupted
2019-10-16 18:01:31,195 [grpc-default-executor-3] INFO  impl.RoleInfo (RoleInfo.java:updateAndGet(143)) - 907b9765-214b-4864-b66a-d6e2a5789e5c: start FollowerState
2019-10-16 18:01:31,195 [Thread-2662] INFO  impl.FollowerState (FollowerState.java:run(117)) - f4c54511-b161-4347-aec5-5236dc80a0d8@group-EFD1D20A002C-FollowerState was interrupted: java.lang.InterruptedException: sleep interrupted
2019-10-16 18:01:31,195 [grpc-default-executor-2] INFO  impl.RoleInfo (RoleInfo.java:updateAndGet(143)) - f4c54511-b161-4347-aec5-5236dc80a0d8: start FollowerState
2019-10-16 18:01:31,205 [bf55b3f9-6b09-4365-9d71-55289e083fa5@group-EFD1D20A002C-LeaderElection376] INFO  impl.LeaderElection (LeaderElection.java:logAndReturn(56)) - bf55b3f9-6b09-4365-9d71-55289e083fa5@group-EFD1D20A002C-LeaderElection376: Election REJECTED; received 2 response(s) [bf55b3f9-6b09-4365-9d71-55289e083fa5<-f4c54511-b161-4347-aec5-5236dc80a0d8#0:FAIL-t438, bf55b3f9-6b09-4365-9d71-55289e083fa5<-907b9765-214b-4864-b66a-d6e2a5789e5c#0:FAIL-t438] and 0 exception(s); bf55b3f9-6b09-4365-9d71-55289e083fa5@group-EFD1D20A002C:t438, leader=null, voted=bf55b3f9-6b09-4365-9d71-55289e083fa5, raftlog=bf55b3f9-6b09-4365-9d71-55289e083fa5@group-EFD1D20A002C-SegmentedRaftLog:OPENED:c-1,f-1,i0, conf=-1: [f4c54511-b161-4347-aec5-5236dc80a0d8:0.0.0.0:41238, 907b9765-214b-4864-b66a-d6e2a5789e5c:0.0.0.0:41650, bf55b3f9-6b09-4365-9d71-55289e083fa5:0.0.0.0:42441], old=null
2019-10-16 18:01:31,205 [bf55b3f9-6b09-4365-9d71-55289e083fa5@group-EFD1D20A002C-LeaderElection376] INFO  impl.RaftServerImpl (RaftServerImpl.java:setRole(184)) - bf55b3f9-6b09-4365-9d71-55289e083fa5@group-EFD1D20A002C: changes role from CANDIDATE to FOLLOWER at term 438 for DISCOVERED_A_NEW_TERM
2019-10-16 18:01:31,205 [bf55b3f9-6b09-4365-9d71-55289e083fa5@group-EFD1D20A002C-LeaderElection376] INFO  impl.RoleInfo (RoleInfo.java:shutdownLeaderElection(134)) - bf55b3f9-6b09-4365-9d71-55289e083fa5: shutdown LeaderElection
2019-10-16 18:01:31,205 [bf55b3f9-6b09-4365-9d71-55289e083fa5@group-EFD1D20A002C-LeaderElection376] INFO  impl.RoleInfo (RoleInfo.java:updateAndGet(143)) - bf55b3f9-6b09-4365-9d71-55289e083fa5: start FollowerState
2019-10-16 18:01:31,274 [Thread-2671] INFO  impl.FollowerState (FollowerState.java:run(108)) - bf55b3f9-6b09-4365-9d71-55289e083fa5@group-EFD1D20A002C-FollowerState: change to CANDIDATE, lastRpcTime:68ms, electionTimeout:68ms
2019-10-16 18:01:31,274 [Thread-2671] INFO  impl.RoleInfo (RoleInfo.java:shutdownFollowerState(121)) - bf55b3f9-6b09-4365-9d71-55289e083fa5: shutdown FollowerState
2019-10-16 18:01:31,274 [Thread-2671] INFO  impl.RaftServerImpl (RaftServerImpl.java:setRole(184)) - bf55b3f9-6b09-4365-9d71-55289e083fa5@group-EFD1D20A002C: changes role from  FOLLOWER to CANDIDATE at term 438 for changeToCandidate
2019-10-16 18:01:31,274 [Thread-2671] INFO  impl.RoleInfo (RoleInfo.java:updateAndGet(143)) - bf55b3f9-6b09-4365-9d71-55289e083fa5: start LeaderElection
2019-10-16 18:01:31,297 [bf55b3f9-6b09-4365-9d71-55289e083fa5@group-EFD1D20A002C-LeaderElection377] INFO  impl.LeaderElection (LeaderElection.java:askForVotes(178)) - bf55b3f9-6b09-4365-9d71-55289e083fa5@group-EFD1D20A002C-LeaderElection377: begin an election at term 439 for -1: [f4c54511-b161-4347-aec5-5236dc80a0d8:0.0.0.0:41238, 907b9765-214b-4864-b66a-d6e2a5789e5c:0.0.0.0:41650, bf55b3f9-6b09-4365-9d71-55289e083fa5:0.0.0.0:42441], old=null
2019-10-16 18:01:31,299 [grpc-default-executor-2] INFO  impl.RaftServerImpl (RaftServerImpl.java:setRole(184)) - f4c54511-b161-4347-aec5-5236dc80a0d8@group-EFD1D20A002C: changes role from  FOLLOWER to FOLLOWER at term 439 for recognizeCandidate:bf55b3f9-6b09-4365-9d71-55289e083fa5
2019-10-16 18:01:31,299 [grpc-default-executor-3] INFO  impl.RaftServerImpl (RaftServerImpl.java:setRole(184)) - 907b9765-214b-4864-b66a-d6e2a5789e5c@group-EFD1D20A002C: changes role from  FOLLOWER to FOLLOWER at term 439 for recognizeCandidate:bf55b3f9-6b09-4365-9d71-55289e083fa5
2019-10-16 18:01:31,299 [grpc-default-executor-3] INFO  impl.RoleInfo (RoleInfo.java:shutdownFollowerState(121)) - 907b9765-214b-4864-b66a-d6e2a5789e5c: shutdown FollowerState
2019-10-16 18:01:31,299 [grpc-default-executor-2] INFO  impl.RoleInfo (RoleInfo.java:shutdownFollowerState(121)) - f4c54511-b161-4347-aec5-5236dc80a0d8: shutdown FollowerState
2019-10-16 18:01:31,299 [Thread-2669] INFO  impl.FollowerState (FollowerState.java:run(117)) - 907b9765-214b-4864-b66a-d6e2a5789e5c@group-EFD1D20A002C-FollowerState was interrupted: java.lang.InterruptedException: sleep interrupted
2019-10-16 18:01:31,299 [grpc-default-executor-3] INFO  impl.RoleInfo (RoleInfo.java:updateAndGet(143)) - 907b9765-214b-4864-b66a-d6e2a5789e5c: start FollowerState
2019-10-16 18:01:31,300 [Thread-2670] INFO  impl.FollowerState (FollowerState.java:run(117)) - f4c54511-b161-4347-aec5-5236dc80a0d8@group-EFD1D20A002C-FollowerState was interrupted: java.lang.InterruptedException: sleep interrupted
2019-10-16 18:01:31,300 [grpc-default-executor-2] INFO  impl.RoleInfo (RoleInfo.java:updateAndGet(143)) - f4c54511-b161-4347-aec5-5236dc80a0d8: start FollowerState
2019-10-16 18:01:31,317 [bf55b3f9-6b09-4365-9d71-55289e083fa5@group-EFD1D20A002C-LeaderElection377] INFO  impl.LeaderElection (LeaderElection.java:logAndReturn(56)) - bf55b3f9-6b09-4365-9d71-55289e083fa5@group-EFD1D20A002C-LeaderElection377: Election REJECTED; received 2 response(s) [bf55b3f9-6b09-4365-9d71-55289e083fa5<-f4c54511-b161-4347-aec5-5236dc80a0d8#0:FAIL-t439, bf55b3f9-6b09-4365-9d71-55289e083fa5<-907b9765-214b-4864-b66a-d6e2a5789e5c#0:FAIL-t439] and 0 exception(s); bf55b3f9-6b09-4365-9d71-55289e083fa5@group-EFD1D20A002C:t439, leader=null, voted=bf55b3f9-6b09-4365-9d71-55289e083fa5, raftlog=bf55b3f9-6b09-4365-9d71-55289e083fa5@group-EFD1D20A002C-SegmentedRaftLog:OPENED:c-1,f-1,i0, conf=-1: [f4c54511-b161-4347-aec5-5236dc80a0d8:0.0.0.0:41238, 907b9765-214b-4864-b66a-d6e2a5789e5c:0.0.0.0:41650, bf55b3f9-6b09-4365-9d71-55289e083fa5:0.0.0.0:42441], old=null
2019-10-16 18:01:31,317 [bf55b3f9-6b09-4365-9d71-55289e083fa5@group-EFD1D20A002C-LeaderElection377] INFO  impl.RaftServerImpl (RaftServerImpl.java:setRole(184)) - bf55b3f9-6b09-4365-9d71-55289e083fa5@group-EFD1D20A002C: changes role from CANDIDATE to FOLLOWER at term 439 for DISCOVERED_A_NEW_TERM
2019-10-16 18:01:31,317 [bf55b3f9-6b09-4365-9d71-55289e083fa5@group-EFD1D20A002C-LeaderElection377] INFO  impl.RoleInfo (RoleInfo.java:shutdownLeaderElection(134)) - bf55b3f9-6b09-4365-9d71-55289e083fa5: shutdown LeaderElection
2019-10-16 18:01:31,317 [bf55b3f9-6b09-4365-9d71-55289e083fa5@group-EFD1D20A002C-LeaderElection377] INFO  impl.RoleInfo (RoleInfo.java:updateAndGet(143)) - bf55b3f9-6b09-4365-9d71-55289e083fa5: start FollowerState
2019-10-16 18:01:31,422 [Thread-2677] INFO  impl.FollowerState (FollowerState.java:run(108)) - bf55b3f9-6b09-4365-9d71-55289e083fa5@group-EFD1D20A002C-FollowerState: change to CANDIDATE, lastRpcTime:104ms, electionTimeout:104ms
2019-10-16 18:01:31,422 [Thread-2677] INFO  impl.RoleInfo (RoleInfo.java:shutdownFollowerState(121)) - bf55b3f9-6b09-4365-9d71-55289e083fa5: shutdown FollowerState
2019-10-16 18:01:31,422 [Thread-2677] INFO  impl.RaftServerImpl (RaftServerImpl.java:setRole(184)) - bf55b3f9-6b09-4365-9d71-55289e083fa5@group-EFD1D20A002C: changes role from  FOLLOWER to CANDIDATE at term 439 for changeToCandidate
2019-10-16 18:01:31,422 [Thread-2677] INFO  impl.RoleInfo (RoleInfo.java:updateAndGet(143)) - bf55b3f9-6b09-4365-9d71-55289e083fa5: start LeaderElection
2019-10-16 18:01:31,478 [bf55b3f9-6b09-4365-9d71-55289e083fa5@group-EFD1D20A002C-LeaderElection378] INFO  impl.LeaderElection (LeaderElection.java:askForVotes(178)) - bf55b3f9-6b09-4365-9d71-55289e083fa5@group-EFD1D20A002C-LeaderElection378: begin an election at term 440 for -1: [f4c54511-b161-4347-aec5-5236dc80a0d8:0.0.0.0:41238, 907b9765-214b-4864-b66a-d6e2a5789e5c:0.0.0.0:41650, bf55b3f9-6b09-4365-9d71-55289e083fa5:0.0.0.0:42441], old=null
2019-10-16 18:01:31,479 [grpc-default-executor-2] INFO  impl.RaftServerImpl (RaftServerImpl.java:setRole(184)) - f4c54511-b161-4347-aec5-5236dc80a0d8@group-EFD1D20A002C: changes role from  FOLLOWER to FOLLOWER at term 440 for recognizeCandidate:bf55b3f9-6b09-4365-9d71-55289e083fa5
2019-10-16 18:01:31,479 [grpc-default-executor-2] INFO  impl.RoleInfo (RoleInfo.java:shutdownFollowerState(121)) - f4c54511-b161-4347-aec5-5236dc80a0d8: shutdown FollowerState
2019-10-16 18:01:31,479 [grpc-default-executor-3] INFO  impl.RaftServerImpl (RaftServerImpl.java:setRole(184)) - 907b9765-214b-4864-b66a-d6e2a5789e5c@group-EFD1D20A002C: changes role from  FOLLOWER to FOLLOWER at term 440 for recognizeCandidate:bf55b3f9-6b09-4365-9d71-55289e083fa5
2019-10-16 18:01:31,480 [Thread-2676] INFO  impl.FollowerState (FollowerState.java:run(117)) - f4c54511-b161-4347-aec5-5236dc80a0d8@group-EFD1D20A002C-FollowerState was interrupted: java.lang.InterruptedException: sleep interrupted
2019-10-16 18:01:31,480 [grpc-default-executor-2] INFO  impl.RoleInfo (RoleInfo.java:updateAndGet(143)) - f4c54511-b161-4347-aec5-5236dc80a0d8: start FollowerState
2019-10-16 18:01:31,480 [grpc-default-executor-3] INFO  impl.RoleInfo (RoleInfo.java:shutdownFollowerState(121)) - 907b9765-214b-4864-b66a-d6e2a5789e5c: shutdown FollowerState
2019-10-16 18:01:31,480 [grpc-default-executor-3] INFO  impl.RoleInfo (RoleInfo.java:updateAndGet(143)) - 907b9765-214b-4864-b66a-d6e2a5789e5c: start FollowerState
2019-10-16 18:01:31,480 [Thread-2675] INFO  impl.FollowerState (FollowerState.java:run(117)) - 907b9765-214b-4864-b66a-d6e2a5789e5c@group-EFD1D20A002C-FollowerState was interrupted: java.lang.InterruptedException: sleep interrupted
2019-10-16 18:01:31,522 [bf55b3f9-6b09-4365-9d71-55289e083fa5@group-EFD1D20A002C-LeaderElection378] INFO  impl.LeaderElection (LeaderElection.java:logAndReturn(56)) - bf55b3f9-6b09-4365-9d71-55289e083fa5@group-EFD1D20A002C-LeaderElection378: Election REJECTED; received 2 response(s) [bf55b3f9-6b09-4365-9d71-55289e083fa5<-f4c54511-b161-4347-aec5-5236dc80a0d8#0:FAIL-t440, bf55b3f9-6b09-4365-9d71-55289e083fa5<-907b9765-214b-4864-b66a-d6e2a5789e5c#0:FAIL-t440] and 0 exception(s); bf55b3f9-6b09-4365-9d71-55289e083fa5@group-EFD1D20A002C:t440, leader=null, voted=bf55b3f9-6b09-4365-9d71-55289e083fa5, raftlog=bf55b3f9-6b09-4365-9d71-55289e083fa5@group-EFD1D20A002C-SegmentedRaftLog:OPENED:c-1,f-1,i0, conf=-1: [f4c54511-b161-4347-aec5-5236dc80a0d8:0.0.0.0:41238, 907b9765-214b-4864-b66a-d6e2a5789e5c:0.0.0.0:41650, bf55b3f9-6b09-4365-9d71-55289e083fa5:0.0.0.0:42441], old=null
2019-10-16 18:01:31,522 [bf55b3f9-6b09-4365-9d71-55289e083fa5@group-EFD1D20A002C-LeaderElection378] INFO  impl.RaftServerImpl (RaftServerImpl.java:setRole(184)) - bf55b3f9-6b09-4365-9d71-55289e083fa5@group-EFD1D20A002C: changes role from CANDIDATE to FOLLOWER at term 440 for DISCOVERED_A_NEW_TERM
2019-10-16 18:01:31,522 [bf55b3f9-6b09-4365-9d71-55289e083fa5@group-EFD1D20A002C-LeaderElection378] INFO  impl.RoleInfo (RoleInfo.java:shutdownLeaderElection(134)) - bf55b3f9-6b09-4365-9d71-55289e083fa5: shutdown LeaderElection
2019-10-16 18:01:31,522 [bf55b3f9-6b09-4365-9d71-55289e083fa5@group-EFD1D20A002C-LeaderElection378] INFO  impl.RoleInfo (RoleInfo.java:updateAndGet(143)) - bf55b3f9-6b09-4365-9d71-55289e083fa5: start FollowerState
2019-10-16 18:01:31,619 [Thread-2683] INFO  impl.FollowerState (FollowerState.java:run(108)) - bf55b3f9-6b09-4365-9d71-55289e083fa5@group-EFD1D20A002C-FollowerState: change to CANDIDATE, lastRpcTime:96ms, electionTimeout:96ms
2019-10-16 18:01:31,619 [Thread-2683] INFO  impl.RoleInfo (RoleInfo.java:shutdownFollowerState(121)) - bf55b3f9-6b09-4365-9d71-55289e083fa5: shutdown FollowerState
2019-10-16 18:01:31,619 [Thread-2683] INFO  impl.RaftServerImpl (RaftServerImpl.java:setRole(184)) - bf55b3f9-6b09-4365-9d71-55289e083fa5@group-EFD1D20A002C: changes role from  FOLLOWER to CANDIDATE at term 440 for changeToCandidate
2019-10-16 18:01:31,619 [Thread-2683] INFO  impl.RoleInfo (RoleInfo.java:updateAndGet(143)) - bf55b3f9-6b09-4365-9d71-55289e083fa5: start LeaderElection
2019-10-16 18:01:31,655 [bf55b3f9-6b09-4365-9d71-55289e083fa5@group-EFD1D20A002C-LeaderElection379] INFO  impl.LeaderElection (LeaderElection.java:askForVotes(178)) - bf55b3f9-6b09-4365-9d71-55289e083fa5@group-EFD1D20A002C-LeaderElection379: begin an election at term 441 for -1: [f4c54511-b161-4347-aec5-5236dc80a0d8:0.0.0.0:41238, 907b9765-214b-4864-b66a-d6e2a5789e5c:0.0.0.0:41650, bf55b3f9-6b09-4365-9d71-55289e083fa5:0.0.0.0:42441], old=null
2019-10-16 18:01:31,657 [grpc-default-executor-3] INFO  impl.RaftServerImpl (RaftServerImpl.java:setRole(184)) - f4c54511-b161-4347-aec5-5236dc80a0d8@group-EFD1D20A002C: changes role from  FOLLOWER to FOLLOWER at term 441 for recognizeCandidate:bf55b3f9-6b09-4365-9d71-55289e083fa5
2019-10-16 18:01:31,657 [grpc-default-executor-3] INFO  impl.RoleInfo (RoleInfo.java:shutdownFollowerState(121)) - f4c54511-b161-4347-aec5-5236dc80a0d8: shutdown FollowerState
2019-10-16 18:01:31,657 [grpc-default-executor-2] INFO  impl.RaftServerImpl (RaftServerImpl.java:setRole(184)) - 907b9765-214b-4864-b66a-d6e2a5789e5c@group-EFD1D20A002C: changes role from  FOLLOWER to FOLLOWER at term 441 for recognizeCandidate:bf55b3f9-6b09-4365-9d71-55289e083fa5
2019-10-16 18:01:31,658 [grpc-default-executor-2] INFO  impl.RoleInfo (RoleInfo.java:shutdownFollowerState(121)) - 907b9765-214b-4864-b66a-d6e2a5789e5c: shutdown FollowerState
2019-10-16 18:01:31,658 [grpc-default-executor-3] INFO  impl.RoleInfo (RoleInfo.java:updateAndGet(143)) - f4c54511-b161-4347-aec5-5236dc80a0d8: start FollowerState
2019-10-16 18:01:31,658 [Thread-2682] INFO  impl.FollowerState (FollowerState.java:run(117)) - 907b9765-214b-4864-b66a-d6e2a5789e5c@group-EFD1D20A002C-FollowerState was interrupted: java.lang.InterruptedException: sleep interrupted
2019-10-16 18:01:31,658 [grpc-default-executor-2] INFO  impl.RoleInfo (RoleInfo.java:updateAndGet(143)) - 907b9765-214b-4864-b66a-d6e2a5789e5c: start FollowerState
2019-10-16 18:01:31,658 [Thread-2681] INFO  impl.FollowerState (FollowerState.java:run(117)) - f4c54511-b161-4347-aec5-5236dc80a0d8@group-EFD1D20A002C-FollowerState was interrupted: java.lang.InterruptedException: sleep interrupted
2019-10-16 18:01:31,719 [bf55b3f9-6b09-4365-9d71-55289e083fa5@group-EFD1D20A002C-LeaderElection379] INFO  impl.LeaderElection (LeaderElection.java:logAndReturn(56)) - bf55b3f9-6b09-4365-9d71-55289e083fa5@group-EFD1D20A002C-LeaderElection379: Election TIMEOUT; received 0 response(s) [] and 0 exception(s); bf55b3f9-6b09-4365-9d71-55289e083fa5@group-EFD1D20A002C:t441, leader=null, voted=bf55b3f9-6b09-4365-9d71-55289e083fa5, raftlog=bf55b3f9-6b09-4365-9d71-55289e083fa5@group-EFD1D20A002C-SegmentedRaftLog:OPENED:c-1,f-1,i0, conf=-1: [f4c54511-b161-4347-aec5-5236dc80a0d8:0.0.0.0:41238, 907b9765-214b-4864-b66a-d6e2a5789e5c:0.0.0.0:41650, bf55b3f9-6b09-4365-9d71-55289e083fa5:0.0.0.0:42441], old=null
2019-10-16 18:01:31,765 [bf55b3f9-6b09-4365-9d71-55289e083fa5@group-EFD1D20A002C-LeaderElection379] INFO  impl.LeaderElection (LeaderElection.java:askForVotes(178)) - bf55b3f9-6b09-4365-9d71-55289e083fa5@group-EFD1D20A002C-LeaderElection379: begin an election at term 442 for -1: [f4c54511-b161-4347-aec5-5236dc80a0d8:0.0.0.0:41238, 907b9765-214b-4864-b66a-d6e2a5789e5c:0.0.0.0:41650, bf55b3f9-6b09-4365-9d71-55289e083fa5:0.0.0.0:42441], old=null
2019-10-16 18:01:31,767 [grpc-default-executor-3] INFO  impl.RaftServerImpl (RaftServerImpl.java:setRole(184)) - f4c54511-b161-4347-aec5-5236dc80a0d8@group-EFD1D20A002C: changes role from  FOLLOWER to FOLLOWER at term 442 for recognizeCandidate:bf55b3f9-6b09-4365-9d71-55289e083fa5
2019-10-16 18:01:31,767 [grpc-default-executor-3] INFO  impl.RoleInfo (RoleInfo.java:shutdownFollowerState(121)) - f4c54511-b161-4347-aec5-5236dc80a0d8: shutdown FollowerState
2019-10-16 18:01:31,767 [grpc-default-executor-3] INFO  impl.RoleInfo (RoleInfo.java:updateAndGet(143)) - f4c54511-b161-4347-aec5-5236dc80a0d8: start FollowerState
2019-10-16 18:01:31,767 [Thread-2687] INFO  impl.FollowerState (FollowerState.java:run(117)) - f4c54511-b161-4347-aec5-5236dc80a0d8@group-EFD1D20A002C-FollowerState was interrupted: java.lang.InterruptedException: sleep interrupted
2019-10-16 18:01:31,768 [grpc-default-executor-2] INFO  impl.RaftServerImpl (RaftServerImpl.java:setRole(184)) - 907b9765-214b-4864-b66a-d6e2a5789e5c@group-EFD1D20A002C: changes role from  FOLLOWER to FOLLOWER at term 442 for recognizeCandidate:bf55b3f9-6b09-4365-9d71-55289e083fa5
2019-10-16 18:01:31,768 [grpc-default-executor-2] INFO  impl.RoleInfo (RoleInfo.java:shutdownFollowerState(121)) - 907b9765-214b-4864-b66a-d6e2a5789e5c: shutdown FollowerState
2019-10-16 18:01:31,768 [grpc-default-executor-2] INFO  impl.RoleInfo (RoleInfo.java:updateAndGet(143)) - 907b9765-214b-4864-b66a-d6e2a5789e5c: start FollowerState
2019-10-16 18:01:31,768 [Thread-2688] INFO  impl.FollowerState (FollowerState.java:run(117)) - 907b9765-214b-4864-b66a-d6e2a5789e5c@group-EFD1D20A002C-FollowerState was interrupted: java.lang.InterruptedException: sleep interrupted
2019-10-16 18:01:31,800 [bf55b3f9-6b09-4365-9d71-55289e083fa5@group-EFD1D20A002C-LeaderElection379] INFO  impl.LeaderElection (LeaderElection.java:logAndReturn(56)) - bf55b3f9-6b09-4365-9d71-55289e083fa5@group-EFD1D20A002C-LeaderElection379: Election TIMEOUT; received 0 response(s) [] and 0 exception(s); bf55b3f9-6b09-4365-9d71-55289e083fa5@group-EFD1D20A002C:t442, leader=null, voted=bf55b3f9-6b09-4365-9d71-55289e083fa5, raftlog=bf55b3f9-6b09-4365-9d71-55289e083fa5@group-EFD1D20A002C-SegmentedRaftLog:OPENED:c-1,f-1,i0, conf=-1: [f4c54511-b161-4347-aec5-5236dc80a0d8:0.0.0.0:41238, 907b9765-214b-4864-b66a-d6e2a5789e5c:0.0.0.0:41650, bf55b3f9-6b09-4365-9d71-55289e083fa5:0.0.0.0:42441], old=null
2019-10-16 18:01:31,840 [bf55b3f9-6b09-4365-9d71-55289e083fa5@group-EFD1D20A002C-LeaderElection379] INFO  impl.LeaderElection (LeaderElection.java:askForVotes(178)) - bf55b3f9-6b09-4365-9d71-55289e083fa5@group-EFD1D20A002C-LeaderElection379: begin an election at term 443 for -1: [f4c54511-b161-4347-aec5-5236dc80a0d8:0.0.0.0:41238, 907b9765-214b-4864-b66a-d6e2a5789e5c:0.0.0.0:41650, bf55b3f9-6b09-4365-9d71-55289e083fa5:0.0.0.0:42441], old=null
2019-10-16 18:01:31,841 [bf55b3f9-6b09-4365-9d71-55289e083fa5@group-EFD1D20A002C-LeaderElection379] INFO  impl.LeaderElection (LeaderElection.java:logAndReturn(56)) - bf55b3f9-6b09-4365-9d71-55289e083fa5@group-EFD1D20A002C-LeaderElection379: Election TIMEOUT; received 0 response(s) [] and 0 exception(s); bf55b3f9-6b09-4365-9d71-55289e083fa5@group-EFD1D20A002C:t443, leader=null, voted=bf55b3f9-6b09-4365-9d71-55289e083fa5, raftlog=bf55b3f9-6b09-4365-9d71-55289e083fa5@group-EFD1D20A002C-SegmentedRaftLog:OPENED:c-1,f-1,i0, conf=-1: [f4c54511-b161-4347-aec5-5236dc80a0d8:0.0.0.0:41238, 907b9765-214b-4864-b66a-d6e2a5789e5c:0.0.0.0:41650, bf55b3f9-6b09-4365-9d71-55289e083fa5:0.0.0.0:42441], old=null
2019-10-16 18:01:31,843 [grpc-default-executor-2] INFO  impl.RaftServerImpl (RaftServerImpl.java:setRole(184)) - f4c54511-b161-4347-aec5-5236dc80a0d8@group-EFD1D20A002C: changes role from  FOLLOWER to FOLLOWER at term 443 for recognizeCandidate:bf55b3f9-6b09-4365-9d71-55289e083fa5
2019-10-16 18:01:31,843 [grpc-default-executor-2] INFO  impl.RoleInfo (RoleInfo.java:shutdownFollowerState(121)) - f4c54511-b161-4347-aec5-5236dc80a0d8: shutdown FollowerState
2019-10-16 18:01:31,843 [grpc-default-executor-2] INFO  impl.RoleInfo (RoleInfo.java:updateAndGet(143)) - f4c54511-b161-4347-aec5-5236dc80a0d8: start FollowerState
2019-10-16 18:01:31,843 [Thread-2691] INFO  impl.FollowerState (FollowerState.java:run(117)) - f4c54511-b161-4347-aec5-5236dc80a0d8@group-EFD1D20A002C-FollowerState was interrupted: java.lang.InterruptedException: sleep interrupted
2019-10-16 18:01:31,843 [grpc-default-executor-3] INFO  impl.RaftServerImpl (RaftServerImpl.java:setRole(184)) - 907b9765-214b-4864-b66a-d6e2a5789e5c@group-EFD1D20A002C: changes role from  FOLLOWER to FOLLOWER at term 443 for recognizeCandidate:bf55b3f9-6b09-4365-9d71-55289e083fa5
2019-10-16 18:01:31,843 [grpc-default-executor-3] INFO  impl.RoleInfo (RoleInfo.java:shutdownFollowerState(121)) - 907b9765-214b-4864-b66a-d6e2a5789e5c: shutdown FollowerState
2019-10-16 18:01:31,843 [grpc-default-executor-3] INFO  impl.RoleInfo (RoleInfo.java:updateAndGet(143)) - 907b9765-214b-4864-b66a-d6e2a5789e5c: start FollowerState
2019-10-16 18:01:31,843 [Thread-2692] INFO  impl.FollowerState (FollowerState.java:run(117)) - 907b9765-214b-4864-b66a-d6e2a5789e5c@group-EFD1D20A002C-FollowerState was interrupted: java.lang.InterruptedException: sleep interrupted
2019-10-16 18:01:31,866 [bf55b3f9-6b09-4365-9d71-55289e083fa5@group-EFD1D20A002C-LeaderElection379] INFO  impl.LeaderElection (LeaderElection.java:askForVotes(178)) - bf55b3f9-6b09-4365-9d71-55289e083fa5@group-EFD1D20A002C-LeaderElection379: begin an election at term 444 for -1: [f4c54511-b161-4347-aec5-5236dc80a0d8:0.0.0.0:41238, 907b9765-214b-4864-b66a-d6e2a5789e5c:0.0.0.0:41650, bf55b3f9-6b09-4365-9d71-55289e083fa5:0.0.0.0:42441], old=null
2019-10-16 18:01:31,867 [grpc-default-executor-2] INFO  impl.RaftServerImpl (RaftServerImpl.java:setRole(184)) - f4c54511-b161-4347-aec5-5236dc80a0d8@group-EFD1D20A002C: changes role from  FOLLOWER to FOLLOWER at term 444 for recognizeCandidate:bf55b3f9-6b09-4365-9d71-55289e083fa5
2019-10-16 18:01:31,868 [grpc-default-executor-2] INFO  impl.RoleInfo (RoleInfo.java:shutdownFollowerState(121)) - f4c54511-b161-4347-aec5-5236dc80a0d8: shutdown FollowerState
2019-10-16 18:01:31,868 [grpc-default-executor-2] INFO  impl.RoleInfo (RoleInfo.java:updateAndGet(143)) - f4c54511-b161-4347-aec5-5236dc80a0d8: start FollowerState
2019-10-16 18:01:31,868 [Thread-2695] INFO  impl.FollowerState (FollowerState.java:run(117)) - f4c54511-b161-4347-aec5-5236dc80a0d8@group-EFD1D20A002C-FollowerState was interrupted: java.lang.InterruptedException: sleep interrupted
2019-10-16 18:01:31,868 [grpc-default-executor-3] INFO  impl.RaftServerImpl (RaftServerImpl.java:setRole(184)) - 907b9765-214b-4864-b66a-d6e2a5789e5c@group-EFD1D20A002C: changes role from  FOLLOWER to FOLLOWER at term 444 for recognizeCandidate:bf55b3f9-6b09-4365-9d71-55289e083fa5
2019-10-16 18:01:31,868 [grpc-default-executor-3] INFO  impl.RoleInfo (RoleInfo.java:shutdownFollowerState(121)) - 907b9765-214b-4864-b66a-d6e2a5789e5c: shutdown FollowerState
2019-10-16 18:01:31,868 [grpc-default-executor-3] INFO  impl.RoleInfo (RoleInfo.java:updateAndGet(143)) - 907b9765-214b-4864-b66a-d6e2a5789e5c: start FollowerState
2019-10-16 18:01:31,868 [Thread-2696] INFO  impl.FollowerState (FollowerState.java:run(117)) - 907b9765-214b-4864-b66a-d6e2a5789e5c@group-EFD1D20A002C-FollowerState was interrupted: java.lang.InterruptedException: sleep interrupted
2019-10-16 18:01:31,889 [bf55b3f9-6b09-4365-9d71-55289e083fa5@group-EFD1D20A002C-LeaderElection379] INFO  impl.LeaderElection (LeaderElection.java:logAndReturn(56)) - bf55b3f9-6b09-4365-9d71-55289e083fa5@group-EFD1D20A002C-LeaderElection379: Election TIMEOUT; received 0 response(s) [] and 0 exception(s); bf55b3f9-6b09-4365-9d71-55289e083fa5@group-EFD1D20A002C:t444, leader=null, voted=bf55b3f9-6b09-4365-9d71-55289e083fa5, raftlog=bf55b3f9-6b09-4365-9d71-55289e083fa5@group-EFD1D20A002C-SegmentedRaftLog:OPENED:c-1,f-1,i0, conf=-1: [f4c54511-b161-4347-aec5-5236dc80a0d8:0.0.0.0:41238, 907b9765-214b-4864-b66a-d6e2a5789e5c:0.0.0.0:41650, bf55b3f9-6b09-4365-9d71-55289e083fa5:0.0.0.0:42441], old=null
2019-10-16 18:01:31,934 [bf55b3f9-6b09-4365-9d71-55289e083fa5@group-EFD1D20A002C-LeaderElection379] INFO  impl.LeaderElection (LeaderElection.java:askForVotes(178)) - bf55b3f9-6b09-4365-9d71-55289e083fa5@group-EFD1D20A002C-LeaderElection379: begin an election at term 445 for -1: [f4c54511-b161-4347-aec5-5236dc80a0d8:0.0.0.0:41238, 907b9765-214b-4864-b66a-d6e2a5789e5c:0.0.0.0:41650, bf55b3f9-6b09-4365-9d71-55289e083fa5:0.0.0.0:42441], old=null
2019-10-16 18:01:31,935 [grpc-default-executor-3] INFO  impl.RaftServerImpl (RaftServerImpl.java:setRole(184)) - f4c54511-b161-4347-aec5-5236dc80a0d8@group-EFD1D20A002C: changes role from  FOLLOWER to FOLLOWER at term 445 for recognizeCandidate:bf55b3f9-6b09-4365-9d71-55289e083fa5
2019-10-16 18:01:31,935 [grpc-default-executor-3] INFO  impl.RoleInfo (RoleInfo.java:shutdownFollowerState(121)) - f4c54511-b161-4347-aec5-5236dc80a0d8: shutdown FollowerState
2019-10-16 18:01:31,935 [grpc-default-executor-3] INFO  impl.RoleInfo (RoleInfo.java:updateAndGet(143)) - f4c54511-b161-4347-aec5-5236dc80a0d8: start FollowerState
2019-10-16 18:01:31,935 [Thread-2699] INFO  impl.FollowerState (FollowerState.java:run(117)) - f4c54511-b161-4347-aec5-5236dc80a0d8@group-EFD1D20A002C-FollowerState was interrupted: java.lang.InterruptedException: sleep interrupted
2019-10-16 18:01:31,935 [grpc-default-executor-1] INFO  impl.RaftServerImpl (RaftServerImpl.java:setRole(184)) - 907b9765-214b-4864-b66a-d6e2a5789e5c@group-EFD1D20A002C: changes role from  FOLLOWER to FOLLOWER at term 445 for recognizeCandidate:bf55b3f9-6b09-4365-9d71-55289e083fa5
2019-10-16 18:01:31,936 [grpc-default-executor-1] INFO  impl.RoleInfo (RoleInfo.java:shutdownFollowerState(121)) - 907b9765-214b-4864-b66a-d6e2a5789e5c: shutdown FollowerState
2019-10-16 18:01:31,936 [grpc-default-executor-1] INFO  impl.RoleInfo (RoleInfo.java:updateAndGet(143)) - 907b9765-214b-4864-b66a-d6e2a5789e5c: start FollowerState
2019-10-16 18:01:31,936 [Thread-2700] INFO  impl.FollowerState (FollowerState.java:run(117)) - 907b9765-214b-4864-b66a-d6e2a5789e5c@group-EFD1D20A002C-FollowerState was interrupted: java.lang.InterruptedException: sleep interrupted
2019-10-16 18:01:31,968 [bf55b3f9-6b09-4365-9d71-55289e083fa5@group-EFD1D20A002C-LeaderElection379] INFO  impl.LeaderElection (LeaderElection.java:logAndReturn(56)) - bf55b3f9-6b09-4365-9d71-55289e083fa5@group-EFD1D20A002C-LeaderElection379: Election REJECTED; received 2 response(s) [bf55b3f9-6b09-4365-9d71-55289e083fa5<-f4c54511-b161-4347-aec5-5236dc80a0d8#0:FAIL-t445, bf55b3f9-6b09-4365-9d71-55289e083fa5<-907b9765-214b-4864-b66a-d6e2a5789e5c#0:FAIL-t445] and 0 exception(s); bf55b3f9-6b09-4365-9d71-55289e083fa5@group-EFD1D20A002C:t445, leader=null, voted=bf55b3f9-6b09-4365-9d71-55289e083fa5, raftlog=bf55b3f9-6b09-4365-9d71-55289e083fa5@group-EFD1D20A002C-SegmentedRaftLog:OPENED:c-1,f-1,i0, conf=-1: [f4c54511-b161-4347-aec5-5236dc80a0d8:0.0.0.0:41238, 907b9765-214b-4864-b66a-d6e2a5789e5c:0.0.0.0:41650, bf55b3f9-6b09-4365-9d71-55289e083fa5:0.0.0.0:42441], old=null
2019-10-16 18:01:31,968 [bf55b3f9-6b09-4365-9d71-55289e083fa5@group-EFD1D20A002C-LeaderElection379] INFO  impl.RaftServerImpl (RaftServerImpl.java:setRole(184)) - bf55b3f9-6b09-4365-9d71-55289e083fa5@group-EFD1D20A002C: changes role from CANDIDATE to FOLLOWER at term 445 for DISCOVERED_A_NEW_TERM
2019-10-16 18:01:31,968 [bf55b3f9-6b09-4365-9d71-55289e083fa5@group-EFD1D20A002C-LeaderElection379] INFO  impl.RoleInfo (RoleInfo.java:shutdownLeaderElection(134)) - bf55b3f9-6b09-4365-9d71-55289e083fa5: shutdown LeaderElection
2019-10-16 18:01:31,968 [bf55b3f9-6b09-4365-9d71-55289e083fa5@group-EFD1D20A002C-LeaderElection379] INFO  impl.RoleInfo (RoleInfo.java:updateAndGet(143)) - bf55b3f9-6b09-4365-9d71-55289e083fa5: start FollowerState
2019-10-16 18:01:31,976 [Thread-2705] INFO  impl.FollowerState (FollowerState.java:run(108)) - bf55b3f9-6b09-4365-9d71-55289e083fa5@group-EFD1D20A002C-FollowerState: change to CANDIDATE, lastRpcTime:7ms, electionTimeout:7ms
2019-10-16 18:01:31,976 [Thread-2705] INFO  impl.RoleInfo (RoleInfo.java:shutdownFollowerState(121)) - bf55b3f9-6b09-4365-9d71-55289e083fa5: shutdown FollowerState
2019-10-16 18:01:31,976 [Thread-2705] INFO  impl.RaftServerImpl (RaftServerImpl.java:setRole(184)) - bf55b3f9-6b09-4365-9d71-55289e083fa5@group-EFD1D20A002C: changes role from  FOLLOWER to CANDIDATE at term 445 for changeToCandidate
2019-10-16 18:01:31,976 [Thread-2705] INFO  impl.RoleInfo (RoleInfo.java:updateAndGet(143)) - bf55b3f9-6b09-4365-9d71-55289e083fa5: start LeaderElection
2019-10-16 18:01:32,010 [bf55b3f9-6b09-4365-9d71-55289e083fa5@group-EFD1D20A002C-LeaderElection380] INFO  impl.LeaderElection (LeaderElection.java:askForVotes(178)) - bf55b3f9-6b09-4365-9d71-55289e083fa5@group-EFD1D20A002C-LeaderElection380: begin an election at term 446 for -1: [f4c54511-b161-4347-aec5-5236dc80a0d8:0.0.0.0:41238, 907b9765-214b-4864-b66a-d6e2a5789e5c:0.0.0.0:41650, bf55b3f9-6b09-4365-9d71-55289e083fa5:0.0.0.0:42441], old=null
2019-10-16 18:01:32,011 [grpc-default-executor-1] INFO  impl.RaftServerImpl (RaftServerImpl.java:setRole(184)) - f4c54511-b161-4347-aec5-5236dc80a0d8@group-EFD1D20A002C: changes role from  FOLLOWER to FOLLOWER at term 446 for recognizeCandidate:bf55b3f9-6b09-4365-9d71-55289e083fa5
2019-10-16 18:01:32,011 [grpc-default-executor-3] INFO  impl.RaftServerImpl (RaftServerImpl.java:setRole(184)) - 907b9765-214b-4864-b66a-d6e2a5789e5c@group-EFD1D20A002C: changes role from  FOLLOWER to FOLLOWER at term 446 for recognizeCandidate:bf55b3f9-6b09-4365-9d71-55289e083fa5
2019-10-16 18:01:32,011 [grpc-default-executor-1] INFO  impl.RoleInfo (RoleInfo.java:shutdownFollowerState(121)) - f4c54511-b161-4347-aec5-5236dc80a0d8: shutdown FollowerState
2019-10-16 18:01:32,012 [grpc-default-executor-3] INFO  impl.RoleInfo (RoleInfo.java:shutdownFollowerState(121)) - 907b9765-214b-4864-b66a-d6e2a5789e5c: shutdown FollowerState
2019-10-16 18:01:32,012 [Thread-2703] INFO  impl.FollowerState (FollowerState.java:run(117)) - f4c54511-b161-4347-aec5-5236dc80a0d8@group-EFD1D20A002C-FollowerState was interrupted: java.lang.InterruptedException: sleep interrupted
2019-10-16 18:01:32,012 [Thread-2704] INFO  impl.FollowerState (FollowerState.java:run(117)) - 907b9765-214b-4864-b66a-d6e2a5789e5c@group-EFD1D20A002C-FollowerState was interrupted: java.lang.InterruptedException: sleep interrupted
2019-10-16 18:01:32,012 [grpc-default-executor-1] INFO  impl.RoleInfo (RoleInfo.java:updateAndGet(143)) - f4c54511-b161-4347-aec5-5236dc80a0d8: start FollowerState
2019-10-16 18:01:32,012 [grpc-default-executor-3] INFO  impl.RoleInfo (RoleInfo.java:updateAndGet(143)) - 907b9765-214b-4864-b66a-d6e2a5789e5c: start FollowerState
2019-10-16 18:01:32,053 [bf55b3f9-6b09-4365-9d71-55289e083fa5@group-EFD1D20A002C-LeaderElection380] INFO  impl.LeaderElection (LeaderElection.java:logAndReturn(56)) - bf55b3f9-6b09-4365-9d71-55289e083fa5@group-EFD1D20A002C-LeaderElection380: Election REJECTED; received 2 response(s) [bf55b3f9-6b09-4365-9d71-55289e083fa5<-f4c54511-b161-4347-aec5-5236dc80a0d8#0:FAIL-t446, bf55b3f9-6b09-4365-9d71-55289e083fa5<-907b9765-214b-4864-b66a-d6e2a5789e5c#0:FAIL-t446] and 0 exception(s); bf55b3f9-6b09-4365-9d71-55289e083fa5@group-EFD1D20A002C:t446, leader=null, voted=bf55b3f9-6b09-4365-9d71-55289e083fa5, raftlog=bf55b3f9-6b09-4365-9d71-55289e083fa5@group-EFD1D20A002C-SegmentedRaftLog:OPENED:c-1,f-1,i0, conf=-1: [f4c54511-b161-4347-aec5-5236dc80a0d8:0.0.0.0:41238, 907b9765-214b-4864-b66a-d6e2a5789e5c:0.0.0.0:41650, bf55b3f9-6b09-4365-9d71-55289e083fa5:0.0.0.0:42441], old=null
2019-10-16 18:01:32,053 [bf55b3f9-6b09-4365-9d71-55289e083fa5@group-EFD1D20A002C-LeaderElection380] INFO  impl.RaftServerImpl (RaftServerImpl.java:setRole(184)) - bf55b3f9-6b09-4365-9d71-55289e083fa5@group-EFD1D20A002C: changes role from CANDIDATE to FOLLOWER at term 446 for DISCOVERED_A_NEW_TERM
2019-10-16 18:01:32,053 [bf55b3f9-6b09-4365-9d71-55289e083fa5@group-EFD1D20A002C-LeaderElection380] INFO  impl.RoleInfo (RoleInfo.java:shutdownLeaderElection(134)) - bf55b3f9-6b09-4365-9d71-55289e083fa5: shutdown LeaderElection
2019-10-16 18:01:32,053 [bf55b3f9-6b09-4365-9d71-55289e083fa5@group-EFD1D20A002C-LeaderElection380] INFO  impl.RoleInfo (RoleInfo.java:updateAndGet(143)) - bf55b3f9-6b09-4365-9d71-55289e083fa5: start FollowerState
2019-10-16 18:01:32,205 [Thread-2711] INFO  impl.FollowerState (FollowerState.java:run(108)) - bf55b3f9-6b09-4365-9d71-55289e083fa5@group-EFD1D20A002C-FollowerState: change to CANDIDATE, lastRpcTime:151ms, electionTimeout:151ms
2019-10-16 18:01:32,205 [Thread-2711] INFO  impl.RoleInfo (RoleInfo.java:shutdownFollowerState(121)) - bf55b3f9-6b09-4365-9d71-55289e083fa5: shutdown FollowerState
2019-10-16 18:01:32,205 [Thread-2711] INFO  impl.RaftServerImpl (RaftServerImpl.java:setRole(184)) - bf55b3f9-6b09-4365-9d71-55289e083fa5@group-EFD1D20A002C: changes role from  FOLLOWER to CANDIDATE at term 446 for changeToCandidate
2019-10-16 18:01:32,205 [Thread-2711] INFO  impl.RoleInfo (RoleInfo.java:updateAndGet(143)) - bf55b3f9-6b09-4365-9d71-55289e083fa5: start LeaderElection
2019-10-16 18:01:32,262 [bf55b3f9-6b09-4365-9d71-55289e083fa5@group-EFD1D20A002C-LeaderElection381] INFO  impl.LeaderElection (LeaderElection.java:askForVotes(178)) - bf55b3f9-6b09-4365-9d71-55289e083fa5@group-EFD1D20A002C-LeaderElection381: begin an election at term 447 for -1: [f4c54511-b161-4347-aec5-5236dc80a0d8:0.0.0.0:41238, 907b9765-214b-4864-b66a-d6e2a5789e5c:0.0.0.0:41650, bf55b3f9-6b09-4365-9d71-55289e083fa5:0.0.0.0:42441], old=null
2019-10-16 18:01:32,264 [grpc-default-executor-1] INFO  impl.RaftServerImpl (RaftServerImpl.java:setRole(184)) - 907b9765-214b-4864-b66a-d6e2a5789e5c@group-EFD1D20A002C: changes role from  FOLLOWER to FOLLOWER at term 447 for recognizeCandidate:bf55b3f9-6b09-4365-9d71-55289e083fa5
2019-10-16 18:01:32,264 [grpc-default-executor-3] INFO  impl.RaftServerImpl (RaftServerImpl.java:setRole(184)) - f4c54511-b161-4347-aec5-5236dc80a0d8@group-EFD1D20A002C: changes role from  FOLLOWER to FOLLOWER at term 447 for recognizeCandidate:bf55b3f9-6b09-4365-9d71-55289e083fa5
2019-10-16 18:01:32,264 [grpc-default-executor-1] INFO  impl.RoleInfo (RoleInfo.java:shutdownFollowerState(121)) - 907b9765-214b-4864-b66a-d6e2a5789e5c: shutdown FollowerState
2019-10-16 18:01:32,264 [grpc-default-executor-3] INFO  impl.RoleInfo (RoleInfo.java:shutdownFollowerState(121)) - f4c54511-b161-4347-aec5-5236dc80a0d8: shutdown FollowerState
2019-10-16 18:01:32,265 [Thread-2710] INFO  impl.FollowerState (FollowerState.java:run(117)) - 907b9765-214b-4864-b66a-d6e2a5789e5c@group-EFD1D20A002C-FollowerState was interrupted: java.lang.InterruptedException: sleep interrupted
2019-10-16 18:01:32,265 [grpc-default-executor-1] INFO  impl.RoleInfo (RoleInfo.java:updateAndGet(143)) - 907b9765-214b-4864-b66a-d6e2a5789e5c: start FollowerState
2019-10-16 18:01:32,265 [Thread-2709] INFO  impl.FollowerState (FollowerState.java:run(117)) - f4c54511-b161-4347-aec5-5236dc80a0d8@group-EFD1D20A002C-FollowerState was interrupted: java.lang.InterruptedException: sleep interrupted
2019-10-16 18:01:32,265 [grpc-default-executor-3] INFO  impl.RoleInfo (RoleInfo.java:updateAndGet(143)) - f4c54511-b161-4347-aec5-5236dc80a0d8: start FollowerState
2019-10-16 18:01:32,334 [bf55b3f9-6b09-4365-9d71-55289e083fa5@group-EFD1D20A002C-LeaderElection381] INFO  impl.LeaderElection (LeaderElection.java:logAndReturn(56)) - bf55b3f9-6b09-4365-9d71-55289e083fa5@group-EFD1D20A002C-LeaderElection381: Election TIMEOUT; received 0 response(s) [] and 0 exception(s); bf55b3f9-6b09-4365-9d71-55289e083fa5@group-EFD1D20A002C:t447, leader=null, voted=bf55b3f9-6b09-4365-9d71-55289e083fa5, raftlog=bf55b3f9-6b09-4365-9d71-55289e083fa5@group-EFD1D20A002C-SegmentedRaftLog:OPENED:c-1,f-1,i0, conf=-1: [f4c54511-b161-4347-aec5-5236dc80a0d8:0.0.0.0:41238, 907b9765-214b-4864-b66a-d6e2a5789e5c:0.0.0.0:41650, bf55b3f9-6b09-4365-9d71-55289e083fa5:0.0.0.0:42441], old=null
2019-10-16 18:01:32,423 [bf55b3f9-6b09-4365-9d71-55289e083fa5@group-EFD1D20A002C-LeaderElection381] INFO  impl.LeaderElection (LeaderElection.java:askForVotes(178)) - bf55b3f9-6b09-4365-9d71-55289e083fa5@group-EFD1D20A002C-LeaderElection381: begin an election at term 448 for -1: [f4c54511-b161-4347-aec5-5236dc80a0d8:0.0.0.0:41238, 907b9765-214b-4864-b66a-d6e2a5789e5c:0.0.0.0:41650, bf55b3f9-6b09-4365-9d71-55289e083fa5:0.0.0.0:42441], old=null
2019-10-16 18:01:32,424 [grpc-default-executor-1] INFO  impl.RaftServerImpl (RaftServerImpl.java:setRole(184)) - 907b9765-214b-4864-b66a-d6e2a5789e5c@group-EFD1D20A002C: changes role from  FOLLOWER to FOLLOWER at term 448 for recognizeCandidate:bf55b3f9-6b09-4365-9d71-55289e083fa5
2019-10-16 18:01:32,424 [grpc-default-executor-3] INFO  impl.RaftServerImpl (RaftServerImpl.java:setRole(184)) - f4c54511-b161-4347-aec5-5236dc80a0d8@group-EFD1D20A002C: changes role from  FOLLOWER to FOLLOWER at term 448 for recognizeCandidate:bf55b3f9-6b09-4365-9d71-55289e083fa5
2019-10-16 18:01:32,425 [grpc-default-executor-3] INFO  impl.RoleInfo (RoleInfo.java:shutdownFollowerState(121)) - f4c54511-b161-4347-aec5-5236dc80a0d8: shutdown FollowerState
2019-10-16 18:01:32,424 [grpc-default-executor-1] INFO  impl.RoleInfo (RoleInfo.java:shutdownFollowerState(121)) - 907b9765-214b-4864-b66a-d6e2a5789e5c: shutdown FollowerState
2019-10-16 18:01:32,425 [Thread-2718] INFO  impl.FollowerState (FollowerState.java:run(117)) - f4c54511-b161-4347-aec5-5236dc80a0d8@group-EFD1D20A002C-FollowerState was interrupted: java.lang.InterruptedException: sleep interrupted
2019-10-16 18:01:32,425 [grpc-default-executor-3] INFO  impl.RoleInfo (RoleInfo.java:updateAndGet(143)) - f4c54511-b161-4347-aec5-5236dc80a0d8: start FollowerState
2019-10-16 18:01:32,425 [Thread-2717] INFO  impl.FollowerState (FollowerState.java:run(117)) - 907b9765-214b-4864-b66a-d6e2a5789e5c@group-EFD1D20A002C-FollowerState was interrupted: java.lang.InterruptedException: sleep interrupted
2019-10-16 18:01:32,425 [grpc-default-executor-1] INFO  impl.RoleInfo (RoleInfo.java:updateAndGet(143)) - 907b9765-214b-4864-b66a-d6e2a5789e5c: start FollowerState
2019-10-16 18:01:32,465 [bf55b3f9-6b09-4365-9d71-55289e083fa5@group-EFD1D20A002C-LeaderElection381] INFO  impl.LeaderElection (LeaderElection.java:logAndReturn(56)) - bf55b3f9-6b09-4365-9d71-55289e083fa5@group-EFD1D20A002C-LeaderElection381: Election REJECTED; received 2 response(s) [bf55b3f9-6b09-4365-9d71-55289e083fa5<-f4c54511-b161-4347-aec5-5236dc80a0d8#0:FAIL-t448, bf55b3f9-6b09-4365-9d71-55289e083fa5<-907b9765-214b-4864-b66a-d6e2a5789e5c#0:FAIL-t448] and 0 exception(s); bf55b3f9-6b09-4365-9d71-55289e083fa5@group-EFD1D20A002C:t448, leader=null, voted=bf55b3f9-6b09-4365-9d71-55289e083fa5, raftlog=bf55b3f9-6b09-4365-9d71-55289e083fa5@group-EFD1D20A002C-SegmentedRaftLog:OPENED:c-1,f-1,i0, conf=-1: [f4c54511-b161-4347-aec5-5236dc80a0d8:0.0.0.0:41238, 907b9765-214b-4864-b66a-d6e2a5789e5c:0.0.0.0:41650, bf55b3f9-6b09-4365-9d71-55289e083fa5:0.0.0.0:42441], old=null
2019-10-16 18:01:32,465 [bf55b3f9-6b09-4365-9d71-55289e083fa5@group-EFD1D20A002C-LeaderElection381] INFO  impl.RaftServerImpl (RaftServerImpl.java:setRole(184)) - bf55b3f9-6b09-4365-9d71-55289e083fa5@group-EFD1D20A002C: changes role from CANDIDATE to FOLLOWER at term 448 for DISCOVERED_A_NEW_TERM
2019-10-16 18:01:32,465 [bf55b3f9-6b09-4365-9d71-55289e083fa5@group-EFD1D20A002C-LeaderElection381] INFO  impl.RoleInfo (RoleInfo.java:shutdownLeaderElection(134)) - bf55b3f9-6b09-4365-9d71-55289e083fa5: shutdown LeaderElection
2019-10-16 18:01:32,465 [bf55b3f9-6b09-4365-9d71-55289e083fa5@group-EFD1D20A002C-LeaderElection381] INFO  impl.RoleInfo (RoleInfo.java:updateAndGet(143)) - bf55b3f9-6b09-4365-9d71-55289e083fa5: start FollowerState
2019-10-16 18:01:32,507 [Thread-2723] INFO  impl.FollowerState (FollowerState.java:run(108)) - bf55b3f9-6b09-4365-9d71-55289e083fa5@group-EFD1D20A002C-FollowerState: change to CANDIDATE, lastRpcTime:41ms, electionTimeout:41ms
2019-10-16 18:01:32,507 [Thread-2723] INFO  impl.RoleInfo (RoleInfo.java:shutdownFollowerState(121)) - bf55b3f9-6b09-4365-9d71-55289e083fa5: shutdown FollowerState
2019-10-16 18:01:32,507 [Thread-2723] INFO  impl.RaftServerImpl (RaftServerImpl.java:setRole(184)) - bf55b3f9-6b09-4365-9d71-55289e083fa5@group-EFD1D20A002C: changes role from  FOLLOWER to CANDIDATE at term 448 for changeToCandidate
2019-10-16 18:01:32,507 [Thread-2723] INFO  impl.RoleInfo (RoleInfo.java:updateAndGet(143)) - bf55b3f9-6b09-4365-9d71-55289e083fa5: start LeaderElection
2019-10-16 18:01:32,549 [bf55b3f9-6b09-4365-9d71-55289e083fa5@group-EFD1D20A002C-LeaderElection382] INFO  impl.LeaderElection (LeaderElection.java:askForVotes(178)) - bf55b3f9-6b09-4365-9d71-55289e083fa5@group-EFD1D20A002C-LeaderElection382: begin an election at term 449 for -1: [f4c54511-b161-4347-aec5-5236dc80a0d8:0.0.0.0:41238, 907b9765-214b-4864-b66a-d6e2a5789e5c:0.0.0.0:41650, bf55b3f9-6b09-4365-9d71-55289e083fa5:0.0.0.0:42441], old=null
2019-10-16 18:01:32,551 [grpc-default-executor-1] INFO  impl.RaftServerImpl (RaftServerImpl.java:setRole(184)) - f4c54511-b161-4347-aec5-5236dc80a0d8@group-EFD1D20A002C: changes role from  FOLLOWER to FOLLOWER at term 449 for recognizeCandidate:bf55b3f9-6b09-4365-9d71-55289e083fa5
2019-10-16 18:01:32,551 [grpc-default-executor-1] INFO  impl.RoleInfo (RoleInfo.java:shutdownFollowerState(121)) - f4c54511-b161-4347-aec5-5236dc80a0d8: shutdown FollowerState
2019-10-16 18:01:32,551 [grpc-default-executor-1] INFO  impl.RoleInfo (RoleInfo.java:updateAndGet(143)) - f4c54511-b161-4347-aec5-5236dc80a0d8: start FollowerState
2019-10-16 18:01:32,551 [Thread-2721] INFO  impl.FollowerState (FollowerState.java:run(117)) - f4c54511-b161-4347-aec5-5236dc80a0d8@group-EFD1D20A002C-FollowerState was interrupted: java.lang.InterruptedException: sleep interrupted
2019-10-16 18:01:32,551 [grpc-default-executor-3] INFO  impl.RaftServerImpl (RaftServerImpl.java:setRole(184)) - 907b9765-214b-4864-b66a-d6e2a5789e5c@group-EFD1D20A002C: changes role from  FOLLOWER to FOLLOWER at term 449 for recognizeCandidate:bf55b3f9-6b09-4365-9d71-55289e083fa5
2019-10-16 18:01:32,551 [grpc-default-executor-3] INFO  impl.RoleInfo (RoleInfo.java:shutdownFollowerState(121)) - 907b9765-214b-4864-b66a-d6e2a5789e5c: shutdown FollowerState
2019-10-16 18:01:32,551 [grpc-default-executor-3] INFO  impl.RoleInfo (RoleInfo.java:updateAndGet(143)) - 907b9765-214b-4864-b66a-d6e2a5789e5c: start FollowerState
2019-10-16 18:01:32,551 [Thread-2722] INFO  impl.FollowerState (FollowerState.java:run(117)) - 907b9765-214b-4864-b66a-d6e2a5789e5c@group-EFD1D20A002C-FollowerState was interrupted: java.lang.InterruptedException: sleep interrupted
2019-10-16 18:01:32,593 [bf55b3f9-6b09-4365-9d71-55289e083fa5@group-EFD1D20A002C-LeaderElection382] INFO  impl.LeaderElection (LeaderElection.java:logAndReturn(56)) - bf55b3f9-6b09-4365-9d71-55289e083fa5@group-EFD1D20A002C-LeaderElection382: Election REJECTED; received 2 response(s) [bf55b3f9-6b09-4365-9d71-55289e083fa5<-f4c54511-b161-4347-aec5-5236dc80a0d8#0:FAIL-t449, bf55b3f9-6b09-4365-9d71-55289e083fa5<-907b9765-214b-4864-b66a-d6e2a5789e5c#0:FAIL-t449] and 0 exception(s); bf55b3f9-6b09-4365-9d71-55289e083fa5@group-EFD1D20A002C:t449, leader=null, voted=bf55b3f9-6b09-4365-9d71-55289e083fa5, raftlog=bf55b3f9-6b09-4365-9d71-55289e083fa5@group-EFD1D20A002C-SegmentedRaftLog:OPENED:c-1,f-1,i0, conf=-1: [f4c54511-b161-4347-aec5-5236dc80a0d8:0.0.0.0:41238, 907b9765-214b-4864-b66a-d6e2a5789e5c:0.0.0.0:41650, bf55b3f9-6b09-4365-9d71-55289e083fa5:0.0.0.0:42441], old=null
2019-10-16 18:01:32,593 [bf55b3f9-6b09-4365-9d71-55289e083fa5@group-EFD1D20A002C-LeaderElection382] INFO  impl.RaftServerImpl (RaftServerImpl.java:setRole(184)) - bf55b3f9-6b09-4365-9d71-55289e083fa5@group-EFD1D20A002C: changes role from CANDIDATE to FOLLOWER at term 449 for DISCOVERED_A_NEW_TERM
2019-10-16 18:01:32,594 [bf55b3f9-6b09-4365-9d71-55289e083fa5@group-EFD1D20A002C-LeaderElection382] INFO  impl.RoleInfo (RoleInfo.java:shutdownLeaderElection(134)) - bf55b3f9-6b09-4365-9d71-55289e083fa5: shutdown LeaderElection
2019-10-16 18:01:32,594 [bf55b3f9-6b09-4365-9d71-55289e083fa5@group-EFD1D20A002C-LeaderElection382] INFO  impl.RoleInfo (RoleInfo.java:updateAndGet(143)) - bf55b3f9-6b09-4365-9d71-55289e083fa5: start FollowerState
2019-10-16 18:01:32,791 [Thread-2729] INFO  impl.FollowerState (FollowerState.java:run(108)) - bf55b3f9-6b09-4365-9d71-55289e083fa5@group-EFD1D20A002C-FollowerState: change to CANDIDATE, lastRpcTime:197ms, electionTimeout:197ms
2019-10-16 18:01:32,791 [Thread-2729] INFO  impl.RoleInfo (RoleInfo.java:shutdownFollowerState(121)) - bf55b3f9-6b09-4365-9d71-55289e083fa5: shutdown FollowerState
2019-10-16 18:01:32,791 [Thread-2729] INFO  impl.RaftServerImpl (RaftServerImpl.java:setRole(184)) - bf55b3f9-6b09-4365-9d71-55289e083fa5@group-EFD1D20A002C: changes role from  FOLLOWER to CANDIDATE at term 449 for changeToCandidate
2019-10-16 18:01:32,792 [Thread-2729] INFO  impl.RoleInfo (RoleInfo.java:updateAndGet(143)) - bf55b3f9-6b09-4365-9d71-55289e083fa5: start LeaderElection
2019-10-16 18:01:32,834 [bf55b3f9-6b09-4365-9d71-55289e083fa5@group-EFD1D20A002C-LeaderElection383] INFO  impl.LeaderElection (LeaderElection.java:askForVotes(178)) - bf55b3f9-6b09-4365-9d71-55289e083fa5@group-EFD1D20A002C-LeaderElection383: begin an election at term 450 for -1: [f4c54511-b161-4347-aec5-5236dc80a0d8:0.0.0.0:41238, 907b9765-214b-4864-b66a-d6e2a5789e5c:0.0.0.0:41650, bf55b3f9-6b09-4365-9d71-55289e083fa5:0.0.0.0:42441], old=null
2019-10-16 18:01:32,835 [grpc-default-executor-3] INFO  impl.RaftServerImpl (RaftServerImpl.java:setRole(184)) - 907b9765-214b-4864-b66a-d6e2a5789e5c@group-EFD1D20A002C: changes role from  FOLLOWER to FOLLOWER at term 450 for recognizeCandidate:bf55b3f9-6b09-4365-9d71-55289e083fa5
2019-10-16 18:01:32,835 [grpc-default-executor-1] INFO  impl.RaftServerImpl (RaftServerImpl.java:setRole(184)) - f4c54511-b161-4347-aec5-5236dc80a0d8@group-EFD1D20A002C: changes role from  FOLLOWER to FOLLOWER at term 450 for recognizeCandidate:bf55b3f9-6b09-4365-9d71-55289e083fa5
2019-10-16 18:01:32,836 [grpc-default-executor-3] INFO  impl.RoleInfo (RoleInfo.java:shutdownFollowerState(121)) - 907b9765-214b-4864-b66a-d6e2a5789e5c: shutdown FollowerState
2019-10-16 18:01:32,836 [grpc-default-executor-1] INFO  impl.RoleInfo (RoleInfo.java:shutdownFollowerState(121)) - f4c54511-b161-4347-aec5-5236dc80a0d8: shutdown FollowerState
2019-10-16 18:01:32,836 [grpc-default-executor-3] INFO  impl.RoleInfo (RoleInfo.java:updateAndGet(143)) - 907b9765-214b-4864-b66a-d6e2a5789e5c: start FollowerState
2019-10-16 18:01:32,836 [Thread-2727] INFO  impl.FollowerState (FollowerState.java:run(117)) - f4c54511-b161-4347-aec5-5236dc80a0d8@group-EFD1D20A002C-FollowerState was interrupted: java.lang.InterruptedException: sleep interrupted
2019-10-16 18:01:32,836 [Thread-2728] INFO  impl.FollowerState (FollowerState.java:run(117)) - 907b9765-214b-4864-b66a-d6e2a5789e5c@group-EFD1D20A002C-FollowerState was interrupted: java.lang.InterruptedException: sleep interrupted
2019-10-16 18:01:32,836 [grpc-default-executor-1] INFO  impl.RoleInfo (RoleInfo.java:updateAndGet(143)) - f4c54511-b161-4347-aec5-5236dc80a0d8: start FollowerState
2019-10-16 18:01:32,841 [bf55b3f9-6b09-4365-9d71-55289e083fa5@group-EFD1D20A002C-LeaderElection383] INFO  impl.LeaderElection (LeaderElection.java:logAndReturn(56)) - bf55b3f9-6b09-4365-9d71-55289e083fa5@group-EFD1D20A002C-LeaderElection383: Election TIMEOUT; received 0 response(s) [] and 0 exception(s); bf55b3f9-6b09-4365-9d71-55289e083fa5@group-EFD1D20A002C:t450, leader=null, voted=bf55b3f9-6b09-4365-9d71-55289e083fa5, raftlog=bf55b3f9-6b09-4365-9d71-55289e083fa5@group-EFD1D20A002C-SegmentedRaftLog:OPENED:c-1,f-1,i0, conf=-1: [f4c54511-b161-4347-aec5-5236dc80a0d8:0.0.0.0:41238, 907b9765-214b-4864-b66a-d6e2a5789e5c:0.0.0.0:41650, bf55b3f9-6b09-4365-9d71-55289e083fa5:0.0.0.0:42441], old=null
2019-10-16 18:01:32,926 [bf55b3f9-6b09-4365-9d71-55289e083fa5@group-EFD1D20A002C-LeaderElection383] INFO  impl.LeaderElection (LeaderElection.java:askForVotes(178)) - bf55b3f9-6b09-4365-9d71-55289e083fa5@group-EFD1D20A002C-LeaderElection383: begin an election at term 451 for -1: [f4c54511-b161-4347-aec5-5236dc80a0d8:0.0.0.0:41238, 907b9765-214b-4864-b66a-d6e2a5789e5c:0.0.0.0:41650, bf55b3f9-6b09-4365-9d71-55289e083fa5:0.0.0.0:42441], old=null
2019-10-16 18:01:32,928 [grpc-default-executor-3] INFO  impl.RaftServerImpl (RaftServerImpl.java:setRole(184)) - f4c54511-b161-4347-aec5-5236dc80a0d8@group-EFD1D20A002C: changes role from  FOLLOWER to FOLLOWER at term 451 for recognizeCandidate:bf55b3f9-6b09-4365-9d71-55289e083fa5
2019-10-16 18:01:32,928 [grpc-default-executor-3] INFO  impl.RoleInfo (RoleInfo.java:shutdownFollowerState(121)) - f4c54511-b161-4347-aec5-5236dc80a0d8: shutdown FollowerState
2019-10-16 18:01:32,928 [grpc-default-executor-1] INFO  impl.RaftServerImpl (RaftServerImpl.java:setRole(184)) - 907b9765-214b-4864-b66a-d6e2a5789e5c@group-EFD1D20A002C: changes role from  FOLLOWER to FOLLOWER at term 451 for recognizeCandidate:bf55b3f9-6b09-4365-9d71-55289e083fa5
2019-10-16 18:01:32,928 [grpc-default-executor-1] INFO  impl.RoleInfo (RoleInfo.java:shutdownFollowerState(121)) - 907b9765-214b-4864-b66a-d6e2a5789e5c: shutdown FollowerState
2019-10-16 18:01:32,928 [Thread-2734] INFO  impl.FollowerState (FollowerState.java:run(117)) - f4c54511-b161-4347-aec5-5236dc80a0d8@group-EFD1D20A002C-FollowerState was interrupted: java.lang.InterruptedException: sleep interrupted
2019-10-16 18:01:32,928 [grpc-default-executor-3] INFO  impl.RoleInfo (RoleInfo.java:updateAndGet(143)) - f4c54511-b161-4347-aec5-5236dc80a0d8: start FollowerState
2019-10-16 18:01:32,928 [Thread-2733] INFO  impl.FollowerState (FollowerState.java:run(117)) - 907b9765-214b-4864-b66a-d6e2a5789e5c@group-EFD1D20A002C-FollowerState was interrupted: java.lang.InterruptedException: sleep interrupted
2019-10-16 18:01:32,928 [grpc-default-executor-1] INFO  impl.RoleInfo (RoleInfo.java:updateAndGet(143)) - 907b9765-214b-4864-b66a-d6e2a5789e5c: start FollowerState
2019-10-16 18:01:32,986 [bf55b3f9-6b09-4365-9d71-55289e083fa5@group-EFD1D20A002C-LeaderElection383] INFO  impl.LeaderElection (LeaderElection.java:logAndReturn(56)) - bf55b3f9-6b09-4365-9d71-55289e083fa5@group-EFD1D20A002C-LeaderElection383: Election REJECTED; received 2 response(s) [bf55b3f9-6b09-4365-9d71-55289e083fa5<-f4c54511-b161-4347-aec5-5236dc80a0d8#0:FAIL-t451, bf55b3f9-6b09-4365-9d71-55289e083fa5<-907b9765-214b-4864-b66a-d6e2a5789e5c#0:FAIL-t451] and 0 exception(s); bf55b3f9-6b09-4365-9d71-55289e083fa5@group-EFD1D20A002C:t451, leader=null, voted=bf55b3f9-6b09-4365-9d71-55289e083fa5, raftlog=bf55b3f9-6b09-4365-9d71-55289e083fa5@group-EFD1D20A002C-SegmentedRaftLog:OPENED:c-1,f-1,i0, conf=-1: [f4c54511-b161-4347-aec5-5236dc80a0d8:0.0.0.0:41238, 907b9765-214b-4864-b66a-d6e2a5789e5c:0.0.0.0:41650, bf55b3f9-6b09-4365-9d71-55289e083fa5:0.0.0.0:42441], old=null
2019-10-16 18:01:32,986 [bf55b3f9-6b09-4365-9d71-55289e083fa5@group-EFD1D20A002C-LeaderElection383] INFO  impl.RaftServerImpl (RaftServerImpl.java:setRole(184)) - bf55b3f9-6b09-4365-9d71-55289e083fa5@group-EFD1D20A002C: changes role from CANDIDATE to FOLLOWER at term 451 for DISCOVERED_A_NEW_TERM
2019-10-16 18:01:32,986 [bf55b3f9-6b09-4365-9d71-55289e083fa5@group-EFD1D20A002C-LeaderElection383] INFO  impl.RoleInfo (RoleInfo.java:shutdownLeaderElection(134)) - bf55b3f9-6b09-4365-9d71-55289e083fa5: shutdown LeaderElection
2019-10-16 18:01:32,987 [bf55b3f9-6b09-4365-9d71-55289e083fa5@group-EFD1D20A002C-LeaderElection383] INFO  impl.RoleInfo (RoleInfo.java:updateAndGet(143)) - bf55b3f9-6b09-4365-9d71-55289e083fa5: start FollowerState
2019-10-16 18:01:33,160 [Thread-2739] INFO  impl.FollowerState (FollowerState.java:run(108)) - bf55b3f9-6b09-4365-9d71-55289e083fa5@group-EFD1D20A002C-FollowerState: change to CANDIDATE, lastRpcTime:173ms, electionTimeout:173ms
2019-10-16 18:01:33,160 [Thread-2739] INFO  impl.RoleInfo (RoleInfo.java:shutdownFollowerState(121)) - bf55b3f9-6b09-4365-9d71-55289e083fa5: shutdown FollowerState
2019-10-16 18:01:33,160 [Thread-2739] INFO  impl.RaftServerImpl (RaftServerImpl.java:setRole(184)) - bf55b3f9-6b09-4365-9d71-55289e083fa5@group-EFD1D20A002C: changes role from  FOLLOWER to CANDIDATE at term 451 for changeToCandidate
2019-10-16 18:01:33,161 [Thread-2739] INFO  impl.RoleInfo (RoleInfo.java:updateAndGet(143)) - bf55b3f9-6b09-4365-9d71-55289e083fa5: start LeaderElection
2019-10-16 18:01:33,203 [bf55b3f9-6b09-4365-9d71-55289e083fa5@group-EFD1D20A002C-LeaderElection384] INFO  impl.LeaderElection (LeaderElection.java:askForVotes(178)) - bf55b3f9-6b09-4365-9d71-55289e083fa5@group-EFD1D20A002C-LeaderElection384: begin an election at term 452 for -1: [f4c54511-b161-4347-aec5-5236dc80a0d8:0.0.0.0:41238, 907b9765-214b-4864-b66a-d6e2a5789e5c:0.0.0.0:41650, bf55b3f9-6b09-4365-9d71-55289e083fa5:0.0.0.0:42441], old=null
2019-10-16 18:01:33,205 [grpc-default-executor-3] INFO  impl.RaftServerImpl (RaftServerImpl.java:setRole(184)) - f4c54511-b161-4347-aec5-5236dc80a0d8@group-EFD1D20A002C: changes role from  FOLLOWER to FOLLOWER at term 452 for recognizeCandidate:bf55b3f9-6b09-4365-9d71-55289e083fa5
2019-10-16 18:01:33,205 [grpc-default-executor-3] INFO  impl.RoleInfo (RoleInfo.java:shutdownFollowerState(121)) - f4c54511-b161-4347-aec5-5236dc80a0d8: shutdown FollowerState
2019-10-16 18:01:33,205 [grpc-default-executor-3] INFO  impl.RoleInfo (RoleInfo.java:updateAndGet(143)) - f4c54511-b161-4347-aec5-5236dc80a0d8: start FollowerState
2019-10-16 18:01:33,205 [grpc-default-executor-1] INFO  impl.RaftServerImpl (RaftServerImpl.java:setRole(184)) - 907b9765-214b-4864-b66a-d6e2a5789e5c@group-EFD1D20A002C: changes role from  FOLLOWER to FOLLOWER at term 452 for recognizeCandidate:bf55b3f9-6b09-4365-9d71-55289e083fa5
2019-10-16 18:01:33,206 [grpc-default-executor-1] INFO  impl.RoleInfo (RoleInfo.java:shutdownFollowerState(121)) - 907b9765-214b-4864-b66a-d6e2a5789e5c: shutdown FollowerState
2019-10-16 18:01:33,205 [Thread-2737] INFO  impl.FollowerState (FollowerState.java:run(117)) - f4c54511-b161-4347-aec5-5236dc80a0d8@group-EFD1D20A002C-FollowerState was interrupted: java.lang.InterruptedException: sleep interrupted
2019-10-16 18:01:33,206 [Thread-2738] INFO  impl.FollowerState (FollowerState.java:run(117)) - 907b9765-214b-4864-b66a-d6e2a5789e5c@group-EFD1D20A002C-FollowerState was interrupted: java.lang.InterruptedException: sleep interrupted
2019-10-16 18:01:33,206 [grpc-default-executor-1] INFO  impl.RoleInfo (RoleInfo.java:updateAndGet(143)) - 907b9765-214b-4864-b66a-d6e2a5789e5c: start FollowerState
2019-10-16 18:01:33,227 [bf55b3f9-6b09-4365-9d71-55289e083fa5@group-EFD1D20A002C-LeaderElection384] INFO  impl.LeaderElection (LeaderElection.java:logAndReturn(56)) - bf55b3f9-6b09-4365-9d71-55289e083fa5@group-EFD1D20A002C-LeaderElection384: Election TIMEOUT; received 0 response(s) [] and 0 exception(s); bf55b3f9-6b09-4365-9d71-55289e083fa5@group-EFD1D20A002C:t452, leader=null, voted=bf55b3f9-6b09-4365-9d71-55289e083fa5, raftlog=bf55b3f9-6b09-4365-9d71-55289e083fa5@group-EFD1D20A002C-SegmentedRaftLog:OPENED:c-1,f-1,i0, conf=-1: [f4c54511-b161-4347-aec5-5236dc80a0d8:0.0.0.0:41238, 907b9765-214b-4864-b66a-d6e2a5789e5c:0.0.0.0:41650, bf55b3f9-6b09-4365-9d71-55289e083fa5:0.0.0.0:42441], old=null
2019-10-16 18:01:33,329 [bf55b3f9-6b09-4365-9d71-55289e083fa5@group-EFD1D20A002C-LeaderElection384] INFO  impl.LeaderElection (LeaderElection.java:askForVotes(178)) - bf55b3f9-6b09-4365-9d71-55289e083fa5@group-EFD1D20A002C-LeaderElection384: begin an election at term 453 for -1: [f4c54511-b161-4347-aec5-5236dc80a0d8:0.0.0.0:41238, 907b9765-214b-4864-b66a-d6e2a5789e5c:0.0.0.0:41650, bf55b3f9-6b09-4365-9d71-55289e083fa5:0.0.0.0:42441], old=null
2019-10-16 18:01:33,331 [grpc-default-executor-3] INFO  impl.RaftServerImpl (RaftServerImpl.java:setRole(184)) - f4c54511-b161-4347-aec5-5236dc80a0d8@group-EFD1D20A002C: changes role from  FOLLOWER to FOLLOWER at term 453 for recognizeCandidate:bf55b3f9-6b09-4365-9d71-55289e083fa5
2019-10-16 18:01:33,331 [grpc-default-executor-1] INFO  impl.RaftServerImpl (RaftServerImpl.java:setRole(184)) - 907b9765-214b-4864-b66a-d6e2a5789e5c@group-EFD1D20A002C: changes role from  FOLLOWER to FOLLOWER at term 453 for recognizeCandidate:bf55b3f9-6b09-4365-9d71-55289e083fa5
2019-10-16 18:01:33,331 [grpc-default-executor-1] INFO  impl.RoleInfo (RoleInfo.java:shutdownFollowerState(121)) - 907b9765-214b-4864-b66a-d6e2a5789e5c: shutdown FollowerState
2019-10-16 18:01:33,331 [grpc-default-executor-3] INFO  impl.RoleInfo (RoleInfo.java:shutdownFollowerState(121)) - f4c54511-b161-4347-aec5-5236dc80a0d8: shutdown FollowerState
2019-10-16 18:01:33,331 [Thread-2746] INFO  impl.FollowerState (FollowerState.java:run(117)) - 907b9765-214b-4864-b66a-d6e2a5789e5c@group-EFD1D20A002C-FollowerState was interrupted: java.lang.InterruptedException: sleep interrupted
2019-10-16 18:01:33,331 [grpc-default-executor-1] INFO  impl.RoleInfo (RoleInfo.java:updateAndGet(143)) - 907b9765-214b-4864-b66a-d6e2a5789e5c: start FollowerState
2019-10-16 18:01:33,331 [Thread-2745] INFO  impl.FollowerState (FollowerState.java:run(117)) - f4c54511-b161-4347-aec5-5236dc80a0d8@group-EFD1D20A002C-FollowerState was interrupted: java.lang.InterruptedException: sleep interrupted
2019-10-16 18:01:33,331 [grpc-default-executor-3] INFO  impl.RoleInfo (RoleInfo.java:updateAndGet(143)) - f4c54511-b161-4347-aec5-5236dc80a0d8: start FollowerState
2019-10-16 18:01:33,414 [bf55b3f9-6b09-4365-9d71-55289e083fa5@group-EFD1D20A002C-LeaderElection384] INFO  impl.LeaderElection (LeaderElection.java:logAndReturn(56)) - bf55b3f9-6b09-4365-9d71-55289e083fa5@group-EFD1D20A002C-LeaderElection384: Election REJECTED; received 2 response(s) [bf55b3f9-6b09-4365-9d71-55289e083fa5<-f4c54511-b161-4347-aec5-5236dc80a0d8#0:FAIL-t453, bf55b3f9-6b09-4365-9d71-55289e083fa5<-907b9765-214b-4864-b66a-d6e2a5789e5c#0:FAIL-t453] and 0 exception(s); bf55b3f9-6b09-4365-9d71-55289e083fa5@group-EFD1D20A002C:t453, leader=null, voted=bf55b3f9-6b09-4365-9d71-55289e083fa5, raftlog=bf55b3f9-6b09-4365-9d71-55289e083fa5@group-EFD1D20A002C-SegmentedRaftLog:OPENED:c-1,f-1,i0, conf=-1: [f4c54511-b161-4347-aec5-5236dc80a0d8:0.0.0.0:41238, 907b9765-214b-4864-b66a-d6e2a5789e5c:0.0.0.0:41650, bf55b3f9-6b09-4365-9d71-55289e083fa5:0.0.0.0:42441], old=null
2019-10-16 18:01:33,414 [bf55b3f9-6b09-4365-9d71-55289e083fa5@group-EFD1D20A002C-LeaderElection384] INFO  impl.RaftServerImpl (RaftServerImpl.java:setRole(184)) - bf55b3f9-6b09-4365-9d71-55289e083fa5@group-EFD1D20A002C: changes role from CANDIDATE to FOLLOWER at term 453 for DISCOVERED_A_NEW_TERM
2019-10-16 18:01:33,414 [bf55b3f9-6b09-4365-9d71-55289e083fa5@group-EFD1D20A002C-LeaderElection384] INFO  impl.RoleInfo (RoleInfo.java:shutdownLeaderElection(134)) - bf55b3f9-6b09-4365-9d71-55289e083fa5: shutdown LeaderElection
2019-10-16 18:01:33,414 [bf55b3f9-6b09-4365-9d71-55289e083fa5@group-EFD1D20A002C-LeaderElection384] INFO  impl.RoleInfo (RoleInfo.java:updateAndGet(143)) - bf55b3f9-6b09-4365-9d71-55289e083fa5: start FollowerState
2019-10-16 18:01:33,585 [Thread-2751] INFO  impl.FollowerState (FollowerState.java:run(108)) - bf55b3f9-6b09-4365-9d71-55289e083fa5@group-EFD1D20A002C-FollowerState: change to CANDIDATE, lastRpcTime:170ms, electionTimeout:170ms
2019-10-16 18:01:33,586 [Thread-2751] INFO  impl.RoleInfo (RoleInfo.java:shutdownFollowerState(121)) - bf55b3f9-6b09-4365-9d71-55289e083fa5: shutdown FollowerState
2019-10-16 18:01:33,586 [Thread-2751] INFO  impl.RaftServerImpl (RaftServerImpl.java:setRole(184)) - bf55b3f9-6b09-4365-9d71-55289e083fa5@group-EFD1D20A002C: changes role from  FOLLOWER to CANDIDATE at term 453 for changeToCandidate
2019-10-16 18:01:33,586 [Thread-2751] INFO  impl.RoleInfo (RoleInfo.java:updateAndGet(143)) - bf55b3f9-6b09-4365-9d71-55289e083fa5: start LeaderElection
2019-10-16 18:01:33,640 [bf55b3f9-6b09-4365-9d71-55289e083fa5@group-EFD1D20A002C-LeaderElection385] INFO  impl.LeaderElection (LeaderElection.java:askForVotes(178)) - bf55b3f9-6b09-4365-9d71-55289e083fa5@group-EFD1D20A002C-LeaderElection385: begin an election at term 454 for -1: [f4c54511-b161-4347-aec5-5236dc80a0d8:0.0.0.0:41238, 907b9765-214b-4864-b66a-d6e2a5789e5c:0.0.0.0:41650, bf55b3f9-6b09-4365-9d71-55289e083fa5:0.0.0.0:42441], old=null
2019-10-16 18:01:33,646 [grpc-default-executor-3] INFO  impl.RaftServerImpl (RaftServerImpl.java:setRole(184)) - 907b9765-214b-4864-b66a-d6e2a5789e5c@group-EFD1D20A002C: changes role from  FOLLOWER to FOLLOWER at term 454 for recognizeCandidate:bf55b3f9-6b09-4365-9d71-55289e083fa5
2019-10-16 18:01:33,646 [grpc-default-executor-3] INFO  impl.RoleInfo (RoleInfo.java:shutdownFollowerState(121)) - 907b9765-214b-4864-b66a-d6e2a5789e5c: shutdown FollowerState
2019-10-16 18:01:33,646 [grpc-default-executor-1] INFO  impl.RaftServerImpl (RaftServerImpl.java:setRole(184)) - f4c54511-b161-4347-aec5-5236dc80a0d8@group-EFD1D20A002C: changes role from  FOLLOWER to FOLLOWER at term 454 for recognizeCandidate:bf55b3f9-6b09-4365-9d71-55289e083fa5
2019-10-16 18:01:33,646 [Thread-2749] INFO  impl.FollowerState (FollowerState.java:run(117)) - 907b9765-214b-4864-b66a-d6e2a5789e5c@group-EFD1D20A002C-FollowerState was interrupted: java.lang.InterruptedException: sleep interrupted
2019-10-16 18:01:33,646 [grpc-default-executor-3] INFO  impl.RoleInfo (RoleInfo.java:updateAndGet(143)) - 907b9765-214b-4864-b66a-d6e2a5789e5c: start FollowerState
2019-10-16 18:01:33,646 [grpc-default-executor-1] INFO  impl.RoleInfo (RoleInfo.java:shutdownFollowerState(121)) - f4c54511-b161-4347-aec5-5236dc80a0d8: shutdown FollowerState
2019-10-16 18:01:33,647 [grpc-default-executor-1] INFO  impl.RoleInfo (RoleInfo.java:updateAndGet(143)) - f4c54511-b161-4347-aec5-5236dc80a0d8: start FollowerState
2019-10-16 18:01:33,647 [Thread-2750] INFO  impl.FollowerState (FollowerState.java:run(117)) - f4c54511-b161-4347-aec5-5236dc80a0d8@group-EFD1D20A002C-FollowerState was interrupted: java.lang.InterruptedException: sleep interrupted
2019-10-16 18:01:33,725 [bf55b3f9-6b09-4365-9d71-55289e083fa5@group-EFD1D20A002C-LeaderElection385] INFO  impl.LeaderElection (LeaderElection.java:logAndReturn(56)) - bf55b3f9-6b09-4365-9d71-55289e083fa5@group-EFD1D20A002C-LeaderElection385: Election REJECTED; received 2 response(s) [bf55b3f9-6b09-4365-9d71-55289e083fa5<-f4c54511-b161-4347-aec5-5236dc80a0d8#0:FAIL-t454, bf55b3f9-6b09-4365-9d71-55289e083fa5<-907b9765-214b-4864-b66a-d6e2a5789e5c#0:FAIL-t454] and 0 exception(s); bf55b3f9-6b09-4365-9d71-55289e083fa5@group-EFD1D20A002C:t454, leader=null, voted=bf55b3f9-6b09-4365-9d71-55289e083fa5, raftlog=bf55b3f9-6b09-4365-9d71-55289e083fa5@group-EFD1D20A002C-SegmentedRaftLog:OPENED:c-1,f-1,i0, conf=-1: [f4c54511-b161-4347-aec5-5236dc80a0d8:0.0.0.0:41238, 907b9765-214b-4864-b66a-d6e2a5789e5c:0.0.0.0:41650, bf55b3f9-6b09-4365-9d71-55289e083fa5:0.0.0.0:42441], old=null
2019-10-16 18:01:33,726 [bf55b3f9-6b09-4365-9d71-55289e083fa5@group-EFD1D20A002C-LeaderElection385] INFO  impl.RaftServerImpl (RaftServerImpl.java:setRole(184)) - bf55b3f9-6b09-4365-9d71-55289e083fa5@group-EFD1D20A002C: changes role from CANDIDATE to FOLLOWER at term 454 for DISCOVERED_A_NEW_TERM
2019-10-16 18:01:33,726 [bf55b3f9-6b09-4365-9d71-55289e083fa5@group-EFD1D20A002C-LeaderElection385] INFO  impl.RoleInfo (RoleInfo.java:shutdownLeaderElection(134)) - bf55b3f9-6b09-4365-9d71-55289e083fa5: shutdown LeaderElection
2019-10-16 18:01:33,726 [bf55b3f9-6b09-4365-9d71-55289e083fa5@group-EFD1D20A002C-LeaderElection385] INFO  impl.RoleInfo (RoleInfo.java:updateAndGet(143)) - bf55b3f9-6b09-4365-9d71-55289e083fa5: start FollowerState
2019-10-16 18:01:33,827 [Thread-2757] INFO  impl.FollowerState (FollowerState.java:run(108)) - bf55b3f9-6b09-4365-9d71-55289e083fa5@group-EFD1D20A002C-FollowerState: change to CANDIDATE, lastRpcTime:101ms, electionTimeout:101ms
2019-10-16 18:01:33,827 [Thread-2757] INFO  impl.RoleInfo (RoleInfo.java:shutdownFollowerState(121)) - bf55b3f9-6b09-4365-9d71-55289e083fa5: shutdown FollowerState
2019-10-16 18:01:33,827 [Thread-2757] INFO  impl.RaftServerImpl (RaftServerImpl.java:setRole(184)) - bf55b3f9-6b09-4365-9d71-55289e083fa5@group-EFD1D20A002C: changes role from  FOLLOWER to CANDIDATE at term 454 for changeToCandidate
2019-10-16 18:01:33,828 [Thread-2757] INFO  impl.RoleInfo (RoleInfo.java:updateAndGet(143)) - bf55b3f9-6b09-4365-9d71-55289e083fa5: start LeaderElection
2019-10-16 18:01:33,892 [bf55b3f9-6b09-4365-9d71-55289e083fa5@group-EFD1D20A002C-LeaderElection386] INFO  impl.LeaderElection (LeaderElection.java:askForVotes(178)) - bf55b3f9-6b09-4365-9d71-55289e083fa5@group-EFD1D20A002C-LeaderElection386: begin an election at term 455 for -1: [f4c54511-b161-4347-aec5-5236dc80a0d8:0.0.0.0:41238, 907b9765-214b-4864-b66a-d6e2a5789e5c:0.0.0.0:41650, bf55b3f9-6b09-4365-9d71-55289e083fa5:0.0.0.0:42441], old=null
2019-10-16 18:01:33,894 [grpc-default-executor-3] INFO  impl.RaftServerImpl (RaftServerImpl.java:setRole(184)) - 907b9765-214b-4864-b66a-d6e2a5789e5c@group-EFD1D20A002C: changes role from  FOLLOWER to FOLLOWER at term 455 for recognizeCandidate:bf55b3f9-6b09-4365-9d71-55289e083fa5
2019-10-16 18:01:33,894 [grpc-default-executor-1] INFO  impl.RaftServerImpl (RaftServerImpl.java:setRole(184)) - f4c54511-b161-4347-aec5-5236dc80a0d8@group-EFD1D20A002C: changes role from  FOLLOWER to FOLLOWER at term 455 for recognizeCandidate:bf55b3f9-6b09-4365-9d71-55289e083fa5
2019-10-16 18:01:33,894 [grpc-default-executor-3] INFO  impl.RoleInfo (RoleInfo.java:shutdownFollowerState(121)) - 907b9765-214b-4864-b66a-d6e2a5789e5c: shutdown FollowerState
2019-10-16 18:01:33,894 [grpc-default-executor-1] INFO  impl.RoleInfo (RoleInfo.java:shutdownFollowerState(121)) - f4c54511-b161-4347-aec5-5236dc80a0d8: shutdown FollowerState
2019-10-16 18:01:33,894 [grpc-default-executor-3] INFO  impl.RoleInfo (RoleInfo.java:updateAndGet(143)) - 907b9765-214b-4864-b66a-d6e2a5789e5c: start FollowerState
2019-10-16 18:01:33,894 [Thread-2755] INFO  impl.FollowerState (FollowerState.java:run(117)) - 907b9765-214b-4864-b66a-d6e2a5789e5c@group-EFD1D20A002C-FollowerState was interrupted: java.lang.InterruptedException: sleep interrupted
2019-10-16 18:01:33,894 [grpc-default-executor-1] INFO  impl.RoleInfo (RoleInfo.java:updateAndGet(143)) - f4c54511-b161-4347-aec5-5236dc80a0d8: start FollowerState
2019-10-16 18:01:33,894 [Thread-2756] INFO  impl.FollowerState (FollowerState.java:run(117)) - f4c54511-b161-4347-aec5-5236dc80a0d8@group-EFD1D20A002C-FollowerState was interrupted: java.lang.InterruptedException: sleep interrupted
2019-10-16 18:01:33,986 [bf55b3f9-6b09-4365-9d71-55289e083fa5@group-EFD1D20A002C-LeaderElection386] INFO  impl.LeaderElection (LeaderElection.java:logAndReturn(56)) - bf55b3f9-6b09-4365-9d71-55289e083fa5@group-EFD1D20A002C-LeaderElection386: Election REJECTED; received 2 response(s) [bf55b3f9-6b09-4365-9d71-55289e083fa5<-f4c54511-b161-4347-aec5-5236dc80a0d8#0:FAIL-t455, bf55b3f9-6b09-4365-9d71-55289e083fa5<-907b9765-214b-4864-b66a-d6e2a5789e5c#0:FAIL-t455] and 0 exception(s); bf55b3f9-6b09-4365-9d71-55289e083fa5@group-EFD1D20A002C:t455, leader=null, voted=bf55b3f9-6b09-4365-9d71-55289e083fa5, raftlog=bf55b3f9-6b09-4365-9d71-55289e083fa5@group-EFD1D20A002C-SegmentedRaftLog:OPENED:c-1,f-1,i0, conf=-1: [f4c54511-b161-4347-aec5-5236dc80a0d8:0.0.0.0:41238, 907b9765-214b-4864-b66a-d6e2a5789e5c:0.0.0.0:41650, bf55b3f9-6b09-4365-9d71-55289e083fa5:0.0.0.0:42441], old=null
2019-10-16 18:01:33,986 [bf55b3f9-6b09-4365-9d71-55289e083fa5@group-EFD1D20A002C-LeaderElection386] INFO  impl.RaftServerImpl (RaftServerImpl.java:setRole(184)) - bf55b3f9-6b09-4365-9d71-55289e083fa5@group-EFD1D20A002C: changes role from CANDIDATE to FOLLOWER at term 455 for DISCOVERED_A_NEW_TERM
2019-10-16 18:01:33,987 [bf55b3f9-6b09-4365-9d71-55289e083fa5@group-EFD1D20A002C-LeaderElection386] INFO  impl.RoleInfo (RoleInfo.java:shutdownLeaderElection(134)) - bf55b3f9-6b09-4365-9d71-55289e083fa5: shutdown LeaderElection
2019-10-16 18:01:33,987 [bf55b3f9-6b09-4365-9d71-55289e083fa5@group-EFD1D20A002C-LeaderElection386] INFO  impl.RoleInfo (RoleInfo.java:updateAndGet(143)) - bf55b3f9-6b09-4365-9d71-55289e083fa5: start FollowerState
2019-10-16 18:01:34,021 [Thread-2763] INFO  impl.FollowerState (FollowerState.java:run(108)) - bf55b3f9-6b09-4365-9d71-55289e083fa5@group-EFD1D20A002C-FollowerState: change to CANDIDATE, lastRpcTime:34ms, electionTimeout:34ms
2019-10-16 18:01:34,022 [Thread-2763] INFO  impl.RoleInfo (RoleInfo.java:shutdownFollowerState(121)) - bf55b3f9-6b09-4365-9d71-55289e083fa5: shutdown FollowerState
2019-10-16 18:01:34,022 [Thread-2763] INFO  impl.RaftServerImpl (RaftServerImpl.java:setRole(184)) - bf55b3f9-6b09-4365-9d71-55289e083fa5@group-EFD1D20A002C: changes role from  FOLLOWER to CANDIDATE at term 455 for changeToCandidate
2019-10-16 18:01:34,022 [Thread-2763] INFO  impl.RoleInfo (RoleInfo.java:updateAndGet(143)) - bf55b3f9-6b09-4365-9d71-55289e083fa5: start LeaderElection
2019-10-16 18:01:34,044 [bf55b3f9-6b09-4365-9d71-55289e083fa5@group-EFD1D20A002C-LeaderElection387] INFO  impl.LeaderElection (LeaderElection.java:askForVotes(178)) - bf55b3f9-6b09-4365-9d71-55289e083fa5@group-EFD1D20A002C-LeaderElection387: begin an election at term 456 for -1: [f4c54511-b161-4347-aec5-5236dc80a0d8:0.0.0.0:41238, 907b9765-214b-4864-b66a-d6e2a5789e5c:0.0.0.0:41650, bf55b3f9-6b09-4365-9d71-55289e083fa5:0.0.0.0:42441], old=null
2019-10-16 18:01:34,046 [grpc-default-executor-3] INFO  impl.RaftServerImpl (RaftServerImpl.java:setRole(184)) - 907b9765-214b-4864-b66a-d6e2a5789e5c@group-EFD1D20A002C: changes role from  FOLLOWER to FOLLOWER at term 456 for recognizeCandidate:bf55b3f9-6b09-4365-9d71-55289e083fa5
2019-10-16 18:01:34,046 [grpc-default-executor-1] INFO  impl.RaftServerImpl (RaftServerImpl.java:setRole(184)) - f4c54511-b161-4347-aec5-5236dc80a0d8@group-EFD1D20A002C: changes role from  FOLLOWER to FOLLOWER at term 456 for recognizeCandidate:bf55b3f9-6b09-4365-9d71-55289e083fa5
2019-10-16 18:01:34,046 [grpc-default-executor-3] INFO  impl.RoleInfo (RoleInfo.java:shutdownFollowerState(121)) - 907b9765-214b-4864-b66a-d6e2a5789e5c: shutdown FollowerState
2019-10-16 18:01:34,047 [grpc-default-executor-1] INFO  impl.RoleInfo (RoleInfo.java:shutdownFollowerState(121)) - f4c54511-b161-4347-aec5-5236dc80a0d8: shutdown FollowerState
2019-10-16 18:01:34,047 [Thread-2761] INFO  impl.FollowerState (FollowerState.java:run(117)) - 907b9765-214b-4864-b66a-d6e2a5789e5c@group-EFD1D20A002C-FollowerState was interrupted: java.lang.InterruptedException: sleep interrupted
2019-10-16 18:01:34,047 [grpc-default-executor-3] INFO  impl.RoleInfo (RoleInfo.java:updateAndGet(143)) - 907b9765-214b-4864-b66a-d6e2a5789e5c: start FollowerState
2019-10-16 18:01:34,047 [Thread-2762] INFO  impl.FollowerState (FollowerState.java:run(117)) - f4c54511-b161-4347-aec5-5236dc80a0d8@group-EFD1D20A002C-FollowerState was interrupted: java.lang.InterruptedException: sleep interrupted
2019-10-16 18:01:34,047 [grpc-default-executor-1] INFO  impl.RoleInfo (RoleInfo.java:updateAndGet(143)) - f4c54511-b161-4347-aec5-5236dc80a0d8: start FollowerState
2019-10-16 18:01:34,070 [bf55b3f9-6b09-4365-9d71-55289e083fa5@group-EFD1D20A002C-LeaderElection387] INFO  impl.LeaderElection (LeaderElection.java:logAndReturn(56)) - bf55b3f9-6b09-4365-9d71-55289e083fa5@group-EFD1D20A002C-LeaderElection387: Election REJECTED; received 2 response(s) [bf55b3f9-6b09-4365-9d71-55289e083fa5<-f4c54511-b161-4347-aec5-5236dc80a0d8#0:FAIL-t456, bf55b3f9-6b09-4365-9d71-55289e083fa5<-907b9765-214b-4864-b66a-d6e2a5789e5c#0:FAIL-t456] and 0 exception(s); bf55b3f9-6b09-4365-9d71-55289e083fa5@group-EFD1D20A002C:t456, leader=null, voted=bf55b3f9-6b09-4365-9d71-55289e083fa5, raftlog=bf55b3f9-6b09-4365-9d71-55289e083fa5@group-EFD1D20A002C-SegmentedRaftLog:OPENED:c-1,f-1,i0, conf=-1: [f4c54511-b161-4347-aec5-5236dc80a0d8:0.0.0.0:41238, 907b9765-214b-4864-b66a-d6e2a5789e5c:0.0.0.0:41650, bf55b3f9-6b09-4365-9d71-55289e083fa5:0.0.0.0:42441], old=null
2019-10-16 18:01:34,070 [bf55b3f9-6b09-4365-9d71-55289e083fa5@group-EFD1D20A002C-LeaderElection387] INFO  impl.RaftServerImpl (RaftServerImpl.java:setRole(184)) - bf55b3f9-6b09-4365-9d71-55289e083fa5@group-EFD1D20A002C: changes role from CANDIDATE to FOLLOWER at term 456 for DISCOVERED_A_NEW_TERM
2019-10-16 18:01:34,070 [bf55b3f9-6b09-4365-9d71-55289e083fa5@group-EFD1D20A002C-LeaderElection387] INFO  impl.RoleInfo (RoleInfo.java:shutdownLeaderElection(134)) - bf55b3f9-6b09-4365-9d71-55289e083fa5: shutdown LeaderElection
2019-10-16 18:01:34,071 [bf55b3f9-6b09-4365-9d71-55289e083fa5@group-EFD1D20A002C-LeaderElection387] INFO  impl.RoleInfo (RoleInfo.java:updateAndGet(143)) - bf55b3f9-6b09-4365-9d71-55289e083fa5: start FollowerState
2019-10-16 18:01:34,207 [Thread-2769] INFO  impl.FollowerState (FollowerState.java:run(108)) - bf55b3f9-6b09-4365-9d71-55289e083fa5@group-EFD1D20A002C-FollowerState: change to CANDIDATE, lastRpcTime:136ms, electionTimeout:136ms
2019-10-16 18:01:34,207 [Thread-2769] INFO  impl.RoleInfo (RoleInfo.java:shutdownFollowerState(121)) - bf55b3f9-6b09-4365-9d71-55289e083fa5: shutdown FollowerState
2019-10-16 18:01:34,207 [Thread-2769] INFO  impl.RaftServerImpl (RaftServerImpl.java:setRole(184)) - bf55b3f9-6b09-4365-9d71-55289e083fa5@group-EFD1D20A002C: changes role from  FOLLOWER to CANDIDATE at term 456 for changeToCandidate
2019-10-16 18:01:34,207 [Thread-2769] INFO  impl.RoleInfo (RoleInfo.java:updateAndGet(143)) - bf55b3f9-6b09-4365-9d71-55289e083fa5: start LeaderElection
2019-10-16 18:01:34,246 [bf55b3f9-6b09-4365-9d71-55289e083fa5@group-EFD1D20A002C-LeaderElection388] INFO  impl.LeaderElection (LeaderElection.java:askForVotes(178)) - bf55b3f9-6b09-4365-9d71-55289e083fa5@group-EFD1D20A002C-LeaderElection388: begin an election at term 457 for -1: [f4c54511-b161-4347-aec5-5236dc80a0d8:0.0.0.0:41238, 907b9765-214b-4864-b66a-d6e2a5789e5c:0.0.0.0:41650, bf55b3f9-6b09-4365-9d71-55289e083fa5:0.0.0.0:42441], old=null
2019-10-16 18:01:34,247 [grpc-default-executor-3] INFO  impl.RaftServerImpl (RaftServerImpl.java:setRole(184)) - 907b9765-214b-4864-b66a-d6e2a5789e5c@group-EFD1D20A002C: changes role from  FOLLOWER to FOLLOWER at term 457 for recognizeCandidate:bf55b3f9-6b09-4365-9d71-55289e083fa5
2019-10-16 18:01:34,247 [grpc-default-executor-1] INFO  impl.RaftServerImpl (RaftServerImpl.java:setRole(184)) - f4c54511-b161-4347-aec5-5236dc80a0d8@group-EFD1D20A002C: changes role from  FOLLOWER to FOLLOWER at term 457 for recognizeCandidate:bf55b3f9-6b09-4365-9d71-55289e083fa5
2019-10-16 18:01:34,247 [grpc-default-executor-3] INFO  impl.RoleInfo (RoleInfo.java:shutdownFollowerState(121)) - 907b9765-214b-4864-b66a-d6e2a5789e5c: shutdown FollowerState
2019-10-16 18:01:34,248 [grpc-default-executor-1] INFO  impl.RoleInfo (RoleInfo.java:shutdownFollowerState(121)) - f4c54511-b161-4347-aec5-5236dc80a0d8: shutdown FollowerState
2019-10-16 18:01:34,248 [Thread-2767] INFO  impl.FollowerState (FollowerState.java:run(117)) - 907b9765-214b-4864-b66a-d6e2a5789e5c@group-EFD1D20A002C-FollowerState was interrupted: java.lang.InterruptedException: sleep interrupted
2019-10-16 18:01:34,248 [grpc-default-executor-3] INFO  impl.RoleInfo (RoleInfo.java:updateAndGet(143)) - 907b9765-214b-4864-b66a-d6e2a5789e5c: start FollowerState
2019-10-16 18:01:34,248 [Thread-2768] INFO  impl.FollowerState (FollowerState.java:run(117)) - f4c54511-b161-4347-aec5-5236dc80a0d8@group-EFD1D20A002C-FollowerState was interrupted: java.lang.InterruptedException: sleep interrupted
2019-10-16 18:01:34,248 [grpc-default-executor-1] INFO  impl.RoleInfo (RoleInfo.java:updateAndGet(143)) - f4c54511-b161-4347-aec5-5236dc80a0d8: start FollowerState
2019-10-16 18:01:34,272 [bf55b3f9-6b09-4365-9d71-55289e083fa5@group-EFD1D20A002C-LeaderElection388] INFO  impl.LeaderElection (LeaderElection.java:logAndReturn(56)) - bf55b3f9-6b09-4365-9d71-55289e083fa5@group-EFD1D20A002C-LeaderElection388: Election REJECTED; received 2 response(s) [bf55b3f9-6b09-4365-9d71-55289e083fa5<-f4c54511-b161-4347-aec5-5236dc80a0d8#0:FAIL-t457, bf55b3f9-6b09-4365-9d71-55289e083fa5<-907b9765-214b-4864-b66a-d6e2a5789e5c#0:FAIL-t457] and 0 exception(s); bf55b3f9-6b09-4365-9d71-55289e083fa5@group-EFD1D20A002C:t457, leader=null, voted=bf55b3f9-6b09-4365-9d71-55289e083fa5, raftlog=bf55b3f9-6b09-4365-9d71-55289e083fa5@group-EFD1D20A002C-SegmentedRaftLog:OPENED:c-1,f-1,i0, conf=-1: [f4c54511-b161-4347-aec5-5236dc80a0d8:0.0.0.0:41238, 907b9765-214b-4864-b66a-d6e2a5789e5c:0.0.0.0:41650, bf55b3f9-6b09-4365-9d71-55289e083fa5:0.0.0.0:42441], old=null
2019-10-16 18:01:34,272 [bf55b3f9-6b09-4365-9d71-55289e083fa5@group-EFD1D20A002C-LeaderElection388] INFO  impl.RaftServerImpl (RaftServerImpl.java:setRole(184)) - bf55b3f9-6b09-4365-9d71-55289e083fa5@group-EFD1D20A002C: changes role from CANDIDATE to FOLLOWER at term 457 for DISCOVERED_A_NEW_TERM
2019-10-16 18:01:34,272 [bf55b3f9-6b09-4365-9d71-55289e083fa5@group-EFD1D20A002C-LeaderElection388] INFO  impl.RoleInfo (RoleInfo.java:shutdownLeaderElection(134)) - bf55b3f9-6b09-4365-9d71-55289e083fa5: shutdown LeaderElection
2019-10-16 18:01:34,272 [bf55b3f9-6b09-4365-9d71-55289e083fa5@group-EFD1D20A002C-LeaderElection388] INFO  impl.RoleInfo (RoleInfo.java:updateAndGet(143)) - bf55b3f9-6b09-4365-9d71-55289e083fa5: start FollowerState
2019-10-16 18:01:34,440 [Thread-2777] INFO  impl.FollowerState (FollowerState.java:run(108)) - bf55b3f9-6b09-4365-9d71-55289e083fa5@group-EFD1D20A002C-FollowerState: change to CANDIDATE, lastRpcTime:167ms, electionTimeout:167ms
2019-10-16 18:01:34,440 [Thread-2777] INFO  impl.RoleInfo (RoleInfo.java:shutdownFollowerState(121)) - bf55b3f9-6b09-4365-9d71-55289e083fa5: shutdown FollowerState
2019-10-16 18:01:34,440 [Thread-2777] INFO  impl.RaftServerImpl (RaftServerImpl.java:setRole(184)) - bf55b3f9-6b09-4365-9d71-55289e083fa5@group-EFD1D20A002C: changes role from  FOLLOWER to CANDIDATE at term 457 for changeToCandidate
2019-10-16 18:01:34,440 [Thread-2777] INFO  impl.RoleInfo (RoleInfo.java:updateAndGet(143)) - bf55b3f9-6b09-4365-9d71-55289e083fa5: start LeaderElection
2019-10-16 18:01:34,466 [bf55b3f9-6b09-4365-9d71-55289e083fa5@group-EFD1D20A002C-LeaderElection389] INFO  impl.LeaderElection (LeaderElection.java:askForVotes(178)) - bf55b3f9-6b09-4365-9d71-55289e083fa5@group-EFD1D20A002C-LeaderElection389: begin an election at term 458 for -1: [f4c54511-b161-4347-aec5-5236dc80a0d8:0.0.0.0:41238, 907b9765-214b-4864-b66a-d6e2a5789e5c:0.0.0.0:41650, bf55b3f9-6b09-4365-9d71-55289e083fa5:0.0.0.0:42441], old=null
2019-10-16 18:01:34,468 [grpc-default-executor-3] INFO  impl.RaftServerImpl (RaftServerImpl.java:setRole(184)) - f4c54511-b161-4347-aec5-5236dc80a0d8@group-EFD1D20A002C: changes role from  FOLLOWER to FOLLOWER at term 458 for recognizeCandidate:bf55b3f9-6b09-4365-9d71-55289e083fa5
2019-10-16 18:01:34,468 [grpc-default-executor-1] INFO  impl.RaftServerImpl (RaftServerImpl.java:setRole(184)) - 907b9765-214b-4864-b66a-d6e2a5789e5c@group-EFD1D20A002C: changes role from  FOLLOWER to FOLLOWER at term 458 for recognizeCandidate:bf55b3f9-6b09-4365-9d71-55289e083fa5
2019-10-16 18:01:34,468 [grpc-default-executor-3] INFO  impl.RoleInfo (RoleInfo.java:shutdownFollowerState(121)) - f4c54511-b161-4347-aec5-5236dc80a0d8: shutdown FollowerState
2019-10-16 18:01:34,468 [grpc-default-executor-1] INFO  impl.RoleInfo (RoleInfo.java:shutdownFollowerState(121)) - 907b9765-214b-4864-b66a-d6e2a5789e5c: shutdown FollowerState
2019-10-16 18:01:34,468 [grpc-default-executor-3] INFO  impl.RoleInfo (RoleInfo.java:updateAndGet(143)) - f4c54511-b161-4347-aec5-5236dc80a0d8: start FollowerState
2019-10-16 18:01:34,468 [Thread-2775] INFO  impl.FollowerState (FollowerState.java:run(117)) - 907b9765-214b-4864-b66a-d6e2a5789e5c@group-EFD1D20A002C-FollowerState was interrupted: java.lang.InterruptedException: sleep interrupted
2019-10-16 18:01:34,468 [grpc-default-executor-1] INFO  impl.RoleInfo (RoleInfo.java:updateAndGet(143)) - 907b9765-214b-4864-b66a-d6e2a5789e5c: start FollowerState
2019-10-16 18:01:34,468 [Thread-2776] INFO  impl.FollowerState (FollowerState.java:run(117)) - f4c54511-b161-4347-aec5-5236dc80a0d8@group-EFD1D20A002C-FollowerState was interrupted: java.lang.InterruptedException: sleep interrupted
2019-10-16 18:01:34,492 [bf55b3f9-6b09-4365-9d71-55289e083fa5@group-EFD1D20A002C-LeaderElection389] INFO  impl.LeaderElection (LeaderElection.java:logAndReturn(56)) - bf55b3f9-6b09-4365-9d71-55289e083fa5@group-EFD1D20A002C-LeaderElection389: Election REJECTED; received 2 response(s) [bf55b3f9-6b09-4365-9d71-55289e083fa5<-f4c54511-b161-4347-aec5-5236dc80a0d8#0:FAIL-t458, bf55b3f9-6b09-4365-9d71-55289e083fa5<-907b9765-214b-4864-b66a-d6e2a5789e5c#0:FAIL-t458] and 0 exception(s); bf55b3f9-6b09-4365-9d71-55289e083fa5@group-EFD1D20A002C:t458, leader=null, voted=bf55b3f9-6b09-4365-9d71-55289e083fa5, raftlog=bf55b3f9-6b09-4365-9d71-55289e083fa5@group-EFD1D20A002C-SegmentedRaftLog:OPENED:c-1,f-1,i0, conf=-1: [f4c54511-b161-4347-aec5-5236dc80a0d8:0.0.0.0:41238, 907b9765-214b-4864-b66a-d6e2a5789e5c:0.0.0.0:41650, bf55b3f9-6b09-4365-9d71-55289e083fa5:0.0.0.0:42441], old=null
2019-10-16 18:01:34,493 [bf55b3f9-6b09-4365-9d71-55289e083fa5@group-EFD1D20A002C-LeaderElection389] INFO  impl.RaftServerImpl (RaftServerImpl.java:setRole(184)) - bf55b3f9-6b09-4365-9d71-55289e083fa5@group-EFD1D20A002C: changes role from CANDIDATE to FOLLOWER at term 458 for DISCOVERED_A_NEW_TERM
2019-10-16 18:01:34,493 [bf55b3f9-6b09-4365-9d71-55289e083fa5@group-EFD1D20A002C-LeaderElection389] INFO  impl.RoleInfo (RoleInfo.java:shutdownLeaderElection(134)) - bf55b3f9-6b09-4365-9d71-55289e083fa5: shutdown LeaderElection
2019-10-16 18:01:34,493 [bf55b3f9-6b09-4365-9d71-55289e083fa5@group-EFD1D20A002C-LeaderElection389] INFO  impl.RoleInfo (RoleInfo.java:updateAndGet(143)) - bf55b3f9-6b09-4365-9d71-55289e083fa5: start FollowerState
2019-10-16 18:01:34,606 [Thread-2783] INFO  impl.FollowerState (FollowerState.java:run(108)) - bf55b3f9-6b09-4365-9d71-55289e083fa5@group-EFD1D20A002C-FollowerState: change to CANDIDATE, lastRpcTime:113ms, electionTimeout:113ms
2019-10-16 18:01:34,606 [Thread-2783] INFO  impl.RoleInfo (RoleInfo.java:shutdownFollowerState(121)) - bf55b3f9-6b09-4365-9d71-55289e083fa5: shutdown FollowerState
2019-10-16 18:01:34,606 [Thread-2783] INFO  impl.RaftServerImpl (RaftServerImpl.java:setRole(184)) - bf55b3f9-6b09-4365-9d71-55289e083fa5@group-EFD1D20A002C: changes role from  FOLLOWER to CANDIDATE at term 458 for changeToCandidate
2019-10-16 18:01:34,607 [Thread-2783] INFO  impl.RoleInfo (RoleInfo.java:updateAndGet(143)) - bf55b3f9-6b09-4365-9d71-55289e083fa5: start LeaderElection
2019-10-16 18:01:34,634 [bf55b3f9-6b09-4365-9d71-55289e083fa5@group-EFD1D20A002C-LeaderElection390] INFO  impl.LeaderElection (LeaderElection.java:askForVotes(178)) - bf55b3f9-6b09-4365-9d71-55289e083fa5@group-EFD1D20A002C-LeaderElection390: begin an election at term 459 for -1: [f4c54511-b161-4347-aec5-5236dc80a0d8:0.0.0.0:41238, 907b9765-214b-4864-b66a-d6e2a5789e5c:0.0.0.0:41650, bf55b3f9-6b09-4365-9d71-55289e083fa5:0.0.0.0:42441], old=null
2019-10-16 18:01:34,636 [grpc-default-executor-1] INFO  impl.RaftServerImpl (RaftServerImpl.java:setRole(184)) - 907b9765-214b-4864-b66a-d6e2a5789e5c@group-EFD1D20A002C: changes role from  FOLLOWER to FOLLOWER at term 459 for recognizeCandidate:bf55b3f9-6b09-4365-9d71-55289e083fa5
2019-10-16 18:01:34,636 [grpc-default-executor-3] INFO  impl.RaftServerImpl (RaftServerImpl.java:setRole(184)) - f4c54511-b161-4347-aec5-5236dc80a0d8@group-EFD1D20A002C: changes role from  FOLLOWER to FOLLOWER at term 459 for recognizeCandidate:bf55b3f9-6b09-4365-9d71-55289e083fa5
2019-10-16 18:01:34,636 [grpc-default-executor-1] INFO  impl.RoleInfo (RoleInfo.java:shutdownFollowerState(121)) - 907b9765-214b-4864-b66a-d6e2a5789e5c: shutdown FollowerState
2019-10-16 18:01:34,636 [grpc-default-executor-3] INFO  impl.RoleInfo (RoleInfo.java:shutdownFollowerState(121)) - f4c54511-b161-4347-aec5-5236dc80a0d8: shutdown FollowerState
2019-10-16 18:01:34,636 [Thread-2782] INFO  impl.FollowerState (FollowerState.java:run(117)) - 907b9765-214b-4864-b66a-d6e2a5789e5c@group-EFD1D20A002C-FollowerState was interrupted: java.lang.InterruptedException: sleep interrupted
2019-10-16 18:01:34,636 [grpc-default-executor-1] INFO  impl.RoleInfo (RoleInfo.java:updateAndGet(143)) - 907b9765-214b-4864-b66a-d6e2a5789e5c: start FollowerState
2019-10-16 18:01:34,636 [Thread-2781] INFO  impl.FollowerState (FollowerState.java:run(117)) - f4c54511-b161-4347-aec5-5236dc80a0d8@group-EFD1D20A002C-FollowerState was interrupted: java.lang.InterruptedException: sleep interrupted
2019-10-16 18:01:34,636 [grpc-default-executor-3] INFO  impl.RoleInfo (RoleInfo.java:updateAndGet(143)) - f4c54511-b161-4347-aec5-5236dc80a0d8: start FollowerState
2019-10-16 18:01:34,660 [bf55b3f9-6b09-4365-9d71-55289e083fa5@group-EFD1D20A002C-LeaderElection390] INFO  impl.LeaderElection (LeaderElection.java:logAndReturn(56)) - bf55b3f9-6b09-4365-9d71-55289e083fa5@group-EFD1D20A002C-LeaderElection390: Election REJECTED; received 2 response(s) [bf55b3f9-6b09-4365-9d71-55289e083fa5<-f4c54511-b161-4347-aec5-5236dc80a0d8#0:FAIL-t459, bf55b3f9-6b09-4365-9d71-55289e083fa5<-907b9765-214b-4864-b66a-d6e2a5789e5c#0:FAIL-t459] and 0 exception(s); bf55b3f9-6b09-4365-9d71-55289e083fa5@group-EFD1D20A002C:t459, leader=null, voted=bf55b3f9-6b09-4365-9d71-55289e083fa5, raftlog=bf55b3f9-6b09-4365-9d71-55289e083fa5@group-EFD1D20A002C-SegmentedRaftLog:OPENED:c-1,f-1,i0, conf=-1: [f4c54511-b161-4347-aec5-5236dc80a0d8:0.0.0.0:41238, 907b9765-214b-4864-b66a-d6e2a5789e5c:0.0.0.0:41650, bf55b3f9-6b09-4365-9d71-55289e083fa5:0.0.0.0:42441], old=null
2019-10-16 18:01:34,660 [bf55b3f9-6b09-4365-9d71-55289e083fa5@group-EFD1D20A002C-LeaderElection390] INFO  impl.RaftServerImpl (RaftServerImpl.java:setRole(184)) - bf55b3f9-6b09-4365-9d71-55289e083fa5@group-EFD1D20A002C: changes role from CANDIDATE to FOLLOWER at term 459 for DISCOVERED_A_NEW_TERM
2019-10-16 18:01:34,660 [bf55b3f9-6b09-4365-9d71-55289e083fa5@group-EFD1D20A002C-LeaderElection390] INFO  impl.RoleInfo (RoleInfo.java:shutdownLeaderElection(134)) - bf55b3f9-6b09-4365-9d71-55289e083fa5: shutdown LeaderElection
2019-10-16 18:01:34,660 [bf55b3f9-6b09-4365-9d71-55289e083fa5@group-EFD1D20A002C-LeaderElection390] INFO  impl.RoleInfo (RoleInfo.java:updateAndGet(143)) - bf55b3f9-6b09-4365-9d71-55289e083fa5: start FollowerState
2019-10-16 18:01:34,802 [Thread-2789] INFO  impl.FollowerState (FollowerState.java:run(108)) - bf55b3f9-6b09-4365-9d71-55289e083fa5@group-EFD1D20A002C-FollowerState: change to CANDIDATE, lastRpcTime:141ms, electionTimeout:141ms
2019-10-16 18:01:34,802 [Thread-2789] INFO  impl.RoleInfo (RoleInfo.java:shutdownFollowerState(121)) - bf55b3f9-6b09-4365-9d71-55289e083fa5: shutdown FollowerState
2019-10-16 18:01:34,802 [Thread-2789] INFO  impl.RaftServerImpl (RaftServerImpl.java:setRole(184)) - bf55b3f9-6b09-4365-9d71-55289e083fa5@group-EFD1D20A002C: changes role from  FOLLOWER to CANDIDATE at term 459 for changeToCandidate
2019-10-16 18:01:34,802 [Thread-2789] INFO  impl.RoleInfo (RoleInfo.java:updateAndGet(143)) - bf55b3f9-6b09-4365-9d71-55289e083fa5: start LeaderElection
2019-10-16 18:01:34,827 [bf55b3f9-6b09-4365-9d71-55289e083fa5@group-EFD1D20A002C-LeaderElection391] INFO  impl.LeaderElection (LeaderElection.java:askForVotes(178)) - bf55b3f9-6b09-4365-9d71-55289e083fa5@group-EFD1D20A002C-LeaderElection391: begin an election at term 460 for -1: [f4c54511-b161-4347-aec5-5236dc80a0d8:0.0.0.0:41238, 907b9765-214b-4864-b66a-d6e2a5789e5c:0.0.0.0:41650, bf55b3f9-6b09-4365-9d71-55289e083fa5:0.0.0.0:42441], old=null
2019-10-16 18:01:34,829 [grpc-default-executor-1] INFO  impl.RaftServerImpl (RaftServerImpl.java:setRole(184)) - f4c54511-b161-4347-aec5-5236dc80a0d8@group-EFD1D20A002C: changes role from  FOLLOWER to FOLLOWER at term 460 for recognizeCandidate:bf55b3f9-6b09-4365-9d71-55289e083fa5
2019-10-16 18:01:34,829 [grpc-default-executor-3] INFO  impl.RaftServerImpl (RaftServerImpl.java:setRole(184)) - 907b9765-214b-4864-b66a-d6e2a5789e5c@group-EFD1D20A002C: changes role from  FOLLOWER to FOLLOWER at term 460 for recognizeCandidate:bf55b3f9-6b09-4365-9d71-55289e083fa5
2019-10-16 18:01:34,829 [grpc-default-executor-3] INFO  impl.RoleInfo (RoleInfo.java:shutdownFollowerState(121)) - 907b9765-214b-4864-b66a-d6e2a5789e5c: shutdown FollowerState
2019-10-16 18:01:34,829 [grpc-default-executor-1] INFO  impl.RoleInfo (RoleInfo.java:shutdownFollowerState(121)) - f4c54511-b161-4347-aec5-5236dc80a0d8: shutdown FollowerState
2019-10-16 18:01:34,829 [Thread-2787] INFO  impl.FollowerState (FollowerState.java:run(117)) - 907b9765-214b-4864-b66a-d6e2a5789e5c@group-EFD1D20A002C-FollowerState was interrupted: java.lang.InterruptedException: sleep interrupted
2019-10-16 18:01:34,829 [grpc-default-executor-3] INFO  impl.RoleInfo (RoleInfo.java:updateAndGet(143)) - 907b9765-214b-4864-b66a-d6e2a5789e5c: start FollowerState
2019-10-16 18:01:34,829 [Thread-2788] INFO  impl.FollowerState (FollowerState.java:run(117)) - f4c54511-b161-4347-aec5-5236dc80a0d8@group-EFD1D20A002C-FollowerState was interrupted: java.lang.InterruptedException: sleep interrupted
2019-10-16 18:01:34,829 [grpc-default-executor-1] INFO  impl.RoleInfo (RoleInfo.java:updateAndGet(143)) - f4c54511-b161-4347-aec5-5236dc80a0d8: start FollowerState
2019-10-16 18:01:34,853 [bf55b3f9-6b09-4365-9d71-55289e083fa5@group-EFD1D20A002C-LeaderElection391] INFO  impl.LeaderElection (LeaderElection.java:logAndReturn(56)) - bf55b3f9-6b09-4365-9d71-55289e083fa5@group-EFD1D20A002C-LeaderElection391: Election REJECTED; received 2 response(s) [bf55b3f9-6b09-4365-9d71-55289e083fa5<-f4c54511-b161-4347-aec5-5236dc80a0d8#0:FAIL-t460, bf55b3f9-6b09-4365-9d71-55289e083fa5<-907b9765-214b-4864-b66a-d6e2a5789e5c#0:FAIL-t460] and 0 exception(s); bf55b3f9-6b09-4365-9d71-55289e083fa5@group-EFD1D20A002C:t460, leader=null, voted=bf55b3f9-6b09-4365-9d71-55289e083fa5, raftlog=bf55b3f9-6b09-4365-9d71-55289e083fa5@group-EFD1D20A002C-SegmentedRaftLog:OPENED:c-1,f-1,i0, conf=-1: [f4c54511-b161-4347-aec5-5236dc80a0d8:0.0.0.0:41238, 907b9765-214b-4864-b66a-d6e2a5789e5c:0.0.0.0:41650, bf55b3f9-6b09-4365-9d71-55289e083fa5:0.0.0.0:42441], old=null
2019-10-16 18:01:34,853 [bf55b3f9-6b09-4365-9d71-55289e083fa5@group-EFD1D20A002C-LeaderElection391] INFO  impl.RaftServerImpl (RaftServerImpl.java:setRole(184)) - bf55b3f9-6b09-4365-9d71-55289e083fa5@group-EFD1D20A002C: changes role from CANDIDATE to FOLLOWER at term 460 for DISCOVERED_A_NEW_TERM
2019-10-16 18:01:34,853 [bf55b3f9-6b09-4365-9d71-55289e083fa5@group-EFD1D20A002C-LeaderElection391] INFO  impl.RoleInfo (RoleInfo.java:shutdownLeaderElection(134)) - bf55b3f9-6b09-4365-9d71-55289e083fa5: shutdown LeaderElection
2019-10-16 18:01:34,854 [bf55b3f9-6b09-4365-9d71-55289e083fa5@group-EFD1D20A002C-LeaderElection391] INFO  impl.RoleInfo (RoleInfo.java:updateAndGet(143)) - bf55b3f9-6b09-4365-9d71-55289e083fa5: start FollowerState
2019-10-16 18:01:34,921 [Thread-2795] INFO  impl.FollowerState (FollowerState.java:run(108)) - bf55b3f9-6b09-4365-9d71-55289e083fa5@group-EFD1D20A002C-FollowerState: change to CANDIDATE, lastRpcTime:67ms, electionTimeout:67ms
2019-10-16 18:01:34,921 [Thread-2795] INFO  impl.RoleInfo (RoleInfo.java:shutdownFollowerState(121)) - bf55b3f9-6b09-4365-9d71-55289e083fa5: shutdown FollowerState
2019-10-16 18:01:34,921 [Thread-2795] INFO  impl.RaftServerImpl (RaftServerImpl.java:setRole(184)) - bf55b3f9-6b09-4365-9d71-55289e083fa5@group-EFD1D20A002C: changes role from  FOLLOWER to CANDIDATE at term 460 for changeToCandidate
2019-10-16 18:01:34,921 [Thread-2795] INFO  impl.RoleInfo (RoleInfo.java:updateAndGet(143)) - bf55b3f9-6b09-4365-9d71-55289e083fa5: start LeaderElection
2019-10-16 18:01:34,944 [bf55b3f9-6b09-4365-9d71-55289e083fa5@group-EFD1D20A002C-LeaderElection392] INFO  impl.LeaderElection (LeaderElection.java:askForVotes(178)) - bf55b3f9-6b09-4365-9d71-55289e083fa5@group-EFD1D20A002C-LeaderElection392: begin an election at term 461 for -1: [f4c54511-b161-4347-aec5-5236dc80a0d8:0.0.0.0:41238, 907b9765-214b-4864-b66a-d6e2a5789e5c:0.0.0.0:41650, bf55b3f9-6b09-4365-9d71-55289e083fa5:0.0.0.0:42441], old=null
2019-10-16 18:01:34,946 [grpc-default-executor-1] INFO  impl.RaftServerImpl (RaftServerImpl.java:setRole(184)) - f4c54511-b161-4347-aec5-5236dc80a0d8@group-EFD1D20A002C: changes role from  FOLLOWER to FOLLOWER at term 461 for recognizeCandidate:bf55b3f9-6b09-4365-9d71-55289e083fa5
2019-10-16 18:01:34,946 [grpc-default-executor-3] INFO  impl.RaftServerImpl (RaftServerImpl.java:setRole(184)) - 907b9765-214b-4864-b66a-d6e2a5789e5c@group-EFD1D20A002C: changes role from  FOLLOWER to FOLLOWER at term 461 for recognizeCandidate:bf55b3f9-6b09-4365-9d71-55289e083fa5
2019-10-16 18:01:34,946 [grpc-default-executor-1] INFO  impl.RoleInfo (RoleInfo.java:shutdownFollowerState(121)) - f4c54511-b161-4347-aec5-5236dc80a0d8: shutdown FollowerState
2019-10-16 18:01:34,946 [grpc-default-executor-3] INFO  impl.RoleInfo (RoleInfo.java:shutdownFollowerState(121)) - 907b9765-214b-4864-b66a-d6e2a5789e5c: shutdown FollowerState
2019-10-16 18:01:34,947 [Thread-2794] INFO  impl.FollowerState (FollowerState.java:run(117)) - f4c54511-b161-4347-aec5-5236dc80a0d8@group-EFD1D20A002C-FollowerState was interrupted: java.lang.InterruptedException: sleep interrupted
2019-10-16 18:01:34,947 [Thread-2793] INFO  impl.FollowerState (FollowerState.java:run(117)) - 907b9765-214b-4864-b66a-d6e2a5789e5c@group-EFD1D20A002C-FollowerState was interrupted: java.lang.InterruptedException: sleep interrupted
2019-10-16 18:01:34,946 [grpc-default-executor-1] INFO  impl.RoleInfo (RoleInfo.java:updateAndGet(143)) - f4c54511-b161-4347-aec5-5236dc80a0d8: start FollowerState
2019-10-16 18:01:34,947 [grpc-default-executor-3] INFO  impl.RoleInfo (RoleInfo.java:updateAndGet(143)) - 907b9765-214b-4864-b66a-d6e2a5789e5c: start FollowerState
2019-10-16 18:01:34,970 [bf55b3f9-6b09-4365-9d71-55289e083fa5@group-EFD1D20A002C-LeaderElection392] INFO  impl.LeaderElection (LeaderElection.java:logAndReturn(56)) - bf55b3f9-6b09-4365-9d71-55289e083fa5@group-EFD1D20A002C-LeaderElection392: Election REJECTED; received 2 response(s) [bf55b3f9-6b09-4365-9d71-55289e083fa5<-f4c54511-b161-4347-aec5-5236dc80a0d8#0:FAIL-t461, bf55b3f9-6b09-4365-9d71-55289e083fa5<-907b9765-214b-4864-b66a-d6e2a5789e5c#0:FAIL-t461] and 0 exception(s); bf55b3f9-6b09-4365-9d71-55289e083fa5@group-EFD1D20A002C:t461, leader=null, voted=bf55b3f9-6b09-4365-9d71-55289e083fa5, raftlog=bf55b3f9-6b09-4365-9d71-55289e083fa5@group-EFD1D20A002C-SegmentedRaftLog:OPENED:c-1,f-1,i0, conf=-1: [f4c54511-b161-4347-aec5-5236dc80a0d8:0.0.0.0:41238, 907b9765-214b-4864-b66a-d6e2a5789e5c:0.0.0.0:41650, bf55b3f9-6b09-4365-9d71-55289e083fa5:0.0.0.0:42441], old=null
2019-10-16 18:01:34,970 [bf55b3f9-6b09-4365-9d71-55289e083fa5@group-EFD1D20A002C-LeaderElection392] INFO  impl.RaftServerImpl (RaftServerImpl.java:setRole(184)) - bf55b3f9-6b09-4365-9d71-55289e083fa5@group-EFD1D20A002C: changes role from CANDIDATE to FOLLOWER at term 461 for DISCOVERED_A_NEW_TERM
2019-10-16 18:01:34,971 [bf55b3f9-6b09-4365-9d71-55289e083fa5@group-EFD1D20A002C-LeaderElection392] INFO  impl.RoleInfo (RoleInfo.java:shutdownLeaderElection(134)) - bf55b3f9-6b09-4365-9d71-55289e083fa5: shutdown LeaderElection
2019-10-16 18:01:34,971 [bf55b3f9-6b09-4365-9d71-55289e083fa5@group-EFD1D20A002C-LeaderElection392] INFO  impl.RoleInfo (RoleInfo.java:updateAndGet(143)) - bf55b3f9-6b09-4365-9d71-55289e083fa5: start FollowerState
2019-10-16 18:01:35,149 [Thread-2801] INFO  impl.FollowerState (FollowerState.java:run(108)) - bf55b3f9-6b09-4365-9d71-55289e083fa5@group-EFD1D20A002C-FollowerState: change to CANDIDATE, lastRpcTime:178ms, electionTimeout:178ms
2019-10-16 18:01:35,149 [Thread-2801] INFO  impl.RoleInfo (RoleInfo.java:shutdownFollowerState(121)) - bf55b3f9-6b09-4365-9d71-55289e083fa5: shutdown FollowerState
2019-10-16 18:01:35,149 [Thread-2801] INFO  impl.RaftServerImpl (RaftServerImpl.java:setRole(184)) - bf55b3f9-6b09-4365-9d71-55289e083fa5@group-EFD1D20A002C: changes role from  FOLLOWER to CANDIDATE at term 461 for changeToCandidate
2019-10-16 18:01:35,149 [Thread-2801] INFO  impl.RoleInfo (RoleInfo.java:updateAndGet(143)) - bf55b3f9-6b09-4365-9d71-55289e083fa5: start LeaderElection
2019-10-16 18:01:35,179 [bf55b3f9-6b09-4365-9d71-55289e083fa5@group-EFD1D20A002C-LeaderElection393] INFO  impl.LeaderElection (LeaderElection.java:askForVotes(178)) - bf55b3f9-6b09-4365-9d71-55289e083fa5@group-EFD1D20A002C-LeaderElection393: begin an election at term 462 for -1: [f4c54511-b161-4347-aec5-5236dc80a0d8:0.0.0.0:41238, 907b9765-214b-4864-b66a-d6e2a5789e5c:0.0.0.0:41650, bf55b3f9-6b09-4365-9d71-55289e083fa5:0.0.0.0:42441], old=null
2019-10-16 18:01:35,181 [grpc-default-executor-1] INFO  impl.RaftServerImpl (RaftServerImpl.java:setRole(184)) - 907b9765-214b-4864-b66a-d6e2a5789e5c@group-EFD1D20A002C: changes role from  FOLLOWER to FOLLOWER at term 462 for recognizeCandidate:bf55b3f9-6b09-4365-9d71-55289e083fa5
2019-10-16 18:01:35,181 [grpc-default-executor-1] INFO  impl.RoleInfo (RoleInfo.java:shutdownFollowerState(121)) - 907b9765-214b-4864-b66a-d6e2a5789e5c: shutdown FollowerState
2019-10-16 18:01:35,181 [grpc-default-executor-1] INFO  impl.RoleInfo (RoleInfo.java:updateAndGet(143)) - 907b9765-214b-4864-b66a-d6e2a5789e5c: start FollowerState
2019-10-16 18:01:35,181 [grpc-default-executor-3] INFO  impl.RaftServerImpl (RaftServerImpl.java:setRole(184)) - f4c54511-b161-4347-aec5-5236dc80a0d8@group-EFD1D20A002C: changes role from  FOLLOWER to FOLLOWER at term 462 for recognizeCandidate:bf55b3f9-6b09-4365-9d71-55289e083fa5
2019-10-16 18:01:35,181 [grpc-default-executor-3] INFO  impl.RoleInfo (RoleInfo.java:shutdownFollowerState(121)) - f4c54511-b161-4347-aec5-5236dc80a0d8: shutdown FollowerState
2019-10-16 18:01:35,182 [grpc-default-executor-3] INFO  impl.RoleInfo (RoleInfo.java:updateAndGet(143)) - f4c54511-b161-4347-aec5-5236dc80a0d8: start FollowerState
2019-10-16 18:01:35,181 [Thread-2800] INFO  impl.FollowerState (FollowerState.java:run(117)) - 907b9765-214b-4864-b66a-d6e2a5789e5c@group-EFD1D20A002C-FollowerState was interrupted: java.lang.InterruptedException: sleep interrupted
2019-10-16 18:01:35,182 [Thread-2799] INFO  impl.FollowerState (FollowerState.java:run(117)) - f4c54511-b161-4347-aec5-5236dc80a0d8@group-EFD1D20A002C-FollowerState was interrupted: java.lang.InterruptedException: sleep interrupted
2019-10-16 18:01:35,205 [bf55b3f9-6b09-4365-9d71-55289e083fa5@group-EFD1D20A002C-LeaderElection393] INFO  impl.LeaderElection (LeaderElection.java:logAndReturn(56)) - bf55b3f9-6b09-4365-9d71-55289e083fa5@group-EFD1D20A002C-LeaderElection393: Election REJECTED; received 2 response(s) [bf55b3f9-6b09-4365-9d71-55289e083fa5<-f4c54511-b161-4347-aec5-5236dc80a0d8#0:FAIL-t462, bf55b3f9-6b09-4365-9d71-55289e083fa5<-907b9765-214b-4864-b66a-d6e2a5789e5c#0:FAIL-t462] and 0 exception(s); bf55b3f9-6b09-4365-9d71-55289e083fa5@group-EFD1D20A002C:t462, leader=null, voted=bf55b3f9-6b09-4365-9d71-55289e083fa5, raftlog=bf55b3f9-6b09-4365-9d71-55289e083fa5@group-EFD1D20A002C-SegmentedRaftLog:OPENED:c-1,f-1,i0, conf=-1: [f4c54511-b161-4347-aec5-5236dc80a0d8:0.0.0.0:41238, 907b9765-214b-4864-b66a-d6e2a5789e5c:0.0.0.0:41650, bf55b3f9-6b09-4365-9d71-55289e083fa5:0.0.0.0:42441], old=null
2019-10-16 18:01:35,205 [bf55b3f9-6b09-4365-9d71-55289e083fa5@group-EFD1D20A002C-LeaderElection393] INFO  impl.RaftServerImpl (RaftServerImpl.java:setRole(184)) - bf55b3f9-6b09-4365-9d71-55289e083fa5@group-EFD1D20A002C: changes role from CANDIDATE to FOLLOWER at term 462 for DISCOVERED_A_NEW_TERM
2019-10-16 18:01:35,205 [bf55b3f9-6b09-4365-9d71-55289e083fa5@group-EFD1D20A002C-LeaderElection393] INFO  impl.RoleInfo (RoleInfo.java:shutdownLeaderElection(134)) - bf55b3f9-6b09-4365-9d71-55289e083fa5: shutdown LeaderElection
2019-10-16 18:01:35,205 [bf55b3f9-6b09-4365-9d71-55289e083fa5@group-EFD1D20A002C-LeaderElection393] INFO  impl.RoleInfo (RoleInfo.java:updateAndGet(143)) - bf55b3f9-6b09-4365-9d71-55289e083fa5: start FollowerState
2019-10-16 18:01:35,258 [Thread-2809] INFO  impl.FollowerState (FollowerState.java:run(108)) - bf55b3f9-6b09-4365-9d71-55289e083fa5@group-EFD1D20A002C-FollowerState: change to CANDIDATE, lastRpcTime:52ms, electionTimeout:52ms
2019-10-16 18:01:35,258 [Thread-2809] INFO  impl.RoleInfo (RoleInfo.java:shutdownFollowerState(121)) - bf55b3f9-6b09-4365-9d71-55289e083fa5: shutdown FollowerState
2019-10-16 18:01:35,258 [Thread-2809] INFO  impl.RaftServerImpl (RaftServerImpl.java:setRole(184)) - bf55b3f9-6b09-4365-9d71-55289e083fa5@group-EFD1D20A002C: changes role from  FOLLOWER to CANDIDATE at term 462 for changeToCandidate
2019-10-16 18:01:35,258 [Thread-2809] INFO  impl.RoleInfo (RoleInfo.java:updateAndGet(143)) - bf55b3f9-6b09-4365-9d71-55289e083fa5: start LeaderElection
2019-10-16 18:01:35,280 [bf55b3f9-6b09-4365-9d71-55289e083fa5@group-EFD1D20A002C-LeaderElection394] INFO  impl.LeaderElection (LeaderElection.java:askForVotes(178)) - bf55b3f9-6b09-4365-9d71-55289e083fa5@group-EFD1D20A002C-LeaderElection394: begin an election at term 463 for -1: [f4c54511-b161-4347-aec5-5236dc80a0d8:0.0.0.0:41238, 907b9765-214b-4864-b66a-d6e2a5789e5c:0.0.0.0:41650, bf55b3f9-6b09-4365-9d71-55289e083fa5:0.0.0.0:42441], old=null
2019-10-16 18:01:35,283 [grpc-default-executor-1] INFO  impl.RaftServerImpl (RaftServerImpl.java:setRole(184)) - 907b9765-214b-4864-b66a-d6e2a5789e5c@group-EFD1D20A002C: changes role from  FOLLOWER to FOLLOWER at term 463 for recognizeCandidate:bf55b3f9-6b09-4365-9d71-55289e083fa5
2019-10-16 18:01:35,283 [grpc-default-executor-1] INFO  impl.RoleInfo (RoleInfo.java:shutdownFollowerState(121)) - 907b9765-214b-4864-b66a-d6e2a5789e5c: shutdown FollowerState
2019-10-16 18:01:35,283 [grpc-default-executor-3] INFO  impl.RaftServerImpl (RaftServerImpl.java:setRole(184)) - f4c54511-b161-4347-aec5-5236dc80a0d8@group-EFD1D20A002C: changes role from  FOLLOWER to FOLLOWER at term 463 for recognizeCandidate:bf55b3f9-6b09-4365-9d71-55289e083fa5
2019-10-16 18:01:35,283 [grpc-default-executor-3] INFO  impl.RoleInfo (RoleInfo.java:shutdownFollowerState(121)) - f4c54511-b161-4347-aec5-5236dc80a0d8: shutdown FollowerState
2019-10-16 18:01:35,283 [Thread-2805] INFO  impl.FollowerState (FollowerState.java:run(117)) - 907b9765-214b-4864-b66a-d6e2a5789e5c@group-EFD1D20A002C-FollowerState was interrupted: java.lang.InterruptedException: sleep interrupted
2019-10-16 18:01:35,283 [grpc-default-executor-1] INFO  impl.RoleInfo (RoleInfo.java:updateAndGet(143)) - 907b9765-214b-4864-b66a-d6e2a5789e5c: start FollowerState
2019-10-16 18:01:35,283 [Thread-2806] INFO  impl.FollowerState (FollowerState.java:run(117)) - f4c54511-b161-4347-aec5-5236dc80a0d8@group-EFD1D20A002C-FollowerState was interrupted: java.lang.InterruptedException: sleep interrupted
2019-10-16 18:01:35,283 [grpc-default-executor-3] INFO  impl.RoleInfo (RoleInfo.java:updateAndGet(143)) - f4c54511-b161-4347-aec5-5236dc80a0d8: start FollowerState
2019-10-16 18:01:35,306 [bf55b3f9-6b09-4365-9d71-55289e083fa5@group-EFD1D20A002C-LeaderElection394] INFO  impl.LeaderElection (LeaderElection.java:logAndReturn(56)) - bf55b3f9-6b09-4365-9d71-55289e083fa5@group-EFD1D20A002C-LeaderElection394: Election REJECTED; received 2 response(s) [bf55b3f9-6b09-4365-9d71-55289e083fa5<-f4c54511-b161-4347-aec5-5236dc80a0d8#0:FAIL-t463, bf55b3f9-6b09-4365-9d71-55289e083fa5<-907b9765-214b-4864-b66a-d6e2a5789e5c#0:FAIL-t463] and 0 exception(s); bf55b3f9-6b09-4365-9d71-55289e083fa5@group-EFD1D20A002C:t463, leader=null, voted=bf55b3f9-6b09-4365-9d71-55289e083fa5, raftlog=bf55b3f9-6b09-4365-9d71-55289e083fa5@group-EFD1D20A002C-SegmentedRaftLog:OPENED:c-1,f-1,i0, conf=-1: [f4c54511-b161-4347-aec5-5236dc80a0d8:0.0.0.0:41238, 907b9765-214b-4864-b66a-d6e2a5789e5c:0.0.0.0:41650, bf55b3f9-6b09-4365-9d71-55289e083fa5:0.0.0.0:42441], old=null
2019-10-16 18:01:35,306 [bf55b3f9-6b09-4365-9d71-55289e083fa5@group-EFD1D20A002C-LeaderElection394] INFO  impl.RaftServerImpl (RaftServerImpl.java:setRole(184)) - bf55b3f9-6b09-4365-9d71-55289e083fa5@group-EFD1D20A002C: changes role from CANDIDATE to FOLLOWER at term 463 for DISCOVERED_A_NEW_TERM
2019-10-16 18:01:35,306 [bf55b3f9-6b09-4365-9d71-55289e083fa5@group-EFD1D20A002C-LeaderElection394] INFO  impl.RoleInfo (RoleInfo.java:shutdownLeaderElection(134)) - bf55b3f9-6b09-4365-9d71-55289e083fa5: shutdown LeaderElection
2019-10-16 18:01:35,307 [bf55b3f9-6b09-4365-9d71-55289e083fa5@group-EFD1D20A002C-LeaderElection394] INFO  impl.RoleInfo (RoleInfo.java:updateAndGet(143)) - bf55b3f9-6b09-4365-9d71-55289e083fa5: start FollowerState
2019-10-16 18:01:35,341 [Thread-2815] INFO  impl.FollowerState (FollowerState.java:run(108)) - bf55b3f9-6b09-4365-9d71-55289e083fa5@group-EFD1D20A002C-FollowerState: change to CANDIDATE, lastRpcTime:34ms, electionTimeout:34ms
2019-10-16 18:01:35,341 [Thread-2815] INFO  impl.RoleInfo (RoleInfo.java:shutdownFollowerState(121)) - bf55b3f9-6b09-4365-9d71-55289e083fa5: shutdown FollowerState
2019-10-16 18:01:35,341 [Thread-2815] INFO  impl.RaftServerImpl (RaftServerImpl.java:setRole(184)) - bf55b3f9-6b09-4365-9d71-55289e083fa5@group-EFD1D20A002C: changes role from  FOLLOWER to CANDIDATE at term 463 for changeToCandidate
2019-10-16 18:01:35,341 [Thread-2815] INFO  impl.RoleInfo (RoleInfo.java:updateAndGet(143)) - bf55b3f9-6b09-4365-9d71-55289e083fa5: start LeaderElection
2019-10-16 18:01:35,365 [bf55b3f9-6b09-4365-9d71-55289e083fa5@group-EFD1D20A002C-LeaderElection395] INFO  impl.LeaderElection (LeaderElection.java:askForVotes(178)) - bf55b3f9-6b09-4365-9d71-55289e083fa5@group-EFD1D20A002C-LeaderElection395: begin an election at term 464 for -1: [f4c54511-b161-4347-aec5-5236dc80a0d8:0.0.0.0:41238, 907b9765-214b-4864-b66a-d6e2a5789e5c:0.0.0.0:41650, bf55b3f9-6b09-4365-9d71-55289e083fa5:0.0.0.0:42441], old=null
2019-10-16 18:01:35,367 [grpc-default-executor-3] INFO  impl.RaftServerImpl (RaftServerImpl.java:setRole(184)) - 907b9765-214b-4864-b66a-d6e2a5789e5c@group-EFD1D20A002C: changes role from  FOLLOWER to FOLLOWER at term 464 for recognizeCandidate:bf55b3f9-6b09-4365-9d71-55289e083fa5
2019-10-16 18:01:35,367 [grpc-default-executor-1] INFO  impl.RaftServerImpl (RaftServerImpl.java:setRole(184)) - f4c54511-b161-4347-aec5-5236dc80a0d8@group-EFD1D20A002C: changes role from  FOLLOWER to FOLLOWER at term 464 for recognizeCandidate:bf55b3f9-6b09-4365-9d71-55289e083fa5
2019-10-16 18:01:35,367 [grpc-default-executor-1] INFO  impl.RoleInfo (RoleInfo.java:shutdownFollowerState(121)) - f4c54511-b161-4347-aec5-5236dc80a0d8: shutdown FollowerState
2019-10-16 18:01:35,367 [grpc-default-executor-3] INFO  impl.RoleInfo (RoleInfo.java:shutdownFollowerState(121)) - 907b9765-214b-4864-b66a-d6e2a5789e5c: shutdown FollowerState
2019-10-16 18:01:35,367 [grpc-default-executor-1] INFO  impl.RoleInfo (RoleInfo.java:updateAndGet(143)) - f4c54511-b161-4347-aec5-5236dc80a0d8: start FollowerState
2019-10-16 18:01:35,367 [Thread-2813] INFO  impl.FollowerState (FollowerState.java:run(117)) - 907b9765-214b-4864-b66a-d6e2a5789e5c@group-EFD1D20A002C-FollowerState was interrupted: java.lang.InterruptedException: sleep interrupted
2019-10-16 18:01:35,367 [Thread-2814] INFO  impl.FollowerState (FollowerState.java:run(117)) - f4c54511-b161-4347-aec5-5236dc80a0d8@group-EFD1D20A002C-FollowerState was interrupted: java.lang.InterruptedException: sleep interrupted
2019-10-16 18:01:35,367 [grpc-default-executor-3] INFO  impl.RoleInfo (RoleInfo.java:updateAndGet(143)) - 907b9765-214b-4864-b66a-d6e2a5789e5c: start FollowerState
2019-10-16 18:01:35,391 [bf55b3f9-6b09-4365-9d71-55289e083fa5@group-EFD1D20A002C-LeaderElection395] INFO  impl.LeaderElection (LeaderElection.java:logAndReturn(56)) - bf55b3f9-6b09-4365-9d71-55289e083fa5@group-EFD1D20A002C-LeaderElection395: Election REJECTED; received 2 response(s) [bf55b3f9-6b09-4365-9d71-55289e083fa5<-f4c54511-b161-4347-aec5-5236dc80a0d8#0:FAIL-t464, bf55b3f9-6b09-4365-9d71-55289e083fa5<-907b9765-214b-4864-b66a-d6e2a5789e5c#0:FAIL-t464] and 0 exception(s); bf55b3f9-6b09-4365-9d71-55289e083fa5@group-EFD1D20A002C:t464, leader=null, voted=bf55b3f9-6b09-4365-9d71-55289e083fa5, raftlog=bf55b3f9-6b09-4365-9d71-55289e083fa5@group-EFD1D20A002C-SegmentedRaftLog:OPENED:c-1,f-1,i0, conf=-1: [f4c54511-b161-4347-aec5-5236dc80a0d8:0.0.0.0:41238, 907b9765-214b-4864-b66a-d6e2a5789e5c:0.0.0.0:41650, bf55b3f9-6b09-4365-9d71-55289e083fa5:0.0.0.0:42441], old=null
2019-10-16 18:01:35,391 [bf55b3f9-6b09-4365-9d71-55289e083fa5@group-EFD1D20A002C-LeaderElection395] INFO  impl.RaftServerImpl (RaftServerImpl.java:setRole(184)) - bf55b3f9-6b09-4365-9d71-55289e083fa5@group-EFD1D20A002C: changes role from CANDIDATE to FOLLOWER at term 464 for DISCOVERED_A_NEW_TERM
2019-10-16 18:01:35,392 [bf55b3f9-6b09-4365-9d71-55289e083fa5@group-EFD1D20A002C-LeaderElection395] INFO  impl.RoleInfo (RoleInfo.java:shutdownLeaderElection(134)) - bf55b3f9-6b09-4365-9d71-55289e083fa5: shutdown LeaderElection
2019-10-16 18:01:35,392 [bf55b3f9-6b09-4365-9d71-55289e083fa5@group-EFD1D20A002C-LeaderElection395] INFO  impl.RoleInfo (RoleInfo.java:updateAndGet(143)) - bf55b3f9-6b09-4365-9d71-55289e083fa5: start FollowerState
2019-10-16 18:01:35,513 [Thread-2821] INFO  impl.FollowerState (FollowerState.java:run(108)) - bf55b3f9-6b09-4365-9d71-55289e083fa5@group-EFD1D20A002C-FollowerState: change to CANDIDATE, lastRpcTime:121ms, electionTimeout:121ms
2019-10-16 18:01:35,513 [Thread-2821] INFO  impl.RoleInfo (RoleInfo.java:shutdownFollowerState(121)) - bf55b3f9-6b09-4365-9d71-55289e083fa5: shutdown FollowerState
2019-10-16 18:01:35,513 [Thread-2821] INFO  impl.RaftServerImpl (RaftServerImpl.java:setRole(184)) - bf55b3f9-6b09-4365-9d71-55289e083fa5@group-EFD1D20A002C: changes role from  FOLLOWER to CANDIDATE at term 464 for changeToCandidate
2019-10-16 18:01:35,513 [Thread-2821] INFO  impl.RoleInfo (RoleInfo.java:updateAndGet(143)) - bf55b3f9-6b09-4365-9d71-55289e083fa5: start LeaderElection
2019-10-16 18:01:35,552 [bf55b3f9-6b09-4365-9d71-55289e083fa5@group-EFD1D20A002C-LeaderElection396] INFO  impl.LeaderElection (LeaderElection.java:askForVotes(178)) - bf55b3f9-6b09-4365-9d71-55289e083fa5@group-EFD1D20A002C-LeaderElection396: begin an election at term 465 for -1: [f4c54511-b161-4347-aec5-5236dc80a0d8:0.0.0.0:41238, 907b9765-214b-4864-b66a-d6e2a5789e5c:0.0.0.0:41650, bf55b3f9-6b09-4365-9d71-55289e083fa5:0.0.0.0:42441], old=null
2019-10-16 18:01:35,553 [grpc-default-executor-3] INFO  impl.RaftServerImpl (RaftServerImpl.java:setRole(184)) - f4c54511-b161-4347-aec5-5236dc80a0d8@group-EFD1D20A002C: changes role from  FOLLOWER to FOLLOWER at term 465 for recognizeCandidate:bf55b3f9-6b09-4365-9d71-55289e083fa5
2019-10-16 18:01:35,553 [grpc-default-executor-1] INFO  impl.RaftServerImpl (RaftServerImpl.java:setRole(184)) - 907b9765-214b-4864-b66a-d6e2a5789e5c@group-EFD1D20A002C: changes role from  FOLLOWER to FOLLOWER at term 465 for recognizeCandidate:bf55b3f9-6b09-4365-9d71-55289e083fa5
2019-10-16 18:01:35,554 [grpc-default-executor-1] INFO  impl.RoleInfo (RoleInfo.java:shutdownFollowerState(121)) - 907b9765-214b-4864-b66a-d6e2a5789e5c: shutdown FollowerState
2019-10-16 18:01:35,554 [grpc-default-executor-3] INFO  impl.RoleInfo (RoleInfo.java:shutdownFollowerState(121)) - f4c54511-b161-4347-aec5-5236dc80a0d8: shutdown FollowerState
2019-10-16 18:01:35,554 [Thread-2820] INFO  impl.FollowerState (FollowerState.java:run(117)) - 907b9765-214b-4864-b66a-d6e2a5789e5c@group-EFD1D20A002C-FollowerState was interrupted: java.lang.InterruptedException: sleep interrupted
2019-10-16 18:01:35,554 [grpc-default-executor-1] INFO  impl.RoleInfo (RoleInfo.java:updateAndGet(143)) - 907b9765-214b-4864-b66a-d6e2a5789e5c: start FollowerState
2019-10-16 18:01:35,554 [Thread-2819] INFO  impl.FollowerState (FollowerState.java:run(117)) - f4c54511-b161-4347-aec5-5236dc80a0d8@group-EFD1D20A002C-FollowerState was interrupted: java.lang.InterruptedException: sleep interrupted
2019-10-16 18:01:35,554 [grpc-default-executor-3] INFO  impl.RoleInfo (RoleInfo.java:updateAndGet(143)) - f4c54511-b161-4347-aec5-5236dc80a0d8: start FollowerState
2019-10-16 18:01:35,615 [bf55b3f9-6b09-4365-9d71-55289e083fa5@group-EFD1D20A002C-LeaderElection396] INFO  impl.LeaderElection (LeaderElection.java:logAndReturn(56)) - bf55b3f9-6b09-4365-9d71-55289e083fa5@group-EFD1D20A002C-LeaderElection396: Election REJECTED; received 2 response(s) [bf55b3f9-6b09-4365-9d71-55289e083fa5<-f4c54511-b161-4347-aec5-5236dc80a0d8#0:FAIL-t465, bf55b3f9-6b09-4365-9d71-55289e083fa5<-907b9765-214b-4864-b66a-d6e2a5789e5c#0:FAIL-t465] and 0 exception(s); bf55b3f9-6b09-4365-9d71-55289e083fa5@group-EFD1D20A002C:t465, leader=null, voted=bf55b3f9-6b09-4365-9d71-55289e083fa5, raftlog=bf55b3f9-6b09-4365-9d71-55289e083fa5@group-EFD1D20A002C-SegmentedRaftLog:OPENED:c-1,f-1,i0, conf=-1: [f4c54511-b161-4347-aec5-5236dc80a0d8:0.0.0.0:41238, 907b9765-214b-4864-b66a-d6e2a5789e5c:0.0.0.0:41650, bf55b3f9-6b09-4365-9d71-55289e083fa5:0.0.0.0:42441], old=null
2019-10-16 18:01:35,615 [bf55b3f9-6b09-4365-9d71-55289e083fa5@group-EFD1D20A002C-LeaderElection396] INFO  impl.RaftServerImpl (RaftServerImpl.java:setRole(184)) - bf55b3f9-6b09-4365-9d71-55289e083fa5@group-EFD1D20A002C: changes role from CANDIDATE to FOLLOWER at term 465 for DISCOVERED_A_NEW_TERM
2019-10-16 18:01:35,615 [bf55b3f9-6b09-4365-9d71-55289e083fa5@group-EFD1D20A002C-LeaderElection396] INFO  impl.RoleInfo (RoleInfo.java:shutdownLeaderElection(134)) - bf55b3f9-6b09-4365-9d71-55289e083fa5: shutdown LeaderElection
2019-10-16 18:01:35,615 [bf55b3f9-6b09-4365-9d71-55289e083fa5@group-EFD1D20A002C-LeaderElection396] INFO  impl.RoleInfo (RoleInfo.java:updateAndGet(143)) - bf55b3f9-6b09-4365-9d71-55289e083fa5: start FollowerState
2019-10-16 18:01:35,774 [Thread-2827] INFO  impl.FollowerState (FollowerState.java:run(108)) - bf55b3f9-6b09-4365-9d71-55289e083fa5@group-EFD1D20A002C-FollowerState: change to CANDIDATE, lastRpcTime:158ms, electionTimeout:158ms
2019-10-16 18:01:35,774 [Thread-2827] INFO  impl.RoleInfo (RoleInfo.java:shutdownFollowerState(121)) - bf55b3f9-6b09-4365-9d71-55289e083fa5: shutdown FollowerState
2019-10-16 18:01:35,774 [Thread-2827] INFO  impl.RaftServerImpl (RaftServerImpl.java:setRole(184)) - bf55b3f9-6b09-4365-9d71-55289e083fa5@group-EFD1D20A002C: changes role from  FOLLOWER to CANDIDATE at term 465 for changeToCandidate
2019-10-16 18:01:35,774 [Thread-2827] INFO  impl.RoleInfo (RoleInfo.java:updateAndGet(143)) - bf55b3f9-6b09-4365-9d71-55289e083fa5: start LeaderElection
2019-10-16 18:01:35,797 [bf55b3f9-6b09-4365-9d71-55289e083fa5@group-EFD1D20A002C-LeaderElection397] INFO  impl.LeaderElection (LeaderElection.java:askForVotes(178)) - bf55b3f9-6b09-4365-9d71-55289e083fa5@group-EFD1D20A002C-LeaderElection397: begin an election at term 466 for -1: [f4c54511-b161-4347-aec5-5236dc80a0d8:0.0.0.0:41238, 907b9765-214b-4864-b66a-d6e2a5789e5c:0.0.0.0:41650, bf55b3f9-6b09-4365-9d71-55289e083fa5:0.0.0.0:42441], old=null
2019-10-16 18:01:35,800 [grpc-default-executor-3] INFO  impl.RaftServerImpl (RaftServerImpl.java:setRole(184)) - 907b9765-214b-4864-b66a-d6e2a5789e5c@group-EFD1D20A002C: changes role from  FOLLOWER to FOLLOWER at term 466 for recognizeCandidate:bf55b3f9-6b09-4365-9d71-55289e083fa5
2019-10-16 18:01:35,800 [grpc-default-executor-1] INFO  impl.RaftServerImpl (RaftServerImpl.java:setRole(184)) - f4c54511-b161-4347-aec5-5236dc80a0d8@group-EFD1D20A002C: changes role from  FOLLOWER to FOLLOWER at term 466 for recognizeCandidate:bf55b3f9-6b09-4365-9d71-55289e083fa5
2019-10-16 18:01:35,800 [grpc-default-executor-3] INFO  impl.RoleInfo (RoleInfo.java:shutdownFollowerState(121)) - 907b9765-214b-4864-b66a-d6e2a5789e5c: shutdown FollowerState
2019-10-16 18:01:35,801 [grpc-default-executor-1] INFO  impl.RoleInfo (RoleInfo.java:shutdownFollowerState(121)) - f4c54511-b161-4347-aec5-5236dc80a0d8: shutdown FollowerState
2019-10-16 18:01:35,801 [Thread-2825] INFO  impl.FollowerState (FollowerState.java:run(117)) - 907b9765-214b-4864-b66a-d6e2a5789e5c@group-EFD1D20A002C-FollowerState was interrupted: java.lang.InterruptedException: sleep interrupted
2019-10-16 18:01:35,801 [grpc-default-executor-3] INFO  impl.RoleInfo (RoleInfo.java:updateAndGet(143)) - 907b9765-214b-4864-b66a-d6e2a5789e5c: start FollowerState
2019-10-16 18:01:35,801 [Thread-2826] INFO  impl.FollowerState (FollowerState.java:run(117)) - f4c54511-b161-4347-aec5-5236dc80a0d8@group-EFD1D20A002C-FollowerState was interrupted: java.lang.InterruptedException: sleep interrupted
2019-10-16 18:01:35,801 [grpc-default-executor-1] INFO  impl.RoleInfo (RoleInfo.java:updateAndGet(143)) - f4c54511-b161-4347-aec5-5236dc80a0d8: start FollowerState
2019-10-16 18:01:35,816 [bf55b3f9-6b09-4365-9d71-55289e083fa5@group-EFD1D20A002C-LeaderElection397] INFO  impl.LeaderElection (LeaderElection.java:logAndReturn(56)) - bf55b3f9-6b09-4365-9d71-55289e083fa5@group-EFD1D20A002C-LeaderElection397: Election REJECTED; received 2 response(s) [bf55b3f9-6b09-4365-9d71-55289e083fa5<-f4c54511-b161-4347-aec5-5236dc80a0d8#0:FAIL-t466, bf55b3f9-6b09-4365-9d71-55289e083fa5<-907b9765-214b-4864-b66a-d6e2a5789e5c#0:FAIL-t466] and 0 exception(s); bf55b3f9-6b09-4365-9d71-55289e083fa5@group-EFD1D20A002C:t466, leader=null, voted=bf55b3f9-6b09-4365-9d71-55289e083fa5, raftlog=bf55b3f9-6b09-4365-9d71-55289e083fa5@group-EFD1D20A002C-SegmentedRaftLog:OPENED:c-1,f-1,i0, conf=-1: [f4c54511-b161-4347-aec5-5236dc80a0d8:0.0.0.0:41238, 907b9765-214b-4864-b66a-d6e2a5789e5c:0.0.0.0:41650, bf55b3f9-6b09-4365-9d71-55289e083fa5:0.0.0.0:42441], old=null
2019-10-16 18:01:35,816 [bf55b3f9-6b09-4365-9d71-55289e083fa5@group-EFD1D20A002C-LeaderElection397] INFO  impl.RaftServerImpl (RaftServerImpl.java:setRole(184)) - bf55b3f9-6b09-4365-9d71-55289e083fa5@group-EFD1D20A002C: changes role from CANDIDATE to FOLLOWER at term 466 for DISCOVERED_A_NEW_TERM
2019-10-16 18:01:35,816 [bf55b3f9-6b09-4365-9d71-55289e083fa5@group-EFD1D20A002C-LeaderElection397] INFO  impl.RoleInfo (RoleInfo.java:shutdownLeaderElection(134)) - bf55b3f9-6b09-4365-9d71-55289e083fa5: shutdown LeaderElection
2019-10-16 18:01:35,816 [bf55b3f9-6b09-4365-9d71-55289e083fa5@group-EFD1D20A002C-LeaderElection397] INFO  impl.RoleInfo (RoleInfo.java:updateAndGet(143)) - bf55b3f9-6b09-4365-9d71-55289e083fa5: start FollowerState
2019-10-16 18:01:35,970 [Thread-2833] INFO  impl.FollowerState (FollowerState.java:run(108)) - bf55b3f9-6b09-4365-9d71-55289e083fa5@group-EFD1D20A002C-FollowerState: change to CANDIDATE, lastRpcTime:154ms, electionTimeout:154ms
2019-10-16 18:01:35,971 [Thread-2833] INFO  impl.RoleInfo (RoleInfo.java:shutdownFollowerState(121)) - bf55b3f9-6b09-4365-9d71-55289e083fa5: shutdown FollowerState
2019-10-16 18:01:35,971 [Thread-2833] INFO  impl.RaftServerImpl (RaftServerImpl.java:setRole(184)) - bf55b3f9-6b09-4365-9d71-55289e083fa5@group-EFD1D20A002C: changes role from  FOLLOWER to CANDIDATE at term 466 for changeToCandidate
2019-10-16 18:01:35,971 [Thread-2833] INFO  impl.RoleInfo (RoleInfo.java:updateAndGet(143)) - bf55b3f9-6b09-4365-9d71-55289e083fa5: start LeaderElection
2019-10-16 18:01:36,315 [bf55b3f9-6b09-4365-9d71-55289e083fa5@group-EFD1D20A002C-LeaderElection398] INFO  impl.LeaderElection (LeaderElection.java:askForVotes(178)) - bf55b3f9-6b09-4365-9d71-55289e083fa5@group-EFD1D20A002C-LeaderElection398: begin an election at term 467 for -1: [f4c54511-b161-4347-aec5-5236dc80a0d8:0.0.0.0:41238, 907b9765-214b-4864-b66a-d6e2a5789e5c:0.0.0.0:41650, bf55b3f9-6b09-4365-9d71-55289e083fa5:0.0.0.0:42441], old=null
2019-10-16 18:01:36,316 [grpc-default-executor-1] INFO  impl.RaftServerImpl (RaftServerImpl.java:setRole(184)) - f4c54511-b161-4347-aec5-5236dc80a0d8@group-EFD1D20A002C: changes role from  FOLLOWER to FOLLOWER at term 467 for recognizeCandidate:bf55b3f9-6b09-4365-9d71-55289e083fa5
2019-10-16 18:01:36,316 [grpc-default-executor-3] INFO  impl.RaftServerImpl (RaftServerImpl.java:setRole(184)) - 907b9765-214b-4864-b66a-d6e2a5789e5c@group-EFD1D20A002C: changes role from  FOLLOWER to FOLLOWER at term 467 for recognizeCandidate:bf55b3f9-6b09-4365-9d71-55289e083fa5
2019-10-16 18:01:36,317 [grpc-default-executor-3] INFO  impl.RoleInfo (RoleInfo.java:shutdownFollowerState(121)) - 907b9765-214b-4864-b66a-d6e2a5789e5c: shutdown FollowerState
2019-10-16 18:01:36,317 [grpc-default-executor-1] INFO  impl.RoleInfo (RoleInfo.java:shutdownFollowerState(121)) - f4c54511-b161-4347-aec5-5236dc80a0d8: shutdown FollowerState
2019-10-16 18:01:36,317 [Thread-2831] INFO  impl.FollowerState (FollowerState.java:run(117)) - 907b9765-214b-4864-b66a-d6e2a5789e5c@group-EFD1D20A002C-FollowerState was interrupted: java.lang.InterruptedException: sleep interrupted
2019-10-16 18:01:36,317 [grpc-default-executor-3] INFO  impl.RoleInfo (RoleInfo.java:updateAndGet(143)) - 907b9765-214b-4864-b66a-d6e2a5789e5c: start FollowerState
2019-10-16 18:01:36,317 [Thread-2832] INFO  impl.FollowerState (FollowerState.java:run(117)) - f4c54511-b161-4347-aec5-5236dc80a0d8@group-EFD1D20A002C-FollowerState was interrupted: java.lang.InterruptedException: sleep interrupted
2019-10-16 18:01:36,317 [grpc-default-executor-1] INFO  impl.RoleInfo (RoleInfo.java:updateAndGet(143)) - f4c54511-b161-4347-aec5-5236dc80a0d8: start FollowerState
2019-10-16 18:01:36,322 [bf55b3f9-6b09-4365-9d71-55289e083fa5@group-EFD1D20A002C-LeaderElection398] INFO  impl.LeaderElection (LeaderElection.java:logAndReturn(56)) - bf55b3f9-6b09-4365-9d71-55289e083fa5@group-EFD1D20A002C-LeaderElection398: Election TIMEOUT; received 0 response(s) [] and 0 exception(s); bf55b3f9-6b09-4365-9d71-55289e083fa5@group-EFD1D20A002C:t467, leader=null, voted=bf55b3f9-6b09-4365-9d71-55289e083fa5, raftlog=bf55b3f9-6b09-4365-9d71-55289e083fa5@group-EFD1D20A002C-SegmentedRaftLog:OPENED:c-1,f-1,i0, conf=-1: [f4c54511-b161-4347-aec5-5236dc80a0d8:0.0.0.0:41238, 907b9765-214b-4864-b66a-d6e2a5789e5c:0.0.0.0:41650, bf55b3f9-6b09-4365-9d71-55289e083fa5:0.0.0.0:42441], old=null
2019-10-16 18:01:36,345 [bf55b3f9-6b09-4365-9d71-55289e083fa5@group-EFD1D20A002C-LeaderElection398] INFO  impl.LeaderElection (LeaderElection.java:askForVotes(178)) - bf55b3f9-6b09-4365-9d71-55289e083fa5@group-EFD1D20A002C-LeaderElection398: begin an election at term 468 for -1: [f4c54511-b161-4347-aec5-5236dc80a0d8:0.0.0.0:41238, 907b9765-214b-4864-b66a-d6e2a5789e5c:0.0.0.0:41650, bf55b3f9-6b09-4365-9d71-55289e083fa5:0.0.0.0:42441], old=null
2019-10-16 18:01:36,346 [grpc-default-executor-3] INFO  impl.RaftServerImpl (RaftServerImpl.java:setRole(184)) - f4c54511-b161-4347-aec5-5236dc80a0d8@group-EFD1D20A002C: changes role from  FOLLOWER to FOLLOWER at term 468 for recognizeCandidate:bf55b3f9-6b09-4365-9d71-55289e083fa5
2019-10-16 18:01:36,346 [grpc-default-executor-3] INFO  impl.RoleInfo (RoleInfo.java:shutdownFollowerState(121)) - f4c54511-b161-4347-aec5-5236dc80a0d8: shutdown FollowerState
2019-10-16 18:01:36,346 [grpc-default-executor-3] INFO  impl.RoleInfo (RoleInfo.java:updateAndGet(143)) - f4c54511-b161-4347-aec5-5236dc80a0d8: start FollowerState
2019-10-16 18:01:36,346 [grpc-default-executor-1] INFO  impl.RaftServerImpl (RaftServerImpl.java:setRole(184)) - 907b9765-214b-4864-b66a-d6e2a5789e5c@group-EFD1D20A002C: changes role from  FOLLOWER to FOLLOWER at term 468 for recognizeCandidate:bf55b3f9-6b09-4365-9d71-55289e083fa5
2019-10-16 18:01:36,346 [grpc-default-executor-1] INFO  impl.RoleInfo (RoleInfo.java:shutdownFollowerState(121)) - 907b9765-214b-4864-b66a-d6e2a5789e5c: shutdown FollowerState
2019-10-16 18:01:36,346 [Thread-2840] INFO  impl.FollowerState (FollowerState.java:run(117)) - f4c54511-b161-4347-aec5-5236dc80a0d8@group-EFD1D20A002C-FollowerState was interrupted: java.lang.InterruptedException: sleep interrupted
2019-10-16 18:01:36,346 [Thread-2839] INFO  impl.FollowerState (FollowerState.java:run(117)) - 907b9765-214b-4864-b66a-d6e2a5789e5c@group-EFD1D20A002C-FollowerState was interrupted: java.lang.InterruptedException: sleep interrupted
2019-10-16 18:01:36,346 [grpc-default-executor-1] INFO  impl.RoleInfo (RoleInfo.java:updateAndGet(143)) - 907b9765-214b-4864-b66a-d6e2a5789e5c: start FollowerState
2019-10-16 18:01:36,366 [bf55b3f9-6b09-4365-9d71-55289e083fa5@group-EFD1D20A002C-LeaderElection398] INFO  impl.LeaderElection (LeaderElection.java:logAndReturn(56)) - bf55b3f9-6b09-4365-9d71-55289e083fa5@group-EFD1D20A002C-LeaderElection398: Election REJECTED; received 2 response(s) [bf55b3f9-6b09-4365-9d71-55289e083fa5<-f4c54511-b161-4347-aec5-5236dc80a0d8#0:FAIL-t468, bf55b3f9-6b09-4365-9d71-55289e083fa5<-907b9765-214b-4864-b66a-d6e2a5789e5c#0:FAIL-t468] and 0 exception(s); bf55b3f9-6b09-4365-9d71-55289e083fa5@group-EFD1D20A002C:t468, leader=null, voted=bf55b3f9-6b09-4365-9d71-55289e083fa5, raftlog=bf55b3f9-6b09-4365-9d71-55289e083fa5@group-EFD1D20A002C-SegmentedRaftLog:OPENED:c-1,f-1,i0, conf=-1: [f4c54511-b161-4347-aec5-5236dc80a0d8:0.0.0.0:41238, 907b9765-214b-4864-b66a-d6e2a5789e5c:0.0.0.0:41650, bf55b3f9-6b09-4365-9d71-55289e083fa5:0.0.0.0:42441], old=null
2019-10-16 18:01:36,366 [bf55b3f9-6b09-4365-9d71-55289e083fa5@group-EFD1D20A002C-LeaderElection398] INFO  impl.RaftServerImpl (RaftServerImpl.java:setRole(184)) - bf55b3f9-6b09-4365-9d71-55289e083fa5@group-EFD1D20A002C: changes role from CANDIDATE to FOLLOWER at term 468 for DISCOVERED_A_NEW_TERM
2019-10-16 18:01:36,366 [bf55b3f9-6b09-4365-9d71-55289e083fa5@group-EFD1D20A002C-LeaderElection398] INFO  impl.RoleInfo (RoleInfo.java:shutdownLeaderElection(134)) - bf55b3f9-6b09-4365-9d71-55289e083fa5: shutdown LeaderElection
2019-10-16 18:01:36,366 [bf55b3f9-6b09-4365-9d71-55289e083fa5@group-EFD1D20A002C-LeaderElection398] INFO  impl.RoleInfo (RoleInfo.java:updateAndGet(143)) - bf55b3f9-6b09-4365-9d71-55289e083fa5: start FollowerState
2019-10-16 18:01:36,430 [Thread-2845] INFO  impl.FollowerState (FollowerState.java:run(108)) - bf55b3f9-6b09-4365-9d71-55289e083fa5@group-EFD1D20A002C-FollowerState: change to CANDIDATE, lastRpcTime:63ms, electionTimeout:63ms
2019-10-16 18:01:36,430 [Thread-2845] INFO  impl.RoleInfo (RoleInfo.java:shutdownFollowerState(121)) - bf55b3f9-6b09-4365-9d71-55289e083fa5: shutdown FollowerState
2019-10-16 18:01:36,430 [Thread-2845] INFO  impl.RaftServerImpl (RaftServerImpl.java:setRole(184)) - bf55b3f9-6b09-4365-9d71-55289e083fa5@group-EFD1D20A002C: changes role from  FOLLOWER to CANDIDATE at term 468 for changeToCandidate
2019-10-16 18:01:36,430 [Thread-2845] INFO  impl.RoleInfo (RoleInfo.java:updateAndGet(143)) - bf55b3f9-6b09-4365-9d71-55289e083fa5: start LeaderElection
2019-10-16 18:01:36,446 [bf55b3f9-6b09-4365-9d71-55289e083fa5@group-EFD1D20A002C-LeaderElection399] INFO  impl.LeaderElection (LeaderElection.java:askForVotes(178)) - bf55b3f9-6b09-4365-9d71-55289e083fa5@group-EFD1D20A002C-LeaderElection399: begin an election at term 469 for -1: [f4c54511-b161-4347-aec5-5236dc80a0d8:0.0.0.0:41238, 907b9765-214b-4864-b66a-d6e2a5789e5c:0.0.0.0:41650, bf55b3f9-6b09-4365-9d71-55289e083fa5:0.0.0.0:42441], old=null
2019-10-16 18:01:36,448 [grpc-default-executor-3] INFO  impl.RaftServerImpl (RaftServerImpl.java:setRole(184)) - 907b9765-214b-4864-b66a-d6e2a5789e5c@group-EFD1D20A002C: changes role from  FOLLOWER to FOLLOWER at term 469 for recognizeCandidate:bf55b3f9-6b09-4365-9d71-55289e083fa5
2019-10-16 18:01:36,448 [grpc-default-executor-1] INFO  impl.RaftServerImpl (RaftServerImpl.java:setRole(184)) - f4c54511-b161-4347-aec5-5236dc80a0d8@group-EFD1D20A002C: changes role from  FOLLOWER to FOLLOWER at term 469 for recognizeCandidate:bf55b3f9-6b09-4365-9d71-55289e083fa5
2019-10-16 18:01:36,448 [grpc-default-executor-1] INFO  impl.RoleInfo (RoleInfo.java:shutdownFollowerState(121)) - f4c54511-b161-4347-aec5-5236dc80a0d8: shutdown FollowerState
2019-10-16 18:01:36,448 [grpc-default-executor-3] INFO  impl.RoleInfo (RoleInfo.java:shutdownFollowerState(121)) - 907b9765-214b-4864-b66a-d6e2a5789e5c: shutdown FollowerState
2019-10-16 18:01:36,448 [Thread-2843] INFO  impl.FollowerState (FollowerState.java:run(117)) - f4c54511-b161-4347-aec5-5236dc80a0d8@group-EFD1D20A002C-FollowerState was interrupted: java.lang.InterruptedException: sleep interrupted
2019-10-16 18:01:36,448 [grpc-default-executor-1] INFO  impl.RoleInfo (RoleInfo.java:updateAndGet(143)) - f4c54511-b161-4347-aec5-5236dc80a0d8: start FollowerState
2019-10-16 18:01:36,448 [Thread-2844] INFO  impl.FollowerState (FollowerState.java:run(117)) - 907b9765-214b-4864-b66a-d6e2a5789e5c@group-EFD1D20A002C-FollowerState was interrupted: java.lang.InterruptedException: sleep interrupted
2019-10-16 18:01:36,448 [grpc-default-executor-3] INFO  impl.RoleInfo (RoleInfo.java:updateAndGet(143)) - 907b9765-214b-4864-b66a-d6e2a5789e5c: start FollowerState
2019-10-16 18:01:36,494 [bf55b3f9-6b09-4365-9d71-55289e083fa5@group-EFD1D20A002C-LeaderElection399] INFO  impl.LeaderElection (LeaderElection.java:logAndReturn(56)) - bf55b3f9-6b09-4365-9d71-55289e083fa5@group-EFD1D20A002C-LeaderElection399: Election REJECTED; received 2 response(s) [bf55b3f9-6b09-4365-9d71-55289e083fa5<-f4c54511-b161-4347-aec5-5236dc80a0d8#0:FAIL-t469, bf55b3f9-6b09-4365-9d71-55289e083fa5<-907b9765-214b-4864-b66a-d6e2a5789e5c#0:FAIL-t469] and 0 exception(s); bf55b3f9-6b09-4365-9d71-55289e083fa5@group-EFD1D20A002C:t469, leader=null, voted=bf55b3f9-6b09-4365-9d71-55289e083fa5, raftlog=bf55b3f9-6b09-4365-9d71-55289e083fa5@group-EFD1D20A002C-SegmentedRaftLog:OPENED:c-1,f-1,i0, conf=-1: [f4c54511-b161-4347-aec5-5236dc80a0d8:0.0.0.0:41238, 907b9765-214b-4864-b66a-d6e2a5789e5c:0.0.0.0:41650, bf55b3f9-6b09-4365-9d71-55289e083fa5:0.0.0.0:42441], old=null
2019-10-16 18:01:36,494 [bf55b3f9-6b09-4365-9d71-55289e083fa5@group-EFD1D20A002C-LeaderElection399] INFO  impl.RaftServerImpl (RaftServerImpl.java:setRole(184)) - bf55b3f9-6b09-4365-9d71-55289e083fa5@group-EFD1D20A002C: changes role from CANDIDATE to FOLLOWER at term 469 for DISCOVERED_A_NEW_TERM
2019-10-16 18:01:36,494 [bf55b3f9-6b09-4365-9d71-55289e083fa5@group-EFD1D20A002C-LeaderElection399] INFO  impl.RoleInfo (RoleInfo.java:shutdownLeaderElection(134)) - bf55b3f9-6b09-4365-9d71-55289e083fa5: shutdown LeaderElection
2019-10-16 18:01:36,495 [bf55b3f9-6b09-4365-9d71-55289e083fa5@group-EFD1D20A002C-LeaderElection399] INFO  impl.RoleInfo (RoleInfo.java:updateAndGet(143)) - bf55b3f9-6b09-4365-9d71-55289e083fa5: start FollowerState
2019-10-16 18:01:36,544 [Thread-2851] INFO  impl.FollowerState (FollowerState.java:run(108)) - bf55b3f9-6b09-4365-9d71-55289e083fa5@group-EFD1D20A002C-FollowerState: change to CANDIDATE, lastRpcTime:49ms, electionTimeout:49ms
2019-10-16 18:01:36,544 [Thread-2851] INFO  impl.RoleInfo (RoleInfo.java:shutdownFollowerState(121)) - bf55b3f9-6b09-4365-9d71-55289e083fa5: shutdown FollowerState
2019-10-16 18:01:36,544 [Thread-2851] INFO  impl.RaftServerImpl (RaftServerImpl.java:setRole(184)) - bf55b3f9-6b09-4365-9d71-55289e083fa5@group-EFD1D20A002C: changes role from  FOLLOWER to CANDIDATE at term 469 for changeToCandidate
2019-10-16 18:01:36,544 [Thread-2851] INFO  impl.RoleInfo (RoleInfo.java:updateAndGet(143)) - bf55b3f9-6b09-4365-9d71-55289e083fa5: start LeaderElection
2019-10-16 18:01:36,586 [bf55b3f9-6b09-4365-9d71-55289e083fa5@group-EFD1D20A002C-LeaderElection400] INFO  impl.LeaderElection (LeaderElection.java:askForVotes(178)) - bf55b3f9-6b09-4365-9d71-55289e083fa5@group-EFD1D20A002C-LeaderElection400: begin an election at term 470 for -1: [f4c54511-b161-4347-aec5-5236dc80a0d8:0.0.0.0:41238, 907b9765-214b-4864-b66a-d6e2a5789e5c:0.0.0.0:41650, bf55b3f9-6b09-4365-9d71-55289e083fa5:0.0.0.0:42441], old=null
2019-10-16 18:01:36,589 [grpc-default-executor-3] INFO  impl.RaftServerImpl (RaftServerImpl.java:setRole(184)) - 907b9765-214b-4864-b66a-d6e2a5789e5c@group-EFD1D20A002C: changes role from  FOLLOWER to FOLLOWER at term 470 for recognizeCandidate:bf55b3f9-6b09-4365-9d71-55289e083fa5
2019-10-16 18:01:36,589 [grpc-default-executor-1] INFO  impl.RaftServerImpl (RaftServerImpl.java:setRole(184)) - f4c54511-b161-4347-aec5-5236dc80a0d8@group-EFD1D20A002C: changes role from  FOLLOWER to FOLLOWER at term 470 for recognizeCandidate:bf55b3f9-6b09-4365-9d71-55289e083fa5
2019-10-16 18:01:36,589 [grpc-default-executor-3] INFO  impl.RoleInfo (RoleInfo.java:shutdownFollowerState(121)) - 907b9765-214b-4864-b66a-d6e2a5789e5c: shutdown FollowerState
2019-10-16 18:01:36,589 [grpc-default-executor-1] INFO  impl.RoleInfo (RoleInfo.java:shutdownFollowerState(121)) - f4c54511-b161-4347-aec5-5236dc80a0d8: shutdown FollowerState
2019-10-16 18:01:36,589 [Thread-2850] INFO  impl.FollowerState (FollowerState.java:run(117)) - 907b9765-214b-4864-b66a-d6e2a5789e5c@group-EFD1D20A002C-FollowerState was interrupted: java.lang.InterruptedException: sleep interrupted
2019-10-16 18:01:36,589 [grpc-default-executor-3] INFO  impl.RoleInfo (RoleInfo.java:updateAndGet(143)) - 907b9765-214b-4864-b66a-d6e2a5789e5c: start FollowerState
2019-10-16 18:01:36,589 [Thread-2849] INFO  impl.FollowerState (FollowerState.java:run(117)) - f4c54511-b161-4347-aec5-5236dc80a0d8@group-EFD1D20A002C-FollowerState was interrupted: java.lang.InterruptedException: sleep interrupted
2019-10-16 18:01:36,589 [grpc-default-executor-1] INFO  impl.RoleInfo (RoleInfo.java:updateAndGet(143)) - f4c54511-b161-4347-aec5-5236dc80a0d8: start FollowerState
2019-10-16 18:01:36,637 [bf55b3f9-6b09-4365-9d71-55289e083fa5@group-EFD1D20A002C-LeaderElection400] INFO  impl.LeaderElection (LeaderElection.java:logAndReturn(56)) - bf55b3f9-6b09-4365-9d71-55289e083fa5@group-EFD1D20A002C-LeaderElection400: Election REJECTED; received 2 response(s) [bf55b3f9-6b09-4365-9d71-55289e083fa5<-f4c54511-b161-4347-aec5-5236dc80a0d8#0:FAIL-t470, bf55b3f9-6b09-4365-9d71-55289e083fa5<-907b9765-214b-4864-b66a-d6e2a5789e5c#0:FAIL-t470] and 0 exception(s); bf55b3f9-6b09-4365-9d71-55289e083fa5@group-EFD1D20A002C:t470, leader=null, voted=bf55b3f9-6b09-4365-9d71-55289e083fa5, raftlog=bf55b3f9-6b09-4365-9d71-55289e083fa5@group-EFD1D20A002C-SegmentedRaftLog:OPENED:c-1,f-1,i0, conf=-1: [f4c54511-b161-4347-aec5-5236dc80a0d8:0.0.0.0:41238, 907b9765-214b-4864-b66a-d6e2a5789e5c:0.0.0.0:41650, bf55b3f9-6b09-4365-9d71-55289e083fa5:0.0.0.0:42441], old=null
2019-10-16 18:01:36,638 [bf55b3f9-6b09-4365-9d71-55289e083fa5@group-EFD1D20A002C-LeaderElection400] INFO  impl.RaftServerImpl (RaftServerImpl.java:setRole(184)) - bf55b3f9-6b09-4365-9d71-55289e083fa5@group-EFD1D20A002C: changes role from CANDIDATE to FOLLOWER at term 470 for DISCOVERED_A_NEW_TERM
2019-10-16 18:01:36,638 [bf55b3f9-6b09-4365-9d71-55289e083fa5@group-EFD1D20A002C-LeaderElection400] INFO  impl.RoleInfo (RoleInfo.java:shutdownLeaderElection(134)) - bf55b3f9-6b09-4365-9d71-55289e083fa5: shutdown LeaderElection
2019-10-16 18:01:36,638 [bf55b3f9-6b09-4365-9d71-55289e083fa5@group-EFD1D20A002C-LeaderElection400] INFO  impl.RoleInfo (RoleInfo.java:updateAndGet(143)) - bf55b3f9-6b09-4365-9d71-55289e083fa5: start FollowerState
2019-10-16 18:01:36,712 [Thread-2857] INFO  impl.FollowerState (FollowerState.java:run(108)) - bf55b3f9-6b09-4365-9d71-55289e083fa5@group-EFD1D20A002C-FollowerState: change to CANDIDATE, lastRpcTime:74ms, electionTimeout:74ms
2019-10-16 18:01:36,712 [Thread-2857] INFO  impl.RoleInfo (RoleInfo.java:shutdownFollowerState(121)) - bf55b3f9-6b09-4365-9d71-55289e083fa5: shutdown FollowerState
2019-10-16 18:01:36,713 [Thread-2857] INFO  impl.RaftServerImpl (RaftServerImpl.java:setRole(184)) - bf55b3f9-6b09-4365-9d71-55289e083fa5@group-EFD1D20A002C: changes role from  FOLLOWER to CANDIDATE at term 470 for changeToCandidate
2019-10-16 18:01:36,713 [Thread-2857] INFO  impl.RoleInfo (RoleInfo.java:updateAndGet(143)) - bf55b3f9-6b09-4365-9d71-55289e083fa5: start LeaderElection
2019-10-16 18:01:36,737 [bf55b3f9-6b09-4365-9d71-55289e083fa5@group-EFD1D20A002C-LeaderElection401] INFO  impl.LeaderElection (LeaderElection.java:askForVotes(178)) - bf55b3f9-6b09-4365-9d71-55289e083fa5@group-EFD1D20A002C-LeaderElection401: begin an election at term 471 for -1: [f4c54511-b161-4347-aec5-5236dc80a0d8:0.0.0.0:41238, 907b9765-214b-4864-b66a-d6e2a5789e5c:0.0.0.0:41650, bf55b3f9-6b09-4365-9d71-55289e083fa5:0.0.0.0:42441], old=null
2019-10-16 18:01:36,739 [grpc-default-executor-3] INFO  impl.RaftServerImpl (RaftServerImpl.java:setRole(184)) - f4c54511-b161-4347-aec5-5236dc80a0d8@group-EFD1D20A002C: changes role from  FOLLOWER to FOLLOWER at term 471 for recognizeCandidate:bf55b3f9-6b09-4365-9d71-55289e083fa5
2019-10-16 18:01:36,739 [grpc-default-executor-1] INFO  impl.RaftServerImpl (RaftServerImpl.java:setRole(184)) - 907b9765-214b-4864-b66a-d6e2a5789e5c@group-EFD1D20A002C: changes role from  FOLLOWER to FOLLOWER at term 471 for recognizeCandidate:bf55b3f9-6b09-4365-9d71-55289e083fa5
2019-10-16 18:01:36,740 [grpc-default-executor-3] INFO  impl.RoleInfo (RoleInfo.java:shutdownFollowerState(121)) - f4c54511-b161-4347-aec5-5236dc80a0d8: shutdown FollowerState
2019-10-16 18:01:36,740 [grpc-default-executor-1] INFO  impl.RoleInfo (RoleInfo.java:shutdownFollowerState(121)) - 907b9765-214b-4864-b66a-d6e2a5789e5c: shutdown FollowerState
2019-10-16 18:01:36,740 [grpc-default-executor-3] INFO  impl.RoleInfo (RoleInfo.java:updateAndGet(143)) - f4c54511-b161-4347-aec5-5236dc80a0d8: start FollowerState
2019-10-16 18:01:36,740 [Thread-2855] INFO  impl.FollowerState (FollowerState.java:run(117)) - 907b9765-214b-4864-b66a-d6e2a5789e5c@group-EFD1D20A002C-FollowerState was interrupted: java.lang.InterruptedException: sleep interrupted
2019-10-16 18:01:36,740 [grpc-default-executor-1] INFO  impl.RoleInfo (RoleInfo.java:updateAndGet(143)) - 907b9765-214b-4864-b66a-d6e2a5789e5c: start FollowerState
2019-10-16 18:01:36,740 [Thread-2856] INFO  impl.FollowerState (FollowerState.java:run(117)) - f4c54511-b161-4347-aec5-5236dc80a0d8@group-EFD1D20A002C-FollowerState was interrupted: java.lang.InterruptedException: sleep interrupted
2019-10-16 18:01:36,744 [bf55b3f9-6b09-4365-9d71-55289e083fa5@group-EFD1D20A002C-LeaderElection401] INFO  impl.LeaderElection (LeaderElection.java:logAndReturn(56)) - bf55b3f9-6b09-4365-9d71-55289e083fa5@group-EFD1D20A002C-LeaderElection401: Election TIMEOUT; received 0 response(s) [] and 0 exception(s); bf55b3f9-6b09-4365-9d71-55289e083fa5@group-EFD1D20A002C:t471, leader=null, voted=bf55b3f9-6b09-4365-9d71-55289e083fa5, raftlog=bf55b3f9-6b09-4365-9d71-55289e083fa5@group-EFD1D20A002C-SegmentedRaftLog:OPENED:c-1,f-1,i0, conf=-1: [f4c54511-b161-4347-aec5-5236dc80a0d8:0.0.0.0:41238, 907b9765-214b-4864-b66a-d6e2a5789e5c:0.0.0.0:41650, bf55b3f9-6b09-4365-9d71-55289e083fa5:0.0.0.0:42441], old=null
2019-10-16 18:01:36,763 [bf55b3f9-6b09-4365-9d71-55289e083fa5@group-EFD1D20A002C-LeaderElection401] INFO  impl.LeaderElection (LeaderElection.java:askForVotes(178)) - bf55b3f9-6b09-4365-9d71-55289e083fa5@group-EFD1D20A002C-LeaderElection401: begin an election at term 472 for -1: [f4c54511-b161-4347-aec5-5236dc80a0d8:0.0.0.0:41238, 907b9765-214b-4864-b66a-d6e2a5789e5c:0.0.0.0:41650, bf55b3f9-6b09-4365-9d71-55289e083fa5:0.0.0.0:42441], old=null
2019-10-16 18:01:36,764 [grpc-default-executor-3] INFO  impl.RaftServerImpl (RaftServerImpl.java:setRole(184)) - f4c54511-b161-4347-aec5-5236dc80a0d8@group-EFD1D20A002C: changes role from  FOLLOWER to FOLLOWER at term 472 for recognizeCandidate:bf55b3f9-6b09-4365-9d71-55289e083fa5
2019-10-16 18:01:36,764 [grpc-default-executor-3] INFO  impl.RoleInfo (RoleInfo.java:shutdownFollowerState(121)) - f4c54511-b161-4347-aec5-5236dc80a0d8: shutdown FollowerState
2019-10-16 18:01:36,764 [grpc-default-executor-1] INFO  impl.RaftServerImpl (RaftServerImpl.java:setRole(184)) - 907b9765-214b-4864-b66a-d6e2a5789e5c@group-EFD1D20A002C: changes role from  FOLLOWER to FOLLOWER at term 472 for recognizeCandidate:bf55b3f9-6b09-4365-9d71-55289e083fa5
2019-10-16 18:01:36,765 [Thread-2861] INFO  impl.FollowerState (FollowerState.java:run(117)) - f4c54511-b161-4347-aec5-5236dc80a0d8@group-EFD1D20A002C-FollowerState was interrupted: java.lang.InterruptedException: sleep interrupted
2019-10-16 18:01:36,765 [grpc-default-executor-3] INFO  impl.RoleInfo (RoleInfo.java:updateAndGet(143)) - f4c54511-b161-4347-aec5-5236dc80a0d8: start FollowerState
2019-10-16 18:01:36,765 [grpc-default-executor-1] INFO  impl.RoleInfo (RoleInfo.java:shutdownFollowerState(121)) - 907b9765-214b-4864-b66a-d6e2a5789e5c: shutdown FollowerState
2019-10-16 18:01:36,765 [Thread-2862] INFO  impl.FollowerState (FollowerState.java:run(117)) - 907b9765-214b-4864-b66a-d6e2a5789e5c@group-EFD1D20A002C-FollowerState was interrupted: java.lang.InterruptedException: sleep interrupted
2019-10-16 18:01:36,765 [grpc-default-executor-1] INFO  impl.RoleInfo (RoleInfo.java:updateAndGet(143)) - 907b9765-214b-4864-b66a-d6e2a5789e5c: start FollowerState
2019-10-16 18:01:36,789 [bf55b3f9-6b09-4365-9d71-55289e083fa5@group-EFD1D20A002C-LeaderElection401] INFO  impl.LeaderElection (LeaderElection.java:logAndReturn(56)) - bf55b3f9-6b09-4365-9d71-55289e083fa5@group-EFD1D20A002C-LeaderElection401: Election REJECTED; received 2 response(s) [bf55b3f9-6b09-4365-9d71-55289e083fa5<-f4c54511-b161-4347-aec5-5236dc80a0d8#0:FAIL-t472, bf55b3f9-6b09-4365-9d71-55289e083fa5<-907b9765-214b-4864-b66a-d6e2a5789e5c#0:FAIL-t472] and 0 exception(s); bf55b3f9-6b09-4365-9d71-55289e083fa5@group-EFD1D20A002C:t472, leader=null, voted=bf55b3f9-6b09-4365-9d71-55289e083fa5, raftlog=bf55b3f9-6b09-4365-9d71-55289e083fa5@group-EFD1D20A002C-SegmentedRaftLog:OPENED:c-1,f-1,i0, conf=-1: [f4c54511-b161-4347-aec5-5236dc80a0d8:0.0.0.0:41238, 907b9765-214b-4864-b66a-d6e2a5789e5c:0.0.0.0:41650, bf55b3f9-6b09-4365-9d71-55289e083fa5:0.0.0.0:42441], old=null
2019-10-16 18:01:36,789 [bf55b3f9-6b09-4365-9d71-55289e083fa5@group-EFD1D20A002C-LeaderElection401] INFO  impl.RaftServerImpl (RaftServerImpl.java:setRole(184)) - bf55b3f9-6b09-4365-9d71-55289e083fa5@group-EFD1D20A002C: changes role from CANDIDATE to FOLLOWER at term 472 for DISCOVERED_A_NEW_TERM
2019-10-16 18:01:36,789 [bf55b3f9-6b09-4365-9d71-55289e083fa5@group-EFD1D20A002C-LeaderElection401] INFO  impl.RoleInfo (RoleInfo.java:shutdownLeaderElection(134)) - bf55b3f9-6b09-4365-9d71-55289e083fa5: shutdown LeaderElection
2019-10-16 18:01:36,789 [bf55b3f9-6b09-4365-9d71-55289e083fa5@group-EFD1D20A002C-LeaderElection401] INFO  impl.RoleInfo (RoleInfo.java:updateAndGet(143)) - bf55b3f9-6b09-4365-9d71-55289e083fa5: start FollowerState
2019-10-16 18:01:36,881 [Thread-2867] INFO  impl.FollowerState (FollowerState.java:run(108)) - bf55b3f9-6b09-4365-9d71-55289e083fa5@group-EFD1D20A002C-FollowerState: change to CANDIDATE, lastRpcTime:91ms, electionTimeout:91ms
2019-10-16 18:01:36,881 [Thread-2867] INFO  impl.RoleInfo (RoleInfo.java:shutdownFollowerState(121)) - bf55b3f9-6b09-4365-9d71-55289e083fa5: shutdown FollowerState
2019-10-16 18:01:36,881 [Thread-2867] INFO  impl.RaftServerImpl (RaftServerImpl.java:setRole(184)) - bf55b3f9-6b09-4365-9d71-55289e083fa5@group-EFD1D20A002C: changes role from  FOLLOWER to CANDIDATE at term 472 for changeToCandidate
2019-10-16 18:01:36,881 [Thread-2867] INFO  impl.RoleInfo (RoleInfo.java:updateAndGet(143)) - bf55b3f9-6b09-4365-9d71-55289e083fa5: start LeaderElection
2019-10-16 18:01:36,922 [bf55b3f9-6b09-4365-9d71-55289e083fa5@group-EFD1D20A002C-LeaderElection402] INFO  impl.LeaderElection (LeaderElection.java:askForVotes(178)) - bf55b3f9-6b09-4365-9d71-55289e083fa5@group-EFD1D20A002C-LeaderElection402: begin an election at term 473 for -1: [f4c54511-b161-4347-aec5-5236dc80a0d8:0.0.0.0:41238, 907b9765-214b-4864-b66a-d6e2a5789e5c:0.0.0.0:41650, bf55b3f9-6b09-4365-9d71-55289e083fa5:0.0.0.0:42441], old=null
2019-10-16 18:01:36,924 [grpc-default-executor-3] INFO  impl.RaftServerImpl (RaftServerImpl.java:setRole(184)) - f4c54511-b161-4347-aec5-5236dc80a0d8@group-EFD1D20A002C: changes role from  FOLLOWER to FOLLOWER at term 473 for recognizeCandidate:bf55b3f9-6b09-4365-9d71-55289e083fa5
2019-10-16 18:01:36,924 [grpc-default-executor-1] INFO  impl.RaftServerImpl (RaftServerImpl.java:setRole(184)) - 907b9765-214b-4864-b66a-d6e2a5789e5c@group-EFD1D20A002C: changes role from  FOLLOWER to FOLLOWER at term 473 for recognizeCandidate:bf55b3f9-6b09-4365-9d71-55289e083fa5
2019-10-16 18:01:36,924 [grpc-default-executor-1] INFO  impl.RoleInfo (RoleInfo.java:shutdownFollowerState(121)) - 907b9765-214b-4864-b66a-d6e2a5789e5c: shutdown FollowerState
2019-10-16 18:01:36,924 [grpc-default-executor-3] INFO  impl.RoleInfo (RoleInfo.java:shutdownFollowerState(121)) - f4c54511-b161-4347-aec5-5236dc80a0d8: shutdown FollowerState
2019-10-16 18:01:36,924 [Thread-2866] INFO  impl.FollowerState (FollowerState.java:run(117)) - 907b9765-214b-4864-b66a-d6e2a5789e5c@group-EFD1D20A002C-FollowerState was interrupted: java.lang.InterruptedException: sleep interrupted
2019-10-16 18:01:36,924 [grpc-default-executor-1] INFO  impl.RoleInfo (RoleInfo.java:updateAndGet(143)) - 907b9765-214b-4864-b66a-d6e2a5789e5c: start FollowerState
2019-10-16 18:01:36,924 [Thread-2865] INFO  impl.FollowerState (FollowerState.java:run(117)) - f4c54511-b161-4347-aec5-5236dc80a0d8@group-EFD1D20A002C-FollowerState was interrupted: java.lang.InterruptedException: sleep interrupted
2019-10-16 18:01:36,924 [grpc-default-executor-3] INFO  impl.RoleInfo (RoleInfo.java:updateAndGet(143)) - f4c54511-b161-4347-aec5-5236dc80a0d8: start FollowerState
2019-10-16 18:01:36,940 [bf55b3f9-6b09-4365-9d71-55289e083fa5@group-EFD1D20A002C-LeaderElection402] INFO  impl.LeaderElection (LeaderElection.java:logAndReturn(56)) - bf55b3f9-6b09-4365-9d71-55289e083fa5@group-EFD1D20A002C-LeaderElection402: Election REJECTED; received 2 response(s) [bf55b3f9-6b09-4365-9d71-55289e083fa5<-f4c54511-b161-4347-aec5-5236dc80a0d8#0:FAIL-t473, bf55b3f9-6b09-4365-9d71-55289e083fa5<-907b9765-214b-4864-b66a-d6e2a5789e5c#0:FAIL-t473] and 0 exception(s); bf55b3f9-6b09-4365-9d71-55289e083fa5@group-EFD1D20A002C:t473, leader=null, voted=bf55b3f9-6b09-4365-9d71-55289e083fa5, raftlog=bf55b3f9-6b09-4365-9d71-55289e083fa5@group-EFD1D20A002C-SegmentedRaftLog:OPENED:c-1,f-1,i0, conf=-1: [f4c54511-b161-4347-aec5-5236dc80a0d8:0.0.0.0:41238, 907b9765-214b-4864-b66a-d6e2a5789e5c:0.0.0.0:41650, bf55b3f9-6b09-4365-9d71-55289e083fa5:0.0.0.0:42441], old=null
2019-10-16 18:01:36,940 [bf55b3f9-6b09-4365-9d71-55289e083fa5@group-EFD1D20A002C-LeaderElection402] INFO  impl.RaftServerImpl (RaftServerImpl.java:setRole(184)) - bf55b3f9-6b09-4365-9d71-55289e083fa5@group-EFD1D20A002C: changes role from CANDIDATE to FOLLOWER at term 473 for DISCOVERED_A_NEW_TERM
2019-10-16 18:01:36,940 [bf55b3f9-6b09-4365-9d71-55289e083fa5@group-EFD1D20A002C-LeaderElection402] INFO  impl.RoleInfo (RoleInfo.java:shutdownLeaderElection(134)) - bf55b3f9-6b09-4365-9d71-55289e083fa5: shutdown LeaderElection
2019-10-16 18:01:36,940 [bf55b3f9-6b09-4365-9d71-55289e083fa5@group-EFD1D20A002C-LeaderElection402] INFO  impl.RoleInfo (RoleInfo.java:updateAndGet(143)) - bf55b3f9-6b09-4365-9d71-55289e083fa5: start FollowerState
2019-10-16 18:01:37,027 [Thread-2873] INFO  impl.FollowerState (FollowerState.java:run(108)) - bf55b3f9-6b09-4365-9d71-55289e083fa5@group-EFD1D20A002C-FollowerState: change to CANDIDATE, lastRpcTime:86ms, electionTimeout:86ms
2019-10-16 18:01:37,027 [Thread-2873] INFO  impl.RoleInfo (RoleInfo.java:shutdownFollowerState(121)) - bf55b3f9-6b09-4365-9d71-55289e083fa5: shutdown FollowerState
2019-10-16 18:01:37,027 [Thread-2873] INFO  impl.RaftServerImpl (RaftServerImpl.java:setRole(184)) - bf55b3f9-6b09-4365-9d71-55289e083fa5@group-EFD1D20A002C: changes role from  FOLLOWER to CANDIDATE at term 473 for changeToCandidate
2019-10-16 18:01:37,027 [Thread-2873] INFO  impl.RoleInfo (RoleInfo.java:updateAndGet(143)) - bf55b3f9-6b09-4365-9d71-55289e083fa5: start LeaderElection
2019-10-16 18:01:37,049 [bf55b3f9-6b09-4365-9d71-55289e083fa5@group-EFD1D20A002C-LeaderElection403] INFO  impl.LeaderElection (LeaderElection.java:askForVotes(178)) - bf55b3f9-6b09-4365-9d71-55289e083fa5@group-EFD1D20A002C-LeaderElection403: begin an election at term 474 for -1: [f4c54511-b161-4347-aec5-5236dc80a0d8:0.0.0.0:41238, 907b9765-214b-4864-b66a-d6e2a5789e5c:0.0.0.0:41650, bf55b3f9-6b09-4365-9d71-55289e083fa5:0.0.0.0:42441], old=null
2019-10-16 18:01:37,052 [grpc-default-executor-1] INFO  impl.RaftServerImpl (RaftServerImpl.java:setRole(184)) - f4c54511-b161-4347-aec5-5236dc80a0d8@group-EFD1D20A002C: changes role from  FOLLOWER to FOLLOWER at term 474 for recognizeCandidate:bf55b3f9-6b09-4365-9d71-55289e083fa5
2019-10-16 18:01:37,052 [grpc-default-executor-1] INFO  impl.RoleInfo (RoleInfo.java:shutdownFollowerState(121)) - f4c54511-b161-4347-aec5-5236dc80a0d8: shutdown FollowerState
2019-10-16 18:01:37,052 [grpc-default-executor-1] INFO  impl.RoleInfo (RoleInfo.java:updateAndGet(143)) - f4c54511-b161-4347-aec5-5236dc80a0d8: start FollowerState
2019-10-16 18:01:37,052 [Thread-2872] INFO  impl.FollowerState (FollowerState.java:run(117)) - f4c54511-b161-4347-aec5-5236dc80a0d8@group-EFD1D20A002C-FollowerState was interrupted: java.lang.InterruptedException: sleep interrupted
2019-10-16 18:01:37,052 [grpc-default-executor-3] INFO  impl.RaftServerImpl (RaftServerImpl.java:setRole(184)) - 907b9765-214b-4864-b66a-d6e2a5789e5c@group-EFD1D20A002C: changes role from  FOLLOWER to FOLLOWER at term 474 for recognizeCandidate:bf55b3f9-6b09-4365-9d71-55289e083fa5
2019-10-16 18:01:37,052 [grpc-default-executor-3] INFO  impl.RoleInfo (RoleInfo.java:shutdownFollowerState(121)) - 907b9765-214b-4864-b66a-d6e2a5789e5c: shutdown FollowerState
2019-10-16 18:01:37,052 [grpc-default-executor-3] INFO  impl.RoleInfo (RoleInfo.java:updateAndGet(143)) - 907b9765-214b-4864-b66a-d6e2a5789e5c: start FollowerState
2019-10-16 18:01:37,053 [Thread-2871] INFO  impl.FollowerState (FollowerState.java:run(117)) - 907b9765-214b-4864-b66a-d6e2a5789e5c@group-EFD1D20A002C-FollowerState was interrupted: java.lang.InterruptedException: sleep interrupted
2019-10-16 18:01:37,070 [bf55b3f9-6b09-4365-9d71-55289e083fa5@group-EFD1D20A002C-LeaderElection403] INFO  impl.LeaderElection (LeaderElection.java:logAndReturn(56)) - bf55b3f9-6b09-4365-9d71-55289e083fa5@group-EFD1D20A002C-LeaderElection403: Election TIMEOUT; received 0 response(s) [] and 0 exception(s); bf55b3f9-6b09-4365-9d71-55289e083fa5@group-EFD1D20A002C:t474, leader=null, voted=bf55b3f9-6b09-4365-9d71-55289e083fa5, raftlog=bf55b3f9-6b09-4365-9d71-55289e083fa5@group-EFD1D20A002C-SegmentedRaftLog:OPENED:c-1,f-1,i0, conf=-1: [f4c54511-b161-4347-aec5-5236dc80a0d8:0.0.0.0:41238, 907b9765-214b-4864-b66a-d6e2a5789e5c:0.0.0.0:41650, bf55b3f9-6b09-4365-9d71-55289e083fa5:0.0.0.0:42441], old=null
2019-10-16 18:01:37,092 [bf55b3f9-6b09-4365-9d71-55289e083fa5@group-EFD1D20A002C-LeaderElection403] INFO  impl.LeaderElection (LeaderElection.java:askForVotes(178)) - bf55b3f9-6b09-4365-9d71-55289e083fa5@group-EFD1D20A002C-LeaderElection403: begin an election at term 475 for -1: [f4c54511-b161-4347-aec5-5236dc80a0d8:0.0.0.0:41238, 907b9765-214b-4864-b66a-d6e2a5789e5c:0.0.0.0:41650, bf55b3f9-6b09-4365-9d71-55289e083fa5:0.0.0.0:42441], old=null
2019-10-16 18:01:37,093 [grpc-default-executor-3] INFO  impl.RaftServerImpl (RaftServerImpl.java:setRole(184)) - 907b9765-214b-4864-b66a-d6e2a5789e5c@group-EFD1D20A002C: changes role from  FOLLOWER to FOLLOWER at term 475 for recognizeCandidate:bf55b3f9-6b09-4365-9d71-55289e083fa5
2019-10-16 18:01:37,093 [grpc-default-executor-1] INFO  impl.RaftServerImpl (RaftServerImpl.java:setRole(184)) - f4c54511-b161-4347-aec5-5236dc80a0d8@group-EFD1D20A002C: changes role from  FOLLOWER to FOLLOWER at term 475 for recognizeCandidate:bf55b3f9-6b09-4365-9d71-55289e083fa5
2019-10-16 18:01:37,093 [grpc-default-executor-3] INFO  impl.RoleInfo (RoleInfo.java:shutdownFollowerState(121)) - 907b9765-214b-4864-b66a-d6e2a5789e5c: shutdown FollowerState
2019-10-16 18:01:37,093 [grpc-default-executor-1] INFO  impl.RoleInfo (RoleInfo.java:shutdownFollowerState(121)) - f4c54511-b161-4347-aec5-5236dc80a0d8: shutdown FollowerState
2019-10-16 18:01:37,094 [grpc-default-executor-3] INFO  impl.RoleInfo (RoleInfo.java:updateAndGet(143)) - 907b9765-214b-4864-b66a-d6e2a5789e5c: start FollowerState
2019-10-16 18:01:37,094 [Thread-2878] INFO  impl.FollowerState (FollowerState.java:run(117)) - 907b9765-214b-4864-b66a-d6e2a5789e5c@group-EFD1D20A002C-FollowerState was interrupted: java.lang.InterruptedException: sleep interrupted
2019-10-16 18:01:37,094 [Thread-2877] INFO  impl.FollowerState (FollowerState.java:run(117)) - f4c54511-b161-4347-aec5-5236dc80a0d8@group-EFD1D20A002C-FollowerState was interrupted: java.lang.InterruptedException: sleep interrupted
2019-10-16 18:01:37,094 [grpc-default-executor-1] INFO  impl.RoleInfo (RoleInfo.java:updateAndGet(143)) - f4c54511-b161-4347-aec5-5236dc80a0d8: start FollowerState
2019-10-16 18:01:37,109 [bf55b3f9-6b09-4365-9d71-55289e083fa5@group-EFD1D20A002C-LeaderElection403] INFO  impl.LeaderElection (LeaderElection.java:logAndReturn(56)) - bf55b3f9-6b09-4365-9d71-55289e083fa5@group-EFD1D20A002C-LeaderElection403: Election TIMEOUT; received 0 response(s) [] and 0 exception(s); bf55b3f9-6b09-4365-9d71-55289e083fa5@group-EFD1D20A002C:t475, leader=null, voted=bf55b3f9-6b09-4365-9d71-55289e083fa5, raftlog=bf55b3f9-6b09-4365-9d71-55289e083fa5@group-EFD1D20A002C-SegmentedRaftLog:OPENED:c-1,f-1,i0, conf=-1: [f4c54511-b161-4347-aec5-5236dc80a0d8:0.0.0.0:41238, 907b9765-214b-4864-b66a-d6e2a5789e5c:0.0.0.0:41650, bf55b3f9-6b09-4365-9d71-55289e083fa5:0.0.0.0:42441], old=null
2019-10-16 18:01:37,134 [bf55b3f9-6b09-4365-9d71-55289e083fa5@group-EFD1D20A002C-LeaderElection403] INFO  impl.LeaderElection (LeaderElection.java:askForVotes(178)) - bf55b3f9-6b09-4365-9d71-55289e083fa5@group-EFD1D20A002C-LeaderElection403: begin an election at term 476 for -1: [f4c54511-b161-4347-aec5-5236dc80a0d8:0.0.0.0:41238, 907b9765-214b-4864-b66a-d6e2a5789e5c:0.0.0.0:41650, bf55b3f9-6b09-4365-9d71-55289e083fa5:0.0.0.0:42441], old=null
2019-10-16 18:01:37,136 [grpc-default-executor-3] INFO  impl.RaftServerImpl (RaftServerImpl.java:setRole(184)) - 907b9765-214b-4864-b66a-d6e2a5789e5c@group-EFD1D20A002C: changes role from  FOLLOWER to FOLLOWER at term 476 for recognizeCandidate:bf55b3f9-6b09-4365-9d71-55289e083fa5
2019-10-16 18:01:37,136 [grpc-default-executor-1] INFO  impl.RaftServerImpl (RaftServerImpl.java:setRole(184)) - f4c54511-b161-4347-aec5-5236dc80a0d8@group-EFD1D20A002C: changes role from  FOLLOWER to FOLLOWER at term 476 for recognizeCandidate:bf55b3f9-6b09-4365-9d71-55289e083fa5
2019-10-16 18:01:37,136 [grpc-default-executor-1] INFO  impl.RoleInfo (RoleInfo.java:shutdownFollowerState(121)) - f4c54511-b161-4347-aec5-5236dc80a0d8: shutdown FollowerState
2019-10-16 18:01:37,136 [grpc-default-executor-3] INFO  impl.RoleInfo (RoleInfo.java:shutdownFollowerState(121)) - 907b9765-214b-4864-b66a-d6e2a5789e5c: shutdown FollowerState
2019-10-16 18:01:37,137 [Thread-2882] INFO  impl.FollowerState (FollowerState.java:run(117)) - f4c54511-b161-4347-aec5-5236dc80a0d8@group-EFD1D20A002C-FollowerState was interrupted: java.lang.InterruptedException: sleep interrupted
2019-10-16 18:01:37,137 [Thread-2881] INFO  impl.FollowerState (FollowerState.java:run(117)) - 907b9765-214b-4864-b66a-d6e2a5789e5c@group-EFD1D20A002C-FollowerState was interrupted: java.lang.InterruptedException: sleep interrupted
2019-10-16 18:01:37,137 [grpc-default-executor-1] INFO  impl.RoleInfo (RoleInfo.java:updateAndGet(143)) - f4c54511-b161-4347-aec5-5236dc80a0d8: start FollowerState
2019-10-16 18:01:37,137 [grpc-default-executor-3] INFO  impl.RoleInfo (RoleInfo.java:updateAndGet(143)) - 907b9765-214b-4864-b66a-d6e2a5789e5c: start FollowerState
2019-10-16 18:01:37,139 [bf55b3f9-6b09-4365-9d71-55289e083fa5@group-EFD1D20A002C-LeaderElection403] INFO  impl.LeaderElection (LeaderElection.java:logAndReturn(56)) - bf55b3f9-6b09-4365-9d71-55289e083fa5@group-EFD1D20A002C-LeaderElection403: Election TIMEOUT; received 0 response(s) [] and 0 exception(s); bf55b3f9-6b09-4365-9d71-55289e083fa5@group-EFD1D20A002C:t476, leader=null, voted=bf55b3f9-6b09-4365-9d71-55289e083fa5, raftlog=bf55b3f9-6b09-4365-9d71-55289e083fa5@group-EFD1D20A002C-SegmentedRaftLog:OPENED:c-1,f-1,i0, conf=-1: [f4c54511-b161-4347-aec5-5236dc80a0d8:0.0.0.0:41238, 907b9765-214b-4864-b66a-d6e2a5789e5c:0.0.0.0:41650, bf55b3f9-6b09-4365-9d71-55289e083fa5:0.0.0.0:42441], old=null
2019-10-16 18:01:37,178 [bf55b3f9-6b09-4365-9d71-55289e083fa5@group-EFD1D20A002C-LeaderElection403] INFO  impl.LeaderElection (LeaderElection.java:askForVotes(178)) - bf55b3f9-6b09-4365-9d71-55289e083fa5@group-EFD1D20A002C-LeaderElection403: begin an election at term 477 for -1: [f4c54511-b161-4347-aec5-5236dc80a0d8:0.0.0.0:41238, 907b9765-214b-4864-b66a-d6e2a5789e5c:0.0.0.0:41650, bf55b3f9-6b09-4365-9d71-55289e083fa5:0.0.0.0:42441], old=null
2019-10-16 18:01:37,179 [grpc-default-executor-1] INFO  impl.RaftServerImpl (RaftServerImpl.java:setRole(184)) - f4c54511-b161-4347-aec5-5236dc80a0d8@group-EFD1D20A002C: changes role from  FOLLOWER to FOLLOWER at term 477 for recognizeCandidate:bf55b3f9-6b09-4365-9d71-55289e083fa5
2019-10-16 18:01:37,179 [grpc-default-executor-1] INFO  impl.RoleInfo (RoleInfo.java:shutdownFollowerState(121)) - f4c54511-b161-4347-aec5-5236dc80a0d8: shutdown FollowerState
2019-10-16 18:01:37,179 [grpc-default-executor-1] INFO  impl.RoleInfo (RoleInfo.java:updateAndGet(143)) - f4c54511-b161-4347-aec5-5236dc80a0d8: start FollowerState
2019-10-16 18:01:37,179 [Thread-2885] INFO  impl.FollowerState (FollowerState.java:run(117)) - f4c54511-b161-4347-aec5-5236dc80a0d8@group-EFD1D20A002C-FollowerState was interrupted: java.lang.InterruptedException: sleep interrupted
2019-10-16 18:01:37,179 [grpc-default-executor-3] INFO  impl.RaftServerImpl (RaftServerImpl.java:setRole(184)) - 907b9765-214b-4864-b66a-d6e2a5789e5c@group-EFD1D20A002C: changes role from  FOLLOWER to FOLLOWER at term 477 for recognizeCandidate:bf55b3f9-6b09-4365-9d71-55289e083fa5
2019-10-16 18:01:37,179 [grpc-default-executor-3] INFO  impl.RoleInfo (RoleInfo.java:shutdownFollowerState(121)) - 907b9765-214b-4864-b66a-d6e2a5789e5c: shutdown FollowerState
2019-10-16 18:01:37,180 [grpc-default-executor-3] INFO  impl.RoleInfo (RoleInfo.java:updateAndGet(143)) - 907b9765-214b-4864-b66a-d6e2a5789e5c: start FollowerState
2019-10-16 18:01:37,180 [Thread-2886] INFO  impl.FollowerState (FollowerState.java:run(117)) - 907b9765-214b-4864-b66a-d6e2a5789e5c@group-EFD1D20A002C-FollowerState was interrupted: java.lang.InterruptedException: sleep interrupted
2019-10-16 18:01:37,204 [bf55b3f9-6b09-4365-9d71-55289e083fa5@group-EFD1D20A002C-LeaderElection403] INFO  impl.LeaderElection (LeaderElection.java:logAndReturn(56)) - bf55b3f9-6b09-4365-9d71-55289e083fa5@group-EFD1D20A002C-LeaderElection403: Election REJECTED; received 2 response(s) [bf55b3f9-6b09-4365-9d71-55289e083fa5<-f4c54511-b161-4347-aec5-5236dc80a0d8#0:FAIL-t477, bf55b3f9-6b09-4365-9d71-55289e083fa5<-907b9765-214b-4864-b66a-d6e2a5789e5c#0:FAIL-t477] and 0 exception(s); bf55b3f9-6b09-4365-9d71-55289e083fa5@group-EFD1D20A002C:t477, leader=null, voted=bf55b3f9-6b09-4365-9d71-55289e083fa5, raftlog=bf55b3f9-6b09-4365-9d71-55289e083fa5@group-EFD1D20A002C-SegmentedRaftLog:OPENED:c-1,f-1,i0, conf=-1: [f4c54511-b161-4347-aec5-5236dc80a0d8:0.0.0.0:41238, 907b9765-214b-4864-b66a-d6e2a5789e5c:0.0.0.0:41650, bf55b3f9-6b09-4365-9d71-55289e083fa5:0.0.0.0:42441], old=null
2019-10-16 18:01:37,204 [bf55b3f9-6b09-4365-9d71-55289e083fa5@group-EFD1D20A002C-LeaderElection403] INFO  impl.RaftServerImpl (RaftServerImpl.java:setRole(184)) - bf55b3f9-6b09-4365-9d71-55289e083fa5@group-EFD1D20A002C: changes role from CANDIDATE to FOLLOWER at term 477 for DISCOVERED_A_NEW_TERM
2019-10-16 18:01:37,204 [bf55b3f9-6b09-4365-9d71-55289e083fa5@group-EFD1D20A002C-LeaderElection403] INFO  impl.RoleInfo (RoleInfo.java:shutdownLeaderElection(134)) - bf55b3f9-6b09-4365-9d71-55289e083fa5: shutdown LeaderElection
2019-10-16 18:01:37,204 [bf55b3f9-6b09-4365-9d71-55289e083fa5@group-EFD1D20A002C-LeaderElection403] INFO  impl.RoleInfo (RoleInfo.java:updateAndGet(143)) - bf55b3f9-6b09-4365-9d71-55289e083fa5: start FollowerState
2019-10-16 18:01:37,359 [Thread-2893] INFO  impl.FollowerState (FollowerState.java:run(108)) - bf55b3f9-6b09-4365-9d71-55289e083fa5@group-EFD1D20A002C-FollowerState: change to CANDIDATE, lastRpcTime:155ms, electionTimeout:155ms
2019-10-16 18:01:37,360 [Thread-2893] INFO  impl.RoleInfo (RoleInfo.java:shutdownFollowerState(121)) - bf55b3f9-6b09-4365-9d71-55289e083fa5: shutdown FollowerState
2019-10-16 18:01:37,361 [Thread-2893] INFO  impl.RaftServerImpl (RaftServerImpl.java:setRole(184)) - bf55b3f9-6b09-4365-9d71-55289e083fa5@group-EFD1D20A002C: changes role from  FOLLOWER to CANDIDATE at term 477 for changeToCandidate
2019-10-16 18:01:37,361 [Thread-2893] INFO  impl.RoleInfo (RoleInfo.java:updateAndGet(143)) - bf55b3f9-6b09-4365-9d71-55289e083fa5: start LeaderElection
2019-10-16 18:01:37,380 [bf55b3f9-6b09-4365-9d71-55289e083fa5@group-EFD1D20A002C-LeaderElection404] INFO  impl.LeaderElection (LeaderElection.java:askForVotes(178)) - bf55b3f9-6b09-4365-9d71-55289e083fa5@group-EFD1D20A002C-LeaderElection404: begin an election at term 478 for -1: [f4c54511-b161-4347-aec5-5236dc80a0d8:0.0.0.0:41238, 907b9765-214b-4864-b66a-d6e2a5789e5c:0.0.0.0:41650, bf55b3f9-6b09-4365-9d71-55289e083fa5:0.0.0.0:42441], old=null
2019-10-16 18:01:37,384 [grpc-default-executor-2] INFO  impl.RaftServerImpl (RaftServerImpl.java:setRole(184)) - 907b9765-214b-4864-b66a-d6e2a5789e5c@group-EFD1D20A002C: changes role from  FOLLOWER to FOLLOWER at term 478 for recognizeCandidate:bf55b3f9-6b09-4365-9d71-55289e083fa5
2019-10-16 18:01:37,384 [grpc-default-executor-3] INFO  impl.RaftServerImpl (RaftServerImpl.java:setRole(184)) - f4c54511-b161-4347-aec5-5236dc80a0d8@group-EFD1D20A002C: changes role from  FOLLOWER to FOLLOWER at term 478 for recognizeCandidate:bf55b3f9-6b09-4365-9d71-55289e083fa5
2019-10-16 18:01:37,385 [grpc-default-executor-2] INFO  impl.RoleInfo (RoleInfo.java:shutdownFollowerState(121)) - 907b9765-214b-4864-b66a-d6e2a5789e5c: shutdown FollowerState
2019-10-16 18:01:37,385 [grpc-default-executor-3] INFO  impl.RoleInfo (RoleInfo.java:shutdownFollowerState(121)) - f4c54511-b161-4347-aec5-5236dc80a0d8: shutdown FollowerState
2019-10-16 18:01:37,385 [grpc-default-executor-2] INFO  impl.RoleInfo (RoleInfo.java:updateAndGet(143)) - 907b9765-214b-4864-b66a-d6e2a5789e5c: start FollowerState
2019-10-16 18:01:37,385 [grpc-default-executor-3] INFO  impl.RoleInfo (RoleInfo.java:updateAndGet(143)) - f4c54511-b161-4347-aec5-5236dc80a0d8: start FollowerState
2019-10-16 18:01:37,385 [Thread-2890] INFO  impl.FollowerState (FollowerState.java:run(117)) - 907b9765-214b-4864-b66a-d6e2a5789e5c@group-EFD1D20A002C-FollowerState was interrupted: java.lang.InterruptedException: sleep interrupted
2019-10-16 18:01:37,385 [Thread-2889] INFO  impl.FollowerState (FollowerState.java:run(117)) - f4c54511-b161-4347-aec5-5236dc80a0d8@group-EFD1D20A002C-FollowerState was interrupted: java.lang.InterruptedException: sleep interrupted
2019-10-16 18:01:37,415 [bf55b3f9-6b09-4365-9d71-55289e083fa5@group-EFD1D20A002C-LeaderElection404] INFO  impl.LeaderElection (LeaderElection.java:logAndReturn(56)) - bf55b3f9-6b09-4365-9d71-55289e083fa5@group-EFD1D20A002C-LeaderElection404: Election REJECTED; received 2 response(s) [bf55b3f9-6b09-4365-9d71-55289e083fa5<-f4c54511-b161-4347-aec5-5236dc80a0d8#0:FAIL-t478, bf55b3f9-6b09-4365-9d71-55289e083fa5<-907b9765-214b-4864-b66a-d6e2a5789e5c#0:FAIL-t478] and 0 exception(s); bf55b3f9-6b09-4365-9d71-55289e083fa5@group-EFD1D20A002C:t478, leader=null, voted=bf55b3f9-6b09-4365-9d71-55289e083fa5, raftlog=bf55b3f9-6b09-4365-9d71-55289e083fa5@group-EFD1D20A002C-SegmentedRaftLog:OPENED:c-1,f-1,i0, conf=-1: [f4c54511-b161-4347-aec5-5236dc80a0d8:0.0.0.0:41238, 907b9765-214b-4864-b66a-d6e2a5789e5c:0.0.0.0:41650, bf55b3f9-6b09-4365-9d71-55289e083fa5:0.0.0.0:42441], old=null
2019-10-16 18:01:37,415 [bf55b3f9-6b09-4365-9d71-55289e083fa5@group-EFD1D20A002C-LeaderElection404] INFO  impl.RaftServerImpl (RaftServerImpl.java:setRole(184)) - bf55b3f9-6b09-4365-9d71-55289e083fa5@group-EFD1D20A002C: changes role from CANDIDATE to FOLLOWER at term 478 for DISCOVERED_A_NEW_TERM
2019-10-16 18:01:37,415 [bf55b3f9-6b09-4365-9d71-55289e083fa5@group-EFD1D20A002C-LeaderElection404] INFO  impl.RoleInfo (RoleInfo.java:shutdownLeaderElection(134)) - bf55b3f9-6b09-4365-9d71-55289e083fa5: shutdown LeaderElection
2019-10-16 18:01:37,416 [bf55b3f9-6b09-4365-9d71-55289e083fa5@group-EFD1D20A002C-LeaderElection404] INFO  impl.RoleInfo (RoleInfo.java:updateAndGet(143)) - bf55b3f9-6b09-4365-9d71-55289e083fa5: start FollowerState
2019-10-16 18:01:37,473 [Thread-2899] INFO  impl.FollowerState (FollowerState.java:run(108)) - bf55b3f9-6b09-4365-9d71-55289e083fa5@group-EFD1D20A002C-FollowerState: change to CANDIDATE, lastRpcTime:57ms, electionTimeout:57ms
2019-10-16 18:01:37,473 [Thread-2899] INFO  impl.RoleInfo (RoleInfo.java:shutdownFollowerState(121)) - bf55b3f9-6b09-4365-9d71-55289e083fa5: shutdown FollowerState
2019-10-16 18:01:37,473 [Thread-2899] INFO  impl.RaftServerImpl (RaftServerImpl.java:setRole(184)) - bf55b3f9-6b09-4365-9d71-55289e083fa5@group-EFD1D20A002C: changes role from  FOLLOWER to CANDIDATE at term 478 for changeToCandidate
2019-10-16 18:01:37,473 [Thread-2899] INFO  impl.RoleInfo (RoleInfo.java:updateAndGet(143)) - bf55b3f9-6b09-4365-9d71-55289e083fa5: start LeaderElection
2019-10-16 18:01:37,506 [bf55b3f9-6b09-4365-9d71-55289e083fa5@group-EFD1D20A002C-LeaderElection405] INFO  impl.LeaderElection (LeaderElection.java:askForVotes(178)) - bf55b3f9-6b09-4365-9d71-55289e083fa5@group-EFD1D20A002C-LeaderElection405: begin an election at term 479 for -1: [f4c54511-b161-4347-aec5-5236dc80a0d8:0.0.0.0:41238, 907b9765-214b-4864-b66a-d6e2a5789e5c:0.0.0.0:41650, bf55b3f9-6b09-4365-9d71-55289e083fa5:0.0.0.0:42441], old=null
2019-10-16 18:01:37,508 [grpc-default-executor-2] INFO  impl.RaftServerImpl (RaftServerImpl.java:setRole(184)) - f4c54511-b161-4347-aec5-5236dc80a0d8@group-EFD1D20A002C: changes role from  FOLLOWER to FOLLOWER at term 479 for recognizeCandidate:bf55b3f9-6b09-4365-9d71-55289e083fa5
2019-10-16 18:01:37,508 [grpc-default-executor-2] INFO  impl.RoleInfo (RoleInfo.java:shutdownFollowerState(121)) - f4c54511-b161-4347-aec5-5236dc80a0d8: shutdown FollowerState
2019-10-16 18:01:37,508 [grpc-default-executor-2] INFO  impl.RoleInfo (RoleInfo.java:updateAndGet(143)) - f4c54511-b161-4347-aec5-5236dc80a0d8: start FollowerState
2019-10-16 18:01:37,508 [Thread-2898] INFO  impl.FollowerState (FollowerState.java:run(117)) - f4c54511-b161-4347-aec5-5236dc80a0d8@group-EFD1D20A002C-FollowerState was interrupted: java.lang.InterruptedException: sleep interrupted
2019-10-16 18:01:37,509 [grpc-default-executor-3] INFO  impl.RaftServerImpl (RaftServerImpl.java:setRole(184)) - 907b9765-214b-4864-b66a-d6e2a5789e5c@group-EFD1D20A002C: changes role from  FOLLOWER to FOLLOWER at term 479 for recognizeCandidate:bf55b3f9-6b09-4365-9d71-55289e083fa5
2019-10-16 18:01:37,509 [grpc-default-executor-3] INFO  impl.RoleInfo (RoleInfo.java:shutdownFollowerState(121)) - 907b9765-214b-4864-b66a-d6e2a5789e5c: shutdown FollowerState
2019-10-16 18:01:37,509 [grpc-default-executor-3] INFO  impl.RoleInfo (RoleInfo.java:updateAndGet(143)) - 907b9765-214b-4864-b66a-d6e2a5789e5c: start FollowerState
2019-10-16 18:01:37,509 [Thread-2897] INFO  impl.FollowerState (FollowerState.java:run(117)) - 907b9765-214b-4864-b66a-d6e2a5789e5c@group-EFD1D20A002C-FollowerState was interrupted: java.lang.InterruptedException: sleep interrupted
2019-10-16 18:01:37,532 [bf55b3f9-6b09-4365-9d71-55289e083fa5@group-EFD1D20A002C-LeaderElection405] INFO  impl.LeaderElection (LeaderElection.java:logAndReturn(56)) - bf55b3f9-6b09-4365-9d71-55289e083fa5@group-EFD1D20A002C-LeaderElection405: Election REJECTED; received 2 response(s) [bf55b3f9-6b09-4365-9d71-55289e083fa5<-f4c54511-b161-4347-aec5-5236dc80a0d8#0:FAIL-t479, bf55b3f9-6b09-4365-9d71-55289e083fa5<-907b9765-214b-4864-b66a-d6e2a5789e5c#0:FAIL-t479] and 0 exception(s); bf55b3f9-6b09-4365-9d71-55289e083fa5@group-EFD1D20A002C:t479, leader=null, voted=bf55b3f9-6b09-4365-9d71-55289e083fa5, raftlog=bf55b3f9-6b09-4365-9d71-55289e083fa5@group-EFD1D20A002C-SegmentedRaftLog:OPENED:c-1,f-1,i0, conf=-1: [f4c54511-b161-4347-aec5-5236dc80a0d8:0.0.0.0:41238, 907b9765-214b-4864-b66a-d6e2a5789e5c:0.0.0.0:41650, bf55b3f9-6b09-4365-9d71-55289e083fa5:0.0.0.0:42441], old=null
2019-10-16 18:01:37,533 [bf55b3f9-6b09-4365-9d71-55289e083fa5@group-EFD1D20A002C-LeaderElection405] INFO  impl.RaftServerImpl (RaftServerImpl.java:setRole(184)) - bf55b3f9-6b09-4365-9d71-55289e083fa5@group-EFD1D20A002C: changes role from CANDIDATE to FOLLOWER at term 479 for DISCOVERED_A_NEW_TERM
2019-10-16 18:01:37,533 [bf55b3f9-6b09-4365-9d71-55289e083fa5@group-EFD1D20A002C-LeaderElection405] INFO  impl.RoleInfo (RoleInfo.java:shutdownLeaderElection(134)) - bf55b3f9-6b09-4365-9d71-55289e083fa5: shutdown LeaderElection
2019-10-16 18:01:37,533 [bf55b3f9-6b09-4365-9d71-55289e083fa5@group-EFD1D20A002C-LeaderElection405] INFO  impl.RoleInfo (RoleInfo.java:updateAndGet(143)) - bf55b3f9-6b09-4365-9d71-55289e083fa5: start FollowerState
2019-10-16 18:01:37,674 [Thread-2905] INFO  impl.FollowerState (FollowerState.java:run(108)) - bf55b3f9-6b09-4365-9d71-55289e083fa5@group-EFD1D20A002C-FollowerState: change to CANDIDATE, lastRpcTime:141ms, electionTimeout:141ms
2019-10-16 18:01:37,674 [Thread-2905] INFO  impl.RoleInfo (RoleInfo.java:shutdownFollowerState(121)) - bf55b3f9-6b09-4365-9d71-55289e083fa5: shutdown FollowerState
2019-10-16 18:01:37,675 [Thread-2905] INFO  impl.RaftServerImpl (RaftServerImpl.java:setRole(184)) - bf55b3f9-6b09-4365-9d71-55289e083fa5@group-EFD1D20A002C: changes role from  FOLLOWER to CANDIDATE at term 479 for changeToCandidate
2019-10-16 18:01:37,675 [Thread-2905] INFO  impl.RoleInfo (RoleInfo.java:updateAndGet(143)) - bf55b3f9-6b09-4365-9d71-55289e083fa5: start LeaderElection
2019-10-16 18:01:37,724 [bf55b3f9-6b09-4365-9d71-55289e083fa5@group-EFD1D20A002C-LeaderElection406] INFO  impl.LeaderElection (LeaderElection.java:askForVotes(178)) - bf55b3f9-6b09-4365-9d71-55289e083fa5@group-EFD1D20A002C-LeaderElection406: begin an election at term 480 for -1: [f4c54511-b161-4347-aec5-5236dc80a0d8:0.0.0.0:41238, 907b9765-214b-4864-b66a-d6e2a5789e5c:0.0.0.0:41650, bf55b3f9-6b09-4365-9d71-55289e083fa5:0.0.0.0:42441], old=null
2019-10-16 18:01:37,726 [grpc-default-executor-3] INFO  impl.RaftServerImpl (RaftServerImpl.java:setRole(184)) - f4c54511-b161-4347-aec5-5236dc80a0d8@group-EFD1D20A002C: changes role from  FOLLOWER to FOLLOWER at term 480 for recognizeCandidate:bf55b3f9-6b09-4365-9d71-55289e083fa5
2019-10-16 18:01:37,726 [grpc-default-executor-2] INFO  impl.RaftServerImpl (RaftServerImpl.java:setRole(184)) - 907b9765-214b-4864-b66a-d6e2a5789e5c@group-EFD1D20A002C: changes role from  FOLLOWER to FOLLOWER at term 480 for recognizeCandidate:bf55b3f9-6b09-4365-9d71-55289e083fa5
2019-10-16 18:01:37,726 [grpc-default-executor-2] INFO  impl.RoleInfo (RoleInfo.java:shutdownFollowerState(121)) - 907b9765-214b-4864-b66a-d6e2a5789e5c: shutdown FollowerState
2019-10-16 18:01:37,726 [grpc-default-executor-3] INFO  impl.RoleInfo (RoleInfo.java:shutdownFollowerState(121)) - f4c54511-b161-4347-aec5-5236dc80a0d8: shutdown FollowerState
2019-10-16 18:01:37,726 [Thread-2904] INFO  impl.FollowerState (FollowerState.java:run(117)) - 907b9765-214b-4864-b66a-d6e2a5789e5c@group-EFD1D20A002C-FollowerState was interrupted: java.lang.InterruptedException: sleep interrupted
2019-10-16 18:01:37,726 [grpc-default-executor-2] INFO  impl.RoleInfo (RoleInfo.java:updateAndGet(143)) - 907b9765-214b-4864-b66a-d6e2a5789e5c: start FollowerState
2019-10-16 18:01:37,727 [Thread-2903] INFO  impl.FollowerState (FollowerState.java:run(117)) - f4c54511-b161-4347-aec5-5236dc80a0d8@group-EFD1D20A002C-FollowerState was interrupted: java.lang.InterruptedException: sleep interrupted
2019-10-16 18:01:37,727 [grpc-default-executor-3] INFO  impl.RoleInfo (RoleInfo.java:updateAndGet(143)) - f4c54511-b161-4347-aec5-5236dc80a0d8: start FollowerState
2019-10-16 18:01:37,750 [bf55b3f9-6b09-4365-9d71-55289e083fa5@group-EFD1D20A002C-LeaderElection406] INFO  impl.LeaderElection (LeaderElection.java:logAndReturn(56)) - bf55b3f9-6b09-4365-9d71-55289e083fa5@group-EFD1D20A002C-LeaderElection406: Election REJECTED; received 2 response(s) [bf55b3f9-6b09-4365-9d71-55289e083fa5<-f4c54511-b161-4347-aec5-5236dc80a0d8#0:FAIL-t480, bf55b3f9-6b09-4365-9d71-55289e083fa5<-907b9765-214b-4864-b66a-d6e2a5789e5c#0:FAIL-t480] and 0 exception(s); bf55b3f9-6b09-4365-9d71-55289e083fa5@group-EFD1D20A002C:t480, leader=null, voted=bf55b3f9-6b09-4365-9d71-55289e083fa5, raftlog=bf55b3f9-6b09-4365-9d71-55289e083fa5@group-EFD1D20A002C-SegmentedRaftLog:OPENED:c-1,f-1,i0, conf=-1: [f4c54511-b161-4347-aec5-5236dc80a0d8:0.0.0.0:41238, 907b9765-214b-4864-b66a-d6e2a5789e5c:0.0.0.0:41650, bf55b3f9-6b09-4365-9d71-55289e083fa5:0.0.0.0:42441], old=null
2019-10-16 18:01:37,750 [bf55b3f9-6b09-4365-9d71-55289e083fa5@group-EFD1D20A002C-LeaderElection406] INFO  impl.RaftServerImpl (RaftServerImpl.java:setRole(184)) - bf55b3f9-6b09-4365-9d71-55289e083fa5@group-EFD1D20A002C: changes role from CANDIDATE to FOLLOWER at term 480 for DISCOVERED_A_NEW_TERM
2019-10-16 18:01:37,750 [bf55b3f9-6b09-4365-9d71-55289e083fa5@group-EFD1D20A002C-LeaderElection406] INFO  impl.RoleInfo (RoleInfo.java:shutdownLeaderElection(134)) - bf55b3f9-6b09-4365-9d71-55289e083fa5: shutdown LeaderElection
2019-10-16 18:01:37,751 [bf55b3f9-6b09-4365-9d71-55289e083fa5@group-EFD1D20A002C-LeaderElection406] INFO  impl.RoleInfo (RoleInfo.java:updateAndGet(143)) - bf55b3f9-6b09-4365-9d71-55289e083fa5: start FollowerState
2019-10-16 18:01:37,900 [Thread-2911] INFO  impl.FollowerState (FollowerState.java:run(108)) - bf55b3f9-6b09-4365-9d71-55289e083fa5@group-EFD1D20A002C-FollowerState: change to CANDIDATE, lastRpcTime:149ms, electionTimeout:149ms
2019-10-16 18:01:37,900 [Thread-2911] INFO  impl.RoleInfo (RoleInfo.java:shutdownFollowerState(121)) - bf55b3f9-6b09-4365-9d71-55289e083fa5: shutdown FollowerState
2019-10-16 18:01:37,900 [Thread-2911] INFO  impl.RaftServerImpl (RaftServerImpl.java:setRole(184)) - bf55b3f9-6b09-4365-9d71-55289e083fa5@group-EFD1D20A002C: changes role from  FOLLOWER to CANDIDATE at term 480 for changeToCandidate
2019-10-16 18:01:37,900 [Thread-2911] INFO  impl.RoleInfo (RoleInfo.java:updateAndGet(143)) - bf55b3f9-6b09-4365-9d71-55289e083fa5: start LeaderElection
2019-10-16 18:01:37,926 [bf55b3f9-6b09-4365-9d71-55289e083fa5@group-EFD1D20A002C-LeaderElection407] INFO  impl.LeaderElection (LeaderElection.java:askForVotes(178)) - bf55b3f9-6b09-4365-9d71-55289e083fa5@group-EFD1D20A002C-LeaderElection407: begin an election at term 481 for -1: [f4c54511-b161-4347-aec5-5236dc80a0d8:0.0.0.0:41238, 907b9765-214b-4864-b66a-d6e2a5789e5c:0.0.0.0:41650, bf55b3f9-6b09-4365-9d71-55289e083fa5:0.0.0.0:42441], old=null
2019-10-16 18:01:37,928 [grpc-default-executor-3] INFO  impl.RaftServerImpl (RaftServerImpl.java:setRole(184)) - f4c54511-b161-4347-aec5-5236dc80a0d8@group-EFD1D20A002C: changes role from  FOLLOWER to FOLLOWER at term 481 for recognizeCandidate:bf55b3f9-6b09-4365-9d71-55289e083fa5
2019-10-16 18:01:37,928 [grpc-default-executor-2] INFO  impl.RaftServerImpl (RaftServerImpl.java:setRole(184)) - 907b9765-214b-4864-b66a-d6e2a5789e5c@group-EFD1D20A002C: changes role from  FOLLOWER to FOLLOWER at term 481 for recognizeCandidate:bf55b3f9-6b09-4365-9d71-55289e083fa5
2019-10-16 18:01:37,928 [grpc-default-executor-3] INFO  impl.RoleInfo (RoleInfo.java:shutdownFollowerState(121)) - f4c54511-b161-4347-aec5-5236dc80a0d8: shutdown FollowerState
2019-10-16 18:01:37,928 [grpc-default-executor-2] INFO  impl.RoleInfo (RoleInfo.java:shutdownFollowerState(121)) - 907b9765-214b-4864-b66a-d6e2a5789e5c: shutdown FollowerState
2019-10-16 18:01:37,928 [Thread-2910] INFO  impl.FollowerState (FollowerState.java:run(117)) - f4c54511-b161-4347-aec5-5236dc80a0d8@group-EFD1D20A002C-FollowerState was interrupted: java.lang.InterruptedException: sleep interrupted
2019-10-16 18:01:37,928 [grpc-default-executor-3] INFO  impl.RoleInfo (RoleInfo.java:updateAndGet(143)) - f4c54511-b161-4347-aec5-5236dc80a0d8: start FollowerState
2019-10-16 18:01:37,928 [grpc-default-executor-2] INFO  impl.RoleInfo (RoleInfo.java:updateAndGet(143)) - 907b9765-214b-4864-b66a-d6e2a5789e5c: start FollowerState
2019-10-16 18:01:37,928 [Thread-2909] INFO  impl.FollowerState (FollowerState.java:run(117)) - 907b9765-214b-4864-b66a-d6e2a5789e5c@group-EFD1D20A002C-FollowerState was interrupted: java.lang.InterruptedException: sleep interrupted
2019-10-16 18:01:37,944 [bf55b3f9-6b09-4365-9d71-55289e083fa5@group-EFD1D20A002C-LeaderElection407] INFO  impl.LeaderElection (LeaderElection.java:logAndReturn(56)) - bf55b3f9-6b09-4365-9d71-55289e083fa5@group-EFD1D20A002C-LeaderElection407: Election REJECTED; received 2 response(s) [bf55b3f9-6b09-4365-9d71-55289e083fa5<-f4c54511-b161-4347-aec5-5236dc80a0d8#0:FAIL-t481, bf55b3f9-6b09-4365-9d71-55289e083fa5<-907b9765-214b-4864-b66a-d6e2a5789e5c#0:FAIL-t481] and 0 exception(s); bf55b3f9-6b09-4365-9d71-55289e083fa5@group-EFD1D20A002C:t481, leader=null, voted=bf55b3f9-6b09-4365-9d71-55289e083fa5, raftlog=bf55b3f9-6b09-4365-9d71-55289e083fa5@group-EFD1D20A002C-SegmentedRaftLog:OPENED:c-1,f-1,i0, conf=-1: [f4c54511-b161-4347-aec5-5236dc80a0d8:0.0.0.0:41238, 907b9765-214b-4864-b66a-d6e2a5789e5c:0.0.0.0:41650, bf55b3f9-6b09-4365-9d71-55289e083fa5:0.0.0.0:42441], old=null
2019-10-16 18:01:37,944 [bf55b3f9-6b09-4365-9d71-55289e083fa5@group-EFD1D20A002C-LeaderElection407] INFO  impl.RaftServerImpl (RaftServerImpl.java:setRole(184)) - bf55b3f9-6b09-4365-9d71-55289e083fa5@group-EFD1D20A002C: changes role from CANDIDATE to FOLLOWER at term 481 for DISCOVERED_A_NEW_TERM
2019-10-16 18:01:37,944 [bf55b3f9-6b09-4365-9d71-55289e083fa5@group-EFD1D20A002C-LeaderElection407] INFO  impl.RoleInfo (RoleInfo.java:shutdownLeaderElection(134)) - bf55b3f9-6b09-4365-9d71-55289e083fa5: shutdown LeaderElection
2019-10-16 18:01:37,944 [bf55b3f9-6b09-4365-9d71-55289e083fa5@group-EFD1D20A002C-LeaderElection407] INFO  impl.RoleInfo (RoleInfo.java:updateAndGet(143)) - bf55b3f9-6b09-4365-9d71-55289e083fa5: start FollowerState
2019-10-16 18:01:38,002 [Thread-2917] INFO  impl.FollowerState (FollowerState.java:run(108)) - bf55b3f9-6b09-4365-9d71-55289e083fa5@group-EFD1D20A002C-FollowerState: change to CANDIDATE, lastRpcTime:57ms, electionTimeout:57ms
2019-10-16 18:01:38,002 [Thread-2917] INFO  impl.RoleInfo (RoleInfo.java:shutdownFollowerState(121)) - bf55b3f9-6b09-4365-9d71-55289e083fa5: shutdown FollowerState
2019-10-16 18:01:38,002 [Thread-2917] INFO  impl.RaftServerImpl (RaftServerImpl.java:setRole(184)) - bf55b3f9-6b09-4365-9d71-55289e083fa5@group-EFD1D20A002C: changes role from  FOLLOWER to CANDIDATE at term 481 for changeToCandidate
2019-10-16 18:01:38,002 [Thread-2917] INFO  impl.RoleInfo (RoleInfo.java:updateAndGet(143)) - bf55b3f9-6b09-4365-9d71-55289e083fa5: start LeaderElection
2019-10-16 18:01:38,036 [bf55b3f9-6b09-4365-9d71-55289e083fa5@group-EFD1D20A002C-LeaderElection408] INFO  impl.LeaderElection (LeaderElection.java:askForVotes(178)) - bf55b3f9-6b09-4365-9d71-55289e083fa5@group-EFD1D20A002C-LeaderElection408: begin an election at term 482 for -1: [f4c54511-b161-4347-aec5-5236dc80a0d8:0.0.0.0:41238, 907b9765-214b-4864-b66a-d6e2a5789e5c:0.0.0.0:41650, bf55b3f9-6b09-4365-9d71-55289e083fa5:0.0.0.0:42441], old=null
2019-10-16 18:01:38,037 [grpc-default-executor-3] INFO  impl.RaftServerImpl (RaftServerImpl.java:setRole(184)) - f4c54511-b161-4347-aec5-5236dc80a0d8@group-EFD1D20A002C: changes role from  FOLLOWER to FOLLOWER at term 482 for recognizeCandidate:bf55b3f9-6b09-4365-9d71-55289e083fa5
2019-10-16 18:01:38,037 [grpc-default-executor-2] INFO  impl.RaftServerImpl (RaftServerImpl.java:setRole(184)) - 907b9765-214b-4864-b66a-d6e2a5789e5c@group-EFD1D20A002C: changes role from  FOLLOWER to FOLLOWER at term 482 for recognizeCandidate:bf55b3f9-6b09-4365-9d71-55289e083fa5
2019-10-16 18:01:38,037 [grpc-default-executor-3] INFO  impl.RoleInfo (RoleInfo.java:shutdownFollowerState(121)) - f4c54511-b161-4347-aec5-5236dc80a0d8: shutdown FollowerState
2019-10-16 18:01:38,037 [grpc-default-executor-2] INFO  impl.RoleInfo (RoleInfo.java:shutdownFollowerState(121)) - 907b9765-214b-4864-b66a-d6e2a5789e5c: shutdown FollowerState
2019-10-16 18:01:38,037 [Thread-2915] INFO  impl.FollowerState (FollowerState.java:run(117)) - f4c54511-b161-4347-aec5-5236dc80a0d8@group-EFD1D20A002C-FollowerState was interrupted: java.lang.InterruptedException: sleep interrupted
2019-10-16 18:01:38,037 [grpc-default-executor-3] INFO  impl.RoleInfo (RoleInfo.java:updateAndGet(143)) - f4c54511-b161-4347-aec5-5236dc80a0d8: start FollowerState
2019-10-16 18:01:38,038 [Thread-2916] INFO  impl.FollowerState (FollowerState.java:run(117)) - 907b9765-214b-4864-b66a-d6e2a5789e5c@group-EFD1D20A002C-FollowerState was interrupted: java.lang.InterruptedException: sleep interrupted
2019-10-16 18:01:38,038 [grpc-default-executor-2] INFO  impl.RoleInfo (RoleInfo.java:updateAndGet(143)) - 907b9765-214b-4864-b66a-d6e2a5789e5c: start FollowerState
2019-10-16 18:01:38,063 [bf55b3f9-6b09-4365-9d71-55289e083fa5@group-EFD1D20A002C-LeaderElection408] INFO  impl.LeaderElection (LeaderElection.java:logAndReturn(56)) - bf55b3f9-6b09-4365-9d71-55289e083fa5@group-EFD1D20A002C-LeaderElection408: Election REJECTED; received 2 response(s) [bf55b3f9-6b09-4365-9d71-55289e083fa5<-f4c54511-b161-4347-aec5-5236dc80a0d8#0:FAIL-t482, bf55b3f9-6b09-4365-9d71-55289e083fa5<-907b9765-214b-4864-b66a-d6e2a5789e5c#0:FAIL-t482] and 0 exception(s); bf55b3f9-6b09-4365-9d71-55289e083fa5@group-EFD1D20A002C:t482, leader=null, voted=bf55b3f9-6b09-4365-9d71-55289e083fa5, raftlog=bf55b3f9-6b09-4365-9d71-55289e083fa5@group-EFD1D20A002C-SegmentedRaftLog:OPENED:c-1,f-1,i0, conf=-1: [f4c54511-b161-4347-aec5-5236dc80a0d8:0.0.0.0:41238, 907b9765-214b-4864-b66a-d6e2a5789e5c:0.0.0.0:41650, bf55b3f9-6b09-4365-9d71-55289e083fa5:0.0.0.0:42441], old=null
2019-10-16 18:01:38,063 [bf55b3f9-6b09-4365-9d71-55289e083fa5@group-EFD1D20A002C-LeaderElection408] INFO  impl.RaftServerImpl (RaftServerImpl.java:setRole(184)) - bf55b3f9-6b09-4365-9d71-55289e083fa5@group-EFD1D20A002C: changes role from CANDIDATE to FOLLOWER at term 482 for DISCOVERED_A_NEW_TERM
2019-10-16 18:01:38,063 [bf55b3f9-6b09-4365-9d71-55289e083fa5@group-EFD1D20A002C-LeaderElection408] INFO  impl.RoleInfo (RoleInfo.java:shutdownLeaderElection(134)) - bf55b3f9-6b09-4365-9d71-55289e083fa5: shutdown LeaderElection
2019-10-16 18:01:38,063 [bf55b3f9-6b09-4365-9d71-55289e083fa5@group-EFD1D20A002C-LeaderElection408] INFO  impl.RoleInfo (RoleInfo.java:updateAndGet(143)) - bf55b3f9-6b09-4365-9d71-55289e083fa5: start FollowerState
2019-10-16 18:01:38,156 [Thread-2923] INFO  impl.FollowerState (FollowerState.java:run(108)) - bf55b3f9-6b09-4365-9d71-55289e083fa5@group-EFD1D20A002C-FollowerState: change to CANDIDATE, lastRpcTime:93ms, electionTimeout:93ms
2019-10-16 18:01:38,156 [Thread-2923] INFO  impl.RoleInfo (RoleInfo.java:shutdownFollowerState(121)) - bf55b3f9-6b09-4365-9d71-55289e083fa5: shutdown FollowerState
2019-10-16 18:01:38,156 [Thread-2923] INFO  impl.RaftServerImpl (RaftServerImpl.java:setRole(184)) - bf55b3f9-6b09-4365-9d71-55289e083fa5@group-EFD1D20A002C: changes role from  FOLLOWER to CANDIDATE at term 482 for changeToCandidate
2019-10-16 18:01:38,157 [Thread-2923] INFO  impl.RoleInfo (RoleInfo.java:updateAndGet(143)) - bf55b3f9-6b09-4365-9d71-55289e083fa5: start LeaderElection
2019-10-16 18:01:38,171 [bf55b3f9-6b09-4365-9d71-55289e083fa5@group-EFD1D20A002C-LeaderElection409] INFO  impl.LeaderElection (LeaderElection.java:askForVotes(178)) - bf55b3f9-6b09-4365-9d71-55289e083fa5@group-EFD1D20A002C-LeaderElection409: begin an election at term 483 for -1: [f4c54511-b161-4347-aec5-5236dc80a0d8:0.0.0.0:41238, 907b9765-214b-4864-b66a-d6e2a5789e5c:0.0.0.0:41650, bf55b3f9-6b09-4365-9d71-55289e083fa5:0.0.0.0:42441], old=null
2019-10-16 18:01:38,173 [grpc-default-executor-3] INFO  impl.RaftServerImpl (RaftServerImpl.java:setRole(184)) - f4c54511-b161-4347-aec5-5236dc80a0d8@group-EFD1D20A002C: changes role from  FOLLOWER to FOLLOWER at term 483 for recognizeCandidate:bf55b3f9-6b09-4365-9d71-55289e083fa5
2019-10-16 18:01:38,173 [grpc-default-executor-2] INFO  impl.RaftServerImpl (RaftServerImpl.java:setRole(184)) - 907b9765-214b-4864-b66a-d6e2a5789e5c@group-EFD1D20A002C: changes role from  FOLLOWER to FOLLOWER at term 483 for recognizeCandidate:bf55b3f9-6b09-4365-9d71-55289e083fa5
2019-10-16 18:01:38,173 [grpc-default-executor-2] INFO  impl.RoleInfo (RoleInfo.java:shutdownFollowerState(121)) - 907b9765-214b-4864-b66a-d6e2a5789e5c: shutdown FollowerState
2019-10-16 18:01:38,173 [grpc-default-executor-3] INFO  impl.RoleInfo (RoleInfo.java:shutdownFollowerState(121)) - f4c54511-b161-4347-aec5-5236dc80a0d8: shutdown FollowerState
2019-10-16 18:01:38,173 [Thread-2922] INFO  impl.FollowerState (FollowerState.java:run(117)) - 907b9765-214b-4864-b66a-d6e2a5789e5c@group-EFD1D20A002C-FollowerState was interrupted: java.lang.InterruptedException: sleep interrupted
2019-10-16 18:01:38,174 [Thread-2921] INFO  impl.FollowerState (FollowerState.java:run(117)) - f4c54511-b161-4347-aec5-5236dc80a0d8@group-EFD1D20A002C-FollowerState was interrupted: java.lang.InterruptedException: sleep interrupted
2019-10-16 18:01:38,173 [grpc-default-executor-2] INFO  impl.RoleInfo (RoleInfo.java:updateAndGet(143)) - 907b9765-214b-4864-b66a-d6e2a5789e5c: start FollowerState
2019-10-16 18:01:38,174 [grpc-default-executor-3] INFO  impl.RoleInfo (RoleInfo.java:updateAndGet(143)) - f4c54511-b161-4347-aec5-5236dc80a0d8: start FollowerState
2019-10-16 18:01:38,197 [bf55b3f9-6b09-4365-9d71-55289e083fa5@group-EFD1D20A002C-LeaderElection409] INFO  impl.LeaderElection (LeaderElection.java:logAndReturn(56)) - bf55b3f9-6b09-4365-9d71-55289e083fa5@group-EFD1D20A002C-LeaderElection409: Election REJECTED; received 2 response(s) [bf55b3f9-6b09-4365-9d71-55289e083fa5<-f4c54511-b161-4347-aec5-5236dc80a0d8#0:FAIL-t483, bf55b3f9-6b09-4365-9d71-55289e083fa5<-907b9765-214b-4864-b66a-d6e2a5789e5c#0:FAIL-t483] and 0 exception(s); bf55b3f9-6b09-4365-9d71-55289e083fa5@group-EFD1D20A002C:t483, leader=null, voted=bf55b3f9-6b09-4365-9d71-55289e083fa5, raftlog=bf55b3f9-6b09-4365-9d71-55289e083fa5@group-EFD1D20A002C-SegmentedRaftLog:OPENED:c-1,f-1,i0, conf=-1: [f4c54511-b161-4347-aec5-5236dc80a0d8:0.0.0.0:41238, 907b9765-214b-4864-b66a-d6e2a5789e5c:0.0.0.0:41650, bf55b3f9-6b09-4365-9d71-55289e083fa5:0.0.0.0:42441], old=null
2019-10-16 18:01:38,198 [bf55b3f9-6b09-4365-9d71-55289e083fa5@group-EFD1D20A002C-LeaderElection409] INFO  impl.RaftServerImpl (RaftServerImpl.java:setRole(184)) - bf55b3f9-6b09-4365-9d71-55289e083fa5@group-EFD1D20A002C: changes role from CANDIDATE to FOLLOWER at term 483 for DISCOVERED_A_NEW_TERM
2019-10-16 18:01:38,198 [bf55b3f9-6b09-4365-9d71-55289e083fa5@group-EFD1D20A002C-LeaderElection409] INFO  impl.RoleInfo (RoleInfo.java:shutdownLeaderElection(134)) - bf55b3f9-6b09-4365-9d71-55289e083fa5: shutdown LeaderElection
2019-10-16 18:01:38,198 [bf55b3f9-6b09-4365-9d71-55289e083fa5@group-EFD1D20A002C-LeaderElection409] INFO  impl.RoleInfo (RoleInfo.java:updateAndGet(143)) - bf55b3f9-6b09-4365-9d71-55289e083fa5: start FollowerState
2019-10-16 18:01:38,353 [Thread-2929] INFO  impl.FollowerState (FollowerState.java:run(108)) - bf55b3f9-6b09-4365-9d71-55289e083fa5@group-EFD1D20A002C-FollowerState: change to CANDIDATE, lastRpcTime:155ms, electionTimeout:155ms
2019-10-16 18:01:38,353 [Thread-2929] INFO  impl.RoleInfo (RoleInfo.java:shutdownFollowerState(121)) - bf55b3f9-6b09-4365-9d71-55289e083fa5: shutdown FollowerState
2019-10-16 18:01:38,353 [Thread-2929] INFO  impl.RaftServerImpl (RaftServerImpl.java:setRole(184)) - bf55b3f9-6b09-4365-9d71-55289e083fa5@group-EFD1D20A002C: changes role from  FOLLOWER to CANDIDATE at term 483 for changeToCandidate
2019-10-16 18:01:38,353 [Thread-2929] INFO  impl.RoleInfo (RoleInfo.java:updateAndGet(143)) - bf55b3f9-6b09-4365-9d71-55289e083fa5: start LeaderElection
2019-10-16 18:01:38,382 [bf55b3f9-6b09-4365-9d71-55289e083fa5@group-EFD1D20A002C-LeaderElection410] INFO  impl.LeaderElection (LeaderElection.java:askForVotes(178)) - bf55b3f9-6b09-4365-9d71-55289e083fa5@group-EFD1D20A002C-LeaderElection410: begin an election at term 484 for -1: [f4c54511-b161-4347-aec5-5236dc80a0d8:0.0.0.0:41238, 907b9765-214b-4864-b66a-d6e2a5789e5c:0.0.0.0:41650, bf55b3f9-6b09-4365-9d71-55289e083fa5:0.0.0.0:42441], old=null
2019-10-16 18:01:38,384 [grpc-default-executor-2] INFO  impl.RaftServerImpl (RaftServerImpl.java:setRole(184)) - f4c54511-b161-4347-aec5-5236dc80a0d8@group-EFD1D20A002C: changes role from  FOLLOWER to FOLLOWER at term 484 for recognizeCandidate:bf55b3f9-6b09-4365-9d71-55289e083fa5
2019-10-16 18:01:38,384 [grpc-default-executor-2] INFO  impl.RoleInfo (RoleInfo.java:shutdownFollowerState(121)) - f4c54511-b161-4347-aec5-5236dc80a0d8: shutdown FollowerState
2019-10-16 18:01:38,384 [grpc-default-executor-2] INFO  impl.RoleInfo (RoleInfo.java:updateAndGet(143)) - f4c54511-b161-4347-aec5-5236dc80a0d8: start FollowerState
2019-10-16 18:01:38,384 [Thread-2928] INFO  impl.FollowerState (FollowerState.java:run(117)) - f4c54511-b161-4347-aec5-5236dc80a0d8@group-EFD1D20A002C-FollowerState was interrupted: java.lang.InterruptedException: sleep interrupted
2019-10-16 18:01:38,384 [grpc-default-executor-3] INFO  impl.RaftServerImpl (RaftServerImpl.java:setRole(184)) - 907b9765-214b-4864-b66a-d6e2a5789e5c@group-EFD1D20A002C: changes role from  FOLLOWER to FOLLOWER at term 484 for recognizeCandidate:bf55b3f9-6b09-4365-9d71-55289e083fa5
2019-10-16 18:01:38,384 [grpc-default-executor-3] INFO  impl.RoleInfo (RoleInfo.java:shutdownFollowerState(121)) - 907b9765-214b-4864-b66a-d6e2a5789e5c: shutdown FollowerState
2019-10-16 18:01:38,385 [grpc-default-executor-3] INFO  impl.RoleInfo (RoleInfo.java:updateAndGet(143)) - 907b9765-214b-4864-b66a-d6e2a5789e5c: start FollowerState
2019-10-16 18:01:38,385 [Thread-2927] INFO  impl.FollowerState (FollowerState.java:run(117)) - 907b9765-214b-4864-b66a-d6e2a5789e5c@group-EFD1D20A002C-FollowerState was interrupted: java.lang.InterruptedException: sleep interrupted
2019-10-16 18:01:38,400 [bf55b3f9-6b09-4365-9d71-55289e083fa5@group-EFD1D20A002C-LeaderElection410] INFO  impl.LeaderElection (LeaderElection.java:logAndReturn(56)) - bf55b3f9-6b09-4365-9d71-55289e083fa5@group-EFD1D20A002C-LeaderElection410: Election REJECTED; received 2 response(s) [bf55b3f9-6b09-4365-9d71-55289e083fa5<-f4c54511-b161-4347-aec5-5236dc80a0d8#0:FAIL-t484, bf55b3f9-6b09-4365-9d71-55289e083fa5<-907b9765-214b-4864-b66a-d6e2a5789e5c#0:FAIL-t484] and 0 exception(s); bf55b3f9-6b09-4365-9d71-55289e083fa5@group-EFD1D20A002C:t484, leader=null, voted=bf55b3f9-6b09-4365-9d71-55289e083fa5, raftlog=bf55b3f9-6b09-4365-9d71-55289e083fa5@group-EFD1D20A002C-SegmentedRaftLog:OPENED:c-1,f-1,i0, conf=-1: [f4c54511-b161-4347-aec5-5236dc80a0d8:0.0.0.0:41238, 907b9765-214b-4864-b66a-d6e2a5789e5c:0.0.0.0:41650, bf55b3f9-6b09-4365-9d71-55289e083fa5:0.0.0.0:42441], old=null
2019-10-16 18:01:38,400 [bf55b3f9-6b09-4365-9d71-55289e083fa5@group-EFD1D20A002C-LeaderElection410] INFO  impl.RaftServerImpl (RaftServerImpl.java:setRole(184)) - bf55b3f9-6b09-4365-9d71-55289e083fa5@group-EFD1D20A002C: changes role from CANDIDATE to FOLLOWER at term 484 for DISCOVERED_A_NEW_TERM
2019-10-16 18:01:38,400 [bf55b3f9-6b09-4365-9d71-55289e083fa5@group-EFD1D20A002C-LeaderElection410] INFO  impl.RoleInfo (RoleInfo.java:shutdownLeaderElection(134)) - bf55b3f9-6b09-4365-9d71-55289e083fa5: shutdown LeaderElection
2019-10-16 18:01:38,400 [bf55b3f9-6b09-4365-9d71-55289e083fa5@group-EFD1D20A002C-LeaderElection410] INFO  impl.RoleInfo (RoleInfo.java:updateAndGet(143)) - bf55b3f9-6b09-4365-9d71-55289e083fa5: start FollowerState
2019-10-16 18:01:38,487 [Thread-2937] INFO  impl.FollowerState (FollowerState.java:run(108)) - bf55b3f9-6b09-4365-9d71-55289e083fa5@group-EFD1D20A002C-FollowerState: change to CANDIDATE, lastRpcTime:86ms, electionTimeout:86ms
2019-10-16 18:01:38,487 [Thread-2937] INFO  impl.RoleInfo (RoleInfo.java:shutdownFollowerState(121)) - bf55b3f9-6b09-4365-9d71-55289e083fa5: shutdown FollowerState
2019-10-16 18:01:38,487 [Thread-2937] INFO  impl.RaftServerImpl (RaftServerImpl.java:setRole(184)) - bf55b3f9-6b09-4365-9d71-55289e083fa5@group-EFD1D20A002C: changes role from  FOLLOWER to CANDIDATE at term 484 for changeToCandidate
2019-10-16 18:01:38,487 [Thread-2937] INFO  impl.RoleInfo (RoleInfo.java:updateAndGet(143)) - bf55b3f9-6b09-4365-9d71-55289e083fa5: start LeaderElection
2019-10-16 18:01:38,559 [bf55b3f9-6b09-4365-9d71-55289e083fa5@group-EFD1D20A002C-LeaderElection411] INFO  impl.LeaderElection (LeaderElection.java:askForVotes(178)) - bf55b3f9-6b09-4365-9d71-55289e083fa5@group-EFD1D20A002C-LeaderElection411: begin an election at term 485 for -1: [f4c54511-b161-4347-aec5-5236dc80a0d8:0.0.0.0:41238, 907b9765-214b-4864-b66a-d6e2a5789e5c:0.0.0.0:41650, bf55b3f9-6b09-4365-9d71-55289e083fa5:0.0.0.0:42441], old=null
2019-10-16 18:01:38,560 [grpc-default-executor-2] INFO  impl.RaftServerImpl (RaftServerImpl.java:setRole(184)) - 907b9765-214b-4864-b66a-d6e2a5789e5c@group-EFD1D20A002C: changes role from  FOLLOWER to FOLLOWER at term 485 for recognizeCandidate:bf55b3f9-6b09-4365-9d71-55289e083fa5
2019-10-16 18:01:38,561 [grpc-default-executor-2] INFO  impl.RoleInfo (RoleInfo.java:shutdownFollowerState(121)) - 907b9765-214b-4864-b66a-d6e2a5789e5c: shutdown FollowerState
2019-10-16 18:01:38,561 [grpc-default-executor-3] INFO  impl.RaftServerImpl (RaftServerImpl.java:setRole(184)) - f4c54511-b161-4347-aec5-5236dc80a0d8@group-EFD1D20A002C: changes role from  FOLLOWER to FOLLOWER at term 485 for recognizeCandidate:bf55b3f9-6b09-4365-9d71-55289e083fa5
2019-10-16 18:01:38,561 [Thread-2936] INFO  impl.FollowerState (FollowerState.java:run(117)) - 907b9765-214b-4864-b66a-d6e2a5789e5c@group-EFD1D20A002C-FollowerState was interrupted: java.lang.InterruptedException: sleep interrupted
2019-10-16 18:01:38,561 [grpc-default-executor-2] INFO  impl.RoleInfo (RoleInfo.java:updateAndGet(143)) - 907b9765-214b-4864-b66a-d6e2a5789e5c: start FollowerState
2019-10-16 18:01:38,561 [grpc-default-executor-3] INFO  impl.RoleInfo (RoleInfo.java:shutdownFollowerState(121)) - f4c54511-b161-4347-aec5-5236dc80a0d8: shutdown FollowerState
2019-10-16 18:01:38,561 [grpc-default-executor-3] INFO  impl.RoleInfo (RoleInfo.java:updateAndGet(143)) - f4c54511-b161-4347-aec5-5236dc80a0d8: start FollowerState
2019-10-16 18:01:38,561 [Thread-2935] INFO  impl.FollowerState (FollowerState.java:run(117)) - f4c54511-b161-4347-aec5-5236dc80a0d8@group-EFD1D20A002C-FollowerState was interrupted: java.lang.InterruptedException: sleep interrupted
2019-10-16 18:01:38,594 [bf55b3f9-6b09-4365-9d71-55289e083fa5@group-EFD1D20A002C-LeaderElection411] INFO  impl.LeaderElection (LeaderElection.java:logAndReturn(56)) - bf55b3f9-6b09-4365-9d71-55289e083fa5@group-EFD1D20A002C-LeaderElection411: Election REJECTED; received 2 response(s) [bf55b3f9-6b09-4365-9d71-55289e083fa5<-f4c54511-b161-4347-aec5-5236dc80a0d8#0:FAIL-t485, bf55b3f9-6b09-4365-9d71-55289e083fa5<-907b9765-214b-4864-b66a-d6e2a5789e5c#0:FAIL-t485] and 0 exception(s); bf55b3f9-6b09-4365-9d71-55289e083fa5@group-EFD1D20A002C:t485, leader=null, voted=bf55b3f9-6b09-4365-9d71-55289e083fa5, raftlog=bf55b3f9-6b09-4365-9d71-55289e083fa5@group-EFD1D20A002C-SegmentedRaftLog:OPENED:c-1,f-1,i0, conf=-1: [f4c54511-b161-4347-aec5-5236dc80a0d8:0.0.0.0:41238, 907b9765-214b-4864-b66a-d6e2a5789e5c:0.0.0.0:41650, bf55b3f9-6b09-4365-9d71-55289e083fa5:0.0.0.0:42441], old=null
2019-10-16 18:01:38,594 [bf55b3f9-6b09-4365-9d71-55289e083fa5@group-EFD1D20A002C-LeaderElection411] INFO  impl.RaftServerImpl (RaftServerImpl.java:setRole(184)) - bf55b3f9-6b09-4365-9d71-55289e083fa5@group-EFD1D20A002C: changes role from CANDIDATE to FOLLOWER at term 485 for DISCOVERED_A_NEW_TERM
2019-10-16 18:01:38,594 [bf55b3f9-6b09-4365-9d71-55289e083fa5@group-EFD1D20A002C-LeaderElection411] INFO  impl.RoleInfo (RoleInfo.java:shutdownLeaderElection(134)) - bf55b3f9-6b09-4365-9d71-55289e083fa5: shutdown LeaderElection
2019-10-16 18:01:38,594 [bf55b3f9-6b09-4365-9d71-55289e083fa5@group-EFD1D20A002C-LeaderElection411] INFO  impl.RoleInfo (RoleInfo.java:updateAndGet(143)) - bf55b3f9-6b09-4365-9d71-55289e083fa5: start FollowerState
2019-10-16 18:01:38,725 [Thread-2943] INFO  impl.FollowerState (FollowerState.java:run(108)) - bf55b3f9-6b09-4365-9d71-55289e083fa5@group-EFD1D20A002C-FollowerState: change to CANDIDATE, lastRpcTime:131ms, electionTimeout:131ms
2019-10-16 18:01:38,725 [Thread-2943] INFO  impl.RoleInfo (RoleInfo.java:shutdownFollowerState(121)) - bf55b3f9-6b09-4365-9d71-55289e083fa5: shutdown FollowerState
2019-10-16 18:01:38,725 [Thread-2943] INFO  impl.RaftServerImpl (RaftServerImpl.java:setRole(184)) - bf55b3f9-6b09-4365-9d71-55289e083fa5@group-EFD1D20A002C: changes role from  FOLLOWER to CANDIDATE at term 485 for changeToCandidate
2019-10-16 18:01:38,726 [Thread-2943] INFO  impl.RoleInfo (RoleInfo.java:updateAndGet(143)) - bf55b3f9-6b09-4365-9d71-55289e083fa5: start LeaderElection
2019-10-16 18:01:38,744 [bf55b3f9-6b09-4365-9d71-55289e083fa5@group-EFD1D20A002C-LeaderElection412] INFO  impl.LeaderElection (LeaderElection.java:askForVotes(178)) - bf55b3f9-6b09-4365-9d71-55289e083fa5@group-EFD1D20A002C-LeaderElection412: begin an election at term 486 for -1: [f4c54511-b161-4347-aec5-5236dc80a0d8:0.0.0.0:41238, 907b9765-214b-4864-b66a-d6e2a5789e5c:0.0.0.0:41650, bf55b3f9-6b09-4365-9d71-55289e083fa5:0.0.0.0:42441], old=null
2019-10-16 18:01:38,746 [grpc-default-executor-2] INFO  impl.RaftServerImpl (RaftServerImpl.java:setRole(184)) - f4c54511-b161-4347-aec5-5236dc80a0d8@group-EFD1D20A002C: changes role from  FOLLOWER to FOLLOWER at term 486 for recognizeCandidate:bf55b3f9-6b09-4365-9d71-55289e083fa5
2019-10-16 18:01:38,746 [grpc-default-executor-2] INFO  impl.RoleInfo (RoleInfo.java:shutdownFollowerState(121)) - f4c54511-b161-4347-aec5-5236dc80a0d8: shutdown FollowerState
2019-10-16 18:01:38,746 [grpc-default-executor-3] INFO  impl.RaftServerImpl (RaftServerImpl.java:setRole(184)) - 907b9765-214b-4864-b66a-d6e2a5789e5c@group-EFD1D20A002C: changes role from  FOLLOWER to FOLLOWER at term 486 for recognizeCandidate:bf55b3f9-6b09-4365-9d71-55289e083fa5
2019-10-16 18:01:38,746 [grpc-default-executor-3] INFO  impl.RoleInfo (RoleInfo.java:shutdownFollowerState(121)) - 907b9765-214b-4864-b66a-d6e2a5789e5c: shutdown FollowerState
2019-10-16 18:01:38,746 [Thread-2941] INFO  impl.FollowerState (FollowerState.java:run(117)) - 907b9765-214b-4864-b66a-d6e2a5789e5c@group-EFD1D20A002C-FollowerState was interrupted: java.lang.InterruptedException: sleep interrupted
2019-10-16 18:01:38,746 [Thread-2942] INFO  impl.FollowerState (FollowerState.java:run(117)) - f4c54511-b161-4347-aec5-5236dc80a0d8@group-EFD1D20A002C-FollowerState was interrupted: java.lang.InterruptedException: sleep interrupted
2019-10-16 18:01:38,746 [grpc-default-executor-2] INFO  impl.RoleInfo (RoleInfo.java:updateAndGet(143)) - f4c54511-b161-4347-aec5-5236dc80a0d8: start FollowerState
2019-10-16 18:01:38,746 [grpc-default-executor-3] INFO  impl.RoleInfo (RoleInfo.java:updateAndGet(143)) - 907b9765-214b-4864-b66a-d6e2a5789e5c: start FollowerState
2019-10-16 18:01:38,787 [bf55b3f9-6b09-4365-9d71-55289e083fa5@group-EFD1D20A002C-LeaderElection412] INFO  impl.LeaderElection (LeaderElection.java:logAndReturn(56)) - bf55b3f9-6b09-4365-9d71-55289e083fa5@group-EFD1D20A002C-LeaderElection412: Election REJECTED; received 2 response(s) [bf55b3f9-6b09-4365-9d71-55289e083fa5<-f4c54511-b161-4347-aec5-5236dc80a0d8#0:FAIL-t486, bf55b3f9-6b09-4365-9d71-55289e083fa5<-907b9765-214b-4864-b66a-d6e2a5789e5c#0:FAIL-t486] and 0 exception(s); bf55b3f9-6b09-4365-9d71-55289e083fa5@group-EFD1D20A002C:t486, leader=null, voted=bf55b3f9-6b09-4365-9d71-55289e083fa5, raftlog=bf55b3f9-6b09-4365-9d71-55289e083fa5@group-EFD1D20A002C-SegmentedRaftLog:OPENED:c-1,f-1,i0, conf=-1: [f4c54511-b161-4347-aec5-5236dc80a0d8:0.0.0.0:41238, 907b9765-214b-4864-b66a-d6e2a5789e5c:0.0.0.0:41650, bf55b3f9-6b09-4365-9d71-55289e083fa5:0.0.0.0:42441], old=null
2019-10-16 18:01:38,787 [bf55b3f9-6b09-4365-9d71-55289e083fa5@group-EFD1D20A002C-LeaderElection412] INFO  impl.RaftServerImpl (RaftServerImpl.java:setRole(184)) - bf55b3f9-6b09-4365-9d71-55289e083fa5@group-EFD1D20A002C: changes role from CANDIDATE to FOLLOWER at term 486 for DISCOVERED_A_NEW_TERM
2019-10-16 18:01:38,787 [bf55b3f9-6b09-4365-9d71-55289e083fa5@group-EFD1D20A002C-LeaderElection412] INFO  impl.RoleInfo (RoleInfo.java:shutdownLeaderElection(134)) - bf55b3f9-6b09-4365-9d71-55289e083fa5: shutdown LeaderElection
2019-10-16 18:01:38,787 [bf55b3f9-6b09-4365-9d71-55289e083fa5@group-EFD1D20A002C-LeaderElection412] INFO  impl.RoleInfo (RoleInfo.java:updateAndGet(143)) - bf55b3f9-6b09-4365-9d71-55289e083fa5: start FollowerState
2019-10-16 18:01:38,845 [Thread-2949] INFO  impl.FollowerState (FollowerState.java:run(108)) - bf55b3f9-6b09-4365-9d71-55289e083fa5@group-EFD1D20A002C-FollowerState: change to CANDIDATE, lastRpcTime:57ms, electionTimeout:57ms
2019-10-16 18:01:38,845 [Thread-2949] INFO  impl.RoleInfo (RoleInfo.java:shutdownFollowerState(121)) - bf55b3f9-6b09-4365-9d71-55289e083fa5: shutdown FollowerState
2019-10-16 18:01:38,845 [Thread-2949] INFO  impl.RaftServerImpl (RaftServerImpl.java:setRole(184)) - bf55b3f9-6b09-4365-9d71-55289e083fa5@group-EFD1D20A002C: changes role from  FOLLOWER to CANDIDATE at term 486 for changeToCandidate
2019-10-16 18:01:38,845 [Thread-2949] INFO  impl.RoleInfo (RoleInfo.java:updateAndGet(143)) - bf55b3f9-6b09-4365-9d71-55289e083fa5: start LeaderElection
2019-10-16 18:01:38,870 [bf55b3f9-6b09-4365-9d71-55289e083fa5@group-EFD1D20A002C-LeaderElection413] INFO  impl.LeaderElection (LeaderElection.java:askForVotes(178)) - bf55b3f9-6b09-4365-9d71-55289e083fa5@group-EFD1D20A002C-LeaderElection413: begin an election at term 487 for -1: [f4c54511-b161-4347-aec5-5236dc80a0d8:0.0.0.0:41238, 907b9765-214b-4864-b66a-d6e2a5789e5c:0.0.0.0:41650, bf55b3f9-6b09-4365-9d71-55289e083fa5:0.0.0.0:42441], old=null
2019-10-16 18:01:38,872 [grpc-default-executor-3] INFO  impl.RaftServerImpl (RaftServerImpl.java:setRole(184)) - f4c54511-b161-4347-aec5-5236dc80a0d8@group-EFD1D20A002C: changes role from  FOLLOWER to FOLLOWER at term 487 for recognizeCandidate:bf55b3f9-6b09-4365-9d71-55289e083fa5
2019-10-16 18:01:38,872 [grpc-default-executor-3] INFO  impl.RoleInfo (RoleInfo.java:shutdownFollowerState(121)) - f4c54511-b161-4347-aec5-5236dc80a0d8: shutdown FollowerState
2019-10-16 18:01:38,872 [grpc-default-executor-2] INFO  impl.RaftServerImpl (RaftServerImpl.java:setRole(184)) - 907b9765-214b-4864-b66a-d6e2a5789e5c@group-EFD1D20A002C: changes role from  FOLLOWER to FOLLOWER at term 487 for recognizeCandidate:bf55b3f9-6b09-4365-9d71-55289e083fa5
2019-10-16 18:01:38,872 [Thread-2947] INFO  impl.FollowerState (FollowerState.java:run(117)) - f4c54511-b161-4347-aec5-5236dc80a0d8@group-EFD1D20A002C-FollowerState was interrupted: java.lang.InterruptedException: sleep interrupted
2019-10-16 18:01:38,872 [grpc-default-executor-3] INFO  impl.RoleInfo (RoleInfo.java:updateAndGet(143)) - f4c54511-b161-4347-aec5-5236dc80a0d8: start FollowerState
2019-10-16 18:01:38,872 [grpc-default-executor-2] INFO  impl.RoleInfo (RoleInfo.java:shutdownFollowerState(121)) - 907b9765-214b-4864-b66a-d6e2a5789e5c: shutdown FollowerState
2019-10-16 18:01:38,873 [grpc-default-executor-2] INFO  impl.RoleInfo (RoleInfo.java:updateAndGet(143)) - 907b9765-214b-4864-b66a-d6e2a5789e5c: start FollowerState
2019-10-16 18:01:38,873 [Thread-2948] INFO  impl.FollowerState (FollowerState.java:run(117)) - 907b9765-214b-4864-b66a-d6e2a5789e5c@group-EFD1D20A002C-FollowerState was interrupted: java.lang.InterruptedException: sleep interrupted
2019-10-16 18:01:38,896 [bf55b3f9-6b09-4365-9d71-55289e083fa5@group-EFD1D20A002C-LeaderElection413] INFO  impl.LeaderElection (LeaderElection.java:logAndReturn(56)) - bf55b3f9-6b09-4365-9d71-55289e083fa5@group-EFD1D20A002C-LeaderElection413: Election REJECTED; received 2 response(s) [bf55b3f9-6b09-4365-9d71-55289e083fa5<-f4c54511-b161-4347-aec5-5236dc80a0d8#0:FAIL-t487, bf55b3f9-6b09-4365-9d71-55289e083fa5<-907b9765-214b-4864-b66a-d6e2a5789e5c#0:FAIL-t487] and 0 exception(s); bf55b3f9-6b09-4365-9d71-55289e083fa5@group-EFD1D20A002C:t487, leader=null, voted=bf55b3f9-6b09-4365-9d71-55289e083fa5, raftlog=bf55b3f9-6b09-4365-9d71-55289e083fa5@group-EFD1D20A002C-SegmentedRaftLog:OPENED:c-1,f-1,i0, conf=-1: [f4c54511-b161-4347-aec5-5236dc80a0d8:0.0.0.0:41238, 907b9765-214b-4864-b66a-d6e2a5789e5c:0.0.0.0:41650, bf55b3f9-6b09-4365-9d71-55289e083fa5:0.0.0.0:42441], old=null
2019-10-16 18:01:38,896 [bf55b3f9-6b09-4365-9d71-55289e083fa5@group-EFD1D20A002C-LeaderElection413] INFO  impl.RaftServerImpl (RaftServerImpl.java:setRole(184)) - bf55b3f9-6b09-4365-9d71-55289e083fa5@group-EFD1D20A002C: changes role from CANDIDATE to FOLLOWER at term 487 for DISCOVERED_A_NEW_TERM
2019-10-16 18:01:38,896 [bf55b3f9-6b09-4365-9d71-55289e083fa5@group-EFD1D20A002C-LeaderElection413] INFO  impl.RoleInfo (RoleInfo.java:shutdownLeaderElection(134)) - bf55b3f9-6b09-4365-9d71-55289e083fa5: shutdown LeaderElection
2019-10-16 18:01:38,896 [bf55b3f9-6b09-4365-9d71-55289e083fa5@group-EFD1D20A002C-LeaderElection413] INFO  impl.RoleInfo (RoleInfo.java:updateAndGet(143)) - bf55b3f9-6b09-4365-9d71-55289e083fa5: start FollowerState
2019-10-16 18:01:39,081 [Thread-2955] INFO  impl.FollowerState (FollowerState.java:run(108)) - bf55b3f9-6b09-4365-9d71-55289e083fa5@group-EFD1D20A002C-FollowerState: change to CANDIDATE, lastRpcTime:184ms, electionTimeout:184ms
2019-10-16 18:01:39,081 [Thread-2955] INFO  impl.RoleInfo (RoleInfo.java:shutdownFollowerState(121)) - bf55b3f9-6b09-4365-9d71-55289e083fa5: shutdown FollowerState
2019-10-16 18:01:39,081 [Thread-2955] INFO  impl.RaftServerImpl (RaftServerImpl.java:setRole(184)) - bf55b3f9-6b09-4365-9d71-55289e083fa5@group-EFD1D20A002C: changes role from  FOLLOWER to CANDIDATE at term 487 for changeToCandidate
2019-10-16 18:01:39,081 [Thread-2955] INFO  impl.RoleInfo (RoleInfo.java:updateAndGet(143)) - bf55b3f9-6b09-4365-9d71-55289e083fa5: start LeaderElection
2019-10-16 18:01:39,123 [bf55b3f9-6b09-4365-9d71-55289e083fa5@group-EFD1D20A002C-LeaderElection414] INFO  impl.LeaderElection (LeaderElection.java:askForVotes(178)) - bf55b3f9-6b09-4365-9d71-55289e083fa5@group-EFD1D20A002C-LeaderElection414: begin an election at term 488 for -1: [f4c54511-b161-4347-aec5-5236dc80a0d8:0.0.0.0:41238, 907b9765-214b-4864-b66a-d6e2a5789e5c:0.0.0.0:41650, bf55b3f9-6b09-4365-9d71-55289e083fa5:0.0.0.0:42441], old=null
2019-10-16 18:01:39,125 [grpc-default-executor-2] INFO  impl.RaftServerImpl (RaftServerImpl.java:setRole(184)) - 907b9765-214b-4864-b66a-d6e2a5789e5c@group-EFD1D20A002C: changes role from  FOLLOWER to FOLLOWER at term 488 for recognizeCandidate:bf55b3f9-6b09-4365-9d71-55289e083fa5
2019-10-16 18:01:39,125 [grpc-default-executor-2] INFO  impl.RoleInfo (RoleInfo.java:shutdownFollowerState(121)) - 907b9765-214b-4864-b66a-d6e2a5789e5c: shutdown FollowerState
2019-10-16 18:01:39,125 [grpc-default-executor-3] INFO  impl.RaftServerImpl (RaftServerImpl.java:setRole(184)) - f4c54511-b161-4347-aec5-5236dc80a0d8@group-EFD1D20A002C: changes role from  FOLLOWER to FOLLOWER at term 488 for recognizeCandidate:bf55b3f9-6b09-4365-9d71-55289e083fa5
2019-10-16 18:01:39,125 [grpc-default-executor-3] INFO  impl.RoleInfo (RoleInfo.java:shutdownFollowerState(121)) - f4c54511-b161-4347-aec5-5236dc80a0d8: shutdown FollowerState
2019-10-16 18:01:39,125 [Thread-2954] INFO  impl.FollowerState (FollowerState.java:run(117)) - 907b9765-214b-4864-b66a-d6e2a5789e5c@group-EFD1D20A002C-FollowerState was interrupted: java.lang.InterruptedException: sleep interrupted
2019-10-16 18:01:39,125 [grpc-default-executor-2] INFO  impl.RoleInfo (RoleInfo.java:updateAndGet(143)) - 907b9765-214b-4864-b66a-d6e2a5789e5c: start FollowerState
2019-10-16 18:01:39,126 [Thread-2953] INFO  impl.FollowerState (FollowerState.java:run(117)) - f4c54511-b161-4347-aec5-5236dc80a0d8@group-EFD1D20A002C-FollowerState was interrupted: java.lang.InterruptedException: sleep interrupted
2019-10-16 18:01:39,126 [grpc-default-executor-3] INFO  impl.RoleInfo (RoleInfo.java:updateAndGet(143)) - f4c54511-b161-4347-aec5-5236dc80a0d8: start FollowerState
2019-10-16 18:01:39,149 [bf55b3f9-6b09-4365-9d71-55289e083fa5@group-EFD1D20A002C-LeaderElection414] INFO  impl.LeaderElection (LeaderElection.java:logAndReturn(56)) - bf55b3f9-6b09-4365-9d71-55289e083fa5@group-EFD1D20A002C-LeaderElection414: Election REJECTED; received 2 response(s) [bf55b3f9-6b09-4365-9d71-55289e083fa5<-f4c54511-b161-4347-aec5-5236dc80a0d8#0:FAIL-t488, bf55b3f9-6b09-4365-9d71-55289e083fa5<-907b9765-214b-4864-b66a-d6e2a5789e5c#0:FAIL-t488] and 0 exception(s); bf55b3f9-6b09-4365-9d71-55289e083fa5@group-EFD1D20A002C:t488, leader=null, voted=bf55b3f9-6b09-4365-9d71-55289e083fa5, raftlog=bf55b3f9-6b09-4365-9d71-55289e083fa5@group-EFD1D20A002C-SegmentedRaftLog:OPENED:c-1,f-1,i0, conf=-1: [f4c54511-b161-4347-aec5-5236dc80a0d8:0.0.0.0:41238, 907b9765-214b-4864-b66a-d6e2a5789e5c:0.0.0.0:41650, bf55b3f9-6b09-4365-9d71-55289e083fa5:0.0.0.0:42441], old=null
2019-10-16 18:01:39,150 [bf55b3f9-6b09-4365-9d71-55289e083fa5@group-EFD1D20A002C-LeaderElection414] INFO  impl.RaftServerImpl (RaftServerImpl.java:setRole(184)) - bf55b3f9-6b09-4365-9d71-55289e083fa5@group-EFD1D20A002C: changes role from CANDIDATE to FOLLOWER at term 488 for DISCOVERED_A_NEW_TERM
2019-10-16 18:01:39,150 [bf55b3f9-6b09-4365-9d71-55289e083fa5@group-EFD1D20A002C-LeaderElection414] INFO  impl.RoleInfo (RoleInfo.java:shutdownLeaderElection(134)) - bf55b3f9-6b09-4365-9d71-55289e083fa5: shutdown LeaderElection
2019-10-16 18:01:39,150 [bf55b3f9-6b09-4365-9d71-55289e083fa5@group-EFD1D20A002C-LeaderElection414] INFO  impl.RoleInfo (RoleInfo.java:updateAndGet(143)) - bf55b3f9-6b09-4365-9d71-55289e083fa5: start FollowerState
2019-10-16 18:01:39,164 [Thread-2961] INFO  impl.FollowerState (FollowerState.java:run(108)) - bf55b3f9-6b09-4365-9d71-55289e083fa5@group-EFD1D20A002C-FollowerState: change to CANDIDATE, lastRpcTime:14ms, electionTimeout:14ms
2019-10-16 18:01:39,164 [Thread-2961] INFO  impl.RoleInfo (RoleInfo.java:shutdownFollowerState(121)) - bf55b3f9-6b09-4365-9d71-55289e083fa5: shutdown FollowerState
2019-10-16 18:01:39,165 [Thread-2961] INFO  impl.RaftServerImpl (RaftServerImpl.java:setRole(184)) - bf55b3f9-6b09-4365-9d71-55289e083fa5@group-EFD1D20A002C: changes role from  FOLLOWER to CANDIDATE at term 488 for changeToCandidate
2019-10-16 18:01:39,165 [Thread-2961] INFO  impl.RoleInfo (RoleInfo.java:updateAndGet(143)) - bf55b3f9-6b09-4365-9d71-55289e083fa5: start LeaderElection
2019-10-16 18:01:39,191 [bf55b3f9-6b09-4365-9d71-55289e083fa5@group-EFD1D20A002C-LeaderElection415] INFO  impl.LeaderElection (LeaderElection.java:askForVotes(178)) - bf55b3f9-6b09-4365-9d71-55289e083fa5@group-EFD1D20A002C-LeaderElection415: begin an election at term 489 for -1: [f4c54511-b161-4347-aec5-5236dc80a0d8:0.0.0.0:41238, 907b9765-214b-4864-b66a-d6e2a5789e5c:0.0.0.0:41650, bf55b3f9-6b09-4365-9d71-55289e083fa5:0.0.0.0:42441], old=null
2019-10-16 18:01:39,192 [grpc-default-executor-2] INFO  impl.RaftServerImpl (RaftServerImpl.java:setRole(184)) - f4c54511-b161-4347-aec5-5236dc80a0d8@group-EFD1D20A002C: changes role from  FOLLOWER to FOLLOWER at term 489 for recognizeCandidate:bf55b3f9-6b09-4365-9d71-55289e083fa5
2019-10-16 18:01:39,192 [grpc-default-executor-3] INFO  impl.RaftServerImpl (RaftServerImpl.java:setRole(184)) - 907b9765-214b-4864-b66a-d6e2a5789e5c@group-EFD1D20A002C: changes role from  FOLLOWER to FOLLOWER at term 489 for recognizeCandidate:bf55b3f9-6b09-4365-9d71-55289e083fa5
2019-10-16 18:01:39,192 [grpc-default-executor-3] INFO  impl.RoleInfo (RoleInfo.java:shutdownFollowerState(121)) - 907b9765-214b-4864-b66a-d6e2a5789e5c: shutdown FollowerState
2019-10-16 18:01:39,192 [grpc-default-executor-2] INFO  impl.RoleInfo (RoleInfo.java:shutdownFollowerState(121)) - f4c54511-b161-4347-aec5-5236dc80a0d8: shutdown FollowerState
2019-10-16 18:01:39,193 [Thread-2959] INFO  impl.FollowerState (FollowerState.java:run(117)) - 907b9765-214b-4864-b66a-d6e2a5789e5c@group-EFD1D20A002C-FollowerState was interrupted: java.lang.InterruptedException: sleep interrupted
2019-10-16 18:01:39,193 [grpc-default-executor-3] INFO  impl.RoleInfo (RoleInfo.java:updateAndGet(143)) - 907b9765-214b-4864-b66a-d6e2a5789e5c: start FollowerState
2019-10-16 18:01:39,193 [Thread-2960] INFO  impl.FollowerState (FollowerState.java:run(117)) - f4c54511-b161-4347-aec5-5236dc80a0d8@group-EFD1D20A002C-FollowerState was interrupted: java.lang.InterruptedException: sleep interrupted
2019-10-16 18:01:39,193 [grpc-default-executor-2] INFO  impl.RoleInfo (RoleInfo.java:updateAndGet(143)) - f4c54511-b161-4347-aec5-5236dc80a0d8: start FollowerState
2019-10-16 18:01:39,225 [bf55b3f9-6b09-4365-9d71-55289e083fa5@group-EFD1D20A002C-LeaderElection415] INFO  impl.LeaderElection (LeaderElection.java:logAndReturn(56)) - bf55b3f9-6b09-4365-9d71-55289e083fa5@group-EFD1D20A002C-LeaderElection415: Election REJECTED; received 2 response(s) [bf55b3f9-6b09-4365-9d71-55289e083fa5<-f4c54511-b161-4347-aec5-5236dc80a0d8#0:FAIL-t489, bf55b3f9-6b09-4365-9d71-55289e083fa5<-907b9765-214b-4864-b66a-d6e2a5789e5c#0:FAIL-t489] and 0 exception(s); bf55b3f9-6b09-4365-9d71-55289e083fa5@group-EFD1D20A002C:t489, leader=null, voted=bf55b3f9-6b09-4365-9d71-55289e083fa5, raftlog=bf55b3f9-6b09-4365-9d71-55289e083fa5@group-EFD1D20A002C-SegmentedRaftLog:OPENED:c-1,f-1,i0, conf=-1: [f4c54511-b161-4347-aec5-5236dc80a0d8:0.0.0.0:41238, 907b9765-214b-4864-b66a-d6e2a5789e5c:0.0.0.0:41650, bf55b3f9-6b09-4365-9d71-55289e083fa5:0.0.0.0:42441], old=null
2019-10-16 18:01:39,225 [bf55b3f9-6b09-4365-9d71-55289e083fa5@group-EFD1D20A002C-LeaderElection415] INFO  impl.RaftServerImpl (RaftServerImpl.java:setRole(184)) - bf55b3f9-6b09-4365-9d71-55289e083fa5@group-EFD1D20A002C: changes role from CANDIDATE to FOLLOWER at term 489 for DISCOVERED_A_NEW_TERM
2019-10-16 18:01:39,225 [bf55b3f9-6b09-4365-9d71-55289e083fa5@group-EFD1D20A002C-LeaderElection415] INFO  impl.RoleInfo (RoleInfo.java:shutdownLeaderElection(134)) - bf55b3f9-6b09-4365-9d71-55289e083fa5: shutdown LeaderElection
2019-10-16 18:01:39,225 [bf55b3f9-6b09-4365-9d71-55289e083fa5@group-EFD1D20A002C-LeaderElection415] INFO  impl.RoleInfo (RoleInfo.java:updateAndGet(143)) - bf55b3f9-6b09-4365-9d71-55289e083fa5: start FollowerState
2019-10-16 18:01:39,371 [Thread-2969] INFO  impl.FollowerState (FollowerState.java:run(108)) - bf55b3f9-6b09-4365-9d71-55289e083fa5@group-EFD1D20A002C-FollowerState: change to CANDIDATE, lastRpcTime:145ms, electionTimeout:145ms
2019-10-16 18:01:39,371 [Thread-2969] INFO  impl.RoleInfo (RoleInfo.java:shutdownFollowerState(121)) - bf55b3f9-6b09-4365-9d71-55289e083fa5: shutdown FollowerState
2019-10-16 18:01:39,371 [Thread-2969] INFO  impl.RaftServerImpl (RaftServerImpl.java:setRole(184)) - bf55b3f9-6b09-4365-9d71-55289e083fa5@group-EFD1D20A002C: changes role from  FOLLOWER to CANDIDATE at term 489 for changeToCandidate
2019-10-16 18:01:39,371 [Thread-2969] INFO  impl.RoleInfo (RoleInfo.java:updateAndGet(143)) - bf55b3f9-6b09-4365-9d71-55289e083fa5: start LeaderElection
2019-10-16 18:01:39,401 [bf55b3f9-6b09-4365-9d71-55289e083fa5@group-EFD1D20A002C-LeaderElection416] INFO  impl.LeaderElection (LeaderElection.java:askForVotes(178)) - bf55b3f9-6b09-4365-9d71-55289e083fa5@group-EFD1D20A002C-LeaderElection416: begin an election at term 490 for -1: [f4c54511-b161-4347-aec5-5236dc80a0d8:0.0.0.0:41238, 907b9765-214b-4864-b66a-d6e2a5789e5c:0.0.0.0:41650, bf55b3f9-6b09-4365-9d71-55289e083fa5:0.0.0.0:42441], old=null
2019-10-16 18:01:39,402 [grpc-default-executor-2] INFO  impl.RaftServerImpl (RaftServerImpl.java:setRole(184)) - 907b9765-214b-4864-b66a-d6e2a5789e5c@group-EFD1D20A002C: changes role from  FOLLOWER to FOLLOWER at term 490 for recognizeCandidate:bf55b3f9-6b09-4365-9d71-55289e083fa5
2019-10-16 18:01:39,402 [grpc-default-executor-3] INFO  impl.RaftServerImpl (RaftServerImpl.java:setRole(184)) - f4c54511-b161-4347-aec5-5236dc80a0d8@group-EFD1D20A002C: changes role from  FOLLOWER to FOLLOWER at term 490 for recognizeCandidate:bf55b3f9-6b09-4365-9d71-55289e083fa5
2019-10-16 18:01:39,403 [grpc-default-executor-3] INFO  impl.RoleInfo (RoleInfo.java:shutdownFollowerState(121)) - f4c54511-b161-4347-aec5-5236dc80a0d8: shutdown FollowerState
2019-10-16 18:01:39,403 [grpc-default-executor-2] INFO  impl.RoleInfo (RoleInfo.java:shutdownFollowerState(121)) - 907b9765-214b-4864-b66a-d6e2a5789e5c: shutdown FollowerState
2019-10-16 18:01:39,403 [Thread-2966] INFO  impl.FollowerState (FollowerState.java:run(117)) - f4c54511-b161-4347-aec5-5236dc80a0d8@group-EFD1D20A002C-FollowerState was interrupted: java.lang.InterruptedException: sleep interrupted
2019-10-16 18:01:39,403 [grpc-default-executor-3] INFO  impl.RoleInfo (RoleInfo.java:updateAndGet(143)) - f4c54511-b161-4347-aec5-5236dc80a0d8: start FollowerState
2019-10-16 18:01:39,403 [Thread-2965] INFO  impl.FollowerState (FollowerState.java:run(117)) - 907b9765-214b-4864-b66a-d6e2a5789e5c@group-EFD1D20A002C-FollowerState was interrupted: java.lang.InterruptedException: sleep interrupted
2019-10-16 18:01:39,403 [grpc-default-executor-2] INFO  impl.RoleInfo (RoleInfo.java:updateAndGet(143)) - 907b9765-214b-4864-b66a-d6e2a5789e5c: start FollowerState
2019-10-16 18:01:39,427 [bf55b3f9-6b09-4365-9d71-55289e083fa5@group-EFD1D20A002C-LeaderElection416] INFO  impl.LeaderElection (LeaderElection.java:logAndReturn(56)) - bf55b3f9-6b09-4365-9d71-55289e083fa5@group-EFD1D20A002C-LeaderElection416: Election REJECTED; received 2 response(s) [bf55b3f9-6b09-4365-9d71-55289e083fa5<-f4c54511-b161-4347-aec5-5236dc80a0d8#0:FAIL-t490, bf55b3f9-6b09-4365-9d71-55289e083fa5<-907b9765-214b-4864-b66a-d6e2a5789e5c#0:FAIL-t490] and 0 exception(s); bf55b3f9-6b09-4365-9d71-55289e083fa5@group-EFD1D20A002C:t490, leader=null, voted=bf55b3f9-6b09-4365-9d71-55289e083fa5, raftlog=bf55b3f9-6b09-4365-9d71-55289e083fa5@group-EFD1D20A002C-SegmentedRaftLog:OPENED:c-1,f-1,i0, conf=-1: [f4c54511-b161-4347-aec5-5236dc80a0d8:0.0.0.0:41238, 907b9765-214b-4864-b66a-d6e2a5789e5c:0.0.0.0:41650, bf55b3f9-6b09-4365-9d71-55289e083fa5:0.0.0.0:42441], old=null
2019-10-16 18:01:39,427 [bf55b3f9-6b09-4365-9d71-55289e083fa5@group-EFD1D20A002C-LeaderElection416] INFO  impl.RaftServerImpl (RaftServerImpl.java:setRole(184)) - bf55b3f9-6b09-4365-9d71-55289e083fa5@group-EFD1D20A002C: changes role from CANDIDATE to FOLLOWER at term 490 for DISCOVERED_A_NEW_TERM
2019-10-16 18:01:39,427 [bf55b3f9-6b09-4365-9d71-55289e083fa5@group-EFD1D20A002C-LeaderElection416] INFO  impl.RoleInfo (RoleInfo.java:shutdownLeaderElection(134)) - bf55b3f9-6b09-4365-9d71-55289e083fa5: shutdown LeaderElection
2019-10-16 18:01:39,427 [bf55b3f9-6b09-4365-9d71-55289e083fa5@group-EFD1D20A002C-LeaderElection416] INFO  impl.RoleInfo (RoleInfo.java:updateAndGet(143)) - bf55b3f9-6b09-4365-9d71-55289e083fa5: start FollowerState
2019-10-16 18:01:39,588 [Thread-2975] INFO  impl.FollowerState (FollowerState.java:run(108)) - bf55b3f9-6b09-4365-9d71-55289e083fa5@group-EFD1D20A002C-FollowerState: change to CANDIDATE, lastRpcTime:160ms, electionTimeout:160ms
2019-10-16 18:01:39,588 [Thread-2975] INFO  impl.RoleInfo (RoleInfo.java:shutdownFollowerState(121)) - bf55b3f9-6b09-4365-9d71-55289e083fa5: shutdown FollowerState
2019-10-16 18:01:39,588 [Thread-2975] INFO  impl.RaftServerImpl (RaftServerImpl.java:setRole(184)) - bf55b3f9-6b09-4365-9d71-55289e083fa5@group-EFD1D20A002C: changes role from  FOLLOWER to CANDIDATE at term 490 for changeToCandidate
2019-10-16 18:01:39,588 [Thread-2975] INFO  impl.RoleInfo (RoleInfo.java:updateAndGet(143)) - bf55b3f9-6b09-4365-9d71-55289e083fa5: start LeaderElection
2019-10-16 18:01:39,611 [bf55b3f9-6b09-4365-9d71-55289e083fa5@group-EFD1D20A002C-LeaderElection417] INFO  impl.LeaderElection (LeaderElection.java:askForVotes(178)) - bf55b3f9-6b09-4365-9d71-55289e083fa5@group-EFD1D20A002C-LeaderElection417: begin an election at term 491 for -1: [f4c54511-b161-4347-aec5-5236dc80a0d8:0.0.0.0:41238, 907b9765-214b-4864-b66a-d6e2a5789e5c:0.0.0.0:41650, bf55b3f9-6b09-4365-9d71-55289e083fa5:0.0.0.0:42441], old=null
2019-10-16 18:01:39,613 [grpc-default-executor-2] INFO  impl.RaftServerImpl (RaftServerImpl.java:setRole(184)) - f4c54511-b161-4347-aec5-5236dc80a0d8@group-EFD1D20A002C: changes role from  FOLLOWER to FOLLOWER at term 491 for recognizeCandidate:bf55b3f9-6b09-4365-9d71-55289e083fa5
2019-10-16 18:01:39,613 [grpc-default-executor-2] INFO  impl.RoleInfo (RoleInfo.java:shutdownFollowerState(121)) - f4c54511-b161-4347-aec5-5236dc80a0d8: shutdown FollowerState
2019-10-16 18:01:39,613 [grpc-default-executor-3] INFO  impl.RaftServerImpl (RaftServerImpl.java:setRole(184)) - 907b9765-214b-4864-b66a-d6e2a5789e5c@group-EFD1D20A002C: changes role from  FOLLOWER to FOLLOWER at term 491 for recognizeCandidate:bf55b3f9-6b09-4365-9d71-55289e083fa5
2019-10-16 18:01:39,613 [grpc-default-executor-3] INFO  impl.RoleInfo (RoleInfo.java:shutdownFollowerState(121)) - 907b9765-214b-4864-b66a-d6e2a5789e5c: shutdown FollowerState
2019-10-16 18:01:39,613 [Thread-2973] INFO  impl.FollowerState (FollowerState.java:run(117)) - f4c54511-b161-4347-aec5-5236dc80a0d8@group-EFD1D20A002C-FollowerState was interrupted: java.lang.InterruptedException: sleep interrupted
2019-10-16 18:01:39,613 [grpc-default-executor-2] INFO  impl.RoleInfo (RoleInfo.java:updateAndGet(143)) - f4c54511-b161-4347-aec5-5236dc80a0d8: start FollowerState
2019-10-16 18:01:39,613 [Thread-2974] INFO  impl.FollowerState (FollowerState.java:run(117)) - 907b9765-214b-4864-b66a-d6e2a5789e5c@group-EFD1D20A002C-FollowerState was interrupted: java.lang.InterruptedException: sleep interrupted
2019-10-16 18:01:39,613 [grpc-default-executor-3] INFO  impl.RoleInfo (RoleInfo.java:updateAndGet(143)) - 907b9765-214b-4864-b66a-d6e2a5789e5c: start FollowerState
2019-10-16 18:01:39,637 [bf55b3f9-6b09-4365-9d71-55289e083fa5@group-EFD1D20A002C-LeaderElection417] INFO  impl.LeaderElection (LeaderElection.java:logAndReturn(56)) - bf55b3f9-6b09-4365-9d71-55289e083fa5@group-EFD1D20A002C-LeaderElection417: Election REJECTED; received 2 response(s) [bf55b3f9-6b09-4365-9d71-55289e083fa5<-f4c54511-b161-4347-aec5-5236dc80a0d8#0:FAIL-t491, bf55b3f9-6b09-4365-9d71-55289e083fa5<-907b9765-214b-4864-b66a-d6e2a5789e5c#0:FAIL-t491] and 0 exception(s); bf55b3f9-6b09-4365-9d71-55289e083fa5@group-EFD1D20A002C:t491, leader=null, voted=bf55b3f9-6b09-4365-9d71-55289e083fa5, raftlog=bf55b3f9-6b09-4365-9d71-55289e083fa5@group-EFD1D20A002C-SegmentedRaftLog:OPENED:c-1,f-1,i0, conf=-1: [f4c54511-b161-4347-aec5-5236dc80a0d8:0.0.0.0:41238, 907b9765-214b-4864-b66a-d6e2a5789e5c:0.0.0.0:41650, bf55b3f9-6b09-4365-9d71-55289e083fa5:0.0.0.0:42441], old=null
2019-10-16 18:01:39,637 [bf55b3f9-6b09-4365-9d71-55289e083fa5@group-EFD1D20A002C-LeaderElection417] INFO  impl.RaftServerImpl (RaftServerImpl.java:setRole(184)) - bf55b3f9-6b09-4365-9d71-55289e083fa5@group-EFD1D20A002C: changes role from CANDIDATE to FOLLOWER at term 491 for DISCOVERED_A_NEW_TERM
2019-10-16 18:01:39,637 [bf55b3f9-6b09-4365-9d71-55289e083fa5@group-EFD1D20A002C-LeaderElection417] INFO  impl.RoleInfo (RoleInfo.java:shutdownLeaderElection(134)) - bf55b3f9-6b09-4365-9d71-55289e083fa5: shutdown LeaderElection
2019-10-16 18:01:39,638 [bf55b3f9-6b09-4365-9d71-55289e083fa5@group-EFD1D20A002C-LeaderElection417] INFO  impl.RoleInfo (RoleInfo.java:updateAndGet(143)) - bf55b3f9-6b09-4365-9d71-55289e083fa5: start FollowerState
2019-10-16 18:01:39,657 [Thread-2981] INFO  impl.FollowerState (FollowerState.java:run(108)) - bf55b3f9-6b09-4365-9d71-55289e083fa5@group-EFD1D20A002C-FollowerState: change to CANDIDATE, lastRpcTime:19ms, electionTimeout:19ms
2019-10-16 18:01:39,657 [Thread-2981] INFO  impl.RoleInfo (RoleInfo.java:shutdownFollowerState(121)) - bf55b3f9-6b09-4365-9d71-55289e083fa5: shutdown FollowerState
2019-10-16 18:01:39,657 [Thread-2981] INFO  impl.RaftServerImpl (RaftServerImpl.java:setRole(184)) - bf55b3f9-6b09-4365-9d71-55289e083fa5@group-EFD1D20A002C: changes role from  FOLLOWER to CANDIDATE at term 491 for changeToCandidate
2019-10-16 18:01:39,658 [Thread-2981] INFO  impl.RoleInfo (RoleInfo.java:updateAndGet(143)) - bf55b3f9-6b09-4365-9d71-55289e083fa5: start LeaderElection
2019-10-16 18:01:39,687 [bf55b3f9-6b09-4365-9d71-55289e083fa5@group-EFD1D20A002C-LeaderElection418] INFO  impl.LeaderElection (LeaderElection.java:askForVotes(178)) - bf55b3f9-6b09-4365-9d71-55289e083fa5@group-EFD1D20A002C-LeaderElection418: begin an election at term 492 for -1: [f4c54511-b161-4347-aec5-5236dc80a0d8:0.0.0.0:41238, 907b9765-214b-4864-b66a-d6e2a5789e5c:0.0.0.0:41650, bf55b3f9-6b09-4365-9d71-55289e083fa5:0.0.0.0:42441], old=null
2019-10-16 18:01:39,689 [grpc-default-executor-3] INFO  impl.RaftServerImpl (RaftServerImpl.java:setRole(184)) - 907b9765-214b-4864-b66a-d6e2a5789e5c@group-EFD1D20A002C: changes role from  FOLLOWER to FOLLOWER at term 492 for recognizeCandidate:bf55b3f9-6b09-4365-9d71-55289e083fa5
2019-10-16 18:01:39,690 [grpc-default-executor-3] INFO  impl.RoleInfo (RoleInfo.java:shutdownFollowerState(121)) - 907b9765-214b-4864-b66a-d6e2a5789e5c: shutdown FollowerState
2019-10-16 18:01:39,690 [grpc-default-executor-3] INFO  impl.RoleInfo (RoleInfo.java:updateAndGet(143)) - 907b9765-214b-4864-b66a-d6e2a5789e5c: start FollowerState
2019-10-16 18:01:39,690 [Thread-2980] INFO  impl.FollowerState (FollowerState.java:run(117)) - 907b9765-214b-4864-b66a-d6e2a5789e5c@group-EFD1D20A002C-FollowerState was interrupted: java.lang.InterruptedException: sleep interrupted
2019-10-16 18:01:39,690 [grpc-default-executor-2] INFO  impl.RaftServerImpl (RaftServerImpl.java:setRole(184)) - f4c54511-b161-4347-aec5-5236dc80a0d8@group-EFD1D20A002C: changes role from  FOLLOWER to FOLLOWER at term 492 for recognizeCandidate:bf55b3f9-6b09-4365-9d71-55289e083fa5
2019-10-16 18:01:39,690 [grpc-default-executor-2] INFO  impl.RoleInfo (RoleInfo.java:shutdownFollowerState(121)) - f4c54511-b161-4347-aec5-5236dc80a0d8: shutdown FollowerState
2019-10-16 18:01:39,690 [grpc-default-executor-2] INFO  impl.RoleInfo (RoleInfo.java:updateAndGet(143)) - f4c54511-b161-4347-aec5-5236dc80a0d8: start FollowerState
2019-10-16 18:01:39,690 [Thread-2979] INFO  impl.FollowerState (FollowerState.java:run(117)) - f4c54511-b161-4347-aec5-5236dc80a0d8@group-EFD1D20A002C-FollowerState was interrupted: java.lang.InterruptedException: sleep interrupted
2019-10-16 18:01:39,701 [bf55b3f9-6b09-4365-9d71-55289e083fa5@group-EFD1D20A002C-LeaderElection418] INFO  impl.LeaderElection (LeaderElection.java:logAndReturn(56)) - bf55b3f9-6b09-4365-9d71-55289e083fa5@group-EFD1D20A002C-LeaderElection418: Election TIMEOUT; received 0 response(s) [] and 0 exception(s); bf55b3f9-6b09-4365-9d71-55289e083fa5@group-EFD1D20A002C:t492, leader=null, voted=bf55b3f9-6b09-4365-9d71-55289e083fa5, raftlog=bf55b3f9-6b09-4365-9d71-55289e083fa5@group-EFD1D20A002C-SegmentedRaftLog:OPENED:c-1,f-1,i0, conf=-1: [f4c54511-b161-4347-aec5-5236dc80a0d8:0.0.0.0:41238, 907b9765-214b-4864-b66a-d6e2a5789e5c:0.0.0.0:41650, bf55b3f9-6b09-4365-9d71-55289e083fa5:0.0.0.0:42441], old=null
2019-10-16 18:01:39,729 [bf55b3f9-6b09-4365-9d71-55289e083fa5@group-EFD1D20A002C-LeaderElection418] INFO  impl.LeaderElection (LeaderElection.java:askForVotes(178)) - bf55b3f9-6b09-4365-9d71-55289e083fa5@group-EFD1D20A002C-LeaderElection418: begin an election at term 493 for -1: [f4c54511-b161-4347-aec5-5236dc80a0d8:0.0.0.0:41238, 907b9765-214b-4864-b66a-d6e2a5789e5c:0.0.0.0:41650, bf55b3f9-6b09-4365-9d71-55289e083fa5:0.0.0.0:42441], old=null
2019-10-16 18:01:39,731 [grpc-default-executor-2] INFO  impl.RaftServerImpl (RaftServerImpl.java:setRole(184)) - f4c54511-b161-4347-aec5-5236dc80a0d8@group-EFD1D20A002C: changes role from  FOLLOWER to FOLLOWER at term 493 for recognizeCandidate:bf55b3f9-6b09-4365-9d71-55289e083fa5
2019-10-16 18:01:39,731 [grpc-default-executor-2] INFO  impl.RoleInfo (RoleInfo.java:shutdownFollowerState(121)) - f4c54511-b161-4347-aec5-5236dc80a0d8: shutdown FollowerState
2019-10-16 18:01:39,731 [grpc-default-executor-3] INFO  impl.RaftServerImpl (RaftServerImpl.java:setRole(184)) - 907b9765-214b-4864-b66a-d6e2a5789e5c@group-EFD1D20A002C: changes role from  FOLLOWER to FOLLOWER at term 493 for recognizeCandidate:bf55b3f9-6b09-4365-9d71-55289e083fa5
2019-10-16 18:01:39,731 [Thread-2986] INFO  impl.FollowerState (FollowerState.java:run(117)) - f4c54511-b161-4347-aec5-5236dc80a0d8@group-EFD1D20A002C-FollowerState was interrupted: java.lang.InterruptedException: sleep interrupted
2019-10-16 18:01:39,731 [grpc-default-executor-2] INFO  impl.RoleInfo (RoleInfo.java:updateAndGet(143)) - f4c54511-b161-4347-aec5-5236dc80a0d8: start FollowerState
2019-10-16 18:01:39,731 [grpc-default-executor-3] INFO  impl.RoleInfo (RoleInfo.java:shutdownFollowerState(121)) - 907b9765-214b-4864-b66a-d6e2a5789e5c: shutdown FollowerState
2019-10-16 18:01:39,732 [grpc-default-executor-3] INFO  impl.RoleInfo (RoleInfo.java:updateAndGet(143)) - 907b9765-214b-4864-b66a-d6e2a5789e5c: start FollowerState
2019-10-16 18:01:39,732 [Thread-2985] INFO  impl.FollowerState (FollowerState.java:run(117)) - 907b9765-214b-4864-b66a-d6e2a5789e5c@group-EFD1D20A002C-FollowerState was interrupted: java.lang.InterruptedException: sleep interrupted
2019-10-16 18:01:39,757 [bf55b3f9-6b09-4365-9d71-55289e083fa5@group-EFD1D20A002C-LeaderElection418] INFO  impl.LeaderElection (LeaderElection.java:logAndReturn(56)) - bf55b3f9-6b09-4365-9d71-55289e083fa5@group-EFD1D20A002C-LeaderElection418: Election REJECTED; received 2 response(s) [bf55b3f9-6b09-4365-9d71-55289e083fa5<-f4c54511-b161-4347-aec5-5236dc80a0d8#0:FAIL-t493, bf55b3f9-6b09-4365-9d71-55289e083fa5<-907b9765-214b-4864-b66a-d6e2a5789e5c#0:FAIL-t493] and 0 exception(s); bf55b3f9-6b09-4365-9d71-55289e083fa5@group-EFD1D20A002C:t493, leader=null, voted=bf55b3f9-6b09-4365-9d71-55289e083fa5, raftlog=bf55b3f9-6b09-4365-9d71-55289e083fa5@group-EFD1D20A002C-SegmentedRaftLog:OPENED:c-1,f-1,i0, conf=-1: [f4c54511-b161-4347-aec5-5236dc80a0d8:0.0.0.0:41238, 907b9765-214b-4864-b66a-d6e2a5789e5c:0.0.0.0:41650, bf55b3f9-6b09-4365-9d71-55289e083fa5:0.0.0.0:42441], old=null
2019-10-16 18:01:39,757 [bf55b3f9-6b09-4365-9d71-55289e083fa5@group-EFD1D20A002C-LeaderElection418] INFO  impl.RaftServerImpl (RaftServerImpl.java:setRole(184)) - bf55b3f9-6b09-4365-9d71-55289e083fa5@group-EFD1D20A002C: changes role from CANDIDATE to FOLLOWER at term 493 for DISCOVERED_A_NEW_TERM
2019-10-16 18:01:39,757 [bf55b3f9-6b09-4365-9d71-55289e083fa5@group-EFD1D20A002C-LeaderElection418] INFO  impl.RoleInfo (RoleInfo.java:shutdownLeaderElection(134)) - bf55b3f9-6b09-4365-9d71-55289e083fa5: shutdown LeaderElection
2019-10-16 18:01:39,757 [bf55b3f9-6b09-4365-9d71-55289e083fa5@group-EFD1D20A002C-LeaderElection418] INFO  impl.RoleInfo (RoleInfo.java:updateAndGet(143)) - bf55b3f9-6b09-4365-9d71-55289e083fa5: start FollowerState
2019-10-16 18:01:39,779 [Thread-2991] INFO  impl.FollowerState (FollowerState.java:run(108)) - bf55b3f9-6b09-4365-9d71-55289e083fa5@group-EFD1D20A002C-FollowerState: change to CANDIDATE, lastRpcTime:21ms, electionTimeout:21ms
2019-10-16 18:01:39,779 [Thread-2991] INFO  impl.RoleInfo (RoleInfo.java:shutdownFollowerState(121)) - bf55b3f9-6b09-4365-9d71-55289e083fa5: shutdown FollowerState
2019-10-16 18:01:39,779 [Thread-2991] INFO  impl.RaftServerImpl (RaftServerImpl.java:setRole(184)) - bf55b3f9-6b09-4365-9d71-55289e083fa5@group-EFD1D20A002C: changes role from  FOLLOWER to CANDIDATE at term 493 for changeToCandidate
2019-10-16 18:01:39,779 [Thread-2991] INFO  impl.RoleInfo (RoleInfo.java:updateAndGet(143)) - bf55b3f9-6b09-4365-9d71-55289e083fa5: start LeaderElection
2019-10-16 18:01:39,807 [bf55b3f9-6b09-4365-9d71-55289e083fa5@group-EFD1D20A002C-LeaderElection419] INFO  impl.LeaderElection (LeaderElection.java:askForVotes(178)) - bf55b3f9-6b09-4365-9d71-55289e083fa5@group-EFD1D20A002C-LeaderElection419: begin an election at term 494 for -1: [f4c54511-b161-4347-aec5-5236dc80a0d8:0.0.0.0:41238, 907b9765-214b-4864-b66a-d6e2a5789e5c:0.0.0.0:41650, bf55b3f9-6b09-4365-9d71-55289e083fa5:0.0.0.0:42441], old=null
2019-10-16 18:01:39,808 [grpc-default-executor-3] INFO  impl.RaftServerImpl (RaftServerImpl.java:setRole(184)) - f4c54511-b161-4347-aec5-5236dc80a0d8@group-EFD1D20A002C: changes role from  FOLLOWER to FOLLOWER at term 494 for recognizeCandidate:bf55b3f9-6b09-4365-9d71-55289e083fa5
2019-10-16 18:01:39,808 [grpc-default-executor-2] INFO  impl.RaftServerImpl (RaftServerImpl.java:setRole(184)) - 907b9765-214b-4864-b66a-d6e2a5789e5c@group-EFD1D20A002C: changes role from  FOLLOWER to FOLLOWER at term 494 for recognizeCandidate:bf55b3f9-6b09-4365-9d71-55289e083fa5
2019-10-16 18:01:39,809 [grpc-default-executor-2] INFO  impl.RoleInfo (RoleInfo.java:shutdownFollowerState(121)) - 907b9765-214b-4864-b66a-d6e2a5789e5c: shutdown FollowerState
2019-10-16 18:01:39,809 [grpc-default-executor-3] INFO  impl.RoleInfo (RoleInfo.java:shutdownFollowerState(121)) - f4c54511-b161-4347-aec5-5236dc80a0d8: shutdown FollowerState
2019-10-16 18:01:39,809 [grpc-default-executor-2] INFO  impl.RoleInfo (RoleInfo.java:updateAndGet(143)) - 907b9765-214b-4864-b66a-d6e2a5789e5c: start FollowerState
2019-10-16 18:01:39,809 [Thread-2990] INFO  impl.FollowerState (FollowerState.java:run(117)) - 907b9765-214b-4864-b66a-d6e2a5789e5c@group-EFD1D20A002C-FollowerState was interrupted: java.lang.InterruptedException: sleep interrupted
2019-10-16 18:01:39,809 [Thread-2989] INFO  impl.FollowerState (FollowerState.java:run(117)) - f4c54511-b161-4347-aec5-5236dc80a0d8@group-EFD1D20A002C-FollowerState was interrupted: java.lang.InterruptedException: sleep interrupted
2019-10-16 18:01:39,809 [grpc-default-executor-3] INFO  impl.RoleInfo (RoleInfo.java:updateAndGet(143)) - f4c54511-b161-4347-aec5-5236dc80a0d8: start FollowerState
2019-10-16 18:01:39,833 [bf55b3f9-6b09-4365-9d71-55289e083fa5@group-EFD1D20A002C-LeaderElection419] INFO  impl.LeaderElection (LeaderElection.java:logAndReturn(56)) - bf55b3f9-6b09-4365-9d71-55289e083fa5@group-EFD1D20A002C-LeaderElection419: Election REJECTED; received 2 response(s) [bf55b3f9-6b09-4365-9d71-55289e083fa5<-f4c54511-b161-4347-aec5-5236dc80a0d8#0:FAIL-t494, bf55b3f9-6b09-4365-9d71-55289e083fa5<-907b9765-214b-4864-b66a-d6e2a5789e5c#0:FAIL-t494] and 0 exception(s); bf55b3f9-6b09-4365-9d71-55289e083fa5@group-EFD1D20A002C:t494, leader=null, voted=bf55b3f9-6b09-4365-9d71-55289e083fa5, raftlog=bf55b3f9-6b09-4365-9d71-55289e083fa5@group-EFD1D20A002C-SegmentedRaftLog:OPENED:c-1,f-1,i0, conf=-1: [f4c54511-b161-4347-aec5-5236dc80a0d8:0.0.0.0:41238, 907b9765-214b-4864-b66a-d6e2a5789e5c:0.0.0.0:41650, bf55b3f9-6b09-4365-9d71-55289e083fa5:0.0.0.0:42441], old=null
2019-10-16 18:01:39,833 [bf55b3f9-6b09-4365-9d71-55289e083fa5@group-EFD1D20A002C-LeaderElection419] INFO  impl.RaftServerImpl (RaftServerImpl.java:setRole(184)) - bf55b3f9-6b09-4365-9d71-55289e083fa5@group-EFD1D20A002C: changes role from CANDIDATE to FOLLOWER at term 494 for DISCOVERED_A_NEW_TERM
2019-10-16 18:01:39,833 [bf55b3f9-6b09-4365-9d71-55289e083fa5@group-EFD1D20A002C-LeaderElection419] INFO  impl.RoleInfo (RoleInfo.java:shutdownLeaderElection(134)) - bf55b3f9-6b09-4365-9d71-55289e083fa5: shutdown LeaderElection
2019-10-16 18:01:39,833 [bf55b3f9-6b09-4365-9d71-55289e083fa5@group-EFD1D20A002C-LeaderElection419] INFO  impl.RoleInfo (RoleInfo.java:updateAndGet(143)) - bf55b3f9-6b09-4365-9d71-55289e083fa5: start FollowerState
2019-10-16 18:01:39,847 [Thread-2997] INFO  impl.FollowerState (FollowerState.java:run(108)) - bf55b3f9-6b09-4365-9d71-55289e083fa5@group-EFD1D20A002C-FollowerState: change to CANDIDATE, lastRpcTime:13ms, electionTimeout:13ms
2019-10-16 18:01:39,847 [Thread-2997] INFO  impl.RoleInfo (RoleInfo.java:shutdownFollowerState(121)) - bf55b3f9-6b09-4365-9d71-55289e083fa5: shutdown FollowerState
2019-10-16 18:01:39,847 [Thread-2997] INFO  impl.RaftServerImpl (RaftServerImpl.java:setRole(184)) - bf55b3f9-6b09-4365-9d71-55289e083fa5@group-EFD1D20A002C: changes role from  FOLLOWER to CANDIDATE at term 494 for changeToCandidate
2019-10-16 18:01:39,847 [Thread-2997] INFO  impl.RoleInfo (RoleInfo.java:updateAndGet(143)) - bf55b3f9-6b09-4365-9d71-55289e083fa5: start LeaderElection
2019-10-16 18:01:39,874 [bf55b3f9-6b09-4365-9d71-55289e083fa5@group-EFD1D20A002C-LeaderElection420] INFO  impl.LeaderElection (LeaderElection.java:askForVotes(178)) - bf55b3f9-6b09-4365-9d71-55289e083fa5@group-EFD1D20A002C-LeaderElection420: begin an election at term 495 for -1: [f4c54511-b161-4347-aec5-5236dc80a0d8:0.0.0.0:41238, 907b9765-214b-4864-b66a-d6e2a5789e5c:0.0.0.0:41650, bf55b3f9-6b09-4365-9d71-55289e083fa5:0.0.0.0:42441], old=null
2019-10-16 18:01:39,876 [grpc-default-executor-3] INFO  impl.RaftServerImpl (RaftServerImpl.java:setRole(184)) - f4c54511-b161-4347-aec5-5236dc80a0d8@group-EFD1D20A002C: changes role from  FOLLOWER to FOLLOWER at term 495 for recognizeCandidate:bf55b3f9-6b09-4365-9d71-55289e083fa5
2019-10-16 18:01:39,876 [grpc-default-executor-2] INFO  impl.RaftServerImpl (RaftServerImpl.java:setRole(184)) - 907b9765-214b-4864-b66a-d6e2a5789e5c@group-EFD1D20A002C: changes role from  FOLLOWER to FOLLOWER at term 495 for recognizeCandidate:bf55b3f9-6b09-4365-9d71-55289e083fa5
2019-10-16 18:01:39,876 [grpc-default-executor-3] INFO  impl.RoleInfo (RoleInfo.java:shutdownFollowerState(121)) - f4c54511-b161-4347-aec5-5236dc80a0d8: shutdown FollowerState
2019-10-16 18:01:39,876 [grpc-default-executor-2] INFO  impl.RoleInfo (RoleInfo.java:shutdownFollowerState(121)) - 907b9765-214b-4864-b66a-d6e2a5789e5c: shutdown FollowerState
2019-10-16 18:01:39,877 [Thread-2996] INFO  impl.FollowerState (FollowerState.java:run(117)) - f4c54511-b161-4347-aec5-5236dc80a0d8@group-EFD1D20A002C-FollowerState was interrupted: java.lang.InterruptedException: sleep interrupted
2019-10-16 18:01:39,877 [Thread-2995] INFO  impl.FollowerState (FollowerState.java:run(117)) - 907b9765-214b-4864-b66a-d6e2a5789e5c@group-EFD1D20A002C-FollowerState was interrupted: java.lang.InterruptedException: sleep interrupted
2019-10-16 18:01:39,877 [grpc-default-executor-3] INFO  impl.RoleInfo (RoleInfo.java:updateAndGet(143)) - f4c54511-b161-4347-aec5-5236dc80a0d8: start FollowerState
2019-10-16 18:01:39,877 [grpc-default-executor-2] INFO  impl.RoleInfo (RoleInfo.java:updateAndGet(143)) - 907b9765-214b-4864-b66a-d6e2a5789e5c: start FollowerState
2019-10-16 18:01:39,909 [bf55b3f9-6b09-4365-9d71-55289e083fa5@group-EFD1D20A002C-LeaderElection420] INFO  impl.LeaderElection (LeaderElection.java:logAndReturn(56)) - bf55b3f9-6b09-4365-9d71-55289e083fa5@group-EFD1D20A002C-LeaderElection420: Election REJECTED; received 2 response(s) [bf55b3f9-6b09-4365-9d71-55289e083fa5<-f4c54511-b161-4347-aec5-5236dc80a0d8#0:FAIL-t495, bf55b3f9-6b09-4365-9d71-55289e083fa5<-907b9765-214b-4864-b66a-d6e2a5789e5c#0:FAIL-t495] and 0 exception(s); bf55b3f9-6b09-4365-9d71-55289e083fa5@group-EFD1D20A002C:t495, leader=null, voted=bf55b3f9-6b09-4365-9d71-55289e083fa5, raftlog=bf55b3f9-6b09-4365-9d71-55289e083fa5@group-EFD1D20A002C-SegmentedRaftLog:OPENED:c-1,f-1,i0, conf=-1: [f4c54511-b161-4347-aec5-5236dc80a0d8:0.0.0.0:41238, 907b9765-214b-4864-b66a-d6e2a5789e5c:0.0.0.0:41650, bf55b3f9-6b09-4365-9d71-55289e083fa5:0.0.0.0:42441], old=null
2019-10-16 18:01:39,909 [bf55b3f9-6b09-4365-9d71-55289e083fa5@group-EFD1D20A002C-LeaderElection420] INFO  impl.RaftServerImpl (RaftServerImpl.java:setRole(184)) - bf55b3f9-6b09-4365-9d71-55289e083fa5@group-EFD1D20A002C: changes role from CANDIDATE to FOLLOWER at term 495 for DISCOVERED_A_NEW_TERM
2019-10-16 18:01:39,909 [bf55b3f9-6b09-4365-9d71-55289e083fa5@group-EFD1D20A002C-LeaderElection420] INFO  impl.RoleInfo (RoleInfo.java:shutdownLeaderElection(134)) - bf55b3f9-6b09-4365-9d71-55289e083fa5: shutdown LeaderElection
2019-10-16 18:01:39,909 [bf55b3f9-6b09-4365-9d71-55289e083fa5@group-EFD1D20A002C-LeaderElection420] INFO  impl.RoleInfo (RoleInfo.java:updateAndGet(143)) - bf55b3f9-6b09-4365-9d71-55289e083fa5: start FollowerState
2019-10-16 18:01:40,003 [Thread-3003] INFO  impl.FollowerState (FollowerState.java:run(108)) - bf55b3f9-6b09-4365-9d71-55289e083fa5@group-EFD1D20A002C-FollowerState: change to CANDIDATE, lastRpcTime:93ms, electionTimeout:93ms
2019-10-16 18:01:40,003 [Thread-3003] INFO  impl.RoleInfo (RoleInfo.java:shutdownFollowerState(121)) - bf55b3f9-6b09-4365-9d71-55289e083fa5: shutdown FollowerState
2019-10-16 18:01:40,003 [Thread-3003] INFO  impl.RaftServerImpl (RaftServerImpl.java:setRole(184)) - bf55b3f9-6b09-4365-9d71-55289e083fa5@group-EFD1D20A002C: changes role from  FOLLOWER to CANDIDATE at term 495 for changeToCandidate
2019-10-16 18:01:40,003 [Thread-3003] INFO  impl.RoleInfo (RoleInfo.java:updateAndGet(143)) - bf55b3f9-6b09-4365-9d71-55289e083fa5: start LeaderElection
2019-10-16 18:01:40,026 [bf55b3f9-6b09-4365-9d71-55289e083fa5@group-EFD1D20A002C-LeaderElection421] INFO  impl.LeaderElection (LeaderElection.java:askForVotes(178)) - bf55b3f9-6b09-4365-9d71-55289e083fa5@group-EFD1D20A002C-LeaderElection421: begin an election at term 496 for -1: [f4c54511-b161-4347-aec5-5236dc80a0d8:0.0.0.0:41238, 907b9765-214b-4864-b66a-d6e2a5789e5c:0.0.0.0:41650, bf55b3f9-6b09-4365-9d71-55289e083fa5:0.0.0.0:42441], old=null
2019-10-16 18:01:40,028 [grpc-default-executor-3] INFO  impl.RaftServerImpl (RaftServerImpl.java:setRole(184)) - f4c54511-b161-4347-aec5-5236dc80a0d8@group-EFD1D20A002C: changes role from  FOLLOWER to FOLLOWER at term 496 for recognizeCandidate:bf55b3f9-6b09-4365-9d71-55289e083fa5
2019-10-16 18:01:40,029 [grpc-default-executor-3] INFO  impl.RoleInfo (RoleInfo.java:shutdownFollowerState(121)) - f4c54511-b161-4347-aec5-5236dc80a0d8: shutdown FollowerState
2019-10-16 18:01:40,029 [grpc-default-executor-2] INFO  impl.RaftServerImpl (RaftServerImpl.java:setRole(184)) - 907b9765-214b-4864-b66a-d6e2a5789e5c@group-EFD1D20A002C: changes role from  FOLLOWER to FOLLOWER at term 496 for recognizeCandidate:bf55b3f9-6b09-4365-9d71-55289e083fa5
2019-10-16 18:01:40,029 [grpc-default-executor-2] INFO  impl.RoleInfo (RoleInfo.java:shutdownFollowerState(121)) - 907b9765-214b-4864-b66a-d6e2a5789e5c: shutdown FollowerState
2019-10-16 18:01:40,029 [Thread-3001] INFO  impl.FollowerState (FollowerState.java:run(117)) - f4c54511-b161-4347-aec5-5236dc80a0d8@group-EFD1D20A002C-FollowerState was interrupted: java.lang.InterruptedException: sleep interrupted
2019-10-16 18:01:40,029 [grpc-default-executor-3] INFO  impl.RoleInfo (RoleInfo.java:updateAndGet(143)) - f4c54511-b161-4347-aec5-5236dc80a0d8: start FollowerState
2019-10-16 18:01:40,029 [Thread-3002] INFO  impl.FollowerState (FollowerState.java:run(117)) - 907b9765-214b-4864-b66a-d6e2a5789e5c@group-EFD1D20A002C-FollowerState was interrupted: java.lang.InterruptedException: sleep interrupted
2019-10-16 18:01:40,029 [grpc-default-executor-2] INFO  impl.RoleInfo (RoleInfo.java:updateAndGet(143)) - 907b9765-214b-4864-b66a-d6e2a5789e5c: start FollowerState
2019-10-16 18:01:40,053 [bf55b3f9-6b09-4365-9d71-55289e083fa5@group-EFD1D20A002C-LeaderElection421] INFO  impl.LeaderElection (LeaderElection.java:logAndReturn(56)) - bf55b3f9-6b09-4365-9d71-55289e083fa5@group-EFD1D20A002C-LeaderElection421: Election REJECTED; received 2 response(s) [bf55b3f9-6b09-4365-9d71-55289e083fa5<-f4c54511-b161-4347-aec5-5236dc80a0d8#0:FAIL-t496, bf55b3f9-6b09-4365-9d71-55289e083fa5<-907b9765-214b-4864-b66a-d6e2a5789e5c#0:FAIL-t496] and 0 exception(s); bf55b3f9-6b09-4365-9d71-55289e083fa5@group-EFD1D20A002C:t496, leader=null, voted=bf55b3f9-6b09-4365-9d71-55289e083fa5, raftlog=bf55b3f9-6b09-4365-9d71-55289e083fa5@group-EFD1D20A002C-SegmentedRaftLog:OPENED:c-1,f-1,i0, conf=-1: [f4c54511-b161-4347-aec5-5236dc80a0d8:0.0.0.0:41238, 907b9765-214b-4864-b66a-d6e2a5789e5c:0.0.0.0:41650, bf55b3f9-6b09-4365-9d71-55289e083fa5:0.0.0.0:42441], old=null
2019-10-16 18:01:40,053 [bf55b3f9-6b09-4365-9d71-55289e083fa5@group-EFD1D20A002C-LeaderElection421] INFO  impl.RaftServerImpl (RaftServerImpl.java:setRole(184)) - bf55b3f9-6b09-4365-9d71-55289e083fa5@group-EFD1D20A002C: changes role from CANDIDATE to FOLLOWER at term 496 for DISCOVERED_A_NEW_TERM
2019-10-16 18:01:40,053 [bf55b3f9-6b09-4365-9d71-55289e083fa5@group-EFD1D20A002C-LeaderElection421] INFO  impl.RoleInfo (RoleInfo.java:shutdownLeaderElection(134)) - bf55b3f9-6b09-4365-9d71-55289e083fa5: shutdown LeaderElection
2019-10-16 18:01:40,053 [bf55b3f9-6b09-4365-9d71-55289e083fa5@group-EFD1D20A002C-LeaderElection421] INFO  impl.RoleInfo (RoleInfo.java:updateAndGet(143)) - bf55b3f9-6b09-4365-9d71-55289e083fa5: start FollowerState
2019-10-16 18:01:40,162 [Thread-3009] INFO  impl.FollowerState (FollowerState.java:run(108)) - bf55b3f9-6b09-4365-9d71-55289e083fa5@group-EFD1D20A002C-FollowerState: change to CANDIDATE, lastRpcTime:109ms, electionTimeout:105ms
2019-10-16 18:01:40,163 [Thread-3009] INFO  impl.RoleInfo (RoleInfo.java:shutdownFollowerState(121)) - bf55b3f9-6b09-4365-9d71-55289e083fa5: shutdown FollowerState
2019-10-16 18:01:40,163 [Thread-3009] INFO  impl.RaftServerImpl (RaftServerImpl.java:setRole(184)) - bf55b3f9-6b09-4365-9d71-55289e083fa5@group-EFD1D20A002C: changes role from  FOLLOWER to CANDIDATE at term 496 for changeToCandidate
2019-10-16 18:01:40,163 [Thread-3009] INFO  impl.RoleInfo (RoleInfo.java:updateAndGet(143)) - bf55b3f9-6b09-4365-9d71-55289e083fa5: start LeaderElection
2019-10-16 18:01:40,202 [bf55b3f9-6b09-4365-9d71-55289e083fa5@group-EFD1D20A002C-LeaderElection422] INFO  impl.LeaderElection (LeaderElection.java:askForVotes(178)) - bf55b3f9-6b09-4365-9d71-55289e083fa5@group-EFD1D20A002C-LeaderElection422: begin an election at term 497 for -1: [f4c54511-b161-4347-aec5-5236dc80a0d8:0.0.0.0:41238, 907b9765-214b-4864-b66a-d6e2a5789e5c:0.0.0.0:41650, bf55b3f9-6b09-4365-9d71-55289e083fa5:0.0.0.0:42441], old=null
2019-10-16 18:01:40,204 [grpc-default-executor-3] INFO  impl.RaftServerImpl (RaftServerImpl.java:setRole(184)) - 907b9765-214b-4864-b66a-d6e2a5789e5c@group-EFD1D20A002C: changes role from  FOLLOWER to FOLLOWER at term 497 for recognizeCandidate:bf55b3f9-6b09-4365-9d71-55289e083fa5
2019-10-16 18:01:40,204 [grpc-default-executor-3] INFO  impl.RoleInfo (RoleInfo.java:shutdownFollowerState(121)) - 907b9765-214b-4864-b66a-d6e2a5789e5c: shutdown FollowerState
2019-10-16 18:01:40,204 [grpc-default-executor-3] INFO  impl.RoleInfo (RoleInfo.java:updateAndGet(143)) - 907b9765-214b-4864-b66a-d6e2a5789e5c: start FollowerState
2019-10-16 18:01:40,204 [grpc-default-executor-2] INFO  impl.RaftServerImpl (RaftServerImpl.java:setRole(184)) - f4c54511-b161-4347-aec5-5236dc80a0d8@group-EFD1D20A002C: changes role from  FOLLOWER to FOLLOWER at term 497 for recognizeCandidate:bf55b3f9-6b09-4365-9d71-55289e083fa5
2019-10-16 18:01:40,204 [Thread-3008] INFO  impl.FollowerState (FollowerState.java:run(117)) - 907b9765-214b-4864-b66a-d6e2a5789e5c@group-EFD1D20A002C-FollowerState was interrupted: java.lang.InterruptedException: sleep interrupted
2019-10-16 18:01:40,205 [grpc-default-executor-2] INFO  impl.RoleInfo (RoleInfo.java:shutdownFollowerState(121)) - f4c54511-b161-4347-aec5-5236dc80a0d8: shutdown FollowerState
2019-10-16 18:01:40,205 [grpc-default-executor-2] INFO  impl.RoleInfo (RoleInfo.java:updateAndGet(143)) - f4c54511-b161-4347-aec5-5236dc80a0d8: start FollowerState
2019-10-16 18:01:40,205 [Thread-3007] INFO  impl.FollowerState (FollowerState.java:run(117)) - f4c54511-b161-4347-aec5-5236dc80a0d8@group-EFD1D20A002C-FollowerState was interrupted: java.lang.InterruptedException: sleep interrupted
2019-10-16 18:01:40,228 [bf55b3f9-6b09-4365-9d71-55289e083fa5@group-EFD1D20A002C-LeaderElection422] INFO  impl.LeaderElection (LeaderElection.java:logAndReturn(56)) - bf55b3f9-6b09-4365-9d71-55289e083fa5@group-EFD1D20A002C-LeaderElection422: Election REJECTED; received 2 response(s) [bf55b3f9-6b09-4365-9d71-55289e083fa5<-f4c54511-b161-4347-aec5-5236dc80a0d8#0:FAIL-t497, bf55b3f9-6b09-4365-9d71-55289e083fa5<-907b9765-214b-4864-b66a-d6e2a5789e5c#0:FAIL-t497] and 0 exception(s); bf55b3f9-6b09-4365-9d71-55289e083fa5@group-EFD1D20A002C:t497, leader=null, voted=bf55b3f9-6b09-4365-9d71-55289e083fa5, raftlog=bf55b3f9-6b09-4365-9d71-55289e083fa5@group-EFD1D20A002C-SegmentedRaftLog:OPENED:c-1,f-1,i0, conf=-1: [f4c54511-b161-4347-aec5-5236dc80a0d8:0.0.0.0:41238, 907b9765-214b-4864-b66a-d6e2a5789e5c:0.0.0.0:41650, bf55b3f9-6b09-4365-9d71-55289e083fa5:0.0.0.0:42441], old=null
2019-10-16 18:01:40,229 [bf55b3f9-6b09-4365-9d71-55289e083fa5@group-EFD1D20A002C-LeaderElection422] INFO  impl.RaftServerImpl (RaftServerImpl.java:setRole(184)) - bf55b3f9-6b09-4365-9d71-55289e083fa5@group-EFD1D20A002C: changes role from CANDIDATE to FOLLOWER at term 497 for DISCOVERED_A_NEW_TERM
2019-10-16 18:01:40,229 [bf55b3f9-6b09-4365-9d71-55289e083fa5@group-EFD1D20A002C-LeaderElection422] INFO  impl.RoleInfo (RoleInfo.java:shutdownLeaderElection(134)) - bf55b3f9-6b09-4365-9d71-55289e083fa5: shutdown LeaderElection
2019-10-16 18:01:40,229 [bf55b3f9-6b09-4365-9d71-55289e083fa5@group-EFD1D20A002C-LeaderElection422] INFO  impl.RoleInfo (RoleInfo.java:updateAndGet(143)) - bf55b3f9-6b09-4365-9d71-55289e083fa5: start FollowerState
2019-10-16 18:01:40,336 [Thread-3017] INFO  impl.FollowerState (FollowerState.java:run(108)) - bf55b3f9-6b09-4365-9d71-55289e083fa5@group-EFD1D20A002C-FollowerState: change to CANDIDATE, lastRpcTime:107ms, electionTimeout:107ms
2019-10-16 18:01:40,336 [Thread-3017] INFO  impl.RoleInfo (RoleInfo.java:shutdownFollowerState(121)) - bf55b3f9-6b09-4365-9d71-55289e083fa5: shutdown FollowerState
2019-10-16 18:01:40,336 [Thread-3017] INFO  impl.RaftServerImpl (RaftServerImpl.java:setRole(184)) - bf55b3f9-6b09-4365-9d71-55289e083fa5@group-EFD1D20A002C: changes role from  FOLLOWER to CANDIDATE at term 497 for changeToCandidate
2019-10-16 18:01:40,336 [Thread-3017] INFO  impl.RoleInfo (RoleInfo.java:updateAndGet(143)) - bf55b3f9-6b09-4365-9d71-55289e083fa5: start LeaderElection
2019-10-16 18:01:40,362 [bf55b3f9-6b09-4365-9d71-55289e083fa5@group-EFD1D20A002C-LeaderElection423] INFO  impl.LeaderElection (LeaderElection.java:askForVotes(178)) - bf55b3f9-6b09-4365-9d71-55289e083fa5@group-EFD1D20A002C-LeaderElection423: begin an election at term 498 for -1: [f4c54511-b161-4347-aec5-5236dc80a0d8:0.0.0.0:41238, 907b9765-214b-4864-b66a-d6e2a5789e5c:0.0.0.0:41650, bf55b3f9-6b09-4365-9d71-55289e083fa5:0.0.0.0:42441], old=null
2019-10-16 18:01:40,364 [grpc-default-executor-2] INFO  impl.RaftServerImpl (RaftServerImpl.java:setRole(184)) - f4c54511-b161-4347-aec5-5236dc80a0d8@group-EFD1D20A002C: changes role from  FOLLOWER to FOLLOWER at term 498 for recognizeCandidate:bf55b3f9-6b09-4365-9d71-55289e083fa5
2019-10-16 18:01:40,364 [grpc-default-executor-2] INFO  impl.RoleInfo (RoleInfo.java:shutdownFollowerState(121)) - f4c54511-b161-4347-aec5-5236dc80a0d8: shutdown FollowerState
2019-10-16 18:01:40,364 [grpc-default-executor-3] INFO  impl.RaftServerImpl (RaftServerImpl.java:setRole(184)) - 907b9765-214b-4864-b66a-d6e2a5789e5c@group-EFD1D20A002C: changes role from  FOLLOWER to FOLLOWER at term 498 for recognizeCandidate:bf55b3f9-6b09-4365-9d71-55289e083fa5
2019-10-16 18:01:40,364 [grpc-default-executor-3] INFO  impl.RoleInfo (RoleInfo.java:shutdownFollowerState(121)) - 907b9765-214b-4864-b66a-d6e2a5789e5c: shutdown FollowerState
2019-10-16 18:01:40,364 [grpc-default-executor-2] INFO  impl.RoleInfo (RoleInfo.java:updateAndGet(143)) - f4c54511-b161-4347-aec5-5236dc80a0d8: start FollowerState
2019-10-16 18:01:40,364 [Thread-3014] INFO  impl.FollowerState (FollowerState.java:run(117)) - f4c54511-b161-4347-aec5-5236dc80a0d8@group-EFD1D20A002C-FollowerState was interrupted: java.lang.InterruptedException: sleep interrupted
2019-10-16 18:01:40,364 [Thread-3013] INFO  impl.FollowerState (FollowerState.java:run(117)) - 907b9765-214b-4864-b66a-d6e2a5789e5c@group-EFD1D20A002C-FollowerState was interrupted: java.lang.InterruptedException: sleep interrupted
2019-10-16 18:01:40,364 [grpc-default-executor-3] INFO  impl.RoleInfo (RoleInfo.java:updateAndGet(143)) - 907b9765-214b-4864-b66a-d6e2a5789e5c: start FollowerState
2019-10-16 18:01:40,388 [bf55b3f9-6b09-4365-9d71-55289e083fa5@group-EFD1D20A002C-LeaderElection423] INFO  impl.LeaderElection (LeaderElection.java:logAndReturn(56)) - bf55b3f9-6b09-4365-9d71-55289e083fa5@group-EFD1D20A002C-LeaderElection423: Election REJECTED; received 2 response(s) [bf55b3f9-6b09-4365-9d71-55289e083fa5<-f4c54511-b161-4347-aec5-5236dc80a0d8#0:FAIL-t498, bf55b3f9-6b09-4365-9d71-55289e083fa5<-907b9765-214b-4864-b66a-d6e2a5789e5c#0:FAIL-t498] and 0 exception(s); bf55b3f9-6b09-4365-9d71-55289e083fa5@group-EFD1D20A002C:t498, leader=null, voted=bf55b3f9-6b09-4365-9d71-55289e083fa5, raftlog=bf55b3f9-6b09-4365-9d71-55289e083fa5@group-EFD1D20A002C-SegmentedRaftLog:OPENED:c-1,f-1,i0, conf=-1: [f4c54511-b161-4347-aec5-5236dc80a0d8:0.0.0.0:41238, 907b9765-214b-4864-b66a-d6e2a5789e5c:0.0.0.0:41650, bf55b3f9-6b09-4365-9d71-55289e083fa5:0.0.0.0:42441], old=null
2019-10-16 18:01:40,388 [bf55b3f9-6b09-4365-9d71-55289e083fa5@group-EFD1D20A002C-LeaderElection423] INFO  impl.RaftServerImpl (RaftServerImpl.java:setRole(184)) - bf55b3f9-6b09-4365-9d71-55289e083fa5@group-EFD1D20A002C: changes role from CANDIDATE to FOLLOWER at term 498 for DISCOVERED_A_NEW_TERM
2019-10-16 18:01:40,388 [bf55b3f9-6b09-4365-9d71-55289e083fa5@group-EFD1D20A002C-LeaderElection423] INFO  impl.RoleInfo (RoleInfo.java:shutdownLeaderElection(134)) - bf55b3f9-6b09-4365-9d71-55289e083fa5: shutdown LeaderElection
2019-10-16 18:01:40,389 [bf55b3f9-6b09-4365-9d71-55289e083fa5@group-EFD1D20A002C-LeaderElection423] INFO  impl.RoleInfo (RoleInfo.java:updateAndGet(143)) - bf55b3f9-6b09-4365-9d71-55289e083fa5: start FollowerState
2019-10-16 18:01:40,407 [Thread-3023] INFO  impl.FollowerState (FollowerState.java:run(108)) - bf55b3f9-6b09-4365-9d71-55289e083fa5@group-EFD1D20A002C-FollowerState: change to CANDIDATE, lastRpcTime:18ms, electionTimeout:18ms
2019-10-16 18:01:40,407 [Thread-3023] INFO  impl.RoleInfo (RoleInfo.java:shutdownFollowerState(121)) - bf55b3f9-6b09-4365-9d71-55289e083fa5: shutdown FollowerState
2019-10-16 18:01:40,407 [Thread-3023] INFO  impl.RaftServerImpl (RaftServerImpl.java:setRole(184)) - bf55b3f9-6b09-4365-9d71-55289e083fa5@group-EFD1D20A002C: changes role from  FOLLOWER to CANDIDATE at term 498 for changeToCandidate
2019-10-16 18:01:40,407 [Thread-3023] INFO  impl.RoleInfo (RoleInfo.java:updateAndGet(143)) - bf55b3f9-6b09-4365-9d71-55289e083fa5: start LeaderElection
2019-10-16 18:01:40,421 [bf55b3f9-6b09-4365-9d71-55289e083fa5@group-EFD1D20A002C-LeaderElection424] INFO  impl.LeaderElection (LeaderElection.java:askForVotes(178)) - bf55b3f9-6b09-4365-9d71-55289e083fa5@group-EFD1D20A002C-LeaderElection424: begin an election at term 499 for -1: [f4c54511-b161-4347-aec5-5236dc80a0d8:0.0.0.0:41238, 907b9765-214b-4864-b66a-d6e2a5789e5c:0.0.0.0:41650, bf55b3f9-6b09-4365-9d71-55289e083fa5:0.0.0.0:42441], old=null
2019-10-16 18:01:40,423 [grpc-default-executor-2] INFO  impl.RaftServerImpl (RaftServerImpl.java:setRole(184)) - f4c54511-b161-4347-aec5-5236dc80a0d8@group-EFD1D20A002C: changes role from  FOLLOWER to FOLLOWER at term 499 for recognizeCandidate:bf55b3f9-6b09-4365-9d71-55289e083fa5
2019-10-16 18:01:40,423 [grpc-default-executor-3] INFO  impl.RaftServerImpl (RaftServerImpl.java:setRole(184)) - 907b9765-214b-4864-b66a-d6e2a5789e5c@group-EFD1D20A002C: changes role from  FOLLOWER to FOLLOWER at term 499 for recognizeCandidate:bf55b3f9-6b09-4365-9d71-55289e083fa5
2019-10-16 18:01:40,423 [grpc-default-executor-2] INFO  impl.RoleInfo (RoleInfo.java:shutdownFollowerState(121)) - f4c54511-b161-4347-aec5-5236dc80a0d8: shutdown FollowerState
2019-10-16 18:01:40,423 [grpc-default-executor-3] INFO  impl.RoleInfo (RoleInfo.java:shutdownFollowerState(121)) - 907b9765-214b-4864-b66a-d6e2a5789e5c: shutdown FollowerState
2019-10-16 18:01:40,424 [Thread-3021] INFO  impl.FollowerState (FollowerState.java:run(117)) - f4c54511-b161-4347-aec5-5236dc80a0d8@group-EFD1D20A002C-FollowerState was interrupted: java.lang.InterruptedException: sleep interrupted
2019-10-16 18:01:40,424 [grpc-default-executor-2] INFO  impl.RoleInfo (RoleInfo.java:updateAndGet(143)) - f4c54511-b161-4347-aec5-5236dc80a0d8: start FollowerState
2019-10-16 18:01:40,424 [Thread-3022] INFO  impl.FollowerState (FollowerState.java:run(117)) - 907b9765-214b-4864-b66a-d6e2a5789e5c@group-EFD1D20A002C-FollowerState was interrupted: java.lang.InterruptedException: sleep interrupted
2019-10-16 18:01:40,424 [grpc-default-executor-3] INFO  impl.RoleInfo (RoleInfo.java:updateAndGet(143)) - 907b9765-214b-4864-b66a-d6e2a5789e5c: start FollowerState
2019-10-16 18:01:40,448 [bf55b3f9-6b09-4365-9d71-55289e083fa5@group-EFD1D20A002C-LeaderElection424] INFO  impl.LeaderElection (LeaderElection.java:logAndReturn(56)) - bf55b3f9-6b09-4365-9d71-55289e083fa5@group-EFD1D20A002C-LeaderElection424: Election REJECTED; received 2 response(s) [bf55b3f9-6b09-4365-9d71-55289e083fa5<-f4c54511-b161-4347-aec5-5236dc80a0d8#0:FAIL-t499, bf55b3f9-6b09-4365-9d71-55289e083fa5<-907b9765-214b-4864-b66a-d6e2a5789e5c#0:FAIL-t499] and 0 exception(s); bf55b3f9-6b09-4365-9d71-55289e083fa5@group-EFD1D20A002C:t499, leader=null, voted=bf55b3f9-6b09-4365-9d71-55289e083fa5, raftlog=bf55b3f9-6b09-4365-9d71-55289e083fa5@group-EFD1D20A002C-SegmentedRaftLog:OPENED:c-1,f-1,i0, conf=-1: [f4c54511-b161-4347-aec5-5236dc80a0d8:0.0.0.0:41238, 907b9765-214b-4864-b66a-d6e2a5789e5c:0.0.0.0:41650, bf55b3f9-6b09-4365-9d71-55289e083fa5:0.0.0.0:42441], old=null
2019-10-16 18:01:40,448 [bf55b3f9-6b09-4365-9d71-55289e083fa5@group-EFD1D20A002C-LeaderElection424] INFO  impl.RaftServerImpl (RaftServerImpl.java:setRole(184)) - bf55b3f9-6b09-4365-9d71-55289e083fa5@group-EFD1D20A002C: changes role from CANDIDATE to FOLLOWER at term 499 for DISCOVERED_A_NEW_TERM
2019-10-16 18:01:40,448 [bf55b3f9-6b09-4365-9d71-55289e083fa5@group-EFD1D20A002C-LeaderElection424] INFO  impl.RoleInfo (RoleInfo.java:shutdownLeaderElection(134)) - bf55b3f9-6b09-4365-9d71-55289e083fa5: shutdown LeaderElection
2019-10-16 18:01:40,448 [bf55b3f9-6b09-4365-9d71-55289e083fa5@group-EFD1D20A002C-LeaderElection424] INFO  impl.RoleInfo (RoleInfo.java:updateAndGet(143)) - bf55b3f9-6b09-4365-9d71-55289e083fa5: start FollowerState
2019-10-16 18:01:40,497 [Thread-3029] INFO  impl.FollowerState (FollowerState.java:run(108)) - bf55b3f9-6b09-4365-9d71-55289e083fa5@group-EFD1D20A002C-FollowerState: change to CANDIDATE, lastRpcTime:48ms, electionTimeout:48ms
2019-10-16 18:01:40,497 [Thread-3029] INFO  impl.RoleInfo (RoleInfo.java:shutdownFollowerState(121)) - bf55b3f9-6b09-4365-9d71-55289e083fa5: shutdown FollowerState
2019-10-16 18:01:40,497 [Thread-3029] INFO  impl.RaftServerImpl (RaftServerImpl.java:setRole(184)) - bf55b3f9-6b09-4365-9d71-55289e083fa5@group-EFD1D20A002C: changes role from  FOLLOWER to CANDIDATE at term 499 for changeToCandidate
2019-10-16 18:01:40,497 [Thread-3029] INFO  impl.RoleInfo (RoleInfo.java:updateAndGet(143)) - bf55b3f9-6b09-4365-9d71-55289e083fa5: start LeaderElection
2019-10-16 18:01:40,532 [bf55b3f9-6b09-4365-9d71-55289e083fa5@group-EFD1D20A002C-LeaderElection425] INFO  impl.LeaderElection (LeaderElection.java:askForVotes(178)) - bf55b3f9-6b09-4365-9d71-55289e083fa5@group-EFD1D20A002C-LeaderElection425: begin an election at term 500 for -1: [f4c54511-b161-4347-aec5-5236dc80a0d8:0.0.0.0:41238, 907b9765-214b-4864-b66a-d6e2a5789e5c:0.0.0.0:41650, bf55b3f9-6b09-4365-9d71-55289e083fa5:0.0.0.0:42441], old=null
2019-10-16 18:01:40,534 [grpc-default-executor-3] INFO  impl.RaftServerImpl (RaftServerImpl.java:setRole(184)) - f4c54511-b161-4347-aec5-5236dc80a0d8@group-EFD1D20A002C: changes role from  FOLLOWER to FOLLOWER at term 500 for recognizeCandidate:bf55b3f9-6b09-4365-9d71-55289e083fa5
2019-10-16 18:01:40,534 [grpc-default-executor-3] INFO  impl.RoleInfo (RoleInfo.java:shutdownFollowerState(121)) - f4c54511-b161-4347-aec5-5236dc80a0d8: shutdown FollowerState
2019-10-16 18:01:40,534 [grpc-default-executor-2] INFO  impl.RaftServerImpl (RaftServerImpl.java:setRole(184)) - 907b9765-214b-4864-b66a-d6e2a5789e5c@group-EFD1D20A002C: changes role from  FOLLOWER to FOLLOWER at term 500 for recognizeCandidate:bf55b3f9-6b09-4365-9d71-55289e083fa5
2019-10-16 18:01:40,534 [grpc-default-executor-2] INFO  impl.RoleInfo (RoleInfo.java:shutdownFollowerState(121)) - 907b9765-214b-4864-b66a-d6e2a5789e5c: shutdown FollowerState
2019-10-16 18:01:40,534 [Thread-3027] INFO  impl.FollowerState (FollowerState.java:run(117)) - f4c54511-b161-4347-aec5-5236dc80a0d8@group-EFD1D20A002C-FollowerState was interrupted: java.lang.InterruptedException: sleep interrupted
2019-10-16 18:01:40,534 [grpc-default-executor-3] INFO  impl.RoleInfo (RoleInfo.java:updateAndGet(143)) - f4c54511-b161-4347-aec5-5236dc80a0d8: start FollowerState
2019-10-16 18:01:40,534 [Thread-3028] INFO  impl.FollowerState (FollowerState.java:run(117)) - 907b9765-214b-4864-b66a-d6e2a5789e5c@group-EFD1D20A002C-FollowerState was interrupted: java.lang.InterruptedException: sleep interrupted
2019-10-16 18:01:40,534 [grpc-default-executor-2] INFO  impl.RoleInfo (RoleInfo.java:updateAndGet(143)) - 907b9765-214b-4864-b66a-d6e2a5789e5c: start FollowerState
2019-10-16 18:01:40,550 [bf55b3f9-6b09-4365-9d71-55289e083fa5@group-EFD1D20A002C-LeaderElection425] INFO  impl.LeaderElection (LeaderElection.java:logAndReturn(56)) - bf55b3f9-6b09-4365-9d71-55289e083fa5@group-EFD1D20A002C-LeaderElection425: Election REJECTED; received 2 response(s) [bf55b3f9-6b09-4365-9d71-55289e083fa5<-f4c54511-b161-4347-aec5-5236dc80a0d8#0:FAIL-t500, bf55b3f9-6b09-4365-9d71-55289e083fa5<-907b9765-214b-4864-b66a-d6e2a5789e5c#0:FAIL-t500] and 0 exception(s); bf55b3f9-6b09-4365-9d71-55289e083fa5@group-EFD1D20A002C:t500, leader=null, voted=bf55b3f9-6b09-4365-9d71-55289e083fa5, raftlog=bf55b3f9-6b09-4365-9d71-55289e083fa5@group-EFD1D20A002C-SegmentedRaftLog:OPENED:c-1,f-1,i0, conf=-1: [f4c54511-b161-4347-aec5-5236dc80a0d8:0.0.0.0:41238, 907b9765-214b-4864-b66a-d6e2a5789e5c:0.0.0.0:41650, bf55b3f9-6b09-4365-9d71-55289e083fa5:0.0.0.0:42441], old=null
2019-10-16 18:01:40,550 [bf55b3f9-6b09-4365-9d71-55289e083fa5@group-EFD1D20A002C-LeaderElection425] INFO  impl.RaftServerImpl (RaftServerImpl.java:setRole(184)) - bf55b3f9-6b09-4365-9d71-55289e083fa5@group-EFD1D20A002C: changes role from CANDIDATE to FOLLOWER at term 500 for DISCOVERED_A_NEW_TERM
2019-10-16 18:01:40,550 [bf55b3f9-6b09-4365-9d71-55289e083fa5@group-EFD1D20A002C-LeaderElection425] INFO  impl.RoleInfo (RoleInfo.java:shutdownLeaderElection(134)) - bf55b3f9-6b09-4365-9d71-55289e083fa5: shutdown LeaderElection
2019-10-16 18:01:40,550 [bf55b3f9-6b09-4365-9d71-55289e083fa5@group-EFD1D20A002C-LeaderElection425] INFO  impl.RoleInfo (RoleInfo.java:updateAndGet(143)) - bf55b3f9-6b09-4365-9d71-55289e083fa5: start FollowerState
2019-10-16 18:01:40,573 [Thread-3035] INFO  impl.FollowerState (FollowerState.java:run(108)) - bf55b3f9-6b09-4365-9d71-55289e083fa5@group-EFD1D20A002C-FollowerState: change to CANDIDATE, lastRpcTime:22ms, electionTimeout:22ms
2019-10-16 18:01:40,573 [Thread-3035] INFO  impl.RoleInfo (RoleInfo.java:shutdownFollowerState(121)) - bf55b3f9-6b09-4365-9d71-55289e083fa5: shutdown FollowerState
2019-10-16 18:01:40,573 [Thread-3035] INFO  impl.RaftServerImpl (RaftServerImpl.java:setRole(184)) - bf55b3f9-6b09-4365-9d71-55289e083fa5@group-EFD1D20A002C: changes role from  FOLLOWER to CANDIDATE at term 500 for changeToCandidate
2019-10-16 18:01:40,573 [Thread-3035] INFO  impl.RoleInfo (RoleInfo.java:updateAndGet(143)) - bf55b3f9-6b09-4365-9d71-55289e083fa5: start LeaderElection
2019-10-16 18:01:40,600 [bf55b3f9-6b09-4365-9d71-55289e083fa5@group-EFD1D20A002C-LeaderElection426] INFO  impl.LeaderElection (LeaderElection.java:askForVotes(178)) - bf55b3f9-6b09-4365-9d71-55289e083fa5@group-EFD1D20A002C-LeaderElection426: begin an election at term 501 for -1: [f4c54511-b161-4347-aec5-5236dc80a0d8:0.0.0.0:41238, 907b9765-214b-4864-b66a-d6e2a5789e5c:0.0.0.0:41650, bf55b3f9-6b09-4365-9d71-55289e083fa5:0.0.0.0:42441], old=null
2019-10-16 18:01:40,602 [grpc-default-executor-3] INFO  impl.RaftServerImpl (RaftServerImpl.java:setRole(184)) - f4c54511-b161-4347-aec5-5236dc80a0d8@group-EFD1D20A002C: changes role from  FOLLOWER to FOLLOWER at term 501 for recognizeCandidate:bf55b3f9-6b09-4365-9d71-55289e083fa5
2019-10-16 18:01:40,603 [grpc-default-executor-3] INFO  impl.RoleInfo (RoleInfo.java:shutdownFollowerState(121)) - f4c54511-b161-4347-aec5-5236dc80a0d8: shutdown FollowerState
2019-10-16 18:01:40,603 [grpc-default-executor-3] INFO  impl.RoleInfo (RoleInfo.java:updateAndGet(143)) - f4c54511-b161-4347-aec5-5236dc80a0d8: start FollowerState
2019-10-16 18:01:40,603 [Thread-3033] INFO  impl.FollowerState (FollowerState.java:run(117)) - f4c54511-b161-4347-aec5-5236dc80a0d8@group-EFD1D20A002C-FollowerState was interrupted: java.lang.InterruptedException: sleep interrupted
2019-10-16 18:01:40,603 [grpc-default-executor-2] INFO  impl.RaftServerImpl (RaftServerImpl.java:setRole(184)) - 907b9765-214b-4864-b66a-d6e2a5789e5c@group-EFD1D20A002C: changes role from  FOLLOWER to FOLLOWER at term 501 for recognizeCandidate:bf55b3f9-6b09-4365-9d71-55289e083fa5
2019-10-16 18:01:40,603 [grpc-default-executor-2] INFO  impl.RoleInfo (RoleInfo.java:shutdownFollowerState(121)) - 907b9765-214b-4864-b66a-d6e2a5789e5c: shutdown FollowerState
2019-10-16 18:01:40,603 [grpc-default-executor-2] INFO  impl.RoleInfo (RoleInfo.java:updateAndGet(143)) - 907b9765-214b-4864-b66a-d6e2a5789e5c: start FollowerState
2019-10-16 18:01:40,603 [Thread-3034] INFO  impl.FollowerState (FollowerState.java:run(117)) - 907b9765-214b-4864-b66a-d6e2a5789e5c@group-EFD1D20A002C-FollowerState was interrupted: java.lang.InterruptedException: sleep interrupted
2019-10-16 18:01:40,609 [bf55b3f9-6b09-4365-9d71-55289e083fa5@group-EFD1D20A002C-LeaderElection426] INFO  impl.LeaderElection (LeaderElection.java:logAndReturn(56)) - bf55b3f9-6b09-4365-9d71-55289e083fa5@group-EFD1D20A002C-LeaderElection426: Election TIMEOUT; received 0 response(s) [] and 0 exception(s); bf55b3f9-6b09-4365-9d71-55289e083fa5@group-EFD1D20A002C:t501, leader=null, voted=bf55b3f9-6b09-4365-9d71-55289e083fa5, raftlog=bf55b3f9-6b09-4365-9d71-55289e083fa5@group-EFD1D20A002C-SegmentedRaftLog:OPENED:c-1,f-1,i0, conf=-1: [f4c54511-b161-4347-aec5-5236dc80a0d8:0.0.0.0:41238, 907b9765-214b-4864-b66a-d6e2a5789e5c:0.0.0.0:41650, bf55b3f9-6b09-4365-9d71-55289e083fa5:0.0.0.0:42441], old=null
2019-10-16 18:01:40,626 [bf55b3f9-6b09-4365-9d71-55289e083fa5@group-EFD1D20A002C-LeaderElection426] INFO  impl.LeaderElection (LeaderElection.java:askForVotes(178)) - bf55b3f9-6b09-4365-9d71-55289e083fa5@group-EFD1D20A002C-LeaderElection426: begin an election at term 502 for -1: [f4c54511-b161-4347-aec5-5236dc80a0d8:0.0.0.0:41238, 907b9765-214b-4864-b66a-d6e2a5789e5c:0.0.0.0:41650, bf55b3f9-6b09-4365-9d71-55289e083fa5:0.0.0.0:42441], old=null
2019-10-16 18:01:40,627 [grpc-default-executor-3] INFO  impl.RaftServerImpl (RaftServerImpl.java:setRole(184)) - 907b9765-214b-4864-b66a-d6e2a5789e5c@group-EFD1D20A002C: changes role from  FOLLOWER to FOLLOWER at term 502 for recognizeCandidate:bf55b3f9-6b09-4365-9d71-55289e083fa5
2019-10-16 18:01:40,627 [grpc-default-executor-2] INFO  impl.RaftServerImpl (RaftServerImpl.java:setRole(184)) - f4c54511-b161-4347-aec5-5236dc80a0d8@group-EFD1D20A002C: changes role from  FOLLOWER to FOLLOWER at term 502 for recognizeCandidate:bf55b3f9-6b09-4365-9d71-55289e083fa5
2019-10-16 18:01:40,627 [grpc-default-executor-3] INFO  impl.RoleInfo (RoleInfo.java:shutdownFollowerState(121)) - 907b9765-214b-4864-b66a-d6e2a5789e5c: shutdown FollowerState
2019-10-16 18:01:40,628 [grpc-default-executor-2] INFO  impl.RoleInfo (RoleInfo.java:shutdownFollowerState(121)) - f4c54511-b161-4347-aec5-5236dc80a0d8: shutdown FollowerState
2019-10-16 18:01:40,628 [grpc-default-executor-3] INFO  impl.RoleInfo (RoleInfo.java:updateAndGet(143)) - 907b9765-214b-4864-b66a-d6e2a5789e5c: start FollowerState
2019-10-16 18:01:40,628 [grpc-default-executor-2] INFO  impl.RoleInfo (RoleInfo.java:updateAndGet(143)) - f4c54511-b161-4347-aec5-5236dc80a0d8: start FollowerState
2019-10-16 18:01:40,628 [Thread-3040] INFO  impl.FollowerState (FollowerState.java:run(117)) - 907b9765-214b-4864-b66a-d6e2a5789e5c@group-EFD1D20A002C-FollowerState was interrupted: java.lang.InterruptedException: sleep interrupted
2019-10-16 18:01:40,628 [Thread-3039] INFO  impl.FollowerState (FollowerState.java:run(117)) - f4c54511-b161-4347-aec5-5236dc80a0d8@group-EFD1D20A002C-FollowerState was interrupted: java.lang.InterruptedException: sleep interrupted
2019-10-16 18:01:40,652 [bf55b3f9-6b09-4365-9d71-55289e083fa5@group-EFD1D20A002C-LeaderElection426] INFO  impl.LeaderElection (LeaderElection.java:logAndReturn(56)) - bf55b3f9-6b09-4365-9d71-55289e083fa5@group-EFD1D20A002C-LeaderElection426: Election REJECTED; received 2 response(s) [bf55b3f9-6b09-4365-9d71-55289e083fa5<-f4c54511-b161-4347-aec5-5236dc80a0d8#0:FAIL-t502, bf55b3f9-6b09-4365-9d71-55289e083fa5<-907b9765-214b-4864-b66a-d6e2a5789e5c#0:FAIL-t502] and 0 exception(s); bf55b3f9-6b09-4365-9d71-55289e083fa5@group-EFD1D20A002C:t502, leader=null, voted=bf55b3f9-6b09-4365-9d71-55289e083fa5, raftlog=bf55b3f9-6b09-4365-9d71-55289e083fa5@group-EFD1D20A002C-SegmentedRaftLog:OPENED:c-1,f-1,i0, conf=-1: [f4c54511-b161-4347-aec5-5236dc80a0d8:0.0.0.0:41238, 907b9765-214b-4864-b66a-d6e2a5789e5c:0.0.0.0:41650, bf55b3f9-6b09-4365-9d71-55289e083fa5:0.0.0.0:42441], old=null
2019-10-16 18:01:40,652 [bf55b3f9-6b09-4365-9d71-55289e083fa5@group-EFD1D20A002C-LeaderElection426] INFO  impl.RaftServerImpl (RaftServerImpl.java:setRole(184)) - bf55b3f9-6b09-4365-9d71-55289e083fa5@group-EFD1D20A002C: changes role from CANDIDATE to FOLLOWER at term 502 for DISCOVERED_A_NEW_TERM
2019-10-16 18:01:40,652 [bf55b3f9-6b09-4365-9d71-55289e083fa5@group-EFD1D20A002C-LeaderElection426] INFO  impl.RoleInfo (RoleInfo.java:shutdownLeaderElection(134)) - bf55b3f9-6b09-4365-9d71-55289e083fa5: shutdown LeaderElection
2019-10-16 18:01:40,652 [bf55b3f9-6b09-4365-9d71-55289e083fa5@group-EFD1D20A002C-LeaderElection426] INFO  impl.RoleInfo (RoleInfo.java:updateAndGet(143)) - bf55b3f9-6b09-4365-9d71-55289e083fa5: start FollowerState
2019-10-16 18:01:40,732 [Thread-3045] INFO  impl.FollowerState (FollowerState.java:run(108)) - bf55b3f9-6b09-4365-9d71-55289e083fa5@group-EFD1D20A002C-FollowerState: change to CANDIDATE, lastRpcTime:79ms, electionTimeout:79ms
2019-10-16 18:01:40,732 [Thread-3045] INFO  impl.RoleInfo (RoleInfo.java:shutdownFollowerState(121)) - bf55b3f9-6b09-4365-9d71-55289e083fa5: shutdown FollowerState
2019-10-16 18:01:40,732 [Thread-3045] INFO  impl.RaftServerImpl (RaftServerImpl.java:setRole(184)) - bf55b3f9-6b09-4365-9d71-55289e083fa5@group-EFD1D20A002C: changes role from  FOLLOWER to CANDIDATE at term 502 for changeToCandidate
2019-10-16 18:01:40,732 [Thread-3045] INFO  impl.RoleInfo (RoleInfo.java:updateAndGet(143)) - bf55b3f9-6b09-4365-9d71-55289e083fa5: start LeaderElection
2019-10-16 18:01:40,761 [bf55b3f9-6b09-4365-9d71-55289e083fa5@group-EFD1D20A002C-LeaderElection427] INFO  impl.LeaderElection (LeaderElection.java:askForVotes(178)) - bf55b3f9-6b09-4365-9d71-55289e083fa5@group-EFD1D20A002C-LeaderElection427: begin an election at term 503 for -1: [f4c54511-b161-4347-aec5-5236dc80a0d8:0.0.0.0:41238, 907b9765-214b-4864-b66a-d6e2a5789e5c:0.0.0.0:41650, bf55b3f9-6b09-4365-9d71-55289e083fa5:0.0.0.0:42441], old=null
2019-10-16 18:01:40,762 [grpc-default-executor-3] INFO  impl.RaftServerImpl (RaftServerImpl.java:setRole(184)) - f4c54511-b161-4347-aec5-5236dc80a0d8@group-EFD1D20A002C: changes role from  FOLLOWER to FOLLOWER at term 503 for recognizeCandidate:bf55b3f9-6b09-4365-9d71-55289e083fa5
2019-10-16 18:01:40,762 [grpc-default-executor-3] INFO  impl.RoleInfo (RoleInfo.java:shutdownFollowerState(121)) - f4c54511-b161-4347-aec5-5236dc80a0d8: shutdown FollowerState
2019-10-16 18:01:40,762 [grpc-default-executor-2] INFO  impl.RaftServerImpl (RaftServerImpl.java:setRole(184)) - 907b9765-214b-4864-b66a-d6e2a5789e5c@group-EFD1D20A002C: changes role from  FOLLOWER to FOLLOWER at term 503 for recognizeCandidate:bf55b3f9-6b09-4365-9d71-55289e083fa5
2019-10-16 18:01:40,763 [grpc-default-executor-2] INFO  impl.RoleInfo (RoleInfo.java:shutdownFollowerState(121)) - 907b9765-214b-4864-b66a-d6e2a5789e5c: shutdown FollowerState
2019-10-16 18:01:40,763 [Thread-3044] INFO  impl.FollowerState (FollowerState.java:run(117)) - f4c54511-b161-4347-aec5-5236dc80a0d8@group-EFD1D20A002C-FollowerState was interrupted: java.lang.InterruptedException: sleep interrupted
2019-10-16 18:01:40,763 [grpc-default-executor-3] INFO  impl.RoleInfo (RoleInfo.java:updateAndGet(143)) - f4c54511-b161-4347-aec5-5236dc80a0d8: start FollowerState
2019-10-16 18:01:40,763 [Thread-3043] INFO  impl.FollowerState (FollowerState.java:run(117)) - 907b9765-214b-4864-b66a-d6e2a5789e5c@group-EFD1D20A002C-FollowerState was interrupted: java.lang.InterruptedException: sleep interrupted
2019-10-16 18:01:40,763 [grpc-default-executor-2] INFO  impl.RoleInfo (RoleInfo.java:updateAndGet(143)) - 907b9765-214b-4864-b66a-d6e2a5789e5c: start FollowerState
2019-10-16 18:01:40,787 [bf55b3f9-6b09-4365-9d71-55289e083fa5@group-EFD1D20A002C-LeaderElection427] INFO  impl.LeaderElection (LeaderElection.java:logAndReturn(56)) - bf55b3f9-6b09-4365-9d71-55289e083fa5@group-EFD1D20A002C-LeaderElection427: Election REJECTED; received 2 response(s) [bf55b3f9-6b09-4365-9d71-55289e083fa5<-f4c54511-b161-4347-aec5-5236dc80a0d8#0:FAIL-t503, bf55b3f9-6b09-4365-9d71-55289e083fa5<-907b9765-214b-4864-b66a-d6e2a5789e5c#0:FAIL-t503] and 0 exception(s); bf55b3f9-6b09-4365-9d71-55289e083fa5@group-EFD1D20A002C:t503, leader=null, voted=bf55b3f9-6b09-4365-9d71-55289e083fa5, raftlog=bf55b3f9-6b09-4365-9d71-55289e083fa5@group-EFD1D20A002C-SegmentedRaftLog:OPENED:c-1,f-1,i0, conf=-1: [f4c54511-b161-4347-aec5-5236dc80a0d8:0.0.0.0:41238, 907b9765-214b-4864-b66a-d6e2a5789e5c:0.0.0.0:41650, bf55b3f9-6b09-4365-9d71-55289e083fa5:0.0.0.0:42441], old=null
2019-10-16 18:01:40,787 [bf55b3f9-6b09-4365-9d71-55289e083fa5@group-EFD1D20A002C-LeaderElection427] INFO  impl.RaftServerImpl (RaftServerImpl.java:setRole(184)) - bf55b3f9-6b09-4365-9d71-55289e083fa5@group-EFD1D20A002C: changes role from CANDIDATE to FOLLOWER at term 503 for DISCOVERED_A_NEW_TERM
2019-10-16 18:01:40,787 [bf55b3f9-6b09-4365-9d71-55289e083fa5@group-EFD1D20A002C-LeaderElection427] INFO  impl.RoleInfo (RoleInfo.java:shutdownLeaderElection(134)) - bf55b3f9-6b09-4365-9d71-55289e083fa5: shutdown LeaderElection
2019-10-16 18:01:40,787 [bf55b3f9-6b09-4365-9d71-55289e083fa5@group-EFD1D20A002C-LeaderElection427] INFO  impl.RoleInfo (RoleInfo.java:updateAndGet(143)) - bf55b3f9-6b09-4365-9d71-55289e083fa5: start FollowerState
2019-10-16 18:01:40,824 [Thread-3051] INFO  impl.FollowerState (FollowerState.java:run(108)) - bf55b3f9-6b09-4365-9d71-55289e083fa5@group-EFD1D20A002C-FollowerState: change to CANDIDATE, lastRpcTime:36ms, electionTimeout:36ms
2019-10-16 18:01:40,824 [Thread-3051] INFO  impl.RoleInfo (RoleInfo.java:shutdownFollowerState(121)) - bf55b3f9-6b09-4365-9d71-55289e083fa5: shutdown FollowerState
2019-10-16 18:01:40,824 [Thread-3051] INFO  impl.RaftServerImpl (RaftServerImpl.java:setRole(184)) - bf55b3f9-6b09-4365-9d71-55289e083fa5@group-EFD1D20A002C: changes role from  FOLLOWER to CANDIDATE at term 503 for changeToCandidate
2019-10-16 18:01:40,824 [Thread-3051] INFO  impl.RoleInfo (RoleInfo.java:updateAndGet(143)) - bf55b3f9-6b09-4365-9d71-55289e083fa5: start LeaderElection
2019-10-16 18:01:40,846 [bf55b3f9-6b09-4365-9d71-55289e083fa5@group-EFD1D20A002C-LeaderElection428] INFO  impl.LeaderElection (LeaderElection.java:askForVotes(178)) - bf55b3f9-6b09-4365-9d71-55289e083fa5@group-EFD1D20A002C-LeaderElection428: begin an election at term 504 for -1: [f4c54511-b161-4347-aec5-5236dc80a0d8:0.0.0.0:41238, 907b9765-214b-4864-b66a-d6e2a5789e5c:0.0.0.0:41650, bf55b3f9-6b09-4365-9d71-55289e083fa5:0.0.0.0:42441], old=null
2019-10-16 18:01:40,848 [grpc-default-executor-2] INFO  impl.RaftServerImpl (RaftServerImpl.java:setRole(184)) - 907b9765-214b-4864-b66a-d6e2a5789e5c@group-EFD1D20A002C: changes role from  FOLLOWER to FOLLOWER at term 504 for recognizeCandidate:bf55b3f9-6b09-4365-9d71-55289e083fa5
2019-10-16 18:01:40,848 [grpc-default-executor-3] INFO  impl.RaftServerImpl (RaftServerImpl.java:setRole(184)) - f4c54511-b161-4347-aec5-5236dc80a0d8@group-EFD1D20A002C: changes role from  FOLLOWER to FOLLOWER at term 504 for recognizeCandidate:bf55b3f9-6b09-4365-9d71-55289e083fa5
2019-10-16 18:01:40,848 [grpc-default-executor-3] INFO  impl.RoleInfo (RoleInfo.java:shutdownFollowerState(121)) - f4c54511-b161-4347-aec5-5236dc80a0d8: shutdown FollowerState
2019-10-16 18:01:40,848 [grpc-default-executor-2] INFO  impl.RoleInfo (RoleInfo.java:shutdownFollowerState(121)) - 907b9765-214b-4864-b66a-d6e2a5789e5c: shutdown FollowerState
2019-10-16 18:01:40,848 [grpc-default-executor-3] INFO  impl.RoleInfo (RoleInfo.java:updateAndGet(143)) - f4c54511-b161-4347-aec5-5236dc80a0d8: start FollowerState
2019-10-16 18:01:40,848 [Thread-3049] INFO  impl.FollowerState (FollowerState.java:run(117)) - f4c54511-b161-4347-aec5-5236dc80a0d8@group-EFD1D20A002C-FollowerState was interrupted: java.lang.InterruptedException: sleep interrupted
2019-10-16 18:01:40,848 [grpc-default-executor-2] INFO  impl.RoleInfo (RoleInfo.java:updateAndGet(143)) - 907b9765-214b-4864-b66a-d6e2a5789e5c: start FollowerState
2019-10-16 18:01:40,848 [Thread-3050] INFO  impl.FollowerState (FollowerState.java:run(117)) - 907b9765-214b-4864-b66a-d6e2a5789e5c@group-EFD1D20A002C-FollowerState was interrupted: java.lang.InterruptedException: sleep interrupted
2019-10-16 18:01:40,872 [bf55b3f9-6b09-4365-9d71-55289e083fa5@group-EFD1D20A002C-LeaderElection428] INFO  impl.LeaderElection (LeaderElection.java:logAndReturn(56)) - bf55b3f9-6b09-4365-9d71-55289e083fa5@group-EFD1D20A002C-LeaderElection428: Election REJECTED; received 2 response(s) [bf55b3f9-6b09-4365-9d71-55289e083fa5<-f4c54511-b161-4347-aec5-5236dc80a0d8#0:FAIL-t504, bf55b3f9-6b09-4365-9d71-55289e083fa5<-907b9765-214b-4864-b66a-d6e2a5789e5c#0:FAIL-t504] and 0 exception(s); bf55b3f9-6b09-4365-9d71-55289e083fa5@group-EFD1D20A002C:t504, leader=null, voted=bf55b3f9-6b09-4365-9d71-55289e083fa5, raftlog=bf55b3f9-6b09-4365-9d71-55289e083fa5@group-EFD1D20A002C-SegmentedRaftLog:OPENED:c-1,f-1,i0, conf=-1: [f4c54511-b161-4347-aec5-5236dc80a0d8:0.0.0.0:41238, 907b9765-214b-4864-b66a-d6e2a5789e5c:0.0.0.0:41650, bf55b3f9-6b09-4365-9d71-55289e083fa5:0.0.0.0:42441], old=null
2019-10-16 18:01:40,872 [bf55b3f9-6b09-4365-9d71-55289e083fa5@group-EFD1D20A002C-LeaderElection428] INFO  impl.RaftServerImpl (RaftServerImpl.java:setRole(184)) - bf55b3f9-6b09-4365-9d71-55289e083fa5@group-EFD1D20A002C: changes role from CANDIDATE to FOLLOWER at term 504 for DISCOVERED_A_NEW_TERM
2019-10-16 18:01:40,872 [bf55b3f9-6b09-4365-9d71-55289e083fa5@group-EFD1D20A002C-LeaderElection428] INFO  impl.RoleInfo (RoleInfo.java:shutdownLeaderElection(134)) - bf55b3f9-6b09-4365-9d71-55289e083fa5: shutdown LeaderElection
2019-10-16 18:01:40,872 [bf55b3f9-6b09-4365-9d71-55289e083fa5@group-EFD1D20A002C-LeaderElection428] INFO  impl.RoleInfo (RoleInfo.java:updateAndGet(143)) - bf55b3f9-6b09-4365-9d71-55289e083fa5: start FollowerState
2019-10-16 18:01:41,021 [Thread-3057] INFO  impl.FollowerState (FollowerState.java:run(108)) - bf55b3f9-6b09-4365-9d71-55289e083fa5@group-EFD1D20A002C-FollowerState: change to CANDIDATE, lastRpcTime:149ms, electionTimeout:149ms
2019-10-16 18:01:41,022 [Thread-3057] INFO  impl.RoleInfo (RoleInfo.java:shutdownFollowerState(121)) - bf55b3f9-6b09-4365-9d71-55289e083fa5: shutdown FollowerState
2019-10-16 18:01:41,022 [Thread-3057] INFO  impl.RaftServerImpl (RaftServerImpl.java:setRole(184)) - bf55b3f9-6b09-4365-9d71-55289e083fa5@group-EFD1D20A002C: changes role from  FOLLOWER to CANDIDATE at term 504 for changeToCandidate
2019-10-16 18:01:41,022 [Thread-3057] INFO  impl.RoleInfo (RoleInfo.java:updateAndGet(143)) - bf55b3f9-6b09-4365-9d71-55289e083fa5: start LeaderElection
2019-10-16 18:01:41,048 [bf55b3f9-6b09-4365-9d71-55289e083fa5@group-EFD1D20A002C-LeaderElection429] INFO  impl.LeaderElection (LeaderElection.java:askForVotes(178)) - bf55b3f9-6b09-4365-9d71-55289e083fa5@group-EFD1D20A002C-LeaderElection429: begin an election at term 505 for -1: [f4c54511-b161-4347-aec5-5236dc80a0d8:0.0.0.0:41238, 907b9765-214b-4864-b66a-d6e2a5789e5c:0.0.0.0:41650, bf55b3f9-6b09-4365-9d71-55289e083fa5:0.0.0.0:42441], old=null
2019-10-16 18:01:41,050 [grpc-default-executor-3] INFO  impl.RaftServerImpl (RaftServerImpl.java:setRole(184)) - f4c54511-b161-4347-aec5-5236dc80a0d8@group-EFD1D20A002C: changes role from  FOLLOWER to FOLLOWER at term 505 for recognizeCandidate:bf55b3f9-6b09-4365-9d71-55289e083fa5
2019-10-16 18:01:41,050 [grpc-default-executor-3] INFO  impl.RoleInfo (RoleInfo.java:shutdownFollowerState(121)) - f4c54511-b161-4347-aec5-5236dc80a0d8: shutdown FollowerState
2019-10-16 18:01:41,050 [grpc-default-executor-3] INFO  impl.RoleInfo (RoleInfo.java:updateAndGet(143)) - f4c54511-b161-4347-aec5-5236dc80a0d8: start FollowerState
2019-10-16 18:01:41,050 [grpc-default-executor-2] INFO  impl.RaftServerImpl (RaftServerImpl.java:setRole(184)) - 907b9765-214b-4864-b66a-d6e2a5789e5c@group-EFD1D20A002C: changes role from  FOLLOWER to FOLLOWER at term 505 for recognizeCandidate:bf55b3f9-6b09-4365-9d71-55289e083fa5
2019-10-16 18:01:41,050 [grpc-default-executor-2] INFO  impl.RoleInfo (RoleInfo.java:shutdownFollowerState(121)) - 907b9765-214b-4864-b66a-d6e2a5789e5c: shutdown FollowerState
2019-10-16 18:01:41,050 [Thread-3055] INFO  impl.FollowerState (FollowerState.java:run(117)) - f4c54511-b161-4347-aec5-5236dc80a0d8@group-EFD1D20A002C-FollowerState was interrupted: java.lang.InterruptedException: sleep interrupted
2019-10-16 18:01:41,050 [grpc-default-executor-2] INFO  impl.RoleInfo (RoleInfo.java:updateAndGet(143)) - 907b9765-214b-4864-b66a-d6e2a5789e5c: start FollowerState
2019-10-16 18:01:41,051 [Thread-3056] INFO  impl.FollowerState (FollowerState.java:run(117)) - 907b9765-214b-4864-b66a-d6e2a5789e5c@group-EFD1D20A002C-FollowerState was interrupted: java.lang.InterruptedException: sleep interrupted
2019-10-16 18:01:41,075 [bf55b3f9-6b09-4365-9d71-55289e083fa5@group-EFD1D20A002C-LeaderElection429] INFO  impl.LeaderElection (LeaderElection.java:logAndReturn(56)) - bf55b3f9-6b09-4365-9d71-55289e083fa5@group-EFD1D20A002C-LeaderElection429: Election REJECTED; received 2 response(s) [bf55b3f9-6b09-4365-9d71-55289e083fa5<-f4c54511-b161-4347-aec5-5236dc80a0d8#0:FAIL-t505, bf55b3f9-6b09-4365-9d71-55289e083fa5<-907b9765-214b-4864-b66a-d6e2a5789e5c#0:FAIL-t505] and 0 exception(s); bf55b3f9-6b09-4365-9d71-55289e083fa5@group-EFD1D20A002C:t505, leader=null, voted=bf55b3f9-6b09-4365-9d71-55289e083fa5, raftlog=bf55b3f9-6b09-4365-9d71-55289e083fa5@group-EFD1D20A002C-SegmentedRaftLog:OPENED:c-1,f-1,i0, conf=-1: [f4c54511-b161-4347-aec5-5236dc80a0d8:0.0.0.0:41238, 907b9765-214b-4864-b66a-d6e2a5789e5c:0.0.0.0:41650, bf55b3f9-6b09-4365-9d71-55289e083fa5:0.0.0.0:42441], old=null
2019-10-16 18:01:41,075 [bf55b3f9-6b09-4365-9d71-55289e083fa5@group-EFD1D20A002C-LeaderElection429] INFO  impl.RaftServerImpl (RaftServerImpl.java:setRole(184)) - bf55b3f9-6b09-4365-9d71-55289e083fa5@group-EFD1D20A002C: changes role from CANDIDATE to FOLLOWER at term 505 for DISCOVERED_A_NEW_TERM
2019-10-16 18:01:41,075 [bf55b3f9-6b09-4365-9d71-55289e083fa5@group-EFD1D20A002C-LeaderElection429] INFO  impl.RoleInfo (RoleInfo.java:shutdownLeaderElection(134)) - bf55b3f9-6b09-4365-9d71-55289e083fa5: shutdown LeaderElection
2019-10-16 18:01:41,075 [bf55b3f9-6b09-4365-9d71-55289e083fa5@group-EFD1D20A002C-LeaderElection429] INFO  impl.RoleInfo (RoleInfo.java:updateAndGet(143)) - bf55b3f9-6b09-4365-9d71-55289e083fa5: start FollowerState
2019-10-16 18:01:41,166 [Thread-3063] INFO  impl.FollowerState (FollowerState.java:run(108)) - bf55b3f9-6b09-4365-9d71-55289e083fa5@group-EFD1D20A002C-FollowerState: change to CANDIDATE, lastRpcTime:91ms, electionTimeout:91ms
2019-10-16 18:01:41,167 [Thread-3063] INFO  impl.RoleInfo (RoleInfo.java:shutdownFollowerState(121)) - bf55b3f9-6b09-4365-9d71-55289e083fa5: shutdown FollowerState
2019-10-16 18:01:41,167 [Thread-3063] INFO  impl.RaftServerImpl (RaftServerImpl.java:setRole(184)) - bf55b3f9-6b09-4365-9d71-55289e083fa5@group-EFD1D20A002C: changes role from  FOLLOWER to CANDIDATE at term 505 for changeToCandidate
2019-10-16 18:01:41,167 [Thread-3063] INFO  impl.RoleInfo (RoleInfo.java:updateAndGet(143)) - bf55b3f9-6b09-4365-9d71-55289e083fa5: start LeaderElection
2019-10-16 18:01:41,192 [bf55b3f9-6b09-4365-9d71-55289e083fa5@group-EFD1D20A002C-LeaderElection430] INFO  impl.LeaderElection (LeaderElection.java:askForVotes(178)) - bf55b3f9-6b09-4365-9d71-55289e083fa5@group-EFD1D20A002C-LeaderElection430: begin an election at term 506 for -1: [f4c54511-b161-4347-aec5-5236dc80a0d8:0.0.0.0:41238, 907b9765-214b-4864-b66a-d6e2a5789e5c:0.0.0.0:41650, bf55b3f9-6b09-4365-9d71-55289e083fa5:0.0.0.0:42441], old=null
2019-10-16 18:01:41,194 [grpc-default-executor-2] INFO  impl.RaftServerImpl (RaftServerImpl.java:setRole(184)) - f4c54511-b161-4347-aec5-5236dc80a0d8@group-EFD1D20A002C: changes role from  FOLLOWER to FOLLOWER at term 506 for recognizeCandidate:bf55b3f9-6b09-4365-9d71-55289e083fa5
2019-10-16 18:01:41,194 [grpc-default-executor-2] INFO  impl.RoleInfo (RoleInfo.java:shutdownFollowerState(121)) - f4c54511-b161-4347-aec5-5236dc80a0d8: shutdown FollowerState
2019-10-16 18:01:41,194 [grpc-default-executor-3] INFO  impl.RaftServerImpl (RaftServerImpl.java:setRole(184)) - 907b9765-214b-4864-b66a-d6e2a5789e5c@group-EFD1D20A002C: changes role from  FOLLOWER to FOLLOWER at term 506 for recognizeCandidate:bf55b3f9-6b09-4365-9d71-55289e083fa5
2019-10-16 18:01:41,194 [grpc-default-executor-3] INFO  impl.RoleInfo (RoleInfo.java:shutdownFollowerState(121)) - 907b9765-214b-4864-b66a-d6e2a5789e5c: shutdown FollowerState
2019-10-16 18:01:41,194 [grpc-default-executor-2] INFO  impl.RoleInfo (RoleInfo.java:updateAndGet(143)) - f4c54511-b161-4347-aec5-5236dc80a0d8: start FollowerState
2019-10-16 18:01:41,194 [Thread-3061] INFO  impl.FollowerState (FollowerState.java:run(117)) - f4c54511-b161-4347-aec5-5236dc80a0d8@group-EFD1D20A002C-FollowerState was interrupted: java.lang.InterruptedException: sleep interrupted
2019-10-16 18:01:41,194 [Thread-3062] INFO  impl.FollowerState (FollowerState.java:run(117)) - 907b9765-214b-4864-b66a-d6e2a5789e5c@group-EFD1D20A002C-FollowerState was interrupted: java.lang.InterruptedException: sleep interrupted
2019-10-16 18:01:41,194 [grpc-default-executor-3] INFO  impl.RoleInfo (RoleInfo.java:updateAndGet(143)) - 907b9765-214b-4864-b66a-d6e2a5789e5c: start FollowerState
2019-10-16 18:01:41,218 [bf55b3f9-6b09-4365-9d71-55289e083fa5@group-EFD1D20A002C-LeaderElection430] INFO  impl.LeaderElection (LeaderElection.java:logAndReturn(56)) - bf55b3f9-6b09-4365-9d71-55289e083fa5@group-EFD1D20A002C-LeaderElection430: Election REJECTED; received 2 response(s) [bf55b3f9-6b09-4365-9d71-55289e083fa5<-f4c54511-b161-4347-aec5-5236dc80a0d8#0:FAIL-t506, bf55b3f9-6b09-4365-9d71-55289e083fa5<-907b9765-214b-4864-b66a-d6e2a5789e5c#0:FAIL-t506] and 0 exception(s); bf55b3f9-6b09-4365-9d71-55289e083fa5@group-EFD1D20A002C:t506, leader=null, voted=bf55b3f9-6b09-4365-9d71-55289e083fa5, raftlog=bf55b3f9-6b09-4365-9d71-55289e083fa5@group-EFD1D20A002C-SegmentedRaftLog:OPENED:c-1,f-1,i0, conf=-1: [f4c54511-b161-4347-aec5-5236dc80a0d8:0.0.0.0:41238, 907b9765-214b-4864-b66a-d6e2a5789e5c:0.0.0.0:41650, bf55b3f9-6b09-4365-9d71-55289e083fa5:0.0.0.0:42441], old=null
2019-10-16 18:01:41,218 [bf55b3f9-6b09-4365-9d71-55289e083fa5@group-EFD1D20A002C-LeaderElection430] INFO  impl.RaftServerImpl (RaftServerImpl.java:setRole(184)) - bf55b3f9-6b09-4365-9d71-55289e083fa5@group-EFD1D20A002C: changes role from CANDIDATE to FOLLOWER at term 506 for DISCOVERED_A_NEW_TERM
2019-10-16 18:01:41,218 [bf55b3f9-6b09-4365-9d71-55289e083fa5@group-EFD1D20A002C-LeaderElection430] INFO  impl.RoleInfo (RoleInfo.java:shutdownLeaderElection(134)) - bf55b3f9-6b09-4365-9d71-55289e083fa5: shutdown LeaderElection
2019-10-16 18:01:41,218 [bf55b3f9-6b09-4365-9d71-55289e083fa5@group-EFD1D20A002C-LeaderElection430] INFO  impl.RoleInfo (RoleInfo.java:updateAndGet(143)) - bf55b3f9-6b09-4365-9d71-55289e083fa5: start FollowerState
2019-10-16 18:01:41,262 [Thread-3069] INFO  impl.FollowerState (FollowerState.java:run(108)) - bf55b3f9-6b09-4365-9d71-55289e083fa5@group-EFD1D20A002C-FollowerState: change to CANDIDATE, lastRpcTime:43ms, electionTimeout:43ms
2019-10-16 18:01:41,262 [Thread-3069] INFO  impl.RoleInfo (RoleInfo.java:shutdownFollowerState(121)) - bf55b3f9-6b09-4365-9d71-55289e083fa5: shutdown FollowerState
2019-10-16 18:01:41,262 [Thread-3069] INFO  impl.RaftServerImpl (RaftServerImpl.java:setRole(184)) - bf55b3f9-6b09-4365-9d71-55289e083fa5@group-EFD1D20A002C: changes role from  FOLLOWER to CANDIDATE at term 506 for changeToCandidate
2019-10-16 18:01:41,262 [Thread-3069] INFO  impl.RoleInfo (RoleInfo.java:updateAndGet(143)) - bf55b3f9-6b09-4365-9d71-55289e083fa5: start LeaderElection
2019-10-16 18:01:42,206 [bf55b3f9-6b09-4365-9d71-55289e083fa5@group-EFD1D20A002C-LeaderElection431] INFO  impl.LeaderElection (LeaderElection.java:askForVotes(178)) - bf55b3f9-6b09-4365-9d71-55289e083fa5@group-EFD1D20A002C-LeaderElection431: begin an election at term 507 for -1: [f4c54511-b161-4347-aec5-5236dc80a0d8:0.0.0.0:41238, 907b9765-214b-4864-b66a-d6e2a5789e5c:0.0.0.0:41650, bf55b3f9-6b09-4365-9d71-55289e083fa5:0.0.0.0:42441], old=null
2019-10-16 18:01:42,209 [grpc-default-executor-3] INFO  impl.RaftServerImpl (RaftServerImpl.java:setRole(184)) - f4c54511-b161-4347-aec5-5236dc80a0d8@group-EFD1D20A002C: changes role from  FOLLOWER to FOLLOWER at term 507 for recognizeCandidate:bf55b3f9-6b09-4365-9d71-55289e083fa5
2019-10-16 18:01:42,210 [grpc-default-executor-3] INFO  impl.RoleInfo (RoleInfo.java:shutdownFollowerState(121)) - f4c54511-b161-4347-aec5-5236dc80a0d8: shutdown FollowerState
2019-10-16 18:01:42,210 [grpc-default-executor-2] INFO  impl.RaftServerImpl (RaftServerImpl.java:setRole(184)) - 907b9765-214b-4864-b66a-d6e2a5789e5c@group-EFD1D20A002C: changes role from  FOLLOWER to FOLLOWER at term 507 for recognizeCandidate:bf55b3f9-6b09-4365-9d71-55289e083fa5
2019-10-16 18:01:42,210 [Thread-3067] INFO  impl.FollowerState (FollowerState.java:run(117)) - f4c54511-b161-4347-aec5-5236dc80a0d8@group-EFD1D20A002C-FollowerState was interrupted: java.lang.InterruptedException: sleep interrupted
2019-10-16 18:01:42,210 [grpc-default-executor-3] INFO  impl.RoleInfo (RoleInfo.java:updateAndGet(143)) - f4c54511-b161-4347-aec5-5236dc80a0d8: start FollowerState
2019-10-16 18:01:42,210 [grpc-default-executor-2] INFO  impl.RoleInfo (RoleInfo.java:shutdownFollowerState(121)) - 907b9765-214b-4864-b66a-d6e2a5789e5c: shutdown FollowerState
2019-10-16 18:01:42,210 [grpc-default-executor-2] INFO  impl.RoleInfo (RoleInfo.java:updateAndGet(143)) - 907b9765-214b-4864-b66a-d6e2a5789e5c: start FollowerState
2019-10-16 18:01:42,211 [Thread-3068] INFO  impl.FollowerState (FollowerState.java:run(117)) - 907b9765-214b-4864-b66a-d6e2a5789e5c@group-EFD1D20A002C-FollowerState was interrupted: java.lang.InterruptedException: sleep interrupted
2019-10-16 18:01:42,240 [bf55b3f9-6b09-4365-9d71-55289e083fa5@group-EFD1D20A002C-LeaderElection431] INFO  impl.LeaderElection (LeaderElection.java:logAndReturn(56)) - bf55b3f9-6b09-4365-9d71-55289e083fa5@group-EFD1D20A002C-LeaderElection431: Election REJECTED; received 2 response(s) [bf55b3f9-6b09-4365-9d71-55289e083fa5<-f4c54511-b161-4347-aec5-5236dc80a0d8#0:FAIL-t507, bf55b3f9-6b09-4365-9d71-55289e083fa5<-907b9765-214b-4864-b66a-d6e2a5789e5c#0:FAIL-t507] and 0 exception(s); bf55b3f9-6b09-4365-9d71-55289e083fa5@group-EFD1D20A002C:t507, leader=null, voted=bf55b3f9-6b09-4365-9d71-55289e083fa5, raftlog=bf55b3f9-6b09-4365-9d71-55289e083fa5@group-EFD1D20A002C-SegmentedRaftLog:OPENED:c-1,f-1,i0, conf=-1: [f4c54511-b161-4347-aec5-5236dc80a0d8:0.0.0.0:41238, 907b9765-214b-4864-b66a-d6e2a5789e5c:0.0.0.0:41650, bf55b3f9-6b09-4365-9d71-55289e083fa5:0.0.0.0:42441], old=null
2019-10-16 18:01:42,240 [bf55b3f9-6b09-4365-9d71-55289e083fa5@group-EFD1D20A002C-LeaderElection431] INFO  impl.RaftServerImpl (RaftServerImpl.java:setRole(184)) - bf55b3f9-6b09-4365-9d71-55289e083fa5@group-EFD1D20A002C: changes role from CANDIDATE to FOLLOWER at term 507 for DISCOVERED_A_NEW_TERM
2019-10-16 18:01:42,240 [bf55b3f9-6b09-4365-9d71-55289e083fa5@group-EFD1D20A002C-LeaderElection431] INFO  impl.RoleInfo (RoleInfo.java:shutdownLeaderElection(134)) - bf55b3f9-6b09-4365-9d71-55289e083fa5: shutdown LeaderElection
2019-10-16 18:01:42,240 [bf55b3f9-6b09-4365-9d71-55289e083fa5@group-EFD1D20A002C-LeaderElection431] INFO  impl.RoleInfo (RoleInfo.java:updateAndGet(143)) - bf55b3f9-6b09-4365-9d71-55289e083fa5: start FollowerState
2019-10-16 18:01:42,289 [Thread-3079] INFO  impl.FollowerState (FollowerState.java:run(108)) - bf55b3f9-6b09-4365-9d71-55289e083fa5@group-EFD1D20A002C-FollowerState: change to CANDIDATE, lastRpcTime:49ms, electionTimeout:49ms
2019-10-16 18:01:42,290 [Thread-3079] INFO  impl.RoleInfo (RoleInfo.java:shutdownFollowerState(121)) - bf55b3f9-6b09-4365-9d71-55289e083fa5: shutdown FollowerState
2019-10-16 18:01:42,290 [Thread-3079] INFO  impl.RaftServerImpl (RaftServerImpl.java:setRole(184)) - bf55b3f9-6b09-4365-9d71-55289e083fa5@group-EFD1D20A002C: changes role from  FOLLOWER to CANDIDATE at term 507 for changeToCandidate
2019-10-16 18:01:42,290 [Thread-3079] INFO  impl.RoleInfo (RoleInfo.java:updateAndGet(143)) - bf55b3f9-6b09-4365-9d71-55289e083fa5: start LeaderElection
2019-10-16 18:01:42,307 [bf55b3f9-6b09-4365-9d71-55289e083fa5@group-EFD1D20A002C-LeaderElection432] INFO  impl.LeaderElection (LeaderElection.java:askForVotes(178)) - bf55b3f9-6b09-4365-9d71-55289e083fa5@group-EFD1D20A002C-LeaderElection432: begin an election at term 508 for -1: [f4c54511-b161-4347-aec5-5236dc80a0d8:0.0.0.0:41238, 907b9765-214b-4864-b66a-d6e2a5789e5c:0.0.0.0:41650, bf55b3f9-6b09-4365-9d71-55289e083fa5:0.0.0.0:42441], old=null
2019-10-16 18:01:42,308 [grpc-default-executor-3] INFO  impl.RaftServerImpl (RaftServerImpl.java:setRole(184)) - f4c54511-b161-4347-aec5-5236dc80a0d8@group-EFD1D20A002C: changes role from  FOLLOWER to FOLLOWER at term 508 for recognizeCandidate:bf55b3f9-6b09-4365-9d71-55289e083fa5
2019-10-16 18:01:42,308 [grpc-default-executor-3] INFO  impl.RoleInfo (RoleInfo.java:shutdownFollowerState(121)) - f4c54511-b161-4347-aec5-5236dc80a0d8: shutdown FollowerState
2019-10-16 18:01:42,308 [grpc-default-executor-2] INFO  impl.RaftServerImpl (RaftServerImpl.java:setRole(184)) - 907b9765-214b-4864-b66a-d6e2a5789e5c@group-EFD1D20A002C: changes role from  FOLLOWER to FOLLOWER at term 508 for recognizeCandidate:bf55b3f9-6b09-4365-9d71-55289e083fa5
2019-10-16 18:01:42,309 [grpc-default-executor-2] INFO  impl.RoleInfo (RoleInfo.java:shutdownFollowerState(121)) - 907b9765-214b-4864-b66a-d6e2a5789e5c: shutdown FollowerState
2019-10-16 18:01:42,308 [Thread-3075] INFO  impl.FollowerState (FollowerState.java:run(117)) - f4c54511-b161-4347-aec5-5236dc80a0d8@group-EFD1D20A002C-FollowerState was interrupted: java.lang.InterruptedException: sleep interrupted
2019-10-16 18:01:42,308 [grpc-default-executor-3] INFO  impl.RoleInfo (RoleInfo.java:updateAndGet(143)) - f4c54511-b161-4347-aec5-5236dc80a0d8: start FollowerState
2019-10-16 18:01:42,309 [Thread-3076] INFO  impl.FollowerState (FollowerState.java:run(117)) - 907b9765-214b-4864-b66a-d6e2a5789e5c@group-EFD1D20A002C-FollowerState was interrupted: java.lang.InterruptedException: sleep interrupted
2019-10-16 18:01:42,309 [grpc-default-executor-2] INFO  impl.RoleInfo (RoleInfo.java:updateAndGet(143)) - 907b9765-214b-4864-b66a-d6e2a5789e5c: start FollowerState
2019-10-16 18:01:42,332 [bf55b3f9-6b09-4365-9d71-55289e083fa5@group-EFD1D20A002C-LeaderElection432] INFO  impl.LeaderElection (LeaderElection.java:logAndReturn(56)) - bf55b3f9-6b09-4365-9d71-55289e083fa5@group-EFD1D20A002C-LeaderElection432: Election REJECTED; received 2 response(s) [bf55b3f9-6b09-4365-9d71-55289e083fa5<-f4c54511-b161-4347-aec5-5236dc80a0d8#0:FAIL-t508, bf55b3f9-6b09-4365-9d71-55289e083fa5<-907b9765-214b-4864-b66a-d6e2a5789e5c#0:FAIL-t508] and 0 exception(s); bf55b3f9-6b09-4365-9d71-55289e083fa5@group-EFD1D20A002C:t508, leader=null, voted=bf55b3f9-6b09-4365-9d71-55289e083fa5, raftlog=bf55b3f9-6b09-4365-9d71-55289e083fa5@group-EFD1D20A002C-SegmentedRaftLog:OPENED:c-1,f-1,i0, conf=-1: [f4c54511-b161-4347-aec5-5236dc80a0d8:0.0.0.0:41238, 907b9765-214b-4864-b66a-d6e2a5789e5c:0.0.0.0:41650, bf55b3f9-6b09-4365-9d71-55289e083fa5:0.0.0.0:42441], old=null
2019-10-16 18:01:42,333 [bf55b3f9-6b09-4365-9d71-55289e083fa5@group-EFD1D20A002C-LeaderElection432] INFO  impl.RaftServerImpl (RaftServerImpl.java:setRole(184)) - bf55b3f9-6b09-4365-9d71-55289e083fa5@group-EFD1D20A002C: changes role from CANDIDATE to FOLLOWER at term 508 for DISCOVERED_A_NEW_TERM
2019-10-16 18:01:42,333 [bf55b3f9-6b09-4365-9d71-55289e083fa5@group-EFD1D20A002C-LeaderElection432] INFO  impl.RoleInfo (RoleInfo.java:shutdownLeaderElection(134)) - bf55b3f9-6b09-4365-9d71-55289e083fa5: shutdown LeaderElection
2019-10-16 18:01:42,333 [bf55b3f9-6b09-4365-9d71-55289e083fa5@group-EFD1D20A002C-LeaderElection432] INFO  impl.RoleInfo (RoleInfo.java:updateAndGet(143)) - bf55b3f9-6b09-4365-9d71-55289e083fa5: start FollowerState
2019-10-16 18:01:42,450 [Thread-3085] INFO  impl.FollowerState (FollowerState.java:run(108)) - bf55b3f9-6b09-4365-9d71-55289e083fa5@group-EFD1D20A002C-FollowerState: change to CANDIDATE, lastRpcTime:117ms, electionTimeout:117ms
2019-10-16 18:01:42,450 [Thread-3085] INFO  impl.RoleInfo (RoleInfo.java:shutdownFollowerState(121)) - bf55b3f9-6b09-4365-9d71-55289e083fa5: shutdown FollowerState
2019-10-16 18:01:42,450 [Thread-3085] INFO  impl.RaftServerImpl (RaftServerImpl.java:setRole(184)) - bf55b3f9-6b09-4365-9d71-55289e083fa5@group-EFD1D20A002C: changes role from  FOLLOWER to CANDIDATE at term 508 for changeToCandidate
2019-10-16 18:01:42,451 [Thread-3085] INFO  impl.RoleInfo (RoleInfo.java:updateAndGet(143)) - bf55b3f9-6b09-4365-9d71-55289e083fa5: start LeaderElection
2019-10-16 18:01:42,466 [bf55b3f9-6b09-4365-9d71-55289e083fa5@group-EFD1D20A002C-LeaderElection433] INFO  impl.LeaderElection (LeaderElection.java:askForVotes(178)) - bf55b3f9-6b09-4365-9d71-55289e083fa5@group-EFD1D20A002C-LeaderElection433: begin an election at term 509 for -1: [f4c54511-b161-4347-aec5-5236dc80a0d8:0.0.0.0:41238, 907b9765-214b-4864-b66a-d6e2a5789e5c:0.0.0.0:41650, bf55b3f9-6b09-4365-9d71-55289e083fa5:0.0.0.0:42441], old=null
2019-10-16 18:01:42,468 [grpc-default-executor-2] INFO  impl.RaftServerImpl (RaftServerImpl.java:setRole(184)) - 907b9765-214b-4864-b66a-d6e2a5789e5c@group-EFD1D20A002C: changes role from  FOLLOWER to FOLLOWER at term 509 for recognizeCandidate:bf55b3f9-6b09-4365-9d71-55289e083fa5
2019-10-16 18:01:42,468 [grpc-default-executor-2] INFO  impl.RoleInfo (RoleInfo.java:shutdownFollowerState(121)) - 907b9765-214b-4864-b66a-d6e2a5789e5c: shutdown FollowerState
2019-10-16 18:01:42,469 [grpc-default-executor-3] INFO  impl.RaftServerImpl (RaftServerImpl.java:setRole(184)) - f4c54511-b161-4347-aec5-5236dc80a0d8@group-EFD1D20A002C: changes role from  FOLLOWER to FOLLOWER at term 509 for recognizeCandidate:bf55b3f9-6b09-4365-9d71-55289e083fa5
2019-10-16 18:01:42,469 [grpc-default-executor-3] INFO  impl.RoleInfo (RoleInfo.java:shutdownFollowerState(121)) - f4c54511-b161-4347-aec5-5236dc80a0d8: shutdown FollowerState
2019-10-16 18:01:42,469 [Thread-3084] INFO  impl.FollowerState (FollowerState.java:run(117)) - 907b9765-214b-4864-b66a-d6e2a5789e5c@group-EFD1D20A002C-FollowerState was interrupted: java.lang.InterruptedException: sleep interrupted
2019-10-16 18:01:42,469 [Thread-3083] INFO  impl.FollowerState (FollowerState.java:run(117)) - f4c54511-b161-4347-aec5-5236dc80a0d8@group-EFD1D20A002C-FollowerState was interrupted: java.lang.InterruptedException: sleep interrupted
2019-10-16 18:01:42,469 [grpc-default-executor-2] INFO  impl.RoleInfo (RoleInfo.java:updateAndGet(143)) - 907b9765-214b-4864-b66a-d6e2a5789e5c: start FollowerState
2019-10-16 18:01:42,469 [grpc-default-executor-3] INFO  impl.RoleInfo (RoleInfo.java:updateAndGet(143)) - f4c54511-b161-4347-aec5-5236dc80a0d8: start FollowerState
2019-10-16 18:01:42,501 [bf55b3f9-6b09-4365-9d71-55289e083fa5@group-EFD1D20A002C-LeaderElection433] INFO  impl.LeaderElection (LeaderElection.java:logAndReturn(56)) - bf55b3f9-6b09-4365-9d71-55289e083fa5@group-EFD1D20A002C-LeaderElection433: Election REJECTED; received 2 response(s) [bf55b3f9-6b09-4365-9d71-55289e083fa5<-f4c54511-b161-4347-aec5-5236dc80a0d8#0:FAIL-t509, bf55b3f9-6b09-4365-9d71-55289e083fa5<-907b9765-214b-4864-b66a-d6e2a5789e5c#0:FAIL-t509] and 0 exception(s); bf55b3f9-6b09-4365-9d71-55289e083fa5@group-EFD1D20A002C:t509, leader=null, voted=bf55b3f9-6b09-4365-9d71-55289e083fa5, raftlog=bf55b3f9-6b09-4365-9d71-55289e083fa5@group-EFD1D20A002C-SegmentedRaftLog:OPENED:c-1,f-1,i0, conf=-1: [f4c54511-b161-4347-aec5-5236dc80a0d8:0.0.0.0:41238, 907b9765-214b-4864-b66a-d6e2a5789e5c:0.0.0.0:41650, bf55b3f9-6b09-4365-9d71-55289e083fa5:0.0.0.0:42441], old=null
2019-10-16 18:01:42,501 [bf55b3f9-6b09-4365-9d71-55289e083fa5@group-EFD1D20A002C-LeaderElection433] INFO  impl.RaftServerImpl (RaftServerImpl.java:setRole(184)) - bf55b3f9-6b09-4365-9d71-55289e083fa5@group-EFD1D20A002C: changes role from CANDIDATE to FOLLOWER at term 509 for DISCOVERED_A_NEW_TERM
2019-10-16 18:01:42,501 [bf55b3f9-6b09-4365-9d71-55289e083fa5@group-EFD1D20A002C-LeaderElection433] INFO  impl.RoleInfo (RoleInfo.java:shutdownLeaderElection(134)) - bf55b3f9-6b09-4365-9d71-55289e083fa5: shutdown LeaderElection
2019-10-16 18:01:42,501 [bf55b3f9-6b09-4365-9d71-55289e083fa5@group-EFD1D20A002C-LeaderElection433] INFO  impl.RoleInfo (RoleInfo.java:updateAndGet(143)) - bf55b3f9-6b09-4365-9d71-55289e083fa5: start FollowerState
2019-10-16 18:01:42,655 [Thread-3091] INFO  impl.FollowerState (FollowerState.java:run(108)) - bf55b3f9-6b09-4365-9d71-55289e083fa5@group-EFD1D20A002C-FollowerState: change to CANDIDATE, lastRpcTime:153ms, electionTimeout:153ms
2019-10-16 18:01:42,655 [Thread-3091] INFO  impl.RoleInfo (RoleInfo.java:shutdownFollowerState(121)) - bf55b3f9-6b09-4365-9d71-55289e083fa5: shutdown FollowerState
2019-10-16 18:01:42,655 [Thread-3091] INFO  impl.RaftServerImpl (RaftServerImpl.java:setRole(184)) - bf55b3f9-6b09-4365-9d71-55289e083fa5@group-EFD1D20A002C: changes role from  FOLLOWER to CANDIDATE at term 509 for changeToCandidate
2019-10-16 18:01:42,655 [Thread-3091] INFO  impl.RoleInfo (RoleInfo.java:updateAndGet(143)) - bf55b3f9-6b09-4365-9d71-55289e083fa5: start LeaderElection
2019-10-16 18:01:42,693 [bf55b3f9-6b09-4365-9d71-55289e083fa5@group-EFD1D20A002C-LeaderElection434] INFO  impl.LeaderElection (LeaderElection.java:askForVotes(178)) - bf55b3f9-6b09-4365-9d71-55289e083fa5@group-EFD1D20A002C-LeaderElection434: begin an election at term 510 for -1: [f4c54511-b161-4347-aec5-5236dc80a0d8:0.0.0.0:41238, 907b9765-214b-4864-b66a-d6e2a5789e5c:0.0.0.0:41650, bf55b3f9-6b09-4365-9d71-55289e083fa5:0.0.0.0:42441], old=null
2019-10-16 18:01:42,695 [grpc-default-executor-3] INFO  impl.RaftServerImpl (RaftServerImpl.java:setRole(184)) - f4c54511-b161-4347-aec5-5236dc80a0d8@group-EFD1D20A002C: changes role from  FOLLOWER to FOLLOWER at term 510 for recognizeCandidate:bf55b3f9-6b09-4365-9d71-55289e083fa5
2019-10-16 18:01:42,695 [grpc-default-executor-2] INFO  impl.RaftServerImpl (RaftServerImpl.java:setRole(184)) - 907b9765-214b-4864-b66a-d6e2a5789e5c@group-EFD1D20A002C: changes role from  FOLLOWER to FOLLOWER at term 510 for recognizeCandidate:bf55b3f9-6b09-4365-9d71-55289e083fa5
2019-10-16 18:01:42,695 [grpc-default-executor-2] INFO  impl.RoleInfo (RoleInfo.java:shutdownFollowerState(121)) - 907b9765-214b-4864-b66a-d6e2a5789e5c: shutdown FollowerState
2019-10-16 18:01:42,695 [grpc-default-executor-3] INFO  impl.RoleInfo (RoleInfo.java:shutdownFollowerState(121)) - f4c54511-b161-4347-aec5-5236dc80a0d8: shutdown FollowerState
2019-10-16 18:01:42,696 [Thread-3089] INFO  impl.FollowerState (FollowerState.java:run(117)) - 907b9765-214b-4864-b66a-d6e2a5789e5c@group-EFD1D20A002C-FollowerState was interrupted: java.lang.InterruptedException: sleep interrupted
2019-10-16 18:01:42,696 [grpc-default-executor-2] INFO  impl.RoleInfo (RoleInfo.java:updateAndGet(143)) - 907b9765-214b-4864-b66a-d6e2a5789e5c: start FollowerState
2019-10-16 18:01:42,696 [Thread-3090] INFO  impl.FollowerState (FollowerState.java:run(117)) - f4c54511-b161-4347-aec5-5236dc80a0d8@group-EFD1D20A002C-FollowerState was interrupted: java.lang.InterruptedException: sleep interrupted
2019-10-16 18:01:42,696 [grpc-default-executor-3] INFO  impl.RoleInfo (RoleInfo.java:updateAndGet(143)) - f4c54511-b161-4347-aec5-5236dc80a0d8: start FollowerState
2019-10-16 18:01:42,719 [bf55b3f9-6b09-4365-9d71-55289e083fa5@group-EFD1D20A002C-LeaderElection434] INFO  impl.LeaderElection (LeaderElection.java:logAndReturn(56)) - bf55b3f9-6b09-4365-9d71-55289e083fa5@group-EFD1D20A002C-LeaderElection434: Election REJECTED; received 2 response(s) [bf55b3f9-6b09-4365-9d71-55289e083fa5<-f4c54511-b161-4347-aec5-5236dc80a0d8#0:FAIL-t510, bf55b3f9-6b09-4365-9d71-55289e083fa5<-907b9765-214b-4864-b66a-d6e2a5789e5c#0:FAIL-t510] and 0 exception(s); bf55b3f9-6b09-4365-9d71-55289e083fa5@group-EFD1D20A002C:t510, leader=null, voted=bf55b3f9-6b09-4365-9d71-55289e083fa5, raftlog=bf55b3f9-6b09-4365-9d71-55289e083fa5@group-EFD1D20A002C-SegmentedRaftLog:OPENED:c-1,f-1,i0, conf=-1: [f4c54511-b161-4347-aec5-5236dc80a0d8:0.0.0.0:41238, 907b9765-214b-4864-b66a-d6e2a5789e5c:0.0.0.0:41650, bf55b3f9-6b09-4365-9d71-55289e083fa5:0.0.0.0:42441], old=null
2019-10-16 18:01:42,719 [bf55b3f9-6b09-4365-9d71-55289e083fa5@group-EFD1D20A002C-LeaderElection434] INFO  impl.RaftServerImpl (RaftServerImpl.java:setRole(184)) - bf55b3f9-6b09-4365-9d71-55289e083fa5@group-EFD1D20A002C: changes role from CANDIDATE to FOLLOWER at term 510 for DISCOVERED_A_NEW_TERM
2019-10-16 18:01:42,719 [bf55b3f9-6b09-4365-9d71-55289e083fa5@group-EFD1D20A002C-LeaderElection434] INFO  impl.RoleInfo (RoleInfo.java:shutdownLeaderElection(134)) - bf55b3f9-6b09-4365-9d71-55289e083fa5: shutdown LeaderElection
2019-10-16 18:01:42,719 [bf55b3f9-6b09-4365-9d71-55289e083fa5@group-EFD1D20A002C-LeaderElection434] INFO  impl.RoleInfo (RoleInfo.java:updateAndGet(143)) - bf55b3f9-6b09-4365-9d71-55289e083fa5: start FollowerState
2019-10-16 18:01:42,783 [Thread-3097] INFO  impl.FollowerState (FollowerState.java:run(108)) - bf55b3f9-6b09-4365-9d71-55289e083fa5@group-EFD1D20A002C-FollowerState: change to CANDIDATE, lastRpcTime:63ms, electionTimeout:63ms
2019-10-16 18:01:42,783 [Thread-3097] INFO  impl.RoleInfo (RoleInfo.java:shutdownFollowerState(121)) - bf55b3f9-6b09-4365-9d71-55289e083fa5: shutdown FollowerState
2019-10-16 18:01:42,783 [Thread-3097] INFO  impl.RaftServerImpl (RaftServerImpl.java:setRole(184)) - bf55b3f9-6b09-4365-9d71-55289e083fa5@group-EFD1D20A002C: changes role from  FOLLOWER to CANDIDATE at term 510 for changeToCandidate
2019-10-16 18:01:42,783 [Thread-3097] INFO  impl.RoleInfo (RoleInfo.java:updateAndGet(143)) - bf55b3f9-6b09-4365-9d71-55289e083fa5: start LeaderElection
2019-10-16 18:01:42,802 [bf55b3f9-6b09-4365-9d71-55289e083fa5@group-EFD1D20A002C-LeaderElection435] INFO  impl.LeaderElection (LeaderElection.java:askForVotes(178)) - bf55b3f9-6b09-4365-9d71-55289e083fa5@group-EFD1D20A002C-LeaderElection435: begin an election at term 511 for -1: [f4c54511-b161-4347-aec5-5236dc80a0d8:0.0.0.0:41238, 907b9765-214b-4864-b66a-d6e2a5789e5c:0.0.0.0:41650, bf55b3f9-6b09-4365-9d71-55289e083fa5:0.0.0.0:42441], old=null
2019-10-16 18:01:42,803 [grpc-default-executor-2] INFO  impl.RaftServerImpl (RaftServerImpl.java:setRole(184)) - f4c54511-b161-4347-aec5-5236dc80a0d8@group-EFD1D20A002C: changes role from  FOLLOWER to FOLLOWER at term 511 for recognizeCandidate:bf55b3f9-6b09-4365-9d71-55289e083fa5
2019-10-16 18:01:42,804 [grpc-default-executor-2] INFO  impl.RoleInfo (RoleInfo.java:shutdownFollowerState(121)) - f4c54511-b161-4347-aec5-5236dc80a0d8: shutdown FollowerState
2019-10-16 18:01:42,804 [grpc-default-executor-2] INFO  impl.RoleInfo (RoleInfo.java:updateAndGet(143)) - f4c54511-b161-4347-aec5-5236dc80a0d8: start FollowerState
2019-10-16 18:01:42,804 [Thread-3096] INFO  impl.FollowerState (FollowerState.java:run(117)) - f4c54511-b161-4347-aec5-5236dc80a0d8@group-EFD1D20A002C-FollowerState was interrupted: java.lang.InterruptedException: sleep interrupted
2019-10-16 18:01:42,804 [grpc-default-executor-3] INFO  impl.RaftServerImpl (RaftServerImpl.java:setRole(184)) - 907b9765-214b-4864-b66a-d6e2a5789e5c@group-EFD1D20A002C: changes role from  FOLLOWER to FOLLOWER at term 511 for recognizeCandidate:bf55b3f9-6b09-4365-9d71-55289e083fa5
2019-10-16 18:01:42,804 [grpc-default-executor-3] INFO  impl.RoleInfo (RoleInfo.java:shutdownFollowerState(121)) - 907b9765-214b-4864-b66a-d6e2a5789e5c: shutdown FollowerState
2019-10-16 18:01:42,805 [grpc-default-executor-3] INFO  impl.RoleInfo (RoleInfo.java:updateAndGet(143)) - 907b9765-214b-4864-b66a-d6e2a5789e5c: start FollowerState
2019-10-16 18:01:42,805 [Thread-3095] INFO  impl.FollowerState (FollowerState.java:run(117)) - 907b9765-214b-4864-b66a-d6e2a5789e5c@group-EFD1D20A002C-FollowerState was interrupted: java.lang.InterruptedException: sleep interrupted
2019-10-16 18:01:42,816 [bf55b3f9-6b09-4365-9d71-55289e083fa5@group-EFD1D20A002C-LeaderElection435] INFO  impl.LeaderElection (LeaderElection.java:logAndReturn(56)) - bf55b3f9-6b09-4365-9d71-55289e083fa5@group-EFD1D20A002C-LeaderElection435: Election TIMEOUT; received 0 response(s) [] and 0 exception(s); bf55b3f9-6b09-4365-9d71-55289e083fa5@group-EFD1D20A002C:t511, leader=null, voted=bf55b3f9-6b09-4365-9d71-55289e083fa5, raftlog=bf55b3f9-6b09-4365-9d71-55289e083fa5@group-EFD1D20A002C-SegmentedRaftLog:OPENED:c-1,f-1,i0, conf=-1: [f4c54511-b161-4347-aec5-5236dc80a0d8:0.0.0.0:41238, 907b9765-214b-4864-b66a-d6e2a5789e5c:0.0.0.0:41650, bf55b3f9-6b09-4365-9d71-55289e083fa5:0.0.0.0:42441], old=null
2019-10-16 18:01:42,846 [bf55b3f9-6b09-4365-9d71-55289e083fa5@group-EFD1D20A002C-LeaderElection435] INFO  impl.LeaderElection (LeaderElection.java:askForVotes(178)) - bf55b3f9-6b09-4365-9d71-55289e083fa5@group-EFD1D20A002C-LeaderElection435: begin an election at term 512 for -1: [f4c54511-b161-4347-aec5-5236dc80a0d8:0.0.0.0:41238, 907b9765-214b-4864-b66a-d6e2a5789e5c:0.0.0.0:41650, bf55b3f9-6b09-4365-9d71-55289e083fa5:0.0.0.0:42441], old=null
2019-10-16 18:01:42,847 [grpc-default-executor-2] INFO  impl.RaftServerImpl (RaftServerImpl.java:setRole(184)) - f4c54511-b161-4347-aec5-5236dc80a0d8@group-EFD1D20A002C: changes role from  FOLLOWER to FOLLOWER at term 512 for recognizeCandidate:bf55b3f9-6b09-4365-9d71-55289e083fa5
2019-10-16 18:01:42,848 [grpc-default-executor-2] INFO  impl.RoleInfo (RoleInfo.java:shutdownFollowerState(121)) - f4c54511-b161-4347-aec5-5236dc80a0d8: shutdown FollowerState
2019-10-16 18:01:42,848 [grpc-default-executor-3] INFO  impl.RaftServerImpl (RaftServerImpl.java:setRole(184)) - 907b9765-214b-4864-b66a-d6e2a5789e5c@group-EFD1D20A002C: changes role from  FOLLOWER to FOLLOWER at term 512 for recognizeCandidate:bf55b3f9-6b09-4365-9d71-55289e083fa5
2019-10-16 18:01:42,848 [grpc-default-executor-3] INFO  impl.RoleInfo (RoleInfo.java:shutdownFollowerState(121)) - 907b9765-214b-4864-b66a-d6e2a5789e5c: shutdown FollowerState
2019-10-16 18:01:42,848 [Thread-3101] INFO  impl.FollowerState (FollowerState.java:run(117)) - f4c54511-b161-4347-aec5-5236dc80a0d8@group-EFD1D20A002C-FollowerState was interrupted: java.lang.InterruptedException: sleep interrupted
2019-10-16 18:01:42,848 [grpc-default-executor-2] INFO  impl.RoleInfo (RoleInfo.java:updateAndGet(143)) - f4c54511-b161-4347-aec5-5236dc80a0d8: start FollowerState
2019-10-16 18:01:42,848 [Thread-3102] INFO  impl.FollowerState (FollowerState.java:run(117)) - 907b9765-214b-4864-b66a-d6e2a5789e5c@group-EFD1D20A002C-FollowerState was interrupted: java.lang.InterruptedException: sleep interrupted
2019-10-16 18:01:42,848 [grpc-default-executor-3] INFO  impl.RoleInfo (RoleInfo.java:updateAndGet(143)) - 907b9765-214b-4864-b66a-d6e2a5789e5c: start FollowerState
2019-10-16 18:01:42,872 [bf55b3f9-6b09-4365-9d71-55289e083fa5@group-EFD1D20A002C-LeaderElection435] INFO  impl.LeaderElection (LeaderElection.java:logAndReturn(56)) - bf55b3f9-6b09-4365-9d71-55289e083fa5@group-EFD1D20A002C-LeaderElection435: Election REJECTED; received 2 response(s) [bf55b3f9-6b09-4365-9d71-55289e083fa5<-f4c54511-b161-4347-aec5-5236dc80a0d8#0:FAIL-t512, bf55b3f9-6b09-4365-9d71-55289e083fa5<-907b9765-214b-4864-b66a-d6e2a5789e5c#0:FAIL-t512] and 0 exception(s); bf55b3f9-6b09-4365-9d71-55289e083fa5@group-EFD1D20A002C:t512, leader=null, voted=bf55b3f9-6b09-4365-9d71-55289e083fa5, raftlog=bf55b3f9-6b09-4365-9d71-55289e083fa5@group-EFD1D20A002C-SegmentedRaftLog:OPENED:c-1,f-1,i0, conf=-1: [f4c54511-b161-4347-aec5-5236dc80a0d8:0.0.0.0:41238, 907b9765-214b-4864-b66a-d6e2a5789e5c:0.0.0.0:41650, bf55b3f9-6b09-4365-9d71-55289e083fa5:0.0.0.0:42441], old=null
2019-10-16 18:01:42,872 [bf55b3f9-6b09-4365-9d71-55289e083fa5@group-EFD1D20A002C-LeaderElection435] INFO  impl.RaftServerImpl (RaftServerImpl.java:setRole(184)) - bf55b3f9-6b09-4365-9d71-55289e083fa5@group-EFD1D20A002C: changes role from CANDIDATE to FOLLOWER at term 512 for DISCOVERED_A_NEW_TERM
2019-10-16 18:01:42,872 [bf55b3f9-6b09-4365-9d71-55289e083fa5@group-EFD1D20A002C-LeaderElection435] INFO  impl.RoleInfo (RoleInfo.java:shutdownLeaderElection(134)) - bf55b3f9-6b09-4365-9d71-55289e083fa5: shutdown LeaderElection
2019-10-16 18:01:42,872 [bf55b3f9-6b09-4365-9d71-55289e083fa5@group-EFD1D20A002C-LeaderElection435] INFO  impl.RoleInfo (RoleInfo.java:updateAndGet(143)) - bf55b3f9-6b09-4365-9d71-55289e083fa5: start FollowerState
2019-10-16 18:01:43,028 [Thread-3107] INFO  impl.FollowerState (FollowerState.java:run(108)) - bf55b3f9-6b09-4365-9d71-55289e083fa5@group-EFD1D20A002C-FollowerState: change to CANDIDATE, lastRpcTime:156ms, electionTimeout:156ms
2019-10-16 18:01:43,029 [Thread-3107] INFO  impl.RoleInfo (RoleInfo.java:shutdownFollowerState(121)) - bf55b3f9-6b09-4365-9d71-55289e083fa5: shutdown FollowerState
2019-10-16 18:01:43,029 [Thread-3107] INFO  impl.RaftServerImpl (RaftServerImpl.java:setRole(184)) - bf55b3f9-6b09-4365-9d71-55289e083fa5@group-EFD1D20A002C: changes role from  FOLLOWER to CANDIDATE at term 512 for changeToCandidate
2019-10-16 18:01:43,029 [Thread-3107] INFO  impl.RoleInfo (RoleInfo.java:updateAndGet(143)) - bf55b3f9-6b09-4365-9d71-55289e083fa5: start LeaderElection
2019-10-16 18:01:43,048 [bf55b3f9-6b09-4365-9d71-55289e083fa5@group-EFD1D20A002C-LeaderElection436] INFO  impl.LeaderElection (LeaderElection.java:askForVotes(178)) - bf55b3f9-6b09-4365-9d71-55289e083fa5@group-EFD1D20A002C-LeaderElection436: begin an election at term 513 for -1: [f4c54511-b161-4347-aec5-5236dc80a0d8:0.0.0.0:41238, 907b9765-214b-4864-b66a-d6e2a5789e5c:0.0.0.0:41650, bf55b3f9-6b09-4365-9d71-55289e083fa5:0.0.0.0:42441], old=null
2019-10-16 18:01:43,050 [grpc-default-executor-3] INFO  impl.RaftServerImpl (RaftServerImpl.java:setRole(184)) - 907b9765-214b-4864-b66a-d6e2a5789e5c@group-EFD1D20A002C: changes role from  FOLLOWER to FOLLOWER at term 513 for recognizeCandidate:bf55b3f9-6b09-4365-9d71-55289e083fa5
2019-10-16 18:01:43,050 [grpc-default-executor-3] INFO  impl.RoleInfo (RoleInfo.java:shutdownFollowerState(121)) - 907b9765-214b-4864-b66a-d6e2a5789e5c: shutdown FollowerState
2019-10-16 18:01:43,050 [grpc-default-executor-2] INFO  impl.RaftServerImpl (RaftServerImpl.java:setRole(184)) - f4c54511-b161-4347-aec5-5236dc80a0d8@group-EFD1D20A002C: changes role from  FOLLOWER to FOLLOWER at term 513 for recognizeCandidate:bf55b3f9-6b09-4365-9d71-55289e083fa5
2019-10-16 18:01:43,050 [grpc-default-executor-2] INFO  impl.RoleInfo (RoleInfo.java:shutdownFollowerState(121)) - f4c54511-b161-4347-aec5-5236dc80a0d8: shutdown FollowerState
2019-10-16 18:01:43,050 [Thread-3106] INFO  impl.FollowerState (FollowerState.java:run(117)) - 907b9765-214b-4864-b66a-d6e2a5789e5c@group-EFD1D20A002C-FollowerState was interrupted: java.lang.InterruptedException: sleep interrupted
2019-10-16 18:01:43,050 [grpc-default-executor-3] INFO  impl.RoleInfo (RoleInfo.java:updateAndGet(143)) - 907b9765-214b-4864-b66a-d6e2a5789e5c: start FollowerState
2019-10-16 18:01:43,050 [Thread-3105] INFO  impl.FollowerState (FollowerState.java:run(117)) - f4c54511-b161-4347-aec5-5236dc80a0d8@group-EFD1D20A002C-FollowerState was interrupted: java.lang.InterruptedException: sleep interrupted
2019-10-16 18:01:43,050 [grpc-default-executor-2] INFO  impl.RoleInfo (RoleInfo.java:updateAndGet(143)) - f4c54511-b161-4347-aec5-5236dc80a0d8: start FollowerState
2019-10-16 18:01:43,074 [bf55b3f9-6b09-4365-9d71-55289e083fa5@group-EFD1D20A002C-LeaderElection436] INFO  impl.LeaderElection (LeaderElection.java:logAndReturn(56)) - bf55b3f9-6b09-4365-9d71-55289e083fa5@group-EFD1D20A002C-LeaderElection436: Election REJECTED; received 2 response(s) [bf55b3f9-6b09-4365-9d71-55289e083fa5<-f4c54511-b161-4347-aec5-5236dc80a0d8#0:FAIL-t513, bf55b3f9-6b09-4365-9d71-55289e083fa5<-907b9765-214b-4864-b66a-d6e2a5789e5c#0:FAIL-t513] and 0 exception(s); bf55b3f9-6b09-4365-9d71-55289e083fa5@group-EFD1D20A002C:t513, leader=null, voted=bf55b3f9-6b09-4365-9d71-55289e083fa5, raftlog=bf55b3f9-6b09-4365-9d71-55289e083fa5@group-EFD1D20A002C-SegmentedRaftLog:OPENED:c-1,f-1,i0, conf=-1: [f4c54511-b161-4347-aec5-5236dc80a0d8:0.0.0.0:41238, 907b9765-214b-4864-b66a-d6e2a5789e5c:0.0.0.0:41650, bf55b3f9-6b09-4365-9d71-55289e083fa5:0.0.0.0:42441], old=null
2019-10-16 18:01:43,074 [bf55b3f9-6b09-4365-9d71-55289e083fa5@group-EFD1D20A002C-LeaderElection436] INFO  impl.RaftServerImpl (RaftServerImpl.java:setRole(184)) - bf55b3f9-6b09-4365-9d71-55289e083fa5@group-EFD1D20A002C: changes role from CANDIDATE to FOLLOWER at term 513 for DISCOVERED_A_NEW_TERM
2019-10-16 18:01:43,075 [bf55b3f9-6b09-4365-9d71-55289e083fa5@group-EFD1D20A002C-LeaderElection436] INFO  impl.RoleInfo (RoleInfo.java:shutdownLeaderElection(134)) - bf55b3f9-6b09-4365-9d71-55289e083fa5: shutdown LeaderElection
2019-10-16 18:01:43,075 [bf55b3f9-6b09-4365-9d71-55289e083fa5@group-EFD1D20A002C-LeaderElection436] INFO  impl.RoleInfo (RoleInfo.java:updateAndGet(143)) - bf55b3f9-6b09-4365-9d71-55289e083fa5: start FollowerState
2019-10-16 18:01:43,089 [Thread-3113] INFO  impl.FollowerState (FollowerState.java:run(108)) - bf55b3f9-6b09-4365-9d71-55289e083fa5@group-EFD1D20A002C-FollowerState: change to CANDIDATE, lastRpcTime:14ms, electionTimeout:14ms
2019-10-16 18:01:43,089 [Thread-3113] INFO  impl.RoleInfo (RoleInfo.java:shutdownFollowerState(121)) - bf55b3f9-6b09-4365-9d71-55289e083fa5: shutdown FollowerState
2019-10-16 18:01:43,089 [Thread-3113] INFO  impl.RaftServerImpl (RaftServerImpl.java:setRole(184)) - bf55b3f9-6b09-4365-9d71-55289e083fa5@group-EFD1D20A002C: changes role from  FOLLOWER to CANDIDATE at term 513 for changeToCandidate
2019-10-16 18:01:43,090 [Thread-3113] INFO  impl.RoleInfo (RoleInfo.java:updateAndGet(143)) - bf55b3f9-6b09-4365-9d71-55289e083fa5: start LeaderElection
2019-10-16 18:01:43,116 [bf55b3f9-6b09-4365-9d71-55289e083fa5@group-EFD1D20A002C-LeaderElection437] INFO  impl.LeaderElection (LeaderElection.java:askForVotes(178)) - bf55b3f9-6b09-4365-9d71-55289e083fa5@group-EFD1D20A002C-LeaderElection437: begin an election at term 514 for -1: [f4c54511-b161-4347-aec5-5236dc80a0d8:0.0.0.0:41238, 907b9765-214b-4864-b66a-d6e2a5789e5c:0.0.0.0:41650, bf55b3f9-6b09-4365-9d71-55289e083fa5:0.0.0.0:42441], old=null
2019-10-16 18:01:43,118 [grpc-default-executor-2] INFO  impl.RaftServerImpl (RaftServerImpl.java:setRole(184)) - f4c54511-b161-4347-aec5-5236dc80a0d8@group-EFD1D20A002C: changes role from  FOLLOWER to FOLLOWER at term 514 for recognizeCandidate:bf55b3f9-6b09-4365-9d71-55289e083fa5
2019-10-16 18:01:43,118 [grpc-default-executor-2] INFO  impl.RoleInfo (RoleInfo.java:shutdownFollowerState(121)) - f4c54511-b161-4347-aec5-5236dc80a0d8: shutdown FollowerState
2019-10-16 18:01:43,118 [grpc-default-executor-3] INFO  impl.RaftServerImpl (RaftServerImpl.java:setRole(184)) - 907b9765-214b-4864-b66a-d6e2a5789e5c@group-EFD1D20A002C: changes role from  FOLLOWER to FOLLOWER at term 514 for recognizeCandidate:bf55b3f9-6b09-4365-9d71-55289e083fa5
2019-10-16 18:01:43,118 [Thread-3112] INFO  impl.FollowerState (FollowerState.java:run(117)) - f4c54511-b161-4347-aec5-5236dc80a0d8@group-EFD1D20A002C-FollowerState was interrupted: java.lang.InterruptedException: sleep interrupted
2019-10-16 18:01:43,118 [grpc-default-executor-2] INFO  impl.RoleInfo (RoleInfo.java:updateAndGet(143)) - f4c54511-b161-4347-aec5-5236dc80a0d8: start FollowerState
2019-10-16 18:01:43,118 [grpc-default-executor-3] INFO  impl.RoleInfo (RoleInfo.java:shutdownFollowerState(121)) - 907b9765-214b-4864-b66a-d6e2a5789e5c: shutdown FollowerState
2019-10-16 18:01:43,119 [grpc-default-executor-3] INFO  impl.RoleInfo (RoleInfo.java:updateAndGet(143)) - 907b9765-214b-4864-b66a-d6e2a5789e5c: start FollowerState
2019-10-16 18:01:43,119 [Thread-3111] INFO  impl.FollowerState (FollowerState.java:run(117)) - 907b9765-214b-4864-b66a-d6e2a5789e5c@group-EFD1D20A002C-FollowerState was interrupted: java.lang.InterruptedException: sleep interrupted
2019-10-16 18:01:43,150 [bf55b3f9-6b09-4365-9d71-55289e083fa5@group-EFD1D20A002C-LeaderElection437] INFO  impl.LeaderElection (LeaderElection.java:logAndReturn(56)) - bf55b3f9-6b09-4365-9d71-55289e083fa5@group-EFD1D20A002C-LeaderElection437: Election REJECTED; received 2 response(s) [bf55b3f9-6b09-4365-9d71-55289e083fa5<-f4c54511-b161-4347-aec5-5236dc80a0d8#0:FAIL-t514, bf55b3f9-6b09-4365-9d71-55289e083fa5<-907b9765-214b-4864-b66a-d6e2a5789e5c#0:FAIL-t514] and 0 exception(s); bf55b3f9-6b09-4365-9d71-55289e083fa5@group-EFD1D20A002C:t514, leader=null, voted=bf55b3f9-6b09-4365-9d71-55289e083fa5, raftlog=bf55b3f9-6b09-4365-9d71-55289e083fa5@group-EFD1D20A002C-SegmentedRaftLog:OPENED:c-1,f-1,i0, conf=-1: [f4c54511-b161-4347-aec5-5236dc80a0d8:0.0.0.0:41238, 907b9765-214b-4864-b66a-d6e2a5789e5c:0.0.0.0:41650, bf55b3f9-6b09-4365-9d71-55289e083fa5:0.0.0.0:42441], old=null
2019-10-16 18:01:43,151 [bf55b3f9-6b09-4365-9d71-55289e083fa5@group-EFD1D20A002C-LeaderElection437] INFO  impl.RaftServerImpl (RaftServerImpl.java:setRole(184)) - bf55b3f9-6b09-4365-9d71-55289e083fa5@group-EFD1D20A002C: changes role from CANDIDATE to FOLLOWER at term 514 for DISCOVERED_A_NEW_TERM
2019-10-16 18:01:43,151 [bf55b3f9-6b09-4365-9d71-55289e083fa5@group-EFD1D20A002C-LeaderElection437] INFO  impl.RoleInfo (RoleInfo.java:shutdownLeaderElection(134)) - bf55b3f9-6b09-4365-9d71-55289e083fa5: shutdown LeaderElection
2019-10-16 18:01:43,151 [bf55b3f9-6b09-4365-9d71-55289e083fa5@group-EFD1D20A002C-LeaderElection437] INFO  impl.RoleInfo (RoleInfo.java:updateAndGet(143)) - bf55b3f9-6b09-4365-9d71-55289e083fa5: start FollowerState
2019-10-16 18:01:43,226 [Thread-3119] INFO  impl.FollowerState (FollowerState.java:run(108)) - bf55b3f9-6b09-4365-9d71-55289e083fa5@group-EFD1D20A002C-FollowerState: change to CANDIDATE, lastRpcTime:75ms, electionTimeout:75ms
2019-10-16 18:01:43,226 [Thread-3119] INFO  impl.RoleInfo (RoleInfo.java:shutdownFollowerState(121)) - bf55b3f9-6b09-4365-9d71-55289e083fa5: shutdown FollowerState
2019-10-16 18:01:43,227 [Thread-3119] INFO  impl.RaftServerImpl (RaftServerImpl.java:setRole(184)) - bf55b3f9-6b09-4365-9d71-55289e083fa5@group-EFD1D20A002C: changes role from  FOLLOWER to CANDIDATE at term 514 for changeToCandidate
2019-10-16 18:01:43,227 [Thread-3119] INFO  impl.RoleInfo (RoleInfo.java:updateAndGet(143)) - bf55b3f9-6b09-4365-9d71-55289e083fa5: start LeaderElection
2019-10-16 18:01:43,251 [bf55b3f9-6b09-4365-9d71-55289e083fa5@group-EFD1D20A002C-LeaderElection438] INFO  impl.LeaderElection (LeaderElection.java:askForVotes(178)) - bf55b3f9-6b09-4365-9d71-55289e083fa5@group-EFD1D20A002C-LeaderElection438: begin an election at term 515 for -1: [f4c54511-b161-4347-aec5-5236dc80a0d8:0.0.0.0:41238, 907b9765-214b-4864-b66a-d6e2a5789e5c:0.0.0.0:41650, bf55b3f9-6b09-4365-9d71-55289e083fa5:0.0.0.0:42441], old=null
2019-10-16 18:01:43,252 [grpc-default-executor-3] INFO  impl.RaftServerImpl (RaftServerImpl.java:setRole(184)) - f4c54511-b161-4347-aec5-5236dc80a0d8@group-EFD1D20A002C: changes role from  FOLLOWER to FOLLOWER at term 515 for recognizeCandidate:bf55b3f9-6b09-4365-9d71-55289e083fa5
2019-10-16 18:01:43,253 [grpc-default-executor-3] INFO  impl.RoleInfo (RoleInfo.java:shutdownFollowerState(121)) - f4c54511-b161-4347-aec5-5236dc80a0d8: shutdown FollowerState
2019-10-16 18:01:43,253 [grpc-default-executor-2] INFO  impl.RaftServerImpl (RaftServerImpl.java:setRole(184)) - 907b9765-214b-4864-b66a-d6e2a5789e5c@group-EFD1D20A002C: changes role from  FOLLOWER to FOLLOWER at term 515 for recognizeCandidate:bf55b3f9-6b09-4365-9d71-55289e083fa5
2019-10-16 18:01:43,253 [Thread-3117] INFO  impl.FollowerState (FollowerState.java:run(117)) - f4c54511-b161-4347-aec5-5236dc80a0d8@group-EFD1D20A002C-FollowerState was interrupted: java.lang.InterruptedException: sleep interrupted
2019-10-16 18:01:43,253 [grpc-default-executor-3] INFO  impl.RoleInfo (RoleInfo.java:updateAndGet(143)) - f4c54511-b161-4347-aec5-5236dc80a0d8: start FollowerState
2019-10-16 18:01:43,253 [grpc-default-executor-2] INFO  impl.RoleInfo (RoleInfo.java:shutdownFollowerState(121)) - 907b9765-214b-4864-b66a-d6e2a5789e5c: shutdown FollowerState
2019-10-16 18:01:43,253 [grpc-default-executor-2] INFO  impl.RoleInfo (RoleInfo.java:updateAndGet(143)) - 907b9765-214b-4864-b66a-d6e2a5789e5c: start FollowerState
2019-10-16 18:01:43,253 [Thread-3118] INFO  impl.FollowerState (FollowerState.java:run(117)) - 907b9765-214b-4864-b66a-d6e2a5789e5c@group-EFD1D20A002C-FollowerState was interrupted: java.lang.InterruptedException: sleep interrupted
2019-10-16 18:01:43,277 [bf55b3f9-6b09-4365-9d71-55289e083fa5@group-EFD1D20A002C-LeaderElection438] INFO  impl.LeaderElection (LeaderElection.java:logAndReturn(56)) - bf55b3f9-6b09-4365-9d71-55289e083fa5@group-EFD1D20A002C-LeaderElection438: Election REJECTED; received 2 response(s) [bf55b3f9-6b09-4365-9d71-55289e083fa5<-f4c54511-b161-4347-aec5-5236dc80a0d8#0:FAIL-t515, bf55b3f9-6b09-4365-9d71-55289e083fa5<-907b9765-214b-4864-b66a-d6e2a5789e5c#0:FAIL-t515] and 0 exception(s); bf55b3f9-6b09-4365-9d71-55289e083fa5@group-EFD1D20A002C:t515, leader=null, voted=bf55b3f9-6b09-4365-9d71-55289e083fa5, raftlog=bf55b3f9-6b09-4365-9d71-55289e083fa5@group-EFD1D20A002C-SegmentedRaftLog:OPENED:c-1,f-1,i0, conf=-1: [f4c54511-b161-4347-aec5-5236dc80a0d8:0.0.0.0:41238, 907b9765-214b-4864-b66a-d6e2a5789e5c:0.0.0.0:41650, bf55b3f9-6b09-4365-9d71-55289e083fa5:0.0.0.0:42441], old=null
2019-10-16 18:01:43,278 [bf55b3f9-6b09-4365-9d71-55289e083fa5@group-EFD1D20A002C-LeaderElection438] INFO  impl.RaftServerImpl (RaftServerImpl.java:setRole(184)) - bf55b3f9-6b09-4365-9d71-55289e083fa5@group-EFD1D20A002C: changes role from CANDIDATE to FOLLOWER at term 515 for DISCOVERED_A_NEW_TERM
2019-10-16 18:01:43,278 [bf55b3f9-6b09-4365-9d71-55289e083fa5@group-EFD1D20A002C-LeaderElection438] INFO  impl.RoleInfo (RoleInfo.java:shutdownLeaderElection(134)) - bf55b3f9-6b09-4365-9d71-55289e083fa5: shutdown LeaderElection
2019-10-16 18:01:43,278 [bf55b3f9-6b09-4365-9d71-55289e083fa5@group-EFD1D20A002C-LeaderElection438] INFO  impl.RoleInfo (RoleInfo.java:updateAndGet(143)) - bf55b3f9-6b09-4365-9d71-55289e083fa5: start FollowerState
2019-10-16 18:01:43,342 [Thread-3127] INFO  impl.FollowerState (FollowerState.java:run(108)) - bf55b3f9-6b09-4365-9d71-55289e083fa5@group-EFD1D20A002C-FollowerState: change to CANDIDATE, lastRpcTime:63ms, electionTimeout:63ms
2019-10-16 18:01:43,342 [Thread-3127] INFO  impl.RoleInfo (RoleInfo.java:shutdownFollowerState(121)) - bf55b3f9-6b09-4365-9d71-55289e083fa5: shutdown FollowerState
2019-10-16 18:01:43,342 [Thread-3127] INFO  impl.RaftServerImpl (RaftServerImpl.java:setRole(184)) - bf55b3f9-6b09-4365-9d71-55289e083fa5@group-EFD1D20A002C: changes role from  FOLLOWER to CANDIDATE at term 515 for changeToCandidate
2019-10-16 18:01:43,342 [Thread-3127] INFO  impl.RoleInfo (RoleInfo.java:updateAndGet(143)) - bf55b3f9-6b09-4365-9d71-55289e083fa5: start LeaderElection
2019-10-16 18:01:43,369 [bf55b3f9-6b09-4365-9d71-55289e083fa5@group-EFD1D20A002C-LeaderElection439] INFO  impl.LeaderElection (LeaderElection.java:askForVotes(178)) - bf55b3f9-6b09-4365-9d71-55289e083fa5@group-EFD1D20A002C-LeaderElection439: begin an election at term 516 for -1: [f4c54511-b161-4347-aec5-5236dc80a0d8:0.0.0.0:41238, 907b9765-214b-4864-b66a-d6e2a5789e5c:0.0.0.0:41650, bf55b3f9-6b09-4365-9d71-55289e083fa5:0.0.0.0:42441], old=null
2019-10-16 18:01:43,371 [grpc-default-executor-2] INFO  impl.RaftServerImpl (RaftServerImpl.java:setRole(184)) - 907b9765-214b-4864-b66a-d6e2a5789e5c@group-EFD1D20A002C: changes role from  FOLLOWER to FOLLOWER at term 516 for recognizeCandidate:bf55b3f9-6b09-4365-9d71-55289e083fa5
2019-10-16 18:01:43,371 [grpc-default-executor-3] INFO  impl.RaftServerImpl (RaftServerImpl.java:setRole(184)) - f4c54511-b161-4347-aec5-5236dc80a0d8@group-EFD1D20A002C: changes role from  FOLLOWER to FOLLOWER at term 516 for recognizeCandidate:bf55b3f9-6b09-4365-9d71-55289e083fa5
2019-10-16 18:01:43,372 [grpc-default-executor-3] INFO  impl.RoleInfo (RoleInfo.java:shutdownFollowerState(121)) - f4c54511-b161-4347-aec5-5236dc80a0d8: shutdown FollowerState
2019-10-16 18:01:43,371 [grpc-default-executor-2] INFO  impl.RoleInfo (RoleInfo.java:shutdownFollowerState(121)) - 907b9765-214b-4864-b66a-d6e2a5789e5c: shutdown FollowerState
2019-10-16 18:01:43,372 [grpc-default-executor-3] INFO  impl.RoleInfo (RoleInfo.java:updateAndGet(143)) - f4c54511-b161-4347-aec5-5236dc80a0d8: start FollowerState
2019-10-16 18:01:43,372 [Thread-3126] INFO  impl.FollowerState (FollowerState.java:run(117)) - 907b9765-214b-4864-b66a-d6e2a5789e5c@group-EFD1D20A002C-FollowerState was interrupted: java.lang.InterruptedException: sleep interrupted
2019-10-16 18:01:43,372 [grpc-default-executor-2] INFO  impl.RoleInfo (RoleInfo.java:updateAndGet(143)) - 907b9765-214b-4864-b66a-d6e2a5789e5c: start FollowerState
2019-10-16 18:01:43,372 [Thread-3125] INFO  impl.FollowerState (FollowerState.java:run(117)) - f4c54511-b161-4347-aec5-5236dc80a0d8@group-EFD1D20A002C-FollowerState was interrupted: java.lang.InterruptedException: sleep interrupted
2019-10-16 18:01:43,404 [bf55b3f9-6b09-4365-9d71-55289e083fa5@group-EFD1D20A002C-LeaderElection439] INFO  impl.LeaderElection (LeaderElection.java:logAndReturn(56)) - bf55b3f9-6b09-4365-9d71-55289e083fa5@group-EFD1D20A002C-LeaderElection439: Election REJECTED; received 2 response(s) [bf55b3f9-6b09-4365-9d71-55289e083fa5<-f4c54511-b161-4347-aec5-5236dc80a0d8#0:FAIL-t516, bf55b3f9-6b09-4365-9d71-55289e083fa5<-907b9765-214b-4864-b66a-d6e2a5789e5c#0:FAIL-t516] and 0 exception(s); bf55b3f9-6b09-4365-9d71-55289e083fa5@group-EFD1D20A002C:t516, leader=null, voted=bf55b3f9-6b09-4365-9d71-55289e083fa5, raftlog=bf55b3f9-6b09-4365-9d71-55289e083fa5@group-EFD1D20A002C-SegmentedRaftLog:OPENED:c-1,f-1,i0, conf=-1: [f4c54511-b161-4347-aec5-5236dc80a0d8:0.0.0.0:41238, 907b9765-214b-4864-b66a-d6e2a5789e5c:0.0.0.0:41650, bf55b3f9-6b09-4365-9d71-55289e083fa5:0.0.0.0:42441], old=null
2019-10-16 18:01:43,404 [bf55b3f9-6b09-4365-9d71-55289e083fa5@group-EFD1D20A002C-LeaderElection439] INFO  impl.RaftServerImpl (RaftServerImpl.java:setRole(184)) - bf55b3f9-6b09-4365-9d71-55289e083fa5@group-EFD1D20A002C: changes role from CANDIDATE to FOLLOWER at term 516 for DISCOVERED_A_NEW_TERM
2019-10-16 18:01:43,405 [bf55b3f9-6b09-4365-9d71-55289e083fa5@group-EFD1D20A002C-LeaderElection439] INFO  impl.RoleInfo (RoleInfo.java:shutdownLeaderElection(134)) - bf55b3f9-6b09-4365-9d71-55289e083fa5: shutdown LeaderElection
2019-10-16 18:01:43,405 [bf55b3f9-6b09-4365-9d71-55289e083fa5@group-EFD1D20A002C-LeaderElection439] INFO  impl.RoleInfo (RoleInfo.java:updateAndGet(143)) - bf55b3f9-6b09-4365-9d71-55289e083fa5: start FollowerState
2019-10-16 18:01:43,533 [Thread-3133] INFO  impl.FollowerState (FollowerState.java:run(108)) - bf55b3f9-6b09-4365-9d71-55289e083fa5@group-EFD1D20A002C-FollowerState: change to CANDIDATE, lastRpcTime:128ms, electionTimeout:128ms
2019-10-16 18:01:43,533 [Thread-3133] INFO  impl.RoleInfo (RoleInfo.java:shutdownFollowerState(121)) - bf55b3f9-6b09-4365-9d71-55289e083fa5: shutdown FollowerState
2019-10-16 18:01:43,533 [Thread-3133] INFO  impl.RaftServerImpl (RaftServerImpl.java:setRole(184)) - bf55b3f9-6b09-4365-9d71-55289e083fa5@group-EFD1D20A002C: changes role from  FOLLOWER to CANDIDATE at term 516 for changeToCandidate
2019-10-16 18:01:43,533 [Thread-3133] INFO  impl.RoleInfo (RoleInfo.java:updateAndGet(143)) - bf55b3f9-6b09-4365-9d71-55289e083fa5: start LeaderElection
2019-10-16 18:01:43,564 [bf55b3f9-6b09-4365-9d71-55289e083fa5@group-EFD1D20A002C-LeaderElection440] INFO  impl.LeaderElection (LeaderElection.java:askForVotes(178)) - bf55b3f9-6b09-4365-9d71-55289e083fa5@group-EFD1D20A002C-LeaderElection440: begin an election at term 517 for -1: [f4c54511-b161-4347-aec5-5236dc80a0d8:0.0.0.0:41238, 907b9765-214b-4864-b66a-d6e2a5789e5c:0.0.0.0:41650, bf55b3f9-6b09-4365-9d71-55289e083fa5:0.0.0.0:42441], old=null
2019-10-16 18:01:43,566 [grpc-default-executor-3] INFO  impl.RaftServerImpl (RaftServerImpl.java:setRole(184)) - f4c54511-b161-4347-aec5-5236dc80a0d8@group-EFD1D20A002C: changes role from  FOLLOWER to FOLLOWER at term 517 for recognizeCandidate:bf55b3f9-6b09-4365-9d71-55289e083fa5
2019-10-16 18:01:43,566 [grpc-default-executor-1] INFO  impl.RaftServerImpl (RaftServerImpl.java:setRole(184)) - 907b9765-214b-4864-b66a-d6e2a5789e5c@group-EFD1D20A002C: changes role from  FOLLOWER to FOLLOWER at term 517 for recognizeCandidate:bf55b3f9-6b09-4365-9d71-55289e083fa5
2019-10-16 18:01:43,566 [grpc-default-executor-1] INFO  impl.RoleInfo (RoleInfo.java:shutdownFollowerState(121)) - 907b9765-214b-4864-b66a-d6e2a5789e5c: shutdown FollowerState
2019-10-16 18:01:43,566 [grpc-default-executor-3] INFO  impl.RoleInfo (RoleInfo.java:shutdownFollowerState(121)) - f4c54511-b161-4347-aec5-5236dc80a0d8: shutdown FollowerState
2019-10-16 18:01:43,567 [grpc-default-executor-1] INFO  impl.RoleInfo (RoleInfo.java:updateAndGet(143)) - 907b9765-214b-4864-b66a-d6e2a5789e5c: start FollowerState
2019-10-16 18:01:43,567 [Thread-3132] INFO  impl.FollowerState (FollowerState.java:run(117)) - 907b9765-214b-4864-b66a-d6e2a5789e5c@group-EFD1D20A002C-FollowerState was interrupted: java.lang.InterruptedException: sleep interrupted
2019-10-16 18:01:43,567 [Thread-3131] INFO  impl.FollowerState (FollowerState.java:run(117)) - f4c54511-b161-4347-aec5-5236dc80a0d8@group-EFD1D20A002C-FollowerState was interrupted: java.lang.InterruptedException: sleep interrupted
2019-10-16 18:01:43,567 [grpc-default-executor-3] INFO  impl.RoleInfo (RoleInfo.java:updateAndGet(143)) - f4c54511-b161-4347-aec5-5236dc80a0d8: start FollowerState
2019-10-16 18:01:43,567 [bf55b3f9-6b09-4365-9d71-55289e083fa5@group-EFD1D20A002C-LeaderElection440] INFO  impl.LeaderElection (LeaderElection.java:logAndReturn(56)) - bf55b3f9-6b09-4365-9d71-55289e083fa5@group-EFD1D20A002C-LeaderElection440: Election TIMEOUT; received 0 response(s) [] and 0 exception(s); bf55b3f9-6b09-4365-9d71-55289e083fa5@group-EFD1D20A002C:t517, leader=null, voted=bf55b3f9-6b09-4365-9d71-55289e083fa5, raftlog=bf55b3f9-6b09-4365-9d71-55289e083fa5@group-EFD1D20A002C-SegmentedRaftLog:OPENED:c-1,f-1,i0, conf=-1: [f4c54511-b161-4347-aec5-5236dc80a0d8:0.0.0.0:41238, 907b9765-214b-4864-b66a-d6e2a5789e5c:0.0.0.0:41650, bf55b3f9-6b09-4365-9d71-55289e083fa5:0.0.0.0:42441], old=null
2019-10-16 18:01:43,597 [bf55b3f9-6b09-4365-9d71-55289e083fa5@group-EFD1D20A002C-LeaderElection440] INFO  impl.LeaderElection (LeaderElection.java:askForVotes(178)) - bf55b3f9-6b09-4365-9d71-55289e083fa5@group-EFD1D20A002C-LeaderElection440: begin an election at term 518 for -1: [f4c54511-b161-4347-aec5-5236dc80a0d8:0.0.0.0:41238, 907b9765-214b-4864-b66a-d6e2a5789e5c:0.0.0.0:41650, bf55b3f9-6b09-4365-9d71-55289e083fa5:0.0.0.0:42441], old=null
2019-10-16 18:01:43,599 [grpc-default-executor-1] INFO  impl.RaftServerImpl (RaftServerImpl.java:setRole(184)) - f4c54511-b161-4347-aec5-5236dc80a0d8@group-EFD1D20A002C: changes role from  FOLLOWER to FOLLOWER at term 518 for recognizeCandidate:bf55b3f9-6b09-4365-9d71-55289e083fa5
2019-10-16 18:01:43,599 [grpc-default-executor-3] INFO  impl.RaftServerImpl (RaftServerImpl.java:setRole(184)) - 907b9765-214b-4864-b66a-d6e2a5789e5c@group-EFD1D20A002C: changes role from  FOLLOWER to FOLLOWER at term 518 for recognizeCandidate:bf55b3f9-6b09-4365-9d71-55289e083fa5
2019-10-16 18:01:43,599 [grpc-default-executor-1] INFO  impl.RoleInfo (RoleInfo.java:shutdownFollowerState(121)) - f4c54511-b161-4347-aec5-5236dc80a0d8: shutdown FollowerState
2019-10-16 18:01:43,599 [grpc-default-executor-3] INFO  impl.RoleInfo (RoleInfo.java:shutdownFollowerState(121)) - 907b9765-214b-4864-b66a-d6e2a5789e5c: shutdown FollowerState
2019-10-16 18:01:43,600 [grpc-default-executor-3] INFO  impl.RoleInfo (RoleInfo.java:updateAndGet(143)) - 907b9765-214b-4864-b66a-d6e2a5789e5c: start FollowerState
2019-10-16 18:01:43,600 [Thread-3138] INFO  impl.FollowerState (FollowerState.java:run(117)) - f4c54511-b161-4347-aec5-5236dc80a0d8@group-EFD1D20A002C-FollowerState was interrupted: java.lang.InterruptedException: sleep interrupted
2019-10-16 18:01:43,599 [grpc-default-executor-1] INFO  impl.RoleInfo (RoleInfo.java:updateAndGet(143)) - f4c54511-b161-4347-aec5-5236dc80a0d8: start FollowerState
2019-10-16 18:01:43,600 [Thread-3137] INFO  impl.FollowerState (FollowerState.java:run(117)) - 907b9765-214b-4864-b66a-d6e2a5789e5c@group-EFD1D20A002C-FollowerState was interrupted: java.lang.InterruptedException: sleep interrupted
2019-10-16 18:01:43,624 [bf55b3f9-6b09-4365-9d71-55289e083fa5@group-EFD1D20A002C-LeaderElection440] INFO  impl.LeaderElection (LeaderElection.java:logAndReturn(56)) - bf55b3f9-6b09-4365-9d71-55289e083fa5@group-EFD1D20A002C-LeaderElection440: Election REJECTED; received 2 response(s) [bf55b3f9-6b09-4365-9d71-55289e083fa5<-f4c54511-b161-4347-aec5-5236dc80a0d8#0:FAIL-t518, bf55b3f9-6b09-4365-9d71-55289e083fa5<-907b9765-214b-4864-b66a-d6e2a5789e5c#0:FAIL-t518] and 0 exception(s); bf55b3f9-6b09-4365-9d71-55289e083fa5@group-EFD1D20A002C:t518, leader=null, voted=bf55b3f9-6b09-4365-9d71-55289e083fa5, raftlog=bf55b3f9-6b09-4365-9d71-55289e083fa5@group-EFD1D20A002C-SegmentedRaftLog:OPENED:c-1,f-1,i0, conf=-1: [f4c54511-b161-4347-aec5-5236dc80a0d8:0.0.0.0:41238, 907b9765-214b-4864-b66a-d6e2a5789e5c:0.0.0.0:41650, bf55b3f9-6b09-4365-9d71-55289e083fa5:0.0.0.0:42441], old=null
2019-10-16 18:01:43,624 [bf55b3f9-6b09-4365-9d71-55289e083fa5@group-EFD1D20A002C-LeaderElection440] INFO  impl.RaftServerImpl (RaftServerImpl.java:setRole(184)) - bf55b3f9-6b09-4365-9d71-55289e083fa5@group-EFD1D20A002C: changes role from CANDIDATE to FOLLOWER at term 518 for DISCOVERED_A_NEW_TERM
2019-10-16 18:01:43,624 [bf55b3f9-6b09-4365-9d71-55289e083fa5@group-EFD1D20A002C-LeaderElection440] INFO  impl.RoleInfo (RoleInfo.java:shutdownLeaderElection(134)) - bf55b3f9-6b09-4365-9d71-55289e083fa5: shutdown LeaderElection
2019-10-16 18:01:43,624 [bf55b3f9-6b09-4365-9d71-55289e083fa5@group-EFD1D20A002C-LeaderElection440] INFO  impl.RoleInfo (RoleInfo.java:updateAndGet(143)) - bf55b3f9-6b09-4365-9d71-55289e083fa5: start FollowerState
2019-10-16 18:01:43,685 [Thread-3143] INFO  impl.FollowerState (FollowerState.java:run(108)) - bf55b3f9-6b09-4365-9d71-55289e083fa5@group-EFD1D20A002C-FollowerState: change to CANDIDATE, lastRpcTime:60ms, electionTimeout:60ms
2019-10-16 18:01:43,685 [Thread-3143] INFO  impl.RoleInfo (RoleInfo.java:shutdownFollowerState(121)) - bf55b3f9-6b09-4365-9d71-55289e083fa5: shutdown FollowerState
2019-10-16 18:01:43,685 [Thread-3143] INFO  impl.RaftServerImpl (RaftServerImpl.java:setRole(184)) - bf55b3f9-6b09-4365-9d71-55289e083fa5@group-EFD1D20A002C: changes role from  FOLLOWER to CANDIDATE at term 518 for changeToCandidate
2019-10-16 18:01:43,685 [Thread-3143] INFO  impl.RoleInfo (RoleInfo.java:updateAndGet(143)) - bf55b3f9-6b09-4365-9d71-55289e083fa5: start LeaderElection
2019-10-16 18:01:43,715 [bf55b3f9-6b09-4365-9d71-55289e083fa5@group-EFD1D20A002C-LeaderElection441] INFO  impl.LeaderElection (LeaderElection.java:askForVotes(178)) - bf55b3f9-6b09-4365-9d71-55289e083fa5@group-EFD1D20A002C-LeaderElection441: begin an election at term 519 for -1: [f4c54511-b161-4347-aec5-5236dc80a0d8:0.0.0.0:41238, 907b9765-214b-4864-b66a-d6e2a5789e5c:0.0.0.0:41650, bf55b3f9-6b09-4365-9d71-55289e083fa5:0.0.0.0:42441], old=null
2019-10-16 18:01:43,718 [grpc-default-executor-3] INFO  impl.RaftServerImpl (RaftServerImpl.java:setRole(184)) - f4c54511-b161-4347-aec5-5236dc80a0d8@group-EFD1D20A002C: changes role from  FOLLOWER to FOLLOWER at term 519 for recognizeCandidate:bf55b3f9-6b09-4365-9d71-55289e083fa5
2019-10-16 18:01:43,718 [grpc-default-executor-3] INFO  impl.RoleInfo (RoleInfo.java:shutdownFollowerState(121)) - f4c54511-b161-4347-aec5-5236dc80a0d8: shutdown FollowerState
2019-10-16 18:01:43,718 [grpc-default-executor-1] INFO  impl.RaftServerImpl (RaftServerImpl.java:setRole(184)) - 907b9765-214b-4864-b66a-d6e2a5789e5c@group-EFD1D20A002C: changes role from  FOLLOWER to FOLLOWER at term 519 for recognizeCandidate:bf55b3f9-6b09-4365-9d71-55289e083fa5
2019-10-16 18:01:43,718 [grpc-default-executor-1] INFO  impl.RoleInfo (RoleInfo.java:shutdownFollowerState(121)) - 907b9765-214b-4864-b66a-d6e2a5789e5c: shutdown FollowerState
2019-10-16 18:01:43,718 [Thread-3141] INFO  impl.FollowerState (FollowerState.java:run(117)) - f4c54511-b161-4347-aec5-5236dc80a0d8@group-EFD1D20A002C-FollowerState was interrupted: java.lang.InterruptedException: sleep interrupted
2019-10-16 18:01:43,718 [grpc-default-executor-3] INFO  impl.RoleInfo (RoleInfo.java:updateAndGet(143)) - f4c54511-b161-4347-aec5-5236dc80a0d8: start FollowerState
2019-10-16 18:01:43,718 [Thread-3142] INFO  impl.FollowerState (FollowerState.java:run(117)) - 907b9765-214b-4864-b66a-d6e2a5789e5c@group-EFD1D20A002C-FollowerState was interrupted: java.lang.InterruptedException: sleep interrupted
2019-10-16 18:01:43,718 [grpc-default-executor-1] INFO  impl.RoleInfo (RoleInfo.java:updateAndGet(143)) - 907b9765-214b-4864-b66a-d6e2a5789e5c: start FollowerState
2019-10-16 18:01:43,750 [bf55b3f9-6b09-4365-9d71-55289e083fa5@group-EFD1D20A002C-LeaderElection441] INFO  impl.LeaderElection (LeaderElection.java:logAndReturn(56)) - bf55b3f9-6b09-4365-9d71-55289e083fa5@group-EFD1D20A002C-LeaderElection441: Election REJECTED; received 2 response(s) [bf55b3f9-6b09-4365-9d71-55289e083fa5<-f4c54511-b161-4347-aec5-5236dc80a0d8#0:FAIL-t519, bf55b3f9-6b09-4365-9d71-55289e083fa5<-907b9765-214b-4864-b66a-d6e2a5789e5c#0:FAIL-t519] and 0 exception(s); bf55b3f9-6b09-4365-9d71-55289e083fa5@group-EFD1D20A002C:t519, leader=null, voted=bf55b3f9-6b09-4365-9d71-55289e083fa5, raftlog=bf55b3f9-6b09-4365-9d71-55289e083fa5@group-EFD1D20A002C-SegmentedRaftLog:OPENED:c-1,f-1,i0, conf=-1: [f4c54511-b161-4347-aec5-5236dc80a0d8:0.0.0.0:41238, 907b9765-214b-4864-b66a-d6e2a5789e5c:0.0.0.0:41650, bf55b3f9-6b09-4365-9d71-55289e083fa5:0.0.0.0:42441], old=null
2019-10-16 18:01:43,750 [bf55b3f9-6b09-4365-9d71-55289e083fa5@group-EFD1D20A002C-LeaderElection441] INFO  impl.RaftServerImpl (RaftServerImpl.java:setRole(184)) - bf55b3f9-6b09-4365-9d71-55289e083fa5@group-EFD1D20A002C: changes role from CANDIDATE to FOLLOWER at term 519 for DISCOVERED_A_NEW_TERM
2019-10-16 18:01:43,750 [bf55b3f9-6b09-4365-9d71-55289e083fa5@group-EFD1D20A002C-LeaderElection441] INFO  impl.RoleInfo (RoleInfo.java:shutdownLeaderElection(134)) - bf55b3f9-6b09-4365-9d71-55289e083fa5: shutdown LeaderElection
2019-10-16 18:01:43,751 [bf55b3f9-6b09-4365-9d71-55289e083fa5@group-EFD1D20A002C-LeaderElection441] INFO  impl.RoleInfo (RoleInfo.java:updateAndGet(143)) - bf55b3f9-6b09-4365-9d71-55289e083fa5: start FollowerState
2019-10-16 18:01:43,934 [Thread-3149] INFO  impl.FollowerState (FollowerState.java:run(108)) - bf55b3f9-6b09-4365-9d71-55289e083fa5@group-EFD1D20A002C-FollowerState: change to CANDIDATE, lastRpcTime:183ms, electionTimeout:183ms
2019-10-16 18:01:43,934 [Thread-3149] INFO  impl.RoleInfo (RoleInfo.java:shutdownFollowerState(121)) - bf55b3f9-6b09-4365-9d71-55289e083fa5: shutdown FollowerState
2019-10-16 18:01:43,934 [Thread-3149] INFO  impl.RaftServerImpl (RaftServerImpl.java:setRole(184)) - bf55b3f9-6b09-4365-9d71-55289e083fa5@group-EFD1D20A002C: changes role from  FOLLOWER to CANDIDATE at term 519 for changeToCandidate
2019-10-16 18:01:43,934 [Thread-3149] INFO  impl.RoleInfo (RoleInfo.java:updateAndGet(143)) - bf55b3f9-6b09-4365-9d71-55289e083fa5: start LeaderElection
2019-10-16 18:01:43,960 [bf55b3f9-6b09-4365-9d71-55289e083fa5@group-EFD1D20A002C-LeaderElection442] INFO  impl.LeaderElection (LeaderElection.java:askForVotes(178)) - bf55b3f9-6b09-4365-9d71-55289e083fa5@group-EFD1D20A002C-LeaderElection442: begin an election at term 520 for -1: [f4c54511-b161-4347-aec5-5236dc80a0d8:0.0.0.0:41238, 907b9765-214b-4864-b66a-d6e2a5789e5c:0.0.0.0:41650, bf55b3f9-6b09-4365-9d71-55289e083fa5:0.0.0.0:42441], old=null
2019-10-16 18:01:43,962 [grpc-default-executor-3] INFO  impl.RaftServerImpl (RaftServerImpl.java:setRole(184)) - f4c54511-b161-4347-aec5-5236dc80a0d8@group-EFD1D20A002C: changes role from  FOLLOWER to FOLLOWER at term 520 for recognizeCandidate:bf55b3f9-6b09-4365-9d71-55289e083fa5
2019-10-16 18:01:43,962 [grpc-default-executor-1] INFO  impl.RaftServerImpl (RaftServerImpl.java:setRole(184)) - 907b9765-214b-4864-b66a-d6e2a5789e5c@group-EFD1D20A002C: changes role from  FOLLOWER to FOLLOWER at term 520 for recognizeCandidate:bf55b3f9-6b09-4365-9d71-55289e083fa5
2019-10-16 18:01:43,962 [grpc-default-executor-3] INFO  impl.RoleInfo (RoleInfo.java:shutdownFollowerState(121)) - f4c54511-b161-4347-aec5-5236dc80a0d8: shutdown FollowerState
2019-10-16 18:01:43,962 [grpc-default-executor-1] INFO  impl.RoleInfo (RoleInfo.java:shutdownFollowerState(121)) - 907b9765-214b-4864-b66a-d6e2a5789e5c: shutdown FollowerState
2019-10-16 18:01:43,962 [grpc-default-executor-3] INFO  impl.RoleInfo (RoleInfo.java:updateAndGet(143)) - f4c54511-b161-4347-aec5-5236dc80a0d8: start FollowerState
2019-10-16 18:01:43,962 [Thread-3148] INFO  impl.FollowerState (FollowerState.java:run(117)) - 907b9765-214b-4864-b66a-d6e2a5789e5c@group-EFD1D20A002C-FollowerState was interrupted: java.lang.InterruptedException: sleep interrupted
2019-10-16 18:01:43,962 [grpc-default-executor-1] INFO  impl.RoleInfo (RoleInfo.java:updateAndGet(143)) - 907b9765-214b-4864-b66a-d6e2a5789e5c: start FollowerState
2019-10-16 18:01:43,962 [Thread-3147] INFO  impl.FollowerState (FollowerState.java:run(117)) - f4c54511-b161-4347-aec5-5236dc80a0d8@group-EFD1D20A002C-FollowerState was interrupted: java.lang.InterruptedException: sleep interrupted
2019-10-16 18:01:43,986 [bf55b3f9-6b09-4365-9d71-55289e083fa5@group-EFD1D20A002C-LeaderElection442] INFO  impl.LeaderElection (LeaderElection.java:logAndReturn(56)) - bf55b3f9-6b09-4365-9d71-55289e083fa5@group-EFD1D20A002C-LeaderElection442: Election REJECTED; received 2 response(s) [bf55b3f9-6b09-4365-9d71-55289e083fa5<-f4c54511-b161-4347-aec5-5236dc80a0d8#0:FAIL-t520, bf55b3f9-6b09-4365-9d71-55289e083fa5<-907b9765-214b-4864-b66a-d6e2a5789e5c#0:FAIL-t520] and 0 exception(s); bf55b3f9-6b09-4365-9d71-55289e083fa5@group-EFD1D20A002C:t520, leader=null, voted=bf55b3f9-6b09-4365-9d71-55289e083fa5, raftlog=bf55b3f9-6b09-4365-9d71-55289e083fa5@group-EFD1D20A002C-SegmentedRaftLog:OPENED:c-1,f-1,i0, conf=-1: [f4c54511-b161-4347-aec5-5236dc80a0d8:0.0.0.0:41238, 907b9765-214b-4864-b66a-d6e2a5789e5c:0.0.0.0:41650, bf55b3f9-6b09-4365-9d71-55289e083fa5:0.0.0.0:42441], old=null
2019-10-16 18:01:43,986 [bf55b3f9-6b09-4365-9d71-55289e083fa5@group-EFD1D20A002C-LeaderElection442] INFO  impl.RaftServerImpl (RaftServerImpl.java:setRole(184)) - bf55b3f9-6b09-4365-9d71-55289e083fa5@group-EFD1D20A002C: changes role from CANDIDATE to FOLLOWER at term 520 for DISCOVERED_A_NEW_TERM
2019-10-16 18:01:43,986 [bf55b3f9-6b09-4365-9d71-55289e083fa5@group-EFD1D20A002C-LeaderElection442] INFO  impl.RoleInfo (RoleInfo.java:shutdownLeaderElection(134)) - bf55b3f9-6b09-4365-9d71-55289e083fa5: shutdown LeaderElection
2019-10-16 18:01:43,986 [bf55b3f9-6b09-4365-9d71-55289e083fa5@group-EFD1D20A002C-LeaderElection442] INFO  impl.RoleInfo (RoleInfo.java:updateAndGet(143)) - bf55b3f9-6b09-4365-9d71-55289e083fa5: start FollowerState
2019-10-16 18:01:44,006 [Thread-3155] INFO  impl.FollowerState (FollowerState.java:run(108)) - bf55b3f9-6b09-4365-9d71-55289e083fa5@group-EFD1D20A002C-FollowerState: change to CANDIDATE, lastRpcTime:19ms, electionTimeout:19ms
2019-10-16 18:01:44,006 [Thread-3155] INFO  impl.RoleInfo (RoleInfo.java:shutdownFollowerState(121)) - bf55b3f9-6b09-4365-9d71-55289e083fa5: shutdown FollowerState
2019-10-16 18:01:44,006 [Thread-3155] INFO  impl.RaftServerImpl (RaftServerImpl.java:setRole(184)) - bf55b3f9-6b09-4365-9d71-55289e083fa5@group-EFD1D20A002C: changes role from  FOLLOWER to CANDIDATE at term 520 for changeToCandidate
2019-10-16 18:01:44,006 [Thread-3155] INFO  impl.RoleInfo (RoleInfo.java:updateAndGet(143)) - bf55b3f9-6b09-4365-9d71-55289e083fa5: start LeaderElection
2019-10-16 18:01:44,035 [bf55b3f9-6b09-4365-9d71-55289e083fa5@group-EFD1D20A002C-LeaderElection443] INFO  impl.LeaderElection (LeaderElection.java:askForVotes(178)) - bf55b3f9-6b09-4365-9d71-55289e083fa5@group-EFD1D20A002C-LeaderElection443: begin an election at term 521 for -1: [f4c54511-b161-4347-aec5-5236dc80a0d8:0.0.0.0:41238, 907b9765-214b-4864-b66a-d6e2a5789e5c:0.0.0.0:41650, bf55b3f9-6b09-4365-9d71-55289e083fa5:0.0.0.0:42441], old=null
2019-10-16 18:01:44,037 [grpc-default-executor-1] INFO  impl.RaftServerImpl (RaftServerImpl.java:setRole(184)) - f4c54511-b161-4347-aec5-5236dc80a0d8@group-EFD1D20A002C: changes role from  FOLLOWER to FOLLOWER at term 521 for recognizeCandidate:bf55b3f9-6b09-4365-9d71-55289e083fa5
2019-10-16 18:01:44,037 [grpc-default-executor-3] INFO  impl.RaftServerImpl (RaftServerImpl.java:setRole(184)) - 907b9765-214b-4864-b66a-d6e2a5789e5c@group-EFD1D20A002C: changes role from  FOLLOWER to FOLLOWER at term 521 for recognizeCandidate:bf55b3f9-6b09-4365-9d71-55289e083fa5
2019-10-16 18:01:44,038 [grpc-default-executor-3] INFO  impl.RoleInfo (RoleInfo.java:shutdownFollowerState(121)) - 907b9765-214b-4864-b66a-d6e2a5789e5c: shutdown FollowerState
2019-10-16 18:01:44,037 [grpc-default-executor-1] INFO  impl.RoleInfo (RoleInfo.java:shutdownFollowerState(121)) - f4c54511-b161-4347-aec5-5236dc80a0d8: shutdown FollowerState
2019-10-16 18:01:44,038 [Thread-3154] INFO  impl.FollowerState (FollowerState.java:run(117)) - 907b9765-214b-4864-b66a-d6e2a5789e5c@group-EFD1D20A002C-FollowerState was interrupted: java.lang.InterruptedException: sleep interrupted
2019-10-16 18:01:44,038 [Thread-3153] INFO  impl.FollowerState (FollowerState.java:run(117)) - f4c54511-b161-4347-aec5-5236dc80a0d8@group-EFD1D20A002C-FollowerState was interrupted: java.lang.InterruptedException: sleep interrupted
2019-10-16 18:01:44,038 [grpc-default-executor-3] INFO  impl.RoleInfo (RoleInfo.java:updateAndGet(143)) - 907b9765-214b-4864-b66a-d6e2a5789e5c: start FollowerState
2019-10-16 18:01:44,038 [grpc-default-executor-1] INFO  impl.RoleInfo (RoleInfo.java:updateAndGet(143)) - f4c54511-b161-4347-aec5-5236dc80a0d8: start FollowerState
2019-10-16 18:01:44,062 [bf55b3f9-6b09-4365-9d71-55289e083fa5@group-EFD1D20A002C-LeaderElection443] INFO  impl.LeaderElection (LeaderElection.java:logAndReturn(56)) - bf55b3f9-6b09-4365-9d71-55289e083fa5@group-EFD1D20A002C-LeaderElection443: Election REJECTED; received 2 response(s) [bf55b3f9-6b09-4365-9d71-55289e083fa5<-f4c54511-b161-4347-aec5-5236dc80a0d8#0:FAIL-t521, bf55b3f9-6b09-4365-9d71-55289e083fa5<-907b9765-214b-4864-b66a-d6e2a5789e5c#0:FAIL-t521] and 0 exception(s); bf55b3f9-6b09-4365-9d71-55289e083fa5@group-EFD1D20A002C:t521, leader=null, voted=bf55b3f9-6b09-4365-9d71-55289e083fa5, raftlog=bf55b3f9-6b09-4365-9d71-55289e083fa5@group-EFD1D20A002C-SegmentedRaftLog:OPENED:c-1,f-1,i0, conf=-1: [f4c54511-b161-4347-aec5-5236dc80a0d8:0.0.0.0:41238, 907b9765-214b-4864-b66a-d6e2a5789e5c:0.0.0.0:41650, bf55b3f9-6b09-4365-9d71-55289e083fa5:0.0.0.0:42441], old=null
2019-10-16 18:01:44,062 [bf55b3f9-6b09-4365-9d71-55289e083fa5@group-EFD1D20A002C-LeaderElection443] INFO  impl.RaftServerImpl (RaftServerImpl.java:setRole(184)) - bf55b3f9-6b09-4365-9d71-55289e083fa5@group-EFD1D20A002C: changes role from CANDIDATE to FOLLOWER at term 521 for DISCOVERED_A_NEW_TERM
2019-10-16 18:01:44,062 [bf55b3f9-6b09-4365-9d71-55289e083fa5@group-EFD1D20A002C-LeaderElection443] INFO  impl.RoleInfo (RoleInfo.java:shutdownLeaderElection(134)) - bf55b3f9-6b09-4365-9d71-55289e083fa5: shutdown LeaderElection
2019-10-16 18:01:44,062 [bf55b3f9-6b09-4365-9d71-55289e083fa5@group-EFD1D20A002C-LeaderElection443] INFO  impl.RoleInfo (RoleInfo.java:updateAndGet(143)) - bf55b3f9-6b09-4365-9d71-55289e083fa5: start FollowerState
2019-10-16 18:01:44,108 [Thread-3161] INFO  impl.FollowerState (FollowerState.java:run(108)) - bf55b3f9-6b09-4365-9d71-55289e083fa5@group-EFD1D20A002C-FollowerState: change to CANDIDATE, lastRpcTime:46ms, electionTimeout:46ms
2019-10-16 18:01:44,109 [Thread-3161] INFO  impl.RoleInfo (RoleInfo.java:shutdownFollowerState(121)) - bf55b3f9-6b09-4365-9d71-55289e083fa5: shutdown FollowerState
2019-10-16 18:01:44,109 [Thread-3161] INFO  impl.RaftServerImpl (RaftServerImpl.java:setRole(184)) - bf55b3f9-6b09-4365-9d71-55289e083fa5@group-EFD1D20A002C: changes role from  FOLLOWER to CANDIDATE at term 521 for changeToCandidate
2019-10-16 18:01:44,109 [Thread-3161] INFO  impl.RoleInfo (RoleInfo.java:updateAndGet(143)) - bf55b3f9-6b09-4365-9d71-55289e083fa5: start LeaderElection
2019-10-16 18:01:44,137 [bf55b3f9-6b09-4365-9d71-55289e083fa5@group-EFD1D20A002C-LeaderElection444] INFO  impl.LeaderElection (LeaderElection.java:askForVotes(178)) - bf55b3f9-6b09-4365-9d71-55289e083fa5@group-EFD1D20A002C-LeaderElection444: begin an election at term 522 for -1: [f4c54511-b161-4347-aec5-5236dc80a0d8:0.0.0.0:41238, 907b9765-214b-4864-b66a-d6e2a5789e5c:0.0.0.0:41650, bf55b3f9-6b09-4365-9d71-55289e083fa5:0.0.0.0:42441], old=null
2019-10-16 18:01:44,139 [grpc-default-executor-1] INFO  impl.RaftServerImpl (RaftServerImpl.java:setRole(184)) - 907b9765-214b-4864-b66a-d6e2a5789e5c@group-EFD1D20A002C: changes role from  FOLLOWER to FOLLOWER at term 522 for recognizeCandidate:bf55b3f9-6b09-4365-9d71-55289e083fa5
2019-10-16 18:01:44,139 [grpc-default-executor-1] INFO  impl.RoleInfo (RoleInfo.java:shutdownFollowerState(121)) - 907b9765-214b-4864-b66a-d6e2a5789e5c: shutdown FollowerState
2019-10-16 18:01:44,139 [grpc-default-executor-3] INFO  impl.RaftServerImpl (RaftServerImpl.java:setRole(184)) - f4c54511-b161-4347-aec5-5236dc80a0d8@group-EFD1D20A002C: changes role from  FOLLOWER to FOLLOWER at term 522 for recognizeCandidate:bf55b3f9-6b09-4365-9d71-55289e083fa5
2019-10-16 18:01:44,139 [grpc-default-executor-3] INFO  impl.RoleInfo (RoleInfo.java:shutdownFollowerState(121)) - f4c54511-b161-4347-aec5-5236dc80a0d8: shutdown FollowerState
2019-10-16 18:01:44,139 [Thread-3159] INFO  impl.FollowerState (FollowerState.java:run(117)) - 907b9765-214b-4864-b66a-d6e2a5789e5c@group-EFD1D20A002C-FollowerState was interrupted: java.lang.InterruptedException: sleep interrupted
2019-10-16 18:01:44,139 [grpc-default-executor-1] INFO  impl.RoleInfo (RoleInfo.java:updateAndGet(143)) - 907b9765-214b-4864-b66a-d6e2a5789e5c: start FollowerState
2019-10-16 18:01:44,139 [Thread-3160] INFO  impl.FollowerState (FollowerState.java:run(117)) - f4c54511-b161-4347-aec5-5236dc80a0d8@group-EFD1D20A002C-FollowerState was interrupted: java.lang.InterruptedException: sleep interrupted
2019-10-16 18:01:44,139 [grpc-default-executor-3] INFO  impl.RoleInfo (RoleInfo.java:updateAndGet(143)) - f4c54511-b161-4347-aec5-5236dc80a0d8: start FollowerState
2019-10-16 18:01:44,163 [bf55b3f9-6b09-4365-9d71-55289e083fa5@group-EFD1D20A002C-LeaderElection444] INFO  impl.LeaderElection (LeaderElection.java:logAndReturn(56)) - bf55b3f9-6b09-4365-9d71-55289e083fa5@group-EFD1D20A002C-LeaderElection444: Election REJECTED; received 2 response(s) [bf55b3f9-6b09-4365-9d71-55289e083fa5<-f4c54511-b161-4347-aec5-5236dc80a0d8#0:FAIL-t522, bf55b3f9-6b09-4365-9d71-55289e083fa5<-907b9765-214b-4864-b66a-d6e2a5789e5c#0:FAIL-t522] and 0 exception(s); bf55b3f9-6b09-4365-9d71-55289e083fa5@group-EFD1D20A002C:t522, leader=null, voted=bf55b3f9-6b09-4365-9d71-55289e083fa5, raftlog=bf55b3f9-6b09-4365-9d71-55289e083fa5@group-EFD1D20A002C-SegmentedRaftLog:OPENED:c-1,f-1,i0, conf=-1: [f4c54511-b161-4347-aec5-5236dc80a0d8:0.0.0.0:41238, 907b9765-214b-4864-b66a-d6e2a5789e5c:0.0.0.0:41650, bf55b3f9-6b09-4365-9d71-55289e083fa5:0.0.0.0:42441], old=null
2019-10-16 18:01:44,163 [bf55b3f9-6b09-4365-9d71-55289e083fa5@group-EFD1D20A002C-LeaderElection444] INFO  impl.RaftServerImpl (RaftServerImpl.java:setRole(184)) - bf55b3f9-6b09-4365-9d71-55289e083fa5@group-EFD1D20A002C: changes role from CANDIDATE to FOLLOWER at term 522 for DISCOVERED_A_NEW_TERM
2019-10-16 18:01:44,163 [bf55b3f9-6b09-4365-9d71-55289e083fa5@group-EFD1D20A002C-LeaderElection444] INFO  impl.RoleInfo (RoleInfo.java:shutdownLeaderElection(134)) - bf55b3f9-6b09-4365-9d71-55289e083fa5: shutdown LeaderElection
2019-10-16 18:01:44,163 [bf55b3f9-6b09-4365-9d71-55289e083fa5@group-EFD1D20A002C-LeaderElection444] INFO  impl.RoleInfo (RoleInfo.java:updateAndGet(143)) - bf55b3f9-6b09-4365-9d71-55289e083fa5: start FollowerState
2019-10-16 18:01:44,305 [Thread-3167] INFO  impl.FollowerState (FollowerState.java:run(108)) - bf55b3f9-6b09-4365-9d71-55289e083fa5@group-EFD1D20A002C-FollowerState: change to CANDIDATE, lastRpcTime:141ms, electionTimeout:141ms
2019-10-16 18:01:44,305 [Thread-3167] INFO  impl.RoleInfo (RoleInfo.java:shutdownFollowerState(121)) - bf55b3f9-6b09-4365-9d71-55289e083fa5: shutdown FollowerState
2019-10-16 18:01:44,305 [Thread-3167] INFO  impl.RaftServerImpl (RaftServerImpl.java:setRole(184)) - bf55b3f9-6b09-4365-9d71-55289e083fa5@group-EFD1D20A002C: changes role from  FOLLOWER to CANDIDATE at term 522 for changeToCandidate
2019-10-16 18:01:44,305 [Thread-3167] INFO  impl.RoleInfo (RoleInfo.java:updateAndGet(143)) - bf55b3f9-6b09-4365-9d71-55289e083fa5: start LeaderElection
2019-10-16 18:01:44,332 [bf55b3f9-6b09-4365-9d71-55289e083fa5@group-EFD1D20A002C-LeaderElection445] INFO  impl.LeaderElection (LeaderElection.java:askForVotes(178)) - bf55b3f9-6b09-4365-9d71-55289e083fa5@group-EFD1D20A002C-LeaderElection445: begin an election at term 523 for -1: [f4c54511-b161-4347-aec5-5236dc80a0d8:0.0.0.0:41238, 907b9765-214b-4864-b66a-d6e2a5789e5c:0.0.0.0:41650, bf55b3f9-6b09-4365-9d71-55289e083fa5:0.0.0.0:42441], old=null
2019-10-16 18:01:44,334 [grpc-default-executor-1] INFO  impl.RaftServerImpl (RaftServerImpl.java:setRole(184)) - 907b9765-214b-4864-b66a-d6e2a5789e5c@group-EFD1D20A002C: changes role from  FOLLOWER to FOLLOWER at term 523 for recognizeCandidate:bf55b3f9-6b09-4365-9d71-55289e083fa5
2019-10-16 18:01:44,334 [grpc-default-executor-3] INFO  impl.RaftServerImpl (RaftServerImpl.java:setRole(184)) - f4c54511-b161-4347-aec5-5236dc80a0d8@group-EFD1D20A002C: changes role from  FOLLOWER to FOLLOWER at term 523 for recognizeCandidate:bf55b3f9-6b09-4365-9d71-55289e083fa5
2019-10-16 18:01:44,334 [grpc-default-executor-1] INFO  impl.RoleInfo (RoleInfo.java:shutdownFollowerState(121)) - 907b9765-214b-4864-b66a-d6e2a5789e5c: shutdown FollowerState
2019-10-16 18:01:44,334 [grpc-default-executor-3] INFO  impl.RoleInfo (RoleInfo.java:shutdownFollowerState(121)) - f4c54511-b161-4347-aec5-5236dc80a0d8: shutdown FollowerState
2019-10-16 18:01:44,334 [Thread-3165] INFO  impl.FollowerState (FollowerState.java:run(117)) - 907b9765-214b-4864-b66a-d6e2a5789e5c@group-EFD1D20A002C-FollowerState was interrupted: java.lang.InterruptedException: sleep interrupted
2019-10-16 18:01:44,334 [grpc-default-executor-1] INFO  impl.RoleInfo (RoleInfo.java:updateAndGet(143)) - 907b9765-214b-4864-b66a-d6e2a5789e5c: start FollowerState
2019-10-16 18:01:44,334 [Thread-3166] INFO  impl.FollowerState (FollowerState.java:run(117)) - f4c54511-b161-4347-aec5-5236dc80a0d8@group-EFD1D20A002C-FollowerState was interrupted: java.lang.InterruptedException: sleep interrupted
2019-10-16 18:01:44,334 [grpc-default-executor-3] INFO  impl.RoleInfo (RoleInfo.java:updateAndGet(143)) - f4c54511-b161-4347-aec5-5236dc80a0d8: start FollowerState
2019-10-16 18:01:44,358 [bf55b3f9-6b09-4365-9d71-55289e083fa5@group-EFD1D20A002C-LeaderElection445] INFO  impl.LeaderElection (LeaderElection.java:logAndReturn(56)) - bf55b3f9-6b09-4365-9d71-55289e083fa5@group-EFD1D20A002C-LeaderElection445: Election REJECTED; received 2 response(s) [bf55b3f9-6b09-4365-9d71-55289e083fa5<-f4c54511-b161-4347-aec5-5236dc80a0d8#0:FAIL-t523, bf55b3f9-6b09-4365-9d71-55289e083fa5<-907b9765-214b-4864-b66a-d6e2a5789e5c#0:FAIL-t523] and 0 exception(s); bf55b3f9-6b09-4365-9d71-55289e083fa5@group-EFD1D20A002C:t523, leader=null, voted=bf55b3f9-6b09-4365-9d71-55289e083fa5, raftlog=bf55b3f9-6b09-4365-9d71-55289e083fa5@group-EFD1D20A002C-SegmentedRaftLog:OPENED:c-1,f-1,i0, conf=-1: [f4c54511-b161-4347-aec5-5236dc80a0d8:0.0.0.0:41238, 907b9765-214b-4864-b66a-d6e2a5789e5c:0.0.0.0:41650, bf55b3f9-6b09-4365-9d71-55289e083fa5:0.0.0.0:42441], old=null
2019-10-16 18:01:44,359 [bf55b3f9-6b09-4365-9d71-55289e083fa5@group-EFD1D20A002C-LeaderElection445] INFO  impl.RaftServerImpl (RaftServerImpl.java:setRole(184)) - bf55b3f9-6b09-4365-9d71-55289e083fa5@group-EFD1D20A002C: changes role from CANDIDATE to FOLLOWER at term 523 for DISCOVERED_A_NEW_TERM
2019-10-16 18:01:44,359 [bf55b3f9-6b09-4365-9d71-55289e083fa5@group-EFD1D20A002C-LeaderElection445] INFO  impl.RoleInfo (RoleInfo.java:shutdownLeaderElection(134)) - bf55b3f9-6b09-4365-9d71-55289e083fa5: shutdown LeaderElection
2019-10-16 18:01:44,359 [bf55b3f9-6b09-4365-9d71-55289e083fa5@group-EFD1D20A002C-LeaderElection445] INFO  impl.RoleInfo (RoleInfo.java:updateAndGet(143)) - bf55b3f9-6b09-4365-9d71-55289e083fa5: start FollowerState
2019-10-16 18:01:44,492 [Thread-3175] INFO  impl.FollowerState (FollowerState.java:run(108)) - bf55b3f9-6b09-4365-9d71-55289e083fa5@group-EFD1D20A002C-FollowerState: change to CANDIDATE, lastRpcTime:133ms, electionTimeout:133ms
2019-10-16 18:01:44,493 [Thread-3175] INFO  impl.RoleInfo (RoleInfo.java:shutdownFollowerState(121)) - bf55b3f9-6b09-4365-9d71-55289e083fa5: shutdown FollowerState
2019-10-16 18:01:44,493 [Thread-3175] INFO  impl.RaftServerImpl (RaftServerImpl.java:setRole(184)) - bf55b3f9-6b09-4365-9d71-55289e083fa5@group-EFD1D20A002C: changes role from  FOLLOWER to CANDIDATE at term 523 for changeToCandidate
2019-10-16 18:01:44,493 [Thread-3175] INFO  impl.RoleInfo (RoleInfo.java:updateAndGet(143)) - bf55b3f9-6b09-4365-9d71-55289e083fa5: start LeaderElection
2019-10-16 18:01:44,517 [bf55b3f9-6b09-4365-9d71-55289e083fa5@group-EFD1D20A002C-LeaderElection446] INFO  impl.LeaderElection (LeaderElection.java:askForVotes(178)) - bf55b3f9-6b09-4365-9d71-55289e083fa5@group-EFD1D20A002C-LeaderElection446: begin an election at term 524 for -1: [f4c54511-b161-4347-aec5-5236dc80a0d8:0.0.0.0:41238, 907b9765-214b-4864-b66a-d6e2a5789e5c:0.0.0.0:41650, bf55b3f9-6b09-4365-9d71-55289e083fa5:0.0.0.0:42441], old=null
2019-10-16 18:01:44,521 [grpc-default-executor-1] INFO  impl.RaftServerImpl (RaftServerImpl.java:setRole(184)) - f4c54511-b161-4347-aec5-5236dc80a0d8@group-EFD1D20A002C: changes role from  FOLLOWER to FOLLOWER at term 524 for recognizeCandidate:bf55b3f9-6b09-4365-9d71-55289e083fa5
2019-10-16 18:01:44,521 [grpc-default-executor-3] INFO  impl.RaftServerImpl (RaftServerImpl.java:setRole(184)) - 907b9765-214b-4864-b66a-d6e2a5789e5c@group-EFD1D20A002C: changes role from  FOLLOWER to FOLLOWER at term 524 for recognizeCandidate:bf55b3f9-6b09-4365-9d71-55289e083fa5
2019-10-16 18:01:44,521 [grpc-default-executor-1] INFO  impl.RoleInfo (RoleInfo.java:shutdownFollowerState(121)) - f4c54511-b161-4347-aec5-5236dc80a0d8: shutdown FollowerState
2019-10-16 18:01:44,522 [grpc-default-executor-3] INFO  impl.RoleInfo (RoleInfo.java:shutdownFollowerState(121)) - 907b9765-214b-4864-b66a-d6e2a5789e5c: shutdown FollowerState
2019-10-16 18:01:44,522 [Thread-3174] INFO  impl.FollowerState (FollowerState.java:run(117)) - f4c54511-b161-4347-aec5-5236dc80a0d8@group-EFD1D20A002C-FollowerState was interrupted: java.lang.InterruptedException: sleep interrupted
2019-10-16 18:01:44,522 [grpc-default-executor-1] INFO  impl.RoleInfo (RoleInfo.java:updateAndGet(143)) - f4c54511-b161-4347-aec5-5236dc80a0d8: start FollowerState
2019-10-16 18:01:44,522 [Thread-3173] INFO  impl.FollowerState (FollowerState.java:run(117)) - 907b9765-214b-4864-b66a-d6e2a5789e5c@group-EFD1D20A002C-FollowerState was interrupted: java.lang.InterruptedException: sleep interrupted
2019-10-16 18:01:44,522 [grpc-default-executor-3] INFO  impl.RoleInfo (RoleInfo.java:updateAndGet(143)) - 907b9765-214b-4864-b66a-d6e2a5789e5c: start FollowerState
2019-10-16 18:01:44,552 [bf55b3f9-6b09-4365-9d71-55289e083fa5@group-EFD1D20A002C-LeaderElection446] INFO  impl.LeaderElection (LeaderElection.java:logAndReturn(56)) - bf55b3f9-6b09-4365-9d71-55289e083fa5@group-EFD1D20A002C-LeaderElection446: Election REJECTED; received 2 response(s) [bf55b3f9-6b09-4365-9d71-55289e083fa5<-f4c54511-b161-4347-aec5-5236dc80a0d8#0:FAIL-t524, bf55b3f9-6b09-4365-9d71-55289e083fa5<-907b9765-214b-4864-b66a-d6e2a5789e5c#0:FAIL-t524] and 0 exception(s); bf55b3f9-6b09-4365-9d71-55289e083fa5@group-EFD1D20A002C:t524, leader=null, voted=bf55b3f9-6b09-4365-9d71-55289e083fa5, raftlog=bf55b3f9-6b09-4365-9d71-55289e083fa5@group-EFD1D20A002C-SegmentedRaftLog:OPENED:c-1,f-1,i0, conf=-1: [f4c54511-b161-4347-aec5-5236dc80a0d8:0.0.0.0:41238, 907b9765-214b-4864-b66a-d6e2a5789e5c:0.0.0.0:41650, bf55b3f9-6b09-4365-9d71-55289e083fa5:0.0.0.0:42441], old=null
2019-10-16 18:01:44,552 [bf55b3f9-6b09-4365-9d71-55289e083fa5@group-EFD1D20A002C-LeaderElection446] INFO  impl.RaftServerImpl (RaftServerImpl.java:setRole(184)) - bf55b3f9-6b09-4365-9d71-55289e083fa5@group-EFD1D20A002C: changes role from CANDIDATE to FOLLOWER at term 524 for DISCOVERED_A_NEW_TERM
2019-10-16 18:01:44,552 [bf55b3f9-6b09-4365-9d71-55289e083fa5@group-EFD1D20A002C-LeaderElection446] INFO  impl.RoleInfo (RoleInfo.java:shutdownLeaderElection(134)) - bf55b3f9-6b09-4365-9d71-55289e083fa5: shutdown LeaderElection
2019-10-16 18:01:44,552 [bf55b3f9-6b09-4365-9d71-55289e083fa5@group-EFD1D20A002C-LeaderElection446] INFO  impl.RoleInfo (RoleInfo.java:updateAndGet(143)) - bf55b3f9-6b09-4365-9d71-55289e083fa5: start FollowerState
2019-10-16 18:01:44,616 [Thread-3181] INFO  impl.FollowerState (FollowerState.java:run(108)) - bf55b3f9-6b09-4365-9d71-55289e083fa5@group-EFD1D20A002C-FollowerState: change to CANDIDATE, lastRpcTime:63ms, electionTimeout:63ms
2019-10-16 18:01:44,616 [Thread-3181] INFO  impl.RoleInfo (RoleInfo.java:shutdownFollowerState(121)) - bf55b3f9-6b09-4365-9d71-55289e083fa5: shutdown FollowerState
2019-10-16 18:01:44,616 [Thread-3181] INFO  impl.RaftServerImpl (RaftServerImpl.java:setRole(184)) - bf55b3f9-6b09-4365-9d71-55289e083fa5@group-EFD1D20A002C: changes role from  FOLLOWER to CANDIDATE at term 524 for changeToCandidate
2019-10-16 18:01:44,616 [Thread-3181] INFO  impl.RoleInfo (RoleInfo.java:updateAndGet(143)) - bf55b3f9-6b09-4365-9d71-55289e083fa5: start LeaderElection
2019-10-16 18:01:44,643 [bf55b3f9-6b09-4365-9d71-55289e083fa5@group-EFD1D20A002C-LeaderElection447] INFO  impl.LeaderElection (LeaderElection.java:askForVotes(178)) - bf55b3f9-6b09-4365-9d71-55289e083fa5@group-EFD1D20A002C-LeaderElection447: begin an election at term 525 for -1: [f4c54511-b161-4347-aec5-5236dc80a0d8:0.0.0.0:41238, 907b9765-214b-4864-b66a-d6e2a5789e5c:0.0.0.0:41650, bf55b3f9-6b09-4365-9d71-55289e083fa5:0.0.0.0:42441], old=null
2019-10-16 18:01:44,645 [grpc-default-executor-3] INFO  impl.RaftServerImpl (RaftServerImpl.java:setRole(184)) - 907b9765-214b-4864-b66a-d6e2a5789e5c@group-EFD1D20A002C: changes role from  FOLLOWER to FOLLOWER at term 525 for recognizeCandidate:bf55b3f9-6b09-4365-9d71-55289e083fa5
2019-10-16 18:01:44,645 [grpc-default-executor-1] INFO  impl.RaftServerImpl (RaftServerImpl.java:setRole(184)) - f4c54511-b161-4347-aec5-5236dc80a0d8@group-EFD1D20A002C: changes role from  FOLLOWER to FOLLOWER at term 525 for recognizeCandidate:bf55b3f9-6b09-4365-9d71-55289e083fa5
2019-10-16 18:01:44,645 [grpc-default-executor-1] INFO  impl.RoleInfo (RoleInfo.java:shutdownFollowerState(121)) - f4c54511-b161-4347-aec5-5236dc80a0d8: shutdown FollowerState
2019-10-16 18:01:44,645 [grpc-default-executor-3] INFO  impl.RoleInfo (RoleInfo.java:shutdownFollowerState(121)) - 907b9765-214b-4864-b66a-d6e2a5789e5c: shutdown FollowerState
2019-10-16 18:01:44,646 [grpc-default-executor-1] INFO  impl.RoleInfo (RoleInfo.java:updateAndGet(143)) - f4c54511-b161-4347-aec5-5236dc80a0d8: start FollowerState
2019-10-16 18:01:44,646 [Thread-3180] INFO  impl.FollowerState (FollowerState.java:run(117)) - 907b9765-214b-4864-b66a-d6e2a5789e5c@group-EFD1D20A002C-FollowerState was interrupted: java.lang.InterruptedException: sleep interrupted
2019-10-16 18:01:44,646 [Thread-3179] INFO  impl.FollowerState (FollowerState.java:run(117)) - f4c54511-b161-4347-aec5-5236dc80a0d8@group-EFD1D20A002C-FollowerState was interrupted: java.lang.InterruptedException: sleep interrupted
2019-10-16 18:01:44,646 [grpc-default-executor-3] INFO  impl.RoleInfo (RoleInfo.java:updateAndGet(143)) - 907b9765-214b-4864-b66a-d6e2a5789e5c: start FollowerState
2019-10-16 18:01:44,661 [bf55b3f9-6b09-4365-9d71-55289e083fa5@group-EFD1D20A002C-LeaderElection447] INFO  impl.LeaderElection (LeaderElection.java:logAndReturn(56)) - bf55b3f9-6b09-4365-9d71-55289e083fa5@group-EFD1D20A002C-LeaderElection447: Election REJECTED; received 2 response(s) [bf55b3f9-6b09-4365-9d71-55289e083fa5<-f4c54511-b161-4347-aec5-5236dc80a0d8#0:FAIL-t525, bf55b3f9-6b09-4365-9d71-55289e083fa5<-907b9765-214b-4864-b66a-d6e2a5789e5c#0:FAIL-t525] and 0 exception(s); bf55b3f9-6b09-4365-9d71-55289e083fa5@group-EFD1D20A002C:t525, leader=null, voted=bf55b3f9-6b09-4365-9d71-55289e083fa5, raftlog=bf55b3f9-6b09-4365-9d71-55289e083fa5@group-EFD1D20A002C-SegmentedRaftLog:OPENED:c-1,f-1,i0, conf=-1: [f4c54511-b161-4347-aec5-5236dc80a0d8:0.0.0.0:41238, 907b9765-214b-4864-b66a-d6e2a5789e5c:0.0.0.0:41650, bf55b3f9-6b09-4365-9d71-55289e083fa5:0.0.0.0:42441], old=null
2019-10-16 18:01:44,662 [bf55b3f9-6b09-4365-9d71-55289e083fa5@group-EFD1D20A002C-LeaderElection447] INFO  impl.RaftServerImpl (RaftServerImpl.java:setRole(184)) - bf55b3f9-6b09-4365-9d71-55289e083fa5@group-EFD1D20A002C: changes role from CANDIDATE to FOLLOWER at term 525 for DISCOVERED_A_NEW_TERM
2019-10-16 18:01:44,662 [bf55b3f9-6b09-4365-9d71-55289e083fa5@group-EFD1D20A002C-LeaderElection447] INFO  impl.RoleInfo (RoleInfo.java:shutdownLeaderElection(134)) - bf55b3f9-6b09-4365-9d71-55289e083fa5: shutdown LeaderElection
2019-10-16 18:01:44,662 [bf55b3f9-6b09-4365-9d71-55289e083fa5@group-EFD1D20A002C-LeaderElection447] INFO  impl.RoleInfo (RoleInfo.java:updateAndGet(143)) - bf55b3f9-6b09-4365-9d71-55289e083fa5: start FollowerState
2019-10-16 18:01:44,779 [Thread-3187] INFO  impl.FollowerState (FollowerState.java:run(108)) - bf55b3f9-6b09-4365-9d71-55289e083fa5@group-EFD1D20A002C-FollowerState: change to CANDIDATE, lastRpcTime:117ms, electionTimeout:117ms
2019-10-16 18:01:44,779 [Thread-3187] INFO  impl.RoleInfo (RoleInfo.java:shutdownFollowerState(121)) - bf55b3f9-6b09-4365-9d71-55289e083fa5: shutdown FollowerState
2019-10-16 18:01:44,779 [Thread-3187] INFO  impl.RaftServerImpl (RaftServerImpl.java:setRole(184)) - bf55b3f9-6b09-4365-9d71-55289e083fa5@group-EFD1D20A002C: changes role from  FOLLOWER to CANDIDATE at term 525 for changeToCandidate
2019-10-16 18:01:44,780 [Thread-3187] INFO  impl.RoleInfo (RoleInfo.java:updateAndGet(143)) - bf55b3f9-6b09-4365-9d71-55289e083fa5: start LeaderElection
2019-10-16 18:01:44,803 [bf55b3f9-6b09-4365-9d71-55289e083fa5@group-EFD1D20A002C-LeaderElection448] INFO  impl.LeaderElection (LeaderElection.java:askForVotes(178)) - bf55b3f9-6b09-4365-9d71-55289e083fa5@group-EFD1D20A002C-LeaderElection448: begin an election at term 526 for -1: [f4c54511-b161-4347-aec5-5236dc80a0d8:0.0.0.0:41238, 907b9765-214b-4864-b66a-d6e2a5789e5c:0.0.0.0:41650, bf55b3f9-6b09-4365-9d71-55289e083fa5:0.0.0.0:42441], old=null
2019-10-16 18:01:44,805 [grpc-default-executor-3] INFO  impl.RaftServerImpl (RaftServerImpl.java:setRole(184)) - f4c54511-b161-4347-aec5-5236dc80a0d8@group-EFD1D20A002C: changes role from  FOLLOWER to FOLLOWER at term 526 for recognizeCandidate:bf55b3f9-6b09-4365-9d71-55289e083fa5
2019-10-16 18:01:44,805 [grpc-default-executor-1] INFO  impl.RaftServerImpl (RaftServerImpl.java:setRole(184)) - 907b9765-214b-4864-b66a-d6e2a5789e5c@group-EFD1D20A002C: changes role from  FOLLOWER to FOLLOWER at term 526 for recognizeCandidate:bf55b3f9-6b09-4365-9d71-55289e083fa5
2019-10-16 18:01:44,805 [grpc-default-executor-3] INFO  impl.RoleInfo (RoleInfo.java:shutdownFollowerState(121)) - f4c54511-b161-4347-aec5-5236dc80a0d8: shutdown FollowerState
2019-10-16 18:01:44,805 [grpc-default-executor-1] INFO  impl.RoleInfo (RoleInfo.java:shutdownFollowerState(121)) - 907b9765-214b-4864-b66a-d6e2a5789e5c: shutdown FollowerState
2019-10-16 18:01:44,805 [Thread-3185] INFO  impl.FollowerState (FollowerState.java:run(117)) - f4c54511-b161-4347-aec5-5236dc80a0d8@group-EFD1D20A002C-FollowerState was interrupted: java.lang.InterruptedException: sleep interrupted
2019-10-16 18:01:44,805 [grpc-default-executor-3] INFO  impl.RoleInfo (RoleInfo.java:updateAndGet(143)) - f4c54511-b161-4347-aec5-5236dc80a0d8: start FollowerState
2019-10-16 18:01:44,806 [Thread-3186] INFO  impl.FollowerState (FollowerState.java:run(117)) - 907b9765-214b-4864-b66a-d6e2a5789e5c@group-EFD1D20A002C-FollowerState was interrupted: java.lang.InterruptedException: sleep interrupted
2019-10-16 18:01:44,806 [grpc-default-executor-1] INFO  impl.RoleInfo (RoleInfo.java:updateAndGet(143)) - 907b9765-214b-4864-b66a-d6e2a5789e5c: start FollowerState
2019-10-16 18:01:44,829 [bf55b3f9-6b09-4365-9d71-55289e083fa5@group-EFD1D20A002C-LeaderElection448] INFO  impl.LeaderElection (LeaderElection.java:logAndReturn(56)) - bf55b3f9-6b09-4365-9d71-55289e083fa5@group-EFD1D20A002C-LeaderElection448: Election REJECTED; received 2 response(s) [bf55b3f9-6b09-4365-9d71-55289e083fa5<-f4c54511-b161-4347-aec5-5236dc80a0d8#0:FAIL-t526, bf55b3f9-6b09-4365-9d71-55289e083fa5<-907b9765-214b-4864-b66a-d6e2a5789e5c#0:FAIL-t526] and 0 exception(s); bf55b3f9-6b09-4365-9d71-55289e083fa5@group-EFD1D20A002C:t526, leader=null, voted=bf55b3f9-6b09-4365-9d71-55289e083fa5, raftlog=bf55b3f9-6b09-4365-9d71-55289e083fa5@group-EFD1D20A002C-SegmentedRaftLog:OPENED:c-1,f-1,i0, conf=-1: [f4c54511-b161-4347-aec5-5236dc80a0d8:0.0.0.0:41238, 907b9765-214b-4864-b66a-d6e2a5789e5c:0.0.0.0:41650, bf55b3f9-6b09-4365-9d71-55289e083fa5:0.0.0.0:42441], old=null
2019-10-16 18:01:44,829 [bf55b3f9-6b09-4365-9d71-55289e083fa5@group-EFD1D20A002C-LeaderElection448] INFO  impl.RaftServerImpl (RaftServerImpl.java:setRole(184)) - bf55b3f9-6b09-4365-9d71-55289e083fa5@group-EFD1D20A002C: changes role from CANDIDATE to FOLLOWER at term 526 for DISCOVERED_A_NEW_TERM
2019-10-16 18:01:44,829 [bf55b3f9-6b09-4365-9d71-55289e083fa5@group-EFD1D20A002C-LeaderElection448] INFO  impl.RoleInfo (RoleInfo.java:shutdownLeaderElection(134)) - bf55b3f9-6b09-4365-9d71-55289e083fa5: shutdown LeaderElection
2019-10-16 18:01:44,829 [bf55b3f9-6b09-4365-9d71-55289e083fa5@group-EFD1D20A002C-LeaderElection448] INFO  impl.RoleInfo (RoleInfo.java:updateAndGet(143)) - bf55b3f9-6b09-4365-9d71-55289e083fa5: start FollowerState
2019-10-16 18:01:45,009 [Thread-3193] INFO  impl.FollowerState (FollowerState.java:run(108)) - bf55b3f9-6b09-4365-9d71-55289e083fa5@group-EFD1D20A002C-FollowerState: change to CANDIDATE, lastRpcTime:179ms, electionTimeout:179ms
2019-10-16 18:01:45,009 [Thread-3193] INFO  impl.RoleInfo (RoleInfo.java:shutdownFollowerState(121)) - bf55b3f9-6b09-4365-9d71-55289e083fa5: shutdown FollowerState
2019-10-16 18:01:45,009 [Thread-3193] INFO  impl.RaftServerImpl (RaftServerImpl.java:setRole(184)) - bf55b3f9-6b09-4365-9d71-55289e083fa5@group-EFD1D20A002C: changes role from  FOLLOWER to CANDIDATE at term 526 for changeToCandidate
2019-10-16 18:01:45,009 [Thread-3193] INFO  impl.RoleInfo (RoleInfo.java:updateAndGet(143)) - bf55b3f9-6b09-4365-9d71-55289e083fa5: start LeaderElection
2019-10-16 18:01:45,039 [bf55b3f9-6b09-4365-9d71-55289e083fa5@group-EFD1D20A002C-LeaderElection449] INFO  impl.LeaderElection (LeaderElection.java:askForVotes(178)) - bf55b3f9-6b09-4365-9d71-55289e083fa5@group-EFD1D20A002C-LeaderElection449: begin an election at term 527 for -1: [f4c54511-b161-4347-aec5-5236dc80a0d8:0.0.0.0:41238, 907b9765-214b-4864-b66a-d6e2a5789e5c:0.0.0.0:41650, bf55b3f9-6b09-4365-9d71-55289e083fa5:0.0.0.0:42441], old=null
2019-10-16 18:01:45,040 [grpc-default-executor-3] INFO  impl.RaftServerImpl (RaftServerImpl.java:setRole(184)) - f4c54511-b161-4347-aec5-5236dc80a0d8@group-EFD1D20A002C: changes role from  FOLLOWER to FOLLOWER at term 527 for recognizeCandidate:bf55b3f9-6b09-4365-9d71-55289e083fa5
2019-10-16 18:01:45,041 [grpc-default-executor-3] INFO  impl.RoleInfo (RoleInfo.java:shutdownFollowerState(121)) - f4c54511-b161-4347-aec5-5236dc80a0d8: shutdown FollowerState
2019-10-16 18:01:45,041 [grpc-default-executor-1] INFO  impl.RaftServerImpl (RaftServerImpl.java:setRole(184)) - 907b9765-214b-4864-b66a-d6e2a5789e5c@group-EFD1D20A002C: changes role from  FOLLOWER to FOLLOWER at term 527 for recognizeCandidate:bf55b3f9-6b09-4365-9d71-55289e083fa5
2019-10-16 18:01:45,041 [grpc-default-executor-1] INFO  impl.RoleInfo (RoleInfo.java:shutdownFollowerState(121)) - 907b9765-214b-4864-b66a-d6e2a5789e5c: shutdown FollowerState
2019-10-16 18:01:45,041 [Thread-3191] INFO  impl.FollowerState (FollowerState.java:run(117)) - f4c54511-b161-4347-aec5-5236dc80a0d8@group-EFD1D20A002C-FollowerState was interrupted: java.lang.InterruptedException: sleep interrupted
2019-10-16 18:01:45,041 [Thread-3192] INFO  impl.FollowerState (FollowerState.java:run(117)) - 907b9765-214b-4864-b66a-d6e2a5789e5c@group-EFD1D20A002C-FollowerState was interrupted: java.lang.InterruptedException: sleep interrupted
2019-10-16 18:01:45,041 [grpc-default-executor-3] INFO  impl.RoleInfo (RoleInfo.java:updateAndGet(143)) - f4c54511-b161-4347-aec5-5236dc80a0d8: start FollowerState
2019-10-16 18:01:45,041 [grpc-default-executor-1] INFO  impl.RoleInfo (RoleInfo.java:updateAndGet(143)) - 907b9765-214b-4864-b66a-d6e2a5789e5c: start FollowerState
2019-10-16 18:01:45,066 [bf55b3f9-6b09-4365-9d71-55289e083fa5@group-EFD1D20A002C-LeaderElection449] INFO  impl.LeaderElection (LeaderElection.java:logAndReturn(56)) - bf55b3f9-6b09-4365-9d71-55289e083fa5@group-EFD1D20A002C-LeaderElection449: Election REJECTED; received 2 response(s) [bf55b3f9-6b09-4365-9d71-55289e083fa5<-f4c54511-b161-4347-aec5-5236dc80a0d8#0:FAIL-t527, bf55b3f9-6b09-4365-9d71-55289e083fa5<-907b9765-214b-4864-b66a-d6e2a5789e5c#0:FAIL-t527] and 0 exception(s); bf55b3f9-6b09-4365-9d71-55289e083fa5@group-EFD1D20A002C:t527, leader=null, voted=bf55b3f9-6b09-4365-9d71-55289e083fa5, raftlog=bf55b3f9-6b09-4365-9d71-55289e083fa5@group-EFD1D20A002C-SegmentedRaftLog:OPENED:c-1,f-1,i0, conf=-1: [f4c54511-b161-4347-aec5-5236dc80a0d8:0.0.0.0:41238, 907b9765-214b-4864-b66a-d6e2a5789e5c:0.0.0.0:41650, bf55b3f9-6b09-4365-9d71-55289e083fa5:0.0.0.0:42441], old=null
2019-10-16 18:01:45,066 [bf55b3f9-6b09-4365-9d71-55289e083fa5@group-EFD1D20A002C-LeaderElection449] INFO  impl.RaftServerImpl (RaftServerImpl.java:setRole(184)) - bf55b3f9-6b09-4365-9d71-55289e083fa5@group-EFD1D20A002C: changes role from CANDIDATE to FOLLOWER at term 527 for DISCOVERED_A_NEW_TERM
2019-10-16 18:01:45,066 [bf55b3f9-6b09-4365-9d71-55289e083fa5@group-EFD1D20A002C-LeaderElection449] INFO  impl.RoleInfo (RoleInfo.java:shutdownLeaderElection(134)) - bf55b3f9-6b09-4365-9d71-55289e083fa5: shutdown LeaderElection
2019-10-16 18:01:45,066 [bf55b3f9-6b09-4365-9d71-55289e083fa5@group-EFD1D20A002C-LeaderElection449] INFO  impl.RoleInfo (RoleInfo.java:updateAndGet(143)) - bf55b3f9-6b09-4365-9d71-55289e083fa5: start FollowerState
2019-10-16 18:01:45,072 [Thread-3199] INFO  impl.FollowerState (FollowerState.java:run(108)) - bf55b3f9-6b09-4365-9d71-55289e083fa5@group-EFD1D20A002C-FollowerState: change to CANDIDATE, lastRpcTime:5ms, electionTimeout:5ms
2019-10-16 18:01:45,072 [Thread-3199] INFO  impl.RoleInfo (RoleInfo.java:shutdownFollowerState(121)) - bf55b3f9-6b09-4365-9d71-55289e083fa5: shutdown FollowerState
2019-10-16 18:01:45,072 [Thread-3199] INFO  impl.RaftServerImpl (RaftServerImpl.java:setRole(184)) - bf55b3f9-6b09-4365-9d71-55289e083fa5@group-EFD1D20A002C: changes role from  FOLLOWER to CANDIDATE at term 527 for changeToCandidate
2019-10-16 18:01:45,072 [Thread-3199] INFO  impl.RoleInfo (RoleInfo.java:updateAndGet(143)) - bf55b3f9-6b09-4365-9d71-55289e083fa5: start LeaderElection
2019-10-16 18:01:45,099 [bf55b3f9-6b09-4365-9d71-55289e083fa5@group-EFD1D20A002C-LeaderElection450] INFO  impl.LeaderElection (LeaderElection.java:askForVotes(178)) - bf55b3f9-6b09-4365-9d71-55289e083fa5@group-EFD1D20A002C-LeaderElection450: begin an election at term 528 for -1: [f4c54511-b161-4347-aec5-5236dc80a0d8:0.0.0.0:41238, 907b9765-214b-4864-b66a-d6e2a5789e5c:0.0.0.0:41650, bf55b3f9-6b09-4365-9d71-55289e083fa5:0.0.0.0:42441], old=null
2019-10-16 18:01:45,100 [grpc-default-executor-1] INFO  impl.RaftServerImpl (RaftServerImpl.java:setRole(184)) - 907b9765-214b-4864-b66a-d6e2a5789e5c@group-EFD1D20A002C: changes role from  FOLLOWER to FOLLOWER at term 528 for recognizeCandidate:bf55b3f9-6b09-4365-9d71-55289e083fa5
2019-10-16 18:01:45,101 [grpc-default-executor-1] INFO  impl.RoleInfo (RoleInfo.java:shutdownFollowerState(121)) - 907b9765-214b-4864-b66a-d6e2a5789e5c: shutdown FollowerState
2019-10-16 18:01:45,100 [grpc-default-executor-3] INFO  impl.RaftServerImpl (RaftServerImpl.java:setRole(184)) - f4c54511-b161-4347-aec5-5236dc80a0d8@group-EFD1D20A002C: changes role from  FOLLOWER to FOLLOWER at term 528 for recognizeCandidate:bf55b3f9-6b09-4365-9d71-55289e083fa5
2019-10-16 18:01:45,101 [Thread-3198] INFO  impl.FollowerState (FollowerState.java:run(117)) - 907b9765-214b-4864-b66a-d6e2a5789e5c@group-EFD1D20A002C-FollowerState was interrupted: java.lang.InterruptedException: sleep interrupted
2019-10-16 18:01:45,101 [grpc-default-executor-1] INFO  impl.RoleInfo (RoleInfo.java:updateAndGet(143)) - 907b9765-214b-4864-b66a-d6e2a5789e5c: start FollowerState
2019-10-16 18:01:45,101 [grpc-default-executor-3] INFO  impl.RoleInfo (RoleInfo.java:shutdownFollowerState(121)) - f4c54511-b161-4347-aec5-5236dc80a0d8: shutdown FollowerState
2019-10-16 18:01:45,101 [grpc-default-executor-3] INFO  impl.RoleInfo (RoleInfo.java:updateAndGet(143)) - f4c54511-b161-4347-aec5-5236dc80a0d8: start FollowerState
2019-10-16 18:01:45,101 [Thread-3197] INFO  impl.FollowerState (FollowerState.java:run(117)) - f4c54511-b161-4347-aec5-5236dc80a0d8@group-EFD1D20A002C-FollowerState was interrupted: java.lang.InterruptedException: sleep interrupted
2019-10-16 18:01:45,125 [bf55b3f9-6b09-4365-9d71-55289e083fa5@group-EFD1D20A002C-LeaderElection450] INFO  impl.LeaderElection (LeaderElection.java:logAndReturn(56)) - bf55b3f9-6b09-4365-9d71-55289e083fa5@group-EFD1D20A002C-LeaderElection450: Election REJECTED; received 2 response(s) [bf55b3f9-6b09-4365-9d71-55289e083fa5<-f4c54511-b161-4347-aec5-5236dc80a0d8#0:FAIL-t528, bf55b3f9-6b09-4365-9d71-55289e083fa5<-907b9765-214b-4864-b66a-d6e2a5789e5c#0:FAIL-t528] and 0 exception(s); bf55b3f9-6b09-4365-9d71-55289e083fa5@group-EFD1D20A002C:t528, leader=null, voted=bf55b3f9-6b09-4365-9d71-55289e083fa5, raftlog=bf55b3f9-6b09-4365-9d71-55289e083fa5@group-EFD1D20A002C-SegmentedRaftLog:OPENED:c-1,f-1,i0, conf=-1: [f4c54511-b161-4347-aec5-5236dc80a0d8:0.0.0.0:41238, 907b9765-214b-4864-b66a-d6e2a5789e5c:0.0.0.0:41650, bf55b3f9-6b09-4365-9d71-55289e083fa5:0.0.0.0:42441], old=null
2019-10-16 18:01:45,125 [bf55b3f9-6b09-4365-9d71-55289e083fa5@group-EFD1D20A002C-LeaderElection450] INFO  impl.RaftServerImpl (RaftServerImpl.java:setRole(184)) - bf55b3f9-6b09-4365-9d71-55289e083fa5@group-EFD1D20A002C: changes role from CANDIDATE to FOLLOWER at term 528 for DISCOVERED_A_NEW_TERM
2019-10-16 18:01:45,125 [bf55b3f9-6b09-4365-9d71-55289e083fa5@group-EFD1D20A002C-LeaderElection450] INFO  impl.RoleInfo (RoleInfo.java:shutdownLeaderElection(134)) - bf55b3f9-6b09-4365-9d71-55289e083fa5: shutdown LeaderElection
2019-10-16 18:01:45,125 [bf55b3f9-6b09-4365-9d71-55289e083fa5@group-EFD1D20A002C-LeaderElection450] INFO  impl.RoleInfo (RoleInfo.java:updateAndGet(143)) - bf55b3f9-6b09-4365-9d71-55289e083fa5: start FollowerState
2019-10-16 18:01:45,228 [Thread-3205] INFO  impl.FollowerState (FollowerState.java:run(108)) - bf55b3f9-6b09-4365-9d71-55289e083fa5@group-EFD1D20A002C-FollowerState: change to CANDIDATE, lastRpcTime:102ms, electionTimeout:102ms
2019-10-16 18:01:45,228 [Thread-3205] INFO  impl.RoleInfo (RoleInfo.java:shutdownFollowerState(121)) - bf55b3f9-6b09-4365-9d71-55289e083fa5: shutdown FollowerState
2019-10-16 18:01:45,228 [Thread-3205] INFO  impl.RaftServerImpl (RaftServerImpl.java:setRole(184)) - bf55b3f9-6b09-4365-9d71-55289e083fa5@group-EFD1D20A002C: changes role from  FOLLOWER to CANDIDATE at term 528 for changeToCandidate
2019-10-16 18:01:45,228 [Thread-3205] INFO  impl.RoleInfo (RoleInfo.java:updateAndGet(143)) - bf55b3f9-6b09-4365-9d71-55289e083fa5: start LeaderElection
2019-10-16 18:01:45,242 [bf55b3f9-6b09-4365-9d71-55289e083fa5@group-EFD1D20A002C-LeaderElection451] INFO  impl.LeaderElection (LeaderElection.java:askForVotes(178)) - bf55b3f9-6b09-4365-9d71-55289e083fa5@group-EFD1D20A002C-LeaderElection451: begin an election at term 529 for -1: [f4c54511-b161-4347-aec5-5236dc80a0d8:0.0.0.0:41238, 907b9765-214b-4864-b66a-d6e2a5789e5c:0.0.0.0:41650, bf55b3f9-6b09-4365-9d71-55289e083fa5:0.0.0.0:42441], old=null
2019-10-16 18:01:45,244 [grpc-default-executor-1] INFO  impl.RaftServerImpl (RaftServerImpl.java:setRole(184)) - 907b9765-214b-4864-b66a-d6e2a5789e5c@group-EFD1D20A002C: changes role from  FOLLOWER to FOLLOWER at term 529 for recognizeCandidate:bf55b3f9-6b09-4365-9d71-55289e083fa5
2019-10-16 18:01:45,244 [grpc-default-executor-3] INFO  impl.RaftServerImpl (RaftServerImpl.java:setRole(184)) - f4c54511-b161-4347-aec5-5236dc80a0d8@group-EFD1D20A002C: changes role from  FOLLOWER to FOLLOWER at term 529 for recognizeCandidate:bf55b3f9-6b09-4365-9d71-55289e083fa5
2019-10-16 18:01:45,244 [grpc-default-executor-1] INFO  impl.RoleInfo (RoleInfo.java:shutdownFollowerState(121)) - 907b9765-214b-4864-b66a-d6e2a5789e5c: shutdown FollowerState
2019-10-16 18:01:45,244 [grpc-default-executor-3] INFO  impl.RoleInfo (RoleInfo.java:shutdownFollowerState(121)) - f4c54511-b161-4347-aec5-5236dc80a0d8: shutdown FollowerState
2019-10-16 18:01:45,244 [Thread-3203] INFO  impl.FollowerState (FollowerState.java:run(117)) - 907b9765-214b-4864-b66a-d6e2a5789e5c@group-EFD1D20A002C-FollowerState was interrupted: java.lang.InterruptedException: sleep interrupted
2019-10-16 18:01:45,244 [Thread-3204] INFO  impl.FollowerState (FollowerState.java:run(117)) - f4c54511-b161-4347-aec5-5236dc80a0d8@group-EFD1D20A002C-FollowerState was interrupted: java.lang.InterruptedException: sleep interrupted
2019-10-16 18:01:45,244 [grpc-default-executor-1] INFO  impl.RoleInfo (RoleInfo.java:updateAndGet(143)) - 907b9765-214b-4864-b66a-d6e2a5789e5c: start FollowerState
2019-10-16 18:01:45,244 [grpc-default-executor-3] INFO  impl.RoleInfo (RoleInfo.java:updateAndGet(143)) - f4c54511-b161-4347-aec5-5236dc80a0d8: start FollowerState
2019-10-16 18:01:45,256 [bf55b3f9-6b09-4365-9d71-55289e083fa5@group-EFD1D20A002C-LeaderElection451] INFO  impl.LeaderElection (LeaderElection.java:logAndReturn(56)) - bf55b3f9-6b09-4365-9d71-55289e083fa5@group-EFD1D20A002C-LeaderElection451: Election TIMEOUT; received 0 response(s) [] and 0 exception(s); bf55b3f9-6b09-4365-9d71-55289e083fa5@group-EFD1D20A002C:t529, leader=null, voted=bf55b3f9-6b09-4365-9d71-55289e083fa5, raftlog=bf55b3f9-6b09-4365-9d71-55289e083fa5@group-EFD1D20A002C-SegmentedRaftLog:OPENED:c-1,f-1,i0, conf=-1: [f4c54511-b161-4347-aec5-5236dc80a0d8:0.0.0.0:41238, 907b9765-214b-4864-b66a-d6e2a5789e5c:0.0.0.0:41650, bf55b3f9-6b09-4365-9d71-55289e083fa5:0.0.0.0:42441], old=null
2019-10-16 18:01:45,285 [bf55b3f9-6b09-4365-9d71-55289e083fa5@group-EFD1D20A002C-LeaderElection451] INFO  impl.LeaderElection (LeaderElection.java:askForVotes(178)) - bf55b3f9-6b09-4365-9d71-55289e083fa5@group-EFD1D20A002C-LeaderElection451: begin an election at term 530 for -1: [f4c54511-b161-4347-aec5-5236dc80a0d8:0.0.0.0:41238, 907b9765-214b-4864-b66a-d6e2a5789e5c:0.0.0.0:41650, bf55b3f9-6b09-4365-9d71-55289e083fa5:0.0.0.0:42441], old=null
2019-10-16 18:01:45,286 [grpc-default-executor-3] INFO  impl.RaftServerImpl (RaftServerImpl.java:setRole(184)) - f4c54511-b161-4347-aec5-5236dc80a0d8@group-EFD1D20A002C: changes role from  FOLLOWER to FOLLOWER at term 530 for recognizeCandidate:bf55b3f9-6b09-4365-9d71-55289e083fa5
2019-10-16 18:01:45,286 [grpc-default-executor-1] INFO  impl.RaftServerImpl (RaftServerImpl.java:setRole(184)) - 907b9765-214b-4864-b66a-d6e2a5789e5c@group-EFD1D20A002C: changes role from  FOLLOWER to FOLLOWER at term 530 for recognizeCandidate:bf55b3f9-6b09-4365-9d71-55289e083fa5
2019-10-16 18:01:45,287 [grpc-default-executor-1] INFO  impl.RoleInfo (RoleInfo.java:shutdownFollowerState(121)) - 907b9765-214b-4864-b66a-d6e2a5789e5c: shutdown FollowerState
2019-10-16 18:01:45,287 [grpc-default-executor-3] INFO  impl.RoleInfo (RoleInfo.java:shutdownFollowerState(121)) - f4c54511-b161-4347-aec5-5236dc80a0d8: shutdown FollowerState
2019-10-16 18:01:45,287 [Thread-3210] INFO  impl.FollowerState (FollowerState.java:run(117)) - 907b9765-214b-4864-b66a-d6e2a5789e5c@group-EFD1D20A002C-FollowerState was interrupted: java.lang.InterruptedException: sleep interrupted
2019-10-16 18:01:45,287 [grpc-default-executor-1] INFO  impl.RoleInfo (RoleInfo.java:updateAndGet(143)) - 907b9765-214b-4864-b66a-d6e2a5789e5c: start FollowerState
2019-10-16 18:01:45,287 [Thread-3211] INFO  impl.FollowerState (FollowerState.java:run(117)) - f4c54511-b161-4347-aec5-5236dc80a0d8@group-EFD1D20A002C-FollowerState was interrupted: java.lang.InterruptedException: sleep interrupted
2019-10-16 18:01:45,287 [grpc-default-executor-3] INFO  impl.RoleInfo (RoleInfo.java:updateAndGet(143)) - f4c54511-b161-4347-aec5-5236dc80a0d8: start FollowerState
2019-10-16 18:01:45,311 [bf55b3f9-6b09-4365-9d71-55289e083fa5@group-EFD1D20A002C-LeaderElection451] INFO  impl.LeaderElection (LeaderElection.java:logAndReturn(56)) - bf55b3f9-6b09-4365-9d71-55289e083fa5@group-EFD1D20A002C-LeaderElection451: Election REJECTED; received 2 response(s) [bf55b3f9-6b09-4365-9d71-55289e083fa5<-f4c54511-b161-4347-aec5-5236dc80a0d8#0:FAIL-t530, bf55b3f9-6b09-4365-9d71-55289e083fa5<-907b9765-214b-4864-b66a-d6e2a5789e5c#0:FAIL-t530] and 0 exception(s); bf55b3f9-6b09-4365-9d71-55289e083fa5@group-EFD1D20A002C:t530, leader=null, voted=bf55b3f9-6b09-4365-9d71-55289e083fa5, raftlog=bf55b3f9-6b09-4365-9d71-55289e083fa5@group-EFD1D20A002C-SegmentedRaftLog:OPENED:c-1,f-1,i0, conf=-1: [f4c54511-b161-4347-aec5-5236dc80a0d8:0.0.0.0:41238, 907b9765-214b-4864-b66a-d6e2a5789e5c:0.0.0.0:41650, bf55b3f9-6b09-4365-9d71-55289e083fa5:0.0.0.0:42441], old=null
2019-10-16 18:01:45,311 [bf55b3f9-6b09-4365-9d71-55289e083fa5@group-EFD1D20A002C-LeaderElection451] INFO  impl.RaftServerImpl (RaftServerImpl.java:setRole(184)) - bf55b3f9-6b09-4365-9d71-55289e083fa5@group-EFD1D20A002C: changes role from CANDIDATE to FOLLOWER at term 530 for DISCOVERED_A_NEW_TERM
2019-10-16 18:01:45,311 [bf55b3f9-6b09-4365-9d71-55289e083fa5@group-EFD1D20A002C-LeaderElection451] INFO  impl.RoleInfo (RoleInfo.java:shutdownLeaderElection(134)) - bf55b3f9-6b09-4365-9d71-55289e083fa5: shutdown LeaderElection
2019-10-16 18:01:45,311 [bf55b3f9-6b09-4365-9d71-55289e083fa5@group-EFD1D20A002C-LeaderElection451] INFO  impl.RoleInfo (RoleInfo.java:updateAndGet(143)) - bf55b3f9-6b09-4365-9d71-55289e083fa5: start FollowerState
2019-10-16 18:01:45,504 [Thread-3217] INFO  impl.FollowerState (FollowerState.java:run(108)) - bf55b3f9-6b09-4365-9d71-55289e083fa5@group-EFD1D20A002C-FollowerState: change to CANDIDATE, lastRpcTime:192ms, electionTimeout:192ms
2019-10-16 18:01:45,504 [Thread-3217] INFO  impl.RoleInfo (RoleInfo.java:shutdownFollowerState(121)) - bf55b3f9-6b09-4365-9d71-55289e083fa5: shutdown FollowerState
2019-10-16 18:01:45,504 [Thread-3217] INFO  impl.RaftServerImpl (RaftServerImpl.java:setRole(184)) - bf55b3f9-6b09-4365-9d71-55289e083fa5@group-EFD1D20A002C: changes role from  FOLLOWER to CANDIDATE at term 530 for changeToCandidate
2019-10-16 18:01:45,504 [Thread-3217] INFO  impl.RoleInfo (RoleInfo.java:updateAndGet(143)) - bf55b3f9-6b09-4365-9d71-55289e083fa5: start LeaderElection
2019-10-16 18:01:45,528 [bf55b3f9-6b09-4365-9d71-55289e083fa5@group-EFD1D20A002C-LeaderElection452] INFO  impl.LeaderElection (LeaderElection.java:askForVotes(178)) - bf55b3f9-6b09-4365-9d71-55289e083fa5@group-EFD1D20A002C-LeaderElection452: begin an election at term 531 for -1: [f4c54511-b161-4347-aec5-5236dc80a0d8:0.0.0.0:41238, 907b9765-214b-4864-b66a-d6e2a5789e5c:0.0.0.0:41650, bf55b3f9-6b09-4365-9d71-55289e083fa5:0.0.0.0:42441], old=null
2019-10-16 18:01:45,530 [grpc-default-executor-3] INFO  impl.RaftServerImpl (RaftServerImpl.java:setRole(184)) - 907b9765-214b-4864-b66a-d6e2a5789e5c@group-EFD1D20A002C: changes role from  FOLLOWER to FOLLOWER at term 531 for recognizeCandidate:bf55b3f9-6b09-4365-9d71-55289e083fa5
2019-10-16 18:01:45,530 [grpc-default-executor-1] INFO  impl.RaftServerImpl (RaftServerImpl.java:setRole(184)) - f4c54511-b161-4347-aec5-5236dc80a0d8@group-EFD1D20A002C: changes role from  FOLLOWER to FOLLOWER at term 531 for recognizeCandidate:bf55b3f9-6b09-4365-9d71-55289e083fa5
2019-10-16 18:01:45,531 [grpc-default-executor-3] INFO  impl.RoleInfo (RoleInfo.java:shutdownFollowerState(121)) - 907b9765-214b-4864-b66a-d6e2a5789e5c: shutdown FollowerState
2019-10-16 18:01:45,531 [grpc-default-executor-1] INFO  impl.RoleInfo (RoleInfo.java:shutdownFollowerState(121)) - f4c54511-b161-4347-aec5-5236dc80a0d8: shutdown FollowerState
2019-10-16 18:01:45,531 [Thread-3215] INFO  impl.FollowerState (FollowerState.java:run(117)) - 907b9765-214b-4864-b66a-d6e2a5789e5c@group-EFD1D20A002C-FollowerState was interrupted: java.lang.InterruptedException: sleep interrupted
2019-10-16 18:01:45,531 [grpc-default-executor-3] INFO  impl.RoleInfo (RoleInfo.java:updateAndGet(143)) - 907b9765-214b-4864-b66a-d6e2a5789e5c: start FollowerState
2019-10-16 18:01:45,531 [grpc-default-executor-1] INFO  impl.RoleInfo (RoleInfo.java:updateAndGet(143)) - f4c54511-b161-4347-aec5-5236dc80a0d8: start FollowerState
2019-10-16 18:01:45,531 [Thread-3216] INFO  impl.FollowerState (FollowerState.java:run(117)) - f4c54511-b161-4347-aec5-5236dc80a0d8@group-EFD1D20A002C-FollowerState was interrupted: java.lang.InterruptedException: sleep interrupted
2019-10-16 18:01:45,563 [bf55b3f9-6b09-4365-9d71-55289e083fa5@group-EFD1D20A002C-LeaderElection452] INFO  impl.LeaderElection (LeaderElection.java:logAndReturn(56)) - bf55b3f9-6b09-4365-9d71-55289e083fa5@group-EFD1D20A002C-LeaderElection452: Election REJECTED; received 2 response(s) [bf55b3f9-6b09-4365-9d71-55289e083fa5<-f4c54511-b161-4347-aec5-5236dc80a0d8#0:FAIL-t531, bf55b3f9-6b09-4365-9d71-55289e083fa5<-907b9765-214b-4864-b66a-d6e2a5789e5c#0:FAIL-t531] and 0 exception(s); bf55b3f9-6b09-4365-9d71-55289e083fa5@group-EFD1D20A002C:t531, leader=null, voted=bf55b3f9-6b09-4365-9d71-55289e083fa5, raftlog=bf55b3f9-6b09-4365-9d71-55289e083fa5@group-EFD1D20A002C-SegmentedRaftLog:OPENED:c-1,f-1,i0, conf=-1: [f4c54511-b161-4347-aec5-5236dc80a0d8:0.0.0.0:41238, 907b9765-214b-4864-b66a-d6e2a5789e5c:0.0.0.0:41650, bf55b3f9-6b09-4365-9d71-55289e083fa5:0.0.0.0:42441], old=null
2019-10-16 18:01:45,564 [bf55b3f9-6b09-4365-9d71-55289e083fa5@group-EFD1D20A002C-LeaderElection452] INFO  impl.RaftServerImpl (RaftServerImpl.java:setRole(184)) - bf55b3f9-6b09-4365-9d71-55289e083fa5@group-EFD1D20A002C: changes role from CANDIDATE to FOLLOWER at term 531 for DISCOVERED_A_NEW_TERM
2019-10-16 18:01:45,564 [bf55b3f9-6b09-4365-9d71-55289e083fa5@group-EFD1D20A002C-LeaderElection452] INFO  impl.RoleInfo (RoleInfo.java:shutdownLeaderElection(134)) - bf55b3f9-6b09-4365-9d71-55289e083fa5: shutdown LeaderElection
2019-10-16 18:01:45,564 [bf55b3f9-6b09-4365-9d71-55289e083fa5@group-EFD1D20A002C-LeaderElection452] INFO  impl.RoleInfo (RoleInfo.java:updateAndGet(143)) - bf55b3f9-6b09-4365-9d71-55289e083fa5: start FollowerState
2019-10-16 18:01:45,744 [Thread-3223] INFO  impl.FollowerState (FollowerState.java:run(108)) - bf55b3f9-6b09-4365-9d71-55289e083fa5@group-EFD1D20A002C-FollowerState: change to CANDIDATE, lastRpcTime:180ms, electionTimeout:180ms
2019-10-16 18:01:45,744 [Thread-3223] INFO  impl.RoleInfo (RoleInfo.java:shutdownFollowerState(121)) - bf55b3f9-6b09-4365-9d71-55289e083fa5: shutdown FollowerState
2019-10-16 18:01:45,745 [Thread-3223] INFO  impl.RaftServerImpl (RaftServerImpl.java:setRole(184)) - bf55b3f9-6b09-4365-9d71-55289e083fa5@group-EFD1D20A002C: changes role from  FOLLOWER to CANDIDATE at term 531 for changeToCandidate
2019-10-16 18:01:45,745 [Thread-3223] INFO  impl.RoleInfo (RoleInfo.java:updateAndGet(143)) - bf55b3f9-6b09-4365-9d71-55289e083fa5: start LeaderElection
2019-10-16 18:01:45,773 [bf55b3f9-6b09-4365-9d71-55289e083fa5@group-EFD1D20A002C-LeaderElection453] INFO  impl.LeaderElection (LeaderElection.java:askForVotes(178)) - bf55b3f9-6b09-4365-9d71-55289e083fa5@group-EFD1D20A002C-LeaderElection453: begin an election at term 532 for -1: [f4c54511-b161-4347-aec5-5236dc80a0d8:0.0.0.0:41238, 907b9765-214b-4864-b66a-d6e2a5789e5c:0.0.0.0:41650, bf55b3f9-6b09-4365-9d71-55289e083fa5:0.0.0.0:42441], old=null
2019-10-16 18:01:45,774 [grpc-default-executor-1] INFO  impl.RaftServerImpl (RaftServerImpl.java:setRole(184)) - 907b9765-214b-4864-b66a-d6e2a5789e5c@group-EFD1D20A002C: changes role from  FOLLOWER to FOLLOWER at term 532 for recognizeCandidate:bf55b3f9-6b09-4365-9d71-55289e083fa5
2019-10-16 18:01:45,775 [grpc-default-executor-1] INFO  impl.RoleInfo (RoleInfo.java:shutdownFollowerState(121)) - 907b9765-214b-4864-b66a-d6e2a5789e5c: shutdown FollowerState
2019-10-16 18:01:45,775 [grpc-default-executor-1] INFO  impl.RoleInfo (RoleInfo.java:updateAndGet(143)) - 907b9765-214b-4864-b66a-d6e2a5789e5c: start FollowerState
2019-10-16 18:01:45,775 [grpc-default-executor-3] INFO  impl.RaftServerImpl (RaftServerImpl.java:setRole(184)) - f4c54511-b161-4347-aec5-5236dc80a0d8@group-EFD1D20A002C: changes role from  FOLLOWER to FOLLOWER at term 532 for recognizeCandidate:bf55b3f9-6b09-4365-9d71-55289e083fa5
2019-10-16 18:01:45,775 [grpc-default-executor-3] INFO  impl.RoleInfo (RoleInfo.java:shutdownFollowerState(121)) - f4c54511-b161-4347-aec5-5236dc80a0d8: shutdown FollowerState
2019-10-16 18:01:45,775 [Thread-3221] INFO  impl.FollowerState (FollowerState.java:run(117)) - 907b9765-214b-4864-b66a-d6e2a5789e5c@group-EFD1D20A002C-FollowerState was interrupted: java.lang.InterruptedException: sleep interrupted
2019-10-16 18:01:45,775 [Thread-3222] INFO  impl.FollowerState (FollowerState.java:run(117)) - f4c54511-b161-4347-aec5-5236dc80a0d8@group-EFD1D20A002C-FollowerState was interrupted: java.lang.InterruptedException: sleep interrupted
2019-10-16 18:01:45,775 [grpc-default-executor-3] INFO  impl.RoleInfo (RoleInfo.java:updateAndGet(143)) - f4c54511-b161-4347-aec5-5236dc80a0d8: start FollowerState
2019-10-16 18:01:45,799 [bf55b3f9-6b09-4365-9d71-55289e083fa5@group-EFD1D20A002C-LeaderElection453] INFO  impl.LeaderElection (LeaderElection.java:logAndReturn(56)) - bf55b3f9-6b09-4365-9d71-55289e083fa5@group-EFD1D20A002C-LeaderElection453: Election REJECTED; received 2 response(s) [bf55b3f9-6b09-4365-9d71-55289e083fa5<-f4c54511-b161-4347-aec5-5236dc80a0d8#0:FAIL-t532, bf55b3f9-6b09-4365-9d71-55289e083fa5<-907b9765-214b-4864-b66a-d6e2a5789e5c#0:FAIL-t532] and 0 exception(s); bf55b3f9-6b09-4365-9d71-55289e083fa5@group-EFD1D20A002C:t532, leader=null, voted=bf55b3f9-6b09-4365-9d71-55289e083fa5, raftlog=bf55b3f9-6b09-4365-9d71-55289e083fa5@group-EFD1D20A002C-SegmentedRaftLog:OPENED:c-1,f-1,i0, conf=-1: [f4c54511-b161-4347-aec5-5236dc80a0d8:0.0.0.0:41238, 907b9765-214b-4864-b66a-d6e2a5789e5c:0.0.0.0:41650, bf55b3f9-6b09-4365-9d71-55289e083fa5:0.0.0.0:42441], old=null
2019-10-16 18:01:45,799 [bf55b3f9-6b09-4365-9d71-55289e083fa5@group-EFD1D20A002C-LeaderElection453] INFO  impl.RaftServerImpl (RaftServerImpl.java:setRole(184)) - bf55b3f9-6b09-4365-9d71-55289e083fa5@group-EFD1D20A002C: changes role from CANDIDATE to FOLLOWER at term 532 for DISCOVERED_A_NEW_TERM
2019-10-16 18:01:45,799 [bf55b3f9-6b09-4365-9d71-55289e083fa5@group-EFD1D20A002C-LeaderElection453] INFO  impl.RoleInfo (RoleInfo.java:shutdownLeaderElection(134)) - bf55b3f9-6b09-4365-9d71-55289e083fa5: shutdown LeaderElection
2019-10-16 18:01:45,799 [bf55b3f9-6b09-4365-9d71-55289e083fa5@group-EFD1D20A002C-LeaderElection453] INFO  impl.RoleInfo (RoleInfo.java:updateAndGet(143)) - bf55b3f9-6b09-4365-9d71-55289e083fa5: start FollowerState
2019-10-16 18:01:45,924 [Thread-3229] INFO  impl.FollowerState (FollowerState.java:run(108)) - bf55b3f9-6b09-4365-9d71-55289e083fa5@group-EFD1D20A002C-FollowerState: change to CANDIDATE, lastRpcTime:124ms, electionTimeout:124ms
2019-10-16 18:01:45,924 [Thread-3229] INFO  impl.RoleInfo (RoleInfo.java:shutdownFollowerState(121)) - bf55b3f9-6b09-4365-9d71-55289e083fa5: shutdown FollowerState
2019-10-16 18:01:45,924 [Thread-3229] INFO  impl.RaftServerImpl (RaftServerImpl.java:setRole(184)) - bf55b3f9-6b09-4365-9d71-55289e083fa5@group-EFD1D20A002C: changes role from  FOLLOWER to CANDIDATE at term 532 for changeToCandidate
2019-10-16 18:01:45,924 [Thread-3229] INFO  impl.RoleInfo (RoleInfo.java:updateAndGet(143)) - bf55b3f9-6b09-4365-9d71-55289e083fa5: start LeaderElection
2019-10-16 18:01:45,951 [bf55b3f9-6b09-4365-9d71-55289e083fa5@group-EFD1D20A002C-LeaderElection454] INFO  impl.LeaderElection (LeaderElection.java:askForVotes(178)) - bf55b3f9-6b09-4365-9d71-55289e083fa5@group-EFD1D20A002C-LeaderElection454: begin an election at term 533 for -1: [f4c54511-b161-4347-aec5-5236dc80a0d8:0.0.0.0:41238, 907b9765-214b-4864-b66a-d6e2a5789e5c:0.0.0.0:41650, bf55b3f9-6b09-4365-9d71-55289e083fa5:0.0.0.0:42441], old=null
2019-10-16 18:01:45,953 [grpc-default-executor-1] INFO  impl.RaftServerImpl (RaftServerImpl.java:setRole(184)) - f4c54511-b161-4347-aec5-5236dc80a0d8@group-EFD1D20A002C: changes role from  FOLLOWER to FOLLOWER at term 533 for recognizeCandidate:bf55b3f9-6b09-4365-9d71-55289e083fa5
2019-10-16 18:01:45,953 [grpc-default-executor-2] INFO  impl.RaftServerImpl (RaftServerImpl.java:setRole(184)) - 907b9765-214b-4864-b66a-d6e2a5789e5c@group-EFD1D20A002C: changes role from  FOLLOWER to FOLLOWER at term 533 for recognizeCandidate:bf55b3f9-6b09-4365-9d71-55289e083fa5
2019-10-16 18:01:45,953 [grpc-default-executor-1] INFO  impl.RoleInfo (RoleInfo.java:shutdownFollowerState(121)) - f4c54511-b161-4347-aec5-5236dc80a0d8: shutdown FollowerState
2019-10-16 18:01:45,954 [grpc-default-executor-2] INFO  impl.RoleInfo (RoleInfo.java:shutdownFollowerState(121)) - 907b9765-214b-4864-b66a-d6e2a5789e5c: shutdown FollowerState
2019-10-16 18:01:45,954 [Thread-3228] INFO  impl.FollowerState (FollowerState.java:run(117)) - f4c54511-b161-4347-aec5-5236dc80a0d8@group-EFD1D20A002C-FollowerState was interrupted: java.lang.InterruptedException: sleep interrupted
2019-10-16 18:01:45,954 [grpc-default-executor-1] INFO  impl.RoleInfo (RoleInfo.java:updateAndGet(143)) - f4c54511-b161-4347-aec5-5236dc80a0d8: start FollowerState
2019-10-16 18:01:45,954 [Thread-3227] INFO  impl.FollowerState (FollowerState.java:run(117)) - 907b9765-214b-4864-b66a-d6e2a5789e5c@group-EFD1D20A002C-FollowerState was interrupted: java.lang.InterruptedException: sleep interrupted
2019-10-16 18:01:45,954 [grpc-default-executor-2] INFO  impl.RoleInfo (RoleInfo.java:updateAndGet(143)) - 907b9765-214b-4864-b66a-d6e2a5789e5c: start FollowerState
2019-10-16 18:01:45,977 [bf55b3f9-6b09-4365-9d71-55289e083fa5@group-EFD1D20A002C-LeaderElection454] INFO  impl.LeaderElection (LeaderElection.java:logAndReturn(56)) - bf55b3f9-6b09-4365-9d71-55289e083fa5@group-EFD1D20A002C-LeaderElection454: Election REJECTED; received 2 response(s) [bf55b3f9-6b09-4365-9d71-55289e083fa5<-f4c54511-b161-4347-aec5-5236dc80a0d8#0:FAIL-t533, bf55b3f9-6b09-4365-9d71-55289e083fa5<-907b9765-214b-4864-b66a-d6e2a5789e5c#0:FAIL-t533] and 0 exception(s); bf55b3f9-6b09-4365-9d71-55289e083fa5@group-EFD1D20A002C:t533, leader=null, voted=bf55b3f9-6b09-4365-9d71-55289e083fa5, raftlog=bf55b3f9-6b09-4365-9d71-55289e083fa5@group-EFD1D20A002C-SegmentedRaftLog:OPENED:c-1,f-1,i0, conf=-1: [f4c54511-b161-4347-aec5-5236dc80a0d8:0.0.0.0:41238, 907b9765-214b-4864-b66a-d6e2a5789e5c:0.0.0.0:41650, bf55b3f9-6b09-4365-9d71-55289e083fa5:0.0.0.0:42441], old=null
2019-10-16 18:01:45,978 [bf55b3f9-6b09-4365-9d71-55289e083fa5@group-EFD1D20A002C-LeaderElection454] INFO  impl.RaftServerImpl (RaftServerImpl.java:setRole(184)) - bf55b3f9-6b09-4365-9d71-55289e083fa5@group-EFD1D20A002C: changes role from CANDIDATE to FOLLOWER at term 533 for DISCOVERED_A_NEW_TERM
2019-10-16 18:01:45,978 [bf55b3f9-6b09-4365-9d71-55289e083fa5@group-EFD1D20A002C-LeaderElection454] INFO  impl.RoleInfo (RoleInfo.java:shutdownLeaderElection(134)) - bf55b3f9-6b09-4365-9d71-55289e083fa5: shutdown LeaderElection
2019-10-16 18:01:45,978 [bf55b3f9-6b09-4365-9d71-55289e083fa5@group-EFD1D20A002C-LeaderElection454] INFO  impl.RoleInfo (RoleInfo.java:updateAndGet(143)) - bf55b3f9-6b09-4365-9d71-55289e083fa5: start FollowerState
2019-10-16 18:01:46,051 [Thread-3235] INFO  impl.FollowerState (FollowerState.java:run(108)) - bf55b3f9-6b09-4365-9d71-55289e083fa5@group-EFD1D20A002C-FollowerState: change to CANDIDATE, lastRpcTime:73ms, electionTimeout:73ms
2019-10-16 18:01:46,052 [Thread-3235] INFO  impl.RoleInfo (RoleInfo.java:shutdownFollowerState(121)) - bf55b3f9-6b09-4365-9d71-55289e083fa5: shutdown FollowerState
2019-10-16 18:01:46,052 [Thread-3235] INFO  impl.RaftServerImpl (RaftServerImpl.java:setRole(184)) - bf55b3f9-6b09-4365-9d71-55289e083fa5@group-EFD1D20A002C: changes role from  FOLLOWER to CANDIDATE at term 533 for changeToCandidate
2019-10-16 18:01:46,052 [Thread-3235] INFO  impl.RoleInfo (RoleInfo.java:updateAndGet(143)) - bf55b3f9-6b09-4365-9d71-55289e083fa5: start LeaderElection
2019-10-16 18:01:46,078 [bf55b3f9-6b09-4365-9d71-55289e083fa5@group-EFD1D20A002C-LeaderElection455] INFO  impl.LeaderElection (LeaderElection.java:askForVotes(178)) - bf55b3f9-6b09-4365-9d71-55289e083fa5@group-EFD1D20A002C-LeaderElection455: begin an election at term 534 for -1: [f4c54511-b161-4347-aec5-5236dc80a0d8:0.0.0.0:41238, 907b9765-214b-4864-b66a-d6e2a5789e5c:0.0.0.0:41650, bf55b3f9-6b09-4365-9d71-55289e083fa5:0.0.0.0:42441], old=null
2019-10-16 18:01:46,079 [grpc-default-executor-1] INFO  impl.RaftServerImpl (RaftServerImpl.java:setRole(184)) - f4c54511-b161-4347-aec5-5236dc80a0d8@group-EFD1D20A002C: changes role from  FOLLOWER to FOLLOWER at term 534 for recognizeCandidate:bf55b3f9-6b09-4365-9d71-55289e083fa5
2019-10-16 18:01:46,079 [grpc-default-executor-3] INFO  impl.RaftServerImpl (RaftServerImpl.java:setRole(184)) - 907b9765-214b-4864-b66a-d6e2a5789e5c@group-EFD1D20A002C: changes role from  FOLLOWER to FOLLOWER at term 534 for recognizeCandidate:bf55b3f9-6b09-4365-9d71-55289e083fa5
2019-10-16 18:01:46,079 [grpc-default-executor-1] INFO  impl.RoleInfo (RoleInfo.java:shutdownFollowerState(121)) - f4c54511-b161-4347-aec5-5236dc80a0d8: shutdown FollowerState
2019-10-16 18:01:46,080 [grpc-default-executor-3] INFO  impl.RoleInfo (RoleInfo.java:shutdownFollowerState(121)) - 907b9765-214b-4864-b66a-d6e2a5789e5c: shutdown FollowerState
2019-10-16 18:01:46,080 [Thread-3233] INFO  impl.FollowerState (FollowerState.java:run(117)) - f4c54511-b161-4347-aec5-5236dc80a0d8@group-EFD1D20A002C-FollowerState was interrupted: java.lang.InterruptedException: sleep interrupted
2019-10-16 18:01:46,080 [Thread-3234] INFO  impl.FollowerState (FollowerState.java:run(117)) - 907b9765-214b-4864-b66a-d6e2a5789e5c@group-EFD1D20A002C-FollowerState was interrupted: java.lang.InterruptedException: sleep interrupted
2019-10-16 18:01:46,080 [grpc-default-executor-1] INFO  impl.RoleInfo (RoleInfo.java:updateAndGet(143)) - f4c54511-b161-4347-aec5-5236dc80a0d8: start FollowerState
2019-10-16 18:01:46,080 [grpc-default-executor-3] INFO  impl.RoleInfo (RoleInfo.java:updateAndGet(143)) - 907b9765-214b-4864-b66a-d6e2a5789e5c: start FollowerState
2019-10-16 18:01:46,104 [bf55b3f9-6b09-4365-9d71-55289e083fa5@group-EFD1D20A002C-LeaderElection455] INFO  impl.LeaderElection (LeaderElection.java:logAndReturn(56)) - bf55b3f9-6b09-4365-9d71-55289e083fa5@group-EFD1D20A002C-LeaderElection455: Election REJECTED; received 2 response(s) [bf55b3f9-6b09-4365-9d71-55289e083fa5<-f4c54511-b161-4347-aec5-5236dc80a0d8#0:FAIL-t534, bf55b3f9-6b09-4365-9d71-55289e083fa5<-907b9765-214b-4864-b66a-d6e2a5789e5c#0:FAIL-t534] and 0 exception(s); bf55b3f9-6b09-4365-9d71-55289e083fa5@group-EFD1D20A002C:t534, leader=null, voted=bf55b3f9-6b09-4365-9d71-55289e083fa5, raftlog=bf55b3f9-6b09-4365-9d71-55289e083fa5@group-EFD1D20A002C-SegmentedRaftLog:OPENED:c-1,f-1,i0, conf=-1: [f4c54511-b161-4347-aec5-5236dc80a0d8:0.0.0.0:41238, 907b9765-214b-4864-b66a-d6e2a5789e5c:0.0.0.0:41650, bf55b3f9-6b09-4365-9d71-55289e083fa5:0.0.0.0:42441], old=null
2019-10-16 18:01:46,104 [bf55b3f9-6b09-4365-9d71-55289e083fa5@group-EFD1D20A002C-LeaderElection455] INFO  impl.RaftServerImpl (RaftServerImpl.java:setRole(184)) - bf55b3f9-6b09-4365-9d71-55289e083fa5@group-EFD1D20A002C: changes role from CANDIDATE to FOLLOWER at term 534 for DISCOVERED_A_NEW_TERM
2019-10-16 18:01:46,104 [bf55b3f9-6b09-4365-9d71-55289e083fa5@group-EFD1D20A002C-LeaderElection455] INFO  impl.RoleInfo (RoleInfo.java:shutdownLeaderElection(134)) - bf55b3f9-6b09-4365-9d71-55289e083fa5: shutdown LeaderElection
2019-10-16 18:01:46,104 [bf55b3f9-6b09-4365-9d71-55289e083fa5@group-EFD1D20A002C-LeaderElection455] INFO  impl.RoleInfo (RoleInfo.java:updateAndGet(143)) - bf55b3f9-6b09-4365-9d71-55289e083fa5: start FollowerState
2019-10-16 18:01:46,210 [Thread-3241] INFO  impl.FollowerState (FollowerState.java:run(108)) - bf55b3f9-6b09-4365-9d71-55289e083fa5@group-EFD1D20A002C-FollowerState: change to CANDIDATE, lastRpcTime:106ms, electionTimeout:106ms
2019-10-16 18:01:46,211 [Thread-3241] INFO  impl.RoleInfo (RoleInfo.java:shutdownFollowerState(121)) - bf55b3f9-6b09-4365-9d71-55289e083fa5: shutdown FollowerState
2019-10-16 18:01:46,211 [Thread-3241] INFO  impl.RaftServerImpl (RaftServerImpl.java:setRole(184)) - bf55b3f9-6b09-4365-9d71-55289e083fa5@group-EFD1D20A002C: changes role from  FOLLOWER to CANDIDATE at term 534 for changeToCandidate
2019-10-16 18:01:46,211 [Thread-3241] INFO  impl.RoleInfo (RoleInfo.java:updateAndGet(143)) - bf55b3f9-6b09-4365-9d71-55289e083fa5: start LeaderElection
2019-10-16 18:01:46,237 [bf55b3f9-6b09-4365-9d71-55289e083fa5@group-EFD1D20A002C-LeaderElection456] INFO  impl.LeaderElection (LeaderElection.java:askForVotes(178)) - bf55b3f9-6b09-4365-9d71-55289e083fa5@group-EFD1D20A002C-LeaderElection456: begin an election at term 535 for -1: [f4c54511-b161-4347-aec5-5236dc80a0d8:0.0.0.0:41238, 907b9765-214b-4864-b66a-d6e2a5789e5c:0.0.0.0:41650, bf55b3f9-6b09-4365-9d71-55289e083fa5:0.0.0.0:42441], old=null
2019-10-16 18:01:46,239 [grpc-default-executor-3] INFO  impl.RaftServerImpl (RaftServerImpl.java:setRole(184)) - 907b9765-214b-4864-b66a-d6e2a5789e5c@group-EFD1D20A002C: changes role from  FOLLOWER to FOLLOWER at term 535 for recognizeCandidate:bf55b3f9-6b09-4365-9d71-55289e083fa5
2019-10-16 18:01:46,239 [grpc-default-executor-1] INFO  impl.RaftServerImpl (RaftServerImpl.java:setRole(184)) - f4c54511-b161-4347-aec5-5236dc80a0d8@group-EFD1D20A002C: changes role from  FOLLOWER to FOLLOWER at term 535 for recognizeCandidate:bf55b3f9-6b09-4365-9d71-55289e083fa5
2019-10-16 18:01:46,239 [grpc-default-executor-1] INFO  impl.RoleInfo (RoleInfo.java:shutdownFollowerState(121)) - f4c54511-b161-4347-aec5-5236dc80a0d8: shutdown FollowerState
2019-10-16 18:01:46,239 [grpc-default-executor-3] INFO  impl.RoleInfo (RoleInfo.java:shutdownFollowerState(121)) - 907b9765-214b-4864-b66a-d6e2a5789e5c: shutdown FollowerState
2019-10-16 18:01:46,239 [Thread-3239] INFO  impl.FollowerState (FollowerState.java:run(117)) - f4c54511-b161-4347-aec5-5236dc80a0d8@group-EFD1D20A002C-FollowerState was interrupted: java.lang.InterruptedException: sleep interrupted
2019-10-16 18:01:46,239 [Thread-3240] INFO  impl.FollowerState (FollowerState.java:run(117)) - 907b9765-214b-4864-b66a-d6e2a5789e5c@group-EFD1D20A002C-FollowerState was interrupted: java.lang.InterruptedException: sleep interrupted
2019-10-16 18:01:46,239 [grpc-default-executor-1] INFO  impl.RoleInfo (RoleInfo.java:updateAndGet(143)) - f4c54511-b161-4347-aec5-5236dc80a0d8: start FollowerState
2019-10-16 18:01:46,239 [grpc-default-executor-3] INFO  impl.RoleInfo (RoleInfo.java:updateAndGet(143)) - 907b9765-214b-4864-b66a-d6e2a5789e5c: start FollowerState
2019-10-16 18:01:46,267 [bf55b3f9-6b09-4365-9d71-55289e083fa5@group-EFD1D20A002C-LeaderElection456] INFO  impl.LeaderElection (LeaderElection.java:logAndReturn(56)) - bf55b3f9-6b09-4365-9d71-55289e083fa5@group-EFD1D20A002C-LeaderElection456: Election REJECTED; received 2 response(s) [bf55b3f9-6b09-4365-9d71-55289e083fa5<-f4c54511-b161-4347-aec5-5236dc80a0d8#0:FAIL-t535, bf55b3f9-6b09-4365-9d71-55289e083fa5<-907b9765-214b-4864-b66a-d6e2a5789e5c#0:FAIL-t535] and 0 exception(s); bf55b3f9-6b09-4365-9d71-55289e083fa5@group-EFD1D20A002C:t535, leader=null, voted=bf55b3f9-6b09-4365-9d71-55289e083fa5, raftlog=bf55b3f9-6b09-4365-9d71-55289e083fa5@group-EFD1D20A002C-SegmentedRaftLog:OPENED:c-1,f-1,i0, conf=-1: [f4c54511-b161-4347-aec5-5236dc80a0d8:0.0.0.0:41238, 907b9765-214b-4864-b66a-d6e2a5789e5c:0.0.0.0:41650, bf55b3f9-6b09-4365-9d71-55289e083fa5:0.0.0.0:42441], old=null
2019-10-16 18:01:46,267 [bf55b3f9-6b09-4365-9d71-55289e083fa5@group-EFD1D20A002C-LeaderElection456] INFO  impl.RaftServerImpl (RaftServerImpl.java:setRole(184)) - bf55b3f9-6b09-4365-9d71-55289e083fa5@group-EFD1D20A002C: changes role from CANDIDATE to FOLLOWER at term 535 for DISCOVERED_A_NEW_TERM
2019-10-16 18:01:46,267 [bf55b3f9-6b09-4365-9d71-55289e083fa5@group-EFD1D20A002C-LeaderElection456] INFO  impl.RoleInfo (RoleInfo.java:shutdownLeaderElection(134)) - bf55b3f9-6b09-4365-9d71-55289e083fa5: shutdown LeaderElection
2019-10-16 18:01:46,267 [bf55b3f9-6b09-4365-9d71-55289e083fa5@group-EFD1D20A002C-LeaderElection456] INFO  impl.RoleInfo (RoleInfo.java:updateAndGet(143)) - bf55b3f9-6b09-4365-9d71-55289e083fa5: start FollowerState
2019-10-16 18:01:46,439 [Thread-3249] INFO  impl.FollowerState (FollowerState.java:run(108)) - bf55b3f9-6b09-4365-9d71-55289e083fa5@group-EFD1D20A002C-FollowerState: change to CANDIDATE, lastRpcTime:171ms, electionTimeout:171ms
2019-10-16 18:01:46,439 [Thread-3249] INFO  impl.RoleInfo (RoleInfo.java:shutdownFollowerState(121)) - bf55b3f9-6b09-4365-9d71-55289e083fa5: shutdown FollowerState
2019-10-16 18:01:46,439 [Thread-3249] INFO  impl.RaftServerImpl (RaftServerImpl.java:setRole(184)) - bf55b3f9-6b09-4365-9d71-55289e083fa5@group-EFD1D20A002C: changes role from  FOLLOWER to CANDIDATE at term 535 for changeToCandidate
2019-10-16 18:01:46,439 [Thread-3249] INFO  impl.RoleInfo (RoleInfo.java:updateAndGet(143)) - bf55b3f9-6b09-4365-9d71-55289e083fa5: start LeaderElection
2019-10-16 18:01:46,467 [bf55b3f9-6b09-4365-9d71-55289e083fa5@group-EFD1D20A002C-LeaderElection457] INFO  impl.LeaderElection (LeaderElection.java:askForVotes(178)) - bf55b3f9-6b09-4365-9d71-55289e083fa5@group-EFD1D20A002C-LeaderElection457: begin an election at term 536 for -1: [f4c54511-b161-4347-aec5-5236dc80a0d8:0.0.0.0:41238, 907b9765-214b-4864-b66a-d6e2a5789e5c:0.0.0.0:41650, bf55b3f9-6b09-4365-9d71-55289e083fa5:0.0.0.0:42441], old=null
2019-10-16 18:01:46,469 [grpc-default-executor-3] INFO  impl.RaftServerImpl (RaftServerImpl.java:setRole(184)) - f4c54511-b161-4347-aec5-5236dc80a0d8@group-EFD1D20A002C: changes role from  FOLLOWER to FOLLOWER at term 536 for recognizeCandidate:bf55b3f9-6b09-4365-9d71-55289e083fa5
2019-10-16 18:01:46,469 [grpc-default-executor-3] INFO  impl.RoleInfo (RoleInfo.java:shutdownFollowerState(121)) - f4c54511-b161-4347-aec5-5236dc80a0d8: shutdown FollowerState
2019-10-16 18:01:46,469 [grpc-default-executor-1] INFO  impl.RaftServerImpl (RaftServerImpl.java:setRole(184)) - 907b9765-214b-4864-b66a-d6e2a5789e5c@group-EFD1D20A002C: changes role from  FOLLOWER to FOLLOWER at term 536 for recognizeCandidate:bf55b3f9-6b09-4365-9d71-55289e083fa5
2019-10-16 18:01:46,469 [grpc-default-executor-3] INFO  impl.RoleInfo (RoleInfo.java:updateAndGet(143)) - f4c54511-b161-4347-aec5-5236dc80a0d8: start FollowerState
2019-10-16 18:01:46,469 [Thread-3245] INFO  impl.FollowerState (FollowerState.java:run(117)) - f4c54511-b161-4347-aec5-5236dc80a0d8@group-EFD1D20A002C-FollowerState was interrupted: java.lang.InterruptedException: sleep interrupted
2019-10-16 18:01:46,469 [grpc-default-executor-1] INFO  impl.RoleInfo (RoleInfo.java:shutdownFollowerState(121)) - 907b9765-214b-4864-b66a-d6e2a5789e5c: shutdown FollowerState
2019-10-16 18:01:46,470 [grpc-default-executor-1] INFO  impl.RoleInfo (RoleInfo.java:updateAndGet(143)) - 907b9765-214b-4864-b66a-d6e2a5789e5c: start FollowerState
2019-10-16 18:01:46,470 [Thread-3246] INFO  impl.FollowerState (FollowerState.java:run(117)) - 907b9765-214b-4864-b66a-d6e2a5789e5c@group-EFD1D20A002C-FollowerState was interrupted: java.lang.InterruptedException: sleep interrupted
2019-10-16 18:01:46,496 [bf55b3f9-6b09-4365-9d71-55289e083fa5@group-EFD1D20A002C-LeaderElection457] INFO  impl.LeaderElection (LeaderElection.java:logAndReturn(56)) - bf55b3f9-6b09-4365-9d71-55289e083fa5@group-EFD1D20A002C-LeaderElection457: Election TIMEOUT; received 0 response(s) [] and 0 exception(s); bf55b3f9-6b09-4365-9d71-55289e083fa5@group-EFD1D20A002C:t536, leader=null, voted=bf55b3f9-6b09-4365-9d71-55289e083fa5, raftlog=bf55b3f9-6b09-4365-9d71-55289e083fa5@group-EFD1D20A002C-SegmentedRaftLog:OPENED:c-1,f-1,i0, conf=-1: [f4c54511-b161-4347-aec5-5236dc80a0d8:0.0.0.0:41238, 907b9765-214b-4864-b66a-d6e2a5789e5c:0.0.0.0:41650, bf55b3f9-6b09-4365-9d71-55289e083fa5:0.0.0.0:42441], old=null
2019-10-16 18:01:46,518 [bf55b3f9-6b09-4365-9d71-55289e083fa5@group-EFD1D20A002C-LeaderElection457] INFO  impl.LeaderElection (LeaderElection.java:askForVotes(178)) - bf55b3f9-6b09-4365-9d71-55289e083fa5@group-EFD1D20A002C-LeaderElection457: begin an election at term 537 for -1: [f4c54511-b161-4347-aec5-5236dc80a0d8:0.0.0.0:41238, 907b9765-214b-4864-b66a-d6e2a5789e5c:0.0.0.0:41650, bf55b3f9-6b09-4365-9d71-55289e083fa5:0.0.0.0:42441], old=null
2019-10-16 18:01:46,520 [grpc-default-executor-3] INFO  impl.RaftServerImpl (RaftServerImpl.java:setRole(184)) - 907b9765-214b-4864-b66a-d6e2a5789e5c@group-EFD1D20A002C: changes role from  FOLLOWER to FOLLOWER at term 537 for recognizeCandidate:bf55b3f9-6b09-4365-9d71-55289e083fa5
2019-10-16 18:01:46,520 [grpc-default-executor-3] INFO  impl.RoleInfo (RoleInfo.java:shutdownFollowerState(121)) - 907b9765-214b-4864-b66a-d6e2a5789e5c: shutdown FollowerState
2019-10-16 18:01:46,520 [grpc-default-executor-3] INFO  impl.RoleInfo (RoleInfo.java:updateAndGet(143)) - 907b9765-214b-4864-b66a-d6e2a5789e5c: start FollowerState
2019-10-16 18:01:46,520 [grpc-default-executor-1] INFO  impl.RaftServerImpl (RaftServerImpl.java:setRole(184)) - f4c54511-b161-4347-aec5-5236dc80a0d8@group-EFD1D20A002C: changes role from  FOLLOWER to FOLLOWER at term 537 for recognizeCandidate:bf55b3f9-6b09-4365-9d71-55289e083fa5
2019-10-16 18:01:46,521 [grpc-default-executor-1] INFO  impl.RoleInfo (RoleInfo.java:shutdownFollowerState(121)) - f4c54511-b161-4347-aec5-5236dc80a0d8: shutdown FollowerState
2019-10-16 18:01:46,520 [Thread-3254] INFO  impl.FollowerState (FollowerState.java:run(117)) - 907b9765-214b-4864-b66a-d6e2a5789e5c@group-EFD1D20A002C-FollowerState was interrupted: java.lang.InterruptedException: sleep interrupted
2019-10-16 18:01:46,521 [Thread-3253] INFO  impl.FollowerState (FollowerState.java:run(117)) - f4c54511-b161-4347-aec5-5236dc80a0d8@group-EFD1D20A002C-FollowerState was interrupted: java.lang.InterruptedException: sleep interrupted
2019-10-16 18:01:46,521 [grpc-default-executor-1] INFO  impl.RoleInfo (RoleInfo.java:updateAndGet(143)) - f4c54511-b161-4347-aec5-5236dc80a0d8: start FollowerState
2019-10-16 18:01:46,544 [bf55b3f9-6b09-4365-9d71-55289e083fa5@group-EFD1D20A002C-LeaderElection457] INFO  impl.LeaderElection (LeaderElection.java:logAndReturn(56)) - bf55b3f9-6b09-4365-9d71-55289e083fa5@group-EFD1D20A002C-LeaderElection457: Election REJECTED; received 2 response(s) [bf55b3f9-6b09-4365-9d71-55289e083fa5<-f4c54511-b161-4347-aec5-5236dc80a0d8#0:FAIL-t537, bf55b3f9-6b09-4365-9d71-55289e083fa5<-907b9765-214b-4864-b66a-d6e2a5789e5c#0:FAIL-t537] and 0 exception(s); bf55b3f9-6b09-4365-9d71-55289e083fa5@group-EFD1D20A002C:t537, leader=null, voted=bf55b3f9-6b09-4365-9d71-55289e083fa5, raftlog=bf55b3f9-6b09-4365-9d71-55289e083fa5@group-EFD1D20A002C-SegmentedRaftLog:OPENED:c-1,f-1,i0, conf=-1: [f4c54511-b161-4347-aec5-5236dc80a0d8:0.0.0.0:41238, 907b9765-214b-4864-b66a-d6e2a5789e5c:0.0.0.0:41650, bf55b3f9-6b09-4365-9d71-55289e083fa5:0.0.0.0:42441], old=null
2019-10-16 18:01:46,545 [bf55b3f9-6b09-4365-9d71-55289e083fa5@group-EFD1D20A002C-LeaderElection457] INFO  impl.RaftServerImpl (RaftServerImpl.java:setRole(184)) - bf55b3f9-6b09-4365-9d71-55289e083fa5@group-EFD1D20A002C: changes role from CANDIDATE to FOLLOWER at term 537 for DISCOVERED_A_NEW_TERM
2019-10-16 18:01:46,545 [bf55b3f9-6b09-4365-9d71-55289e083fa5@group-EFD1D20A002C-LeaderElection457] INFO  impl.RoleInfo (RoleInfo.java:shutdownLeaderElection(134)) - bf55b3f9-6b09-4365-9d71-55289e083fa5: shutdown LeaderElection
2019-10-16 18:01:46,545 [bf55b3f9-6b09-4365-9d71-55289e083fa5@group-EFD1D20A002C-LeaderElection457] INFO  impl.RoleInfo (RoleInfo.java:updateAndGet(143)) - bf55b3f9-6b09-4365-9d71-55289e083fa5: start FollowerState
2019-10-16 18:01:46,557 [Thread-3259] INFO  impl.FollowerState (FollowerState.java:run(108)) - bf55b3f9-6b09-4365-9d71-55289e083fa5@group-EFD1D20A002C-FollowerState: change to CANDIDATE, lastRpcTime:12ms, electionTimeout:12ms
2019-10-16 18:01:46,557 [Thread-3259] INFO  impl.RoleInfo (RoleInfo.java:shutdownFollowerState(121)) - bf55b3f9-6b09-4365-9d71-55289e083fa5: shutdown FollowerState
2019-10-16 18:01:46,557 [Thread-3259] INFO  impl.RaftServerImpl (RaftServerImpl.java:setRole(184)) - bf55b3f9-6b09-4365-9d71-55289e083fa5@group-EFD1D20A002C: changes role from  FOLLOWER to CANDIDATE at term 537 for changeToCandidate
2019-10-16 18:01:46,558 [Thread-3259] INFO  impl.RoleInfo (RoleInfo.java:updateAndGet(143)) - bf55b3f9-6b09-4365-9d71-55289e083fa5: start LeaderElection
2019-10-16 18:01:46,586 [bf55b3f9-6b09-4365-9d71-55289e083fa5@group-EFD1D20A002C-LeaderElection458] INFO  impl.LeaderElection (LeaderElection.java:askForVotes(178)) - bf55b3f9-6b09-4365-9d71-55289e083fa5@group-EFD1D20A002C-LeaderElection458: begin an election at term 538 for -1: [f4c54511-b161-4347-aec5-5236dc80a0d8:0.0.0.0:41238, 907b9765-214b-4864-b66a-d6e2a5789e5c:0.0.0.0:41650, bf55b3f9-6b09-4365-9d71-55289e083fa5:0.0.0.0:42441], old=null
2019-10-16 18:01:46,588 [grpc-default-executor-1] INFO  impl.RaftServerImpl (RaftServerImpl.java:setRole(184)) - 907b9765-214b-4864-b66a-d6e2a5789e5c@group-EFD1D20A002C: changes role from  FOLLOWER to FOLLOWER at term 538 for recognizeCandidate:bf55b3f9-6b09-4365-9d71-55289e083fa5
2019-10-16 18:01:46,588 [grpc-default-executor-1] INFO  impl.RoleInfo (RoleInfo.java:shutdownFollowerState(121)) - 907b9765-214b-4864-b66a-d6e2a5789e5c: shutdown FollowerState
2019-10-16 18:01:46,588 [grpc-default-executor-1] INFO  impl.RoleInfo (RoleInfo.java:updateAndGet(143)) - 907b9765-214b-4864-b66a-d6e2a5789e5c: start FollowerState
2019-10-16 18:01:46,588 [Thread-3257] INFO  impl.FollowerState (FollowerState.java:run(117)) - 907b9765-214b-4864-b66a-d6e2a5789e5c@group-EFD1D20A002C-FollowerState was interrupted: java.lang.InterruptedException: sleep interrupted
2019-10-16 18:01:46,588 [grpc-default-executor-3] INFO  impl.RaftServerImpl (RaftServerImpl.java:setRole(184)) - f4c54511-b161-4347-aec5-5236dc80a0d8@group-EFD1D20A002C: changes role from  FOLLOWER to FOLLOWER at term 538 for recognizeCandidate:bf55b3f9-6b09-4365-9d71-55289e083fa5
2019-10-16 18:01:46,588 [grpc-default-executor-3] INFO  impl.RoleInfo (RoleInfo.java:shutdownFollowerState(121)) - f4c54511-b161-4347-aec5-5236dc80a0d8: shutdown FollowerState
2019-10-16 18:01:46,589 [grpc-default-executor-3] INFO  impl.RoleInfo (RoleInfo.java:updateAndGet(143)) - f4c54511-b161-4347-aec5-5236dc80a0d8: start FollowerState
2019-10-16 18:01:46,589 [Thread-3258] INFO  impl.FollowerState (FollowerState.java:run(117)) - f4c54511-b161-4347-aec5-5236dc80a0d8@group-EFD1D20A002C-FollowerState was interrupted: java.lang.InterruptedException: sleep interrupted
2019-10-16 18:01:46,612 [bf55b3f9-6b09-4365-9d71-55289e083fa5@group-EFD1D20A002C-LeaderElection458] INFO  impl.LeaderElection (LeaderElection.java:logAndReturn(56)) - bf55b3f9-6b09-4365-9d71-55289e083fa5@group-EFD1D20A002C-LeaderElection458: Election REJECTED; received 2 response(s) [bf55b3f9-6b09-4365-9d71-55289e083fa5<-f4c54511-b161-4347-aec5-5236dc80a0d8#0:FAIL-t538, bf55b3f9-6b09-4365-9d71-55289e083fa5<-907b9765-214b-4864-b66a-d6e2a5789e5c#0:FAIL-t538] and 0 exception(s); bf55b3f9-6b09-4365-9d71-55289e083fa5@group-EFD1D20A002C:t538, leader=null, voted=bf55b3f9-6b09-4365-9d71-55289e083fa5, raftlog=bf55b3f9-6b09-4365-9d71-55289e083fa5@group-EFD1D20A002C-SegmentedRaftLog:OPENED:c-1,f-1,i0, conf=-1: [f4c54511-b161-4347-aec5-5236dc80a0d8:0.0.0.0:41238, 907b9765-214b-4864-b66a-d6e2a5789e5c:0.0.0.0:41650, bf55b3f9-6b09-4365-9d71-55289e083fa5:0.0.0.0:42441], old=null
2019-10-16 18:01:46,613 [bf55b3f9-6b09-4365-9d71-55289e083fa5@group-EFD1D20A002C-LeaderElection458] INFO  impl.RaftServerImpl (RaftServerImpl.java:setRole(184)) - bf55b3f9-6b09-4365-9d71-55289e083fa5@group-EFD1D20A002C: changes role from CANDIDATE to FOLLOWER at term 538 for DISCOVERED_A_NEW_TERM
2019-10-16 18:01:46,613 [bf55b3f9-6b09-4365-9d71-55289e083fa5@group-EFD1D20A002C-LeaderElection458] INFO  impl.RoleInfo (RoleInfo.java:shutdownLeaderElection(134)) - bf55b3f9-6b09-4365-9d71-55289e083fa5: shutdown LeaderElection
2019-10-16 18:01:46,613 [bf55b3f9-6b09-4365-9d71-55289e083fa5@group-EFD1D20A002C-LeaderElection458] INFO  impl.RoleInfo (RoleInfo.java:updateAndGet(143)) - bf55b3f9-6b09-4365-9d71-55289e083fa5: start FollowerState
2019-10-16 18:01:46,618 [Thread-3265] INFO  impl.FollowerState (FollowerState.java:run(108)) - bf55b3f9-6b09-4365-9d71-55289e083fa5@group-EFD1D20A002C-FollowerState: change to CANDIDATE, lastRpcTime:5ms, electionTimeout:5ms
2019-10-16 18:01:46,618 [Thread-3265] INFO  impl.RoleInfo (RoleInfo.java:shutdownFollowerState(121)) - bf55b3f9-6b09-4365-9d71-55289e083fa5: shutdown FollowerState
2019-10-16 18:01:46,618 [Thread-3265] INFO  impl.RaftServerImpl (RaftServerImpl.java:setRole(184)) - bf55b3f9-6b09-4365-9d71-55289e083fa5@group-EFD1D20A002C: changes role from  FOLLOWER to CANDIDATE at term 538 for changeToCandidate
2019-10-16 18:01:46,618 [Thread-3265] INFO  impl.RoleInfo (RoleInfo.java:updateAndGet(143)) - bf55b3f9-6b09-4365-9d71-55289e083fa5: start LeaderElection
2019-10-16 18:01:46,645 [bf55b3f9-6b09-4365-9d71-55289e083fa5@group-EFD1D20A002C-LeaderElection459] INFO  impl.LeaderElection (LeaderElection.java:askForVotes(178)) - bf55b3f9-6b09-4365-9d71-55289e083fa5@group-EFD1D20A002C-LeaderElection459: begin an election at term 539 for -1: [f4c54511-b161-4347-aec5-5236dc80a0d8:0.0.0.0:41238, 907b9765-214b-4864-b66a-d6e2a5789e5c:0.0.0.0:41650, bf55b3f9-6b09-4365-9d71-55289e083fa5:0.0.0.0:42441], old=null
2019-10-16 18:01:46,647 [grpc-default-executor-3] INFO  impl.RaftServerImpl (RaftServerImpl.java:setRole(184)) - 907b9765-214b-4864-b66a-d6e2a5789e5c@group-EFD1D20A002C: changes role from  FOLLOWER to FOLLOWER at term 539 for recognizeCandidate:bf55b3f9-6b09-4365-9d71-55289e083fa5
2019-10-16 18:01:46,647 [grpc-default-executor-3] INFO  impl.RoleInfo (RoleInfo.java:shutdownFollowerState(121)) - 907b9765-214b-4864-b66a-d6e2a5789e5c: shutdown FollowerState
2019-10-16 18:01:46,647 [grpc-default-executor-1] INFO  impl.RaftServerImpl (RaftServerImpl.java:setRole(184)) - f4c54511-b161-4347-aec5-5236dc80a0d8@group-EFD1D20A002C: changes role from  FOLLOWER to FOLLOWER at term 539 for recognizeCandidate:bf55b3f9-6b09-4365-9d71-55289e083fa5
2019-10-16 18:01:46,647 [grpc-default-executor-1] INFO  impl.RoleInfo (RoleInfo.java:shutdownFollowerState(121)) - f4c54511-b161-4347-aec5-5236dc80a0d8: shutdown FollowerState
2019-10-16 18:01:46,647 [Thread-3263] INFO  impl.FollowerState (FollowerState.java:run(117)) - 907b9765-214b-4864-b66a-d6e2a5789e5c@group-EFD1D20A002C-FollowerState was interrupted: java.lang.InterruptedException: sleep interrupted
2019-10-16 18:01:46,647 [grpc-default-executor-3] INFO  impl.RoleInfo (RoleInfo.java:updateAndGet(143)) - 907b9765-214b-4864-b66a-d6e2a5789e5c: start FollowerState
2019-10-16 18:01:46,647 [grpc-default-executor-1] INFO  impl.RoleInfo (RoleInfo.java:updateAndGet(143)) - f4c54511-b161-4347-aec5-5236dc80a0d8: start FollowerState
2019-10-16 18:01:46,647 [Thread-3264] INFO  impl.FollowerState (FollowerState.java:run(117)) - f4c54511-b161-4347-aec5-5236dc80a0d8@group-EFD1D20A002C-FollowerState was interrupted: java.lang.InterruptedException: sleep interrupted
2019-10-16 18:01:46,671 [bf55b3f9-6b09-4365-9d71-55289e083fa5@group-EFD1D20A002C-LeaderElection459] INFO  impl.LeaderElection (LeaderElection.java:logAndReturn(56)) - bf55b3f9-6b09-4365-9d71-55289e083fa5@group-EFD1D20A002C-LeaderElection459: Election REJECTED; received 2 response(s) [bf55b3f9-6b09-4365-9d71-55289e083fa5<-f4c54511-b161-4347-aec5-5236dc80a0d8#0:FAIL-t539, bf55b3f9-6b09-4365-9d71-55289e083fa5<-907b9765-214b-4864-b66a-d6e2a5789e5c#0:FAIL-t539] and 0 exception(s); bf55b3f9-6b09-4365-9d71-55289e083fa5@group-EFD1D20A002C:t539, leader=null, voted=bf55b3f9-6b09-4365-9d71-55289e083fa5, raftlog=bf55b3f9-6b09-4365-9d71-55289e083fa5@group-EFD1D20A002C-SegmentedRaftLog:OPENED:c-1,f-1,i0, conf=-1: [f4c54511-b161-4347-aec5-5236dc80a0d8:0.0.0.0:41238, 907b9765-214b-4864-b66a-d6e2a5789e5c:0.0.0.0:41650, bf55b3f9-6b09-4365-9d71-55289e083fa5:0.0.0.0:42441], old=null
2019-10-16 18:01:46,671 [bf55b3f9-6b09-4365-9d71-55289e083fa5@group-EFD1D20A002C-LeaderElection459] INFO  impl.RaftServerImpl (RaftServerImpl.java:setRole(184)) - bf55b3f9-6b09-4365-9d71-55289e083fa5@group-EFD1D20A002C: changes role from CANDIDATE to FOLLOWER at term 539 for DISCOVERED_A_NEW_TERM
2019-10-16 18:01:46,671 [bf55b3f9-6b09-4365-9d71-55289e083fa5@group-EFD1D20A002C-LeaderElection459] INFO  impl.RoleInfo (RoleInfo.java:shutdownLeaderElection(134)) - bf55b3f9-6b09-4365-9d71-55289e083fa5: shutdown LeaderElection
2019-10-16 18:01:46,672 [bf55b3f9-6b09-4365-9d71-55289e083fa5@group-EFD1D20A002C-LeaderElection459] INFO  impl.RoleInfo (RoleInfo.java:updateAndGet(143)) - bf55b3f9-6b09-4365-9d71-55289e083fa5: start FollowerState
2019-10-16 18:01:46,847 [Thread-3271] INFO  impl.FollowerState (FollowerState.java:run(108)) - bf55b3f9-6b09-4365-9d71-55289e083fa5@group-EFD1D20A002C-FollowerState: change to CANDIDATE, lastRpcTime:175ms, electionTimeout:175ms
2019-10-16 18:01:46,847 [Thread-3271] INFO  impl.RoleInfo (RoleInfo.java:shutdownFollowerState(121)) - bf55b3f9-6b09-4365-9d71-55289e083fa5: shutdown FollowerState
2019-10-16 18:01:46,847 [Thread-3271] INFO  impl.RaftServerImpl (RaftServerImpl.java:setRole(184)) - bf55b3f9-6b09-4365-9d71-55289e083fa5@group-EFD1D20A002C: changes role from  FOLLOWER to CANDIDATE at term 539 for changeToCandidate
2019-10-16 18:01:46,847 [Thread-3271] INFO  impl.RoleInfo (RoleInfo.java:updateAndGet(143)) - bf55b3f9-6b09-4365-9d71-55289e083fa5: start LeaderElection
2019-10-16 18:01:46,872 [bf55b3f9-6b09-4365-9d71-55289e083fa5@group-EFD1D20A002C-LeaderElection460] INFO  impl.LeaderElection (LeaderElection.java:askForVotes(178)) - bf55b3f9-6b09-4365-9d71-55289e083fa5@group-EFD1D20A002C-LeaderElection460: begin an election at term 540 for -1: [f4c54511-b161-4347-aec5-5236dc80a0d8:0.0.0.0:41238, 907b9765-214b-4864-b66a-d6e2a5789e5c:0.0.0.0:41650, bf55b3f9-6b09-4365-9d71-55289e083fa5:0.0.0.0:42441], old=null
2019-10-16 18:01:46,874 [grpc-default-executor-3] INFO  impl.RaftServerImpl (RaftServerImpl.java:setRole(184)) - f4c54511-b161-4347-aec5-5236dc80a0d8@group-EFD1D20A002C: changes role from  FOLLOWER to FOLLOWER at term 540 for recognizeCandidate:bf55b3f9-6b09-4365-9d71-55289e083fa5
2019-10-16 18:01:46,875 [grpc-default-executor-1] INFO  impl.RaftServerImpl (RaftServerImpl.java:setRole(184)) - 907b9765-214b-4864-b66a-d6e2a5789e5c@group-EFD1D20A002C: changes role from  FOLLOWER to FOLLOWER at term 540 for recognizeCandidate:bf55b3f9-6b09-4365-9d71-55289e083fa5
2019-10-16 18:01:46,875 [grpc-default-executor-1] INFO  impl.RoleInfo (RoleInfo.java:shutdownFollowerState(121)) - 907b9765-214b-4864-b66a-d6e2a5789e5c: shutdown FollowerState
2019-10-16 18:01:46,875 [grpc-default-executor-3] INFO  impl.RoleInfo (RoleInfo.java:shutdownFollowerState(121)) - f4c54511-b161-4347-aec5-5236dc80a0d8: shutdown FollowerState
2019-10-16 18:01:46,875 [Thread-3269] INFO  impl.FollowerState (FollowerState.java:run(117)) - 907b9765-214b-4864-b66a-d6e2a5789e5c@group-EFD1D20A002C-FollowerState was interrupted: java.lang.InterruptedException: sleep interrupted
2019-10-16 18:01:46,875 [grpc-default-executor-1] INFO  impl.RoleInfo (RoleInfo.java:updateAndGet(143)) - 907b9765-214b-4864-b66a-d6e2a5789e5c: start FollowerState
2019-10-16 18:01:46,875 [Thread-3270] INFO  impl.FollowerState (FollowerState.java:run(117)) - f4c54511-b161-4347-aec5-5236dc80a0d8@group-EFD1D20A002C-FollowerState was interrupted: java.lang.InterruptedException: sleep interrupted
2019-10-16 18:01:46,875 [grpc-default-executor-3] INFO  impl.RoleInfo (RoleInfo.java:updateAndGet(143)) - f4c54511-b161-4347-aec5-5236dc80a0d8: start FollowerState
2019-10-16 18:01:46,890 [bf55b3f9-6b09-4365-9d71-55289e083fa5@group-EFD1D20A002C-LeaderElection460] INFO  impl.LeaderElection (LeaderElection.java:logAndReturn(56)) - bf55b3f9-6b09-4365-9d71-55289e083fa5@group-EFD1D20A002C-LeaderElection460: Election TIMEOUT; received 0 response(s) [] and 0 exception(s); bf55b3f9-6b09-4365-9d71-55289e083fa5@group-EFD1D20A002C:t540, leader=null, voted=bf55b3f9-6b09-4365-9d71-55289e083fa5, raftlog=bf55b3f9-6b09-4365-9d71-55289e083fa5@group-EFD1D20A002C-SegmentedRaftLog:OPENED:c-1,f-1,i0, conf=-1: [f4c54511-b161-4347-aec5-5236dc80a0d8:0.0.0.0:41238, 907b9765-214b-4864-b66a-d6e2a5789e5c:0.0.0.0:41650, bf55b3f9-6b09-4365-9d71-55289e083fa5:0.0.0.0:42441], old=null
2019-10-16 18:01:46,916 [bf55b3f9-6b09-4365-9d71-55289e083fa5@group-EFD1D20A002C-LeaderElection460] INFO  impl.LeaderElection (LeaderElection.java:askForVotes(178)) - bf55b3f9-6b09-4365-9d71-55289e083fa5@group-EFD1D20A002C-LeaderElection460: begin an election at term 541 for -1: [f4c54511-b161-4347-aec5-5236dc80a0d8:0.0.0.0:41238, 907b9765-214b-4864-b66a-d6e2a5789e5c:0.0.0.0:41650, bf55b3f9-6b09-4365-9d71-55289e083fa5:0.0.0.0:42441], old=null
2019-10-16 18:01:46,918 [grpc-default-executor-1] INFO  impl.RaftServerImpl (RaftServerImpl.java:setRole(184)) - f4c54511-b161-4347-aec5-5236dc80a0d8@group-EFD1D20A002C: changes role from  FOLLOWER to FOLLOWER at term 541 for recognizeCandidate:bf55b3f9-6b09-4365-9d71-55289e083fa5
2019-10-16 18:01:46,918 [grpc-default-executor-3] INFO  impl.RaftServerImpl (RaftServerImpl.java:setRole(184)) - 907b9765-214b-4864-b66a-d6e2a5789e5c@group-EFD1D20A002C: changes role from  FOLLOWER to FOLLOWER at term 541 for recognizeCandidate:bf55b3f9-6b09-4365-9d71-55289e083fa5
2019-10-16 18:01:46,918 [grpc-default-executor-3] INFO  impl.RoleInfo (RoleInfo.java:shutdownFollowerState(121)) - 907b9765-214b-4864-b66a-d6e2a5789e5c: shutdown FollowerState
2019-10-16 18:01:46,918 [grpc-default-executor-1] INFO  impl.RoleInfo (RoleInfo.java:shutdownFollowerState(121)) - f4c54511-b161-4347-aec5-5236dc80a0d8: shutdown FollowerState
2019-10-16 18:01:46,918 [Thread-3275] INFO  impl.FollowerState (FollowerState.java:run(117)) - 907b9765-214b-4864-b66a-d6e2a5789e5c@group-EFD1D20A002C-FollowerState was interrupted: java.lang.InterruptedException: sleep interrupted
2019-10-16 18:01:46,918 [grpc-default-executor-3] INFO  impl.RoleInfo (RoleInfo.java:updateAndGet(143)) - 907b9765-214b-4864-b66a-d6e2a5789e5c: start FollowerState
2019-10-16 18:01:46,918 [Thread-3276] INFO  impl.FollowerState (FollowerState.java:run(117)) - f4c54511-b161-4347-aec5-5236dc80a0d8@group-EFD1D20A002C-FollowerState was interrupted: java.lang.InterruptedException: sleep interrupted
2019-10-16 18:01:46,918 [grpc-default-executor-1] INFO  impl.RoleInfo (RoleInfo.java:updateAndGet(143)) - f4c54511-b161-4347-aec5-5236dc80a0d8: start FollowerState
2019-10-16 18:01:46,942 [bf55b3f9-6b09-4365-9d71-55289e083fa5@group-EFD1D20A002C-LeaderElection460] INFO  impl.LeaderElection (LeaderElection.java:logAndReturn(56)) - bf55b3f9-6b09-4365-9d71-55289e083fa5@group-EFD1D20A002C-LeaderElection460: Election REJECTED; received 2 response(s) [bf55b3f9-6b09-4365-9d71-55289e083fa5<-f4c54511-b161-4347-aec5-5236dc80a0d8#0:FAIL-t541, bf55b3f9-6b09-4365-9d71-55289e083fa5<-907b9765-214b-4864-b66a-d6e2a5789e5c#0:FAIL-t541] and 0 exception(s); bf55b3f9-6b09-4365-9d71-55289e083fa5@group-EFD1D20A002C:t541, leader=null, voted=bf55b3f9-6b09-4365-9d71-55289e083fa5, raftlog=bf55b3f9-6b09-4365-9d71-55289e083fa5@group-EFD1D20A002C-SegmentedRaftLog:OPENED:c-1,f-1,i0, conf=-1: [f4c54511-b161-4347-aec5-5236dc80a0d8:0.0.0.0:41238, 907b9765-214b-4864-b66a-d6e2a5789e5c:0.0.0.0:41650, bf55b3f9-6b09-4365-9d71-55289e083fa5:0.0.0.0:42441], old=null
2019-10-16 18:01:46,942 [bf55b3f9-6b09-4365-9d71-55289e083fa5@group-EFD1D20A002C-LeaderElection460] INFO  impl.RaftServerImpl (RaftServerImpl.java:setRole(184)) - bf55b3f9-6b09-4365-9d71-55289e083fa5@group-EFD1D20A002C: changes role from CANDIDATE to FOLLOWER at term 541 for DISCOVERED_A_NEW_TERM
2019-10-16 18:01:46,942 [bf55b3f9-6b09-4365-9d71-55289e083fa5@group-EFD1D20A002C-LeaderElection460] INFO  impl.RoleInfo (RoleInfo.java:shutdownLeaderElection(134)) - bf55b3f9-6b09-4365-9d71-55289e083fa5: shutdown LeaderElection
2019-10-16 18:01:46,942 [bf55b3f9-6b09-4365-9d71-55289e083fa5@group-EFD1D20A002C-LeaderElection460] INFO  impl.RoleInfo (RoleInfo.java:updateAndGet(143)) - bf55b3f9-6b09-4365-9d71-55289e083fa5: start FollowerState
2019-10-16 18:01:47,010 [Thread-3281] INFO  impl.FollowerState (FollowerState.java:run(108)) - bf55b3f9-6b09-4365-9d71-55289e083fa5@group-EFD1D20A002C-FollowerState: change to CANDIDATE, lastRpcTime:67ms, electionTimeout:67ms
2019-10-16 18:01:47,010 [Thread-3281] INFO  impl.RoleInfo (RoleInfo.java:shutdownFollowerState(121)) - bf55b3f9-6b09-4365-9d71-55289e083fa5: shutdown FollowerState
2019-10-16 18:01:47,010 [Thread-3281] INFO  impl.RaftServerImpl (RaftServerImpl.java:setRole(184)) - bf55b3f9-6b09-4365-9d71-55289e083fa5@group-EFD1D20A002C: changes role from  FOLLOWER to CANDIDATE at term 541 for changeToCandidate
2019-10-16 18:01:47,010 [Thread-3281] INFO  impl.RoleInfo (RoleInfo.java:updateAndGet(143)) - bf55b3f9-6b09-4365-9d71-55289e083fa5: start LeaderElection
2019-10-16 18:01:47,034 [bf55b3f9-6b09-4365-9d71-55289e083fa5@group-EFD1D20A002C-LeaderElection461] INFO  impl.LeaderElection (LeaderElection.java:askForVotes(178)) - bf55b3f9-6b09-4365-9d71-55289e083fa5@group-EFD1D20A002C-LeaderElection461: begin an election at term 542 for -1: [f4c54511-b161-4347-aec5-5236dc80a0d8:0.0.0.0:41238, 907b9765-214b-4864-b66a-d6e2a5789e5c:0.0.0.0:41650, bf55b3f9-6b09-4365-9d71-55289e083fa5:0.0.0.0:42441], old=null
2019-10-16 18:01:47,035 [grpc-default-executor-1] INFO  impl.RaftServerImpl (RaftServerImpl.java:setRole(184)) - 907b9765-214b-4864-b66a-d6e2a5789e5c@group-EFD1D20A002C: changes role from  FOLLOWER to FOLLOWER at term 542 for recognizeCandidate:bf55b3f9-6b09-4365-9d71-55289e083fa5
2019-10-16 18:01:47,035 [grpc-default-executor-3] INFO  impl.RaftServerImpl (RaftServerImpl.java:setRole(184)) - f4c54511-b161-4347-aec5-5236dc80a0d8@group-EFD1D20A002C: changes role from  FOLLOWER to FOLLOWER at term 542 for recognizeCandidate:bf55b3f9-6b09-4365-9d71-55289e083fa5
2019-10-16 18:01:47,036 [grpc-default-executor-1] INFO  impl.RoleInfo (RoleInfo.java:shutdownFollowerState(121)) - 907b9765-214b-4864-b66a-d6e2a5789e5c: shutdown FollowerState
2019-10-16 18:01:47,036 [grpc-default-executor-3] INFO  impl.RoleInfo (RoleInfo.java:shutdownFollowerState(121)) - f4c54511-b161-4347-aec5-5236dc80a0d8: shutdown FollowerState
2019-10-16 18:01:47,036 [Thread-3279] INFO  impl.FollowerState (FollowerState.java:run(117)) - 907b9765-214b-4864-b66a-d6e2a5789e5c@group-EFD1D20A002C-FollowerState was interrupted: java.lang.InterruptedException: sleep interrupted
2019-10-16 18:01:47,036 [grpc-default-executor-1] INFO  impl.RoleInfo (RoleInfo.java:updateAndGet(143)) - 907b9765-214b-4864-b66a-d6e2a5789e5c: start FollowerState
2019-10-16 18:01:47,036 [Thread-3280] INFO  impl.FollowerState (FollowerState.java:run(117)) - f4c54511-b161-4347-aec5-5236dc80a0d8@group-EFD1D20A002C-FollowerState was interrupted: java.lang.InterruptedException: sleep interrupted
2019-10-16 18:01:47,036 [grpc-default-executor-3] INFO  impl.RoleInfo (RoleInfo.java:updateAndGet(143)) - f4c54511-b161-4347-aec5-5236dc80a0d8: start FollowerState
2019-10-16 18:01:47,060 [bf55b3f9-6b09-4365-9d71-55289e083fa5@group-EFD1D20A002C-LeaderElection461] INFO  impl.LeaderElection (LeaderElection.java:logAndReturn(56)) - bf55b3f9-6b09-4365-9d71-55289e083fa5@group-EFD1D20A002C-LeaderElection461: Election REJECTED; received 2 response(s) [bf55b3f9-6b09-4365-9d71-55289e083fa5<-f4c54511-b161-4347-aec5-5236dc80a0d8#0:FAIL-t542, bf55b3f9-6b09-4365-9d71-55289e083fa5<-907b9765-214b-4864-b66a-d6e2a5789e5c#0:FAIL-t542] and 0 exception(s); bf55b3f9-6b09-4365-9d71-55289e083fa5@group-EFD1D20A002C:t542, leader=null, voted=bf55b3f9-6b09-4365-9d71-55289e083fa5, raftlog=bf55b3f9-6b09-4365-9d71-55289e083fa5@group-EFD1D20A002C-SegmentedRaftLog:OPENED:c-1,f-1,i0, conf=-1: [f4c54511-b161-4347-aec5-5236dc80a0d8:0.0.0.0:41238, 907b9765-214b-4864-b66a-d6e2a5789e5c:0.0.0.0:41650, bf55b3f9-6b09-4365-9d71-55289e083fa5:0.0.0.0:42441], old=null
2019-10-16 18:01:47,060 [bf55b3f9-6b09-4365-9d71-55289e083fa5@group-EFD1D20A002C-LeaderElection461] INFO  impl.RaftServerImpl (RaftServerImpl.java:setRole(184)) - bf55b3f9-6b09-4365-9d71-55289e083fa5@group-EFD1D20A002C: changes role from CANDIDATE to FOLLOWER at term 542 for DISCOVERED_A_NEW_TERM
2019-10-16 18:01:47,060 [bf55b3f9-6b09-4365-9d71-55289e083fa5@group-EFD1D20A002C-LeaderElection461] INFO  impl.RoleInfo (RoleInfo.java:shutdownLeaderElection(134)) - bf55b3f9-6b09-4365-9d71-55289e083fa5: shutdown LeaderElection
2019-10-16 18:01:47,060 [bf55b3f9-6b09-4365-9d71-55289e083fa5@group-EFD1D20A002C-LeaderElection461] INFO  impl.RoleInfo (RoleInfo.java:updateAndGet(143)) - bf55b3f9-6b09-4365-9d71-55289e083fa5: start FollowerState
2019-10-16 18:01:47,149 [Thread-3287] INFO  impl.FollowerState (FollowerState.java:run(108)) - bf55b3f9-6b09-4365-9d71-55289e083fa5@group-EFD1D20A002C-FollowerState: change to CANDIDATE, lastRpcTime:88ms, electionTimeout:88ms
2019-10-16 18:01:47,149 [Thread-3287] INFO  impl.RoleInfo (RoleInfo.java:shutdownFollowerState(121)) - bf55b3f9-6b09-4365-9d71-55289e083fa5: shutdown FollowerState
2019-10-16 18:01:47,149 [Thread-3287] INFO  impl.RaftServerImpl (RaftServerImpl.java:setRole(184)) - bf55b3f9-6b09-4365-9d71-55289e083fa5@group-EFD1D20A002C: changes role from  FOLLOWER to CANDIDATE at term 542 for changeToCandidate
2019-10-16 18:01:47,149 [Thread-3287] INFO  impl.RoleInfo (RoleInfo.java:updateAndGet(143)) - bf55b3f9-6b09-4365-9d71-55289e083fa5: start LeaderElection
2019-10-16 18:01:47,177 [bf55b3f9-6b09-4365-9d71-55289e083fa5@group-EFD1D20A002C-LeaderElection462] INFO  impl.LeaderElection (LeaderElection.java:askForVotes(178)) - bf55b3f9-6b09-4365-9d71-55289e083fa5@group-EFD1D20A002C-LeaderElection462: begin an election at term 543 for -1: [f4c54511-b161-4347-aec5-5236dc80a0d8:0.0.0.0:41238, 907b9765-214b-4864-b66a-d6e2a5789e5c:0.0.0.0:41650, bf55b3f9-6b09-4365-9d71-55289e083fa5:0.0.0.0:42441], old=null
2019-10-16 18:01:47,178 [bf55b3f9-6b09-4365-9d71-55289e083fa5@group-EFD1D20A002C-LeaderElection462] INFO  impl.LeaderElection (LeaderElection.java:logAndReturn(56)) - bf55b3f9-6b09-4365-9d71-55289e083fa5@group-EFD1D20A002C-LeaderElection462: Election TIMEOUT; received 0 response(s) [] and 0 exception(s); bf55b3f9-6b09-4365-9d71-55289e083fa5@group-EFD1D20A002C:t543, leader=null, voted=bf55b3f9-6b09-4365-9d71-55289e083fa5, raftlog=bf55b3f9-6b09-4365-9d71-55289e083fa5@group-EFD1D20A002C-SegmentedRaftLog:OPENED:c-1,f-1,i0, conf=-1: [f4c54511-b161-4347-aec5-5236dc80a0d8:0.0.0.0:41238, 907b9765-214b-4864-b66a-d6e2a5789e5c:0.0.0.0:41650, bf55b3f9-6b09-4365-9d71-55289e083fa5:0.0.0.0:42441], old=null
2019-10-16 18:01:47,179 [grpc-default-executor-3] INFO  impl.RaftServerImpl (RaftServerImpl.java:setRole(184)) - 907b9765-214b-4864-b66a-d6e2a5789e5c@group-EFD1D20A002C: changes role from  FOLLOWER to FOLLOWER at term 543 for recognizeCandidate:bf55b3f9-6b09-4365-9d71-55289e083fa5
2019-10-16 18:01:47,179 [grpc-default-executor-3] INFO  impl.RoleInfo (RoleInfo.java:shutdownFollowerState(121)) - 907b9765-214b-4864-b66a-d6e2a5789e5c: shutdown FollowerState
2019-10-16 18:01:47,179 [grpc-default-executor-1] INFO  impl.RaftServerImpl (RaftServerImpl.java:setRole(184)) - f4c54511-b161-4347-aec5-5236dc80a0d8@group-EFD1D20A002C: changes role from  FOLLOWER to FOLLOWER at term 543 for recognizeCandidate:bf55b3f9-6b09-4365-9d71-55289e083fa5
2019-10-16 18:01:47,179 [grpc-default-executor-1] INFO  impl.RoleInfo (RoleInfo.java:shutdownFollowerState(121)) - f4c54511-b161-4347-aec5-5236dc80a0d8: shutdown FollowerState
2019-10-16 18:01:47,179 [Thread-3285] INFO  impl.FollowerState (FollowerState.java:run(117)) - 907b9765-214b-4864-b66a-d6e2a5789e5c@group-EFD1D20A002C-FollowerState was interrupted: java.lang.InterruptedException: sleep interrupted
2019-10-16 18:01:47,179 [Thread-3286] INFO  impl.FollowerState (FollowerState.java:run(117)) - f4c54511-b161-4347-aec5-5236dc80a0d8@group-EFD1D20A002C-FollowerState was interrupted: java.lang.InterruptedException: sleep interrupted
2019-10-16 18:01:47,179 [grpc-default-executor-1] INFO  impl.RoleInfo (RoleInfo.java:updateAndGet(143)) - f4c54511-b161-4347-aec5-5236dc80a0d8: start FollowerState
2019-10-16 18:01:47,179 [grpc-default-executor-3] INFO  impl.RoleInfo (RoleInfo.java:updateAndGet(143)) - 907b9765-214b-4864-b66a-d6e2a5789e5c: start FollowerState
2019-10-16 18:01:47,202 [bf55b3f9-6b09-4365-9d71-55289e083fa5@group-EFD1D20A002C-LeaderElection462] INFO  impl.LeaderElection (LeaderElection.java:askForVotes(178)) - bf55b3f9-6b09-4365-9d71-55289e083fa5@group-EFD1D20A002C-LeaderElection462: begin an election at term 544 for -1: [f4c54511-b161-4347-aec5-5236dc80a0d8:0.0.0.0:41238, 907b9765-214b-4864-b66a-d6e2a5789e5c:0.0.0.0:41650, bf55b3f9-6b09-4365-9d71-55289e083fa5:0.0.0.0:42441], old=null
2019-10-16 18:01:47,204 [grpc-default-executor-1] INFO  impl.RaftServerImpl (RaftServerImpl.java:setRole(184)) - 907b9765-214b-4864-b66a-d6e2a5789e5c@group-EFD1D20A002C: changes role from  FOLLOWER to FOLLOWER at term 544 for recognizeCandidate:bf55b3f9-6b09-4365-9d71-55289e083fa5
2019-10-16 18:01:47,204 [grpc-default-executor-1] INFO  impl.RoleInfo (RoleInfo.java:shutdownFollowerState(121)) - 907b9765-214b-4864-b66a-d6e2a5789e5c: shutdown FollowerState
2019-10-16 18:01:47,205 [Thread-3291] INFO  impl.FollowerState (FollowerState.java:run(117)) - 907b9765-214b-4864-b66a-d6e2a5789e5c@group-EFD1D20A002C-FollowerState was interrupted: java.lang.InterruptedException: sleep interrupted
2019-10-16 18:01:47,205 [grpc-default-executor-1] INFO  impl.RoleInfo (RoleInfo.java:updateAndGet(143)) - 907b9765-214b-4864-b66a-d6e2a5789e5c: start FollowerState
2019-10-16 18:01:47,205 [grpc-default-executor-3] INFO  impl.RaftServerImpl (RaftServerImpl.java:setRole(184)) - f4c54511-b161-4347-aec5-5236dc80a0d8@group-EFD1D20A002C: changes role from  FOLLOWER to FOLLOWER at term 544 for recognizeCandidate:bf55b3f9-6b09-4365-9d71-55289e083fa5
2019-10-16 18:01:47,205 [grpc-default-executor-3] INFO  impl.RoleInfo (RoleInfo.java:shutdownFollowerState(121)) - f4c54511-b161-4347-aec5-5236dc80a0d8: shutdown FollowerState
2019-10-16 18:01:47,205 [grpc-default-executor-3] INFO  impl.RoleInfo (RoleInfo.java:updateAndGet(143)) - f4c54511-b161-4347-aec5-5236dc80a0d8: start FollowerState
2019-10-16 18:01:47,205 [Thread-3292] INFO  impl.FollowerState (FollowerState.java:run(117)) - f4c54511-b161-4347-aec5-5236dc80a0d8@group-EFD1D20A002C-FollowerState was interrupted: java.lang.InterruptedException: sleep interrupted
2019-10-16 18:01:47,210 [bf55b3f9-6b09-4365-9d71-55289e083fa5@group-EFD1D20A002C-LeaderElection462] INFO  impl.LeaderElection (LeaderElection.java:logAndReturn(56)) - bf55b3f9-6b09-4365-9d71-55289e083fa5@group-EFD1D20A002C-LeaderElection462: Election TIMEOUT; received 0 response(s) [] and 0 exception(s); bf55b3f9-6b09-4365-9d71-55289e083fa5@group-EFD1D20A002C:t544, leader=null, voted=bf55b3f9-6b09-4365-9d71-55289e083fa5, raftlog=bf55b3f9-6b09-4365-9d71-55289e083fa5@group-EFD1D20A002C-SegmentedRaftLog:OPENED:c-1,f-1,i0, conf=-1: [f4c54511-b161-4347-aec5-5236dc80a0d8:0.0.0.0:41238, 907b9765-214b-4864-b66a-d6e2a5789e5c:0.0.0.0:41650, bf55b3f9-6b09-4365-9d71-55289e083fa5:0.0.0.0:42441], old=null
2019-10-16 18:01:47,228 [bf55b3f9-6b09-4365-9d71-55289e083fa5@group-EFD1D20A002C-LeaderElection462] INFO  impl.LeaderElection (LeaderElection.java:askForVotes(178)) - bf55b3f9-6b09-4365-9d71-55289e083fa5@group-EFD1D20A002C-LeaderElection462: begin an election at term 545 for -1: [f4c54511-b161-4347-aec5-5236dc80a0d8:0.0.0.0:41238, 907b9765-214b-4864-b66a-d6e2a5789e5c:0.0.0.0:41650, bf55b3f9-6b09-4365-9d71-55289e083fa5:0.0.0.0:42441], old=null
2019-10-16 18:01:47,229 [grpc-default-executor-3] INFO  impl.RaftServerImpl (RaftServerImpl.java:setRole(184)) - f4c54511-b161-4347-aec5-5236dc80a0d8@group-EFD1D20A002C: changes role from  FOLLOWER to FOLLOWER at term 545 for recognizeCandidate:bf55b3f9-6b09-4365-9d71-55289e083fa5
2019-10-16 18:01:47,229 [grpc-default-executor-1] INFO  impl.RaftServerImpl (RaftServerImpl.java:setRole(184)) - 907b9765-214b-4864-b66a-d6e2a5789e5c@group-EFD1D20A002C: changes role from  FOLLOWER to FOLLOWER at term 545 for recognizeCandidate:bf55b3f9-6b09-4365-9d71-55289e083fa5
2019-10-16 18:01:47,229 [grpc-default-executor-3] INFO  impl.RoleInfo (RoleInfo.java:shutdownFollowerState(121)) - f4c54511-b161-4347-aec5-5236dc80a0d8: shutdown FollowerState
2019-10-16 18:01:47,230 [grpc-default-executor-1] INFO  impl.RoleInfo (RoleInfo.java:shutdownFollowerState(121)) - 907b9765-214b-4864-b66a-d6e2a5789e5c: shutdown FollowerState
2019-10-16 18:01:47,230 [Thread-3296] INFO  impl.FollowerState (FollowerState.java:run(117)) - f4c54511-b161-4347-aec5-5236dc80a0d8@group-EFD1D20A002C-FollowerState was interrupted: java.lang.InterruptedException: sleep interrupted
2019-10-16 18:01:47,230 [grpc-default-executor-3] INFO  impl.RoleInfo (RoleInfo.java:updateAndGet(143)) - f4c54511-b161-4347-aec5-5236dc80a0d8: start FollowerState
2019-10-16 18:01:47,230 [grpc-default-executor-1] INFO  impl.RoleInfo (RoleInfo.java:updateAndGet(143)) - 907b9765-214b-4864-b66a-d6e2a5789e5c: start FollowerState
2019-10-16 18:01:47,230 [Thread-3295] INFO  impl.FollowerState (FollowerState.java:run(117)) - 907b9765-214b-4864-b66a-d6e2a5789e5c@group-EFD1D20A002C-FollowerState was interrupted: java.lang.InterruptedException: sleep interrupted
2019-10-16 18:01:47,263 [bf55b3f9-6b09-4365-9d71-55289e083fa5@group-EFD1D20A002C-LeaderElection462] INFO  impl.LeaderElection (LeaderElection.java:logAndReturn(56)) - bf55b3f9-6b09-4365-9d71-55289e083fa5@group-EFD1D20A002C-LeaderElection462: Election REJECTED; received 2 response(s) [bf55b3f9-6b09-4365-9d71-55289e083fa5<-f4c54511-b161-4347-aec5-5236dc80a0d8#0:FAIL-t545, bf55b3f9-6b09-4365-9d71-55289e083fa5<-907b9765-214b-4864-b66a-d6e2a5789e5c#0:FAIL-t545] and 0 exception(s); bf55b3f9-6b09-4365-9d71-55289e083fa5@group-EFD1D20A002C:t545, leader=null, voted=bf55b3f9-6b09-4365-9d71-55289e083fa5, raftlog=bf55b3f9-6b09-4365-9d71-55289e083fa5@group-EFD1D20A002C-SegmentedRaftLog:OPENED:c-1,f-1,i0, conf=-1: [f4c54511-b161-4347-aec5-5236dc80a0d8:0.0.0.0:41238, 907b9765-214b-4864-b66a-d6e2a5789e5c:0.0.0.0:41650, bf55b3f9-6b09-4365-9d71-55289e083fa5:0.0.0.0:42441], old=null
2019-10-16 18:01:47,263 [bf55b3f9-6b09-4365-9d71-55289e083fa5@group-EFD1D20A002C-LeaderElection462] INFO  impl.RaftServerImpl (RaftServerImpl.java:setRole(184)) - bf55b3f9-6b09-4365-9d71-55289e083fa5@group-EFD1D20A002C: changes role from CANDIDATE to FOLLOWER at term 545 for DISCOVERED_A_NEW_TERM
2019-10-16 18:01:47,263 [bf55b3f9-6b09-4365-9d71-55289e083fa5@group-EFD1D20A002C-LeaderElection462] INFO  impl.RoleInfo (RoleInfo.java:shutdownLeaderElection(134)) - bf55b3f9-6b09-4365-9d71-55289e083fa5: shutdown LeaderElection
2019-10-16 18:01:47,263 [bf55b3f9-6b09-4365-9d71-55289e083fa5@group-EFD1D20A002C-LeaderElection462] INFO  impl.RoleInfo (RoleInfo.java:updateAndGet(143)) - bf55b3f9-6b09-4365-9d71-55289e083fa5: start FollowerState
2019-10-16 18:01:47,325 [Thread-3303] INFO  impl.FollowerState (FollowerState.java:run(108)) - bf55b3f9-6b09-4365-9d71-55289e083fa5@group-EFD1D20A002C-FollowerState: change to CANDIDATE, lastRpcTime:62ms, electionTimeout:62ms
2019-10-16 18:01:47,325 [Thread-3303] INFO  impl.RoleInfo (RoleInfo.java:shutdownFollowerState(121)) - bf55b3f9-6b09-4365-9d71-55289e083fa5: shutdown FollowerState
2019-10-16 18:01:47,326 [Thread-3303] INFO  impl.RaftServerImpl (RaftServerImpl.java:setRole(184)) - bf55b3f9-6b09-4365-9d71-55289e083fa5@group-EFD1D20A002C: changes role from  FOLLOWER to CANDIDATE at term 545 for changeToCandidate
2019-10-16 18:01:47,326 [Thread-3303] INFO  impl.RoleInfo (RoleInfo.java:updateAndGet(143)) - bf55b3f9-6b09-4365-9d71-55289e083fa5: start LeaderElection
2019-10-16 18:01:47,363 [bf55b3f9-6b09-4365-9d71-55289e083fa5@group-EFD1D20A002C-LeaderElection463] INFO  impl.LeaderElection (LeaderElection.java:askForVotes(178)) - bf55b3f9-6b09-4365-9d71-55289e083fa5@group-EFD1D20A002C-LeaderElection463: begin an election at term 546 for -1: [f4c54511-b161-4347-aec5-5236dc80a0d8:0.0.0.0:41238, 907b9765-214b-4864-b66a-d6e2a5789e5c:0.0.0.0:41650, bf55b3f9-6b09-4365-9d71-55289e083fa5:0.0.0.0:42441], old=null
2019-10-16 18:01:47,365 [grpc-default-executor-1] INFO  impl.RaftServerImpl (RaftServerImpl.java:setRole(184)) - f4c54511-b161-4347-aec5-5236dc80a0d8@group-EFD1D20A002C: changes role from  FOLLOWER to FOLLOWER at term 546 for recognizeCandidate:bf55b3f9-6b09-4365-9d71-55289e083fa5
2019-10-16 18:01:47,365 [grpc-default-executor-1] INFO  impl.RoleInfo (RoleInfo.java:shutdownFollowerState(121)) - f4c54511-b161-4347-aec5-5236dc80a0d8: shutdown FollowerState
2019-10-16 18:01:47,365 [grpc-default-executor-1] INFO  impl.RoleInfo (RoleInfo.java:updateAndGet(143)) - f4c54511-b161-4347-aec5-5236dc80a0d8: start FollowerState
2019-10-16 18:01:47,365 [grpc-default-executor-3] INFO  impl.RaftServerImpl (RaftServerImpl.java:setRole(184)) - 907b9765-214b-4864-b66a-d6e2a5789e5c@group-EFD1D20A002C: changes role from  FOLLOWER to FOLLOWER at term 546 for recognizeCandidate:bf55b3f9-6b09-4365-9d71-55289e083fa5
2019-10-16 18:01:47,365 [Thread-3299] INFO  impl.FollowerState (FollowerState.java:run(117)) - f4c54511-b161-4347-aec5-5236dc80a0d8@group-EFD1D20A002C-FollowerState was interrupted: java.lang.InterruptedException: sleep interrupted
2019-10-16 18:01:47,365 [grpc-default-executor-3] INFO  impl.RoleInfo (RoleInfo.java:shutdownFollowerState(121)) - 907b9765-214b-4864-b66a-d6e2a5789e5c: shutdown FollowerState
2019-10-16 18:01:47,366 [grpc-default-executor-3] INFO  impl.RoleInfo (RoleInfo.java:updateAndGet(143)) - 907b9765-214b-4864-b66a-d6e2a5789e5c: start FollowerState
2019-10-16 18:01:47,366 [Thread-3300] INFO  impl.FollowerState (FollowerState.java:run(117)) - 907b9765-214b-4864-b66a-d6e2a5789e5c@group-EFD1D20A002C-FollowerState was interrupted: java.lang.InterruptedException: sleep interrupted
2019-10-16 18:01:47,389 [bf55b3f9-6b09-4365-9d71-55289e083fa5@group-EFD1D20A002C-LeaderElection463] INFO  impl.LeaderElection (LeaderElection.java:logAndReturn(56)) - bf55b3f9-6b09-4365-9d71-55289e083fa5@group-EFD1D20A002C-LeaderElection463: Election REJECTED; received 2 response(s) [bf55b3f9-6b09-4365-9d71-55289e083fa5<-f4c54511-b161-4347-aec5-5236dc80a0d8#0:FAIL-t546, bf55b3f9-6b09-4365-9d71-55289e083fa5<-907b9765-214b-4864-b66a-d6e2a5789e5c#0:FAIL-t546] and 0 exception(s); bf55b3f9-6b09-4365-9d71-55289e083fa5@group-EFD1D20A002C:t546, leader=null, voted=bf55b3f9-6b09-4365-9d71-55289e083fa5, raftlog=bf55b3f9-6b09-4365-9d71-55289e083fa5@group-EFD1D20A002C-SegmentedRaftLog:OPENED:c-1,f-1,i0, conf=-1: [f4c54511-b161-4347-aec5-5236dc80a0d8:0.0.0.0:41238, 907b9765-214b-4864-b66a-d6e2a5789e5c:0.0.0.0:41650, bf55b3f9-6b09-4365-9d71-55289e083fa5:0.0.0.0:42441], old=null
2019-10-16 18:01:47,389 [bf55b3f9-6b09-4365-9d71-55289e083fa5@group-EFD1D20A002C-LeaderElection463] INFO  impl.RaftServerImpl (RaftServerImpl.java:setRole(184)) - bf55b3f9-6b09-4365-9d71-55289e083fa5@group-EFD1D20A002C: changes role from CANDIDATE to FOLLOWER at term 546 for DISCOVERED_A_NEW_TERM
2019-10-16 18:01:47,389 [bf55b3f9-6b09-4365-9d71-55289e083fa5@group-EFD1D20A002C-LeaderElection463] INFO  impl.RoleInfo (RoleInfo.java:shutdownLeaderElection(134)) - bf55b3f9-6b09-4365-9d71-55289e083fa5: shutdown LeaderElection
2019-10-16 18:01:47,390 [bf55b3f9-6b09-4365-9d71-55289e083fa5@group-EFD1D20A002C-LeaderElection463] INFO  impl.RoleInfo (RoleInfo.java:updateAndGet(143)) - bf55b3f9-6b09-4365-9d71-55289e083fa5: start FollowerState
2019-10-16 18:01:47,555 [Thread-3309] INFO  impl.FollowerState (FollowerState.java:run(108)) - bf55b3f9-6b09-4365-9d71-55289e083fa5@group-EFD1D20A002C-FollowerState: change to CANDIDATE, lastRpcTime:165ms, electionTimeout:165ms
2019-10-16 18:01:47,555 [Thread-3309] INFO  impl.RoleInfo (RoleInfo.java:shutdownFollowerState(121)) - bf55b3f9-6b09-4365-9d71-55289e083fa5: shutdown FollowerState
2019-10-16 18:01:47,555 [Thread-3309] INFO  impl.RaftServerImpl (RaftServerImpl.java:setRole(184)) - bf55b3f9-6b09-4365-9d71-55289e083fa5@group-EFD1D20A002C: changes role from  FOLLOWER to CANDIDATE at term 546 for changeToCandidate
2019-10-16 18:01:47,555 [Thread-3309] INFO  impl.RoleInfo (RoleInfo.java:updateAndGet(143)) - bf55b3f9-6b09-4365-9d71-55289e083fa5: start LeaderElection
2019-10-16 18:01:47,583 [bf55b3f9-6b09-4365-9d71-55289e083fa5@group-EFD1D20A002C-LeaderElection464] INFO  impl.LeaderElection (LeaderElection.java:askForVotes(178)) - bf55b3f9-6b09-4365-9d71-55289e083fa5@group-EFD1D20A002C-LeaderElection464: begin an election at term 547 for -1: [f4c54511-b161-4347-aec5-5236dc80a0d8:0.0.0.0:41238, 907b9765-214b-4864-b66a-d6e2a5789e5c:0.0.0.0:41650, bf55b3f9-6b09-4365-9d71-55289e083fa5:0.0.0.0:42441], old=null
2019-10-16 18:01:47,586 [grpc-default-executor-3] INFO  impl.RaftServerImpl (RaftServerImpl.java:setRole(184)) - f4c54511-b161-4347-aec5-5236dc80a0d8@group-EFD1D20A002C: changes role from  FOLLOWER to FOLLOWER at term 547 for recognizeCandidate:bf55b3f9-6b09-4365-9d71-55289e083fa5
2019-10-16 18:01:47,586 [grpc-default-executor-1] INFO  impl.RaftServerImpl (RaftServerImpl.java:setRole(184)) - 907b9765-214b-4864-b66a-d6e2a5789e5c@group-EFD1D20A002C: changes role from  FOLLOWER to FOLLOWER at term 547 for recognizeCandidate:bf55b3f9-6b09-4365-9d71-55289e083fa5
2019-10-16 18:01:47,586 [grpc-default-executor-3] INFO  impl.RoleInfo (RoleInfo.java:shutdownFollowerState(121)) - f4c54511-b161-4347-aec5-5236dc80a0d8: shutdown FollowerState
2019-10-16 18:01:47,586 [grpc-default-executor-1] INFO  impl.RoleInfo (RoleInfo.java:shutdownFollowerState(121)) - 907b9765-214b-4864-b66a-d6e2a5789e5c: shutdown FollowerState
2019-10-16 18:01:47,586 [Thread-3307] INFO  impl.FollowerState (FollowerState.java:run(117)) - f4c54511-b161-4347-aec5-5236dc80a0d8@group-EFD1D20A002C-FollowerState was interrupted: java.lang.InterruptedException: sleep interrupted
2019-10-16 18:01:47,586 [grpc-default-executor-3] INFO  impl.RoleInfo (RoleInfo.java:updateAndGet(143)) - f4c54511-b161-4347-aec5-5236dc80a0d8: start FollowerState
2019-10-16 18:01:47,586 [Thread-3308] INFO  impl.FollowerState (FollowerState.java:run(117)) - 907b9765-214b-4864-b66a-d6e2a5789e5c@group-EFD1D20A002C-FollowerState was interrupted: java.lang.InterruptedException: sleep interrupted
2019-10-16 18:01:47,586 [grpc-default-executor-1] INFO  impl.RoleInfo (RoleInfo.java:updateAndGet(143)) - 907b9765-214b-4864-b66a-d6e2a5789e5c: start FollowerState
2019-10-16 18:01:47,610 [bf55b3f9-6b09-4365-9d71-55289e083fa5@group-EFD1D20A002C-LeaderElection464] INFO  impl.LeaderElection (LeaderElection.java:logAndReturn(56)) - bf55b3f9-6b09-4365-9d71-55289e083fa5@group-EFD1D20A002C-LeaderElection464: Election REJECTED; received 2 response(s) [bf55b3f9-6b09-4365-9d71-55289e083fa5<-f4c54511-b161-4347-aec5-5236dc80a0d8#0:FAIL-t547, bf55b3f9-6b09-4365-9d71-55289e083fa5<-907b9765-214b-4864-b66a-d6e2a5789e5c#0:FAIL-t547] and 0 exception(s); bf55b3f9-6b09-4365-9d71-55289e083fa5@group-EFD1D20A002C:t547, leader=null, voted=bf55b3f9-6b09-4365-9d71-55289e083fa5, raftlog=bf55b3f9-6b09-4365-9d71-55289e083fa5@group-EFD1D20A002C-SegmentedRaftLog:OPENED:c-1,f-1,i0, conf=-1: [f4c54511-b161-4347-aec5-5236dc80a0d8:0.0.0.0:41238, 907b9765-214b-4864-b66a-d6e2a5789e5c:0.0.0.0:41650, bf55b3f9-6b09-4365-9d71-55289e083fa5:0.0.0.0:42441], old=null
2019-10-16 18:01:47,610 [bf55b3f9-6b09-4365-9d71-55289e083fa5@group-EFD1D20A002C-LeaderElection464] INFO  impl.RaftServerImpl (RaftServerImpl.java:setRole(184)) - bf55b3f9-6b09-4365-9d71-55289e083fa5@group-EFD1D20A002C: changes role from CANDIDATE to FOLLOWER at term 547 for DISCOVERED_A_NEW_TERM
2019-10-16 18:01:47,610 [bf55b3f9-6b09-4365-9d71-55289e083fa5@group-EFD1D20A002C-LeaderElection464] INFO  impl.RoleInfo (RoleInfo.java:shutdownLeaderElection(134)) - bf55b3f9-6b09-4365-9d71-55289e083fa5: shutdown LeaderElection
2019-10-16 18:01:47,610 [bf55b3f9-6b09-4365-9d71-55289e083fa5@group-EFD1D20A002C-LeaderElection464] INFO  impl.RoleInfo (RoleInfo.java:updateAndGet(143)) - bf55b3f9-6b09-4365-9d71-55289e083fa5: start FollowerState
2019-10-16 18:01:47,621 [Thread-3315] INFO  impl.FollowerState (FollowerState.java:run(108)) - bf55b3f9-6b09-4365-9d71-55289e083fa5@group-EFD1D20A002C-FollowerState: change to CANDIDATE, lastRpcTime:10ms, electionTimeout:10ms
2019-10-16 18:01:47,621 [Thread-3315] INFO  impl.RoleInfo (RoleInfo.java:shutdownFollowerState(121)) - bf55b3f9-6b09-4365-9d71-55289e083fa5: shutdown FollowerState
2019-10-16 18:01:47,621 [Thread-3315] INFO  impl.RaftServerImpl (RaftServerImpl.java:setRole(184)) - bf55b3f9-6b09-4365-9d71-55289e083fa5@group-EFD1D20A002C: changes role from  FOLLOWER to CANDIDATE at term 547 for changeToCandidate
2019-10-16 18:01:47,621 [Thread-3315] INFO  impl.RoleInfo (RoleInfo.java:updateAndGet(143)) - bf55b3f9-6b09-4365-9d71-55289e083fa5: start LeaderElection
2019-10-16 18:01:47,651 [bf55b3f9-6b09-4365-9d71-55289e083fa5@group-EFD1D20A002C-LeaderElection465] INFO  impl.LeaderElection (LeaderElection.java:askForVotes(178)) - bf55b3f9-6b09-4365-9d71-55289e083fa5@group-EFD1D20A002C-LeaderElection465: begin an election at term 548 for -1: [f4c54511-b161-4347-aec5-5236dc80a0d8:0.0.0.0:41238, 907b9765-214b-4864-b66a-d6e2a5789e5c:0.0.0.0:41650, bf55b3f9-6b09-4365-9d71-55289e083fa5:0.0.0.0:42441], old=null
2019-10-16 18:01:47,653 [grpc-default-executor-3] INFO  impl.RaftServerImpl (RaftServerImpl.java:setRole(184)) - f4c54511-b161-4347-aec5-5236dc80a0d8@group-EFD1D20A002C: changes role from  FOLLOWER to FOLLOWER at term 548 for recognizeCandidate:bf55b3f9-6b09-4365-9d71-55289e083fa5
2019-10-16 18:01:47,653 [grpc-default-executor-3] INFO  impl.RoleInfo (RoleInfo.java:shutdownFollowerState(121)) - f4c54511-b161-4347-aec5-5236dc80a0d8: shutdown FollowerState
2019-10-16 18:01:47,653 [grpc-default-executor-1] INFO  impl.RaftServerImpl (RaftServerImpl.java:setRole(184)) - 907b9765-214b-4864-b66a-d6e2a5789e5c@group-EFD1D20A002C: changes role from  FOLLOWER to FOLLOWER at term 548 for recognizeCandidate:bf55b3f9-6b09-4365-9d71-55289e083fa5
2019-10-16 18:01:47,653 [grpc-default-executor-1] INFO  impl.RoleInfo (RoleInfo.java:shutdownFollowerState(121)) - 907b9765-214b-4864-b66a-d6e2a5789e5c: shutdown FollowerState
2019-10-16 18:01:47,653 [Thread-3313] INFO  impl.FollowerState (FollowerState.java:run(117)) - f4c54511-b161-4347-aec5-5236dc80a0d8@group-EFD1D20A002C-FollowerState was interrupted: java.lang.InterruptedException: sleep interrupted
2019-10-16 18:01:47,653 [grpc-default-executor-3] INFO  impl.RoleInfo (RoleInfo.java:updateAndGet(143)) - f4c54511-b161-4347-aec5-5236dc80a0d8: start FollowerState
2019-10-16 18:01:47,653 [Thread-3314] INFO  impl.FollowerState (FollowerState.java:run(117)) - 907b9765-214b-4864-b66a-d6e2a5789e5c@group-EFD1D20A002C-FollowerState was interrupted: java.lang.InterruptedException: sleep interrupted
2019-10-16 18:01:47,653 [grpc-default-executor-1] INFO  impl.RoleInfo (RoleInfo.java:updateAndGet(143)) - 907b9765-214b-4864-b66a-d6e2a5789e5c: start FollowerState
2019-10-16 18:01:47,677 [bf55b3f9-6b09-4365-9d71-55289e083fa5@group-EFD1D20A002C-LeaderElection465] INFO  impl.LeaderElection (LeaderElection.java:logAndReturn(56)) - bf55b3f9-6b09-4365-9d71-55289e083fa5@group-EFD1D20A002C-LeaderElection465: Election REJECTED; received 2 response(s) [bf55b3f9-6b09-4365-9d71-55289e083fa5<-f4c54511-b161-4347-aec5-5236dc80a0d8#0:FAIL-t548, bf55b3f9-6b09-4365-9d71-55289e083fa5<-907b9765-214b-4864-b66a-d6e2a5789e5c#0:FAIL-t548] and 0 exception(s); bf55b3f9-6b09-4365-9d71-55289e083fa5@group-EFD1D20A002C:t548, leader=null, voted=bf55b3f9-6b09-4365-9d71-55289e083fa5, raftlog=bf55b3f9-6b09-4365-9d71-55289e083fa5@group-EFD1D20A002C-SegmentedRaftLog:OPENED:c-1,f-1,i0, conf=-1: [f4c54511-b161-4347-aec5-5236dc80a0d8:0.0.0.0:41238, 907b9765-214b-4864-b66a-d6e2a5789e5c:0.0.0.0:41650, bf55b3f9-6b09-4365-9d71-55289e083fa5:0.0.0.0:42441], old=null
2019-10-16 18:01:47,677 [bf55b3f9-6b09-4365-9d71-55289e083fa5@group-EFD1D20A002C-LeaderElection465] INFO  impl.RaftServerImpl (RaftServerImpl.java:setRole(184)) - bf55b3f9-6b09-4365-9d71-55289e083fa5@group-EFD1D20A002C: changes role from CANDIDATE to FOLLOWER at term 548 for DISCOVERED_A_NEW_TERM
2019-10-16 18:01:47,677 [bf55b3f9-6b09-4365-9d71-55289e083fa5@group-EFD1D20A002C-LeaderElection465] INFO  impl.RoleInfo (RoleInfo.java:shutdownLeaderElection(134)) - bf55b3f9-6b09-4365-9d71-55289e083fa5: shutdown LeaderElection
2019-10-16 18:01:47,677 [bf55b3f9-6b09-4365-9d71-55289e083fa5@group-EFD1D20A002C-LeaderElection465] INFO  impl.RoleInfo (RoleInfo.java:updateAndGet(143)) - bf55b3f9-6b09-4365-9d71-55289e083fa5: start FollowerState
2019-10-16 18:01:47,802 [Thread-3321] INFO  impl.FollowerState (FollowerState.java:run(108)) - bf55b3f9-6b09-4365-9d71-55289e083fa5@group-EFD1D20A002C-FollowerState: change to CANDIDATE, lastRpcTime:124ms, electionTimeout:124ms
2019-10-16 18:01:47,802 [Thread-3321] INFO  impl.RoleInfo (RoleInfo.java:shutdownFollowerState(121)) - bf55b3f9-6b09-4365-9d71-55289e083fa5: shutdown FollowerState
2019-10-16 18:01:47,802 [Thread-3321] INFO  impl.RaftServerImpl (RaftServerImpl.java:setRole(184)) - bf55b3f9-6b09-4365-9d71-55289e083fa5@group-EFD1D20A002C: changes role from  FOLLOWER to CANDIDATE at term 548 for changeToCandidate
2019-10-16 18:01:47,802 [Thread-3321] INFO  impl.RoleInfo (RoleInfo.java:updateAndGet(143)) - bf55b3f9-6b09-4365-9d71-55289e083fa5: start LeaderElection
2019-10-16 18:01:47,828 [bf55b3f9-6b09-4365-9d71-55289e083fa5@group-EFD1D20A002C-LeaderElection466] INFO  impl.LeaderElection (LeaderElection.java:askForVotes(178)) - bf55b3f9-6b09-4365-9d71-55289e083fa5@group-EFD1D20A002C-LeaderElection466: begin an election at term 549 for -1: [f4c54511-b161-4347-aec5-5236dc80a0d8:0.0.0.0:41238, 907b9765-214b-4864-b66a-d6e2a5789e5c:0.0.0.0:41650, bf55b3f9-6b09-4365-9d71-55289e083fa5:0.0.0.0:42441], old=null
2019-10-16 18:01:47,830 [grpc-default-executor-3] INFO  impl.RaftServerImpl (RaftServerImpl.java:setRole(184)) - f4c54511-b161-4347-aec5-5236dc80a0d8@group-EFD1D20A002C: changes role from  FOLLOWER to FOLLOWER at term 549 for recognizeCandidate:bf55b3f9-6b09-4365-9d71-55289e083fa5
2019-10-16 18:01:47,830 [grpc-default-executor-1] INFO  impl.RaftServerImpl (RaftServerImpl.java:setRole(184)) - 907b9765-214b-4864-b66a-d6e2a5789e5c@group-EFD1D20A002C: changes role from  FOLLOWER to FOLLOWER at term 549 for recognizeCandidate:bf55b3f9-6b09-4365-9d71-55289e083fa5
2019-10-16 18:01:47,830 [grpc-default-executor-1] INFO  impl.RoleInfo (RoleInfo.java:shutdownFollowerState(121)) - 907b9765-214b-4864-b66a-d6e2a5789e5c: shutdown FollowerState
2019-10-16 18:01:47,830 [grpc-default-executor-3] INFO  impl.RoleInfo (RoleInfo.java:shutdownFollowerState(121)) - f4c54511-b161-4347-aec5-5236dc80a0d8: shutdown FollowerState
2019-10-16 18:01:47,830 [Thread-3320] INFO  impl.FollowerState (FollowerState.java:run(117)) - 907b9765-214b-4864-b66a-d6e2a5789e5c@group-EFD1D20A002C-FollowerState was interrupted: java.lang.InterruptedException: sleep interrupted
2019-10-16 18:01:47,830 [grpc-default-executor-1] INFO  impl.RoleInfo (RoleInfo.java:updateAndGet(143)) - 907b9765-214b-4864-b66a-d6e2a5789e5c: start FollowerState
2019-10-16 18:01:47,830 [Thread-3319] INFO  impl.FollowerState (FollowerState.java:run(117)) - f4c54511-b161-4347-aec5-5236dc80a0d8@group-EFD1D20A002C-FollowerState was interrupted: java.lang.InterruptedException: sleep interrupted
2019-10-16 18:01:47,830 [grpc-default-executor-3] INFO  impl.RoleInfo (RoleInfo.java:updateAndGet(143)) - f4c54511-b161-4347-aec5-5236dc80a0d8: start FollowerState
2019-10-16 18:01:47,854 [bf55b3f9-6b09-4365-9d71-55289e083fa5@group-EFD1D20A002C-LeaderElection466] INFO  impl.LeaderElection (LeaderElection.java:logAndReturn(56)) - bf55b3f9-6b09-4365-9d71-55289e083fa5@group-EFD1D20A002C-LeaderElection466: Election REJECTED; received 2 response(s) [bf55b3f9-6b09-4365-9d71-55289e083fa5<-f4c54511-b161-4347-aec5-5236dc80a0d8#0:FAIL-t549, bf55b3f9-6b09-4365-9d71-55289e083fa5<-907b9765-214b-4864-b66a-d6e2a5789e5c#0:FAIL-t549] and 0 exception(s); bf55b3f9-6b09-4365-9d71-55289e083fa5@group-EFD1D20A002C:t549, leader=null, voted=bf55b3f9-6b09-4365-9d71-55289e083fa5, raftlog=bf55b3f9-6b09-4365-9d71-55289e083fa5@group-EFD1D20A002C-SegmentedRaftLog:OPENED:c-1,f-1,i0, conf=-1: [f4c54511-b161-4347-aec5-5236dc80a0d8:0.0.0.0:41238, 907b9765-214b-4864-b66a-d6e2a5789e5c:0.0.0.0:41650, bf55b3f9-6b09-4365-9d71-55289e083fa5:0.0.0.0:42441], old=null
2019-10-16 18:01:47,854 [bf55b3f9-6b09-4365-9d71-55289e083fa5@group-EFD1D20A002C-LeaderElection466] INFO  impl.RaftServerImpl (RaftServerImpl.java:setRole(184)) - bf55b3f9-6b09-4365-9d71-55289e083fa5@group-EFD1D20A002C: changes role from CANDIDATE to FOLLOWER at term 549 for DISCOVERED_A_NEW_TERM
2019-10-16 18:01:47,854 [bf55b3f9-6b09-4365-9d71-55289e083fa5@group-EFD1D20A002C-LeaderElection466] INFO  impl.RoleInfo (RoleInfo.java:shutdownLeaderElection(134)) - bf55b3f9-6b09-4365-9d71-55289e083fa5: shutdown LeaderElection
2019-10-16 18:01:47,854 [bf55b3f9-6b09-4365-9d71-55289e083fa5@group-EFD1D20A002C-LeaderElection466] INFO  impl.RoleInfo (RoleInfo.java:updateAndGet(143)) - bf55b3f9-6b09-4365-9d71-55289e083fa5: start FollowerState
2019-10-16 18:01:47,904 [Thread-3327] INFO  impl.FollowerState (FollowerState.java:run(108)) - bf55b3f9-6b09-4365-9d71-55289e083fa5@group-EFD1D20A002C-FollowerState: change to CANDIDATE, lastRpcTime:49ms, electionTimeout:49ms
2019-10-16 18:01:47,904 [Thread-3327] INFO  impl.RoleInfo (RoleInfo.java:shutdownFollowerState(121)) - bf55b3f9-6b09-4365-9d71-55289e083fa5: shutdown FollowerState
2019-10-16 18:01:47,904 [Thread-3327] INFO  impl.RaftServerImpl (RaftServerImpl.java:setRole(184)) - bf55b3f9-6b09-4365-9d71-55289e083fa5@group-EFD1D20A002C: changes role from  FOLLOWER to CANDIDATE at term 549 for changeToCandidate
2019-10-16 18:01:47,904 [Thread-3327] INFO  impl.RoleInfo (RoleInfo.java:updateAndGet(143)) - bf55b3f9-6b09-4365-9d71-55289e083fa5: start LeaderElection
2019-10-16 18:01:47,929 [bf55b3f9-6b09-4365-9d71-55289e083fa5@group-EFD1D20A002C-LeaderElection467] INFO  impl.LeaderElection (LeaderElection.java:askForVotes(178)) - bf55b3f9-6b09-4365-9d71-55289e083fa5@group-EFD1D20A002C-LeaderElection467: begin an election at term 550 for -1: [f4c54511-b161-4347-aec5-5236dc80a0d8:0.0.0.0:41238, 907b9765-214b-4864-b66a-d6e2a5789e5c:0.0.0.0:41650, bf55b3f9-6b09-4365-9d71-55289e083fa5:0.0.0.0:42441], old=null
2019-10-16 18:01:47,932 [grpc-default-executor-1] INFO  impl.RaftServerImpl (RaftServerImpl.java:setRole(184)) - f4c54511-b161-4347-aec5-5236dc80a0d8@group-EFD1D20A002C: changes role from  FOLLOWER to FOLLOWER at term 550 for recognizeCandidate:bf55b3f9-6b09-4365-9d71-55289e083fa5
2019-10-16 18:01:47,932 [grpc-default-executor-3] INFO  impl.RaftServerImpl (RaftServerImpl.java:setRole(184)) - 907b9765-214b-4864-b66a-d6e2a5789e5c@group-EFD1D20A002C: changes role from  FOLLOWER to FOLLOWER at term 550 for recognizeCandidate:bf55b3f9-6b09-4365-9d71-55289e083fa5
2019-10-16 18:01:47,932 [grpc-default-executor-3] INFO  impl.RoleInfo (RoleInfo.java:shutdownFollowerState(121)) - 907b9765-214b-4864-b66a-d6e2a5789e5c: shutdown FollowerState
2019-10-16 18:01:47,932 [grpc-default-executor-1] INFO  impl.RoleInfo (RoleInfo.java:shutdownFollowerState(121)) - f4c54511-b161-4347-aec5-5236dc80a0d8: shutdown FollowerState
2019-10-16 18:01:47,933 [Thread-3325] INFO  impl.FollowerState (FollowerState.java:run(117)) - 907b9765-214b-4864-b66a-d6e2a5789e5c@group-EFD1D20A002C-FollowerState was interrupted: java.lang.InterruptedException: sleep interrupted
2019-10-16 18:01:47,933 [Thread-3326] INFO  impl.FollowerState (FollowerState.java:run(117)) - f4c54511-b161-4347-aec5-5236dc80a0d8@group-EFD1D20A002C-FollowerState was interrupted: java.lang.InterruptedException: sleep interrupted
2019-10-16 18:01:47,933 [grpc-default-executor-3] INFO  impl.RoleInfo (RoleInfo.java:updateAndGet(143)) - 907b9765-214b-4864-b66a-d6e2a5789e5c: start FollowerState
2019-10-16 18:01:47,933 [grpc-default-executor-1] INFO  impl.RoleInfo (RoleInfo.java:updateAndGet(143)) - f4c54511-b161-4347-aec5-5236dc80a0d8: start FollowerState
2019-10-16 18:01:47,947 [bf55b3f9-6b09-4365-9d71-55289e083fa5@group-EFD1D20A002C-LeaderElection467] INFO  impl.LeaderElection (LeaderElection.java:logAndReturn(56)) - bf55b3f9-6b09-4365-9d71-55289e083fa5@group-EFD1D20A002C-LeaderElection467: Election REJECTED; received 2 response(s) [bf55b3f9-6b09-4365-9d71-55289e083fa5<-f4c54511-b161-4347-aec5-5236dc80a0d8#0:FAIL-t550, bf55b3f9-6b09-4365-9d71-55289e083fa5<-907b9765-214b-4864-b66a-d6e2a5789e5c#0:FAIL-t550] and 0 exception(s); bf55b3f9-6b09-4365-9d71-55289e083fa5@group-EFD1D20A002C:t550, leader=null, voted=bf55b3f9-6b09-4365-9d71-55289e083fa5, raftlog=bf55b3f9-6b09-4365-9d71-55289e083fa5@group-EFD1D20A002C-SegmentedRaftLog:OPENED:c-1,f-1,i0, conf=-1: [f4c54511-b161-4347-aec5-5236dc80a0d8:0.0.0.0:41238, 907b9765-214b-4864-b66a-d6e2a5789e5c:0.0.0.0:41650, bf55b3f9-6b09-4365-9d71-55289e083fa5:0.0.0.0:42441], old=null
2019-10-16 18:01:47,947 [bf55b3f9-6b09-4365-9d71-55289e083fa5@group-EFD1D20A002C-LeaderElection467] INFO  impl.RaftServerImpl (RaftServerImpl.java:setRole(184)) - bf55b3f9-6b09-4365-9d71-55289e083fa5@group-EFD1D20A002C: changes role from CANDIDATE to FOLLOWER at term 550 for DISCOVERED_A_NEW_TERM
2019-10-16 18:01:47,947 [bf55b3f9-6b09-4365-9d71-55289e083fa5@group-EFD1D20A002C-LeaderElection467] INFO  impl.RoleInfo (RoleInfo.java:shutdownLeaderElection(134)) - bf55b3f9-6b09-4365-9d71-55289e083fa5: shutdown LeaderElection
2019-10-16 18:01:47,948 [bf55b3f9-6b09-4365-9d71-55289e083fa5@group-EFD1D20A002C-LeaderElection467] INFO  impl.RoleInfo (RoleInfo.java:updateAndGet(143)) - bf55b3f9-6b09-4365-9d71-55289e083fa5: start FollowerState
2019-10-16 18:01:48,112 [Thread-3333] INFO  impl.FollowerState (FollowerState.java:run(108)) - bf55b3f9-6b09-4365-9d71-55289e083fa5@group-EFD1D20A002C-FollowerState: change to CANDIDATE, lastRpcTime:164ms, electionTimeout:164ms
2019-10-16 18:01:48,112 [Thread-3333] INFO  impl.RoleInfo (RoleInfo.java:shutdownFollowerState(121)) - bf55b3f9-6b09-4365-9d71-55289e083fa5: shutdown FollowerState
2019-10-16 18:01:48,113 [Thread-3333] INFO  impl.RaftServerImpl (RaftServerImpl.java:setRole(184)) - bf55b3f9-6b09-4365-9d71-55289e083fa5@group-EFD1D20A002C: changes role from  FOLLOWER to CANDIDATE at term 550 for changeToCandidate
2019-10-16 18:01:48,113 [Thread-3333] INFO  impl.RoleInfo (RoleInfo.java:updateAndGet(143)) - bf55b3f9-6b09-4365-9d71-55289e083fa5: start LeaderElection
2019-10-16 18:01:48,156 [bf55b3f9-6b09-4365-9d71-55289e083fa5@group-EFD1D20A002C-LeaderElection468] INFO  impl.LeaderElection (LeaderElection.java:askForVotes(178)) - bf55b3f9-6b09-4365-9d71-55289e083fa5@group-EFD1D20A002C-LeaderElection468: begin an election at term 551 for -1: [f4c54511-b161-4347-aec5-5236dc80a0d8:0.0.0.0:41238, 907b9765-214b-4864-b66a-d6e2a5789e5c:0.0.0.0:41650, bf55b3f9-6b09-4365-9d71-55289e083fa5:0.0.0.0:42441], old=null
2019-10-16 18:01:48,157 [grpc-default-executor-1] INFO  impl.RaftServerImpl (RaftServerImpl.java:setRole(184)) - 907b9765-214b-4864-b66a-d6e2a5789e5c@group-EFD1D20A002C: changes role from  FOLLOWER to FOLLOWER at term 551 for recognizeCandidate:bf55b3f9-6b09-4365-9d71-55289e083fa5
2019-10-16 18:01:48,157 [grpc-default-executor-1] INFO  impl.RoleInfo (RoleInfo.java:shutdownFollowerState(121)) - 907b9765-214b-4864-b66a-d6e2a5789e5c: shutdown FollowerState
2019-10-16 18:01:48,157 [grpc-default-executor-3] INFO  impl.RaftServerImpl (RaftServerImpl.java:setRole(184)) - f4c54511-b161-4347-aec5-5236dc80a0d8@group-EFD1D20A002C: changes role from  FOLLOWER to FOLLOWER at term 551 for recognizeCandidate:bf55b3f9-6b09-4365-9d71-55289e083fa5
2019-10-16 18:01:48,157 [Thread-3331] INFO  impl.FollowerState (FollowerState.java:run(117)) - 907b9765-214b-4864-b66a-d6e2a5789e5c@group-EFD1D20A002C-FollowerState was interrupted: java.lang.InterruptedException: sleep interrupted
2019-10-16 18:01:48,157 [grpc-default-executor-1] INFO  impl.RoleInfo (RoleInfo.java:updateAndGet(143)) - 907b9765-214b-4864-b66a-d6e2a5789e5c: start FollowerState
2019-10-16 18:01:48,158 [grpc-default-executor-3] INFO  impl.RoleInfo (RoleInfo.java:shutdownFollowerState(121)) - f4c54511-b161-4347-aec5-5236dc80a0d8: shutdown FollowerState
2019-10-16 18:01:48,158 [Thread-3332] INFO  impl.FollowerState (FollowerState.java:run(117)) - f4c54511-b161-4347-aec5-5236dc80a0d8@group-EFD1D20A002C-FollowerState was interrupted: java.lang.InterruptedException: sleep interrupted
2019-10-16 18:01:48,158 [grpc-default-executor-3] INFO  impl.RoleInfo (RoleInfo.java:updateAndGet(143)) - f4c54511-b161-4347-aec5-5236dc80a0d8: start FollowerState
2019-10-16 18:01:48,180 [bf55b3f9-6b09-4365-9d71-55289e083fa5@group-EFD1D20A002C-LeaderElection468] INFO  impl.LeaderElection (LeaderElection.java:logAndReturn(56)) - bf55b3f9-6b09-4365-9d71-55289e083fa5@group-EFD1D20A002C-LeaderElection468: Election TIMEOUT; received 0 response(s) [] and 0 exception(s); bf55b3f9-6b09-4365-9d71-55289e083fa5@group-EFD1D20A002C:t551, leader=null, voted=bf55b3f9-6b09-4365-9d71-55289e083fa5, raftlog=bf55b3f9-6b09-4365-9d71-55289e083fa5@group-EFD1D20A002C-SegmentedRaftLog:OPENED:c-1,f-1,i0, conf=-1: [f4c54511-b161-4347-aec5-5236dc80a0d8:0.0.0.0:41238, 907b9765-214b-4864-b66a-d6e2a5789e5c:0.0.0.0:41650, bf55b3f9-6b09-4365-9d71-55289e083fa5:0.0.0.0:42441], old=null
2019-10-16 18:01:48,198 [bf55b3f9-6b09-4365-9d71-55289e083fa5@group-EFD1D20A002C-LeaderElection468] INFO  impl.LeaderElection (LeaderElection.java:askForVotes(178)) - bf55b3f9-6b09-4365-9d71-55289e083fa5@group-EFD1D20A002C-LeaderElection468: begin an election at term 552 for -1: [f4c54511-b161-4347-aec5-5236dc80a0d8:0.0.0.0:41238, 907b9765-214b-4864-b66a-d6e2a5789e5c:0.0.0.0:41650, bf55b3f9-6b09-4365-9d71-55289e083fa5:0.0.0.0:42441], old=null
2019-10-16 18:01:48,200 [grpc-default-executor-1] INFO  impl.RaftServerImpl (RaftServerImpl.java:setRole(184)) - f4c54511-b161-4347-aec5-5236dc80a0d8@group-EFD1D20A002C: changes role from  FOLLOWER to FOLLOWER at term 552 for recognizeCandidate:bf55b3f9-6b09-4365-9d71-55289e083fa5
2019-10-16 18:01:48,200 [grpc-default-executor-3] INFO  impl.RaftServerImpl (RaftServerImpl.java:setRole(184)) - 907b9765-214b-4864-b66a-d6e2a5789e5c@group-EFD1D20A002C: changes role from  FOLLOWER to FOLLOWER at term 552 for recognizeCandidate:bf55b3f9-6b09-4365-9d71-55289e083fa5
2019-10-16 18:01:48,200 [grpc-default-executor-3] INFO  impl.RoleInfo (RoleInfo.java:shutdownFollowerState(121)) - 907b9765-214b-4864-b66a-d6e2a5789e5c: shutdown FollowerState
2019-10-16 18:01:48,200 [grpc-default-executor-1] INFO  impl.RoleInfo (RoleInfo.java:shutdownFollowerState(121)) - f4c54511-b161-4347-aec5-5236dc80a0d8: shutdown FollowerState
2019-10-16 18:01:48,200 [Thread-3337] INFO  impl.FollowerState (FollowerState.java:run(117)) - 907b9765-214b-4864-b66a-d6e2a5789e5c@group-EFD1D20A002C-FollowerState was interrupted: java.lang.InterruptedException: sleep interrupted
2019-10-16 18:01:48,200 [Thread-3338] INFO  impl.FollowerState (FollowerState.java:run(117)) - f4c54511-b161-4347-aec5-5236dc80a0d8@group-EFD1D20A002C-FollowerState was interrupted: java.lang.InterruptedException: sleep interrupted
2019-10-16 18:01:48,200 [grpc-default-executor-3] INFO  impl.RoleInfo (RoleInfo.java:updateAndGet(143)) - 907b9765-214b-4864-b66a-d6e2a5789e5c: start FollowerState
2019-10-16 18:01:48,201 [grpc-default-executor-1] INFO  impl.RoleInfo (RoleInfo.java:updateAndGet(143)) - f4c54511-b161-4347-aec5-5236dc80a0d8: start FollowerState
2019-10-16 18:01:48,224 [bf55b3f9-6b09-4365-9d71-55289e083fa5@group-EFD1D20A002C-LeaderElection468] INFO  impl.LeaderElection (LeaderElection.java:logAndReturn(56)) - bf55b3f9-6b09-4365-9d71-55289e083fa5@group-EFD1D20A002C-LeaderElection468: Election REJECTED; received 2 response(s) [bf55b3f9-6b09-4365-9d71-55289e083fa5<-f4c54511-b161-4347-aec5-5236dc80a0d8#0:FAIL-t552, bf55b3f9-6b09-4365-9d71-55289e083fa5<-907b9765-214b-4864-b66a-d6e2a5789e5c#0:FAIL-t552] and 0 exception(s); bf55b3f9-6b09-4365-9d71-55289e083fa5@group-EFD1D20A002C:t552, leader=null, voted=bf55b3f9-6b09-4365-9d71-55289e083fa5, raftlog=bf55b3f9-6b09-4365-9d71-55289e083fa5@group-EFD1D20A002C-SegmentedRaftLog:OPENED:c-1,f-1,i0, conf=-1: [f4c54511-b161-4347-aec5-5236dc80a0d8:0.0.0.0:41238, 907b9765-214b-4864-b66a-d6e2a5789e5c:0.0.0.0:41650, bf55b3f9-6b09-4365-9d71-55289e083fa5:0.0.0.0:42441], old=null
2019-10-16 18:01:48,225 [bf55b3f9-6b09-4365-9d71-55289e083fa5@group-EFD1D20A002C-LeaderElection468] INFO  impl.RaftServerImpl (RaftServerImpl.java:setRole(184)) - bf55b3f9-6b09-4365-9d71-55289e083fa5@group-EFD1D20A002C: changes role from CANDIDATE to FOLLOWER at term 552 for DISCOVERED_A_NEW_TERM
2019-10-16 18:01:48,225 [bf55b3f9-6b09-4365-9d71-55289e083fa5@group-EFD1D20A002C-LeaderElection468] INFO  impl.RoleInfo (RoleInfo.java:shutdownLeaderElection(134)) - bf55b3f9-6b09-4365-9d71-55289e083fa5: shutdown LeaderElection
2019-10-16 18:01:48,225 [bf55b3f9-6b09-4365-9d71-55289e083fa5@group-EFD1D20A002C-LeaderElection468] INFO  impl.RoleInfo (RoleInfo.java:updateAndGet(143)) - bf55b3f9-6b09-4365-9d71-55289e083fa5: start FollowerState
2019-10-16 18:01:48,303 [Thread-3343] INFO  impl.FollowerState (FollowerState.java:run(108)) - bf55b3f9-6b09-4365-9d71-55289e083fa5@group-EFD1D20A002C-FollowerState: change to CANDIDATE, lastRpcTime:78ms, electionTimeout:78ms
2019-10-16 18:01:48,303 [Thread-3343] INFO  impl.RoleInfo (RoleInfo.java:shutdownFollowerState(121)) - bf55b3f9-6b09-4365-9d71-55289e083fa5: shutdown FollowerState
2019-10-16 18:01:48,304 [Thread-3343] INFO  impl.RaftServerImpl (RaftServerImpl.java:setRole(184)) - bf55b3f9-6b09-4365-9d71-55289e083fa5@group-EFD1D20A002C: changes role from  FOLLOWER to CANDIDATE at term 552 for changeToCandidate
2019-10-16 18:01:48,304 [Thread-3343] INFO  impl.RoleInfo (RoleInfo.java:updateAndGet(143)) - bf55b3f9-6b09-4365-9d71-55289e083fa5: start LeaderElection
2019-10-16 18:01:48,350 [bf55b3f9-6b09-4365-9d71-55289e083fa5@group-EFD1D20A002C-LeaderElection469] INFO  impl.LeaderElection (LeaderElection.java:askForVotes(178)) - bf55b3f9-6b09-4365-9d71-55289e083fa5@group-EFD1D20A002C-LeaderElection469: begin an election at term 553 for -1: [f4c54511-b161-4347-aec5-5236dc80a0d8:0.0.0.0:41238, 907b9765-214b-4864-b66a-d6e2a5789e5c:0.0.0.0:41650, bf55b3f9-6b09-4365-9d71-55289e083fa5:0.0.0.0:42441], old=null
2019-10-16 18:01:48,352 [grpc-default-executor-1] INFO  impl.RaftServerImpl (RaftServerImpl.java:setRole(184)) - f4c54511-b161-4347-aec5-5236dc80a0d8@group-EFD1D20A002C: changes role from  FOLLOWER to FOLLOWER at term 553 for recognizeCandidate:bf55b3f9-6b09-4365-9d71-55289e083fa5
2019-10-16 18:01:48,352 [grpc-default-executor-3] INFO  impl.RaftServerImpl (RaftServerImpl.java:setRole(184)) - 907b9765-214b-4864-b66a-d6e2a5789e5c@group-EFD1D20A002C: changes role from  FOLLOWER to FOLLOWER at term 553 for recognizeCandidate:bf55b3f9-6b09-4365-9d71-55289e083fa5
2019-10-16 18:01:48,352 [grpc-default-executor-1] INFO  impl.RoleInfo (RoleInfo.java:shutdownFollowerState(121)) - f4c54511-b161-4347-aec5-5236dc80a0d8: shutdown FollowerState
2019-10-16 18:01:48,352 [grpc-default-executor-3] INFO  impl.RoleInfo (RoleInfo.java:shutdownFollowerState(121)) - 907b9765-214b-4864-b66a-d6e2a5789e5c: shutdown FollowerState
2019-10-16 18:01:48,352 [Thread-3342] INFO  impl.FollowerState (FollowerState.java:run(117)) - f4c54511-b161-4347-aec5-5236dc80a0d8@group-EFD1D20A002C-FollowerState was interrupted: java.lang.InterruptedException: sleep interrupted
2019-10-16 18:01:48,352 [grpc-default-executor-1] INFO  impl.RoleInfo (RoleInfo.java:updateAndGet(143)) - f4c54511-b161-4347-aec5-5236dc80a0d8: start FollowerState
2019-10-16 18:01:48,352 [Thread-3341] INFO  impl.FollowerState (FollowerState.java:run(117)) - 907b9765-214b-4864-b66a-d6e2a5789e5c@group-EFD1D20A002C-FollowerState was interrupted: java.lang.InterruptedException: sleep interrupted
2019-10-16 18:01:48,352 [grpc-default-executor-3] INFO  impl.RoleInfo (RoleInfo.java:updateAndGet(143)) - 907b9765-214b-4864-b66a-d6e2a5789e5c: start FollowerState
2019-10-16 18:01:48,376 [bf55b3f9-6b09-4365-9d71-55289e083fa5@group-EFD1D20A002C-LeaderElection469] INFO  impl.LeaderElection (LeaderElection.java:logAndReturn(56)) - bf55b3f9-6b09-4365-9d71-55289e083fa5@group-EFD1D20A002C-LeaderElection469: Election REJECTED; received 2 response(s) [bf55b3f9-6b09-4365-9d71-55289e083fa5<-f4c54511-b161-4347-aec5-5236dc80a0d8#0:FAIL-t553, bf55b3f9-6b09-4365-9d71-55289e083fa5<-907b9765-214b-4864-b66a-d6e2a5789e5c#0:FAIL-t553] and 0 exception(s); bf55b3f9-6b09-4365-9d71-55289e083fa5@group-EFD1D20A002C:t553, leader=null, voted=bf55b3f9-6b09-4365-9d71-55289e083fa5, raftlog=bf55b3f9-6b09-4365-9d71-55289e083fa5@group-EFD1D20A002C-SegmentedRaftLog:OPENED:c-1,f-1,i0, conf=-1: [f4c54511-b161-4347-aec5-5236dc80a0d8:0.0.0.0:41238, 907b9765-214b-4864-b66a-d6e2a5789e5c:0.0.0.0:41650, bf55b3f9-6b09-4365-9d71-55289e083fa5:0.0.0.0:42441], old=null
2019-10-16 18:01:48,376 [bf55b3f9-6b09-4365-9d71-55289e083fa5@group-EFD1D20A002C-LeaderElection469] INFO  impl.RaftServerImpl (RaftServerImpl.java:setRole(184)) - bf55b3f9-6b09-4365-9d71-55289e083fa5@group-EFD1D20A002C: changes role from CANDIDATE to FOLLOWER at term 553 for DISCOVERED_A_NEW_TERM
2019-10-16 18:01:48,376 [bf55b3f9-6b09-4365-9d71-55289e083fa5@group-EFD1D20A002C-LeaderElection469] INFO  impl.RoleInfo (RoleInfo.java:shutdownLeaderElection(134)) - bf55b3f9-6b09-4365-9d71-55289e083fa5: shutdown LeaderElection
2019-10-16 18:01:48,376 [bf55b3f9-6b09-4365-9d71-55289e083fa5@group-EFD1D20A002C-LeaderElection469] INFO  impl.RoleInfo (RoleInfo.java:updateAndGet(143)) - bf55b3f9-6b09-4365-9d71-55289e083fa5: start FollowerState
2019-10-16 18:01:48,524 [Thread-3351] INFO  impl.FollowerState (FollowerState.java:run(108)) - bf55b3f9-6b09-4365-9d71-55289e083fa5@group-EFD1D20A002C-FollowerState: change to CANDIDATE, lastRpcTime:147ms, electionTimeout:147ms
2019-10-16 18:01:48,524 [Thread-3351] INFO  impl.RoleInfo (RoleInfo.java:shutdownFollowerState(121)) - bf55b3f9-6b09-4365-9d71-55289e083fa5: shutdown FollowerState
2019-10-16 18:01:48,524 [Thread-3351] INFO  impl.RaftServerImpl (RaftServerImpl.java:setRole(184)) - bf55b3f9-6b09-4365-9d71-55289e083fa5@group-EFD1D20A002C: changes role from  FOLLOWER to CANDIDATE at term 553 for changeToCandidate
2019-10-16 18:01:48,524 [Thread-3351] INFO  impl.RoleInfo (RoleInfo.java:updateAndGet(143)) - bf55b3f9-6b09-4365-9d71-55289e083fa5: start LeaderElection
2019-10-16 18:01:48,552 [bf55b3f9-6b09-4365-9d71-55289e083fa5@group-EFD1D20A002C-LeaderElection470] INFO  impl.LeaderElection (LeaderElection.java:askForVotes(178)) - bf55b3f9-6b09-4365-9d71-55289e083fa5@group-EFD1D20A002C-LeaderElection470: begin an election at term 554 for -1: [f4c54511-b161-4347-aec5-5236dc80a0d8:0.0.0.0:41238, 907b9765-214b-4864-b66a-d6e2a5789e5c:0.0.0.0:41650, bf55b3f9-6b09-4365-9d71-55289e083fa5:0.0.0.0:42441], old=null
2019-10-16 18:01:48,554 [grpc-default-executor-1] INFO  impl.RaftServerImpl (RaftServerImpl.java:setRole(184)) - f4c54511-b161-4347-aec5-5236dc80a0d8@group-EFD1D20A002C: changes role from  FOLLOWER to FOLLOWER at term 554 for recognizeCandidate:bf55b3f9-6b09-4365-9d71-55289e083fa5
2019-10-16 18:01:48,554 [grpc-default-executor-3] INFO  impl.RaftServerImpl (RaftServerImpl.java:setRole(184)) - 907b9765-214b-4864-b66a-d6e2a5789e5c@group-EFD1D20A002C: changes role from  FOLLOWER to FOLLOWER at term 554 for recognizeCandidate:bf55b3f9-6b09-4365-9d71-55289e083fa5
2019-10-16 18:01:48,554 [grpc-default-executor-1] INFO  impl.RoleInfo (RoleInfo.java:shutdownFollowerState(121)) - f4c54511-b161-4347-aec5-5236dc80a0d8: shutdown FollowerState
2019-10-16 18:01:48,554 [grpc-default-executor-3] INFO  impl.RoleInfo (RoleInfo.java:shutdownFollowerState(121)) - 907b9765-214b-4864-b66a-d6e2a5789e5c: shutdown FollowerState
2019-10-16 18:01:48,554 [Thread-3349] INFO  impl.FollowerState (FollowerState.java:run(117)) - f4c54511-b161-4347-aec5-5236dc80a0d8@group-EFD1D20A002C-FollowerState was interrupted: java.lang.InterruptedException: sleep interrupted
2019-10-16 18:01:48,554 [Thread-3350] INFO  impl.FollowerState (FollowerState.java:run(117)) - 907b9765-214b-4864-b66a-d6e2a5789e5c@group-EFD1D20A002C-FollowerState was interrupted: java.lang.InterruptedException: sleep interrupted
2019-10-16 18:01:48,554 [grpc-default-executor-1] INFO  impl.RoleInfo (RoleInfo.java:updateAndGet(143)) - f4c54511-b161-4347-aec5-5236dc80a0d8: start FollowerState
2019-10-16 18:01:48,554 [grpc-default-executor-3] INFO  impl.RoleInfo (RoleInfo.java:updateAndGet(143)) - 907b9765-214b-4864-b66a-d6e2a5789e5c: start FollowerState
2019-10-16 18:01:48,566 [bf55b3f9-6b09-4365-9d71-55289e083fa5@group-EFD1D20A002C-LeaderElection470] INFO  impl.LeaderElection (LeaderElection.java:logAndReturn(56)) - bf55b3f9-6b09-4365-9d71-55289e083fa5@group-EFD1D20A002C-LeaderElection470: Election TIMEOUT; received 0 response(s) [] and 0 exception(s); bf55b3f9-6b09-4365-9d71-55289e083fa5@group-EFD1D20A002C:t554, leader=null, voted=bf55b3f9-6b09-4365-9d71-55289e083fa5, raftlog=bf55b3f9-6b09-4365-9d71-55289e083fa5@group-EFD1D20A002C-SegmentedRaftLog:OPENED:c-1,f-1,i0, conf=-1: [f4c54511-b161-4347-aec5-5236dc80a0d8:0.0.0.0:41238, 907b9765-214b-4864-b66a-d6e2a5789e5c:0.0.0.0:41650, bf55b3f9-6b09-4365-9d71-55289e083fa5:0.0.0.0:42441], old=null
2019-10-16 18:01:48,595 [bf55b3f9-6b09-4365-9d71-55289e083fa5@group-EFD1D20A002C-LeaderElection470] INFO  impl.LeaderElection (LeaderElection.java:askForVotes(178)) - bf55b3f9-6b09-4365-9d71-55289e083fa5@group-EFD1D20A002C-LeaderElection470: begin an election at term 555 for -1: [f4c54511-b161-4347-aec5-5236dc80a0d8:0.0.0.0:41238, 907b9765-214b-4864-b66a-d6e2a5789e5c:0.0.0.0:41650, bf55b3f9-6b09-4365-9d71-55289e083fa5:0.0.0.0:42441], old=null
2019-10-16 18:01:48,597 [grpc-default-executor-3] INFO  impl.RaftServerImpl (RaftServerImpl.java:setRole(184)) - 907b9765-214b-4864-b66a-d6e2a5789e5c@group-EFD1D20A002C: changes role from  FOLLOWER to FOLLOWER at term 555 for recognizeCandidate:bf55b3f9-6b09-4365-9d71-55289e083fa5
2019-10-16 18:01:48,597 [grpc-default-executor-1] INFO  impl.RaftServerImpl (RaftServerImpl.java:setRole(184)) - f4c54511-b161-4347-aec5-5236dc80a0d8@group-EFD1D20A002C: changes role from  FOLLOWER to FOLLOWER at term 555 for recognizeCandidate:bf55b3f9-6b09-4365-9d71-55289e083fa5
2019-10-16 18:01:48,597 [grpc-default-executor-1] INFO  impl.RoleInfo (RoleInfo.java:shutdownFollowerState(121)) - f4c54511-b161-4347-aec5-5236dc80a0d8: shutdown FollowerState
2019-10-16 18:01:48,597 [grpc-default-executor-3] INFO  impl.RoleInfo (RoleInfo.java:shutdownFollowerState(121)) - 907b9765-214b-4864-b66a-d6e2a5789e5c: shutdown FollowerState
2019-10-16 18:01:48,598 [Thread-3355] INFO  impl.FollowerState (FollowerState.java:run(117)) - f4c54511-b161-4347-aec5-5236dc80a0d8@group-EFD1D20A002C-FollowerState was interrupted: java.lang.InterruptedException: sleep interrupted
2019-10-16 18:01:48,598 [Thread-3356] INFO  impl.FollowerState (FollowerState.java:run(117)) - 907b9765-214b-4864-b66a-d6e2a5789e5c@group-EFD1D20A002C-FollowerState was interrupted: java.lang.InterruptedException: sleep interrupted
2019-10-16 18:01:48,598 [grpc-default-executor-3] INFO  impl.RoleInfo (RoleInfo.java:updateAndGet(143)) - 907b9765-214b-4864-b66a-d6e2a5789e5c: start FollowerState
2019-10-16 18:01:48,598 [grpc-default-executor-1] INFO  impl.RoleInfo (RoleInfo.java:updateAndGet(143)) - f4c54511-b161-4347-aec5-5236dc80a0d8: start FollowerState
2019-10-16 18:01:48,623 [bf55b3f9-6b09-4365-9d71-55289e083fa5@group-EFD1D20A002C-LeaderElection470] INFO  impl.LeaderElection (LeaderElection.java:logAndReturn(56)) - bf55b3f9-6b09-4365-9d71-55289e083fa5@group-EFD1D20A002C-LeaderElection470: Election TIMEOUT; received 0 response(s) [] and 0 exception(s); bf55b3f9-6b09-4365-9d71-55289e083fa5@group-EFD1D20A002C:t555, leader=null, voted=bf55b3f9-6b09-4365-9d71-55289e083fa5, raftlog=bf55b3f9-6b09-4365-9d71-55289e083fa5@group-EFD1D20A002C-SegmentedRaftLog:OPENED:c-1,f-1,i0, conf=-1: [f4c54511-b161-4347-aec5-5236dc80a0d8:0.0.0.0:41238, 907b9765-214b-4864-b66a-d6e2a5789e5c:0.0.0.0:41650, bf55b3f9-6b09-4365-9d71-55289e083fa5:0.0.0.0:42441], old=null
2019-10-16 18:01:48,672 [bf55b3f9-6b09-4365-9d71-55289e083fa5@group-EFD1D20A002C-LeaderElection470] INFO  impl.LeaderElection (LeaderElection.java:askForVotes(178)) - bf55b3f9-6b09-4365-9d71-55289e083fa5@group-EFD1D20A002C-LeaderElection470: begin an election at term 556 for -1: [f4c54511-b161-4347-aec5-5236dc80a0d8:0.0.0.0:41238, 907b9765-214b-4864-b66a-d6e2a5789e5c:0.0.0.0:41650, bf55b3f9-6b09-4365-9d71-55289e083fa5:0.0.0.0:42441], old=null
2019-10-16 18:01:48,676 [grpc-default-executor-1] INFO  impl.RaftServerImpl (RaftServerImpl.java:setRole(184)) - f4c54511-b161-4347-aec5-5236dc80a0d8@group-EFD1D20A002C: changes role from  FOLLOWER to FOLLOWER at term 556 for recognizeCandidate:bf55b3f9-6b09-4365-9d71-55289e083fa5
2019-10-16 18:01:48,676 [grpc-default-executor-3] INFO  impl.RaftServerImpl (RaftServerImpl.java:setRole(184)) - 907b9765-214b-4864-b66a-d6e2a5789e5c@group-EFD1D20A002C: changes role from  FOLLOWER to FOLLOWER at term 556 for recognizeCandidate:bf55b3f9-6b09-4365-9d71-55289e083fa5
2019-10-16 18:01:48,676 [grpc-default-executor-1] INFO  impl.RoleInfo (RoleInfo.java:shutdownFollowerState(121)) - f4c54511-b161-4347-aec5-5236dc80a0d8: shutdown FollowerState
2019-10-16 18:01:48,676 [grpc-default-executor-3] INFO  impl.RoleInfo (RoleInfo.java:shutdownFollowerState(121)) - 907b9765-214b-4864-b66a-d6e2a5789e5c: shutdown FollowerState
2019-10-16 18:01:48,676 [grpc-default-executor-1] INFO  impl.RoleInfo (RoleInfo.java:updateAndGet(143)) - f4c54511-b161-4347-aec5-5236dc80a0d8: start FollowerState
2019-10-16 18:01:48,676 [Thread-3360] INFO  impl.FollowerState (FollowerState.java:run(117)) - 907b9765-214b-4864-b66a-d6e2a5789e5c@group-EFD1D20A002C-FollowerState was interrupted: java.lang.InterruptedException: sleep interrupted
2019-10-16 18:01:48,676 [grpc-default-executor-3] INFO  impl.RoleInfo (RoleInfo.java:updateAndGet(143)) - 907b9765-214b-4864-b66a-d6e2a5789e5c: start FollowerState
2019-10-16 18:01:48,676 [Thread-3359] INFO  impl.FollowerState (FollowerState.java:run(117)) - f4c54511-b161-4347-aec5-5236dc80a0d8@group-EFD1D20A002C-FollowerState was interrupted: java.lang.InterruptedException: sleep interrupted
2019-10-16 18:01:48,698 [bf55b3f9-6b09-4365-9d71-55289e083fa5@group-EFD1D20A002C-LeaderElection470] INFO  impl.LeaderElection (LeaderElection.java:logAndReturn(56)) - bf55b3f9-6b09-4365-9d71-55289e083fa5@group-EFD1D20A002C-LeaderElection470: Election REJECTED; received 2 response(s) [bf55b3f9-6b09-4365-9d71-55289e083fa5<-f4c54511-b161-4347-aec5-5236dc80a0d8#0:FAIL-t556, bf55b3f9-6b09-4365-9d71-55289e083fa5<-907b9765-214b-4864-b66a-d6e2a5789e5c#0:FAIL-t556] and 0 exception(s); bf55b3f9-6b09-4365-9d71-55289e083fa5@group-EFD1D20A002C:t556, leader=null, voted=bf55b3f9-6b09-4365-9d71-55289e083fa5, raftlog=bf55b3f9-6b09-4365-9d71-55289e083fa5@group-EFD1D20A002C-SegmentedRaftLog:OPENED:c-1,f-1,i0, conf=-1: [f4c54511-b161-4347-aec5-5236dc80a0d8:0.0.0.0:41238, 907b9765-214b-4864-b66a-d6e2a5789e5c:0.0.0.0:41650, bf55b3f9-6b09-4365-9d71-55289e083fa5:0.0.0.0:42441], old=null
2019-10-16 18:01:48,698 [bf55b3f9-6b09-4365-9d71-55289e083fa5@group-EFD1D20A002C-LeaderElection470] INFO  impl.RaftServerImpl (RaftServerImpl.java:setRole(184)) - bf55b3f9-6b09-4365-9d71-55289e083fa5@group-EFD1D20A002C: changes role from CANDIDATE to FOLLOWER at term 556 for DISCOVERED_A_NEW_TERM
2019-10-16 18:01:48,698 [bf55b3f9-6b09-4365-9d71-55289e083fa5@group-EFD1D20A002C-LeaderElection470] INFO  impl.RoleInfo (RoleInfo.java:shutdownLeaderElection(134)) - bf55b3f9-6b09-4365-9d71-55289e083fa5: shutdown LeaderElection
2019-10-16 18:01:48,698 [bf55b3f9-6b09-4365-9d71-55289e083fa5@group-EFD1D20A002C-LeaderElection470] INFO  impl.RoleInfo (RoleInfo.java:updateAndGet(143)) - bf55b3f9-6b09-4365-9d71-55289e083fa5: start FollowerState
2019-10-16 18:01:48,815 [Thread-3365] INFO  impl.FollowerState (FollowerState.java:run(108)) - bf55b3f9-6b09-4365-9d71-55289e083fa5@group-EFD1D20A002C-FollowerState: change to CANDIDATE, lastRpcTime:116ms, electionTimeout:116ms
2019-10-16 18:01:48,815 [Thread-3365] INFO  impl.RoleInfo (RoleInfo.java:shutdownFollowerState(121)) - bf55b3f9-6b09-4365-9d71-55289e083fa5: shutdown FollowerState
2019-10-16 18:01:48,815 [Thread-3365] INFO  impl.RaftServerImpl (RaftServerImpl.java:setRole(184)) - bf55b3f9-6b09-4365-9d71-55289e083fa5@group-EFD1D20A002C: changes role from  FOLLOWER to CANDIDATE at term 556 for changeToCandidate
2019-10-16 18:01:48,815 [Thread-3365] INFO  impl.RoleInfo (RoleInfo.java:updateAndGet(143)) - bf55b3f9-6b09-4365-9d71-55289e083fa5: start LeaderElection
2019-10-16 18:01:48,840 [bf55b3f9-6b09-4365-9d71-55289e083fa5@group-EFD1D20A002C-LeaderElection471] INFO  impl.LeaderElection (LeaderElection.java:askForVotes(178)) - bf55b3f9-6b09-4365-9d71-55289e083fa5@group-EFD1D20A002C-LeaderElection471: begin an election at term 557 for -1: [f4c54511-b161-4347-aec5-5236dc80a0d8:0.0.0.0:41238, 907b9765-214b-4864-b66a-d6e2a5789e5c:0.0.0.0:41650, bf55b3f9-6b09-4365-9d71-55289e083fa5:0.0.0.0:42441], old=null
2019-10-16 18:01:48,842 [grpc-default-executor-3] INFO  impl.RaftServerImpl (RaftServerImpl.java:setRole(184)) - f4c54511-b161-4347-aec5-5236dc80a0d8@group-EFD1D20A002C: changes role from  FOLLOWER to FOLLOWER at term 557 for recognizeCandidate:bf55b3f9-6b09-4365-9d71-55289e083fa5
2019-10-16 18:01:48,842 [grpc-default-executor-1] INFO  impl.RaftServerImpl (RaftServerImpl.java:setRole(184)) - 907b9765-214b-4864-b66a-d6e2a5789e5c@group-EFD1D20A002C: changes role from  FOLLOWER to FOLLOWER at term 557 for recognizeCandidate:bf55b3f9-6b09-4365-9d71-55289e083fa5
2019-10-16 18:01:48,842 [grpc-default-executor-1] INFO  impl.RoleInfo (RoleInfo.java:shutdownFollowerState(121)) - 907b9765-214b-4864-b66a-d6e2a5789e5c: shutdown FollowerState
2019-10-16 18:01:48,842 [grpc-default-executor-3] INFO  impl.RoleInfo (RoleInfo.java:shutdownFollowerState(121)) - f4c54511-b161-4347-aec5-5236dc80a0d8: shutdown FollowerState
2019-10-16 18:01:48,842 [grpc-default-executor-1] INFO  impl.RoleInfo (RoleInfo.java:updateAndGet(143)) - 907b9765-214b-4864-b66a-d6e2a5789e5c: start FollowerState
2019-10-16 18:01:48,843 [Thread-3364] INFO  impl.FollowerState (FollowerState.java:run(117)) - 907b9765-214b-4864-b66a-d6e2a5789e5c@group-EFD1D20A002C-FollowerState was interrupted: java.lang.InterruptedException: sleep interrupted
2019-10-16 18:01:48,843 [Thread-3363] INFO  impl.FollowerState (FollowerState.java:run(117)) - f4c54511-b161-4347-aec5-5236dc80a0d8@group-EFD1D20A002C-FollowerState was interrupted: java.lang.InterruptedException: sleep interrupted
2019-10-16 18:01:48,843 [grpc-default-executor-3] INFO  impl.RoleInfo (RoleInfo.java:updateAndGet(143)) - f4c54511-b161-4347-aec5-5236dc80a0d8: start FollowerState
2019-10-16 18:01:48,855 [bf55b3f9-6b09-4365-9d71-55289e083fa5@group-EFD1D20A002C-LeaderElection471] INFO  impl.LeaderElection (LeaderElection.java:logAndReturn(56)) - bf55b3f9-6b09-4365-9d71-55289e083fa5@group-EFD1D20A002C-LeaderElection471: Election TIMEOUT; received 0 response(s) [] and 0 exception(s); bf55b3f9-6b09-4365-9d71-55289e083fa5@group-EFD1D20A002C:t557, leader=null, voted=bf55b3f9-6b09-4365-9d71-55289e083fa5, raftlog=bf55b3f9-6b09-4365-9d71-55289e083fa5@group-EFD1D20A002C-SegmentedRaftLog:OPENED:c-1,f-1,i0, conf=-1: [f4c54511-b161-4347-aec5-5236dc80a0d8:0.0.0.0:41238, 907b9765-214b-4864-b66a-d6e2a5789e5c:0.0.0.0:41650, bf55b3f9-6b09-4365-9d71-55289e083fa5:0.0.0.0:42441], old=null
2019-10-16 18:01:48,882 [bf55b3f9-6b09-4365-9d71-55289e083fa5@group-EFD1D20A002C-LeaderElection471] INFO  impl.LeaderElection (LeaderElection.java:askForVotes(178)) - bf55b3f9-6b09-4365-9d71-55289e083fa5@group-EFD1D20A002C-LeaderElection471: begin an election at term 558 for -1: [f4c54511-b161-4347-aec5-5236dc80a0d8:0.0.0.0:41238, 907b9765-214b-4864-b66a-d6e2a5789e5c:0.0.0.0:41650, bf55b3f9-6b09-4365-9d71-55289e083fa5:0.0.0.0:42441], old=null
2019-10-16 18:01:48,884 [grpc-default-executor-1] INFO  impl.RaftServerImpl (RaftServerImpl.java:setRole(184)) - 907b9765-214b-4864-b66a-d6e2a5789e5c@group-EFD1D20A002C: changes role from  FOLLOWER to FOLLOWER at term 558 for recognizeCandidate:bf55b3f9-6b09-4365-9d71-55289e083fa5
2019-10-16 18:01:48,884 [grpc-default-executor-3] INFO  impl.RaftServerImpl (RaftServerImpl.java:setRole(184)) - f4c54511-b161-4347-aec5-5236dc80a0d8@group-EFD1D20A002C: changes role from  FOLLOWER to FOLLOWER at term 558 for recognizeCandidate:bf55b3f9-6b09-4365-9d71-55289e083fa5
2019-10-16 18:01:48,884 [grpc-default-executor-3] INFO  impl.RoleInfo (RoleInfo.java:shutdownFollowerState(121)) - f4c54511-b161-4347-aec5-5236dc80a0d8: shutdown FollowerState
2019-10-16 18:01:48,884 [grpc-default-executor-1] INFO  impl.RoleInfo (RoleInfo.java:shutdownFollowerState(121)) - 907b9765-214b-4864-b66a-d6e2a5789e5c: shutdown FollowerState
2019-10-16 18:01:48,884 [Thread-3370] INFO  impl.FollowerState (FollowerState.java:run(117)) - f4c54511-b161-4347-aec5-5236dc80a0d8@group-EFD1D20A002C-FollowerState was interrupted: java.lang.InterruptedException: sleep interrupted
2019-10-16 18:01:48,884 [grpc-default-executor-3] INFO  impl.RoleInfo (RoleInfo.java:updateAndGet(143)) - f4c54511-b161-4347-aec5-5236dc80a0d8: start FollowerState
2019-10-16 18:01:48,884 [Thread-3369] INFO  impl.FollowerState (FollowerState.java:run(117)) - 907b9765-214b-4864-b66a-d6e2a5789e5c@group-EFD1D20A002C-FollowerState was interrupted: java.lang.InterruptedException: sleep interrupted
2019-10-16 18:01:48,884 [grpc-default-executor-1] INFO  impl.RoleInfo (RoleInfo.java:updateAndGet(143)) - 907b9765-214b-4864-b66a-d6e2a5789e5c: start FollowerState
2019-10-16 18:01:48,908 [bf55b3f9-6b09-4365-9d71-55289e083fa5@group-EFD1D20A002C-LeaderElection471] INFO  impl.LeaderElection (LeaderElection.java:logAndReturn(56)) - bf55b3f9-6b09-4365-9d71-55289e083fa5@group-EFD1D20A002C-LeaderElection471: Election REJECTED; received 2 response(s) [bf55b3f9-6b09-4365-9d71-55289e083fa5<-f4c54511-b161-4347-aec5-5236dc80a0d8#0:FAIL-t558, bf55b3f9-6b09-4365-9d71-55289e083fa5<-907b9765-214b-4864-b66a-d6e2a5789e5c#0:FAIL-t558] and 0 exception(s); bf55b3f9-6b09-4365-9d71-55289e083fa5@group-EFD1D20A002C:t558, leader=null, voted=bf55b3f9-6b09-4365-9d71-55289e083fa5, raftlog=bf55b3f9-6b09-4365-9d71-55289e083fa5@group-EFD1D20A002C-SegmentedRaftLog:OPENED:c-1,f-1,i0, conf=-1: [f4c54511-b161-4347-aec5-5236dc80a0d8:0.0.0.0:41238, 907b9765-214b-4864-b66a-d6e2a5789e5c:0.0.0.0:41650, bf55b3f9-6b09-4365-9d71-55289e083fa5:0.0.0.0:42441], old=null
2019-10-16 18:01:48,908 [bf55b3f9-6b09-4365-9d71-55289e083fa5@group-EFD1D20A002C-LeaderElection471] INFO  impl.RaftServerImpl (RaftServerImpl.java:setRole(184)) - bf55b3f9-6b09-4365-9d71-55289e083fa5@group-EFD1D20A002C: changes role from CANDIDATE to FOLLOWER at term 558 for DISCOVERED_A_NEW_TERM
2019-10-16 18:01:48,908 [bf55b3f9-6b09-4365-9d71-55289e083fa5@group-EFD1D20A002C-LeaderElection471] INFO  impl.RoleInfo (RoleInfo.java:shutdownLeaderElection(134)) - bf55b3f9-6b09-4365-9d71-55289e083fa5: shutdown LeaderElection
2019-10-16 18:01:48,909 [bf55b3f9-6b09-4365-9d71-55289e083fa5@group-EFD1D20A002C-LeaderElection471] INFO  impl.RoleInfo (RoleInfo.java:updateAndGet(143)) - bf55b3f9-6b09-4365-9d71-55289e083fa5: start FollowerState
2019-10-16 18:01:48,986 [Thread-3375] INFO  impl.FollowerState (FollowerState.java:run(108)) - bf55b3f9-6b09-4365-9d71-55289e083fa5@group-EFD1D20A002C-FollowerState: change to CANDIDATE, lastRpcTime:77ms, electionTimeout:77ms
2019-10-16 18:01:48,986 [Thread-3375] INFO  impl.RoleInfo (RoleInfo.java:shutdownFollowerState(121)) - bf55b3f9-6b09-4365-9d71-55289e083fa5: shutdown FollowerState
2019-10-16 18:01:48,986 [Thread-3375] INFO  impl.RaftServerImpl (RaftServerImpl.java:setRole(184)) - bf55b3f9-6b09-4365-9d71-55289e083fa5@group-EFD1D20A002C: changes role from  FOLLOWER to CANDIDATE at term 558 for changeToCandidate
2019-10-16 18:01:48,986 [Thread-3375] INFO  impl.RoleInfo (RoleInfo.java:updateAndGet(143)) - bf55b3f9-6b09-4365-9d71-55289e083fa5: start LeaderElection
2019-10-16 18:01:49,016 [bf55b3f9-6b09-4365-9d71-55289e083fa5@group-EFD1D20A002C-LeaderElection472] INFO  impl.LeaderElection (LeaderElection.java:askForVotes(178)) - bf55b3f9-6b09-4365-9d71-55289e083fa5@group-EFD1D20A002C-LeaderElection472: begin an election at term 559 for -1: [f4c54511-b161-4347-aec5-5236dc80a0d8:0.0.0.0:41238, 907b9765-214b-4864-b66a-d6e2a5789e5c:0.0.0.0:41650, bf55b3f9-6b09-4365-9d71-55289e083fa5:0.0.0.0:42441], old=null
2019-10-16 18:01:49,019 [grpc-default-executor-3] INFO  impl.RaftServerImpl (RaftServerImpl.java:setRole(184)) - f4c54511-b161-4347-aec5-5236dc80a0d8@group-EFD1D20A002C: changes role from  FOLLOWER to FOLLOWER at term 559 for recognizeCandidate:bf55b3f9-6b09-4365-9d71-55289e083fa5
2019-10-16 18:01:49,019 [grpc-default-executor-3] INFO  impl.RoleInfo (RoleInfo.java:shutdownFollowerState(121)) - f4c54511-b161-4347-aec5-5236dc80a0d8: shutdown FollowerState
2019-10-16 18:01:49,019 [grpc-default-executor-1] INFO  impl.RaftServerImpl (RaftServerImpl.java:setRole(184)) - 907b9765-214b-4864-b66a-d6e2a5789e5c@group-EFD1D20A002C: changes role from  FOLLOWER to FOLLOWER at term 559 for recognizeCandidate:bf55b3f9-6b09-4365-9d71-55289e083fa5
2019-10-16 18:01:49,020 [grpc-default-executor-1] INFO  impl.RoleInfo (RoleInfo.java:shutdownFollowerState(121)) - 907b9765-214b-4864-b66a-d6e2a5789e5c: shutdown FollowerState
2019-10-16 18:01:49,020 [Thread-3373] INFO  impl.FollowerState (FollowerState.java:run(117)) - f4c54511-b161-4347-aec5-5236dc80a0d8@group-EFD1D20A002C-FollowerState was interrupted: java.lang.InterruptedException: sleep interrupted
2019-10-16 18:01:49,020 [grpc-default-executor-3] INFO  impl.RoleInfo (RoleInfo.java:updateAndGet(143)) - f4c54511-b161-4347-aec5-5236dc80a0d8: start FollowerState
2019-10-16 18:01:49,020 [Thread-3374] INFO  impl.FollowerState (FollowerState.java:run(117)) - 907b9765-214b-4864-b66a-d6e2a5789e5c@group-EFD1D20A002C-FollowerState was interrupted: java.lang.InterruptedException: sleep interrupted
2019-10-16 18:01:49,020 [grpc-default-executor-1] INFO  impl.RoleInfo (RoleInfo.java:updateAndGet(143)) - 907b9765-214b-4864-b66a-d6e2a5789e5c: start FollowerState
2019-10-16 18:01:49,043 [bf55b3f9-6b09-4365-9d71-55289e083fa5@group-EFD1D20A002C-LeaderElection472] INFO  impl.LeaderElection (LeaderElection.java:logAndReturn(56)) - bf55b3f9-6b09-4365-9d71-55289e083fa5@group-EFD1D20A002C-LeaderElection472: Election REJECTED; received 2 response(s) [bf55b3f9-6b09-4365-9d71-55289e083fa5<-f4c54511-b161-4347-aec5-5236dc80a0d8#0:FAIL-t559, bf55b3f9-6b09-4365-9d71-55289e083fa5<-907b9765-214b-4864-b66a-d6e2a5789e5c#0:FAIL-t559] and 0 exception(s); bf55b3f9-6b09-4365-9d71-55289e083fa5@group-EFD1D20A002C:t559, leader=null, voted=bf55b3f9-6b09-4365-9d71-55289e083fa5, raftlog=bf55b3f9-6b09-4365-9d71-55289e083fa5@group-EFD1D20A002C-SegmentedRaftLog:OPENED:c-1,f-1,i0, conf=-1: [f4c54511-b161-4347-aec5-5236dc80a0d8:0.0.0.0:41238, 907b9765-214b-4864-b66a-d6e2a5789e5c:0.0.0.0:41650, bf55b3f9-6b09-4365-9d71-55289e083fa5:0.0.0.0:42441], old=null
2019-10-16 18:01:49,043 [bf55b3f9-6b09-4365-9d71-55289e083fa5@group-EFD1D20A002C-LeaderElection472] INFO  impl.RaftServerImpl (RaftServerImpl.java:setRole(184)) - bf55b3f9-6b09-4365-9d71-55289e083fa5@group-EFD1D20A002C: changes role from CANDIDATE to FOLLOWER at term 559 for DISCOVERED_A_NEW_TERM
2019-10-16 18:01:49,043 [bf55b3f9-6b09-4365-9d71-55289e083fa5@group-EFD1D20A002C-LeaderElection472] INFO  impl.RoleInfo (RoleInfo.java:shutdownLeaderElection(134)) - bf55b3f9-6b09-4365-9d71-55289e083fa5: shutdown LeaderElection
2019-10-16 18:01:49,044 [bf55b3f9-6b09-4365-9d71-55289e083fa5@group-EFD1D20A002C-LeaderElection472] INFO  impl.RoleInfo (RoleInfo.java:updateAndGet(143)) - bf55b3f9-6b09-4365-9d71-55289e083fa5: start FollowerState
2019-10-16 18:01:49,118 [Thread-3381] INFO  impl.FollowerState (FollowerState.java:run(108)) - bf55b3f9-6b09-4365-9d71-55289e083fa5@group-EFD1D20A002C-FollowerState: change to CANDIDATE, lastRpcTime:74ms, electionTimeout:73ms
2019-10-16 18:01:49,119 [Thread-3381] INFO  impl.RoleInfo (RoleInfo.java:shutdownFollowerState(121)) - bf55b3f9-6b09-4365-9d71-55289e083fa5: shutdown FollowerState
2019-10-16 18:01:49,119 [Thread-3381] INFO  impl.RaftServerImpl (RaftServerImpl.java:setRole(184)) - bf55b3f9-6b09-4365-9d71-55289e083fa5@group-EFD1D20A002C: changes role from  FOLLOWER to CANDIDATE at term 559 for changeToCandidate
2019-10-16 18:01:49,119 [Thread-3381] INFO  impl.RoleInfo (RoleInfo.java:updateAndGet(143)) - bf55b3f9-6b09-4365-9d71-55289e083fa5: start LeaderElection
2019-10-16 18:01:49,143 [bf55b3f9-6b09-4365-9d71-55289e083fa5@group-EFD1D20A002C-LeaderElection473] INFO  impl.LeaderElection (LeaderElection.java:askForVotes(178)) - bf55b3f9-6b09-4365-9d71-55289e083fa5@group-EFD1D20A002C-LeaderElection473: begin an election at term 560 for -1: [f4c54511-b161-4347-aec5-5236dc80a0d8:0.0.0.0:41238, 907b9765-214b-4864-b66a-d6e2a5789e5c:0.0.0.0:41650, bf55b3f9-6b09-4365-9d71-55289e083fa5:0.0.0.0:42441], old=null
2019-10-16 18:01:49,146 [grpc-default-executor-3] INFO  impl.RaftServerImpl (RaftServerImpl.java:setRole(184)) - f4c54511-b161-4347-aec5-5236dc80a0d8@group-EFD1D20A002C: changes role from  FOLLOWER to FOLLOWER at term 560 for recognizeCandidate:bf55b3f9-6b09-4365-9d71-55289e083fa5
2019-10-16 18:01:49,146 [grpc-default-executor-1] INFO  impl.RaftServerImpl (RaftServerImpl.java:setRole(184)) - 907b9765-214b-4864-b66a-d6e2a5789e5c@group-EFD1D20A002C: changes role from  FOLLOWER to FOLLOWER at term 560 for recognizeCandidate:bf55b3f9-6b09-4365-9d71-55289e083fa5
2019-10-16 18:01:49,146 [grpc-default-executor-1] INFO  impl.RoleInfo (RoleInfo.java:shutdownFollowerState(121)) - 907b9765-214b-4864-b66a-d6e2a5789e5c: shutdown FollowerState
2019-10-16 18:01:49,146 [grpc-default-executor-3] INFO  impl.RoleInfo (RoleInfo.java:shutdownFollowerState(121)) - f4c54511-b161-4347-aec5-5236dc80a0d8: shutdown FollowerState
2019-10-16 18:01:49,146 [Thread-3380] INFO  impl.FollowerState (FollowerState.java:run(117)) - 907b9765-214b-4864-b66a-d6e2a5789e5c@group-EFD1D20A002C-FollowerState was interrupted: java.lang.InterruptedException: sleep interrupted
2019-10-16 18:01:49,146 [grpc-default-executor-1] INFO  impl.RoleInfo (RoleInfo.java:updateAndGet(143)) - 907b9765-214b-4864-b66a-d6e2a5789e5c: start FollowerState
2019-10-16 18:01:49,146 [grpc-default-executor-3] INFO  impl.RoleInfo (RoleInfo.java:updateAndGet(143)) - f4c54511-b161-4347-aec5-5236dc80a0d8: start FollowerState
2019-10-16 18:01:49,146 [Thread-3379] INFO  impl.FollowerState (FollowerState.java:run(117)) - f4c54511-b161-4347-aec5-5236dc80a0d8@group-EFD1D20A002C-FollowerState was interrupted: java.lang.InterruptedException: sleep interrupted
2019-10-16 18:01:49,170 [bf55b3f9-6b09-4365-9d71-55289e083fa5@group-EFD1D20A002C-LeaderElection473] INFO  impl.LeaderElection (LeaderElection.java:logAndReturn(56)) - bf55b3f9-6b09-4365-9d71-55289e083fa5@group-EFD1D20A002C-LeaderElection473: Election REJECTED; received 2 response(s) [bf55b3f9-6b09-4365-9d71-55289e083fa5<-f4c54511-b161-4347-aec5-5236dc80a0d8#0:FAIL-t560, bf55b3f9-6b09-4365-9d71-55289e083fa5<-907b9765-214b-4864-b66a-d6e2a5789e5c#0:FAIL-t560] and 0 exception(s); bf55b3f9-6b09-4365-9d71-55289e083fa5@group-EFD1D20A002C:t560, leader=null, voted=bf55b3f9-6b09-4365-9d71-55289e083fa5, raftlog=bf55b3f9-6b09-4365-9d71-55289e083fa5@group-EFD1D20A002C-SegmentedRaftLog:OPENED:c-1,f-1,i0, conf=-1: [f4c54511-b161-4347-aec5-5236dc80a0d8:0.0.0.0:41238, 907b9765-214b-4864-b66a-d6e2a5789e5c:0.0.0.0:41650, bf55b3f9-6b09-4365-9d71-55289e083fa5:0.0.0.0:42441], old=null
2019-10-16 18:01:49,170 [bf55b3f9-6b09-4365-9d71-55289e083fa5@group-EFD1D20A002C-LeaderElection473] INFO  impl.RaftServerImpl (RaftServerImpl.java:setRole(184)) - bf55b3f9-6b09-4365-9d71-55289e083fa5@group-EFD1D20A002C: changes role from CANDIDATE to FOLLOWER at term 560 for DISCOVERED_A_NEW_TERM
2019-10-16 18:01:49,170 [bf55b3f9-6b09-4365-9d71-55289e083fa5@group-EFD1D20A002C-LeaderElection473] INFO  impl.RoleInfo (RoleInfo.java:shutdownLeaderElection(134)) - bf55b3f9-6b09-4365-9d71-55289e083fa5: shutdown LeaderElection
2019-10-16 18:01:49,170 [bf55b3f9-6b09-4365-9d71-55289e083fa5@group-EFD1D20A002C-LeaderElection473] INFO  impl.RoleInfo (RoleInfo.java:updateAndGet(143)) - bf55b3f9-6b09-4365-9d71-55289e083fa5: start FollowerState
2019-10-16 18:01:49,248 [Thread-3387] INFO  impl.FollowerState (FollowerState.java:run(108)) - bf55b3f9-6b09-4365-9d71-55289e083fa5@group-EFD1D20A002C-FollowerState: change to CANDIDATE, lastRpcTime:78ms, electionTimeout:78ms
2019-10-16 18:01:49,249 [Thread-3387] INFO  impl.RoleInfo (RoleInfo.java:shutdownFollowerState(121)) - bf55b3f9-6b09-4365-9d71-55289e083fa5: shutdown FollowerState
2019-10-16 18:01:49,249 [Thread-3387] INFO  impl.RaftServerImpl (RaftServerImpl.java:setRole(184)) - bf55b3f9-6b09-4365-9d71-55289e083fa5@group-EFD1D20A002C: changes role from  FOLLOWER to CANDIDATE at term 560 for changeToCandidate
2019-10-16 18:01:49,249 [Thread-3387] INFO  impl.RoleInfo (RoleInfo.java:updateAndGet(143)) - bf55b3f9-6b09-4365-9d71-55289e083fa5: start LeaderElection
2019-10-16 18:01:49,278 [bf55b3f9-6b09-4365-9d71-55289e083fa5@group-EFD1D20A002C-LeaderElection474] INFO  impl.LeaderElection (LeaderElection.java:askForVotes(178)) - bf55b3f9-6b09-4365-9d71-55289e083fa5@group-EFD1D20A002C-LeaderElection474: begin an election at term 561 for -1: [f4c54511-b161-4347-aec5-5236dc80a0d8:0.0.0.0:41238, 907b9765-214b-4864-b66a-d6e2a5789e5c:0.0.0.0:41650, bf55b3f9-6b09-4365-9d71-55289e083fa5:0.0.0.0:42441], old=null
2019-10-16 18:01:49,279 [grpc-default-executor-3] INFO  impl.RaftServerImpl (RaftServerImpl.java:setRole(184)) - 907b9765-214b-4864-b66a-d6e2a5789e5c@group-EFD1D20A002C: changes role from  FOLLOWER to FOLLOWER at term 561 for recognizeCandidate:bf55b3f9-6b09-4365-9d71-55289e083fa5
2019-10-16 18:01:49,279 [grpc-default-executor-3] INFO  impl.RoleInfo (RoleInfo.java:shutdownFollowerState(121)) - 907b9765-214b-4864-b66a-d6e2a5789e5c: shutdown FollowerState
2019-10-16 18:01:49,280 [grpc-default-executor-3] INFO  impl.RoleInfo (RoleInfo.java:updateAndGet(143)) - 907b9765-214b-4864-b66a-d6e2a5789e5c: start FollowerState
2019-10-16 18:01:49,280 [Thread-3385] INFO  impl.FollowerState (FollowerState.java:run(117)) - 907b9765-214b-4864-b66a-d6e2a5789e5c@group-EFD1D20A002C-FollowerState was interrupted: java.lang.InterruptedException: sleep interrupted
2019-10-16 18:01:49,280 [grpc-default-executor-1] INFO  impl.RaftServerImpl (RaftServerImpl.java:setRole(184)) - f4c54511-b161-4347-aec5-5236dc80a0d8@group-EFD1D20A002C: changes role from  FOLLOWER to FOLLOWER at term 561 for recognizeCandidate:bf55b3f9-6b09-4365-9d71-55289e083fa5
2019-10-16 18:01:49,280 [grpc-default-executor-1] INFO  impl.RoleInfo (RoleInfo.java:shutdownFollowerState(121)) - f4c54511-b161-4347-aec5-5236dc80a0d8: shutdown FollowerState
2019-10-16 18:01:49,280 [grpc-default-executor-1] INFO  impl.RoleInfo (RoleInfo.java:updateAndGet(143)) - f4c54511-b161-4347-aec5-5236dc80a0d8: start FollowerState
2019-10-16 18:01:49,280 [Thread-3386] INFO  impl.FollowerState (FollowerState.java:run(117)) - f4c54511-b161-4347-aec5-5236dc80a0d8@group-EFD1D20A002C-FollowerState was interrupted: java.lang.InterruptedException: sleep interrupted
2019-10-16 18:01:49,305 [bf55b3f9-6b09-4365-9d71-55289e083fa5@group-EFD1D20A002C-LeaderElection474] INFO  impl.LeaderElection (LeaderElection.java:logAndReturn(56)) - bf55b3f9-6b09-4365-9d71-55289e083fa5@group-EFD1D20A002C-LeaderElection474: Election REJECTED; received 2 response(s) [bf55b3f9-6b09-4365-9d71-55289e083fa5<-f4c54511-b161-4347-aec5-5236dc80a0d8#0:FAIL-t561, bf55b3f9-6b09-4365-9d71-55289e083fa5<-907b9765-214b-4864-b66a-d6e2a5789e5c#0:FAIL-t561] and 0 exception(s); bf55b3f9-6b09-4365-9d71-55289e083fa5@group-EFD1D20A002C:t561, leader=null, voted=bf55b3f9-6b09-4365-9d71-55289e083fa5, raftlog=bf55b3f9-6b09-4365-9d71-55289e083fa5@group-EFD1D20A002C-SegmentedRaftLog:OPENED:c-1,f-1,i0, conf=-1: [f4c54511-b161-4347-aec5-5236dc80a0d8:0.0.0.0:41238, 907b9765-214b-4864-b66a-d6e2a5789e5c:0.0.0.0:41650, bf55b3f9-6b09-4365-9d71-55289e083fa5:0.0.0.0:42441], old=null
2019-10-16 18:01:49,306 [bf55b3f9-6b09-4365-9d71-55289e083fa5@group-EFD1D20A002C-LeaderElection474] INFO  impl.RaftServerImpl (RaftServerImpl.java:setRole(184)) - bf55b3f9-6b09-4365-9d71-55289e083fa5@group-EFD1D20A002C: changes role from CANDIDATE to FOLLOWER at term 561 for DISCOVERED_A_NEW_TERM
2019-10-16 18:01:49,306 [bf55b3f9-6b09-4365-9d71-55289e083fa5@group-EFD1D20A002C-LeaderElection474] INFO  impl.RoleInfo (RoleInfo.java:shutdownLeaderElection(134)) - bf55b3f9-6b09-4365-9d71-55289e083fa5: shutdown LeaderElection
2019-10-16 18:01:49,306 [bf55b3f9-6b09-4365-9d71-55289e083fa5@group-EFD1D20A002C-LeaderElection474] INFO  impl.RoleInfo (RoleInfo.java:updateAndGet(143)) - bf55b3f9-6b09-4365-9d71-55289e083fa5: start FollowerState
2019-10-16 18:01:49,360 [Thread-3395] INFO  impl.FollowerState (FollowerState.java:run(108)) - bf55b3f9-6b09-4365-9d71-55289e083fa5@group-EFD1D20A002C-FollowerState: change to CANDIDATE, lastRpcTime:54ms, electionTimeout:54ms
2019-10-16 18:01:49,360 [Thread-3395] INFO  impl.RoleInfo (RoleInfo.java:shutdownFollowerState(121)) - bf55b3f9-6b09-4365-9d71-55289e083fa5: shutdown FollowerState
2019-10-16 18:01:49,360 [Thread-3395] INFO  impl.RaftServerImpl (RaftServerImpl.java:setRole(184)) - bf55b3f9-6b09-4365-9d71-55289e083fa5@group-EFD1D20A002C: changes role from  FOLLOWER to CANDIDATE at term 561 for changeToCandidate
2019-10-16 18:01:49,361 [Thread-3395] INFO  impl.RoleInfo (RoleInfo.java:updateAndGet(143)) - bf55b3f9-6b09-4365-9d71-55289e083fa5: start LeaderElection
2019-10-16 18:01:49,389 [bf55b3f9-6b09-4365-9d71-55289e083fa5@group-EFD1D20A002C-LeaderElection475] INFO  impl.LeaderElection (LeaderElection.java:askForVotes(178)) - bf55b3f9-6b09-4365-9d71-55289e083fa5@group-EFD1D20A002C-LeaderElection475: begin an election at term 562 for -1: [f4c54511-b161-4347-aec5-5236dc80a0d8:0.0.0.0:41238, 907b9765-214b-4864-b66a-d6e2a5789e5c:0.0.0.0:41650, bf55b3f9-6b09-4365-9d71-55289e083fa5:0.0.0.0:42441], old=null
2019-10-16 18:01:49,391 [grpc-default-executor-3] INFO  impl.RaftServerImpl (RaftServerImpl.java:setRole(184)) - f4c54511-b161-4347-aec5-5236dc80a0d8@group-EFD1D20A002C: changes role from  FOLLOWER to FOLLOWER at term 562 for recognizeCandidate:bf55b3f9-6b09-4365-9d71-55289e083fa5
2019-10-16 18:01:49,391 [grpc-default-executor-3] INFO  impl.RoleInfo (RoleInfo.java:shutdownFollowerState(121)) - f4c54511-b161-4347-aec5-5236dc80a0d8: shutdown FollowerState
2019-10-16 18:01:49,391 [grpc-default-executor-3] INFO  impl.RoleInfo (RoleInfo.java:updateAndGet(143)) - f4c54511-b161-4347-aec5-5236dc80a0d8: start FollowerState
2019-10-16 18:01:49,391 [Thread-3394] INFO  impl.FollowerState (FollowerState.java:run(117)) - f4c54511-b161-4347-aec5-5236dc80a0d8@group-EFD1D20A002C-FollowerState was interrupted: java.lang.InterruptedException: sleep interrupted
2019-10-16 18:01:49,391 [grpc-default-executor-1] INFO  impl.RaftServerImpl (RaftServerImpl.java:setRole(184)) - 907b9765-214b-4864-b66a-d6e2a5789e5c@group-EFD1D20A002C: changes role from  FOLLOWER to FOLLOWER at term 562 for recognizeCandidate:bf55b3f9-6b09-4365-9d71-55289e083fa5
2019-10-16 18:01:49,391 [grpc-default-executor-1] INFO  impl.RoleInfo (RoleInfo.java:shutdownFollowerState(121)) - 907b9765-214b-4864-b66a-d6e2a5789e5c: shutdown FollowerState
2019-10-16 18:01:49,392 [grpc-default-executor-1] INFO  impl.RoleInfo (RoleInfo.java:updateAndGet(143)) - 907b9765-214b-4864-b66a-d6e2a5789e5c: start FollowerState
2019-10-16 18:01:49,392 [Thread-3393] INFO  impl.FollowerState (FollowerState.java:run(117)) - 907b9765-214b-4864-b66a-d6e2a5789e5c@group-EFD1D20A002C-FollowerState was interrupted: java.lang.InterruptedException: sleep interrupted
2019-10-16 18:01:49,415 [bf55b3f9-6b09-4365-9d71-55289e083fa5@group-EFD1D20A002C-LeaderElection475] INFO  impl.LeaderElection (LeaderElection.java:logAndReturn(56)) - bf55b3f9-6b09-4365-9d71-55289e083fa5@group-EFD1D20A002C-LeaderElection475: Election REJECTED; received 2 response(s) [bf55b3f9-6b09-4365-9d71-55289e083fa5<-f4c54511-b161-4347-aec5-5236dc80a0d8#0:FAIL-t562, bf55b3f9-6b09-4365-9d71-55289e083fa5<-907b9765-214b-4864-b66a-d6e2a5789e5c#0:FAIL-t562] and 0 exception(s); bf55b3f9-6b09-4365-9d71-55289e083fa5@group-EFD1D20A002C:t562, leader=null, voted=bf55b3f9-6b09-4365-9d71-55289e083fa5, raftlog=bf55b3f9-6b09-4365-9d71-55289e083fa5@group-EFD1D20A002C-SegmentedRaftLog:OPENED:c-1,f-1,i0, conf=-1: [f4c54511-b161-4347-aec5-5236dc80a0d8:0.0.0.0:41238, 907b9765-214b-4864-b66a-d6e2a5789e5c:0.0.0.0:41650, bf55b3f9-6b09-4365-9d71-55289e083fa5:0.0.0.0:42441], old=null
2019-10-16 18:01:49,416 [bf55b3f9-6b09-4365-9d71-55289e083fa5@group-EFD1D20A002C-LeaderElection475] INFO  impl.RaftServerImpl (RaftServerImpl.java:setRole(184)) - bf55b3f9-6b09-4365-9d71-55289e083fa5@group-EFD1D20A002C: changes role from CANDIDATE to FOLLOWER at term 562 for DISCOVERED_A_NEW_TERM
2019-10-16 18:01:49,416 [bf55b3f9-6b09-4365-9d71-55289e083fa5@group-EFD1D20A002C-LeaderElection475] INFO  impl.RoleInfo (RoleInfo.java:shutdownLeaderElection(134)) - bf55b3f9-6b09-4365-9d71-55289e083fa5: shutdown LeaderElection
2019-10-16 18:01:49,416 [bf55b3f9-6b09-4365-9d71-55289e083fa5@group-EFD1D20A002C-LeaderElection475] INFO  impl.RoleInfo (RoleInfo.java:updateAndGet(143)) - bf55b3f9-6b09-4365-9d71-55289e083fa5: start FollowerState
2019-10-16 18:01:49,471 [Thread-3401] INFO  impl.FollowerState (FollowerState.java:run(108)) - bf55b3f9-6b09-4365-9d71-55289e083fa5@group-EFD1D20A002C-FollowerState: change to CANDIDATE, lastRpcTime:55ms, electionTimeout:55ms
2019-10-16 18:01:49,471 [Thread-3401] INFO  impl.RoleInfo (RoleInfo.java:shutdownFollowerState(121)) - bf55b3f9-6b09-4365-9d71-55289e083fa5: shutdown FollowerState
2019-10-16 18:01:49,472 [Thread-3401] INFO  impl.RaftServerImpl (RaftServerImpl.java:setRole(184)) - bf55b3f9-6b09-4365-9d71-55289e083fa5@group-EFD1D20A002C: changes role from  FOLLOWER to CANDIDATE at term 562 for changeToCandidate
2019-10-16 18:01:49,472 [Thread-3401] INFO  impl.RoleInfo (RoleInfo.java:updateAndGet(143)) - bf55b3f9-6b09-4365-9d71-55289e083fa5: start LeaderElection
2019-10-16 18:01:49,499 [bf55b3f9-6b09-4365-9d71-55289e083fa5@group-EFD1D20A002C-LeaderElection476] INFO  impl.LeaderElection (LeaderElection.java:askForVotes(178)) - bf55b3f9-6b09-4365-9d71-55289e083fa5@group-EFD1D20A002C-LeaderElection476: begin an election at term 563 for -1: [f4c54511-b161-4347-aec5-5236dc80a0d8:0.0.0.0:41238, 907b9765-214b-4864-b66a-d6e2a5789e5c:0.0.0.0:41650, bf55b3f9-6b09-4365-9d71-55289e083fa5:0.0.0.0:42441], old=null
2019-10-16 18:01:49,501 [grpc-default-executor-3] INFO  impl.RaftServerImpl (RaftServerImpl.java:setRole(184)) - 907b9765-214b-4864-b66a-d6e2a5789e5c@group-EFD1D20A002C: changes role from  FOLLOWER to FOLLOWER at term 563 for recognizeCandidate:bf55b3f9-6b09-4365-9d71-55289e083fa5
2019-10-16 18:01:49,501 [grpc-default-executor-1] INFO  impl.RaftServerImpl (RaftServerImpl.java:setRole(184)) - f4c54511-b161-4347-aec5-5236dc80a0d8@group-EFD1D20A002C: changes role from  FOLLOWER to FOLLOWER at term 563 for recognizeCandidate:bf55b3f9-6b09-4365-9d71-55289e083fa5
2019-10-16 18:01:49,501 [grpc-default-executor-1] INFO  impl.RoleInfo (RoleInfo.java:shutdownFollowerState(121)) - f4c54511-b161-4347-aec5-5236dc80a0d8: shutdown FollowerState
2019-10-16 18:01:49,501 [grpc-default-executor-3] INFO  impl.RoleInfo (RoleInfo.java:shutdownFollowerState(121)) - 907b9765-214b-4864-b66a-d6e2a5789e5c: shutdown FollowerState
2019-10-16 18:01:49,501 [Thread-3399] INFO  impl.FollowerState (FollowerState.java:run(117)) - f4c54511-b161-4347-aec5-5236dc80a0d8@group-EFD1D20A002C-FollowerState was interrupted: java.lang.InterruptedException: sleep interrupted
2019-10-16 18:01:49,501 [grpc-default-executor-1] INFO  impl.RoleInfo (RoleInfo.java:updateAndGet(143)) - f4c54511-b161-4347-aec5-5236dc80a0d8: start FollowerState
2019-10-16 18:01:49,501 [Thread-3400] INFO  impl.FollowerState (FollowerState.java:run(117)) - 907b9765-214b-4864-b66a-d6e2a5789e5c@group-EFD1D20A002C-FollowerState was interrupted: java.lang.InterruptedException: sleep interrupted
2019-10-16 18:01:49,501 [grpc-default-executor-3] INFO  impl.RoleInfo (RoleInfo.java:updateAndGet(143)) - 907b9765-214b-4864-b66a-d6e2a5789e5c: start FollowerState
2019-10-16 18:01:49,519 [bf55b3f9-6b09-4365-9d71-55289e083fa5@group-EFD1D20A002C-LeaderElection476] INFO  impl.LeaderElection (LeaderElection.java:logAndReturn(56)) - bf55b3f9-6b09-4365-9d71-55289e083fa5@group-EFD1D20A002C-LeaderElection476: Election TIMEOUT; received 0 response(s) [] and 0 exception(s); bf55b3f9-6b09-4365-9d71-55289e083fa5@group-EFD1D20A002C:t563, leader=null, voted=bf55b3f9-6b09-4365-9d71-55289e083fa5, raftlog=bf55b3f9-6b09-4365-9d71-55289e083fa5@group-EFD1D20A002C-SegmentedRaftLog:OPENED:c-1,f-1,i0, conf=-1: [f4c54511-b161-4347-aec5-5236dc80a0d8:0.0.0.0:41238, 907b9765-214b-4864-b66a-d6e2a5789e5c:0.0.0.0:41650, bf55b3f9-6b09-4365-9d71-55289e083fa5:0.0.0.0:42441], old=null
2019-10-16 18:01:49,541 [bf55b3f9-6b09-4365-9d71-55289e083fa5@group-EFD1D20A002C-LeaderElection476] INFO  impl.LeaderElection (LeaderElection.java:askForVotes(178)) - bf55b3f9-6b09-4365-9d71-55289e083fa5@group-EFD1D20A002C-LeaderElection476: begin an election at term 564 for -1: [f4c54511-b161-4347-aec5-5236dc80a0d8:0.0.0.0:41238, 907b9765-214b-4864-b66a-d6e2a5789e5c:0.0.0.0:41650, bf55b3f9-6b09-4365-9d71-55289e083fa5:0.0.0.0:42441], old=null
2019-10-16 18:01:49,543 [grpc-default-executor-1] INFO  impl.RaftServerImpl (RaftServerImpl.java:setRole(184)) - f4c54511-b161-4347-aec5-5236dc80a0d8@group-EFD1D20A002C: changes role from  FOLLOWER to FOLLOWER at term 564 for recognizeCandidate:bf55b3f9-6b09-4365-9d71-55289e083fa5
2019-10-16 18:01:49,543 [grpc-default-executor-1] INFO  impl.RoleInfo (RoleInfo.java:shutdownFollowerState(121)) - f4c54511-b161-4347-aec5-5236dc80a0d8: shutdown FollowerState
2019-10-16 18:01:49,543 [grpc-default-executor-3] INFO  impl.RaftServerImpl (RaftServerImpl.java:setRole(184)) - 907b9765-214b-4864-b66a-d6e2a5789e5c@group-EFD1D20A002C: changes role from  FOLLOWER to FOLLOWER at term 564 for recognizeCandidate:bf55b3f9-6b09-4365-9d71-55289e083fa5
2019-10-16 18:01:49,544 [Thread-3405] INFO  impl.FollowerState (FollowerState.java:run(117)) - f4c54511-b161-4347-aec5-5236dc80a0d8@group-EFD1D20A002C-FollowerState was interrupted: java.lang.InterruptedException: sleep interrupted
2019-10-16 18:01:49,544 [grpc-default-executor-1] INFO  impl.RoleInfo (RoleInfo.java:updateAndGet(143)) - f4c54511-b161-4347-aec5-5236dc80a0d8: start FollowerState
2019-10-16 18:01:49,544 [grpc-default-executor-3] INFO  impl.RoleInfo (RoleInfo.java:shutdownFollowerState(121)) - 907b9765-214b-4864-b66a-d6e2a5789e5c: shutdown FollowerState
2019-10-16 18:01:49,544 [grpc-default-executor-3] INFO  impl.RoleInfo (RoleInfo.java:updateAndGet(143)) - 907b9765-214b-4864-b66a-d6e2a5789e5c: start FollowerState
2019-10-16 18:01:49,544 [Thread-3406] INFO  impl.FollowerState (FollowerState.java:run(117)) - 907b9765-214b-4864-b66a-d6e2a5789e5c@group-EFD1D20A002C-FollowerState was interrupted: java.lang.InterruptedException: sleep interrupted
2019-10-16 18:01:49,568 [bf55b3f9-6b09-4365-9d71-55289e083fa5@group-EFD1D20A002C-LeaderElection476] INFO  impl.LeaderElection (LeaderElection.java:logAndReturn(56)) - bf55b3f9-6b09-4365-9d71-55289e083fa5@group-EFD1D20A002C-LeaderElection476: Election REJECTED; received 2 response(s) [bf55b3f9-6b09-4365-9d71-55289e083fa5<-f4c54511-b161-4347-aec5-5236dc80a0d8#0:FAIL-t564, bf55b3f9-6b09-4365-9d71-55289e083fa5<-907b9765-214b-4864-b66a-d6e2a5789e5c#0:FAIL-t564] and 0 exception(s); bf55b3f9-6b09-4365-9d71-55289e083fa5@group-EFD1D20A002C:t564, leader=null, voted=bf55b3f9-6b09-4365-9d71-55289e083fa5, raftlog=bf55b3f9-6b09-4365-9d71-55289e083fa5@group-EFD1D20A002C-SegmentedRaftLog:OPENED:c-1,f-1,i0, conf=-1: [f4c54511-b161-4347-aec5-5236dc80a0d8:0.0.0.0:41238, 907b9765-214b-4864-b66a-d6e2a5789e5c:0.0.0.0:41650, bf55b3f9-6b09-4365-9d71-55289e083fa5:0.0.0.0:42441], old=null
2019-10-16 18:01:49,568 [bf55b3f9-6b09-4365-9d71-55289e083fa5@group-EFD1D20A002C-LeaderElection476] INFO  impl.RaftServerImpl (RaftServerImpl.java:setRole(184)) - bf55b3f9-6b09-4365-9d71-55289e083fa5@group-EFD1D20A002C: changes role from CANDIDATE to FOLLOWER at term 564 for DISCOVERED_A_NEW_TERM
2019-10-16 18:01:49,568 [bf55b3f9-6b09-4365-9d71-55289e083fa5@group-EFD1D20A002C-LeaderElection476] INFO  impl.RoleInfo (RoleInfo.java:shutdownLeaderElection(134)) - bf55b3f9-6b09-4365-9d71-55289e083fa5: shutdown LeaderElection
2019-10-16 18:01:49,568 [bf55b3f9-6b09-4365-9d71-55289e083fa5@group-EFD1D20A002C-LeaderElection476] INFO  impl.RoleInfo (RoleInfo.java:updateAndGet(143)) - bf55b3f9-6b09-4365-9d71-55289e083fa5: start FollowerState
2019-10-16 18:01:49,600 [Thread-3411] INFO  impl.FollowerState (FollowerState.java:run(108)) - bf55b3f9-6b09-4365-9d71-55289e083fa5@group-EFD1D20A002C-FollowerState: change to CANDIDATE, lastRpcTime:32ms, electionTimeout:32ms
2019-10-16 18:01:49,600 [Thread-3411] INFO  impl.RoleInfo (RoleInfo.java:shutdownFollowerState(121)) - bf55b3f9-6b09-4365-9d71-55289e083fa5: shutdown FollowerState
2019-10-16 18:01:49,601 [Thread-3411] INFO  impl.RaftServerImpl (RaftServerImpl.java:setRole(184)) - bf55b3f9-6b09-4365-9d71-55289e083fa5@group-EFD1D20A002C: changes role from  FOLLOWER to CANDIDATE at term 564 for changeToCandidate
2019-10-16 18:01:49,601 [Thread-3411] INFO  impl.RoleInfo (RoleInfo.java:updateAndGet(143)) - bf55b3f9-6b09-4365-9d71-55289e083fa5: start LeaderElection
2019-10-16 18:01:49,626 [bf55b3f9-6b09-4365-9d71-55289e083fa5@group-EFD1D20A002C-LeaderElection477] INFO  impl.LeaderElection (LeaderElection.java:askForVotes(178)) - bf55b3f9-6b09-4365-9d71-55289e083fa5@group-EFD1D20A002C-LeaderElection477: begin an election at term 565 for -1: [f4c54511-b161-4347-aec5-5236dc80a0d8:0.0.0.0:41238, 907b9765-214b-4864-b66a-d6e2a5789e5c:0.0.0.0:41650, bf55b3f9-6b09-4365-9d71-55289e083fa5:0.0.0.0:42441], old=null
2019-10-16 18:01:49,627 [grpc-default-executor-1] INFO  impl.RaftServerImpl (RaftServerImpl.java:setRole(184)) - 907b9765-214b-4864-b66a-d6e2a5789e5c@group-EFD1D20A002C: changes role from  FOLLOWER to FOLLOWER at term 565 for recognizeCandidate:bf55b3f9-6b09-4365-9d71-55289e083fa5
2019-10-16 18:01:49,628 [grpc-default-executor-1] INFO  impl.RoleInfo (RoleInfo.java:shutdownFollowerState(121)) - 907b9765-214b-4864-b66a-d6e2a5789e5c: shutdown FollowerState
2019-10-16 18:01:49,628 [grpc-default-executor-3] INFO  impl.RaftServerImpl (RaftServerImpl.java:setRole(184)) - f4c54511-b161-4347-aec5-5236dc80a0d8@group-EFD1D20A002C: changes role from  FOLLOWER to FOLLOWER at term 565 for recognizeCandidate:bf55b3f9-6b09-4365-9d71-55289e083fa5
2019-10-16 18:01:49,628 [Thread-3410] INFO  impl.FollowerState (FollowerState.java:run(117)) - 907b9765-214b-4864-b66a-d6e2a5789e5c@group-EFD1D20A002C-FollowerState was interrupted: java.lang.InterruptedException: sleep interrupted
2019-10-16 18:01:49,628 [grpc-default-executor-1] INFO  impl.RoleInfo (RoleInfo.java:updateAndGet(143)) - 907b9765-214b-4864-b66a-d6e2a5789e5c: start FollowerState
2019-10-16 18:01:49,628 [grpc-default-executor-3] INFO  impl.RoleInfo (RoleInfo.java:shutdownFollowerState(121)) - f4c54511-b161-4347-aec5-5236dc80a0d8: shutdown FollowerState
2019-10-16 18:01:49,628 [grpc-default-executor-3] INFO  impl.RoleInfo (RoleInfo.java:updateAndGet(143)) - f4c54511-b161-4347-aec5-5236dc80a0d8: start FollowerState
2019-10-16 18:01:49,628 [Thread-3409] INFO  impl.FollowerState (FollowerState.java:run(117)) - f4c54511-b161-4347-aec5-5236dc80a0d8@group-EFD1D20A002C-FollowerState was interrupted: java.lang.InterruptedException: sleep interrupted
2019-10-16 18:01:49,661 [bf55b3f9-6b09-4365-9d71-55289e083fa5@group-EFD1D20A002C-LeaderElection477] INFO  impl.LeaderElection (LeaderElection.java:logAndReturn(56)) - bf55b3f9-6b09-4365-9d71-55289e083fa5@group-EFD1D20A002C-LeaderElection477: Election REJECTED; received 2 response(s) [bf55b3f9-6b09-4365-9d71-55289e083fa5<-f4c54511-b161-4347-aec5-5236dc80a0d8#0:FAIL-t565, bf55b3f9-6b09-4365-9d71-55289e083fa5<-907b9765-214b-4864-b66a-d6e2a5789e5c#0:FAIL-t565] and 0 exception(s); bf55b3f9-6b09-4365-9d71-55289e083fa5@group-EFD1D20A002C:t565, leader=null, voted=bf55b3f9-6b09-4365-9d71-55289e083fa5, raftlog=bf55b3f9-6b09-4365-9d71-55289e083fa5@group-EFD1D20A002C-SegmentedRaftLog:OPENED:c-1,f-1,i0, conf=-1: [f4c54511-b161-4347-aec5-5236dc80a0d8:0.0.0.0:41238, 907b9765-214b-4864-b66a-d6e2a5789e5c:0.0.0.0:41650, bf55b3f9-6b09-4365-9d71-55289e083fa5:0.0.0.0:42441], old=null
2019-10-16 18:01:49,661 [bf55b3f9-6b09-4365-9d71-55289e083fa5@group-EFD1D20A002C-LeaderElection477] INFO  impl.RaftServerImpl (RaftServerImpl.java:setRole(184)) - bf55b3f9-6b09-4365-9d71-55289e083fa5@group-EFD1D20A002C: changes role from CANDIDATE to FOLLOWER at term 565 for DISCOVERED_A_NEW_TERM
2019-10-16 18:01:49,661 [bf55b3f9-6b09-4365-9d71-55289e083fa5@group-EFD1D20A002C-LeaderElection477] INFO  impl.RoleInfo (RoleInfo.java:shutdownLeaderElection(134)) - bf55b3f9-6b09-4365-9d71-55289e083fa5: shutdown LeaderElection
2019-10-16 18:01:49,661 [bf55b3f9-6b09-4365-9d71-55289e083fa5@group-EFD1D20A002C-LeaderElection477] INFO  impl.RoleInfo (RoleInfo.java:updateAndGet(143)) - bf55b3f9-6b09-4365-9d71-55289e083fa5: start FollowerState
2019-10-16 18:01:49,666 [Thread-3417] INFO  impl.FollowerState (FollowerState.java:run(108)) - bf55b3f9-6b09-4365-9d71-55289e083fa5@group-EFD1D20A002C-FollowerState: change to CANDIDATE, lastRpcTime:4ms, electionTimeout:4ms
2019-10-16 18:01:49,666 [Thread-3417] INFO  impl.RoleInfo (RoleInfo.java:shutdownFollowerState(121)) - bf55b3f9-6b09-4365-9d71-55289e083fa5: shutdown FollowerState
2019-10-16 18:01:49,666 [Thread-3417] INFO  impl.RaftServerImpl (RaftServerImpl.java:setRole(184)) - bf55b3f9-6b09-4365-9d71-55289e083fa5@group-EFD1D20A002C: changes role from  FOLLOWER to CANDIDATE at term 565 for changeToCandidate
2019-10-16 18:01:49,666 [Thread-3417] INFO  impl.RoleInfo (RoleInfo.java:updateAndGet(143)) - bf55b3f9-6b09-4365-9d71-55289e083fa5: start LeaderElection
2019-10-16 18:01:49,694 [bf55b3f9-6b09-4365-9d71-55289e083fa5@group-EFD1D20A002C-LeaderElection478] INFO  impl.LeaderElection (LeaderElection.java:askForVotes(178)) - bf55b3f9-6b09-4365-9d71-55289e083fa5@group-EFD1D20A002C-LeaderElection478: begin an election at term 566 for -1: [f4c54511-b161-4347-aec5-5236dc80a0d8:0.0.0.0:41238, 907b9765-214b-4864-b66a-d6e2a5789e5c:0.0.0.0:41650, bf55b3f9-6b09-4365-9d71-55289e083fa5:0.0.0.0:42441], old=null
2019-10-16 18:01:49,696 [grpc-default-executor-1] INFO  impl.RaftServerImpl (RaftServerImpl.java:setRole(184)) - 907b9765-214b-4864-b66a-d6e2a5789e5c@group-EFD1D20A002C: changes role from  FOLLOWER to FOLLOWER at term 566 for recognizeCandidate:bf55b3f9-6b09-4365-9d71-55289e083fa5
2019-10-16 18:01:49,696 [grpc-default-executor-3] INFO  impl.RaftServerImpl (RaftServerImpl.java:setRole(184)) - f4c54511-b161-4347-aec5-5236dc80a0d8@group-EFD1D20A002C: changes role from  FOLLOWER to FOLLOWER at term 566 for recognizeCandidate:bf55b3f9-6b09-4365-9d71-55289e083fa5
2019-10-16 18:01:49,696 [grpc-default-executor-1] INFO  impl.RoleInfo (RoleInfo.java:shutdownFollowerState(121)) - 907b9765-214b-4864-b66a-d6e2a5789e5c: shutdown FollowerState
2019-10-16 18:01:49,696 [grpc-default-executor-3] INFO  impl.RoleInfo (RoleInfo.java:shutdownFollowerState(121)) - f4c54511-b161-4347-aec5-5236dc80a0d8: shutdown FollowerState
2019-10-16 18:01:49,697 [Thread-3415] INFO  impl.FollowerState (FollowerState.java:run(117)) - 907b9765-214b-4864-b66a-d6e2a5789e5c@group-EFD1D20A002C-FollowerState was interrupted: java.lang.InterruptedException: sleep interrupted
2019-10-16 18:01:49,697 [grpc-default-executor-1] INFO  impl.RoleInfo (RoleInfo.java:updateAndGet(143)) - 907b9765-214b-4864-b66a-d6e2a5789e5c: start FollowerState
2019-10-16 18:01:49,697 [Thread-3416] INFO  impl.FollowerState (FollowerState.java:run(117)) - f4c54511-b161-4347-aec5-5236dc80a0d8@group-EFD1D20A002C-FollowerState was interrupted: java.lang.InterruptedException: sleep interrupted
2019-10-16 18:01:49,697 [grpc-default-executor-3] INFO  impl.RoleInfo (RoleInfo.java:updateAndGet(143)) - f4c54511-b161-4347-aec5-5236dc80a0d8: start FollowerState
2019-10-16 18:01:49,720 [bf55b3f9-6b09-4365-9d71-55289e083fa5@group-EFD1D20A002C-LeaderElection478] INFO  impl.LeaderElection (LeaderElection.java:logAndReturn(56)) - bf55b3f9-6b09-4365-9d71-55289e083fa5@group-EFD1D20A002C-LeaderElection478: Election REJECTED; received 2 response(s) [bf55b3f9-6b09-4365-9d71-55289e083fa5<-f4c54511-b161-4347-aec5-5236dc80a0d8#0:FAIL-t566, bf55b3f9-6b09-4365-9d71-55289e083fa5<-907b9765-214b-4864-b66a-d6e2a5789e5c#0:FAIL-t566] and 0 exception(s); bf55b3f9-6b09-4365-9d71-55289e083fa5@group-EFD1D20A002C:t566, leader=null, voted=bf55b3f9-6b09-4365-9d71-55289e083fa5, raftlog=bf55b3f9-6b09-4365-9d71-55289e083fa5@group-EFD1D20A002C-SegmentedRaftLog:OPENED:c-1,f-1,i0, conf=-1: [f4c54511-b161-4347-aec5-5236dc80a0d8:0.0.0.0:41238, 907b9765-214b-4864-b66a-d6e2a5789e5c:0.0.0.0:41650, bf55b3f9-6b09-4365-9d71-55289e083fa5:0.0.0.0:42441], old=null
2019-10-16 18:01:49,720 [bf55b3f9-6b09-4365-9d71-55289e083fa5@group-EFD1D20A002C-LeaderElection478] INFO  impl.RaftServerImpl (RaftServerImpl.java:setRole(184)) - bf55b3f9-6b09-4365-9d71-55289e083fa5@group-EFD1D20A002C: changes role from CANDIDATE to FOLLOWER at term 566 for DISCOVERED_A_NEW_TERM
2019-10-16 18:01:49,720 [bf55b3f9-6b09-4365-9d71-55289e083fa5@group-EFD1D20A002C-LeaderElection478] INFO  impl.RoleInfo (RoleInfo.java:shutdownLeaderElection(134)) - bf55b3f9-6b09-4365-9d71-55289e083fa5: shutdown LeaderElection
2019-10-16 18:01:49,721 [bf55b3f9-6b09-4365-9d71-55289e083fa5@group-EFD1D20A002C-LeaderElection478] INFO  impl.RoleInfo (RoleInfo.java:updateAndGet(143)) - bf55b3f9-6b09-4365-9d71-55289e083fa5: start FollowerState
2019-10-16 18:01:49,788 [Thread-3423] INFO  impl.FollowerState (FollowerState.java:run(108)) - bf55b3f9-6b09-4365-9d71-55289e083fa5@group-EFD1D20A002C-FollowerState: change to CANDIDATE, lastRpcTime:67ms, electionTimeout:67ms
2019-10-16 18:01:49,788 [Thread-3423] INFO  impl.RoleInfo (RoleInfo.java:shutdownFollowerState(121)) - bf55b3f9-6b09-4365-9d71-55289e083fa5: shutdown FollowerState
2019-10-16 18:01:49,788 [Thread-3423] INFO  impl.RaftServerImpl (RaftServerImpl.java:setRole(184)) - bf55b3f9-6b09-4365-9d71-55289e083fa5@group-EFD1D20A002C: changes role from  FOLLOWER to CANDIDATE at term 566 for changeToCandidate
2019-10-16 18:01:49,788 [Thread-3423] INFO  impl.RoleInfo (RoleInfo.java:updateAndGet(143)) - bf55b3f9-6b09-4365-9d71-55289e083fa5: start LeaderElection
2019-10-16 18:01:49,811 [bf55b3f9-6b09-4365-9d71-55289e083fa5@group-EFD1D20A002C-LeaderElection479] INFO  impl.LeaderElection (LeaderElection.java:askForVotes(178)) - bf55b3f9-6b09-4365-9d71-55289e083fa5@group-EFD1D20A002C-LeaderElection479: begin an election at term 567 for -1: [f4c54511-b161-4347-aec5-5236dc80a0d8:0.0.0.0:41238, 907b9765-214b-4864-b66a-d6e2a5789e5c:0.0.0.0:41650, bf55b3f9-6b09-4365-9d71-55289e083fa5:0.0.0.0:42441], old=null
2019-10-16 18:01:49,813 [grpc-default-executor-1] INFO  impl.RaftServerImpl (RaftServerImpl.java:setRole(184)) - 907b9765-214b-4864-b66a-d6e2a5789e5c@group-EFD1D20A002C: changes role from  FOLLOWER to FOLLOWER at term 567 for recognizeCandidate:bf55b3f9-6b09-4365-9d71-55289e083fa5
2019-10-16 18:01:49,813 [grpc-default-executor-3] INFO  impl.RaftServerImpl (RaftServerImpl.java:setRole(184)) - f4c54511-b161-4347-aec5-5236dc80a0d8@group-EFD1D20A002C: changes role from  FOLLOWER to FOLLOWER at term 567 for recognizeCandidate:bf55b3f9-6b09-4365-9d71-55289e083fa5
2019-10-16 18:01:49,814 [grpc-default-executor-1] INFO  impl.RoleInfo (RoleInfo.java:shutdownFollowerState(121)) - 907b9765-214b-4864-b66a-d6e2a5789e5c: shutdown FollowerState
2019-10-16 18:01:49,814 [grpc-default-executor-3] INFO  impl.RoleInfo (RoleInfo.java:shutdownFollowerState(121)) - f4c54511-b161-4347-aec5-5236dc80a0d8: shutdown FollowerState
2019-10-16 18:01:49,814 [grpc-default-executor-1] INFO  impl.RoleInfo (RoleInfo.java:updateAndGet(143)) - 907b9765-214b-4864-b66a-d6e2a5789e5c: start FollowerState
2019-10-16 18:01:49,814 [Thread-3422] INFO  impl.FollowerState (FollowerState.java:run(117)) - f4c54511-b161-4347-aec5-5236dc80a0d8@group-EFD1D20A002C-FollowerState was interrupted: java.lang.InterruptedException: sleep interrupted
2019-10-16 18:01:49,814 [Thread-3421] INFO  impl.FollowerState (FollowerState.java:run(117)) - 907b9765-214b-4864-b66a-d6e2a5789e5c@group-EFD1D20A002C-FollowerState was interrupted: java.lang.InterruptedException: sleep interrupted
2019-10-16 18:01:49,814 [grpc-default-executor-3] INFO  impl.RoleInfo (RoleInfo.java:updateAndGet(143)) - f4c54511-b161-4347-aec5-5236dc80a0d8: start FollowerState
2019-10-16 18:01:49,838 [bf55b3f9-6b09-4365-9d71-55289e083fa5@group-EFD1D20A002C-LeaderElection479] INFO  impl.LeaderElection (LeaderElection.java:logAndReturn(56)) - bf55b3f9-6b09-4365-9d71-55289e083fa5@group-EFD1D20A002C-LeaderElection479: Election REJECTED; received 2 response(s) [bf55b3f9-6b09-4365-9d71-55289e083fa5<-f4c54511-b161-4347-aec5-5236dc80a0d8#0:FAIL-t567, bf55b3f9-6b09-4365-9d71-55289e083fa5<-907b9765-214b-4864-b66a-d6e2a5789e5c#0:FAIL-t567] and 0 exception(s); bf55b3f9-6b09-4365-9d71-55289e083fa5@group-EFD1D20A002C:t567, leader=null, voted=bf55b3f9-6b09-4365-9d71-55289e083fa5, raftlog=bf55b3f9-6b09-4365-9d71-55289e083fa5@group-EFD1D20A002C-SegmentedRaftLog:OPENED:c-1,f-1,i0, conf=-1: [f4c54511-b161-4347-aec5-5236dc80a0d8:0.0.0.0:41238, 907b9765-214b-4864-b66a-d6e2a5789e5c:0.0.0.0:41650, bf55b3f9-6b09-4365-9d71-55289e083fa5:0.0.0.0:42441], old=null
2019-10-16 18:01:49,838 [bf55b3f9-6b09-4365-9d71-55289e083fa5@group-EFD1D20A002C-LeaderElection479] INFO  impl.RaftServerImpl (RaftServerImpl.java:setRole(184)) - bf55b3f9-6b09-4365-9d71-55289e083fa5@group-EFD1D20A002C: changes role from CANDIDATE to FOLLOWER at term 567 for DISCOVERED_A_NEW_TERM
2019-10-16 18:01:49,838 [bf55b3f9-6b09-4365-9d71-55289e083fa5@group-EFD1D20A002C-LeaderElection479] INFO  impl.RoleInfo (RoleInfo.java:shutdownLeaderElection(134)) - bf55b3f9-6b09-4365-9d71-55289e083fa5: shutdown LeaderElection
2019-10-16 18:01:49,838 [bf55b3f9-6b09-4365-9d71-55289e083fa5@group-EFD1D20A002C-LeaderElection479] INFO  impl.RoleInfo (RoleInfo.java:updateAndGet(143)) - bf55b3f9-6b09-4365-9d71-55289e083fa5: start FollowerState
2019-10-16 18:01:49,978 [Thread-3429] INFO  impl.FollowerState (FollowerState.java:run(108)) - bf55b3f9-6b09-4365-9d71-55289e083fa5@group-EFD1D20A002C-FollowerState: change to CANDIDATE, lastRpcTime:139ms, electionTimeout:139ms
2019-10-16 18:01:49,978 [Thread-3429] INFO  impl.RoleInfo (RoleInfo.java:shutdownFollowerState(121)) - bf55b3f9-6b09-4365-9d71-55289e083fa5: shutdown FollowerState
2019-10-16 18:01:49,978 [Thread-3429] INFO  impl.RaftServerImpl (RaftServerImpl.java:setRole(184)) - bf55b3f9-6b09-4365-9d71-55289e083fa5@group-EFD1D20A002C: changes role from  FOLLOWER to CANDIDATE at term 567 for changeToCandidate
2019-10-16 18:01:49,978 [Thread-3429] INFO  impl.RoleInfo (RoleInfo.java:updateAndGet(143)) - bf55b3f9-6b09-4365-9d71-55289e083fa5: start LeaderElection
2019-10-16 18:01:50,074 [bf55b3f9-6b09-4365-9d71-55289e083fa5@group-EFD1D20A002C-LeaderElection480] INFO  impl.LeaderElection (LeaderElection.java:askForVotes(178)) - bf55b3f9-6b09-4365-9d71-55289e083fa5@group-EFD1D20A002C-LeaderElection480: begin an election at term 568 for -1: [f4c54511-b161-4347-aec5-5236dc80a0d8:0.0.0.0:41238, 907b9765-214b-4864-b66a-d6e2a5789e5c:0.0.0.0:41650, bf55b3f9-6b09-4365-9d71-55289e083fa5:0.0.0.0:42441], old=null
2019-10-16 18:01:50,076 [grpc-default-executor-3] INFO  impl.RaftServerImpl (RaftServerImpl.java:setRole(184)) - 907b9765-214b-4864-b66a-d6e2a5789e5c@group-EFD1D20A002C: changes role from  FOLLOWER to FOLLOWER at term 568 for recognizeCandidate:bf55b3f9-6b09-4365-9d71-55289e083fa5
2019-10-16 18:01:50,077 [grpc-default-executor-3] INFO  impl.RoleInfo (RoleInfo.java:shutdownFollowerState(121)) - 907b9765-214b-4864-b66a-d6e2a5789e5c: shutdown FollowerState
2019-10-16 18:01:50,077 [grpc-default-executor-3] INFO  impl.RoleInfo (RoleInfo.java:updateAndGet(143)) - 907b9765-214b-4864-b66a-d6e2a5789e5c: start FollowerState
2019-10-16 18:01:50,077 [Thread-3427] INFO  impl.FollowerState (FollowerState.java:run(117)) - 907b9765-214b-4864-b66a-d6e2a5789e5c@group-EFD1D20A002C-FollowerState was interrupted: java.lang.InterruptedException: sleep interrupted
2019-10-16 18:01:50,077 [grpc-default-executor-1] INFO  impl.RaftServerImpl (RaftServerImpl.java:setRole(184)) - f4c54511-b161-4347-aec5-5236dc80a0d8@group-EFD1D20A002C: changes role from  FOLLOWER to FOLLOWER at term 568 for recognizeCandidate:bf55b3f9-6b09-4365-9d71-55289e083fa5
2019-10-16 18:01:50,078 [grpc-default-executor-1] INFO  impl.RoleInfo (RoleInfo.java:shutdownFollowerState(121)) - f4c54511-b161-4347-aec5-5236dc80a0d8: shutdown FollowerState
2019-10-16 18:01:50,079 [Thread-3428] INFO  impl.FollowerState (FollowerState.java:run(117)) - f4c54511-b161-4347-aec5-5236dc80a0d8@group-EFD1D20A002C-FollowerState was interrupted: java.lang.InterruptedException: sleep interrupted
2019-10-16 18:01:50,079 [grpc-default-executor-1] INFO  impl.RoleInfo (RoleInfo.java:updateAndGet(143)) - f4c54511-b161-4347-aec5-5236dc80a0d8: start FollowerState
2019-10-16 18:01:50,138 [bf55b3f9-6b09-4365-9d71-55289e083fa5@group-EFD1D20A002C-LeaderElection480] INFO  impl.LeaderElection (LeaderElection.java:logAndReturn(56)) - bf55b3f9-6b09-4365-9d71-55289e083fa5@group-EFD1D20A002C-LeaderElection480: Election REJECTED; received 2 response(s) [bf55b3f9-6b09-4365-9d71-55289e083fa5<-f4c54511-b161-4347-aec5-5236dc80a0d8#0:FAIL-t568, bf55b3f9-6b09-4365-9d71-55289e083fa5<-907b9765-214b-4864-b66a-d6e2a5789e5c#0:FAIL-t568] and 0 exception(s); bf55b3f9-6b09-4365-9d71-55289e083fa5@group-EFD1D20A002C:t568, leader=null, voted=bf55b3f9-6b09-4365-9d71-55289e083fa5, raftlog=bf55b3f9-6b09-4365-9d71-55289e083fa5@group-EFD1D20A002C-SegmentedRaftLog:OPENED:c-1,f-1,i0, conf=-1: [f4c54511-b161-4347-aec5-5236dc80a0d8:0.0.0.0:41238, 907b9765-214b-4864-b66a-d6e2a5789e5c:0.0.0.0:41650, bf55b3f9-6b09-4365-9d71-55289e083fa5:0.0.0.0:42441], old=null
2019-10-16 18:01:50,138 [bf55b3f9-6b09-4365-9d71-55289e083fa5@group-EFD1D20A002C-LeaderElection480] INFO  impl.RaftServerImpl (RaftServerImpl.java:setRole(184)) - bf55b3f9-6b09-4365-9d71-55289e083fa5@group-EFD1D20A002C: changes role from CANDIDATE to FOLLOWER at term 568 for DISCOVERED_A_NEW_TERM
2019-10-16 18:01:50,138 [bf55b3f9-6b09-4365-9d71-55289e083fa5@group-EFD1D20A002C-LeaderElection480] INFO  impl.RoleInfo (RoleInfo.java:shutdownLeaderElection(134)) - bf55b3f9-6b09-4365-9d71-55289e083fa5: shutdown LeaderElection
2019-10-16 18:01:50,138 [bf55b3f9-6b09-4365-9d71-55289e083fa5@group-EFD1D20A002C-LeaderElection480] INFO  impl.RoleInfo (RoleInfo.java:updateAndGet(143)) - bf55b3f9-6b09-4365-9d71-55289e083fa5: start FollowerState
2019-10-16 18:01:50,159 [Thread-3435] INFO  impl.FollowerState (FollowerState.java:run(108)) - bf55b3f9-6b09-4365-9d71-55289e083fa5@group-EFD1D20A002C-FollowerState: change to CANDIDATE, lastRpcTime:20ms, electionTimeout:20ms
2019-10-16 18:01:50,159 [Thread-3435] INFO  impl.RoleInfo (RoleInfo.java:shutdownFollowerState(121)) - bf55b3f9-6b09-4365-9d71-55289e083fa5: shutdown FollowerState
2019-10-16 18:01:50,159 [Thread-3435] INFO  impl.RaftServerImpl (RaftServerImpl.java:setRole(184)) - bf55b3f9-6b09-4365-9d71-55289e083fa5@group-EFD1D20A002C: changes role from  FOLLOWER to CANDIDATE at term 568 for changeToCandidate
2019-10-16 18:01:50,159 [Thread-3435] INFO  impl.RoleInfo (RoleInfo.java:updateAndGet(143)) - bf55b3f9-6b09-4365-9d71-55289e083fa5: start LeaderElection
2019-10-16 18:01:50,249 [bf55b3f9-6b09-4365-9d71-55289e083fa5@group-EFD1D20A002C-LeaderElection481] INFO  impl.LeaderElection (LeaderElection.java:askForVotes(178)) - bf55b3f9-6b09-4365-9d71-55289e083fa5@group-EFD1D20A002C-LeaderElection481: begin an election at term 569 for -1: [f4c54511-b161-4347-aec5-5236dc80a0d8:0.0.0.0:41238, 907b9765-214b-4864-b66a-d6e2a5789e5c:0.0.0.0:41650, bf55b3f9-6b09-4365-9d71-55289e083fa5:0.0.0.0:42441], old=null
2019-10-16 18:01:50,251 [grpc-default-executor-1] INFO  impl.RaftServerImpl (RaftServerImpl.java:setRole(184)) - f4c54511-b161-4347-aec5-5236dc80a0d8@group-EFD1D20A002C: changes role from  FOLLOWER to FOLLOWER at term 569 for recognizeCandidate:bf55b3f9-6b09-4365-9d71-55289e083fa5
2019-10-16 18:01:50,252 [grpc-default-executor-1] INFO  impl.RoleInfo (RoleInfo.java:shutdownFollowerState(121)) - f4c54511-b161-4347-aec5-5236dc80a0d8: shutdown FollowerState
2019-10-16 18:01:50,252 [grpc-default-executor-1] INFO  impl.RoleInfo (RoleInfo.java:updateAndGet(143)) - f4c54511-b161-4347-aec5-5236dc80a0d8: start FollowerState
2019-10-16 18:01:50,252 [Thread-3434] INFO  impl.FollowerState (FollowerState.java:run(117)) - f4c54511-b161-4347-aec5-5236dc80a0d8@group-EFD1D20A002C-FollowerState was interrupted: java.lang.InterruptedException: sleep interrupted
2019-10-16 18:01:50,252 [grpc-default-executor-3] INFO  impl.RaftServerImpl (RaftServerImpl.java:setRole(184)) - 907b9765-214b-4864-b66a-d6e2a5789e5c@group-EFD1D20A002C: changes role from  FOLLOWER to FOLLOWER at term 569 for recognizeCandidate:bf55b3f9-6b09-4365-9d71-55289e083fa5
2019-10-16 18:01:50,252 [grpc-default-executor-3] INFO  impl.RoleInfo (RoleInfo.java:shutdownFollowerState(121)) - 907b9765-214b-4864-b66a-d6e2a5789e5c: shutdown FollowerState
2019-10-16 18:01:50,253 [grpc-default-executor-3] INFO  impl.RoleInfo (RoleInfo.java:updateAndGet(143)) - 907b9765-214b-4864-b66a-d6e2a5789e5c: start FollowerState
2019-10-16 18:01:50,253 [Thread-3433] INFO  impl.FollowerState (FollowerState.java:run(117)) - 907b9765-214b-4864-b66a-d6e2a5789e5c@group-EFD1D20A002C-FollowerState was interrupted: java.lang.InterruptedException: sleep interrupted
2019-10-16 18:01:50,299 [bf55b3f9-6b09-4365-9d71-55289e083fa5@group-EFD1D20A002C-LeaderElection481] INFO  impl.LeaderElection (LeaderElection.java:logAndReturn(56)) - bf55b3f9-6b09-4365-9d71-55289e083fa5@group-EFD1D20A002C-LeaderElection481: Election REJECTED; received 2 response(s) [bf55b3f9-6b09-4365-9d71-55289e083fa5<-f4c54511-b161-4347-aec5-5236dc80a0d8#0:FAIL-t569, bf55b3f9-6b09-4365-9d71-55289e083fa5<-907b9765-214b-4864-b66a-d6e2a5789e5c#0:FAIL-t569] and 0 exception(s); bf55b3f9-6b09-4365-9d71-55289e083fa5@group-EFD1D20A002C:t569, leader=null, voted=bf55b3f9-6b09-4365-9d71-55289e083fa5, raftlog=bf55b3f9-6b09-4365-9d71-55289e083fa5@group-EFD1D20A002C-SegmentedRaftLog:OPENED:c-1,f-1,i0, conf=-1: [f4c54511-b161-4347-aec5-5236dc80a0d8:0.0.0.0:41238, 907b9765-214b-4864-b66a-d6e2a5789e5c:0.0.0.0:41650, bf55b3f9-6b09-4365-9d71-55289e083fa5:0.0.0.0:42441], old=null
2019-10-16 18:01:50,299 [bf55b3f9-6b09-4365-9d71-55289e083fa5@group-EFD1D20A002C-LeaderElection481] INFO  impl.RaftServerImpl (RaftServerImpl.java:setRole(184)) - bf55b3f9-6b09-4365-9d71-55289e083fa5@group-EFD1D20A002C: changes role from CANDIDATE to FOLLOWER at term 569 for DISCOVERED_A_NEW_TERM
2019-10-16 18:01:50,299 [bf55b3f9-6b09-4365-9d71-55289e083fa5@group-EFD1D20A002C-LeaderElection481] INFO  impl.RoleInfo (RoleInfo.java:shutdownLeaderElection(134)) - bf55b3f9-6b09-4365-9d71-55289e083fa5: shutdown LeaderElection
2019-10-16 18:01:50,299 [bf55b3f9-6b09-4365-9d71-55289e083fa5@group-EFD1D20A002C-LeaderElection481] INFO  impl.RoleInfo (RoleInfo.java:updateAndGet(143)) - bf55b3f9-6b09-4365-9d71-55289e083fa5: start FollowerState
2019-10-16 18:01:50,306 [Thread-3443] INFO  impl.FollowerState (FollowerState.java:run(108)) - bf55b3f9-6b09-4365-9d71-55289e083fa5@group-EFD1D20A002C-FollowerState: change to CANDIDATE, lastRpcTime:6ms, electionTimeout:6ms
2019-10-16 18:01:50,306 [Thread-3443] INFO  impl.RoleInfo (RoleInfo.java:shutdownFollowerState(121)) - bf55b3f9-6b09-4365-9d71-55289e083fa5: shutdown FollowerState
2019-10-16 18:01:50,306 [Thread-3443] INFO  impl.RaftServerImpl (RaftServerImpl.java:setRole(184)) - bf55b3f9-6b09-4365-9d71-55289e083fa5@group-EFD1D20A002C: changes role from  FOLLOWER to CANDIDATE at term 569 for changeToCandidate
2019-10-16 18:01:50,306 [Thread-3443] INFO  impl.RoleInfo (RoleInfo.java:updateAndGet(143)) - bf55b3f9-6b09-4365-9d71-55289e083fa5: start LeaderElection
2019-10-16 18:01:50,346 [bf55b3f9-6b09-4365-9d71-55289e083fa5@group-EFD1D20A002C-LeaderElection482] INFO  impl.LeaderElection (LeaderElection.java:askForVotes(178)) - bf55b3f9-6b09-4365-9d71-55289e083fa5@group-EFD1D20A002C-LeaderElection482: begin an election at term 570 for -1: [f4c54511-b161-4347-aec5-5236dc80a0d8:0.0.0.0:41238, 907b9765-214b-4864-b66a-d6e2a5789e5c:0.0.0.0:41650, bf55b3f9-6b09-4365-9d71-55289e083fa5:0.0.0.0:42441], old=null
2019-10-16 18:01:50,347 [grpc-default-executor-3] INFO  impl.RaftServerImpl (RaftServerImpl.java:setRole(184)) - f4c54511-b161-4347-aec5-5236dc80a0d8@group-EFD1D20A002C: changes role from  FOLLOWER to FOLLOWER at term 570 for recognizeCandidate:bf55b3f9-6b09-4365-9d71-55289e083fa5
2019-10-16 18:01:50,347 [grpc-default-executor-1] INFO  impl.RaftServerImpl (RaftServerImpl.java:setRole(184)) - 907b9765-214b-4864-b66a-d6e2a5789e5c@group-EFD1D20A002C: changes role from  FOLLOWER to FOLLOWER at term 570 for recognizeCandidate:bf55b3f9-6b09-4365-9d71-55289e083fa5
2019-10-16 18:01:50,348 [grpc-default-executor-3] INFO  impl.RoleInfo (RoleInfo.java:shutdownFollowerState(121)) - f4c54511-b161-4347-aec5-5236dc80a0d8: shutdown FollowerState
2019-10-16 18:01:50,348 [grpc-default-executor-1] INFO  impl.RoleInfo (RoleInfo.java:shutdownFollowerState(121)) - 907b9765-214b-4864-b66a-d6e2a5789e5c: shutdown FollowerState
2019-10-16 18:01:50,348 [Thread-3439] INFO  impl.FollowerState (FollowerState.java:run(117)) - f4c54511-b161-4347-aec5-5236dc80a0d8@group-EFD1D20A002C-FollowerState was interrupted: java.lang.InterruptedException: sleep interrupted
2019-10-16 18:01:50,348 [grpc-default-executor-3] INFO  impl.RoleInfo (RoleInfo.java:updateAndGet(143)) - f4c54511-b161-4347-aec5-5236dc80a0d8: start FollowerState
2019-10-16 18:01:50,348 [Thread-3440] INFO  impl.FollowerState (FollowerState.java:run(117)) - 907b9765-214b-4864-b66a-d6e2a5789e5c@group-EFD1D20A002C-FollowerState was interrupted: java.lang.InterruptedException: sleep interrupted
2019-10-16 18:01:50,348 [grpc-default-executor-1] INFO  impl.RoleInfo (RoleInfo.java:updateAndGet(143)) - 907b9765-214b-4864-b66a-d6e2a5789e5c: start FollowerState
2019-10-16 18:01:50,372 [bf55b3f9-6b09-4365-9d71-55289e083fa5@group-EFD1D20A002C-LeaderElection482] INFO  impl.LeaderElection (LeaderElection.java:logAndReturn(56)) - bf55b3f9-6b09-4365-9d71-55289e083fa5@group-EFD1D20A002C-LeaderElection482: Election REJECTED; received 2 response(s) [bf55b3f9-6b09-4365-9d71-55289e083fa5<-f4c54511-b161-4347-aec5-5236dc80a0d8#0:FAIL-t570, bf55b3f9-6b09-4365-9d71-55289e083fa5<-907b9765-214b-4864-b66a-d6e2a5789e5c#0:FAIL-t570] and 0 exception(s); bf55b3f9-6b09-4365-9d71-55289e083fa5@group-EFD1D20A002C:t570, leader=null, voted=bf55b3f9-6b09-4365-9d71-55289e083fa5, raftlog=bf55b3f9-6b09-4365-9d71-55289e083fa5@group-EFD1D20A002C-SegmentedRaftLog:OPENED:c-1,f-1,i0, conf=-1: [f4c54511-b161-4347-aec5-5236dc80a0d8:0.0.0.0:41238, 907b9765-214b-4864-b66a-d6e2a5789e5c:0.0.0.0:41650, bf55b3f9-6b09-4365-9d71-55289e083fa5:0.0.0.0:42441], old=null
2019-10-16 18:01:50,372 [bf55b3f9-6b09-4365-9d71-55289e083fa5@group-EFD1D20A002C-LeaderElection482] INFO  impl.RaftServerImpl (RaftServerImpl.java:setRole(184)) - bf55b3f9-6b09-4365-9d71-55289e083fa5@group-EFD1D20A002C: changes role from CANDIDATE to FOLLOWER at term 570 for DISCOVERED_A_NEW_TERM
2019-10-16 18:01:50,372 [bf55b3f9-6b09-4365-9d71-55289e083fa5@group-EFD1D20A002C-LeaderElection482] INFO  impl.RoleInfo (RoleInfo.java:shutdownLeaderElection(134)) - bf55b3f9-6b09-4365-9d71-55289e083fa5: shutdown LeaderElection
2019-10-16 18:01:50,372 [bf55b3f9-6b09-4365-9d71-55289e083fa5@group-EFD1D20A002C-LeaderElection482] INFO  impl.RoleInfo (RoleInfo.java:updateAndGet(143)) - bf55b3f9-6b09-4365-9d71-55289e083fa5: start FollowerState
2019-10-16 18:01:50,533 [Thread-3449] INFO  impl.FollowerState (FollowerState.java:run(108)) - bf55b3f9-6b09-4365-9d71-55289e083fa5@group-EFD1D20A002C-FollowerState: change to CANDIDATE, lastRpcTime:160ms, electionTimeout:160ms
2019-10-16 18:01:50,533 [Thread-3449] INFO  impl.RoleInfo (RoleInfo.java:shutdownFollowerState(121)) - bf55b3f9-6b09-4365-9d71-55289e083fa5: shutdown FollowerState
2019-10-16 18:01:50,533 [Thread-3449] INFO  impl.RaftServerImpl (RaftServerImpl.java:setRole(184)) - bf55b3f9-6b09-4365-9d71-55289e083fa5@group-EFD1D20A002C: changes role from  FOLLOWER to CANDIDATE at term 570 for changeToCandidate
2019-10-16 18:01:50,533 [Thread-3449] INFO  impl.RoleInfo (RoleInfo.java:updateAndGet(143)) - bf55b3f9-6b09-4365-9d71-55289e083fa5: start LeaderElection
2019-10-16 18:01:50,548 [bf55b3f9-6b09-4365-9d71-55289e083fa5@group-EFD1D20A002C-LeaderElection483] INFO  impl.LeaderElection (LeaderElection.java:askForVotes(178)) - bf55b3f9-6b09-4365-9d71-55289e083fa5@group-EFD1D20A002C-LeaderElection483: begin an election at term 571 for -1: [f4c54511-b161-4347-aec5-5236dc80a0d8:0.0.0.0:41238, 907b9765-214b-4864-b66a-d6e2a5789e5c:0.0.0.0:41650, bf55b3f9-6b09-4365-9d71-55289e083fa5:0.0.0.0:42441], old=null
2019-10-16 18:01:50,550 [grpc-default-executor-3] INFO  impl.RaftServerImpl (RaftServerImpl.java:setRole(184)) - f4c54511-b161-4347-aec5-5236dc80a0d8@group-EFD1D20A002C: changes role from  FOLLOWER to FOLLOWER at term 571 for recognizeCandidate:bf55b3f9-6b09-4365-9d71-55289e083fa5
2019-10-16 18:01:50,550 [grpc-default-executor-1] INFO  impl.RaftServerImpl (RaftServerImpl.java:setRole(184)) - 907b9765-214b-4864-b66a-d6e2a5789e5c@group-EFD1D20A002C: changes role from  FOLLOWER to FOLLOWER at term 571 for recognizeCandidate:bf55b3f9-6b09-4365-9d71-55289e083fa5
2019-10-16 18:01:50,550 [grpc-default-executor-3] INFO  impl.RoleInfo (RoleInfo.java:shutdownFollowerState(121)) - f4c54511-b161-4347-aec5-5236dc80a0d8: shutdown FollowerState
2019-10-16 18:01:50,550 [grpc-default-executor-1] INFO  impl.RoleInfo (RoleInfo.java:shutdownFollowerState(121)) - 907b9765-214b-4864-b66a-d6e2a5789e5c: shutdown FollowerState
2019-10-16 18:01:50,550 [Thread-3447] INFO  impl.FollowerState (FollowerState.java:run(117)) - f4c54511-b161-4347-aec5-5236dc80a0d8@group-EFD1D20A002C-FollowerState was interrupted: java.lang.InterruptedException: sleep interrupted
2019-10-16 18:01:50,550 [grpc-default-executor-3] INFO  impl.RoleInfo (RoleInfo.java:updateAndGet(143)) - f4c54511-b161-4347-aec5-5236dc80a0d8: start FollowerState
2019-10-16 18:01:50,550 [Thread-3448] INFO  impl.FollowerState (FollowerState.java:run(117)) - 907b9765-214b-4864-b66a-d6e2a5789e5c@group-EFD1D20A002C-FollowerState was interrupted: java.lang.InterruptedException: sleep interrupted
2019-10-16 18:01:50,550 [grpc-default-executor-1] INFO  impl.RoleInfo (RoleInfo.java:updateAndGet(143)) - 907b9765-214b-4864-b66a-d6e2a5789e5c: start FollowerState
2019-10-16 18:01:50,588 [bf55b3f9-6b09-4365-9d71-55289e083fa5@group-EFD1D20A002C-LeaderElection483] INFO  impl.LeaderElection (LeaderElection.java:logAndReturn(56)) - bf55b3f9-6b09-4365-9d71-55289e083fa5@group-EFD1D20A002C-LeaderElection483: Election REJECTED; received 2 response(s) [bf55b3f9-6b09-4365-9d71-55289e083fa5<-f4c54511-b161-4347-aec5-5236dc80a0d8#0:FAIL-t571, bf55b3f9-6b09-4365-9d71-55289e083fa5<-907b9765-214b-4864-b66a-d6e2a5789e5c#0:FAIL-t571] and 0 exception(s); bf55b3f9-6b09-4365-9d71-55289e083fa5@group-EFD1D20A002C:t571, leader=null, voted=bf55b3f9-6b09-4365-9d71-55289e083fa5, raftlog=bf55b3f9-6b09-4365-9d71-55289e083fa5@group-EFD1D20A002C-SegmentedRaftLog:OPENED:c-1,f-1,i0, conf=-1: [f4c54511-b161-4347-aec5-5236dc80a0d8:0.0.0.0:41238, 907b9765-214b-4864-b66a-d6e2a5789e5c:0.0.0.0:41650, bf55b3f9-6b09-4365-9d71-55289e083fa5:0.0.0.0:42441], old=null
2019-10-16 18:01:50,588 [bf55b3f9-6b09-4365-9d71-55289e083fa5@group-EFD1D20A002C-LeaderElection483] INFO  impl.RaftServerImpl (RaftServerImpl.java:setRole(184)) - bf55b3f9-6b09-4365-9d71-55289e083fa5@group-EFD1D20A002C: changes role from CANDIDATE to FOLLOWER at term 571 for DISCOVERED_A_NEW_TERM
2019-10-16 18:01:50,588 [bf55b3f9-6b09-4365-9d71-55289e083fa5@group-EFD1D20A002C-LeaderElection483] INFO  impl.RoleInfo (RoleInfo.java:shutdownLeaderElection(134)) - bf55b3f9-6b09-4365-9d71-55289e083fa5: shutdown LeaderElection
2019-10-16 18:01:50,588 [bf55b3f9-6b09-4365-9d71-55289e083fa5@group-EFD1D20A002C-LeaderElection483] INFO  impl.RoleInfo (RoleInfo.java:updateAndGet(143)) - bf55b3f9-6b09-4365-9d71-55289e083fa5: start FollowerState
2019-10-16 18:01:50,750 [Thread-3455] INFO  impl.FollowerState (FollowerState.java:run(108)) - bf55b3f9-6b09-4365-9d71-55289e083fa5@group-EFD1D20A002C-FollowerState: change to CANDIDATE, lastRpcTime:161ms, electionTimeout:161ms
2019-10-16 18:01:50,750 [Thread-3455] INFO  impl.RoleInfo (RoleInfo.java:shutdownFollowerState(121)) - bf55b3f9-6b09-4365-9d71-55289e083fa5: shutdown FollowerState
2019-10-16 18:01:50,750 [Thread-3455] INFO  impl.RaftServerImpl (RaftServerImpl.java:setRole(184)) - bf55b3f9-6b09-4365-9d71-55289e083fa5@group-EFD1D20A002C: changes role from  FOLLOWER to CANDIDATE at term 571 for changeToCandidate
2019-10-16 18:01:50,750 [Thread-3455] INFO  impl.RoleInfo (RoleInfo.java:updateAndGet(143)) - bf55b3f9-6b09-4365-9d71-55289e083fa5: start LeaderElection
2019-10-16 18:01:50,861 [bf55b3f9-6b09-4365-9d71-55289e083fa5@group-EFD1D20A002C-LeaderElection484] INFO  impl.LeaderElection (LeaderElection.java:askForVotes(178)) - bf55b3f9-6b09-4365-9d71-55289e083fa5@group-EFD1D20A002C-LeaderElection484: begin an election at term 572 for -1: [f4c54511-b161-4347-aec5-5236dc80a0d8:0.0.0.0:41238, 907b9765-214b-4864-b66a-d6e2a5789e5c:0.0.0.0:41650, bf55b3f9-6b09-4365-9d71-55289e083fa5:0.0.0.0:42441], old=null
2019-10-16 18:01:50,864 [grpc-default-executor-1] INFO  impl.RaftServerImpl (RaftServerImpl.java:setRole(184)) - 907b9765-214b-4864-b66a-d6e2a5789e5c@group-EFD1D20A002C: changes role from  FOLLOWER to FOLLOWER at term 572 for recognizeCandidate:bf55b3f9-6b09-4365-9d71-55289e083fa5
2019-10-16 18:01:50,864 [grpc-default-executor-3] INFO  impl.RaftServerImpl (RaftServerImpl.java:setRole(184)) - f4c54511-b161-4347-aec5-5236dc80a0d8@group-EFD1D20A002C: changes role from  FOLLOWER to FOLLOWER at term 572 for recognizeCandidate:bf55b3f9-6b09-4365-9d71-55289e083fa5
2019-10-16 18:01:50,864 [grpc-default-executor-1] INFO  impl.RoleInfo (RoleInfo.java:shutdownFollowerState(121)) - 907b9765-214b-4864-b66a-d6e2a5789e5c: shutdown FollowerState
2019-10-16 18:01:50,864 [grpc-default-executor-3] INFO  impl.RoleInfo (RoleInfo.java:shutdownFollowerState(121)) - f4c54511-b161-4347-aec5-5236dc80a0d8: shutdown FollowerState
2019-10-16 18:01:50,865 [Thread-3454] INFO  impl.FollowerState (FollowerState.java:run(117)) - 907b9765-214b-4864-b66a-d6e2a5789e5c@group-EFD1D20A002C-FollowerState was interrupted: java.lang.InterruptedException: sleep interrupted
2019-10-16 18:01:50,865 [grpc-default-executor-1] INFO  impl.RoleInfo (RoleInfo.java:updateAndGet(143)) - 907b9765-214b-4864-b66a-d6e2a5789e5c: start FollowerState
2019-10-16 18:01:50,865 [Thread-3453] INFO  impl.FollowerState (FollowerState.java:run(117)) - f4c54511-b161-4347-aec5-5236dc80a0d8@group-EFD1D20A002C-FollowerState was interrupted: java.lang.InterruptedException: sleep interrupted
2019-10-16 18:01:50,865 [grpc-default-executor-3] INFO  impl.RoleInfo (RoleInfo.java:updateAndGet(143)) - f4c54511-b161-4347-aec5-5236dc80a0d8: start FollowerState
2019-10-16 18:01:50,913 [bf55b3f9-6b09-4365-9d71-55289e083fa5@group-EFD1D20A002C-LeaderElection484] INFO  impl.LeaderElection (LeaderElection.java:logAndReturn(56)) - bf55b3f9-6b09-4365-9d71-55289e083fa5@group-EFD1D20A002C-LeaderElection484: Election REJECTED; received 2 response(s) [bf55b3f9-6b09-4365-9d71-55289e083fa5<-f4c54511-b161-4347-aec5-5236dc80a0d8#0:FAIL-t572, bf55b3f9-6b09-4365-9d71-55289e083fa5<-907b9765-214b-4864-b66a-d6e2a5789e5c#0:FAIL-t572] and 0 exception(s); bf55b3f9-6b09-4365-9d71-55289e083fa5@group-EFD1D20A002C:t572, leader=null, voted=bf55b3f9-6b09-4365-9d71-55289e083fa5, raftlog=bf55b3f9-6b09-4365-9d71-55289e083fa5@group-EFD1D20A002C-SegmentedRaftLog:OPENED:c-1,f-1,i0, conf=-1: [f4c54511-b161-4347-aec5-5236dc80a0d8:0.0.0.0:41238, 907b9765-214b-4864-b66a-d6e2a5789e5c:0.0.0.0:41650, bf55b3f9-6b09-4365-9d71-55289e083fa5:0.0.0.0:42441], old=null
2019-10-16 18:01:50,914 [bf55b3f9-6b09-4365-9d71-55289e083fa5@group-EFD1D20A002C-LeaderElection484] INFO  impl.RaftServerImpl (RaftServerImpl.java:setRole(184)) - bf55b3f9-6b09-4365-9d71-55289e083fa5@group-EFD1D20A002C: changes role from CANDIDATE to FOLLOWER at term 572 for DISCOVERED_A_NEW_TERM
2019-10-16 18:01:50,914 [bf55b3f9-6b09-4365-9d71-55289e083fa5@group-EFD1D20A002C-LeaderElection484] INFO  impl.RoleInfo (RoleInfo.java:shutdownLeaderElection(134)) - bf55b3f9-6b09-4365-9d71-55289e083fa5: shutdown LeaderElection
2019-10-16 18:01:50,914 [bf55b3f9-6b09-4365-9d71-55289e083fa5@group-EFD1D20A002C-LeaderElection484] INFO  impl.RoleInfo (RoleInfo.java:updateAndGet(143)) - bf55b3f9-6b09-4365-9d71-55289e083fa5: start FollowerState
2019-10-16 18:01:50,962 [Thread-3461] INFO  impl.FollowerState (FollowerState.java:run(108)) - bf55b3f9-6b09-4365-9d71-55289e083fa5@group-EFD1D20A002C-FollowerState: change to CANDIDATE, lastRpcTime:48ms, electionTimeout:48ms
2019-10-16 18:01:50,963 [Thread-3461] INFO  impl.RoleInfo (RoleInfo.java:shutdownFollowerState(121)) - bf55b3f9-6b09-4365-9d71-55289e083fa5: shutdown FollowerState
2019-10-16 18:01:50,963 [Thread-3461] INFO  impl.RaftServerImpl (RaftServerImpl.java:setRole(184)) - bf55b3f9-6b09-4365-9d71-55289e083fa5@group-EFD1D20A002C: changes role from  FOLLOWER to CANDIDATE at term 572 for changeToCandidate
2019-10-16 18:01:50,963 [Thread-3461] INFO  impl.RoleInfo (RoleInfo.java:updateAndGet(143)) - bf55b3f9-6b09-4365-9d71-55289e083fa5: start LeaderElection
2019-10-16 18:01:50,988 [bf55b3f9-6b09-4365-9d71-55289e083fa5@group-EFD1D20A002C-LeaderElection485] INFO  impl.LeaderElection (LeaderElection.java:askForVotes(178)) - bf55b3f9-6b09-4365-9d71-55289e083fa5@group-EFD1D20A002C-LeaderElection485: begin an election at term 573 for -1: [f4c54511-b161-4347-aec5-5236dc80a0d8:0.0.0.0:41238, 907b9765-214b-4864-b66a-d6e2a5789e5c:0.0.0.0:41650, bf55b3f9-6b09-4365-9d71-55289e083fa5:0.0.0.0:42441], old=null
2019-10-16 18:01:50,990 [grpc-default-executor-3] INFO  impl.RaftServerImpl (RaftServerImpl.java:setRole(184)) - f4c54511-b161-4347-aec5-5236dc80a0d8@group-EFD1D20A002C: changes role from  FOLLOWER to FOLLOWER at term 573 for recognizeCandidate:bf55b3f9-6b09-4365-9d71-55289e083fa5
2019-10-16 18:01:50,990 [grpc-default-executor-1] INFO  impl.RaftServerImpl (RaftServerImpl.java:setRole(184)) - 907b9765-214b-4864-b66a-d6e2a5789e5c@group-EFD1D20A002C: changes role from  FOLLOWER to FOLLOWER at term 573 for recognizeCandidate:bf55b3f9-6b09-4365-9d71-55289e083fa5
2019-10-16 18:01:50,990 [grpc-default-executor-3] INFO  impl.RoleInfo (RoleInfo.java:shutdownFollowerState(121)) - f4c54511-b161-4347-aec5-5236dc80a0d8: shutdown FollowerState
2019-10-16 18:01:50,990 [grpc-default-executor-1] INFO  impl.RoleInfo (RoleInfo.java:shutdownFollowerState(121)) - 907b9765-214b-4864-b66a-d6e2a5789e5c: shutdown FollowerState
2019-10-16 18:01:50,991 [Thread-3460] INFO  impl.FollowerState (FollowerState.java:run(117)) - f4c54511-b161-4347-aec5-5236dc80a0d8@group-EFD1D20A002C-FollowerState was interrupted: java.lang.InterruptedException: sleep interrupted
2019-10-16 18:01:50,991 [Thread-3459] INFO  impl.FollowerState (FollowerState.java:run(117)) - 907b9765-214b-4864-b66a-d6e2a5789e5c@group-EFD1D20A002C-FollowerState was interrupted: java.lang.InterruptedException: sleep interrupted
2019-10-16 18:01:50,990 [grpc-default-executor-3] INFO  impl.RoleInfo (RoleInfo.java:updateAndGet(143)) - f4c54511-b161-4347-aec5-5236dc80a0d8: start FollowerState
2019-10-16 18:01:50,991 [grpc-default-executor-1] INFO  impl.RoleInfo (RoleInfo.java:updateAndGet(143)) - 907b9765-214b-4864-b66a-d6e2a5789e5c: start FollowerState
2019-10-16 18:01:50,997 [bf55b3f9-6b09-4365-9d71-55289e083fa5@group-EFD1D20A002C-LeaderElection485] INFO  impl.LeaderElection (LeaderElection.java:logAndReturn(56)) - bf55b3f9-6b09-4365-9d71-55289e083fa5@group-EFD1D20A002C-LeaderElection485: Election TIMEOUT; received 0 response(s) [] and 0 exception(s); bf55b3f9-6b09-4365-9d71-55289e083fa5@group-EFD1D20A002C:t573, leader=null, voted=bf55b3f9-6b09-4365-9d71-55289e083fa5, raftlog=bf55b3f9-6b09-4365-9d71-55289e083fa5@group-EFD1D20A002C-SegmentedRaftLog:OPENED:c-1,f-1,i0, conf=-1: [f4c54511-b161-4347-aec5-5236dc80a0d8:0.0.0.0:41238, 907b9765-214b-4864-b66a-d6e2a5789e5c:0.0.0.0:41650, bf55b3f9-6b09-4365-9d71-55289e083fa5:0.0.0.0:42441], old=null
2019-10-16 18:01:51,014 [bf55b3f9-6b09-4365-9d71-55289e083fa5@group-EFD1D20A002C-LeaderElection485] INFO  impl.LeaderElection (LeaderElection.java:askForVotes(178)) - bf55b3f9-6b09-4365-9d71-55289e083fa5@group-EFD1D20A002C-LeaderElection485: begin an election at term 574 for -1: [f4c54511-b161-4347-aec5-5236dc80a0d8:0.0.0.0:41238, 907b9765-214b-4864-b66a-d6e2a5789e5c:0.0.0.0:41650, bf55b3f9-6b09-4365-9d71-55289e083fa5:0.0.0.0:42441], old=null
2019-10-16 18:01:51,015 [grpc-default-executor-1] INFO  impl.RaftServerImpl (RaftServerImpl.java:setRole(184)) - 907b9765-214b-4864-b66a-d6e2a5789e5c@group-EFD1D20A002C: changes role from  FOLLOWER to FOLLOWER at term 574 for recognizeCandidate:bf55b3f9-6b09-4365-9d71-55289e083fa5
2019-10-16 18:01:51,015 [grpc-default-executor-3] INFO  impl.RaftServerImpl (RaftServerImpl.java:setRole(184)) - f4c54511-b161-4347-aec5-5236dc80a0d8@group-EFD1D20A002C: changes role from  FOLLOWER to FOLLOWER at term 574 for recognizeCandidate:bf55b3f9-6b09-4365-9d71-55289e083fa5
2019-10-16 18:01:51,016 [grpc-default-executor-1] INFO  impl.RoleInfo (RoleInfo.java:shutdownFollowerState(121)) - 907b9765-214b-4864-b66a-d6e2a5789e5c: shutdown FollowerState
2019-10-16 18:01:51,016 [grpc-default-executor-3] INFO  impl.RoleInfo (RoleInfo.java:shutdownFollowerState(121)) - f4c54511-b161-4347-aec5-5236dc80a0d8: shutdown FollowerState
2019-10-16 18:01:51,016 [Thread-3466] INFO  impl.FollowerState (FollowerState.java:run(117)) - 907b9765-214b-4864-b66a-d6e2a5789e5c@group-EFD1D20A002C-FollowerState was interrupted: java.lang.InterruptedException: sleep interrupted
2019-10-16 18:01:51,016 [grpc-default-executor-1] INFO  impl.RoleInfo (RoleInfo.java:updateAndGet(143)) - 907b9765-214b-4864-b66a-d6e2a5789e5c: start FollowerState
2019-10-16 18:01:51,016 [grpc-default-executor-3] INFO  impl.RoleInfo (RoleInfo.java:updateAndGet(143)) - f4c54511-b161-4347-aec5-5236dc80a0d8: start FollowerState
2019-10-16 18:01:51,016 [Thread-3465] INFO  impl.FollowerState (FollowerState.java:run(117)) - f4c54511-b161-4347-aec5-5236dc80a0d8@group-EFD1D20A002C-FollowerState was interrupted: java.lang.InterruptedException: sleep interrupted
2019-10-16 18:01:51,036 [bf55b3f9-6b09-4365-9d71-55289e083fa5@group-EFD1D20A002C-LeaderElection485] INFO  impl.LeaderElection (LeaderElection.java:logAndReturn(56)) - bf55b3f9-6b09-4365-9d71-55289e083fa5@group-EFD1D20A002C-LeaderElection485: Election REJECTED; received 2 response(s) [bf55b3f9-6b09-4365-9d71-55289e083fa5<-f4c54511-b161-4347-aec5-5236dc80a0d8#0:FAIL-t574, bf55b3f9-6b09-4365-9d71-55289e083fa5<-907b9765-214b-4864-b66a-d6e2a5789e5c#0:FAIL-t574] and 0 exception(s); bf55b3f9-6b09-4365-9d71-55289e083fa5@group-EFD1D20A002C:t574, leader=null, voted=bf55b3f9-6b09-4365-9d71-55289e083fa5, raftlog=bf55b3f9-6b09-4365-9d71-55289e083fa5@group-EFD1D20A002C-SegmentedRaftLog:OPENED:c-1,f-1,i0, conf=-1: [f4c54511-b161-4347-aec5-5236dc80a0d8:0.0.0.0:41238, 907b9765-214b-4864-b66a-d6e2a5789e5c:0.0.0.0:41650, bf55b3f9-6b09-4365-9d71-55289e083fa5:0.0.0.0:42441], old=null
2019-10-16 18:01:51,036 [bf55b3f9-6b09-4365-9d71-55289e083fa5@group-EFD1D20A002C-LeaderElection485] INFO  impl.RaftServerImpl (RaftServerImpl.java:setRole(184)) - bf55b3f9-6b09-4365-9d71-55289e083fa5@group-EFD1D20A002C: changes role from CANDIDATE to FOLLOWER at term 574 for DISCOVERED_A_NEW_TERM
2019-10-16 18:01:51,036 [bf55b3f9-6b09-4365-9d71-55289e083fa5@group-EFD1D20A002C-LeaderElection485] INFO  impl.RoleInfo (RoleInfo.java:shutdownLeaderElection(134)) - bf55b3f9-6b09-4365-9d71-55289e083fa5: shutdown LeaderElection
2019-10-16 18:01:51,036 [bf55b3f9-6b09-4365-9d71-55289e083fa5@group-EFD1D20A002C-LeaderElection485] INFO  impl.RoleInfo (RoleInfo.java:updateAndGet(143)) - bf55b3f9-6b09-4365-9d71-55289e083fa5: start FollowerState
2019-10-16 18:01:51,202 [Thread-3471] INFO  impl.FollowerState (FollowerState.java:run(108)) - bf55b3f9-6b09-4365-9d71-55289e083fa5@group-EFD1D20A002C-FollowerState: change to CANDIDATE, lastRpcTime:165ms, electionTimeout:165ms
2019-10-16 18:01:51,202 [Thread-3471] INFO  impl.RoleInfo (RoleInfo.java:shutdownFollowerState(121)) - bf55b3f9-6b09-4365-9d71-55289e083fa5: shutdown FollowerState
2019-10-16 18:01:51,202 [Thread-3471] INFO  impl.RaftServerImpl (RaftServerImpl.java:setRole(184)) - bf55b3f9-6b09-4365-9d71-55289e083fa5@group-EFD1D20A002C: changes role from  FOLLOWER to CANDIDATE at term 574 for changeToCandidate
2019-10-16 18:01:51,202 [Thread-3471] INFO  impl.RoleInfo (RoleInfo.java:updateAndGet(143)) - bf55b3f9-6b09-4365-9d71-55289e083fa5: start LeaderElection
2019-10-16 18:01:51,226 [bf55b3f9-6b09-4365-9d71-55289e083fa5@group-EFD1D20A002C-LeaderElection486] INFO  impl.LeaderElection (LeaderElection.java:askForVotes(178)) - bf55b3f9-6b09-4365-9d71-55289e083fa5@group-EFD1D20A002C-LeaderElection486: begin an election at term 575 for -1: [f4c54511-b161-4347-aec5-5236dc80a0d8:0.0.0.0:41238, 907b9765-214b-4864-b66a-d6e2a5789e5c:0.0.0.0:41650, bf55b3f9-6b09-4365-9d71-55289e083fa5:0.0.0.0:42441], old=null
2019-10-16 18:01:51,228 [grpc-default-executor-3] INFO  impl.RaftServerImpl (RaftServerImpl.java:setRole(184)) - 907b9765-214b-4864-b66a-d6e2a5789e5c@group-EFD1D20A002C: changes role from  FOLLOWER to FOLLOWER at term 575 for recognizeCandidate:bf55b3f9-6b09-4365-9d71-55289e083fa5
2019-10-16 18:01:51,228 [grpc-default-executor-3] INFO  impl.RoleInfo (RoleInfo.java:shutdownFollowerState(121)) - 907b9765-214b-4864-b66a-d6e2a5789e5c: shutdown FollowerState
2019-10-16 18:01:51,228 [grpc-default-executor-1] INFO  impl.RaftServerImpl (RaftServerImpl.java:setRole(184)) - f4c54511-b161-4347-aec5-5236dc80a0d8@group-EFD1D20A002C: changes role from  FOLLOWER to FOLLOWER at term 575 for recognizeCandidate:bf55b3f9-6b09-4365-9d71-55289e083fa5
2019-10-16 18:01:51,228 [grpc-default-executor-1] INFO  impl.RoleInfo (RoleInfo.java:shutdownFollowerState(121)) - f4c54511-b161-4347-aec5-5236dc80a0d8: shutdown FollowerState
2019-10-16 18:01:51,228 [Thread-3469] INFO  impl.FollowerState (FollowerState.java:run(117)) - 907b9765-214b-4864-b66a-d6e2a5789e5c@group-EFD1D20A002C-FollowerState was interrupted: java.lang.InterruptedException: sleep interrupted
2019-10-16 18:01:51,228 [grpc-default-executor-3] INFO  impl.RoleInfo (RoleInfo.java:updateAndGet(143)) - 907b9765-214b-4864-b66a-d6e2a5789e5c: start FollowerState
2019-10-16 18:01:51,228 [Thread-3470] INFO  impl.FollowerState (FollowerState.java:run(117)) - f4c54511-b161-4347-aec5-5236dc80a0d8@group-EFD1D20A002C-FollowerState was interrupted: java.lang.InterruptedException: sleep interrupted
2019-10-16 18:01:51,228 [grpc-default-executor-1] INFO  impl.RoleInfo (RoleInfo.java:updateAndGet(143)) - f4c54511-b161-4347-aec5-5236dc80a0d8: start FollowerState
2019-10-16 18:01:51,249 [bf55b3f9-6b09-4365-9d71-55289e083fa5@group-EFD1D20A002C-LeaderElection486] INFO  impl.LeaderElection (LeaderElection.java:logAndReturn(56)) - bf55b3f9-6b09-4365-9d71-55289e083fa5@group-EFD1D20A002C-LeaderElection486: Election REJECTED; received 2 response(s) [bf55b3f9-6b09-4365-9d71-55289e083fa5<-f4c54511-b161-4347-aec5-5236dc80a0d8#0:FAIL-t575, bf55b3f9-6b09-4365-9d71-55289e083fa5<-907b9765-214b-4864-b66a-d6e2a5789e5c#0:FAIL-t575] and 0 exception(s); bf55b3f9-6b09-4365-9d71-55289e083fa5@group-EFD1D20A002C:t575, leader=null, voted=bf55b3f9-6b09-4365-9d71-55289e083fa5, raftlog=bf55b3f9-6b09-4365-9d71-55289e083fa5@group-EFD1D20A002C-SegmentedRaftLog:OPENED:c-1,f-1,i0, conf=-1: [f4c54511-b161-4347-aec5-5236dc80a0d8:0.0.0.0:41238, 907b9765-214b-4864-b66a-d6e2a5789e5c:0.0.0.0:41650, bf55b3f9-6b09-4365-9d71-55289e083fa5:0.0.0.0:42441], old=null
2019-10-16 18:01:51,249 [bf55b3f9-6b09-4365-9d71-55289e083fa5@group-EFD1D20A002C-LeaderElection486] INFO  impl.RaftServerImpl (RaftServerImpl.java:setRole(184)) - bf55b3f9-6b09-4365-9d71-55289e083fa5@group-EFD1D20A002C: changes role from CANDIDATE to FOLLOWER at term 575 for DISCOVERED_A_NEW_TERM
2019-10-16 18:01:51,249 [bf55b3f9-6b09-4365-9d71-55289e083fa5@group-EFD1D20A002C-LeaderElection486] INFO  impl.RoleInfo (RoleInfo.java:shutdownLeaderElection(134)) - bf55b3f9-6b09-4365-9d71-55289e083fa5: shutdown LeaderElection
2019-10-16 18:01:51,249 [bf55b3f9-6b09-4365-9d71-55289e083fa5@group-EFD1D20A002C-LeaderElection486] INFO  impl.RoleInfo (RoleInfo.java:updateAndGet(143)) - bf55b3f9-6b09-4365-9d71-55289e083fa5: start FollowerState
2019-10-16 18:01:51,381 [Thread-3477] INFO  impl.FollowerState (FollowerState.java:run(108)) - bf55b3f9-6b09-4365-9d71-55289e083fa5@group-EFD1D20A002C-FollowerState: change to CANDIDATE, lastRpcTime:131ms, electionTimeout:131ms
2019-10-16 18:01:51,381 [Thread-3477] INFO  impl.RoleInfo (RoleInfo.java:shutdownFollowerState(121)) - bf55b3f9-6b09-4365-9d71-55289e083fa5: shutdown FollowerState
2019-10-16 18:01:51,381 [Thread-3477] INFO  impl.RaftServerImpl (RaftServerImpl.java:setRole(184)) - bf55b3f9-6b09-4365-9d71-55289e083fa5@group-EFD1D20A002C: changes role from  FOLLOWER to CANDIDATE at term 575 for changeToCandidate
2019-10-16 18:01:51,381 [Thread-3477] INFO  impl.RoleInfo (RoleInfo.java:updateAndGet(143)) - bf55b3f9-6b09-4365-9d71-55289e083fa5: start LeaderElection
2019-10-16 18:01:51,405 [bf55b3f9-6b09-4365-9d71-55289e083fa5@group-EFD1D20A002C-LeaderElection487] INFO  impl.LeaderElection (LeaderElection.java:askForVotes(178)) - bf55b3f9-6b09-4365-9d71-55289e083fa5@group-EFD1D20A002C-LeaderElection487: begin an election at term 576 for -1: [f4c54511-b161-4347-aec5-5236dc80a0d8:0.0.0.0:41238, 907b9765-214b-4864-b66a-d6e2a5789e5c:0.0.0.0:41650, bf55b3f9-6b09-4365-9d71-55289e083fa5:0.0.0.0:42441], old=null
2019-10-16 18:01:51,407 [grpc-default-executor-3] INFO  impl.RaftServerImpl (RaftServerImpl.java:setRole(184)) - f4c54511-b161-4347-aec5-5236dc80a0d8@group-EFD1D20A002C: changes role from  FOLLOWER to FOLLOWER at term 576 for recognizeCandidate:bf55b3f9-6b09-4365-9d71-55289e083fa5
2019-10-16 18:01:51,407 [grpc-default-executor-1] INFO  impl.RaftServerImpl (RaftServerImpl.java:setRole(184)) - 907b9765-214b-4864-b66a-d6e2a5789e5c@group-EFD1D20A002C: changes role from  FOLLOWER to FOLLOWER at term 576 for recognizeCandidate:bf55b3f9-6b09-4365-9d71-55289e083fa5
2019-10-16 18:01:51,407 [grpc-default-executor-3] INFO  impl.RoleInfo (RoleInfo.java:shutdownFollowerState(121)) - f4c54511-b161-4347-aec5-5236dc80a0d8: shutdown FollowerState
2019-10-16 18:01:51,407 [grpc-default-executor-1] INFO  impl.RoleInfo (RoleInfo.java:shutdownFollowerState(121)) - 907b9765-214b-4864-b66a-d6e2a5789e5c: shutdown FollowerState
2019-10-16 18:01:51,408 [Thread-3476] INFO  impl.FollowerState (FollowerState.java:run(117)) - f4c54511-b161-4347-aec5-5236dc80a0d8@group-EFD1D20A002C-FollowerState was interrupted: java.lang.InterruptedException: sleep interrupted
2019-10-16 18:01:51,408 [grpc-default-executor-3] INFO  impl.RoleInfo (RoleInfo.java:updateAndGet(143)) - f4c54511-b161-4347-aec5-5236dc80a0d8: start FollowerState
2019-10-16 18:01:51,408 [grpc-default-executor-1] INFO  impl.RoleInfo (RoleInfo.java:updateAndGet(143)) - 907b9765-214b-4864-b66a-d6e2a5789e5c: start FollowerState
2019-10-16 18:01:51,408 [Thread-3475] INFO  impl.FollowerState (FollowerState.java:run(117)) - 907b9765-214b-4864-b66a-d6e2a5789e5c@group-EFD1D20A002C-FollowerState was interrupted: java.lang.InterruptedException: sleep interrupted
2019-10-16 18:01:51,433 [bf55b3f9-6b09-4365-9d71-55289e083fa5@group-EFD1D20A002C-LeaderElection487] INFO  impl.LeaderElection (LeaderElection.java:logAndReturn(56)) - bf55b3f9-6b09-4365-9d71-55289e083fa5@group-EFD1D20A002C-LeaderElection487: Election REJECTED; received 2 response(s) [bf55b3f9-6b09-4365-9d71-55289e083fa5<-f4c54511-b161-4347-aec5-5236dc80a0d8#0:FAIL-t576, bf55b3f9-6b09-4365-9d71-55289e083fa5<-907b9765-214b-4864-b66a-d6e2a5789e5c#0:FAIL-t576] and 0 exception(s); bf55b3f9-6b09-4365-9d71-55289e083fa5@group-EFD1D20A002C:t576, leader=null, voted=bf55b3f9-6b09-4365-9d71-55289e083fa5, raftlog=bf55b3f9-6b09-4365-9d71-55289e083fa5@group-EFD1D20A002C-SegmentedRaftLog:OPENED:c-1,f-1,i0, conf=-1: [f4c54511-b161-4347-aec5-5236dc80a0d8:0.0.0.0:41238, 907b9765-214b-4864-b66a-d6e2a5789e5c:0.0.0.0:41650, bf55b3f9-6b09-4365-9d71-55289e083fa5:0.0.0.0:42441], old=null
2019-10-16 18:01:51,433 [bf55b3f9-6b09-4365-9d71-55289e083fa5@group-EFD1D20A002C-LeaderElection487] INFO  impl.RaftServerImpl (RaftServerImpl.java:setRole(184)) - bf55b3f9-6b09-4365-9d71-55289e083fa5@group-EFD1D20A002C: changes role from CANDIDATE to FOLLOWER at term 576 for DISCOVERED_A_NEW_TERM
2019-10-16 18:01:51,433 [bf55b3f9-6b09-4365-9d71-55289e083fa5@group-EFD1D20A002C-LeaderElection487] INFO  impl.RoleInfo (RoleInfo.java:shutdownLeaderElection(134)) - bf55b3f9-6b09-4365-9d71-55289e083fa5: shutdown LeaderElection
2019-10-16 18:01:51,434 [bf55b3f9-6b09-4365-9d71-55289e083fa5@group-EFD1D20A002C-LeaderElection487] INFO  impl.RoleInfo (RoleInfo.java:updateAndGet(143)) - bf55b3f9-6b09-4365-9d71-55289e083fa5: start FollowerState
2019-10-16 18:01:51,615 [Thread-3485] INFO  impl.FollowerState (FollowerState.java:run(108)) - bf55b3f9-6b09-4365-9d71-55289e083fa5@group-EFD1D20A002C-FollowerState: change to CANDIDATE, lastRpcTime:181ms, electionTimeout:181ms
2019-10-16 18:01:51,615 [Thread-3485] INFO  impl.RoleInfo (RoleInfo.java:shutdownFollowerState(121)) - bf55b3f9-6b09-4365-9d71-55289e083fa5: shutdown FollowerState
2019-10-16 18:01:51,615 [Thread-3485] INFO  impl.RaftServerImpl (RaftServerImpl.java:setRole(184)) - bf55b3f9-6b09-4365-9d71-55289e083fa5@group-EFD1D20A002C: changes role from  FOLLOWER to CANDIDATE at term 576 for changeToCandidate
2019-10-16 18:01:51,615 [Thread-3485] INFO  impl.RoleInfo (RoleInfo.java:updateAndGet(143)) - bf55b3f9-6b09-4365-9d71-55289e083fa5: start LeaderElection
2019-10-16 18:01:51,640 [bf55b3f9-6b09-4365-9d71-55289e083fa5@group-EFD1D20A002C-LeaderElection488] INFO  impl.LeaderElection (LeaderElection.java:askForVotes(178)) - bf55b3f9-6b09-4365-9d71-55289e083fa5@group-EFD1D20A002C-LeaderElection488: begin an election at term 577 for -1: [f4c54511-b161-4347-aec5-5236dc80a0d8:0.0.0.0:41238, 907b9765-214b-4864-b66a-d6e2a5789e5c:0.0.0.0:41650, bf55b3f9-6b09-4365-9d71-55289e083fa5:0.0.0.0:42441], old=null
2019-10-16 18:01:51,643 [grpc-default-executor-3] INFO  impl.RaftServerImpl (RaftServerImpl.java:setRole(184)) - f4c54511-b161-4347-aec5-5236dc80a0d8@group-EFD1D20A002C: changes role from  FOLLOWER to FOLLOWER at term 577 for recognizeCandidate:bf55b3f9-6b09-4365-9d71-55289e083fa5
2019-10-16 18:01:51,643 [grpc-default-executor-3] INFO  impl.RoleInfo (RoleInfo.java:shutdownFollowerState(121)) - f4c54511-b161-4347-aec5-5236dc80a0d8: shutdown FollowerState
2019-10-16 18:01:51,643 [grpc-default-executor-3] INFO  impl.RoleInfo (RoleInfo.java:updateAndGet(143)) - f4c54511-b161-4347-aec5-5236dc80a0d8: start FollowerState
2019-10-16 18:01:51,643 [Thread-3483] INFO  impl.FollowerState (FollowerState.java:run(117)) - f4c54511-b161-4347-aec5-5236dc80a0d8@group-EFD1D20A002C-FollowerState was interrupted: java.lang.InterruptedException: sleep interrupted
2019-10-16 18:01:51,643 [grpc-default-executor-1] INFO  impl.RaftServerImpl (RaftServerImpl.java:setRole(184)) - 907b9765-214b-4864-b66a-d6e2a5789e5c@group-EFD1D20A002C: changes role from  FOLLOWER to FOLLOWER at term 577 for recognizeCandidate:bf55b3f9-6b09-4365-9d71-55289e083fa5
2019-10-16 18:01:51,644 [grpc-default-executor-1] INFO  impl.RoleInfo (RoleInfo.java:shutdownFollowerState(121)) - 907b9765-214b-4864-b66a-d6e2a5789e5c: shutdown FollowerState
2019-10-16 18:01:51,644 [grpc-default-executor-1] INFO  impl.RoleInfo (RoleInfo.java:updateAndGet(143)) - 907b9765-214b-4864-b66a-d6e2a5789e5c: start FollowerState
2019-10-16 18:01:51,644 [Thread-3484] INFO  impl.FollowerState (FollowerState.java:run(117)) - 907b9765-214b-4864-b66a-d6e2a5789e5c@group-EFD1D20A002C-FollowerState was interrupted: java.lang.InterruptedException: sleep interrupted
2019-10-16 18:01:51,659 [bf55b3f9-6b09-4365-9d71-55289e083fa5@group-EFD1D20A002C-LeaderElection488] INFO  impl.LeaderElection (LeaderElection.java:logAndReturn(56)) - bf55b3f9-6b09-4365-9d71-55289e083fa5@group-EFD1D20A002C-LeaderElection488: Election REJECTED; received 2 response(s) [bf55b3f9-6b09-4365-9d71-55289e083fa5<-f4c54511-b161-4347-aec5-5236dc80a0d8#0:FAIL-t577, bf55b3f9-6b09-4365-9d71-55289e083fa5<-907b9765-214b-4864-b66a-d6e2a5789e5c#0:FAIL-t577] and 0 exception(s); bf55b3f9-6b09-4365-9d71-55289e083fa5@group-EFD1D20A002C:t577, leader=null, voted=bf55b3f9-6b09-4365-9d71-55289e083fa5, raftlog=bf55b3f9-6b09-4365-9d71-55289e083fa5@group-EFD1D20A002C-SegmentedRaftLog:OPENED:c-1,f-1,i0, conf=-1: [f4c54511-b161-4347-aec5-5236dc80a0d8:0.0.0.0:41238, 907b9765-214b-4864-b66a-d6e2a5789e5c:0.0.0.0:41650, bf55b3f9-6b09-4365-9d71-55289e083fa5:0.0.0.0:42441], old=null
2019-10-16 18:01:51,659 [bf55b3f9-6b09-4365-9d71-55289e083fa5@group-EFD1D20A002C-LeaderElection488] INFO  impl.RaftServerImpl (RaftServerImpl.java:setRole(184)) - bf55b3f9-6b09-4365-9d71-55289e083fa5@group-EFD1D20A002C: changes role from CANDIDATE to FOLLOWER at term 577 for DISCOVERED_A_NEW_TERM
2019-10-16 18:01:51,659 [bf55b3f9-6b09-4365-9d71-55289e083fa5@group-EFD1D20A002C-LeaderElection488] INFO  impl.RoleInfo (RoleInfo.java:shutdownLeaderElection(134)) - bf55b3f9-6b09-4365-9d71-55289e083fa5: shutdown LeaderElection
2019-10-16 18:01:51,659 [bf55b3f9-6b09-4365-9d71-55289e083fa5@group-EFD1D20A002C-LeaderElection488] INFO  impl.RoleInfo (RoleInfo.java:updateAndGet(143)) - bf55b3f9-6b09-4365-9d71-55289e083fa5: start FollowerState
2019-10-16 18:01:51,756 [Thread-3491] INFO  impl.FollowerState (FollowerState.java:run(108)) - bf55b3f9-6b09-4365-9d71-55289e083fa5@group-EFD1D20A002C-FollowerState: change to CANDIDATE, lastRpcTime:97ms, electionTimeout:97ms
2019-10-16 18:01:51,757 [Thread-3491] INFO  impl.RoleInfo (RoleInfo.java:shutdownFollowerState(121)) - bf55b3f9-6b09-4365-9d71-55289e083fa5: shutdown FollowerState
2019-10-16 18:01:51,757 [Thread-3491] INFO  impl.RaftServerImpl (RaftServerImpl.java:setRole(184)) - bf55b3f9-6b09-4365-9d71-55289e083fa5@group-EFD1D20A002C: changes role from  FOLLOWER to CANDIDATE at term 577 for changeToCandidate
2019-10-16 18:01:51,757 [Thread-3491] INFO  impl.RoleInfo (RoleInfo.java:updateAndGet(143)) - bf55b3f9-6b09-4365-9d71-55289e083fa5: start LeaderElection
2019-10-16 18:01:51,782 [bf55b3f9-6b09-4365-9d71-55289e083fa5@group-EFD1D20A002C-LeaderElection489] INFO  impl.LeaderElection (LeaderElection.java:askForVotes(178)) - bf55b3f9-6b09-4365-9d71-55289e083fa5@group-EFD1D20A002C-LeaderElection489: begin an election at term 578 for -1: [f4c54511-b161-4347-aec5-5236dc80a0d8:0.0.0.0:41238, 907b9765-214b-4864-b66a-d6e2a5789e5c:0.0.0.0:41650, bf55b3f9-6b09-4365-9d71-55289e083fa5:0.0.0.0:42441], old=null
2019-10-16 18:01:51,784 [grpc-default-executor-1] INFO  impl.RaftServerImpl (RaftServerImpl.java:setRole(184)) - f4c54511-b161-4347-aec5-5236dc80a0d8@group-EFD1D20A002C: changes role from  FOLLOWER to FOLLOWER at term 578 for recognizeCandidate:bf55b3f9-6b09-4365-9d71-55289e083fa5
2019-10-16 18:01:51,784 [grpc-default-executor-1] INFO  impl.RoleInfo (RoleInfo.java:shutdownFollowerState(121)) - f4c54511-b161-4347-aec5-5236dc80a0d8: shutdown FollowerState
2019-10-16 18:01:51,784 [grpc-default-executor-3] INFO  impl.RaftServerImpl (RaftServerImpl.java:setRole(184)) - 907b9765-214b-4864-b66a-d6e2a5789e5c@group-EFD1D20A002C: changes role from  FOLLOWER to FOLLOWER at term 578 for recognizeCandidate:bf55b3f9-6b09-4365-9d71-55289e083fa5
2019-10-16 18:01:51,784 [Thread-3489] INFO  impl.FollowerState (FollowerState.java:run(117)) - f4c54511-b161-4347-aec5-5236dc80a0d8@group-EFD1D20A002C-FollowerState was interrupted: java.lang.InterruptedException: sleep interrupted
2019-10-16 18:01:51,784 [grpc-default-executor-1] INFO  impl.RoleInfo (RoleInfo.java:updateAndGet(143)) - f4c54511-b161-4347-aec5-5236dc80a0d8: start FollowerState
2019-10-16 18:01:51,784 [grpc-default-executor-3] INFO  impl.RoleInfo (RoleInfo.java:shutdownFollowerState(121)) - 907b9765-214b-4864-b66a-d6e2a5789e5c: shutdown FollowerState
2019-10-16 18:01:51,785 [grpc-default-executor-3] INFO  impl.RoleInfo (RoleInfo.java:updateAndGet(143)) - 907b9765-214b-4864-b66a-d6e2a5789e5c: start FollowerState
2019-10-16 18:01:51,785 [Thread-3490] INFO  impl.FollowerState (FollowerState.java:run(117)) - 907b9765-214b-4864-b66a-d6e2a5789e5c@group-EFD1D20A002C-FollowerState was interrupted: java.lang.InterruptedException: sleep interrupted
2019-10-16 18:01:51,809 [bf55b3f9-6b09-4365-9d71-55289e083fa5@group-EFD1D20A002C-LeaderElection489] INFO  impl.LeaderElection (LeaderElection.java:logAndReturn(56)) - bf55b3f9-6b09-4365-9d71-55289e083fa5@group-EFD1D20A002C-LeaderElection489: Election REJECTED; received 2 response(s) [bf55b3f9-6b09-4365-9d71-55289e083fa5<-f4c54511-b161-4347-aec5-5236dc80a0d8#0:FAIL-t578, bf55b3f9-6b09-4365-9d71-55289e083fa5<-907b9765-214b-4864-b66a-d6e2a5789e5c#0:FAIL-t578] and 0 exception(s); bf55b3f9-6b09-4365-9d71-55289e083fa5@group-EFD1D20A002C:t578, leader=null, voted=bf55b3f9-6b09-4365-9d71-55289e083fa5, raftlog=bf55b3f9-6b09-4365-9d71-55289e083fa5@group-EFD1D20A002C-SegmentedRaftLog:OPENED:c-1,f-1,i0, conf=-1: [f4c54511-b161-4347-aec5-5236dc80a0d8:0.0.0.0:41238, 907b9765-214b-4864-b66a-d6e2a5789e5c:0.0.0.0:41650, bf55b3f9-6b09-4365-9d71-55289e083fa5:0.0.0.0:42441], old=null
2019-10-16 18:01:51,809 [bf55b3f9-6b09-4365-9d71-55289e083fa5@group-EFD1D20A002C-LeaderElection489] INFO  impl.RaftServerImpl (RaftServerImpl.java:setRole(184)) - bf55b3f9-6b09-4365-9d71-55289e083fa5@group-EFD1D20A002C: changes role from CANDIDATE to FOLLOWER at term 578 for DISCOVERED_A_NEW_TERM
2019-10-16 18:01:51,809 [bf55b3f9-6b09-4365-9d71-55289e083fa5@group-EFD1D20A002C-LeaderElection489] INFO  impl.RoleInfo (RoleInfo.java:shutdownLeaderElection(134)) - bf55b3f9-6b09-4365-9d71-55289e083fa5: shutdown LeaderElection
2019-10-16 18:01:51,809 [bf55b3f9-6b09-4365-9d71-55289e083fa5@group-EFD1D20A002C-LeaderElection489] INFO  impl.RoleInfo (RoleInfo.java:updateAndGet(143)) - bf55b3f9-6b09-4365-9d71-55289e083fa5: start FollowerState
2019-10-16 18:01:51,923 [Thread-3497] INFO  impl.FollowerState (FollowerState.java:run(108)) - bf55b3f9-6b09-4365-9d71-55289e083fa5@group-EFD1D20A002C-FollowerState: change to CANDIDATE, lastRpcTime:113ms, electionTimeout:113ms
2019-10-16 18:01:51,923 [Thread-3497] INFO  impl.RoleInfo (RoleInfo.java:shutdownFollowerState(121)) - bf55b3f9-6b09-4365-9d71-55289e083fa5: shutdown FollowerState
2019-10-16 18:01:51,923 [Thread-3497] INFO  impl.RaftServerImpl (RaftServerImpl.java:setRole(184)) - bf55b3f9-6b09-4365-9d71-55289e083fa5@group-EFD1D20A002C: changes role from  FOLLOWER to CANDIDATE at term 578 for changeToCandidate
2019-10-16 18:01:51,923 [Thread-3497] INFO  impl.RoleInfo (RoleInfo.java:updateAndGet(143)) - bf55b3f9-6b09-4365-9d71-55289e083fa5: start LeaderElection
2019-10-16 18:01:51,959 [bf55b3f9-6b09-4365-9d71-55289e083fa5@group-EFD1D20A002C-LeaderElection490] INFO  impl.LeaderElection (LeaderElection.java:askForVotes(178)) - bf55b3f9-6b09-4365-9d71-55289e083fa5@group-EFD1D20A002C-LeaderElection490: begin an election at term 579 for -1: [f4c54511-b161-4347-aec5-5236dc80a0d8:0.0.0.0:41238, 907b9765-214b-4864-b66a-d6e2a5789e5c:0.0.0.0:41650, bf55b3f9-6b09-4365-9d71-55289e083fa5:0.0.0.0:42441], old=null
2019-10-16 18:01:51,961 [grpc-default-executor-1] INFO  impl.RaftServerImpl (RaftServerImpl.java:setRole(184)) - 907b9765-214b-4864-b66a-d6e2a5789e5c@group-EFD1D20A002C: changes role from  FOLLOWER to FOLLOWER at term 579 for recognizeCandidate:bf55b3f9-6b09-4365-9d71-55289e083fa5
2019-10-16 18:01:51,961 [grpc-default-executor-3] INFO  impl.RaftServerImpl (RaftServerImpl.java:setRole(184)) - f4c54511-b161-4347-aec5-5236dc80a0d8@group-EFD1D20A002C: changes role from  FOLLOWER to FOLLOWER at term 579 for recognizeCandidate:bf55b3f9-6b09-4365-9d71-55289e083fa5
2019-10-16 18:01:51,961 [grpc-default-executor-1] INFO  impl.RoleInfo (RoleInfo.java:shutdownFollowerState(121)) - 907b9765-214b-4864-b66a-d6e2a5789e5c: shutdown FollowerState
2019-10-16 18:01:51,961 [grpc-default-executor-3] INFO  impl.RoleInfo (RoleInfo.java:shutdownFollowerState(121)) - f4c54511-b161-4347-aec5-5236dc80a0d8: shutdown FollowerState
2019-10-16 18:01:51,962 [grpc-default-executor-1] INFO  impl.RoleInfo (RoleInfo.java:updateAndGet(143)) - 907b9765-214b-4864-b66a-d6e2a5789e5c: start FollowerState
2019-10-16 18:01:51,962 [Thread-3495] INFO  impl.FollowerState (FollowerState.java:run(117)) - f4c54511-b161-4347-aec5-5236dc80a0d8@group-EFD1D20A002C-FollowerState was interrupted: java.lang.InterruptedException: sleep interrupted
2019-10-16 18:01:51,962 [grpc-default-executor-3] INFO  impl.RoleInfo (RoleInfo.java:updateAndGet(143)) - f4c54511-b161-4347-aec5-5236dc80a0d8: start FollowerState
2019-10-16 18:01:51,962 [Thread-3496] INFO  impl.FollowerState (FollowerState.java:run(117)) - 907b9765-214b-4864-b66a-d6e2a5789e5c@group-EFD1D20A002C-FollowerState was interrupted: java.lang.InterruptedException: sleep interrupted
2019-10-16 18:01:51,986 [bf55b3f9-6b09-4365-9d71-55289e083fa5@group-EFD1D20A002C-LeaderElection490] INFO  impl.LeaderElection (LeaderElection.java:logAndReturn(56)) - bf55b3f9-6b09-4365-9d71-55289e083fa5@group-EFD1D20A002C-LeaderElection490: Election REJECTED; received 2 response(s) [bf55b3f9-6b09-4365-9d71-55289e083fa5<-f4c54511-b161-4347-aec5-5236dc80a0d8#0:FAIL-t579, bf55b3f9-6b09-4365-9d71-55289e083fa5<-907b9765-214b-4864-b66a-d6e2a5789e5c#0:FAIL-t579] and 0 exception(s); bf55b3f9-6b09-4365-9d71-55289e083fa5@group-EFD1D20A002C:t579, leader=null, voted=bf55b3f9-6b09-4365-9d71-55289e083fa5, raftlog=bf55b3f9-6b09-4365-9d71-55289e083fa5@group-EFD1D20A002C-SegmentedRaftLog:OPENED:c-1,f-1,i0, conf=-1: [f4c54511-b161-4347-aec5-5236dc80a0d8:0.0.0.0:41238, 907b9765-214b-4864-b66a-d6e2a5789e5c:0.0.0.0:41650, bf55b3f9-6b09-4365-9d71-55289e083fa5:0.0.0.0:42441], old=null
2019-10-16 18:01:51,986 [bf55b3f9-6b09-4365-9d71-55289e083fa5@group-EFD1D20A002C-LeaderElection490] INFO  impl.RaftServerImpl (RaftServerImpl.java:setRole(184)) - bf55b3f9-6b09-4365-9d71-55289e083fa5@group-EFD1D20A002C: changes role from CANDIDATE to FOLLOWER at term 579 for DISCOVERED_A_NEW_TERM
2019-10-16 18:01:51,986 [bf55b3f9-6b09-4365-9d71-55289e083fa5@group-EFD1D20A002C-LeaderElection490] INFO  impl.RoleInfo (RoleInfo.java:shutdownLeaderElection(134)) - bf55b3f9-6b09-4365-9d71-55289e083fa5: shutdown LeaderElection
2019-10-16 18:01:51,986 [bf55b3f9-6b09-4365-9d71-55289e083fa5@group-EFD1D20A002C-LeaderElection490] INFO  impl.RoleInfo (RoleInfo.java:updateAndGet(143)) - bf55b3f9-6b09-4365-9d71-55289e083fa5: start FollowerState
2019-10-16 18:01:52,161 [Thread-3503] INFO  impl.FollowerState (FollowerState.java:run(108)) - bf55b3f9-6b09-4365-9d71-55289e083fa5@group-EFD1D20A002C-FollowerState: change to CANDIDATE, lastRpcTime:174ms, electionTimeout:174ms
2019-10-16 18:01:52,161 [Thread-3503] INFO  impl.RoleInfo (RoleInfo.java:shutdownFollowerState(121)) - bf55b3f9-6b09-4365-9d71-55289e083fa5: shutdown FollowerState
2019-10-16 18:01:52,161 [Thread-3503] INFO  impl.RaftServerImpl (RaftServerImpl.java:setRole(184)) - bf55b3f9-6b09-4365-9d71-55289e083fa5@group-EFD1D20A002C: changes role from  FOLLOWER to CANDIDATE at term 579 for changeToCandidate
2019-10-16 18:01:52,162 [Thread-3503] INFO  impl.RoleInfo (RoleInfo.java:updateAndGet(143)) - bf55b3f9-6b09-4365-9d71-55289e083fa5: start LeaderElection
2019-10-16 18:01:52,186 [bf55b3f9-6b09-4365-9d71-55289e083fa5@group-EFD1D20A002C-LeaderElection491] INFO  impl.LeaderElection (LeaderElection.java:askForVotes(178)) - bf55b3f9-6b09-4365-9d71-55289e083fa5@group-EFD1D20A002C-LeaderElection491: begin an election at term 580 for -1: [f4c54511-b161-4347-aec5-5236dc80a0d8:0.0.0.0:41238, 907b9765-214b-4864-b66a-d6e2a5789e5c:0.0.0.0:41650, bf55b3f9-6b09-4365-9d71-55289e083fa5:0.0.0.0:42441], old=null
2019-10-16 18:01:52,187 [grpc-default-executor-1] INFO  impl.RaftServerImpl (RaftServerImpl.java:setRole(184)) - f4c54511-b161-4347-aec5-5236dc80a0d8@group-EFD1D20A002C: changes role from  FOLLOWER to FOLLOWER at term 580 for recognizeCandidate:bf55b3f9-6b09-4365-9d71-55289e083fa5
2019-10-16 18:01:52,187 [grpc-default-executor-3] INFO  impl.RaftServerImpl (RaftServerImpl.java:setRole(184)) - 907b9765-214b-4864-b66a-d6e2a5789e5c@group-EFD1D20A002C: changes role from  FOLLOWER to FOLLOWER at term 580 for recognizeCandidate:bf55b3f9-6b09-4365-9d71-55289e083fa5
2019-10-16 18:01:52,188 [grpc-default-executor-1] INFO  impl.RoleInfo (RoleInfo.java:shutdownFollowerState(121)) - f4c54511-b161-4347-aec5-5236dc80a0d8: shutdown FollowerState
2019-10-16 18:01:52,188 [grpc-default-executor-3] INFO  impl.RoleInfo (RoleInfo.java:shutdownFollowerState(121)) - 907b9765-214b-4864-b66a-d6e2a5789e5c: shutdown FollowerState
2019-10-16 18:01:52,188 [Thread-3502] INFO  impl.FollowerState (FollowerState.java:run(117)) - f4c54511-b161-4347-aec5-5236dc80a0d8@group-EFD1D20A002C-FollowerState was interrupted: java.lang.InterruptedException: sleep interrupted
2019-10-16 18:01:52,188 [Thread-3501] INFO  impl.FollowerState (FollowerState.java:run(117)) - 907b9765-214b-4864-b66a-d6e2a5789e5c@group-EFD1D20A002C-FollowerState was interrupted: java.lang.InterruptedException: sleep interrupted
2019-10-16 18:01:52,188 [grpc-default-executor-1] INFO  impl.RoleInfo (RoleInfo.java:updateAndGet(143)) - f4c54511-b161-4347-aec5-5236dc80a0d8: start FollowerState
2019-10-16 18:01:52,188 [grpc-default-executor-3] INFO  impl.RoleInfo (RoleInfo.java:updateAndGet(143)) - 907b9765-214b-4864-b66a-d6e2a5789e5c: start FollowerState
2019-10-16 18:01:52,212 [bf55b3f9-6b09-4365-9d71-55289e083fa5@group-EFD1D20A002C-LeaderElection491] INFO  impl.LeaderElection (LeaderElection.java:logAndReturn(56)) - bf55b3f9-6b09-4365-9d71-55289e083fa5@group-EFD1D20A002C-LeaderElection491: Election REJECTED; received 2 response(s) [bf55b3f9-6b09-4365-9d71-55289e083fa5<-f4c54511-b161-4347-aec5-5236dc80a0d8#0:FAIL-t580, bf55b3f9-6b09-4365-9d71-55289e083fa5<-907b9765-214b-4864-b66a-d6e2a5789e5c#0:FAIL-t580] and 0 exception(s); bf55b3f9-6b09-4365-9d71-55289e083fa5@group-EFD1D20A002C:t580, leader=null, voted=bf55b3f9-6b09-4365-9d71-55289e083fa5, raftlog=bf55b3f9-6b09-4365-9d71-55289e083fa5@group-EFD1D20A002C-SegmentedRaftLog:OPENED:c-1,f-1,i0, conf=-1: [f4c54511-b161-4347-aec5-5236dc80a0d8:0.0.0.0:41238, 907b9765-214b-4864-b66a-d6e2a5789e5c:0.0.0.0:41650, bf55b3f9-6b09-4365-9d71-55289e083fa5:0.0.0.0:42441], old=null
2019-10-16 18:01:52,212 [bf55b3f9-6b09-4365-9d71-55289e083fa5@group-EFD1D20A002C-LeaderElection491] INFO  impl.RaftServerImpl (RaftServerImpl.java:setRole(184)) - bf55b3f9-6b09-4365-9d71-55289e083fa5@group-EFD1D20A002C: changes role from CANDIDATE to FOLLOWER at term 580 for DISCOVERED_A_NEW_TERM
2019-10-16 18:01:52,212 [bf55b3f9-6b09-4365-9d71-55289e083fa5@group-EFD1D20A002C-LeaderElection491] INFO  impl.RoleInfo (RoleInfo.java:shutdownLeaderElection(134)) - bf55b3f9-6b09-4365-9d71-55289e083fa5: shutdown LeaderElection
2019-10-16 18:01:52,212 [bf55b3f9-6b09-4365-9d71-55289e083fa5@group-EFD1D20A002C-LeaderElection491] INFO  impl.RoleInfo (RoleInfo.java:updateAndGet(143)) - bf55b3f9-6b09-4365-9d71-55289e083fa5: start FollowerState
2019-10-16 18:01:52,313 [Thread-3509] INFO  impl.FollowerState (FollowerState.java:run(108)) - bf55b3f9-6b09-4365-9d71-55289e083fa5@group-EFD1D20A002C-FollowerState: change to CANDIDATE, lastRpcTime:100ms, electionTimeout:100ms
2019-10-16 18:01:52,313 [Thread-3509] INFO  impl.RoleInfo (RoleInfo.java:shutdownFollowerState(121)) - bf55b3f9-6b09-4365-9d71-55289e083fa5: shutdown FollowerState
2019-10-16 18:01:52,313 [Thread-3509] INFO  impl.RaftServerImpl (RaftServerImpl.java:setRole(184)) - bf55b3f9-6b09-4365-9d71-55289e083fa5@group-EFD1D20A002C: changes role from  FOLLOWER to CANDIDATE at term 580 for changeToCandidate
2019-10-16 18:01:52,313 [Thread-3509] INFO  impl.RoleInfo (RoleInfo.java:updateAndGet(143)) - bf55b3f9-6b09-4365-9d71-55289e083fa5: start LeaderElection
2019-10-16 18:01:52,329 [bf55b3f9-6b09-4365-9d71-55289e083fa5@group-EFD1D20A002C-LeaderElection492] INFO  impl.LeaderElection (LeaderElection.java:askForVotes(178)) - bf55b3f9-6b09-4365-9d71-55289e083fa5@group-EFD1D20A002C-LeaderElection492: begin an election at term 581 for -1: [f4c54511-b161-4347-aec5-5236dc80a0d8:0.0.0.0:41238, 907b9765-214b-4864-b66a-d6e2a5789e5c:0.0.0.0:41650, bf55b3f9-6b09-4365-9d71-55289e083fa5:0.0.0.0:42441], old=null
2019-10-16 18:01:52,330 [grpc-default-executor-3] INFO  impl.RaftServerImpl (RaftServerImpl.java:setRole(184)) - 907b9765-214b-4864-b66a-d6e2a5789e5c@group-EFD1D20A002C: changes role from  FOLLOWER to FOLLOWER at term 581 for recognizeCandidate:bf55b3f9-6b09-4365-9d71-55289e083fa5
2019-10-16 18:01:52,330 [grpc-default-executor-3] INFO  impl.RoleInfo (RoleInfo.java:shutdownFollowerState(121)) - 907b9765-214b-4864-b66a-d6e2a5789e5c: shutdown FollowerState
2019-10-16 18:01:52,330 [grpc-default-executor-1] INFO  impl.RaftServerImpl (RaftServerImpl.java:setRole(184)) - f4c54511-b161-4347-aec5-5236dc80a0d8@group-EFD1D20A002C: changes role from  FOLLOWER to FOLLOWER at term 581 for recognizeCandidate:bf55b3f9-6b09-4365-9d71-55289e083fa5
2019-10-16 18:01:52,330 [Thread-3508] INFO  impl.FollowerState (FollowerState.java:run(117)) - 907b9765-214b-4864-b66a-d6e2a5789e5c@group-EFD1D20A002C-FollowerState was interrupted: java.lang.InterruptedException: sleep interrupted
2019-10-16 18:01:52,330 [grpc-default-executor-3] INFO  impl.RoleInfo (RoleInfo.java:updateAndGet(143)) - 907b9765-214b-4864-b66a-d6e2a5789e5c: start FollowerState
2019-10-16 18:01:52,331 [grpc-default-executor-1] INFO  impl.RoleInfo (RoleInfo.java:shutdownFollowerState(121)) - f4c54511-b161-4347-aec5-5236dc80a0d8: shutdown FollowerState
2019-10-16 18:01:52,331 [grpc-default-executor-1] INFO  impl.RoleInfo (RoleInfo.java:updateAndGet(143)) - f4c54511-b161-4347-aec5-5236dc80a0d8: start FollowerState
2019-10-16 18:01:52,331 [Thread-3507] INFO  impl.FollowerState (FollowerState.java:run(117)) - f4c54511-b161-4347-aec5-5236dc80a0d8@group-EFD1D20A002C-FollowerState was interrupted: java.lang.InterruptedException: sleep interrupted
2019-10-16 18:01:52,355 [bf55b3f9-6b09-4365-9d71-55289e083fa5@group-EFD1D20A002C-LeaderElection492] INFO  impl.LeaderElection (LeaderElection.java:logAndReturn(56)) - bf55b3f9-6b09-4365-9d71-55289e083fa5@group-EFD1D20A002C-LeaderElection492: Election REJECTED; received 2 response(s) [bf55b3f9-6b09-4365-9d71-55289e083fa5<-f4c54511-b161-4347-aec5-5236dc80a0d8#0:FAIL-t581, bf55b3f9-6b09-4365-9d71-55289e083fa5<-907b9765-214b-4864-b66a-d6e2a5789e5c#0:FAIL-t581] and 0 exception(s); bf55b3f9-6b09-4365-9d71-55289e083fa5@group-EFD1D20A002C:t581, leader=null, voted=bf55b3f9-6b09-4365-9d71-55289e083fa5, raftlog=bf55b3f9-6b09-4365-9d71-55289e083fa5@group-EFD1D20A002C-SegmentedRaftLog:OPENED:c-1,f-1,i0, conf=-1: [f4c54511-b161-4347-aec5-5236dc80a0d8:0.0.0.0:41238, 907b9765-214b-4864-b66a-d6e2a5789e5c:0.0.0.0:41650, bf55b3f9-6b09-4365-9d71-55289e083fa5:0.0.0.0:42441], old=null
2019-10-16 18:01:52,355 [bf55b3f9-6b09-4365-9d71-55289e083fa5@group-EFD1D20A002C-LeaderElection492] INFO  impl.RaftServerImpl (RaftServerImpl.java:setRole(184)) - bf55b3f9-6b09-4365-9d71-55289e083fa5@group-EFD1D20A002C: changes role from CANDIDATE to FOLLOWER at term 581 for DISCOVERED_A_NEW_TERM
2019-10-16 18:01:52,355 [bf55b3f9-6b09-4365-9d71-55289e083fa5@group-EFD1D20A002C-LeaderElection492] INFO  impl.RoleInfo (RoleInfo.java:shutdownLeaderElection(134)) - bf55b3f9-6b09-4365-9d71-55289e083fa5: shutdown LeaderElection
2019-10-16 18:01:52,355 [bf55b3f9-6b09-4365-9d71-55289e083fa5@group-EFD1D20A002C-LeaderElection492] INFO  impl.RoleInfo (RoleInfo.java:updateAndGet(143)) - bf55b3f9-6b09-4365-9d71-55289e083fa5: start FollowerState
2019-10-16 18:01:52,422 [Thread-3517] INFO  impl.FollowerState (FollowerState.java:run(108)) - bf55b3f9-6b09-4365-9d71-55289e083fa5@group-EFD1D20A002C-FollowerState: change to CANDIDATE, lastRpcTime:67ms, electionTimeout:67ms
2019-10-16 18:01:52,422 [Thread-3517] INFO  impl.RoleInfo (RoleInfo.java:shutdownFollowerState(121)) - bf55b3f9-6b09-4365-9d71-55289e083fa5: shutdown FollowerState
2019-10-16 18:01:52,423 [Thread-3517] INFO  impl.RaftServerImpl (RaftServerImpl.java:setRole(184)) - bf55b3f9-6b09-4365-9d71-55289e083fa5@group-EFD1D20A002C: changes role from  FOLLOWER to CANDIDATE at term 581 for changeToCandidate
2019-10-16 18:01:52,423 [Thread-3517] INFO  impl.RoleInfo (RoleInfo.java:updateAndGet(143)) - bf55b3f9-6b09-4365-9d71-55289e083fa5: start LeaderElection
2019-10-16 18:01:52,523 [bf55b3f9-6b09-4365-9d71-55289e083fa5@group-EFD1D20A002C-LeaderElection493] INFO  impl.LeaderElection (LeaderElection.java:askForVotes(178)) - bf55b3f9-6b09-4365-9d71-55289e083fa5@group-EFD1D20A002C-LeaderElection493: begin an election at term 582 for -1: [f4c54511-b161-4347-aec5-5236dc80a0d8:0.0.0.0:41238, 907b9765-214b-4864-b66a-d6e2a5789e5c:0.0.0.0:41650, bf55b3f9-6b09-4365-9d71-55289e083fa5:0.0.0.0:42441], old=null
2019-10-16 18:01:52,526 [grpc-default-executor-1] INFO  impl.RaftServerImpl (RaftServerImpl.java:setRole(184)) - 907b9765-214b-4864-b66a-d6e2a5789e5c@group-EFD1D20A002C: changes role from  FOLLOWER to FOLLOWER at term 582 for recognizeCandidate:bf55b3f9-6b09-4365-9d71-55289e083fa5
2019-10-16 18:01:52,526 [grpc-default-executor-3] INFO  impl.RaftServerImpl (RaftServerImpl.java:setRole(184)) - f4c54511-b161-4347-aec5-5236dc80a0d8@group-EFD1D20A002C: changes role from  FOLLOWER to FOLLOWER at term 582 for recognizeCandidate:bf55b3f9-6b09-4365-9d71-55289e083fa5
2019-10-16 18:01:52,527 [grpc-default-executor-1] INFO  impl.RoleInfo (RoleInfo.java:shutdownFollowerState(121)) - 907b9765-214b-4864-b66a-d6e2a5789e5c: shutdown FollowerState
2019-10-16 18:01:52,527 [grpc-default-executor-3] INFO  impl.RoleInfo (RoleInfo.java:shutdownFollowerState(121)) - f4c54511-b161-4347-aec5-5236dc80a0d8: shutdown FollowerState
2019-10-16 18:01:52,527 [Thread-3515] INFO  impl.FollowerState (FollowerState.java:run(117)) - 907b9765-214b-4864-b66a-d6e2a5789e5c@group-EFD1D20A002C-FollowerState was interrupted: java.lang.InterruptedException: sleep interrupted
2019-10-16 18:01:52,527 [grpc-default-executor-1] INFO  impl.RoleInfo (RoleInfo.java:updateAndGet(143)) - 907b9765-214b-4864-b66a-d6e2a5789e5c: start FollowerState
2019-10-16 18:01:52,527 [Thread-3516] INFO  impl.FollowerState (FollowerState.java:run(117)) - f4c54511-b161-4347-aec5-5236dc80a0d8@group-EFD1D20A002C-FollowerState was interrupted: java.lang.InterruptedException: sleep interrupted
2019-10-16 18:01:52,527 [grpc-default-executor-3] INFO  impl.RoleInfo (RoleInfo.java:updateAndGet(143)) - f4c54511-b161-4347-aec5-5236dc80a0d8: start FollowerState
2019-10-16 18:01:52,556 [bf55b3f9-6b09-4365-9d71-55289e083fa5@group-EFD1D20A002C-LeaderElection493] INFO  impl.LeaderElection (LeaderElection.java:logAndReturn(56)) - bf55b3f9-6b09-4365-9d71-55289e083fa5@group-EFD1D20A002C-LeaderElection493: Election REJECTED; received 2 response(s) [bf55b3f9-6b09-4365-9d71-55289e083fa5<-f4c54511-b161-4347-aec5-5236dc80a0d8#0:FAIL-t582, bf55b3f9-6b09-4365-9d71-55289e083fa5<-907b9765-214b-4864-b66a-d6e2a5789e5c#0:FAIL-t582] and 0 exception(s); bf55b3f9-6b09-4365-9d71-55289e083fa5@group-EFD1D20A002C:t582, leader=null, voted=bf55b3f9-6b09-4365-9d71-55289e083fa5, raftlog=bf55b3f9-6b09-4365-9d71-55289e083fa5@group-EFD1D20A002C-SegmentedRaftLog:OPENED:c-1,f-1,i0, conf=-1: [f4c54511-b161-4347-aec5-5236dc80a0d8:0.0.0.0:41238, 907b9765-214b-4864-b66a-d6e2a5789e5c:0.0.0.0:41650, bf55b3f9-6b09-4365-9d71-55289e083fa5:0.0.0.0:42441], old=null
2019-10-16 18:01:52,557 [bf55b3f9-6b09-4365-9d71-55289e083fa5@group-EFD1D20A002C-LeaderElection493] INFO  impl.RaftServerImpl (RaftServerImpl.java:setRole(184)) - bf55b3f9-6b09-4365-9d71-55289e083fa5@group-EFD1D20A002C: changes role from CANDIDATE to FOLLOWER at term 582 for DISCOVERED_A_NEW_TERM
2019-10-16 18:01:52,557 [bf55b3f9-6b09-4365-9d71-55289e083fa5@group-EFD1D20A002C-LeaderElection493] INFO  impl.RoleInfo (RoleInfo.java:shutdownLeaderElection(134)) - bf55b3f9-6b09-4365-9d71-55289e083fa5: shutdown LeaderElection
2019-10-16 18:01:52,557 [bf55b3f9-6b09-4365-9d71-55289e083fa5@group-EFD1D20A002C-LeaderElection493] INFO  impl.RoleInfo (RoleInfo.java:updateAndGet(143)) - bf55b3f9-6b09-4365-9d71-55289e083fa5: start FollowerState
2019-10-16 18:01:52,688 [Thread-3523] INFO  impl.FollowerState (FollowerState.java:run(108)) - bf55b3f9-6b09-4365-9d71-55289e083fa5@group-EFD1D20A002C-FollowerState: change to CANDIDATE, lastRpcTime:131ms, electionTimeout:131ms
2019-10-16 18:01:52,689 [Thread-3523] INFO  impl.RoleInfo (RoleInfo.java:shutdownFollowerState(121)) - bf55b3f9-6b09-4365-9d71-55289e083fa5: shutdown FollowerState
2019-10-16 18:01:52,689 [Thread-3523] INFO  impl.RaftServerImpl (RaftServerImpl.java:setRole(184)) - bf55b3f9-6b09-4365-9d71-55289e083fa5@group-EFD1D20A002C: changes role from  FOLLOWER to CANDIDATE at term 582 for changeToCandidate
2019-10-16 18:01:52,689 [Thread-3523] INFO  impl.RoleInfo (RoleInfo.java:updateAndGet(143)) - bf55b3f9-6b09-4365-9d71-55289e083fa5: start LeaderElection
2019-10-16 18:01:52,715 [bf55b3f9-6b09-4365-9d71-55289e083fa5@group-EFD1D20A002C-LeaderElection494] INFO  impl.LeaderElection (LeaderElection.java:askForVotes(178)) - bf55b3f9-6b09-4365-9d71-55289e083fa5@group-EFD1D20A002C-LeaderElection494: begin an election at term 583 for -1: [f4c54511-b161-4347-aec5-5236dc80a0d8:0.0.0.0:41238, 907b9765-214b-4864-b66a-d6e2a5789e5c:0.0.0.0:41650, bf55b3f9-6b09-4365-9d71-55289e083fa5:0.0.0.0:42441], old=null
2019-10-16 18:01:52,717 [grpc-default-executor-1] INFO  impl.RaftServerImpl (RaftServerImpl.java:setRole(184)) - f4c54511-b161-4347-aec5-5236dc80a0d8@group-EFD1D20A002C: changes role from  FOLLOWER to FOLLOWER at term 583 for recognizeCandidate:bf55b3f9-6b09-4365-9d71-55289e083fa5
2019-10-16 18:01:52,718 [grpc-default-executor-1] INFO  impl.RoleInfo (RoleInfo.java:shutdownFollowerState(121)) - f4c54511-b161-4347-aec5-5236dc80a0d8: shutdown FollowerState
2019-10-16 18:01:52,717 [grpc-default-executor-3] INFO  impl.RaftServerImpl (RaftServerImpl.java:setRole(184)) - 907b9765-214b-4864-b66a-d6e2a5789e5c@group-EFD1D20A002C: changes role from  FOLLOWER to FOLLOWER at term 583 for recognizeCandidate:bf55b3f9-6b09-4365-9d71-55289e083fa5
2019-10-16 18:01:52,718 [Thread-3522] INFO  impl.FollowerState (FollowerState.java:run(117)) - f4c54511-b161-4347-aec5-5236dc80a0d8@group-EFD1D20A002C-FollowerState was interrupted: java.lang.InterruptedException: sleep interrupted
2019-10-16 18:01:52,718 [grpc-default-executor-1] INFO  impl.RoleInfo (RoleInfo.java:updateAndGet(143)) - f4c54511-b161-4347-aec5-5236dc80a0d8: start FollowerState
2019-10-16 18:01:52,718 [grpc-default-executor-3] INFO  impl.RoleInfo (RoleInfo.java:shutdownFollowerState(121)) - 907b9765-214b-4864-b66a-d6e2a5789e5c: shutdown FollowerState
2019-10-16 18:01:52,718 [grpc-default-executor-3] INFO  impl.RoleInfo (RoleInfo.java:updateAndGet(143)) - 907b9765-214b-4864-b66a-d6e2a5789e5c: start FollowerState
2019-10-16 18:01:52,719 [Thread-3521] INFO  impl.FollowerState (FollowerState.java:run(117)) - 907b9765-214b-4864-b66a-d6e2a5789e5c@group-EFD1D20A002C-FollowerState was interrupted: java.lang.InterruptedException: sleep interrupted
2019-10-16 18:01:52,734 [bf55b3f9-6b09-4365-9d71-55289e083fa5@group-EFD1D20A002C-LeaderElection494] INFO  impl.LeaderElection (LeaderElection.java:logAndReturn(56)) - bf55b3f9-6b09-4365-9d71-55289e083fa5@group-EFD1D20A002C-LeaderElection494: Election TIMEOUT; received 0 response(s) [] and 0 exception(s); bf55b3f9-6b09-4365-9d71-55289e083fa5@group-EFD1D20A002C:t583, leader=null, voted=bf55b3f9-6b09-4365-9d71-55289e083fa5, raftlog=bf55b3f9-6b09-4365-9d71-55289e083fa5@group-EFD1D20A002C-SegmentedRaftLog:OPENED:c-1,f-1,i0, conf=-1: [f4c54511-b161-4347-aec5-5236dc80a0d8:0.0.0.0:41238, 907b9765-214b-4864-b66a-d6e2a5789e5c:0.0.0.0:41650, bf55b3f9-6b09-4365-9d71-55289e083fa5:0.0.0.0:42441], old=null
2019-10-16 18:01:52,759 [bf55b3f9-6b09-4365-9d71-55289e083fa5@group-EFD1D20A002C-LeaderElection494] INFO  impl.LeaderElection (LeaderElection.java:askForVotes(178)) - bf55b3f9-6b09-4365-9d71-55289e083fa5@group-EFD1D20A002C-LeaderElection494: begin an election at term 584 for -1: [f4c54511-b161-4347-aec5-5236dc80a0d8:0.0.0.0:41238, 907b9765-214b-4864-b66a-d6e2a5789e5c:0.0.0.0:41650, bf55b3f9-6b09-4365-9d71-55289e083fa5:0.0.0.0:42441], old=null
2019-10-16 18:01:52,761 [grpc-default-executor-1] INFO  impl.RaftServerImpl (RaftServerImpl.java:setRole(184)) - f4c54511-b161-4347-aec5-5236dc80a0d8@group-EFD1D20A002C: changes role from  FOLLOWER to FOLLOWER at term 584 for recognizeCandidate:bf55b3f9-6b09-4365-9d71-55289e083fa5
2019-10-16 18:01:52,761 [grpc-default-executor-1] INFO  impl.RoleInfo (RoleInfo.java:shutdownFollowerState(121)) - f4c54511-b161-4347-aec5-5236dc80a0d8: shutdown FollowerState
2019-10-16 18:01:52,761 [grpc-default-executor-3] INFO  impl.RaftServerImpl (RaftServerImpl.java:setRole(184)) - 907b9765-214b-4864-b66a-d6e2a5789e5c@group-EFD1D20A002C: changes role from  FOLLOWER to FOLLOWER at term 584 for recognizeCandidate:bf55b3f9-6b09-4365-9d71-55289e083fa5
2019-10-16 18:01:52,762 [grpc-default-executor-3] INFO  impl.RoleInfo (RoleInfo.java:shutdownFollowerState(121)) - 907b9765-214b-4864-b66a-d6e2a5789e5c: shutdown FollowerState
2019-10-16 18:01:52,761 [Thread-3527] INFO  impl.FollowerState (FollowerState.java:run(117)) - f4c54511-b161-4347-aec5-5236dc80a0d8@group-EFD1D20A002C-FollowerState was interrupted: java.lang.InterruptedException: sleep interrupted
2019-10-16 18:01:52,761 [grpc-default-executor-1] INFO  impl.RoleInfo (RoleInfo.java:updateAndGet(143)) - f4c54511-b161-4347-aec5-5236dc80a0d8: start FollowerState
2019-10-16 18:01:52,762 [Thread-3528] INFO  impl.FollowerState (FollowerState.java:run(117)) - 907b9765-214b-4864-b66a-d6e2a5789e5c@group-EFD1D20A002C-FollowerState was interrupted: java.lang.InterruptedException: sleep interrupted
2019-10-16 18:01:52,762 [grpc-default-executor-3] INFO  impl.RoleInfo (RoleInfo.java:updateAndGet(143)) - 907b9765-214b-4864-b66a-d6e2a5789e5c: start FollowerState
2019-10-16 18:01:52,785 [bf55b3f9-6b09-4365-9d71-55289e083fa5@group-EFD1D20A002C-LeaderElection494] INFO  impl.LeaderElection (LeaderElection.java:logAndReturn(56)) - bf55b3f9-6b09-4365-9d71-55289e083fa5@group-EFD1D20A002C-LeaderElection494: Election REJECTED; received 2 response(s) [bf55b3f9-6b09-4365-9d71-55289e083fa5<-f4c54511-b161-4347-aec5-5236dc80a0d8#0:FAIL-t584, bf55b3f9-6b09-4365-9d71-55289e083fa5<-907b9765-214b-4864-b66a-d6e2a5789e5c#0:FAIL-t584] and 0 exception(s); bf55b3f9-6b09-4365-9d71-55289e083fa5@group-EFD1D20A002C:t584, leader=null, voted=bf55b3f9-6b09-4365-9d71-55289e083fa5, raftlog=bf55b3f9-6b09-4365-9d71-55289e083fa5@group-EFD1D20A002C-SegmentedRaftLog:OPENED:c-1,f-1,i0, conf=-1: [f4c54511-b161-4347-aec5-5236dc80a0d8:0.0.0.0:41238, 907b9765-214b-4864-b66a-d6e2a5789e5c:0.0.0.0:41650, bf55b3f9-6b09-4365-9d71-55289e083fa5:0.0.0.0:42441], old=null
2019-10-16 18:01:52,785 [bf55b3f9-6b09-4365-9d71-55289e083fa5@group-EFD1D20A002C-LeaderElection494] INFO  impl.RaftServerImpl (RaftServerImpl.java:setRole(184)) - bf55b3f9-6b09-4365-9d71-55289e083fa5@group-EFD1D20A002C: changes role from CANDIDATE to FOLLOWER at term 584 for DISCOVERED_A_NEW_TERM
2019-10-16 18:01:52,785 [bf55b3f9-6b09-4365-9d71-55289e083fa5@group-EFD1D20A002C-LeaderElection494] INFO  impl.RoleInfo (RoleInfo.java:shutdownLeaderElection(134)) - bf55b3f9-6b09-4365-9d71-55289e083fa5: shutdown LeaderElection
2019-10-16 18:01:52,786 [bf55b3f9-6b09-4365-9d71-55289e083fa5@group-EFD1D20A002C-LeaderElection494] INFO  impl.RoleInfo (RoleInfo.java:updateAndGet(143)) - bf55b3f9-6b09-4365-9d71-55289e083fa5: start FollowerState
2019-10-16 18:01:52,888 [Thread-3533] INFO  impl.FollowerState (FollowerState.java:run(108)) - bf55b3f9-6b09-4365-9d71-55289e083fa5@group-EFD1D20A002C-FollowerState: change to CANDIDATE, lastRpcTime:102ms, electionTimeout:102ms
2019-10-16 18:01:52,888 [Thread-3533] INFO  impl.RoleInfo (RoleInfo.java:shutdownFollowerState(121)) - bf55b3f9-6b09-4365-9d71-55289e083fa5: shutdown FollowerState
2019-10-16 18:01:52,888 [Thread-3533] INFO  impl.RaftServerImpl (RaftServerImpl.java:setRole(184)) - bf55b3f9-6b09-4365-9d71-55289e083fa5@group-EFD1D20A002C: changes role from  FOLLOWER to CANDIDATE at term 584 for changeToCandidate
2019-10-16 18:01:52,888 [Thread-3533] INFO  impl.RoleInfo (RoleInfo.java:updateAndGet(143)) - bf55b3f9-6b09-4365-9d71-55289e083fa5: start LeaderElection
2019-10-16 18:01:52,919 [bf55b3f9-6b09-4365-9d71-55289e083fa5@group-EFD1D20A002C-LeaderElection495] INFO  impl.LeaderElection (LeaderElection.java:askForVotes(178)) - bf55b3f9-6b09-4365-9d71-55289e083fa5@group-EFD1D20A002C-LeaderElection495: begin an election at term 585 for -1: [f4c54511-b161-4347-aec5-5236dc80a0d8:0.0.0.0:41238, 907b9765-214b-4864-b66a-d6e2a5789e5c:0.0.0.0:41650, bf55b3f9-6b09-4365-9d71-55289e083fa5:0.0.0.0:42441], old=null
2019-10-16 18:01:52,921 [grpc-default-executor-3] INFO  impl.RaftServerImpl (RaftServerImpl.java:setRole(184)) - f4c54511-b161-4347-aec5-5236dc80a0d8@group-EFD1D20A002C: changes role from  FOLLOWER to FOLLOWER at term 585 for recognizeCandidate:bf55b3f9-6b09-4365-9d71-55289e083fa5
2019-10-16 18:01:52,921 [grpc-default-executor-1] INFO  impl.RaftServerImpl (RaftServerImpl.java:setRole(184)) - 907b9765-214b-4864-b66a-d6e2a5789e5c@group-EFD1D20A002C: changes role from  FOLLOWER to FOLLOWER at term 585 for recognizeCandidate:bf55b3f9-6b09-4365-9d71-55289e083fa5
2019-10-16 18:01:52,922 [grpc-default-executor-1] INFO  impl.RoleInfo (RoleInfo.java:shutdownFollowerState(121)) - 907b9765-214b-4864-b66a-d6e2a5789e5c: shutdown FollowerState
2019-10-16 18:01:52,921 [grpc-default-executor-3] INFO  impl.RoleInfo (RoleInfo.java:shutdownFollowerState(121)) - f4c54511-b161-4347-aec5-5236dc80a0d8: shutdown FollowerState
2019-10-16 18:01:52,922 [Thread-3532] INFO  impl.FollowerState (FollowerState.java:run(117)) - 907b9765-214b-4864-b66a-d6e2a5789e5c@group-EFD1D20A002C-FollowerState was interrupted: java.lang.InterruptedException: sleep interrupted
2019-10-16 18:01:52,922 [grpc-default-executor-1] INFO  impl.RoleInfo (RoleInfo.java:updateAndGet(143)) - 907b9765-214b-4864-b66a-d6e2a5789e5c: start FollowerState
2019-10-16 18:01:52,922 [Thread-3531] INFO  impl.FollowerState (FollowerState.java:run(117)) - f4c54511-b161-4347-aec5-5236dc80a0d8@group-EFD1D20A002C-FollowerState was interrupted: java.lang.InterruptedException: sleep interrupted
2019-10-16 18:01:52,922 [grpc-default-executor-3] INFO  impl.RoleInfo (RoleInfo.java:updateAndGet(143)) - f4c54511-b161-4347-aec5-5236dc80a0d8: start FollowerState
2019-10-16 18:01:52,954 [bf55b3f9-6b09-4365-9d71-55289e083fa5@group-EFD1D20A002C-LeaderElection495] INFO  impl.LeaderElection (LeaderElection.java:logAndReturn(56)) - bf55b3f9-6b09-4365-9d71-55289e083fa5@group-EFD1D20A002C-LeaderElection495: Election REJECTED; received 2 response(s) [bf55b3f9-6b09-4365-9d71-55289e083fa5<-f4c54511-b161-4347-aec5-5236dc80a0d8#0:FAIL-t585, bf55b3f9-6b09-4365-9d71-55289e083fa5<-907b9765-214b-4864-b66a-d6e2a5789e5c#0:FAIL-t585] and 0 exception(s); bf55b3f9-6b09-4365-9d71-55289e083fa5@group-EFD1D20A002C:t585, leader=null, voted=bf55b3f9-6b09-4365-9d71-55289e083fa5, raftlog=bf55b3f9-6b09-4365-9d71-55289e083fa5@group-EFD1D20A002C-SegmentedRaftLog:OPENED:c-1,f-1,i0, conf=-1: [f4c54511-b161-4347-aec5-5236dc80a0d8:0.0.0.0:41238, 907b9765-214b-4864-b66a-d6e2a5789e5c:0.0.0.0:41650, bf55b3f9-6b09-4365-9d71-55289e083fa5:0.0.0.0:42441], old=null
2019-10-16 18:01:52,954 [bf55b3f9-6b09-4365-9d71-55289e083fa5@group-EFD1D20A002C-LeaderElection495] INFO  impl.RaftServerImpl (RaftServerImpl.java:setRole(184)) - bf55b3f9-6b09-4365-9d71-55289e083fa5@group-EFD1D20A002C: changes role from CANDIDATE to FOLLOWER at term 585 for DISCOVERED_A_NEW_TERM
2019-10-16 18:01:52,954 [bf55b3f9-6b09-4365-9d71-55289e083fa5@group-EFD1D20A002C-LeaderElection495] INFO  impl.RoleInfo (RoleInfo.java:shutdownLeaderElection(134)) - bf55b3f9-6b09-4365-9d71-55289e083fa5: shutdown LeaderElection
2019-10-16 18:01:52,955 [bf55b3f9-6b09-4365-9d71-55289e083fa5@group-EFD1D20A002C-LeaderElection495] INFO  impl.RoleInfo (RoleInfo.java:updateAndGet(143)) - bf55b3f9-6b09-4365-9d71-55289e083fa5: start FollowerState
2019-10-16 18:01:53,082 [Thread-3539] INFO  impl.FollowerState (FollowerState.java:run(108)) - bf55b3f9-6b09-4365-9d71-55289e083fa5@group-EFD1D20A002C-FollowerState: change to CANDIDATE, lastRpcTime:127ms, electionTimeout:127ms
2019-10-16 18:01:53,082 [Thread-3539] INFO  impl.RoleInfo (RoleInfo.java:shutdownFollowerState(121)) - bf55b3f9-6b09-4365-9d71-55289e083fa5: shutdown FollowerState
2019-10-16 18:01:53,082 [Thread-3539] INFO  impl.RaftServerImpl (RaftServerImpl.java:setRole(184)) - bf55b3f9-6b09-4365-9d71-55289e083fa5@group-EFD1D20A002C: changes role from  FOLLOWER to CANDIDATE at term 585 for changeToCandidate
2019-10-16 18:01:53,083 [Thread-3539] INFO  impl.RoleInfo (RoleInfo.java:updateAndGet(143)) - bf55b3f9-6b09-4365-9d71-55289e083fa5: start LeaderElection
2019-10-16 18:01:53,096 [bf55b3f9-6b09-4365-9d71-55289e083fa5@group-EFD1D20A002C-LeaderElection496] INFO  impl.LeaderElection (LeaderElection.java:askForVotes(178)) - bf55b3f9-6b09-4365-9d71-55289e083fa5@group-EFD1D20A002C-LeaderElection496: begin an election at term 586 for -1: [f4c54511-b161-4347-aec5-5236dc80a0d8:0.0.0.0:41238, 907b9765-214b-4864-b66a-d6e2a5789e5c:0.0.0.0:41650, bf55b3f9-6b09-4365-9d71-55289e083fa5:0.0.0.0:42441], old=null
2019-10-16 18:01:53,098 [grpc-default-executor-1] INFO  impl.RaftServerImpl (RaftServerImpl.java:setRole(184)) - f4c54511-b161-4347-aec5-5236dc80a0d8@group-EFD1D20A002C: changes role from  FOLLOWER to FOLLOWER at term 586 for recognizeCandidate:bf55b3f9-6b09-4365-9d71-55289e083fa5
2019-10-16 18:01:53,098 [grpc-default-executor-3] INFO  impl.RaftServerImpl (RaftServerImpl.java:setRole(184)) - 907b9765-214b-4864-b66a-d6e2a5789e5c@group-EFD1D20A002C: changes role from  FOLLOWER to FOLLOWER at term 586 for recognizeCandidate:bf55b3f9-6b09-4365-9d71-55289e083fa5
2019-10-16 18:01:53,098 [grpc-default-executor-1] INFO  impl.RoleInfo (RoleInfo.java:shutdownFollowerState(121)) - f4c54511-b161-4347-aec5-5236dc80a0d8: shutdown FollowerState
2019-10-16 18:01:53,098 [grpc-default-executor-3] INFO  impl.RoleInfo (RoleInfo.java:shutdownFollowerState(121)) - 907b9765-214b-4864-b66a-d6e2a5789e5c: shutdown FollowerState
2019-10-16 18:01:53,098 [Thread-3538] INFO  impl.FollowerState (FollowerState.java:run(117)) - f4c54511-b161-4347-aec5-5236dc80a0d8@group-EFD1D20A002C-FollowerState was interrupted: java.lang.InterruptedException: sleep interrupted
2019-10-16 18:01:53,098 [grpc-default-executor-1] INFO  impl.RoleInfo (RoleInfo.java:updateAndGet(143)) - f4c54511-b161-4347-aec5-5236dc80a0d8: start FollowerState
2019-10-16 18:01:53,099 [Thread-3537] INFO  impl.FollowerState (FollowerState.java:run(117)) - 907b9765-214b-4864-b66a-d6e2a5789e5c@group-EFD1D20A002C-FollowerState was interrupted: java.lang.InterruptedException: sleep interrupted
2019-10-16 18:01:53,099 [grpc-default-executor-3] INFO  impl.RoleInfo (RoleInfo.java:updateAndGet(143)) - 907b9765-214b-4864-b66a-d6e2a5789e5c: start FollowerState
2019-10-16 18:01:53,122 [bf55b3f9-6b09-4365-9d71-55289e083fa5@group-EFD1D20A002C-LeaderElection496] INFO  impl.LeaderElection (LeaderElection.java:logAndReturn(56)) - bf55b3f9-6b09-4365-9d71-55289e083fa5@group-EFD1D20A002C-LeaderElection496: Election REJECTED; received 2 response(s) [bf55b3f9-6b09-4365-9d71-55289e083fa5<-f4c54511-b161-4347-aec5-5236dc80a0d8#0:FAIL-t586, bf55b3f9-6b09-4365-9d71-55289e083fa5<-907b9765-214b-4864-b66a-d6e2a5789e5c#0:FAIL-t586] and 0 exception(s); bf55b3f9-6b09-4365-9d71-55289e083fa5@group-EFD1D20A002C:t586, leader=null, voted=bf55b3f9-6b09-4365-9d71-55289e083fa5, raftlog=bf55b3f9-6b09-4365-9d71-55289e083fa5@group-EFD1D20A002C-SegmentedRaftLog:OPENED:c-1,f-1,i0, conf=-1: [f4c54511-b161-4347-aec5-5236dc80a0d8:0.0.0.0:41238, 907b9765-214b-4864-b66a-d6e2a5789e5c:0.0.0.0:41650, bf55b3f9-6b09-4365-9d71-55289e083fa5:0.0.0.0:42441], old=null
2019-10-16 18:01:53,122 [bf55b3f9-6b09-4365-9d71-55289e083fa5@group-EFD1D20A002C-LeaderElection496] INFO  impl.RaftServerImpl (RaftServerImpl.java:setRole(184)) - bf55b3f9-6b09-4365-9d71-55289e083fa5@group-EFD1D20A002C: changes role from CANDIDATE to FOLLOWER at term 586 for DISCOVERED_A_NEW_TERM
2019-10-16 18:01:53,122 [bf55b3f9-6b09-4365-9d71-55289e083fa5@group-EFD1D20A002C-LeaderElection496] INFO  impl.RoleInfo (RoleInfo.java:shutdownLeaderElection(134)) - bf55b3f9-6b09-4365-9d71-55289e083fa5: shutdown LeaderElection
2019-10-16 18:01:53,123 [bf55b3f9-6b09-4365-9d71-55289e083fa5@group-EFD1D20A002C-LeaderElection496] INFO  impl.RoleInfo (RoleInfo.java:updateAndGet(143)) - bf55b3f9-6b09-4365-9d71-55289e083fa5: start FollowerState
2019-10-16 18:01:53,211 [Thread-3545] INFO  impl.FollowerState (FollowerState.java:run(108)) - bf55b3f9-6b09-4365-9d71-55289e083fa5@group-EFD1D20A002C-FollowerState: change to CANDIDATE, lastRpcTime:88ms, electionTimeout:88ms
2019-10-16 18:01:53,211 [Thread-3545] INFO  impl.RoleInfo (RoleInfo.java:shutdownFollowerState(121)) - bf55b3f9-6b09-4365-9d71-55289e083fa5: shutdown FollowerState
2019-10-16 18:01:53,211 [Thread-3545] INFO  impl.RaftServerImpl (RaftServerImpl.java:setRole(184)) - bf55b3f9-6b09-4365-9d71-55289e083fa5@group-EFD1D20A002C: changes role from  FOLLOWER to CANDIDATE at term 586 for changeToCandidate
2019-10-16 18:01:53,211 [Thread-3545] INFO  impl.RoleInfo (RoleInfo.java:updateAndGet(143)) - bf55b3f9-6b09-4365-9d71-55289e083fa5: start LeaderElection
2019-10-16 18:01:53,239 [bf55b3f9-6b09-4365-9d71-55289e083fa5@group-EFD1D20A002C-LeaderElection497] INFO  impl.LeaderElection (LeaderElection.java:askForVotes(178)) - bf55b3f9-6b09-4365-9d71-55289e083fa5@group-EFD1D20A002C-LeaderElection497: begin an election at term 587 for -1: [f4c54511-b161-4347-aec5-5236dc80a0d8:0.0.0.0:41238, 907b9765-214b-4864-b66a-d6e2a5789e5c:0.0.0.0:41650, bf55b3f9-6b09-4365-9d71-55289e083fa5:0.0.0.0:42441], old=null
2019-10-16 18:01:53,241 [grpc-default-executor-1] INFO  impl.RaftServerImpl (RaftServerImpl.java:setRole(184)) - 907b9765-214b-4864-b66a-d6e2a5789e5c@group-EFD1D20A002C: changes role from  FOLLOWER to FOLLOWER at term 587 for recognizeCandidate:bf55b3f9-6b09-4365-9d71-55289e083fa5
2019-10-16 18:01:53,241 [grpc-default-executor-3] INFO  impl.RaftServerImpl (RaftServerImpl.java:setRole(184)) - f4c54511-b161-4347-aec5-5236dc80a0d8@group-EFD1D20A002C: changes role from  FOLLOWER to FOLLOWER at term 587 for recognizeCandidate:bf55b3f9-6b09-4365-9d71-55289e083fa5
2019-10-16 18:01:53,241 [grpc-default-executor-1] INFO  impl.RoleInfo (RoleInfo.java:shutdownFollowerState(121)) - 907b9765-214b-4864-b66a-d6e2a5789e5c: shutdown FollowerState
2019-10-16 18:01:53,241 [grpc-default-executor-3] INFO  impl.RoleInfo (RoleInfo.java:shutdownFollowerState(121)) - f4c54511-b161-4347-aec5-5236dc80a0d8: shutdown FollowerState
2019-10-16 18:01:53,241 [Thread-3544] INFO  impl.FollowerState (FollowerState.java:run(117)) - 907b9765-214b-4864-b66a-d6e2a5789e5c@group-EFD1D20A002C-FollowerState was interrupted: java.lang.InterruptedException: sleep interrupted
2019-10-16 18:01:53,241 [grpc-default-executor-1] INFO  impl.RoleInfo (RoleInfo.java:updateAndGet(143)) - 907b9765-214b-4864-b66a-d6e2a5789e5c: start FollowerState
2019-10-16 18:01:53,241 [Thread-3543] INFO  impl.FollowerState (FollowerState.java:run(117)) - f4c54511-b161-4347-aec5-5236dc80a0d8@group-EFD1D20A002C-FollowerState was interrupted: java.lang.InterruptedException: sleep interrupted
2019-10-16 18:01:53,241 [grpc-default-executor-3] INFO  impl.RoleInfo (RoleInfo.java:updateAndGet(143)) - f4c54511-b161-4347-aec5-5236dc80a0d8: start FollowerState
2019-10-16 18:01:53,265 [bf55b3f9-6b09-4365-9d71-55289e083fa5@group-EFD1D20A002C-LeaderElection497] INFO  impl.LeaderElection (LeaderElection.java:logAndReturn(56)) - bf55b3f9-6b09-4365-9d71-55289e083fa5@group-EFD1D20A002C-LeaderElection497: Election REJECTED; received 2 response(s) [bf55b3f9-6b09-4365-9d71-55289e083fa5<-f4c54511-b161-4347-aec5-5236dc80a0d8#0:FAIL-t587, bf55b3f9-6b09-4365-9d71-55289e083fa5<-907b9765-214b-4864-b66a-d6e2a5789e5c#0:FAIL-t587] and 0 exception(s); bf55b3f9-6b09-4365-9d71-55289e083fa5@group-EFD1D20A002C:t587, leader=null, voted=bf55b3f9-6b09-4365-9d71-55289e083fa5, raftlog=bf55b3f9-6b09-4365-9d71-55289e083fa5@group-EFD1D20A002C-SegmentedRaftLog:OPENED:c-1,f-1,i0, conf=-1: [f4c54511-b161-4347-aec5-5236dc80a0d8:0.0.0.0:41238, 907b9765-214b-4864-b66a-d6e2a5789e5c:0.0.0.0:41650, bf55b3f9-6b09-4365-9d71-55289e083fa5:0.0.0.0:42441], old=null
2019-10-16 18:01:53,265 [bf55b3f9-6b09-4365-9d71-55289e083fa5@group-EFD1D20A002C-LeaderElection497] INFO  impl.RaftServerImpl (RaftServerImpl.java:setRole(184)) - bf55b3f9-6b09-4365-9d71-55289e083fa5@group-EFD1D20A002C: changes role from CANDIDATE to FOLLOWER at term 587 for DISCOVERED_A_NEW_TERM
2019-10-16 18:01:53,265 [bf55b3f9-6b09-4365-9d71-55289e083fa5@group-EFD1D20A002C-LeaderElection497] INFO  impl.RoleInfo (RoleInfo.java:shutdownLeaderElection(134)) - bf55b3f9-6b09-4365-9d71-55289e083fa5: shutdown LeaderElection
2019-10-16 18:01:53,265 [bf55b3f9-6b09-4365-9d71-55289e083fa5@group-EFD1D20A002C-LeaderElection497] INFO  impl.RoleInfo (RoleInfo.java:updateAndGet(143)) - bf55b3f9-6b09-4365-9d71-55289e083fa5: start FollowerState
2019-10-16 18:01:53,361 [Thread-3551] INFO  impl.FollowerState (FollowerState.java:run(108)) - bf55b3f9-6b09-4365-9d71-55289e083fa5@group-EFD1D20A002C-FollowerState: change to CANDIDATE, lastRpcTime:95ms, electionTimeout:95ms
2019-10-16 18:01:53,361 [Thread-3551] INFO  impl.RoleInfo (RoleInfo.java:shutdownFollowerState(121)) - bf55b3f9-6b09-4365-9d71-55289e083fa5: shutdown FollowerState
2019-10-16 18:01:53,362 [Thread-3551] INFO  impl.RaftServerImpl (RaftServerImpl.java:setRole(184)) - bf55b3f9-6b09-4365-9d71-55289e083fa5@group-EFD1D20A002C: changes role from  FOLLOWER to CANDIDATE at term 587 for changeToCandidate
2019-10-16 18:01:53,363 [Thread-3551] INFO  impl.RoleInfo (RoleInfo.java:updateAndGet(143)) - bf55b3f9-6b09-4365-9d71-55289e083fa5: start LeaderElection
2019-10-16 18:01:53,398 [bf55b3f9-6b09-4365-9d71-55289e083fa5@group-EFD1D20A002C-LeaderElection498] INFO  impl.LeaderElection (LeaderElection.java:askForVotes(178)) - bf55b3f9-6b09-4365-9d71-55289e083fa5@group-EFD1D20A002C-LeaderElection498: begin an election at term 588 for -1: [f4c54511-b161-4347-aec5-5236dc80a0d8:0.0.0.0:41238, 907b9765-214b-4864-b66a-d6e2a5789e5c:0.0.0.0:41650, bf55b3f9-6b09-4365-9d71-55289e083fa5:0.0.0.0:42441], old=null
2019-10-16 18:01:53,404 [grpc-default-executor-3] INFO  impl.RaftServerImpl (RaftServerImpl.java:setRole(184)) - 907b9765-214b-4864-b66a-d6e2a5789e5c@group-EFD1D20A002C: changes role from  FOLLOWER to FOLLOWER at term 588 for recognizeCandidate:bf55b3f9-6b09-4365-9d71-55289e083fa5
2019-10-16 18:01:53,404 [grpc-default-executor-1] INFO  impl.RaftServerImpl (RaftServerImpl.java:setRole(184)) - f4c54511-b161-4347-aec5-5236dc80a0d8@group-EFD1D20A002C: changes role from  FOLLOWER to FOLLOWER at term 588 for recognizeCandidate:bf55b3f9-6b09-4365-9d71-55289e083fa5
2019-10-16 18:01:53,404 [grpc-default-executor-3] INFO  impl.RoleInfo (RoleInfo.java:shutdownFollowerState(121)) - 907b9765-214b-4864-b66a-d6e2a5789e5c: shutdown FollowerState
2019-10-16 18:01:53,404 [grpc-default-executor-1] INFO  impl.RoleInfo (RoleInfo.java:shutdownFollowerState(121)) - f4c54511-b161-4347-aec5-5236dc80a0d8: shutdown FollowerState
2019-10-16 18:01:53,405 [grpc-default-executor-3] INFO  impl.RoleInfo (RoleInfo.java:updateAndGet(143)) - 907b9765-214b-4864-b66a-d6e2a5789e5c: start FollowerState
2019-10-16 18:01:53,405 [grpc-default-executor-1] INFO  impl.RoleInfo (RoleInfo.java:updateAndGet(143)) - f4c54511-b161-4347-aec5-5236dc80a0d8: start FollowerState
2019-10-16 18:01:53,405 [Thread-3550] INFO  impl.FollowerState (FollowerState.java:run(117)) - f4c54511-b161-4347-aec5-5236dc80a0d8@group-EFD1D20A002C-FollowerState was interrupted: java.lang.InterruptedException: sleep interrupted
2019-10-16 18:01:53,405 [Thread-3549] INFO  impl.FollowerState (FollowerState.java:run(117)) - 907b9765-214b-4864-b66a-d6e2a5789e5c@group-EFD1D20A002C-FollowerState was interrupted: java.lang.InterruptedException: sleep interrupted
2019-10-16 18:01:53,433 [bf55b3f9-6b09-4365-9d71-55289e083fa5@group-EFD1D20A002C-LeaderElection498] INFO  impl.LeaderElection (LeaderElection.java:logAndReturn(56)) - bf55b3f9-6b09-4365-9d71-55289e083fa5@group-EFD1D20A002C-LeaderElection498: Election REJECTED; received 2 response(s) [bf55b3f9-6b09-4365-9d71-55289e083fa5<-f4c54511-b161-4347-aec5-5236dc80a0d8#0:FAIL-t588, bf55b3f9-6b09-4365-9d71-55289e083fa5<-907b9765-214b-4864-b66a-d6e2a5789e5c#0:FAIL-t588] and 0 exception(s); bf55b3f9-6b09-4365-9d71-55289e083fa5@group-EFD1D20A002C:t588, leader=null, voted=bf55b3f9-6b09-4365-9d71-55289e083fa5, raftlog=bf55b3f9-6b09-4365-9d71-55289e083fa5@group-EFD1D20A002C-SegmentedRaftLog:OPENED:c-1,f-1,i0, conf=-1: [f4c54511-b161-4347-aec5-5236dc80a0d8:0.0.0.0:41238, 907b9765-214b-4864-b66a-d6e2a5789e5c:0.0.0.0:41650, bf55b3f9-6b09-4365-9d71-55289e083fa5:0.0.0.0:42441], old=null
2019-10-16 18:01:53,433 [bf55b3f9-6b09-4365-9d71-55289e083fa5@group-EFD1D20A002C-LeaderElection498] INFO  impl.RaftServerImpl (RaftServerImpl.java:setRole(184)) - bf55b3f9-6b09-4365-9d71-55289e083fa5@group-EFD1D20A002C: changes role from CANDIDATE to FOLLOWER at term 588 for DISCOVERED_A_NEW_TERM
2019-10-16 18:01:53,433 [bf55b3f9-6b09-4365-9d71-55289e083fa5@group-EFD1D20A002C-LeaderElection498] INFO  impl.RoleInfo (RoleInfo.java:shutdownLeaderElection(134)) - bf55b3f9-6b09-4365-9d71-55289e083fa5: shutdown LeaderElection
2019-10-16 18:01:53,433 [bf55b3f9-6b09-4365-9d71-55289e083fa5@group-EFD1D20A002C-LeaderElection498] INFO  impl.RoleInfo (RoleInfo.java:updateAndGet(143)) - bf55b3f9-6b09-4365-9d71-55289e083fa5: start FollowerState
2019-10-16 18:01:53,463 [Thread-3559] INFO  impl.FollowerState (FollowerState.java:run(108)) - bf55b3f9-6b09-4365-9d71-55289e083fa5@group-EFD1D20A002C-FollowerState: change to CANDIDATE, lastRpcTime:29ms, electionTimeout:29ms
2019-10-16 18:01:53,463 [Thread-3559] INFO  impl.RoleInfo (RoleInfo.java:shutdownFollowerState(121)) - bf55b3f9-6b09-4365-9d71-55289e083fa5: shutdown FollowerState
2019-10-16 18:01:53,463 [Thread-3559] INFO  impl.RaftServerImpl (RaftServerImpl.java:setRole(184)) - bf55b3f9-6b09-4365-9d71-55289e083fa5@group-EFD1D20A002C: changes role from  FOLLOWER to CANDIDATE at term 588 for changeToCandidate
2019-10-16 18:01:53,463 [Thread-3559] INFO  impl.RoleInfo (RoleInfo.java:updateAndGet(143)) - bf55b3f9-6b09-4365-9d71-55289e083fa5: start LeaderElection
2019-10-16 18:01:53,491 [bf55b3f9-6b09-4365-9d71-55289e083fa5@group-EFD1D20A002C-LeaderElection499] INFO  impl.LeaderElection (LeaderElection.java:askForVotes(178)) - bf55b3f9-6b09-4365-9d71-55289e083fa5@group-EFD1D20A002C-LeaderElection499: begin an election at term 589 for -1: [f4c54511-b161-4347-aec5-5236dc80a0d8:0.0.0.0:41238, 907b9765-214b-4864-b66a-d6e2a5789e5c:0.0.0.0:41650, bf55b3f9-6b09-4365-9d71-55289e083fa5:0.0.0.0:42441], old=null
2019-10-16 18:01:53,493 [grpc-default-executor-3] INFO  impl.RaftServerImpl (RaftServerImpl.java:setRole(184)) - f4c54511-b161-4347-aec5-5236dc80a0d8@group-EFD1D20A002C: changes role from  FOLLOWER to FOLLOWER at term 589 for recognizeCandidate:bf55b3f9-6b09-4365-9d71-55289e083fa5
2019-10-16 18:01:53,494 [grpc-default-executor-3] INFO  impl.RoleInfo (RoleInfo.java:shutdownFollowerState(121)) - f4c54511-b161-4347-aec5-5236dc80a0d8: shutdown FollowerState
2019-10-16 18:01:53,494 [grpc-default-executor-1] INFO  impl.RaftServerImpl (RaftServerImpl.java:setRole(184)) - 907b9765-214b-4864-b66a-d6e2a5789e5c@group-EFD1D20A002C: changes role from  FOLLOWER to FOLLOWER at term 589 for recognizeCandidate:bf55b3f9-6b09-4365-9d71-55289e083fa5
2019-10-16 18:01:53,494 [grpc-default-executor-1] INFO  impl.RoleInfo (RoleInfo.java:shutdownFollowerState(121)) - 907b9765-214b-4864-b66a-d6e2a5789e5c: shutdown FollowerState
2019-10-16 18:01:53,494 [Thread-3558] INFO  impl.FollowerState (FollowerState.java:run(117)) - f4c54511-b161-4347-aec5-5236dc80a0d8@group-EFD1D20A002C-FollowerState was interrupted: java.lang.InterruptedException: sleep interrupted
2019-10-16 18:01:53,494 [grpc-default-executor-3] INFO  impl.RoleInfo (RoleInfo.java:updateAndGet(143)) - f4c54511-b161-4347-aec5-5236dc80a0d8: start FollowerState
2019-10-16 18:01:53,494 [Thread-3557] INFO  impl.FollowerState (FollowerState.java:run(117)) - 907b9765-214b-4864-b66a-d6e2a5789e5c@group-EFD1D20A002C-FollowerState was interrupted: java.lang.InterruptedException: sleep interrupted
2019-10-16 18:01:53,494 [grpc-default-executor-1] INFO  impl.RoleInfo (RoleInfo.java:updateAndGet(143)) - 907b9765-214b-4864-b66a-d6e2a5789e5c: start FollowerState
2019-10-16 18:01:53,526 [bf55b3f9-6b09-4365-9d71-55289e083fa5@group-EFD1D20A002C-LeaderElection499] INFO  impl.LeaderElection (LeaderElection.java:logAndReturn(56)) - bf55b3f9-6b09-4365-9d71-55289e083fa5@group-EFD1D20A002C-LeaderElection499: Election REJECTED; received 2 response(s) [bf55b3f9-6b09-4365-9d71-55289e083fa5<-f4c54511-b161-4347-aec5-5236dc80a0d8#0:FAIL-t589, bf55b3f9-6b09-4365-9d71-55289e083fa5<-907b9765-214b-4864-b66a-d6e2a5789e5c#0:FAIL-t589] and 0 exception(s); bf55b3f9-6b09-4365-9d71-55289e083fa5@group-EFD1D20A002C:t589, leader=null, voted=bf55b3f9-6b09-4365-9d71-55289e083fa5, raftlog=bf55b3f9-6b09-4365-9d71-55289e083fa5@group-EFD1D20A002C-SegmentedRaftLog:OPENED:c-1,f-1,i0, conf=-1: [f4c54511-b161-4347-aec5-5236dc80a0d8:0.0.0.0:41238, 907b9765-214b-4864-b66a-d6e2a5789e5c:0.0.0.0:41650, bf55b3f9-6b09-4365-9d71-55289e083fa5:0.0.0.0:42441], old=null
2019-10-16 18:01:53,526 [bf55b3f9-6b09-4365-9d71-55289e083fa5@group-EFD1D20A002C-LeaderElection499] INFO  impl.RaftServerImpl (RaftServerImpl.java:setRole(184)) - bf55b3f9-6b09-4365-9d71-55289e083fa5@group-EFD1D20A002C: changes role from CANDIDATE to FOLLOWER at term 589 for DISCOVERED_A_NEW_TERM
2019-10-16 18:01:53,526 [bf55b3f9-6b09-4365-9d71-55289e083fa5@group-EFD1D20A002C-LeaderElection499] INFO  impl.RoleInfo (RoleInfo.java:shutdownLeaderElection(134)) - bf55b3f9-6b09-4365-9d71-55289e083fa5: shutdown LeaderElection
2019-10-16 18:01:53,527 [bf55b3f9-6b09-4365-9d71-55289e083fa5@group-EFD1D20A002C-LeaderElection499] INFO  impl.RoleInfo (RoleInfo.java:updateAndGet(143)) - bf55b3f9-6b09-4365-9d71-55289e083fa5: start FollowerState
2019-10-16 18:01:53,533 [Thread-3565] INFO  impl.FollowerState (FollowerState.java:run(108)) - bf55b3f9-6b09-4365-9d71-55289e083fa5@group-EFD1D20A002C-FollowerState: change to CANDIDATE, lastRpcTime:6ms, electionTimeout:6ms
2019-10-16 18:01:53,533 [Thread-3565] INFO  impl.RoleInfo (RoleInfo.java:shutdownFollowerState(121)) - bf55b3f9-6b09-4365-9d71-55289e083fa5: shutdown FollowerState
2019-10-16 18:01:53,533 [Thread-3565] INFO  impl.RaftServerImpl (RaftServerImpl.java:setRole(184)) - bf55b3f9-6b09-4365-9d71-55289e083fa5@group-EFD1D20A002C: changes role from  FOLLOWER to CANDIDATE at term 589 for changeToCandidate
2019-10-16 18:01:53,533 [Thread-3565] INFO  impl.RoleInfo (RoleInfo.java:updateAndGet(143)) - bf55b3f9-6b09-4365-9d71-55289e083fa5: start LeaderElection
2019-10-16 18:01:53,561 [bf55b3f9-6b09-4365-9d71-55289e083fa5@group-EFD1D20A002C-LeaderElection500] INFO  impl.LeaderElection (LeaderElection.java:askForVotes(178)) - bf55b3f9-6b09-4365-9d71-55289e083fa5@group-EFD1D20A002C-LeaderElection500: begin an election at term 590 for -1: [f4c54511-b161-4347-aec5-5236dc80a0d8:0.0.0.0:41238, 907b9765-214b-4864-b66a-d6e2a5789e5c:0.0.0.0:41650, bf55b3f9-6b09-4365-9d71-55289e083fa5:0.0.0.0:42441], old=null
2019-10-16 18:01:53,562 [grpc-default-executor-3] INFO  impl.RaftServerImpl (RaftServerImpl.java:setRole(184)) - f4c54511-b161-4347-aec5-5236dc80a0d8@group-EFD1D20A002C: changes role from  FOLLOWER to FOLLOWER at term 590 for recognizeCandidate:bf55b3f9-6b09-4365-9d71-55289e083fa5
2019-10-16 18:01:53,563 [grpc-default-executor-1] INFO  impl.RaftServerImpl (RaftServerImpl.java:setRole(184)) - 907b9765-214b-4864-b66a-d6e2a5789e5c@group-EFD1D20A002C: changes role from  FOLLOWER to FOLLOWER at term 590 for recognizeCandidate:bf55b3f9-6b09-4365-9d71-55289e083fa5
2019-10-16 18:01:53,563 [grpc-default-executor-1] INFO  impl.RoleInfo (RoleInfo.java:shutdownFollowerState(121)) - 907b9765-214b-4864-b66a-d6e2a5789e5c: shutdown FollowerState
2019-10-16 18:01:53,563 [grpc-default-executor-3] INFO  impl.RoleInfo (RoleInfo.java:shutdownFollowerState(121)) - f4c54511-b161-4347-aec5-5236dc80a0d8: shutdown FollowerState
2019-10-16 18:01:53,563 [Thread-3564] INFO  impl.FollowerState (FollowerState.java:run(117)) - 907b9765-214b-4864-b66a-d6e2a5789e5c@group-EFD1D20A002C-FollowerState was interrupted: java.lang.InterruptedException: sleep interrupted
2019-10-16 18:01:53,563 [bf55b3f9-6b09-4365-9d71-55289e083fa5@group-EFD1D20A002C-LeaderElection500] INFO  impl.LeaderElection (LeaderElection.java:logAndReturn(56)) - bf55b3f9-6b09-4365-9d71-55289e083fa5@group-EFD1D20A002C-LeaderElection500: Election TIMEOUT; received 0 response(s) [] and 0 exception(s); bf55b3f9-6b09-4365-9d71-55289e083fa5@group-EFD1D20A002C:t590, leader=null, voted=bf55b3f9-6b09-4365-9d71-55289e083fa5, raftlog=bf55b3f9-6b09-4365-9d71-55289e083fa5@group-EFD1D20A002C-SegmentedRaftLog:OPENED:c-1,f-1,i0, conf=-1: [f4c54511-b161-4347-aec5-5236dc80a0d8:0.0.0.0:41238, 907b9765-214b-4864-b66a-d6e2a5789e5c:0.0.0.0:41650, bf55b3f9-6b09-4365-9d71-55289e083fa5:0.0.0.0:42441], old=null
2019-10-16 18:01:53,563 [grpc-default-executor-1] INFO  impl.RoleInfo (RoleInfo.java:updateAndGet(143)) - 907b9765-214b-4864-b66a-d6e2a5789e5c: start FollowerState
2019-10-16 18:01:53,563 [grpc-default-executor-3] INFO  impl.RoleInfo (RoleInfo.java:updateAndGet(143)) - f4c54511-b161-4347-aec5-5236dc80a0d8: start FollowerState
2019-10-16 18:01:53,563 [Thread-3563] INFO  impl.FollowerState (FollowerState.java:run(117)) - f4c54511-b161-4347-aec5-5236dc80a0d8@group-EFD1D20A002C-FollowerState was interrupted: java.lang.InterruptedException: sleep interrupted
2019-10-16 18:01:53,603 [bf55b3f9-6b09-4365-9d71-55289e083fa5@group-EFD1D20A002C-LeaderElection500] INFO  impl.LeaderElection (LeaderElection.java:askForVotes(178)) - bf55b3f9-6b09-4365-9d71-55289e083fa5@group-EFD1D20A002C-LeaderElection500: begin an election at term 591 for -1: [f4c54511-b161-4347-aec5-5236dc80a0d8:0.0.0.0:41238, 907b9765-214b-4864-b66a-d6e2a5789e5c:0.0.0.0:41650, bf55b3f9-6b09-4365-9d71-55289e083fa5:0.0.0.0:42441], old=null
2019-10-16 18:01:53,605 [grpc-default-executor-3] INFO  impl.RaftServerImpl (RaftServerImpl.java:setRole(184)) - f4c54511-b161-4347-aec5-5236dc80a0d8@group-EFD1D20A002C: changes role from  FOLLOWER to FOLLOWER at term 591 for recognizeCandidate:bf55b3f9-6b09-4365-9d71-55289e083fa5
2019-10-16 18:01:53,605 [grpc-default-executor-1] INFO  impl.RaftServerImpl (RaftServerImpl.java:setRole(184)) - 907b9765-214b-4864-b66a-d6e2a5789e5c@group-EFD1D20A002C: changes role from  FOLLOWER to FOLLOWER at term 591 for recognizeCandidate:bf55b3f9-6b09-4365-9d71-55289e083fa5
2019-10-16 18:01:53,606 [grpc-default-executor-1] INFO  impl.RoleInfo (RoleInfo.java:shutdownFollowerState(121)) - 907b9765-214b-4864-b66a-d6e2a5789e5c: shutdown FollowerState
2019-10-16 18:01:53,605 [grpc-default-executor-3] INFO  impl.RoleInfo (RoleInfo.java:shutdownFollowerState(121)) - f4c54511-b161-4347-aec5-5236dc80a0d8: shutdown FollowerState
2019-10-16 18:01:53,606 [Thread-3569] INFO  impl.FollowerState (FollowerState.java:run(117)) - 907b9765-214b-4864-b66a-d6e2a5789e5c@group-EFD1D20A002C-FollowerState was interrupted: java.lang.InterruptedException: sleep interrupted
2019-10-16 18:01:53,606 [Thread-3570] INFO  impl.FollowerState (FollowerState.java:run(117)) - f4c54511-b161-4347-aec5-5236dc80a0d8@group-EFD1D20A002C-FollowerState was interrupted: java.lang.InterruptedException: sleep interrupted
2019-10-16 18:01:53,606 [grpc-default-executor-1] INFO  impl.RoleInfo (RoleInfo.java:updateAndGet(143)) - 907b9765-214b-4864-b66a-d6e2a5789e5c: start FollowerState
2019-10-16 18:01:53,606 [grpc-default-executor-3] INFO  impl.RoleInfo (RoleInfo.java:updateAndGet(143)) - f4c54511-b161-4347-aec5-5236dc80a0d8: start FollowerState
2019-10-16 18:01:53,638 [bf55b3f9-6b09-4365-9d71-55289e083fa5@group-EFD1D20A002C-LeaderElection500] INFO  impl.LeaderElection (LeaderElection.java:logAndReturn(56)) - bf55b3f9-6b09-4365-9d71-55289e083fa5@group-EFD1D20A002C-LeaderElection500: Election REJECTED; received 2 response(s) [bf55b3f9-6b09-4365-9d71-55289e083fa5<-f4c54511-b161-4347-aec5-5236dc80a0d8#0:FAIL-t591, bf55b3f9-6b09-4365-9d71-55289e083fa5<-907b9765-214b-4864-b66a-d6e2a5789e5c#0:FAIL-t591] and 0 exception(s); bf55b3f9-6b09-4365-9d71-55289e083fa5@group-EFD1D20A002C:t591, leader=null, voted=bf55b3f9-6b09-4365-9d71-55289e083fa5, raftlog=bf55b3f9-6b09-4365-9d71-55289e083fa5@group-EFD1D20A002C-SegmentedRaftLog:OPENED:c-1,f-1,i0, conf=-1: [f4c54511-b161-4347-aec5-5236dc80a0d8:0.0.0.0:41238, 907b9765-214b-4864-b66a-d6e2a5789e5c:0.0.0.0:41650, bf55b3f9-6b09-4365-9d71-55289e083fa5:0.0.0.0:42441], old=null
2019-10-16 18:01:53,638 [bf55b3f9-6b09-4365-9d71-55289e083fa5@group-EFD1D20A002C-LeaderElection500] INFO  impl.RaftServerImpl (RaftServerImpl.java:setRole(184)) - bf55b3f9-6b09-4365-9d71-55289e083fa5@group-EFD1D20A002C: changes role from CANDIDATE to FOLLOWER at term 591 for DISCOVERED_A_NEW_TERM
2019-10-16 18:01:53,638 [bf55b3f9-6b09-4365-9d71-55289e083fa5@group-EFD1D20A002C-LeaderElection500] INFO  impl.RoleInfo (RoleInfo.java:shutdownLeaderElection(134)) - bf55b3f9-6b09-4365-9d71-55289e083fa5: shutdown LeaderElection
2019-10-16 18:01:53,639 [bf55b3f9-6b09-4365-9d71-55289e083fa5@group-EFD1D20A002C-LeaderElection500] INFO  impl.RoleInfo (RoleInfo.java:updateAndGet(143)) - bf55b3f9-6b09-4365-9d71-55289e083fa5: start FollowerState
2019-10-16 18:01:53,774 [Thread-3575] INFO  impl.FollowerState (FollowerState.java:run(108)) - bf55b3f9-6b09-4365-9d71-55289e083fa5@group-EFD1D20A002C-FollowerState: change to CANDIDATE, lastRpcTime:135ms, electionTimeout:135ms
2019-10-16 18:01:53,774 [Thread-3575] INFO  impl.RoleInfo (RoleInfo.java:shutdownFollowerState(121)) - bf55b3f9-6b09-4365-9d71-55289e083fa5: shutdown FollowerState
2019-10-16 18:01:53,774 [Thread-3575] INFO  impl.RaftServerImpl (RaftServerImpl.java:setRole(184)) - bf55b3f9-6b09-4365-9d71-55289e083fa5@group-EFD1D20A002C: changes role from  FOLLOWER to CANDIDATE at term 591 for changeToCandidate
2019-10-16 18:01:53,774 [Thread-3575] INFO  impl.RoleInfo (RoleInfo.java:updateAndGet(143)) - bf55b3f9-6b09-4365-9d71-55289e083fa5: start LeaderElection
2019-10-16 18:01:53,797 [bf55b3f9-6b09-4365-9d71-55289e083fa5@group-EFD1D20A002C-LeaderElection501] INFO  impl.LeaderElection (LeaderElection.java:askForVotes(178)) - bf55b3f9-6b09-4365-9d71-55289e083fa5@group-EFD1D20A002C-LeaderElection501: begin an election at term 592 for -1: [f4c54511-b161-4347-aec5-5236dc80a0d8:0.0.0.0:41238, 907b9765-214b-4864-b66a-d6e2a5789e5c:0.0.0.0:41650, bf55b3f9-6b09-4365-9d71-55289e083fa5:0.0.0.0:42441], old=null
2019-10-16 18:01:53,799 [grpc-default-executor-3] INFO  impl.RaftServerImpl (RaftServerImpl.java:setRole(184)) - 907b9765-214b-4864-b66a-d6e2a5789e5c@group-EFD1D20A002C: changes role from  FOLLOWER to FOLLOWER at term 592 for recognizeCandidate:bf55b3f9-6b09-4365-9d71-55289e083fa5
2019-10-16 18:01:53,799 [grpc-default-executor-3] INFO  impl.RoleInfo (RoleInfo.java:shutdownFollowerState(121)) - 907b9765-214b-4864-b66a-d6e2a5789e5c: shutdown FollowerState
2019-10-16 18:01:53,799 [grpc-default-executor-1] INFO  impl.RaftServerImpl (RaftServerImpl.java:setRole(184)) - f4c54511-b161-4347-aec5-5236dc80a0d8@group-EFD1D20A002C: changes role from  FOLLOWER to FOLLOWER at term 592 for recognizeCandidate:bf55b3f9-6b09-4365-9d71-55289e083fa5
2019-10-16 18:01:53,799 [grpc-default-executor-1] INFO  impl.RoleInfo (RoleInfo.java:shutdownFollowerState(121)) - f4c54511-b161-4347-aec5-5236dc80a0d8: shutdown FollowerState
2019-10-16 18:01:53,799 [Thread-3573] INFO  impl.FollowerState (FollowerState.java:run(117)) - 907b9765-214b-4864-b66a-d6e2a5789e5c@group-EFD1D20A002C-FollowerState was interrupted: java.lang.InterruptedException: sleep interrupted
2019-10-16 18:01:53,799 [grpc-default-executor-3] INFO  impl.RoleInfo (RoleInfo.java:updateAndGet(143)) - 907b9765-214b-4864-b66a-d6e2a5789e5c: start FollowerState
2019-10-16 18:01:53,800 [Thread-3574] INFO  impl.FollowerState (FollowerState.java:run(117)) - f4c54511-b161-4347-aec5-5236dc80a0d8@group-EFD1D20A002C-FollowerState was interrupted: java.lang.InterruptedException: sleep interrupted
2019-10-16 18:01:53,800 [grpc-default-executor-1] INFO  impl.RoleInfo (RoleInfo.java:updateAndGet(143)) - f4c54511-b161-4347-aec5-5236dc80a0d8: start FollowerState
2019-10-16 18:01:53,823 [bf55b3f9-6b09-4365-9d71-55289e083fa5@group-EFD1D20A002C-LeaderElection501] INFO  impl.LeaderElection (LeaderElection.java:logAndReturn(56)) - bf55b3f9-6b09-4365-9d71-55289e083fa5@group-EFD1D20A002C-LeaderElection501: Election REJECTED; received 2 response(s) [bf55b3f9-6b09-4365-9d71-55289e083fa5<-f4c54511-b161-4347-aec5-5236dc80a0d8#0:FAIL-t592, bf55b3f9-6b09-4365-9d71-55289e083fa5<-907b9765-214b-4864-b66a-d6e2a5789e5c#0:FAIL-t592] and 0 exception(s); bf55b3f9-6b09-4365-9d71-55289e083fa5@group-EFD1D20A002C:t592, leader=null, voted=bf55b3f9-6b09-4365-9d71-55289e083fa5, raftlog=bf55b3f9-6b09-4365-9d71-55289e083fa5@group-EFD1D20A002C-SegmentedRaftLog:OPENED:c-1,f-1,i0, conf=-1: [f4c54511-b161-4347-aec5-5236dc80a0d8:0.0.0.0:41238, 907b9765-214b-4864-b66a-d6e2a5789e5c:0.0.0.0:41650, bf55b3f9-6b09-4365-9d71-55289e083fa5:0.0.0.0:42441], old=null
2019-10-16 18:01:53,823 [bf55b3f9-6b09-4365-9d71-55289e083fa5@group-EFD1D20A002C-LeaderElection501] INFO  impl.RaftServerImpl (RaftServerImpl.java:setRole(184)) - bf55b3f9-6b09-4365-9d71-55289e083fa5@group-EFD1D20A002C: changes role from CANDIDATE to FOLLOWER at term 592 for DISCOVERED_A_NEW_TERM
2019-10-16 18:01:53,823 [bf55b3f9-6b09-4365-9d71-55289e083fa5@group-EFD1D20A002C-LeaderElection501] INFO  impl.RoleInfo (RoleInfo.java:shutdownLeaderElection(134)) - bf55b3f9-6b09-4365-9d71-55289e083fa5: shutdown LeaderElection
2019-10-16 18:01:53,824 [bf55b3f9-6b09-4365-9d71-55289e083fa5@group-EFD1D20A002C-LeaderElection501] INFO  impl.RoleInfo (RoleInfo.java:updateAndGet(143)) - bf55b3f9-6b09-4365-9d71-55289e083fa5: start FollowerState
2019-10-16 18:01:53,956 [Thread-3581] INFO  impl.FollowerState (FollowerState.java:run(108)) - bf55b3f9-6b09-4365-9d71-55289e083fa5@group-EFD1D20A002C-FollowerState: change to CANDIDATE, lastRpcTime:132ms, electionTimeout:132ms
2019-10-16 18:01:53,956 [Thread-3581] INFO  impl.RoleInfo (RoleInfo.java:shutdownFollowerState(121)) - bf55b3f9-6b09-4365-9d71-55289e083fa5: shutdown FollowerState
2019-10-16 18:01:53,956 [Thread-3581] INFO  impl.RaftServerImpl (RaftServerImpl.java:setRole(184)) - bf55b3f9-6b09-4365-9d71-55289e083fa5@group-EFD1D20A002C: changes role from  FOLLOWER to CANDIDATE at term 592 for changeToCandidate
2019-10-16 18:01:53,956 [Thread-3581] INFO  impl.RoleInfo (RoleInfo.java:updateAndGet(143)) - bf55b3f9-6b09-4365-9d71-55289e083fa5: start LeaderElection
2019-10-16 18:01:53,982 [bf55b3f9-6b09-4365-9d71-55289e083fa5@group-EFD1D20A002C-LeaderElection502] INFO  impl.LeaderElection (LeaderElection.java:askForVotes(178)) - bf55b3f9-6b09-4365-9d71-55289e083fa5@group-EFD1D20A002C-LeaderElection502: begin an election at term 593 for -1: [f4c54511-b161-4347-aec5-5236dc80a0d8:0.0.0.0:41238, 907b9765-214b-4864-b66a-d6e2a5789e5c:0.0.0.0:41650, bf55b3f9-6b09-4365-9d71-55289e083fa5:0.0.0.0:42441], old=null
2019-10-16 18:01:53,984 [grpc-default-executor-1] INFO  impl.RaftServerImpl (RaftServerImpl.java:setRole(184)) - f4c54511-b161-4347-aec5-5236dc80a0d8@group-EFD1D20A002C: changes role from  FOLLOWER to FOLLOWER at term 593 for recognizeCandidate:bf55b3f9-6b09-4365-9d71-55289e083fa5
2019-10-16 18:01:53,984 [grpc-default-executor-1] INFO  impl.RoleInfo (RoleInfo.java:shutdownFollowerState(121)) - f4c54511-b161-4347-aec5-5236dc80a0d8: shutdown FollowerState
2019-10-16 18:01:53,984 [grpc-default-executor-1] INFO  impl.RoleInfo (RoleInfo.java:updateAndGet(143)) - f4c54511-b161-4347-aec5-5236dc80a0d8: start FollowerState
2019-10-16 18:01:53,984 [Thread-3580] INFO  impl.FollowerState (FollowerState.java:run(117)) - f4c54511-b161-4347-aec5-5236dc80a0d8@group-EFD1D20A002C-FollowerState was interrupted: java.lang.InterruptedException: sleep interrupted
2019-10-16 18:01:53,984 [grpc-default-executor-3] INFO  impl.RaftServerImpl (RaftServerImpl.java:setRole(184)) - 907b9765-214b-4864-b66a-d6e2a5789e5c@group-EFD1D20A002C: changes role from  FOLLOWER to FOLLOWER at term 593 for recognizeCandidate:bf55b3f9-6b09-4365-9d71-55289e083fa5
2019-10-16 18:01:53,985 [grpc-default-executor-3] INFO  impl.RoleInfo (RoleInfo.java:shutdownFollowerState(121)) - 907b9765-214b-4864-b66a-d6e2a5789e5c: shutdown FollowerState
2019-10-16 18:01:53,985 [grpc-default-executor-3] INFO  impl.RoleInfo (RoleInfo.java:updateAndGet(143)) - 907b9765-214b-4864-b66a-d6e2a5789e5c: start FollowerState
2019-10-16 18:01:53,985 [Thread-3579] INFO  impl.FollowerState (FollowerState.java:run(117)) - 907b9765-214b-4864-b66a-d6e2a5789e5c@group-EFD1D20A002C-FollowerState was interrupted: java.lang.InterruptedException: sleep interrupted
2019-10-16 18:01:54,008 [bf55b3f9-6b09-4365-9d71-55289e083fa5@group-EFD1D20A002C-LeaderElection502] INFO  impl.LeaderElection (LeaderElection.java:logAndReturn(56)) - bf55b3f9-6b09-4365-9d71-55289e083fa5@group-EFD1D20A002C-LeaderElection502: Election REJECTED; received 2 response(s) [bf55b3f9-6b09-4365-9d71-55289e083fa5<-f4c54511-b161-4347-aec5-5236dc80a0d8#0:FAIL-t593, bf55b3f9-6b09-4365-9d71-55289e083fa5<-907b9765-214b-4864-b66a-d6e2a5789e5c#0:FAIL-t593] and 0 exception(s); bf55b3f9-6b09-4365-9d71-55289e083fa5@group-EFD1D20A002C:t593, leader=null, voted=bf55b3f9-6b09-4365-9d71-55289e083fa5, raftlog=bf55b3f9-6b09-4365-9d71-55289e083fa5@group-EFD1D20A002C-SegmentedRaftLog:OPENED:c-1,f-1,i0, conf=-1: [f4c54511-b161-4347-aec5-5236dc80a0d8:0.0.0.0:41238, 907b9765-214b-4864-b66a-d6e2a5789e5c:0.0.0.0:41650, bf55b3f9-6b09-4365-9d71-55289e083fa5:0.0.0.0:42441], old=null
2019-10-16 18:01:54,008 [bf55b3f9-6b09-4365-9d71-55289e083fa5@group-EFD1D20A002C-LeaderElection502] INFO  impl.RaftServerImpl (RaftServerImpl.java:setRole(184)) - bf55b3f9-6b09-4365-9d71-55289e083fa5@group-EFD1D20A002C: changes role from CANDIDATE to FOLLOWER at term 593 for DISCOVERED_A_NEW_TERM
2019-10-16 18:01:54,008 [bf55b3f9-6b09-4365-9d71-55289e083fa5@group-EFD1D20A002C-LeaderElection502] INFO  impl.RoleInfo (RoleInfo.java:shutdownLeaderElection(134)) - bf55b3f9-6b09-4365-9d71-55289e083fa5: shutdown LeaderElection
2019-10-16 18:01:54,009 [bf55b3f9-6b09-4365-9d71-55289e083fa5@group-EFD1D20A002C-LeaderElection502] INFO  impl.RoleInfo (RoleInfo.java:updateAndGet(143)) - bf55b3f9-6b09-4365-9d71-55289e083fa5: start FollowerState
2019-10-16 18:01:54,011 [Thread-3587] INFO  impl.FollowerState (FollowerState.java:run(108)) - bf55b3f9-6b09-4365-9d71-55289e083fa5@group-EFD1D20A002C-FollowerState: change to CANDIDATE, lastRpcTime:2ms, electionTimeout:2ms
2019-10-16 18:01:54,011 [Thread-3587] INFO  impl.RoleInfo (RoleInfo.java:shutdownFollowerState(121)) - bf55b3f9-6b09-4365-9d71-55289e083fa5: shutdown FollowerState
2019-10-16 18:01:54,011 [Thread-3587] INFO  impl.RaftServerImpl (RaftServerImpl.java:setRole(184)) - bf55b3f9-6b09-4365-9d71-55289e083fa5@group-EFD1D20A002C: changes role from  FOLLOWER to CANDIDATE at term 593 for changeToCandidate
2019-10-16 18:01:54,011 [Thread-3587] INFO  impl.RoleInfo (RoleInfo.java:updateAndGet(143)) - bf55b3f9-6b09-4365-9d71-55289e083fa5: start LeaderElection
2019-10-16 18:01:54,041 [bf55b3f9-6b09-4365-9d71-55289e083fa5@group-EFD1D20A002C-LeaderElection503] INFO  impl.LeaderElection (LeaderElection.java:askForVotes(178)) - bf55b3f9-6b09-4365-9d71-55289e083fa5@group-EFD1D20A002C-LeaderElection503: begin an election at term 594 for -1: [f4c54511-b161-4347-aec5-5236dc80a0d8:0.0.0.0:41238, 907b9765-214b-4864-b66a-d6e2a5789e5c:0.0.0.0:41650, bf55b3f9-6b09-4365-9d71-55289e083fa5:0.0.0.0:42441], old=null
2019-10-16 18:01:54,043 [grpc-default-executor-1] INFO  impl.RaftServerImpl (RaftServerImpl.java:setRole(184)) - f4c54511-b161-4347-aec5-5236dc80a0d8@group-EFD1D20A002C: changes role from  FOLLOWER to FOLLOWER at term 594 for recognizeCandidate:bf55b3f9-6b09-4365-9d71-55289e083fa5
2019-10-16 18:01:54,043 [grpc-default-executor-3] INFO  impl.RaftServerImpl (RaftServerImpl.java:setRole(184)) - 907b9765-214b-4864-b66a-d6e2a5789e5c@group-EFD1D20A002C: changes role from  FOLLOWER to FOLLOWER at term 594 for recognizeCandidate:bf55b3f9-6b09-4365-9d71-55289e083fa5
2019-10-16 18:01:54,043 [grpc-default-executor-1] INFO  impl.RoleInfo (RoleInfo.java:shutdownFollowerState(121)) - f4c54511-b161-4347-aec5-5236dc80a0d8: shutdown FollowerState
2019-10-16 18:01:54,043 [grpc-default-executor-3] INFO  impl.RoleInfo (RoleInfo.java:shutdownFollowerState(121)) - 907b9765-214b-4864-b66a-d6e2a5789e5c: shutdown FollowerState
2019-10-16 18:01:54,044 [Thread-3585] INFO  impl.FollowerState (FollowerState.java:run(117)) - f4c54511-b161-4347-aec5-5236dc80a0d8@group-EFD1D20A002C-FollowerState was interrupted: java.lang.InterruptedException: sleep interrupted
2019-10-16 18:01:54,044 [grpc-default-executor-1] INFO  impl.RoleInfo (RoleInfo.java:updateAndGet(143)) - f4c54511-b161-4347-aec5-5236dc80a0d8: start FollowerState
2019-10-16 18:01:54,044 [Thread-3586] INFO  impl.FollowerState (FollowerState.java:run(117)) - 907b9765-214b-4864-b66a-d6e2a5789e5c@group-EFD1D20A002C-FollowerState was interrupted: java.lang.InterruptedException: sleep interrupted
2019-10-16 18:01:54,044 [grpc-default-executor-3] INFO  impl.RoleInfo (RoleInfo.java:updateAndGet(143)) - 907b9765-214b-4864-b66a-d6e2a5789e5c: start FollowerState
2019-10-16 18:01:54,076 [bf55b3f9-6b09-4365-9d71-55289e083fa5@group-EFD1D20A002C-LeaderElection503] INFO  impl.LeaderElection (LeaderElection.java:logAndReturn(56)) - bf55b3f9-6b09-4365-9d71-55289e083fa5@group-EFD1D20A002C-LeaderElection503: Election REJECTED; received 2 response(s) [bf55b3f9-6b09-4365-9d71-55289e083fa5<-f4c54511-b161-4347-aec5-5236dc80a0d8#0:FAIL-t594, bf55b3f9-6b09-4365-9d71-55289e083fa5<-907b9765-214b-4864-b66a-d6e2a5789e5c#0:FAIL-t594] and 0 exception(s); bf55b3f9-6b09-4365-9d71-55289e083fa5@group-EFD1D20A002C:t594, leader=null, voted=bf55b3f9-6b09-4365-9d71-55289e083fa5, raftlog=bf55b3f9-6b09-4365-9d71-55289e083fa5@group-EFD1D20A002C-SegmentedRaftLog:OPENED:c-1,f-1,i0, conf=-1: [f4c54511-b161-4347-aec5-5236dc80a0d8:0.0.0.0:41238, 907b9765-214b-4864-b66a-d6e2a5789e5c:0.0.0.0:41650, bf55b3f9-6b09-4365-9d71-55289e083fa5:0.0.0.0:42441], old=null
2019-10-16 18:01:54,077 [bf55b3f9-6b09-4365-9d71-55289e083fa5@group-EFD1D20A002C-LeaderElection503] INFO  impl.RaftServerImpl (RaftServerImpl.java:setRole(184)) - bf55b3f9-6b09-4365-9d71-55289e083fa5@group-EFD1D20A002C: changes role from CANDIDATE to FOLLOWER at term 594 for DISCOVERED_A_NEW_TERM
2019-10-16 18:01:54,077 [bf55b3f9-6b09-4365-9d71-55289e083fa5@group-EFD1D20A002C-LeaderElection503] INFO  impl.RoleInfo (RoleInfo.java:shutdownLeaderElection(134)) - bf55b3f9-6b09-4365-9d71-55289e083fa5: shutdown LeaderElection
2019-10-16 18:01:54,077 [bf55b3f9-6b09-4365-9d71-55289e083fa5@group-EFD1D20A002C-LeaderElection503] INFO  impl.RoleInfo (RoleInfo.java:updateAndGet(143)) - bf55b3f9-6b09-4365-9d71-55289e083fa5: start FollowerState
2019-10-16 18:01:54,158 [Thread-3593] INFO  impl.FollowerState (FollowerState.java:run(108)) - bf55b3f9-6b09-4365-9d71-55289e083fa5@group-EFD1D20A002C-FollowerState: change to CANDIDATE, lastRpcTime:81ms, electionTimeout:81ms
2019-10-16 18:01:54,158 [Thread-3593] INFO  impl.RoleInfo (RoleInfo.java:shutdownFollowerState(121)) - bf55b3f9-6b09-4365-9d71-55289e083fa5: shutdown FollowerState
2019-10-16 18:01:54,158 [Thread-3593] INFO  impl.RaftServerImpl (RaftServerImpl.java:setRole(184)) - bf55b3f9-6b09-4365-9d71-55289e083fa5@group-EFD1D20A002C: changes role from  FOLLOWER to CANDIDATE at term 594 for changeToCandidate
2019-10-16 18:01:54,159 [Thread-3593] INFO  impl.RoleInfo (RoleInfo.java:updateAndGet(143)) - bf55b3f9-6b09-4365-9d71-55289e083fa5: start LeaderElection
2019-10-16 18:01:54,185 [bf55b3f9-6b09-4365-9d71-55289e083fa5@group-EFD1D20A002C-LeaderElection504] INFO  impl.LeaderElection (LeaderElection.java:askForVotes(178)) - bf55b3f9-6b09-4365-9d71-55289e083fa5@group-EFD1D20A002C-LeaderElection504: begin an election at term 595 for -1: [f4c54511-b161-4347-aec5-5236dc80a0d8:0.0.0.0:41238, 907b9765-214b-4864-b66a-d6e2a5789e5c:0.0.0.0:41650, bf55b3f9-6b09-4365-9d71-55289e083fa5:0.0.0.0:42441], old=null
2019-10-16 18:01:54,186 [grpc-default-executor-1] INFO  impl.RaftServerImpl (RaftServerImpl.java:setRole(184)) - 907b9765-214b-4864-b66a-d6e2a5789e5c@group-EFD1D20A002C: changes role from  FOLLOWER to FOLLOWER at term 595 for recognizeCandidate:bf55b3f9-6b09-4365-9d71-55289e083fa5
2019-10-16 18:01:54,187 [grpc-default-executor-1] INFO  impl.RoleInfo (RoleInfo.java:shutdownFollowerState(121)) - 907b9765-214b-4864-b66a-d6e2a5789e5c: shutdown FollowerState
2019-10-16 18:01:54,186 [grpc-default-executor-3] INFO  impl.RaftServerImpl (RaftServerImpl.java:setRole(184)) - f4c54511-b161-4347-aec5-5236dc80a0d8@group-EFD1D20A002C: changes role from  FOLLOWER to FOLLOWER at term 595 for recognizeCandidate:bf55b3f9-6b09-4365-9d71-55289e083fa5
2019-10-16 18:01:54,187 [grpc-default-executor-3] INFO  impl.RoleInfo (RoleInfo.java:shutdownFollowerState(121)) - f4c54511-b161-4347-aec5-5236dc80a0d8: shutdown FollowerState
2019-10-16 18:01:54,187 [grpc-default-executor-3] INFO  impl.RoleInfo (RoleInfo.java:updateAndGet(143)) - f4c54511-b161-4347-aec5-5236dc80a0d8: start FollowerState
2019-10-16 18:01:54,187 [Thread-3592] INFO  impl.FollowerState (FollowerState.java:run(117)) - 907b9765-214b-4864-b66a-d6e2a5789e5c@group-EFD1D20A002C-FollowerState was interrupted: java.lang.InterruptedException: sleep interrupted
2019-10-16 18:01:54,187 [grpc-default-executor-1] INFO  impl.RoleInfo (RoleInfo.java:updateAndGet(143)) - 907b9765-214b-4864-b66a-d6e2a5789e5c: start FollowerState
2019-10-16 18:01:54,187 [Thread-3591] INFO  impl.FollowerState (FollowerState.java:run(117)) - f4c54511-b161-4347-aec5-5236dc80a0d8@group-EFD1D20A002C-FollowerState was interrupted: java.lang.InterruptedException: sleep interrupted
2019-10-16 18:01:54,212 [bf55b3f9-6b09-4365-9d71-55289e083fa5@group-EFD1D20A002C-LeaderElection504] INFO  impl.LeaderElection (LeaderElection.java:logAndReturn(56)) - bf55b3f9-6b09-4365-9d71-55289e083fa5@group-EFD1D20A002C-LeaderElection504: Election REJECTED; received 2 response(s) [bf55b3f9-6b09-4365-9d71-55289e083fa5<-f4c54511-b161-4347-aec5-5236dc80a0d8#0:FAIL-t595, bf55b3f9-6b09-4365-9d71-55289e083fa5<-907b9765-214b-4864-b66a-d6e2a5789e5c#0:FAIL-t595] and 0 exception(s); bf55b3f9-6b09-4365-9d71-55289e083fa5@group-EFD1D20A002C:t595, leader=null, voted=bf55b3f9-6b09-4365-9d71-55289e083fa5, raftlog=bf55b3f9-6b09-4365-9d71-55289e083fa5@group-EFD1D20A002C-SegmentedRaftLog:OPENED:c-1,f-1,i0, conf=-1: [f4c54511-b161-4347-aec5-5236dc80a0d8:0.0.0.0:41238, 907b9765-214b-4864-b66a-d6e2a5789e5c:0.0.0.0:41650, bf55b3f9-6b09-4365-9d71-55289e083fa5:0.0.0.0:42441], old=null
2019-10-16 18:01:54,212 [bf55b3f9-6b09-4365-9d71-55289e083fa5@group-EFD1D20A002C-LeaderElection504] INFO  impl.RaftServerImpl (RaftServerImpl.java:setRole(184)) - bf55b3f9-6b09-4365-9d71-55289e083fa5@group-EFD1D20A002C: changes role from CANDIDATE to FOLLOWER at term 595 for DISCOVERED_A_NEW_TERM
2019-10-16 18:01:54,212 [bf55b3f9-6b09-4365-9d71-55289e083fa5@group-EFD1D20A002C-LeaderElection504] INFO  impl.RoleInfo (RoleInfo.java:shutdownLeaderElection(134)) - bf55b3f9-6b09-4365-9d71-55289e083fa5: shutdown LeaderElection
2019-10-16 18:01:54,212 [bf55b3f9-6b09-4365-9d71-55289e083fa5@group-EFD1D20A002C-LeaderElection504] INFO  impl.RoleInfo (RoleInfo.java:updateAndGet(143)) - bf55b3f9-6b09-4365-9d71-55289e083fa5: start FollowerState
2019-10-16 18:01:54,365 [Thread-3599] INFO  impl.FollowerState (FollowerState.java:run(108)) - bf55b3f9-6b09-4365-9d71-55289e083fa5@group-EFD1D20A002C-FollowerState: change to CANDIDATE, lastRpcTime:152ms, electionTimeout:152ms
2019-10-16 18:01:54,365 [Thread-3599] INFO  impl.RoleInfo (RoleInfo.java:shutdownFollowerState(121)) - bf55b3f9-6b09-4365-9d71-55289e083fa5: shutdown FollowerState
2019-10-16 18:01:54,365 [Thread-3599] INFO  impl.RaftServerImpl (RaftServerImpl.java:setRole(184)) - bf55b3f9-6b09-4365-9d71-55289e083fa5@group-EFD1D20A002C: changes role from  FOLLOWER to CANDIDATE at term 595 for changeToCandidate
2019-10-16 18:01:54,365 [Thread-3599] INFO  impl.RoleInfo (RoleInfo.java:updateAndGet(143)) - bf55b3f9-6b09-4365-9d71-55289e083fa5: start LeaderElection
2019-10-16 18:01:54,387 [bf55b3f9-6b09-4365-9d71-55289e083fa5@group-EFD1D20A002C-LeaderElection505] INFO  impl.LeaderElection (LeaderElection.java:askForVotes(178)) - bf55b3f9-6b09-4365-9d71-55289e083fa5@group-EFD1D20A002C-LeaderElection505: begin an election at term 596 for -1: [f4c54511-b161-4347-aec5-5236dc80a0d8:0.0.0.0:41238, 907b9765-214b-4864-b66a-d6e2a5789e5c:0.0.0.0:41650, bf55b3f9-6b09-4365-9d71-55289e083fa5:0.0.0.0:42441], old=null
2019-10-16 18:01:54,389 [grpc-default-executor-1] INFO  impl.RaftServerImpl (RaftServerImpl.java:setRole(184)) - 907b9765-214b-4864-b66a-d6e2a5789e5c@group-EFD1D20A002C: changes role from  FOLLOWER to FOLLOWER at term 596 for recognizeCandidate:bf55b3f9-6b09-4365-9d71-55289e083fa5
2019-10-16 18:01:54,389 [grpc-default-executor-3] INFO  impl.RaftServerImpl (RaftServerImpl.java:setRole(184)) - f4c54511-b161-4347-aec5-5236dc80a0d8@group-EFD1D20A002C: changes role from  FOLLOWER to FOLLOWER at term 596 for recognizeCandidate:bf55b3f9-6b09-4365-9d71-55289e083fa5
2019-10-16 18:01:54,389 [grpc-default-executor-3] INFO  impl.RoleInfo (RoleInfo.java:shutdownFollowerState(121)) - f4c54511-b161-4347-aec5-5236dc80a0d8: shutdown FollowerState
2019-10-16 18:01:54,389 [grpc-default-executor-1] INFO  impl.RoleInfo (RoleInfo.java:shutdownFollowerState(121)) - 907b9765-214b-4864-b66a-d6e2a5789e5c: shutdown FollowerState
2019-10-16 18:01:54,390 [grpc-default-executor-3] INFO  impl.RoleInfo (RoleInfo.java:updateAndGet(143)) - f4c54511-b161-4347-aec5-5236dc80a0d8: start FollowerState
2019-10-16 18:01:54,390 [grpc-default-executor-1] INFO  impl.RoleInfo (RoleInfo.java:updateAndGet(143)) - 907b9765-214b-4864-b66a-d6e2a5789e5c: start FollowerState
2019-10-16 18:01:54,390 [Thread-3597] INFO  impl.FollowerState (FollowerState.java:run(117)) - 907b9765-214b-4864-b66a-d6e2a5789e5c@group-EFD1D20A002C-FollowerState was interrupted: java.lang.InterruptedException: sleep interrupted
2019-10-16 18:01:54,390 [Thread-3598] INFO  impl.FollowerState (FollowerState.java:run(117)) - f4c54511-b161-4347-aec5-5236dc80a0d8@group-EFD1D20A002C-FollowerState was interrupted: java.lang.InterruptedException: sleep interrupted
2019-10-16 18:01:54,414 [bf55b3f9-6b09-4365-9d71-55289e083fa5@group-EFD1D20A002C-LeaderElection505] INFO  impl.LeaderElection (LeaderElection.java:logAndReturn(56)) - bf55b3f9-6b09-4365-9d71-55289e083fa5@group-EFD1D20A002C-LeaderElection505: Election REJECTED; received 2 response(s) [bf55b3f9-6b09-4365-9d71-55289e083fa5<-f4c54511-b161-4347-aec5-5236dc80a0d8#0:FAIL-t596, bf55b3f9-6b09-4365-9d71-55289e083fa5<-907b9765-214b-4864-b66a-d6e2a5789e5c#0:FAIL-t596] and 0 exception(s); bf55b3f9-6b09-4365-9d71-55289e083fa5@group-EFD1D20A002C:t596, leader=null, voted=bf55b3f9-6b09-4365-9d71-55289e083fa5, raftlog=bf55b3f9-6b09-4365-9d71-55289e083fa5@group-EFD1D20A002C-SegmentedRaftLog:OPENED:c-1,f-1,i0, conf=-1: [f4c54511-b161-4347-aec5-5236dc80a0d8:0.0.0.0:41238, 907b9765-214b-4864-b66a-d6e2a5789e5c:0.0.0.0:41650, bf55b3f9-6b09-4365-9d71-55289e083fa5:0.0.0.0:42441], old=null
2019-10-16 18:01:54,414 [bf55b3f9-6b09-4365-9d71-55289e083fa5@group-EFD1D20A002C-LeaderElection505] INFO  impl.RaftServerImpl (RaftServerImpl.java:setRole(184)) - bf55b3f9-6b09-4365-9d71-55289e083fa5@group-EFD1D20A002C: changes role from CANDIDATE to FOLLOWER at term 596 for DISCOVERED_A_NEW_TERM
2019-10-16 18:01:54,414 [bf55b3f9-6b09-4365-9d71-55289e083fa5@group-EFD1D20A002C-LeaderElection505] INFO  impl.RoleInfo (RoleInfo.java:shutdownLeaderElection(134)) - bf55b3f9-6b09-4365-9d71-55289e083fa5: shutdown LeaderElection
2019-10-16 18:01:54,414 [bf55b3f9-6b09-4365-9d71-55289e083fa5@group-EFD1D20A002C-LeaderElection505] INFO  impl.RoleInfo (RoleInfo.java:updateAndGet(143)) - bf55b3f9-6b09-4365-9d71-55289e083fa5: start FollowerState
2019-10-16 18:01:54,432 [Thread-3607] INFO  impl.FollowerState (FollowerState.java:run(108)) - bf55b3f9-6b09-4365-9d71-55289e083fa5@group-EFD1D20A002C-FollowerState: change to CANDIDATE, lastRpcTime:18ms, electionTimeout:18ms
2019-10-16 18:01:54,432 [Thread-3607] INFO  impl.RoleInfo (RoleInfo.java:shutdownFollowerState(121)) - bf55b3f9-6b09-4365-9d71-55289e083fa5: shutdown FollowerState
2019-10-16 18:01:54,433 [Thread-3607] INFO  impl.RaftServerImpl (RaftServerImpl.java:setRole(184)) - bf55b3f9-6b09-4365-9d71-55289e083fa5@group-EFD1D20A002C: changes role from  FOLLOWER to CANDIDATE at term 596 for changeToCandidate
2019-10-16 18:01:54,433 [Thread-3607] INFO  impl.RoleInfo (RoleInfo.java:updateAndGet(143)) - bf55b3f9-6b09-4365-9d71-55289e083fa5: start LeaderElection
2019-10-16 18:01:54,456 [bf55b3f9-6b09-4365-9d71-55289e083fa5@group-EFD1D20A002C-LeaderElection506] INFO  impl.LeaderElection (LeaderElection.java:askForVotes(178)) - bf55b3f9-6b09-4365-9d71-55289e083fa5@group-EFD1D20A002C-LeaderElection506: begin an election at term 597 for -1: [f4c54511-b161-4347-aec5-5236dc80a0d8:0.0.0.0:41238, 907b9765-214b-4864-b66a-d6e2a5789e5c:0.0.0.0:41650, bf55b3f9-6b09-4365-9d71-55289e083fa5:0.0.0.0:42441], old=null
2019-10-16 18:01:54,457 [grpc-default-executor-1] INFO  impl.RaftServerImpl (RaftServerImpl.java:setRole(184)) - 907b9765-214b-4864-b66a-d6e2a5789e5c@group-EFD1D20A002C: changes role from  FOLLOWER to FOLLOWER at term 597 for recognizeCandidate:bf55b3f9-6b09-4365-9d71-55289e083fa5
2019-10-16 18:01:54,457 [grpc-default-executor-1] INFO  impl.RoleInfo (RoleInfo.java:shutdownFollowerState(121)) - 907b9765-214b-4864-b66a-d6e2a5789e5c: shutdown FollowerState
2019-10-16 18:01:54,457 [grpc-default-executor-3] INFO  impl.RaftServerImpl (RaftServerImpl.java:setRole(184)) - f4c54511-b161-4347-aec5-5236dc80a0d8@group-EFD1D20A002C: changes role from  FOLLOWER to FOLLOWER at term 597 for recognizeCandidate:bf55b3f9-6b09-4365-9d71-55289e083fa5
2019-10-16 18:01:54,457 [Thread-3606] INFO  impl.FollowerState (FollowerState.java:run(117)) - 907b9765-214b-4864-b66a-d6e2a5789e5c@group-EFD1D20A002C-FollowerState was interrupted: java.lang.InterruptedException: sleep interrupted
2019-10-16 18:01:54,457 [grpc-default-executor-1] INFO  impl.RoleInfo (RoleInfo.java:updateAndGet(143)) - 907b9765-214b-4864-b66a-d6e2a5789e5c: start FollowerState
2019-10-16 18:01:54,457 [grpc-default-executor-3] INFO  impl.RoleInfo (RoleInfo.java:shutdownFollowerState(121)) - f4c54511-b161-4347-aec5-5236dc80a0d8: shutdown FollowerState
2019-10-16 18:01:54,458 [grpc-default-executor-3] INFO  impl.RoleInfo (RoleInfo.java:updateAndGet(143)) - f4c54511-b161-4347-aec5-5236dc80a0d8: start FollowerState
2019-10-16 18:01:54,458 [Thread-3605] INFO  impl.FollowerState (FollowerState.java:run(117)) - f4c54511-b161-4347-aec5-5236dc80a0d8@group-EFD1D20A002C-FollowerState was interrupted: java.lang.InterruptedException: sleep interrupted
2019-10-16 18:01:54,481 [bf55b3f9-6b09-4365-9d71-55289e083fa5@group-EFD1D20A002C-LeaderElection506] INFO  impl.LeaderElection (LeaderElection.java:logAndReturn(56)) - bf55b3f9-6b09-4365-9d71-55289e083fa5@group-EFD1D20A002C-LeaderElection506: Election REJECTED; received 2 response(s) [bf55b3f9-6b09-4365-9d71-55289e083fa5<-f4c54511-b161-4347-aec5-5236dc80a0d8#0:FAIL-t597, bf55b3f9-6b09-4365-9d71-55289e083fa5<-907b9765-214b-4864-b66a-d6e2a5789e5c#0:FAIL-t597] and 0 exception(s); bf55b3f9-6b09-4365-9d71-55289e083fa5@group-EFD1D20A002C:t597, leader=null, voted=bf55b3f9-6b09-4365-9d71-55289e083fa5, raftlog=bf55b3f9-6b09-4365-9d71-55289e083fa5@group-EFD1D20A002C-SegmentedRaftLog:OPENED:c-1,f-1,i0, conf=-1: [f4c54511-b161-4347-aec5-5236dc80a0d8:0.0.0.0:41238, 907b9765-214b-4864-b66a-d6e2a5789e5c:0.0.0.0:41650, bf55b3f9-6b09-4365-9d71-55289e083fa5:0.0.0.0:42441], old=null
2019-10-16 18:01:54,482 [bf55b3f9-6b09-4365-9d71-55289e083fa5@group-EFD1D20A002C-LeaderElection506] INFO  impl.RaftServerImpl (RaftServerImpl.java:setRole(184)) - bf55b3f9-6b09-4365-9d71-55289e083fa5@group-EFD1D20A002C: changes role from CANDIDATE to FOLLOWER at term 597 for DISCOVERED_A_NEW_TERM
2019-10-16 18:01:54,482 [bf55b3f9-6b09-4365-9d71-55289e083fa5@group-EFD1D20A002C-LeaderElection506] INFO  impl.RoleInfo (RoleInfo.java:shutdownLeaderElection(134)) - bf55b3f9-6b09-4365-9d71-55289e083fa5: shutdown LeaderElection
2019-10-16 18:01:54,482 [bf55b3f9-6b09-4365-9d71-55289e083fa5@group-EFD1D20A002C-LeaderElection506] INFO  impl.RoleInfo (RoleInfo.java:updateAndGet(143)) - bf55b3f9-6b09-4365-9d71-55289e083fa5: start FollowerState
2019-10-16 18:01:54,610 [Thread-3613] INFO  impl.FollowerState (FollowerState.java:run(108)) - bf55b3f9-6b09-4365-9d71-55289e083fa5@group-EFD1D20A002C-FollowerState: change to CANDIDATE, lastRpcTime:128ms, electionTimeout:128ms
2019-10-16 18:01:54,610 [Thread-3613] INFO  impl.RoleInfo (RoleInfo.java:shutdownFollowerState(121)) - bf55b3f9-6b09-4365-9d71-55289e083fa5: shutdown FollowerState
2019-10-16 18:01:54,610 [Thread-3613] INFO  impl.RaftServerImpl (RaftServerImpl.java:setRole(184)) - bf55b3f9-6b09-4365-9d71-55289e083fa5@group-EFD1D20A002C: changes role from  FOLLOWER to CANDIDATE at term 597 for changeToCandidate
2019-10-16 18:01:54,610 [Thread-3613] INFO  impl.RoleInfo (RoleInfo.java:updateAndGet(143)) - bf55b3f9-6b09-4365-9d71-55289e083fa5: start LeaderElection
2019-10-16 18:01:54,640 [bf55b3f9-6b09-4365-9d71-55289e083fa5@group-EFD1D20A002C-LeaderElection507] INFO  impl.LeaderElection (LeaderElection.java:askForVotes(178)) - bf55b3f9-6b09-4365-9d71-55289e083fa5@group-EFD1D20A002C-LeaderElection507: begin an election at term 598 for -1: [f4c54511-b161-4347-aec5-5236dc80a0d8:0.0.0.0:41238, 907b9765-214b-4864-b66a-d6e2a5789e5c:0.0.0.0:41650, bf55b3f9-6b09-4365-9d71-55289e083fa5:0.0.0.0:42441], old=null
2019-10-16 18:01:54,642 [grpc-default-executor-1] INFO  impl.RaftServerImpl (RaftServerImpl.java:setRole(184)) - f4c54511-b161-4347-aec5-5236dc80a0d8@group-EFD1D20A002C: changes role from  FOLLOWER to FOLLOWER at term 598 for recognizeCandidate:bf55b3f9-6b09-4365-9d71-55289e083fa5
2019-10-16 18:01:54,642 [grpc-default-executor-1] INFO  impl.RoleInfo (RoleInfo.java:shutdownFollowerState(121)) - f4c54511-b161-4347-aec5-5236dc80a0d8: shutdown FollowerState
2019-10-16 18:01:54,642 [grpc-default-executor-3] INFO  impl.RaftServerImpl (RaftServerImpl.java:setRole(184)) - 907b9765-214b-4864-b66a-d6e2a5789e5c@group-EFD1D20A002C: changes role from  FOLLOWER to FOLLOWER at term 598 for recognizeCandidate:bf55b3f9-6b09-4365-9d71-55289e083fa5
2019-10-16 18:01:54,642 [Thread-3612] INFO  impl.FollowerState (FollowerState.java:run(117)) - f4c54511-b161-4347-aec5-5236dc80a0d8@group-EFD1D20A002C-FollowerState was interrupted: java.lang.InterruptedException: sleep interrupted
2019-10-16 18:01:54,642 [grpc-default-executor-1] INFO  impl.RoleInfo (RoleInfo.java:updateAndGet(143)) - f4c54511-b161-4347-aec5-5236dc80a0d8: start FollowerState
2019-10-16 18:01:54,643 [grpc-default-executor-3] INFO  impl.RoleInfo (RoleInfo.java:shutdownFollowerState(121)) - 907b9765-214b-4864-b66a-d6e2a5789e5c: shutdown FollowerState
2019-10-16 18:01:54,643 [grpc-default-executor-3] INFO  impl.RoleInfo (RoleInfo.java:updateAndGet(143)) - 907b9765-214b-4864-b66a-d6e2a5789e5c: start FollowerState
2019-10-16 18:01:54,643 [Thread-3611] INFO  impl.FollowerState (FollowerState.java:run(117)) - 907b9765-214b-4864-b66a-d6e2a5789e5c@group-EFD1D20A002C-FollowerState was interrupted: java.lang.InterruptedException: sleep interrupted
2019-10-16 18:01:54,667 [bf55b3f9-6b09-4365-9d71-55289e083fa5@group-EFD1D20A002C-LeaderElection507] INFO  impl.LeaderElection (LeaderElection.java:logAndReturn(56)) - bf55b3f9-6b09-4365-9d71-55289e083fa5@group-EFD1D20A002C-LeaderElection507: Election REJECTED; received 2 response(s) [bf55b3f9-6b09-4365-9d71-55289e083fa5<-f4c54511-b161-4347-aec5-5236dc80a0d8#0:FAIL-t598, bf55b3f9-6b09-4365-9d71-55289e083fa5<-907b9765-214b-4864-b66a-d6e2a5789e5c#0:FAIL-t598] and 0 exception(s); bf55b3f9-6b09-4365-9d71-55289e083fa5@group-EFD1D20A002C:t598, leader=null, voted=bf55b3f9-6b09-4365-9d71-55289e083fa5, raftlog=bf55b3f9-6b09-4365-9d71-55289e083fa5@group-EFD1D20A002C-SegmentedRaftLog:OPENED:c-1,f-1,i0, conf=-1: [f4c54511-b161-4347-aec5-5236dc80a0d8:0.0.0.0:41238, 907b9765-214b-4864-b66a-d6e2a5789e5c:0.0.0.0:41650, bf55b3f9-6b09-4365-9d71-55289e083fa5:0.0.0.0:42441], old=null
2019-10-16 18:01:54,667 [bf55b3f9-6b09-4365-9d71-55289e083fa5@group-EFD1D20A002C-LeaderElection507] INFO  impl.RaftServerImpl (RaftServerImpl.java:setRole(184)) - bf55b3f9-6b09-4365-9d71-55289e083fa5@group-EFD1D20A002C: changes role from CANDIDATE to FOLLOWER at term 598 for DISCOVERED_A_NEW_TERM
2019-10-16 18:01:54,667 [bf55b3f9-6b09-4365-9d71-55289e083fa5@group-EFD1D20A002C-LeaderElection507] INFO  impl.RoleInfo (RoleInfo.java:shutdownLeaderElection(134)) - bf55b3f9-6b09-4365-9d71-55289e083fa5: shutdown LeaderElection
2019-10-16 18:01:54,667 [bf55b3f9-6b09-4365-9d71-55289e083fa5@group-EFD1D20A002C-LeaderElection507] INFO  impl.RoleInfo (RoleInfo.java:updateAndGet(143)) - bf55b3f9-6b09-4365-9d71-55289e083fa5: start FollowerState
2019-10-16 18:01:54,825 [Thread-3619] INFO  impl.FollowerState (FollowerState.java:run(108)) - bf55b3f9-6b09-4365-9d71-55289e083fa5@group-EFD1D20A002C-FollowerState: change to CANDIDATE, lastRpcTime:158ms, electionTimeout:158ms
2019-10-16 18:01:54,826 [Thread-3619] INFO  impl.RoleInfo (RoleInfo.java:shutdownFollowerState(121)) - bf55b3f9-6b09-4365-9d71-55289e083fa5: shutdown FollowerState
2019-10-16 18:01:54,826 [Thread-3619] INFO  impl.RaftServerImpl (RaftServerImpl.java:setRole(184)) - bf55b3f9-6b09-4365-9d71-55289e083fa5@group-EFD1D20A002C: changes role from  FOLLOWER to CANDIDATE at term 598 for changeToCandidate
2019-10-16 18:01:54,826 [Thread-3619] INFO  impl.RoleInfo (RoleInfo.java:updateAndGet(143)) - bf55b3f9-6b09-4365-9d71-55289e083fa5: start LeaderElection
2019-10-16 18:01:54,851 [bf55b3f9-6b09-4365-9d71-55289e083fa5@group-EFD1D20A002C-LeaderElection508] INFO  impl.LeaderElection (LeaderElection.java:askForVotes(178)) - bf55b3f9-6b09-4365-9d71-55289e083fa5@group-EFD1D20A002C-LeaderElection508: begin an election at term 599 for -1: [f4c54511-b161-4347-aec5-5236dc80a0d8:0.0.0.0:41238, 907b9765-214b-4864-b66a-d6e2a5789e5c:0.0.0.0:41650, bf55b3f9-6b09-4365-9d71-55289e083fa5:0.0.0.0:42441], old=null
2019-10-16 18:01:54,853 [grpc-default-executor-1] INFO  impl.RaftServerImpl (RaftServerImpl.java:setRole(184)) - f4c54511-b161-4347-aec5-5236dc80a0d8@group-EFD1D20A002C: changes role from  FOLLOWER to FOLLOWER at term 599 for recognizeCandidate:bf55b3f9-6b09-4365-9d71-55289e083fa5
2019-10-16 18:01:54,854 [grpc-default-executor-1] INFO  impl.RoleInfo (RoleInfo.java:shutdownFollowerState(121)) - f4c54511-b161-4347-aec5-5236dc80a0d8: shutdown FollowerState
2019-10-16 18:01:54,854 [grpc-default-executor-1] INFO  impl.RoleInfo (RoleInfo.java:updateAndGet(143)) - f4c54511-b161-4347-aec5-5236dc80a0d8: start FollowerState
2019-10-16 18:01:54,854 [grpc-default-executor-3] INFO  impl.RaftServerImpl (RaftServerImpl.java:setRole(184)) - 907b9765-214b-4864-b66a-d6e2a5789e5c@group-EFD1D20A002C: changes role from  FOLLOWER to FOLLOWER at term 599 for recognizeCandidate:bf55b3f9-6b09-4365-9d71-55289e083fa5
2019-10-16 18:01:54,854 [grpc-default-executor-3] INFO  impl.RoleInfo (RoleInfo.java:shutdownFollowerState(121)) - 907b9765-214b-4864-b66a-d6e2a5789e5c: shutdown FollowerState
2019-10-16 18:01:54,854 [Thread-3617] INFO  impl.FollowerState (FollowerState.java:run(117)) - f4c54511-b161-4347-aec5-5236dc80a0d8@group-EFD1D20A002C-FollowerState was interrupted: java.lang.InterruptedException: sleep interrupted
2019-10-16 18:01:54,854 [grpc-default-executor-3] INFO  impl.RoleInfo (RoleInfo.java:updateAndGet(143)) - 907b9765-214b-4864-b66a-d6e2a5789e5c: start FollowerState
2019-10-16 18:01:54,854 [Thread-3618] INFO  impl.FollowerState (FollowerState.java:run(117)) - 907b9765-214b-4864-b66a-d6e2a5789e5c@group-EFD1D20A002C-FollowerState was interrupted: java.lang.InterruptedException: sleep interrupted
2019-10-16 18:01:54,878 [bf55b3f9-6b09-4365-9d71-55289e083fa5@group-EFD1D20A002C-LeaderElection508] INFO  impl.LeaderElection (LeaderElection.java:logAndReturn(56)) - bf55b3f9-6b09-4365-9d71-55289e083fa5@group-EFD1D20A002C-LeaderElection508: Election REJECTED; received 2 response(s) [bf55b3f9-6b09-4365-9d71-55289e083fa5<-f4c54511-b161-4347-aec5-5236dc80a0d8#0:FAIL-t599, bf55b3f9-6b09-4365-9d71-55289e083fa5<-907b9765-214b-4864-b66a-d6e2a5789e5c#0:FAIL-t599] and 0 exception(s); bf55b3f9-6b09-4365-9d71-55289e083fa5@group-EFD1D20A002C:t599, leader=null, voted=bf55b3f9-6b09-4365-9d71-55289e083fa5, raftlog=bf55b3f9-6b09-4365-9d71-55289e083fa5@group-EFD1D20A002C-SegmentedRaftLog:OPENED:c-1,f-1,i0, conf=-1: [f4c54511-b161-4347-aec5-5236dc80a0d8:0.0.0.0:41238, 907b9765-214b-4864-b66a-d6e2a5789e5c:0.0.0.0:41650, bf55b3f9-6b09-4365-9d71-55289e083fa5:0.0.0.0:42441], old=null
2019-10-16 18:01:54,878 [bf55b3f9-6b09-4365-9d71-55289e083fa5@group-EFD1D20A002C-LeaderElection508] INFO  impl.RaftServerImpl (RaftServerImpl.java:setRole(184)) - bf55b3f9-6b09-4365-9d71-55289e083fa5@group-EFD1D20A002C: changes role from CANDIDATE to FOLLOWER at term 599 for DISCOVERED_A_NEW_TERM
2019-10-16 18:01:54,878 [bf55b3f9-6b09-4365-9d71-55289e083fa5@group-EFD1D20A002C-LeaderElection508] INFO  impl.RoleInfo (RoleInfo.java:shutdownLeaderElection(134)) - bf55b3f9-6b09-4365-9d71-55289e083fa5: shutdown LeaderElection
2019-10-16 18:01:54,878 [bf55b3f9-6b09-4365-9d71-55289e083fa5@group-EFD1D20A002C-LeaderElection508] INFO  impl.RoleInfo (RoleInfo.java:updateAndGet(143)) - bf55b3f9-6b09-4365-9d71-55289e083fa5: start FollowerState
2019-10-16 18:01:54,967 [Thread-3625] INFO  impl.FollowerState (FollowerState.java:run(108)) - bf55b3f9-6b09-4365-9d71-55289e083fa5@group-EFD1D20A002C-FollowerState: change to CANDIDATE, lastRpcTime:89ms, electionTimeout:89ms
2019-10-16 18:01:54,968 [Thread-3625] INFO  impl.RoleInfo (RoleInfo.java:shutdownFollowerState(121)) - bf55b3f9-6b09-4365-9d71-55289e083fa5: shutdown FollowerState
2019-10-16 18:01:54,968 [Thread-3625] INFO  impl.RaftServerImpl (RaftServerImpl.java:setRole(184)) - bf55b3f9-6b09-4365-9d71-55289e083fa5@group-EFD1D20A002C: changes role from  FOLLOWER to CANDIDATE at term 599 for changeToCandidate
2019-10-16 18:01:54,968 [Thread-3625] INFO  impl.RoleInfo (RoleInfo.java:updateAndGet(143)) - bf55b3f9-6b09-4365-9d71-55289e083fa5: start LeaderElection
2019-10-16 18:01:55,010 [bf55b3f9-6b09-4365-9d71-55289e083fa5@group-EFD1D20A002C-LeaderElection509] INFO  impl.LeaderElection (LeaderElection.java:askForVotes(178)) - bf55b3f9-6b09-4365-9d71-55289e083fa5@group-EFD1D20A002C-LeaderElection509: begin an election at term 600 for -1: [f4c54511-b161-4347-aec5-5236dc80a0d8:0.0.0.0:41238, 907b9765-214b-4864-b66a-d6e2a5789e5c:0.0.0.0:41650, bf55b3f9-6b09-4365-9d71-55289e083fa5:0.0.0.0:42441], old=null
2019-10-16 18:01:55,013 [grpc-default-executor-3] INFO  impl.RaftServerImpl (RaftServerImpl.java:setRole(184)) - 907b9765-214b-4864-b66a-d6e2a5789e5c@group-EFD1D20A002C: changes role from  FOLLOWER to FOLLOWER at term 600 for recognizeCandidate:bf55b3f9-6b09-4365-9d71-55289e083fa5
2019-10-16 18:01:55,013 [grpc-default-executor-3] INFO  impl.RoleInfo (RoleInfo.java:shutdownFollowerState(121)) - 907b9765-214b-4864-b66a-d6e2a5789e5c: shutdown FollowerState
2019-10-16 18:01:55,013 [grpc-default-executor-1] INFO  impl.RaftServerImpl (RaftServerImpl.java:setRole(184)) - f4c54511-b161-4347-aec5-5236dc80a0d8@group-EFD1D20A002C: changes role from  FOLLOWER to FOLLOWER at term 600 for recognizeCandidate:bf55b3f9-6b09-4365-9d71-55289e083fa5
2019-10-16 18:01:55,013 [grpc-default-executor-1] INFO  impl.RoleInfo (RoleInfo.java:shutdownFollowerState(121)) - f4c54511-b161-4347-aec5-5236dc80a0d8: shutdown FollowerState
2019-10-16 18:01:55,013 [Thread-3624] INFO  impl.FollowerState (FollowerState.java:run(117)) - 907b9765-214b-4864-b66a-d6e2a5789e5c@group-EFD1D20A002C-FollowerState was interrupted: java.lang.InterruptedException: sleep interrupted
2019-10-16 18:01:55,013 [grpc-default-executor-3] INFO  impl.RoleInfo (RoleInfo.java:updateAndGet(143)) - 907b9765-214b-4864-b66a-d6e2a5789e5c: start FollowerState
2019-10-16 18:01:55,013 [Thread-3623] INFO  impl.FollowerState (FollowerState.java:run(117)) - f4c54511-b161-4347-aec5-5236dc80a0d8@group-EFD1D20A002C-FollowerState was interrupted: java.lang.InterruptedException: sleep interrupted
2019-10-16 18:01:55,013 [grpc-default-executor-1] INFO  impl.RoleInfo (RoleInfo.java:updateAndGet(143)) - f4c54511-b161-4347-aec5-5236dc80a0d8: start FollowerState
2019-10-16 18:01:55,037 [bf55b3f9-6b09-4365-9d71-55289e083fa5@group-EFD1D20A002C-LeaderElection509] INFO  impl.LeaderElection (LeaderElection.java:logAndReturn(56)) - bf55b3f9-6b09-4365-9d71-55289e083fa5@group-EFD1D20A002C-LeaderElection509: Election REJECTED; received 2 response(s) [bf55b3f9-6b09-4365-9d71-55289e083fa5<-f4c54511-b161-4347-aec5-5236dc80a0d8#0:FAIL-t600, bf55b3f9-6b09-4365-9d71-55289e083fa5<-907b9765-214b-4864-b66a-d6e2a5789e5c#0:FAIL-t600] and 0 exception(s); bf55b3f9-6b09-4365-9d71-55289e083fa5@group-EFD1D20A002C:t600, leader=null, voted=bf55b3f9-6b09-4365-9d71-55289e083fa5, raftlog=bf55b3f9-6b09-4365-9d71-55289e083fa5@group-EFD1D20A002C-SegmentedRaftLog:OPENED:c-1,f-1,i0, conf=-1: [f4c54511-b161-4347-aec5-5236dc80a0d8:0.0.0.0:41238, 907b9765-214b-4864-b66a-d6e2a5789e5c:0.0.0.0:41650, bf55b3f9-6b09-4365-9d71-55289e083fa5:0.0.0.0:42441], old=null
2019-10-16 18:01:55,037 [bf55b3f9-6b09-4365-9d71-55289e083fa5@group-EFD1D20A002C-LeaderElection509] INFO  impl.RaftServerImpl (RaftServerImpl.java:setRole(184)) - bf55b3f9-6b09-4365-9d71-55289e083fa5@group-EFD1D20A002C: changes role from CANDIDATE to FOLLOWER at term 600 for DISCOVERED_A_NEW_TERM
2019-10-16 18:01:55,037 [bf55b3f9-6b09-4365-9d71-55289e083fa5@group-EFD1D20A002C-LeaderElection509] INFO  impl.RoleInfo (RoleInfo.java:shutdownLeaderElection(134)) - bf55b3f9-6b09-4365-9d71-55289e083fa5: shutdown LeaderElection
2019-10-16 18:01:55,037 [bf55b3f9-6b09-4365-9d71-55289e083fa5@group-EFD1D20A002C-LeaderElection509] INFO  impl.RoleInfo (RoleInfo.java:updateAndGet(143)) - bf55b3f9-6b09-4365-9d71-55289e083fa5: start FollowerState
2019-10-16 18:01:55,210 [Thread-3631] INFO  impl.FollowerState (FollowerState.java:run(108)) - bf55b3f9-6b09-4365-9d71-55289e083fa5@group-EFD1D20A002C-FollowerState: change to CANDIDATE, lastRpcTime:173ms, electionTimeout:173ms
2019-10-16 18:01:55,211 [Thread-3631] INFO  impl.RoleInfo (RoleInfo.java:shutdownFollowerState(121)) - bf55b3f9-6b09-4365-9d71-55289e083fa5: shutdown FollowerState
2019-10-16 18:01:55,211 [Thread-3631] INFO  impl.RaftServerImpl (RaftServerImpl.java:setRole(184)) - bf55b3f9-6b09-4365-9d71-55289e083fa5@group-EFD1D20A002C: changes role from  FOLLOWER to CANDIDATE at term 600 for changeToCandidate
2019-10-16 18:01:55,211 [Thread-3631] INFO  impl.RoleInfo (RoleInfo.java:updateAndGet(143)) - bf55b3f9-6b09-4365-9d71-55289e083fa5: start LeaderElection
2019-10-16 18:01:55,238 [bf55b3f9-6b09-4365-9d71-55289e083fa5@group-EFD1D20A002C-LeaderElection510] INFO  impl.LeaderElection (LeaderElection.java:askForVotes(178)) - bf55b3f9-6b09-4365-9d71-55289e083fa5@group-EFD1D20A002C-LeaderElection510: begin an election at term 601 for -1: [f4c54511-b161-4347-aec5-5236dc80a0d8:0.0.0.0:41238, 907b9765-214b-4864-b66a-d6e2a5789e5c:0.0.0.0:41650, bf55b3f9-6b09-4365-9d71-55289e083fa5:0.0.0.0:42441], old=null
2019-10-16 18:01:55,240 [grpc-default-executor-3] INFO  impl.RaftServerImpl (RaftServerImpl.java:setRole(184)) - f4c54511-b161-4347-aec5-5236dc80a0d8@group-EFD1D20A002C: changes role from  FOLLOWER to FOLLOWER at term 601 for recognizeCandidate:bf55b3f9-6b09-4365-9d71-55289e083fa5
2019-10-16 18:01:55,241 [grpc-default-executor-3] INFO  impl.RoleInfo (RoleInfo.java:shutdownFollowerState(121)) - f4c54511-b161-4347-aec5-5236dc80a0d8: shutdown FollowerState
2019-10-16 18:01:55,241 [grpc-default-executor-3] INFO  impl.RoleInfo (RoleInfo.java:updateAndGet(143)) - f4c54511-b161-4347-aec5-5236dc80a0d8: start FollowerState
2019-10-16 18:01:55,241 [grpc-default-executor-1] INFO  impl.RaftServerImpl (RaftServerImpl.java:setRole(184)) - 907b9765-214b-4864-b66a-d6e2a5789e5c@group-EFD1D20A002C: changes role from  FOLLOWER to FOLLOWER at term 601 for recognizeCandidate:bf55b3f9-6b09-4365-9d71-55289e083fa5
2019-10-16 18:01:55,241 [grpc-default-executor-1] INFO  impl.RoleInfo (RoleInfo.java:shutdownFollowerState(121)) - 907b9765-214b-4864-b66a-d6e2a5789e5c: shutdown FollowerState
2019-10-16 18:01:55,241 [Thread-3630] INFO  impl.FollowerState (FollowerState.java:run(117)) - f4c54511-b161-4347-aec5-5236dc80a0d8@group-EFD1D20A002C-FollowerState was interrupted: java.lang.InterruptedException: sleep interrupted
2019-10-16 18:01:55,241 [Thread-3629] INFO  impl.FollowerState (FollowerState.java:run(117)) - 907b9765-214b-4864-b66a-d6e2a5789e5c@group-EFD1D20A002C-FollowerState was interrupted: java.lang.InterruptedException: sleep interrupted
2019-10-16 18:01:55,241 [grpc-default-executor-1] INFO  impl.RoleInfo (RoleInfo.java:updateAndGet(143)) - 907b9765-214b-4864-b66a-d6e2a5789e5c: start FollowerState
2019-10-16 18:01:55,265 [bf55b3f9-6b09-4365-9d71-55289e083fa5@group-EFD1D20A002C-LeaderElection510] INFO  impl.LeaderElection (LeaderElection.java:logAndReturn(56)) - bf55b3f9-6b09-4365-9d71-55289e083fa5@group-EFD1D20A002C-LeaderElection510: Election REJECTED; received 2 response(s) [bf55b3f9-6b09-4365-9d71-55289e083fa5<-f4c54511-b161-4347-aec5-5236dc80a0d8#0:FAIL-t601, bf55b3f9-6b09-4365-9d71-55289e083fa5<-907b9765-214b-4864-b66a-d6e2a5789e5c#0:FAIL-t601] and 0 exception(s); bf55b3f9-6b09-4365-9d71-55289e083fa5@group-EFD1D20A002C:t601, leader=null, voted=bf55b3f9-6b09-4365-9d71-55289e083fa5, raftlog=bf55b3f9-6b09-4365-9d71-55289e083fa5@group-EFD1D20A002C-SegmentedRaftLog:OPENED:c-1,f-1,i0, conf=-1: [f4c54511-b161-4347-aec5-5236dc80a0d8:0.0.0.0:41238, 907b9765-214b-4864-b66a-d6e2a5789e5c:0.0.0.0:41650, bf55b3f9-6b09-4365-9d71-55289e083fa5:0.0.0.0:42441], old=null
2019-10-16 18:01:55,265 [bf55b3f9-6b09-4365-9d71-55289e083fa5@group-EFD1D20A002C-LeaderElection510] INFO  impl.RaftServerImpl (RaftServerImpl.java:setRole(184)) - bf55b3f9-6b09-4365-9d71-55289e083fa5@group-EFD1D20A002C: changes role from CANDIDATE to FOLLOWER at term 601 for DISCOVERED_A_NEW_TERM
2019-10-16 18:01:55,265 [bf55b3f9-6b09-4365-9d71-55289e083fa5@group-EFD1D20A002C-LeaderElection510] INFO  impl.RoleInfo (RoleInfo.java:shutdownLeaderElection(134)) - bf55b3f9-6b09-4365-9d71-55289e083fa5: shutdown LeaderElection
2019-10-16 18:01:55,265 [bf55b3f9-6b09-4365-9d71-55289e083fa5@group-EFD1D20A002C-LeaderElection510] INFO  impl.RoleInfo (RoleInfo.java:updateAndGet(143)) - bf55b3f9-6b09-4365-9d71-55289e083fa5: start FollowerState
2019-10-16 18:01:55,415 [Thread-3637] INFO  impl.FollowerState (FollowerState.java:run(108)) - bf55b3f9-6b09-4365-9d71-55289e083fa5@group-EFD1D20A002C-FollowerState: change to CANDIDATE, lastRpcTime:149ms, electionTimeout:149ms
2019-10-16 18:01:55,415 [Thread-3637] INFO  impl.RoleInfo (RoleInfo.java:shutdownFollowerState(121)) - bf55b3f9-6b09-4365-9d71-55289e083fa5: shutdown FollowerState
2019-10-16 18:01:55,415 [Thread-3637] INFO  impl.RaftServerImpl (RaftServerImpl.java:setRole(184)) - bf55b3f9-6b09-4365-9d71-55289e083fa5@group-EFD1D20A002C: changes role from  FOLLOWER to CANDIDATE at term 601 for changeToCandidate
2019-10-16 18:01:55,415 [Thread-3637] INFO  impl.RoleInfo (RoleInfo.java:updateAndGet(143)) - bf55b3f9-6b09-4365-9d71-55289e083fa5: start LeaderElection
2019-10-16 18:01:55,441 [bf55b3f9-6b09-4365-9d71-55289e083fa5@group-EFD1D20A002C-LeaderElection511] INFO  impl.LeaderElection (LeaderElection.java:askForVotes(178)) - bf55b3f9-6b09-4365-9d71-55289e083fa5@group-EFD1D20A002C-LeaderElection511: begin an election at term 602 for -1: [f4c54511-b161-4347-aec5-5236dc80a0d8:0.0.0.0:41238, 907b9765-214b-4864-b66a-d6e2a5789e5c:0.0.0.0:41650, bf55b3f9-6b09-4365-9d71-55289e083fa5:0.0.0.0:42441], old=null
2019-10-16 18:01:55,443 [grpc-default-executor-3] INFO  impl.RaftServerImpl (RaftServerImpl.java:setRole(184)) - f4c54511-b161-4347-aec5-5236dc80a0d8@group-EFD1D20A002C: changes role from  FOLLOWER to FOLLOWER at term 602 for recognizeCandidate:bf55b3f9-6b09-4365-9d71-55289e083fa5
2019-10-16 18:01:55,444 [grpc-default-executor-3] INFO  impl.RoleInfo (RoleInfo.java:shutdownFollowerState(121)) - f4c54511-b161-4347-aec5-5236dc80a0d8: shutdown FollowerState
2019-10-16 18:01:55,444 [grpc-default-executor-3] INFO  impl.RoleInfo (RoleInfo.java:updateAndGet(143)) - f4c54511-b161-4347-aec5-5236dc80a0d8: start FollowerState
2019-10-16 18:01:55,444 [Thread-3635] INFO  impl.FollowerState (FollowerState.java:run(117)) - f4c54511-b161-4347-aec5-5236dc80a0d8@group-EFD1D20A002C-FollowerState was interrupted: java.lang.InterruptedException: sleep interrupted
2019-10-16 18:01:55,444 [grpc-default-executor-1] INFO  impl.RaftServerImpl (RaftServerImpl.java:setRole(184)) - 907b9765-214b-4864-b66a-d6e2a5789e5c@group-EFD1D20A002C: changes role from  FOLLOWER to FOLLOWER at term 602 for recognizeCandidate:bf55b3f9-6b09-4365-9d71-55289e083fa5
2019-10-16 18:01:55,444 [grpc-default-executor-1] INFO  impl.RoleInfo (RoleInfo.java:shutdownFollowerState(121)) - 907b9765-214b-4864-b66a-d6e2a5789e5c: shutdown FollowerState
2019-10-16 18:01:55,445 [grpc-default-executor-1] INFO  impl.RoleInfo (RoleInfo.java:updateAndGet(143)) - 907b9765-214b-4864-b66a-d6e2a5789e5c: start FollowerState
2019-10-16 18:01:55,445 [Thread-3636] INFO  impl.FollowerState (FollowerState.java:run(117)) - 907b9765-214b-4864-b66a-d6e2a5789e5c@group-EFD1D20A002C-FollowerState was interrupted: java.lang.InterruptedException: sleep interrupted
2019-10-16 18:01:55,467 [bf55b3f9-6b09-4365-9d71-55289e083fa5@group-EFD1D20A002C-LeaderElection511] INFO  impl.LeaderElection (LeaderElection.java:logAndReturn(56)) - bf55b3f9-6b09-4365-9d71-55289e083fa5@group-EFD1D20A002C-LeaderElection511: Election REJECTED; received 2 response(s) [bf55b3f9-6b09-4365-9d71-55289e083fa5<-f4c54511-b161-4347-aec5-5236dc80a0d8#0:FAIL-t602, bf55b3f9-6b09-4365-9d71-55289e083fa5<-907b9765-214b-4864-b66a-d6e2a5789e5c#0:FAIL-t602] and 0 exception(s); bf55b3f9-6b09-4365-9d71-55289e083fa5@group-EFD1D20A002C:t602, leader=null, voted=bf55b3f9-6b09-4365-9d71-55289e083fa5, raftlog=bf55b3f9-6b09-4365-9d71-55289e083fa5@group-EFD1D20A002C-SegmentedRaftLog:OPENED:c-1,f-1,i0, conf=-1: [f4c54511-b161-4347-aec5-5236dc80a0d8:0.0.0.0:41238, 907b9765-214b-4864-b66a-d6e2a5789e5c:0.0.0.0:41650, bf55b3f9-6b09-4365-9d71-55289e083fa5:0.0.0.0:42441], old=null
2019-10-16 18:01:55,467 [bf55b3f9-6b09-4365-9d71-55289e083fa5@group-EFD1D20A002C-LeaderElection511] INFO  impl.RaftServerImpl (RaftServerImpl.java:setRole(184)) - bf55b3f9-6b09-4365-9d71-55289e083fa5@group-EFD1D20A002C: changes role from CANDIDATE to FOLLOWER at term 602 for DISCOVERED_A_NEW_TERM
2019-10-16 18:01:55,467 [bf55b3f9-6b09-4365-9d71-55289e083fa5@group-EFD1D20A002C-LeaderElection511] INFO  impl.RoleInfo (RoleInfo.java:shutdownLeaderElection(134)) - bf55b3f9-6b09-4365-9d71-55289e083fa5: shutdown LeaderElection
2019-10-16 18:01:55,467 [bf55b3f9-6b09-4365-9d71-55289e083fa5@group-EFD1D20A002C-LeaderElection511] INFO  impl.RoleInfo (RoleInfo.java:updateAndGet(143)) - bf55b3f9-6b09-4365-9d71-55289e083fa5: start FollowerState
2019-10-16 18:01:55,625 [Thread-3645] INFO  impl.FollowerState (FollowerState.java:run(108)) - bf55b3f9-6b09-4365-9d71-55289e083fa5@group-EFD1D20A002C-FollowerState: change to CANDIDATE, lastRpcTime:157ms, electionTimeout:157ms
2019-10-16 18:01:55,625 [Thread-3645] INFO  impl.RoleInfo (RoleInfo.java:shutdownFollowerState(121)) - bf55b3f9-6b09-4365-9d71-55289e083fa5: shutdown FollowerState
2019-10-16 18:01:55,625 [Thread-3645] INFO  impl.RaftServerImpl (RaftServerImpl.java:setRole(184)) - bf55b3f9-6b09-4365-9d71-55289e083fa5@group-EFD1D20A002C: changes role from  FOLLOWER to CANDIDATE at term 602 for changeToCandidate
2019-10-16 18:01:55,625 [Thread-3645] INFO  impl.RoleInfo (RoleInfo.java:updateAndGet(143)) - bf55b3f9-6b09-4365-9d71-55289e083fa5: start LeaderElection
2019-10-16 18:01:55,650 [bf55b3f9-6b09-4365-9d71-55289e083fa5@group-EFD1D20A002C-LeaderElection512] INFO  impl.LeaderElection (LeaderElection.java:askForVotes(178)) - bf55b3f9-6b09-4365-9d71-55289e083fa5@group-EFD1D20A002C-LeaderElection512: begin an election at term 603 for -1: [f4c54511-b161-4347-aec5-5236dc80a0d8:0.0.0.0:41238, 907b9765-214b-4864-b66a-d6e2a5789e5c:0.0.0.0:41650, bf55b3f9-6b09-4365-9d71-55289e083fa5:0.0.0.0:42441], old=null
2019-10-16 18:01:55,651 [bf55b3f9-6b09-4365-9d71-55289e083fa5@group-EFD1D20A002C-LeaderElection512] INFO  impl.LeaderElection (LeaderElection.java:logAndReturn(56)) - bf55b3f9-6b09-4365-9d71-55289e083fa5@group-EFD1D20A002C-LeaderElection512: Election TIMEOUT; received 0 response(s) [] and 0 exception(s); bf55b3f9-6b09-4365-9d71-55289e083fa5@group-EFD1D20A002C:t603, leader=null, voted=bf55b3f9-6b09-4365-9d71-55289e083fa5, raftlog=bf55b3f9-6b09-4365-9d71-55289e083fa5@group-EFD1D20A002C-SegmentedRaftLog:OPENED:c-1,f-1,i0, conf=-1: [f4c54511-b161-4347-aec5-5236dc80a0d8:0.0.0.0:41238, 907b9765-214b-4864-b66a-d6e2a5789e5c:0.0.0.0:41650, bf55b3f9-6b09-4365-9d71-55289e083fa5:0.0.0.0:42441], old=null
2019-10-16 18:01:55,652 [grpc-default-executor-1] INFO  impl.RaftServerImpl (RaftServerImpl.java:setRole(184)) - f4c54511-b161-4347-aec5-5236dc80a0d8@group-EFD1D20A002C: changes role from  FOLLOWER to FOLLOWER at term 603 for recognizeCandidate:bf55b3f9-6b09-4365-9d71-55289e083fa5
2019-10-16 18:01:55,652 [grpc-default-executor-1] INFO  impl.RoleInfo (RoleInfo.java:shutdownFollowerState(121)) - f4c54511-b161-4347-aec5-5236dc80a0d8: shutdown FollowerState
2019-10-16 18:01:55,652 [grpc-default-executor-3] INFO  impl.RaftServerImpl (RaftServerImpl.java:setRole(184)) - 907b9765-214b-4864-b66a-d6e2a5789e5c@group-EFD1D20A002C: changes role from  FOLLOWER to FOLLOWER at term 603 for recognizeCandidate:bf55b3f9-6b09-4365-9d71-55289e083fa5
2019-10-16 18:01:55,653 [grpc-default-executor-3] INFO  impl.RoleInfo (RoleInfo.java:shutdownFollowerState(121)) - 907b9765-214b-4864-b66a-d6e2a5789e5c: shutdown FollowerState
2019-10-16 18:01:55,653 [Thread-3643] INFO  impl.FollowerState (FollowerState.java:run(117)) - f4c54511-b161-4347-aec5-5236dc80a0d8@group-EFD1D20A002C-FollowerState was interrupted: java.lang.InterruptedException: sleep interrupted
2019-10-16 18:01:55,653 [grpc-default-executor-1] INFO  impl.RoleInfo (RoleInfo.java:updateAndGet(143)) - f4c54511-b161-4347-aec5-5236dc80a0d8: start FollowerState
2019-10-16 18:01:55,653 [grpc-default-executor-3] INFO  impl.RoleInfo (RoleInfo.java:updateAndGet(143)) - 907b9765-214b-4864-b66a-d6e2a5789e5c: start FollowerState
2019-10-16 18:01:55,653 [Thread-3644] INFO  impl.FollowerState (FollowerState.java:run(117)) - 907b9765-214b-4864-b66a-d6e2a5789e5c@group-EFD1D20A002C-FollowerState was interrupted: java.lang.InterruptedException: sleep interrupted
2019-10-16 18:01:55,676 [bf55b3f9-6b09-4365-9d71-55289e083fa5@group-EFD1D20A002C-LeaderElection512] INFO  impl.LeaderElection (LeaderElection.java:askForVotes(178)) - bf55b3f9-6b09-4365-9d71-55289e083fa5@group-EFD1D20A002C-LeaderElection512: begin an election at term 604 for -1: [f4c54511-b161-4347-aec5-5236dc80a0d8:0.0.0.0:41238, 907b9765-214b-4864-b66a-d6e2a5789e5c:0.0.0.0:41650, bf55b3f9-6b09-4365-9d71-55289e083fa5:0.0.0.0:42441], old=null
2019-10-16 18:01:55,678 [grpc-default-executor-1] INFO  impl.RaftServerImpl (RaftServerImpl.java:setRole(184)) - f4c54511-b161-4347-aec5-5236dc80a0d8@group-EFD1D20A002C: changes role from  FOLLOWER to FOLLOWER at term 604 for recognizeCandidate:bf55b3f9-6b09-4365-9d71-55289e083fa5
2019-10-16 18:01:55,678 [grpc-default-executor-1] INFO  impl.RoleInfo (RoleInfo.java:shutdownFollowerState(121)) - f4c54511-b161-4347-aec5-5236dc80a0d8: shutdown FollowerState
2019-10-16 18:01:55,678 [grpc-default-executor-3] INFO  impl.RaftServerImpl (RaftServerImpl.java:setRole(184)) - 907b9765-214b-4864-b66a-d6e2a5789e5c@group-EFD1D20A002C: changes role from  FOLLOWER to FOLLOWER at term 604 for recognizeCandidate:bf55b3f9-6b09-4365-9d71-55289e083fa5
2019-10-16 18:01:55,678 [Thread-3649] INFO  impl.FollowerState (FollowerState.java:run(117)) - f4c54511-b161-4347-aec5-5236dc80a0d8@group-EFD1D20A002C-FollowerState was interrupted: java.lang.InterruptedException: sleep interrupted
2019-10-16 18:01:55,678 [grpc-default-executor-1] INFO  impl.RoleInfo (RoleInfo.java:updateAndGet(143)) - f4c54511-b161-4347-aec5-5236dc80a0d8: start FollowerState
2019-10-16 18:01:55,678 [grpc-default-executor-3] INFO  impl.RoleInfo (RoleInfo.java:shutdownFollowerState(121)) - 907b9765-214b-4864-b66a-d6e2a5789e5c: shutdown FollowerState
2019-10-16 18:01:55,679 [grpc-default-executor-3] INFO  impl.RoleInfo (RoleInfo.java:updateAndGet(143)) - 907b9765-214b-4864-b66a-d6e2a5789e5c: start FollowerState
2019-10-16 18:01:55,679 [Thread-3650] INFO  impl.FollowerState (FollowerState.java:run(117)) - 907b9765-214b-4864-b66a-d6e2a5789e5c@group-EFD1D20A002C-FollowerState was interrupted: java.lang.InterruptedException: sleep interrupted
2019-10-16 18:01:55,702 [bf55b3f9-6b09-4365-9d71-55289e083fa5@group-EFD1D20A002C-LeaderElection512] INFO  impl.LeaderElection (LeaderElection.java:logAndReturn(56)) - bf55b3f9-6b09-4365-9d71-55289e083fa5@group-EFD1D20A002C-LeaderElection512: Election REJECTED; received 2 response(s) [bf55b3f9-6b09-4365-9d71-55289e083fa5<-f4c54511-b161-4347-aec5-5236dc80a0d8#0:FAIL-t604, bf55b3f9-6b09-4365-9d71-55289e083fa5<-907b9765-214b-4864-b66a-d6e2a5789e5c#0:FAIL-t604] and 0 exception(s); bf55b3f9-6b09-4365-9d71-55289e083fa5@group-EFD1D20A002C:t604, leader=null, voted=bf55b3f9-6b09-4365-9d71-55289e083fa5, raftlog=bf55b3f9-6b09-4365-9d71-55289e083fa5@group-EFD1D20A002C-SegmentedRaftLog:OPENED:c-1,f-1,i0, conf=-1: [f4c54511-b161-4347-aec5-5236dc80a0d8:0.0.0.0:41238, 907b9765-214b-4864-b66a-d6e2a5789e5c:0.0.0.0:41650, bf55b3f9-6b09-4365-9d71-55289e083fa5:0.0.0.0:42441], old=null
2019-10-16 18:01:55,702 [bf55b3f9-6b09-4365-9d71-55289e083fa5@group-EFD1D20A002C-LeaderElection512] INFO  impl.RaftServerImpl (RaftServerImpl.java:setRole(184)) - bf55b3f9-6b09-4365-9d71-55289e083fa5@group-EFD1D20A002C: changes role from CANDIDATE to FOLLOWER at term 604 for DISCOVERED_A_NEW_TERM
2019-10-16 18:01:55,703 [bf55b3f9-6b09-4365-9d71-55289e083fa5@group-EFD1D20A002C-LeaderElection512] INFO  impl.RoleInfo (RoleInfo.java:shutdownLeaderElection(134)) - bf55b3f9-6b09-4365-9d71-55289e083fa5: shutdown LeaderElection
2019-10-16 18:01:55,703 [bf55b3f9-6b09-4365-9d71-55289e083fa5@group-EFD1D20A002C-LeaderElection512] INFO  impl.RoleInfo (RoleInfo.java:updateAndGet(143)) - bf55b3f9-6b09-4365-9d71-55289e083fa5: start FollowerState
2019-10-16 18:01:55,756 [Thread-3655] INFO  impl.FollowerState (FollowerState.java:run(108)) - bf55b3f9-6b09-4365-9d71-55289e083fa5@group-EFD1D20A002C-FollowerState: change to CANDIDATE, lastRpcTime:53ms, electionTimeout:53ms
2019-10-16 18:01:55,756 [Thread-3655] INFO  impl.RoleInfo (RoleInfo.java:shutdownFollowerState(121)) - bf55b3f9-6b09-4365-9d71-55289e083fa5: shutdown FollowerState
2019-10-16 18:01:55,756 [Thread-3655] INFO  impl.RaftServerImpl (RaftServerImpl.java:setRole(184)) - bf55b3f9-6b09-4365-9d71-55289e083fa5@group-EFD1D20A002C: changes role from  FOLLOWER to CANDIDATE at term 604 for changeToCandidate
2019-10-16 18:01:55,756 [Thread-3655] INFO  impl.RoleInfo (RoleInfo.java:updateAndGet(143)) - bf55b3f9-6b09-4365-9d71-55289e083fa5: start LeaderElection
2019-10-16 18:01:55,786 [bf55b3f9-6b09-4365-9d71-55289e083fa5@group-EFD1D20A002C-LeaderElection513] INFO  impl.LeaderElection (LeaderElection.java:askForVotes(178)) - bf55b3f9-6b09-4365-9d71-55289e083fa5@group-EFD1D20A002C-LeaderElection513: begin an election at term 605 for -1: [f4c54511-b161-4347-aec5-5236dc80a0d8:0.0.0.0:41238, 907b9765-214b-4864-b66a-d6e2a5789e5c:0.0.0.0:41650, bf55b3f9-6b09-4365-9d71-55289e083fa5:0.0.0.0:42441], old=null
2019-10-16 18:01:55,787 [bf55b3f9-6b09-4365-9d71-55289e083fa5@group-EFD1D20A002C-LeaderElection513] INFO  impl.LeaderElection (LeaderElection.java:logAndReturn(56)) - bf55b3f9-6b09-4365-9d71-55289e083fa5@group-EFD1D20A002C-LeaderElection513: Election TIMEOUT; received 0 response(s) [] and 0 exception(s); bf55b3f9-6b09-4365-9d71-55289e083fa5@group-EFD1D20A002C:t605, leader=null, voted=bf55b3f9-6b09-4365-9d71-55289e083fa5, raftlog=bf55b3f9-6b09-4365-9d71-55289e083fa5@group-EFD1D20A002C-SegmentedRaftLog:OPENED:c-1,f-1,i0, conf=-1: [f4c54511-b161-4347-aec5-5236dc80a0d8:0.0.0.0:41238, 907b9765-214b-4864-b66a-d6e2a5789e5c:0.0.0.0:41650, bf55b3f9-6b09-4365-9d71-55289e083fa5:0.0.0.0:42441], old=null
2019-10-16 18:01:55,788 [grpc-default-executor-1] INFO  impl.RaftServerImpl (RaftServerImpl.java:setRole(184)) - f4c54511-b161-4347-aec5-5236dc80a0d8@group-EFD1D20A002C: changes role from  FOLLOWER to FOLLOWER at term 605 for recognizeCandidate:bf55b3f9-6b09-4365-9d71-55289e083fa5
2019-10-16 18:01:55,788 [grpc-default-executor-1] INFO  impl.RoleInfo (RoleInfo.java:shutdownFollowerState(121)) - f4c54511-b161-4347-aec5-5236dc80a0d8: shutdown FollowerState
2019-10-16 18:01:55,788 [grpc-default-executor-1] INFO  impl.RoleInfo (RoleInfo.java:updateAndGet(143)) - f4c54511-b161-4347-aec5-5236dc80a0d8: start FollowerState
2019-10-16 18:01:55,788 [grpc-default-executor-3] INFO  impl.RaftServerImpl (RaftServerImpl.java:setRole(184)) - 907b9765-214b-4864-b66a-d6e2a5789e5c@group-EFD1D20A002C: changes role from  FOLLOWER to FOLLOWER at term 605 for recognizeCandidate:bf55b3f9-6b09-4365-9d71-55289e083fa5
2019-10-16 18:01:55,789 [grpc-default-executor-3] INFO  impl.RoleInfo (RoleInfo.java:shutdownFollowerState(121)) - 907b9765-214b-4864-b66a-d6e2a5789e5c: shutdown FollowerState
2019-10-16 18:01:55,788 [Thread-3653] INFO  impl.FollowerState (FollowerState.java:run(117)) - f4c54511-b161-4347-aec5-5236dc80a0d8@group-EFD1D20A002C-FollowerState was interrupted: java.lang.InterruptedException: sleep interrupted
2019-10-16 18:01:55,789 [Thread-3654] INFO  impl.FollowerState (FollowerState.java:run(117)) - 907b9765-214b-4864-b66a-d6e2a5789e5c@group-EFD1D20A002C-FollowerState was interrupted: java.lang.InterruptedException: sleep interrupted
2019-10-16 18:01:55,789 [grpc-default-executor-3] INFO  impl.RoleInfo (RoleInfo.java:updateAndGet(143)) - 907b9765-214b-4864-b66a-d6e2a5789e5c: start FollowerState
2019-10-16 18:01:55,803 [bf55b3f9-6b09-4365-9d71-55289e083fa5@group-EFD1D20A002C-LeaderElection513] INFO  impl.LeaderElection (LeaderElection.java:askForVotes(178)) - bf55b3f9-6b09-4365-9d71-55289e083fa5@group-EFD1D20A002C-LeaderElection513: begin an election at term 606 for -1: [f4c54511-b161-4347-aec5-5236dc80a0d8:0.0.0.0:41238, 907b9765-214b-4864-b66a-d6e2a5789e5c:0.0.0.0:41650, bf55b3f9-6b09-4365-9d71-55289e083fa5:0.0.0.0:42441], old=null
2019-10-16 18:01:55,804 [grpc-default-executor-3] INFO  impl.RaftServerImpl (RaftServerImpl.java:setRole(184)) - f4c54511-b161-4347-aec5-5236dc80a0d8@group-EFD1D20A002C: changes role from  FOLLOWER to FOLLOWER at term 606 for recognizeCandidate:bf55b3f9-6b09-4365-9d71-55289e083fa5
2019-10-16 18:01:55,805 [grpc-default-executor-3] INFO  impl.RoleInfo (RoleInfo.java:shutdownFollowerState(121)) - f4c54511-b161-4347-aec5-5236dc80a0d8: shutdown FollowerState
2019-10-16 18:01:55,805 [grpc-default-executor-3] INFO  impl.RoleInfo (RoleInfo.java:updateAndGet(143)) - f4c54511-b161-4347-aec5-5236dc80a0d8: start FollowerState
2019-10-16 18:01:55,805 [Thread-3659] INFO  impl.FollowerState (FollowerState.java:run(117)) - f4c54511-b161-4347-aec5-5236dc80a0d8@group-EFD1D20A002C-FollowerState was interrupted: java.lang.InterruptedException: sleep interrupted
2019-10-16 18:01:55,805 [grpc-default-executor-1] INFO  impl.RaftServerImpl (RaftServerImpl.java:setRole(184)) - 907b9765-214b-4864-b66a-d6e2a5789e5c@group-EFD1D20A002C: changes role from  FOLLOWER to FOLLOWER at term 606 for recognizeCandidate:bf55b3f9-6b09-4365-9d71-55289e083fa5
2019-10-16 18:01:55,805 [grpc-default-executor-1] INFO  impl.RoleInfo (RoleInfo.java:shutdownFollowerState(121)) - 907b9765-214b-4864-b66a-d6e2a5789e5c: shutdown FollowerState
2019-10-16 18:01:55,806 [grpc-default-executor-1] INFO  impl.RoleInfo (RoleInfo.java:updateAndGet(143)) - 907b9765-214b-4864-b66a-d6e2a5789e5c: start FollowerState
2019-10-16 18:01:55,806 [Thread-3660] INFO  impl.FollowerState (FollowerState.java:run(117)) - 907b9765-214b-4864-b66a-d6e2a5789e5c@group-EFD1D20A002C-FollowerState was interrupted: java.lang.InterruptedException: sleep interrupted
2019-10-16 18:01:55,829 [bf55b3f9-6b09-4365-9d71-55289e083fa5@group-EFD1D20A002C-LeaderElection513] INFO  impl.LeaderElection (LeaderElection.java:logAndReturn(56)) - bf55b3f9-6b09-4365-9d71-55289e083fa5@group-EFD1D20A002C-LeaderElection513: Election REJECTED; received 2 response(s) [bf55b3f9-6b09-4365-9d71-55289e083fa5<-f4c54511-b161-4347-aec5-5236dc80a0d8#0:FAIL-t606, bf55b3f9-6b09-4365-9d71-55289e083fa5<-907b9765-214b-4864-b66a-d6e2a5789e5c#0:FAIL-t606] and 0 exception(s); bf55b3f9-6b09-4365-9d71-55289e083fa5@group-EFD1D20A002C:t606, leader=null, voted=bf55b3f9-6b09-4365-9d71-55289e083fa5, raftlog=bf55b3f9-6b09-4365-9d71-55289e083fa5@group-EFD1D20A002C-SegmentedRaftLog:OPENED:c-1,f-1,i0, conf=-1: [f4c54511-b161-4347-aec5-5236dc80a0d8:0.0.0.0:41238, 907b9765-214b-4864-b66a-d6e2a5789e5c:0.0.0.0:41650, bf55b3f9-6b09-4365-9d71-55289e083fa5:0.0.0.0:42441], old=null
2019-10-16 18:01:55,829 [bf55b3f9-6b09-4365-9d71-55289e083fa5@group-EFD1D20A002C-LeaderElection513] INFO  impl.RaftServerImpl (RaftServerImpl.java:setRole(184)) - bf55b3f9-6b09-4365-9d71-55289e083fa5@group-EFD1D20A002C: changes role from CANDIDATE to FOLLOWER at term 606 for DISCOVERED_A_NEW_TERM
2019-10-16 18:01:55,829 [bf55b3f9-6b09-4365-9d71-55289e083fa5@group-EFD1D20A002C-LeaderElection513] INFO  impl.RoleInfo (RoleInfo.java:shutdownLeaderElection(134)) - bf55b3f9-6b09-4365-9d71-55289e083fa5: shutdown LeaderElection
2019-10-16 18:01:55,829 [bf55b3f9-6b09-4365-9d71-55289e083fa5@group-EFD1D20A002C-LeaderElection513] INFO  impl.RoleInfo (RoleInfo.java:updateAndGet(143)) - bf55b3f9-6b09-4365-9d71-55289e083fa5: start FollowerState
2019-10-16 18:01:55,998 [Thread-3665] INFO  impl.FollowerState (FollowerState.java:run(108)) - bf55b3f9-6b09-4365-9d71-55289e083fa5@group-EFD1D20A002C-FollowerState: change to CANDIDATE, lastRpcTime:168ms, electionTimeout:168ms
2019-10-16 18:01:55,998 [Thread-3665] INFO  impl.RoleInfo (RoleInfo.java:shutdownFollowerState(121)) - bf55b3f9-6b09-4365-9d71-55289e083fa5: shutdown FollowerState
2019-10-16 18:01:55,998 [Thread-3665] INFO  impl.RaftServerImpl (RaftServerImpl.java:setRole(184)) - bf55b3f9-6b09-4365-9d71-55289e083fa5@group-EFD1D20A002C: changes role from  FOLLOWER to CANDIDATE at term 606 for changeToCandidate
2019-10-16 18:01:55,998 [Thread-3665] INFO  impl.RoleInfo (RoleInfo.java:updateAndGet(143)) - bf55b3f9-6b09-4365-9d71-55289e083fa5: start LeaderElection
2019-10-16 18:01:56,023 [bf55b3f9-6b09-4365-9d71-55289e083fa5@group-EFD1D20A002C-LeaderElection514] INFO  impl.LeaderElection (LeaderElection.java:askForVotes(178)) - bf55b3f9-6b09-4365-9d71-55289e083fa5@group-EFD1D20A002C-LeaderElection514: begin an election at term 607 for -1: [f4c54511-b161-4347-aec5-5236dc80a0d8:0.0.0.0:41238, 907b9765-214b-4864-b66a-d6e2a5789e5c:0.0.0.0:41650, bf55b3f9-6b09-4365-9d71-55289e083fa5:0.0.0.0:42441], old=null
2019-10-16 18:01:56,025 [grpc-default-executor-1] INFO  impl.RaftServerImpl (RaftServerImpl.java:setRole(184)) - 907b9765-214b-4864-b66a-d6e2a5789e5c@group-EFD1D20A002C: changes role from  FOLLOWER to FOLLOWER at term 607 for recognizeCandidate:bf55b3f9-6b09-4365-9d71-55289e083fa5
2019-10-16 18:01:56,025 [grpc-default-executor-1] INFO  impl.RoleInfo (RoleInfo.java:shutdownFollowerState(121)) - 907b9765-214b-4864-b66a-d6e2a5789e5c: shutdown FollowerState
2019-10-16 18:01:56,025 [grpc-default-executor-3] INFO  impl.RaftServerImpl (RaftServerImpl.java:setRole(184)) - f4c54511-b161-4347-aec5-5236dc80a0d8@group-EFD1D20A002C: changes role from  FOLLOWER to FOLLOWER at term 607 for recognizeCandidate:bf55b3f9-6b09-4365-9d71-55289e083fa5
2019-10-16 18:01:56,025 [grpc-default-executor-3] INFO  impl.RoleInfo (RoleInfo.java:shutdownFollowerState(121)) - f4c54511-b161-4347-aec5-5236dc80a0d8: shutdown FollowerState
2019-10-16 18:01:56,025 [Thread-3664] INFO  impl.FollowerState (FollowerState.java:run(117)) - 907b9765-214b-4864-b66a-d6e2a5789e5c@group-EFD1D20A002C-FollowerState was interrupted: java.lang.InterruptedException: sleep interrupted
2019-10-16 18:01:56,025 [grpc-default-executor-1] INFO  impl.RoleInfo (RoleInfo.java:updateAndGet(143)) - 907b9765-214b-4864-b66a-d6e2a5789e5c: start FollowerState
2019-10-16 18:01:56,025 [Thread-3663] INFO  impl.FollowerState (FollowerState.java:run(117)) - f4c54511-b161-4347-aec5-5236dc80a0d8@group-EFD1D20A002C-FollowerState was interrupted: java.lang.InterruptedException: sleep interrupted
2019-10-16 18:01:56,025 [grpc-default-executor-3] INFO  impl.RoleInfo (RoleInfo.java:updateAndGet(143)) - f4c54511-b161-4347-aec5-5236dc80a0d8: start FollowerState
2019-10-16 18:01:56,049 [bf55b3f9-6b09-4365-9d71-55289e083fa5@group-EFD1D20A002C-LeaderElection514] INFO  impl.LeaderElection (LeaderElection.java:logAndReturn(56)) - bf55b3f9-6b09-4365-9d71-55289e083fa5@group-EFD1D20A002C-LeaderElection514: Election REJECTED; received 2 response(s) [bf55b3f9-6b09-4365-9d71-55289e083fa5<-f4c54511-b161-4347-aec5-5236dc80a0d8#0:FAIL-t607, bf55b3f9-6b09-4365-9d71-55289e083fa5<-907b9765-214b-4864-b66a-d6e2a5789e5c#0:FAIL-t607] and 0 exception(s); bf55b3f9-6b09-4365-9d71-55289e083fa5@group-EFD1D20A002C:t607, leader=null, voted=bf55b3f9-6b09-4365-9d71-55289e083fa5, raftlog=bf55b3f9-6b09-4365-9d71-55289e083fa5@group-EFD1D20A002C-SegmentedRaftLog:OPENED:c-1,f-1,i0, conf=-1: [f4c54511-b161-4347-aec5-5236dc80a0d8:0.0.0.0:41238, 907b9765-214b-4864-b66a-d6e2a5789e5c:0.0.0.0:41650, bf55b3f9-6b09-4365-9d71-55289e083fa5:0.0.0.0:42441], old=null
2019-10-16 18:01:56,049 [bf55b3f9-6b09-4365-9d71-55289e083fa5@group-EFD1D20A002C-LeaderElection514] INFO  impl.RaftServerImpl (RaftServerImpl.java:setRole(184)) - bf55b3f9-6b09-4365-9d71-55289e083fa5@group-EFD1D20A002C: changes role from CANDIDATE to FOLLOWER at term 607 for DISCOVERED_A_NEW_TERM
2019-10-16 18:01:56,049 [bf55b3f9-6b09-4365-9d71-55289e083fa5@group-EFD1D20A002C-LeaderElection514] INFO  impl.RoleInfo (RoleInfo.java:shutdownLeaderElection(134)) - bf55b3f9-6b09-4365-9d71-55289e083fa5: shutdown LeaderElection
2019-10-16 18:01:56,049 [bf55b3f9-6b09-4365-9d71-55289e083fa5@group-EFD1D20A002C-LeaderElection514] INFO  impl.RoleInfo (RoleInfo.java:updateAndGet(143)) - bf55b3f9-6b09-4365-9d71-55289e083fa5: start FollowerState
2019-10-16 18:01:56,057 [Thread-3671] INFO  impl.FollowerState (FollowerState.java:run(108)) - bf55b3f9-6b09-4365-9d71-55289e083fa5@group-EFD1D20A002C-FollowerState: change to CANDIDATE, lastRpcTime:7ms, electionTimeout:7ms
2019-10-16 18:01:56,057 [Thread-3671] INFO  impl.RoleInfo (RoleInfo.java:shutdownFollowerState(121)) - bf55b3f9-6b09-4365-9d71-55289e083fa5: shutdown FollowerState
2019-10-16 18:01:56,057 [Thread-3671] INFO  impl.RaftServerImpl (RaftServerImpl.java:setRole(184)) - bf55b3f9-6b09-4365-9d71-55289e083fa5@group-EFD1D20A002C: changes role from  FOLLOWER to CANDIDATE at term 607 for changeToCandidate
2019-10-16 18:01:56,057 [Thread-3671] INFO  impl.RoleInfo (RoleInfo.java:updateAndGet(143)) - bf55b3f9-6b09-4365-9d71-55289e083fa5: start LeaderElection
2019-10-16 18:01:56,082 [bf55b3f9-6b09-4365-9d71-55289e083fa5@group-EFD1D20A002C-LeaderElection515] INFO  impl.LeaderElection (LeaderElection.java:askForVotes(178)) - bf55b3f9-6b09-4365-9d71-55289e083fa5@group-EFD1D20A002C-LeaderElection515: begin an election at term 608 for -1: [f4c54511-b161-4347-aec5-5236dc80a0d8:0.0.0.0:41238, 907b9765-214b-4864-b66a-d6e2a5789e5c:0.0.0.0:41650, bf55b3f9-6b09-4365-9d71-55289e083fa5:0.0.0.0:42441], old=null
2019-10-16 18:01:56,083 [grpc-default-executor-3] INFO  impl.RaftServerImpl (RaftServerImpl.java:setRole(184)) - f4c54511-b161-4347-aec5-5236dc80a0d8@group-EFD1D20A002C: changes role from  FOLLOWER to FOLLOWER at term 608 for recognizeCandidate:bf55b3f9-6b09-4365-9d71-55289e083fa5
2019-10-16 18:01:56,084 [grpc-default-executor-3] INFO  impl.RoleInfo (RoleInfo.java:shutdownFollowerState(121)) - f4c54511-b161-4347-aec5-5236dc80a0d8: shutdown FollowerState
2019-10-16 18:01:56,084 [grpc-default-executor-1] INFO  impl.RaftServerImpl (RaftServerImpl.java:setRole(184)) - 907b9765-214b-4864-b66a-d6e2a5789e5c@group-EFD1D20A002C: changes role from  FOLLOWER to FOLLOWER at term 608 for recognizeCandidate:bf55b3f9-6b09-4365-9d71-55289e083fa5
2019-10-16 18:01:56,084 [Thread-3670] INFO  impl.FollowerState (FollowerState.java:run(117)) - f4c54511-b161-4347-aec5-5236dc80a0d8@group-EFD1D20A002C-FollowerState was interrupted: java.lang.InterruptedException: sleep interrupted
2019-10-16 18:01:56,084 [grpc-default-executor-3] INFO  impl.RoleInfo (RoleInfo.java:updateAndGet(143)) - f4c54511-b161-4347-aec5-5236dc80a0d8: start FollowerState
2019-10-16 18:01:56,084 [grpc-default-executor-1] INFO  impl.RoleInfo (RoleInfo.java:shutdownFollowerState(121)) - 907b9765-214b-4864-b66a-d6e2a5789e5c: shutdown FollowerState
2019-10-16 18:01:56,084 [grpc-default-executor-1] INFO  impl.RoleInfo (RoleInfo.java:updateAndGet(143)) - 907b9765-214b-4864-b66a-d6e2a5789e5c: start FollowerState
2019-10-16 18:01:56,084 [Thread-3669] INFO  impl.FollowerState (FollowerState.java:run(117)) - 907b9765-214b-4864-b66a-d6e2a5789e5c@group-EFD1D20A002C-FollowerState was interrupted: java.lang.InterruptedException: sleep interrupted
2019-10-16 18:01:56,117 [bf55b3f9-6b09-4365-9d71-55289e083fa5@group-EFD1D20A002C-LeaderElection515] INFO  impl.LeaderElection (LeaderElection.java:logAndReturn(56)) - bf55b3f9-6b09-4365-9d71-55289e083fa5@group-EFD1D20A002C-LeaderElection515: Election REJECTED; received 2 response(s) [bf55b3f9-6b09-4365-9d71-55289e083fa5<-f4c54511-b161-4347-aec5-5236dc80a0d8#0:FAIL-t608, bf55b3f9-6b09-4365-9d71-55289e083fa5<-907b9765-214b-4864-b66a-d6e2a5789e5c#0:FAIL-t608] and 0 exception(s); bf55b3f9-6b09-4365-9d71-55289e083fa5@group-EFD1D20A002C:t608, leader=null, voted=bf55b3f9-6b09-4365-9d71-55289e083fa5, raftlog=bf55b3f9-6b09-4365-9d71-55289e083fa5@group-EFD1D20A002C-SegmentedRaftLog:OPENED:c-1,f-1,i0, conf=-1: [f4c54511-b161-4347-aec5-5236dc80a0d8:0.0.0.0:41238, 907b9765-214b-4864-b66a-d6e2a5789e5c:0.0.0.0:41650, bf55b3f9-6b09-4365-9d71-55289e083fa5:0.0.0.0:42441], old=null
2019-10-16 18:01:56,117 [bf55b3f9-6b09-4365-9d71-55289e083fa5@group-EFD1D20A002C-LeaderElection515] INFO  impl.RaftServerImpl (RaftServerImpl.java:setRole(184)) - bf55b3f9-6b09-4365-9d71-55289e083fa5@group-EFD1D20A002C: changes role from CANDIDATE to FOLLOWER at term 608 for DISCOVERED_A_NEW_TERM
2019-10-16 18:01:56,117 [bf55b3f9-6b09-4365-9d71-55289e083fa5@group-EFD1D20A002C-LeaderElection515] INFO  impl.RoleInfo (RoleInfo.java:shutdownLeaderElection(134)) - bf55b3f9-6b09-4365-9d71-55289e083fa5: shutdown LeaderElection
2019-10-16 18:01:56,117 [bf55b3f9-6b09-4365-9d71-55289e083fa5@group-EFD1D20A002C-LeaderElection515] INFO  impl.RoleInfo (RoleInfo.java:updateAndGet(143)) - bf55b3f9-6b09-4365-9d71-55289e083fa5: start FollowerState
2019-10-16 18:01:56,141 [Thread-3677] INFO  impl.FollowerState (FollowerState.java:run(108)) - bf55b3f9-6b09-4365-9d71-55289e083fa5@group-EFD1D20A002C-FollowerState: change to CANDIDATE, lastRpcTime:24ms, electionTimeout:24ms
2019-10-16 18:01:56,142 [Thread-3677] INFO  impl.RoleInfo (RoleInfo.java:shutdownFollowerState(121)) - bf55b3f9-6b09-4365-9d71-55289e083fa5: shutdown FollowerState
2019-10-16 18:01:56,142 [Thread-3677] INFO  impl.RaftServerImpl (RaftServerImpl.java:setRole(184)) - bf55b3f9-6b09-4365-9d71-55289e083fa5@group-EFD1D20A002C: changes role from  FOLLOWER to CANDIDATE at term 608 for changeToCandidate
2019-10-16 18:01:56,142 [Thread-3677] INFO  impl.RoleInfo (RoleInfo.java:updateAndGet(143)) - bf55b3f9-6b09-4365-9d71-55289e083fa5: start LeaderElection
2019-10-16 18:01:56,167 [bf55b3f9-6b09-4365-9d71-55289e083fa5@group-EFD1D20A002C-LeaderElection516] INFO  impl.LeaderElection (LeaderElection.java:askForVotes(178)) - bf55b3f9-6b09-4365-9d71-55289e083fa5@group-EFD1D20A002C-LeaderElection516: begin an election at term 609 for -1: [f4c54511-b161-4347-aec5-5236dc80a0d8:0.0.0.0:41238, 907b9765-214b-4864-b66a-d6e2a5789e5c:0.0.0.0:41650, bf55b3f9-6b09-4365-9d71-55289e083fa5:0.0.0.0:42441], old=null
2019-10-16 18:01:56,168 [grpc-default-executor-1] INFO  impl.RaftServerImpl (RaftServerImpl.java:setRole(184)) - 907b9765-214b-4864-b66a-d6e2a5789e5c@group-EFD1D20A002C: changes role from  FOLLOWER to FOLLOWER at term 609 for recognizeCandidate:bf55b3f9-6b09-4365-9d71-55289e083fa5
2019-10-16 18:01:56,168 [grpc-default-executor-3] INFO  impl.RaftServerImpl (RaftServerImpl.java:setRole(184)) - f4c54511-b161-4347-aec5-5236dc80a0d8@group-EFD1D20A002C: changes role from  FOLLOWER to FOLLOWER at term 609 for recognizeCandidate:bf55b3f9-6b09-4365-9d71-55289e083fa5
2019-10-16 18:01:56,169 [grpc-default-executor-3] INFO  impl.RoleInfo (RoleInfo.java:shutdownFollowerState(121)) - f4c54511-b161-4347-aec5-5236dc80a0d8: shutdown FollowerState
2019-10-16 18:01:56,168 [grpc-default-executor-1] INFO  impl.RoleInfo (RoleInfo.java:shutdownFollowerState(121)) - 907b9765-214b-4864-b66a-d6e2a5789e5c: shutdown FollowerState
2019-10-16 18:01:56,169 [Thread-3675] INFO  impl.FollowerState (FollowerState.java:run(117)) - f4c54511-b161-4347-aec5-5236dc80a0d8@group-EFD1D20A002C-FollowerState was interrupted: java.lang.InterruptedException: sleep interrupted
2019-10-16 18:01:56,169 [grpc-default-executor-3] INFO  impl.RoleInfo (RoleInfo.java:updateAndGet(143)) - f4c54511-b161-4347-aec5-5236dc80a0d8: start FollowerState
2019-10-16 18:01:56,169 [Thread-3676] INFO  impl.FollowerState (FollowerState.java:run(117)) - 907b9765-214b-4864-b66a-d6e2a5789e5c@group-EFD1D20A002C-FollowerState was interrupted: java.lang.InterruptedException: sleep interrupted
2019-10-16 18:01:56,169 [grpc-default-executor-1] INFO  impl.RoleInfo (RoleInfo.java:updateAndGet(143)) - 907b9765-214b-4864-b66a-d6e2a5789e5c: start FollowerState
2019-10-16 18:01:56,193 [bf55b3f9-6b09-4365-9d71-55289e083fa5@group-EFD1D20A002C-LeaderElection516] INFO  impl.LeaderElection (LeaderElection.java:logAndReturn(56)) - bf55b3f9-6b09-4365-9d71-55289e083fa5@group-EFD1D20A002C-LeaderElection516: Election REJECTED; received 2 response(s) [bf55b3f9-6b09-4365-9d71-55289e083fa5<-f4c54511-b161-4347-aec5-5236dc80a0d8#0:FAIL-t609, bf55b3f9-6b09-4365-9d71-55289e083fa5<-907b9765-214b-4864-b66a-d6e2a5789e5c#0:FAIL-t609] and 0 exception(s); bf55b3f9-6b09-4365-9d71-55289e083fa5@group-EFD1D20A002C:t609, leader=null, voted=bf55b3f9-6b09-4365-9d71-55289e083fa5, raftlog=bf55b3f9-6b09-4365-9d71-55289e083fa5@group-EFD1D20A002C-SegmentedRaftLog:OPENED:c-1,f-1,i0, conf=-1: [f4c54511-b161-4347-aec5-5236dc80a0d8:0.0.0.0:41238, 907b9765-214b-4864-b66a-d6e2a5789e5c:0.0.0.0:41650, bf55b3f9-6b09-4365-9d71-55289e083fa5:0.0.0.0:42441], old=null
2019-10-16 18:01:56,193 [bf55b3f9-6b09-4365-9d71-55289e083fa5@group-EFD1D20A002C-LeaderElection516] INFO  impl.RaftServerImpl (RaftServerImpl.java:setRole(184)) - bf55b3f9-6b09-4365-9d71-55289e083fa5@group-EFD1D20A002C: changes role from CANDIDATE to FOLLOWER at term 609 for DISCOVERED_A_NEW_TERM
2019-10-16 18:01:56,193 [bf55b3f9-6b09-4365-9d71-55289e083fa5@group-EFD1D20A002C-LeaderElection516] INFO  impl.RoleInfo (RoleInfo.java:shutdownLeaderElection(134)) - bf55b3f9-6b09-4365-9d71-55289e083fa5: shutdown LeaderElection
2019-10-16 18:01:56,193 [bf55b3f9-6b09-4365-9d71-55289e083fa5@group-EFD1D20A002C-LeaderElection516] INFO  impl.RoleInfo (RoleInfo.java:updateAndGet(143)) - bf55b3f9-6b09-4365-9d71-55289e083fa5: start FollowerState
2019-10-16 18:01:56,253 [Thread-3683] INFO  impl.FollowerState (FollowerState.java:run(108)) - bf55b3f9-6b09-4365-9d71-55289e083fa5@group-EFD1D20A002C-FollowerState: change to CANDIDATE, lastRpcTime:60ms, electionTimeout:60ms
2019-10-16 18:01:56,254 [Thread-3683] INFO  impl.RoleInfo (RoleInfo.java:shutdownFollowerState(121)) - bf55b3f9-6b09-4365-9d71-55289e083fa5: shutdown FollowerState
2019-10-16 18:01:56,254 [Thread-3683] INFO  impl.RaftServerImpl (RaftServerImpl.java:setRole(184)) - bf55b3f9-6b09-4365-9d71-55289e083fa5@group-EFD1D20A002C: changes role from  FOLLOWER to CANDIDATE at term 609 for changeToCandidate
2019-10-16 18:01:56,254 [Thread-3683] INFO  impl.RoleInfo (RoleInfo.java:updateAndGet(143)) - bf55b3f9-6b09-4365-9d71-55289e083fa5: start LeaderElection
2019-10-16 18:01:56,285 [bf55b3f9-6b09-4365-9d71-55289e083fa5@group-EFD1D20A002C-LeaderElection517] INFO  impl.LeaderElection (LeaderElection.java:askForVotes(178)) - bf55b3f9-6b09-4365-9d71-55289e083fa5@group-EFD1D20A002C-LeaderElection517: begin an election at term 610 for -1: [f4c54511-b161-4347-aec5-5236dc80a0d8:0.0.0.0:41238, 907b9765-214b-4864-b66a-d6e2a5789e5c:0.0.0.0:41650, bf55b3f9-6b09-4365-9d71-55289e083fa5:0.0.0.0:42441], old=null
2019-10-16 18:01:56,287 [grpc-default-executor-3] INFO  impl.RaftServerImpl (RaftServerImpl.java:setRole(184)) - f4c54511-b161-4347-aec5-5236dc80a0d8@group-EFD1D20A002C: changes role from  FOLLOWER to FOLLOWER at term 610 for recognizeCandidate:bf55b3f9-6b09-4365-9d71-55289e083fa5
2019-10-16 18:01:56,287 [grpc-default-executor-1] INFO  impl.RaftServerImpl (RaftServerImpl.java:setRole(184)) - 907b9765-214b-4864-b66a-d6e2a5789e5c@group-EFD1D20A002C: changes role from  FOLLOWER to FOLLOWER at term 610 for recognizeCandidate:bf55b3f9-6b09-4365-9d71-55289e083fa5
2019-10-16 18:01:56,287 [grpc-default-executor-1] INFO  impl.RoleInfo (RoleInfo.java:shutdownFollowerState(121)) - 907b9765-214b-4864-b66a-d6e2a5789e5c: shutdown FollowerState
2019-10-16 18:01:56,287 [grpc-default-executor-3] INFO  impl.RoleInfo (RoleInfo.java:shutdownFollowerState(121)) - f4c54511-b161-4347-aec5-5236dc80a0d8: shutdown FollowerState
2019-10-16 18:01:56,287 [grpc-default-executor-3] INFO  impl.RoleInfo (RoleInfo.java:updateAndGet(143)) - f4c54511-b161-4347-aec5-5236dc80a0d8: start FollowerState
2019-10-16 18:01:56,287 [Thread-3682] INFO  impl.FollowerState (FollowerState.java:run(117)) - 907b9765-214b-4864-b66a-d6e2a5789e5c@group-EFD1D20A002C-FollowerState was interrupted: java.lang.InterruptedException: sleep interrupted
2019-10-16 18:01:56,287 [grpc-default-executor-1] INFO  impl.RoleInfo (RoleInfo.java:updateAndGet(143)) - 907b9765-214b-4864-b66a-d6e2a5789e5c: start FollowerState
2019-10-16 18:01:56,288 [Thread-3681] INFO  impl.FollowerState (FollowerState.java:run(117)) - f4c54511-b161-4347-aec5-5236dc80a0d8@group-EFD1D20A002C-FollowerState was interrupted: java.lang.InterruptedException: sleep interrupted
2019-10-16 18:01:56,320 [bf55b3f9-6b09-4365-9d71-55289e083fa5@group-EFD1D20A002C-LeaderElection517] INFO  impl.LeaderElection (LeaderElection.java:logAndReturn(56)) - bf55b3f9-6b09-4365-9d71-55289e083fa5@group-EFD1D20A002C-LeaderElection517: Election REJECTED; received 2 response(s) [bf55b3f9-6b09-4365-9d71-55289e083fa5<-f4c54511-b161-4347-aec5-5236dc80a0d8#0:FAIL-t610, bf55b3f9-6b09-4365-9d71-55289e083fa5<-907b9765-214b-4864-b66a-d6e2a5789e5c#0:FAIL-t610] and 0 exception(s); bf55b3f9-6b09-4365-9d71-55289e083fa5@group-EFD1D20A002C:t610, leader=null, voted=bf55b3f9-6b09-4365-9d71-55289e083fa5, raftlog=bf55b3f9-6b09-4365-9d71-55289e083fa5@group-EFD1D20A002C-SegmentedRaftLog:OPENED:c-1,f-1,i0, conf=-1: [f4c54511-b161-4347-aec5-5236dc80a0d8:0.0.0.0:41238, 907b9765-214b-4864-b66a-d6e2a5789e5c:0.0.0.0:41650, bf55b3f9-6b09-4365-9d71-55289e083fa5:0.0.0.0:42441], old=null
2019-10-16 18:01:56,320 [bf55b3f9-6b09-4365-9d71-55289e083fa5@group-EFD1D20A002C-LeaderElection517] INFO  impl.RaftServerImpl (RaftServerImpl.java:setRole(184)) - bf55b3f9-6b09-4365-9d71-55289e083fa5@group-EFD1D20A002C: changes role from CANDIDATE to FOLLOWER at term 610 for DISCOVERED_A_NEW_TERM
2019-10-16 18:01:56,320 [bf55b3f9-6b09-4365-9d71-55289e083fa5@group-EFD1D20A002C-LeaderElection517] INFO  impl.RoleInfo (RoleInfo.java:shutdownLeaderElection(134)) - bf55b3f9-6b09-4365-9d71-55289e083fa5: shutdown LeaderElection
2019-10-16 18:01:56,320 [bf55b3f9-6b09-4365-9d71-55289e083fa5@group-EFD1D20A002C-LeaderElection517] INFO  impl.RoleInfo (RoleInfo.java:updateAndGet(143)) - bf55b3f9-6b09-4365-9d71-55289e083fa5: start FollowerState
2019-10-16 18:01:56,415 [Thread-3691] INFO  impl.FollowerState (FollowerState.java:run(108)) - bf55b3f9-6b09-4365-9d71-55289e083fa5@group-EFD1D20A002C-FollowerState: change to CANDIDATE, lastRpcTime:94ms, electionTimeout:94ms
2019-10-16 18:01:56,415 [Thread-3691] INFO  impl.RoleInfo (RoleInfo.java:shutdownFollowerState(121)) - bf55b3f9-6b09-4365-9d71-55289e083fa5: shutdown FollowerState
2019-10-16 18:01:56,415 [Thread-3691] INFO  impl.RaftServerImpl (RaftServerImpl.java:setRole(184)) - bf55b3f9-6b09-4365-9d71-55289e083fa5@group-EFD1D20A002C: changes role from  FOLLOWER to CANDIDATE at term 610 for changeToCandidate
2019-10-16 18:01:56,415 [Thread-3691] INFO  impl.RoleInfo (RoleInfo.java:updateAndGet(143)) - bf55b3f9-6b09-4365-9d71-55289e083fa5: start LeaderElection
2019-10-16 18:01:56,445 [bf55b3f9-6b09-4365-9d71-55289e083fa5@group-EFD1D20A002C-LeaderElection518] INFO  impl.LeaderElection (LeaderElection.java:askForVotes(178)) - bf55b3f9-6b09-4365-9d71-55289e083fa5@group-EFD1D20A002C-LeaderElection518: begin an election at term 611 for -1: [f4c54511-b161-4347-aec5-5236dc80a0d8:0.0.0.0:41238, 907b9765-214b-4864-b66a-d6e2a5789e5c:0.0.0.0:41650, bf55b3f9-6b09-4365-9d71-55289e083fa5:0.0.0.0:42441], old=null
2019-10-16 18:01:56,446 [grpc-default-executor-3] INFO  impl.RaftServerImpl (RaftServerImpl.java:setRole(184)) - f4c54511-b161-4347-aec5-5236dc80a0d8@group-EFD1D20A002C: changes role from  FOLLOWER to FOLLOWER at term 611 for recognizeCandidate:bf55b3f9-6b09-4365-9d71-55289e083fa5
2019-10-16 18:01:56,447 [grpc-default-executor-3] INFO  impl.RoleInfo (RoleInfo.java:shutdownFollowerState(121)) - f4c54511-b161-4347-aec5-5236dc80a0d8: shutdown FollowerState
2019-10-16 18:01:56,447 [grpc-default-executor-3] INFO  impl.RoleInfo (RoleInfo.java:updateAndGet(143)) - f4c54511-b161-4347-aec5-5236dc80a0d8: start FollowerState
2019-10-16 18:01:56,447 [grpc-default-executor-1] INFO  impl.RaftServerImpl (RaftServerImpl.java:setRole(184)) - 907b9765-214b-4864-b66a-d6e2a5789e5c@group-EFD1D20A002C: changes role from  FOLLOWER to FOLLOWER at term 611 for recognizeCandidate:bf55b3f9-6b09-4365-9d71-55289e083fa5
2019-10-16 18:01:56,447 [grpc-default-executor-1] INFO  impl.RoleInfo (RoleInfo.java:shutdownFollowerState(121)) - 907b9765-214b-4864-b66a-d6e2a5789e5c: shutdown FollowerState
2019-10-16 18:01:56,447 [Thread-3688] INFO  impl.FollowerState (FollowerState.java:run(117)) - f4c54511-b161-4347-aec5-5236dc80a0d8@group-EFD1D20A002C-FollowerState was interrupted: java.lang.InterruptedException: sleep interrupted
2019-10-16 18:01:56,447 [Thread-3687] INFO  impl.FollowerState (FollowerState.java:run(117)) - 907b9765-214b-4864-b66a-d6e2a5789e5c@group-EFD1D20A002C-FollowerState was interrupted: java.lang.InterruptedException: sleep interrupted
2019-10-16 18:01:56,447 [grpc-default-executor-1] INFO  impl.RoleInfo (RoleInfo.java:updateAndGet(143)) - 907b9765-214b-4864-b66a-d6e2a5789e5c: start FollowerState
2019-10-16 18:01:56,480 [bf55b3f9-6b09-4365-9d71-55289e083fa5@group-EFD1D20A002C-LeaderElection518] INFO  impl.LeaderElection (LeaderElection.java:logAndReturn(56)) - bf55b3f9-6b09-4365-9d71-55289e083fa5@group-EFD1D20A002C-LeaderElection518: Election REJECTED; received 2 response(s) [bf55b3f9-6b09-4365-9d71-55289e083fa5<-f4c54511-b161-4347-aec5-5236dc80a0d8#0:FAIL-t611, bf55b3f9-6b09-4365-9d71-55289e083fa5<-907b9765-214b-4864-b66a-d6e2a5789e5c#0:FAIL-t611] and 0 exception(s); bf55b3f9-6b09-4365-9d71-55289e083fa5@group-EFD1D20A002C:t611, leader=null, voted=bf55b3f9-6b09-4365-9d71-55289e083fa5, raftlog=bf55b3f9-6b09-4365-9d71-55289e083fa5@group-EFD1D20A002C-SegmentedRaftLog:OPENED:c-1,f-1,i0, conf=-1: [f4c54511-b161-4347-aec5-5236dc80a0d8:0.0.0.0:41238, 907b9765-214b-4864-b66a-d6e2a5789e5c:0.0.0.0:41650, bf55b3f9-6b09-4365-9d71-55289e083fa5:0.0.0.0:42441], old=null
2019-10-16 18:01:56,480 [bf55b3f9-6b09-4365-9d71-55289e083fa5@group-EFD1D20A002C-LeaderElection518] INFO  impl.RaftServerImpl (RaftServerImpl.java:setRole(184)) - bf55b3f9-6b09-4365-9d71-55289e083fa5@group-EFD1D20A002C: changes role from CANDIDATE to FOLLOWER at term 611 for DISCOVERED_A_NEW_TERM
2019-10-16 18:01:56,480 [bf55b3f9-6b09-4365-9d71-55289e083fa5@group-EFD1D20A002C-LeaderElection518] INFO  impl.RoleInfo (RoleInfo.java:shutdownLeaderElection(134)) - bf55b3f9-6b09-4365-9d71-55289e083fa5: shutdown LeaderElection
2019-10-16 18:01:56,480 [bf55b3f9-6b09-4365-9d71-55289e083fa5@group-EFD1D20A002C-LeaderElection518] INFO  impl.RoleInfo (RoleInfo.java:updateAndGet(143)) - bf55b3f9-6b09-4365-9d71-55289e083fa5: start FollowerState
2019-10-16 18:01:56,533 [Thread-3697] INFO  impl.FollowerState (FollowerState.java:run(108)) - bf55b3f9-6b09-4365-9d71-55289e083fa5@group-EFD1D20A002C-FollowerState: change to CANDIDATE, lastRpcTime:52ms, electionTimeout:52ms
2019-10-16 18:01:56,533 [Thread-3697] INFO  impl.RoleInfo (RoleInfo.java:shutdownFollowerState(121)) - bf55b3f9-6b09-4365-9d71-55289e083fa5: shutdown FollowerState
2019-10-16 18:01:56,533 [Thread-3697] INFO  impl.RaftServerImpl (RaftServerImpl.java:setRole(184)) - bf55b3f9-6b09-4365-9d71-55289e083fa5@group-EFD1D20A002C: changes role from  FOLLOWER to CANDIDATE at term 611 for changeToCandidate
2019-10-16 18:01:56,533 [Thread-3697] INFO  impl.RoleInfo (RoleInfo.java:updateAndGet(143)) - bf55b3f9-6b09-4365-9d71-55289e083fa5: start LeaderElection
2019-10-16 18:01:56,563 [bf55b3f9-6b09-4365-9d71-55289e083fa5@group-EFD1D20A002C-LeaderElection519] INFO  impl.LeaderElection (LeaderElection.java:askForVotes(178)) - bf55b3f9-6b09-4365-9d71-55289e083fa5@group-EFD1D20A002C-LeaderElection519: begin an election at term 612 for -1: [f4c54511-b161-4347-aec5-5236dc80a0d8:0.0.0.0:41238, 907b9765-214b-4864-b66a-d6e2a5789e5c:0.0.0.0:41650, bf55b3f9-6b09-4365-9d71-55289e083fa5:0.0.0.0:42441], old=null
2019-10-16 18:01:56,565 [grpc-default-executor-1] INFO  impl.RaftServerImpl (RaftServerImpl.java:setRole(184)) - 907b9765-214b-4864-b66a-d6e2a5789e5c@group-EFD1D20A002C: changes role from  FOLLOWER to FOLLOWER at term 612 for recognizeCandidate:bf55b3f9-6b09-4365-9d71-55289e083fa5
2019-10-16 18:01:56,566 [grpc-default-executor-3] INFO  impl.RaftServerImpl (RaftServerImpl.java:setRole(184)) - f4c54511-b161-4347-aec5-5236dc80a0d8@group-EFD1D20A002C: changes role from  FOLLOWER to FOLLOWER at term 612 for recognizeCandidate:bf55b3f9-6b09-4365-9d71-55289e083fa5
2019-10-16 18:01:56,566 [grpc-default-executor-3] INFO  impl.RoleInfo (RoleInfo.java:shutdownFollowerState(121)) - f4c54511-b161-4347-aec5-5236dc80a0d8: shutdown FollowerState
2019-10-16 18:01:56,566 [grpc-default-executor-1] INFO  impl.RoleInfo (RoleInfo.java:shutdownFollowerState(121)) - 907b9765-214b-4864-b66a-d6e2a5789e5c: shutdown FollowerState
2019-10-16 18:01:56,566 [Thread-3695] INFO  impl.FollowerState (FollowerState.java:run(117)) - f4c54511-b161-4347-aec5-5236dc80a0d8@group-EFD1D20A002C-FollowerState was interrupted: java.lang.InterruptedException: sleep interrupted
2019-10-16 18:01:56,566 [grpc-default-executor-3] INFO  impl.RoleInfo (RoleInfo.java:updateAndGet(143)) - f4c54511-b161-4347-aec5-5236dc80a0d8: start FollowerState
2019-10-16 18:01:56,566 [Thread-3696] INFO  impl.FollowerState (FollowerState.java:run(117)) - 907b9765-214b-4864-b66a-d6e2a5789e5c@group-EFD1D20A002C-FollowerState was interrupted: java.lang.InterruptedException: sleep interrupted
2019-10-16 18:01:56,566 [grpc-default-executor-1] INFO  impl.RoleInfo (RoleInfo.java:updateAndGet(143)) - 907b9765-214b-4864-b66a-d6e2a5789e5c: start FollowerState
2019-10-16 18:01:56,591 [bf55b3f9-6b09-4365-9d71-55289e083fa5@group-EFD1D20A002C-LeaderElection519] INFO  impl.LeaderElection (LeaderElection.java:logAndReturn(56)) - bf55b3f9-6b09-4365-9d71-55289e083fa5@group-EFD1D20A002C-LeaderElection519: Election REJECTED; received 2 response(s) [bf55b3f9-6b09-4365-9d71-55289e083fa5<-f4c54511-b161-4347-aec5-5236dc80a0d8#0:FAIL-t612, bf55b3f9-6b09-4365-9d71-55289e083fa5<-907b9765-214b-4864-b66a-d6e2a5789e5c#0:FAIL-t612] and 0 exception(s); bf55b3f9-6b09-4365-9d71-55289e083fa5@group-EFD1D20A002C:t612, leader=null, voted=bf55b3f9-6b09-4365-9d71-55289e083fa5, raftlog=bf55b3f9-6b09-4365-9d71-55289e083fa5@group-EFD1D20A002C-SegmentedRaftLog:OPENED:c-1,f-1,i0, conf=-1: [f4c54511-b161-4347-aec5-5236dc80a0d8:0.0.0.0:41238, 907b9765-214b-4864-b66a-d6e2a5789e5c:0.0.0.0:41650, bf55b3f9-6b09-4365-9d71-55289e083fa5:0.0.0.0:42441], old=null
2019-10-16 18:01:56,591 [bf55b3f9-6b09-4365-9d71-55289e083fa5@group-EFD1D20A002C-LeaderElection519] INFO  impl.RaftServerImpl (RaftServerImpl.java:setRole(184)) - bf55b3f9-6b09-4365-9d71-55289e083fa5@group-EFD1D20A002C: changes role from CANDIDATE to FOLLOWER at term 612 for DISCOVERED_A_NEW_TERM
2019-10-16 18:01:56,591 [bf55b3f9-6b09-4365-9d71-55289e083fa5@group-EFD1D20A002C-LeaderElection519] INFO  impl.RoleInfo (RoleInfo.java:shutdownLeaderElection(134)) - bf55b3f9-6b09-4365-9d71-55289e083fa5: shutdown LeaderElection
2019-10-16 18:01:56,591 [bf55b3f9-6b09-4365-9d71-55289e083fa5@group-EFD1D20A002C-LeaderElection519] INFO  impl.RoleInfo (RoleInfo.java:updateAndGet(143)) - bf55b3f9-6b09-4365-9d71-55289e083fa5: start FollowerState
2019-10-16 18:01:56,615 [Thread-3703] INFO  impl.FollowerState (FollowerState.java:run(108)) - bf55b3f9-6b09-4365-9d71-55289e083fa5@group-EFD1D20A002C-FollowerState: change to CANDIDATE, lastRpcTime:24ms, electionTimeout:24ms
2019-10-16 18:01:56,615 [Thread-3703] INFO  impl.RoleInfo (RoleInfo.java:shutdownFollowerState(121)) - bf55b3f9-6b09-4365-9d71-55289e083fa5: shutdown FollowerState
2019-10-16 18:01:56,616 [Thread-3703] INFO  impl.RaftServerImpl (RaftServerImpl.java:setRole(184)) - bf55b3f9-6b09-4365-9d71-55289e083fa5@group-EFD1D20A002C: changes role from  FOLLOWER to CANDIDATE at term 612 for changeToCandidate
2019-10-16 18:01:56,616 [Thread-3703] INFO  impl.RoleInfo (RoleInfo.java:updateAndGet(143)) - bf55b3f9-6b09-4365-9d71-55289e083fa5: start LeaderElection
2019-10-16 18:01:56,640 [bf55b3f9-6b09-4365-9d71-55289e083fa5@group-EFD1D20A002C-LeaderElection520] INFO  impl.LeaderElection (LeaderElection.java:askForVotes(178)) - bf55b3f9-6b09-4365-9d71-55289e083fa5@group-EFD1D20A002C-LeaderElection520: begin an election at term 613 for -1: [f4c54511-b161-4347-aec5-5236dc80a0d8:0.0.0.0:41238, 907b9765-214b-4864-b66a-d6e2a5789e5c:0.0.0.0:41650, bf55b3f9-6b09-4365-9d71-55289e083fa5:0.0.0.0:42441], old=null
2019-10-16 18:01:56,642 [grpc-default-executor-3] INFO  impl.RaftServerImpl (RaftServerImpl.java:setRole(184)) - 907b9765-214b-4864-b66a-d6e2a5789e5c@group-EFD1D20A002C: changes role from  FOLLOWER to FOLLOWER at term 613 for recognizeCandidate:bf55b3f9-6b09-4365-9d71-55289e083fa5
2019-10-16 18:01:56,642 [grpc-default-executor-3] INFO  impl.RoleInfo (RoleInfo.java:shutdownFollowerState(121)) - 907b9765-214b-4864-b66a-d6e2a5789e5c: shutdown FollowerState
2019-10-16 18:01:56,642 [grpc-default-executor-3] INFO  impl.RoleInfo (RoleInfo.java:updateAndGet(143)) - 907b9765-214b-4864-b66a-d6e2a5789e5c: start FollowerState
2019-10-16 18:01:56,642 [grpc-default-executor-1] INFO  impl.RaftServerImpl (RaftServerImpl.java:setRole(184)) - f4c54511-b161-4347-aec5-5236dc80a0d8@group-EFD1D20A002C: changes role from  FOLLOWER to FOLLOWER at term 613 for recognizeCandidate:bf55b3f9-6b09-4365-9d71-55289e083fa5
2019-10-16 18:01:56,643 [grpc-default-executor-1] INFO  impl.RoleInfo (RoleInfo.java:shutdownFollowerState(121)) - f4c54511-b161-4347-aec5-5236dc80a0d8: shutdown FollowerState
2019-10-16 18:01:56,642 [Thread-3702] INFO  impl.FollowerState (FollowerState.java:run(117)) - 907b9765-214b-4864-b66a-d6e2a5789e5c@group-EFD1D20A002C-FollowerState was interrupted: java.lang.InterruptedException: sleep interrupted
2019-10-16 18:01:56,643 [Thread-3701] INFO  impl.FollowerState (FollowerState.java:run(117)) - f4c54511-b161-4347-aec5-5236dc80a0d8@group-EFD1D20A002C-FollowerState was interrupted: java.lang.InterruptedException: sleep interrupted
2019-10-16 18:01:56,643 [grpc-default-executor-1] INFO  impl.RoleInfo (RoleInfo.java:updateAndGet(143)) - f4c54511-b161-4347-aec5-5236dc80a0d8: start FollowerState
2019-10-16 18:01:56,666 [bf55b3f9-6b09-4365-9d71-55289e083fa5@group-EFD1D20A002C-LeaderElection520] INFO  impl.LeaderElection (LeaderElection.java:logAndReturn(56)) - bf55b3f9-6b09-4365-9d71-55289e083fa5@group-EFD1D20A002C-LeaderElection520: Election REJECTED; received 2 response(s) [bf55b3f9-6b09-4365-9d71-55289e083fa5<-f4c54511-b161-4347-aec5-5236dc80a0d8#0:FAIL-t613, bf55b3f9-6b09-4365-9d71-55289e083fa5<-907b9765-214b-4864-b66a-d6e2a5789e5c#0:FAIL-t613] and 0 exception(s); bf55b3f9-6b09-4365-9d71-55289e083fa5@group-EFD1D20A002C:t613, leader=null, voted=bf55b3f9-6b09-4365-9d71-55289e083fa5, raftlog=bf55b3f9-6b09-4365-9d71-55289e083fa5@group-EFD1D20A002C-SegmentedRaftLog:OPENED:c-1,f-1,i0, conf=-1: [f4c54511-b161-4347-aec5-5236dc80a0d8:0.0.0.0:41238, 907b9765-214b-4864-b66a-d6e2a5789e5c:0.0.0.0:41650, bf55b3f9-6b09-4365-9d71-55289e083fa5:0.0.0.0:42441], old=null
2019-10-16 18:01:56,666 [bf55b3f9-6b09-4365-9d71-55289e083fa5@group-EFD1D20A002C-LeaderElection520] INFO  impl.RaftServerImpl (RaftServerImpl.java:setRole(184)) - bf55b3f9-6b09-4365-9d71-55289e083fa5@group-EFD1D20A002C: changes role from CANDIDATE to FOLLOWER at term 613 for DISCOVERED_A_NEW_TERM
2019-10-16 18:01:56,666 [bf55b3f9-6b09-4365-9d71-55289e083fa5@group-EFD1D20A002C-LeaderElection520] INFO  impl.RoleInfo (RoleInfo.java:shutdownLeaderElection(134)) - bf55b3f9-6b09-4365-9d71-55289e083fa5: shutdown LeaderElection
2019-10-16 18:01:56,667 [bf55b3f9-6b09-4365-9d71-55289e083fa5@group-EFD1D20A002C-LeaderElection520] INFO  impl.RoleInfo (RoleInfo.java:updateAndGet(143)) - bf55b3f9-6b09-4365-9d71-55289e083fa5: start FollowerState
2019-10-16 18:01:56,809 [Thread-3709] INFO  impl.FollowerState (FollowerState.java:run(108)) - bf55b3f9-6b09-4365-9d71-55289e083fa5@group-EFD1D20A002C-FollowerState: change to CANDIDATE, lastRpcTime:142ms, electionTimeout:142ms
2019-10-16 18:01:56,809 [Thread-3709] INFO  impl.RoleInfo (RoleInfo.java:shutdownFollowerState(121)) - bf55b3f9-6b09-4365-9d71-55289e083fa5: shutdown FollowerState
2019-10-16 18:01:56,809 [Thread-3709] INFO  impl.RaftServerImpl (RaftServerImpl.java:setRole(184)) - bf55b3f9-6b09-4365-9d71-55289e083fa5@group-EFD1D20A002C: changes role from  FOLLOWER to CANDIDATE at term 613 for changeToCandidate
2019-10-16 18:01:56,809 [Thread-3709] INFO  impl.RoleInfo (RoleInfo.java:updateAndGet(143)) - bf55b3f9-6b09-4365-9d71-55289e083fa5: start LeaderElection
2019-10-16 18:01:56,833 [bf55b3f9-6b09-4365-9d71-55289e083fa5@group-EFD1D20A002C-LeaderElection521] INFO  impl.LeaderElection (LeaderElection.java:askForVotes(178)) - bf55b3f9-6b09-4365-9d71-55289e083fa5@group-EFD1D20A002C-LeaderElection521: begin an election at term 614 for -1: [f4c54511-b161-4347-aec5-5236dc80a0d8:0.0.0.0:41238, 907b9765-214b-4864-b66a-d6e2a5789e5c:0.0.0.0:41650, bf55b3f9-6b09-4365-9d71-55289e083fa5:0.0.0.0:42441], old=null
2019-10-16 18:01:56,836 [grpc-default-executor-3] INFO  impl.RaftServerImpl (RaftServerImpl.java:setRole(184)) - f4c54511-b161-4347-aec5-5236dc80a0d8@group-EFD1D20A002C: changes role from  FOLLOWER to FOLLOWER at term 614 for recognizeCandidate:bf55b3f9-6b09-4365-9d71-55289e083fa5
2019-10-16 18:01:56,836 [grpc-default-executor-3] INFO  impl.RoleInfo (RoleInfo.java:shutdownFollowerState(121)) - f4c54511-b161-4347-aec5-5236dc80a0d8: shutdown FollowerState
2019-10-16 18:01:56,836 [grpc-default-executor-3] INFO  impl.RoleInfo (RoleInfo.java:updateAndGet(143)) - f4c54511-b161-4347-aec5-5236dc80a0d8: start FollowerState
2019-10-16 18:01:56,836 [grpc-default-executor-1] INFO  impl.RaftServerImpl (RaftServerImpl.java:setRole(184)) - 907b9765-214b-4864-b66a-d6e2a5789e5c@group-EFD1D20A002C: changes role from  FOLLOWER to FOLLOWER at term 614 for recognizeCandidate:bf55b3f9-6b09-4365-9d71-55289e083fa5
2019-10-16 18:01:56,836 [Thread-3708] INFO  impl.FollowerState (FollowerState.java:run(117)) - f4c54511-b161-4347-aec5-5236dc80a0d8@group-EFD1D20A002C-FollowerState was interrupted: java.lang.InterruptedException: sleep interrupted
2019-10-16 18:01:56,836 [grpc-default-executor-1] INFO  impl.RoleInfo (RoleInfo.java:shutdownFollowerState(121)) - 907b9765-214b-4864-b66a-d6e2a5789e5c: shutdown FollowerState
2019-10-16 18:01:56,836 [grpc-default-executor-1] INFO  impl.RoleInfo (RoleInfo.java:updateAndGet(143)) - 907b9765-214b-4864-b66a-d6e2a5789e5c: start FollowerState
2019-10-16 18:01:56,836 [Thread-3707] INFO  impl.FollowerState (FollowerState.java:run(117)) - 907b9765-214b-4864-b66a-d6e2a5789e5c@group-EFD1D20A002C-FollowerState was interrupted: java.lang.InterruptedException: sleep interrupted
2019-10-16 18:01:56,860 [bf55b3f9-6b09-4365-9d71-55289e083fa5@group-EFD1D20A002C-LeaderElection521] INFO  impl.LeaderElection (LeaderElection.java:logAndReturn(56)) - bf55b3f9-6b09-4365-9d71-55289e083fa5@group-EFD1D20A002C-LeaderElection521: Election REJECTED; received 2 response(s) [bf55b3f9-6b09-4365-9d71-55289e083fa5<-f4c54511-b161-4347-aec5-5236dc80a0d8#0:FAIL-t614, bf55b3f9-6b09-4365-9d71-55289e083fa5<-907b9765-214b-4864-b66a-d6e2a5789e5c#0:FAIL-t614] and 0 exception(s); bf55b3f9-6b09-4365-9d71-55289e083fa5@group-EFD1D20A002C:t614, leader=null, voted=bf55b3f9-6b09-4365-9d71-55289e083fa5, raftlog=bf55b3f9-6b09-4365-9d71-55289e083fa5@group-EFD1D20A002C-SegmentedRaftLog:OPENED:c-1,f-1,i0, conf=-1: [f4c54511-b161-4347-aec5-5236dc80a0d8:0.0.0.0:41238, 907b9765-214b-4864-b66a-d6e2a5789e5c:0.0.0.0:41650, bf55b3f9-6b09-4365-9d71-55289e083fa5:0.0.0.0:42441], old=null
2019-10-16 18:01:56,860 [bf55b3f9-6b09-4365-9d71-55289e083fa5@group-EFD1D20A002C-LeaderElection521] INFO  impl.RaftServerImpl (RaftServerImpl.java:setRole(184)) - bf55b3f9-6b09-4365-9d71-55289e083fa5@group-EFD1D20A002C: changes role from CANDIDATE to FOLLOWER at term 614 for DISCOVERED_A_NEW_TERM
2019-10-16 18:01:56,860 [bf55b3f9-6b09-4365-9d71-55289e083fa5@group-EFD1D20A002C-LeaderElection521] INFO  impl.RoleInfo (RoleInfo.java:shutdownLeaderElection(134)) - bf55b3f9-6b09-4365-9d71-55289e083fa5: shutdown LeaderElection
2019-10-16 18:01:56,860 [bf55b3f9-6b09-4365-9d71-55289e083fa5@group-EFD1D20A002C-LeaderElection521] INFO  impl.RoleInfo (RoleInfo.java:updateAndGet(143)) - bf55b3f9-6b09-4365-9d71-55289e083fa5: start FollowerState
2019-10-16 18:01:56,899 [Thread-3715] INFO  impl.FollowerState (FollowerState.java:run(108)) - bf55b3f9-6b09-4365-9d71-55289e083fa5@group-EFD1D20A002C-FollowerState: change to CANDIDATE, lastRpcTime:38ms, electionTimeout:38ms
2019-10-16 18:01:56,899 [Thread-3715] INFO  impl.RoleInfo (RoleInfo.java:shutdownFollowerState(121)) - bf55b3f9-6b09-4365-9d71-55289e083fa5: shutdown FollowerState
2019-10-16 18:01:56,899 [Thread-3715] INFO  impl.RaftServerImpl (RaftServerImpl.java:setRole(184)) - bf55b3f9-6b09-4365-9d71-55289e083fa5@group-EFD1D20A002C: changes role from  FOLLOWER to CANDIDATE at term 614 for changeToCandidate
2019-10-16 18:01:56,899 [Thread-3715] INFO  impl.RoleInfo (RoleInfo.java:updateAndGet(143)) - bf55b3f9-6b09-4365-9d71-55289e083fa5: start LeaderElection
2019-10-16 18:01:56,926 [bf55b3f9-6b09-4365-9d71-55289e083fa5@group-EFD1D20A002C-LeaderElection522] INFO  impl.LeaderElection (LeaderElection.java:askForVotes(178)) - bf55b3f9-6b09-4365-9d71-55289e083fa5@group-EFD1D20A002C-LeaderElection522: begin an election at term 615 for -1: [f4c54511-b161-4347-aec5-5236dc80a0d8:0.0.0.0:41238, 907b9765-214b-4864-b66a-d6e2a5789e5c:0.0.0.0:41650, bf55b3f9-6b09-4365-9d71-55289e083fa5:0.0.0.0:42441], old=null
2019-10-16 18:01:56,928 [grpc-default-executor-1] INFO  impl.RaftServerImpl (RaftServerImpl.java:setRole(184)) - f4c54511-b161-4347-aec5-5236dc80a0d8@group-EFD1D20A002C: changes role from  FOLLOWER to FOLLOWER at term 615 for recognizeCandidate:bf55b3f9-6b09-4365-9d71-55289e083fa5
2019-10-16 18:01:56,928 [grpc-default-executor-3] INFO  impl.RaftServerImpl (RaftServerImpl.java:setRole(184)) - 907b9765-214b-4864-b66a-d6e2a5789e5c@group-EFD1D20A002C: changes role from  FOLLOWER to FOLLOWER at term 615 for recognizeCandidate:bf55b3f9-6b09-4365-9d71-55289e083fa5
2019-10-16 18:01:56,928 [grpc-default-executor-1] INFO  impl.RoleInfo (RoleInfo.java:shutdownFollowerState(121)) - f4c54511-b161-4347-aec5-5236dc80a0d8: shutdown FollowerState
2019-10-16 18:01:56,929 [grpc-default-executor-3] INFO  impl.RoleInfo (RoleInfo.java:shutdownFollowerState(121)) - 907b9765-214b-4864-b66a-d6e2a5789e5c: shutdown FollowerState
2019-10-16 18:01:56,929 [Thread-3713] INFO  impl.FollowerState (FollowerState.java:run(117)) - f4c54511-b161-4347-aec5-5236dc80a0d8@group-EFD1D20A002C-FollowerState was interrupted: java.lang.InterruptedException: sleep interrupted
2019-10-16 18:01:56,929 [grpc-default-executor-1] INFO  impl.RoleInfo (RoleInfo.java:updateAndGet(143)) - f4c54511-b161-4347-aec5-5236dc80a0d8: start FollowerState
2019-10-16 18:01:56,929 [Thread-3714] INFO  impl.FollowerState (FollowerState.java:run(117)) - 907b9765-214b-4864-b66a-d6e2a5789e5c@group-EFD1D20A002C-FollowerState was interrupted: java.lang.InterruptedException: sleep interrupted
2019-10-16 18:01:56,929 [grpc-default-executor-3] INFO  impl.RoleInfo (RoleInfo.java:updateAndGet(143)) - 907b9765-214b-4864-b66a-d6e2a5789e5c: start FollowerState
2019-10-16 18:01:56,938 [bf55b3f9-6b09-4365-9d71-55289e083fa5@group-EFD1D20A002C-LeaderElection522] INFO  impl.LeaderElection (LeaderElection.java:logAndReturn(56)) - bf55b3f9-6b09-4365-9d71-55289e083fa5@group-EFD1D20A002C-LeaderElection522: Election TIMEOUT; received 0 response(s) [] and 0 exception(s); bf55b3f9-6b09-4365-9d71-55289e083fa5@group-EFD1D20A002C:t615, leader=null, voted=bf55b3f9-6b09-4365-9d71-55289e083fa5, raftlog=bf55b3f9-6b09-4365-9d71-55289e083fa5@group-EFD1D20A002C-SegmentedRaftLog:OPENED:c-1,f-1,i0, conf=-1: [f4c54511-b161-4347-aec5-5236dc80a0d8:0.0.0.0:41238, 907b9765-214b-4864-b66a-d6e2a5789e5c:0.0.0.0:41650, bf55b3f9-6b09-4365-9d71-55289e083fa5:0.0.0.0:42441], old=null
2019-10-16 18:01:56,952 [bf55b3f9-6b09-4365-9d71-55289e083fa5@group-EFD1D20A002C-LeaderElection522] INFO  impl.LeaderElection (LeaderElection.java:askForVotes(178)) - bf55b3f9-6b09-4365-9d71-55289e083fa5@group-EFD1D20A002C-LeaderElection522: begin an election at term 616 for -1: [f4c54511-b161-4347-aec5-5236dc80a0d8:0.0.0.0:41238, 907b9765-214b-4864-b66a-d6e2a5789e5c:0.0.0.0:41650, bf55b3f9-6b09-4365-9d71-55289e083fa5:0.0.0.0:42441], old=null
2019-10-16 18:01:56,953 [grpc-default-executor-1] INFO  impl.RaftServerImpl (RaftServerImpl.java:setRole(184)) - f4c54511-b161-4347-aec5-5236dc80a0d8@group-EFD1D20A002C: changes role from  FOLLOWER to FOLLOWER at term 616 for recognizeCandidate:bf55b3f9-6b09-4365-9d71-55289e083fa5
2019-10-16 18:01:56,954 [grpc-default-executor-1] INFO  impl.RoleInfo (RoleInfo.java:shutdownFollowerState(121)) - f4c54511-b161-4347-aec5-5236dc80a0d8: shutdown FollowerState
2019-10-16 18:01:56,954 [grpc-default-executor-1] INFO  impl.RoleInfo (RoleInfo.java:updateAndGet(143)) - f4c54511-b161-4347-aec5-5236dc80a0d8: start FollowerState
2019-10-16 18:01:56,954 [grpc-default-executor-3] INFO  impl.RaftServerImpl (RaftServerImpl.java:setRole(184)) - 907b9765-214b-4864-b66a-d6e2a5789e5c@group-EFD1D20A002C: changes role from  FOLLOWER to FOLLOWER at term 616 for recognizeCandidate:bf55b3f9-6b09-4365-9d71-55289e083fa5
2019-10-16 18:01:56,954 [grpc-default-executor-3] INFO  impl.RoleInfo (RoleInfo.java:shutdownFollowerState(121)) - 907b9765-214b-4864-b66a-d6e2a5789e5c: shutdown FollowerState
2019-10-16 18:01:56,954 [Thread-3719] INFO  impl.FollowerState (FollowerState.java:run(117)) - f4c54511-b161-4347-aec5-5236dc80a0d8@group-EFD1D20A002C-FollowerState was interrupted: java.lang.InterruptedException: sleep interrupted
2019-10-16 18:01:56,954 [Thread-3720] INFO  impl.FollowerState (FollowerState.java:run(117)) - 907b9765-214b-4864-b66a-d6e2a5789e5c@group-EFD1D20A002C-FollowerState was interrupted: java.lang.InterruptedException: sleep interrupted
2019-10-16 18:01:56,954 [grpc-default-executor-3] INFO  impl.RoleInfo (RoleInfo.java:updateAndGet(143)) - 907b9765-214b-4864-b66a-d6e2a5789e5c: start FollowerState
2019-10-16 18:01:56,978 [bf55b3f9-6b09-4365-9d71-55289e083fa5@group-EFD1D20A002C-LeaderElection522] INFO  impl.LeaderElection (LeaderElection.java:logAndReturn(56)) - bf55b3f9-6b09-4365-9d71-55289e083fa5@group-EFD1D20A002C-LeaderElection522: Election REJECTED; received 2 response(s) [bf55b3f9-6b09-4365-9d71-55289e083fa5<-f4c54511-b161-4347-aec5-5236dc80a0d8#0:FAIL-t616, bf55b3f9-6b09-4365-9d71-55289e083fa5<-907b9765-214b-4864-b66a-d6e2a5789e5c#0:FAIL-t616] and 0 exception(s); bf55b3f9-6b09-4365-9d71-55289e083fa5@group-EFD1D20A002C:t616, leader=null, voted=bf55b3f9-6b09-4365-9d71-55289e083fa5, raftlog=bf55b3f9-6b09-4365-9d71-55289e083fa5@group-EFD1D20A002C-SegmentedRaftLog:OPENED:c-1,f-1,i0, conf=-1: [f4c54511-b161-4347-aec5-5236dc80a0d8:0.0.0.0:41238, 907b9765-214b-4864-b66a-d6e2a5789e5c:0.0.0.0:41650, bf55b3f9-6b09-4365-9d71-55289e083fa5:0.0.0.0:42441], old=null
2019-10-16 18:01:56,978 [bf55b3f9-6b09-4365-9d71-55289e083fa5@group-EFD1D20A002C-LeaderElection522] INFO  impl.RaftServerImpl (RaftServerImpl.java:setRole(184)) - bf55b3f9-6b09-4365-9d71-55289e083fa5@group-EFD1D20A002C: changes role from CANDIDATE to FOLLOWER at term 616 for DISCOVERED_A_NEW_TERM
2019-10-16 18:01:56,978 [bf55b3f9-6b09-4365-9d71-55289e083fa5@group-EFD1D20A002C-LeaderElection522] INFO  impl.RoleInfo (RoleInfo.java:shutdownLeaderElection(134)) - bf55b3f9-6b09-4365-9d71-55289e083fa5: shutdown LeaderElection
2019-10-16 18:01:56,978 [bf55b3f9-6b09-4365-9d71-55289e083fa5@group-EFD1D20A002C-LeaderElection522] INFO  impl.RoleInfo (RoleInfo.java:updateAndGet(143)) - bf55b3f9-6b09-4365-9d71-55289e083fa5: start FollowerState
2019-10-16 18:01:57,032 [Thread-3725] INFO  impl.FollowerState (FollowerState.java:run(108)) - bf55b3f9-6b09-4365-9d71-55289e083fa5@group-EFD1D20A002C-FollowerState: change to CANDIDATE, lastRpcTime:53ms, electionTimeout:53ms
2019-10-16 18:01:57,032 [Thread-3725] INFO  impl.RoleInfo (RoleInfo.java:shutdownFollowerState(121)) - bf55b3f9-6b09-4365-9d71-55289e083fa5: shutdown FollowerState
2019-10-16 18:01:57,032 [Thread-3725] INFO  impl.RaftServerImpl (RaftServerImpl.java:setRole(184)) - bf55b3f9-6b09-4365-9d71-55289e083fa5@group-EFD1D20A002C: changes role from  FOLLOWER to CANDIDATE at term 616 for changeToCandidate
2019-10-16 18:01:57,032 [Thread-3725] INFO  impl.RoleInfo (RoleInfo.java:updateAndGet(143)) - bf55b3f9-6b09-4365-9d71-55289e083fa5: start LeaderElection
2019-10-16 18:01:57,117 [bf55b3f9-6b09-4365-9d71-55289e083fa5@group-EFD1D20A002C-LeaderElection523] INFO  impl.LeaderElection (LeaderElection.java:askForVotes(178)) - bf55b3f9-6b09-4365-9d71-55289e083fa5@group-EFD1D20A002C-LeaderElection523: begin an election at term 617 for -1: [f4c54511-b161-4347-aec5-5236dc80a0d8:0.0.0.0:41238, 907b9765-214b-4864-b66a-d6e2a5789e5c:0.0.0.0:41650, bf55b3f9-6b09-4365-9d71-55289e083fa5:0.0.0.0:42441], old=null
2019-10-16 18:01:57,119 [grpc-default-executor-3] INFO  impl.RaftServerImpl (RaftServerImpl.java:setRole(184)) - f4c54511-b161-4347-aec5-5236dc80a0d8@group-EFD1D20A002C: changes role from  FOLLOWER to FOLLOWER at term 617 for recognizeCandidate:bf55b3f9-6b09-4365-9d71-55289e083fa5
2019-10-16 18:01:57,119 [grpc-default-executor-1] INFO  impl.RaftServerImpl (RaftServerImpl.java:setRole(184)) - 907b9765-214b-4864-b66a-d6e2a5789e5c@group-EFD1D20A002C: changes role from  FOLLOWER to FOLLOWER at term 617 for recognizeCandidate:bf55b3f9-6b09-4365-9d71-55289e083fa5
2019-10-16 18:01:57,119 [grpc-default-executor-3] INFO  impl.RoleInfo (RoleInfo.java:shutdownFollowerState(121)) - f4c54511-b161-4347-aec5-5236dc80a0d8: shutdown FollowerState
2019-10-16 18:01:57,119 [grpc-default-executor-1] INFO  impl.RoleInfo (RoleInfo.java:shutdownFollowerState(121)) - 907b9765-214b-4864-b66a-d6e2a5789e5c: shutdown FollowerState
2019-10-16 18:01:57,119 [Thread-3723] INFO  impl.FollowerState (FollowerState.java:run(117)) - f4c54511-b161-4347-aec5-5236dc80a0d8@group-EFD1D20A002C-FollowerState was interrupted: java.lang.InterruptedException: sleep interrupted
2019-10-16 18:01:57,119 [grpc-default-executor-3] INFO  impl.RoleInfo (RoleInfo.java:updateAndGet(143)) - f4c54511-b161-4347-aec5-5236dc80a0d8: start FollowerState
2019-10-16 18:01:57,120 [Thread-3724] INFO  impl.FollowerState (FollowerState.java:run(117)) - 907b9765-214b-4864-b66a-d6e2a5789e5c@group-EFD1D20A002C-FollowerState was interrupted: java.lang.InterruptedException: sleep interrupted
2019-10-16 18:01:57,120 [grpc-default-executor-1] INFO  impl.RoleInfo (RoleInfo.java:updateAndGet(143)) - 907b9765-214b-4864-b66a-d6e2a5789e5c: start FollowerState
2019-10-16 18:01:57,136 [bf55b3f9-6b09-4365-9d71-55289e083fa5@group-EFD1D20A002C-LeaderElection523] INFO  impl.LeaderElection (LeaderElection.java:logAndReturn(56)) - bf55b3f9-6b09-4365-9d71-55289e083fa5@group-EFD1D20A002C-LeaderElection523: Election REJECTED; received 2 response(s) [bf55b3f9-6b09-4365-9d71-55289e083fa5<-f4c54511-b161-4347-aec5-5236dc80a0d8#0:FAIL-t617, bf55b3f9-6b09-4365-9d71-55289e083fa5<-907b9765-214b-4864-b66a-d6e2a5789e5c#0:FAIL-t617] and 0 exception(s); bf55b3f9-6b09-4365-9d71-55289e083fa5@group-EFD1D20A002C:t617, leader=null, voted=bf55b3f9-6b09-4365-9d71-55289e083fa5, raftlog=bf55b3f9-6b09-4365-9d71-55289e083fa5@group-EFD1D20A002C-SegmentedRaftLog:OPENED:c-1,f-1,i0, conf=-1: [f4c54511-b161-4347-aec5-5236dc80a0d8:0.0.0.0:41238, 907b9765-214b-4864-b66a-d6e2a5789e5c:0.0.0.0:41650, bf55b3f9-6b09-4365-9d71-55289e083fa5:0.0.0.0:42441], old=null
2019-10-16 18:01:57,136 [bf55b3f9-6b09-4365-9d71-55289e083fa5@group-EFD1D20A002C-LeaderElection523] INFO  impl.RaftServerImpl (RaftServerImpl.java:setRole(184)) - bf55b3f9-6b09-4365-9d71-55289e083fa5@group-EFD1D20A002C: changes role from CANDIDATE to FOLLOWER at term 617 for DISCOVERED_A_NEW_TERM
2019-10-16 18:01:57,136 [bf55b3f9-6b09-4365-9d71-55289e083fa5@group-EFD1D20A002C-LeaderElection523] INFO  impl.RoleInfo (RoleInfo.java:shutdownLeaderElection(134)) - bf55b3f9-6b09-4365-9d71-55289e083fa5: shutdown LeaderElection
2019-10-16 18:01:57,136 [bf55b3f9-6b09-4365-9d71-55289e083fa5@group-EFD1D20A002C-LeaderElection523] INFO  impl.RoleInfo (RoleInfo.java:updateAndGet(143)) - bf55b3f9-6b09-4365-9d71-55289e083fa5: start FollowerState
2019-10-16 18:01:57,181 [Thread-3731] INFO  impl.FollowerState (FollowerState.java:run(108)) - bf55b3f9-6b09-4365-9d71-55289e083fa5@group-EFD1D20A002C-FollowerState: change to CANDIDATE, lastRpcTime:44ms, electionTimeout:44ms
2019-10-16 18:01:57,181 [Thread-3731] INFO  impl.RoleInfo (RoleInfo.java:shutdownFollowerState(121)) - bf55b3f9-6b09-4365-9d71-55289e083fa5: shutdown FollowerState
2019-10-16 18:01:57,181 [Thread-3731] INFO  impl.RaftServerImpl (RaftServerImpl.java:setRole(184)) - bf55b3f9-6b09-4365-9d71-55289e083fa5@group-EFD1D20A002C: changes role from  FOLLOWER to CANDIDATE at term 617 for changeToCandidate
2019-10-16 18:01:57,181 [Thread-3731] INFO  impl.RoleInfo (RoleInfo.java:updateAndGet(143)) - bf55b3f9-6b09-4365-9d71-55289e083fa5: start LeaderElection
2019-10-16 18:01:57,200 [bf55b3f9-6b09-4365-9d71-55289e083fa5@group-EFD1D20A002C-LeaderElection524] INFO  impl.LeaderElection (LeaderElection.java:askForVotes(178)) - bf55b3f9-6b09-4365-9d71-55289e083fa5@group-EFD1D20A002C-LeaderElection524: begin an election at term 618 for -1: [f4c54511-b161-4347-aec5-5236dc80a0d8:0.0.0.0:41238, 907b9765-214b-4864-b66a-d6e2a5789e5c:0.0.0.0:41650, bf55b3f9-6b09-4365-9d71-55289e083fa5:0.0.0.0:42441], old=null
2019-10-16 18:01:57,205 [grpc-default-executor-1] INFO  impl.RaftServerImpl (RaftServerImpl.java:setRole(184)) - f4c54511-b161-4347-aec5-5236dc80a0d8@group-EFD1D20A002C: changes role from  FOLLOWER to FOLLOWER at term 618 for recognizeCandidate:bf55b3f9-6b09-4365-9d71-55289e083fa5
2019-10-16 18:01:57,205 [grpc-default-executor-3] INFO  impl.RaftServerImpl (RaftServerImpl.java:setRole(184)) - 907b9765-214b-4864-b66a-d6e2a5789e5c@group-EFD1D20A002C: changes role from  FOLLOWER to FOLLOWER at term 618 for recognizeCandidate:bf55b3f9-6b09-4365-9d71-55289e083fa5
2019-10-16 18:01:57,205 [grpc-default-executor-1] INFO  impl.RoleInfo (RoleInfo.java:shutdownFollowerState(121)) - f4c54511-b161-4347-aec5-5236dc80a0d8: shutdown FollowerState
2019-10-16 18:01:57,205 [grpc-default-executor-3] INFO  impl.RoleInfo (RoleInfo.java:shutdownFollowerState(121)) - 907b9765-214b-4864-b66a-d6e2a5789e5c: shutdown FollowerState
2019-10-16 18:01:57,206 [grpc-default-executor-1] INFO  impl.RoleInfo (RoleInfo.java:updateAndGet(143)) - f4c54511-b161-4347-aec5-5236dc80a0d8: start FollowerState
2019-10-16 18:01:57,206 [Thread-3730] INFO  impl.FollowerState (FollowerState.java:run(117)) - 907b9765-214b-4864-b66a-d6e2a5789e5c@group-EFD1D20A002C-FollowerState was interrupted: java.lang.InterruptedException: sleep interrupted
2019-10-16 18:01:57,206 [Thread-3729] INFO  impl.FollowerState (FollowerState.java:run(117)) - f4c54511-b161-4347-aec5-5236dc80a0d8@group-EFD1D20A002C-FollowerState was interrupted: java.lang.InterruptedException: sleep interrupted
2019-10-16 18:01:57,206 [grpc-default-executor-3] INFO  impl.RoleInfo (RoleInfo.java:updateAndGet(143)) - 907b9765-214b-4864-b66a-d6e2a5789e5c: start FollowerState
2019-10-16 18:01:57,222 [bf55b3f9-6b09-4365-9d71-55289e083fa5@group-EFD1D20A002C-LeaderElection524] INFO  impl.LeaderElection (LeaderElection.java:logAndReturn(56)) - bf55b3f9-6b09-4365-9d71-55289e083fa5@group-EFD1D20A002C-LeaderElection524: Election REJECTED; received 2 response(s) [bf55b3f9-6b09-4365-9d71-55289e083fa5<-f4c54511-b161-4347-aec5-5236dc80a0d8#0:FAIL-t618, bf55b3f9-6b09-4365-9d71-55289e083fa5<-907b9765-214b-4864-b66a-d6e2a5789e5c#0:FAIL-t618] and 0 exception(s); bf55b3f9-6b09-4365-9d71-55289e083fa5@group-EFD1D20A002C:t618, leader=null, voted=bf55b3f9-6b09-4365-9d71-55289e083fa5, raftlog=bf55b3f9-6b09-4365-9d71-55289e083fa5@group-EFD1D20A002C-SegmentedRaftLog:OPENED:c-1,f-1,i0, conf=-1: [f4c54511-b161-4347-aec5-5236dc80a0d8:0.0.0.0:41238, 907b9765-214b-4864-b66a-d6e2a5789e5c:0.0.0.0:41650, bf55b3f9-6b09-4365-9d71-55289e083fa5:0.0.0.0:42441], old=null
2019-10-16 18:01:57,222 [bf55b3f9-6b09-4365-9d71-55289e083fa5@group-EFD1D20A002C-LeaderElection524] INFO  impl.RaftServerImpl (RaftServerImpl.java:setRole(184)) - bf55b3f9-6b09-4365-9d71-55289e083fa5@group-EFD1D20A002C: changes role from CANDIDATE to FOLLOWER at term 618 for DISCOVERED_A_NEW_TERM
2019-10-16 18:01:57,222 [bf55b3f9-6b09-4365-9d71-55289e083fa5@group-EFD1D20A002C-LeaderElection524] INFO  impl.RoleInfo (RoleInfo.java:shutdownLeaderElection(134)) - bf55b3f9-6b09-4365-9d71-55289e083fa5: shutdown LeaderElection
2019-10-16 18:01:57,222 [bf55b3f9-6b09-4365-9d71-55289e083fa5@group-EFD1D20A002C-LeaderElection524] INFO  impl.RoleInfo (RoleInfo.java:updateAndGet(143)) - bf55b3f9-6b09-4365-9d71-55289e083fa5: start FollowerState
2019-10-16 18:01:57,353 [Thread-3737] INFO  impl.FollowerState (FollowerState.java:run(108)) - bf55b3f9-6b09-4365-9d71-55289e083fa5@group-EFD1D20A002C-FollowerState: change to CANDIDATE, lastRpcTime:130ms, electionTimeout:130ms
2019-10-16 18:01:57,353 [Thread-3737] INFO  impl.RoleInfo (RoleInfo.java:shutdownFollowerState(121)) - bf55b3f9-6b09-4365-9d71-55289e083fa5: shutdown FollowerState
2019-10-16 18:01:57,353 [Thread-3737] INFO  impl.RaftServerImpl (RaftServerImpl.java:setRole(184)) - bf55b3f9-6b09-4365-9d71-55289e083fa5@group-EFD1D20A002C: changes role from  FOLLOWER to CANDIDATE at term 618 for changeToCandidate
2019-10-16 18:01:57,353 [Thread-3737] INFO  impl.RoleInfo (RoleInfo.java:updateAndGet(143)) - bf55b3f9-6b09-4365-9d71-55289e083fa5: start LeaderElection
2019-10-16 18:01:57,375 [bf55b3f9-6b09-4365-9d71-55289e083fa5@group-EFD1D20A002C-LeaderElection525] INFO  impl.LeaderElection (LeaderElection.java:askForVotes(178)) - bf55b3f9-6b09-4365-9d71-55289e083fa5@group-EFD1D20A002C-LeaderElection525: begin an election at term 619 for -1: [f4c54511-b161-4347-aec5-5236dc80a0d8:0.0.0.0:41238, 907b9765-214b-4864-b66a-d6e2a5789e5c:0.0.0.0:41650, bf55b3f9-6b09-4365-9d71-55289e083fa5:0.0.0.0:42441], old=null
2019-10-16 18:01:57,377 [grpc-default-executor-3] INFO  impl.RaftServerImpl (RaftServerImpl.java:setRole(184)) - f4c54511-b161-4347-aec5-5236dc80a0d8@group-EFD1D20A002C: changes role from  FOLLOWER to FOLLOWER at term 619 for recognizeCandidate:bf55b3f9-6b09-4365-9d71-55289e083fa5
2019-10-16 18:01:57,377 [grpc-default-executor-3] INFO  impl.RoleInfo (RoleInfo.java:shutdownFollowerState(121)) - f4c54511-b161-4347-aec5-5236dc80a0d8: shutdown FollowerState
2019-10-16 18:01:57,377 [grpc-default-executor-1] INFO  impl.RaftServerImpl (RaftServerImpl.java:setRole(184)) - 907b9765-214b-4864-b66a-d6e2a5789e5c@group-EFD1D20A002C: changes role from  FOLLOWER to FOLLOWER at term 619 for recognizeCandidate:bf55b3f9-6b09-4365-9d71-55289e083fa5
2019-10-16 18:01:57,377 [Thread-3735] INFO  impl.FollowerState (FollowerState.java:run(117)) - f4c54511-b161-4347-aec5-5236dc80a0d8@group-EFD1D20A002C-FollowerState was interrupted: java.lang.InterruptedException: sleep interrupted
2019-10-16 18:01:57,377 [grpc-default-executor-3] INFO  impl.RoleInfo (RoleInfo.java:updateAndGet(143)) - f4c54511-b161-4347-aec5-5236dc80a0d8: start FollowerState
2019-10-16 18:01:57,377 [grpc-default-executor-1] INFO  impl.RoleInfo (RoleInfo.java:shutdownFollowerState(121)) - 907b9765-214b-4864-b66a-d6e2a5789e5c: shutdown FollowerState
2019-10-16 18:01:57,378 [grpc-default-executor-1] INFO  impl.RoleInfo (RoleInfo.java:updateAndGet(143)) - 907b9765-214b-4864-b66a-d6e2a5789e5c: start FollowerState
2019-10-16 18:01:57,378 [Thread-3736] INFO  impl.FollowerState (FollowerState.java:run(117)) - 907b9765-214b-4864-b66a-d6e2a5789e5c@group-EFD1D20A002C-FollowerState was interrupted: java.lang.InterruptedException: sleep interrupted
2019-10-16 18:01:57,388 [bf55b3f9-6b09-4365-9d71-55289e083fa5@group-EFD1D20A002C-LeaderElection525] INFO  impl.LeaderElection (LeaderElection.java:logAndReturn(56)) - bf55b3f9-6b09-4365-9d71-55289e083fa5@group-EFD1D20A002C-LeaderElection525: Election TIMEOUT; received 0 response(s) [] and 0 exception(s); bf55b3f9-6b09-4365-9d71-55289e083fa5@group-EFD1D20A002C:t619, leader=null, voted=bf55b3f9-6b09-4365-9d71-55289e083fa5, raftlog=bf55b3f9-6b09-4365-9d71-55289e083fa5@group-EFD1D20A002C-SegmentedRaftLog:OPENED:c-1,f-1,i0, conf=-1: [f4c54511-b161-4347-aec5-5236dc80a0d8:0.0.0.0:41238, 907b9765-214b-4864-b66a-d6e2a5789e5c:0.0.0.0:41650, bf55b3f9-6b09-4365-9d71-55289e083fa5:0.0.0.0:42441], old=null
2019-10-16 18:01:57,400 [bf55b3f9-6b09-4365-9d71-55289e083fa5@group-EFD1D20A002C-LeaderElection525] INFO  impl.LeaderElection (LeaderElection.java:askForVotes(178)) - bf55b3f9-6b09-4365-9d71-55289e083fa5@group-EFD1D20A002C-LeaderElection525: begin an election at term 620 for -1: [f4c54511-b161-4347-aec5-5236dc80a0d8:0.0.0.0:41238, 907b9765-214b-4864-b66a-d6e2a5789e5c:0.0.0.0:41650, bf55b3f9-6b09-4365-9d71-55289e083fa5:0.0.0.0:42441], old=null
2019-10-16 18:01:57,401 [grpc-default-executor-1] INFO  impl.RaftServerImpl (RaftServerImpl.java:setRole(184)) - f4c54511-b161-4347-aec5-5236dc80a0d8@group-EFD1D20A002C: changes role from  FOLLOWER to FOLLOWER at term 620 for recognizeCandidate:bf55b3f9-6b09-4365-9d71-55289e083fa5
2019-10-16 18:01:57,402 [grpc-default-executor-1] INFO  impl.RoleInfo (RoleInfo.java:shutdownFollowerState(121)) - f4c54511-b161-4347-aec5-5236dc80a0d8: shutdown FollowerState
2019-10-16 18:01:57,402 [grpc-default-executor-1] INFO  impl.RoleInfo (RoleInfo.java:updateAndGet(143)) - f4c54511-b161-4347-aec5-5236dc80a0d8: start FollowerState
2019-10-16 18:01:57,402 [Thread-3743] INFO  impl.FollowerState (FollowerState.java:run(117)) - f4c54511-b161-4347-aec5-5236dc80a0d8@group-EFD1D20A002C-FollowerState was interrupted: java.lang.InterruptedException: sleep interrupted
2019-10-16 18:01:57,402 [grpc-default-executor-3] INFO  impl.RaftServerImpl (RaftServerImpl.java:setRole(184)) - 907b9765-214b-4864-b66a-d6e2a5789e5c@group-EFD1D20A002C: changes role from  FOLLOWER to FOLLOWER at term 620 for recognizeCandidate:bf55b3f9-6b09-4365-9d71-55289e083fa5
2019-10-16 18:01:57,402 [grpc-default-executor-3] INFO  impl.RoleInfo (RoleInfo.java:shutdownFollowerState(121)) - 907b9765-214b-4864-b66a-d6e2a5789e5c: shutdown FollowerState
2019-10-16 18:01:57,402 [grpc-default-executor-3] INFO  impl.RoleInfo (RoleInfo.java:updateAndGet(143)) - 907b9765-214b-4864-b66a-d6e2a5789e5c: start FollowerState
2019-10-16 18:01:57,402 [Thread-3744] INFO  impl.FollowerState (FollowerState.java:run(117)) - 907b9765-214b-4864-b66a-d6e2a5789e5c@group-EFD1D20A002C-FollowerState was interrupted: java.lang.InterruptedException: sleep interrupted
2019-10-16 18:01:57,418 [bf55b3f9-6b09-4365-9d71-55289e083fa5@group-EFD1D20A002C-LeaderElection525] INFO  impl.LeaderElection (LeaderElection.java:logAndReturn(56)) - bf55b3f9-6b09-4365-9d71-55289e083fa5@group-EFD1D20A002C-LeaderElection525: Election REJECTED; received 2 response(s) [bf55b3f9-6b09-4365-9d71-55289e083fa5<-f4c54511-b161-4347-aec5-5236dc80a0d8#0:FAIL-t620, bf55b3f9-6b09-4365-9d71-55289e083fa5<-907b9765-214b-4864-b66a-d6e2a5789e5c#0:FAIL-t620] and 0 exception(s); bf55b3f9-6b09-4365-9d71-55289e083fa5@group-EFD1D20A002C:t620, leader=null, voted=bf55b3f9-6b09-4365-9d71-55289e083fa5, raftlog=bf55b3f9-6b09-4365-9d71-55289e083fa5@group-EFD1D20A002C-SegmentedRaftLog:OPENED:c-1,f-1,i0, conf=-1: [f4c54511-b161-4347-aec5-5236dc80a0d8:0.0.0.0:41238, 907b9765-214b-4864-b66a-d6e2a5789e5c:0.0.0.0:41650, bf55b3f9-6b09-4365-9d71-55289e083fa5:0.0.0.0:42441], old=null
2019-10-16 18:01:57,418 [bf55b3f9-6b09-4365-9d71-55289e083fa5@group-EFD1D20A002C-LeaderElection525] INFO  impl.RaftServerImpl (RaftServerImpl.java:setRole(184)) - bf55b3f9-6b09-4365-9d71-55289e083fa5@group-EFD1D20A002C: changes role from CANDIDATE to FOLLOWER at term 620 for DISCOVERED_A_NEW_TERM
2019-10-16 18:01:57,418 [bf55b3f9-6b09-4365-9d71-55289e083fa5@group-EFD1D20A002C-LeaderElection525] INFO  impl.RoleInfo (RoleInfo.java:shutdownLeaderElection(134)) - bf55b3f9-6b09-4365-9d71-55289e083fa5: shutdown LeaderElection
2019-10-16 18:01:57,419 [bf55b3f9-6b09-4365-9d71-55289e083fa5@group-EFD1D20A002C-LeaderElection525] INFO  impl.RoleInfo (RoleInfo.java:updateAndGet(143)) - bf55b3f9-6b09-4365-9d71-55289e083fa5: start FollowerState
2019-10-16 18:01:57,449 [Thread-3749] INFO  impl.FollowerState (FollowerState.java:run(108)) - bf55b3f9-6b09-4365-9d71-55289e083fa5@group-EFD1D20A002C-FollowerState: change to CANDIDATE, lastRpcTime:30ms, electionTimeout:30ms
2019-10-16 18:01:57,449 [Thread-3749] INFO  impl.RoleInfo (RoleInfo.java:shutdownFollowerState(121)) - bf55b3f9-6b09-4365-9d71-55289e083fa5: shutdown FollowerState
2019-10-16 18:01:57,449 [Thread-3749] INFO  impl.RaftServerImpl (RaftServerImpl.java:setRole(184)) - bf55b3f9-6b09-4365-9d71-55289e083fa5@group-EFD1D20A002C: changes role from  FOLLOWER to CANDIDATE at term 620 for changeToCandidate
2019-10-16 18:01:57,449 [Thread-3749] INFO  impl.RoleInfo (RoleInfo.java:updateAndGet(143)) - bf55b3f9-6b09-4365-9d71-55289e083fa5: start LeaderElection
2019-10-16 18:01:57,477 [bf55b3f9-6b09-4365-9d71-55289e083fa5@group-EFD1D20A002C-LeaderElection526] INFO  impl.LeaderElection (LeaderElection.java:askForVotes(178)) - bf55b3f9-6b09-4365-9d71-55289e083fa5@group-EFD1D20A002C-LeaderElection526: begin an election at term 621 for -1: [f4c54511-b161-4347-aec5-5236dc80a0d8:0.0.0.0:41238, 907b9765-214b-4864-b66a-d6e2a5789e5c:0.0.0.0:41650, bf55b3f9-6b09-4365-9d71-55289e083fa5:0.0.0.0:42441], old=null
2019-10-16 18:01:57,479 [grpc-default-executor-1] INFO  impl.RaftServerImpl (RaftServerImpl.java:setRole(184)) - f4c54511-b161-4347-aec5-5236dc80a0d8@group-EFD1D20A002C: changes role from  FOLLOWER to FOLLOWER at term 621 for recognizeCandidate:bf55b3f9-6b09-4365-9d71-55289e083fa5
2019-10-16 18:01:57,479 [grpc-default-executor-1] INFO  impl.RoleInfo (RoleInfo.java:shutdownFollowerState(121)) - f4c54511-b161-4347-aec5-5236dc80a0d8: shutdown FollowerState
2019-10-16 18:01:57,479 [grpc-default-executor-3] INFO  impl.RaftServerImpl (RaftServerImpl.java:setRole(184)) - 907b9765-214b-4864-b66a-d6e2a5789e5c@group-EFD1D20A002C: changes role from  FOLLOWER to FOLLOWER at term 621 for recognizeCandidate:bf55b3f9-6b09-4365-9d71-55289e083fa5
2019-10-16 18:01:57,479 [grpc-default-executor-3] INFO  impl.RoleInfo (RoleInfo.java:shutdownFollowerState(121)) - 907b9765-214b-4864-b66a-d6e2a5789e5c: shutdown FollowerState
2019-10-16 18:01:57,479 [Thread-3747] INFO  impl.FollowerState (FollowerState.java:run(117)) - f4c54511-b161-4347-aec5-5236dc80a0d8@group-EFD1D20A002C-FollowerState was interrupted: java.lang.InterruptedException: sleep interrupted
2019-10-16 18:01:57,480 [Thread-3748] INFO  impl.FollowerState (FollowerState.java:run(117)) - 907b9765-214b-4864-b66a-d6e2a5789e5c@group-EFD1D20A002C-FollowerState was interrupted: java.lang.InterruptedException: sleep interrupted
2019-10-16 18:01:57,479 [grpc-default-executor-1] INFO  impl.RoleInfo (RoleInfo.java:updateAndGet(143)) - f4c54511-b161-4347-aec5-5236dc80a0d8: start FollowerState
2019-10-16 18:01:57,480 [grpc-default-executor-3] INFO  impl.RoleInfo (RoleInfo.java:updateAndGet(143)) - 907b9765-214b-4864-b66a-d6e2a5789e5c: start FollowerState
2019-10-16 18:01:57,503 [bf55b3f9-6b09-4365-9d71-55289e083fa5@group-EFD1D20A002C-LeaderElection526] INFO  impl.LeaderElection (LeaderElection.java:logAndReturn(56)) - bf55b3f9-6b09-4365-9d71-55289e083fa5@group-EFD1D20A002C-LeaderElection526: Election REJECTED; received 2 response(s) [bf55b3f9-6b09-4365-9d71-55289e083fa5<-f4c54511-b161-4347-aec5-5236dc80a0d8#0:FAIL-t621, bf55b3f9-6b09-4365-9d71-55289e083fa5<-907b9765-214b-4864-b66a-d6e2a5789e5c#0:FAIL-t621] and 0 exception(s); bf55b3f9-6b09-4365-9d71-55289e083fa5@group-EFD1D20A002C:t621, leader=null, voted=bf55b3f9-6b09-4365-9d71-55289e083fa5, raftlog=bf55b3f9-6b09-4365-9d71-55289e083fa5@group-EFD1D20A002C-SegmentedRaftLog:OPENED:c-1,f-1,i0, conf=-1: [f4c54511-b161-4347-aec5-5236dc80a0d8:0.0.0.0:41238, 907b9765-214b-4864-b66a-d6e2a5789e5c:0.0.0.0:41650, bf55b3f9-6b09-4365-9d71-55289e083fa5:0.0.0.0:42441], old=null
2019-10-16 18:01:57,503 [bf55b3f9-6b09-4365-9d71-55289e083fa5@group-EFD1D20A002C-LeaderElection526] INFO  impl.RaftServerImpl (RaftServerImpl.java:setRole(184)) - bf55b3f9-6b09-4365-9d71-55289e083fa5@group-EFD1D20A002C: changes role from CANDIDATE to FOLLOWER at term 621 for DISCOVERED_A_NEW_TERM
2019-10-16 18:01:57,503 [bf55b3f9-6b09-4365-9d71-55289e083fa5@group-EFD1D20A002C-LeaderElection526] INFO  impl.RoleInfo (RoleInfo.java:shutdownLeaderElection(134)) - bf55b3f9-6b09-4365-9d71-55289e083fa5: shutdown LeaderElection
2019-10-16 18:01:57,504 [bf55b3f9-6b09-4365-9d71-55289e083fa5@group-EFD1D20A002C-LeaderElection526] INFO  impl.RoleInfo (RoleInfo.java:updateAndGet(143)) - bf55b3f9-6b09-4365-9d71-55289e083fa5: start FollowerState
2019-10-16 18:01:57,509 [Thread-3755] INFO  impl.FollowerState (FollowerState.java:run(108)) - bf55b3f9-6b09-4365-9d71-55289e083fa5@group-EFD1D20A002C-FollowerState: change to CANDIDATE, lastRpcTime:5ms, electionTimeout:5ms
2019-10-16 18:01:57,509 [Thread-3755] INFO  impl.RoleInfo (RoleInfo.java:shutdownFollowerState(121)) - bf55b3f9-6b09-4365-9d71-55289e083fa5: shutdown FollowerState
2019-10-16 18:01:57,509 [Thread-3755] INFO  impl.RaftServerImpl (RaftServerImpl.java:setRole(184)) - bf55b3f9-6b09-4365-9d71-55289e083fa5@group-EFD1D20A002C: changes role from  FOLLOWER to CANDIDATE at term 621 for changeToCandidate
2019-10-16 18:01:57,509 [Thread-3755] INFO  impl.RoleInfo (RoleInfo.java:updateAndGet(143)) - bf55b3f9-6b09-4365-9d71-55289e083fa5: start LeaderElection
2019-10-16 18:01:57,536 [bf55b3f9-6b09-4365-9d71-55289e083fa5@group-EFD1D20A002C-LeaderElection527] INFO  impl.LeaderElection (LeaderElection.java:askForVotes(178)) - bf55b3f9-6b09-4365-9d71-55289e083fa5@group-EFD1D20A002C-LeaderElection527: begin an election at term 622 for -1: [f4c54511-b161-4347-aec5-5236dc80a0d8:0.0.0.0:41238, 907b9765-214b-4864-b66a-d6e2a5789e5c:0.0.0.0:41650, bf55b3f9-6b09-4365-9d71-55289e083fa5:0.0.0.0:42441], old=null
2019-10-16 18:01:57,537 [bf55b3f9-6b09-4365-9d71-55289e083fa5@group-EFD1D20A002C-LeaderElection527] INFO  impl.LeaderElection (LeaderElection.java:logAndReturn(56)) - bf55b3f9-6b09-4365-9d71-55289e083fa5@group-EFD1D20A002C-LeaderElection527: Election TIMEOUT; received 0 response(s) [] and 0 exception(s); bf55b3f9-6b09-4365-9d71-55289e083fa5@group-EFD1D20A002C:t622, leader=null, voted=bf55b3f9-6b09-4365-9d71-55289e083fa5, raftlog=bf55b3f9-6b09-4365-9d71-55289e083fa5@group-EFD1D20A002C-SegmentedRaftLog:OPENED:c-1,f-1,i0, conf=-1: [f4c54511-b161-4347-aec5-5236dc80a0d8:0.0.0.0:41238, 907b9765-214b-4864-b66a-d6e2a5789e5c:0.0.0.0:41650, bf55b3f9-6b09-4365-9d71-55289e083fa5:0.0.0.0:42441], old=null
2019-10-16 18:01:57,538 [grpc-default-executor-1] INFO  impl.RaftServerImpl (RaftServerImpl.java:setRole(184)) - f4c54511-b161-4347-aec5-5236dc80a0d8@group-EFD1D20A002C: changes role from  FOLLOWER to FOLLOWER at term 622 for recognizeCandidate:bf55b3f9-6b09-4365-9d71-55289e083fa5
2019-10-16 18:01:57,538 [grpc-default-executor-3] INFO  impl.RaftServerImpl (RaftServerImpl.java:setRole(184)) - 907b9765-214b-4864-b66a-d6e2a5789e5c@group-EFD1D20A002C: changes role from  FOLLOWER to FOLLOWER at term 622 for recognizeCandidate:bf55b3f9-6b09-4365-9d71-55289e083fa5
2019-10-16 18:01:57,538 [grpc-default-executor-1] INFO  impl.RoleInfo (RoleInfo.java:shutdownFollowerState(121)) - f4c54511-b161-4347-aec5-5236dc80a0d8: shutdown FollowerState
2019-10-16 18:01:57,538 [grpc-default-executor-3] INFO  impl.RoleInfo (RoleInfo.java:shutdownFollowerState(121)) - 907b9765-214b-4864-b66a-d6e2a5789e5c: shutdown FollowerState
2019-10-16 18:01:57,539 [Thread-3753] INFO  impl.FollowerState (FollowerState.java:run(117)) - f4c54511-b161-4347-aec5-5236dc80a0d8@group-EFD1D20A002C-FollowerState was interrupted: java.lang.InterruptedException: sleep interrupted
2019-10-16 18:01:57,539 [grpc-default-executor-1] INFO  impl.RoleInfo (RoleInfo.java:updateAndGet(143)) - f4c54511-b161-4347-aec5-5236dc80a0d8: start FollowerState
2019-10-16 18:01:57,539 [Thread-3754] INFO  impl.FollowerState (FollowerState.java:run(117)) - 907b9765-214b-4864-b66a-d6e2a5789e5c@group-EFD1D20A002C-FollowerState was interrupted: java.lang.InterruptedException: sleep interrupted
2019-10-16 18:01:57,539 [grpc-default-executor-3] INFO  impl.RoleInfo (RoleInfo.java:updateAndGet(143)) - 907b9765-214b-4864-b66a-d6e2a5789e5c: start FollowerState
2019-10-16 18:01:57,562 [bf55b3f9-6b09-4365-9d71-55289e083fa5@group-EFD1D20A002C-LeaderElection527] INFO  impl.LeaderElection (LeaderElection.java:askForVotes(178)) - bf55b3f9-6b09-4365-9d71-55289e083fa5@group-EFD1D20A002C-LeaderElection527: begin an election at term 623 for -1: [f4c54511-b161-4347-aec5-5236dc80a0d8:0.0.0.0:41238, 907b9765-214b-4864-b66a-d6e2a5789e5c:0.0.0.0:41650, bf55b3f9-6b09-4365-9d71-55289e083fa5:0.0.0.0:42441], old=null
2019-10-16 18:01:57,563 [grpc-default-executor-1] INFO  impl.RaftServerImpl (RaftServerImpl.java:setRole(184)) - f4c54511-b161-4347-aec5-5236dc80a0d8@group-EFD1D20A002C: changes role from  FOLLOWER to FOLLOWER at term 623 for recognizeCandidate:bf55b3f9-6b09-4365-9d71-55289e083fa5
2019-10-16 18:01:57,563 [grpc-default-executor-1] INFO  impl.RoleInfo (RoleInfo.java:shutdownFollowerState(121)) - f4c54511-b161-4347-aec5-5236dc80a0d8: shutdown FollowerState
2019-10-16 18:01:57,563 [grpc-default-executor-1] INFO  impl.RoleInfo (RoleInfo.java:updateAndGet(143)) - f4c54511-b161-4347-aec5-5236dc80a0d8: start FollowerState
2019-10-16 18:01:57,564 [Thread-3759] INFO  impl.FollowerState (FollowerState.java:run(117)) - f4c54511-b161-4347-aec5-5236dc80a0d8@group-EFD1D20A002C-FollowerState was interrupted: java.lang.InterruptedException: sleep interrupted
2019-10-16 18:01:57,564 [grpc-default-executor-3] INFO  impl.RaftServerImpl (RaftServerImpl.java:setRole(184)) - 907b9765-214b-4864-b66a-d6e2a5789e5c@group-EFD1D20A002C: changes role from  FOLLOWER to FOLLOWER at term 623 for recognizeCandidate:bf55b3f9-6b09-4365-9d71-55289e083fa5
2019-10-16 18:01:57,564 [grpc-default-executor-3] INFO  impl.RoleInfo (RoleInfo.java:shutdownFollowerState(121)) - 907b9765-214b-4864-b66a-d6e2a5789e5c: shutdown FollowerState
2019-10-16 18:01:57,564 [grpc-default-executor-3] INFO  impl.RoleInfo (RoleInfo.java:updateAndGet(143)) - 907b9765-214b-4864-b66a-d6e2a5789e5c: start FollowerState
2019-10-16 18:01:57,564 [Thread-3760] INFO  impl.FollowerState (FollowerState.java:run(117)) - 907b9765-214b-4864-b66a-d6e2a5789e5c@group-EFD1D20A002C-FollowerState was interrupted: java.lang.InterruptedException: sleep interrupted
2019-10-16 18:01:57,596 [bf55b3f9-6b09-4365-9d71-55289e083fa5@group-EFD1D20A002C-LeaderElection527] INFO  impl.LeaderElection (LeaderElection.java:logAndReturn(56)) - bf55b3f9-6b09-4365-9d71-55289e083fa5@group-EFD1D20A002C-LeaderElection527: Election REJECTED; received 2 response(s) [bf55b3f9-6b09-4365-9d71-55289e083fa5<-f4c54511-b161-4347-aec5-5236dc80a0d8#0:FAIL-t623, bf55b3f9-6b09-4365-9d71-55289e083fa5<-907b9765-214b-4864-b66a-d6e2a5789e5c#0:FAIL-t623] and 0 exception(s); bf55b3f9-6b09-4365-9d71-55289e083fa5@group-EFD1D20A002C:t623, leader=null, voted=bf55b3f9-6b09-4365-9d71-55289e083fa5, raftlog=bf55b3f9-6b09-4365-9d71-55289e083fa5@group-EFD1D20A002C-SegmentedRaftLog:OPENED:c-1,f-1,i0, conf=-1: [f4c54511-b161-4347-aec5-5236dc80a0d8:0.0.0.0:41238, 907b9765-214b-4864-b66a-d6e2a5789e5c:0.0.0.0:41650, bf55b3f9-6b09-4365-9d71-55289e083fa5:0.0.0.0:42441], old=null
2019-10-16 18:01:57,596 [bf55b3f9-6b09-4365-9d71-55289e083fa5@group-EFD1D20A002C-LeaderElection527] INFO  impl.RaftServerImpl (RaftServerImpl.java:setRole(184)) - bf55b3f9-6b09-4365-9d71-55289e083fa5@group-EFD1D20A002C: changes role from CANDIDATE to FOLLOWER at term 623 for DISCOVERED_A_NEW_TERM
2019-10-16 18:01:57,596 [bf55b3f9-6b09-4365-9d71-55289e083fa5@group-EFD1D20A002C-LeaderElection527] INFO  impl.RoleInfo (RoleInfo.java:shutdownLeaderElection(134)) - bf55b3f9-6b09-4365-9d71-55289e083fa5: shutdown LeaderElection
2019-10-16 18:01:57,597 [bf55b3f9-6b09-4365-9d71-55289e083fa5@group-EFD1D20A002C-LeaderElection527] INFO  impl.RoleInfo (RoleInfo.java:updateAndGet(143)) - bf55b3f9-6b09-4365-9d71-55289e083fa5: start FollowerState
2019-10-16 18:01:57,784 [Thread-3765] INFO  impl.FollowerState (FollowerState.java:run(108)) - bf55b3f9-6b09-4365-9d71-55289e083fa5@group-EFD1D20A002C-FollowerState: change to CANDIDATE, lastRpcTime:187ms, electionTimeout:187ms
2019-10-16 18:01:57,784 [Thread-3765] INFO  impl.RoleInfo (RoleInfo.java:shutdownFollowerState(121)) - bf55b3f9-6b09-4365-9d71-55289e083fa5: shutdown FollowerState
2019-10-16 18:01:57,784 [Thread-3765] INFO  impl.RaftServerImpl (RaftServerImpl.java:setRole(184)) - bf55b3f9-6b09-4365-9d71-55289e083fa5@group-EFD1D20A002C: changes role from  FOLLOWER to CANDIDATE at term 623 for changeToCandidate
2019-10-16 18:01:57,785 [Thread-3765] INFO  impl.RoleInfo (RoleInfo.java:updateAndGet(143)) - bf55b3f9-6b09-4365-9d71-55289e083fa5: start LeaderElection
2019-10-16 18:01:57,806 [bf55b3f9-6b09-4365-9d71-55289e083fa5@group-EFD1D20A002C-LeaderElection528] INFO  impl.LeaderElection (LeaderElection.java:askForVotes(178)) - bf55b3f9-6b09-4365-9d71-55289e083fa5@group-EFD1D20A002C-LeaderElection528: begin an election at term 624 for -1: [f4c54511-b161-4347-aec5-5236dc80a0d8:0.0.0.0:41238, 907b9765-214b-4864-b66a-d6e2a5789e5c:0.0.0.0:41650, bf55b3f9-6b09-4365-9d71-55289e083fa5:0.0.0.0:42441], old=null
2019-10-16 18:01:57,808 [grpc-default-executor-3] INFO  impl.RaftServerImpl (RaftServerImpl.java:setRole(184)) - f4c54511-b161-4347-aec5-5236dc80a0d8@group-EFD1D20A002C: changes role from  FOLLOWER to FOLLOWER at term 624 for recognizeCandidate:bf55b3f9-6b09-4365-9d71-55289e083fa5
2019-10-16 18:01:57,809 [grpc-default-executor-3] INFO  impl.RoleInfo (RoleInfo.java:shutdownFollowerState(121)) - f4c54511-b161-4347-aec5-5236dc80a0d8: shutdown FollowerState
2019-10-16 18:01:57,809 [grpc-default-executor-3] INFO  impl.RoleInfo (RoleInfo.java:updateAndGet(143)) - f4c54511-b161-4347-aec5-5236dc80a0d8: start FollowerState
2019-10-16 18:01:57,809 [Thread-3763] INFO  impl.FollowerState (FollowerState.java:run(117)) - f4c54511-b161-4347-aec5-5236dc80a0d8@group-EFD1D20A002C-FollowerState was interrupted: java.lang.InterruptedException: sleep interrupted
2019-10-16 18:01:57,809 [grpc-default-executor-1] INFO  impl.RaftServerImpl (RaftServerImpl.java:setRole(184)) - 907b9765-214b-4864-b66a-d6e2a5789e5c@group-EFD1D20A002C: changes role from  FOLLOWER to FOLLOWER at term 624 for recognizeCandidate:bf55b3f9-6b09-4365-9d71-55289e083fa5
2019-10-16 18:01:57,809 [grpc-default-executor-1] INFO  impl.RoleInfo (RoleInfo.java:shutdownFollowerState(121)) - 907b9765-214b-4864-b66a-d6e2a5789e5c: shutdown FollowerState
2019-10-16 18:01:57,810 [grpc-default-executor-1] INFO  impl.RoleInfo (RoleInfo.java:updateAndGet(143)) - 907b9765-214b-4864-b66a-d6e2a5789e5c: start FollowerState
2019-10-16 18:01:57,810 [Thread-3764] INFO  impl.FollowerState (FollowerState.java:run(117)) - 907b9765-214b-4864-b66a-d6e2a5789e5c@group-EFD1D20A002C-FollowerState was interrupted: java.lang.InterruptedException: sleep interrupted
2019-10-16 18:01:57,832 [bf55b3f9-6b09-4365-9d71-55289e083fa5@group-EFD1D20A002C-LeaderElection528] INFO  impl.LeaderElection (LeaderElection.java:logAndReturn(56)) - bf55b3f9-6b09-4365-9d71-55289e083fa5@group-EFD1D20A002C-LeaderElection528: Election REJECTED; received 2 response(s) [bf55b3f9-6b09-4365-9d71-55289e083fa5<-f4c54511-b161-4347-aec5-5236dc80a0d8#0:FAIL-t624, bf55b3f9-6b09-4365-9d71-55289e083fa5<-907b9765-214b-4864-b66a-d6e2a5789e5c#0:FAIL-t624] and 0 exception(s); bf55b3f9-6b09-4365-9d71-55289e083fa5@group-EFD1D20A002C:t624, leader=null, voted=bf55b3f9-6b09-4365-9d71-55289e083fa5, raftlog=bf55b3f9-6b09-4365-9d71-55289e083fa5@group-EFD1D20A002C-SegmentedRaftLog:OPENED:c-1,f-1,i0, conf=-1: [f4c54511-b161-4347-aec5-5236dc80a0d8:0.0.0.0:41238, 907b9765-214b-4864-b66a-d6e2a5789e5c:0.0.0.0:41650, bf55b3f9-6b09-4365-9d71-55289e083fa5:0.0.0.0:42441], old=null
2019-10-16 18:01:57,833 [bf55b3f9-6b09-4365-9d71-55289e083fa5@group-EFD1D20A002C-LeaderElection528] INFO  impl.RaftServerImpl (RaftServerImpl.java:setRole(184)) - bf55b3f9-6b09-4365-9d71-55289e083fa5@group-EFD1D20A002C: changes role from CANDIDATE to FOLLOWER at term 624 for DISCOVERED_A_NEW_TERM
2019-10-16 18:01:57,833 [bf55b3f9-6b09-4365-9d71-55289e083fa5@group-EFD1D20A002C-LeaderElection528] INFO  impl.RoleInfo (RoleInfo.java:shutdownLeaderElection(134)) - bf55b3f9-6b09-4365-9d71-55289e083fa5: shutdown LeaderElection
2019-10-16 18:01:57,833 [bf55b3f9-6b09-4365-9d71-55289e083fa5@group-EFD1D20A002C-LeaderElection528] INFO  impl.RoleInfo (RoleInfo.java:updateAndGet(143)) - bf55b3f9-6b09-4365-9d71-55289e083fa5: start FollowerState
2019-10-16 18:01:57,874 [Thread-3771] INFO  impl.FollowerState (FollowerState.java:run(108)) - bf55b3f9-6b09-4365-9d71-55289e083fa5@group-EFD1D20A002C-FollowerState: change to CANDIDATE, lastRpcTime:41ms, electionTimeout:41ms
2019-10-16 18:01:57,874 [Thread-3771] INFO  impl.RoleInfo (RoleInfo.java:shutdownFollowerState(121)) - bf55b3f9-6b09-4365-9d71-55289e083fa5: shutdown FollowerState
2019-10-16 18:01:57,874 [Thread-3771] INFO  impl.RaftServerImpl (RaftServerImpl.java:setRole(184)) - bf55b3f9-6b09-4365-9d71-55289e083fa5@group-EFD1D20A002C: changes role from  FOLLOWER to CANDIDATE at term 624 for changeToCandidate
2019-10-16 18:01:57,875 [Thread-3771] INFO  impl.RoleInfo (RoleInfo.java:updateAndGet(143)) - bf55b3f9-6b09-4365-9d71-55289e083fa5: start LeaderElection
2019-10-16 18:01:57,901 [bf55b3f9-6b09-4365-9d71-55289e083fa5@group-EFD1D20A002C-LeaderElection529] INFO  impl.LeaderElection (LeaderElection.java:askForVotes(178)) - bf55b3f9-6b09-4365-9d71-55289e083fa5@group-EFD1D20A002C-LeaderElection529: begin an election at term 625 for -1: [f4c54511-b161-4347-aec5-5236dc80a0d8:0.0.0.0:41238, 907b9765-214b-4864-b66a-d6e2a5789e5c:0.0.0.0:41650, bf55b3f9-6b09-4365-9d71-55289e083fa5:0.0.0.0:42441], old=null
2019-10-16 18:01:57,903 [grpc-default-executor-3] INFO  impl.RaftServerImpl (RaftServerImpl.java:setRole(184)) - f4c54511-b161-4347-aec5-5236dc80a0d8@group-EFD1D20A002C: changes role from  FOLLOWER to FOLLOWER at term 625 for recognizeCandidate:bf55b3f9-6b09-4365-9d71-55289e083fa5
2019-10-16 18:01:57,903 [grpc-default-executor-3] INFO  impl.RoleInfo (RoleInfo.java:shutdownFollowerState(121)) - f4c54511-b161-4347-aec5-5236dc80a0d8: shutdown FollowerState
2019-10-16 18:01:57,903 [grpc-default-executor-1] INFO  impl.RaftServerImpl (RaftServerImpl.java:setRole(184)) - 907b9765-214b-4864-b66a-d6e2a5789e5c@group-EFD1D20A002C: changes role from  FOLLOWER to FOLLOWER at term 625 for recognizeCandidate:bf55b3f9-6b09-4365-9d71-55289e083fa5
2019-10-16 18:01:57,903 [Thread-3769] INFO  impl.FollowerState (FollowerState.java:run(117)) - f4c54511-b161-4347-aec5-5236dc80a0d8@group-EFD1D20A002C-FollowerState was interrupted: java.lang.InterruptedException: sleep interrupted
2019-10-16 18:01:57,903 [grpc-default-executor-3] INFO  impl.RoleInfo (RoleInfo.java:updateAndGet(143)) - f4c54511-b161-4347-aec5-5236dc80a0d8: start FollowerState
2019-10-16 18:01:57,903 [grpc-default-executor-1] INFO  impl.RoleInfo (RoleInfo.java:shutdownFollowerState(121)) - 907b9765-214b-4864-b66a-d6e2a5789e5c: shutdown FollowerState
2019-10-16 18:01:57,904 [grpc-default-executor-1] INFO  impl.RoleInfo (RoleInfo.java:updateAndGet(143)) - 907b9765-214b-4864-b66a-d6e2a5789e5c: start FollowerState
2019-10-16 18:01:57,904 [Thread-3770] INFO  impl.FollowerState (FollowerState.java:run(117)) - 907b9765-214b-4864-b66a-d6e2a5789e5c@group-EFD1D20A002C-FollowerState was interrupted: java.lang.InterruptedException: sleep interrupted
2019-10-16 18:01:57,927 [bf55b3f9-6b09-4365-9d71-55289e083fa5@group-EFD1D20A002C-LeaderElection529] INFO  impl.LeaderElection (LeaderElection.java:logAndReturn(56)) - bf55b3f9-6b09-4365-9d71-55289e083fa5@group-EFD1D20A002C-LeaderElection529: Election REJECTED; received 2 response(s) [bf55b3f9-6b09-4365-9d71-55289e083fa5<-f4c54511-b161-4347-aec5-5236dc80a0d8#0:FAIL-t625, bf55b3f9-6b09-4365-9d71-55289e083fa5<-907b9765-214b-4864-b66a-d6e2a5789e5c#0:FAIL-t625] and 0 exception(s); bf55b3f9-6b09-4365-9d71-55289e083fa5@group-EFD1D20A002C:t625, leader=null, voted=bf55b3f9-6b09-4365-9d71-55289e083fa5, raftlog=bf55b3f9-6b09-4365-9d71-55289e083fa5@group-EFD1D20A002C-SegmentedRaftLog:OPENED:c-1,f-1,i0, conf=-1: [f4c54511-b161-4347-aec5-5236dc80a0d8:0.0.0.0:41238, 907b9765-214b-4864-b66a-d6e2a5789e5c:0.0.0.0:41650, bf55b3f9-6b09-4365-9d71-55289e083fa5:0.0.0.0:42441], old=null
2019-10-16 18:01:57,927 [bf55b3f9-6b09-4365-9d71-55289e083fa5@group-EFD1D20A002C-LeaderElection529] INFO  impl.RaftServerImpl (RaftServerImpl.java:setRole(184)) - bf55b3f9-6b09-4365-9d71-55289e083fa5@group-EFD1D20A002C: changes role from CANDIDATE to FOLLOWER at term 625 for DISCOVERED_A_NEW_TERM
2019-10-16 18:01:57,927 [bf55b3f9-6b09-4365-9d71-55289e083fa5@group-EFD1D20A002C-LeaderElection529] INFO  impl.RoleInfo (RoleInfo.java:shutdownLeaderElection(134)) - bf55b3f9-6b09-4365-9d71-55289e083fa5: shutdown LeaderElection
2019-10-16 18:01:57,928 [bf55b3f9-6b09-4365-9d71-55289e083fa5@group-EFD1D20A002C-LeaderElection529] INFO  impl.RoleInfo (RoleInfo.java:updateAndGet(143)) - bf55b3f9-6b09-4365-9d71-55289e083fa5: start FollowerState
2019-10-16 18:01:58,020 [Thread-3777] INFO  impl.FollowerState (FollowerState.java:run(108)) - bf55b3f9-6b09-4365-9d71-55289e083fa5@group-EFD1D20A002C-FollowerState: change to CANDIDATE, lastRpcTime:92ms, electionTimeout:92ms
2019-10-16 18:01:58,020 [Thread-3777] INFO  impl.RoleInfo (RoleInfo.java:shutdownFollowerState(121)) - bf55b3f9-6b09-4365-9d71-55289e083fa5: shutdown FollowerState
2019-10-16 18:01:58,020 [Thread-3777] INFO  impl.RaftServerImpl (RaftServerImpl.java:setRole(184)) - bf55b3f9-6b09-4365-9d71-55289e083fa5@group-EFD1D20A002C: changes role from  FOLLOWER to CANDIDATE at term 625 for changeToCandidate
2019-10-16 18:01:58,021 [Thread-3777] INFO  impl.RoleInfo (RoleInfo.java:updateAndGet(143)) - bf55b3f9-6b09-4365-9d71-55289e083fa5: start LeaderElection
2019-10-16 18:01:58,043 [bf55b3f9-6b09-4365-9d71-55289e083fa5@group-EFD1D20A002C-LeaderElection530] INFO  impl.LeaderElection (LeaderElection.java:askForVotes(178)) - bf55b3f9-6b09-4365-9d71-55289e083fa5@group-EFD1D20A002C-LeaderElection530: begin an election at term 626 for -1: [f4c54511-b161-4347-aec5-5236dc80a0d8:0.0.0.0:41238, 907b9765-214b-4864-b66a-d6e2a5789e5c:0.0.0.0:41650, bf55b3f9-6b09-4365-9d71-55289e083fa5:0.0.0.0:42441], old=null
2019-10-16 18:01:58,047 [grpc-default-executor-3] INFO  impl.RaftServerImpl (RaftServerImpl.java:setRole(184)) - f4c54511-b161-4347-aec5-5236dc80a0d8@group-EFD1D20A002C: changes role from  FOLLOWER to FOLLOWER at term 626 for recognizeCandidate:bf55b3f9-6b09-4365-9d71-55289e083fa5
2019-10-16 18:01:58,047 [grpc-default-executor-1] INFO  impl.RaftServerImpl (RaftServerImpl.java:setRole(184)) - 907b9765-214b-4864-b66a-d6e2a5789e5c@group-EFD1D20A002C: changes role from  FOLLOWER to FOLLOWER at term 626 for recognizeCandidate:bf55b3f9-6b09-4365-9d71-55289e083fa5
2019-10-16 18:01:58,048 [grpc-default-executor-3] INFO  impl.RoleInfo (RoleInfo.java:shutdownFollowerState(121)) - f4c54511-b161-4347-aec5-5236dc80a0d8: shutdown FollowerState
2019-10-16 18:01:58,048 [grpc-default-executor-1] INFO  impl.RoleInfo (RoleInfo.java:shutdownFollowerState(121)) - 907b9765-214b-4864-b66a-d6e2a5789e5c: shutdown FollowerState
2019-10-16 18:01:58,048 [Thread-3775] INFO  impl.FollowerState (FollowerState.java:run(117)) - f4c54511-b161-4347-aec5-5236dc80a0d8@group-EFD1D20A002C-FollowerState was interrupted: java.lang.InterruptedException: sleep interrupted
2019-10-16 18:01:58,048 [grpc-default-executor-3] INFO  impl.RoleInfo (RoleInfo.java:updateAndGet(143)) - f4c54511-b161-4347-aec5-5236dc80a0d8: start FollowerState
2019-10-16 18:01:58,048 [Thread-3776] INFO  impl.FollowerState (FollowerState.java:run(117)) - 907b9765-214b-4864-b66a-d6e2a5789e5c@group-EFD1D20A002C-FollowerState was interrupted: java.lang.InterruptedException: sleep interrupted
2019-10-16 18:01:58,048 [grpc-default-executor-1] INFO  impl.RoleInfo (RoleInfo.java:updateAndGet(143)) - 907b9765-214b-4864-b66a-d6e2a5789e5c: start FollowerState
2019-10-16 18:01:58,061 [bf55b3f9-6b09-4365-9d71-55289e083fa5@group-EFD1D20A002C-LeaderElection530] INFO  impl.LeaderElection (LeaderElection.java:logAndReturn(56)) - bf55b3f9-6b09-4365-9d71-55289e083fa5@group-EFD1D20A002C-LeaderElection530: Election REJECTED; received 2 response(s) [bf55b3f9-6b09-4365-9d71-55289e083fa5<-f4c54511-b161-4347-aec5-5236dc80a0d8#0:FAIL-t626, bf55b3f9-6b09-4365-9d71-55289e083fa5<-907b9765-214b-4864-b66a-d6e2a5789e5c#0:FAIL-t626] and 0 exception(s); bf55b3f9-6b09-4365-9d71-55289e083fa5@group-EFD1D20A002C:t626, leader=null, voted=bf55b3f9-6b09-4365-9d71-55289e083fa5, raftlog=bf55b3f9-6b09-4365-9d71-55289e083fa5@group-EFD1D20A002C-SegmentedRaftLog:OPENED:c-1,f-1,i0, conf=-1: [f4c54511-b161-4347-aec5-5236dc80a0d8:0.0.0.0:41238, 907b9765-214b-4864-b66a-d6e2a5789e5c:0.0.0.0:41650, bf55b3f9-6b09-4365-9d71-55289e083fa5:0.0.0.0:42441], old=null
2019-10-16 18:01:58,062 [bf55b3f9-6b09-4365-9d71-55289e083fa5@group-EFD1D20A002C-LeaderElection530] INFO  impl.RaftServerImpl (RaftServerImpl.java:setRole(184)) - bf55b3f9-6b09-4365-9d71-55289e083fa5@group-EFD1D20A002C: changes role from CANDIDATE to FOLLOWER at term 626 for DISCOVERED_A_NEW_TERM
2019-10-16 18:01:58,062 [bf55b3f9-6b09-4365-9d71-55289e083fa5@group-EFD1D20A002C-LeaderElection530] INFO  impl.RoleInfo (RoleInfo.java:shutdownLeaderElection(134)) - bf55b3f9-6b09-4365-9d71-55289e083fa5: shutdown LeaderElection
2019-10-16 18:01:58,062 [bf55b3f9-6b09-4365-9d71-55289e083fa5@group-EFD1D20A002C-LeaderElection530] INFO  impl.RoleInfo (RoleInfo.java:updateAndGet(143)) - bf55b3f9-6b09-4365-9d71-55289e083fa5: start FollowerState
2019-10-16 18:01:58,166 [Thread-3783] INFO  impl.FollowerState (FollowerState.java:run(108)) - bf55b3f9-6b09-4365-9d71-55289e083fa5@group-EFD1D20A002C-FollowerState: change to CANDIDATE, lastRpcTime:104ms, electionTimeout:104ms
2019-10-16 18:01:58,166 [Thread-3783] INFO  impl.RoleInfo (RoleInfo.java:shutdownFollowerState(121)) - bf55b3f9-6b09-4365-9d71-55289e083fa5: shutdown FollowerState
2019-10-16 18:01:58,166 [Thread-3783] INFO  impl.RaftServerImpl (RaftServerImpl.java:setRole(184)) - bf55b3f9-6b09-4365-9d71-55289e083fa5@group-EFD1D20A002C: changes role from  FOLLOWER to CANDIDATE at term 626 for changeToCandidate
2019-10-16 18:01:58,167 [Thread-3783] INFO  impl.RoleInfo (RoleInfo.java:updateAndGet(143)) - bf55b3f9-6b09-4365-9d71-55289e083fa5: start LeaderElection
2019-10-16 18:01:58,203 [bf55b3f9-6b09-4365-9d71-55289e083fa5@group-EFD1D20A002C-LeaderElection531] INFO  impl.LeaderElection (LeaderElection.java:askForVotes(178)) - bf55b3f9-6b09-4365-9d71-55289e083fa5@group-EFD1D20A002C-LeaderElection531: begin an election at term 627 for -1: [f4c54511-b161-4347-aec5-5236dc80a0d8:0.0.0.0:41238, 907b9765-214b-4864-b66a-d6e2a5789e5c:0.0.0.0:41650, bf55b3f9-6b09-4365-9d71-55289e083fa5:0.0.0.0:42441], old=null
2019-10-16 18:01:58,205 [grpc-default-executor-1] INFO  impl.RaftServerImpl (RaftServerImpl.java:setRole(184)) - f4c54511-b161-4347-aec5-5236dc80a0d8@group-EFD1D20A002C: changes role from  FOLLOWER to FOLLOWER at term 627 for recognizeCandidate:bf55b3f9-6b09-4365-9d71-55289e083fa5
2019-10-16 18:01:58,205 [grpc-default-executor-1] INFO  impl.RoleInfo (RoleInfo.java:shutdownFollowerState(121)) - f4c54511-b161-4347-aec5-5236dc80a0d8: shutdown FollowerState
2019-10-16 18:01:58,205 [grpc-default-executor-3] INFO  impl.RaftServerImpl (RaftServerImpl.java:setRole(184)) - 907b9765-214b-4864-b66a-d6e2a5789e5c@group-EFD1D20A002C: changes role from  FOLLOWER to FOLLOWER at term 627 for recognizeCandidate:bf55b3f9-6b09-4365-9d71-55289e083fa5
2019-10-16 18:01:58,205 [grpc-default-executor-3] INFO  impl.RoleInfo (RoleInfo.java:shutdownFollowerState(121)) - 907b9765-214b-4864-b66a-d6e2a5789e5c: shutdown FollowerState
2019-10-16 18:01:58,205 [grpc-default-executor-1] INFO  impl.RoleInfo (RoleInfo.java:updateAndGet(143)) - f4c54511-b161-4347-aec5-5236dc80a0d8: start FollowerState
2019-10-16 18:01:58,205 [Thread-3782] INFO  impl.FollowerState (FollowerState.java:run(117)) - 907b9765-214b-4864-b66a-d6e2a5789e5c@group-EFD1D20A002C-FollowerState was interrupted: java.lang.InterruptedException: sleep interrupted
2019-10-16 18:01:58,205 [grpc-default-executor-3] INFO  impl.RoleInfo (RoleInfo.java:updateAndGet(143)) - 907b9765-214b-4864-b66a-d6e2a5789e5c: start FollowerState
2019-10-16 18:01:58,205 [Thread-3781] INFO  impl.FollowerState (FollowerState.java:run(117)) - f4c54511-b161-4347-aec5-5236dc80a0d8@group-EFD1D20A002C-FollowerState was interrupted: java.lang.InterruptedException: sleep interrupted
2019-10-16 18:01:58,207 [bf55b3f9-6b09-4365-9d71-55289e083fa5@group-EFD1D20A002C-LeaderElection531] INFO  impl.LeaderElection (LeaderElection.java:logAndReturn(56)) - bf55b3f9-6b09-4365-9d71-55289e083fa5@group-EFD1D20A002C-LeaderElection531: Election TIMEOUT; received 0 response(s) [] and 0 exception(s); bf55b3f9-6b09-4365-9d71-55289e083fa5@group-EFD1D20A002C:t627, leader=null, voted=bf55b3f9-6b09-4365-9d71-55289e083fa5, raftlog=bf55b3f9-6b09-4365-9d71-55289e083fa5@group-EFD1D20A002C-SegmentedRaftLog:OPENED:c-1,f-1,i0, conf=-1: [f4c54511-b161-4347-aec5-5236dc80a0d8:0.0.0.0:41238, 907b9765-214b-4864-b66a-d6e2a5789e5c:0.0.0.0:41650, bf55b3f9-6b09-4365-9d71-55289e083fa5:0.0.0.0:42441], old=null
2019-10-16 18:01:58,237 [bf55b3f9-6b09-4365-9d71-55289e083fa5@group-EFD1D20A002C-LeaderElection531] INFO  impl.LeaderElection (LeaderElection.java:askForVotes(178)) - bf55b3f9-6b09-4365-9d71-55289e083fa5@group-EFD1D20A002C-LeaderElection531: begin an election at term 628 for -1: [f4c54511-b161-4347-aec5-5236dc80a0d8:0.0.0.0:41238, 907b9765-214b-4864-b66a-d6e2a5789e5c:0.0.0.0:41650, bf55b3f9-6b09-4365-9d71-55289e083fa5:0.0.0.0:42441], old=null
2019-10-16 18:01:58,238 [grpc-default-executor-1] INFO  impl.RaftServerImpl (RaftServerImpl.java:setRole(184)) - f4c54511-b161-4347-aec5-5236dc80a0d8@group-EFD1D20A002C: changes role from  FOLLOWER to FOLLOWER at term 628 for recognizeCandidate:bf55b3f9-6b09-4365-9d71-55289e083fa5
2019-10-16 18:01:58,238 [grpc-default-executor-1] INFO  impl.RoleInfo (RoleInfo.java:shutdownFollowerState(121)) - f4c54511-b161-4347-aec5-5236dc80a0d8: shutdown FollowerState
2019-10-16 18:01:58,238 [grpc-default-executor-1] INFO  impl.RoleInfo (RoleInfo.java:updateAndGet(143)) - f4c54511-b161-4347-aec5-5236dc80a0d8: start FollowerState
2019-10-16 18:01:58,238 [Thread-3787] INFO  impl.FollowerState (FollowerState.java:run(117)) - f4c54511-b161-4347-aec5-5236dc80a0d8@group-EFD1D20A002C-FollowerState was interrupted: java.lang.InterruptedException: sleep interrupted
2019-10-16 18:01:58,239 [grpc-default-executor-3] INFO  impl.RaftServerImpl (RaftServerImpl.java:setRole(184)) - 907b9765-214b-4864-b66a-d6e2a5789e5c@group-EFD1D20A002C: changes role from  FOLLOWER to FOLLOWER at term 628 for recognizeCandidate:bf55b3f9-6b09-4365-9d71-55289e083fa5
2019-10-16 18:01:58,239 [grpc-default-executor-3] INFO  impl.RoleInfo (RoleInfo.java:shutdownFollowerState(121)) - 907b9765-214b-4864-b66a-d6e2a5789e5c: shutdown FollowerState
2019-10-16 18:01:58,239 [grpc-default-executor-3] INFO  impl.RoleInfo (RoleInfo.java:updateAndGet(143)) - 907b9765-214b-4864-b66a-d6e2a5789e5c: start FollowerState
2019-10-16 18:01:58,239 [Thread-3788] INFO  impl.FollowerState (FollowerState.java:run(117)) - 907b9765-214b-4864-b66a-d6e2a5789e5c@group-EFD1D20A002C-FollowerState was interrupted: java.lang.InterruptedException: sleep interrupted
2019-10-16 18:01:58,250 [bf55b3f9-6b09-4365-9d71-55289e083fa5@group-EFD1D20A002C-LeaderElection531] INFO  impl.LeaderElection (LeaderElection.java:logAndReturn(56)) - bf55b3f9-6b09-4365-9d71-55289e083fa5@group-EFD1D20A002C-LeaderElection531: Election TIMEOUT; received 0 response(s) [] and 0 exception(s); bf55b3f9-6b09-4365-9d71-55289e083fa5@group-EFD1D20A002C:t628, leader=null, voted=bf55b3f9-6b09-4365-9d71-55289e083fa5, raftlog=bf55b3f9-6b09-4365-9d71-55289e083fa5@group-EFD1D20A002C-SegmentedRaftLog:OPENED:c-1,f-1,i0, conf=-1: [f4c54511-b161-4347-aec5-5236dc80a0d8:0.0.0.0:41238, 907b9765-214b-4864-b66a-d6e2a5789e5c:0.0.0.0:41650, bf55b3f9-6b09-4365-9d71-55289e083fa5:0.0.0.0:42441], old=null
2019-10-16 18:01:58,271 [bf55b3f9-6b09-4365-9d71-55289e083fa5@group-EFD1D20A002C-LeaderElection531] INFO  impl.LeaderElection (LeaderElection.java:askForVotes(178)) - bf55b3f9-6b09-4365-9d71-55289e083fa5@group-EFD1D20A002C-LeaderElection531: begin an election at term 629 for -1: [f4c54511-b161-4347-aec5-5236dc80a0d8:0.0.0.0:41238, 907b9765-214b-4864-b66a-d6e2a5789e5c:0.0.0.0:41650, bf55b3f9-6b09-4365-9d71-55289e083fa5:0.0.0.0:42441], old=null
2019-10-16 18:01:58,273 [grpc-default-executor-3] INFO  impl.RaftServerImpl (RaftServerImpl.java:setRole(184)) - f4c54511-b161-4347-aec5-5236dc80a0d8@group-EFD1D20A002C: changes role from  FOLLOWER to FOLLOWER at term 629 for recognizeCandidate:bf55b3f9-6b09-4365-9d71-55289e083fa5
2019-10-16 18:01:58,273 [grpc-default-executor-1] INFO  impl.RaftServerImpl (RaftServerImpl.java:setRole(184)) - 907b9765-214b-4864-b66a-d6e2a5789e5c@group-EFD1D20A002C: changes role from  FOLLOWER to FOLLOWER at term 629 for recognizeCandidate:bf55b3f9-6b09-4365-9d71-55289e083fa5
2019-10-16 18:01:58,273 [grpc-default-executor-1] INFO  impl.RoleInfo (RoleInfo.java:shutdownFollowerState(121)) - 907b9765-214b-4864-b66a-d6e2a5789e5c: shutdown FollowerState
2019-10-16 18:01:58,273 [grpc-default-executor-3] INFO  impl.RoleInfo (RoleInfo.java:shutdownFollowerState(121)) - f4c54511-b161-4347-aec5-5236dc80a0d8: shutdown FollowerState
2019-10-16 18:01:58,273 [Thread-3792] INFO  impl.FollowerState (FollowerState.java:run(117)) - 907b9765-214b-4864-b66a-d6e2a5789e5c@group-EFD1D20A002C-FollowerState was interrupted: java.lang.InterruptedException: sleep interrupted
2019-10-16 18:01:58,273 [grpc-default-executor-1] INFO  impl.RoleInfo (RoleInfo.java:updateAndGet(143)) - 907b9765-214b-4864-b66a-d6e2a5789e5c: start FollowerState
2019-10-16 18:01:58,273 [Thread-3791] INFO  impl.FollowerState (FollowerState.java:run(117)) - f4c54511-b161-4347-aec5-5236dc80a0d8@group-EFD1D20A002C-FollowerState was interrupted: java.lang.InterruptedException: sleep interrupted
2019-10-16 18:01:58,273 [grpc-default-executor-3] INFO  impl.RoleInfo (RoleInfo.java:updateAndGet(143)) - f4c54511-b161-4347-aec5-5236dc80a0d8: start FollowerState
2019-10-16 18:01:58,297 [bf55b3f9-6b09-4365-9d71-55289e083fa5@group-EFD1D20A002C-LeaderElection531] INFO  impl.LeaderElection (LeaderElection.java:logAndReturn(56)) - bf55b3f9-6b09-4365-9d71-55289e083fa5@group-EFD1D20A002C-LeaderElection531: Election REJECTED; received 2 response(s) [bf55b3f9-6b09-4365-9d71-55289e083fa5<-f4c54511-b161-4347-aec5-5236dc80a0d8#0:FAIL-t629, bf55b3f9-6b09-4365-9d71-55289e083fa5<-907b9765-214b-4864-b66a-d6e2a5789e5c#0:FAIL-t629] and 0 exception(s); bf55b3f9-6b09-4365-9d71-55289e083fa5@group-EFD1D20A002C:t629, leader=null, voted=bf55b3f9-6b09-4365-9d71-55289e083fa5, raftlog=bf55b3f9-6b09-4365-9d71-55289e083fa5@group-EFD1D20A002C-SegmentedRaftLog:OPENED:c-1,f-1,i0, conf=-1: [f4c54511-b161-4347-aec5-5236dc80a0d8:0.0.0.0:41238, 907b9765-214b-4864-b66a-d6e2a5789e5c:0.0.0.0:41650, bf55b3f9-6b09-4365-9d71-55289e083fa5:0.0.0.0:42441], old=null
2019-10-16 18:01:58,298 [bf55b3f9-6b09-4365-9d71-55289e083fa5@group-EFD1D20A002C-LeaderElection531] INFO  impl.RaftServerImpl (RaftServerImpl.java:setRole(184)) - bf55b3f9-6b09-4365-9d71-55289e083fa5@group-EFD1D20A002C: changes role from CANDIDATE to FOLLOWER at term 629 for DISCOVERED_A_NEW_TERM
2019-10-16 18:01:58,298 [bf55b3f9-6b09-4365-9d71-55289e083fa5@group-EFD1D20A002C-LeaderElection531] INFO  impl.RoleInfo (RoleInfo.java:shutdownLeaderElection(134)) - bf55b3f9-6b09-4365-9d71-55289e083fa5: shutdown LeaderElection
2019-10-16 18:01:58,298 [bf55b3f9-6b09-4365-9d71-55289e083fa5@group-EFD1D20A002C-LeaderElection531] INFO  impl.RoleInfo (RoleInfo.java:updateAndGet(143)) - bf55b3f9-6b09-4365-9d71-55289e083fa5: start FollowerState
2019-10-16 18:01:58,350 [Thread-3797] INFO  impl.FollowerState (FollowerState.java:run(108)) - bf55b3f9-6b09-4365-9d71-55289e083fa5@group-EFD1D20A002C-FollowerState: change to CANDIDATE, lastRpcTime:52ms, electionTimeout:52ms
2019-10-16 18:01:58,350 [Thread-3797] INFO  impl.RoleInfo (RoleInfo.java:shutdownFollowerState(121)) - bf55b3f9-6b09-4365-9d71-55289e083fa5: shutdown FollowerState
2019-10-16 18:01:58,350 [Thread-3797] INFO  impl.RaftServerImpl (RaftServerImpl.java:setRole(184)) - bf55b3f9-6b09-4365-9d71-55289e083fa5@group-EFD1D20A002C: changes role from  FOLLOWER to CANDIDATE at term 629 for changeToCandidate
2019-10-16 18:01:58,351 [Thread-3797] INFO  impl.RoleInfo (RoleInfo.java:updateAndGet(143)) - bf55b3f9-6b09-4365-9d71-55289e083fa5: start LeaderElection
2019-10-16 18:01:58,381 [bf55b3f9-6b09-4365-9d71-55289e083fa5@group-EFD1D20A002C-LeaderElection532] INFO  impl.LeaderElection (LeaderElection.java:askForVotes(178)) - bf55b3f9-6b09-4365-9d71-55289e083fa5@group-EFD1D20A002C-LeaderElection532: begin an election at term 630 for -1: [f4c54511-b161-4347-aec5-5236dc80a0d8:0.0.0.0:41238, 907b9765-214b-4864-b66a-d6e2a5789e5c:0.0.0.0:41650, bf55b3f9-6b09-4365-9d71-55289e083fa5:0.0.0.0:42441], old=null
2019-10-16 18:01:58,383 [grpc-default-executor-1] INFO  impl.RaftServerImpl (RaftServerImpl.java:setRole(184)) - f4c54511-b161-4347-aec5-5236dc80a0d8@group-EFD1D20A002C: changes role from  FOLLOWER to FOLLOWER at term 630 for recognizeCandidate:bf55b3f9-6b09-4365-9d71-55289e083fa5
2019-10-16 18:01:58,383 [grpc-default-executor-3] INFO  impl.RaftServerImpl (RaftServerImpl.java:setRole(184)) - 907b9765-214b-4864-b66a-d6e2a5789e5c@group-EFD1D20A002C: changes role from  FOLLOWER to FOLLOWER at term 630 for recognizeCandidate:bf55b3f9-6b09-4365-9d71-55289e083fa5
2019-10-16 18:01:58,383 [grpc-default-executor-3] INFO  impl.RoleInfo (RoleInfo.java:shutdownFollowerState(121)) - 907b9765-214b-4864-b66a-d6e2a5789e5c: shutdown FollowerState
2019-10-16 18:01:58,383 [grpc-default-executor-1] INFO  impl.RoleInfo (RoleInfo.java:shutdownFollowerState(121)) - f4c54511-b161-4347-aec5-5236dc80a0d8: shutdown FollowerState
2019-10-16 18:01:58,383 [Thread-3795] INFO  impl.FollowerState (FollowerState.java:run(117)) - 907b9765-214b-4864-b66a-d6e2a5789e5c@group-EFD1D20A002C-FollowerState was interrupted: java.lang.InterruptedException: sleep interrupted
2019-10-16 18:01:58,383 [grpc-default-executor-3] INFO  impl.RoleInfo (RoleInfo.java:updateAndGet(143)) - 907b9765-214b-4864-b66a-d6e2a5789e5c: start FollowerState
2019-10-16 18:01:58,383 [Thread-3796] INFO  impl.FollowerState (FollowerState.java:run(117)) - f4c54511-b161-4347-aec5-5236dc80a0d8@group-EFD1D20A002C-FollowerState was interrupted: java.lang.InterruptedException: sleep interrupted
2019-10-16 18:01:58,383 [grpc-default-executor-1] INFO  impl.RoleInfo (RoleInfo.java:updateAndGet(143)) - f4c54511-b161-4347-aec5-5236dc80a0d8: start FollowerState
2019-10-16 18:01:58,416 [bf55b3f9-6b09-4365-9d71-55289e083fa5@group-EFD1D20A002C-LeaderElection532] INFO  impl.LeaderElection (LeaderElection.java:logAndReturn(56)) - bf55b3f9-6b09-4365-9d71-55289e083fa5@group-EFD1D20A002C-LeaderElection532: Election REJECTED; received 2 response(s) [bf55b3f9-6b09-4365-9d71-55289e083fa5<-f4c54511-b161-4347-aec5-5236dc80a0d8#0:FAIL-t630, bf55b3f9-6b09-4365-9d71-55289e083fa5<-907b9765-214b-4864-b66a-d6e2a5789e5c#0:FAIL-t630] and 0 exception(s); bf55b3f9-6b09-4365-9d71-55289e083fa5@group-EFD1D20A002C:t630, leader=null, voted=bf55b3f9-6b09-4365-9d71-55289e083fa5, raftlog=bf55b3f9-6b09-4365-9d71-55289e083fa5@group-EFD1D20A002C-SegmentedRaftLog:OPENED:c-1,f-1,i0, conf=-1: [f4c54511-b161-4347-aec5-5236dc80a0d8:0.0.0.0:41238, 907b9765-214b-4864-b66a-d6e2a5789e5c:0.0.0.0:41650, bf55b3f9-6b09-4365-9d71-55289e083fa5:0.0.0.0:42441], old=null
2019-10-16 18:01:58,416 [bf55b3f9-6b09-4365-9d71-55289e083fa5@group-EFD1D20A002C-LeaderElection532] INFO  impl.RaftServerImpl (RaftServerImpl.java:setRole(184)) - bf55b3f9-6b09-4365-9d71-55289e083fa5@group-EFD1D20A002C: changes role from CANDIDATE to FOLLOWER at term 630 for DISCOVERED_A_NEW_TERM
2019-10-16 18:01:58,416 [bf55b3f9-6b09-4365-9d71-55289e083fa5@group-EFD1D20A002C-LeaderElection532] INFO  impl.RoleInfo (RoleInfo.java:shutdownLeaderElection(134)) - bf55b3f9-6b09-4365-9d71-55289e083fa5: shutdown LeaderElection
2019-10-16 18:01:58,416 [bf55b3f9-6b09-4365-9d71-55289e083fa5@group-EFD1D20A002C-LeaderElection532] INFO  impl.RoleInfo (RoleInfo.java:updateAndGet(143)) - bf55b3f9-6b09-4365-9d71-55289e083fa5: start FollowerState
2019-10-16 18:01:58,591 [Thread-3805] INFO  impl.FollowerState (FollowerState.java:run(108)) - bf55b3f9-6b09-4365-9d71-55289e083fa5@group-EFD1D20A002C-FollowerState: change to CANDIDATE, lastRpcTime:175ms, electionTimeout:175ms
2019-10-16 18:01:58,592 [Thread-3805] INFO  impl.RoleInfo (RoleInfo.java:shutdownFollowerState(121)) - bf55b3f9-6b09-4365-9d71-55289e083fa5: shutdown FollowerState
2019-10-16 18:01:58,592 [Thread-3805] INFO  impl.RaftServerImpl (RaftServerImpl.java:setRole(184)) - bf55b3f9-6b09-4365-9d71-55289e083fa5@group-EFD1D20A002C: changes role from  FOLLOWER to CANDIDATE at term 630 for changeToCandidate
2019-10-16 18:01:58,592 [Thread-3805] INFO  impl.RoleInfo (RoleInfo.java:updateAndGet(143)) - bf55b3f9-6b09-4365-9d71-55289e083fa5: start LeaderElection
2019-10-16 18:01:58,616 [bf55b3f9-6b09-4365-9d71-55289e083fa5@group-EFD1D20A002C-LeaderElection533] INFO  impl.LeaderElection (LeaderElection.java:askForVotes(178)) - bf55b3f9-6b09-4365-9d71-55289e083fa5@group-EFD1D20A002C-LeaderElection533: begin an election at term 631 for -1: [f4c54511-b161-4347-aec5-5236dc80a0d8:0.0.0.0:41238, 907b9765-214b-4864-b66a-d6e2a5789e5c:0.0.0.0:41650, bf55b3f9-6b09-4365-9d71-55289e083fa5:0.0.0.0:42441], old=null
2019-10-16 18:01:58,618 [grpc-default-executor-3] INFO  impl.RaftServerImpl (RaftServerImpl.java:setRole(184)) - f4c54511-b161-4347-aec5-5236dc80a0d8@group-EFD1D20A002C: changes role from  FOLLOWER to FOLLOWER at term 631 for recognizeCandidate:bf55b3f9-6b09-4365-9d71-55289e083fa5
2019-10-16 18:01:58,618 [grpc-default-executor-3] INFO  impl.RoleInfo (RoleInfo.java:shutdownFollowerState(121)) - f4c54511-b161-4347-aec5-5236dc80a0d8: shutdown FollowerState
2019-10-16 18:01:58,618 [grpc-default-executor-1] INFO  impl.RaftServerImpl (RaftServerImpl.java:setRole(184)) - 907b9765-214b-4864-b66a-d6e2a5789e5c@group-EFD1D20A002C: changes role from  FOLLOWER to FOLLOWER at term 631 for recognizeCandidate:bf55b3f9-6b09-4365-9d71-55289e083fa5
2019-10-16 18:01:58,618 [grpc-default-executor-1] INFO  impl.RoleInfo (RoleInfo.java:shutdownFollowerState(121)) - 907b9765-214b-4864-b66a-d6e2a5789e5c: shutdown FollowerState
2019-10-16 18:01:58,618 [Thread-3804] INFO  impl.FollowerState (FollowerState.java:run(117)) - f4c54511-b161-4347-aec5-5236dc80a0d8@group-EFD1D20A002C-FollowerState was interrupted: java.lang.InterruptedException: sleep interrupted
2019-10-16 18:01:58,618 [grpc-default-executor-3] INFO  impl.RoleInfo (RoleInfo.java:updateAndGet(143)) - f4c54511-b161-4347-aec5-5236dc80a0d8: start FollowerState
2019-10-16 18:01:58,618 [Thread-3803] INFO  impl.FollowerState (FollowerState.java:run(117)) - 907b9765-214b-4864-b66a-d6e2a5789e5c@group-EFD1D20A002C-FollowerState was interrupted: java.lang.InterruptedException: sleep interrupted
2019-10-16 18:01:58,618 [grpc-default-executor-1] INFO  impl.RoleInfo (RoleInfo.java:updateAndGet(143)) - 907b9765-214b-4864-b66a-d6e2a5789e5c: start FollowerState
2019-10-16 18:01:58,642 [bf55b3f9-6b09-4365-9d71-55289e083fa5@group-EFD1D20A002C-LeaderElection533] INFO  impl.LeaderElection (LeaderElection.java:logAndReturn(56)) - bf55b3f9-6b09-4365-9d71-55289e083fa5@group-EFD1D20A002C-LeaderElection533: Election REJECTED; received 2 response(s) [bf55b3f9-6b09-4365-9d71-55289e083fa5<-f4c54511-b161-4347-aec5-5236dc80a0d8#0:FAIL-t631, bf55b3f9-6b09-4365-9d71-55289e083fa5<-907b9765-214b-4864-b66a-d6e2a5789e5c#0:FAIL-t631] and 0 exception(s); bf55b3f9-6b09-4365-9d71-55289e083fa5@group-EFD1D20A002C:t631, leader=null, voted=bf55b3f9-6b09-4365-9d71-55289e083fa5, raftlog=bf55b3f9-6b09-4365-9d71-55289e083fa5@group-EFD1D20A002C-SegmentedRaftLog:OPENED:c-1,f-1,i0, conf=-1: [f4c54511-b161-4347-aec5-5236dc80a0d8:0.0.0.0:41238, 907b9765-214b-4864-b66a-d6e2a5789e5c:0.0.0.0:41650, bf55b3f9-6b09-4365-9d71-55289e083fa5:0.0.0.0:42441], old=null
2019-10-16 18:01:58,643 [bf55b3f9-6b09-4365-9d71-55289e083fa5@group-EFD1D20A002C-LeaderElection533] INFO  impl.RaftServerImpl (RaftServerImpl.java:setRole(184)) - bf55b3f9-6b09-4365-9d71-55289e083fa5@group-EFD1D20A002C: changes role from CANDIDATE to FOLLOWER at term 631 for DISCOVERED_A_NEW_TERM
2019-10-16 18:01:58,643 [bf55b3f9-6b09-4365-9d71-55289e083fa5@group-EFD1D20A002C-LeaderElection533] INFO  impl.RoleInfo (RoleInfo.java:shutdownLeaderElection(134)) - bf55b3f9-6b09-4365-9d71-55289e083fa5: shutdown LeaderElection
2019-10-16 18:01:58,643 [bf55b3f9-6b09-4365-9d71-55289e083fa5@group-EFD1D20A002C-LeaderElection533] INFO  impl.RoleInfo (RoleInfo.java:updateAndGet(143)) - bf55b3f9-6b09-4365-9d71-55289e083fa5: start FollowerState
2019-10-16 18:01:58,825 [Thread-3811] INFO  impl.FollowerState (FollowerState.java:run(108)) - bf55b3f9-6b09-4365-9d71-55289e083fa5@group-EFD1D20A002C-FollowerState: change to CANDIDATE, lastRpcTime:182ms, electionTimeout:182ms
2019-10-16 18:01:58,826 [Thread-3811] INFO  impl.RoleInfo (RoleInfo.java:shutdownFollowerState(121)) - bf55b3f9-6b09-4365-9d71-55289e083fa5: shutdown FollowerState
2019-10-16 18:01:58,826 [Thread-3811] INFO  impl.RaftServerImpl (RaftServerImpl.java:setRole(184)) - bf55b3f9-6b09-4365-9d71-55289e083fa5@group-EFD1D20A002C: changes role from  FOLLOWER to CANDIDATE at term 631 for changeToCandidate
2019-10-16 18:01:58,826 [Thread-3811] INFO  impl.RoleInfo (RoleInfo.java:updateAndGet(143)) - bf55b3f9-6b09-4365-9d71-55289e083fa5: start LeaderElection
2019-10-16 18:01:58,853 [bf55b3f9-6b09-4365-9d71-55289e083fa5@group-EFD1D20A002C-LeaderElection534] INFO  impl.LeaderElection (LeaderElection.java:askForVotes(178)) - bf55b3f9-6b09-4365-9d71-55289e083fa5@group-EFD1D20A002C-LeaderElection534: begin an election at term 632 for -1: [f4c54511-b161-4347-aec5-5236dc80a0d8:0.0.0.0:41238, 907b9765-214b-4864-b66a-d6e2a5789e5c:0.0.0.0:41650, bf55b3f9-6b09-4365-9d71-55289e083fa5:0.0.0.0:42441], old=null
2019-10-16 18:01:58,855 [grpc-default-executor-1] INFO  impl.RaftServerImpl (RaftServerImpl.java:setRole(184)) - f4c54511-b161-4347-aec5-5236dc80a0d8@group-EFD1D20A002C: changes role from  FOLLOWER to FOLLOWER at term 632 for recognizeCandidate:bf55b3f9-6b09-4365-9d71-55289e083fa5
2019-10-16 18:01:58,855 [grpc-default-executor-1] INFO  impl.RoleInfo (RoleInfo.java:shutdownFollowerState(121)) - f4c54511-b161-4347-aec5-5236dc80a0d8: shutdown FollowerState
2019-10-16 18:01:58,855 [grpc-default-executor-1] INFO  impl.RoleInfo (RoleInfo.java:updateAndGet(143)) - f4c54511-b161-4347-aec5-5236dc80a0d8: start FollowerState
2019-10-16 18:01:58,855 [Thread-3809] INFO  impl.FollowerState (FollowerState.java:run(117)) - f4c54511-b161-4347-aec5-5236dc80a0d8@group-EFD1D20A002C-FollowerState was interrupted: java.lang.InterruptedException: sleep interrupted
2019-10-16 18:01:58,855 [grpc-default-executor-3] INFO  impl.RaftServerImpl (RaftServerImpl.java:setRole(184)) - 907b9765-214b-4864-b66a-d6e2a5789e5c@group-EFD1D20A002C: changes role from  FOLLOWER to FOLLOWER at term 632 for recognizeCandidate:bf55b3f9-6b09-4365-9d71-55289e083fa5
2019-10-16 18:01:58,856 [grpc-default-executor-3] INFO  impl.RoleInfo (RoleInfo.java:shutdownFollowerState(121)) - 907b9765-214b-4864-b66a-d6e2a5789e5c: shutdown FollowerState
2019-10-16 18:01:58,856 [grpc-default-executor-3] INFO  impl.RoleInfo (RoleInfo.java:updateAndGet(143)) - 907b9765-214b-4864-b66a-d6e2a5789e5c: start FollowerState
2019-10-16 18:01:58,856 [Thread-3810] INFO  impl.FollowerState (FollowerState.java:run(117)) - 907b9765-214b-4864-b66a-d6e2a5789e5c@group-EFD1D20A002C-FollowerState was interrupted: java.lang.InterruptedException: sleep interrupted
2019-10-16 18:01:58,879 [bf55b3f9-6b09-4365-9d71-55289e083fa5@group-EFD1D20A002C-LeaderElection534] INFO  impl.LeaderElection (LeaderElection.java:logAndReturn(56)) - bf55b3f9-6b09-4365-9d71-55289e083fa5@group-EFD1D20A002C-LeaderElection534: Election REJECTED; received 2 response(s) [bf55b3f9-6b09-4365-9d71-55289e083fa5<-f4c54511-b161-4347-aec5-5236dc80a0d8#0:FAIL-t632, bf55b3f9-6b09-4365-9d71-55289e083fa5<-907b9765-214b-4864-b66a-d6e2a5789e5c#0:FAIL-t632] and 0 exception(s); bf55b3f9-6b09-4365-9d71-55289e083fa5@group-EFD1D20A002C:t632, leader=null, voted=bf55b3f9-6b09-4365-9d71-55289e083fa5, raftlog=bf55b3f9-6b09-4365-9d71-55289e083fa5@group-EFD1D20A002C-SegmentedRaftLog:OPENED:c-1,f-1,i0, conf=-1: [f4c54511-b161-4347-aec5-5236dc80a0d8:0.0.0.0:41238, 907b9765-214b-4864-b66a-d6e2a5789e5c:0.0.0.0:41650, bf55b3f9-6b09-4365-9d71-55289e083fa5:0.0.0.0:42441], old=null
2019-10-16 18:01:58,879 [bf55b3f9-6b09-4365-9d71-55289e083fa5@group-EFD1D20A002C-LeaderElection534] INFO  impl.RaftServerImpl (RaftServerImpl.java:setRole(184)) - bf55b3f9-6b09-4365-9d71-55289e083fa5@group-EFD1D20A002C: changes role from CANDIDATE to FOLLOWER at term 632 for DISCOVERED_A_NEW_TERM
2019-10-16 18:01:58,879 [bf55b3f9-6b09-4365-9d71-55289e083fa5@group-EFD1D20A002C-LeaderElection534] INFO  impl.RoleInfo (RoleInfo.java:shutdownLeaderElection(134)) - bf55b3f9-6b09-4365-9d71-55289e083fa5: shutdown LeaderElection
2019-10-16 18:01:58,879 [bf55b3f9-6b09-4365-9d71-55289e083fa5@group-EFD1D20A002C-LeaderElection534] INFO  impl.RoleInfo (RoleInfo.java:updateAndGet(143)) - bf55b3f9-6b09-4365-9d71-55289e083fa5: start FollowerState
2019-10-16 18:01:58,888 [Thread-3817] INFO  impl.FollowerState (FollowerState.java:run(108)) - bf55b3f9-6b09-4365-9d71-55289e083fa5@group-EFD1D20A002C-FollowerState: change to CANDIDATE, lastRpcTime:8ms, electionTimeout:8ms
2019-10-16 18:01:58,888 [Thread-3817] INFO  impl.RoleInfo (RoleInfo.java:shutdownFollowerState(121)) - bf55b3f9-6b09-4365-9d71-55289e083fa5: shutdown FollowerState
2019-10-16 18:01:58,888 [Thread-3817] INFO  impl.RaftServerImpl (RaftServerImpl.java:setRole(184)) - bf55b3f9-6b09-4365-9d71-55289e083fa5@group-EFD1D20A002C: changes role from  FOLLOWER to CANDIDATE at term 632 for changeToCandidate
2019-10-16 18:01:58,888 [Thread-3817] INFO  impl.RoleInfo (RoleInfo.java:updateAndGet(143)) - bf55b3f9-6b09-4365-9d71-55289e083fa5: start LeaderElection
2019-10-16 18:01:58,912 [bf55b3f9-6b09-4365-9d71-55289e083fa5@group-EFD1D20A002C-LeaderElection535] INFO  impl.LeaderElection (LeaderElection.java:askForVotes(178)) - bf55b3f9-6b09-4365-9d71-55289e083fa5@group-EFD1D20A002C-LeaderElection535: begin an election at term 633 for -1: [f4c54511-b161-4347-aec5-5236dc80a0d8:0.0.0.0:41238, 907b9765-214b-4864-b66a-d6e2a5789e5c:0.0.0.0:41650, bf55b3f9-6b09-4365-9d71-55289e083fa5:0.0.0.0:42441], old=null
2019-10-16 18:01:58,914 [grpc-default-executor-1] INFO  impl.RaftServerImpl (RaftServerImpl.java:setRole(184)) - f4c54511-b161-4347-aec5-5236dc80a0d8@group-EFD1D20A002C: changes role from  FOLLOWER to FOLLOWER at term 633 for recognizeCandidate:bf55b3f9-6b09-4365-9d71-55289e083fa5
2019-10-16 18:01:58,914 [grpc-default-executor-1] INFO  impl.RoleInfo (RoleInfo.java:shutdownFollowerState(121)) - f4c54511-b161-4347-aec5-5236dc80a0d8: shutdown FollowerState
2019-10-16 18:01:58,914 [grpc-default-executor-3] INFO  impl.RaftServerImpl (RaftServerImpl.java:setRole(184)) - 907b9765-214b-4864-b66a-d6e2a5789e5c@group-EFD1D20A002C: changes role from  FOLLOWER to FOLLOWER at term 633 for recognizeCandidate:bf55b3f9-6b09-4365-9d71-55289e083fa5
2019-10-16 18:01:58,915 [grpc-default-executor-3] INFO  impl.RoleInfo (RoleInfo.java:shutdownFollowerState(121)) - 907b9765-214b-4864-b66a-d6e2a5789e5c: shutdown FollowerState
2019-10-16 18:01:58,915 [Thread-3815] INFO  impl.FollowerState (FollowerState.java:run(117)) - f4c54511-b161-4347-aec5-5236dc80a0d8@group-EFD1D20A002C-FollowerState was interrupted: java.lang.InterruptedException: sleep interrupted
2019-10-16 18:01:58,914 [grpc-default-executor-1] INFO  impl.RoleInfo (RoleInfo.java:updateAndGet(143)) - f4c54511-b161-4347-aec5-5236dc80a0d8: start FollowerState
2019-10-16 18:01:58,915 [Thread-3816] INFO  impl.FollowerState (FollowerState.java:run(117)) - 907b9765-214b-4864-b66a-d6e2a5789e5c@group-EFD1D20A002C-FollowerState was interrupted: java.lang.InterruptedException: sleep interrupted
2019-10-16 18:01:58,915 [grpc-default-executor-3] INFO  impl.RoleInfo (RoleInfo.java:updateAndGet(143)) - 907b9765-214b-4864-b66a-d6e2a5789e5c: start FollowerState
2019-10-16 18:01:58,938 [bf55b3f9-6b09-4365-9d71-55289e083fa5@group-EFD1D20A002C-LeaderElection535] INFO  impl.LeaderElection (LeaderElection.java:logAndReturn(56)) - bf55b3f9-6b09-4365-9d71-55289e083fa5@group-EFD1D20A002C-LeaderElection535: Election REJECTED; received 2 response(s) [bf55b3f9-6b09-4365-9d71-55289e083fa5<-f4c54511-b161-4347-aec5-5236dc80a0d8#0:FAIL-t633, bf55b3f9-6b09-4365-9d71-55289e083fa5<-907b9765-214b-4864-b66a-d6e2a5789e5c#0:FAIL-t633] and 0 exception(s); bf55b3f9-6b09-4365-9d71-55289e083fa5@group-EFD1D20A002C:t633, leader=null, voted=bf55b3f9-6b09-4365-9d71-55289e083fa5, raftlog=bf55b3f9-6b09-4365-9d71-55289e083fa5@group-EFD1D20A002C-SegmentedRaftLog:OPENED:c-1,f-1,i0, conf=-1: [f4c54511-b161-4347-aec5-5236dc80a0d8:0.0.0.0:41238, 907b9765-214b-4864-b66a-d6e2a5789e5c:0.0.0.0:41650, bf55b3f9-6b09-4365-9d71-55289e083fa5:0.0.0.0:42441], old=null
2019-10-16 18:01:58,938 [bf55b3f9-6b09-4365-9d71-55289e083fa5@group-EFD1D20A002C-LeaderElection535] INFO  impl.RaftServerImpl (RaftServerImpl.java:setRole(184)) - bf55b3f9-6b09-4365-9d71-55289e083fa5@group-EFD1D20A002C: changes role from CANDIDATE to FOLLOWER at term 633 for DISCOVERED_A_NEW_TERM
2019-10-16 18:01:58,938 [bf55b3f9-6b09-4365-9d71-55289e083fa5@group-EFD1D20A002C-LeaderElection535] INFO  impl.RoleInfo (RoleInfo.java:shutdownLeaderElection(134)) - bf55b3f9-6b09-4365-9d71-55289e083fa5: shutdown LeaderElection
2019-10-16 18:01:58,938 [bf55b3f9-6b09-4365-9d71-55289e083fa5@group-EFD1D20A002C-LeaderElection535] INFO  impl.RoleInfo (RoleInfo.java:updateAndGet(143)) - bf55b3f9-6b09-4365-9d71-55289e083fa5: start FollowerState
2019-10-16 18:01:59,131 [Thread-3823] INFO  impl.FollowerState (FollowerState.java:run(108)) - bf55b3f9-6b09-4365-9d71-55289e083fa5@group-EFD1D20A002C-FollowerState: change to CANDIDATE, lastRpcTime:192ms, electionTimeout:192ms
2019-10-16 18:01:59,131 [Thread-3823] INFO  impl.RoleInfo (RoleInfo.java:shutdownFollowerState(121)) - bf55b3f9-6b09-4365-9d71-55289e083fa5: shutdown FollowerState
2019-10-16 18:01:59,131 [Thread-3823] INFO  impl.RaftServerImpl (RaftServerImpl.java:setRole(184)) - bf55b3f9-6b09-4365-9d71-55289e083fa5@group-EFD1D20A002C: changes role from  FOLLOWER to CANDIDATE at term 633 for changeToCandidate
2019-10-16 18:01:59,131 [Thread-3823] INFO  impl.RoleInfo (RoleInfo.java:updateAndGet(143)) - bf55b3f9-6b09-4365-9d71-55289e083fa5: start LeaderElection
2019-10-16 18:01:59,147 [bf55b3f9-6b09-4365-9d71-55289e083fa5@group-EFD1D20A002C-LeaderElection536] INFO  impl.LeaderElection (LeaderElection.java:askForVotes(178)) - bf55b3f9-6b09-4365-9d71-55289e083fa5@group-EFD1D20A002C-LeaderElection536: begin an election at term 634 for -1: [f4c54511-b161-4347-aec5-5236dc80a0d8:0.0.0.0:41238, 907b9765-214b-4864-b66a-d6e2a5789e5c:0.0.0.0:41650, bf55b3f9-6b09-4365-9d71-55289e083fa5:0.0.0.0:42441], old=null
2019-10-16 18:01:59,149 [grpc-default-executor-3] INFO  impl.RaftServerImpl (RaftServerImpl.java:setRole(184)) - f4c54511-b161-4347-aec5-5236dc80a0d8@group-EFD1D20A002C: changes role from  FOLLOWER to FOLLOWER at term 634 for recognizeCandidate:bf55b3f9-6b09-4365-9d71-55289e083fa5
2019-10-16 18:01:59,149 [grpc-default-executor-1] INFO  impl.RaftServerImpl (RaftServerImpl.java:setRole(184)) - 907b9765-214b-4864-b66a-d6e2a5789e5c@group-EFD1D20A002C: changes role from  FOLLOWER to FOLLOWER at term 634 for recognizeCandidate:bf55b3f9-6b09-4365-9d71-55289e083fa5
2019-10-16 18:01:59,149 [grpc-default-executor-3] INFO  impl.RoleInfo (RoleInfo.java:shutdownFollowerState(121)) - f4c54511-b161-4347-aec5-5236dc80a0d8: shutdown FollowerState
2019-10-16 18:01:59,149 [grpc-default-executor-1] INFO  impl.RoleInfo (RoleInfo.java:shutdownFollowerState(121)) - 907b9765-214b-4864-b66a-d6e2a5789e5c: shutdown FollowerState
2019-10-16 18:01:59,149 [Thread-3821] INFO  impl.FollowerState (FollowerState.java:run(117)) - f4c54511-b161-4347-aec5-5236dc80a0d8@group-EFD1D20A002C-FollowerState was interrupted: java.lang.InterruptedException: sleep interrupted
2019-10-16 18:01:59,149 [grpc-default-executor-3] INFO  impl.RoleInfo (RoleInfo.java:updateAndGet(143)) - f4c54511-b161-4347-aec5-5236dc80a0d8: start FollowerState
2019-10-16 18:01:59,149 [Thread-3822] INFO  impl.FollowerState (FollowerState.java:run(117)) - 907b9765-214b-4864-b66a-d6e2a5789e5c@group-EFD1D20A002C-FollowerState was interrupted: java.lang.InterruptedException: sleep interrupted
2019-10-16 18:01:59,149 [grpc-default-executor-1] INFO  impl.RoleInfo (RoleInfo.java:updateAndGet(143)) - 907b9765-214b-4864-b66a-d6e2a5789e5c: start FollowerState
2019-10-16 18:01:59,173 [bf55b3f9-6b09-4365-9d71-55289e083fa5@group-EFD1D20A002C-LeaderElection536] INFO  impl.LeaderElection (LeaderElection.java:logAndReturn(56)) - bf55b3f9-6b09-4365-9d71-55289e083fa5@group-EFD1D20A002C-LeaderElection536: Election REJECTED; received 2 response(s) [bf55b3f9-6b09-4365-9d71-55289e083fa5<-f4c54511-b161-4347-aec5-5236dc80a0d8#0:FAIL-t634, bf55b3f9-6b09-4365-9d71-55289e083fa5<-907b9765-214b-4864-b66a-d6e2a5789e5c#0:FAIL-t634] and 0 exception(s); bf55b3f9-6b09-4365-9d71-55289e083fa5@group-EFD1D20A002C:t634, leader=null, voted=bf55b3f9-6b09-4365-9d71-55289e083fa5, raftlog=bf55b3f9-6b09-4365-9d71-55289e083fa5@group-EFD1D20A002C-SegmentedRaftLog:OPENED:c-1,f-1,i0, conf=-1: [f4c54511-b161-4347-aec5-5236dc80a0d8:0.0.0.0:41238, 907b9765-214b-4864-b66a-d6e2a5789e5c:0.0.0.0:41650, bf55b3f9-6b09-4365-9d71-55289e083fa5:0.0.0.0:42441], old=null
2019-10-16 18:01:59,173 [bf55b3f9-6b09-4365-9d71-55289e083fa5@group-EFD1D20A002C-LeaderElection536] INFO  impl.RaftServerImpl (RaftServerImpl.java:setRole(184)) - bf55b3f9-6b09-4365-9d71-55289e083fa5@group-EFD1D20A002C: changes role from CANDIDATE to FOLLOWER at term 634 for DISCOVERED_A_NEW_TERM
2019-10-16 18:01:59,173 [bf55b3f9-6b09-4365-9d71-55289e083fa5@group-EFD1D20A002C-LeaderElection536] INFO  impl.RoleInfo (RoleInfo.java:shutdownLeaderElection(134)) - bf55b3f9-6b09-4365-9d71-55289e083fa5: shutdown LeaderElection
2019-10-16 18:01:59,174 [bf55b3f9-6b09-4365-9d71-55289e083fa5@group-EFD1D20A002C-LeaderElection536] INFO  impl.RoleInfo (RoleInfo.java:updateAndGet(143)) - bf55b3f9-6b09-4365-9d71-55289e083fa5: start FollowerState
2019-10-16 18:01:59,247 [Thread-3829] INFO  impl.FollowerState (FollowerState.java:run(108)) - bf55b3f9-6b09-4365-9d71-55289e083fa5@group-EFD1D20A002C-FollowerState: change to CANDIDATE, lastRpcTime:73ms, electionTimeout:73ms
2019-10-16 18:01:59,247 [Thread-3829] INFO  impl.RoleInfo (RoleInfo.java:shutdownFollowerState(121)) - bf55b3f9-6b09-4365-9d71-55289e083fa5: shutdown FollowerState
2019-10-16 18:01:59,247 [Thread-3829] INFO  impl.RaftServerImpl (RaftServerImpl.java:setRole(184)) - bf55b3f9-6b09-4365-9d71-55289e083fa5@group-EFD1D20A002C: changes role from  FOLLOWER to CANDIDATE at term 634 for changeToCandidate
2019-10-16 18:01:59,248 [Thread-3829] INFO  impl.RoleInfo (RoleInfo.java:updateAndGet(143)) - bf55b3f9-6b09-4365-9d71-55289e083fa5: start LeaderElection
2019-10-16 18:01:59,266 [bf55b3f9-6b09-4365-9d71-55289e083fa5@group-EFD1D20A002C-LeaderElection537] INFO  impl.LeaderElection (LeaderElection.java:askForVotes(178)) - bf55b3f9-6b09-4365-9d71-55289e083fa5@group-EFD1D20A002C-LeaderElection537: begin an election at term 635 for -1: [f4c54511-b161-4347-aec5-5236dc80a0d8:0.0.0.0:41238, 907b9765-214b-4864-b66a-d6e2a5789e5c:0.0.0.0:41650, bf55b3f9-6b09-4365-9d71-55289e083fa5:0.0.0.0:42441], old=null
2019-10-16 18:01:59,268 [grpc-default-executor-1] INFO  impl.RaftServerImpl (RaftServerImpl.java:setRole(184)) - f4c54511-b161-4347-aec5-5236dc80a0d8@group-EFD1D20A002C: changes role from  FOLLOWER to FOLLOWER at term 635 for recognizeCandidate:bf55b3f9-6b09-4365-9d71-55289e083fa5
2019-10-16 18:01:59,268 [grpc-default-executor-1] INFO  impl.RoleInfo (RoleInfo.java:shutdownFollowerState(121)) - f4c54511-b161-4347-aec5-5236dc80a0d8: shutdown FollowerState
2019-10-16 18:01:59,268 [grpc-default-executor-3] INFO  impl.RaftServerImpl (RaftServerImpl.java:setRole(184)) - 907b9765-214b-4864-b66a-d6e2a5789e5c@group-EFD1D20A002C: changes role from  FOLLOWER to FOLLOWER at term 635 for recognizeCandidate:bf55b3f9-6b09-4365-9d71-55289e083fa5
2019-10-16 18:01:59,268 [Thread-3827] INFO  impl.FollowerState (FollowerState.java:run(117)) - f4c54511-b161-4347-aec5-5236dc80a0d8@group-EFD1D20A002C-FollowerState was interrupted: java.lang.InterruptedException: sleep interrupted
2019-10-16 18:01:59,268 [grpc-default-executor-1] INFO  impl.RoleInfo (RoleInfo.java:updateAndGet(143)) - f4c54511-b161-4347-aec5-5236dc80a0d8: start FollowerState
2019-10-16 18:01:59,268 [grpc-default-executor-3] INFO  impl.RoleInfo (RoleInfo.java:shutdownFollowerState(121)) - 907b9765-214b-4864-b66a-d6e2a5789e5c: shutdown FollowerState
2019-10-16 18:01:59,269 [grpc-default-executor-3] INFO  impl.RoleInfo (RoleInfo.java:updateAndGet(143)) - 907b9765-214b-4864-b66a-d6e2a5789e5c: start FollowerState
2019-10-16 18:01:59,269 [Thread-3828] INFO  impl.FollowerState (FollowerState.java:run(117)) - 907b9765-214b-4864-b66a-d6e2a5789e5c@group-EFD1D20A002C-FollowerState was interrupted: java.lang.InterruptedException: sleep interrupted
2019-10-16 18:01:59,292 [bf55b3f9-6b09-4365-9d71-55289e083fa5@group-EFD1D20A002C-LeaderElection537] INFO  impl.LeaderElection (LeaderElection.java:logAndReturn(56)) - bf55b3f9-6b09-4365-9d71-55289e083fa5@group-EFD1D20A002C-LeaderElection537: Election REJECTED; received 2 response(s) [bf55b3f9-6b09-4365-9d71-55289e083fa5<-f4c54511-b161-4347-aec5-5236dc80a0d8#0:FAIL-t635, bf55b3f9-6b09-4365-9d71-55289e083fa5<-907b9765-214b-4864-b66a-d6e2a5789e5c#0:FAIL-t635] and 0 exception(s); bf55b3f9-6b09-4365-9d71-55289e083fa5@group-EFD1D20A002C:t635, leader=null, voted=bf55b3f9-6b09-4365-9d71-55289e083fa5, raftlog=bf55b3f9-6b09-4365-9d71-55289e083fa5@group-EFD1D20A002C-SegmentedRaftLog:OPENED:c-1,f-1,i0, conf=-1: [f4c54511-b161-4347-aec5-5236dc80a0d8:0.0.0.0:41238, 907b9765-214b-4864-b66a-d6e2a5789e5c:0.0.0.0:41650, bf55b3f9-6b09-4365-9d71-55289e083fa5:0.0.0.0:42441], old=null
2019-10-16 18:01:59,292 [bf55b3f9-6b09-4365-9d71-55289e083fa5@group-EFD1D20A002C-LeaderElection537] INFO  impl.RaftServerImpl (RaftServerImpl.java:setRole(184)) - bf55b3f9-6b09-4365-9d71-55289e083fa5@group-EFD1D20A002C: changes role from CANDIDATE to FOLLOWER at term 635 for DISCOVERED_A_NEW_TERM
2019-10-16 18:01:59,292 [bf55b3f9-6b09-4365-9d71-55289e083fa5@group-EFD1D20A002C-LeaderElection537] INFO  impl.RoleInfo (RoleInfo.java:shutdownLeaderElection(134)) - bf55b3f9-6b09-4365-9d71-55289e083fa5: shutdown LeaderElection
2019-10-16 18:01:59,292 [bf55b3f9-6b09-4365-9d71-55289e083fa5@group-EFD1D20A002C-LeaderElection537] INFO  impl.RoleInfo (RoleInfo.java:updateAndGet(143)) - bf55b3f9-6b09-4365-9d71-55289e083fa5: start FollowerState
2019-10-16 18:01:59,302 [Thread-3835] INFO  impl.FollowerState (FollowerState.java:run(108)) - bf55b3f9-6b09-4365-9d71-55289e083fa5@group-EFD1D20A002C-FollowerState: change to CANDIDATE, lastRpcTime:10ms, electionTimeout:10ms
2019-10-16 18:01:59,303 [Thread-3835] INFO  impl.RoleInfo (RoleInfo.java:shutdownFollowerState(121)) - bf55b3f9-6b09-4365-9d71-55289e083fa5: shutdown FollowerState
2019-10-16 18:01:59,303 [Thread-3835] INFO  impl.RaftServerImpl (RaftServerImpl.java:setRole(184)) - bf55b3f9-6b09-4365-9d71-55289e083fa5@group-EFD1D20A002C: changes role from  FOLLOWER to CANDIDATE at term 635 for changeToCandidate
2019-10-16 18:01:59,303 [Thread-3835] INFO  impl.RoleInfo (RoleInfo.java:updateAndGet(143)) - bf55b3f9-6b09-4365-9d71-55289e083fa5: start LeaderElection
2019-10-16 18:01:59,325 [bf55b3f9-6b09-4365-9d71-55289e083fa5@group-EFD1D20A002C-LeaderElection538] INFO  impl.LeaderElection (LeaderElection.java:askForVotes(178)) - bf55b3f9-6b09-4365-9d71-55289e083fa5@group-EFD1D20A002C-LeaderElection538: begin an election at term 636 for -1: [f4c54511-b161-4347-aec5-5236dc80a0d8:0.0.0.0:41238, 907b9765-214b-4864-b66a-d6e2a5789e5c:0.0.0.0:41650, bf55b3f9-6b09-4365-9d71-55289e083fa5:0.0.0.0:42441], old=null
2019-10-16 18:01:59,327 [grpc-default-executor-3] INFO  impl.RaftServerImpl (RaftServerImpl.java:setRole(184)) - 907b9765-214b-4864-b66a-d6e2a5789e5c@group-EFD1D20A002C: changes role from  FOLLOWER to FOLLOWER at term 636 for recognizeCandidate:bf55b3f9-6b09-4365-9d71-55289e083fa5
2019-10-16 18:01:59,327 [grpc-default-executor-3] INFO  impl.RoleInfo (RoleInfo.java:shutdownFollowerState(121)) - 907b9765-214b-4864-b66a-d6e2a5789e5c: shutdown FollowerState
2019-10-16 18:01:59,327 [grpc-default-executor-1] INFO  impl.RaftServerImpl (RaftServerImpl.java:setRole(184)) - f4c54511-b161-4347-aec5-5236dc80a0d8@group-EFD1D20A002C: changes role from  FOLLOWER to FOLLOWER at term 636 for recognizeCandidate:bf55b3f9-6b09-4365-9d71-55289e083fa5
2019-10-16 18:01:59,327 [Thread-3834] INFO  impl.FollowerState (FollowerState.java:run(117)) - 907b9765-214b-4864-b66a-d6e2a5789e5c@group-EFD1D20A002C-FollowerState was interrupted: java.lang.InterruptedException: sleep interrupted
2019-10-16 18:01:59,327 [grpc-default-executor-3] INFO  impl.RoleInfo (RoleInfo.java:updateAndGet(143)) - 907b9765-214b-4864-b66a-d6e2a5789e5c: start FollowerState
2019-10-16 18:01:59,328 [grpc-default-executor-1] INFO  impl.RoleInfo (RoleInfo.java:shutdownFollowerState(121)) - f4c54511-b161-4347-aec5-5236dc80a0d8: shutdown FollowerState
2019-10-16 18:01:59,328 [Thread-3833] INFO  impl.FollowerState (FollowerState.java:run(117)) - f4c54511-b161-4347-aec5-5236dc80a0d8@group-EFD1D20A002C-FollowerState was interrupted: java.lang.InterruptedException: sleep interrupted
2019-10-16 18:01:59,328 [grpc-default-executor-1] INFO  impl.RoleInfo (RoleInfo.java:updateAndGet(143)) - f4c54511-b161-4347-aec5-5236dc80a0d8: start FollowerState
2019-10-16 18:01:59,351 [bf55b3f9-6b09-4365-9d71-55289e083fa5@group-EFD1D20A002C-LeaderElection538] INFO  impl.LeaderElection (LeaderElection.java:logAndReturn(56)) - bf55b3f9-6b09-4365-9d71-55289e083fa5@group-EFD1D20A002C-LeaderElection538: Election REJECTED; received 2 response(s) [bf55b3f9-6b09-4365-9d71-55289e083fa5<-f4c54511-b161-4347-aec5-5236dc80a0d8#0:FAIL-t636, bf55b3f9-6b09-4365-9d71-55289e083fa5<-907b9765-214b-4864-b66a-d6e2a5789e5c#0:FAIL-t636] and 0 exception(s); bf55b3f9-6b09-4365-9d71-55289e083fa5@group-EFD1D20A002C:t636, leader=null, voted=bf55b3f9-6b09-4365-9d71-55289e083fa5, raftlog=bf55b3f9-6b09-4365-9d71-55289e083fa5@group-EFD1D20A002C-SegmentedRaftLog:OPENED:c-1,f-1,i0, conf=-1: [f4c54511-b161-4347-aec5-5236dc80a0d8:0.0.0.0:41238, 907b9765-214b-4864-b66a-d6e2a5789e5c:0.0.0.0:41650, bf55b3f9-6b09-4365-9d71-55289e083fa5:0.0.0.0:42441], old=null
2019-10-16 18:01:59,351 [bf55b3f9-6b09-4365-9d71-55289e083fa5@group-EFD1D20A002C-LeaderElection538] INFO  impl.RaftServerImpl (RaftServerImpl.java:setRole(184)) - bf55b3f9-6b09-4365-9d71-55289e083fa5@group-EFD1D20A002C: changes role from CANDIDATE to FOLLOWER at term 636 for DISCOVERED_A_NEW_TERM
2019-10-16 18:01:59,352 [bf55b3f9-6b09-4365-9d71-55289e083fa5@group-EFD1D20A002C-LeaderElection538] INFO  impl.RoleInfo (RoleInfo.java:shutdownLeaderElection(134)) - bf55b3f9-6b09-4365-9d71-55289e083fa5: shutdown LeaderElection
2019-10-16 18:01:59,352 [bf55b3f9-6b09-4365-9d71-55289e083fa5@group-EFD1D20A002C-LeaderElection538] INFO  impl.RoleInfo (RoleInfo.java:updateAndGet(143)) - bf55b3f9-6b09-4365-9d71-55289e083fa5: start FollowerState
2019-10-16 18:01:59,416 [Thread-3843] INFO  impl.FollowerState (FollowerState.java:run(108)) - bf55b3f9-6b09-4365-9d71-55289e083fa5@group-EFD1D20A002C-FollowerState: change to CANDIDATE, lastRpcTime:64ms, electionTimeout:64ms
2019-10-16 18:01:59,416 [Thread-3843] INFO  impl.RoleInfo (RoleInfo.java:shutdownFollowerState(121)) - bf55b3f9-6b09-4365-9d71-55289e083fa5: shutdown FollowerState
2019-10-16 18:01:59,416 [Thread-3843] INFO  impl.RaftServerImpl (RaftServerImpl.java:setRole(184)) - bf55b3f9-6b09-4365-9d71-55289e083fa5@group-EFD1D20A002C: changes role from  FOLLOWER to CANDIDATE at term 636 for changeToCandidate
2019-10-16 18:01:59,417 [Thread-3843] INFO  impl.RoleInfo (RoleInfo.java:updateAndGet(143)) - bf55b3f9-6b09-4365-9d71-55289e083fa5: start LeaderElection
2019-10-16 18:01:59,435 [bf55b3f9-6b09-4365-9d71-55289e083fa5@group-EFD1D20A002C-LeaderElection539] INFO  impl.LeaderElection (LeaderElection.java:askForVotes(178)) - bf55b3f9-6b09-4365-9d71-55289e083fa5@group-EFD1D20A002C-LeaderElection539: begin an election at term 637 for -1: [f4c54511-b161-4347-aec5-5236dc80a0d8:0.0.0.0:41238, 907b9765-214b-4864-b66a-d6e2a5789e5c:0.0.0.0:41650, bf55b3f9-6b09-4365-9d71-55289e083fa5:0.0.0.0:42441], old=null
2019-10-16 18:01:59,437 [grpc-default-executor-3] INFO  impl.RaftServerImpl (RaftServerImpl.java:setRole(184)) - f4c54511-b161-4347-aec5-5236dc80a0d8@group-EFD1D20A002C: changes role from  FOLLOWER to FOLLOWER at term 637 for recognizeCandidate:bf55b3f9-6b09-4365-9d71-55289e083fa5
2019-10-16 18:01:59,437 [grpc-default-executor-3] INFO  impl.RoleInfo (RoleInfo.java:shutdownFollowerState(121)) - f4c54511-b161-4347-aec5-5236dc80a0d8: shutdown FollowerState
2019-10-16 18:01:59,437 [grpc-default-executor-2] INFO  impl.RaftServerImpl (RaftServerImpl.java:setRole(184)) - 907b9765-214b-4864-b66a-d6e2a5789e5c@group-EFD1D20A002C: changes role from  FOLLOWER to FOLLOWER at term 637 for recognizeCandidate:bf55b3f9-6b09-4365-9d71-55289e083fa5
2019-10-16 18:01:59,437 [Thread-3840] INFO  impl.FollowerState (FollowerState.java:run(117)) - f4c54511-b161-4347-aec5-5236dc80a0d8@group-EFD1D20A002C-FollowerState was interrupted: java.lang.InterruptedException: sleep interrupted
2019-10-16 18:01:59,437 [grpc-default-executor-3] INFO  impl.RoleInfo (RoleInfo.java:updateAndGet(143)) - f4c54511-b161-4347-aec5-5236dc80a0d8: start FollowerState
2019-10-16 18:01:59,437 [grpc-default-executor-2] INFO  impl.RoleInfo (RoleInfo.java:shutdownFollowerState(121)) - 907b9765-214b-4864-b66a-d6e2a5789e5c: shutdown FollowerState
2019-10-16 18:01:59,438 [grpc-default-executor-2] INFO  impl.RoleInfo (RoleInfo.java:updateAndGet(143)) - 907b9765-214b-4864-b66a-d6e2a5789e5c: start FollowerState
2019-10-16 18:01:59,438 [Thread-3839] INFO  impl.FollowerState (FollowerState.java:run(117)) - 907b9765-214b-4864-b66a-d6e2a5789e5c@group-EFD1D20A002C-FollowerState was interrupted: java.lang.InterruptedException: sleep interrupted
2019-10-16 18:01:59,462 [bf55b3f9-6b09-4365-9d71-55289e083fa5@group-EFD1D20A002C-LeaderElection539] INFO  impl.LeaderElection (LeaderElection.java:logAndReturn(56)) - bf55b3f9-6b09-4365-9d71-55289e083fa5@group-EFD1D20A002C-LeaderElection539: Election REJECTED; received 2 response(s) [bf55b3f9-6b09-4365-9d71-55289e083fa5<-f4c54511-b161-4347-aec5-5236dc80a0d8#0:FAIL-t637, bf55b3f9-6b09-4365-9d71-55289e083fa5<-907b9765-214b-4864-b66a-d6e2a5789e5c#0:FAIL-t637] and 0 exception(s); bf55b3f9-6b09-4365-9d71-55289e083fa5@group-EFD1D20A002C:t637, leader=null, voted=bf55b3f9-6b09-4365-9d71-55289e083fa5, raftlog=bf55b3f9-6b09-4365-9d71-55289e083fa5@group-EFD1D20A002C-SegmentedRaftLog:OPENED:c-1,f-1,i0, conf=-1: [f4c54511-b161-4347-aec5-5236dc80a0d8:0.0.0.0:41238, 907b9765-214b-4864-b66a-d6e2a5789e5c:0.0.0.0:41650, bf55b3f9-6b09-4365-9d71-55289e083fa5:0.0.0.0:42441], old=null
2019-10-16 18:01:59,462 [bf55b3f9-6b09-4365-9d71-55289e083fa5@group-EFD1D20A002C-LeaderElection539] INFO  impl.RaftServerImpl (RaftServerImpl.java:setRole(184)) - bf55b3f9-6b09-4365-9d71-55289e083fa5@group-EFD1D20A002C: changes role from CANDIDATE to FOLLOWER at term 637 for DISCOVERED_A_NEW_TERM
2019-10-16 18:01:59,462 [bf55b3f9-6b09-4365-9d71-55289e083fa5@group-EFD1D20A002C-LeaderElection539] INFO  impl.RoleInfo (RoleInfo.java:shutdownLeaderElection(134)) - bf55b3f9-6b09-4365-9d71-55289e083fa5: shutdown LeaderElection
2019-10-16 18:01:59,462 [bf55b3f9-6b09-4365-9d71-55289e083fa5@group-EFD1D20A002C-LeaderElection539] INFO  impl.RoleInfo (RoleInfo.java:updateAndGet(143)) - bf55b3f9-6b09-4365-9d71-55289e083fa5: start FollowerState
2019-10-16 18:01:59,500 [Thread-3849] INFO  impl.FollowerState (FollowerState.java:run(108)) - bf55b3f9-6b09-4365-9d71-55289e083fa5@group-EFD1D20A002C-FollowerState: change to CANDIDATE, lastRpcTime:37ms, electionTimeout:37ms
2019-10-16 18:01:59,500 [Thread-3849] INFO  impl.RoleInfo (RoleInfo.java:shutdownFollowerState(121)) - bf55b3f9-6b09-4365-9d71-55289e083fa5: shutdown FollowerState
2019-10-16 18:01:59,500 [Thread-3849] INFO  impl.RaftServerImpl (RaftServerImpl.java:setRole(184)) - bf55b3f9-6b09-4365-9d71-55289e083fa5@group-EFD1D20A002C: changes role from  FOLLOWER to CANDIDATE at term 637 for changeToCandidate
2019-10-16 18:01:59,500 [Thread-3849] INFO  impl.RoleInfo (RoleInfo.java:updateAndGet(143)) - bf55b3f9-6b09-4365-9d71-55289e083fa5: start LeaderElection
2019-10-16 18:01:59,528 [bf55b3f9-6b09-4365-9d71-55289e083fa5@group-EFD1D20A002C-LeaderElection540] INFO  impl.LeaderElection (LeaderElection.java:askForVotes(178)) - bf55b3f9-6b09-4365-9d71-55289e083fa5@group-EFD1D20A002C-LeaderElection540: begin an election at term 638 for -1: [f4c54511-b161-4347-aec5-5236dc80a0d8:0.0.0.0:41238, 907b9765-214b-4864-b66a-d6e2a5789e5c:0.0.0.0:41650, bf55b3f9-6b09-4365-9d71-55289e083fa5:0.0.0.0:42441], old=null
2019-10-16 18:01:59,530 [grpc-default-executor-2] INFO  impl.RaftServerImpl (RaftServerImpl.java:setRole(184)) - f4c54511-b161-4347-aec5-5236dc80a0d8@group-EFD1D20A002C: changes role from  FOLLOWER to FOLLOWER at term 638 for recognizeCandidate:bf55b3f9-6b09-4365-9d71-55289e083fa5
2019-10-16 18:01:59,530 [grpc-default-executor-3] INFO  impl.RaftServerImpl (RaftServerImpl.java:setRole(184)) - 907b9765-214b-4864-b66a-d6e2a5789e5c@group-EFD1D20A002C: changes role from  FOLLOWER to FOLLOWER at term 638 for recognizeCandidate:bf55b3f9-6b09-4365-9d71-55289e083fa5
2019-10-16 18:01:59,531 [grpc-default-executor-3] INFO  impl.RoleInfo (RoleInfo.java:shutdownFollowerState(121)) - 907b9765-214b-4864-b66a-d6e2a5789e5c: shutdown FollowerState
2019-10-16 18:01:59,531 [grpc-default-executor-2] INFO  impl.RoleInfo (RoleInfo.java:shutdownFollowerState(121)) - f4c54511-b161-4347-aec5-5236dc80a0d8: shutdown FollowerState
2019-10-16 18:01:59,531 [Thread-3848] INFO  impl.FollowerState (FollowerState.java:run(117)) - 907b9765-214b-4864-b66a-d6e2a5789e5c@group-EFD1D20A002C-FollowerState was interrupted: java.lang.InterruptedException: sleep interrupted
2019-10-16 18:01:59,531 [grpc-default-executor-3] INFO  impl.RoleInfo (RoleInfo.java:updateAndGet(143)) - 907b9765-214b-4864-b66a-d6e2a5789e5c: start FollowerState
2019-10-16 18:01:59,531 [Thread-3847] INFO  impl.FollowerState (FollowerState.java:run(117)) - f4c54511-b161-4347-aec5-5236dc80a0d8@group-EFD1D20A002C-FollowerState was interrupted: java.lang.InterruptedException: sleep interrupted
2019-10-16 18:01:59,531 [grpc-default-executor-2] INFO  impl.RoleInfo (RoleInfo.java:updateAndGet(143)) - f4c54511-b161-4347-aec5-5236dc80a0d8: start FollowerState
2019-10-16 18:01:59,546 [bf55b3f9-6b09-4365-9d71-55289e083fa5@group-EFD1D20A002C-LeaderElection540] INFO  impl.LeaderElection (LeaderElection.java:logAndReturn(56)) - bf55b3f9-6b09-4365-9d71-55289e083fa5@group-EFD1D20A002C-LeaderElection540: Election REJECTED; received 2 response(s) [bf55b3f9-6b09-4365-9d71-55289e083fa5<-f4c54511-b161-4347-aec5-5236dc80a0d8#0:FAIL-t638, bf55b3f9-6b09-4365-9d71-55289e083fa5<-907b9765-214b-4864-b66a-d6e2a5789e5c#0:FAIL-t638] and 0 exception(s); bf55b3f9-6b09-4365-9d71-55289e083fa5@group-EFD1D20A002C:t638, leader=null, voted=bf55b3f9-6b09-4365-9d71-55289e083fa5, raftlog=bf55b3f9-6b09-4365-9d71-55289e083fa5@group-EFD1D20A002C-SegmentedRaftLog:OPENED:c-1,f-1,i0, conf=-1: [f4c54511-b161-4347-aec5-5236dc80a0d8:0.0.0.0:41238, 907b9765-214b-4864-b66a-d6e2a5789e5c:0.0.0.0:41650, bf55b3f9-6b09-4365-9d71-55289e083fa5:0.0.0.0:42441], old=null
2019-10-16 18:01:59,547 [bf55b3f9-6b09-4365-9d71-55289e083fa5@group-EFD1D20A002C-LeaderElection540] INFO  impl.RaftServerImpl (RaftServerImpl.java:setRole(184)) - bf55b3f9-6b09-4365-9d71-55289e083fa5@group-EFD1D20A002C: changes role from CANDIDATE to FOLLOWER at term 638 for DISCOVERED_A_NEW_TERM
2019-10-16 18:01:59,547 [bf55b3f9-6b09-4365-9d71-55289e083fa5@group-EFD1D20A002C-LeaderElection540] INFO  impl.RoleInfo (RoleInfo.java:shutdownLeaderElection(134)) - bf55b3f9-6b09-4365-9d71-55289e083fa5: shutdown LeaderElection
2019-10-16 18:01:59,547 [bf55b3f9-6b09-4365-9d71-55289e083fa5@group-EFD1D20A002C-LeaderElection540] INFO  impl.RoleInfo (RoleInfo.java:updateAndGet(143)) - bf55b3f9-6b09-4365-9d71-55289e083fa5: start FollowerState
2019-10-16 18:01:59,602 [Thread-3855] INFO  impl.FollowerState (FollowerState.java:run(108)) - bf55b3f9-6b09-4365-9d71-55289e083fa5@group-EFD1D20A002C-FollowerState: change to CANDIDATE, lastRpcTime:55ms, electionTimeout:55ms
2019-10-16 18:01:59,603 [Thread-3855] INFO  impl.RoleInfo (RoleInfo.java:shutdownFollowerState(121)) - bf55b3f9-6b09-4365-9d71-55289e083fa5: shutdown FollowerState
2019-10-16 18:01:59,603 [Thread-3855] INFO  impl.RaftServerImpl (RaftServerImpl.java:setRole(184)) - bf55b3f9-6b09-4365-9d71-55289e083fa5@group-EFD1D20A002C: changes role from  FOLLOWER to CANDIDATE at term 638 for changeToCandidate
2019-10-16 18:01:59,603 [Thread-3855] INFO  impl.RoleInfo (RoleInfo.java:updateAndGet(143)) - bf55b3f9-6b09-4365-9d71-55289e083fa5: start LeaderElection
2019-10-16 18:01:59,630 [bf55b3f9-6b09-4365-9d71-55289e083fa5@group-EFD1D20A002C-LeaderElection541] INFO  impl.LeaderElection (LeaderElection.java:askForVotes(178)) - bf55b3f9-6b09-4365-9d71-55289e083fa5@group-EFD1D20A002C-LeaderElection541: begin an election at term 639 for -1: [f4c54511-b161-4347-aec5-5236dc80a0d8:0.0.0.0:41238, 907b9765-214b-4864-b66a-d6e2a5789e5c:0.0.0.0:41650, bf55b3f9-6b09-4365-9d71-55289e083fa5:0.0.0.0:42441], old=null
2019-10-16 18:01:59,632 [grpc-default-executor-2] INFO  impl.RaftServerImpl (RaftServerImpl.java:setRole(184)) - f4c54511-b161-4347-aec5-5236dc80a0d8@group-EFD1D20A002C: changes role from  FOLLOWER to FOLLOWER at term 639 for recognizeCandidate:bf55b3f9-6b09-4365-9d71-55289e083fa5
2019-10-16 18:01:59,632 [grpc-default-executor-2] INFO  impl.RoleInfo (RoleInfo.java:shutdownFollowerState(121)) - f4c54511-b161-4347-aec5-5236dc80a0d8: shutdown FollowerState
2019-10-16 18:01:59,632 [grpc-default-executor-3] INFO  impl.RaftServerImpl (RaftServerImpl.java:setRole(184)) - 907b9765-214b-4864-b66a-d6e2a5789e5c@group-EFD1D20A002C: changes role from  FOLLOWER to FOLLOWER at term 639 for recognizeCandidate:bf55b3f9-6b09-4365-9d71-55289e083fa5
2019-10-16 18:01:59,632 [grpc-default-executor-3] INFO  impl.RoleInfo (RoleInfo.java:shutdownFollowerState(121)) - 907b9765-214b-4864-b66a-d6e2a5789e5c: shutdown FollowerState
2019-10-16 18:01:59,632 [Thread-3854] INFO  impl.FollowerState (FollowerState.java:run(117)) - f4c54511-b161-4347-aec5-5236dc80a0d8@group-EFD1D20A002C-FollowerState was interrupted: java.lang.InterruptedException: sleep interrupted
2019-10-16 18:01:59,632 [grpc-default-executor-2] INFO  impl.RoleInfo (RoleInfo.java:updateAndGet(143)) - f4c54511-b161-4347-aec5-5236dc80a0d8: start FollowerState
2019-10-16 18:01:59,632 [Thread-3853] INFO  impl.FollowerState (FollowerState.java:run(117)) - 907b9765-214b-4864-b66a-d6e2a5789e5c@group-EFD1D20A002C-FollowerState was interrupted: java.lang.InterruptedException: sleep interrupted
2019-10-16 18:01:59,632 [grpc-default-executor-3] INFO  impl.RoleInfo (RoleInfo.java:updateAndGet(143)) - 907b9765-214b-4864-b66a-d6e2a5789e5c: start FollowerState
2019-10-16 18:01:59,656 [bf55b3f9-6b09-4365-9d71-55289e083fa5@group-EFD1D20A002C-LeaderElection541] INFO  impl.LeaderElection (LeaderElection.java:logAndReturn(56)) - bf55b3f9-6b09-4365-9d71-55289e083fa5@group-EFD1D20A002C-LeaderElection541: Election REJECTED; received 2 response(s) [bf55b3f9-6b09-4365-9d71-55289e083fa5<-f4c54511-b161-4347-aec5-5236dc80a0d8#0:FAIL-t639, bf55b3f9-6b09-4365-9d71-55289e083fa5<-907b9765-214b-4864-b66a-d6e2a5789e5c#0:FAIL-t639] and 0 exception(s); bf55b3f9-6b09-4365-9d71-55289e083fa5@group-EFD1D20A002C:t639, leader=null, voted=bf55b3f9-6b09-4365-9d71-55289e083fa5, raftlog=bf55b3f9-6b09-4365-9d71-55289e083fa5@group-EFD1D20A002C-SegmentedRaftLog:OPENED:c-1,f-1,i0, conf=-1: [f4c54511-b161-4347-aec5-5236dc80a0d8:0.0.0.0:41238, 907b9765-214b-4864-b66a-d6e2a5789e5c:0.0.0.0:41650, bf55b3f9-6b09-4365-9d71-55289e083fa5:0.0.0.0:42441], old=null
2019-10-16 18:01:59,656 [bf55b3f9-6b09-4365-9d71-55289e083fa5@group-EFD1D20A002C-LeaderElection541] INFO  impl.RaftServerImpl (RaftServerImpl.java:setRole(184)) - bf55b3f9-6b09-4365-9d71-55289e083fa5@group-EFD1D20A002C: changes role from CANDIDATE to FOLLOWER at term 639 for DISCOVERED_A_NEW_TERM
2019-10-16 18:01:59,656 [bf55b3f9-6b09-4365-9d71-55289e083fa5@group-EFD1D20A002C-LeaderElection541] INFO  impl.RoleInfo (RoleInfo.java:shutdownLeaderElection(134)) - bf55b3f9-6b09-4365-9d71-55289e083fa5: shutdown LeaderElection
2019-10-16 18:01:59,657 [bf55b3f9-6b09-4365-9d71-55289e083fa5@group-EFD1D20A002C-LeaderElection541] INFO  impl.RoleInfo (RoleInfo.java:updateAndGet(143)) - bf55b3f9-6b09-4365-9d71-55289e083fa5: start FollowerState
2019-10-16 18:01:59,847 [Thread-3861] INFO  impl.FollowerState (FollowerState.java:run(108)) - bf55b3f9-6b09-4365-9d71-55289e083fa5@group-EFD1D20A002C-FollowerState: change to CANDIDATE, lastRpcTime:190ms, electionTimeout:190ms
2019-10-16 18:01:59,847 [Thread-3861] INFO  impl.RoleInfo (RoleInfo.java:shutdownFollowerState(121)) - bf55b3f9-6b09-4365-9d71-55289e083fa5: shutdown FollowerState
2019-10-16 18:01:59,847 [Thread-3861] INFO  impl.RaftServerImpl (RaftServerImpl.java:setRole(184)) - bf55b3f9-6b09-4365-9d71-55289e083fa5@group-EFD1D20A002C: changes role from  FOLLOWER to CANDIDATE at term 639 for changeToCandidate
2019-10-16 18:01:59,847 [Thread-3861] INFO  impl.RoleInfo (RoleInfo.java:updateAndGet(143)) - bf55b3f9-6b09-4365-9d71-55289e083fa5: start LeaderElection
2019-10-16 18:01:59,873 [bf55b3f9-6b09-4365-9d71-55289e083fa5@group-EFD1D20A002C-LeaderElection542] INFO  impl.LeaderElection (LeaderElection.java:askForVotes(178)) - bf55b3f9-6b09-4365-9d71-55289e083fa5@group-EFD1D20A002C-LeaderElection542: begin an election at term 640 for -1: [f4c54511-b161-4347-aec5-5236dc80a0d8:0.0.0.0:41238, 907b9765-214b-4864-b66a-d6e2a5789e5c:0.0.0.0:41650, bf55b3f9-6b09-4365-9d71-55289e083fa5:0.0.0.0:42441], old=null
2019-10-16 18:01:59,875 [grpc-default-executor-2] INFO  impl.RaftServerImpl (RaftServerImpl.java:setRole(184)) - f4c54511-b161-4347-aec5-5236dc80a0d8@group-EFD1D20A002C: changes role from  FOLLOWER to FOLLOWER at term 640 for recognizeCandidate:bf55b3f9-6b09-4365-9d71-55289e083fa5
2019-10-16 18:01:59,875 [grpc-default-executor-2] INFO  impl.RoleInfo (RoleInfo.java:shutdownFollowerState(121)) - f4c54511-b161-4347-aec5-5236dc80a0d8: shutdown FollowerState
2019-10-16 18:01:59,875 [grpc-default-executor-2] INFO  impl.RoleInfo (RoleInfo.java:updateAndGet(143)) - f4c54511-b161-4347-aec5-5236dc80a0d8: start FollowerState
2019-10-16 18:01:59,875 [Thread-3859] INFO  impl.FollowerState (FollowerState.java:run(117)) - f4c54511-b161-4347-aec5-5236dc80a0d8@group-EFD1D20A002C-FollowerState was interrupted: java.lang.InterruptedException: sleep interrupted
2019-10-16 18:01:59,875 [grpc-default-executor-3] INFO  impl.RaftServerImpl (RaftServerImpl.java:setRole(184)) - 907b9765-214b-4864-b66a-d6e2a5789e5c@group-EFD1D20A002C: changes role from  FOLLOWER to FOLLOWER at term 640 for recognizeCandidate:bf55b3f9-6b09-4365-9d71-55289e083fa5
2019-10-16 18:01:59,875 [grpc-default-executor-3] INFO  impl.RoleInfo (RoleInfo.java:shutdownFollowerState(121)) - 907b9765-214b-4864-b66a-d6e2a5789e5c: shutdown FollowerState
2019-10-16 18:01:59,875 [grpc-default-executor-3] INFO  impl.RoleInfo (RoleInfo.java:updateAndGet(143)) - 907b9765-214b-4864-b66a-d6e2a5789e5c: start FollowerState
2019-10-16 18:01:59,875 [Thread-3860] INFO  impl.FollowerState (FollowerState.java:run(117)) - 907b9765-214b-4864-b66a-d6e2a5789e5c@group-EFD1D20A002C-FollowerState was interrupted: java.lang.InterruptedException: sleep interrupted
2019-10-16 18:01:59,899 [bf55b3f9-6b09-4365-9d71-55289e083fa5@group-EFD1D20A002C-LeaderElection542] INFO  impl.LeaderElection (LeaderElection.java:logAndReturn(56)) - bf55b3f9-6b09-4365-9d71-55289e083fa5@group-EFD1D20A002C-LeaderElection542: Election REJECTED; received 2 response(s) [bf55b3f9-6b09-4365-9d71-55289e083fa5<-f4c54511-b161-4347-aec5-5236dc80a0d8#0:FAIL-t640, bf55b3f9-6b09-4365-9d71-55289e083fa5<-907b9765-214b-4864-b66a-d6e2a5789e5c#0:FAIL-t640] and 0 exception(s); bf55b3f9-6b09-4365-9d71-55289e083fa5@group-EFD1D20A002C:t640, leader=null, voted=bf55b3f9-6b09-4365-9d71-55289e083fa5, raftlog=bf55b3f9-6b09-4365-9d71-55289e083fa5@group-EFD1D20A002C-SegmentedRaftLog:OPENED:c-1,f-1,i0, conf=-1: [f4c54511-b161-4347-aec5-5236dc80a0d8:0.0.0.0:41238, 907b9765-214b-4864-b66a-d6e2a5789e5c:0.0.0.0:41650, bf55b3f9-6b09-4365-9d71-55289e083fa5:0.0.0.0:42441], old=null
2019-10-16 18:01:59,899 [bf55b3f9-6b09-4365-9d71-55289e083fa5@group-EFD1D20A002C-LeaderElection542] INFO  impl.RaftServerImpl (RaftServerImpl.java:setRole(184)) - bf55b3f9-6b09-4365-9d71-55289e083fa5@group-EFD1D20A002C: changes role from CANDIDATE to FOLLOWER at term 640 for DISCOVERED_A_NEW_TERM
2019-10-16 18:01:59,899 [bf55b3f9-6b09-4365-9d71-55289e083fa5@group-EFD1D20A002C-LeaderElection542] INFO  impl.RoleInfo (RoleInfo.java:shutdownLeaderElection(134)) - bf55b3f9-6b09-4365-9d71-55289e083fa5: shutdown LeaderElection
2019-10-16 18:01:59,899 [bf55b3f9-6b09-4365-9d71-55289e083fa5@group-EFD1D20A002C-LeaderElection542] INFO  impl.RoleInfo (RoleInfo.java:updateAndGet(143)) - bf55b3f9-6b09-4365-9d71-55289e083fa5: start FollowerState
2019-10-16 18:01:59,999 [Thread-3867] INFO  impl.FollowerState (FollowerState.java:run(108)) - bf55b3f9-6b09-4365-9d71-55289e083fa5@group-EFD1D20A002C-FollowerState: change to CANDIDATE, lastRpcTime:99ms, electionTimeout:99ms
2019-10-16 18:01:59,999 [Thread-3867] INFO  impl.RoleInfo (RoleInfo.java:shutdownFollowerState(121)) - bf55b3f9-6b09-4365-9d71-55289e083fa5: shutdown FollowerState
2019-10-16 18:01:59,999 [Thread-3867] INFO  impl.RaftServerImpl (RaftServerImpl.java:setRole(184)) - bf55b3f9-6b09-4365-9d71-55289e083fa5@group-EFD1D20A002C: changes role from  FOLLOWER to CANDIDATE at term 640 for changeToCandidate
2019-10-16 18:01:59,999 [Thread-3867] INFO  impl.RoleInfo (RoleInfo.java:updateAndGet(143)) - bf55b3f9-6b09-4365-9d71-55289e083fa5: start LeaderElection
2019-10-16 18:02:00,024 [bf55b3f9-6b09-4365-9d71-55289e083fa5@group-EFD1D20A002C-LeaderElection543] INFO  impl.LeaderElection (LeaderElection.java:askForVotes(178)) - bf55b3f9-6b09-4365-9d71-55289e083fa5@group-EFD1D20A002C-LeaderElection543: begin an election at term 641 for -1: [f4c54511-b161-4347-aec5-5236dc80a0d8:0.0.0.0:41238, 907b9765-214b-4864-b66a-d6e2a5789e5c:0.0.0.0:41650, bf55b3f9-6b09-4365-9d71-55289e083fa5:0.0.0.0:42441], old=null
2019-10-16 18:02:00,026 [grpc-default-executor-2] INFO  impl.RaftServerImpl (RaftServerImpl.java:setRole(184)) - f4c54511-b161-4347-aec5-5236dc80a0d8@group-EFD1D20A002C: changes role from  FOLLOWER to FOLLOWER at term 641 for recognizeCandidate:bf55b3f9-6b09-4365-9d71-55289e083fa5
2019-10-16 18:02:00,026 [grpc-default-executor-2] INFO  impl.RoleInfo (RoleInfo.java:shutdownFollowerState(121)) - f4c54511-b161-4347-aec5-5236dc80a0d8: shutdown FollowerState
2019-10-16 18:02:00,026 [grpc-default-executor-2] INFO  impl.RoleInfo (RoleInfo.java:updateAndGet(143)) - f4c54511-b161-4347-aec5-5236dc80a0d8: start FollowerState
2019-10-16 18:02:00,026 [Thread-3865] INFO  impl.FollowerState (FollowerState.java:run(117)) - f4c54511-b161-4347-aec5-5236dc80a0d8@group-EFD1D20A002C-FollowerState was interrupted: java.lang.InterruptedException: sleep interrupted
2019-10-16 18:02:00,026 [grpc-default-executor-3] INFO  impl.RaftServerImpl (RaftServerImpl.java:setRole(184)) - 907b9765-214b-4864-b66a-d6e2a5789e5c@group-EFD1D20A002C: changes role from  FOLLOWER to FOLLOWER at term 641 for recognizeCandidate:bf55b3f9-6b09-4365-9d71-55289e083fa5
2019-10-16 18:02:00,027 [grpc-default-executor-3] INFO  impl.RoleInfo (RoleInfo.java:shutdownFollowerState(121)) - 907b9765-214b-4864-b66a-d6e2a5789e5c: shutdown FollowerState
2019-10-16 18:02:00,027 [grpc-default-executor-3] INFO  impl.RoleInfo (RoleInfo.java:updateAndGet(143)) - 907b9765-214b-4864-b66a-d6e2a5789e5c: start FollowerState
2019-10-16 18:02:00,027 [Thread-3866] INFO  impl.FollowerState (FollowerState.java:run(117)) - 907b9765-214b-4864-b66a-d6e2a5789e5c@group-EFD1D20A002C-FollowerState was interrupted: java.lang.InterruptedException: sleep interrupted
2019-10-16 18:02:00,050 [bf55b3f9-6b09-4365-9d71-55289e083fa5@group-EFD1D20A002C-LeaderElection543] INFO  impl.LeaderElection (LeaderElection.java:logAndReturn(56)) - bf55b3f9-6b09-4365-9d71-55289e083fa5@group-EFD1D20A002C-LeaderElection543: Election REJECTED; received 2 response(s) [bf55b3f9-6b09-4365-9d71-55289e083fa5<-f4c54511-b161-4347-aec5-5236dc80a0d8#0:FAIL-t641, bf55b3f9-6b09-4365-9d71-55289e083fa5<-907b9765-214b-4864-b66a-d6e2a5789e5c#0:FAIL-t641] and 0 exception(s); bf55b3f9-6b09-4365-9d71-55289e083fa5@group-EFD1D20A002C:t641, leader=null, voted=bf55b3f9-6b09-4365-9d71-55289e083fa5, raftlog=bf55b3f9-6b09-4365-9d71-55289e083fa5@group-EFD1D20A002C-SegmentedRaftLog:OPENED:c-1,f-1,i0, conf=-1: [f4c54511-b161-4347-aec5-5236dc80a0d8:0.0.0.0:41238, 907b9765-214b-4864-b66a-d6e2a5789e5c:0.0.0.0:41650, bf55b3f9-6b09-4365-9d71-55289e083fa5:0.0.0.0:42441], old=null
2019-10-16 18:02:00,051 [bf55b3f9-6b09-4365-9d71-55289e083fa5@group-EFD1D20A002C-LeaderElection543] INFO  impl.RaftServerImpl (RaftServerImpl.java:setRole(184)) - bf55b3f9-6b09-4365-9d71-55289e083fa5@group-EFD1D20A002C: changes role from CANDIDATE to FOLLOWER at term 641 for DISCOVERED_A_NEW_TERM
2019-10-16 18:02:00,051 [bf55b3f9-6b09-4365-9d71-55289e083fa5@group-EFD1D20A002C-LeaderElection543] INFO  impl.RoleInfo (RoleInfo.java:shutdownLeaderElection(134)) - bf55b3f9-6b09-4365-9d71-55289e083fa5: shutdown LeaderElection
2019-10-16 18:02:00,051 [bf55b3f9-6b09-4365-9d71-55289e083fa5@group-EFD1D20A002C-LeaderElection543] INFO  impl.RoleInfo (RoleInfo.java:updateAndGet(143)) - bf55b3f9-6b09-4365-9d71-55289e083fa5: start FollowerState
2019-10-16 18:02:00,144 [Thread-3873] INFO  impl.FollowerState (FollowerState.java:run(108)) - bf55b3f9-6b09-4365-9d71-55289e083fa5@group-EFD1D20A002C-FollowerState: change to CANDIDATE, lastRpcTime:93ms, electionTimeout:93ms
2019-10-16 18:02:00,145 [Thread-3873] INFO  impl.RoleInfo (RoleInfo.java:shutdownFollowerState(121)) - bf55b3f9-6b09-4365-9d71-55289e083fa5: shutdown FollowerState
2019-10-16 18:02:00,145 [Thread-3873] INFO  impl.RaftServerImpl (RaftServerImpl.java:setRole(184)) - bf55b3f9-6b09-4365-9d71-55289e083fa5@group-EFD1D20A002C: changes role from  FOLLOWER to CANDIDATE at term 641 for changeToCandidate
2019-10-16 18:02:00,145 [Thread-3873] INFO  impl.RoleInfo (RoleInfo.java:updateAndGet(143)) - bf55b3f9-6b09-4365-9d71-55289e083fa5: start LeaderElection
2019-10-16 18:02:00,176 [bf55b3f9-6b09-4365-9d71-55289e083fa5@group-EFD1D20A002C-LeaderElection544] INFO  impl.LeaderElection (LeaderElection.java:askForVotes(178)) - bf55b3f9-6b09-4365-9d71-55289e083fa5@group-EFD1D20A002C-LeaderElection544: begin an election at term 642 for -1: [f4c54511-b161-4347-aec5-5236dc80a0d8:0.0.0.0:41238, 907b9765-214b-4864-b66a-d6e2a5789e5c:0.0.0.0:41650, bf55b3f9-6b09-4365-9d71-55289e083fa5:0.0.0.0:42441], old=null
2019-10-16 18:02:00,178 [grpc-default-executor-2] INFO  impl.RaftServerImpl (RaftServerImpl.java:setRole(184)) - 907b9765-214b-4864-b66a-d6e2a5789e5c@group-EFD1D20A002C: changes role from  FOLLOWER to FOLLOWER at term 642 for recognizeCandidate:bf55b3f9-6b09-4365-9d71-55289e083fa5
2019-10-16 18:02:00,178 [grpc-default-executor-3] INFO  impl.RaftServerImpl (RaftServerImpl.java:setRole(184)) - f4c54511-b161-4347-aec5-5236dc80a0d8@group-EFD1D20A002C: changes role from  FOLLOWER to FOLLOWER at term 642 for recognizeCandidate:bf55b3f9-6b09-4365-9d71-55289e083fa5
2019-10-16 18:02:00,178 [grpc-default-executor-3] INFO  impl.RoleInfo (RoleInfo.java:shutdownFollowerState(121)) - f4c54511-b161-4347-aec5-5236dc80a0d8: shutdown FollowerState
2019-10-16 18:02:00,178 [grpc-default-executor-2] INFO  impl.RoleInfo (RoleInfo.java:shutdownFollowerState(121)) - 907b9765-214b-4864-b66a-d6e2a5789e5c: shutdown FollowerState
2019-10-16 18:02:00,178 [Thread-3871] INFO  impl.FollowerState (FollowerState.java:run(117)) - f4c54511-b161-4347-aec5-5236dc80a0d8@group-EFD1D20A002C-FollowerState was interrupted: java.lang.InterruptedException: sleep interrupted
2019-10-16 18:02:00,178 [grpc-default-executor-3] INFO  impl.RoleInfo (RoleInfo.java:updateAndGet(143)) - f4c54511-b161-4347-aec5-5236dc80a0d8: start FollowerState
2019-10-16 18:02:00,178 [Thread-3872] INFO  impl.FollowerState (FollowerState.java:run(117)) - 907b9765-214b-4864-b66a-d6e2a5789e5c@group-EFD1D20A002C-FollowerState was interrupted: java.lang.InterruptedException: sleep interrupted
2019-10-16 18:02:00,178 [grpc-default-executor-2] INFO  impl.RoleInfo (RoleInfo.java:updateAndGet(143)) - 907b9765-214b-4864-b66a-d6e2a5789e5c: start FollowerState
2019-10-16 18:02:00,211 [bf55b3f9-6b09-4365-9d71-55289e083fa5@group-EFD1D20A002C-LeaderElection544] INFO  impl.LeaderElection (LeaderElection.java:logAndReturn(56)) - bf55b3f9-6b09-4365-9d71-55289e083fa5@group-EFD1D20A002C-LeaderElection544: Election REJECTED; received 2 response(s) [bf55b3f9-6b09-4365-9d71-55289e083fa5<-f4c54511-b161-4347-aec5-5236dc80a0d8#0:FAIL-t642, bf55b3f9-6b09-4365-9d71-55289e083fa5<-907b9765-214b-4864-b66a-d6e2a5789e5c#0:FAIL-t642] and 0 exception(s); bf55b3f9-6b09-4365-9d71-55289e083fa5@group-EFD1D20A002C:t642, leader=null, voted=bf55b3f9-6b09-4365-9d71-55289e083fa5, raftlog=bf55b3f9-6b09-4365-9d71-55289e083fa5@group-EFD1D20A002C-SegmentedRaftLog:OPENED:c-1,f-1,i0, conf=-1: [f4c54511-b161-4347-aec5-5236dc80a0d8:0.0.0.0:41238, 907b9765-214b-4864-b66a-d6e2a5789e5c:0.0.0.0:41650, bf55b3f9-6b09-4365-9d71-55289e083fa5:0.0.0.0:42441], old=null
2019-10-16 18:02:00,211 [bf55b3f9-6b09-4365-9d71-55289e083fa5@group-EFD1D20A002C-LeaderElection544] INFO  impl.RaftServerImpl (RaftServerImpl.java:setRole(184)) - bf55b3f9-6b09-4365-9d71-55289e083fa5@group-EFD1D20A002C: changes role from CANDIDATE to FOLLOWER at term 642 for DISCOVERED_A_NEW_TERM
2019-10-16 18:02:00,211 [bf55b3f9-6b09-4365-9d71-55289e083fa5@group-EFD1D20A002C-LeaderElection544] INFO  impl.RoleInfo (RoleInfo.java:shutdownLeaderElection(134)) - bf55b3f9-6b09-4365-9d71-55289e083fa5: shutdown LeaderElection
2019-10-16 18:02:00,211 [bf55b3f9-6b09-4365-9d71-55289e083fa5@group-EFD1D20A002C-LeaderElection544] INFO  impl.RoleInfo (RoleInfo.java:updateAndGet(143)) - bf55b3f9-6b09-4365-9d71-55289e083fa5: start FollowerState
2019-10-16 18:02:00,356 [Thread-3879] INFO  impl.FollowerState (FollowerState.java:run(108)) - bf55b3f9-6b09-4365-9d71-55289e083fa5@group-EFD1D20A002C-FollowerState: change to CANDIDATE, lastRpcTime:145ms, electionTimeout:145ms
2019-10-16 18:02:00,357 [Thread-3879] INFO  impl.RoleInfo (RoleInfo.java:shutdownFollowerState(121)) - bf55b3f9-6b09-4365-9d71-55289e083fa5: shutdown FollowerState
2019-10-16 18:02:00,357 [Thread-3879] INFO  impl.RaftServerImpl (RaftServerImpl.java:setRole(184)) - bf55b3f9-6b09-4365-9d71-55289e083fa5@group-EFD1D20A002C: changes role from  FOLLOWER to CANDIDATE at term 642 for changeToCandidate
2019-10-16 18:02:00,357 [Thread-3879] INFO  impl.RoleInfo (RoleInfo.java:updateAndGet(143)) - bf55b3f9-6b09-4365-9d71-55289e083fa5: start LeaderElection
2019-10-16 18:02:00,387 [bf55b3f9-6b09-4365-9d71-55289e083fa5@group-EFD1D20A002C-LeaderElection545] INFO  impl.LeaderElection (LeaderElection.java:askForVotes(178)) - bf55b3f9-6b09-4365-9d71-55289e083fa5@group-EFD1D20A002C-LeaderElection545: begin an election at term 643 for -1: [f4c54511-b161-4347-aec5-5236dc80a0d8:0.0.0.0:41238, 907b9765-214b-4864-b66a-d6e2a5789e5c:0.0.0.0:41650, bf55b3f9-6b09-4365-9d71-55289e083fa5:0.0.0.0:42441], old=null
2019-10-16 18:02:00,389 [grpc-default-executor-2] INFO  impl.RaftServerImpl (RaftServerImpl.java:setRole(184)) - 907b9765-214b-4864-b66a-d6e2a5789e5c@group-EFD1D20A002C: changes role from  FOLLOWER to FOLLOWER at term 643 for recognizeCandidate:bf55b3f9-6b09-4365-9d71-55289e083fa5
2019-10-16 18:02:00,389 [grpc-default-executor-2] INFO  impl.RoleInfo (RoleInfo.java:shutdownFollowerState(121)) - 907b9765-214b-4864-b66a-d6e2a5789e5c: shutdown FollowerState
2019-10-16 18:02:00,390 [grpc-default-executor-2] INFO  impl.RoleInfo (RoleInfo.java:updateAndGet(143)) - 907b9765-214b-4864-b66a-d6e2a5789e5c: start FollowerState
2019-10-16 18:02:00,390 [grpc-default-executor-3] INFO  impl.RaftServerImpl (RaftServerImpl.java:setRole(184)) - f4c54511-b161-4347-aec5-5236dc80a0d8@group-EFD1D20A002C: changes role from  FOLLOWER to FOLLOWER at term 643 for recognizeCandidate:bf55b3f9-6b09-4365-9d71-55289e083fa5
2019-10-16 18:02:00,390 [Thread-3878] INFO  impl.FollowerState (FollowerState.java:run(117)) - 907b9765-214b-4864-b66a-d6e2a5789e5c@group-EFD1D20A002C-FollowerState was interrupted: java.lang.InterruptedException: sleep interrupted
2019-10-16 18:02:00,390 [grpc-default-executor-3] INFO  impl.RoleInfo (RoleInfo.java:shutdownFollowerState(121)) - f4c54511-b161-4347-aec5-5236dc80a0d8: shutdown FollowerState
2019-10-16 18:02:00,390 [grpc-default-executor-3] INFO  impl.RoleInfo (RoleInfo.java:updateAndGet(143)) - f4c54511-b161-4347-aec5-5236dc80a0d8: start FollowerState
2019-10-16 18:02:00,390 [Thread-3877] INFO  impl.FollowerState (FollowerState.java:run(117)) - f4c54511-b161-4347-aec5-5236dc80a0d8@group-EFD1D20A002C-FollowerState was interrupted: java.lang.InterruptedException: sleep interrupted
2019-10-16 18:02:00,413 [bf55b3f9-6b09-4365-9d71-55289e083fa5@group-EFD1D20A002C-LeaderElection545] INFO  impl.LeaderElection (LeaderElection.java:logAndReturn(56)) - bf55b3f9-6b09-4365-9d71-55289e083fa5@group-EFD1D20A002C-LeaderElection545: Election REJECTED; received 2 response(s) [bf55b3f9-6b09-4365-9d71-55289e083fa5<-f4c54511-b161-4347-aec5-5236dc80a0d8#0:FAIL-t643, bf55b3f9-6b09-4365-9d71-55289e083fa5<-907b9765-214b-4864-b66a-d6e2a5789e5c#0:FAIL-t643] and 0 exception(s); bf55b3f9-6b09-4365-9d71-55289e083fa5@group-EFD1D20A002C:t643, leader=null, voted=bf55b3f9-6b09-4365-9d71-55289e083fa5, raftlog=bf55b3f9-6b09-4365-9d71-55289e083fa5@group-EFD1D20A002C-SegmentedRaftLog:OPENED:c-1,f-1,i0, conf=-1: [f4c54511-b161-4347-aec5-5236dc80a0d8:0.0.0.0:41238, 907b9765-214b-4864-b66a-d6e2a5789e5c:0.0.0.0:41650, bf55b3f9-6b09-4365-9d71-55289e083fa5:0.0.0.0:42441], old=null
2019-10-16 18:02:00,414 [bf55b3f9-6b09-4365-9d71-55289e083fa5@group-EFD1D20A002C-LeaderElection545] INFO  impl.RaftServerImpl (RaftServerImpl.java:setRole(184)) - bf55b3f9-6b09-4365-9d71-55289e083fa5@group-EFD1D20A002C: changes role from CANDIDATE to FOLLOWER at term 643 for DISCOVERED_A_NEW_TERM
2019-10-16 18:02:00,414 [bf55b3f9-6b09-4365-9d71-55289e083fa5@group-EFD1D20A002C-LeaderElection545] INFO  impl.RoleInfo (RoleInfo.java:shutdownLeaderElection(134)) - bf55b3f9-6b09-4365-9d71-55289e083fa5: shutdown LeaderElection
2019-10-16 18:02:00,414 [bf55b3f9-6b09-4365-9d71-55289e083fa5@group-EFD1D20A002C-LeaderElection545] INFO  impl.RoleInfo (RoleInfo.java:updateAndGet(143)) - bf55b3f9-6b09-4365-9d71-55289e083fa5: start FollowerState
2019-10-16 18:02:00,480 [Thread-3887] INFO  impl.FollowerState (FollowerState.java:run(108)) - bf55b3f9-6b09-4365-9d71-55289e083fa5@group-EFD1D20A002C-FollowerState: change to CANDIDATE, lastRpcTime:65ms, electionTimeout:65ms
2019-10-16 18:02:00,480 [Thread-3887] INFO  impl.RoleInfo (RoleInfo.java:shutdownFollowerState(121)) - bf55b3f9-6b09-4365-9d71-55289e083fa5: shutdown FollowerState
2019-10-16 18:02:00,480 [Thread-3887] INFO  impl.RaftServerImpl (RaftServerImpl.java:setRole(184)) - bf55b3f9-6b09-4365-9d71-55289e083fa5@group-EFD1D20A002C: changes role from  FOLLOWER to CANDIDATE at term 643 for changeToCandidate
2019-10-16 18:02:00,480 [Thread-3887] INFO  impl.RoleInfo (RoleInfo.java:updateAndGet(143)) - bf55b3f9-6b09-4365-9d71-55289e083fa5: start LeaderElection
2019-10-16 18:02:00,530 [bf55b3f9-6b09-4365-9d71-55289e083fa5@group-EFD1D20A002C-LeaderElection546] INFO  impl.LeaderElection (LeaderElection.java:askForVotes(178)) - bf55b3f9-6b09-4365-9d71-55289e083fa5@group-EFD1D20A002C-LeaderElection546: begin an election at term 644 for -1: [f4c54511-b161-4347-aec5-5236dc80a0d8:0.0.0.0:41238, 907b9765-214b-4864-b66a-d6e2a5789e5c:0.0.0.0:41650, bf55b3f9-6b09-4365-9d71-55289e083fa5:0.0.0.0:42441], old=null
2019-10-16 18:02:00,532 [grpc-default-executor-2] INFO  impl.RaftServerImpl (RaftServerImpl.java:setRole(184)) - 907b9765-214b-4864-b66a-d6e2a5789e5c@group-EFD1D20A002C: changes role from  FOLLOWER to FOLLOWER at term 644 for recognizeCandidate:bf55b3f9-6b09-4365-9d71-55289e083fa5
2019-10-16 18:02:00,533 [grpc-default-executor-2] INFO  impl.RoleInfo (RoleInfo.java:shutdownFollowerState(121)) - 907b9765-214b-4864-b66a-d6e2a5789e5c: shutdown FollowerState
2019-10-16 18:02:00,532 [grpc-default-executor-3] INFO  impl.RaftServerImpl (RaftServerImpl.java:setRole(184)) - f4c54511-b161-4347-aec5-5236dc80a0d8@group-EFD1D20A002C: changes role from  FOLLOWER to FOLLOWER at term 644 for recognizeCandidate:bf55b3f9-6b09-4365-9d71-55289e083fa5
2019-10-16 18:02:00,533 [grpc-default-executor-3] INFO  impl.RoleInfo (RoleInfo.java:shutdownFollowerState(121)) - f4c54511-b161-4347-aec5-5236dc80a0d8: shutdown FollowerState
2019-10-16 18:02:00,533 [Thread-3885] INFO  impl.FollowerState (FollowerState.java:run(117)) - 907b9765-214b-4864-b66a-d6e2a5789e5c@group-EFD1D20A002C-FollowerState was interrupted: java.lang.InterruptedException: sleep interrupted
2019-10-16 18:02:00,533 [Thread-3886] INFO  impl.FollowerState (FollowerState.java:run(117)) - f4c54511-b161-4347-aec5-5236dc80a0d8@group-EFD1D20A002C-FollowerState was interrupted: java.lang.InterruptedException: sleep interrupted
2019-10-16 18:02:00,533 [grpc-default-executor-2] INFO  impl.RoleInfo (RoleInfo.java:updateAndGet(143)) - 907b9765-214b-4864-b66a-d6e2a5789e5c: start FollowerState
2019-10-16 18:02:00,533 [grpc-default-executor-3] INFO  impl.RoleInfo (RoleInfo.java:updateAndGet(143)) - f4c54511-b161-4347-aec5-5236dc80a0d8: start FollowerState
2019-10-16 18:02:00,565 [bf55b3f9-6b09-4365-9d71-55289e083fa5@group-EFD1D20A002C-LeaderElection546] INFO  impl.LeaderElection (LeaderElection.java:logAndReturn(56)) - bf55b3f9-6b09-4365-9d71-55289e083fa5@group-EFD1D20A002C-LeaderElection546: Election REJECTED; received 2 response(s) [bf55b3f9-6b09-4365-9d71-55289e083fa5<-f4c54511-b161-4347-aec5-5236dc80a0d8#0:FAIL-t644, bf55b3f9-6b09-4365-9d71-55289e083fa5<-907b9765-214b-4864-b66a-d6e2a5789e5c#0:FAIL-t644] and 0 exception(s); bf55b3f9-6b09-4365-9d71-55289e083fa5@group-EFD1D20A002C:t644, leader=null, voted=bf55b3f9-6b09-4365-9d71-55289e083fa5, raftlog=bf55b3f9-6b09-4365-9d71-55289e083fa5@group-EFD1D20A002C-SegmentedRaftLog:OPENED:c-1,f-1,i0, conf=-1: [f4c54511-b161-4347-aec5-5236dc80a0d8:0.0.0.0:41238, 907b9765-214b-4864-b66a-d6e2a5789e5c:0.0.0.0:41650, bf55b3f9-6b09-4365-9d71-55289e083fa5:0.0.0.0:42441], old=null
2019-10-16 18:02:00,565 [bf55b3f9-6b09-4365-9d71-55289e083fa5@group-EFD1D20A002C-LeaderElection546] INFO  impl.RaftServerImpl (RaftServerImpl.java:setRole(184)) - bf55b3f9-6b09-4365-9d71-55289e083fa5@group-EFD1D20A002C: changes role from CANDIDATE to FOLLOWER at term 644 for DISCOVERED_A_NEW_TERM
2019-10-16 18:02:00,565 [bf55b3f9-6b09-4365-9d71-55289e083fa5@group-EFD1D20A002C-LeaderElection546] INFO  impl.RoleInfo (RoleInfo.java:shutdownLeaderElection(134)) - bf55b3f9-6b09-4365-9d71-55289e083fa5: shutdown LeaderElection
2019-10-16 18:02:00,565 [bf55b3f9-6b09-4365-9d71-55289e083fa5@group-EFD1D20A002C-LeaderElection546] INFO  impl.RoleInfo (RoleInfo.java:updateAndGet(143)) - bf55b3f9-6b09-4365-9d71-55289e083fa5: start FollowerState
2019-10-16 18:02:00,578 [Thread-3893] INFO  impl.FollowerState (FollowerState.java:run(108)) - bf55b3f9-6b09-4365-9d71-55289e083fa5@group-EFD1D20A002C-FollowerState: change to CANDIDATE, lastRpcTime:12ms, electionTimeout:12ms
2019-10-16 18:02:00,578 [Thread-3893] INFO  impl.RoleInfo (RoleInfo.java:shutdownFollowerState(121)) - bf55b3f9-6b09-4365-9d71-55289e083fa5: shutdown FollowerState
2019-10-16 18:02:00,578 [Thread-3893] INFO  impl.RaftServerImpl (RaftServerImpl.java:setRole(184)) - bf55b3f9-6b09-4365-9d71-55289e083fa5@group-EFD1D20A002C: changes role from  FOLLOWER to CANDIDATE at term 644 for changeToCandidate
2019-10-16 18:02:00,578 [Thread-3893] INFO  impl.RoleInfo (RoleInfo.java:updateAndGet(143)) - bf55b3f9-6b09-4365-9d71-55289e083fa5: start LeaderElection
2019-10-16 18:02:00,607 [bf55b3f9-6b09-4365-9d71-55289e083fa5@group-EFD1D20A002C-LeaderElection547] INFO  impl.LeaderElection (LeaderElection.java:askForVotes(178)) - bf55b3f9-6b09-4365-9d71-55289e083fa5@group-EFD1D20A002C-LeaderElection547: begin an election at term 645 for -1: [f4c54511-b161-4347-aec5-5236dc80a0d8:0.0.0.0:41238, 907b9765-214b-4864-b66a-d6e2a5789e5c:0.0.0.0:41650, bf55b3f9-6b09-4365-9d71-55289e083fa5:0.0.0.0:42441], old=null
2019-10-16 18:02:00,608 [grpc-default-executor-3] INFO  impl.RaftServerImpl (RaftServerImpl.java:setRole(184)) - f4c54511-b161-4347-aec5-5236dc80a0d8@group-EFD1D20A002C: changes role from  FOLLOWER to FOLLOWER at term 645 for recognizeCandidate:bf55b3f9-6b09-4365-9d71-55289e083fa5
2019-10-16 18:02:00,609 [grpc-default-executor-3] INFO  impl.RoleInfo (RoleInfo.java:shutdownFollowerState(121)) - f4c54511-b161-4347-aec5-5236dc80a0d8: shutdown FollowerState
2019-10-16 18:02:00,609 [grpc-default-executor-2] INFO  impl.RaftServerImpl (RaftServerImpl.java:setRole(184)) - 907b9765-214b-4864-b66a-d6e2a5789e5c@group-EFD1D20A002C: changes role from  FOLLOWER to FOLLOWER at term 645 for recognizeCandidate:bf55b3f9-6b09-4365-9d71-55289e083fa5
2019-10-16 18:02:00,609 [Thread-3892] INFO  impl.FollowerState (FollowerState.java:run(117)) - f4c54511-b161-4347-aec5-5236dc80a0d8@group-EFD1D20A002C-FollowerState was interrupted: java.lang.InterruptedException: sleep interrupted
2019-10-16 18:02:00,609 [grpc-default-executor-3] INFO  impl.RoleInfo (RoleInfo.java:updateAndGet(143)) - f4c54511-b161-4347-aec5-5236dc80a0d8: start FollowerState
2019-10-16 18:02:00,609 [grpc-default-executor-2] INFO  impl.RoleInfo (RoleInfo.java:shutdownFollowerState(121)) - 907b9765-214b-4864-b66a-d6e2a5789e5c: shutdown FollowerState
2019-10-16 18:02:00,609 [grpc-default-executor-2] INFO  impl.RoleInfo (RoleInfo.java:updateAndGet(143)) - 907b9765-214b-4864-b66a-d6e2a5789e5c: start FollowerState
2019-10-16 18:02:00,609 [Thread-3891] INFO  impl.FollowerState (FollowerState.java:run(117)) - 907b9765-214b-4864-b66a-d6e2a5789e5c@group-EFD1D20A002C-FollowerState was interrupted: java.lang.InterruptedException: sleep interrupted
2019-10-16 18:02:00,633 [bf55b3f9-6b09-4365-9d71-55289e083fa5@group-EFD1D20A002C-LeaderElection547] INFO  impl.LeaderElection (LeaderElection.java:logAndReturn(56)) - bf55b3f9-6b09-4365-9d71-55289e083fa5@group-EFD1D20A002C-LeaderElection547: Election REJECTED; received 2 response(s) [bf55b3f9-6b09-4365-9d71-55289e083fa5<-f4c54511-b161-4347-aec5-5236dc80a0d8#0:FAIL-t645, bf55b3f9-6b09-4365-9d71-55289e083fa5<-907b9765-214b-4864-b66a-d6e2a5789e5c#0:FAIL-t645] and 0 exception(s); bf55b3f9-6b09-4365-9d71-55289e083fa5@group-EFD1D20A002C:t645, leader=null, voted=bf55b3f9-6b09-4365-9d71-55289e083fa5, raftlog=bf55b3f9-6b09-4365-9d71-55289e083fa5@group-EFD1D20A002C-SegmentedRaftLog:OPENED:c-1,f-1,i0, conf=-1: [f4c54511-b161-4347-aec5-5236dc80a0d8:0.0.0.0:41238, 907b9765-214b-4864-b66a-d6e2a5789e5c:0.0.0.0:41650, bf55b3f9-6b09-4365-9d71-55289e083fa5:0.0.0.0:42441], old=null
2019-10-16 18:02:00,633 [bf55b3f9-6b09-4365-9d71-55289e083fa5@group-EFD1D20A002C-LeaderElection547] INFO  impl.RaftServerImpl (RaftServerImpl.java:setRole(184)) - bf55b3f9-6b09-4365-9d71-55289e083fa5@group-EFD1D20A002C: changes role from CANDIDATE to FOLLOWER at term 645 for DISCOVERED_A_NEW_TERM
2019-10-16 18:02:00,633 [bf55b3f9-6b09-4365-9d71-55289e083fa5@group-EFD1D20A002C-LeaderElection547] INFO  impl.RoleInfo (RoleInfo.java:shutdownLeaderElection(134)) - bf55b3f9-6b09-4365-9d71-55289e083fa5: shutdown LeaderElection
2019-10-16 18:02:00,633 [bf55b3f9-6b09-4365-9d71-55289e083fa5@group-EFD1D20A002C-LeaderElection547] INFO  impl.RoleInfo (RoleInfo.java:updateAndGet(143)) - bf55b3f9-6b09-4365-9d71-55289e083fa5: start FollowerState
2019-10-16 18:02:00,725 [Thread-3899] INFO  impl.FollowerState (FollowerState.java:run(108)) - bf55b3f9-6b09-4365-9d71-55289e083fa5@group-EFD1D20A002C-FollowerState: change to CANDIDATE, lastRpcTime:92ms, electionTimeout:92ms
2019-10-16 18:02:00,726 [Thread-3899] INFO  impl.RoleInfo (RoleInfo.java:shutdownFollowerState(121)) - bf55b3f9-6b09-4365-9d71-55289e083fa5: shutdown FollowerState
2019-10-16 18:02:00,726 [Thread-3899] INFO  impl.RaftServerImpl (RaftServerImpl.java:setRole(184)) - bf55b3f9-6b09-4365-9d71-55289e083fa5@group-EFD1D20A002C: changes role from  FOLLOWER to CANDIDATE at term 645 for changeToCandidate
2019-10-16 18:02:00,726 [Thread-3899] INFO  impl.RoleInfo (RoleInfo.java:updateAndGet(143)) - bf55b3f9-6b09-4365-9d71-55289e083fa5: start LeaderElection
2019-10-16 18:02:00,749 [bf55b3f9-6b09-4365-9d71-55289e083fa5@group-EFD1D20A002C-LeaderElection548] INFO  impl.LeaderElection (LeaderElection.java:askForVotes(178)) - bf55b3f9-6b09-4365-9d71-55289e083fa5@group-EFD1D20A002C-LeaderElection548: begin an election at term 646 for -1: [f4c54511-b161-4347-aec5-5236dc80a0d8:0.0.0.0:41238, 907b9765-214b-4864-b66a-d6e2a5789e5c:0.0.0.0:41650, bf55b3f9-6b09-4365-9d71-55289e083fa5:0.0.0.0:42441], old=null
2019-10-16 18:02:00,751 [grpc-default-executor-2] INFO  impl.RaftServerImpl (RaftServerImpl.java:setRole(184)) - f4c54511-b161-4347-aec5-5236dc80a0d8@group-EFD1D20A002C: changes role from  FOLLOWER to FOLLOWER at term 646 for recognizeCandidate:bf55b3f9-6b09-4365-9d71-55289e083fa5
2019-10-16 18:02:00,751 [grpc-default-executor-3] INFO  impl.RaftServerImpl (RaftServerImpl.java:setRole(184)) - 907b9765-214b-4864-b66a-d6e2a5789e5c@group-EFD1D20A002C: changes role from  FOLLOWER to FOLLOWER at term 646 for recognizeCandidate:bf55b3f9-6b09-4365-9d71-55289e083fa5
2019-10-16 18:02:00,752 [grpc-default-executor-3] INFO  impl.RoleInfo (RoleInfo.java:shutdownFollowerState(121)) - 907b9765-214b-4864-b66a-d6e2a5789e5c: shutdown FollowerState
2019-10-16 18:02:00,751 [grpc-default-executor-2] INFO  impl.RoleInfo (RoleInfo.java:shutdownFollowerState(121)) - f4c54511-b161-4347-aec5-5236dc80a0d8: shutdown FollowerState
2019-10-16 18:02:00,752 [Thread-3898] INFO  impl.FollowerState (FollowerState.java:run(117)) - 907b9765-214b-4864-b66a-d6e2a5789e5c@group-EFD1D20A002C-FollowerState was interrupted: java.lang.InterruptedException: sleep interrupted
2019-10-16 18:02:00,752 [grpc-default-executor-3] INFO  impl.RoleInfo (RoleInfo.java:updateAndGet(143)) - 907b9765-214b-4864-b66a-d6e2a5789e5c: start FollowerState
2019-10-16 18:02:00,752 [Thread-3897] INFO  impl.FollowerState (FollowerState.java:run(117)) - f4c54511-b161-4347-aec5-5236dc80a0d8@group-EFD1D20A002C-FollowerState was interrupted: java.lang.InterruptedException: sleep interrupted
2019-10-16 18:02:00,752 [grpc-default-executor-2] INFO  impl.RoleInfo (RoleInfo.java:updateAndGet(143)) - f4c54511-b161-4347-aec5-5236dc80a0d8: start FollowerState
2019-10-16 18:02:00,775 [bf55b3f9-6b09-4365-9d71-55289e083fa5@group-EFD1D20A002C-LeaderElection548] INFO  impl.LeaderElection (LeaderElection.java:logAndReturn(56)) - bf55b3f9-6b09-4365-9d71-55289e083fa5@group-EFD1D20A002C-LeaderElection548: Election REJECTED; received 2 response(s) [bf55b3f9-6b09-4365-9d71-55289e083fa5<-f4c54511-b161-4347-aec5-5236dc80a0d8#0:FAIL-t646, bf55b3f9-6b09-4365-9d71-55289e083fa5<-907b9765-214b-4864-b66a-d6e2a5789e5c#0:FAIL-t646] and 0 exception(s); bf55b3f9-6b09-4365-9d71-55289e083fa5@group-EFD1D20A002C:t646, leader=null, voted=bf55b3f9-6b09-4365-9d71-55289e083fa5, raftlog=bf55b3f9-6b09-4365-9d71-55289e083fa5@group-EFD1D20A002C-SegmentedRaftLog:OPENED:c-1,f-1,i0, conf=-1: [f4c54511-b161-4347-aec5-5236dc80a0d8:0.0.0.0:41238, 907b9765-214b-4864-b66a-d6e2a5789e5c:0.0.0.0:41650, bf55b3f9-6b09-4365-9d71-55289e083fa5:0.0.0.0:42441], old=null
2019-10-16 18:02:00,776 [bf55b3f9-6b09-4365-9d71-55289e083fa5@group-EFD1D20A002C-LeaderElection548] INFO  impl.RaftServerImpl (RaftServerImpl.java:setRole(184)) - bf55b3f9-6b09-4365-9d71-55289e083fa5@group-EFD1D20A002C: changes role from CANDIDATE to FOLLOWER at term 646 for DISCOVERED_A_NEW_TERM
2019-10-16 18:02:00,776 [bf55b3f9-6b09-4365-9d71-55289e083fa5@group-EFD1D20A002C-LeaderElection548] INFO  impl.RoleInfo (RoleInfo.java:shutdownLeaderElection(134)) - bf55b3f9-6b09-4365-9d71-55289e083fa5: shutdown LeaderElection
2019-10-16 18:02:00,776 [bf55b3f9-6b09-4365-9d71-55289e083fa5@group-EFD1D20A002C-LeaderElection548] INFO  impl.RoleInfo (RoleInfo.java:updateAndGet(143)) - bf55b3f9-6b09-4365-9d71-55289e083fa5: start FollowerState
2019-10-16 18:02:00,869 [Thread-3905] INFO  impl.FollowerState (FollowerState.java:run(108)) - bf55b3f9-6b09-4365-9d71-55289e083fa5@group-EFD1D20A002C-FollowerState: change to CANDIDATE, lastRpcTime:93ms, electionTimeout:93ms
2019-10-16 18:02:00,869 [Thread-3905] INFO  impl.RoleInfo (RoleInfo.java:shutdownFollowerState(121)) - bf55b3f9-6b09-4365-9d71-55289e083fa5: shutdown FollowerState
2019-10-16 18:02:00,869 [Thread-3905] INFO  impl.RaftServerImpl (RaftServerImpl.java:setRole(184)) - bf55b3f9-6b09-4365-9d71-55289e083fa5@group-EFD1D20A002C: changes role from  FOLLOWER to CANDIDATE at term 646 for changeToCandidate
2019-10-16 18:02:00,870 [Thread-3905] INFO  impl.RoleInfo (RoleInfo.java:updateAndGet(143)) - bf55b3f9-6b09-4365-9d71-55289e083fa5: start LeaderElection
2019-10-16 18:02:00,884 [bf55b3f9-6b09-4365-9d71-55289e083fa5@group-EFD1D20A002C-LeaderElection549] INFO  impl.LeaderElection (LeaderElection.java:askForVotes(178)) - bf55b3f9-6b09-4365-9d71-55289e083fa5@group-EFD1D20A002C-LeaderElection549: begin an election at term 647 for -1: [f4c54511-b161-4347-aec5-5236dc80a0d8:0.0.0.0:41238, 907b9765-214b-4864-b66a-d6e2a5789e5c:0.0.0.0:41650, bf55b3f9-6b09-4365-9d71-55289e083fa5:0.0.0.0:42441], old=null
2019-10-16 18:02:00,886 [grpc-default-executor-3] INFO  impl.RaftServerImpl (RaftServerImpl.java:setRole(184)) - f4c54511-b161-4347-aec5-5236dc80a0d8@group-EFD1D20A002C: changes role from  FOLLOWER to FOLLOWER at term 647 for recognizeCandidate:bf55b3f9-6b09-4365-9d71-55289e083fa5
2019-10-16 18:02:00,886 [grpc-default-executor-3] INFO  impl.RoleInfo (RoleInfo.java:shutdownFollowerState(121)) - f4c54511-b161-4347-aec5-5236dc80a0d8: shutdown FollowerState
2019-10-16 18:02:00,886 [grpc-default-executor-2] INFO  impl.RaftServerImpl (RaftServerImpl.java:setRole(184)) - 907b9765-214b-4864-b66a-d6e2a5789e5c@group-EFD1D20A002C: changes role from  FOLLOWER to FOLLOWER at term 647 for recognizeCandidate:bf55b3f9-6b09-4365-9d71-55289e083fa5
2019-10-16 18:02:00,886 [grpc-default-executor-2] INFO  impl.RoleInfo (RoleInfo.java:shutdownFollowerState(121)) - 907b9765-214b-4864-b66a-d6e2a5789e5c: shutdown FollowerState
2019-10-16 18:02:00,886 [Thread-3904] INFO  impl.FollowerState (FollowerState.java:run(117)) - f4c54511-b161-4347-aec5-5236dc80a0d8@group-EFD1D20A002C-FollowerState was interrupted: java.lang.InterruptedException: sleep interrupted
2019-10-16 18:02:00,886 [grpc-default-executor-3] INFO  impl.RoleInfo (RoleInfo.java:updateAndGet(143)) - f4c54511-b161-4347-aec5-5236dc80a0d8: start FollowerState
2019-10-16 18:02:00,886 [grpc-default-executor-2] INFO  impl.RoleInfo (RoleInfo.java:updateAndGet(143)) - 907b9765-214b-4864-b66a-d6e2a5789e5c: start FollowerState
2019-10-16 18:02:00,886 [Thread-3903] INFO  impl.FollowerState (FollowerState.java:run(117)) - 907b9765-214b-4864-b66a-d6e2a5789e5c@group-EFD1D20A002C-FollowerState was interrupted: java.lang.InterruptedException: sleep interrupted
2019-10-16 18:02:00,910 [bf55b3f9-6b09-4365-9d71-55289e083fa5@group-EFD1D20A002C-LeaderElection549] INFO  impl.LeaderElection (LeaderElection.java:logAndReturn(56)) - bf55b3f9-6b09-4365-9d71-55289e083fa5@group-EFD1D20A002C-LeaderElection549: Election REJECTED; received 2 response(s) [bf55b3f9-6b09-4365-9d71-55289e083fa5<-f4c54511-b161-4347-aec5-5236dc80a0d8#0:FAIL-t647, bf55b3f9-6b09-4365-9d71-55289e083fa5<-907b9765-214b-4864-b66a-d6e2a5789e5c#0:FAIL-t647] and 0 exception(s); bf55b3f9-6b09-4365-9d71-55289e083fa5@group-EFD1D20A002C:t647, leader=null, voted=bf55b3f9-6b09-4365-9d71-55289e083fa5, raftlog=bf55b3f9-6b09-4365-9d71-55289e083fa5@group-EFD1D20A002C-SegmentedRaftLog:OPENED:c-1,f-1,i0, conf=-1: [f4c54511-b161-4347-aec5-5236dc80a0d8:0.0.0.0:41238, 907b9765-214b-4864-b66a-d6e2a5789e5c:0.0.0.0:41650, bf55b3f9-6b09-4365-9d71-55289e083fa5:0.0.0.0:42441], old=null
2019-10-16 18:02:00,910 [bf55b3f9-6b09-4365-9d71-55289e083fa5@group-EFD1D20A002C-LeaderElection549] INFO  impl.RaftServerImpl (RaftServerImpl.java:setRole(184)) - bf55b3f9-6b09-4365-9d71-55289e083fa5@group-EFD1D20A002C: changes role from CANDIDATE to FOLLOWER at term 647 for DISCOVERED_A_NEW_TERM
2019-10-16 18:02:00,911 [bf55b3f9-6b09-4365-9d71-55289e083fa5@group-EFD1D20A002C-LeaderElection549] INFO  impl.RoleInfo (RoleInfo.java:shutdownLeaderElection(134)) - bf55b3f9-6b09-4365-9d71-55289e083fa5: shutdown LeaderElection
2019-10-16 18:02:00,911 [bf55b3f9-6b09-4365-9d71-55289e083fa5@group-EFD1D20A002C-LeaderElection549] INFO  impl.RoleInfo (RoleInfo.java:updateAndGet(143)) - bf55b3f9-6b09-4365-9d71-55289e083fa5: start FollowerState
2019-10-16 18:02:01,100 [Thread-3911] INFO  impl.FollowerState (FollowerState.java:run(108)) - bf55b3f9-6b09-4365-9d71-55289e083fa5@group-EFD1D20A002C-FollowerState: change to CANDIDATE, lastRpcTime:189ms, electionTimeout:189ms
2019-10-16 18:02:01,100 [Thread-3911] INFO  impl.RoleInfo (RoleInfo.java:shutdownFollowerState(121)) - bf55b3f9-6b09-4365-9d71-55289e083fa5: shutdown FollowerState
2019-10-16 18:02:01,101 [Thread-3911] INFO  impl.RaftServerImpl (RaftServerImpl.java:setRole(184)) - bf55b3f9-6b09-4365-9d71-55289e083fa5@group-EFD1D20A002C: changes role from  FOLLOWER to CANDIDATE at term 647 for changeToCandidate
2019-10-16 18:02:01,101 [Thread-3911] INFO  impl.RoleInfo (RoleInfo.java:updateAndGet(143)) - bf55b3f9-6b09-4365-9d71-55289e083fa5: start LeaderElection
2019-10-16 18:02:01,128 [bf55b3f9-6b09-4365-9d71-55289e083fa5@group-EFD1D20A002C-LeaderElection550] INFO  impl.LeaderElection (LeaderElection.java:askForVotes(178)) - bf55b3f9-6b09-4365-9d71-55289e083fa5@group-EFD1D20A002C-LeaderElection550: begin an election at term 648 for -1: [f4c54511-b161-4347-aec5-5236dc80a0d8:0.0.0.0:41238, 907b9765-214b-4864-b66a-d6e2a5789e5c:0.0.0.0:41650, bf55b3f9-6b09-4365-9d71-55289e083fa5:0.0.0.0:42441], old=null
2019-10-16 18:02:01,130 [grpc-default-executor-2] INFO  impl.RaftServerImpl (RaftServerImpl.java:setRole(184)) - f4c54511-b161-4347-aec5-5236dc80a0d8@group-EFD1D20A002C: changes role from  FOLLOWER to FOLLOWER at term 648 for recognizeCandidate:bf55b3f9-6b09-4365-9d71-55289e083fa5
2019-10-16 18:02:01,130 [grpc-default-executor-3] INFO  impl.RaftServerImpl (RaftServerImpl.java:setRole(184)) - 907b9765-214b-4864-b66a-d6e2a5789e5c@group-EFD1D20A002C: changes role from  FOLLOWER to FOLLOWER at term 648 for recognizeCandidate:bf55b3f9-6b09-4365-9d71-55289e083fa5
2019-10-16 18:02:01,130 [grpc-default-executor-3] INFO  impl.RoleInfo (RoleInfo.java:shutdownFollowerState(121)) - 907b9765-214b-4864-b66a-d6e2a5789e5c: shutdown FollowerState
2019-10-16 18:02:01,130 [grpc-default-executor-2] INFO  impl.RoleInfo (RoleInfo.java:shutdownFollowerState(121)) - f4c54511-b161-4347-aec5-5236dc80a0d8: shutdown FollowerState
2019-10-16 18:02:01,130 [Thread-3910] INFO  impl.FollowerState (FollowerState.java:run(117)) - 907b9765-214b-4864-b66a-d6e2a5789e5c@group-EFD1D20A002C-FollowerState was interrupted: java.lang.InterruptedException: sleep interrupted
2019-10-16 18:02:01,130 [grpc-default-executor-3] INFO  impl.RoleInfo (RoleInfo.java:updateAndGet(143)) - 907b9765-214b-4864-b66a-d6e2a5789e5c: start FollowerState
2019-10-16 18:02:01,130 [Thread-3909] INFO  impl.FollowerState (FollowerState.java:run(117)) - f4c54511-b161-4347-aec5-5236dc80a0d8@group-EFD1D20A002C-FollowerState was interrupted: java.lang.InterruptedException: sleep interrupted
2019-10-16 18:02:01,130 [grpc-default-executor-2] INFO  impl.RoleInfo (RoleInfo.java:updateAndGet(143)) - f4c54511-b161-4347-aec5-5236dc80a0d8: start FollowerState
2019-10-16 18:02:01,162 [bf55b3f9-6b09-4365-9d71-55289e083fa5@group-EFD1D20A002C-LeaderElection550] INFO  impl.LeaderElection (LeaderElection.java:logAndReturn(56)) - bf55b3f9-6b09-4365-9d71-55289e083fa5@group-EFD1D20A002C-LeaderElection550: Election REJECTED; received 2 response(s) [bf55b3f9-6b09-4365-9d71-55289e083fa5<-f4c54511-b161-4347-aec5-5236dc80a0d8#0:FAIL-t648, bf55b3f9-6b09-4365-9d71-55289e083fa5<-907b9765-214b-4864-b66a-d6e2a5789e5c#0:FAIL-t648] and 0 exception(s); bf55b3f9-6b09-4365-9d71-55289e083fa5@group-EFD1D20A002C:t648, leader=null, voted=bf55b3f9-6b09-4365-9d71-55289e083fa5, raftlog=bf55b3f9-6b09-4365-9d71-55289e083fa5@group-EFD1D20A002C-SegmentedRaftLog:OPENED:c-1,f-1,i0, conf=-1: [f4c54511-b161-4347-aec5-5236dc80a0d8:0.0.0.0:41238, 907b9765-214b-4864-b66a-d6e2a5789e5c:0.0.0.0:41650, bf55b3f9-6b09-4365-9d71-55289e083fa5:0.0.0.0:42441], old=null
2019-10-16 18:02:01,163 [bf55b3f9-6b09-4365-9d71-55289e083fa5@group-EFD1D20A002C-LeaderElection550] INFO  impl.RaftServerImpl (RaftServerImpl.java:setRole(184)) - bf55b3f9-6b09-4365-9d71-55289e083fa5@group-EFD1D20A002C: changes role from CANDIDATE to FOLLOWER at term 648 for DISCOVERED_A_NEW_TERM
2019-10-16 18:02:01,163 [bf55b3f9-6b09-4365-9d71-55289e083fa5@group-EFD1D20A002C-LeaderElection550] INFO  impl.RoleInfo (RoleInfo.java:shutdownLeaderElection(134)) - bf55b3f9-6b09-4365-9d71-55289e083fa5: shutdown LeaderElection
2019-10-16 18:02:01,163 [bf55b3f9-6b09-4365-9d71-55289e083fa5@group-EFD1D20A002C-LeaderElection550] INFO  impl.RoleInfo (RoleInfo.java:updateAndGet(143)) - bf55b3f9-6b09-4365-9d71-55289e083fa5: start FollowerState
2019-10-16 18:02:01,255 [Thread-3917] INFO  impl.FollowerState (FollowerState.java:run(108)) - bf55b3f9-6b09-4365-9d71-55289e083fa5@group-EFD1D20A002C-FollowerState: change to CANDIDATE, lastRpcTime:92ms, electionTimeout:92ms
2019-10-16 18:02:01,255 [Thread-3917] INFO  impl.RoleInfo (RoleInfo.java:shutdownFollowerState(121)) - bf55b3f9-6b09-4365-9d71-55289e083fa5: shutdown FollowerState
2019-10-16 18:02:01,255 [Thread-3917] INFO  impl.RaftServerImpl (RaftServerImpl.java:setRole(184)) - bf55b3f9-6b09-4365-9d71-55289e083fa5@group-EFD1D20A002C: changes role from  FOLLOWER to CANDIDATE at term 648 for changeToCandidate
2019-10-16 18:02:01,256 [Thread-3917] INFO  impl.RoleInfo (RoleInfo.java:updateAndGet(143)) - bf55b3f9-6b09-4365-9d71-55289e083fa5: start LeaderElection
2019-10-16 18:02:01,281 [bf55b3f9-6b09-4365-9d71-55289e083fa5@group-EFD1D20A002C-LeaderElection551] INFO  impl.LeaderElection (LeaderElection.java:askForVotes(178)) - bf55b3f9-6b09-4365-9d71-55289e083fa5@group-EFD1D20A002C-LeaderElection551: begin an election at term 649 for -1: [f4c54511-b161-4347-aec5-5236dc80a0d8:0.0.0.0:41238, 907b9765-214b-4864-b66a-d6e2a5789e5c:0.0.0.0:41650, bf55b3f9-6b09-4365-9d71-55289e083fa5:0.0.0.0:42441], old=null
2019-10-16 18:02:01,283 [grpc-default-executor-3] INFO  impl.RaftServerImpl (RaftServerImpl.java:setRole(184)) - f4c54511-b161-4347-aec5-5236dc80a0d8@group-EFD1D20A002C: changes role from  FOLLOWER to FOLLOWER at term 649 for recognizeCandidate:bf55b3f9-6b09-4365-9d71-55289e083fa5
2019-10-16 18:02:01,283 [grpc-default-executor-2] INFO  impl.RaftServerImpl (RaftServerImpl.java:setRole(184)) - 907b9765-214b-4864-b66a-d6e2a5789e5c@group-EFD1D20A002C: changes role from  FOLLOWER to FOLLOWER at term 649 for recognizeCandidate:bf55b3f9-6b09-4365-9d71-55289e083fa5
2019-10-16 18:02:01,283 [grpc-default-executor-2] INFO  impl.RoleInfo (RoleInfo.java:shutdownFollowerState(121)) - 907b9765-214b-4864-b66a-d6e2a5789e5c: shutdown FollowerState
2019-10-16 18:02:01,283 [grpc-default-executor-3] INFO  impl.RoleInfo (RoleInfo.java:shutdownFollowerState(121)) - f4c54511-b161-4347-aec5-5236dc80a0d8: shutdown FollowerState
2019-10-16 18:02:01,283 [Thread-3915] INFO  impl.FollowerState (FollowerState.java:run(117)) - 907b9765-214b-4864-b66a-d6e2a5789e5c@group-EFD1D20A002C-FollowerState was interrupted: java.lang.InterruptedException: sleep interrupted
2019-10-16 18:02:01,283 [grpc-default-executor-2] INFO  impl.RoleInfo (RoleInfo.java:updateAndGet(143)) - 907b9765-214b-4864-b66a-d6e2a5789e5c: start FollowerState
2019-10-16 18:02:01,284 [Thread-3916] INFO  impl.FollowerState (FollowerState.java:run(117)) - f4c54511-b161-4347-aec5-5236dc80a0d8@group-EFD1D20A002C-FollowerState was interrupted: java.lang.InterruptedException: sleep interrupted
2019-10-16 18:02:01,284 [grpc-default-executor-3] INFO  impl.RoleInfo (RoleInfo.java:updateAndGet(143)) - f4c54511-b161-4347-aec5-5236dc80a0d8: start FollowerState
2019-10-16 18:02:01,284 [bf55b3f9-6b09-4365-9d71-55289e083fa5@group-EFD1D20A002C-LeaderElection551] INFO  impl.LeaderElection (LeaderElection.java:logAndReturn(56)) - bf55b3f9-6b09-4365-9d71-55289e083fa5@group-EFD1D20A002C-LeaderElection551: Election TIMEOUT; received 0 response(s) [] and 0 exception(s); bf55b3f9-6b09-4365-9d71-55289e083fa5@group-EFD1D20A002C:t649, leader=null, voted=bf55b3f9-6b09-4365-9d71-55289e083fa5, raftlog=bf55b3f9-6b09-4365-9d71-55289e083fa5@group-EFD1D20A002C-SegmentedRaftLog:OPENED:c-1,f-1,i0, conf=-1: [f4c54511-b161-4347-aec5-5236dc80a0d8:0.0.0.0:41238, 907b9765-214b-4864-b66a-d6e2a5789e5c:0.0.0.0:41650, bf55b3f9-6b09-4365-9d71-55289e083fa5:0.0.0.0:42441], old=null
2019-10-16 18:02:01,306 [bf55b3f9-6b09-4365-9d71-55289e083fa5@group-EFD1D20A002C-LeaderElection551] INFO  impl.LeaderElection (LeaderElection.java:askForVotes(178)) - bf55b3f9-6b09-4365-9d71-55289e083fa5@group-EFD1D20A002C-LeaderElection551: begin an election at term 650 for -1: [f4c54511-b161-4347-aec5-5236dc80a0d8:0.0.0.0:41238, 907b9765-214b-4864-b66a-d6e2a5789e5c:0.0.0.0:41650, bf55b3f9-6b09-4365-9d71-55289e083fa5:0.0.0.0:42441], old=null
2019-10-16 18:02:01,308 [grpc-default-executor-3] INFO  impl.RaftServerImpl (RaftServerImpl.java:setRole(184)) - f4c54511-b161-4347-aec5-5236dc80a0d8@group-EFD1D20A002C: changes role from  FOLLOWER to FOLLOWER at term 650 for recognizeCandidate:bf55b3f9-6b09-4365-9d71-55289e083fa5
2019-10-16 18:02:01,308 [grpc-default-executor-3] INFO  impl.RoleInfo (RoleInfo.java:shutdownFollowerState(121)) - f4c54511-b161-4347-aec5-5236dc80a0d8: shutdown FollowerState
2019-10-16 18:02:01,308 [grpc-default-executor-3] INFO  impl.RoleInfo (RoleInfo.java:updateAndGet(143)) - f4c54511-b161-4347-aec5-5236dc80a0d8: start FollowerState
2019-10-16 18:02:01,308 [grpc-default-executor-2] INFO  impl.RaftServerImpl (RaftServerImpl.java:setRole(184)) - 907b9765-214b-4864-b66a-d6e2a5789e5c@group-EFD1D20A002C: changes role from  FOLLOWER to FOLLOWER at term 650 for recognizeCandidate:bf55b3f9-6b09-4365-9d71-55289e083fa5
2019-10-16 18:02:01,308 [Thread-3922] INFO  impl.FollowerState (FollowerState.java:run(117)) - f4c54511-b161-4347-aec5-5236dc80a0d8@group-EFD1D20A002C-FollowerState was interrupted: java.lang.InterruptedException: sleep interrupted
2019-10-16 18:02:01,308 [grpc-default-executor-2] INFO  impl.RoleInfo (RoleInfo.java:shutdownFollowerState(121)) - 907b9765-214b-4864-b66a-d6e2a5789e5c: shutdown FollowerState
2019-10-16 18:02:01,309 [grpc-default-executor-2] INFO  impl.RoleInfo (RoleInfo.java:updateAndGet(143)) - 907b9765-214b-4864-b66a-d6e2a5789e5c: start FollowerState
2019-10-16 18:02:01,309 [Thread-3921] INFO  impl.FollowerState (FollowerState.java:run(117)) - 907b9765-214b-4864-b66a-d6e2a5789e5c@group-EFD1D20A002C-FollowerState was interrupted: java.lang.InterruptedException: sleep interrupted
2019-10-16 18:02:01,332 [bf55b3f9-6b09-4365-9d71-55289e083fa5@group-EFD1D20A002C-LeaderElection551] INFO  impl.LeaderElection (LeaderElection.java:logAndReturn(56)) - bf55b3f9-6b09-4365-9d71-55289e083fa5@group-EFD1D20A002C-LeaderElection551: Election REJECTED; received 2 response(s) [bf55b3f9-6b09-4365-9d71-55289e083fa5<-f4c54511-b161-4347-aec5-5236dc80a0d8#0:FAIL-t650, bf55b3f9-6b09-4365-9d71-55289e083fa5<-907b9765-214b-4864-b66a-d6e2a5789e5c#0:FAIL-t650] and 0 exception(s); bf55b3f9-6b09-4365-9d71-55289e083fa5@group-EFD1D20A002C:t650, leader=null, voted=bf55b3f9-6b09-4365-9d71-55289e083fa5, raftlog=bf55b3f9-6b09-4365-9d71-55289e083fa5@group-EFD1D20A002C-SegmentedRaftLog:OPENED:c-1,f-1,i0, conf=-1: [f4c54511-b161-4347-aec5-5236dc80a0d8:0.0.0.0:41238, 907b9765-214b-4864-b66a-d6e2a5789e5c:0.0.0.0:41650, bf55b3f9-6b09-4365-9d71-55289e083fa5:0.0.0.0:42441], old=null
2019-10-16 18:02:01,332 [bf55b3f9-6b09-4365-9d71-55289e083fa5@group-EFD1D20A002C-LeaderElection551] INFO  impl.RaftServerImpl (RaftServerImpl.java:setRole(184)) - bf55b3f9-6b09-4365-9d71-55289e083fa5@group-EFD1D20A002C: changes role from CANDIDATE to FOLLOWER at term 650 for DISCOVERED_A_NEW_TERM
2019-10-16 18:02:01,332 [bf55b3f9-6b09-4365-9d71-55289e083fa5@group-EFD1D20A002C-LeaderElection551] INFO  impl.RoleInfo (RoleInfo.java:shutdownLeaderElection(134)) - bf55b3f9-6b09-4365-9d71-55289e083fa5: shutdown LeaderElection
2019-10-16 18:02:01,333 [bf55b3f9-6b09-4365-9d71-55289e083fa5@group-EFD1D20A002C-LeaderElection551] INFO  impl.RoleInfo (RoleInfo.java:updateAndGet(143)) - bf55b3f9-6b09-4365-9d71-55289e083fa5: start FollowerState
2019-10-16 18:02:01,380 [Thread-3927] INFO  impl.FollowerState (FollowerState.java:run(108)) - bf55b3f9-6b09-4365-9d71-55289e083fa5@group-EFD1D20A002C-FollowerState: change to CANDIDATE, lastRpcTime:47ms, electionTimeout:47ms
2019-10-16 18:02:01,380 [Thread-3927] INFO  impl.RoleInfo (RoleInfo.java:shutdownFollowerState(121)) - bf55b3f9-6b09-4365-9d71-55289e083fa5: shutdown FollowerState
2019-10-16 18:02:01,380 [Thread-3927] INFO  impl.RaftServerImpl (RaftServerImpl.java:setRole(184)) - bf55b3f9-6b09-4365-9d71-55289e083fa5@group-EFD1D20A002C: changes role from  FOLLOWER to CANDIDATE at term 650 for changeToCandidate
2019-10-16 18:02:01,381 [Thread-3927] INFO  impl.RoleInfo (RoleInfo.java:updateAndGet(143)) - bf55b3f9-6b09-4365-9d71-55289e083fa5: start LeaderElection
2019-10-16 18:02:01,399 [bf55b3f9-6b09-4365-9d71-55289e083fa5@group-EFD1D20A002C-LeaderElection552] INFO  impl.LeaderElection (LeaderElection.java:askForVotes(178)) - bf55b3f9-6b09-4365-9d71-55289e083fa5@group-EFD1D20A002C-LeaderElection552: begin an election at term 651 for -1: [f4c54511-b161-4347-aec5-5236dc80a0d8:0.0.0.0:41238, 907b9765-214b-4864-b66a-d6e2a5789e5c:0.0.0.0:41650, bf55b3f9-6b09-4365-9d71-55289e083fa5:0.0.0.0:42441], old=null
2019-10-16 18:02:01,401 [grpc-default-executor-2] INFO  impl.RaftServerImpl (RaftServerImpl.java:setRole(184)) - f4c54511-b161-4347-aec5-5236dc80a0d8@group-EFD1D20A002C: changes role from  FOLLOWER to FOLLOWER at term 651 for recognizeCandidate:bf55b3f9-6b09-4365-9d71-55289e083fa5
2019-10-16 18:02:01,401 [grpc-default-executor-2] INFO  impl.RoleInfo (RoleInfo.java:shutdownFollowerState(121)) - f4c54511-b161-4347-aec5-5236dc80a0d8: shutdown FollowerState
2019-10-16 18:02:01,401 [grpc-default-executor-3] INFO  impl.RaftServerImpl (RaftServerImpl.java:setRole(184)) - 907b9765-214b-4864-b66a-d6e2a5789e5c@group-EFD1D20A002C: changes role from  FOLLOWER to FOLLOWER at term 651 for recognizeCandidate:bf55b3f9-6b09-4365-9d71-55289e083fa5
2019-10-16 18:02:01,401 [grpc-default-executor-3] INFO  impl.RoleInfo (RoleInfo.java:shutdownFollowerState(121)) - 907b9765-214b-4864-b66a-d6e2a5789e5c: shutdown FollowerState
2019-10-16 18:02:01,401 [Thread-3925] INFO  impl.FollowerState (FollowerState.java:run(117)) - f4c54511-b161-4347-aec5-5236dc80a0d8@group-EFD1D20A002C-FollowerState was interrupted: java.lang.InterruptedException: sleep interrupted
2019-10-16 18:02:01,401 [grpc-default-executor-2] INFO  impl.RoleInfo (RoleInfo.java:updateAndGet(143)) - f4c54511-b161-4347-aec5-5236dc80a0d8: start FollowerState
2019-10-16 18:02:01,401 [Thread-3926] INFO  impl.FollowerState (FollowerState.java:run(117)) - 907b9765-214b-4864-b66a-d6e2a5789e5c@group-EFD1D20A002C-FollowerState was interrupted: java.lang.InterruptedException: sleep interrupted
2019-10-16 18:02:01,401 [grpc-default-executor-3] INFO  impl.RoleInfo (RoleInfo.java:updateAndGet(143)) - 907b9765-214b-4864-b66a-d6e2a5789e5c: start FollowerState
2019-10-16 18:02:01,425 [bf55b3f9-6b09-4365-9d71-55289e083fa5@group-EFD1D20A002C-LeaderElection552] INFO  impl.LeaderElection (LeaderElection.java:logAndReturn(56)) - bf55b3f9-6b09-4365-9d71-55289e083fa5@group-EFD1D20A002C-LeaderElection552: Election REJECTED; received 2 response(s) [bf55b3f9-6b09-4365-9d71-55289e083fa5<-f4c54511-b161-4347-aec5-5236dc80a0d8#0:FAIL-t651, bf55b3f9-6b09-4365-9d71-55289e083fa5<-907b9765-214b-4864-b66a-d6e2a5789e5c#0:FAIL-t651] and 0 exception(s); bf55b3f9-6b09-4365-9d71-55289e083fa5@group-EFD1D20A002C:t651, leader=null, voted=bf55b3f9-6b09-4365-9d71-55289e083fa5, raftlog=bf55b3f9-6b09-4365-9d71-55289e083fa5@group-EFD1D20A002C-SegmentedRaftLog:OPENED:c-1,f-1,i0, conf=-1: [f4c54511-b161-4347-aec5-5236dc80a0d8:0.0.0.0:41238, 907b9765-214b-4864-b66a-d6e2a5789e5c:0.0.0.0:41650, bf55b3f9-6b09-4365-9d71-55289e083fa5:0.0.0.0:42441], old=null
2019-10-16 18:02:01,425 [bf55b3f9-6b09-4365-9d71-55289e083fa5@group-EFD1D20A002C-LeaderElection552] INFO  impl.RaftServerImpl (RaftServerImpl.java:setRole(184)) - bf55b3f9-6b09-4365-9d71-55289e083fa5@group-EFD1D20A002C: changes role from CANDIDATE to FOLLOWER at term 651 for DISCOVERED_A_NEW_TERM
2019-10-16 18:02:01,425 [bf55b3f9-6b09-4365-9d71-55289e083fa5@group-EFD1D20A002C-LeaderElection552] INFO  impl.RoleInfo (RoleInfo.java:shutdownLeaderElection(134)) - bf55b3f9-6b09-4365-9d71-55289e083fa5: shutdown LeaderElection
2019-10-16 18:02:01,425 [bf55b3f9-6b09-4365-9d71-55289e083fa5@group-EFD1D20A002C-LeaderElection552] INFO  impl.RoleInfo (RoleInfo.java:updateAndGet(143)) - bf55b3f9-6b09-4365-9d71-55289e083fa5: start FollowerState
2019-10-16 18:02:01,499 [Thread-3935] INFO  impl.FollowerState (FollowerState.java:run(108)) - bf55b3f9-6b09-4365-9d71-55289e083fa5@group-EFD1D20A002C-FollowerState: change to CANDIDATE, lastRpcTime:73ms, electionTimeout:73ms
2019-10-16 18:02:01,499 [Thread-3935] INFO  impl.RoleInfo (RoleInfo.java:shutdownFollowerState(121)) - bf55b3f9-6b09-4365-9d71-55289e083fa5: shutdown FollowerState
2019-10-16 18:02:01,499 [Thread-3935] INFO  impl.RaftServerImpl (RaftServerImpl.java:setRole(184)) - bf55b3f9-6b09-4365-9d71-55289e083fa5@group-EFD1D20A002C: changes role from  FOLLOWER to CANDIDATE at term 651 for changeToCandidate
2019-10-16 18:02:01,499 [Thread-3935] INFO  impl.RoleInfo (RoleInfo.java:updateAndGet(143)) - bf55b3f9-6b09-4365-9d71-55289e083fa5: start LeaderElection
2019-10-16 18:02:01,526 [bf55b3f9-6b09-4365-9d71-55289e083fa5@group-EFD1D20A002C-LeaderElection553] INFO  impl.LeaderElection (LeaderElection.java:askForVotes(178)) - bf55b3f9-6b09-4365-9d71-55289e083fa5@group-EFD1D20A002C-LeaderElection553: begin an election at term 652 for -1: [f4c54511-b161-4347-aec5-5236dc80a0d8:0.0.0.0:41238, 907b9765-214b-4864-b66a-d6e2a5789e5c:0.0.0.0:41650, bf55b3f9-6b09-4365-9d71-55289e083fa5:0.0.0.0:42441], old=null
2019-10-16 18:02:01,527 [grpc-default-executor-2] INFO  impl.RaftServerImpl (RaftServerImpl.java:setRole(184)) - 907b9765-214b-4864-b66a-d6e2a5789e5c@group-EFD1D20A002C: changes role from  FOLLOWER to FOLLOWER at term 652 for recognizeCandidate:bf55b3f9-6b09-4365-9d71-55289e083fa5
2019-10-16 18:02:01,528 [grpc-default-executor-3] INFO  impl.RaftServerImpl (RaftServerImpl.java:setRole(184)) - f4c54511-b161-4347-aec5-5236dc80a0d8@group-EFD1D20A002C: changes role from  FOLLOWER to FOLLOWER at term 652 for recognizeCandidate:bf55b3f9-6b09-4365-9d71-55289e083fa5
2019-10-16 18:02:01,528 [grpc-default-executor-3] INFO  impl.RoleInfo (RoleInfo.java:shutdownFollowerState(121)) - f4c54511-b161-4347-aec5-5236dc80a0d8: shutdown FollowerState
2019-10-16 18:02:01,528 [grpc-default-executor-2] INFO  impl.RoleInfo (RoleInfo.java:shutdownFollowerState(121)) - 907b9765-214b-4864-b66a-d6e2a5789e5c: shutdown FollowerState
2019-10-16 18:02:01,528 [Thread-3933] INFO  impl.FollowerState (FollowerState.java:run(117)) - f4c54511-b161-4347-aec5-5236dc80a0d8@group-EFD1D20A002C-FollowerState was interrupted: java.lang.InterruptedException: sleep interrupted
2019-10-16 18:02:01,528 [grpc-default-executor-3] INFO  impl.RoleInfo (RoleInfo.java:updateAndGet(143)) - f4c54511-b161-4347-aec5-5236dc80a0d8: start FollowerState
2019-10-16 18:02:01,528 [Thread-3934] INFO  impl.FollowerState (FollowerState.java:run(117)) - 907b9765-214b-4864-b66a-d6e2a5789e5c@group-EFD1D20A002C-FollowerState was interrupted: java.lang.InterruptedException: sleep interrupted
2019-10-16 18:02:01,528 [grpc-default-executor-2] INFO  impl.RoleInfo (RoleInfo.java:updateAndGet(143)) - 907b9765-214b-4864-b66a-d6e2a5789e5c: start FollowerState
2019-10-16 18:02:01,560 [bf55b3f9-6b09-4365-9d71-55289e083fa5@group-EFD1D20A002C-LeaderElection553] INFO  impl.LeaderElection (LeaderElection.java:logAndReturn(56)) - bf55b3f9-6b09-4365-9d71-55289e083fa5@group-EFD1D20A002C-LeaderElection553: Election REJECTED; received 2 response(s) [bf55b3f9-6b09-4365-9d71-55289e083fa5<-f4c54511-b161-4347-aec5-5236dc80a0d8#0:FAIL-t652, bf55b3f9-6b09-4365-9d71-55289e083fa5<-907b9765-214b-4864-b66a-d6e2a5789e5c#0:FAIL-t652] and 0 exception(s); bf55b3f9-6b09-4365-9d71-55289e083fa5@group-EFD1D20A002C:t652, leader=null, voted=bf55b3f9-6b09-4365-9d71-55289e083fa5, raftlog=bf55b3f9-6b09-4365-9d71-55289e083fa5@group-EFD1D20A002C-SegmentedRaftLog:OPENED:c-1,f-1,i0, conf=-1: [f4c54511-b161-4347-aec5-5236dc80a0d8:0.0.0.0:41238, 907b9765-214b-4864-b66a-d6e2a5789e5c:0.0.0.0:41650, bf55b3f9-6b09-4365-9d71-55289e083fa5:0.0.0.0:42441], old=null
2019-10-16 18:02:01,561 [bf55b3f9-6b09-4365-9d71-55289e083fa5@group-EFD1D20A002C-LeaderElection553] INFO  impl.RaftServerImpl (RaftServerImpl.java:setRole(184)) - bf55b3f9-6b09-4365-9d71-55289e083fa5@group-EFD1D20A002C: changes role from CANDIDATE to FOLLOWER at term 652 for DISCOVERED_A_NEW_TERM
2019-10-16 18:02:01,561 [bf55b3f9-6b09-4365-9d71-55289e083fa5@group-EFD1D20A002C-LeaderElection553] INFO  impl.RoleInfo (RoleInfo.java:shutdownLeaderElection(134)) - bf55b3f9-6b09-4365-9d71-55289e083fa5: shutdown LeaderElection
2019-10-16 18:02:01,561 [bf55b3f9-6b09-4365-9d71-55289e083fa5@group-EFD1D20A002C-LeaderElection553] INFO  impl.RoleInfo (RoleInfo.java:updateAndGet(143)) - bf55b3f9-6b09-4365-9d71-55289e083fa5: start FollowerState
2019-10-16 18:02:01,706 [Thread-3941] INFO  impl.FollowerState (FollowerState.java:run(108)) - bf55b3f9-6b09-4365-9d71-55289e083fa5@group-EFD1D20A002C-FollowerState: change to CANDIDATE, lastRpcTime:145ms, electionTimeout:145ms
2019-10-16 18:02:01,706 [Thread-3941] INFO  impl.RoleInfo (RoleInfo.java:shutdownFollowerState(121)) - bf55b3f9-6b09-4365-9d71-55289e083fa5: shutdown FollowerState
2019-10-16 18:02:01,707 [Thread-3941] INFO  impl.RaftServerImpl (RaftServerImpl.java:setRole(184)) - bf55b3f9-6b09-4365-9d71-55289e083fa5@group-EFD1D20A002C: changes role from  FOLLOWER to CANDIDATE at term 652 for changeToCandidate
2019-10-16 18:02:01,707 [Thread-3941] INFO  impl.RoleInfo (RoleInfo.java:updateAndGet(143)) - bf55b3f9-6b09-4365-9d71-55289e083fa5: start LeaderElection
2019-10-16 18:02:01,945 [bf55b3f9-6b09-4365-9d71-55289e083fa5@group-EFD1D20A002C-LeaderElection554] INFO  impl.LeaderElection (LeaderElection.java:askForVotes(178)) - bf55b3f9-6b09-4365-9d71-55289e083fa5@group-EFD1D20A002C-LeaderElection554: begin an election at term 653 for -1: [f4c54511-b161-4347-aec5-5236dc80a0d8:0.0.0.0:41238, 907b9765-214b-4864-b66a-d6e2a5789e5c:0.0.0.0:41650, bf55b3f9-6b09-4365-9d71-55289e083fa5:0.0.0.0:42441], old=null
2019-10-16 18:02:01,947 [grpc-default-executor-3] INFO  impl.RaftServerImpl (RaftServerImpl.java:setRole(184)) - f4c54511-b161-4347-aec5-5236dc80a0d8@group-EFD1D20A002C: changes role from  FOLLOWER to FOLLOWER at term 653 for recognizeCandidate:bf55b3f9-6b09-4365-9d71-55289e083fa5
2019-10-16 18:02:01,947 [grpc-default-executor-2] INFO  impl.RaftServerImpl (RaftServerImpl.java:setRole(184)) - 907b9765-214b-4864-b66a-d6e2a5789e5c@group-EFD1D20A002C: changes role from  FOLLOWER to FOLLOWER at term 653 for recognizeCandidate:bf55b3f9-6b09-4365-9d71-55289e083fa5
2019-10-16 18:02:01,947 [grpc-default-executor-2] INFO  impl.RoleInfo (RoleInfo.java:shutdownFollowerState(121)) - 907b9765-214b-4864-b66a-d6e2a5789e5c: shutdown FollowerState
2019-10-16 18:02:01,947 [grpc-default-executor-3] INFO  impl.RoleInfo (RoleInfo.java:shutdownFollowerState(121)) - f4c54511-b161-4347-aec5-5236dc80a0d8: shutdown FollowerState
2019-10-16 18:02:01,948 [grpc-default-executor-2] INFO  impl.RoleInfo (RoleInfo.java:updateAndGet(143)) - 907b9765-214b-4864-b66a-d6e2a5789e5c: start FollowerState
2019-10-16 18:02:01,948 [Thread-3939] INFO  impl.FollowerState (FollowerState.java:run(117)) - f4c54511-b161-4347-aec5-5236dc80a0d8@group-EFD1D20A002C-FollowerState was interrupted: java.lang.InterruptedException: sleep interrupted
2019-10-16 18:02:01,948 [Thread-3940] INFO  impl.FollowerState (FollowerState.java:run(117)) - 907b9765-214b-4864-b66a-d6e2a5789e5c@group-EFD1D20A002C-FollowerState was interrupted: java.lang.InterruptedException: sleep interrupted
2019-10-16 18:02:01,948 [grpc-default-executor-3] INFO  impl.RoleInfo (RoleInfo.java:updateAndGet(143)) - f4c54511-b161-4347-aec5-5236dc80a0d8: start FollowerState
2019-10-16 18:02:01,971 [bf55b3f9-6b09-4365-9d71-55289e083fa5@group-EFD1D20A002C-LeaderElection554] INFO  impl.LeaderElection (LeaderElection.java:logAndReturn(56)) - bf55b3f9-6b09-4365-9d71-55289e083fa5@group-EFD1D20A002C-LeaderElection554: Election REJECTED; received 2 response(s) [bf55b3f9-6b09-4365-9d71-55289e083fa5<-f4c54511-b161-4347-aec5-5236dc80a0d8#0:FAIL-t653, bf55b3f9-6b09-4365-9d71-55289e083fa5<-907b9765-214b-4864-b66a-d6e2a5789e5c#0:FAIL-t653] and 0 exception(s); bf55b3f9-6b09-4365-9d71-55289e083fa5@group-EFD1D20A002C:t653, leader=null, voted=bf55b3f9-6b09-4365-9d71-55289e083fa5, raftlog=bf55b3f9-6b09-4365-9d71-55289e083fa5@group-EFD1D20A002C-SegmentedRaftLog:OPENED:c-1,f-1,i0, conf=-1: [f4c54511-b161-4347-aec5-5236dc80a0d8:0.0.0.0:41238, 907b9765-214b-4864-b66a-d6e2a5789e5c:0.0.0.0:41650, bf55b3f9-6b09-4365-9d71-55289e083fa5:0.0.0.0:42441], old=null
2019-10-16 18:02:01,972 [bf55b3f9-6b09-4365-9d71-55289e083fa5@group-EFD1D20A002C-LeaderElection554] INFO  impl.RaftServerImpl (RaftServerImpl.java:setRole(184)) - bf55b3f9-6b09-4365-9d71-55289e083fa5@group-EFD1D20A002C: changes role from CANDIDATE to FOLLOWER at term 653 for DISCOVERED_A_NEW_TERM
2019-10-16 18:02:01,972 [bf55b3f9-6b09-4365-9d71-55289e083fa5@group-EFD1D20A002C-LeaderElection554] INFO  impl.RoleInfo (RoleInfo.java:shutdownLeaderElection(134)) - bf55b3f9-6b09-4365-9d71-55289e083fa5: shutdown LeaderElection
2019-10-16 18:02:01,972 [bf55b3f9-6b09-4365-9d71-55289e083fa5@group-EFD1D20A002C-LeaderElection554] INFO  impl.RoleInfo (RoleInfo.java:updateAndGet(143)) - bf55b3f9-6b09-4365-9d71-55289e083fa5: start FollowerState
2019-10-16 18:02:02,162 [Thread-3947] INFO  impl.FollowerState (FollowerState.java:run(108)) - bf55b3f9-6b09-4365-9d71-55289e083fa5@group-EFD1D20A002C-FollowerState: change to CANDIDATE, lastRpcTime:190ms, electionTimeout:190ms
2019-10-16 18:02:02,163 [Thread-3947] INFO  impl.RoleInfo (RoleInfo.java:shutdownFollowerState(121)) - bf55b3f9-6b09-4365-9d71-55289e083fa5: shutdown FollowerState
2019-10-16 18:02:02,163 [Thread-3947] INFO  impl.RaftServerImpl (RaftServerImpl.java:setRole(184)) - bf55b3f9-6b09-4365-9d71-55289e083fa5@group-EFD1D20A002C: changes role from  FOLLOWER to CANDIDATE at term 653 for changeToCandidate
2019-10-16 18:02:02,163 [Thread-3947] INFO  impl.RoleInfo (RoleInfo.java:updateAndGet(143)) - bf55b3f9-6b09-4365-9d71-55289e083fa5: start LeaderElection
2019-10-16 18:02:02,190 [bf55b3f9-6b09-4365-9d71-55289e083fa5@group-EFD1D20A002C-LeaderElection555] INFO  impl.LeaderElection (LeaderElection.java:askForVotes(178)) - bf55b3f9-6b09-4365-9d71-55289e083fa5@group-EFD1D20A002C-LeaderElection555: begin an election at term 654 for -1: [f4c54511-b161-4347-aec5-5236dc80a0d8:0.0.0.0:41238, 907b9765-214b-4864-b66a-d6e2a5789e5c:0.0.0.0:41650, bf55b3f9-6b09-4365-9d71-55289e083fa5:0.0.0.0:42441], old=null
2019-10-16 18:02:02,191 [grpc-default-executor-2] INFO  impl.RaftServerImpl (RaftServerImpl.java:setRole(184)) - f4c54511-b161-4347-aec5-5236dc80a0d8@group-EFD1D20A002C: changes role from  FOLLOWER to FOLLOWER at term 654 for recognizeCandidate:bf55b3f9-6b09-4365-9d71-55289e083fa5
2019-10-16 18:02:02,192 [grpc-default-executor-3] INFO  impl.RaftServerImpl (RaftServerImpl.java:setRole(184)) - 907b9765-214b-4864-b66a-d6e2a5789e5c@group-EFD1D20A002C: changes role from  FOLLOWER to FOLLOWER at term 654 for recognizeCandidate:bf55b3f9-6b09-4365-9d71-55289e083fa5
2019-10-16 18:02:02,192 [grpc-default-executor-3] INFO  impl.RoleInfo (RoleInfo.java:shutdownFollowerState(121)) - 907b9765-214b-4864-b66a-d6e2a5789e5c: shutdown FollowerState
2019-10-16 18:02:02,192 [grpc-default-executor-2] INFO  impl.RoleInfo (RoleInfo.java:shutdownFollowerState(121)) - f4c54511-b161-4347-aec5-5236dc80a0d8: shutdown FollowerState
2019-10-16 18:02:02,192 [Thread-3945] INFO  impl.FollowerState (FollowerState.java:run(117)) - 907b9765-214b-4864-b66a-d6e2a5789e5c@group-EFD1D20A002C-FollowerState was interrupted: java.lang.InterruptedException: sleep interrupted
2019-10-16 18:02:02,192 [grpc-default-executor-3] INFO  impl.RoleInfo (RoleInfo.java:updateAndGet(143)) - 907b9765-214b-4864-b66a-d6e2a5789e5c: start FollowerState
2019-10-16 18:02:02,192 [Thread-3946] INFO  impl.FollowerState (FollowerState.java:run(117)) - f4c54511-b161-4347-aec5-5236dc80a0d8@group-EFD1D20A002C-FollowerState was interrupted: java.lang.InterruptedException: sleep interrupted
2019-10-16 18:02:02,192 [grpc-default-executor-2] INFO  impl.RoleInfo (RoleInfo.java:updateAndGet(143)) - f4c54511-b161-4347-aec5-5236dc80a0d8: start FollowerState
2019-10-16 18:02:02,216 [bf55b3f9-6b09-4365-9d71-55289e083fa5@group-EFD1D20A002C-LeaderElection555] INFO  impl.LeaderElection (LeaderElection.java:logAndReturn(56)) - bf55b3f9-6b09-4365-9d71-55289e083fa5@group-EFD1D20A002C-LeaderElection555: Election REJECTED; received 2 response(s) [bf55b3f9-6b09-4365-9d71-55289e083fa5<-f4c54511-b161-4347-aec5-5236dc80a0d8#0:FAIL-t654, bf55b3f9-6b09-4365-9d71-55289e083fa5<-907b9765-214b-4864-b66a-d6e2a5789e5c#0:FAIL-t654] and 0 exception(s); bf55b3f9-6b09-4365-9d71-55289e083fa5@group-EFD1D20A002C:t654, leader=null, voted=bf55b3f9-6b09-4365-9d71-55289e083fa5, raftlog=bf55b3f9-6b09-4365-9d71-55289e083fa5@group-EFD1D20A002C-SegmentedRaftLog:OPENED:c-1,f-1,i0, conf=-1: [f4c54511-b161-4347-aec5-5236dc80a0d8:0.0.0.0:41238, 907b9765-214b-4864-b66a-d6e2a5789e5c:0.0.0.0:41650, bf55b3f9-6b09-4365-9d71-55289e083fa5:0.0.0.0:42441], old=null
2019-10-16 18:02:02,216 [bf55b3f9-6b09-4365-9d71-55289e083fa5@group-EFD1D20A002C-LeaderElection555] INFO  impl.RaftServerImpl (RaftServerImpl.java:setRole(184)) - bf55b3f9-6b09-4365-9d71-55289e083fa5@group-EFD1D20A002C: changes role from CANDIDATE to FOLLOWER at term 654 for DISCOVERED_A_NEW_TERM
2019-10-16 18:02:02,216 [bf55b3f9-6b09-4365-9d71-55289e083fa5@group-EFD1D20A002C-LeaderElection555] INFO  impl.RoleInfo (RoleInfo.java:shutdownLeaderElection(134)) - bf55b3f9-6b09-4365-9d71-55289e083fa5: shutdown LeaderElection
2019-10-16 18:02:02,216 [bf55b3f9-6b09-4365-9d71-55289e083fa5@group-EFD1D20A002C-LeaderElection555] INFO  impl.RoleInfo (RoleInfo.java:updateAndGet(143)) - bf55b3f9-6b09-4365-9d71-55289e083fa5: start FollowerState
2019-10-16 18:02:02,274 [Thread-3953] INFO  impl.FollowerState (FollowerState.java:run(108)) - bf55b3f9-6b09-4365-9d71-55289e083fa5@group-EFD1D20A002C-FollowerState: change to CANDIDATE, lastRpcTime:57ms, electionTimeout:57ms
2019-10-16 18:02:02,274 [Thread-3953] INFO  impl.RoleInfo (RoleInfo.java:shutdownFollowerState(121)) - bf55b3f9-6b09-4365-9d71-55289e083fa5: shutdown FollowerState
2019-10-16 18:02:02,274 [Thread-3953] INFO  impl.RaftServerImpl (RaftServerImpl.java:setRole(184)) - bf55b3f9-6b09-4365-9d71-55289e083fa5@group-EFD1D20A002C: changes role from  FOLLOWER to CANDIDATE at term 654 for changeToCandidate
2019-10-16 18:02:02,274 [Thread-3953] INFO  impl.RoleInfo (RoleInfo.java:updateAndGet(143)) - bf55b3f9-6b09-4365-9d71-55289e083fa5: start LeaderElection
2019-10-16 18:02:02,299 [bf55b3f9-6b09-4365-9d71-55289e083fa5@group-EFD1D20A002C-LeaderElection556] INFO  impl.LeaderElection (LeaderElection.java:askForVotes(178)) - bf55b3f9-6b09-4365-9d71-55289e083fa5@group-EFD1D20A002C-LeaderElection556: begin an election at term 655 for -1: [f4c54511-b161-4347-aec5-5236dc80a0d8:0.0.0.0:41238, 907b9765-214b-4864-b66a-d6e2a5789e5c:0.0.0.0:41650, bf55b3f9-6b09-4365-9d71-55289e083fa5:0.0.0.0:42441], old=null
2019-10-16 18:02:02,300 [grpc-default-executor-3] INFO  impl.RaftServerImpl (RaftServerImpl.java:setRole(184)) - 907b9765-214b-4864-b66a-d6e2a5789e5c@group-EFD1D20A002C: changes role from  FOLLOWER to FOLLOWER at term 655 for recognizeCandidate:bf55b3f9-6b09-4365-9d71-55289e083fa5
2019-10-16 18:02:02,301 [grpc-default-executor-3] INFO  impl.RoleInfo (RoleInfo.java:shutdownFollowerState(121)) - 907b9765-214b-4864-b66a-d6e2a5789e5c: shutdown FollowerState
2019-10-16 18:02:02,301 [grpc-default-executor-3] INFO  impl.RoleInfo (RoleInfo.java:updateAndGet(143)) - 907b9765-214b-4864-b66a-d6e2a5789e5c: start FollowerState
2019-10-16 18:02:02,301 [grpc-default-executor-2] INFO  impl.RaftServerImpl (RaftServerImpl.java:setRole(184)) - f4c54511-b161-4347-aec5-5236dc80a0d8@group-EFD1D20A002C: changes role from  FOLLOWER to FOLLOWER at term 655 for recognizeCandidate:bf55b3f9-6b09-4365-9d71-55289e083fa5
2019-10-16 18:02:02,301 [grpc-default-executor-2] INFO  impl.RoleInfo (RoleInfo.java:shutdownFollowerState(121)) - f4c54511-b161-4347-aec5-5236dc80a0d8: shutdown FollowerState
2019-10-16 18:02:02,301 [Thread-3951] INFO  impl.FollowerState (FollowerState.java:run(117)) - 907b9765-214b-4864-b66a-d6e2a5789e5c@group-EFD1D20A002C-FollowerState was interrupted: java.lang.InterruptedException: sleep interrupted
2019-10-16 18:02:02,301 [Thread-3952] INFO  impl.FollowerState (FollowerState.java:run(117)) - f4c54511-b161-4347-aec5-5236dc80a0d8@group-EFD1D20A002C-FollowerState was interrupted: java.lang.InterruptedException: sleep interrupted
2019-10-16 18:02:02,301 [grpc-default-executor-2] INFO  impl.RoleInfo (RoleInfo.java:updateAndGet(143)) - f4c54511-b161-4347-aec5-5236dc80a0d8: start FollowerState
2019-10-16 18:02:02,325 [bf55b3f9-6b09-4365-9d71-55289e083fa5@group-EFD1D20A002C-LeaderElection556] INFO  impl.LeaderElection (LeaderElection.java:logAndReturn(56)) - bf55b3f9-6b09-4365-9d71-55289e083fa5@group-EFD1D20A002C-LeaderElection556: Election REJECTED; received 2 response(s) [bf55b3f9-6b09-4365-9d71-55289e083fa5<-f4c54511-b161-4347-aec5-5236dc80a0d8#0:FAIL-t655, bf55b3f9-6b09-4365-9d71-55289e083fa5<-907b9765-214b-4864-b66a-d6e2a5789e5c#0:FAIL-t655] and 0 exception(s); bf55b3f9-6b09-4365-9d71-55289e083fa5@group-EFD1D20A002C:t655, leader=null, voted=bf55b3f9-6b09-4365-9d71-55289e083fa5, raftlog=bf55b3f9-6b09-4365-9d71-55289e083fa5@group-EFD1D20A002C-SegmentedRaftLog:OPENED:c-1,f-1,i0, conf=-1: [f4c54511-b161-4347-aec5-5236dc80a0d8:0.0.0.0:41238, 907b9765-214b-4864-b66a-d6e2a5789e5c:0.0.0.0:41650, bf55b3f9-6b09-4365-9d71-55289e083fa5:0.0.0.0:42441], old=null
2019-10-16 18:02:02,326 [bf55b3f9-6b09-4365-9d71-55289e083fa5@group-EFD1D20A002C-LeaderElection556] INFO  impl.RaftServerImpl (RaftServerImpl.java:setRole(184)) - bf55b3f9-6b09-4365-9d71-55289e083fa5@group-EFD1D20A002C: changes role from CANDIDATE to FOLLOWER at term 655 for DISCOVERED_A_NEW_TERM
2019-10-16 18:02:02,326 [bf55b3f9-6b09-4365-9d71-55289e083fa5@group-EFD1D20A002C-LeaderElection556] INFO  impl.RoleInfo (RoleInfo.java:shutdownLeaderElection(134)) - bf55b3f9-6b09-4365-9d71-55289e083fa5: shutdown LeaderElection
2019-10-16 18:02:02,326 [bf55b3f9-6b09-4365-9d71-55289e083fa5@group-EFD1D20A002C-LeaderElection556] INFO  impl.RoleInfo (RoleInfo.java:updateAndGet(143)) - bf55b3f9-6b09-4365-9d71-55289e083fa5: start FollowerState
2019-10-16 18:02:02,336 [Thread-3959] INFO  impl.FollowerState (FollowerState.java:run(108)) - bf55b3f9-6b09-4365-9d71-55289e083fa5@group-EFD1D20A002C-FollowerState: change to CANDIDATE, lastRpcTime:10ms, electionTimeout:10ms
2019-10-16 18:02:02,336 [Thread-3959] INFO  impl.RoleInfo (RoleInfo.java:shutdownFollowerState(121)) - bf55b3f9-6b09-4365-9d71-55289e083fa5: shutdown FollowerState
2019-10-16 18:02:02,337 [Thread-3959] INFO  impl.RaftServerImpl (RaftServerImpl.java:setRole(184)) - bf55b3f9-6b09-4365-9d71-55289e083fa5@group-EFD1D20A002C: changes role from  FOLLOWER to CANDIDATE at term 655 for changeToCandidate
2019-10-16 18:02:02,337 [Thread-3959] INFO  impl.RoleInfo (RoleInfo.java:updateAndGet(143)) - bf55b3f9-6b09-4365-9d71-55289e083fa5: start LeaderElection
2019-10-16 18:02:02,359 [bf55b3f9-6b09-4365-9d71-55289e083fa5@group-EFD1D20A002C-LeaderElection557] INFO  impl.LeaderElection (LeaderElection.java:askForVotes(178)) - bf55b3f9-6b09-4365-9d71-55289e083fa5@group-EFD1D20A002C-LeaderElection557: begin an election at term 656 for -1: [f4c54511-b161-4347-aec5-5236dc80a0d8:0.0.0.0:41238, 907b9765-214b-4864-b66a-d6e2a5789e5c:0.0.0.0:41650, bf55b3f9-6b09-4365-9d71-55289e083fa5:0.0.0.0:42441], old=null
2019-10-16 18:02:02,360 [grpc-default-executor-1] INFO  impl.RaftServerImpl (RaftServerImpl.java:setRole(184)) - f4c54511-b161-4347-aec5-5236dc80a0d8@group-EFD1D20A002C: changes role from  FOLLOWER to FOLLOWER at term 656 for recognizeCandidate:bf55b3f9-6b09-4365-9d71-55289e083fa5
2019-10-16 18:02:02,360 [grpc-default-executor-1] INFO  impl.RoleInfo (RoleInfo.java:shutdownFollowerState(121)) - f4c54511-b161-4347-aec5-5236dc80a0d8: shutdown FollowerState
2019-10-16 18:02:02,361 [grpc-default-executor-3] INFO  impl.RaftServerImpl (RaftServerImpl.java:setRole(184)) - 907b9765-214b-4864-b66a-d6e2a5789e5c@group-EFD1D20A002C: changes role from  FOLLOWER to FOLLOWER at term 656 for recognizeCandidate:bf55b3f9-6b09-4365-9d71-55289e083fa5
2019-10-16 18:02:02,361 [Thread-3958] INFO  impl.FollowerState (FollowerState.java:run(117)) - f4c54511-b161-4347-aec5-5236dc80a0d8@group-EFD1D20A002C-FollowerState was interrupted: java.lang.InterruptedException: sleep interrupted
2019-10-16 18:02:02,361 [grpc-default-executor-1] INFO  impl.RoleInfo (RoleInfo.java:updateAndGet(143)) - f4c54511-b161-4347-aec5-5236dc80a0d8: start FollowerState
2019-10-16 18:02:02,361 [grpc-default-executor-3] INFO  impl.RoleInfo (RoleInfo.java:shutdownFollowerState(121)) - 907b9765-214b-4864-b66a-d6e2a5789e5c: shutdown FollowerState
2019-10-16 18:02:02,361 [grpc-default-executor-3] INFO  impl.RoleInfo (RoleInfo.java:updateAndGet(143)) - 907b9765-214b-4864-b66a-d6e2a5789e5c: start FollowerState
2019-10-16 18:02:02,361 [Thread-3957] INFO  impl.FollowerState (FollowerState.java:run(117)) - 907b9765-214b-4864-b66a-d6e2a5789e5c@group-EFD1D20A002C-FollowerState was interrupted: java.lang.InterruptedException: sleep interrupted
2019-10-16 18:02:02,385 [bf55b3f9-6b09-4365-9d71-55289e083fa5@group-EFD1D20A002C-LeaderElection557] INFO  impl.LeaderElection (LeaderElection.java:logAndReturn(56)) - bf55b3f9-6b09-4365-9d71-55289e083fa5@group-EFD1D20A002C-LeaderElection557: Election REJECTED; received 2 response(s) [bf55b3f9-6b09-4365-9d71-55289e083fa5<-f4c54511-b161-4347-aec5-5236dc80a0d8#0:FAIL-t656, bf55b3f9-6b09-4365-9d71-55289e083fa5<-907b9765-214b-4864-b66a-d6e2a5789e5c#0:FAIL-t656] and 0 exception(s); bf55b3f9-6b09-4365-9d71-55289e083fa5@group-EFD1D20A002C:t656, leader=null, voted=bf55b3f9-6b09-4365-9d71-55289e083fa5, raftlog=bf55b3f9-6b09-4365-9d71-55289e083fa5@group-EFD1D20A002C-SegmentedRaftLog:OPENED:c-1,f-1,i0, conf=-1: [f4c54511-b161-4347-aec5-5236dc80a0d8:0.0.0.0:41238, 907b9765-214b-4864-b66a-d6e2a5789e5c:0.0.0.0:41650, bf55b3f9-6b09-4365-9d71-55289e083fa5:0.0.0.0:42441], old=null
2019-10-16 18:02:02,385 [bf55b3f9-6b09-4365-9d71-55289e083fa5@group-EFD1D20A002C-LeaderElection557] INFO  impl.RaftServerImpl (RaftServerImpl.java:setRole(184)) - bf55b3f9-6b09-4365-9d71-55289e083fa5@group-EFD1D20A002C: changes role from CANDIDATE to FOLLOWER at term 656 for DISCOVERED_A_NEW_TERM
2019-10-16 18:02:02,385 [bf55b3f9-6b09-4365-9d71-55289e083fa5@group-EFD1D20A002C-LeaderElection557] INFO  impl.RoleInfo (RoleInfo.java:shutdownLeaderElection(134)) - bf55b3f9-6b09-4365-9d71-55289e083fa5: shutdown LeaderElection
2019-10-16 18:02:02,386 [bf55b3f9-6b09-4365-9d71-55289e083fa5@group-EFD1D20A002C-LeaderElection557] INFO  impl.RoleInfo (RoleInfo.java:updateAndGet(143)) - bf55b3f9-6b09-4365-9d71-55289e083fa5: start FollowerState
2019-10-16 18:02:02,467 [Thread-3967] INFO  impl.FollowerState (FollowerState.java:run(108)) - bf55b3f9-6b09-4365-9d71-55289e083fa5@group-EFD1D20A002C-FollowerState: change to CANDIDATE, lastRpcTime:81ms, electionTimeout:81ms
2019-10-16 18:02:02,467 [Thread-3967] INFO  impl.RoleInfo (RoleInfo.java:shutdownFollowerState(121)) - bf55b3f9-6b09-4365-9d71-55289e083fa5: shutdown FollowerState
2019-10-16 18:02:02,467 [Thread-3967] INFO  impl.RaftServerImpl (RaftServerImpl.java:setRole(184)) - bf55b3f9-6b09-4365-9d71-55289e083fa5@group-EFD1D20A002C: changes role from  FOLLOWER to CANDIDATE at term 656 for changeToCandidate
2019-10-16 18:02:02,467 [Thread-3967] INFO  impl.RoleInfo (RoleInfo.java:updateAndGet(143)) - bf55b3f9-6b09-4365-9d71-55289e083fa5: start LeaderElection
2019-10-16 18:02:02,493 [bf55b3f9-6b09-4365-9d71-55289e083fa5@group-EFD1D20A002C-LeaderElection558] INFO  impl.LeaderElection (LeaderElection.java:askForVotes(178)) - bf55b3f9-6b09-4365-9d71-55289e083fa5@group-EFD1D20A002C-LeaderElection558: begin an election at term 657 for -1: [f4c54511-b161-4347-aec5-5236dc80a0d8:0.0.0.0:41238, 907b9765-214b-4864-b66a-d6e2a5789e5c:0.0.0.0:41650, bf55b3f9-6b09-4365-9d71-55289e083fa5:0.0.0.0:42441], old=null
2019-10-16 18:02:02,495 [grpc-default-executor-3] INFO  impl.RaftServerImpl (RaftServerImpl.java:setRole(184)) - 907b9765-214b-4864-b66a-d6e2a5789e5c@group-EFD1D20A002C: changes role from  FOLLOWER to FOLLOWER at term 657 for recognizeCandidate:bf55b3f9-6b09-4365-9d71-55289e083fa5
2019-10-16 18:02:02,495 [grpc-default-executor-3] INFO  impl.RoleInfo (RoleInfo.java:shutdownFollowerState(121)) - 907b9765-214b-4864-b66a-d6e2a5789e5c: shutdown FollowerState
2019-10-16 18:02:02,495 [grpc-default-executor-1] INFO  impl.RaftServerImpl (RaftServerImpl.java:setRole(184)) - f4c54511-b161-4347-aec5-5236dc80a0d8@group-EFD1D20A002C: changes role from  FOLLOWER to FOLLOWER at term 657 for recognizeCandidate:bf55b3f9-6b09-4365-9d71-55289e083fa5
2019-10-16 18:02:02,495 [grpc-default-executor-1] INFO  impl.RoleInfo (RoleInfo.java:shutdownFollowerState(121)) - f4c54511-b161-4347-aec5-5236dc80a0d8: shutdown FollowerState
2019-10-16 18:02:02,495 [Thread-3966] INFO  impl.FollowerState (FollowerState.java:run(117)) - 907b9765-214b-4864-b66a-d6e2a5789e5c@group-EFD1D20A002C-FollowerState was interrupted: java.lang.InterruptedException: sleep interrupted
2019-10-16 18:02:02,495 [grpc-default-executor-3] INFO  impl.RoleInfo (RoleInfo.java:updateAndGet(143)) - 907b9765-214b-4864-b66a-d6e2a5789e5c: start FollowerState
2019-10-16 18:02:02,496 [Thread-3965] INFO  impl.FollowerState (FollowerState.java:run(117)) - f4c54511-b161-4347-aec5-5236dc80a0d8@group-EFD1D20A002C-FollowerState was interrupted: java.lang.InterruptedException: sleep interrupted
2019-10-16 18:02:02,495 [grpc-default-executor-1] INFO  impl.RoleInfo (RoleInfo.java:updateAndGet(143)) - f4c54511-b161-4347-aec5-5236dc80a0d8: start FollowerState
2019-10-16 18:02:02,519 [bf55b3f9-6b09-4365-9d71-55289e083fa5@group-EFD1D20A002C-LeaderElection558] INFO  impl.LeaderElection (LeaderElection.java:logAndReturn(56)) - bf55b3f9-6b09-4365-9d71-55289e083fa5@group-EFD1D20A002C-LeaderElection558: Election REJECTED; received 2 response(s) [bf55b3f9-6b09-4365-9d71-55289e083fa5<-f4c54511-b161-4347-aec5-5236dc80a0d8#0:FAIL-t657, bf55b3f9-6b09-4365-9d71-55289e083fa5<-907b9765-214b-4864-b66a-d6e2a5789e5c#0:FAIL-t657] and 0 exception(s); bf55b3f9-6b09-4365-9d71-55289e083fa5@group-EFD1D20A002C:t657, leader=null, voted=bf55b3f9-6b09-4365-9d71-55289e083fa5, raftlog=bf55b3f9-6b09-4365-9d71-55289e083fa5@group-EFD1D20A002C-SegmentedRaftLog:OPENED:c-1,f-1,i0, conf=-1: [f4c54511-b161-4347-aec5-5236dc80a0d8:0.0.0.0:41238, 907b9765-214b-4864-b66a-d6e2a5789e5c:0.0.0.0:41650, bf55b3f9-6b09-4365-9d71-55289e083fa5:0.0.0.0:42441], old=null
2019-10-16 18:02:02,519 [bf55b3f9-6b09-4365-9d71-55289e083fa5@group-EFD1D20A002C-LeaderElection558] INFO  impl.RaftServerImpl (RaftServerImpl.java:setRole(184)) - bf55b3f9-6b09-4365-9d71-55289e083fa5@group-EFD1D20A002C: changes role from CANDIDATE to FOLLOWER at term 657 for DISCOVERED_A_NEW_TERM
2019-10-16 18:02:02,519 [bf55b3f9-6b09-4365-9d71-55289e083fa5@group-EFD1D20A002C-LeaderElection558] INFO  impl.RoleInfo (RoleInfo.java:shutdownLeaderElection(134)) - bf55b3f9-6b09-4365-9d71-55289e083fa5: shutdown LeaderElection
2019-10-16 18:02:02,519 [bf55b3f9-6b09-4365-9d71-55289e083fa5@group-EFD1D20A002C-LeaderElection558] INFO  impl.RoleInfo (RoleInfo.java:updateAndGet(143)) - bf55b3f9-6b09-4365-9d71-55289e083fa5: start FollowerState
2019-10-16 18:02:02,561 [Thread-3973] INFO  impl.FollowerState (FollowerState.java:run(108)) - bf55b3f9-6b09-4365-9d71-55289e083fa5@group-EFD1D20A002C-FollowerState: change to CANDIDATE, lastRpcTime:41ms, electionTimeout:41ms
2019-10-16 18:02:02,561 [Thread-3973] INFO  impl.RoleInfo (RoleInfo.java:shutdownFollowerState(121)) - bf55b3f9-6b09-4365-9d71-55289e083fa5: shutdown FollowerState
2019-10-16 18:02:02,561 [Thread-3973] INFO  impl.RaftServerImpl (RaftServerImpl.java:setRole(184)) - bf55b3f9-6b09-4365-9d71-55289e083fa5@group-EFD1D20A002C: changes role from  FOLLOWER to CANDIDATE at term 657 for changeToCandidate
2019-10-16 18:02:02,561 [Thread-3973] INFO  impl.RoleInfo (RoleInfo.java:updateAndGet(143)) - bf55b3f9-6b09-4365-9d71-55289e083fa5: start LeaderElection
2019-10-16 18:02:02,594 [bf55b3f9-6b09-4365-9d71-55289e083fa5@group-EFD1D20A002C-LeaderElection559] INFO  impl.LeaderElection (LeaderElection.java:askForVotes(178)) - bf55b3f9-6b09-4365-9d71-55289e083fa5@group-EFD1D20A002C-LeaderElection559: begin an election at term 658 for -1: [f4c54511-b161-4347-aec5-5236dc80a0d8:0.0.0.0:41238, 907b9765-214b-4864-b66a-d6e2a5789e5c:0.0.0.0:41650, bf55b3f9-6b09-4365-9d71-55289e083fa5:0.0.0.0:42441], old=null
2019-10-16 18:02:02,596 [grpc-default-executor-3] INFO  impl.RaftServerImpl (RaftServerImpl.java:setRole(184)) - f4c54511-b161-4347-aec5-5236dc80a0d8@group-EFD1D20A002C: changes role from  FOLLOWER to FOLLOWER at term 658 for recognizeCandidate:bf55b3f9-6b09-4365-9d71-55289e083fa5
2019-10-16 18:02:02,596 [grpc-default-executor-3] INFO  impl.RoleInfo (RoleInfo.java:shutdownFollowerState(121)) - f4c54511-b161-4347-aec5-5236dc80a0d8: shutdown FollowerState
2019-10-16 18:02:02,596 [grpc-default-executor-1] INFO  impl.RaftServerImpl (RaftServerImpl.java:setRole(184)) - 907b9765-214b-4864-b66a-d6e2a5789e5c@group-EFD1D20A002C: changes role from  FOLLOWER to FOLLOWER at term 658 for recognizeCandidate:bf55b3f9-6b09-4365-9d71-55289e083fa5
2019-10-16 18:02:02,596 [Thread-3972] INFO  impl.FollowerState (FollowerState.java:run(117)) - f4c54511-b161-4347-aec5-5236dc80a0d8@group-EFD1D20A002C-FollowerState was interrupted: java.lang.InterruptedException: sleep interrupted
2019-10-16 18:02:02,596 [grpc-default-executor-3] INFO  impl.RoleInfo (RoleInfo.java:updateAndGet(143)) - f4c54511-b161-4347-aec5-5236dc80a0d8: start FollowerState
2019-10-16 18:02:02,596 [grpc-default-executor-1] INFO  impl.RoleInfo (RoleInfo.java:shutdownFollowerState(121)) - 907b9765-214b-4864-b66a-d6e2a5789e5c: shutdown FollowerState
2019-10-16 18:02:02,597 [grpc-default-executor-1] INFO  impl.RoleInfo (RoleInfo.java:updateAndGet(143)) - 907b9765-214b-4864-b66a-d6e2a5789e5c: start FollowerState
2019-10-16 18:02:02,597 [Thread-3971] INFO  impl.FollowerState (FollowerState.java:run(117)) - 907b9765-214b-4864-b66a-d6e2a5789e5c@group-EFD1D20A002C-FollowerState was interrupted: java.lang.InterruptedException: sleep interrupted
2019-10-16 18:02:02,630 [bf55b3f9-6b09-4365-9d71-55289e083fa5@group-EFD1D20A002C-LeaderElection559] INFO  impl.LeaderElection (LeaderElection.java:logAndReturn(56)) - bf55b3f9-6b09-4365-9d71-55289e083fa5@group-EFD1D20A002C-LeaderElection559: Election REJECTED; received 2 response(s) [bf55b3f9-6b09-4365-9d71-55289e083fa5<-f4c54511-b161-4347-aec5-5236dc80a0d8#0:FAIL-t658, bf55b3f9-6b09-4365-9d71-55289e083fa5<-907b9765-214b-4864-b66a-d6e2a5789e5c#0:FAIL-t658] and 0 exception(s); bf55b3f9-6b09-4365-9d71-55289e083fa5@group-EFD1D20A002C:t658, leader=null, voted=bf55b3f9-6b09-4365-9d71-55289e083fa5, raftlog=bf55b3f9-6b09-4365-9d71-55289e083fa5@group-EFD1D20A002C-SegmentedRaftLog:OPENED:c-1,f-1,i0, conf=-1: [f4c54511-b161-4347-aec5-5236dc80a0d8:0.0.0.0:41238, 907b9765-214b-4864-b66a-d6e2a5789e5c:0.0.0.0:41650, bf55b3f9-6b09-4365-9d71-55289e083fa5:0.0.0.0:42441], old=null
2019-10-16 18:02:02,630 [bf55b3f9-6b09-4365-9d71-55289e083fa5@group-EFD1D20A002C-LeaderElection559] INFO  impl.RaftServerImpl (RaftServerImpl.java:setRole(184)) - bf55b3f9-6b09-4365-9d71-55289e083fa5@group-EFD1D20A002C: changes role from CANDIDATE to FOLLOWER at term 658 for DISCOVERED_A_NEW_TERM
2019-10-16 18:02:02,630 [bf55b3f9-6b09-4365-9d71-55289e083fa5@group-EFD1D20A002C-LeaderElection559] INFO  impl.RoleInfo (RoleInfo.java:shutdownLeaderElection(134)) - bf55b3f9-6b09-4365-9d71-55289e083fa5: shutdown LeaderElection
2019-10-16 18:02:02,630 [bf55b3f9-6b09-4365-9d71-55289e083fa5@group-EFD1D20A002C-LeaderElection559] INFO  impl.RoleInfo (RoleInfo.java:updateAndGet(143)) - bf55b3f9-6b09-4365-9d71-55289e083fa5: start FollowerState
2019-10-16 18:02:02,637 [Thread-3979] INFO  impl.FollowerState (FollowerState.java:run(108)) - bf55b3f9-6b09-4365-9d71-55289e083fa5@group-EFD1D20A002C-FollowerState: change to CANDIDATE, lastRpcTime:6ms, electionTimeout:6ms
2019-10-16 18:02:02,637 [Thread-3979] INFO  impl.RoleInfo (RoleInfo.java:shutdownFollowerState(121)) - bf55b3f9-6b09-4365-9d71-55289e083fa5: shutdown FollowerState
2019-10-16 18:02:02,637 [Thread-3979] INFO  impl.RaftServerImpl (RaftServerImpl.java:setRole(184)) - bf55b3f9-6b09-4365-9d71-55289e083fa5@group-EFD1D20A002C: changes role from  FOLLOWER to CANDIDATE at term 658 for changeToCandidate
2019-10-16 18:02:02,637 [Thread-3979] INFO  impl.RoleInfo (RoleInfo.java:updateAndGet(143)) - bf55b3f9-6b09-4365-9d71-55289e083fa5: start LeaderElection
2019-10-16 18:02:02,662 [bf55b3f9-6b09-4365-9d71-55289e083fa5@group-EFD1D20A002C-LeaderElection560] INFO  impl.LeaderElection (LeaderElection.java:askForVotes(178)) - bf55b3f9-6b09-4365-9d71-55289e083fa5@group-EFD1D20A002C-LeaderElection560: begin an election at term 659 for -1: [f4c54511-b161-4347-aec5-5236dc80a0d8:0.0.0.0:41238, 907b9765-214b-4864-b66a-d6e2a5789e5c:0.0.0.0:41650, bf55b3f9-6b09-4365-9d71-55289e083fa5:0.0.0.0:42441], old=null
2019-10-16 18:02:02,664 [grpc-default-executor-3] INFO  impl.RaftServerImpl (RaftServerImpl.java:setRole(184)) - f4c54511-b161-4347-aec5-5236dc80a0d8@group-EFD1D20A002C: changes role from  FOLLOWER to FOLLOWER at term 659 for recognizeCandidate:bf55b3f9-6b09-4365-9d71-55289e083fa5
2019-10-16 18:02:02,665 [grpc-default-executor-3] INFO  impl.RoleInfo (RoleInfo.java:shutdownFollowerState(121)) - f4c54511-b161-4347-aec5-5236dc80a0d8: shutdown FollowerState
2019-10-16 18:02:02,664 [grpc-default-executor-1] INFO  impl.RaftServerImpl (RaftServerImpl.java:setRole(184)) - 907b9765-214b-4864-b66a-d6e2a5789e5c@group-EFD1D20A002C: changes role from  FOLLOWER to FOLLOWER at term 659 for recognizeCandidate:bf55b3f9-6b09-4365-9d71-55289e083fa5
2019-10-16 18:02:02,665 [grpc-default-executor-1] INFO  impl.RoleInfo (RoleInfo.java:shutdownFollowerState(121)) - 907b9765-214b-4864-b66a-d6e2a5789e5c: shutdown FollowerState
2019-10-16 18:02:02,665 [Thread-3977] INFO  impl.FollowerState (FollowerState.java:run(117)) - f4c54511-b161-4347-aec5-5236dc80a0d8@group-EFD1D20A002C-FollowerState was interrupted: java.lang.InterruptedException: sleep interrupted
2019-10-16 18:02:02,665 [grpc-default-executor-3] INFO  impl.RoleInfo (RoleInfo.java:updateAndGet(143)) - f4c54511-b161-4347-aec5-5236dc80a0d8: start FollowerState
2019-10-16 18:02:02,665 [Thread-3978] INFO  impl.FollowerState (FollowerState.java:run(117)) - 907b9765-214b-4864-b66a-d6e2a5789e5c@group-EFD1D20A002C-FollowerState was interrupted: java.lang.InterruptedException: sleep interrupted
2019-10-16 18:02:02,665 [grpc-default-executor-1] INFO  impl.RoleInfo (RoleInfo.java:updateAndGet(143)) - 907b9765-214b-4864-b66a-d6e2a5789e5c: start FollowerState
2019-10-16 18:02:02,688 [bf55b3f9-6b09-4365-9d71-55289e083fa5@group-EFD1D20A002C-LeaderElection560] INFO  impl.LeaderElection (LeaderElection.java:logAndReturn(56)) - bf55b3f9-6b09-4365-9d71-55289e083fa5@group-EFD1D20A002C-LeaderElection560: Election REJECTED; received 2 response(s) [bf55b3f9-6b09-4365-9d71-55289e083fa5<-f4c54511-b161-4347-aec5-5236dc80a0d8#0:FAIL-t659, bf55b3f9-6b09-4365-9d71-55289e083fa5<-907b9765-214b-4864-b66a-d6e2a5789e5c#0:FAIL-t659] and 0 exception(s); bf55b3f9-6b09-4365-9d71-55289e083fa5@group-EFD1D20A002C:t659, leader=null, voted=bf55b3f9-6b09-4365-9d71-55289e083fa5, raftlog=bf55b3f9-6b09-4365-9d71-55289e083fa5@group-EFD1D20A002C-SegmentedRaftLog:OPENED:c-1,f-1,i0, conf=-1: [f4c54511-b161-4347-aec5-5236dc80a0d8:0.0.0.0:41238, 907b9765-214b-4864-b66a-d6e2a5789e5c:0.0.0.0:41650, bf55b3f9-6b09-4365-9d71-55289e083fa5:0.0.0.0:42441], old=null
2019-10-16 18:02:02,688 [bf55b3f9-6b09-4365-9d71-55289e083fa5@group-EFD1D20A002C-LeaderElection560] INFO  impl.RaftServerImpl (RaftServerImpl.java:setRole(184)) - bf55b3f9-6b09-4365-9d71-55289e083fa5@group-EFD1D20A002C: changes role from CANDIDATE to FOLLOWER at term 659 for DISCOVERED_A_NEW_TERM
2019-10-16 18:02:02,689 [bf55b3f9-6b09-4365-9d71-55289e083fa5@group-EFD1D20A002C-LeaderElection560] INFO  impl.RoleInfo (RoleInfo.java:shutdownLeaderElection(134)) - bf55b3f9-6b09-4365-9d71-55289e083fa5: shutdown LeaderElection
2019-10-16 18:02:02,689 [bf55b3f9-6b09-4365-9d71-55289e083fa5@group-EFD1D20A002C-LeaderElection560] INFO  impl.RoleInfo (RoleInfo.java:updateAndGet(143)) - bf55b3f9-6b09-4365-9d71-55289e083fa5: start FollowerState
2019-10-16 18:02:02,754 [Thread-3985] INFO  impl.FollowerState (FollowerState.java:run(108)) - bf55b3f9-6b09-4365-9d71-55289e083fa5@group-EFD1D20A002C-FollowerState: change to CANDIDATE, lastRpcTime:65ms, electionTimeout:65ms
2019-10-16 18:02:02,754 [Thread-3985] INFO  impl.RoleInfo (RoleInfo.java:shutdownFollowerState(121)) - bf55b3f9-6b09-4365-9d71-55289e083fa5: shutdown FollowerState
2019-10-16 18:02:02,754 [Thread-3985] INFO  impl.RaftServerImpl (RaftServerImpl.java:setRole(184)) - bf55b3f9-6b09-4365-9d71-55289e083fa5@group-EFD1D20A002C: changes role from  FOLLOWER to CANDIDATE at term 659 for changeToCandidate
2019-10-16 18:02:02,754 [Thread-3985] INFO  impl.RoleInfo (RoleInfo.java:updateAndGet(143)) - bf55b3f9-6b09-4365-9d71-55289e083fa5: start LeaderElection
2019-10-16 18:02:02,780 [bf55b3f9-6b09-4365-9d71-55289e083fa5@group-EFD1D20A002C-LeaderElection561] INFO  impl.LeaderElection (LeaderElection.java:askForVotes(178)) - bf55b3f9-6b09-4365-9d71-55289e083fa5@group-EFD1D20A002C-LeaderElection561: begin an election at term 660 for -1: [f4c54511-b161-4347-aec5-5236dc80a0d8:0.0.0.0:41238, 907b9765-214b-4864-b66a-d6e2a5789e5c:0.0.0.0:41650, bf55b3f9-6b09-4365-9d71-55289e083fa5:0.0.0.0:42441], old=null
2019-10-16 18:02:02,782 [grpc-default-executor-3] INFO  impl.RaftServerImpl (RaftServerImpl.java:setRole(184)) - f4c54511-b161-4347-aec5-5236dc80a0d8@group-EFD1D20A002C: changes role from  FOLLOWER to FOLLOWER at term 660 for recognizeCandidate:bf55b3f9-6b09-4365-9d71-55289e083fa5
2019-10-16 18:02:02,782 [grpc-default-executor-1] INFO  impl.RaftServerImpl (RaftServerImpl.java:setRole(184)) - 907b9765-214b-4864-b66a-d6e2a5789e5c@group-EFD1D20A002C: changes role from  FOLLOWER to FOLLOWER at term 660 for recognizeCandidate:bf55b3f9-6b09-4365-9d71-55289e083fa5
2019-10-16 18:02:02,782 [grpc-default-executor-1] INFO  impl.RoleInfo (RoleInfo.java:shutdownFollowerState(121)) - 907b9765-214b-4864-b66a-d6e2a5789e5c: shutdown FollowerState
2019-10-16 18:02:02,782 [grpc-default-executor-3] INFO  impl.RoleInfo (RoleInfo.java:shutdownFollowerState(121)) - f4c54511-b161-4347-aec5-5236dc80a0d8: shutdown FollowerState
2019-10-16 18:02:02,783 [Thread-3984] INFO  impl.FollowerState (FollowerState.java:run(117)) - 907b9765-214b-4864-b66a-d6e2a5789e5c@group-EFD1D20A002C-FollowerState was interrupted: java.lang.InterruptedException: sleep interrupted
2019-10-16 18:02:02,783 [Thread-3983] INFO  impl.FollowerState (FollowerState.java:run(117)) - f4c54511-b161-4347-aec5-5236dc80a0d8@group-EFD1D20A002C-FollowerState was interrupted: java.lang.InterruptedException: sleep interrupted
2019-10-16 18:02:02,783 [grpc-default-executor-1] INFO  impl.RoleInfo (RoleInfo.java:updateAndGet(143)) - 907b9765-214b-4864-b66a-d6e2a5789e5c: start FollowerState
2019-10-16 18:02:02,783 [grpc-default-executor-3] INFO  impl.RoleInfo (RoleInfo.java:updateAndGet(143)) - f4c54511-b161-4347-aec5-5236dc80a0d8: start FollowerState
2019-10-16 18:02:02,806 [bf55b3f9-6b09-4365-9d71-55289e083fa5@group-EFD1D20A002C-LeaderElection561] INFO  impl.LeaderElection (LeaderElection.java:logAndReturn(56)) - bf55b3f9-6b09-4365-9d71-55289e083fa5@group-EFD1D20A002C-LeaderElection561: Election REJECTED; received 2 response(s) [bf55b3f9-6b09-4365-9d71-55289e083fa5<-f4c54511-b161-4347-aec5-5236dc80a0d8#0:FAIL-t660, bf55b3f9-6b09-4365-9d71-55289e083fa5<-907b9765-214b-4864-b66a-d6e2a5789e5c#0:FAIL-t660] and 0 exception(s); bf55b3f9-6b09-4365-9d71-55289e083fa5@group-EFD1D20A002C:t660, leader=null, voted=bf55b3f9-6b09-4365-9d71-55289e083fa5, raftlog=bf55b3f9-6b09-4365-9d71-55289e083fa5@group-EFD1D20A002C-SegmentedRaftLog:OPENED:c-1,f-1,i0, conf=-1: [f4c54511-b161-4347-aec5-5236dc80a0d8:0.0.0.0:41238, 907b9765-214b-4864-b66a-d6e2a5789e5c:0.0.0.0:41650, bf55b3f9-6b09-4365-9d71-55289e083fa5:0.0.0.0:42441], old=null
2019-10-16 18:02:02,806 [bf55b3f9-6b09-4365-9d71-55289e083fa5@group-EFD1D20A002C-LeaderElection561] INFO  impl.RaftServerImpl (RaftServerImpl.java:setRole(184)) - bf55b3f9-6b09-4365-9d71-55289e083fa5@group-EFD1D20A002C: changes role from CANDIDATE to FOLLOWER at term 660 for DISCOVERED_A_NEW_TERM
2019-10-16 18:02:02,806 [bf55b3f9-6b09-4365-9d71-55289e083fa5@group-EFD1D20A002C-LeaderElection561] INFO  impl.RoleInfo (RoleInfo.java:shutdownLeaderElection(134)) - bf55b3f9-6b09-4365-9d71-55289e083fa5: shutdown LeaderElection
2019-10-16 18:02:02,806 [bf55b3f9-6b09-4365-9d71-55289e083fa5@group-EFD1D20A002C-LeaderElection561] INFO  impl.RoleInfo (RoleInfo.java:updateAndGet(143)) - bf55b3f9-6b09-4365-9d71-55289e083fa5: start FollowerState
2019-10-16 18:02:02,868 [Thread-3991] INFO  impl.FollowerState (FollowerState.java:run(108)) - bf55b3f9-6b09-4365-9d71-55289e083fa5@group-EFD1D20A002C-FollowerState: change to CANDIDATE, lastRpcTime:61ms, electionTimeout:61ms
2019-10-16 18:02:02,868 [Thread-3991] INFO  impl.RoleInfo (RoleInfo.java:shutdownFollowerState(121)) - bf55b3f9-6b09-4365-9d71-55289e083fa5: shutdown FollowerState
2019-10-16 18:02:02,868 [Thread-3991] INFO  impl.RaftServerImpl (RaftServerImpl.java:setRole(184)) - bf55b3f9-6b09-4365-9d71-55289e083fa5@group-EFD1D20A002C: changes role from  FOLLOWER to CANDIDATE at term 660 for changeToCandidate
2019-10-16 18:02:02,868 [Thread-3991] INFO  impl.RoleInfo (RoleInfo.java:updateAndGet(143)) - bf55b3f9-6b09-4365-9d71-55289e083fa5: start LeaderElection
2019-10-16 18:02:02,899 [bf55b3f9-6b09-4365-9d71-55289e083fa5@group-EFD1D20A002C-LeaderElection562] INFO  impl.LeaderElection (LeaderElection.java:askForVotes(178)) - bf55b3f9-6b09-4365-9d71-55289e083fa5@group-EFD1D20A002C-LeaderElection562: begin an election at term 661 for -1: [f4c54511-b161-4347-aec5-5236dc80a0d8:0.0.0.0:41238, 907b9765-214b-4864-b66a-d6e2a5789e5c:0.0.0.0:41650, bf55b3f9-6b09-4365-9d71-55289e083fa5:0.0.0.0:42441], old=null
2019-10-16 18:02:02,901 [grpc-default-executor-1] INFO  impl.RaftServerImpl (RaftServerImpl.java:setRole(184)) - f4c54511-b161-4347-aec5-5236dc80a0d8@group-EFD1D20A002C: changes role from  FOLLOWER to FOLLOWER at term 661 for recognizeCandidate:bf55b3f9-6b09-4365-9d71-55289e083fa5
2019-10-16 18:02:02,901 [grpc-default-executor-2] INFO  impl.RaftServerImpl (RaftServerImpl.java:setRole(184)) - 907b9765-214b-4864-b66a-d6e2a5789e5c@group-EFD1D20A002C: changes role from  FOLLOWER to FOLLOWER at term 661 for recognizeCandidate:bf55b3f9-6b09-4365-9d71-55289e083fa5
2019-10-16 18:02:02,901 [grpc-default-executor-2] INFO  impl.RoleInfo (RoleInfo.java:shutdownFollowerState(121)) - 907b9765-214b-4864-b66a-d6e2a5789e5c: shutdown FollowerState
2019-10-16 18:02:02,901 [grpc-default-executor-1] INFO  impl.RoleInfo (RoleInfo.java:shutdownFollowerState(121)) - f4c54511-b161-4347-aec5-5236dc80a0d8: shutdown FollowerState
2019-10-16 18:02:02,901 [Thread-3989] INFO  impl.FollowerState (FollowerState.java:run(117)) - 907b9765-214b-4864-b66a-d6e2a5789e5c@group-EFD1D20A002C-FollowerState was interrupted: java.lang.InterruptedException: sleep interrupted
2019-10-16 18:02:02,901 [grpc-default-executor-2] INFO  impl.RoleInfo (RoleInfo.java:updateAndGet(143)) - 907b9765-214b-4864-b66a-d6e2a5789e5c: start FollowerState
2019-10-16 18:02:02,902 [Thread-3990] INFO  impl.FollowerState (FollowerState.java:run(117)) - f4c54511-b161-4347-aec5-5236dc80a0d8@group-EFD1D20A002C-FollowerState was interrupted: java.lang.InterruptedException: sleep interrupted
2019-10-16 18:02:02,902 [grpc-default-executor-1] INFO  impl.RoleInfo (RoleInfo.java:updateAndGet(143)) - f4c54511-b161-4347-aec5-5236dc80a0d8: start FollowerState
2019-10-16 18:02:02,925 [bf55b3f9-6b09-4365-9d71-55289e083fa5@group-EFD1D20A002C-LeaderElection562] INFO  impl.LeaderElection (LeaderElection.java:logAndReturn(56)) - bf55b3f9-6b09-4365-9d71-55289e083fa5@group-EFD1D20A002C-LeaderElection562: Election REJECTED; received 2 response(s) [bf55b3f9-6b09-4365-9d71-55289e083fa5<-f4c54511-b161-4347-aec5-5236dc80a0d8#0:FAIL-t661, bf55b3f9-6b09-4365-9d71-55289e083fa5<-907b9765-214b-4864-b66a-d6e2a5789e5c#0:FAIL-t661] and 0 exception(s); bf55b3f9-6b09-4365-9d71-55289e083fa5@group-EFD1D20A002C:t661, leader=null, voted=bf55b3f9-6b09-4365-9d71-55289e083fa5, raftlog=bf55b3f9-6b09-4365-9d71-55289e083fa5@group-EFD1D20A002C-SegmentedRaftLog:OPENED:c-1,f-1,i0, conf=-1: [f4c54511-b161-4347-aec5-5236dc80a0d8:0.0.0.0:41238, 907b9765-214b-4864-b66a-d6e2a5789e5c:0.0.0.0:41650, bf55b3f9-6b09-4365-9d71-55289e083fa5:0.0.0.0:42441], old=null
2019-10-16 18:02:02,925 [bf55b3f9-6b09-4365-9d71-55289e083fa5@group-EFD1D20A002C-LeaderElection562] INFO  impl.RaftServerImpl (RaftServerImpl.java:setRole(184)) - bf55b3f9-6b09-4365-9d71-55289e083fa5@group-EFD1D20A002C: changes role from CANDIDATE to FOLLOWER at term 661 for DISCOVERED_A_NEW_TERM
2019-10-16 18:02:02,925 [bf55b3f9-6b09-4365-9d71-55289e083fa5@group-EFD1D20A002C-LeaderElection562] INFO  impl.RoleInfo (RoleInfo.java:shutdownLeaderElection(134)) - bf55b3f9-6b09-4365-9d71-55289e083fa5: shutdown LeaderElection
2019-10-16 18:02:02,926 [bf55b3f9-6b09-4365-9d71-55289e083fa5@group-EFD1D20A002C-LeaderElection562] INFO  impl.RoleInfo (RoleInfo.java:updateAndGet(143)) - bf55b3f9-6b09-4365-9d71-55289e083fa5: start FollowerState
2019-10-16 18:02:03,120 [Thread-3997] INFO  impl.FollowerState (FollowerState.java:run(108)) - bf55b3f9-6b09-4365-9d71-55289e083fa5@group-EFD1D20A002C-FollowerState: change to CANDIDATE, lastRpcTime:194ms, electionTimeout:194ms
2019-10-16 18:02:03,120 [Thread-3997] INFO  impl.RoleInfo (RoleInfo.java:shutdownFollowerState(121)) - bf55b3f9-6b09-4365-9d71-55289e083fa5: shutdown FollowerState
2019-10-16 18:02:03,120 [Thread-3997] INFO  impl.RaftServerImpl (RaftServerImpl.java:setRole(184)) - bf55b3f9-6b09-4365-9d71-55289e083fa5@group-EFD1D20A002C: changes role from  FOLLOWER to CANDIDATE at term 661 for changeToCandidate
2019-10-16 18:02:03,121 [Thread-3997] INFO  impl.RoleInfo (RoleInfo.java:updateAndGet(143)) - bf55b3f9-6b09-4365-9d71-55289e083fa5: start LeaderElection
2019-10-16 18:02:03,144 [bf55b3f9-6b09-4365-9d71-55289e083fa5@group-EFD1D20A002C-LeaderElection563] INFO  impl.LeaderElection (LeaderElection.java:askForVotes(178)) - bf55b3f9-6b09-4365-9d71-55289e083fa5@group-EFD1D20A002C-LeaderElection563: begin an election at term 662 for -1: [f4c54511-b161-4347-aec5-5236dc80a0d8:0.0.0.0:41238, 907b9765-214b-4864-b66a-d6e2a5789e5c:0.0.0.0:41650, bf55b3f9-6b09-4365-9d71-55289e083fa5:0.0.0.0:42441], old=null
2019-10-16 18:02:03,145 [grpc-default-executor-2] INFO  impl.RaftServerImpl (RaftServerImpl.java:setRole(184)) - f4c54511-b161-4347-aec5-5236dc80a0d8@group-EFD1D20A002C: changes role from  FOLLOWER to FOLLOWER at term 662 for recognizeCandidate:bf55b3f9-6b09-4365-9d71-55289e083fa5
2019-10-16 18:02:03,146 [grpc-default-executor-1] INFO  impl.RaftServerImpl (RaftServerImpl.java:setRole(184)) - 907b9765-214b-4864-b66a-d6e2a5789e5c@group-EFD1D20A002C: changes role from  FOLLOWER to FOLLOWER at term 662 for recognizeCandidate:bf55b3f9-6b09-4365-9d71-55289e083fa5
2019-10-16 18:02:03,146 [grpc-default-executor-1] INFO  impl.RoleInfo (RoleInfo.java:shutdownFollowerState(121)) - 907b9765-214b-4864-b66a-d6e2a5789e5c: shutdown FollowerState
2019-10-16 18:02:03,146 [grpc-default-executor-2] INFO  impl.RoleInfo (RoleInfo.java:shutdownFollowerState(121)) - f4c54511-b161-4347-aec5-5236dc80a0d8: shutdown FollowerState
2019-10-16 18:02:03,146 [grpc-default-executor-1] INFO  impl.RoleInfo (RoleInfo.java:updateAndGet(143)) - 907b9765-214b-4864-b66a-d6e2a5789e5c: start FollowerState
2019-10-16 18:02:03,146 [Thread-3995] INFO  impl.FollowerState (FollowerState.java:run(117)) - 907b9765-214b-4864-b66a-d6e2a5789e5c@group-EFD1D20A002C-FollowerState was interrupted: java.lang.InterruptedException: sleep interrupted
2019-10-16 18:02:03,146 [Thread-3996] INFO  impl.FollowerState (FollowerState.java:run(117)) - f4c54511-b161-4347-aec5-5236dc80a0d8@group-EFD1D20A002C-FollowerState was interrupted: java.lang.InterruptedException: sleep interrupted
2019-10-16 18:02:03,146 [grpc-default-executor-2] INFO  impl.RoleInfo (RoleInfo.java:updateAndGet(143)) - f4c54511-b161-4347-aec5-5236dc80a0d8: start FollowerState
2019-10-16 18:02:03,171 [bf55b3f9-6b09-4365-9d71-55289e083fa5@group-EFD1D20A002C-LeaderElection563] INFO  impl.LeaderElection (LeaderElection.java:logAndReturn(56)) - bf55b3f9-6b09-4365-9d71-55289e083fa5@group-EFD1D20A002C-LeaderElection563: Election REJECTED; received 2 response(s) [bf55b3f9-6b09-4365-9d71-55289e083fa5<-f4c54511-b161-4347-aec5-5236dc80a0d8#0:FAIL-t662, bf55b3f9-6b09-4365-9d71-55289e083fa5<-907b9765-214b-4864-b66a-d6e2a5789e5c#0:FAIL-t662] and 0 exception(s); bf55b3f9-6b09-4365-9d71-55289e083fa5@group-EFD1D20A002C:t662, leader=null, voted=bf55b3f9-6b09-4365-9d71-55289e083fa5, raftlog=bf55b3f9-6b09-4365-9d71-55289e083fa5@group-EFD1D20A002C-SegmentedRaftLog:OPENED:c-1,f-1,i0, conf=-1: [f4c54511-b161-4347-aec5-5236dc80a0d8:0.0.0.0:41238, 907b9765-214b-4864-b66a-d6e2a5789e5c:0.0.0.0:41650, bf55b3f9-6b09-4365-9d71-55289e083fa5:0.0.0.0:42441], old=null
2019-10-16 18:02:03,171 [bf55b3f9-6b09-4365-9d71-55289e083fa5@group-EFD1D20A002C-LeaderElection563] INFO  impl.RaftServerImpl (RaftServerImpl.java:setRole(184)) - bf55b3f9-6b09-4365-9d71-55289e083fa5@group-EFD1D20A002C: changes role from CANDIDATE to FOLLOWER at term 662 for DISCOVERED_A_NEW_TERM
2019-10-16 18:02:03,171 [bf55b3f9-6b09-4365-9d71-55289e083fa5@group-EFD1D20A002C-LeaderElection563] INFO  impl.RoleInfo (RoleInfo.java:shutdownLeaderElection(134)) - bf55b3f9-6b09-4365-9d71-55289e083fa5: shutdown LeaderElection
2019-10-16 18:02:03,171 [bf55b3f9-6b09-4365-9d71-55289e083fa5@group-EFD1D20A002C-LeaderElection563] INFO  impl.RoleInfo (RoleInfo.java:updateAndGet(143)) - bf55b3f9-6b09-4365-9d71-55289e083fa5: start FollowerState
2019-10-16 18:02:03,182 [Thread-4003] INFO  impl.FollowerState (FollowerState.java:run(108)) - bf55b3f9-6b09-4365-9d71-55289e083fa5@group-EFD1D20A002C-FollowerState: change to CANDIDATE, lastRpcTime:10ms, electionTimeout:10ms
2019-10-16 18:02:03,182 [Thread-4003] INFO  impl.RoleInfo (RoleInfo.java:shutdownFollowerState(121)) - bf55b3f9-6b09-4365-9d71-55289e083fa5: shutdown FollowerState
2019-10-16 18:02:03,182 [Thread-4003] INFO  impl.RaftServerImpl (RaftServerImpl.java:setRole(184)) - bf55b3f9-6b09-4365-9d71-55289e083fa5@group-EFD1D20A002C: changes role from  FOLLOWER to CANDIDATE at term 662 for changeToCandidate
2019-10-16 18:02:03,182 [Thread-4003] INFO  impl.RoleInfo (RoleInfo.java:updateAndGet(143)) - bf55b3f9-6b09-4365-9d71-55289e083fa5: start LeaderElection
2019-10-16 18:02:03,237 [bf55b3f9-6b09-4365-9d71-55289e083fa5@group-EFD1D20A002C-LeaderElection564] INFO  impl.LeaderElection (LeaderElection.java:askForVotes(178)) - bf55b3f9-6b09-4365-9d71-55289e083fa5@group-EFD1D20A002C-LeaderElection564: begin an election at term 663 for -1: [f4c54511-b161-4347-aec5-5236dc80a0d8:0.0.0.0:41238, 907b9765-214b-4864-b66a-d6e2a5789e5c:0.0.0.0:41650, bf55b3f9-6b09-4365-9d71-55289e083fa5:0.0.0.0:42441], old=null
2019-10-16 18:02:03,239 [grpc-default-executor-1] INFO  impl.RaftServerImpl (RaftServerImpl.java:setRole(184)) - f4c54511-b161-4347-aec5-5236dc80a0d8@group-EFD1D20A002C: changes role from  FOLLOWER to FOLLOWER at term 663 for recognizeCandidate:bf55b3f9-6b09-4365-9d71-55289e083fa5
2019-10-16 18:02:03,239 [grpc-default-executor-1] INFO  impl.RoleInfo (RoleInfo.java:shutdownFollowerState(121)) - f4c54511-b161-4347-aec5-5236dc80a0d8: shutdown FollowerState
2019-10-16 18:02:03,239 [grpc-default-executor-3] INFO  impl.RaftServerImpl (RaftServerImpl.java:setRole(184)) - 907b9765-214b-4864-b66a-d6e2a5789e5c@group-EFD1D20A002C: changes role from  FOLLOWER to FOLLOWER at term 663 for recognizeCandidate:bf55b3f9-6b09-4365-9d71-55289e083fa5
2019-10-16 18:02:03,239 [grpc-default-executor-3] INFO  impl.RoleInfo (RoleInfo.java:shutdownFollowerState(121)) - 907b9765-214b-4864-b66a-d6e2a5789e5c: shutdown FollowerState
2019-10-16 18:02:03,239 [Thread-4002] INFO  impl.FollowerState (FollowerState.java:run(117)) - f4c54511-b161-4347-aec5-5236dc80a0d8@group-EFD1D20A002C-FollowerState was interrupted: java.lang.InterruptedException: sleep interrupted
2019-10-16 18:02:03,239 [grpc-default-executor-1] INFO  impl.RoleInfo (RoleInfo.java:updateAndGet(143)) - f4c54511-b161-4347-aec5-5236dc80a0d8: start FollowerState
2019-10-16 18:02:03,239 [Thread-4001] INFO  impl.FollowerState (FollowerState.java:run(117)) - 907b9765-214b-4864-b66a-d6e2a5789e5c@group-EFD1D20A002C-FollowerState was interrupted: java.lang.InterruptedException: sleep interrupted
2019-10-16 18:02:03,239 [grpc-default-executor-3] INFO  impl.RoleInfo (RoleInfo.java:updateAndGet(143)) - 907b9765-214b-4864-b66a-d6e2a5789e5c: start FollowerState
2019-10-16 18:02:03,264 [bf55b3f9-6b09-4365-9d71-55289e083fa5@group-EFD1D20A002C-LeaderElection564] INFO  impl.LeaderElection (LeaderElection.java:logAndReturn(56)) - bf55b3f9-6b09-4365-9d71-55289e083fa5@group-EFD1D20A002C-LeaderElection564: Election REJECTED; received 2 response(s) [bf55b3f9-6b09-4365-9d71-55289e083fa5<-f4c54511-b161-4347-aec5-5236dc80a0d8#0:FAIL-t663, bf55b3f9-6b09-4365-9d71-55289e083fa5<-907b9765-214b-4864-b66a-d6e2a5789e5c#0:FAIL-t663] and 0 exception(s); bf55b3f9-6b09-4365-9d71-55289e083fa5@group-EFD1D20A002C:t663, leader=null, voted=bf55b3f9-6b09-4365-9d71-55289e083fa5, raftlog=bf55b3f9-6b09-4365-9d71-55289e083fa5@group-EFD1D20A002C-SegmentedRaftLog:OPENED:c-1,f-1,i0, conf=-1: [f4c54511-b161-4347-aec5-5236dc80a0d8:0.0.0.0:41238, 907b9765-214b-4864-b66a-d6e2a5789e5c:0.0.0.0:41650, bf55b3f9-6b09-4365-9d71-55289e083fa5:0.0.0.0:42441], old=null
2019-10-16 18:02:03,264 [bf55b3f9-6b09-4365-9d71-55289e083fa5@group-EFD1D20A002C-LeaderElection564] INFO  impl.RaftServerImpl (RaftServerImpl.java:setRole(184)) - bf55b3f9-6b09-4365-9d71-55289e083fa5@group-EFD1D20A002C: changes role from CANDIDATE to FOLLOWER at term 663 for DISCOVERED_A_NEW_TERM
2019-10-16 18:02:03,264 [bf55b3f9-6b09-4365-9d71-55289e083fa5@group-EFD1D20A002C-LeaderElection564] INFO  impl.RoleInfo (RoleInfo.java:shutdownLeaderElection(134)) - bf55b3f9-6b09-4365-9d71-55289e083fa5: shutdown LeaderElection
2019-10-16 18:02:03,264 [bf55b3f9-6b09-4365-9d71-55289e083fa5@group-EFD1D20A002C-LeaderElection564] INFO  impl.RoleInfo (RoleInfo.java:updateAndGet(143)) - bf55b3f9-6b09-4365-9d71-55289e083fa5: start FollowerState
2019-10-16 18:02:03,426 [Thread-4009] INFO  impl.FollowerState (FollowerState.java:run(108)) - bf55b3f9-6b09-4365-9d71-55289e083fa5@group-EFD1D20A002C-FollowerState: change to CANDIDATE, lastRpcTime:161ms, electionTimeout:161ms
2019-10-16 18:02:03,426 [Thread-4009] INFO  impl.RoleInfo (RoleInfo.java:shutdownFollowerState(121)) - bf55b3f9-6b09-4365-9d71-55289e083fa5: shutdown FollowerState
2019-10-16 18:02:03,426 [Thread-4009] INFO  impl.RaftServerImpl (RaftServerImpl.java:setRole(184)) - bf55b3f9-6b09-4365-9d71-55289e083fa5@group-EFD1D20A002C: changes role from  FOLLOWER to CANDIDATE at term 663 for changeToCandidate
2019-10-16 18:02:03,426 [Thread-4009] INFO  impl.RoleInfo (RoleInfo.java:updateAndGet(143)) - bf55b3f9-6b09-4365-9d71-55289e083fa5: start LeaderElection
2019-10-16 18:02:03,451 [bf55b3f9-6b09-4365-9d71-55289e083fa5@group-EFD1D20A002C-LeaderElection565] INFO  impl.LeaderElection (LeaderElection.java:askForVotes(178)) - bf55b3f9-6b09-4365-9d71-55289e083fa5@group-EFD1D20A002C-LeaderElection565: begin an election at term 664 for -1: [f4c54511-b161-4347-aec5-5236dc80a0d8:0.0.0.0:41238, 907b9765-214b-4864-b66a-d6e2a5789e5c:0.0.0.0:41650, bf55b3f9-6b09-4365-9d71-55289e083fa5:0.0.0.0:42441], old=null
2019-10-16 18:02:03,453 [grpc-default-executor-3] INFO  impl.RaftServerImpl (RaftServerImpl.java:setRole(184)) - 907b9765-214b-4864-b66a-d6e2a5789e5c@group-EFD1D20A002C: changes role from  FOLLOWER to FOLLOWER at term 664 for recognizeCandidate:bf55b3f9-6b09-4365-9d71-55289e083fa5
2019-10-16 18:02:03,453 [grpc-default-executor-3] INFO  impl.RoleInfo (RoleInfo.java:shutdownFollowerState(121)) - 907b9765-214b-4864-b66a-d6e2a5789e5c: shutdown FollowerState
2019-10-16 18:02:03,453 [grpc-default-executor-1] INFO  impl.RaftServerImpl (RaftServerImpl.java:setRole(184)) - f4c54511-b161-4347-aec5-5236dc80a0d8@group-EFD1D20A002C: changes role from  FOLLOWER to FOLLOWER at term 664 for recognizeCandidate:bf55b3f9-6b09-4365-9d71-55289e083fa5
2019-10-16 18:02:03,453 [grpc-default-executor-1] INFO  impl.RoleInfo (RoleInfo.java:shutdownFollowerState(121)) - f4c54511-b161-4347-aec5-5236dc80a0d8: shutdown FollowerState
2019-10-16 18:02:03,453 [Thread-4008] INFO  impl.FollowerState (FollowerState.java:run(117)) - 907b9765-214b-4864-b66a-d6e2a5789e5c@group-EFD1D20A002C-FollowerState was interrupted: java.lang.InterruptedException: sleep interrupted
2019-10-16 18:02:03,453 [grpc-default-executor-3] INFO  impl.RoleInfo (RoleInfo.java:updateAndGet(143)) - 907b9765-214b-4864-b66a-d6e2a5789e5c: start FollowerState
2019-10-16 18:02:03,454 [Thread-4007] INFO  impl.FollowerState (FollowerState.java:run(117)) - f4c54511-b161-4347-aec5-5236dc80a0d8@group-EFD1D20A002C-FollowerState was interrupted: java.lang.InterruptedException: sleep interrupted
2019-10-16 18:02:03,454 [grpc-default-executor-1] INFO  impl.RoleInfo (RoleInfo.java:updateAndGet(143)) - f4c54511-b161-4347-aec5-5236dc80a0d8: start FollowerState
2019-10-16 18:02:03,477 [bf55b3f9-6b09-4365-9d71-55289e083fa5@group-EFD1D20A002C-LeaderElection565] INFO  impl.LeaderElection (LeaderElection.java:logAndReturn(56)) - bf55b3f9-6b09-4365-9d71-55289e083fa5@group-EFD1D20A002C-LeaderElection565: Election REJECTED; received 2 response(s) [bf55b3f9-6b09-4365-9d71-55289e083fa5<-f4c54511-b161-4347-aec5-5236dc80a0d8#0:FAIL-t664, bf55b3f9-6b09-4365-9d71-55289e083fa5<-907b9765-214b-4864-b66a-d6e2a5789e5c#0:FAIL-t664] and 0 exception(s); bf55b3f9-6b09-4365-9d71-55289e083fa5@group-EFD1D20A002C:t664, leader=null, voted=bf55b3f9-6b09-4365-9d71-55289e083fa5, raftlog=bf55b3f9-6b09-4365-9d71-55289e083fa5@group-EFD1D20A002C-SegmentedRaftLog:OPENED:c-1,f-1,i0, conf=-1: [f4c54511-b161-4347-aec5-5236dc80a0d8:0.0.0.0:41238, 907b9765-214b-4864-b66a-d6e2a5789e5c:0.0.0.0:41650, bf55b3f9-6b09-4365-9d71-55289e083fa5:0.0.0.0:42441], old=null
2019-10-16 18:02:03,477 [bf55b3f9-6b09-4365-9d71-55289e083fa5@group-EFD1D20A002C-LeaderElection565] INFO  impl.RaftServerImpl (RaftServerImpl.java:setRole(184)) - bf55b3f9-6b09-4365-9d71-55289e083fa5@group-EFD1D20A002C: changes role from CANDIDATE to FOLLOWER at term 664 for DISCOVERED_A_NEW_TERM
2019-10-16 18:02:03,477 [bf55b3f9-6b09-4365-9d71-55289e083fa5@group-EFD1D20A002C-LeaderElection565] INFO  impl.RoleInfo (RoleInfo.java:shutdownLeaderElection(134)) - bf55b3f9-6b09-4365-9d71-55289e083fa5: shutdown LeaderElection
2019-10-16 18:02:03,477 [bf55b3f9-6b09-4365-9d71-55289e083fa5@group-EFD1D20A002C-LeaderElection565] INFO  impl.RoleInfo (RoleInfo.java:updateAndGet(143)) - bf55b3f9-6b09-4365-9d71-55289e083fa5: start FollowerState
2019-10-16 18:02:03,495 [Thread-4017] INFO  impl.FollowerState (FollowerState.java:run(108)) - bf55b3f9-6b09-4365-9d71-55289e083fa5@group-EFD1D20A002C-FollowerState: change to CANDIDATE, lastRpcTime:17ms, electionTimeout:17ms
2019-10-16 18:02:03,495 [Thread-4017] INFO  impl.RoleInfo (RoleInfo.java:shutdownFollowerState(121)) - bf55b3f9-6b09-4365-9d71-55289e083fa5: shutdown FollowerState
2019-10-16 18:02:03,495 [Thread-4017] INFO  impl.RaftServerImpl (RaftServerImpl.java:setRole(184)) - bf55b3f9-6b09-4365-9d71-55289e083fa5@group-EFD1D20A002C: changes role from  FOLLOWER to CANDIDATE at term 664 for changeToCandidate
2019-10-16 18:02:03,495 [Thread-4017] INFO  impl.RoleInfo (RoleInfo.java:updateAndGet(143)) - bf55b3f9-6b09-4365-9d71-55289e083fa5: start LeaderElection
2019-10-16 18:02:03,518 [bf55b3f9-6b09-4365-9d71-55289e083fa5@group-EFD1D20A002C-LeaderElection566] INFO  impl.LeaderElection (LeaderElection.java:askForVotes(178)) - bf55b3f9-6b09-4365-9d71-55289e083fa5@group-EFD1D20A002C-LeaderElection566: begin an election at term 665 for -1: [f4c54511-b161-4347-aec5-5236dc80a0d8:0.0.0.0:41238, 907b9765-214b-4864-b66a-d6e2a5789e5c:0.0.0.0:41650, bf55b3f9-6b09-4365-9d71-55289e083fa5:0.0.0.0:42441], old=null
2019-10-16 18:02:03,520 [grpc-default-executor-1] INFO  impl.RaftServerImpl (RaftServerImpl.java:setRole(184)) - 907b9765-214b-4864-b66a-d6e2a5789e5c@group-EFD1D20A002C: changes role from  FOLLOWER to FOLLOWER at term 665 for recognizeCandidate:bf55b3f9-6b09-4365-9d71-55289e083fa5
2019-10-16 18:02:03,520 [grpc-default-executor-1] INFO  impl.RoleInfo (RoleInfo.java:shutdownFollowerState(121)) - 907b9765-214b-4864-b66a-d6e2a5789e5c: shutdown FollowerState
2019-10-16 18:02:03,520 [grpc-default-executor-3] INFO  impl.RaftServerImpl (RaftServerImpl.java:setRole(184)) - f4c54511-b161-4347-aec5-5236dc80a0d8@group-EFD1D20A002C: changes role from  FOLLOWER to FOLLOWER at term 665 for recognizeCandidate:bf55b3f9-6b09-4365-9d71-55289e083fa5
2019-10-16 18:02:03,520 [grpc-default-executor-3] INFO  impl.RoleInfo (RoleInfo.java:shutdownFollowerState(121)) - f4c54511-b161-4347-aec5-5236dc80a0d8: shutdown FollowerState
2019-10-16 18:02:03,520 [grpc-default-executor-3] INFO  impl.RoleInfo (RoleInfo.java:updateAndGet(143)) - f4c54511-b161-4347-aec5-5236dc80a0d8: start FollowerState
2019-10-16 18:02:03,520 [Thread-4015] INFO  impl.FollowerState (FollowerState.java:run(117)) - 907b9765-214b-4864-b66a-d6e2a5789e5c@group-EFD1D20A002C-FollowerState was interrupted: java.lang.InterruptedException: sleep interrupted
2019-10-16 18:02:03,520 [grpc-default-executor-1] INFO  impl.RoleInfo (RoleInfo.java:updateAndGet(143)) - 907b9765-214b-4864-b66a-d6e2a5789e5c: start FollowerState
2019-10-16 18:02:03,520 [Thread-4016] INFO  impl.FollowerState (FollowerState.java:run(117)) - f4c54511-b161-4347-aec5-5236dc80a0d8@group-EFD1D20A002C-FollowerState was interrupted: java.lang.InterruptedException: sleep interrupted
2019-10-16 18:02:03,545 [bf55b3f9-6b09-4365-9d71-55289e083fa5@group-EFD1D20A002C-LeaderElection566] INFO  impl.LeaderElection (LeaderElection.java:logAndReturn(56)) - bf55b3f9-6b09-4365-9d71-55289e083fa5@group-EFD1D20A002C-LeaderElection566: Election REJECTED; received 2 response(s) [bf55b3f9-6b09-4365-9d71-55289e083fa5<-f4c54511-b161-4347-aec5-5236dc80a0d8#0:FAIL-t665, bf55b3f9-6b09-4365-9d71-55289e083fa5<-907b9765-214b-4864-b66a-d6e2a5789e5c#0:FAIL-t665] and 0 exception(s); bf55b3f9-6b09-4365-9d71-55289e083fa5@group-EFD1D20A002C:t665, leader=null, voted=bf55b3f9-6b09-4365-9d71-55289e083fa5, raftlog=bf55b3f9-6b09-4365-9d71-55289e083fa5@group-EFD1D20A002C-SegmentedRaftLog:OPENED:c-1,f-1,i0, conf=-1: [f4c54511-b161-4347-aec5-5236dc80a0d8:0.0.0.0:41238, 907b9765-214b-4864-b66a-d6e2a5789e5c:0.0.0.0:41650, bf55b3f9-6b09-4365-9d71-55289e083fa5:0.0.0.0:42441], old=null
2019-10-16 18:02:03,546 [bf55b3f9-6b09-4365-9d71-55289e083fa5@group-EFD1D20A002C-LeaderElection566] INFO  impl.RaftServerImpl (RaftServerImpl.java:setRole(184)) - bf55b3f9-6b09-4365-9d71-55289e083fa5@group-EFD1D20A002C: changes role from CANDIDATE to FOLLOWER at term 665 for DISCOVERED_A_NEW_TERM
2019-10-16 18:02:03,546 [bf55b3f9-6b09-4365-9d71-55289e083fa5@group-EFD1D20A002C-LeaderElection566] INFO  impl.RoleInfo (RoleInfo.java:shutdownLeaderElection(134)) - bf55b3f9-6b09-4365-9d71-55289e083fa5: shutdown LeaderElection
2019-10-16 18:02:03,546 [bf55b3f9-6b09-4365-9d71-55289e083fa5@group-EFD1D20A002C-LeaderElection566] INFO  impl.RoleInfo (RoleInfo.java:updateAndGet(143)) - bf55b3f9-6b09-4365-9d71-55289e083fa5: start FollowerState
2019-10-16 18:02:03,634 [Thread-4023] INFO  impl.FollowerState (FollowerState.java:run(108)) - bf55b3f9-6b09-4365-9d71-55289e083fa5@group-EFD1D20A002C-FollowerState: change to CANDIDATE, lastRpcTime:88ms, electionTimeout:88ms
2019-10-16 18:02:03,634 [Thread-4023] INFO  impl.RoleInfo (RoleInfo.java:shutdownFollowerState(121)) - bf55b3f9-6b09-4365-9d71-55289e083fa5: shutdown FollowerState
2019-10-16 18:02:03,635 [Thread-4023] INFO  impl.RaftServerImpl (RaftServerImpl.java:setRole(184)) - bf55b3f9-6b09-4365-9d71-55289e083fa5@group-EFD1D20A002C: changes role from  FOLLOWER to CANDIDATE at term 665 for changeToCandidate
2019-10-16 18:02:03,635 [Thread-4023] INFO  impl.RoleInfo (RoleInfo.java:updateAndGet(143)) - bf55b3f9-6b09-4365-9d71-55289e083fa5: start LeaderElection
2019-10-16 18:02:03,660 [bf55b3f9-6b09-4365-9d71-55289e083fa5@group-EFD1D20A002C-LeaderElection567] INFO  impl.LeaderElection (LeaderElection.java:askForVotes(178)) - bf55b3f9-6b09-4365-9d71-55289e083fa5@group-EFD1D20A002C-LeaderElection567: begin an election at term 666 for -1: [f4c54511-b161-4347-aec5-5236dc80a0d8:0.0.0.0:41238, 907b9765-214b-4864-b66a-d6e2a5789e5c:0.0.0.0:41650, bf55b3f9-6b09-4365-9d71-55289e083fa5:0.0.0.0:42441], old=null
2019-10-16 18:02:03,661 [grpc-default-executor-1] INFO  impl.RaftServerImpl (RaftServerImpl.java:setRole(184)) - f4c54511-b161-4347-aec5-5236dc80a0d8@group-EFD1D20A002C: changes role from  FOLLOWER to FOLLOWER at term 666 for recognizeCandidate:bf55b3f9-6b09-4365-9d71-55289e083fa5
2019-10-16 18:02:03,661 [grpc-default-executor-3] INFO  impl.RaftServerImpl (RaftServerImpl.java:setRole(184)) - 907b9765-214b-4864-b66a-d6e2a5789e5c@group-EFD1D20A002C: changes role from  FOLLOWER to FOLLOWER at term 666 for recognizeCandidate:bf55b3f9-6b09-4365-9d71-55289e083fa5
2019-10-16 18:02:03,662 [grpc-default-executor-3] INFO  impl.RoleInfo (RoleInfo.java:shutdownFollowerState(121)) - 907b9765-214b-4864-b66a-d6e2a5789e5c: shutdown FollowerState
2019-10-16 18:02:03,661 [grpc-default-executor-1] INFO  impl.RoleInfo (RoleInfo.java:shutdownFollowerState(121)) - f4c54511-b161-4347-aec5-5236dc80a0d8: shutdown FollowerState
2019-10-16 18:02:03,662 [Thread-4021] INFO  impl.FollowerState (FollowerState.java:run(117)) - 907b9765-214b-4864-b66a-d6e2a5789e5c@group-EFD1D20A002C-FollowerState was interrupted: java.lang.InterruptedException: sleep interrupted
2019-10-16 18:02:03,662 [Thread-4022] INFO  impl.FollowerState (FollowerState.java:run(117)) - f4c54511-b161-4347-aec5-5236dc80a0d8@group-EFD1D20A002C-FollowerState was interrupted: java.lang.InterruptedException: sleep interrupted
2019-10-16 18:02:03,662 [grpc-default-executor-3] INFO  impl.RoleInfo (RoleInfo.java:updateAndGet(143)) - 907b9765-214b-4864-b66a-d6e2a5789e5c: start FollowerState
2019-10-16 18:02:03,662 [grpc-default-executor-1] INFO  impl.RoleInfo (RoleInfo.java:updateAndGet(143)) - f4c54511-b161-4347-aec5-5236dc80a0d8: start FollowerState
2019-10-16 18:02:03,715 [bf55b3f9-6b09-4365-9d71-55289e083fa5@group-EFD1D20A002C-LeaderElection567] INFO  impl.LeaderElection (LeaderElection.java:logAndReturn(56)) - bf55b3f9-6b09-4365-9d71-55289e083fa5@group-EFD1D20A002C-LeaderElection567: Election REJECTED; received 2 response(s) [bf55b3f9-6b09-4365-9d71-55289e083fa5<-f4c54511-b161-4347-aec5-5236dc80a0d8#0:FAIL-t666, bf55b3f9-6b09-4365-9d71-55289e083fa5<-907b9765-214b-4864-b66a-d6e2a5789e5c#0:FAIL-t666] and 0 exception(s); bf55b3f9-6b09-4365-9d71-55289e083fa5@group-EFD1D20A002C:t666, leader=null, voted=bf55b3f9-6b09-4365-9d71-55289e083fa5, raftlog=bf55b3f9-6b09-4365-9d71-55289e083fa5@group-EFD1D20A002C-SegmentedRaftLog:OPENED:c-1,f-1,i0, conf=-1: [f4c54511-b161-4347-aec5-5236dc80a0d8:0.0.0.0:41238, 907b9765-214b-4864-b66a-d6e2a5789e5c:0.0.0.0:41650, bf55b3f9-6b09-4365-9d71-55289e083fa5:0.0.0.0:42441], old=null
2019-10-16 18:02:03,715 [bf55b3f9-6b09-4365-9d71-55289e083fa5@group-EFD1D20A002C-LeaderElection567] INFO  impl.RaftServerImpl (RaftServerImpl.java:setRole(184)) - bf55b3f9-6b09-4365-9d71-55289e083fa5@group-EFD1D20A002C: changes role from CANDIDATE to FOLLOWER at term 666 for DISCOVERED_A_NEW_TERM
2019-10-16 18:02:03,715 [bf55b3f9-6b09-4365-9d71-55289e083fa5@group-EFD1D20A002C-LeaderElection567] INFO  impl.RoleInfo (RoleInfo.java:shutdownLeaderElection(134)) - bf55b3f9-6b09-4365-9d71-55289e083fa5: shutdown LeaderElection
2019-10-16 18:02:03,715 [bf55b3f9-6b09-4365-9d71-55289e083fa5@group-EFD1D20A002C-LeaderElection567] INFO  impl.RoleInfo (RoleInfo.java:updateAndGet(143)) - bf55b3f9-6b09-4365-9d71-55289e083fa5: start FollowerState
2019-10-16 18:02:03,760 [Thread-4029] INFO  impl.FollowerState (FollowerState.java:run(108)) - bf55b3f9-6b09-4365-9d71-55289e083fa5@group-EFD1D20A002C-FollowerState: change to CANDIDATE, lastRpcTime:45ms, electionTimeout:45ms
2019-10-16 18:02:03,761 [Thread-4029] INFO  impl.RoleInfo (RoleInfo.java:shutdownFollowerState(121)) - bf55b3f9-6b09-4365-9d71-55289e083fa5: shutdown FollowerState
2019-10-16 18:02:03,761 [Thread-4029] INFO  impl.RaftServerImpl (RaftServerImpl.java:setRole(184)) - bf55b3f9-6b09-4365-9d71-55289e083fa5@group-EFD1D20A002C: changes role from  FOLLOWER to CANDIDATE at term 666 for changeToCandidate
2019-10-16 18:02:03,761 [Thread-4029] INFO  impl.RoleInfo (RoleInfo.java:updateAndGet(143)) - bf55b3f9-6b09-4365-9d71-55289e083fa5: start LeaderElection
2019-10-16 18:02:03,790 [bf55b3f9-6b09-4365-9d71-55289e083fa5@group-EFD1D20A002C-LeaderElection568] INFO  impl.LeaderElection (LeaderElection.java:askForVotes(178)) - bf55b3f9-6b09-4365-9d71-55289e083fa5@group-EFD1D20A002C-LeaderElection568: begin an election at term 667 for -1: [f4c54511-b161-4347-aec5-5236dc80a0d8:0.0.0.0:41238, 907b9765-214b-4864-b66a-d6e2a5789e5c:0.0.0.0:41650, bf55b3f9-6b09-4365-9d71-55289e083fa5:0.0.0.0:42441], old=null
2019-10-16 18:02:03,792 [grpc-default-executor-3] INFO  impl.RaftServerImpl (RaftServerImpl.java:setRole(184)) - 907b9765-214b-4864-b66a-d6e2a5789e5c@group-EFD1D20A002C: changes role from  FOLLOWER to FOLLOWER at term 667 for recognizeCandidate:bf55b3f9-6b09-4365-9d71-55289e083fa5
2019-10-16 18:02:03,792 [grpc-default-executor-1] INFO  impl.RaftServerImpl (RaftServerImpl.java:setRole(184)) - f4c54511-b161-4347-aec5-5236dc80a0d8@group-EFD1D20A002C: changes role from  FOLLOWER to FOLLOWER at term 667 for recognizeCandidate:bf55b3f9-6b09-4365-9d71-55289e083fa5
2019-10-16 18:02:03,792 [grpc-default-executor-1] INFO  impl.RoleInfo (RoleInfo.java:shutdownFollowerState(121)) - f4c54511-b161-4347-aec5-5236dc80a0d8: shutdown FollowerState
2019-10-16 18:02:03,792 [grpc-default-executor-3] INFO  impl.RoleInfo (RoleInfo.java:shutdownFollowerState(121)) - 907b9765-214b-4864-b66a-d6e2a5789e5c: shutdown FollowerState
2019-10-16 18:02:03,792 [Thread-4028] INFO  impl.FollowerState (FollowerState.java:run(117)) - f4c54511-b161-4347-aec5-5236dc80a0d8@group-EFD1D20A002C-FollowerState was interrupted: java.lang.InterruptedException: sleep interrupted
2019-10-16 18:02:03,793 [Thread-4027] INFO  impl.FollowerState (FollowerState.java:run(117)) - 907b9765-214b-4864-b66a-d6e2a5789e5c@group-EFD1D20A002C-FollowerState was interrupted: java.lang.InterruptedException: sleep interrupted
2019-10-16 18:02:03,792 [grpc-default-executor-1] INFO  impl.RoleInfo (RoleInfo.java:updateAndGet(143)) - f4c54511-b161-4347-aec5-5236dc80a0d8: start FollowerState
2019-10-16 18:02:03,793 [grpc-default-executor-3] INFO  impl.RoleInfo (RoleInfo.java:updateAndGet(143)) - 907b9765-214b-4864-b66a-d6e2a5789e5c: start FollowerState
2019-10-16 18:02:03,817 [bf55b3f9-6b09-4365-9d71-55289e083fa5@group-EFD1D20A002C-LeaderElection568] INFO  impl.LeaderElection (LeaderElection.java:logAndReturn(56)) - bf55b3f9-6b09-4365-9d71-55289e083fa5@group-EFD1D20A002C-LeaderElection568: Election REJECTED; received 2 response(s) [bf55b3f9-6b09-4365-9d71-55289e083fa5<-f4c54511-b161-4347-aec5-5236dc80a0d8#0:FAIL-t667, bf55b3f9-6b09-4365-9d71-55289e083fa5<-907b9765-214b-4864-b66a-d6e2a5789e5c#0:FAIL-t667] and 0 exception(s); bf55b3f9-6b09-4365-9d71-55289e083fa5@group-EFD1D20A002C:t667, leader=null, voted=bf55b3f9-6b09-4365-9d71-55289e083fa5, raftlog=bf55b3f9-6b09-4365-9d71-55289e083fa5@group-EFD1D20A002C-SegmentedRaftLog:OPENED:c-1,f-1,i0, conf=-1: [f4c54511-b161-4347-aec5-5236dc80a0d8:0.0.0.0:41238, 907b9765-214b-4864-b66a-d6e2a5789e5c:0.0.0.0:41650, bf55b3f9-6b09-4365-9d71-55289e083fa5:0.0.0.0:42441], old=null
2019-10-16 18:02:03,818 [bf55b3f9-6b09-4365-9d71-55289e083fa5@group-EFD1D20A002C-LeaderElection568] INFO  impl.RaftServerImpl (RaftServerImpl.java:setRole(184)) - bf55b3f9-6b09-4365-9d71-55289e083fa5@group-EFD1D20A002C: changes role from CANDIDATE to FOLLOWER at term 667 for DISCOVERED_A_NEW_TERM
2019-10-16 18:02:03,818 [bf55b3f9-6b09-4365-9d71-55289e083fa5@group-EFD1D20A002C-LeaderElection568] INFO  impl.RoleInfo (RoleInfo.java:shutdownLeaderElection(134)) - bf55b3f9-6b09-4365-9d71-55289e083fa5: shutdown LeaderElection
2019-10-16 18:02:03,818 [bf55b3f9-6b09-4365-9d71-55289e083fa5@group-EFD1D20A002C-LeaderElection568] INFO  impl.RoleInfo (RoleInfo.java:updateAndGet(143)) - bf55b3f9-6b09-4365-9d71-55289e083fa5: start FollowerState
2019-10-16 18:02:03,905 [Thread-4035] INFO  impl.FollowerState (FollowerState.java:run(108)) - bf55b3f9-6b09-4365-9d71-55289e083fa5@group-EFD1D20A002C-FollowerState: change to CANDIDATE, lastRpcTime:87ms, electionTimeout:87ms
2019-10-16 18:02:03,906 [Thread-4035] INFO  impl.RoleInfo (RoleInfo.java:shutdownFollowerState(121)) - bf55b3f9-6b09-4365-9d71-55289e083fa5: shutdown FollowerState
2019-10-16 18:02:03,906 [Thread-4035] INFO  impl.RaftServerImpl (RaftServerImpl.java:setRole(184)) - bf55b3f9-6b09-4365-9d71-55289e083fa5@group-EFD1D20A002C: changes role from  FOLLOWER to CANDIDATE at term 667 for changeToCandidate
2019-10-16 18:02:03,906 [Thread-4035] INFO  impl.RoleInfo (RoleInfo.java:updateAndGet(143)) - bf55b3f9-6b09-4365-9d71-55289e083fa5: start LeaderElection
2019-10-16 18:02:03,926 [bf55b3f9-6b09-4365-9d71-55289e083fa5@group-EFD1D20A002C-LeaderElection569] INFO  impl.LeaderElection (LeaderElection.java:askForVotes(178)) - bf55b3f9-6b09-4365-9d71-55289e083fa5@group-EFD1D20A002C-LeaderElection569: begin an election at term 668 for -1: [f4c54511-b161-4347-aec5-5236dc80a0d8:0.0.0.0:41238, 907b9765-214b-4864-b66a-d6e2a5789e5c:0.0.0.0:41650, bf55b3f9-6b09-4365-9d71-55289e083fa5:0.0.0.0:42441], old=null
2019-10-16 18:02:03,928 [grpc-default-executor-1] INFO  impl.RaftServerImpl (RaftServerImpl.java:setRole(184)) - 907b9765-214b-4864-b66a-d6e2a5789e5c@group-EFD1D20A002C: changes role from  FOLLOWER to FOLLOWER at term 668 for recognizeCandidate:bf55b3f9-6b09-4365-9d71-55289e083fa5
2019-10-16 18:02:03,928 [grpc-default-executor-3] INFO  impl.RaftServerImpl (RaftServerImpl.java:setRole(184)) - f4c54511-b161-4347-aec5-5236dc80a0d8@group-EFD1D20A002C: changes role from  FOLLOWER to FOLLOWER at term 668 for recognizeCandidate:bf55b3f9-6b09-4365-9d71-55289e083fa5
2019-10-16 18:02:03,928 [grpc-default-executor-1] INFO  impl.RoleInfo (RoleInfo.java:shutdownFollowerState(121)) - 907b9765-214b-4864-b66a-d6e2a5789e5c: shutdown FollowerState
2019-10-16 18:02:03,928 [grpc-default-executor-3] INFO  impl.RoleInfo (RoleInfo.java:shutdownFollowerState(121)) - f4c54511-b161-4347-aec5-5236dc80a0d8: shutdown FollowerState
2019-10-16 18:02:03,928 [Thread-4034] INFO  impl.FollowerState (FollowerState.java:run(117)) - 907b9765-214b-4864-b66a-d6e2a5789e5c@group-EFD1D20A002C-FollowerState was interrupted: java.lang.InterruptedException: sleep interrupted
2019-10-16 18:02:03,928 [grpc-default-executor-1] INFO  impl.RoleInfo (RoleInfo.java:updateAndGet(143)) - 907b9765-214b-4864-b66a-d6e2a5789e5c: start FollowerState
2019-10-16 18:02:03,928 [Thread-4033] INFO  impl.FollowerState (FollowerState.java:run(117)) - f4c54511-b161-4347-aec5-5236dc80a0d8@group-EFD1D20A002C-FollowerState was interrupted: java.lang.InterruptedException: sleep interrupted
2019-10-16 18:02:03,928 [grpc-default-executor-3] INFO  impl.RoleInfo (RoleInfo.java:updateAndGet(143)) - f4c54511-b161-4347-aec5-5236dc80a0d8: start FollowerState
2019-10-16 18:02:03,951 [bf55b3f9-6b09-4365-9d71-55289e083fa5@group-EFD1D20A002C-LeaderElection569] INFO  impl.LeaderElection (LeaderElection.java:logAndReturn(56)) - bf55b3f9-6b09-4365-9d71-55289e083fa5@group-EFD1D20A002C-LeaderElection569: Election REJECTED; received 2 response(s) [bf55b3f9-6b09-4365-9d71-55289e083fa5<-f4c54511-b161-4347-aec5-5236dc80a0d8#0:FAIL-t668, bf55b3f9-6b09-4365-9d71-55289e083fa5<-907b9765-214b-4864-b66a-d6e2a5789e5c#0:FAIL-t668] and 0 exception(s); bf55b3f9-6b09-4365-9d71-55289e083fa5@group-EFD1D20A002C:t668, leader=null, voted=bf55b3f9-6b09-4365-9d71-55289e083fa5, raftlog=bf55b3f9-6b09-4365-9d71-55289e083fa5@group-EFD1D20A002C-SegmentedRaftLog:OPENED:c-1,f-1,i0, conf=-1: [f4c54511-b161-4347-aec5-5236dc80a0d8:0.0.0.0:41238, 907b9765-214b-4864-b66a-d6e2a5789e5c:0.0.0.0:41650, bf55b3f9-6b09-4365-9d71-55289e083fa5:0.0.0.0:42441], old=null
2019-10-16 18:02:03,952 [bf55b3f9-6b09-4365-9d71-55289e083fa5@group-EFD1D20A002C-LeaderElection569] INFO  impl.RaftServerImpl (RaftServerImpl.java:setRole(184)) - bf55b3f9-6b09-4365-9d71-55289e083fa5@group-EFD1D20A002C: changes role from CANDIDATE to FOLLOWER at term 668 for DISCOVERED_A_NEW_TERM
2019-10-16 18:02:03,952 [bf55b3f9-6b09-4365-9d71-55289e083fa5@group-EFD1D20A002C-LeaderElection569] INFO  impl.RoleInfo (RoleInfo.java:shutdownLeaderElection(134)) - bf55b3f9-6b09-4365-9d71-55289e083fa5: shutdown LeaderElection
2019-10-16 18:02:03,952 [bf55b3f9-6b09-4365-9d71-55289e083fa5@group-EFD1D20A002C-LeaderElection569] INFO  impl.RoleInfo (RoleInfo.java:updateAndGet(143)) - bf55b3f9-6b09-4365-9d71-55289e083fa5: start FollowerState
2019-10-16 18:02:03,956 [Thread-4041] INFO  impl.FollowerState (FollowerState.java:run(108)) - bf55b3f9-6b09-4365-9d71-55289e083fa5@group-EFD1D20A002C-FollowerState: change to CANDIDATE, lastRpcTime:4ms, electionTimeout:4ms
2019-10-16 18:02:03,956 [Thread-4041] INFO  impl.RoleInfo (RoleInfo.java:shutdownFollowerState(121)) - bf55b3f9-6b09-4365-9d71-55289e083fa5: shutdown FollowerState
2019-10-16 18:02:03,957 [Thread-4041] INFO  impl.RaftServerImpl (RaftServerImpl.java:setRole(184)) - bf55b3f9-6b09-4365-9d71-55289e083fa5@group-EFD1D20A002C: changes role from  FOLLOWER to CANDIDATE at term 668 for changeToCandidate
2019-10-16 18:02:03,957 [Thread-4041] INFO  impl.RoleInfo (RoleInfo.java:updateAndGet(143)) - bf55b3f9-6b09-4365-9d71-55289e083fa5: start LeaderElection
2019-10-16 18:02:03,976 [bf55b3f9-6b09-4365-9d71-55289e083fa5@group-EFD1D20A002C-LeaderElection570] INFO  impl.LeaderElection (LeaderElection.java:askForVotes(178)) - bf55b3f9-6b09-4365-9d71-55289e083fa5@group-EFD1D20A002C-LeaderElection570: begin an election at term 669 for -1: [f4c54511-b161-4347-aec5-5236dc80a0d8:0.0.0.0:41238, 907b9765-214b-4864-b66a-d6e2a5789e5c:0.0.0.0:41650, bf55b3f9-6b09-4365-9d71-55289e083fa5:0.0.0.0:42441], old=null
2019-10-16 18:02:03,978 [grpc-default-executor-1] INFO  impl.RaftServerImpl (RaftServerImpl.java:setRole(184)) - f4c54511-b161-4347-aec5-5236dc80a0d8@group-EFD1D20A002C: changes role from  FOLLOWER to FOLLOWER at term 669 for recognizeCandidate:bf55b3f9-6b09-4365-9d71-55289e083fa5
2019-10-16 18:02:03,978 [grpc-default-executor-3] INFO  impl.RaftServerImpl (RaftServerImpl.java:setRole(184)) - 907b9765-214b-4864-b66a-d6e2a5789e5c@group-EFD1D20A002C: changes role from  FOLLOWER to FOLLOWER at term 669 for recognizeCandidate:bf55b3f9-6b09-4365-9d71-55289e083fa5
2019-10-16 18:02:03,979 [grpc-default-executor-3] INFO  impl.RoleInfo (RoleInfo.java:shutdownFollowerState(121)) - 907b9765-214b-4864-b66a-d6e2a5789e5c: shutdown FollowerState
2019-10-16 18:02:03,979 [grpc-default-executor-1] INFO  impl.RoleInfo (RoleInfo.java:shutdownFollowerState(121)) - f4c54511-b161-4347-aec5-5236dc80a0d8: shutdown FollowerState
2019-10-16 18:02:03,979 [Thread-4039] INFO  impl.FollowerState (FollowerState.java:run(117)) - 907b9765-214b-4864-b66a-d6e2a5789e5c@group-EFD1D20A002C-FollowerState was interrupted: java.lang.InterruptedException: sleep interrupted
2019-10-16 18:02:03,979 [grpc-default-executor-3] INFO  impl.RoleInfo (RoleInfo.java:updateAndGet(143)) - 907b9765-214b-4864-b66a-d6e2a5789e5c: start FollowerState
2019-10-16 18:02:03,979 [grpc-default-executor-1] INFO  impl.RoleInfo (RoleInfo.java:updateAndGet(143)) - f4c54511-b161-4347-aec5-5236dc80a0d8: start FollowerState
2019-10-16 18:02:03,979 [Thread-4040] INFO  impl.FollowerState (FollowerState.java:run(117)) - f4c54511-b161-4347-aec5-5236dc80a0d8@group-EFD1D20A002C-FollowerState was interrupted: java.lang.InterruptedException: sleep interrupted
2019-10-16 18:02:04,003 [bf55b3f9-6b09-4365-9d71-55289e083fa5@group-EFD1D20A002C-LeaderElection570] INFO  impl.LeaderElection (LeaderElection.java:logAndReturn(56)) - bf55b3f9-6b09-4365-9d71-55289e083fa5@group-EFD1D20A002C-LeaderElection570: Election REJECTED; received 2 response(s) [bf55b3f9-6b09-4365-9d71-55289e083fa5<-f4c54511-b161-4347-aec5-5236dc80a0d8#0:FAIL-t669, bf55b3f9-6b09-4365-9d71-55289e083fa5<-907b9765-214b-4864-b66a-d6e2a5789e5c#0:FAIL-t669] and 0 exception(s); bf55b3f9-6b09-4365-9d71-55289e083fa5@group-EFD1D20A002C:t669, leader=null, voted=bf55b3f9-6b09-4365-9d71-55289e083fa5, raftlog=bf55b3f9-6b09-4365-9d71-55289e083fa5@group-EFD1D20A002C-SegmentedRaftLog:OPENED:c-1,f-1,i0, conf=-1: [f4c54511-b161-4347-aec5-5236dc80a0d8:0.0.0.0:41238, 907b9765-214b-4864-b66a-d6e2a5789e5c:0.0.0.0:41650, bf55b3f9-6b09-4365-9d71-55289e083fa5:0.0.0.0:42441], old=null
2019-10-16 18:02:04,004 [bf55b3f9-6b09-4365-9d71-55289e083fa5@group-EFD1D20A002C-LeaderElection570] INFO  impl.RaftServerImpl (RaftServerImpl.java:setRole(184)) - bf55b3f9-6b09-4365-9d71-55289e083fa5@group-EFD1D20A002C: changes role from CANDIDATE to FOLLOWER at term 669 for DISCOVERED_A_NEW_TERM
2019-10-16 18:02:04,004 [bf55b3f9-6b09-4365-9d71-55289e083fa5@group-EFD1D20A002C-LeaderElection570] INFO  impl.RoleInfo (RoleInfo.java:shutdownLeaderElection(134)) - bf55b3f9-6b09-4365-9d71-55289e083fa5: shutdown LeaderElection
2019-10-16 18:02:04,004 [bf55b3f9-6b09-4365-9d71-55289e083fa5@group-EFD1D20A002C-LeaderElection570] INFO  impl.RoleInfo (RoleInfo.java:updateAndGet(143)) - bf55b3f9-6b09-4365-9d71-55289e083fa5: start FollowerState
2019-10-16 18:02:04,187 [Thread-4047] INFO  impl.FollowerState (FollowerState.java:run(108)) - bf55b3f9-6b09-4365-9d71-55289e083fa5@group-EFD1D20A002C-FollowerState: change to CANDIDATE, lastRpcTime:183ms, electionTimeout:183ms
2019-10-16 18:02:04,188 [Thread-4047] INFO  impl.RoleInfo (RoleInfo.java:shutdownFollowerState(121)) - bf55b3f9-6b09-4365-9d71-55289e083fa5: shutdown FollowerState
2019-10-16 18:02:04,189 [Thread-4047] INFO  impl.RaftServerImpl (RaftServerImpl.java:setRole(184)) - bf55b3f9-6b09-4365-9d71-55289e083fa5@group-EFD1D20A002C: changes role from  FOLLOWER to CANDIDATE at term 669 for changeToCandidate
2019-10-16 18:02:04,189 [Thread-4047] INFO  impl.RoleInfo (RoleInfo.java:updateAndGet(143)) - bf55b3f9-6b09-4365-9d71-55289e083fa5: start LeaderElection
2019-10-16 18:02:04,212 [bf55b3f9-6b09-4365-9d71-55289e083fa5@group-EFD1D20A002C-LeaderElection571] INFO  impl.LeaderElection (LeaderElection.java:askForVotes(178)) - bf55b3f9-6b09-4365-9d71-55289e083fa5@group-EFD1D20A002C-LeaderElection571: begin an election at term 670 for -1: [f4c54511-b161-4347-aec5-5236dc80a0d8:0.0.0.0:41238, 907b9765-214b-4864-b66a-d6e2a5789e5c:0.0.0.0:41650, bf55b3f9-6b09-4365-9d71-55289e083fa5:0.0.0.0:42441], old=null
2019-10-16 18:02:04,216 [grpc-default-executor-3] INFO  impl.RaftServerImpl (RaftServerImpl.java:setRole(184)) - f4c54511-b161-4347-aec5-5236dc80a0d8@group-EFD1D20A002C: changes role from  FOLLOWER to FOLLOWER at term 670 for recognizeCandidate:bf55b3f9-6b09-4365-9d71-55289e083fa5
2019-10-16 18:02:04,216 [grpc-default-executor-1] INFO  impl.RaftServerImpl (RaftServerImpl.java:setRole(184)) - 907b9765-214b-4864-b66a-d6e2a5789e5c@group-EFD1D20A002C: changes role from  FOLLOWER to FOLLOWER at term 670 for recognizeCandidate:bf55b3f9-6b09-4365-9d71-55289e083fa5
2019-10-16 18:02:04,216 [grpc-default-executor-3] INFO  impl.RoleInfo (RoleInfo.java:shutdownFollowerState(121)) - f4c54511-b161-4347-aec5-5236dc80a0d8: shutdown FollowerState
2019-10-16 18:02:04,216 [grpc-default-executor-1] INFO  impl.RoleInfo (RoleInfo.java:shutdownFollowerState(121)) - 907b9765-214b-4864-b66a-d6e2a5789e5c: shutdown FollowerState
2019-10-16 18:02:04,216 [grpc-default-executor-3] INFO  impl.RoleInfo (RoleInfo.java:updateAndGet(143)) - f4c54511-b161-4347-aec5-5236dc80a0d8: start FollowerState
2019-10-16 18:02:04,217 [Thread-4045] INFO  impl.FollowerState (FollowerState.java:run(117)) - 907b9765-214b-4864-b66a-d6e2a5789e5c@group-EFD1D20A002C-FollowerState was interrupted: java.lang.InterruptedException: sleep interrupted
2019-10-16 18:02:04,217 [grpc-default-executor-1] INFO  impl.RoleInfo (RoleInfo.java:updateAndGet(143)) - 907b9765-214b-4864-b66a-d6e2a5789e5c: start FollowerState
2019-10-16 18:02:04,217 [Thread-4046] INFO  impl.FollowerState (FollowerState.java:run(117)) - f4c54511-b161-4347-aec5-5236dc80a0d8@group-EFD1D20A002C-FollowerState was interrupted: java.lang.InterruptedException: sleep interrupted
2019-10-16 18:02:04,230 [bf55b3f9-6b09-4365-9d71-55289e083fa5@group-EFD1D20A002C-LeaderElection571] INFO  impl.LeaderElection (LeaderElection.java:logAndReturn(56)) - bf55b3f9-6b09-4365-9d71-55289e083fa5@group-EFD1D20A002C-LeaderElection571: Election TIMEOUT; received 0 response(s) [] and 0 exception(s); bf55b3f9-6b09-4365-9d71-55289e083fa5@group-EFD1D20A002C:t670, leader=null, voted=bf55b3f9-6b09-4365-9d71-55289e083fa5, raftlog=bf55b3f9-6b09-4365-9d71-55289e083fa5@group-EFD1D20A002C-SegmentedRaftLog:OPENED:c-1,f-1,i0, conf=-1: [f4c54511-b161-4347-aec5-5236dc80a0d8:0.0.0.0:41238, 907b9765-214b-4864-b66a-d6e2a5789e5c:0.0.0.0:41650, bf55b3f9-6b09-4365-9d71-55289e083fa5:0.0.0.0:42441], old=null
2019-10-16 18:02:04,263 [bf55b3f9-6b09-4365-9d71-55289e083fa5@group-EFD1D20A002C-LeaderElection571] INFO  impl.LeaderElection (LeaderElection.java:askForVotes(178)) - bf55b3f9-6b09-4365-9d71-55289e083fa5@group-EFD1D20A002C-LeaderElection571: begin an election at term 671 for -1: [f4c54511-b161-4347-aec5-5236dc80a0d8:0.0.0.0:41238, 907b9765-214b-4864-b66a-d6e2a5789e5c:0.0.0.0:41650, bf55b3f9-6b09-4365-9d71-55289e083fa5:0.0.0.0:42441], old=null
2019-10-16 18:02:04,264 [grpc-default-executor-3] INFO  impl.RaftServerImpl (RaftServerImpl.java:setRole(184)) - f4c54511-b161-4347-aec5-5236dc80a0d8@group-EFD1D20A002C: changes role from  FOLLOWER to FOLLOWER at term 671 for recognizeCandidate:bf55b3f9-6b09-4365-9d71-55289e083fa5
2019-10-16 18:02:04,264 [grpc-default-executor-3] INFO  impl.RoleInfo (RoleInfo.java:shutdownFollowerState(121)) - f4c54511-b161-4347-aec5-5236dc80a0d8: shutdown FollowerState
2019-10-16 18:02:04,264 [grpc-default-executor-3] INFO  impl.RoleInfo (RoleInfo.java:updateAndGet(143)) - f4c54511-b161-4347-aec5-5236dc80a0d8: start FollowerState
2019-10-16 18:02:04,264 [grpc-default-executor-1] INFO  impl.RaftServerImpl (RaftServerImpl.java:setRole(184)) - 907b9765-214b-4864-b66a-d6e2a5789e5c@group-EFD1D20A002C: changes role from  FOLLOWER to FOLLOWER at term 671 for recognizeCandidate:bf55b3f9-6b09-4365-9d71-55289e083fa5
2019-10-16 18:02:04,265 [grpc-default-executor-1] INFO  impl.RoleInfo (RoleInfo.java:shutdownFollowerState(121)) - 907b9765-214b-4864-b66a-d6e2a5789e5c: shutdown FollowerState
2019-10-16 18:02:04,264 [Thread-4051] INFO  impl.FollowerState (FollowerState.java:run(117)) - f4c54511-b161-4347-aec5-5236dc80a0d8@group-EFD1D20A002C-FollowerState was interrupted: java.lang.InterruptedException: sleep interrupted
2019-10-16 18:02:04,265 [Thread-4052] INFO  impl.FollowerState (FollowerState.java:run(117)) - 907b9765-214b-4864-b66a-d6e2a5789e5c@group-EFD1D20A002C-FollowerState was interrupted: java.lang.InterruptedException: sleep interrupted
2019-10-16 18:02:04,265 [grpc-default-executor-1] INFO  impl.RoleInfo (RoleInfo.java:updateAndGet(143)) - 907b9765-214b-4864-b66a-d6e2a5789e5c: start FollowerState
2019-10-16 18:02:04,282 [bf55b3f9-6b09-4365-9d71-55289e083fa5@group-EFD1D20A002C-LeaderElection571] INFO  impl.LeaderElection (LeaderElection.java:logAndReturn(56)) - bf55b3f9-6b09-4365-9d71-55289e083fa5@group-EFD1D20A002C-LeaderElection571: Election TIMEOUT; received 0 response(s) [] and 0 exception(s); bf55b3f9-6b09-4365-9d71-55289e083fa5@group-EFD1D20A002C:t671, leader=null, voted=bf55b3f9-6b09-4365-9d71-55289e083fa5, raftlog=bf55b3f9-6b09-4365-9d71-55289e083fa5@group-EFD1D20A002C-SegmentedRaftLog:OPENED:c-1,f-1,i0, conf=-1: [f4c54511-b161-4347-aec5-5236dc80a0d8:0.0.0.0:41238, 907b9765-214b-4864-b66a-d6e2a5789e5c:0.0.0.0:41650, bf55b3f9-6b09-4365-9d71-55289e083fa5:0.0.0.0:42441], old=null
2019-10-16 18:02:04,339 [bf55b3f9-6b09-4365-9d71-55289e083fa5@group-EFD1D20A002C-LeaderElection571] INFO  impl.LeaderElection (LeaderElection.java:askForVotes(178)) - bf55b3f9-6b09-4365-9d71-55289e083fa5@group-EFD1D20A002C-LeaderElection571: begin an election at term 672 for -1: [f4c54511-b161-4347-aec5-5236dc80a0d8:0.0.0.0:41238, 907b9765-214b-4864-b66a-d6e2a5789e5c:0.0.0.0:41650, bf55b3f9-6b09-4365-9d71-55289e083fa5:0.0.0.0:42441], old=null
2019-10-16 18:02:04,340 [grpc-default-executor-1] INFO  impl.RaftServerImpl (RaftServerImpl.java:setRole(184)) - f4c54511-b161-4347-aec5-5236dc80a0d8@group-EFD1D20A002C: changes role from  FOLLOWER to FOLLOWER at term 672 for recognizeCandidate:bf55b3f9-6b09-4365-9d71-55289e083fa5
2019-10-16 18:02:04,340 [grpc-default-executor-3] INFO  impl.RaftServerImpl (RaftServerImpl.java:setRole(184)) - 907b9765-214b-4864-b66a-d6e2a5789e5c@group-EFD1D20A002C: changes role from  FOLLOWER to FOLLOWER at term 672 for recognizeCandidate:bf55b3f9-6b09-4365-9d71-55289e083fa5
2019-10-16 18:02:04,340 [grpc-default-executor-1] INFO  impl.RoleInfo (RoleInfo.java:shutdownFollowerState(121)) - f4c54511-b161-4347-aec5-5236dc80a0d8: shutdown FollowerState
2019-10-16 18:02:04,340 [grpc-default-executor-3] INFO  impl.RoleInfo (RoleInfo.java:shutdownFollowerState(121)) - 907b9765-214b-4864-b66a-d6e2a5789e5c: shutdown FollowerState
2019-10-16 18:02:04,340 [Thread-4055] INFO  impl.FollowerState (FollowerState.java:run(117)) - f4c54511-b161-4347-aec5-5236dc80a0d8@group-EFD1D20A002C-FollowerState was interrupted: java.lang.InterruptedException: sleep interrupted
2019-10-16 18:02:04,340 [grpc-default-executor-1] INFO  impl.RoleInfo (RoleInfo.java:updateAndGet(143)) - f4c54511-b161-4347-aec5-5236dc80a0d8: start FollowerState
2019-10-16 18:02:04,340 [Thread-4056] INFO  impl.FollowerState (FollowerState.java:run(117)) - 907b9765-214b-4864-b66a-d6e2a5789e5c@group-EFD1D20A002C-FollowerState was interrupted: java.lang.InterruptedException: sleep interrupted
2019-10-16 18:02:04,340 [grpc-default-executor-3] INFO  impl.RoleInfo (RoleInfo.java:updateAndGet(143)) - 907b9765-214b-4864-b66a-d6e2a5789e5c: start FollowerState
2019-10-16 18:02:04,356 [bf55b3f9-6b09-4365-9d71-55289e083fa5@group-EFD1D20A002C-LeaderElection571] INFO  impl.LeaderElection (LeaderElection.java:logAndReturn(56)) - bf55b3f9-6b09-4365-9d71-55289e083fa5@group-EFD1D20A002C-LeaderElection571: Election REJECTED; received 2 response(s) [bf55b3f9-6b09-4365-9d71-55289e083fa5<-f4c54511-b161-4347-aec5-5236dc80a0d8#0:FAIL-t672, bf55b3f9-6b09-4365-9d71-55289e083fa5<-907b9765-214b-4864-b66a-d6e2a5789e5c#0:FAIL-t672] and 0 exception(s); bf55b3f9-6b09-4365-9d71-55289e083fa5@group-EFD1D20A002C:t672, leader=null, voted=bf55b3f9-6b09-4365-9d71-55289e083fa5, raftlog=bf55b3f9-6b09-4365-9d71-55289e083fa5@group-EFD1D20A002C-SegmentedRaftLog:OPENED:c-1,f-1,i0, conf=-1: [f4c54511-b161-4347-aec5-5236dc80a0d8:0.0.0.0:41238, 907b9765-214b-4864-b66a-d6e2a5789e5c:0.0.0.0:41650, bf55b3f9-6b09-4365-9d71-55289e083fa5:0.0.0.0:42441], old=null
2019-10-16 18:02:04,356 [bf55b3f9-6b09-4365-9d71-55289e083fa5@group-EFD1D20A002C-LeaderElection571] INFO  impl.RaftServerImpl (RaftServerImpl.java:setRole(184)) - bf55b3f9-6b09-4365-9d71-55289e083fa5@group-EFD1D20A002C: changes role from CANDIDATE to FOLLOWER at term 672 for DISCOVERED_A_NEW_TERM
2019-10-16 18:02:04,356 [bf55b3f9-6b09-4365-9d71-55289e083fa5@group-EFD1D20A002C-LeaderElection571] INFO  impl.RoleInfo (RoleInfo.java:shutdownLeaderElection(134)) - bf55b3f9-6b09-4365-9d71-55289e083fa5: shutdown LeaderElection
2019-10-16 18:02:04,357 [bf55b3f9-6b09-4365-9d71-55289e083fa5@group-EFD1D20A002C-LeaderElection571] INFO  impl.RoleInfo (RoleInfo.java:updateAndGet(143)) - bf55b3f9-6b09-4365-9d71-55289e083fa5: start FollowerState
2019-10-16 18:02:04,473 [Thread-4061] INFO  impl.FollowerState (FollowerState.java:run(108)) - bf55b3f9-6b09-4365-9d71-55289e083fa5@group-EFD1D20A002C-FollowerState: change to CANDIDATE, lastRpcTime:116ms, electionTimeout:116ms
2019-10-16 18:02:04,473 [Thread-4061] INFO  impl.RoleInfo (RoleInfo.java:shutdownFollowerState(121)) - bf55b3f9-6b09-4365-9d71-55289e083fa5: shutdown FollowerState
2019-10-16 18:02:04,473 [Thread-4061] INFO  impl.RaftServerImpl (RaftServerImpl.java:setRole(184)) - bf55b3f9-6b09-4365-9d71-55289e083fa5@group-EFD1D20A002C: changes role from  FOLLOWER to CANDIDATE at term 672 for changeToCandidate
2019-10-16 18:02:04,473 [Thread-4061] INFO  impl.RoleInfo (RoleInfo.java:updateAndGet(143)) - bf55b3f9-6b09-4365-9d71-55289e083fa5: start LeaderElection
2019-10-16 18:02:04,497 [bf55b3f9-6b09-4365-9d71-55289e083fa5@group-EFD1D20A002C-LeaderElection572] INFO  impl.LeaderElection (LeaderElection.java:askForVotes(178)) - bf55b3f9-6b09-4365-9d71-55289e083fa5@group-EFD1D20A002C-LeaderElection572: begin an election at term 673 for -1: [f4c54511-b161-4347-aec5-5236dc80a0d8:0.0.0.0:41238, 907b9765-214b-4864-b66a-d6e2a5789e5c:0.0.0.0:41650, bf55b3f9-6b09-4365-9d71-55289e083fa5:0.0.0.0:42441], old=null
2019-10-16 18:02:04,499 [grpc-default-executor-3] INFO  impl.RaftServerImpl (RaftServerImpl.java:setRole(184)) - 907b9765-214b-4864-b66a-d6e2a5789e5c@group-EFD1D20A002C: changes role from  FOLLOWER to FOLLOWER at term 673 for recognizeCandidate:bf55b3f9-6b09-4365-9d71-55289e083fa5
2019-10-16 18:02:04,499 [grpc-default-executor-1] INFO  impl.RaftServerImpl (RaftServerImpl.java:setRole(184)) - f4c54511-b161-4347-aec5-5236dc80a0d8@group-EFD1D20A002C: changes role from  FOLLOWER to FOLLOWER at term 673 for recognizeCandidate:bf55b3f9-6b09-4365-9d71-55289e083fa5
2019-10-16 18:02:04,499 [grpc-default-executor-3] INFO  impl.RoleInfo (RoleInfo.java:shutdownFollowerState(121)) - 907b9765-214b-4864-b66a-d6e2a5789e5c: shutdown FollowerState
2019-10-16 18:02:04,499 [grpc-default-executor-1] INFO  impl.RoleInfo (RoleInfo.java:shutdownFollowerState(121)) - f4c54511-b161-4347-aec5-5236dc80a0d8: shutdown FollowerState
2019-10-16 18:02:04,499 [Thread-4060] INFO  impl.FollowerState (FollowerState.java:run(117)) - 907b9765-214b-4864-b66a-d6e2a5789e5c@group-EFD1D20A002C-FollowerState was interrupted: java.lang.InterruptedException: sleep interrupted
2019-10-16 18:02:04,499 [grpc-default-executor-3] INFO  impl.RoleInfo (RoleInfo.java:updateAndGet(143)) - 907b9765-214b-4864-b66a-d6e2a5789e5c: start FollowerState
2019-10-16 18:02:04,499 [Thread-4059] INFO  impl.FollowerState (FollowerState.java:run(117)) - f4c54511-b161-4347-aec5-5236dc80a0d8@group-EFD1D20A002C-FollowerState was interrupted: java.lang.InterruptedException: sleep interrupted
2019-10-16 18:02:04,499 [grpc-default-executor-1] INFO  impl.RoleInfo (RoleInfo.java:updateAndGet(143)) - f4c54511-b161-4347-aec5-5236dc80a0d8: start FollowerState
2019-10-16 18:02:04,516 [bf55b3f9-6b09-4365-9d71-55289e083fa5@group-EFD1D20A002C-LeaderElection572] INFO  impl.LeaderElection (LeaderElection.java:logAndReturn(56)) - bf55b3f9-6b09-4365-9d71-55289e083fa5@group-EFD1D20A002C-LeaderElection572: Election REJECTED; received 2 response(s) [bf55b3f9-6b09-4365-9d71-55289e083fa5<-f4c54511-b161-4347-aec5-5236dc80a0d8#0:FAIL-t673, bf55b3f9-6b09-4365-9d71-55289e083fa5<-907b9765-214b-4864-b66a-d6e2a5789e5c#0:FAIL-t673] and 0 exception(s); bf55b3f9-6b09-4365-9d71-55289e083fa5@group-EFD1D20A002C:t673, leader=null, voted=bf55b3f9-6b09-4365-9d71-55289e083fa5, raftlog=bf55b3f9-6b09-4365-9d71-55289e083fa5@group-EFD1D20A002C-SegmentedRaftLog:OPENED:c-1,f-1,i0, conf=-1: [f4c54511-b161-4347-aec5-5236dc80a0d8:0.0.0.0:41238, 907b9765-214b-4864-b66a-d6e2a5789e5c:0.0.0.0:41650, bf55b3f9-6b09-4365-9d71-55289e083fa5:0.0.0.0:42441], old=null
2019-10-16 18:02:04,517 [bf55b3f9-6b09-4365-9d71-55289e083fa5@group-EFD1D20A002C-LeaderElection572] INFO  impl.RaftServerImpl (RaftServerImpl.java:setRole(184)) - bf55b3f9-6b09-4365-9d71-55289e083fa5@group-EFD1D20A002C: changes role from CANDIDATE to FOLLOWER at term 673 for DISCOVERED_A_NEW_TERM
2019-10-16 18:02:04,517 [bf55b3f9-6b09-4365-9d71-55289e083fa5@group-EFD1D20A002C-LeaderElection572] INFO  impl.RoleInfo (RoleInfo.java:shutdownLeaderElection(134)) - bf55b3f9-6b09-4365-9d71-55289e083fa5: shutdown LeaderElection
2019-10-16 18:02:04,517 [bf55b3f9-6b09-4365-9d71-55289e083fa5@group-EFD1D20A002C-LeaderElection572] INFO  impl.RoleInfo (RoleInfo.java:updateAndGet(143)) - bf55b3f9-6b09-4365-9d71-55289e083fa5: start FollowerState
2019-10-16 18:02:04,523 [Thread-4069] INFO  impl.FollowerState (FollowerState.java:run(108)) - bf55b3f9-6b09-4365-9d71-55289e083fa5@group-EFD1D20A002C-FollowerState: change to CANDIDATE, lastRpcTime:6ms, electionTimeout:6ms
2019-10-16 18:02:04,523 [Thread-4069] INFO  impl.RoleInfo (RoleInfo.java:shutdownFollowerState(121)) - bf55b3f9-6b09-4365-9d71-55289e083fa5: shutdown FollowerState
2019-10-16 18:02:04,523 [Thread-4069] INFO  impl.RaftServerImpl (RaftServerImpl.java:setRole(184)) - bf55b3f9-6b09-4365-9d71-55289e083fa5@group-EFD1D20A002C: changes role from  FOLLOWER to CANDIDATE at term 673 for changeToCandidate
2019-10-16 18:02:04,523 [Thread-4069] INFO  impl.RoleInfo (RoleInfo.java:updateAndGet(143)) - bf55b3f9-6b09-4365-9d71-55289e083fa5: start LeaderElection
2019-10-16 18:02:04,553 [bf55b3f9-6b09-4365-9d71-55289e083fa5@group-EFD1D20A002C-LeaderElection573] INFO  impl.LeaderElection (LeaderElection.java:askForVotes(178)) - bf55b3f9-6b09-4365-9d71-55289e083fa5@group-EFD1D20A002C-LeaderElection573: begin an election at term 674 for -1: [f4c54511-b161-4347-aec5-5236dc80a0d8:0.0.0.0:41238, 907b9765-214b-4864-b66a-d6e2a5789e5c:0.0.0.0:41650, bf55b3f9-6b09-4365-9d71-55289e083fa5:0.0.0.0:42441], old=null
2019-10-16 18:02:04,554 [grpc-default-executor-3] INFO  impl.RaftServerImpl (RaftServerImpl.java:setRole(184)) - f4c54511-b161-4347-aec5-5236dc80a0d8@group-EFD1D20A002C: changes role from  FOLLOWER to FOLLOWER at term 674 for recognizeCandidate:bf55b3f9-6b09-4365-9d71-55289e083fa5
2019-10-16 18:02:04,554 [grpc-default-executor-1] INFO  impl.RaftServerImpl (RaftServerImpl.java:setRole(184)) - 907b9765-214b-4864-b66a-d6e2a5789e5c@group-EFD1D20A002C: changes role from  FOLLOWER to FOLLOWER at term 674 for recognizeCandidate:bf55b3f9-6b09-4365-9d71-55289e083fa5
2019-10-16 18:02:04,555 [grpc-default-executor-1] INFO  impl.RoleInfo (RoleInfo.java:shutdownFollowerState(121)) - 907b9765-214b-4864-b66a-d6e2a5789e5c: shutdown FollowerState
2019-10-16 18:02:04,554 [grpc-default-executor-3] INFO  impl.RoleInfo (RoleInfo.java:shutdownFollowerState(121)) - f4c54511-b161-4347-aec5-5236dc80a0d8: shutdown FollowerState
2019-10-16 18:02:04,555 [Thread-4067] INFO  impl.FollowerState (FollowerState.java:run(117)) - 907b9765-214b-4864-b66a-d6e2a5789e5c@group-EFD1D20A002C-FollowerState was interrupted: java.lang.InterruptedException: sleep interrupted
2019-10-16 18:02:04,555 [grpc-default-executor-1] INFO  impl.RoleInfo (RoleInfo.java:updateAndGet(143)) - 907b9765-214b-4864-b66a-d6e2a5789e5c: start FollowerState
2019-10-16 18:02:04,555 [Thread-4068] INFO  impl.FollowerState (FollowerState.java:run(117)) - f4c54511-b161-4347-aec5-5236dc80a0d8@group-EFD1D20A002C-FollowerState was interrupted: java.lang.InterruptedException: sleep interrupted
2019-10-16 18:02:04,555 [grpc-default-executor-3] INFO  impl.RoleInfo (RoleInfo.java:updateAndGet(143)) - f4c54511-b161-4347-aec5-5236dc80a0d8: start FollowerState
2019-10-16 18:02:04,573 [bf55b3f9-6b09-4365-9d71-55289e083fa5@group-EFD1D20A002C-LeaderElection573] INFO  impl.LeaderElection (LeaderElection.java:logAndReturn(56)) - bf55b3f9-6b09-4365-9d71-55289e083fa5@group-EFD1D20A002C-LeaderElection573: Election REJECTED; received 2 response(s) [bf55b3f9-6b09-4365-9d71-55289e083fa5<-f4c54511-b161-4347-aec5-5236dc80a0d8#0:FAIL-t674, bf55b3f9-6b09-4365-9d71-55289e083fa5<-907b9765-214b-4864-b66a-d6e2a5789e5c#0:FAIL-t674] and 0 exception(s); bf55b3f9-6b09-4365-9d71-55289e083fa5@group-EFD1D20A002C:t674, leader=null, voted=bf55b3f9-6b09-4365-9d71-55289e083fa5, raftlog=bf55b3f9-6b09-4365-9d71-55289e083fa5@group-EFD1D20A002C-SegmentedRaftLog:OPENED:c-1,f-1,i0, conf=-1: [f4c54511-b161-4347-aec5-5236dc80a0d8:0.0.0.0:41238, 907b9765-214b-4864-b66a-d6e2a5789e5c:0.0.0.0:41650, bf55b3f9-6b09-4365-9d71-55289e083fa5:0.0.0.0:42441], old=null
2019-10-16 18:02:04,573 [bf55b3f9-6b09-4365-9d71-55289e083fa5@group-EFD1D20A002C-LeaderElection573] INFO  impl.RaftServerImpl (RaftServerImpl.java:setRole(184)) - bf55b3f9-6b09-4365-9d71-55289e083fa5@group-EFD1D20A002C: changes role from CANDIDATE to FOLLOWER at term 674 for DISCOVERED_A_NEW_TERM
2019-10-16 18:02:04,574 [bf55b3f9-6b09-4365-9d71-55289e083fa5@group-EFD1D20A002C-LeaderElection573] INFO  impl.RoleInfo (RoleInfo.java:shutdownLeaderElection(134)) - bf55b3f9-6b09-4365-9d71-55289e083fa5: shutdown LeaderElection
2019-10-16 18:02:04,574 [bf55b3f9-6b09-4365-9d71-55289e083fa5@group-EFD1D20A002C-LeaderElection573] INFO  impl.RoleInfo (RoleInfo.java:updateAndGet(143)) - bf55b3f9-6b09-4365-9d71-55289e083fa5: start FollowerState
2019-10-16 18:02:04,578 [Thread-4075] INFO  impl.FollowerState (FollowerState.java:run(108)) - bf55b3f9-6b09-4365-9d71-55289e083fa5@group-EFD1D20A002C-FollowerState: change to CANDIDATE, lastRpcTime:4ms, electionTimeout:4ms
2019-10-16 18:02:04,578 [Thread-4075] INFO  impl.RoleInfo (RoleInfo.java:shutdownFollowerState(121)) - bf55b3f9-6b09-4365-9d71-55289e083fa5: shutdown FollowerState
2019-10-16 18:02:04,578 [Thread-4075] INFO  impl.RaftServerImpl (RaftServerImpl.java:setRole(184)) - bf55b3f9-6b09-4365-9d71-55289e083fa5@group-EFD1D20A002C: changes role from  FOLLOWER to CANDIDATE at term 674 for changeToCandidate
2019-10-16 18:02:04,578 [Thread-4075] INFO  impl.RoleInfo (RoleInfo.java:updateAndGet(143)) - bf55b3f9-6b09-4365-9d71-55289e083fa5: start LeaderElection
2019-10-16 18:02:04,595 [bf55b3f9-6b09-4365-9d71-55289e083fa5@group-EFD1D20A002C-LeaderElection574] INFO  impl.LeaderElection (LeaderElection.java:askForVotes(178)) - bf55b3f9-6b09-4365-9d71-55289e083fa5@group-EFD1D20A002C-LeaderElection574: begin an election at term 675 for -1: [f4c54511-b161-4347-aec5-5236dc80a0d8:0.0.0.0:41238, 907b9765-214b-4864-b66a-d6e2a5789e5c:0.0.0.0:41650, bf55b3f9-6b09-4365-9d71-55289e083fa5:0.0.0.0:42441], old=null
2019-10-16 18:02:04,596 [grpc-default-executor-1] INFO  impl.RaftServerImpl (RaftServerImpl.java:setRole(184)) - 907b9765-214b-4864-b66a-d6e2a5789e5c@group-EFD1D20A002C: changes role from  FOLLOWER to FOLLOWER at term 675 for recognizeCandidate:bf55b3f9-6b09-4365-9d71-55289e083fa5
2019-10-16 18:02:04,596 [grpc-default-executor-1] INFO  impl.RoleInfo (RoleInfo.java:shutdownFollowerState(121)) - 907b9765-214b-4864-b66a-d6e2a5789e5c: shutdown FollowerState
2019-10-16 18:02:04,596 [grpc-default-executor-1] INFO  impl.RoleInfo (RoleInfo.java:updateAndGet(143)) - 907b9765-214b-4864-b66a-d6e2a5789e5c: start FollowerState
2019-10-16 18:02:04,597 [Thread-4073] INFO  impl.FollowerState (FollowerState.java:run(117)) - 907b9765-214b-4864-b66a-d6e2a5789e5c@group-EFD1D20A002C-FollowerState was interrupted: java.lang.InterruptedException: sleep interrupted
2019-10-16 18:02:04,597 [grpc-default-executor-3] INFO  impl.RaftServerImpl (RaftServerImpl.java:setRole(184)) - f4c54511-b161-4347-aec5-5236dc80a0d8@group-EFD1D20A002C: changes role from  FOLLOWER to FOLLOWER at term 675 for recognizeCandidate:bf55b3f9-6b09-4365-9d71-55289e083fa5
2019-10-16 18:02:04,597 [grpc-default-executor-3] INFO  impl.RoleInfo (RoleInfo.java:shutdownFollowerState(121)) - f4c54511-b161-4347-aec5-5236dc80a0d8: shutdown FollowerState
2019-10-16 18:02:04,597 [grpc-default-executor-3] INFO  impl.RoleInfo (RoleInfo.java:updateAndGet(143)) - f4c54511-b161-4347-aec5-5236dc80a0d8: start FollowerState
2019-10-16 18:02:04,597 [Thread-4074] INFO  impl.FollowerState (FollowerState.java:run(117)) - f4c54511-b161-4347-aec5-5236dc80a0d8@group-EFD1D20A002C-FollowerState was interrupted: java.lang.InterruptedException: sleep interrupted
2019-10-16 18:02:04,636 [bf55b3f9-6b09-4365-9d71-55289e083fa5@group-EFD1D20A002C-LeaderElection574] INFO  impl.LeaderElection (LeaderElection.java:logAndReturn(56)) - bf55b3f9-6b09-4365-9d71-55289e083fa5@group-EFD1D20A002C-LeaderElection574: Election REJECTED; received 2 response(s) [bf55b3f9-6b09-4365-9d71-55289e083fa5<-f4c54511-b161-4347-aec5-5236dc80a0d8#0:FAIL-t675, bf55b3f9-6b09-4365-9d71-55289e083fa5<-907b9765-214b-4864-b66a-d6e2a5789e5c#0:FAIL-t675] and 0 exception(s); bf55b3f9-6b09-4365-9d71-55289e083fa5@group-EFD1D20A002C:t675, leader=null, voted=bf55b3f9-6b09-4365-9d71-55289e083fa5, raftlog=bf55b3f9-6b09-4365-9d71-55289e083fa5@group-EFD1D20A002C-SegmentedRaftLog:OPENED:c-1,f-1,i0, conf=-1: [f4c54511-b161-4347-aec5-5236dc80a0d8:0.0.0.0:41238, 907b9765-214b-4864-b66a-d6e2a5789e5c:0.0.0.0:41650, bf55b3f9-6b09-4365-9d71-55289e083fa5:0.0.0.0:42441], old=null
2019-10-16 18:02:04,636 [bf55b3f9-6b09-4365-9d71-55289e083fa5@group-EFD1D20A002C-LeaderElection574] INFO  impl.RaftServerImpl (RaftServerImpl.java:setRole(184)) - bf55b3f9-6b09-4365-9d71-55289e083fa5@group-EFD1D20A002C: changes role from CANDIDATE to FOLLOWER at term 675 for DISCOVERED_A_NEW_TERM
2019-10-16 18:02:04,636 [bf55b3f9-6b09-4365-9d71-55289e083fa5@group-EFD1D20A002C-LeaderElection574] INFO  impl.RoleInfo (RoleInfo.java:shutdownLeaderElection(134)) - bf55b3f9-6b09-4365-9d71-55289e083fa5: shutdown LeaderElection
2019-10-16 18:02:04,636 [bf55b3f9-6b09-4365-9d71-55289e083fa5@group-EFD1D20A002C-LeaderElection574] INFO  impl.RoleInfo (RoleInfo.java:updateAndGet(143)) - bf55b3f9-6b09-4365-9d71-55289e083fa5: start FollowerState
2019-10-16 18:02:04,746 [Thread-4081] INFO  impl.FollowerState (FollowerState.java:run(108)) - bf55b3f9-6b09-4365-9d71-55289e083fa5@group-EFD1D20A002C-FollowerState: change to CANDIDATE, lastRpcTime:109ms, electionTimeout:109ms
2019-10-16 18:02:04,746 [Thread-4081] INFO  impl.RoleInfo (RoleInfo.java:shutdownFollowerState(121)) - bf55b3f9-6b09-4365-9d71-55289e083fa5: shutdown FollowerState
2019-10-16 18:02:04,746 [Thread-4081] INFO  impl.RaftServerImpl (RaftServerImpl.java:setRole(184)) - bf55b3f9-6b09-4365-9d71-55289e083fa5@group-EFD1D20A002C: changes role from  FOLLOWER to CANDIDATE at term 675 for changeToCandidate
2019-10-16 18:02:04,746 [Thread-4081] INFO  impl.RoleInfo (RoleInfo.java:updateAndGet(143)) - bf55b3f9-6b09-4365-9d71-55289e083fa5: start LeaderElection
2019-10-16 18:02:04,771 [bf55b3f9-6b09-4365-9d71-55289e083fa5@group-EFD1D20A002C-LeaderElection575] INFO  impl.LeaderElection (LeaderElection.java:askForVotes(178)) - bf55b3f9-6b09-4365-9d71-55289e083fa5@group-EFD1D20A002C-LeaderElection575: begin an election at term 676 for -1: [f4c54511-b161-4347-aec5-5236dc80a0d8:0.0.0.0:41238, 907b9765-214b-4864-b66a-d6e2a5789e5c:0.0.0.0:41650, bf55b3f9-6b09-4365-9d71-55289e083fa5:0.0.0.0:42441], old=null
2019-10-16 18:02:04,773 [grpc-default-executor-1] INFO  impl.RaftServerImpl (RaftServerImpl.java:setRole(184)) - f4c54511-b161-4347-aec5-5236dc80a0d8@group-EFD1D20A002C: changes role from  FOLLOWER to FOLLOWER at term 676 for recognizeCandidate:bf55b3f9-6b09-4365-9d71-55289e083fa5
2019-10-16 18:02:04,773 [grpc-default-executor-3] INFO  impl.RaftServerImpl (RaftServerImpl.java:setRole(184)) - 907b9765-214b-4864-b66a-d6e2a5789e5c@group-EFD1D20A002C: changes role from  FOLLOWER to FOLLOWER at term 676 for recognizeCandidate:bf55b3f9-6b09-4365-9d71-55289e083fa5
2019-10-16 18:02:04,773 [grpc-default-executor-3] INFO  impl.RoleInfo (RoleInfo.java:shutdownFollowerState(121)) - 907b9765-214b-4864-b66a-d6e2a5789e5c: shutdown FollowerState
2019-10-16 18:02:04,773 [grpc-default-executor-1] INFO  impl.RoleInfo (RoleInfo.java:shutdownFollowerState(121)) - f4c54511-b161-4347-aec5-5236dc80a0d8: shutdown FollowerState
2019-10-16 18:02:04,773 [Thread-4079] INFO  impl.FollowerState (FollowerState.java:run(117)) - 907b9765-214b-4864-b66a-d6e2a5789e5c@group-EFD1D20A002C-FollowerState was interrupted: java.lang.InterruptedException: sleep interrupted
2019-10-16 18:02:04,773 [grpc-default-executor-3] INFO  impl.RoleInfo (RoleInfo.java:updateAndGet(143)) - 907b9765-214b-4864-b66a-d6e2a5789e5c: start FollowerState
2019-10-16 18:02:04,774 [Thread-4080] INFO  impl.FollowerState (FollowerState.java:run(117)) - f4c54511-b161-4347-aec5-5236dc80a0d8@group-EFD1D20A002C-FollowerState was interrupted: java.lang.InterruptedException: sleep interrupted
2019-10-16 18:02:04,774 [grpc-default-executor-1] INFO  impl.RoleInfo (RoleInfo.java:updateAndGet(143)) - f4c54511-b161-4347-aec5-5236dc80a0d8: start FollowerState
2019-10-16 18:02:04,790 [bf55b3f9-6b09-4365-9d71-55289e083fa5@group-EFD1D20A002C-LeaderElection575] INFO  impl.LeaderElection (LeaderElection.java:logAndReturn(56)) - bf55b3f9-6b09-4365-9d71-55289e083fa5@group-EFD1D20A002C-LeaderElection575: Election REJECTED; received 2 response(s) [bf55b3f9-6b09-4365-9d71-55289e083fa5<-f4c54511-b161-4347-aec5-5236dc80a0d8#0:FAIL-t676, bf55b3f9-6b09-4365-9d71-55289e083fa5<-907b9765-214b-4864-b66a-d6e2a5789e5c#0:FAIL-t676] and 0 exception(s); bf55b3f9-6b09-4365-9d71-55289e083fa5@group-EFD1D20A002C:t676, leader=null, voted=bf55b3f9-6b09-4365-9d71-55289e083fa5, raftlog=bf55b3f9-6b09-4365-9d71-55289e083fa5@group-EFD1D20A002C-SegmentedRaftLog:OPENED:c-1,f-1,i0, conf=-1: [f4c54511-b161-4347-aec5-5236dc80a0d8:0.0.0.0:41238, 907b9765-214b-4864-b66a-d6e2a5789e5c:0.0.0.0:41650, bf55b3f9-6b09-4365-9d71-55289e083fa5:0.0.0.0:42441], old=null
2019-10-16 18:02:04,790 [bf55b3f9-6b09-4365-9d71-55289e083fa5@group-EFD1D20A002C-LeaderElection575] INFO  impl.RaftServerImpl (RaftServerImpl.java:setRole(184)) - bf55b3f9-6b09-4365-9d71-55289e083fa5@group-EFD1D20A002C: changes role from CANDIDATE to FOLLOWER at term 676 for DISCOVERED_A_NEW_TERM
2019-10-16 18:02:04,790 [bf55b3f9-6b09-4365-9d71-55289e083fa5@group-EFD1D20A002C-LeaderElection575] INFO  impl.RoleInfo (RoleInfo.java:shutdownLeaderElection(134)) - bf55b3f9-6b09-4365-9d71-55289e083fa5: shutdown LeaderElection
2019-10-16 18:02:04,791 [bf55b3f9-6b09-4365-9d71-55289e083fa5@group-EFD1D20A002C-LeaderElection575] INFO  impl.RoleInfo (RoleInfo.java:updateAndGet(143)) - bf55b3f9-6b09-4365-9d71-55289e083fa5: start FollowerState
2019-10-16 18:02:04,814 [Thread-4087] INFO  impl.FollowerState (FollowerState.java:run(108)) - bf55b3f9-6b09-4365-9d71-55289e083fa5@group-EFD1D20A002C-FollowerState: change to CANDIDATE, lastRpcTime:23ms, electionTimeout:23ms
2019-10-16 18:02:04,814 [Thread-4087] INFO  impl.RoleInfo (RoleInfo.java:shutdownFollowerState(121)) - bf55b3f9-6b09-4365-9d71-55289e083fa5: shutdown FollowerState
2019-10-16 18:02:04,814 [Thread-4087] INFO  impl.RaftServerImpl (RaftServerImpl.java:setRole(184)) - bf55b3f9-6b09-4365-9d71-55289e083fa5@group-EFD1D20A002C: changes role from  FOLLOWER to CANDIDATE at term 676 for changeToCandidate
2019-10-16 18:02:04,814 [Thread-4087] INFO  impl.RoleInfo (RoleInfo.java:updateAndGet(143)) - bf55b3f9-6b09-4365-9d71-55289e083fa5: start LeaderElection
2019-10-16 18:02:04,829 [bf55b3f9-6b09-4365-9d71-55289e083fa5@group-EFD1D20A002C-LeaderElection576] INFO  impl.LeaderElection (LeaderElection.java:askForVotes(178)) - bf55b3f9-6b09-4365-9d71-55289e083fa5@group-EFD1D20A002C-LeaderElection576: begin an election at term 677 for -1: [f4c54511-b161-4347-aec5-5236dc80a0d8:0.0.0.0:41238, 907b9765-214b-4864-b66a-d6e2a5789e5c:0.0.0.0:41650, bf55b3f9-6b09-4365-9d71-55289e083fa5:0.0.0.0:42441], old=null
2019-10-16 18:02:04,831 [grpc-default-executor-3] INFO  impl.RaftServerImpl (RaftServerImpl.java:setRole(184)) - f4c54511-b161-4347-aec5-5236dc80a0d8@group-EFD1D20A002C: changes role from  FOLLOWER to FOLLOWER at term 677 for recognizeCandidate:bf55b3f9-6b09-4365-9d71-55289e083fa5
2019-10-16 18:02:04,832 [grpc-default-executor-3] INFO  impl.RoleInfo (RoleInfo.java:shutdownFollowerState(121)) - f4c54511-b161-4347-aec5-5236dc80a0d8: shutdown FollowerState
2019-10-16 18:02:04,832 [grpc-default-executor-3] INFO  impl.RoleInfo (RoleInfo.java:updateAndGet(143)) - f4c54511-b161-4347-aec5-5236dc80a0d8: start FollowerState
2019-10-16 18:02:04,832 [Thread-4086] INFO  impl.FollowerState (FollowerState.java:run(117)) - f4c54511-b161-4347-aec5-5236dc80a0d8@group-EFD1D20A002C-FollowerState was interrupted: java.lang.InterruptedException: sleep interrupted
2019-10-16 18:02:04,832 [grpc-default-executor-1] INFO  impl.RaftServerImpl (RaftServerImpl.java:setRole(184)) - 907b9765-214b-4864-b66a-d6e2a5789e5c@group-EFD1D20A002C: changes role from  FOLLOWER to FOLLOWER at term 677 for recognizeCandidate:bf55b3f9-6b09-4365-9d71-55289e083fa5
2019-10-16 18:02:04,832 [grpc-default-executor-1] INFO  impl.RoleInfo (RoleInfo.java:shutdownFollowerState(121)) - 907b9765-214b-4864-b66a-d6e2a5789e5c: shutdown FollowerState
2019-10-16 18:02:04,833 [grpc-default-executor-1] INFO  impl.RoleInfo (RoleInfo.java:updateAndGet(143)) - 907b9765-214b-4864-b66a-d6e2a5789e5c: start FollowerState
2019-10-16 18:02:04,833 [Thread-4085] INFO  impl.FollowerState (FollowerState.java:run(117)) - 907b9765-214b-4864-b66a-d6e2a5789e5c@group-EFD1D20A002C-FollowerState was interrupted: java.lang.InterruptedException: sleep interrupted
2019-10-16 18:02:04,846 [bf55b3f9-6b09-4365-9d71-55289e083fa5@group-EFD1D20A002C-LeaderElection576] INFO  impl.LeaderElection (LeaderElection.java:logAndReturn(56)) - bf55b3f9-6b09-4365-9d71-55289e083fa5@group-EFD1D20A002C-LeaderElection576: Election REJECTED; received 2 response(s) [bf55b3f9-6b09-4365-9d71-55289e083fa5<-f4c54511-b161-4347-aec5-5236dc80a0d8#0:FAIL-t677, bf55b3f9-6b09-4365-9d71-55289e083fa5<-907b9765-214b-4864-b66a-d6e2a5789e5c#0:FAIL-t677] and 0 exception(s); bf55b3f9-6b09-4365-9d71-55289e083fa5@group-EFD1D20A002C:t677, leader=null, voted=bf55b3f9-6b09-4365-9d71-55289e083fa5, raftlog=bf55b3f9-6b09-4365-9d71-55289e083fa5@group-EFD1D20A002C-SegmentedRaftLog:OPENED:c-1,f-1,i0, conf=-1: [f4c54511-b161-4347-aec5-5236dc80a0d8:0.0.0.0:41238, 907b9765-214b-4864-b66a-d6e2a5789e5c:0.0.0.0:41650, bf55b3f9-6b09-4365-9d71-55289e083fa5:0.0.0.0:42441], old=null
2019-10-16 18:02:04,847 [bf55b3f9-6b09-4365-9d71-55289e083fa5@group-EFD1D20A002C-LeaderElection576] INFO  impl.RaftServerImpl (RaftServerImpl.java:setRole(184)) - bf55b3f9-6b09-4365-9d71-55289e083fa5@group-EFD1D20A002C: changes role from CANDIDATE to FOLLOWER at term 677 for DISCOVERED_A_NEW_TERM
2019-10-16 18:02:04,847 [bf55b3f9-6b09-4365-9d71-55289e083fa5@group-EFD1D20A002C-LeaderElection576] INFO  impl.RoleInfo (RoleInfo.java:shutdownLeaderElection(134)) - bf55b3f9-6b09-4365-9d71-55289e083fa5: shutdown LeaderElection
2019-10-16 18:02:04,847 [bf55b3f9-6b09-4365-9d71-55289e083fa5@group-EFD1D20A002C-LeaderElection576] INFO  impl.RoleInfo (RoleInfo.java:updateAndGet(143)) - bf55b3f9-6b09-4365-9d71-55289e083fa5: start FollowerState
2019-10-16 18:02:04,926 [Thread-4093] INFO  impl.FollowerState (FollowerState.java:run(108)) - bf55b3f9-6b09-4365-9d71-55289e083fa5@group-EFD1D20A002C-FollowerState: change to CANDIDATE, lastRpcTime:79ms, electionTimeout:79ms
2019-10-16 18:02:04,926 [Thread-4093] INFO  impl.RoleInfo (RoleInfo.java:shutdownFollowerState(121)) - bf55b3f9-6b09-4365-9d71-55289e083fa5: shutdown FollowerState
2019-10-16 18:02:04,927 [Thread-4093] INFO  impl.RaftServerImpl (RaftServerImpl.java:setRole(184)) - bf55b3f9-6b09-4365-9d71-55289e083fa5@group-EFD1D20A002C: changes role from  FOLLOWER to CANDIDATE at term 677 for changeToCandidate
2019-10-16 18:02:04,927 [Thread-4093] INFO  impl.RoleInfo (RoleInfo.java:updateAndGet(143)) - bf55b3f9-6b09-4365-9d71-55289e083fa5: start LeaderElection
2019-10-16 18:02:04,943 [bf55b3f9-6b09-4365-9d71-55289e083fa5@group-EFD1D20A002C-LeaderElection577] INFO  impl.LeaderElection (LeaderElection.java:askForVotes(178)) - bf55b3f9-6b09-4365-9d71-55289e083fa5@group-EFD1D20A002C-LeaderElection577: begin an election at term 678 for -1: [f4c54511-b161-4347-aec5-5236dc80a0d8:0.0.0.0:41238, 907b9765-214b-4864-b66a-d6e2a5789e5c:0.0.0.0:41650, bf55b3f9-6b09-4365-9d71-55289e083fa5:0.0.0.0:42441], old=null
2019-10-16 18:02:04,945 [grpc-default-executor-0] INFO  impl.RaftServerImpl (RaftServerImpl.java:setRole(184)) - 907b9765-214b-4864-b66a-d6e2a5789e5c@group-EFD1D20A002C: changes role from  FOLLOWER to FOLLOWER at term 678 for recognizeCandidate:bf55b3f9-6b09-4365-9d71-55289e083fa5
2019-10-16 18:02:04,945 [grpc-default-executor-2] INFO  impl.RaftServerImpl (RaftServerImpl.java:setRole(184)) - f4c54511-b161-4347-aec5-5236dc80a0d8@group-EFD1D20A002C: changes role from  FOLLOWER to FOLLOWER at term 678 for recognizeCandidate:bf55b3f9-6b09-4365-9d71-55289e083fa5
2019-10-16 18:02:04,945 [grpc-default-executor-2] INFO  impl.RoleInfo (RoleInfo.java:shutdownFollowerState(121)) - f4c54511-b161-4347-aec5-5236dc80a0d8: shutdown FollowerState
2019-10-16 18:02:04,945 [grpc-default-executor-0] INFO  impl.RoleInfo (RoleInfo.java:shutdownFollowerState(121)) - 907b9765-214b-4864-b66a-d6e2a5789e5c: shutdown FollowerState
2019-10-16 18:02:04,945 [Thread-4091] INFO  impl.FollowerState (FollowerState.java:run(117)) - f4c54511-b161-4347-aec5-5236dc80a0d8@group-EFD1D20A002C-FollowerState was interrupted: java.lang.InterruptedException: sleep interrupted
2019-10-16 18:02:04,946 [Thread-4092] INFO  impl.FollowerState (FollowerState.java:run(117)) - 907b9765-214b-4864-b66a-d6e2a5789e5c@group-EFD1D20A002C-FollowerState was interrupted: java.lang.InterruptedException: sleep interrupted
2019-10-16 18:02:04,945 [grpc-default-executor-2] INFO  impl.RoleInfo (RoleInfo.java:updateAndGet(143)) - f4c54511-b161-4347-aec5-5236dc80a0d8: start FollowerState
2019-10-16 18:02:04,945 [grpc-default-executor-0] INFO  impl.RoleInfo (RoleInfo.java:updateAndGet(143)) - 907b9765-214b-4864-b66a-d6e2a5789e5c: start FollowerState
2019-10-16 18:02:04,970 [bf55b3f9-6b09-4365-9d71-55289e083fa5@group-EFD1D20A002C-LeaderElection577] INFO  impl.LeaderElection (LeaderElection.java:logAndReturn(56)) - bf55b3f9-6b09-4365-9d71-55289e083fa5@group-EFD1D20A002C-LeaderElection577: Election REJECTED; received 2 response(s) [bf55b3f9-6b09-4365-9d71-55289e083fa5<-f4c54511-b161-4347-aec5-5236dc80a0d8#0:FAIL-t678, bf55b3f9-6b09-4365-9d71-55289e083fa5<-907b9765-214b-4864-b66a-d6e2a5789e5c#0:FAIL-t678] and 0 exception(s); bf55b3f9-6b09-4365-9d71-55289e083fa5@group-EFD1D20A002C:t678, leader=null, voted=bf55b3f9-6b09-4365-9d71-55289e083fa5, raftlog=bf55b3f9-6b09-4365-9d71-55289e083fa5@group-EFD1D20A002C-SegmentedRaftLog:OPENED:c-1,f-1,i0, conf=-1: [f4c54511-b161-4347-aec5-5236dc80a0d8:0.0.0.0:41238, 907b9765-214b-4864-b66a-d6e2a5789e5c:0.0.0.0:41650, bf55b3f9-6b09-4365-9d71-55289e083fa5:0.0.0.0:42441], old=null
2019-10-16 18:02:04,970 [bf55b3f9-6b09-4365-9d71-55289e083fa5@group-EFD1D20A002C-LeaderElection577] INFO  impl.RaftServerImpl (RaftServerImpl.java:setRole(184)) - bf55b3f9-6b09-4365-9d71-55289e083fa5@group-EFD1D20A002C: changes role from CANDIDATE to FOLLOWER at term 678 for DISCOVERED_A_NEW_TERM
2019-10-16 18:02:04,970 [bf55b3f9-6b09-4365-9d71-55289e083fa5@group-EFD1D20A002C-LeaderElection577] INFO  impl.RoleInfo (RoleInfo.java:shutdownLeaderElection(134)) - bf55b3f9-6b09-4365-9d71-55289e083fa5: shutdown LeaderElection
2019-10-16 18:02:04,970 [bf55b3f9-6b09-4365-9d71-55289e083fa5@group-EFD1D20A002C-LeaderElection577] INFO  impl.RoleInfo (RoleInfo.java:updateAndGet(143)) - bf55b3f9-6b09-4365-9d71-55289e083fa5: start FollowerState
2019-10-16 18:02:05,123 [Thread-4099] INFO  impl.FollowerState (FollowerState.java:run(108)) - bf55b3f9-6b09-4365-9d71-55289e083fa5@group-EFD1D20A002C-FollowerState: change to CANDIDATE, lastRpcTime:153ms, electionTimeout:153ms
2019-10-16 18:02:05,124 [Thread-4099] INFO  impl.RoleInfo (RoleInfo.java:shutdownFollowerState(121)) - bf55b3f9-6b09-4365-9d71-55289e083fa5: shutdown FollowerState
2019-10-16 18:02:05,124 [Thread-4099] INFO  impl.RaftServerImpl (RaftServerImpl.java:setRole(184)) - bf55b3f9-6b09-4365-9d71-55289e083fa5@group-EFD1D20A002C: changes role from  FOLLOWER to CANDIDATE at term 678 for changeToCandidate
2019-10-16 18:02:05,124 [Thread-4099] INFO  impl.RoleInfo (RoleInfo.java:updateAndGet(143)) - bf55b3f9-6b09-4365-9d71-55289e083fa5: start LeaderElection
2019-10-16 18:02:05,147 [bf55b3f9-6b09-4365-9d71-55289e083fa5@group-EFD1D20A002C-LeaderElection578] INFO  impl.LeaderElection (LeaderElection.java:askForVotes(178)) - bf55b3f9-6b09-4365-9d71-55289e083fa5@group-EFD1D20A002C-LeaderElection578: begin an election at term 679 for -1: [f4c54511-b161-4347-aec5-5236dc80a0d8:0.0.0.0:41238, 907b9765-214b-4864-b66a-d6e2a5789e5c:0.0.0.0:41650, bf55b3f9-6b09-4365-9d71-55289e083fa5:0.0.0.0:42441], old=null
2019-10-16 18:02:05,149 [grpc-default-executor-2] INFO  impl.RaftServerImpl (RaftServerImpl.java:setRole(184)) - 907b9765-214b-4864-b66a-d6e2a5789e5c@group-EFD1D20A002C: changes role from  FOLLOWER to FOLLOWER at term 679 for recognizeCandidate:bf55b3f9-6b09-4365-9d71-55289e083fa5
2019-10-16 18:02:05,149 [grpc-default-executor-2] INFO  impl.RoleInfo (RoleInfo.java:shutdownFollowerState(121)) - 907b9765-214b-4864-b66a-d6e2a5789e5c: shutdown FollowerState
2019-10-16 18:02:05,149 [grpc-default-executor-0] INFO  impl.RaftServerImpl (RaftServerImpl.java:setRole(184)) - f4c54511-b161-4347-aec5-5236dc80a0d8@group-EFD1D20A002C: changes role from  FOLLOWER to FOLLOWER at term 679 for recognizeCandidate:bf55b3f9-6b09-4365-9d71-55289e083fa5
2019-10-16 18:02:05,149 [Thread-4098] INFO  impl.FollowerState (FollowerState.java:run(117)) - 907b9765-214b-4864-b66a-d6e2a5789e5c@group-EFD1D20A002C-FollowerState was interrupted: java.lang.InterruptedException: sleep interrupted
2019-10-16 18:02:05,149 [grpc-default-executor-2] INFO  impl.RoleInfo (RoleInfo.java:updateAndGet(143)) - 907b9765-214b-4864-b66a-d6e2a5789e5c: start FollowerState
2019-10-16 18:02:05,149 [grpc-default-executor-0] INFO  impl.RoleInfo (RoleInfo.java:shutdownFollowerState(121)) - f4c54511-b161-4347-aec5-5236dc80a0d8: shutdown FollowerState
2019-10-16 18:02:05,150 [grpc-default-executor-0] INFO  impl.RoleInfo (RoleInfo.java:updateAndGet(143)) - f4c54511-b161-4347-aec5-5236dc80a0d8: start FollowerState
2019-10-16 18:02:05,150 [Thread-4097] INFO  impl.FollowerState (FollowerState.java:run(117)) - f4c54511-b161-4347-aec5-5236dc80a0d8@group-EFD1D20A002C-FollowerState was interrupted: java.lang.InterruptedException: sleep interrupted
2019-10-16 18:02:05,174 [bf55b3f9-6b09-4365-9d71-55289e083fa5@group-EFD1D20A002C-LeaderElection578] INFO  impl.LeaderElection (LeaderElection.java:logAndReturn(56)) - bf55b3f9-6b09-4365-9d71-55289e083fa5@group-EFD1D20A002C-LeaderElection578: Election REJECTED; received 2 response(s) [bf55b3f9-6b09-4365-9d71-55289e083fa5<-f4c54511-b161-4347-aec5-5236dc80a0d8#0:FAIL-t679, bf55b3f9-6b09-4365-9d71-55289e083fa5<-907b9765-214b-4864-b66a-d6e2a5789e5c#0:FAIL-t679] and 0 exception(s); bf55b3f9-6b09-4365-9d71-55289e083fa5@group-EFD1D20A002C:t679, leader=null, voted=bf55b3f9-6b09-4365-9d71-55289e083fa5, raftlog=bf55b3f9-6b09-4365-9d71-55289e083fa5@group-EFD1D20A002C-SegmentedRaftLog:OPENED:c-1,f-1,i0, conf=-1: [f4c54511-b161-4347-aec5-5236dc80a0d8:0.0.0.0:41238, 907b9765-214b-4864-b66a-d6e2a5789e5c:0.0.0.0:41650, bf55b3f9-6b09-4365-9d71-55289e083fa5:0.0.0.0:42441], old=null
2019-10-16 18:02:05,174 [bf55b3f9-6b09-4365-9d71-55289e083fa5@group-EFD1D20A002C-LeaderElection578] INFO  impl.RaftServerImpl (RaftServerImpl.java:setRole(184)) - bf55b3f9-6b09-4365-9d71-55289e083fa5@group-EFD1D20A002C: changes role from CANDIDATE to FOLLOWER at term 679 for DISCOVERED_A_NEW_TERM
2019-10-16 18:02:05,174 [bf55b3f9-6b09-4365-9d71-55289e083fa5@group-EFD1D20A002C-LeaderElection578] INFO  impl.RoleInfo (RoleInfo.java:shutdownLeaderElection(134)) - bf55b3f9-6b09-4365-9d71-55289e083fa5: shutdown LeaderElection
2019-10-16 18:02:05,175 [bf55b3f9-6b09-4365-9d71-55289e083fa5@group-EFD1D20A002C-LeaderElection578] INFO  impl.RoleInfo (RoleInfo.java:updateAndGet(143)) - bf55b3f9-6b09-4365-9d71-55289e083fa5: start FollowerState
2019-10-16 18:02:05,337 [Thread-4105] INFO  impl.FollowerState (FollowerState.java:run(108)) - bf55b3f9-6b09-4365-9d71-55289e083fa5@group-EFD1D20A002C-FollowerState: change to CANDIDATE, lastRpcTime:162ms, electionTimeout:162ms
2019-10-16 18:02:05,337 [Thread-4105] INFO  impl.RoleInfo (RoleInfo.java:shutdownFollowerState(121)) - bf55b3f9-6b09-4365-9d71-55289e083fa5: shutdown FollowerState
2019-10-16 18:02:05,337 [Thread-4105] INFO  impl.RaftServerImpl (RaftServerImpl.java:setRole(184)) - bf55b3f9-6b09-4365-9d71-55289e083fa5@group-EFD1D20A002C: changes role from  FOLLOWER to CANDIDATE at term 679 for changeToCandidate
2019-10-16 18:02:05,337 [Thread-4105] INFO  impl.RoleInfo (RoleInfo.java:updateAndGet(143)) - bf55b3f9-6b09-4365-9d71-55289e083fa5: start LeaderElection
2019-10-16 18:02:05,362 [bf55b3f9-6b09-4365-9d71-55289e083fa5@group-EFD1D20A002C-LeaderElection579] INFO  impl.LeaderElection (LeaderElection.java:askForVotes(178)) - bf55b3f9-6b09-4365-9d71-55289e083fa5@group-EFD1D20A002C-LeaderElection579: begin an election at term 680 for -1: [f4c54511-b161-4347-aec5-5236dc80a0d8:0.0.0.0:41238, 907b9765-214b-4864-b66a-d6e2a5789e5c:0.0.0.0:41650, bf55b3f9-6b09-4365-9d71-55289e083fa5:0.0.0.0:42441], old=null
2019-10-16 18:02:05,363 [grpc-default-executor-2] INFO  impl.RaftServerImpl (RaftServerImpl.java:setRole(184)) - 907b9765-214b-4864-b66a-d6e2a5789e5c@group-EFD1D20A002C: changes role from  FOLLOWER to FOLLOWER at term 680 for recognizeCandidate:bf55b3f9-6b09-4365-9d71-55289e083fa5
2019-10-16 18:02:05,364 [grpc-default-executor-2] INFO  impl.RoleInfo (RoleInfo.java:shutdownFollowerState(121)) - 907b9765-214b-4864-b66a-d6e2a5789e5c: shutdown FollowerState
2019-10-16 18:02:05,364 [grpc-default-executor-0] INFO  impl.RaftServerImpl (RaftServerImpl.java:setRole(184)) - f4c54511-b161-4347-aec5-5236dc80a0d8@group-EFD1D20A002C: changes role from  FOLLOWER to FOLLOWER at term 680 for recognizeCandidate:bf55b3f9-6b09-4365-9d71-55289e083fa5
2019-10-16 18:02:05,364 [grpc-default-executor-0] INFO  impl.RoleInfo (RoleInfo.java:shutdownFollowerState(121)) - f4c54511-b161-4347-aec5-5236dc80a0d8: shutdown FollowerState
2019-10-16 18:02:05,364 [Thread-4103] INFO  impl.FollowerState (FollowerState.java:run(117)) - 907b9765-214b-4864-b66a-d6e2a5789e5c@group-EFD1D20A002C-FollowerState was interrupted: java.lang.InterruptedException: sleep interrupted
2019-10-16 18:02:05,364 [grpc-default-executor-2] INFO  impl.RoleInfo (RoleInfo.java:updateAndGet(143)) - 907b9765-214b-4864-b66a-d6e2a5789e5c: start FollowerState
2019-10-16 18:02:05,364 [Thread-4104] INFO  impl.FollowerState (FollowerState.java:run(117)) - f4c54511-b161-4347-aec5-5236dc80a0d8@group-EFD1D20A002C-FollowerState was interrupted: java.lang.InterruptedException: sleep interrupted
2019-10-16 18:02:05,364 [grpc-default-executor-0] INFO  impl.RoleInfo (RoleInfo.java:updateAndGet(143)) - f4c54511-b161-4347-aec5-5236dc80a0d8: start FollowerState
2019-10-16 18:02:05,388 [bf55b3f9-6b09-4365-9d71-55289e083fa5@group-EFD1D20A002C-LeaderElection579] INFO  impl.LeaderElection (LeaderElection.java:logAndReturn(56)) - bf55b3f9-6b09-4365-9d71-55289e083fa5@group-EFD1D20A002C-LeaderElection579: Election REJECTED; received 2 response(s) [bf55b3f9-6b09-4365-9d71-55289e083fa5<-f4c54511-b161-4347-aec5-5236dc80a0d8#0:FAIL-t680, bf55b3f9-6b09-4365-9d71-55289e083fa5<-907b9765-214b-4864-b66a-d6e2a5789e5c#0:FAIL-t680] and 0 exception(s); bf55b3f9-6b09-4365-9d71-55289e083fa5@group-EFD1D20A002C:t680, leader=null, voted=bf55b3f9-6b09-4365-9d71-55289e083fa5, raftlog=bf55b3f9-6b09-4365-9d71-55289e083fa5@group-EFD1D20A002C-SegmentedRaftLog:OPENED:c-1,f-1,i0, conf=-1: [f4c54511-b161-4347-aec5-5236dc80a0d8:0.0.0.0:41238, 907b9765-214b-4864-b66a-d6e2a5789e5c:0.0.0.0:41650, bf55b3f9-6b09-4365-9d71-55289e083fa5:0.0.0.0:42441], old=null
2019-10-16 18:02:05,388 [bf55b3f9-6b09-4365-9d71-55289e083fa5@group-EFD1D20A002C-LeaderElection579] INFO  impl.RaftServerImpl (RaftServerImpl.java:setRole(184)) - bf55b3f9-6b09-4365-9d71-55289e083fa5@group-EFD1D20A002C: changes role from CANDIDATE to FOLLOWER at term 680 for DISCOVERED_A_NEW_TERM
2019-10-16 18:02:05,388 [bf55b3f9-6b09-4365-9d71-55289e083fa5@group-EFD1D20A002C-LeaderElection579] INFO  impl.RoleInfo (RoleInfo.java:shutdownLeaderElection(134)) - bf55b3f9-6b09-4365-9d71-55289e083fa5: shutdown LeaderElection
2019-10-16 18:02:05,388 [bf55b3f9-6b09-4365-9d71-55289e083fa5@group-EFD1D20A002C-LeaderElection579] INFO  impl.RoleInfo (RoleInfo.java:updateAndGet(143)) - bf55b3f9-6b09-4365-9d71-55289e083fa5: start FollowerState
2019-10-16 18:02:05,394 [Thread-4113] INFO  impl.FollowerState (FollowerState.java:run(108)) - bf55b3f9-6b09-4365-9d71-55289e083fa5@group-EFD1D20A002C-FollowerState: change to CANDIDATE, lastRpcTime:6ms, electionTimeout:6ms
2019-10-16 18:02:05,394 [Thread-4113] INFO  impl.RoleInfo (RoleInfo.java:shutdownFollowerState(121)) - bf55b3f9-6b09-4365-9d71-55289e083fa5: shutdown FollowerState
2019-10-16 18:02:05,395 [Thread-4113] INFO  impl.RaftServerImpl (RaftServerImpl.java:setRole(184)) - bf55b3f9-6b09-4365-9d71-55289e083fa5@group-EFD1D20A002C: changes role from  FOLLOWER to CANDIDATE at term 680 for changeToCandidate
2019-10-16 18:02:05,395 [Thread-4113] INFO  impl.RoleInfo (RoleInfo.java:updateAndGet(143)) - bf55b3f9-6b09-4365-9d71-55289e083fa5: start LeaderElection
2019-10-16 18:02:05,419 [bf55b3f9-6b09-4365-9d71-55289e083fa5@group-EFD1D20A002C-LeaderElection580] INFO  impl.LeaderElection (LeaderElection.java:askForVotes(178)) - bf55b3f9-6b09-4365-9d71-55289e083fa5@group-EFD1D20A002C-LeaderElection580: begin an election at term 681 for -1: [f4c54511-b161-4347-aec5-5236dc80a0d8:0.0.0.0:41238, 907b9765-214b-4864-b66a-d6e2a5789e5c:0.0.0.0:41650, bf55b3f9-6b09-4365-9d71-55289e083fa5:0.0.0.0:42441], old=null
2019-10-16 18:02:05,421 [grpc-default-executor-2] INFO  impl.RaftServerImpl (RaftServerImpl.java:setRole(184)) - f4c54511-b161-4347-aec5-5236dc80a0d8@group-EFD1D20A002C: changes role from  FOLLOWER to FOLLOWER at term 681 for recognizeCandidate:bf55b3f9-6b09-4365-9d71-55289e083fa5
2019-10-16 18:02:05,421 [grpc-default-executor-0] INFO  impl.RaftServerImpl (RaftServerImpl.java:setRole(184)) - 907b9765-214b-4864-b66a-d6e2a5789e5c@group-EFD1D20A002C: changes role from  FOLLOWER to FOLLOWER at term 681 for recognizeCandidate:bf55b3f9-6b09-4365-9d71-55289e083fa5
2019-10-16 18:02:05,421 [grpc-default-executor-0] INFO  impl.RoleInfo (RoleInfo.java:shutdownFollowerState(121)) - 907b9765-214b-4864-b66a-d6e2a5789e5c: shutdown FollowerState
2019-10-16 18:02:05,421 [grpc-default-executor-2] INFO  impl.RoleInfo (RoleInfo.java:shutdownFollowerState(121)) - f4c54511-b161-4347-aec5-5236dc80a0d8: shutdown FollowerState
2019-10-16 18:02:05,421 [Thread-4109] INFO  impl.FollowerState (FollowerState.java:run(117)) - 907b9765-214b-4864-b66a-d6e2a5789e5c@group-EFD1D20A002C-FollowerState was interrupted: java.lang.InterruptedException: sleep interrupted
2019-10-16 18:02:05,421 [grpc-default-executor-0] INFO  impl.RoleInfo (RoleInfo.java:updateAndGet(143)) - 907b9765-214b-4864-b66a-d6e2a5789e5c: start FollowerState
2019-10-16 18:02:05,422 [Thread-4110] INFO  impl.FollowerState (FollowerState.java:run(117)) - f4c54511-b161-4347-aec5-5236dc80a0d8@group-EFD1D20A002C-FollowerState was interrupted: java.lang.InterruptedException: sleep interrupted
2019-10-16 18:02:05,422 [grpc-default-executor-2] INFO  impl.RoleInfo (RoleInfo.java:updateAndGet(143)) - f4c54511-b161-4347-aec5-5236dc80a0d8: start FollowerState
2019-10-16 18:02:05,455 [bf55b3f9-6b09-4365-9d71-55289e083fa5@group-EFD1D20A002C-LeaderElection580] INFO  impl.LeaderElection (LeaderElection.java:logAndReturn(56)) - bf55b3f9-6b09-4365-9d71-55289e083fa5@group-EFD1D20A002C-LeaderElection580: Election TIMEOUT; received 0 response(s) [] and 0 exception(s); bf55b3f9-6b09-4365-9d71-55289e083fa5@group-EFD1D20A002C:t681, leader=null, voted=bf55b3f9-6b09-4365-9d71-55289e083fa5, raftlog=bf55b3f9-6b09-4365-9d71-55289e083fa5@group-EFD1D20A002C-SegmentedRaftLog:OPENED:c-1,f-1,i0, conf=-1: [f4c54511-b161-4347-aec5-5236dc80a0d8:0.0.0.0:41238, 907b9765-214b-4864-b66a-d6e2a5789e5c:0.0.0.0:41650, bf55b3f9-6b09-4365-9d71-55289e083fa5:0.0.0.0:42441], old=null
2019-10-16 18:02:05,484 [bf55b3f9-6b09-4365-9d71-55289e083fa5@group-EFD1D20A002C-LeaderElection580] INFO  impl.LeaderElection (LeaderElection.java:askForVotes(178)) - bf55b3f9-6b09-4365-9d71-55289e083fa5@group-EFD1D20A002C-LeaderElection580: begin an election at term 682 for -1: [f4c54511-b161-4347-aec5-5236dc80a0d8:0.0.0.0:41238, 907b9765-214b-4864-b66a-d6e2a5789e5c:0.0.0.0:41650, bf55b3f9-6b09-4365-9d71-55289e083fa5:0.0.0.0:42441], old=null
2019-10-16 18:02:05,486 [grpc-default-executor-2] INFO  impl.RaftServerImpl (RaftServerImpl.java:setRole(184)) - f4c54511-b161-4347-aec5-5236dc80a0d8@group-EFD1D20A002C: changes role from  FOLLOWER to FOLLOWER at term 682 for recognizeCandidate:bf55b3f9-6b09-4365-9d71-55289e083fa5
2019-10-16 18:02:05,486 [grpc-default-executor-2] INFO  impl.RoleInfo (RoleInfo.java:shutdownFollowerState(121)) - f4c54511-b161-4347-aec5-5236dc80a0d8: shutdown FollowerState
2019-10-16 18:02:05,486 [grpc-default-executor-0] INFO  impl.RaftServerImpl (RaftServerImpl.java:setRole(184)) - 907b9765-214b-4864-b66a-d6e2a5789e5c@group-EFD1D20A002C: changes role from  FOLLOWER to FOLLOWER at term 682 for recognizeCandidate:bf55b3f9-6b09-4365-9d71-55289e083fa5
2019-10-16 18:02:05,487 [grpc-default-executor-0] INFO  impl.RoleInfo (RoleInfo.java:shutdownFollowerState(121)) - 907b9765-214b-4864-b66a-d6e2a5789e5c: shutdown FollowerState
2019-10-16 18:02:05,486 [Thread-4118] INFO  impl.FollowerState (FollowerState.java:run(117)) - f4c54511-b161-4347-aec5-5236dc80a0d8@group-EFD1D20A002C-FollowerState was interrupted: java.lang.InterruptedException: sleep interrupted
2019-10-16 18:02:05,487 [Thread-4117] INFO  impl.FollowerState (FollowerState.java:run(117)) - 907b9765-214b-4864-b66a-d6e2a5789e5c@group-EFD1D20A002C-FollowerState was interrupted: java.lang.InterruptedException: sleep interrupted
2019-10-16 18:02:05,486 [grpc-default-executor-2] INFO  impl.RoleInfo (RoleInfo.java:updateAndGet(143)) - f4c54511-b161-4347-aec5-5236dc80a0d8: start FollowerState
2019-10-16 18:02:05,487 [grpc-default-executor-0] INFO  impl.RoleInfo (RoleInfo.java:updateAndGet(143)) - 907b9765-214b-4864-b66a-d6e2a5789e5c: start FollowerState
2019-10-16 18:02:05,520 [bf55b3f9-6b09-4365-9d71-55289e083fa5@group-EFD1D20A002C-LeaderElection580] INFO  impl.LeaderElection (LeaderElection.java:logAndReturn(56)) - bf55b3f9-6b09-4365-9d71-55289e083fa5@group-EFD1D20A002C-LeaderElection580: Election REJECTED; received 2 response(s) [bf55b3f9-6b09-4365-9d71-55289e083fa5<-f4c54511-b161-4347-aec5-5236dc80a0d8#0:FAIL-t682, bf55b3f9-6b09-4365-9d71-55289e083fa5<-907b9765-214b-4864-b66a-d6e2a5789e5c#0:FAIL-t682] and 0 exception(s); bf55b3f9-6b09-4365-9d71-55289e083fa5@group-EFD1D20A002C:t682, leader=null, voted=bf55b3f9-6b09-4365-9d71-55289e083fa5, raftlog=bf55b3f9-6b09-4365-9d71-55289e083fa5@group-EFD1D20A002C-SegmentedRaftLog:OPENED:c-1,f-1,i0, conf=-1: [f4c54511-b161-4347-aec5-5236dc80a0d8:0.0.0.0:41238, 907b9765-214b-4864-b66a-d6e2a5789e5c:0.0.0.0:41650, bf55b3f9-6b09-4365-9d71-55289e083fa5:0.0.0.0:42441], old=null
2019-10-16 18:02:05,520 [bf55b3f9-6b09-4365-9d71-55289e083fa5@group-EFD1D20A002C-LeaderElection580] INFO  impl.RaftServerImpl (RaftServerImpl.java:setRole(184)) - bf55b3f9-6b09-4365-9d71-55289e083fa5@group-EFD1D20A002C: changes role from CANDIDATE to FOLLOWER at term 682 for DISCOVERED_A_NEW_TERM
2019-10-16 18:02:05,520 [bf55b3f9-6b09-4365-9d71-55289e083fa5@group-EFD1D20A002C-LeaderElection580] INFO  impl.RoleInfo (RoleInfo.java:shutdownLeaderElection(134)) - bf55b3f9-6b09-4365-9d71-55289e083fa5: shutdown LeaderElection
2019-10-16 18:02:05,520 [bf55b3f9-6b09-4365-9d71-55289e083fa5@group-EFD1D20A002C-LeaderElection580] INFO  impl.RoleInfo (RoleInfo.java:updateAndGet(143)) - bf55b3f9-6b09-4365-9d71-55289e083fa5: start FollowerState
2019-10-16 18:02:05,529 [Thread-4123] INFO  impl.FollowerState (FollowerState.java:run(108)) - bf55b3f9-6b09-4365-9d71-55289e083fa5@group-EFD1D20A002C-FollowerState: change to CANDIDATE, lastRpcTime:8ms, electionTimeout:8ms
2019-10-16 18:02:05,529 [Thread-4123] INFO  impl.RoleInfo (RoleInfo.java:shutdownFollowerState(121)) - bf55b3f9-6b09-4365-9d71-55289e083fa5: shutdown FollowerState
2019-10-16 18:02:05,529 [Thread-4123] INFO  impl.RaftServerImpl (RaftServerImpl.java:setRole(184)) - bf55b3f9-6b09-4365-9d71-55289e083fa5@group-EFD1D20A002C: changes role from  FOLLOWER to CANDIDATE at term 682 for changeToCandidate
2019-10-16 18:02:05,529 [Thread-4123] INFO  impl.RoleInfo (RoleInfo.java:updateAndGet(143)) - bf55b3f9-6b09-4365-9d71-55289e083fa5: start LeaderElection
2019-10-16 18:02:05,553 [bf55b3f9-6b09-4365-9d71-55289e083fa5@group-EFD1D20A002C-LeaderElection581] INFO  impl.LeaderElection (LeaderElection.java:askForVotes(178)) - bf55b3f9-6b09-4365-9d71-55289e083fa5@group-EFD1D20A002C-LeaderElection581: begin an election at term 683 for -1: [f4c54511-b161-4347-aec5-5236dc80a0d8:0.0.0.0:41238, 907b9765-214b-4864-b66a-d6e2a5789e5c:0.0.0.0:41650, bf55b3f9-6b09-4365-9d71-55289e083fa5:0.0.0.0:42441], old=null
2019-10-16 18:02:05,554 [grpc-default-executor-0] INFO  impl.RaftServerImpl (RaftServerImpl.java:setRole(184)) - f4c54511-b161-4347-aec5-5236dc80a0d8@group-EFD1D20A002C: changes role from  FOLLOWER to FOLLOWER at term 683 for recognizeCandidate:bf55b3f9-6b09-4365-9d71-55289e083fa5
2019-10-16 18:02:05,555 [grpc-default-executor-0] INFO  impl.RoleInfo (RoleInfo.java:shutdownFollowerState(121)) - f4c54511-b161-4347-aec5-5236dc80a0d8: shutdown FollowerState
2019-10-16 18:02:05,555 [grpc-default-executor-2] INFO  impl.RaftServerImpl (RaftServerImpl.java:setRole(184)) - 907b9765-214b-4864-b66a-d6e2a5789e5c@group-EFD1D20A002C: changes role from  FOLLOWER to FOLLOWER at term 683 for recognizeCandidate:bf55b3f9-6b09-4365-9d71-55289e083fa5
2019-10-16 18:02:05,555 [grpc-default-executor-2] INFO  impl.RoleInfo (RoleInfo.java:shutdownFollowerState(121)) - 907b9765-214b-4864-b66a-d6e2a5789e5c: shutdown FollowerState
2019-10-16 18:02:05,555 [Thread-4121] INFO  impl.FollowerState (FollowerState.java:run(117)) - f4c54511-b161-4347-aec5-5236dc80a0d8@group-EFD1D20A002C-FollowerState was interrupted: java.lang.InterruptedException: sleep interrupted
2019-10-16 18:02:05,555 [Thread-4122] INFO  impl.FollowerState (FollowerState.java:run(117)) - 907b9765-214b-4864-b66a-d6e2a5789e5c@group-EFD1D20A002C-FollowerState was interrupted: java.lang.InterruptedException: sleep interrupted
2019-10-16 18:02:05,555 [grpc-default-executor-0] INFO  impl.RoleInfo (RoleInfo.java:updateAndGet(143)) - f4c54511-b161-4347-aec5-5236dc80a0d8: start FollowerState
2019-10-16 18:02:05,555 [grpc-default-executor-2] INFO  impl.RoleInfo (RoleInfo.java:updateAndGet(143)) - 907b9765-214b-4864-b66a-d6e2a5789e5c: start FollowerState
2019-10-16 18:02:05,579 [bf55b3f9-6b09-4365-9d71-55289e083fa5@group-EFD1D20A002C-LeaderElection581] INFO  impl.LeaderElection (LeaderElection.java:logAndReturn(56)) - bf55b3f9-6b09-4365-9d71-55289e083fa5@group-EFD1D20A002C-LeaderElection581: Election REJECTED; received 2 response(s) [bf55b3f9-6b09-4365-9d71-55289e083fa5<-f4c54511-b161-4347-aec5-5236dc80a0d8#0:FAIL-t683, bf55b3f9-6b09-4365-9d71-55289e083fa5<-907b9765-214b-4864-b66a-d6e2a5789e5c#0:FAIL-t683] and 0 exception(s); bf55b3f9-6b09-4365-9d71-55289e083fa5@group-EFD1D20A002C:t683, leader=null, voted=bf55b3f9-6b09-4365-9d71-55289e083fa5, raftlog=bf55b3f9-6b09-4365-9d71-55289e083fa5@group-EFD1D20A002C-SegmentedRaftLog:OPENED:c-1,f-1,i0, conf=-1: [f4c54511-b161-4347-aec5-5236dc80a0d8:0.0.0.0:41238, 907b9765-214b-4864-b66a-d6e2a5789e5c:0.0.0.0:41650, bf55b3f9-6b09-4365-9d71-55289e083fa5:0.0.0.0:42441], old=null
2019-10-16 18:02:05,579 [bf55b3f9-6b09-4365-9d71-55289e083fa5@group-EFD1D20A002C-LeaderElection581] INFO  impl.RaftServerImpl (RaftServerImpl.java:setRole(184)) - bf55b3f9-6b09-4365-9d71-55289e083fa5@group-EFD1D20A002C: changes role from CANDIDATE to FOLLOWER at term 683 for DISCOVERED_A_NEW_TERM
2019-10-16 18:02:05,579 [bf55b3f9-6b09-4365-9d71-55289e083fa5@group-EFD1D20A002C-LeaderElection581] INFO  impl.RoleInfo (RoleInfo.java:shutdownLeaderElection(134)) - bf55b3f9-6b09-4365-9d71-55289e083fa5: shutdown LeaderElection
2019-10-16 18:02:05,579 [bf55b3f9-6b09-4365-9d71-55289e083fa5@group-EFD1D20A002C-LeaderElection581] INFO  impl.RoleInfo (RoleInfo.java:updateAndGet(143)) - bf55b3f9-6b09-4365-9d71-55289e083fa5: start FollowerState
2019-10-16 18:02:05,607 [Thread-4129] INFO  impl.FollowerState (FollowerState.java:run(108)) - bf55b3f9-6b09-4365-9d71-55289e083fa5@group-EFD1D20A002C-FollowerState: change to CANDIDATE, lastRpcTime:27ms, electionTimeout:27ms
2019-10-16 18:02:05,607 [Thread-4129] INFO  impl.RoleInfo (RoleInfo.java:shutdownFollowerState(121)) - bf55b3f9-6b09-4365-9d71-55289e083fa5: shutdown FollowerState
2019-10-16 18:02:05,607 [Thread-4129] INFO  impl.RaftServerImpl (RaftServerImpl.java:setRole(184)) - bf55b3f9-6b09-4365-9d71-55289e083fa5@group-EFD1D20A002C: changes role from  FOLLOWER to CANDIDATE at term 683 for changeToCandidate
2019-10-16 18:02:05,607 [Thread-4129] INFO  impl.RoleInfo (RoleInfo.java:updateAndGet(143)) - bf55b3f9-6b09-4365-9d71-55289e083fa5: start LeaderElection
2019-10-16 18:02:05,629 [bf55b3f9-6b09-4365-9d71-55289e083fa5@group-EFD1D20A002C-LeaderElection582] INFO  impl.LeaderElection (LeaderElection.java:askForVotes(178)) - bf55b3f9-6b09-4365-9d71-55289e083fa5@group-EFD1D20A002C-LeaderElection582: begin an election at term 684 for -1: [f4c54511-b161-4347-aec5-5236dc80a0d8:0.0.0.0:41238, 907b9765-214b-4864-b66a-d6e2a5789e5c:0.0.0.0:41650, bf55b3f9-6b09-4365-9d71-55289e083fa5:0.0.0.0:42441], old=null
2019-10-16 18:02:05,631 [grpc-default-executor-0] INFO  impl.RaftServerImpl (RaftServerImpl.java:setRole(184)) - 907b9765-214b-4864-b66a-d6e2a5789e5c@group-EFD1D20A002C: changes role from  FOLLOWER to FOLLOWER at term 684 for recognizeCandidate:bf55b3f9-6b09-4365-9d71-55289e083fa5
2019-10-16 18:02:05,631 [grpc-default-executor-0] INFO  impl.RoleInfo (RoleInfo.java:shutdownFollowerState(121)) - 907b9765-214b-4864-b66a-d6e2a5789e5c: shutdown FollowerState
2019-10-16 18:02:05,631 [grpc-default-executor-2] INFO  impl.RaftServerImpl (RaftServerImpl.java:setRole(184)) - f4c54511-b161-4347-aec5-5236dc80a0d8@group-EFD1D20A002C: changes role from  FOLLOWER to FOLLOWER at term 684 for recognizeCandidate:bf55b3f9-6b09-4365-9d71-55289e083fa5
2019-10-16 18:02:05,631 [grpc-default-executor-2] INFO  impl.RoleInfo (RoleInfo.java:shutdownFollowerState(121)) - f4c54511-b161-4347-aec5-5236dc80a0d8: shutdown FollowerState
2019-10-16 18:02:05,631 [Thread-4128] INFO  impl.FollowerState (FollowerState.java:run(117)) - 907b9765-214b-4864-b66a-d6e2a5789e5c@group-EFD1D20A002C-FollowerState was interrupted: java.lang.InterruptedException: sleep interrupted
2019-10-16 18:02:05,631 [grpc-default-executor-0] INFO  impl.RoleInfo (RoleInfo.java:updateAndGet(143)) - 907b9765-214b-4864-b66a-d6e2a5789e5c: start FollowerState
2019-10-16 18:02:05,632 [Thread-4127] INFO  impl.FollowerState (FollowerState.java:run(117)) - f4c54511-b161-4347-aec5-5236dc80a0d8@group-EFD1D20A002C-FollowerState was interrupted: java.lang.InterruptedException: sleep interrupted
2019-10-16 18:02:05,632 [grpc-default-executor-2] INFO  impl.RoleInfo (RoleInfo.java:updateAndGet(143)) - f4c54511-b161-4347-aec5-5236dc80a0d8: start FollowerState
2019-10-16 18:02:05,655 [bf55b3f9-6b09-4365-9d71-55289e083fa5@group-EFD1D20A002C-LeaderElection582] INFO  impl.LeaderElection (LeaderElection.java:logAndReturn(56)) - bf55b3f9-6b09-4365-9d71-55289e083fa5@group-EFD1D20A002C-LeaderElection582: Election REJECTED; received 2 response(s) [bf55b3f9-6b09-4365-9d71-55289e083fa5<-f4c54511-b161-4347-aec5-5236dc80a0d8#0:FAIL-t684, bf55b3f9-6b09-4365-9d71-55289e083fa5<-907b9765-214b-4864-b66a-d6e2a5789e5c#0:FAIL-t684] and 0 exception(s); bf55b3f9-6b09-4365-9d71-55289e083fa5@group-EFD1D20A002C:t684, leader=null, voted=bf55b3f9-6b09-4365-9d71-55289e083fa5, raftlog=bf55b3f9-6b09-4365-9d71-55289e083fa5@group-EFD1D20A002C-SegmentedRaftLog:OPENED:c-1,f-1,i0, conf=-1: [f4c54511-b161-4347-aec5-5236dc80a0d8:0.0.0.0:41238, 907b9765-214b-4864-b66a-d6e2a5789e5c:0.0.0.0:41650, bf55b3f9-6b09-4365-9d71-55289e083fa5:0.0.0.0:42441], old=null
2019-10-16 18:02:05,656 [bf55b3f9-6b09-4365-9d71-55289e083fa5@group-EFD1D20A002C-LeaderElection582] INFO  impl.RaftServerImpl (RaftServerImpl.java:setRole(184)) - bf55b3f9-6b09-4365-9d71-55289e083fa5@group-EFD1D20A002C: changes role from CANDIDATE to FOLLOWER at term 684 for DISCOVERED_A_NEW_TERM
2019-10-16 18:02:05,656 [bf55b3f9-6b09-4365-9d71-55289e083fa5@group-EFD1D20A002C-LeaderElection582] INFO  impl.RoleInfo (RoleInfo.java:shutdownLeaderElection(134)) - bf55b3f9-6b09-4365-9d71-55289e083fa5: shutdown LeaderElection
2019-10-16 18:02:05,656 [bf55b3f9-6b09-4365-9d71-55289e083fa5@group-EFD1D20A002C-LeaderElection582] INFO  impl.RoleInfo (RoleInfo.java:updateAndGet(143)) - bf55b3f9-6b09-4365-9d71-55289e083fa5: start FollowerState
2019-10-16 18:02:05,790 [Thread-4135] INFO  impl.FollowerState (FollowerState.java:run(108)) - bf55b3f9-6b09-4365-9d71-55289e083fa5@group-EFD1D20A002C-FollowerState: change to CANDIDATE, lastRpcTime:134ms, electionTimeout:134ms
2019-10-16 18:02:05,791 [Thread-4135] INFO  impl.RoleInfo (RoleInfo.java:shutdownFollowerState(121)) - bf55b3f9-6b09-4365-9d71-55289e083fa5: shutdown FollowerState
2019-10-16 18:02:05,791 [Thread-4135] INFO  impl.RaftServerImpl (RaftServerImpl.java:setRole(184)) - bf55b3f9-6b09-4365-9d71-55289e083fa5@group-EFD1D20A002C: changes role from  FOLLOWER to CANDIDATE at term 684 for changeToCandidate
2019-10-16 18:02:05,791 [Thread-4135] INFO  impl.RoleInfo (RoleInfo.java:updateAndGet(143)) - bf55b3f9-6b09-4365-9d71-55289e083fa5: start LeaderElection
2019-10-16 18:02:05,814 [bf55b3f9-6b09-4365-9d71-55289e083fa5@group-EFD1D20A002C-LeaderElection583] INFO  impl.LeaderElection (LeaderElection.java:askForVotes(178)) - bf55b3f9-6b09-4365-9d71-55289e083fa5@group-EFD1D20A002C-LeaderElection583: begin an election at term 685 for -1: [f4c54511-b161-4347-aec5-5236dc80a0d8:0.0.0.0:41238, 907b9765-214b-4864-b66a-d6e2a5789e5c:0.0.0.0:41650, bf55b3f9-6b09-4365-9d71-55289e083fa5:0.0.0.0:42441], old=null
2019-10-16 18:02:05,816 [grpc-default-executor-0] INFO  impl.RaftServerImpl (RaftServerImpl.java:setRole(184)) - f4c54511-b161-4347-aec5-5236dc80a0d8@group-EFD1D20A002C: changes role from  FOLLOWER to FOLLOWER at term 685 for recognizeCandidate:bf55b3f9-6b09-4365-9d71-55289e083fa5
2019-10-16 18:02:05,816 [grpc-default-executor-0] INFO  impl.RoleInfo (RoleInfo.java:shutdownFollowerState(121)) - f4c54511-b161-4347-aec5-5236dc80a0d8: shutdown FollowerState
2019-10-16 18:02:05,816 [grpc-default-executor-3] INFO  impl.RaftServerImpl (RaftServerImpl.java:setRole(184)) - 907b9765-214b-4864-b66a-d6e2a5789e5c@group-EFD1D20A002C: changes role from  FOLLOWER to FOLLOWER at term 685 for recognizeCandidate:bf55b3f9-6b09-4365-9d71-55289e083fa5
2019-10-16 18:02:05,817 [Thread-4134] INFO  impl.FollowerState (FollowerState.java:run(117)) - f4c54511-b161-4347-aec5-5236dc80a0d8@group-EFD1D20A002C-FollowerState was interrupted: java.lang.InterruptedException: sleep interrupted
2019-10-16 18:02:05,816 [grpc-default-executor-0] INFO  impl.RoleInfo (RoleInfo.java:updateAndGet(143)) - f4c54511-b161-4347-aec5-5236dc80a0d8: start FollowerState
2019-10-16 18:02:05,817 [grpc-default-executor-3] INFO  impl.RoleInfo (RoleInfo.java:shutdownFollowerState(121)) - 907b9765-214b-4864-b66a-d6e2a5789e5c: shutdown FollowerState
2019-10-16 18:02:05,817 [grpc-default-executor-3] INFO  impl.RoleInfo (RoleInfo.java:updateAndGet(143)) - 907b9765-214b-4864-b66a-d6e2a5789e5c: start FollowerState
2019-10-16 18:02:05,817 [Thread-4133] INFO  impl.FollowerState (FollowerState.java:run(117)) - 907b9765-214b-4864-b66a-d6e2a5789e5c@group-EFD1D20A002C-FollowerState was interrupted: java.lang.InterruptedException: sleep interrupted
2019-10-16 18:02:05,832 [bf55b3f9-6b09-4365-9d71-55289e083fa5@group-EFD1D20A002C-LeaderElection583] INFO  impl.LeaderElection (LeaderElection.java:logAndReturn(56)) - bf55b3f9-6b09-4365-9d71-55289e083fa5@group-EFD1D20A002C-LeaderElection583: Election REJECTED; received 2 response(s) [bf55b3f9-6b09-4365-9d71-55289e083fa5<-f4c54511-b161-4347-aec5-5236dc80a0d8#0:FAIL-t685, bf55b3f9-6b09-4365-9d71-55289e083fa5<-907b9765-214b-4864-b66a-d6e2a5789e5c#0:FAIL-t685] and 0 exception(s); bf55b3f9-6b09-4365-9d71-55289e083fa5@group-EFD1D20A002C:t685, leader=null, voted=bf55b3f9-6b09-4365-9d71-55289e083fa5, raftlog=bf55b3f9-6b09-4365-9d71-55289e083fa5@group-EFD1D20A002C-SegmentedRaftLog:OPENED:c-1,f-1,i0, conf=-1: [f4c54511-b161-4347-aec5-5236dc80a0d8:0.0.0.0:41238, 907b9765-214b-4864-b66a-d6e2a5789e5c:0.0.0.0:41650, bf55b3f9-6b09-4365-9d71-55289e083fa5:0.0.0.0:42441], old=null
2019-10-16 18:02:05,832 [bf55b3f9-6b09-4365-9d71-55289e083fa5@group-EFD1D20A002C-LeaderElection583] INFO  impl.RaftServerImpl (RaftServerImpl.java:setRole(184)) - bf55b3f9-6b09-4365-9d71-55289e083fa5@group-EFD1D20A002C: changes role from CANDIDATE to FOLLOWER at term 685 for DISCOVERED_A_NEW_TERM
2019-10-16 18:02:05,832 [bf55b3f9-6b09-4365-9d71-55289e083fa5@group-EFD1D20A002C-LeaderElection583] INFO  impl.RoleInfo (RoleInfo.java:shutdownLeaderElection(134)) - bf55b3f9-6b09-4365-9d71-55289e083fa5: shutdown LeaderElection
2019-10-16 18:02:05,832 [bf55b3f9-6b09-4365-9d71-55289e083fa5@group-EFD1D20A002C-LeaderElection583] INFO  impl.RoleInfo (RoleInfo.java:updateAndGet(143)) - bf55b3f9-6b09-4365-9d71-55289e083fa5: start FollowerState
2019-10-16 18:02:05,839 [Thread-4141] INFO  impl.FollowerState (FollowerState.java:run(108)) - bf55b3f9-6b09-4365-9d71-55289e083fa5@group-EFD1D20A002C-FollowerState: change to CANDIDATE, lastRpcTime:6ms, electionTimeout:6ms
2019-10-16 18:02:05,839 [Thread-4141] INFO  impl.RoleInfo (RoleInfo.java:shutdownFollowerState(121)) - bf55b3f9-6b09-4365-9d71-55289e083fa5: shutdown FollowerState
2019-10-16 18:02:05,839 [Thread-4141] INFO  impl.RaftServerImpl (RaftServerImpl.java:setRole(184)) - bf55b3f9-6b09-4365-9d71-55289e083fa5@group-EFD1D20A002C: changes role from  FOLLOWER to CANDIDATE at term 685 for changeToCandidate
2019-10-16 18:02:05,839 [Thread-4141] INFO  impl.RoleInfo (RoleInfo.java:updateAndGet(143)) - bf55b3f9-6b09-4365-9d71-55289e083fa5: start LeaderElection
2019-10-16 18:02:05,865 [bf55b3f9-6b09-4365-9d71-55289e083fa5@group-EFD1D20A002C-LeaderElection584] INFO  impl.LeaderElection (LeaderElection.java:askForVotes(178)) - bf55b3f9-6b09-4365-9d71-55289e083fa5@group-EFD1D20A002C-LeaderElection584: begin an election at term 686 for -1: [f4c54511-b161-4347-aec5-5236dc80a0d8:0.0.0.0:41238, 907b9765-214b-4864-b66a-d6e2a5789e5c:0.0.0.0:41650, bf55b3f9-6b09-4365-9d71-55289e083fa5:0.0.0.0:42441], old=null
2019-10-16 18:02:05,867 [grpc-default-executor-0] INFO  impl.RaftServerImpl (RaftServerImpl.java:setRole(184)) - 907b9765-214b-4864-b66a-d6e2a5789e5c@group-EFD1D20A002C: changes role from  FOLLOWER to FOLLOWER at term 686 for recognizeCandidate:bf55b3f9-6b09-4365-9d71-55289e083fa5
2019-10-16 18:02:05,867 [grpc-default-executor-3] INFO  impl.RaftServerImpl (RaftServerImpl.java:setRole(184)) - f4c54511-b161-4347-aec5-5236dc80a0d8@group-EFD1D20A002C: changes role from  FOLLOWER to FOLLOWER at term 686 for recognizeCandidate:bf55b3f9-6b09-4365-9d71-55289e083fa5
2019-10-16 18:02:05,867 [grpc-default-executor-3] INFO  impl.RoleInfo (RoleInfo.java:shutdownFollowerState(121)) - f4c54511-b161-4347-aec5-5236dc80a0d8: shutdown FollowerState
2019-10-16 18:02:05,867 [grpc-default-executor-0] INFO  impl.RoleInfo (RoleInfo.java:shutdownFollowerState(121)) - 907b9765-214b-4864-b66a-d6e2a5789e5c: shutdown FollowerState
2019-10-16 18:02:05,868 [Thread-4139] INFO  impl.FollowerState (FollowerState.java:run(117)) - f4c54511-b161-4347-aec5-5236dc80a0d8@group-EFD1D20A002C-FollowerState was interrupted: java.lang.InterruptedException: sleep interrupted
2019-10-16 18:02:05,868 [grpc-default-executor-3] INFO  impl.RoleInfo (RoleInfo.java:updateAndGet(143)) - f4c54511-b161-4347-aec5-5236dc80a0d8: start FollowerState
2019-10-16 18:02:05,868 [grpc-default-executor-0] INFO  impl.RoleInfo (RoleInfo.java:updateAndGet(143)) - 907b9765-214b-4864-b66a-d6e2a5789e5c: start FollowerState
2019-10-16 18:02:05,868 [Thread-4140] INFO  impl.FollowerState (FollowerState.java:run(117)) - 907b9765-214b-4864-b66a-d6e2a5789e5c@group-EFD1D20A002C-FollowerState was interrupted: java.lang.InterruptedException: sleep interrupted
2019-10-16 18:02:05,891 [bf55b3f9-6b09-4365-9d71-55289e083fa5@group-EFD1D20A002C-LeaderElection584] INFO  impl.LeaderElection (LeaderElection.java:logAndReturn(56)) - bf55b3f9-6b09-4365-9d71-55289e083fa5@group-EFD1D20A002C-LeaderElection584: Election REJECTED; received 2 response(s) [bf55b3f9-6b09-4365-9d71-55289e083fa5<-f4c54511-b161-4347-aec5-5236dc80a0d8#0:FAIL-t686, bf55b3f9-6b09-4365-9d71-55289e083fa5<-907b9765-214b-4864-b66a-d6e2a5789e5c#0:FAIL-t686] and 0 exception(s); bf55b3f9-6b09-4365-9d71-55289e083fa5@group-EFD1D20A002C:t686, leader=null, voted=bf55b3f9-6b09-4365-9d71-55289e083fa5, raftlog=bf55b3f9-6b09-4365-9d71-55289e083fa5@group-EFD1D20A002C-SegmentedRaftLog:OPENED:c-1,f-1,i0, conf=-1: [f4c54511-b161-4347-aec5-5236dc80a0d8:0.0.0.0:41238, 907b9765-214b-4864-b66a-d6e2a5789e5c:0.0.0.0:41650, bf55b3f9-6b09-4365-9d71-55289e083fa5:0.0.0.0:42441], old=null
2019-10-16 18:02:05,892 [bf55b3f9-6b09-4365-9d71-55289e083fa5@group-EFD1D20A002C-LeaderElection584] INFO  impl.RaftServerImpl (RaftServerImpl.java:setRole(184)) - bf55b3f9-6b09-4365-9d71-55289e083fa5@group-EFD1D20A002C: changes role from CANDIDATE to FOLLOWER at term 686 for DISCOVERED_A_NEW_TERM
2019-10-16 18:02:05,892 [bf55b3f9-6b09-4365-9d71-55289e083fa5@group-EFD1D20A002C-LeaderElection584] INFO  impl.RoleInfo (RoleInfo.java:shutdownLeaderElection(134)) - bf55b3f9-6b09-4365-9d71-55289e083fa5: shutdown LeaderElection
2019-10-16 18:02:05,892 [bf55b3f9-6b09-4365-9d71-55289e083fa5@group-EFD1D20A002C-LeaderElection584] INFO  impl.RoleInfo (RoleInfo.java:updateAndGet(143)) - bf55b3f9-6b09-4365-9d71-55289e083fa5: start FollowerState
2019-10-16 18:02:06,059 [Thread-4147] INFO  impl.FollowerState (FollowerState.java:run(108)) - bf55b3f9-6b09-4365-9d71-55289e083fa5@group-EFD1D20A002C-FollowerState: change to CANDIDATE, lastRpcTime:167ms, electionTimeout:167ms
2019-10-16 18:02:06,059 [Thread-4147] INFO  impl.RoleInfo (RoleInfo.java:shutdownFollowerState(121)) - bf55b3f9-6b09-4365-9d71-55289e083fa5: shutdown FollowerState
2019-10-16 18:02:06,060 [Thread-4147] INFO  impl.RaftServerImpl (RaftServerImpl.java:setRole(184)) - bf55b3f9-6b09-4365-9d71-55289e083fa5@group-EFD1D20A002C: changes role from  FOLLOWER to CANDIDATE at term 686 for changeToCandidate
2019-10-16 18:02:06,060 [Thread-4147] INFO  impl.RoleInfo (RoleInfo.java:updateAndGet(143)) - bf55b3f9-6b09-4365-9d71-55289e083fa5: start LeaderElection
2019-10-16 18:02:06,083 [bf55b3f9-6b09-4365-9d71-55289e083fa5@group-EFD1D20A002C-LeaderElection585] INFO  impl.LeaderElection (LeaderElection.java:askForVotes(178)) - bf55b3f9-6b09-4365-9d71-55289e083fa5@group-EFD1D20A002C-LeaderElection585: begin an election at term 687 for -1: [f4c54511-b161-4347-aec5-5236dc80a0d8:0.0.0.0:41238, 907b9765-214b-4864-b66a-d6e2a5789e5c:0.0.0.0:41650, bf55b3f9-6b09-4365-9d71-55289e083fa5:0.0.0.0:42441], old=null
2019-10-16 18:02:06,085 [grpc-default-executor-0] INFO  impl.RaftServerImpl (RaftServerImpl.java:setRole(184)) - f4c54511-b161-4347-aec5-5236dc80a0d8@group-EFD1D20A002C: changes role from  FOLLOWER to FOLLOWER at term 687 for recognizeCandidate:bf55b3f9-6b09-4365-9d71-55289e083fa5
2019-10-16 18:02:06,085 [grpc-default-executor-3] INFO  impl.RaftServerImpl (RaftServerImpl.java:setRole(184)) - 907b9765-214b-4864-b66a-d6e2a5789e5c@group-EFD1D20A002C: changes role from  FOLLOWER to FOLLOWER at term 687 for recognizeCandidate:bf55b3f9-6b09-4365-9d71-55289e083fa5
2019-10-16 18:02:06,086 [grpc-default-executor-0] INFO  impl.RoleInfo (RoleInfo.java:shutdownFollowerState(121)) - f4c54511-b161-4347-aec5-5236dc80a0d8: shutdown FollowerState
2019-10-16 18:02:06,086 [grpc-default-executor-3] INFO  impl.RoleInfo (RoleInfo.java:shutdownFollowerState(121)) - 907b9765-214b-4864-b66a-d6e2a5789e5c: shutdown FollowerState
2019-10-16 18:02:06,086 [Thread-4145] INFO  impl.FollowerState (FollowerState.java:run(117)) - f4c54511-b161-4347-aec5-5236dc80a0d8@group-EFD1D20A002C-FollowerState was interrupted: java.lang.InterruptedException: sleep interrupted
2019-10-16 18:02:06,086 [grpc-default-executor-0] INFO  impl.RoleInfo (RoleInfo.java:updateAndGet(143)) - f4c54511-b161-4347-aec5-5236dc80a0d8: start FollowerState
2019-10-16 18:02:06,086 [Thread-4146] INFO  impl.FollowerState (FollowerState.java:run(117)) - 907b9765-214b-4864-b66a-d6e2a5789e5c@group-EFD1D20A002C-FollowerState was interrupted: java.lang.InterruptedException: sleep interrupted
2019-10-16 18:02:06,086 [grpc-default-executor-3] INFO  impl.RoleInfo (RoleInfo.java:updateAndGet(143)) - 907b9765-214b-4864-b66a-d6e2a5789e5c: start FollowerState
2019-10-16 18:02:06,110 [bf55b3f9-6b09-4365-9d71-55289e083fa5@group-EFD1D20A002C-LeaderElection585] INFO  impl.LeaderElection (LeaderElection.java:logAndReturn(56)) - bf55b3f9-6b09-4365-9d71-55289e083fa5@group-EFD1D20A002C-LeaderElection585: Election REJECTED; received 2 response(s) [bf55b3f9-6b09-4365-9d71-55289e083fa5<-f4c54511-b161-4347-aec5-5236dc80a0d8#0:FAIL-t687, bf55b3f9-6b09-4365-9d71-55289e083fa5<-907b9765-214b-4864-b66a-d6e2a5789e5c#0:FAIL-t687] and 0 exception(s); bf55b3f9-6b09-4365-9d71-55289e083fa5@group-EFD1D20A002C:t687, leader=null, voted=bf55b3f9-6b09-4365-9d71-55289e083fa5, raftlog=bf55b3f9-6b09-4365-9d71-55289e083fa5@group-EFD1D20A002C-SegmentedRaftLog:OPENED:c-1,f-1,i0, conf=-1: [f4c54511-b161-4347-aec5-5236dc80a0d8:0.0.0.0:41238, 907b9765-214b-4864-b66a-d6e2a5789e5c:0.0.0.0:41650, bf55b3f9-6b09-4365-9d71-55289e083fa5:0.0.0.0:42441], old=null
2019-10-16 18:02:06,110 [bf55b3f9-6b09-4365-9d71-55289e083fa5@group-EFD1D20A002C-LeaderElection585] INFO  impl.RaftServerImpl (RaftServerImpl.java:setRole(184)) - bf55b3f9-6b09-4365-9d71-55289e083fa5@group-EFD1D20A002C: changes role from CANDIDATE to FOLLOWER at term 687 for DISCOVERED_A_NEW_TERM
2019-10-16 18:02:06,110 [bf55b3f9-6b09-4365-9d71-55289e083fa5@group-EFD1D20A002C-LeaderElection585] INFO  impl.RoleInfo (RoleInfo.java:shutdownLeaderElection(134)) - bf55b3f9-6b09-4365-9d71-55289e083fa5: shutdown LeaderElection
2019-10-16 18:02:06,110 [bf55b3f9-6b09-4365-9d71-55289e083fa5@group-EFD1D20A002C-LeaderElection585] INFO  impl.RoleInfo (RoleInfo.java:updateAndGet(143)) - bf55b3f9-6b09-4365-9d71-55289e083fa5: start FollowerState
2019-10-16 18:02:06,122 [Thread-4153] INFO  impl.FollowerState (FollowerState.java:run(108)) - bf55b3f9-6b09-4365-9d71-55289e083fa5@group-EFD1D20A002C-FollowerState: change to CANDIDATE, lastRpcTime:11ms, electionTimeout:11ms
2019-10-16 18:02:06,122 [Thread-4153] INFO  impl.RoleInfo (RoleInfo.java:shutdownFollowerState(121)) - bf55b3f9-6b09-4365-9d71-55289e083fa5: shutdown FollowerState
2019-10-16 18:02:06,122 [Thread-4153] INFO  impl.RaftServerImpl (RaftServerImpl.java:setRole(184)) - bf55b3f9-6b09-4365-9d71-55289e083fa5@group-EFD1D20A002C: changes role from  FOLLOWER to CANDIDATE at term 687 for changeToCandidate
2019-10-16 18:02:06,122 [Thread-4153] INFO  impl.RoleInfo (RoleInfo.java:updateAndGet(143)) - bf55b3f9-6b09-4365-9d71-55289e083fa5: start LeaderElection
2019-10-16 18:02:06,151 [bf55b3f9-6b09-4365-9d71-55289e083fa5@group-EFD1D20A002C-LeaderElection586] INFO  impl.LeaderElection (LeaderElection.java:askForVotes(178)) - bf55b3f9-6b09-4365-9d71-55289e083fa5@group-EFD1D20A002C-LeaderElection586: begin an election at term 688 for -1: [f4c54511-b161-4347-aec5-5236dc80a0d8:0.0.0.0:41238, 907b9765-214b-4864-b66a-d6e2a5789e5c:0.0.0.0:41650, bf55b3f9-6b09-4365-9d71-55289e083fa5:0.0.0.0:42441], old=null
2019-10-16 18:02:06,153 [grpc-default-executor-0] INFO  impl.RaftServerImpl (RaftServerImpl.java:setRole(184)) - f4c54511-b161-4347-aec5-5236dc80a0d8@group-EFD1D20A002C: changes role from  FOLLOWER to FOLLOWER at term 688 for recognizeCandidate:bf55b3f9-6b09-4365-9d71-55289e083fa5
2019-10-16 18:02:06,153 [grpc-default-executor-0] INFO  impl.RoleInfo (RoleInfo.java:shutdownFollowerState(121)) - f4c54511-b161-4347-aec5-5236dc80a0d8: shutdown FollowerState
2019-10-16 18:02:06,153 [grpc-default-executor-0] INFO  impl.RoleInfo (RoleInfo.java:updateAndGet(143)) - f4c54511-b161-4347-aec5-5236dc80a0d8: start FollowerState
2019-10-16 18:02:06,153 [Thread-4151] INFO  impl.FollowerState (FollowerState.java:run(117)) - f4c54511-b161-4347-aec5-5236dc80a0d8@group-EFD1D20A002C-FollowerState was interrupted: java.lang.InterruptedException: sleep interrupted
2019-10-16 18:02:06,154 [grpc-default-executor-3] INFO  impl.RaftServerImpl (RaftServerImpl.java:setRole(184)) - 907b9765-214b-4864-b66a-d6e2a5789e5c@group-EFD1D20A002C: changes role from  FOLLOWER to FOLLOWER at term 688 for recognizeCandidate:bf55b3f9-6b09-4365-9d71-55289e083fa5
2019-10-16 18:02:06,155 [grpc-default-executor-3] INFO  impl.RoleInfo (RoleInfo.java:shutdownFollowerState(121)) - 907b9765-214b-4864-b66a-d6e2a5789e5c: shutdown FollowerState
2019-10-16 18:02:06,155 [grpc-default-executor-3] INFO  impl.RoleInfo (RoleInfo.java:updateAndGet(143)) - 907b9765-214b-4864-b66a-d6e2a5789e5c: start FollowerState
2019-10-16 18:02:06,155 [Thread-4152] INFO  impl.FollowerState (FollowerState.java:run(117)) - 907b9765-214b-4864-b66a-d6e2a5789e5c@group-EFD1D20A002C-FollowerState was interrupted: java.lang.InterruptedException: sleep interrupted
2019-10-16 18:02:06,177 [bf55b3f9-6b09-4365-9d71-55289e083fa5@group-EFD1D20A002C-LeaderElection586] INFO  impl.LeaderElection (LeaderElection.java:logAndReturn(56)) - bf55b3f9-6b09-4365-9d71-55289e083fa5@group-EFD1D20A002C-LeaderElection586: Election REJECTED; received 2 response(s) [bf55b3f9-6b09-4365-9d71-55289e083fa5<-f4c54511-b161-4347-aec5-5236dc80a0d8#0:FAIL-t688, bf55b3f9-6b09-4365-9d71-55289e083fa5<-907b9765-214b-4864-b66a-d6e2a5789e5c#0:FAIL-t688] and 0 exception(s); bf55b3f9-6b09-4365-9d71-55289e083fa5@group-EFD1D20A002C:t688, leader=null, voted=bf55b3f9-6b09-4365-9d71-55289e083fa5, raftlog=bf55b3f9-6b09-4365-9d71-55289e083fa5@group-EFD1D20A002C-SegmentedRaftLog:OPENED:c-1,f-1,i0, conf=-1: [f4c54511-b161-4347-aec5-5236dc80a0d8:0.0.0.0:41238, 907b9765-214b-4864-b66a-d6e2a5789e5c:0.0.0.0:41650, bf55b3f9-6b09-4365-9d71-55289e083fa5:0.0.0.0:42441], old=null
2019-10-16 18:02:06,177 [bf55b3f9-6b09-4365-9d71-55289e083fa5@group-EFD1D20A002C-LeaderElection586] INFO  impl.RaftServerImpl (RaftServerImpl.java:setRole(184)) - bf55b3f9-6b09-4365-9d71-55289e083fa5@group-EFD1D20A002C: changes role from CANDIDATE to FOLLOWER at term 688 for DISCOVERED_A_NEW_TERM
2019-10-16 18:02:06,178 [bf55b3f9-6b09-4365-9d71-55289e083fa5@group-EFD1D20A002C-LeaderElection586] INFO  impl.RoleInfo (RoleInfo.java:shutdownLeaderElection(134)) - bf55b3f9-6b09-4365-9d71-55289e083fa5: shutdown LeaderElection
2019-10-16 18:02:06,178 [bf55b3f9-6b09-4365-9d71-55289e083fa5@group-EFD1D20A002C-LeaderElection586] INFO  impl.RoleInfo (RoleInfo.java:updateAndGet(143)) - bf55b3f9-6b09-4365-9d71-55289e083fa5: start FollowerState
2019-10-16 18:02:06,310 [Thread-4159] INFO  impl.FollowerState (FollowerState.java:run(108)) - bf55b3f9-6b09-4365-9d71-55289e083fa5@group-EFD1D20A002C-FollowerState: change to CANDIDATE, lastRpcTime:132ms, electionTimeout:132ms
2019-10-16 18:02:06,310 [Thread-4159] INFO  impl.RoleInfo (RoleInfo.java:shutdownFollowerState(121)) - bf55b3f9-6b09-4365-9d71-55289e083fa5: shutdown FollowerState
2019-10-16 18:02:06,310 [Thread-4159] INFO  impl.RaftServerImpl (RaftServerImpl.java:setRole(184)) - bf55b3f9-6b09-4365-9d71-55289e083fa5@group-EFD1D20A002C: changes role from  FOLLOWER to CANDIDATE at term 688 for changeToCandidate
2019-10-16 18:02:06,310 [Thread-4159] INFO  impl.RoleInfo (RoleInfo.java:updateAndGet(143)) - bf55b3f9-6b09-4365-9d71-55289e083fa5: start LeaderElection
2019-10-16 18:02:06,337 [bf55b3f9-6b09-4365-9d71-55289e083fa5@group-EFD1D20A002C-LeaderElection587] INFO  impl.LeaderElection (LeaderElection.java:askForVotes(178)) - bf55b3f9-6b09-4365-9d71-55289e083fa5@group-EFD1D20A002C-LeaderElection587: begin an election at term 689 for -1: [f4c54511-b161-4347-aec5-5236dc80a0d8:0.0.0.0:41238, 907b9765-214b-4864-b66a-d6e2a5789e5c:0.0.0.0:41650, bf55b3f9-6b09-4365-9d71-55289e083fa5:0.0.0.0:42441], old=null
2019-10-16 18:02:06,339 [grpc-default-executor-0] INFO  impl.RaftServerImpl (RaftServerImpl.java:setRole(184)) - f4c54511-b161-4347-aec5-5236dc80a0d8@group-EFD1D20A002C: changes role from  FOLLOWER to FOLLOWER at term 689 for recognizeCandidate:bf55b3f9-6b09-4365-9d71-55289e083fa5
2019-10-16 18:02:06,339 [grpc-default-executor-3] INFO  impl.RaftServerImpl (RaftServerImpl.java:setRole(184)) - 907b9765-214b-4864-b66a-d6e2a5789e5c@group-EFD1D20A002C: changes role from  FOLLOWER to FOLLOWER at term 689 for recognizeCandidate:bf55b3f9-6b09-4365-9d71-55289e083fa5
2019-10-16 18:02:06,339 [grpc-default-executor-3] INFO  impl.RoleInfo (RoleInfo.java:shutdownFollowerState(121)) - 907b9765-214b-4864-b66a-d6e2a5789e5c: shutdown FollowerState
2019-10-16 18:02:06,339 [grpc-default-executor-0] INFO  impl.RoleInfo (RoleInfo.java:shutdownFollowerState(121)) - f4c54511-b161-4347-aec5-5236dc80a0d8: shutdown FollowerState
2019-10-16 18:02:06,339 [Thread-4158] INFO  impl.FollowerState (FollowerState.java:run(117)) - 907b9765-214b-4864-b66a-d6e2a5789e5c@group-EFD1D20A002C-FollowerState was interrupted: java.lang.InterruptedException: sleep interrupted
2019-10-16 18:02:06,339 [grpc-default-executor-3] INFO  impl.RoleInfo (RoleInfo.java:updateAndGet(143)) - 907b9765-214b-4864-b66a-d6e2a5789e5c: start FollowerState
2019-10-16 18:02:06,339 [Thread-4157] INFO  impl.FollowerState (FollowerState.java:run(117)) - f4c54511-b161-4347-aec5-5236dc80a0d8@group-EFD1D20A002C-FollowerState was interrupted: java.lang.InterruptedException: sleep interrupted
2019-10-16 18:02:06,339 [grpc-default-executor-0] INFO  impl.RoleInfo (RoleInfo.java:updateAndGet(143)) - f4c54511-b161-4347-aec5-5236dc80a0d8: start FollowerState
2019-10-16 18:02:06,363 [bf55b3f9-6b09-4365-9d71-55289e083fa5@group-EFD1D20A002C-LeaderElection587] INFO  impl.LeaderElection (LeaderElection.java:logAndReturn(56)) - bf55b3f9-6b09-4365-9d71-55289e083fa5@group-EFD1D20A002C-LeaderElection587: Election REJECTED; received 2 response(s) [bf55b3f9-6b09-4365-9d71-55289e083fa5<-f4c54511-b161-4347-aec5-5236dc80a0d8#0:FAIL-t689, bf55b3f9-6b09-4365-9d71-55289e083fa5<-907b9765-214b-4864-b66a-d6e2a5789e5c#0:FAIL-t689] and 0 exception(s); bf55b3f9-6b09-4365-9d71-55289e083fa5@group-EFD1D20A002C:t689, leader=null, voted=bf55b3f9-6b09-4365-9d71-55289e083fa5, raftlog=bf55b3f9-6b09-4365-9d71-55289e083fa5@group-EFD1D20A002C-SegmentedRaftLog:OPENED:c-1,f-1,i0, conf=-1: [f4c54511-b161-4347-aec5-5236dc80a0d8:0.0.0.0:41238, 907b9765-214b-4864-b66a-d6e2a5789e5c:0.0.0.0:41650, bf55b3f9-6b09-4365-9d71-55289e083fa5:0.0.0.0:42441], old=null
2019-10-16 18:02:06,364 [bf55b3f9-6b09-4365-9d71-55289e083fa5@group-EFD1D20A002C-LeaderElection587] INFO  impl.RaftServerImpl (RaftServerImpl.java:setRole(184)) - bf55b3f9-6b09-4365-9d71-55289e083fa5@group-EFD1D20A002C: changes role from CANDIDATE to FOLLOWER at term 689 for DISCOVERED_A_NEW_TERM
2019-10-16 18:02:06,364 [bf55b3f9-6b09-4365-9d71-55289e083fa5@group-EFD1D20A002C-LeaderElection587] INFO  impl.RoleInfo (RoleInfo.java:shutdownLeaderElection(134)) - bf55b3f9-6b09-4365-9d71-55289e083fa5: shutdown LeaderElection
2019-10-16 18:02:06,364 [bf55b3f9-6b09-4365-9d71-55289e083fa5@group-EFD1D20A002C-LeaderElection587] INFO  impl.RoleInfo (RoleInfo.java:updateAndGet(143)) - bf55b3f9-6b09-4365-9d71-55289e083fa5: start FollowerState
2019-10-16 18:02:06,472 [Thread-4165] INFO  impl.FollowerState (FollowerState.java:run(108)) - bf55b3f9-6b09-4365-9d71-55289e083fa5@group-EFD1D20A002C-FollowerState: change to CANDIDATE, lastRpcTime:108ms, electionTimeout:108ms
2019-10-16 18:02:06,473 [Thread-4165] INFO  impl.RoleInfo (RoleInfo.java:shutdownFollowerState(121)) - bf55b3f9-6b09-4365-9d71-55289e083fa5: shutdown FollowerState
2019-10-16 18:02:06,473 [Thread-4165] INFO  impl.RaftServerImpl (RaftServerImpl.java:setRole(184)) - bf55b3f9-6b09-4365-9d71-55289e083fa5@group-EFD1D20A002C: changes role from  FOLLOWER to CANDIDATE at term 689 for changeToCandidate
2019-10-16 18:02:06,473 [Thread-4165] INFO  impl.RoleInfo (RoleInfo.java:updateAndGet(143)) - bf55b3f9-6b09-4365-9d71-55289e083fa5: start LeaderElection
2019-10-16 18:02:06,547 [bf55b3f9-6b09-4365-9d71-55289e083fa5@group-EFD1D20A002C-LeaderElection588] INFO  impl.LeaderElection (LeaderElection.java:askForVotes(178)) - bf55b3f9-6b09-4365-9d71-55289e083fa5@group-EFD1D20A002C-LeaderElection588: begin an election at term 690 for -1: [f4c54511-b161-4347-aec5-5236dc80a0d8:0.0.0.0:41238, 907b9765-214b-4864-b66a-d6e2a5789e5c:0.0.0.0:41650, bf55b3f9-6b09-4365-9d71-55289e083fa5:0.0.0.0:42441], old=null
2019-10-16 18:02:06,549 [grpc-default-executor-3] INFO  impl.RaftServerImpl (RaftServerImpl.java:setRole(184)) - f4c54511-b161-4347-aec5-5236dc80a0d8@group-EFD1D20A002C: changes role from  FOLLOWER to FOLLOWER at term 690 for recognizeCandidate:bf55b3f9-6b09-4365-9d71-55289e083fa5
2019-10-16 18:02:06,549 [grpc-default-executor-0] INFO  impl.RaftServerImpl (RaftServerImpl.java:setRole(184)) - 907b9765-214b-4864-b66a-d6e2a5789e5c@group-EFD1D20A002C: changes role from  FOLLOWER to FOLLOWER at term 690 for recognizeCandidate:bf55b3f9-6b09-4365-9d71-55289e083fa5
2019-10-16 18:02:06,550 [grpc-default-executor-0] INFO  impl.RoleInfo (RoleInfo.java:shutdownFollowerState(121)) - 907b9765-214b-4864-b66a-d6e2a5789e5c: shutdown FollowerState
2019-10-16 18:02:06,550 [grpc-default-executor-3] INFO  impl.RoleInfo (RoleInfo.java:shutdownFollowerState(121)) - f4c54511-b161-4347-aec5-5236dc80a0d8: shutdown FollowerState
2019-10-16 18:02:06,550 [Thread-4163] INFO  impl.FollowerState (FollowerState.java:run(117)) - 907b9765-214b-4864-b66a-d6e2a5789e5c@group-EFD1D20A002C-FollowerState was interrupted: java.lang.InterruptedException: sleep interrupted
2019-10-16 18:02:06,550 [Thread-4164] INFO  impl.FollowerState (FollowerState.java:run(117)) - f4c54511-b161-4347-aec5-5236dc80a0d8@group-EFD1D20A002C-FollowerState was interrupted: java.lang.InterruptedException: sleep interrupted
2019-10-16 18:02:06,550 [grpc-default-executor-0] INFO  impl.RoleInfo (RoleInfo.java:updateAndGet(143)) - 907b9765-214b-4864-b66a-d6e2a5789e5c: start FollowerState
2019-10-16 18:02:06,550 [grpc-default-executor-3] INFO  impl.RoleInfo (RoleInfo.java:updateAndGet(143)) - f4c54511-b161-4347-aec5-5236dc80a0d8: start FollowerState
2019-10-16 18:02:06,572 [bf55b3f9-6b09-4365-9d71-55289e083fa5@group-EFD1D20A002C-LeaderElection588] INFO  impl.LeaderElection (LeaderElection.java:logAndReturn(56)) - bf55b3f9-6b09-4365-9d71-55289e083fa5@group-EFD1D20A002C-LeaderElection588: Election TIMEOUT; received 0 response(s) [] and 0 exception(s); bf55b3f9-6b09-4365-9d71-55289e083fa5@group-EFD1D20A002C:t690, leader=null, voted=bf55b3f9-6b09-4365-9d71-55289e083fa5, raftlog=bf55b3f9-6b09-4365-9d71-55289e083fa5@group-EFD1D20A002C-SegmentedRaftLog:OPENED:c-1,f-1,i0, conf=-1: [f4c54511-b161-4347-aec5-5236dc80a0d8:0.0.0.0:41238, 907b9765-214b-4864-b66a-d6e2a5789e5c:0.0.0.0:41650, bf55b3f9-6b09-4365-9d71-55289e083fa5:0.0.0.0:42441], old=null
2019-10-16 18:02:06,590 [bf55b3f9-6b09-4365-9d71-55289e083fa5@group-EFD1D20A002C-LeaderElection588] INFO  impl.LeaderElection (LeaderElection.java:askForVotes(178)) - bf55b3f9-6b09-4365-9d71-55289e083fa5@group-EFD1D20A002C-LeaderElection588: begin an election at term 691 for -1: [f4c54511-b161-4347-aec5-5236dc80a0d8:0.0.0.0:41238, 907b9765-214b-4864-b66a-d6e2a5789e5c:0.0.0.0:41650, bf55b3f9-6b09-4365-9d71-55289e083fa5:0.0.0.0:42441], old=null
2019-10-16 18:02:06,591 [grpc-default-executor-3] INFO  impl.RaftServerImpl (RaftServerImpl.java:setRole(184)) - f4c54511-b161-4347-aec5-5236dc80a0d8@group-EFD1D20A002C: changes role from  FOLLOWER to FOLLOWER at term 691 for recognizeCandidate:bf55b3f9-6b09-4365-9d71-55289e083fa5
2019-10-16 18:02:06,591 [grpc-default-executor-3] INFO  impl.RoleInfo (RoleInfo.java:shutdownFollowerState(121)) - f4c54511-b161-4347-aec5-5236dc80a0d8: shutdown FollowerState
2019-10-16 18:02:06,591 [grpc-default-executor-0] INFO  impl.RaftServerImpl (RaftServerImpl.java:setRole(184)) - 907b9765-214b-4864-b66a-d6e2a5789e5c@group-EFD1D20A002C: changes role from  FOLLOWER to FOLLOWER at term 691 for recognizeCandidate:bf55b3f9-6b09-4365-9d71-55289e083fa5
2019-10-16 18:02:06,592 [grpc-default-executor-0] INFO  impl.RoleInfo (RoleInfo.java:shutdownFollowerState(121)) - 907b9765-214b-4864-b66a-d6e2a5789e5c: shutdown FollowerState
2019-10-16 18:02:06,592 [Thread-4172] INFO  impl.FollowerState (FollowerState.java:run(117)) - f4c54511-b161-4347-aec5-5236dc80a0d8@group-EFD1D20A002C-FollowerState was interrupted: java.lang.InterruptedException: sleep interrupted
2019-10-16 18:02:06,592 [grpc-default-executor-3] INFO  impl.RoleInfo (RoleInfo.java:updateAndGet(143)) - f4c54511-b161-4347-aec5-5236dc80a0d8: start FollowerState
2019-10-16 18:02:06,592 [Thread-4171] INFO  impl.FollowerState (FollowerState.java:run(117)) - 907b9765-214b-4864-b66a-d6e2a5789e5c@group-EFD1D20A002C-FollowerState was interrupted: java.lang.InterruptedException: sleep interrupted
2019-10-16 18:02:06,592 [grpc-default-executor-0] INFO  impl.RoleInfo (RoleInfo.java:updateAndGet(143)) - 907b9765-214b-4864-b66a-d6e2a5789e5c: start FollowerState
2019-10-16 18:02:06,616 [bf55b3f9-6b09-4365-9d71-55289e083fa5@group-EFD1D20A002C-LeaderElection588] INFO  impl.LeaderElection (LeaderElection.java:logAndReturn(56)) - bf55b3f9-6b09-4365-9d71-55289e083fa5@group-EFD1D20A002C-LeaderElection588: Election REJECTED; received 2 response(s) [bf55b3f9-6b09-4365-9d71-55289e083fa5<-f4c54511-b161-4347-aec5-5236dc80a0d8#0:FAIL-t691, bf55b3f9-6b09-4365-9d71-55289e083fa5<-907b9765-214b-4864-b66a-d6e2a5789e5c#0:FAIL-t691] and 0 exception(s); bf55b3f9-6b09-4365-9d71-55289e083fa5@group-EFD1D20A002C:t691, leader=null, voted=bf55b3f9-6b09-4365-9d71-55289e083fa5, raftlog=bf55b3f9-6b09-4365-9d71-55289e083fa5@group-EFD1D20A002C-SegmentedRaftLog:OPENED:c-1,f-1,i0, conf=-1: [f4c54511-b161-4347-aec5-5236dc80a0d8:0.0.0.0:41238, 907b9765-214b-4864-b66a-d6e2a5789e5c:0.0.0.0:41650, bf55b3f9-6b09-4365-9d71-55289e083fa5:0.0.0.0:42441], old=null
2019-10-16 18:02:06,616 [bf55b3f9-6b09-4365-9d71-55289e083fa5@group-EFD1D20A002C-LeaderElection588] INFO  impl.RaftServerImpl (RaftServerImpl.java:setRole(184)) - bf55b3f9-6b09-4365-9d71-55289e083fa5@group-EFD1D20A002C: changes role from CANDIDATE to FOLLOWER at term 691 for DISCOVERED_A_NEW_TERM
2019-10-16 18:02:06,616 [bf55b3f9-6b09-4365-9d71-55289e083fa5@group-EFD1D20A002C-LeaderElection588] INFO  impl.RoleInfo (RoleInfo.java:shutdownLeaderElection(134)) - bf55b3f9-6b09-4365-9d71-55289e083fa5: shutdown LeaderElection
2019-10-16 18:02:06,617 [bf55b3f9-6b09-4365-9d71-55289e083fa5@group-EFD1D20A002C-LeaderElection588] INFO  impl.RoleInfo (RoleInfo.java:updateAndGet(143)) - bf55b3f9-6b09-4365-9d71-55289e083fa5: start FollowerState
2019-10-16 18:02:06,673 [Thread-4177] INFO  impl.FollowerState (FollowerState.java:run(108)) - bf55b3f9-6b09-4365-9d71-55289e083fa5@group-EFD1D20A002C-FollowerState: change to CANDIDATE, lastRpcTime:56ms, electionTimeout:56ms
2019-10-16 18:02:06,673 [Thread-4177] INFO  impl.RoleInfo (RoleInfo.java:shutdownFollowerState(121)) - bf55b3f9-6b09-4365-9d71-55289e083fa5: shutdown FollowerState
2019-10-16 18:02:06,673 [Thread-4177] INFO  impl.RaftServerImpl (RaftServerImpl.java:setRole(184)) - bf55b3f9-6b09-4365-9d71-55289e083fa5@group-EFD1D20A002C: changes role from  FOLLOWER to CANDIDATE at term 691 for changeToCandidate
2019-10-16 18:02:06,673 [Thread-4177] INFO  impl.RoleInfo (RoleInfo.java:updateAndGet(143)) - bf55b3f9-6b09-4365-9d71-55289e083fa5: start LeaderElection
2019-10-16 18:02:06,699 [bf55b3f9-6b09-4365-9d71-55289e083fa5@group-EFD1D20A002C-LeaderElection589] INFO  impl.LeaderElection (LeaderElection.java:askForVotes(178)) - bf55b3f9-6b09-4365-9d71-55289e083fa5@group-EFD1D20A002C-LeaderElection589: begin an election at term 692 for -1: [f4c54511-b161-4347-aec5-5236dc80a0d8:0.0.0.0:41238, 907b9765-214b-4864-b66a-d6e2a5789e5c:0.0.0.0:41650, bf55b3f9-6b09-4365-9d71-55289e083fa5:0.0.0.0:42441], old=null
2019-10-16 18:02:06,701 [grpc-default-executor-0] INFO  impl.RaftServerImpl (RaftServerImpl.java:setRole(184)) - f4c54511-b161-4347-aec5-5236dc80a0d8@group-EFD1D20A002C: changes role from  FOLLOWER to FOLLOWER at term 692 for recognizeCandidate:bf55b3f9-6b09-4365-9d71-55289e083fa5
2019-10-16 18:02:06,701 [grpc-default-executor-3] INFO  impl.RaftServerImpl (RaftServerImpl.java:setRole(184)) - 907b9765-214b-4864-b66a-d6e2a5789e5c@group-EFD1D20A002C: changes role from  FOLLOWER to FOLLOWER at term 692 for recognizeCandidate:bf55b3f9-6b09-4365-9d71-55289e083fa5
2019-10-16 18:02:06,701 [grpc-default-executor-3] INFO  impl.RoleInfo (RoleInfo.java:shutdownFollowerState(121)) - 907b9765-214b-4864-b66a-d6e2a5789e5c: shutdown FollowerState
2019-10-16 18:02:06,701 [grpc-default-executor-0] INFO  impl.RoleInfo (RoleInfo.java:shutdownFollowerState(121)) - f4c54511-b161-4347-aec5-5236dc80a0d8: shutdown FollowerState
2019-10-16 18:02:06,701 [Thread-4176] INFO  impl.FollowerState (FollowerState.java:run(117)) - 907b9765-214b-4864-b66a-d6e2a5789e5c@group-EFD1D20A002C-FollowerState was interrupted: java.lang.InterruptedException: sleep interrupted
2019-10-16 18:02:06,701 [grpc-default-executor-3] INFO  impl.RoleInfo (RoleInfo.java:updateAndGet(143)) - 907b9765-214b-4864-b66a-d6e2a5789e5c: start FollowerState
2019-10-16 18:02:06,701 [Thread-4175] INFO  impl.FollowerState (FollowerState.java:run(117)) - f4c54511-b161-4347-aec5-5236dc80a0d8@group-EFD1D20A002C-FollowerState was interrupted: java.lang.InterruptedException: sleep interrupted
2019-10-16 18:02:06,701 [grpc-default-executor-0] INFO  impl.RoleInfo (RoleInfo.java:updateAndGet(143)) - f4c54511-b161-4347-aec5-5236dc80a0d8: start FollowerState
2019-10-16 18:02:06,725 [bf55b3f9-6b09-4365-9d71-55289e083fa5@group-EFD1D20A002C-LeaderElection589] INFO  impl.LeaderElection (LeaderElection.java:logAndReturn(56)) - bf55b3f9-6b09-4365-9d71-55289e083fa5@group-EFD1D20A002C-LeaderElection589: Election REJECTED; received 2 response(s) [bf55b3f9-6b09-4365-9d71-55289e083fa5<-f4c54511-b161-4347-aec5-5236dc80a0d8#0:FAIL-t692, bf55b3f9-6b09-4365-9d71-55289e083fa5<-907b9765-214b-4864-b66a-d6e2a5789e5c#0:FAIL-t692] and 0 exception(s); bf55b3f9-6b09-4365-9d71-55289e083fa5@group-EFD1D20A002C:t692, leader=null, voted=bf55b3f9-6b09-4365-9d71-55289e083fa5, raftlog=bf55b3f9-6b09-4365-9d71-55289e083fa5@group-EFD1D20A002C-SegmentedRaftLog:OPENED:c-1,f-1,i0, conf=-1: [f4c54511-b161-4347-aec5-5236dc80a0d8:0.0.0.0:41238, 907b9765-214b-4864-b66a-d6e2a5789e5c:0.0.0.0:41650, bf55b3f9-6b09-4365-9d71-55289e083fa5:0.0.0.0:42441], old=null
2019-10-16 18:02:06,725 [bf55b3f9-6b09-4365-9d71-55289e083fa5@group-EFD1D20A002C-LeaderElection589] INFO  impl.RaftServerImpl (RaftServerImpl.java:setRole(184)) - bf55b3f9-6b09-4365-9d71-55289e083fa5@group-EFD1D20A002C: changes role from CANDIDATE to FOLLOWER at term 692 for DISCOVERED_A_NEW_TERM
2019-10-16 18:02:06,725 [bf55b3f9-6b09-4365-9d71-55289e083fa5@group-EFD1D20A002C-LeaderElection589] INFO  impl.RoleInfo (RoleInfo.java:shutdownLeaderElection(134)) - bf55b3f9-6b09-4365-9d71-55289e083fa5: shutdown LeaderElection
2019-10-16 18:02:06,725 [bf55b3f9-6b09-4365-9d71-55289e083fa5@group-EFD1D20A002C-LeaderElection589] INFO  impl.RoleInfo (RoleInfo.java:updateAndGet(143)) - bf55b3f9-6b09-4365-9d71-55289e083fa5: start FollowerState
2019-10-16 18:02:06,781 [Thread-4183] INFO  impl.FollowerState (FollowerState.java:run(108)) - bf55b3f9-6b09-4365-9d71-55289e083fa5@group-EFD1D20A002C-FollowerState: change to CANDIDATE, lastRpcTime:55ms, electionTimeout:55ms
2019-10-16 18:02:06,781 [Thread-4183] INFO  impl.RoleInfo (RoleInfo.java:shutdownFollowerState(121)) - bf55b3f9-6b09-4365-9d71-55289e083fa5: shutdown FollowerState
2019-10-16 18:02:06,781 [Thread-4183] INFO  impl.RaftServerImpl (RaftServerImpl.java:setRole(184)) - bf55b3f9-6b09-4365-9d71-55289e083fa5@group-EFD1D20A002C: changes role from  FOLLOWER to CANDIDATE at term 692 for changeToCandidate
2019-10-16 18:02:06,781 [Thread-4183] INFO  impl.RoleInfo (RoleInfo.java:updateAndGet(143)) - bf55b3f9-6b09-4365-9d71-55289e083fa5: start LeaderElection
2019-10-16 18:02:06,817 [bf55b3f9-6b09-4365-9d71-55289e083fa5@group-EFD1D20A002C-LeaderElection590] INFO  impl.LeaderElection (LeaderElection.java:askForVotes(178)) - bf55b3f9-6b09-4365-9d71-55289e083fa5@group-EFD1D20A002C-LeaderElection590: begin an election at term 693 for -1: [f4c54511-b161-4347-aec5-5236dc80a0d8:0.0.0.0:41238, 907b9765-214b-4864-b66a-d6e2a5789e5c:0.0.0.0:41650, bf55b3f9-6b09-4365-9d71-55289e083fa5:0.0.0.0:42441], old=null
2019-10-16 18:02:06,819 [grpc-default-executor-3] INFO  impl.RaftServerImpl (RaftServerImpl.java:setRole(184)) - f4c54511-b161-4347-aec5-5236dc80a0d8@group-EFD1D20A002C: changes role from  FOLLOWER to FOLLOWER at term 693 for recognizeCandidate:bf55b3f9-6b09-4365-9d71-55289e083fa5
2019-10-16 18:02:06,820 [grpc-default-executor-3] INFO  impl.RoleInfo (RoleInfo.java:shutdownFollowerState(121)) - f4c54511-b161-4347-aec5-5236dc80a0d8: shutdown FollowerState
2019-10-16 18:02:06,820 [grpc-default-executor-0] INFO  impl.RaftServerImpl (RaftServerImpl.java:setRole(184)) - 907b9765-214b-4864-b66a-d6e2a5789e5c@group-EFD1D20A002C: changes role from  FOLLOWER to FOLLOWER at term 693 for recognizeCandidate:bf55b3f9-6b09-4365-9d71-55289e083fa5
2019-10-16 18:02:06,820 [grpc-default-executor-0] INFO  impl.RoleInfo (RoleInfo.java:shutdownFollowerState(121)) - 907b9765-214b-4864-b66a-d6e2a5789e5c: shutdown FollowerState
2019-10-16 18:02:06,820 [Thread-4182] INFO  impl.FollowerState (FollowerState.java:run(117)) - f4c54511-b161-4347-aec5-5236dc80a0d8@group-EFD1D20A002C-FollowerState was interrupted: java.lang.InterruptedException: sleep interrupted
2019-10-16 18:02:06,820 [grpc-default-executor-3] INFO  impl.RoleInfo (RoleInfo.java:updateAndGet(143)) - f4c54511-b161-4347-aec5-5236dc80a0d8: start FollowerState
2019-10-16 18:02:06,820 [Thread-4181] INFO  impl.FollowerState (FollowerState.java:run(117)) - 907b9765-214b-4864-b66a-d6e2a5789e5c@group-EFD1D20A002C-FollowerState was interrupted: java.lang.InterruptedException: sleep interrupted
2019-10-16 18:02:06,820 [grpc-default-executor-0] INFO  impl.RoleInfo (RoleInfo.java:updateAndGet(143)) - 907b9765-214b-4864-b66a-d6e2a5789e5c: start FollowerState
2019-10-16 18:02:06,852 [bf55b3f9-6b09-4365-9d71-55289e083fa5@group-EFD1D20A002C-LeaderElection590] INFO  impl.LeaderElection (LeaderElection.java:logAndReturn(56)) - bf55b3f9-6b09-4365-9d71-55289e083fa5@group-EFD1D20A002C-LeaderElection590: Election REJECTED; received 2 response(s) [bf55b3f9-6b09-4365-9d71-55289e083fa5<-f4c54511-b161-4347-aec5-5236dc80a0d8#0:FAIL-t693, bf55b3f9-6b09-4365-9d71-55289e083fa5<-907b9765-214b-4864-b66a-d6e2a5789e5c#0:FAIL-t693] and 0 exception(s); bf55b3f9-6b09-4365-9d71-55289e083fa5@group-EFD1D20A002C:t693, leader=null, voted=bf55b3f9-6b09-4365-9d71-55289e083fa5, raftlog=bf55b3f9-6b09-4365-9d71-55289e083fa5@group-EFD1D20A002C-SegmentedRaftLog:OPENED:c-1,f-1,i0, conf=-1: [f4c54511-b161-4347-aec5-5236dc80a0d8:0.0.0.0:41238, 907b9765-214b-4864-b66a-d6e2a5789e5c:0.0.0.0:41650, bf55b3f9-6b09-4365-9d71-55289e083fa5:0.0.0.0:42441], old=null
2019-10-16 18:02:06,852 [bf55b3f9-6b09-4365-9d71-55289e083fa5@group-EFD1D20A002C-LeaderElection590] INFO  impl.RaftServerImpl (RaftServerImpl.java:setRole(184)) - bf55b3f9-6b09-4365-9d71-55289e083fa5@group-EFD1D20A002C: changes role from CANDIDATE to FOLLOWER at term 693 for DISCOVERED_A_NEW_TERM
2019-10-16 18:02:06,852 [bf55b3f9-6b09-4365-9d71-55289e083fa5@group-EFD1D20A002C-LeaderElection590] INFO  impl.RoleInfo (RoleInfo.java:shutdownLeaderElection(134)) - bf55b3f9-6b09-4365-9d71-55289e083fa5: shutdown LeaderElection
2019-10-16 18:02:06,853 [bf55b3f9-6b09-4365-9d71-55289e083fa5@group-EFD1D20A002C-LeaderElection590] INFO  impl.RoleInfo (RoleInfo.java:updateAndGet(143)) - bf55b3f9-6b09-4365-9d71-55289e083fa5: start FollowerState
2019-10-16 18:02:06,897 [Thread-4189] INFO  impl.FollowerState (FollowerState.java:run(108)) - bf55b3f9-6b09-4365-9d71-55289e083fa5@group-EFD1D20A002C-FollowerState: change to CANDIDATE, lastRpcTime:44ms, electionTimeout:44ms
2019-10-16 18:02:06,897 [Thread-4189] INFO  impl.RoleInfo (RoleInfo.java:shutdownFollowerState(121)) - bf55b3f9-6b09-4365-9d71-55289e083fa5: shutdown FollowerState
2019-10-16 18:02:06,897 [Thread-4189] INFO  impl.RaftServerImpl (RaftServerImpl.java:setRole(184)) - bf55b3f9-6b09-4365-9d71-55289e083fa5@group-EFD1D20A002C: changes role from  FOLLOWER to CANDIDATE at term 693 for changeToCandidate
2019-10-16 18:02:06,897 [Thread-4189] INFO  impl.RoleInfo (RoleInfo.java:updateAndGet(143)) - bf55b3f9-6b09-4365-9d71-55289e083fa5: start LeaderElection
2019-10-16 18:02:06,927 [bf55b3f9-6b09-4365-9d71-55289e083fa5@group-EFD1D20A002C-LeaderElection591] INFO  impl.LeaderElection (LeaderElection.java:askForVotes(178)) - bf55b3f9-6b09-4365-9d71-55289e083fa5@group-EFD1D20A002C-LeaderElection591: begin an election at term 694 for -1: [f4c54511-b161-4347-aec5-5236dc80a0d8:0.0.0.0:41238, 907b9765-214b-4864-b66a-d6e2a5789e5c:0.0.0.0:41650, bf55b3f9-6b09-4365-9d71-55289e083fa5:0.0.0.0:42441], old=null
2019-10-16 18:02:06,929 [grpc-default-executor-0] INFO  impl.RaftServerImpl (RaftServerImpl.java:setRole(184)) - 907b9765-214b-4864-b66a-d6e2a5789e5c@group-EFD1D20A002C: changes role from  FOLLOWER to FOLLOWER at term 694 for recognizeCandidate:bf55b3f9-6b09-4365-9d71-55289e083fa5
2019-10-16 18:02:06,929 [grpc-default-executor-0] INFO  impl.RoleInfo (RoleInfo.java:shutdownFollowerState(121)) - 907b9765-214b-4864-b66a-d6e2a5789e5c: shutdown FollowerState
2019-10-16 18:02:06,929 [grpc-default-executor-3] INFO  impl.RaftServerImpl (RaftServerImpl.java:setRole(184)) - f4c54511-b161-4347-aec5-5236dc80a0d8@group-EFD1D20A002C: changes role from  FOLLOWER to FOLLOWER at term 694 for recognizeCandidate:bf55b3f9-6b09-4365-9d71-55289e083fa5
2019-10-16 18:02:06,930 [grpc-default-executor-3] INFO  impl.RoleInfo (RoleInfo.java:shutdownFollowerState(121)) - f4c54511-b161-4347-aec5-5236dc80a0d8: shutdown FollowerState
2019-10-16 18:02:06,930 [Thread-4188] INFO  impl.FollowerState (FollowerState.java:run(117)) - 907b9765-214b-4864-b66a-d6e2a5789e5c@group-EFD1D20A002C-FollowerState was interrupted: java.lang.InterruptedException: sleep interrupted
2019-10-16 18:02:06,929 [grpc-default-executor-0] INFO  impl.RoleInfo (RoleInfo.java:updateAndGet(143)) - 907b9765-214b-4864-b66a-d6e2a5789e5c: start FollowerState
2019-10-16 18:02:06,930 [Thread-4187] INFO  impl.FollowerState (FollowerState.java:run(117)) - f4c54511-b161-4347-aec5-5236dc80a0d8@group-EFD1D20A002C-FollowerState was interrupted: java.lang.InterruptedException: sleep interrupted
2019-10-16 18:02:06,930 [grpc-default-executor-3] INFO  impl.RoleInfo (RoleInfo.java:updateAndGet(143)) - f4c54511-b161-4347-aec5-5236dc80a0d8: start FollowerState
2019-10-16 18:02:06,953 [bf55b3f9-6b09-4365-9d71-55289e083fa5@group-EFD1D20A002C-LeaderElection591] INFO  impl.LeaderElection (LeaderElection.java:logAndReturn(56)) - bf55b3f9-6b09-4365-9d71-55289e083fa5@group-EFD1D20A002C-LeaderElection591: Election REJECTED; received 2 response(s) [bf55b3f9-6b09-4365-9d71-55289e083fa5<-f4c54511-b161-4347-aec5-5236dc80a0d8#0:FAIL-t694, bf55b3f9-6b09-4365-9d71-55289e083fa5<-907b9765-214b-4864-b66a-d6e2a5789e5c#0:FAIL-t694] and 0 exception(s); bf55b3f9-6b09-4365-9d71-55289e083fa5@group-EFD1D20A002C:t694, leader=null, voted=bf55b3f9-6b09-4365-9d71-55289e083fa5, raftlog=bf55b3f9-6b09-4365-9d71-55289e083fa5@group-EFD1D20A002C-SegmentedRaftLog:OPENED:c-1,f-1,i0, conf=-1: [f4c54511-b161-4347-aec5-5236dc80a0d8:0.0.0.0:41238, 907b9765-214b-4864-b66a-d6e2a5789e5c:0.0.0.0:41650, bf55b3f9-6b09-4365-9d71-55289e083fa5:0.0.0.0:42441], old=null
2019-10-16 18:02:06,953 [bf55b3f9-6b09-4365-9d71-55289e083fa5@group-EFD1D20A002C-LeaderElection591] INFO  impl.RaftServerImpl (RaftServerImpl.java:setRole(184)) - bf55b3f9-6b09-4365-9d71-55289e083fa5@group-EFD1D20A002C: changes role from CANDIDATE to FOLLOWER at term 694 for DISCOVERED_A_NEW_TERM
2019-10-16 18:02:06,953 [bf55b3f9-6b09-4365-9d71-55289e083fa5@group-EFD1D20A002C-LeaderElection591] INFO  impl.RoleInfo (RoleInfo.java:shutdownLeaderElection(134)) - bf55b3f9-6b09-4365-9d71-55289e083fa5: shutdown LeaderElection
2019-10-16 18:02:06,953 [bf55b3f9-6b09-4365-9d71-55289e083fa5@group-EFD1D20A002C-LeaderElection591] INFO  impl.RoleInfo (RoleInfo.java:updateAndGet(143)) - bf55b3f9-6b09-4365-9d71-55289e083fa5: start FollowerState
2019-10-16 18:02:07,005 [Thread-4195] INFO  impl.FollowerState (FollowerState.java:run(108)) - bf55b3f9-6b09-4365-9d71-55289e083fa5@group-EFD1D20A002C-FollowerState: change to CANDIDATE, lastRpcTime:51ms, electionTimeout:51ms
2019-10-16 18:02:07,005 [Thread-4195] INFO  impl.RoleInfo (RoleInfo.java:shutdownFollowerState(121)) - bf55b3f9-6b09-4365-9d71-55289e083fa5: shutdown FollowerState
2019-10-16 18:02:07,005 [Thread-4195] INFO  impl.RaftServerImpl (RaftServerImpl.java:setRole(184)) - bf55b3f9-6b09-4365-9d71-55289e083fa5@group-EFD1D20A002C: changes role from  FOLLOWER to CANDIDATE at term 694 for changeToCandidate
2019-10-16 18:02:07,005 [Thread-4195] INFO  impl.RoleInfo (RoleInfo.java:updateAndGet(143)) - bf55b3f9-6b09-4365-9d71-55289e083fa5: start LeaderElection
2019-10-16 18:02:07,028 [bf55b3f9-6b09-4365-9d71-55289e083fa5@group-EFD1D20A002C-LeaderElection592] INFO  impl.LeaderElection (LeaderElection.java:askForVotes(178)) - bf55b3f9-6b09-4365-9d71-55289e083fa5@group-EFD1D20A002C-LeaderElection592: begin an election at term 695 for -1: [f4c54511-b161-4347-aec5-5236dc80a0d8:0.0.0.0:41238, 907b9765-214b-4864-b66a-d6e2a5789e5c:0.0.0.0:41650, bf55b3f9-6b09-4365-9d71-55289e083fa5:0.0.0.0:42441], old=null
2019-10-16 18:02:07,030 [grpc-default-executor-3] INFO  impl.RaftServerImpl (RaftServerImpl.java:setRole(184)) - f4c54511-b161-4347-aec5-5236dc80a0d8@group-EFD1D20A002C: changes role from  FOLLOWER to FOLLOWER at term 695 for recognizeCandidate:bf55b3f9-6b09-4365-9d71-55289e083fa5
2019-10-16 18:02:07,030 [grpc-default-executor-0] INFO  impl.RaftServerImpl (RaftServerImpl.java:setRole(184)) - 907b9765-214b-4864-b66a-d6e2a5789e5c@group-EFD1D20A002C: changes role from  FOLLOWER to FOLLOWER at term 695 for recognizeCandidate:bf55b3f9-6b09-4365-9d71-55289e083fa5
2019-10-16 18:02:07,030 [grpc-default-executor-3] INFO  impl.RoleInfo (RoleInfo.java:shutdownFollowerState(121)) - f4c54511-b161-4347-aec5-5236dc80a0d8: shutdown FollowerState
2019-10-16 18:02:07,030 [grpc-default-executor-0] INFO  impl.RoleInfo (RoleInfo.java:shutdownFollowerState(121)) - 907b9765-214b-4864-b66a-d6e2a5789e5c: shutdown FollowerState
2019-10-16 18:02:07,030 [Thread-4194] INFO  impl.FollowerState (FollowerState.java:run(117)) - f4c54511-b161-4347-aec5-5236dc80a0d8@group-EFD1D20A002C-FollowerState was interrupted: java.lang.InterruptedException: sleep interrupted
2019-10-16 18:02:07,030 [grpc-default-executor-3] INFO  impl.RoleInfo (RoleInfo.java:updateAndGet(143)) - f4c54511-b161-4347-aec5-5236dc80a0d8: start FollowerState
2019-10-16 18:02:07,030 [Thread-4193] INFO  impl.FollowerState (FollowerState.java:run(117)) - 907b9765-214b-4864-b66a-d6e2a5789e5c@group-EFD1D20A002C-FollowerState was interrupted: java.lang.InterruptedException: sleep interrupted
2019-10-16 18:02:07,030 [grpc-default-executor-0] INFO  impl.RoleInfo (RoleInfo.java:updateAndGet(143)) - 907b9765-214b-4864-b66a-d6e2a5789e5c: start FollowerState
2019-10-16 18:02:07,063 [bf55b3f9-6b09-4365-9d71-55289e083fa5@group-EFD1D20A002C-LeaderElection592] INFO  impl.LeaderElection (LeaderElection.java:logAndReturn(56)) - bf55b3f9-6b09-4365-9d71-55289e083fa5@group-EFD1D20A002C-LeaderElection592: Election REJECTED; received 2 response(s) [bf55b3f9-6b09-4365-9d71-55289e083fa5<-f4c54511-b161-4347-aec5-5236dc80a0d8#0:FAIL-t695, bf55b3f9-6b09-4365-9d71-55289e083fa5<-907b9765-214b-4864-b66a-d6e2a5789e5c#0:FAIL-t695] and 0 exception(s); bf55b3f9-6b09-4365-9d71-55289e083fa5@group-EFD1D20A002C:t695, leader=null, voted=bf55b3f9-6b09-4365-9d71-55289e083fa5, raftlog=bf55b3f9-6b09-4365-9d71-55289e083fa5@group-EFD1D20A002C-SegmentedRaftLog:OPENED:c-1,f-1,i0, conf=-1: [f4c54511-b161-4347-aec5-5236dc80a0d8:0.0.0.0:41238, 907b9765-214b-4864-b66a-d6e2a5789e5c:0.0.0.0:41650, bf55b3f9-6b09-4365-9d71-55289e083fa5:0.0.0.0:42441], old=null
2019-10-16 18:02:07,064 [bf55b3f9-6b09-4365-9d71-55289e083fa5@group-EFD1D20A002C-LeaderElection592] INFO  impl.RaftServerImpl (RaftServerImpl.java:setRole(184)) - bf55b3f9-6b09-4365-9d71-55289e083fa5@group-EFD1D20A002C: changes role from CANDIDATE to FOLLOWER at term 695 for DISCOVERED_A_NEW_TERM
2019-10-16 18:02:07,064 [bf55b3f9-6b09-4365-9d71-55289e083fa5@group-EFD1D20A002C-LeaderElection592] INFO  impl.RoleInfo (RoleInfo.java:shutdownLeaderElection(134)) - bf55b3f9-6b09-4365-9d71-55289e083fa5: shutdown LeaderElection
2019-10-16 18:02:07,064 [bf55b3f9-6b09-4365-9d71-55289e083fa5@group-EFD1D20A002C-LeaderElection592] INFO  impl.RoleInfo (RoleInfo.java:updateAndGet(143)) - bf55b3f9-6b09-4365-9d71-55289e083fa5: start FollowerState
2019-10-16 18:02:07,252 [Thread-4201] INFO  impl.FollowerState (FollowerState.java:run(108)) - bf55b3f9-6b09-4365-9d71-55289e083fa5@group-EFD1D20A002C-FollowerState: change to CANDIDATE, lastRpcTime:188ms, electionTimeout:188ms
2019-10-16 18:02:07,252 [Thread-4201] INFO  impl.RoleInfo (RoleInfo.java:shutdownFollowerState(121)) - bf55b3f9-6b09-4365-9d71-55289e083fa5: shutdown FollowerState
2019-10-16 18:02:07,253 [Thread-4201] INFO  impl.RaftServerImpl (RaftServerImpl.java:setRole(184)) - bf55b3f9-6b09-4365-9d71-55289e083fa5@group-EFD1D20A002C: changes role from  FOLLOWER to CANDIDATE at term 695 for changeToCandidate
2019-10-16 18:02:07,253 [Thread-4201] INFO  impl.RoleInfo (RoleInfo.java:updateAndGet(143)) - bf55b3f9-6b09-4365-9d71-55289e083fa5: start LeaderElection
2019-10-16 18:02:07,281 [bf55b3f9-6b09-4365-9d71-55289e083fa5@group-EFD1D20A002C-LeaderElection593] INFO  impl.LeaderElection (LeaderElection.java:askForVotes(178)) - bf55b3f9-6b09-4365-9d71-55289e083fa5@group-EFD1D20A002C-LeaderElection593: begin an election at term 696 for -1: [f4c54511-b161-4347-aec5-5236dc80a0d8:0.0.0.0:41238, 907b9765-214b-4864-b66a-d6e2a5789e5c:0.0.0.0:41650, bf55b3f9-6b09-4365-9d71-55289e083fa5:0.0.0.0:42441], old=null
2019-10-16 18:02:07,282 [grpc-default-executor-3] INFO  impl.RaftServerImpl (RaftServerImpl.java:setRole(184)) - 907b9765-214b-4864-b66a-d6e2a5789e5c@group-EFD1D20A002C: changes role from  FOLLOWER to FOLLOWER at term 696 for recognizeCandidate:bf55b3f9-6b09-4365-9d71-55289e083fa5
2019-10-16 18:02:07,282 [grpc-default-executor-3] INFO  impl.RoleInfo (RoleInfo.java:shutdownFollowerState(121)) - 907b9765-214b-4864-b66a-d6e2a5789e5c: shutdown FollowerState
2019-10-16 18:02:07,283 [grpc-default-executor-0] INFO  impl.RaftServerImpl (RaftServerImpl.java:setRole(184)) - f4c54511-b161-4347-aec5-5236dc80a0d8@group-EFD1D20A002C: changes role from  FOLLOWER to FOLLOWER at term 696 for recognizeCandidate:bf55b3f9-6b09-4365-9d71-55289e083fa5
2019-10-16 18:02:07,283 [grpc-default-executor-0] INFO  impl.RoleInfo (RoleInfo.java:shutdownFollowerState(121)) - f4c54511-b161-4347-aec5-5236dc80a0d8: shutdown FollowerState
2019-10-16 18:02:07,283 [Thread-4200] INFO  impl.FollowerState (FollowerState.java:run(117)) - 907b9765-214b-4864-b66a-d6e2a5789e5c@group-EFD1D20A002C-FollowerState was interrupted: java.lang.InterruptedException: sleep interrupted
2019-10-16 18:02:07,283 [grpc-default-executor-3] INFO  impl.RoleInfo (RoleInfo.java:updateAndGet(143)) - 907b9765-214b-4864-b66a-d6e2a5789e5c: start FollowerState
2019-10-16 18:02:07,283 [Thread-4199] INFO  impl.FollowerState (FollowerState.java:run(117)) - f4c54511-b161-4347-aec5-5236dc80a0d8@group-EFD1D20A002C-FollowerState was interrupted: java.lang.InterruptedException: sleep interrupted
2019-10-16 18:02:07,283 [grpc-default-executor-0] INFO  impl.RoleInfo (RoleInfo.java:updateAndGet(143)) - f4c54511-b161-4347-aec5-5236dc80a0d8: start FollowerState
2019-10-16 18:02:07,343 [bf55b3f9-6b09-4365-9d71-55289e083fa5@group-EFD1D20A002C-LeaderElection593] INFO  impl.LeaderElection (LeaderElection.java:logAndReturn(56)) - bf55b3f9-6b09-4365-9d71-55289e083fa5@group-EFD1D20A002C-LeaderElection593: Election TIMEOUT; received 0 response(s) [] and 0 exception(s); bf55b3f9-6b09-4365-9d71-55289e083fa5@group-EFD1D20A002C:t696, leader=null, voted=bf55b3f9-6b09-4365-9d71-55289e083fa5, raftlog=bf55b3f9-6b09-4365-9d71-55289e083fa5@group-EFD1D20A002C-SegmentedRaftLog:OPENED:c-1,f-1,i0, conf=-1: [f4c54511-b161-4347-aec5-5236dc80a0d8:0.0.0.0:41238, 907b9765-214b-4864-b66a-d6e2a5789e5c:0.0.0.0:41650, bf55b3f9-6b09-4365-9d71-55289e083fa5:0.0.0.0:42441], old=null
2019-10-16 18:02:07,365 [bf55b3f9-6b09-4365-9d71-55289e083fa5@group-EFD1D20A002C-LeaderElection593] INFO  impl.LeaderElection (LeaderElection.java:askForVotes(178)) - bf55b3f9-6b09-4365-9d71-55289e083fa5@group-EFD1D20A002C-LeaderElection593: begin an election at term 697 for -1: [f4c54511-b161-4347-aec5-5236dc80a0d8:0.0.0.0:41238, 907b9765-214b-4864-b66a-d6e2a5789e5c:0.0.0.0:41650, bf55b3f9-6b09-4365-9d71-55289e083fa5:0.0.0.0:42441], old=null
2019-10-16 18:02:07,368 [grpc-default-executor-3] INFO  impl.RaftServerImpl (RaftServerImpl.java:setRole(184)) - 907b9765-214b-4864-b66a-d6e2a5789e5c@group-EFD1D20A002C: changes role from  FOLLOWER to FOLLOWER at term 697 for recognizeCandidate:bf55b3f9-6b09-4365-9d71-55289e083fa5
2019-10-16 18:02:07,368 [grpc-default-executor-0] INFO  impl.RaftServerImpl (RaftServerImpl.java:setRole(184)) - f4c54511-b161-4347-aec5-5236dc80a0d8@group-EFD1D20A002C: changes role from  FOLLOWER to FOLLOWER at term 697 for recognizeCandidate:bf55b3f9-6b09-4365-9d71-55289e083fa5
2019-10-16 18:02:07,368 [grpc-default-executor-0] INFO  impl.RoleInfo (RoleInfo.java:shutdownFollowerState(121)) - f4c54511-b161-4347-aec5-5236dc80a0d8: shutdown FollowerState
2019-10-16 18:02:07,368 [grpc-default-executor-3] INFO  impl.RoleInfo (RoleInfo.java:shutdownFollowerState(121)) - 907b9765-214b-4864-b66a-d6e2a5789e5c: shutdown FollowerState
2019-10-16 18:02:07,369 [Thread-4206] INFO  impl.FollowerState (FollowerState.java:run(117)) - f4c54511-b161-4347-aec5-5236dc80a0d8@group-EFD1D20A002C-FollowerState was interrupted: java.lang.InterruptedException: sleep interrupted
2019-10-16 18:02:07,369 [grpc-default-executor-0] INFO  impl.RoleInfo (RoleInfo.java:updateAndGet(143)) - f4c54511-b161-4347-aec5-5236dc80a0d8: start FollowerState
2019-10-16 18:02:07,369 [Thread-4205] INFO  impl.FollowerState (FollowerState.java:run(117)) - 907b9765-214b-4864-b66a-d6e2a5789e5c@group-EFD1D20A002C-FollowerState was interrupted: java.lang.InterruptedException: sleep interrupted
2019-10-16 18:02:07,369 [grpc-default-executor-3] INFO  impl.RoleInfo (RoleInfo.java:updateAndGet(143)) - 907b9765-214b-4864-b66a-d6e2a5789e5c: start FollowerState
2019-10-16 18:02:07,391 [bf55b3f9-6b09-4365-9d71-55289e083fa5@group-EFD1D20A002C-LeaderElection593] INFO  impl.LeaderElection (LeaderElection.java:logAndReturn(56)) - bf55b3f9-6b09-4365-9d71-55289e083fa5@group-EFD1D20A002C-LeaderElection593: Election REJECTED; received 2 response(s) [bf55b3f9-6b09-4365-9d71-55289e083fa5<-f4c54511-b161-4347-aec5-5236dc80a0d8#0:FAIL-t697, bf55b3f9-6b09-4365-9d71-55289e083fa5<-907b9765-214b-4864-b66a-d6e2a5789e5c#0:FAIL-t697] and 0 exception(s); bf55b3f9-6b09-4365-9d71-55289e083fa5@group-EFD1D20A002C:t697, leader=null, voted=bf55b3f9-6b09-4365-9d71-55289e083fa5, raftlog=bf55b3f9-6b09-4365-9d71-55289e083fa5@group-EFD1D20A002C-SegmentedRaftLog:OPENED:c-1,f-1,i0, conf=-1: [f4c54511-b161-4347-aec5-5236dc80a0d8:0.0.0.0:41238, 907b9765-214b-4864-b66a-d6e2a5789e5c:0.0.0.0:41650, bf55b3f9-6b09-4365-9d71-55289e083fa5:0.0.0.0:42441], old=null
2019-10-16 18:02:07,392 [bf55b3f9-6b09-4365-9d71-55289e083fa5@group-EFD1D20A002C-LeaderElection593] INFO  impl.RaftServerImpl (RaftServerImpl.java:setRole(184)) - bf55b3f9-6b09-4365-9d71-55289e083fa5@group-EFD1D20A002C: changes role from CANDIDATE to FOLLOWER at term 697 for DISCOVERED_A_NEW_TERM
2019-10-16 18:02:07,392 [bf55b3f9-6b09-4365-9d71-55289e083fa5@group-EFD1D20A002C-LeaderElection593] INFO  impl.RoleInfo (RoleInfo.java:shutdownLeaderElection(134)) - bf55b3f9-6b09-4365-9d71-55289e083fa5: shutdown LeaderElection
2019-10-16 18:02:07,392 [bf55b3f9-6b09-4365-9d71-55289e083fa5@group-EFD1D20A002C-LeaderElection593] INFO  impl.RoleInfo (RoleInfo.java:updateAndGet(143)) - bf55b3f9-6b09-4365-9d71-55289e083fa5: start FollowerState
2019-10-16 18:02:07,397 [Thread-4212] INFO  impl.FollowerState (FollowerState.java:run(108)) - bf55b3f9-6b09-4365-9d71-55289e083fa5@group-EFD1D20A002C-FollowerState: change to CANDIDATE, lastRpcTime:5ms, electionTimeout:5ms
2019-10-16 18:02:07,397 [Thread-4212] INFO  impl.RoleInfo (RoleInfo.java:shutdownFollowerState(121)) - bf55b3f9-6b09-4365-9d71-55289e083fa5: shutdown FollowerState
2019-10-16 18:02:07,397 [Thread-4212] INFO  impl.RaftServerImpl (RaftServerImpl.java:setRole(184)) - bf55b3f9-6b09-4365-9d71-55289e083fa5@group-EFD1D20A002C: changes role from  FOLLOWER to CANDIDATE at term 697 for changeToCandidate
2019-10-16 18:02:07,398 [Thread-4212] INFO  impl.RoleInfo (RoleInfo.java:updateAndGet(143)) - bf55b3f9-6b09-4365-9d71-55289e083fa5: start LeaderElection
2019-10-16 18:02:07,416 [bf55b3f9-6b09-4365-9d71-55289e083fa5@group-EFD1D20A002C-LeaderElection594] INFO  impl.LeaderElection (LeaderElection.java:askForVotes(178)) - bf55b3f9-6b09-4365-9d71-55289e083fa5@group-EFD1D20A002C-LeaderElection594: begin an election at term 698 for -1: [f4c54511-b161-4347-aec5-5236dc80a0d8:0.0.0.0:41238, 907b9765-214b-4864-b66a-d6e2a5789e5c:0.0.0.0:41650, bf55b3f9-6b09-4365-9d71-55289e083fa5:0.0.0.0:42441], old=null
2019-10-16 18:02:07,417 [grpc-default-executor-3] INFO  impl.RaftServerImpl (RaftServerImpl.java:setRole(184)) - f4c54511-b161-4347-aec5-5236dc80a0d8@group-EFD1D20A002C: changes role from  FOLLOWER to FOLLOWER at term 698 for recognizeCandidate:bf55b3f9-6b09-4365-9d71-55289e083fa5
2019-10-16 18:02:07,418 [grpc-default-executor-3] INFO  impl.RoleInfo (RoleInfo.java:shutdownFollowerState(121)) - f4c54511-b161-4347-aec5-5236dc80a0d8: shutdown FollowerState
2019-10-16 18:02:07,418 [grpc-default-executor-2] INFO  impl.RaftServerImpl (RaftServerImpl.java:setRole(184)) - 907b9765-214b-4864-b66a-d6e2a5789e5c@group-EFD1D20A002C: changes role from  FOLLOWER to FOLLOWER at term 698 for recognizeCandidate:bf55b3f9-6b09-4365-9d71-55289e083fa5
2019-10-16 18:02:07,418 [grpc-default-executor-2] INFO  impl.RoleInfo (RoleInfo.java:shutdownFollowerState(121)) - 907b9765-214b-4864-b66a-d6e2a5789e5c: shutdown FollowerState
2019-10-16 18:02:07,418 [grpc-default-executor-3] INFO  impl.RoleInfo (RoleInfo.java:updateAndGet(143)) - f4c54511-b161-4347-aec5-5236dc80a0d8: start FollowerState
2019-10-16 18:02:07,418 [Thread-4209] INFO  impl.FollowerState (FollowerState.java:run(117)) - f4c54511-b161-4347-aec5-5236dc80a0d8@group-EFD1D20A002C-FollowerState was interrupted: java.lang.InterruptedException: sleep interrupted
2019-10-16 18:02:07,418 [Thread-4210] INFO  impl.FollowerState (FollowerState.java:run(117)) - 907b9765-214b-4864-b66a-d6e2a5789e5c@group-EFD1D20A002C-FollowerState was interrupted: java.lang.InterruptedException: sleep interrupted
2019-10-16 18:02:07,418 [grpc-default-executor-2] INFO  impl.RoleInfo (RoleInfo.java:updateAndGet(143)) - 907b9765-214b-4864-b66a-d6e2a5789e5c: start FollowerState
2019-10-16 18:02:07,447 [bf55b3f9-6b09-4365-9d71-55289e083fa5@group-EFD1D20A002C-LeaderElection594] INFO  impl.LeaderElection (LeaderElection.java:logAndReturn(56)) - bf55b3f9-6b09-4365-9d71-55289e083fa5@group-EFD1D20A002C-LeaderElection594: Election TIMEOUT; received 1 response(s) [bf55b3f9-6b09-4365-9d71-55289e083fa5<-f4c54511-b161-4347-aec5-5236dc80a0d8#0:FAIL-t698] and 0 exception(s); bf55b3f9-6b09-4365-9d71-55289e083fa5@group-EFD1D20A002C:t698, leader=null, voted=bf55b3f9-6b09-4365-9d71-55289e083fa5, raftlog=bf55b3f9-6b09-4365-9d71-55289e083fa5@group-EFD1D20A002C-SegmentedRaftLog:OPENED:c-1,f-1,i0, conf=-1: [f4c54511-b161-4347-aec5-5236dc80a0d8:0.0.0.0:41238, 907b9765-214b-4864-b66a-d6e2a5789e5c:0.0.0.0:41650, bf55b3f9-6b09-4365-9d71-55289e083fa5:0.0.0.0:42441], old=null
2019-10-16 18:02:07,467 [bf55b3f9-6b09-4365-9d71-55289e083fa5@group-EFD1D20A002C-LeaderElection594] INFO  impl.LeaderElection (LeaderElection.java:askForVotes(178)) - bf55b3f9-6b09-4365-9d71-55289e083fa5@group-EFD1D20A002C-LeaderElection594: begin an election at term 699 for -1: [f4c54511-b161-4347-aec5-5236dc80a0d8:0.0.0.0:41238, 907b9765-214b-4864-b66a-d6e2a5789e5c:0.0.0.0:41650, bf55b3f9-6b09-4365-9d71-55289e083fa5:0.0.0.0:42441], old=null
2019-10-16 18:02:07,469 [grpc-default-executor-2] INFO  impl.RaftServerImpl (RaftServerImpl.java:setRole(184)) - f4c54511-b161-4347-aec5-5236dc80a0d8@group-EFD1D20A002C: changes role from  FOLLOWER to FOLLOWER at term 699 for recognizeCandidate:bf55b3f9-6b09-4365-9d71-55289e083fa5
2019-10-16 18:02:07,469 [grpc-default-executor-2] INFO  impl.RoleInfo (RoleInfo.java:shutdownFollowerState(121)) - f4c54511-b161-4347-aec5-5236dc80a0d8: shutdown FollowerState
2019-10-16 18:02:07,469 [grpc-default-executor-3] INFO  impl.RaftServerImpl (RaftServerImpl.java:setRole(184)) - 907b9765-214b-4864-b66a-d6e2a5789e5c@group-EFD1D20A002C: changes role from  FOLLOWER to FOLLOWER at term 699 for recognizeCandidate:bf55b3f9-6b09-4365-9d71-55289e083fa5
2019-10-16 18:02:07,469 [Thread-4217] INFO  impl.FollowerState (FollowerState.java:run(117)) - f4c54511-b161-4347-aec5-5236dc80a0d8@group-EFD1D20A002C-FollowerState was interrupted: java.lang.InterruptedException: sleep interrupted
2019-10-16 18:02:07,469 [grpc-default-executor-2] INFO  impl.RoleInfo (RoleInfo.java:updateAndGet(143)) - f4c54511-b161-4347-aec5-5236dc80a0d8: start FollowerState
2019-10-16 18:02:07,469 [grpc-default-executor-3] INFO  impl.RoleInfo (RoleInfo.java:shutdownFollowerState(121)) - 907b9765-214b-4864-b66a-d6e2a5789e5c: shutdown FollowerState
2019-10-16 18:02:07,470 [grpc-default-executor-3] INFO  impl.RoleInfo (RoleInfo.java:updateAndGet(143)) - 907b9765-214b-4864-b66a-d6e2a5789e5c: start FollowerState
2019-10-16 18:02:07,470 [Thread-4218] INFO  impl.FollowerState (FollowerState.java:run(117)) - 907b9765-214b-4864-b66a-d6e2a5789e5c@group-EFD1D20A002C-FollowerState was interrupted: java.lang.InterruptedException: sleep interrupted
2019-10-16 18:02:07,494 [bf55b3f9-6b09-4365-9d71-55289e083fa5@group-EFD1D20A002C-LeaderElection594] INFO  impl.LeaderElection (LeaderElection.java:logAndReturn(56)) - bf55b3f9-6b09-4365-9d71-55289e083fa5@group-EFD1D20A002C-LeaderElection594: Election REJECTED; received 2 response(s) [bf55b3f9-6b09-4365-9d71-55289e083fa5<-f4c54511-b161-4347-aec5-5236dc80a0d8#0:FAIL-t699, bf55b3f9-6b09-4365-9d71-55289e083fa5<-907b9765-214b-4864-b66a-d6e2a5789e5c#0:FAIL-t699] and 0 exception(s); bf55b3f9-6b09-4365-9d71-55289e083fa5@group-EFD1D20A002C:t699, leader=null, voted=bf55b3f9-6b09-4365-9d71-55289e083fa5, raftlog=bf55b3f9-6b09-4365-9d71-55289e083fa5@group-EFD1D20A002C-SegmentedRaftLog:OPENED:c-1,f-1,i0, conf=-1: [f4c54511-b161-4347-aec5-5236dc80a0d8:0.0.0.0:41238, 907b9765-214b-4864-b66a-d6e2a5789e5c:0.0.0.0:41650, bf55b3f9-6b09-4365-9d71-55289e083fa5:0.0.0.0:42441], old=null
2019-10-16 18:02:07,494 [bf55b3f9-6b09-4365-9d71-55289e083fa5@group-EFD1D20A002C-LeaderElection594] INFO  impl.RaftServerImpl (RaftServerImpl.java:setRole(184)) - bf55b3f9-6b09-4365-9d71-55289e083fa5@group-EFD1D20A002C: changes role from CANDIDATE to FOLLOWER at term 699 for DISCOVERED_A_NEW_TERM
2019-10-16 18:02:07,494 [bf55b3f9-6b09-4365-9d71-55289e083fa5@group-EFD1D20A002C-LeaderElection594] INFO  impl.RoleInfo (RoleInfo.java:shutdownLeaderElection(134)) - bf55b3f9-6b09-4365-9d71-55289e083fa5: shutdown LeaderElection
2019-10-16 18:02:07,494 [bf55b3f9-6b09-4365-9d71-55289e083fa5@group-EFD1D20A002C-LeaderElection594] INFO  impl.RoleInfo (RoleInfo.java:updateAndGet(143)) - bf55b3f9-6b09-4365-9d71-55289e083fa5: start FollowerState
2019-10-16 18:02:07,565 [Thread-4223] INFO  impl.FollowerState (FollowerState.java:run(108)) - bf55b3f9-6b09-4365-9d71-55289e083fa5@group-EFD1D20A002C-FollowerState: change to CANDIDATE, lastRpcTime:70ms, electionTimeout:70ms
2019-10-16 18:02:07,565 [Thread-4223] INFO  impl.RoleInfo (RoleInfo.java:shutdownFollowerState(121)) - bf55b3f9-6b09-4365-9d71-55289e083fa5: shutdown FollowerState
2019-10-16 18:02:07,565 [Thread-4223] INFO  impl.RaftServerImpl (RaftServerImpl.java:setRole(184)) - bf55b3f9-6b09-4365-9d71-55289e083fa5@group-EFD1D20A002C: changes role from  FOLLOWER to CANDIDATE at term 699 for changeToCandidate
2019-10-16 18:02:07,565 [Thread-4223] INFO  impl.RoleInfo (RoleInfo.java:updateAndGet(143)) - bf55b3f9-6b09-4365-9d71-55289e083fa5: start LeaderElection
2019-10-16 18:02:07,593 [bf55b3f9-6b09-4365-9d71-55289e083fa5@group-EFD1D20A002C-LeaderElection595] INFO  impl.LeaderElection (LeaderElection.java:askForVotes(178)) - bf55b3f9-6b09-4365-9d71-55289e083fa5@group-EFD1D20A002C-LeaderElection595: begin an election at term 700 for -1: [f4c54511-b161-4347-aec5-5236dc80a0d8:0.0.0.0:41238, 907b9765-214b-4864-b66a-d6e2a5789e5c:0.0.0.0:41650, bf55b3f9-6b09-4365-9d71-55289e083fa5:0.0.0.0:42441], old=null
2019-10-16 18:02:07,595 [grpc-default-executor-2] INFO  impl.RaftServerImpl (RaftServerImpl.java:setRole(184)) - f4c54511-b161-4347-aec5-5236dc80a0d8@group-EFD1D20A002C: changes role from  FOLLOWER to FOLLOWER at term 700 for recognizeCandidate:bf55b3f9-6b09-4365-9d71-55289e083fa5
2019-10-16 18:02:07,595 [grpc-default-executor-3] INFO  impl.RaftServerImpl (RaftServerImpl.java:setRole(184)) - 907b9765-214b-4864-b66a-d6e2a5789e5c@group-EFD1D20A002C: changes role from  FOLLOWER to FOLLOWER at term 700 for recognizeCandidate:bf55b3f9-6b09-4365-9d71-55289e083fa5
2019-10-16 18:02:07,595 [grpc-default-executor-2] INFO  impl.RoleInfo (RoleInfo.java:shutdownFollowerState(121)) - f4c54511-b161-4347-aec5-5236dc80a0d8: shutdown FollowerState
2019-10-16 18:02:07,596 [grpc-default-executor-3] INFO  impl.RoleInfo (RoleInfo.java:shutdownFollowerState(121)) - 907b9765-214b-4864-b66a-d6e2a5789e5c: shutdown FollowerState
2019-10-16 18:02:07,596 [grpc-default-executor-3] INFO  impl.RoleInfo (RoleInfo.java:updateAndGet(143)) - 907b9765-214b-4864-b66a-d6e2a5789e5c: start FollowerState
2019-10-16 18:02:07,596 [Thread-4221] INFO  impl.FollowerState (FollowerState.java:run(117)) - f4c54511-b161-4347-aec5-5236dc80a0d8@group-EFD1D20A002C-FollowerState was interrupted: java.lang.InterruptedException: sleep interrupted
2019-10-16 18:02:07,596 [grpc-default-executor-2] INFO  impl.RoleInfo (RoleInfo.java:updateAndGet(143)) - f4c54511-b161-4347-aec5-5236dc80a0d8: start FollowerState
2019-10-16 18:02:07,596 [Thread-4222] INFO  impl.FollowerState (FollowerState.java:run(117)) - 907b9765-214b-4864-b66a-d6e2a5789e5c@group-EFD1D20A002C-FollowerState was interrupted: java.lang.InterruptedException: sleep interrupted
2019-10-16 18:02:07,620 [bf55b3f9-6b09-4365-9d71-55289e083fa5@group-EFD1D20A002C-LeaderElection595] INFO  impl.LeaderElection (LeaderElection.java:logAndReturn(56)) - bf55b3f9-6b09-4365-9d71-55289e083fa5@group-EFD1D20A002C-LeaderElection595: Election REJECTED; received 2 response(s) [bf55b3f9-6b09-4365-9d71-55289e083fa5<-f4c54511-b161-4347-aec5-5236dc80a0d8#0:FAIL-t700, bf55b3f9-6b09-4365-9d71-55289e083fa5<-907b9765-214b-4864-b66a-d6e2a5789e5c#0:FAIL-t700] and 0 exception(s); bf55b3f9-6b09-4365-9d71-55289e083fa5@group-EFD1D20A002C:t700, leader=null, voted=bf55b3f9-6b09-4365-9d71-55289e083fa5, raftlog=bf55b3f9-6b09-4365-9d71-55289e083fa5@group-EFD1D20A002C-SegmentedRaftLog:OPENED:c-1,f-1,i0, conf=-1: [f4c54511-b161-4347-aec5-5236dc80a0d8:0.0.0.0:41238, 907b9765-214b-4864-b66a-d6e2a5789e5c:0.0.0.0:41650, bf55b3f9-6b09-4365-9d71-55289e083fa5:0.0.0.0:42441], old=null
2019-10-16 18:02:07,620 [bf55b3f9-6b09-4365-9d71-55289e083fa5@group-EFD1D20A002C-LeaderElection595] INFO  impl.RaftServerImpl (RaftServerImpl.java:setRole(184)) - bf55b3f9-6b09-4365-9d71-55289e083fa5@group-EFD1D20A002C: changes role from CANDIDATE to FOLLOWER at term 700 for DISCOVERED_A_NEW_TERM
2019-10-16 18:02:07,620 [bf55b3f9-6b09-4365-9d71-55289e083fa5@group-EFD1D20A002C-LeaderElection595] INFO  impl.RoleInfo (RoleInfo.java:shutdownLeaderElection(134)) - bf55b3f9-6b09-4365-9d71-55289e083fa5: shutdown LeaderElection
2019-10-16 18:02:07,620 [bf55b3f9-6b09-4365-9d71-55289e083fa5@group-EFD1D20A002C-LeaderElection595] INFO  impl.RoleInfo (RoleInfo.java:updateAndGet(143)) - bf55b3f9-6b09-4365-9d71-55289e083fa5: start FollowerState
2019-10-16 18:02:07,790 [Thread-4229] INFO  impl.FollowerState (FollowerState.java:run(108)) - bf55b3f9-6b09-4365-9d71-55289e083fa5@group-EFD1D20A002C-FollowerState: change to CANDIDATE, lastRpcTime:169ms, electionTimeout:169ms
2019-10-16 18:02:07,790 [Thread-4229] INFO  impl.RoleInfo (RoleInfo.java:shutdownFollowerState(121)) - bf55b3f9-6b09-4365-9d71-55289e083fa5: shutdown FollowerState
2019-10-16 18:02:07,790 [Thread-4229] INFO  impl.RaftServerImpl (RaftServerImpl.java:setRole(184)) - bf55b3f9-6b09-4365-9d71-55289e083fa5@group-EFD1D20A002C: changes role from  FOLLOWER to CANDIDATE at term 700 for changeToCandidate
2019-10-16 18:02:07,790 [Thread-4229] INFO  impl.RoleInfo (RoleInfo.java:updateAndGet(143)) - bf55b3f9-6b09-4365-9d71-55289e083fa5: start LeaderElection
2019-10-16 18:02:07,812 [bf55b3f9-6b09-4365-9d71-55289e083fa5@group-EFD1D20A002C-LeaderElection596] INFO  impl.LeaderElection (LeaderElection.java:askForVotes(178)) - bf55b3f9-6b09-4365-9d71-55289e083fa5@group-EFD1D20A002C-LeaderElection596: begin an election at term 701 for -1: [f4c54511-b161-4347-aec5-5236dc80a0d8:0.0.0.0:41238, 907b9765-214b-4864-b66a-d6e2a5789e5c:0.0.0.0:41650, bf55b3f9-6b09-4365-9d71-55289e083fa5:0.0.0.0:42441], old=null
2019-10-16 18:02:07,814 [grpc-default-executor-3] INFO  impl.RaftServerImpl (RaftServerImpl.java:setRole(184)) - 907b9765-214b-4864-b66a-d6e2a5789e5c@group-EFD1D20A002C: changes role from  FOLLOWER to FOLLOWER at term 701 for recognizeCandidate:bf55b3f9-6b09-4365-9d71-55289e083fa5
2019-10-16 18:02:07,814 [grpc-default-executor-3] INFO  impl.RoleInfo (RoleInfo.java:shutdownFollowerState(121)) - 907b9765-214b-4864-b66a-d6e2a5789e5c: shutdown FollowerState
2019-10-16 18:02:07,814 [grpc-default-executor-2] INFO  impl.RaftServerImpl (RaftServerImpl.java:setRole(184)) - f4c54511-b161-4347-aec5-5236dc80a0d8@group-EFD1D20A002C: changes role from  FOLLOWER to FOLLOWER at term 701 for recognizeCandidate:bf55b3f9-6b09-4365-9d71-55289e083fa5
2019-10-16 18:02:07,814 [grpc-default-executor-2] INFO  impl.RoleInfo (RoleInfo.java:shutdownFollowerState(121)) - f4c54511-b161-4347-aec5-5236dc80a0d8: shutdown FollowerState
2019-10-16 18:02:07,814 [Thread-4228] INFO  impl.FollowerState (FollowerState.java:run(117)) - 907b9765-214b-4864-b66a-d6e2a5789e5c@group-EFD1D20A002C-FollowerState was interrupted: java.lang.InterruptedException: sleep interrupted
2019-10-16 18:02:07,814 [grpc-default-executor-3] INFO  impl.RoleInfo (RoleInfo.java:updateAndGet(143)) - 907b9765-214b-4864-b66a-d6e2a5789e5c: start FollowerState
2019-10-16 18:02:07,815 [Thread-4227] INFO  impl.FollowerState (FollowerState.java:run(117)) - f4c54511-b161-4347-aec5-5236dc80a0d8@group-EFD1D20A002C-FollowerState was interrupted: java.lang.InterruptedException: sleep interrupted
2019-10-16 18:02:07,815 [grpc-default-executor-2] INFO  impl.RoleInfo (RoleInfo.java:updateAndGet(143)) - f4c54511-b161-4347-aec5-5236dc80a0d8: start FollowerState
2019-10-16 18:02:07,846 [bf55b3f9-6b09-4365-9d71-55289e083fa5@group-EFD1D20A002C-LeaderElection596] INFO  impl.LeaderElection (LeaderElection.java:logAndReturn(56)) - bf55b3f9-6b09-4365-9d71-55289e083fa5@group-EFD1D20A002C-LeaderElection596: Election REJECTED; received 2 response(s) [bf55b3f9-6b09-4365-9d71-55289e083fa5<-f4c54511-b161-4347-aec5-5236dc80a0d8#0:FAIL-t701, bf55b3f9-6b09-4365-9d71-55289e083fa5<-907b9765-214b-4864-b66a-d6e2a5789e5c#0:FAIL-t701] and 0 exception(s); bf55b3f9-6b09-4365-9d71-55289e083fa5@group-EFD1D20A002C:t701, leader=null, voted=bf55b3f9-6b09-4365-9d71-55289e083fa5, raftlog=bf55b3f9-6b09-4365-9d71-55289e083fa5@group-EFD1D20A002C-SegmentedRaftLog:OPENED:c-1,f-1,i0, conf=-1: [f4c54511-b161-4347-aec5-5236dc80a0d8:0.0.0.0:41238, 907b9765-214b-4864-b66a-d6e2a5789e5c:0.0.0.0:41650, bf55b3f9-6b09-4365-9d71-55289e083fa5:0.0.0.0:42441], old=null
2019-10-16 18:02:07,847 [bf55b3f9-6b09-4365-9d71-55289e083fa5@group-EFD1D20A002C-LeaderElection596] INFO  impl.RaftServerImpl (RaftServerImpl.java:setRole(184)) - bf55b3f9-6b09-4365-9d71-55289e083fa5@group-EFD1D20A002C: changes role from CANDIDATE to FOLLOWER at term 701 for DISCOVERED_A_NEW_TERM
2019-10-16 18:02:07,847 [bf55b3f9-6b09-4365-9d71-55289e083fa5@group-EFD1D20A002C-LeaderElection596] INFO  impl.RoleInfo (RoleInfo.java:shutdownLeaderElection(134)) - bf55b3f9-6b09-4365-9d71-55289e083fa5: shutdown LeaderElection
2019-10-16 18:02:07,847 [bf55b3f9-6b09-4365-9d71-55289e083fa5@group-EFD1D20A002C-LeaderElection596] INFO  impl.RoleInfo (RoleInfo.java:updateAndGet(143)) - bf55b3f9-6b09-4365-9d71-55289e083fa5: start FollowerState
2019-10-16 18:02:07,982 [Thread-4235] INFO  impl.FollowerState (FollowerState.java:run(108)) - bf55b3f9-6b09-4365-9d71-55289e083fa5@group-EFD1D20A002C-FollowerState: change to CANDIDATE, lastRpcTime:135ms, electionTimeout:135ms
2019-10-16 18:02:07,983 [Thread-4235] INFO  impl.RoleInfo (RoleInfo.java:shutdownFollowerState(121)) - bf55b3f9-6b09-4365-9d71-55289e083fa5: shutdown FollowerState
2019-10-16 18:02:07,983 [Thread-4235] INFO  impl.RaftServerImpl (RaftServerImpl.java:setRole(184)) - bf55b3f9-6b09-4365-9d71-55289e083fa5@group-EFD1D20A002C: changes role from  FOLLOWER to CANDIDATE at term 701 for changeToCandidate
2019-10-16 18:02:07,983 [Thread-4235] INFO  impl.RoleInfo (RoleInfo.java:updateAndGet(143)) - bf55b3f9-6b09-4365-9d71-55289e083fa5: start LeaderElection
2019-10-16 18:02:08,007 [bf55b3f9-6b09-4365-9d71-55289e083fa5@group-EFD1D20A002C-LeaderElection597] INFO  impl.LeaderElection (LeaderElection.java:askForVotes(178)) - bf55b3f9-6b09-4365-9d71-55289e083fa5@group-EFD1D20A002C-LeaderElection597: begin an election at term 702 for -1: [f4c54511-b161-4347-aec5-5236dc80a0d8:0.0.0.0:41238, 907b9765-214b-4864-b66a-d6e2a5789e5c:0.0.0.0:41650, bf55b3f9-6b09-4365-9d71-55289e083fa5:0.0.0.0:42441], old=null
2019-10-16 18:02:08,009 [grpc-default-executor-2] INFO  impl.RaftServerImpl (RaftServerImpl.java:setRole(184)) - 907b9765-214b-4864-b66a-d6e2a5789e5c@group-EFD1D20A002C: changes role from  FOLLOWER to FOLLOWER at term 702 for recognizeCandidate:bf55b3f9-6b09-4365-9d71-55289e083fa5
2019-10-16 18:02:08,009 [grpc-default-executor-3] INFO  impl.RaftServerImpl (RaftServerImpl.java:setRole(184)) - f4c54511-b161-4347-aec5-5236dc80a0d8@group-EFD1D20A002C: changes role from  FOLLOWER to FOLLOWER at term 702 for recognizeCandidate:bf55b3f9-6b09-4365-9d71-55289e083fa5
2019-10-16 18:02:08,009 [grpc-default-executor-3] INFO  impl.RoleInfo (RoleInfo.java:shutdownFollowerState(121)) - f4c54511-b161-4347-aec5-5236dc80a0d8: shutdown FollowerState
2019-10-16 18:02:08,009 [grpc-default-executor-2] INFO  impl.RoleInfo (RoleInfo.java:shutdownFollowerState(121)) - 907b9765-214b-4864-b66a-d6e2a5789e5c: shutdown FollowerState
2019-10-16 18:02:08,010 [Thread-4234] INFO  impl.FollowerState (FollowerState.java:run(117)) - f4c54511-b161-4347-aec5-5236dc80a0d8@group-EFD1D20A002C-FollowerState was interrupted: java.lang.InterruptedException: sleep interrupted
2019-10-16 18:02:08,009 [grpc-default-executor-3] INFO  impl.RoleInfo (RoleInfo.java:updateAndGet(143)) - f4c54511-b161-4347-aec5-5236dc80a0d8: start FollowerState
2019-10-16 18:02:08,010 [Thread-4233] INFO  impl.FollowerState (FollowerState.java:run(117)) - 907b9765-214b-4864-b66a-d6e2a5789e5c@group-EFD1D20A002C-FollowerState was interrupted: java.lang.InterruptedException: sleep interrupted
2019-10-16 18:02:08,010 [grpc-default-executor-2] INFO  impl.RoleInfo (RoleInfo.java:updateAndGet(143)) - 907b9765-214b-4864-b66a-d6e2a5789e5c: start FollowerState
2019-10-16 18:02:08,034 [bf55b3f9-6b09-4365-9d71-55289e083fa5@group-EFD1D20A002C-LeaderElection597] INFO  impl.LeaderElection (LeaderElection.java:logAndReturn(56)) - bf55b3f9-6b09-4365-9d71-55289e083fa5@group-EFD1D20A002C-LeaderElection597: Election REJECTED; received 2 response(s) [bf55b3f9-6b09-4365-9d71-55289e083fa5<-f4c54511-b161-4347-aec5-5236dc80a0d8#0:FAIL-t702, bf55b3f9-6b09-4365-9d71-55289e083fa5<-907b9765-214b-4864-b66a-d6e2a5789e5c#0:FAIL-t702] and 0 exception(s); bf55b3f9-6b09-4365-9d71-55289e083fa5@group-EFD1D20A002C:t702, leader=null, voted=bf55b3f9-6b09-4365-9d71-55289e083fa5, raftlog=bf55b3f9-6b09-4365-9d71-55289e083fa5@group-EFD1D20A002C-SegmentedRaftLog:OPENED:c-1,f-1,i0, conf=-1: [f4c54511-b161-4347-aec5-5236dc80a0d8:0.0.0.0:41238, 907b9765-214b-4864-b66a-d6e2a5789e5c:0.0.0.0:41650, bf55b3f9-6b09-4365-9d71-55289e083fa5:0.0.0.0:42441], old=null
2019-10-16 18:02:08,034 [bf55b3f9-6b09-4365-9d71-55289e083fa5@group-EFD1D20A002C-LeaderElection597] INFO  impl.RaftServerImpl (RaftServerImpl.java:setRole(184)) - bf55b3f9-6b09-4365-9d71-55289e083fa5@group-EFD1D20A002C: changes role from CANDIDATE to FOLLOWER at term 702 for DISCOVERED_A_NEW_TERM
2019-10-16 18:02:08,034 [bf55b3f9-6b09-4365-9d71-55289e083fa5@group-EFD1D20A002C-LeaderElection597] INFO  impl.RoleInfo (RoleInfo.java:shutdownLeaderElection(134)) - bf55b3f9-6b09-4365-9d71-55289e083fa5: shutdown LeaderElection
2019-10-16 18:02:08,034 [bf55b3f9-6b09-4365-9d71-55289e083fa5@group-EFD1D20A002C-LeaderElection597] INFO  impl.RoleInfo (RoleInfo.java:updateAndGet(143)) - bf55b3f9-6b09-4365-9d71-55289e083fa5: start FollowerState
2019-10-16 18:02:08,043 [Thread-4241] INFO  impl.FollowerState (FollowerState.java:run(108)) - bf55b3f9-6b09-4365-9d71-55289e083fa5@group-EFD1D20A002C-FollowerState: change to CANDIDATE, lastRpcTime:8ms, electionTimeout:8ms
2019-10-16 18:02:08,043 [Thread-4241] INFO  impl.RoleInfo (RoleInfo.java:shutdownFollowerState(121)) - bf55b3f9-6b09-4365-9d71-55289e083fa5: shutdown FollowerState
2019-10-16 18:02:08,043 [Thread-4241] INFO  impl.RaftServerImpl (RaftServerImpl.java:setRole(184)) - bf55b3f9-6b09-4365-9d71-55289e083fa5@group-EFD1D20A002C: changes role from  FOLLOWER to CANDIDATE at term 702 for changeToCandidate
2019-10-16 18:02:08,043 [Thread-4241] INFO  impl.RoleInfo (RoleInfo.java:updateAndGet(143)) - bf55b3f9-6b09-4365-9d71-55289e083fa5: start LeaderElection
2019-10-16 18:02:08,064 [bf55b3f9-6b09-4365-9d71-55289e083fa5@group-EFD1D20A002C-LeaderElection598] INFO  impl.LeaderElection (LeaderElection.java:askForVotes(178)) - bf55b3f9-6b09-4365-9d71-55289e083fa5@group-EFD1D20A002C-LeaderElection598: begin an election at term 703 for -1: [f4c54511-b161-4347-aec5-5236dc80a0d8:0.0.0.0:41238, 907b9765-214b-4864-b66a-d6e2a5789e5c:0.0.0.0:41650, bf55b3f9-6b09-4365-9d71-55289e083fa5:0.0.0.0:42441], old=null
2019-10-16 18:02:08,066 [grpc-default-executor-3] INFO  impl.RaftServerImpl (RaftServerImpl.java:setRole(184)) - f4c54511-b161-4347-aec5-5236dc80a0d8@group-EFD1D20A002C: changes role from  FOLLOWER to FOLLOWER at term 703 for recognizeCandidate:bf55b3f9-6b09-4365-9d71-55289e083fa5
2019-10-16 18:02:08,066 [grpc-default-executor-2] INFO  impl.RaftServerImpl (RaftServerImpl.java:setRole(184)) - 907b9765-214b-4864-b66a-d6e2a5789e5c@group-EFD1D20A002C: changes role from  FOLLOWER to FOLLOWER at term 703 for recognizeCandidate:bf55b3f9-6b09-4365-9d71-55289e083fa5
2019-10-16 18:02:08,066 [grpc-default-executor-2] INFO  impl.RoleInfo (RoleInfo.java:shutdownFollowerState(121)) - 907b9765-214b-4864-b66a-d6e2a5789e5c: shutdown FollowerState
2019-10-16 18:02:08,066 [grpc-default-executor-3] INFO  impl.RoleInfo (RoleInfo.java:shutdownFollowerState(121)) - f4c54511-b161-4347-aec5-5236dc80a0d8: shutdown FollowerState
2019-10-16 18:02:08,066 [Thread-4240] INFO  impl.FollowerState (FollowerState.java:run(117)) - 907b9765-214b-4864-b66a-d6e2a5789e5c@group-EFD1D20A002C-FollowerState was interrupted: java.lang.InterruptedException: sleep interrupted
2019-10-16 18:02:08,066 [grpc-default-executor-2] INFO  impl.RoleInfo (RoleInfo.java:updateAndGet(143)) - 907b9765-214b-4864-b66a-d6e2a5789e5c: start FollowerState
2019-10-16 18:02:08,066 [Thread-4239] INFO  impl.FollowerState (FollowerState.java:run(117)) - f4c54511-b161-4347-aec5-5236dc80a0d8@group-EFD1D20A002C-FollowerState was interrupted: java.lang.InterruptedException: sleep interrupted
2019-10-16 18:02:08,066 [grpc-default-executor-3] INFO  impl.RoleInfo (RoleInfo.java:updateAndGet(143)) - f4c54511-b161-4347-aec5-5236dc80a0d8: start FollowerState
2019-10-16 18:02:08,090 [bf55b3f9-6b09-4365-9d71-55289e083fa5@group-EFD1D20A002C-LeaderElection598] INFO  impl.LeaderElection (LeaderElection.java:logAndReturn(56)) - bf55b3f9-6b09-4365-9d71-55289e083fa5@group-EFD1D20A002C-LeaderElection598: Election REJECTED; received 2 response(s) [bf55b3f9-6b09-4365-9d71-55289e083fa5<-f4c54511-b161-4347-aec5-5236dc80a0d8#0:FAIL-t703, bf55b3f9-6b09-4365-9d71-55289e083fa5<-907b9765-214b-4864-b66a-d6e2a5789e5c#0:FAIL-t703] and 0 exception(s); bf55b3f9-6b09-4365-9d71-55289e083fa5@group-EFD1D20A002C:t703, leader=null, voted=bf55b3f9-6b09-4365-9d71-55289e083fa5, raftlog=bf55b3f9-6b09-4365-9d71-55289e083fa5@group-EFD1D20A002C-SegmentedRaftLog:OPENED:c-1,f-1,i0, conf=-1: [f4c54511-b161-4347-aec5-5236dc80a0d8:0.0.0.0:41238, 907b9765-214b-4864-b66a-d6e2a5789e5c:0.0.0.0:41650, bf55b3f9-6b09-4365-9d71-55289e083fa5:0.0.0.0:42441], old=null
2019-10-16 18:02:08,090 [bf55b3f9-6b09-4365-9d71-55289e083fa5@group-EFD1D20A002C-LeaderElection598] INFO  impl.RaftServerImpl (RaftServerImpl.java:setRole(184)) - bf55b3f9-6b09-4365-9d71-55289e083fa5@group-EFD1D20A002C: changes role from CANDIDATE to FOLLOWER at term 703 for DISCOVERED_A_NEW_TERM
2019-10-16 18:02:08,091 [bf55b3f9-6b09-4365-9d71-55289e083fa5@group-EFD1D20A002C-LeaderElection598] INFO  impl.RoleInfo (RoleInfo.java:shutdownLeaderElection(134)) - bf55b3f9-6b09-4365-9d71-55289e083fa5: shutdown LeaderElection
2019-10-16 18:02:08,091 [bf55b3f9-6b09-4365-9d71-55289e083fa5@group-EFD1D20A002C-LeaderElection598] INFO  impl.RoleInfo (RoleInfo.java:updateAndGet(143)) - bf55b3f9-6b09-4365-9d71-55289e083fa5: start FollowerState
2019-10-16 18:02:08,257 [Thread-4247] INFO  impl.FollowerState (FollowerState.java:run(108)) - bf55b3f9-6b09-4365-9d71-55289e083fa5@group-EFD1D20A002C-FollowerState: change to CANDIDATE, lastRpcTime:166ms, electionTimeout:166ms
2019-10-16 18:02:08,257 [Thread-4247] INFO  impl.RoleInfo (RoleInfo.java:shutdownFollowerState(121)) - bf55b3f9-6b09-4365-9d71-55289e083fa5: shutdown FollowerState
2019-10-16 18:02:08,257 [Thread-4247] INFO  impl.RaftServerImpl (RaftServerImpl.java:setRole(184)) - bf55b3f9-6b09-4365-9d71-55289e083fa5@group-EFD1D20A002C: changes role from  FOLLOWER to CANDIDATE at term 703 for changeToCandidate
2019-10-16 18:02:08,257 [Thread-4247] INFO  impl.RoleInfo (RoleInfo.java:updateAndGet(143)) - bf55b3f9-6b09-4365-9d71-55289e083fa5: start LeaderElection
2019-10-16 18:02:08,309 [bf55b3f9-6b09-4365-9d71-55289e083fa5@group-EFD1D20A002C-LeaderElection599] INFO  impl.LeaderElection (LeaderElection.java:askForVotes(178)) - bf55b3f9-6b09-4365-9d71-55289e083fa5@group-EFD1D20A002C-LeaderElection599: begin an election at term 704 for -1: [f4c54511-b161-4347-aec5-5236dc80a0d8:0.0.0.0:41238, 907b9765-214b-4864-b66a-d6e2a5789e5c:0.0.0.0:41650, bf55b3f9-6b09-4365-9d71-55289e083fa5:0.0.0.0:42441], old=null
2019-10-16 18:02:08,313 [grpc-default-executor-3] INFO  impl.RaftServerImpl (RaftServerImpl.java:setRole(184)) - f4c54511-b161-4347-aec5-5236dc80a0d8@group-EFD1D20A002C: changes role from  FOLLOWER to FOLLOWER at term 704 for recognizeCandidate:bf55b3f9-6b09-4365-9d71-55289e083fa5
2019-10-16 18:02:08,313 [grpc-default-executor-2] INFO  impl.RaftServerImpl (RaftServerImpl.java:setRole(184)) - 907b9765-214b-4864-b66a-d6e2a5789e5c@group-EFD1D20A002C: changes role from  FOLLOWER to FOLLOWER at term 704 for recognizeCandidate:bf55b3f9-6b09-4365-9d71-55289e083fa5
2019-10-16 18:02:08,314 [grpc-default-executor-2] INFO  impl.RoleInfo (RoleInfo.java:shutdownFollowerState(121)) - 907b9765-214b-4864-b66a-d6e2a5789e5c: shutdown FollowerState
2019-10-16 18:02:08,314 [grpc-default-executor-3] INFO  impl.RoleInfo (RoleInfo.java:shutdownFollowerState(121)) - f4c54511-b161-4347-aec5-5236dc80a0d8: shutdown FollowerState
2019-10-16 18:02:08,314 [grpc-default-executor-2] INFO  impl.RoleInfo (RoleInfo.java:updateAndGet(143)) - 907b9765-214b-4864-b66a-d6e2a5789e5c: start FollowerState
2019-10-16 18:02:08,314 [grpc-default-executor-3] INFO  impl.RoleInfo (RoleInfo.java:updateAndGet(143)) - f4c54511-b161-4347-aec5-5236dc80a0d8: start FollowerState
2019-10-16 18:02:08,314 [Thread-4245] INFO  impl.FollowerState (FollowerState.java:run(117)) - 907b9765-214b-4864-b66a-d6e2a5789e5c@group-EFD1D20A002C-FollowerState was interrupted: java.lang.InterruptedException: sleep interrupted
2019-10-16 18:02:08,314 [Thread-4246] INFO  impl.FollowerState (FollowerState.java:run(117)) - f4c54511-b161-4347-aec5-5236dc80a0d8@group-EFD1D20A002C-FollowerState was interrupted: java.lang.InterruptedException: sleep interrupted
2019-10-16 18:02:08,344 [bf55b3f9-6b09-4365-9d71-55289e083fa5@group-EFD1D20A002C-LeaderElection599] INFO  impl.LeaderElection (LeaderElection.java:logAndReturn(56)) - bf55b3f9-6b09-4365-9d71-55289e083fa5@group-EFD1D20A002C-LeaderElection599: Election REJECTED; received 2 response(s) [bf55b3f9-6b09-4365-9d71-55289e083fa5<-f4c54511-b161-4347-aec5-5236dc80a0d8#0:FAIL-t704, bf55b3f9-6b09-4365-9d71-55289e083fa5<-907b9765-214b-4864-b66a-d6e2a5789e5c#0:FAIL-t704] and 0 exception(s); bf55b3f9-6b09-4365-9d71-55289e083fa5@group-EFD1D20A002C:t704, leader=null, voted=bf55b3f9-6b09-4365-9d71-55289e083fa5, raftlog=bf55b3f9-6b09-4365-9d71-55289e083fa5@group-EFD1D20A002C-SegmentedRaftLog:OPENED:c-1,f-1,i0, conf=-1: [f4c54511-b161-4347-aec5-5236dc80a0d8:0.0.0.0:41238, 907b9765-214b-4864-b66a-d6e2a5789e5c:0.0.0.0:41650, bf55b3f9-6b09-4365-9d71-55289e083fa5:0.0.0.0:42441], old=null
2019-10-16 18:02:08,344 [bf55b3f9-6b09-4365-9d71-55289e083fa5@group-EFD1D20A002C-LeaderElection599] INFO  impl.RaftServerImpl (RaftServerImpl.java:setRole(184)) - bf55b3f9-6b09-4365-9d71-55289e083fa5@group-EFD1D20A002C: changes role from CANDIDATE to FOLLOWER at term 704 for DISCOVERED_A_NEW_TERM
2019-10-16 18:02:08,344 [bf55b3f9-6b09-4365-9d71-55289e083fa5@group-EFD1D20A002C-LeaderElection599] INFO  impl.RoleInfo (RoleInfo.java:shutdownLeaderElection(134)) - bf55b3f9-6b09-4365-9d71-55289e083fa5: shutdown LeaderElection
2019-10-16 18:02:08,344 [bf55b3f9-6b09-4365-9d71-55289e083fa5@group-EFD1D20A002C-LeaderElection599] INFO  impl.RoleInfo (RoleInfo.java:updateAndGet(143)) - bf55b3f9-6b09-4365-9d71-55289e083fa5: start FollowerState
2019-10-16 18:02:08,412 [Thread-4253] INFO  impl.FollowerState (FollowerState.java:run(108)) - bf55b3f9-6b09-4365-9d71-55289e083fa5@group-EFD1D20A002C-FollowerState: change to CANDIDATE, lastRpcTime:67ms, electionTimeout:67ms
2019-10-16 18:02:08,412 [Thread-4253] INFO  impl.RoleInfo (RoleInfo.java:shutdownFollowerState(121)) - bf55b3f9-6b09-4365-9d71-55289e083fa5: shutdown FollowerState
2019-10-16 18:02:08,412 [Thread-4253] INFO  impl.RaftServerImpl (RaftServerImpl.java:setRole(184)) - bf55b3f9-6b09-4365-9d71-55289e083fa5@group-EFD1D20A002C: changes role from  FOLLOWER to CANDIDATE at term 704 for changeToCandidate
2019-10-16 18:02:08,412 [Thread-4253] INFO  impl.RoleInfo (RoleInfo.java:updateAndGet(143)) - bf55b3f9-6b09-4365-9d71-55289e083fa5: start LeaderElection
2019-10-16 18:02:08,436 [bf55b3f9-6b09-4365-9d71-55289e083fa5@group-EFD1D20A002C-LeaderElection600] INFO  impl.LeaderElection (LeaderElection.java:askForVotes(178)) - bf55b3f9-6b09-4365-9d71-55289e083fa5@group-EFD1D20A002C-LeaderElection600: begin an election at term 705 for -1: [f4c54511-b161-4347-aec5-5236dc80a0d8:0.0.0.0:41238, 907b9765-214b-4864-b66a-d6e2a5789e5c:0.0.0.0:41650, bf55b3f9-6b09-4365-9d71-55289e083fa5:0.0.0.0:42441], old=null
2019-10-16 18:02:08,437 [grpc-default-executor-2] INFO  impl.RaftServerImpl (RaftServerImpl.java:setRole(184)) - f4c54511-b161-4347-aec5-5236dc80a0d8@group-EFD1D20A002C: changes role from  FOLLOWER to FOLLOWER at term 705 for recognizeCandidate:bf55b3f9-6b09-4365-9d71-55289e083fa5
2019-10-16 18:02:08,437 [grpc-default-executor-3] INFO  impl.RaftServerImpl (RaftServerImpl.java:setRole(184)) - 907b9765-214b-4864-b66a-d6e2a5789e5c@group-EFD1D20A002C: changes role from  FOLLOWER to FOLLOWER at term 705 for recognizeCandidate:bf55b3f9-6b09-4365-9d71-55289e083fa5
2019-10-16 18:02:08,437 [grpc-default-executor-3] INFO  impl.RoleInfo (RoleInfo.java:shutdownFollowerState(121)) - 907b9765-214b-4864-b66a-d6e2a5789e5c: shutdown FollowerState
2019-10-16 18:02:08,437 [grpc-default-executor-2] INFO  impl.RoleInfo (RoleInfo.java:shutdownFollowerState(121)) - f4c54511-b161-4347-aec5-5236dc80a0d8: shutdown FollowerState
2019-10-16 18:02:08,437 [grpc-default-executor-3] INFO  impl.RoleInfo (RoleInfo.java:updateAndGet(143)) - 907b9765-214b-4864-b66a-d6e2a5789e5c: start FollowerState
2019-10-16 18:02:08,438 [Thread-4252] INFO  impl.FollowerState (FollowerState.java:run(117)) - f4c54511-b161-4347-aec5-5236dc80a0d8@group-EFD1D20A002C-FollowerState was interrupted: java.lang.InterruptedException: sleep interrupted
2019-10-16 18:02:08,438 [Thread-4251] INFO  impl.FollowerState (FollowerState.java:run(117)) - 907b9765-214b-4864-b66a-d6e2a5789e5c@group-EFD1D20A002C-FollowerState was interrupted: java.lang.InterruptedException: sleep interrupted
2019-10-16 18:02:08,438 [grpc-default-executor-2] INFO  impl.RoleInfo (RoleInfo.java:updateAndGet(143)) - f4c54511-b161-4347-aec5-5236dc80a0d8: start FollowerState
2019-10-16 18:02:08,462 [bf55b3f9-6b09-4365-9d71-55289e083fa5@group-EFD1D20A002C-LeaderElection600] INFO  impl.LeaderElection (LeaderElection.java:logAndReturn(56)) - bf55b3f9-6b09-4365-9d71-55289e083fa5@group-EFD1D20A002C-LeaderElection600: Election REJECTED; received 2 response(s) [bf55b3f9-6b09-4365-9d71-55289e083fa5<-f4c54511-b161-4347-aec5-5236dc80a0d8#0:FAIL-t705, bf55b3f9-6b09-4365-9d71-55289e083fa5<-907b9765-214b-4864-b66a-d6e2a5789e5c#0:FAIL-t705] and 0 exception(s); bf55b3f9-6b09-4365-9d71-55289e083fa5@group-EFD1D20A002C:t705, leader=null, voted=bf55b3f9-6b09-4365-9d71-55289e083fa5, raftlog=bf55b3f9-6b09-4365-9d71-55289e083fa5@group-EFD1D20A002C-SegmentedRaftLog:OPENED:c-1,f-1,i0, conf=-1: [f4c54511-b161-4347-aec5-5236dc80a0d8:0.0.0.0:41238, 907b9765-214b-4864-b66a-d6e2a5789e5c:0.0.0.0:41650, bf55b3f9-6b09-4365-9d71-55289e083fa5:0.0.0.0:42441], old=null
2019-10-16 18:02:08,462 [bf55b3f9-6b09-4365-9d71-55289e083fa5@group-EFD1D20A002C-LeaderElection600] INFO  impl.RaftServerImpl (RaftServerImpl.java:setRole(184)) - bf55b3f9-6b09-4365-9d71-55289e083fa5@group-EFD1D20A002C: changes role from CANDIDATE to FOLLOWER at term 705 for DISCOVERED_A_NEW_TERM
2019-10-16 18:02:08,462 [bf55b3f9-6b09-4365-9d71-55289e083fa5@group-EFD1D20A002C-LeaderElection600] INFO  impl.RoleInfo (RoleInfo.java:shutdownLeaderElection(134)) - bf55b3f9-6b09-4365-9d71-55289e083fa5: shutdown LeaderElection
2019-10-16 18:02:08,462 [bf55b3f9-6b09-4365-9d71-55289e083fa5@group-EFD1D20A002C-LeaderElection600] INFO  impl.RoleInfo (RoleInfo.java:updateAndGet(143)) - bf55b3f9-6b09-4365-9d71-55289e083fa5: start FollowerState
2019-10-16 18:02:08,499 [Thread-4261] INFO  impl.FollowerState (FollowerState.java:run(108)) - bf55b3f9-6b09-4365-9d71-55289e083fa5@group-EFD1D20A002C-FollowerState: change to CANDIDATE, lastRpcTime:36ms, electionTimeout:36ms
2019-10-16 18:02:08,499 [Thread-4261] INFO  impl.RoleInfo (RoleInfo.java:shutdownFollowerState(121)) - bf55b3f9-6b09-4365-9d71-55289e083fa5: shutdown FollowerState
2019-10-16 18:02:08,499 [Thread-4261] INFO  impl.RaftServerImpl (RaftServerImpl.java:setRole(184)) - bf55b3f9-6b09-4365-9d71-55289e083fa5@group-EFD1D20A002C: changes role from  FOLLOWER to CANDIDATE at term 705 for changeToCandidate
2019-10-16 18:02:08,499 [Thread-4261] INFO  impl.RoleInfo (RoleInfo.java:updateAndGet(143)) - bf55b3f9-6b09-4365-9d71-55289e083fa5: start LeaderElection
2019-10-16 18:02:08,528 [bf55b3f9-6b09-4365-9d71-55289e083fa5@group-EFD1D20A002C-LeaderElection601] INFO  impl.LeaderElection (LeaderElection.java:askForVotes(178)) - bf55b3f9-6b09-4365-9d71-55289e083fa5@group-EFD1D20A002C-LeaderElection601: begin an election at term 706 for -1: [f4c54511-b161-4347-aec5-5236dc80a0d8:0.0.0.0:41238, 907b9765-214b-4864-b66a-d6e2a5789e5c:0.0.0.0:41650, bf55b3f9-6b09-4365-9d71-55289e083fa5:0.0.0.0:42441], old=null
2019-10-16 18:02:08,530 [grpc-default-executor-3] INFO  impl.RaftServerImpl (RaftServerImpl.java:setRole(184)) - f4c54511-b161-4347-aec5-5236dc80a0d8@group-EFD1D20A002C: changes role from  FOLLOWER to FOLLOWER at term 706 for recognizeCandidate:bf55b3f9-6b09-4365-9d71-55289e083fa5
2019-10-16 18:02:08,530 [grpc-default-executor-3] INFO  impl.RoleInfo (RoleInfo.java:shutdownFollowerState(121)) - f4c54511-b161-4347-aec5-5236dc80a0d8: shutdown FollowerState
2019-10-16 18:02:08,530 [grpc-default-executor-2] INFO  impl.RaftServerImpl (RaftServerImpl.java:setRole(184)) - 907b9765-214b-4864-b66a-d6e2a5789e5c@group-EFD1D20A002C: changes role from  FOLLOWER to FOLLOWER at term 706 for recognizeCandidate:bf55b3f9-6b09-4365-9d71-55289e083fa5
2019-10-16 18:02:08,531 [grpc-default-executor-2] INFO  impl.RoleInfo (RoleInfo.java:shutdownFollowerState(121)) - 907b9765-214b-4864-b66a-d6e2a5789e5c: shutdown FollowerState
2019-10-16 18:02:08,530 [Thread-4260] INFO  impl.FollowerState (FollowerState.java:run(117)) - f4c54511-b161-4347-aec5-5236dc80a0d8@group-EFD1D20A002C-FollowerState was interrupted: java.lang.InterruptedException: sleep interrupted
2019-10-16 18:02:08,530 [grpc-default-executor-3] INFO  impl.RoleInfo (RoleInfo.java:updateAndGet(143)) - f4c54511-b161-4347-aec5-5236dc80a0d8: start FollowerState
2019-10-16 18:02:08,531 [Thread-4259] INFO  impl.FollowerState (FollowerState.java:run(117)) - 907b9765-214b-4864-b66a-d6e2a5789e5c@group-EFD1D20A002C-FollowerState was interrupted: java.lang.InterruptedException: sleep interrupted
2019-10-16 18:02:08,531 [grpc-default-executor-2] INFO  impl.RoleInfo (RoleInfo.java:updateAndGet(143)) - 907b9765-214b-4864-b66a-d6e2a5789e5c: start FollowerState
2019-10-16 18:02:08,596 [bf55b3f9-6b09-4365-9d71-55289e083fa5@group-EFD1D20A002C-LeaderElection601] INFO  impl.LeaderElection (LeaderElection.java:logAndReturn(56)) - bf55b3f9-6b09-4365-9d71-55289e083fa5@group-EFD1D20A002C-LeaderElection601: Election REJECTED; received 2 response(s) [bf55b3f9-6b09-4365-9d71-55289e083fa5<-f4c54511-b161-4347-aec5-5236dc80a0d8#0:FAIL-t706, bf55b3f9-6b09-4365-9d71-55289e083fa5<-907b9765-214b-4864-b66a-d6e2a5789e5c#0:FAIL-t706] and 0 exception(s); bf55b3f9-6b09-4365-9d71-55289e083fa5@group-EFD1D20A002C:t706, leader=null, voted=bf55b3f9-6b09-4365-9d71-55289e083fa5, raftlog=bf55b3f9-6b09-4365-9d71-55289e083fa5@group-EFD1D20A002C-SegmentedRaftLog:OPENED:c-1,f-1,i0, conf=-1: [f4c54511-b161-4347-aec5-5236dc80a0d8:0.0.0.0:41238, 907b9765-214b-4864-b66a-d6e2a5789e5c:0.0.0.0:41650, bf55b3f9-6b09-4365-9d71-55289e083fa5:0.0.0.0:42441], old=null
2019-10-16 18:02:08,596 [bf55b3f9-6b09-4365-9d71-55289e083fa5@group-EFD1D20A002C-LeaderElection601] INFO  impl.RaftServerImpl (RaftServerImpl.java:setRole(184)) - bf55b3f9-6b09-4365-9d71-55289e083fa5@group-EFD1D20A002C: changes role from CANDIDATE to FOLLOWER at term 706 for DISCOVERED_A_NEW_TERM
2019-10-16 18:02:08,596 [bf55b3f9-6b09-4365-9d71-55289e083fa5@group-EFD1D20A002C-LeaderElection601] INFO  impl.RoleInfo (RoleInfo.java:shutdownLeaderElection(134)) - bf55b3f9-6b09-4365-9d71-55289e083fa5: shutdown LeaderElection
2019-10-16 18:02:08,596 [bf55b3f9-6b09-4365-9d71-55289e083fa5@group-EFD1D20A002C-LeaderElection601] INFO  impl.RoleInfo (RoleInfo.java:updateAndGet(143)) - bf55b3f9-6b09-4365-9d71-55289e083fa5: start FollowerState
2019-10-16 18:02:08,727 [Thread-4267] INFO  impl.FollowerState (FollowerState.java:run(108)) - bf55b3f9-6b09-4365-9d71-55289e083fa5@group-EFD1D20A002C-FollowerState: change to CANDIDATE, lastRpcTime:130ms, electionTimeout:130ms
2019-10-16 18:02:08,727 [Thread-4267] INFO  impl.RoleInfo (RoleInfo.java:shutdownFollowerState(121)) - bf55b3f9-6b09-4365-9d71-55289e083fa5: shutdown FollowerState
2019-10-16 18:02:08,727 [Thread-4267] INFO  impl.RaftServerImpl (RaftServerImpl.java:setRole(184)) - bf55b3f9-6b09-4365-9d71-55289e083fa5@group-EFD1D20A002C: changes role from  FOLLOWER to CANDIDATE at term 706 for changeToCandidate
2019-10-16 18:02:08,727 [Thread-4267] INFO  impl.RoleInfo (RoleInfo.java:updateAndGet(143)) - bf55b3f9-6b09-4365-9d71-55289e083fa5: start LeaderElection
2019-10-16 18:02:08,766 [bf55b3f9-6b09-4365-9d71-55289e083fa5@group-EFD1D20A002C-LeaderElection602] INFO  impl.LeaderElection (LeaderElection.java:askForVotes(178)) - bf55b3f9-6b09-4365-9d71-55289e083fa5@group-EFD1D20A002C-LeaderElection602: begin an election at term 707 for -1: [f4c54511-b161-4347-aec5-5236dc80a0d8:0.0.0.0:41238, 907b9765-214b-4864-b66a-d6e2a5789e5c:0.0.0.0:41650, bf55b3f9-6b09-4365-9d71-55289e083fa5:0.0.0.0:42441], old=null
2019-10-16 18:02:08,767 [grpc-default-executor-2] INFO  impl.RaftServerImpl (RaftServerImpl.java:setRole(184)) - f4c54511-b161-4347-aec5-5236dc80a0d8@group-EFD1D20A002C: changes role from  FOLLOWER to FOLLOWER at term 707 for recognizeCandidate:bf55b3f9-6b09-4365-9d71-55289e083fa5
2019-10-16 18:02:08,768 [grpc-default-executor-2] INFO  impl.RoleInfo (RoleInfo.java:shutdownFollowerState(121)) - f4c54511-b161-4347-aec5-5236dc80a0d8: shutdown FollowerState
2019-10-16 18:02:08,768 [grpc-default-executor-2] INFO  impl.RoleInfo (RoleInfo.java:updateAndGet(143)) - f4c54511-b161-4347-aec5-5236dc80a0d8: start FollowerState
2019-10-16 18:02:08,768 [grpc-default-executor-3] INFO  impl.RaftServerImpl (RaftServerImpl.java:setRole(184)) - 907b9765-214b-4864-b66a-d6e2a5789e5c@group-EFD1D20A002C: changes role from  FOLLOWER to FOLLOWER at term 707 for recognizeCandidate:bf55b3f9-6b09-4365-9d71-55289e083fa5
2019-10-16 18:02:08,768 [grpc-default-executor-3] INFO  impl.RoleInfo (RoleInfo.java:shutdownFollowerState(121)) - 907b9765-214b-4864-b66a-d6e2a5789e5c: shutdown FollowerState
2019-10-16 18:02:08,768 [Thread-4265] INFO  impl.FollowerState (FollowerState.java:run(117)) - f4c54511-b161-4347-aec5-5236dc80a0d8@group-EFD1D20A002C-FollowerState was interrupted: java.lang.InterruptedException: sleep interrupted
2019-10-16 18:02:08,768 [Thread-4266] INFO  impl.FollowerState (FollowerState.java:run(117)) - 907b9765-214b-4864-b66a-d6e2a5789e5c@group-EFD1D20A002C-FollowerState was interrupted: java.lang.InterruptedException: sleep interrupted
2019-10-16 18:02:08,768 [grpc-default-executor-3] INFO  impl.RoleInfo (RoleInfo.java:updateAndGet(143)) - 907b9765-214b-4864-b66a-d6e2a5789e5c: start FollowerState
2019-10-16 18:02:08,800 [bf55b3f9-6b09-4365-9d71-55289e083fa5@group-EFD1D20A002C-LeaderElection602] INFO  impl.LeaderElection (LeaderElection.java:logAndReturn(56)) - bf55b3f9-6b09-4365-9d71-55289e083fa5@group-EFD1D20A002C-LeaderElection602: Election REJECTED; received 2 response(s) [bf55b3f9-6b09-4365-9d71-55289e083fa5<-f4c54511-b161-4347-aec5-5236dc80a0d8#0:FAIL-t707, bf55b3f9-6b09-4365-9d71-55289e083fa5<-907b9765-214b-4864-b66a-d6e2a5789e5c#0:FAIL-t707] and 0 exception(s); bf55b3f9-6b09-4365-9d71-55289e083fa5@group-EFD1D20A002C:t707, leader=null, voted=bf55b3f9-6b09-4365-9d71-55289e083fa5, raftlog=bf55b3f9-6b09-4365-9d71-55289e083fa5@group-EFD1D20A002C-SegmentedRaftLog:OPENED:c-1,f-1,i0, conf=-1: [f4c54511-b161-4347-aec5-5236dc80a0d8:0.0.0.0:41238, 907b9765-214b-4864-b66a-d6e2a5789e5c:0.0.0.0:41650, bf55b3f9-6b09-4365-9d71-55289e083fa5:0.0.0.0:42441], old=null
2019-10-16 18:02:08,800 [bf55b3f9-6b09-4365-9d71-55289e083fa5@group-EFD1D20A002C-LeaderElection602] INFO  impl.RaftServerImpl (RaftServerImpl.java:setRole(184)) - bf55b3f9-6b09-4365-9d71-55289e083fa5@group-EFD1D20A002C: changes role from CANDIDATE to FOLLOWER at term 707 for DISCOVERED_A_NEW_TERM
2019-10-16 18:02:08,800 [bf55b3f9-6b09-4365-9d71-55289e083fa5@group-EFD1D20A002C-LeaderElection602] INFO  impl.RoleInfo (RoleInfo.java:shutdownLeaderElection(134)) - bf55b3f9-6b09-4365-9d71-55289e083fa5: shutdown LeaderElection
2019-10-16 18:02:08,801 [bf55b3f9-6b09-4365-9d71-55289e083fa5@group-EFD1D20A002C-LeaderElection602] INFO  impl.RoleInfo (RoleInfo.java:updateAndGet(143)) - bf55b3f9-6b09-4365-9d71-55289e083fa5: start FollowerState
2019-10-16 18:02:08,989 [Thread-4273] INFO  impl.FollowerState (FollowerState.java:run(108)) - bf55b3f9-6b09-4365-9d71-55289e083fa5@group-EFD1D20A002C-FollowerState: change to CANDIDATE, lastRpcTime:188ms, electionTimeout:188ms
2019-10-16 18:02:08,989 [Thread-4273] INFO  impl.RoleInfo (RoleInfo.java:shutdownFollowerState(121)) - bf55b3f9-6b09-4365-9d71-55289e083fa5: shutdown FollowerState
2019-10-16 18:02:08,990 [Thread-4273] INFO  impl.RaftServerImpl (RaftServerImpl.java:setRole(184)) - bf55b3f9-6b09-4365-9d71-55289e083fa5@group-EFD1D20A002C: changes role from  FOLLOWER to CANDIDATE at term 707 for changeToCandidate
2019-10-16 18:02:08,990 [Thread-4273] INFO  impl.RoleInfo (RoleInfo.java:updateAndGet(143)) - bf55b3f9-6b09-4365-9d71-55289e083fa5: start LeaderElection
2019-10-16 18:02:09,014 [bf55b3f9-6b09-4365-9d71-55289e083fa5@group-EFD1D20A002C-LeaderElection603] INFO  impl.LeaderElection (LeaderElection.java:askForVotes(178)) - bf55b3f9-6b09-4365-9d71-55289e083fa5@group-EFD1D20A002C-LeaderElection603: begin an election at term 708 for -1: [f4c54511-b161-4347-aec5-5236dc80a0d8:0.0.0.0:41238, 907b9765-214b-4864-b66a-d6e2a5789e5c:0.0.0.0:41650, bf55b3f9-6b09-4365-9d71-55289e083fa5:0.0.0.0:42441], old=null
2019-10-16 18:02:09,016 [grpc-default-executor-3] INFO  impl.RaftServerImpl (RaftServerImpl.java:setRole(184)) - f4c54511-b161-4347-aec5-5236dc80a0d8@group-EFD1D20A002C: changes role from  FOLLOWER to FOLLOWER at term 708 for recognizeCandidate:bf55b3f9-6b09-4365-9d71-55289e083fa5
2019-10-16 18:02:09,016 [grpc-default-executor-3] INFO  impl.RoleInfo (RoleInfo.java:shutdownFollowerState(121)) - f4c54511-b161-4347-aec5-5236dc80a0d8: shutdown FollowerState
2019-10-16 18:02:09,016 [grpc-default-executor-2] INFO  impl.RaftServerImpl (RaftServerImpl.java:setRole(184)) - 907b9765-214b-4864-b66a-d6e2a5789e5c@group-EFD1D20A002C: changes role from  FOLLOWER to FOLLOWER at term 708 for recognizeCandidate:bf55b3f9-6b09-4365-9d71-55289e083fa5
2019-10-16 18:02:09,016 [Thread-4271] INFO  impl.FollowerState (FollowerState.java:run(117)) - f4c54511-b161-4347-aec5-5236dc80a0d8@group-EFD1D20A002C-FollowerState was interrupted: java.lang.InterruptedException: sleep interrupted
2019-10-16 18:02:09,016 [grpc-default-executor-3] INFO  impl.RoleInfo (RoleInfo.java:updateAndGet(143)) - f4c54511-b161-4347-aec5-5236dc80a0d8: start FollowerState
2019-10-16 18:02:09,017 [grpc-default-executor-2] INFO  impl.RoleInfo (RoleInfo.java:shutdownFollowerState(121)) - 907b9765-214b-4864-b66a-d6e2a5789e5c: shutdown FollowerState
2019-10-16 18:02:09,017 [grpc-default-executor-2] INFO  impl.RoleInfo (RoleInfo.java:updateAndGet(143)) - 907b9765-214b-4864-b66a-d6e2a5789e5c: start FollowerState
2019-10-16 18:02:09,017 [Thread-4272] INFO  impl.FollowerState (FollowerState.java:run(117)) - 907b9765-214b-4864-b66a-d6e2a5789e5c@group-EFD1D20A002C-FollowerState was interrupted: java.lang.InterruptedException: sleep interrupted
2019-10-16 18:02:09,041 [bf55b3f9-6b09-4365-9d71-55289e083fa5@group-EFD1D20A002C-LeaderElection603] INFO  impl.LeaderElection (LeaderElection.java:logAndReturn(56)) - bf55b3f9-6b09-4365-9d71-55289e083fa5@group-EFD1D20A002C-LeaderElection603: Election REJECTED; received 2 response(s) [bf55b3f9-6b09-4365-9d71-55289e083fa5<-f4c54511-b161-4347-aec5-5236dc80a0d8#0:FAIL-t708, bf55b3f9-6b09-4365-9d71-55289e083fa5<-907b9765-214b-4864-b66a-d6e2a5789e5c#0:FAIL-t708] and 0 exception(s); bf55b3f9-6b09-4365-9d71-55289e083fa5@group-EFD1D20A002C:t708, leader=null, voted=bf55b3f9-6b09-4365-9d71-55289e083fa5, raftlog=bf55b3f9-6b09-4365-9d71-55289e083fa5@group-EFD1D20A002C-SegmentedRaftLog:OPENED:c-1,f-1,i0, conf=-1: [f4c54511-b161-4347-aec5-5236dc80a0d8:0.0.0.0:41238, 907b9765-214b-4864-b66a-d6e2a5789e5c:0.0.0.0:41650, bf55b3f9-6b09-4365-9d71-55289e083fa5:0.0.0.0:42441], old=null
2019-10-16 18:02:09,041 [bf55b3f9-6b09-4365-9d71-55289e083fa5@group-EFD1D20A002C-LeaderElection603] INFO  impl.RaftServerImpl (RaftServerImpl.java:setRole(184)) - bf55b3f9-6b09-4365-9d71-55289e083fa5@group-EFD1D20A002C: changes role from CANDIDATE to FOLLOWER at term 708 for DISCOVERED_A_NEW_TERM
2019-10-16 18:02:09,041 [bf55b3f9-6b09-4365-9d71-55289e083fa5@group-EFD1D20A002C-LeaderElection603] INFO  impl.RoleInfo (RoleInfo.java:shutdownLeaderElection(134)) - bf55b3f9-6b09-4365-9d71-55289e083fa5: shutdown LeaderElection
2019-10-16 18:02:09,041 [bf55b3f9-6b09-4365-9d71-55289e083fa5@group-EFD1D20A002C-LeaderElection603] INFO  impl.RoleInfo (RoleInfo.java:updateAndGet(143)) - bf55b3f9-6b09-4365-9d71-55289e083fa5: start FollowerState
2019-10-16 18:02:09,183 [Thread-4279] INFO  impl.FollowerState (FollowerState.java:run(108)) - bf55b3f9-6b09-4365-9d71-55289e083fa5@group-EFD1D20A002C-FollowerState: change to CANDIDATE, lastRpcTime:141ms, electionTimeout:141ms
2019-10-16 18:02:09,183 [Thread-4279] INFO  impl.RoleInfo (RoleInfo.java:shutdownFollowerState(121)) - bf55b3f9-6b09-4365-9d71-55289e083fa5: shutdown FollowerState
2019-10-16 18:02:09,183 [Thread-4279] INFO  impl.RaftServerImpl (RaftServerImpl.java:setRole(184)) - bf55b3f9-6b09-4365-9d71-55289e083fa5@group-EFD1D20A002C: changes role from  FOLLOWER to CANDIDATE at term 708 for changeToCandidate
2019-10-16 18:02:09,183 [Thread-4279] INFO  impl.RoleInfo (RoleInfo.java:updateAndGet(143)) - bf55b3f9-6b09-4365-9d71-55289e083fa5: start LeaderElection
2019-10-16 18:02:09,235 [bf55b3f9-6b09-4365-9d71-55289e083fa5@group-EFD1D20A002C-LeaderElection604] INFO  impl.LeaderElection (LeaderElection.java:askForVotes(178)) - bf55b3f9-6b09-4365-9d71-55289e083fa5@group-EFD1D20A002C-LeaderElection604: begin an election at term 709 for -1: [f4c54511-b161-4347-aec5-5236dc80a0d8:0.0.0.0:41238, 907b9765-214b-4864-b66a-d6e2a5789e5c:0.0.0.0:41650, bf55b3f9-6b09-4365-9d71-55289e083fa5:0.0.0.0:42441], old=null
2019-10-16 18:02:09,237 [grpc-default-executor-3] INFO  impl.RaftServerImpl (RaftServerImpl.java:setRole(184)) - f4c54511-b161-4347-aec5-5236dc80a0d8@group-EFD1D20A002C: changes role from  FOLLOWER to FOLLOWER at term 709 for recognizeCandidate:bf55b3f9-6b09-4365-9d71-55289e083fa5
2019-10-16 18:02:09,237 [grpc-default-executor-2] INFO  impl.RaftServerImpl (RaftServerImpl.java:setRole(184)) - 907b9765-214b-4864-b66a-d6e2a5789e5c@group-EFD1D20A002C: changes role from  FOLLOWER to FOLLOWER at term 709 for recognizeCandidate:bf55b3f9-6b09-4365-9d71-55289e083fa5
2019-10-16 18:02:09,237 [grpc-default-executor-2] INFO  impl.RoleInfo (RoleInfo.java:shutdownFollowerState(121)) - 907b9765-214b-4864-b66a-d6e2a5789e5c: shutdown FollowerState
2019-10-16 18:02:09,237 [grpc-default-executor-3] INFO  impl.RoleInfo (RoleInfo.java:shutdownFollowerState(121)) - f4c54511-b161-4347-aec5-5236dc80a0d8: shutdown FollowerState
2019-10-16 18:02:09,238 [Thread-4278] INFO  impl.FollowerState (FollowerState.java:run(117)) - 907b9765-214b-4864-b66a-d6e2a5789e5c@group-EFD1D20A002C-FollowerState was interrupted: java.lang.InterruptedException: sleep interrupted
2019-10-16 18:02:09,238 [grpc-default-executor-2] INFO  impl.RoleInfo (RoleInfo.java:updateAndGet(143)) - 907b9765-214b-4864-b66a-d6e2a5789e5c: start FollowerState
2019-10-16 18:02:09,238 [Thread-4277] INFO  impl.FollowerState (FollowerState.java:run(117)) - f4c54511-b161-4347-aec5-5236dc80a0d8@group-EFD1D20A002C-FollowerState was interrupted: java.lang.InterruptedException: sleep interrupted
2019-10-16 18:02:09,238 [grpc-default-executor-3] INFO  impl.RoleInfo (RoleInfo.java:updateAndGet(143)) - f4c54511-b161-4347-aec5-5236dc80a0d8: start FollowerState
2019-10-16 18:02:09,263 [bf55b3f9-6b09-4365-9d71-55289e083fa5@group-EFD1D20A002C-LeaderElection604] INFO  impl.LeaderElection (LeaderElection.java:logAndReturn(56)) - bf55b3f9-6b09-4365-9d71-55289e083fa5@group-EFD1D20A002C-LeaderElection604: Election REJECTED; received 2 response(s) [bf55b3f9-6b09-4365-9d71-55289e083fa5<-f4c54511-b161-4347-aec5-5236dc80a0d8#0:FAIL-t709, bf55b3f9-6b09-4365-9d71-55289e083fa5<-907b9765-214b-4864-b66a-d6e2a5789e5c#0:FAIL-t709] and 0 exception(s); bf55b3f9-6b09-4365-9d71-55289e083fa5@group-EFD1D20A002C:t709, leader=null, voted=bf55b3f9-6b09-4365-9d71-55289e083fa5, raftlog=bf55b3f9-6b09-4365-9d71-55289e083fa5@group-EFD1D20A002C-SegmentedRaftLog:OPENED:c-1,f-1,i0, conf=-1: [f4c54511-b161-4347-aec5-5236dc80a0d8:0.0.0.0:41238, 907b9765-214b-4864-b66a-d6e2a5789e5c:0.0.0.0:41650, bf55b3f9-6b09-4365-9d71-55289e083fa5:0.0.0.0:42441], old=null
2019-10-16 18:02:09,263 [bf55b3f9-6b09-4365-9d71-55289e083fa5@group-EFD1D20A002C-LeaderElection604] INFO  impl.RaftServerImpl (RaftServerImpl.java:setRole(184)) - bf55b3f9-6b09-4365-9d71-55289e083fa5@group-EFD1D20A002C: changes role from CANDIDATE to FOLLOWER at term 709 for DISCOVERED_A_NEW_TERM
2019-10-16 18:02:09,263 [bf55b3f9-6b09-4365-9d71-55289e083fa5@group-EFD1D20A002C-LeaderElection604] INFO  impl.RoleInfo (RoleInfo.java:shutdownLeaderElection(134)) - bf55b3f9-6b09-4365-9d71-55289e083fa5: shutdown LeaderElection
2019-10-16 18:02:09,263 [bf55b3f9-6b09-4365-9d71-55289e083fa5@group-EFD1D20A002C-LeaderElection604] INFO  impl.RoleInfo (RoleInfo.java:updateAndGet(143)) - bf55b3f9-6b09-4365-9d71-55289e083fa5: start FollowerState
2019-10-16 18:02:09,456 [Thread-4285] INFO  impl.FollowerState (FollowerState.java:run(108)) - bf55b3f9-6b09-4365-9d71-55289e083fa5@group-EFD1D20A002C-FollowerState: change to CANDIDATE, lastRpcTime:192ms, electionTimeout:192ms
2019-10-16 18:02:09,456 [Thread-4285] INFO  impl.RoleInfo (RoleInfo.java:shutdownFollowerState(121)) - bf55b3f9-6b09-4365-9d71-55289e083fa5: shutdown FollowerState
2019-10-16 18:02:09,456 [Thread-4285] INFO  impl.RaftServerImpl (RaftServerImpl.java:setRole(184)) - bf55b3f9-6b09-4365-9d71-55289e083fa5@group-EFD1D20A002C: changes role from  FOLLOWER to CANDIDATE at term 709 for changeToCandidate
2019-10-16 18:02:09,456 [Thread-4285] INFO  impl.RoleInfo (RoleInfo.java:updateAndGet(143)) - bf55b3f9-6b09-4365-9d71-55289e083fa5: start LeaderElection
2019-10-16 18:02:09,482 [bf55b3f9-6b09-4365-9d71-55289e083fa5@group-EFD1D20A002C-LeaderElection605] INFO  impl.LeaderElection (LeaderElection.java:askForVotes(178)) - bf55b3f9-6b09-4365-9d71-55289e083fa5@group-EFD1D20A002C-LeaderElection605: begin an election at term 710 for -1: [f4c54511-b161-4347-aec5-5236dc80a0d8:0.0.0.0:41238, 907b9765-214b-4864-b66a-d6e2a5789e5c:0.0.0.0:41650, bf55b3f9-6b09-4365-9d71-55289e083fa5:0.0.0.0:42441], old=null
2019-10-16 18:02:09,484 [grpc-default-executor-3] INFO  impl.RaftServerImpl (RaftServerImpl.java:setRole(184)) - f4c54511-b161-4347-aec5-5236dc80a0d8@group-EFD1D20A002C: changes role from  FOLLOWER to FOLLOWER at term 710 for recognizeCandidate:bf55b3f9-6b09-4365-9d71-55289e083fa5
2019-10-16 18:02:09,484 [grpc-default-executor-2] INFO  impl.RaftServerImpl (RaftServerImpl.java:setRole(184)) - 907b9765-214b-4864-b66a-d6e2a5789e5c@group-EFD1D20A002C: changes role from  FOLLOWER to FOLLOWER at term 710 for recognizeCandidate:bf55b3f9-6b09-4365-9d71-55289e083fa5
2019-10-16 18:02:09,484 [grpc-default-executor-3] INFO  impl.RoleInfo (RoleInfo.java:shutdownFollowerState(121)) - f4c54511-b161-4347-aec5-5236dc80a0d8: shutdown FollowerState
2019-10-16 18:02:09,484 [grpc-default-executor-2] INFO  impl.RoleInfo (RoleInfo.java:shutdownFollowerState(121)) - 907b9765-214b-4864-b66a-d6e2a5789e5c: shutdown FollowerState
2019-10-16 18:02:09,484 [Thread-4284] INFO  impl.FollowerState (FollowerState.java:run(117)) - f4c54511-b161-4347-aec5-5236dc80a0d8@group-EFD1D20A002C-FollowerState was interrupted: java.lang.InterruptedException: sleep interrupted
2019-10-16 18:02:09,484 [grpc-default-executor-3] INFO  impl.RoleInfo (RoleInfo.java:updateAndGet(143)) - f4c54511-b161-4347-aec5-5236dc80a0d8: start FollowerState
2019-10-16 18:02:09,484 [Thread-4283] INFO  impl.FollowerState (FollowerState.java:run(117)) - 907b9765-214b-4864-b66a-d6e2a5789e5c@group-EFD1D20A002C-FollowerState was interrupted: java.lang.InterruptedException: sleep interrupted
2019-10-16 18:02:09,484 [grpc-default-executor-2] INFO  impl.RoleInfo (RoleInfo.java:updateAndGet(143)) - 907b9765-214b-4864-b66a-d6e2a5789e5c: start FollowerState
2019-10-16 18:02:09,509 [bf55b3f9-6b09-4365-9d71-55289e083fa5@group-EFD1D20A002C-LeaderElection605] INFO  impl.LeaderElection (LeaderElection.java:logAndReturn(56)) - bf55b3f9-6b09-4365-9d71-55289e083fa5@group-EFD1D20A002C-LeaderElection605: Election REJECTED; received 2 response(s) [bf55b3f9-6b09-4365-9d71-55289e083fa5<-f4c54511-b161-4347-aec5-5236dc80a0d8#0:FAIL-t710, bf55b3f9-6b09-4365-9d71-55289e083fa5<-907b9765-214b-4864-b66a-d6e2a5789e5c#0:FAIL-t710] and 0 exception(s); bf55b3f9-6b09-4365-9d71-55289e083fa5@group-EFD1D20A002C:t710, leader=null, voted=bf55b3f9-6b09-4365-9d71-55289e083fa5, raftlog=bf55b3f9-6b09-4365-9d71-55289e083fa5@group-EFD1D20A002C-SegmentedRaftLog:OPENED:c-1,f-1,i0, conf=-1: [f4c54511-b161-4347-aec5-5236dc80a0d8:0.0.0.0:41238, 907b9765-214b-4864-b66a-d6e2a5789e5c:0.0.0.0:41650, bf55b3f9-6b09-4365-9d71-55289e083fa5:0.0.0.0:42441], old=null
2019-10-16 18:02:09,509 [bf55b3f9-6b09-4365-9d71-55289e083fa5@group-EFD1D20A002C-LeaderElection605] INFO  impl.RaftServerImpl (RaftServerImpl.java:setRole(184)) - bf55b3f9-6b09-4365-9d71-55289e083fa5@group-EFD1D20A002C: changes role from CANDIDATE to FOLLOWER at term 710 for DISCOVERED_A_NEW_TERM
2019-10-16 18:02:09,509 [bf55b3f9-6b09-4365-9d71-55289e083fa5@group-EFD1D20A002C-LeaderElection605] INFO  impl.RoleInfo (RoleInfo.java:shutdownLeaderElection(134)) - bf55b3f9-6b09-4365-9d71-55289e083fa5: shutdown LeaderElection
2019-10-16 18:02:09,509 [bf55b3f9-6b09-4365-9d71-55289e083fa5@group-EFD1D20A002C-LeaderElection605] INFO  impl.RoleInfo (RoleInfo.java:updateAndGet(143)) - bf55b3f9-6b09-4365-9d71-55289e083fa5: start FollowerState
2019-10-16 18:02:09,647 [Thread-4293] INFO  impl.FollowerState (FollowerState.java:run(108)) - bf55b3f9-6b09-4365-9d71-55289e083fa5@group-EFD1D20A002C-FollowerState: change to CANDIDATE, lastRpcTime:137ms, electionTimeout:137ms
2019-10-16 18:02:09,647 [Thread-4293] INFO  impl.RoleInfo (RoleInfo.java:shutdownFollowerState(121)) - bf55b3f9-6b09-4365-9d71-55289e083fa5: shutdown FollowerState
2019-10-16 18:02:09,647 [Thread-4293] INFO  impl.RaftServerImpl (RaftServerImpl.java:setRole(184)) - bf55b3f9-6b09-4365-9d71-55289e083fa5@group-EFD1D20A002C: changes role from  FOLLOWER to CANDIDATE at term 710 for changeToCandidate
2019-10-16 18:02:09,647 [Thread-4293] INFO  impl.RoleInfo (RoleInfo.java:updateAndGet(143)) - bf55b3f9-6b09-4365-9d71-55289e083fa5: start LeaderElection
2019-10-16 18:02:09,709 [bf55b3f9-6b09-4365-9d71-55289e083fa5@group-EFD1D20A002C-LeaderElection606] INFO  impl.LeaderElection (LeaderElection.java:askForVotes(178)) - bf55b3f9-6b09-4365-9d71-55289e083fa5@group-EFD1D20A002C-LeaderElection606: begin an election at term 711 for -1: [f4c54511-b161-4347-aec5-5236dc80a0d8:0.0.0.0:41238, 907b9765-214b-4864-b66a-d6e2a5789e5c:0.0.0.0:41650, bf55b3f9-6b09-4365-9d71-55289e083fa5:0.0.0.0:42441], old=null
2019-10-16 18:02:09,710 [grpc-default-executor-2] INFO  impl.RaftServerImpl (RaftServerImpl.java:setRole(184)) - f4c54511-b161-4347-aec5-5236dc80a0d8@group-EFD1D20A002C: changes role from  FOLLOWER to FOLLOWER at term 711 for recognizeCandidate:bf55b3f9-6b09-4365-9d71-55289e083fa5
2019-10-16 18:02:09,711 [grpc-default-executor-3] INFO  impl.RaftServerImpl (RaftServerImpl.java:setRole(184)) - 907b9765-214b-4864-b66a-d6e2a5789e5c@group-EFD1D20A002C: changes role from  FOLLOWER to FOLLOWER at term 711 for recognizeCandidate:bf55b3f9-6b09-4365-9d71-55289e083fa5
2019-10-16 18:02:09,711 [grpc-default-executor-2] INFO  impl.RoleInfo (RoleInfo.java:shutdownFollowerState(121)) - f4c54511-b161-4347-aec5-5236dc80a0d8: shutdown FollowerState
2019-10-16 18:02:09,711 [grpc-default-executor-3] INFO  impl.RoleInfo (RoleInfo.java:shutdownFollowerState(121)) - 907b9765-214b-4864-b66a-d6e2a5789e5c: shutdown FollowerState
2019-10-16 18:02:09,711 [Thread-4291] INFO  impl.FollowerState (FollowerState.java:run(117)) - f4c54511-b161-4347-aec5-5236dc80a0d8@group-EFD1D20A002C-FollowerState was interrupted: java.lang.InterruptedException: sleep interrupted
2019-10-16 18:02:09,711 [grpc-default-executor-2] INFO  impl.RoleInfo (RoleInfo.java:updateAndGet(143)) - f4c54511-b161-4347-aec5-5236dc80a0d8: start FollowerState
2019-10-16 18:02:09,711 [Thread-4292] INFO  impl.FollowerState (FollowerState.java:run(117)) - 907b9765-214b-4864-b66a-d6e2a5789e5c@group-EFD1D20A002C-FollowerState was interrupted: java.lang.InterruptedException: sleep interrupted
2019-10-16 18:02:09,711 [grpc-default-executor-3] INFO  impl.RoleInfo (RoleInfo.java:updateAndGet(143)) - 907b9765-214b-4864-b66a-d6e2a5789e5c: start FollowerState
2019-10-16 18:02:09,771 [bf55b3f9-6b09-4365-9d71-55289e083fa5@group-EFD1D20A002C-LeaderElection606] INFO  impl.LeaderElection (LeaderElection.java:logAndReturn(56)) - bf55b3f9-6b09-4365-9d71-55289e083fa5@group-EFD1D20A002C-LeaderElection606: Election TIMEOUT; received 0 response(s) [] and 0 exception(s); bf55b3f9-6b09-4365-9d71-55289e083fa5@group-EFD1D20A002C:t711, leader=null, voted=bf55b3f9-6b09-4365-9d71-55289e083fa5, raftlog=bf55b3f9-6b09-4365-9d71-55289e083fa5@group-EFD1D20A002C-SegmentedRaftLog:OPENED:c-1,f-1,i0, conf=-1: [f4c54511-b161-4347-aec5-5236dc80a0d8:0.0.0.0:41238, 907b9765-214b-4864-b66a-d6e2a5789e5c:0.0.0.0:41650, bf55b3f9-6b09-4365-9d71-55289e083fa5:0.0.0.0:42441], old=null
2019-10-16 18:02:09,827 [bf55b3f9-6b09-4365-9d71-55289e083fa5@group-EFD1D20A002C-LeaderElection606] INFO  impl.LeaderElection (LeaderElection.java:askForVotes(178)) - bf55b3f9-6b09-4365-9d71-55289e083fa5@group-EFD1D20A002C-LeaderElection606: begin an election at term 712 for -1: [f4c54511-b161-4347-aec5-5236dc80a0d8:0.0.0.0:41238, 907b9765-214b-4864-b66a-d6e2a5789e5c:0.0.0.0:41650, bf55b3f9-6b09-4365-9d71-55289e083fa5:0.0.0.0:42441], old=null
2019-10-16 18:02:09,829 [grpc-default-executor-2] INFO  impl.RaftServerImpl (RaftServerImpl.java:setRole(184)) - 907b9765-214b-4864-b66a-d6e2a5789e5c@group-EFD1D20A002C: changes role from  FOLLOWER to FOLLOWER at term 712 for recognizeCandidate:bf55b3f9-6b09-4365-9d71-55289e083fa5
2019-10-16 18:02:09,829 [grpc-default-executor-2] INFO  impl.RoleInfo (RoleInfo.java:shutdownFollowerState(121)) - 907b9765-214b-4864-b66a-d6e2a5789e5c: shutdown FollowerState
2019-10-16 18:02:09,830 [grpc-default-executor-2] INFO  impl.RoleInfo (RoleInfo.java:updateAndGet(143)) - 907b9765-214b-4864-b66a-d6e2a5789e5c: start FollowerState
2019-10-16 18:02:09,830 [Thread-4298] INFO  impl.FollowerState (FollowerState.java:run(117)) - 907b9765-214b-4864-b66a-d6e2a5789e5c@group-EFD1D20A002C-FollowerState was interrupted: java.lang.InterruptedException: sleep interrupted
2019-10-16 18:02:09,830 [grpc-default-executor-3] INFO  impl.RaftServerImpl (RaftServerImpl.java:setRole(184)) - f4c54511-b161-4347-aec5-5236dc80a0d8@group-EFD1D20A002C: changes role from  FOLLOWER to FOLLOWER at term 712 for recognizeCandidate:bf55b3f9-6b09-4365-9d71-55289e083fa5
2019-10-16 18:02:09,830 [grpc-default-executor-3] INFO  impl.RoleInfo (RoleInfo.java:shutdownFollowerState(121)) - f4c54511-b161-4347-aec5-5236dc80a0d8: shutdown FollowerState
2019-10-16 18:02:09,830 [grpc-default-executor-3] INFO  impl.RoleInfo (RoleInfo.java:updateAndGet(143)) - f4c54511-b161-4347-aec5-5236dc80a0d8: start FollowerState
2019-10-16 18:02:09,830 [Thread-4297] INFO  impl.FollowerState (FollowerState.java:run(117)) - f4c54511-b161-4347-aec5-5236dc80a0d8@group-EFD1D20A002C-FollowerState was interrupted: java.lang.InterruptedException: sleep interrupted
2019-10-16 18:02:09,884 [bf55b3f9-6b09-4365-9d71-55289e083fa5@group-EFD1D20A002C-LeaderElection606] INFO  impl.LeaderElection (LeaderElection.java:logAndReturn(56)) - bf55b3f9-6b09-4365-9d71-55289e083fa5@group-EFD1D20A002C-LeaderElection606: Election REJECTED; received 2 response(s) [bf55b3f9-6b09-4365-9d71-55289e083fa5<-f4c54511-b161-4347-aec5-5236dc80a0d8#0:FAIL-t712, bf55b3f9-6b09-4365-9d71-55289e083fa5<-907b9765-214b-4864-b66a-d6e2a5789e5c#0:FAIL-t712] and 0 exception(s); bf55b3f9-6b09-4365-9d71-55289e083fa5@group-EFD1D20A002C:t712, leader=null, voted=bf55b3f9-6b09-4365-9d71-55289e083fa5, raftlog=bf55b3f9-6b09-4365-9d71-55289e083fa5@group-EFD1D20A002C-SegmentedRaftLog:OPENED:c-1,f-1,i0, conf=-1: [f4c54511-b161-4347-aec5-5236dc80a0d8:0.0.0.0:41238, 907b9765-214b-4864-b66a-d6e2a5789e5c:0.0.0.0:41650, bf55b3f9-6b09-4365-9d71-55289e083fa5:0.0.0.0:42441], old=null
2019-10-16 18:02:09,884 [bf55b3f9-6b09-4365-9d71-55289e083fa5@group-EFD1D20A002C-LeaderElection606] INFO  impl.RaftServerImpl (RaftServerImpl.java:setRole(184)) - bf55b3f9-6b09-4365-9d71-55289e083fa5@group-EFD1D20A002C: changes role from CANDIDATE to FOLLOWER at term 712 for DISCOVERED_A_NEW_TERM
2019-10-16 18:02:09,885 [bf55b3f9-6b09-4365-9d71-55289e083fa5@group-EFD1D20A002C-LeaderElection606] INFO  impl.RoleInfo (RoleInfo.java:shutdownLeaderElection(134)) - bf55b3f9-6b09-4365-9d71-55289e083fa5: shutdown LeaderElection
2019-10-16 18:02:09,885 [bf55b3f9-6b09-4365-9d71-55289e083fa5@group-EFD1D20A002C-LeaderElection606] INFO  impl.RoleInfo (RoleInfo.java:updateAndGet(143)) - bf55b3f9-6b09-4365-9d71-55289e083fa5: start FollowerState
2019-10-16 18:02:09,970 [Thread-4303] INFO  impl.FollowerState (FollowerState.java:run(108)) - bf55b3f9-6b09-4365-9d71-55289e083fa5@group-EFD1D20A002C-FollowerState: change to CANDIDATE, lastRpcTime:85ms, electionTimeout:85ms
2019-10-16 18:02:09,971 [Thread-4303] INFO  impl.RoleInfo (RoleInfo.java:shutdownFollowerState(121)) - bf55b3f9-6b09-4365-9d71-55289e083fa5: shutdown FollowerState
2019-10-16 18:02:09,971 [Thread-4303] INFO  impl.RaftServerImpl (RaftServerImpl.java:setRole(184)) - bf55b3f9-6b09-4365-9d71-55289e083fa5@group-EFD1D20A002C: changes role from  FOLLOWER to CANDIDATE at term 712 for changeToCandidate
2019-10-16 18:02:09,971 [Thread-4303] INFO  impl.RoleInfo (RoleInfo.java:updateAndGet(143)) - bf55b3f9-6b09-4365-9d71-55289e083fa5: start LeaderElection
2019-10-16 18:02:09,996 [bf55b3f9-6b09-4365-9d71-55289e083fa5@group-EFD1D20A002C-LeaderElection607] INFO  impl.LeaderElection (LeaderElection.java:askForVotes(178)) - bf55b3f9-6b09-4365-9d71-55289e083fa5@group-EFD1D20A002C-LeaderElection607: begin an election at term 713 for -1: [f4c54511-b161-4347-aec5-5236dc80a0d8:0.0.0.0:41238, 907b9765-214b-4864-b66a-d6e2a5789e5c:0.0.0.0:41650, bf55b3f9-6b09-4365-9d71-55289e083fa5:0.0.0.0:42441], old=null
2019-10-16 18:02:09,999 [grpc-default-executor-2] INFO  impl.RaftServerImpl (RaftServerImpl.java:setRole(184)) - 907b9765-214b-4864-b66a-d6e2a5789e5c@group-EFD1D20A002C: changes role from  FOLLOWER to FOLLOWER at term 713 for recognizeCandidate:bf55b3f9-6b09-4365-9d71-55289e083fa5
2019-10-16 18:02:09,999 [grpc-default-executor-2] INFO  impl.RoleInfo (RoleInfo.java:shutdownFollowerState(121)) - 907b9765-214b-4864-b66a-d6e2a5789e5c: shutdown FollowerState
2019-10-16 18:02:09,999 [grpc-default-executor-3] INFO  impl.RaftServerImpl (RaftServerImpl.java:setRole(184)) - f4c54511-b161-4347-aec5-5236dc80a0d8@group-EFD1D20A002C: changes role from  FOLLOWER to FOLLOWER at term 713 for recognizeCandidate:bf55b3f9-6b09-4365-9d71-55289e083fa5
2019-10-16 18:02:09,999 [Thread-4301] INFO  impl.FollowerState (FollowerState.java:run(117)) - 907b9765-214b-4864-b66a-d6e2a5789e5c@group-EFD1D20A002C-FollowerState was interrupted: java.lang.InterruptedException: sleep interrupted
2019-10-16 18:02:09,999 [grpc-default-executor-2] INFO  impl.RoleInfo (RoleInfo.java:updateAndGet(143)) - 907b9765-214b-4864-b66a-d6e2a5789e5c: start FollowerState
2019-10-16 18:02:09,999 [grpc-default-executor-3] INFO  impl.RoleInfo (RoleInfo.java:shutdownFollowerState(121)) - f4c54511-b161-4347-aec5-5236dc80a0d8: shutdown FollowerState
2019-10-16 18:02:09,999 [grpc-default-executor-3] INFO  impl.RoleInfo (RoleInfo.java:updateAndGet(143)) - f4c54511-b161-4347-aec5-5236dc80a0d8: start FollowerState
2019-10-16 18:02:10,000 [Thread-4302] INFO  impl.FollowerState (FollowerState.java:run(117)) - f4c54511-b161-4347-aec5-5236dc80a0d8@group-EFD1D20A002C-FollowerState was interrupted: java.lang.InterruptedException: sleep interrupted
2019-10-16 18:02:10,073 [bf55b3f9-6b09-4365-9d71-55289e083fa5@group-EFD1D20A002C-LeaderElection607] INFO  impl.LeaderElection (LeaderElection.java:logAndReturn(56)) - bf55b3f9-6b09-4365-9d71-55289e083fa5@group-EFD1D20A002C-LeaderElection607: Election REJECTED; received 2 response(s) [bf55b3f9-6b09-4365-9d71-55289e083fa5<-f4c54511-b161-4347-aec5-5236dc80a0d8#0:FAIL-t713, bf55b3f9-6b09-4365-9d71-55289e083fa5<-907b9765-214b-4864-b66a-d6e2a5789e5c#0:FAIL-t713] and 0 exception(s); bf55b3f9-6b09-4365-9d71-55289e083fa5@group-EFD1D20A002C:t713, leader=null, voted=bf55b3f9-6b09-4365-9d71-55289e083fa5, raftlog=bf55b3f9-6b09-4365-9d71-55289e083fa5@group-EFD1D20A002C-SegmentedRaftLog:OPENED:c-1,f-1,i0, conf=-1: [f4c54511-b161-4347-aec5-5236dc80a0d8:0.0.0.0:41238, 907b9765-214b-4864-b66a-d6e2a5789e5c:0.0.0.0:41650, bf55b3f9-6b09-4365-9d71-55289e083fa5:0.0.0.0:42441], old=null
2019-10-16 18:02:10,073 [bf55b3f9-6b09-4365-9d71-55289e083fa5@group-EFD1D20A002C-LeaderElection607] INFO  impl.RaftServerImpl (RaftServerImpl.java:setRole(184)) - bf55b3f9-6b09-4365-9d71-55289e083fa5@group-EFD1D20A002C: changes role from CANDIDATE to FOLLOWER at term 713 for DISCOVERED_A_NEW_TERM
2019-10-16 18:02:10,074 [bf55b3f9-6b09-4365-9d71-55289e083fa5@group-EFD1D20A002C-LeaderElection607] INFO  impl.RoleInfo (RoleInfo.java:shutdownLeaderElection(134)) - bf55b3f9-6b09-4365-9d71-55289e083fa5: shutdown LeaderElection
2019-10-16 18:02:10,074 [bf55b3f9-6b09-4365-9d71-55289e083fa5@group-EFD1D20A002C-LeaderElection607] INFO  impl.RoleInfo (RoleInfo.java:updateAndGet(143)) - bf55b3f9-6b09-4365-9d71-55289e083fa5: start FollowerState
2019-10-16 18:02:10,157 [Thread-4309] INFO  impl.FollowerState (FollowerState.java:run(108)) - bf55b3f9-6b09-4365-9d71-55289e083fa5@group-EFD1D20A002C-FollowerState: change to CANDIDATE, lastRpcTime:83ms, electionTimeout:83ms
2019-10-16 18:02:10,157 [Thread-4309] INFO  impl.RoleInfo (RoleInfo.java:shutdownFollowerState(121)) - bf55b3f9-6b09-4365-9d71-55289e083fa5: shutdown FollowerState
2019-10-16 18:02:10,158 [Thread-4309] INFO  impl.RaftServerImpl (RaftServerImpl.java:setRole(184)) - bf55b3f9-6b09-4365-9d71-55289e083fa5@group-EFD1D20A002C: changes role from  FOLLOWER to CANDIDATE at term 713 for changeToCandidate
2019-10-16 18:02:10,158 [Thread-4309] INFO  impl.RoleInfo (RoleInfo.java:updateAndGet(143)) - bf55b3f9-6b09-4365-9d71-55289e083fa5: start LeaderElection
2019-10-16 18:02:10,206 [bf55b3f9-6b09-4365-9d71-55289e083fa5@group-EFD1D20A002C-LeaderElection608] INFO  impl.LeaderElection (LeaderElection.java:askForVotes(178)) - bf55b3f9-6b09-4365-9d71-55289e083fa5@group-EFD1D20A002C-LeaderElection608: begin an election at term 714 for -1: [f4c54511-b161-4347-aec5-5236dc80a0d8:0.0.0.0:41238, 907b9765-214b-4864-b66a-d6e2a5789e5c:0.0.0.0:41650, bf55b3f9-6b09-4365-9d71-55289e083fa5:0.0.0.0:42441], old=null
2019-10-16 18:02:10,208 [grpc-default-executor-2] INFO  impl.RaftServerImpl (RaftServerImpl.java:setRole(184)) - f4c54511-b161-4347-aec5-5236dc80a0d8@group-EFD1D20A002C: changes role from  FOLLOWER to FOLLOWER at term 714 for recognizeCandidate:bf55b3f9-6b09-4365-9d71-55289e083fa5
2019-10-16 18:02:10,208 [grpc-default-executor-2] INFO  impl.RoleInfo (RoleInfo.java:shutdownFollowerState(121)) - f4c54511-b161-4347-aec5-5236dc80a0d8: shutdown FollowerState
2019-10-16 18:02:10,208 [grpc-default-executor-3] INFO  impl.RaftServerImpl (RaftServerImpl.java:setRole(184)) - 907b9765-214b-4864-b66a-d6e2a5789e5c@group-EFD1D20A002C: changes role from  FOLLOWER to FOLLOWER at term 714 for recognizeCandidate:bf55b3f9-6b09-4365-9d71-55289e083fa5
2019-10-16 18:02:10,208 [grpc-default-executor-3] INFO  impl.RoleInfo (RoleInfo.java:shutdownFollowerState(121)) - 907b9765-214b-4864-b66a-d6e2a5789e5c: shutdown FollowerState
2019-10-16 18:02:10,208 [Thread-4308] INFO  impl.FollowerState (FollowerState.java:run(117)) - f4c54511-b161-4347-aec5-5236dc80a0d8@group-EFD1D20A002C-FollowerState was interrupted: java.lang.InterruptedException: sleep interrupted
2019-10-16 18:02:10,208 [grpc-default-executor-2] INFO  impl.RoleInfo (RoleInfo.java:updateAndGet(143)) - f4c54511-b161-4347-aec5-5236dc80a0d8: start FollowerState
2019-10-16 18:02:10,208 [Thread-4307] INFO  impl.FollowerState (FollowerState.java:run(117)) - 907b9765-214b-4864-b66a-d6e2a5789e5c@group-EFD1D20A002C-FollowerState was interrupted: java.lang.InterruptedException: sleep interrupted
2019-10-16 18:02:10,208 [grpc-default-executor-3] INFO  impl.RoleInfo (RoleInfo.java:updateAndGet(143)) - 907b9765-214b-4864-b66a-d6e2a5789e5c: start FollowerState
2019-10-16 18:02:10,264 [bf55b3f9-6b09-4365-9d71-55289e083fa5@group-EFD1D20A002C-LeaderElection608] INFO  impl.LeaderElection (LeaderElection.java:logAndReturn(56)) - bf55b3f9-6b09-4365-9d71-55289e083fa5@group-EFD1D20A002C-LeaderElection608: Election REJECTED; received 2 response(s) [bf55b3f9-6b09-4365-9d71-55289e083fa5<-f4c54511-b161-4347-aec5-5236dc80a0d8#0:FAIL-t714, bf55b3f9-6b09-4365-9d71-55289e083fa5<-907b9765-214b-4864-b66a-d6e2a5789e5c#0:FAIL-t714] and 0 exception(s); bf55b3f9-6b09-4365-9d71-55289e083fa5@group-EFD1D20A002C:t714, leader=null, voted=bf55b3f9-6b09-4365-9d71-55289e083fa5, raftlog=bf55b3f9-6b09-4365-9d71-55289e083fa5@group-EFD1D20A002C-SegmentedRaftLog:OPENED:c-1,f-1,i0, conf=-1: [f4c54511-b161-4347-aec5-5236dc80a0d8:0.0.0.0:41238, 907b9765-214b-4864-b66a-d6e2a5789e5c:0.0.0.0:41650, bf55b3f9-6b09-4365-9d71-55289e083fa5:0.0.0.0:42441], old=null
2019-10-16 18:02:10,264 [bf55b3f9-6b09-4365-9d71-55289e083fa5@group-EFD1D20A002C-LeaderElection608] INFO  impl.RaftServerImpl (RaftServerImpl.java:setRole(184)) - bf55b3f9-6b09-4365-9d71-55289e083fa5@group-EFD1D20A002C: changes role from CANDIDATE to FOLLOWER at term 714 for DISCOVERED_A_NEW_TERM
2019-10-16 18:02:10,264 [bf55b3f9-6b09-4365-9d71-55289e083fa5@group-EFD1D20A002C-LeaderElection608] INFO  impl.RoleInfo (RoleInfo.java:shutdownLeaderElection(134)) - bf55b3f9-6b09-4365-9d71-55289e083fa5: shutdown LeaderElection
2019-10-16 18:02:10,264 [bf55b3f9-6b09-4365-9d71-55289e083fa5@group-EFD1D20A002C-LeaderElection608] INFO  impl.RoleInfo (RoleInfo.java:updateAndGet(143)) - bf55b3f9-6b09-4365-9d71-55289e083fa5: start FollowerState
2019-10-16 18:02:10,397 [Thread-4315] INFO  impl.FollowerState (FollowerState.java:run(108)) - bf55b3f9-6b09-4365-9d71-55289e083fa5@group-EFD1D20A002C-FollowerState: change to CANDIDATE, lastRpcTime:132ms, electionTimeout:132ms
2019-10-16 18:02:10,397 [Thread-4315] INFO  impl.RoleInfo (RoleInfo.java:shutdownFollowerState(121)) - bf55b3f9-6b09-4365-9d71-55289e083fa5: shutdown FollowerState
2019-10-16 18:02:10,397 [Thread-4315] INFO  impl.RaftServerImpl (RaftServerImpl.java:setRole(184)) - bf55b3f9-6b09-4365-9d71-55289e083fa5@group-EFD1D20A002C: changes role from  FOLLOWER to CANDIDATE at term 714 for changeToCandidate
2019-10-16 18:02:10,397 [Thread-4315] INFO  impl.RoleInfo (RoleInfo.java:updateAndGet(143)) - bf55b3f9-6b09-4365-9d71-55289e083fa5: start LeaderElection
2019-10-16 18:02:10,414 [bf55b3f9-6b09-4365-9d71-55289e083fa5@group-EFD1D20A002C-LeaderElection609] INFO  impl.LeaderElection (LeaderElection.java:askForVotes(178)) - bf55b3f9-6b09-4365-9d71-55289e083fa5@group-EFD1D20A002C-LeaderElection609: begin an election at term 715 for -1: [f4c54511-b161-4347-aec5-5236dc80a0d8:0.0.0.0:41238, 907b9765-214b-4864-b66a-d6e2a5789e5c:0.0.0.0:41650, bf55b3f9-6b09-4365-9d71-55289e083fa5:0.0.0.0:42441], old=null
2019-10-16 18:02:10,416 [grpc-default-executor-3] INFO  impl.RaftServerImpl (RaftServerImpl.java:setRole(184)) - 907b9765-214b-4864-b66a-d6e2a5789e5c@group-EFD1D20A002C: changes role from  FOLLOWER to FOLLOWER at term 715 for recognizeCandidate:bf55b3f9-6b09-4365-9d71-55289e083fa5
2019-10-16 18:02:10,416 [grpc-default-executor-3] INFO  impl.RoleInfo (RoleInfo.java:shutdownFollowerState(121)) - 907b9765-214b-4864-b66a-d6e2a5789e5c: shutdown FollowerState
2019-10-16 18:02:10,416 [grpc-default-executor-2] INFO  impl.RaftServerImpl (RaftServerImpl.java:setRole(184)) - f4c54511-b161-4347-aec5-5236dc80a0d8@group-EFD1D20A002C: changes role from  FOLLOWER to FOLLOWER at term 715 for recognizeCandidate:bf55b3f9-6b09-4365-9d71-55289e083fa5
2019-10-16 18:02:10,416 [grpc-default-executor-2] INFO  impl.RoleInfo (RoleInfo.java:shutdownFollowerState(121)) - f4c54511-b161-4347-aec5-5236dc80a0d8: shutdown FollowerState
2019-10-16 18:02:10,416 [Thread-4314] INFO  impl.FollowerState (FollowerState.java:run(117)) - 907b9765-214b-4864-b66a-d6e2a5789e5c@group-EFD1D20A002C-FollowerState was interrupted: java.lang.InterruptedException: sleep interrupted
2019-10-16 18:02:10,416 [grpc-default-executor-3] INFO  impl.RoleInfo (RoleInfo.java:updateAndGet(143)) - 907b9765-214b-4864-b66a-d6e2a5789e5c: start FollowerState
2019-10-16 18:02:10,417 [Thread-4313] INFO  impl.FollowerState (FollowerState.java:run(117)) - f4c54511-b161-4347-aec5-5236dc80a0d8@group-EFD1D20A002C-FollowerState was interrupted: java.lang.InterruptedException: sleep interrupted
2019-10-16 18:02:10,416 [grpc-default-executor-2] INFO  impl.RoleInfo (RoleInfo.java:updateAndGet(143)) - f4c54511-b161-4347-aec5-5236dc80a0d8: start FollowerState
2019-10-16 18:02:10,441 [bf55b3f9-6b09-4365-9d71-55289e083fa5@group-EFD1D20A002C-LeaderElection609] INFO  impl.LeaderElection (LeaderElection.java:logAndReturn(56)) - bf55b3f9-6b09-4365-9d71-55289e083fa5@group-EFD1D20A002C-LeaderElection609: Election REJECTED; received 2 response(s) [bf55b3f9-6b09-4365-9d71-55289e083fa5<-f4c54511-b161-4347-aec5-5236dc80a0d8#0:FAIL-t715, bf55b3f9-6b09-4365-9d71-55289e083fa5<-907b9765-214b-4864-b66a-d6e2a5789e5c#0:FAIL-t715] and 0 exception(s); bf55b3f9-6b09-4365-9d71-55289e083fa5@group-EFD1D20A002C:t715, leader=null, voted=bf55b3f9-6b09-4365-9d71-55289e083fa5, raftlog=bf55b3f9-6b09-4365-9d71-55289e083fa5@group-EFD1D20A002C-SegmentedRaftLog:OPENED:c-1,f-1,i0, conf=-1: [f4c54511-b161-4347-aec5-5236dc80a0d8:0.0.0.0:41238, 907b9765-214b-4864-b66a-d6e2a5789e5c:0.0.0.0:41650, bf55b3f9-6b09-4365-9d71-55289e083fa5:0.0.0.0:42441], old=null
2019-10-16 18:02:10,441 [bf55b3f9-6b09-4365-9d71-55289e083fa5@group-EFD1D20A002C-LeaderElection609] INFO  impl.RaftServerImpl (RaftServerImpl.java:setRole(184)) - bf55b3f9-6b09-4365-9d71-55289e083fa5@group-EFD1D20A002C: changes role from CANDIDATE to FOLLOWER at term 715 for DISCOVERED_A_NEW_TERM
2019-10-16 18:02:10,441 [bf55b3f9-6b09-4365-9d71-55289e083fa5@group-EFD1D20A002C-LeaderElection609] INFO  impl.RoleInfo (RoleInfo.java:shutdownLeaderElection(134)) - bf55b3f9-6b09-4365-9d71-55289e083fa5: shutdown LeaderElection
2019-10-16 18:02:10,441 [bf55b3f9-6b09-4365-9d71-55289e083fa5@group-EFD1D20A002C-LeaderElection609] INFO  impl.RoleInfo (RoleInfo.java:updateAndGet(143)) - bf55b3f9-6b09-4365-9d71-55289e083fa5: start FollowerState
2019-10-16 18:02:10,494 [Thread-4323] INFO  impl.FollowerState (FollowerState.java:run(108)) - bf55b3f9-6b09-4365-9d71-55289e083fa5@group-EFD1D20A002C-FollowerState: change to CANDIDATE, lastRpcTime:52ms, electionTimeout:52ms
2019-10-16 18:02:10,494 [Thread-4323] INFO  impl.RoleInfo (RoleInfo.java:shutdownFollowerState(121)) - bf55b3f9-6b09-4365-9d71-55289e083fa5: shutdown FollowerState
2019-10-16 18:02:10,494 [Thread-4323] INFO  impl.RaftServerImpl (RaftServerImpl.java:setRole(184)) - bf55b3f9-6b09-4365-9d71-55289e083fa5@group-EFD1D20A002C: changes role from  FOLLOWER to CANDIDATE at term 715 for changeToCandidate
2019-10-16 18:02:10,494 [Thread-4323] INFO  impl.RoleInfo (RoleInfo.java:updateAndGet(143)) - bf55b3f9-6b09-4365-9d71-55289e083fa5: start LeaderElection
2019-10-16 18:02:10,523 [bf55b3f9-6b09-4365-9d71-55289e083fa5@group-EFD1D20A002C-LeaderElection610] INFO  impl.LeaderElection (LeaderElection.java:askForVotes(178)) - bf55b3f9-6b09-4365-9d71-55289e083fa5@group-EFD1D20A002C-LeaderElection610: begin an election at term 716 for -1: [f4c54511-b161-4347-aec5-5236dc80a0d8:0.0.0.0:41238, 907b9765-214b-4864-b66a-d6e2a5789e5c:0.0.0.0:41650, bf55b3f9-6b09-4365-9d71-55289e083fa5:0.0.0.0:42441], old=null
2019-10-16 18:02:10,524 [grpc-default-executor-2] INFO  impl.RaftServerImpl (RaftServerImpl.java:setRole(184)) - 907b9765-214b-4864-b66a-d6e2a5789e5c@group-EFD1D20A002C: changes role from  FOLLOWER to FOLLOWER at term 716 for recognizeCandidate:bf55b3f9-6b09-4365-9d71-55289e083fa5
2019-10-16 18:02:10,524 [grpc-default-executor-2] INFO  impl.RoleInfo (RoleInfo.java:shutdownFollowerState(121)) - 907b9765-214b-4864-b66a-d6e2a5789e5c: shutdown FollowerState
2019-10-16 18:02:10,524 [grpc-default-executor-3] INFO  impl.RaftServerImpl (RaftServerImpl.java:setRole(184)) - f4c54511-b161-4347-aec5-5236dc80a0d8@group-EFD1D20A002C: changes role from  FOLLOWER to FOLLOWER at term 716 for recognizeCandidate:bf55b3f9-6b09-4365-9d71-55289e083fa5
2019-10-16 18:02:10,525 [grpc-default-executor-3] INFO  impl.RoleInfo (RoleInfo.java:shutdownFollowerState(121)) - f4c54511-b161-4347-aec5-5236dc80a0d8: shutdown FollowerState
2019-10-16 18:02:10,525 [Thread-4320] INFO  impl.FollowerState (FollowerState.java:run(117)) - 907b9765-214b-4864-b66a-d6e2a5789e5c@group-EFD1D20A002C-FollowerState was interrupted: java.lang.InterruptedException: sleep interrupted
2019-10-16 18:02:10,525 [grpc-default-executor-2] INFO  impl.RoleInfo (RoleInfo.java:updateAndGet(143)) - 907b9765-214b-4864-b66a-d6e2a5789e5c: start FollowerState
2019-10-16 18:02:10,525 [Thread-4322] INFO  impl.FollowerState (FollowerState.java:run(117)) - f4c54511-b161-4347-aec5-5236dc80a0d8@group-EFD1D20A002C-FollowerState was interrupted: java.lang.InterruptedException: sleep interrupted
2019-10-16 18:02:10,525 [grpc-default-executor-3] INFO  impl.RoleInfo (RoleInfo.java:updateAndGet(143)) - f4c54511-b161-4347-aec5-5236dc80a0d8: start FollowerState
2019-10-16 18:02:10,560 [bf55b3f9-6b09-4365-9d71-55289e083fa5@group-EFD1D20A002C-LeaderElection610] INFO  impl.LeaderElection (LeaderElection.java:logAndReturn(56)) - bf55b3f9-6b09-4365-9d71-55289e083fa5@group-EFD1D20A002C-LeaderElection610: Election REJECTED; received 2 response(s) [bf55b3f9-6b09-4365-9d71-55289e083fa5<-f4c54511-b161-4347-aec5-5236dc80a0d8#0:FAIL-t716, bf55b3f9-6b09-4365-9d71-55289e083fa5<-907b9765-214b-4864-b66a-d6e2a5789e5c#0:FAIL-t716] and 0 exception(s); bf55b3f9-6b09-4365-9d71-55289e083fa5@group-EFD1D20A002C:t716, leader=null, voted=bf55b3f9-6b09-4365-9d71-55289e083fa5, raftlog=bf55b3f9-6b09-4365-9d71-55289e083fa5@group-EFD1D20A002C-SegmentedRaftLog:OPENED:c-1,f-1,i0, conf=-1: [f4c54511-b161-4347-aec5-5236dc80a0d8:0.0.0.0:41238, 907b9765-214b-4864-b66a-d6e2a5789e5c:0.0.0.0:41650, bf55b3f9-6b09-4365-9d71-55289e083fa5:0.0.0.0:42441], old=null
2019-10-16 18:02:10,560 [bf55b3f9-6b09-4365-9d71-55289e083fa5@group-EFD1D20A002C-LeaderElection610] INFO  impl.RaftServerImpl (RaftServerImpl.java:setRole(184)) - bf55b3f9-6b09-4365-9d71-55289e083fa5@group-EFD1D20A002C: changes role from CANDIDATE to FOLLOWER at term 716 for DISCOVERED_A_NEW_TERM
2019-10-16 18:02:10,560 [bf55b3f9-6b09-4365-9d71-55289e083fa5@group-EFD1D20A002C-LeaderElection610] INFO  impl.RoleInfo (RoleInfo.java:shutdownLeaderElection(134)) - bf55b3f9-6b09-4365-9d71-55289e083fa5: shutdown LeaderElection
2019-10-16 18:02:10,560 [bf55b3f9-6b09-4365-9d71-55289e083fa5@group-EFD1D20A002C-LeaderElection610] INFO  impl.RoleInfo (RoleInfo.java:updateAndGet(143)) - bf55b3f9-6b09-4365-9d71-55289e083fa5: start FollowerState
2019-10-16 18:02:10,746 [Thread-4329] INFO  impl.FollowerState (FollowerState.java:run(108)) - bf55b3f9-6b09-4365-9d71-55289e083fa5@group-EFD1D20A002C-FollowerState: change to CANDIDATE, lastRpcTime:186ms, electionTimeout:186ms
2019-10-16 18:02:10,747 [Thread-4329] INFO  impl.RoleInfo (RoleInfo.java:shutdownFollowerState(121)) - bf55b3f9-6b09-4365-9d71-55289e083fa5: shutdown FollowerState
2019-10-16 18:02:10,747 [Thread-4329] INFO  impl.RaftServerImpl (RaftServerImpl.java:setRole(184)) - bf55b3f9-6b09-4365-9d71-55289e083fa5@group-EFD1D20A002C: changes role from  FOLLOWER to CANDIDATE at term 716 for changeToCandidate
2019-10-16 18:02:10,747 [Thread-4329] INFO  impl.RoleInfo (RoleInfo.java:updateAndGet(143)) - bf55b3f9-6b09-4365-9d71-55289e083fa5: start LeaderElection
2019-10-16 18:02:10,772 [bf55b3f9-6b09-4365-9d71-55289e083fa5@group-EFD1D20A002C-LeaderElection611] INFO  impl.LeaderElection (LeaderElection.java:askForVotes(178)) - bf55b3f9-6b09-4365-9d71-55289e083fa5@group-EFD1D20A002C-LeaderElection611: begin an election at term 717 for -1: [f4c54511-b161-4347-aec5-5236dc80a0d8:0.0.0.0:41238, 907b9765-214b-4864-b66a-d6e2a5789e5c:0.0.0.0:41650, bf55b3f9-6b09-4365-9d71-55289e083fa5:0.0.0.0:42441], old=null
2019-10-16 18:02:10,774 [grpc-default-executor-0] INFO  impl.RaftServerImpl (RaftServerImpl.java:setRole(184)) - f4c54511-b161-4347-aec5-5236dc80a0d8@group-EFD1D20A002C: changes role from  FOLLOWER to FOLLOWER at term 717 for recognizeCandidate:bf55b3f9-6b09-4365-9d71-55289e083fa5
2019-10-16 18:02:10,774 [grpc-default-executor-2] INFO  impl.RaftServerImpl (RaftServerImpl.java:setRole(184)) - 907b9765-214b-4864-b66a-d6e2a5789e5c@group-EFD1D20A002C: changes role from  FOLLOWER to FOLLOWER at term 717 for recognizeCandidate:bf55b3f9-6b09-4365-9d71-55289e083fa5
2019-10-16 18:02:10,775 [grpc-default-executor-2] INFO  impl.RoleInfo (RoleInfo.java:shutdownFollowerState(121)) - 907b9765-214b-4864-b66a-d6e2a5789e5c: shutdown FollowerState
2019-10-16 18:02:10,775 [grpc-default-executor-0] INFO  impl.RoleInfo (RoleInfo.java:shutdownFollowerState(121)) - f4c54511-b161-4347-aec5-5236dc80a0d8: shutdown FollowerState
2019-10-16 18:02:10,775 [Thread-4327] INFO  impl.FollowerState (FollowerState.java:run(117)) - 907b9765-214b-4864-b66a-d6e2a5789e5c@group-EFD1D20A002C-FollowerState was interrupted: java.lang.InterruptedException: sleep interrupted
2019-10-16 18:02:10,775 [grpc-default-executor-2] INFO  impl.RoleInfo (RoleInfo.java:updateAndGet(143)) - 907b9765-214b-4864-b66a-d6e2a5789e5c: start FollowerState
2019-10-16 18:02:10,775 [grpc-default-executor-0] INFO  impl.RoleInfo (RoleInfo.java:updateAndGet(143)) - f4c54511-b161-4347-aec5-5236dc80a0d8: start FollowerState
2019-10-16 18:02:10,775 [Thread-4328] INFO  impl.FollowerState (FollowerState.java:run(117)) - f4c54511-b161-4347-aec5-5236dc80a0d8@group-EFD1D20A002C-FollowerState was interrupted: java.lang.InterruptedException: sleep interrupted
2019-10-16 18:02:10,800 [bf55b3f9-6b09-4365-9d71-55289e083fa5@group-EFD1D20A002C-LeaderElection611] INFO  impl.LeaderElection (LeaderElection.java:logAndReturn(56)) - bf55b3f9-6b09-4365-9d71-55289e083fa5@group-EFD1D20A002C-LeaderElection611: Election REJECTED; received 2 response(s) [bf55b3f9-6b09-4365-9d71-55289e083fa5<-f4c54511-b161-4347-aec5-5236dc80a0d8#0:FAIL-t717, bf55b3f9-6b09-4365-9d71-55289e083fa5<-907b9765-214b-4864-b66a-d6e2a5789e5c#0:FAIL-t717] and 0 exception(s); bf55b3f9-6b09-4365-9d71-55289e083fa5@group-EFD1D20A002C:t717, leader=null, voted=bf55b3f9-6b09-4365-9d71-55289e083fa5, raftlog=bf55b3f9-6b09-4365-9d71-55289e083fa5@group-EFD1D20A002C-SegmentedRaftLog:OPENED:c-1,f-1,i0, conf=-1: [f4c54511-b161-4347-aec5-5236dc80a0d8:0.0.0.0:41238, 907b9765-214b-4864-b66a-d6e2a5789e5c:0.0.0.0:41650, bf55b3f9-6b09-4365-9d71-55289e083fa5:0.0.0.0:42441], old=null
2019-10-16 18:02:10,800 [bf55b3f9-6b09-4365-9d71-55289e083fa5@group-EFD1D20A002C-LeaderElection611] INFO  impl.RaftServerImpl (RaftServerImpl.java:setRole(184)) - bf55b3f9-6b09-4365-9d71-55289e083fa5@group-EFD1D20A002C: changes role from CANDIDATE to FOLLOWER at term 717 for DISCOVERED_A_NEW_TERM
2019-10-16 18:02:10,800 [bf55b3f9-6b09-4365-9d71-55289e083fa5@group-EFD1D20A002C-LeaderElection611] INFO  impl.RoleInfo (RoleInfo.java:shutdownLeaderElection(134)) - bf55b3f9-6b09-4365-9d71-55289e083fa5: shutdown LeaderElection
2019-10-16 18:02:10,800 [bf55b3f9-6b09-4365-9d71-55289e083fa5@group-EFD1D20A002C-LeaderElection611] INFO  impl.RoleInfo (RoleInfo.java:updateAndGet(143)) - bf55b3f9-6b09-4365-9d71-55289e083fa5: start FollowerState
2019-10-16 18:02:10,978 [Thread-4335] INFO  impl.FollowerState (FollowerState.java:run(108)) - bf55b3f9-6b09-4365-9d71-55289e083fa5@group-EFD1D20A002C-FollowerState: change to CANDIDATE, lastRpcTime:177ms, electionTimeout:177ms
2019-10-16 18:02:10,978 [Thread-4335] INFO  impl.RoleInfo (RoleInfo.java:shutdownFollowerState(121)) - bf55b3f9-6b09-4365-9d71-55289e083fa5: shutdown FollowerState
2019-10-16 18:02:10,978 [Thread-4335] INFO  impl.RaftServerImpl (RaftServerImpl.java:setRole(184)) - bf55b3f9-6b09-4365-9d71-55289e083fa5@group-EFD1D20A002C: changes role from  FOLLOWER to CANDIDATE at term 717 for changeToCandidate
2019-10-16 18:02:10,978 [Thread-4335] INFO  impl.RoleInfo (RoleInfo.java:updateAndGet(143)) - bf55b3f9-6b09-4365-9d71-55289e083fa5: start LeaderElection
2019-10-16 18:02:11,003 [bf55b3f9-6b09-4365-9d71-55289e083fa5@group-EFD1D20A002C-LeaderElection612] INFO  impl.LeaderElection (LeaderElection.java:askForVotes(178)) - bf55b3f9-6b09-4365-9d71-55289e083fa5@group-EFD1D20A002C-LeaderElection612: begin an election at term 718 for -1: [f4c54511-b161-4347-aec5-5236dc80a0d8:0.0.0.0:41238, 907b9765-214b-4864-b66a-d6e2a5789e5c:0.0.0.0:41650, bf55b3f9-6b09-4365-9d71-55289e083fa5:0.0.0.0:42441], old=null
2019-10-16 18:02:11,006 [grpc-default-executor-2] INFO  impl.RaftServerImpl (RaftServerImpl.java:setRole(184)) - 907b9765-214b-4864-b66a-d6e2a5789e5c@group-EFD1D20A002C: changes role from  FOLLOWER to FOLLOWER at term 718 for recognizeCandidate:bf55b3f9-6b09-4365-9d71-55289e083fa5
2019-10-16 18:02:11,006 [grpc-default-executor-0] INFO  impl.RaftServerImpl (RaftServerImpl.java:setRole(184)) - f4c54511-b161-4347-aec5-5236dc80a0d8@group-EFD1D20A002C: changes role from  FOLLOWER to FOLLOWER at term 718 for recognizeCandidate:bf55b3f9-6b09-4365-9d71-55289e083fa5
2019-10-16 18:02:11,006 [grpc-default-executor-0] INFO  impl.RoleInfo (RoleInfo.java:shutdownFollowerState(121)) - f4c54511-b161-4347-aec5-5236dc80a0d8: shutdown FollowerState
2019-10-16 18:02:11,006 [grpc-default-executor-2] INFO  impl.RoleInfo (RoleInfo.java:shutdownFollowerState(121)) - 907b9765-214b-4864-b66a-d6e2a5789e5c: shutdown FollowerState
2019-10-16 18:02:11,006 [Thread-4334] INFO  impl.FollowerState (FollowerState.java:run(117)) - f4c54511-b161-4347-aec5-5236dc80a0d8@group-EFD1D20A002C-FollowerState was interrupted: java.lang.InterruptedException: sleep interrupted
2019-10-16 18:02:11,006 [grpc-default-executor-0] INFO  impl.RoleInfo (RoleInfo.java:updateAndGet(143)) - f4c54511-b161-4347-aec5-5236dc80a0d8: start FollowerState
2019-10-16 18:02:11,006 [Thread-4333] INFO  impl.FollowerState (FollowerState.java:run(117)) - 907b9765-214b-4864-b66a-d6e2a5789e5c@group-EFD1D20A002C-FollowerState was interrupted: java.lang.InterruptedException: sleep interrupted
2019-10-16 18:02:11,006 [grpc-default-executor-2] INFO  impl.RoleInfo (RoleInfo.java:updateAndGet(143)) - 907b9765-214b-4864-b66a-d6e2a5789e5c: start FollowerState
2019-10-16 18:02:11,031 [bf55b3f9-6b09-4365-9d71-55289e083fa5@group-EFD1D20A002C-LeaderElection612] INFO  impl.LeaderElection (LeaderElection.java:logAndReturn(56)) - bf55b3f9-6b09-4365-9d71-55289e083fa5@group-EFD1D20A002C-LeaderElection612: Election REJECTED; received 2 response(s) [bf55b3f9-6b09-4365-9d71-55289e083fa5<-f4c54511-b161-4347-aec5-5236dc80a0d8#0:FAIL-t718, bf55b3f9-6b09-4365-9d71-55289e083fa5<-907b9765-214b-4864-b66a-d6e2a5789e5c#0:FAIL-t718] and 0 exception(s); bf55b3f9-6b09-4365-9d71-55289e083fa5@group-EFD1D20A002C:t718, leader=null, voted=bf55b3f9-6b09-4365-9d71-55289e083fa5, raftlog=bf55b3f9-6b09-4365-9d71-55289e083fa5@group-EFD1D20A002C-SegmentedRaftLog:OPENED:c-1,f-1,i0, conf=-1: [f4c54511-b161-4347-aec5-5236dc80a0d8:0.0.0.0:41238, 907b9765-214b-4864-b66a-d6e2a5789e5c:0.0.0.0:41650, bf55b3f9-6b09-4365-9d71-55289e083fa5:0.0.0.0:42441], old=null
2019-10-16 18:02:11,031 [bf55b3f9-6b09-4365-9d71-55289e083fa5@group-EFD1D20A002C-LeaderElection612] INFO  impl.RaftServerImpl (RaftServerImpl.java:setRole(184)) - bf55b3f9-6b09-4365-9d71-55289e083fa5@group-EFD1D20A002C: changes role from CANDIDATE to FOLLOWER at term 718 for DISCOVERED_A_NEW_TERM
2019-10-16 18:02:11,031 [bf55b3f9-6b09-4365-9d71-55289e083fa5@group-EFD1D20A002C-LeaderElection612] INFO  impl.RoleInfo (RoleInfo.java:shutdownLeaderElection(134)) - bf55b3f9-6b09-4365-9d71-55289e083fa5: shutdown LeaderElection
2019-10-16 18:02:11,031 [bf55b3f9-6b09-4365-9d71-55289e083fa5@group-EFD1D20A002C-LeaderElection612] INFO  impl.RoleInfo (RoleInfo.java:updateAndGet(143)) - bf55b3f9-6b09-4365-9d71-55289e083fa5: start FollowerState
2019-10-16 18:02:11,171 [Thread-4341] INFO  impl.FollowerState (FollowerState.java:run(108)) - bf55b3f9-6b09-4365-9d71-55289e083fa5@group-EFD1D20A002C-FollowerState: change to CANDIDATE, lastRpcTime:139ms, electionTimeout:139ms
2019-10-16 18:02:11,173 [Thread-4341] INFO  impl.RoleInfo (RoleInfo.java:shutdownFollowerState(121)) - bf55b3f9-6b09-4365-9d71-55289e083fa5: shutdown FollowerState
2019-10-16 18:02:11,174 [Thread-4341] INFO  impl.RaftServerImpl (RaftServerImpl.java:setRole(184)) - bf55b3f9-6b09-4365-9d71-55289e083fa5@group-EFD1D20A002C: changes role from  FOLLOWER to CANDIDATE at term 718 for changeToCandidate
2019-10-16 18:02:11,174 [Thread-4341] INFO  impl.RoleInfo (RoleInfo.java:updateAndGet(143)) - bf55b3f9-6b09-4365-9d71-55289e083fa5: start LeaderElection
2019-10-16 18:02:11,205 [bf55b3f9-6b09-4365-9d71-55289e083fa5@group-EFD1D20A002C-LeaderElection613] INFO  impl.LeaderElection (LeaderElection.java:askForVotes(178)) - bf55b3f9-6b09-4365-9d71-55289e083fa5@group-EFD1D20A002C-LeaderElection613: begin an election at term 719 for -1: [f4c54511-b161-4347-aec5-5236dc80a0d8:0.0.0.0:41238, 907b9765-214b-4864-b66a-d6e2a5789e5c:0.0.0.0:41650, bf55b3f9-6b09-4365-9d71-55289e083fa5:0.0.0.0:42441], old=null
2019-10-16 18:02:11,213 [grpc-default-executor-0] INFO  impl.RaftServerImpl (RaftServerImpl.java:setRole(184)) - 907b9765-214b-4864-b66a-d6e2a5789e5c@group-EFD1D20A002C: changes role from  FOLLOWER to FOLLOWER at term 719 for recognizeCandidate:bf55b3f9-6b09-4365-9d71-55289e083fa5
2019-10-16 18:02:11,213 [grpc-default-executor-0] INFO  impl.RoleInfo (RoleInfo.java:shutdownFollowerState(121)) - 907b9765-214b-4864-b66a-d6e2a5789e5c: shutdown FollowerState
2019-10-16 18:02:11,213 [grpc-default-executor-2] INFO  impl.RaftServerImpl (RaftServerImpl.java:setRole(184)) - f4c54511-b161-4347-aec5-5236dc80a0d8@group-EFD1D20A002C: changes role from  FOLLOWER to FOLLOWER at term 719 for recognizeCandidate:bf55b3f9-6b09-4365-9d71-55289e083fa5
2019-10-16 18:02:11,213 [grpc-default-executor-2] INFO  impl.RoleInfo (RoleInfo.java:shutdownFollowerState(121)) - f4c54511-b161-4347-aec5-5236dc80a0d8: shutdown FollowerState
2019-10-16 18:02:11,213 [grpc-default-executor-0] INFO  impl.RoleInfo (RoleInfo.java:updateAndGet(143)) - 907b9765-214b-4864-b66a-d6e2a5789e5c: start FollowerState
2019-10-16 18:02:11,213 [grpc-default-executor-2] INFO  impl.RoleInfo (RoleInfo.java:updateAndGet(143)) - f4c54511-b161-4347-aec5-5236dc80a0d8: start FollowerState
2019-10-16 18:02:11,213 [Thread-4339] INFO  impl.FollowerState (FollowerState.java:run(117)) - f4c54511-b161-4347-aec5-5236dc80a0d8@group-EFD1D20A002C-FollowerState was interrupted: java.lang.InterruptedException: sleep interrupted
2019-10-16 18:02:11,213 [Thread-4340] INFO  impl.FollowerState (FollowerState.java:run(117)) - 907b9765-214b-4864-b66a-d6e2a5789e5c@group-EFD1D20A002C-FollowerState was interrupted: java.lang.InterruptedException: sleep interrupted
2019-10-16 18:02:11,239 [bf55b3f9-6b09-4365-9d71-55289e083fa5@group-EFD1D20A002C-LeaderElection613] INFO  impl.LeaderElection (LeaderElection.java:logAndReturn(56)) - bf55b3f9-6b09-4365-9d71-55289e083fa5@group-EFD1D20A002C-LeaderElection613: Election REJECTED; received 2 response(s) [bf55b3f9-6b09-4365-9d71-55289e083fa5<-f4c54511-b161-4347-aec5-5236dc80a0d8#0:FAIL-t719, bf55b3f9-6b09-4365-9d71-55289e083fa5<-907b9765-214b-4864-b66a-d6e2a5789e5c#0:FAIL-t719] and 0 exception(s); bf55b3f9-6b09-4365-9d71-55289e083fa5@group-EFD1D20A002C:t719, leader=null, voted=bf55b3f9-6b09-4365-9d71-55289e083fa5, raftlog=bf55b3f9-6b09-4365-9d71-55289e083fa5@group-EFD1D20A002C-SegmentedRaftLog:OPENED:c-1,f-1,i0, conf=-1: [f4c54511-b161-4347-aec5-5236dc80a0d8:0.0.0.0:41238, 907b9765-214b-4864-b66a-d6e2a5789e5c:0.0.0.0:41650, bf55b3f9-6b09-4365-9d71-55289e083fa5:0.0.0.0:42441], old=null
2019-10-16 18:02:11,239 [bf55b3f9-6b09-4365-9d71-55289e083fa5@group-EFD1D20A002C-LeaderElection613] INFO  impl.RaftServerImpl (RaftServerImpl.java:setRole(184)) - bf55b3f9-6b09-4365-9d71-55289e083fa5@group-EFD1D20A002C: changes role from CANDIDATE to FOLLOWER at term 719 for DISCOVERED_A_NEW_TERM
2019-10-16 18:02:11,239 [bf55b3f9-6b09-4365-9d71-55289e083fa5@group-EFD1D20A002C-LeaderElection613] INFO  impl.RoleInfo (RoleInfo.java:shutdownLeaderElection(134)) - bf55b3f9-6b09-4365-9d71-55289e083fa5: shutdown LeaderElection
2019-10-16 18:02:11,239 [bf55b3f9-6b09-4365-9d71-55289e083fa5@group-EFD1D20A002C-LeaderElection613] INFO  impl.RoleInfo (RoleInfo.java:updateAndGet(143)) - bf55b3f9-6b09-4365-9d71-55289e083fa5: start FollowerState
2019-10-16 18:02:11,284 [Thread-4347] INFO  impl.FollowerState (FollowerState.java:run(108)) - bf55b3f9-6b09-4365-9d71-55289e083fa5@group-EFD1D20A002C-FollowerState: change to CANDIDATE, lastRpcTime:44ms, electionTimeout:44ms
2019-10-16 18:02:11,284 [Thread-4347] INFO  impl.RoleInfo (RoleInfo.java:shutdownFollowerState(121)) - bf55b3f9-6b09-4365-9d71-55289e083fa5: shutdown FollowerState
2019-10-16 18:02:11,284 [Thread-4347] INFO  impl.RaftServerImpl (RaftServerImpl.java:setRole(184)) - bf55b3f9-6b09-4365-9d71-55289e083fa5@group-EFD1D20A002C: changes role from  FOLLOWER to CANDIDATE at term 719 for changeToCandidate
2019-10-16 18:02:11,284 [Thread-4347] INFO  impl.RoleInfo (RoleInfo.java:updateAndGet(143)) - bf55b3f9-6b09-4365-9d71-55289e083fa5: start LeaderElection
2019-10-16 18:02:11,320 [bf55b3f9-6b09-4365-9d71-55289e083fa5@group-EFD1D20A002C-LeaderElection614] INFO  impl.LeaderElection (LeaderElection.java:askForVotes(178)) - bf55b3f9-6b09-4365-9d71-55289e083fa5@group-EFD1D20A002C-LeaderElection614: begin an election at term 720 for -1: [f4c54511-b161-4347-aec5-5236dc80a0d8:0.0.0.0:41238, 907b9765-214b-4864-b66a-d6e2a5789e5c:0.0.0.0:41650, bf55b3f9-6b09-4365-9d71-55289e083fa5:0.0.0.0:42441], old=null
2019-10-16 18:02:11,322 [grpc-default-executor-3] INFO  impl.RaftServerImpl (RaftServerImpl.java:setRole(184)) - f4c54511-b161-4347-aec5-5236dc80a0d8@group-EFD1D20A002C: changes role from  FOLLOWER to FOLLOWER at term 720 for recognizeCandidate:bf55b3f9-6b09-4365-9d71-55289e083fa5
2019-10-16 18:02:11,322 [grpc-default-executor-0] INFO  impl.RaftServerImpl (RaftServerImpl.java:setRole(184)) - 907b9765-214b-4864-b66a-d6e2a5789e5c@group-EFD1D20A002C: changes role from  FOLLOWER to FOLLOWER at term 720 for recognizeCandidate:bf55b3f9-6b09-4365-9d71-55289e083fa5
2019-10-16 18:02:11,322 [grpc-default-executor-0] INFO  impl.RoleInfo (RoleInfo.java:shutdownFollowerState(121)) - 907b9765-214b-4864-b66a-d6e2a5789e5c: shutdown FollowerState
2019-10-16 18:02:11,322 [grpc-default-executor-3] INFO  impl.RoleInfo (RoleInfo.java:shutdownFollowerState(121)) - f4c54511-b161-4347-aec5-5236dc80a0d8: shutdown FollowerState
2019-10-16 18:02:11,322 [Thread-4345] INFO  impl.FollowerState (FollowerState.java:run(117)) - 907b9765-214b-4864-b66a-d6e2a5789e5c@group-EFD1D20A002C-FollowerState was interrupted: java.lang.InterruptedException: sleep interrupted
2019-10-16 18:02:11,322 [grpc-default-executor-0] INFO  impl.RoleInfo (RoleInfo.java:updateAndGet(143)) - 907b9765-214b-4864-b66a-d6e2a5789e5c: start FollowerState
2019-10-16 18:02:11,322 [Thread-4346] INFO  impl.FollowerState (FollowerState.java:run(117)) - f4c54511-b161-4347-aec5-5236dc80a0d8@group-EFD1D20A002C-FollowerState was interrupted: java.lang.InterruptedException: sleep interrupted
2019-10-16 18:02:11,322 [grpc-default-executor-3] INFO  impl.RoleInfo (RoleInfo.java:updateAndGet(143)) - f4c54511-b161-4347-aec5-5236dc80a0d8: start FollowerState
2019-10-16 18:02:11,346 [bf55b3f9-6b09-4365-9d71-55289e083fa5@group-EFD1D20A002C-LeaderElection614] INFO  impl.LeaderElection (LeaderElection.java:logAndReturn(56)) - bf55b3f9-6b09-4365-9d71-55289e083fa5@group-EFD1D20A002C-LeaderElection614: Election REJECTED; received 2 response(s) [bf55b3f9-6b09-4365-9d71-55289e083fa5<-f4c54511-b161-4347-aec5-5236dc80a0d8#0:FAIL-t720, bf55b3f9-6b09-4365-9d71-55289e083fa5<-907b9765-214b-4864-b66a-d6e2a5789e5c#0:FAIL-t720] and 0 exception(s); bf55b3f9-6b09-4365-9d71-55289e083fa5@group-EFD1D20A002C:t720, leader=null, voted=bf55b3f9-6b09-4365-9d71-55289e083fa5, raftlog=bf55b3f9-6b09-4365-9d71-55289e083fa5@group-EFD1D20A002C-SegmentedRaftLog:OPENED:c-1,f-1,i0, conf=-1: [f4c54511-b161-4347-aec5-5236dc80a0d8:0.0.0.0:41238, 907b9765-214b-4864-b66a-d6e2a5789e5c:0.0.0.0:41650, bf55b3f9-6b09-4365-9d71-55289e083fa5:0.0.0.0:42441], old=null
2019-10-16 18:02:11,346 [bf55b3f9-6b09-4365-9d71-55289e083fa5@group-EFD1D20A002C-LeaderElection614] INFO  impl.RaftServerImpl (RaftServerImpl.java:setRole(184)) - bf55b3f9-6b09-4365-9d71-55289e083fa5@group-EFD1D20A002C: changes role from CANDIDATE to FOLLOWER at term 720 for DISCOVERED_A_NEW_TERM
2019-10-16 18:02:11,346 [bf55b3f9-6b09-4365-9d71-55289e083fa5@group-EFD1D20A002C-LeaderElection614] INFO  impl.RoleInfo (RoleInfo.java:shutdownLeaderElection(134)) - bf55b3f9-6b09-4365-9d71-55289e083fa5: shutdown LeaderElection
2019-10-16 18:02:11,346 [bf55b3f9-6b09-4365-9d71-55289e083fa5@group-EFD1D20A002C-LeaderElection614] INFO  impl.RoleInfo (RoleInfo.java:updateAndGet(143)) - bf55b3f9-6b09-4365-9d71-55289e083fa5: start FollowerState
2019-10-16 18:02:11,387 [Thread-4353] INFO  impl.FollowerState (FollowerState.java:run(108)) - bf55b3f9-6b09-4365-9d71-55289e083fa5@group-EFD1D20A002C-FollowerState: change to CANDIDATE, lastRpcTime:40ms, electionTimeout:40ms
2019-10-16 18:02:11,387 [Thread-4353] INFO  impl.RoleInfo (RoleInfo.java:shutdownFollowerState(121)) - bf55b3f9-6b09-4365-9d71-55289e083fa5: shutdown FollowerState
2019-10-16 18:02:11,387 [Thread-4353] INFO  impl.RaftServerImpl (RaftServerImpl.java:setRole(184)) - bf55b3f9-6b09-4365-9d71-55289e083fa5@group-EFD1D20A002C: changes role from  FOLLOWER to CANDIDATE at term 720 for changeToCandidate
2019-10-16 18:02:11,387 [Thread-4353] INFO  impl.RoleInfo (RoleInfo.java:updateAndGet(143)) - bf55b3f9-6b09-4365-9d71-55289e083fa5: start LeaderElection
2019-10-16 18:02:11,413 [bf55b3f9-6b09-4365-9d71-55289e083fa5@group-EFD1D20A002C-LeaderElection615] INFO  impl.LeaderElection (LeaderElection.java:askForVotes(178)) - bf55b3f9-6b09-4365-9d71-55289e083fa5@group-EFD1D20A002C-LeaderElection615: begin an election at term 721 for -1: [f4c54511-b161-4347-aec5-5236dc80a0d8:0.0.0.0:41238, 907b9765-214b-4864-b66a-d6e2a5789e5c:0.0.0.0:41650, bf55b3f9-6b09-4365-9d71-55289e083fa5:0.0.0.0:42441], old=null
2019-10-16 18:02:11,415 [grpc-default-executor-3] INFO  impl.RaftServerImpl (RaftServerImpl.java:setRole(184)) - f4c54511-b161-4347-aec5-5236dc80a0d8@group-EFD1D20A002C: changes role from  FOLLOWER to FOLLOWER at term 721 for recognizeCandidate:bf55b3f9-6b09-4365-9d71-55289e083fa5
2019-10-16 18:02:11,415 [grpc-default-executor-3] INFO  impl.RoleInfo (RoleInfo.java:shutdownFollowerState(121)) - f4c54511-b161-4347-aec5-5236dc80a0d8: shutdown FollowerState
2019-10-16 18:02:11,415 [grpc-default-executor-0] INFO  impl.RaftServerImpl (RaftServerImpl.java:setRole(184)) - 907b9765-214b-4864-b66a-d6e2a5789e5c@group-EFD1D20A002C: changes role from  FOLLOWER to FOLLOWER at term 721 for recognizeCandidate:bf55b3f9-6b09-4365-9d71-55289e083fa5
2019-10-16 18:02:11,415 [grpc-default-executor-0] INFO  impl.RoleInfo (RoleInfo.java:shutdownFollowerState(121)) - 907b9765-214b-4864-b66a-d6e2a5789e5c: shutdown FollowerState
2019-10-16 18:02:11,415 [Thread-4352] INFO  impl.FollowerState (FollowerState.java:run(117)) - f4c54511-b161-4347-aec5-5236dc80a0d8@group-EFD1D20A002C-FollowerState was interrupted: java.lang.InterruptedException: sleep interrupted
2019-10-16 18:02:11,415 [grpc-default-executor-3] INFO  impl.RoleInfo (RoleInfo.java:updateAndGet(143)) - f4c54511-b161-4347-aec5-5236dc80a0d8: start FollowerState
2019-10-16 18:02:11,415 [grpc-default-executor-0] INFO  impl.RoleInfo (RoleInfo.java:updateAndGet(143)) - 907b9765-214b-4864-b66a-d6e2a5789e5c: start FollowerState
2019-10-16 18:02:11,415 [Thread-4351] INFO  impl.FollowerState (FollowerState.java:run(117)) - 907b9765-214b-4864-b66a-d6e2a5789e5c@group-EFD1D20A002C-FollowerState was interrupted: java.lang.InterruptedException: sleep interrupted
2019-10-16 18:02:11,439 [bf55b3f9-6b09-4365-9d71-55289e083fa5@group-EFD1D20A002C-LeaderElection615] INFO  impl.LeaderElection (LeaderElection.java:logAndReturn(56)) - bf55b3f9-6b09-4365-9d71-55289e083fa5@group-EFD1D20A002C-LeaderElection615: Election REJECTED; received 2 response(s) [bf55b3f9-6b09-4365-9d71-55289e083fa5<-f4c54511-b161-4347-aec5-5236dc80a0d8#0:FAIL-t721, bf55b3f9-6b09-4365-9d71-55289e083fa5<-907b9765-214b-4864-b66a-d6e2a5789e5c#0:FAIL-t721] and 0 exception(s); bf55b3f9-6b09-4365-9d71-55289e083fa5@group-EFD1D20A002C:t721, leader=null, voted=bf55b3f9-6b09-4365-9d71-55289e083fa5, raftlog=bf55b3f9-6b09-4365-9d71-55289e083fa5@group-EFD1D20A002C-SegmentedRaftLog:OPENED:c-1,f-1,i0, conf=-1: [f4c54511-b161-4347-aec5-5236dc80a0d8:0.0.0.0:41238, 907b9765-214b-4864-b66a-d6e2a5789e5c:0.0.0.0:41650, bf55b3f9-6b09-4365-9d71-55289e083fa5:0.0.0.0:42441], old=null
2019-10-16 18:02:11,439 [bf55b3f9-6b09-4365-9d71-55289e083fa5@group-EFD1D20A002C-LeaderElection615] INFO  impl.RaftServerImpl (RaftServerImpl.java:setRole(184)) - bf55b3f9-6b09-4365-9d71-55289e083fa5@group-EFD1D20A002C: changes role from CANDIDATE to FOLLOWER at term 721 for DISCOVERED_A_NEW_TERM
2019-10-16 18:02:11,439 [bf55b3f9-6b09-4365-9d71-55289e083fa5@group-EFD1D20A002C-LeaderElection615] INFO  impl.RoleInfo (RoleInfo.java:shutdownLeaderElection(134)) - bf55b3f9-6b09-4365-9d71-55289e083fa5: shutdown LeaderElection
2019-10-16 18:02:11,439 [bf55b3f9-6b09-4365-9d71-55289e083fa5@group-EFD1D20A002C-LeaderElection615] INFO  impl.RoleInfo (RoleInfo.java:updateAndGet(143)) - bf55b3f9-6b09-4365-9d71-55289e083fa5: start FollowerState
2019-10-16 18:02:11,579 [Thread-4361] INFO  impl.FollowerState (FollowerState.java:run(108)) - bf55b3f9-6b09-4365-9d71-55289e083fa5@group-EFD1D20A002C-FollowerState: change to CANDIDATE, lastRpcTime:139ms, electionTimeout:139ms
2019-10-16 18:02:11,579 [Thread-4361] INFO  impl.RoleInfo (RoleInfo.java:shutdownFollowerState(121)) - bf55b3f9-6b09-4365-9d71-55289e083fa5: shutdown FollowerState
2019-10-16 18:02:11,579 [Thread-4361] INFO  impl.RaftServerImpl (RaftServerImpl.java:setRole(184)) - bf55b3f9-6b09-4365-9d71-55289e083fa5@group-EFD1D20A002C: changes role from  FOLLOWER to CANDIDATE at term 721 for changeToCandidate
2019-10-16 18:02:11,579 [Thread-4361] INFO  impl.RoleInfo (RoleInfo.java:updateAndGet(143)) - bf55b3f9-6b09-4365-9d71-55289e083fa5: start LeaderElection
2019-10-16 18:02:11,606 [bf55b3f9-6b09-4365-9d71-55289e083fa5@group-EFD1D20A002C-LeaderElection616] INFO  impl.LeaderElection (LeaderElection.java:askForVotes(178)) - bf55b3f9-6b09-4365-9d71-55289e083fa5@group-EFD1D20A002C-LeaderElection616: begin an election at term 722 for -1: [f4c54511-b161-4347-aec5-5236dc80a0d8:0.0.0.0:41238, 907b9765-214b-4864-b66a-d6e2a5789e5c:0.0.0.0:41650, bf55b3f9-6b09-4365-9d71-55289e083fa5:0.0.0.0:42441], old=null
2019-10-16 18:02:11,607 [grpc-default-executor-0] INFO  impl.RaftServerImpl (RaftServerImpl.java:setRole(184)) - f4c54511-b161-4347-aec5-5236dc80a0d8@group-EFD1D20A002C: changes role from  FOLLOWER to FOLLOWER at term 722 for recognizeCandidate:bf55b3f9-6b09-4365-9d71-55289e083fa5
2019-10-16 18:02:11,608 [grpc-default-executor-3] INFO  impl.RaftServerImpl (RaftServerImpl.java:setRole(184)) - 907b9765-214b-4864-b66a-d6e2a5789e5c@group-EFD1D20A002C: changes role from  FOLLOWER to FOLLOWER at term 722 for recognizeCandidate:bf55b3f9-6b09-4365-9d71-55289e083fa5
2019-10-16 18:02:11,608 [grpc-default-executor-3] INFO  impl.RoleInfo (RoleInfo.java:shutdownFollowerState(121)) - 907b9765-214b-4864-b66a-d6e2a5789e5c: shutdown FollowerState
2019-10-16 18:02:11,608 [grpc-default-executor-0] INFO  impl.RoleInfo (RoleInfo.java:shutdownFollowerState(121)) - f4c54511-b161-4347-aec5-5236dc80a0d8: shutdown FollowerState
2019-10-16 18:02:11,608 [grpc-default-executor-3] INFO  impl.RoleInfo (RoleInfo.java:updateAndGet(143)) - 907b9765-214b-4864-b66a-d6e2a5789e5c: start FollowerState
2019-10-16 18:02:11,608 [Thread-4357] INFO  impl.FollowerState (FollowerState.java:run(117)) - f4c54511-b161-4347-aec5-5236dc80a0d8@group-EFD1D20A002C-FollowerState was interrupted: java.lang.InterruptedException: sleep interrupted
2019-10-16 18:02:11,608 [grpc-default-executor-0] INFO  impl.RoleInfo (RoleInfo.java:updateAndGet(143)) - f4c54511-b161-4347-aec5-5236dc80a0d8: start FollowerState
2019-10-16 18:02:11,608 [Thread-4358] INFO  impl.FollowerState (FollowerState.java:run(117)) - 907b9765-214b-4864-b66a-d6e2a5789e5c@group-EFD1D20A002C-FollowerState was interrupted: java.lang.InterruptedException: sleep interrupted
2019-10-16 18:02:11,632 [bf55b3f9-6b09-4365-9d71-55289e083fa5@group-EFD1D20A002C-LeaderElection616] INFO  impl.LeaderElection (LeaderElection.java:logAndReturn(56)) - bf55b3f9-6b09-4365-9d71-55289e083fa5@group-EFD1D20A002C-LeaderElection616: Election REJECTED; received 2 response(s) [bf55b3f9-6b09-4365-9d71-55289e083fa5<-f4c54511-b161-4347-aec5-5236dc80a0d8#0:FAIL-t722, bf55b3f9-6b09-4365-9d71-55289e083fa5<-907b9765-214b-4864-b66a-d6e2a5789e5c#0:FAIL-t722] and 0 exception(s); bf55b3f9-6b09-4365-9d71-55289e083fa5@group-EFD1D20A002C:t722, leader=null, voted=bf55b3f9-6b09-4365-9d71-55289e083fa5, raftlog=bf55b3f9-6b09-4365-9d71-55289e083fa5@group-EFD1D20A002C-SegmentedRaftLog:OPENED:c-1,f-1,i0, conf=-1: [f4c54511-b161-4347-aec5-5236dc80a0d8:0.0.0.0:41238, 907b9765-214b-4864-b66a-d6e2a5789e5c:0.0.0.0:41650, bf55b3f9-6b09-4365-9d71-55289e083fa5:0.0.0.0:42441], old=null
2019-10-16 18:02:11,632 [bf55b3f9-6b09-4365-9d71-55289e083fa5@group-EFD1D20A002C-LeaderElection616] INFO  impl.RaftServerImpl (RaftServerImpl.java:setRole(184)) - bf55b3f9-6b09-4365-9d71-55289e083fa5@group-EFD1D20A002C: changes role from CANDIDATE to FOLLOWER at term 722 for DISCOVERED_A_NEW_TERM
2019-10-16 18:02:11,632 [bf55b3f9-6b09-4365-9d71-55289e083fa5@group-EFD1D20A002C-LeaderElection616] INFO  impl.RoleInfo (RoleInfo.java:shutdownLeaderElection(134)) - bf55b3f9-6b09-4365-9d71-55289e083fa5: shutdown LeaderElection
2019-10-16 18:02:11,632 [bf55b3f9-6b09-4365-9d71-55289e083fa5@group-EFD1D20A002C-LeaderElection616] INFO  impl.RoleInfo (RoleInfo.java:updateAndGet(143)) - bf55b3f9-6b09-4365-9d71-55289e083fa5: start FollowerState
2019-10-16 18:02:11,758 [Thread-4367] INFO  impl.FollowerState (FollowerState.java:run(108)) - bf55b3f9-6b09-4365-9d71-55289e083fa5@group-EFD1D20A002C-FollowerState: change to CANDIDATE, lastRpcTime:125ms, electionTimeout:125ms
2019-10-16 18:02:11,758 [Thread-4367] INFO  impl.RoleInfo (RoleInfo.java:shutdownFollowerState(121)) - bf55b3f9-6b09-4365-9d71-55289e083fa5: shutdown FollowerState
2019-10-16 18:02:11,758 [Thread-4367] INFO  impl.RaftServerImpl (RaftServerImpl.java:setRole(184)) - bf55b3f9-6b09-4365-9d71-55289e083fa5@group-EFD1D20A002C: changes role from  FOLLOWER to CANDIDATE at term 722 for changeToCandidate
2019-10-16 18:02:11,758 [Thread-4367] INFO  impl.RoleInfo (RoleInfo.java:updateAndGet(143)) - bf55b3f9-6b09-4365-9d71-55289e083fa5: start LeaderElection
2019-10-16 18:02:11,783 [bf55b3f9-6b09-4365-9d71-55289e083fa5@group-EFD1D20A002C-LeaderElection617] INFO  impl.LeaderElection (LeaderElection.java:askForVotes(178)) - bf55b3f9-6b09-4365-9d71-55289e083fa5@group-EFD1D20A002C-LeaderElection617: begin an election at term 723 for -1: [f4c54511-b161-4347-aec5-5236dc80a0d8:0.0.0.0:41238, 907b9765-214b-4864-b66a-d6e2a5789e5c:0.0.0.0:41650, bf55b3f9-6b09-4365-9d71-55289e083fa5:0.0.0.0:42441], old=null
2019-10-16 18:02:11,785 [grpc-default-executor-3] INFO  impl.RaftServerImpl (RaftServerImpl.java:setRole(184)) - f4c54511-b161-4347-aec5-5236dc80a0d8@group-EFD1D20A002C: changes role from  FOLLOWER to FOLLOWER at term 723 for recognizeCandidate:bf55b3f9-6b09-4365-9d71-55289e083fa5
2019-10-16 18:02:11,786 [grpc-default-executor-3] INFO  impl.RoleInfo (RoleInfo.java:shutdownFollowerState(121)) - f4c54511-b161-4347-aec5-5236dc80a0d8: shutdown FollowerState
2019-10-16 18:02:11,786 [grpc-default-executor-0] INFO  impl.RaftServerImpl (RaftServerImpl.java:setRole(184)) - 907b9765-214b-4864-b66a-d6e2a5789e5c@group-EFD1D20A002C: changes role from  FOLLOWER to FOLLOWER at term 723 for recognizeCandidate:bf55b3f9-6b09-4365-9d71-55289e083fa5
2019-10-16 18:02:11,786 [grpc-default-executor-0] INFO  impl.RoleInfo (RoleInfo.java:shutdownFollowerState(121)) - 907b9765-214b-4864-b66a-d6e2a5789e5c: shutdown FollowerState
2019-10-16 18:02:11,786 [Thread-4366] INFO  impl.FollowerState (FollowerState.java:run(117)) - f4c54511-b161-4347-aec5-5236dc80a0d8@group-EFD1D20A002C-FollowerState was interrupted: java.lang.InterruptedException: sleep interrupted
2019-10-16 18:02:11,786 [grpc-default-executor-3] INFO  impl.RoleInfo (RoleInfo.java:updateAndGet(143)) - f4c54511-b161-4347-aec5-5236dc80a0d8: start FollowerState
2019-10-16 18:02:11,786 [Thread-4365] INFO  impl.FollowerState (FollowerState.java:run(117)) - 907b9765-214b-4864-b66a-d6e2a5789e5c@group-EFD1D20A002C-FollowerState was interrupted: java.lang.InterruptedException: sleep interrupted
2019-10-16 18:02:11,786 [grpc-default-executor-0] INFO  impl.RoleInfo (RoleInfo.java:updateAndGet(143)) - 907b9765-214b-4864-b66a-d6e2a5789e5c: start FollowerState
2019-10-16 18:02:11,809 [bf55b3f9-6b09-4365-9d71-55289e083fa5@group-EFD1D20A002C-LeaderElection617] INFO  impl.LeaderElection (LeaderElection.java:logAndReturn(56)) - bf55b3f9-6b09-4365-9d71-55289e083fa5@group-EFD1D20A002C-LeaderElection617: Election REJECTED; received 2 response(s) [bf55b3f9-6b09-4365-9d71-55289e083fa5<-f4c54511-b161-4347-aec5-5236dc80a0d8#0:FAIL-t723, bf55b3f9-6b09-4365-9d71-55289e083fa5<-907b9765-214b-4864-b66a-d6e2a5789e5c#0:FAIL-t723] and 0 exception(s); bf55b3f9-6b09-4365-9d71-55289e083fa5@group-EFD1D20A002C:t723, leader=null, voted=bf55b3f9-6b09-4365-9d71-55289e083fa5, raftlog=bf55b3f9-6b09-4365-9d71-55289e083fa5@group-EFD1D20A002C-SegmentedRaftLog:OPENED:c-1,f-1,i0, conf=-1: [f4c54511-b161-4347-aec5-5236dc80a0d8:0.0.0.0:41238, 907b9765-214b-4864-b66a-d6e2a5789e5c:0.0.0.0:41650, bf55b3f9-6b09-4365-9d71-55289e083fa5:0.0.0.0:42441], old=null
2019-10-16 18:02:11,809 [bf55b3f9-6b09-4365-9d71-55289e083fa5@group-EFD1D20A002C-LeaderElection617] INFO  impl.RaftServerImpl (RaftServerImpl.java:setRole(184)) - bf55b3f9-6b09-4365-9d71-55289e083fa5@group-EFD1D20A002C: changes role from CANDIDATE to FOLLOWER at term 723 for DISCOVERED_A_NEW_TERM
2019-10-16 18:02:11,810 [bf55b3f9-6b09-4365-9d71-55289e083fa5@group-EFD1D20A002C-LeaderElection617] INFO  impl.RoleInfo (RoleInfo.java:shutdownLeaderElection(134)) - bf55b3f9-6b09-4365-9d71-55289e083fa5: shutdown LeaderElection
2019-10-16 18:02:11,810 [bf55b3f9-6b09-4365-9d71-55289e083fa5@group-EFD1D20A002C-LeaderElection617] INFO  impl.RoleInfo (RoleInfo.java:updateAndGet(143)) - bf55b3f9-6b09-4365-9d71-55289e083fa5: start FollowerState
2019-10-16 18:02:11,842 [Thread-4373] INFO  impl.FollowerState (FollowerState.java:run(108)) - bf55b3f9-6b09-4365-9d71-55289e083fa5@group-EFD1D20A002C-FollowerState: change to CANDIDATE, lastRpcTime:32ms, electionTimeout:32ms
2019-10-16 18:02:11,842 [Thread-4373] INFO  impl.RoleInfo (RoleInfo.java:shutdownFollowerState(121)) - bf55b3f9-6b09-4365-9d71-55289e083fa5: shutdown FollowerState
2019-10-16 18:02:11,842 [Thread-4373] INFO  impl.RaftServerImpl (RaftServerImpl.java:setRole(184)) - bf55b3f9-6b09-4365-9d71-55289e083fa5@group-EFD1D20A002C: changes role from  FOLLOWER to CANDIDATE at term 723 for changeToCandidate
2019-10-16 18:02:11,842 [Thread-4373] INFO  impl.RoleInfo (RoleInfo.java:updateAndGet(143)) - bf55b3f9-6b09-4365-9d71-55289e083fa5: start LeaderElection
2019-10-16 18:02:11,868 [bf55b3f9-6b09-4365-9d71-55289e083fa5@group-EFD1D20A002C-LeaderElection618] INFO  impl.LeaderElection (LeaderElection.java:askForVotes(178)) - bf55b3f9-6b09-4365-9d71-55289e083fa5@group-EFD1D20A002C-LeaderElection618: begin an election at term 724 for -1: [f4c54511-b161-4347-aec5-5236dc80a0d8:0.0.0.0:41238, 907b9765-214b-4864-b66a-d6e2a5789e5c:0.0.0.0:41650, bf55b3f9-6b09-4365-9d71-55289e083fa5:0.0.0.0:42441], old=null
2019-10-16 18:02:11,871 [grpc-default-executor-0] INFO  impl.RaftServerImpl (RaftServerImpl.java:setRole(184)) - f4c54511-b161-4347-aec5-5236dc80a0d8@group-EFD1D20A002C: changes role from  FOLLOWER to FOLLOWER at term 724 for recognizeCandidate:bf55b3f9-6b09-4365-9d71-55289e083fa5
2019-10-16 18:02:11,871 [grpc-default-executor-3] INFO  impl.RaftServerImpl (RaftServerImpl.java:setRole(184)) - 907b9765-214b-4864-b66a-d6e2a5789e5c@group-EFD1D20A002C: changes role from  FOLLOWER to FOLLOWER at term 724 for recognizeCandidate:bf55b3f9-6b09-4365-9d71-55289e083fa5
2019-10-16 18:02:11,871 [grpc-default-executor-3] INFO  impl.RoleInfo (RoleInfo.java:shutdownFollowerState(121)) - 907b9765-214b-4864-b66a-d6e2a5789e5c: shutdown FollowerState
2019-10-16 18:02:11,871 [grpc-default-executor-0] INFO  impl.RoleInfo (RoleInfo.java:shutdownFollowerState(121)) - f4c54511-b161-4347-aec5-5236dc80a0d8: shutdown FollowerState
2019-10-16 18:02:11,871 [Thread-4372] INFO  impl.FollowerState (FollowerState.java:run(117)) - 907b9765-214b-4864-b66a-d6e2a5789e5c@group-EFD1D20A002C-FollowerState was interrupted: java.lang.InterruptedException: sleep interrupted
2019-10-16 18:02:11,871 [grpc-default-executor-3] INFO  impl.RoleInfo (RoleInfo.java:updateAndGet(143)) - 907b9765-214b-4864-b66a-d6e2a5789e5c: start FollowerState
2019-10-16 18:02:11,872 [Thread-4371] INFO  impl.FollowerState (FollowerState.java:run(117)) - f4c54511-b161-4347-aec5-5236dc80a0d8@group-EFD1D20A002C-FollowerState was interrupted: java.lang.InterruptedException: sleep interrupted
2019-10-16 18:02:11,872 [grpc-default-executor-0] INFO  impl.RoleInfo (RoleInfo.java:updateAndGet(143)) - f4c54511-b161-4347-aec5-5236dc80a0d8: start FollowerState
2019-10-16 18:02:11,895 [bf55b3f9-6b09-4365-9d71-55289e083fa5@group-EFD1D20A002C-LeaderElection618] INFO  impl.LeaderElection (LeaderElection.java:logAndReturn(56)) - bf55b3f9-6b09-4365-9d71-55289e083fa5@group-EFD1D20A002C-LeaderElection618: Election REJECTED; received 2 response(s) [bf55b3f9-6b09-4365-9d71-55289e083fa5<-f4c54511-b161-4347-aec5-5236dc80a0d8#0:FAIL-t724, bf55b3f9-6b09-4365-9d71-55289e083fa5<-907b9765-214b-4864-b66a-d6e2a5789e5c#0:FAIL-t724] and 0 exception(s); bf55b3f9-6b09-4365-9d71-55289e083fa5@group-EFD1D20A002C:t724, leader=null, voted=bf55b3f9-6b09-4365-9d71-55289e083fa5, raftlog=bf55b3f9-6b09-4365-9d71-55289e083fa5@group-EFD1D20A002C-SegmentedRaftLog:OPENED:c-1,f-1,i0, conf=-1: [f4c54511-b161-4347-aec5-5236dc80a0d8:0.0.0.0:41238, 907b9765-214b-4864-b66a-d6e2a5789e5c:0.0.0.0:41650, bf55b3f9-6b09-4365-9d71-55289e083fa5:0.0.0.0:42441], old=null
2019-10-16 18:02:11,895 [bf55b3f9-6b09-4365-9d71-55289e083fa5@group-EFD1D20A002C-LeaderElection618] INFO  impl.RaftServerImpl (RaftServerImpl.java:setRole(184)) - bf55b3f9-6b09-4365-9d71-55289e083fa5@group-EFD1D20A002C: changes role from CANDIDATE to FOLLOWER at term 724 for DISCOVERED_A_NEW_TERM
2019-10-16 18:02:11,895 [bf55b3f9-6b09-4365-9d71-55289e083fa5@group-EFD1D20A002C-LeaderElection618] INFO  impl.RoleInfo (RoleInfo.java:shutdownLeaderElection(134)) - bf55b3f9-6b09-4365-9d71-55289e083fa5: shutdown LeaderElection
2019-10-16 18:02:11,895 [bf55b3f9-6b09-4365-9d71-55289e083fa5@group-EFD1D20A002C-LeaderElection618] INFO  impl.RoleInfo (RoleInfo.java:updateAndGet(143)) - bf55b3f9-6b09-4365-9d71-55289e083fa5: start FollowerState
2019-10-16 18:02:11,983 [Thread-4379] INFO  impl.FollowerState (FollowerState.java:run(108)) - bf55b3f9-6b09-4365-9d71-55289e083fa5@group-EFD1D20A002C-FollowerState: change to CANDIDATE, lastRpcTime:87ms, electionTimeout:86ms
2019-10-16 18:02:11,983 [Thread-4379] INFO  impl.RoleInfo (RoleInfo.java:shutdownFollowerState(121)) - bf55b3f9-6b09-4365-9d71-55289e083fa5: shutdown FollowerState
2019-10-16 18:02:11,983 [Thread-4379] INFO  impl.RaftServerImpl (RaftServerImpl.java:setRole(184)) - bf55b3f9-6b09-4365-9d71-55289e083fa5@group-EFD1D20A002C: changes role from  FOLLOWER to CANDIDATE at term 724 for changeToCandidate
2019-10-16 18:02:11,983 [Thread-4379] INFO  impl.RoleInfo (RoleInfo.java:updateAndGet(143)) - bf55b3f9-6b09-4365-9d71-55289e083fa5: start LeaderElection
2019-10-16 18:02:12,011 [bf55b3f9-6b09-4365-9d71-55289e083fa5@group-EFD1D20A002C-LeaderElection619] INFO  impl.LeaderElection (LeaderElection.java:askForVotes(178)) - bf55b3f9-6b09-4365-9d71-55289e083fa5@group-EFD1D20A002C-LeaderElection619: begin an election at term 725 for -1: [f4c54511-b161-4347-aec5-5236dc80a0d8:0.0.0.0:41238, 907b9765-214b-4864-b66a-d6e2a5789e5c:0.0.0.0:41650, bf55b3f9-6b09-4365-9d71-55289e083fa5:0.0.0.0:42441], old=null
2019-10-16 18:02:12,013 [grpc-default-executor-0] INFO  impl.RaftServerImpl (RaftServerImpl.java:setRole(184)) - f4c54511-b161-4347-aec5-5236dc80a0d8@group-EFD1D20A002C: changes role from  FOLLOWER to FOLLOWER at term 725 for recognizeCandidate:bf55b3f9-6b09-4365-9d71-55289e083fa5
2019-10-16 18:02:12,013 [grpc-default-executor-3] INFO  impl.RaftServerImpl (RaftServerImpl.java:setRole(184)) - 907b9765-214b-4864-b66a-d6e2a5789e5c@group-EFD1D20A002C: changes role from  FOLLOWER to FOLLOWER at term 725 for recognizeCandidate:bf55b3f9-6b09-4365-9d71-55289e083fa5
2019-10-16 18:02:12,013 [grpc-default-executor-3] INFO  impl.RoleInfo (RoleInfo.java:shutdownFollowerState(121)) - 907b9765-214b-4864-b66a-d6e2a5789e5c: shutdown FollowerState
2019-10-16 18:02:12,013 [grpc-default-executor-0] INFO  impl.RoleInfo (RoleInfo.java:shutdownFollowerState(121)) - f4c54511-b161-4347-aec5-5236dc80a0d8: shutdown FollowerState
2019-10-16 18:02:12,014 [Thread-4377] INFO  impl.FollowerState (FollowerState.java:run(117)) - 907b9765-214b-4864-b66a-d6e2a5789e5c@group-EFD1D20A002C-FollowerState was interrupted: java.lang.InterruptedException: sleep interrupted
2019-10-16 18:02:12,014 [grpc-default-executor-3] INFO  impl.RoleInfo (RoleInfo.java:updateAndGet(143)) - 907b9765-214b-4864-b66a-d6e2a5789e5c: start FollowerState
2019-10-16 18:02:12,014 [Thread-4378] INFO  impl.FollowerState (FollowerState.java:run(117)) - f4c54511-b161-4347-aec5-5236dc80a0d8@group-EFD1D20A002C-FollowerState was interrupted: java.lang.InterruptedException: sleep interrupted
2019-10-16 18:02:12,014 [grpc-default-executor-0] INFO  impl.RoleInfo (RoleInfo.java:updateAndGet(143)) - f4c54511-b161-4347-aec5-5236dc80a0d8: start FollowerState
2019-10-16 18:02:12,018 [bf55b3f9-6b09-4365-9d71-55289e083fa5@group-EFD1D20A002C-LeaderElection619] INFO  impl.LeaderElection (LeaderElection.java:logAndReturn(56)) - bf55b3f9-6b09-4365-9d71-55289e083fa5@group-EFD1D20A002C-LeaderElection619: Election TIMEOUT; received 0 response(s) [] and 0 exception(s); bf55b3f9-6b09-4365-9d71-55289e083fa5@group-EFD1D20A002C:t725, leader=null, voted=bf55b3f9-6b09-4365-9d71-55289e083fa5, raftlog=bf55b3f9-6b09-4365-9d71-55289e083fa5@group-EFD1D20A002C-SegmentedRaftLog:OPENED:c-1,f-1,i0, conf=-1: [f4c54511-b161-4347-aec5-5236dc80a0d8:0.0.0.0:41238, 907b9765-214b-4864-b66a-d6e2a5789e5c:0.0.0.0:41650, bf55b3f9-6b09-4365-9d71-55289e083fa5:0.0.0.0:42441], old=null
2019-10-16 18:02:12,037 [bf55b3f9-6b09-4365-9d71-55289e083fa5@group-EFD1D20A002C-LeaderElection619] INFO  impl.LeaderElection (LeaderElection.java:askForVotes(178)) - bf55b3f9-6b09-4365-9d71-55289e083fa5@group-EFD1D20A002C-LeaderElection619: begin an election at term 726 for -1: [f4c54511-b161-4347-aec5-5236dc80a0d8:0.0.0.0:41238, 907b9765-214b-4864-b66a-d6e2a5789e5c:0.0.0.0:41650, bf55b3f9-6b09-4365-9d71-55289e083fa5:0.0.0.0:42441], old=null
2019-10-16 18:02:12,038 [grpc-default-executor-3] INFO  impl.RaftServerImpl (RaftServerImpl.java:setRole(184)) - f4c54511-b161-4347-aec5-5236dc80a0d8@group-EFD1D20A002C: changes role from  FOLLOWER to FOLLOWER at term 726 for recognizeCandidate:bf55b3f9-6b09-4365-9d71-55289e083fa5
2019-10-16 18:02:12,038 [grpc-default-executor-3] INFO  impl.RoleInfo (RoleInfo.java:shutdownFollowerState(121)) - f4c54511-b161-4347-aec5-5236dc80a0d8: shutdown FollowerState
2019-10-16 18:02:12,038 [grpc-default-executor-0] INFO  impl.RaftServerImpl (RaftServerImpl.java:setRole(184)) - 907b9765-214b-4864-b66a-d6e2a5789e5c@group-EFD1D20A002C: changes role from  FOLLOWER to FOLLOWER at term 726 for recognizeCandidate:bf55b3f9-6b09-4365-9d71-55289e083fa5
2019-10-16 18:02:12,039 [grpc-default-executor-0] INFO  impl.RoleInfo (RoleInfo.java:shutdownFollowerState(121)) - 907b9765-214b-4864-b66a-d6e2a5789e5c: shutdown FollowerState
2019-10-16 18:02:12,039 [Thread-4384] INFO  impl.FollowerState (FollowerState.java:run(117)) - f4c54511-b161-4347-aec5-5236dc80a0d8@group-EFD1D20A002C-FollowerState was interrupted: java.lang.InterruptedException: sleep interrupted
2019-10-16 18:02:12,038 [grpc-default-executor-3] INFO  impl.RoleInfo (RoleInfo.java:updateAndGet(143)) - f4c54511-b161-4347-aec5-5236dc80a0d8: start FollowerState
2019-10-16 18:02:12,039 [Thread-4383] INFO  impl.FollowerState (FollowerState.java:run(117)) - 907b9765-214b-4864-b66a-d6e2a5789e5c@group-EFD1D20A002C-FollowerState was interrupted: java.lang.InterruptedException: sleep interrupted
2019-10-16 18:02:12,039 [grpc-default-executor-0] INFO  impl.RoleInfo (RoleInfo.java:updateAndGet(143)) - 907b9765-214b-4864-b66a-d6e2a5789e5c: start FollowerState
2019-10-16 18:02:12,063 [bf55b3f9-6b09-4365-9d71-55289e083fa5@group-EFD1D20A002C-LeaderElection619] INFO  impl.LeaderElection (LeaderElection.java:logAndReturn(56)) - bf55b3f9-6b09-4365-9d71-55289e083fa5@group-EFD1D20A002C-LeaderElection619: Election REJECTED; received 2 response(s) [bf55b3f9-6b09-4365-9d71-55289e083fa5<-f4c54511-b161-4347-aec5-5236dc80a0d8#0:FAIL-t726, bf55b3f9-6b09-4365-9d71-55289e083fa5<-907b9765-214b-4864-b66a-d6e2a5789e5c#0:FAIL-t726] and 0 exception(s); bf55b3f9-6b09-4365-9d71-55289e083fa5@group-EFD1D20A002C:t726, leader=null, voted=bf55b3f9-6b09-4365-9d71-55289e083fa5, raftlog=bf55b3f9-6b09-4365-9d71-55289e083fa5@group-EFD1D20A002C-SegmentedRaftLog:OPENED:c-1,f-1,i0, conf=-1: [f4c54511-b161-4347-aec5-5236dc80a0d8:0.0.0.0:41238, 907b9765-214b-4864-b66a-d6e2a5789e5c:0.0.0.0:41650, bf55b3f9-6b09-4365-9d71-55289e083fa5:0.0.0.0:42441], old=null
2019-10-16 18:02:12,063 [bf55b3f9-6b09-4365-9d71-55289e083fa5@group-EFD1D20A002C-LeaderElection619] INFO  impl.RaftServerImpl (RaftServerImpl.java:setRole(184)) - bf55b3f9-6b09-4365-9d71-55289e083fa5@group-EFD1D20A002C: changes role from CANDIDATE to FOLLOWER at term 726 for DISCOVERED_A_NEW_TERM
2019-10-16 18:02:12,063 [bf55b3f9-6b09-4365-9d71-55289e083fa5@group-EFD1D20A002C-LeaderElection619] INFO  impl.RoleInfo (RoleInfo.java:shutdownLeaderElection(134)) - bf55b3f9-6b09-4365-9d71-55289e083fa5: shutdown LeaderElection
2019-10-16 18:02:12,063 [bf55b3f9-6b09-4365-9d71-55289e083fa5@group-EFD1D20A002C-LeaderElection619] INFO  impl.RoleInfo (RoleInfo.java:updateAndGet(143)) - bf55b3f9-6b09-4365-9d71-55289e083fa5: start FollowerState
2019-10-16 18:02:12,117 [Thread-4389] INFO  impl.FollowerState (FollowerState.java:run(108)) - bf55b3f9-6b09-4365-9d71-55289e083fa5@group-EFD1D20A002C-FollowerState: change to CANDIDATE, lastRpcTime:53ms, electionTimeout:53ms
2019-10-16 18:02:12,117 [Thread-4389] INFO  impl.RoleInfo (RoleInfo.java:shutdownFollowerState(121)) - bf55b3f9-6b09-4365-9d71-55289e083fa5: shutdown FollowerState
2019-10-16 18:02:12,117 [Thread-4389] INFO  impl.RaftServerImpl (RaftServerImpl.java:setRole(184)) - bf55b3f9-6b09-4365-9d71-55289e083fa5@group-EFD1D20A002C: changes role from  FOLLOWER to CANDIDATE at term 726 for changeToCandidate
2019-10-16 18:02:12,117 [Thread-4389] INFO  impl.RoleInfo (RoleInfo.java:updateAndGet(143)) - bf55b3f9-6b09-4365-9d71-55289e083fa5: start LeaderElection
2019-10-16 18:02:12,146 [bf55b3f9-6b09-4365-9d71-55289e083fa5@group-EFD1D20A002C-LeaderElection620] INFO  impl.LeaderElection (LeaderElection.java:askForVotes(178)) - bf55b3f9-6b09-4365-9d71-55289e083fa5@group-EFD1D20A002C-LeaderElection620: begin an election at term 727 for -1: [f4c54511-b161-4347-aec5-5236dc80a0d8:0.0.0.0:41238, 907b9765-214b-4864-b66a-d6e2a5789e5c:0.0.0.0:41650, bf55b3f9-6b09-4365-9d71-55289e083fa5:0.0.0.0:42441], old=null
2019-10-16 18:02:12,148 [grpc-default-executor-0] INFO  impl.RaftServerImpl (RaftServerImpl.java:setRole(184)) - 907b9765-214b-4864-b66a-d6e2a5789e5c@group-EFD1D20A002C: changes role from  FOLLOWER to FOLLOWER at term 727 for recognizeCandidate:bf55b3f9-6b09-4365-9d71-55289e083fa5
2019-10-16 18:02:12,148 [grpc-default-executor-3] INFO  impl.RaftServerImpl (RaftServerImpl.java:setRole(184)) - f4c54511-b161-4347-aec5-5236dc80a0d8@group-EFD1D20A002C: changes role from  FOLLOWER to FOLLOWER at term 727 for recognizeCandidate:bf55b3f9-6b09-4365-9d71-55289e083fa5
2019-10-16 18:02:12,148 [grpc-default-executor-3] INFO  impl.RoleInfo (RoleInfo.java:shutdownFollowerState(121)) - f4c54511-b161-4347-aec5-5236dc80a0d8: shutdown FollowerState
2019-10-16 18:02:12,148 [grpc-default-executor-0] INFO  impl.RoleInfo (RoleInfo.java:shutdownFollowerState(121)) - 907b9765-214b-4864-b66a-d6e2a5789e5c: shutdown FollowerState
2019-10-16 18:02:12,148 [Thread-4387] INFO  impl.FollowerState (FollowerState.java:run(117)) - f4c54511-b161-4347-aec5-5236dc80a0d8@group-EFD1D20A002C-FollowerState was interrupted: java.lang.InterruptedException: sleep interrupted
2019-10-16 18:02:12,148 [grpc-default-executor-3] INFO  impl.RoleInfo (RoleInfo.java:updateAndGet(143)) - f4c54511-b161-4347-aec5-5236dc80a0d8: start FollowerState
2019-10-16 18:02:12,149 [Thread-4388] INFO  impl.FollowerState (FollowerState.java:run(117)) - 907b9765-214b-4864-b66a-d6e2a5789e5c@group-EFD1D20A002C-FollowerState was interrupted: java.lang.InterruptedException: sleep interrupted
2019-10-16 18:02:12,148 [grpc-default-executor-0] INFO  impl.RoleInfo (RoleInfo.java:updateAndGet(143)) - 907b9765-214b-4864-b66a-d6e2a5789e5c: start FollowerState
2019-10-16 18:02:12,172 [bf55b3f9-6b09-4365-9d71-55289e083fa5@group-EFD1D20A002C-LeaderElection620] INFO  impl.LeaderElection (LeaderElection.java:logAndReturn(56)) - bf55b3f9-6b09-4365-9d71-55289e083fa5@group-EFD1D20A002C-LeaderElection620: Election REJECTED; received 2 response(s) [bf55b3f9-6b09-4365-9d71-55289e083fa5<-f4c54511-b161-4347-aec5-5236dc80a0d8#0:FAIL-t727, bf55b3f9-6b09-4365-9d71-55289e083fa5<-907b9765-214b-4864-b66a-d6e2a5789e5c#0:FAIL-t727] and 0 exception(s); bf55b3f9-6b09-4365-9d71-55289e083fa5@group-EFD1D20A002C:t727, leader=null, voted=bf55b3f9-6b09-4365-9d71-55289e083fa5, raftlog=bf55b3f9-6b09-4365-9d71-55289e083fa5@group-EFD1D20A002C-SegmentedRaftLog:OPENED:c-1,f-1,i0, conf=-1: [f4c54511-b161-4347-aec5-5236dc80a0d8:0.0.0.0:41238, 907b9765-214b-4864-b66a-d6e2a5789e5c:0.0.0.0:41650, bf55b3f9-6b09-4365-9d71-55289e083fa5:0.0.0.0:42441], old=null
2019-10-16 18:02:12,173 [bf55b3f9-6b09-4365-9d71-55289e083fa5@group-EFD1D20A002C-LeaderElection620] INFO  impl.RaftServerImpl (RaftServerImpl.java:setRole(184)) - bf55b3f9-6b09-4365-9d71-55289e083fa5@group-EFD1D20A002C: changes role from CANDIDATE to FOLLOWER at term 727 for DISCOVERED_A_NEW_TERM
2019-10-16 18:02:12,173 [bf55b3f9-6b09-4365-9d71-55289e083fa5@group-EFD1D20A002C-LeaderElection620] INFO  impl.RoleInfo (RoleInfo.java:shutdownLeaderElection(134)) - bf55b3f9-6b09-4365-9d71-55289e083fa5: shutdown LeaderElection
2019-10-16 18:02:12,173 [bf55b3f9-6b09-4365-9d71-55289e083fa5@group-EFD1D20A002C-LeaderElection620] INFO  impl.RoleInfo (RoleInfo.java:updateAndGet(143)) - bf55b3f9-6b09-4365-9d71-55289e083fa5: start FollowerState
2019-10-16 18:02:12,307 [Thread-4395] INFO  impl.FollowerState (FollowerState.java:run(108)) - bf55b3f9-6b09-4365-9d71-55289e083fa5@group-EFD1D20A002C-FollowerState: change to CANDIDATE, lastRpcTime:134ms, electionTimeout:134ms
2019-10-16 18:02:12,307 [Thread-4395] INFO  impl.RoleInfo (RoleInfo.java:shutdownFollowerState(121)) - bf55b3f9-6b09-4365-9d71-55289e083fa5: shutdown FollowerState
2019-10-16 18:02:12,308 [Thread-4395] INFO  impl.RaftServerImpl (RaftServerImpl.java:setRole(184)) - bf55b3f9-6b09-4365-9d71-55289e083fa5@group-EFD1D20A002C: changes role from  FOLLOWER to CANDIDATE at term 727 for changeToCandidate
2019-10-16 18:02:12,308 [Thread-4395] INFO  impl.RoleInfo (RoleInfo.java:updateAndGet(143)) - bf55b3f9-6b09-4365-9d71-55289e083fa5: start LeaderElection
2019-10-16 18:02:12,333 [bf55b3f9-6b09-4365-9d71-55289e083fa5@group-EFD1D20A002C-LeaderElection621] INFO  impl.LeaderElection (LeaderElection.java:askForVotes(178)) - bf55b3f9-6b09-4365-9d71-55289e083fa5@group-EFD1D20A002C-LeaderElection621: begin an election at term 728 for -1: [f4c54511-b161-4347-aec5-5236dc80a0d8:0.0.0.0:41238, 907b9765-214b-4864-b66a-d6e2a5789e5c:0.0.0.0:41650, bf55b3f9-6b09-4365-9d71-55289e083fa5:0.0.0.0:42441], old=null
2019-10-16 18:02:12,335 [grpc-default-executor-3] INFO  impl.RaftServerImpl (RaftServerImpl.java:setRole(184)) - f4c54511-b161-4347-aec5-5236dc80a0d8@group-EFD1D20A002C: changes role from  FOLLOWER to FOLLOWER at term 728 for recognizeCandidate:bf55b3f9-6b09-4365-9d71-55289e083fa5
2019-10-16 18:02:12,335 [grpc-default-executor-0] INFO  impl.RaftServerImpl (RaftServerImpl.java:setRole(184)) - 907b9765-214b-4864-b66a-d6e2a5789e5c@group-EFD1D20A002C: changes role from  FOLLOWER to FOLLOWER at term 728 for recognizeCandidate:bf55b3f9-6b09-4365-9d71-55289e083fa5
2019-10-16 18:02:12,335 [grpc-default-executor-0] INFO  impl.RoleInfo (RoleInfo.java:shutdownFollowerState(121)) - 907b9765-214b-4864-b66a-d6e2a5789e5c: shutdown FollowerState
2019-10-16 18:02:12,335 [grpc-default-executor-3] INFO  impl.RoleInfo (RoleInfo.java:shutdownFollowerState(121)) - f4c54511-b161-4347-aec5-5236dc80a0d8: shutdown FollowerState
2019-10-16 18:02:12,336 [Thread-4394] INFO  impl.FollowerState (FollowerState.java:run(117)) - 907b9765-214b-4864-b66a-d6e2a5789e5c@group-EFD1D20A002C-FollowerState was interrupted: java.lang.InterruptedException: sleep interrupted
2019-10-16 18:02:12,336 [grpc-default-executor-0] INFO  impl.RoleInfo (RoleInfo.java:updateAndGet(143)) - 907b9765-214b-4864-b66a-d6e2a5789e5c: start FollowerState
2019-10-16 18:02:12,336 [Thread-4393] INFO  impl.FollowerState (FollowerState.java:run(117)) - f4c54511-b161-4347-aec5-5236dc80a0d8@group-EFD1D20A002C-FollowerState was interrupted: java.lang.InterruptedException: sleep interrupted
2019-10-16 18:02:12,336 [grpc-default-executor-3] INFO  impl.RoleInfo (RoleInfo.java:updateAndGet(143)) - f4c54511-b161-4347-aec5-5236dc80a0d8: start FollowerState
2019-10-16 18:02:12,359 [bf55b3f9-6b09-4365-9d71-55289e083fa5@group-EFD1D20A002C-LeaderElection621] INFO  impl.LeaderElection (LeaderElection.java:logAndReturn(56)) - bf55b3f9-6b09-4365-9d71-55289e083fa5@group-EFD1D20A002C-LeaderElection621: Election REJECTED; received 2 response(s) [bf55b3f9-6b09-4365-9d71-55289e083fa5<-f4c54511-b161-4347-aec5-5236dc80a0d8#0:FAIL-t728, bf55b3f9-6b09-4365-9d71-55289e083fa5<-907b9765-214b-4864-b66a-d6e2a5789e5c#0:FAIL-t728] and 0 exception(s); bf55b3f9-6b09-4365-9d71-55289e083fa5@group-EFD1D20A002C:t728, leader=null, voted=bf55b3f9-6b09-4365-9d71-55289e083fa5, raftlog=bf55b3f9-6b09-4365-9d71-55289e083fa5@group-EFD1D20A002C-SegmentedRaftLog:OPENED:c-1,f-1,i0, conf=-1: [f4c54511-b161-4347-aec5-5236dc80a0d8:0.0.0.0:41238, 907b9765-214b-4864-b66a-d6e2a5789e5c:0.0.0.0:41650, bf55b3f9-6b09-4365-9d71-55289e083fa5:0.0.0.0:42441], old=null
2019-10-16 18:02:12,359 [bf55b3f9-6b09-4365-9d71-55289e083fa5@group-EFD1D20A002C-LeaderElection621] INFO  impl.RaftServerImpl (RaftServerImpl.java:setRole(184)) - bf55b3f9-6b09-4365-9d71-55289e083fa5@group-EFD1D20A002C: changes role from CANDIDATE to FOLLOWER at term 728 for DISCOVERED_A_NEW_TERM
2019-10-16 18:02:12,359 [bf55b3f9-6b09-4365-9d71-55289e083fa5@group-EFD1D20A002C-LeaderElection621] INFO  impl.RoleInfo (RoleInfo.java:shutdownLeaderElection(134)) - bf55b3f9-6b09-4365-9d71-55289e083fa5: shutdown LeaderElection
2019-10-16 18:02:12,359 [bf55b3f9-6b09-4365-9d71-55289e083fa5@group-EFD1D20A002C-LeaderElection621] INFO  impl.RoleInfo (RoleInfo.java:updateAndGet(143)) - bf55b3f9-6b09-4365-9d71-55289e083fa5: start FollowerState
2019-10-16 18:02:12,485 [Thread-4401] INFO  impl.FollowerState (FollowerState.java:run(108)) - bf55b3f9-6b09-4365-9d71-55289e083fa5@group-EFD1D20A002C-FollowerState: change to CANDIDATE, lastRpcTime:125ms, electionTimeout:125ms
2019-10-16 18:02:12,485 [Thread-4401] INFO  impl.RoleInfo (RoleInfo.java:shutdownFollowerState(121)) - bf55b3f9-6b09-4365-9d71-55289e083fa5: shutdown FollowerState
2019-10-16 18:02:12,485 [Thread-4401] INFO  impl.RaftServerImpl (RaftServerImpl.java:setRole(184)) - bf55b3f9-6b09-4365-9d71-55289e083fa5@group-EFD1D20A002C: changes role from  FOLLOWER to CANDIDATE at term 728 for changeToCandidate
2019-10-16 18:02:12,485 [Thread-4401] INFO  impl.RoleInfo (RoleInfo.java:updateAndGet(143)) - bf55b3f9-6b09-4365-9d71-55289e083fa5: start LeaderElection
2019-10-16 18:02:12,509 [bf55b3f9-6b09-4365-9d71-55289e083fa5@group-EFD1D20A002C-LeaderElection622] INFO  impl.LeaderElection (LeaderElection.java:askForVotes(178)) - bf55b3f9-6b09-4365-9d71-55289e083fa5@group-EFD1D20A002C-LeaderElection622: begin an election at term 729 for -1: [f4c54511-b161-4347-aec5-5236dc80a0d8:0.0.0.0:41238, 907b9765-214b-4864-b66a-d6e2a5789e5c:0.0.0.0:41650, bf55b3f9-6b09-4365-9d71-55289e083fa5:0.0.0.0:42441], old=null
2019-10-16 18:02:12,511 [grpc-default-executor-3] INFO  impl.RaftServerImpl (RaftServerImpl.java:setRole(184)) - f4c54511-b161-4347-aec5-5236dc80a0d8@group-EFD1D20A002C: changes role from  FOLLOWER to FOLLOWER at term 729 for recognizeCandidate:bf55b3f9-6b09-4365-9d71-55289e083fa5
2019-10-16 18:02:12,512 [grpc-default-executor-3] INFO  impl.RoleInfo (RoleInfo.java:shutdownFollowerState(121)) - f4c54511-b161-4347-aec5-5236dc80a0d8: shutdown FollowerState
2019-10-16 18:02:12,512 [grpc-default-executor-0] INFO  impl.RaftServerImpl (RaftServerImpl.java:setRole(184)) - 907b9765-214b-4864-b66a-d6e2a5789e5c@group-EFD1D20A002C: changes role from  FOLLOWER to FOLLOWER at term 729 for recognizeCandidate:bf55b3f9-6b09-4365-9d71-55289e083fa5
2019-10-16 18:02:12,512 [grpc-default-executor-0] INFO  impl.RoleInfo (RoleInfo.java:shutdownFollowerState(121)) - 907b9765-214b-4864-b66a-d6e2a5789e5c: shutdown FollowerState
2019-10-16 18:02:12,512 [Thread-4400] INFO  impl.FollowerState (FollowerState.java:run(117)) - f4c54511-b161-4347-aec5-5236dc80a0d8@group-EFD1D20A002C-FollowerState was interrupted: java.lang.InterruptedException: sleep interrupted
2019-10-16 18:02:12,512 [grpc-default-executor-3] INFO  impl.RoleInfo (RoleInfo.java:updateAndGet(143)) - f4c54511-b161-4347-aec5-5236dc80a0d8: start FollowerState
2019-10-16 18:02:12,512 [Thread-4399] INFO  impl.FollowerState (FollowerState.java:run(117)) - 907b9765-214b-4864-b66a-d6e2a5789e5c@group-EFD1D20A002C-FollowerState was interrupted: java.lang.InterruptedException: sleep interrupted
2019-10-16 18:02:12,512 [grpc-default-executor-0] INFO  impl.RoleInfo (RoleInfo.java:updateAndGet(143)) - 907b9765-214b-4864-b66a-d6e2a5789e5c: start FollowerState
2019-10-16 18:02:12,535 [bf55b3f9-6b09-4365-9d71-55289e083fa5@group-EFD1D20A002C-LeaderElection622] INFO  impl.LeaderElection (LeaderElection.java:logAndReturn(56)) - bf55b3f9-6b09-4365-9d71-55289e083fa5@group-EFD1D20A002C-LeaderElection622: Election REJECTED; received 2 response(s) [bf55b3f9-6b09-4365-9d71-55289e083fa5<-f4c54511-b161-4347-aec5-5236dc80a0d8#0:FAIL-t729, bf55b3f9-6b09-4365-9d71-55289e083fa5<-907b9765-214b-4864-b66a-d6e2a5789e5c#0:FAIL-t729] and 0 exception(s); bf55b3f9-6b09-4365-9d71-55289e083fa5@group-EFD1D20A002C:t729, leader=null, voted=bf55b3f9-6b09-4365-9d71-55289e083fa5, raftlog=bf55b3f9-6b09-4365-9d71-55289e083fa5@group-EFD1D20A002C-SegmentedRaftLog:OPENED:c-1,f-1,i0, conf=-1: [f4c54511-b161-4347-aec5-5236dc80a0d8:0.0.0.0:41238, 907b9765-214b-4864-b66a-d6e2a5789e5c:0.0.0.0:41650, bf55b3f9-6b09-4365-9d71-55289e083fa5:0.0.0.0:42441], old=null
2019-10-16 18:02:12,535 [bf55b3f9-6b09-4365-9d71-55289e083fa5@group-EFD1D20A002C-LeaderElection622] INFO  impl.RaftServerImpl (RaftServerImpl.java:setRole(184)) - bf55b3f9-6b09-4365-9d71-55289e083fa5@group-EFD1D20A002C: changes role from CANDIDATE to FOLLOWER at term 729 for DISCOVERED_A_NEW_TERM
2019-10-16 18:02:12,535 [bf55b3f9-6b09-4365-9d71-55289e083fa5@group-EFD1D20A002C-LeaderElection622] INFO  impl.RoleInfo (RoleInfo.java:shutdownLeaderElection(134)) - bf55b3f9-6b09-4365-9d71-55289e083fa5: shutdown LeaderElection
2019-10-16 18:02:12,536 [bf55b3f9-6b09-4365-9d71-55289e083fa5@group-EFD1D20A002C-LeaderElection622] INFO  impl.RoleInfo (RoleInfo.java:updateAndGet(143)) - bf55b3f9-6b09-4365-9d71-55289e083fa5: start FollowerState
2019-10-16 18:02:12,720 [Thread-4409] INFO  impl.FollowerState (FollowerState.java:run(108)) - bf55b3f9-6b09-4365-9d71-55289e083fa5@group-EFD1D20A002C-FollowerState: change to CANDIDATE, lastRpcTime:184ms, electionTimeout:184ms
2019-10-16 18:02:12,720 [Thread-4409] INFO  impl.RoleInfo (RoleInfo.java:shutdownFollowerState(121)) - bf55b3f9-6b09-4365-9d71-55289e083fa5: shutdown FollowerState
2019-10-16 18:02:12,720 [Thread-4409] INFO  impl.RaftServerImpl (RaftServerImpl.java:setRole(184)) - bf55b3f9-6b09-4365-9d71-55289e083fa5@group-EFD1D20A002C: changes role from  FOLLOWER to CANDIDATE at term 729 for changeToCandidate
2019-10-16 18:02:12,720 [Thread-4409] INFO  impl.RoleInfo (RoleInfo.java:updateAndGet(143)) - bf55b3f9-6b09-4365-9d71-55289e083fa5: start LeaderElection
2019-10-16 18:02:12,746 [bf55b3f9-6b09-4365-9d71-55289e083fa5@group-EFD1D20A002C-LeaderElection623] INFO  impl.LeaderElection (LeaderElection.java:askForVotes(178)) - bf55b3f9-6b09-4365-9d71-55289e083fa5@group-EFD1D20A002C-LeaderElection623: begin an election at term 730 for -1: [f4c54511-b161-4347-aec5-5236dc80a0d8:0.0.0.0:41238, 907b9765-214b-4864-b66a-d6e2a5789e5c:0.0.0.0:41650, bf55b3f9-6b09-4365-9d71-55289e083fa5:0.0.0.0:42441], old=null
2019-10-16 18:02:12,748 [grpc-default-executor-3] INFO  impl.RaftServerImpl (RaftServerImpl.java:setRole(184)) - f4c54511-b161-4347-aec5-5236dc80a0d8@group-EFD1D20A002C: changes role from  FOLLOWER to FOLLOWER at term 730 for recognizeCandidate:bf55b3f9-6b09-4365-9d71-55289e083fa5
2019-10-16 18:02:12,748 [grpc-default-executor-3] INFO  impl.RoleInfo (RoleInfo.java:shutdownFollowerState(121)) - f4c54511-b161-4347-aec5-5236dc80a0d8: shutdown FollowerState
2019-10-16 18:02:12,748 [grpc-default-executor-0] INFO  impl.RaftServerImpl (RaftServerImpl.java:setRole(184)) - 907b9765-214b-4864-b66a-d6e2a5789e5c@group-EFD1D20A002C: changes role from  FOLLOWER to FOLLOWER at term 730 for recognizeCandidate:bf55b3f9-6b09-4365-9d71-55289e083fa5
2019-10-16 18:02:12,748 [grpc-default-executor-0] INFO  impl.RoleInfo (RoleInfo.java:shutdownFollowerState(121)) - 907b9765-214b-4864-b66a-d6e2a5789e5c: shutdown FollowerState
2019-10-16 18:02:12,748 [Thread-4407] INFO  impl.FollowerState (FollowerState.java:run(117)) - f4c54511-b161-4347-aec5-5236dc80a0d8@group-EFD1D20A002C-FollowerState was interrupted: java.lang.InterruptedException: sleep interrupted
2019-10-16 18:02:12,748 [grpc-default-executor-3] INFO  impl.RoleInfo (RoleInfo.java:updateAndGet(143)) - f4c54511-b161-4347-aec5-5236dc80a0d8: start FollowerState
2019-10-16 18:02:12,748 [Thread-4408] INFO  impl.FollowerState (FollowerState.java:run(117)) - 907b9765-214b-4864-b66a-d6e2a5789e5c@group-EFD1D20A002C-FollowerState was interrupted: java.lang.InterruptedException: sleep interrupted
2019-10-16 18:02:12,748 [grpc-default-executor-0] INFO  impl.RoleInfo (RoleInfo.java:updateAndGet(143)) - 907b9765-214b-4864-b66a-d6e2a5789e5c: start FollowerState
2019-10-16 18:02:12,772 [bf55b3f9-6b09-4365-9d71-55289e083fa5@group-EFD1D20A002C-LeaderElection623] INFO  impl.LeaderElection (LeaderElection.java:logAndReturn(56)) - bf55b3f9-6b09-4365-9d71-55289e083fa5@group-EFD1D20A002C-LeaderElection623: Election REJECTED; received 2 response(s) [bf55b3f9-6b09-4365-9d71-55289e083fa5<-f4c54511-b161-4347-aec5-5236dc80a0d8#0:FAIL-t730, bf55b3f9-6b09-4365-9d71-55289e083fa5<-907b9765-214b-4864-b66a-d6e2a5789e5c#0:FAIL-t730] and 0 exception(s); bf55b3f9-6b09-4365-9d71-55289e083fa5@group-EFD1D20A002C:t730, leader=null, voted=bf55b3f9-6b09-4365-9d71-55289e083fa5, raftlog=bf55b3f9-6b09-4365-9d71-55289e083fa5@group-EFD1D20A002C-SegmentedRaftLog:OPENED:c-1,f-1,i0, conf=-1: [f4c54511-b161-4347-aec5-5236dc80a0d8:0.0.0.0:41238, 907b9765-214b-4864-b66a-d6e2a5789e5c:0.0.0.0:41650, bf55b3f9-6b09-4365-9d71-55289e083fa5:0.0.0.0:42441], old=null
2019-10-16 18:02:12,772 [bf55b3f9-6b09-4365-9d71-55289e083fa5@group-EFD1D20A002C-LeaderElection623] INFO  impl.RaftServerImpl (RaftServerImpl.java:setRole(184)) - bf55b3f9-6b09-4365-9d71-55289e083fa5@group-EFD1D20A002C: changes role from CANDIDATE to FOLLOWER at term 730 for DISCOVERED_A_NEW_TERM
2019-10-16 18:02:12,772 [bf55b3f9-6b09-4365-9d71-55289e083fa5@group-EFD1D20A002C-LeaderElection623] INFO  impl.RoleInfo (RoleInfo.java:shutdownLeaderElection(134)) - bf55b3f9-6b09-4365-9d71-55289e083fa5: shutdown LeaderElection
2019-10-16 18:02:12,772 [bf55b3f9-6b09-4365-9d71-55289e083fa5@group-EFD1D20A002C-LeaderElection623] INFO  impl.RoleInfo (RoleInfo.java:updateAndGet(143)) - bf55b3f9-6b09-4365-9d71-55289e083fa5: start FollowerState
2019-10-16 18:02:12,953 [Thread-4415] INFO  impl.FollowerState (FollowerState.java:run(108)) - bf55b3f9-6b09-4365-9d71-55289e083fa5@group-EFD1D20A002C-FollowerState: change to CANDIDATE, lastRpcTime:181ms, electionTimeout:181ms
2019-10-16 18:02:12,954 [Thread-4415] INFO  impl.RoleInfo (RoleInfo.java:shutdownFollowerState(121)) - bf55b3f9-6b09-4365-9d71-55289e083fa5: shutdown FollowerState
2019-10-16 18:02:12,954 [Thread-4415] INFO  impl.RaftServerImpl (RaftServerImpl.java:setRole(184)) - bf55b3f9-6b09-4365-9d71-55289e083fa5@group-EFD1D20A002C: changes role from  FOLLOWER to CANDIDATE at term 730 for changeToCandidate
2019-10-16 18:02:12,954 [Thread-4415] INFO  impl.RoleInfo (RoleInfo.java:updateAndGet(143)) - bf55b3f9-6b09-4365-9d71-55289e083fa5: start LeaderElection
2019-10-16 18:02:12,981 [bf55b3f9-6b09-4365-9d71-55289e083fa5@group-EFD1D20A002C-LeaderElection624] INFO  impl.LeaderElection (LeaderElection.java:askForVotes(178)) - bf55b3f9-6b09-4365-9d71-55289e083fa5@group-EFD1D20A002C-LeaderElection624: begin an election at term 731 for -1: [f4c54511-b161-4347-aec5-5236dc80a0d8:0.0.0.0:41238, 907b9765-214b-4864-b66a-d6e2a5789e5c:0.0.0.0:41650, bf55b3f9-6b09-4365-9d71-55289e083fa5:0.0.0.0:42441], old=null
2019-10-16 18:02:12,982 [grpc-default-executor-0] INFO  impl.RaftServerImpl (RaftServerImpl.java:setRole(184)) - f4c54511-b161-4347-aec5-5236dc80a0d8@group-EFD1D20A002C: changes role from  FOLLOWER to FOLLOWER at term 731 for recognizeCandidate:bf55b3f9-6b09-4365-9d71-55289e083fa5
2019-10-16 18:02:12,983 [grpc-default-executor-0] INFO  impl.RoleInfo (RoleInfo.java:shutdownFollowerState(121)) - f4c54511-b161-4347-aec5-5236dc80a0d8: shutdown FollowerState
2019-10-16 18:02:12,983 [grpc-default-executor-3] INFO  impl.RaftServerImpl (RaftServerImpl.java:setRole(184)) - 907b9765-214b-4864-b66a-d6e2a5789e5c@group-EFD1D20A002C: changes role from  FOLLOWER to FOLLOWER at term 731 for recognizeCandidate:bf55b3f9-6b09-4365-9d71-55289e083fa5
2019-10-16 18:02:12,983 [Thread-4413] INFO  impl.FollowerState (FollowerState.java:run(117)) - f4c54511-b161-4347-aec5-5236dc80a0d8@group-EFD1D20A002C-FollowerState was interrupted: java.lang.InterruptedException: sleep interrupted
2019-10-16 18:02:12,983 [grpc-default-executor-0] INFO  impl.RoleInfo (RoleInfo.java:updateAndGet(143)) - f4c54511-b161-4347-aec5-5236dc80a0d8: start FollowerState
2019-10-16 18:02:12,983 [grpc-default-executor-3] INFO  impl.RoleInfo (RoleInfo.java:shutdownFollowerState(121)) - 907b9765-214b-4864-b66a-d6e2a5789e5c: shutdown FollowerState
2019-10-16 18:02:12,983 [grpc-default-executor-3] INFO  impl.RoleInfo (RoleInfo.java:updateAndGet(143)) - 907b9765-214b-4864-b66a-d6e2a5789e5c: start FollowerState
2019-10-16 18:02:12,983 [Thread-4414] INFO  impl.FollowerState (FollowerState.java:run(117)) - 907b9765-214b-4864-b66a-d6e2a5789e5c@group-EFD1D20A002C-FollowerState was interrupted: java.lang.InterruptedException: sleep interrupted
2019-10-16 18:02:13,007 [bf55b3f9-6b09-4365-9d71-55289e083fa5@group-EFD1D20A002C-LeaderElection624] INFO  impl.LeaderElection (LeaderElection.java:logAndReturn(56)) - bf55b3f9-6b09-4365-9d71-55289e083fa5@group-EFD1D20A002C-LeaderElection624: Election REJECTED; received 2 response(s) [bf55b3f9-6b09-4365-9d71-55289e083fa5<-f4c54511-b161-4347-aec5-5236dc80a0d8#0:FAIL-t731, bf55b3f9-6b09-4365-9d71-55289e083fa5<-907b9765-214b-4864-b66a-d6e2a5789e5c#0:FAIL-t731] and 0 exception(s); bf55b3f9-6b09-4365-9d71-55289e083fa5@group-EFD1D20A002C:t731, leader=null, voted=bf55b3f9-6b09-4365-9d71-55289e083fa5, raftlog=bf55b3f9-6b09-4365-9d71-55289e083fa5@group-EFD1D20A002C-SegmentedRaftLog:OPENED:c-1,f-1,i0, conf=-1: [f4c54511-b161-4347-aec5-5236dc80a0d8:0.0.0.0:41238, 907b9765-214b-4864-b66a-d6e2a5789e5c:0.0.0.0:41650, bf55b3f9-6b09-4365-9d71-55289e083fa5:0.0.0.0:42441], old=null
2019-10-16 18:02:13,007 [bf55b3f9-6b09-4365-9d71-55289e083fa5@group-EFD1D20A002C-LeaderElection624] INFO  impl.RaftServerImpl (RaftServerImpl.java:setRole(184)) - bf55b3f9-6b09-4365-9d71-55289e083fa5@group-EFD1D20A002C: changes role from CANDIDATE to FOLLOWER at term 731 for DISCOVERED_A_NEW_TERM
2019-10-16 18:02:13,007 [bf55b3f9-6b09-4365-9d71-55289e083fa5@group-EFD1D20A002C-LeaderElection624] INFO  impl.RoleInfo (RoleInfo.java:shutdownLeaderElection(134)) - bf55b3f9-6b09-4365-9d71-55289e083fa5: shutdown LeaderElection
2019-10-16 18:02:13,007 [bf55b3f9-6b09-4365-9d71-55289e083fa5@group-EFD1D20A002C-LeaderElection624] INFO  impl.RoleInfo (RoleInfo.java:updateAndGet(143)) - bf55b3f9-6b09-4365-9d71-55289e083fa5: start FollowerState
2019-10-16 18:02:13,201 [Thread-4421] INFO  impl.FollowerState (FollowerState.java:run(108)) - bf55b3f9-6b09-4365-9d71-55289e083fa5@group-EFD1D20A002C-FollowerState: change to CANDIDATE, lastRpcTime:193ms, electionTimeout:193ms
2019-10-16 18:02:13,201 [Thread-4421] INFO  impl.RoleInfo (RoleInfo.java:shutdownFollowerState(121)) - bf55b3f9-6b09-4365-9d71-55289e083fa5: shutdown FollowerState
2019-10-16 18:02:13,201 [Thread-4421] INFO  impl.RaftServerImpl (RaftServerImpl.java:setRole(184)) - bf55b3f9-6b09-4365-9d71-55289e083fa5@group-EFD1D20A002C: changes role from  FOLLOWER to CANDIDATE at term 731 for changeToCandidate
2019-10-16 18:02:13,201 [Thread-4421] INFO  impl.RoleInfo (RoleInfo.java:updateAndGet(143)) - bf55b3f9-6b09-4365-9d71-55289e083fa5: start LeaderElection
2019-10-16 18:02:13,225 [bf55b3f9-6b09-4365-9d71-55289e083fa5@group-EFD1D20A002C-LeaderElection625] INFO  impl.LeaderElection (LeaderElection.java:askForVotes(178)) - bf55b3f9-6b09-4365-9d71-55289e083fa5@group-EFD1D20A002C-LeaderElection625: begin an election at term 732 for -1: [f4c54511-b161-4347-aec5-5236dc80a0d8:0.0.0.0:41238, 907b9765-214b-4864-b66a-d6e2a5789e5c:0.0.0.0:41650, bf55b3f9-6b09-4365-9d71-55289e083fa5:0.0.0.0:42441], old=null
2019-10-16 18:02:13,227 [grpc-default-executor-3] INFO  impl.RaftServerImpl (RaftServerImpl.java:setRole(184)) - f4c54511-b161-4347-aec5-5236dc80a0d8@group-EFD1D20A002C: changes role from  FOLLOWER to FOLLOWER at term 732 for recognizeCandidate:bf55b3f9-6b09-4365-9d71-55289e083fa5
2019-10-16 18:02:13,227 [grpc-default-executor-3] INFO  impl.RoleInfo (RoleInfo.java:shutdownFollowerState(121)) - f4c54511-b161-4347-aec5-5236dc80a0d8: shutdown FollowerState
2019-10-16 18:02:13,228 [grpc-default-executor-0] INFO  impl.RaftServerImpl (RaftServerImpl.java:setRole(184)) - 907b9765-214b-4864-b66a-d6e2a5789e5c@group-EFD1D20A002C: changes role from  FOLLOWER to FOLLOWER at term 732 for recognizeCandidate:bf55b3f9-6b09-4365-9d71-55289e083fa5
2019-10-16 18:02:13,228 [grpc-default-executor-0] INFO  impl.RoleInfo (RoleInfo.java:shutdownFollowerState(121)) - 907b9765-214b-4864-b66a-d6e2a5789e5c: shutdown FollowerState
2019-10-16 18:02:13,228 [Thread-4419] INFO  impl.FollowerState (FollowerState.java:run(117)) - f4c54511-b161-4347-aec5-5236dc80a0d8@group-EFD1D20A002C-FollowerState was interrupted: java.lang.InterruptedException: sleep interrupted
2019-10-16 18:02:13,228 [grpc-default-executor-3] INFO  impl.RoleInfo (RoleInfo.java:updateAndGet(143)) - f4c54511-b161-4347-aec5-5236dc80a0d8: start FollowerState
2019-10-16 18:02:13,228 [Thread-4420] INFO  impl.FollowerState (FollowerState.java:run(117)) - 907b9765-214b-4864-b66a-d6e2a5789e5c@group-EFD1D20A002C-FollowerState was interrupted: java.lang.InterruptedException: sleep interrupted
2019-10-16 18:02:13,228 [grpc-default-executor-0] INFO  impl.RoleInfo (RoleInfo.java:updateAndGet(143)) - 907b9765-214b-4864-b66a-d6e2a5789e5c: start FollowerState
2019-10-16 18:02:13,260 [bf55b3f9-6b09-4365-9d71-55289e083fa5@group-EFD1D20A002C-LeaderElection625] INFO  impl.LeaderElection (LeaderElection.java:logAndReturn(56)) - bf55b3f9-6b09-4365-9d71-55289e083fa5@group-EFD1D20A002C-LeaderElection625: Election REJECTED; received 2 response(s) [bf55b3f9-6b09-4365-9d71-55289e083fa5<-f4c54511-b161-4347-aec5-5236dc80a0d8#0:FAIL-t732, bf55b3f9-6b09-4365-9d71-55289e083fa5<-907b9765-214b-4864-b66a-d6e2a5789e5c#0:FAIL-t732] and 0 exception(s); bf55b3f9-6b09-4365-9d71-55289e083fa5@group-EFD1D20A002C:t732, leader=null, voted=bf55b3f9-6b09-4365-9d71-55289e083fa5, raftlog=bf55b3f9-6b09-4365-9d71-55289e083fa5@group-EFD1D20A002C-SegmentedRaftLog:OPENED:c-1,f-1,i0, conf=-1: [f4c54511-b161-4347-aec5-5236dc80a0d8:0.0.0.0:41238, 907b9765-214b-4864-b66a-d6e2a5789e5c:0.0.0.0:41650, bf55b3f9-6b09-4365-9d71-55289e083fa5:0.0.0.0:42441], old=null
2019-10-16 18:02:13,260 [bf55b3f9-6b09-4365-9d71-55289e083fa5@group-EFD1D20A002C-LeaderElection625] INFO  impl.RaftServerImpl (RaftServerImpl.java:setRole(184)) - bf55b3f9-6b09-4365-9d71-55289e083fa5@group-EFD1D20A002C: changes role from CANDIDATE to FOLLOWER at term 732 for DISCOVERED_A_NEW_TERM
2019-10-16 18:02:13,260 [bf55b3f9-6b09-4365-9d71-55289e083fa5@group-EFD1D20A002C-LeaderElection625] INFO  impl.RoleInfo (RoleInfo.java:shutdownLeaderElection(134)) - bf55b3f9-6b09-4365-9d71-55289e083fa5: shutdown LeaderElection
2019-10-16 18:02:13,261 [bf55b3f9-6b09-4365-9d71-55289e083fa5@group-EFD1D20A002C-LeaderElection625] INFO  impl.RoleInfo (RoleInfo.java:updateAndGet(143)) - bf55b3f9-6b09-4365-9d71-55289e083fa5: start FollowerState
2019-10-16 18:02:13,383 [Thread-4427] INFO  impl.FollowerState (FollowerState.java:run(108)) - bf55b3f9-6b09-4365-9d71-55289e083fa5@group-EFD1D20A002C-FollowerState: change to CANDIDATE, lastRpcTime:122ms, electionTimeout:122ms
2019-10-16 18:02:13,383 [Thread-4427] INFO  impl.RoleInfo (RoleInfo.java:shutdownFollowerState(121)) - bf55b3f9-6b09-4365-9d71-55289e083fa5: shutdown FollowerState
2019-10-16 18:02:13,383 [Thread-4427] INFO  impl.RaftServerImpl (RaftServerImpl.java:setRole(184)) - bf55b3f9-6b09-4365-9d71-55289e083fa5@group-EFD1D20A002C: changes role from  FOLLOWER to CANDIDATE at term 732 for changeToCandidate
2019-10-16 18:02:13,383 [Thread-4427] INFO  impl.RoleInfo (RoleInfo.java:updateAndGet(143)) - bf55b3f9-6b09-4365-9d71-55289e083fa5: start LeaderElection
2019-10-16 18:02:13,410 [bf55b3f9-6b09-4365-9d71-55289e083fa5@group-EFD1D20A002C-LeaderElection626] INFO  impl.LeaderElection (LeaderElection.java:askForVotes(178)) - bf55b3f9-6b09-4365-9d71-55289e083fa5@group-EFD1D20A002C-LeaderElection626: begin an election at term 733 for -1: [f4c54511-b161-4347-aec5-5236dc80a0d8:0.0.0.0:41238, 907b9765-214b-4864-b66a-d6e2a5789e5c:0.0.0.0:41650, bf55b3f9-6b09-4365-9d71-55289e083fa5:0.0.0.0:42441], old=null
2019-10-16 18:02:13,412 [grpc-default-executor-3] INFO  impl.RaftServerImpl (RaftServerImpl.java:setRole(184)) - f4c54511-b161-4347-aec5-5236dc80a0d8@group-EFD1D20A002C: changes role from  FOLLOWER to FOLLOWER at term 733 for recognizeCandidate:bf55b3f9-6b09-4365-9d71-55289e083fa5
2019-10-16 18:02:13,412 [grpc-default-executor-3] INFO  impl.RoleInfo (RoleInfo.java:shutdownFollowerState(121)) - f4c54511-b161-4347-aec5-5236dc80a0d8: shutdown FollowerState
2019-10-16 18:02:13,412 [grpc-default-executor-0] INFO  impl.RaftServerImpl (RaftServerImpl.java:setRole(184)) - 907b9765-214b-4864-b66a-d6e2a5789e5c@group-EFD1D20A002C: changes role from  FOLLOWER to FOLLOWER at term 733 for recognizeCandidate:bf55b3f9-6b09-4365-9d71-55289e083fa5
2019-10-16 18:02:13,413 [grpc-default-executor-0] INFO  impl.RoleInfo (RoleInfo.java:shutdownFollowerState(121)) - 907b9765-214b-4864-b66a-d6e2a5789e5c: shutdown FollowerState
2019-10-16 18:02:13,413 [Thread-4425] INFO  impl.FollowerState (FollowerState.java:run(117)) - f4c54511-b161-4347-aec5-5236dc80a0d8@group-EFD1D20A002C-FollowerState was interrupted: java.lang.InterruptedException: sleep interrupted
2019-10-16 18:02:13,413 [grpc-default-executor-3] INFO  impl.RoleInfo (RoleInfo.java:updateAndGet(143)) - f4c54511-b161-4347-aec5-5236dc80a0d8: start FollowerState
2019-10-16 18:02:13,413 [Thread-4426] INFO  impl.FollowerState (FollowerState.java:run(117)) - 907b9765-214b-4864-b66a-d6e2a5789e5c@group-EFD1D20A002C-FollowerState was interrupted: java.lang.InterruptedException: sleep interrupted
2019-10-16 18:02:13,413 [grpc-default-executor-0] INFO  impl.RoleInfo (RoleInfo.java:updateAndGet(143)) - 907b9765-214b-4864-b66a-d6e2a5789e5c: start FollowerState
2019-10-16 18:02:13,436 [bf55b3f9-6b09-4365-9d71-55289e083fa5@group-EFD1D20A002C-LeaderElection626] INFO  impl.LeaderElection (LeaderElection.java:logAndReturn(56)) - bf55b3f9-6b09-4365-9d71-55289e083fa5@group-EFD1D20A002C-LeaderElection626: Election REJECTED; received 2 response(s) [bf55b3f9-6b09-4365-9d71-55289e083fa5<-f4c54511-b161-4347-aec5-5236dc80a0d8#0:FAIL-t733, bf55b3f9-6b09-4365-9d71-55289e083fa5<-907b9765-214b-4864-b66a-d6e2a5789e5c#0:FAIL-t733] and 0 exception(s); bf55b3f9-6b09-4365-9d71-55289e083fa5@group-EFD1D20A002C:t733, leader=null, voted=bf55b3f9-6b09-4365-9d71-55289e083fa5, raftlog=bf55b3f9-6b09-4365-9d71-55289e083fa5@group-EFD1D20A002C-SegmentedRaftLog:OPENED:c-1,f-1,i0, conf=-1: [f4c54511-b161-4347-aec5-5236dc80a0d8:0.0.0.0:41238, 907b9765-214b-4864-b66a-d6e2a5789e5c:0.0.0.0:41650, bf55b3f9-6b09-4365-9d71-55289e083fa5:0.0.0.0:42441], old=null
2019-10-16 18:02:13,436 [bf55b3f9-6b09-4365-9d71-55289e083fa5@group-EFD1D20A002C-LeaderElection626] INFO  impl.RaftServerImpl (RaftServerImpl.java:setRole(184)) - bf55b3f9-6b09-4365-9d71-55289e083fa5@group-EFD1D20A002C: changes role from CANDIDATE to FOLLOWER at term 733 for DISCOVERED_A_NEW_TERM
2019-10-16 18:02:13,436 [bf55b3f9-6b09-4365-9d71-55289e083fa5@group-EFD1D20A002C-LeaderElection626] INFO  impl.RoleInfo (RoleInfo.java:shutdownLeaderElection(134)) - bf55b3f9-6b09-4365-9d71-55289e083fa5: shutdown LeaderElection
2019-10-16 18:02:13,436 [bf55b3f9-6b09-4365-9d71-55289e083fa5@group-EFD1D20A002C-LeaderElection626] INFO  impl.RoleInfo (RoleInfo.java:updateAndGet(143)) - bf55b3f9-6b09-4365-9d71-55289e083fa5: start FollowerState
2019-10-16 18:02:13,620 [Thread-4434] INFO  impl.FollowerState (FollowerState.java:run(108)) - bf55b3f9-6b09-4365-9d71-55289e083fa5@group-EFD1D20A002C-FollowerState: change to CANDIDATE, lastRpcTime:183ms, electionTimeout:183ms
2019-10-16 18:02:13,620 [Thread-4434] INFO  impl.RoleInfo (RoleInfo.java:shutdownFollowerState(121)) - bf55b3f9-6b09-4365-9d71-55289e083fa5: shutdown FollowerState
2019-10-16 18:02:13,620 [Thread-4434] INFO  impl.RaftServerImpl (RaftServerImpl.java:setRole(184)) - bf55b3f9-6b09-4365-9d71-55289e083fa5@group-EFD1D20A002C: changes role from  FOLLOWER to CANDIDATE at term 733 for changeToCandidate
2019-10-16 18:02:13,620 [Thread-4434] INFO  impl.RoleInfo (RoleInfo.java:updateAndGet(143)) - bf55b3f9-6b09-4365-9d71-55289e083fa5: start LeaderElection
2019-10-16 18:02:13,646 [bf55b3f9-6b09-4365-9d71-55289e083fa5@group-EFD1D20A002C-LeaderElection627] INFO  impl.LeaderElection (LeaderElection.java:askForVotes(178)) - bf55b3f9-6b09-4365-9d71-55289e083fa5@group-EFD1D20A002C-LeaderElection627: begin an election at term 734 for -1: [f4c54511-b161-4347-aec5-5236dc80a0d8:0.0.0.0:41238, 907b9765-214b-4864-b66a-d6e2a5789e5c:0.0.0.0:41650, bf55b3f9-6b09-4365-9d71-55289e083fa5:0.0.0.0:42441], old=null
2019-10-16 18:02:13,648 [grpc-default-executor-3] INFO  impl.RaftServerImpl (RaftServerImpl.java:setRole(184)) - f4c54511-b161-4347-aec5-5236dc80a0d8@group-EFD1D20A002C: changes role from  FOLLOWER to FOLLOWER at term 734 for recognizeCandidate:bf55b3f9-6b09-4365-9d71-55289e083fa5
2019-10-16 18:02:13,648 [grpc-default-executor-2] INFO  impl.RaftServerImpl (RaftServerImpl.java:setRole(184)) - 907b9765-214b-4864-b66a-d6e2a5789e5c@group-EFD1D20A002C: changes role from  FOLLOWER to FOLLOWER at term 734 for recognizeCandidate:bf55b3f9-6b09-4365-9d71-55289e083fa5
2019-10-16 18:02:13,649 [grpc-default-executor-2] INFO  impl.RoleInfo (RoleInfo.java:shutdownFollowerState(121)) - 907b9765-214b-4864-b66a-d6e2a5789e5c: shutdown FollowerState
2019-10-16 18:02:13,649 [grpc-default-executor-3] INFO  impl.RoleInfo (RoleInfo.java:shutdownFollowerState(121)) - f4c54511-b161-4347-aec5-5236dc80a0d8: shutdown FollowerState
2019-10-16 18:02:13,649 [Thread-4432] INFO  impl.FollowerState (FollowerState.java:run(117)) - 907b9765-214b-4864-b66a-d6e2a5789e5c@group-EFD1D20A002C-FollowerState was interrupted: java.lang.InterruptedException: sleep interrupted
2019-10-16 18:02:13,649 [grpc-default-executor-2] INFO  impl.RoleInfo (RoleInfo.java:updateAndGet(143)) - 907b9765-214b-4864-b66a-d6e2a5789e5c: start FollowerState
2019-10-16 18:02:13,649 [Thread-4431] INFO  impl.FollowerState (FollowerState.java:run(117)) - f4c54511-b161-4347-aec5-5236dc80a0d8@group-EFD1D20A002C-FollowerState was interrupted: java.lang.InterruptedException: sleep interrupted
2019-10-16 18:02:13,649 [grpc-default-executor-3] INFO  impl.RoleInfo (RoleInfo.java:updateAndGet(143)) - f4c54511-b161-4347-aec5-5236dc80a0d8: start FollowerState
2019-10-16 18:02:13,680 [bf55b3f9-6b09-4365-9d71-55289e083fa5@group-EFD1D20A002C-LeaderElection627] INFO  impl.LeaderElection (LeaderElection.java:logAndReturn(56)) - bf55b3f9-6b09-4365-9d71-55289e083fa5@group-EFD1D20A002C-LeaderElection627: Election REJECTED; received 2 response(s) [bf55b3f9-6b09-4365-9d71-55289e083fa5<-f4c54511-b161-4347-aec5-5236dc80a0d8#0:FAIL-t734, bf55b3f9-6b09-4365-9d71-55289e083fa5<-907b9765-214b-4864-b66a-d6e2a5789e5c#0:FAIL-t734] and 0 exception(s); bf55b3f9-6b09-4365-9d71-55289e083fa5@group-EFD1D20A002C:t734, leader=null, voted=bf55b3f9-6b09-4365-9d71-55289e083fa5, raftlog=bf55b3f9-6b09-4365-9d71-55289e083fa5@group-EFD1D20A002C-SegmentedRaftLog:OPENED:c-1,f-1,i0, conf=-1: [f4c54511-b161-4347-aec5-5236dc80a0d8:0.0.0.0:41238, 907b9765-214b-4864-b66a-d6e2a5789e5c:0.0.0.0:41650, bf55b3f9-6b09-4365-9d71-55289e083fa5:0.0.0.0:42441], old=null
2019-10-16 18:02:13,681 [bf55b3f9-6b09-4365-9d71-55289e083fa5@group-EFD1D20A002C-LeaderElection627] INFO  impl.RaftServerImpl (RaftServerImpl.java:setRole(184)) - bf55b3f9-6b09-4365-9d71-55289e083fa5@group-EFD1D20A002C: changes role from CANDIDATE to FOLLOWER at term 734 for DISCOVERED_A_NEW_TERM
2019-10-16 18:02:13,681 [bf55b3f9-6b09-4365-9d71-55289e083fa5@group-EFD1D20A002C-LeaderElection627] INFO  impl.RoleInfo (RoleInfo.java:shutdownLeaderElection(134)) - bf55b3f9-6b09-4365-9d71-55289e083fa5: shutdown LeaderElection
2019-10-16 18:02:13,681 [bf55b3f9-6b09-4365-9d71-55289e083fa5@group-EFD1D20A002C-LeaderElection627] INFO  impl.RoleInfo (RoleInfo.java:updateAndGet(143)) - bf55b3f9-6b09-4365-9d71-55289e083fa5: start FollowerState
2019-10-16 18:02:13,866 [Thread-4441] INFO  impl.FollowerState (FollowerState.java:run(108)) - bf55b3f9-6b09-4365-9d71-55289e083fa5@group-EFD1D20A002C-FollowerState: change to CANDIDATE, lastRpcTime:185ms, electionTimeout:185ms
2019-10-16 18:02:13,867 [Thread-4441] INFO  impl.RoleInfo (RoleInfo.java:shutdownFollowerState(121)) - bf55b3f9-6b09-4365-9d71-55289e083fa5: shutdown FollowerState
2019-10-16 18:02:13,867 [Thread-4441] INFO  impl.RaftServerImpl (RaftServerImpl.java:setRole(184)) - bf55b3f9-6b09-4365-9d71-55289e083fa5@group-EFD1D20A002C: changes role from  FOLLOWER to CANDIDATE at term 734 for changeToCandidate
2019-10-16 18:02:13,867 [Thread-4441] INFO  impl.RoleInfo (RoleInfo.java:updateAndGet(143)) - bf55b3f9-6b09-4365-9d71-55289e083fa5: start LeaderElection
2019-10-16 18:02:13,934 [bf55b3f9-6b09-4365-9d71-55289e083fa5@group-EFD1D20A002C-LeaderElection628] INFO  impl.LeaderElection (LeaderElection.java:askForVotes(178)) - bf55b3f9-6b09-4365-9d71-55289e083fa5@group-EFD1D20A002C-LeaderElection628: begin an election at term 735 for -1: [f4c54511-b161-4347-aec5-5236dc80a0d8:0.0.0.0:41238, 907b9765-214b-4864-b66a-d6e2a5789e5c:0.0.0.0:41650, bf55b3f9-6b09-4365-9d71-55289e083fa5:0.0.0.0:42441], old=null
2019-10-16 18:02:13,937 [grpc-default-executor-3] INFO  impl.RaftServerImpl (RaftServerImpl.java:setRole(184)) - 907b9765-214b-4864-b66a-d6e2a5789e5c@group-EFD1D20A002C: changes role from  FOLLOWER to FOLLOWER at term 735 for recognizeCandidate:bf55b3f9-6b09-4365-9d71-55289e083fa5
2019-10-16 18:02:13,937 [grpc-default-executor-3] INFO  impl.RoleInfo (RoleInfo.java:shutdownFollowerState(121)) - 907b9765-214b-4864-b66a-d6e2a5789e5c: shutdown FollowerState
2019-10-16 18:02:13,938 [grpc-default-executor-3] INFO  impl.RoleInfo (RoleInfo.java:updateAndGet(143)) - 907b9765-214b-4864-b66a-d6e2a5789e5c: start FollowerState
2019-10-16 18:02:13,938 [Thread-4439] INFO  impl.FollowerState (FollowerState.java:run(117)) - 907b9765-214b-4864-b66a-d6e2a5789e5c@group-EFD1D20A002C-FollowerState was interrupted: java.lang.InterruptedException: sleep interrupted
2019-10-16 18:02:13,939 [grpc-default-executor-2] INFO  impl.RaftServerImpl (RaftServerImpl.java:setRole(184)) - f4c54511-b161-4347-aec5-5236dc80a0d8@group-EFD1D20A002C: changes role from  FOLLOWER to FOLLOWER at term 735 for recognizeCandidate:bf55b3f9-6b09-4365-9d71-55289e083fa5
2019-10-16 18:02:13,939 [grpc-default-executor-2] INFO  impl.RoleInfo (RoleInfo.java:shutdownFollowerState(121)) - f4c54511-b161-4347-aec5-5236dc80a0d8: shutdown FollowerState
2019-10-16 18:02:13,939 [grpc-default-executor-2] INFO  impl.RoleInfo (RoleInfo.java:updateAndGet(143)) - f4c54511-b161-4347-aec5-5236dc80a0d8: start FollowerState
2019-10-16 18:02:13,939 [Thread-4440] INFO  impl.FollowerState (FollowerState.java:run(117)) - f4c54511-b161-4347-aec5-5236dc80a0d8@group-EFD1D20A002C-FollowerState was interrupted: java.lang.InterruptedException: sleep interrupted
2019-10-16 18:02:13,970 [bf55b3f9-6b09-4365-9d71-55289e083fa5@group-EFD1D20A002C-LeaderElection628] INFO  impl.LeaderElection (LeaderElection.java:logAndReturn(56)) - bf55b3f9-6b09-4365-9d71-55289e083fa5@group-EFD1D20A002C-LeaderElection628: Election TIMEOUT; received 0 response(s) [] and 0 exception(s); bf55b3f9-6b09-4365-9d71-55289e083fa5@group-EFD1D20A002C:t735, leader=null, voted=bf55b3f9-6b09-4365-9d71-55289e083fa5, raftlog=bf55b3f9-6b09-4365-9d71-55289e083fa5@group-EFD1D20A002C-SegmentedRaftLog:OPENED:c-1,f-1,i0, conf=-1: [f4c54511-b161-4347-aec5-5236dc80a0d8:0.0.0.0:41238, 907b9765-214b-4864-b66a-d6e2a5789e5c:0.0.0.0:41650, bf55b3f9-6b09-4365-9d71-55289e083fa5:0.0.0.0:42441], old=null
2019-10-16 18:02:13,999 [bf55b3f9-6b09-4365-9d71-55289e083fa5@group-EFD1D20A002C-LeaderElection628] INFO  impl.LeaderElection (LeaderElection.java:askForVotes(178)) - bf55b3f9-6b09-4365-9d71-55289e083fa5@group-EFD1D20A002C-LeaderElection628: begin an election at term 736 for -1: [f4c54511-b161-4347-aec5-5236dc80a0d8:0.0.0.0:41238, 907b9765-214b-4864-b66a-d6e2a5789e5c:0.0.0.0:41650, bf55b3f9-6b09-4365-9d71-55289e083fa5:0.0.0.0:42441], old=null
2019-10-16 18:02:14,001 [grpc-default-executor-2] INFO  impl.RaftServerImpl (RaftServerImpl.java:setRole(184)) - f4c54511-b161-4347-aec5-5236dc80a0d8@group-EFD1D20A002C: changes role from  FOLLOWER to FOLLOWER at term 736 for recognizeCandidate:bf55b3f9-6b09-4365-9d71-55289e083fa5
2019-10-16 18:02:14,001 [grpc-default-executor-3] INFO  impl.RaftServerImpl (RaftServerImpl.java:setRole(184)) - 907b9765-214b-4864-b66a-d6e2a5789e5c@group-EFD1D20A002C: changes role from  FOLLOWER to FOLLOWER at term 736 for recognizeCandidate:bf55b3f9-6b09-4365-9d71-55289e083fa5
2019-10-16 18:02:14,001 [grpc-default-executor-2] INFO  impl.RoleInfo (RoleInfo.java:shutdownFollowerState(121)) - f4c54511-b161-4347-aec5-5236dc80a0d8: shutdown FollowerState
2019-10-16 18:02:14,001 [grpc-default-executor-3] INFO  impl.RoleInfo (RoleInfo.java:shutdownFollowerState(121)) - 907b9765-214b-4864-b66a-d6e2a5789e5c: shutdown FollowerState
2019-10-16 18:02:14,002 [Thread-4446] INFO  impl.FollowerState (FollowerState.java:run(117)) - f4c54511-b161-4347-aec5-5236dc80a0d8@group-EFD1D20A002C-FollowerState was interrupted: java.lang.InterruptedException: sleep interrupted
2019-10-16 18:02:14,002 [grpc-default-executor-2] INFO  impl.RoleInfo (RoleInfo.java:updateAndGet(143)) - f4c54511-b161-4347-aec5-5236dc80a0d8: start FollowerState
2019-10-16 18:02:14,002 [Thread-4445] INFO  impl.FollowerState (FollowerState.java:run(117)) - 907b9765-214b-4864-b66a-d6e2a5789e5c@group-EFD1D20A002C-FollowerState was interrupted: java.lang.InterruptedException: sleep interrupted
2019-10-16 18:02:14,002 [grpc-default-executor-3] INFO  impl.RoleInfo (RoleInfo.java:updateAndGet(143)) - 907b9765-214b-4864-b66a-d6e2a5789e5c: start FollowerState
2019-10-16 18:02:14,027 [bf55b3f9-6b09-4365-9d71-55289e083fa5@group-EFD1D20A002C-LeaderElection628] INFO  impl.LeaderElection (LeaderElection.java:logAndReturn(56)) - bf55b3f9-6b09-4365-9d71-55289e083fa5@group-EFD1D20A002C-LeaderElection628: Election REJECTED; received 2 response(s) [bf55b3f9-6b09-4365-9d71-55289e083fa5<-f4c54511-b161-4347-aec5-5236dc80a0d8#0:FAIL-t736, bf55b3f9-6b09-4365-9d71-55289e083fa5<-907b9765-214b-4864-b66a-d6e2a5789e5c#0:FAIL-t736] and 0 exception(s); bf55b3f9-6b09-4365-9d71-55289e083fa5@group-EFD1D20A002C:t736, leader=null, voted=bf55b3f9-6b09-4365-9d71-55289e083fa5, raftlog=bf55b3f9-6b09-4365-9d71-55289e083fa5@group-EFD1D20A002C-SegmentedRaftLog:OPENED:c-1,f-1,i0, conf=-1: [f4c54511-b161-4347-aec5-5236dc80a0d8:0.0.0.0:41238, 907b9765-214b-4864-b66a-d6e2a5789e5c:0.0.0.0:41650, bf55b3f9-6b09-4365-9d71-55289e083fa5:0.0.0.0:42441], old=null
2019-10-16 18:02:14,027 [bf55b3f9-6b09-4365-9d71-55289e083fa5@group-EFD1D20A002C-LeaderElection628] INFO  impl.RaftServerImpl (RaftServerImpl.java:setRole(184)) - bf55b3f9-6b09-4365-9d71-55289e083fa5@group-EFD1D20A002C: changes role from CANDIDATE to FOLLOWER at term 736 for DISCOVERED_A_NEW_TERM
2019-10-16 18:02:14,027 [bf55b3f9-6b09-4365-9d71-55289e083fa5@group-EFD1D20A002C-LeaderElection628] INFO  impl.RoleInfo (RoleInfo.java:shutdownLeaderElection(134)) - bf55b3f9-6b09-4365-9d71-55289e083fa5: shutdown LeaderElection
2019-10-16 18:02:14,028 [bf55b3f9-6b09-4365-9d71-55289e083fa5@group-EFD1D20A002C-LeaderElection628] INFO  impl.RoleInfo (RoleInfo.java:updateAndGet(143)) - bf55b3f9-6b09-4365-9d71-55289e083fa5: start FollowerState
2019-10-16 18:02:14,141 [Thread-4451] INFO  impl.FollowerState (FollowerState.java:run(108)) - bf55b3f9-6b09-4365-9d71-55289e083fa5@group-EFD1D20A002C-FollowerState: change to CANDIDATE, lastRpcTime:113ms, electionTimeout:113ms
2019-10-16 18:02:14,141 [Thread-4451] INFO  impl.RoleInfo (RoleInfo.java:shutdownFollowerState(121)) - bf55b3f9-6b09-4365-9d71-55289e083fa5: shutdown FollowerState
2019-10-16 18:02:14,141 [Thread-4451] INFO  impl.RaftServerImpl (RaftServerImpl.java:setRole(184)) - bf55b3f9-6b09-4365-9d71-55289e083fa5@group-EFD1D20A002C: changes role from  FOLLOWER to CANDIDATE at term 736 for changeToCandidate
2019-10-16 18:02:14,141 [Thread-4451] INFO  impl.RoleInfo (RoleInfo.java:updateAndGet(143)) - bf55b3f9-6b09-4365-9d71-55289e083fa5: start LeaderElection
2019-10-16 18:02:14,262 [bf55b3f9-6b09-4365-9d71-55289e083fa5@group-EFD1D20A002C-LeaderElection629] INFO  impl.LeaderElection (LeaderElection.java:askForVotes(178)) - bf55b3f9-6b09-4365-9d71-55289e083fa5@group-EFD1D20A002C-LeaderElection629: begin an election at term 737 for -1: [f4c54511-b161-4347-aec5-5236dc80a0d8:0.0.0.0:41238, 907b9765-214b-4864-b66a-d6e2a5789e5c:0.0.0.0:41650, bf55b3f9-6b09-4365-9d71-55289e083fa5:0.0.0.0:42441], old=null
2019-10-16 18:02:14,263 [grpc-default-executor-3] INFO  impl.RaftServerImpl (RaftServerImpl.java:setRole(184)) - f4c54511-b161-4347-aec5-5236dc80a0d8@group-EFD1D20A002C: changes role from  FOLLOWER to FOLLOWER at term 737 for recognizeCandidate:bf55b3f9-6b09-4365-9d71-55289e083fa5
2019-10-16 18:02:14,263 [grpc-default-executor-2] INFO  impl.RaftServerImpl (RaftServerImpl.java:setRole(184)) - 907b9765-214b-4864-b66a-d6e2a5789e5c@group-EFD1D20A002C: changes role from  FOLLOWER to FOLLOWER at term 737 for recognizeCandidate:bf55b3f9-6b09-4365-9d71-55289e083fa5
2019-10-16 18:02:14,263 [grpc-default-executor-3] INFO  impl.RoleInfo (RoleInfo.java:shutdownFollowerState(121)) - f4c54511-b161-4347-aec5-5236dc80a0d8: shutdown FollowerState
2019-10-16 18:02:14,264 [grpc-default-executor-2] INFO  impl.RoleInfo (RoleInfo.java:shutdownFollowerState(121)) - 907b9765-214b-4864-b66a-d6e2a5789e5c: shutdown FollowerState
2019-10-16 18:02:14,264 [Thread-4449] INFO  impl.FollowerState (FollowerState.java:run(117)) - f4c54511-b161-4347-aec5-5236dc80a0d8@group-EFD1D20A002C-FollowerState was interrupted: java.lang.InterruptedException: sleep interrupted
2019-10-16 18:02:14,264 [grpc-default-executor-3] INFO  impl.RoleInfo (RoleInfo.java:updateAndGet(143)) - f4c54511-b161-4347-aec5-5236dc80a0d8: start FollowerState
2019-10-16 18:02:14,264 [Thread-4450] INFO  impl.FollowerState (FollowerState.java:run(117)) - 907b9765-214b-4864-b66a-d6e2a5789e5c@group-EFD1D20A002C-FollowerState was interrupted: java.lang.InterruptedException: sleep interrupted
2019-10-16 18:02:14,264 [grpc-default-executor-2] INFO  impl.RoleInfo (RoleInfo.java:updateAndGet(143)) - 907b9765-214b-4864-b66a-d6e2a5789e5c: start FollowerState
2019-10-16 18:02:14,282 [bf55b3f9-6b09-4365-9d71-55289e083fa5@group-EFD1D20A002C-LeaderElection629] INFO  impl.LeaderElection (LeaderElection.java:logAndReturn(56)) - bf55b3f9-6b09-4365-9d71-55289e083fa5@group-EFD1D20A002C-LeaderElection629: Election TIMEOUT; received 0 response(s) [] and 0 exception(s); bf55b3f9-6b09-4365-9d71-55289e083fa5@group-EFD1D20A002C:t737, leader=null, voted=bf55b3f9-6b09-4365-9d71-55289e083fa5, raftlog=bf55b3f9-6b09-4365-9d71-55289e083fa5@group-EFD1D20A002C-SegmentedRaftLog:OPENED:c-1,f-1,i0, conf=-1: [f4c54511-b161-4347-aec5-5236dc80a0d8:0.0.0.0:41238, 907b9765-214b-4864-b66a-d6e2a5789e5c:0.0.0.0:41650, bf55b3f9-6b09-4365-9d71-55289e083fa5:0.0.0.0:42441], old=null
2019-10-16 18:02:14,369 [bf55b3f9-6b09-4365-9d71-55289e083fa5@group-EFD1D20A002C-LeaderElection629] INFO  impl.LeaderElection (LeaderElection.java:askForVotes(178)) - bf55b3f9-6b09-4365-9d71-55289e083fa5@group-EFD1D20A002C-LeaderElection629: begin an election at term 738 for -1: [f4c54511-b161-4347-aec5-5236dc80a0d8:0.0.0.0:41238, 907b9765-214b-4864-b66a-d6e2a5789e5c:0.0.0.0:41650, bf55b3f9-6b09-4365-9d71-55289e083fa5:0.0.0.0:42441], old=null
2019-10-16 18:02:14,371 [grpc-default-executor-2] INFO  impl.RaftServerImpl (RaftServerImpl.java:setRole(184)) - f4c54511-b161-4347-aec5-5236dc80a0d8@group-EFD1D20A002C: changes role from  FOLLOWER to FOLLOWER at term 738 for recognizeCandidate:bf55b3f9-6b09-4365-9d71-55289e083fa5
2019-10-16 18:02:14,371 [grpc-default-executor-2] INFO  impl.RoleInfo (RoleInfo.java:shutdownFollowerState(121)) - f4c54511-b161-4347-aec5-5236dc80a0d8: shutdown FollowerState
2019-10-16 18:02:14,371 [grpc-default-executor-3] INFO  impl.RaftServerImpl (RaftServerImpl.java:setRole(184)) - 907b9765-214b-4864-b66a-d6e2a5789e5c@group-EFD1D20A002C: changes role from  FOLLOWER to FOLLOWER at term 738 for recognizeCandidate:bf55b3f9-6b09-4365-9d71-55289e083fa5
2019-10-16 18:02:14,371 [grpc-default-executor-3] INFO  impl.RoleInfo (RoleInfo.java:shutdownFollowerState(121)) - 907b9765-214b-4864-b66a-d6e2a5789e5c: shutdown FollowerState
2019-10-16 18:02:14,371 [Thread-4455] INFO  impl.FollowerState (FollowerState.java:run(117)) - f4c54511-b161-4347-aec5-5236dc80a0d8@group-EFD1D20A002C-FollowerState was interrupted: java.lang.InterruptedException: sleep interrupted
2019-10-16 18:02:14,371 [grpc-default-executor-2] INFO  impl.RoleInfo (RoleInfo.java:updateAndGet(143)) - f4c54511-b161-4347-aec5-5236dc80a0d8: start FollowerState
2019-10-16 18:02:14,371 [Thread-4456] INFO  impl.FollowerState (FollowerState.java:run(117)) - 907b9765-214b-4864-b66a-d6e2a5789e5c@group-EFD1D20A002C-FollowerState was interrupted: java.lang.InterruptedException: sleep interrupted
2019-10-16 18:02:14,371 [grpc-default-executor-3] INFO  impl.RoleInfo (RoleInfo.java:updateAndGet(143)) - 907b9765-214b-4864-b66a-d6e2a5789e5c: start FollowerState
2019-10-16 18:02:14,418 [bf55b3f9-6b09-4365-9d71-55289e083fa5@group-EFD1D20A002C-LeaderElection629] INFO  impl.LeaderElection (LeaderElection.java:logAndReturn(56)) - bf55b3f9-6b09-4365-9d71-55289e083fa5@group-EFD1D20A002C-LeaderElection629: Election REJECTED; received 2 response(s) [bf55b3f9-6b09-4365-9d71-55289e083fa5<-f4c54511-b161-4347-aec5-5236dc80a0d8#0:FAIL-t738, bf55b3f9-6b09-4365-9d71-55289e083fa5<-907b9765-214b-4864-b66a-d6e2a5789e5c#0:FAIL-t738] and 0 exception(s); bf55b3f9-6b09-4365-9d71-55289e083fa5@group-EFD1D20A002C:t738, leader=null, voted=bf55b3f9-6b09-4365-9d71-55289e083fa5, raftlog=bf55b3f9-6b09-4365-9d71-55289e083fa5@group-EFD1D20A002C-SegmentedRaftLog:OPENED:c-1,f-1,i0, conf=-1: [f4c54511-b161-4347-aec5-5236dc80a0d8:0.0.0.0:41238, 907b9765-214b-4864-b66a-d6e2a5789e5c:0.0.0.0:41650, bf55b3f9-6b09-4365-9d71-55289e083fa5:0.0.0.0:42441], old=null
2019-10-16 18:02:14,419 [bf55b3f9-6b09-4365-9d71-55289e083fa5@group-EFD1D20A002C-LeaderElection629] INFO  impl.RaftServerImpl (RaftServerImpl.java:setRole(184)) - bf55b3f9-6b09-4365-9d71-55289e083fa5@group-EFD1D20A002C: changes role from CANDIDATE to FOLLOWER at term 738 for DISCOVERED_A_NEW_TERM
2019-10-16 18:02:14,419 [bf55b3f9-6b09-4365-9d71-55289e083fa5@group-EFD1D20A002C-LeaderElection629] INFO  impl.RoleInfo (RoleInfo.java:shutdownLeaderElection(134)) - bf55b3f9-6b09-4365-9d71-55289e083fa5: shutdown LeaderElection
2019-10-16 18:02:14,419 [bf55b3f9-6b09-4365-9d71-55289e083fa5@group-EFD1D20A002C-LeaderElection629] INFO  impl.RoleInfo (RoleInfo.java:updateAndGet(143)) - bf55b3f9-6b09-4365-9d71-55289e083fa5: start FollowerState
2019-10-16 18:02:14,455 [Thread-4461] INFO  impl.FollowerState (FollowerState.java:run(108)) - bf55b3f9-6b09-4365-9d71-55289e083fa5@group-EFD1D20A002C-FollowerState: change to CANDIDATE, lastRpcTime:36ms, electionTimeout:36ms
2019-10-16 18:02:14,455 [Thread-4461] INFO  impl.RoleInfo (RoleInfo.java:shutdownFollowerState(121)) - bf55b3f9-6b09-4365-9d71-55289e083fa5: shutdown FollowerState
2019-10-16 18:02:14,456 [Thread-4461] INFO  impl.RaftServerImpl (RaftServerImpl.java:setRole(184)) - bf55b3f9-6b09-4365-9d71-55289e083fa5@group-EFD1D20A002C: changes role from  FOLLOWER to CANDIDATE at term 738 for changeToCandidate
2019-10-16 18:02:14,456 [Thread-4461] INFO  impl.RoleInfo (RoleInfo.java:updateAndGet(143)) - bf55b3f9-6b09-4365-9d71-55289e083fa5: start LeaderElection
2019-10-16 18:02:14,511 [bf55b3f9-6b09-4365-9d71-55289e083fa5@group-EFD1D20A002C-LeaderElection630] INFO  impl.LeaderElection (LeaderElection.java:askForVotes(178)) - bf55b3f9-6b09-4365-9d71-55289e083fa5@group-EFD1D20A002C-LeaderElection630: begin an election at term 739 for -1: [f4c54511-b161-4347-aec5-5236dc80a0d8:0.0.0.0:41238, 907b9765-214b-4864-b66a-d6e2a5789e5c:0.0.0.0:41650, bf55b3f9-6b09-4365-9d71-55289e083fa5:0.0.0.0:42441], old=null
2019-10-16 18:02:14,513 [grpc-default-executor-3] INFO  impl.RaftServerImpl (RaftServerImpl.java:setRole(184)) - f4c54511-b161-4347-aec5-5236dc80a0d8@group-EFD1D20A002C: changes role from  FOLLOWER to FOLLOWER at term 739 for recognizeCandidate:bf55b3f9-6b09-4365-9d71-55289e083fa5
2019-10-16 18:02:14,513 [grpc-default-executor-2] INFO  impl.RaftServerImpl (RaftServerImpl.java:setRole(184)) - 907b9765-214b-4864-b66a-d6e2a5789e5c@group-EFD1D20A002C: changes role from  FOLLOWER to FOLLOWER at term 739 for recognizeCandidate:bf55b3f9-6b09-4365-9d71-55289e083fa5
2019-10-16 18:02:14,513 [grpc-default-executor-2] INFO  impl.RoleInfo (RoleInfo.java:shutdownFollowerState(121)) - 907b9765-214b-4864-b66a-d6e2a5789e5c: shutdown FollowerState
2019-10-16 18:02:14,513 [grpc-default-executor-3] INFO  impl.RoleInfo (RoleInfo.java:shutdownFollowerState(121)) - f4c54511-b161-4347-aec5-5236dc80a0d8: shutdown FollowerState
2019-10-16 18:02:14,513 [grpc-default-executor-2] INFO  impl.RoleInfo (RoleInfo.java:updateAndGet(143)) - 907b9765-214b-4864-b66a-d6e2a5789e5c: start FollowerState
2019-10-16 18:02:14,513 [Thread-4460] INFO  impl.FollowerState (FollowerState.java:run(117)) - 907b9765-214b-4864-b66a-d6e2a5789e5c@group-EFD1D20A002C-FollowerState was interrupted: java.lang.InterruptedException: sleep interrupted
2019-10-16 18:02:14,513 [grpc-default-executor-3] INFO  impl.RoleInfo (RoleInfo.java:updateAndGet(143)) - f4c54511-b161-4347-aec5-5236dc80a0d8: start FollowerState
2019-10-16 18:02:14,513 [Thread-4459] INFO  impl.FollowerState (FollowerState.java:run(117)) - f4c54511-b161-4347-aec5-5236dc80a0d8@group-EFD1D20A002C-FollowerState was interrupted: java.lang.InterruptedException: sleep interrupted
2019-10-16 18:02:14,559 [bf55b3f9-6b09-4365-9d71-55289e083fa5@group-EFD1D20A002C-LeaderElection630] INFO  impl.LeaderElection (LeaderElection.java:logAndReturn(56)) - bf55b3f9-6b09-4365-9d71-55289e083fa5@group-EFD1D20A002C-LeaderElection630: Election REJECTED; received 2 response(s) [bf55b3f9-6b09-4365-9d71-55289e083fa5<-f4c54511-b161-4347-aec5-5236dc80a0d8#0:FAIL-t739, bf55b3f9-6b09-4365-9d71-55289e083fa5<-907b9765-214b-4864-b66a-d6e2a5789e5c#0:FAIL-t739] and 0 exception(s); bf55b3f9-6b09-4365-9d71-55289e083fa5@group-EFD1D20A002C:t739, leader=null, voted=bf55b3f9-6b09-4365-9d71-55289e083fa5, raftlog=bf55b3f9-6b09-4365-9d71-55289e083fa5@group-EFD1D20A002C-SegmentedRaftLog:OPENED:c-1,f-1,i0, conf=-1: [f4c54511-b161-4347-aec5-5236dc80a0d8:0.0.0.0:41238, 907b9765-214b-4864-b66a-d6e2a5789e5c:0.0.0.0:41650, bf55b3f9-6b09-4365-9d71-55289e083fa5:0.0.0.0:42441], old=null
2019-10-16 18:02:14,559 [bf55b3f9-6b09-4365-9d71-55289e083fa5@group-EFD1D20A002C-LeaderElection630] INFO  impl.RaftServerImpl (RaftServerImpl.java:setRole(184)) - bf55b3f9-6b09-4365-9d71-55289e083fa5@group-EFD1D20A002C: changes role from CANDIDATE to FOLLOWER at term 739 for DISCOVERED_A_NEW_TERM
2019-10-16 18:02:14,559 [bf55b3f9-6b09-4365-9d71-55289e083fa5@group-EFD1D20A002C-LeaderElection630] INFO  impl.RoleInfo (RoleInfo.java:shutdownLeaderElection(134)) - bf55b3f9-6b09-4365-9d71-55289e083fa5: shutdown LeaderElection
2019-10-16 18:02:14,559 [bf55b3f9-6b09-4365-9d71-55289e083fa5@group-EFD1D20A002C-LeaderElection630] INFO  impl.RoleInfo (RoleInfo.java:updateAndGet(143)) - bf55b3f9-6b09-4365-9d71-55289e083fa5: start FollowerState
2019-10-16 18:02:14,665 [Thread-4469] INFO  impl.FollowerState (FollowerState.java:run(108)) - bf55b3f9-6b09-4365-9d71-55289e083fa5@group-EFD1D20A002C-FollowerState: change to CANDIDATE, lastRpcTime:105ms, electionTimeout:105ms
2019-10-16 18:02:14,665 [Thread-4469] INFO  impl.RoleInfo (RoleInfo.java:shutdownFollowerState(121)) - bf55b3f9-6b09-4365-9d71-55289e083fa5: shutdown FollowerState
2019-10-16 18:02:14,665 [Thread-4469] INFO  impl.RaftServerImpl (RaftServerImpl.java:setRole(184)) - bf55b3f9-6b09-4365-9d71-55289e083fa5@group-EFD1D20A002C: changes role from  FOLLOWER to CANDIDATE at term 739 for changeToCandidate
2019-10-16 18:02:14,665 [Thread-4469] INFO  impl.RoleInfo (RoleInfo.java:updateAndGet(143)) - bf55b3f9-6b09-4365-9d71-55289e083fa5: start LeaderElection
2019-10-16 18:02:14,722 [bf55b3f9-6b09-4365-9d71-55289e083fa5@group-EFD1D20A002C-LeaderElection631] INFO  impl.LeaderElection (LeaderElection.java:askForVotes(178)) - bf55b3f9-6b09-4365-9d71-55289e083fa5@group-EFD1D20A002C-LeaderElection631: begin an election at term 740 for -1: [f4c54511-b161-4347-aec5-5236dc80a0d8:0.0.0.0:41238, 907b9765-214b-4864-b66a-d6e2a5789e5c:0.0.0.0:41650, bf55b3f9-6b09-4365-9d71-55289e083fa5:0.0.0.0:42441], old=null
2019-10-16 18:02:14,723 [grpc-default-executor-3] INFO  impl.RaftServerImpl (RaftServerImpl.java:setRole(184)) - f4c54511-b161-4347-aec5-5236dc80a0d8@group-EFD1D20A002C: changes role from  FOLLOWER to FOLLOWER at term 740 for recognizeCandidate:bf55b3f9-6b09-4365-9d71-55289e083fa5
2019-10-16 18:02:14,723 [grpc-default-executor-3] INFO  impl.RoleInfo (RoleInfo.java:shutdownFollowerState(121)) - f4c54511-b161-4347-aec5-5236dc80a0d8: shutdown FollowerState
2019-10-16 18:02:14,724 [grpc-default-executor-3] INFO  impl.RoleInfo (RoleInfo.java:updateAndGet(143)) - f4c54511-b161-4347-aec5-5236dc80a0d8: start FollowerState
2019-10-16 18:02:14,724 [grpc-default-executor-2] INFO  impl.RaftServerImpl (RaftServerImpl.java:setRole(184)) - 907b9765-214b-4864-b66a-d6e2a5789e5c@group-EFD1D20A002C: changes role from  FOLLOWER to FOLLOWER at term 740 for recognizeCandidate:bf55b3f9-6b09-4365-9d71-55289e083fa5
2019-10-16 18:02:14,724 [grpc-default-executor-2] INFO  impl.RoleInfo (RoleInfo.java:shutdownFollowerState(121)) - 907b9765-214b-4864-b66a-d6e2a5789e5c: shutdown FollowerState
2019-10-16 18:02:14,724 [Thread-4468] INFO  impl.FollowerState (FollowerState.java:run(117)) - f4c54511-b161-4347-aec5-5236dc80a0d8@group-EFD1D20A002C-FollowerState was interrupted: java.lang.InterruptedException: sleep interrupted
2019-10-16 18:02:14,724 [Thread-4467] INFO  impl.FollowerState (FollowerState.java:run(117)) - 907b9765-214b-4864-b66a-d6e2a5789e5c@group-EFD1D20A002C-FollowerState was interrupted: java.lang.InterruptedException: sleep interrupted
2019-10-16 18:02:14,724 [grpc-default-executor-2] INFO  impl.RoleInfo (RoleInfo.java:updateAndGet(143)) - 907b9765-214b-4864-b66a-d6e2a5789e5c: start FollowerState
2019-10-16 18:02:14,825 [bf55b3f9-6b09-4365-9d71-55289e083fa5@group-EFD1D20A002C-LeaderElection631] INFO  impl.LeaderElection (LeaderElection.java:logAndReturn(56)) - bf55b3f9-6b09-4365-9d71-55289e083fa5@group-EFD1D20A002C-LeaderElection631: Election TIMEOUT; received 0 response(s) [] and 0 exception(s); bf55b3f9-6b09-4365-9d71-55289e083fa5@group-EFD1D20A002C:t740, leader=null, voted=bf55b3f9-6b09-4365-9d71-55289e083fa5, raftlog=bf55b3f9-6b09-4365-9d71-55289e083fa5@group-EFD1D20A002C-SegmentedRaftLog:OPENED:c-1,f-1,i0, conf=-1: [f4c54511-b161-4347-aec5-5236dc80a0d8:0.0.0.0:41238, 907b9765-214b-4864-b66a-d6e2a5789e5c:0.0.0.0:41650, bf55b3f9-6b09-4365-9d71-55289e083fa5:0.0.0.0:42441], old=null
2019-10-16 18:02:14,935 [bf55b3f9-6b09-4365-9d71-55289e083fa5@group-EFD1D20A002C-LeaderElection631] INFO  impl.LeaderElection (LeaderElection.java:askForVotes(178)) - bf55b3f9-6b09-4365-9d71-55289e083fa5@group-EFD1D20A002C-LeaderElection631: begin an election at term 741 for -1: [f4c54511-b161-4347-aec5-5236dc80a0d8:0.0.0.0:41238, 907b9765-214b-4864-b66a-d6e2a5789e5c:0.0.0.0:41650, bf55b3f9-6b09-4365-9d71-55289e083fa5:0.0.0.0:42441], old=null
2019-10-16 18:02:14,937 [grpc-default-executor-3] INFO  impl.RaftServerImpl (RaftServerImpl.java:setRole(184)) - f4c54511-b161-4347-aec5-5236dc80a0d8@group-EFD1D20A002C: changes role from  FOLLOWER to FOLLOWER at term 741 for recognizeCandidate:bf55b3f9-6b09-4365-9d71-55289e083fa5
2019-10-16 18:02:14,937 [grpc-default-executor-3] INFO  impl.RoleInfo (RoleInfo.java:shutdownFollowerState(121)) - f4c54511-b161-4347-aec5-5236dc80a0d8: shutdown FollowerState
2019-10-16 18:02:14,937 [grpc-default-executor-2] INFO  impl.RaftServerImpl (RaftServerImpl.java:setRole(184)) - 907b9765-214b-4864-b66a-d6e2a5789e5c@group-EFD1D20A002C: changes role from  FOLLOWER to FOLLOWER at term 741 for recognizeCandidate:bf55b3f9-6b09-4365-9d71-55289e083fa5
2019-10-16 18:02:14,937 [grpc-default-executor-2] INFO  impl.RoleInfo (RoleInfo.java:shutdownFollowerState(121)) - 907b9765-214b-4864-b66a-d6e2a5789e5c: shutdown FollowerState
2019-10-16 18:02:14,937 [Thread-4473] INFO  impl.FollowerState (FollowerState.java:run(117)) - f4c54511-b161-4347-aec5-5236dc80a0d8@group-EFD1D20A002C-FollowerState was interrupted: java.lang.InterruptedException: sleep interrupted
2019-10-16 18:02:14,937 [grpc-default-executor-3] INFO  impl.RoleInfo (RoleInfo.java:updateAndGet(143)) - f4c54511-b161-4347-aec5-5236dc80a0d8: start FollowerState
2019-10-16 18:02:14,938 [Thread-4474] INFO  impl.FollowerState (FollowerState.java:run(117)) - 907b9765-214b-4864-b66a-d6e2a5789e5c@group-EFD1D20A002C-FollowerState was interrupted: java.lang.InterruptedException: sleep interrupted
2019-10-16 18:02:14,937 [grpc-default-executor-2] INFO  impl.RoleInfo (RoleInfo.java:updateAndGet(143)) - 907b9765-214b-4864-b66a-d6e2a5789e5c: start FollowerState
2019-10-16 18:02:14,981 [bf55b3f9-6b09-4365-9d71-55289e083fa5@group-EFD1D20A002C-LeaderElection631] INFO  impl.LeaderElection (LeaderElection.java:logAndReturn(56)) - bf55b3f9-6b09-4365-9d71-55289e083fa5@group-EFD1D20A002C-LeaderElection631: Election REJECTED; received 2 response(s) [bf55b3f9-6b09-4365-9d71-55289e083fa5<-f4c54511-b161-4347-aec5-5236dc80a0d8#0:FAIL-t741, bf55b3f9-6b09-4365-9d71-55289e083fa5<-907b9765-214b-4864-b66a-d6e2a5789e5c#0:FAIL-t741] and 0 exception(s); bf55b3f9-6b09-4365-9d71-55289e083fa5@group-EFD1D20A002C:t741, leader=null, voted=bf55b3f9-6b09-4365-9d71-55289e083fa5, raftlog=bf55b3f9-6b09-4365-9d71-55289e083fa5@group-EFD1D20A002C-SegmentedRaftLog:OPENED:c-1,f-1,i0, conf=-1: [f4c54511-b161-4347-aec5-5236dc80a0d8:0.0.0.0:41238, 907b9765-214b-4864-b66a-d6e2a5789e5c:0.0.0.0:41650, bf55b3f9-6b09-4365-9d71-55289e083fa5:0.0.0.0:42441], old=null
2019-10-16 18:02:14,982 [bf55b3f9-6b09-4365-9d71-55289e083fa5@group-EFD1D20A002C-LeaderElection631] INFO  impl.RaftServerImpl (RaftServerImpl.java:setRole(184)) - bf55b3f9-6b09-4365-9d71-55289e083fa5@group-EFD1D20A002C: changes role from CANDIDATE to FOLLOWER at term 741 for DISCOVERED_A_NEW_TERM
2019-10-16 18:02:14,982 [bf55b3f9-6b09-4365-9d71-55289e083fa5@group-EFD1D20A002C-LeaderElection631] INFO  impl.RoleInfo (RoleInfo.java:shutdownLeaderElection(134)) - bf55b3f9-6b09-4365-9d71-55289e083fa5: shutdown LeaderElection
2019-10-16 18:02:14,982 [bf55b3f9-6b09-4365-9d71-55289e083fa5@group-EFD1D20A002C-LeaderElection631] INFO  impl.RoleInfo (RoleInfo.java:updateAndGet(143)) - bf55b3f9-6b09-4365-9d71-55289e083fa5: start FollowerState
2019-10-16 18:02:15,103 [Thread-4479] INFO  impl.FollowerState (FollowerState.java:run(108)) - bf55b3f9-6b09-4365-9d71-55289e083fa5@group-EFD1D20A002C-FollowerState: change to CANDIDATE, lastRpcTime:121ms, electionTimeout:121ms
2019-10-16 18:02:15,104 [Thread-4479] INFO  impl.RoleInfo (RoleInfo.java:shutdownFollowerState(121)) - bf55b3f9-6b09-4365-9d71-55289e083fa5: shutdown FollowerState
2019-10-16 18:02:15,104 [Thread-4479] INFO  impl.RaftServerImpl (RaftServerImpl.java:setRole(184)) - bf55b3f9-6b09-4365-9d71-55289e083fa5@group-EFD1D20A002C: changes role from  FOLLOWER to CANDIDATE at term 741 for changeToCandidate
2019-10-16 18:02:15,104 [Thread-4479] INFO  impl.RoleInfo (RoleInfo.java:updateAndGet(143)) - bf55b3f9-6b09-4365-9d71-55289e083fa5: start LeaderElection
2019-10-16 18:02:15,144 [bf55b3f9-6b09-4365-9d71-55289e083fa5@group-EFD1D20A002C-LeaderElection632] INFO  impl.LeaderElection (LeaderElection.java:askForVotes(178)) - bf55b3f9-6b09-4365-9d71-55289e083fa5@group-EFD1D20A002C-LeaderElection632: begin an election at term 742 for -1: [f4c54511-b161-4347-aec5-5236dc80a0d8:0.0.0.0:41238, 907b9765-214b-4864-b66a-d6e2a5789e5c:0.0.0.0:41650, bf55b3f9-6b09-4365-9d71-55289e083fa5:0.0.0.0:42441], old=null
2019-10-16 18:02:15,146 [grpc-default-executor-2] INFO  impl.RaftServerImpl (RaftServerImpl.java:setRole(184)) - f4c54511-b161-4347-aec5-5236dc80a0d8@group-EFD1D20A002C: changes role from  FOLLOWER to FOLLOWER at term 742 for recognizeCandidate:bf55b3f9-6b09-4365-9d71-55289e083fa5
2019-10-16 18:02:15,146 [grpc-default-executor-2] INFO  impl.RoleInfo (RoleInfo.java:shutdownFollowerState(121)) - f4c54511-b161-4347-aec5-5236dc80a0d8: shutdown FollowerState
2019-10-16 18:02:15,146 [grpc-default-executor-2] INFO  impl.RoleInfo (RoleInfo.java:updateAndGet(143)) - f4c54511-b161-4347-aec5-5236dc80a0d8: start FollowerState
2019-10-16 18:02:15,146 [Thread-4477] INFO  impl.FollowerState (FollowerState.java:run(117)) - f4c54511-b161-4347-aec5-5236dc80a0d8@group-EFD1D20A002C-FollowerState was interrupted: java.lang.InterruptedException: sleep interrupted
2019-10-16 18:02:15,146 [grpc-default-executor-3] INFO  impl.RaftServerImpl (RaftServerImpl.java:setRole(184)) - 907b9765-214b-4864-b66a-d6e2a5789e5c@group-EFD1D20A002C: changes role from  FOLLOWER to FOLLOWER at term 742 for recognizeCandidate:bf55b3f9-6b09-4365-9d71-55289e083fa5
2019-10-16 18:02:15,147 [grpc-default-executor-3] INFO  impl.RoleInfo (RoleInfo.java:shutdownFollowerState(121)) - 907b9765-214b-4864-b66a-d6e2a5789e5c: shutdown FollowerState
2019-10-16 18:02:15,147 [grpc-default-executor-3] INFO  impl.RoleInfo (RoleInfo.java:updateAndGet(143)) - 907b9765-214b-4864-b66a-d6e2a5789e5c: start FollowerState
2019-10-16 18:02:15,147 [Thread-4478] INFO  impl.FollowerState (FollowerState.java:run(117)) - 907b9765-214b-4864-b66a-d6e2a5789e5c@group-EFD1D20A002C-FollowerState was interrupted: java.lang.InterruptedException: sleep interrupted
2019-10-16 18:02:15,187 [bf55b3f9-6b09-4365-9d71-55289e083fa5@group-EFD1D20A002C-LeaderElection632] INFO  impl.LeaderElection (LeaderElection.java:logAndReturn(56)) - bf55b3f9-6b09-4365-9d71-55289e083fa5@group-EFD1D20A002C-LeaderElection632: Election REJECTED; received 2 response(s) [bf55b3f9-6b09-4365-9d71-55289e083fa5<-f4c54511-b161-4347-aec5-5236dc80a0d8#0:FAIL-t742, bf55b3f9-6b09-4365-9d71-55289e083fa5<-907b9765-214b-4864-b66a-d6e2a5789e5c#0:FAIL-t742] and 0 exception(s); bf55b3f9-6b09-4365-9d71-55289e083fa5@group-EFD1D20A002C:t742, leader=null, voted=bf55b3f9-6b09-4365-9d71-55289e083fa5, raftlog=bf55b3f9-6b09-4365-9d71-55289e083fa5@group-EFD1D20A002C-SegmentedRaftLog:OPENED:c-1,f-1,i0, conf=-1: [f4c54511-b161-4347-aec5-5236dc80a0d8:0.0.0.0:41238, 907b9765-214b-4864-b66a-d6e2a5789e5c:0.0.0.0:41650, bf55b3f9-6b09-4365-9d71-55289e083fa5:0.0.0.0:42441], old=null
2019-10-16 18:02:15,187 [bf55b3f9-6b09-4365-9d71-55289e083fa5@group-EFD1D20A002C-LeaderElection632] INFO  impl.RaftServerImpl (RaftServerImpl.java:setRole(184)) - bf55b3f9-6b09-4365-9d71-55289e083fa5@group-EFD1D20A002C: changes role from CANDIDATE to FOLLOWER at term 742 for DISCOVERED_A_NEW_TERM
2019-10-16 18:02:15,188 [bf55b3f9-6b09-4365-9d71-55289e083fa5@group-EFD1D20A002C-LeaderElection632] INFO  impl.RoleInfo (RoleInfo.java:shutdownLeaderElection(134)) - bf55b3f9-6b09-4365-9d71-55289e083fa5: shutdown LeaderElection
2019-10-16 18:02:15,188 [bf55b3f9-6b09-4365-9d71-55289e083fa5@group-EFD1D20A002C-LeaderElection632] INFO  impl.RoleInfo (RoleInfo.java:updateAndGet(143)) - bf55b3f9-6b09-4365-9d71-55289e083fa5: start FollowerState
2019-10-16 18:02:15,279 [Thread-4485] INFO  impl.FollowerState (FollowerState.java:run(108)) - bf55b3f9-6b09-4365-9d71-55289e083fa5@group-EFD1D20A002C-FollowerState: change to CANDIDATE, lastRpcTime:91ms, electionTimeout:91ms
2019-10-16 18:02:15,279 [Thread-4485] INFO  impl.RoleInfo (RoleInfo.java:shutdownFollowerState(121)) - bf55b3f9-6b09-4365-9d71-55289e083fa5: shutdown FollowerState
2019-10-16 18:02:15,279 [Thread-4485] INFO  impl.RaftServerImpl (RaftServerImpl.java:setRole(184)) - bf55b3f9-6b09-4365-9d71-55289e083fa5@group-EFD1D20A002C: changes role from  FOLLOWER to CANDIDATE at term 742 for changeToCandidate
2019-10-16 18:02:15,279 [Thread-4485] INFO  impl.RoleInfo (RoleInfo.java:updateAndGet(143)) - bf55b3f9-6b09-4365-9d71-55289e083fa5: start LeaderElection
2019-10-16 18:02:15,303 [bf55b3f9-6b09-4365-9d71-55289e083fa5@group-EFD1D20A002C-LeaderElection633] INFO  impl.LeaderElection (LeaderElection.java:askForVotes(178)) - bf55b3f9-6b09-4365-9d71-55289e083fa5@group-EFD1D20A002C-LeaderElection633: begin an election at term 743 for -1: [f4c54511-b161-4347-aec5-5236dc80a0d8:0.0.0.0:41238, 907b9765-214b-4864-b66a-d6e2a5789e5c:0.0.0.0:41650, bf55b3f9-6b09-4365-9d71-55289e083fa5:0.0.0.0:42441], old=null
2019-10-16 18:02:15,305 [grpc-default-executor-2] INFO  impl.RaftServerImpl (RaftServerImpl.java:setRole(184)) - 907b9765-214b-4864-b66a-d6e2a5789e5c@group-EFD1D20A002C: changes role from  FOLLOWER to FOLLOWER at term 743 for recognizeCandidate:bf55b3f9-6b09-4365-9d71-55289e083fa5
2019-10-16 18:02:15,305 [grpc-default-executor-2] INFO  impl.RoleInfo (RoleInfo.java:shutdownFollowerState(121)) - 907b9765-214b-4864-b66a-d6e2a5789e5c: shutdown FollowerState
2019-10-16 18:02:15,305 [grpc-default-executor-3] INFO  impl.RaftServerImpl (RaftServerImpl.java:setRole(184)) - f4c54511-b161-4347-aec5-5236dc80a0d8@group-EFD1D20A002C: changes role from  FOLLOWER to FOLLOWER at term 743 for recognizeCandidate:bf55b3f9-6b09-4365-9d71-55289e083fa5
2019-10-16 18:02:15,305 [Thread-4484] INFO  impl.FollowerState (FollowerState.java:run(117)) - 907b9765-214b-4864-b66a-d6e2a5789e5c@group-EFD1D20A002C-FollowerState was interrupted: java.lang.InterruptedException: sleep interrupted
2019-10-16 18:02:15,305 [grpc-default-executor-2] INFO  impl.RoleInfo (RoleInfo.java:updateAndGet(143)) - 907b9765-214b-4864-b66a-d6e2a5789e5c: start FollowerState
2019-10-16 18:02:15,305 [grpc-default-executor-3] INFO  impl.RoleInfo (RoleInfo.java:shutdownFollowerState(121)) - f4c54511-b161-4347-aec5-5236dc80a0d8: shutdown FollowerState
2019-10-16 18:02:15,306 [grpc-default-executor-3] INFO  impl.RoleInfo (RoleInfo.java:updateAndGet(143)) - f4c54511-b161-4347-aec5-5236dc80a0d8: start FollowerState
2019-10-16 18:02:15,306 [Thread-4483] INFO  impl.FollowerState (FollowerState.java:run(117)) - f4c54511-b161-4347-aec5-5236dc80a0d8@group-EFD1D20A002C-FollowerState was interrupted: java.lang.InterruptedException: sleep interrupted
2019-10-16 18:02:15,329 [bf55b3f9-6b09-4365-9d71-55289e083fa5@group-EFD1D20A002C-LeaderElection633] INFO  impl.LeaderElection (LeaderElection.java:logAndReturn(56)) - bf55b3f9-6b09-4365-9d71-55289e083fa5@group-EFD1D20A002C-LeaderElection633: Election REJECTED; received 2 response(s) [bf55b3f9-6b09-4365-9d71-55289e083fa5<-f4c54511-b161-4347-aec5-5236dc80a0d8#0:FAIL-t743, bf55b3f9-6b09-4365-9d71-55289e083fa5<-907b9765-214b-4864-b66a-d6e2a5789e5c#0:FAIL-t743] and 0 exception(s); bf55b3f9-6b09-4365-9d71-55289e083fa5@group-EFD1D20A002C:t743, leader=null, voted=bf55b3f9-6b09-4365-9d71-55289e083fa5, raftlog=bf55b3f9-6b09-4365-9d71-55289e083fa5@group-EFD1D20A002C-SegmentedRaftLog:OPENED:c-1,f-1,i0, conf=-1: [f4c54511-b161-4347-aec5-5236dc80a0d8:0.0.0.0:41238, 907b9765-214b-4864-b66a-d6e2a5789e5c:0.0.0.0:41650, bf55b3f9-6b09-4365-9d71-55289e083fa5:0.0.0.0:42441], old=null
2019-10-16 18:02:15,330 [bf55b3f9-6b09-4365-9d71-55289e083fa5@group-EFD1D20A002C-LeaderElection633] INFO  impl.RaftServerImpl (RaftServerImpl.java:setRole(184)) - bf55b3f9-6b09-4365-9d71-55289e083fa5@group-EFD1D20A002C: changes role from CANDIDATE to FOLLOWER at term 743 for DISCOVERED_A_NEW_TERM
2019-10-16 18:02:15,330 [bf55b3f9-6b09-4365-9d71-55289e083fa5@group-EFD1D20A002C-LeaderElection633] INFO  impl.RoleInfo (RoleInfo.java:shutdownLeaderElection(134)) - bf55b3f9-6b09-4365-9d71-55289e083fa5: shutdown LeaderElection
2019-10-16 18:02:15,330 [bf55b3f9-6b09-4365-9d71-55289e083fa5@group-EFD1D20A002C-LeaderElection633] INFO  impl.RoleInfo (RoleInfo.java:updateAndGet(143)) - bf55b3f9-6b09-4365-9d71-55289e083fa5: start FollowerState
2019-10-16 18:02:15,480 [Thread-4491] INFO  impl.FollowerState (FollowerState.java:run(108)) - bf55b3f9-6b09-4365-9d71-55289e083fa5@group-EFD1D20A002C-FollowerState: change to CANDIDATE, lastRpcTime:150ms, electionTimeout:150ms
2019-10-16 18:02:15,481 [Thread-4491] INFO  impl.RoleInfo (RoleInfo.java:shutdownFollowerState(121)) - bf55b3f9-6b09-4365-9d71-55289e083fa5: shutdown FollowerState
2019-10-16 18:02:15,481 [Thread-4491] INFO  impl.RaftServerImpl (RaftServerImpl.java:setRole(184)) - bf55b3f9-6b09-4365-9d71-55289e083fa5@group-EFD1D20A002C: changes role from  FOLLOWER to CANDIDATE at term 743 for changeToCandidate
2019-10-16 18:02:15,481 [Thread-4491] INFO  impl.RoleInfo (RoleInfo.java:updateAndGet(143)) - bf55b3f9-6b09-4365-9d71-55289e083fa5: start LeaderElection
2019-10-16 18:02:15,505 [bf55b3f9-6b09-4365-9d71-55289e083fa5@group-EFD1D20A002C-LeaderElection634] INFO  impl.LeaderElection (LeaderElection.java:askForVotes(178)) - bf55b3f9-6b09-4365-9d71-55289e083fa5@group-EFD1D20A002C-LeaderElection634: begin an election at term 744 for -1: [f4c54511-b161-4347-aec5-5236dc80a0d8:0.0.0.0:41238, 907b9765-214b-4864-b66a-d6e2a5789e5c:0.0.0.0:41650, bf55b3f9-6b09-4365-9d71-55289e083fa5:0.0.0.0:42441], old=null
2019-10-16 18:02:15,506 [grpc-default-executor-2] INFO  impl.RaftServerImpl (RaftServerImpl.java:setRole(184)) - f4c54511-b161-4347-aec5-5236dc80a0d8@group-EFD1D20A002C: changes role from  FOLLOWER to FOLLOWER at term 744 for recognizeCandidate:bf55b3f9-6b09-4365-9d71-55289e083fa5
2019-10-16 18:02:15,507 [grpc-default-executor-2] INFO  impl.RoleInfo (RoleInfo.java:shutdownFollowerState(121)) - f4c54511-b161-4347-aec5-5236dc80a0d8: shutdown FollowerState
2019-10-16 18:02:15,507 [grpc-default-executor-0] INFO  impl.RaftServerImpl (RaftServerImpl.java:setRole(184)) - 907b9765-214b-4864-b66a-d6e2a5789e5c@group-EFD1D20A002C: changes role from  FOLLOWER to FOLLOWER at term 744 for recognizeCandidate:bf55b3f9-6b09-4365-9d71-55289e083fa5
2019-10-16 18:02:15,507 [grpc-default-executor-0] INFO  impl.RoleInfo (RoleInfo.java:shutdownFollowerState(121)) - 907b9765-214b-4864-b66a-d6e2a5789e5c: shutdown FollowerState
2019-10-16 18:02:15,507 [Thread-4490] INFO  impl.FollowerState (FollowerState.java:run(117)) - f4c54511-b161-4347-aec5-5236dc80a0d8@group-EFD1D20A002C-FollowerState was interrupted: java.lang.InterruptedException: sleep interrupted
2019-10-16 18:02:15,507 [grpc-default-executor-2] INFO  impl.RoleInfo (RoleInfo.java:updateAndGet(143)) - f4c54511-b161-4347-aec5-5236dc80a0d8: start FollowerState
2019-10-16 18:02:15,507 [Thread-4489] INFO  impl.FollowerState (FollowerState.java:run(117)) - 907b9765-214b-4864-b66a-d6e2a5789e5c@group-EFD1D20A002C-FollowerState was interrupted: java.lang.InterruptedException: sleep interrupted
2019-10-16 18:02:15,507 [grpc-default-executor-0] INFO  impl.RoleInfo (RoleInfo.java:updateAndGet(143)) - 907b9765-214b-4864-b66a-d6e2a5789e5c: start FollowerState
2019-10-16 18:02:15,529 [bf55b3f9-6b09-4365-9d71-55289e083fa5@group-EFD1D20A002C-LeaderElection634] INFO  impl.LeaderElection (LeaderElection.java:logAndReturn(56)) - bf55b3f9-6b09-4365-9d71-55289e083fa5@group-EFD1D20A002C-LeaderElection634: Election REJECTED; received 2 response(s) [bf55b3f9-6b09-4365-9d71-55289e083fa5<-f4c54511-b161-4347-aec5-5236dc80a0d8#0:FAIL-t744, bf55b3f9-6b09-4365-9d71-55289e083fa5<-907b9765-214b-4864-b66a-d6e2a5789e5c#0:FAIL-t744] and 0 exception(s); bf55b3f9-6b09-4365-9d71-55289e083fa5@group-EFD1D20A002C:t744, leader=null, voted=bf55b3f9-6b09-4365-9d71-55289e083fa5, raftlog=bf55b3f9-6b09-4365-9d71-55289e083fa5@group-EFD1D20A002C-SegmentedRaftLog:OPENED:c-1,f-1,i0, conf=-1: [f4c54511-b161-4347-aec5-5236dc80a0d8:0.0.0.0:41238, 907b9765-214b-4864-b66a-d6e2a5789e5c:0.0.0.0:41650, bf55b3f9-6b09-4365-9d71-55289e083fa5:0.0.0.0:42441], old=null
2019-10-16 18:02:15,529 [bf55b3f9-6b09-4365-9d71-55289e083fa5@group-EFD1D20A002C-LeaderElection634] INFO  impl.RaftServerImpl (RaftServerImpl.java:setRole(184)) - bf55b3f9-6b09-4365-9d71-55289e083fa5@group-EFD1D20A002C: changes role from CANDIDATE to FOLLOWER at term 744 for DISCOVERED_A_NEW_TERM
2019-10-16 18:02:15,529 [bf55b3f9-6b09-4365-9d71-55289e083fa5@group-EFD1D20A002C-LeaderElection634] INFO  impl.RoleInfo (RoleInfo.java:shutdownLeaderElection(134)) - bf55b3f9-6b09-4365-9d71-55289e083fa5: shutdown LeaderElection
2019-10-16 18:02:15,530 [bf55b3f9-6b09-4365-9d71-55289e083fa5@group-EFD1D20A002C-LeaderElection634] INFO  impl.RoleInfo (RoleInfo.java:updateAndGet(143)) - bf55b3f9-6b09-4365-9d71-55289e083fa5: start FollowerState
2019-10-16 18:02:15,606 [Thread-4499] INFO  impl.FollowerState (FollowerState.java:run(108)) - bf55b3f9-6b09-4365-9d71-55289e083fa5@group-EFD1D20A002C-FollowerState: change to CANDIDATE, lastRpcTime:76ms, electionTimeout:76ms
2019-10-16 18:02:15,606 [Thread-4499] INFO  impl.RoleInfo (RoleInfo.java:shutdownFollowerState(121)) - bf55b3f9-6b09-4365-9d71-55289e083fa5: shutdown FollowerState
2019-10-16 18:02:15,606 [Thread-4499] INFO  impl.RaftServerImpl (RaftServerImpl.java:setRole(184)) - bf55b3f9-6b09-4365-9d71-55289e083fa5@group-EFD1D20A002C: changes role from  FOLLOWER to CANDIDATE at term 744 for changeToCandidate
2019-10-16 18:02:15,606 [Thread-4499] INFO  impl.RoleInfo (RoleInfo.java:updateAndGet(143)) - bf55b3f9-6b09-4365-9d71-55289e083fa5: start LeaderElection
2019-10-16 18:02:15,629 [bf55b3f9-6b09-4365-9d71-55289e083fa5@group-EFD1D20A002C-LeaderElection635] INFO  impl.LeaderElection (LeaderElection.java:askForVotes(178)) - bf55b3f9-6b09-4365-9d71-55289e083fa5@group-EFD1D20A002C-LeaderElection635: begin an election at term 745 for -1: [f4c54511-b161-4347-aec5-5236dc80a0d8:0.0.0.0:41238, 907b9765-214b-4864-b66a-d6e2a5789e5c:0.0.0.0:41650, bf55b3f9-6b09-4365-9d71-55289e083fa5:0.0.0.0:42441], old=null
2019-10-16 18:02:15,632 [grpc-default-executor-0] INFO  impl.RaftServerImpl (RaftServerImpl.java:setRole(184)) - f4c54511-b161-4347-aec5-5236dc80a0d8@group-EFD1D20A002C: changes role from  FOLLOWER to FOLLOWER at term 745 for recognizeCandidate:bf55b3f9-6b09-4365-9d71-55289e083fa5
2019-10-16 18:02:15,632 [grpc-default-executor-2] INFO  impl.RaftServerImpl (RaftServerImpl.java:setRole(184)) - 907b9765-214b-4864-b66a-d6e2a5789e5c@group-EFD1D20A002C: changes role from  FOLLOWER to FOLLOWER at term 745 for recognizeCandidate:bf55b3f9-6b09-4365-9d71-55289e083fa5
2019-10-16 18:02:15,632 [grpc-default-executor-2] INFO  impl.RoleInfo (RoleInfo.java:shutdownFollowerState(121)) - 907b9765-214b-4864-b66a-d6e2a5789e5c: shutdown FollowerState
2019-10-16 18:02:15,632 [grpc-default-executor-0] INFO  impl.RoleInfo (RoleInfo.java:shutdownFollowerState(121)) - f4c54511-b161-4347-aec5-5236dc80a0d8: shutdown FollowerState
2019-10-16 18:02:15,632 [Thread-4498] INFO  impl.FollowerState (FollowerState.java:run(117)) - 907b9765-214b-4864-b66a-d6e2a5789e5c@group-EFD1D20A002C-FollowerState was interrupted: java.lang.InterruptedException: sleep interrupted
2019-10-16 18:02:15,632 [grpc-default-executor-2] INFO  impl.RoleInfo (RoleInfo.java:updateAndGet(143)) - 907b9765-214b-4864-b66a-d6e2a5789e5c: start FollowerState
2019-10-16 18:02:15,633 [Thread-4497] INFO  impl.FollowerState (FollowerState.java:run(117)) - f4c54511-b161-4347-aec5-5236dc80a0d8@group-EFD1D20A002C-FollowerState was interrupted: java.lang.InterruptedException: sleep interrupted
2019-10-16 18:02:15,633 [grpc-default-executor-0] INFO  impl.RoleInfo (RoleInfo.java:updateAndGet(143)) - f4c54511-b161-4347-aec5-5236dc80a0d8: start FollowerState
2019-10-16 18:02:15,656 [bf55b3f9-6b09-4365-9d71-55289e083fa5@group-EFD1D20A002C-LeaderElection635] INFO  impl.LeaderElection (LeaderElection.java:logAndReturn(56)) - bf55b3f9-6b09-4365-9d71-55289e083fa5@group-EFD1D20A002C-LeaderElection635: Election REJECTED; received 2 response(s) [bf55b3f9-6b09-4365-9d71-55289e083fa5<-f4c54511-b161-4347-aec5-5236dc80a0d8#0:FAIL-t745, bf55b3f9-6b09-4365-9d71-55289e083fa5<-907b9765-214b-4864-b66a-d6e2a5789e5c#0:FAIL-t745] and 0 exception(s); bf55b3f9-6b09-4365-9d71-55289e083fa5@group-EFD1D20A002C:t745, leader=null, voted=bf55b3f9-6b09-4365-9d71-55289e083fa5, raftlog=bf55b3f9-6b09-4365-9d71-55289e083fa5@group-EFD1D20A002C-SegmentedRaftLog:OPENED:c-1,f-1,i0, conf=-1: [f4c54511-b161-4347-aec5-5236dc80a0d8:0.0.0.0:41238, 907b9765-214b-4864-b66a-d6e2a5789e5c:0.0.0.0:41650, bf55b3f9-6b09-4365-9d71-55289e083fa5:0.0.0.0:42441], old=null
2019-10-16 18:02:15,656 [bf55b3f9-6b09-4365-9d71-55289e083fa5@group-EFD1D20A002C-LeaderElection635] INFO  impl.RaftServerImpl (RaftServerImpl.java:setRole(184)) - bf55b3f9-6b09-4365-9d71-55289e083fa5@group-EFD1D20A002C: changes role from CANDIDATE to FOLLOWER at term 745 for DISCOVERED_A_NEW_TERM
2019-10-16 18:02:15,656 [bf55b3f9-6b09-4365-9d71-55289e083fa5@group-EFD1D20A002C-LeaderElection635] INFO  impl.RoleInfo (RoleInfo.java:shutdownLeaderElection(134)) - bf55b3f9-6b09-4365-9d71-55289e083fa5: shutdown LeaderElection
2019-10-16 18:02:15,656 [bf55b3f9-6b09-4365-9d71-55289e083fa5@group-EFD1D20A002C-LeaderElection635] INFO  impl.RoleInfo (RoleInfo.java:updateAndGet(143)) - bf55b3f9-6b09-4365-9d71-55289e083fa5: start FollowerState
2019-10-16 18:02:15,789 [Thread-4505] INFO  impl.FollowerState (FollowerState.java:run(108)) - bf55b3f9-6b09-4365-9d71-55289e083fa5@group-EFD1D20A002C-FollowerState: change to CANDIDATE, lastRpcTime:132ms, electionTimeout:132ms
2019-10-16 18:02:15,789 [Thread-4505] INFO  impl.RoleInfo (RoleInfo.java:shutdownFollowerState(121)) - bf55b3f9-6b09-4365-9d71-55289e083fa5: shutdown FollowerState
2019-10-16 18:02:15,789 [Thread-4505] INFO  impl.RaftServerImpl (RaftServerImpl.java:setRole(184)) - bf55b3f9-6b09-4365-9d71-55289e083fa5@group-EFD1D20A002C: changes role from  FOLLOWER to CANDIDATE at term 745 for changeToCandidate
2019-10-16 18:02:15,789 [Thread-4505] INFO  impl.RoleInfo (RoleInfo.java:updateAndGet(143)) - bf55b3f9-6b09-4365-9d71-55289e083fa5: start LeaderElection
2019-10-16 18:02:15,815 [bf55b3f9-6b09-4365-9d71-55289e083fa5@group-EFD1D20A002C-LeaderElection636] INFO  impl.LeaderElection (LeaderElection.java:askForVotes(178)) - bf55b3f9-6b09-4365-9d71-55289e083fa5@group-EFD1D20A002C-LeaderElection636: begin an election at term 746 for -1: [f4c54511-b161-4347-aec5-5236dc80a0d8:0.0.0.0:41238, 907b9765-214b-4864-b66a-d6e2a5789e5c:0.0.0.0:41650, bf55b3f9-6b09-4365-9d71-55289e083fa5:0.0.0.0:42441], old=null
2019-10-16 18:02:15,817 [grpc-default-executor-2] INFO  impl.RaftServerImpl (RaftServerImpl.java:setRole(184)) - f4c54511-b161-4347-aec5-5236dc80a0d8@group-EFD1D20A002C: changes role from  FOLLOWER to FOLLOWER at term 746 for recognizeCandidate:bf55b3f9-6b09-4365-9d71-55289e083fa5
2019-10-16 18:02:15,817 [grpc-default-executor-2] INFO  impl.RoleInfo (RoleInfo.java:shutdownFollowerState(121)) - f4c54511-b161-4347-aec5-5236dc80a0d8: shutdown FollowerState
2019-10-16 18:02:15,817 [grpc-default-executor-0] INFO  impl.RaftServerImpl (RaftServerImpl.java:setRole(184)) - 907b9765-214b-4864-b66a-d6e2a5789e5c@group-EFD1D20A002C: changes role from  FOLLOWER to FOLLOWER at term 746 for recognizeCandidate:bf55b3f9-6b09-4365-9d71-55289e083fa5
2019-10-16 18:02:15,817 [grpc-default-executor-0] INFO  impl.RoleInfo (RoleInfo.java:shutdownFollowerState(121)) - 907b9765-214b-4864-b66a-d6e2a5789e5c: shutdown FollowerState
2019-10-16 18:02:15,817 [Thread-4504] INFO  impl.FollowerState (FollowerState.java:run(117)) - f4c54511-b161-4347-aec5-5236dc80a0d8@group-EFD1D20A002C-FollowerState was interrupted: java.lang.InterruptedException: sleep interrupted
2019-10-16 18:02:15,818 [Thread-4503] INFO  impl.FollowerState (FollowerState.java:run(117)) - 907b9765-214b-4864-b66a-d6e2a5789e5c@group-EFD1D20A002C-FollowerState was interrupted: java.lang.InterruptedException: sleep interrupted
2019-10-16 18:02:15,817 [grpc-default-executor-2] INFO  impl.RoleInfo (RoleInfo.java:updateAndGet(143)) - f4c54511-b161-4347-aec5-5236dc80a0d8: start FollowerState
2019-10-16 18:02:15,817 [grpc-default-executor-0] INFO  impl.RoleInfo (RoleInfo.java:updateAndGet(143)) - 907b9765-214b-4864-b66a-d6e2a5789e5c: start FollowerState
2019-10-16 18:02:15,841 [bf55b3f9-6b09-4365-9d71-55289e083fa5@group-EFD1D20A002C-LeaderElection636] INFO  impl.LeaderElection (LeaderElection.java:logAndReturn(56)) - bf55b3f9-6b09-4365-9d71-55289e083fa5@group-EFD1D20A002C-LeaderElection636: Election REJECTED; received 2 response(s) [bf55b3f9-6b09-4365-9d71-55289e083fa5<-f4c54511-b161-4347-aec5-5236dc80a0d8#0:FAIL-t746, bf55b3f9-6b09-4365-9d71-55289e083fa5<-907b9765-214b-4864-b66a-d6e2a5789e5c#0:FAIL-t746] and 0 exception(s); bf55b3f9-6b09-4365-9d71-55289e083fa5@group-EFD1D20A002C:t746, leader=null, voted=bf55b3f9-6b09-4365-9d71-55289e083fa5, raftlog=bf55b3f9-6b09-4365-9d71-55289e083fa5@group-EFD1D20A002C-SegmentedRaftLog:OPENED:c-1,f-1,i0, conf=-1: [f4c54511-b161-4347-aec5-5236dc80a0d8:0.0.0.0:41238, 907b9765-214b-4864-b66a-d6e2a5789e5c:0.0.0.0:41650, bf55b3f9-6b09-4365-9d71-55289e083fa5:0.0.0.0:42441], old=null
2019-10-16 18:02:15,841 [bf55b3f9-6b09-4365-9d71-55289e083fa5@group-EFD1D20A002C-LeaderElection636] INFO  impl.RaftServerImpl (RaftServerImpl.java:setRole(184)) - bf55b3f9-6b09-4365-9d71-55289e083fa5@group-EFD1D20A002C: changes role from CANDIDATE to FOLLOWER at term 746 for DISCOVERED_A_NEW_TERM
2019-10-16 18:02:15,841 [bf55b3f9-6b09-4365-9d71-55289e083fa5@group-EFD1D20A002C-LeaderElection636] INFO  impl.RoleInfo (RoleInfo.java:shutdownLeaderElection(134)) - bf55b3f9-6b09-4365-9d71-55289e083fa5: shutdown LeaderElection
2019-10-16 18:02:15,842 [bf55b3f9-6b09-4365-9d71-55289e083fa5@group-EFD1D20A002C-LeaderElection636] INFO  impl.RoleInfo (RoleInfo.java:updateAndGet(143)) - bf55b3f9-6b09-4365-9d71-55289e083fa5: start FollowerState
2019-10-16 18:02:15,877 [Thread-4511] INFO  impl.FollowerState (FollowerState.java:run(108)) - bf55b3f9-6b09-4365-9d71-55289e083fa5@group-EFD1D20A002C-FollowerState: change to CANDIDATE, lastRpcTime:35ms, electionTimeout:35ms
2019-10-16 18:02:15,877 [Thread-4511] INFO  impl.RoleInfo (RoleInfo.java:shutdownFollowerState(121)) - bf55b3f9-6b09-4365-9d71-55289e083fa5: shutdown FollowerState
2019-10-16 18:02:15,877 [Thread-4511] INFO  impl.RaftServerImpl (RaftServerImpl.java:setRole(184)) - bf55b3f9-6b09-4365-9d71-55289e083fa5@group-EFD1D20A002C: changes role from  FOLLOWER to CANDIDATE at term 746 for changeToCandidate
2019-10-16 18:02:15,877 [Thread-4511] INFO  impl.RoleInfo (RoleInfo.java:updateAndGet(143)) - bf55b3f9-6b09-4365-9d71-55289e083fa5: start LeaderElection
2019-10-16 18:02:15,891 [bf55b3f9-6b09-4365-9d71-55289e083fa5@group-EFD1D20A002C-LeaderElection637] INFO  impl.LeaderElection (LeaderElection.java:askForVotes(178)) - bf55b3f9-6b09-4365-9d71-55289e083fa5@group-EFD1D20A002C-LeaderElection637: begin an election at term 747 for -1: [f4c54511-b161-4347-aec5-5236dc80a0d8:0.0.0.0:41238, 907b9765-214b-4864-b66a-d6e2a5789e5c:0.0.0.0:41650, bf55b3f9-6b09-4365-9d71-55289e083fa5:0.0.0.0:42441], old=null
2019-10-16 18:02:15,893 [grpc-default-executor-0] INFO  impl.RaftServerImpl (RaftServerImpl.java:setRole(184)) - f4c54511-b161-4347-aec5-5236dc80a0d8@group-EFD1D20A002C: changes role from  FOLLOWER to FOLLOWER at term 747 for recognizeCandidate:bf55b3f9-6b09-4365-9d71-55289e083fa5
2019-10-16 18:02:15,893 [grpc-default-executor-0] INFO  impl.RoleInfo (RoleInfo.java:shutdownFollowerState(121)) - f4c54511-b161-4347-aec5-5236dc80a0d8: shutdown FollowerState
2019-10-16 18:02:15,893 [grpc-default-executor-2] INFO  impl.RaftServerImpl (RaftServerImpl.java:setRole(184)) - 907b9765-214b-4864-b66a-d6e2a5789e5c@group-EFD1D20A002C: changes role from  FOLLOWER to FOLLOWER at term 747 for recognizeCandidate:bf55b3f9-6b09-4365-9d71-55289e083fa5
2019-10-16 18:02:15,893 [Thread-4509] INFO  impl.FollowerState (FollowerState.java:run(117)) - f4c54511-b161-4347-aec5-5236dc80a0d8@group-EFD1D20A002C-FollowerState was interrupted: java.lang.InterruptedException: sleep interrupted
2019-10-16 18:02:15,893 [grpc-default-executor-0] INFO  impl.RoleInfo (RoleInfo.java:updateAndGet(143)) - f4c54511-b161-4347-aec5-5236dc80a0d8: start FollowerState
2019-10-16 18:02:15,894 [grpc-default-executor-2] INFO  impl.RoleInfo (RoleInfo.java:shutdownFollowerState(121)) - 907b9765-214b-4864-b66a-d6e2a5789e5c: shutdown FollowerState
2019-10-16 18:02:15,894 [grpc-default-executor-2] INFO  impl.RoleInfo (RoleInfo.java:updateAndGet(143)) - 907b9765-214b-4864-b66a-d6e2a5789e5c: start FollowerState
2019-10-16 18:02:15,894 [Thread-4510] INFO  impl.FollowerState (FollowerState.java:run(117)) - 907b9765-214b-4864-b66a-d6e2a5789e5c@group-EFD1D20A002C-FollowerState was interrupted: java.lang.InterruptedException: sleep interrupted
2019-10-16 18:02:15,917 [bf55b3f9-6b09-4365-9d71-55289e083fa5@group-EFD1D20A002C-LeaderElection637] INFO  impl.LeaderElection (LeaderElection.java:logAndReturn(56)) - bf55b3f9-6b09-4365-9d71-55289e083fa5@group-EFD1D20A002C-LeaderElection637: Election REJECTED; received 2 response(s) [bf55b3f9-6b09-4365-9d71-55289e083fa5<-f4c54511-b161-4347-aec5-5236dc80a0d8#0:FAIL-t747, bf55b3f9-6b09-4365-9d71-55289e083fa5<-907b9765-214b-4864-b66a-d6e2a5789e5c#0:FAIL-t747] and 0 exception(s); bf55b3f9-6b09-4365-9d71-55289e083fa5@group-EFD1D20A002C:t747, leader=null, voted=bf55b3f9-6b09-4365-9d71-55289e083fa5, raftlog=bf55b3f9-6b09-4365-9d71-55289e083fa5@group-EFD1D20A002C-SegmentedRaftLog:OPENED:c-1,f-1,i0, conf=-1: [f4c54511-b161-4347-aec5-5236dc80a0d8:0.0.0.0:41238, 907b9765-214b-4864-b66a-d6e2a5789e5c:0.0.0.0:41650, bf55b3f9-6b09-4365-9d71-55289e083fa5:0.0.0.0:42441], old=null
2019-10-16 18:02:15,917 [bf55b3f9-6b09-4365-9d71-55289e083fa5@group-EFD1D20A002C-LeaderElection637] INFO  impl.RaftServerImpl (RaftServerImpl.java:setRole(184)) - bf55b3f9-6b09-4365-9d71-55289e083fa5@group-EFD1D20A002C: changes role from CANDIDATE to FOLLOWER at term 747 for DISCOVERED_A_NEW_TERM
2019-10-16 18:02:15,918 [bf55b3f9-6b09-4365-9d71-55289e083fa5@group-EFD1D20A002C-LeaderElection637] INFO  impl.RoleInfo (RoleInfo.java:shutdownLeaderElection(134)) - bf55b3f9-6b09-4365-9d71-55289e083fa5: shutdown LeaderElection
2019-10-16 18:02:15,918 [bf55b3f9-6b09-4365-9d71-55289e083fa5@group-EFD1D20A002C-LeaderElection637] INFO  impl.RoleInfo (RoleInfo.java:updateAndGet(143)) - bf55b3f9-6b09-4365-9d71-55289e083fa5: start FollowerState
2019-10-16 18:02:16,090 [Thread-4517] INFO  impl.FollowerState (FollowerState.java:run(108)) - bf55b3f9-6b09-4365-9d71-55289e083fa5@group-EFD1D20A002C-FollowerState: change to CANDIDATE, lastRpcTime:172ms, electionTimeout:172ms
2019-10-16 18:02:16,090 [Thread-4517] INFO  impl.RoleInfo (RoleInfo.java:shutdownFollowerState(121)) - bf55b3f9-6b09-4365-9d71-55289e083fa5: shutdown FollowerState
2019-10-16 18:02:16,090 [Thread-4517] INFO  impl.RaftServerImpl (RaftServerImpl.java:setRole(184)) - bf55b3f9-6b09-4365-9d71-55289e083fa5@group-EFD1D20A002C: changes role from  FOLLOWER to CANDIDATE at term 747 for changeToCandidate
2019-10-16 18:02:16,091 [Thread-4517] INFO  impl.RoleInfo (RoleInfo.java:updateAndGet(143)) - bf55b3f9-6b09-4365-9d71-55289e083fa5: start LeaderElection
2019-10-16 18:02:16,185 [bf55b3f9-6b09-4365-9d71-55289e083fa5@group-EFD1D20A002C-LeaderElection638] INFO  impl.LeaderElection (LeaderElection.java:askForVotes(178)) - bf55b3f9-6b09-4365-9d71-55289e083fa5@group-EFD1D20A002C-LeaderElection638: begin an election at term 748 for -1: [f4c54511-b161-4347-aec5-5236dc80a0d8:0.0.0.0:41238, 907b9765-214b-4864-b66a-d6e2a5789e5c:0.0.0.0:41650, bf55b3f9-6b09-4365-9d71-55289e083fa5:0.0.0.0:42441], old=null
2019-10-16 18:02:16,186 [bf55b3f9-6b09-4365-9d71-55289e083fa5@group-EFD1D20A002C-LeaderElection638] INFO  impl.LeaderElection (LeaderElection.java:logAndReturn(56)) - bf55b3f9-6b09-4365-9d71-55289e083fa5@group-EFD1D20A002C-LeaderElection638: Election TIMEOUT; received 0 response(s) [] and 0 exception(s); bf55b3f9-6b09-4365-9d71-55289e083fa5@group-EFD1D20A002C:t748, leader=null, voted=bf55b3f9-6b09-4365-9d71-55289e083fa5, raftlog=bf55b3f9-6b09-4365-9d71-55289e083fa5@group-EFD1D20A002C-SegmentedRaftLog:OPENED:c-1,f-1,i0, conf=-1: [f4c54511-b161-4347-aec5-5236dc80a0d8:0.0.0.0:41238, 907b9765-214b-4864-b66a-d6e2a5789e5c:0.0.0.0:41650, bf55b3f9-6b09-4365-9d71-55289e083fa5:0.0.0.0:42441], old=null
2019-10-16 18:02:16,187 [grpc-default-executor-2] INFO  impl.RaftServerImpl (RaftServerImpl.java:setRole(184)) - f4c54511-b161-4347-aec5-5236dc80a0d8@group-EFD1D20A002C: changes role from  FOLLOWER to FOLLOWER at term 748 for recognizeCandidate:bf55b3f9-6b09-4365-9d71-55289e083fa5
2019-10-16 18:02:16,187 [grpc-default-executor-2] INFO  impl.RoleInfo (RoleInfo.java:shutdownFollowerState(121)) - f4c54511-b161-4347-aec5-5236dc80a0d8: shutdown FollowerState
2019-10-16 18:02:16,187 [grpc-default-executor-0] INFO  impl.RaftServerImpl (RaftServerImpl.java:setRole(184)) - 907b9765-214b-4864-b66a-d6e2a5789e5c@group-EFD1D20A002C: changes role from  FOLLOWER to FOLLOWER at term 748 for recognizeCandidate:bf55b3f9-6b09-4365-9d71-55289e083fa5
2019-10-16 18:02:16,187 [grpc-default-executor-0] INFO  impl.RoleInfo (RoleInfo.java:shutdownFollowerState(121)) - 907b9765-214b-4864-b66a-d6e2a5789e5c: shutdown FollowerState
2019-10-16 18:02:16,187 [Thread-4515] INFO  impl.FollowerState (FollowerState.java:run(117)) - f4c54511-b161-4347-aec5-5236dc80a0d8@group-EFD1D20A002C-FollowerState was interrupted: java.lang.InterruptedException: sleep interrupted
2019-10-16 18:02:16,187 [grpc-default-executor-2] INFO  impl.RoleInfo (RoleInfo.java:updateAndGet(143)) - f4c54511-b161-4347-aec5-5236dc80a0d8: start FollowerState
2019-10-16 18:02:16,187 [Thread-4516] INFO  impl.FollowerState (FollowerState.java:run(117)) - 907b9765-214b-4864-b66a-d6e2a5789e5c@group-EFD1D20A002C-FollowerState was interrupted: java.lang.InterruptedException: sleep interrupted
2019-10-16 18:02:16,187 [grpc-default-executor-0] INFO  impl.RoleInfo (RoleInfo.java:updateAndGet(143)) - 907b9765-214b-4864-b66a-d6e2a5789e5c: start FollowerState
2019-10-16 18:02:16,251 [bf55b3f9-6b09-4365-9d71-55289e083fa5@group-EFD1D20A002C-LeaderElection638] INFO  impl.LeaderElection (LeaderElection.java:askForVotes(178)) - bf55b3f9-6b09-4365-9d71-55289e083fa5@group-EFD1D20A002C-LeaderElection638: begin an election at term 749 for -1: [f4c54511-b161-4347-aec5-5236dc80a0d8:0.0.0.0:41238, 907b9765-214b-4864-b66a-d6e2a5789e5c:0.0.0.0:41650, bf55b3f9-6b09-4365-9d71-55289e083fa5:0.0.0.0:42441], old=null
2019-10-16 18:02:16,253 [grpc-default-executor-2] INFO  impl.RaftServerImpl (RaftServerImpl.java:setRole(184)) - f4c54511-b161-4347-aec5-5236dc80a0d8@group-EFD1D20A002C: changes role from  FOLLOWER to FOLLOWER at term 749 for recognizeCandidate:bf55b3f9-6b09-4365-9d71-55289e083fa5
2019-10-16 18:02:16,253 [grpc-default-executor-2] INFO  impl.RoleInfo (RoleInfo.java:shutdownFollowerState(121)) - f4c54511-b161-4347-aec5-5236dc80a0d8: shutdown FollowerState
2019-10-16 18:02:16,253 [grpc-default-executor-2] INFO  impl.RoleInfo (RoleInfo.java:updateAndGet(143)) - f4c54511-b161-4347-aec5-5236dc80a0d8: start FollowerState
2019-10-16 18:02:16,253 [Thread-4521] INFO  impl.FollowerState (FollowerState.java:run(117)) - f4c54511-b161-4347-aec5-5236dc80a0d8@group-EFD1D20A002C-FollowerState was interrupted: java.lang.InterruptedException: sleep interrupted
2019-10-16 18:02:16,254 [grpc-default-executor-0] INFO  impl.RaftServerImpl (RaftServerImpl.java:setRole(184)) - 907b9765-214b-4864-b66a-d6e2a5789e5c@group-EFD1D20A002C: changes role from  FOLLOWER to FOLLOWER at term 749 for recognizeCandidate:bf55b3f9-6b09-4365-9d71-55289e083fa5
2019-10-16 18:02:16,254 [grpc-default-executor-0] INFO  impl.RoleInfo (RoleInfo.java:shutdownFollowerState(121)) - 907b9765-214b-4864-b66a-d6e2a5789e5c: shutdown FollowerState
2019-10-16 18:02:16,254 [grpc-default-executor-0] INFO  impl.RoleInfo (RoleInfo.java:updateAndGet(143)) - 907b9765-214b-4864-b66a-d6e2a5789e5c: start FollowerState
2019-10-16 18:02:16,254 [Thread-4522] INFO  impl.FollowerState (FollowerState.java:run(117)) - 907b9765-214b-4864-b66a-d6e2a5789e5c@group-EFD1D20A002C-FollowerState was interrupted: java.lang.InterruptedException: sleep interrupted
2019-10-16 18:02:16,308 [bf55b3f9-6b09-4365-9d71-55289e083fa5@group-EFD1D20A002C-LeaderElection638] INFO  impl.LeaderElection (LeaderElection.java:logAndReturn(56)) - bf55b3f9-6b09-4365-9d71-55289e083fa5@group-EFD1D20A002C-LeaderElection638: Election REJECTED; received 2 response(s) [bf55b3f9-6b09-4365-9d71-55289e083fa5<-f4c54511-b161-4347-aec5-5236dc80a0d8#0:FAIL-t749, bf55b3f9-6b09-4365-9d71-55289e083fa5<-907b9765-214b-4864-b66a-d6e2a5789e5c#0:FAIL-t749] and 0 exception(s); bf55b3f9-6b09-4365-9d71-55289e083fa5@group-EFD1D20A002C:t749, leader=null, voted=bf55b3f9-6b09-4365-9d71-55289e083fa5, raftlog=bf55b3f9-6b09-4365-9d71-55289e083fa5@group-EFD1D20A002C-SegmentedRaftLog:OPENED:c-1,f-1,i0, conf=-1: [f4c54511-b161-4347-aec5-5236dc80a0d8:0.0.0.0:41238, 907b9765-214b-4864-b66a-d6e2a5789e5c:0.0.0.0:41650, bf55b3f9-6b09-4365-9d71-55289e083fa5:0.0.0.0:42441], old=null
2019-10-16 18:02:16,308 [bf55b3f9-6b09-4365-9d71-55289e083fa5@group-EFD1D20A002C-LeaderElection638] INFO  impl.RaftServerImpl (RaftServerImpl.java:setRole(184)) - bf55b3f9-6b09-4365-9d71-55289e083fa5@group-EFD1D20A002C: changes role from CANDIDATE to FOLLOWER at term 749 for DISCOVERED_A_NEW_TERM
2019-10-16 18:02:16,308 [bf55b3f9-6b09-4365-9d71-55289e083fa5@group-EFD1D20A002C-LeaderElection638] INFO  impl.RoleInfo (RoleInfo.java:shutdownLeaderElection(134)) - bf55b3f9-6b09-4365-9d71-55289e083fa5: shutdown LeaderElection
2019-10-16 18:02:16,308 [bf55b3f9-6b09-4365-9d71-55289e083fa5@group-EFD1D20A002C-LeaderElection638] INFO  impl.RoleInfo (RoleInfo.java:updateAndGet(143)) - bf55b3f9-6b09-4365-9d71-55289e083fa5: start FollowerState
2019-10-16 18:02:16,421 [Thread-4527] INFO  impl.FollowerState (FollowerState.java:run(108)) - bf55b3f9-6b09-4365-9d71-55289e083fa5@group-EFD1D20A002C-FollowerState: change to CANDIDATE, lastRpcTime:112ms, electionTimeout:112ms
2019-10-16 18:02:16,421 [Thread-4527] INFO  impl.RoleInfo (RoleInfo.java:shutdownFollowerState(121)) - bf55b3f9-6b09-4365-9d71-55289e083fa5: shutdown FollowerState
2019-10-16 18:02:16,421 [Thread-4527] INFO  impl.RaftServerImpl (RaftServerImpl.java:setRole(184)) - bf55b3f9-6b09-4365-9d71-55289e083fa5@group-EFD1D20A002C: changes role from  FOLLOWER to CANDIDATE at term 749 for changeToCandidate
2019-10-16 18:02:16,421 [Thread-4527] INFO  impl.RoleInfo (RoleInfo.java:updateAndGet(143)) - bf55b3f9-6b09-4365-9d71-55289e083fa5: start LeaderElection
2019-10-16 18:02:16,468 [bf55b3f9-6b09-4365-9d71-55289e083fa5@group-EFD1D20A002C-LeaderElection639] INFO  impl.LeaderElection (LeaderElection.java:askForVotes(178)) - bf55b3f9-6b09-4365-9d71-55289e083fa5@group-EFD1D20A002C-LeaderElection639: begin an election at term 750 for -1: [f4c54511-b161-4347-aec5-5236dc80a0d8:0.0.0.0:41238, 907b9765-214b-4864-b66a-d6e2a5789e5c:0.0.0.0:41650, bf55b3f9-6b09-4365-9d71-55289e083fa5:0.0.0.0:42441], old=null
2019-10-16 18:02:16,470 [grpc-default-executor-2] INFO  impl.RaftServerImpl (RaftServerImpl.java:setRole(184)) - f4c54511-b161-4347-aec5-5236dc80a0d8@group-EFD1D20A002C: changes role from  FOLLOWER to FOLLOWER at term 750 for recognizeCandidate:bf55b3f9-6b09-4365-9d71-55289e083fa5
2019-10-16 18:02:16,470 [grpc-default-executor-2] INFO  impl.RoleInfo (RoleInfo.java:shutdownFollowerState(121)) - f4c54511-b161-4347-aec5-5236dc80a0d8: shutdown FollowerState
2019-10-16 18:02:16,470 [grpc-default-executor-2] INFO  impl.RoleInfo (RoleInfo.java:updateAndGet(143)) - f4c54511-b161-4347-aec5-5236dc80a0d8: start FollowerState
2019-10-16 18:02:16,470 [Thread-4525] INFO  impl.FollowerState (FollowerState.java:run(117)) - f4c54511-b161-4347-aec5-5236dc80a0d8@group-EFD1D20A002C-FollowerState was interrupted: java.lang.InterruptedException: sleep interrupted
2019-10-16 18:02:16,470 [grpc-default-executor-0] INFO  impl.RaftServerImpl (RaftServerImpl.java:setRole(184)) - 907b9765-214b-4864-b66a-d6e2a5789e5c@group-EFD1D20A002C: changes role from  FOLLOWER to FOLLOWER at term 750 for recognizeCandidate:bf55b3f9-6b09-4365-9d71-55289e083fa5
2019-10-16 18:02:16,471 [grpc-default-executor-0] INFO  impl.RoleInfo (RoleInfo.java:shutdownFollowerState(121)) - 907b9765-214b-4864-b66a-d6e2a5789e5c: shutdown FollowerState
2019-10-16 18:02:16,471 [grpc-default-executor-0] INFO  impl.RoleInfo (RoleInfo.java:updateAndGet(143)) - 907b9765-214b-4864-b66a-d6e2a5789e5c: start FollowerState
2019-10-16 18:02:16,471 [Thread-4526] INFO  impl.FollowerState (FollowerState.java:run(117)) - 907b9765-214b-4864-b66a-d6e2a5789e5c@group-EFD1D20A002C-FollowerState was interrupted: java.lang.InterruptedException: sleep interrupted
2019-10-16 18:02:16,522 [bf55b3f9-6b09-4365-9d71-55289e083fa5@group-EFD1D20A002C-LeaderElection639] INFO  impl.LeaderElection (LeaderElection.java:logAndReturn(56)) - bf55b3f9-6b09-4365-9d71-55289e083fa5@group-EFD1D20A002C-LeaderElection639: Election REJECTED; received 2 response(s) [bf55b3f9-6b09-4365-9d71-55289e083fa5<-f4c54511-b161-4347-aec5-5236dc80a0d8#0:FAIL-t750, bf55b3f9-6b09-4365-9d71-55289e083fa5<-907b9765-214b-4864-b66a-d6e2a5789e5c#0:FAIL-t750] and 0 exception(s); bf55b3f9-6b09-4365-9d71-55289e083fa5@group-EFD1D20A002C:t750, leader=null, voted=bf55b3f9-6b09-4365-9d71-55289e083fa5, raftlog=bf55b3f9-6b09-4365-9d71-55289e083fa5@group-EFD1D20A002C-SegmentedRaftLog:OPENED:c-1,f-1,i0, conf=-1: [f4c54511-b161-4347-aec5-5236dc80a0d8:0.0.0.0:41238, 907b9765-214b-4864-b66a-d6e2a5789e5c:0.0.0.0:41650, bf55b3f9-6b09-4365-9d71-55289e083fa5:0.0.0.0:42441], old=null
2019-10-16 18:02:16,522 [bf55b3f9-6b09-4365-9d71-55289e083fa5@group-EFD1D20A002C-LeaderElection639] INFO  impl.RaftServerImpl (RaftServerImpl.java:setRole(184)) - bf55b3f9-6b09-4365-9d71-55289e083fa5@group-EFD1D20A002C: changes role from CANDIDATE to FOLLOWER at term 750 for DISCOVERED_A_NEW_TERM
2019-10-16 18:02:16,522 [bf55b3f9-6b09-4365-9d71-55289e083fa5@group-EFD1D20A002C-LeaderElection639] INFO  impl.RoleInfo (RoleInfo.java:shutdownLeaderElection(134)) - bf55b3f9-6b09-4365-9d71-55289e083fa5: shutdown LeaderElection
2019-10-16 18:02:16,522 [bf55b3f9-6b09-4365-9d71-55289e083fa5@group-EFD1D20A002C-LeaderElection639] INFO  impl.RoleInfo (RoleInfo.java:updateAndGet(143)) - bf55b3f9-6b09-4365-9d71-55289e083fa5: start FollowerState
2019-10-16 18:02:16,687 [Thread-4535] INFO  impl.FollowerState (FollowerState.java:run(108)) - bf55b3f9-6b09-4365-9d71-55289e083fa5@group-EFD1D20A002C-FollowerState: change to CANDIDATE, lastRpcTime:164ms, electionTimeout:164ms
2019-10-16 18:02:16,687 [Thread-4535] INFO  impl.RoleInfo (RoleInfo.java:shutdownFollowerState(121)) - bf55b3f9-6b09-4365-9d71-55289e083fa5: shutdown FollowerState
2019-10-16 18:02:16,687 [Thread-4535] INFO  impl.RaftServerImpl (RaftServerImpl.java:setRole(184)) - bf55b3f9-6b09-4365-9d71-55289e083fa5@group-EFD1D20A002C: changes role from  FOLLOWER to CANDIDATE at term 750 for changeToCandidate
2019-10-16 18:02:16,687 [Thread-4535] INFO  impl.RoleInfo (RoleInfo.java:updateAndGet(143)) - bf55b3f9-6b09-4365-9d71-55289e083fa5: start LeaderElection
2019-10-16 18:02:16,711 [bf55b3f9-6b09-4365-9d71-55289e083fa5@group-EFD1D20A002C-LeaderElection640] INFO  impl.LeaderElection (LeaderElection.java:askForVotes(178)) - bf55b3f9-6b09-4365-9d71-55289e083fa5@group-EFD1D20A002C-LeaderElection640: begin an election at term 751 for -1: [f4c54511-b161-4347-aec5-5236dc80a0d8:0.0.0.0:41238, 907b9765-214b-4864-b66a-d6e2a5789e5c:0.0.0.0:41650, bf55b3f9-6b09-4365-9d71-55289e083fa5:0.0.0.0:42441], old=null
2019-10-16 18:02:16,713 [grpc-default-executor-0] INFO  impl.RaftServerImpl (RaftServerImpl.java:setRole(184)) - f4c54511-b161-4347-aec5-5236dc80a0d8@group-EFD1D20A002C: changes role from  FOLLOWER to FOLLOWER at term 751 for recognizeCandidate:bf55b3f9-6b09-4365-9d71-55289e083fa5
2019-10-16 18:02:16,713 [grpc-default-executor-0] INFO  impl.RoleInfo (RoleInfo.java:shutdownFollowerState(121)) - f4c54511-b161-4347-aec5-5236dc80a0d8: shutdown FollowerState
2019-10-16 18:02:16,713 [grpc-default-executor-2] INFO  impl.RaftServerImpl (RaftServerImpl.java:setRole(184)) - 907b9765-214b-4864-b66a-d6e2a5789e5c@group-EFD1D20A002C: changes role from  FOLLOWER to FOLLOWER at term 751 for recognizeCandidate:bf55b3f9-6b09-4365-9d71-55289e083fa5
2019-10-16 18:02:16,714 [Thread-4533] INFO  impl.FollowerState (FollowerState.java:run(117)) - f4c54511-b161-4347-aec5-5236dc80a0d8@group-EFD1D20A002C-FollowerState was interrupted: java.lang.InterruptedException: sleep interrupted
2019-10-16 18:02:16,714 [grpc-default-executor-0] INFO  impl.RoleInfo (RoleInfo.java:updateAndGet(143)) - f4c54511-b161-4347-aec5-5236dc80a0d8: start FollowerState
2019-10-16 18:02:16,714 [grpc-default-executor-2] INFO  impl.RoleInfo (RoleInfo.java:shutdownFollowerState(121)) - 907b9765-214b-4864-b66a-d6e2a5789e5c: shutdown FollowerState
2019-10-16 18:02:16,714 [grpc-default-executor-2] INFO  impl.RoleInfo (RoleInfo.java:updateAndGet(143)) - 907b9765-214b-4864-b66a-d6e2a5789e5c: start FollowerState
2019-10-16 18:02:16,714 [Thread-4534] INFO  impl.FollowerState (FollowerState.java:run(117)) - 907b9765-214b-4864-b66a-d6e2a5789e5c@group-EFD1D20A002C-FollowerState was interrupted: java.lang.InterruptedException: sleep interrupted
2019-10-16 18:02:16,738 [bf55b3f9-6b09-4365-9d71-55289e083fa5@group-EFD1D20A002C-LeaderElection640] INFO  impl.LeaderElection (LeaderElection.java:logAndReturn(56)) - bf55b3f9-6b09-4365-9d71-55289e083fa5@group-EFD1D20A002C-LeaderElection640: Election REJECTED; received 2 response(s) [bf55b3f9-6b09-4365-9d71-55289e083fa5<-f4c54511-b161-4347-aec5-5236dc80a0d8#0:FAIL-t751, bf55b3f9-6b09-4365-9d71-55289e083fa5<-907b9765-214b-4864-b66a-d6e2a5789e5c#0:FAIL-t751] and 0 exception(s); bf55b3f9-6b09-4365-9d71-55289e083fa5@group-EFD1D20A002C:t751, leader=null, voted=bf55b3f9-6b09-4365-9d71-55289e083fa5, raftlog=bf55b3f9-6b09-4365-9d71-55289e083fa5@group-EFD1D20A002C-SegmentedRaftLog:OPENED:c-1,f-1,i0, conf=-1: [f4c54511-b161-4347-aec5-5236dc80a0d8:0.0.0.0:41238, 907b9765-214b-4864-b66a-d6e2a5789e5c:0.0.0.0:41650, bf55b3f9-6b09-4365-9d71-55289e083fa5:0.0.0.0:42441], old=null
2019-10-16 18:02:16,738 [bf55b3f9-6b09-4365-9d71-55289e083fa5@group-EFD1D20A002C-LeaderElection640] INFO  impl.RaftServerImpl (RaftServerImpl.java:setRole(184)) - bf55b3f9-6b09-4365-9d71-55289e083fa5@group-EFD1D20A002C: changes role from CANDIDATE to FOLLOWER at term 751 for DISCOVERED_A_NEW_TERM
2019-10-16 18:02:16,738 [bf55b3f9-6b09-4365-9d71-55289e083fa5@group-EFD1D20A002C-LeaderElection640] INFO  impl.RoleInfo (RoleInfo.java:shutdownLeaderElection(134)) - bf55b3f9-6b09-4365-9d71-55289e083fa5: shutdown LeaderElection
2019-10-16 18:02:16,738 [bf55b3f9-6b09-4365-9d71-55289e083fa5@group-EFD1D20A002C-LeaderElection640] INFO  impl.RoleInfo (RoleInfo.java:updateAndGet(143)) - bf55b3f9-6b09-4365-9d71-55289e083fa5: start FollowerState
2019-10-16 18:02:16,796 [Thread-4541] INFO  impl.FollowerState (FollowerState.java:run(108)) - bf55b3f9-6b09-4365-9d71-55289e083fa5@group-EFD1D20A002C-FollowerState: change to CANDIDATE, lastRpcTime:58ms, electionTimeout:58ms
2019-10-16 18:02:16,797 [Thread-4541] INFO  impl.RoleInfo (RoleInfo.java:shutdownFollowerState(121)) - bf55b3f9-6b09-4365-9d71-55289e083fa5: shutdown FollowerState
2019-10-16 18:02:16,797 [Thread-4541] INFO  impl.RaftServerImpl (RaftServerImpl.java:setRole(184)) - bf55b3f9-6b09-4365-9d71-55289e083fa5@group-EFD1D20A002C: changes role from  FOLLOWER to CANDIDATE at term 751 for changeToCandidate
2019-10-16 18:02:16,797 [Thread-4541] INFO  impl.RoleInfo (RoleInfo.java:updateAndGet(143)) - bf55b3f9-6b09-4365-9d71-55289e083fa5: start LeaderElection
2019-10-16 18:02:16,834 [bf55b3f9-6b09-4365-9d71-55289e083fa5@group-EFD1D20A002C-LeaderElection641] INFO  impl.LeaderElection (LeaderElection.java:askForVotes(178)) - bf55b3f9-6b09-4365-9d71-55289e083fa5@group-EFD1D20A002C-LeaderElection641: begin an election at term 752 for -1: [f4c54511-b161-4347-aec5-5236dc80a0d8:0.0.0.0:41238, 907b9765-214b-4864-b66a-d6e2a5789e5c:0.0.0.0:41650, bf55b3f9-6b09-4365-9d71-55289e083fa5:0.0.0.0:42441], old=null
2019-10-16 18:02:16,836 [grpc-default-executor-2] INFO  impl.RaftServerImpl (RaftServerImpl.java:setRole(184)) - f4c54511-b161-4347-aec5-5236dc80a0d8@group-EFD1D20A002C: changes role from  FOLLOWER to FOLLOWER at term 752 for recognizeCandidate:bf55b3f9-6b09-4365-9d71-55289e083fa5
2019-10-16 18:02:16,836 [grpc-default-executor-2] INFO  impl.RoleInfo (RoleInfo.java:shutdownFollowerState(121)) - f4c54511-b161-4347-aec5-5236dc80a0d8: shutdown FollowerState
2019-10-16 18:02:16,836 [grpc-default-executor-0] INFO  impl.RaftServerImpl (RaftServerImpl.java:setRole(184)) - 907b9765-214b-4864-b66a-d6e2a5789e5c@group-EFD1D20A002C: changes role from  FOLLOWER to FOLLOWER at term 752 for recognizeCandidate:bf55b3f9-6b09-4365-9d71-55289e083fa5
2019-10-16 18:02:16,836 [grpc-default-executor-0] INFO  impl.RoleInfo (RoleInfo.java:shutdownFollowerState(121)) - 907b9765-214b-4864-b66a-d6e2a5789e5c: shutdown FollowerState
2019-10-16 18:02:16,836 [Thread-4539] INFO  impl.FollowerState (FollowerState.java:run(117)) - f4c54511-b161-4347-aec5-5236dc80a0d8@group-EFD1D20A002C-FollowerState was interrupted: java.lang.InterruptedException: sleep interrupted
2019-10-16 18:02:16,836 [grpc-default-executor-2] INFO  impl.RoleInfo (RoleInfo.java:updateAndGet(143)) - f4c54511-b161-4347-aec5-5236dc80a0d8: start FollowerState
2019-10-16 18:02:16,836 [Thread-4540] INFO  impl.FollowerState (FollowerState.java:run(117)) - 907b9765-214b-4864-b66a-d6e2a5789e5c@group-EFD1D20A002C-FollowerState was interrupted: java.lang.InterruptedException: sleep interrupted
2019-10-16 18:02:16,836 [grpc-default-executor-0] INFO  impl.RoleInfo (RoleInfo.java:updateAndGet(143)) - 907b9765-214b-4864-b66a-d6e2a5789e5c: start FollowerState
2019-10-16 18:02:16,884 [bf55b3f9-6b09-4365-9d71-55289e083fa5@group-EFD1D20A002C-LeaderElection641] INFO  impl.LeaderElection (LeaderElection.java:logAndReturn(56)) - bf55b3f9-6b09-4365-9d71-55289e083fa5@group-EFD1D20A002C-LeaderElection641: Election REJECTED; received 2 response(s) [bf55b3f9-6b09-4365-9d71-55289e083fa5<-f4c54511-b161-4347-aec5-5236dc80a0d8#0:FAIL-t752, bf55b3f9-6b09-4365-9d71-55289e083fa5<-907b9765-214b-4864-b66a-d6e2a5789e5c#0:FAIL-t752] and 0 exception(s); bf55b3f9-6b09-4365-9d71-55289e083fa5@group-EFD1D20A002C:t752, leader=null, voted=bf55b3f9-6b09-4365-9d71-55289e083fa5, raftlog=bf55b3f9-6b09-4365-9d71-55289e083fa5@group-EFD1D20A002C-SegmentedRaftLog:OPENED:c-1,f-1,i0, conf=-1: [f4c54511-b161-4347-aec5-5236dc80a0d8:0.0.0.0:41238, 907b9765-214b-4864-b66a-d6e2a5789e5c:0.0.0.0:41650, bf55b3f9-6b09-4365-9d71-55289e083fa5:0.0.0.0:42441], old=null
2019-10-16 18:02:16,884 [bf55b3f9-6b09-4365-9d71-55289e083fa5@group-EFD1D20A002C-LeaderElection641] INFO  impl.RaftServerImpl (RaftServerImpl.java:setRole(184)) - bf55b3f9-6b09-4365-9d71-55289e083fa5@group-EFD1D20A002C: changes role from CANDIDATE to FOLLOWER at term 752 for DISCOVERED_A_NEW_TERM
2019-10-16 18:02:16,884 [bf55b3f9-6b09-4365-9d71-55289e083fa5@group-EFD1D20A002C-LeaderElection641] INFO  impl.RoleInfo (RoleInfo.java:shutdownLeaderElection(134)) - bf55b3f9-6b09-4365-9d71-55289e083fa5: shutdown LeaderElection
2019-10-16 18:02:16,885 [bf55b3f9-6b09-4365-9d71-55289e083fa5@group-EFD1D20A002C-LeaderElection641] INFO  impl.RoleInfo (RoleInfo.java:updateAndGet(143)) - bf55b3f9-6b09-4365-9d71-55289e083fa5: start FollowerState
2019-10-16 18:02:16,940 [Thread-4547] INFO  impl.FollowerState (FollowerState.java:run(108)) - bf55b3f9-6b09-4365-9d71-55289e083fa5@group-EFD1D20A002C-FollowerState: change to CANDIDATE, lastRpcTime:55ms, electionTimeout:55ms
2019-10-16 18:02:16,940 [Thread-4547] INFO  impl.RoleInfo (RoleInfo.java:shutdownFollowerState(121)) - bf55b3f9-6b09-4365-9d71-55289e083fa5: shutdown FollowerState
2019-10-16 18:02:16,940 [Thread-4547] INFO  impl.RaftServerImpl (RaftServerImpl.java:setRole(184)) - bf55b3f9-6b09-4365-9d71-55289e083fa5@group-EFD1D20A002C: changes role from  FOLLOWER to CANDIDATE at term 752 for changeToCandidate
2019-10-16 18:02:16,940 [Thread-4547] INFO  impl.RoleInfo (RoleInfo.java:updateAndGet(143)) - bf55b3f9-6b09-4365-9d71-55289e083fa5: start LeaderElection
2019-10-16 18:02:16,964 [bf55b3f9-6b09-4365-9d71-55289e083fa5@group-EFD1D20A002C-LeaderElection642] INFO  impl.LeaderElection (LeaderElection.java:askForVotes(178)) - bf55b3f9-6b09-4365-9d71-55289e083fa5@group-EFD1D20A002C-LeaderElection642: begin an election at term 753 for -1: [f4c54511-b161-4347-aec5-5236dc80a0d8:0.0.0.0:41238, 907b9765-214b-4864-b66a-d6e2a5789e5c:0.0.0.0:41650, bf55b3f9-6b09-4365-9d71-55289e083fa5:0.0.0.0:42441], old=null
2019-10-16 18:02:16,966 [grpc-default-executor-2] INFO  impl.RaftServerImpl (RaftServerImpl.java:setRole(184)) - f4c54511-b161-4347-aec5-5236dc80a0d8@group-EFD1D20A002C: changes role from  FOLLOWER to FOLLOWER at term 753 for recognizeCandidate:bf55b3f9-6b09-4365-9d71-55289e083fa5
2019-10-16 18:02:16,966 [grpc-default-executor-2] INFO  impl.RoleInfo (RoleInfo.java:shutdownFollowerState(121)) - f4c54511-b161-4347-aec5-5236dc80a0d8: shutdown FollowerState
2019-10-16 18:02:16,966 [grpc-default-executor-0] INFO  impl.RaftServerImpl (RaftServerImpl.java:setRole(184)) - 907b9765-214b-4864-b66a-d6e2a5789e5c@group-EFD1D20A002C: changes role from  FOLLOWER to FOLLOWER at term 753 for recognizeCandidate:bf55b3f9-6b09-4365-9d71-55289e083fa5
2019-10-16 18:02:16,966 [grpc-default-executor-0] INFO  impl.RoleInfo (RoleInfo.java:shutdownFollowerState(121)) - 907b9765-214b-4864-b66a-d6e2a5789e5c: shutdown FollowerState
2019-10-16 18:02:16,966 [Thread-4545] INFO  impl.FollowerState (FollowerState.java:run(117)) - f4c54511-b161-4347-aec5-5236dc80a0d8@group-EFD1D20A002C-FollowerState was interrupted: java.lang.InterruptedException: sleep interrupted
2019-10-16 18:02:16,966 [grpc-default-executor-2] INFO  impl.RoleInfo (RoleInfo.java:updateAndGet(143)) - f4c54511-b161-4347-aec5-5236dc80a0d8: start FollowerState
2019-10-16 18:02:16,966 [Thread-4546] INFO  impl.FollowerState (FollowerState.java:run(117)) - 907b9765-214b-4864-b66a-d6e2a5789e5c@group-EFD1D20A002C-FollowerState was interrupted: java.lang.InterruptedException: sleep interrupted
2019-10-16 18:02:16,966 [grpc-default-executor-0] INFO  impl.RoleInfo (RoleInfo.java:updateAndGet(143)) - 907b9765-214b-4864-b66a-d6e2a5789e5c: start FollowerState
2019-10-16 18:02:16,986 [bf55b3f9-6b09-4365-9d71-55289e083fa5@group-EFD1D20A002C-LeaderElection642] INFO  impl.LeaderElection (LeaderElection.java:logAndReturn(56)) - bf55b3f9-6b09-4365-9d71-55289e083fa5@group-EFD1D20A002C-LeaderElection642: Election REJECTED; received 2 response(s) [bf55b3f9-6b09-4365-9d71-55289e083fa5<-f4c54511-b161-4347-aec5-5236dc80a0d8#0:FAIL-t753, bf55b3f9-6b09-4365-9d71-55289e083fa5<-907b9765-214b-4864-b66a-d6e2a5789e5c#0:FAIL-t753] and 0 exception(s); bf55b3f9-6b09-4365-9d71-55289e083fa5@group-EFD1D20A002C:t753, leader=null, voted=bf55b3f9-6b09-4365-9d71-55289e083fa5, raftlog=bf55b3f9-6b09-4365-9d71-55289e083fa5@group-EFD1D20A002C-SegmentedRaftLog:OPENED:c-1,f-1,i0, conf=-1: [f4c54511-b161-4347-aec5-5236dc80a0d8:0.0.0.0:41238, 907b9765-214b-4864-b66a-d6e2a5789e5c:0.0.0.0:41650, bf55b3f9-6b09-4365-9d71-55289e083fa5:0.0.0.0:42441], old=null
2019-10-16 18:02:16,986 [bf55b3f9-6b09-4365-9d71-55289e083fa5@group-EFD1D20A002C-LeaderElection642] INFO  impl.RaftServerImpl (RaftServerImpl.java:setRole(184)) - bf55b3f9-6b09-4365-9d71-55289e083fa5@group-EFD1D20A002C: changes role from CANDIDATE to FOLLOWER at term 753 for DISCOVERED_A_NEW_TERM
2019-10-16 18:02:16,986 [bf55b3f9-6b09-4365-9d71-55289e083fa5@group-EFD1D20A002C-LeaderElection642] INFO  impl.RoleInfo (RoleInfo.java:shutdownLeaderElection(134)) - bf55b3f9-6b09-4365-9d71-55289e083fa5: shutdown LeaderElection
2019-10-16 18:02:16,986 [bf55b3f9-6b09-4365-9d71-55289e083fa5@group-EFD1D20A002C-LeaderElection642] INFO  impl.RoleInfo (RoleInfo.java:updateAndGet(143)) - bf55b3f9-6b09-4365-9d71-55289e083fa5: start FollowerState
2019-10-16 18:02:17,021 [Thread-4553] INFO  impl.FollowerState (FollowerState.java:run(108)) - bf55b3f9-6b09-4365-9d71-55289e083fa5@group-EFD1D20A002C-FollowerState: change to CANDIDATE, lastRpcTime:34ms, electionTimeout:34ms
2019-10-16 18:02:17,021 [Thread-4553] INFO  impl.RoleInfo (RoleInfo.java:shutdownFollowerState(121)) - bf55b3f9-6b09-4365-9d71-55289e083fa5: shutdown FollowerState
2019-10-16 18:02:17,021 [Thread-4553] INFO  impl.RaftServerImpl (RaftServerImpl.java:setRole(184)) - bf55b3f9-6b09-4365-9d71-55289e083fa5@group-EFD1D20A002C: changes role from  FOLLOWER to CANDIDATE at term 753 for changeToCandidate
2019-10-16 18:02:17,021 [Thread-4553] INFO  impl.RoleInfo (RoleInfo.java:updateAndGet(143)) - bf55b3f9-6b09-4365-9d71-55289e083fa5: start LeaderElection
2019-10-16 18:02:17,043 [bf55b3f9-6b09-4365-9d71-55289e083fa5@group-EFD1D20A002C-LeaderElection643] INFO  impl.LeaderElection (LeaderElection.java:askForVotes(178)) - bf55b3f9-6b09-4365-9d71-55289e083fa5@group-EFD1D20A002C-LeaderElection643: begin an election at term 754 for -1: [f4c54511-b161-4347-aec5-5236dc80a0d8:0.0.0.0:41238, 907b9765-214b-4864-b66a-d6e2a5789e5c:0.0.0.0:41650, bf55b3f9-6b09-4365-9d71-55289e083fa5:0.0.0.0:42441], old=null
2019-10-16 18:02:17,045 [grpc-default-executor-0] INFO  impl.RaftServerImpl (RaftServerImpl.java:setRole(184)) - f4c54511-b161-4347-aec5-5236dc80a0d8@group-EFD1D20A002C: changes role from  FOLLOWER to FOLLOWER at term 754 for recognizeCandidate:bf55b3f9-6b09-4365-9d71-55289e083fa5
2019-10-16 18:02:17,045 [grpc-default-executor-0] INFO  impl.RoleInfo (RoleInfo.java:shutdownFollowerState(121)) - f4c54511-b161-4347-aec5-5236dc80a0d8: shutdown FollowerState
2019-10-16 18:02:17,045 [grpc-default-executor-2] INFO  impl.RaftServerImpl (RaftServerImpl.java:setRole(184)) - 907b9765-214b-4864-b66a-d6e2a5789e5c@group-EFD1D20A002C: changes role from  FOLLOWER to FOLLOWER at term 754 for recognizeCandidate:bf55b3f9-6b09-4365-9d71-55289e083fa5
2019-10-16 18:02:17,045 [grpc-default-executor-2] INFO  impl.RoleInfo (RoleInfo.java:shutdownFollowerState(121)) - 907b9765-214b-4864-b66a-d6e2a5789e5c: shutdown FollowerState
2019-10-16 18:02:17,045 [Thread-4551] INFO  impl.FollowerState (FollowerState.java:run(117)) - f4c54511-b161-4347-aec5-5236dc80a0d8@group-EFD1D20A002C-FollowerState was interrupted: java.lang.InterruptedException: sleep interrupted
2019-10-16 18:02:17,045 [grpc-default-executor-0] INFO  impl.RoleInfo (RoleInfo.java:updateAndGet(143)) - f4c54511-b161-4347-aec5-5236dc80a0d8: start FollowerState
2019-10-16 18:02:17,045 [Thread-4552] INFO  impl.FollowerState (FollowerState.java:run(117)) - 907b9765-214b-4864-b66a-d6e2a5789e5c@group-EFD1D20A002C-FollowerState was interrupted: java.lang.InterruptedException: sleep interrupted
2019-10-16 18:02:17,045 [grpc-default-executor-2] INFO  impl.RoleInfo (RoleInfo.java:updateAndGet(143)) - 907b9765-214b-4864-b66a-d6e2a5789e5c: start FollowerState
2019-10-16 18:02:17,070 [bf55b3f9-6b09-4365-9d71-55289e083fa5@group-EFD1D20A002C-LeaderElection643] INFO  impl.LeaderElection (LeaderElection.java:logAndReturn(56)) - bf55b3f9-6b09-4365-9d71-55289e083fa5@group-EFD1D20A002C-LeaderElection643: Election REJECTED; received 2 response(s) [bf55b3f9-6b09-4365-9d71-55289e083fa5<-f4c54511-b161-4347-aec5-5236dc80a0d8#0:FAIL-t754, bf55b3f9-6b09-4365-9d71-55289e083fa5<-907b9765-214b-4864-b66a-d6e2a5789e5c#0:FAIL-t754] and 0 exception(s); bf55b3f9-6b09-4365-9d71-55289e083fa5@group-EFD1D20A002C:t754, leader=null, voted=bf55b3f9-6b09-4365-9d71-55289e083fa5, raftlog=bf55b3f9-6b09-4365-9d71-55289e083fa5@group-EFD1D20A002C-SegmentedRaftLog:OPENED:c-1,f-1,i0, conf=-1: [f4c54511-b161-4347-aec5-5236dc80a0d8:0.0.0.0:41238, 907b9765-214b-4864-b66a-d6e2a5789e5c:0.0.0.0:41650, bf55b3f9-6b09-4365-9d71-55289e083fa5:0.0.0.0:42441], old=null
2019-10-16 18:02:17,070 [bf55b3f9-6b09-4365-9d71-55289e083fa5@group-EFD1D20A002C-LeaderElection643] INFO  impl.RaftServerImpl (RaftServerImpl.java:setRole(184)) - bf55b3f9-6b09-4365-9d71-55289e083fa5@group-EFD1D20A002C: changes role from CANDIDATE to FOLLOWER at term 754 for DISCOVERED_A_NEW_TERM
2019-10-16 18:02:17,070 [bf55b3f9-6b09-4365-9d71-55289e083fa5@group-EFD1D20A002C-LeaderElection643] INFO  impl.RoleInfo (RoleInfo.java:shutdownLeaderElection(134)) - bf55b3f9-6b09-4365-9d71-55289e083fa5: shutdown LeaderElection
2019-10-16 18:02:17,070 [bf55b3f9-6b09-4365-9d71-55289e083fa5@group-EFD1D20A002C-LeaderElection643] INFO  impl.RoleInfo (RoleInfo.java:updateAndGet(143)) - bf55b3f9-6b09-4365-9d71-55289e083fa5: start FollowerState
2019-10-16 18:02:17,152 [Thread-4559] INFO  impl.FollowerState (FollowerState.java:run(108)) - bf55b3f9-6b09-4365-9d71-55289e083fa5@group-EFD1D20A002C-FollowerState: change to CANDIDATE, lastRpcTime:82ms, electionTimeout:82ms
2019-10-16 18:02:17,152 [Thread-4559] INFO  impl.RoleInfo (RoleInfo.java:shutdownFollowerState(121)) - bf55b3f9-6b09-4365-9d71-55289e083fa5: shutdown FollowerState
2019-10-16 18:02:17,153 [Thread-4559] INFO  impl.RaftServerImpl (RaftServerImpl.java:setRole(184)) - bf55b3f9-6b09-4365-9d71-55289e083fa5@group-EFD1D20A002C: changes role from  FOLLOWER to CANDIDATE at term 754 for changeToCandidate
2019-10-16 18:02:17,153 [Thread-4559] INFO  impl.RoleInfo (RoleInfo.java:updateAndGet(143)) - bf55b3f9-6b09-4365-9d71-55289e083fa5: start LeaderElection
2019-10-16 18:02:17,177 [bf55b3f9-6b09-4365-9d71-55289e083fa5@group-EFD1D20A002C-LeaderElection644] INFO  impl.LeaderElection (LeaderElection.java:askForVotes(178)) - bf55b3f9-6b09-4365-9d71-55289e083fa5@group-EFD1D20A002C-LeaderElection644: begin an election at term 755 for -1: [f4c54511-b161-4347-aec5-5236dc80a0d8:0.0.0.0:41238, 907b9765-214b-4864-b66a-d6e2a5789e5c:0.0.0.0:41650, bf55b3f9-6b09-4365-9d71-55289e083fa5:0.0.0.0:42441], old=null
2019-10-16 18:02:17,178 [grpc-default-executor-2] INFO  impl.RaftServerImpl (RaftServerImpl.java:setRole(184)) - f4c54511-b161-4347-aec5-5236dc80a0d8@group-EFD1D20A002C: changes role from  FOLLOWER to FOLLOWER at term 755 for recognizeCandidate:bf55b3f9-6b09-4365-9d71-55289e083fa5
2019-10-16 18:02:17,178 [grpc-default-executor-0] INFO  impl.RaftServerImpl (RaftServerImpl.java:setRole(184)) - 907b9765-214b-4864-b66a-d6e2a5789e5c@group-EFD1D20A002C: changes role from  FOLLOWER to FOLLOWER at term 755 for recognizeCandidate:bf55b3f9-6b09-4365-9d71-55289e083fa5
2019-10-16 18:02:17,179 [grpc-default-executor-0] INFO  impl.RoleInfo (RoleInfo.java:shutdownFollowerState(121)) - 907b9765-214b-4864-b66a-d6e2a5789e5c: shutdown FollowerState
2019-10-16 18:02:17,178 [grpc-default-executor-2] INFO  impl.RoleInfo (RoleInfo.java:shutdownFollowerState(121)) - f4c54511-b161-4347-aec5-5236dc80a0d8: shutdown FollowerState
2019-10-16 18:02:17,179 [Thread-4558] INFO  impl.FollowerState (FollowerState.java:run(117)) - 907b9765-214b-4864-b66a-d6e2a5789e5c@group-EFD1D20A002C-FollowerState was interrupted: java.lang.InterruptedException: sleep interrupted
2019-10-16 18:02:17,179 [grpc-default-executor-0] INFO  impl.RoleInfo (RoleInfo.java:updateAndGet(143)) - 907b9765-214b-4864-b66a-d6e2a5789e5c: start FollowerState
2019-10-16 18:02:17,179 [Thread-4557] INFO  impl.FollowerState (FollowerState.java:run(117)) - f4c54511-b161-4347-aec5-5236dc80a0d8@group-EFD1D20A002C-FollowerState was interrupted: java.lang.InterruptedException: sleep interrupted
2019-10-16 18:02:17,179 [grpc-default-executor-2] INFO  impl.RoleInfo (RoleInfo.java:updateAndGet(143)) - f4c54511-b161-4347-aec5-5236dc80a0d8: start FollowerState
2019-10-16 18:02:17,205 [bf55b3f9-6b09-4365-9d71-55289e083fa5@group-EFD1D20A002C-LeaderElection644] INFO  impl.LeaderElection (LeaderElection.java:logAndReturn(56)) - bf55b3f9-6b09-4365-9d71-55289e083fa5@group-EFD1D20A002C-LeaderElection644: Election REJECTED; received 2 response(s) [bf55b3f9-6b09-4365-9d71-55289e083fa5<-f4c54511-b161-4347-aec5-5236dc80a0d8#0:FAIL-t755, bf55b3f9-6b09-4365-9d71-55289e083fa5<-907b9765-214b-4864-b66a-d6e2a5789e5c#0:FAIL-t755] and 0 exception(s); bf55b3f9-6b09-4365-9d71-55289e083fa5@group-EFD1D20A002C:t755, leader=null, voted=bf55b3f9-6b09-4365-9d71-55289e083fa5, raftlog=bf55b3f9-6b09-4365-9d71-55289e083fa5@group-EFD1D20A002C-SegmentedRaftLog:OPENED:c-1,f-1,i0, conf=-1: [f4c54511-b161-4347-aec5-5236dc80a0d8:0.0.0.0:41238, 907b9765-214b-4864-b66a-d6e2a5789e5c:0.0.0.0:41650, bf55b3f9-6b09-4365-9d71-55289e083fa5:0.0.0.0:42441], old=null
2019-10-16 18:02:17,206 [bf55b3f9-6b09-4365-9d71-55289e083fa5@group-EFD1D20A002C-LeaderElection644] INFO  impl.RaftServerImpl (RaftServerImpl.java:setRole(184)) - bf55b3f9-6b09-4365-9d71-55289e083fa5@group-EFD1D20A002C: changes role from CANDIDATE to FOLLOWER at term 755 for DISCOVERED_A_NEW_TERM
2019-10-16 18:02:17,206 [bf55b3f9-6b09-4365-9d71-55289e083fa5@group-EFD1D20A002C-LeaderElection644] INFO  impl.RoleInfo (RoleInfo.java:shutdownLeaderElection(134)) - bf55b3f9-6b09-4365-9d71-55289e083fa5: shutdown LeaderElection
2019-10-16 18:02:17,206 [bf55b3f9-6b09-4365-9d71-55289e083fa5@group-EFD1D20A002C-LeaderElection644] INFO  impl.RoleInfo (RoleInfo.java:updateAndGet(143)) - bf55b3f9-6b09-4365-9d71-55289e083fa5: start FollowerState
2019-10-16 18:02:17,213 [Thread-4565] INFO  impl.FollowerState (FollowerState.java:run(108)) - bf55b3f9-6b09-4365-9d71-55289e083fa5@group-EFD1D20A002C-FollowerState: change to CANDIDATE, lastRpcTime:6ms, electionTimeout:6ms
2019-10-16 18:02:17,213 [Thread-4565] INFO  impl.RoleInfo (RoleInfo.java:shutdownFollowerState(121)) - bf55b3f9-6b09-4365-9d71-55289e083fa5: shutdown FollowerState
2019-10-16 18:02:17,213 [Thread-4565] INFO  impl.RaftServerImpl (RaftServerImpl.java:setRole(184)) - bf55b3f9-6b09-4365-9d71-55289e083fa5@group-EFD1D20A002C: changes role from  FOLLOWER to CANDIDATE at term 755 for changeToCandidate
2019-10-16 18:02:17,213 [Thread-4565] INFO  impl.RoleInfo (RoleInfo.java:updateAndGet(143)) - bf55b3f9-6b09-4365-9d71-55289e083fa5: start LeaderElection
2019-10-16 18:02:17,235 [bf55b3f9-6b09-4365-9d71-55289e083fa5@group-EFD1D20A002C-LeaderElection645] INFO  impl.LeaderElection (LeaderElection.java:askForVotes(178)) - bf55b3f9-6b09-4365-9d71-55289e083fa5@group-EFD1D20A002C-LeaderElection645: begin an election at term 756 for -1: [f4c54511-b161-4347-aec5-5236dc80a0d8:0.0.0.0:41238, 907b9765-214b-4864-b66a-d6e2a5789e5c:0.0.0.0:41650, bf55b3f9-6b09-4365-9d71-55289e083fa5:0.0.0.0:42441], old=null
2019-10-16 18:02:17,237 [grpc-default-executor-0] INFO  impl.RaftServerImpl (RaftServerImpl.java:setRole(184)) - 907b9765-214b-4864-b66a-d6e2a5789e5c@group-EFD1D20A002C: changes role from  FOLLOWER to FOLLOWER at term 756 for recognizeCandidate:bf55b3f9-6b09-4365-9d71-55289e083fa5
2019-10-16 18:02:17,238 [grpc-default-executor-0] INFO  impl.RoleInfo (RoleInfo.java:shutdownFollowerState(121)) - 907b9765-214b-4864-b66a-d6e2a5789e5c: shutdown FollowerState
2019-10-16 18:02:17,237 [grpc-default-executor-2] INFO  impl.RaftServerImpl (RaftServerImpl.java:setRole(184)) - f4c54511-b161-4347-aec5-5236dc80a0d8@group-EFD1D20A002C: changes role from  FOLLOWER to FOLLOWER at term 756 for recognizeCandidate:bf55b3f9-6b09-4365-9d71-55289e083fa5
2019-10-16 18:02:17,238 [grpc-default-executor-0] INFO  impl.RoleInfo (RoleInfo.java:updateAndGet(143)) - 907b9765-214b-4864-b66a-d6e2a5789e5c: start FollowerState
2019-10-16 18:02:17,238 [grpc-default-executor-2] INFO  impl.RoleInfo (RoleInfo.java:shutdownFollowerState(121)) - f4c54511-b161-4347-aec5-5236dc80a0d8: shutdown FollowerState
2019-10-16 18:02:17,238 [Thread-4563] INFO  impl.FollowerState (FollowerState.java:run(117)) - 907b9765-214b-4864-b66a-d6e2a5789e5c@group-EFD1D20A002C-FollowerState was interrupted: java.lang.InterruptedException: sleep interrupted
2019-10-16 18:02:17,239 [Thread-4564] INFO  impl.FollowerState (FollowerState.java:run(117)) - f4c54511-b161-4347-aec5-5236dc80a0d8@group-EFD1D20A002C-FollowerState was interrupted: java.lang.InterruptedException: sleep interrupted
2019-10-16 18:02:17,238 [grpc-default-executor-2] INFO  impl.RoleInfo (RoleInfo.java:updateAndGet(143)) - f4c54511-b161-4347-aec5-5236dc80a0d8: start FollowerState
2019-10-16 18:02:17,278 [bf55b3f9-6b09-4365-9d71-55289e083fa5@group-EFD1D20A002C-LeaderElection645] INFO  impl.LeaderElection (LeaderElection.java:logAndReturn(56)) - bf55b3f9-6b09-4365-9d71-55289e083fa5@group-EFD1D20A002C-LeaderElection645: Election REJECTED; received 2 response(s) [bf55b3f9-6b09-4365-9d71-55289e083fa5<-f4c54511-b161-4347-aec5-5236dc80a0d8#0:FAIL-t756, bf55b3f9-6b09-4365-9d71-55289e083fa5<-907b9765-214b-4864-b66a-d6e2a5789e5c#0:FAIL-t756] and 0 exception(s); bf55b3f9-6b09-4365-9d71-55289e083fa5@group-EFD1D20A002C:t756, leader=null, voted=bf55b3f9-6b09-4365-9d71-55289e083fa5, raftlog=bf55b3f9-6b09-4365-9d71-55289e083fa5@group-EFD1D20A002C-SegmentedRaftLog:OPENED:c-1,f-1,i0, conf=-1: [f4c54511-b161-4347-aec5-5236dc80a0d8:0.0.0.0:41238, 907b9765-214b-4864-b66a-d6e2a5789e5c:0.0.0.0:41650, bf55b3f9-6b09-4365-9d71-55289e083fa5:0.0.0.0:42441], old=null
2019-10-16 18:02:17,279 [bf55b3f9-6b09-4365-9d71-55289e083fa5@group-EFD1D20A002C-LeaderElection645] INFO  impl.RaftServerImpl (RaftServerImpl.java:setRole(184)) - bf55b3f9-6b09-4365-9d71-55289e083fa5@group-EFD1D20A002C: changes role from CANDIDATE to FOLLOWER at term 756 for DISCOVERED_A_NEW_TERM
2019-10-16 18:02:17,279 [bf55b3f9-6b09-4365-9d71-55289e083fa5@group-EFD1D20A002C-LeaderElection645] INFO  impl.RoleInfo (RoleInfo.java:shutdownLeaderElection(134)) - bf55b3f9-6b09-4365-9d71-55289e083fa5: shutdown LeaderElection
2019-10-16 18:02:17,279 [bf55b3f9-6b09-4365-9d71-55289e083fa5@group-EFD1D20A002C-LeaderElection645] INFO  impl.RoleInfo (RoleInfo.java:updateAndGet(143)) - bf55b3f9-6b09-4365-9d71-55289e083fa5: start FollowerState
2019-10-16 18:02:17,382 [Thread-4571] INFO  impl.FollowerState (FollowerState.java:run(108)) - bf55b3f9-6b09-4365-9d71-55289e083fa5@group-EFD1D20A002C-FollowerState: change to CANDIDATE, lastRpcTime:102ms, electionTimeout:102ms
2019-10-16 18:02:17,382 [Thread-4571] INFO  impl.RoleInfo (RoleInfo.java:shutdownFollowerState(121)) - bf55b3f9-6b09-4365-9d71-55289e083fa5: shutdown FollowerState
2019-10-16 18:02:17,382 [Thread-4571] INFO  impl.RaftServerImpl (RaftServerImpl.java:setRole(184)) - bf55b3f9-6b09-4365-9d71-55289e083fa5@group-EFD1D20A002C: changes role from  FOLLOWER to CANDIDATE at term 756 for changeToCandidate
2019-10-16 18:02:17,382 [Thread-4571] INFO  impl.RoleInfo (RoleInfo.java:updateAndGet(143)) - bf55b3f9-6b09-4365-9d71-55289e083fa5: start LeaderElection
2019-10-16 18:02:17,412 [bf55b3f9-6b09-4365-9d71-55289e083fa5@group-EFD1D20A002C-LeaderElection646] INFO  impl.LeaderElection (LeaderElection.java:askForVotes(178)) - bf55b3f9-6b09-4365-9d71-55289e083fa5@group-EFD1D20A002C-LeaderElection646: begin an election at term 757 for -1: [f4c54511-b161-4347-aec5-5236dc80a0d8:0.0.0.0:41238, 907b9765-214b-4864-b66a-d6e2a5789e5c:0.0.0.0:41650, bf55b3f9-6b09-4365-9d71-55289e083fa5:0.0.0.0:42441], old=null
2019-10-16 18:02:17,413 [grpc-default-executor-2] INFO  impl.RaftServerImpl (RaftServerImpl.java:setRole(184)) - 907b9765-214b-4864-b66a-d6e2a5789e5c@group-EFD1D20A002C: changes role from  FOLLOWER to FOLLOWER at term 757 for recognizeCandidate:bf55b3f9-6b09-4365-9d71-55289e083fa5
2019-10-16 18:02:17,414 [grpc-default-executor-2] INFO  impl.RoleInfo (RoleInfo.java:shutdownFollowerState(121)) - 907b9765-214b-4864-b66a-d6e2a5789e5c: shutdown FollowerState
2019-10-16 18:02:17,414 [grpc-default-executor-2] INFO  impl.RoleInfo (RoleInfo.java:updateAndGet(143)) - 907b9765-214b-4864-b66a-d6e2a5789e5c: start FollowerState
2019-10-16 18:02:17,414 [grpc-default-executor-0] INFO  impl.RaftServerImpl (RaftServerImpl.java:setRole(184)) - f4c54511-b161-4347-aec5-5236dc80a0d8@group-EFD1D20A002C: changes role from  FOLLOWER to FOLLOWER at term 757 for recognizeCandidate:bf55b3f9-6b09-4365-9d71-55289e083fa5
2019-10-16 18:02:17,414 [grpc-default-executor-0] INFO  impl.RoleInfo (RoleInfo.java:shutdownFollowerState(121)) - f4c54511-b161-4347-aec5-5236dc80a0d8: shutdown FollowerState
2019-10-16 18:02:17,414 [Thread-4569] INFO  impl.FollowerState (FollowerState.java:run(117)) - 907b9765-214b-4864-b66a-d6e2a5789e5c@group-EFD1D20A002C-FollowerState was interrupted: java.lang.InterruptedException: sleep interrupted
2019-10-16 18:02:17,414 [Thread-4570] INFO  impl.FollowerState (FollowerState.java:run(117)) - f4c54511-b161-4347-aec5-5236dc80a0d8@group-EFD1D20A002C-FollowerState was interrupted: java.lang.InterruptedException: sleep interrupted
2019-10-16 18:02:17,414 [grpc-default-executor-0] INFO  impl.RoleInfo (RoleInfo.java:updateAndGet(143)) - f4c54511-b161-4347-aec5-5236dc80a0d8: start FollowerState
2019-10-16 18:02:17,429 [bf55b3f9-6b09-4365-9d71-55289e083fa5@group-EFD1D20A002C-LeaderElection646] INFO  impl.LeaderElection (LeaderElection.java:logAndReturn(56)) - bf55b3f9-6b09-4365-9d71-55289e083fa5@group-EFD1D20A002C-LeaderElection646: Election REJECTED; received 2 response(s) [bf55b3f9-6b09-4365-9d71-55289e083fa5<-f4c54511-b161-4347-aec5-5236dc80a0d8#0:FAIL-t757, bf55b3f9-6b09-4365-9d71-55289e083fa5<-907b9765-214b-4864-b66a-d6e2a5789e5c#0:FAIL-t757] and 0 exception(s); bf55b3f9-6b09-4365-9d71-55289e083fa5@group-EFD1D20A002C:t757, leader=null, voted=bf55b3f9-6b09-4365-9d71-55289e083fa5, raftlog=bf55b3f9-6b09-4365-9d71-55289e083fa5@group-EFD1D20A002C-SegmentedRaftLog:OPENED:c-1,f-1,i0, conf=-1: [f4c54511-b161-4347-aec5-5236dc80a0d8:0.0.0.0:41238, 907b9765-214b-4864-b66a-d6e2a5789e5c:0.0.0.0:41650, bf55b3f9-6b09-4365-9d71-55289e083fa5:0.0.0.0:42441], old=null
2019-10-16 18:02:17,429 [bf55b3f9-6b09-4365-9d71-55289e083fa5@group-EFD1D20A002C-LeaderElection646] INFO  impl.RaftServerImpl (RaftServerImpl.java:setRole(184)) - bf55b3f9-6b09-4365-9d71-55289e083fa5@group-EFD1D20A002C: changes role from CANDIDATE to FOLLOWER at term 757 for DISCOVERED_A_NEW_TERM
2019-10-16 18:02:17,430 [bf55b3f9-6b09-4365-9d71-55289e083fa5@group-EFD1D20A002C-LeaderElection646] INFO  impl.RoleInfo (RoleInfo.java:shutdownLeaderElection(134)) - bf55b3f9-6b09-4365-9d71-55289e083fa5: shutdown LeaderElection
2019-10-16 18:02:17,430 [bf55b3f9-6b09-4365-9d71-55289e083fa5@group-EFD1D20A002C-LeaderElection646] INFO  impl.RoleInfo (RoleInfo.java:updateAndGet(143)) - bf55b3f9-6b09-4365-9d71-55289e083fa5: start FollowerState
2019-10-16 18:02:17,581 [Thread-4577] INFO  impl.FollowerState (FollowerState.java:run(108)) - bf55b3f9-6b09-4365-9d71-55289e083fa5@group-EFD1D20A002C-FollowerState: change to CANDIDATE, lastRpcTime:151ms, electionTimeout:151ms
2019-10-16 18:02:17,581 [Thread-4577] INFO  impl.RoleInfo (RoleInfo.java:shutdownFollowerState(121)) - bf55b3f9-6b09-4365-9d71-55289e083fa5: shutdown FollowerState
2019-10-16 18:02:17,581 [Thread-4577] INFO  impl.RaftServerImpl (RaftServerImpl.java:setRole(184)) - bf55b3f9-6b09-4365-9d71-55289e083fa5@group-EFD1D20A002C: changes role from  FOLLOWER to CANDIDATE at term 757 for changeToCandidate
2019-10-16 18:02:17,582 [Thread-4577] INFO  impl.RoleInfo (RoleInfo.java:updateAndGet(143)) - bf55b3f9-6b09-4365-9d71-55289e083fa5: start LeaderElection
2019-10-16 18:02:17,605 [bf55b3f9-6b09-4365-9d71-55289e083fa5@group-EFD1D20A002C-LeaderElection647] INFO  impl.LeaderElection (LeaderElection.java:askForVotes(178)) - bf55b3f9-6b09-4365-9d71-55289e083fa5@group-EFD1D20A002C-LeaderElection647: begin an election at term 758 for -1: [f4c54511-b161-4347-aec5-5236dc80a0d8:0.0.0.0:41238, 907b9765-214b-4864-b66a-d6e2a5789e5c:0.0.0.0:41650, bf55b3f9-6b09-4365-9d71-55289e083fa5:0.0.0.0:42441], old=null
2019-10-16 18:02:17,607 [grpc-default-executor-0] INFO  impl.RaftServerImpl (RaftServerImpl.java:setRole(184)) - f4c54511-b161-4347-aec5-5236dc80a0d8@group-EFD1D20A002C: changes role from  FOLLOWER to FOLLOWER at term 758 for recognizeCandidate:bf55b3f9-6b09-4365-9d71-55289e083fa5
2019-10-16 18:02:17,607 [grpc-default-executor-0] INFO  impl.RoleInfo (RoleInfo.java:shutdownFollowerState(121)) - f4c54511-b161-4347-aec5-5236dc80a0d8: shutdown FollowerState
2019-10-16 18:02:17,607 [grpc-default-executor-2] INFO  impl.RaftServerImpl (RaftServerImpl.java:setRole(184)) - 907b9765-214b-4864-b66a-d6e2a5789e5c@group-EFD1D20A002C: changes role from  FOLLOWER to FOLLOWER at term 758 for recognizeCandidate:bf55b3f9-6b09-4365-9d71-55289e083fa5
2019-10-16 18:02:17,607 [grpc-default-executor-2] INFO  impl.RoleInfo (RoleInfo.java:shutdownFollowerState(121)) - 907b9765-214b-4864-b66a-d6e2a5789e5c: shutdown FollowerState
2019-10-16 18:02:17,607 [Thread-4576] INFO  impl.FollowerState (FollowerState.java:run(117)) - f4c54511-b161-4347-aec5-5236dc80a0d8@group-EFD1D20A002C-FollowerState was interrupted: java.lang.InterruptedException: sleep interrupted
2019-10-16 18:02:17,607 [grpc-default-executor-0] INFO  impl.RoleInfo (RoleInfo.java:updateAndGet(143)) - f4c54511-b161-4347-aec5-5236dc80a0d8: start FollowerState
2019-10-16 18:02:17,607 [Thread-4575] INFO  impl.FollowerState (FollowerState.java:run(117)) - 907b9765-214b-4864-b66a-d6e2a5789e5c@group-EFD1D20A002C-FollowerState was interrupted: java.lang.InterruptedException: sleep interrupted
2019-10-16 18:02:17,607 [grpc-default-executor-2] INFO  impl.RoleInfo (RoleInfo.java:updateAndGet(143)) - 907b9765-214b-4864-b66a-d6e2a5789e5c: start FollowerState
2019-10-16 18:02:17,620 [bf55b3f9-6b09-4365-9d71-55289e083fa5@group-EFD1D20A002C-LeaderElection647] INFO  impl.LeaderElection (LeaderElection.java:logAndReturn(56)) - bf55b3f9-6b09-4365-9d71-55289e083fa5@group-EFD1D20A002C-LeaderElection647: Election TIMEOUT; received 0 response(s) [] and 0 exception(s); bf55b3f9-6b09-4365-9d71-55289e083fa5@group-EFD1D20A002C:t758, leader=null, voted=bf55b3f9-6b09-4365-9d71-55289e083fa5, raftlog=bf55b3f9-6b09-4365-9d71-55289e083fa5@group-EFD1D20A002C-SegmentedRaftLog:OPENED:c-1,f-1,i0, conf=-1: [f4c54511-b161-4347-aec5-5236dc80a0d8:0.0.0.0:41238, 907b9765-214b-4864-b66a-d6e2a5789e5c:0.0.0.0:41650, bf55b3f9-6b09-4365-9d71-55289e083fa5:0.0.0.0:42441], old=null
2019-10-16 18:02:17,647 [bf55b3f9-6b09-4365-9d71-55289e083fa5@group-EFD1D20A002C-LeaderElection647] INFO  impl.LeaderElection (LeaderElection.java:askForVotes(178)) - bf55b3f9-6b09-4365-9d71-55289e083fa5@group-EFD1D20A002C-LeaderElection647: begin an election at term 759 for -1: [f4c54511-b161-4347-aec5-5236dc80a0d8:0.0.0.0:41238, 907b9765-214b-4864-b66a-d6e2a5789e5c:0.0.0.0:41650, bf55b3f9-6b09-4365-9d71-55289e083fa5:0.0.0.0:42441], old=null
2019-10-16 18:02:17,649 [grpc-default-executor-0] INFO  impl.RaftServerImpl (RaftServerImpl.java:setRole(184)) - 907b9765-214b-4864-b66a-d6e2a5789e5c@group-EFD1D20A002C: changes role from  FOLLOWER to FOLLOWER at term 759 for recognizeCandidate:bf55b3f9-6b09-4365-9d71-55289e083fa5
2019-10-16 18:02:17,649 [grpc-default-executor-0] INFO  impl.RoleInfo (RoleInfo.java:shutdownFollowerState(121)) - 907b9765-214b-4864-b66a-d6e2a5789e5c: shutdown FollowerState
2019-10-16 18:02:17,649 [grpc-default-executor-2] INFO  impl.RaftServerImpl (RaftServerImpl.java:setRole(184)) - f4c54511-b161-4347-aec5-5236dc80a0d8@group-EFD1D20A002C: changes role from  FOLLOWER to FOLLOWER at term 759 for recognizeCandidate:bf55b3f9-6b09-4365-9d71-55289e083fa5
2019-10-16 18:02:17,649 [Thread-4584] INFO  impl.FollowerState (FollowerState.java:run(117)) - 907b9765-214b-4864-b66a-d6e2a5789e5c@group-EFD1D20A002C-FollowerState was interrupted: java.lang.InterruptedException: sleep interrupted
2019-10-16 18:02:17,649 [grpc-default-executor-0] INFO  impl.RoleInfo (RoleInfo.java:updateAndGet(143)) - 907b9765-214b-4864-b66a-d6e2a5789e5c: start FollowerState
2019-10-16 18:02:17,649 [grpc-default-executor-2] INFO  impl.RoleInfo (RoleInfo.java:shutdownFollowerState(121)) - f4c54511-b161-4347-aec5-5236dc80a0d8: shutdown FollowerState
2019-10-16 18:02:17,650 [grpc-default-executor-2] INFO  impl.RoleInfo (RoleInfo.java:updateAndGet(143)) - f4c54511-b161-4347-aec5-5236dc80a0d8: start FollowerState
2019-10-16 18:02:17,650 [Thread-4583] INFO  impl.FollowerState (FollowerState.java:run(117)) - f4c54511-b161-4347-aec5-5236dc80a0d8@group-EFD1D20A002C-FollowerState was interrupted: java.lang.InterruptedException: sleep interrupted
2019-10-16 18:02:17,665 [bf55b3f9-6b09-4365-9d71-55289e083fa5@group-EFD1D20A002C-LeaderElection647] INFO  impl.LeaderElection (LeaderElection.java:logAndReturn(56)) - bf55b3f9-6b09-4365-9d71-55289e083fa5@group-EFD1D20A002C-LeaderElection647: Election REJECTED; received 2 response(s) [bf55b3f9-6b09-4365-9d71-55289e083fa5<-f4c54511-b161-4347-aec5-5236dc80a0d8#0:FAIL-t759, bf55b3f9-6b09-4365-9d71-55289e083fa5<-907b9765-214b-4864-b66a-d6e2a5789e5c#0:FAIL-t759] and 0 exception(s); bf55b3f9-6b09-4365-9d71-55289e083fa5@group-EFD1D20A002C:t759, leader=null, voted=bf55b3f9-6b09-4365-9d71-55289e083fa5, raftlog=bf55b3f9-6b09-4365-9d71-55289e083fa5@group-EFD1D20A002C-SegmentedRaftLog:OPENED:c-1,f-1,i0, conf=-1: [f4c54511-b161-4347-aec5-5236dc80a0d8:0.0.0.0:41238, 907b9765-214b-4864-b66a-d6e2a5789e5c:0.0.0.0:41650, bf55b3f9-6b09-4365-9d71-55289e083fa5:0.0.0.0:42441], old=null
2019-10-16 18:02:17,665 [bf55b3f9-6b09-4365-9d71-55289e083fa5@group-EFD1D20A002C-LeaderElection647] INFO  impl.RaftServerImpl (RaftServerImpl.java:setRole(184)) - bf55b3f9-6b09-4365-9d71-55289e083fa5@group-EFD1D20A002C: changes role from CANDIDATE to FOLLOWER at term 759 for DISCOVERED_A_NEW_TERM
2019-10-16 18:02:17,666 [bf55b3f9-6b09-4365-9d71-55289e083fa5@group-EFD1D20A002C-LeaderElection647] INFO  impl.RoleInfo (RoleInfo.java:shutdownLeaderElection(134)) - bf55b3f9-6b09-4365-9d71-55289e083fa5: shutdown LeaderElection
2019-10-16 18:02:17,666 [bf55b3f9-6b09-4365-9d71-55289e083fa5@group-EFD1D20A002C-LeaderElection647] INFO  impl.RoleInfo (RoleInfo.java:updateAndGet(143)) - bf55b3f9-6b09-4365-9d71-55289e083fa5: start FollowerState
2019-10-16 18:02:17,823 [Thread-4589] INFO  impl.FollowerState (FollowerState.java:run(108)) - bf55b3f9-6b09-4365-9d71-55289e083fa5@group-EFD1D20A002C-FollowerState: change to CANDIDATE, lastRpcTime:157ms, electionTimeout:157ms
2019-10-16 18:02:17,823 [Thread-4589] INFO  impl.RoleInfo (RoleInfo.java:shutdownFollowerState(121)) - bf55b3f9-6b09-4365-9d71-55289e083fa5: shutdown FollowerState
2019-10-16 18:02:17,823 [Thread-4589] INFO  impl.RaftServerImpl (RaftServerImpl.java:setRole(184)) - bf55b3f9-6b09-4365-9d71-55289e083fa5@group-EFD1D20A002C: changes role from  FOLLOWER to CANDIDATE at term 759 for changeToCandidate
2019-10-16 18:02:17,824 [Thread-4589] INFO  impl.RoleInfo (RoleInfo.java:updateAndGet(143)) - bf55b3f9-6b09-4365-9d71-55289e083fa5: start LeaderElection
2019-10-16 18:02:17,850 [bf55b3f9-6b09-4365-9d71-55289e083fa5@group-EFD1D20A002C-LeaderElection648] INFO  impl.LeaderElection (LeaderElection.java:askForVotes(178)) - bf55b3f9-6b09-4365-9d71-55289e083fa5@group-EFD1D20A002C-LeaderElection648: begin an election at term 760 for -1: [f4c54511-b161-4347-aec5-5236dc80a0d8:0.0.0.0:41238, 907b9765-214b-4864-b66a-d6e2a5789e5c:0.0.0.0:41650, bf55b3f9-6b09-4365-9d71-55289e083fa5:0.0.0.0:42441], old=null
2019-10-16 18:02:17,852 [grpc-default-executor-0] INFO  impl.RaftServerImpl (RaftServerImpl.java:setRole(184)) - f4c54511-b161-4347-aec5-5236dc80a0d8@group-EFD1D20A002C: changes role from  FOLLOWER to FOLLOWER at term 760 for recognizeCandidate:bf55b3f9-6b09-4365-9d71-55289e083fa5
2019-10-16 18:02:17,852 [grpc-default-executor-0] INFO  impl.RoleInfo (RoleInfo.java:shutdownFollowerState(121)) - f4c54511-b161-4347-aec5-5236dc80a0d8: shutdown FollowerState
2019-10-16 18:02:17,852 [grpc-default-executor-2] INFO  impl.RaftServerImpl (RaftServerImpl.java:setRole(184)) - 907b9765-214b-4864-b66a-d6e2a5789e5c@group-EFD1D20A002C: changes role from  FOLLOWER to FOLLOWER at term 760 for recognizeCandidate:bf55b3f9-6b09-4365-9d71-55289e083fa5
2019-10-16 18:02:17,853 [grpc-default-executor-2] INFO  impl.RoleInfo (RoleInfo.java:shutdownFollowerState(121)) - 907b9765-214b-4864-b66a-d6e2a5789e5c: shutdown FollowerState
2019-10-16 18:02:17,853 [Thread-4588] INFO  impl.FollowerState (FollowerState.java:run(117)) - f4c54511-b161-4347-aec5-5236dc80a0d8@group-EFD1D20A002C-FollowerState was interrupted: java.lang.InterruptedException: sleep interrupted
2019-10-16 18:02:17,853 [grpc-default-executor-0] INFO  impl.RoleInfo (RoleInfo.java:updateAndGet(143)) - f4c54511-b161-4347-aec5-5236dc80a0d8: start FollowerState
2019-10-16 18:02:17,853 [Thread-4587] INFO  impl.FollowerState (FollowerState.java:run(117)) - 907b9765-214b-4864-b66a-d6e2a5789e5c@group-EFD1D20A002C-FollowerState was interrupted: java.lang.InterruptedException: sleep interrupted
2019-10-16 18:02:17,853 [grpc-default-executor-2] INFO  impl.RoleInfo (RoleInfo.java:updateAndGet(143)) - 907b9765-214b-4864-b66a-d6e2a5789e5c: start FollowerState
2019-10-16 18:02:17,877 [bf55b3f9-6b09-4365-9d71-55289e083fa5@group-EFD1D20A002C-LeaderElection648] INFO  impl.LeaderElection (LeaderElection.java:logAndReturn(56)) - bf55b3f9-6b09-4365-9d71-55289e083fa5@group-EFD1D20A002C-LeaderElection648: Election REJECTED; received 2 response(s) [bf55b3f9-6b09-4365-9d71-55289e083fa5<-f4c54511-b161-4347-aec5-5236dc80a0d8#0:FAIL-t760, bf55b3f9-6b09-4365-9d71-55289e083fa5<-907b9765-214b-4864-b66a-d6e2a5789e5c#0:FAIL-t760] and 0 exception(s); bf55b3f9-6b09-4365-9d71-55289e083fa5@group-EFD1D20A002C:t760, leader=null, voted=bf55b3f9-6b09-4365-9d71-55289e083fa5, raftlog=bf55b3f9-6b09-4365-9d71-55289e083fa5@group-EFD1D20A002C-SegmentedRaftLog:OPENED:c-1,f-1,i0, conf=-1: [f4c54511-b161-4347-aec5-5236dc80a0d8:0.0.0.0:41238, 907b9765-214b-4864-b66a-d6e2a5789e5c:0.0.0.0:41650, bf55b3f9-6b09-4365-9d71-55289e083fa5:0.0.0.0:42441], old=null
2019-10-16 18:02:17,877 [bf55b3f9-6b09-4365-9d71-55289e083fa5@group-EFD1D20A002C-LeaderElection648] INFO  impl.RaftServerImpl (RaftServerImpl.java:setRole(184)) - bf55b3f9-6b09-4365-9d71-55289e083fa5@group-EFD1D20A002C: changes role from CANDIDATE to FOLLOWER at term 760 for DISCOVERED_A_NEW_TERM
2019-10-16 18:02:17,877 [bf55b3f9-6b09-4365-9d71-55289e083fa5@group-EFD1D20A002C-LeaderElection648] INFO  impl.RoleInfo (RoleInfo.java:shutdownLeaderElection(134)) - bf55b3f9-6b09-4365-9d71-55289e083fa5: shutdown LeaderElection
2019-10-16 18:02:17,877 [bf55b3f9-6b09-4365-9d71-55289e083fa5@group-EFD1D20A002C-LeaderElection648] INFO  impl.RoleInfo (RoleInfo.java:updateAndGet(143)) - bf55b3f9-6b09-4365-9d71-55289e083fa5: start FollowerState
2019-10-16 18:02:18,056 [Thread-4595] INFO  impl.FollowerState (FollowerState.java:run(108)) - bf55b3f9-6b09-4365-9d71-55289e083fa5@group-EFD1D20A002C-FollowerState: change to CANDIDATE, lastRpcTime:178ms, electionTimeout:178ms
2019-10-16 18:02:18,056 [Thread-4595] INFO  impl.RoleInfo (RoleInfo.java:shutdownFollowerState(121)) - bf55b3f9-6b09-4365-9d71-55289e083fa5: shutdown FollowerState
2019-10-16 18:02:18,057 [Thread-4595] INFO  impl.RaftServerImpl (RaftServerImpl.java:setRole(184)) - bf55b3f9-6b09-4365-9d71-55289e083fa5@group-EFD1D20A002C: changes role from  FOLLOWER to CANDIDATE at term 760 for changeToCandidate
2019-10-16 18:02:18,057 [Thread-4595] INFO  impl.RoleInfo (RoleInfo.java:updateAndGet(143)) - bf55b3f9-6b09-4365-9d71-55289e083fa5: start LeaderElection
2019-10-16 18:02:18,085 [bf55b3f9-6b09-4365-9d71-55289e083fa5@group-EFD1D20A002C-LeaderElection649] INFO  impl.LeaderElection (LeaderElection.java:askForVotes(178)) - bf55b3f9-6b09-4365-9d71-55289e083fa5@group-EFD1D20A002C-LeaderElection649: begin an election at term 761 for -1: [f4c54511-b161-4347-aec5-5236dc80a0d8:0.0.0.0:41238, 907b9765-214b-4864-b66a-d6e2a5789e5c:0.0.0.0:41650, bf55b3f9-6b09-4365-9d71-55289e083fa5:0.0.0.0:42441], old=null
2019-10-16 18:02:18,087 [grpc-default-executor-2] INFO  impl.RaftServerImpl (RaftServerImpl.java:setRole(184)) - 907b9765-214b-4864-b66a-d6e2a5789e5c@group-EFD1D20A002C: changes role from  FOLLOWER to FOLLOWER at term 761 for recognizeCandidate:bf55b3f9-6b09-4365-9d71-55289e083fa5
2019-10-16 18:02:18,087 [grpc-default-executor-2] INFO  impl.RoleInfo (RoleInfo.java:shutdownFollowerState(121)) - 907b9765-214b-4864-b66a-d6e2a5789e5c: shutdown FollowerState
2019-10-16 18:02:18,087 [grpc-default-executor-0] INFO  impl.RaftServerImpl (RaftServerImpl.java:setRole(184)) - f4c54511-b161-4347-aec5-5236dc80a0d8@group-EFD1D20A002C: changes role from  FOLLOWER to FOLLOWER at term 761 for recognizeCandidate:bf55b3f9-6b09-4365-9d71-55289e083fa5
2019-10-16 18:02:18,087 [grpc-default-executor-0] INFO  impl.RoleInfo (RoleInfo.java:shutdownFollowerState(121)) - f4c54511-b161-4347-aec5-5236dc80a0d8: shutdown FollowerState
2019-10-16 18:02:18,087 [grpc-default-executor-2] INFO  impl.RoleInfo (RoleInfo.java:updateAndGet(143)) - 907b9765-214b-4864-b66a-d6e2a5789e5c: start FollowerState
2019-10-16 18:02:18,087 [Thread-4593] INFO  impl.FollowerState (FollowerState.java:run(117)) - f4c54511-b161-4347-aec5-5236dc80a0d8@group-EFD1D20A002C-FollowerState was interrupted: java.lang.InterruptedException: sleep interrupted
2019-10-16 18:02:18,087 [Thread-4594] INFO  impl.FollowerState (FollowerState.java:run(117)) - 907b9765-214b-4864-b66a-d6e2a5789e5c@group-EFD1D20A002C-FollowerState was interrupted: java.lang.InterruptedException: sleep interrupted
2019-10-16 18:02:18,087 [grpc-default-executor-0] INFO  impl.RoleInfo (RoleInfo.java:updateAndGet(143)) - f4c54511-b161-4347-aec5-5236dc80a0d8: start FollowerState
2019-10-16 18:02:18,111 [bf55b3f9-6b09-4365-9d71-55289e083fa5@group-EFD1D20A002C-LeaderElection649] INFO  impl.LeaderElection (LeaderElection.java:logAndReturn(56)) - bf55b3f9-6b09-4365-9d71-55289e083fa5@group-EFD1D20A002C-LeaderElection649: Election REJECTED; received 2 response(s) [bf55b3f9-6b09-4365-9d71-55289e083fa5<-f4c54511-b161-4347-aec5-5236dc80a0d8#0:FAIL-t761, bf55b3f9-6b09-4365-9d71-55289e083fa5<-907b9765-214b-4864-b66a-d6e2a5789e5c#0:FAIL-t761] and 0 exception(s); bf55b3f9-6b09-4365-9d71-55289e083fa5@group-EFD1D20A002C:t761, leader=null, voted=bf55b3f9-6b09-4365-9d71-55289e083fa5, raftlog=bf55b3f9-6b09-4365-9d71-55289e083fa5@group-EFD1D20A002C-SegmentedRaftLog:OPENED:c-1,f-1,i0, conf=-1: [f4c54511-b161-4347-aec5-5236dc80a0d8:0.0.0.0:41238, 907b9765-214b-4864-b66a-d6e2a5789e5c:0.0.0.0:41650, bf55b3f9-6b09-4365-9d71-55289e083fa5:0.0.0.0:42441], old=null
2019-10-16 18:02:18,111 [bf55b3f9-6b09-4365-9d71-55289e083fa5@group-EFD1D20A002C-LeaderElection649] INFO  impl.RaftServerImpl (RaftServerImpl.java:setRole(184)) - bf55b3f9-6b09-4365-9d71-55289e083fa5@group-EFD1D20A002C: changes role from CANDIDATE to FOLLOWER at term 761 for DISCOVERED_A_NEW_TERM
2019-10-16 18:02:18,112 [bf55b3f9-6b09-4365-9d71-55289e083fa5@group-EFD1D20A002C-LeaderElection649] INFO  impl.RoleInfo (RoleInfo.java:shutdownLeaderElection(134)) - bf55b3f9-6b09-4365-9d71-55289e083fa5: shutdown LeaderElection
2019-10-16 18:02:18,112 [bf55b3f9-6b09-4365-9d71-55289e083fa5@group-EFD1D20A002C-LeaderElection649] INFO  impl.RoleInfo (RoleInfo.java:updateAndGet(143)) - bf55b3f9-6b09-4365-9d71-55289e083fa5: start FollowerState
2019-10-16 18:02:18,245 [Thread-4601] INFO  impl.FollowerState (FollowerState.java:run(108)) - bf55b3f9-6b09-4365-9d71-55289e083fa5@group-EFD1D20A002C-FollowerState: change to CANDIDATE, lastRpcTime:133ms, electionTimeout:133ms
2019-10-16 18:02:18,245 [Thread-4601] INFO  impl.RoleInfo (RoleInfo.java:shutdownFollowerState(121)) - bf55b3f9-6b09-4365-9d71-55289e083fa5: shutdown FollowerState
2019-10-16 18:02:18,245 [Thread-4601] INFO  impl.RaftServerImpl (RaftServerImpl.java:setRole(184)) - bf55b3f9-6b09-4365-9d71-55289e083fa5@group-EFD1D20A002C: changes role from  FOLLOWER to CANDIDATE at term 761 for changeToCandidate
2019-10-16 18:02:18,245 [Thread-4601] INFO  impl.RoleInfo (RoleInfo.java:updateAndGet(143)) - bf55b3f9-6b09-4365-9d71-55289e083fa5: start LeaderElection
2019-10-16 18:02:18,270 [bf55b3f9-6b09-4365-9d71-55289e083fa5@group-EFD1D20A002C-LeaderElection650] INFO  impl.LeaderElection (LeaderElection.java:askForVotes(178)) - bf55b3f9-6b09-4365-9d71-55289e083fa5@group-EFD1D20A002C-LeaderElection650: begin an election at term 762 for -1: [f4c54511-b161-4347-aec5-5236dc80a0d8:0.0.0.0:41238, 907b9765-214b-4864-b66a-d6e2a5789e5c:0.0.0.0:41650, bf55b3f9-6b09-4365-9d71-55289e083fa5:0.0.0.0:42441], old=null
2019-10-16 18:02:18,272 [grpc-default-executor-0] INFO  impl.RaftServerImpl (RaftServerImpl.java:setRole(184)) - f4c54511-b161-4347-aec5-5236dc80a0d8@group-EFD1D20A002C: changes role from  FOLLOWER to FOLLOWER at term 762 for recognizeCandidate:bf55b3f9-6b09-4365-9d71-55289e083fa5
2019-10-16 18:02:18,272 [grpc-default-executor-0] INFO  impl.RoleInfo (RoleInfo.java:shutdownFollowerState(121)) - f4c54511-b161-4347-aec5-5236dc80a0d8: shutdown FollowerState
2019-10-16 18:02:18,272 [grpc-default-executor-0] INFO  impl.RoleInfo (RoleInfo.java:updateAndGet(143)) - f4c54511-b161-4347-aec5-5236dc80a0d8: start FollowerState
2019-10-16 18:02:18,272 [grpc-default-executor-2] INFO  impl.RaftServerImpl (RaftServerImpl.java:setRole(184)) - 907b9765-214b-4864-b66a-d6e2a5789e5c@group-EFD1D20A002C: changes role from  FOLLOWER to FOLLOWER at term 762 for recognizeCandidate:bf55b3f9-6b09-4365-9d71-55289e083fa5
2019-10-16 18:02:18,272 [grpc-default-executor-2] INFO  impl.RoleInfo (RoleInfo.java:shutdownFollowerState(121)) - 907b9765-214b-4864-b66a-d6e2a5789e5c: shutdown FollowerState
2019-10-16 18:02:18,272 [Thread-4600] INFO  impl.FollowerState (FollowerState.java:run(117)) - f4c54511-b161-4347-aec5-5236dc80a0d8@group-EFD1D20A002C-FollowerState was interrupted: java.lang.InterruptedException: sleep interrupted
2019-10-16 18:02:18,272 [Thread-4599] INFO  impl.FollowerState (FollowerState.java:run(117)) - 907b9765-214b-4864-b66a-d6e2a5789e5c@group-EFD1D20A002C-FollowerState was interrupted: java.lang.InterruptedException: sleep interrupted
2019-10-16 18:02:18,272 [grpc-default-executor-2] INFO  impl.RoleInfo (RoleInfo.java:updateAndGet(143)) - 907b9765-214b-4864-b66a-d6e2a5789e5c: start FollowerState
2019-10-16 18:02:18,296 [bf55b3f9-6b09-4365-9d71-55289e083fa5@group-EFD1D20A002C-LeaderElection650] INFO  impl.LeaderElection (LeaderElection.java:logAndReturn(56)) - bf55b3f9-6b09-4365-9d71-55289e083fa5@group-EFD1D20A002C-LeaderElection650: Election REJECTED; received 2 response(s) [bf55b3f9-6b09-4365-9d71-55289e083fa5<-f4c54511-b161-4347-aec5-5236dc80a0d8#0:FAIL-t762, bf55b3f9-6b09-4365-9d71-55289e083fa5<-907b9765-214b-4864-b66a-d6e2a5789e5c#0:FAIL-t762] and 0 exception(s); bf55b3f9-6b09-4365-9d71-55289e083fa5@group-EFD1D20A002C:t762, leader=null, voted=bf55b3f9-6b09-4365-9d71-55289e083fa5, raftlog=bf55b3f9-6b09-4365-9d71-55289e083fa5@group-EFD1D20A002C-SegmentedRaftLog:OPENED:c-1,f-1,i0, conf=-1: [f4c54511-b161-4347-aec5-5236dc80a0d8:0.0.0.0:41238, 907b9765-214b-4864-b66a-d6e2a5789e5c:0.0.0.0:41650, bf55b3f9-6b09-4365-9d71-55289e083fa5:0.0.0.0:42441], old=null
2019-10-16 18:02:18,297 [bf55b3f9-6b09-4365-9d71-55289e083fa5@group-EFD1D20A002C-LeaderElection650] INFO  impl.RaftServerImpl (RaftServerImpl.java:setRole(184)) - bf55b3f9-6b09-4365-9d71-55289e083fa5@group-EFD1D20A002C: changes role from CANDIDATE to FOLLOWER at term 762 for DISCOVERED_A_NEW_TERM
2019-10-16 18:02:18,297 [bf55b3f9-6b09-4365-9d71-55289e083fa5@group-EFD1D20A002C-LeaderElection650] INFO  impl.RoleInfo (RoleInfo.java:shutdownLeaderElection(134)) - bf55b3f9-6b09-4365-9d71-55289e083fa5: shutdown LeaderElection
2019-10-16 18:02:18,297 [bf55b3f9-6b09-4365-9d71-55289e083fa5@group-EFD1D20A002C-LeaderElection650] INFO  impl.RoleInfo (RoleInfo.java:updateAndGet(143)) - bf55b3f9-6b09-4365-9d71-55289e083fa5: start FollowerState
2019-10-16 18:02:18,451 [Thread-4607] INFO  impl.FollowerState (FollowerState.java:run(108)) - bf55b3f9-6b09-4365-9d71-55289e083fa5@group-EFD1D20A002C-FollowerState: change to CANDIDATE, lastRpcTime:154ms, electionTimeout:154ms
2019-10-16 18:02:18,451 [Thread-4607] INFO  impl.RoleInfo (RoleInfo.java:shutdownFollowerState(121)) - bf55b3f9-6b09-4365-9d71-55289e083fa5: shutdown FollowerState
2019-10-16 18:02:18,451 [Thread-4607] INFO  impl.RaftServerImpl (RaftServerImpl.java:setRole(184)) - bf55b3f9-6b09-4365-9d71-55289e083fa5@group-EFD1D20A002C: changes role from  FOLLOWER to CANDIDATE at term 762 for changeToCandidate
2019-10-16 18:02:18,451 [Thread-4607] INFO  impl.RoleInfo (RoleInfo.java:updateAndGet(143)) - bf55b3f9-6b09-4365-9d71-55289e083fa5: start LeaderElection
2019-10-16 18:02:18,472 [bf55b3f9-6b09-4365-9d71-55289e083fa5@group-EFD1D20A002C-LeaderElection651] INFO  impl.LeaderElection (LeaderElection.java:askForVotes(178)) - bf55b3f9-6b09-4365-9d71-55289e083fa5@group-EFD1D20A002C-LeaderElection651: begin an election at term 763 for -1: [f4c54511-b161-4347-aec5-5236dc80a0d8:0.0.0.0:41238, 907b9765-214b-4864-b66a-d6e2a5789e5c:0.0.0.0:41650, bf55b3f9-6b09-4365-9d71-55289e083fa5:0.0.0.0:42441], old=null
2019-10-16 18:02:18,473 [grpc-default-executor-3] INFO  impl.RaftServerImpl (RaftServerImpl.java:setRole(184)) - f4c54511-b161-4347-aec5-5236dc80a0d8@group-EFD1D20A002C: changes role from  FOLLOWER to FOLLOWER at term 763 for recognizeCandidate:bf55b3f9-6b09-4365-9d71-55289e083fa5
2019-10-16 18:02:18,473 [grpc-default-executor-3] INFO  impl.RoleInfo (RoleInfo.java:shutdownFollowerState(121)) - f4c54511-b161-4347-aec5-5236dc80a0d8: shutdown FollowerState
2019-10-16 18:02:18,473 [grpc-default-executor-2] INFO  impl.RaftServerImpl (RaftServerImpl.java:setRole(184)) - 907b9765-214b-4864-b66a-d6e2a5789e5c@group-EFD1D20A002C: changes role from  FOLLOWER to FOLLOWER at term 763 for recognizeCandidate:bf55b3f9-6b09-4365-9d71-55289e083fa5
2019-10-16 18:02:18,474 [grpc-default-executor-2] INFO  impl.RoleInfo (RoleInfo.java:shutdownFollowerState(121)) - 907b9765-214b-4864-b66a-d6e2a5789e5c: shutdown FollowerState
2019-10-16 18:02:18,474 [Thread-4605] INFO  impl.FollowerState (FollowerState.java:run(117)) - f4c54511-b161-4347-aec5-5236dc80a0d8@group-EFD1D20A002C-FollowerState was interrupted: java.lang.InterruptedException: sleep interrupted
2019-10-16 18:02:18,474 [grpc-default-executor-3] INFO  impl.RoleInfo (RoleInfo.java:updateAndGet(143)) - f4c54511-b161-4347-aec5-5236dc80a0d8: start FollowerState
2019-10-16 18:02:18,474 [Thread-4606] INFO  impl.FollowerState (FollowerState.java:run(117)) - 907b9765-214b-4864-b66a-d6e2a5789e5c@group-EFD1D20A002C-FollowerState was interrupted: java.lang.InterruptedException: sleep interrupted
2019-10-16 18:02:18,474 [grpc-default-executor-2] INFO  impl.RoleInfo (RoleInfo.java:updateAndGet(143)) - 907b9765-214b-4864-b66a-d6e2a5789e5c: start FollowerState
2019-10-16 18:02:18,498 [bf55b3f9-6b09-4365-9d71-55289e083fa5@group-EFD1D20A002C-LeaderElection651] INFO  impl.LeaderElection (LeaderElection.java:logAndReturn(56)) - bf55b3f9-6b09-4365-9d71-55289e083fa5@group-EFD1D20A002C-LeaderElection651: Election REJECTED; received 2 response(s) [bf55b3f9-6b09-4365-9d71-55289e083fa5<-f4c54511-b161-4347-aec5-5236dc80a0d8#0:FAIL-t763, bf55b3f9-6b09-4365-9d71-55289e083fa5<-907b9765-214b-4864-b66a-d6e2a5789e5c#0:FAIL-t763] and 0 exception(s); bf55b3f9-6b09-4365-9d71-55289e083fa5@group-EFD1D20A002C:t763, leader=null, voted=bf55b3f9-6b09-4365-9d71-55289e083fa5, raftlog=bf55b3f9-6b09-4365-9d71-55289e083fa5@group-EFD1D20A002C-SegmentedRaftLog:OPENED:c-1,f-1,i0, conf=-1: [f4c54511-b161-4347-aec5-5236dc80a0d8:0.0.0.0:41238, 907b9765-214b-4864-b66a-d6e2a5789e5c:0.0.0.0:41650, bf55b3f9-6b09-4365-9d71-55289e083fa5:0.0.0.0:42441], old=null
2019-10-16 18:02:18,499 [bf55b3f9-6b09-4365-9d71-55289e083fa5@group-EFD1D20A002C-LeaderElection651] INFO  impl.RaftServerImpl (RaftServerImpl.java:setRole(184)) - bf55b3f9-6b09-4365-9d71-55289e083fa5@group-EFD1D20A002C: changes role from CANDIDATE to FOLLOWER at term 763 for DISCOVERED_A_NEW_TERM
2019-10-16 18:02:18,499 [bf55b3f9-6b09-4365-9d71-55289e083fa5@group-EFD1D20A002C-LeaderElection651] INFO  impl.RoleInfo (RoleInfo.java:shutdownLeaderElection(134)) - bf55b3f9-6b09-4365-9d71-55289e083fa5: shutdown LeaderElection
2019-10-16 18:02:18,499 [bf55b3f9-6b09-4365-9d71-55289e083fa5@group-EFD1D20A002C-LeaderElection651] INFO  impl.RoleInfo (RoleInfo.java:updateAndGet(143)) - bf55b3f9-6b09-4365-9d71-55289e083fa5: start FollowerState
2019-10-16 18:02:18,682 [Thread-4615] INFO  impl.FollowerState (FollowerState.java:run(108)) - bf55b3f9-6b09-4365-9d71-55289e083fa5@group-EFD1D20A002C-FollowerState: change to CANDIDATE, lastRpcTime:183ms, electionTimeout:183ms
2019-10-16 18:02:18,683 [Thread-4615] INFO  impl.RoleInfo (RoleInfo.java:shutdownFollowerState(121)) - bf55b3f9-6b09-4365-9d71-55289e083fa5: shutdown FollowerState
2019-10-16 18:02:18,683 [Thread-4615] INFO  impl.RaftServerImpl (RaftServerImpl.java:setRole(184)) - bf55b3f9-6b09-4365-9d71-55289e083fa5@group-EFD1D20A002C: changes role from  FOLLOWER to CANDIDATE at term 763 for changeToCandidate
2019-10-16 18:02:18,683 [Thread-4615] INFO  impl.RoleInfo (RoleInfo.java:updateAndGet(143)) - bf55b3f9-6b09-4365-9d71-55289e083fa5: start LeaderElection
2019-10-16 18:02:18,715 [bf55b3f9-6b09-4365-9d71-55289e083fa5@group-EFD1D20A002C-LeaderElection652] INFO  impl.LeaderElection (LeaderElection.java:askForVotes(178)) - bf55b3f9-6b09-4365-9d71-55289e083fa5@group-EFD1D20A002C-LeaderElection652: begin an election at term 764 for -1: [f4c54511-b161-4347-aec5-5236dc80a0d8:0.0.0.0:41238, 907b9765-214b-4864-b66a-d6e2a5789e5c:0.0.0.0:41650, bf55b3f9-6b09-4365-9d71-55289e083fa5:0.0.0.0:42441], old=null
2019-10-16 18:02:18,717 [grpc-default-executor-2] INFO  impl.RaftServerImpl (RaftServerImpl.java:setRole(184)) - f4c54511-b161-4347-aec5-5236dc80a0d8@group-EFD1D20A002C: changes role from  FOLLOWER to FOLLOWER at term 764 for recognizeCandidate:bf55b3f9-6b09-4365-9d71-55289e083fa5
2019-10-16 18:02:18,717 [grpc-default-executor-3] INFO  impl.RaftServerImpl (RaftServerImpl.java:setRole(184)) - 907b9765-214b-4864-b66a-d6e2a5789e5c@group-EFD1D20A002C: changes role from  FOLLOWER to FOLLOWER at term 764 for recognizeCandidate:bf55b3f9-6b09-4365-9d71-55289e083fa5
2019-10-16 18:02:18,717 [grpc-default-executor-3] INFO  impl.RoleInfo (RoleInfo.java:shutdownFollowerState(121)) - 907b9765-214b-4864-b66a-d6e2a5789e5c: shutdown FollowerState
2019-10-16 18:02:18,717 [grpc-default-executor-2] INFO  impl.RoleInfo (RoleInfo.java:shutdownFollowerState(121)) - f4c54511-b161-4347-aec5-5236dc80a0d8: shutdown FollowerState
2019-10-16 18:02:18,718 [Thread-4614] INFO  impl.FollowerState (FollowerState.java:run(117)) - 907b9765-214b-4864-b66a-d6e2a5789e5c@group-EFD1D20A002C-FollowerState was interrupted: java.lang.InterruptedException: sleep interrupted
2019-10-16 18:02:18,717 [grpc-default-executor-3] INFO  impl.RoleInfo (RoleInfo.java:updateAndGet(143)) - 907b9765-214b-4864-b66a-d6e2a5789e5c: start FollowerState
2019-10-16 18:02:18,718 [Thread-4612] INFO  impl.FollowerState (FollowerState.java:run(117)) - f4c54511-b161-4347-aec5-5236dc80a0d8@group-EFD1D20A002C-FollowerState was interrupted: java.lang.InterruptedException: sleep interrupted
2019-10-16 18:02:18,718 [grpc-default-executor-2] INFO  impl.RoleInfo (RoleInfo.java:updateAndGet(143)) - f4c54511-b161-4347-aec5-5236dc80a0d8: start FollowerState
2019-10-16 18:02:18,750 [bf55b3f9-6b09-4365-9d71-55289e083fa5@group-EFD1D20A002C-LeaderElection652] INFO  impl.LeaderElection (LeaderElection.java:logAndReturn(56)) - bf55b3f9-6b09-4365-9d71-55289e083fa5@group-EFD1D20A002C-LeaderElection652: Election REJECTED; received 2 response(s) [bf55b3f9-6b09-4365-9d71-55289e083fa5<-f4c54511-b161-4347-aec5-5236dc80a0d8#0:FAIL-t764, bf55b3f9-6b09-4365-9d71-55289e083fa5<-907b9765-214b-4864-b66a-d6e2a5789e5c#0:FAIL-t764] and 0 exception(s); bf55b3f9-6b09-4365-9d71-55289e083fa5@group-EFD1D20A002C:t764, leader=null, voted=bf55b3f9-6b09-4365-9d71-55289e083fa5, raftlog=bf55b3f9-6b09-4365-9d71-55289e083fa5@group-EFD1D20A002C-SegmentedRaftLog:OPENED:c-1,f-1,i0, conf=-1: [f4c54511-b161-4347-aec5-5236dc80a0d8:0.0.0.0:41238, 907b9765-214b-4864-b66a-d6e2a5789e5c:0.0.0.0:41650, bf55b3f9-6b09-4365-9d71-55289e083fa5:0.0.0.0:42441], old=null
2019-10-16 18:02:18,750 [bf55b3f9-6b09-4365-9d71-55289e083fa5@group-EFD1D20A002C-LeaderElection652] INFO  impl.RaftServerImpl (RaftServerImpl.java:setRole(184)) - bf55b3f9-6b09-4365-9d71-55289e083fa5@group-EFD1D20A002C: changes role from CANDIDATE to FOLLOWER at term 764 for DISCOVERED_A_NEW_TERM
2019-10-16 18:02:18,750 [bf55b3f9-6b09-4365-9d71-55289e083fa5@group-EFD1D20A002C-LeaderElection652] INFO  impl.RoleInfo (RoleInfo.java:shutdownLeaderElection(134)) - bf55b3f9-6b09-4365-9d71-55289e083fa5: shutdown LeaderElection
2019-10-16 18:02:18,750 [bf55b3f9-6b09-4365-9d71-55289e083fa5@group-EFD1D20A002C-LeaderElection652] INFO  impl.RoleInfo (RoleInfo.java:updateAndGet(143)) - bf55b3f9-6b09-4365-9d71-55289e083fa5: start FollowerState
2019-10-16 18:02:18,856 [Thread-4621] INFO  impl.FollowerState (FollowerState.java:run(108)) - bf55b3f9-6b09-4365-9d71-55289e083fa5@group-EFD1D20A002C-FollowerState: change to CANDIDATE, lastRpcTime:105ms, electionTimeout:105ms
2019-10-16 18:02:18,856 [Thread-4621] INFO  impl.RoleInfo (RoleInfo.java:shutdownFollowerState(121)) - bf55b3f9-6b09-4365-9d71-55289e083fa5: shutdown FollowerState
2019-10-16 18:02:18,856 [Thread-4621] INFO  impl.RaftServerImpl (RaftServerImpl.java:setRole(184)) - bf55b3f9-6b09-4365-9d71-55289e083fa5@group-EFD1D20A002C: changes role from  FOLLOWER to CANDIDATE at term 764 for changeToCandidate
2019-10-16 18:02:18,856 [Thread-4621] INFO  impl.RoleInfo (RoleInfo.java:updateAndGet(143)) - bf55b3f9-6b09-4365-9d71-55289e083fa5: start LeaderElection
2019-10-16 18:02:18,902 [bf55b3f9-6b09-4365-9d71-55289e083fa5@group-EFD1D20A002C-LeaderElection653] INFO  impl.LeaderElection (LeaderElection.java:askForVotes(178)) - bf55b3f9-6b09-4365-9d71-55289e083fa5@group-EFD1D20A002C-LeaderElection653: begin an election at term 765 for -1: [f4c54511-b161-4347-aec5-5236dc80a0d8:0.0.0.0:41238, 907b9765-214b-4864-b66a-d6e2a5789e5c:0.0.0.0:41650, bf55b3f9-6b09-4365-9d71-55289e083fa5:0.0.0.0:42441], old=null
2019-10-16 18:02:18,903 [grpc-default-executor-3] INFO  impl.RaftServerImpl (RaftServerImpl.java:setRole(184)) - f4c54511-b161-4347-aec5-5236dc80a0d8@group-EFD1D20A002C: changes role from  FOLLOWER to FOLLOWER at term 765 for recognizeCandidate:bf55b3f9-6b09-4365-9d71-55289e083fa5
2019-10-16 18:02:18,904 [grpc-default-executor-2] INFO  impl.RaftServerImpl (RaftServerImpl.java:setRole(184)) - 907b9765-214b-4864-b66a-d6e2a5789e5c@group-EFD1D20A002C: changes role from  FOLLOWER to FOLLOWER at term 765 for recognizeCandidate:bf55b3f9-6b09-4365-9d71-55289e083fa5
2019-10-16 18:02:18,904 [grpc-default-executor-2] INFO  impl.RoleInfo (RoleInfo.java:shutdownFollowerState(121)) - 907b9765-214b-4864-b66a-d6e2a5789e5c: shutdown FollowerState
2019-10-16 18:02:18,904 [grpc-default-executor-3] INFO  impl.RoleInfo (RoleInfo.java:shutdownFollowerState(121)) - f4c54511-b161-4347-aec5-5236dc80a0d8: shutdown FollowerState
2019-10-16 18:02:18,904 [Thread-4619] INFO  impl.FollowerState (FollowerState.java:run(117)) - 907b9765-214b-4864-b66a-d6e2a5789e5c@group-EFD1D20A002C-FollowerState was interrupted: java.lang.InterruptedException: sleep interrupted
2019-10-16 18:02:18,904 [grpc-default-executor-2] INFO  impl.RoleInfo (RoleInfo.java:updateAndGet(143)) - 907b9765-214b-4864-b66a-d6e2a5789e5c: start FollowerState
2019-10-16 18:02:18,904 [Thread-4620] INFO  impl.FollowerState (FollowerState.java:run(117)) - f4c54511-b161-4347-aec5-5236dc80a0d8@group-EFD1D20A002C-FollowerState was interrupted: java.lang.InterruptedException: sleep interrupted
2019-10-16 18:02:18,904 [grpc-default-executor-3] INFO  impl.RoleInfo (RoleInfo.java:updateAndGet(143)) - f4c54511-b161-4347-aec5-5236dc80a0d8: start FollowerState
2019-10-16 18:02:18,929 [bf55b3f9-6b09-4365-9d71-55289e083fa5@group-EFD1D20A002C-LeaderElection653] INFO  impl.LeaderElection (LeaderElection.java:logAndReturn(56)) - bf55b3f9-6b09-4365-9d71-55289e083fa5@group-EFD1D20A002C-LeaderElection653: Election REJECTED; received 2 response(s) [bf55b3f9-6b09-4365-9d71-55289e083fa5<-f4c54511-b161-4347-aec5-5236dc80a0d8#0:FAIL-t765, bf55b3f9-6b09-4365-9d71-55289e083fa5<-907b9765-214b-4864-b66a-d6e2a5789e5c#0:FAIL-t765] and 0 exception(s); bf55b3f9-6b09-4365-9d71-55289e083fa5@group-EFD1D20A002C:t765, leader=null, voted=bf55b3f9-6b09-4365-9d71-55289e083fa5, raftlog=bf55b3f9-6b09-4365-9d71-55289e083fa5@group-EFD1D20A002C-SegmentedRaftLog:OPENED:c-1,f-1,i0, conf=-1: [f4c54511-b161-4347-aec5-5236dc80a0d8:0.0.0.0:41238, 907b9765-214b-4864-b66a-d6e2a5789e5c:0.0.0.0:41650, bf55b3f9-6b09-4365-9d71-55289e083fa5:0.0.0.0:42441], old=null
2019-10-16 18:02:18,930 [bf55b3f9-6b09-4365-9d71-55289e083fa5@group-EFD1D20A002C-LeaderElection653] INFO  impl.RaftServerImpl (RaftServerImpl.java:setRole(184)) - bf55b3f9-6b09-4365-9d71-55289e083fa5@group-EFD1D20A002C: changes role from CANDIDATE to FOLLOWER at term 765 for DISCOVERED_A_NEW_TERM
2019-10-16 18:02:18,930 [bf55b3f9-6b09-4365-9d71-55289e083fa5@group-EFD1D20A002C-LeaderElection653] INFO  impl.RoleInfo (RoleInfo.java:shutdownLeaderElection(134)) - bf55b3f9-6b09-4365-9d71-55289e083fa5: shutdown LeaderElection
2019-10-16 18:02:18,930 [bf55b3f9-6b09-4365-9d71-55289e083fa5@group-EFD1D20A002C-LeaderElection653] INFO  impl.RoleInfo (RoleInfo.java:updateAndGet(143)) - bf55b3f9-6b09-4365-9d71-55289e083fa5: start FollowerState
2019-10-16 18:02:18,959 [Thread-4627] INFO  impl.FollowerState (FollowerState.java:run(108)) - bf55b3f9-6b09-4365-9d71-55289e083fa5@group-EFD1D20A002C-FollowerState: change to CANDIDATE, lastRpcTime:29ms, electionTimeout:29ms
2019-10-16 18:02:18,959 [Thread-4627] INFO  impl.RoleInfo (RoleInfo.java:shutdownFollowerState(121)) - bf55b3f9-6b09-4365-9d71-55289e083fa5: shutdown FollowerState
2019-10-16 18:02:18,960 [Thread-4627] INFO  impl.RaftServerImpl (RaftServerImpl.java:setRole(184)) - bf55b3f9-6b09-4365-9d71-55289e083fa5@group-EFD1D20A002C: changes role from  FOLLOWER to CANDIDATE at term 765 for changeToCandidate
2019-10-16 18:02:18,960 [Thread-4627] INFO  impl.RoleInfo (RoleInfo.java:updateAndGet(143)) - bf55b3f9-6b09-4365-9d71-55289e083fa5: start LeaderElection
2019-10-16 18:02:19,000 [bf55b3f9-6b09-4365-9d71-55289e083fa5@group-EFD1D20A002C-LeaderElection654] INFO  impl.LeaderElection (LeaderElection.java:askForVotes(178)) - bf55b3f9-6b09-4365-9d71-55289e083fa5@group-EFD1D20A002C-LeaderElection654: begin an election at term 766 for -1: [f4c54511-b161-4347-aec5-5236dc80a0d8:0.0.0.0:41238, 907b9765-214b-4864-b66a-d6e2a5789e5c:0.0.0.0:41650, bf55b3f9-6b09-4365-9d71-55289e083fa5:0.0.0.0:42441], old=null
2019-10-16 18:02:19,002 [grpc-default-executor-3] INFO  impl.RaftServerImpl (RaftServerImpl.java:setRole(184)) - f4c54511-b161-4347-aec5-5236dc80a0d8@group-EFD1D20A002C: changes role from  FOLLOWER to FOLLOWER at term 766 for recognizeCandidate:bf55b3f9-6b09-4365-9d71-55289e083fa5
2019-10-16 18:02:19,002 [grpc-default-executor-2] INFO  impl.RaftServerImpl (RaftServerImpl.java:setRole(184)) - 907b9765-214b-4864-b66a-d6e2a5789e5c@group-EFD1D20A002C: changes role from  FOLLOWER to FOLLOWER at term 766 for recognizeCandidate:bf55b3f9-6b09-4365-9d71-55289e083fa5
2019-10-16 18:02:19,002 [grpc-default-executor-2] INFO  impl.RoleInfo (RoleInfo.java:shutdownFollowerState(121)) - 907b9765-214b-4864-b66a-d6e2a5789e5c: shutdown FollowerState
2019-10-16 18:02:19,002 [grpc-default-executor-3] INFO  impl.RoleInfo (RoleInfo.java:shutdownFollowerState(121)) - f4c54511-b161-4347-aec5-5236dc80a0d8: shutdown FollowerState
2019-10-16 18:02:19,003 [grpc-default-executor-3] INFO  impl.RoleInfo (RoleInfo.java:updateAndGet(143)) - f4c54511-b161-4347-aec5-5236dc80a0d8: start FollowerState
2019-10-16 18:02:19,003 [Thread-4625] INFO  impl.FollowerState (FollowerState.java:run(117)) - 907b9765-214b-4864-b66a-d6e2a5789e5c@group-EFD1D20A002C-FollowerState was interrupted: java.lang.InterruptedException: sleep interrupted
2019-10-16 18:02:19,002 [grpc-default-executor-2] INFO  impl.RoleInfo (RoleInfo.java:updateAndGet(143)) - 907b9765-214b-4864-b66a-d6e2a5789e5c: start FollowerState
2019-10-16 18:02:19,003 [Thread-4626] INFO  impl.FollowerState (FollowerState.java:run(117)) - f4c54511-b161-4347-aec5-5236dc80a0d8@group-EFD1D20A002C-FollowerState was interrupted: java.lang.InterruptedException: sleep interrupted
2019-10-16 18:02:19,043 [bf55b3f9-6b09-4365-9d71-55289e083fa5@group-EFD1D20A002C-LeaderElection654] INFO  impl.LeaderElection (LeaderElection.java:logAndReturn(56)) - bf55b3f9-6b09-4365-9d71-55289e083fa5@group-EFD1D20A002C-LeaderElection654: Election REJECTED; received 2 response(s) [bf55b3f9-6b09-4365-9d71-55289e083fa5<-f4c54511-b161-4347-aec5-5236dc80a0d8#0:FAIL-t766, bf55b3f9-6b09-4365-9d71-55289e083fa5<-907b9765-214b-4864-b66a-d6e2a5789e5c#0:FAIL-t766] and 0 exception(s); bf55b3f9-6b09-4365-9d71-55289e083fa5@group-EFD1D20A002C:t766, leader=null, voted=bf55b3f9-6b09-4365-9d71-55289e083fa5, raftlog=bf55b3f9-6b09-4365-9d71-55289e083fa5@group-EFD1D20A002C-SegmentedRaftLog:OPENED:c-1,f-1,i0, conf=-1: [f4c54511-b161-4347-aec5-5236dc80a0d8:0.0.0.0:41238, 907b9765-214b-4864-b66a-d6e2a5789e5c:0.0.0.0:41650, bf55b3f9-6b09-4365-9d71-55289e083fa5:0.0.0.0:42441], old=null
2019-10-16 18:02:19,043 [bf55b3f9-6b09-4365-9d71-55289e083fa5@group-EFD1D20A002C-LeaderElection654] INFO  impl.RaftServerImpl (RaftServerImpl.java:setRole(184)) - bf55b3f9-6b09-4365-9d71-55289e083fa5@group-EFD1D20A002C: changes role from CANDIDATE to FOLLOWER at term 766 for DISCOVERED_A_NEW_TERM
2019-10-16 18:02:19,044 [bf55b3f9-6b09-4365-9d71-55289e083fa5@group-EFD1D20A002C-LeaderElection654] INFO  impl.RoleInfo (RoleInfo.java:shutdownLeaderElection(134)) - bf55b3f9-6b09-4365-9d71-55289e083fa5: shutdown LeaderElection
2019-10-16 18:02:19,044 [bf55b3f9-6b09-4365-9d71-55289e083fa5@group-EFD1D20A002C-LeaderElection654] INFO  impl.RoleInfo (RoleInfo.java:updateAndGet(143)) - bf55b3f9-6b09-4365-9d71-55289e083fa5: start FollowerState
2019-10-16 18:02:19,076 [Thread-4633] INFO  impl.FollowerState (FollowerState.java:run(108)) - bf55b3f9-6b09-4365-9d71-55289e083fa5@group-EFD1D20A002C-FollowerState: change to CANDIDATE, lastRpcTime:32ms, electionTimeout:32ms
2019-10-16 18:02:19,076 [Thread-4633] INFO  impl.RoleInfo (RoleInfo.java:shutdownFollowerState(121)) - bf55b3f9-6b09-4365-9d71-55289e083fa5: shutdown FollowerState
2019-10-16 18:02:19,076 [Thread-4633] INFO  impl.RaftServerImpl (RaftServerImpl.java:setRole(184)) - bf55b3f9-6b09-4365-9d71-55289e083fa5@group-EFD1D20A002C: changes role from  FOLLOWER to CANDIDATE at term 766 for changeToCandidate
2019-10-16 18:02:19,076 [Thread-4633] INFO  impl.RoleInfo (RoleInfo.java:updateAndGet(143)) - bf55b3f9-6b09-4365-9d71-55289e083fa5: start LeaderElection
2019-10-16 18:02:19,118 [bf55b3f9-6b09-4365-9d71-55289e083fa5@group-EFD1D20A002C-LeaderElection655] INFO  impl.LeaderElection (LeaderElection.java:askForVotes(178)) - bf55b3f9-6b09-4365-9d71-55289e083fa5@group-EFD1D20A002C-LeaderElection655: begin an election at term 767 for -1: [f4c54511-b161-4347-aec5-5236dc80a0d8:0.0.0.0:41238, 907b9765-214b-4864-b66a-d6e2a5789e5c:0.0.0.0:41650, bf55b3f9-6b09-4365-9d71-55289e083fa5:0.0.0.0:42441], old=null
2019-10-16 18:02:19,119 [grpc-default-executor-3] INFO  impl.RaftServerImpl (RaftServerImpl.java:setRole(184)) - f4c54511-b161-4347-aec5-5236dc80a0d8@group-EFD1D20A002C: changes role from  FOLLOWER to FOLLOWER at term 767 for recognizeCandidate:bf55b3f9-6b09-4365-9d71-55289e083fa5
2019-10-16 18:02:19,120 [grpc-default-executor-3] INFO  impl.RoleInfo (RoleInfo.java:shutdownFollowerState(121)) - f4c54511-b161-4347-aec5-5236dc80a0d8: shutdown FollowerState
2019-10-16 18:02:19,120 [grpc-default-executor-3] INFO  impl.RoleInfo (RoleInfo.java:updateAndGet(143)) - f4c54511-b161-4347-aec5-5236dc80a0d8: start FollowerState
2019-10-16 18:02:19,120 [grpc-default-executor-2] INFO  impl.RaftServerImpl (RaftServerImpl.java:setRole(184)) - 907b9765-214b-4864-b66a-d6e2a5789e5c@group-EFD1D20A002C: changes role from  FOLLOWER to FOLLOWER at term 767 for recognizeCandidate:bf55b3f9-6b09-4365-9d71-55289e083fa5
2019-10-16 18:02:19,120 [grpc-default-executor-2] INFO  impl.RoleInfo (RoleInfo.java:shutdownFollowerState(121)) - 907b9765-214b-4864-b66a-d6e2a5789e5c: shutdown FollowerState
2019-10-16 18:02:19,120 [Thread-4632] INFO  impl.FollowerState (FollowerState.java:run(117)) - f4c54511-b161-4347-aec5-5236dc80a0d8@group-EFD1D20A002C-FollowerState was interrupted: java.lang.InterruptedException: sleep interrupted
2019-10-16 18:02:19,120 [Thread-4631] INFO  impl.FollowerState (FollowerState.java:run(117)) - 907b9765-214b-4864-b66a-d6e2a5789e5c@group-EFD1D20A002C-FollowerState was interrupted: java.lang.InterruptedException: sleep interrupted
2019-10-16 18:02:19,120 [grpc-default-executor-2] INFO  impl.RoleInfo (RoleInfo.java:updateAndGet(143)) - 907b9765-214b-4864-b66a-d6e2a5789e5c: start FollowerState
2019-10-16 18:02:19,172 [bf55b3f9-6b09-4365-9d71-55289e083fa5@group-EFD1D20A002C-LeaderElection655] INFO  impl.LeaderElection (LeaderElection.java:logAndReturn(56)) - bf55b3f9-6b09-4365-9d71-55289e083fa5@group-EFD1D20A002C-LeaderElection655: Election REJECTED; received 2 response(s) [bf55b3f9-6b09-4365-9d71-55289e083fa5<-f4c54511-b161-4347-aec5-5236dc80a0d8#0:FAIL-t767, bf55b3f9-6b09-4365-9d71-55289e083fa5<-907b9765-214b-4864-b66a-d6e2a5789e5c#0:FAIL-t767] and 0 exception(s); bf55b3f9-6b09-4365-9d71-55289e083fa5@group-EFD1D20A002C:t767, leader=null, voted=bf55b3f9-6b09-4365-9d71-55289e083fa5, raftlog=bf55b3f9-6b09-4365-9d71-55289e083fa5@group-EFD1D20A002C-SegmentedRaftLog:OPENED:c-1,f-1,i0, conf=-1: [f4c54511-b161-4347-aec5-5236dc80a0d8:0.0.0.0:41238, 907b9765-214b-4864-b66a-d6e2a5789e5c:0.0.0.0:41650, bf55b3f9-6b09-4365-9d71-55289e083fa5:0.0.0.0:42441], old=null
2019-10-16 18:02:19,172 [bf55b3f9-6b09-4365-9d71-55289e083fa5@group-EFD1D20A002C-LeaderElection655] INFO  impl.RaftServerImpl (RaftServerImpl.java:setRole(184)) - bf55b3f9-6b09-4365-9d71-55289e083fa5@group-EFD1D20A002C: changes role from CANDIDATE to FOLLOWER at term 767 for DISCOVERED_A_NEW_TERM
2019-10-16 18:02:19,172 [bf55b3f9-6b09-4365-9d71-55289e083fa5@group-EFD1D20A002C-LeaderElection655] INFO  impl.RoleInfo (RoleInfo.java:shutdownLeaderElection(134)) - bf55b3f9-6b09-4365-9d71-55289e083fa5: shutdown LeaderElection
2019-10-16 18:02:19,172 [bf55b3f9-6b09-4365-9d71-55289e083fa5@group-EFD1D20A002C-LeaderElection655] INFO  impl.RoleInfo (RoleInfo.java:updateAndGet(143)) - bf55b3f9-6b09-4365-9d71-55289e083fa5: start FollowerState
2019-10-16 18:02:19,176 [Thread-4639] INFO  impl.FollowerState (FollowerState.java:run(108)) - bf55b3f9-6b09-4365-9d71-55289e083fa5@group-EFD1D20A002C-FollowerState: change to CANDIDATE, lastRpcTime:3ms, electionTimeout:3ms
2019-10-16 18:02:19,176 [Thread-4639] INFO  impl.RoleInfo (RoleInfo.java:shutdownFollowerState(121)) - bf55b3f9-6b09-4365-9d71-55289e083fa5: shutdown FollowerState
2019-10-16 18:02:19,176 [Thread-4639] INFO  impl.RaftServerImpl (RaftServerImpl.java:setRole(184)) - bf55b3f9-6b09-4365-9d71-55289e083fa5@group-EFD1D20A002C: changes role from  FOLLOWER to CANDIDATE at term 767 for changeToCandidate
2019-10-16 18:02:19,176 [Thread-4639] INFO  impl.RoleInfo (RoleInfo.java:updateAndGet(143)) - bf55b3f9-6b09-4365-9d71-55289e083fa5: start LeaderElection
2019-10-16 18:02:19,230 [bf55b3f9-6b09-4365-9d71-55289e083fa5@group-EFD1D20A002C-LeaderElection656] INFO  impl.LeaderElection (LeaderElection.java:askForVotes(178)) - bf55b3f9-6b09-4365-9d71-55289e083fa5@group-EFD1D20A002C-LeaderElection656: begin an election at term 768 for -1: [f4c54511-b161-4347-aec5-5236dc80a0d8:0.0.0.0:41238, 907b9765-214b-4864-b66a-d6e2a5789e5c:0.0.0.0:41650, bf55b3f9-6b09-4365-9d71-55289e083fa5:0.0.0.0:42441], old=null
2019-10-16 18:02:19,232 [grpc-default-executor-3] INFO  impl.RaftServerImpl (RaftServerImpl.java:setRole(184)) - f4c54511-b161-4347-aec5-5236dc80a0d8@group-EFD1D20A002C: changes role from  FOLLOWER to FOLLOWER at term 768 for recognizeCandidate:bf55b3f9-6b09-4365-9d71-55289e083fa5
2019-10-16 18:02:19,232 [grpc-default-executor-3] INFO  impl.RoleInfo (RoleInfo.java:shutdownFollowerState(121)) - f4c54511-b161-4347-aec5-5236dc80a0d8: shutdown FollowerState
2019-10-16 18:02:19,232 [grpc-default-executor-3] INFO  impl.RoleInfo (RoleInfo.java:updateAndGet(143)) - f4c54511-b161-4347-aec5-5236dc80a0d8: start FollowerState
2019-10-16 18:02:19,232 [grpc-default-executor-0] INFO  impl.RaftServerImpl (RaftServerImpl.java:setRole(184)) - 907b9765-214b-4864-b66a-d6e2a5789e5c@group-EFD1D20A002C: changes role from  FOLLOWER to FOLLOWER at term 768 for recognizeCandidate:bf55b3f9-6b09-4365-9d71-55289e083fa5
2019-10-16 18:02:19,233 [grpc-default-executor-0] INFO  impl.RoleInfo (RoleInfo.java:shutdownFollowerState(121)) - 907b9765-214b-4864-b66a-d6e2a5789e5c: shutdown FollowerState
2019-10-16 18:02:19,232 [Thread-4637] INFO  impl.FollowerState (FollowerState.java:run(117)) - f4c54511-b161-4347-aec5-5236dc80a0d8@group-EFD1D20A002C-FollowerState was interrupted: java.lang.InterruptedException: sleep interrupted
2019-10-16 18:02:19,233 [grpc-default-executor-0] INFO  impl.RoleInfo (RoleInfo.java:updateAndGet(143)) - 907b9765-214b-4864-b66a-d6e2a5789e5c: start FollowerState
2019-10-16 18:02:19,233 [Thread-4638] INFO  impl.FollowerState (FollowerState.java:run(117)) - 907b9765-214b-4864-b66a-d6e2a5789e5c@group-EFD1D20A002C-FollowerState was interrupted: java.lang.InterruptedException: sleep interrupted
2019-10-16 18:02:19,256 [bf55b3f9-6b09-4365-9d71-55289e083fa5@group-EFD1D20A002C-LeaderElection656] INFO  impl.LeaderElection (LeaderElection.java:logAndReturn(56)) - bf55b3f9-6b09-4365-9d71-55289e083fa5@group-EFD1D20A002C-LeaderElection656: Election REJECTED; received 2 response(s) [bf55b3f9-6b09-4365-9d71-55289e083fa5<-f4c54511-b161-4347-aec5-5236dc80a0d8#0:FAIL-t768, bf55b3f9-6b09-4365-9d71-55289e083fa5<-907b9765-214b-4864-b66a-d6e2a5789e5c#0:FAIL-t768] and 0 exception(s); bf55b3f9-6b09-4365-9d71-55289e083fa5@group-EFD1D20A002C:t768, leader=null, voted=bf55b3f9-6b09-4365-9d71-55289e083fa5, raftlog=bf55b3f9-6b09-4365-9d71-55289e083fa5@group-EFD1D20A002C-SegmentedRaftLog:OPENED:c-1,f-1,i0, conf=-1: [f4c54511-b161-4347-aec5-5236dc80a0d8:0.0.0.0:41238, 907b9765-214b-4864-b66a-d6e2a5789e5c:0.0.0.0:41650, bf55b3f9-6b09-4365-9d71-55289e083fa5:0.0.0.0:42441], old=null
2019-10-16 18:02:19,257 [bf55b3f9-6b09-4365-9d71-55289e083fa5@group-EFD1D20A002C-LeaderElection656] INFO  impl.RaftServerImpl (RaftServerImpl.java:setRole(184)) - bf55b3f9-6b09-4365-9d71-55289e083fa5@group-EFD1D20A002C: changes role from CANDIDATE to FOLLOWER at term 768 for DISCOVERED_A_NEW_TERM
2019-10-16 18:02:19,257 [bf55b3f9-6b09-4365-9d71-55289e083fa5@group-EFD1D20A002C-LeaderElection656] INFO  impl.RoleInfo (RoleInfo.java:shutdownLeaderElection(134)) - bf55b3f9-6b09-4365-9d71-55289e083fa5: shutdown LeaderElection
2019-10-16 18:02:19,257 [bf55b3f9-6b09-4365-9d71-55289e083fa5@group-EFD1D20A002C-LeaderElection656] INFO  impl.RoleInfo (RoleInfo.java:updateAndGet(143)) - bf55b3f9-6b09-4365-9d71-55289e083fa5: start FollowerState
2019-10-16 18:02:19,304 [Thread-4645] INFO  impl.FollowerState (FollowerState.java:run(108)) - bf55b3f9-6b09-4365-9d71-55289e083fa5@group-EFD1D20A002C-FollowerState: change to CANDIDATE, lastRpcTime:47ms, electionTimeout:47ms
2019-10-16 18:02:19,304 [Thread-4645] INFO  impl.RoleInfo (RoleInfo.java:shutdownFollowerState(121)) - bf55b3f9-6b09-4365-9d71-55289e083fa5: shutdown FollowerState
2019-10-16 18:02:19,304 [Thread-4645] INFO  impl.RaftServerImpl (RaftServerImpl.java:setRole(184)) - bf55b3f9-6b09-4365-9d71-55289e083fa5@group-EFD1D20A002C: changes role from  FOLLOWER to CANDIDATE at term 768 for changeToCandidate
2019-10-16 18:02:19,305 [Thread-4645] INFO  impl.RoleInfo (RoleInfo.java:updateAndGet(143)) - bf55b3f9-6b09-4365-9d71-55289e083fa5: start LeaderElection
2019-10-16 18:02:19,323 [bf55b3f9-6b09-4365-9d71-55289e083fa5@group-EFD1D20A002C-LeaderElection657] INFO  impl.LeaderElection (LeaderElection.java:askForVotes(178)) - bf55b3f9-6b09-4365-9d71-55289e083fa5@group-EFD1D20A002C-LeaderElection657: begin an election at term 769 for -1: [f4c54511-b161-4347-aec5-5236dc80a0d8:0.0.0.0:41238, 907b9765-214b-4864-b66a-d6e2a5789e5c:0.0.0.0:41650, bf55b3f9-6b09-4365-9d71-55289e083fa5:0.0.0.0:42441], old=null
2019-10-16 18:02:19,323 [bf55b3f9-6b09-4365-9d71-55289e083fa5@group-EFD1D20A002C-LeaderElection657] INFO  impl.LeaderElection (LeaderElection.java:logAndReturn(56)) - bf55b3f9-6b09-4365-9d71-55289e083fa5@group-EFD1D20A002C-LeaderElection657: Election TIMEOUT; received 0 response(s) [] and 0 exception(s); bf55b3f9-6b09-4365-9d71-55289e083fa5@group-EFD1D20A002C:t769, leader=null, voted=bf55b3f9-6b09-4365-9d71-55289e083fa5, raftlog=bf55b3f9-6b09-4365-9d71-55289e083fa5@group-EFD1D20A002C-SegmentedRaftLog:OPENED:c-1,f-1,i0, conf=-1: [f4c54511-b161-4347-aec5-5236dc80a0d8:0.0.0.0:41238, 907b9765-214b-4864-b66a-d6e2a5789e5c:0.0.0.0:41650, bf55b3f9-6b09-4365-9d71-55289e083fa5:0.0.0.0:42441], old=null
2019-10-16 18:02:19,325 [grpc-default-executor-3] INFO  impl.RaftServerImpl (RaftServerImpl.java:setRole(184)) - 907b9765-214b-4864-b66a-d6e2a5789e5c@group-EFD1D20A002C: changes role from  FOLLOWER to FOLLOWER at term 769 for recognizeCandidate:bf55b3f9-6b09-4365-9d71-55289e083fa5
2019-10-16 18:02:19,325 [grpc-default-executor-3] INFO  impl.RoleInfo (RoleInfo.java:shutdownFollowerState(121)) - 907b9765-214b-4864-b66a-d6e2a5789e5c: shutdown FollowerState
2019-10-16 18:02:19,325 [grpc-default-executor-0] INFO  impl.RaftServerImpl (RaftServerImpl.java:setRole(184)) - f4c54511-b161-4347-aec5-5236dc80a0d8@group-EFD1D20A002C: changes role from  FOLLOWER to FOLLOWER at term 769 for recognizeCandidate:bf55b3f9-6b09-4365-9d71-55289e083fa5
2019-10-16 18:02:19,325 [grpc-default-executor-0] INFO  impl.RoleInfo (RoleInfo.java:shutdownFollowerState(121)) - f4c54511-b161-4347-aec5-5236dc80a0d8: shutdown FollowerState
2019-10-16 18:02:19,325 [Thread-4644] INFO  impl.FollowerState (FollowerState.java:run(117)) - 907b9765-214b-4864-b66a-d6e2a5789e5c@group-EFD1D20A002C-FollowerState was interrupted: java.lang.InterruptedException: sleep interrupted
2019-10-16 18:02:19,325 [grpc-default-executor-3] INFO  impl.RoleInfo (RoleInfo.java:updateAndGet(143)) - 907b9765-214b-4864-b66a-d6e2a5789e5c: start FollowerState
2019-10-16 18:02:19,325 [Thread-4643] INFO  impl.FollowerState (FollowerState.java:run(117)) - f4c54511-b161-4347-aec5-5236dc80a0d8@group-EFD1D20A002C-FollowerState was interrupted: java.lang.InterruptedException: sleep interrupted
2019-10-16 18:02:19,325 [grpc-default-executor-0] INFO  impl.RoleInfo (RoleInfo.java:updateAndGet(143)) - f4c54511-b161-4347-aec5-5236dc80a0d8: start FollowerState
2019-10-16 18:02:19,347 [bf55b3f9-6b09-4365-9d71-55289e083fa5@group-EFD1D20A002C-LeaderElection657] INFO  impl.LeaderElection (LeaderElection.java:askForVotes(178)) - bf55b3f9-6b09-4365-9d71-55289e083fa5@group-EFD1D20A002C-LeaderElection657: begin an election at term 770 for -1: [f4c54511-b161-4347-aec5-5236dc80a0d8:0.0.0.0:41238, 907b9765-214b-4864-b66a-d6e2a5789e5c:0.0.0.0:41650, bf55b3f9-6b09-4365-9d71-55289e083fa5:0.0.0.0:42441], old=null
2019-10-16 18:02:19,348 [grpc-default-executor-3] INFO  impl.RaftServerImpl (RaftServerImpl.java:setRole(184)) - f4c54511-b161-4347-aec5-5236dc80a0d8@group-EFD1D20A002C: changes role from  FOLLOWER to FOLLOWER at term 770 for recognizeCandidate:bf55b3f9-6b09-4365-9d71-55289e083fa5
2019-10-16 18:02:19,349 [grpc-default-executor-3] INFO  impl.RoleInfo (RoleInfo.java:shutdownFollowerState(121)) - f4c54511-b161-4347-aec5-5236dc80a0d8: shutdown FollowerState
2019-10-16 18:02:19,349 [grpc-default-executor-3] INFO  impl.RoleInfo (RoleInfo.java:updateAndGet(143)) - f4c54511-b161-4347-aec5-5236dc80a0d8: start FollowerState
2019-10-16 18:02:19,349 [grpc-default-executor-2] INFO  impl.RaftServerImpl (RaftServerImpl.java:setRole(184)) - 907b9765-214b-4864-b66a-d6e2a5789e5c@group-EFD1D20A002C: changes role from  FOLLOWER to FOLLOWER at term 770 for recognizeCandidate:bf55b3f9-6b09-4365-9d71-55289e083fa5
2019-10-16 18:02:19,349 [grpc-default-executor-2] INFO  impl.RoleInfo (RoleInfo.java:shutdownFollowerState(121)) - 907b9765-214b-4864-b66a-d6e2a5789e5c: shutdown FollowerState
2019-10-16 18:02:19,349 [Thread-4650] INFO  impl.FollowerState (FollowerState.java:run(117)) - f4c54511-b161-4347-aec5-5236dc80a0d8@group-EFD1D20A002C-FollowerState was interrupted: java.lang.InterruptedException: sleep interrupted
2019-10-16 18:02:19,349 [Thread-4649] INFO  impl.FollowerState (FollowerState.java:run(117)) - 907b9765-214b-4864-b66a-d6e2a5789e5c@group-EFD1D20A002C-FollowerState was interrupted: java.lang.InterruptedException: sleep interrupted
2019-10-16 18:02:19,349 [grpc-default-executor-2] INFO  impl.RoleInfo (RoleInfo.java:updateAndGet(143)) - 907b9765-214b-4864-b66a-d6e2a5789e5c: start FollowerState
2019-10-16 18:02:19,372 [bf55b3f9-6b09-4365-9d71-55289e083fa5@group-EFD1D20A002C-LeaderElection657] INFO  impl.LeaderElection (LeaderElection.java:logAndReturn(56)) - bf55b3f9-6b09-4365-9d71-55289e083fa5@group-EFD1D20A002C-LeaderElection657: Election REJECTED; received 2 response(s) [bf55b3f9-6b09-4365-9d71-55289e083fa5<-f4c54511-b161-4347-aec5-5236dc80a0d8#0:FAIL-t770, bf55b3f9-6b09-4365-9d71-55289e083fa5<-907b9765-214b-4864-b66a-d6e2a5789e5c#0:FAIL-t770] and 0 exception(s); bf55b3f9-6b09-4365-9d71-55289e083fa5@group-EFD1D20A002C:t770, leader=null, voted=bf55b3f9-6b09-4365-9d71-55289e083fa5, raftlog=bf55b3f9-6b09-4365-9d71-55289e083fa5@group-EFD1D20A002C-SegmentedRaftLog:OPENED:c-1,f-1,i0, conf=-1: [f4c54511-b161-4347-aec5-5236dc80a0d8:0.0.0.0:41238, 907b9765-214b-4864-b66a-d6e2a5789e5c:0.0.0.0:41650, bf55b3f9-6b09-4365-9d71-55289e083fa5:0.0.0.0:42441], old=null
2019-10-16 18:02:19,373 [bf55b3f9-6b09-4365-9d71-55289e083fa5@group-EFD1D20A002C-LeaderElection657] INFO  impl.RaftServerImpl (RaftServerImpl.java:setRole(184)) - bf55b3f9-6b09-4365-9d71-55289e083fa5@group-EFD1D20A002C: changes role from CANDIDATE to FOLLOWER at term 770 for DISCOVERED_A_NEW_TERM
2019-10-16 18:02:19,373 [bf55b3f9-6b09-4365-9d71-55289e083fa5@group-EFD1D20A002C-LeaderElection657] INFO  impl.RoleInfo (RoleInfo.java:shutdownLeaderElection(134)) - bf55b3f9-6b09-4365-9d71-55289e083fa5: shutdown LeaderElection
2019-10-16 18:02:19,373 [bf55b3f9-6b09-4365-9d71-55289e083fa5@group-EFD1D20A002C-LeaderElection657] INFO  impl.RoleInfo (RoleInfo.java:updateAndGet(143)) - bf55b3f9-6b09-4365-9d71-55289e083fa5: start FollowerState
2019-10-16 18:02:19,490 [Thread-4655] INFO  impl.FollowerState (FollowerState.java:run(108)) - bf55b3f9-6b09-4365-9d71-55289e083fa5@group-EFD1D20A002C-FollowerState: change to CANDIDATE, lastRpcTime:117ms, electionTimeout:117ms
2019-10-16 18:02:19,490 [Thread-4655] INFO  impl.RoleInfo (RoleInfo.java:shutdownFollowerState(121)) - bf55b3f9-6b09-4365-9d71-55289e083fa5: shutdown FollowerState
2019-10-16 18:02:19,490 [Thread-4655] INFO  impl.RaftServerImpl (RaftServerImpl.java:setRole(184)) - bf55b3f9-6b09-4365-9d71-55289e083fa5@group-EFD1D20A002C: changes role from  FOLLOWER to CANDIDATE at term 770 for changeToCandidate
2019-10-16 18:02:19,491 [Thread-4655] INFO  impl.RoleInfo (RoleInfo.java:updateAndGet(143)) - bf55b3f9-6b09-4365-9d71-55289e083fa5: start LeaderElection
2019-10-16 18:02:19,621 [bf55b3f9-6b09-4365-9d71-55289e083fa5@group-EFD1D20A002C-LeaderElection658] INFO  impl.LeaderElection (LeaderElection.java:askForVotes(178)) - bf55b3f9-6b09-4365-9d71-55289e083fa5@group-EFD1D20A002C-LeaderElection658: begin an election at term 771 for -1: [f4c54511-b161-4347-aec5-5236dc80a0d8:0.0.0.0:41238, 907b9765-214b-4864-b66a-d6e2a5789e5c:0.0.0.0:41650, bf55b3f9-6b09-4365-9d71-55289e083fa5:0.0.0.0:42441], old=null
2019-10-16 18:02:19,622 [grpc-default-executor-2] INFO  impl.RaftServerImpl (RaftServerImpl.java:setRole(184)) - f4c54511-b161-4347-aec5-5236dc80a0d8@group-EFD1D20A002C: changes role from  FOLLOWER to FOLLOWER at term 771 for recognizeCandidate:bf55b3f9-6b09-4365-9d71-55289e083fa5
2019-10-16 18:02:19,623 [grpc-default-executor-2] INFO  impl.RoleInfo (RoleInfo.java:shutdownFollowerState(121)) - f4c54511-b161-4347-aec5-5236dc80a0d8: shutdown FollowerState
2019-10-16 18:02:19,623 [grpc-default-executor-3] INFO  impl.RaftServerImpl (RaftServerImpl.java:setRole(184)) - 907b9765-214b-4864-b66a-d6e2a5789e5c@group-EFD1D20A002C: changes role from  FOLLOWER to FOLLOWER at term 771 for recognizeCandidate:bf55b3f9-6b09-4365-9d71-55289e083fa5
2019-10-16 18:02:19,623 [grpc-default-executor-3] INFO  impl.RoleInfo (RoleInfo.java:shutdownFollowerState(121)) - 907b9765-214b-4864-b66a-d6e2a5789e5c: shutdown FollowerState
2019-10-16 18:02:19,623 [Thread-4653] INFO  impl.FollowerState (FollowerState.java:run(117)) - f4c54511-b161-4347-aec5-5236dc80a0d8@group-EFD1D20A002C-FollowerState was interrupted: java.lang.InterruptedException: sleep interrupted
2019-10-16 18:02:19,623 [grpc-default-executor-2] INFO  impl.RoleInfo (RoleInfo.java:updateAndGet(143)) - f4c54511-b161-4347-aec5-5236dc80a0d8: start FollowerState
2019-10-16 18:02:19,623 [Thread-4654] INFO  impl.FollowerState (FollowerState.java:run(117)) - 907b9765-214b-4864-b66a-d6e2a5789e5c@group-EFD1D20A002C-FollowerState was interrupted: java.lang.InterruptedException: sleep interrupted
2019-10-16 18:02:19,623 [grpc-default-executor-3] INFO  impl.RoleInfo (RoleInfo.java:updateAndGet(143)) - 907b9765-214b-4864-b66a-d6e2a5789e5c: start FollowerState
2019-10-16 18:02:19,714 [bf55b3f9-6b09-4365-9d71-55289e083fa5@group-EFD1D20A002C-LeaderElection658] INFO  impl.LeaderElection (LeaderElection.java:logAndReturn(56)) - bf55b3f9-6b09-4365-9d71-55289e083fa5@group-EFD1D20A002C-LeaderElection658: Election REJECTED; received 2 response(s) [bf55b3f9-6b09-4365-9d71-55289e083fa5<-f4c54511-b161-4347-aec5-5236dc80a0d8#0:FAIL-t771, bf55b3f9-6b09-4365-9d71-55289e083fa5<-907b9765-214b-4864-b66a-d6e2a5789e5c#0:FAIL-t771] and 0 exception(s); bf55b3f9-6b09-4365-9d71-55289e083fa5@group-EFD1D20A002C:t771, leader=null, voted=bf55b3f9-6b09-4365-9d71-55289e083fa5, raftlog=bf55b3f9-6b09-4365-9d71-55289e083fa5@group-EFD1D20A002C-SegmentedRaftLog:OPENED:c-1,f-1,i0, conf=-1: [f4c54511-b161-4347-aec5-5236dc80a0d8:0.0.0.0:41238, 907b9765-214b-4864-b66a-d6e2a5789e5c:0.0.0.0:41650, bf55b3f9-6b09-4365-9d71-55289e083fa5:0.0.0.0:42441], old=null
2019-10-16 18:02:19,715 [bf55b3f9-6b09-4365-9d71-55289e083fa5@group-EFD1D20A002C-LeaderElection658] INFO  impl.RaftServerImpl (RaftServerImpl.java:setRole(184)) - bf55b3f9-6b09-4365-9d71-55289e083fa5@group-EFD1D20A002C: changes role from CANDIDATE to FOLLOWER at term 771 for DISCOVERED_A_NEW_TERM
2019-10-16 18:02:19,715 [bf55b3f9-6b09-4365-9d71-55289e083fa5@group-EFD1D20A002C-LeaderElection658] INFO  impl.RoleInfo (RoleInfo.java:shutdownLeaderElection(134)) - bf55b3f9-6b09-4365-9d71-55289e083fa5: shutdown LeaderElection
2019-10-16 18:02:19,715 [bf55b3f9-6b09-4365-9d71-55289e083fa5@group-EFD1D20A002C-LeaderElection658] INFO  impl.RoleInfo (RoleInfo.java:updateAndGet(143)) - bf55b3f9-6b09-4365-9d71-55289e083fa5: start FollowerState
2019-10-16 18:02:19,872 [Thread-4663] INFO  impl.FollowerState (FollowerState.java:run(108)) - bf55b3f9-6b09-4365-9d71-55289e083fa5@group-EFD1D20A002C-FollowerState: change to CANDIDATE, lastRpcTime:157ms, electionTimeout:157ms
2019-10-16 18:02:19,873 [Thread-4663] INFO  impl.RoleInfo (RoleInfo.java:shutdownFollowerState(121)) - bf55b3f9-6b09-4365-9d71-55289e083fa5: shutdown FollowerState
2019-10-16 18:02:19,873 [Thread-4663] INFO  impl.RaftServerImpl (RaftServerImpl.java:setRole(184)) - bf55b3f9-6b09-4365-9d71-55289e083fa5@group-EFD1D20A002C: changes role from  FOLLOWER to CANDIDATE at term 771 for changeToCandidate
2019-10-16 18:02:19,873 [Thread-4663] INFO  impl.RoleInfo (RoleInfo.java:updateAndGet(143)) - bf55b3f9-6b09-4365-9d71-55289e083fa5: start LeaderElection
2019-10-16 18:02:19,921 [bf55b3f9-6b09-4365-9d71-55289e083fa5@group-EFD1D20A002C-LeaderElection659] INFO  impl.LeaderElection (LeaderElection.java:askForVotes(178)) - bf55b3f9-6b09-4365-9d71-55289e083fa5@group-EFD1D20A002C-LeaderElection659: begin an election at term 772 for -1: [f4c54511-b161-4347-aec5-5236dc80a0d8:0.0.0.0:41238, 907b9765-214b-4864-b66a-d6e2a5789e5c:0.0.0.0:41650, bf55b3f9-6b09-4365-9d71-55289e083fa5:0.0.0.0:42441], old=null
2019-10-16 18:02:19,923 [grpc-default-executor-3] INFO  impl.RaftServerImpl (RaftServerImpl.java:setRole(184)) - f4c54511-b161-4347-aec5-5236dc80a0d8@group-EFD1D20A002C: changes role from  FOLLOWER to FOLLOWER at term 772 for recognizeCandidate:bf55b3f9-6b09-4365-9d71-55289e083fa5
2019-10-16 18:02:19,924 [grpc-default-executor-2] INFO  impl.RaftServerImpl (RaftServerImpl.java:setRole(184)) - 907b9765-214b-4864-b66a-d6e2a5789e5c@group-EFD1D20A002C: changes role from  FOLLOWER to FOLLOWER at term 772 for recognizeCandidate:bf55b3f9-6b09-4365-9d71-55289e083fa5
2019-10-16 18:02:19,924 [grpc-default-executor-2] INFO  impl.RoleInfo (RoleInfo.java:shutdownFollowerState(121)) - 907b9765-214b-4864-b66a-d6e2a5789e5c: shutdown FollowerState
2019-10-16 18:02:19,924 [grpc-default-executor-3] INFO  impl.RoleInfo (RoleInfo.java:shutdownFollowerState(121)) - f4c54511-b161-4347-aec5-5236dc80a0d8: shutdown FollowerState
2019-10-16 18:02:19,924 [Thread-4662] INFO  impl.FollowerState (FollowerState.java:run(117)) - 907b9765-214b-4864-b66a-d6e2a5789e5c@group-EFD1D20A002C-FollowerState was interrupted: java.lang.InterruptedException: sleep interrupted
2019-10-16 18:02:19,924 [grpc-default-executor-2] INFO  impl.RoleInfo (RoleInfo.java:updateAndGet(143)) - 907b9765-214b-4864-b66a-d6e2a5789e5c: start FollowerState
2019-10-16 18:02:19,924 [Thread-4661] INFO  impl.FollowerState (FollowerState.java:run(117)) - f4c54511-b161-4347-aec5-5236dc80a0d8@group-EFD1D20A002C-FollowerState was interrupted: java.lang.InterruptedException: sleep interrupted
2019-10-16 18:02:19,924 [grpc-default-executor-3] INFO  impl.RoleInfo (RoleInfo.java:updateAndGet(143)) - f4c54511-b161-4347-aec5-5236dc80a0d8: start FollowerState
2019-10-16 18:02:19,948 [bf55b3f9-6b09-4365-9d71-55289e083fa5@group-EFD1D20A002C-LeaderElection659] INFO  impl.LeaderElection (LeaderElection.java:logAndReturn(56)) - bf55b3f9-6b09-4365-9d71-55289e083fa5@group-EFD1D20A002C-LeaderElection659: Election REJECTED; received 2 response(s) [bf55b3f9-6b09-4365-9d71-55289e083fa5<-f4c54511-b161-4347-aec5-5236dc80a0d8#0:FAIL-t772, bf55b3f9-6b09-4365-9d71-55289e083fa5<-907b9765-214b-4864-b66a-d6e2a5789e5c#0:FAIL-t772] and 0 exception(s); bf55b3f9-6b09-4365-9d71-55289e083fa5@group-EFD1D20A002C:t772, leader=null, voted=bf55b3f9-6b09-4365-9d71-55289e083fa5, raftlog=bf55b3f9-6b09-4365-9d71-55289e083fa5@group-EFD1D20A002C-SegmentedRaftLog:OPENED:c-1,f-1,i0, conf=-1: [f4c54511-b161-4347-aec5-5236dc80a0d8:0.0.0.0:41238, 907b9765-214b-4864-b66a-d6e2a5789e5c:0.0.0.0:41650, bf55b3f9-6b09-4365-9d71-55289e083fa5:0.0.0.0:42441], old=null
2019-10-16 18:02:19,948 [bf55b3f9-6b09-4365-9d71-55289e083fa5@group-EFD1D20A002C-LeaderElection659] INFO  impl.RaftServerImpl (RaftServerImpl.java:setRole(184)) - bf55b3f9-6b09-4365-9d71-55289e083fa5@group-EFD1D20A002C: changes role from CANDIDATE to FOLLOWER at term 772 for DISCOVERED_A_NEW_TERM
2019-10-16 18:02:19,949 [bf55b3f9-6b09-4365-9d71-55289e083fa5@group-EFD1D20A002C-LeaderElection659] INFO  impl.RoleInfo (RoleInfo.java:shutdownLeaderElection(134)) - bf55b3f9-6b09-4365-9d71-55289e083fa5: shutdown LeaderElection
2019-10-16 18:02:19,949 [bf55b3f9-6b09-4365-9d71-55289e083fa5@group-EFD1D20A002C-LeaderElection659] INFO  impl.RoleInfo (RoleInfo.java:updateAndGet(143)) - bf55b3f9-6b09-4365-9d71-55289e083fa5: start FollowerState
2019-10-16 18:02:20,011 [Thread-4669] INFO  impl.FollowerState (FollowerState.java:run(108)) - bf55b3f9-6b09-4365-9d71-55289e083fa5@group-EFD1D20A002C-FollowerState: change to CANDIDATE, lastRpcTime:62ms, electionTimeout:62ms
2019-10-16 18:02:20,011 [Thread-4669] INFO  impl.RoleInfo (RoleInfo.java:shutdownFollowerState(121)) - bf55b3f9-6b09-4365-9d71-55289e083fa5: shutdown FollowerState
2019-10-16 18:02:20,012 [Thread-4669] INFO  impl.RaftServerImpl (RaftServerImpl.java:setRole(184)) - bf55b3f9-6b09-4365-9d71-55289e083fa5@group-EFD1D20A002C: changes role from  FOLLOWER to CANDIDATE at term 772 for changeToCandidate
2019-10-16 18:02:20,012 [Thread-4669] INFO  impl.RoleInfo (RoleInfo.java:updateAndGet(143)) - bf55b3f9-6b09-4365-9d71-55289e083fa5: start LeaderElection
2019-10-16 18:02:20,041 [bf55b3f9-6b09-4365-9d71-55289e083fa5@group-EFD1D20A002C-LeaderElection660] INFO  impl.LeaderElection (LeaderElection.java:askForVotes(178)) - bf55b3f9-6b09-4365-9d71-55289e083fa5@group-EFD1D20A002C-LeaderElection660: begin an election at term 773 for -1: [f4c54511-b161-4347-aec5-5236dc80a0d8:0.0.0.0:41238, 907b9765-214b-4864-b66a-d6e2a5789e5c:0.0.0.0:41650, bf55b3f9-6b09-4365-9d71-55289e083fa5:0.0.0.0:42441], old=null
2019-10-16 18:02:20,043 [grpc-default-executor-2] INFO  impl.RaftServerImpl (RaftServerImpl.java:setRole(184)) - f4c54511-b161-4347-aec5-5236dc80a0d8@group-EFD1D20A002C: changes role from  FOLLOWER to FOLLOWER at term 773 for recognizeCandidate:bf55b3f9-6b09-4365-9d71-55289e083fa5
2019-10-16 18:02:20,043 [grpc-default-executor-3] INFO  impl.RaftServerImpl (RaftServerImpl.java:setRole(184)) - 907b9765-214b-4864-b66a-d6e2a5789e5c@group-EFD1D20A002C: changes role from  FOLLOWER to FOLLOWER at term 773 for recognizeCandidate:bf55b3f9-6b09-4365-9d71-55289e083fa5
2019-10-16 18:02:20,043 [grpc-default-executor-3] INFO  impl.RoleInfo (RoleInfo.java:shutdownFollowerState(121)) - 907b9765-214b-4864-b66a-d6e2a5789e5c: shutdown FollowerState
2019-10-16 18:02:20,043 [grpc-default-executor-2] INFO  impl.RoleInfo (RoleInfo.java:shutdownFollowerState(121)) - f4c54511-b161-4347-aec5-5236dc80a0d8: shutdown FollowerState
2019-10-16 18:02:20,044 [grpc-default-executor-3] INFO  impl.RoleInfo (RoleInfo.java:updateAndGet(143)) - 907b9765-214b-4864-b66a-d6e2a5789e5c: start FollowerState
2019-10-16 18:02:20,044 [Thread-4667] INFO  impl.FollowerState (FollowerState.java:run(117)) - 907b9765-214b-4864-b66a-d6e2a5789e5c@group-EFD1D20A002C-FollowerState was interrupted: java.lang.InterruptedException: sleep interrupted
2019-10-16 18:02:20,044 [grpc-default-executor-2] INFO  impl.RoleInfo (RoleInfo.java:updateAndGet(143)) - f4c54511-b161-4347-aec5-5236dc80a0d8: start FollowerState
2019-10-16 18:02:20,044 [Thread-4668] INFO  impl.FollowerState (FollowerState.java:run(117)) - f4c54511-b161-4347-aec5-5236dc80a0d8@group-EFD1D20A002C-FollowerState was interrupted: java.lang.InterruptedException: sleep interrupted
2019-10-16 18:02:20,051 [bf55b3f9-6b09-4365-9d71-55289e083fa5@group-EFD1D20A002C-LeaderElection660] INFO  impl.LeaderElection (LeaderElection.java:logAndReturn(56)) - bf55b3f9-6b09-4365-9d71-55289e083fa5@group-EFD1D20A002C-LeaderElection660: Election TIMEOUT; received 0 response(s) [] and 0 exception(s); bf55b3f9-6b09-4365-9d71-55289e083fa5@group-EFD1D20A002C:t773, leader=null, voted=bf55b3f9-6b09-4365-9d71-55289e083fa5, raftlog=bf55b3f9-6b09-4365-9d71-55289e083fa5@group-EFD1D20A002C-SegmentedRaftLog:OPENED:c-1,f-1,i0, conf=-1: [f4c54511-b161-4347-aec5-5236dc80a0d8:0.0.0.0:41238, 907b9765-214b-4864-b66a-d6e2a5789e5c:0.0.0.0:41650, bf55b3f9-6b09-4365-9d71-55289e083fa5:0.0.0.0:42441], old=null
2019-10-16 18:02:20,088 [bf55b3f9-6b09-4365-9d71-55289e083fa5@group-EFD1D20A002C-LeaderElection660] INFO  impl.LeaderElection (LeaderElection.java:askForVotes(178)) - bf55b3f9-6b09-4365-9d71-55289e083fa5@group-EFD1D20A002C-LeaderElection660: begin an election at term 774 for -1: [f4c54511-b161-4347-aec5-5236dc80a0d8:0.0.0.0:41238, 907b9765-214b-4864-b66a-d6e2a5789e5c:0.0.0.0:41650, bf55b3f9-6b09-4365-9d71-55289e083fa5:0.0.0.0:42441], old=null
2019-10-16 18:02:20,090 [grpc-default-executor-3] INFO  impl.RaftServerImpl (RaftServerImpl.java:setRole(184)) - f4c54511-b161-4347-aec5-5236dc80a0d8@group-EFD1D20A002C: changes role from  FOLLOWER to FOLLOWER at term 774 for recognizeCandidate:bf55b3f9-6b09-4365-9d71-55289e083fa5
2019-10-16 18:02:20,090 [grpc-default-executor-2] INFO  impl.RaftServerImpl (RaftServerImpl.java:setRole(184)) - 907b9765-214b-4864-b66a-d6e2a5789e5c@group-EFD1D20A002C: changes role from  FOLLOWER to FOLLOWER at term 774 for recognizeCandidate:bf55b3f9-6b09-4365-9d71-55289e083fa5
2019-10-16 18:02:20,090 [grpc-default-executor-2] INFO  impl.RoleInfo (RoleInfo.java:shutdownFollowerState(121)) - 907b9765-214b-4864-b66a-d6e2a5789e5c: shutdown FollowerState
2019-10-16 18:02:20,090 [grpc-default-executor-3] INFO  impl.RoleInfo (RoleInfo.java:shutdownFollowerState(121)) - f4c54511-b161-4347-aec5-5236dc80a0d8: shutdown FollowerState
2019-10-16 18:02:20,090 [Thread-4673] INFO  impl.FollowerState (FollowerState.java:run(117)) - 907b9765-214b-4864-b66a-d6e2a5789e5c@group-EFD1D20A002C-FollowerState was interrupted: java.lang.InterruptedException: sleep interrupted
2019-10-16 18:02:20,090 [grpc-default-executor-2] INFO  impl.RoleInfo (RoleInfo.java:updateAndGet(143)) - 907b9765-214b-4864-b66a-d6e2a5789e5c: start FollowerState
2019-10-16 18:02:20,090 [Thread-4674] INFO  impl.FollowerState (FollowerState.java:run(117)) - f4c54511-b161-4347-aec5-5236dc80a0d8@group-EFD1D20A002C-FollowerState was interrupted: java.lang.InterruptedException: sleep interrupted
2019-10-16 18:02:20,090 [grpc-default-executor-3] INFO  impl.RoleInfo (RoleInfo.java:updateAndGet(143)) - f4c54511-b161-4347-aec5-5236dc80a0d8: start FollowerState
2019-10-16 18:02:20,136 [bf55b3f9-6b09-4365-9d71-55289e083fa5@group-EFD1D20A002C-LeaderElection660] INFO  impl.LeaderElection (LeaderElection.java:logAndReturn(56)) - bf55b3f9-6b09-4365-9d71-55289e083fa5@group-EFD1D20A002C-LeaderElection660: Election REJECTED; received 2 response(s) [bf55b3f9-6b09-4365-9d71-55289e083fa5<-f4c54511-b161-4347-aec5-5236dc80a0d8#0:FAIL-t774, bf55b3f9-6b09-4365-9d71-55289e083fa5<-907b9765-214b-4864-b66a-d6e2a5789e5c#0:FAIL-t774] and 0 exception(s); bf55b3f9-6b09-4365-9d71-55289e083fa5@group-EFD1D20A002C:t774, leader=null, voted=bf55b3f9-6b09-4365-9d71-55289e083fa5, raftlog=bf55b3f9-6b09-4365-9d71-55289e083fa5@group-EFD1D20A002C-SegmentedRaftLog:OPENED:c-1,f-1,i0, conf=-1: [f4c54511-b161-4347-aec5-5236dc80a0d8:0.0.0.0:41238, 907b9765-214b-4864-b66a-d6e2a5789e5c:0.0.0.0:41650, bf55b3f9-6b09-4365-9d71-55289e083fa5:0.0.0.0:42441], old=null
2019-10-16 18:02:20,137 [bf55b3f9-6b09-4365-9d71-55289e083fa5@group-EFD1D20A002C-LeaderElection660] INFO  impl.RaftServerImpl (RaftServerImpl.java:setRole(184)) - bf55b3f9-6b09-4365-9d71-55289e083fa5@group-EFD1D20A002C: changes role from CANDIDATE to FOLLOWER at term 774 for DISCOVERED_A_NEW_TERM
2019-10-16 18:02:20,137 [bf55b3f9-6b09-4365-9d71-55289e083fa5@group-EFD1D20A002C-LeaderElection660] INFO  impl.RoleInfo (RoleInfo.java:shutdownLeaderElection(134)) - bf55b3f9-6b09-4365-9d71-55289e083fa5: shutdown LeaderElection
2019-10-16 18:02:20,137 [bf55b3f9-6b09-4365-9d71-55289e083fa5@group-EFD1D20A002C-LeaderElection660] INFO  impl.RoleInfo (RoleInfo.java:updateAndGet(143)) - bf55b3f9-6b09-4365-9d71-55289e083fa5: start FollowerState
2019-10-16 18:02:20,224 [Thread-4679] INFO  impl.FollowerState (FollowerState.java:run(108)) - bf55b3f9-6b09-4365-9d71-55289e083fa5@group-EFD1D20A002C-FollowerState: change to CANDIDATE, lastRpcTime:87ms, electionTimeout:87ms
2019-10-16 18:02:20,224 [Thread-4679] INFO  impl.RoleInfo (RoleInfo.java:shutdownFollowerState(121)) - bf55b3f9-6b09-4365-9d71-55289e083fa5: shutdown FollowerState
2019-10-16 18:02:20,225 [Thread-4679] INFO  impl.RaftServerImpl (RaftServerImpl.java:setRole(184)) - bf55b3f9-6b09-4365-9d71-55289e083fa5@group-EFD1D20A002C: changes role from  FOLLOWER to CANDIDATE at term 774 for changeToCandidate
2019-10-16 18:02:20,225 [Thread-4679] INFO  impl.RoleInfo (RoleInfo.java:updateAndGet(143)) - bf55b3f9-6b09-4365-9d71-55289e083fa5: start LeaderElection
2019-10-16 18:02:20,251 [bf55b3f9-6b09-4365-9d71-55289e083fa5@group-EFD1D20A002C-LeaderElection661] INFO  impl.LeaderElection (LeaderElection.java:askForVotes(178)) - bf55b3f9-6b09-4365-9d71-55289e083fa5@group-EFD1D20A002C-LeaderElection661: begin an election at term 775 for -1: [f4c54511-b161-4347-aec5-5236dc80a0d8:0.0.0.0:41238, 907b9765-214b-4864-b66a-d6e2a5789e5c:0.0.0.0:41650, bf55b3f9-6b09-4365-9d71-55289e083fa5:0.0.0.0:42441], old=null
2019-10-16 18:02:20,253 [grpc-default-executor-2] INFO  impl.RaftServerImpl (RaftServerImpl.java:setRole(184)) - 907b9765-214b-4864-b66a-d6e2a5789e5c@group-EFD1D20A002C: changes role from  FOLLOWER to FOLLOWER at term 775 for recognizeCandidate:bf55b3f9-6b09-4365-9d71-55289e083fa5
2019-10-16 18:02:20,253 [grpc-default-executor-2] INFO  impl.RoleInfo (RoleInfo.java:shutdownFollowerState(121)) - 907b9765-214b-4864-b66a-d6e2a5789e5c: shutdown FollowerState
2019-10-16 18:02:20,253 [grpc-default-executor-2] INFO  impl.RoleInfo (RoleInfo.java:updateAndGet(143)) - 907b9765-214b-4864-b66a-d6e2a5789e5c: start FollowerState
2019-10-16 18:02:20,253 [grpc-default-executor-3] INFO  impl.RaftServerImpl (RaftServerImpl.java:setRole(184)) - f4c54511-b161-4347-aec5-5236dc80a0d8@group-EFD1D20A002C: changes role from  FOLLOWER to FOLLOWER at term 775 for recognizeCandidate:bf55b3f9-6b09-4365-9d71-55289e083fa5
2019-10-16 18:02:20,254 [grpc-default-executor-3] INFO  impl.RoleInfo (RoleInfo.java:shutdownFollowerState(121)) - f4c54511-b161-4347-aec5-5236dc80a0d8: shutdown FollowerState
2019-10-16 18:02:20,253 [Thread-4677] INFO  impl.FollowerState (FollowerState.java:run(117)) - 907b9765-214b-4864-b66a-d6e2a5789e5c@group-EFD1D20A002C-FollowerState was interrupted: java.lang.InterruptedException: sleep interrupted
2019-10-16 18:02:20,254 [grpc-default-executor-3] INFO  impl.RoleInfo (RoleInfo.java:updateAndGet(143)) - f4c54511-b161-4347-aec5-5236dc80a0d8: start FollowerState
2019-10-16 18:02:20,254 [Thread-4678] INFO  impl.FollowerState (FollowerState.java:run(117)) - f4c54511-b161-4347-aec5-5236dc80a0d8@group-EFD1D20A002C-FollowerState was interrupted: java.lang.InterruptedException: sleep interrupted
2019-10-16 18:02:20,297 [bf55b3f9-6b09-4365-9d71-55289e083fa5@group-EFD1D20A002C-LeaderElection661] INFO  impl.LeaderElection (LeaderElection.java:logAndReturn(56)) - bf55b3f9-6b09-4365-9d71-55289e083fa5@group-EFD1D20A002C-LeaderElection661: Election REJECTED; received 2 response(s) [bf55b3f9-6b09-4365-9d71-55289e083fa5<-f4c54511-b161-4347-aec5-5236dc80a0d8#0:FAIL-t775, bf55b3f9-6b09-4365-9d71-55289e083fa5<-907b9765-214b-4864-b66a-d6e2a5789e5c#0:FAIL-t775] and 0 exception(s); bf55b3f9-6b09-4365-9d71-55289e083fa5@group-EFD1D20A002C:t775, leader=null, voted=bf55b3f9-6b09-4365-9d71-55289e083fa5, raftlog=bf55b3f9-6b09-4365-9d71-55289e083fa5@group-EFD1D20A002C-SegmentedRaftLog:OPENED:c-1,f-1,i0, conf=-1: [f4c54511-b161-4347-aec5-5236dc80a0d8:0.0.0.0:41238, 907b9765-214b-4864-b66a-d6e2a5789e5c:0.0.0.0:41650, bf55b3f9-6b09-4365-9d71-55289e083fa5:0.0.0.0:42441], old=null
2019-10-16 18:02:20,298 [bf55b3f9-6b09-4365-9d71-55289e083fa5@group-EFD1D20A002C-LeaderElection661] INFO  impl.RaftServerImpl (RaftServerImpl.java:setRole(184)) - bf55b3f9-6b09-4365-9d71-55289e083fa5@group-EFD1D20A002C: changes role from CANDIDATE to FOLLOWER at term 775 for DISCOVERED_A_NEW_TERM
2019-10-16 18:02:20,298 [bf55b3f9-6b09-4365-9d71-55289e083fa5@group-EFD1D20A002C-LeaderElection661] INFO  impl.RoleInfo (RoleInfo.java:shutdownLeaderElection(134)) - bf55b3f9-6b09-4365-9d71-55289e083fa5: shutdown LeaderElection
2019-10-16 18:02:20,298 [bf55b3f9-6b09-4365-9d71-55289e083fa5@group-EFD1D20A002C-LeaderElection661] INFO  impl.RoleInfo (RoleInfo.java:updateAndGet(143)) - bf55b3f9-6b09-4365-9d71-55289e083fa5: start FollowerState
2019-10-16 18:02:20,466 [Thread-4685] INFO  impl.FollowerState (FollowerState.java:run(108)) - bf55b3f9-6b09-4365-9d71-55289e083fa5@group-EFD1D20A002C-FollowerState: change to CANDIDATE, lastRpcTime:168ms, electionTimeout:168ms
2019-10-16 18:02:20,467 [Thread-4685] INFO  impl.RoleInfo (RoleInfo.java:shutdownFollowerState(121)) - bf55b3f9-6b09-4365-9d71-55289e083fa5: shutdown FollowerState
2019-10-16 18:02:20,467 [Thread-4685] INFO  impl.RaftServerImpl (RaftServerImpl.java:setRole(184)) - bf55b3f9-6b09-4365-9d71-55289e083fa5@group-EFD1D20A002C: changes role from  FOLLOWER to CANDIDATE at term 775 for changeToCandidate
2019-10-16 18:02:20,467 [Thread-4685] INFO  impl.RoleInfo (RoleInfo.java:updateAndGet(143)) - bf55b3f9-6b09-4365-9d71-55289e083fa5: start LeaderElection
2019-10-16 18:02:20,498 [bf55b3f9-6b09-4365-9d71-55289e083fa5@group-EFD1D20A002C-LeaderElection662] INFO  impl.LeaderElection (LeaderElection.java:askForVotes(178)) - bf55b3f9-6b09-4365-9d71-55289e083fa5@group-EFD1D20A002C-LeaderElection662: begin an election at term 776 for -1: [f4c54511-b161-4347-aec5-5236dc80a0d8:0.0.0.0:41238, 907b9765-214b-4864-b66a-d6e2a5789e5c:0.0.0.0:41650, bf55b3f9-6b09-4365-9d71-55289e083fa5:0.0.0.0:42441], old=null
2019-10-16 18:02:20,500 [grpc-default-executor-3] INFO  impl.RaftServerImpl (RaftServerImpl.java:setRole(184)) - f4c54511-b161-4347-aec5-5236dc80a0d8@group-EFD1D20A002C: changes role from  FOLLOWER to FOLLOWER at term 776 for recognizeCandidate:bf55b3f9-6b09-4365-9d71-55289e083fa5
2019-10-16 18:02:20,500 [grpc-default-executor-3] INFO  impl.RoleInfo (RoleInfo.java:shutdownFollowerState(121)) - f4c54511-b161-4347-aec5-5236dc80a0d8: shutdown FollowerState
2019-10-16 18:02:20,500 [grpc-default-executor-2] INFO  impl.RaftServerImpl (RaftServerImpl.java:setRole(184)) - 907b9765-214b-4864-b66a-d6e2a5789e5c@group-EFD1D20A002C: changes role from  FOLLOWER to FOLLOWER at term 776 for recognizeCandidate:bf55b3f9-6b09-4365-9d71-55289e083fa5
2019-10-16 18:02:20,500 [grpc-default-executor-2] INFO  impl.RoleInfo (RoleInfo.java:shutdownFollowerState(121)) - 907b9765-214b-4864-b66a-d6e2a5789e5c: shutdown FollowerState
2019-10-16 18:02:20,500 [Thread-4684] INFO  impl.FollowerState (FollowerState.java:run(117)) - f4c54511-b161-4347-aec5-5236dc80a0d8@group-EFD1D20A002C-FollowerState was interrupted: java.lang.InterruptedException: sleep interrupted
2019-10-16 18:02:20,500 [grpc-default-executor-3] INFO  impl.RoleInfo (RoleInfo.java:updateAndGet(143)) - f4c54511-b161-4347-aec5-5236dc80a0d8: start FollowerState
2019-10-16 18:02:20,500 [Thread-4683] INFO  impl.FollowerState (FollowerState.java:run(117)) - 907b9765-214b-4864-b66a-d6e2a5789e5c@group-EFD1D20A002C-FollowerState was interrupted: java.lang.InterruptedException: sleep interrupted
2019-10-16 18:02:20,500 [grpc-default-executor-2] INFO  impl.RoleInfo (RoleInfo.java:updateAndGet(143)) - 907b9765-214b-4864-b66a-d6e2a5789e5c: start FollowerState
2019-10-16 18:02:20,521 [bf55b3f9-6b09-4365-9d71-55289e083fa5@group-EFD1D20A002C-LeaderElection662] INFO  impl.LeaderElection (LeaderElection.java:logAndReturn(56)) - bf55b3f9-6b09-4365-9d71-55289e083fa5@group-EFD1D20A002C-LeaderElection662: Election REJECTED; received 2 response(s) [bf55b3f9-6b09-4365-9d71-55289e083fa5<-f4c54511-b161-4347-aec5-5236dc80a0d8#0:FAIL-t776, bf55b3f9-6b09-4365-9d71-55289e083fa5<-907b9765-214b-4864-b66a-d6e2a5789e5c#0:FAIL-t776] and 0 exception(s); bf55b3f9-6b09-4365-9d71-55289e083fa5@group-EFD1D20A002C:t776, leader=null, voted=bf55b3f9-6b09-4365-9d71-55289e083fa5, raftlog=bf55b3f9-6b09-4365-9d71-55289e083fa5@group-EFD1D20A002C-SegmentedRaftLog:OPENED:c-1,f-1,i0, conf=-1: [f4c54511-b161-4347-aec5-5236dc80a0d8:0.0.0.0:41238, 907b9765-214b-4864-b66a-d6e2a5789e5c:0.0.0.0:41650, bf55b3f9-6b09-4365-9d71-55289e083fa5:0.0.0.0:42441], old=null
2019-10-16 18:02:20,521 [bf55b3f9-6b09-4365-9d71-55289e083fa5@group-EFD1D20A002C-LeaderElection662] INFO  impl.RaftServerImpl (RaftServerImpl.java:setRole(184)) - bf55b3f9-6b09-4365-9d71-55289e083fa5@group-EFD1D20A002C: changes role from CANDIDATE to FOLLOWER at term 776 for DISCOVERED_A_NEW_TERM
2019-10-16 18:02:20,521 [bf55b3f9-6b09-4365-9d71-55289e083fa5@group-EFD1D20A002C-LeaderElection662] INFO  impl.RoleInfo (RoleInfo.java:shutdownLeaderElection(134)) - bf55b3f9-6b09-4365-9d71-55289e083fa5: shutdown LeaderElection
2019-10-16 18:02:20,521 [bf55b3f9-6b09-4365-9d71-55289e083fa5@group-EFD1D20A002C-LeaderElection662] INFO  impl.RoleInfo (RoleInfo.java:updateAndGet(143)) - bf55b3f9-6b09-4365-9d71-55289e083fa5: start FollowerState
2019-10-16 18:02:20,604 [Thread-4693] INFO  impl.FollowerState (FollowerState.java:run(108)) - bf55b3f9-6b09-4365-9d71-55289e083fa5@group-EFD1D20A002C-FollowerState: change to CANDIDATE, lastRpcTime:82ms, electionTimeout:82ms
2019-10-16 18:02:20,604 [Thread-4693] INFO  impl.RoleInfo (RoleInfo.java:shutdownFollowerState(121)) - bf55b3f9-6b09-4365-9d71-55289e083fa5: shutdown FollowerState
2019-10-16 18:02:20,604 [Thread-4693] INFO  impl.RaftServerImpl (RaftServerImpl.java:setRole(184)) - bf55b3f9-6b09-4365-9d71-55289e083fa5@group-EFD1D20A002C: changes role from  FOLLOWER to CANDIDATE at term 776 for changeToCandidate
2019-10-16 18:02:20,604 [Thread-4693] INFO  impl.RoleInfo (RoleInfo.java:updateAndGet(143)) - bf55b3f9-6b09-4365-9d71-55289e083fa5: start LeaderElection
2019-10-16 18:02:20,628 [bf55b3f9-6b09-4365-9d71-55289e083fa5@group-EFD1D20A002C-LeaderElection663] INFO  impl.LeaderElection (LeaderElection.java:askForVotes(178)) - bf55b3f9-6b09-4365-9d71-55289e083fa5@group-EFD1D20A002C-LeaderElection663: begin an election at term 777 for -1: [f4c54511-b161-4347-aec5-5236dc80a0d8:0.0.0.0:41238, 907b9765-214b-4864-b66a-d6e2a5789e5c:0.0.0.0:41650, bf55b3f9-6b09-4365-9d71-55289e083fa5:0.0.0.0:42441], old=null
2019-10-16 18:02:20,630 [grpc-default-executor-3] INFO  impl.RaftServerImpl (RaftServerImpl.java:setRole(184)) - 907b9765-214b-4864-b66a-d6e2a5789e5c@group-EFD1D20A002C: changes role from  FOLLOWER to FOLLOWER at term 777 for recognizeCandidate:bf55b3f9-6b09-4365-9d71-55289e083fa5
2019-10-16 18:02:20,630 [grpc-default-executor-2] INFO  impl.RaftServerImpl (RaftServerImpl.java:setRole(184)) - f4c54511-b161-4347-aec5-5236dc80a0d8@group-EFD1D20A002C: changes role from  FOLLOWER to FOLLOWER at term 777 for recognizeCandidate:bf55b3f9-6b09-4365-9d71-55289e083fa5
2019-10-16 18:02:20,630 [grpc-default-executor-3] INFO  impl.RoleInfo (RoleInfo.java:shutdownFollowerState(121)) - 907b9765-214b-4864-b66a-d6e2a5789e5c: shutdown FollowerState
2019-10-16 18:02:20,630 [grpc-default-executor-2] INFO  impl.RoleInfo (RoleInfo.java:shutdownFollowerState(121)) - f4c54511-b161-4347-aec5-5236dc80a0d8: shutdown FollowerState
2019-10-16 18:02:20,631 [Thread-4692] INFO  impl.FollowerState (FollowerState.java:run(117)) - 907b9765-214b-4864-b66a-d6e2a5789e5c@group-EFD1D20A002C-FollowerState was interrupted: java.lang.InterruptedException: sleep interrupted
2019-10-16 18:02:20,631 [Thread-4691] INFO  impl.FollowerState (FollowerState.java:run(117)) - f4c54511-b161-4347-aec5-5236dc80a0d8@group-EFD1D20A002C-FollowerState was interrupted: java.lang.InterruptedException: sleep interrupted
2019-10-16 18:02:20,630 [grpc-default-executor-3] INFO  impl.RoleInfo (RoleInfo.java:updateAndGet(143)) - 907b9765-214b-4864-b66a-d6e2a5789e5c: start FollowerState
2019-10-16 18:02:20,631 [grpc-default-executor-2] INFO  impl.RoleInfo (RoleInfo.java:updateAndGet(143)) - f4c54511-b161-4347-aec5-5236dc80a0d8: start FollowerState
2019-10-16 18:02:20,634 [bf55b3f9-6b09-4365-9d71-55289e083fa5@group-EFD1D20A002C-LeaderElection663] INFO  impl.LeaderElection (LeaderElection.java:logAndReturn(56)) - bf55b3f9-6b09-4365-9d71-55289e083fa5@group-EFD1D20A002C-LeaderElection663: Election TIMEOUT; received 0 response(s) [] and 0 exception(s); bf55b3f9-6b09-4365-9d71-55289e083fa5@group-EFD1D20A002C:t777, leader=null, voted=bf55b3f9-6b09-4365-9d71-55289e083fa5, raftlog=bf55b3f9-6b09-4365-9d71-55289e083fa5@group-EFD1D20A002C-SegmentedRaftLog:OPENED:c-1,f-1,i0, conf=-1: [f4c54511-b161-4347-aec5-5236dc80a0d8:0.0.0.0:41238, 907b9765-214b-4864-b66a-d6e2a5789e5c:0.0.0.0:41650, bf55b3f9-6b09-4365-9d71-55289e083fa5:0.0.0.0:42441], old=null
2019-10-16 18:02:20,653 [bf55b3f9-6b09-4365-9d71-55289e083fa5@group-EFD1D20A002C-LeaderElection663] INFO  impl.LeaderElection (LeaderElection.java:askForVotes(178)) - bf55b3f9-6b09-4365-9d71-55289e083fa5@group-EFD1D20A002C-LeaderElection663: begin an election at term 778 for -1: [f4c54511-b161-4347-aec5-5236dc80a0d8:0.0.0.0:41238, 907b9765-214b-4864-b66a-d6e2a5789e5c:0.0.0.0:41650, bf55b3f9-6b09-4365-9d71-55289e083fa5:0.0.0.0:42441], old=null
2019-10-16 18:02:20,654 [grpc-default-executor-3] INFO  impl.RaftServerImpl (RaftServerImpl.java:setRole(184)) - f4c54511-b161-4347-aec5-5236dc80a0d8@group-EFD1D20A002C: changes role from  FOLLOWER to FOLLOWER at term 778 for recognizeCandidate:bf55b3f9-6b09-4365-9d71-55289e083fa5
2019-10-16 18:02:20,655 [grpc-default-executor-3] INFO  impl.RoleInfo (RoleInfo.java:shutdownFollowerState(121)) - f4c54511-b161-4347-aec5-5236dc80a0d8: shutdown FollowerState
2019-10-16 18:02:20,655 [grpc-default-executor-2] INFO  impl.RaftServerImpl (RaftServerImpl.java:setRole(184)) - 907b9765-214b-4864-b66a-d6e2a5789e5c@group-EFD1D20A002C: changes role from  FOLLOWER to FOLLOWER at term 778 for recognizeCandidate:bf55b3f9-6b09-4365-9d71-55289e083fa5
2019-10-16 18:02:20,655 [grpc-default-executor-2] INFO  impl.RoleInfo (RoleInfo.java:shutdownFollowerState(121)) - 907b9765-214b-4864-b66a-d6e2a5789e5c: shutdown FollowerState
2019-10-16 18:02:20,655 [grpc-default-executor-2] INFO  impl.RoleInfo (RoleInfo.java:updateAndGet(143)) - 907b9765-214b-4864-b66a-d6e2a5789e5c: start FollowerState
2019-10-16 18:02:20,655 [Thread-4698] INFO  impl.FollowerState (FollowerState.java:run(117)) - f4c54511-b161-4347-aec5-5236dc80a0d8@group-EFD1D20A002C-FollowerState was interrupted: java.lang.InterruptedException: sleep interrupted
2019-10-16 18:02:20,655 [grpc-default-executor-3] INFO  impl.RoleInfo (RoleInfo.java:updateAndGet(143)) - f4c54511-b161-4347-aec5-5236dc80a0d8: start FollowerState
2019-10-16 18:02:20,655 [Thread-4697] INFO  impl.FollowerState (FollowerState.java:run(117)) - 907b9765-214b-4864-b66a-d6e2a5789e5c@group-EFD1D20A002C-FollowerState was interrupted: java.lang.InterruptedException: sleep interrupted
2019-10-16 18:02:20,669 [bf55b3f9-6b09-4365-9d71-55289e083fa5@group-EFD1D20A002C-LeaderElection663] INFO  impl.LeaderElection (LeaderElection.java:logAndReturn(56)) - bf55b3f9-6b09-4365-9d71-55289e083fa5@group-EFD1D20A002C-LeaderElection663: Election TIMEOUT; received 0 response(s) [] and 0 exception(s); bf55b3f9-6b09-4365-9d71-55289e083fa5@group-EFD1D20A002C:t778, leader=null, voted=bf55b3f9-6b09-4365-9d71-55289e083fa5, raftlog=bf55b3f9-6b09-4365-9d71-55289e083fa5@group-EFD1D20A002C-SegmentedRaftLog:OPENED:c-1,f-1,i0, conf=-1: [f4c54511-b161-4347-aec5-5236dc80a0d8:0.0.0.0:41238, 907b9765-214b-4864-b66a-d6e2a5789e5c:0.0.0.0:41650, bf55b3f9-6b09-4365-9d71-55289e083fa5:0.0.0.0:42441], old=null
2019-10-16 18:02:20,701 [bf55b3f9-6b09-4365-9d71-55289e083fa5@group-EFD1D20A002C-LeaderElection663] INFO  impl.LeaderElection (LeaderElection.java:askForVotes(178)) - bf55b3f9-6b09-4365-9d71-55289e083fa5@group-EFD1D20A002C-LeaderElection663: begin an election at term 779 for -1: [f4c54511-b161-4347-aec5-5236dc80a0d8:0.0.0.0:41238, 907b9765-214b-4864-b66a-d6e2a5789e5c:0.0.0.0:41650, bf55b3f9-6b09-4365-9d71-55289e083fa5:0.0.0.0:42441], old=null
2019-10-16 18:02:20,703 [grpc-default-executor-3] INFO  impl.RaftServerImpl (RaftServerImpl.java:setRole(184)) - 907b9765-214b-4864-b66a-d6e2a5789e5c@group-EFD1D20A002C: changes role from  FOLLOWER to FOLLOWER at term 779 for recognizeCandidate:bf55b3f9-6b09-4365-9d71-55289e083fa5
2019-10-16 18:02:20,703 [grpc-default-executor-3] INFO  impl.RoleInfo (RoleInfo.java:shutdownFollowerState(121)) - 907b9765-214b-4864-b66a-d6e2a5789e5c: shutdown FollowerState
2019-10-16 18:02:20,703 [grpc-default-executor-2] INFO  impl.RaftServerImpl (RaftServerImpl.java:setRole(184)) - f4c54511-b161-4347-aec5-5236dc80a0d8@group-EFD1D20A002C: changes role from  FOLLOWER to FOLLOWER at term 779 for recognizeCandidate:bf55b3f9-6b09-4365-9d71-55289e083fa5
2019-10-16 18:02:20,703 [grpc-default-executor-2] INFO  impl.RoleInfo (RoleInfo.java:shutdownFollowerState(121)) - f4c54511-b161-4347-aec5-5236dc80a0d8: shutdown FollowerState
2019-10-16 18:02:20,703 [Thread-4702] INFO  impl.FollowerState (FollowerState.java:run(117)) - 907b9765-214b-4864-b66a-d6e2a5789e5c@group-EFD1D20A002C-FollowerState was interrupted: java.lang.InterruptedException: sleep interrupted
2019-10-16 18:02:20,703 [grpc-default-executor-3] INFO  impl.RoleInfo (RoleInfo.java:updateAndGet(143)) - 907b9765-214b-4864-b66a-d6e2a5789e5c: start FollowerState
2019-10-16 18:02:20,704 [Thread-4701] INFO  impl.FollowerState (FollowerState.java:run(117)) - f4c54511-b161-4347-aec5-5236dc80a0d8@group-EFD1D20A002C-FollowerState was interrupted: java.lang.InterruptedException: sleep interrupted
2019-10-16 18:02:20,704 [grpc-default-executor-2] INFO  impl.RoleInfo (RoleInfo.java:updateAndGet(143)) - f4c54511-b161-4347-aec5-5236dc80a0d8: start FollowerState
2019-10-16 18:02:20,728 [bf55b3f9-6b09-4365-9d71-55289e083fa5@group-EFD1D20A002C-LeaderElection663] INFO  impl.LeaderElection (LeaderElection.java:logAndReturn(56)) - bf55b3f9-6b09-4365-9d71-55289e083fa5@group-EFD1D20A002C-LeaderElection663: Election REJECTED; received 2 response(s) [bf55b3f9-6b09-4365-9d71-55289e083fa5<-f4c54511-b161-4347-aec5-5236dc80a0d8#0:FAIL-t779, bf55b3f9-6b09-4365-9d71-55289e083fa5<-907b9765-214b-4864-b66a-d6e2a5789e5c#0:FAIL-t779] and 0 exception(s); bf55b3f9-6b09-4365-9d71-55289e083fa5@group-EFD1D20A002C:t779, leader=null, voted=bf55b3f9-6b09-4365-9d71-55289e083fa5, raftlog=bf55b3f9-6b09-4365-9d71-55289e083fa5@group-EFD1D20A002C-SegmentedRaftLog:OPENED:c-1,f-1,i0, conf=-1: [f4c54511-b161-4347-aec5-5236dc80a0d8:0.0.0.0:41238, 907b9765-214b-4864-b66a-d6e2a5789e5c:0.0.0.0:41650, bf55b3f9-6b09-4365-9d71-55289e083fa5:0.0.0.0:42441], old=null
2019-10-16 18:02:20,728 [bf55b3f9-6b09-4365-9d71-55289e083fa5@group-EFD1D20A002C-LeaderElection663] INFO  impl.RaftServerImpl (RaftServerImpl.java:setRole(184)) - bf55b3f9-6b09-4365-9d71-55289e083fa5@group-EFD1D20A002C: changes role from CANDIDATE to FOLLOWER at term 779 for DISCOVERED_A_NEW_TERM
2019-10-16 18:02:20,728 [bf55b3f9-6b09-4365-9d71-55289e083fa5@group-EFD1D20A002C-LeaderElection663] INFO  impl.RoleInfo (RoleInfo.java:shutdownLeaderElection(134)) - bf55b3f9-6b09-4365-9d71-55289e083fa5: shutdown LeaderElection
2019-10-16 18:02:20,728 [bf55b3f9-6b09-4365-9d71-55289e083fa5@group-EFD1D20A002C-LeaderElection663] INFO  impl.RoleInfo (RoleInfo.java:updateAndGet(143)) - bf55b3f9-6b09-4365-9d71-55289e083fa5: start FollowerState
2019-10-16 18:02:20,783 [Thread-4707] INFO  impl.FollowerState (FollowerState.java:run(108)) - bf55b3f9-6b09-4365-9d71-55289e083fa5@group-EFD1D20A002C-FollowerState: change to CANDIDATE, lastRpcTime:54ms, electionTimeout:54ms
2019-10-16 18:02:20,783 [Thread-4707] INFO  impl.RoleInfo (RoleInfo.java:shutdownFollowerState(121)) - bf55b3f9-6b09-4365-9d71-55289e083fa5: shutdown FollowerState
2019-10-16 18:02:20,783 [Thread-4707] INFO  impl.RaftServerImpl (RaftServerImpl.java:setRole(184)) - bf55b3f9-6b09-4365-9d71-55289e083fa5@group-EFD1D20A002C: changes role from  FOLLOWER to CANDIDATE at term 779 for changeToCandidate
2019-10-16 18:02:20,783 [Thread-4707] INFO  impl.RoleInfo (RoleInfo.java:updateAndGet(143)) - bf55b3f9-6b09-4365-9d71-55289e083fa5: start LeaderElection
2019-10-16 18:02:20,809 [bf55b3f9-6b09-4365-9d71-55289e083fa5@group-EFD1D20A002C-LeaderElection664] INFO  impl.LeaderElection (LeaderElection.java:askForVotes(178)) - bf55b3f9-6b09-4365-9d71-55289e083fa5@group-EFD1D20A002C-LeaderElection664: begin an election at term 780 for -1: [f4c54511-b161-4347-aec5-5236dc80a0d8:0.0.0.0:41238, 907b9765-214b-4864-b66a-d6e2a5789e5c:0.0.0.0:41650, bf55b3f9-6b09-4365-9d71-55289e083fa5:0.0.0.0:42441], old=null
2019-10-16 18:02:20,811 [grpc-default-executor-2] INFO  impl.RaftServerImpl (RaftServerImpl.java:setRole(184)) - 907b9765-214b-4864-b66a-d6e2a5789e5c@group-EFD1D20A002C: changes role from  FOLLOWER to FOLLOWER at term 780 for recognizeCandidate:bf55b3f9-6b09-4365-9d71-55289e083fa5
2019-10-16 18:02:20,811 [grpc-default-executor-3] INFO  impl.RaftServerImpl (RaftServerImpl.java:setRole(184)) - f4c54511-b161-4347-aec5-5236dc80a0d8@group-EFD1D20A002C: changes role from  FOLLOWER to FOLLOWER at term 780 for recognizeCandidate:bf55b3f9-6b09-4365-9d71-55289e083fa5
2019-10-16 18:02:20,812 [grpc-default-executor-2] INFO  impl.RoleInfo (RoleInfo.java:shutdownFollowerState(121)) - 907b9765-214b-4864-b66a-d6e2a5789e5c: shutdown FollowerState
2019-10-16 18:02:20,812 [grpc-default-executor-3] INFO  impl.RoleInfo (RoleInfo.java:shutdownFollowerState(121)) - f4c54511-b161-4347-aec5-5236dc80a0d8: shutdown FollowerState
2019-10-16 18:02:20,812 [Thread-4705] INFO  impl.FollowerState (FollowerState.java:run(117)) - 907b9765-214b-4864-b66a-d6e2a5789e5c@group-EFD1D20A002C-FollowerState was interrupted: java.lang.InterruptedException: sleep interrupted
2019-10-16 18:02:20,812 [grpc-default-executor-2] INFO  impl.RoleInfo (RoleInfo.java:updateAndGet(143)) - 907b9765-214b-4864-b66a-d6e2a5789e5c: start FollowerState
2019-10-16 18:02:20,812 [Thread-4706] INFO  impl.FollowerState (FollowerState.java:run(117)) - f4c54511-b161-4347-aec5-5236dc80a0d8@group-EFD1D20A002C-FollowerState was interrupted: java.lang.InterruptedException: sleep interrupted
2019-10-16 18:02:20,812 [grpc-default-executor-3] INFO  impl.RoleInfo (RoleInfo.java:updateAndGet(143)) - f4c54511-b161-4347-aec5-5236dc80a0d8: start FollowerState
2019-10-16 18:02:20,836 [bf55b3f9-6b09-4365-9d71-55289e083fa5@group-EFD1D20A002C-LeaderElection664] INFO  impl.LeaderElection (LeaderElection.java:logAndReturn(56)) - bf55b3f9-6b09-4365-9d71-55289e083fa5@group-EFD1D20A002C-LeaderElection664: Election REJECTED; received 2 response(s) [bf55b3f9-6b09-4365-9d71-55289e083fa5<-f4c54511-b161-4347-aec5-5236dc80a0d8#0:FAIL-t780, bf55b3f9-6b09-4365-9d71-55289e083fa5<-907b9765-214b-4864-b66a-d6e2a5789e5c#0:FAIL-t780] and 0 exception(s); bf55b3f9-6b09-4365-9d71-55289e083fa5@group-EFD1D20A002C:t780, leader=null, voted=bf55b3f9-6b09-4365-9d71-55289e083fa5, raftlog=bf55b3f9-6b09-4365-9d71-55289e083fa5@group-EFD1D20A002C-SegmentedRaftLog:OPENED:c-1,f-1,i0, conf=-1: [f4c54511-b161-4347-aec5-5236dc80a0d8:0.0.0.0:41238, 907b9765-214b-4864-b66a-d6e2a5789e5c:0.0.0.0:41650, bf55b3f9-6b09-4365-9d71-55289e083fa5:0.0.0.0:42441], old=null
2019-10-16 18:02:20,837 [bf55b3f9-6b09-4365-9d71-55289e083fa5@group-EFD1D20A002C-LeaderElection664] INFO  impl.RaftServerImpl (RaftServerImpl.java:setRole(184)) - bf55b3f9-6b09-4365-9d71-55289e083fa5@group-EFD1D20A002C: changes role from CANDIDATE to FOLLOWER at term 780 for DISCOVERED_A_NEW_TERM
2019-10-16 18:02:20,837 [bf55b3f9-6b09-4365-9d71-55289e083fa5@group-EFD1D20A002C-LeaderElection664] INFO  impl.RoleInfo (RoleInfo.java:shutdownLeaderElection(134)) - bf55b3f9-6b09-4365-9d71-55289e083fa5: shutdown LeaderElection
2019-10-16 18:02:20,837 [bf55b3f9-6b09-4365-9d71-55289e083fa5@group-EFD1D20A002C-LeaderElection664] INFO  impl.RoleInfo (RoleInfo.java:updateAndGet(143)) - bf55b3f9-6b09-4365-9d71-55289e083fa5: start FollowerState
2019-10-16 18:02:20,872 [Thread-4713] INFO  impl.FollowerState (FollowerState.java:run(108)) - bf55b3f9-6b09-4365-9d71-55289e083fa5@group-EFD1D20A002C-FollowerState: change to CANDIDATE, lastRpcTime:35ms, electionTimeout:35ms
2019-10-16 18:02:20,872 [Thread-4713] INFO  impl.RoleInfo (RoleInfo.java:shutdownFollowerState(121)) - bf55b3f9-6b09-4365-9d71-55289e083fa5: shutdown FollowerState
2019-10-16 18:02:20,872 [Thread-4713] INFO  impl.RaftServerImpl (RaftServerImpl.java:setRole(184)) - bf55b3f9-6b09-4365-9d71-55289e083fa5@group-EFD1D20A002C: changes role from  FOLLOWER to CANDIDATE at term 780 for changeToCandidate
2019-10-16 18:02:20,873 [Thread-4713] INFO  impl.RoleInfo (RoleInfo.java:updateAndGet(143)) - bf55b3f9-6b09-4365-9d71-55289e083fa5: start LeaderElection
2019-10-16 18:02:20,942 [bf55b3f9-6b09-4365-9d71-55289e083fa5@group-EFD1D20A002C-LeaderElection665] INFO  impl.LeaderElection (LeaderElection.java:askForVotes(178)) - bf55b3f9-6b09-4365-9d71-55289e083fa5@group-EFD1D20A002C-LeaderElection665: begin an election at term 781 for -1: [f4c54511-b161-4347-aec5-5236dc80a0d8:0.0.0.0:41238, 907b9765-214b-4864-b66a-d6e2a5789e5c:0.0.0.0:41650, bf55b3f9-6b09-4365-9d71-55289e083fa5:0.0.0.0:42441], old=null
2019-10-16 18:02:20,944 [grpc-default-executor-3] INFO  impl.RaftServerImpl (RaftServerImpl.java:setRole(184)) - f4c54511-b161-4347-aec5-5236dc80a0d8@group-EFD1D20A002C: changes role from  FOLLOWER to FOLLOWER at term 781 for recognizeCandidate:bf55b3f9-6b09-4365-9d71-55289e083fa5
2019-10-16 18:02:20,944 [grpc-default-executor-3] INFO  impl.RoleInfo (RoleInfo.java:shutdownFollowerState(121)) - f4c54511-b161-4347-aec5-5236dc80a0d8: shutdown FollowerState
2019-10-16 18:02:20,944 [grpc-default-executor-2] INFO  impl.RaftServerImpl (RaftServerImpl.java:setRole(184)) - 907b9765-214b-4864-b66a-d6e2a5789e5c@group-EFD1D20A002C: changes role from  FOLLOWER to FOLLOWER at term 781 for recognizeCandidate:bf55b3f9-6b09-4365-9d71-55289e083fa5
2019-10-16 18:02:20,944 [grpc-default-executor-2] INFO  impl.RoleInfo (RoleInfo.java:shutdownFollowerState(121)) - 907b9765-214b-4864-b66a-d6e2a5789e5c: shutdown FollowerState
2019-10-16 18:02:20,944 [Thread-4712] INFO  impl.FollowerState (FollowerState.java:run(117)) - f4c54511-b161-4347-aec5-5236dc80a0d8@group-EFD1D20A002C-FollowerState was interrupted: java.lang.InterruptedException: sleep interrupted
2019-10-16 18:02:20,945 [Thread-4711] INFO  impl.FollowerState (FollowerState.java:run(117)) - 907b9765-214b-4864-b66a-d6e2a5789e5c@group-EFD1D20A002C-FollowerState was interrupted: java.lang.InterruptedException: sleep interrupted
2019-10-16 18:02:20,944 [grpc-default-executor-3] INFO  impl.RoleInfo (RoleInfo.java:updateAndGet(143)) - f4c54511-b161-4347-aec5-5236dc80a0d8: start FollowerState
2019-10-16 18:02:20,945 [grpc-default-executor-2] INFO  impl.RoleInfo (RoleInfo.java:updateAndGet(143)) - 907b9765-214b-4864-b66a-d6e2a5789e5c: start FollowerState
2019-10-16 18:02:20,961 [bf55b3f9-6b09-4365-9d71-55289e083fa5@group-EFD1D20A002C-LeaderElection665] INFO  impl.LeaderElection (LeaderElection.java:logAndReturn(56)) - bf55b3f9-6b09-4365-9d71-55289e083fa5@group-EFD1D20A002C-LeaderElection665: Election TIMEOUT; received 0 response(s) [] and 0 exception(s); bf55b3f9-6b09-4365-9d71-55289e083fa5@group-EFD1D20A002C:t781, leader=null, voted=bf55b3f9-6b09-4365-9d71-55289e083fa5, raftlog=bf55b3f9-6b09-4365-9d71-55289e083fa5@group-EFD1D20A002C-SegmentedRaftLog:OPENED:c-1,f-1,i0, conf=-1: [f4c54511-b161-4347-aec5-5236dc80a0d8:0.0.0.0:41238, 907b9765-214b-4864-b66a-d6e2a5789e5c:0.0.0.0:41650, bf55b3f9-6b09-4365-9d71-55289e083fa5:0.0.0.0:42441], old=null
2019-10-16 18:02:21,058 [bf55b3f9-6b09-4365-9d71-55289e083fa5@group-EFD1D20A002C-LeaderElection665] INFO  impl.LeaderElection (LeaderElection.java:askForVotes(178)) - bf55b3f9-6b09-4365-9d71-55289e083fa5@group-EFD1D20A002C-LeaderElection665: begin an election at term 782 for -1: [f4c54511-b161-4347-aec5-5236dc80a0d8:0.0.0.0:41238, 907b9765-214b-4864-b66a-d6e2a5789e5c:0.0.0.0:41650, bf55b3f9-6b09-4365-9d71-55289e083fa5:0.0.0.0:42441], old=null
2019-10-16 18:02:21,060 [grpc-default-executor-3] INFO  impl.RaftServerImpl (RaftServerImpl.java:setRole(184)) - f4c54511-b161-4347-aec5-5236dc80a0d8@group-EFD1D20A002C: changes role from  FOLLOWER to FOLLOWER at term 782 for recognizeCandidate:bf55b3f9-6b09-4365-9d71-55289e083fa5
2019-10-16 18:02:21,060 [grpc-default-executor-3] INFO  impl.RoleInfo (RoleInfo.java:shutdownFollowerState(121)) - f4c54511-b161-4347-aec5-5236dc80a0d8: shutdown FollowerState
2019-10-16 18:02:21,060 [grpc-default-executor-3] INFO  impl.RoleInfo (RoleInfo.java:updateAndGet(143)) - f4c54511-b161-4347-aec5-5236dc80a0d8: start FollowerState
2019-10-16 18:02:21,060 [Thread-4717] INFO  impl.FollowerState (FollowerState.java:run(117)) - f4c54511-b161-4347-aec5-5236dc80a0d8@group-EFD1D20A002C-FollowerState was interrupted: java.lang.InterruptedException: sleep interrupted
2019-10-16 18:02:21,060 [grpc-default-executor-2] INFO  impl.RaftServerImpl (RaftServerImpl.java:setRole(184)) - 907b9765-214b-4864-b66a-d6e2a5789e5c@group-EFD1D20A002C: changes role from  FOLLOWER to FOLLOWER at term 782 for recognizeCandidate:bf55b3f9-6b09-4365-9d71-55289e083fa5
2019-10-16 18:02:21,060 [grpc-default-executor-2] INFO  impl.RoleInfo (RoleInfo.java:shutdownFollowerState(121)) - 907b9765-214b-4864-b66a-d6e2a5789e5c: shutdown FollowerState
2019-10-16 18:02:21,061 [grpc-default-executor-2] INFO  impl.RoleInfo (RoleInfo.java:updateAndGet(143)) - 907b9765-214b-4864-b66a-d6e2a5789e5c: start FollowerState
2019-10-16 18:02:21,061 [Thread-4718] INFO  impl.FollowerState (FollowerState.java:run(117)) - 907b9765-214b-4864-b66a-d6e2a5789e5c@group-EFD1D20A002C-FollowerState was interrupted: java.lang.InterruptedException: sleep interrupted
2019-10-16 18:02:21,118 [bf55b3f9-6b09-4365-9d71-55289e083fa5@group-EFD1D20A002C-LeaderElection665] INFO  impl.LeaderElection (LeaderElection.java:logAndReturn(56)) - bf55b3f9-6b09-4365-9d71-55289e083fa5@group-EFD1D20A002C-LeaderElection665: Election REJECTED; received 2 response(s) [bf55b3f9-6b09-4365-9d71-55289e083fa5<-f4c54511-b161-4347-aec5-5236dc80a0d8#0:FAIL-t782, bf55b3f9-6b09-4365-9d71-55289e083fa5<-907b9765-214b-4864-b66a-d6e2a5789e5c#0:FAIL-t782] and 0 exception(s); bf55b3f9-6b09-4365-9d71-55289e083fa5@group-EFD1D20A002C:t782, leader=null, voted=bf55b3f9-6b09-4365-9d71-55289e083fa5, raftlog=bf55b3f9-6b09-4365-9d71-55289e083fa5@group-EFD1D20A002C-SegmentedRaftLog:OPENED:c-1,f-1,i0, conf=-1: [f4c54511-b161-4347-aec5-5236dc80a0d8:0.0.0.0:41238, 907b9765-214b-4864-b66a-d6e2a5789e5c:0.0.0.0:41650, bf55b3f9-6b09-4365-9d71-55289e083fa5:0.0.0.0:42441], old=null
2019-10-16 18:02:21,118 [bf55b3f9-6b09-4365-9d71-55289e083fa5@group-EFD1D20A002C-LeaderElection665] INFO  impl.RaftServerImpl (RaftServerImpl.java:setRole(184)) - bf55b3f9-6b09-4365-9d71-55289e083fa5@group-EFD1D20A002C: changes role from CANDIDATE to FOLLOWER at term 782 for DISCOVERED_A_NEW_TERM
2019-10-16 18:02:21,118 [bf55b3f9-6b09-4365-9d71-55289e083fa5@group-EFD1D20A002C-LeaderElection665] INFO  impl.RoleInfo (RoleInfo.java:shutdownLeaderElection(134)) - bf55b3f9-6b09-4365-9d71-55289e083fa5: shutdown LeaderElection
2019-10-16 18:02:21,118 [bf55b3f9-6b09-4365-9d71-55289e083fa5@group-EFD1D20A002C-LeaderElection665] INFO  impl.RoleInfo (RoleInfo.java:updateAndGet(143)) - bf55b3f9-6b09-4365-9d71-55289e083fa5: start FollowerState
2019-10-16 18:02:21,184 [Thread-4723] INFO  impl.FollowerState (FollowerState.java:run(108)) - bf55b3f9-6b09-4365-9d71-55289e083fa5@group-EFD1D20A002C-FollowerState: change to CANDIDATE, lastRpcTime:65ms, electionTimeout:65ms
2019-10-16 18:02:21,184 [Thread-4723] INFO  impl.RoleInfo (RoleInfo.java:shutdownFollowerState(121)) - bf55b3f9-6b09-4365-9d71-55289e083fa5: shutdown FollowerState
2019-10-16 18:02:21,184 [Thread-4723] INFO  impl.RaftServerImpl (RaftServerImpl.java:setRole(184)) - bf55b3f9-6b09-4365-9d71-55289e083fa5@group-EFD1D20A002C: changes role from  FOLLOWER to CANDIDATE at term 782 for changeToCandidate
2019-10-16 18:02:21,184 [Thread-4723] INFO  impl.RoleInfo (RoleInfo.java:updateAndGet(143)) - bf55b3f9-6b09-4365-9d71-55289e083fa5: start LeaderElection
2019-10-16 18:02:21,239 [bf55b3f9-6b09-4365-9d71-55289e083fa5@group-EFD1D20A002C-LeaderElection666] INFO  impl.LeaderElection (LeaderElection.java:askForVotes(178)) - bf55b3f9-6b09-4365-9d71-55289e083fa5@group-EFD1D20A002C-LeaderElection666: begin an election at term 783 for -1: [f4c54511-b161-4347-aec5-5236dc80a0d8:0.0.0.0:41238, 907b9765-214b-4864-b66a-d6e2a5789e5c:0.0.0.0:41650, bf55b3f9-6b09-4365-9d71-55289e083fa5:0.0.0.0:42441], old=null
2019-10-16 18:02:21,241 [grpc-default-executor-2] INFO  impl.RaftServerImpl (RaftServerImpl.java:setRole(184)) - f4c54511-b161-4347-aec5-5236dc80a0d8@group-EFD1D20A002C: changes role from  FOLLOWER to FOLLOWER at term 783 for recognizeCandidate:bf55b3f9-6b09-4365-9d71-55289e083fa5
2019-10-16 18:02:21,242 [grpc-default-executor-2] INFO  impl.RoleInfo (RoleInfo.java:shutdownFollowerState(121)) - f4c54511-b161-4347-aec5-5236dc80a0d8: shutdown FollowerState
2019-10-16 18:02:21,241 [grpc-default-executor-3] INFO  impl.RaftServerImpl (RaftServerImpl.java:setRole(184)) - 907b9765-214b-4864-b66a-d6e2a5789e5c@group-EFD1D20A002C: changes role from  FOLLOWER to FOLLOWER at term 783 for recognizeCandidate:bf55b3f9-6b09-4365-9d71-55289e083fa5
2019-10-16 18:02:21,242 [grpc-default-executor-3] INFO  impl.RoleInfo (RoleInfo.java:shutdownFollowerState(121)) - 907b9765-214b-4864-b66a-d6e2a5789e5c: shutdown FollowerState
2019-10-16 18:02:21,242 [Thread-4721] INFO  impl.FollowerState (FollowerState.java:run(117)) - f4c54511-b161-4347-aec5-5236dc80a0d8@group-EFD1D20A002C-FollowerState was interrupted: java.lang.InterruptedException: sleep interrupted
2019-10-16 18:02:21,242 [grpc-default-executor-2] INFO  impl.RoleInfo (RoleInfo.java:updateAndGet(143)) - f4c54511-b161-4347-aec5-5236dc80a0d8: start FollowerState
2019-10-16 18:02:21,242 [Thread-4722] INFO  impl.FollowerState (FollowerState.java:run(117)) - 907b9765-214b-4864-b66a-d6e2a5789e5c@group-EFD1D20A002C-FollowerState was interrupted: java.lang.InterruptedException: sleep interrupted
2019-10-16 18:02:21,242 [grpc-default-executor-3] INFO  impl.RoleInfo (RoleInfo.java:updateAndGet(143)) - 907b9765-214b-4864-b66a-d6e2a5789e5c: start FollowerState
2019-10-16 18:02:21,256 [bf55b3f9-6b09-4365-9d71-55289e083fa5@group-EFD1D20A002C-LeaderElection666] INFO  impl.LeaderElection (LeaderElection.java:logAndReturn(56)) - bf55b3f9-6b09-4365-9d71-55289e083fa5@group-EFD1D20A002C-LeaderElection666: Election REJECTED; received 2 response(s) [bf55b3f9-6b09-4365-9d71-55289e083fa5<-f4c54511-b161-4347-aec5-5236dc80a0d8#0:FAIL-t783, bf55b3f9-6b09-4365-9d71-55289e083fa5<-907b9765-214b-4864-b66a-d6e2a5789e5c#0:FAIL-t783] and 0 exception(s); bf55b3f9-6b09-4365-9d71-55289e083fa5@group-EFD1D20A002C:t783, leader=null, voted=bf55b3f9-6b09-4365-9d71-55289e083fa5, raftlog=bf55b3f9-6b09-4365-9d71-55289e083fa5@group-EFD1D20A002C-SegmentedRaftLog:OPENED:c-1,f-1,i0, conf=-1: [f4c54511-b161-4347-aec5-5236dc80a0d8:0.0.0.0:41238, 907b9765-214b-4864-b66a-d6e2a5789e5c:0.0.0.0:41650, bf55b3f9-6b09-4365-9d71-55289e083fa5:0.0.0.0:42441], old=null
2019-10-16 18:02:21,256 [bf55b3f9-6b09-4365-9d71-55289e083fa5@group-EFD1D20A002C-LeaderElection666] INFO  impl.RaftServerImpl (RaftServerImpl.java:setRole(184)) - bf55b3f9-6b09-4365-9d71-55289e083fa5@group-EFD1D20A002C: changes role from CANDIDATE to FOLLOWER at term 783 for DISCOVERED_A_NEW_TERM
2019-10-16 18:02:21,257 [bf55b3f9-6b09-4365-9d71-55289e083fa5@group-EFD1D20A002C-LeaderElection666] INFO  impl.RoleInfo (RoleInfo.java:shutdownLeaderElection(134)) - bf55b3f9-6b09-4365-9d71-55289e083fa5: shutdown LeaderElection
2019-10-16 18:02:21,257 [bf55b3f9-6b09-4365-9d71-55289e083fa5@group-EFD1D20A002C-LeaderElection666] INFO  impl.RoleInfo (RoleInfo.java:updateAndGet(143)) - bf55b3f9-6b09-4365-9d71-55289e083fa5: start FollowerState
2019-10-16 18:02:21,293 [Thread-4729] INFO  impl.FollowerState (FollowerState.java:run(108)) - bf55b3f9-6b09-4365-9d71-55289e083fa5@group-EFD1D20A002C-FollowerState: change to CANDIDATE, lastRpcTime:36ms, electionTimeout:36ms
2019-10-16 18:02:21,293 [Thread-4729] INFO  impl.RoleInfo (RoleInfo.java:shutdownFollowerState(121)) - bf55b3f9-6b09-4365-9d71-55289e083fa5: shutdown FollowerState
2019-10-16 18:02:21,294 [Thread-4729] INFO  impl.RaftServerImpl (RaftServerImpl.java:setRole(184)) - bf55b3f9-6b09-4365-9d71-55289e083fa5@group-EFD1D20A002C: changes role from  FOLLOWER to CANDIDATE at term 783 for changeToCandidate
2019-10-16 18:02:21,294 [Thread-4729] INFO  impl.RoleInfo (RoleInfo.java:updateAndGet(143)) - bf55b3f9-6b09-4365-9d71-55289e083fa5: start LeaderElection
2019-10-16 18:02:21,318 [bf55b3f9-6b09-4365-9d71-55289e083fa5@group-EFD1D20A002C-LeaderElection667] INFO  impl.LeaderElection (LeaderElection.java:askForVotes(178)) - bf55b3f9-6b09-4365-9d71-55289e083fa5@group-EFD1D20A002C-LeaderElection667: begin an election at term 784 for -1: [f4c54511-b161-4347-aec5-5236dc80a0d8:0.0.0.0:41238, 907b9765-214b-4864-b66a-d6e2a5789e5c:0.0.0.0:41650, bf55b3f9-6b09-4365-9d71-55289e083fa5:0.0.0.0:42441], old=null
2019-10-16 18:02:21,320 [grpc-default-executor-2] INFO  impl.RaftServerImpl (RaftServerImpl.java:setRole(184)) - 907b9765-214b-4864-b66a-d6e2a5789e5c@group-EFD1D20A002C: changes role from  FOLLOWER to FOLLOWER at term 784 for recognizeCandidate:bf55b3f9-6b09-4365-9d71-55289e083fa5
2019-10-16 18:02:21,320 [grpc-default-executor-3] INFO  impl.RaftServerImpl (RaftServerImpl.java:setRole(184)) - f4c54511-b161-4347-aec5-5236dc80a0d8@group-EFD1D20A002C: changes role from  FOLLOWER to FOLLOWER at term 784 for recognizeCandidate:bf55b3f9-6b09-4365-9d71-55289e083fa5
2019-10-16 18:02:21,320 [grpc-default-executor-3] INFO  impl.RoleInfo (RoleInfo.java:shutdownFollowerState(121)) - f4c54511-b161-4347-aec5-5236dc80a0d8: shutdown FollowerState
2019-10-16 18:02:21,320 [grpc-default-executor-2] INFO  impl.RoleInfo (RoleInfo.java:shutdownFollowerState(121)) - 907b9765-214b-4864-b66a-d6e2a5789e5c: shutdown FollowerState
2019-10-16 18:02:21,321 [Thread-4727] INFO  impl.FollowerState (FollowerState.java:run(117)) - f4c54511-b161-4347-aec5-5236dc80a0d8@group-EFD1D20A002C-FollowerState was interrupted: java.lang.InterruptedException: sleep interrupted
2019-10-16 18:02:21,320 [grpc-default-executor-3] INFO  impl.RoleInfo (RoleInfo.java:updateAndGet(143)) - f4c54511-b161-4347-aec5-5236dc80a0d8: start FollowerState
2019-10-16 18:02:21,321 [Thread-4728] INFO  impl.FollowerState (FollowerState.java:run(117)) - 907b9765-214b-4864-b66a-d6e2a5789e5c@group-EFD1D20A002C-FollowerState was interrupted: java.lang.InterruptedException: sleep interrupted
2019-10-16 18:02:21,321 [grpc-default-executor-2] INFO  impl.RoleInfo (RoleInfo.java:updateAndGet(143)) - 907b9765-214b-4864-b66a-d6e2a5789e5c: start FollowerState
2019-10-16 18:02:21,345 [bf55b3f9-6b09-4365-9d71-55289e083fa5@group-EFD1D20A002C-LeaderElection667] INFO  impl.LeaderElection (LeaderElection.java:logAndReturn(56)) - bf55b3f9-6b09-4365-9d71-55289e083fa5@group-EFD1D20A002C-LeaderElection667: Election REJECTED; received 2 response(s) [bf55b3f9-6b09-4365-9d71-55289e083fa5<-f4c54511-b161-4347-aec5-5236dc80a0d8#0:FAIL-t784, bf55b3f9-6b09-4365-9d71-55289e083fa5<-907b9765-214b-4864-b66a-d6e2a5789e5c#0:FAIL-t784] and 0 exception(s); bf55b3f9-6b09-4365-9d71-55289e083fa5@group-EFD1D20A002C:t784, leader=null, voted=bf55b3f9-6b09-4365-9d71-55289e083fa5, raftlog=bf55b3f9-6b09-4365-9d71-55289e083fa5@group-EFD1D20A002C-SegmentedRaftLog:OPENED:c-1,f-1,i0, conf=-1: [f4c54511-b161-4347-aec5-5236dc80a0d8:0.0.0.0:41238, 907b9765-214b-4864-b66a-d6e2a5789e5c:0.0.0.0:41650, bf55b3f9-6b09-4365-9d71-55289e083fa5:0.0.0.0:42441], old=null
2019-10-16 18:02:21,346 [bf55b3f9-6b09-4365-9d71-55289e083fa5@group-EFD1D20A002C-LeaderElection667] INFO  impl.RaftServerImpl (RaftServerImpl.java:setRole(184)) - bf55b3f9-6b09-4365-9d71-55289e083fa5@group-EFD1D20A002C: changes role from CANDIDATE to FOLLOWER at term 784 for DISCOVERED_A_NEW_TERM
2019-10-16 18:02:21,346 [bf55b3f9-6b09-4365-9d71-55289e083fa5@group-EFD1D20A002C-LeaderElection667] INFO  impl.RoleInfo (RoleInfo.java:shutdownLeaderElection(134)) - bf55b3f9-6b09-4365-9d71-55289e083fa5: shutdown LeaderElection
2019-10-16 18:02:21,346 [bf55b3f9-6b09-4365-9d71-55289e083fa5@group-EFD1D20A002C-LeaderElection667] INFO  impl.RoleInfo (RoleInfo.java:updateAndGet(143)) - bf55b3f9-6b09-4365-9d71-55289e083fa5: start FollowerState
2019-10-16 18:02:21,423 [Thread-4735] INFO  impl.FollowerState (FollowerState.java:run(108)) - bf55b3f9-6b09-4365-9d71-55289e083fa5@group-EFD1D20A002C-FollowerState: change to CANDIDATE, lastRpcTime:77ms, electionTimeout:77ms
2019-10-16 18:02:21,423 [Thread-4735] INFO  impl.RoleInfo (RoleInfo.java:shutdownFollowerState(121)) - bf55b3f9-6b09-4365-9d71-55289e083fa5: shutdown FollowerState
2019-10-16 18:02:21,423 [Thread-4735] INFO  impl.RaftServerImpl (RaftServerImpl.java:setRole(184)) - bf55b3f9-6b09-4365-9d71-55289e083fa5@group-EFD1D20A002C: changes role from  FOLLOWER to CANDIDATE at term 784 for changeToCandidate
2019-10-16 18:02:21,423 [Thread-4735] INFO  impl.RoleInfo (RoleInfo.java:updateAndGet(143)) - bf55b3f9-6b09-4365-9d71-55289e083fa5: start LeaderElection
2019-10-16 18:02:21,468 [bf55b3f9-6b09-4365-9d71-55289e083fa5@group-EFD1D20A002C-LeaderElection668] INFO  impl.LeaderElection (LeaderElection.java:askForVotes(178)) - bf55b3f9-6b09-4365-9d71-55289e083fa5@group-EFD1D20A002C-LeaderElection668: begin an election at term 785 for -1: [f4c54511-b161-4347-aec5-5236dc80a0d8:0.0.0.0:41238, 907b9765-214b-4864-b66a-d6e2a5789e5c:0.0.0.0:41650, bf55b3f9-6b09-4365-9d71-55289e083fa5:0.0.0.0:42441], old=null
2019-10-16 18:02:21,471 [grpc-default-executor-3] INFO  impl.RaftServerImpl (RaftServerImpl.java:setRole(184)) - 907b9765-214b-4864-b66a-d6e2a5789e5c@group-EFD1D20A002C: changes role from  FOLLOWER to FOLLOWER at term 785 for recognizeCandidate:bf55b3f9-6b09-4365-9d71-55289e083fa5
2019-10-16 18:02:21,471 [grpc-default-executor-2] INFO  impl.RaftServerImpl (RaftServerImpl.java:setRole(184)) - f4c54511-b161-4347-aec5-5236dc80a0d8@group-EFD1D20A002C: changes role from  FOLLOWER to FOLLOWER at term 785 for recognizeCandidate:bf55b3f9-6b09-4365-9d71-55289e083fa5
2019-10-16 18:02:21,471 [grpc-default-executor-2] INFO  impl.RoleInfo (RoleInfo.java:shutdownFollowerState(121)) - f4c54511-b161-4347-aec5-5236dc80a0d8: shutdown FollowerState
2019-10-16 18:02:21,471 [grpc-default-executor-3] INFO  impl.RoleInfo (RoleInfo.java:shutdownFollowerState(121)) - 907b9765-214b-4864-b66a-d6e2a5789e5c: shutdown FollowerState
2019-10-16 18:02:21,471 [grpc-default-executor-2] INFO  impl.RoleInfo (RoleInfo.java:updateAndGet(143)) - f4c54511-b161-4347-aec5-5236dc80a0d8: start FollowerState
2019-10-16 18:02:21,471 [grpc-default-executor-3] INFO  impl.RoleInfo (RoleInfo.java:updateAndGet(143)) - 907b9765-214b-4864-b66a-d6e2a5789e5c: start FollowerState
2019-10-16 18:02:21,471 [Thread-4734] INFO  impl.FollowerState (FollowerState.java:run(117)) - 907b9765-214b-4864-b66a-d6e2a5789e5c@group-EFD1D20A002C-FollowerState was interrupted: java.lang.InterruptedException: sleep interrupted
2019-10-16 18:02:21,471 [Thread-4733] INFO  impl.FollowerState (FollowerState.java:run(117)) - f4c54511-b161-4347-aec5-5236dc80a0d8@group-EFD1D20A002C-FollowerState was interrupted: java.lang.InterruptedException: sleep interrupted
2019-10-16 18:02:21,526 [bf55b3f9-6b09-4365-9d71-55289e083fa5@group-EFD1D20A002C-LeaderElection668] INFO  impl.LeaderElection (LeaderElection.java:logAndReturn(56)) - bf55b3f9-6b09-4365-9d71-55289e083fa5@group-EFD1D20A002C-LeaderElection668: Election REJECTED; received 2 response(s) [bf55b3f9-6b09-4365-9d71-55289e083fa5<-f4c54511-b161-4347-aec5-5236dc80a0d8#0:FAIL-t785, bf55b3f9-6b09-4365-9d71-55289e083fa5<-907b9765-214b-4864-b66a-d6e2a5789e5c#0:FAIL-t785] and 0 exception(s); bf55b3f9-6b09-4365-9d71-55289e083fa5@group-EFD1D20A002C:t785, leader=null, voted=bf55b3f9-6b09-4365-9d71-55289e083fa5, raftlog=bf55b3f9-6b09-4365-9d71-55289e083fa5@group-EFD1D20A002C-SegmentedRaftLog:OPENED:c-1,f-1,i0, conf=-1: [f4c54511-b161-4347-aec5-5236dc80a0d8:0.0.0.0:41238, 907b9765-214b-4864-b66a-d6e2a5789e5c:0.0.0.0:41650, bf55b3f9-6b09-4365-9d71-55289e083fa5:0.0.0.0:42441], old=null
2019-10-16 18:02:21,526 [bf55b3f9-6b09-4365-9d71-55289e083fa5@group-EFD1D20A002C-LeaderElection668] INFO  impl.RaftServerImpl (RaftServerImpl.java:setRole(184)) - bf55b3f9-6b09-4365-9d71-55289e083fa5@group-EFD1D20A002C: changes role from CANDIDATE to FOLLOWER at term 785 for DISCOVERED_A_NEW_TERM
2019-10-16 18:02:21,526 [bf55b3f9-6b09-4365-9d71-55289e083fa5@group-EFD1D20A002C-LeaderElection668] INFO  impl.RoleInfo (RoleInfo.java:shutdownLeaderElection(134)) - bf55b3f9-6b09-4365-9d71-55289e083fa5: shutdown LeaderElection
2019-10-16 18:02:21,526 [bf55b3f9-6b09-4365-9d71-55289e083fa5@group-EFD1D20A002C-LeaderElection668] INFO  impl.RoleInfo (RoleInfo.java:updateAndGet(143)) - bf55b3f9-6b09-4365-9d71-55289e083fa5: start FollowerState
2019-10-16 18:02:21,651 [Thread-4743] INFO  impl.FollowerState (FollowerState.java:run(108)) - bf55b3f9-6b09-4365-9d71-55289e083fa5@group-EFD1D20A002C-FollowerState: change to CANDIDATE, lastRpcTime:124ms, electionTimeout:124ms
2019-10-16 18:02:21,651 [Thread-4743] INFO  impl.RoleInfo (RoleInfo.java:shutdownFollowerState(121)) - bf55b3f9-6b09-4365-9d71-55289e083fa5: shutdown FollowerState
2019-10-16 18:02:21,651 [Thread-4743] INFO  impl.RaftServerImpl (RaftServerImpl.java:setRole(184)) - bf55b3f9-6b09-4365-9d71-55289e083fa5@group-EFD1D20A002C: changes role from  FOLLOWER to CANDIDATE at term 785 for changeToCandidate
2019-10-16 18:02:21,651 [Thread-4743] INFO  impl.RoleInfo (RoleInfo.java:updateAndGet(143)) - bf55b3f9-6b09-4365-9d71-55289e083fa5: start LeaderElection
2019-10-16 18:02:21,675 [bf55b3f9-6b09-4365-9d71-55289e083fa5@group-EFD1D20A002C-LeaderElection669] INFO  impl.LeaderElection (LeaderElection.java:askForVotes(178)) - bf55b3f9-6b09-4365-9d71-55289e083fa5@group-EFD1D20A002C-LeaderElection669: begin an election at term 786 for -1: [f4c54511-b161-4347-aec5-5236dc80a0d8:0.0.0.0:41238, 907b9765-214b-4864-b66a-d6e2a5789e5c:0.0.0.0:41650, bf55b3f9-6b09-4365-9d71-55289e083fa5:0.0.0.0:42441], old=null
2019-10-16 18:02:21,677 [grpc-default-executor-2] INFO  impl.RaftServerImpl (RaftServerImpl.java:setRole(184)) - f4c54511-b161-4347-aec5-5236dc80a0d8@group-EFD1D20A002C: changes role from  FOLLOWER to FOLLOWER at term 786 for recognizeCandidate:bf55b3f9-6b09-4365-9d71-55289e083fa5
2019-10-16 18:02:21,677 [grpc-default-executor-2] INFO  impl.RoleInfo (RoleInfo.java:shutdownFollowerState(121)) - f4c54511-b161-4347-aec5-5236dc80a0d8: shutdown FollowerState
2019-10-16 18:02:21,677 [grpc-default-executor-2] INFO  impl.RoleInfo (RoleInfo.java:updateAndGet(143)) - f4c54511-b161-4347-aec5-5236dc80a0d8: start FollowerState
2019-10-16 18:02:21,677 [Thread-4739] INFO  impl.FollowerState (FollowerState.java:run(117)) - f4c54511-b161-4347-aec5-5236dc80a0d8@group-EFD1D20A002C-FollowerState was interrupted: java.lang.InterruptedException: sleep interrupted
2019-10-16 18:02:21,677 [grpc-default-executor-3] INFO  impl.RaftServerImpl (RaftServerImpl.java:setRole(184)) - 907b9765-214b-4864-b66a-d6e2a5789e5c@group-EFD1D20A002C: changes role from  FOLLOWER to FOLLOWER at term 786 for recognizeCandidate:bf55b3f9-6b09-4365-9d71-55289e083fa5
2019-10-16 18:02:21,678 [grpc-default-executor-3] INFO  impl.RoleInfo (RoleInfo.java:shutdownFollowerState(121)) - 907b9765-214b-4864-b66a-d6e2a5789e5c: shutdown FollowerState
2019-10-16 18:02:21,678 [grpc-default-executor-3] INFO  impl.RoleInfo (RoleInfo.java:updateAndGet(143)) - 907b9765-214b-4864-b66a-d6e2a5789e5c: start FollowerState
2019-10-16 18:02:21,678 [Thread-4740] INFO  impl.FollowerState (FollowerState.java:run(117)) - 907b9765-214b-4864-b66a-d6e2a5789e5c@group-EFD1D20A002C-FollowerState was interrupted: java.lang.InterruptedException: sleep interrupted
2019-10-16 18:02:21,707 [bf55b3f9-6b09-4365-9d71-55289e083fa5@group-EFD1D20A002C-LeaderElection669] INFO  impl.LeaderElection (LeaderElection.java:logAndReturn(56)) - bf55b3f9-6b09-4365-9d71-55289e083fa5@group-EFD1D20A002C-LeaderElection669: Election REJECTED; received 2 response(s) [bf55b3f9-6b09-4365-9d71-55289e083fa5<-f4c54511-b161-4347-aec5-5236dc80a0d8#0:FAIL-t786, bf55b3f9-6b09-4365-9d71-55289e083fa5<-907b9765-214b-4864-b66a-d6e2a5789e5c#0:FAIL-t786] and 0 exception(s); bf55b3f9-6b09-4365-9d71-55289e083fa5@group-EFD1D20A002C:t786, leader=null, voted=bf55b3f9-6b09-4365-9d71-55289e083fa5, raftlog=bf55b3f9-6b09-4365-9d71-55289e083fa5@group-EFD1D20A002C-SegmentedRaftLog:OPENED:c-1,f-1,i0, conf=-1: [f4c54511-b161-4347-aec5-5236dc80a0d8:0.0.0.0:41238, 907b9765-214b-4864-b66a-d6e2a5789e5c:0.0.0.0:41650, bf55b3f9-6b09-4365-9d71-55289e083fa5:0.0.0.0:42441], old=null
2019-10-16 18:02:21,710 [bf55b3f9-6b09-4365-9d71-55289e083fa5@group-EFD1D20A002C-LeaderElection669] INFO  impl.RaftServerImpl (RaftServerImpl.java:setRole(184)) - bf55b3f9-6b09-4365-9d71-55289e083fa5@group-EFD1D20A002C: changes role from CANDIDATE to FOLLOWER at term 786 for DISCOVERED_A_NEW_TERM
2019-10-16 18:02:21,710 [bf55b3f9-6b09-4365-9d71-55289e083fa5@group-EFD1D20A002C-LeaderElection669] INFO  impl.RoleInfo (RoleInfo.java:shutdownLeaderElection(134)) - bf55b3f9-6b09-4365-9d71-55289e083fa5: shutdown LeaderElection
2019-10-16 18:02:21,710 [bf55b3f9-6b09-4365-9d71-55289e083fa5@group-EFD1D20A002C-LeaderElection669] INFO  impl.RoleInfo (RoleInfo.java:updateAndGet(143)) - bf55b3f9-6b09-4365-9d71-55289e083fa5: start FollowerState
2019-10-16 18:02:21,778 [Thread-4749] INFO  impl.FollowerState (FollowerState.java:run(108)) - bf55b3f9-6b09-4365-9d71-55289e083fa5@group-EFD1D20A002C-FollowerState: change to CANDIDATE, lastRpcTime:67ms, electionTimeout:67ms
2019-10-16 18:02:21,778 [Thread-4749] INFO  impl.RoleInfo (RoleInfo.java:shutdownFollowerState(121)) - bf55b3f9-6b09-4365-9d71-55289e083fa5: shutdown FollowerState
2019-10-16 18:02:21,778 [Thread-4749] INFO  impl.RaftServerImpl (RaftServerImpl.java:setRole(184)) - bf55b3f9-6b09-4365-9d71-55289e083fa5@group-EFD1D20A002C: changes role from  FOLLOWER to CANDIDATE at term 786 for changeToCandidate
2019-10-16 18:02:21,778 [Thread-4749] INFO  impl.RoleInfo (RoleInfo.java:updateAndGet(143)) - bf55b3f9-6b09-4365-9d71-55289e083fa5: start LeaderElection
2019-10-16 18:02:21,802 [bf55b3f9-6b09-4365-9d71-55289e083fa5@group-EFD1D20A002C-LeaderElection670] INFO  impl.LeaderElection (LeaderElection.java:askForVotes(178)) - bf55b3f9-6b09-4365-9d71-55289e083fa5@group-EFD1D20A002C-LeaderElection670: begin an election at term 787 for -1: [f4c54511-b161-4347-aec5-5236dc80a0d8:0.0.0.0:41238, 907b9765-214b-4864-b66a-d6e2a5789e5c:0.0.0.0:41650, bf55b3f9-6b09-4365-9d71-55289e083fa5:0.0.0.0:42441], old=null
2019-10-16 18:02:21,806 [grpc-default-executor-3] INFO  impl.RaftServerImpl (RaftServerImpl.java:setRole(184)) - f4c54511-b161-4347-aec5-5236dc80a0d8@group-EFD1D20A002C: changes role from  FOLLOWER to FOLLOWER at term 787 for recognizeCandidate:bf55b3f9-6b09-4365-9d71-55289e083fa5
2019-10-16 18:02:21,806 [grpc-default-executor-3] INFO  impl.RoleInfo (RoleInfo.java:shutdownFollowerState(121)) - f4c54511-b161-4347-aec5-5236dc80a0d8: shutdown FollowerState
2019-10-16 18:02:21,806 [grpc-default-executor-2] INFO  impl.RaftServerImpl (RaftServerImpl.java:setRole(184)) - 907b9765-214b-4864-b66a-d6e2a5789e5c@group-EFD1D20A002C: changes role from  FOLLOWER to FOLLOWER at term 787 for recognizeCandidate:bf55b3f9-6b09-4365-9d71-55289e083fa5
2019-10-16 18:02:21,807 [grpc-default-executor-2] INFO  impl.RoleInfo (RoleInfo.java:shutdownFollowerState(121)) - 907b9765-214b-4864-b66a-d6e2a5789e5c: shutdown FollowerState
2019-10-16 18:02:21,807 [Thread-4747] INFO  impl.FollowerState (FollowerState.java:run(117)) - f4c54511-b161-4347-aec5-5236dc80a0d8@group-EFD1D20A002C-FollowerState was interrupted: java.lang.InterruptedException: sleep interrupted
2019-10-16 18:02:21,807 [grpc-default-executor-3] INFO  impl.RoleInfo (RoleInfo.java:updateAndGet(143)) - f4c54511-b161-4347-aec5-5236dc80a0d8: start FollowerState
2019-10-16 18:02:21,807 [Thread-4748] INFO  impl.FollowerState (FollowerState.java:run(117)) - 907b9765-214b-4864-b66a-d6e2a5789e5c@group-EFD1D20A002C-FollowerState was interrupted: java.lang.InterruptedException: sleep interrupted
2019-10-16 18:02:21,807 [grpc-default-executor-2] INFO  impl.RoleInfo (RoleInfo.java:updateAndGet(143)) - 907b9765-214b-4864-b66a-d6e2a5789e5c: start FollowerState
2019-10-16 18:02:21,831 [bf55b3f9-6b09-4365-9d71-55289e083fa5@group-EFD1D20A002C-LeaderElection670] INFO  impl.LeaderElection (LeaderElection.java:logAndReturn(56)) - bf55b3f9-6b09-4365-9d71-55289e083fa5@group-EFD1D20A002C-LeaderElection670: Election REJECTED; received 2 response(s) [bf55b3f9-6b09-4365-9d71-55289e083fa5<-f4c54511-b161-4347-aec5-5236dc80a0d8#0:FAIL-t787, bf55b3f9-6b09-4365-9d71-55289e083fa5<-907b9765-214b-4864-b66a-d6e2a5789e5c#0:FAIL-t787] and 0 exception(s); bf55b3f9-6b09-4365-9d71-55289e083fa5@group-EFD1D20A002C:t787, leader=null, voted=bf55b3f9-6b09-4365-9d71-55289e083fa5, raftlog=bf55b3f9-6b09-4365-9d71-55289e083fa5@group-EFD1D20A002C-SegmentedRaftLog:OPENED:c-1,f-1,i0, conf=-1: [f4c54511-b161-4347-aec5-5236dc80a0d8:0.0.0.0:41238, 907b9765-214b-4864-b66a-d6e2a5789e5c:0.0.0.0:41650, bf55b3f9-6b09-4365-9d71-55289e083fa5:0.0.0.0:42441], old=null
2019-10-16 18:02:21,831 [bf55b3f9-6b09-4365-9d71-55289e083fa5@group-EFD1D20A002C-LeaderElection670] INFO  impl.RaftServerImpl (RaftServerImpl.java:setRole(184)) - bf55b3f9-6b09-4365-9d71-55289e083fa5@group-EFD1D20A002C: changes role from CANDIDATE to FOLLOWER at term 787 for DISCOVERED_A_NEW_TERM
2019-10-16 18:02:21,831 [bf55b3f9-6b09-4365-9d71-55289e083fa5@group-EFD1D20A002C-LeaderElection670] INFO  impl.RoleInfo (RoleInfo.java:shutdownLeaderElection(134)) - bf55b3f9-6b09-4365-9d71-55289e083fa5: shutdown LeaderElection
2019-10-16 18:02:21,831 [bf55b3f9-6b09-4365-9d71-55289e083fa5@group-EFD1D20A002C-LeaderElection670] INFO  impl.RoleInfo (RoleInfo.java:updateAndGet(143)) - bf55b3f9-6b09-4365-9d71-55289e083fa5: start FollowerState
2019-10-16 18:02:21,966 [Thread-4755] INFO  impl.FollowerState (FollowerState.java:run(108)) - bf55b3f9-6b09-4365-9d71-55289e083fa5@group-EFD1D20A002C-FollowerState: change to CANDIDATE, lastRpcTime:134ms, electionTimeout:134ms
2019-10-16 18:02:21,966 [Thread-4755] INFO  impl.RoleInfo (RoleInfo.java:shutdownFollowerState(121)) - bf55b3f9-6b09-4365-9d71-55289e083fa5: shutdown FollowerState
2019-10-16 18:02:21,966 [Thread-4755] INFO  impl.RaftServerImpl (RaftServerImpl.java:setRole(184)) - bf55b3f9-6b09-4365-9d71-55289e083fa5@group-EFD1D20A002C: changes role from  FOLLOWER to CANDIDATE at term 787 for changeToCandidate
2019-10-16 18:02:21,966 [Thread-4755] INFO  impl.RoleInfo (RoleInfo.java:updateAndGet(143)) - bf55b3f9-6b09-4365-9d71-55289e083fa5: start LeaderElection
2019-10-16 18:02:21,999 [bf55b3f9-6b09-4365-9d71-55289e083fa5@group-EFD1D20A002C-LeaderElection671] INFO  impl.LeaderElection (LeaderElection.java:askForVotes(178)) - bf55b3f9-6b09-4365-9d71-55289e083fa5@group-EFD1D20A002C-LeaderElection671: begin an election at term 788 for -1: [f4c54511-b161-4347-aec5-5236dc80a0d8:0.0.0.0:41238, 907b9765-214b-4864-b66a-d6e2a5789e5c:0.0.0.0:41650, bf55b3f9-6b09-4365-9d71-55289e083fa5:0.0.0.0:42441], old=null
2019-10-16 18:02:22,001 [grpc-default-executor-2] INFO  impl.RaftServerImpl (RaftServerImpl.java:setRole(184)) - 907b9765-214b-4864-b66a-d6e2a5789e5c@group-EFD1D20A002C: changes role from  FOLLOWER to FOLLOWER at term 788 for recognizeCandidate:bf55b3f9-6b09-4365-9d71-55289e083fa5
2019-10-16 18:02:22,002 [grpc-default-executor-2] INFO  impl.RoleInfo (RoleInfo.java:shutdownFollowerState(121)) - 907b9765-214b-4864-b66a-d6e2a5789e5c: shutdown FollowerState
2019-10-16 18:02:22,002 [grpc-default-executor-3] INFO  impl.RaftServerImpl (RaftServerImpl.java:setRole(184)) - f4c54511-b161-4347-aec5-5236dc80a0d8@group-EFD1D20A002C: changes role from  FOLLOWER to FOLLOWER at term 788 for recognizeCandidate:bf55b3f9-6b09-4365-9d71-55289e083fa5
2019-10-16 18:02:22,002 [grpc-default-executor-3] INFO  impl.RoleInfo (RoleInfo.java:shutdownFollowerState(121)) - f4c54511-b161-4347-aec5-5236dc80a0d8: shutdown FollowerState
2019-10-16 18:02:22,002 [Thread-4754] INFO  impl.FollowerState (FollowerState.java:run(117)) - 907b9765-214b-4864-b66a-d6e2a5789e5c@group-EFD1D20A002C-FollowerState was interrupted: java.lang.InterruptedException: sleep interrupted
2019-10-16 18:02:22,002 [Thread-4753] INFO  impl.FollowerState (FollowerState.java:run(117)) - f4c54511-b161-4347-aec5-5236dc80a0d8@group-EFD1D20A002C-FollowerState was interrupted: java.lang.InterruptedException: sleep interrupted
2019-10-16 18:02:22,002 [grpc-default-executor-2] INFO  impl.RoleInfo (RoleInfo.java:updateAndGet(143)) - 907b9765-214b-4864-b66a-d6e2a5789e5c: start FollowerState
2019-10-16 18:02:22,002 [grpc-default-executor-3] INFO  impl.RoleInfo (RoleInfo.java:updateAndGet(143)) - f4c54511-b161-4347-aec5-5236dc80a0d8: start FollowerState
2019-10-16 18:02:22,026 [bf55b3f9-6b09-4365-9d71-55289e083fa5@group-EFD1D20A002C-LeaderElection671] INFO  impl.LeaderElection (LeaderElection.java:logAndReturn(56)) - bf55b3f9-6b09-4365-9d71-55289e083fa5@group-EFD1D20A002C-LeaderElection671: Election REJECTED; received 2 response(s) [bf55b3f9-6b09-4365-9d71-55289e083fa5<-f4c54511-b161-4347-aec5-5236dc80a0d8#0:FAIL-t788, bf55b3f9-6b09-4365-9d71-55289e083fa5<-907b9765-214b-4864-b66a-d6e2a5789e5c#0:FAIL-t788] and 0 exception(s); bf55b3f9-6b09-4365-9d71-55289e083fa5@group-EFD1D20A002C:t788, leader=null, voted=bf55b3f9-6b09-4365-9d71-55289e083fa5, raftlog=bf55b3f9-6b09-4365-9d71-55289e083fa5@group-EFD1D20A002C-SegmentedRaftLog:OPENED:c-1,f-1,i0, conf=-1: [f4c54511-b161-4347-aec5-5236dc80a0d8:0.0.0.0:41238, 907b9765-214b-4864-b66a-d6e2a5789e5c:0.0.0.0:41650, bf55b3f9-6b09-4365-9d71-55289e083fa5:0.0.0.0:42441], old=null
2019-10-16 18:02:22,026 [bf55b3f9-6b09-4365-9d71-55289e083fa5@group-EFD1D20A002C-LeaderElection671] INFO  impl.RaftServerImpl (RaftServerImpl.java:setRole(184)) - bf55b3f9-6b09-4365-9d71-55289e083fa5@group-EFD1D20A002C: changes role from CANDIDATE to FOLLOWER at term 788 for DISCOVERED_A_NEW_TERM
2019-10-16 18:02:22,026 [bf55b3f9-6b09-4365-9d71-55289e083fa5@group-EFD1D20A002C-LeaderElection671] INFO  impl.RoleInfo (RoleInfo.java:shutdownLeaderElection(134)) - bf55b3f9-6b09-4365-9d71-55289e083fa5: shutdown LeaderElection
2019-10-16 18:02:22,026 [bf55b3f9-6b09-4365-9d71-55289e083fa5@group-EFD1D20A002C-LeaderElection671] INFO  impl.RoleInfo (RoleInfo.java:updateAndGet(143)) - bf55b3f9-6b09-4365-9d71-55289e083fa5: start FollowerState
2019-10-16 18:02:22,033 [Thread-4761] INFO  impl.FollowerState (FollowerState.java:run(108)) - bf55b3f9-6b09-4365-9d71-55289e083fa5@group-EFD1D20A002C-FollowerState: change to CANDIDATE, lastRpcTime:6ms, electionTimeout:6ms
2019-10-16 18:02:22,033 [Thread-4761] INFO  impl.RoleInfo (RoleInfo.java:shutdownFollowerState(121)) - bf55b3f9-6b09-4365-9d71-55289e083fa5: shutdown FollowerState
2019-10-16 18:02:22,033 [Thread-4761] INFO  impl.RaftServerImpl (RaftServerImpl.java:setRole(184)) - bf55b3f9-6b09-4365-9d71-55289e083fa5@group-EFD1D20A002C: changes role from  FOLLOWER to CANDIDATE at term 788 for changeToCandidate
2019-10-16 18:02:22,033 [Thread-4761] INFO  impl.RoleInfo (RoleInfo.java:updateAndGet(143)) - bf55b3f9-6b09-4365-9d71-55289e083fa5: start LeaderElection
2019-10-16 18:02:22,059 [bf55b3f9-6b09-4365-9d71-55289e083fa5@group-EFD1D20A002C-LeaderElection672] INFO  impl.LeaderElection (LeaderElection.java:askForVotes(178)) - bf55b3f9-6b09-4365-9d71-55289e083fa5@group-EFD1D20A002C-LeaderElection672: begin an election at term 789 for -1: [f4c54511-b161-4347-aec5-5236dc80a0d8:0.0.0.0:41238, 907b9765-214b-4864-b66a-d6e2a5789e5c:0.0.0.0:41650, bf55b3f9-6b09-4365-9d71-55289e083fa5:0.0.0.0:42441], old=null
2019-10-16 18:02:22,060 [grpc-default-executor-3] INFO  impl.RaftServerImpl (RaftServerImpl.java:setRole(184)) - f4c54511-b161-4347-aec5-5236dc80a0d8@group-EFD1D20A002C: changes role from  FOLLOWER to FOLLOWER at term 789 for recognizeCandidate:bf55b3f9-6b09-4365-9d71-55289e083fa5
2019-10-16 18:02:22,061 [grpc-default-executor-2] INFO  impl.RaftServerImpl (RaftServerImpl.java:setRole(184)) - 907b9765-214b-4864-b66a-d6e2a5789e5c@group-EFD1D20A002C: changes role from  FOLLOWER to FOLLOWER at term 789 for recognizeCandidate:bf55b3f9-6b09-4365-9d71-55289e083fa5
2019-10-16 18:02:22,061 [grpc-default-executor-2] INFO  impl.RoleInfo (RoleInfo.java:shutdownFollowerState(121)) - 907b9765-214b-4864-b66a-d6e2a5789e5c: shutdown FollowerState
2019-10-16 18:02:22,061 [grpc-default-executor-3] INFO  impl.RoleInfo (RoleInfo.java:shutdownFollowerState(121)) - f4c54511-b161-4347-aec5-5236dc80a0d8: shutdown FollowerState
2019-10-16 18:02:22,061 [Thread-4759] INFO  impl.FollowerState (FollowerState.java:run(117)) - 907b9765-214b-4864-b66a-d6e2a5789e5c@group-EFD1D20A002C-FollowerState was interrupted: java.lang.InterruptedException: sleep interrupted
2019-10-16 18:02:22,061 [grpc-default-executor-2] INFO  impl.RoleInfo (RoleInfo.java:updateAndGet(143)) - 907b9765-214b-4864-b66a-d6e2a5789e5c: start FollowerState
2019-10-16 18:02:22,061 [Thread-4760] INFO  impl.FollowerState (FollowerState.java:run(117)) - f4c54511-b161-4347-aec5-5236dc80a0d8@group-EFD1D20A002C-FollowerState was interrupted: java.lang.InterruptedException: sleep interrupted
2019-10-16 18:02:22,061 [grpc-default-executor-3] INFO  impl.RoleInfo (RoleInfo.java:updateAndGet(143)) - f4c54511-b161-4347-aec5-5236dc80a0d8: start FollowerState
2019-10-16 18:02:22,094 [bf55b3f9-6b09-4365-9d71-55289e083fa5@group-EFD1D20A002C-LeaderElection672] INFO  impl.LeaderElection (LeaderElection.java:logAndReturn(56)) - bf55b3f9-6b09-4365-9d71-55289e083fa5@group-EFD1D20A002C-LeaderElection672: Election REJECTED; received 2 response(s) [bf55b3f9-6b09-4365-9d71-55289e083fa5<-f4c54511-b161-4347-aec5-5236dc80a0d8#0:FAIL-t789, bf55b3f9-6b09-4365-9d71-55289e083fa5<-907b9765-214b-4864-b66a-d6e2a5789e5c#0:FAIL-t789] and 0 exception(s); bf55b3f9-6b09-4365-9d71-55289e083fa5@group-EFD1D20A002C:t789, leader=null, voted=bf55b3f9-6b09-4365-9d71-55289e083fa5, raftlog=bf55b3f9-6b09-4365-9d71-55289e083fa5@group-EFD1D20A002C-SegmentedRaftLog:OPENED:c-1,f-1,i0, conf=-1: [f4c54511-b161-4347-aec5-5236dc80a0d8:0.0.0.0:41238, 907b9765-214b-4864-b66a-d6e2a5789e5c:0.0.0.0:41650, bf55b3f9-6b09-4365-9d71-55289e083fa5:0.0.0.0:42441], old=null
2019-10-16 18:02:22,094 [bf55b3f9-6b09-4365-9d71-55289e083fa5@group-EFD1D20A002C-LeaderElection672] INFO  impl.RaftServerImpl (RaftServerImpl.java:setRole(184)) - bf55b3f9-6b09-4365-9d71-55289e083fa5@group-EFD1D20A002C: changes role from CANDIDATE to FOLLOWER at term 789 for DISCOVERED_A_NEW_TERM
2019-10-16 18:02:22,094 [bf55b3f9-6b09-4365-9d71-55289e083fa5@group-EFD1D20A002C-LeaderElection672] INFO  impl.RoleInfo (RoleInfo.java:shutdownLeaderElection(134)) - bf55b3f9-6b09-4365-9d71-55289e083fa5: shutdown LeaderElection
2019-10-16 18:02:22,094 [bf55b3f9-6b09-4365-9d71-55289e083fa5@group-EFD1D20A002C-LeaderElection672] INFO  impl.RoleInfo (RoleInfo.java:updateAndGet(143)) - bf55b3f9-6b09-4365-9d71-55289e083fa5: start FollowerState
2019-10-16 18:02:22,238 [Thread-4767] INFO  impl.FollowerState (FollowerState.java:run(108)) - bf55b3f9-6b09-4365-9d71-55289e083fa5@group-EFD1D20A002C-FollowerState: change to CANDIDATE, lastRpcTime:143ms, electionTimeout:143ms
2019-10-16 18:02:22,238 [Thread-4767] INFO  impl.RoleInfo (RoleInfo.java:shutdownFollowerState(121)) - bf55b3f9-6b09-4365-9d71-55289e083fa5: shutdown FollowerState
2019-10-16 18:02:22,238 [Thread-4767] INFO  impl.RaftServerImpl (RaftServerImpl.java:setRole(184)) - bf55b3f9-6b09-4365-9d71-55289e083fa5@group-EFD1D20A002C: changes role from  FOLLOWER to CANDIDATE at term 789 for changeToCandidate
2019-10-16 18:02:22,238 [Thread-4767] INFO  impl.RoleInfo (RoleInfo.java:updateAndGet(143)) - bf55b3f9-6b09-4365-9d71-55289e083fa5: start LeaderElection
2019-10-16 18:02:22,261 [bf55b3f9-6b09-4365-9d71-55289e083fa5@group-EFD1D20A002C-LeaderElection673] INFO  impl.LeaderElection (LeaderElection.java:askForVotes(178)) - bf55b3f9-6b09-4365-9d71-55289e083fa5@group-EFD1D20A002C-LeaderElection673: begin an election at term 790 for -1: [f4c54511-b161-4347-aec5-5236dc80a0d8:0.0.0.0:41238, 907b9765-214b-4864-b66a-d6e2a5789e5c:0.0.0.0:41650, bf55b3f9-6b09-4365-9d71-55289e083fa5:0.0.0.0:42441], old=null
2019-10-16 18:02:22,263 [grpc-default-executor-2] INFO  impl.RaftServerImpl (RaftServerImpl.java:setRole(184)) - 907b9765-214b-4864-b66a-d6e2a5789e5c@group-EFD1D20A002C: changes role from  FOLLOWER to FOLLOWER at term 790 for recognizeCandidate:bf55b3f9-6b09-4365-9d71-55289e083fa5
2019-10-16 18:02:22,263 [grpc-default-executor-2] INFO  impl.RoleInfo (RoleInfo.java:shutdownFollowerState(121)) - 907b9765-214b-4864-b66a-d6e2a5789e5c: shutdown FollowerState
2019-10-16 18:02:22,263 [grpc-default-executor-3] INFO  impl.RaftServerImpl (RaftServerImpl.java:setRole(184)) - f4c54511-b161-4347-aec5-5236dc80a0d8@group-EFD1D20A002C: changes role from  FOLLOWER to FOLLOWER at term 790 for recognizeCandidate:bf55b3f9-6b09-4365-9d71-55289e083fa5
2019-10-16 18:02:22,263 [grpc-default-executor-3] INFO  impl.RoleInfo (RoleInfo.java:shutdownFollowerState(121)) - f4c54511-b161-4347-aec5-5236dc80a0d8: shutdown FollowerState
2019-10-16 18:02:22,263 [Thread-4765] INFO  impl.FollowerState (FollowerState.java:run(117)) - 907b9765-214b-4864-b66a-d6e2a5789e5c@group-EFD1D20A002C-FollowerState was interrupted: java.lang.InterruptedException: sleep interrupted
2019-10-16 18:02:22,263 [grpc-default-executor-2] INFO  impl.RoleInfo (RoleInfo.java:updateAndGet(143)) - 907b9765-214b-4864-b66a-d6e2a5789e5c: start FollowerState
2019-10-16 18:02:22,263 [Thread-4766] INFO  impl.FollowerState (FollowerState.java:run(117)) - f4c54511-b161-4347-aec5-5236dc80a0d8@group-EFD1D20A002C-FollowerState was interrupted: java.lang.InterruptedException: sleep interrupted
2019-10-16 18:02:22,263 [grpc-default-executor-3] INFO  impl.RoleInfo (RoleInfo.java:updateAndGet(143)) - f4c54511-b161-4347-aec5-5236dc80a0d8: start FollowerState
2019-10-16 18:02:22,287 [bf55b3f9-6b09-4365-9d71-55289e083fa5@group-EFD1D20A002C-LeaderElection673] INFO  impl.LeaderElection (LeaderElection.java:logAndReturn(56)) - bf55b3f9-6b09-4365-9d71-55289e083fa5@group-EFD1D20A002C-LeaderElection673: Election REJECTED; received 2 response(s) [bf55b3f9-6b09-4365-9d71-55289e083fa5<-f4c54511-b161-4347-aec5-5236dc80a0d8#0:FAIL-t790, bf55b3f9-6b09-4365-9d71-55289e083fa5<-907b9765-214b-4864-b66a-d6e2a5789e5c#0:FAIL-t790] and 0 exception(s); bf55b3f9-6b09-4365-9d71-55289e083fa5@group-EFD1D20A002C:t790, leader=null, voted=bf55b3f9-6b09-4365-9d71-55289e083fa5, raftlog=bf55b3f9-6b09-4365-9d71-55289e083fa5@group-EFD1D20A002C-SegmentedRaftLog:OPENED:c-1,f-1,i0, conf=-1: [f4c54511-b161-4347-aec5-5236dc80a0d8:0.0.0.0:41238, 907b9765-214b-4864-b66a-d6e2a5789e5c:0.0.0.0:41650, bf55b3f9-6b09-4365-9d71-55289e083fa5:0.0.0.0:42441], old=null
2019-10-16 18:02:22,288 [bf55b3f9-6b09-4365-9d71-55289e083fa5@group-EFD1D20A002C-LeaderElection673] INFO  impl.RaftServerImpl (RaftServerImpl.java:setRole(184)) - bf55b3f9-6b09-4365-9d71-55289e083fa5@group-EFD1D20A002C: changes role from CANDIDATE to FOLLOWER at term 790 for DISCOVERED_A_NEW_TERM
2019-10-16 18:02:22,288 [bf55b3f9-6b09-4365-9d71-55289e083fa5@group-EFD1D20A002C-LeaderElection673] INFO  impl.RoleInfo (RoleInfo.java:shutdownLeaderElection(134)) - bf55b3f9-6b09-4365-9d71-55289e083fa5: shutdown LeaderElection
2019-10-16 18:02:22,288 [bf55b3f9-6b09-4365-9d71-55289e083fa5@group-EFD1D20A002C-LeaderElection673] INFO  impl.RoleInfo (RoleInfo.java:updateAndGet(143)) - bf55b3f9-6b09-4365-9d71-55289e083fa5: start FollowerState
2019-10-16 18:02:22,335 [Thread-4773] INFO  impl.FollowerState (FollowerState.java:run(108)) - bf55b3f9-6b09-4365-9d71-55289e083fa5@group-EFD1D20A002C-FollowerState: change to CANDIDATE, lastRpcTime:47ms, electionTimeout:47ms
2019-10-16 18:02:22,336 [Thread-4773] INFO  impl.RoleInfo (RoleInfo.java:shutdownFollowerState(121)) - bf55b3f9-6b09-4365-9d71-55289e083fa5: shutdown FollowerState
2019-10-16 18:02:22,336 [Thread-4773] INFO  impl.RaftServerImpl (RaftServerImpl.java:setRole(184)) - bf55b3f9-6b09-4365-9d71-55289e083fa5@group-EFD1D20A002C: changes role from  FOLLOWER to CANDIDATE at term 790 for changeToCandidate
2019-10-16 18:02:22,336 [Thread-4773] INFO  impl.RoleInfo (RoleInfo.java:updateAndGet(143)) - bf55b3f9-6b09-4365-9d71-55289e083fa5: start LeaderElection
2019-10-16 18:02:22,362 [bf55b3f9-6b09-4365-9d71-55289e083fa5@group-EFD1D20A002C-LeaderElection674] INFO  impl.LeaderElection (LeaderElection.java:askForVotes(178)) - bf55b3f9-6b09-4365-9d71-55289e083fa5@group-EFD1D20A002C-LeaderElection674: begin an election at term 791 for -1: [f4c54511-b161-4347-aec5-5236dc80a0d8:0.0.0.0:41238, 907b9765-214b-4864-b66a-d6e2a5789e5c:0.0.0.0:41650, bf55b3f9-6b09-4365-9d71-55289e083fa5:0.0.0.0:42441], old=null
2019-10-16 18:02:22,364 [grpc-default-executor-2] INFO  impl.RaftServerImpl (RaftServerImpl.java:setRole(184)) - f4c54511-b161-4347-aec5-5236dc80a0d8@group-EFD1D20A002C: changes role from  FOLLOWER to FOLLOWER at term 791 for recognizeCandidate:bf55b3f9-6b09-4365-9d71-55289e083fa5
2019-10-16 18:02:22,364 [grpc-default-executor-2] INFO  impl.RoleInfo (RoleInfo.java:shutdownFollowerState(121)) - f4c54511-b161-4347-aec5-5236dc80a0d8: shutdown FollowerState
2019-10-16 18:02:22,364 [grpc-default-executor-2] INFO  impl.RoleInfo (RoleInfo.java:updateAndGet(143)) - f4c54511-b161-4347-aec5-5236dc80a0d8: start FollowerState
2019-10-16 18:02:22,364 [grpc-default-executor-3] INFO  impl.RaftServerImpl (RaftServerImpl.java:setRole(184)) - 907b9765-214b-4864-b66a-d6e2a5789e5c@group-EFD1D20A002C: changes role from  FOLLOWER to FOLLOWER at term 791 for recognizeCandidate:bf55b3f9-6b09-4365-9d71-55289e083fa5
2019-10-16 18:02:22,364 [Thread-4772] INFO  impl.FollowerState (FollowerState.java:run(117)) - f4c54511-b161-4347-aec5-5236dc80a0d8@group-EFD1D20A002C-FollowerState was interrupted: java.lang.InterruptedException: sleep interrupted
2019-10-16 18:02:22,364 [grpc-default-executor-3] INFO  impl.RoleInfo (RoleInfo.java:shutdownFollowerState(121)) - 907b9765-214b-4864-b66a-d6e2a5789e5c: shutdown FollowerState
2019-10-16 18:02:22,365 [grpc-default-executor-3] INFO  impl.RoleInfo (RoleInfo.java:updateAndGet(143)) - 907b9765-214b-4864-b66a-d6e2a5789e5c: start FollowerState
2019-10-16 18:02:22,365 [Thread-4771] INFO  impl.FollowerState (FollowerState.java:run(117)) - 907b9765-214b-4864-b66a-d6e2a5789e5c@group-EFD1D20A002C-FollowerState was interrupted: java.lang.InterruptedException: sleep interrupted
2019-10-16 18:02:22,380 [bf55b3f9-6b09-4365-9d71-55289e083fa5@group-EFD1D20A002C-LeaderElection674] INFO  impl.LeaderElection (LeaderElection.java:logAndReturn(56)) - bf55b3f9-6b09-4365-9d71-55289e083fa5@group-EFD1D20A002C-LeaderElection674: Election REJECTED; received 2 response(s) [bf55b3f9-6b09-4365-9d71-55289e083fa5<-f4c54511-b161-4347-aec5-5236dc80a0d8#0:FAIL-t791, bf55b3f9-6b09-4365-9d71-55289e083fa5<-907b9765-214b-4864-b66a-d6e2a5789e5c#0:FAIL-t791] and 0 exception(s); bf55b3f9-6b09-4365-9d71-55289e083fa5@group-EFD1D20A002C:t791, leader=null, voted=bf55b3f9-6b09-4365-9d71-55289e083fa5, raftlog=bf55b3f9-6b09-4365-9d71-55289e083fa5@group-EFD1D20A002C-SegmentedRaftLog:OPENED:c-1,f-1,i0, conf=-1: [f4c54511-b161-4347-aec5-5236dc80a0d8:0.0.0.0:41238, 907b9765-214b-4864-b66a-d6e2a5789e5c:0.0.0.0:41650, bf55b3f9-6b09-4365-9d71-55289e083fa5:0.0.0.0:42441], old=null
2019-10-16 18:02:22,380 [bf55b3f9-6b09-4365-9d71-55289e083fa5@group-EFD1D20A002C-LeaderElection674] INFO  impl.RaftServerImpl (RaftServerImpl.java:setRole(184)) - bf55b3f9-6b09-4365-9d71-55289e083fa5@group-EFD1D20A002C: changes role from CANDIDATE to FOLLOWER at term 791 for DISCOVERED_A_NEW_TERM
2019-10-16 18:02:22,380 [bf55b3f9-6b09-4365-9d71-55289e083fa5@group-EFD1D20A002C-LeaderElection674] INFO  impl.RoleInfo (RoleInfo.java:shutdownLeaderElection(134)) - bf55b3f9-6b09-4365-9d71-55289e083fa5: shutdown LeaderElection
2019-10-16 18:02:22,380 [bf55b3f9-6b09-4365-9d71-55289e083fa5@group-EFD1D20A002C-LeaderElection674] INFO  impl.RoleInfo (RoleInfo.java:updateAndGet(143)) - bf55b3f9-6b09-4365-9d71-55289e083fa5: start FollowerState
2019-10-16 18:02:22,452 [Thread-4779] INFO  impl.FollowerState (FollowerState.java:run(108)) - bf55b3f9-6b09-4365-9d71-55289e083fa5@group-EFD1D20A002C-FollowerState: change to CANDIDATE, lastRpcTime:71ms, electionTimeout:71ms
2019-10-16 18:02:22,452 [Thread-4779] INFO  impl.RoleInfo (RoleInfo.java:shutdownFollowerState(121)) - bf55b3f9-6b09-4365-9d71-55289e083fa5: shutdown FollowerState
2019-10-16 18:02:22,452 [Thread-4779] INFO  impl.RaftServerImpl (RaftServerImpl.java:setRole(184)) - bf55b3f9-6b09-4365-9d71-55289e083fa5@group-EFD1D20A002C: changes role from  FOLLOWER to CANDIDATE at term 791 for changeToCandidate
2019-10-16 18:02:22,452 [Thread-4779] INFO  impl.RoleInfo (RoleInfo.java:updateAndGet(143)) - bf55b3f9-6b09-4365-9d71-55289e083fa5: start LeaderElection
2019-10-16 18:02:22,481 [bf55b3f9-6b09-4365-9d71-55289e083fa5@group-EFD1D20A002C-LeaderElection675] INFO  impl.LeaderElection (LeaderElection.java:askForVotes(178)) - bf55b3f9-6b09-4365-9d71-55289e083fa5@group-EFD1D20A002C-LeaderElection675: begin an election at term 792 for -1: [f4c54511-b161-4347-aec5-5236dc80a0d8:0.0.0.0:41238, 907b9765-214b-4864-b66a-d6e2a5789e5c:0.0.0.0:41650, bf55b3f9-6b09-4365-9d71-55289e083fa5:0.0.0.0:42441], old=null
2019-10-16 18:02:22,483 [grpc-default-executor-3] INFO  impl.RaftServerImpl (RaftServerImpl.java:setRole(184)) - f4c54511-b161-4347-aec5-5236dc80a0d8@group-EFD1D20A002C: changes role from  FOLLOWER to FOLLOWER at term 792 for recognizeCandidate:bf55b3f9-6b09-4365-9d71-55289e083fa5
2019-10-16 18:02:22,483 [grpc-default-executor-3] INFO  impl.RoleInfo (RoleInfo.java:shutdownFollowerState(121)) - f4c54511-b161-4347-aec5-5236dc80a0d8: shutdown FollowerState
2019-10-16 18:02:22,484 [grpc-default-executor-2] INFO  impl.RaftServerImpl (RaftServerImpl.java:setRole(184)) - 907b9765-214b-4864-b66a-d6e2a5789e5c@group-EFD1D20A002C: changes role from  FOLLOWER to FOLLOWER at term 792 for recognizeCandidate:bf55b3f9-6b09-4365-9d71-55289e083fa5
2019-10-16 18:02:22,484 [Thread-4777] INFO  impl.FollowerState (FollowerState.java:run(117)) - f4c54511-b161-4347-aec5-5236dc80a0d8@group-EFD1D20A002C-FollowerState was interrupted: java.lang.InterruptedException: sleep interrupted
2019-10-16 18:02:22,484 [grpc-default-executor-3] INFO  impl.RoleInfo (RoleInfo.java:updateAndGet(143)) - f4c54511-b161-4347-aec5-5236dc80a0d8: start FollowerState
2019-10-16 18:02:22,484 [grpc-default-executor-2] INFO  impl.RoleInfo (RoleInfo.java:shutdownFollowerState(121)) - 907b9765-214b-4864-b66a-d6e2a5789e5c: shutdown FollowerState
2019-10-16 18:02:22,484 [grpc-default-executor-2] INFO  impl.RoleInfo (RoleInfo.java:updateAndGet(143)) - 907b9765-214b-4864-b66a-d6e2a5789e5c: start FollowerState
2019-10-16 18:02:22,484 [Thread-4778] INFO  impl.FollowerState (FollowerState.java:run(117)) - 907b9765-214b-4864-b66a-d6e2a5789e5c@group-EFD1D20A002C-FollowerState was interrupted: java.lang.InterruptedException: sleep interrupted
2019-10-16 18:02:22,532 [bf55b3f9-6b09-4365-9d71-55289e083fa5@group-EFD1D20A002C-LeaderElection675] INFO  impl.LeaderElection (LeaderElection.java:logAndReturn(56)) - bf55b3f9-6b09-4365-9d71-55289e083fa5@group-EFD1D20A002C-LeaderElection675: Election REJECTED; received 2 response(s) [bf55b3f9-6b09-4365-9d71-55289e083fa5<-f4c54511-b161-4347-aec5-5236dc80a0d8#0:FAIL-t792, bf55b3f9-6b09-4365-9d71-55289e083fa5<-907b9765-214b-4864-b66a-d6e2a5789e5c#0:FAIL-t792] and 0 exception(s); bf55b3f9-6b09-4365-9d71-55289e083fa5@group-EFD1D20A002C:t792, leader=null, voted=bf55b3f9-6b09-4365-9d71-55289e083fa5, raftlog=bf55b3f9-6b09-4365-9d71-55289e083fa5@group-EFD1D20A002C-SegmentedRaftLog:OPENED:c-1,f-1,i0, conf=-1: [f4c54511-b161-4347-aec5-5236dc80a0d8:0.0.0.0:41238, 907b9765-214b-4864-b66a-d6e2a5789e5c:0.0.0.0:41650, bf55b3f9-6b09-4365-9d71-55289e083fa5:0.0.0.0:42441], old=null
2019-10-16 18:02:22,532 [bf55b3f9-6b09-4365-9d71-55289e083fa5@group-EFD1D20A002C-LeaderElection675] INFO  impl.RaftServerImpl (RaftServerImpl.java:setRole(184)) - bf55b3f9-6b09-4365-9d71-55289e083fa5@group-EFD1D20A002C: changes role from CANDIDATE to FOLLOWER at term 792 for DISCOVERED_A_NEW_TERM
2019-10-16 18:02:22,532 [bf55b3f9-6b09-4365-9d71-55289e083fa5@group-EFD1D20A002C-LeaderElection675] INFO  impl.RoleInfo (RoleInfo.java:shutdownLeaderElection(134)) - bf55b3f9-6b09-4365-9d71-55289e083fa5: shutdown LeaderElection
2019-10-16 18:02:22,533 [bf55b3f9-6b09-4365-9d71-55289e083fa5@group-EFD1D20A002C-LeaderElection675] INFO  impl.RoleInfo (RoleInfo.java:updateAndGet(143)) - bf55b3f9-6b09-4365-9d71-55289e083fa5: start FollowerState
2019-10-16 18:02:22,661 [Thread-4787] INFO  impl.FollowerState (FollowerState.java:run(108)) - bf55b3f9-6b09-4365-9d71-55289e083fa5@group-EFD1D20A002C-FollowerState: change to CANDIDATE, lastRpcTime:128ms, electionTimeout:128ms
2019-10-16 18:02:22,661 [Thread-4787] INFO  impl.RoleInfo (RoleInfo.java:shutdownFollowerState(121)) - bf55b3f9-6b09-4365-9d71-55289e083fa5: shutdown FollowerState
2019-10-16 18:02:22,661 [Thread-4787] INFO  impl.RaftServerImpl (RaftServerImpl.java:setRole(184)) - bf55b3f9-6b09-4365-9d71-55289e083fa5@group-EFD1D20A002C: changes role from  FOLLOWER to CANDIDATE at term 792 for changeToCandidate
2019-10-16 18:02:22,662 [Thread-4787] INFO  impl.RoleInfo (RoleInfo.java:updateAndGet(143)) - bf55b3f9-6b09-4365-9d71-55289e083fa5: start LeaderElection
2019-10-16 18:02:22,742 [bf55b3f9-6b09-4365-9d71-55289e083fa5@group-EFD1D20A002C-LeaderElection676] INFO  impl.LeaderElection (LeaderElection.java:askForVotes(178)) - bf55b3f9-6b09-4365-9d71-55289e083fa5@group-EFD1D20A002C-LeaderElection676: begin an election at term 793 for -1: [f4c54511-b161-4347-aec5-5236dc80a0d8:0.0.0.0:41238, 907b9765-214b-4864-b66a-d6e2a5789e5c:0.0.0.0:41650, bf55b3f9-6b09-4365-9d71-55289e083fa5:0.0.0.0:42441], old=null
2019-10-16 18:02:22,744 [grpc-default-executor-2] INFO  impl.RaftServerImpl (RaftServerImpl.java:setRole(184)) - f4c54511-b161-4347-aec5-5236dc80a0d8@group-EFD1D20A002C: changes role from  FOLLOWER to FOLLOWER at term 793 for recognizeCandidate:bf55b3f9-6b09-4365-9d71-55289e083fa5
2019-10-16 18:02:22,744 [grpc-default-executor-2] INFO  impl.RoleInfo (RoleInfo.java:shutdownFollowerState(121)) - f4c54511-b161-4347-aec5-5236dc80a0d8: shutdown FollowerState
2019-10-16 18:02:22,744 [grpc-default-executor-3] INFO  impl.RaftServerImpl (RaftServerImpl.java:setRole(184)) - 907b9765-214b-4864-b66a-d6e2a5789e5c@group-EFD1D20A002C: changes role from  FOLLOWER to FOLLOWER at term 793 for recognizeCandidate:bf55b3f9-6b09-4365-9d71-55289e083fa5
2019-10-16 18:02:22,744 [grpc-default-executor-3] INFO  impl.RoleInfo (RoleInfo.java:shutdownFollowerState(121)) - 907b9765-214b-4864-b66a-d6e2a5789e5c: shutdown FollowerState
2019-10-16 18:02:22,744 [Thread-4783] INFO  impl.FollowerState (FollowerState.java:run(117)) - f4c54511-b161-4347-aec5-5236dc80a0d8@group-EFD1D20A002C-FollowerState was interrupted: java.lang.InterruptedException: sleep interrupted
2019-10-16 18:02:22,744 [grpc-default-executor-2] INFO  impl.RoleInfo (RoleInfo.java:updateAndGet(143)) - f4c54511-b161-4347-aec5-5236dc80a0d8: start FollowerState
2019-10-16 18:02:22,745 [Thread-4784] INFO  impl.FollowerState (FollowerState.java:run(117)) - 907b9765-214b-4864-b66a-d6e2a5789e5c@group-EFD1D20A002C-FollowerState was interrupted: java.lang.InterruptedException: sleep interrupted
2019-10-16 18:02:22,745 [grpc-default-executor-3] INFO  impl.RoleInfo (RoleInfo.java:updateAndGet(143)) - 907b9765-214b-4864-b66a-d6e2a5789e5c: start FollowerState
2019-10-16 18:02:22,768 [bf55b3f9-6b09-4365-9d71-55289e083fa5@group-EFD1D20A002C-LeaderElection676] INFO  impl.LeaderElection (LeaderElection.java:logAndReturn(56)) - bf55b3f9-6b09-4365-9d71-55289e083fa5@group-EFD1D20A002C-LeaderElection676: Election REJECTED; received 2 response(s) [bf55b3f9-6b09-4365-9d71-55289e083fa5<-f4c54511-b161-4347-aec5-5236dc80a0d8#0:FAIL-t793, bf55b3f9-6b09-4365-9d71-55289e083fa5<-907b9765-214b-4864-b66a-d6e2a5789e5c#0:FAIL-t793] and 0 exception(s); bf55b3f9-6b09-4365-9d71-55289e083fa5@group-EFD1D20A002C:t793, leader=null, voted=bf55b3f9-6b09-4365-9d71-55289e083fa5, raftlog=bf55b3f9-6b09-4365-9d71-55289e083fa5@group-EFD1D20A002C-SegmentedRaftLog:OPENED:c-1,f-1,i0, conf=-1: [f4c54511-b161-4347-aec5-5236dc80a0d8:0.0.0.0:41238, 907b9765-214b-4864-b66a-d6e2a5789e5c:0.0.0.0:41650, bf55b3f9-6b09-4365-9d71-55289e083fa5:0.0.0.0:42441], old=null
2019-10-16 18:02:22,768 [bf55b3f9-6b09-4365-9d71-55289e083fa5@group-EFD1D20A002C-LeaderElection676] INFO  impl.RaftServerImpl (RaftServerImpl.java:setRole(184)) - bf55b3f9-6b09-4365-9d71-55289e083fa5@group-EFD1D20A002C: changes role from CANDIDATE to FOLLOWER at term 793 for DISCOVERED_A_NEW_TERM
2019-10-16 18:02:22,768 [bf55b3f9-6b09-4365-9d71-55289e083fa5@group-EFD1D20A002C-LeaderElection676] INFO  impl.RoleInfo (RoleInfo.java:shutdownLeaderElection(134)) - bf55b3f9-6b09-4365-9d71-55289e083fa5: shutdown LeaderElection
2019-10-16 18:02:22,768 [bf55b3f9-6b09-4365-9d71-55289e083fa5@group-EFD1D20A002C-LeaderElection676] INFO  impl.RoleInfo (RoleInfo.java:updateAndGet(143)) - bf55b3f9-6b09-4365-9d71-55289e083fa5: start FollowerState
2019-10-16 18:02:22,833 [Thread-4793] INFO  impl.FollowerState (FollowerState.java:run(108)) - bf55b3f9-6b09-4365-9d71-55289e083fa5@group-EFD1D20A002C-FollowerState: change to CANDIDATE, lastRpcTime:64ms, electionTimeout:64ms
2019-10-16 18:02:22,833 [Thread-4793] INFO  impl.RoleInfo (RoleInfo.java:shutdownFollowerState(121)) - bf55b3f9-6b09-4365-9d71-55289e083fa5: shutdown FollowerState
2019-10-16 18:02:22,833 [Thread-4793] INFO  impl.RaftServerImpl (RaftServerImpl.java:setRole(184)) - bf55b3f9-6b09-4365-9d71-55289e083fa5@group-EFD1D20A002C: changes role from  FOLLOWER to CANDIDATE at term 793 for changeToCandidate
2019-10-16 18:02:22,833 [Thread-4793] INFO  impl.RoleInfo (RoleInfo.java:updateAndGet(143)) - bf55b3f9-6b09-4365-9d71-55289e083fa5: start LeaderElection
2019-10-16 18:02:22,851 [bf55b3f9-6b09-4365-9d71-55289e083fa5@group-EFD1D20A002C-LeaderElection677] INFO  impl.LeaderElection (LeaderElection.java:askForVotes(178)) - bf55b3f9-6b09-4365-9d71-55289e083fa5@group-EFD1D20A002C-LeaderElection677: begin an election at term 794 for -1: [f4c54511-b161-4347-aec5-5236dc80a0d8:0.0.0.0:41238, 907b9765-214b-4864-b66a-d6e2a5789e5c:0.0.0.0:41650, bf55b3f9-6b09-4365-9d71-55289e083fa5:0.0.0.0:42441], old=null
2019-10-16 18:02:22,853 [grpc-default-executor-3] INFO  impl.RaftServerImpl (RaftServerImpl.java:setRole(184)) - 907b9765-214b-4864-b66a-d6e2a5789e5c@group-EFD1D20A002C: changes role from  FOLLOWER to FOLLOWER at term 794 for recognizeCandidate:bf55b3f9-6b09-4365-9d71-55289e083fa5
2019-10-16 18:02:22,853 [grpc-default-executor-2] INFO  impl.RaftServerImpl (RaftServerImpl.java:setRole(184)) - f4c54511-b161-4347-aec5-5236dc80a0d8@group-EFD1D20A002C: changes role from  FOLLOWER to FOLLOWER at term 794 for recognizeCandidate:bf55b3f9-6b09-4365-9d71-55289e083fa5
2019-10-16 18:02:22,853 [grpc-default-executor-3] INFO  impl.RoleInfo (RoleInfo.java:shutdownFollowerState(121)) - 907b9765-214b-4864-b66a-d6e2a5789e5c: shutdown FollowerState
2019-10-16 18:02:22,854 [grpc-default-executor-2] INFO  impl.RoleInfo (RoleInfo.java:shutdownFollowerState(121)) - f4c54511-b161-4347-aec5-5236dc80a0d8: shutdown FollowerState
2019-10-16 18:02:22,854 [Thread-4792] INFO  impl.FollowerState (FollowerState.java:run(117)) - 907b9765-214b-4864-b66a-d6e2a5789e5c@group-EFD1D20A002C-FollowerState was interrupted: java.lang.InterruptedException: sleep interrupted
2019-10-16 18:02:22,854 [Thread-4791] INFO  impl.FollowerState (FollowerState.java:run(117)) - f4c54511-b161-4347-aec5-5236dc80a0d8@group-EFD1D20A002C-FollowerState was interrupted: java.lang.InterruptedException: sleep interrupted
2019-10-16 18:02:22,854 [grpc-default-executor-3] INFO  impl.RoleInfo (RoleInfo.java:updateAndGet(143)) - 907b9765-214b-4864-b66a-d6e2a5789e5c: start FollowerState
2019-10-16 18:02:22,854 [grpc-default-executor-2] INFO  impl.RoleInfo (RoleInfo.java:updateAndGet(143)) - f4c54511-b161-4347-aec5-5236dc80a0d8: start FollowerState
2019-10-16 18:02:22,878 [bf55b3f9-6b09-4365-9d71-55289e083fa5@group-EFD1D20A002C-LeaderElection677] INFO  impl.LeaderElection (LeaderElection.java:logAndReturn(56)) - bf55b3f9-6b09-4365-9d71-55289e083fa5@group-EFD1D20A002C-LeaderElection677: Election REJECTED; received 2 response(s) [bf55b3f9-6b09-4365-9d71-55289e083fa5<-f4c54511-b161-4347-aec5-5236dc80a0d8#0:FAIL-t794, bf55b3f9-6b09-4365-9d71-55289e083fa5<-907b9765-214b-4864-b66a-d6e2a5789e5c#0:FAIL-t794] and 0 exception(s); bf55b3f9-6b09-4365-9d71-55289e083fa5@group-EFD1D20A002C:t794, leader=null, voted=bf55b3f9-6b09-4365-9d71-55289e083fa5, raftlog=bf55b3f9-6b09-4365-9d71-55289e083fa5@group-EFD1D20A002C-SegmentedRaftLog:OPENED:c-1,f-1,i0, conf=-1: [f4c54511-b161-4347-aec5-5236dc80a0d8:0.0.0.0:41238, 907b9765-214b-4864-b66a-d6e2a5789e5c:0.0.0.0:41650, bf55b3f9-6b09-4365-9d71-55289e083fa5:0.0.0.0:42441], old=null
2019-10-16 18:02:22,878 [bf55b3f9-6b09-4365-9d71-55289e083fa5@group-EFD1D20A002C-LeaderElection677] INFO  impl.RaftServerImpl (RaftServerImpl.java:setRole(184)) - bf55b3f9-6b09-4365-9d71-55289e083fa5@group-EFD1D20A002C: changes role from CANDIDATE to FOLLOWER at term 794 for DISCOVERED_A_NEW_TERM
2019-10-16 18:02:22,878 [bf55b3f9-6b09-4365-9d71-55289e083fa5@group-EFD1D20A002C-LeaderElection677] INFO  impl.RoleInfo (RoleInfo.java:shutdownLeaderElection(134)) - bf55b3f9-6b09-4365-9d71-55289e083fa5: shutdown LeaderElection
2019-10-16 18:02:22,878 [bf55b3f9-6b09-4365-9d71-55289e083fa5@group-EFD1D20A002C-LeaderElection677] INFO  impl.RoleInfo (RoleInfo.java:updateAndGet(143)) - bf55b3f9-6b09-4365-9d71-55289e083fa5: start FollowerState
2019-10-16 18:02:22,948 [Thread-4799] INFO  impl.FollowerState (FollowerState.java:run(108)) - bf55b3f9-6b09-4365-9d71-55289e083fa5@group-EFD1D20A002C-FollowerState: change to CANDIDATE, lastRpcTime:69ms, electionTimeout:69ms
2019-10-16 18:02:22,948 [Thread-4799] INFO  impl.RoleInfo (RoleInfo.java:shutdownFollowerState(121)) - bf55b3f9-6b09-4365-9d71-55289e083fa5: shutdown FollowerState
2019-10-16 18:02:22,948 [Thread-4799] INFO  impl.RaftServerImpl (RaftServerImpl.java:setRole(184)) - bf55b3f9-6b09-4365-9d71-55289e083fa5@group-EFD1D20A002C: changes role from  FOLLOWER to CANDIDATE at term 794 for changeToCandidate
2019-10-16 18:02:22,948 [Thread-4799] INFO  impl.RoleInfo (RoleInfo.java:updateAndGet(143)) - bf55b3f9-6b09-4365-9d71-55289e083fa5: start LeaderElection
2019-10-16 18:02:22,969 [bf55b3f9-6b09-4365-9d71-55289e083fa5@group-EFD1D20A002C-LeaderElection678] INFO  impl.LeaderElection (LeaderElection.java:askForVotes(178)) - bf55b3f9-6b09-4365-9d71-55289e083fa5@group-EFD1D20A002C-LeaderElection678: begin an election at term 795 for -1: [f4c54511-b161-4347-aec5-5236dc80a0d8:0.0.0.0:41238, 907b9765-214b-4864-b66a-d6e2a5789e5c:0.0.0.0:41650, bf55b3f9-6b09-4365-9d71-55289e083fa5:0.0.0.0:42441], old=null
2019-10-16 18:02:22,972 [grpc-default-executor-2] INFO  impl.RaftServerImpl (RaftServerImpl.java:setRole(184)) - 907b9765-214b-4864-b66a-d6e2a5789e5c@group-EFD1D20A002C: changes role from  FOLLOWER to FOLLOWER at term 795 for recognizeCandidate:bf55b3f9-6b09-4365-9d71-55289e083fa5
2019-10-16 18:02:22,972 [grpc-default-executor-2] INFO  impl.RoleInfo (RoleInfo.java:shutdownFollowerState(121)) - 907b9765-214b-4864-b66a-d6e2a5789e5c: shutdown FollowerState
2019-10-16 18:02:22,972 [grpc-default-executor-2] INFO  impl.RoleInfo (RoleInfo.java:updateAndGet(143)) - 907b9765-214b-4864-b66a-d6e2a5789e5c: start FollowerState
2019-10-16 18:02:22,972 [Thread-4797] INFO  impl.FollowerState (FollowerState.java:run(117)) - 907b9765-214b-4864-b66a-d6e2a5789e5c@group-EFD1D20A002C-FollowerState was interrupted: java.lang.InterruptedException: sleep interrupted
2019-10-16 18:02:22,974 [grpc-default-executor-0] INFO  impl.RaftServerImpl (RaftServerImpl.java:setRole(184)) - f4c54511-b161-4347-aec5-5236dc80a0d8@group-EFD1D20A002C: changes role from  FOLLOWER to FOLLOWER at term 795 for recognizeCandidate:bf55b3f9-6b09-4365-9d71-55289e083fa5
2019-10-16 18:02:22,974 [grpc-default-executor-0] INFO  impl.RoleInfo (RoleInfo.java:shutdownFollowerState(121)) - f4c54511-b161-4347-aec5-5236dc80a0d8: shutdown FollowerState
2019-10-16 18:02:22,974 [grpc-default-executor-0] INFO  impl.RoleInfo (RoleInfo.java:updateAndGet(143)) - f4c54511-b161-4347-aec5-5236dc80a0d8: start FollowerState
2019-10-16 18:02:22,974 [Thread-4798] INFO  impl.FollowerState (FollowerState.java:run(117)) - f4c54511-b161-4347-aec5-5236dc80a0d8@group-EFD1D20A002C-FollowerState was interrupted: java.lang.InterruptedException: sleep interrupted
2019-10-16 18:02:22,996 [bf55b3f9-6b09-4365-9d71-55289e083fa5@group-EFD1D20A002C-LeaderElection678] INFO  impl.LeaderElection (LeaderElection.java:logAndReturn(56)) - bf55b3f9-6b09-4365-9d71-55289e083fa5@group-EFD1D20A002C-LeaderElection678: Election REJECTED; received 2 response(s) [bf55b3f9-6b09-4365-9d71-55289e083fa5<-f4c54511-b161-4347-aec5-5236dc80a0d8#0:FAIL-t795, bf55b3f9-6b09-4365-9d71-55289e083fa5<-907b9765-214b-4864-b66a-d6e2a5789e5c#0:FAIL-t795] and 0 exception(s); bf55b3f9-6b09-4365-9d71-55289e083fa5@group-EFD1D20A002C:t795, leader=null, voted=bf55b3f9-6b09-4365-9d71-55289e083fa5, raftlog=bf55b3f9-6b09-4365-9d71-55289e083fa5@group-EFD1D20A002C-SegmentedRaftLog:OPENED:c-1,f-1,i0, conf=-1: [f4c54511-b161-4347-aec5-5236dc80a0d8:0.0.0.0:41238, 907b9765-214b-4864-b66a-d6e2a5789e5c:0.0.0.0:41650, bf55b3f9-6b09-4365-9d71-55289e083fa5:0.0.0.0:42441], old=null
2019-10-16 18:02:22,996 [bf55b3f9-6b09-4365-9d71-55289e083fa5@group-EFD1D20A002C-LeaderElection678] INFO  impl.RaftServerImpl (RaftServerImpl.java:setRole(184)) - bf55b3f9-6b09-4365-9d71-55289e083fa5@group-EFD1D20A002C: changes role from CANDIDATE to FOLLOWER at term 795 for DISCOVERED_A_NEW_TERM
2019-10-16 18:02:22,996 [bf55b3f9-6b09-4365-9d71-55289e083fa5@group-EFD1D20A002C-LeaderElection678] INFO  impl.RoleInfo (RoleInfo.java:shutdownLeaderElection(134)) - bf55b3f9-6b09-4365-9d71-55289e083fa5: shutdown LeaderElection
2019-10-16 18:02:22,996 [bf55b3f9-6b09-4365-9d71-55289e083fa5@group-EFD1D20A002C-LeaderElection678] INFO  impl.RoleInfo (RoleInfo.java:updateAndGet(143)) - bf55b3f9-6b09-4365-9d71-55289e083fa5: start FollowerState
2019-10-16 18:02:23,042 [Thread-4805] INFO  impl.FollowerState (FollowerState.java:run(108)) - bf55b3f9-6b09-4365-9d71-55289e083fa5@group-EFD1D20A002C-FollowerState: change to CANDIDATE, lastRpcTime:45ms, electionTimeout:45ms
2019-10-16 18:02:23,042 [Thread-4805] INFO  impl.RoleInfo (RoleInfo.java:shutdownFollowerState(121)) - bf55b3f9-6b09-4365-9d71-55289e083fa5: shutdown FollowerState
2019-10-16 18:02:23,042 [Thread-4805] INFO  impl.RaftServerImpl (RaftServerImpl.java:setRole(184)) - bf55b3f9-6b09-4365-9d71-55289e083fa5@group-EFD1D20A002C: changes role from  FOLLOWER to CANDIDATE at term 795 for changeToCandidate
2019-10-16 18:02:23,042 [Thread-4805] INFO  impl.RoleInfo (RoleInfo.java:updateAndGet(143)) - bf55b3f9-6b09-4365-9d71-55289e083fa5: start LeaderElection
2019-10-16 18:02:23,070 [bf55b3f9-6b09-4365-9d71-55289e083fa5@group-EFD1D20A002C-LeaderElection679] INFO  impl.LeaderElection (LeaderElection.java:askForVotes(178)) - bf55b3f9-6b09-4365-9d71-55289e083fa5@group-EFD1D20A002C-LeaderElection679: begin an election at term 796 for -1: [f4c54511-b161-4347-aec5-5236dc80a0d8:0.0.0.0:41238, 907b9765-214b-4864-b66a-d6e2a5789e5c:0.0.0.0:41650, bf55b3f9-6b09-4365-9d71-55289e083fa5:0.0.0.0:42441], old=null
2019-10-16 18:02:23,072 [grpc-default-executor-2] INFO  impl.RaftServerImpl (RaftServerImpl.java:setRole(184)) - f4c54511-b161-4347-aec5-5236dc80a0d8@group-EFD1D20A002C: changes role from  FOLLOWER to FOLLOWER at term 796 for recognizeCandidate:bf55b3f9-6b09-4365-9d71-55289e083fa5
2019-10-16 18:02:23,072 [grpc-default-executor-0] INFO  impl.RaftServerImpl (RaftServerImpl.java:setRole(184)) - 907b9765-214b-4864-b66a-d6e2a5789e5c@group-EFD1D20A002C: changes role from  FOLLOWER to FOLLOWER at term 796 for recognizeCandidate:bf55b3f9-6b09-4365-9d71-55289e083fa5
2019-10-16 18:02:23,073 [grpc-default-executor-0] INFO  impl.RoleInfo (RoleInfo.java:shutdownFollowerState(121)) - 907b9765-214b-4864-b66a-d6e2a5789e5c: shutdown FollowerState
2019-10-16 18:02:23,072 [grpc-default-executor-2] INFO  impl.RoleInfo (RoleInfo.java:shutdownFollowerState(121)) - f4c54511-b161-4347-aec5-5236dc80a0d8: shutdown FollowerState
2019-10-16 18:02:23,073 [Thread-4803] INFO  impl.FollowerState (FollowerState.java:run(117)) - 907b9765-214b-4864-b66a-d6e2a5789e5c@group-EFD1D20A002C-FollowerState was interrupted: java.lang.InterruptedException: sleep interrupted
2019-10-16 18:02:23,073 [grpc-default-executor-0] INFO  impl.RoleInfo (RoleInfo.java:updateAndGet(143)) - 907b9765-214b-4864-b66a-d6e2a5789e5c: start FollowerState
2019-10-16 18:02:23,073 [Thread-4804] INFO  impl.FollowerState (FollowerState.java:run(117)) - f4c54511-b161-4347-aec5-5236dc80a0d8@group-EFD1D20A002C-FollowerState was interrupted: java.lang.InterruptedException: sleep interrupted
2019-10-16 18:02:23,073 [grpc-default-executor-2] INFO  impl.RoleInfo (RoleInfo.java:updateAndGet(143)) - f4c54511-b161-4347-aec5-5236dc80a0d8: start FollowerState
2019-10-16 18:02:23,097 [bf55b3f9-6b09-4365-9d71-55289e083fa5@group-EFD1D20A002C-LeaderElection679] INFO  impl.LeaderElection (LeaderElection.java:logAndReturn(56)) - bf55b3f9-6b09-4365-9d71-55289e083fa5@group-EFD1D20A002C-LeaderElection679: Election REJECTED; received 2 response(s) [bf55b3f9-6b09-4365-9d71-55289e083fa5<-f4c54511-b161-4347-aec5-5236dc80a0d8#0:FAIL-t796, bf55b3f9-6b09-4365-9d71-55289e083fa5<-907b9765-214b-4864-b66a-d6e2a5789e5c#0:FAIL-t796] and 0 exception(s); bf55b3f9-6b09-4365-9d71-55289e083fa5@group-EFD1D20A002C:t796, leader=null, voted=bf55b3f9-6b09-4365-9d71-55289e083fa5, raftlog=bf55b3f9-6b09-4365-9d71-55289e083fa5@group-EFD1D20A002C-SegmentedRaftLog:OPENED:c-1,f-1,i0, conf=-1: [f4c54511-b161-4347-aec5-5236dc80a0d8:0.0.0.0:41238, 907b9765-214b-4864-b66a-d6e2a5789e5c:0.0.0.0:41650, bf55b3f9-6b09-4365-9d71-55289e083fa5:0.0.0.0:42441], old=null
2019-10-16 18:02:23,097 [bf55b3f9-6b09-4365-9d71-55289e083fa5@group-EFD1D20A002C-LeaderElection679] INFO  impl.RaftServerImpl (RaftServerImpl.java:setRole(184)) - bf55b3f9-6b09-4365-9d71-55289e083fa5@group-EFD1D20A002C: changes role from CANDIDATE to FOLLOWER at term 796 for DISCOVERED_A_NEW_TERM
2019-10-16 18:02:23,097 [bf55b3f9-6b09-4365-9d71-55289e083fa5@group-EFD1D20A002C-LeaderElection679] INFO  impl.RoleInfo (RoleInfo.java:shutdownLeaderElection(134)) - bf55b3f9-6b09-4365-9d71-55289e083fa5: shutdown LeaderElection
2019-10-16 18:02:23,097 [bf55b3f9-6b09-4365-9d71-55289e083fa5@group-EFD1D20A002C-LeaderElection679] INFO  impl.RoleInfo (RoleInfo.java:updateAndGet(143)) - bf55b3f9-6b09-4365-9d71-55289e083fa5: start FollowerState
2019-10-16 18:02:23,198 [Thread-4811] INFO  impl.FollowerState (FollowerState.java:run(108)) - bf55b3f9-6b09-4365-9d71-55289e083fa5@group-EFD1D20A002C-FollowerState: change to CANDIDATE, lastRpcTime:101ms, electionTimeout:101ms
2019-10-16 18:02:23,199 [Thread-4811] INFO  impl.RoleInfo (RoleInfo.java:shutdownFollowerState(121)) - bf55b3f9-6b09-4365-9d71-55289e083fa5: shutdown FollowerState
2019-10-16 18:02:23,199 [Thread-4811] INFO  impl.RaftServerImpl (RaftServerImpl.java:setRole(184)) - bf55b3f9-6b09-4365-9d71-55289e083fa5@group-EFD1D20A002C: changes role from  FOLLOWER to CANDIDATE at term 796 for changeToCandidate
2019-10-16 18:02:23,199 [Thread-4811] INFO  impl.RoleInfo (RoleInfo.java:updateAndGet(143)) - bf55b3f9-6b09-4365-9d71-55289e083fa5: start LeaderElection
2019-10-16 18:02:23,222 [bf55b3f9-6b09-4365-9d71-55289e083fa5@group-EFD1D20A002C-LeaderElection680] INFO  impl.LeaderElection (LeaderElection.java:askForVotes(178)) - bf55b3f9-6b09-4365-9d71-55289e083fa5@group-EFD1D20A002C-LeaderElection680: begin an election at term 797 for -1: [f4c54511-b161-4347-aec5-5236dc80a0d8:0.0.0.0:41238, 907b9765-214b-4864-b66a-d6e2a5789e5c:0.0.0.0:41650, bf55b3f9-6b09-4365-9d71-55289e083fa5:0.0.0.0:42441], old=null
2019-10-16 18:02:23,224 [grpc-default-executor-2] INFO  impl.RaftServerImpl (RaftServerImpl.java:setRole(184)) - f4c54511-b161-4347-aec5-5236dc80a0d8@group-EFD1D20A002C: changes role from  FOLLOWER to FOLLOWER at term 797 for recognizeCandidate:bf55b3f9-6b09-4365-9d71-55289e083fa5
2019-10-16 18:02:23,224 [grpc-default-executor-2] INFO  impl.RoleInfo (RoleInfo.java:shutdownFollowerState(121)) - f4c54511-b161-4347-aec5-5236dc80a0d8: shutdown FollowerState
2019-10-16 18:02:23,224 [grpc-default-executor-0] INFO  impl.RaftServerImpl (RaftServerImpl.java:setRole(184)) - 907b9765-214b-4864-b66a-d6e2a5789e5c@group-EFD1D20A002C: changes role from  FOLLOWER to FOLLOWER at term 797 for recognizeCandidate:bf55b3f9-6b09-4365-9d71-55289e083fa5
2019-10-16 18:02:23,224 [Thread-4810] INFO  impl.FollowerState (FollowerState.java:run(117)) - f4c54511-b161-4347-aec5-5236dc80a0d8@group-EFD1D20A002C-FollowerState was interrupted: java.lang.InterruptedException: sleep interrupted
2019-10-16 18:02:23,224 [grpc-default-executor-2] INFO  impl.RoleInfo (RoleInfo.java:updateAndGet(143)) - f4c54511-b161-4347-aec5-5236dc80a0d8: start FollowerState
2019-10-16 18:02:23,225 [grpc-default-executor-0] INFO  impl.RoleInfo (RoleInfo.java:shutdownFollowerState(121)) - 907b9765-214b-4864-b66a-d6e2a5789e5c: shutdown FollowerState
2019-10-16 18:02:23,225 [grpc-default-executor-0] INFO  impl.RoleInfo (RoleInfo.java:updateAndGet(143)) - 907b9765-214b-4864-b66a-d6e2a5789e5c: start FollowerState
2019-10-16 18:02:23,225 [Thread-4809] INFO  impl.FollowerState (FollowerState.java:run(117)) - 907b9765-214b-4864-b66a-d6e2a5789e5c@group-EFD1D20A002C-FollowerState was interrupted: java.lang.InterruptedException: sleep interrupted
2019-10-16 18:02:23,249 [bf55b3f9-6b09-4365-9d71-55289e083fa5@group-EFD1D20A002C-LeaderElection680] INFO  impl.LeaderElection (LeaderElection.java:logAndReturn(56)) - bf55b3f9-6b09-4365-9d71-55289e083fa5@group-EFD1D20A002C-LeaderElection680: Election REJECTED; received 2 response(s) [bf55b3f9-6b09-4365-9d71-55289e083fa5<-f4c54511-b161-4347-aec5-5236dc80a0d8#0:FAIL-t797, bf55b3f9-6b09-4365-9d71-55289e083fa5<-907b9765-214b-4864-b66a-d6e2a5789e5c#0:FAIL-t797] and 0 exception(s); bf55b3f9-6b09-4365-9d71-55289e083fa5@group-EFD1D20A002C:t797, leader=null, voted=bf55b3f9-6b09-4365-9d71-55289e083fa5, raftlog=bf55b3f9-6b09-4365-9d71-55289e083fa5@group-EFD1D20A002C-SegmentedRaftLog:OPENED:c-1,f-1,i0, conf=-1: [f4c54511-b161-4347-aec5-5236dc80a0d8:0.0.0.0:41238, 907b9765-214b-4864-b66a-d6e2a5789e5c:0.0.0.0:41650, bf55b3f9-6b09-4365-9d71-55289e083fa5:0.0.0.0:42441], old=null
2019-10-16 18:02:23,250 [bf55b3f9-6b09-4365-9d71-55289e083fa5@group-EFD1D20A002C-LeaderElection680] INFO  impl.RaftServerImpl (RaftServerImpl.java:setRole(184)) - bf55b3f9-6b09-4365-9d71-55289e083fa5@group-EFD1D20A002C: changes role from CANDIDATE to FOLLOWER at term 797 for DISCOVERED_A_NEW_TERM
2019-10-16 18:02:23,250 [bf55b3f9-6b09-4365-9d71-55289e083fa5@group-EFD1D20A002C-LeaderElection680] INFO  impl.RoleInfo (RoleInfo.java:shutdownLeaderElection(134)) - bf55b3f9-6b09-4365-9d71-55289e083fa5: shutdown LeaderElection
2019-10-16 18:02:23,250 [bf55b3f9-6b09-4365-9d71-55289e083fa5@group-EFD1D20A002C-LeaderElection680] INFO  impl.RoleInfo (RoleInfo.java:updateAndGet(143)) - bf55b3f9-6b09-4365-9d71-55289e083fa5: start FollowerState
2019-10-16 18:02:23,402 [Thread-4817] INFO  impl.FollowerState (FollowerState.java:run(108)) - bf55b3f9-6b09-4365-9d71-55289e083fa5@group-EFD1D20A002C-FollowerState: change to CANDIDATE, lastRpcTime:152ms, electionTimeout:152ms
2019-10-16 18:02:23,402 [Thread-4817] INFO  impl.RoleInfo (RoleInfo.java:shutdownFollowerState(121)) - bf55b3f9-6b09-4365-9d71-55289e083fa5: shutdown FollowerState
2019-10-16 18:02:23,403 [Thread-4817] INFO  impl.RaftServerImpl (RaftServerImpl.java:setRole(184)) - bf55b3f9-6b09-4365-9d71-55289e083fa5@group-EFD1D20A002C: changes role from  FOLLOWER to CANDIDATE at term 797 for changeToCandidate
2019-10-16 18:02:23,403 [Thread-4817] INFO  impl.RoleInfo (RoleInfo.java:updateAndGet(143)) - bf55b3f9-6b09-4365-9d71-55289e083fa5: start LeaderElection
2019-10-16 18:02:23,433 [bf55b3f9-6b09-4365-9d71-55289e083fa5@group-EFD1D20A002C-LeaderElection681] INFO  impl.LeaderElection (LeaderElection.java:askForVotes(178)) - bf55b3f9-6b09-4365-9d71-55289e083fa5@group-EFD1D20A002C-LeaderElection681: begin an election at term 798 for -1: [f4c54511-b161-4347-aec5-5236dc80a0d8:0.0.0.0:41238, 907b9765-214b-4864-b66a-d6e2a5789e5c:0.0.0.0:41650, bf55b3f9-6b09-4365-9d71-55289e083fa5:0.0.0.0:42441], old=null
2019-10-16 18:02:23,436 [grpc-default-executor-2] INFO  impl.RaftServerImpl (RaftServerImpl.java:setRole(184)) - 907b9765-214b-4864-b66a-d6e2a5789e5c@group-EFD1D20A002C: changes role from  FOLLOWER to FOLLOWER at term 798 for recognizeCandidate:bf55b3f9-6b09-4365-9d71-55289e083fa5
2019-10-16 18:02:23,436 [grpc-default-executor-2] INFO  impl.RoleInfo (RoleInfo.java:shutdownFollowerState(121)) - 907b9765-214b-4864-b66a-d6e2a5789e5c: shutdown FollowerState
2019-10-16 18:02:23,436 [grpc-default-executor-0] INFO  impl.RaftServerImpl (RaftServerImpl.java:setRole(184)) - f4c54511-b161-4347-aec5-5236dc80a0d8@group-EFD1D20A002C: changes role from  FOLLOWER to FOLLOWER at term 798 for recognizeCandidate:bf55b3f9-6b09-4365-9d71-55289e083fa5
2019-10-16 18:02:23,436 [grpc-default-executor-0] INFO  impl.RoleInfo (RoleInfo.java:shutdownFollowerState(121)) - f4c54511-b161-4347-aec5-5236dc80a0d8: shutdown FollowerState
2019-10-16 18:02:23,436 [Thread-4816] INFO  impl.FollowerState (FollowerState.java:run(117)) - 907b9765-214b-4864-b66a-d6e2a5789e5c@group-EFD1D20A002C-FollowerState was interrupted: java.lang.InterruptedException: sleep interrupted
2019-10-16 18:02:23,436 [grpc-default-executor-2] INFO  impl.RoleInfo (RoleInfo.java:updateAndGet(143)) - 907b9765-214b-4864-b66a-d6e2a5789e5c: start FollowerState
2019-10-16 18:02:23,436 [Thread-4815] INFO  impl.FollowerState (FollowerState.java:run(117)) - f4c54511-b161-4347-aec5-5236dc80a0d8@group-EFD1D20A002C-FollowerState was interrupted: java.lang.InterruptedException: sleep interrupted
2019-10-16 18:02:23,436 [grpc-default-executor-0] INFO  impl.RoleInfo (RoleInfo.java:updateAndGet(143)) - f4c54511-b161-4347-aec5-5236dc80a0d8: start FollowerState
2019-10-16 18:02:23,459 [bf55b3f9-6b09-4365-9d71-55289e083fa5@group-EFD1D20A002C-LeaderElection681] INFO  impl.LeaderElection (LeaderElection.java:logAndReturn(56)) - bf55b3f9-6b09-4365-9d71-55289e083fa5@group-EFD1D20A002C-LeaderElection681: Election REJECTED; received 2 response(s) [bf55b3f9-6b09-4365-9d71-55289e083fa5<-f4c54511-b161-4347-aec5-5236dc80a0d8#0:FAIL-t798, bf55b3f9-6b09-4365-9d71-55289e083fa5<-907b9765-214b-4864-b66a-d6e2a5789e5c#0:FAIL-t798] and 0 exception(s); bf55b3f9-6b09-4365-9d71-55289e083fa5@group-EFD1D20A002C:t798, leader=null, voted=bf55b3f9-6b09-4365-9d71-55289e083fa5, raftlog=bf55b3f9-6b09-4365-9d71-55289e083fa5@group-EFD1D20A002C-SegmentedRaftLog:OPENED:c-1,f-1,i0, conf=-1: [f4c54511-b161-4347-aec5-5236dc80a0d8:0.0.0.0:41238, 907b9765-214b-4864-b66a-d6e2a5789e5c:0.0.0.0:41650, bf55b3f9-6b09-4365-9d71-55289e083fa5:0.0.0.0:42441], old=null
2019-10-16 18:02:23,459 [bf55b3f9-6b09-4365-9d71-55289e083fa5@group-EFD1D20A002C-LeaderElection681] INFO  impl.RaftServerImpl (RaftServerImpl.java:setRole(184)) - bf55b3f9-6b09-4365-9d71-55289e083fa5@group-EFD1D20A002C: changes role from CANDIDATE to FOLLOWER at term 798 for DISCOVERED_A_NEW_TERM
2019-10-16 18:02:23,459 [bf55b3f9-6b09-4365-9d71-55289e083fa5@group-EFD1D20A002C-LeaderElection681] INFO  impl.RoleInfo (RoleInfo.java:shutdownLeaderElection(134)) - bf55b3f9-6b09-4365-9d71-55289e083fa5: shutdown LeaderElection
2019-10-16 18:02:23,460 [bf55b3f9-6b09-4365-9d71-55289e083fa5@group-EFD1D20A002C-LeaderElection681] INFO  impl.RoleInfo (RoleInfo.java:updateAndGet(143)) - bf55b3f9-6b09-4365-9d71-55289e083fa5: start FollowerState
2019-10-16 18:02:23,589 [Thread-4823] INFO  impl.FollowerState (FollowerState.java:run(108)) - bf55b3f9-6b09-4365-9d71-55289e083fa5@group-EFD1D20A002C-FollowerState: change to CANDIDATE, lastRpcTime:129ms, electionTimeout:129ms
2019-10-16 18:02:23,589 [Thread-4823] INFO  impl.RoleInfo (RoleInfo.java:shutdownFollowerState(121)) - bf55b3f9-6b09-4365-9d71-55289e083fa5: shutdown FollowerState
2019-10-16 18:02:23,589 [Thread-4823] INFO  impl.RaftServerImpl (RaftServerImpl.java:setRole(184)) - bf55b3f9-6b09-4365-9d71-55289e083fa5@group-EFD1D20A002C: changes role from  FOLLOWER to CANDIDATE at term 798 for changeToCandidate
2019-10-16 18:02:23,589 [Thread-4823] INFO  impl.RoleInfo (RoleInfo.java:updateAndGet(143)) - bf55b3f9-6b09-4365-9d71-55289e083fa5: start LeaderElection
2019-10-16 18:02:23,618 [bf55b3f9-6b09-4365-9d71-55289e083fa5@group-EFD1D20A002C-LeaderElection682] INFO  impl.LeaderElection (LeaderElection.java:askForVotes(178)) - bf55b3f9-6b09-4365-9d71-55289e083fa5@group-EFD1D20A002C-LeaderElection682: begin an election at term 799 for -1: [f4c54511-b161-4347-aec5-5236dc80a0d8:0.0.0.0:41238, 907b9765-214b-4864-b66a-d6e2a5789e5c:0.0.0.0:41650, bf55b3f9-6b09-4365-9d71-55289e083fa5:0.0.0.0:42441], old=null
2019-10-16 18:02:23,620 [grpc-default-executor-2] INFO  impl.RaftServerImpl (RaftServerImpl.java:setRole(184)) - f4c54511-b161-4347-aec5-5236dc80a0d8@group-EFD1D20A002C: changes role from  FOLLOWER to FOLLOWER at term 799 for recognizeCandidate:bf55b3f9-6b09-4365-9d71-55289e083fa5
2019-10-16 18:02:23,620 [grpc-default-executor-0] INFO  impl.RaftServerImpl (RaftServerImpl.java:setRole(184)) - 907b9765-214b-4864-b66a-d6e2a5789e5c@group-EFD1D20A002C: changes role from  FOLLOWER to FOLLOWER at term 799 for recognizeCandidate:bf55b3f9-6b09-4365-9d71-55289e083fa5
2019-10-16 18:02:23,621 [grpc-default-executor-0] INFO  impl.RoleInfo (RoleInfo.java:shutdownFollowerState(121)) - 907b9765-214b-4864-b66a-d6e2a5789e5c: shutdown FollowerState
2019-10-16 18:02:23,620 [grpc-default-executor-2] INFO  impl.RoleInfo (RoleInfo.java:shutdownFollowerState(121)) - f4c54511-b161-4347-aec5-5236dc80a0d8: shutdown FollowerState
2019-10-16 18:02:23,621 [Thread-4821] INFO  impl.FollowerState (FollowerState.java:run(117)) - 907b9765-214b-4864-b66a-d6e2a5789e5c@group-EFD1D20A002C-FollowerState was interrupted: java.lang.InterruptedException: sleep interrupted
2019-10-16 18:02:23,621 [Thread-4822] INFO  impl.FollowerState (FollowerState.java:run(117)) - f4c54511-b161-4347-aec5-5236dc80a0d8@group-EFD1D20A002C-FollowerState was interrupted: java.lang.InterruptedException: sleep interrupted
2019-10-16 18:02:23,621 [grpc-default-executor-0] INFO  impl.RoleInfo (RoleInfo.java:updateAndGet(143)) - 907b9765-214b-4864-b66a-d6e2a5789e5c: start FollowerState
2019-10-16 18:02:23,621 [grpc-default-executor-2] INFO  impl.RoleInfo (RoleInfo.java:updateAndGet(143)) - f4c54511-b161-4347-aec5-5236dc80a0d8: start FollowerState
2019-10-16 18:02:23,653 [bf55b3f9-6b09-4365-9d71-55289e083fa5@group-EFD1D20A002C-LeaderElection682] INFO  impl.LeaderElection (LeaderElection.java:logAndReturn(56)) - bf55b3f9-6b09-4365-9d71-55289e083fa5@group-EFD1D20A002C-LeaderElection682: Election REJECTED; received 2 response(s) [bf55b3f9-6b09-4365-9d71-55289e083fa5<-f4c54511-b161-4347-aec5-5236dc80a0d8#0:FAIL-t799, bf55b3f9-6b09-4365-9d71-55289e083fa5<-907b9765-214b-4864-b66a-d6e2a5789e5c#0:FAIL-t799] and 0 exception(s); bf55b3f9-6b09-4365-9d71-55289e083fa5@group-EFD1D20A002C:t799, leader=null, voted=bf55b3f9-6b09-4365-9d71-55289e083fa5, raftlog=bf55b3f9-6b09-4365-9d71-55289e083fa5@group-EFD1D20A002C-SegmentedRaftLog:OPENED:c-1,f-1,i0, conf=-1: [f4c54511-b161-4347-aec5-5236dc80a0d8:0.0.0.0:41238, 907b9765-214b-4864-b66a-d6e2a5789e5c:0.0.0.0:41650, bf55b3f9-6b09-4365-9d71-55289e083fa5:0.0.0.0:42441], old=null
2019-10-16 18:02:23,653 [bf55b3f9-6b09-4365-9d71-55289e083fa5@group-EFD1D20A002C-LeaderElection682] INFO  impl.RaftServerImpl (RaftServerImpl.java:setRole(184)) - bf55b3f9-6b09-4365-9d71-55289e083fa5@group-EFD1D20A002C: changes role from CANDIDATE to FOLLOWER at term 799 for DISCOVERED_A_NEW_TERM
2019-10-16 18:02:23,654 [bf55b3f9-6b09-4365-9d71-55289e083fa5@group-EFD1D20A002C-LeaderElection682] INFO  impl.RoleInfo (RoleInfo.java:shutdownLeaderElection(134)) - bf55b3f9-6b09-4365-9d71-55289e083fa5: shutdown LeaderElection
2019-10-16 18:02:23,654 [bf55b3f9-6b09-4365-9d71-55289e083fa5@group-EFD1D20A002C-LeaderElection682] INFO  impl.RoleInfo (RoleInfo.java:updateAndGet(143)) - bf55b3f9-6b09-4365-9d71-55289e083fa5: start FollowerState
2019-10-16 18:02:23,728 [Thread-4831] INFO  impl.FollowerState (FollowerState.java:run(108)) - bf55b3f9-6b09-4365-9d71-55289e083fa5@group-EFD1D20A002C-FollowerState: change to CANDIDATE, lastRpcTime:74ms, electionTimeout:74ms
2019-10-16 18:02:23,728 [Thread-4831] INFO  impl.RoleInfo (RoleInfo.java:shutdownFollowerState(121)) - bf55b3f9-6b09-4365-9d71-55289e083fa5: shutdown FollowerState
2019-10-16 18:02:23,728 [Thread-4831] INFO  impl.RaftServerImpl (RaftServerImpl.java:setRole(184)) - bf55b3f9-6b09-4365-9d71-55289e083fa5@group-EFD1D20A002C: changes role from  FOLLOWER to CANDIDATE at term 799 for changeToCandidate
2019-10-16 18:02:23,729 [Thread-4831] INFO  impl.RoleInfo (RoleInfo.java:updateAndGet(143)) - bf55b3f9-6b09-4365-9d71-55289e083fa5: start LeaderElection
2019-10-16 18:02:23,753 [bf55b3f9-6b09-4365-9d71-55289e083fa5@group-EFD1D20A002C-LeaderElection683] INFO  impl.LeaderElection (LeaderElection.java:askForVotes(178)) - bf55b3f9-6b09-4365-9d71-55289e083fa5@group-EFD1D20A002C-LeaderElection683: begin an election at term 800 for -1: [f4c54511-b161-4347-aec5-5236dc80a0d8:0.0.0.0:41238, 907b9765-214b-4864-b66a-d6e2a5789e5c:0.0.0.0:41650, bf55b3f9-6b09-4365-9d71-55289e083fa5:0.0.0.0:42441], old=null
2019-10-16 18:02:23,755 [grpc-default-executor-0] INFO  impl.RaftServerImpl (RaftServerImpl.java:setRole(184)) - f4c54511-b161-4347-aec5-5236dc80a0d8@group-EFD1D20A002C: changes role from  FOLLOWER to FOLLOWER at term 800 for recognizeCandidate:bf55b3f9-6b09-4365-9d71-55289e083fa5
2019-10-16 18:02:23,755 [grpc-default-executor-2] INFO  impl.RaftServerImpl (RaftServerImpl.java:setRole(184)) - 907b9765-214b-4864-b66a-d6e2a5789e5c@group-EFD1D20A002C: changes role from  FOLLOWER to FOLLOWER at term 800 for recognizeCandidate:bf55b3f9-6b09-4365-9d71-55289e083fa5
2019-10-16 18:02:23,755 [grpc-default-executor-2] INFO  impl.RoleInfo (RoleInfo.java:shutdownFollowerState(121)) - 907b9765-214b-4864-b66a-d6e2a5789e5c: shutdown FollowerState
2019-10-16 18:02:23,755 [grpc-default-executor-0] INFO  impl.RoleInfo (RoleInfo.java:shutdownFollowerState(121)) - f4c54511-b161-4347-aec5-5236dc80a0d8: shutdown FollowerState
2019-10-16 18:02:23,756 [Thread-4829] INFO  impl.FollowerState (FollowerState.java:run(117)) - 907b9765-214b-4864-b66a-d6e2a5789e5c@group-EFD1D20A002C-FollowerState was interrupted: java.lang.InterruptedException: sleep interrupted
2019-10-16 18:02:23,755 [grpc-default-executor-2] INFO  impl.RoleInfo (RoleInfo.java:updateAndGet(143)) - 907b9765-214b-4864-b66a-d6e2a5789e5c: start FollowerState
2019-10-16 18:02:23,756 [Thread-4830] INFO  impl.FollowerState (FollowerState.java:run(117)) - f4c54511-b161-4347-aec5-5236dc80a0d8@group-EFD1D20A002C-FollowerState was interrupted: java.lang.InterruptedException: sleep interrupted
2019-10-16 18:02:23,756 [grpc-default-executor-0] INFO  impl.RoleInfo (RoleInfo.java:updateAndGet(143)) - f4c54511-b161-4347-aec5-5236dc80a0d8: start FollowerState
2019-10-16 18:02:23,779 [bf55b3f9-6b09-4365-9d71-55289e083fa5@group-EFD1D20A002C-LeaderElection683] INFO  impl.LeaderElection (LeaderElection.java:logAndReturn(56)) - bf55b3f9-6b09-4365-9d71-55289e083fa5@group-EFD1D20A002C-LeaderElection683: Election REJECTED; received 2 response(s) [bf55b3f9-6b09-4365-9d71-55289e083fa5<-f4c54511-b161-4347-aec5-5236dc80a0d8#0:FAIL-t800, bf55b3f9-6b09-4365-9d71-55289e083fa5<-907b9765-214b-4864-b66a-d6e2a5789e5c#0:FAIL-t800] and 0 exception(s); bf55b3f9-6b09-4365-9d71-55289e083fa5@group-EFD1D20A002C:t800, leader=null, voted=bf55b3f9-6b09-4365-9d71-55289e083fa5, raftlog=bf55b3f9-6b09-4365-9d71-55289e083fa5@group-EFD1D20A002C-SegmentedRaftLog:OPENED:c-1,f-1,i0, conf=-1: [f4c54511-b161-4347-aec5-5236dc80a0d8:0.0.0.0:41238, 907b9765-214b-4864-b66a-d6e2a5789e5c:0.0.0.0:41650, bf55b3f9-6b09-4365-9d71-55289e083fa5:0.0.0.0:42441], old=null
2019-10-16 18:02:23,780 [bf55b3f9-6b09-4365-9d71-55289e083fa5@group-EFD1D20A002C-LeaderElection683] INFO  impl.RaftServerImpl (RaftServerImpl.java:setRole(184)) - bf55b3f9-6b09-4365-9d71-55289e083fa5@group-EFD1D20A002C: changes role from CANDIDATE to FOLLOWER at term 800 for DISCOVERED_A_NEW_TERM
2019-10-16 18:02:23,780 [bf55b3f9-6b09-4365-9d71-55289e083fa5@group-EFD1D20A002C-LeaderElection683] INFO  impl.RoleInfo (RoleInfo.java:shutdownLeaderElection(134)) - bf55b3f9-6b09-4365-9d71-55289e083fa5: shutdown LeaderElection
2019-10-16 18:02:23,780 [bf55b3f9-6b09-4365-9d71-55289e083fa5@group-EFD1D20A002C-LeaderElection683] INFO  impl.RoleInfo (RoleInfo.java:updateAndGet(143)) - bf55b3f9-6b09-4365-9d71-55289e083fa5: start FollowerState
2019-10-16 18:02:23,824 [Thread-4837] INFO  impl.FollowerState (FollowerState.java:run(108)) - bf55b3f9-6b09-4365-9d71-55289e083fa5@group-EFD1D20A002C-FollowerState: change to CANDIDATE, lastRpcTime:44ms, electionTimeout:44ms
2019-10-16 18:02:23,824 [Thread-4837] INFO  impl.RoleInfo (RoleInfo.java:shutdownFollowerState(121)) - bf55b3f9-6b09-4365-9d71-55289e083fa5: shutdown FollowerState
2019-10-16 18:02:23,824 [Thread-4837] INFO  impl.RaftServerImpl (RaftServerImpl.java:setRole(184)) - bf55b3f9-6b09-4365-9d71-55289e083fa5@group-EFD1D20A002C: changes role from  FOLLOWER to CANDIDATE at term 800 for changeToCandidate
2019-10-16 18:02:23,825 [Thread-4837] INFO  impl.RoleInfo (RoleInfo.java:updateAndGet(143)) - bf55b3f9-6b09-4365-9d71-55289e083fa5: start LeaderElection
2019-10-16 18:02:23,838 [bf55b3f9-6b09-4365-9d71-55289e083fa5@group-EFD1D20A002C-LeaderElection684] INFO  impl.LeaderElection (LeaderElection.java:askForVotes(178)) - bf55b3f9-6b09-4365-9d71-55289e083fa5@group-EFD1D20A002C-LeaderElection684: begin an election at term 801 for -1: [f4c54511-b161-4347-aec5-5236dc80a0d8:0.0.0.0:41238, 907b9765-214b-4864-b66a-d6e2a5789e5c:0.0.0.0:41650, bf55b3f9-6b09-4365-9d71-55289e083fa5:0.0.0.0:42441], old=null
2019-10-16 18:02:23,840 [grpc-default-executor-2] INFO  impl.RaftServerImpl (RaftServerImpl.java:setRole(184)) - 907b9765-214b-4864-b66a-d6e2a5789e5c@group-EFD1D20A002C: changes role from  FOLLOWER to FOLLOWER at term 801 for recognizeCandidate:bf55b3f9-6b09-4365-9d71-55289e083fa5
2019-10-16 18:02:23,840 [grpc-default-executor-0] INFO  impl.RaftServerImpl (RaftServerImpl.java:setRole(184)) - f4c54511-b161-4347-aec5-5236dc80a0d8@group-EFD1D20A002C: changes role from  FOLLOWER to FOLLOWER at term 801 for recognizeCandidate:bf55b3f9-6b09-4365-9d71-55289e083fa5
2019-10-16 18:02:23,840 [grpc-default-executor-0] INFO  impl.RoleInfo (RoleInfo.java:shutdownFollowerState(121)) - f4c54511-b161-4347-aec5-5236dc80a0d8: shutdown FollowerState
2019-10-16 18:02:23,840 [grpc-default-executor-2] INFO  impl.RoleInfo (RoleInfo.java:shutdownFollowerState(121)) - 907b9765-214b-4864-b66a-d6e2a5789e5c: shutdown FollowerState
2019-10-16 18:02:23,840 [Thread-4836] INFO  impl.FollowerState (FollowerState.java:run(117)) - f4c54511-b161-4347-aec5-5236dc80a0d8@group-EFD1D20A002C-FollowerState was interrupted: java.lang.InterruptedException: sleep interrupted
2019-10-16 18:02:23,840 [grpc-default-executor-0] INFO  impl.RoleInfo (RoleInfo.java:updateAndGet(143)) - f4c54511-b161-4347-aec5-5236dc80a0d8: start FollowerState
2019-10-16 18:02:23,840 [Thread-4835] INFO  impl.FollowerState (FollowerState.java:run(117)) - 907b9765-214b-4864-b66a-d6e2a5789e5c@group-EFD1D20A002C-FollowerState was interrupted: java.lang.InterruptedException: sleep interrupted
2019-10-16 18:02:23,840 [grpc-default-executor-2] INFO  impl.RoleInfo (RoleInfo.java:updateAndGet(143)) - 907b9765-214b-4864-b66a-d6e2a5789e5c: start FollowerState
2019-10-16 18:02:23,864 [bf55b3f9-6b09-4365-9d71-55289e083fa5@group-EFD1D20A002C-LeaderElection684] INFO  impl.LeaderElection (LeaderElection.java:logAndReturn(56)) - bf55b3f9-6b09-4365-9d71-55289e083fa5@group-EFD1D20A002C-LeaderElection684: Election REJECTED; received 2 response(s) [bf55b3f9-6b09-4365-9d71-55289e083fa5<-f4c54511-b161-4347-aec5-5236dc80a0d8#0:FAIL-t801, bf55b3f9-6b09-4365-9d71-55289e083fa5<-907b9765-214b-4864-b66a-d6e2a5789e5c#0:FAIL-t801] and 0 exception(s); bf55b3f9-6b09-4365-9d71-55289e083fa5@group-EFD1D20A002C:t801, leader=null, voted=bf55b3f9-6b09-4365-9d71-55289e083fa5, raftlog=bf55b3f9-6b09-4365-9d71-55289e083fa5@group-EFD1D20A002C-SegmentedRaftLog:OPENED:c-1,f-1,i0, conf=-1: [f4c54511-b161-4347-aec5-5236dc80a0d8:0.0.0.0:41238, 907b9765-214b-4864-b66a-d6e2a5789e5c:0.0.0.0:41650, bf55b3f9-6b09-4365-9d71-55289e083fa5:0.0.0.0:42441], old=null
2019-10-16 18:02:23,864 [bf55b3f9-6b09-4365-9d71-55289e083fa5@group-EFD1D20A002C-LeaderElection684] INFO  impl.RaftServerImpl (RaftServerImpl.java:setRole(184)) - bf55b3f9-6b09-4365-9d71-55289e083fa5@group-EFD1D20A002C: changes role from CANDIDATE to FOLLOWER at term 801 for DISCOVERED_A_NEW_TERM
2019-10-16 18:02:23,865 [bf55b3f9-6b09-4365-9d71-55289e083fa5@group-EFD1D20A002C-LeaderElection684] INFO  impl.RoleInfo (RoleInfo.java:shutdownLeaderElection(134)) - bf55b3f9-6b09-4365-9d71-55289e083fa5: shutdown LeaderElection
2019-10-16 18:02:23,865 [bf55b3f9-6b09-4365-9d71-55289e083fa5@group-EFD1D20A002C-LeaderElection684] INFO  impl.RoleInfo (RoleInfo.java:updateAndGet(143)) - bf55b3f9-6b09-4365-9d71-55289e083fa5: start FollowerState
2019-10-16 18:02:23,996 [Thread-4843] INFO  impl.FollowerState (FollowerState.java:run(108)) - bf55b3f9-6b09-4365-9d71-55289e083fa5@group-EFD1D20A002C-FollowerState: change to CANDIDATE, lastRpcTime:131ms, electionTimeout:131ms
2019-10-16 18:02:23,996 [Thread-4843] INFO  impl.RoleInfo (RoleInfo.java:shutdownFollowerState(121)) - bf55b3f9-6b09-4365-9d71-55289e083fa5: shutdown FollowerState
2019-10-16 18:02:23,996 [Thread-4843] INFO  impl.RaftServerImpl (RaftServerImpl.java:setRole(184)) - bf55b3f9-6b09-4365-9d71-55289e083fa5@group-EFD1D20A002C: changes role from  FOLLOWER to CANDIDATE at term 801 for changeToCandidate
2019-10-16 18:02:23,997 [Thread-4843] INFO  impl.RoleInfo (RoleInfo.java:updateAndGet(143)) - bf55b3f9-6b09-4365-9d71-55289e083fa5: start LeaderElection
2019-10-16 18:02:24,015 [bf55b3f9-6b09-4365-9d71-55289e083fa5@group-EFD1D20A002C-LeaderElection685] INFO  impl.LeaderElection (LeaderElection.java:askForVotes(178)) - bf55b3f9-6b09-4365-9d71-55289e083fa5@group-EFD1D20A002C-LeaderElection685: begin an election at term 802 for -1: [f4c54511-b161-4347-aec5-5236dc80a0d8:0.0.0.0:41238, 907b9765-214b-4864-b66a-d6e2a5789e5c:0.0.0.0:41650, bf55b3f9-6b09-4365-9d71-55289e083fa5:0.0.0.0:42441], old=null
2019-10-16 18:02:24,017 [grpc-default-executor-2] INFO  impl.RaftServerImpl (RaftServerImpl.java:setRole(184)) - f4c54511-b161-4347-aec5-5236dc80a0d8@group-EFD1D20A002C: changes role from  FOLLOWER to FOLLOWER at term 802 for recognizeCandidate:bf55b3f9-6b09-4365-9d71-55289e083fa5
2019-10-16 18:02:24,017 [grpc-default-executor-0] INFO  impl.RaftServerImpl (RaftServerImpl.java:setRole(184)) - 907b9765-214b-4864-b66a-d6e2a5789e5c@group-EFD1D20A002C: changes role from  FOLLOWER to FOLLOWER at term 802 for recognizeCandidate:bf55b3f9-6b09-4365-9d71-55289e083fa5
2019-10-16 18:02:24,017 [grpc-default-executor-2] INFO  impl.RoleInfo (RoleInfo.java:shutdownFollowerState(121)) - f4c54511-b161-4347-aec5-5236dc80a0d8: shutdown FollowerState
2019-10-16 18:02:24,017 [grpc-default-executor-0] INFO  impl.RoleInfo (RoleInfo.java:shutdownFollowerState(121)) - 907b9765-214b-4864-b66a-d6e2a5789e5c: shutdown FollowerState
2019-10-16 18:02:24,017 [Thread-4841] INFO  impl.FollowerState (FollowerState.java:run(117)) - f4c54511-b161-4347-aec5-5236dc80a0d8@group-EFD1D20A002C-FollowerState was interrupted: java.lang.InterruptedException: sleep interrupted
2019-10-16 18:02:24,017 [grpc-default-executor-2] INFO  impl.RoleInfo (RoleInfo.java:updateAndGet(143)) - f4c54511-b161-4347-aec5-5236dc80a0d8: start FollowerState
2019-10-16 18:02:24,017 [Thread-4842] INFO  impl.FollowerState (FollowerState.java:run(117)) - 907b9765-214b-4864-b66a-d6e2a5789e5c@group-EFD1D20A002C-FollowerState was interrupted: java.lang.InterruptedException: sleep interrupted
2019-10-16 18:02:24,017 [grpc-default-executor-0] INFO  impl.RoleInfo (RoleInfo.java:updateAndGet(143)) - 907b9765-214b-4864-b66a-d6e2a5789e5c: start FollowerState
2019-10-16 18:02:24,041 [bf55b3f9-6b09-4365-9d71-55289e083fa5@group-EFD1D20A002C-LeaderElection685] INFO  impl.LeaderElection (LeaderElection.java:logAndReturn(56)) - bf55b3f9-6b09-4365-9d71-55289e083fa5@group-EFD1D20A002C-LeaderElection685: Election REJECTED; received 2 response(s) [bf55b3f9-6b09-4365-9d71-55289e083fa5<-f4c54511-b161-4347-aec5-5236dc80a0d8#0:FAIL-t802, bf55b3f9-6b09-4365-9d71-55289e083fa5<-907b9765-214b-4864-b66a-d6e2a5789e5c#0:FAIL-t802] and 0 exception(s); bf55b3f9-6b09-4365-9d71-55289e083fa5@group-EFD1D20A002C:t802, leader=null, voted=bf55b3f9-6b09-4365-9d71-55289e083fa5, raftlog=bf55b3f9-6b09-4365-9d71-55289e083fa5@group-EFD1D20A002C-SegmentedRaftLog:OPENED:c-1,f-1,i0, conf=-1: [f4c54511-b161-4347-aec5-5236dc80a0d8:0.0.0.0:41238, 907b9765-214b-4864-b66a-d6e2a5789e5c:0.0.0.0:41650, bf55b3f9-6b09-4365-9d71-55289e083fa5:0.0.0.0:42441], old=null
2019-10-16 18:02:24,041 [bf55b3f9-6b09-4365-9d71-55289e083fa5@group-EFD1D20A002C-LeaderElection685] INFO  impl.RaftServerImpl (RaftServerImpl.java:setRole(184)) - bf55b3f9-6b09-4365-9d71-55289e083fa5@group-EFD1D20A002C: changes role from CANDIDATE to FOLLOWER at term 802 for DISCOVERED_A_NEW_TERM
2019-10-16 18:02:24,041 [bf55b3f9-6b09-4365-9d71-55289e083fa5@group-EFD1D20A002C-LeaderElection685] INFO  impl.RoleInfo (RoleInfo.java:shutdownLeaderElection(134)) - bf55b3f9-6b09-4365-9d71-55289e083fa5: shutdown LeaderElection
2019-10-16 18:02:24,041 [bf55b3f9-6b09-4365-9d71-55289e083fa5@group-EFD1D20A002C-LeaderElection685] INFO  impl.RoleInfo (RoleInfo.java:updateAndGet(143)) - bf55b3f9-6b09-4365-9d71-55289e083fa5: start FollowerState
2019-10-16 18:02:24,183 [Thread-4849] INFO  impl.FollowerState (FollowerState.java:run(108)) - bf55b3f9-6b09-4365-9d71-55289e083fa5@group-EFD1D20A002C-FollowerState: change to CANDIDATE, lastRpcTime:141ms, electionTimeout:141ms
2019-10-16 18:02:24,183 [Thread-4849] INFO  impl.RoleInfo (RoleInfo.java:shutdownFollowerState(121)) - bf55b3f9-6b09-4365-9d71-55289e083fa5: shutdown FollowerState
2019-10-16 18:02:24,183 [Thread-4849] INFO  impl.RaftServerImpl (RaftServerImpl.java:setRole(184)) - bf55b3f9-6b09-4365-9d71-55289e083fa5@group-EFD1D20A002C: changes role from  FOLLOWER to CANDIDATE at term 802 for changeToCandidate
2019-10-16 18:02:24,183 [Thread-4849] INFO  impl.RoleInfo (RoleInfo.java:updateAndGet(143)) - bf55b3f9-6b09-4365-9d71-55289e083fa5: start LeaderElection
2019-10-16 18:02:24,209 [bf55b3f9-6b09-4365-9d71-55289e083fa5@group-EFD1D20A002C-LeaderElection686] INFO  impl.LeaderElection (LeaderElection.java:askForVotes(178)) - bf55b3f9-6b09-4365-9d71-55289e083fa5@group-EFD1D20A002C-LeaderElection686: begin an election at term 803 for -1: [f4c54511-b161-4347-aec5-5236dc80a0d8:0.0.0.0:41238, 907b9765-214b-4864-b66a-d6e2a5789e5c:0.0.0.0:41650, bf55b3f9-6b09-4365-9d71-55289e083fa5:0.0.0.0:42441], old=null
2019-10-16 18:02:24,211 [grpc-default-executor-0] INFO  impl.RaftServerImpl (RaftServerImpl.java:setRole(184)) - f4c54511-b161-4347-aec5-5236dc80a0d8@group-EFD1D20A002C: changes role from  FOLLOWER to FOLLOWER at term 803 for recognizeCandidate:bf55b3f9-6b09-4365-9d71-55289e083fa5
2019-10-16 18:02:24,211 [grpc-default-executor-2] INFO  impl.RaftServerImpl (RaftServerImpl.java:setRole(184)) - 907b9765-214b-4864-b66a-d6e2a5789e5c@group-EFD1D20A002C: changes role from  FOLLOWER to FOLLOWER at term 803 for recognizeCandidate:bf55b3f9-6b09-4365-9d71-55289e083fa5
2019-10-16 18:02:24,212 [grpc-default-executor-2] INFO  impl.RoleInfo (RoleInfo.java:shutdownFollowerState(121)) - 907b9765-214b-4864-b66a-d6e2a5789e5c: shutdown FollowerState
2019-10-16 18:02:24,212 [grpc-default-executor-2] INFO  impl.RoleInfo (RoleInfo.java:updateAndGet(143)) - 907b9765-214b-4864-b66a-d6e2a5789e5c: start FollowerState
2019-10-16 18:02:24,212 [Thread-4848] INFO  impl.FollowerState (FollowerState.java:run(117)) - 907b9765-214b-4864-b66a-d6e2a5789e5c@group-EFD1D20A002C-FollowerState was interrupted: java.lang.InterruptedException: sleep interrupted
2019-10-16 18:02:24,211 [grpc-default-executor-0] INFO  impl.RoleInfo (RoleInfo.java:shutdownFollowerState(121)) - f4c54511-b161-4347-aec5-5236dc80a0d8: shutdown FollowerState
2019-10-16 18:02:24,212 [grpc-default-executor-0] INFO  impl.RoleInfo (RoleInfo.java:updateAndGet(143)) - f4c54511-b161-4347-aec5-5236dc80a0d8: start FollowerState
2019-10-16 18:02:24,212 [Thread-4847] INFO  impl.FollowerState (FollowerState.java:run(117)) - f4c54511-b161-4347-aec5-5236dc80a0d8@group-EFD1D20A002C-FollowerState was interrupted: java.lang.InterruptedException: sleep interrupted
2019-10-16 18:02:24,235 [bf55b3f9-6b09-4365-9d71-55289e083fa5@group-EFD1D20A002C-LeaderElection686] INFO  impl.LeaderElection (LeaderElection.java:logAndReturn(56)) - bf55b3f9-6b09-4365-9d71-55289e083fa5@group-EFD1D20A002C-LeaderElection686: Election REJECTED; received 2 response(s) [bf55b3f9-6b09-4365-9d71-55289e083fa5<-f4c54511-b161-4347-aec5-5236dc80a0d8#0:FAIL-t803, bf55b3f9-6b09-4365-9d71-55289e083fa5<-907b9765-214b-4864-b66a-d6e2a5789e5c#0:FAIL-t803] and 0 exception(s); bf55b3f9-6b09-4365-9d71-55289e083fa5@group-EFD1D20A002C:t803, leader=null, voted=bf55b3f9-6b09-4365-9d71-55289e083fa5, raftlog=bf55b3f9-6b09-4365-9d71-55289e083fa5@group-EFD1D20A002C-SegmentedRaftLog:OPENED:c-1,f-1,i0, conf=-1: [f4c54511-b161-4347-aec5-5236dc80a0d8:0.0.0.0:41238, 907b9765-214b-4864-b66a-d6e2a5789e5c:0.0.0.0:41650, bf55b3f9-6b09-4365-9d71-55289e083fa5:0.0.0.0:42441], old=null
2019-10-16 18:02:24,235 [bf55b3f9-6b09-4365-9d71-55289e083fa5@group-EFD1D20A002C-LeaderElection686] INFO  impl.RaftServerImpl (RaftServerImpl.java:setRole(184)) - bf55b3f9-6b09-4365-9d71-55289e083fa5@group-EFD1D20A002C: changes role from CANDIDATE to FOLLOWER at term 803 for DISCOVERED_A_NEW_TERM
2019-10-16 18:02:24,236 [bf55b3f9-6b09-4365-9d71-55289e083fa5@group-EFD1D20A002C-LeaderElection686] INFO  impl.RoleInfo (RoleInfo.java:shutdownLeaderElection(134)) - bf55b3f9-6b09-4365-9d71-55289e083fa5: shutdown LeaderElection
2019-10-16 18:02:24,236 [bf55b3f9-6b09-4365-9d71-55289e083fa5@group-EFD1D20A002C-LeaderElection686] INFO  impl.RoleInfo (RoleInfo.java:updateAndGet(143)) - bf55b3f9-6b09-4365-9d71-55289e083fa5: start FollowerState
2019-10-16 18:02:24,372 [Thread-4855] INFO  impl.FollowerState (FollowerState.java:run(108)) - bf55b3f9-6b09-4365-9d71-55289e083fa5@group-EFD1D20A002C-FollowerState: change to CANDIDATE, lastRpcTime:136ms, electionTimeout:136ms
2019-10-16 18:02:24,372 [Thread-4855] INFO  impl.RoleInfo (RoleInfo.java:shutdownFollowerState(121)) - bf55b3f9-6b09-4365-9d71-55289e083fa5: shutdown FollowerState
2019-10-16 18:02:24,372 [Thread-4855] INFO  impl.RaftServerImpl (RaftServerImpl.java:setRole(184)) - bf55b3f9-6b09-4365-9d71-55289e083fa5@group-EFD1D20A002C: changes role from  FOLLOWER to CANDIDATE at term 803 for changeToCandidate
2019-10-16 18:02:24,372 [Thread-4855] INFO  impl.RoleInfo (RoleInfo.java:updateAndGet(143)) - bf55b3f9-6b09-4365-9d71-55289e083fa5: start LeaderElection
2019-10-16 18:02:24,518 [bf55b3f9-6b09-4365-9d71-55289e083fa5@group-EFD1D20A002C-LeaderElection687] INFO  impl.LeaderElection (LeaderElection.java:askForVotes(178)) - bf55b3f9-6b09-4365-9d71-55289e083fa5@group-EFD1D20A002C-LeaderElection687: begin an election at term 804 for -1: [f4c54511-b161-4347-aec5-5236dc80a0d8:0.0.0.0:41238, 907b9765-214b-4864-b66a-d6e2a5789e5c:0.0.0.0:41650, bf55b3f9-6b09-4365-9d71-55289e083fa5:0.0.0.0:42441], old=null
2019-10-16 18:02:24,519 [grpc-default-executor-0] INFO  impl.RaftServerImpl (RaftServerImpl.java:setRole(184)) - f4c54511-b161-4347-aec5-5236dc80a0d8@group-EFD1D20A002C: changes role from  FOLLOWER to FOLLOWER at term 804 for recognizeCandidate:bf55b3f9-6b09-4365-9d71-55289e083fa5
2019-10-16 18:02:24,519 [grpc-default-executor-0] INFO  impl.RoleInfo (RoleInfo.java:shutdownFollowerState(121)) - f4c54511-b161-4347-aec5-5236dc80a0d8: shutdown FollowerState
2019-10-16 18:02:24,519 [grpc-default-executor-2] INFO  impl.RaftServerImpl (RaftServerImpl.java:setRole(184)) - 907b9765-214b-4864-b66a-d6e2a5789e5c@group-EFD1D20A002C: changes role from  FOLLOWER to FOLLOWER at term 804 for recognizeCandidate:bf55b3f9-6b09-4365-9d71-55289e083fa5
2019-10-16 18:02:24,519 [Thread-4854] INFO  impl.FollowerState (FollowerState.java:run(117)) - f4c54511-b161-4347-aec5-5236dc80a0d8@group-EFD1D20A002C-FollowerState was interrupted: java.lang.InterruptedException: sleep interrupted
2019-10-16 18:02:24,519 [grpc-default-executor-0] INFO  impl.RoleInfo (RoleInfo.java:updateAndGet(143)) - f4c54511-b161-4347-aec5-5236dc80a0d8: start FollowerState
2019-10-16 18:02:24,519 [grpc-default-executor-2] INFO  impl.RoleInfo (RoleInfo.java:shutdownFollowerState(121)) - 907b9765-214b-4864-b66a-d6e2a5789e5c: shutdown FollowerState
2019-10-16 18:02:24,520 [grpc-default-executor-2] INFO  impl.RoleInfo (RoleInfo.java:updateAndGet(143)) - 907b9765-214b-4864-b66a-d6e2a5789e5c: start FollowerState
2019-10-16 18:02:24,520 [Thread-4853] INFO  impl.FollowerState (FollowerState.java:run(117)) - 907b9765-214b-4864-b66a-d6e2a5789e5c@group-EFD1D20A002C-FollowerState was interrupted: java.lang.InterruptedException: sleep interrupted
2019-10-16 18:02:24,571 [bf55b3f9-6b09-4365-9d71-55289e083fa5@group-EFD1D20A002C-LeaderElection687] INFO  impl.LeaderElection (LeaderElection.java:logAndReturn(56)) - bf55b3f9-6b09-4365-9d71-55289e083fa5@group-EFD1D20A002C-LeaderElection687: Election REJECTED; received 2 response(s) [bf55b3f9-6b09-4365-9d71-55289e083fa5<-f4c54511-b161-4347-aec5-5236dc80a0d8#0:FAIL-t804, bf55b3f9-6b09-4365-9d71-55289e083fa5<-907b9765-214b-4864-b66a-d6e2a5789e5c#0:FAIL-t804] and 0 exception(s); bf55b3f9-6b09-4365-9d71-55289e083fa5@group-EFD1D20A002C:t804, leader=null, voted=bf55b3f9-6b09-4365-9d71-55289e083fa5, raftlog=bf55b3f9-6b09-4365-9d71-55289e083fa5@group-EFD1D20A002C-SegmentedRaftLog:OPENED:c-1,f-1,i0, conf=-1: [f4c54511-b161-4347-aec5-5236dc80a0d8:0.0.0.0:41238, 907b9765-214b-4864-b66a-d6e2a5789e5c:0.0.0.0:41650, bf55b3f9-6b09-4365-9d71-55289e083fa5:0.0.0.0:42441], old=null
2019-10-16 18:02:24,571 [bf55b3f9-6b09-4365-9d71-55289e083fa5@group-EFD1D20A002C-LeaderElection687] INFO  impl.RaftServerImpl (RaftServerImpl.java:setRole(184)) - bf55b3f9-6b09-4365-9d71-55289e083fa5@group-EFD1D20A002C: changes role from CANDIDATE to FOLLOWER at term 804 for DISCOVERED_A_NEW_TERM
2019-10-16 18:02:24,571 [bf55b3f9-6b09-4365-9d71-55289e083fa5@group-EFD1D20A002C-LeaderElection687] INFO  impl.RoleInfo (RoleInfo.java:shutdownLeaderElection(134)) - bf55b3f9-6b09-4365-9d71-55289e083fa5: shutdown LeaderElection
2019-10-16 18:02:24,571 [bf55b3f9-6b09-4365-9d71-55289e083fa5@group-EFD1D20A002C-LeaderElection687] INFO  impl.RoleInfo (RoleInfo.java:updateAndGet(143)) - bf55b3f9-6b09-4365-9d71-55289e083fa5: start FollowerState
2019-10-16 18:02:24,748 [Thread-4863] INFO  impl.FollowerState (FollowerState.java:run(108)) - bf55b3f9-6b09-4365-9d71-55289e083fa5@group-EFD1D20A002C-FollowerState: change to CANDIDATE, lastRpcTime:176ms, electionTimeout:176ms
2019-10-16 18:02:24,748 [Thread-4863] INFO  impl.RoleInfo (RoleInfo.java:shutdownFollowerState(121)) - bf55b3f9-6b09-4365-9d71-55289e083fa5: shutdown FollowerState
2019-10-16 18:02:24,748 [Thread-4863] INFO  impl.RaftServerImpl (RaftServerImpl.java:setRole(184)) - bf55b3f9-6b09-4365-9d71-55289e083fa5@group-EFD1D20A002C: changes role from  FOLLOWER to CANDIDATE at term 804 for changeToCandidate
2019-10-16 18:02:24,748 [Thread-4863] INFO  impl.RoleInfo (RoleInfo.java:updateAndGet(143)) - bf55b3f9-6b09-4365-9d71-55289e083fa5: start LeaderElection
2019-10-16 18:02:24,771 [bf55b3f9-6b09-4365-9d71-55289e083fa5@group-EFD1D20A002C-LeaderElection688] INFO  impl.LeaderElection (LeaderElection.java:askForVotes(178)) - bf55b3f9-6b09-4365-9d71-55289e083fa5@group-EFD1D20A002C-LeaderElection688: begin an election at term 805 for -1: [f4c54511-b161-4347-aec5-5236dc80a0d8:0.0.0.0:41238, 907b9765-214b-4864-b66a-d6e2a5789e5c:0.0.0.0:41650, bf55b3f9-6b09-4365-9d71-55289e083fa5:0.0.0.0:42441], old=null
2019-10-16 18:02:24,773 [grpc-default-executor-0] INFO  impl.RaftServerImpl (RaftServerImpl.java:setRole(184)) - f4c54511-b161-4347-aec5-5236dc80a0d8@group-EFD1D20A002C: changes role from  FOLLOWER to FOLLOWER at term 805 for recognizeCandidate:bf55b3f9-6b09-4365-9d71-55289e083fa5
2019-10-16 18:02:24,773 [grpc-default-executor-0] INFO  impl.RoleInfo (RoleInfo.java:shutdownFollowerState(121)) - f4c54511-b161-4347-aec5-5236dc80a0d8: shutdown FollowerState
2019-10-16 18:02:24,773 [grpc-default-executor-2] INFO  impl.RaftServerImpl (RaftServerImpl.java:setRole(184)) - 907b9765-214b-4864-b66a-d6e2a5789e5c@group-EFD1D20A002C: changes role from  FOLLOWER to FOLLOWER at term 805 for recognizeCandidate:bf55b3f9-6b09-4365-9d71-55289e083fa5
2019-10-16 18:02:24,773 [grpc-default-executor-2] INFO  impl.RoleInfo (RoleInfo.java:shutdownFollowerState(121)) - 907b9765-214b-4864-b66a-d6e2a5789e5c: shutdown FollowerState
2019-10-16 18:02:24,773 [grpc-default-executor-0] INFO  impl.RoleInfo (RoleInfo.java:updateAndGet(143)) - f4c54511-b161-4347-aec5-5236dc80a0d8: start FollowerState
2019-10-16 18:02:24,773 [Thread-4861] INFO  impl.FollowerState (FollowerState.java:run(117)) - f4c54511-b161-4347-aec5-5236dc80a0d8@group-EFD1D20A002C-FollowerState was interrupted: java.lang.InterruptedException: sleep interrupted
2019-10-16 18:02:24,773 [Thread-4862] INFO  impl.FollowerState (FollowerState.java:run(117)) - 907b9765-214b-4864-b66a-d6e2a5789e5c@group-EFD1D20A002C-FollowerState was interrupted: java.lang.InterruptedException: sleep interrupted
2019-10-16 18:02:24,773 [grpc-default-executor-2] INFO  impl.RoleInfo (RoleInfo.java:updateAndGet(143)) - 907b9765-214b-4864-b66a-d6e2a5789e5c: start FollowerState
2019-10-16 18:02:24,806 [bf55b3f9-6b09-4365-9d71-55289e083fa5@group-EFD1D20A002C-LeaderElection688] INFO  impl.LeaderElection (LeaderElection.java:logAndReturn(56)) - bf55b3f9-6b09-4365-9d71-55289e083fa5@group-EFD1D20A002C-LeaderElection688: Election REJECTED; received 2 response(s) [bf55b3f9-6b09-4365-9d71-55289e083fa5<-f4c54511-b161-4347-aec5-5236dc80a0d8#0:FAIL-t805, bf55b3f9-6b09-4365-9d71-55289e083fa5<-907b9765-214b-4864-b66a-d6e2a5789e5c#0:FAIL-t805] and 0 exception(s); bf55b3f9-6b09-4365-9d71-55289e083fa5@group-EFD1D20A002C:t805, leader=null, voted=bf55b3f9-6b09-4365-9d71-55289e083fa5, raftlog=bf55b3f9-6b09-4365-9d71-55289e083fa5@group-EFD1D20A002C-SegmentedRaftLog:OPENED:c-1,f-1,i0, conf=-1: [f4c54511-b161-4347-aec5-5236dc80a0d8:0.0.0.0:41238, 907b9765-214b-4864-b66a-d6e2a5789e5c:0.0.0.0:41650, bf55b3f9-6b09-4365-9d71-55289e083fa5:0.0.0.0:42441], old=null
2019-10-16 18:02:24,807 [bf55b3f9-6b09-4365-9d71-55289e083fa5@group-EFD1D20A002C-LeaderElection688] INFO  impl.RaftServerImpl (RaftServerImpl.java:setRole(184)) - bf55b3f9-6b09-4365-9d71-55289e083fa5@group-EFD1D20A002C: changes role from CANDIDATE to FOLLOWER at term 805 for DISCOVERED_A_NEW_TERM
2019-10-16 18:02:24,807 [bf55b3f9-6b09-4365-9d71-55289e083fa5@group-EFD1D20A002C-LeaderElection688] INFO  impl.RoleInfo (RoleInfo.java:shutdownLeaderElection(134)) - bf55b3f9-6b09-4365-9d71-55289e083fa5: shutdown LeaderElection
2019-10-16 18:02:24,807 [bf55b3f9-6b09-4365-9d71-55289e083fa5@group-EFD1D20A002C-LeaderElection688] INFO  impl.RoleInfo (RoleInfo.java:updateAndGet(143)) - bf55b3f9-6b09-4365-9d71-55289e083fa5: start FollowerState
2019-10-16 18:02:24,851 [Thread-4869] INFO  impl.FollowerState (FollowerState.java:run(108)) - bf55b3f9-6b09-4365-9d71-55289e083fa5@group-EFD1D20A002C-FollowerState: change to CANDIDATE, lastRpcTime:43ms, electionTimeout:43ms
2019-10-16 18:02:24,851 [Thread-4869] INFO  impl.RoleInfo (RoleInfo.java:shutdownFollowerState(121)) - bf55b3f9-6b09-4365-9d71-55289e083fa5: shutdown FollowerState
2019-10-16 18:02:24,851 [Thread-4869] INFO  impl.RaftServerImpl (RaftServerImpl.java:setRole(184)) - bf55b3f9-6b09-4365-9d71-55289e083fa5@group-EFD1D20A002C: changes role from  FOLLOWER to CANDIDATE at term 805 for changeToCandidate
2019-10-16 18:02:24,851 [Thread-4869] INFO  impl.RoleInfo (RoleInfo.java:updateAndGet(143)) - bf55b3f9-6b09-4365-9d71-55289e083fa5: start LeaderElection
2019-10-16 18:02:24,882 [bf55b3f9-6b09-4365-9d71-55289e083fa5@group-EFD1D20A002C-LeaderElection689] INFO  impl.LeaderElection (LeaderElection.java:askForVotes(178)) - bf55b3f9-6b09-4365-9d71-55289e083fa5@group-EFD1D20A002C-LeaderElection689: begin an election at term 806 for -1: [f4c54511-b161-4347-aec5-5236dc80a0d8:0.0.0.0:41238, 907b9765-214b-4864-b66a-d6e2a5789e5c:0.0.0.0:41650, bf55b3f9-6b09-4365-9d71-55289e083fa5:0.0.0.0:42441], old=null
2019-10-16 18:02:24,884 [grpc-default-executor-2] INFO  impl.RaftServerImpl (RaftServerImpl.java:setRole(184)) - f4c54511-b161-4347-aec5-5236dc80a0d8@group-EFD1D20A002C: changes role from  FOLLOWER to FOLLOWER at term 806 for recognizeCandidate:bf55b3f9-6b09-4365-9d71-55289e083fa5
2019-10-16 18:02:24,884 [grpc-default-executor-2] INFO  impl.RoleInfo (RoleInfo.java:shutdownFollowerState(121)) - f4c54511-b161-4347-aec5-5236dc80a0d8: shutdown FollowerState
2019-10-16 18:02:24,884 [grpc-default-executor-2] INFO  impl.RoleInfo (RoleInfo.java:updateAndGet(143)) - f4c54511-b161-4347-aec5-5236dc80a0d8: start FollowerState
2019-10-16 18:02:24,884 [Thread-4867] INFO  impl.FollowerState (FollowerState.java:run(117)) - f4c54511-b161-4347-aec5-5236dc80a0d8@group-EFD1D20A002C-FollowerState was interrupted: java.lang.InterruptedException: sleep interrupted
2019-10-16 18:02:24,884 [grpc-default-executor-0] INFO  impl.RaftServerImpl (RaftServerImpl.java:setRole(184)) - 907b9765-214b-4864-b66a-d6e2a5789e5c@group-EFD1D20A002C: changes role from  FOLLOWER to FOLLOWER at term 806 for recognizeCandidate:bf55b3f9-6b09-4365-9d71-55289e083fa5
2019-10-16 18:02:24,884 [grpc-default-executor-0] INFO  impl.RoleInfo (RoleInfo.java:shutdownFollowerState(121)) - 907b9765-214b-4864-b66a-d6e2a5789e5c: shutdown FollowerState
2019-10-16 18:02:24,885 [grpc-default-executor-0] INFO  impl.RoleInfo (RoleInfo.java:updateAndGet(143)) - 907b9765-214b-4864-b66a-d6e2a5789e5c: start FollowerState
2019-10-16 18:02:24,885 [Thread-4868] INFO  impl.FollowerState (FollowerState.java:run(117)) - 907b9765-214b-4864-b66a-d6e2a5789e5c@group-EFD1D20A002C-FollowerState was interrupted: java.lang.InterruptedException: sleep interrupted
2019-10-16 18:02:24,908 [bf55b3f9-6b09-4365-9d71-55289e083fa5@group-EFD1D20A002C-LeaderElection689] INFO  impl.LeaderElection (LeaderElection.java:logAndReturn(56)) - bf55b3f9-6b09-4365-9d71-55289e083fa5@group-EFD1D20A002C-LeaderElection689: Election REJECTED; received 2 response(s) [bf55b3f9-6b09-4365-9d71-55289e083fa5<-f4c54511-b161-4347-aec5-5236dc80a0d8#0:FAIL-t806, bf55b3f9-6b09-4365-9d71-55289e083fa5<-907b9765-214b-4864-b66a-d6e2a5789e5c#0:FAIL-t806] and 0 exception(s); bf55b3f9-6b09-4365-9d71-55289e083fa5@group-EFD1D20A002C:t806, leader=null, voted=bf55b3f9-6b09-4365-9d71-55289e083fa5, raftlog=bf55b3f9-6b09-4365-9d71-55289e083fa5@group-EFD1D20A002C-SegmentedRaftLog:OPENED:c-1,f-1,i0, conf=-1: [f4c54511-b161-4347-aec5-5236dc80a0d8:0.0.0.0:41238, 907b9765-214b-4864-b66a-d6e2a5789e5c:0.0.0.0:41650, bf55b3f9-6b09-4365-9d71-55289e083fa5:0.0.0.0:42441], old=null
2019-10-16 18:02:24,908 [bf55b3f9-6b09-4365-9d71-55289e083fa5@group-EFD1D20A002C-LeaderElection689] INFO  impl.RaftServerImpl (RaftServerImpl.java:setRole(184)) - bf55b3f9-6b09-4365-9d71-55289e083fa5@group-EFD1D20A002C: changes role from CANDIDATE to FOLLOWER at term 806 for DISCOVERED_A_NEW_TERM
2019-10-16 18:02:24,908 [bf55b3f9-6b09-4365-9d71-55289e083fa5@group-EFD1D20A002C-LeaderElection689] INFO  impl.RoleInfo (RoleInfo.java:shutdownLeaderElection(134)) - bf55b3f9-6b09-4365-9d71-55289e083fa5: shutdown LeaderElection
2019-10-16 18:02:24,908 [bf55b3f9-6b09-4365-9d71-55289e083fa5@group-EFD1D20A002C-LeaderElection689] INFO  impl.RoleInfo (RoleInfo.java:updateAndGet(143)) - bf55b3f9-6b09-4365-9d71-55289e083fa5: start FollowerState
2019-10-16 18:02:24,932 [Thread-4875] INFO  impl.FollowerState (FollowerState.java:run(108)) - bf55b3f9-6b09-4365-9d71-55289e083fa5@group-EFD1D20A002C-FollowerState: change to CANDIDATE, lastRpcTime:23ms, electionTimeout:23ms
2019-10-16 18:02:24,932 [Thread-4875] INFO  impl.RoleInfo (RoleInfo.java:shutdownFollowerState(121)) - bf55b3f9-6b09-4365-9d71-55289e083fa5: shutdown FollowerState
2019-10-16 18:02:24,932 [Thread-4875] INFO  impl.RaftServerImpl (RaftServerImpl.java:setRole(184)) - bf55b3f9-6b09-4365-9d71-55289e083fa5@group-EFD1D20A002C: changes role from  FOLLOWER to CANDIDATE at term 806 for changeToCandidate
2019-10-16 18:02:24,932 [Thread-4875] INFO  impl.RoleInfo (RoleInfo.java:updateAndGet(143)) - bf55b3f9-6b09-4365-9d71-55289e083fa5: start LeaderElection
2019-10-16 18:02:24,974 [bf55b3f9-6b09-4365-9d71-55289e083fa5@group-EFD1D20A002C-LeaderElection690] INFO  impl.LeaderElection (LeaderElection.java:askForVotes(178)) - bf55b3f9-6b09-4365-9d71-55289e083fa5@group-EFD1D20A002C-LeaderElection690: begin an election at term 807 for -1: [f4c54511-b161-4347-aec5-5236dc80a0d8:0.0.0.0:41238, 907b9765-214b-4864-b66a-d6e2a5789e5c:0.0.0.0:41650, bf55b3f9-6b09-4365-9d71-55289e083fa5:0.0.0.0:42441], old=null
2019-10-16 18:02:24,976 [grpc-default-executor-0] INFO  impl.RaftServerImpl (RaftServerImpl.java:setRole(184)) - f4c54511-b161-4347-aec5-5236dc80a0d8@group-EFD1D20A002C: changes role from  FOLLOWER to FOLLOWER at term 807 for recognizeCandidate:bf55b3f9-6b09-4365-9d71-55289e083fa5
2019-10-16 18:02:24,976 [grpc-default-executor-2] INFO  impl.RaftServerImpl (RaftServerImpl.java:setRole(184)) - 907b9765-214b-4864-b66a-d6e2a5789e5c@group-EFD1D20A002C: changes role from  FOLLOWER to FOLLOWER at term 807 for recognizeCandidate:bf55b3f9-6b09-4365-9d71-55289e083fa5
2019-10-16 18:02:24,976 [grpc-default-executor-2] INFO  impl.RoleInfo (RoleInfo.java:shutdownFollowerState(121)) - 907b9765-214b-4864-b66a-d6e2a5789e5c: shutdown FollowerState
2019-10-16 18:02:24,976 [grpc-default-executor-0] INFO  impl.RoleInfo (RoleInfo.java:shutdownFollowerState(121)) - f4c54511-b161-4347-aec5-5236dc80a0d8: shutdown FollowerState
2019-10-16 18:02:24,977 [Thread-4874] INFO  impl.FollowerState (FollowerState.java:run(117)) - 907b9765-214b-4864-b66a-d6e2a5789e5c@group-EFD1D20A002C-FollowerState was interrupted: java.lang.InterruptedException: sleep interrupted
2019-10-16 18:02:24,977 [grpc-default-executor-2] INFO  impl.RoleInfo (RoleInfo.java:updateAndGet(143)) - 907b9765-214b-4864-b66a-d6e2a5789e5c: start FollowerState
2019-10-16 18:02:24,977 [Thread-4873] INFO  impl.FollowerState (FollowerState.java:run(117)) - f4c54511-b161-4347-aec5-5236dc80a0d8@group-EFD1D20A002C-FollowerState was interrupted: java.lang.InterruptedException: sleep interrupted
2019-10-16 18:02:24,977 [grpc-default-executor-0] INFO  impl.RoleInfo (RoleInfo.java:updateAndGet(143)) - f4c54511-b161-4347-aec5-5236dc80a0d8: start FollowerState
2019-10-16 18:02:25,011 [bf55b3f9-6b09-4365-9d71-55289e083fa5@group-EFD1D20A002C-LeaderElection690] INFO  impl.LeaderElection (LeaderElection.java:logAndReturn(56)) - bf55b3f9-6b09-4365-9d71-55289e083fa5@group-EFD1D20A002C-LeaderElection690: Election REJECTED; received 2 response(s) [bf55b3f9-6b09-4365-9d71-55289e083fa5<-f4c54511-b161-4347-aec5-5236dc80a0d8#0:FAIL-t807, bf55b3f9-6b09-4365-9d71-55289e083fa5<-907b9765-214b-4864-b66a-d6e2a5789e5c#0:FAIL-t807] and 0 exception(s); bf55b3f9-6b09-4365-9d71-55289e083fa5@group-EFD1D20A002C:t807, leader=null, voted=bf55b3f9-6b09-4365-9d71-55289e083fa5, raftlog=bf55b3f9-6b09-4365-9d71-55289e083fa5@group-EFD1D20A002C-SegmentedRaftLog:OPENED:c-1,f-1,i0, conf=-1: [f4c54511-b161-4347-aec5-5236dc80a0d8:0.0.0.0:41238, 907b9765-214b-4864-b66a-d6e2a5789e5c:0.0.0.0:41650, bf55b3f9-6b09-4365-9d71-55289e083fa5:0.0.0.0:42441], old=null
2019-10-16 18:02:25,012 [bf55b3f9-6b09-4365-9d71-55289e083fa5@group-EFD1D20A002C-LeaderElection690] INFO  impl.RaftServerImpl (RaftServerImpl.java:setRole(184)) - bf55b3f9-6b09-4365-9d71-55289e083fa5@group-EFD1D20A002C: changes role from CANDIDATE to FOLLOWER at term 807 for DISCOVERED_A_NEW_TERM
2019-10-16 18:02:25,012 [bf55b3f9-6b09-4365-9d71-55289e083fa5@group-EFD1D20A002C-LeaderElection690] INFO  impl.RoleInfo (RoleInfo.java:shutdownLeaderElection(134)) - bf55b3f9-6b09-4365-9d71-55289e083fa5: shutdown LeaderElection
2019-10-16 18:02:25,013 [bf55b3f9-6b09-4365-9d71-55289e083fa5@group-EFD1D20A002C-LeaderElection690] INFO  impl.RoleInfo (RoleInfo.java:updateAndGet(143)) - bf55b3f9-6b09-4365-9d71-55289e083fa5: start FollowerState
2019-10-16 18:02:25,185 [Thread-4881] INFO  impl.FollowerState (FollowerState.java:run(108)) - bf55b3f9-6b09-4365-9d71-55289e083fa5@group-EFD1D20A002C-FollowerState: change to CANDIDATE, lastRpcTime:172ms, electionTimeout:172ms
2019-10-16 18:02:25,185 [Thread-4881] INFO  impl.RoleInfo (RoleInfo.java:shutdownFollowerState(121)) - bf55b3f9-6b09-4365-9d71-55289e083fa5: shutdown FollowerState
2019-10-16 18:02:25,186 [Thread-4881] INFO  impl.RaftServerImpl (RaftServerImpl.java:setRole(184)) - bf55b3f9-6b09-4365-9d71-55289e083fa5@group-EFD1D20A002C: changes role from  FOLLOWER to CANDIDATE at term 807 for changeToCandidate
2019-10-16 18:02:25,186 [Thread-4881] INFO  impl.RoleInfo (RoleInfo.java:updateAndGet(143)) - bf55b3f9-6b09-4365-9d71-55289e083fa5: start LeaderElection
2019-10-16 18:02:25,210 [bf55b3f9-6b09-4365-9d71-55289e083fa5@group-EFD1D20A002C-LeaderElection691] INFO  impl.LeaderElection (LeaderElection.java:askForVotes(178)) - bf55b3f9-6b09-4365-9d71-55289e083fa5@group-EFD1D20A002C-LeaderElection691: begin an election at term 808 for -1: [f4c54511-b161-4347-aec5-5236dc80a0d8:0.0.0.0:41238, 907b9765-214b-4864-b66a-d6e2a5789e5c:0.0.0.0:41650, bf55b3f9-6b09-4365-9d71-55289e083fa5:0.0.0.0:42441], old=null
2019-10-16 18:02:25,213 [grpc-default-executor-2] INFO  impl.RaftServerImpl (RaftServerImpl.java:setRole(184)) - 907b9765-214b-4864-b66a-d6e2a5789e5c@group-EFD1D20A002C: changes role from  FOLLOWER to FOLLOWER at term 808 for recognizeCandidate:bf55b3f9-6b09-4365-9d71-55289e083fa5
2019-10-16 18:02:25,213 [grpc-default-executor-2] INFO  impl.RoleInfo (RoleInfo.java:shutdownFollowerState(121)) - 907b9765-214b-4864-b66a-d6e2a5789e5c: shutdown FollowerState
2019-10-16 18:02:25,213 [grpc-default-executor-0] INFO  impl.RaftServerImpl (RaftServerImpl.java:setRole(184)) - f4c54511-b161-4347-aec5-5236dc80a0d8@group-EFD1D20A002C: changes role from  FOLLOWER to FOLLOWER at term 808 for recognizeCandidate:bf55b3f9-6b09-4365-9d71-55289e083fa5
2019-10-16 18:02:25,213 [Thread-4879] INFO  impl.FollowerState (FollowerState.java:run(117)) - 907b9765-214b-4864-b66a-d6e2a5789e5c@group-EFD1D20A002C-FollowerState was interrupted: java.lang.InterruptedException: sleep interrupted
2019-10-16 18:02:25,213 [grpc-default-executor-2] INFO  impl.RoleInfo (RoleInfo.java:updateAndGet(143)) - 907b9765-214b-4864-b66a-d6e2a5789e5c: start FollowerState
2019-10-16 18:02:25,213 [grpc-default-executor-0] INFO  impl.RoleInfo (RoleInfo.java:shutdownFollowerState(121)) - f4c54511-b161-4347-aec5-5236dc80a0d8: shutdown FollowerState
2019-10-16 18:02:25,213 [grpc-default-executor-0] INFO  impl.RoleInfo (RoleInfo.java:updateAndGet(143)) - f4c54511-b161-4347-aec5-5236dc80a0d8: start FollowerState
2019-10-16 18:02:25,213 [Thread-4880] INFO  impl.FollowerState (FollowerState.java:run(117)) - f4c54511-b161-4347-aec5-5236dc80a0d8@group-EFD1D20A002C-FollowerState was interrupted: java.lang.InterruptedException: sleep interrupted
2019-10-16 18:02:25,261 [bf55b3f9-6b09-4365-9d71-55289e083fa5@group-EFD1D20A002C-LeaderElection691] INFO  impl.LeaderElection (LeaderElection.java:logAndReturn(56)) - bf55b3f9-6b09-4365-9d71-55289e083fa5@group-EFD1D20A002C-LeaderElection691: Election REJECTED; received 2 response(s) [bf55b3f9-6b09-4365-9d71-55289e083fa5<-f4c54511-b161-4347-aec5-5236dc80a0d8#0:FAIL-t808, bf55b3f9-6b09-4365-9d71-55289e083fa5<-907b9765-214b-4864-b66a-d6e2a5789e5c#0:FAIL-t808] and 0 exception(s); bf55b3f9-6b09-4365-9d71-55289e083fa5@group-EFD1D20A002C:t808, leader=null, voted=bf55b3f9-6b09-4365-9d71-55289e083fa5, raftlog=bf55b3f9-6b09-4365-9d71-55289e083fa5@group-EFD1D20A002C-SegmentedRaftLog:OPENED:c-1,f-1,i0, conf=-1: [f4c54511-b161-4347-aec5-5236dc80a0d8:0.0.0.0:41238, 907b9765-214b-4864-b66a-d6e2a5789e5c:0.0.0.0:41650, bf55b3f9-6b09-4365-9d71-55289e083fa5:0.0.0.0:42441], old=null
2019-10-16 18:02:25,262 [bf55b3f9-6b09-4365-9d71-55289e083fa5@group-EFD1D20A002C-LeaderElection691] INFO  impl.RaftServerImpl (RaftServerImpl.java:setRole(184)) - bf55b3f9-6b09-4365-9d71-55289e083fa5@group-EFD1D20A002C: changes role from CANDIDATE to FOLLOWER at term 808 for DISCOVERED_A_NEW_TERM
2019-10-16 18:02:25,262 [bf55b3f9-6b09-4365-9d71-55289e083fa5@group-EFD1D20A002C-LeaderElection691] INFO  impl.RoleInfo (RoleInfo.java:shutdownLeaderElection(134)) - bf55b3f9-6b09-4365-9d71-55289e083fa5: shutdown LeaderElection
2019-10-16 18:02:25,262 [bf55b3f9-6b09-4365-9d71-55289e083fa5@group-EFD1D20A002C-LeaderElection691] INFO  impl.RoleInfo (RoleInfo.java:updateAndGet(143)) - bf55b3f9-6b09-4365-9d71-55289e083fa5: start FollowerState
2019-10-16 18:02:25,414 [Thread-4887] INFO  impl.FollowerState (FollowerState.java:run(108)) - bf55b3f9-6b09-4365-9d71-55289e083fa5@group-EFD1D20A002C-FollowerState: change to CANDIDATE, lastRpcTime:152ms, electionTimeout:152ms
2019-10-16 18:02:25,414 [Thread-4887] INFO  impl.RoleInfo (RoleInfo.java:shutdownFollowerState(121)) - bf55b3f9-6b09-4365-9d71-55289e083fa5: shutdown FollowerState
2019-10-16 18:02:25,415 [Thread-4887] INFO  impl.RaftServerImpl (RaftServerImpl.java:setRole(184)) - bf55b3f9-6b09-4365-9d71-55289e083fa5@group-EFD1D20A002C: changes role from  FOLLOWER to CANDIDATE at term 808 for changeToCandidate
2019-10-16 18:02:25,415 [Thread-4887] INFO  impl.RoleInfo (RoleInfo.java:updateAndGet(143)) - bf55b3f9-6b09-4365-9d71-55289e083fa5: start LeaderElection
2019-10-16 18:02:25,438 [bf55b3f9-6b09-4365-9d71-55289e083fa5@group-EFD1D20A002C-LeaderElection692] INFO  impl.LeaderElection (LeaderElection.java:askForVotes(178)) - bf55b3f9-6b09-4365-9d71-55289e083fa5@group-EFD1D20A002C-LeaderElection692: begin an election at term 809 for -1: [f4c54511-b161-4347-aec5-5236dc80a0d8:0.0.0.0:41238, 907b9765-214b-4864-b66a-d6e2a5789e5c:0.0.0.0:41650, bf55b3f9-6b09-4365-9d71-55289e083fa5:0.0.0.0:42441], old=null
2019-10-16 18:02:25,440 [grpc-default-executor-2] INFO  impl.RaftServerImpl (RaftServerImpl.java:setRole(184)) - 907b9765-214b-4864-b66a-d6e2a5789e5c@group-EFD1D20A002C: changes role from  FOLLOWER to FOLLOWER at term 809 for recognizeCandidate:bf55b3f9-6b09-4365-9d71-55289e083fa5
2019-10-16 18:02:25,440 [grpc-default-executor-0] INFO  impl.RaftServerImpl (RaftServerImpl.java:setRole(184)) - f4c54511-b161-4347-aec5-5236dc80a0d8@group-EFD1D20A002C: changes role from  FOLLOWER to FOLLOWER at term 809 for recognizeCandidate:bf55b3f9-6b09-4365-9d71-55289e083fa5
2019-10-16 18:02:25,440 [grpc-default-executor-0] INFO  impl.RoleInfo (RoleInfo.java:shutdownFollowerState(121)) - f4c54511-b161-4347-aec5-5236dc80a0d8: shutdown FollowerState
2019-10-16 18:02:25,440 [grpc-default-executor-2] INFO  impl.RoleInfo (RoleInfo.java:shutdownFollowerState(121)) - 907b9765-214b-4864-b66a-d6e2a5789e5c: shutdown FollowerState
2019-10-16 18:02:25,440 [Thread-4886] INFO  impl.FollowerState (FollowerState.java:run(117)) - f4c54511-b161-4347-aec5-5236dc80a0d8@group-EFD1D20A002C-FollowerState was interrupted: java.lang.InterruptedException: sleep interrupted
2019-10-16 18:02:25,441 [Thread-4885] INFO  impl.FollowerState (FollowerState.java:run(117)) - 907b9765-214b-4864-b66a-d6e2a5789e5c@group-EFD1D20A002C-FollowerState was interrupted: java.lang.InterruptedException: sleep interrupted
2019-10-16 18:02:25,440 [grpc-default-executor-0] INFO  impl.RoleInfo (RoleInfo.java:updateAndGet(143)) - f4c54511-b161-4347-aec5-5236dc80a0d8: start FollowerState
2019-10-16 18:02:25,441 [grpc-default-executor-2] INFO  impl.RoleInfo (RoleInfo.java:updateAndGet(143)) - 907b9765-214b-4864-b66a-d6e2a5789e5c: start FollowerState
2019-10-16 18:02:25,464 [bf55b3f9-6b09-4365-9d71-55289e083fa5@group-EFD1D20A002C-LeaderElection692] INFO  impl.LeaderElection (LeaderElection.java:logAndReturn(56)) - bf55b3f9-6b09-4365-9d71-55289e083fa5@group-EFD1D20A002C-LeaderElection692: Election REJECTED; received 2 response(s) [bf55b3f9-6b09-4365-9d71-55289e083fa5<-f4c54511-b161-4347-aec5-5236dc80a0d8#0:FAIL-t809, bf55b3f9-6b09-4365-9d71-55289e083fa5<-907b9765-214b-4864-b66a-d6e2a5789e5c#0:FAIL-t809] and 0 exception(s); bf55b3f9-6b09-4365-9d71-55289e083fa5@group-EFD1D20A002C:t809, leader=null, voted=bf55b3f9-6b09-4365-9d71-55289e083fa5, raftlog=bf55b3f9-6b09-4365-9d71-55289e083fa5@group-EFD1D20A002C-SegmentedRaftLog:OPENED:c-1,f-1,i0, conf=-1: [f4c54511-b161-4347-aec5-5236dc80a0d8:0.0.0.0:41238, 907b9765-214b-4864-b66a-d6e2a5789e5c:0.0.0.0:41650, bf55b3f9-6b09-4365-9d71-55289e083fa5:0.0.0.0:42441], old=null
2019-10-16 18:02:25,464 [bf55b3f9-6b09-4365-9d71-55289e083fa5@group-EFD1D20A002C-LeaderElection692] INFO  impl.RaftServerImpl (RaftServerImpl.java:setRole(184)) - bf55b3f9-6b09-4365-9d71-55289e083fa5@group-EFD1D20A002C: changes role from CANDIDATE to FOLLOWER at term 809 for DISCOVERED_A_NEW_TERM
2019-10-16 18:02:25,464 [bf55b3f9-6b09-4365-9d71-55289e083fa5@group-EFD1D20A002C-LeaderElection692] INFO  impl.RoleInfo (RoleInfo.java:shutdownLeaderElection(134)) - bf55b3f9-6b09-4365-9d71-55289e083fa5: shutdown LeaderElection
2019-10-16 18:02:25,464 [bf55b3f9-6b09-4365-9d71-55289e083fa5@group-EFD1D20A002C-LeaderElection692] INFO  impl.RoleInfo (RoleInfo.java:updateAndGet(143)) - bf55b3f9-6b09-4365-9d71-55289e083fa5: start FollowerState
2019-10-16 18:02:25,474 [Thread-4893] INFO  impl.FollowerState (FollowerState.java:run(108)) - bf55b3f9-6b09-4365-9d71-55289e083fa5@group-EFD1D20A002C-FollowerState: change to CANDIDATE, lastRpcTime:9ms, electionTimeout:9ms
2019-10-16 18:02:25,474 [Thread-4893] INFO  impl.RoleInfo (RoleInfo.java:shutdownFollowerState(121)) - bf55b3f9-6b09-4365-9d71-55289e083fa5: shutdown FollowerState
2019-10-16 18:02:25,474 [Thread-4893] INFO  impl.RaftServerImpl (RaftServerImpl.java:setRole(184)) - bf55b3f9-6b09-4365-9d71-55289e083fa5@group-EFD1D20A002C: changes role from  FOLLOWER to CANDIDATE at term 809 for changeToCandidate
2019-10-16 18:02:25,474 [Thread-4893] INFO  impl.RoleInfo (RoleInfo.java:updateAndGet(143)) - bf55b3f9-6b09-4365-9d71-55289e083fa5: start LeaderElection
2019-10-16 18:02:25,522 [bf55b3f9-6b09-4365-9d71-55289e083fa5@group-EFD1D20A002C-LeaderElection693] INFO  impl.LeaderElection (LeaderElection.java:askForVotes(178)) - bf55b3f9-6b09-4365-9d71-55289e083fa5@group-EFD1D20A002C-LeaderElection693: begin an election at term 810 for -1: [f4c54511-b161-4347-aec5-5236dc80a0d8:0.0.0.0:41238, 907b9765-214b-4864-b66a-d6e2a5789e5c:0.0.0.0:41650, bf55b3f9-6b09-4365-9d71-55289e083fa5:0.0.0.0:42441], old=null
2019-10-16 18:02:25,523 [grpc-default-executor-2] INFO  impl.RaftServerImpl (RaftServerImpl.java:setRole(184)) - f4c54511-b161-4347-aec5-5236dc80a0d8@group-EFD1D20A002C: changes role from  FOLLOWER to FOLLOWER at term 810 for recognizeCandidate:bf55b3f9-6b09-4365-9d71-55289e083fa5
2019-10-16 18:02:25,524 [grpc-default-executor-2] INFO  impl.RoleInfo (RoleInfo.java:shutdownFollowerState(121)) - f4c54511-b161-4347-aec5-5236dc80a0d8: shutdown FollowerState
2019-10-16 18:02:25,524 [grpc-default-executor-2] INFO  impl.RoleInfo (RoleInfo.java:updateAndGet(143)) - f4c54511-b161-4347-aec5-5236dc80a0d8: start FollowerState
2019-10-16 18:02:25,524 [Thread-4891] INFO  impl.FollowerState (FollowerState.java:run(117)) - f4c54511-b161-4347-aec5-5236dc80a0d8@group-EFD1D20A002C-FollowerState was interrupted: java.lang.InterruptedException: sleep interrupted
2019-10-16 18:02:25,524 [grpc-default-executor-0] INFO  impl.RaftServerImpl (RaftServerImpl.java:setRole(184)) - 907b9765-214b-4864-b66a-d6e2a5789e5c@group-EFD1D20A002C: changes role from  FOLLOWER to FOLLOWER at term 810 for recognizeCandidate:bf55b3f9-6b09-4365-9d71-55289e083fa5
2019-10-16 18:02:25,524 [grpc-default-executor-0] INFO  impl.RoleInfo (RoleInfo.java:shutdownFollowerState(121)) - 907b9765-214b-4864-b66a-d6e2a5789e5c: shutdown FollowerState
2019-10-16 18:02:25,525 [grpc-default-executor-0] INFO  impl.RoleInfo (RoleInfo.java:updateAndGet(143)) - 907b9765-214b-4864-b66a-d6e2a5789e5c: start FollowerState
2019-10-16 18:02:25,525 [Thread-4892] INFO  impl.FollowerState (FollowerState.java:run(117)) - 907b9765-214b-4864-b66a-d6e2a5789e5c@group-EFD1D20A002C-FollowerState was interrupted: java.lang.InterruptedException: sleep interrupted
2019-10-16 18:02:25,557 [bf55b3f9-6b09-4365-9d71-55289e083fa5@group-EFD1D20A002C-LeaderElection693] INFO  impl.LeaderElection (LeaderElection.java:logAndReturn(56)) - bf55b3f9-6b09-4365-9d71-55289e083fa5@group-EFD1D20A002C-LeaderElection693: Election REJECTED; received 2 response(s) [bf55b3f9-6b09-4365-9d71-55289e083fa5<-f4c54511-b161-4347-aec5-5236dc80a0d8#0:FAIL-t810, bf55b3f9-6b09-4365-9d71-55289e083fa5<-907b9765-214b-4864-b66a-d6e2a5789e5c#0:FAIL-t810] and 0 exception(s); bf55b3f9-6b09-4365-9d71-55289e083fa5@group-EFD1D20A002C:t810, leader=null, voted=bf55b3f9-6b09-4365-9d71-55289e083fa5, raftlog=bf55b3f9-6b09-4365-9d71-55289e083fa5@group-EFD1D20A002C-SegmentedRaftLog:OPENED:c-1,f-1,i0, conf=-1: [f4c54511-b161-4347-aec5-5236dc80a0d8:0.0.0.0:41238, 907b9765-214b-4864-b66a-d6e2a5789e5c:0.0.0.0:41650, bf55b3f9-6b09-4365-9d71-55289e083fa5:0.0.0.0:42441], old=null
2019-10-16 18:02:25,557 [bf55b3f9-6b09-4365-9d71-55289e083fa5@group-EFD1D20A002C-LeaderElection693] INFO  impl.RaftServerImpl (RaftServerImpl.java:setRole(184)) - bf55b3f9-6b09-4365-9d71-55289e083fa5@group-EFD1D20A002C: changes role from CANDIDATE to FOLLOWER at term 810 for DISCOVERED_A_NEW_TERM
2019-10-16 18:02:25,557 [bf55b3f9-6b09-4365-9d71-55289e083fa5@group-EFD1D20A002C-LeaderElection693] INFO  impl.RoleInfo (RoleInfo.java:shutdownLeaderElection(134)) - bf55b3f9-6b09-4365-9d71-55289e083fa5: shutdown LeaderElection
2019-10-16 18:02:25,557 [bf55b3f9-6b09-4365-9d71-55289e083fa5@group-EFD1D20A002C-LeaderElection693] INFO  impl.RoleInfo (RoleInfo.java:updateAndGet(143)) - bf55b3f9-6b09-4365-9d71-55289e083fa5: start FollowerState
2019-10-16 18:02:25,650 [Thread-4901] INFO  impl.FollowerState (FollowerState.java:run(108)) - bf55b3f9-6b09-4365-9d71-55289e083fa5@group-EFD1D20A002C-FollowerState: change to CANDIDATE, lastRpcTime:92ms, electionTimeout:92ms
2019-10-16 18:02:25,650 [Thread-4901] INFO  impl.RoleInfo (RoleInfo.java:shutdownFollowerState(121)) - bf55b3f9-6b09-4365-9d71-55289e083fa5: shutdown FollowerState
2019-10-16 18:02:25,650 [Thread-4901] INFO  impl.RaftServerImpl (RaftServerImpl.java:setRole(184)) - bf55b3f9-6b09-4365-9d71-55289e083fa5@group-EFD1D20A002C: changes role from  FOLLOWER to CANDIDATE at term 810 for changeToCandidate
2019-10-16 18:02:25,650 [Thread-4901] INFO  impl.RoleInfo (RoleInfo.java:updateAndGet(143)) - bf55b3f9-6b09-4365-9d71-55289e083fa5: start LeaderElection
2019-10-16 18:02:25,674 [bf55b3f9-6b09-4365-9d71-55289e083fa5@group-EFD1D20A002C-LeaderElection694] INFO  impl.LeaderElection (LeaderElection.java:askForVotes(178)) - bf55b3f9-6b09-4365-9d71-55289e083fa5@group-EFD1D20A002C-LeaderElection694: begin an election at term 811 for -1: [f4c54511-b161-4347-aec5-5236dc80a0d8:0.0.0.0:41238, 907b9765-214b-4864-b66a-d6e2a5789e5c:0.0.0.0:41650, bf55b3f9-6b09-4365-9d71-55289e083fa5:0.0.0.0:42441], old=null
2019-10-16 18:02:25,676 [grpc-default-executor-0] INFO  impl.RaftServerImpl (RaftServerImpl.java:setRole(184)) - 907b9765-214b-4864-b66a-d6e2a5789e5c@group-EFD1D20A002C: changes role from  FOLLOWER to FOLLOWER at term 811 for recognizeCandidate:bf55b3f9-6b09-4365-9d71-55289e083fa5
2019-10-16 18:02:25,676 [grpc-default-executor-0] INFO  impl.RoleInfo (RoleInfo.java:shutdownFollowerState(121)) - 907b9765-214b-4864-b66a-d6e2a5789e5c: shutdown FollowerState
2019-10-16 18:02:25,676 [grpc-default-executor-2] INFO  impl.RaftServerImpl (RaftServerImpl.java:setRole(184)) - f4c54511-b161-4347-aec5-5236dc80a0d8@group-EFD1D20A002C: changes role from  FOLLOWER to FOLLOWER at term 811 for recognizeCandidate:bf55b3f9-6b09-4365-9d71-55289e083fa5
2019-10-16 18:02:25,676 [grpc-default-executor-2] INFO  impl.RoleInfo (RoleInfo.java:shutdownFollowerState(121)) - f4c54511-b161-4347-aec5-5236dc80a0d8: shutdown FollowerState
2019-10-16 18:02:25,676 [Thread-4900] INFO  impl.FollowerState (FollowerState.java:run(117)) - 907b9765-214b-4864-b66a-d6e2a5789e5c@group-EFD1D20A002C-FollowerState was interrupted: java.lang.InterruptedException: sleep interrupted
2019-10-16 18:02:25,676 [grpc-default-executor-0] INFO  impl.RoleInfo (RoleInfo.java:updateAndGet(143)) - 907b9765-214b-4864-b66a-d6e2a5789e5c: start FollowerState
2019-10-16 18:02:25,676 [Thread-4899] INFO  impl.FollowerState (FollowerState.java:run(117)) - f4c54511-b161-4347-aec5-5236dc80a0d8@group-EFD1D20A002C-FollowerState was interrupted: java.lang.InterruptedException: sleep interrupted
2019-10-16 18:02:25,676 [grpc-default-executor-2] INFO  impl.RoleInfo (RoleInfo.java:updateAndGet(143)) - f4c54511-b161-4347-aec5-5236dc80a0d8: start FollowerState
2019-10-16 18:02:25,700 [bf55b3f9-6b09-4365-9d71-55289e083fa5@group-EFD1D20A002C-LeaderElection694] INFO  impl.LeaderElection (LeaderElection.java:logAndReturn(56)) - bf55b3f9-6b09-4365-9d71-55289e083fa5@group-EFD1D20A002C-LeaderElection694: Election REJECTED; received 2 response(s) [bf55b3f9-6b09-4365-9d71-55289e083fa5<-f4c54511-b161-4347-aec5-5236dc80a0d8#0:FAIL-t811, bf55b3f9-6b09-4365-9d71-55289e083fa5<-907b9765-214b-4864-b66a-d6e2a5789e5c#0:FAIL-t811] and 0 exception(s); bf55b3f9-6b09-4365-9d71-55289e083fa5@group-EFD1D20A002C:t811, leader=null, voted=bf55b3f9-6b09-4365-9d71-55289e083fa5, raftlog=bf55b3f9-6b09-4365-9d71-55289e083fa5@group-EFD1D20A002C-SegmentedRaftLog:OPENED:c-1,f-1,i0, conf=-1: [f4c54511-b161-4347-aec5-5236dc80a0d8:0.0.0.0:41238, 907b9765-214b-4864-b66a-d6e2a5789e5c:0.0.0.0:41650, bf55b3f9-6b09-4365-9d71-55289e083fa5:0.0.0.0:42441], old=null
2019-10-16 18:02:25,700 [bf55b3f9-6b09-4365-9d71-55289e083fa5@group-EFD1D20A002C-LeaderElection694] INFO  impl.RaftServerImpl (RaftServerImpl.java:setRole(184)) - bf55b3f9-6b09-4365-9d71-55289e083fa5@group-EFD1D20A002C: changes role from CANDIDATE to FOLLOWER at term 811 for DISCOVERED_A_NEW_TERM
2019-10-16 18:02:25,700 [bf55b3f9-6b09-4365-9d71-55289e083fa5@group-EFD1D20A002C-LeaderElection694] INFO  impl.RoleInfo (RoleInfo.java:shutdownLeaderElection(134)) - bf55b3f9-6b09-4365-9d71-55289e083fa5: shutdown LeaderElection
2019-10-16 18:02:25,700 [bf55b3f9-6b09-4365-9d71-55289e083fa5@group-EFD1D20A002C-LeaderElection694] INFO  impl.RoleInfo (RoleInfo.java:updateAndGet(143)) - bf55b3f9-6b09-4365-9d71-55289e083fa5: start FollowerState
2019-10-16 18:02:25,748 [Thread-4907] INFO  impl.FollowerState (FollowerState.java:run(108)) - bf55b3f9-6b09-4365-9d71-55289e083fa5@group-EFD1D20A002C-FollowerState: change to CANDIDATE, lastRpcTime:48ms, electionTimeout:48ms
2019-10-16 18:02:25,749 [Thread-4907] INFO  impl.RoleInfo (RoleInfo.java:shutdownFollowerState(121)) - bf55b3f9-6b09-4365-9d71-55289e083fa5: shutdown FollowerState
2019-10-16 18:02:25,749 [Thread-4907] INFO  impl.RaftServerImpl (RaftServerImpl.java:setRole(184)) - bf55b3f9-6b09-4365-9d71-55289e083fa5@group-EFD1D20A002C: changes role from  FOLLOWER to CANDIDATE at term 811 for changeToCandidate
2019-10-16 18:02:25,749 [Thread-4907] INFO  impl.RoleInfo (RoleInfo.java:updateAndGet(143)) - bf55b3f9-6b09-4365-9d71-55289e083fa5: start LeaderElection
2019-10-16 18:02:25,800 [bf55b3f9-6b09-4365-9d71-55289e083fa5@group-EFD1D20A002C-LeaderElection695] INFO  impl.LeaderElection (LeaderElection.java:askForVotes(178)) - bf55b3f9-6b09-4365-9d71-55289e083fa5@group-EFD1D20A002C-LeaderElection695: begin an election at term 812 for -1: [f4c54511-b161-4347-aec5-5236dc80a0d8:0.0.0.0:41238, 907b9765-214b-4864-b66a-d6e2a5789e5c:0.0.0.0:41650, bf55b3f9-6b09-4365-9d71-55289e083fa5:0.0.0.0:42441], old=null
2019-10-16 18:02:25,802 [grpc-default-executor-0] INFO  impl.RaftServerImpl (RaftServerImpl.java:setRole(184)) - 907b9765-214b-4864-b66a-d6e2a5789e5c@group-EFD1D20A002C: changes role from  FOLLOWER to FOLLOWER at term 812 for recognizeCandidate:bf55b3f9-6b09-4365-9d71-55289e083fa5
2019-10-16 18:02:25,802 [grpc-default-executor-2] INFO  impl.RaftServerImpl (RaftServerImpl.java:setRole(184)) - f4c54511-b161-4347-aec5-5236dc80a0d8@group-EFD1D20A002C: changes role from  FOLLOWER to FOLLOWER at term 812 for recognizeCandidate:bf55b3f9-6b09-4365-9d71-55289e083fa5
2019-10-16 18:02:25,802 [grpc-default-executor-2] INFO  impl.RoleInfo (RoleInfo.java:shutdownFollowerState(121)) - f4c54511-b161-4347-aec5-5236dc80a0d8: shutdown FollowerState
2019-10-16 18:02:25,802 [grpc-default-executor-0] INFO  impl.RoleInfo (RoleInfo.java:shutdownFollowerState(121)) - 907b9765-214b-4864-b66a-d6e2a5789e5c: shutdown FollowerState
2019-10-16 18:02:25,803 [Thread-4906] INFO  impl.FollowerState (FollowerState.java:run(117)) - f4c54511-b161-4347-aec5-5236dc80a0d8@group-EFD1D20A002C-FollowerState was interrupted: java.lang.InterruptedException: sleep interrupted
2019-10-16 18:02:25,802 [grpc-default-executor-2] INFO  impl.RoleInfo (RoleInfo.java:updateAndGet(143)) - f4c54511-b161-4347-aec5-5236dc80a0d8: start FollowerState
2019-10-16 18:02:25,803 [Thread-4905] INFO  impl.FollowerState (FollowerState.java:run(117)) - 907b9765-214b-4864-b66a-d6e2a5789e5c@group-EFD1D20A002C-FollowerState was interrupted: java.lang.InterruptedException: sleep interrupted
2019-10-16 18:02:25,803 [grpc-default-executor-0] INFO  impl.RoleInfo (RoleInfo.java:updateAndGet(143)) - 907b9765-214b-4864-b66a-d6e2a5789e5c: start FollowerState
2019-10-16 18:02:25,836 [bf55b3f9-6b09-4365-9d71-55289e083fa5@group-EFD1D20A002C-LeaderElection695] INFO  impl.LeaderElection (LeaderElection.java:logAndReturn(56)) - bf55b3f9-6b09-4365-9d71-55289e083fa5@group-EFD1D20A002C-LeaderElection695: Election REJECTED; received 2 response(s) [bf55b3f9-6b09-4365-9d71-55289e083fa5<-f4c54511-b161-4347-aec5-5236dc80a0d8#0:FAIL-t812, bf55b3f9-6b09-4365-9d71-55289e083fa5<-907b9765-214b-4864-b66a-d6e2a5789e5c#0:FAIL-t812] and 0 exception(s); bf55b3f9-6b09-4365-9d71-55289e083fa5@group-EFD1D20A002C:t812, leader=null, voted=bf55b3f9-6b09-4365-9d71-55289e083fa5, raftlog=bf55b3f9-6b09-4365-9d71-55289e083fa5@group-EFD1D20A002C-SegmentedRaftLog:OPENED:c-1,f-1,i0, conf=-1: [f4c54511-b161-4347-aec5-5236dc80a0d8:0.0.0.0:41238, 907b9765-214b-4864-b66a-d6e2a5789e5c:0.0.0.0:41650, bf55b3f9-6b09-4365-9d71-55289e083fa5:0.0.0.0:42441], old=null
2019-10-16 18:02:25,836 [bf55b3f9-6b09-4365-9d71-55289e083fa5@group-EFD1D20A002C-LeaderElection695] INFO  impl.RaftServerImpl (RaftServerImpl.java:setRole(184)) - bf55b3f9-6b09-4365-9d71-55289e083fa5@group-EFD1D20A002C: changes role from CANDIDATE to FOLLOWER at term 812 for DISCOVERED_A_NEW_TERM
2019-10-16 18:02:25,837 [bf55b3f9-6b09-4365-9d71-55289e083fa5@group-EFD1D20A002C-LeaderElection695] INFO  impl.RoleInfo (RoleInfo.java:shutdownLeaderElection(134)) - bf55b3f9-6b09-4365-9d71-55289e083fa5: shutdown LeaderElection
2019-10-16 18:02:25,837 [bf55b3f9-6b09-4365-9d71-55289e083fa5@group-EFD1D20A002C-LeaderElection695] INFO  impl.RoleInfo (RoleInfo.java:updateAndGet(143)) - bf55b3f9-6b09-4365-9d71-55289e083fa5: start FollowerState
2019-10-16 18:02:25,947 [Thread-4913] INFO  impl.FollowerState (FollowerState.java:run(108)) - bf55b3f9-6b09-4365-9d71-55289e083fa5@group-EFD1D20A002C-FollowerState: change to CANDIDATE, lastRpcTime:110ms, electionTimeout:110ms
2019-10-16 18:02:25,947 [Thread-4913] INFO  impl.RoleInfo (RoleInfo.java:shutdownFollowerState(121)) - bf55b3f9-6b09-4365-9d71-55289e083fa5: shutdown FollowerState
2019-10-16 18:02:25,947 [Thread-4913] INFO  impl.RaftServerImpl (RaftServerImpl.java:setRole(184)) - bf55b3f9-6b09-4365-9d71-55289e083fa5@group-EFD1D20A002C: changes role from  FOLLOWER to CANDIDATE at term 812 for changeToCandidate
2019-10-16 18:02:25,948 [Thread-4913] INFO  impl.RoleInfo (RoleInfo.java:updateAndGet(143)) - bf55b3f9-6b09-4365-9d71-55289e083fa5: start LeaderElection
2019-10-16 18:02:25,970 [bf55b3f9-6b09-4365-9d71-55289e083fa5@group-EFD1D20A002C-LeaderElection696] INFO  impl.LeaderElection (LeaderElection.java:askForVotes(178)) - bf55b3f9-6b09-4365-9d71-55289e083fa5@group-EFD1D20A002C-LeaderElection696: begin an election at term 813 for -1: [f4c54511-b161-4347-aec5-5236dc80a0d8:0.0.0.0:41238, 907b9765-214b-4864-b66a-d6e2a5789e5c:0.0.0.0:41650, bf55b3f9-6b09-4365-9d71-55289e083fa5:0.0.0.0:42441], old=null
2019-10-16 18:02:25,977 [grpc-default-executor-2] INFO  impl.RaftServerImpl (RaftServerImpl.java:setRole(184)) - 907b9765-214b-4864-b66a-d6e2a5789e5c@group-EFD1D20A002C: changes role from  FOLLOWER to FOLLOWER at term 813 for recognizeCandidate:bf55b3f9-6b09-4365-9d71-55289e083fa5
2019-10-16 18:02:25,977 [grpc-default-executor-0] INFO  impl.RaftServerImpl (RaftServerImpl.java:setRole(184)) - f4c54511-b161-4347-aec5-5236dc80a0d8@group-EFD1D20A002C: changes role from  FOLLOWER to FOLLOWER at term 813 for recognizeCandidate:bf55b3f9-6b09-4365-9d71-55289e083fa5
2019-10-16 18:02:25,977 [grpc-default-executor-2] INFO  impl.RoleInfo (RoleInfo.java:shutdownFollowerState(121)) - 907b9765-214b-4864-b66a-d6e2a5789e5c: shutdown FollowerState
2019-10-16 18:02:25,977 [grpc-default-executor-0] INFO  impl.RoleInfo (RoleInfo.java:shutdownFollowerState(121)) - f4c54511-b161-4347-aec5-5236dc80a0d8: shutdown FollowerState
2019-10-16 18:02:25,978 [grpc-default-executor-2] INFO  impl.RoleInfo (RoleInfo.java:updateAndGet(143)) - 907b9765-214b-4864-b66a-d6e2a5789e5c: start FollowerState
2019-10-16 18:02:25,978 [Thread-4911] INFO  impl.FollowerState (FollowerState.java:run(117)) - f4c54511-b161-4347-aec5-5236dc80a0d8@group-EFD1D20A002C-FollowerState was interrupted: java.lang.InterruptedException: sleep interrupted
2019-10-16 18:02:25,978 [grpc-default-executor-0] INFO  impl.RoleInfo (RoleInfo.java:updateAndGet(143)) - f4c54511-b161-4347-aec5-5236dc80a0d8: start FollowerState
2019-10-16 18:02:25,978 [Thread-4912] INFO  impl.FollowerState (FollowerState.java:run(117)) - 907b9765-214b-4864-b66a-d6e2a5789e5c@group-EFD1D20A002C-FollowerState was interrupted: java.lang.InterruptedException: sleep interrupted
2019-10-16 18:02:25,979 [bf55b3f9-6b09-4365-9d71-55289e083fa5@group-EFD1D20A002C-LeaderElection696] INFO  impl.LeaderElection (LeaderElection.java:logAndReturn(56)) - bf55b3f9-6b09-4365-9d71-55289e083fa5@group-EFD1D20A002C-LeaderElection696: Election TIMEOUT; received 0 response(s) [] and 0 exception(s); bf55b3f9-6b09-4365-9d71-55289e083fa5@group-EFD1D20A002C:t813, leader=null, voted=bf55b3f9-6b09-4365-9d71-55289e083fa5, raftlog=bf55b3f9-6b09-4365-9d71-55289e083fa5@group-EFD1D20A002C-SegmentedRaftLog:OPENED:c-1,f-1,i0, conf=-1: [f4c54511-b161-4347-aec5-5236dc80a0d8:0.0.0.0:41238, 907b9765-214b-4864-b66a-d6e2a5789e5c:0.0.0.0:41650, bf55b3f9-6b09-4365-9d71-55289e083fa5:0.0.0.0:42441], old=null
2019-10-16 18:02:26,021 [bf55b3f9-6b09-4365-9d71-55289e083fa5@group-EFD1D20A002C-LeaderElection696] INFO  impl.LeaderElection (LeaderElection.java:askForVotes(178)) - bf55b3f9-6b09-4365-9d71-55289e083fa5@group-EFD1D20A002C-LeaderElection696: begin an election at term 814 for -1: [f4c54511-b161-4347-aec5-5236dc80a0d8:0.0.0.0:41238, 907b9765-214b-4864-b66a-d6e2a5789e5c:0.0.0.0:41650, bf55b3f9-6b09-4365-9d71-55289e083fa5:0.0.0.0:42441], old=null
2019-10-16 18:02:26,023 [grpc-default-executor-0] INFO  impl.RaftServerImpl (RaftServerImpl.java:setRole(184)) - f4c54511-b161-4347-aec5-5236dc80a0d8@group-EFD1D20A002C: changes role from  FOLLOWER to FOLLOWER at term 814 for recognizeCandidate:bf55b3f9-6b09-4365-9d71-55289e083fa5
2019-10-16 18:02:26,023 [grpc-default-executor-0] INFO  impl.RoleInfo (RoleInfo.java:shutdownFollowerState(121)) - f4c54511-b161-4347-aec5-5236dc80a0d8: shutdown FollowerState
2019-10-16 18:02:26,023 [grpc-default-executor-2] INFO  impl.RaftServerImpl (RaftServerImpl.java:setRole(184)) - 907b9765-214b-4864-b66a-d6e2a5789e5c@group-EFD1D20A002C: changes role from  FOLLOWER to FOLLOWER at term 814 for recognizeCandidate:bf55b3f9-6b09-4365-9d71-55289e083fa5
2019-10-16 18:02:26,023 [grpc-default-executor-2] INFO  impl.RoleInfo (RoleInfo.java:shutdownFollowerState(121)) - 907b9765-214b-4864-b66a-d6e2a5789e5c: shutdown FollowerState
2019-10-16 18:02:26,023 [Thread-4918] INFO  impl.FollowerState (FollowerState.java:run(117)) - f4c54511-b161-4347-aec5-5236dc80a0d8@group-EFD1D20A002C-FollowerState was interrupted: java.lang.InterruptedException: sleep interrupted
2019-10-16 18:02:26,023 [grpc-default-executor-0] INFO  impl.RoleInfo (RoleInfo.java:updateAndGet(143)) - f4c54511-b161-4347-aec5-5236dc80a0d8: start FollowerState
2019-10-16 18:02:26,024 [Thread-4917] INFO  impl.FollowerState (FollowerState.java:run(117)) - 907b9765-214b-4864-b66a-d6e2a5789e5c@group-EFD1D20A002C-FollowerState was interrupted: java.lang.InterruptedException: sleep interrupted
2019-10-16 18:02:26,024 [grpc-default-executor-2] INFO  impl.RoleInfo (RoleInfo.java:updateAndGet(143)) - 907b9765-214b-4864-b66a-d6e2a5789e5c: start FollowerState
2019-10-16 18:02:26,047 [bf55b3f9-6b09-4365-9d71-55289e083fa5@group-EFD1D20A002C-LeaderElection696] INFO  impl.LeaderElection (LeaderElection.java:logAndReturn(56)) - bf55b3f9-6b09-4365-9d71-55289e083fa5@group-EFD1D20A002C-LeaderElection696: Election REJECTED; received 2 response(s) [bf55b3f9-6b09-4365-9d71-55289e083fa5<-f4c54511-b161-4347-aec5-5236dc80a0d8#0:FAIL-t814, bf55b3f9-6b09-4365-9d71-55289e083fa5<-907b9765-214b-4864-b66a-d6e2a5789e5c#0:FAIL-t814] and 0 exception(s); bf55b3f9-6b09-4365-9d71-55289e083fa5@group-EFD1D20A002C:t814, leader=null, voted=bf55b3f9-6b09-4365-9d71-55289e083fa5, raftlog=bf55b3f9-6b09-4365-9d71-55289e083fa5@group-EFD1D20A002C-SegmentedRaftLog:OPENED:c-1,f-1,i0, conf=-1: [f4c54511-b161-4347-aec5-5236dc80a0d8:0.0.0.0:41238, 907b9765-214b-4864-b66a-d6e2a5789e5c:0.0.0.0:41650, bf55b3f9-6b09-4365-9d71-55289e083fa5:0.0.0.0:42441], old=null
2019-10-16 18:02:26,047 [bf55b3f9-6b09-4365-9d71-55289e083fa5@group-EFD1D20A002C-LeaderElection696] INFO  impl.RaftServerImpl (RaftServerImpl.java:setRole(184)) - bf55b3f9-6b09-4365-9d71-55289e083fa5@group-EFD1D20A002C: changes role from CANDIDATE to FOLLOWER at term 814 for DISCOVERED_A_NEW_TERM
2019-10-16 18:02:26,047 [bf55b3f9-6b09-4365-9d71-55289e083fa5@group-EFD1D20A002C-LeaderElection696] INFO  impl.RoleInfo (RoleInfo.java:shutdownLeaderElection(134)) - bf55b3f9-6b09-4365-9d71-55289e083fa5: shutdown LeaderElection
2019-10-16 18:02:26,047 [bf55b3f9-6b09-4365-9d71-55289e083fa5@group-EFD1D20A002C-LeaderElection696] INFO  impl.RoleInfo (RoleInfo.java:updateAndGet(143)) - bf55b3f9-6b09-4365-9d71-55289e083fa5: start FollowerState
2019-10-16 18:02:26,058 [Thread-4923] INFO  impl.FollowerState (FollowerState.java:run(108)) - bf55b3f9-6b09-4365-9d71-55289e083fa5@group-EFD1D20A002C-FollowerState: change to CANDIDATE, lastRpcTime:10ms, electionTimeout:10ms
2019-10-16 18:02:26,058 [Thread-4923] INFO  impl.RoleInfo (RoleInfo.java:shutdownFollowerState(121)) - bf55b3f9-6b09-4365-9d71-55289e083fa5: shutdown FollowerState
2019-10-16 18:02:26,058 [Thread-4923] INFO  impl.RaftServerImpl (RaftServerImpl.java:setRole(184)) - bf55b3f9-6b09-4365-9d71-55289e083fa5@group-EFD1D20A002C: changes role from  FOLLOWER to CANDIDATE at term 814 for changeToCandidate
2019-10-16 18:02:26,059 [Thread-4923] INFO  impl.RoleInfo (RoleInfo.java:updateAndGet(143)) - bf55b3f9-6b09-4365-9d71-55289e083fa5: start LeaderElection
2019-10-16 18:02:26,089 [bf55b3f9-6b09-4365-9d71-55289e083fa5@group-EFD1D20A002C-LeaderElection697] INFO  impl.LeaderElection (LeaderElection.java:askForVotes(178)) - bf55b3f9-6b09-4365-9d71-55289e083fa5@group-EFD1D20A002C-LeaderElection697: begin an election at term 815 for -1: [f4c54511-b161-4347-aec5-5236dc80a0d8:0.0.0.0:41238, 907b9765-214b-4864-b66a-d6e2a5789e5c:0.0.0.0:41650, bf55b3f9-6b09-4365-9d71-55289e083fa5:0.0.0.0:42441], old=null
2019-10-16 18:02:26,090 [grpc-default-executor-0] INFO  impl.RaftServerImpl (RaftServerImpl.java:setRole(184)) - 907b9765-214b-4864-b66a-d6e2a5789e5c@group-EFD1D20A002C: changes role from  FOLLOWER to FOLLOWER at term 815 for recognizeCandidate:bf55b3f9-6b09-4365-9d71-55289e083fa5
2019-10-16 18:02:26,090 [grpc-default-executor-2] INFO  impl.RaftServerImpl (RaftServerImpl.java:setRole(184)) - f4c54511-b161-4347-aec5-5236dc80a0d8@group-EFD1D20A002C: changes role from  FOLLOWER to FOLLOWER at term 815 for recognizeCandidate:bf55b3f9-6b09-4365-9d71-55289e083fa5
2019-10-16 18:02:26,091 [grpc-default-executor-2] INFO  impl.RoleInfo (RoleInfo.java:shutdownFollowerState(121)) - f4c54511-b161-4347-aec5-5236dc80a0d8: shutdown FollowerState
2019-10-16 18:02:26,091 [grpc-default-executor-0] INFO  impl.RoleInfo (RoleInfo.java:shutdownFollowerState(121)) - 907b9765-214b-4864-b66a-d6e2a5789e5c: shutdown FollowerState
2019-10-16 18:02:26,091 [Thread-4921] INFO  impl.FollowerState (FollowerState.java:run(117)) - f4c54511-b161-4347-aec5-5236dc80a0d8@group-EFD1D20A002C-FollowerState was interrupted: java.lang.InterruptedException: sleep interrupted
2019-10-16 18:02:26,091 [Thread-4922] INFO  impl.FollowerState (FollowerState.java:run(117)) - 907b9765-214b-4864-b66a-d6e2a5789e5c@group-EFD1D20A002C-FollowerState was interrupted: java.lang.InterruptedException: sleep interrupted
2019-10-16 18:02:26,091 [grpc-default-executor-2] INFO  impl.RoleInfo (RoleInfo.java:updateAndGet(143)) - f4c54511-b161-4347-aec5-5236dc80a0d8: start FollowerState
2019-10-16 18:02:26,091 [grpc-default-executor-0] INFO  impl.RoleInfo (RoleInfo.java:updateAndGet(143)) - 907b9765-214b-4864-b66a-d6e2a5789e5c: start FollowerState
2019-10-16 18:02:26,092 [bf55b3f9-6b09-4365-9d71-55289e083fa5@group-EFD1D20A002C-LeaderElection697] INFO  impl.LeaderElection (LeaderElection.java:logAndReturn(56)) - bf55b3f9-6b09-4365-9d71-55289e083fa5@group-EFD1D20A002C-LeaderElection697: Election TIMEOUT; received 0 response(s) [] and 0 exception(s); bf55b3f9-6b09-4365-9d71-55289e083fa5@group-EFD1D20A002C:t815, leader=null, voted=bf55b3f9-6b09-4365-9d71-55289e083fa5, raftlog=bf55b3f9-6b09-4365-9d71-55289e083fa5@group-EFD1D20A002C-SegmentedRaftLog:OPENED:c-1,f-1,i0, conf=-1: [f4c54511-b161-4347-aec5-5236dc80a0d8:0.0.0.0:41238, 907b9765-214b-4864-b66a-d6e2a5789e5c:0.0.0.0:41650, bf55b3f9-6b09-4365-9d71-55289e083fa5:0.0.0.0:42441], old=null
2019-10-16 18:02:26,123 [bf55b3f9-6b09-4365-9d71-55289e083fa5@group-EFD1D20A002C-LeaderElection697] INFO  impl.LeaderElection (LeaderElection.java:askForVotes(178)) - bf55b3f9-6b09-4365-9d71-55289e083fa5@group-EFD1D20A002C-LeaderElection697: begin an election at term 816 for -1: [f4c54511-b161-4347-aec5-5236dc80a0d8:0.0.0.0:41238, 907b9765-214b-4864-b66a-d6e2a5789e5c:0.0.0.0:41650, bf55b3f9-6b09-4365-9d71-55289e083fa5:0.0.0.0:42441], old=null
2019-10-16 18:02:26,125 [grpc-default-executor-0] INFO  impl.RaftServerImpl (RaftServerImpl.java:setRole(184)) - 907b9765-214b-4864-b66a-d6e2a5789e5c@group-EFD1D20A002C: changes role from  FOLLOWER to FOLLOWER at term 816 for recognizeCandidate:bf55b3f9-6b09-4365-9d71-55289e083fa5
2019-10-16 18:02:26,125 [grpc-default-executor-0] INFO  impl.RoleInfo (RoleInfo.java:shutdownFollowerState(121)) - 907b9765-214b-4864-b66a-d6e2a5789e5c: shutdown FollowerState
2019-10-16 18:02:26,125 [grpc-default-executor-0] INFO  impl.RoleInfo (RoleInfo.java:updateAndGet(143)) - 907b9765-214b-4864-b66a-d6e2a5789e5c: start FollowerState
2019-10-16 18:02:26,125 [Thread-4928] INFO  impl.FollowerState (FollowerState.java:run(117)) - 907b9765-214b-4864-b66a-d6e2a5789e5c@group-EFD1D20A002C-FollowerState was interrupted: java.lang.InterruptedException: sleep interrupted
2019-10-16 18:02:26,125 [grpc-default-executor-2] INFO  impl.RaftServerImpl (RaftServerImpl.java:setRole(184)) - f4c54511-b161-4347-aec5-5236dc80a0d8@group-EFD1D20A002C: changes role from  FOLLOWER to FOLLOWER at term 816 for recognizeCandidate:bf55b3f9-6b09-4365-9d71-55289e083fa5
2019-10-16 18:02:26,125 [grpc-default-executor-2] INFO  impl.RoleInfo (RoleInfo.java:shutdownFollowerState(121)) - f4c54511-b161-4347-aec5-5236dc80a0d8: shutdown FollowerState
2019-10-16 18:02:26,126 [grpc-default-executor-2] INFO  impl.RoleInfo (RoleInfo.java:updateAndGet(143)) - f4c54511-b161-4347-aec5-5236dc80a0d8: start FollowerState
2019-10-16 18:02:26,126 [Thread-4927] INFO  impl.FollowerState (FollowerState.java:run(117)) - f4c54511-b161-4347-aec5-5236dc80a0d8@group-EFD1D20A002C-FollowerState was interrupted: java.lang.InterruptedException: sleep interrupted
2019-10-16 18:02:26,147 [bf55b3f9-6b09-4365-9d71-55289e083fa5@group-EFD1D20A002C-LeaderElection697] INFO  impl.LeaderElection (LeaderElection.java:logAndReturn(56)) - bf55b3f9-6b09-4365-9d71-55289e083fa5@group-EFD1D20A002C-LeaderElection697: Election TIMEOUT; received 0 response(s) [] and 0 exception(s); bf55b3f9-6b09-4365-9d71-55289e083fa5@group-EFD1D20A002C:t816, leader=null, voted=bf55b3f9-6b09-4365-9d71-55289e083fa5, raftlog=bf55b3f9-6b09-4365-9d71-55289e083fa5@group-EFD1D20A002C-SegmentedRaftLog:OPENED:c-1,f-1,i0, conf=-1: [f4c54511-b161-4347-aec5-5236dc80a0d8:0.0.0.0:41238, 907b9765-214b-4864-b66a-d6e2a5789e5c:0.0.0.0:41650, bf55b3f9-6b09-4365-9d71-55289e083fa5:0.0.0.0:42441], old=null
2019-10-16 18:02:26,166 [bf55b3f9-6b09-4365-9d71-55289e083fa5@group-EFD1D20A002C-LeaderElection697] INFO  impl.LeaderElection (LeaderElection.java:askForVotes(178)) - bf55b3f9-6b09-4365-9d71-55289e083fa5@group-EFD1D20A002C-LeaderElection697: begin an election at term 817 for -1: [f4c54511-b161-4347-aec5-5236dc80a0d8:0.0.0.0:41238, 907b9765-214b-4864-b66a-d6e2a5789e5c:0.0.0.0:41650, bf55b3f9-6b09-4365-9d71-55289e083fa5:0.0.0.0:42441], old=null
2019-10-16 18:02:26,168 [grpc-default-executor-0] INFO  impl.RaftServerImpl (RaftServerImpl.java:setRole(184)) - 907b9765-214b-4864-b66a-d6e2a5789e5c@group-EFD1D20A002C: changes role from  FOLLOWER to FOLLOWER at term 817 for recognizeCandidate:bf55b3f9-6b09-4365-9d71-55289e083fa5
2019-10-16 18:02:26,168 [grpc-default-executor-0] INFO  impl.RoleInfo (RoleInfo.java:shutdownFollowerState(121)) - 907b9765-214b-4864-b66a-d6e2a5789e5c: shutdown FollowerState
2019-10-16 18:02:26,168 [grpc-default-executor-2] INFO  impl.RaftServerImpl (RaftServerImpl.java:setRole(184)) - f4c54511-b161-4347-aec5-5236dc80a0d8@group-EFD1D20A002C: changes role from  FOLLOWER to FOLLOWER at term 817 for recognizeCandidate:bf55b3f9-6b09-4365-9d71-55289e083fa5
2019-10-16 18:02:26,168 [Thread-4931] INFO  impl.FollowerState (FollowerState.java:run(117)) - 907b9765-214b-4864-b66a-d6e2a5789e5c@group-EFD1D20A002C-FollowerState was interrupted: java.lang.InterruptedException: sleep interrupted
2019-10-16 18:02:26,168 [grpc-default-executor-0] INFO  impl.RoleInfo (RoleInfo.java:updateAndGet(143)) - 907b9765-214b-4864-b66a-d6e2a5789e5c: start FollowerState
2019-10-16 18:02:26,168 [grpc-default-executor-2] INFO  impl.RoleInfo (RoleInfo.java:shutdownFollowerState(121)) - f4c54511-b161-4347-aec5-5236dc80a0d8: shutdown FollowerState
2019-10-16 18:02:26,169 [grpc-default-executor-2] INFO  impl.RoleInfo (RoleInfo.java:updateAndGet(143)) - f4c54511-b161-4347-aec5-5236dc80a0d8: start FollowerState
2019-10-16 18:02:26,169 [Thread-4932] INFO  impl.FollowerState (FollowerState.java:run(117)) - f4c54511-b161-4347-aec5-5236dc80a0d8@group-EFD1D20A002C-FollowerState was interrupted: java.lang.InterruptedException: sleep interrupted
2019-10-16 18:02:26,192 [bf55b3f9-6b09-4365-9d71-55289e083fa5@group-EFD1D20A002C-LeaderElection697] INFO  impl.LeaderElection (LeaderElection.java:logAndReturn(56)) - bf55b3f9-6b09-4365-9d71-55289e083fa5@group-EFD1D20A002C-LeaderElection697: Election REJECTED; received 2 response(s) [bf55b3f9-6b09-4365-9d71-55289e083fa5<-f4c54511-b161-4347-aec5-5236dc80a0d8#0:FAIL-t817, bf55b3f9-6b09-4365-9d71-55289e083fa5<-907b9765-214b-4864-b66a-d6e2a5789e5c#0:FAIL-t817] and 0 exception(s); bf55b3f9-6b09-4365-9d71-55289e083fa5@group-EFD1D20A002C:t817, leader=null, voted=bf55b3f9-6b09-4365-9d71-55289e083fa5, raftlog=bf55b3f9-6b09-4365-9d71-55289e083fa5@group-EFD1D20A002C-SegmentedRaftLog:OPENED:c-1,f-1,i0, conf=-1: [f4c54511-b161-4347-aec5-5236dc80a0d8:0.0.0.0:41238, 907b9765-214b-4864-b66a-d6e2a5789e5c:0.0.0.0:41650, bf55b3f9-6b09-4365-9d71-55289e083fa5:0.0.0.0:42441], old=null
2019-10-16 18:02:26,192 [bf55b3f9-6b09-4365-9d71-55289e083fa5@group-EFD1D20A002C-LeaderElection697] INFO  impl.RaftServerImpl (RaftServerImpl.java:setRole(184)) - bf55b3f9-6b09-4365-9d71-55289e083fa5@group-EFD1D20A002C: changes role from CANDIDATE to FOLLOWER at term 817 for DISCOVERED_A_NEW_TERM
2019-10-16 18:02:26,192 [bf55b3f9-6b09-4365-9d71-55289e083fa5@group-EFD1D20A002C-LeaderElection697] INFO  impl.RoleInfo (RoleInfo.java:shutdownLeaderElection(134)) - bf55b3f9-6b09-4365-9d71-55289e083fa5: shutdown LeaderElection
2019-10-16 18:02:26,192 [bf55b3f9-6b09-4365-9d71-55289e083fa5@group-EFD1D20A002C-LeaderElection697] INFO  impl.RoleInfo (RoleInfo.java:updateAndGet(143)) - bf55b3f9-6b09-4365-9d71-55289e083fa5: start FollowerState
2019-10-16 18:02:26,246 [Thread-4937] INFO  impl.FollowerState (FollowerState.java:run(108)) - bf55b3f9-6b09-4365-9d71-55289e083fa5@group-EFD1D20A002C-FollowerState: change to CANDIDATE, lastRpcTime:53ms, electionTimeout:53ms
2019-10-16 18:02:26,246 [Thread-4937] INFO  impl.RoleInfo (RoleInfo.java:shutdownFollowerState(121)) - bf55b3f9-6b09-4365-9d71-55289e083fa5: shutdown FollowerState
2019-10-16 18:02:26,246 [Thread-4937] INFO  impl.RaftServerImpl (RaftServerImpl.java:setRole(184)) - bf55b3f9-6b09-4365-9d71-55289e083fa5@group-EFD1D20A002C: changes role from  FOLLOWER to CANDIDATE at term 817 for changeToCandidate
2019-10-16 18:02:26,246 [Thread-4937] INFO  impl.RoleInfo (RoleInfo.java:updateAndGet(143)) - bf55b3f9-6b09-4365-9d71-55289e083fa5: start LeaderElection
2019-10-16 18:02:26,283 [bf55b3f9-6b09-4365-9d71-55289e083fa5@group-EFD1D20A002C-LeaderElection698] INFO  impl.LeaderElection (LeaderElection.java:askForVotes(178)) - bf55b3f9-6b09-4365-9d71-55289e083fa5@group-EFD1D20A002C-LeaderElection698: begin an election at term 818 for -1: [f4c54511-b161-4347-aec5-5236dc80a0d8:0.0.0.0:41238, 907b9765-214b-4864-b66a-d6e2a5789e5c:0.0.0.0:41650, bf55b3f9-6b09-4365-9d71-55289e083fa5:0.0.0.0:42441], old=null
2019-10-16 18:02:26,285 [grpc-default-executor-0] INFO  impl.RaftServerImpl (RaftServerImpl.java:setRole(184)) - 907b9765-214b-4864-b66a-d6e2a5789e5c@group-EFD1D20A002C: changes role from  FOLLOWER to FOLLOWER at term 818 for recognizeCandidate:bf55b3f9-6b09-4365-9d71-55289e083fa5
2019-10-16 18:02:26,285 [grpc-default-executor-0] INFO  impl.RoleInfo (RoleInfo.java:shutdownFollowerState(121)) - 907b9765-214b-4864-b66a-d6e2a5789e5c: shutdown FollowerState
2019-10-16 18:02:26,285 [grpc-default-executor-2] INFO  impl.RaftServerImpl (RaftServerImpl.java:setRole(184)) - f4c54511-b161-4347-aec5-5236dc80a0d8@group-EFD1D20A002C: changes role from  FOLLOWER to FOLLOWER at term 818 for recognizeCandidate:bf55b3f9-6b09-4365-9d71-55289e083fa5
2019-10-16 18:02:26,285 [grpc-default-executor-0] INFO  impl.RoleInfo (RoleInfo.java:updateAndGet(143)) - 907b9765-214b-4864-b66a-d6e2a5789e5c: start FollowerState
2019-10-16 18:02:26,285 [Thread-4935] INFO  impl.FollowerState (FollowerState.java:run(117)) - 907b9765-214b-4864-b66a-d6e2a5789e5c@group-EFD1D20A002C-FollowerState was interrupted: java.lang.InterruptedException: sleep interrupted
2019-10-16 18:02:26,286 [grpc-default-executor-2] INFO  impl.RoleInfo (RoleInfo.java:shutdownFollowerState(121)) - f4c54511-b161-4347-aec5-5236dc80a0d8: shutdown FollowerState
2019-10-16 18:02:26,286 [grpc-default-executor-2] INFO  impl.RoleInfo (RoleInfo.java:updateAndGet(143)) - f4c54511-b161-4347-aec5-5236dc80a0d8: start FollowerState
2019-10-16 18:02:26,286 [Thread-4936] INFO  impl.FollowerState (FollowerState.java:run(117)) - f4c54511-b161-4347-aec5-5236dc80a0d8@group-EFD1D20A002C-FollowerState was interrupted: java.lang.InterruptedException: sleep interrupted
2019-10-16 18:02:26,318 [bf55b3f9-6b09-4365-9d71-55289e083fa5@group-EFD1D20A002C-LeaderElection698] INFO  impl.LeaderElection (LeaderElection.java:logAndReturn(56)) - bf55b3f9-6b09-4365-9d71-55289e083fa5@group-EFD1D20A002C-LeaderElection698: Election REJECTED; received 2 response(s) [bf55b3f9-6b09-4365-9d71-55289e083fa5<-f4c54511-b161-4347-aec5-5236dc80a0d8#0:FAIL-t818, bf55b3f9-6b09-4365-9d71-55289e083fa5<-907b9765-214b-4864-b66a-d6e2a5789e5c#0:FAIL-t818] and 0 exception(s); bf55b3f9-6b09-4365-9d71-55289e083fa5@group-EFD1D20A002C:t818, leader=null, voted=bf55b3f9-6b09-4365-9d71-55289e083fa5, raftlog=bf55b3f9-6b09-4365-9d71-55289e083fa5@group-EFD1D20A002C-SegmentedRaftLog:OPENED:c-1,f-1,i0, conf=-1: [f4c54511-b161-4347-aec5-5236dc80a0d8:0.0.0.0:41238, 907b9765-214b-4864-b66a-d6e2a5789e5c:0.0.0.0:41650, bf55b3f9-6b09-4365-9d71-55289e083fa5:0.0.0.0:42441], old=null
2019-10-16 18:02:26,318 [bf55b3f9-6b09-4365-9d71-55289e083fa5@group-EFD1D20A002C-LeaderElection698] INFO  impl.RaftServerImpl (RaftServerImpl.java:setRole(184)) - bf55b3f9-6b09-4365-9d71-55289e083fa5@group-EFD1D20A002C: changes role from CANDIDATE to FOLLOWER at term 818 for DISCOVERED_A_NEW_TERM
2019-10-16 18:02:26,319 [bf55b3f9-6b09-4365-9d71-55289e083fa5@group-EFD1D20A002C-LeaderElection698] INFO  impl.RoleInfo (RoleInfo.java:shutdownLeaderElection(134)) - bf55b3f9-6b09-4365-9d71-55289e083fa5: shutdown LeaderElection
2019-10-16 18:02:26,319 [bf55b3f9-6b09-4365-9d71-55289e083fa5@group-EFD1D20A002C-LeaderElection698] INFO  impl.RoleInfo (RoleInfo.java:updateAndGet(143)) - bf55b3f9-6b09-4365-9d71-55289e083fa5: start FollowerState
2019-10-16 18:02:26,367 [Thread-4943] INFO  impl.FollowerState (FollowerState.java:run(108)) - bf55b3f9-6b09-4365-9d71-55289e083fa5@group-EFD1D20A002C-FollowerState: change to CANDIDATE, lastRpcTime:48ms, electionTimeout:48ms
2019-10-16 18:02:26,367 [Thread-4943] INFO  impl.RoleInfo (RoleInfo.java:shutdownFollowerState(121)) - bf55b3f9-6b09-4365-9d71-55289e083fa5: shutdown FollowerState
2019-10-16 18:02:26,367 [Thread-4943] INFO  impl.RaftServerImpl (RaftServerImpl.java:setRole(184)) - bf55b3f9-6b09-4365-9d71-55289e083fa5@group-EFD1D20A002C: changes role from  FOLLOWER to CANDIDATE at term 818 for changeToCandidate
2019-10-16 18:02:26,381 [Thread-4943] WARN  impl.FollowerState (FollowerState.java:run(121)) - bf55b3f9-6b09-4365-9d71-55289e083fa5@group-EFD1D20A002C-FollowerState caught an exception
java.lang.NullPointerException
	at org.apache.hadoop.ozone.container.common.transport.server.ratis.XceiverServerRatis.triggerPipelineClose(XceiverServerRatis.java:577)
	at org.apache.hadoop.ozone.container.common.transport.server.ratis.XceiverServerRatis.handlePipelineFailure(XceiverServerRatis.java:560)
	at org.apache.hadoop.ozone.container.common.transport.server.ratis.XceiverServerRatis.handleNoLeader(XceiverServerRatis.java:625)
	at org.apache.hadoop.ozone.container.common.transport.server.ratis.ContainerStateMachine.notifyExtendedNoLeader(ContainerStateMachine.java:825)
	at org.apache.ratis.server.impl.RaftServerImpl.changeToCandidate(RaftServerImpl.java:432)
	at org.apache.ratis.server.impl.FollowerState.run(FollowerState.java:112)
2019-10-16 18:02:31,379 [Thread-4942] INFO  impl.FollowerState (FollowerState.java:run(108)) - f4c54511-b161-4347-aec5-5236dc80a0d8@group-EFD1D20A002C-FollowerState: change to CANDIDATE, lastRpcTime:5092ms, electionTimeout:5092ms
2019-10-16 18:02:31,380 [Thread-4942] INFO  impl.RoleInfo (RoleInfo.java:shutdownFollowerState(121)) - f4c54511-b161-4347-aec5-5236dc80a0d8: shutdown FollowerState
2019-10-16 18:02:31,381 [Thread-4942] INFO  impl.RaftServerImpl (RaftServerImpl.java:setRole(184)) - f4c54511-b161-4347-aec5-5236dc80a0d8@group-EFD1D20A002C: changes role from  FOLLOWER to CANDIDATE at term 818 for changeToCandidate
2019-10-16 18:02:31,382 [Thread-4942] WARN  impl.FollowerState (FollowerState.java:run(121)) - f4c54511-b161-4347-aec5-5236dc80a0d8@group-EFD1D20A002C-FollowerState caught an exception
java.lang.NullPointerException
	at org.apache.hadoop.ozone.container.common.transport.server.ratis.XceiverServerRatis.triggerPipelineClose(XceiverServerRatis.java:577)
	at org.apache.hadoop.ozone.container.common.transport.server.ratis.XceiverServerRatis.handlePipelineFailure(XceiverServerRatis.java:560)
	at org.apache.hadoop.ozone.container.common.transport.server.ratis.XceiverServerRatis.handleNoLeader(XceiverServerRatis.java:625)
	at org.apache.hadoop.ozone.container.common.transport.server.ratis.ContainerStateMachine.notifyExtendedNoLeader(ContainerStateMachine.java:825)
	at org.apache.ratis.server.impl.RaftServerImpl.changeToCandidate(RaftServerImpl.java:432)
	at org.apache.ratis.server.impl.FollowerState.run(FollowerState.java:112)
2019-10-16 18:02:31,404 [Thread-4941] INFO  impl.FollowerState (FollowerState.java:run(108)) - 907b9765-214b-4864-b66a-d6e2a5789e5c@group-EFD1D20A002C-FollowerState: change to CANDIDATE, lastRpcTime:5118ms, electionTimeout:5118ms
2019-10-16 18:02:31,404 [Thread-4941] INFO  impl.RoleInfo (RoleInfo.java:shutdownFollowerState(121)) - 907b9765-214b-4864-b66a-d6e2a5789e5c: shutdown FollowerState
2019-10-16 18:02:31,404 [Thread-4941] INFO  impl.RaftServerImpl (RaftServerImpl.java:setRole(184)) - 907b9765-214b-4864-b66a-d6e2a5789e5c@group-EFD1D20A002C: changes role from  FOLLOWER to CANDIDATE at term 818 for changeToCandidate
2019-10-16 18:02:31,405 [Thread-4941] WARN  impl.FollowerState (FollowerState.java:run(121)) - 907b9765-214b-4864-b66a-d6e2a5789e5c@group-EFD1D20A002C-FollowerState caught an exception
java.lang.NullPointerException
	at org.apache.hadoop.ozone.container.common.transport.server.ratis.XceiverServerRatis.triggerPipelineClose(XceiverServerRatis.java:577)
	at org.apache.hadoop.ozone.container.common.transport.server.ratis.XceiverServerRatis.handlePipelineFailure(XceiverServerRatis.java:560)
	at org.apache.hadoop.ozone.container.common.transport.server.ratis.XceiverServerRatis.handleNoLeader(XceiverServerRatis.java:625)
	at org.apache.hadoop.ozone.container.common.transport.server.ratis.ContainerStateMachine.notifyExtendedNoLeader(ContainerStateMachine.java:825)
	at org.apache.ratis.server.impl.RaftServerImpl.changeToCandidate(RaftServerImpl.java:432)
	at org.apache.ratis.server.impl.FollowerState.run(FollowerState.java:112)
2019-10-16 18:03:27,028 [main] INFO  impl.RaftServerProxy (RaftServerProxy.java:lambda$close$4(314)) - 907b9765-214b-4864-b66a-d6e2a5789e5c: close
2019-10-16 18:03:27,028 [main] INFO  impl.RaftServerImpl (RaftServerImpl.java:lambda$shutdown$3(261)) - 907b9765-214b-4864-b66a-d6e2a5789e5c@group-EFD1D20A002C: shutdown
2019-10-16 18:03:27,029 [main] INFO  util.JmxRegister (JmxRegister.java:unregister(73)) - Successfully un-registered JMX Bean with object name Ratis:service=RaftServer,group=group-EFD1D20A002C,id=907b9765-214b-4864-b66a-d6e2a5789e5c
2019-10-16 18:03:27,030 [main] INFO  impl.StateMachineUpdater (StateMachineUpdater.java:stopAndJoin(136)) - 907b9765-214b-4864-b66a-d6e2a5789e5c@group-EFD1D20A002C-StateMachineUpdater: set stopIndex = -1
2019-10-16 18:03:27,030 [main] INFO  impl.RaftServerImpl (ServerState.java:close(388)) - 907b9765-214b-4864-b66a-d6e2a5789e5c@group-EFD1D20A002C: closes. applyIndex: -1
2019-10-16 18:03:27,031 [907b9765-214b-4864-b66a-d6e2a5789e5c@group-EFD1D20A002C-SegmentedRaftLogWorker] INFO  segmented.SegmentedRaftLogWorker (SegmentedRaftLogWorker.java:run(316)) - 907b9765-214b-4864-b66a-d6e2a5789e5c@group-EFD1D20A002C-SegmentedRaftLogWorker was interrupted, exiting. There are 0 tasks remaining in the queue.
2019-10-16 18:03:27,040 [main] INFO  segmented.SegmentedRaftLogWorker (SegmentedRaftLogWorker.java:close(224)) - 907b9765-214b-4864-b66a-d6e2a5789e5c@group-EFD1D20A002C-SegmentedRaftLogWorker close()
2019-10-16 18:03:27,041 [main] INFO  server.GrpcService (GrpcService.java:closeImpl(164)) - 907b9765-214b-4864-b66a-d6e2a5789e5c: shutdown server with port 41650 now
2019-10-16 18:03:27,043 [main] INFO  server.GrpcService (GrpcService.java:closeImpl(172)) - 907b9765-214b-4864-b66a-d6e2a5789e5c: shutdown server with port 41650 successfully
2019-10-16 18:03:27,044 [main] INFO  impl.RaftServerProxy (RaftServerProxy.java:lambda$close$4(314)) - f4c54511-b161-4347-aec5-5236dc80a0d8: close
2019-10-16 18:03:27,044 [main] INFO  impl.RaftServerImpl (RaftServerImpl.java:lambda$shutdown$3(261)) - f4c54511-b161-4347-aec5-5236dc80a0d8@group-EFD1D20A002C: shutdown
2019-10-16 18:03:27,045 [main] INFO  util.JmxRegister (JmxRegister.java:unregister(73)) - Successfully un-registered JMX Bean with object name Ratis:service=RaftServer,group=group-EFD1D20A002C,id=f4c54511-b161-4347-aec5-5236dc80a0d8
2019-10-16 18:03:27,045 [main] INFO  impl.StateMachineUpdater (StateMachineUpdater.java:stopAndJoin(136)) - f4c54511-b161-4347-aec5-5236dc80a0d8@group-EFD1D20A002C-StateMachineUpdater: set stopIndex = -1
2019-10-16 18:03:27,046 [main] INFO  impl.RaftServerImpl (ServerState.java:close(388)) - f4c54511-b161-4347-aec5-5236dc80a0d8@group-EFD1D20A002C: closes. applyIndex: -1
2019-10-16 18:03:27,046 [f4c54511-b161-4347-aec5-5236dc80a0d8@group-EFD1D20A002C-SegmentedRaftLogWorker] INFO  segmented.SegmentedRaftLogWorker (SegmentedRaftLogWorker.java:run(316)) - f4c54511-b161-4347-aec5-5236dc80a0d8@group-EFD1D20A002C-SegmentedRaftLogWorker was interrupted, exiting. There are 0 tasks remaining in the queue.
2019-10-16 18:03:27,047 [main] INFO  segmented.SegmentedRaftLogWorker (SegmentedRaftLogWorker.java:close(224)) - f4c54511-b161-4347-aec5-5236dc80a0d8@group-EFD1D20A002C-SegmentedRaftLogWorker close()
2019-10-16 18:03:27,048 [main] INFO  server.GrpcService (GrpcService.java:closeImpl(164)) - f4c54511-b161-4347-aec5-5236dc80a0d8: shutdown server with port 41238 now
2019-10-16 18:03:27,050 [main] INFO  server.GrpcService (GrpcService.java:closeImpl(172)) - f4c54511-b161-4347-aec5-5236dc80a0d8: shutdown server with port 41238 successfully
2019-10-16 18:03:27,245 [main] INFO  impl.RaftServerProxy (RaftServerProxy.java:lambda$close$4(314)) - bf55b3f9-6b09-4365-9d71-55289e083fa5: close
2019-10-16 18:03:27,246 [main] INFO  impl.RaftServerImpl (RaftServerImpl.java:lambda$shutdown$3(261)) - bf55b3f9-6b09-4365-9d71-55289e083fa5@group-EFD1D20A002C: shutdown
2019-10-16 18:03:27,247 [main] INFO  util.JmxRegister (JmxRegister.java:unregister(73)) - Successfully un-registered JMX Bean with object name Ratis:service=RaftServer,group=group-EFD1D20A002C,id=bf55b3f9-6b09-4365-9d71-55289e083fa5
2019-10-16 18:03:27,248 [main] INFO  impl.StateMachineUpdater (StateMachineUpdater.java:stopAndJoin(136)) - bf55b3f9-6b09-4365-9d71-55289e083fa5@group-EFD1D20A002C-StateMachineUpdater: set stopIndex = -1
2019-10-16 18:03:27,249 [main] INFO  impl.RaftServerImpl (ServerState.java:close(388)) - bf55b3f9-6b09-4365-9d71-55289e083fa5@group-EFD1D20A002C: closes. applyIndex: -1
2019-10-16 18:03:27,249 [bf55b3f9-6b09-4365-9d71-55289e083fa5@group-EFD1D20A002C-SegmentedRaftLogWorker] INFO  segmented.SegmentedRaftLogWorker (SegmentedRaftLogWorker.java:run(316)) - bf55b3f9-6b09-4365-9d71-55289e083fa5@group-EFD1D20A002C-SegmentedRaftLogWorker was interrupted, exiting. There are 0 tasks remaining in the queue.
2019-10-16 18:03:27,250 [main] INFO  segmented.SegmentedRaftLogWorker (SegmentedRaftLogWorker.java:close(224)) - bf55b3f9-6b09-4365-9d71-55289e083fa5@group-EFD1D20A002C-SegmentedRaftLogWorker close()
2019-10-16 18:03:27,252 [main] INFO  server.GrpcService (GrpcService.java:closeImpl(164)) - bf55b3f9-6b09-4365-9d71-55289e083fa5: shutdown server with port 42441 now
2019-10-16 18:03:27,253 [main] INFO  server.GrpcService (GrpcService.java:closeImpl(172)) - bf55b3f9-6b09-4365-9d71-55289e083fa5: shutdown server with port 42441 successfully
]]></system-out>
    <system-err><![CDATA[Oct 16, 2019 6:00:23 PM org.apache.ratis.thirdparty.io.grpc.internal.ManagedChannelOrphanWrapper$ManagedChannelReference cleanQueue
SEVERE: *~*~*~ Channel ManagedChannelImpl{logId=9, target=0.0.0.0:34317} was not shutdown properly!!! ~*~*~*
    Make sure to call shutdown()/shutdownNow() and wait until awaitTermination() returns true.
java.lang.RuntimeException: ManagedChannel allocation site
	at org.apache.ratis.thirdparty.io.grpc.internal.ManagedChannelOrphanWrapper$ManagedChannelReference.<init>(ManagedChannelOrphanWrapper.java:103)
	at org.apache.ratis.thirdparty.io.grpc.internal.ManagedChannelOrphanWrapper.<init>(ManagedChannelOrphanWrapper.java:53)
	at org.apache.ratis.thirdparty.io.grpc.internal.ManagedChannelOrphanWrapper.<init>(ManagedChannelOrphanWrapper.java:44)
	at org.apache.ratis.thirdparty.io.grpc.internal.AbstractManagedChannelImplBuilder.build(AbstractManagedChannelImplBuilder.java:411)
	at org.apache.hadoop.hdds.scm.XceiverClientGrpc.connectToDatanode(XceiverClientGrpc.java:183)
	at org.apache.hadoop.hdds.scm.XceiverClientGrpc.connect(XceiverClientGrpc.java:146)
	at org.apache.hadoop.ozone.container.server.TestSecureContainerServer.runTestClientServer(TestSecureContainerServer.java:234)
	at org.apache.hadoop.ozone.container.server.TestSecureContainerServer.testClientServer(TestSecureContainerServer.java:116)
	at sun.reflect.NativeMethodAccessorImpl.invoke0(Native Method)
	at sun.reflect.NativeMethodAccessorImpl.invoke(NativeMethodAccessorImpl.java:62)
	at sun.reflect.DelegatingMethodAccessorImpl.invoke(DelegatingMethodAccessorImpl.java:43)
	at java.lang.reflect.Method.invoke(Method.java:498)
	at org.junit.runners.model.FrameworkMethod$1.runReflectiveCall(FrameworkMethod.java:47)
	at org.junit.internal.runners.model.ReflectiveCallable.run(ReflectiveCallable.java:12)
	at org.junit.runners.model.FrameworkMethod.invokeExplosively(FrameworkMethod.java:44)
	at org.junit.internal.runners.statements.InvokeMethod.evaluate(InvokeMethod.java:17)
	at org.junit.runners.ParentRunner.runLeaf(ParentRunner.java:271)
	at org.junit.runners.BlockJUnit4ClassRunner.runChild(BlockJUnit4ClassRunner.java:70)
	at org.junit.runners.BlockJUnit4ClassRunner.runChild(BlockJUnit4ClassRunner.java:50)
	at org.junit.runners.ParentRunner$3.run(ParentRunner.java:238)
	at org.junit.runners.ParentRunner$1.schedule(ParentRunner.java:63)
	at org.junit.runners.ParentRunner.runChildren(ParentRunner.java:236)
	at org.junit.runners.ParentRunner.access$000(ParentRunner.java:53)
	at org.junit.runners.ParentRunner$2.evaluate(ParentRunner.java:229)
	at org.junit.internal.runners.statements.RunBefores.evaluate(RunBefores.java:26)
	at org.junit.runners.ParentRunner.run(ParentRunner.java:309)
	at org.apache.maven.surefire.junit4.JUnit4Provider.execute(JUnit4Provider.java:365)
	at org.apache.maven.surefire.junit4.JUnit4Provider.executeWithRerun(JUnit4Provider.java:273)
	at org.apache.maven.surefire.junit4.JUnit4Provider.executeTestSet(JUnit4Provider.java:238)
	at org.apache.maven.surefire.junit4.JUnit4Provider.invoke(JUnit4Provider.java:159)
	at org.apache.maven.surefire.booter.ForkedBooter.invokeProviderInSameClassLoader(ForkedBooter.java:384)
	at org.apache.maven.surefire.booter.ForkedBooter.runSuitesInProcess(ForkedBooter.java:345)
	at org.apache.maven.surefire.booter.ForkedBooter.execute(ForkedBooter.java:126)
	at org.apache.maven.surefire.booter.ForkedBooter.main(ForkedBooter.java:418)

Oct 16, 2019 6:00:26 PM org.apache.ratis.thirdparty.io.grpc.internal.SerializingExecutor run
SEVERE: Exception while executing runnable org.apache.ratis.thirdparty.io.grpc.internal.ClientCallImpl$ClientStreamListenerImpl$1StreamClosed@276bdfaa
java.lang.NullPointerException
	at org.apache.ratis.grpc.server.GrpcLogAppender$AppendLogResponseHandler.onError(GrpcLogAppender.java:303)
	at org.apache.ratis.thirdparty.io.grpc.stub.ClientCalls$StreamObserverToCallListenerAdapter.onClose(ClientCalls.java:434)
	at org.apache.ratis.thirdparty.io.grpc.PartialForwardingClientCallListener.onClose(PartialForwardingClientCallListener.java:39)
	at org.apache.ratis.thirdparty.io.grpc.ForwardingClientCallListener.onClose(ForwardingClientCallListener.java:23)
	at org.apache.ratis.thirdparty.io.grpc.ForwardingClientCallListener$SimpleForwardingClientCallListener.onClose(ForwardingClientCallListener.java:40)
	at org.apache.ratis.thirdparty.io.grpc.internal.CensusStatsModule$StatsClientInterceptor$1$1.onClose(CensusStatsModule.java:678)
	at org.apache.ratis.thirdparty.io.grpc.PartialForwardingClientCallListener.onClose(PartialForwardingClientCallListener.java:39)
	at org.apache.ratis.thirdparty.io.grpc.ForwardingClientCallListener.onClose(ForwardingClientCallListener.java:23)
	at org.apache.ratis.thirdparty.io.grpc.ForwardingClientCallListener$SimpleForwardingClientCallListener.onClose(ForwardingClientCallListener.java:40)
	at org.apache.ratis.thirdparty.io.grpc.internal.CensusTracingModule$TracingClientInterceptor$1$1.onClose(CensusTracingModule.java:397)
	at org.apache.ratis.thirdparty.io.grpc.internal.ClientCallImpl.closeObserver(ClientCallImpl.java:459)
	at org.apache.ratis.thirdparty.io.grpc.internal.ClientCallImpl.access$300(ClientCallImpl.java:63)
	at org.apache.ratis.thirdparty.io.grpc.internal.ClientCallImpl$ClientStreamListenerImpl.close(ClientCallImpl.java:546)
	at org.apache.ratis.thirdparty.io.grpc.internal.ClientCallImpl$ClientStreamListenerImpl.access$600(ClientCallImpl.java:467)
	at org.apache.ratis.thirdparty.io.grpc.internal.ClientCallImpl$ClientStreamListenerImpl$1StreamClosed.runInContext(ClientCallImpl.java:584)
	at org.apache.ratis.thirdparty.io.grpc.internal.ContextRunnable.run(ContextRunnable.java:37)
	at org.apache.ratis.thirdparty.io.grpc.internal.SerializingExecutor.run(SerializingExecutor.java:123)
	at java.util.concurrent.ThreadPoolExecutor.runWorker(ThreadPoolExecutor.java:1149)
	at java.util.concurrent.ThreadPoolExecutor$Worker.run(ThreadPoolExecutor.java:624)
	at java.lang.Thread.run(Thread.java:748)

Oct 16, 2019 6:00:29 PM org.apache.ratis.thirdparty.io.grpc.internal.ManagedChannelOrphanWrapper$ManagedChannelReference cleanQueue
SEVERE: *~*~*~ Channel ManagedChannelImpl{logId=40, target=0.0.0.0:41650} was not shutdown properly!!! ~*~*~*
    Make sure to call shutdown()/shutdownNow() and wait until awaitTermination() returns true.
java.lang.RuntimeException: ManagedChannel allocation site
	at org.apache.ratis.thirdparty.io.grpc.internal.ManagedChannelOrphanWrapper$ManagedChannelReference.<init>(ManagedChannelOrphanWrapper.java:103)
	at org.apache.ratis.thirdparty.io.grpc.internal.ManagedChannelOrphanWrapper.<init>(ManagedChannelOrphanWrapper.java:53)
	at org.apache.ratis.thirdparty.io.grpc.internal.ManagedChannelOrphanWrapper.<init>(ManagedChannelOrphanWrapper.java:44)
	at org.apache.ratis.thirdparty.io.grpc.internal.AbstractManagedChannelImplBuilder.build(AbstractManagedChannelImplBuilder.java:411)
	at org.apache.ratis.grpc.client.GrpcClientProtocolClient.<init>(GrpcClientProtocolClient.java:128)
	at org.apache.ratis.grpc.client.GrpcClientRpc.lambda$new$0(GrpcClientRpc.java:55)
	at org.apache.ratis.util.PeerProxyMap$PeerAndProxy.lambda$getProxy$0(PeerProxyMap.java:61)
	at org.apache.ratis.util.LifeCycle.startAndTransition(LifeCycle.java:202)
	at org.apache.ratis.util.PeerProxyMap$PeerAndProxy.getProxy(PeerProxyMap.java:60)
	at org.apache.ratis.util.PeerProxyMap.getProxy(PeerProxyMap.java:108)
	at org.apache.ratis.grpc.client.GrpcClientRpc.sendRequest(GrpcClientRpc.java:91)
	at org.apache.ratis.client.impl.RaftClientImpl.sendRequest(RaftClientImpl.java:278)
	at org.apache.ratis.client.impl.RaftClientImpl.groupAdd(RaftClientImpl.java:205)
	at org.apache.hadoop.ozone.RatisTestHelper.initXceiverServerRatis(RatisTestHelper.java:133)
	at org.apache.hadoop.ozone.container.server.TestSecureContainerServer.lambda$runTestClientServerRatis$4(TestSecureContainerServer.java:164)
	at org.apache.hadoop.ozone.container.server.TestSecureContainerServer.runTestClientServer(TestSecureContainerServer.java:189)
	at org.apache.hadoop.ozone.container.server.TestSecureContainerServer.runTestClientServerRatis(TestSecureContainerServer.java:160)
	at org.apache.hadoop.ozone.container.server.TestSecureContainerServer.testClientServerRatisGrpc(TestSecureContainerServer.java:135)
	at sun.reflect.NativeMethodAccessorImpl.invoke0(Native Method)
	at sun.reflect.NativeMethodAccessorImpl.invoke(NativeMethodAccessorImpl.java:62)
	at sun.reflect.DelegatingMethodAccessorImpl.invoke(DelegatingMethodAccessorImpl.java:43)
	at java.lang.reflect.Method.invoke(Method.java:498)
	at org.junit.runners.model.FrameworkMethod$1.runReflectiveCall(FrameworkMethod.java:47)
	at org.junit.internal.runners.model.ReflectiveCallable.run(ReflectiveCallable.java:12)
	at org.junit.runners.model.FrameworkMethod.invokeExplosively(FrameworkMethod.java:44)
	at org.junit.internal.runners.statements.InvokeMethod.evaluate(InvokeMethod.java:17)
	at org.junit.runners.ParentRunner.runLeaf(ParentRunner.java:271)
	at org.junit.runners.BlockJUnit4ClassRunner.runChild(BlockJUnit4ClassRunner.java:70)
	at org.junit.runners.BlockJUnit4ClassRunner.runChild(BlockJUnit4ClassRunner.java:50)
	at org.junit.runners.ParentRunner$3.run(ParentRunner.java:238)
	at org.junit.runners.ParentRunner$1.schedule(ParentRunner.java:63)
	at org.junit.runners.ParentRunner.runChildren(ParentRunner.java:236)
	at org.junit.runners.ParentRunner.access$000(ParentRunner.java:53)
	at org.junit.runners.ParentRunner$2.evaluate(ParentRunner.java:229)
	at org.junit.internal.runners.statements.RunBefores.evaluate(RunBefores.java:26)
	at org.junit.runners.ParentRunner.run(ParentRunner.java:309)
	at org.apache.maven.surefire.junit4.JUnit4Provider.execute(JUnit4Provider.java:365)
	at org.apache.maven.surefire.junit4.JUnit4Provider.executeWithRerun(JUnit4Provider.java:273)
	at org.apache.maven.surefire.junit4.JUnit4Provider.executeTestSet(JUnit4Provider.java:238)
	at org.apache.maven.surefire.junit4.JUnit4Provider.invoke(JUnit4Provider.java:159)
	at org.apache.maven.surefire.booter.ForkedBooter.invokeProviderInSameClassLoader(ForkedBooter.java:384)
	at org.apache.maven.surefire.booter.ForkedBooter.runSuitesInProcess(ForkedBooter.java:345)
	at org.apache.maven.surefire.booter.ForkedBooter.execute(ForkedBooter.java:126)
	at org.apache.maven.surefire.booter.ForkedBooter.main(ForkedBooter.java:418)

Oct 16, 2019 6:00:29 PM org.apache.ratis.thirdparty.io.grpc.internal.ManagedChannelOrphanWrapper$ManagedChannelReference cleanQueue
SEVERE: *~*~*~ Channel ManagedChannelImpl{logId=32, target=0.0.0.0:46770} was not shutdown properly!!! ~*~*~*
    Make sure to call shutdown()/shutdownNow() and wait until awaitTermination() returns true.
java.lang.RuntimeException: ManagedChannel allocation site
	at org.apache.ratis.thirdparty.io.grpc.internal.ManagedChannelOrphanWrapper$ManagedChannelReference.<init>(ManagedChannelOrphanWrapper.java:103)
	at org.apache.ratis.thirdparty.io.grpc.internal.ManagedChannelOrphanWrapper.<init>(ManagedChannelOrphanWrapper.java:53)
	at org.apache.ratis.thirdparty.io.grpc.internal.ManagedChannelOrphanWrapper.<init>(ManagedChannelOrphanWrapper.java:44)
	at org.apache.ratis.thirdparty.io.grpc.internal.AbstractManagedChannelImplBuilder.build(AbstractManagedChannelImplBuilder.java:411)
	at org.apache.ratis.grpc.client.GrpcClientProtocolClient.<init>(GrpcClientProtocolClient.java:128)
	at org.apache.ratis.grpc.client.GrpcClientRpc.lambda$new$0(GrpcClientRpc.java:55)
	at org.apache.ratis.util.PeerProxyMap$PeerAndProxy.lambda$getProxy$0(PeerProxyMap.java:61)
	at org.apache.ratis.util.LifeCycle.startAndTransition(LifeCycle.java:202)
	at org.apache.ratis.util.PeerProxyMap$PeerAndProxy.getProxy(PeerProxyMap.java:60)
	at org.apache.ratis.util.PeerProxyMap.getProxy(PeerProxyMap.java:108)
	at org.apache.ratis.grpc.client.GrpcClientRpc.sendRequestAsync(GrpcClientRpc.java:66)
	at org.apache.ratis.client.impl.OrderedAsync.sendRequest(OrderedAsync.java:208)
	at org.apache.ratis.client.impl.OrderedAsync.sendRequestWithRetry(OrderedAsync.java:169)
	at org.apache.ratis.util.SlidingWindow$Client.sendOrDelayRequest(SlidingWindow.java:278)
	at org.apache.ratis.util.SlidingWindow$Client.submitNewRequest(SlidingWindow.java:257)
	at org.apache.ratis.client.impl.OrderedAsync.send(OrderedAsync.java:155)
	at org.apache.ratis.client.impl.RaftClientImpl.sendAsync(RaftClientImpl.java:144)
	at org.apache.ratis.client.impl.RaftClientImpl.sendAsync(RaftClientImpl.java:124)
	at org.apache.hadoop.hdds.scm.XceiverClientRatis.sendRequestAsync(XceiverClientRatis.java:236)
	at org.apache.hadoop.hdds.scm.XceiverClientRatis.sendCommandAsync(XceiverClientRatis.java:317)
	at org.apache.hadoop.hdds.scm.XceiverClientSpi.sendCommand(XceiverClientSpi.java:109)
	at org.apache.hadoop.ozone.container.server.TestSecureContainerServer.runTestClientServer(TestSecureContainerServer.java:241)
	at org.apache.hadoop.ozone.container.server.TestSecureContainerServer.runTestClientServerRatis(TestSecureContainerServer.java:160)
	at org.apache.hadoop.ozone.container.server.TestSecureContainerServer.testClientServerRatisGrpc(TestSecureContainerServer.java:134)
	at sun.reflect.NativeMethodAccessorImpl.invoke0(Native Method)
	at sun.reflect.NativeMethodAccessorImpl.invoke(NativeMethodAccessorImpl.java:62)
	at sun.reflect.DelegatingMethodAccessorImpl.invoke(DelegatingMethodAccessorImpl.java:43)
	at java.lang.reflect.Method.invoke(Method.java:498)
	at org.junit.runners.model.FrameworkMethod$1.runReflectiveCall(FrameworkMethod.java:47)
	at org.junit.internal.runners.model.ReflectiveCallable.run(ReflectiveCallable.java:12)
	at org.junit.runners.model.FrameworkMethod.invokeExplosively(FrameworkMethod.java:44)
	at org.junit.internal.runners.statements.InvokeMethod.evaluate(InvokeMethod.java:17)
	at org.junit.runners.ParentRunner.runLeaf(ParentRunner.java:271)
	at org.junit.runners.BlockJUnit4ClassRunner.runChild(BlockJUnit4ClassRunner.java:70)
	at org.junit.runners.BlockJUnit4ClassRunner.runChild(BlockJUnit4ClassRunner.java:50)
	at org.junit.runners.ParentRunner$3.run(ParentRunner.java:238)
	at org.junit.runners.ParentRunner$1.schedule(ParentRunner.java:63)
	at org.junit.runners.ParentRunner.runChildren(ParentRunner.java:236)
	at org.junit.runners.ParentRunner.access$000(ParentRunner.java:53)
	at org.junit.runners.ParentRunner$2.evaluate(ParentRunner.java:229)
	at org.junit.internal.runners.statements.RunBefores.evaluate(RunBefores.java:26)
	at org.junit.runners.ParentRunner.run(ParentRunner.java:309)
	at org.apache.maven.surefire.junit4.JUnit4Provider.execute(JUnit4Provider.java:365)
	at org.apache.maven.surefire.junit4.JUnit4Provider.executeWithRerun(JUnit4Provider.java:273)
	at org.apache.maven.surefire.junit4.JUnit4Provider.executeTestSet(JUnit4Provider.java:238)
	at org.apache.maven.surefire.junit4.JUnit4Provider.invoke(JUnit4Provider.java:159)
	at org.apache.maven.surefire.booter.ForkedBooter.invokeProviderInSameClassLoader(ForkedBooter.java:384)
	at org.apache.maven.surefire.booter.ForkedBooter.runSuitesInProcess(ForkedBooter.java:345)
	at org.apache.maven.surefire.booter.ForkedBooter.execute(ForkedBooter.java:126)
	at org.apache.maven.surefire.booter.ForkedBooter.main(ForkedBooter.java:418)

Oct 16, 2019 6:00:29 PM org.apache.ratis.thirdparty.io.grpc.internal.ManagedChannelOrphanWrapper$ManagedChannelReference cleanQueue
SEVERE: *~*~*~ Channel ManagedChannelImpl{logId=48, target=0.0.0.0:41238} was not shutdown properly!!! ~*~*~*
    Make sure to call shutdown()/shutdownNow() and wait until awaitTermination() returns true.
java.lang.RuntimeException: ManagedChannel allocation site
	at org.apache.ratis.thirdparty.io.grpc.internal.ManagedChannelOrphanWrapper$ManagedChannelReference.<init>(ManagedChannelOrphanWrapper.java:103)
	at org.apache.ratis.thirdparty.io.grpc.internal.ManagedChannelOrphanWrapper.<init>(ManagedChannelOrphanWrapper.java:53)
	at org.apache.ratis.thirdparty.io.grpc.internal.ManagedChannelOrphanWrapper.<init>(ManagedChannelOrphanWrapper.java:44)
	at org.apache.ratis.thirdparty.io.grpc.internal.AbstractManagedChannelImplBuilder.build(AbstractManagedChannelImplBuilder.java:411)
	at org.apache.ratis.grpc.client.GrpcClientProtocolClient.<init>(GrpcClientProtocolClient.java:128)
	at org.apache.ratis.grpc.client.GrpcClientRpc.lambda$new$0(GrpcClientRpc.java:55)
	at org.apache.ratis.util.PeerProxyMap$PeerAndProxy.lambda$getProxy$0(PeerProxyMap.java:61)
	at org.apache.ratis.util.LifeCycle.startAndTransition(LifeCycle.java:202)
	at org.apache.ratis.util.PeerProxyMap$PeerAndProxy.getProxy(PeerProxyMap.java:60)
	at org.apache.ratis.util.PeerProxyMap.getProxy(PeerProxyMap.java:108)
	at org.apache.ratis.grpc.client.GrpcClientRpc.sendRequest(GrpcClientRpc.java:91)
	at org.apache.ratis.client.impl.RaftClientImpl.sendRequest(RaftClientImpl.java:278)
	at org.apache.ratis.client.impl.RaftClientImpl.groupAdd(RaftClientImpl.java:205)
	at org.apache.hadoop.ozone.RatisTestHelper.initXceiverServerRatis(RatisTestHelper.java:133)
	at org.apache.hadoop.ozone.container.server.TestSecureContainerServer.lambda$runTestClientServerRatis$4(TestSecureContainerServer.java:164)
	at org.apache.hadoop.ozone.container.server.TestSecureContainerServer.runTestClientServer(TestSecureContainerServer.java:189)
	at org.apache.hadoop.ozone.container.server.TestSecureContainerServer.runTestClientServerRatis(TestSecureContainerServer.java:160)
	at org.apache.hadoop.ozone.container.server.TestSecureContainerServer.testClientServerRatisGrpc(TestSecureContainerServer.java:135)
	at sun.reflect.NativeMethodAccessorImpl.invoke0(Native Method)
	at sun.reflect.NativeMethodAccessorImpl.invoke(NativeMethodAccessorImpl.java:62)
	at sun.reflect.DelegatingMethodAccessorImpl.invoke(DelegatingMethodAccessorImpl.java:43)
	at java.lang.reflect.Method.invoke(Method.java:498)
	at org.junit.runners.model.FrameworkMethod$1.runReflectiveCall(FrameworkMethod.java:47)
	at org.junit.internal.runners.model.ReflectiveCallable.run(ReflectiveCallable.java:12)
	at org.junit.runners.model.FrameworkMethod.invokeExplosively(FrameworkMethod.java:44)
	at org.junit.internal.runners.statements.InvokeMethod.evaluate(InvokeMethod.java:17)
	at org.junit.runners.ParentRunner.runLeaf(ParentRunner.java:271)
	at org.junit.runners.BlockJUnit4ClassRunner.runChild(BlockJUnit4ClassRunner.java:70)
	at org.junit.runners.BlockJUnit4ClassRunner.runChild(BlockJUnit4ClassRunner.java:50)
	at org.junit.runners.ParentRunner$3.run(ParentRunner.java:238)
	at org.junit.runners.ParentRunner$1.schedule(ParentRunner.java:63)
	at org.junit.runners.ParentRunner.runChildren(ParentRunner.java:236)
	at org.junit.runners.ParentRunner.access$000(ParentRunner.java:53)
	at org.junit.runners.ParentRunner$2.evaluate(ParentRunner.java:229)
	at org.junit.internal.runners.statements.RunBefores.evaluate(RunBefores.java:26)
	at org.junit.runners.ParentRunner.run(ParentRunner.java:309)
	at org.apache.maven.surefire.junit4.JUnit4Provider.execute(JUnit4Provider.java:365)
	at org.apache.maven.surefire.junit4.JUnit4Provider.executeWithRerun(JUnit4Provider.java:273)
	at org.apache.maven.surefire.junit4.JUnit4Provider.executeTestSet(JUnit4Provider.java:238)
	at org.apache.maven.surefire.junit4.JUnit4Provider.invoke(JUnit4Provider.java:159)
	at org.apache.maven.surefire.booter.ForkedBooter.invokeProviderInSameClassLoader(ForkedBooter.java:384)
	at org.apache.maven.surefire.booter.ForkedBooter.runSuitesInProcess(ForkedBooter.java:345)
	at org.apache.maven.surefire.booter.ForkedBooter.execute(ForkedBooter.java:126)
	at org.apache.maven.surefire.booter.ForkedBooter.main(ForkedBooter.java:418)

Oct 16, 2019 6:00:29 PM org.apache.ratis.thirdparty.io.grpc.internal.ManagedChannelOrphanWrapper$ManagedChannelReference cleanQueue
SEVERE: *~*~*~ Channel ManagedChannelImpl{logId=65, target=0.0.0.0:42441} was not shutdown properly!!! ~*~*~*
    Make sure to call shutdown()/shutdownNow() and wait until awaitTermination() returns true.
java.lang.RuntimeException: ManagedChannel allocation site
	at org.apache.ratis.thirdparty.io.grpc.internal.ManagedChannelOrphanWrapper$ManagedChannelReference.<init>(ManagedChannelOrphanWrapper.java:103)
	at org.apache.ratis.thirdparty.io.grpc.internal.ManagedChannelOrphanWrapper.<init>(ManagedChannelOrphanWrapper.java:53)
	at org.apache.ratis.thirdparty.io.grpc.internal.ManagedChannelOrphanWrapper.<init>(ManagedChannelOrphanWrapper.java:44)
	at org.apache.ratis.thirdparty.io.grpc.internal.AbstractManagedChannelImplBuilder.build(AbstractManagedChannelImplBuilder.java:411)
	at org.apache.ratis.grpc.client.GrpcClientProtocolClient.<init>(GrpcClientProtocolClient.java:128)
	at org.apache.ratis.grpc.client.GrpcClientRpc.lambda$new$0(GrpcClientRpc.java:55)
	at org.apache.ratis.util.PeerProxyMap$PeerAndProxy.lambda$getProxy$0(PeerProxyMap.java:61)
	at org.apache.ratis.util.LifeCycle.startAndTransition(LifeCycle.java:202)
	at org.apache.ratis.util.PeerProxyMap$PeerAndProxy.getProxy(PeerProxyMap.java:60)
	at org.apache.ratis.util.PeerProxyMap.getProxy(PeerProxyMap.java:108)
	at org.apache.ratis.grpc.client.GrpcClientRpc.sendRequest(GrpcClientRpc.java:91)
	at org.apache.ratis.client.impl.RaftClientImpl.sendRequest(RaftClientImpl.java:278)
	at org.apache.ratis.client.impl.RaftClientImpl.groupAdd(RaftClientImpl.java:205)
	at org.apache.hadoop.ozone.RatisTestHelper.initXceiverServerRatis(RatisTestHelper.java:133)
	at org.apache.hadoop.ozone.container.server.TestSecureContainerServer.lambda$runTestClientServerRatis$4(TestSecureContainerServer.java:164)
	at org.apache.hadoop.ozone.container.server.TestSecureContainerServer.runTestClientServer(TestSecureContainerServer.java:189)
	at org.apache.hadoop.ozone.container.server.TestSecureContainerServer.runTestClientServerRatis(TestSecureContainerServer.java:160)
	at org.apache.hadoop.ozone.container.server.TestSecureContainerServer.testClientServerRatisGrpc(TestSecureContainerServer.java:135)
	at sun.reflect.NativeMethodAccessorImpl.invoke0(Native Method)
	at sun.reflect.NativeMethodAccessorImpl.invoke(NativeMethodAccessorImpl.java:62)
	at sun.reflect.DelegatingMethodAccessorImpl.invoke(DelegatingMethodAccessorImpl.java:43)
	at java.lang.reflect.Method.invoke(Method.java:498)
	at org.junit.runners.model.FrameworkMethod$1.runReflectiveCall(FrameworkMethod.java:47)
	at org.junit.internal.runners.model.ReflectiveCallable.run(ReflectiveCallable.java:12)
	at org.junit.runners.model.FrameworkMethod.invokeExplosively(FrameworkMethod.java:44)
	at org.junit.internal.runners.statements.InvokeMethod.evaluate(InvokeMethod.java:17)
	at org.junit.runners.ParentRunner.runLeaf(ParentRunner.java:271)
	at org.junit.runners.BlockJUnit4ClassRunner.runChild(BlockJUnit4ClassRunner.java:70)
	at org.junit.runners.BlockJUnit4ClassRunner.runChild(BlockJUnit4ClassRunner.java:50)
	at org.junit.runners.ParentRunner$3.run(ParentRunner.java:238)
	at org.junit.runners.ParentRunner$1.schedule(ParentRunner.java:63)
	at org.junit.runners.ParentRunner.runChildren(ParentRunner.java:236)
	at org.junit.runners.ParentRunner.access$000(ParentRunner.java:53)
	at org.junit.runners.ParentRunner$2.evaluate(ParentRunner.java:229)
	at org.junit.internal.runners.statements.RunBefores.evaluate(RunBefores.java:26)
	at org.junit.runners.ParentRunner.run(ParentRunner.java:309)
	at org.apache.maven.surefire.junit4.JUnit4Provider.execute(JUnit4Provider.java:365)
	at org.apache.maven.surefire.junit4.JUnit4Provider.executeWithRerun(JUnit4Provider.java:273)
	at org.apache.maven.surefire.junit4.JUnit4Provider.executeTestSet(JUnit4Provider.java:238)
	at org.apache.maven.surefire.junit4.JUnit4Provider.invoke(JUnit4Provider.java:159)
	at org.apache.maven.surefire.booter.ForkedBooter.invokeProviderInSameClassLoader(ForkedBooter.java:384)
	at org.apache.maven.surefire.booter.ForkedBooter.runSuitesInProcess(ForkedBooter.java:345)
	at org.apache.maven.surefire.booter.ForkedBooter.execute(ForkedBooter.java:126)
	at org.apache.maven.surefire.booter.ForkedBooter.main(ForkedBooter.java:418)

]]></system-err>
  </testcase>
</testsuite>