<?xml version="1.0" encoding="UTF-8"?>
<testsuite xmlns:xsi="http://www.w3.org/2001/XMLSchema-instance" xsi:noNamespaceSchemaLocation="https://maven.apache.org/surefire/maven-surefire-plugin/xsd/surefire-test-report.xsd" name="org.apache.hadoop.ozone.client.rpc.TestWatchForCommit" time="253.37" tests="5" errors="1" skipped="0" failures="0">
  <properties>
    <property name="awt.toolkit" value="sun.awt.X11.XToolkit"/>
    <property name="file.encoding.pkg" value="sun.io"/>
    <property name="java.specification.version" value="1.8"/>
    <property name="sun.cpu.isalist" value=""/>
    <property name="sun.jnu.encoding" value="UTF-8"/>
    <property name="java.class.path" value="/workdir/hadoop-ozone/integration-test/target/test-classes:/workdir/hadoop-ozone/integration-test/target/classes:/home/user/.m2/repository/org/apache/hadoop/hadoop-ozone-common/0.5.0-SNAPSHOT/hadoop-ozone-common-0.5.0-SNAPSHOT.jar:/home/user/.m2/repository/org/apache/commons/commons-compress/1.4.1/commons-compress-1.4.1.jar:/home/user/.m2/repository/org/tukaani/xz/1.0/xz-1.0.jar:/home/user/.m2/repository/org/apache/hadoop/hadoop-common/3.2.0/hadoop-common-3.2.0.jar:/home/user/.m2/repository/org/apache/hadoop/hadoop-hdfs/3.2.0/hadoop-hdfs-3.2.0.jar:/home/user/.m2/repository/org/apache/hadoop/hadoop-hdfs-client/3.2.0/hadoop-hdfs-client-3.2.0.jar:/home/user/.m2/repository/com/fasterxml/jackson/core/jackson-annotations/2.9.9/jackson-annotations-2.9.9.jar:/home/user/.m2/repository/org/apache/hadoop/hadoop-hdds-common/0.5.0-SNAPSHOT/hadoop-hdds-common-0.5.0-SNAPSHOT.jar:/home/user/.m2/repository/javax/annotation/javax.annotation-api/1.2/javax.annotation-api-1.2.jar:/home/user/.m2/repository/org/apache/ratis/ratis-server/0.5.0-201fc85-SNAPSHOT/ratis-server-0.5.0-201fc85-SNAPSHOT.jar:/home/user/.m2/repository/org/apache/ratis/ratis-thirdparty-misc/0.2.0/ratis-thirdparty-misc-0.2.0.jar:/home/user/.m2/repository/org/apache/ratis/ratis-proto/0.5.0-201fc85-SNAPSHOT/ratis-proto-0.5.0-201fc85-SNAPSHOT.jar:/home/user/.m2/repository/org/apache/ratis/ratis-common/0.5.0-201fc85-SNAPSHOT/ratis-common-0.5.0-201fc85-SNAPSHOT.jar:/home/user/.m2/repository/org/apache/ratis/ratis-client/0.5.0-201fc85-SNAPSHOT/ratis-client-0.5.0-201fc85-SNAPSHOT.jar:/home/user/.m2/repository/org/apache/ratis/ratis-metrics/0.5.0-201fc85-SNAPSHOT/ratis-metrics-0.5.0-201fc85-SNAPSHOT.jar:/home/user/.m2/repository/com/github/joshelser/dropwizard-metrics-hadoop-metrics2-reporter/0.1.2/dropwizard-metrics-hadoop-metrics2-reporter-0.1.2.jar:/home/user/.m2/repository/io/dropwizard/metrics/metrics-jvm/3.2.5/metrics-jvm-3.2.5.jar:/home/user/.m2/repository/io/dropwizard/metrics/metrics-ganglia/3.2.5/metrics-ganglia-3.2.5.jar:/home/user/.m2/repository/info/ganglia/gmetric4j/gmetric4j/1.0.7/gmetric4j-1.0.7.jar:/home/user/.m2/repository/org/apache/ratis/ratis-netty/0.5.0-201fc85-SNAPSHOT/ratis-netty-0.5.0-201fc85-SNAPSHOT.jar:/home/user/.m2/repository/org/apache/ratis/ratis-grpc/0.5.0-201fc85-SNAPSHOT/ratis-grpc-0.5.0-201fc85-SNAPSHOT.jar:/home/user/.m2/repository/org/rocksdb/rocksdbjni/6.0.1/rocksdbjni-6.0.1.jar:/home/user/.m2/repository/org/apache/logging/log4j/log4j-api/2.11.0/log4j-api-2.11.0.jar:/home/user/.m2/repository/org/apache/logging/log4j/log4j-core/2.11.0/log4j-core-2.11.0.jar:/home/user/.m2/repository/com/lmax/disruptor/3.4.2/disruptor-3.4.2.jar:/home/user/.m2/repository/org/apache/commons/commons-pool2/2.6.0/commons-pool2-2.6.0.jar:/home/user/.m2/repository/org/bouncycastle/bcpkix-jdk15on/1.60/bcpkix-jdk15on-1.60.jar:/home/user/.m2/repository/commons-validator/commons-validator/1.6/commons-validator-1.6.jar:/home/user/.m2/repository/commons-digester/commons-digester/1.8.1/commons-digester-1.8.1.jar:/home/user/.m2/repository/io/jaegertracing/jaeger-client/0.34.0/jaeger-client-0.34.0.jar:/home/user/.m2/repository/io/jaegertracing/jaeger-thrift/0.34.0/jaeger-thrift-0.34.0.jar:/home/user/.m2/repository/org/apache/thrift/libthrift/0.12.0/libthrift-0.12.0.jar:/home/user/.m2/repository/com/squareup/okhttp3/okhttp/3.9.0/okhttp-3.9.0.jar:/home/user/.m2/repository/com/squareup/okio/okio/1.13.0/okio-1.13.0.jar:/home/user/.m2/repository/io/jaegertracing/jaeger-core/0.34.0/jaeger-core-0.34.0.jar:/home/user/.m2/repository/io/jaegertracing/jaeger-tracerresolver/0.34.0/jaeger-tracerresolver-0.34.0.jar:/home/user/.m2/repository/io/opentracing/contrib/opentracing-tracerresolver/0.1.5/opentracing-tracerresolver-0.1.5.jar:/home/user/.m2/repository/io/opentracing/opentracing-util/0.31.0/opentracing-util-0.31.0.jar:/home/user/.m2/repository/io/opentracing/opentracing-api/0.31.0/opentracing-api-0.31.0.jar:/home/user/.m2/repository/io/opentracing/opentracing-noop/0.31.0/opentracing-noop-0.31.0.jar:/home/user/.m2/repository/org/apache/hadoop/hadoop-hdds-server-framework/0.5.0-SNAPSHOT/hadoop-hdds-server-framework-0.5.0-SNAPSHOT.jar:/home/user/.m2/repository/org/apache/hadoop/hadoop-hdds-container-service/0.5.0-SNAPSHOT/hadoop-hdds-container-service-0.5.0-SNAPSHOT.jar:/home/user/.m2/repository/org/apache/hadoop/hadoop-hdds-client/0.5.0-SNAPSHOT/hadoop-hdds-client-0.5.0-SNAPSHOT.jar:/home/user/.m2/repository/org/apache/hadoop/hadoop-hdds-tools/0.5.0-SNAPSHOT/hadoop-hdds-tools-0.5.0-SNAPSHOT.jar:/home/user/.m2/repository/org/apache/hadoop/hadoop-hdds-server-scm/0.5.0-SNAPSHOT/hadoop-hdds-server-scm-0.5.0-SNAPSHOT.jar:/home/user/.m2/repository/org/apache/hadoop/hadoop-hdds-docs/0.5.0-SNAPSHOT/hadoop-hdds-docs-0.5.0-SNAPSHOT.jar:/home/user/.m2/repository/io/dropwizard/metrics/metrics-core/3.2.4/metrics-core-3.2.4.jar:/home/user/.m2/repository/org/hamcrest/hamcrest-all/1.3/hamcrest-all-1.3.jar:/home/user/.m2/repository/org/bouncycastle/bcprov-jdk15on/1.60/bcprov-jdk15on-1.60.jar:/home/user/.m2/repository/info/picocli/picocli/3.9.6/picocli-3.9.6.jar:/home/user/.m2/repository/com/google/protobuf/protobuf-java/2.5.0/protobuf-java-2.5.0.jar:/home/user/.m2/repository/com/google/guava/guava/11.0.2/guava-11.0.2.jar:/home/user/.m2/repository/org/apache/hadoop/hadoop-ozone-ozone-manager/0.5.0-SNAPSHOT/hadoop-ozone-ozone-manager-0.5.0-SNAPSHOT.jar:/home/user/.m2/repository/org/apache/hadoop/hadoop-minikdc/3.2.0/hadoop-minikdc-3.2.0.jar:/home/user/.m2/repository/commons-io/commons-io/2.5/commons-io-2.5.jar:/home/user/.m2/repository/org/apache/kerby/kerb-simplekdc/1.0.1/kerb-simplekdc-1.0.1.jar:/home/user/.m2/repository/org/apache/kerby/kerb-client/1.0.1/kerb-client-1.0.1.jar:/home/user/.m2/repository/org/apache/kerby/kerby-config/1.0.1/kerby-config-1.0.1.jar:/home/user/.m2/repository/org/apache/kerby/kerb-core/1.0.1/kerb-core-1.0.1.jar:/home/user/.m2/repository/org/apache/kerby/kerby-pkix/1.0.1/kerby-pkix-1.0.1.jar:/home/user/.m2/repository/org/apache/kerby/kerby-asn1/1.0.1/kerby-asn1-1.0.1.jar:/home/user/.m2/repository/org/apache/kerby/kerby-util/1.0.1/kerby-util-1.0.1.jar:/home/user/.m2/repository/org/apache/kerby/kerb-common/1.0.1/kerb-common-1.0.1.jar:/home/user/.m2/repository/org/apache/kerby/kerb-crypto/1.0.1/kerb-crypto-1.0.1.jar:/home/user/.m2/repository/org/apache/kerby/kerb-util/1.0.1/kerb-util-1.0.1.jar:/home/user/.m2/repository/org/apache/kerby/token-provider/1.0.1/token-provider-1.0.1.jar:/home/user/.m2/repository/org/apache/kerby/kerb-admin/1.0.1/kerb-admin-1.0.1.jar:/home/user/.m2/repository/org/apache/kerby/kerb-server/1.0.1/kerb-server-1.0.1.jar:/home/user/.m2/repository/org/apache/kerby/kerb-identity/1.0.1/kerb-identity-1.0.1.jar:/home/user/.m2/repository/org/apache/kerby/kerby-xdr/1.0.1/kerby-xdr-1.0.1.jar:/home/user/.m2/repository/org/slf4j/slf4j-log4j12/1.7.25/slf4j-log4j12-1.7.25.jar:/home/user/.m2/repository/org/apache/hadoop/hadoop-ozone-s3gateway/0.5.0-SNAPSHOT/hadoop-ozone-s3gateway-0.5.0-SNAPSHOT.jar:/home/user/.m2/repository/org/jboss/weld/servlet/weld-servlet/2.4.7.Final/weld-servlet-2.4.7.Final.jar:/home/user/.m2/repository/org/glassfish/jersey/containers/jersey-container-servlet-core/2.27/jersey-container-servlet-core-2.27.jar:/home/user/.m2/repository/org/glassfish/hk2/external/javax.inject/2.5.0-b42/javax.inject-2.5.0-b42.jar:/home/user/.m2/repository/org/glassfish/jersey/core/jersey-common/2.27/jersey-common-2.27.jar:/home/user/.m2/repository/org/glassfish/hk2/osgi-resource-locator/1.0.1/osgi-resource-locator-1.0.1.jar:/home/user/.m2/repository/javax/ws/rs/javax.ws.rs-api/2.1/javax.ws.rs-api-2.1.jar:/home/user/.m2/repository/org/glassfish/jersey/ext/cdi/jersey-cdi1x/2.27/jersey-cdi1x-2.27.jar:/home/user/.m2/repository/org/glassfish/jersey/inject/jersey-hk2/2.27/jersey-hk2-2.27.jar:/home/user/.m2/repository/org/glassfish/hk2/hk2-locator/2.5.0-b42/hk2-locator-2.5.0-b42.jar:/home/user/.m2/repository/org/javassist/javassist/3.22.0-CR2/javassist-3.22.0-CR2.jar:/home/user/.m2/repository/org/glassfish/hk2/hk2-api/2.5.0/hk2-api-2.5.0.jar:/home/user/.m2/repository/org/glassfish/hk2/external/jakarta.inject/2.5.0/jakarta.inject-2.5.0.jar:/home/user/.m2/repository/org/glassfish/hk2/hk2-utils/2.5.0/hk2-utils-2.5.0.jar:/home/user/.m2/repository/jakarta/annotation/jakarta.annotation-api/1.3.4/jakarta.annotation-api-1.3.4.jar:/home/user/.m2/repository/org/glassfish/hk2/external/aopalliance-repackaged/2.5.0/aopalliance-repackaged-2.5.0.jar:/home/user/.m2/repository/com/fasterxml/jackson/dataformat/jackson-dataformat-xml/2.9.0/jackson-dataformat-xml-2.9.0.jar:/home/user/.m2/repository/com/fasterxml/jackson/core/jackson-core/2.9.9/jackson-core-2.9.9.jar:/home/user/.m2/repository/com/fasterxml/jackson/module/jackson-module-jaxb-annotations/2.9.9/jackson-module-jaxb-annotations-2.9.9.jar:/home/user/.m2/repository/javax/enterprise/cdi-api/1.2/cdi-api-1.2.jar:/home/user/.m2/repository/javax/el/javax.el-api/3.0.0/javax.el-api-3.0.0.jar:/home/user/.m2/repository/javax/interceptor/javax.interceptor-api/1.2/javax.interceptor-api-1.2.jar:/home/user/.m2/repository/javax/inject/javax.inject/1/javax.inject-1.jar:/home/user/.m2/repository/com/sun/xml/bind/jaxb-impl/2.3.0.1/jaxb-impl-2.3.0.1.jar:/home/user/.m2/repository/com/sun/xml/bind/jaxb-core/2.3.0.1/jaxb-core-2.3.0.1.jar:/home/user/.m2/repository/javax/xml/bind/jaxb-api/2.3.0/jaxb-api-2.3.0.jar:/home/user/.m2/repository/javax/activation/activation/1.1.1/activation-1.1.1.jar:/home/user/.m2/repository/org/apache/hadoop/hadoop-ozone-csi/0.5.0-SNAPSHOT/hadoop-ozone-csi-0.5.0-SNAPSHOT.jar:/home/user/.m2/repository/com/google/protobuf/protobuf-java-util/3.5.1/protobuf-java-util-3.5.1.jar:/home/user/.m2/repository/org/apache/hadoop/hadoop-hdds-config/0.5.0-SNAPSHOT/hadoop-hdds-config-0.5.0-SNAPSHOT.jar:/home/user/.m2/repository/io/grpc/grpc-netty/1.17.1/grpc-netty-1.17.1.jar:/home/user/.m2/repository/io/grpc/grpc-core/1.17.1/grpc-core-1.17.1.jar:/home/user/.m2/repository/io/grpc/grpc-context/1.17.1/grpc-context-1.17.1.jar:/home/user/.m2/repository/com/google/errorprone/error_prone_annotations/2.2.0/error_prone_annotations-2.2.0.jar:/home/user/.m2/repository/org/codehaus/mojo/animal-sniffer-annotations/1.17/animal-sniffer-annotations-1.17.jar:/home/user/.m2/repository/io/opencensus/opencensus-api/0.17.0/opencensus-api-0.17.0.jar:/home/user/.m2/repository/io/opencensus/opencensus-contrib-grpc-metrics/0.17.0/opencensus-contrib-grpc-metrics-0.17.0.jar:/home/user/.m2/repository/io/netty/netty-codec-http2/4.1.30.Final/netty-codec-http2-4.1.30.Final.jar:/home/user/.m2/repository/io/netty/netty-codec-http/4.1.30.Final/netty-codec-http-4.1.30.Final.jar:/home/user/.m2/repository/io/netty/netty-codec/4.1.30.Final/netty-codec-4.1.30.Final.jar:/home/user/.m2/repository/io/netty/netty-handler/4.1.30.Final/netty-handler-4.1.30.Final.jar:/home/user/.m2/repository/io/netty/netty-handler-proxy/4.1.30.Final/netty-handler-proxy-4.1.30.Final.jar:/home/user/.m2/repository/io/netty/netty-codec-socks/4.1.30.Final/netty-codec-socks-4.1.30.Final.jar:/home/user/.m2/repository/io/netty/netty-transport-native-epoll/4.1.30.Final/netty-transport-native-epoll-4.1.30.Final.jar:/home/user/.m2/repository/io/netty/netty-common/4.1.30.Final/netty-common-4.1.30.Final.jar:/home/user/.m2/repository/io/netty/netty-buffer/4.1.30.Final/netty-buffer-4.1.30.Final.jar:/home/user/.m2/repository/io/netty/netty-transport/4.1.30.Final/netty-transport-4.1.30.Final.jar:/home/user/.m2/repository/io/netty/netty-resolver/4.1.30.Final/netty-resolver-4.1.30.Final.jar:/home/user/.m2/repository/io/netty/netty-transport-native-unix-common/4.1.30.Final/netty-transport-native-unix-common-4.1.30.Final.jar:/home/user/.m2/repository/io/grpc/grpc-protobuf/1.17.1/grpc-protobuf-1.17.1.jar:/home/user/.m2/repository/com/google/api/grpc/proto-google-common-protos/1.0.0/proto-google-common-protos-1.0.0.jar:/home/user/.m2/repository/io/grpc/grpc-protobuf-lite/1.17.1/grpc-protobuf-lite-1.17.1.jar:/home/user/.m2/repository/io/grpc/grpc-stub/1.17.1/grpc-stub-1.17.1.jar:/home/user/.m2/repository/org/apache/hadoop/hadoop-ozone-recon/0.5.0-SNAPSHOT/hadoop-ozone-recon-0.5.0-SNAPSHOT.jar:/home/user/.m2/repository/org/apache/hadoop/hadoop-ozone-reconcodegen/0.5.0-SNAPSHOT/hadoop-ozone-reconcodegen-0.5.0-SNAPSHOT.jar:/home/user/.m2/repository/com/google/inject/extensions/guice-multibindings/4.0/guice-multibindings-4.0.jar:/home/user/.m2/repository/com/google/inject/guice/4.0/guice-4.0.jar:/home/user/.m2/repository/aopalliance/aopalliance/1.0/aopalliance-1.0.jar:/home/user/.m2/repository/com/google/inject/extensions/guice-servlet/4.0/guice-servlet-4.0.jar:/home/user/.m2/repository/org/glassfish/jersey/containers/jersey-container-servlet/2.27/jersey-container-servlet-2.27.jar:/home/user/.m2/repository/org/glassfish/hk2/guice-bridge/2.5.0/guice-bridge-2.5.0.jar:/home/user/.m2/repository/org/glassfish/jersey/core/jersey-server/2.27/jersey-server-2.27.jar:/home/user/.m2/repository/org/glassfish/jersey/core/jersey-client/2.27/jersey-client-2.27.jar:/home/user/.m2/repository/org/glassfish/jersey/media/jersey-media-jaxb/2.27/jersey-media-jaxb-2.27.jar:/home/user/.m2/repository/javax/validation/validation-api/1.1.0.Final/validation-api-1.1.0.Final.jar:/home/user/.m2/repository/org/glassfish/jersey/media/jersey-media-json-jackson/2.27/jersey-media-json-jackson-2.27.jar:/home/user/.m2/repository/org/glassfish/jersey/ext/jersey-entity-filtering/2.27/jersey-entity-filtering-2.27.jar:/home/user/.m2/repository/com/google/inject/extensions/guice-assistedinject/4.0/guice-assistedinject-4.0.jar:/home/user/.m2/repository/org/jooq/jooq/3.11.10/jooq-3.11.10.jar:/home/user/.m2/repository/org/jooq/jooq-meta/3.11.10/jooq-meta-3.11.10.jar:/home/user/.m2/repository/org/jooq/jooq-codegen/3.11.10/jooq-codegen-3.11.10.jar:/home/user/.m2/repository/com/jolbox/bonecp/0.8.0.RELEASE/bonecp-0.8.0.RELEASE.jar:/home/user/.m2/repository/org/xerial/sqlite-jdbc/3.25.2/sqlite-jdbc-3.25.2.jar:/home/user/.m2/repository/org/springframework/spring-jdbc/5.1.3.RELEASE/spring-jdbc-5.1.3.RELEASE.jar:/home/user/.m2/repository/org/springframework/spring-beans/5.1.3.RELEASE/spring-beans-5.1.3.RELEASE.jar:/home/user/.m2/repository/org/springframework/spring-core/5.1.3.RELEASE/spring-core-5.1.3.RELEASE.jar:/home/user/.m2/repository/org/springframework/spring-jcl/5.1.3.RELEASE/spring-jcl-5.1.3.RELEASE.jar:/home/user/.m2/repository/org/springframework/spring-tx/5.1.3.RELEASE/spring-tx-5.1.3.RELEASE.jar:/home/user/.m2/repository/org/apache/hadoop/hadoop-ozone-client/0.5.0-SNAPSHOT/hadoop-ozone-client-0.5.0-SNAPSHOT.jar:/home/user/.m2/repository/commons-lang/commons-lang/2.6/commons-lang-2.6.jar:/home/user/.m2/repository/org/apache/hadoop/hadoop-ozone-ozone-manager/0.5.0-SNAPSHOT/hadoop-ozone-ozone-manager-0.5.0-SNAPSHOT-tests.jar:/home/user/.m2/repository/junit/junit/4.11/junit-4.11.jar:/home/user/.m2/repository/org/hamcrest/hamcrest-core/1.3/hamcrest-core-1.3.jar:/home/user/.m2/repository/org/openjdk/jmh/jmh-core/1.19/jmh-core-1.19.jar:/home/user/.m2/repository/net/sf/jopt-simple/jopt-simple/4.6/jopt-simple-4.6.jar:/home/user/.m2/repository/org/apache/commons/commons-math3/3.1.1/commons-math3-3.1.1.jar:/home/user/.m2/repository/org/openjdk/jmh/jmh-generator-annprocess/1.19/jmh-generator-annprocess-1.19.jar:/home/user/.m2/repository/org/mockito/mockito-all/1.8.5/mockito-all-1.8.5.jar:/home/user/.m2/repository/org/apache/hadoop/hadoop-kms/3.2.0/hadoop-kms-3.2.0.jar:/home/user/.m2/repository/org/apache/hadoop/hadoop-auth/3.2.0/hadoop-auth-3.2.0.jar:/home/user/.m2/repository/com/nimbusds/nimbus-jose-jwt/4.41.1/nimbus-jose-jwt-4.41.1.jar:/home/user/.m2/repository/com/github/stephenc/jcip/jcip-annotations/1.0-1/jcip-annotations-1.0-1.jar:/home/user/.m2/repository/net/minidev/json-smart/2.3/json-smart-2.3.jar:/home/user/.m2/repository/net/minidev/accessors-smart/1.2/accessors-smart-1.2.jar:/home/user/.m2/repository/org/ow2/asm/asm/5.0.4/asm-5.0.4.jar:/home/user/.m2/repository/org/apache/curator/curator-framework/2.12.0/curator-framework-2.12.0.jar:/home/user/.m2/repository/com/sun/jersey/jersey-core/1.19/jersey-core-1.19.jar:/home/user/.m2/repository/javax/ws/rs/jsr311-api/1.1.1/jsr311-api-1.1.1.jar:/home/user/.m2/repository/com/sun/jersey/jersey-server/1.19/jersey-server-1.19.jar:/home/user/.m2/repository/javax/servlet/javax.servlet-api/3.1.0/javax.servlet-api-3.1.0.jar:/home/user/.m2/repository/org/eclipse/jetty/jetty-server/9.3.25.v20180904/jetty-server-9.3.25.v20180904.jar:/home/user/.m2/repository/org/eclipse/jetty/jetty-http/9.3.25.v20180904/jetty-http-9.3.25.v20180904.jar:/home/user/.m2/repository/org/eclipse/jetty/jetty-io/9.3.25.v20180904/jetty-io-9.3.25.v20180904.jar:/home/user/.m2/repository/org/eclipse/jetty/jetty-webapp/9.3.25.v20180904/jetty-webapp-9.3.25.v20180904.jar:/home/user/.m2/repository/org/eclipse/jetty/jetty-xml/9.3.25.v20180904/jetty-xml-9.3.25.v20180904.jar:/home/user/.m2/repository/log4j/log4j/1.2.17/log4j-1.2.17.jar:/home/user/.m2/repository/org/slf4j/slf4j-api/1.7.25/slf4j-api-1.7.25.jar:/home/user/.m2/repository/org/slf4j/jul-to-slf4j/1.7.25/jul-to-slf4j-1.7.25.jar:/home/user/.m2/repository/org/eclipse/jetty/jetty-util/9.3.25.v20180904/jetty-util-9.3.25.v20180904.jar:/home/user/.m2/repository/com/fasterxml/jackson/core/jackson-databind/2.9.9/jackson-databind-2.9.9.jar:/home/user/.m2/repository/org/apache/hadoop/hadoop-kms/3.2.0/hadoop-kms-3.2.0-tests.jar:/home/user/.m2/repository/org/apache/hadoop/hadoop-hdds-server-scm/0.5.0-SNAPSHOT/hadoop-hdds-server-scm-0.5.0-SNAPSHOT-tests.jar:/home/user/.m2/repository/org/apache/hadoop/hadoop-hdds-container-service/0.5.0-SNAPSHOT/hadoop-hdds-container-service-0.5.0-SNAPSHOT-tests.jar:/home/user/.m2/repository/org/yaml/snakeyaml/1.16/snakeyaml-1.16.jar:/home/user/.m2/repository/org/apache/hadoop/hadoop-common/3.2.0/hadoop-common-3.2.0-tests.jar:/home/user/.m2/repository/org/apache/hadoop/hadoop-annotations/3.2.0/hadoop-annotations-3.2.0.jar:/usr/lib/jvm/java-1.8-openjdk/jre/../lib/tools.jar:/home/user/.m2/repository/commons-cli/commons-cli/1.2/commons-cli-1.2.jar:/home/user/.m2/repository/org/apache/httpcomponents/httpclient/4.5.2/httpclient-4.5.2.jar:/home/user/.m2/repository/org/apache/httpcomponents/httpcore/4.4.4/httpcore-4.4.4.jar:/home/user/.m2/repository/commons-codec/commons-codec/1.11/commons-codec-1.11.jar:/home/user/.m2/repository/commons-net/commons-net/3.6/commons-net-3.6.jar:/home/user/.m2/repository/commons-collections/commons-collections/3.2.2/commons-collections-3.2.2.jar:/home/user/.m2/repository/org/eclipse/jetty/jetty-servlet/9.3.25.v20180904/jetty-servlet-9.3.25.v20180904.jar:/home/user/.m2/repository/org/eclipse/jetty/jetty-security/9.3.25.v20180904/jetty-security-9.3.25.v20180904.jar:/home/user/.m2/repository/javax/servlet/jsp/jsp-api/2.1/jsp-api-2.1.jar:/home/user/.m2/repository/com/sun/jersey/jersey-servlet/1.19/jersey-servlet-1.19.jar:/home/user/.m2/repository/com/sun/jersey/jersey-json/1.19/jersey-json-1.19.jar:/home/user/.m2/repository/org/codehaus/jettison/jettison/1.1/jettison-1.1.jar:/home/user/.m2/repository/org/codehaus/jackson/jackson-core-asl/1.9.13/jackson-core-asl-1.9.13.jar:/home/user/.m2/repository/org/codehaus/jackson/jackson-mapper-asl/1.9.13/jackson-mapper-asl-1.9.13.jar:/home/user/.m2/repository/org/codehaus/jackson/jackson-jaxrs/1.9.13/jackson-jaxrs-1.9.13.jar:/home/user/.m2/repository/org/codehaus/jackson/jackson-xc/1.9.13/jackson-xc-1.9.13.jar:/home/user/.m2/repository/commons-logging/commons-logging/1.1.3/commons-logging-1.1.3.jar:/home/user/.m2/repository/commons-beanutils/commons-beanutils/1.9.4/commons-beanutils-1.9.4.jar:/home/user/.m2/repository/org/apache/commons/commons-configuration2/2.1.1/commons-configuration2-2.1.1.jar:/home/user/.m2/repository/org/apache/commons/commons-lang3/3.7/commons-lang3-3.7.jar:/home/user/.m2/repository/org/apache/commons/commons-text/1.4/commons-text-1.4.jar:/home/user/.m2/repository/org/apache/avro/avro/1.7.7/avro-1.7.7.jar:/home/user/.m2/repository/com/thoughtworks/paranamer/paranamer/2.3/paranamer-2.3.jar:/home/user/.m2/repository/org/xerial/snappy/snappy-java/1.0.5/snappy-java-1.0.5.jar:/home/user/.m2/repository/com/google/re2j/re2j/1.1/re2j-1.1.jar:/home/user/.m2/repository/com/google/code/gson/gson/2.2.4/gson-2.2.4.jar:/home/user/.m2/repository/com/jcraft/jsch/0.1.54/jsch-0.1.54.jar:/home/user/.m2/repository/org/apache/curator/curator-client/2.12.0/curator-client-2.12.0.jar:/home/user/.m2/repository/org/apache/curator/curator-recipes/2.12.0/curator-recipes-2.12.0.jar:/home/user/.m2/repository/com/google/code/findbugs/jsr305/3.0.0/jsr305-3.0.0.jar:/home/user/.m2/repository/org/apache/htrace/htrace-core4/4.1.0-incubating/htrace-core4-4.1.0-incubating.jar:/home/user/.m2/repository/org/apache/zookeeper/zookeeper/3.4.13/zookeeper-3.4.13.jar:/home/user/.m2/repository/jline/jline/0.9.94/jline-0.9.94.jar:/home/user/.m2/repository/org/apache/yetus/audience-annotations/0.5.0/audience-annotations-0.5.0.jar:/home/user/.m2/repository/org/codehaus/woodstox/stax2-api/3.1.4/stax2-api-3.1.4.jar:/home/user/.m2/repository/com/fasterxml/woodstox/woodstox-core/5.0.3/woodstox-core-5.0.3.jar:/home/user/.m2/repository/dnsjava/dnsjava/2.1.7/dnsjava-2.1.7.jar:/home/user/.m2/repository/org/apache/hadoop/hadoop-hdfs/3.2.0/hadoop-hdfs-3.2.0-tests.jar:/home/user/.m2/repository/org/eclipse/jetty/jetty-util-ajax/9.3.25.v20180904/jetty-util-ajax-9.3.25.v20180904.jar:/home/user/.m2/repository/commons-daemon/commons-daemon/1.0.13/commons-daemon-1.0.13.jar:/home/user/.m2/repository/io/netty/netty/3.10.5.Final/netty-3.10.5.Final.jar:/home/user/.m2/repository/io/netty/netty-all/4.0.52.Final/netty-all-4.0.52.Final.jar:/home/user/.m2/repository/org/fusesource/leveldbjni/leveldbjni-all/1.8/leveldbjni-all-1.8.jar:"/>
    <property name="java.vm.vendor" value="IcedTea"/>
    <property name="sun.arch.data.model" value="64"/>
    <property name="test.build.dir" value="/workdir/hadoop-ozone/integration-test/target/test-dir"/>
    <property name="test.cache.data" value=""/>
    <property name="java.vendor.url" value="https://icedtea.classpath.org"/>
    <property name="user.timezone" value=""/>
    <property name="java.vm.specification.version" value="1.8"/>
    <property name="os.name" value="Linux"/>
    <property name="test.build.data" value="/workdir/hadoop-ozone/integration-test/target/test-dir"/>
    <property name="user.country" value="US"/>
    <property name="sun.java.launcher" value="SUN_STANDARD"/>
    <property name="sun.boot.library.path" value="/usr/lib/jvm/java-1.8-openjdk/jre/lib/amd64"/>
    <property name="sun.java.command" value="/workdir/hadoop-ozone/integration-test/target/surefire/surefirebooter7283794451445613278.jar /workdir/hadoop-ozone/integration-test/target/surefire 2019-10-06T13-49-48_782-jvmRun1 surefire314111039782203389tmp surefire_763760854938038942883tmp"/>
    <property name="test" value="!TestMiniChaosOzoneCluster"/>
    <property name="surefire.test.class.path" value="/workdir/hadoop-ozone/integration-test/target/test-classes:/workdir/hadoop-ozone/integration-test/target/classes:/home/user/.m2/repository/org/apache/hadoop/hadoop-ozone-common/0.5.0-SNAPSHOT/hadoop-ozone-common-0.5.0-SNAPSHOT.jar:/home/user/.m2/repository/org/apache/commons/commons-compress/1.4.1/commons-compress-1.4.1.jar:/home/user/.m2/repository/org/tukaani/xz/1.0/xz-1.0.jar:/home/user/.m2/repository/org/apache/hadoop/hadoop-common/3.2.0/hadoop-common-3.2.0.jar:/home/user/.m2/repository/org/apache/hadoop/hadoop-hdfs/3.2.0/hadoop-hdfs-3.2.0.jar:/home/user/.m2/repository/org/apache/hadoop/hadoop-hdfs-client/3.2.0/hadoop-hdfs-client-3.2.0.jar:/home/user/.m2/repository/com/fasterxml/jackson/core/jackson-annotations/2.9.9/jackson-annotations-2.9.9.jar:/home/user/.m2/repository/org/apache/hadoop/hadoop-hdds-common/0.5.0-SNAPSHOT/hadoop-hdds-common-0.5.0-SNAPSHOT.jar:/home/user/.m2/repository/javax/annotation/javax.annotation-api/1.2/javax.annotation-api-1.2.jar:/home/user/.m2/repository/org/apache/ratis/ratis-server/0.5.0-201fc85-SNAPSHOT/ratis-server-0.5.0-201fc85-SNAPSHOT.jar:/home/user/.m2/repository/org/apache/ratis/ratis-thirdparty-misc/0.2.0/ratis-thirdparty-misc-0.2.0.jar:/home/user/.m2/repository/org/apache/ratis/ratis-proto/0.5.0-201fc85-SNAPSHOT/ratis-proto-0.5.0-201fc85-SNAPSHOT.jar:/home/user/.m2/repository/org/apache/ratis/ratis-common/0.5.0-201fc85-SNAPSHOT/ratis-common-0.5.0-201fc85-SNAPSHOT.jar:/home/user/.m2/repository/org/apache/ratis/ratis-client/0.5.0-201fc85-SNAPSHOT/ratis-client-0.5.0-201fc85-SNAPSHOT.jar:/home/user/.m2/repository/org/apache/ratis/ratis-metrics/0.5.0-201fc85-SNAPSHOT/ratis-metrics-0.5.0-201fc85-SNAPSHOT.jar:/home/user/.m2/repository/com/github/joshelser/dropwizard-metrics-hadoop-metrics2-reporter/0.1.2/dropwizard-metrics-hadoop-metrics2-reporter-0.1.2.jar:/home/user/.m2/repository/io/dropwizard/metrics/metrics-jvm/3.2.5/metrics-jvm-3.2.5.jar:/home/user/.m2/repository/io/dropwizard/metrics/metrics-ganglia/3.2.5/metrics-ganglia-3.2.5.jar:/home/user/.m2/repository/info/ganglia/gmetric4j/gmetric4j/1.0.7/gmetric4j-1.0.7.jar:/home/user/.m2/repository/org/apache/ratis/ratis-netty/0.5.0-201fc85-SNAPSHOT/ratis-netty-0.5.0-201fc85-SNAPSHOT.jar:/home/user/.m2/repository/org/apache/ratis/ratis-grpc/0.5.0-201fc85-SNAPSHOT/ratis-grpc-0.5.0-201fc85-SNAPSHOT.jar:/home/user/.m2/repository/org/rocksdb/rocksdbjni/6.0.1/rocksdbjni-6.0.1.jar:/home/user/.m2/repository/org/apache/logging/log4j/log4j-api/2.11.0/log4j-api-2.11.0.jar:/home/user/.m2/repository/org/apache/logging/log4j/log4j-core/2.11.0/log4j-core-2.11.0.jar:/home/user/.m2/repository/com/lmax/disruptor/3.4.2/disruptor-3.4.2.jar:/home/user/.m2/repository/org/apache/commons/commons-pool2/2.6.0/commons-pool2-2.6.0.jar:/home/user/.m2/repository/org/bouncycastle/bcpkix-jdk15on/1.60/bcpkix-jdk15on-1.60.jar:/home/user/.m2/repository/commons-validator/commons-validator/1.6/commons-validator-1.6.jar:/home/user/.m2/repository/commons-digester/commons-digester/1.8.1/commons-digester-1.8.1.jar:/home/user/.m2/repository/io/jaegertracing/jaeger-client/0.34.0/jaeger-client-0.34.0.jar:/home/user/.m2/repository/io/jaegertracing/jaeger-thrift/0.34.0/jaeger-thrift-0.34.0.jar:/home/user/.m2/repository/org/apache/thrift/libthrift/0.12.0/libthrift-0.12.0.jar:/home/user/.m2/repository/com/squareup/okhttp3/okhttp/3.9.0/okhttp-3.9.0.jar:/home/user/.m2/repository/com/squareup/okio/okio/1.13.0/okio-1.13.0.jar:/home/user/.m2/repository/io/jaegertracing/jaeger-core/0.34.0/jaeger-core-0.34.0.jar:/home/user/.m2/repository/io/jaegertracing/jaeger-tracerresolver/0.34.0/jaeger-tracerresolver-0.34.0.jar:/home/user/.m2/repository/io/opentracing/contrib/opentracing-tracerresolver/0.1.5/opentracing-tracerresolver-0.1.5.jar:/home/user/.m2/repository/io/opentracing/opentracing-util/0.31.0/opentracing-util-0.31.0.jar:/home/user/.m2/repository/io/opentracing/opentracing-api/0.31.0/opentracing-api-0.31.0.jar:/home/user/.m2/repository/io/opentracing/opentracing-noop/0.31.0/opentracing-noop-0.31.0.jar:/home/user/.m2/repository/org/apache/hadoop/hadoop-hdds-server-framework/0.5.0-SNAPSHOT/hadoop-hdds-server-framework-0.5.0-SNAPSHOT.jar:/home/user/.m2/repository/org/apache/hadoop/hadoop-hdds-container-service/0.5.0-SNAPSHOT/hadoop-hdds-container-service-0.5.0-SNAPSHOT.jar:/home/user/.m2/repository/org/apache/hadoop/hadoop-hdds-client/0.5.0-SNAPSHOT/hadoop-hdds-client-0.5.0-SNAPSHOT.jar:/home/user/.m2/repository/org/apache/hadoop/hadoop-hdds-tools/0.5.0-SNAPSHOT/hadoop-hdds-tools-0.5.0-SNAPSHOT.jar:/home/user/.m2/repository/org/apache/hadoop/hadoop-hdds-server-scm/0.5.0-SNAPSHOT/hadoop-hdds-server-scm-0.5.0-SNAPSHOT.jar:/home/user/.m2/repository/org/apache/hadoop/hadoop-hdds-docs/0.5.0-SNAPSHOT/hadoop-hdds-docs-0.5.0-SNAPSHOT.jar:/home/user/.m2/repository/io/dropwizard/metrics/metrics-core/3.2.4/metrics-core-3.2.4.jar:/home/user/.m2/repository/org/hamcrest/hamcrest-all/1.3/hamcrest-all-1.3.jar:/home/user/.m2/repository/org/bouncycastle/bcprov-jdk15on/1.60/bcprov-jdk15on-1.60.jar:/home/user/.m2/repository/info/picocli/picocli/3.9.6/picocli-3.9.6.jar:/home/user/.m2/repository/com/google/protobuf/protobuf-java/2.5.0/protobuf-java-2.5.0.jar:/home/user/.m2/repository/com/google/guava/guava/11.0.2/guava-11.0.2.jar:/home/user/.m2/repository/org/apache/hadoop/hadoop-ozone-ozone-manager/0.5.0-SNAPSHOT/hadoop-ozone-ozone-manager-0.5.0-SNAPSHOT.jar:/home/user/.m2/repository/org/apache/hadoop/hadoop-minikdc/3.2.0/hadoop-minikdc-3.2.0.jar:/home/user/.m2/repository/commons-io/commons-io/2.5/commons-io-2.5.jar:/home/user/.m2/repository/org/apache/kerby/kerb-simplekdc/1.0.1/kerb-simplekdc-1.0.1.jar:/home/user/.m2/repository/org/apache/kerby/kerb-client/1.0.1/kerb-client-1.0.1.jar:/home/user/.m2/repository/org/apache/kerby/kerby-config/1.0.1/kerby-config-1.0.1.jar:/home/user/.m2/repository/org/apache/kerby/kerb-core/1.0.1/kerb-core-1.0.1.jar:/home/user/.m2/repository/org/apache/kerby/kerby-pkix/1.0.1/kerby-pkix-1.0.1.jar:/home/user/.m2/repository/org/apache/kerby/kerby-asn1/1.0.1/kerby-asn1-1.0.1.jar:/home/user/.m2/repository/org/apache/kerby/kerby-util/1.0.1/kerby-util-1.0.1.jar:/home/user/.m2/repository/org/apache/kerby/kerb-common/1.0.1/kerb-common-1.0.1.jar:/home/user/.m2/repository/org/apache/kerby/kerb-crypto/1.0.1/kerb-crypto-1.0.1.jar:/home/user/.m2/repository/org/apache/kerby/kerb-util/1.0.1/kerb-util-1.0.1.jar:/home/user/.m2/repository/org/apache/kerby/token-provider/1.0.1/token-provider-1.0.1.jar:/home/user/.m2/repository/org/apache/kerby/kerb-admin/1.0.1/kerb-admin-1.0.1.jar:/home/user/.m2/repository/org/apache/kerby/kerb-server/1.0.1/kerb-server-1.0.1.jar:/home/user/.m2/repository/org/apache/kerby/kerb-identity/1.0.1/kerb-identity-1.0.1.jar:/home/user/.m2/repository/org/apache/kerby/kerby-xdr/1.0.1/kerby-xdr-1.0.1.jar:/home/user/.m2/repository/org/slf4j/slf4j-log4j12/1.7.25/slf4j-log4j12-1.7.25.jar:/home/user/.m2/repository/org/apache/hadoop/hadoop-ozone-s3gateway/0.5.0-SNAPSHOT/hadoop-ozone-s3gateway-0.5.0-SNAPSHOT.jar:/home/user/.m2/repository/org/jboss/weld/servlet/weld-servlet/2.4.7.Final/weld-servlet-2.4.7.Final.jar:/home/user/.m2/repository/org/glassfish/jersey/containers/jersey-container-servlet-core/2.27/jersey-container-servlet-core-2.27.jar:/home/user/.m2/repository/org/glassfish/hk2/external/javax.inject/2.5.0-b42/javax.inject-2.5.0-b42.jar:/home/user/.m2/repository/org/glassfish/jersey/core/jersey-common/2.27/jersey-common-2.27.jar:/home/user/.m2/repository/org/glassfish/hk2/osgi-resource-locator/1.0.1/osgi-resource-locator-1.0.1.jar:/home/user/.m2/repository/javax/ws/rs/javax.ws.rs-api/2.1/javax.ws.rs-api-2.1.jar:/home/user/.m2/repository/org/glassfish/jersey/ext/cdi/jersey-cdi1x/2.27/jersey-cdi1x-2.27.jar:/home/user/.m2/repository/org/glassfish/jersey/inject/jersey-hk2/2.27/jersey-hk2-2.27.jar:/home/user/.m2/repository/org/glassfish/hk2/hk2-locator/2.5.0-b42/hk2-locator-2.5.0-b42.jar:/home/user/.m2/repository/org/javassist/javassist/3.22.0-CR2/javassist-3.22.0-CR2.jar:/home/user/.m2/repository/org/glassfish/hk2/hk2-api/2.5.0/hk2-api-2.5.0.jar:/home/user/.m2/repository/org/glassfish/hk2/external/jakarta.inject/2.5.0/jakarta.inject-2.5.0.jar:/home/user/.m2/repository/org/glassfish/hk2/hk2-utils/2.5.0/hk2-utils-2.5.0.jar:/home/user/.m2/repository/jakarta/annotation/jakarta.annotation-api/1.3.4/jakarta.annotation-api-1.3.4.jar:/home/user/.m2/repository/org/glassfish/hk2/external/aopalliance-repackaged/2.5.0/aopalliance-repackaged-2.5.0.jar:/home/user/.m2/repository/com/fasterxml/jackson/dataformat/jackson-dataformat-xml/2.9.0/jackson-dataformat-xml-2.9.0.jar:/home/user/.m2/repository/com/fasterxml/jackson/core/jackson-core/2.9.9/jackson-core-2.9.9.jar:/home/user/.m2/repository/com/fasterxml/jackson/module/jackson-module-jaxb-annotations/2.9.9/jackson-module-jaxb-annotations-2.9.9.jar:/home/user/.m2/repository/javax/enterprise/cdi-api/1.2/cdi-api-1.2.jar:/home/user/.m2/repository/javax/el/javax.el-api/3.0.0/javax.el-api-3.0.0.jar:/home/user/.m2/repository/javax/interceptor/javax.interceptor-api/1.2/javax.interceptor-api-1.2.jar:/home/user/.m2/repository/javax/inject/javax.inject/1/javax.inject-1.jar:/home/user/.m2/repository/com/sun/xml/bind/jaxb-impl/2.3.0.1/jaxb-impl-2.3.0.1.jar:/home/user/.m2/repository/com/sun/xml/bind/jaxb-core/2.3.0.1/jaxb-core-2.3.0.1.jar:/home/user/.m2/repository/javax/xml/bind/jaxb-api/2.3.0/jaxb-api-2.3.0.jar:/home/user/.m2/repository/javax/activation/activation/1.1.1/activation-1.1.1.jar:/home/user/.m2/repository/org/apache/hadoop/hadoop-ozone-csi/0.5.0-SNAPSHOT/hadoop-ozone-csi-0.5.0-SNAPSHOT.jar:/home/user/.m2/repository/com/google/protobuf/protobuf-java-util/3.5.1/protobuf-java-util-3.5.1.jar:/home/user/.m2/repository/org/apache/hadoop/hadoop-hdds-config/0.5.0-SNAPSHOT/hadoop-hdds-config-0.5.0-SNAPSHOT.jar:/home/user/.m2/repository/io/grpc/grpc-netty/1.17.1/grpc-netty-1.17.1.jar:/home/user/.m2/repository/io/grpc/grpc-core/1.17.1/grpc-core-1.17.1.jar:/home/user/.m2/repository/io/grpc/grpc-context/1.17.1/grpc-context-1.17.1.jar:/home/user/.m2/repository/com/google/errorprone/error_prone_annotations/2.2.0/error_prone_annotations-2.2.0.jar:/home/user/.m2/repository/org/codehaus/mojo/animal-sniffer-annotations/1.17/animal-sniffer-annotations-1.17.jar:/home/user/.m2/repository/io/opencensus/opencensus-api/0.17.0/opencensus-api-0.17.0.jar:/home/user/.m2/repository/io/opencensus/opencensus-contrib-grpc-metrics/0.17.0/opencensus-contrib-grpc-metrics-0.17.0.jar:/home/user/.m2/repository/io/netty/netty-codec-http2/4.1.30.Final/netty-codec-http2-4.1.30.Final.jar:/home/user/.m2/repository/io/netty/netty-codec-http/4.1.30.Final/netty-codec-http-4.1.30.Final.jar:/home/user/.m2/repository/io/netty/netty-codec/4.1.30.Final/netty-codec-4.1.30.Final.jar:/home/user/.m2/repository/io/netty/netty-handler/4.1.30.Final/netty-handler-4.1.30.Final.jar:/home/user/.m2/repository/io/netty/netty-handler-proxy/4.1.30.Final/netty-handler-proxy-4.1.30.Final.jar:/home/user/.m2/repository/io/netty/netty-codec-socks/4.1.30.Final/netty-codec-socks-4.1.30.Final.jar:/home/user/.m2/repository/io/netty/netty-transport-native-epoll/4.1.30.Final/netty-transport-native-epoll-4.1.30.Final.jar:/home/user/.m2/repository/io/netty/netty-common/4.1.30.Final/netty-common-4.1.30.Final.jar:/home/user/.m2/repository/io/netty/netty-buffer/4.1.30.Final/netty-buffer-4.1.30.Final.jar:/home/user/.m2/repository/io/netty/netty-transport/4.1.30.Final/netty-transport-4.1.30.Final.jar:/home/user/.m2/repository/io/netty/netty-resolver/4.1.30.Final/netty-resolver-4.1.30.Final.jar:/home/user/.m2/repository/io/netty/netty-transport-native-unix-common/4.1.30.Final/netty-transport-native-unix-common-4.1.30.Final.jar:/home/user/.m2/repository/io/grpc/grpc-protobuf/1.17.1/grpc-protobuf-1.17.1.jar:/home/user/.m2/repository/com/google/api/grpc/proto-google-common-protos/1.0.0/proto-google-common-protos-1.0.0.jar:/home/user/.m2/repository/io/grpc/grpc-protobuf-lite/1.17.1/grpc-protobuf-lite-1.17.1.jar:/home/user/.m2/repository/io/grpc/grpc-stub/1.17.1/grpc-stub-1.17.1.jar:/home/user/.m2/repository/org/apache/hadoop/hadoop-ozone-recon/0.5.0-SNAPSHOT/hadoop-ozone-recon-0.5.0-SNAPSHOT.jar:/home/user/.m2/repository/org/apache/hadoop/hadoop-ozone-reconcodegen/0.5.0-SNAPSHOT/hadoop-ozone-reconcodegen-0.5.0-SNAPSHOT.jar:/home/user/.m2/repository/com/google/inject/extensions/guice-multibindings/4.0/guice-multibindings-4.0.jar:/home/user/.m2/repository/com/google/inject/guice/4.0/guice-4.0.jar:/home/user/.m2/repository/aopalliance/aopalliance/1.0/aopalliance-1.0.jar:/home/user/.m2/repository/com/google/inject/extensions/guice-servlet/4.0/guice-servlet-4.0.jar:/home/user/.m2/repository/org/glassfish/jersey/containers/jersey-container-servlet/2.27/jersey-container-servlet-2.27.jar:/home/user/.m2/repository/org/glassfish/hk2/guice-bridge/2.5.0/guice-bridge-2.5.0.jar:/home/user/.m2/repository/org/glassfish/jersey/core/jersey-server/2.27/jersey-server-2.27.jar:/home/user/.m2/repository/org/glassfish/jersey/core/jersey-client/2.27/jersey-client-2.27.jar:/home/user/.m2/repository/org/glassfish/jersey/media/jersey-media-jaxb/2.27/jersey-media-jaxb-2.27.jar:/home/user/.m2/repository/javax/validation/validation-api/1.1.0.Final/validation-api-1.1.0.Final.jar:/home/user/.m2/repository/org/glassfish/jersey/media/jersey-media-json-jackson/2.27/jersey-media-json-jackson-2.27.jar:/home/user/.m2/repository/org/glassfish/jersey/ext/jersey-entity-filtering/2.27/jersey-entity-filtering-2.27.jar:/home/user/.m2/repository/com/google/inject/extensions/guice-assistedinject/4.0/guice-assistedinject-4.0.jar:/home/user/.m2/repository/org/jooq/jooq/3.11.10/jooq-3.11.10.jar:/home/user/.m2/repository/org/jooq/jooq-meta/3.11.10/jooq-meta-3.11.10.jar:/home/user/.m2/repository/org/jooq/jooq-codegen/3.11.10/jooq-codegen-3.11.10.jar:/home/user/.m2/repository/com/jolbox/bonecp/0.8.0.RELEASE/bonecp-0.8.0.RELEASE.jar:/home/user/.m2/repository/org/xerial/sqlite-jdbc/3.25.2/sqlite-jdbc-3.25.2.jar:/home/user/.m2/repository/org/springframework/spring-jdbc/5.1.3.RELEASE/spring-jdbc-5.1.3.RELEASE.jar:/home/user/.m2/repository/org/springframework/spring-beans/5.1.3.RELEASE/spring-beans-5.1.3.RELEASE.jar:/home/user/.m2/repository/org/springframework/spring-core/5.1.3.RELEASE/spring-core-5.1.3.RELEASE.jar:/home/user/.m2/repository/org/springframework/spring-jcl/5.1.3.RELEASE/spring-jcl-5.1.3.RELEASE.jar:/home/user/.m2/repository/org/springframework/spring-tx/5.1.3.RELEASE/spring-tx-5.1.3.RELEASE.jar:/home/user/.m2/repository/org/apache/hadoop/hadoop-ozone-client/0.5.0-SNAPSHOT/hadoop-ozone-client-0.5.0-SNAPSHOT.jar:/home/user/.m2/repository/commons-lang/commons-lang/2.6/commons-lang-2.6.jar:/home/user/.m2/repository/org/apache/hadoop/hadoop-ozone-ozone-manager/0.5.0-SNAPSHOT/hadoop-ozone-ozone-manager-0.5.0-SNAPSHOT-tests.jar:/home/user/.m2/repository/junit/junit/4.11/junit-4.11.jar:/home/user/.m2/repository/org/hamcrest/hamcrest-core/1.3/hamcrest-core-1.3.jar:/home/user/.m2/repository/org/openjdk/jmh/jmh-core/1.19/jmh-core-1.19.jar:/home/user/.m2/repository/net/sf/jopt-simple/jopt-simple/4.6/jopt-simple-4.6.jar:/home/user/.m2/repository/org/apache/commons/commons-math3/3.1.1/commons-math3-3.1.1.jar:/home/user/.m2/repository/org/openjdk/jmh/jmh-generator-annprocess/1.19/jmh-generator-annprocess-1.19.jar:/home/user/.m2/repository/org/mockito/mockito-all/1.8.5/mockito-all-1.8.5.jar:/home/user/.m2/repository/org/apache/hadoop/hadoop-kms/3.2.0/hadoop-kms-3.2.0.jar:/home/user/.m2/repository/org/apache/hadoop/hadoop-auth/3.2.0/hadoop-auth-3.2.0.jar:/home/user/.m2/repository/com/nimbusds/nimbus-jose-jwt/4.41.1/nimbus-jose-jwt-4.41.1.jar:/home/user/.m2/repository/com/github/stephenc/jcip/jcip-annotations/1.0-1/jcip-annotations-1.0-1.jar:/home/user/.m2/repository/net/minidev/json-smart/2.3/json-smart-2.3.jar:/home/user/.m2/repository/net/minidev/accessors-smart/1.2/accessors-smart-1.2.jar:/home/user/.m2/repository/org/ow2/asm/asm/5.0.4/asm-5.0.4.jar:/home/user/.m2/repository/org/apache/curator/curator-framework/2.12.0/curator-framework-2.12.0.jar:/home/user/.m2/repository/com/sun/jersey/jersey-core/1.19/jersey-core-1.19.jar:/home/user/.m2/repository/javax/ws/rs/jsr311-api/1.1.1/jsr311-api-1.1.1.jar:/home/user/.m2/repository/com/sun/jersey/jersey-server/1.19/jersey-server-1.19.jar:/home/user/.m2/repository/javax/servlet/javax.servlet-api/3.1.0/javax.servlet-api-3.1.0.jar:/home/user/.m2/repository/org/eclipse/jetty/jetty-server/9.3.25.v20180904/jetty-server-9.3.25.v20180904.jar:/home/user/.m2/repository/org/eclipse/jetty/jetty-http/9.3.25.v20180904/jetty-http-9.3.25.v20180904.jar:/home/user/.m2/repository/org/eclipse/jetty/jetty-io/9.3.25.v20180904/jetty-io-9.3.25.v20180904.jar:/home/user/.m2/repository/org/eclipse/jetty/jetty-webapp/9.3.25.v20180904/jetty-webapp-9.3.25.v20180904.jar:/home/user/.m2/repository/org/eclipse/jetty/jetty-xml/9.3.25.v20180904/jetty-xml-9.3.25.v20180904.jar:/home/user/.m2/repository/log4j/log4j/1.2.17/log4j-1.2.17.jar:/home/user/.m2/repository/org/slf4j/slf4j-api/1.7.25/slf4j-api-1.7.25.jar:/home/user/.m2/repository/org/slf4j/jul-to-slf4j/1.7.25/jul-to-slf4j-1.7.25.jar:/home/user/.m2/repository/org/eclipse/jetty/jetty-util/9.3.25.v20180904/jetty-util-9.3.25.v20180904.jar:/home/user/.m2/repository/com/fasterxml/jackson/core/jackson-databind/2.9.9/jackson-databind-2.9.9.jar:/home/user/.m2/repository/org/apache/hadoop/hadoop-kms/3.2.0/hadoop-kms-3.2.0-tests.jar:/home/user/.m2/repository/org/apache/hadoop/hadoop-hdds-server-scm/0.5.0-SNAPSHOT/hadoop-hdds-server-scm-0.5.0-SNAPSHOT-tests.jar:/home/user/.m2/repository/org/apache/hadoop/hadoop-hdds-container-service/0.5.0-SNAPSHOT/hadoop-hdds-container-service-0.5.0-SNAPSHOT-tests.jar:/home/user/.m2/repository/org/yaml/snakeyaml/1.16/snakeyaml-1.16.jar:/home/user/.m2/repository/org/apache/hadoop/hadoop-common/3.2.0/hadoop-common-3.2.0-tests.jar:/home/user/.m2/repository/org/apache/hadoop/hadoop-annotations/3.2.0/hadoop-annotations-3.2.0.jar:/usr/lib/jvm/java-1.8-openjdk/jre/../lib/tools.jar:/home/user/.m2/repository/commons-cli/commons-cli/1.2/commons-cli-1.2.jar:/home/user/.m2/repository/org/apache/httpcomponents/httpclient/4.5.2/httpclient-4.5.2.jar:/home/user/.m2/repository/org/apache/httpcomponents/httpcore/4.4.4/httpcore-4.4.4.jar:/home/user/.m2/repository/commons-codec/commons-codec/1.11/commons-codec-1.11.jar:/home/user/.m2/repository/commons-net/commons-net/3.6/commons-net-3.6.jar:/home/user/.m2/repository/commons-collections/commons-collections/3.2.2/commons-collections-3.2.2.jar:/home/user/.m2/repository/org/eclipse/jetty/jetty-servlet/9.3.25.v20180904/jetty-servlet-9.3.25.v20180904.jar:/home/user/.m2/repository/org/eclipse/jetty/jetty-security/9.3.25.v20180904/jetty-security-9.3.25.v20180904.jar:/home/user/.m2/repository/javax/servlet/jsp/jsp-api/2.1/jsp-api-2.1.jar:/home/user/.m2/repository/com/sun/jersey/jersey-servlet/1.19/jersey-servlet-1.19.jar:/home/user/.m2/repository/com/sun/jersey/jersey-json/1.19/jersey-json-1.19.jar:/home/user/.m2/repository/org/codehaus/jettison/jettison/1.1/jettison-1.1.jar:/home/user/.m2/repository/org/codehaus/jackson/jackson-core-asl/1.9.13/jackson-core-asl-1.9.13.jar:/home/user/.m2/repository/org/codehaus/jackson/jackson-mapper-asl/1.9.13/jackson-mapper-asl-1.9.13.jar:/home/user/.m2/repository/org/codehaus/jackson/jackson-jaxrs/1.9.13/jackson-jaxrs-1.9.13.jar:/home/user/.m2/repository/org/codehaus/jackson/jackson-xc/1.9.13/jackson-xc-1.9.13.jar:/home/user/.m2/repository/commons-logging/commons-logging/1.1.3/commons-logging-1.1.3.jar:/home/user/.m2/repository/commons-beanutils/commons-beanutils/1.9.4/commons-beanutils-1.9.4.jar:/home/user/.m2/repository/org/apache/commons/commons-configuration2/2.1.1/commons-configuration2-2.1.1.jar:/home/user/.m2/repository/org/apache/commons/commons-lang3/3.7/commons-lang3-3.7.jar:/home/user/.m2/repository/org/apache/commons/commons-text/1.4/commons-text-1.4.jar:/home/user/.m2/repository/org/apache/avro/avro/1.7.7/avro-1.7.7.jar:/home/user/.m2/repository/com/thoughtworks/paranamer/paranamer/2.3/paranamer-2.3.jar:/home/user/.m2/repository/org/xerial/snappy/snappy-java/1.0.5/snappy-java-1.0.5.jar:/home/user/.m2/repository/com/google/re2j/re2j/1.1/re2j-1.1.jar:/home/user/.m2/repository/com/google/code/gson/gson/2.2.4/gson-2.2.4.jar:/home/user/.m2/repository/com/jcraft/jsch/0.1.54/jsch-0.1.54.jar:/home/user/.m2/repository/org/apache/curator/curator-client/2.12.0/curator-client-2.12.0.jar:/home/user/.m2/repository/org/apache/curator/curator-recipes/2.12.0/curator-recipes-2.12.0.jar:/home/user/.m2/repository/com/google/code/findbugs/jsr305/3.0.0/jsr305-3.0.0.jar:/home/user/.m2/repository/org/apache/htrace/htrace-core4/4.1.0-incubating/htrace-core4-4.1.0-incubating.jar:/home/user/.m2/repository/org/apache/zookeeper/zookeeper/3.4.13/zookeeper-3.4.13.jar:/home/user/.m2/repository/jline/jline/0.9.94/jline-0.9.94.jar:/home/user/.m2/repository/org/apache/yetus/audience-annotations/0.5.0/audience-annotations-0.5.0.jar:/home/user/.m2/repository/org/codehaus/woodstox/stax2-api/3.1.4/stax2-api-3.1.4.jar:/home/user/.m2/repository/com/fasterxml/woodstox/woodstox-core/5.0.3/woodstox-core-5.0.3.jar:/home/user/.m2/repository/dnsjava/dnsjava/2.1.7/dnsjava-2.1.7.jar:/home/user/.m2/repository/org/apache/hadoop/hadoop-hdfs/3.2.0/hadoop-hdfs-3.2.0-tests.jar:/home/user/.m2/repository/org/eclipse/jetty/jetty-util-ajax/9.3.25.v20180904/jetty-util-ajax-9.3.25.v20180904.jar:/home/user/.m2/repository/commons-daemon/commons-daemon/1.0.13/commons-daemon-1.0.13.jar:/home/user/.m2/repository/io/netty/netty/3.10.5.Final/netty-3.10.5.Final.jar:/home/user/.m2/repository/io/netty/netty-all/4.0.52.Final/netty-all-4.0.52.Final.jar:/home/user/.m2/repository/org/fusesource/leveldbjni/leveldbjni-all/1.8/leveldbjni-all-1.8.jar:"/>
    <property name="sun.cpu.endian" value="little"/>
    <property name="user.home" value="/home/user"/>
    <property name="user.language" value="en"/>
    <property name="java.specification.vendor" value="Oracle Corporation"/>
    <property name="java.home" value="/usr/lib/jvm/java-1.8-openjdk/jre"/>
    <property name="surefire.excludesFile" value="/tools/ozone-bad-unit-tests"/>
    <property name="java.security.krb5.conf" value="/workdir/hadoop-ozone/integration-test/target/test-classes/krb5.conf"/>
    <property name="basedir" value="/workdir/hadoop-ozone/integration-test"/>
    <property name="file.separator" value="/"/>
    <property name="line.separator" value="&#10;"/>
    <property name="java.vm.specification.vendor" value="Oracle Corporation"/>
    <property name="java.specification.name" value="Java Platform API Specification"/>
    <property name="java.awt.graphicsenv" value="sun.awt.X11GraphicsEnvironment"/>
    <property name="surefire.real.class.path" value="/workdir/hadoop-ozone/integration-test/target/surefire/surefirebooter7283794451445613278.jar"/>
    <property name="hadoop.log.dir" value="/workdir/hadoop-ozone/integration-test/target/log"/>
    <property name="sun.boot.class.path" value="/usr/lib/jvm/java-1.8-openjdk/jre/lib/resources.jar:/usr/lib/jvm/java-1.8-openjdk/jre/lib/rt.jar:/usr/lib/jvm/java-1.8-openjdk/jre/lib/sunrsasign.jar:/usr/lib/jvm/java-1.8-openjdk/jre/lib/jsse.jar:/usr/lib/jvm/java-1.8-openjdk/jre/lib/jce.jar:/usr/lib/jvm/java-1.8-openjdk/jre/lib/charsets.jar:/usr/lib/jvm/java-1.8-openjdk/jre/lib/jfr.jar:/usr/lib/jvm/java-1.8-openjdk/jre/classes"/>
    <property name="sun.management.compiler" value="HotSpot 64-Bit Tiered Compilers"/>
    <property name="java.runtime.version" value="1.8.0_212-b04"/>
    <property name="java.net.preferIPv4Stack" value="true"/>
    <property name="user.name" value="jenkins1000"/>
    <property name="path.separator" value=":"/>
    <property name="java.security.egd" value="file:///dev/urandom"/>
    <property name="os.version" value="3.10.0-957.12.2.el7.x86_64"/>
    <property name="java.endorsed.dirs" value="/usr/lib/jvm/java-1.8-openjdk/jre/lib/endorsed"/>
    <property name="java.runtime.name" value="OpenJDK Runtime Environment"/>
    <property name="file.encoding" value="UTF-8"/>
    <property name="java.vm.name" value="OpenJDK 64-Bit Server VM"/>
    <property name="test.build.webapps" value=""/>
    <property name="localRepository" value="/home/user/.m2/repository"/>
    <property name="java.vendor.url.bug" value="https://icedtea.classpath.org/bugzilla"/>
    <property name="java.io.tmpdir" value="/tmp"/>
    <property name="require.test.libhadoop" value=""/>
    <property name="java.version" value="1.8.0_212"/>
    <property name="user.dir" value="/workdir/hadoop-ozone/integration-test"/>
    <property name="os.arch" value="amd64"/>
    <property name="java.vm.specification.name" value="Java Virtual Machine Specification"/>
    <property name="test.build.classes" value="/workdir/hadoop-ozone/integration-test/target/test-classes"/>
    <property name="java.awt.printerjob" value="sun.print.PSPrinterJob"/>
    <property name="sun.os.patch.level" value="unknown"/>
    <property name="hadoop.tmp.dir" value="/workdir/hadoop-ozone/integration-test/target/tmp"/>
    <property name="java.library.path" value="/usr/lib/jvm/java-1.8-openjdk/jre/lib/amd64/server:/usr/lib/jvm/java-1.8-openjdk/jre/lib/amd64:/usr/lib/jvm/java-1.8-openjdk/jre/../lib/amd64:/workdir/hadoop-ozone/integration-test/target/native/target/usr/local/lib:/workdir/hadoop-ozone/integration-test/../../hadoop-common-project/hadoop-common/target/native/target/usr/local/lib:/usr/java/packages/lib/amd64:/usr/lib64:/lib64:/lib:/usr/lib"/>
    <property name="java.vm.info" value="mixed mode"/>
    <property name="java.vendor" value="IcedTea"/>
    <property name="java.vm.version" value="25.212-b04"/>
    <property name="java.ext.dirs" value="/usr/lib/jvm/java-1.8-openjdk/jre/lib/ext:/usr/java/packages/lib/ext"/>
    <property name="sun.io.unicode.encoding" value="UnicodeLittle"/>
    <property name="java.class.version" value="52.0"/>
  </properties>
  <testcase name="testWatchForCommitWithKeyWrite" classname="org.apache.hadoop.ozone.client.rpc.TestWatchForCommit" time="82.866"/>
  <testcase name="testWatchForCommitWithSmallerTimeoutValue" classname="org.apache.hadoop.ozone.client.rpc.TestWatchForCommit" time="42.327"/>
  <testcase name="testWatchForCommitForRetryfailure" classname="org.apache.hadoop.ozone.client.rpc.TestWatchForCommit" time="73.93"/>
  <testcase name="testWatchForCommitForGroupMismatchException" classname="org.apache.hadoop.ozone.client.rpc.TestWatchForCommit" time="31.945"/>
  <testcase name="test2WayCommitForTimeoutException" classname="org.apache.hadoop.ozone.client.rpc.TestWatchForCommit" time="22.248">
    <error type="java.util.concurrent.TimeoutException">java.util.concurrent.TimeoutException
	at java.util.concurrent.CompletableFuture.timedGet(CompletableFuture.java:1771)
	at java.util.concurrent.CompletableFuture.get(CompletableFuture.java:1915)
	at org.apache.hadoop.hdds.scm.XceiverClientRatis.watchForCommit(XceiverClientRatis.java:298)
	at org.apache.hadoop.ozone.client.rpc.TestWatchForCommit.test2WayCommitForTimeoutException(TestWatchForCommit.java:391)
	at sun.reflect.NativeMethodAccessorImpl.invoke0(Native Method)
	at sun.reflect.NativeMethodAccessorImpl.invoke(NativeMethodAccessorImpl.java:62)
	at sun.reflect.DelegatingMethodAccessorImpl.invoke(DelegatingMethodAccessorImpl.java:43)
	at java.lang.reflect.Method.invoke(Method.java:498)
	at org.junit.runners.model.FrameworkMethod$1.runReflectiveCall(FrameworkMethod.java:47)
	at org.junit.internal.runners.model.ReflectiveCallable.run(ReflectiveCallable.java:12)
	at org.junit.runners.model.FrameworkMethod.invokeExplosively(FrameworkMethod.java:44)
	at org.junit.internal.runners.statements.InvokeMethod.evaluate(InvokeMethod.java:17)
	at org.junit.runners.ParentRunner.runLeaf(ParentRunner.java:271)
	at org.junit.runners.BlockJUnit4ClassRunner.runChild(BlockJUnit4ClassRunner.java:70)
	at org.junit.runners.BlockJUnit4ClassRunner.runChild(BlockJUnit4ClassRunner.java:50)
	at org.junit.runners.ParentRunner$3.run(ParentRunner.java:238)
	at org.junit.runners.ParentRunner$1.schedule(ParentRunner.java:63)
	at org.junit.runners.ParentRunner.runChildren(ParentRunner.java:236)
	at org.junit.runners.ParentRunner.access$000(ParentRunner.java:53)
	at org.junit.runners.ParentRunner$2.evaluate(ParentRunner.java:229)
	at org.junit.runners.ParentRunner.run(ParentRunner.java:309)
	at org.apache.maven.surefire.junit4.JUnit4Provider.execute(JUnit4Provider.java:365)
	at org.apache.maven.surefire.junit4.JUnit4Provider.executeWithRerun(JUnit4Provider.java:273)
	at org.apache.maven.surefire.junit4.JUnit4Provider.executeTestSet(JUnit4Provider.java:238)
	at org.apache.maven.surefire.junit4.JUnit4Provider.invoke(JUnit4Provider.java:159)
	at org.apache.maven.surefire.booter.ForkedBooter.invokeProviderInSameClassLoader(ForkedBooter.java:384)
	at org.apache.maven.surefire.booter.ForkedBooter.runSuitesInProcess(ForkedBooter.java:345)
	at org.apache.maven.surefire.booter.ForkedBooter.execute(ForkedBooter.java:126)
	at org.apache.maven.surefire.booter.ForkedBooter.main(ForkedBooter.java:418)
</error>
    <system-out><![CDATA[2019-10-06 15:04:36,520 [main] WARN  server.ServerUtils (ServerUtils.java:getScmDbDir(145)) - ozone.scm.db.dirs is not configured. We recommend adding this setting. Falling back to ozone.metadata.dirs instead.
2019-10-06 15:04:36,545 [main] WARN  server.ServerUtils (ServerUtils.java:getScmDbDir(145)) - ozone.scm.db.dirs is not configured. We recommend adding this setting. Falling back to ozone.metadata.dirs instead.
2019-10-06 15:04:36,545 [main] WARN  server.ServerUtils (ServerUtils.java:getScmDbDir(145)) - ozone.scm.db.dirs is not configured. We recommend adding this setting. Falling back to ozone.metadata.dirs instead.
2019-10-06 15:04:36,545 [main] INFO  db.DBStoreBuilder (DBStoreBuilder.java:addTable(117)) - using custom profile for table: deletedBlocks
2019-10-06 15:04:36,546 [main] INFO  db.DBStoreBuilder (DBStoreBuilder.java:processTables(168)) - Using default column profile:DBProfile.DISK for Table:deletedBlocks
2019-10-06 15:04:36,546 [main] INFO  db.DBStoreBuilder (DBStoreBuilder.java:addTable(117)) - using custom profile for table: validCerts
2019-10-06 15:04:36,546 [main] INFO  db.DBStoreBuilder (DBStoreBuilder.java:processTables(168)) - Using default column profile:DBProfile.DISK for Table:validCerts
2019-10-06 15:04:36,546 [main] INFO  db.DBStoreBuilder (DBStoreBuilder.java:addTable(117)) - using custom profile for table: revokedCerts
2019-10-06 15:04:36,546 [main] INFO  db.DBStoreBuilder (DBStoreBuilder.java:processTables(168)) - Using default column profile:DBProfile.DISK for Table:revokedCerts
2019-10-06 15:04:36,547 [main] INFO  db.DBStoreBuilder (DBStoreBuilder.java:addTable(117)) - using custom profile for table: default
2019-10-06 15:04:36,547 [main] INFO  db.DBStoreBuilder (DBStoreBuilder.java:processTables(174)) - Using default column profile:DBProfile.DISK for Table:default
2019-10-06 15:04:36,547 [main] INFO  db.DBStoreBuilder (DBStoreBuilder.java:getDbProfile(205)) - Using default options. DBProfile.DISK
2019-10-06 15:04:36,696 [main] INFO  net.NodeSchemaLoader (NodeSchemaLoader.java:loadSchemaFromFile(125)) - Loading file from sun.misc.CompoundEnumeration@3554bdc0
2019-10-06 15:04:36,697 [main] INFO  net.NodeSchemaLoader (NodeSchemaLoader.java:loadSchema(171)) - Loading network topology layer schema file
2019-10-06 15:04:36,702 [main] WARN  server.ServerUtils (ServerUtils.java:sanitizeUserArgs(70)) - ozone.scm.stale.node.interval value = 300000 is larger than max = 100000 based on the key value of ozone.scm.heartbeat.thread.interval, reset to the max value 100000.
2019-10-06 15:04:36,702 [main] WARN  server.ServerUtils (ServerUtils.java:sanitizeUserArgs(70)) - ozone.scm.stale.node.interval value = 300000 is larger than max = 100000 based on the key value of ozone.scm.heartbeat.thread.interval, reset to the max value 100000.
2019-10-06 15:04:36,703 [main] INFO  node.SCMNodeManager (SCMNodeManager.java:<init>(116)) - Entering startup safe mode.
2019-10-06 15:04:36,704 [main] INFO  algorithms.ContainerPlacementPolicyFactory (ContainerPlacementPolicyFactory.java:getPolicy(57)) - Create container placement policy of type org.apache.hadoop.hdds.scm.container.placement.algorithms.SCMContainerPlacementRandom
2019-10-06 15:04:36,704 [main] WARN  server.ServerUtils (ServerUtils.java:getScmDbDir(145)) - ozone.scm.db.dirs is not configured. We recommend adding this setting. Falling back to ozone.metadata.dirs instead.
2019-10-06 15:04:36,728 [main] INFO  pipeline.SCMPipelineManager (SCMPipelineManager.java:initializePipelineState(132)) - No pipeline exists in current db
2019-10-06 15:04:36,729 [main] WARN  server.ServerUtils (ServerUtils.java:getScmDbDir(145)) - ozone.scm.db.dirs is not configured. We recommend adding this setting. Falling back to ozone.metadata.dirs instead.
2019-10-06 15:04:36,753 [main] WARN  events.EventQueue (EventQueue.java:fireEvent(183)) - No event handler registered for event TypedEvent{payloadType=SafeModeStatus, name='SafeModeStatus'}
2019-10-06 15:04:36,754 [main] INFO  ipc.CallQueueManager (CallQueueManager.java:<init>(84)) - Using callQueue: class java.util.concurrent.LinkedBlockingQueue, queueCapacity: 2000, scheduler: class org.apache.hadoop.ipc.DefaultRpcScheduler, ipcBackoff: false.
2019-10-06 15:04:36,755 [Socket Reader #1 for port 43746] INFO  ipc.Server (Server.java:run(1074)) - Starting Socket Reader #1 for port 43746
2019-10-06 15:04:36,758 [main] INFO  ipc.CallQueueManager (CallQueueManager.java:<init>(84)) - Using callQueue: class java.util.concurrent.LinkedBlockingQueue, queueCapacity: 2000, scheduler: class org.apache.hadoop.ipc.DefaultRpcScheduler, ipcBackoff: false.
2019-10-06 15:04:36,759 [Socket Reader #1 for port 40801] INFO  ipc.Server (Server.java:run(1074)) - Starting Socket Reader #1 for port 40801
2019-10-06 15:04:36,761 [main] INFO  ipc.CallQueueManager (CallQueueManager.java:<init>(84)) - Using callQueue: class java.util.concurrent.LinkedBlockingQueue, queueCapacity: 2000, scheduler: class org.apache.hadoop.ipc.DefaultRpcScheduler, ipcBackoff: false.
2019-10-06 15:04:36,762 [Socket Reader #1 for port 43626] INFO  ipc.Server (Server.java:run(1074)) - Starting Socket Reader #1 for port 43626
2019-10-06 15:04:36,764 [main] INFO  hdfs.DFSUtil (DFSUtil.java:httpServerTemplateForNNAndJN(1641)) - Starting Web-server for scm at: http://0.0.0.0:0
2019-10-06 15:04:36,766 [main] INFO  server.AuthenticationFilter (AuthenticationFilter.java:constructSecretProvider(240)) - Unable to initialize FileSignerSecretProvider, falling back to use random secrets.
2019-10-06 15:04:36,766 [main] WARN  http.HttpRequestLog (HttpRequestLog.java:getRequestLog(97)) - Jetty request log can only be enabled using Log4j
2019-10-06 15:04:36,768 [main] INFO  http.HttpServer2 (HttpServer2.java:addGlobalFilter(975)) - Added global filter 'safety' (class=org.apache.hadoop.http.HttpServer2$QuotingInputFilter)
2019-10-06 15:04:36,768 [main] INFO  http.HttpServer2 (HttpServer2.java:addFilter(948)) - Added filter static_user_filter (class=org.apache.hadoop.http.lib.StaticUserWebFilter$StaticUserFilter) to context scm
2019-10-06 15:04:36,768 [main] INFO  http.HttpServer2 (HttpServer2.java:addFilter(958)) - Added filter static_user_filter (class=org.apache.hadoop.http.lib.StaticUserWebFilter$StaticUserFilter) to context static
2019-10-06 15:04:36,768 [main] INFO  http.HttpServer2 (HttpServer2.java:addFilter(958)) - Added filter static_user_filter (class=org.apache.hadoop.http.lib.StaticUserWebFilter$StaticUserFilter) to context logs
2019-10-06 15:04:36,770 [main] INFO  server.StorageContainerManager (StorageContainerManager.java:start(770)) - StorageContainerLocationProtocol RPC server is listening at /0.0.0.0:43626
2019-10-06 15:04:36,772 [main] WARN  impl.MetricsConfig (MetricsConfig.java:loadFirst(134)) - Cannot locate configuration: tried hadoop-metrics2-storagecontainermanager.properties,hadoop-metrics2.properties
2019-10-06 15:04:36,773 [main] INFO  impl.MetricsSystemImpl (MetricsSystemImpl.java:startTimer(374)) - Scheduled Metric snapshot period at 10 second(s).
2019-10-06 15:04:36,773 [main] INFO  impl.MetricsSystemImpl (MetricsSystemImpl.java:start(191)) - StorageContainerManager metrics system started
2019-10-06 15:04:36,874 [main] WARN  impl.MetricsSystemImpl (MetricsSystemImpl.java:register(276)) - Sink prometheus already exists!
2019-10-06 15:04:37,000 [main] INFO  server.SCMClientProtocolServer (SCMClientProtocolServer.java:start(159)) - RPC server for Client  is listening at /0.0.0.0:43626
2019-10-06 15:04:37,000 [IPC Server Responder] INFO  ipc.Server (Server.java:run(1314)) - IPC Server Responder: starting
2019-10-06 15:04:37,000 [IPC Server listener on 43626] INFO  ipc.Server (Server.java:run(1153)) - IPC Server listener on 43626: starting
2019-10-06 15:04:37,004 [main] INFO  server.StorageContainerManager (StorageContainerManager.java:start(780)) - ScmBlockLocationProtocol RPC server is listening at /0.0.0.0:40801
2019-10-06 15:04:37,005 [main] INFO  server.SCMBlockProtocolServer (SCMBlockProtocolServer.java:start(146)) - RPC server for Block Protocol is listening at /0.0.0.0:40801
2019-10-06 15:04:37,005 [IPC Server Responder] INFO  ipc.Server (Server.java:run(1314)) - IPC Server Responder: starting
2019-10-06 15:04:37,006 [IPC Server listener on 40801] INFO  ipc.Server (Server.java:run(1153)) - IPC Server listener on 40801: starting
2019-10-06 15:04:37,010 [main] INFO  server.StorageContainerManager (StorageContainerManager.java:start(784)) - ScmDatanodeProtocl RPC server is listening at /0.0.0.0:43746
2019-10-06 15:04:37,010 [main] INFO  server.SCMDatanodeProtocolServer (SCMDatanodeProtocolServer.java:start(169)) - RPC server for DataNodes is listening at /0.0.0.0:43746
2019-10-06 15:04:37,011 [IPC Server Responder] INFO  ipc.Server (Server.java:run(1314)) - IPC Server Responder: starting
2019-10-06 15:04:37,011 [IPC Server listener on 43746] INFO  ipc.Server (Server.java:run(1153)) - IPC Server listener on 43746: starting
2019-10-06 15:04:37,015 [main] INFO  http.HttpServer2 (HttpServer2.java:bindListener(1191)) - Jetty bound to port 34090
2019-10-06 15:04:37,015 [main] INFO  server.Server (Server.java:doStart(351)) - jetty-9.3.25.v20180904, build timestamp: 2018-09-04T21:11:46Z, git hash: 3ce520221d0240229c862b122d2b06c12a625732
2019-10-06 15:04:37,016 [main] INFO  handler.ContextHandler (ContextHandler.java:doStart(781)) - Started o.e.j.s.ServletContextHandler@14b275bd{/logs,file:///workdir/hadoop-ozone/integration-test/target/log,AVAILABLE}
2019-10-06 15:04:37,017 [main] INFO  handler.ContextHandler (ContextHandler.java:doStart(781)) - Started o.e.j.s.ServletContextHandler@4b03cbad{/static,file:///workdir/hadoop-ozone/integration-test/target/test-classes/webapps/static,AVAILABLE}
2019-10-06 15:04:37,020 [main] INFO  handler.ContextHandler (ContextHandler.java:doStart(781)) - Started o.e.j.w.WebAppContext@10f405ff{/,file:///workdir/hadoop-ozone/integration-test/target/test-classes/webapps/scm/,AVAILABLE}{/scm}
2019-10-06 15:04:37,020 [main] INFO  server.AbstractConnector (AbstractConnector.java:doStart(278)) - Started ServerConnector@7f27f59b{HTTP/1.1,[http/1.1]}{0.0.0.0:34090}
2019-10-06 15:04:37,021 [main] INFO  server.Server (Server.java:doStart(419)) - Started @231934ms
2019-10-06 15:04:37,021 [main] WARN  impl.MetricsSystemImpl (MetricsSystemImpl.java:register(276)) - Sink prometheus already exists!
2019-10-06 15:04:37,022 [main] INFO  server.BaseHttpServer (BaseHttpServer.java:updateConnectorAddress(215)) - HTTP server of SCM is listening at http://0.0.0.0:34090
2019-10-06 15:04:37,024 [org.apache.hadoop.util.JvmPauseMonitor$Monitor@45801322] INFO  util.JvmPauseMonitor (JvmPauseMonitor.java:run(188)) - Starting JVM pause monitor
2019-10-06 15:04:37,024 [main] WARN  server.ServerUtils (ServerUtils.java:getDBPath(222)) - ozone.om.db.dirs is not configured. We recommend adding this setting. Falling back to ozone.metadata.dirs instead.
2019-10-06 15:04:37,038 [main] INFO  ha.OMHANodeDetails (OMHANodeDetails.java:loadOMHAConfig(190)) - Configuration either no ozone.om.address set. Falling back to the default OM address /127.0.0.1:0
2019-10-06 15:04:37,038 [main] INFO  ha.OMHANodeDetails (OMHANodeDetails.java:getOMNodeDetails(220)) - OM Service ID is not set. Setting it to the default ID: omServiceIdDefault
2019-10-06 15:04:37,038 [main] WARN  server.ServerUtils (ServerUtils.java:getDBPath(222)) - ozone.om.db.dirs is not configured. We recommend adding this setting. Falling back to ozone.metadata.dirs instead.
2019-10-06 15:04:37,039 [main] WARN  server.ServerUtils (ServerUtils.java:getDBPath(222)) - ozone.om.db.dirs is not configured. We recommend adding this setting. Falling back to ozone.metadata.dirs instead.
2019-10-06 15:04:37,056 [main] WARN  server.ServerUtils (ServerUtils.java:getDBPath(222)) - ozone.om.db.dirs is not configured. We recommend adding this setting. Falling back to ozone.metadata.dirs instead.
2019-10-06 15:04:37,057 [main] INFO  db.DBStoreBuilder (DBStoreBuilder.java:addTable(117)) - using custom profile for table: userTable
2019-10-06 15:04:37,057 [main] INFO  db.DBStoreBuilder (DBStoreBuilder.java:processTables(168)) - Using default column profile:DBProfile.DISK for Table:userTable
2019-10-06 15:04:37,057 [main] INFO  db.DBStoreBuilder (DBStoreBuilder.java:addTable(117)) - using custom profile for table: volumeTable
2019-10-06 15:04:37,057 [main] INFO  db.DBStoreBuilder (DBStoreBuilder.java:processTables(168)) - Using default column profile:DBProfile.DISK for Table:volumeTable
2019-10-06 15:04:37,058 [main] INFO  db.DBStoreBuilder (DBStoreBuilder.java:addTable(117)) - using custom profile for table: bucketTable
2019-10-06 15:04:37,058 [main] INFO  db.DBStoreBuilder (DBStoreBuilder.java:processTables(168)) - Using default column profile:DBProfile.DISK for Table:bucketTable
2019-10-06 15:04:37,058 [main] INFO  db.DBStoreBuilder (DBStoreBuilder.java:addTable(117)) - using custom profile for table: keyTable
2019-10-06 15:04:37,058 [main] INFO  db.DBStoreBuilder (DBStoreBuilder.java:processTables(168)) - Using default column profile:DBProfile.DISK for Table:keyTable
2019-10-06 15:04:37,059 [main] INFO  db.DBStoreBuilder (DBStoreBuilder.java:addTable(117)) - using custom profile for table: deletedTable
2019-10-06 15:04:37,059 [main] INFO  db.DBStoreBuilder (DBStoreBuilder.java:processTables(168)) - Using default column profile:DBProfile.DISK for Table:deletedTable
2019-10-06 15:04:37,059 [main] INFO  db.DBStoreBuilder (DBStoreBuilder.java:addTable(117)) - using custom profile for table: openKeyTable
2019-10-06 15:04:37,059 [main] INFO  db.DBStoreBuilder (DBStoreBuilder.java:processTables(168)) - Using default column profile:DBProfile.DISK for Table:openKeyTable
2019-10-06 15:04:37,059 [main] INFO  db.DBStoreBuilder (DBStoreBuilder.java:addTable(117)) - using custom profile for table: s3Table
2019-10-06 15:04:37,060 [main] INFO  db.DBStoreBuilder (DBStoreBuilder.java:processTables(168)) - Using default column profile:DBProfile.DISK for Table:s3Table
2019-10-06 15:04:37,060 [main] INFO  db.DBStoreBuilder (DBStoreBuilder.java:addTable(117)) - using custom profile for table: multipartInfoTable
2019-10-06 15:04:37,060 [main] INFO  db.DBStoreBuilder (DBStoreBuilder.java:processTables(168)) - Using default column profile:DBProfile.DISK for Table:multipartInfoTable
2019-10-06 15:04:37,060 [main] INFO  db.DBStoreBuilder (DBStoreBuilder.java:addTable(117)) - using custom profile for table: dTokenTable
2019-10-06 15:04:37,060 [main] INFO  db.DBStoreBuilder (DBStoreBuilder.java:processTables(168)) - Using default column profile:DBProfile.DISK for Table:dTokenTable
2019-10-06 15:04:37,061 [main] INFO  db.DBStoreBuilder (DBStoreBuilder.java:addTable(117)) - using custom profile for table: s3SecretTable
2019-10-06 15:04:37,061 [main] INFO  db.DBStoreBuilder (DBStoreBuilder.java:processTables(168)) - Using default column profile:DBProfile.DISK for Table:s3SecretTable
2019-10-06 15:04:37,061 [main] INFO  db.DBStoreBuilder (DBStoreBuilder.java:addTable(117)) - using custom profile for table: prefixTable
2019-10-06 15:04:37,061 [main] INFO  db.DBStoreBuilder (DBStoreBuilder.java:processTables(168)) - Using default column profile:DBProfile.DISK for Table:prefixTable
2019-10-06 15:04:37,062 [main] INFO  db.DBStoreBuilder (DBStoreBuilder.java:addTable(117)) - using custom profile for table: default
2019-10-06 15:04:37,062 [main] INFO  db.DBStoreBuilder (DBStoreBuilder.java:processTables(174)) - Using default column profile:DBProfile.DISK for Table:default
2019-10-06 15:04:37,062 [main] INFO  db.DBStoreBuilder (DBStoreBuilder.java:getDbProfile(205)) - Using default options. DBProfile.DISK
2019-10-06 15:04:37,500 [main] INFO  ipc.CallQueueManager (CallQueueManager.java:<init>(84)) - Using callQueue: class java.util.concurrent.LinkedBlockingQueue, queueCapacity: 2000, scheduler: class org.apache.hadoop.ipc.DefaultRpcScheduler, ipcBackoff: false.
2019-10-06 15:04:37,501 [Socket Reader #1 for port 36298] INFO  ipc.Server (Server.java:run(1074)) - Starting Socket Reader #1 for port 36298
2019-10-06 15:04:37,515 [main] INFO  om.OzoneManager (OzoneManager.java:start(1069)) - OzoneManager RPC server is listening at localhost/127.0.0.1:36298
2019-10-06 15:04:37,515 [main] INFO  impl.MetricsSystemImpl (MetricsSystemImpl.java:init(158)) - OzoneManager metrics system started (again)
2019-10-06 15:04:37,517 [IPC Server Responder] INFO  ipc.Server (Server.java:run(1314)) - IPC Server Responder: starting
2019-10-06 15:04:37,517 [IPC Server listener on 36298] INFO  ipc.Server (Server.java:run(1153)) - IPC Server listener on 36298: starting
2019-10-06 15:04:37,521 [main] INFO  hdfs.DFSUtil (DFSUtil.java:httpServerTemplateForNNAndJN(1641)) - Starting Web-server for ozoneManager at: http://0.0.0.0:0
2019-10-06 15:04:37,523 [main] INFO  server.AuthenticationFilter (AuthenticationFilter.java:constructSecretProvider(240)) - Unable to initialize FileSignerSecretProvider, falling back to use random secrets.
2019-10-06 15:04:37,524 [main] WARN  http.HttpRequestLog (HttpRequestLog.java:getRequestLog(97)) - Jetty request log can only be enabled using Log4j
2019-10-06 15:04:37,527 [main] INFO  http.HttpServer2 (HttpServer2.java:addGlobalFilter(975)) - Added global filter 'safety' (class=org.apache.hadoop.http.HttpServer2$QuotingInputFilter)
2019-10-06 15:04:37,527 [main] INFO  http.HttpServer2 (HttpServer2.java:addFilter(948)) - Added filter static_user_filter (class=org.apache.hadoop.http.lib.StaticUserWebFilter$StaticUserFilter) to context ozoneManager
2019-10-06 15:04:37,527 [main] INFO  http.HttpServer2 (HttpServer2.java:addFilter(958)) - Added filter static_user_filter (class=org.apache.hadoop.http.lib.StaticUserWebFilter$StaticUserFilter) to context logs
2019-10-06 15:04:37,528 [main] INFO  http.HttpServer2 (HttpServer2.java:addFilter(958)) - Added filter static_user_filter (class=org.apache.hadoop.http.lib.StaticUserWebFilter$StaticUserFilter) to context static
2019-10-06 15:04:37,529 [main] INFO  http.HttpServer2 (HttpServer2.java:bindListener(1191)) - Jetty bound to port 43312
2019-10-06 15:04:37,529 [main] INFO  server.Server (Server.java:doStart(351)) - jetty-9.3.25.v20180904, build timestamp: 2018-09-04T21:11:46Z, git hash: 3ce520221d0240229c862b122d2b06c12a625732
2019-10-06 15:04:37,531 [main] INFO  handler.ContextHandler (ContextHandler.java:doStart(781)) - Started o.e.j.s.ServletContextHandler@233f52f8{/logs,file:///workdir/hadoop-ozone/integration-test/target/log,AVAILABLE}
2019-10-06 15:04:37,532 [main] INFO  handler.ContextHandler (ContextHandler.java:doStart(781)) - Started o.e.j.s.ServletContextHandler@19fec3d6{/static,file:///workdir/hadoop-ozone/integration-test/target/test-classes/webapps/static,AVAILABLE}
2019-10-06 15:04:37,538 [main] INFO  handler.ContextHandler (ContextHandler.java:doStart(781)) - Started o.e.j.w.WebAppContext@2c2c3947{/,file:///workdir/hadoop-ozone/integration-test/target/test-classes/webapps/ozoneManager/,AVAILABLE}{/ozoneManager}
2019-10-06 15:04:37,539 [main] INFO  server.AbstractConnector (AbstractConnector.java:doStart(278)) - Started ServerConnector@4a62062a{HTTP/1.1,[http/1.1]}{0.0.0.0:43312}
2019-10-06 15:04:37,540 [main] INFO  server.Server (Server.java:doStart(419)) - Started @232453ms
2019-10-06 15:04:37,540 [main] WARN  impl.MetricsSystemImpl (MetricsSystemImpl.java:register(276)) - Sink prometheus already exists!
2019-10-06 15:04:37,541 [main] INFO  server.BaseHttpServer (BaseHttpServer.java:updateConnectorAddress(215)) - HTTP server of OZONEMANAGER is listening at http://0.0.0.0:43312
2019-10-06 15:04:37,561 [main] INFO  impl.MetricsSystemImpl (MetricsSystemImpl.java:init(158)) - HddsDatanode metrics system started (again)
2019-10-06 15:04:37,566 [main] INFO  ozone.HddsDatanodeService (HddsDatanodeService.java:start(184)) - HddsDatanodeService host:ozone-build-dev-hxm7v-1976773872 ip:192.168.151.114
2019-10-06 15:04:37,583 [main] INFO  volume.HddsVolume (HddsVolume.java:<init>(176)) - Creating Volume: /workdir/hadoop-ozone/integration-test/target/test-dir/MiniOzoneClusterImpl-dbd5195f-4e90-4a77-9b13-3d16538cf4e0/datanode-0/data/containers/hdds of  storage type : DISK and capacity : 1482555576320
2019-10-06 15:04:37,584 [main] INFO  volume.VolumeSet (VolumeSet.java:initializeVolumeSet(170)) - Added Volume : /workdir/hadoop-ozone/integration-test/target/test-dir/MiniOzoneClusterImpl-dbd5195f-4e90-4a77-9b13-3d16538cf4e0/datanode-0/data/containers/hdds to VolumeSet
2019-10-06 15:04:37,584 [main] INFO  volume.ThrottledAsyncChecker (ThrottledAsyncChecker.java:schedule(139)) - Scheduling a check for org.apache.hadoop.ozone.container.common.volume.HddsVolume@2c6c302f
2019-10-06 15:04:37,585 [main] INFO  volume.HddsVolumeChecker (HddsVolumeChecker.java:checkAllVolumes(202)) - Scheduled health check for volume org.apache.hadoop.ozone.container.common.volume.HddsVolume@2c6c302f
2019-10-06 15:04:37,616 [main] INFO  impl.RaftServerProxy (ConfUtils.java:logGet(43)) - raft.rpc.type = GRPC (default)
2019-10-06 15:04:37,616 [main] INFO  grpc.GrpcFactory (GrpcFactory.java:checkPooledByteBufAllocatorUseCacheForAllThreads(45)) - PERFORMANCE WARNING: useCacheForAllThreads is true that may cause Netty to create a lot garbage objects and, as a result, trigger GC.
	It is recommended to disable useCacheForAllThreads by setting -Dorg.apache.ratis.thirdparty.io.netty.allocator.useCacheForAllThreads=false in command line.
2019-10-06 15:04:37,617 [main] INFO  grpc.GrpcConfigKeys$Server (ConfUtils.java:logGet(43)) - raft.grpc.server.port = 0 (default)
2019-10-06 15:04:37,617 [main] INFO  server.GrpcService (ConfUtils.java:logGet(43)) - raft.grpc.message.size.max = 33570816 (custom)
2019-10-06 15:04:37,617 [main] INFO  server.RaftServerConfigKeys (ConfUtils.java:logGet(43)) - raft.server.log.appender.buffer.byte-limit = 33554432 (custom)
2019-10-06 15:04:37,618 [main] INFO  server.GrpcService (ConfUtils.java:logGet(43)) - raft.grpc.flow.control.window = 1MB (=1048576) (default)
2019-10-06 15:04:37,618 [main] INFO  server.RaftServerConfigKeys (ConfUtils.java:logGet(43)) - raft.server.rpc.request.timeout = 3000ms (default)
2019-10-06 15:04:37,619 [main] INFO  server.RaftServerConfigKeys (ConfUtils.java:logGet(43)) - raft.server.storage.dir = [/workdir/hadoop-ozone/integration-test/target/test-dir/MiniOzoneClusterImpl-dbd5195f-4e90-4a77-9b13-3d16538cf4e0/datanode-0/data/ratis] (custom)
2019-10-06 15:04:37,621 [main] INFO  hdfs.DFSUtil (DFSUtil.java:httpServerTemplateForNNAndJN(1641)) - Starting Web-server for hddsDatanode at: http://0.0.0.0:0
2019-10-06 15:04:37,622 [main] INFO  server.AuthenticationFilter (AuthenticationFilter.java:constructSecretProvider(240)) - Unable to initialize FileSignerSecretProvider, falling back to use random secrets.
2019-10-06 15:04:37,622 [main] WARN  http.HttpRequestLog (HttpRequestLog.java:getRequestLog(97)) - Jetty request log can only be enabled using Log4j
2019-10-06 15:04:37,624 [main] INFO  http.HttpServer2 (HttpServer2.java:addGlobalFilter(975)) - Added global filter 'safety' (class=org.apache.hadoop.http.HttpServer2$QuotingInputFilter)
2019-10-06 15:04:37,624 [main] INFO  http.HttpServer2 (HttpServer2.java:addFilter(948)) - Added filter static_user_filter (class=org.apache.hadoop.http.lib.StaticUserWebFilter$StaticUserFilter) to context hddsDatanode
2019-10-06 15:04:37,624 [main] INFO  http.HttpServer2 (HttpServer2.java:addFilter(958)) - Added filter static_user_filter (class=org.apache.hadoop.http.lib.StaticUserWebFilter$StaticUserFilter) to context static
2019-10-06 15:04:37,625 [main] INFO  http.HttpServer2 (HttpServer2.java:addFilter(958)) - Added filter static_user_filter (class=org.apache.hadoop.http.lib.StaticUserWebFilter$StaticUserFilter) to context logs
2019-10-06 15:04:37,625 [main] INFO  http.HttpServer2 (HttpServer2.java:bindListener(1191)) - Jetty bound to port 33484
2019-10-06 15:04:37,625 [main] INFO  server.Server (Server.java:doStart(351)) - jetty-9.3.25.v20180904, build timestamp: 2018-09-04T21:11:46Z, git hash: 3ce520221d0240229c862b122d2b06c12a625732
2019-10-06 15:04:37,627 [main] INFO  handler.ContextHandler (ContextHandler.java:doStart(781)) - Started o.e.j.s.ServletContextHandler@52abed9d{/logs,file:///workdir/hadoop-ozone/integration-test/target/log,AVAILABLE}
2019-10-06 15:04:37,627 [main] INFO  handler.ContextHandler (ContextHandler.java:doStart(781)) - Started o.e.j.s.ServletContextHandler@492be039{/static,jar:file:/home/user/.m2/repository/org/apache/hadoop/hadoop-hdds-container-service/0.5.0-SNAPSHOT/hadoop-hdds-container-service-0.5.0-SNAPSHOT.jar!/webapps/static,AVAILABLE}
2019-10-06 15:04:37,654 [main] INFO  handler.ContextHandler (ContextHandler.java:doStart(781)) - Started o.e.j.w.WebAppContext@48cd319d{/,file:///tmp/jetty-0.0.0.0-33484-hddsDatanode-_-any-1346613044412057095.dir/webapp/,AVAILABLE}{/hddsDatanode}
2019-10-06 15:04:37,655 [main] INFO  server.AbstractConnector (AbstractConnector.java:doStart(278)) - Started ServerConnector@6f38f084{HTTP/1.1,[http/1.1]}{0.0.0.0:33484}
2019-10-06 15:04:37,657 [main] INFO  server.Server (Server.java:doStart(419)) - Started @232570ms
2019-10-06 15:04:37,657 [main] WARN  impl.MetricsSystemImpl (MetricsSystemImpl.java:register(276)) - Sink prometheus already exists!
2019-10-06 15:04:37,658 [main] INFO  server.BaseHttpServer (BaseHttpServer.java:updateConnectorAddress(215)) - HTTP server of HDDSDATANODE is listening at http://0.0.0.0:33484
2019-10-06 15:04:37,658 [main] INFO  impl.MetricsSystemImpl (MetricsSystemImpl.java:init(158)) - HddsDatanode metrics system started (again)
2019-10-06 15:04:37,661 [org.apache.hadoop.util.JvmPauseMonitor$Monitor@53e887fd] INFO  util.JvmPauseMonitor (JvmPauseMonitor.java:run(188)) - Starting JVM pause monitor
2019-10-06 15:04:37,662 [main] INFO  ozone.HddsDatanodeService (HddsDatanodeService.java:start(184)) - HddsDatanodeService host:ozone-build-dev-hxm7v-1976773872 ip:192.168.151.114
2019-10-06 15:04:37,663 [Datanode State Machine Thread - 0] INFO  datanode.InitDatanodeState (InitDatanodeState.java:persistContainerDatanodeDetails(140)) - DatanodeDetails is persisted to /workdir/hadoop-ozone/integration-test/target/test-dir/MiniOzoneClusterImpl-dbd5195f-4e90-4a77-9b13-3d16538cf4e0/datanode-0/meta/datanode.id
2019-10-06 15:04:37,668 [main] INFO  volume.HddsVolume (HddsVolume.java:<init>(176)) - Creating Volume: /workdir/hadoop-ozone/integration-test/target/test-dir/MiniOzoneClusterImpl-dbd5195f-4e90-4a77-9b13-3d16538cf4e0/datanode-1/data/containers/hdds of  storage type : DISK and capacity : 1482555576320
2019-10-06 15:04:37,668 [main] INFO  volume.VolumeSet (VolumeSet.java:initializeVolumeSet(170)) - Added Volume : /workdir/hadoop-ozone/integration-test/target/test-dir/MiniOzoneClusterImpl-dbd5195f-4e90-4a77-9b13-3d16538cf4e0/datanode-1/data/containers/hdds to VolumeSet
2019-10-06 15:04:37,668 [main] INFO  volume.ThrottledAsyncChecker (ThrottledAsyncChecker.java:schedule(139)) - Scheduling a check for org.apache.hadoop.ozone.container.common.volume.HddsVolume@752b69e3
2019-10-06 15:04:37,668 [main] INFO  volume.HddsVolumeChecker (HddsVolumeChecker.java:checkAllVolumes(202)) - Scheduled health check for volume org.apache.hadoop.ozone.container.common.volume.HddsVolume@752b69e3
2019-10-06 15:04:37,681 [main] INFO  impl.RaftServerProxy (ConfUtils.java:logGet(43)) - raft.rpc.type = GRPC (default)
2019-10-06 15:04:37,681 [main] INFO  grpc.GrpcFactory (GrpcFactory.java:checkPooledByteBufAllocatorUseCacheForAllThreads(45)) - PERFORMANCE WARNING: useCacheForAllThreads is true that may cause Netty to create a lot garbage objects and, as a result, trigger GC.
	It is recommended to disable useCacheForAllThreads by setting -Dorg.apache.ratis.thirdparty.io.netty.allocator.useCacheForAllThreads=false in command line.
2019-10-06 15:04:37,681 [main] INFO  grpc.GrpcConfigKeys$Server (ConfUtils.java:logGet(43)) - raft.grpc.server.port = 0 (default)
2019-10-06 15:04:37,681 [main] INFO  server.GrpcService (ConfUtils.java:logGet(43)) - raft.grpc.message.size.max = 33570816 (custom)
2019-10-06 15:04:37,681 [main] INFO  server.RaftServerConfigKeys (ConfUtils.java:logGet(43)) - raft.server.log.appender.buffer.byte-limit = 33554432 (custom)
2019-10-06 15:04:37,681 [main] INFO  server.GrpcService (ConfUtils.java:logGet(43)) - raft.grpc.flow.control.window = 1MB (=1048576) (default)
2019-10-06 15:04:37,682 [main] INFO  server.RaftServerConfigKeys (ConfUtils.java:logGet(43)) - raft.server.rpc.request.timeout = 3000ms (default)
2019-10-06 15:04:37,682 [main] INFO  server.RaftServerConfigKeys (ConfUtils.java:logGet(43)) - raft.server.storage.dir = [/workdir/hadoop-ozone/integration-test/target/test-dir/MiniOzoneClusterImpl-dbd5195f-4e90-4a77-9b13-3d16538cf4e0/datanode-1/data/ratis] (custom)
2019-10-06 15:04:37,684 [main] INFO  hdfs.DFSUtil (DFSUtil.java:httpServerTemplateForNNAndJN(1641)) - Starting Web-server for hddsDatanode at: http://0.0.0.0:0
2019-10-06 15:04:37,685 [main] INFO  server.AuthenticationFilter (AuthenticationFilter.java:constructSecretProvider(240)) - Unable to initialize FileSignerSecretProvider, falling back to use random secrets.
2019-10-06 15:04:37,685 [main] WARN  http.HttpRequestLog (HttpRequestLog.java:getRequestLog(97)) - Jetty request log can only be enabled using Log4j
2019-10-06 15:04:37,686 [main] INFO  http.HttpServer2 (HttpServer2.java:addGlobalFilter(975)) - Added global filter 'safety' (class=org.apache.hadoop.http.HttpServer2$QuotingInputFilter)
2019-10-06 15:04:37,687 [main] INFO  http.HttpServer2 (HttpServer2.java:addFilter(948)) - Added filter static_user_filter (class=org.apache.hadoop.http.lib.StaticUserWebFilter$StaticUserFilter) to context hddsDatanode
2019-10-06 15:04:37,687 [main] INFO  http.HttpServer2 (HttpServer2.java:addFilter(958)) - Added filter static_user_filter (class=org.apache.hadoop.http.lib.StaticUserWebFilter$StaticUserFilter) to context logs
2019-10-06 15:04:37,687 [main] INFO  http.HttpServer2 (HttpServer2.java:addFilter(958)) - Added filter static_user_filter (class=org.apache.hadoop.http.lib.StaticUserWebFilter$StaticUserFilter) to context static
2019-10-06 15:04:37,688 [main] INFO  http.HttpServer2 (HttpServer2.java:bindListener(1191)) - Jetty bound to port 42579
2019-10-06 15:04:37,688 [main] INFO  server.Server (Server.java:doStart(351)) - jetty-9.3.25.v20180904, build timestamp: 2018-09-04T21:11:46Z, git hash: 3ce520221d0240229c862b122d2b06c12a625732
2019-10-06 15:04:37,689 [main] INFO  handler.ContextHandler (ContextHandler.java:doStart(781)) - Started o.e.j.s.ServletContextHandler@637c840d{/logs,file:///workdir/hadoop-ozone/integration-test/target/log,AVAILABLE}
2019-10-06 15:04:37,690 [main] INFO  handler.ContextHandler (ContextHandler.java:doStart(781)) - Started o.e.j.s.ServletContextHandler@463afa6e{/static,jar:file:/home/user/.m2/repository/org/apache/hadoop/hadoop-hdds-container-service/0.5.0-SNAPSHOT/hadoop-hdds-container-service-0.5.0-SNAPSHOT.jar!/webapps/static,AVAILABLE}
2019-10-06 15:04:37,718 [main] INFO  handler.ContextHandler (ContextHandler.java:doStart(781)) - Started o.e.j.w.WebAppContext@6c951ada{/,file:///tmp/jetty-0.0.0.0-42579-hddsDatanode-_-any-2759325449056212723.dir/webapp/,AVAILABLE}{/hddsDatanode}
2019-10-06 15:04:37,719 [main] INFO  server.AbstractConnector (AbstractConnector.java:doStart(278)) - Started ServerConnector@67b61834{HTTP/1.1,[http/1.1]}{0.0.0.0:42579}
2019-10-06 15:04:37,721 [main] INFO  server.Server (Server.java:doStart(419)) - Started @232634ms
2019-10-06 15:04:37,721 [main] WARN  impl.MetricsSystemImpl (MetricsSystemImpl.java:register(276)) - Sink prometheus already exists!
2019-10-06 15:04:37,722 [main] INFO  server.BaseHttpServer (BaseHttpServer.java:updateConnectorAddress(215)) - HTTP server of HDDSDATANODE is listening at http://0.0.0.0:42579
2019-10-06 15:04:37,722 [main] INFO  impl.MetricsSystemImpl (MetricsSystemImpl.java:init(158)) - HddsDatanode metrics system started (again)
2019-10-06 15:04:37,726 [org.apache.hadoop.util.JvmPauseMonitor$Monitor@1f6c4df7] INFO  util.JvmPauseMonitor (JvmPauseMonitor.java:run(188)) - Starting JVM pause monitor
2019-10-06 15:04:37,727 [main] INFO  ozone.HddsDatanodeService (HddsDatanodeService.java:start(184)) - HddsDatanodeService host:ozone-build-dev-hxm7v-1976773872 ip:192.168.151.114
2019-10-06 15:04:37,727 [Datanode State Machine Thread - 0] INFO  datanode.InitDatanodeState (InitDatanodeState.java:persistContainerDatanodeDetails(140)) - DatanodeDetails is persisted to /workdir/hadoop-ozone/integration-test/target/test-dir/MiniOzoneClusterImpl-dbd5195f-4e90-4a77-9b13-3d16538cf4e0/datanode-1/meta/datanode.id
2019-10-06 15:04:37,733 [main] INFO  volume.HddsVolume (HddsVolume.java:<init>(176)) - Creating Volume: /workdir/hadoop-ozone/integration-test/target/test-dir/MiniOzoneClusterImpl-dbd5195f-4e90-4a77-9b13-3d16538cf4e0/datanode-2/data/containers/hdds of  storage type : DISK and capacity : 1482555576320
2019-10-06 15:04:37,733 [main] INFO  volume.VolumeSet (VolumeSet.java:initializeVolumeSet(170)) - Added Volume : /workdir/hadoop-ozone/integration-test/target/test-dir/MiniOzoneClusterImpl-dbd5195f-4e90-4a77-9b13-3d16538cf4e0/datanode-2/data/containers/hdds to VolumeSet
2019-10-06 15:04:37,734 [main] INFO  volume.ThrottledAsyncChecker (ThrottledAsyncChecker.java:schedule(139)) - Scheduling a check for org.apache.hadoop.ozone.container.common.volume.HddsVolume@4ce25e47
2019-10-06 15:04:37,734 [main] INFO  volume.HddsVolumeChecker (HddsVolumeChecker.java:checkAllVolumes(202)) - Scheduled health check for volume org.apache.hadoop.ozone.container.common.volume.HddsVolume@4ce25e47
2019-10-06 15:04:37,750 [main] INFO  impl.RaftServerProxy (ConfUtils.java:logGet(43)) - raft.rpc.type = GRPC (default)
2019-10-06 15:04:37,750 [main] INFO  grpc.GrpcFactory (GrpcFactory.java:checkPooledByteBufAllocatorUseCacheForAllThreads(45)) - PERFORMANCE WARNING: useCacheForAllThreads is true that may cause Netty to create a lot garbage objects and, as a result, trigger GC.
	It is recommended to disable useCacheForAllThreads by setting -Dorg.apache.ratis.thirdparty.io.netty.allocator.useCacheForAllThreads=false in command line.
2019-10-06 15:04:37,750 [main] INFO  grpc.GrpcConfigKeys$Server (ConfUtils.java:logGet(43)) - raft.grpc.server.port = 0 (default)
2019-10-06 15:04:37,750 [main] INFO  server.GrpcService (ConfUtils.java:logGet(43)) - raft.grpc.message.size.max = 33570816 (custom)
2019-10-06 15:04:37,751 [main] INFO  server.RaftServerConfigKeys (ConfUtils.java:logGet(43)) - raft.server.log.appender.buffer.byte-limit = 33554432 (custom)
2019-10-06 15:04:37,751 [main] INFO  server.GrpcService (ConfUtils.java:logGet(43)) - raft.grpc.flow.control.window = 1MB (=1048576) (default)
2019-10-06 15:04:37,751 [main] INFO  server.RaftServerConfigKeys (ConfUtils.java:logGet(43)) - raft.server.rpc.request.timeout = 3000ms (default)
2019-10-06 15:04:37,751 [main] INFO  server.RaftServerConfigKeys (ConfUtils.java:logGet(43)) - raft.server.storage.dir = [/workdir/hadoop-ozone/integration-test/target/test-dir/MiniOzoneClusterImpl-dbd5195f-4e90-4a77-9b13-3d16538cf4e0/datanode-2/data/ratis] (custom)
2019-10-06 15:04:37,753 [main] INFO  hdfs.DFSUtil (DFSUtil.java:httpServerTemplateForNNAndJN(1641)) - Starting Web-server for hddsDatanode at: http://0.0.0.0:0
2019-10-06 15:04:37,754 [main] INFO  server.AuthenticationFilter (AuthenticationFilter.java:constructSecretProvider(240)) - Unable to initialize FileSignerSecretProvider, falling back to use random secrets.
2019-10-06 15:04:37,755 [main] WARN  http.HttpRequestLog (HttpRequestLog.java:getRequestLog(97)) - Jetty request log can only be enabled using Log4j
2019-10-06 15:04:37,756 [main] INFO  http.HttpServer2 (HttpServer2.java:addGlobalFilter(975)) - Added global filter 'safety' (class=org.apache.hadoop.http.HttpServer2$QuotingInputFilter)
2019-10-06 15:04:37,756 [main] INFO  http.HttpServer2 (HttpServer2.java:addFilter(948)) - Added filter static_user_filter (class=org.apache.hadoop.http.lib.StaticUserWebFilter$StaticUserFilter) to context hddsDatanode
2019-10-06 15:04:37,757 [main] INFO  http.HttpServer2 (HttpServer2.java:addFilter(958)) - Added filter static_user_filter (class=org.apache.hadoop.http.lib.StaticUserWebFilter$StaticUserFilter) to context static
2019-10-06 15:04:37,757 [main] INFO  http.HttpServer2 (HttpServer2.java:addFilter(958)) - Added filter static_user_filter (class=org.apache.hadoop.http.lib.StaticUserWebFilter$StaticUserFilter) to context logs
2019-10-06 15:04:37,757 [main] INFO  http.HttpServer2 (HttpServer2.java:bindListener(1191)) - Jetty bound to port 37378
2019-10-06 15:04:37,758 [main] INFO  server.Server (Server.java:doStart(351)) - jetty-9.3.25.v20180904, build timestamp: 2018-09-04T21:11:46Z, git hash: 3ce520221d0240229c862b122d2b06c12a625732
2019-10-06 15:04:37,759 [main] INFO  handler.ContextHandler (ContextHandler.java:doStart(781)) - Started o.e.j.s.ServletContextHandler@6de43bc1{/logs,file:///workdir/hadoop-ozone/integration-test/target/log,AVAILABLE}
2019-10-06 15:04:37,760 [main] INFO  handler.ContextHandler (ContextHandler.java:doStart(781)) - Started o.e.j.s.ServletContextHandler@71936a92{/static,jar:file:/home/user/.m2/repository/org/apache/hadoop/hadoop-hdds-container-service/0.5.0-SNAPSHOT/hadoop-hdds-container-service-0.5.0-SNAPSHOT.jar!/webapps/static,AVAILABLE}
2019-10-06 15:04:37,800 [main] INFO  handler.ContextHandler (ContextHandler.java:doStart(781)) - Started o.e.j.w.WebAppContext@11e9ac24{/,file:///tmp/jetty-0.0.0.0-37378-hddsDatanode-_-any-41782372761445134.dir/webapp/,AVAILABLE}{/hddsDatanode}
2019-10-06 15:04:37,800 [main] INFO  server.AbstractConnector (AbstractConnector.java:doStart(278)) - Started ServerConnector@74f280bd{HTTP/1.1,[http/1.1]}{0.0.0.0:37378}
2019-10-06 15:04:37,802 [main] INFO  server.Server (Server.java:doStart(419)) - Started @232715ms
2019-10-06 15:04:37,802 [main] WARN  impl.MetricsSystemImpl (MetricsSystemImpl.java:register(276)) - Sink prometheus already exists!
2019-10-06 15:04:37,803 [main] INFO  server.BaseHttpServer (BaseHttpServer.java:updateConnectorAddress(215)) - HTTP server of HDDSDATANODE is listening at http://0.0.0.0:37378
2019-10-06 15:04:37,804 [main] INFO  impl.MetricsSystemImpl (MetricsSystemImpl.java:init(158)) - HddsDatanode metrics system started (again)
2019-10-06 15:04:37,809 [main] INFO  ozone.HddsDatanodeService (HddsDatanodeService.java:start(184)) - HddsDatanodeService host:ozone-build-dev-hxm7v-1976773872 ip:192.168.151.114
2019-10-06 15:04:37,812 [org.apache.hadoop.util.JvmPauseMonitor$Monitor@24b17e76] INFO  util.JvmPauseMonitor (JvmPauseMonitor.java:run(188)) - Starting JVM pause monitor
2019-10-06 15:04:37,818 [main] INFO  volume.HddsVolume (HddsVolume.java:<init>(176)) - Creating Volume: /workdir/hadoop-ozone/integration-test/target/test-dir/MiniOzoneClusterImpl-dbd5195f-4e90-4a77-9b13-3d16538cf4e0/datanode-3/data/containers/hdds of  storage type : DISK and capacity : 1482555576320
2019-10-06 15:04:37,818 [main] INFO  volume.VolumeSet (VolumeSet.java:initializeVolumeSet(170)) - Added Volume : /workdir/hadoop-ozone/integration-test/target/test-dir/MiniOzoneClusterImpl-dbd5195f-4e90-4a77-9b13-3d16538cf4e0/datanode-3/data/containers/hdds to VolumeSet
2019-10-06 15:04:37,818 [Datanode State Machine Thread - 0] INFO  datanode.InitDatanodeState (InitDatanodeState.java:persistContainerDatanodeDetails(140)) - DatanodeDetails is persisted to /workdir/hadoop-ozone/integration-test/target/test-dir/MiniOzoneClusterImpl-dbd5195f-4e90-4a77-9b13-3d16538cf4e0/datanode-2/meta/datanode.id
2019-10-06 15:04:37,818 [main] INFO  volume.ThrottledAsyncChecker (ThrottledAsyncChecker.java:schedule(139)) - Scheduling a check for org.apache.hadoop.ozone.container.common.volume.HddsVolume@6d7ad0f5
2019-10-06 15:04:37,819 [main] INFO  volume.HddsVolumeChecker (HddsVolumeChecker.java:checkAllVolumes(202)) - Scheduled health check for volume org.apache.hadoop.ozone.container.common.volume.HddsVolume@6d7ad0f5
2019-10-06 15:04:37,832 [main] INFO  impl.RaftServerProxy (ConfUtils.java:logGet(43)) - raft.rpc.type = GRPC (default)
2019-10-06 15:04:37,832 [main] INFO  grpc.GrpcFactory (GrpcFactory.java:checkPooledByteBufAllocatorUseCacheForAllThreads(45)) - PERFORMANCE WARNING: useCacheForAllThreads is true that may cause Netty to create a lot garbage objects and, as a result, trigger GC.
	It is recommended to disable useCacheForAllThreads by setting -Dorg.apache.ratis.thirdparty.io.netty.allocator.useCacheForAllThreads=false in command line.
2019-10-06 15:04:37,833 [main] INFO  grpc.GrpcConfigKeys$Server (ConfUtils.java:logGet(43)) - raft.grpc.server.port = 0 (default)
2019-10-06 15:04:37,833 [main] INFO  server.GrpcService (ConfUtils.java:logGet(43)) - raft.grpc.message.size.max = 33570816 (custom)
2019-10-06 15:04:37,833 [main] INFO  server.RaftServerConfigKeys (ConfUtils.java:logGet(43)) - raft.server.log.appender.buffer.byte-limit = 33554432 (custom)
2019-10-06 15:04:37,833 [main] INFO  server.GrpcService (ConfUtils.java:logGet(43)) - raft.grpc.flow.control.window = 1MB (=1048576) (default)
2019-10-06 15:04:37,833 [main] INFO  server.RaftServerConfigKeys (ConfUtils.java:logGet(43)) - raft.server.rpc.request.timeout = 3000ms (default)
2019-10-06 15:04:37,834 [main] INFO  server.RaftServerConfigKeys (ConfUtils.java:logGet(43)) - raft.server.storage.dir = [/workdir/hadoop-ozone/integration-test/target/test-dir/MiniOzoneClusterImpl-dbd5195f-4e90-4a77-9b13-3d16538cf4e0/datanode-3/data/ratis] (custom)
2019-10-06 15:04:37,835 [main] INFO  hdfs.DFSUtil (DFSUtil.java:httpServerTemplateForNNAndJN(1641)) - Starting Web-server for hddsDatanode at: http://0.0.0.0:0
2019-10-06 15:04:37,837 [main] INFO  server.AuthenticationFilter (AuthenticationFilter.java:constructSecretProvider(240)) - Unable to initialize FileSignerSecretProvider, falling back to use random secrets.
2019-10-06 15:04:37,838 [main] WARN  http.HttpRequestLog (HttpRequestLog.java:getRequestLog(97)) - Jetty request log can only be enabled using Log4j
2019-10-06 15:04:37,839 [main] INFO  http.HttpServer2 (HttpServer2.java:addGlobalFilter(975)) - Added global filter 'safety' (class=org.apache.hadoop.http.HttpServer2$QuotingInputFilter)
2019-10-06 15:04:37,840 [main] INFO  http.HttpServer2 (HttpServer2.java:addFilter(948)) - Added filter static_user_filter (class=org.apache.hadoop.http.lib.StaticUserWebFilter$StaticUserFilter) to context hddsDatanode
2019-10-06 15:04:37,840 [main] INFO  http.HttpServer2 (HttpServer2.java:addFilter(958)) - Added filter static_user_filter (class=org.apache.hadoop.http.lib.StaticUserWebFilter$StaticUserFilter) to context logs
2019-10-06 15:04:37,841 [main] INFO  http.HttpServer2 (HttpServer2.java:addFilter(958)) - Added filter static_user_filter (class=org.apache.hadoop.http.lib.StaticUserWebFilter$StaticUserFilter) to context static
2019-10-06 15:04:37,841 [main] INFO  http.HttpServer2 (HttpServer2.java:bindListener(1191)) - Jetty bound to port 37160
2019-10-06 15:04:37,842 [main] INFO  server.Server (Server.java:doStart(351)) - jetty-9.3.25.v20180904, build timestamp: 2018-09-04T21:11:46Z, git hash: 3ce520221d0240229c862b122d2b06c12a625732
2019-10-06 15:04:37,844 [main] INFO  handler.ContextHandler (ContextHandler.java:doStart(781)) - Started o.e.j.s.ServletContextHandler@6d294ddc{/logs,file:///workdir/hadoop-ozone/integration-test/target/log,AVAILABLE}
2019-10-06 15:04:37,844 [main] INFO  handler.ContextHandler (ContextHandler.java:doStart(781)) - Started o.e.j.s.ServletContextHandler@50bc3219{/static,jar:file:/home/user/.m2/repository/org/apache/hadoop/hadoop-hdds-container-service/0.5.0-SNAPSHOT/hadoop-hdds-container-service-0.5.0-SNAPSHOT.jar!/webapps/static,AVAILABLE}
2019-10-06 15:04:37,873 [main] INFO  handler.ContextHandler (ContextHandler.java:doStart(781)) - Started o.e.j.w.WebAppContext@52354202{/,file:///tmp/jetty-0.0.0.0-37160-hddsDatanode-_-any-1734906182527120638.dir/webapp/,AVAILABLE}{/hddsDatanode}
2019-10-06 15:04:37,874 [main] INFO  server.AbstractConnector (AbstractConnector.java:doStart(278)) - Started ServerConnector@6b1321b7{HTTP/1.1,[http/1.1]}{0.0.0.0:37160}
2019-10-06 15:04:37,876 [main] INFO  server.Server (Server.java:doStart(419)) - Started @232789ms
2019-10-06 15:04:37,876 [main] WARN  impl.MetricsSystemImpl (MetricsSystemImpl.java:register(276)) - Sink prometheus already exists!
2019-10-06 15:04:37,877 [main] INFO  server.BaseHttpServer (BaseHttpServer.java:updateConnectorAddress(215)) - HTTP server of HDDSDATANODE is listening at http://0.0.0.0:37160
2019-10-06 15:04:37,877 [main] INFO  impl.MetricsSystemImpl (MetricsSystemImpl.java:init(158)) - HddsDatanode metrics system started (again)
2019-10-06 15:04:37,881 [org.apache.hadoop.util.JvmPauseMonitor$Monitor@1b1ea254] INFO  util.JvmPauseMonitor (JvmPauseMonitor.java:run(188)) - Starting JVM pause monitor
2019-10-06 15:04:37,882 [main] INFO  ozone.HddsDatanodeService (HddsDatanodeService.java:start(184)) - HddsDatanodeService host:ozone-build-dev-hxm7v-1976773872 ip:192.168.151.114
2019-10-06 15:04:37,883 [Datanode State Machine Thread - 0] INFO  datanode.InitDatanodeState (InitDatanodeState.java:persistContainerDatanodeDetails(140)) - DatanodeDetails is persisted to /workdir/hadoop-ozone/integration-test/target/test-dir/MiniOzoneClusterImpl-dbd5195f-4e90-4a77-9b13-3d16538cf4e0/datanode-3/meta/datanode.id
2019-10-06 15:04:37,888 [main] INFO  volume.HddsVolume (HddsVolume.java:<init>(176)) - Creating Volume: /workdir/hadoop-ozone/integration-test/target/test-dir/MiniOzoneClusterImpl-dbd5195f-4e90-4a77-9b13-3d16538cf4e0/datanode-4/data/containers/hdds of  storage type : DISK and capacity : 1482555576320
2019-10-06 15:04:37,888 [main] INFO  volume.VolumeSet (VolumeSet.java:initializeVolumeSet(170)) - Added Volume : /workdir/hadoop-ozone/integration-test/target/test-dir/MiniOzoneClusterImpl-dbd5195f-4e90-4a77-9b13-3d16538cf4e0/datanode-4/data/containers/hdds to VolumeSet
2019-10-06 15:04:37,889 [main] INFO  volume.ThrottledAsyncChecker (ThrottledAsyncChecker.java:schedule(139)) - Scheduling a check for org.apache.hadoop.ozone.container.common.volume.HddsVolume@130cfc47
2019-10-06 15:04:37,889 [main] INFO  volume.HddsVolumeChecker (HddsVolumeChecker.java:checkAllVolumes(202)) - Scheduled health check for volume org.apache.hadoop.ozone.container.common.volume.HddsVolume@130cfc47
2019-10-06 15:04:37,902 [main] INFO  impl.RaftServerProxy (ConfUtils.java:logGet(43)) - raft.rpc.type = GRPC (default)
2019-10-06 15:04:37,903 [main] INFO  grpc.GrpcFactory (GrpcFactory.java:checkPooledByteBufAllocatorUseCacheForAllThreads(45)) - PERFORMANCE WARNING: useCacheForAllThreads is true that may cause Netty to create a lot garbage objects and, as a result, trigger GC.
	It is recommended to disable useCacheForAllThreads by setting -Dorg.apache.ratis.thirdparty.io.netty.allocator.useCacheForAllThreads=false in command line.
2019-10-06 15:04:37,903 [main] INFO  grpc.GrpcConfigKeys$Server (ConfUtils.java:logGet(43)) - raft.grpc.server.port = 0 (default)
2019-10-06 15:04:37,903 [main] INFO  server.GrpcService (ConfUtils.java:logGet(43)) - raft.grpc.message.size.max = 33570816 (custom)
2019-10-06 15:04:37,903 [main] INFO  server.RaftServerConfigKeys (ConfUtils.java:logGet(43)) - raft.server.log.appender.buffer.byte-limit = 33554432 (custom)
2019-10-06 15:04:37,903 [main] INFO  server.GrpcService (ConfUtils.java:logGet(43)) - raft.grpc.flow.control.window = 1MB (=1048576) (default)
2019-10-06 15:04:37,903 [main] INFO  server.RaftServerConfigKeys (ConfUtils.java:logGet(43)) - raft.server.rpc.request.timeout = 3000ms (default)
2019-10-06 15:04:37,904 [main] INFO  server.RaftServerConfigKeys (ConfUtils.java:logGet(43)) - raft.server.storage.dir = [/workdir/hadoop-ozone/integration-test/target/test-dir/MiniOzoneClusterImpl-dbd5195f-4e90-4a77-9b13-3d16538cf4e0/datanode-4/data/ratis] (custom)
2019-10-06 15:04:37,905 [main] INFO  hdfs.DFSUtil (DFSUtil.java:httpServerTemplateForNNAndJN(1641)) - Starting Web-server for hddsDatanode at: http://0.0.0.0:0
2019-10-06 15:04:37,907 [main] INFO  server.AuthenticationFilter (AuthenticationFilter.java:constructSecretProvider(240)) - Unable to initialize FileSignerSecretProvider, falling back to use random secrets.
2019-10-06 15:04:37,907 [main] WARN  http.HttpRequestLog (HttpRequestLog.java:getRequestLog(97)) - Jetty request log can only be enabled using Log4j
2019-10-06 15:04:37,909 [main] INFO  http.HttpServer2 (HttpServer2.java:addGlobalFilter(975)) - Added global filter 'safety' (class=org.apache.hadoop.http.HttpServer2$QuotingInputFilter)
2019-10-06 15:04:37,909 [main] INFO  http.HttpServer2 (HttpServer2.java:addFilter(948)) - Added filter static_user_filter (class=org.apache.hadoop.http.lib.StaticUserWebFilter$StaticUserFilter) to context hddsDatanode
2019-10-06 15:04:37,909 [main] INFO  http.HttpServer2 (HttpServer2.java:addFilter(958)) - Added filter static_user_filter (class=org.apache.hadoop.http.lib.StaticUserWebFilter$StaticUserFilter) to context logs
2019-10-06 15:04:37,910 [main] INFO  http.HttpServer2 (HttpServer2.java:addFilter(958)) - Added filter static_user_filter (class=org.apache.hadoop.http.lib.StaticUserWebFilter$StaticUserFilter) to context static
2019-10-06 15:04:37,910 [main] INFO  http.HttpServer2 (HttpServer2.java:bindListener(1191)) - Jetty bound to port 34146
2019-10-06 15:04:37,910 [main] INFO  server.Server (Server.java:doStart(351)) - jetty-9.3.25.v20180904, build timestamp: 2018-09-04T21:11:46Z, git hash: 3ce520221d0240229c862b122d2b06c12a625732
2019-10-06 15:04:37,912 [main] INFO  handler.ContextHandler (ContextHandler.java:doStart(781)) - Started o.e.j.s.ServletContextHandler@4f3356c0{/logs,file:///workdir/hadoop-ozone/integration-test/target/log,AVAILABLE}
2019-10-06 15:04:37,912 [main] INFO  handler.ContextHandler (ContextHandler.java:doStart(781)) - Started o.e.j.s.ServletContextHandler@6c835217{/static,jar:file:/home/user/.m2/repository/org/apache/hadoop/hadoop-hdds-container-service/0.5.0-SNAPSHOT/hadoop-hdds-container-service-0.5.0-SNAPSHOT.jar!/webapps/static,AVAILABLE}
2019-10-06 15:04:37,944 [main] INFO  handler.ContextHandler (ContextHandler.java:doStart(781)) - Started o.e.j.w.WebAppContext@5d850a25{/,file:///tmp/jetty-0.0.0.0-34146-hddsDatanode-_-any-3725498100309098584.dir/webapp/,AVAILABLE}{/hddsDatanode}
2019-10-06 15:04:37,945 [main] INFO  server.AbstractConnector (AbstractConnector.java:doStart(278)) - Started ServerConnector@b022551{HTTP/1.1,[http/1.1]}{0.0.0.0:34146}
2019-10-06 15:04:37,946 [main] INFO  server.Server (Server.java:doStart(419)) - Started @232859ms
2019-10-06 15:04:37,946 [main] WARN  impl.MetricsSystemImpl (MetricsSystemImpl.java:register(276)) - Sink prometheus already exists!
2019-10-06 15:04:37,947 [main] INFO  server.BaseHttpServer (BaseHttpServer.java:updateConnectorAddress(215)) - HTTP server of HDDSDATANODE is listening at http://0.0.0.0:34146
2019-10-06 15:04:37,948 [main] INFO  impl.MetricsSystemImpl (MetricsSystemImpl.java:init(158)) - HddsDatanode metrics system started (again)
2019-10-06 15:04:37,952 [org.apache.hadoop.util.JvmPauseMonitor$Monitor@d0aa96e] INFO  util.JvmPauseMonitor (JvmPauseMonitor.java:run(188)) - Starting JVM pause monitor
2019-10-06 15:04:37,953 [main] INFO  ozone.HddsDatanodeService (HddsDatanodeService.java:start(184)) - HddsDatanodeService host:ozone-build-dev-hxm7v-1976773872 ip:192.168.151.114
2019-10-06 15:04:37,953 [Datanode State Machine Thread - 0] INFO  datanode.InitDatanodeState (InitDatanodeState.java:persistContainerDatanodeDetails(140)) - DatanodeDetails is persisted to /workdir/hadoop-ozone/integration-test/target/test-dir/MiniOzoneClusterImpl-dbd5195f-4e90-4a77-9b13-3d16538cf4e0/datanode-4/meta/datanode.id
2019-10-06 15:04:37,958 [main] INFO  volume.HddsVolume (HddsVolume.java:<init>(176)) - Creating Volume: /workdir/hadoop-ozone/integration-test/target/test-dir/MiniOzoneClusterImpl-dbd5195f-4e90-4a77-9b13-3d16538cf4e0/datanode-5/data/containers/hdds of  storage type : DISK and capacity : 1482555576320
2019-10-06 15:04:37,959 [main] INFO  volume.VolumeSet (VolumeSet.java:initializeVolumeSet(170)) - Added Volume : /workdir/hadoop-ozone/integration-test/target/test-dir/MiniOzoneClusterImpl-dbd5195f-4e90-4a77-9b13-3d16538cf4e0/datanode-5/data/containers/hdds to VolumeSet
2019-10-06 15:04:37,959 [main] INFO  volume.ThrottledAsyncChecker (ThrottledAsyncChecker.java:schedule(139)) - Scheduling a check for org.apache.hadoop.ozone.container.common.volume.HddsVolume@4f664bee
2019-10-06 15:04:37,960 [main] INFO  volume.HddsVolumeChecker (HddsVolumeChecker.java:checkAllVolumes(202)) - Scheduled health check for volume org.apache.hadoop.ozone.container.common.volume.HddsVolume@4f664bee
2019-10-06 15:04:37,972 [main] INFO  impl.RaftServerProxy (ConfUtils.java:logGet(43)) - raft.rpc.type = GRPC (default)
2019-10-06 15:04:37,972 [main] INFO  grpc.GrpcFactory (GrpcFactory.java:checkPooledByteBufAllocatorUseCacheForAllThreads(45)) - PERFORMANCE WARNING: useCacheForAllThreads is true that may cause Netty to create a lot garbage objects and, as a result, trigger GC.
	It is recommended to disable useCacheForAllThreads by setting -Dorg.apache.ratis.thirdparty.io.netty.allocator.useCacheForAllThreads=false in command line.
2019-10-06 15:04:37,973 [main] INFO  grpc.GrpcConfigKeys$Server (ConfUtils.java:logGet(43)) - raft.grpc.server.port = 0 (default)
2019-10-06 15:04:37,973 [main] INFO  server.GrpcService (ConfUtils.java:logGet(43)) - raft.grpc.message.size.max = 33570816 (custom)
2019-10-06 15:04:37,973 [main] INFO  server.RaftServerConfigKeys (ConfUtils.java:logGet(43)) - raft.server.log.appender.buffer.byte-limit = 33554432 (custom)
2019-10-06 15:04:37,973 [main] INFO  server.GrpcService (ConfUtils.java:logGet(43)) - raft.grpc.flow.control.window = 1MB (=1048576) (default)
2019-10-06 15:04:37,973 [main] INFO  server.RaftServerConfigKeys (ConfUtils.java:logGet(43)) - raft.server.rpc.request.timeout = 3000ms (default)
2019-10-06 15:04:37,974 [main] INFO  server.RaftServerConfigKeys (ConfUtils.java:logGet(43)) - raft.server.storage.dir = [/workdir/hadoop-ozone/integration-test/target/test-dir/MiniOzoneClusterImpl-dbd5195f-4e90-4a77-9b13-3d16538cf4e0/datanode-5/data/ratis] (custom)
2019-10-06 15:04:37,975 [main] INFO  hdfs.DFSUtil (DFSUtil.java:httpServerTemplateForNNAndJN(1641)) - Starting Web-server for hddsDatanode at: http://0.0.0.0:0
2019-10-06 15:04:37,976 [main] INFO  server.AuthenticationFilter (AuthenticationFilter.java:constructSecretProvider(240)) - Unable to initialize FileSignerSecretProvider, falling back to use random secrets.
2019-10-06 15:04:37,977 [main] WARN  http.HttpRequestLog (HttpRequestLog.java:getRequestLog(97)) - Jetty request log can only be enabled using Log4j
2019-10-06 15:04:37,978 [main] INFO  http.HttpServer2 (HttpServer2.java:addGlobalFilter(975)) - Added global filter 'safety' (class=org.apache.hadoop.http.HttpServer2$QuotingInputFilter)
2019-10-06 15:04:37,978 [main] INFO  http.HttpServer2 (HttpServer2.java:addFilter(948)) - Added filter static_user_filter (class=org.apache.hadoop.http.lib.StaticUserWebFilter$StaticUserFilter) to context hddsDatanode
2019-10-06 15:04:37,979 [main] INFO  http.HttpServer2 (HttpServer2.java:addFilter(958)) - Added filter static_user_filter (class=org.apache.hadoop.http.lib.StaticUserWebFilter$StaticUserFilter) to context logs
2019-10-06 15:04:37,979 [main] INFO  http.HttpServer2 (HttpServer2.java:addFilter(958)) - Added filter static_user_filter (class=org.apache.hadoop.http.lib.StaticUserWebFilter$StaticUserFilter) to context static
2019-10-06 15:04:37,979 [main] INFO  http.HttpServer2 (HttpServer2.java:bindListener(1191)) - Jetty bound to port 34777
2019-10-06 15:04:37,980 [main] INFO  server.Server (Server.java:doStart(351)) - jetty-9.3.25.v20180904, build timestamp: 2018-09-04T21:11:46Z, git hash: 3ce520221d0240229c862b122d2b06c12a625732
2019-10-06 15:04:37,981 [main] INFO  handler.ContextHandler (ContextHandler.java:doStart(781)) - Started o.e.j.s.ServletContextHandler@72c9ebfa{/logs,file:///workdir/hadoop-ozone/integration-test/target/log,AVAILABLE}
2019-10-06 15:04:37,981 [main] INFO  handler.ContextHandler (ContextHandler.java:doStart(781)) - Started o.e.j.s.ServletContextHandler@747f6c5a{/static,jar:file:/home/user/.m2/repository/org/apache/hadoop/hadoop-hdds-container-service/0.5.0-SNAPSHOT/hadoop-hdds-container-service-0.5.0-SNAPSHOT.jar!/webapps/static,AVAILABLE}
2019-10-06 15:04:38,010 [main] INFO  handler.ContextHandler (ContextHandler.java:doStart(781)) - Started o.e.j.w.WebAppContext@52f8a6f4{/,file:///tmp/jetty-0.0.0.0-34777-hddsDatanode-_-any-6653667838759025234.dir/webapp/,AVAILABLE}{/hddsDatanode}
2019-10-06 15:04:38,010 [main] INFO  server.AbstractConnector (AbstractConnector.java:doStart(278)) - Started ServerConnector@5012c571{HTTP/1.1,[http/1.1]}{0.0.0.0:34777}
2019-10-06 15:04:38,012 [main] INFO  server.Server (Server.java:doStart(419)) - Started @232925ms
2019-10-06 15:04:38,012 [main] WARN  impl.MetricsSystemImpl (MetricsSystemImpl.java:register(276)) - Sink prometheus already exists!
2019-10-06 15:04:38,013 [main] INFO  server.BaseHttpServer (BaseHttpServer.java:updateConnectorAddress(215)) - HTTP server of HDDSDATANODE is listening at http://0.0.0.0:34777
2019-10-06 15:04:38,013 [main] INFO  impl.MetricsSystemImpl (MetricsSystemImpl.java:init(158)) - HddsDatanode metrics system started (again)
2019-10-06 15:04:38,018 [org.apache.hadoop.util.JvmPauseMonitor$Monitor@5af32bde] INFO  util.JvmPauseMonitor (JvmPauseMonitor.java:run(188)) - Starting JVM pause monitor
2019-10-06 15:04:38,019 [main] INFO  ozone.HddsDatanodeService (HddsDatanodeService.java:start(184)) - HddsDatanodeService host:ozone-build-dev-hxm7v-1976773872 ip:192.168.151.114
2019-10-06 15:04:38,020 [Datanode State Machine Thread - 0] INFO  datanode.InitDatanodeState (InitDatanodeState.java:persistContainerDatanodeDetails(140)) - DatanodeDetails is persisted to /workdir/hadoop-ozone/integration-test/target/test-dir/MiniOzoneClusterImpl-dbd5195f-4e90-4a77-9b13-3d16538cf4e0/datanode-5/meta/datanode.id
2019-10-06 15:04:38,026 [main] INFO  volume.HddsVolume (HddsVolume.java:<init>(176)) - Creating Volume: /workdir/hadoop-ozone/integration-test/target/test-dir/MiniOzoneClusterImpl-dbd5195f-4e90-4a77-9b13-3d16538cf4e0/datanode-6/data/containers/hdds of  storage type : DISK and capacity : 1482555576320
2019-10-06 15:04:38,027 [main] INFO  volume.VolumeSet (VolumeSet.java:initializeVolumeSet(170)) - Added Volume : /workdir/hadoop-ozone/integration-test/target/test-dir/MiniOzoneClusterImpl-dbd5195f-4e90-4a77-9b13-3d16538cf4e0/datanode-6/data/containers/hdds to VolumeSet
2019-10-06 15:04:38,027 [main] INFO  volume.ThrottledAsyncChecker (ThrottledAsyncChecker.java:schedule(139)) - Scheduling a check for org.apache.hadoop.ozone.container.common.volume.HddsVolume@681e913c
2019-10-06 15:04:38,028 [main] INFO  volume.HddsVolumeChecker (HddsVolumeChecker.java:checkAllVolumes(202)) - Scheduled health check for volume org.apache.hadoop.ozone.container.common.volume.HddsVolume@681e913c
2019-10-06 15:04:38,042 [main] INFO  impl.RaftServerProxy (ConfUtils.java:logGet(43)) - raft.rpc.type = GRPC (default)
2019-10-06 15:04:38,043 [main] INFO  grpc.GrpcFactory (GrpcFactory.java:checkPooledByteBufAllocatorUseCacheForAllThreads(45)) - PERFORMANCE WARNING: useCacheForAllThreads is true that may cause Netty to create a lot garbage objects and, as a result, trigger GC.
	It is recommended to disable useCacheForAllThreads by setting -Dorg.apache.ratis.thirdparty.io.netty.allocator.useCacheForAllThreads=false in command line.
2019-10-06 15:04:38,043 [main] INFO  grpc.GrpcConfigKeys$Server (ConfUtils.java:logGet(43)) - raft.grpc.server.port = 0 (default)
2019-10-06 15:04:38,043 [main] INFO  server.GrpcService (ConfUtils.java:logGet(43)) - raft.grpc.message.size.max = 33570816 (custom)
2019-10-06 15:04:38,043 [main] INFO  server.RaftServerConfigKeys (ConfUtils.java:logGet(43)) - raft.server.log.appender.buffer.byte-limit = 33554432 (custom)
2019-10-06 15:04:38,043 [main] INFO  server.GrpcService (ConfUtils.java:logGet(43)) - raft.grpc.flow.control.window = 1MB (=1048576) (default)
2019-10-06 15:04:38,043 [main] INFO  server.RaftServerConfigKeys (ConfUtils.java:logGet(43)) - raft.server.rpc.request.timeout = 3000ms (default)
2019-10-06 15:04:38,044 [main] INFO  server.RaftServerConfigKeys (ConfUtils.java:logGet(43)) - raft.server.storage.dir = [/workdir/hadoop-ozone/integration-test/target/test-dir/MiniOzoneClusterImpl-dbd5195f-4e90-4a77-9b13-3d16538cf4e0/datanode-6/data/ratis] (custom)
2019-10-06 15:04:38,045 [main] INFO  hdfs.DFSUtil (DFSUtil.java:httpServerTemplateForNNAndJN(1641)) - Starting Web-server for hddsDatanode at: http://0.0.0.0:0
2019-10-06 15:04:38,046 [main] INFO  server.AuthenticationFilter (AuthenticationFilter.java:constructSecretProvider(240)) - Unable to initialize FileSignerSecretProvider, falling back to use random secrets.
2019-10-06 15:04:38,047 [main] WARN  http.HttpRequestLog (HttpRequestLog.java:getRequestLog(97)) - Jetty request log can only be enabled using Log4j
2019-10-06 15:04:38,048 [main] INFO  http.HttpServer2 (HttpServer2.java:addGlobalFilter(975)) - Added global filter 'safety' (class=org.apache.hadoop.http.HttpServer2$QuotingInputFilter)
2019-10-06 15:04:38,048 [main] INFO  http.HttpServer2 (HttpServer2.java:addFilter(948)) - Added filter static_user_filter (class=org.apache.hadoop.http.lib.StaticUserWebFilter$StaticUserFilter) to context hddsDatanode
2019-10-06 15:04:38,048 [main] INFO  http.HttpServer2 (HttpServer2.java:addFilter(958)) - Added filter static_user_filter (class=org.apache.hadoop.http.lib.StaticUserWebFilter$StaticUserFilter) to context static
2019-10-06 15:04:38,049 [main] INFO  http.HttpServer2 (HttpServer2.java:addFilter(958)) - Added filter static_user_filter (class=org.apache.hadoop.http.lib.StaticUserWebFilter$StaticUserFilter) to context logs
2019-10-06 15:04:38,049 [main] INFO  http.HttpServer2 (HttpServer2.java:bindListener(1191)) - Jetty bound to port 44702
2019-10-06 15:04:38,049 [main] INFO  server.Server (Server.java:doStart(351)) - jetty-9.3.25.v20180904, build timestamp: 2018-09-04T21:11:46Z, git hash: 3ce520221d0240229c862b122d2b06c12a625732
2019-10-06 15:04:38,051 [main] INFO  handler.ContextHandler (ContextHandler.java:doStart(781)) - Started o.e.j.s.ServletContextHandler@272778ae{/logs,file:///workdir/hadoop-ozone/integration-test/target/log,AVAILABLE}
2019-10-06 15:04:38,052 [main] INFO  handler.ContextHandler (ContextHandler.java:doStart(781)) - Started o.e.j.s.ServletContextHandler@3c18942{/static,jar:file:/home/user/.m2/repository/org/apache/hadoop/hadoop-hdds-container-service/0.5.0-SNAPSHOT/hadoop-hdds-container-service-0.5.0-SNAPSHOT.jar!/webapps/static,AVAILABLE}
2019-10-06 15:04:38,088 [main] INFO  handler.ContextHandler (ContextHandler.java:doStart(781)) - Started o.e.j.w.WebAppContext@2d130ac4{/,file:///tmp/jetty-0.0.0.0-44702-hddsDatanode-_-any-7884049858401236530.dir/webapp/,AVAILABLE}{/hddsDatanode}
2019-10-06 15:04:38,089 [main] INFO  server.AbstractConnector (AbstractConnector.java:doStart(278)) - Started ServerConnector@2f0ccb34{HTTP/1.1,[http/1.1]}{0.0.0.0:44702}
2019-10-06 15:04:38,091 [main] INFO  server.Server (Server.java:doStart(419)) - Started @233004ms
2019-10-06 15:04:38,091 [main] WARN  impl.MetricsSystemImpl (MetricsSystemImpl.java:register(276)) - Sink prometheus already exists!
2019-10-06 15:04:38,092 [main] INFO  server.BaseHttpServer (BaseHttpServer.java:updateConnectorAddress(215)) - HTTP server of HDDSDATANODE is listening at http://0.0.0.0:44702
2019-10-06 15:04:38,092 [main] INFO  ozone.MiniOzoneClusterImpl (MiniOzoneClusterImpl.java:lambda$waitForClusterToBeReady$0(147)) - Waiting for cluster to be ready. Got 0 of 7 DN Heartbeats.
2019-10-06 15:04:38,093 [org.apache.hadoop.util.JvmPauseMonitor$Monitor@1e659ea4] INFO  util.JvmPauseMonitor (JvmPauseMonitor.java:run(188)) - Starting JVM pause monitor
2019-10-06 15:04:38,094 [Datanode State Machine Thread - 0] INFO  datanode.InitDatanodeState (InitDatanodeState.java:persistContainerDatanodeDetails(140)) - DatanodeDetails is persisted to /workdir/hadoop-ozone/integration-test/target/test-dir/MiniOzoneClusterImpl-dbd5195f-4e90-4a77-9b13-3d16538cf4e0/datanode-6/meta/datanode.id
2019-10-06 15:04:39,092 [main] INFO  ozone.MiniOzoneClusterImpl (MiniOzoneClusterImpl.java:lambda$waitForClusterToBeReady$0(147)) - Waiting for cluster to be ready. Got 0 of 7 DN Heartbeats.
2019-10-06 15:04:39,688 [Datanode State Machine Thread - 0] INFO  ozoneimpl.OzoneContainer (OzoneContainer.java:start(217)) - Attempting to start container services.
2019-10-06 15:04:39,689 [Datanode State Machine Thread - 0] INFO  ozoneimpl.OzoneContainer (OzoneContainer.java:startContainerScrub(179)) - Background container scanner has been disabled.
2019-10-06 15:04:39,689 [Datanode State Machine Thread - 0] INFO  ratis.XceiverServerRatis (XceiverServerRatis.java:start(417)) - Starting XceiverServerRatis 4df6895e-8372-40b0-9618-c8659d8801e0 at port 0
2019-10-06 15:04:39,694 [Datanode State Machine Thread - 0] INFO  impl.RaftServerProxy (RaftServerProxy.java:lambda$start$3(299)) - 4df6895e-8372-40b0-9618-c8659d8801e0: start RPC server
2019-10-06 15:04:39,697 [Datanode State Machine Thread - 0] INFO  server.GrpcService (GrpcService.java:startImpl(158)) - 4df6895e-8372-40b0-9618-c8659d8801e0: GrpcService started, listening on 0.0.0.0/0.0.0.0:42253
2019-10-06 15:04:39,697 [Datanode State Machine Thread - 0] INFO  ratis.XceiverServerRatis (XceiverServerRatis.java:start(427)) - XceiverServerRatis 4df6895e-8372-40b0-9618-c8659d8801e0 is started using port 42253
2019-10-06 15:04:39,702 [Datanode State Machine Thread - 0] INFO  server.XceiverServerGrpc (XceiverServerGrpc.java:start(149)) - XceiverServerGrpc 4df6895e-8372-40b0-9618-c8659d8801e0 is started using port 39497
2019-10-06 15:04:39,742 [Datanode State Machine Thread - 0] INFO  ozoneimpl.OzoneContainer (OzoneContainer.java:start(217)) - Attempting to start container services.
2019-10-06 15:04:39,742 [Datanode State Machine Thread - 0] INFO  ozoneimpl.OzoneContainer (OzoneContainer.java:startContainerScrub(179)) - Background container scanner has been disabled.
2019-10-06 15:04:39,742 [Datanode State Machine Thread - 0] INFO  ratis.XceiverServerRatis (XceiverServerRatis.java:start(417)) - Starting XceiverServerRatis 33e7fe1b-e424-48d0-b79d-ae156ba4b37e at port 0
2019-10-06 15:04:39,747 [Datanode State Machine Thread - 0] INFO  impl.RaftServerProxy (RaftServerProxy.java:lambda$start$3(299)) - 33e7fe1b-e424-48d0-b79d-ae156ba4b37e: start RPC server
2019-10-06 15:04:39,747 [Datanode State Machine Thread - 0] INFO  server.GrpcService (GrpcService.java:startImpl(158)) - 33e7fe1b-e424-48d0-b79d-ae156ba4b37e: GrpcService started, listening on 0.0.0.0/0.0.0.0:45058
2019-10-06 15:04:39,748 [Datanode State Machine Thread - 0] INFO  ratis.XceiverServerRatis (XceiverServerRatis.java:start(427)) - XceiverServerRatis 33e7fe1b-e424-48d0-b79d-ae156ba4b37e is started using port 45058
2019-10-06 15:04:39,748 [Datanode State Machine Thread - 0] INFO  server.XceiverServerGrpc (XceiverServerGrpc.java:start(149)) - XceiverServerGrpc 33e7fe1b-e424-48d0-b79d-ae156ba4b37e is started using port 45284
2019-10-06 15:04:39,827 [Datanode State Machine Thread - 0] INFO  ozoneimpl.OzoneContainer (OzoneContainer.java:start(217)) - Attempting to start container services.
2019-10-06 15:04:39,827 [Datanode State Machine Thread - 0] INFO  ozoneimpl.OzoneContainer (OzoneContainer.java:startContainerScrub(179)) - Background container scanner has been disabled.
2019-10-06 15:04:39,827 [Datanode State Machine Thread - 0] INFO  ratis.XceiverServerRatis (XceiverServerRatis.java:start(417)) - Starting XceiverServerRatis 0ea2a3ec-981c-4c7d-9819-1f140e5813e0 at port 0
2019-10-06 15:04:39,831 [Datanode State Machine Thread - 0] INFO  impl.RaftServerProxy (RaftServerProxy.java:lambda$start$3(299)) - 0ea2a3ec-981c-4c7d-9819-1f140e5813e0: start RPC server
2019-10-06 15:04:39,833 [Datanode State Machine Thread - 0] INFO  server.GrpcService (GrpcService.java:startImpl(158)) - 0ea2a3ec-981c-4c7d-9819-1f140e5813e0: GrpcService started, listening on 0.0.0.0/0.0.0.0:45708
2019-10-06 15:04:39,833 [Datanode State Machine Thread - 0] INFO  ratis.XceiverServerRatis (XceiverServerRatis.java:start(427)) - XceiverServerRatis 0ea2a3ec-981c-4c7d-9819-1f140e5813e0 is started using port 45708
2019-10-06 15:04:39,834 [Datanode State Machine Thread - 0] INFO  server.XceiverServerGrpc (XceiverServerGrpc.java:start(149)) - XceiverServerGrpc 0ea2a3ec-981c-4c7d-9819-1f140e5813e0 is started using port 35824
2019-10-06 15:04:39,896 [Datanode State Machine Thread - 0] INFO  ozoneimpl.OzoneContainer (OzoneContainer.java:start(217)) - Attempting to start container services.
2019-10-06 15:04:39,897 [Datanode State Machine Thread - 0] INFO  ozoneimpl.OzoneContainer (OzoneContainer.java:startContainerScrub(179)) - Background container scanner has been disabled.
2019-10-06 15:04:39,897 [Datanode State Machine Thread - 0] INFO  ratis.XceiverServerRatis (XceiverServerRatis.java:start(417)) - Starting XceiverServerRatis 828fbc95-c8a6-4083-b752-922978508eb1 at port 0
2019-10-06 15:04:39,902 [Datanode State Machine Thread - 0] INFO  impl.RaftServerProxy (RaftServerProxy.java:lambda$start$3(299)) - 828fbc95-c8a6-4083-b752-922978508eb1: start RPC server
2019-10-06 15:04:39,903 [Datanode State Machine Thread - 0] INFO  server.GrpcService (GrpcService.java:startImpl(158)) - 828fbc95-c8a6-4083-b752-922978508eb1: GrpcService started, listening on 0.0.0.0/0.0.0.0:35311
2019-10-06 15:04:39,903 [Datanode State Machine Thread - 0] INFO  ratis.XceiverServerRatis (XceiverServerRatis.java:start(427)) - XceiverServerRatis 828fbc95-c8a6-4083-b752-922978508eb1 is started using port 35311
2019-10-06 15:04:39,906 [Datanode State Machine Thread - 0] INFO  server.XceiverServerGrpc (XceiverServerGrpc.java:start(149)) - XceiverServerGrpc 828fbc95-c8a6-4083-b752-922978508eb1 is started using port 34689
2019-10-06 15:04:39,979 [Datanode State Machine Thread - 0] INFO  ozoneimpl.OzoneContainer (OzoneContainer.java:start(217)) - Attempting to start container services.
2019-10-06 15:04:39,979 [Datanode State Machine Thread - 0] INFO  ozoneimpl.OzoneContainer (OzoneContainer.java:startContainerScrub(179)) - Background container scanner has been disabled.
2019-10-06 15:04:39,979 [Datanode State Machine Thread - 0] INFO  ratis.XceiverServerRatis (XceiverServerRatis.java:start(417)) - Starting XceiverServerRatis 2b462bdc-4a11-468f-a7d5-18f7a662c5c1 at port 0
2019-10-06 15:04:39,987 [Datanode State Machine Thread - 0] INFO  impl.RaftServerProxy (RaftServerProxy.java:lambda$start$3(299)) - 2b462bdc-4a11-468f-a7d5-18f7a662c5c1: start RPC server
2019-10-06 15:04:39,989 [Datanode State Machine Thread - 0] INFO  server.GrpcService (GrpcService.java:startImpl(158)) - 2b462bdc-4a11-468f-a7d5-18f7a662c5c1: GrpcService started, listening on 0.0.0.0/0.0.0.0:43321
2019-10-06 15:04:39,990 [Datanode State Machine Thread - 0] INFO  ratis.XceiverServerRatis (XceiverServerRatis.java:start(427)) - XceiverServerRatis 2b462bdc-4a11-468f-a7d5-18f7a662c5c1 is started using port 43321
2019-10-06 15:04:39,990 [Datanode State Machine Thread - 0] INFO  server.XceiverServerGrpc (XceiverServerGrpc.java:start(149)) - XceiverServerGrpc 2b462bdc-4a11-468f-a7d5-18f7a662c5c1 is started using port 34947
2019-10-06 15:04:40,032 [Datanode State Machine Thread - 0] INFO  ozoneimpl.OzoneContainer (OzoneContainer.java:start(217)) - Attempting to start container services.
2019-10-06 15:04:40,032 [Datanode State Machine Thread - 0] INFO  ozoneimpl.OzoneContainer (OzoneContainer.java:startContainerScrub(179)) - Background container scanner has been disabled.
2019-10-06 15:04:40,032 [Datanode State Machine Thread - 0] INFO  ratis.XceiverServerRatis (XceiverServerRatis.java:start(417)) - Starting XceiverServerRatis c890bc22-944a-4f38-b160-ae434527e171 at port 0
2019-10-06 15:04:40,040 [Datanode State Machine Thread - 0] INFO  impl.RaftServerProxy (RaftServerProxy.java:lambda$start$3(299)) - c890bc22-944a-4f38-b160-ae434527e171: start RPC server
2019-10-06 15:04:40,041 [Datanode State Machine Thread - 0] INFO  server.GrpcService (GrpcService.java:startImpl(158)) - c890bc22-944a-4f38-b160-ae434527e171: GrpcService started, listening on 0.0.0.0/0.0.0.0:39070
2019-10-06 15:04:40,041 [Datanode State Machine Thread - 0] INFO  ratis.XceiverServerRatis (XceiverServerRatis.java:start(427)) - XceiverServerRatis c890bc22-944a-4f38-b160-ae434527e171 is started using port 39070
2019-10-06 15:04:40,044 [Datanode State Machine Thread - 0] INFO  server.XceiverServerGrpc (XceiverServerGrpc.java:start(149)) - XceiverServerGrpc c890bc22-944a-4f38-b160-ae434527e171 is started using port 38475
2019-10-06 15:04:40,093 [main] INFO  ozone.MiniOzoneClusterImpl (MiniOzoneClusterImpl.java:lambda$waitForClusterToBeReady$0(147)) - Waiting for cluster to be ready. Got 0 of 7 DN Heartbeats.
2019-10-06 15:04:40,106 [Datanode State Machine Thread - 0] INFO  ozoneimpl.OzoneContainer (OzoneContainer.java:start(217)) - Attempting to start container services.
2019-10-06 15:04:40,107 [Datanode State Machine Thread - 0] INFO  ozoneimpl.OzoneContainer (OzoneContainer.java:startContainerScrub(179)) - Background container scanner has been disabled.
2019-10-06 15:04:40,107 [Datanode State Machine Thread - 0] INFO  ratis.XceiverServerRatis (XceiverServerRatis.java:start(417)) - Starting XceiverServerRatis ae2470a9-5e75-41f7-83f3-17d4bf1da86c at port 0
2019-10-06 15:04:40,112 [Datanode State Machine Thread - 0] INFO  impl.RaftServerProxy (RaftServerProxy.java:lambda$start$3(299)) - ae2470a9-5e75-41f7-83f3-17d4bf1da86c: start RPC server
2019-10-06 15:04:40,113 [Datanode State Machine Thread - 0] INFO  server.GrpcService (GrpcService.java:startImpl(158)) - ae2470a9-5e75-41f7-83f3-17d4bf1da86c: GrpcService started, listening on 0.0.0.0/0.0.0.0:38898
2019-10-06 15:04:40,113 [Datanode State Machine Thread - 0] INFO  ratis.XceiverServerRatis (XceiverServerRatis.java:start(427)) - XceiverServerRatis ae2470a9-5e75-41f7-83f3-17d4bf1da86c is started using port 38898
2019-10-06 15:04:40,113 [Datanode State Machine Thread - 0] INFO  server.XceiverServerGrpc (XceiverServerGrpc.java:start(149)) - XceiverServerGrpc ae2470a9-5e75-41f7-83f3-17d4bf1da86c is started using port 41280
2019-10-06 15:04:41,094 [main] INFO  ozone.MiniOzoneClusterImpl (MiniOzoneClusterImpl.java:lambda$waitForClusterToBeReady$0(147)) - Waiting for cluster to be ready. Got 0 of 7 DN Heartbeats.
2019-10-06 15:04:41,669 [IPC Server handler 2 on 43746] INFO  net.NetworkTopology (NetworkTopologyImpl.java:add(111)) - Added a new node: /default-rack/4df6895e-8372-40b0-9618-c8659d8801e0
2019-10-06 15:04:41,671 [IPC Server handler 2 on 43746] INFO  node.SCMNodeManager (SCMNodeManager.java:register(268)) - Registered Data node : 4df6895e-8372-40b0-9618-c8659d8801e0{ip: 192.168.151.114, host: ozone-build-dev-hxm7v-1976773872, networkLocation: /default-rack, certSerialId: null}
2019-10-06 15:04:41,672 [EventQueue-NodeRegistrationContainerReportForDataNodeSafeModeRule] INFO  safemode.SCMSafeModeManager (DataNodeSafeModeRule.java:process(71)) - SCM in safe mode. 1 DataNodes registered, 1 required.
2019-10-06 15:04:41,675 [EventQueue-NodeRegistrationContainerReportForDataNodeSafeModeRule] INFO  safemode.SCMSafeModeManager (SCMSafeModeManager.java:validateSafeModeExitRules(177)) - ScmSafeModeManager, all rules are successfully validated
2019-10-06 15:04:41,675 [EventQueue-NodeRegistrationContainerReportForDataNodeSafeModeRule] INFO  safemode.SCMSafeModeManager (SCMSafeModeManager.java:exitSafeMode(193)) - SCM exiting safe mode.
2019-10-06 15:04:41,687 [grpc-default-executor-7] INFO  impl.RaftServerProxy (RaftServerProxy.java:addNew(89)) - 4df6895e-8372-40b0-9618-c8659d8801e0: addNew group-14AB740CAB7B:[4df6895e-8372-40b0-9618-c8659d8801e0:192.168.151.114:42253] returns group-14AB740CAB7B:java.util.concurrent.CompletableFuture@694c591[Not completed]
2019-10-06 15:04:41,688 [pool-383-thread-1] INFO  impl.RaftServerImpl (RaftServerImpl.java:<init>(95)) - 4df6895e-8372-40b0-9618-c8659d8801e0: new RaftServerImpl for group-14AB740CAB7B:[4df6895e-8372-40b0-9618-c8659d8801e0:192.168.151.114:42253] with ContainerStateMachine:uninitialized
2019-10-06 15:04:41,689 [pool-383-thread-1] INFO  server.RaftServerConfigKeys (ConfUtils.java:logGet(43)) - raft.server.rpc.timeout.min = 5s (custom)
2019-10-06 15:04:41,689 [pool-383-thread-1] INFO  server.RaftServerConfigKeys (ConfUtils.java:logGet(43)) - raft.server.rpc.timeout.max = 5200ms (custom)
2019-10-06 15:04:41,689 [pool-383-thread-1] INFO  server.RaftServerConfigKeys (ConfUtils.java:logGet(43)) - raft.server.rpcslowness.timeout = 120s (custom)
2019-10-06 15:04:41,689 [pool-383-thread-1] INFO  server.RaftServerConfigKeys (ConfUtils.java:logGet(43)) - raft.server.sleep.deviation.threshold = 300 (default)
2019-10-06 15:04:41,689 [pool-383-thread-1] INFO  server.RaftServerConfigKeys (ConfUtils.java:logGet(43)) - raft.server.log.appender.install.snapshot.enabled = false (custom)
2019-10-06 15:04:41,689 [pool-383-thread-1] INFO  impl.RaftServerImpl (ServerState.java:<init>(103)) - 4df6895e-8372-40b0-9618-c8659d8801e0@group-14AB740CAB7B: ConfigurationManager, init=-1: [4df6895e-8372-40b0-9618-c8659d8801e0:192.168.151.114:42253], old=null, confs=<EMPTY_MAP>
2019-10-06 15:04:41,689 [pool-383-thread-1] INFO  server.RaftServerConfigKeys (ConfUtils.java:logGet(43)) - raft.server.storage.dir = [/workdir/hadoop-ozone/integration-test/target/test-dir/MiniOzoneClusterImpl-dbd5195f-4e90-4a77-9b13-3d16538cf4e0/datanode-0/data/ratis] (custom)
2019-10-06 15:04:41,690 [pool-383-thread-1] INFO  server.RaftServerConfigKeys (ConfUtils.java:logGet(43)) - raft.server.log.corruption.policy = EXCEPTION (default)
2019-10-06 15:04:41,690 [pool-383-thread-1] INFO  storage.RaftStorageDirectory (RaftStorageDirectory.java:analyzeStorage(246)) - The storage directory /workdir/hadoop-ozone/integration-test/target/test-dir/MiniOzoneClusterImpl-dbd5195f-4e90-4a77-9b13-3d16538cf4e0/datanode-0/data/ratis/ffa39af0-06f5-4a99-8d80-14ab740cab7b does not exist. Creating ...
2019-10-06 15:04:41,703 [pool-383-thread-1] INFO  storage.RaftStorageDirectory (RaftStorageDirectory.java:tryLock(328)) - Lock on /workdir/hadoop-ozone/integration-test/target/test-dir/MiniOzoneClusterImpl-dbd5195f-4e90-4a77-9b13-3d16538cf4e0/datanode-0/data/ratis/ffa39af0-06f5-4a99-8d80-14ab740cab7b/in_use.lock acquired by nodename 26075@ozone-build-dev-hxm7v-1976773872
2019-10-06 15:04:41,716 [pool-383-thread-1] INFO  storage.RaftStorage (RaftStorage.java:format(84)) - Storage directory /workdir/hadoop-ozone/integration-test/target/test-dir/MiniOzoneClusterImpl-dbd5195f-4e90-4a77-9b13-3d16538cf4e0/datanode-0/data/ratis/ffa39af0-06f5-4a99-8d80-14ab740cab7b has been successfully formatted.
2019-10-06 15:04:41,716 [pool-383-thread-1] INFO  ratis.ContainerStateMachine (ContainerStateMachine.java:loadSnapshot(230)) - group-14AB740CAB7B: The snapshot info is null. Setting the last applied indexto:(t:0, i:~)
2019-10-06 15:04:41,716 [pool-383-thread-1] INFO  server.RaftServerConfigKeys (ConfUtils.java:logGet(43)) - raft.server.notification.no-leader.timeout = 120s (custom)
2019-10-06 15:04:41,716 [pool-383-thread-1] INFO  server.RaftServerConfigKeys (ConfUtils.java:logGet(43)) - raft.server.log.use.memory = false (default)
2019-10-06 15:04:41,716 [pool-383-thread-1] INFO  server.RaftServerConfigKeys (ConfUtils.java:logGet(43)) - raft.server.log.purge.gap = 1000000 (custom)
2019-10-06 15:04:41,717 [pool-383-thread-1] INFO  server.RaftServerConfigKeys (ConfUtils.java:logGet(43)) - raft.server.log.appender.buffer.byte-limit = 33554432 (custom)
2019-10-06 15:04:41,717 [pool-383-thread-1] INFO  server.RaftServerConfigKeys (ConfUtils.java:logGet(43)) - raft.server.log.segment.size.max = 1048576 (custom)
2019-10-06 15:04:41,718 [pool-383-thread-1] INFO  server.RaftServerConfigKeys (ConfUtils.java:logGet(43)) - raft.server.log.segment.cache.num.max = 2 (custom)
2019-10-06 15:04:41,718 [pool-383-thread-1] INFO  segmented.SegmentedRaftLogWorker (SegmentedRaftLogWorker.java:<init>(173)) - new 4df6895e-8372-40b0-9618-c8659d8801e0@group-14AB740CAB7B-SegmentedRaftLogWorker for RaftStorage:Storage Directory /workdir/hadoop-ozone/integration-test/target/test-dir/MiniOzoneClusterImpl-dbd5195f-4e90-4a77-9b13-3d16538cf4e0/datanode-0/data/ratis/ffa39af0-06f5-4a99-8d80-14ab740cab7b
2019-10-06 15:04:41,718 [pool-383-thread-1] INFO  server.RaftServerConfigKeys (ConfUtils.java:logGet(43)) - raft.server.log.queue.byte-limit = 2147483647 (custom)
2019-10-06 15:04:41,718 [pool-383-thread-1] INFO  server.RaftServerConfigKeys (ConfUtils.java:logGet(43)) - raft.server.log.queue.element-limit = 1024 (custom)
2019-10-06 15:04:41,718 [pool-383-thread-1] INFO  server.RaftServerConfigKeys (ConfUtils.java:logGet(43)) - raft.server.log.segment.size.max = 1048576 (custom)
2019-10-06 15:04:41,718 [pool-383-thread-1] INFO  server.RaftServerConfigKeys (ConfUtils.java:logGet(43)) - raft.server.log.preallocated.size = 16384 (custom)
2019-10-06 15:04:41,719 [pool-383-thread-1] INFO  server.RaftServerConfigKeys (ConfUtils.java:logGet(43)) - raft.server.log.write.buffer.size = 33554432 (custom)
2019-10-06 15:04:41,719 [pool-383-thread-1] INFO  server.RaftServerConfigKeys (ConfUtils.java:logGet(43)) - raft.server.log.force.sync.num = 128 (default)
2019-10-06 15:04:41,719 [pool-383-thread-1] INFO  server.RaftServerConfigKeys (ConfUtils.java:logGet(43)) - raft.server.log.statemachine.data.sync = true (default)
2019-10-06 15:04:41,719 [pool-383-thread-1] INFO  server.RaftServerConfigKeys (ConfUtils.java:logGet(43)) - raft.server.log.statemachine.data.sync.timeout = 10s (default)
2019-10-06 15:04:41,719 [pool-383-thread-1] INFO  server.RaftServerConfigKeys (ConfUtils.java:logGet(43)) - raft.server.log.statemachine.data.sync.timeout.retry = -1 (default)
2019-10-06 15:04:41,719 [pool-383-thread-1] INFO  server.RaftServerConfigKeys (ConfUtils.java:logGet(43)) - raft.server.log.statemachine.data.caching.enabled = true (custom)
2019-10-06 15:04:41,720 [pool-383-thread-1] INFO  segmented.SegmentedRaftLogWorker (SegmentedRaftLogWorker.java:lambda$new$0(128)) - 4df6895e-8372-40b0-9618-c8659d8801e0@group-14AB740CAB7B-SegmentedRaftLogWorker: flushIndex: setUnconditionally 0 -> -1
2019-10-06 15:04:41,720 [pool-383-thread-1] INFO  server.RaftServerConfigKeys (ConfUtils.java:logGet(43)) - raft.server.snapshot.auto.trigger.enabled = true (custom)
2019-10-06 15:04:41,720 [pool-383-thread-1] INFO  server.RaftServerConfigKeys (ConfUtils.java:logGet(43)) - raft.server.snapshot.auto.trigger.threshold = 10000 (custom)
2019-10-06 15:04:41,720 [pool-383-thread-1] INFO  server.RaftServerConfigKeys (ConfUtils.java:logGet(43)) - raft.server.snapshot.retention.file.num = 5 (custom)
2019-10-06 15:04:41,720 [pool-383-thread-1] INFO  server.RaftServerConfigKeys (ConfUtils.java:logGet(43)) - raft.server.retrycache.expirytime = 600000ms (custom)
2019-10-06 15:04:41,721 [pool-383-thread-1] INFO  impl.RaftServerImpl (RaftServerImpl.java:start(181)) - 4df6895e-8372-40b0-9618-c8659d8801e0@group-14AB740CAB7B: start as a follower, conf=-1: [4df6895e-8372-40b0-9618-c8659d8801e0:192.168.151.114:42253], old=null
2019-10-06 15:04:41,721 [pool-383-thread-1] INFO  impl.RaftServerImpl (RaftServerImpl.java:setRole(170)) - 4df6895e-8372-40b0-9618-c8659d8801e0@group-14AB740CAB7B: changes role from      null to FOLLOWER at term 0 for startAsFollower
2019-10-06 15:04:41,722 [pool-383-thread-1] INFO  impl.RoleInfo (RoleInfo.java:updateAndGet(143)) - 4df6895e-8372-40b0-9618-c8659d8801e0: start FollowerState
2019-10-06 15:04:41,722 [pool-383-thread-1] INFO  util.JmxRegister (JmxRegister.java:tryRegister(44)) - Successfully registered JMX Bean with object name Ratis:service=RaftServer,group=group-14AB740CAB7B,id=4df6895e-8372-40b0-9618-c8659d8801e0
2019-10-06 15:04:41,728 [IPC Server handler 3 on 43746] INFO  net.NetworkTopology (NetworkTopologyImpl.java:add(111)) - Added a new node: /default-rack/33e7fe1b-e424-48d0-b79d-ae156ba4b37e
2019-10-06 15:04:41,728 [IPC Server handler 3 on 43746] INFO  node.SCMNodeManager (SCMNodeManager.java:register(268)) - Registered Data node : 33e7fe1b-e424-48d0-b79d-ae156ba4b37e{ip: 192.168.151.114, host: ozone-build-dev-hxm7v-1976773872, networkLocation: /default-rack, certSerialId: null}
2019-10-06 15:04:41,741 [RatisPipelineUtilsThread] INFO  pipeline.PipelineStateManager (PipelineStateManager.java:addPipeline(56)) - Created pipeline Pipeline[ Id: ffa39af0-06f5-4a99-8d80-14ab740cab7b, Nodes: 4df6895e-8372-40b0-9618-c8659d8801e0{ip: 192.168.151.114, host: ozone-build-dev-hxm7v-1976773872, networkLocation: /default-rack, certSerialId: null}, Type:RATIS, Factor:ONE, State:OPEN]
2019-10-06 15:04:41,750 [grpc-default-executor-7] INFO  impl.RaftServerProxy (RaftServerProxy.java:addNew(89)) - 33e7fe1b-e424-48d0-b79d-ae156ba4b37e: addNew group-03908A80D240:[33e7fe1b-e424-48d0-b79d-ae156ba4b37e:192.168.151.114:45058] returns group-03908A80D240:java.util.concurrent.CompletableFuture@4ca44304[Not completed]
2019-10-06 15:04:41,752 [pool-393-thread-1] INFO  impl.RaftServerImpl (RaftServerImpl.java:<init>(95)) - 33e7fe1b-e424-48d0-b79d-ae156ba4b37e: new RaftServerImpl for group-03908A80D240:[33e7fe1b-e424-48d0-b79d-ae156ba4b37e:192.168.151.114:45058] with ContainerStateMachine:uninitialized
2019-10-06 15:04:41,752 [pool-393-thread-1] INFO  server.RaftServerConfigKeys (ConfUtils.java:logGet(43)) - raft.server.rpc.timeout.min = 5s (custom)
2019-10-06 15:04:41,752 [pool-393-thread-1] INFO  server.RaftServerConfigKeys (ConfUtils.java:logGet(43)) - raft.server.rpc.timeout.max = 5200ms (custom)
2019-10-06 15:04:41,752 [pool-393-thread-1] INFO  server.RaftServerConfigKeys (ConfUtils.java:logGet(43)) - raft.server.rpcslowness.timeout = 120s (custom)
2019-10-06 15:04:41,752 [pool-393-thread-1] INFO  server.RaftServerConfigKeys (ConfUtils.java:logGet(43)) - raft.server.sleep.deviation.threshold = 300 (default)
2019-10-06 15:04:41,753 [pool-393-thread-1] INFO  server.RaftServerConfigKeys (ConfUtils.java:logGet(43)) - raft.server.log.appender.install.snapshot.enabled = false (custom)
2019-10-06 15:04:41,753 [pool-393-thread-1] INFO  impl.RaftServerImpl (ServerState.java:<init>(103)) - 33e7fe1b-e424-48d0-b79d-ae156ba4b37e@group-03908A80D240: ConfigurationManager, init=-1: [33e7fe1b-e424-48d0-b79d-ae156ba4b37e:192.168.151.114:45058], old=null, confs=<EMPTY_MAP>
2019-10-06 15:04:41,753 [pool-393-thread-1] INFO  server.RaftServerConfigKeys (ConfUtils.java:logGet(43)) - raft.server.storage.dir = [/workdir/hadoop-ozone/integration-test/target/test-dir/MiniOzoneClusterImpl-dbd5195f-4e90-4a77-9b13-3d16538cf4e0/datanode-1/data/ratis] (custom)
2019-10-06 15:04:41,754 [pool-393-thread-1] INFO  server.RaftServerConfigKeys (ConfUtils.java:logGet(43)) - raft.server.log.corruption.policy = EXCEPTION (default)
2019-10-06 15:04:41,754 [pool-393-thread-1] INFO  storage.RaftStorageDirectory (RaftStorageDirectory.java:analyzeStorage(246)) - The storage directory /workdir/hadoop-ozone/integration-test/target/test-dir/MiniOzoneClusterImpl-dbd5195f-4e90-4a77-9b13-3d16538cf4e0/datanode-1/data/ratis/6af3e704-6afd-42d5-9303-03908a80d240 does not exist. Creating ...
2019-10-06 15:04:41,776 [pool-393-thread-1] INFO  storage.RaftStorageDirectory (RaftStorageDirectory.java:tryLock(328)) - Lock on /workdir/hadoop-ozone/integration-test/target/test-dir/MiniOzoneClusterImpl-dbd5195f-4e90-4a77-9b13-3d16538cf4e0/datanode-1/data/ratis/6af3e704-6afd-42d5-9303-03908a80d240/in_use.lock acquired by nodename 26075@ozone-build-dev-hxm7v-1976773872
2019-10-06 15:04:41,789 [pool-393-thread-1] INFO  storage.RaftStorage (RaftStorage.java:format(84)) - Storage directory /workdir/hadoop-ozone/integration-test/target/test-dir/MiniOzoneClusterImpl-dbd5195f-4e90-4a77-9b13-3d16538cf4e0/datanode-1/data/ratis/6af3e704-6afd-42d5-9303-03908a80d240 has been successfully formatted.
2019-10-06 15:04:41,789 [pool-393-thread-1] INFO  ratis.ContainerStateMachine (ContainerStateMachine.java:loadSnapshot(230)) - group-03908A80D240: The snapshot info is null. Setting the last applied indexto:(t:0, i:~)
2019-10-06 15:04:41,789 [pool-393-thread-1] INFO  server.RaftServerConfigKeys (ConfUtils.java:logGet(43)) - raft.server.notification.no-leader.timeout = 120s (custom)
2019-10-06 15:04:41,790 [pool-393-thread-1] INFO  server.RaftServerConfigKeys (ConfUtils.java:logGet(43)) - raft.server.log.use.memory = false (default)
2019-10-06 15:04:41,790 [pool-393-thread-1] INFO  server.RaftServerConfigKeys (ConfUtils.java:logGet(43)) - raft.server.log.purge.gap = 1000000 (custom)
2019-10-06 15:04:41,790 [pool-393-thread-1] INFO  server.RaftServerConfigKeys (ConfUtils.java:logGet(43)) - raft.server.log.appender.buffer.byte-limit = 33554432 (custom)
2019-10-06 15:04:41,790 [pool-393-thread-1] INFO  server.RaftServerConfigKeys (ConfUtils.java:logGet(43)) - raft.server.log.segment.size.max = 1048576 (custom)
2019-10-06 15:04:41,792 [pool-393-thread-1] INFO  server.RaftServerConfigKeys (ConfUtils.java:logGet(43)) - raft.server.log.segment.cache.num.max = 2 (custom)
2019-10-06 15:04:41,792 [pool-393-thread-1] INFO  segmented.SegmentedRaftLogWorker (SegmentedRaftLogWorker.java:<init>(173)) - new 33e7fe1b-e424-48d0-b79d-ae156ba4b37e@group-03908A80D240-SegmentedRaftLogWorker for RaftStorage:Storage Directory /workdir/hadoop-ozone/integration-test/target/test-dir/MiniOzoneClusterImpl-dbd5195f-4e90-4a77-9b13-3d16538cf4e0/datanode-1/data/ratis/6af3e704-6afd-42d5-9303-03908a80d240
2019-10-06 15:04:41,793 [pool-393-thread-1] INFO  server.RaftServerConfigKeys (ConfUtils.java:logGet(43)) - raft.server.log.queue.byte-limit = 2147483647 (custom)
2019-10-06 15:04:41,793 [pool-393-thread-1] INFO  server.RaftServerConfigKeys (ConfUtils.java:logGet(43)) - raft.server.log.queue.element-limit = 1024 (custom)
2019-10-06 15:04:41,793 [pool-393-thread-1] INFO  server.RaftServerConfigKeys (ConfUtils.java:logGet(43)) - raft.server.log.segment.size.max = 1048576 (custom)
2019-10-06 15:04:41,793 [pool-393-thread-1] INFO  server.RaftServerConfigKeys (ConfUtils.java:logGet(43)) - raft.server.log.preallocated.size = 16384 (custom)
2019-10-06 15:04:41,793 [pool-393-thread-1] INFO  server.RaftServerConfigKeys (ConfUtils.java:logGet(43)) - raft.server.log.write.buffer.size = 33554432 (custom)
2019-10-06 15:04:41,793 [pool-393-thread-1] INFO  server.RaftServerConfigKeys (ConfUtils.java:logGet(43)) - raft.server.log.force.sync.num = 128 (default)
2019-10-06 15:04:41,793 [pool-393-thread-1] INFO  server.RaftServerConfigKeys (ConfUtils.java:logGet(43)) - raft.server.log.statemachine.data.sync = true (default)
2019-10-06 15:04:41,794 [pool-393-thread-1] INFO  server.RaftServerConfigKeys (ConfUtils.java:logGet(43)) - raft.server.log.statemachine.data.sync.timeout = 10s (default)
2019-10-06 15:04:41,794 [pool-393-thread-1] INFO  server.RaftServerConfigKeys (ConfUtils.java:logGet(43)) - raft.server.log.statemachine.data.sync.timeout.retry = -1 (default)
2019-10-06 15:04:41,794 [pool-393-thread-1] INFO  server.RaftServerConfigKeys (ConfUtils.java:logGet(43)) - raft.server.log.statemachine.data.caching.enabled = true (custom)
2019-10-06 15:04:41,795 [pool-393-thread-1] INFO  segmented.SegmentedRaftLogWorker (SegmentedRaftLogWorker.java:lambda$new$0(128)) - 33e7fe1b-e424-48d0-b79d-ae156ba4b37e@group-03908A80D240-SegmentedRaftLogWorker: flushIndex: setUnconditionally 0 -> -1
2019-10-06 15:04:41,795 [pool-393-thread-1] INFO  server.RaftServerConfigKeys (ConfUtils.java:logGet(43)) - raft.server.snapshot.auto.trigger.enabled = true (custom)
2019-10-06 15:04:41,795 [pool-393-thread-1] INFO  server.RaftServerConfigKeys (ConfUtils.java:logGet(43)) - raft.server.snapshot.auto.trigger.threshold = 10000 (custom)
2019-10-06 15:04:41,795 [pool-393-thread-1] INFO  server.RaftServerConfigKeys (ConfUtils.java:logGet(43)) - raft.server.snapshot.retention.file.num = 5 (custom)
2019-10-06 15:04:41,795 [pool-393-thread-1] INFO  server.RaftServerConfigKeys (ConfUtils.java:logGet(43)) - raft.server.retrycache.expirytime = 600000ms (custom)
2019-10-06 15:04:41,797 [pool-393-thread-1] INFO  impl.RaftServerImpl (RaftServerImpl.java:start(181)) - 33e7fe1b-e424-48d0-b79d-ae156ba4b37e@group-03908A80D240: start as a follower, conf=-1: [33e7fe1b-e424-48d0-b79d-ae156ba4b37e:192.168.151.114:45058], old=null
2019-10-06 15:04:41,797 [pool-393-thread-1] INFO  impl.RaftServerImpl (RaftServerImpl.java:setRole(170)) - 33e7fe1b-e424-48d0-b79d-ae156ba4b37e@group-03908A80D240: changes role from      null to FOLLOWER at term 0 for startAsFollower
2019-10-06 15:04:41,797 [pool-393-thread-1] INFO  impl.RoleInfo (RoleInfo.java:updateAndGet(143)) - 33e7fe1b-e424-48d0-b79d-ae156ba4b37e: start FollowerState
2019-10-06 15:04:41,798 [pool-393-thread-1] INFO  util.JmxRegister (JmxRegister.java:tryRegister(44)) - Successfully registered JMX Bean with object name Ratis:service=RaftServer,group=group-03908A80D240,id=33e7fe1b-e424-48d0-b79d-ae156ba4b37e
2019-10-06 15:04:41,802 [RatisPipelineUtilsThread] INFO  pipeline.PipelineStateManager (PipelineStateManager.java:addPipeline(56)) - Created pipeline Pipeline[ Id: 6af3e704-6afd-42d5-9303-03908a80d240, Nodes: 33e7fe1b-e424-48d0-b79d-ae156ba4b37e{ip: 192.168.151.114, host: ozone-build-dev-hxm7v-1976773872, networkLocation: /default-rack, certSerialId: null}, Type:RATIS, Factor:ONE, State:OPEN]
2019-10-06 15:04:41,813 [IPC Server handler 4 on 43746] INFO  net.NetworkTopology (NetworkTopologyImpl.java:add(111)) - Added a new node: /default-rack/0ea2a3ec-981c-4c7d-9819-1f140e5813e0
2019-10-06 15:04:41,814 [IPC Server handler 4 on 43746] INFO  node.SCMNodeManager (SCMNodeManager.java:register(268)) - Registered Data node : 0ea2a3ec-981c-4c7d-9819-1f140e5813e0{ip: 192.168.151.114, host: ozone-build-dev-hxm7v-1976773872, networkLocation: /default-rack, certSerialId: null}
2019-10-06 15:04:41,821 [grpc-default-executor-7] INFO  impl.RaftServerProxy (RaftServerProxy.java:addNew(89)) - 0ea2a3ec-981c-4c7d-9819-1f140e5813e0: addNew group-900868D23DB7:[0ea2a3ec-981c-4c7d-9819-1f140e5813e0:192.168.151.114:45708] returns group-900868D23DB7:java.util.concurrent.CompletableFuture@5477e86c[Not completed]
2019-10-06 15:04:41,822 [pool-403-thread-1] INFO  impl.RaftServerImpl (RaftServerImpl.java:<init>(95)) - 0ea2a3ec-981c-4c7d-9819-1f140e5813e0: new RaftServerImpl for group-900868D23DB7:[0ea2a3ec-981c-4c7d-9819-1f140e5813e0:192.168.151.114:45708] with ContainerStateMachine:uninitialized
2019-10-06 15:04:41,822 [pool-403-thread-1] INFO  server.RaftServerConfigKeys (ConfUtils.java:logGet(43)) - raft.server.rpc.timeout.min = 5s (custom)
2019-10-06 15:04:41,823 [pool-403-thread-1] INFO  server.RaftServerConfigKeys (ConfUtils.java:logGet(43)) - raft.server.rpc.timeout.max = 5200ms (custom)
2019-10-06 15:04:41,823 [pool-403-thread-1] INFO  server.RaftServerConfigKeys (ConfUtils.java:logGet(43)) - raft.server.rpcslowness.timeout = 120s (custom)
2019-10-06 15:04:41,823 [pool-403-thread-1] INFO  server.RaftServerConfigKeys (ConfUtils.java:logGet(43)) - raft.server.sleep.deviation.threshold = 300 (default)
2019-10-06 15:04:41,823 [pool-403-thread-1] INFO  server.RaftServerConfigKeys (ConfUtils.java:logGet(43)) - raft.server.log.appender.install.snapshot.enabled = false (custom)
2019-10-06 15:04:41,823 [pool-403-thread-1] INFO  impl.RaftServerImpl (ServerState.java:<init>(103)) - 0ea2a3ec-981c-4c7d-9819-1f140e5813e0@group-900868D23DB7: ConfigurationManager, init=-1: [0ea2a3ec-981c-4c7d-9819-1f140e5813e0:192.168.151.114:45708], old=null, confs=<EMPTY_MAP>
2019-10-06 15:04:41,823 [pool-403-thread-1] INFO  server.RaftServerConfigKeys (ConfUtils.java:logGet(43)) - raft.server.storage.dir = [/workdir/hadoop-ozone/integration-test/target/test-dir/MiniOzoneClusterImpl-dbd5195f-4e90-4a77-9b13-3d16538cf4e0/datanode-2/data/ratis] (custom)
2019-10-06 15:04:41,823 [pool-403-thread-1] INFO  server.RaftServerConfigKeys (ConfUtils.java:logGet(43)) - raft.server.log.corruption.policy = EXCEPTION (default)
2019-10-06 15:04:41,824 [pool-403-thread-1] INFO  storage.RaftStorageDirectory (RaftStorageDirectory.java:analyzeStorage(246)) - The storage directory /workdir/hadoop-ozone/integration-test/target/test-dir/MiniOzoneClusterImpl-dbd5195f-4e90-4a77-9b13-3d16538cf4e0/datanode-2/data/ratis/39019cf4-3aa3-4606-b652-900868d23db7 does not exist. Creating ...
2019-10-06 15:04:41,837 [pool-403-thread-1] INFO  storage.RaftStorageDirectory (RaftStorageDirectory.java:tryLock(328)) - Lock on /workdir/hadoop-ozone/integration-test/target/test-dir/MiniOzoneClusterImpl-dbd5195f-4e90-4a77-9b13-3d16538cf4e0/datanode-2/data/ratis/39019cf4-3aa3-4606-b652-900868d23db7/in_use.lock acquired by nodename 26075@ozone-build-dev-hxm7v-1976773872
2019-10-06 15:04:41,850 [pool-403-thread-1] INFO  storage.RaftStorage (RaftStorage.java:format(84)) - Storage directory /workdir/hadoop-ozone/integration-test/target/test-dir/MiniOzoneClusterImpl-dbd5195f-4e90-4a77-9b13-3d16538cf4e0/datanode-2/data/ratis/39019cf4-3aa3-4606-b652-900868d23db7 has been successfully formatted.
2019-10-06 15:04:41,851 [pool-403-thread-1] INFO  ratis.ContainerStateMachine (ContainerStateMachine.java:loadSnapshot(230)) - group-900868D23DB7: The snapshot info is null. Setting the last applied indexto:(t:0, i:~)
2019-10-06 15:04:41,851 [pool-403-thread-1] INFO  server.RaftServerConfigKeys (ConfUtils.java:logGet(43)) - raft.server.notification.no-leader.timeout = 120s (custom)
2019-10-06 15:04:41,851 [pool-403-thread-1] INFO  server.RaftServerConfigKeys (ConfUtils.java:logGet(43)) - raft.server.log.use.memory = false (default)
2019-10-06 15:04:41,852 [pool-403-thread-1] INFO  server.RaftServerConfigKeys (ConfUtils.java:logGet(43)) - raft.server.log.purge.gap = 1000000 (custom)
2019-10-06 15:04:41,852 [pool-403-thread-1] INFO  server.RaftServerConfigKeys (ConfUtils.java:logGet(43)) - raft.server.log.appender.buffer.byte-limit = 33554432 (custom)
2019-10-06 15:04:41,852 [pool-403-thread-1] INFO  server.RaftServerConfigKeys (ConfUtils.java:logGet(43)) - raft.server.log.segment.size.max = 1048576 (custom)
2019-10-06 15:04:41,853 [pool-403-thread-1] INFO  server.RaftServerConfigKeys (ConfUtils.java:logGet(43)) - raft.server.log.segment.cache.num.max = 2 (custom)
2019-10-06 15:04:41,853 [pool-403-thread-1] INFO  segmented.SegmentedRaftLogWorker (SegmentedRaftLogWorker.java:<init>(173)) - new 0ea2a3ec-981c-4c7d-9819-1f140e5813e0@group-900868D23DB7-SegmentedRaftLogWorker for RaftStorage:Storage Directory /workdir/hadoop-ozone/integration-test/target/test-dir/MiniOzoneClusterImpl-dbd5195f-4e90-4a77-9b13-3d16538cf4e0/datanode-2/data/ratis/39019cf4-3aa3-4606-b652-900868d23db7
2019-10-06 15:04:41,853 [pool-403-thread-1] INFO  server.RaftServerConfigKeys (ConfUtils.java:logGet(43)) - raft.server.log.queue.byte-limit = 2147483647 (custom)
2019-10-06 15:04:41,854 [pool-403-thread-1] INFO  server.RaftServerConfigKeys (ConfUtils.java:logGet(43)) - raft.server.log.queue.element-limit = 1024 (custom)
2019-10-06 15:04:41,854 [pool-403-thread-1] INFO  server.RaftServerConfigKeys (ConfUtils.java:logGet(43)) - raft.server.log.segment.size.max = 1048576 (custom)
2019-10-06 15:04:41,854 [pool-403-thread-1] INFO  server.RaftServerConfigKeys (ConfUtils.java:logGet(43)) - raft.server.log.preallocated.size = 16384 (custom)
2019-10-06 15:04:41,854 [pool-403-thread-1] INFO  server.RaftServerConfigKeys (ConfUtils.java:logGet(43)) - raft.server.log.write.buffer.size = 33554432 (custom)
2019-10-06 15:04:41,854 [pool-403-thread-1] INFO  server.RaftServerConfigKeys (ConfUtils.java:logGet(43)) - raft.server.log.force.sync.num = 128 (default)
2019-10-06 15:04:41,854 [pool-403-thread-1] INFO  server.RaftServerConfigKeys (ConfUtils.java:logGet(43)) - raft.server.log.statemachine.data.sync = true (default)
2019-10-06 15:04:41,854 [pool-403-thread-1] INFO  server.RaftServerConfigKeys (ConfUtils.java:logGet(43)) - raft.server.log.statemachine.data.sync.timeout = 10s (default)
2019-10-06 15:04:41,854 [pool-403-thread-1] INFO  server.RaftServerConfigKeys (ConfUtils.java:logGet(43)) - raft.server.log.statemachine.data.sync.timeout.retry = -1 (default)
2019-10-06 15:04:41,855 [pool-403-thread-1] INFO  server.RaftServerConfigKeys (ConfUtils.java:logGet(43)) - raft.server.log.statemachine.data.caching.enabled = true (custom)
2019-10-06 15:04:41,855 [pool-403-thread-1] INFO  segmented.SegmentedRaftLogWorker (SegmentedRaftLogWorker.java:lambda$new$0(128)) - 0ea2a3ec-981c-4c7d-9819-1f140e5813e0@group-900868D23DB7-SegmentedRaftLogWorker: flushIndex: setUnconditionally 0 -> -1
2019-10-06 15:04:41,855 [pool-403-thread-1] INFO  server.RaftServerConfigKeys (ConfUtils.java:logGet(43)) - raft.server.snapshot.auto.trigger.enabled = true (custom)
2019-10-06 15:04:41,855 [pool-403-thread-1] INFO  server.RaftServerConfigKeys (ConfUtils.java:logGet(43)) - raft.server.snapshot.auto.trigger.threshold = 10000 (custom)
2019-10-06 15:04:41,855 [pool-403-thread-1] INFO  server.RaftServerConfigKeys (ConfUtils.java:logGet(43)) - raft.server.snapshot.retention.file.num = 5 (custom)
2019-10-06 15:04:41,855 [pool-403-thread-1] INFO  server.RaftServerConfigKeys (ConfUtils.java:logGet(43)) - raft.server.retrycache.expirytime = 600000ms (custom)
2019-10-06 15:04:41,857 [pool-403-thread-1] INFO  impl.RaftServerImpl (RaftServerImpl.java:start(181)) - 0ea2a3ec-981c-4c7d-9819-1f140e5813e0@group-900868D23DB7: start as a follower, conf=-1: [0ea2a3ec-981c-4c7d-9819-1f140e5813e0:192.168.151.114:45708], old=null
2019-10-06 15:04:41,857 [pool-403-thread-1] INFO  impl.RaftServerImpl (RaftServerImpl.java:setRole(170)) - 0ea2a3ec-981c-4c7d-9819-1f140e5813e0@group-900868D23DB7: changes role from      null to FOLLOWER at term 0 for startAsFollower
2019-10-06 15:04:41,857 [pool-403-thread-1] INFO  impl.RoleInfo (RoleInfo.java:updateAndGet(143)) - 0ea2a3ec-981c-4c7d-9819-1f140e5813e0: start FollowerState
2019-10-06 15:04:41,857 [pool-403-thread-1] INFO  util.JmxRegister (JmxRegister.java:tryRegister(44)) - Successfully registered JMX Bean with object name Ratis:service=RaftServer,group=group-900868D23DB7,id=0ea2a3ec-981c-4c7d-9819-1f140e5813e0
2019-10-06 15:04:41,861 [RatisPipelineUtilsThread] INFO  pipeline.PipelineStateManager (PipelineStateManager.java:addPipeline(56)) - Created pipeline Pipeline[ Id: 39019cf4-3aa3-4606-b652-900868d23db7, Nodes: 0ea2a3ec-981c-4c7d-9819-1f140e5813e0{ip: 192.168.151.114, host: ozone-build-dev-hxm7v-1976773872, networkLocation: /default-rack, certSerialId: null}, Type:RATIS, Factor:ONE, State:OPEN]
2019-10-06 15:04:41,878 [grpc-default-executor-8] INFO  impl.RaftServerProxy (RaftServerProxy.java:addNew(89)) - 0ea2a3ec-981c-4c7d-9819-1f140e5813e0: addNew group-90D7A8B9067C:[4df6895e-8372-40b0-9618-c8659d8801e0:192.168.151.114:42253, 0ea2a3ec-981c-4c7d-9819-1f140e5813e0:192.168.151.114:45708, 33e7fe1b-e424-48d0-b79d-ae156ba4b37e:192.168.151.114:45058] returns group-90D7A8B9067C:java.util.concurrent.CompletableFuture@4ef23122[Not completed]
2019-10-06 15:04:41,878 [grpc-default-executor-7] INFO  impl.RaftServerProxy (RaftServerProxy.java:addNew(89)) - 4df6895e-8372-40b0-9618-c8659d8801e0: addNew group-90D7A8B9067C:[4df6895e-8372-40b0-9618-c8659d8801e0:192.168.151.114:42253, 0ea2a3ec-981c-4c7d-9819-1f140e5813e0:192.168.151.114:45708, 33e7fe1b-e424-48d0-b79d-ae156ba4b37e:192.168.151.114:45058] returns group-90D7A8B9067C:java.util.concurrent.CompletableFuture@336a2342[Not completed]
2019-10-06 15:04:41,878 [grpc-default-executor-9] INFO  impl.RaftServerProxy (RaftServerProxy.java:addNew(89)) - 33e7fe1b-e424-48d0-b79d-ae156ba4b37e: addNew group-90D7A8B9067C:[4df6895e-8372-40b0-9618-c8659d8801e0:192.168.151.114:42253, 0ea2a3ec-981c-4c7d-9819-1f140e5813e0:192.168.151.114:45708, 33e7fe1b-e424-48d0-b79d-ae156ba4b37e:192.168.151.114:45058] returns group-90D7A8B9067C:java.util.concurrent.CompletableFuture@1c9766dc[Not completed]
2019-10-06 15:04:41,880 [pool-403-thread-1] INFO  impl.RaftServerImpl (RaftServerImpl.java:<init>(95)) - 0ea2a3ec-981c-4c7d-9819-1f140e5813e0: new RaftServerImpl for group-90D7A8B9067C:[4df6895e-8372-40b0-9618-c8659d8801e0:192.168.151.114:42253, 0ea2a3ec-981c-4c7d-9819-1f140e5813e0:192.168.151.114:45708, 33e7fe1b-e424-48d0-b79d-ae156ba4b37e:192.168.151.114:45058] with ContainerStateMachine:uninitialized
2019-10-06 15:04:41,880 [pool-403-thread-1] INFO  server.RaftServerConfigKeys (ConfUtils.java:logGet(43)) - raft.server.rpc.timeout.min = 5s (custom)
2019-10-06 15:04:41,880 [pool-403-thread-1] INFO  server.RaftServerConfigKeys (ConfUtils.java:logGet(43)) - raft.server.rpc.timeout.max = 5200ms (custom)
2019-10-06 15:04:41,880 [pool-403-thread-1] INFO  server.RaftServerConfigKeys (ConfUtils.java:logGet(43)) - raft.server.rpcslowness.timeout = 120s (custom)
2019-10-06 15:04:41,880 [pool-403-thread-1] INFO  server.RaftServerConfigKeys (ConfUtils.java:logGet(43)) - raft.server.sleep.deviation.threshold = 300 (default)
2019-10-06 15:04:41,880 [pool-403-thread-1] INFO  server.RaftServerConfigKeys (ConfUtils.java:logGet(43)) - raft.server.log.appender.install.snapshot.enabled = false (custom)
2019-10-06 15:04:41,881 [pool-383-thread-1] INFO  impl.RaftServerImpl (RaftServerImpl.java:<init>(95)) - 4df6895e-8372-40b0-9618-c8659d8801e0: new RaftServerImpl for group-90D7A8B9067C:[4df6895e-8372-40b0-9618-c8659d8801e0:192.168.151.114:42253, 0ea2a3ec-981c-4c7d-9819-1f140e5813e0:192.168.151.114:45708, 33e7fe1b-e424-48d0-b79d-ae156ba4b37e:192.168.151.114:45058] with ContainerStateMachine:uninitialized
2019-10-06 15:04:41,881 [pool-403-thread-1] INFO  impl.RaftServerImpl (ServerState.java:<init>(103)) - 0ea2a3ec-981c-4c7d-9819-1f140e5813e0@group-90D7A8B9067C: ConfigurationManager, init=-1: [4df6895e-8372-40b0-9618-c8659d8801e0:192.168.151.114:42253, 0ea2a3ec-981c-4c7d-9819-1f140e5813e0:192.168.151.114:45708, 33e7fe1b-e424-48d0-b79d-ae156ba4b37e:192.168.151.114:45058], old=null, confs=<EMPTY_MAP>
2019-10-06 15:04:41,881 [pool-383-thread-1] INFO  server.RaftServerConfigKeys (ConfUtils.java:logGet(43)) - raft.server.rpc.timeout.min = 5s (custom)
2019-10-06 15:04:41,881 [pool-393-thread-1] INFO  impl.RaftServerImpl (RaftServerImpl.java:<init>(95)) - 33e7fe1b-e424-48d0-b79d-ae156ba4b37e: new RaftServerImpl for group-90D7A8B9067C:[4df6895e-8372-40b0-9618-c8659d8801e0:192.168.151.114:42253, 0ea2a3ec-981c-4c7d-9819-1f140e5813e0:192.168.151.114:45708, 33e7fe1b-e424-48d0-b79d-ae156ba4b37e:192.168.151.114:45058] with ContainerStateMachine:uninitialized
2019-10-06 15:04:41,881 [pool-383-thread-1] INFO  server.RaftServerConfigKeys (ConfUtils.java:logGet(43)) - raft.server.rpc.timeout.max = 5200ms (custom)
2019-10-06 15:04:41,881 [pool-403-thread-1] INFO  server.RaftServerConfigKeys (ConfUtils.java:logGet(43)) - raft.server.storage.dir = [/workdir/hadoop-ozone/integration-test/target/test-dir/MiniOzoneClusterImpl-dbd5195f-4e90-4a77-9b13-3d16538cf4e0/datanode-2/data/ratis] (custom)
2019-10-06 15:04:41,881 [pool-383-thread-1] INFO  server.RaftServerConfigKeys (ConfUtils.java:logGet(43)) - raft.server.rpcslowness.timeout = 120s (custom)
2019-10-06 15:04:41,881 [pool-393-thread-1] INFO  server.RaftServerConfigKeys (ConfUtils.java:logGet(43)) - raft.server.rpc.timeout.min = 5s (custom)
2019-10-06 15:04:41,882 [pool-403-thread-1] INFO  server.RaftServerConfigKeys (ConfUtils.java:logGet(43)) - raft.server.log.corruption.policy = EXCEPTION (default)
2019-10-06 15:04:41,882 [pool-393-thread-1] INFO  server.RaftServerConfigKeys (ConfUtils.java:logGet(43)) - raft.server.rpc.timeout.max = 5200ms (custom)
2019-10-06 15:04:41,882 [pool-403-thread-1] INFO  storage.RaftStorageDirectory (RaftStorageDirectory.java:analyzeStorage(246)) - The storage directory /workdir/hadoop-ozone/integration-test/target/test-dir/MiniOzoneClusterImpl-dbd5195f-4e90-4a77-9b13-3d16538cf4e0/datanode-2/data/ratis/c1db738c-8870-40b6-8139-90d7a8b9067c does not exist. Creating ...
2019-10-06 15:04:41,882 [pool-383-thread-1] INFO  server.RaftServerConfigKeys (ConfUtils.java:logGet(43)) - raft.server.sleep.deviation.threshold = 300 (default)
2019-10-06 15:04:41,882 [pool-393-thread-1] INFO  server.RaftServerConfigKeys (ConfUtils.java:logGet(43)) - raft.server.rpcslowness.timeout = 120s (custom)
2019-10-06 15:04:41,882 [IPC Server handler 5 on 43746] INFO  net.NetworkTopology (NetworkTopologyImpl.java:add(111)) - Added a new node: /default-rack/828fbc95-c8a6-4083-b752-922978508eb1
2019-10-06 15:04:41,883 [pool-383-thread-1] INFO  server.RaftServerConfigKeys (ConfUtils.java:logGet(43)) - raft.server.log.appender.install.snapshot.enabled = false (custom)
2019-10-06 15:04:41,883 [pool-393-thread-1] INFO  server.RaftServerConfigKeys (ConfUtils.java:logGet(43)) - raft.server.sleep.deviation.threshold = 300 (default)
2019-10-06 15:04:41,883 [IPC Server handler 5 on 43746] INFO  node.SCMNodeManager (SCMNodeManager.java:register(268)) - Registered Data node : 828fbc95-c8a6-4083-b752-922978508eb1{ip: 192.168.151.114, host: ozone-build-dev-hxm7v-1976773872, networkLocation: /default-rack, certSerialId: null}
2019-10-06 15:04:41,883 [pool-383-thread-1] INFO  impl.RaftServerImpl (ServerState.java:<init>(103)) - 4df6895e-8372-40b0-9618-c8659d8801e0@group-90D7A8B9067C: ConfigurationManager, init=-1: [4df6895e-8372-40b0-9618-c8659d8801e0:192.168.151.114:42253, 0ea2a3ec-981c-4c7d-9819-1f140e5813e0:192.168.151.114:45708, 33e7fe1b-e424-48d0-b79d-ae156ba4b37e:192.168.151.114:45058], old=null, confs=<EMPTY_MAP>
2019-10-06 15:04:41,883 [pool-393-thread-1] INFO  server.RaftServerConfigKeys (ConfUtils.java:logGet(43)) - raft.server.log.appender.install.snapshot.enabled = false (custom)
2019-10-06 15:04:41,884 [pool-393-thread-1] INFO  impl.RaftServerImpl (ServerState.java:<init>(103)) - 33e7fe1b-e424-48d0-b79d-ae156ba4b37e@group-90D7A8B9067C: ConfigurationManager, init=-1: [4df6895e-8372-40b0-9618-c8659d8801e0:192.168.151.114:42253, 0ea2a3ec-981c-4c7d-9819-1f140e5813e0:192.168.151.114:45708, 33e7fe1b-e424-48d0-b79d-ae156ba4b37e:192.168.151.114:45058], old=null, confs=<EMPTY_MAP>
2019-10-06 15:04:41,884 [pool-393-thread-1] INFO  server.RaftServerConfigKeys (ConfUtils.java:logGet(43)) - raft.server.storage.dir = [/workdir/hadoop-ozone/integration-test/target/test-dir/MiniOzoneClusterImpl-dbd5195f-4e90-4a77-9b13-3d16538cf4e0/datanode-1/data/ratis] (custom)
2019-10-06 15:04:41,884 [pool-393-thread-1] INFO  server.RaftServerConfigKeys (ConfUtils.java:logGet(43)) - raft.server.log.corruption.policy = EXCEPTION (default)
2019-10-06 15:04:41,885 [pool-393-thread-1] INFO  storage.RaftStorageDirectory (RaftStorageDirectory.java:analyzeStorage(246)) - The storage directory /workdir/hadoop-ozone/integration-test/target/test-dir/MiniOzoneClusterImpl-dbd5195f-4e90-4a77-9b13-3d16538cf4e0/datanode-1/data/ratis/c1db738c-8870-40b6-8139-90d7a8b9067c does not exist. Creating ...
2019-10-06 15:04:41,885 [pool-383-thread-1] INFO  server.RaftServerConfigKeys (ConfUtils.java:logGet(43)) - raft.server.storage.dir = [/workdir/hadoop-ozone/integration-test/target/test-dir/MiniOzoneClusterImpl-dbd5195f-4e90-4a77-9b13-3d16538cf4e0/datanode-0/data/ratis] (custom)
2019-10-06 15:04:41,885 [pool-383-thread-1] INFO  server.RaftServerConfigKeys (ConfUtils.java:logGet(43)) - raft.server.log.corruption.policy = EXCEPTION (default)
2019-10-06 15:04:41,886 [pool-383-thread-1] INFO  storage.RaftStorageDirectory (RaftStorageDirectory.java:analyzeStorage(246)) - The storage directory /workdir/hadoop-ozone/integration-test/target/test-dir/MiniOzoneClusterImpl-dbd5195f-4e90-4a77-9b13-3d16538cf4e0/datanode-0/data/ratis/c1db738c-8870-40b6-8139-90d7a8b9067c does not exist. Creating ...
2019-10-06 15:04:41,896 [pool-393-thread-1] INFO  storage.RaftStorageDirectory (RaftStorageDirectory.java:tryLock(328)) - Lock on /workdir/hadoop-ozone/integration-test/target/test-dir/MiniOzoneClusterImpl-dbd5195f-4e90-4a77-9b13-3d16538cf4e0/datanode-1/data/ratis/c1db738c-8870-40b6-8139-90d7a8b9067c/in_use.lock acquired by nodename 26075@ozone-build-dev-hxm7v-1976773872
2019-10-06 15:04:41,896 [pool-403-thread-1] INFO  storage.RaftStorageDirectory (RaftStorageDirectory.java:tryLock(328)) - Lock on /workdir/hadoop-ozone/integration-test/target/test-dir/MiniOzoneClusterImpl-dbd5195f-4e90-4a77-9b13-3d16538cf4e0/datanode-2/data/ratis/c1db738c-8870-40b6-8139-90d7a8b9067c/in_use.lock acquired by nodename 26075@ozone-build-dev-hxm7v-1976773872
2019-10-06 15:04:41,896 [pool-383-thread-1] INFO  storage.RaftStorageDirectory (RaftStorageDirectory.java:tryLock(328)) - Lock on /workdir/hadoop-ozone/integration-test/target/test-dir/MiniOzoneClusterImpl-dbd5195f-4e90-4a77-9b13-3d16538cf4e0/datanode-0/data/ratis/c1db738c-8870-40b6-8139-90d7a8b9067c/in_use.lock acquired by nodename 26075@ozone-build-dev-hxm7v-1976773872
2019-10-06 15:04:41,909 [pool-403-thread-1] INFO  storage.RaftStorage (RaftStorage.java:format(84)) - Storage directory /workdir/hadoop-ozone/integration-test/target/test-dir/MiniOzoneClusterImpl-dbd5195f-4e90-4a77-9b13-3d16538cf4e0/datanode-2/data/ratis/c1db738c-8870-40b6-8139-90d7a8b9067c has been successfully formatted.
2019-10-06 15:04:41,909 [pool-393-thread-1] INFO  storage.RaftStorage (RaftStorage.java:format(84)) - Storage directory /workdir/hadoop-ozone/integration-test/target/test-dir/MiniOzoneClusterImpl-dbd5195f-4e90-4a77-9b13-3d16538cf4e0/datanode-1/data/ratis/c1db738c-8870-40b6-8139-90d7a8b9067c has been successfully formatted.
2019-10-06 15:04:41,909 [pool-383-thread-1] INFO  storage.RaftStorage (RaftStorage.java:format(84)) - Storage directory /workdir/hadoop-ozone/integration-test/target/test-dir/MiniOzoneClusterImpl-dbd5195f-4e90-4a77-9b13-3d16538cf4e0/datanode-0/data/ratis/c1db738c-8870-40b6-8139-90d7a8b9067c has been successfully formatted.
2019-10-06 15:04:41,910 [pool-403-thread-1] INFO  ratis.ContainerStateMachine (ContainerStateMachine.java:loadSnapshot(230)) - group-90D7A8B9067C: The snapshot info is null. Setting the last applied indexto:(t:0, i:~)
2019-10-06 15:04:41,910 [pool-393-thread-1] INFO  ratis.ContainerStateMachine (ContainerStateMachine.java:loadSnapshot(230)) - group-90D7A8B9067C: The snapshot info is null. Setting the last applied indexto:(t:0, i:~)
2019-10-06 15:04:41,910 [pool-383-thread-1] INFO  ratis.ContainerStateMachine (ContainerStateMachine.java:loadSnapshot(230)) - group-90D7A8B9067C: The snapshot info is null. Setting the last applied indexto:(t:0, i:~)
2019-10-06 15:04:41,910 [pool-393-thread-1] INFO  server.RaftServerConfigKeys (ConfUtils.java:logGet(43)) - raft.server.notification.no-leader.timeout = 120s (custom)
2019-10-06 15:04:41,910 [pool-403-thread-1] INFO  server.RaftServerConfigKeys (ConfUtils.java:logGet(43)) - raft.server.notification.no-leader.timeout = 120s (custom)
2019-10-06 15:04:41,910 [pool-393-thread-1] INFO  server.RaftServerConfigKeys (ConfUtils.java:logGet(43)) - raft.server.log.use.memory = false (default)
2019-10-06 15:04:41,910 [pool-383-thread-1] INFO  server.RaftServerConfigKeys (ConfUtils.java:logGet(43)) - raft.server.notification.no-leader.timeout = 120s (custom)
2019-10-06 15:04:41,910 [pool-393-thread-1] INFO  server.RaftServerConfigKeys (ConfUtils.java:logGet(43)) - raft.server.log.purge.gap = 1000000 (custom)
2019-10-06 15:04:41,910 [pool-403-thread-1] INFO  server.RaftServerConfigKeys (ConfUtils.java:logGet(43)) - raft.server.log.use.memory = false (default)
2019-10-06 15:04:41,911 [pool-393-thread-1] INFO  server.RaftServerConfigKeys (ConfUtils.java:logGet(43)) - raft.server.log.appender.buffer.byte-limit = 33554432 (custom)
2019-10-06 15:04:41,910 [pool-383-thread-1] INFO  server.RaftServerConfigKeys (ConfUtils.java:logGet(43)) - raft.server.log.use.memory = false (default)
2019-10-06 15:04:41,911 [pool-393-thread-1] INFO  server.RaftServerConfigKeys (ConfUtils.java:logGet(43)) - raft.server.log.segment.size.max = 1048576 (custom)
2019-10-06 15:04:41,911 [pool-403-thread-1] INFO  server.RaftServerConfigKeys (ConfUtils.java:logGet(43)) - raft.server.log.purge.gap = 1000000 (custom)
2019-10-06 15:04:41,911 [pool-393-thread-1] INFO  server.RaftServerConfigKeys (ConfUtils.java:logGet(43)) - raft.server.log.segment.cache.num.max = 2 (custom)
2019-10-06 15:04:41,911 [pool-383-thread-1] INFO  server.RaftServerConfigKeys (ConfUtils.java:logGet(43)) - raft.server.log.purge.gap = 1000000 (custom)
2019-10-06 15:04:41,911 [pool-393-thread-1] INFO  segmented.SegmentedRaftLogWorker (SegmentedRaftLogWorker.java:<init>(173)) - new 33e7fe1b-e424-48d0-b79d-ae156ba4b37e@group-90D7A8B9067C-SegmentedRaftLogWorker for RaftStorage:Storage Directory /workdir/hadoop-ozone/integration-test/target/test-dir/MiniOzoneClusterImpl-dbd5195f-4e90-4a77-9b13-3d16538cf4e0/datanode-1/data/ratis/c1db738c-8870-40b6-8139-90d7a8b9067c
2019-10-06 15:04:41,911 [pool-403-thread-1] INFO  server.RaftServerConfigKeys (ConfUtils.java:logGet(43)) - raft.server.log.appender.buffer.byte-limit = 33554432 (custom)
2019-10-06 15:04:41,912 [pool-393-thread-1] INFO  server.RaftServerConfigKeys (ConfUtils.java:logGet(43)) - raft.server.log.queue.byte-limit = 2147483647 (custom)
2019-10-06 15:04:41,911 [pool-383-thread-1] INFO  server.RaftServerConfigKeys (ConfUtils.java:logGet(43)) - raft.server.log.appender.buffer.byte-limit = 33554432 (custom)
2019-10-06 15:04:41,912 [pool-393-thread-1] INFO  server.RaftServerConfigKeys (ConfUtils.java:logGet(43)) - raft.server.log.queue.element-limit = 1024 (custom)
2019-10-06 15:04:41,912 [pool-403-thread-1] INFO  server.RaftServerConfigKeys (ConfUtils.java:logGet(43)) - raft.server.log.segment.size.max = 1048576 (custom)
2019-10-06 15:04:41,912 [pool-393-thread-1] INFO  server.RaftServerConfigKeys (ConfUtils.java:logGet(43)) - raft.server.log.segment.size.max = 1048576 (custom)
2019-10-06 15:04:41,912 [pool-383-thread-1] INFO  server.RaftServerConfigKeys (ConfUtils.java:logGet(43)) - raft.server.log.segment.size.max = 1048576 (custom)
2019-10-06 15:04:41,912 [pool-393-thread-1] INFO  server.RaftServerConfigKeys (ConfUtils.java:logGet(43)) - raft.server.log.preallocated.size = 16384 (custom)
2019-10-06 15:04:41,912 [pool-403-thread-1] INFO  server.RaftServerConfigKeys (ConfUtils.java:logGet(43)) - raft.server.log.segment.cache.num.max = 2 (custom)
2019-10-06 15:04:41,912 [pool-393-thread-1] INFO  server.RaftServerConfigKeys (ConfUtils.java:logGet(43)) - raft.server.log.write.buffer.size = 33554432 (custom)
2019-10-06 15:04:41,912 [pool-383-thread-1] INFO  server.RaftServerConfigKeys (ConfUtils.java:logGet(43)) - raft.server.log.segment.cache.num.max = 2 (custom)
2019-10-06 15:04:41,913 [pool-393-thread-1] INFO  server.RaftServerConfigKeys (ConfUtils.java:logGet(43)) - raft.server.log.force.sync.num = 128 (default)
2019-10-06 15:04:41,913 [pool-403-thread-1] INFO  segmented.SegmentedRaftLogWorker (SegmentedRaftLogWorker.java:<init>(173)) - new 0ea2a3ec-981c-4c7d-9819-1f140e5813e0@group-90D7A8B9067C-SegmentedRaftLogWorker for RaftStorage:Storage Directory /workdir/hadoop-ozone/integration-test/target/test-dir/MiniOzoneClusterImpl-dbd5195f-4e90-4a77-9b13-3d16538cf4e0/datanode-2/data/ratis/c1db738c-8870-40b6-8139-90d7a8b9067c
2019-10-06 15:04:41,913 [pool-393-thread-1] INFO  server.RaftServerConfigKeys (ConfUtils.java:logGet(43)) - raft.server.log.statemachine.data.sync = true (default)
2019-10-06 15:04:41,913 [pool-383-thread-1] INFO  segmented.SegmentedRaftLogWorker (SegmentedRaftLogWorker.java:<init>(173)) - new 4df6895e-8372-40b0-9618-c8659d8801e0@group-90D7A8B9067C-SegmentedRaftLogWorker for RaftStorage:Storage Directory /workdir/hadoop-ozone/integration-test/target/test-dir/MiniOzoneClusterImpl-dbd5195f-4e90-4a77-9b13-3d16538cf4e0/datanode-0/data/ratis/c1db738c-8870-40b6-8139-90d7a8b9067c
2019-10-06 15:04:41,913 [pool-393-thread-1] INFO  server.RaftServerConfigKeys (ConfUtils.java:logGet(43)) - raft.server.log.statemachine.data.sync.timeout = 10s (default)
2019-10-06 15:04:41,913 [pool-403-thread-1] INFO  server.RaftServerConfigKeys (ConfUtils.java:logGet(43)) - raft.server.log.queue.byte-limit = 2147483647 (custom)
2019-10-06 15:04:41,913 [pool-393-thread-1] INFO  server.RaftServerConfigKeys (ConfUtils.java:logGet(43)) - raft.server.log.statemachine.data.sync.timeout.retry = -1 (default)
2019-10-06 15:04:41,913 [pool-383-thread-1] INFO  server.RaftServerConfigKeys (ConfUtils.java:logGet(43)) - raft.server.log.queue.byte-limit = 2147483647 (custom)
2019-10-06 15:04:41,914 [pool-393-thread-1] INFO  server.RaftServerConfigKeys (ConfUtils.java:logGet(43)) - raft.server.log.statemachine.data.caching.enabled = true (custom)
2019-10-06 15:04:41,913 [pool-403-thread-1] INFO  server.RaftServerConfigKeys (ConfUtils.java:logGet(43)) - raft.server.log.queue.element-limit = 1024 (custom)
2019-10-06 15:04:41,914 [pool-383-thread-1] INFO  server.RaftServerConfigKeys (ConfUtils.java:logGet(43)) - raft.server.log.queue.element-limit = 1024 (custom)
2019-10-06 15:04:41,914 [pool-393-thread-1] INFO  segmented.SegmentedRaftLogWorker (SegmentedRaftLogWorker.java:lambda$new$0(128)) - 33e7fe1b-e424-48d0-b79d-ae156ba4b37e@group-90D7A8B9067C-SegmentedRaftLogWorker: flushIndex: setUnconditionally 0 -> -1
2019-10-06 15:04:41,914 [pool-403-thread-1] INFO  server.RaftServerConfigKeys (ConfUtils.java:logGet(43)) - raft.server.log.segment.size.max = 1048576 (custom)
2019-10-06 15:04:41,914 [pool-383-thread-1] INFO  server.RaftServerConfigKeys (ConfUtils.java:logGet(43)) - raft.server.log.segment.size.max = 1048576 (custom)
2019-10-06 15:04:41,914 [pool-393-thread-1] INFO  server.RaftServerConfigKeys (ConfUtils.java:logGet(43)) - raft.server.snapshot.auto.trigger.enabled = true (custom)
2019-10-06 15:04:41,914 [pool-403-thread-1] INFO  server.RaftServerConfigKeys (ConfUtils.java:logGet(43)) - raft.server.log.preallocated.size = 16384 (custom)
2019-10-06 15:04:41,914 [pool-393-thread-1] INFO  server.RaftServerConfigKeys (ConfUtils.java:logGet(43)) - raft.server.snapshot.auto.trigger.threshold = 10000 (custom)
2019-10-06 15:04:41,914 [pool-383-thread-1] INFO  server.RaftServerConfigKeys (ConfUtils.java:logGet(43)) - raft.server.log.preallocated.size = 16384 (custom)
2019-10-06 15:04:41,915 [pool-393-thread-1] INFO  server.RaftServerConfigKeys (ConfUtils.java:logGet(43)) - raft.server.snapshot.retention.file.num = 5 (custom)
2019-10-06 15:04:41,915 [pool-403-thread-1] INFO  server.RaftServerConfigKeys (ConfUtils.java:logGet(43)) - raft.server.log.write.buffer.size = 33554432 (custom)
2019-10-06 15:04:41,915 [pool-393-thread-1] INFO  server.RaftServerConfigKeys (ConfUtils.java:logGet(43)) - raft.server.retrycache.expirytime = 600000ms (custom)
2019-10-06 15:04:41,915 [pool-383-thread-1] INFO  server.RaftServerConfigKeys (ConfUtils.java:logGet(43)) - raft.server.log.write.buffer.size = 33554432 (custom)
2019-10-06 15:04:41,915 [pool-403-thread-1] INFO  server.RaftServerConfigKeys (ConfUtils.java:logGet(43)) - raft.server.log.force.sync.num = 128 (default)
2019-10-06 15:04:41,915 [pool-383-thread-1] INFO  server.RaftServerConfigKeys (ConfUtils.java:logGet(43)) - raft.server.log.force.sync.num = 128 (default)
2019-10-06 15:04:41,915 [pool-403-thread-1] INFO  server.RaftServerConfigKeys (ConfUtils.java:logGet(43)) - raft.server.log.statemachine.data.sync = true (default)
2019-10-06 15:04:41,915 [pool-383-thread-1] INFO  server.RaftServerConfigKeys (ConfUtils.java:logGet(43)) - raft.server.log.statemachine.data.sync = true (default)
2019-10-06 15:04:41,916 [pool-403-thread-1] INFO  server.RaftServerConfigKeys (ConfUtils.java:logGet(43)) - raft.server.log.statemachine.data.sync.timeout = 10s (default)
2019-10-06 15:04:41,916 [pool-383-thread-1] INFO  server.RaftServerConfigKeys (ConfUtils.java:logGet(43)) - raft.server.log.statemachine.data.sync.timeout = 10s (default)
2019-10-06 15:04:41,916 [pool-403-thread-1] INFO  server.RaftServerConfigKeys (ConfUtils.java:logGet(43)) - raft.server.log.statemachine.data.sync.timeout.retry = -1 (default)
2019-10-06 15:04:41,916 [pool-383-thread-1] INFO  server.RaftServerConfigKeys (ConfUtils.java:logGet(43)) - raft.server.log.statemachine.data.sync.timeout.retry = -1 (default)
2019-10-06 15:04:41,916 [pool-403-thread-1] INFO  server.RaftServerConfigKeys (ConfUtils.java:logGet(43)) - raft.server.log.statemachine.data.caching.enabled = true (custom)
2019-10-06 15:04:41,916 [pool-383-thread-1] INFO  server.RaftServerConfigKeys (ConfUtils.java:logGet(43)) - raft.server.log.statemachine.data.caching.enabled = true (custom)
2019-10-06 15:04:41,916 [pool-403-thread-1] INFO  segmented.SegmentedRaftLogWorker (SegmentedRaftLogWorker.java:lambda$new$0(128)) - 0ea2a3ec-981c-4c7d-9819-1f140e5813e0@group-90D7A8B9067C-SegmentedRaftLogWorker: flushIndex: setUnconditionally 0 -> -1
2019-10-06 15:04:41,916 [pool-383-thread-1] INFO  segmented.SegmentedRaftLogWorker (SegmentedRaftLogWorker.java:lambda$new$0(128)) - 4df6895e-8372-40b0-9618-c8659d8801e0@group-90D7A8B9067C-SegmentedRaftLogWorker: flushIndex: setUnconditionally 0 -> -1
2019-10-06 15:04:41,917 [pool-403-thread-1] INFO  server.RaftServerConfigKeys (ConfUtils.java:logGet(43)) - raft.server.snapshot.auto.trigger.enabled = true (custom)
2019-10-06 15:04:41,917 [pool-383-thread-1] INFO  server.RaftServerConfigKeys (ConfUtils.java:logGet(43)) - raft.server.snapshot.auto.trigger.enabled = true (custom)
2019-10-06 15:04:41,917 [pool-393-thread-1] INFO  impl.RaftServerImpl (RaftServerImpl.java:start(181)) - 33e7fe1b-e424-48d0-b79d-ae156ba4b37e@group-90D7A8B9067C: start as a follower, conf=-1: [4df6895e-8372-40b0-9618-c8659d8801e0:192.168.151.114:42253, 0ea2a3ec-981c-4c7d-9819-1f140e5813e0:192.168.151.114:45708, 33e7fe1b-e424-48d0-b79d-ae156ba4b37e:192.168.151.114:45058], old=null
2019-10-06 15:04:41,917 [pool-383-thread-1] INFO  server.RaftServerConfigKeys (ConfUtils.java:logGet(43)) - raft.server.snapshot.auto.trigger.threshold = 10000 (custom)
2019-10-06 15:04:41,917 [pool-403-thread-1] INFO  server.RaftServerConfigKeys (ConfUtils.java:logGet(43)) - raft.server.snapshot.auto.trigger.threshold = 10000 (custom)
2019-10-06 15:04:41,917 [pool-383-thread-1] INFO  server.RaftServerConfigKeys (ConfUtils.java:logGet(43)) - raft.server.snapshot.retention.file.num = 5 (custom)
2019-10-06 15:04:41,917 [pool-393-thread-1] INFO  impl.RaftServerImpl (RaftServerImpl.java:setRole(170)) - 33e7fe1b-e424-48d0-b79d-ae156ba4b37e@group-90D7A8B9067C: changes role from      null to FOLLOWER at term 0 for startAsFollower
2019-10-06 15:04:41,917 [pool-383-thread-1] INFO  server.RaftServerConfigKeys (ConfUtils.java:logGet(43)) - raft.server.retrycache.expirytime = 600000ms (custom)
2019-10-06 15:04:41,917 [pool-403-thread-1] INFO  server.RaftServerConfigKeys (ConfUtils.java:logGet(43)) - raft.server.snapshot.retention.file.num = 5 (custom)
2019-10-06 15:04:41,918 [pool-393-thread-1] INFO  impl.RoleInfo (RoleInfo.java:updateAndGet(143)) - 33e7fe1b-e424-48d0-b79d-ae156ba4b37e: start FollowerState
2019-10-06 15:04:41,918 [pool-403-thread-1] INFO  server.RaftServerConfigKeys (ConfUtils.java:logGet(43)) - raft.server.retrycache.expirytime = 600000ms (custom)
2019-10-06 15:04:41,918 [pool-393-thread-1] INFO  util.JmxRegister (JmxRegister.java:tryRegister(44)) - Successfully registered JMX Bean with object name Ratis:service=RaftServer,group=group-90D7A8B9067C,id=33e7fe1b-e424-48d0-b79d-ae156ba4b37e
2019-10-06 15:04:41,920 [pool-383-thread-1] INFO  impl.RaftServerImpl (RaftServerImpl.java:start(181)) - 4df6895e-8372-40b0-9618-c8659d8801e0@group-90D7A8B9067C: start as a follower, conf=-1: [4df6895e-8372-40b0-9618-c8659d8801e0:192.168.151.114:42253, 0ea2a3ec-981c-4c7d-9819-1f140e5813e0:192.168.151.114:45708, 33e7fe1b-e424-48d0-b79d-ae156ba4b37e:192.168.151.114:45058], old=null
2019-10-06 15:04:41,920 [pool-383-thread-1] INFO  impl.RaftServerImpl (RaftServerImpl.java:setRole(170)) - 4df6895e-8372-40b0-9618-c8659d8801e0@group-90D7A8B9067C: changes role from      null to FOLLOWER at term 0 for startAsFollower
2019-10-06 15:04:41,920 [pool-383-thread-1] INFO  impl.RoleInfo (RoleInfo.java:updateAndGet(143)) - 4df6895e-8372-40b0-9618-c8659d8801e0: start FollowerState
2019-10-06 15:04:41,920 [pool-383-thread-1] INFO  util.JmxRegister (JmxRegister.java:tryRegister(44)) - Successfully registered JMX Bean with object name Ratis:service=RaftServer,group=group-90D7A8B9067C,id=4df6895e-8372-40b0-9618-c8659d8801e0
2019-10-06 15:04:41,921 [pool-403-thread-1] INFO  impl.RaftServerImpl (RaftServerImpl.java:start(181)) - 0ea2a3ec-981c-4c7d-9819-1f140e5813e0@group-90D7A8B9067C: start as a follower, conf=-1: [4df6895e-8372-40b0-9618-c8659d8801e0:192.168.151.114:42253, 0ea2a3ec-981c-4c7d-9819-1f140e5813e0:192.168.151.114:45708, 33e7fe1b-e424-48d0-b79d-ae156ba4b37e:192.168.151.114:45058], old=null
2019-10-06 15:04:41,921 [pool-403-thread-1] INFO  impl.RaftServerImpl (RaftServerImpl.java:setRole(170)) - 0ea2a3ec-981c-4c7d-9819-1f140e5813e0@group-90D7A8B9067C: changes role from      null to FOLLOWER at term 0 for startAsFollower
2019-10-06 15:04:41,922 [pool-403-thread-1] INFO  impl.RoleInfo (RoleInfo.java:updateAndGet(143)) - 0ea2a3ec-981c-4c7d-9819-1f140e5813e0: start FollowerState
2019-10-06 15:04:41,922 [pool-403-thread-1] INFO  util.JmxRegister (JmxRegister.java:tryRegister(44)) - Successfully registered JMX Bean with object name Ratis:service=RaftServer,group=group-90D7A8B9067C,id=0ea2a3ec-981c-4c7d-9819-1f140e5813e0
2019-10-06 15:04:41,925 [RatisPipelineUtilsThread] INFO  pipeline.PipelineStateManager (PipelineStateManager.java:addPipeline(56)) - Created pipeline Pipeline[ Id: c1db738c-8870-40b6-8139-90d7a8b9067c, Nodes: 33e7fe1b-e424-48d0-b79d-ae156ba4b37e{ip: 192.168.151.114, host: ozone-build-dev-hxm7v-1976773872, networkLocation: /default-rack, certSerialId: null}0ea2a3ec-981c-4c7d-9819-1f140e5813e0{ip: 192.168.151.114, host: ozone-build-dev-hxm7v-1976773872, networkLocation: /default-rack, certSerialId: null}4df6895e-8372-40b0-9618-c8659d8801e0{ip: 192.168.151.114, host: ozone-build-dev-hxm7v-1976773872, networkLocation: /default-rack, certSerialId: null}, Type:RATIS, Factor:THREE, State:OPEN]
2019-10-06 15:04:41,953 [IPC Server handler 6 on 43746] INFO  net.NetworkTopology (NetworkTopologyImpl.java:add(111)) - Added a new node: /default-rack/2b462bdc-4a11-468f-a7d5-18f7a662c5c1
2019-10-06 15:04:41,954 [IPC Server handler 6 on 43746] INFO  node.SCMNodeManager (SCMNodeManager.java:register(268)) - Registered Data node : 2b462bdc-4a11-468f-a7d5-18f7a662c5c1{ip: 192.168.151.114, host: ozone-build-dev-hxm7v-1976773872, networkLocation: /default-rack, certSerialId: null}
2019-10-06 15:04:41,961 [grpc-default-executor-9] INFO  impl.RaftServerProxy (RaftServerProxy.java:addNew(89)) - 828fbc95-c8a6-4083-b752-922978508eb1: addNew group-D7BE0F97956B:[828fbc95-c8a6-4083-b752-922978508eb1:192.168.151.114:35311] returns group-D7BE0F97956B:java.util.concurrent.CompletableFuture@5bbeb5be[Not completed]
2019-10-06 15:04:41,965 [pool-413-thread-1] INFO  impl.RaftServerImpl (RaftServerImpl.java:<init>(95)) - 828fbc95-c8a6-4083-b752-922978508eb1: new RaftServerImpl for group-D7BE0F97956B:[828fbc95-c8a6-4083-b752-922978508eb1:192.168.151.114:35311] with ContainerStateMachine:uninitialized
2019-10-06 15:04:41,965 [pool-413-thread-1] INFO  server.RaftServerConfigKeys (ConfUtils.java:logGet(43)) - raft.server.rpc.timeout.min = 5s (custom)
2019-10-06 15:04:41,965 [pool-413-thread-1] INFO  server.RaftServerConfigKeys (ConfUtils.java:logGet(43)) - raft.server.rpc.timeout.max = 5200ms (custom)
2019-10-06 15:04:41,965 [pool-413-thread-1] INFO  server.RaftServerConfigKeys (ConfUtils.java:logGet(43)) - raft.server.rpcslowness.timeout = 120s (custom)
2019-10-06 15:04:41,965 [pool-413-thread-1] INFO  server.RaftServerConfigKeys (ConfUtils.java:logGet(43)) - raft.server.sleep.deviation.threshold = 300 (default)
2019-10-06 15:04:41,965 [pool-413-thread-1] INFO  server.RaftServerConfigKeys (ConfUtils.java:logGet(43)) - raft.server.log.appender.install.snapshot.enabled = false (custom)
2019-10-06 15:04:41,965 [pool-413-thread-1] INFO  impl.RaftServerImpl (ServerState.java:<init>(103)) - 828fbc95-c8a6-4083-b752-922978508eb1@group-D7BE0F97956B: ConfigurationManager, init=-1: [828fbc95-c8a6-4083-b752-922978508eb1:192.168.151.114:35311], old=null, confs=<EMPTY_MAP>
2019-10-06 15:04:41,966 [pool-413-thread-1] INFO  server.RaftServerConfigKeys (ConfUtils.java:logGet(43)) - raft.server.storage.dir = [/workdir/hadoop-ozone/integration-test/target/test-dir/MiniOzoneClusterImpl-dbd5195f-4e90-4a77-9b13-3d16538cf4e0/datanode-3/data/ratis] (custom)
2019-10-06 15:04:41,966 [pool-413-thread-1] INFO  server.RaftServerConfigKeys (ConfUtils.java:logGet(43)) - raft.server.log.corruption.policy = EXCEPTION (default)
2019-10-06 15:04:41,966 [pool-413-thread-1] INFO  storage.RaftStorageDirectory (RaftStorageDirectory.java:analyzeStorage(246)) - The storage directory /workdir/hadoop-ozone/integration-test/target/test-dir/MiniOzoneClusterImpl-dbd5195f-4e90-4a77-9b13-3d16538cf4e0/datanode-3/data/ratis/14563e86-9631-46f9-825a-d7be0f97956b does not exist. Creating ...
2019-10-06 15:04:41,979 [pool-413-thread-1] INFO  storage.RaftStorageDirectory (RaftStorageDirectory.java:tryLock(328)) - Lock on /workdir/hadoop-ozone/integration-test/target/test-dir/MiniOzoneClusterImpl-dbd5195f-4e90-4a77-9b13-3d16538cf4e0/datanode-3/data/ratis/14563e86-9631-46f9-825a-d7be0f97956b/in_use.lock acquired by nodename 26075@ozone-build-dev-hxm7v-1976773872
2019-10-06 15:04:41,998 [pool-413-thread-1] INFO  storage.RaftStorage (RaftStorage.java:format(84)) - Storage directory /workdir/hadoop-ozone/integration-test/target/test-dir/MiniOzoneClusterImpl-dbd5195f-4e90-4a77-9b13-3d16538cf4e0/datanode-3/data/ratis/14563e86-9631-46f9-825a-d7be0f97956b has been successfully formatted.
2019-10-06 15:04:41,999 [pool-413-thread-1] INFO  ratis.ContainerStateMachine (ContainerStateMachine.java:loadSnapshot(230)) - group-D7BE0F97956B: The snapshot info is null. Setting the last applied indexto:(t:0, i:~)
2019-10-06 15:04:41,999 [pool-413-thread-1] INFO  server.RaftServerConfigKeys (ConfUtils.java:logGet(43)) - raft.server.notification.no-leader.timeout = 120s (custom)
2019-10-06 15:04:41,999 [pool-413-thread-1] INFO  server.RaftServerConfigKeys (ConfUtils.java:logGet(43)) - raft.server.log.use.memory = false (default)
2019-10-06 15:04:41,999 [pool-413-thread-1] INFO  server.RaftServerConfigKeys (ConfUtils.java:logGet(43)) - raft.server.log.purge.gap = 1000000 (custom)
2019-10-06 15:04:41,999 [pool-413-thread-1] INFO  server.RaftServerConfigKeys (ConfUtils.java:logGet(43)) - raft.server.log.appender.buffer.byte-limit = 33554432 (custom)
2019-10-06 15:04:41,999 [pool-413-thread-1] INFO  server.RaftServerConfigKeys (ConfUtils.java:logGet(43)) - raft.server.log.segment.size.max = 1048576 (custom)
2019-10-06 15:04:42,001 [pool-413-thread-1] INFO  server.RaftServerConfigKeys (ConfUtils.java:logGet(43)) - raft.server.log.segment.cache.num.max = 2 (custom)
2019-10-06 15:04:42,001 [pool-413-thread-1] INFO  segmented.SegmentedRaftLogWorker (SegmentedRaftLogWorker.java:<init>(173)) - new 828fbc95-c8a6-4083-b752-922978508eb1@group-D7BE0F97956B-SegmentedRaftLogWorker for RaftStorage:Storage Directory /workdir/hadoop-ozone/integration-test/target/test-dir/MiniOzoneClusterImpl-dbd5195f-4e90-4a77-9b13-3d16538cf4e0/datanode-3/data/ratis/14563e86-9631-46f9-825a-d7be0f97956b
2019-10-06 15:04:42,001 [pool-413-thread-1] INFO  server.RaftServerConfigKeys (ConfUtils.java:logGet(43)) - raft.server.log.queue.byte-limit = 2147483647 (custom)
2019-10-06 15:04:42,002 [pool-413-thread-1] INFO  server.RaftServerConfigKeys (ConfUtils.java:logGet(43)) - raft.server.log.queue.element-limit = 1024 (custom)
2019-10-06 15:04:42,002 [pool-413-thread-1] INFO  server.RaftServerConfigKeys (ConfUtils.java:logGet(43)) - raft.server.log.segment.size.max = 1048576 (custom)
2019-10-06 15:04:42,002 [pool-413-thread-1] INFO  server.RaftServerConfigKeys (ConfUtils.java:logGet(43)) - raft.server.log.preallocated.size = 16384 (custom)
2019-10-06 15:04:42,002 [pool-413-thread-1] INFO  server.RaftServerConfigKeys (ConfUtils.java:logGet(43)) - raft.server.log.write.buffer.size = 33554432 (custom)
2019-10-06 15:04:42,002 [pool-413-thread-1] INFO  server.RaftServerConfigKeys (ConfUtils.java:logGet(43)) - raft.server.log.force.sync.num = 128 (default)
2019-10-06 15:04:42,002 [pool-413-thread-1] INFO  server.RaftServerConfigKeys (ConfUtils.java:logGet(43)) - raft.server.log.statemachine.data.sync = true (default)
2019-10-06 15:04:42,002 [pool-413-thread-1] INFO  server.RaftServerConfigKeys (ConfUtils.java:logGet(43)) - raft.server.log.statemachine.data.sync.timeout = 10s (default)
2019-10-06 15:04:42,003 [pool-413-thread-1] INFO  server.RaftServerConfigKeys (ConfUtils.java:logGet(43)) - raft.server.log.statemachine.data.sync.timeout.retry = -1 (default)
2019-10-06 15:04:42,003 [pool-413-thread-1] INFO  server.RaftServerConfigKeys (ConfUtils.java:logGet(43)) - raft.server.log.statemachine.data.caching.enabled = true (custom)
2019-10-06 15:04:42,003 [pool-413-thread-1] INFO  segmented.SegmentedRaftLogWorker (SegmentedRaftLogWorker.java:lambda$new$0(128)) - 828fbc95-c8a6-4083-b752-922978508eb1@group-D7BE0F97956B-SegmentedRaftLogWorker: flushIndex: setUnconditionally 0 -> -1
2019-10-06 15:04:42,004 [pool-413-thread-1] INFO  server.RaftServerConfigKeys (ConfUtils.java:logGet(43)) - raft.server.snapshot.auto.trigger.enabled = true (custom)
2019-10-06 15:04:42,004 [pool-413-thread-1] INFO  server.RaftServerConfigKeys (ConfUtils.java:logGet(43)) - raft.server.snapshot.auto.trigger.threshold = 10000 (custom)
2019-10-06 15:04:42,004 [pool-413-thread-1] INFO  server.RaftServerConfigKeys (ConfUtils.java:logGet(43)) - raft.server.snapshot.retention.file.num = 5 (custom)
2019-10-06 15:04:42,004 [pool-413-thread-1] INFO  server.RaftServerConfigKeys (ConfUtils.java:logGet(43)) - raft.server.retrycache.expirytime = 600000ms (custom)
2019-10-06 15:04:42,006 [pool-413-thread-1] INFO  impl.RaftServerImpl (RaftServerImpl.java:start(181)) - 828fbc95-c8a6-4083-b752-922978508eb1@group-D7BE0F97956B: start as a follower, conf=-1: [828fbc95-c8a6-4083-b752-922978508eb1:192.168.151.114:35311], old=null
2019-10-06 15:04:42,006 [pool-413-thread-1] INFO  impl.RaftServerImpl (RaftServerImpl.java:setRole(170)) - 828fbc95-c8a6-4083-b752-922978508eb1@group-D7BE0F97956B: changes role from      null to FOLLOWER at term 0 for startAsFollower
2019-10-06 15:04:42,006 [pool-413-thread-1] INFO  impl.RoleInfo (RoleInfo.java:updateAndGet(143)) - 828fbc95-c8a6-4083-b752-922978508eb1: start FollowerState
2019-10-06 15:04:42,006 [pool-413-thread-1] INFO  util.JmxRegister (JmxRegister.java:tryRegister(44)) - Successfully registered JMX Bean with object name Ratis:service=RaftServer,group=group-D7BE0F97956B,id=828fbc95-c8a6-4083-b752-922978508eb1
2019-10-06 15:04:42,010 [RatisPipelineUtilsThread] INFO  pipeline.PipelineStateManager (PipelineStateManager.java:addPipeline(56)) - Created pipeline Pipeline[ Id: 14563e86-9631-46f9-825a-d7be0f97956b, Nodes: 828fbc95-c8a6-4083-b752-922978508eb1{ip: 192.168.151.114, host: ozone-build-dev-hxm7v-1976773872, networkLocation: /default-rack, certSerialId: null}, Type:RATIS, Factor:ONE, State:OPEN]
2019-10-06 15:04:42,017 [grpc-default-executor-9] INFO  impl.RaftServerProxy (RaftServerProxy.java:addNew(89)) - 2b462bdc-4a11-468f-a7d5-18f7a662c5c1: addNew group-2531ADF7FF41:[2b462bdc-4a11-468f-a7d5-18f7a662c5c1:192.168.151.114:43321] returns group-2531ADF7FF41:java.util.concurrent.CompletableFuture@6e073734[Not completed]
2019-10-06 15:04:42,018 [pool-423-thread-1] INFO  impl.RaftServerImpl (RaftServerImpl.java:<init>(95)) - 2b462bdc-4a11-468f-a7d5-18f7a662c5c1: new RaftServerImpl for group-2531ADF7FF41:[2b462bdc-4a11-468f-a7d5-18f7a662c5c1:192.168.151.114:43321] with ContainerStateMachine:uninitialized
2019-10-06 15:04:42,019 [pool-423-thread-1] INFO  server.RaftServerConfigKeys (ConfUtils.java:logGet(43)) - raft.server.rpc.timeout.min = 5s (custom)
2019-10-06 15:04:42,019 [pool-423-thread-1] INFO  server.RaftServerConfigKeys (ConfUtils.java:logGet(43)) - raft.server.rpc.timeout.max = 5200ms (custom)
2019-10-06 15:04:42,019 [pool-423-thread-1] INFO  server.RaftServerConfigKeys (ConfUtils.java:logGet(43)) - raft.server.rpcslowness.timeout = 120s (custom)
2019-10-06 15:04:42,019 [pool-423-thread-1] INFO  server.RaftServerConfigKeys (ConfUtils.java:logGet(43)) - raft.server.sleep.deviation.threshold = 300 (default)
2019-10-06 15:04:42,019 [pool-423-thread-1] INFO  server.RaftServerConfigKeys (ConfUtils.java:logGet(43)) - raft.server.log.appender.install.snapshot.enabled = false (custom)
2019-10-06 15:04:42,019 [pool-423-thread-1] INFO  impl.RaftServerImpl (ServerState.java:<init>(103)) - 2b462bdc-4a11-468f-a7d5-18f7a662c5c1@group-2531ADF7FF41: ConfigurationManager, init=-1: [2b462bdc-4a11-468f-a7d5-18f7a662c5c1:192.168.151.114:43321], old=null, confs=<EMPTY_MAP>
2019-10-06 15:04:42,019 [IPC Server handler 0 on 43746] INFO  net.NetworkTopology (NetworkTopologyImpl.java:add(111)) - Added a new node: /default-rack/c890bc22-944a-4f38-b160-ae434527e171
2019-10-06 15:04:42,019 [pool-423-thread-1] INFO  server.RaftServerConfigKeys (ConfUtils.java:logGet(43)) - raft.server.storage.dir = [/workdir/hadoop-ozone/integration-test/target/test-dir/MiniOzoneClusterImpl-dbd5195f-4e90-4a77-9b13-3d16538cf4e0/datanode-4/data/ratis] (custom)
2019-10-06 15:04:42,020 [IPC Server handler 0 on 43746] INFO  node.SCMNodeManager (SCMNodeManager.java:register(268)) - Registered Data node : c890bc22-944a-4f38-b160-ae434527e171{ip: 192.168.151.114, host: ozone-build-dev-hxm7v-1976773872, networkLocation: /default-rack, certSerialId: null}
2019-10-06 15:04:42,020 [pool-423-thread-1] INFO  server.RaftServerConfigKeys (ConfUtils.java:logGet(43)) - raft.server.log.corruption.policy = EXCEPTION (default)
2019-10-06 15:04:42,020 [pool-423-thread-1] INFO  storage.RaftStorageDirectory (RaftStorageDirectory.java:analyzeStorage(246)) - The storage directory /workdir/hadoop-ozone/integration-test/target/test-dir/MiniOzoneClusterImpl-dbd5195f-4e90-4a77-9b13-3d16538cf4e0/datanode-4/data/ratis/5b1ec5b5-806b-4974-b771-2531adf7ff41 does not exist. Creating ...
2019-10-06 15:04:42,033 [pool-423-thread-1] INFO  storage.RaftStorageDirectory (RaftStorageDirectory.java:tryLock(328)) - Lock on /workdir/hadoop-ozone/integration-test/target/test-dir/MiniOzoneClusterImpl-dbd5195f-4e90-4a77-9b13-3d16538cf4e0/datanode-4/data/ratis/5b1ec5b5-806b-4974-b771-2531adf7ff41/in_use.lock acquired by nodename 26075@ozone-build-dev-hxm7v-1976773872
2019-10-06 15:04:42,046 [pool-423-thread-1] INFO  storage.RaftStorage (RaftStorage.java:format(84)) - Storage directory /workdir/hadoop-ozone/integration-test/target/test-dir/MiniOzoneClusterImpl-dbd5195f-4e90-4a77-9b13-3d16538cf4e0/datanode-4/data/ratis/5b1ec5b5-806b-4974-b771-2531adf7ff41 has been successfully formatted.
2019-10-06 15:04:42,047 [pool-423-thread-1] INFO  ratis.ContainerStateMachine (ContainerStateMachine.java:loadSnapshot(230)) - group-2531ADF7FF41: The snapshot info is null. Setting the last applied indexto:(t:0, i:~)
2019-10-06 15:04:42,047 [pool-423-thread-1] INFO  server.RaftServerConfigKeys (ConfUtils.java:logGet(43)) - raft.server.notification.no-leader.timeout = 120s (custom)
2019-10-06 15:04:42,047 [pool-423-thread-1] INFO  server.RaftServerConfigKeys (ConfUtils.java:logGet(43)) - raft.server.log.use.memory = false (default)
2019-10-06 15:04:42,047 [pool-423-thread-1] INFO  server.RaftServerConfigKeys (ConfUtils.java:logGet(43)) - raft.server.log.purge.gap = 1000000 (custom)
2019-10-06 15:04:42,047 [pool-423-thread-1] INFO  server.RaftServerConfigKeys (ConfUtils.java:logGet(43)) - raft.server.log.appender.buffer.byte-limit = 33554432 (custom)
2019-10-06 15:04:42,047 [pool-423-thread-1] INFO  server.RaftServerConfigKeys (ConfUtils.java:logGet(43)) - raft.server.log.segment.size.max = 1048576 (custom)
2019-10-06 15:04:42,049 [pool-423-thread-1] INFO  server.RaftServerConfigKeys (ConfUtils.java:logGet(43)) - raft.server.log.segment.cache.num.max = 2 (custom)
2019-10-06 15:04:42,049 [pool-423-thread-1] INFO  segmented.SegmentedRaftLogWorker (SegmentedRaftLogWorker.java:<init>(173)) - new 2b462bdc-4a11-468f-a7d5-18f7a662c5c1@group-2531ADF7FF41-SegmentedRaftLogWorker for RaftStorage:Storage Directory /workdir/hadoop-ozone/integration-test/target/test-dir/MiniOzoneClusterImpl-dbd5195f-4e90-4a77-9b13-3d16538cf4e0/datanode-4/data/ratis/5b1ec5b5-806b-4974-b771-2531adf7ff41
2019-10-06 15:04:42,049 [pool-423-thread-1] INFO  server.RaftServerConfigKeys (ConfUtils.java:logGet(43)) - raft.server.log.queue.byte-limit = 2147483647 (custom)
2019-10-06 15:04:42,049 [pool-423-thread-1] INFO  server.RaftServerConfigKeys (ConfUtils.java:logGet(43)) - raft.server.log.queue.element-limit = 1024 (custom)
2019-10-06 15:04:42,049 [pool-423-thread-1] INFO  server.RaftServerConfigKeys (ConfUtils.java:logGet(43)) - raft.server.log.segment.size.max = 1048576 (custom)
2019-10-06 15:04:42,049 [pool-423-thread-1] INFO  server.RaftServerConfigKeys (ConfUtils.java:logGet(43)) - raft.server.log.preallocated.size = 16384 (custom)
2019-10-06 15:04:42,049 [pool-423-thread-1] INFO  server.RaftServerConfigKeys (ConfUtils.java:logGet(43)) - raft.server.log.write.buffer.size = 33554432 (custom)
2019-10-06 15:04:42,049 [pool-423-thread-1] INFO  server.RaftServerConfigKeys (ConfUtils.java:logGet(43)) - raft.server.log.force.sync.num = 128 (default)
2019-10-06 15:04:42,050 [pool-423-thread-1] INFO  server.RaftServerConfigKeys (ConfUtils.java:logGet(43)) - raft.server.log.statemachine.data.sync = true (default)
2019-10-06 15:04:42,050 [pool-423-thread-1] INFO  server.RaftServerConfigKeys (ConfUtils.java:logGet(43)) - raft.server.log.statemachine.data.sync.timeout = 10s (default)
2019-10-06 15:04:42,050 [pool-423-thread-1] INFO  server.RaftServerConfigKeys (ConfUtils.java:logGet(43)) - raft.server.log.statemachine.data.sync.timeout.retry = -1 (default)
2019-10-06 15:04:42,050 [pool-423-thread-1] INFO  server.RaftServerConfigKeys (ConfUtils.java:logGet(43)) - raft.server.log.statemachine.data.caching.enabled = true (custom)
2019-10-06 15:04:42,050 [pool-423-thread-1] INFO  segmented.SegmentedRaftLogWorker (SegmentedRaftLogWorker.java:lambda$new$0(128)) - 2b462bdc-4a11-468f-a7d5-18f7a662c5c1@group-2531ADF7FF41-SegmentedRaftLogWorker: flushIndex: setUnconditionally 0 -> -1
2019-10-06 15:04:42,051 [pool-423-thread-1] INFO  server.RaftServerConfigKeys (ConfUtils.java:logGet(43)) - raft.server.snapshot.auto.trigger.enabled = true (custom)
2019-10-06 15:04:42,051 [pool-423-thread-1] INFO  server.RaftServerConfigKeys (ConfUtils.java:logGet(43)) - raft.server.snapshot.auto.trigger.threshold = 10000 (custom)
2019-10-06 15:04:42,051 [pool-423-thread-1] INFO  server.RaftServerConfigKeys (ConfUtils.java:logGet(43)) - raft.server.snapshot.retention.file.num = 5 (custom)
2019-10-06 15:04:42,051 [pool-423-thread-1] INFO  server.RaftServerConfigKeys (ConfUtils.java:logGet(43)) - raft.server.retrycache.expirytime = 600000ms (custom)
2019-10-06 15:04:42,052 [pool-423-thread-1] INFO  impl.RaftServerImpl (RaftServerImpl.java:start(181)) - 2b462bdc-4a11-468f-a7d5-18f7a662c5c1@group-2531ADF7FF41: start as a follower, conf=-1: [2b462bdc-4a11-468f-a7d5-18f7a662c5c1:192.168.151.114:43321], old=null
2019-10-06 15:04:42,053 [pool-423-thread-1] INFO  impl.RaftServerImpl (RaftServerImpl.java:setRole(170)) - 2b462bdc-4a11-468f-a7d5-18f7a662c5c1@group-2531ADF7FF41: changes role from      null to FOLLOWER at term 0 for startAsFollower
2019-10-06 15:04:42,053 [pool-423-thread-1] INFO  impl.RoleInfo (RoleInfo.java:updateAndGet(143)) - 2b462bdc-4a11-468f-a7d5-18f7a662c5c1: start FollowerState
2019-10-06 15:04:42,053 [pool-423-thread-1] INFO  util.JmxRegister (JmxRegister.java:tryRegister(44)) - Successfully registered JMX Bean with object name Ratis:service=RaftServer,group=group-2531ADF7FF41,id=2b462bdc-4a11-468f-a7d5-18f7a662c5c1
2019-10-06 15:04:42,057 [RatisPipelineUtilsThread] INFO  pipeline.PipelineStateManager (PipelineStateManager.java:addPipeline(56)) - Created pipeline Pipeline[ Id: 5b1ec5b5-806b-4974-b771-2531adf7ff41, Nodes: 2b462bdc-4a11-468f-a7d5-18f7a662c5c1{ip: 192.168.151.114, host: ozone-build-dev-hxm7v-1976773872, networkLocation: /default-rack, certSerialId: null}, Type:RATIS, Factor:ONE, State:OPEN]
2019-10-06 15:04:42,063 [grpc-default-executor-9] INFO  impl.RaftServerProxy (RaftServerProxy.java:addNew(89)) - c890bc22-944a-4f38-b160-ae434527e171: addNew group-2D8E1F943989:[c890bc22-944a-4f38-b160-ae434527e171:192.168.151.114:39070] returns group-2D8E1F943989:java.util.concurrent.CompletableFuture@5d968bf[Not completed]
2019-10-06 15:04:42,064 [pool-433-thread-1] INFO  impl.RaftServerImpl (RaftServerImpl.java:<init>(95)) - c890bc22-944a-4f38-b160-ae434527e171: new RaftServerImpl for group-2D8E1F943989:[c890bc22-944a-4f38-b160-ae434527e171:192.168.151.114:39070] with ContainerStateMachine:uninitialized
2019-10-06 15:04:42,064 [pool-433-thread-1] INFO  server.RaftServerConfigKeys (ConfUtils.java:logGet(43)) - raft.server.rpc.timeout.min = 5s (custom)
2019-10-06 15:04:42,064 [pool-433-thread-1] INFO  server.RaftServerConfigKeys (ConfUtils.java:logGet(43)) - raft.server.rpc.timeout.max = 5200ms (custom)
2019-10-06 15:04:42,064 [pool-433-thread-1] INFO  server.RaftServerConfigKeys (ConfUtils.java:logGet(43)) - raft.server.rpcslowness.timeout = 120s (custom)
2019-10-06 15:04:42,065 [pool-433-thread-1] INFO  server.RaftServerConfigKeys (ConfUtils.java:logGet(43)) - raft.server.sleep.deviation.threshold = 300 (default)
2019-10-06 15:04:42,065 [pool-433-thread-1] INFO  server.RaftServerConfigKeys (ConfUtils.java:logGet(43)) - raft.server.log.appender.install.snapshot.enabled = false (custom)
2019-10-06 15:04:42,065 [pool-433-thread-1] INFO  impl.RaftServerImpl (ServerState.java:<init>(103)) - c890bc22-944a-4f38-b160-ae434527e171@group-2D8E1F943989: ConfigurationManager, init=-1: [c890bc22-944a-4f38-b160-ae434527e171:192.168.151.114:39070], old=null, confs=<EMPTY_MAP>
2019-10-06 15:04:42,065 [pool-433-thread-1] INFO  server.RaftServerConfigKeys (ConfUtils.java:logGet(43)) - raft.server.storage.dir = [/workdir/hadoop-ozone/integration-test/target/test-dir/MiniOzoneClusterImpl-dbd5195f-4e90-4a77-9b13-3d16538cf4e0/datanode-5/data/ratis] (custom)
2019-10-06 15:04:42,065 [pool-433-thread-1] INFO  server.RaftServerConfigKeys (ConfUtils.java:logGet(43)) - raft.server.log.corruption.policy = EXCEPTION (default)
2019-10-06 15:04:42,065 [pool-433-thread-1] INFO  storage.RaftStorageDirectory (RaftStorageDirectory.java:analyzeStorage(246)) - The storage directory /workdir/hadoop-ozone/integration-test/target/test-dir/MiniOzoneClusterImpl-dbd5195f-4e90-4a77-9b13-3d16538cf4e0/datanode-5/data/ratis/d1af5f6e-8a8c-461e-a124-2d8e1f943989 does not exist. Creating ...
2019-10-06 15:04:42,079 [pool-433-thread-1] INFO  storage.RaftStorageDirectory (RaftStorageDirectory.java:tryLock(328)) - Lock on /workdir/hadoop-ozone/integration-test/target/test-dir/MiniOzoneClusterImpl-dbd5195f-4e90-4a77-9b13-3d16538cf4e0/datanode-5/data/ratis/d1af5f6e-8a8c-461e-a124-2d8e1f943989/in_use.lock acquired by nodename 26075@ozone-build-dev-hxm7v-1976773872
2019-10-06 15:04:42,092 [pool-433-thread-1] INFO  storage.RaftStorage (RaftStorage.java:format(84)) - Storage directory /workdir/hadoop-ozone/integration-test/target/test-dir/MiniOzoneClusterImpl-dbd5195f-4e90-4a77-9b13-3d16538cf4e0/datanode-5/data/ratis/d1af5f6e-8a8c-461e-a124-2d8e1f943989 has been successfully formatted.
2019-10-06 15:04:42,092 [pool-433-thread-1] INFO  ratis.ContainerStateMachine (ContainerStateMachine.java:loadSnapshot(230)) - group-2D8E1F943989: The snapshot info is null. Setting the last applied indexto:(t:0, i:~)
2019-10-06 15:04:42,092 [pool-433-thread-1] INFO  server.RaftServerConfigKeys (ConfUtils.java:logGet(43)) - raft.server.notification.no-leader.timeout = 120s (custom)
2019-10-06 15:04:42,092 [pool-433-thread-1] INFO  server.RaftServerConfigKeys (ConfUtils.java:logGet(43)) - raft.server.log.use.memory = false (default)
2019-10-06 15:04:42,092 [pool-433-thread-1] INFO  server.RaftServerConfigKeys (ConfUtils.java:logGet(43)) - raft.server.log.purge.gap = 1000000 (custom)
2019-10-06 15:04:42,093 [pool-433-thread-1] INFO  server.RaftServerConfigKeys (ConfUtils.java:logGet(43)) - raft.server.log.appender.buffer.byte-limit = 33554432 (custom)
2019-10-06 15:04:42,093 [pool-433-thread-1] INFO  server.RaftServerConfigKeys (ConfUtils.java:logGet(43)) - raft.server.log.segment.size.max = 1048576 (custom)
2019-10-06 15:04:42,094 [IPC Server handler 1 on 43746] INFO  net.NetworkTopology (NetworkTopologyImpl.java:add(111)) - Added a new node: /default-rack/ae2470a9-5e75-41f7-83f3-17d4bf1da86c
2019-10-06 15:04:42,094 [IPC Server handler 1 on 43746] INFO  node.SCMNodeManager (SCMNodeManager.java:register(268)) - Registered Data node : ae2470a9-5e75-41f7-83f3-17d4bf1da86c{ip: 192.168.151.114, host: ozone-build-dev-hxm7v-1976773872, networkLocation: /default-rack, certSerialId: null}
2019-10-06 15:04:42,094 [main] INFO  ozone.MiniOzoneClusterImpl (MiniOzoneClusterImpl.java:lambda$waitForClusterToBeReady$0(147)) - Cluster is ready. Got 7 of 7 DN Heartbeats.
2019-10-06 15:04:42,094 [pool-433-thread-1] INFO  server.RaftServerConfigKeys (ConfUtils.java:logGet(43)) - raft.server.log.segment.cache.num.max = 2 (custom)
2019-10-06 15:04:42,095 [pool-433-thread-1] INFO  segmented.SegmentedRaftLogWorker (SegmentedRaftLogWorker.java:<init>(173)) - new c890bc22-944a-4f38-b160-ae434527e171@group-2D8E1F943989-SegmentedRaftLogWorker for RaftStorage:Storage Directory /workdir/hadoop-ozone/integration-test/target/test-dir/MiniOzoneClusterImpl-dbd5195f-4e90-4a77-9b13-3d16538cf4e0/datanode-5/data/ratis/d1af5f6e-8a8c-461e-a124-2d8e1f943989
2019-10-06 15:04:42,095 [pool-433-thread-1] INFO  server.RaftServerConfigKeys (ConfUtils.java:logGet(43)) - raft.server.log.queue.byte-limit = 2147483647 (custom)
2019-10-06 15:04:42,095 [pool-433-thread-1] INFO  server.RaftServerConfigKeys (ConfUtils.java:logGet(43)) - raft.server.log.queue.element-limit = 1024 (custom)
2019-10-06 15:04:42,095 [pool-433-thread-1] INFO  server.RaftServerConfigKeys (ConfUtils.java:logGet(43)) - raft.server.log.segment.size.max = 1048576 (custom)
2019-10-06 15:04:42,095 [pool-433-thread-1] INFO  server.RaftServerConfigKeys (ConfUtils.java:logGet(43)) - raft.server.log.preallocated.size = 16384 (custom)
2019-10-06 15:04:42,095 [pool-433-thread-1] INFO  server.RaftServerConfigKeys (ConfUtils.java:logGet(43)) - raft.server.log.write.buffer.size = 33554432 (custom)
2019-10-06 15:04:42,095 [pool-433-thread-1] INFO  server.RaftServerConfigKeys (ConfUtils.java:logGet(43)) - raft.server.log.force.sync.num = 128 (default)
2019-10-06 15:04:42,095 [pool-433-thread-1] INFO  server.RaftServerConfigKeys (ConfUtils.java:logGet(43)) - raft.server.log.statemachine.data.sync = true (default)
2019-10-06 15:04:42,095 [pool-433-thread-1] INFO  server.RaftServerConfigKeys (ConfUtils.java:logGet(43)) - raft.server.log.statemachine.data.sync.timeout = 10s (default)
2019-10-06 15:04:42,096 [pool-433-thread-1] INFO  server.RaftServerConfigKeys (ConfUtils.java:logGet(43)) - raft.server.log.statemachine.data.sync.timeout.retry = -1 (default)
2019-10-06 15:04:42,096 [pool-433-thread-1] INFO  server.RaftServerConfigKeys (ConfUtils.java:logGet(43)) - raft.server.log.statemachine.data.caching.enabled = true (custom)
2019-10-06 15:04:42,096 [pool-433-thread-1] INFO  segmented.SegmentedRaftLogWorker (SegmentedRaftLogWorker.java:lambda$new$0(128)) - c890bc22-944a-4f38-b160-ae434527e171@group-2D8E1F943989-SegmentedRaftLogWorker: flushIndex: setUnconditionally 0 -> -1
2019-10-06 15:04:42,096 [pool-433-thread-1] INFO  server.RaftServerConfigKeys (ConfUtils.java:logGet(43)) - raft.server.snapshot.auto.trigger.enabled = true (custom)
2019-10-06 15:04:42,096 [pool-433-thread-1] INFO  server.RaftServerConfigKeys (ConfUtils.java:logGet(43)) - raft.server.snapshot.auto.trigger.threshold = 10000 (custom)
2019-10-06 15:04:42,096 [pool-433-thread-1] INFO  server.RaftServerConfigKeys (ConfUtils.java:logGet(43)) - raft.server.snapshot.retention.file.num = 5 (custom)
2019-10-06 15:04:42,097 [pool-433-thread-1] INFO  server.RaftServerConfigKeys (ConfUtils.java:logGet(43)) - raft.server.retrycache.expirytime = 600000ms (custom)
2019-10-06 15:04:42,098 [pool-433-thread-1] INFO  impl.RaftServerImpl (RaftServerImpl.java:start(181)) - c890bc22-944a-4f38-b160-ae434527e171@group-2D8E1F943989: start as a follower, conf=-1: [c890bc22-944a-4f38-b160-ae434527e171:192.168.151.114:39070], old=null
2019-10-06 15:04:42,098 [pool-433-thread-1] INFO  impl.RaftServerImpl (RaftServerImpl.java:setRole(170)) - c890bc22-944a-4f38-b160-ae434527e171@group-2D8E1F943989: changes role from      null to FOLLOWER at term 0 for startAsFollower
2019-10-06 15:04:42,098 [pool-433-thread-1] INFO  impl.RoleInfo (RoleInfo.java:updateAndGet(143)) - c890bc22-944a-4f38-b160-ae434527e171: start FollowerState
2019-10-06 15:04:42,098 [pool-433-thread-1] INFO  util.JmxRegister (JmxRegister.java:tryRegister(44)) - Successfully registered JMX Bean with object name Ratis:service=RaftServer,group=group-2D8E1F943989,id=c890bc22-944a-4f38-b160-ae434527e171
2019-10-06 15:04:42,108 [RatisPipelineUtilsThread] INFO  pipeline.PipelineStateManager (PipelineStateManager.java:addPipeline(56)) - Created pipeline Pipeline[ Id: d1af5f6e-8a8c-461e-a124-2d8e1f943989, Nodes: c890bc22-944a-4f38-b160-ae434527e171{ip: 192.168.151.114, host: ozone-build-dev-hxm7v-1976773872, networkLocation: /default-rack, certSerialId: null}, Type:RATIS, Factor:ONE, State:OPEN]
2019-10-06 15:04:42,133 [grpc-default-executor-9] INFO  impl.RaftServerProxy (RaftServerProxy.java:addNew(89)) - ae2470a9-5e75-41f7-83f3-17d4bf1da86c: addNew group-395FB745ED1E:[ae2470a9-5e75-41f7-83f3-17d4bf1da86c:192.168.151.114:38898] returns group-395FB745ED1E:java.util.concurrent.CompletableFuture@94bb60e[Not completed]
2019-10-06 15:04:42,137 [pool-443-thread-1] INFO  impl.RaftServerImpl (RaftServerImpl.java:<init>(95)) - ae2470a9-5e75-41f7-83f3-17d4bf1da86c: new RaftServerImpl for group-395FB745ED1E:[ae2470a9-5e75-41f7-83f3-17d4bf1da86c:192.168.151.114:38898] with ContainerStateMachine:uninitialized
2019-10-06 15:04:42,137 [pool-443-thread-1] INFO  server.RaftServerConfigKeys (ConfUtils.java:logGet(43)) - raft.server.rpc.timeout.min = 5s (custom)
2019-10-06 15:04:42,137 [pool-443-thread-1] INFO  server.RaftServerConfigKeys (ConfUtils.java:logGet(43)) - raft.server.rpc.timeout.max = 5200ms (custom)
2019-10-06 15:04:42,137 [pool-443-thread-1] INFO  server.RaftServerConfigKeys (ConfUtils.java:logGet(43)) - raft.server.rpcslowness.timeout = 120s (custom)
2019-10-06 15:04:42,137 [pool-443-thread-1] INFO  server.RaftServerConfigKeys (ConfUtils.java:logGet(43)) - raft.server.sleep.deviation.threshold = 300 (default)
2019-10-06 15:04:42,138 [pool-443-thread-1] INFO  server.RaftServerConfigKeys (ConfUtils.java:logGet(43)) - raft.server.log.appender.install.snapshot.enabled = false (custom)
2019-10-06 15:04:42,138 [pool-443-thread-1] INFO  impl.RaftServerImpl (ServerState.java:<init>(103)) - ae2470a9-5e75-41f7-83f3-17d4bf1da86c@group-395FB745ED1E: ConfigurationManager, init=-1: [ae2470a9-5e75-41f7-83f3-17d4bf1da86c:192.168.151.114:38898], old=null, confs=<EMPTY_MAP>
2019-10-06 15:04:42,138 [pool-443-thread-1] INFO  server.RaftServerConfigKeys (ConfUtils.java:logGet(43)) - raft.server.storage.dir = [/workdir/hadoop-ozone/integration-test/target/test-dir/MiniOzoneClusterImpl-dbd5195f-4e90-4a77-9b13-3d16538cf4e0/datanode-6/data/ratis] (custom)
2019-10-06 15:04:42,138 [main] INFO  rpc.RpcClient (RpcClient.java:createVolume(277)) - Creating Volume: watchforcommithandlingtest, with jenkins1000 as owner.
2019-10-06 15:04:42,138 [pool-443-thread-1] INFO  server.RaftServerConfigKeys (ConfUtils.java:logGet(43)) - raft.server.log.corruption.policy = EXCEPTION (default)
2019-10-06 15:04:42,139 [pool-443-thread-1] INFO  storage.RaftStorageDirectory (RaftStorageDirectory.java:analyzeStorage(246)) - The storage directory /workdir/hadoop-ozone/integration-test/target/test-dir/MiniOzoneClusterImpl-dbd5195f-4e90-4a77-9b13-3d16538cf4e0/datanode-6/data/ratis/679f77e1-11d8-4fc8-8602-395fb745ed1e does not exist. Creating ...
2019-10-06 15:04:42,142 [IPC Server handler 3 on 36298] INFO  volume.OMVolumeCreateRequest (OMVolumeCreateRequest.java:validateAndUpdateCache(193)) - created volume:watchforcommithandlingtest for user:jenkins1000
2019-10-06 15:04:42,157 [pool-443-thread-1] INFO  storage.RaftStorageDirectory (RaftStorageDirectory.java:tryLock(328)) - Lock on /workdir/hadoop-ozone/integration-test/target/test-dir/MiniOzoneClusterImpl-dbd5195f-4e90-4a77-9b13-3d16538cf4e0/datanode-6/data/ratis/679f77e1-11d8-4fc8-8602-395fb745ed1e/in_use.lock acquired by nodename 26075@ozone-build-dev-hxm7v-1976773872
2019-10-06 15:04:42,157 [main] INFO  rpc.RpcClient (RpcClient.java:createBucket(416)) - Creating Bucket: watchforcommithandlingtest/watchforcommithandlingtest, with Versioning false and Storage Type set to DISK and Encryption set to false 
2019-10-06 15:04:42,163 [main] INFO  ozone.MiniOzoneClusterImpl (MiniOzoneClusterImpl.java:getStorageContainerLocationClient(234)) - Creating StorageContainerLocationProtocol RPC client with address /0.0.0.0:43626
2019-10-06 15:04:42,171 [pool-443-thread-1] INFO  storage.RaftStorage (RaftStorage.java:format(84)) - Storage directory /workdir/hadoop-ozone/integration-test/target/test-dir/MiniOzoneClusterImpl-dbd5195f-4e90-4a77-9b13-3d16538cf4e0/datanode-6/data/ratis/679f77e1-11d8-4fc8-8602-395fb745ed1e has been successfully formatted.
2019-10-06 15:04:42,171 [pool-443-thread-1] INFO  ratis.ContainerStateMachine (ContainerStateMachine.java:loadSnapshot(230)) - group-395FB745ED1E: The snapshot info is null. Setting the last applied indexto:(t:0, i:~)
2019-10-06 15:04:42,171 [pool-443-thread-1] INFO  server.RaftServerConfigKeys (ConfUtils.java:logGet(43)) - raft.server.notification.no-leader.timeout = 120s (custom)
2019-10-06 15:04:42,171 [pool-443-thread-1] INFO  server.RaftServerConfigKeys (ConfUtils.java:logGet(43)) - raft.server.log.use.memory = false (default)
2019-10-06 15:04:42,171 [pool-443-thread-1] INFO  server.RaftServerConfigKeys (ConfUtils.java:logGet(43)) - raft.server.log.purge.gap = 1000000 (custom)
2019-10-06 15:04:42,172 [pool-443-thread-1] INFO  server.RaftServerConfigKeys (ConfUtils.java:logGet(43)) - raft.server.log.appender.buffer.byte-limit = 33554432 (custom)
2019-10-06 15:04:42,172 [pool-443-thread-1] INFO  server.RaftServerConfigKeys (ConfUtils.java:logGet(43)) - raft.server.log.segment.size.max = 1048576 (custom)
2019-10-06 15:04:42,173 [pool-443-thread-1] INFO  server.RaftServerConfigKeys (ConfUtils.java:logGet(43)) - raft.server.log.segment.cache.num.max = 2 (custom)
2019-10-06 15:04:42,174 [pool-443-thread-1] INFO  segmented.SegmentedRaftLogWorker (SegmentedRaftLogWorker.java:<init>(173)) - new ae2470a9-5e75-41f7-83f3-17d4bf1da86c@group-395FB745ED1E-SegmentedRaftLogWorker for RaftStorage:Storage Directory /workdir/hadoop-ozone/integration-test/target/test-dir/MiniOzoneClusterImpl-dbd5195f-4e90-4a77-9b13-3d16538cf4e0/datanode-6/data/ratis/679f77e1-11d8-4fc8-8602-395fb745ed1e
2019-10-06 15:04:42,174 [pool-443-thread-1] INFO  server.RaftServerConfigKeys (ConfUtils.java:logGet(43)) - raft.server.log.queue.byte-limit = 2147483647 (custom)
2019-10-06 15:04:42,174 [pool-443-thread-1] INFO  server.RaftServerConfigKeys (ConfUtils.java:logGet(43)) - raft.server.log.queue.element-limit = 1024 (custom)
2019-10-06 15:04:42,174 [pool-443-thread-1] INFO  server.RaftServerConfigKeys (ConfUtils.java:logGet(43)) - raft.server.log.segment.size.max = 1048576 (custom)
2019-10-06 15:04:42,174 [pool-443-thread-1] INFO  server.RaftServerConfigKeys (ConfUtils.java:logGet(43)) - raft.server.log.preallocated.size = 16384 (custom)
2019-10-06 15:04:42,174 [pool-443-thread-1] INFO  server.RaftServerConfigKeys (ConfUtils.java:logGet(43)) - raft.server.log.write.buffer.size = 33554432 (custom)
2019-10-06 15:04:42,174 [pool-443-thread-1] INFO  server.RaftServerConfigKeys (ConfUtils.java:logGet(43)) - raft.server.log.force.sync.num = 128 (default)
2019-10-06 15:04:42,175 [pool-443-thread-1] INFO  server.RaftServerConfigKeys (ConfUtils.java:logGet(43)) - raft.server.log.statemachine.data.sync = true (default)
2019-10-06 15:04:42,175 [pool-443-thread-1] INFO  server.RaftServerConfigKeys (ConfUtils.java:logGet(43)) - raft.server.log.statemachine.data.sync.timeout = 10s (default)
2019-10-06 15:04:42,175 [pool-443-thread-1] INFO  server.RaftServerConfigKeys (ConfUtils.java:logGet(43)) - raft.server.log.statemachine.data.sync.timeout.retry = -1 (default)
2019-10-06 15:04:42,175 [pool-443-thread-1] INFO  server.RaftServerConfigKeys (ConfUtils.java:logGet(43)) - raft.server.log.statemachine.data.caching.enabled = true (custom)
2019-10-06 15:04:42,176 [pool-443-thread-1] INFO  segmented.SegmentedRaftLogWorker (SegmentedRaftLogWorker.java:lambda$new$0(128)) - ae2470a9-5e75-41f7-83f3-17d4bf1da86c@group-395FB745ED1E-SegmentedRaftLogWorker: flushIndex: setUnconditionally 0 -> -1
2019-10-06 15:04:42,176 [pool-443-thread-1] INFO  server.RaftServerConfigKeys (ConfUtils.java:logGet(43)) - raft.server.snapshot.auto.trigger.enabled = true (custom)
2019-10-06 15:04:42,176 [pool-443-thread-1] INFO  server.RaftServerConfigKeys (ConfUtils.java:logGet(43)) - raft.server.snapshot.auto.trigger.threshold = 10000 (custom)
2019-10-06 15:04:42,176 [pool-443-thread-1] INFO  server.RaftServerConfigKeys (ConfUtils.java:logGet(43)) - raft.server.snapshot.retention.file.num = 5 (custom)
2019-10-06 15:04:42,176 [pool-443-thread-1] INFO  server.RaftServerConfigKeys (ConfUtils.java:logGet(43)) - raft.server.retrycache.expirytime = 600000ms (custom)
2019-10-06 15:04:42,178 [pool-443-thread-1] INFO  impl.RaftServerImpl (RaftServerImpl.java:start(181)) - ae2470a9-5e75-41f7-83f3-17d4bf1da86c@group-395FB745ED1E: start as a follower, conf=-1: [ae2470a9-5e75-41f7-83f3-17d4bf1da86c:192.168.151.114:38898], old=null
2019-10-06 15:04:42,178 [pool-443-thread-1] INFO  impl.RaftServerImpl (RaftServerImpl.java:setRole(170)) - ae2470a9-5e75-41f7-83f3-17d4bf1da86c@group-395FB745ED1E: changes role from      null to FOLLOWER at term 0 for startAsFollower
2019-10-06 15:04:42,179 [pool-443-thread-1] INFO  impl.RoleInfo (RoleInfo.java:updateAndGet(143)) - ae2470a9-5e75-41f7-83f3-17d4bf1da86c: start FollowerState
2019-10-06 15:04:42,179 [pool-443-thread-1] INFO  util.JmxRegister (JmxRegister.java:tryRegister(44)) - Successfully registered JMX Bean with object name Ratis:service=RaftServer,group=group-395FB745ED1E,id=ae2470a9-5e75-41f7-83f3-17d4bf1da86c
2019-10-06 15:04:42,183 [RatisPipelineUtilsThread] INFO  pipeline.PipelineStateManager (PipelineStateManager.java:addPipeline(56)) - Created pipeline Pipeline[ Id: 679f77e1-11d8-4fc8-8602-395fb745ed1e, Nodes: ae2470a9-5e75-41f7-83f3-17d4bf1da86c{ip: 192.168.151.114, host: ozone-build-dev-hxm7v-1976773872, networkLocation: /default-rack, certSerialId: null}, Type:RATIS, Factor:ONE, State:OPEN]
2019-10-06 15:04:42,195 [grpc-default-executor-8] INFO  impl.RaftServerProxy (RaftServerProxy.java:addNew(89)) - c890bc22-944a-4f38-b160-ae434527e171: addNew group-A3DE736D62B2:[828fbc95-c8a6-4083-b752-922978508eb1:192.168.151.114:35311, c890bc22-944a-4f38-b160-ae434527e171:192.168.151.114:39070, 2b462bdc-4a11-468f-a7d5-18f7a662c5c1:192.168.151.114:43321] returns group-A3DE736D62B2:java.util.concurrent.CompletableFuture@7ff6faf9[Not completed]
2019-10-06 15:04:42,195 [grpc-default-executor-9] INFO  impl.RaftServerProxy (RaftServerProxy.java:addNew(89)) - 828fbc95-c8a6-4083-b752-922978508eb1: addNew group-A3DE736D62B2:[828fbc95-c8a6-4083-b752-922978508eb1:192.168.151.114:35311, c890bc22-944a-4f38-b160-ae434527e171:192.168.151.114:39070, 2b462bdc-4a11-468f-a7d5-18f7a662c5c1:192.168.151.114:43321] returns group-A3DE736D62B2:java.util.concurrent.CompletableFuture@1774e735[Not completed]
2019-10-06 15:04:42,195 [grpc-default-executor-7] INFO  impl.RaftServerProxy (RaftServerProxy.java:addNew(89)) - 2b462bdc-4a11-468f-a7d5-18f7a662c5c1: addNew group-A3DE736D62B2:[828fbc95-c8a6-4083-b752-922978508eb1:192.168.151.114:35311, c890bc22-944a-4f38-b160-ae434527e171:192.168.151.114:39070, 2b462bdc-4a11-468f-a7d5-18f7a662c5c1:192.168.151.114:43321] returns group-A3DE736D62B2:java.util.concurrent.CompletableFuture@67bc84e3[Not completed]
2019-10-06 15:04:42,196 [pool-413-thread-1] INFO  impl.RaftServerImpl (RaftServerImpl.java:<init>(95)) - 828fbc95-c8a6-4083-b752-922978508eb1: new RaftServerImpl for group-A3DE736D62B2:[828fbc95-c8a6-4083-b752-922978508eb1:192.168.151.114:35311, c890bc22-944a-4f38-b160-ae434527e171:192.168.151.114:39070, 2b462bdc-4a11-468f-a7d5-18f7a662c5c1:192.168.151.114:43321] with ContainerStateMachine:uninitialized
2019-10-06 15:04:42,196 [pool-413-thread-1] INFO  server.RaftServerConfigKeys (ConfUtils.java:logGet(43)) - raft.server.rpc.timeout.min = 5s (custom)
2019-10-06 15:04:42,196 [pool-413-thread-1] INFO  server.RaftServerConfigKeys (ConfUtils.java:logGet(43)) - raft.server.rpc.timeout.max = 5200ms (custom)
2019-10-06 15:04:42,196 [pool-413-thread-1] INFO  server.RaftServerConfigKeys (ConfUtils.java:logGet(43)) - raft.server.rpcslowness.timeout = 120s (custom)
2019-10-06 15:04:42,196 [pool-413-thread-1] INFO  server.RaftServerConfigKeys (ConfUtils.java:logGet(43)) - raft.server.sleep.deviation.threshold = 300 (default)
2019-10-06 15:04:42,196 [pool-413-thread-1] INFO  server.RaftServerConfigKeys (ConfUtils.java:logGet(43)) - raft.server.log.appender.install.snapshot.enabled = false (custom)
2019-10-06 15:04:42,196 [pool-413-thread-1] INFO  impl.RaftServerImpl (ServerState.java:<init>(103)) - 828fbc95-c8a6-4083-b752-922978508eb1@group-A3DE736D62B2: ConfigurationManager, init=-1: [828fbc95-c8a6-4083-b752-922978508eb1:192.168.151.114:35311, c890bc22-944a-4f38-b160-ae434527e171:192.168.151.114:39070, 2b462bdc-4a11-468f-a7d5-18f7a662c5c1:192.168.151.114:43321], old=null, confs=<EMPTY_MAP>
2019-10-06 15:04:42,196 [pool-413-thread-1] INFO  server.RaftServerConfigKeys (ConfUtils.java:logGet(43)) - raft.server.storage.dir = [/workdir/hadoop-ozone/integration-test/target/test-dir/MiniOzoneClusterImpl-dbd5195f-4e90-4a77-9b13-3d16538cf4e0/datanode-3/data/ratis] (custom)
2019-10-06 15:04:42,196 [pool-423-thread-1] INFO  impl.RaftServerImpl (RaftServerImpl.java:<init>(95)) - 2b462bdc-4a11-468f-a7d5-18f7a662c5c1: new RaftServerImpl for group-A3DE736D62B2:[828fbc95-c8a6-4083-b752-922978508eb1:192.168.151.114:35311, c890bc22-944a-4f38-b160-ae434527e171:192.168.151.114:39070, 2b462bdc-4a11-468f-a7d5-18f7a662c5c1:192.168.151.114:43321] with ContainerStateMachine:uninitialized
2019-10-06 15:04:42,197 [pool-413-thread-1] INFO  server.RaftServerConfigKeys (ConfUtils.java:logGet(43)) - raft.server.log.corruption.policy = EXCEPTION (default)
2019-10-06 15:04:42,197 [pool-423-thread-1] INFO  server.RaftServerConfigKeys (ConfUtils.java:logGet(43)) - raft.server.rpc.timeout.min = 5s (custom)
2019-10-06 15:04:42,197 [pool-413-thread-1] INFO  storage.RaftStorageDirectory (RaftStorageDirectory.java:analyzeStorage(246)) - The storage directory /workdir/hadoop-ozone/integration-test/target/test-dir/MiniOzoneClusterImpl-dbd5195f-4e90-4a77-9b13-3d16538cf4e0/datanode-3/data/ratis/0603b0c1-c4f8-4e98-95f0-a3de736d62b2 does not exist. Creating ...
2019-10-06 15:04:42,197 [pool-433-thread-1] INFO  impl.RaftServerImpl (RaftServerImpl.java:<init>(95)) - c890bc22-944a-4f38-b160-ae434527e171: new RaftServerImpl for group-A3DE736D62B2:[828fbc95-c8a6-4083-b752-922978508eb1:192.168.151.114:35311, c890bc22-944a-4f38-b160-ae434527e171:192.168.151.114:39070, 2b462bdc-4a11-468f-a7d5-18f7a662c5c1:192.168.151.114:43321] with ContainerStateMachine:uninitialized
2019-10-06 15:04:42,197 [pool-423-thread-1] INFO  server.RaftServerConfigKeys (ConfUtils.java:logGet(43)) - raft.server.rpc.timeout.max = 5200ms (custom)
2019-10-06 15:04:42,197 [pool-433-thread-1] INFO  server.RaftServerConfigKeys (ConfUtils.java:logGet(43)) - raft.server.rpc.timeout.min = 5s (custom)
2019-10-06 15:04:42,197 [pool-423-thread-1] INFO  server.RaftServerConfigKeys (ConfUtils.java:logGet(43)) - raft.server.rpcslowness.timeout = 120s (custom)
2019-10-06 15:04:42,197 [pool-433-thread-1] INFO  server.RaftServerConfigKeys (ConfUtils.java:logGet(43)) - raft.server.rpc.timeout.max = 5200ms (custom)
2019-10-06 15:04:42,197 [pool-423-thread-1] INFO  server.RaftServerConfigKeys (ConfUtils.java:logGet(43)) - raft.server.sleep.deviation.threshold = 300 (default)
2019-10-06 15:04:42,197 [pool-433-thread-1] INFO  server.RaftServerConfigKeys (ConfUtils.java:logGet(43)) - raft.server.rpcslowness.timeout = 120s (custom)
2019-10-06 15:04:42,198 [pool-423-thread-1] INFO  server.RaftServerConfigKeys (ConfUtils.java:logGet(43)) - raft.server.log.appender.install.snapshot.enabled = false (custom)
2019-10-06 15:04:42,198 [pool-433-thread-1] INFO  server.RaftServerConfigKeys (ConfUtils.java:logGet(43)) - raft.server.sleep.deviation.threshold = 300 (default)
2019-10-06 15:04:42,198 [pool-433-thread-1] INFO  server.RaftServerConfigKeys (ConfUtils.java:logGet(43)) - raft.server.log.appender.install.snapshot.enabled = false (custom)
2019-10-06 15:04:42,198 [pool-423-thread-1] INFO  impl.RaftServerImpl (ServerState.java:<init>(103)) - 2b462bdc-4a11-468f-a7d5-18f7a662c5c1@group-A3DE736D62B2: ConfigurationManager, init=-1: [828fbc95-c8a6-4083-b752-922978508eb1:192.168.151.114:35311, c890bc22-944a-4f38-b160-ae434527e171:192.168.151.114:39070, 2b462bdc-4a11-468f-a7d5-18f7a662c5c1:192.168.151.114:43321], old=null, confs=<EMPTY_MAP>
2019-10-06 15:04:42,198 [pool-433-thread-1] INFO  impl.RaftServerImpl (ServerState.java:<init>(103)) - c890bc22-944a-4f38-b160-ae434527e171@group-A3DE736D62B2: ConfigurationManager, init=-1: [828fbc95-c8a6-4083-b752-922978508eb1:192.168.151.114:35311, c890bc22-944a-4f38-b160-ae434527e171:192.168.151.114:39070, 2b462bdc-4a11-468f-a7d5-18f7a662c5c1:192.168.151.114:43321], old=null, confs=<EMPTY_MAP>
2019-10-06 15:04:42,198 [pool-423-thread-1] INFO  server.RaftServerConfigKeys (ConfUtils.java:logGet(43)) - raft.server.storage.dir = [/workdir/hadoop-ozone/integration-test/target/test-dir/MiniOzoneClusterImpl-dbd5195f-4e90-4a77-9b13-3d16538cf4e0/datanode-4/data/ratis] (custom)
2019-10-06 15:04:42,198 [pool-433-thread-1] INFO  server.RaftServerConfigKeys (ConfUtils.java:logGet(43)) - raft.server.storage.dir = [/workdir/hadoop-ozone/integration-test/target/test-dir/MiniOzoneClusterImpl-dbd5195f-4e90-4a77-9b13-3d16538cf4e0/datanode-5/data/ratis] (custom)
2019-10-06 15:04:42,198 [pool-433-thread-1] INFO  server.RaftServerConfigKeys (ConfUtils.java:logGet(43)) - raft.server.log.corruption.policy = EXCEPTION (default)
2019-10-06 15:04:42,198 [pool-423-thread-1] INFO  server.RaftServerConfigKeys (ConfUtils.java:logGet(43)) - raft.server.log.corruption.policy = EXCEPTION (default)
2019-10-06 15:04:42,199 [pool-433-thread-1] INFO  storage.RaftStorageDirectory (RaftStorageDirectory.java:analyzeStorage(246)) - The storage directory /workdir/hadoop-ozone/integration-test/target/test-dir/MiniOzoneClusterImpl-dbd5195f-4e90-4a77-9b13-3d16538cf4e0/datanode-5/data/ratis/0603b0c1-c4f8-4e98-95f0-a3de736d62b2 does not exist. Creating ...
2019-10-06 15:04:42,199 [pool-423-thread-1] INFO  storage.RaftStorageDirectory (RaftStorageDirectory.java:analyzeStorage(246)) - The storage directory /workdir/hadoop-ozone/integration-test/target/test-dir/MiniOzoneClusterImpl-dbd5195f-4e90-4a77-9b13-3d16538cf4e0/datanode-4/data/ratis/0603b0c1-c4f8-4e98-95f0-a3de736d62b2 does not exist. Creating ...
2019-10-06 15:04:42,210 [pool-423-thread-1] INFO  storage.RaftStorageDirectory (RaftStorageDirectory.java:tryLock(328)) - Lock on /workdir/hadoop-ozone/integration-test/target/test-dir/MiniOzoneClusterImpl-dbd5195f-4e90-4a77-9b13-3d16538cf4e0/datanode-4/data/ratis/0603b0c1-c4f8-4e98-95f0-a3de736d62b2/in_use.lock acquired by nodename 26075@ozone-build-dev-hxm7v-1976773872
2019-10-06 15:04:42,210 [pool-433-thread-1] INFO  storage.RaftStorageDirectory (RaftStorageDirectory.java:tryLock(328)) - Lock on /workdir/hadoop-ozone/integration-test/target/test-dir/MiniOzoneClusterImpl-dbd5195f-4e90-4a77-9b13-3d16538cf4e0/datanode-5/data/ratis/0603b0c1-c4f8-4e98-95f0-a3de736d62b2/in_use.lock acquired by nodename 26075@ozone-build-dev-hxm7v-1976773872
2019-10-06 15:04:42,210 [pool-413-thread-1] INFO  storage.RaftStorageDirectory (RaftStorageDirectory.java:tryLock(328)) - Lock on /workdir/hadoop-ozone/integration-test/target/test-dir/MiniOzoneClusterImpl-dbd5195f-4e90-4a77-9b13-3d16538cf4e0/datanode-3/data/ratis/0603b0c1-c4f8-4e98-95f0-a3de736d62b2/in_use.lock acquired by nodename 26075@ozone-build-dev-hxm7v-1976773872
2019-10-06 15:04:42,224 [pool-413-thread-1] INFO  storage.RaftStorage (RaftStorage.java:format(84)) - Storage directory /workdir/hadoop-ozone/integration-test/target/test-dir/MiniOzoneClusterImpl-dbd5195f-4e90-4a77-9b13-3d16538cf4e0/datanode-3/data/ratis/0603b0c1-c4f8-4e98-95f0-a3de736d62b2 has been successfully formatted.
2019-10-06 15:04:42,224 [pool-433-thread-1] INFO  storage.RaftStorage (RaftStorage.java:format(84)) - Storage directory /workdir/hadoop-ozone/integration-test/target/test-dir/MiniOzoneClusterImpl-dbd5195f-4e90-4a77-9b13-3d16538cf4e0/datanode-5/data/ratis/0603b0c1-c4f8-4e98-95f0-a3de736d62b2 has been successfully formatted.
2019-10-06 15:04:42,224 [pool-413-thread-1] INFO  ratis.ContainerStateMachine (ContainerStateMachine.java:loadSnapshot(230)) - group-A3DE736D62B2: The snapshot info is null. Setting the last applied indexto:(t:0, i:~)
2019-10-06 15:04:42,224 [pool-413-thread-1] INFO  server.RaftServerConfigKeys (ConfUtils.java:logGet(43)) - raft.server.notification.no-leader.timeout = 120s (custom)
2019-10-06 15:04:42,224 [pool-423-thread-1] INFO  storage.RaftStorage (RaftStorage.java:format(84)) - Storage directory /workdir/hadoop-ozone/integration-test/target/test-dir/MiniOzoneClusterImpl-dbd5195f-4e90-4a77-9b13-3d16538cf4e0/datanode-4/data/ratis/0603b0c1-c4f8-4e98-95f0-a3de736d62b2 has been successfully formatted.
2019-10-06 15:04:42,224 [pool-413-thread-1] INFO  server.RaftServerConfigKeys (ConfUtils.java:logGet(43)) - raft.server.log.use.memory = false (default)
2019-10-06 15:04:42,224 [pool-433-thread-1] INFO  ratis.ContainerStateMachine (ContainerStateMachine.java:loadSnapshot(230)) - group-A3DE736D62B2: The snapshot info is null. Setting the last applied indexto:(t:0, i:~)
2019-10-06 15:04:42,225 [pool-423-thread-1] INFO  ratis.ContainerStateMachine (ContainerStateMachine.java:loadSnapshot(230)) - group-A3DE736D62B2: The snapshot info is null. Setting the last applied indexto:(t:0, i:~)
2019-10-06 15:04:42,225 [pool-413-thread-1] INFO  server.RaftServerConfigKeys (ConfUtils.java:logGet(43)) - raft.server.log.purge.gap = 1000000 (custom)
2019-10-06 15:04:42,225 [pool-423-thread-1] INFO  server.RaftServerConfigKeys (ConfUtils.java:logGet(43)) - raft.server.notification.no-leader.timeout = 120s (custom)
2019-10-06 15:04:42,225 [pool-433-thread-1] INFO  server.RaftServerConfigKeys (ConfUtils.java:logGet(43)) - raft.server.notification.no-leader.timeout = 120s (custom)
2019-10-06 15:04:42,225 [pool-433-thread-1] INFO  server.RaftServerConfigKeys (ConfUtils.java:logGet(43)) - raft.server.log.use.memory = false (default)
2019-10-06 15:04:42,225 [pool-423-thread-1] INFO  server.RaftServerConfigKeys (ConfUtils.java:logGet(43)) - raft.server.log.use.memory = false (default)
2019-10-06 15:04:42,225 [pool-413-thread-1] INFO  server.RaftServerConfigKeys (ConfUtils.java:logGet(43)) - raft.server.log.appender.buffer.byte-limit = 33554432 (custom)
2019-10-06 15:04:42,226 [pool-423-thread-1] INFO  server.RaftServerConfigKeys (ConfUtils.java:logGet(43)) - raft.server.log.purge.gap = 1000000 (custom)
2019-10-06 15:04:42,225 [pool-433-thread-1] INFO  server.RaftServerConfigKeys (ConfUtils.java:logGet(43)) - raft.server.log.purge.gap = 1000000 (custom)
2019-10-06 15:04:42,226 [pool-423-thread-1] INFO  server.RaftServerConfigKeys (ConfUtils.java:logGet(43)) - raft.server.log.appender.buffer.byte-limit = 33554432 (custom)
2019-10-06 15:04:42,226 [pool-413-thread-1] INFO  server.RaftServerConfigKeys (ConfUtils.java:logGet(43)) - raft.server.log.segment.size.max = 1048576 (custom)
2019-10-06 15:04:42,226 [pool-423-thread-1] INFO  server.RaftServerConfigKeys (ConfUtils.java:logGet(43)) - raft.server.log.segment.size.max = 1048576 (custom)
2019-10-06 15:04:42,226 [pool-433-thread-1] INFO  server.RaftServerConfigKeys (ConfUtils.java:logGet(43)) - raft.server.log.appender.buffer.byte-limit = 33554432 (custom)
2019-10-06 15:04:42,227 [pool-423-thread-1] INFO  server.RaftServerConfigKeys (ConfUtils.java:logGet(43)) - raft.server.log.segment.cache.num.max = 2 (custom)
2019-10-06 15:04:42,227 [pool-413-thread-1] INFO  server.RaftServerConfigKeys (ConfUtils.java:logGet(43)) - raft.server.log.segment.cache.num.max = 2 (custom)
2019-10-06 15:04:42,227 [pool-423-thread-1] INFO  segmented.SegmentedRaftLogWorker (SegmentedRaftLogWorker.java:<init>(173)) - new 2b462bdc-4a11-468f-a7d5-18f7a662c5c1@group-A3DE736D62B2-SegmentedRaftLogWorker for RaftStorage:Storage Directory /workdir/hadoop-ozone/integration-test/target/test-dir/MiniOzoneClusterImpl-dbd5195f-4e90-4a77-9b13-3d16538cf4e0/datanode-4/data/ratis/0603b0c1-c4f8-4e98-95f0-a3de736d62b2
2019-10-06 15:04:42,227 [pool-433-thread-1] INFO  server.RaftServerConfigKeys (ConfUtils.java:logGet(43)) - raft.server.log.segment.size.max = 1048576 (custom)
2019-10-06 15:04:42,227 [pool-423-thread-1] INFO  server.RaftServerConfigKeys (ConfUtils.java:logGet(43)) - raft.server.log.queue.byte-limit = 2147483647 (custom)
2019-10-06 15:04:42,227 [pool-413-thread-1] INFO  segmented.SegmentedRaftLogWorker (SegmentedRaftLogWorker.java:<init>(173)) - new 828fbc95-c8a6-4083-b752-922978508eb1@group-A3DE736D62B2-SegmentedRaftLogWorker for RaftStorage:Storage Directory /workdir/hadoop-ozone/integration-test/target/test-dir/MiniOzoneClusterImpl-dbd5195f-4e90-4a77-9b13-3d16538cf4e0/datanode-3/data/ratis/0603b0c1-c4f8-4e98-95f0-a3de736d62b2
2019-10-06 15:04:42,228 [pool-423-thread-1] INFO  server.RaftServerConfigKeys (ConfUtils.java:logGet(43)) - raft.server.log.queue.element-limit = 1024 (custom)
2019-10-06 15:04:42,227 [pool-433-thread-1] INFO  server.RaftServerConfigKeys (ConfUtils.java:logGet(43)) - raft.server.log.segment.cache.num.max = 2 (custom)
2019-10-06 15:04:42,228 [pool-423-thread-1] INFO  server.RaftServerConfigKeys (ConfUtils.java:logGet(43)) - raft.server.log.segment.size.max = 1048576 (custom)
2019-10-06 15:04:42,228 [pool-423-thread-1] INFO  server.RaftServerConfigKeys (ConfUtils.java:logGet(43)) - raft.server.log.preallocated.size = 16384 (custom)
2019-10-06 15:04:42,228 [pool-413-thread-1] INFO  server.RaftServerConfigKeys (ConfUtils.java:logGet(43)) - raft.server.log.queue.byte-limit = 2147483647 (custom)
2019-10-06 15:04:42,228 [pool-423-thread-1] INFO  server.RaftServerConfigKeys (ConfUtils.java:logGet(43)) - raft.server.log.write.buffer.size = 33554432 (custom)
2019-10-06 15:04:42,228 [pool-433-thread-1] INFO  segmented.SegmentedRaftLogWorker (SegmentedRaftLogWorker.java:<init>(173)) - new c890bc22-944a-4f38-b160-ae434527e171@group-A3DE736D62B2-SegmentedRaftLogWorker for RaftStorage:Storage Directory /workdir/hadoop-ozone/integration-test/target/test-dir/MiniOzoneClusterImpl-dbd5195f-4e90-4a77-9b13-3d16538cf4e0/datanode-5/data/ratis/0603b0c1-c4f8-4e98-95f0-a3de736d62b2
2019-10-06 15:04:42,229 [pool-423-thread-1] INFO  server.RaftServerConfigKeys (ConfUtils.java:logGet(43)) - raft.server.log.force.sync.num = 128 (default)
2019-10-06 15:04:42,228 [pool-413-thread-1] INFO  server.RaftServerConfigKeys (ConfUtils.java:logGet(43)) - raft.server.log.queue.element-limit = 1024 (custom)
2019-10-06 15:04:42,229 [pool-423-thread-1] INFO  server.RaftServerConfigKeys (ConfUtils.java:logGet(43)) - raft.server.log.statemachine.data.sync = true (default)
2019-10-06 15:04:42,229 [pool-433-thread-1] INFO  server.RaftServerConfigKeys (ConfUtils.java:logGet(43)) - raft.server.log.queue.byte-limit = 2147483647 (custom)
2019-10-06 15:04:42,229 [pool-423-thread-1] INFO  server.RaftServerConfigKeys (ConfUtils.java:logGet(43)) - raft.server.log.statemachine.data.sync.timeout = 10s (default)
2019-10-06 15:04:42,229 [pool-423-thread-1] INFO  server.RaftServerConfigKeys (ConfUtils.java:logGet(43)) - raft.server.log.statemachine.data.sync.timeout.retry = -1 (default)
2019-10-06 15:04:42,229 [pool-413-thread-1] INFO  server.RaftServerConfigKeys (ConfUtils.java:logGet(43)) - raft.server.log.segment.size.max = 1048576 (custom)
2019-10-06 15:04:42,230 [pool-413-thread-1] INFO  server.RaftServerConfigKeys (ConfUtils.java:logGet(43)) - raft.server.log.preallocated.size = 16384 (custom)
2019-10-06 15:04:42,229 [pool-433-thread-1] INFO  server.RaftServerConfigKeys (ConfUtils.java:logGet(43)) - raft.server.log.queue.element-limit = 1024 (custom)
2019-10-06 15:04:42,230 [pool-423-thread-1] INFO  server.RaftServerConfigKeys (ConfUtils.java:logGet(43)) - raft.server.log.statemachine.data.caching.enabled = true (custom)
2019-10-06 15:04:42,230 [pool-413-thread-1] INFO  server.RaftServerConfigKeys (ConfUtils.java:logGet(43)) - raft.server.log.write.buffer.size = 33554432 (custom)
2019-10-06 15:04:42,230 [pool-433-thread-1] INFO  server.RaftServerConfigKeys (ConfUtils.java:logGet(43)) - raft.server.log.segment.size.max = 1048576 (custom)
2019-10-06 15:04:42,230 [pool-413-thread-1] INFO  server.RaftServerConfigKeys (ConfUtils.java:logGet(43)) - raft.server.log.force.sync.num = 128 (default)
2019-10-06 15:04:42,230 [pool-433-thread-1] INFO  server.RaftServerConfigKeys (ConfUtils.java:logGet(43)) - raft.server.log.preallocated.size = 16384 (custom)
2019-10-06 15:04:42,230 [pool-423-thread-1] INFO  segmented.SegmentedRaftLogWorker (SegmentedRaftLogWorker.java:lambda$new$0(128)) - 2b462bdc-4a11-468f-a7d5-18f7a662c5c1@group-A3DE736D62B2-SegmentedRaftLogWorker: flushIndex: setUnconditionally 0 -> -1
2019-10-06 15:04:42,231 [pool-433-thread-1] INFO  server.RaftServerConfigKeys (ConfUtils.java:logGet(43)) - raft.server.log.write.buffer.size = 33554432 (custom)
2019-10-06 15:04:42,230 [pool-413-thread-1] INFO  server.RaftServerConfigKeys (ConfUtils.java:logGet(43)) - raft.server.log.statemachine.data.sync = true (default)
2019-10-06 15:04:42,231 [pool-423-thread-1] INFO  server.RaftServerConfigKeys (ConfUtils.java:logGet(43)) - raft.server.snapshot.auto.trigger.enabled = true (custom)
2019-10-06 15:04:42,231 [pool-433-thread-1] INFO  server.RaftServerConfigKeys (ConfUtils.java:logGet(43)) - raft.server.log.force.sync.num = 128 (default)
2019-10-06 15:04:42,231 [pool-423-thread-1] INFO  server.RaftServerConfigKeys (ConfUtils.java:logGet(43)) - raft.server.snapshot.auto.trigger.threshold = 10000 (custom)
2019-10-06 15:04:42,231 [pool-413-thread-1] INFO  server.RaftServerConfigKeys (ConfUtils.java:logGet(43)) - raft.server.log.statemachine.data.sync.timeout = 10s (default)
2019-10-06 15:04:42,231 [pool-423-thread-1] INFO  server.RaftServerConfigKeys (ConfUtils.java:logGet(43)) - raft.server.snapshot.retention.file.num = 5 (custom)
2019-10-06 15:04:42,231 [pool-433-thread-1] INFO  server.RaftServerConfigKeys (ConfUtils.java:logGet(43)) - raft.server.log.statemachine.data.sync = true (default)
2019-10-06 15:04:42,232 [pool-423-thread-1] INFO  server.RaftServerConfigKeys (ConfUtils.java:logGet(43)) - raft.server.retrycache.expirytime = 600000ms (custom)
2019-10-06 15:04:42,231 [pool-413-thread-1] INFO  server.RaftServerConfigKeys (ConfUtils.java:logGet(43)) - raft.server.log.statemachine.data.sync.timeout.retry = -1 (default)
2019-10-06 15:04:42,232 [pool-433-thread-1] INFO  server.RaftServerConfigKeys (ConfUtils.java:logGet(43)) - raft.server.log.statemachine.data.sync.timeout = 10s (default)
2019-10-06 15:04:42,232 [pool-413-thread-1] INFO  server.RaftServerConfigKeys (ConfUtils.java:logGet(43)) - raft.server.log.statemachine.data.caching.enabled = true (custom)
2019-10-06 15:04:42,232 [pool-433-thread-1] INFO  server.RaftServerConfigKeys (ConfUtils.java:logGet(43)) - raft.server.log.statemachine.data.sync.timeout.retry = -1 (default)
2019-10-06 15:04:42,232 [pool-413-thread-1] INFO  segmented.SegmentedRaftLogWorker (SegmentedRaftLogWorker.java:lambda$new$0(128)) - 828fbc95-c8a6-4083-b752-922978508eb1@group-A3DE736D62B2-SegmentedRaftLogWorker: flushIndex: setUnconditionally 0 -> -1
2019-10-06 15:04:42,233 [pool-413-thread-1] INFO  server.RaftServerConfigKeys (ConfUtils.java:logGet(43)) - raft.server.snapshot.auto.trigger.enabled = true (custom)
2019-10-06 15:04:42,233 [pool-433-thread-1] INFO  server.RaftServerConfigKeys (ConfUtils.java:logGet(43)) - raft.server.log.statemachine.data.caching.enabled = true (custom)
2019-10-06 15:04:42,233 [pool-413-thread-1] INFO  server.RaftServerConfigKeys (ConfUtils.java:logGet(43)) - raft.server.snapshot.auto.trigger.threshold = 10000 (custom)
2019-10-06 15:04:42,233 [pool-413-thread-1] INFO  server.RaftServerConfigKeys (ConfUtils.java:logGet(43)) - raft.server.snapshot.retention.file.num = 5 (custom)
2019-10-06 15:04:42,233 [pool-433-thread-1] INFO  segmented.SegmentedRaftLogWorker (SegmentedRaftLogWorker.java:lambda$new$0(128)) - c890bc22-944a-4f38-b160-ae434527e171@group-A3DE736D62B2-SegmentedRaftLogWorker: flushIndex: setUnconditionally 0 -> -1
2019-10-06 15:04:42,233 [pool-413-thread-1] INFO  server.RaftServerConfigKeys (ConfUtils.java:logGet(43)) - raft.server.retrycache.expirytime = 600000ms (custom)
2019-10-06 15:04:42,233 [pool-433-thread-1] INFO  server.RaftServerConfigKeys (ConfUtils.java:logGet(43)) - raft.server.snapshot.auto.trigger.enabled = true (custom)
2019-10-06 15:04:42,233 [pool-433-thread-1] INFO  server.RaftServerConfigKeys (ConfUtils.java:logGet(43)) - raft.server.snapshot.auto.trigger.threshold = 10000 (custom)
2019-10-06 15:04:42,233 [pool-433-thread-1] INFO  server.RaftServerConfigKeys (ConfUtils.java:logGet(43)) - raft.server.snapshot.retention.file.num = 5 (custom)
2019-10-06 15:04:42,234 [pool-433-thread-1] INFO  server.RaftServerConfigKeys (ConfUtils.java:logGet(43)) - raft.server.retrycache.expirytime = 600000ms (custom)
2019-10-06 15:04:42,234 [pool-423-thread-1] INFO  impl.RaftServerImpl (RaftServerImpl.java:start(181)) - 2b462bdc-4a11-468f-a7d5-18f7a662c5c1@group-A3DE736D62B2: start as a follower, conf=-1: [828fbc95-c8a6-4083-b752-922978508eb1:192.168.151.114:35311, c890bc22-944a-4f38-b160-ae434527e171:192.168.151.114:39070, 2b462bdc-4a11-468f-a7d5-18f7a662c5c1:192.168.151.114:43321], old=null
2019-10-06 15:04:42,234 [pool-423-thread-1] INFO  impl.RaftServerImpl (RaftServerImpl.java:setRole(170)) - 2b462bdc-4a11-468f-a7d5-18f7a662c5c1@group-A3DE736D62B2: changes role from      null to FOLLOWER at term 0 for startAsFollower
2019-10-06 15:04:42,234 [pool-423-thread-1] INFO  impl.RoleInfo (RoleInfo.java:updateAndGet(143)) - 2b462bdc-4a11-468f-a7d5-18f7a662c5c1: start FollowerState
2019-10-06 15:04:42,235 [pool-413-thread-1] INFO  impl.RaftServerImpl (RaftServerImpl.java:start(181)) - 828fbc95-c8a6-4083-b752-922978508eb1@group-A3DE736D62B2: start as a follower, conf=-1: [828fbc95-c8a6-4083-b752-922978508eb1:192.168.151.114:35311, c890bc22-944a-4f38-b160-ae434527e171:192.168.151.114:39070, 2b462bdc-4a11-468f-a7d5-18f7a662c5c1:192.168.151.114:43321], old=null
2019-10-06 15:04:42,235 [pool-423-thread-1] INFO  util.JmxRegister (JmxRegister.java:tryRegister(44)) - Successfully registered JMX Bean with object name Ratis:service=RaftServer,group=group-A3DE736D62B2,id=2b462bdc-4a11-468f-a7d5-18f7a662c5c1
2019-10-06 15:04:42,235 [pool-413-thread-1] INFO  impl.RaftServerImpl (RaftServerImpl.java:setRole(170)) - 828fbc95-c8a6-4083-b752-922978508eb1@group-A3DE736D62B2: changes role from      null to FOLLOWER at term 0 for startAsFollower
2019-10-06 15:04:42,235 [pool-413-thread-1] INFO  impl.RoleInfo (RoleInfo.java:updateAndGet(143)) - 828fbc95-c8a6-4083-b752-922978508eb1: start FollowerState
2019-10-06 15:04:42,235 [pool-413-thread-1] INFO  util.JmxRegister (JmxRegister.java:tryRegister(44)) - Successfully registered JMX Bean with object name Ratis:service=RaftServer,group=group-A3DE736D62B2,id=828fbc95-c8a6-4083-b752-922978508eb1
2019-10-06 15:04:42,236 [pool-433-thread-1] INFO  impl.RaftServerImpl (RaftServerImpl.java:start(181)) - c890bc22-944a-4f38-b160-ae434527e171@group-A3DE736D62B2: start as a follower, conf=-1: [828fbc95-c8a6-4083-b752-922978508eb1:192.168.151.114:35311, c890bc22-944a-4f38-b160-ae434527e171:192.168.151.114:39070, 2b462bdc-4a11-468f-a7d5-18f7a662c5c1:192.168.151.114:43321], old=null
2019-10-06 15:04:42,236 [pool-433-thread-1] INFO  impl.RaftServerImpl (RaftServerImpl.java:setRole(170)) - c890bc22-944a-4f38-b160-ae434527e171@group-A3DE736D62B2: changes role from      null to FOLLOWER at term 0 for startAsFollower
2019-10-06 15:04:42,236 [pool-433-thread-1] INFO  impl.RoleInfo (RoleInfo.java:updateAndGet(143)) - c890bc22-944a-4f38-b160-ae434527e171: start FollowerState
2019-10-06 15:04:42,237 [pool-433-thread-1] INFO  util.JmxRegister (JmxRegister.java:tryRegister(44)) - Successfully registered JMX Bean with object name Ratis:service=RaftServer,group=group-A3DE736D62B2,id=c890bc22-944a-4f38-b160-ae434527e171
2019-10-06 15:04:42,241 [IPC Server handler 3 on 43626] INFO  pipeline.PipelineStateManager (PipelineStateManager.java:addPipeline(56)) - Created pipeline Pipeline[ Id: 0603b0c1-c4f8-4e98-95f0-a3de736d62b2, Nodes: 828fbc95-c8a6-4083-b752-922978508eb1{ip: 192.168.151.114, host: ozone-build-dev-hxm7v-1976773872, networkLocation: /default-rack, certSerialId: null}2b462bdc-4a11-468f-a7d5-18f7a662c5c1{ip: 192.168.151.114, host: ozone-build-dev-hxm7v-1976773872, networkLocation: /default-rack, certSerialId: null}c890bc22-944a-4f38-b160-ae434527e171{ip: 192.168.151.114, host: ozone-build-dev-hxm7v-1976773872, networkLocation: /default-rack, certSerialId: null}, Type:RATIS, Factor:THREE, State:OPEN]
2019-10-06 15:04:44,676 [Thread-2375] INFO  container.ReplicationManager (ReplicationManager.java:start(162)) - Starting Replication Monitor Thread.
2019-10-06 15:04:44,681 [ReplicationMonitor] INFO  container.ReplicationManager (ReplicationManager.java:run(225)) - Replication Monitor Thread took 0 milliseconds for processing 1 containers.
2019-10-06 15:04:46,850 [Thread-2377] INFO  impl.FollowerState (FollowerState.java:run(108)) - 4df6895e-8372-40b0-9618-c8659d8801e0@group-14AB740CAB7B-FollowerState: change to CANDIDATE, lastRpcTime:5128ms, electionTimeout:5128ms
2019-10-06 15:04:46,851 [Thread-2377] INFO  impl.RoleInfo (RoleInfo.java:shutdownFollowerState(121)) - 4df6895e-8372-40b0-9618-c8659d8801e0: shutdown FollowerState
2019-10-06 15:04:46,851 [Thread-2377] INFO  impl.RaftServerImpl (RaftServerImpl.java:setRole(170)) - 4df6895e-8372-40b0-9618-c8659d8801e0@group-14AB740CAB7B: changes role from  FOLLOWER to CANDIDATE at term 0 for changeToCandidate
2019-10-06 15:04:46,852 [Thread-2377] INFO  impl.RoleInfo (RoleInfo.java:updateAndGet(143)) - 4df6895e-8372-40b0-9618-c8659d8801e0: start LeaderElection
2019-10-06 15:04:46,875 [4df6895e-8372-40b0-9618-c8659d8801e0@group-14AB740CAB7B-LeaderElection70] INFO  impl.LeaderElection (LeaderElection.java:askForVotes(178)) - 4df6895e-8372-40b0-9618-c8659d8801e0@group-14AB740CAB7B-LeaderElection70: begin an election at term 1 for -1: [4df6895e-8372-40b0-9618-c8659d8801e0:192.168.151.114:42253], old=null
2019-10-06 15:04:46,875 [4df6895e-8372-40b0-9618-c8659d8801e0@group-14AB740CAB7B-LeaderElection70] INFO  impl.RoleInfo (RoleInfo.java:shutdownLeaderElection(134)) - 4df6895e-8372-40b0-9618-c8659d8801e0: shutdown LeaderElection
2019-10-06 15:04:46,875 [4df6895e-8372-40b0-9618-c8659d8801e0@group-14AB740CAB7B-LeaderElection70] INFO  impl.RaftServerImpl (RaftServerImpl.java:setRole(170)) - 4df6895e-8372-40b0-9618-c8659d8801e0@group-14AB740CAB7B: changes role from CANDIDATE to LEADER at term 1 for changeToLeader
2019-10-06 15:04:46,875 [4df6895e-8372-40b0-9618-c8659d8801e0@group-14AB740CAB7B-LeaderElection70] INFO  impl.RaftServerImpl (ServerState.java:setLeader(255)) - 4df6895e-8372-40b0-9618-c8659d8801e0@group-14AB740CAB7B: change Leader from null to 4df6895e-8372-40b0-9618-c8659d8801e0 at term 1 for becomeLeader, leader elected after 5159ms
2019-10-06 15:04:46,876 [4df6895e-8372-40b0-9618-c8659d8801e0@group-14AB740CAB7B-LeaderElection70] INFO  server.RaftServerConfigKeys (ConfUtils.java:logGet(43)) - raft.server.staging.catchup.gap = 1000 (default)
2019-10-06 15:04:46,876 [4df6895e-8372-40b0-9618-c8659d8801e0@group-14AB740CAB7B-LeaderElection70] INFO  server.RaftServerConfigKeys (ConfUtils.java:logGet(43)) - raft.server.rpc.sleep.time = 25ms (default)
2019-10-06 15:04:46,876 [4df6895e-8372-40b0-9618-c8659d8801e0@group-14AB740CAB7B-LeaderElection70] INFO  server.RaftServerConfigKeys (ConfUtils.java:logGet(43)) - raft.server.write.element-limit = 4096 (default)
2019-10-06 15:04:46,876 [4df6895e-8372-40b0-9618-c8659d8801e0@group-14AB740CAB7B-LeaderElection70] INFO  server.RaftServerConfigKeys (ConfUtils.java:logGet(43)) - raft.server.watch.timeout = 10s (default)
2019-10-06 15:04:46,876 [4df6895e-8372-40b0-9618-c8659d8801e0@group-14AB740CAB7B-LeaderElection70] INFO  server.RaftServerConfigKeys (ConfUtils.java:logGet(43)) - raft.server.watch.timeout.denomination = 1s (default)
2019-10-06 15:04:46,877 [4df6895e-8372-40b0-9618-c8659d8801e0@group-14AB740CAB7B-LeaderElection70] INFO  server.RaftServerConfigKeys (ConfUtils.java:logGet(43)) - raft.server.watch.element-limit = 65536 (default)
2019-10-06 15:04:46,879 [4df6895e-8372-40b0-9618-c8659d8801e0@group-14AB740CAB7B-LeaderElection70] INFO  impl.RoleInfo (RoleInfo.java:updateAndGet(143)) - 4df6895e-8372-40b0-9618-c8659d8801e0: start LeaderState
2019-10-06 15:04:46,880 [4df6895e-8372-40b0-9618-c8659d8801e0@group-14AB740CAB7B-LeaderElection70] INFO  segmented.SegmentedRaftLogWorker (SegmentedRaftLogWorker.java:startLogSegment(385)) - 4df6895e-8372-40b0-9618-c8659d8801e0@group-14AB740CAB7B-SegmentedRaftLogWorker: Starting segment from index:0
2019-10-06 15:04:46,881 [4df6895e-8372-40b0-9618-c8659d8801e0@group-14AB740CAB7B-LeaderElection70] INFO  impl.RaftServerImpl (ServerState.java:setRaftConf(356)) - 4df6895e-8372-40b0-9618-c8659d8801e0@group-14AB740CAB7B: set configuration 0: [4df6895e-8372-40b0-9618-c8659d8801e0:192.168.151.114:42253], old=null at 0
2019-10-06 15:04:46,925 [4df6895e-8372-40b0-9618-c8659d8801e0@group-14AB740CAB7B-SegmentedRaftLogWorker] INFO  segmented.SegmentedRaftLogWorker (SegmentedRaftLogWorker.java:execute(574)) - 4df6895e-8372-40b0-9618-c8659d8801e0@group-14AB740CAB7B-SegmentedRaftLogWorker: created new log segment /workdir/hadoop-ozone/integration-test/target/test-dir/MiniOzoneClusterImpl-dbd5195f-4e90-4a77-9b13-3d16538cf4e0/datanode-0/data/ratis/ffa39af0-06f5-4a99-8d80-14ab740cab7b/current/log_inprogress_0
2019-10-06 15:04:46,931 [Thread-2383] INFO  impl.FollowerState (FollowerState.java:run(108)) - 0ea2a3ec-981c-4c7d-9819-1f140e5813e0@group-900868D23DB7-FollowerState: change to CANDIDATE, lastRpcTime:5074ms, electionTimeout:5074ms
2019-10-06 15:04:46,932 [Thread-2383] INFO  impl.RoleInfo (RoleInfo.java:shutdownFollowerState(121)) - 0ea2a3ec-981c-4c7d-9819-1f140e5813e0: shutdown FollowerState
2019-10-06 15:04:46,932 [Thread-2383] INFO  impl.RaftServerImpl (RaftServerImpl.java:setRole(170)) - 0ea2a3ec-981c-4c7d-9819-1f140e5813e0@group-900868D23DB7: changes role from  FOLLOWER to CANDIDATE at term 0 for changeToCandidate
2019-10-06 15:04:46,932 [Thread-2383] INFO  impl.RoleInfo (RoleInfo.java:updateAndGet(143)) - 0ea2a3ec-981c-4c7d-9819-1f140e5813e0: start LeaderElection
2019-10-06 15:04:46,945 [Thread-2390] INFO  impl.FollowerState (FollowerState.java:run(108)) - 0ea2a3ec-981c-4c7d-9819-1f140e5813e0@group-90D7A8B9067C-FollowerState: change to CANDIDATE, lastRpcTime:5023ms, electionTimeout:5023ms
2019-10-06 15:04:46,945 [Thread-2390] INFO  impl.RoleInfo (RoleInfo.java:shutdownFollowerState(121)) - 0ea2a3ec-981c-4c7d-9819-1f140e5813e0: shutdown FollowerState
2019-10-06 15:04:46,945 [Thread-2390] INFO  impl.RaftServerImpl (RaftServerImpl.java:setRole(170)) - 0ea2a3ec-981c-4c7d-9819-1f140e5813e0@group-90D7A8B9067C: changes role from  FOLLOWER to CANDIDATE at term 0 for changeToCandidate
2019-10-06 15:04:46,945 [Thread-2390] INFO  impl.RoleInfo (RoleInfo.java:updateAndGet(143)) - 0ea2a3ec-981c-4c7d-9819-1f140e5813e0: start LeaderElection
2019-10-06 15:04:46,951 [Thread-2387] INFO  impl.FollowerState (FollowerState.java:run(108)) - 33e7fe1b-e424-48d0-b79d-ae156ba4b37e@group-90D7A8B9067C-FollowerState: change to CANDIDATE, lastRpcTime:5033ms, electionTimeout:5031ms
2019-10-06 15:04:46,951 [Thread-2387] INFO  impl.RoleInfo (RoleInfo.java:shutdownFollowerState(121)) - 33e7fe1b-e424-48d0-b79d-ae156ba4b37e: shutdown FollowerState
2019-10-06 15:04:46,951 [Thread-2387] INFO  impl.RaftServerImpl (RaftServerImpl.java:setRole(170)) - 33e7fe1b-e424-48d0-b79d-ae156ba4b37e@group-90D7A8B9067C: changes role from  FOLLOWER to CANDIDATE at term 0 for changeToCandidate
2019-10-06 15:04:46,951 [Thread-2387] INFO  impl.RoleInfo (RoleInfo.java:updateAndGet(143)) - 33e7fe1b-e424-48d0-b79d-ae156ba4b37e: start LeaderElection
2019-10-06 15:04:46,956 [0ea2a3ec-981c-4c7d-9819-1f140e5813e0@group-900868D23DB7-LeaderElection71] INFO  impl.LeaderElection (LeaderElection.java:askForVotes(178)) - 0ea2a3ec-981c-4c7d-9819-1f140e5813e0@group-900868D23DB7-LeaderElection71: begin an election at term 1 for -1: [0ea2a3ec-981c-4c7d-9819-1f140e5813e0:192.168.151.114:45708], old=null
2019-10-06 15:04:46,956 [0ea2a3ec-981c-4c7d-9819-1f140e5813e0@group-900868D23DB7-LeaderElection71] INFO  impl.RoleInfo (RoleInfo.java:shutdownLeaderElection(134)) - 0ea2a3ec-981c-4c7d-9819-1f140e5813e0: shutdown LeaderElection
2019-10-06 15:04:46,956 [0ea2a3ec-981c-4c7d-9819-1f140e5813e0@group-900868D23DB7-LeaderElection71] INFO  impl.RaftServerImpl (RaftServerImpl.java:setRole(170)) - 0ea2a3ec-981c-4c7d-9819-1f140e5813e0@group-900868D23DB7: changes role from CANDIDATE to LEADER at term 1 for changeToLeader
2019-10-06 15:04:46,957 [0ea2a3ec-981c-4c7d-9819-1f140e5813e0@group-900868D23DB7-LeaderElection71] INFO  impl.RaftServerImpl (ServerState.java:setLeader(255)) - 0ea2a3ec-981c-4c7d-9819-1f140e5813e0@group-900868D23DB7: change Leader from null to 0ea2a3ec-981c-4c7d-9819-1f140e5813e0 at term 1 for becomeLeader, leader elected after 5105ms
2019-10-06 15:04:46,957 [0ea2a3ec-981c-4c7d-9819-1f140e5813e0@group-900868D23DB7-LeaderElection71] INFO  server.RaftServerConfigKeys (ConfUtils.java:logGet(43)) - raft.server.staging.catchup.gap = 1000 (default)
2019-10-06 15:04:46,957 [0ea2a3ec-981c-4c7d-9819-1f140e5813e0@group-900868D23DB7-LeaderElection71] INFO  server.RaftServerConfigKeys (ConfUtils.java:logGet(43)) - raft.server.rpc.sleep.time = 25ms (default)
2019-10-06 15:04:46,957 [0ea2a3ec-981c-4c7d-9819-1f140e5813e0@group-900868D23DB7-LeaderElection71] INFO  server.RaftServerConfigKeys (ConfUtils.java:logGet(43)) - raft.server.write.element-limit = 4096 (default)
2019-10-06 15:04:46,957 [0ea2a3ec-981c-4c7d-9819-1f140e5813e0@group-900868D23DB7-LeaderElection71] INFO  server.RaftServerConfigKeys (ConfUtils.java:logGet(43)) - raft.server.watch.timeout = 10s (default)
2019-10-06 15:04:46,958 [0ea2a3ec-981c-4c7d-9819-1f140e5813e0@group-900868D23DB7-LeaderElection71] INFO  server.RaftServerConfigKeys (ConfUtils.java:logGet(43)) - raft.server.watch.timeout.denomination = 1s (default)
2019-10-06 15:04:46,958 [0ea2a3ec-981c-4c7d-9819-1f140e5813e0@group-900868D23DB7-LeaderElection71] INFO  server.RaftServerConfigKeys (ConfUtils.java:logGet(43)) - raft.server.watch.element-limit = 65536 (default)
2019-10-06 15:04:46,960 [0ea2a3ec-981c-4c7d-9819-1f140e5813e0@group-900868D23DB7-LeaderElection71] INFO  impl.RoleInfo (RoleInfo.java:updateAndGet(143)) - 0ea2a3ec-981c-4c7d-9819-1f140e5813e0: start LeaderState
2019-10-06 15:04:46,961 [0ea2a3ec-981c-4c7d-9819-1f140e5813e0@group-900868D23DB7-LeaderElection71] INFO  segmented.SegmentedRaftLogWorker (SegmentedRaftLogWorker.java:startLogSegment(385)) - 0ea2a3ec-981c-4c7d-9819-1f140e5813e0@group-900868D23DB7-SegmentedRaftLogWorker: Starting segment from index:0
2019-10-06 15:04:46,961 [0ea2a3ec-981c-4c7d-9819-1f140e5813e0@group-900868D23DB7-LeaderElection71] INFO  impl.RaftServerImpl (ServerState.java:setRaftConf(356)) - 0ea2a3ec-981c-4c7d-9819-1f140e5813e0@group-900868D23DB7: set configuration 0: [0ea2a3ec-981c-4c7d-9819-1f140e5813e0:192.168.151.114:45708], old=null at 0
2019-10-06 15:04:46,967 [Thread-2380] INFO  impl.FollowerState (FollowerState.java:run(108)) - 33e7fe1b-e424-48d0-b79d-ae156ba4b37e@group-03908A80D240-FollowerState: change to CANDIDATE, lastRpcTime:5169ms, electionTimeout:5169ms
2019-10-06 15:04:46,967 [Thread-2380] INFO  impl.RoleInfo (RoleInfo.java:shutdownFollowerState(121)) - 33e7fe1b-e424-48d0-b79d-ae156ba4b37e: shutdown FollowerState
2019-10-06 15:04:46,967 [Thread-2380] INFO  impl.RaftServerImpl (RaftServerImpl.java:setRole(170)) - 33e7fe1b-e424-48d0-b79d-ae156ba4b37e@group-03908A80D240: changes role from  FOLLOWER to CANDIDATE at term 0 for changeToCandidate
2019-10-06 15:04:46,968 [Thread-2380] INFO  impl.RoleInfo (RoleInfo.java:updateAndGet(143)) - 33e7fe1b-e424-48d0-b79d-ae156ba4b37e: start LeaderElection
2019-10-06 15:04:46,988 [33e7fe1b-e424-48d0-b79d-ae156ba4b37e@group-90D7A8B9067C-LeaderElection73] INFO  impl.LeaderElection (LeaderElection.java:askForVotes(178)) - 33e7fe1b-e424-48d0-b79d-ae156ba4b37e@group-90D7A8B9067C-LeaderElection73: begin an election at term 1 for -1: [4df6895e-8372-40b0-9618-c8659d8801e0:192.168.151.114:42253, 0ea2a3ec-981c-4c7d-9819-1f140e5813e0:192.168.151.114:45708, 33e7fe1b-e424-48d0-b79d-ae156ba4b37e:192.168.151.114:45058], old=null
2019-10-06 15:04:46,988 [0ea2a3ec-981c-4c7d-9819-1f140e5813e0@group-90D7A8B9067C-LeaderElection72] INFO  impl.LeaderElection (LeaderElection.java:askForVotes(178)) - 0ea2a3ec-981c-4c7d-9819-1f140e5813e0@group-90D7A8B9067C-LeaderElection72: begin an election at term 1 for -1: [4df6895e-8372-40b0-9618-c8659d8801e0:192.168.151.114:42253, 0ea2a3ec-981c-4c7d-9819-1f140e5813e0:192.168.151.114:45708, 33e7fe1b-e424-48d0-b79d-ae156ba4b37e:192.168.151.114:45058], old=null
2019-10-06 15:04:46,991 [0ea2a3ec-981c-4c7d-9819-1f140e5813e0@group-900868D23DB7-SegmentedRaftLogWorker] INFO  segmented.SegmentedRaftLogWorker (SegmentedRaftLogWorker.java:execute(574)) - 0ea2a3ec-981c-4c7d-9819-1f140e5813e0@group-900868D23DB7-SegmentedRaftLogWorker: created new log segment /workdir/hadoop-ozone/integration-test/target/test-dir/MiniOzoneClusterImpl-dbd5195f-4e90-4a77-9b13-3d16538cf4e0/datanode-2/data/ratis/39019cf4-3aa3-4606-b652-900868d23db7/current/log_inprogress_0
2019-10-06 15:04:46,995 [33e7fe1b-e424-48d0-b79d-ae156ba4b37e@group-03908A80D240-LeaderElection74] INFO  impl.LeaderElection (LeaderElection.java:askForVotes(178)) - 33e7fe1b-e424-48d0-b79d-ae156ba4b37e@group-03908A80D240-LeaderElection74: begin an election at term 1 for -1: [33e7fe1b-e424-48d0-b79d-ae156ba4b37e:192.168.151.114:45058], old=null
2019-10-06 15:04:46,995 [33e7fe1b-e424-48d0-b79d-ae156ba4b37e@group-03908A80D240-LeaderElection74] INFO  impl.RoleInfo (RoleInfo.java:shutdownLeaderElection(134)) - 33e7fe1b-e424-48d0-b79d-ae156ba4b37e: shutdown LeaderElection
2019-10-06 15:04:46,995 [33e7fe1b-e424-48d0-b79d-ae156ba4b37e@group-03908A80D240-LeaderElection74] INFO  impl.RaftServerImpl (RaftServerImpl.java:setRole(170)) - 33e7fe1b-e424-48d0-b79d-ae156ba4b37e@group-03908A80D240: changes role from CANDIDATE to LEADER at term 1 for changeToLeader
2019-10-06 15:04:46,995 [33e7fe1b-e424-48d0-b79d-ae156ba4b37e@group-03908A80D240-LeaderElection74] INFO  impl.RaftServerImpl (ServerState.java:setLeader(255)) - 33e7fe1b-e424-48d0-b79d-ae156ba4b37e@group-03908A80D240: change Leader from null to 33e7fe1b-e424-48d0-b79d-ae156ba4b37e at term 1 for becomeLeader, leader elected after 5205ms
2019-10-06 15:04:46,995 [33e7fe1b-e424-48d0-b79d-ae156ba4b37e@group-03908A80D240-LeaderElection74] INFO  server.RaftServerConfigKeys (ConfUtils.java:logGet(43)) - raft.server.staging.catchup.gap = 1000 (default)
2019-10-06 15:04:46,996 [33e7fe1b-e424-48d0-b79d-ae156ba4b37e@group-03908A80D240-LeaderElection74] INFO  server.RaftServerConfigKeys (ConfUtils.java:logGet(43)) - raft.server.rpc.sleep.time = 25ms (default)
2019-10-06 15:04:46,996 [33e7fe1b-e424-48d0-b79d-ae156ba4b37e@group-03908A80D240-LeaderElection74] INFO  server.RaftServerConfigKeys (ConfUtils.java:logGet(43)) - raft.server.write.element-limit = 4096 (default)
2019-10-06 15:04:46,996 [33e7fe1b-e424-48d0-b79d-ae156ba4b37e@group-03908A80D240-LeaderElection74] INFO  server.RaftServerConfigKeys (ConfUtils.java:logGet(43)) - raft.server.watch.timeout = 10s (default)
2019-10-06 15:04:46,996 [33e7fe1b-e424-48d0-b79d-ae156ba4b37e@group-03908A80D240-LeaderElection74] INFO  server.RaftServerConfigKeys (ConfUtils.java:logGet(43)) - raft.server.watch.timeout.denomination = 1s (default)
2019-10-06 15:04:46,996 [33e7fe1b-e424-48d0-b79d-ae156ba4b37e@group-03908A80D240-LeaderElection74] INFO  server.RaftServerConfigKeys (ConfUtils.java:logGet(43)) - raft.server.watch.element-limit = 65536 (default)
2019-10-06 15:04:47,000 [grpc-default-executor-1] INFO  impl.RaftServerImpl (RaftServerImpl.java:setRole(170)) - 4df6895e-8372-40b0-9618-c8659d8801e0@group-90D7A8B9067C: changes role from  FOLLOWER to FOLLOWER at term 1 for recognizeCandidate:0ea2a3ec-981c-4c7d-9819-1f140e5813e0
2019-10-06 15:04:47,000 [grpc-default-executor-1] INFO  impl.RoleInfo (RoleInfo.java:shutdownFollowerState(121)) - 4df6895e-8372-40b0-9618-c8659d8801e0: shutdown FollowerState
2019-10-06 15:04:47,000 [grpc-default-executor-1] INFO  impl.RoleInfo (RoleInfo.java:updateAndGet(143)) - 4df6895e-8372-40b0-9618-c8659d8801e0: start FollowerState
2019-10-06 15:04:47,000 [Thread-2389] INFO  impl.FollowerState (FollowerState.java:run(117)) - 4df6895e-8372-40b0-9618-c8659d8801e0@group-90D7A8B9067C-FollowerState was interrupted: java.lang.InterruptedException: sleep interrupted
2019-10-06 15:04:47,000 [33e7fe1b-e424-48d0-b79d-ae156ba4b37e@group-03908A80D240-LeaderElection74] INFO  impl.RoleInfo (RoleInfo.java:updateAndGet(143)) - 33e7fe1b-e424-48d0-b79d-ae156ba4b37e: start LeaderState
2019-10-06 15:04:47,003 [33e7fe1b-e424-48d0-b79d-ae156ba4b37e@group-03908A80D240-LeaderElection74] INFO  segmented.SegmentedRaftLogWorker (SegmentedRaftLogWorker.java:startLogSegment(385)) - 33e7fe1b-e424-48d0-b79d-ae156ba4b37e@group-03908A80D240-SegmentedRaftLogWorker: Starting segment from index:0
2019-10-06 15:04:47,003 [33e7fe1b-e424-48d0-b79d-ae156ba4b37e@group-03908A80D240-LeaderElection74] INFO  impl.RaftServerImpl (ServerState.java:setRaftConf(356)) - 33e7fe1b-e424-48d0-b79d-ae156ba4b37e@group-03908A80D240: set configuration 0: [33e7fe1b-e424-48d0-b79d-ae156ba4b37e:192.168.151.114:45058], old=null at 0
2019-10-06 15:04:47,006 [33e7fe1b-e424-48d0-b79d-ae156ba4b37e@group-90D7A8B9067C-LeaderElection73] INFO  impl.LeaderElection (LeaderElection.java:logAndReturn(56)) - 33e7fe1b-e424-48d0-b79d-ae156ba4b37e@group-90D7A8B9067C-LeaderElection73: Election REJECTED; received 2 response(s) [33e7fe1b-e424-48d0-b79d-ae156ba4b37e<-4df6895e-8372-40b0-9618-c8659d8801e0#0:FAIL-t1, 33e7fe1b-e424-48d0-b79d-ae156ba4b37e<-0ea2a3ec-981c-4c7d-9819-1f140e5813e0#0:FAIL-t1] and 0 exception(s); 33e7fe1b-e424-48d0-b79d-ae156ba4b37e@group-90D7A8B9067C:t1, leader=null, voted=33e7fe1b-e424-48d0-b79d-ae156ba4b37e, raftlog=33e7fe1b-e424-48d0-b79d-ae156ba4b37e@group-90D7A8B9067C-SegmentedRaftLog:OPENED:c-1,f-1,i0, conf=-1: [4df6895e-8372-40b0-9618-c8659d8801e0:192.168.151.114:42253, 0ea2a3ec-981c-4c7d-9819-1f140e5813e0:192.168.151.114:45708, 33e7fe1b-e424-48d0-b79d-ae156ba4b37e:192.168.151.114:45058], old=null
2019-10-06 15:04:47,006 [0ea2a3ec-981c-4c7d-9819-1f140e5813e0@group-90D7A8B9067C-LeaderElection72] INFO  impl.LeaderElection (LeaderElection.java:logAndReturn(56)) - 0ea2a3ec-981c-4c7d-9819-1f140e5813e0@group-90D7A8B9067C-LeaderElection72: Election PASSED; received 2 response(s) [0ea2a3ec-981c-4c7d-9819-1f140e5813e0<-4df6895e-8372-40b0-9618-c8659d8801e0#0:OK-t1, 0ea2a3ec-981c-4c7d-9819-1f140e5813e0<-33e7fe1b-e424-48d0-b79d-ae156ba4b37e#0:FAIL-t1] and 0 exception(s); 0ea2a3ec-981c-4c7d-9819-1f140e5813e0@group-90D7A8B9067C:t1, leader=null, voted=0ea2a3ec-981c-4c7d-9819-1f140e5813e0, raftlog=0ea2a3ec-981c-4c7d-9819-1f140e5813e0@group-90D7A8B9067C-SegmentedRaftLog:OPENED:c-1,f-1,i0, conf=-1: [4df6895e-8372-40b0-9618-c8659d8801e0:192.168.151.114:42253, 0ea2a3ec-981c-4c7d-9819-1f140e5813e0:192.168.151.114:45708, 33e7fe1b-e424-48d0-b79d-ae156ba4b37e:192.168.151.114:45058], old=null
2019-10-06 15:04:47,006 [33e7fe1b-e424-48d0-b79d-ae156ba4b37e@group-90D7A8B9067C-LeaderElection73] INFO  impl.RaftServerImpl (RaftServerImpl.java:setRole(170)) - 33e7fe1b-e424-48d0-b79d-ae156ba4b37e@group-90D7A8B9067C: changes role from CANDIDATE to FOLLOWER at term 1 for DISCOVERED_A_NEW_TERM
2019-10-06 15:04:47,007 [0ea2a3ec-981c-4c7d-9819-1f140e5813e0@group-90D7A8B9067C-LeaderElection72] INFO  impl.RoleInfo (RoleInfo.java:shutdownLeaderElection(134)) - 0ea2a3ec-981c-4c7d-9819-1f140e5813e0: shutdown LeaderElection
2019-10-06 15:04:47,035 [0ea2a3ec-981c-4c7d-9819-1f140e5813e0@group-90D7A8B9067C-LeaderElection72] INFO  impl.RaftServerImpl (RaftServerImpl.java:setRole(170)) - 0ea2a3ec-981c-4c7d-9819-1f140e5813e0@group-90D7A8B9067C: changes role from CANDIDATE to LEADER at term 1 for changeToLeader
2019-10-06 15:04:47,035 [0ea2a3ec-981c-4c7d-9819-1f140e5813e0@group-90D7A8B9067C-LeaderElection72] INFO  impl.RaftServerImpl (ServerState.java:setLeader(255)) - 0ea2a3ec-981c-4c7d-9819-1f140e5813e0@group-90D7A8B9067C: change Leader from null to 0ea2a3ec-981c-4c7d-9819-1f140e5813e0 at term 1 for becomeLeader, leader elected after 5125ms
2019-10-06 15:04:47,035 [0ea2a3ec-981c-4c7d-9819-1f140e5813e0@group-90D7A8B9067C-LeaderElection72] INFO  server.RaftServerConfigKeys (ConfUtils.java:logGet(43)) - raft.server.staging.catchup.gap = 1000 (default)
2019-10-06 15:04:47,035 [0ea2a3ec-981c-4c7d-9819-1f140e5813e0@group-90D7A8B9067C-LeaderElection72] INFO  server.RaftServerConfigKeys (ConfUtils.java:logGet(43)) - raft.server.rpc.sleep.time = 25ms (default)
2019-10-06 15:04:47,033 [33e7fe1b-e424-48d0-b79d-ae156ba4b37e@group-90D7A8B9067C-LeaderElection73] INFO  impl.RoleInfo (RoleInfo.java:shutdownLeaderElection(134)) - 33e7fe1b-e424-48d0-b79d-ae156ba4b37e: shutdown LeaderElection
2019-10-06 15:04:47,036 [0ea2a3ec-981c-4c7d-9819-1f140e5813e0@group-90D7A8B9067C-LeaderElection72] INFO  server.RaftServerConfigKeys (ConfUtils.java:logGet(43)) - raft.server.write.element-limit = 4096 (default)
2019-10-06 15:04:47,036 [33e7fe1b-e424-48d0-b79d-ae156ba4b37e@group-90D7A8B9067C-LeaderElection73] INFO  impl.RoleInfo (RoleInfo.java:updateAndGet(143)) - 33e7fe1b-e424-48d0-b79d-ae156ba4b37e: start FollowerState
2019-10-06 15:04:47,036 [0ea2a3ec-981c-4c7d-9819-1f140e5813e0@group-90D7A8B9067C-LeaderElection72] INFO  server.RaftServerConfigKeys (ConfUtils.java:logGet(43)) - raft.server.watch.timeout = 10s (default)
2019-10-06 15:04:47,036 [0ea2a3ec-981c-4c7d-9819-1f140e5813e0@group-90D7A8B9067C-LeaderElection72] INFO  server.RaftServerConfigKeys (ConfUtils.java:logGet(43)) - raft.server.watch.timeout.denomination = 1s (default)
2019-10-06 15:04:47,036 [0ea2a3ec-981c-4c7d-9819-1f140e5813e0@group-90D7A8B9067C-LeaderElection72] INFO  server.RaftServerConfigKeys (ConfUtils.java:logGet(43)) - raft.server.watch.element-limit = 65536 (default)
2019-10-06 15:04:47,037 [33e7fe1b-e424-48d0-b79d-ae156ba4b37e@group-03908A80D240-SegmentedRaftLogWorker] INFO  segmented.SegmentedRaftLogWorker (SegmentedRaftLogWorker.java:execute(574)) - 33e7fe1b-e424-48d0-b79d-ae156ba4b37e@group-03908A80D240-SegmentedRaftLogWorker: created new log segment /workdir/hadoop-ozone/integration-test/target/test-dir/MiniOzoneClusterImpl-dbd5195f-4e90-4a77-9b13-3d16538cf4e0/datanode-1/data/ratis/6af3e704-6afd-42d5-9303-03908a80d240/current/log_inprogress_0
2019-10-06 15:04:47,037 [0ea2a3ec-981c-4c7d-9819-1f140e5813e0@group-90D7A8B9067C-LeaderElection72] INFO  server.RaftServerConfigKeys (ConfUtils.java:logGet(43)) - raft.server.log.appender.snapshot.chunk.size.max = 16MB (=16777216) (default)
2019-10-06 15:04:47,038 [0ea2a3ec-981c-4c7d-9819-1f140e5813e0@group-90D7A8B9067C-LeaderElection72] INFO  server.RaftServerConfigKeys (ConfUtils.java:logGet(43)) - raft.server.log.appender.buffer.byte-limit = 33554432 (custom)
2019-10-06 15:04:47,038 [0ea2a3ec-981c-4c7d-9819-1f140e5813e0@group-90D7A8B9067C-LeaderElection72] INFO  server.RaftServerConfigKeys (ConfUtils.java:logGet(43)) - raft.server.log.appender.buffer.element-limit = 1 (custom)
2019-10-06 15:04:47,038 [0ea2a3ec-981c-4c7d-9819-1f140e5813e0@group-90D7A8B9067C-LeaderElection72] INFO  grpc.GrpcConfigKeys$Server (ConfUtils.java:logGet(43)) - raft.grpc.server.leader.outstanding.appends.max = 128 (default)
2019-10-06 15:04:47,038 [0ea2a3ec-981c-4c7d-9819-1f140e5813e0@group-90D7A8B9067C-LeaderElection72] INFO  server.RaftServerConfigKeys (ConfUtils.java:logGet(43)) - raft.server.rpc.request.timeout = 3000ms (default)
2019-10-06 15:04:47,038 [0ea2a3ec-981c-4c7d-9819-1f140e5813e0@group-90D7A8B9067C-LeaderElection72] INFO  server.RaftServerConfigKeys (ConfUtils.java:logGet(43)) - raft.server.log.appender.install.snapshot.enabled = false (custom)
2019-10-06 15:04:47,038 [0ea2a3ec-981c-4c7d-9819-1f140e5813e0@group-90D7A8B9067C-LeaderElection72] INFO  server.RaftServerConfigKeys (ConfUtils.java:logGet(43)) - raft.server.log.appender.snapshot.chunk.size.max = 16MB (=16777216) (default)
2019-10-06 15:04:47,038 [0ea2a3ec-981c-4c7d-9819-1f140e5813e0@group-90D7A8B9067C-LeaderElection72] INFO  server.RaftServerConfigKeys (ConfUtils.java:logGet(43)) - raft.server.log.appender.buffer.byte-limit = 33554432 (custom)
2019-10-06 15:04:47,039 [0ea2a3ec-981c-4c7d-9819-1f140e5813e0@group-90D7A8B9067C-LeaderElection72] INFO  server.RaftServerConfigKeys (ConfUtils.java:logGet(43)) - raft.server.log.appender.buffer.element-limit = 1 (custom)
2019-10-06 15:04:47,039 [0ea2a3ec-981c-4c7d-9819-1f140e5813e0@group-90D7A8B9067C-LeaderElection72] INFO  grpc.GrpcConfigKeys$Server (ConfUtils.java:logGet(43)) - raft.grpc.server.leader.outstanding.appends.max = 128 (default)
2019-10-06 15:04:47,039 [0ea2a3ec-981c-4c7d-9819-1f140e5813e0@group-90D7A8B9067C-LeaderElection72] INFO  server.RaftServerConfigKeys (ConfUtils.java:logGet(43)) - raft.server.rpc.request.timeout = 3000ms (default)
2019-10-06 15:04:47,039 [0ea2a3ec-981c-4c7d-9819-1f140e5813e0@group-90D7A8B9067C-LeaderElection72] INFO  server.RaftServerConfigKeys (ConfUtils.java:logGet(43)) - raft.server.log.appender.install.snapshot.enabled = false (custom)
2019-10-06 15:04:47,039 [0ea2a3ec-981c-4c7d-9819-1f140e5813e0@group-90D7A8B9067C-LeaderElection72] INFO  impl.RoleInfo (RoleInfo.java:updateAndGet(143)) - 0ea2a3ec-981c-4c7d-9819-1f140e5813e0: start LeaderState
2019-10-06 15:04:47,039 [0ea2a3ec-981c-4c7d-9819-1f140e5813e0@group-90D7A8B9067C-LeaderElection72] INFO  segmented.SegmentedRaftLogWorker (SegmentedRaftLogWorker.java:startLogSegment(385)) - 0ea2a3ec-981c-4c7d-9819-1f140e5813e0@group-90D7A8B9067C-SegmentedRaftLogWorker: Starting segment from index:0
2019-10-06 15:04:47,040 [0ea2a3ec-981c-4c7d-9819-1f140e5813e0@group-90D7A8B9067C-LeaderElection72] INFO  impl.RaftServerImpl (ServerState.java:setRaftConf(356)) - 0ea2a3ec-981c-4c7d-9819-1f140e5813e0@group-90D7A8B9067C: set configuration 0: [4df6895e-8372-40b0-9618-c8659d8801e0:192.168.151.114:42253, 0ea2a3ec-981c-4c7d-9819-1f140e5813e0:192.168.151.114:45708, 33e7fe1b-e424-48d0-b79d-ae156ba4b37e:192.168.151.114:45058], old=null at 0
2019-10-06 15:04:47,069 [0ea2a3ec-981c-4c7d-9819-1f140e5813e0@group-90D7A8B9067C-SegmentedRaftLogWorker] INFO  segmented.SegmentedRaftLogWorker (SegmentedRaftLogWorker.java:execute(574)) - 0ea2a3ec-981c-4c7d-9819-1f140e5813e0@group-90D7A8B9067C-SegmentedRaftLogWorker: created new log segment /workdir/hadoop-ozone/integration-test/target/test-dir/MiniOzoneClusterImpl-dbd5195f-4e90-4a77-9b13-3d16538cf4e0/datanode-2/data/ratis/c1db738c-8870-40b6-8139-90d7a8b9067c/current/log_inprogress_0
2019-10-06 15:04:47,071 [grpc-default-executor-7] INFO  impl.RaftServerImpl (ServerState.java:setLeader(255)) - 33e7fe1b-e424-48d0-b79d-ae156ba4b37e@group-90D7A8B9067C: change Leader from null to 0ea2a3ec-981c-4c7d-9819-1f140e5813e0 at term 1 for appendEntries, leader elected after 5160ms
2019-10-06 15:04:47,086 [grpc-default-executor-1] INFO  impl.RaftServerImpl (ServerState.java:setLeader(255)) - 4df6895e-8372-40b0-9618-c8659d8801e0@group-90D7A8B9067C: change Leader from null to 0ea2a3ec-981c-4c7d-9819-1f140e5813e0 at term 1 for appendEntries, leader elected after 5176ms
2019-10-06 15:04:47,088 [grpc-default-executor-1] INFO  impl.RaftServerImpl (ServerState.java:setRaftConf(356)) - 4df6895e-8372-40b0-9618-c8659d8801e0@group-90D7A8B9067C: set configuration 0: [4df6895e-8372-40b0-9618-c8659d8801e0:192.168.151.114:42253, 0ea2a3ec-981c-4c7d-9819-1f140e5813e0:192.168.151.114:45708, 33e7fe1b-e424-48d0-b79d-ae156ba4b37e:192.168.151.114:45058], old=null at 0
2019-10-06 15:04:47,088 [grpc-default-executor-7] INFO  impl.RaftServerImpl (ServerState.java:setRaftConf(356)) - 33e7fe1b-e424-48d0-b79d-ae156ba4b37e@group-90D7A8B9067C: set configuration 0: [4df6895e-8372-40b0-9618-c8659d8801e0:192.168.151.114:42253, 0ea2a3ec-981c-4c7d-9819-1f140e5813e0:192.168.151.114:45708, 33e7fe1b-e424-48d0-b79d-ae156ba4b37e:192.168.151.114:45058], old=null at 0
2019-10-06 15:04:47,089 [grpc-default-executor-1] INFO  segmented.SegmentedRaftLogWorker (SegmentedRaftLogWorker.java:startLogSegment(385)) - 4df6895e-8372-40b0-9618-c8659d8801e0@group-90D7A8B9067C-SegmentedRaftLogWorker: Starting segment from index:0
2019-10-06 15:04:47,089 [grpc-default-executor-7] INFO  segmented.SegmentedRaftLogWorker (SegmentedRaftLogWorker.java:startLogSegment(385)) - 33e7fe1b-e424-48d0-b79d-ae156ba4b37e@group-90D7A8B9067C-SegmentedRaftLogWorker: Starting segment from index:0
2019-10-06 15:04:47,111 [Thread-2401] INFO  impl.FollowerState (FollowerState.java:run(108)) - c890bc22-944a-4f38-b160-ae434527e171@group-2D8E1F943989-FollowerState: change to CANDIDATE, lastRpcTime:5012ms, electionTimeout:5012ms
2019-10-06 15:04:47,111 [Thread-2401] INFO  impl.RoleInfo (RoleInfo.java:shutdownFollowerState(121)) - c890bc22-944a-4f38-b160-ae434527e171: shutdown FollowerState
2019-10-06 15:04:47,111 [Thread-2401] INFO  impl.RaftServerImpl (RaftServerImpl.java:setRole(170)) - c890bc22-944a-4f38-b160-ae434527e171@group-2D8E1F943989: changes role from  FOLLOWER to CANDIDATE at term 0 for changeToCandidate
2019-10-06 15:04:47,111 [Thread-2401] INFO  impl.RoleInfo (RoleInfo.java:updateAndGet(143)) - c890bc22-944a-4f38-b160-ae434527e171: start LeaderElection
2019-10-06 15:04:47,131 [Thread-2395] INFO  impl.FollowerState (FollowerState.java:run(108)) - 828fbc95-c8a6-4083-b752-922978508eb1@group-D7BE0F97956B-FollowerState: change to CANDIDATE, lastRpcTime:5124ms, electionTimeout:5124ms
2019-10-06 15:04:47,131 [Thread-2395] INFO  impl.RoleInfo (RoleInfo.java:shutdownFollowerState(121)) - 828fbc95-c8a6-4083-b752-922978508eb1: shutdown FollowerState
2019-10-06 15:04:47,131 [Thread-2395] INFO  impl.RaftServerImpl (RaftServerImpl.java:setRole(170)) - 828fbc95-c8a6-4083-b752-922978508eb1@group-D7BE0F97956B: changes role from  FOLLOWER to CANDIDATE at term 0 for changeToCandidate
2019-10-06 15:04:47,131 [Thread-2395] INFO  impl.RoleInfo (RoleInfo.java:updateAndGet(143)) - 828fbc95-c8a6-4083-b752-922978508eb1: start LeaderElection
2019-10-06 15:04:47,135 [33e7fe1b-e424-48d0-b79d-ae156ba4b37e@group-90D7A8B9067C-SegmentedRaftLogWorker] INFO  segmented.SegmentedRaftLogWorker (SegmentedRaftLogWorker.java:execute(574)) - 33e7fe1b-e424-48d0-b79d-ae156ba4b37e@group-90D7A8B9067C-SegmentedRaftLogWorker: created new log segment /workdir/hadoop-ozone/integration-test/target/test-dir/MiniOzoneClusterImpl-dbd5195f-4e90-4a77-9b13-3d16538cf4e0/datanode-1/data/ratis/c1db738c-8870-40b6-8139-90d7a8b9067c/current/log_inprogress_0
2019-10-06 15:04:47,135 [4df6895e-8372-40b0-9618-c8659d8801e0@group-90D7A8B9067C-SegmentedRaftLogWorker] INFO  segmented.SegmentedRaftLogWorker (SegmentedRaftLogWorker.java:execute(574)) - 4df6895e-8372-40b0-9618-c8659d8801e0@group-90D7A8B9067C-SegmentedRaftLogWorker: created new log segment /workdir/hadoop-ozone/integration-test/target/test-dir/MiniOzoneClusterImpl-dbd5195f-4e90-4a77-9b13-3d16538cf4e0/datanode-0/data/ratis/c1db738c-8870-40b6-8139-90d7a8b9067c/current/log_inprogress_0
2019-10-06 15:04:47,135 [c890bc22-944a-4f38-b160-ae434527e171@group-2D8E1F943989-LeaderElection75] INFO  impl.LeaderElection (LeaderElection.java:askForVotes(178)) - c890bc22-944a-4f38-b160-ae434527e171@group-2D8E1F943989-LeaderElection75: begin an election at term 1 for -1: [c890bc22-944a-4f38-b160-ae434527e171:192.168.151.114:39070], old=null
2019-10-06 15:04:47,138 [c890bc22-944a-4f38-b160-ae434527e171@group-2D8E1F943989-LeaderElection75] INFO  impl.RoleInfo (RoleInfo.java:shutdownLeaderElection(134)) - c890bc22-944a-4f38-b160-ae434527e171: shutdown LeaderElection
2019-10-06 15:04:47,138 [c890bc22-944a-4f38-b160-ae434527e171@group-2D8E1F943989-LeaderElection75] INFO  impl.RaftServerImpl (RaftServerImpl.java:setRole(170)) - c890bc22-944a-4f38-b160-ae434527e171@group-2D8E1F943989: changes role from CANDIDATE to LEADER at term 1 for changeToLeader
2019-10-06 15:04:47,138 [c890bc22-944a-4f38-b160-ae434527e171@group-2D8E1F943989-LeaderElection75] INFO  impl.RaftServerImpl (ServerState.java:setLeader(255)) - c890bc22-944a-4f38-b160-ae434527e171@group-2D8E1F943989: change Leader from null to c890bc22-944a-4f38-b160-ae434527e171 at term 1 for becomeLeader, leader elected after 5045ms
2019-10-06 15:04:47,138 [c890bc22-944a-4f38-b160-ae434527e171@group-2D8E1F943989-LeaderElection75] INFO  server.RaftServerConfigKeys (ConfUtils.java:logGet(43)) - raft.server.staging.catchup.gap = 1000 (default)
2019-10-06 15:04:47,138 [c890bc22-944a-4f38-b160-ae434527e171@group-2D8E1F943989-LeaderElection75] INFO  server.RaftServerConfigKeys (ConfUtils.java:logGet(43)) - raft.server.rpc.sleep.time = 25ms (default)
2019-10-06 15:04:47,138 [c890bc22-944a-4f38-b160-ae434527e171@group-2D8E1F943989-LeaderElection75] INFO  server.RaftServerConfigKeys (ConfUtils.java:logGet(43)) - raft.server.write.element-limit = 4096 (default)
2019-10-06 15:04:47,138 [c890bc22-944a-4f38-b160-ae434527e171@group-2D8E1F943989-LeaderElection75] INFO  server.RaftServerConfigKeys (ConfUtils.java:logGet(43)) - raft.server.watch.timeout = 10s (default)
2019-10-06 15:04:47,138 [c890bc22-944a-4f38-b160-ae434527e171@group-2D8E1F943989-LeaderElection75] INFO  server.RaftServerConfigKeys (ConfUtils.java:logGet(43)) - raft.server.watch.timeout.denomination = 1s (default)
2019-10-06 15:04:47,138 [c890bc22-944a-4f38-b160-ae434527e171@group-2D8E1F943989-LeaderElection75] INFO  server.RaftServerConfigKeys (ConfUtils.java:logGet(43)) - raft.server.watch.element-limit = 65536 (default)
2019-10-06 15:04:47,140 [c890bc22-944a-4f38-b160-ae434527e171@group-2D8E1F943989-LeaderElection75] INFO  impl.RoleInfo (RoleInfo.java:updateAndGet(143)) - c890bc22-944a-4f38-b160-ae434527e171: start LeaderState
2019-10-06 15:04:47,140 [c890bc22-944a-4f38-b160-ae434527e171@group-2D8E1F943989-LeaderElection75] INFO  segmented.SegmentedRaftLogWorker (SegmentedRaftLogWorker.java:startLogSegment(385)) - c890bc22-944a-4f38-b160-ae434527e171@group-2D8E1F943989-SegmentedRaftLogWorker: Starting segment from index:0
2019-10-06 15:04:47,140 [c890bc22-944a-4f38-b160-ae434527e171@group-2D8E1F943989-LeaderElection75] INFO  impl.RaftServerImpl (ServerState.java:setRaftConf(356)) - c890bc22-944a-4f38-b160-ae434527e171@group-2D8E1F943989: set configuration 0: [c890bc22-944a-4f38-b160-ae434527e171:192.168.151.114:39070], old=null at 0
2019-10-06 15:04:47,155 [828fbc95-c8a6-4083-b752-922978508eb1@group-D7BE0F97956B-LeaderElection76] INFO  impl.LeaderElection (LeaderElection.java:askForVotes(178)) - 828fbc95-c8a6-4083-b752-922978508eb1@group-D7BE0F97956B-LeaderElection76: begin an election at term 1 for -1: [828fbc95-c8a6-4083-b752-922978508eb1:192.168.151.114:35311], old=null
2019-10-06 15:04:47,155 [828fbc95-c8a6-4083-b752-922978508eb1@group-D7BE0F97956B-LeaderElection76] INFO  impl.RoleInfo (RoleInfo.java:shutdownLeaderElection(134)) - 828fbc95-c8a6-4083-b752-922978508eb1: shutdown LeaderElection
2019-10-06 15:04:47,155 [828fbc95-c8a6-4083-b752-922978508eb1@group-D7BE0F97956B-LeaderElection76] INFO  impl.RaftServerImpl (RaftServerImpl.java:setRole(170)) - 828fbc95-c8a6-4083-b752-922978508eb1@group-D7BE0F97956B: changes role from CANDIDATE to LEADER at term 1 for changeToLeader
2019-10-06 15:04:47,155 [828fbc95-c8a6-4083-b752-922978508eb1@group-D7BE0F97956B-LeaderElection76] INFO  impl.RaftServerImpl (ServerState.java:setLeader(255)) - 828fbc95-c8a6-4083-b752-922978508eb1@group-D7BE0F97956B: change Leader from null to 828fbc95-c8a6-4083-b752-922978508eb1 at term 1 for becomeLeader, leader elected after 5156ms
2019-10-06 15:04:47,155 [828fbc95-c8a6-4083-b752-922978508eb1@group-D7BE0F97956B-LeaderElection76] INFO  server.RaftServerConfigKeys (ConfUtils.java:logGet(43)) - raft.server.staging.catchup.gap = 1000 (default)
2019-10-06 15:04:47,155 [828fbc95-c8a6-4083-b752-922978508eb1@group-D7BE0F97956B-LeaderElection76] INFO  server.RaftServerConfigKeys (ConfUtils.java:logGet(43)) - raft.server.rpc.sleep.time = 25ms (default)
2019-10-06 15:04:47,155 [828fbc95-c8a6-4083-b752-922978508eb1@group-D7BE0F97956B-LeaderElection76] INFO  server.RaftServerConfigKeys (ConfUtils.java:logGet(43)) - raft.server.write.element-limit = 4096 (default)
2019-10-06 15:04:47,155 [828fbc95-c8a6-4083-b752-922978508eb1@group-D7BE0F97956B-LeaderElection76] INFO  server.RaftServerConfigKeys (ConfUtils.java:logGet(43)) - raft.server.watch.timeout = 10s (default)
2019-10-06 15:04:47,156 [828fbc95-c8a6-4083-b752-922978508eb1@group-D7BE0F97956B-LeaderElection76] INFO  server.RaftServerConfigKeys (ConfUtils.java:logGet(43)) - raft.server.watch.timeout.denomination = 1s (default)
2019-10-06 15:04:47,156 [828fbc95-c8a6-4083-b752-922978508eb1@group-D7BE0F97956B-LeaderElection76] INFO  server.RaftServerConfigKeys (ConfUtils.java:logGet(43)) - raft.server.watch.element-limit = 65536 (default)
2019-10-06 15:04:47,157 [828fbc95-c8a6-4083-b752-922978508eb1@group-D7BE0F97956B-LeaderElection76] INFO  impl.RoleInfo (RoleInfo.java:updateAndGet(143)) - 828fbc95-c8a6-4083-b752-922978508eb1: start LeaderState
2019-10-06 15:04:47,157 [828fbc95-c8a6-4083-b752-922978508eb1@group-D7BE0F97956B-LeaderElection76] INFO  segmented.SegmentedRaftLogWorker (SegmentedRaftLogWorker.java:startLogSegment(385)) - 828fbc95-c8a6-4083-b752-922978508eb1@group-D7BE0F97956B-SegmentedRaftLogWorker: Starting segment from index:0
2019-10-06 15:04:47,158 [828fbc95-c8a6-4083-b752-922978508eb1@group-D7BE0F97956B-LeaderElection76] INFO  impl.RaftServerImpl (ServerState.java:setRaftConf(356)) - 828fbc95-c8a6-4083-b752-922978508eb1@group-D7BE0F97956B: set configuration 0: [828fbc95-c8a6-4083-b752-922978508eb1:192.168.151.114:35311], old=null at 0
2019-10-06 15:04:47,176 [c890bc22-944a-4f38-b160-ae434527e171@group-2D8E1F943989-SegmentedRaftLogWorker] INFO  segmented.SegmentedRaftLogWorker (SegmentedRaftLogWorker.java:execute(574)) - c890bc22-944a-4f38-b160-ae434527e171@group-2D8E1F943989-SegmentedRaftLogWorker: created new log segment /workdir/hadoop-ozone/integration-test/target/test-dir/MiniOzoneClusterImpl-dbd5195f-4e90-4a77-9b13-3d16538cf4e0/datanode-5/data/ratis/d1af5f6e-8a8c-461e-a124-2d8e1f943989/current/log_inprogress_0
2019-10-06 15:04:47,181 [Thread-2406] INFO  impl.FollowerState (FollowerState.java:run(108)) - ae2470a9-5e75-41f7-83f3-17d4bf1da86c@group-395FB745ED1E-FollowerState: change to CANDIDATE, lastRpcTime:5002ms, electionTimeout:5002ms
2019-10-06 15:04:47,181 [Thread-2406] INFO  impl.RoleInfo (RoleInfo.java:shutdownFollowerState(121)) - ae2470a9-5e75-41f7-83f3-17d4bf1da86c: shutdown FollowerState
2019-10-06 15:04:47,181 [Thread-2406] INFO  impl.RaftServerImpl (RaftServerImpl.java:setRole(170)) - ae2470a9-5e75-41f7-83f3-17d4bf1da86c@group-395FB745ED1E: changes role from  FOLLOWER to CANDIDATE at term 0 for changeToCandidate
2019-10-06 15:04:47,181 [Thread-2406] INFO  impl.RoleInfo (RoleInfo.java:updateAndGet(143)) - ae2470a9-5e75-41f7-83f3-17d4bf1da86c: start LeaderElection
2019-10-06 15:04:47,191 [828fbc95-c8a6-4083-b752-922978508eb1@group-D7BE0F97956B-SegmentedRaftLogWorker] INFO  segmented.SegmentedRaftLogWorker (SegmentedRaftLogWorker.java:execute(574)) - 828fbc95-c8a6-4083-b752-922978508eb1@group-D7BE0F97956B-SegmentedRaftLogWorker: created new log segment /workdir/hadoop-ozone/integration-test/target/test-dir/MiniOzoneClusterImpl-dbd5195f-4e90-4a77-9b13-3d16538cf4e0/datanode-3/data/ratis/14563e86-9631-46f9-825a-d7be0f97956b/current/log_inprogress_0
2019-10-06 15:04:47,204 [ae2470a9-5e75-41f7-83f3-17d4bf1da86c@group-395FB745ED1E-LeaderElection77] INFO  impl.LeaderElection (LeaderElection.java:askForVotes(178)) - ae2470a9-5e75-41f7-83f3-17d4bf1da86c@group-395FB745ED1E-LeaderElection77: begin an election at term 1 for -1: [ae2470a9-5e75-41f7-83f3-17d4bf1da86c:192.168.151.114:38898], old=null
2019-10-06 15:04:47,204 [ae2470a9-5e75-41f7-83f3-17d4bf1da86c@group-395FB745ED1E-LeaderElection77] INFO  impl.RoleInfo (RoleInfo.java:shutdownLeaderElection(134)) - ae2470a9-5e75-41f7-83f3-17d4bf1da86c: shutdown LeaderElection
2019-10-06 15:04:47,204 [ae2470a9-5e75-41f7-83f3-17d4bf1da86c@group-395FB745ED1E-LeaderElection77] INFO  impl.RaftServerImpl (RaftServerImpl.java:setRole(170)) - ae2470a9-5e75-41f7-83f3-17d4bf1da86c@group-395FB745ED1E: changes role from CANDIDATE to LEADER at term 1 for changeToLeader
2019-10-06 15:04:47,204 [ae2470a9-5e75-41f7-83f3-17d4bf1da86c@group-395FB745ED1E-LeaderElection77] INFO  impl.RaftServerImpl (ServerState.java:setLeader(255)) - ae2470a9-5e75-41f7-83f3-17d4bf1da86c@group-395FB745ED1E: change Leader from null to ae2470a9-5e75-41f7-83f3-17d4bf1da86c at term 1 for becomeLeader, leader elected after 5033ms
2019-10-06 15:04:47,204 [ae2470a9-5e75-41f7-83f3-17d4bf1da86c@group-395FB745ED1E-LeaderElection77] INFO  server.RaftServerConfigKeys (ConfUtils.java:logGet(43)) - raft.server.staging.catchup.gap = 1000 (default)
2019-10-06 15:04:47,204 [ae2470a9-5e75-41f7-83f3-17d4bf1da86c@group-395FB745ED1E-LeaderElection77] INFO  server.RaftServerConfigKeys (ConfUtils.java:logGet(43)) - raft.server.rpc.sleep.time = 25ms (default)
2019-10-06 15:04:47,205 [ae2470a9-5e75-41f7-83f3-17d4bf1da86c@group-395FB745ED1E-LeaderElection77] INFO  server.RaftServerConfigKeys (ConfUtils.java:logGet(43)) - raft.server.write.element-limit = 4096 (default)
2019-10-06 15:04:47,205 [ae2470a9-5e75-41f7-83f3-17d4bf1da86c@group-395FB745ED1E-LeaderElection77] INFO  server.RaftServerConfigKeys (ConfUtils.java:logGet(43)) - raft.server.watch.timeout = 10s (default)
2019-10-06 15:04:47,205 [ae2470a9-5e75-41f7-83f3-17d4bf1da86c@group-395FB745ED1E-LeaderElection77] INFO  server.RaftServerConfigKeys (ConfUtils.java:logGet(43)) - raft.server.watch.timeout.denomination = 1s (default)
2019-10-06 15:04:47,205 [ae2470a9-5e75-41f7-83f3-17d4bf1da86c@group-395FB745ED1E-LeaderElection77] INFO  server.RaftServerConfigKeys (ConfUtils.java:logGet(43)) - raft.server.watch.element-limit = 65536 (default)
2019-10-06 15:04:47,206 [ae2470a9-5e75-41f7-83f3-17d4bf1da86c@group-395FB745ED1E-LeaderElection77] INFO  impl.RoleInfo (RoleInfo.java:updateAndGet(143)) - ae2470a9-5e75-41f7-83f3-17d4bf1da86c: start LeaderState
2019-10-06 15:04:47,206 [ae2470a9-5e75-41f7-83f3-17d4bf1da86c@group-395FB745ED1E-LeaderElection77] INFO  segmented.SegmentedRaftLogWorker (SegmentedRaftLogWorker.java:startLogSegment(385)) - ae2470a9-5e75-41f7-83f3-17d4bf1da86c@group-395FB745ED1E-SegmentedRaftLogWorker: Starting segment from index:0
2019-10-06 15:04:47,207 [ae2470a9-5e75-41f7-83f3-17d4bf1da86c@group-395FB745ED1E-LeaderElection77] INFO  impl.RaftServerImpl (ServerState.java:setRaftConf(356)) - ae2470a9-5e75-41f7-83f3-17d4bf1da86c@group-395FB745ED1E: set configuration 0: [ae2470a9-5e75-41f7-83f3-17d4bf1da86c:192.168.151.114:38898], old=null at 0
2019-10-06 15:04:47,213 [Thread-2398] INFO  impl.FollowerState (FollowerState.java:run(108)) - 2b462bdc-4a11-468f-a7d5-18f7a662c5c1@group-2531ADF7FF41-FollowerState: change to CANDIDATE, lastRpcTime:5160ms, electionTimeout:5160ms
2019-10-06 15:04:47,214 [Thread-2398] INFO  impl.RoleInfo (RoleInfo.java:shutdownFollowerState(121)) - 2b462bdc-4a11-468f-a7d5-18f7a662c5c1: shutdown FollowerState
2019-10-06 15:04:47,214 [Thread-2398] INFO  impl.RaftServerImpl (RaftServerImpl.java:setRole(170)) - 2b462bdc-4a11-468f-a7d5-18f7a662c5c1@group-2531ADF7FF41: changes role from  FOLLOWER to CANDIDATE at term 0 for changeToCandidate
2019-10-06 15:04:47,214 [Thread-2398] INFO  impl.RoleInfo (RoleInfo.java:updateAndGet(143)) - 2b462bdc-4a11-468f-a7d5-18f7a662c5c1: start LeaderElection
2019-10-06 15:04:47,249 [ae2470a9-5e75-41f7-83f3-17d4bf1da86c@group-395FB745ED1E-SegmentedRaftLogWorker] INFO  segmented.SegmentedRaftLogWorker (SegmentedRaftLogWorker.java:execute(574)) - ae2470a9-5e75-41f7-83f3-17d4bf1da86c@group-395FB745ED1E-SegmentedRaftLogWorker: created new log segment /workdir/hadoop-ozone/integration-test/target/test-dir/MiniOzoneClusterImpl-dbd5195f-4e90-4a77-9b13-3d16538cf4e0/datanode-6/data/ratis/679f77e1-11d8-4fc8-8602-395fb745ed1e/current/log_inprogress_0
2019-10-06 15:04:47,249 [2b462bdc-4a11-468f-a7d5-18f7a662c5c1@group-2531ADF7FF41-LeaderElection78] INFO  impl.LeaderElection (LeaderElection.java:askForVotes(178)) - 2b462bdc-4a11-468f-a7d5-18f7a662c5c1@group-2531ADF7FF41-LeaderElection78: begin an election at term 1 for -1: [2b462bdc-4a11-468f-a7d5-18f7a662c5c1:192.168.151.114:43321], old=null
2019-10-06 15:04:47,249 [2b462bdc-4a11-468f-a7d5-18f7a662c5c1@group-2531ADF7FF41-LeaderElection78] INFO  impl.RoleInfo (RoleInfo.java:shutdownLeaderElection(134)) - 2b462bdc-4a11-468f-a7d5-18f7a662c5c1: shutdown LeaderElection
2019-10-06 15:04:47,249 [2b462bdc-4a11-468f-a7d5-18f7a662c5c1@group-2531ADF7FF41-LeaderElection78] INFO  impl.RaftServerImpl (RaftServerImpl.java:setRole(170)) - 2b462bdc-4a11-468f-a7d5-18f7a662c5c1@group-2531ADF7FF41: changes role from CANDIDATE to LEADER at term 1 for changeToLeader
2019-10-06 15:04:47,249 [2b462bdc-4a11-468f-a7d5-18f7a662c5c1@group-2531ADF7FF41-LeaderElection78] INFO  impl.RaftServerImpl (ServerState.java:setLeader(255)) - 2b462bdc-4a11-468f-a7d5-18f7a662c5c1@group-2531ADF7FF41: change Leader from null to 2b462bdc-4a11-468f-a7d5-18f7a662c5c1 at term 1 for becomeLeader, leader elected after 5202ms
2019-10-06 15:04:47,249 [2b462bdc-4a11-468f-a7d5-18f7a662c5c1@group-2531ADF7FF41-LeaderElection78] INFO  server.RaftServerConfigKeys (ConfUtils.java:logGet(43)) - raft.server.staging.catchup.gap = 1000 (default)
2019-10-06 15:04:47,249 [2b462bdc-4a11-468f-a7d5-18f7a662c5c1@group-2531ADF7FF41-LeaderElection78] INFO  server.RaftServerConfigKeys (ConfUtils.java:logGet(43)) - raft.server.rpc.sleep.time = 25ms (default)
2019-10-06 15:04:47,249 [2b462bdc-4a11-468f-a7d5-18f7a662c5c1@group-2531ADF7FF41-LeaderElection78] INFO  server.RaftServerConfigKeys (ConfUtils.java:logGet(43)) - raft.server.write.element-limit = 4096 (default)
2019-10-06 15:04:47,250 [2b462bdc-4a11-468f-a7d5-18f7a662c5c1@group-2531ADF7FF41-LeaderElection78] INFO  server.RaftServerConfigKeys (ConfUtils.java:logGet(43)) - raft.server.watch.timeout = 10s (default)
2019-10-06 15:04:47,250 [2b462bdc-4a11-468f-a7d5-18f7a662c5c1@group-2531ADF7FF41-LeaderElection78] INFO  server.RaftServerConfigKeys (ConfUtils.java:logGet(43)) - raft.server.watch.timeout.denomination = 1s (default)
2019-10-06 15:04:47,250 [2b462bdc-4a11-468f-a7d5-18f7a662c5c1@group-2531ADF7FF41-LeaderElection78] INFO  server.RaftServerConfigKeys (ConfUtils.java:logGet(43)) - raft.server.watch.element-limit = 65536 (default)
2019-10-06 15:04:47,251 [2b462bdc-4a11-468f-a7d5-18f7a662c5c1@group-2531ADF7FF41-LeaderElection78] INFO  impl.RoleInfo (RoleInfo.java:updateAndGet(143)) - 2b462bdc-4a11-468f-a7d5-18f7a662c5c1: start LeaderState
2019-10-06 15:04:47,251 [2b462bdc-4a11-468f-a7d5-18f7a662c5c1@group-2531ADF7FF41-LeaderElection78] INFO  segmented.SegmentedRaftLogWorker (SegmentedRaftLogWorker.java:startLogSegment(385)) - 2b462bdc-4a11-468f-a7d5-18f7a662c5c1@group-2531ADF7FF41-SegmentedRaftLogWorker: Starting segment from index:0
2019-10-06 15:04:47,252 [2b462bdc-4a11-468f-a7d5-18f7a662c5c1@group-2531ADF7FF41-LeaderElection78] INFO  impl.RaftServerImpl (ServerState.java:setRaftConf(356)) - 2b462bdc-4a11-468f-a7d5-18f7a662c5c1@group-2531ADF7FF41: set configuration 0: [2b462bdc-4a11-468f-a7d5-18f7a662c5c1:192.168.151.114:43321], old=null at 0
2019-10-06 15:04:47,267 [Thread-2411] INFO  impl.FollowerState (FollowerState.java:run(108)) - 2b462bdc-4a11-468f-a7d5-18f7a662c5c1@group-A3DE736D62B2-FollowerState: change to CANDIDATE, lastRpcTime:5032ms, electionTimeout:5032ms
2019-10-06 15:04:47,267 [Thread-2411] INFO  impl.RoleInfo (RoleInfo.java:shutdownFollowerState(121)) - 2b462bdc-4a11-468f-a7d5-18f7a662c5c1: shutdown FollowerState
2019-10-06 15:04:47,267 [Thread-2411] INFO  impl.RaftServerImpl (RaftServerImpl.java:setRole(170)) - 2b462bdc-4a11-468f-a7d5-18f7a662c5c1@group-A3DE736D62B2: changes role from  FOLLOWER to CANDIDATE at term 0 for changeToCandidate
2019-10-06 15:04:47,267 [Thread-2411] INFO  impl.RoleInfo (RoleInfo.java:updateAndGet(143)) - 2b462bdc-4a11-468f-a7d5-18f7a662c5c1: start LeaderElection
2019-10-06 15:04:47,293 [2b462bdc-4a11-468f-a7d5-18f7a662c5c1@group-2531ADF7FF41-SegmentedRaftLogWorker] INFO  segmented.SegmentedRaftLogWorker (SegmentedRaftLogWorker.java:execute(574)) - 2b462bdc-4a11-468f-a7d5-18f7a662c5c1@group-2531ADF7FF41-SegmentedRaftLogWorker: created new log segment /workdir/hadoop-ozone/integration-test/target/test-dir/MiniOzoneClusterImpl-dbd5195f-4e90-4a77-9b13-3d16538cf4e0/datanode-4/data/ratis/5b1ec5b5-806b-4974-b771-2531adf7ff41/current/log_inprogress_0
2019-10-06 15:04:47,293 [2b462bdc-4a11-468f-a7d5-18f7a662c5c1@group-A3DE736D62B2-LeaderElection79] INFO  impl.LeaderElection (LeaderElection.java:askForVotes(178)) - 2b462bdc-4a11-468f-a7d5-18f7a662c5c1@group-A3DE736D62B2-LeaderElection79: begin an election at term 1 for -1: [828fbc95-c8a6-4083-b752-922978508eb1:192.168.151.114:35311, c890bc22-944a-4f38-b160-ae434527e171:192.168.151.114:39070, 2b462bdc-4a11-468f-a7d5-18f7a662c5c1:192.168.151.114:43321], old=null
2019-10-06 15:04:47,298 [grpc-default-executor-1] INFO  impl.RaftServerImpl (RaftServerImpl.java:setRole(170)) - c890bc22-944a-4f38-b160-ae434527e171@group-A3DE736D62B2: changes role from  FOLLOWER to FOLLOWER at term 1 for recognizeCandidate:2b462bdc-4a11-468f-a7d5-18f7a662c5c1
2019-10-06 15:04:47,298 [grpc-default-executor-7] INFO  impl.RaftServerImpl (RaftServerImpl.java:setRole(170)) - 828fbc95-c8a6-4083-b752-922978508eb1@group-A3DE736D62B2: changes role from  FOLLOWER to FOLLOWER at term 1 for recognizeCandidate:2b462bdc-4a11-468f-a7d5-18f7a662c5c1
2019-10-06 15:04:47,298 [grpc-default-executor-1] INFO  impl.RoleInfo (RoleInfo.java:shutdownFollowerState(121)) - c890bc22-944a-4f38-b160-ae434527e171: shutdown FollowerState
2019-10-06 15:04:47,298 [grpc-default-executor-7] INFO  impl.RoleInfo (RoleInfo.java:shutdownFollowerState(121)) - 828fbc95-c8a6-4083-b752-922978508eb1: shutdown FollowerState
2019-10-06 15:04:47,299 [Thread-2413] INFO  impl.FollowerState (FollowerState.java:run(117)) - c890bc22-944a-4f38-b160-ae434527e171@group-A3DE736D62B2-FollowerState was interrupted: java.lang.InterruptedException: sleep interrupted
2019-10-06 15:04:47,299 [grpc-default-executor-1] INFO  impl.RoleInfo (RoleInfo.java:updateAndGet(143)) - c890bc22-944a-4f38-b160-ae434527e171: start FollowerState
2019-10-06 15:04:47,299 [Thread-2412] INFO  impl.FollowerState (FollowerState.java:run(117)) - 828fbc95-c8a6-4083-b752-922978508eb1@group-A3DE736D62B2-FollowerState was interrupted: java.lang.InterruptedException: sleep interrupted
2019-10-06 15:04:47,299 [grpc-default-executor-7] INFO  impl.RoleInfo (RoleInfo.java:updateAndGet(143)) - 828fbc95-c8a6-4083-b752-922978508eb1: start FollowerState
2019-10-06 15:04:47,321 [2b462bdc-4a11-468f-a7d5-18f7a662c5c1@group-A3DE736D62B2-LeaderElection79] INFO  impl.LeaderElection (LeaderElection.java:logAndReturn(56)) - 2b462bdc-4a11-468f-a7d5-18f7a662c5c1@group-A3DE736D62B2-LeaderElection79: Election PASSED; received 1 response(s) [2b462bdc-4a11-468f-a7d5-18f7a662c5c1<-828fbc95-c8a6-4083-b752-922978508eb1#0:OK-t1] and 0 exception(s); 2b462bdc-4a11-468f-a7d5-18f7a662c5c1@group-A3DE736D62B2:t1, leader=null, voted=2b462bdc-4a11-468f-a7d5-18f7a662c5c1, raftlog=2b462bdc-4a11-468f-a7d5-18f7a662c5c1@group-A3DE736D62B2-SegmentedRaftLog:OPENED:c-1,f-1,i0, conf=-1: [828fbc95-c8a6-4083-b752-922978508eb1:192.168.151.114:35311, c890bc22-944a-4f38-b160-ae434527e171:192.168.151.114:39070, 2b462bdc-4a11-468f-a7d5-18f7a662c5c1:192.168.151.114:43321], old=null
2019-10-06 15:04:47,321 [2b462bdc-4a11-468f-a7d5-18f7a662c5c1@group-A3DE736D62B2-LeaderElection79] INFO  impl.RoleInfo (RoleInfo.java:shutdownLeaderElection(134)) - 2b462bdc-4a11-468f-a7d5-18f7a662c5c1: shutdown LeaderElection
2019-10-06 15:04:47,321 [2b462bdc-4a11-468f-a7d5-18f7a662c5c1@group-A3DE736D62B2-LeaderElection79] INFO  impl.RaftServerImpl (RaftServerImpl.java:setRole(170)) - 2b462bdc-4a11-468f-a7d5-18f7a662c5c1@group-A3DE736D62B2: changes role from CANDIDATE to LEADER at term 1 for changeToLeader
2019-10-06 15:04:47,322 [2b462bdc-4a11-468f-a7d5-18f7a662c5c1@group-A3DE736D62B2-LeaderElection79] INFO  impl.RaftServerImpl (ServerState.java:setLeader(255)) - 2b462bdc-4a11-468f-a7d5-18f7a662c5c1@group-A3DE736D62B2: change Leader from null to 2b462bdc-4a11-468f-a7d5-18f7a662c5c1 at term 1 for becomeLeader, leader elected after 5096ms
2019-10-06 15:04:47,322 [2b462bdc-4a11-468f-a7d5-18f7a662c5c1@group-A3DE736D62B2-LeaderElection79] INFO  server.RaftServerConfigKeys (ConfUtils.java:logGet(43)) - raft.server.staging.catchup.gap = 1000 (default)
2019-10-06 15:04:47,322 [2b462bdc-4a11-468f-a7d5-18f7a662c5c1@group-A3DE736D62B2-LeaderElection79] INFO  server.RaftServerConfigKeys (ConfUtils.java:logGet(43)) - raft.server.rpc.sleep.time = 25ms (default)
2019-10-06 15:04:47,322 [2b462bdc-4a11-468f-a7d5-18f7a662c5c1@group-A3DE736D62B2-LeaderElection79] INFO  server.RaftServerConfigKeys (ConfUtils.java:logGet(43)) - raft.server.write.element-limit = 4096 (default)
2019-10-06 15:04:47,322 [2b462bdc-4a11-468f-a7d5-18f7a662c5c1@group-A3DE736D62B2-LeaderElection79] INFO  server.RaftServerConfigKeys (ConfUtils.java:logGet(43)) - raft.server.watch.timeout = 10s (default)
2019-10-06 15:04:47,322 [2b462bdc-4a11-468f-a7d5-18f7a662c5c1@group-A3DE736D62B2-LeaderElection79] INFO  server.RaftServerConfigKeys (ConfUtils.java:logGet(43)) - raft.server.watch.timeout.denomination = 1s (default)
2019-10-06 15:04:47,322 [2b462bdc-4a11-468f-a7d5-18f7a662c5c1@group-A3DE736D62B2-LeaderElection79] INFO  server.RaftServerConfigKeys (ConfUtils.java:logGet(43)) - raft.server.watch.element-limit = 65536 (default)
2019-10-06 15:04:47,324 [2b462bdc-4a11-468f-a7d5-18f7a662c5c1@group-A3DE736D62B2-LeaderElection79] INFO  server.RaftServerConfigKeys (ConfUtils.java:logGet(43)) - raft.server.log.appender.snapshot.chunk.size.max = 16MB (=16777216) (default)
2019-10-06 15:04:47,324 [2b462bdc-4a11-468f-a7d5-18f7a662c5c1@group-A3DE736D62B2-LeaderElection79] INFO  server.RaftServerConfigKeys (ConfUtils.java:logGet(43)) - raft.server.log.appender.buffer.byte-limit = 33554432 (custom)
2019-10-06 15:04:47,324 [2b462bdc-4a11-468f-a7d5-18f7a662c5c1@group-A3DE736D62B2-LeaderElection79] INFO  server.RaftServerConfigKeys (ConfUtils.java:logGet(43)) - raft.server.log.appender.buffer.element-limit = 1 (custom)
2019-10-06 15:04:47,324 [2b462bdc-4a11-468f-a7d5-18f7a662c5c1@group-A3DE736D62B2-LeaderElection79] INFO  grpc.GrpcConfigKeys$Server (ConfUtils.java:logGet(43)) - raft.grpc.server.leader.outstanding.appends.max = 128 (default)
2019-10-06 15:04:47,324 [2b462bdc-4a11-468f-a7d5-18f7a662c5c1@group-A3DE736D62B2-LeaderElection79] INFO  server.RaftServerConfigKeys (ConfUtils.java:logGet(43)) - raft.server.rpc.request.timeout = 3000ms (default)
2019-10-06 15:04:47,325 [2b462bdc-4a11-468f-a7d5-18f7a662c5c1@group-A3DE736D62B2-LeaderElection79] INFO  server.RaftServerConfigKeys (ConfUtils.java:logGet(43)) - raft.server.log.appender.install.snapshot.enabled = false (custom)
2019-10-06 15:04:47,325 [2b462bdc-4a11-468f-a7d5-18f7a662c5c1@group-A3DE736D62B2-LeaderElection79] INFO  server.RaftServerConfigKeys (ConfUtils.java:logGet(43)) - raft.server.log.appender.snapshot.chunk.size.max = 16MB (=16777216) (default)
2019-10-06 15:04:47,325 [2b462bdc-4a11-468f-a7d5-18f7a662c5c1@group-A3DE736D62B2-LeaderElection79] INFO  server.RaftServerConfigKeys (ConfUtils.java:logGet(43)) - raft.server.log.appender.buffer.byte-limit = 33554432 (custom)
2019-10-06 15:04:47,325 [2b462bdc-4a11-468f-a7d5-18f7a662c5c1@group-A3DE736D62B2-LeaderElection79] INFO  server.RaftServerConfigKeys (ConfUtils.java:logGet(43)) - raft.server.log.appender.buffer.element-limit = 1 (custom)
2019-10-06 15:04:47,325 [2b462bdc-4a11-468f-a7d5-18f7a662c5c1@group-A3DE736D62B2-LeaderElection79] INFO  grpc.GrpcConfigKeys$Server (ConfUtils.java:logGet(43)) - raft.grpc.server.leader.outstanding.appends.max = 128 (default)
2019-10-06 15:04:47,325 [2b462bdc-4a11-468f-a7d5-18f7a662c5c1@group-A3DE736D62B2-LeaderElection79] INFO  server.RaftServerConfigKeys (ConfUtils.java:logGet(43)) - raft.server.rpc.request.timeout = 3000ms (default)
2019-10-06 15:04:47,325 [2b462bdc-4a11-468f-a7d5-18f7a662c5c1@group-A3DE736D62B2-LeaderElection79] INFO  server.RaftServerConfigKeys (ConfUtils.java:logGet(43)) - raft.server.log.appender.install.snapshot.enabled = false (custom)
2019-10-06 15:04:47,325 [2b462bdc-4a11-468f-a7d5-18f7a662c5c1@group-A3DE736D62B2-LeaderElection79] INFO  impl.RoleInfo (RoleInfo.java:updateAndGet(143)) - 2b462bdc-4a11-468f-a7d5-18f7a662c5c1: start LeaderState
2019-10-06 15:04:47,326 [2b462bdc-4a11-468f-a7d5-18f7a662c5c1@group-A3DE736D62B2-LeaderElection79] INFO  segmented.SegmentedRaftLogWorker (SegmentedRaftLogWorker.java:startLogSegment(385)) - 2b462bdc-4a11-468f-a7d5-18f7a662c5c1@group-A3DE736D62B2-SegmentedRaftLogWorker: Starting segment from index:0
2019-10-06 15:04:47,326 [2b462bdc-4a11-468f-a7d5-18f7a662c5c1@group-A3DE736D62B2-LeaderElection79] INFO  impl.RaftServerImpl (ServerState.java:setRaftConf(356)) - 2b462bdc-4a11-468f-a7d5-18f7a662c5c1@group-A3DE736D62B2: set configuration 0: [828fbc95-c8a6-4083-b752-922978508eb1:192.168.151.114:35311, c890bc22-944a-4f38-b160-ae434527e171:192.168.151.114:39070, 2b462bdc-4a11-468f-a7d5-18f7a662c5c1:192.168.151.114:43321], old=null at 0
2019-10-06 15:04:47,328 [grpc-default-executor-7] INFO  impl.RaftServerImpl (ServerState.java:setLeader(255)) - 828fbc95-c8a6-4083-b752-922978508eb1@group-A3DE736D62B2: change Leader from null to 2b462bdc-4a11-468f-a7d5-18f7a662c5c1 at term 1 for appendEntries, leader elected after 5104ms
2019-10-06 15:04:47,364 [grpc-default-executor-7] INFO  impl.RaftServerImpl (ServerState.java:setLeader(255)) - c890bc22-944a-4f38-b160-ae434527e171@group-A3DE736D62B2: change Leader from null to 2b462bdc-4a11-468f-a7d5-18f7a662c5c1 at term 1 for appendEntries, leader elected after 5139ms
2019-10-06 15:04:47,369 [grpc-default-executor-7] INFO  impl.RaftServerImpl (ServerState.java:setRaftConf(356)) - c890bc22-944a-4f38-b160-ae434527e171@group-A3DE736D62B2: set configuration 0: [828fbc95-c8a6-4083-b752-922978508eb1:192.168.151.114:35311, c890bc22-944a-4f38-b160-ae434527e171:192.168.151.114:39070, 2b462bdc-4a11-468f-a7d5-18f7a662c5c1:192.168.151.114:43321], old=null at 0
2019-10-06 15:04:47,369 [grpc-default-executor-1] INFO  impl.RaftServerImpl (ServerState.java:setRaftConf(356)) - 828fbc95-c8a6-4083-b752-922978508eb1@group-A3DE736D62B2: set configuration 0: [828fbc95-c8a6-4083-b752-922978508eb1:192.168.151.114:35311, c890bc22-944a-4f38-b160-ae434527e171:192.168.151.114:39070, 2b462bdc-4a11-468f-a7d5-18f7a662c5c1:192.168.151.114:43321], old=null at 0
2019-10-06 15:04:47,369 [grpc-default-executor-7] INFO  segmented.SegmentedRaftLogWorker (SegmentedRaftLogWorker.java:startLogSegment(385)) - c890bc22-944a-4f38-b160-ae434527e171@group-A3DE736D62B2-SegmentedRaftLogWorker: Starting segment from index:0
2019-10-06 15:04:47,369 [grpc-default-executor-1] INFO  segmented.SegmentedRaftLogWorker (SegmentedRaftLogWorker.java:startLogSegment(385)) - 828fbc95-c8a6-4083-b752-922978508eb1@group-A3DE736D62B2-SegmentedRaftLogWorker: Starting segment from index:0
2019-10-06 15:04:47,370 [2b462bdc-4a11-468f-a7d5-18f7a662c5c1@group-A3DE736D62B2-SegmentedRaftLogWorker] INFO  segmented.SegmentedRaftLogWorker (SegmentedRaftLogWorker.java:execute(574)) - 2b462bdc-4a11-468f-a7d5-18f7a662c5c1@group-A3DE736D62B2-SegmentedRaftLogWorker: created new log segment /workdir/hadoop-ozone/integration-test/target/test-dir/MiniOzoneClusterImpl-dbd5195f-4e90-4a77-9b13-3d16538cf4e0/datanode-4/data/ratis/0603b0c1-c4f8-4e98-95f0-a3de736d62b2/current/log_inprogress_0
2019-10-06 15:04:47,421 [828fbc95-c8a6-4083-b752-922978508eb1@group-A3DE736D62B2-SegmentedRaftLogWorker] INFO  segmented.SegmentedRaftLogWorker (SegmentedRaftLogWorker.java:execute(574)) - 828fbc95-c8a6-4083-b752-922978508eb1@group-A3DE736D62B2-SegmentedRaftLogWorker: created new log segment /workdir/hadoop-ozone/integration-test/target/test-dir/MiniOzoneClusterImpl-dbd5195f-4e90-4a77-9b13-3d16538cf4e0/datanode-3/data/ratis/0603b0c1-c4f8-4e98-95f0-a3de736d62b2/current/log_inprogress_0
2019-10-06 15:04:47,421 [c890bc22-944a-4f38-b160-ae434527e171@group-A3DE736D62B2-SegmentedRaftLogWorker] INFO  segmented.SegmentedRaftLogWorker (SegmentedRaftLogWorker.java:execute(574)) - c890bc22-944a-4f38-b160-ae434527e171@group-A3DE736D62B2-SegmentedRaftLogWorker: created new log segment /workdir/hadoop-ozone/integration-test/target/test-dir/MiniOzoneClusterImpl-dbd5195f-4e90-4a77-9b13-3d16538cf4e0/datanode-5/data/ratis/0603b0c1-c4f8-4e98-95f0-a3de736d62b2/current/log_inprogress_0
2019-10-06 15:04:47,512 [Datanode State Machine Thread - 0] INFO  statemachine.DatanodeStateMachine (DatanodeStateMachine.java:lambda$startDaemon$0(350)) - Ozone container server started.
2019-10-06 15:04:52,496 [main] INFO  ozoneimpl.OzoneContainer (OzoneContainer.java:stop(231)) - Attempting to stop container services.
2019-10-06 15:04:52,498 [main] INFO  impl.RaftServerProxy (RaftServerProxy.java:lambda$close$4(314)) - 828fbc95-c8a6-4083-b752-922978508eb1: close
2019-10-06 15:04:52,499 [main] INFO  impl.RaftServerImpl (RaftServerImpl.java:lambda$shutdown$3(247)) - 828fbc95-c8a6-4083-b752-922978508eb1@group-D7BE0F97956B: shutdown
2019-10-06 15:04:52,499 [main] INFO  util.JmxRegister (JmxRegister.java:unregister(73)) - Successfully un-registered JMX Bean with object name Ratis:service=RaftServer,group=group-D7BE0F97956B,id=828fbc95-c8a6-4083-b752-922978508eb1
2019-10-06 15:04:52,500 [main] INFO  impl.RoleInfo (RoleInfo.java:shutdownLeaderState(104)) - 828fbc95-c8a6-4083-b752-922978508eb1: shutdown LeaderState
2019-10-06 15:04:52,500 [main] INFO  impl.PendingRequests (PendingRequests.java:sendNotLeaderResponses(202)) - 828fbc95-c8a6-4083-b752-922978508eb1@group-D7BE0F97956B-PendingRequests: sendNotLeaderResponses
2019-10-06 15:04:52,501 [main] INFO  impl.StateMachineUpdater (StateMachineUpdater.java:stopAndJoin(136)) - 828fbc95-c8a6-4083-b752-922978508eb1@group-D7BE0F97956B-StateMachineUpdater: set stopIndex = 0
2019-10-06 15:04:52,502 [main] INFO  impl.RaftServerImpl (ServerState.java:close(387)) - 828fbc95-c8a6-4083-b752-922978508eb1@group-D7BE0F97956B: closes. applyIndex: 0
2019-10-06 15:04:52,502 [828fbc95-c8a6-4083-b752-922978508eb1@group-D7BE0F97956B-SegmentedRaftLogWorker] INFO  segmented.SegmentedRaftLogWorker (SegmentedRaftLogWorker.java:run(316)) - 828fbc95-c8a6-4083-b752-922978508eb1@group-D7BE0F97956B-SegmentedRaftLogWorker was interrupted, exiting. There are 0 tasks remaining in the queue.
2019-10-06 15:04:52,520 [main] INFO  segmented.SegmentedRaftLogWorker (SegmentedRaftLogWorker.java:close(224)) - 828fbc95-c8a6-4083-b752-922978508eb1@group-D7BE0F97956B-SegmentedRaftLogWorker close()
2019-10-06 15:04:52,526 [main] INFO  impl.RaftServerImpl (RaftServerImpl.java:lambda$shutdown$3(247)) - 828fbc95-c8a6-4083-b752-922978508eb1@group-A3DE736D62B2: shutdown
2019-10-06 15:04:52,527 [main] INFO  util.JmxRegister (JmxRegister.java:unregister(73)) - Successfully un-registered JMX Bean with object name Ratis:service=RaftServer,group=group-A3DE736D62B2,id=828fbc95-c8a6-4083-b752-922978508eb1
2019-10-06 15:04:52,527 [main] INFO  impl.RoleInfo (RoleInfo.java:shutdownFollowerState(121)) - 828fbc95-c8a6-4083-b752-922978508eb1: shutdown FollowerState
2019-10-06 15:04:52,527 [main] INFO  impl.StateMachineUpdater (StateMachineUpdater.java:stopAndJoin(136)) - 828fbc95-c8a6-4083-b752-922978508eb1@group-A3DE736D62B2-StateMachineUpdater: set stopIndex = 2
2019-10-06 15:04:52,527 [828fbc95-c8a6-4083-b752-922978508eb1@group-A3DE736D62B2-StateMachineUpdater] INFO  ratis.ContainerStateMachine (ContainerStateMachine.java:takeSnapshot(293)) - group-A3DE736D62B2: Taking a snapshot at:(t:1, i:1) file /workdir/hadoop-ozone/integration-test/target/test-dir/MiniOzoneClusterImpl-dbd5195f-4e90-4a77-9b13-3d16538cf4e0/datanode-3/data/ratis/0603b0c1-c4f8-4e98-95f0-a3de736d62b2/sm/snapshot.1_1
2019-10-06 15:04:52,527 [Thread-2464] INFO  impl.FollowerState (FollowerState.java:run(117)) - 828fbc95-c8a6-4083-b752-922978508eb1@group-A3DE736D62B2-FollowerState was interrupted: java.lang.InterruptedException: sleep interrupted
2019-10-06 15:04:52,543 [828fbc95-c8a6-4083-b752-922978508eb1@group-A3DE736D62B2-StateMachineUpdater] INFO  ratis.ContainerStateMachine (ContainerStateMachine.java:takeSnapshot(304)) - group-A3DE736D62B2: Finished taking a snapshot at:(t:1, i:1) file:/workdir/hadoop-ozone/integration-test/target/test-dir/MiniOzoneClusterImpl-dbd5195f-4e90-4a77-9b13-3d16538cf4e0/datanode-3/data/ratis/0603b0c1-c4f8-4e98-95f0-a3de736d62b2/sm/snapshot.1_1 time:16
2019-10-06 15:04:52,544 [828fbc95-c8a6-4083-b752-922978508eb1@group-A3DE736D62B2-StateMachineUpdater] INFO  impl.StateMachineUpdater (StateMachineUpdater.java:takeSnapshot(269)) - 828fbc95-c8a6-4083-b752-922978508eb1@group-A3DE736D62B2-StateMachineUpdater: Took a snapshot at index 1
2019-10-06 15:04:52,544 [828fbc95-c8a6-4083-b752-922978508eb1@group-A3DE736D62B2-StateMachineUpdater] INFO  impl.StateMachineUpdater (StateMachineUpdater.java:lambda$new$0(84)) - 828fbc95-c8a6-4083-b752-922978508eb1@group-A3DE736D62B2-StateMachineUpdater: snapshotIndex: updateIncreasingly -1 -> 1
2019-10-06 15:04:52,544 [828fbc95-c8a6-4083-b752-922978508eb1@group-A3DE736D62B2-StateMachineUpdater] INFO  ratis.ContainerStateMachine (ContainerStateMachine.java:takeSnapshot(293)) - group-A3DE736D62B2: Taking a snapshot at:(t:1, i:1) file /workdir/hadoop-ozone/integration-test/target/test-dir/MiniOzoneClusterImpl-dbd5195f-4e90-4a77-9b13-3d16538cf4e0/datanode-3/data/ratis/0603b0c1-c4f8-4e98-95f0-a3de736d62b2/sm/snapshot.1_1
2019-10-06 15:04:52,556 [828fbc95-c8a6-4083-b752-922978508eb1@group-A3DE736D62B2-StateMachineUpdater] INFO  ratis.ContainerStateMachine (ContainerStateMachine.java:takeSnapshot(304)) - group-A3DE736D62B2: Finished taking a snapshot at:(t:1, i:1) file:/workdir/hadoop-ozone/integration-test/target/test-dir/MiniOzoneClusterImpl-dbd5195f-4e90-4a77-9b13-3d16538cf4e0/datanode-3/data/ratis/0603b0c1-c4f8-4e98-95f0-a3de736d62b2/sm/snapshot.1_1 time:12
2019-10-06 15:04:52,557 [828fbc95-c8a6-4083-b752-922978508eb1@group-A3DE736D62B2-StateMachineUpdater] INFO  impl.StateMachineUpdater (StateMachineUpdater.java:takeSnapshot(269)) - 828fbc95-c8a6-4083-b752-922978508eb1@group-A3DE736D62B2-StateMachineUpdater: Took a snapshot at index 1
2019-10-06 15:04:52,557 [828fbc95-c8a6-4083-b752-922978508eb1@group-A3DE736D62B2-StateMachineUpdater] INFO  impl.StateMachineUpdater (StateMachineUpdater.java:lambda$new$0(84)) - 828fbc95-c8a6-4083-b752-922978508eb1@group-A3DE736D62B2-StateMachineUpdater: snapshotIndex: updateIncreasingly 1 -> 1
2019-10-06 15:04:52,557 [main] INFO  impl.RaftServerImpl (ServerState.java:close(387)) - 828fbc95-c8a6-4083-b752-922978508eb1@group-A3DE736D62B2: closes. applyIndex: 2
2019-10-06 15:04:52,558 [828fbc95-c8a6-4083-b752-922978508eb1@group-A3DE736D62B2-SegmentedRaftLogWorker] INFO  segmented.SegmentedRaftLogWorker (SegmentedRaftLogWorker.java:run(316)) - 828fbc95-c8a6-4083-b752-922978508eb1@group-A3DE736D62B2-SegmentedRaftLogWorker was interrupted, exiting. There are 0 tasks remaining in the queue.
2019-10-06 15:04:52,560 [main] INFO  segmented.SegmentedRaftLogWorker (SegmentedRaftLogWorker.java:close(224)) - 828fbc95-c8a6-4083-b752-922978508eb1@group-A3DE736D62B2-SegmentedRaftLogWorker close()
2019-10-06 15:04:52,564 [main] INFO  server.GrpcService (GrpcService.java:closeImpl(164)) - 828fbc95-c8a6-4083-b752-922978508eb1: shutdown server with port 35311 now
2019-10-06 15:04:52,565 [grpc-default-executor-1] WARN  server.GrpcServerProtocolService (LogUtils.java:warn(134)) - 828fbc95-c8a6-4083-b752-922978508eb1: installSnapshot onError, lastRequest: 2b462bdc-4a11-468f-a7d5-18f7a662c5c1->828fbc95-c8a6-4083-b752-922978508eb1#5-t1, previous=(t:1, i:2), leaderCommit=2, initializing? false, entries: <empty>: org.apache.ratis.thirdparty.io.grpc.StatusRuntimeException: CANCELLED: cancelled before receiving half close
2019-10-06 15:04:52,566 [main] INFO  server.GrpcService (GrpcService.java:closeImpl(172)) - 828fbc95-c8a6-4083-b752-922978508eb1: shutdown server with port 35311 successfully
2019-10-06 15:04:52,566 [grpc-default-executor-7] WARN  server.GrpcLogAppender (LogUtils.java:warn(134)) - 2b462bdc-4a11-468f-a7d5-18f7a662c5c1@group-A3DE736D62B2->828fbc95-c8a6-4083-b752-922978508eb1-AppendLogResponseHandler: Failed appendEntries: org.apache.ratis.thirdparty.io.grpc.StatusRuntimeException: CANCELLED: HTTP/2 error code: CANCEL
Received Rst Stream
2019-10-06 15:04:52,567 [grpc-default-executor-7] INFO  impl.FollowerInfo (FollowerInfo.java:lambda$new$0(51)) - 2b462bdc-4a11-468f-a7d5-18f7a662c5c1@group-A3DE736D62B2->828fbc95-c8a6-4083-b752-922978508eb1: nextIndex: updateUnconditionally 3 -> 2
2019-10-06 15:04:52,569 [refreshUsed-/workdir/hadoop-ozone/integration-test/target/test-dir/MiniOzoneClusterImpl-dbd5195f-4e90-4a77-9b13-3d16538cf4e0/datanode-3/data/containers] WARN  fs.CachingGetSpaceUsed (CachingGetSpaceUsed.java:run(183)) - Thread Interrupted waiting to refresh disk information: sleep interrupted
2019-10-06 15:04:52,583 [main] INFO  utils.BackgroundService (BackgroundService.java:shutdown(148)) - Shutting down service BlockDeletingService
2019-10-06 15:04:52,589 [main] INFO  statemachine.DatanodeStateMachine (DatanodeStateMachine.java:stopDaemon(395)) - Ozone container server stopped.
2019-10-06 15:04:52,590 [main] INFO  handler.ContextHandler (ContextHandler.java:doStop(910)) - Stopped o.e.j.w.WebAppContext@52354202{/,null,UNAVAILABLE}{/hddsDatanode}
2019-10-06 15:04:52,591 [main] INFO  server.AbstractConnector (AbstractConnector.java:doStop(318)) - Stopped ServerConnector@6b1321b7{HTTP/1.1,[http/1.1]}{0.0.0.0:0}
2019-10-06 15:04:52,591 [main] INFO  handler.ContextHandler (ContextHandler.java:doStop(910)) - Stopped o.e.j.s.ServletContextHandler@50bc3219{/static,jar:file:/home/user/.m2/repository/org/apache/hadoop/hadoop-hdds-container-service/0.5.0-SNAPSHOT/hadoop-hdds-container-service-0.5.0-SNAPSHOT.jar!/webapps/static,UNAVAILABLE}
2019-10-06 15:04:52,592 [main] INFO  handler.ContextHandler (ContextHandler.java:doStop(910)) - Stopped o.e.j.s.ServletContextHandler@6d294ddc{/logs,file:///workdir/hadoop-ozone/integration-test/target/log,UNAVAILABLE}
2019-10-06 15:04:52,605 [grpc-default-executor-1] WARN  server.GrpcLogAppender (LogUtils.java:warn(134)) - 2b462bdc-4a11-468f-a7d5-18f7a662c5c1@group-A3DE736D62B2->828fbc95-c8a6-4083-b752-922978508eb1-AppendLogResponseHandler: Failed appendEntries: org.apache.ratis.thirdparty.io.grpc.StatusRuntimeException: UNAVAILABLE: io exception
2019-10-06 15:04:52,606 [grpc-default-executor-1] INFO  impl.FollowerInfo (FollowerInfo.java:lambda$new$0(51)) - 2b462bdc-4a11-468f-a7d5-18f7a662c5c1@group-A3DE736D62B2->828fbc95-c8a6-4083-b752-922978508eb1: nextIndex: updateUnconditionally 3 -> 2
2019-10-06 15:04:52,617 [grpc-default-executor-9] WARN  server.GrpcLogAppender (LogUtils.java:warn(134)) - 2b462bdc-4a11-468f-a7d5-18f7a662c5c1@group-A3DE736D62B2->828fbc95-c8a6-4083-b752-922978508eb1-AppendLogResponseHandler: Failed appendEntries: org.apache.ratis.thirdparty.io.grpc.StatusRuntimeException: UNAVAILABLE: io exception
2019-10-06 15:04:52,617 [grpc-default-executor-9] INFO  impl.FollowerInfo (FollowerInfo.java:lambda$new$0(51)) - 2b462bdc-4a11-468f-a7d5-18f7a662c5c1@group-A3DE736D62B2->828fbc95-c8a6-4083-b752-922978508eb1: nextIndex: updateUnconditionally 3 -> 2
2019-10-06 15:04:52,629 [grpc-default-executor-1] WARN  server.GrpcLogAppender (LogUtils.java:warn(134)) - 2b462bdc-4a11-468f-a7d5-18f7a662c5c1@group-A3DE736D62B2->828fbc95-c8a6-4083-b752-922978508eb1-AppendLogResponseHandler: Failed appendEntries: org.apache.ratis.thirdparty.io.grpc.StatusRuntimeException: UNAVAILABLE: io exception
2019-10-06 15:04:52,630 [grpc-default-executor-1] INFO  impl.FollowerInfo (FollowerInfo.java:lambda$new$0(51)) - 2b462bdc-4a11-468f-a7d5-18f7a662c5c1@group-A3DE736D62B2->828fbc95-c8a6-4083-b752-922978508eb1: nextIndex: updateUnconditionally 3 -> 2
2019-10-06 15:04:52,631 [EventQueue-IncrementalContainerReportForIncrementalContainerReportHandler] WARN  container.IncrementalContainerReportHandler (AbstractContainerReportHandler.java:updateContainerState(143)) - Container #1 is in OPEN state, but the datanode 2b462bdc-4a11-468f-a7d5-18f7a662c5c1{ip: 192.168.151.114, host: ozone-build-dev-hxm7v-1976773872, networkLocation: /default-rack, certSerialId: null} reports an CLOSING replica.
2019-10-06 15:04:52,644 [EventQueue-IncrementalContainerReportForIncrementalContainerReportHandler] WARN  container.IncrementalContainerReportHandler (AbstractContainerReportHandler.java:updateContainerState(143)) - Container #1 is in OPEN state, but the datanode c890bc22-944a-4f38-b160-ae434527e171{ip: 192.168.151.114, host: ozone-build-dev-hxm7v-1976773872, networkLocation: /default-rack, certSerialId: null} reports an CLOSING replica.
2019-10-06 15:04:52,685 [RatisApplyTransactionExecutor 1] INFO  interfaces.Container (KeyValueContainer.java:flushAndSyncDB(386)) - Container 1 is synced with bcsId 0.
2019-10-06 15:04:52,708 [RatisApplyTransactionExecutor 1] INFO  interfaces.Container (KeyValueContainer.java:flushAndSyncDB(386)) - Container 1 is synced with bcsId 0.
2019-10-06 15:04:52,710 [RatisApplyTransactionExecutor 1] INFO  interfaces.Container (KeyValueContainer.java:flushAndSyncDB(386)) - Container 1 is synced with bcsId 0.
2019-10-06 15:04:52,710 [RatisApplyTransactionExecutor 1] INFO  interfaces.Container (KeyValueContainer.java:flushAndSyncDB(386)) - Container 1 is synced with bcsId 0.
2019-10-06 15:04:52,715 [RatisApplyTransactionExecutor 1] INFO  interfaces.Container (KeyValueContainer.java:close(335)) - Container 1 is closed with bcsId 0.
2019-10-06 15:04:52,715 [RatisApplyTransactionExecutor 1] INFO  interfaces.Container (KeyValueContainer.java:close(335)) - Container 1 is closed with bcsId 0.
2019-10-06 15:04:52,720 [EventQueue-IncrementalContainerReportForIncrementalContainerReportHandler] WARN  container.IncrementalContainerReportHandler (AbstractContainerReportHandler.java:updateContainerState(143)) - Container #1 is in OPEN state, but the datanode 2b462bdc-4a11-468f-a7d5-18f7a662c5c1{ip: 192.168.151.114, host: ozone-build-dev-hxm7v-1976773872, networkLocation: /default-rack, certSerialId: null} reports an CLOSED replica.
2019-10-06 15:04:52,721 [EventQueue-IncrementalContainerReportForIncrementalContainerReportHandler] WARN  container.IncrementalContainerReportHandler (AbstractContainerReportHandler.java:updateContainerState(143)) - Container #1 is in OPEN state, but the datanode c890bc22-944a-4f38-b160-ae434527e171{ip: 192.168.151.114, host: ozone-build-dev-hxm7v-1976773872, networkLocation: /default-rack, certSerialId: null} reports an CLOSED replica.
2019-10-06 15:04:55,132 [grpc-default-executor-9] WARN  server.GrpcLogAppender (LogUtils.java:warn(134)) - 2b462bdc-4a11-468f-a7d5-18f7a662c5c1@group-A3DE736D62B2->828fbc95-c8a6-4083-b752-922978508eb1-AppendLogResponseHandler: Failed appendEntries: org.apache.ratis.thirdparty.io.grpc.StatusRuntimeException: UNAVAILABLE: io exception
2019-10-06 15:04:55,132 [grpc-default-executor-9] INFO  impl.FollowerInfo (FollowerInfo.java:lambda$new$0(51)) - 2b462bdc-4a11-468f-a7d5-18f7a662c5c1@group-A3DE736D62B2->828fbc95-c8a6-4083-b752-922978508eb1: nextIndex: updateUnconditionally 2 -> 1
2019-10-06 15:04:55,723 [main] WARN  scm.XceiverClientRatis (XceiverClientRatis.java:watchForCommit(292)) - 3 way commit failed on pipeline Pipeline[ Id: 0603b0c1-c4f8-4e98-95f0-a3de736d62b2, Nodes: 828fbc95-c8a6-4083-b752-922978508eb1{ip: 192.168.151.114, host: ozone-build-dev-hxm7v-1976773872, networkLocation: /default-rack, certSerialId: null}2b462bdc-4a11-468f-a7d5-18f7a662c5c1{ip: 192.168.151.114, host: ozone-build-dev-hxm7v-1976773872, networkLocation: /default-rack, certSerialId: null}c890bc22-944a-4f38-b160-ae434527e171{ip: 192.168.151.114, host: ozone-build-dev-hxm7v-1976773872, networkLocation: /default-rack, certSerialId: null}, Type:RATIS, Factor:THREE, State:OPEN]
java.util.concurrent.TimeoutException
	at java.util.concurrent.CompletableFuture.timedGet(CompletableFuture.java:1771)
	at java.util.concurrent.CompletableFuture.get(CompletableFuture.java:1915)
	at org.apache.hadoop.hdds.scm.XceiverClientRatis.watchForCommit(XceiverClientRatis.java:289)
	at org.apache.hadoop.ozone.client.rpc.TestWatchForCommit.test2WayCommitForTimeoutException(TestWatchForCommit.java:391)
	at sun.reflect.NativeMethodAccessorImpl.invoke0(Native Method)
	at sun.reflect.NativeMethodAccessorImpl.invoke(NativeMethodAccessorImpl.java:62)
	at sun.reflect.DelegatingMethodAccessorImpl.invoke(DelegatingMethodAccessorImpl.java:43)
	at java.lang.reflect.Method.invoke(Method.java:498)
	at org.junit.runners.model.FrameworkMethod$1.runReflectiveCall(FrameworkMethod.java:47)
	at org.junit.internal.runners.model.ReflectiveCallable.run(ReflectiveCallable.java:12)
	at org.junit.runners.model.FrameworkMethod.invokeExplosively(FrameworkMethod.java:44)
	at org.junit.internal.runners.statements.InvokeMethod.evaluate(InvokeMethod.java:17)
	at org.junit.runners.ParentRunner.runLeaf(ParentRunner.java:271)
	at org.junit.runners.BlockJUnit4ClassRunner.runChild(BlockJUnit4ClassRunner.java:70)
	at org.junit.runners.BlockJUnit4ClassRunner.runChild(BlockJUnit4ClassRunner.java:50)
	at org.junit.runners.ParentRunner$3.run(ParentRunner.java:238)
	at org.junit.runners.ParentRunner$1.schedule(ParentRunner.java:63)
	at org.junit.runners.ParentRunner.runChildren(ParentRunner.java:236)
	at org.junit.runners.ParentRunner.access$000(ParentRunner.java:53)
	at org.junit.runners.ParentRunner$2.evaluate(ParentRunner.java:229)
	at org.junit.runners.ParentRunner.run(ParentRunner.java:309)
	at org.apache.maven.surefire.junit4.JUnit4Provider.execute(JUnit4Provider.java:365)
	at org.apache.maven.surefire.junit4.JUnit4Provider.executeWithRerun(JUnit4Provider.java:273)
	at org.apache.maven.surefire.junit4.JUnit4Provider.executeTestSet(JUnit4Provider.java:238)
	at org.apache.maven.surefire.junit4.JUnit4Provider.invoke(JUnit4Provider.java:159)
	at org.apache.maven.surefire.booter.ForkedBooter.invokeProviderInSameClassLoader(ForkedBooter.java:384)
	at org.apache.maven.surefire.booter.ForkedBooter.runSuitesInProcess(ForkedBooter.java:345)
	at org.apache.maven.surefire.booter.ForkedBooter.execute(ForkedBooter.java:126)
	at org.apache.maven.surefire.booter.ForkedBooter.main(ForkedBooter.java:418)
2019-10-06 15:04:57,634 [grpc-default-executor-7] WARN  server.GrpcLogAppender (LogUtils.java:warn(134)) - 2b462bdc-4a11-468f-a7d5-18f7a662c5c1@group-A3DE736D62B2->828fbc95-c8a6-4083-b752-922978508eb1-AppendLogResponseHandler: Failed appendEntries: org.apache.ratis.thirdparty.io.grpc.StatusRuntimeException: UNAVAILABLE: io exception
2019-10-06 15:04:57,638 [grpc-default-executor-7] INFO  impl.FollowerInfo (FollowerInfo.java:lambda$new$0(51)) - 2b462bdc-4a11-468f-a7d5-18f7a662c5c1@group-A3DE736D62B2->828fbc95-c8a6-4083-b752-922978508eb1: nextIndex: updateUnconditionally 1 -> 0
]]></system-out>
    <system-err><![CDATA[Oct 06, 2019 3:04:52 PM org.apache.ratis.thirdparty.io.grpc.internal.SerializingExecutor run
SEVERE: Exception while executing runnable org.apache.ratis.thirdparty.io.grpc.internal.ServerImpl$JumpToApplicationThreadServerStreamListener$1Closed@59f2e488
org.apache.ratis.thirdparty.io.grpc.StatusRuntimeException: CANCELLED: call already cancelled
	at org.apache.ratis.thirdparty.io.grpc.Status.asRuntimeException(Status.java:517)
	at org.apache.ratis.thirdparty.io.grpc.stub.ServerCalls$ServerCallStreamObserverImpl.onCompleted(ServerCalls.java:356)
	at org.apache.ratis.grpc.server.GrpcServerProtocolService$ServerRequestStreamObserver.onError(GrpcServerProtocolService.java:121)
	at org.apache.ratis.thirdparty.io.grpc.stub.ServerCalls$StreamingServerCallHandler$StreamingServerCallListener.onCancel(ServerCalls.java:269)
	at org.apache.ratis.thirdparty.io.grpc.internal.ServerCallImpl$ServerStreamListenerImpl.closed(ServerCallImpl.java:293)
	at org.apache.ratis.thirdparty.io.grpc.internal.ServerImpl$JumpToApplicationThreadServerStreamListener$1Closed.runInContext(ServerImpl.java:741)
	at org.apache.ratis.thirdparty.io.grpc.internal.ContextRunnable.run(ContextRunnable.java:37)
	at org.apache.ratis.thirdparty.io.grpc.internal.SerializingExecutor.run(SerializingExecutor.java:123)
	at java.util.concurrent.ThreadPoolExecutor.runWorker(ThreadPoolExecutor.java:1149)
	at java.util.concurrent.ThreadPoolExecutor$Worker.run(ThreadPoolExecutor.java:624)
	at java.lang.Thread.run(Thread.java:748)

]]></system-err>
  </testcase>
</testsuite>