<?xml version="1.0" encoding="UTF-8"?>
<testsuite xmlns:xsi="http://www.w3.org/2001/XMLSchema-instance" xsi:noNamespaceSchemaLocation="https://maven.apache.org/surefire/maven-surefire-plugin/xsd/surefire-test-report.xsd" name="org.apache.hadoop.ozone.client.rpc.TestBlockOutputStreamWithFailures" time="670.925" tests="8" errors="0" skipped="0" failures="1">
  <properties>
    <property name="awt.toolkit" value="sun.awt.X11.XToolkit"/>
    <property name="file.encoding.pkg" value="sun.io"/>
    <property name="java.specification.version" value="1.8"/>
    <property name="sun.cpu.isalist" value=""/>
    <property name="sun.jnu.encoding" value="UTF-8"/>
    <property name="java.class.path" value="/workdir/hadoop-ozone/integration-test/target/test-classes:/workdir/hadoop-ozone/integration-test/target/classes:/home/user/.m2/repository/org/apache/hadoop/hadoop-ozone-common/0.5.0-SNAPSHOT/hadoop-ozone-common-0.5.0-SNAPSHOT.jar:/home/user/.m2/repository/org/apache/commons/commons-compress/1.4.1/commons-compress-1.4.1.jar:/home/user/.m2/repository/org/tukaani/xz/1.0/xz-1.0.jar:/home/user/.m2/repository/org/apache/hadoop/hadoop-common/3.2.0/hadoop-common-3.2.0.jar:/home/user/.m2/repository/org/apache/hadoop/hadoop-hdfs/3.2.0/hadoop-hdfs-3.2.0.jar:/home/user/.m2/repository/org/apache/hadoop/hadoop-hdfs-client/3.2.0/hadoop-hdfs-client-3.2.0.jar:/home/user/.m2/repository/com/fasterxml/jackson/core/jackson-annotations/2.9.9/jackson-annotations-2.9.9.jar:/home/user/.m2/repository/org/apache/hadoop/hadoop-hdds-common/0.5.0-SNAPSHOT/hadoop-hdds-common-0.5.0-SNAPSHOT.jar:/home/user/.m2/repository/javax/annotation/javax.annotation-api/1.2/javax.annotation-api-1.2.jar:/home/user/.m2/repository/org/apache/ratis/ratis-server/0.5.0-201fc85-SNAPSHOT/ratis-server-0.5.0-201fc85-SNAPSHOT.jar:/home/user/.m2/repository/org/apache/ratis/ratis-thirdparty-misc/0.2.0/ratis-thirdparty-misc-0.2.0.jar:/home/user/.m2/repository/org/apache/ratis/ratis-proto/0.5.0-201fc85-SNAPSHOT/ratis-proto-0.5.0-201fc85-SNAPSHOT.jar:/home/user/.m2/repository/org/apache/ratis/ratis-common/0.5.0-201fc85-SNAPSHOT/ratis-common-0.5.0-201fc85-SNAPSHOT.jar:/home/user/.m2/repository/org/apache/ratis/ratis-client/0.5.0-201fc85-SNAPSHOT/ratis-client-0.5.0-201fc85-SNAPSHOT.jar:/home/user/.m2/repository/org/apache/ratis/ratis-metrics/0.5.0-201fc85-SNAPSHOT/ratis-metrics-0.5.0-201fc85-SNAPSHOT.jar:/home/user/.m2/repository/com/github/joshelser/dropwizard-metrics-hadoop-metrics2-reporter/0.1.2/dropwizard-metrics-hadoop-metrics2-reporter-0.1.2.jar:/home/user/.m2/repository/io/dropwizard/metrics/metrics-jvm/3.2.5/metrics-jvm-3.2.5.jar:/home/user/.m2/repository/io/dropwizard/metrics/metrics-ganglia/3.2.5/metrics-ganglia-3.2.5.jar:/home/user/.m2/repository/info/ganglia/gmetric4j/gmetric4j/1.0.7/gmetric4j-1.0.7.jar:/home/user/.m2/repository/org/apache/ratis/ratis-netty/0.5.0-201fc85-SNAPSHOT/ratis-netty-0.5.0-201fc85-SNAPSHOT.jar:/home/user/.m2/repository/org/apache/ratis/ratis-grpc/0.5.0-201fc85-SNAPSHOT/ratis-grpc-0.5.0-201fc85-SNAPSHOT.jar:/home/user/.m2/repository/org/rocksdb/rocksdbjni/6.0.1/rocksdbjni-6.0.1.jar:/home/user/.m2/repository/org/apache/logging/log4j/log4j-api/2.11.0/log4j-api-2.11.0.jar:/home/user/.m2/repository/org/apache/logging/log4j/log4j-core/2.11.0/log4j-core-2.11.0.jar:/home/user/.m2/repository/com/lmax/disruptor/3.4.2/disruptor-3.4.2.jar:/home/user/.m2/repository/org/apache/commons/commons-pool2/2.6.0/commons-pool2-2.6.0.jar:/home/user/.m2/repository/org/bouncycastle/bcpkix-jdk15on/1.60/bcpkix-jdk15on-1.60.jar:/home/user/.m2/repository/commons-validator/commons-validator/1.6/commons-validator-1.6.jar:/home/user/.m2/repository/commons-digester/commons-digester/1.8.1/commons-digester-1.8.1.jar:/home/user/.m2/repository/io/jaegertracing/jaeger-client/0.34.0/jaeger-client-0.34.0.jar:/home/user/.m2/repository/io/jaegertracing/jaeger-thrift/0.34.0/jaeger-thrift-0.34.0.jar:/home/user/.m2/repository/org/apache/thrift/libthrift/0.12.0/libthrift-0.12.0.jar:/home/user/.m2/repository/com/squareup/okhttp3/okhttp/3.9.0/okhttp-3.9.0.jar:/home/user/.m2/repository/com/squareup/okio/okio/1.13.0/okio-1.13.0.jar:/home/user/.m2/repository/io/jaegertracing/jaeger-core/0.34.0/jaeger-core-0.34.0.jar:/home/user/.m2/repository/io/jaegertracing/jaeger-tracerresolver/0.34.0/jaeger-tracerresolver-0.34.0.jar:/home/user/.m2/repository/io/opentracing/contrib/opentracing-tracerresolver/0.1.5/opentracing-tracerresolver-0.1.5.jar:/home/user/.m2/repository/io/opentracing/opentracing-util/0.31.0/opentracing-util-0.31.0.jar:/home/user/.m2/repository/io/opentracing/opentracing-api/0.31.0/opentracing-api-0.31.0.jar:/home/user/.m2/repository/io/opentracing/opentracing-noop/0.31.0/opentracing-noop-0.31.0.jar:/home/user/.m2/repository/org/apache/hadoop/hadoop-hdds-server-framework/0.5.0-SNAPSHOT/hadoop-hdds-server-framework-0.5.0-SNAPSHOT.jar:/home/user/.m2/repository/org/apache/hadoop/hadoop-hdds-container-service/0.5.0-SNAPSHOT/hadoop-hdds-container-service-0.5.0-SNAPSHOT.jar:/home/user/.m2/repository/org/apache/hadoop/hadoop-hdds-client/0.5.0-SNAPSHOT/hadoop-hdds-client-0.5.0-SNAPSHOT.jar:/home/user/.m2/repository/org/apache/hadoop/hadoop-hdds-tools/0.5.0-SNAPSHOT/hadoop-hdds-tools-0.5.0-SNAPSHOT.jar:/home/user/.m2/repository/org/apache/hadoop/hadoop-hdds-server-scm/0.5.0-SNAPSHOT/hadoop-hdds-server-scm-0.5.0-SNAPSHOT.jar:/home/user/.m2/repository/org/apache/hadoop/hadoop-hdds-docs/0.5.0-SNAPSHOT/hadoop-hdds-docs-0.5.0-SNAPSHOT.jar:/home/user/.m2/repository/io/dropwizard/metrics/metrics-core/3.2.4/metrics-core-3.2.4.jar:/home/user/.m2/repository/org/hamcrest/hamcrest-all/1.3/hamcrest-all-1.3.jar:/home/user/.m2/repository/org/bouncycastle/bcprov-jdk15on/1.60/bcprov-jdk15on-1.60.jar:/home/user/.m2/repository/info/picocli/picocli/3.9.6/picocli-3.9.6.jar:/home/user/.m2/repository/com/google/protobuf/protobuf-java/2.5.0/protobuf-java-2.5.0.jar:/home/user/.m2/repository/com/google/guava/guava/11.0.2/guava-11.0.2.jar:/home/user/.m2/repository/org/apache/hadoop/hadoop-ozone-ozone-manager/0.5.0-SNAPSHOT/hadoop-ozone-ozone-manager-0.5.0-SNAPSHOT.jar:/home/user/.m2/repository/org/apache/hadoop/hadoop-minikdc/3.2.0/hadoop-minikdc-3.2.0.jar:/home/user/.m2/repository/commons-io/commons-io/2.5/commons-io-2.5.jar:/home/user/.m2/repository/org/apache/kerby/kerb-simplekdc/1.0.1/kerb-simplekdc-1.0.1.jar:/home/user/.m2/repository/org/apache/kerby/kerb-client/1.0.1/kerb-client-1.0.1.jar:/home/user/.m2/repository/org/apache/kerby/kerby-config/1.0.1/kerby-config-1.0.1.jar:/home/user/.m2/repository/org/apache/kerby/kerb-core/1.0.1/kerb-core-1.0.1.jar:/home/user/.m2/repository/org/apache/kerby/kerby-pkix/1.0.1/kerby-pkix-1.0.1.jar:/home/user/.m2/repository/org/apache/kerby/kerby-asn1/1.0.1/kerby-asn1-1.0.1.jar:/home/user/.m2/repository/org/apache/kerby/kerby-util/1.0.1/kerby-util-1.0.1.jar:/home/user/.m2/repository/org/apache/kerby/kerb-common/1.0.1/kerb-common-1.0.1.jar:/home/user/.m2/repository/org/apache/kerby/kerb-crypto/1.0.1/kerb-crypto-1.0.1.jar:/home/user/.m2/repository/org/apache/kerby/kerb-util/1.0.1/kerb-util-1.0.1.jar:/home/user/.m2/repository/org/apache/kerby/token-provider/1.0.1/token-provider-1.0.1.jar:/home/user/.m2/repository/org/apache/kerby/kerb-admin/1.0.1/kerb-admin-1.0.1.jar:/home/user/.m2/repository/org/apache/kerby/kerb-server/1.0.1/kerb-server-1.0.1.jar:/home/user/.m2/repository/org/apache/kerby/kerb-identity/1.0.1/kerb-identity-1.0.1.jar:/home/user/.m2/repository/org/apache/kerby/kerby-xdr/1.0.1/kerby-xdr-1.0.1.jar:/home/user/.m2/repository/org/slf4j/slf4j-log4j12/1.7.25/slf4j-log4j12-1.7.25.jar:/home/user/.m2/repository/org/apache/hadoop/hadoop-ozone-s3gateway/0.5.0-SNAPSHOT/hadoop-ozone-s3gateway-0.5.0-SNAPSHOT.jar:/home/user/.m2/repository/org/jboss/weld/servlet/weld-servlet/2.4.7.Final/weld-servlet-2.4.7.Final.jar:/home/user/.m2/repository/org/glassfish/jersey/containers/jersey-container-servlet-core/2.27/jersey-container-servlet-core-2.27.jar:/home/user/.m2/repository/org/glassfish/hk2/external/javax.inject/2.5.0-b42/javax.inject-2.5.0-b42.jar:/home/user/.m2/repository/org/glassfish/jersey/core/jersey-common/2.27/jersey-common-2.27.jar:/home/user/.m2/repository/org/glassfish/hk2/osgi-resource-locator/1.0.1/osgi-resource-locator-1.0.1.jar:/home/user/.m2/repository/javax/ws/rs/javax.ws.rs-api/2.1/javax.ws.rs-api-2.1.jar:/home/user/.m2/repository/org/glassfish/jersey/ext/cdi/jersey-cdi1x/2.27/jersey-cdi1x-2.27.jar:/home/user/.m2/repository/org/glassfish/jersey/inject/jersey-hk2/2.27/jersey-hk2-2.27.jar:/home/user/.m2/repository/org/glassfish/hk2/hk2-locator/2.5.0-b42/hk2-locator-2.5.0-b42.jar:/home/user/.m2/repository/org/javassist/javassist/3.22.0-CR2/javassist-3.22.0-CR2.jar:/home/user/.m2/repository/org/glassfish/hk2/hk2-api/2.5.0/hk2-api-2.5.0.jar:/home/user/.m2/repository/org/glassfish/hk2/external/jakarta.inject/2.5.0/jakarta.inject-2.5.0.jar:/home/user/.m2/repository/org/glassfish/hk2/hk2-utils/2.5.0/hk2-utils-2.5.0.jar:/home/user/.m2/repository/jakarta/annotation/jakarta.annotation-api/1.3.4/jakarta.annotation-api-1.3.4.jar:/home/user/.m2/repository/org/glassfish/hk2/external/aopalliance-repackaged/2.5.0/aopalliance-repackaged-2.5.0.jar:/home/user/.m2/repository/com/fasterxml/jackson/dataformat/jackson-dataformat-xml/2.9.0/jackson-dataformat-xml-2.9.0.jar:/home/user/.m2/repository/com/fasterxml/jackson/core/jackson-core/2.9.9/jackson-core-2.9.9.jar:/home/user/.m2/repository/com/fasterxml/jackson/module/jackson-module-jaxb-annotations/2.9.9/jackson-module-jaxb-annotations-2.9.9.jar:/home/user/.m2/repository/javax/enterprise/cdi-api/1.2/cdi-api-1.2.jar:/home/user/.m2/repository/javax/el/javax.el-api/3.0.0/javax.el-api-3.0.0.jar:/home/user/.m2/repository/javax/interceptor/javax.interceptor-api/1.2/javax.interceptor-api-1.2.jar:/home/user/.m2/repository/javax/inject/javax.inject/1/javax.inject-1.jar:/home/user/.m2/repository/com/sun/xml/bind/jaxb-impl/2.3.0.1/jaxb-impl-2.3.0.1.jar:/home/user/.m2/repository/com/sun/xml/bind/jaxb-core/2.3.0.1/jaxb-core-2.3.0.1.jar:/home/user/.m2/repository/javax/xml/bind/jaxb-api/2.3.0/jaxb-api-2.3.0.jar:/home/user/.m2/repository/javax/activation/activation/1.1.1/activation-1.1.1.jar:/home/user/.m2/repository/org/apache/hadoop/hadoop-ozone-csi/0.5.0-SNAPSHOT/hadoop-ozone-csi-0.5.0-SNAPSHOT.jar:/home/user/.m2/repository/com/google/protobuf/protobuf-java-util/3.5.1/protobuf-java-util-3.5.1.jar:/home/user/.m2/repository/org/apache/hadoop/hadoop-hdds-config/0.5.0-SNAPSHOT/hadoop-hdds-config-0.5.0-SNAPSHOT.jar:/home/user/.m2/repository/io/grpc/grpc-netty/1.17.1/grpc-netty-1.17.1.jar:/home/user/.m2/repository/io/grpc/grpc-core/1.17.1/grpc-core-1.17.1.jar:/home/user/.m2/repository/io/grpc/grpc-context/1.17.1/grpc-context-1.17.1.jar:/home/user/.m2/repository/com/google/errorprone/error_prone_annotations/2.2.0/error_prone_annotations-2.2.0.jar:/home/user/.m2/repository/org/codehaus/mojo/animal-sniffer-annotations/1.17/animal-sniffer-annotations-1.17.jar:/home/user/.m2/repository/io/opencensus/opencensus-api/0.17.0/opencensus-api-0.17.0.jar:/home/user/.m2/repository/io/opencensus/opencensus-contrib-grpc-metrics/0.17.0/opencensus-contrib-grpc-metrics-0.17.0.jar:/home/user/.m2/repository/io/netty/netty-codec-http2/4.1.30.Final/netty-codec-http2-4.1.30.Final.jar:/home/user/.m2/repository/io/netty/netty-codec-http/4.1.30.Final/netty-codec-http-4.1.30.Final.jar:/home/user/.m2/repository/io/netty/netty-codec/4.1.30.Final/netty-codec-4.1.30.Final.jar:/home/user/.m2/repository/io/netty/netty-handler/4.1.30.Final/netty-handler-4.1.30.Final.jar:/home/user/.m2/repository/io/netty/netty-handler-proxy/4.1.30.Final/netty-handler-proxy-4.1.30.Final.jar:/home/user/.m2/repository/io/netty/netty-codec-socks/4.1.30.Final/netty-codec-socks-4.1.30.Final.jar:/home/user/.m2/repository/io/netty/netty-transport-native-epoll/4.1.30.Final/netty-transport-native-epoll-4.1.30.Final.jar:/home/user/.m2/repository/io/netty/netty-common/4.1.30.Final/netty-common-4.1.30.Final.jar:/home/user/.m2/repository/io/netty/netty-buffer/4.1.30.Final/netty-buffer-4.1.30.Final.jar:/home/user/.m2/repository/io/netty/netty-transport/4.1.30.Final/netty-transport-4.1.30.Final.jar:/home/user/.m2/repository/io/netty/netty-resolver/4.1.30.Final/netty-resolver-4.1.30.Final.jar:/home/user/.m2/repository/io/netty/netty-transport-native-unix-common/4.1.30.Final/netty-transport-native-unix-common-4.1.30.Final.jar:/home/user/.m2/repository/io/grpc/grpc-protobuf/1.17.1/grpc-protobuf-1.17.1.jar:/home/user/.m2/repository/com/google/api/grpc/proto-google-common-protos/1.0.0/proto-google-common-protos-1.0.0.jar:/home/user/.m2/repository/io/grpc/grpc-protobuf-lite/1.17.1/grpc-protobuf-lite-1.17.1.jar:/home/user/.m2/repository/io/grpc/grpc-stub/1.17.1/grpc-stub-1.17.1.jar:/home/user/.m2/repository/org/apache/hadoop/hadoop-ozone-recon/0.5.0-SNAPSHOT/hadoop-ozone-recon-0.5.0-SNAPSHOT.jar:/home/user/.m2/repository/org/apache/hadoop/hadoop-ozone-reconcodegen/0.5.0-SNAPSHOT/hadoop-ozone-reconcodegen-0.5.0-SNAPSHOT.jar:/home/user/.m2/repository/com/google/inject/extensions/guice-multibindings/4.0/guice-multibindings-4.0.jar:/home/user/.m2/repository/com/google/inject/guice/4.0/guice-4.0.jar:/home/user/.m2/repository/aopalliance/aopalliance/1.0/aopalliance-1.0.jar:/home/user/.m2/repository/com/google/inject/extensions/guice-servlet/4.0/guice-servlet-4.0.jar:/home/user/.m2/repository/org/glassfish/jersey/containers/jersey-container-servlet/2.27/jersey-container-servlet-2.27.jar:/home/user/.m2/repository/org/glassfish/hk2/guice-bridge/2.5.0/guice-bridge-2.5.0.jar:/home/user/.m2/repository/org/glassfish/jersey/core/jersey-server/2.27/jersey-server-2.27.jar:/home/user/.m2/repository/org/glassfish/jersey/core/jersey-client/2.27/jersey-client-2.27.jar:/home/user/.m2/repository/org/glassfish/jersey/media/jersey-media-jaxb/2.27/jersey-media-jaxb-2.27.jar:/home/user/.m2/repository/javax/validation/validation-api/1.1.0.Final/validation-api-1.1.0.Final.jar:/home/user/.m2/repository/org/glassfish/jersey/media/jersey-media-json-jackson/2.27/jersey-media-json-jackson-2.27.jar:/home/user/.m2/repository/org/glassfish/jersey/ext/jersey-entity-filtering/2.27/jersey-entity-filtering-2.27.jar:/home/user/.m2/repository/com/google/inject/extensions/guice-assistedinject/4.0/guice-assistedinject-4.0.jar:/home/user/.m2/repository/org/jooq/jooq/3.11.10/jooq-3.11.10.jar:/home/user/.m2/repository/org/jooq/jooq-meta/3.11.10/jooq-meta-3.11.10.jar:/home/user/.m2/repository/org/jooq/jooq-codegen/3.11.10/jooq-codegen-3.11.10.jar:/home/user/.m2/repository/com/jolbox/bonecp/0.8.0.RELEASE/bonecp-0.8.0.RELEASE.jar:/home/user/.m2/repository/org/xerial/sqlite-jdbc/3.25.2/sqlite-jdbc-3.25.2.jar:/home/user/.m2/repository/org/springframework/spring-jdbc/5.1.3.RELEASE/spring-jdbc-5.1.3.RELEASE.jar:/home/user/.m2/repository/org/springframework/spring-beans/5.1.3.RELEASE/spring-beans-5.1.3.RELEASE.jar:/home/user/.m2/repository/org/springframework/spring-core/5.1.3.RELEASE/spring-core-5.1.3.RELEASE.jar:/home/user/.m2/repository/org/springframework/spring-jcl/5.1.3.RELEASE/spring-jcl-5.1.3.RELEASE.jar:/home/user/.m2/repository/org/springframework/spring-tx/5.1.3.RELEASE/spring-tx-5.1.3.RELEASE.jar:/home/user/.m2/repository/org/apache/hadoop/hadoop-ozone-client/0.5.0-SNAPSHOT/hadoop-ozone-client-0.5.0-SNAPSHOT.jar:/home/user/.m2/repository/commons-lang/commons-lang/2.6/commons-lang-2.6.jar:/home/user/.m2/repository/org/apache/hadoop/hadoop-ozone-ozone-manager/0.5.0-SNAPSHOT/hadoop-ozone-ozone-manager-0.5.0-SNAPSHOT-tests.jar:/home/user/.m2/repository/junit/junit/4.11/junit-4.11.jar:/home/user/.m2/repository/org/hamcrest/hamcrest-core/1.3/hamcrest-core-1.3.jar:/home/user/.m2/repository/org/openjdk/jmh/jmh-core/1.19/jmh-core-1.19.jar:/home/user/.m2/repository/net/sf/jopt-simple/jopt-simple/4.6/jopt-simple-4.6.jar:/home/user/.m2/repository/org/apache/commons/commons-math3/3.1.1/commons-math3-3.1.1.jar:/home/user/.m2/repository/org/openjdk/jmh/jmh-generator-annprocess/1.19/jmh-generator-annprocess-1.19.jar:/home/user/.m2/repository/org/mockito/mockito-all/1.8.5/mockito-all-1.8.5.jar:/home/user/.m2/repository/org/apache/hadoop/hadoop-kms/3.2.0/hadoop-kms-3.2.0.jar:/home/user/.m2/repository/org/apache/hadoop/hadoop-auth/3.2.0/hadoop-auth-3.2.0.jar:/home/user/.m2/repository/com/nimbusds/nimbus-jose-jwt/4.41.1/nimbus-jose-jwt-4.41.1.jar:/home/user/.m2/repository/com/github/stephenc/jcip/jcip-annotations/1.0-1/jcip-annotations-1.0-1.jar:/home/user/.m2/repository/net/minidev/json-smart/2.3/json-smart-2.3.jar:/home/user/.m2/repository/net/minidev/accessors-smart/1.2/accessors-smart-1.2.jar:/home/user/.m2/repository/org/ow2/asm/asm/5.0.4/asm-5.0.4.jar:/home/user/.m2/repository/org/apache/curator/curator-framework/2.12.0/curator-framework-2.12.0.jar:/home/user/.m2/repository/com/sun/jersey/jersey-core/1.19/jersey-core-1.19.jar:/home/user/.m2/repository/javax/ws/rs/jsr311-api/1.1.1/jsr311-api-1.1.1.jar:/home/user/.m2/repository/com/sun/jersey/jersey-server/1.19/jersey-server-1.19.jar:/home/user/.m2/repository/javax/servlet/javax.servlet-api/3.1.0/javax.servlet-api-3.1.0.jar:/home/user/.m2/repository/org/eclipse/jetty/jetty-server/9.3.25.v20180904/jetty-server-9.3.25.v20180904.jar:/home/user/.m2/repository/org/eclipse/jetty/jetty-http/9.3.25.v20180904/jetty-http-9.3.25.v20180904.jar:/home/user/.m2/repository/org/eclipse/jetty/jetty-io/9.3.25.v20180904/jetty-io-9.3.25.v20180904.jar:/home/user/.m2/repository/org/eclipse/jetty/jetty-webapp/9.3.25.v20180904/jetty-webapp-9.3.25.v20180904.jar:/home/user/.m2/repository/org/eclipse/jetty/jetty-xml/9.3.25.v20180904/jetty-xml-9.3.25.v20180904.jar:/home/user/.m2/repository/log4j/log4j/1.2.17/log4j-1.2.17.jar:/home/user/.m2/repository/org/slf4j/slf4j-api/1.7.25/slf4j-api-1.7.25.jar:/home/user/.m2/repository/org/slf4j/jul-to-slf4j/1.7.25/jul-to-slf4j-1.7.25.jar:/home/user/.m2/repository/org/eclipse/jetty/jetty-util/9.3.25.v20180904/jetty-util-9.3.25.v20180904.jar:/home/user/.m2/repository/com/fasterxml/jackson/core/jackson-databind/2.9.9/jackson-databind-2.9.9.jar:/home/user/.m2/repository/org/apache/hadoop/hadoop-kms/3.2.0/hadoop-kms-3.2.0-tests.jar:/home/user/.m2/repository/org/apache/hadoop/hadoop-hdds-server-scm/0.5.0-SNAPSHOT/hadoop-hdds-server-scm-0.5.0-SNAPSHOT-tests.jar:/home/user/.m2/repository/org/apache/hadoop/hadoop-hdds-container-service/0.5.0-SNAPSHOT/hadoop-hdds-container-service-0.5.0-SNAPSHOT-tests.jar:/home/user/.m2/repository/org/yaml/snakeyaml/1.16/snakeyaml-1.16.jar:/home/user/.m2/repository/org/apache/hadoop/hadoop-common/3.2.0/hadoop-common-3.2.0-tests.jar:/home/user/.m2/repository/org/apache/hadoop/hadoop-annotations/3.2.0/hadoop-annotations-3.2.0.jar:/usr/lib/jvm/java-1.8-openjdk/jre/../lib/tools.jar:/home/user/.m2/repository/commons-cli/commons-cli/1.2/commons-cli-1.2.jar:/home/user/.m2/repository/org/apache/httpcomponents/httpclient/4.5.2/httpclient-4.5.2.jar:/home/user/.m2/repository/org/apache/httpcomponents/httpcore/4.4.4/httpcore-4.4.4.jar:/home/user/.m2/repository/commons-codec/commons-codec/1.11/commons-codec-1.11.jar:/home/user/.m2/repository/commons-net/commons-net/3.6/commons-net-3.6.jar:/home/user/.m2/repository/commons-collections/commons-collections/3.2.2/commons-collections-3.2.2.jar:/home/user/.m2/repository/org/eclipse/jetty/jetty-servlet/9.3.25.v20180904/jetty-servlet-9.3.25.v20180904.jar:/home/user/.m2/repository/org/eclipse/jetty/jetty-security/9.3.25.v20180904/jetty-security-9.3.25.v20180904.jar:/home/user/.m2/repository/javax/servlet/jsp/jsp-api/2.1/jsp-api-2.1.jar:/home/user/.m2/repository/com/sun/jersey/jersey-servlet/1.19/jersey-servlet-1.19.jar:/home/user/.m2/repository/com/sun/jersey/jersey-json/1.19/jersey-json-1.19.jar:/home/user/.m2/repository/org/codehaus/jettison/jettison/1.1/jettison-1.1.jar:/home/user/.m2/repository/org/codehaus/jackson/jackson-core-asl/1.9.13/jackson-core-asl-1.9.13.jar:/home/user/.m2/repository/org/codehaus/jackson/jackson-mapper-asl/1.9.13/jackson-mapper-asl-1.9.13.jar:/home/user/.m2/repository/org/codehaus/jackson/jackson-jaxrs/1.9.13/jackson-jaxrs-1.9.13.jar:/home/user/.m2/repository/org/codehaus/jackson/jackson-xc/1.9.13/jackson-xc-1.9.13.jar:/home/user/.m2/repository/commons-logging/commons-logging/1.1.3/commons-logging-1.1.3.jar:/home/user/.m2/repository/commons-beanutils/commons-beanutils/1.9.4/commons-beanutils-1.9.4.jar:/home/user/.m2/repository/org/apache/commons/commons-configuration2/2.1.1/commons-configuration2-2.1.1.jar:/home/user/.m2/repository/org/apache/commons/commons-lang3/3.7/commons-lang3-3.7.jar:/home/user/.m2/repository/org/apache/commons/commons-text/1.4/commons-text-1.4.jar:/home/user/.m2/repository/org/apache/avro/avro/1.7.7/avro-1.7.7.jar:/home/user/.m2/repository/com/thoughtworks/paranamer/paranamer/2.3/paranamer-2.3.jar:/home/user/.m2/repository/org/xerial/snappy/snappy-java/1.0.5/snappy-java-1.0.5.jar:/home/user/.m2/repository/com/google/re2j/re2j/1.1/re2j-1.1.jar:/home/user/.m2/repository/com/google/code/gson/gson/2.2.4/gson-2.2.4.jar:/home/user/.m2/repository/com/jcraft/jsch/0.1.54/jsch-0.1.54.jar:/home/user/.m2/repository/org/apache/curator/curator-client/2.12.0/curator-client-2.12.0.jar:/home/user/.m2/repository/org/apache/curator/curator-recipes/2.12.0/curator-recipes-2.12.0.jar:/home/user/.m2/repository/com/google/code/findbugs/jsr305/3.0.0/jsr305-3.0.0.jar:/home/user/.m2/repository/org/apache/htrace/htrace-core4/4.1.0-incubating/htrace-core4-4.1.0-incubating.jar:/home/user/.m2/repository/org/apache/zookeeper/zookeeper/3.4.13/zookeeper-3.4.13.jar:/home/user/.m2/repository/jline/jline/0.9.94/jline-0.9.94.jar:/home/user/.m2/repository/org/apache/yetus/audience-annotations/0.5.0/audience-annotations-0.5.0.jar:/home/user/.m2/repository/org/codehaus/woodstox/stax2-api/3.1.4/stax2-api-3.1.4.jar:/home/user/.m2/repository/com/fasterxml/woodstox/woodstox-core/5.0.3/woodstox-core-5.0.3.jar:/home/user/.m2/repository/dnsjava/dnsjava/2.1.7/dnsjava-2.1.7.jar:/home/user/.m2/repository/org/apache/hadoop/hadoop-hdfs/3.2.0/hadoop-hdfs-3.2.0-tests.jar:/home/user/.m2/repository/org/eclipse/jetty/jetty-util-ajax/9.3.25.v20180904/jetty-util-ajax-9.3.25.v20180904.jar:/home/user/.m2/repository/commons-daemon/commons-daemon/1.0.13/commons-daemon-1.0.13.jar:/home/user/.m2/repository/io/netty/netty/3.10.5.Final/netty-3.10.5.Final.jar:/home/user/.m2/repository/io/netty/netty-all/4.0.52.Final/netty-all-4.0.52.Final.jar:/home/user/.m2/repository/org/fusesource/leveldbjni/leveldbjni-all/1.8/leveldbjni-all-1.8.jar:"/>
    <property name="java.vm.vendor" value="IcedTea"/>
    <property name="sun.arch.data.model" value="64"/>
    <property name="test.build.dir" value="/workdir/hadoop-ozone/integration-test/target/test-dir"/>
    <property name="test.cache.data" value=""/>
    <property name="java.vendor.url" value="https://icedtea.classpath.org"/>
    <property name="user.timezone" value=""/>
    <property name="java.vm.specification.version" value="1.8"/>
    <property name="os.name" value="Linux"/>
    <property name="test.build.data" value="/workdir/hadoop-ozone/integration-test/target/test-dir"/>
    <property name="user.country" value="US"/>
    <property name="sun.java.launcher" value="SUN_STANDARD"/>
    <property name="sun.boot.library.path" value="/usr/lib/jvm/java-1.8-openjdk/jre/lib/amd64"/>
    <property name="sun.java.command" value="/workdir/hadoop-ozone/integration-test/target/surefire/surefirebooter5114776950625401643.jar /workdir/hadoop-ozone/integration-test/target/surefire 2019-10-06T13-49-48_782-jvmRun1 surefire1560665150318828806tmp surefire_64953813080877908179tmp"/>
    <property name="test" value="!TestMiniChaosOzoneCluster"/>
    <property name="surefire.test.class.path" value="/workdir/hadoop-ozone/integration-test/target/test-classes:/workdir/hadoop-ozone/integration-test/target/classes:/home/user/.m2/repository/org/apache/hadoop/hadoop-ozone-common/0.5.0-SNAPSHOT/hadoop-ozone-common-0.5.0-SNAPSHOT.jar:/home/user/.m2/repository/org/apache/commons/commons-compress/1.4.1/commons-compress-1.4.1.jar:/home/user/.m2/repository/org/tukaani/xz/1.0/xz-1.0.jar:/home/user/.m2/repository/org/apache/hadoop/hadoop-common/3.2.0/hadoop-common-3.2.0.jar:/home/user/.m2/repository/org/apache/hadoop/hadoop-hdfs/3.2.0/hadoop-hdfs-3.2.0.jar:/home/user/.m2/repository/org/apache/hadoop/hadoop-hdfs-client/3.2.0/hadoop-hdfs-client-3.2.0.jar:/home/user/.m2/repository/com/fasterxml/jackson/core/jackson-annotations/2.9.9/jackson-annotations-2.9.9.jar:/home/user/.m2/repository/org/apache/hadoop/hadoop-hdds-common/0.5.0-SNAPSHOT/hadoop-hdds-common-0.5.0-SNAPSHOT.jar:/home/user/.m2/repository/javax/annotation/javax.annotation-api/1.2/javax.annotation-api-1.2.jar:/home/user/.m2/repository/org/apache/ratis/ratis-server/0.5.0-201fc85-SNAPSHOT/ratis-server-0.5.0-201fc85-SNAPSHOT.jar:/home/user/.m2/repository/org/apache/ratis/ratis-thirdparty-misc/0.2.0/ratis-thirdparty-misc-0.2.0.jar:/home/user/.m2/repository/org/apache/ratis/ratis-proto/0.5.0-201fc85-SNAPSHOT/ratis-proto-0.5.0-201fc85-SNAPSHOT.jar:/home/user/.m2/repository/org/apache/ratis/ratis-common/0.5.0-201fc85-SNAPSHOT/ratis-common-0.5.0-201fc85-SNAPSHOT.jar:/home/user/.m2/repository/org/apache/ratis/ratis-client/0.5.0-201fc85-SNAPSHOT/ratis-client-0.5.0-201fc85-SNAPSHOT.jar:/home/user/.m2/repository/org/apache/ratis/ratis-metrics/0.5.0-201fc85-SNAPSHOT/ratis-metrics-0.5.0-201fc85-SNAPSHOT.jar:/home/user/.m2/repository/com/github/joshelser/dropwizard-metrics-hadoop-metrics2-reporter/0.1.2/dropwizard-metrics-hadoop-metrics2-reporter-0.1.2.jar:/home/user/.m2/repository/io/dropwizard/metrics/metrics-jvm/3.2.5/metrics-jvm-3.2.5.jar:/home/user/.m2/repository/io/dropwizard/metrics/metrics-ganglia/3.2.5/metrics-ganglia-3.2.5.jar:/home/user/.m2/repository/info/ganglia/gmetric4j/gmetric4j/1.0.7/gmetric4j-1.0.7.jar:/home/user/.m2/repository/org/apache/ratis/ratis-netty/0.5.0-201fc85-SNAPSHOT/ratis-netty-0.5.0-201fc85-SNAPSHOT.jar:/home/user/.m2/repository/org/apache/ratis/ratis-grpc/0.5.0-201fc85-SNAPSHOT/ratis-grpc-0.5.0-201fc85-SNAPSHOT.jar:/home/user/.m2/repository/org/rocksdb/rocksdbjni/6.0.1/rocksdbjni-6.0.1.jar:/home/user/.m2/repository/org/apache/logging/log4j/log4j-api/2.11.0/log4j-api-2.11.0.jar:/home/user/.m2/repository/org/apache/logging/log4j/log4j-core/2.11.0/log4j-core-2.11.0.jar:/home/user/.m2/repository/com/lmax/disruptor/3.4.2/disruptor-3.4.2.jar:/home/user/.m2/repository/org/apache/commons/commons-pool2/2.6.0/commons-pool2-2.6.0.jar:/home/user/.m2/repository/org/bouncycastle/bcpkix-jdk15on/1.60/bcpkix-jdk15on-1.60.jar:/home/user/.m2/repository/commons-validator/commons-validator/1.6/commons-validator-1.6.jar:/home/user/.m2/repository/commons-digester/commons-digester/1.8.1/commons-digester-1.8.1.jar:/home/user/.m2/repository/io/jaegertracing/jaeger-client/0.34.0/jaeger-client-0.34.0.jar:/home/user/.m2/repository/io/jaegertracing/jaeger-thrift/0.34.0/jaeger-thrift-0.34.0.jar:/home/user/.m2/repository/org/apache/thrift/libthrift/0.12.0/libthrift-0.12.0.jar:/home/user/.m2/repository/com/squareup/okhttp3/okhttp/3.9.0/okhttp-3.9.0.jar:/home/user/.m2/repository/com/squareup/okio/okio/1.13.0/okio-1.13.0.jar:/home/user/.m2/repository/io/jaegertracing/jaeger-core/0.34.0/jaeger-core-0.34.0.jar:/home/user/.m2/repository/io/jaegertracing/jaeger-tracerresolver/0.34.0/jaeger-tracerresolver-0.34.0.jar:/home/user/.m2/repository/io/opentracing/contrib/opentracing-tracerresolver/0.1.5/opentracing-tracerresolver-0.1.5.jar:/home/user/.m2/repository/io/opentracing/opentracing-util/0.31.0/opentracing-util-0.31.0.jar:/home/user/.m2/repository/io/opentracing/opentracing-api/0.31.0/opentracing-api-0.31.0.jar:/home/user/.m2/repository/io/opentracing/opentracing-noop/0.31.0/opentracing-noop-0.31.0.jar:/home/user/.m2/repository/org/apache/hadoop/hadoop-hdds-server-framework/0.5.0-SNAPSHOT/hadoop-hdds-server-framework-0.5.0-SNAPSHOT.jar:/home/user/.m2/repository/org/apache/hadoop/hadoop-hdds-container-service/0.5.0-SNAPSHOT/hadoop-hdds-container-service-0.5.0-SNAPSHOT.jar:/home/user/.m2/repository/org/apache/hadoop/hadoop-hdds-client/0.5.0-SNAPSHOT/hadoop-hdds-client-0.5.0-SNAPSHOT.jar:/home/user/.m2/repository/org/apache/hadoop/hadoop-hdds-tools/0.5.0-SNAPSHOT/hadoop-hdds-tools-0.5.0-SNAPSHOT.jar:/home/user/.m2/repository/org/apache/hadoop/hadoop-hdds-server-scm/0.5.0-SNAPSHOT/hadoop-hdds-server-scm-0.5.0-SNAPSHOT.jar:/home/user/.m2/repository/org/apache/hadoop/hadoop-hdds-docs/0.5.0-SNAPSHOT/hadoop-hdds-docs-0.5.0-SNAPSHOT.jar:/home/user/.m2/repository/io/dropwizard/metrics/metrics-core/3.2.4/metrics-core-3.2.4.jar:/home/user/.m2/repository/org/hamcrest/hamcrest-all/1.3/hamcrest-all-1.3.jar:/home/user/.m2/repository/org/bouncycastle/bcprov-jdk15on/1.60/bcprov-jdk15on-1.60.jar:/home/user/.m2/repository/info/picocli/picocli/3.9.6/picocli-3.9.6.jar:/home/user/.m2/repository/com/google/protobuf/protobuf-java/2.5.0/protobuf-java-2.5.0.jar:/home/user/.m2/repository/com/google/guava/guava/11.0.2/guava-11.0.2.jar:/home/user/.m2/repository/org/apache/hadoop/hadoop-ozone-ozone-manager/0.5.0-SNAPSHOT/hadoop-ozone-ozone-manager-0.5.0-SNAPSHOT.jar:/home/user/.m2/repository/org/apache/hadoop/hadoop-minikdc/3.2.0/hadoop-minikdc-3.2.0.jar:/home/user/.m2/repository/commons-io/commons-io/2.5/commons-io-2.5.jar:/home/user/.m2/repository/org/apache/kerby/kerb-simplekdc/1.0.1/kerb-simplekdc-1.0.1.jar:/home/user/.m2/repository/org/apache/kerby/kerb-client/1.0.1/kerb-client-1.0.1.jar:/home/user/.m2/repository/org/apache/kerby/kerby-config/1.0.1/kerby-config-1.0.1.jar:/home/user/.m2/repository/org/apache/kerby/kerb-core/1.0.1/kerb-core-1.0.1.jar:/home/user/.m2/repository/org/apache/kerby/kerby-pkix/1.0.1/kerby-pkix-1.0.1.jar:/home/user/.m2/repository/org/apache/kerby/kerby-asn1/1.0.1/kerby-asn1-1.0.1.jar:/home/user/.m2/repository/org/apache/kerby/kerby-util/1.0.1/kerby-util-1.0.1.jar:/home/user/.m2/repository/org/apache/kerby/kerb-common/1.0.1/kerb-common-1.0.1.jar:/home/user/.m2/repository/org/apache/kerby/kerb-crypto/1.0.1/kerb-crypto-1.0.1.jar:/home/user/.m2/repository/org/apache/kerby/kerb-util/1.0.1/kerb-util-1.0.1.jar:/home/user/.m2/repository/org/apache/kerby/token-provider/1.0.1/token-provider-1.0.1.jar:/home/user/.m2/repository/org/apache/kerby/kerb-admin/1.0.1/kerb-admin-1.0.1.jar:/home/user/.m2/repository/org/apache/kerby/kerb-server/1.0.1/kerb-server-1.0.1.jar:/home/user/.m2/repository/org/apache/kerby/kerb-identity/1.0.1/kerb-identity-1.0.1.jar:/home/user/.m2/repository/org/apache/kerby/kerby-xdr/1.0.1/kerby-xdr-1.0.1.jar:/home/user/.m2/repository/org/slf4j/slf4j-log4j12/1.7.25/slf4j-log4j12-1.7.25.jar:/home/user/.m2/repository/org/apache/hadoop/hadoop-ozone-s3gateway/0.5.0-SNAPSHOT/hadoop-ozone-s3gateway-0.5.0-SNAPSHOT.jar:/home/user/.m2/repository/org/jboss/weld/servlet/weld-servlet/2.4.7.Final/weld-servlet-2.4.7.Final.jar:/home/user/.m2/repository/org/glassfish/jersey/containers/jersey-container-servlet-core/2.27/jersey-container-servlet-core-2.27.jar:/home/user/.m2/repository/org/glassfish/hk2/external/javax.inject/2.5.0-b42/javax.inject-2.5.0-b42.jar:/home/user/.m2/repository/org/glassfish/jersey/core/jersey-common/2.27/jersey-common-2.27.jar:/home/user/.m2/repository/org/glassfish/hk2/osgi-resource-locator/1.0.1/osgi-resource-locator-1.0.1.jar:/home/user/.m2/repository/javax/ws/rs/javax.ws.rs-api/2.1/javax.ws.rs-api-2.1.jar:/home/user/.m2/repository/org/glassfish/jersey/ext/cdi/jersey-cdi1x/2.27/jersey-cdi1x-2.27.jar:/home/user/.m2/repository/org/glassfish/jersey/inject/jersey-hk2/2.27/jersey-hk2-2.27.jar:/home/user/.m2/repository/org/glassfish/hk2/hk2-locator/2.5.0-b42/hk2-locator-2.5.0-b42.jar:/home/user/.m2/repository/org/javassist/javassist/3.22.0-CR2/javassist-3.22.0-CR2.jar:/home/user/.m2/repository/org/glassfish/hk2/hk2-api/2.5.0/hk2-api-2.5.0.jar:/home/user/.m2/repository/org/glassfish/hk2/external/jakarta.inject/2.5.0/jakarta.inject-2.5.0.jar:/home/user/.m2/repository/org/glassfish/hk2/hk2-utils/2.5.0/hk2-utils-2.5.0.jar:/home/user/.m2/repository/jakarta/annotation/jakarta.annotation-api/1.3.4/jakarta.annotation-api-1.3.4.jar:/home/user/.m2/repository/org/glassfish/hk2/external/aopalliance-repackaged/2.5.0/aopalliance-repackaged-2.5.0.jar:/home/user/.m2/repository/com/fasterxml/jackson/dataformat/jackson-dataformat-xml/2.9.0/jackson-dataformat-xml-2.9.0.jar:/home/user/.m2/repository/com/fasterxml/jackson/core/jackson-core/2.9.9/jackson-core-2.9.9.jar:/home/user/.m2/repository/com/fasterxml/jackson/module/jackson-module-jaxb-annotations/2.9.9/jackson-module-jaxb-annotations-2.9.9.jar:/home/user/.m2/repository/javax/enterprise/cdi-api/1.2/cdi-api-1.2.jar:/home/user/.m2/repository/javax/el/javax.el-api/3.0.0/javax.el-api-3.0.0.jar:/home/user/.m2/repository/javax/interceptor/javax.interceptor-api/1.2/javax.interceptor-api-1.2.jar:/home/user/.m2/repository/javax/inject/javax.inject/1/javax.inject-1.jar:/home/user/.m2/repository/com/sun/xml/bind/jaxb-impl/2.3.0.1/jaxb-impl-2.3.0.1.jar:/home/user/.m2/repository/com/sun/xml/bind/jaxb-core/2.3.0.1/jaxb-core-2.3.0.1.jar:/home/user/.m2/repository/javax/xml/bind/jaxb-api/2.3.0/jaxb-api-2.3.0.jar:/home/user/.m2/repository/javax/activation/activation/1.1.1/activation-1.1.1.jar:/home/user/.m2/repository/org/apache/hadoop/hadoop-ozone-csi/0.5.0-SNAPSHOT/hadoop-ozone-csi-0.5.0-SNAPSHOT.jar:/home/user/.m2/repository/com/google/protobuf/protobuf-java-util/3.5.1/protobuf-java-util-3.5.1.jar:/home/user/.m2/repository/org/apache/hadoop/hadoop-hdds-config/0.5.0-SNAPSHOT/hadoop-hdds-config-0.5.0-SNAPSHOT.jar:/home/user/.m2/repository/io/grpc/grpc-netty/1.17.1/grpc-netty-1.17.1.jar:/home/user/.m2/repository/io/grpc/grpc-core/1.17.1/grpc-core-1.17.1.jar:/home/user/.m2/repository/io/grpc/grpc-context/1.17.1/grpc-context-1.17.1.jar:/home/user/.m2/repository/com/google/errorprone/error_prone_annotations/2.2.0/error_prone_annotations-2.2.0.jar:/home/user/.m2/repository/org/codehaus/mojo/animal-sniffer-annotations/1.17/animal-sniffer-annotations-1.17.jar:/home/user/.m2/repository/io/opencensus/opencensus-api/0.17.0/opencensus-api-0.17.0.jar:/home/user/.m2/repository/io/opencensus/opencensus-contrib-grpc-metrics/0.17.0/opencensus-contrib-grpc-metrics-0.17.0.jar:/home/user/.m2/repository/io/netty/netty-codec-http2/4.1.30.Final/netty-codec-http2-4.1.30.Final.jar:/home/user/.m2/repository/io/netty/netty-codec-http/4.1.30.Final/netty-codec-http-4.1.30.Final.jar:/home/user/.m2/repository/io/netty/netty-codec/4.1.30.Final/netty-codec-4.1.30.Final.jar:/home/user/.m2/repository/io/netty/netty-handler/4.1.30.Final/netty-handler-4.1.30.Final.jar:/home/user/.m2/repository/io/netty/netty-handler-proxy/4.1.30.Final/netty-handler-proxy-4.1.30.Final.jar:/home/user/.m2/repository/io/netty/netty-codec-socks/4.1.30.Final/netty-codec-socks-4.1.30.Final.jar:/home/user/.m2/repository/io/netty/netty-transport-native-epoll/4.1.30.Final/netty-transport-native-epoll-4.1.30.Final.jar:/home/user/.m2/repository/io/netty/netty-common/4.1.30.Final/netty-common-4.1.30.Final.jar:/home/user/.m2/repository/io/netty/netty-buffer/4.1.30.Final/netty-buffer-4.1.30.Final.jar:/home/user/.m2/repository/io/netty/netty-transport/4.1.30.Final/netty-transport-4.1.30.Final.jar:/home/user/.m2/repository/io/netty/netty-resolver/4.1.30.Final/netty-resolver-4.1.30.Final.jar:/home/user/.m2/repository/io/netty/netty-transport-native-unix-common/4.1.30.Final/netty-transport-native-unix-common-4.1.30.Final.jar:/home/user/.m2/repository/io/grpc/grpc-protobuf/1.17.1/grpc-protobuf-1.17.1.jar:/home/user/.m2/repository/com/google/api/grpc/proto-google-common-protos/1.0.0/proto-google-common-protos-1.0.0.jar:/home/user/.m2/repository/io/grpc/grpc-protobuf-lite/1.17.1/grpc-protobuf-lite-1.17.1.jar:/home/user/.m2/repository/io/grpc/grpc-stub/1.17.1/grpc-stub-1.17.1.jar:/home/user/.m2/repository/org/apache/hadoop/hadoop-ozone-recon/0.5.0-SNAPSHOT/hadoop-ozone-recon-0.5.0-SNAPSHOT.jar:/home/user/.m2/repository/org/apache/hadoop/hadoop-ozone-reconcodegen/0.5.0-SNAPSHOT/hadoop-ozone-reconcodegen-0.5.0-SNAPSHOT.jar:/home/user/.m2/repository/com/google/inject/extensions/guice-multibindings/4.0/guice-multibindings-4.0.jar:/home/user/.m2/repository/com/google/inject/guice/4.0/guice-4.0.jar:/home/user/.m2/repository/aopalliance/aopalliance/1.0/aopalliance-1.0.jar:/home/user/.m2/repository/com/google/inject/extensions/guice-servlet/4.0/guice-servlet-4.0.jar:/home/user/.m2/repository/org/glassfish/jersey/containers/jersey-container-servlet/2.27/jersey-container-servlet-2.27.jar:/home/user/.m2/repository/org/glassfish/hk2/guice-bridge/2.5.0/guice-bridge-2.5.0.jar:/home/user/.m2/repository/org/glassfish/jersey/core/jersey-server/2.27/jersey-server-2.27.jar:/home/user/.m2/repository/org/glassfish/jersey/core/jersey-client/2.27/jersey-client-2.27.jar:/home/user/.m2/repository/org/glassfish/jersey/media/jersey-media-jaxb/2.27/jersey-media-jaxb-2.27.jar:/home/user/.m2/repository/javax/validation/validation-api/1.1.0.Final/validation-api-1.1.0.Final.jar:/home/user/.m2/repository/org/glassfish/jersey/media/jersey-media-json-jackson/2.27/jersey-media-json-jackson-2.27.jar:/home/user/.m2/repository/org/glassfish/jersey/ext/jersey-entity-filtering/2.27/jersey-entity-filtering-2.27.jar:/home/user/.m2/repository/com/google/inject/extensions/guice-assistedinject/4.0/guice-assistedinject-4.0.jar:/home/user/.m2/repository/org/jooq/jooq/3.11.10/jooq-3.11.10.jar:/home/user/.m2/repository/org/jooq/jooq-meta/3.11.10/jooq-meta-3.11.10.jar:/home/user/.m2/repository/org/jooq/jooq-codegen/3.11.10/jooq-codegen-3.11.10.jar:/home/user/.m2/repository/com/jolbox/bonecp/0.8.0.RELEASE/bonecp-0.8.0.RELEASE.jar:/home/user/.m2/repository/org/xerial/sqlite-jdbc/3.25.2/sqlite-jdbc-3.25.2.jar:/home/user/.m2/repository/org/springframework/spring-jdbc/5.1.3.RELEASE/spring-jdbc-5.1.3.RELEASE.jar:/home/user/.m2/repository/org/springframework/spring-beans/5.1.3.RELEASE/spring-beans-5.1.3.RELEASE.jar:/home/user/.m2/repository/org/springframework/spring-core/5.1.3.RELEASE/spring-core-5.1.3.RELEASE.jar:/home/user/.m2/repository/org/springframework/spring-jcl/5.1.3.RELEASE/spring-jcl-5.1.3.RELEASE.jar:/home/user/.m2/repository/org/springframework/spring-tx/5.1.3.RELEASE/spring-tx-5.1.3.RELEASE.jar:/home/user/.m2/repository/org/apache/hadoop/hadoop-ozone-client/0.5.0-SNAPSHOT/hadoop-ozone-client-0.5.0-SNAPSHOT.jar:/home/user/.m2/repository/commons-lang/commons-lang/2.6/commons-lang-2.6.jar:/home/user/.m2/repository/org/apache/hadoop/hadoop-ozone-ozone-manager/0.5.0-SNAPSHOT/hadoop-ozone-ozone-manager-0.5.0-SNAPSHOT-tests.jar:/home/user/.m2/repository/junit/junit/4.11/junit-4.11.jar:/home/user/.m2/repository/org/hamcrest/hamcrest-core/1.3/hamcrest-core-1.3.jar:/home/user/.m2/repository/org/openjdk/jmh/jmh-core/1.19/jmh-core-1.19.jar:/home/user/.m2/repository/net/sf/jopt-simple/jopt-simple/4.6/jopt-simple-4.6.jar:/home/user/.m2/repository/org/apache/commons/commons-math3/3.1.1/commons-math3-3.1.1.jar:/home/user/.m2/repository/org/openjdk/jmh/jmh-generator-annprocess/1.19/jmh-generator-annprocess-1.19.jar:/home/user/.m2/repository/org/mockito/mockito-all/1.8.5/mockito-all-1.8.5.jar:/home/user/.m2/repository/org/apache/hadoop/hadoop-kms/3.2.0/hadoop-kms-3.2.0.jar:/home/user/.m2/repository/org/apache/hadoop/hadoop-auth/3.2.0/hadoop-auth-3.2.0.jar:/home/user/.m2/repository/com/nimbusds/nimbus-jose-jwt/4.41.1/nimbus-jose-jwt-4.41.1.jar:/home/user/.m2/repository/com/github/stephenc/jcip/jcip-annotations/1.0-1/jcip-annotations-1.0-1.jar:/home/user/.m2/repository/net/minidev/json-smart/2.3/json-smart-2.3.jar:/home/user/.m2/repository/net/minidev/accessors-smart/1.2/accessors-smart-1.2.jar:/home/user/.m2/repository/org/ow2/asm/asm/5.0.4/asm-5.0.4.jar:/home/user/.m2/repository/org/apache/curator/curator-framework/2.12.0/curator-framework-2.12.0.jar:/home/user/.m2/repository/com/sun/jersey/jersey-core/1.19/jersey-core-1.19.jar:/home/user/.m2/repository/javax/ws/rs/jsr311-api/1.1.1/jsr311-api-1.1.1.jar:/home/user/.m2/repository/com/sun/jersey/jersey-server/1.19/jersey-server-1.19.jar:/home/user/.m2/repository/javax/servlet/javax.servlet-api/3.1.0/javax.servlet-api-3.1.0.jar:/home/user/.m2/repository/org/eclipse/jetty/jetty-server/9.3.25.v20180904/jetty-server-9.3.25.v20180904.jar:/home/user/.m2/repository/org/eclipse/jetty/jetty-http/9.3.25.v20180904/jetty-http-9.3.25.v20180904.jar:/home/user/.m2/repository/org/eclipse/jetty/jetty-io/9.3.25.v20180904/jetty-io-9.3.25.v20180904.jar:/home/user/.m2/repository/org/eclipse/jetty/jetty-webapp/9.3.25.v20180904/jetty-webapp-9.3.25.v20180904.jar:/home/user/.m2/repository/org/eclipse/jetty/jetty-xml/9.3.25.v20180904/jetty-xml-9.3.25.v20180904.jar:/home/user/.m2/repository/log4j/log4j/1.2.17/log4j-1.2.17.jar:/home/user/.m2/repository/org/slf4j/slf4j-api/1.7.25/slf4j-api-1.7.25.jar:/home/user/.m2/repository/org/slf4j/jul-to-slf4j/1.7.25/jul-to-slf4j-1.7.25.jar:/home/user/.m2/repository/org/eclipse/jetty/jetty-util/9.3.25.v20180904/jetty-util-9.3.25.v20180904.jar:/home/user/.m2/repository/com/fasterxml/jackson/core/jackson-databind/2.9.9/jackson-databind-2.9.9.jar:/home/user/.m2/repository/org/apache/hadoop/hadoop-kms/3.2.0/hadoop-kms-3.2.0-tests.jar:/home/user/.m2/repository/org/apache/hadoop/hadoop-hdds-server-scm/0.5.0-SNAPSHOT/hadoop-hdds-server-scm-0.5.0-SNAPSHOT-tests.jar:/home/user/.m2/repository/org/apache/hadoop/hadoop-hdds-container-service/0.5.0-SNAPSHOT/hadoop-hdds-container-service-0.5.0-SNAPSHOT-tests.jar:/home/user/.m2/repository/org/yaml/snakeyaml/1.16/snakeyaml-1.16.jar:/home/user/.m2/repository/org/apache/hadoop/hadoop-common/3.2.0/hadoop-common-3.2.0-tests.jar:/home/user/.m2/repository/org/apache/hadoop/hadoop-annotations/3.2.0/hadoop-annotations-3.2.0.jar:/usr/lib/jvm/java-1.8-openjdk/jre/../lib/tools.jar:/home/user/.m2/repository/commons-cli/commons-cli/1.2/commons-cli-1.2.jar:/home/user/.m2/repository/org/apache/httpcomponents/httpclient/4.5.2/httpclient-4.5.2.jar:/home/user/.m2/repository/org/apache/httpcomponents/httpcore/4.4.4/httpcore-4.4.4.jar:/home/user/.m2/repository/commons-codec/commons-codec/1.11/commons-codec-1.11.jar:/home/user/.m2/repository/commons-net/commons-net/3.6/commons-net-3.6.jar:/home/user/.m2/repository/commons-collections/commons-collections/3.2.2/commons-collections-3.2.2.jar:/home/user/.m2/repository/org/eclipse/jetty/jetty-servlet/9.3.25.v20180904/jetty-servlet-9.3.25.v20180904.jar:/home/user/.m2/repository/org/eclipse/jetty/jetty-security/9.3.25.v20180904/jetty-security-9.3.25.v20180904.jar:/home/user/.m2/repository/javax/servlet/jsp/jsp-api/2.1/jsp-api-2.1.jar:/home/user/.m2/repository/com/sun/jersey/jersey-servlet/1.19/jersey-servlet-1.19.jar:/home/user/.m2/repository/com/sun/jersey/jersey-json/1.19/jersey-json-1.19.jar:/home/user/.m2/repository/org/codehaus/jettison/jettison/1.1/jettison-1.1.jar:/home/user/.m2/repository/org/codehaus/jackson/jackson-core-asl/1.9.13/jackson-core-asl-1.9.13.jar:/home/user/.m2/repository/org/codehaus/jackson/jackson-mapper-asl/1.9.13/jackson-mapper-asl-1.9.13.jar:/home/user/.m2/repository/org/codehaus/jackson/jackson-jaxrs/1.9.13/jackson-jaxrs-1.9.13.jar:/home/user/.m2/repository/org/codehaus/jackson/jackson-xc/1.9.13/jackson-xc-1.9.13.jar:/home/user/.m2/repository/commons-logging/commons-logging/1.1.3/commons-logging-1.1.3.jar:/home/user/.m2/repository/commons-beanutils/commons-beanutils/1.9.4/commons-beanutils-1.9.4.jar:/home/user/.m2/repository/org/apache/commons/commons-configuration2/2.1.1/commons-configuration2-2.1.1.jar:/home/user/.m2/repository/org/apache/commons/commons-lang3/3.7/commons-lang3-3.7.jar:/home/user/.m2/repository/org/apache/commons/commons-text/1.4/commons-text-1.4.jar:/home/user/.m2/repository/org/apache/avro/avro/1.7.7/avro-1.7.7.jar:/home/user/.m2/repository/com/thoughtworks/paranamer/paranamer/2.3/paranamer-2.3.jar:/home/user/.m2/repository/org/xerial/snappy/snappy-java/1.0.5/snappy-java-1.0.5.jar:/home/user/.m2/repository/com/google/re2j/re2j/1.1/re2j-1.1.jar:/home/user/.m2/repository/com/google/code/gson/gson/2.2.4/gson-2.2.4.jar:/home/user/.m2/repository/com/jcraft/jsch/0.1.54/jsch-0.1.54.jar:/home/user/.m2/repository/org/apache/curator/curator-client/2.12.0/curator-client-2.12.0.jar:/home/user/.m2/repository/org/apache/curator/curator-recipes/2.12.0/curator-recipes-2.12.0.jar:/home/user/.m2/repository/com/google/code/findbugs/jsr305/3.0.0/jsr305-3.0.0.jar:/home/user/.m2/repository/org/apache/htrace/htrace-core4/4.1.0-incubating/htrace-core4-4.1.0-incubating.jar:/home/user/.m2/repository/org/apache/zookeeper/zookeeper/3.4.13/zookeeper-3.4.13.jar:/home/user/.m2/repository/jline/jline/0.9.94/jline-0.9.94.jar:/home/user/.m2/repository/org/apache/yetus/audience-annotations/0.5.0/audience-annotations-0.5.0.jar:/home/user/.m2/repository/org/codehaus/woodstox/stax2-api/3.1.4/stax2-api-3.1.4.jar:/home/user/.m2/repository/com/fasterxml/woodstox/woodstox-core/5.0.3/woodstox-core-5.0.3.jar:/home/user/.m2/repository/dnsjava/dnsjava/2.1.7/dnsjava-2.1.7.jar:/home/user/.m2/repository/org/apache/hadoop/hadoop-hdfs/3.2.0/hadoop-hdfs-3.2.0-tests.jar:/home/user/.m2/repository/org/eclipse/jetty/jetty-util-ajax/9.3.25.v20180904/jetty-util-ajax-9.3.25.v20180904.jar:/home/user/.m2/repository/commons-daemon/commons-daemon/1.0.13/commons-daemon-1.0.13.jar:/home/user/.m2/repository/io/netty/netty/3.10.5.Final/netty-3.10.5.Final.jar:/home/user/.m2/repository/io/netty/netty-all/4.0.52.Final/netty-all-4.0.52.Final.jar:/home/user/.m2/repository/org/fusesource/leveldbjni/leveldbjni-all/1.8/leveldbjni-all-1.8.jar:"/>
    <property name="sun.cpu.endian" value="little"/>
    <property name="user.home" value="/home/user"/>
    <property name="user.language" value="en"/>
    <property name="java.specification.vendor" value="Oracle Corporation"/>
    <property name="java.home" value="/usr/lib/jvm/java-1.8-openjdk/jre"/>
    <property name="surefire.excludesFile" value="/tools/ozone-bad-unit-tests"/>
    <property name="java.security.krb5.conf" value="/workdir/hadoop-ozone/integration-test/target/test-classes/krb5.conf"/>
    <property name="basedir" value="/workdir/hadoop-ozone/integration-test"/>
    <property name="file.separator" value="/"/>
    <property name="line.separator" value="&#10;"/>
    <property name="java.vm.specification.vendor" value="Oracle Corporation"/>
    <property name="java.specification.name" value="Java Platform API Specification"/>
    <property name="java.awt.graphicsenv" value="sun.awt.X11GraphicsEnvironment"/>
    <property name="surefire.real.class.path" value="/workdir/hadoop-ozone/integration-test/target/surefire/surefirebooter5114776950625401643.jar"/>
    <property name="hadoop.log.dir" value="/workdir/hadoop-ozone/integration-test/target/log"/>
    <property name="sun.boot.class.path" value="/usr/lib/jvm/java-1.8-openjdk/jre/lib/resources.jar:/usr/lib/jvm/java-1.8-openjdk/jre/lib/rt.jar:/usr/lib/jvm/java-1.8-openjdk/jre/lib/sunrsasign.jar:/usr/lib/jvm/java-1.8-openjdk/jre/lib/jsse.jar:/usr/lib/jvm/java-1.8-openjdk/jre/lib/jce.jar:/usr/lib/jvm/java-1.8-openjdk/jre/lib/charsets.jar:/usr/lib/jvm/java-1.8-openjdk/jre/lib/jfr.jar:/usr/lib/jvm/java-1.8-openjdk/jre/classes"/>
    <property name="sun.management.compiler" value="HotSpot 64-Bit Tiered Compilers"/>
    <property name="java.runtime.version" value="1.8.0_212-b04"/>
    <property name="java.net.preferIPv4Stack" value="true"/>
    <property name="user.name" value="jenkins1000"/>
    <property name="path.separator" value=":"/>
    <property name="java.security.egd" value="file:///dev/urandom"/>
    <property name="os.version" value="3.10.0-957.12.2.el7.x86_64"/>
    <property name="java.endorsed.dirs" value="/usr/lib/jvm/java-1.8-openjdk/jre/lib/endorsed"/>
    <property name="java.runtime.name" value="OpenJDK Runtime Environment"/>
    <property name="file.encoding" value="UTF-8"/>
    <property name="java.vm.name" value="OpenJDK 64-Bit Server VM"/>
    <property name="test.build.webapps" value=""/>
    <property name="localRepository" value="/home/user/.m2/repository"/>
    <property name="java.vendor.url.bug" value="https://icedtea.classpath.org/bugzilla"/>
    <property name="java.io.tmpdir" value="/tmp"/>
    <property name="require.test.libhadoop" value=""/>
    <property name="java.version" value="1.8.0_212"/>
    <property name="user.dir" value="/workdir/hadoop-ozone/integration-test"/>
    <property name="os.arch" value="amd64"/>
    <property name="java.vm.specification.name" value="Java Virtual Machine Specification"/>
    <property name="test.build.classes" value="/workdir/hadoop-ozone/integration-test/target/test-classes"/>
    <property name="java.awt.printerjob" value="sun.print.PSPrinterJob"/>
    <property name="sun.os.patch.level" value="unknown"/>
    <property name="hadoop.tmp.dir" value="/workdir/hadoop-ozone/integration-test/target/tmp"/>
    <property name="java.library.path" value="/usr/lib/jvm/java-1.8-openjdk/jre/lib/amd64/server:/usr/lib/jvm/java-1.8-openjdk/jre/lib/amd64:/usr/lib/jvm/java-1.8-openjdk/jre/../lib/amd64:/workdir/hadoop-ozone/integration-test/target/native/target/usr/local/lib:/workdir/hadoop-ozone/integration-test/../../hadoop-common-project/hadoop-common/target/native/target/usr/local/lib:/usr/java/packages/lib/amd64:/usr/lib64:/lib64:/lib:/usr/lib"/>
    <property name="java.vm.info" value="mixed mode"/>
    <property name="java.vendor" value="IcedTea"/>
    <property name="java.vm.version" value="25.212-b04"/>
    <property name="java.ext.dirs" value="/usr/lib/jvm/java-1.8-openjdk/jre/lib/ext:/usr/java/packages/lib/ext"/>
    <property name="sun.io.unicode.encoding" value="UnicodeLittle"/>
    <property name="java.class.version" value="52.0"/>
  </properties>
  <testcase name="test2DatanodesFailure" classname="org.apache.hadoop.ozone.client.rpc.TestBlockOutputStreamWithFailures" time="42.898"/>
  <testcase name="testDatanodeFailureWithPreAllocation" classname="org.apache.hadoop.ozone.client.rpc.TestBlockOutputStreamWithFailures" time="222.41"/>
  <testcase name="testDatanodeFailureWithSingleNodeRatis" classname="org.apache.hadoop.ozone.client.rpc.TestBlockOutputStreamWithFailures" time="222.851"/>
  <testcase name="testWatchForCommitWithSingleNodeRatis" classname="org.apache.hadoop.ozone.client.rpc.TestBlockOutputStreamWithFailures" time="35.639"/>
  <testcase name="testWatchForCommitDatanodeFailure" classname="org.apache.hadoop.ozone.client.rpc.TestBlockOutputStreamWithFailures" time="39.212"/>
  <testcase name="testFailureWithPrimeSizedData" classname="org.apache.hadoop.ozone.client.rpc.TestBlockOutputStreamWithFailures" time="36.596"/>
  <testcase name="testWatchForCommitWithCloseContainerException" classname="org.apache.hadoop.ozone.client.rpc.TestBlockOutputStreamWithFailures" time="35.556">
    <failure message="expected:&lt;2&gt; but was:&lt;3&gt;" type="java.lang.AssertionError"><![CDATA[java.lang.AssertionError: expected:<2> but was:<3>
	at org.junit.Assert.fail(Assert.java:88)
	at org.junit.Assert.failNotEquals(Assert.java:743)
	at org.junit.Assert.assertEquals(Assert.java:118)
	at org.junit.Assert.assertEquals(Assert.java:555)
	at org.junit.Assert.assertEquals(Assert.java:542)
	at org.apache.hadoop.ozone.client.rpc.TestBlockOutputStreamWithFailures.testWatchForCommitWithCloseContainerException(TestBlockOutputStreamWithFailures.java:233)
	at sun.reflect.NativeMethodAccessorImpl.invoke0(Native Method)
	at sun.reflect.NativeMethodAccessorImpl.invoke(NativeMethodAccessorImpl.java:62)
	at sun.reflect.DelegatingMethodAccessorImpl.invoke(DelegatingMethodAccessorImpl.java:43)
	at java.lang.reflect.Method.invoke(Method.java:498)
	at org.junit.runners.model.FrameworkMethod$1.runReflectiveCall(FrameworkMethod.java:47)
	at org.junit.internal.runners.model.ReflectiveCallable.run(ReflectiveCallable.java:12)
	at org.junit.runners.model.FrameworkMethod.invokeExplosively(FrameworkMethod.java:44)
	at org.junit.internal.runners.statements.InvokeMethod.evaluate(InvokeMethod.java:17)
	at org.junit.internal.runners.statements.RunBefores.evaluate(RunBefores.java:26)
	at org.junit.internal.runners.statements.RunAfters.evaluate(RunAfters.java:27)
	at org.junit.runners.ParentRunner.runLeaf(ParentRunner.java:271)
	at org.junit.runners.BlockJUnit4ClassRunner.runChild(BlockJUnit4ClassRunner.java:70)
	at org.junit.runners.BlockJUnit4ClassRunner.runChild(BlockJUnit4ClassRunner.java:50)
	at org.junit.runners.ParentRunner$3.run(ParentRunner.java:238)
	at org.junit.runners.ParentRunner$1.schedule(ParentRunner.java:63)
	at org.junit.runners.ParentRunner.runChildren(ParentRunner.java:236)
	at org.junit.runners.ParentRunner.access$000(ParentRunner.java:53)
	at org.junit.runners.ParentRunner$2.evaluate(ParentRunner.java:229)
	at org.junit.runners.ParentRunner.run(ParentRunner.java:309)
	at org.apache.maven.surefire.junit4.JUnit4Provider.execute(JUnit4Provider.java:365)
	at org.apache.maven.surefire.junit4.JUnit4Provider.executeWithRerun(JUnit4Provider.java:273)
	at org.apache.maven.surefire.junit4.JUnit4Provider.executeTestSet(JUnit4Provider.java:238)
	at org.apache.maven.surefire.junit4.JUnit4Provider.invoke(JUnit4Provider.java:159)
	at org.apache.maven.surefire.booter.ForkedBooter.invokeProviderInSameClassLoader(ForkedBooter.java:384)
	at org.apache.maven.surefire.booter.ForkedBooter.runSuitesInProcess(ForkedBooter.java:345)
	at org.apache.maven.surefire.booter.ForkedBooter.execute(ForkedBooter.java:126)
	at org.apache.maven.surefire.booter.ForkedBooter.main(ForkedBooter.java:418)
]]></failure>
    <system-out><![CDATA[2019-10-06 14:47:04,380 [main] WARN  server.ServerUtils (ServerUtils.java:getScmDbDir(145)) - ozone.scm.db.dirs is not configured. We recommend adding this setting. Falling back to ozone.metadata.dirs instead.
2019-10-06 14:47:04,395 [main] WARN  server.ServerUtils (ServerUtils.java:getScmDbDir(145)) - ozone.scm.db.dirs is not configured. We recommend adding this setting. Falling back to ozone.metadata.dirs instead.
2019-10-06 14:47:04,395 [main] WARN  server.ServerUtils (ServerUtils.java:getScmDbDir(145)) - ozone.scm.db.dirs is not configured. We recommend adding this setting. Falling back to ozone.metadata.dirs instead.
2019-10-06 14:47:04,396 [main] INFO  db.DBStoreBuilder (DBStoreBuilder.java:addTable(117)) - using custom profile for table: deletedBlocks
2019-10-06 14:47:04,396 [main] INFO  db.DBStoreBuilder (DBStoreBuilder.java:processTables(168)) - Using default column profile:DBProfile.DISK for Table:deletedBlocks
2019-10-06 14:47:04,396 [main] INFO  db.DBStoreBuilder (DBStoreBuilder.java:addTable(117)) - using custom profile for table: validCerts
2019-10-06 14:47:04,396 [main] INFO  db.DBStoreBuilder (DBStoreBuilder.java:processTables(168)) - Using default column profile:DBProfile.DISK for Table:validCerts
2019-10-06 14:47:04,396 [main] INFO  db.DBStoreBuilder (DBStoreBuilder.java:addTable(117)) - using custom profile for table: revokedCerts
2019-10-06 14:47:04,397 [main] INFO  db.DBStoreBuilder (DBStoreBuilder.java:processTables(168)) - Using default column profile:DBProfile.DISK for Table:revokedCerts
2019-10-06 14:47:04,397 [main] INFO  db.DBStoreBuilder (DBStoreBuilder.java:addTable(117)) - using custom profile for table: default
2019-10-06 14:47:04,397 [main] INFO  db.DBStoreBuilder (DBStoreBuilder.java:processTables(174)) - Using default column profile:DBProfile.DISK for Table:default
2019-10-06 14:47:04,397 [main] INFO  db.DBStoreBuilder (DBStoreBuilder.java:getDbProfile(205)) - Using default options. DBProfile.DISK
2019-10-06 14:47:04,542 [main] INFO  net.NodeSchemaLoader (NodeSchemaLoader.java:loadSchemaFromFile(125)) - Loading file from sun.misc.CompoundEnumeration@6a4af081
2019-10-06 14:47:04,542 [main] INFO  net.NodeSchemaLoader (NodeSchemaLoader.java:loadSchema(171)) - Loading network topology layer schema file
2019-10-06 14:47:04,545 [main] INFO  node.SCMNodeManager (SCMNodeManager.java:<init>(116)) - Entering startup safe mode.
2019-10-06 14:47:04,546 [main] INFO  algorithms.ContainerPlacementPolicyFactory (ContainerPlacementPolicyFactory.java:getPolicy(57)) - Create container placement policy of type org.apache.hadoop.hdds.scm.container.placement.algorithms.SCMContainerPlacementRandom
2019-10-06 14:47:04,546 [main] WARN  server.ServerUtils (ServerUtils.java:getScmDbDir(145)) - ozone.scm.db.dirs is not configured. We recommend adding this setting. Falling back to ozone.metadata.dirs instead.
2019-10-06 14:47:04,593 [main] INFO  pipeline.SCMPipelineManager (SCMPipelineManager.java:initializePipelineState(132)) - No pipeline exists in current db
2019-10-06 14:47:04,593 [main] WARN  server.ServerUtils (ServerUtils.java:getScmDbDir(145)) - ozone.scm.db.dirs is not configured. We recommend adding this setting. Falling back to ozone.metadata.dirs instead.
2019-10-06 14:47:04,644 [main] WARN  events.EventQueue (EventQueue.java:fireEvent(183)) - No event handler registered for event TypedEvent{payloadType=SafeModeStatus, name='SafeModeStatus'}
2019-10-06 14:47:04,645 [main] INFO  ipc.CallQueueManager (CallQueueManager.java:<init>(84)) - Using callQueue: class java.util.concurrent.LinkedBlockingQueue, queueCapacity: 2000, scheduler: class org.apache.hadoop.ipc.DefaultRpcScheduler, ipcBackoff: false.
2019-10-06 14:47:04,646 [Socket Reader #1 for port 41906] INFO  ipc.Server (Server.java:run(1074)) - Starting Socket Reader #1 for port 41906
2019-10-06 14:47:04,648 [main] INFO  ipc.CallQueueManager (CallQueueManager.java:<init>(84)) - Using callQueue: class java.util.concurrent.LinkedBlockingQueue, queueCapacity: 2000, scheduler: class org.apache.hadoop.ipc.DefaultRpcScheduler, ipcBackoff: false.
2019-10-06 14:47:04,649 [Socket Reader #1 for port 37396] INFO  ipc.Server (Server.java:run(1074)) - Starting Socket Reader #1 for port 37396
2019-10-06 14:47:04,651 [main] INFO  ipc.CallQueueManager (CallQueueManager.java:<init>(84)) - Using callQueue: class java.util.concurrent.LinkedBlockingQueue, queueCapacity: 2000, scheduler: class org.apache.hadoop.ipc.DefaultRpcScheduler, ipcBackoff: false.
2019-10-06 14:47:04,652 [Socket Reader #1 for port 37475] INFO  ipc.Server (Server.java:run(1074)) - Starting Socket Reader #1 for port 37475
2019-10-06 14:47:04,655 [main] INFO  hdfs.DFSUtil (DFSUtil.java:httpServerTemplateForNNAndJN(1641)) - Starting Web-server for scm at: http://0.0.0.0:0
2019-10-06 14:47:04,658 [main] INFO  server.AuthenticationFilter (AuthenticationFilter.java:constructSecretProvider(240)) - Unable to initialize FileSignerSecretProvider, falling back to use random secrets.
2019-10-06 14:47:04,659 [main] WARN  http.HttpRequestLog (HttpRequestLog.java:getRequestLog(97)) - Jetty request log can only be enabled using Log4j
2019-10-06 14:47:04,661 [main] INFO  http.HttpServer2 (HttpServer2.java:addGlobalFilter(975)) - Added global filter 'safety' (class=org.apache.hadoop.http.HttpServer2$QuotingInputFilter)
2019-10-06 14:47:04,662 [main] INFO  http.HttpServer2 (HttpServer2.java:addFilter(948)) - Added filter static_user_filter (class=org.apache.hadoop.http.lib.StaticUserWebFilter$StaticUserFilter) to context scm
2019-10-06 14:47:04,662 [main] INFO  http.HttpServer2 (HttpServer2.java:addFilter(958)) - Added filter static_user_filter (class=org.apache.hadoop.http.lib.StaticUserWebFilter$StaticUserFilter) to context static
2019-10-06 14:47:04,663 [main] INFO  http.HttpServer2 (HttpServer2.java:addFilter(958)) - Added filter static_user_filter (class=org.apache.hadoop.http.lib.StaticUserWebFilter$StaticUserFilter) to context logs
2019-10-06 14:47:04,665 [main] INFO  server.StorageContainerManager (StorageContainerManager.java:start(770)) - StorageContainerLocationProtocol RPC server is listening at /0.0.0.0:37475
2019-10-06 14:47:04,668 [main] WARN  impl.MetricsConfig (MetricsConfig.java:loadFirst(134)) - Cannot locate configuration: tried hadoop-metrics2-storagecontainermanager.properties,hadoop-metrics2.properties
2019-10-06 14:47:04,669 [main] INFO  impl.MetricsSystemImpl (MetricsSystemImpl.java:startTimer(374)) - Scheduled Metric snapshot period at 10 second(s).
2019-10-06 14:47:04,669 [main] INFO  impl.MetricsSystemImpl (MetricsSystemImpl.java:start(191)) - StorageContainerManager metrics system started
2019-10-06 14:47:04,847 [main] WARN  impl.MetricsSystemImpl (MetricsSystemImpl.java:register(276)) - Sink prometheus already exists!
2019-10-06 14:47:04,950 [main] INFO  server.SCMClientProtocolServer (SCMClientProtocolServer.java:start(159)) - RPC server for Client  is listening at /0.0.0.0:37475
2019-10-06 14:47:04,951 [IPC Server Responder] INFO  ipc.Server (Server.java:run(1314)) - IPC Server Responder: starting
2019-10-06 14:47:04,952 [IPC Server listener on 37475] INFO  ipc.Server (Server.java:run(1153)) - IPC Server listener on 37475: starting
2019-10-06 14:47:04,955 [main] INFO  server.StorageContainerManager (StorageContainerManager.java:start(780)) - ScmBlockLocationProtocol RPC server is listening at /0.0.0.0:37396
2019-10-06 14:47:04,955 [main] INFO  server.SCMBlockProtocolServer (SCMBlockProtocolServer.java:start(146)) - RPC server for Block Protocol is listening at /0.0.0.0:37396
2019-10-06 14:47:04,955 [IPC Server Responder] INFO  ipc.Server (Server.java:run(1314)) - IPC Server Responder: starting
2019-10-06 14:47:04,955 [IPC Server listener on 37396] INFO  ipc.Server (Server.java:run(1153)) - IPC Server listener on 37396: starting
2019-10-06 14:47:04,959 [main] INFO  server.StorageContainerManager (StorageContainerManager.java:start(784)) - ScmDatanodeProtocl RPC server is listening at /0.0.0.0:41906
2019-10-06 14:47:04,959 [main] INFO  server.SCMDatanodeProtocolServer (SCMDatanodeProtocolServer.java:start(169)) - RPC server for DataNodes is listening at /0.0.0.0:41906
2019-10-06 14:47:04,959 [IPC Server Responder] INFO  ipc.Server (Server.java:run(1314)) - IPC Server Responder: starting
2019-10-06 14:47:04,959 [IPC Server listener on 41906] INFO  ipc.Server (Server.java:run(1153)) - IPC Server listener on 41906: starting
2019-10-06 14:47:04,963 [main] INFO  http.HttpServer2 (HttpServer2.java:bindListener(1191)) - Jetty bound to port 38280
2019-10-06 14:47:04,963 [main] INFO  server.Server (Server.java:doStart(351)) - jetty-9.3.25.v20180904, build timestamp: 2018-09-04T21:11:46Z, git hash: 3ce520221d0240229c862b122d2b06c12a625732
2019-10-06 14:47:04,965 [main] INFO  handler.ContextHandler (ContextHandler.java:doStart(781)) - Started o.e.j.s.ServletContextHandler@68e47e7{/logs,file:///workdir/hadoop-ozone/integration-test/target/log,AVAILABLE}
2019-10-06 14:47:04,965 [main] INFO  handler.ContextHandler (ContextHandler.java:doStart(781)) - Started o.e.j.s.ServletContextHandler@16ac4d3d{/static,file:///workdir/hadoop-ozone/integration-test/target/test-classes/webapps/static,AVAILABLE}
2019-10-06 14:47:04,969 [main] INFO  handler.ContextHandler (ContextHandler.java:doStart(781)) - Started o.e.j.w.WebAppContext@fabef2e{/,file:///workdir/hadoop-ozone/integration-test/target/test-classes/webapps/scm/,AVAILABLE}{/scm}
2019-10-06 14:47:04,969 [main] INFO  server.AbstractConnector (AbstractConnector.java:doStart(278)) - Started ServerConnector@1b4a3a1{HTTP/1.1,[http/1.1]}{0.0.0.0:38280}
2019-10-06 14:47:04,970 [main] INFO  server.Server (Server.java:doStart(419)) - Started @600730ms
2019-10-06 14:47:04,971 [main] WARN  impl.MetricsSystemImpl (MetricsSystemImpl.java:register(276)) - Sink prometheus already exists!
2019-10-06 14:47:04,971 [main] INFO  server.BaseHttpServer (BaseHttpServer.java:updateConnectorAddress(215)) - HTTP server of SCM is listening at http://0.0.0.0:38280
2019-10-06 14:47:04,975 [main] WARN  server.ServerUtils (ServerUtils.java:getDBPath(222)) - ozone.om.db.dirs is not configured. We recommend adding this setting. Falling back to ozone.metadata.dirs instead.
2019-10-06 14:47:04,975 [org.apache.hadoop.util.JvmPauseMonitor$Monitor@786a3477] INFO  util.JvmPauseMonitor (JvmPauseMonitor.java:run(188)) - Starting JVM pause monitor
2019-10-06 14:47:04,988 [main] INFO  ha.OMHANodeDetails (OMHANodeDetails.java:loadOMHAConfig(190)) - Configuration either no ozone.om.address set. Falling back to the default OM address /127.0.0.1:0
2019-10-06 14:47:04,988 [main] INFO  ha.OMHANodeDetails (OMHANodeDetails.java:getOMNodeDetails(220)) - OM Service ID is not set. Setting it to the default ID: omServiceIdDefault
2019-10-06 14:47:04,989 [main] WARN  server.ServerUtils (ServerUtils.java:getDBPath(222)) - ozone.om.db.dirs is not configured. We recommend adding this setting. Falling back to ozone.metadata.dirs instead.
2019-10-06 14:47:04,989 [main] WARN  server.ServerUtils (ServerUtils.java:getDBPath(222)) - ozone.om.db.dirs is not configured. We recommend adding this setting. Falling back to ozone.metadata.dirs instead.
2019-10-06 14:47:04,994 [main] WARN  server.ServerUtils (ServerUtils.java:getDBPath(222)) - ozone.om.db.dirs is not configured. We recommend adding this setting. Falling back to ozone.metadata.dirs instead.
2019-10-06 14:47:04,995 [main] INFO  db.DBStoreBuilder (DBStoreBuilder.java:addTable(117)) - using custom profile for table: userTable
2019-10-06 14:47:04,995 [main] INFO  db.DBStoreBuilder (DBStoreBuilder.java:processTables(168)) - Using default column profile:DBProfile.DISK for Table:userTable
2019-10-06 14:47:04,995 [main] INFO  db.DBStoreBuilder (DBStoreBuilder.java:addTable(117)) - using custom profile for table: volumeTable
2019-10-06 14:47:04,995 [main] INFO  db.DBStoreBuilder (DBStoreBuilder.java:processTables(168)) - Using default column profile:DBProfile.DISK for Table:volumeTable
2019-10-06 14:47:04,995 [main] INFO  db.DBStoreBuilder (DBStoreBuilder.java:addTable(117)) - using custom profile for table: bucketTable
2019-10-06 14:47:04,995 [main] INFO  db.DBStoreBuilder (DBStoreBuilder.java:processTables(168)) - Using default column profile:DBProfile.DISK for Table:bucketTable
2019-10-06 14:47:04,996 [main] INFO  db.DBStoreBuilder (DBStoreBuilder.java:addTable(117)) - using custom profile for table: keyTable
2019-10-06 14:47:04,996 [main] INFO  db.DBStoreBuilder (DBStoreBuilder.java:processTables(168)) - Using default column profile:DBProfile.DISK for Table:keyTable
2019-10-06 14:47:04,996 [main] INFO  db.DBStoreBuilder (DBStoreBuilder.java:addTable(117)) - using custom profile for table: deletedTable
2019-10-06 14:47:04,996 [main] INFO  db.DBStoreBuilder (DBStoreBuilder.java:processTables(168)) - Using default column profile:DBProfile.DISK for Table:deletedTable
2019-10-06 14:47:04,996 [main] INFO  db.DBStoreBuilder (DBStoreBuilder.java:addTable(117)) - using custom profile for table: openKeyTable
2019-10-06 14:47:04,996 [main] INFO  db.DBStoreBuilder (DBStoreBuilder.java:processTables(168)) - Using default column profile:DBProfile.DISK for Table:openKeyTable
2019-10-06 14:47:04,996 [main] INFO  db.DBStoreBuilder (DBStoreBuilder.java:addTable(117)) - using custom profile for table: s3Table
2019-10-06 14:47:04,997 [main] INFO  db.DBStoreBuilder (DBStoreBuilder.java:processTables(168)) - Using default column profile:DBProfile.DISK for Table:s3Table
2019-10-06 14:47:04,997 [main] INFO  db.DBStoreBuilder (DBStoreBuilder.java:addTable(117)) - using custom profile for table: multipartInfoTable
2019-10-06 14:47:04,997 [main] INFO  db.DBStoreBuilder (DBStoreBuilder.java:processTables(168)) - Using default column profile:DBProfile.DISK for Table:multipartInfoTable
2019-10-06 14:47:04,997 [main] INFO  db.DBStoreBuilder (DBStoreBuilder.java:addTable(117)) - using custom profile for table: dTokenTable
2019-10-06 14:47:04,997 [main] INFO  db.DBStoreBuilder (DBStoreBuilder.java:processTables(168)) - Using default column profile:DBProfile.DISK for Table:dTokenTable
2019-10-06 14:47:04,997 [main] INFO  db.DBStoreBuilder (DBStoreBuilder.java:addTable(117)) - using custom profile for table: s3SecretTable
2019-10-06 14:47:04,998 [main] INFO  db.DBStoreBuilder (DBStoreBuilder.java:processTables(168)) - Using default column profile:DBProfile.DISK for Table:s3SecretTable
2019-10-06 14:47:04,998 [main] INFO  db.DBStoreBuilder (DBStoreBuilder.java:addTable(117)) - using custom profile for table: prefixTable
2019-10-06 14:47:04,998 [main] INFO  db.DBStoreBuilder (DBStoreBuilder.java:processTables(168)) - Using default column profile:DBProfile.DISK for Table:prefixTable
2019-10-06 14:47:04,998 [main] INFO  db.DBStoreBuilder (DBStoreBuilder.java:addTable(117)) - using custom profile for table: default
2019-10-06 14:47:04,998 [main] INFO  db.DBStoreBuilder (DBStoreBuilder.java:processTables(174)) - Using default column profile:DBProfile.DISK for Table:default
2019-10-06 14:47:04,998 [main] INFO  db.DBStoreBuilder (DBStoreBuilder.java:getDbProfile(205)) - Using default options. DBProfile.DISK
2019-10-06 14:47:05,356 [main] INFO  ipc.CallQueueManager (CallQueueManager.java:<init>(84)) - Using callQueue: class java.util.concurrent.LinkedBlockingQueue, queueCapacity: 2000, scheduler: class org.apache.hadoop.ipc.DefaultRpcScheduler, ipcBackoff: false.
2019-10-06 14:47:05,357 [Socket Reader #1 for port 37891] INFO  ipc.Server (Server.java:run(1074)) - Starting Socket Reader #1 for port 37891
2019-10-06 14:47:05,368 [main] INFO  om.OzoneManager (OzoneManager.java:start(1069)) - OzoneManager RPC server is listening at localhost/127.0.0.1:37891
2019-10-06 14:47:05,368 [main] INFO  impl.MetricsSystemImpl (MetricsSystemImpl.java:init(158)) - OzoneManager metrics system started (again)
2019-10-06 14:47:05,369 [IPC Server Responder] INFO  ipc.Server (Server.java:run(1314)) - IPC Server Responder: starting
2019-10-06 14:47:05,370 [IPC Server listener on 37891] INFO  ipc.Server (Server.java:run(1153)) - IPC Server listener on 37891: starting
2019-10-06 14:47:05,375 [main] INFO  hdfs.DFSUtil (DFSUtil.java:httpServerTemplateForNNAndJN(1641)) - Starting Web-server for ozoneManager at: http://0.0.0.0:0
2019-10-06 14:47:05,376 [main] INFO  server.AuthenticationFilter (AuthenticationFilter.java:constructSecretProvider(240)) - Unable to initialize FileSignerSecretProvider, falling back to use random secrets.
2019-10-06 14:47:05,376 [main] WARN  http.HttpRequestLog (HttpRequestLog.java:getRequestLog(97)) - Jetty request log can only be enabled using Log4j
2019-10-06 14:47:05,377 [main] INFO  http.HttpServer2 (HttpServer2.java:addGlobalFilter(975)) - Added global filter 'safety' (class=org.apache.hadoop.http.HttpServer2$QuotingInputFilter)
2019-10-06 14:47:05,378 [main] INFO  http.HttpServer2 (HttpServer2.java:addFilter(948)) - Added filter static_user_filter (class=org.apache.hadoop.http.lib.StaticUserWebFilter$StaticUserFilter) to context ozoneManager
2019-10-06 14:47:05,378 [main] INFO  http.HttpServer2 (HttpServer2.java:addFilter(958)) - Added filter static_user_filter (class=org.apache.hadoop.http.lib.StaticUserWebFilter$StaticUserFilter) to context static
2019-10-06 14:47:05,378 [main] INFO  http.HttpServer2 (HttpServer2.java:addFilter(958)) - Added filter static_user_filter (class=org.apache.hadoop.http.lib.StaticUserWebFilter$StaticUserFilter) to context logs
2019-10-06 14:47:05,379 [main] INFO  http.HttpServer2 (HttpServer2.java:bindListener(1191)) - Jetty bound to port 46333
2019-10-06 14:47:05,379 [main] INFO  server.Server (Server.java:doStart(351)) - jetty-9.3.25.v20180904, build timestamp: 2018-09-04T21:11:46Z, git hash: 3ce520221d0240229c862b122d2b06c12a625732
2019-10-06 14:47:05,380 [main] INFO  handler.ContextHandler (ContextHandler.java:doStart(781)) - Started o.e.j.s.ServletContextHandler@3356ff58{/logs,file:///workdir/hadoop-ozone/integration-test/target/log,AVAILABLE}
2019-10-06 14:47:05,380 [main] INFO  handler.ContextHandler (ContextHandler.java:doStart(781)) - Started o.e.j.s.ServletContextHandler@2aa6bbad{/static,file:///workdir/hadoop-ozone/integration-test/target/test-classes/webapps/static,AVAILABLE}
2019-10-06 14:47:05,383 [main] INFO  handler.ContextHandler (ContextHandler.java:doStart(781)) - Started o.e.j.w.WebAppContext@76a1146d{/,file:///workdir/hadoop-ozone/integration-test/target/test-classes/webapps/ozoneManager/,AVAILABLE}{/ozoneManager}
2019-10-06 14:47:05,383 [main] INFO  server.AbstractConnector (AbstractConnector.java:doStart(278)) - Started ServerConnector@6ef1c3f7{HTTP/1.1,[http/1.1]}{0.0.0.0:46333}
2019-10-06 14:47:05,384 [main] INFO  server.Server (Server.java:doStart(419)) - Started @601144ms
2019-10-06 14:47:05,384 [main] WARN  impl.MetricsSystemImpl (MetricsSystemImpl.java:register(276)) - Sink prometheus already exists!
2019-10-06 14:47:05,385 [main] INFO  server.BaseHttpServer (BaseHttpServer.java:updateConnectorAddress(215)) - HTTP server of OZONEMANAGER is listening at http://0.0.0.0:46333
2019-10-06 14:47:05,397 [main] INFO  impl.MetricsSystemImpl (MetricsSystemImpl.java:init(158)) - HddsDatanode metrics system started (again)
2019-10-06 14:47:05,402 [main] INFO  ozone.HddsDatanodeService (HddsDatanodeService.java:start(184)) - HddsDatanodeService host:ozone-build-dev-hxm7v-1976773872 ip:192.168.151.114
2019-10-06 14:47:05,407 [main] INFO  volume.HddsVolume (HddsVolume.java:<init>(176)) - Creating Volume: /workdir/hadoop-ozone/integration-test/target/test-dir/MiniOzoneClusterImpl-a7993c58-b5b1-413b-983e-895559c32200/datanode-0/data/containers/hdds of  storage type : DISK and capacity : 1482555576320
2019-10-06 14:47:05,407 [main] INFO  volume.VolumeSet (VolumeSet.java:initializeVolumeSet(170)) - Added Volume : /workdir/hadoop-ozone/integration-test/target/test-dir/MiniOzoneClusterImpl-a7993c58-b5b1-413b-983e-895559c32200/datanode-0/data/containers/hdds to VolumeSet
2019-10-06 14:47:05,407 [main] INFO  volume.ThrottledAsyncChecker (ThrottledAsyncChecker.java:schedule(139)) - Scheduling a check for org.apache.hadoop.ozone.container.common.volume.HddsVolume@211a9647
2019-10-06 14:47:05,408 [main] INFO  volume.HddsVolumeChecker (HddsVolumeChecker.java:checkAllVolumes(202)) - Scheduled health check for volume org.apache.hadoop.ozone.container.common.volume.HddsVolume@211a9647
2019-10-06 14:47:05,419 [main] INFO  impl.RaftServerProxy (ConfUtils.java:logGet(43)) - raft.rpc.type = GRPC (default)
2019-10-06 14:47:05,419 [main] INFO  grpc.GrpcFactory (GrpcFactory.java:checkPooledByteBufAllocatorUseCacheForAllThreads(45)) - PERFORMANCE WARNING: useCacheForAllThreads is true that may cause Netty to create a lot garbage objects and, as a result, trigger GC.
	It is recommended to disable useCacheForAllThreads by setting -Dorg.apache.ratis.thirdparty.io.netty.allocator.useCacheForAllThreads=false in command line.
2019-10-06 14:47:05,420 [main] INFO  grpc.GrpcConfigKeys$Server (ConfUtils.java:logGet(43)) - raft.grpc.server.port = 0 (default)
2019-10-06 14:47:05,420 [main] INFO  server.GrpcService (ConfUtils.java:logGet(43)) - raft.grpc.message.size.max = 33570816 (custom)
2019-10-06 14:47:05,420 [main] INFO  server.RaftServerConfigKeys (ConfUtils.java:logGet(43)) - raft.server.log.appender.buffer.byte-limit = 33554432 (custom)
2019-10-06 14:47:05,420 [main] INFO  server.GrpcService (ConfUtils.java:logGet(43)) - raft.grpc.flow.control.window = 1MB (=1048576) (default)
2019-10-06 14:47:05,420 [main] INFO  server.RaftServerConfigKeys (ConfUtils.java:logGet(43)) - raft.server.rpc.request.timeout = 3000ms (default)
2019-10-06 14:47:05,421 [main] INFO  server.RaftServerConfigKeys (ConfUtils.java:logGet(43)) - raft.server.storage.dir = [/workdir/hadoop-ozone/integration-test/target/test-dir/MiniOzoneClusterImpl-a7993c58-b5b1-413b-983e-895559c32200/datanode-0/data/ratis] (custom)
2019-10-06 14:47:05,422 [main] INFO  hdfs.DFSUtil (DFSUtil.java:httpServerTemplateForNNAndJN(1641)) - Starting Web-server for hddsDatanode at: http://0.0.0.0:0
2019-10-06 14:47:05,423 [main] INFO  server.AuthenticationFilter (AuthenticationFilter.java:constructSecretProvider(240)) - Unable to initialize FileSignerSecretProvider, falling back to use random secrets.
2019-10-06 14:47:05,423 [main] WARN  http.HttpRequestLog (HttpRequestLog.java:getRequestLog(97)) - Jetty request log can only be enabled using Log4j
2019-10-06 14:47:05,424 [main] INFO  http.HttpServer2 (HttpServer2.java:addGlobalFilter(975)) - Added global filter 'safety' (class=org.apache.hadoop.http.HttpServer2$QuotingInputFilter)
2019-10-06 14:47:05,425 [main] INFO  http.HttpServer2 (HttpServer2.java:addFilter(948)) - Added filter static_user_filter (class=org.apache.hadoop.http.lib.StaticUserWebFilter$StaticUserFilter) to context hddsDatanode
2019-10-06 14:47:05,425 [main] INFO  http.HttpServer2 (HttpServer2.java:addFilter(958)) - Added filter static_user_filter (class=org.apache.hadoop.http.lib.StaticUserWebFilter$StaticUserFilter) to context logs
2019-10-06 14:47:05,425 [main] INFO  http.HttpServer2 (HttpServer2.java:addFilter(958)) - Added filter static_user_filter (class=org.apache.hadoop.http.lib.StaticUserWebFilter$StaticUserFilter) to context static
2019-10-06 14:47:05,425 [main] INFO  http.HttpServer2 (HttpServer2.java:bindListener(1191)) - Jetty bound to port 33010
2019-10-06 14:47:05,426 [main] INFO  server.Server (Server.java:doStart(351)) - jetty-9.3.25.v20180904, build timestamp: 2018-09-04T21:11:46Z, git hash: 3ce520221d0240229c862b122d2b06c12a625732
2019-10-06 14:47:05,427 [main] INFO  handler.ContextHandler (ContextHandler.java:doStart(781)) - Started o.e.j.s.ServletContextHandler@19dac2d6{/logs,file:///workdir/hadoop-ozone/integration-test/target/log,AVAILABLE}
2019-10-06 14:47:05,427 [main] INFO  handler.ContextHandler (ContextHandler.java:doStart(781)) - Started o.e.j.s.ServletContextHandler@67eeb310{/static,jar:file:/home/user/.m2/repository/org/apache/hadoop/hadoop-hdds-container-service/0.5.0-SNAPSHOT/hadoop-hdds-container-service-0.5.0-SNAPSHOT.jar!/webapps/static,AVAILABLE}
2019-10-06 14:47:05,455 [main] INFO  handler.ContextHandler (ContextHandler.java:doStart(781)) - Started o.e.j.w.WebAppContext@3303e89e{/,file:///tmp/jetty-0.0.0.0-33010-hddsDatanode-_-any-3324345407933561538.dir/webapp/,AVAILABLE}{/hddsDatanode}
2019-10-06 14:47:05,455 [main] INFO  server.AbstractConnector (AbstractConnector.java:doStart(278)) - Started ServerConnector@cec590c{HTTP/1.1,[http/1.1]}{0.0.0.0:33010}
2019-10-06 14:47:05,456 [main] INFO  server.Server (Server.java:doStart(419)) - Started @601216ms
2019-10-06 14:47:05,456 [main] WARN  impl.MetricsSystemImpl (MetricsSystemImpl.java:register(276)) - Sink prometheus already exists!
2019-10-06 14:47:05,457 [main] INFO  server.BaseHttpServer (BaseHttpServer.java:updateConnectorAddress(215)) - HTTP server of HDDSDATANODE is listening at http://0.0.0.0:33010
2019-10-06 14:47:05,457 [main] INFO  impl.MetricsSystemImpl (MetricsSystemImpl.java:init(158)) - HddsDatanode metrics system started (again)
2019-10-06 14:47:05,462 [org.apache.hadoop.util.JvmPauseMonitor$Monitor@3bf9efc6] INFO  util.JvmPauseMonitor (JvmPauseMonitor.java:run(188)) - Starting JVM pause monitor
2019-10-06 14:47:05,463 [main] INFO  ozone.HddsDatanodeService (HddsDatanodeService.java:start(184)) - HddsDatanodeService host:ozone-build-dev-hxm7v-1976773872 ip:192.168.151.114
2019-10-06 14:47:05,464 [Datanode State Machine Thread - 0] INFO  datanode.InitDatanodeState (InitDatanodeState.java:persistContainerDatanodeDetails(140)) - DatanodeDetails is persisted to /workdir/hadoop-ozone/integration-test/target/test-dir/MiniOzoneClusterImpl-a7993c58-b5b1-413b-983e-895559c32200/datanode-0/meta/datanode.id
2019-10-06 14:47:05,468 [main] INFO  volume.HddsVolume (HddsVolume.java:<init>(176)) - Creating Volume: /workdir/hadoop-ozone/integration-test/target/test-dir/MiniOzoneClusterImpl-a7993c58-b5b1-413b-983e-895559c32200/datanode-1/data/containers/hdds of  storage type : DISK and capacity : 1482555576320
2019-10-06 14:47:05,469 [main] INFO  volume.VolumeSet (VolumeSet.java:initializeVolumeSet(170)) - Added Volume : /workdir/hadoop-ozone/integration-test/target/test-dir/MiniOzoneClusterImpl-a7993c58-b5b1-413b-983e-895559c32200/datanode-1/data/containers/hdds to VolumeSet
2019-10-06 14:47:05,469 [main] INFO  volume.ThrottledAsyncChecker (ThrottledAsyncChecker.java:schedule(139)) - Scheduling a check for org.apache.hadoop.ozone.container.common.volume.HddsVolume@69ba3f4e
2019-10-06 14:47:05,469 [main] INFO  volume.HddsVolumeChecker (HddsVolumeChecker.java:checkAllVolumes(202)) - Scheduled health check for volume org.apache.hadoop.ozone.container.common.volume.HddsVolume@69ba3f4e
2019-10-06 14:47:05,480 [main] INFO  impl.RaftServerProxy (ConfUtils.java:logGet(43)) - raft.rpc.type = GRPC (default)
2019-10-06 14:47:05,481 [main] INFO  grpc.GrpcFactory (GrpcFactory.java:checkPooledByteBufAllocatorUseCacheForAllThreads(45)) - PERFORMANCE WARNING: useCacheForAllThreads is true that may cause Netty to create a lot garbage objects and, as a result, trigger GC.
	It is recommended to disable useCacheForAllThreads by setting -Dorg.apache.ratis.thirdparty.io.netty.allocator.useCacheForAllThreads=false in command line.
2019-10-06 14:47:05,481 [main] INFO  grpc.GrpcConfigKeys$Server (ConfUtils.java:logGet(43)) - raft.grpc.server.port = 0 (default)
2019-10-06 14:47:05,481 [main] INFO  server.GrpcService (ConfUtils.java:logGet(43)) - raft.grpc.message.size.max = 33570816 (custom)
2019-10-06 14:47:05,481 [main] INFO  server.RaftServerConfigKeys (ConfUtils.java:logGet(43)) - raft.server.log.appender.buffer.byte-limit = 33554432 (custom)
2019-10-06 14:47:05,481 [main] INFO  server.GrpcService (ConfUtils.java:logGet(43)) - raft.grpc.flow.control.window = 1MB (=1048576) (default)
2019-10-06 14:47:05,481 [main] INFO  server.RaftServerConfigKeys (ConfUtils.java:logGet(43)) - raft.server.rpc.request.timeout = 3000ms (default)
2019-10-06 14:47:05,482 [main] INFO  server.RaftServerConfigKeys (ConfUtils.java:logGet(43)) - raft.server.storage.dir = [/workdir/hadoop-ozone/integration-test/target/test-dir/MiniOzoneClusterImpl-a7993c58-b5b1-413b-983e-895559c32200/datanode-1/data/ratis] (custom)
2019-10-06 14:47:05,483 [main] INFO  hdfs.DFSUtil (DFSUtil.java:httpServerTemplateForNNAndJN(1641)) - Starting Web-server for hddsDatanode at: http://0.0.0.0:0
2019-10-06 14:47:05,484 [main] INFO  server.AuthenticationFilter (AuthenticationFilter.java:constructSecretProvider(240)) - Unable to initialize FileSignerSecretProvider, falling back to use random secrets.
2019-10-06 14:47:05,484 [main] WARN  http.HttpRequestLog (HttpRequestLog.java:getRequestLog(97)) - Jetty request log can only be enabled using Log4j
2019-10-06 14:47:05,485 [main] INFO  http.HttpServer2 (HttpServer2.java:addGlobalFilter(975)) - Added global filter 'safety' (class=org.apache.hadoop.http.HttpServer2$QuotingInputFilter)
2019-10-06 14:47:05,485 [main] INFO  http.HttpServer2 (HttpServer2.java:addFilter(948)) - Added filter static_user_filter (class=org.apache.hadoop.http.lib.StaticUserWebFilter$StaticUserFilter) to context hddsDatanode
2019-10-06 14:47:05,486 [main] INFO  http.HttpServer2 (HttpServer2.java:addFilter(958)) - Added filter static_user_filter (class=org.apache.hadoop.http.lib.StaticUserWebFilter$StaticUserFilter) to context logs
2019-10-06 14:47:05,486 [main] INFO  http.HttpServer2 (HttpServer2.java:addFilter(958)) - Added filter static_user_filter (class=org.apache.hadoop.http.lib.StaticUserWebFilter$StaticUserFilter) to context static
2019-10-06 14:47:05,486 [main] INFO  http.HttpServer2 (HttpServer2.java:bindListener(1191)) - Jetty bound to port 45004
2019-10-06 14:47:05,486 [main] INFO  server.Server (Server.java:doStart(351)) - jetty-9.3.25.v20180904, build timestamp: 2018-09-04T21:11:46Z, git hash: 3ce520221d0240229c862b122d2b06c12a625732
2019-10-06 14:47:05,488 [main] INFO  handler.ContextHandler (ContextHandler.java:doStart(781)) - Started o.e.j.s.ServletContextHandler@6e239337{/logs,file:///workdir/hadoop-ozone/integration-test/target/log,AVAILABLE}
2019-10-06 14:47:05,488 [main] INFO  handler.ContextHandler (ContextHandler.java:doStart(781)) - Started o.e.j.s.ServletContextHandler@fcf9525{/static,jar:file:/home/user/.m2/repository/org/apache/hadoop/hadoop-hdds-container-service/0.5.0-SNAPSHOT/hadoop-hdds-container-service-0.5.0-SNAPSHOT.jar!/webapps/static,AVAILABLE}
2019-10-06 14:47:05,516 [main] INFO  handler.ContextHandler (ContextHandler.java:doStart(781)) - Started o.e.j.w.WebAppContext@30ffb2a6{/,file:///tmp/jetty-0.0.0.0-45004-hddsDatanode-_-any-6331199047937734715.dir/webapp/,AVAILABLE}{/hddsDatanode}
2019-10-06 14:47:05,516 [main] INFO  server.AbstractConnector (AbstractConnector.java:doStart(278)) - Started ServerConnector@612af486{HTTP/1.1,[http/1.1]}{0.0.0.0:45004}
2019-10-06 14:47:05,517 [main] INFO  server.Server (Server.java:doStart(419)) - Started @601277ms
2019-10-06 14:47:05,517 [main] WARN  impl.MetricsSystemImpl (MetricsSystemImpl.java:register(276)) - Sink prometheus already exists!
2019-10-06 14:47:05,518 [main] INFO  server.BaseHttpServer (BaseHttpServer.java:updateConnectorAddress(215)) - HTTP server of HDDSDATANODE is listening at http://0.0.0.0:45004
2019-10-06 14:47:05,518 [main] INFO  impl.MetricsSystemImpl (MetricsSystemImpl.java:init(158)) - HddsDatanode metrics system started (again)
2019-10-06 14:47:05,523 [org.apache.hadoop.util.JvmPauseMonitor$Monitor@74384bd0] INFO  util.JvmPauseMonitor (JvmPauseMonitor.java:run(188)) - Starting JVM pause monitor
2019-10-06 14:47:05,524 [main] INFO  ozone.HddsDatanodeService (HddsDatanodeService.java:start(184)) - HddsDatanodeService host:ozone-build-dev-hxm7v-1976773872 ip:192.168.151.114
2019-10-06 14:47:05,526 [Datanode State Machine Thread - 0] INFO  datanode.InitDatanodeState (InitDatanodeState.java:persistContainerDatanodeDetails(140)) - DatanodeDetails is persisted to /workdir/hadoop-ozone/integration-test/target/test-dir/MiniOzoneClusterImpl-a7993c58-b5b1-413b-983e-895559c32200/datanode-1/meta/datanode.id
2019-10-06 14:47:05,529 [main] INFO  volume.HddsVolume (HddsVolume.java:<init>(176)) - Creating Volume: /workdir/hadoop-ozone/integration-test/target/test-dir/MiniOzoneClusterImpl-a7993c58-b5b1-413b-983e-895559c32200/datanode-2/data/containers/hdds of  storage type : DISK and capacity : 1482555576320
2019-10-06 14:47:05,530 [main] INFO  volume.VolumeSet (VolumeSet.java:initializeVolumeSet(170)) - Added Volume : /workdir/hadoop-ozone/integration-test/target/test-dir/MiniOzoneClusterImpl-a7993c58-b5b1-413b-983e-895559c32200/datanode-2/data/containers/hdds to VolumeSet
2019-10-06 14:47:05,530 [main] INFO  volume.ThrottledAsyncChecker (ThrottledAsyncChecker.java:schedule(139)) - Scheduling a check for org.apache.hadoop.ozone.container.common.volume.HddsVolume@687a0e40
2019-10-06 14:47:05,530 [main] INFO  volume.HddsVolumeChecker (HddsVolumeChecker.java:checkAllVolumes(202)) - Scheduled health check for volume org.apache.hadoop.ozone.container.common.volume.HddsVolume@687a0e40
2019-10-06 14:47:05,541 [main] INFO  impl.RaftServerProxy (ConfUtils.java:logGet(43)) - raft.rpc.type = GRPC (default)
2019-10-06 14:47:05,542 [main] INFO  grpc.GrpcFactory (GrpcFactory.java:checkPooledByteBufAllocatorUseCacheForAllThreads(45)) - PERFORMANCE WARNING: useCacheForAllThreads is true that may cause Netty to create a lot garbage objects and, as a result, trigger GC.
	It is recommended to disable useCacheForAllThreads by setting -Dorg.apache.ratis.thirdparty.io.netty.allocator.useCacheForAllThreads=false in command line.
2019-10-06 14:47:05,542 [main] INFO  grpc.GrpcConfigKeys$Server (ConfUtils.java:logGet(43)) - raft.grpc.server.port = 0 (default)
2019-10-06 14:47:05,542 [main] INFO  server.GrpcService (ConfUtils.java:logGet(43)) - raft.grpc.message.size.max = 33570816 (custom)
2019-10-06 14:47:05,542 [main] INFO  server.RaftServerConfigKeys (ConfUtils.java:logGet(43)) - raft.server.log.appender.buffer.byte-limit = 33554432 (custom)
2019-10-06 14:47:05,542 [main] INFO  server.GrpcService (ConfUtils.java:logGet(43)) - raft.grpc.flow.control.window = 1MB (=1048576) (default)
2019-10-06 14:47:05,543 [main] INFO  server.RaftServerConfigKeys (ConfUtils.java:logGet(43)) - raft.server.rpc.request.timeout = 3000ms (default)
2019-10-06 14:47:05,543 [main] INFO  server.RaftServerConfigKeys (ConfUtils.java:logGet(43)) - raft.server.storage.dir = [/workdir/hadoop-ozone/integration-test/target/test-dir/MiniOzoneClusterImpl-a7993c58-b5b1-413b-983e-895559c32200/datanode-2/data/ratis] (custom)
2019-10-06 14:47:05,544 [main] INFO  hdfs.DFSUtil (DFSUtil.java:httpServerTemplateForNNAndJN(1641)) - Starting Web-server for hddsDatanode at: http://0.0.0.0:0
2019-10-06 14:47:05,545 [main] INFO  server.AuthenticationFilter (AuthenticationFilter.java:constructSecretProvider(240)) - Unable to initialize FileSignerSecretProvider, falling back to use random secrets.
2019-10-06 14:47:05,545 [main] WARN  http.HttpRequestLog (HttpRequestLog.java:getRequestLog(97)) - Jetty request log can only be enabled using Log4j
2019-10-06 14:47:05,547 [main] INFO  http.HttpServer2 (HttpServer2.java:addGlobalFilter(975)) - Added global filter 'safety' (class=org.apache.hadoop.http.HttpServer2$QuotingInputFilter)
2019-10-06 14:47:05,547 [main] INFO  http.HttpServer2 (HttpServer2.java:addFilter(948)) - Added filter static_user_filter (class=org.apache.hadoop.http.lib.StaticUserWebFilter$StaticUserFilter) to context hddsDatanode
2019-10-06 14:47:05,547 [main] INFO  http.HttpServer2 (HttpServer2.java:addFilter(958)) - Added filter static_user_filter (class=org.apache.hadoop.http.lib.StaticUserWebFilter$StaticUserFilter) to context static
2019-10-06 14:47:05,547 [main] INFO  http.HttpServer2 (HttpServer2.java:addFilter(958)) - Added filter static_user_filter (class=org.apache.hadoop.http.lib.StaticUserWebFilter$StaticUserFilter) to context logs
2019-10-06 14:47:05,548 [main] INFO  http.HttpServer2 (HttpServer2.java:bindListener(1191)) - Jetty bound to port 39878
2019-10-06 14:47:05,548 [main] INFO  server.Server (Server.java:doStart(351)) - jetty-9.3.25.v20180904, build timestamp: 2018-09-04T21:11:46Z, git hash: 3ce520221d0240229c862b122d2b06c12a625732
2019-10-06 14:47:05,549 [main] INFO  handler.ContextHandler (ContextHandler.java:doStart(781)) - Started o.e.j.s.ServletContextHandler@26ffd2c0{/logs,file:///workdir/hadoop-ozone/integration-test/target/log,AVAILABLE}
2019-10-06 14:47:05,549 [main] INFO  handler.ContextHandler (ContextHandler.java:doStart(781)) - Started o.e.j.s.ServletContextHandler@2fc7fa6e{/static,jar:file:/home/user/.m2/repository/org/apache/hadoop/hadoop-hdds-container-service/0.5.0-SNAPSHOT/hadoop-hdds-container-service-0.5.0-SNAPSHOT.jar!/webapps/static,AVAILABLE}
2019-10-06 14:47:05,577 [main] INFO  handler.ContextHandler (ContextHandler.java:doStart(781)) - Started o.e.j.w.WebAppContext@2499b971{/,file:///tmp/jetty-0.0.0.0-39878-hddsDatanode-_-any-1981094311850950482.dir/webapp/,AVAILABLE}{/hddsDatanode}
2019-10-06 14:47:05,577 [main] INFO  server.AbstractConnector (AbstractConnector.java:doStart(278)) - Started ServerConnector@36d697ab{HTTP/1.1,[http/1.1]}{0.0.0.0:39878}
2019-10-06 14:47:05,579 [main] INFO  server.Server (Server.java:doStart(419)) - Started @601339ms
2019-10-06 14:47:05,579 [main] WARN  impl.MetricsSystemImpl (MetricsSystemImpl.java:register(276)) - Sink prometheus already exists!
2019-10-06 14:47:05,580 [main] INFO  server.BaseHttpServer (BaseHttpServer.java:updateConnectorAddress(215)) - HTTP server of HDDSDATANODE is listening at http://0.0.0.0:39878
2019-10-06 14:47:05,580 [main] INFO  impl.MetricsSystemImpl (MetricsSystemImpl.java:init(158)) - HddsDatanode metrics system started (again)
2019-10-06 14:47:05,586 [org.apache.hadoop.util.JvmPauseMonitor$Monitor@4a236ebf] INFO  util.JvmPauseMonitor (JvmPauseMonitor.java:run(188)) - Starting JVM pause monitor
2019-10-06 14:47:05,587 [main] INFO  ozone.HddsDatanodeService (HddsDatanodeService.java:start(184)) - HddsDatanodeService host:ozone-build-dev-hxm7v-1976773872 ip:192.168.151.114
2019-10-06 14:47:05,587 [Datanode State Machine Thread - 0] INFO  datanode.InitDatanodeState (InitDatanodeState.java:persistContainerDatanodeDetails(140)) - DatanodeDetails is persisted to /workdir/hadoop-ozone/integration-test/target/test-dir/MiniOzoneClusterImpl-a7993c58-b5b1-413b-983e-895559c32200/datanode-2/meta/datanode.id
2019-10-06 14:47:05,592 [main] INFO  volume.HddsVolume (HddsVolume.java:<init>(176)) - Creating Volume: /workdir/hadoop-ozone/integration-test/target/test-dir/MiniOzoneClusterImpl-a7993c58-b5b1-413b-983e-895559c32200/datanode-3/data/containers/hdds of  storage type : DISK and capacity : 1482555576320
2019-10-06 14:47:05,593 [main] INFO  volume.VolumeSet (VolumeSet.java:initializeVolumeSet(170)) - Added Volume : /workdir/hadoop-ozone/integration-test/target/test-dir/MiniOzoneClusterImpl-a7993c58-b5b1-413b-983e-895559c32200/datanode-3/data/containers/hdds to VolumeSet
2019-10-06 14:47:05,593 [main] INFO  volume.ThrottledAsyncChecker (ThrottledAsyncChecker.java:schedule(139)) - Scheduling a check for org.apache.hadoop.ozone.container.common.volume.HddsVolume@2c16677c
2019-10-06 14:47:05,593 [main] INFO  volume.HddsVolumeChecker (HddsVolumeChecker.java:checkAllVolumes(202)) - Scheduled health check for volume org.apache.hadoop.ozone.container.common.volume.HddsVolume@2c16677c
2019-10-06 14:47:05,605 [main] INFO  impl.RaftServerProxy (ConfUtils.java:logGet(43)) - raft.rpc.type = GRPC (default)
2019-10-06 14:47:05,605 [main] INFO  grpc.GrpcFactory (GrpcFactory.java:checkPooledByteBufAllocatorUseCacheForAllThreads(45)) - PERFORMANCE WARNING: useCacheForAllThreads is true that may cause Netty to create a lot garbage objects and, as a result, trigger GC.
	It is recommended to disable useCacheForAllThreads by setting -Dorg.apache.ratis.thirdparty.io.netty.allocator.useCacheForAllThreads=false in command line.
2019-10-06 14:47:05,605 [main] INFO  grpc.GrpcConfigKeys$Server (ConfUtils.java:logGet(43)) - raft.grpc.server.port = 0 (default)
2019-10-06 14:47:05,605 [main] INFO  server.GrpcService (ConfUtils.java:logGet(43)) - raft.grpc.message.size.max = 33570816 (custom)
2019-10-06 14:47:05,605 [main] INFO  server.RaftServerConfigKeys (ConfUtils.java:logGet(43)) - raft.server.log.appender.buffer.byte-limit = 33554432 (custom)
2019-10-06 14:47:05,606 [main] INFO  server.GrpcService (ConfUtils.java:logGet(43)) - raft.grpc.flow.control.window = 1MB (=1048576) (default)
2019-10-06 14:47:05,606 [main] INFO  server.RaftServerConfigKeys (ConfUtils.java:logGet(43)) - raft.server.rpc.request.timeout = 3000ms (default)
2019-10-06 14:47:05,606 [main] INFO  server.RaftServerConfigKeys (ConfUtils.java:logGet(43)) - raft.server.storage.dir = [/workdir/hadoop-ozone/integration-test/target/test-dir/MiniOzoneClusterImpl-a7993c58-b5b1-413b-983e-895559c32200/datanode-3/data/ratis] (custom)
2019-10-06 14:47:05,607 [main] INFO  hdfs.DFSUtil (DFSUtil.java:httpServerTemplateForNNAndJN(1641)) - Starting Web-server for hddsDatanode at: http://0.0.0.0:0
2019-10-06 14:47:05,608 [main] INFO  server.AuthenticationFilter (AuthenticationFilter.java:constructSecretProvider(240)) - Unable to initialize FileSignerSecretProvider, falling back to use random secrets.
2019-10-06 14:47:05,609 [main] WARN  http.HttpRequestLog (HttpRequestLog.java:getRequestLog(97)) - Jetty request log can only be enabled using Log4j
2019-10-06 14:47:05,610 [main] INFO  http.HttpServer2 (HttpServer2.java:addGlobalFilter(975)) - Added global filter 'safety' (class=org.apache.hadoop.http.HttpServer2$QuotingInputFilter)
2019-10-06 14:47:05,610 [main] INFO  http.HttpServer2 (HttpServer2.java:addFilter(948)) - Added filter static_user_filter (class=org.apache.hadoop.http.lib.StaticUserWebFilter$StaticUserFilter) to context hddsDatanode
2019-10-06 14:47:05,610 [main] INFO  http.HttpServer2 (HttpServer2.java:addFilter(958)) - Added filter static_user_filter (class=org.apache.hadoop.http.lib.StaticUserWebFilter$StaticUserFilter) to context logs
2019-10-06 14:47:05,610 [main] INFO  http.HttpServer2 (HttpServer2.java:addFilter(958)) - Added filter static_user_filter (class=org.apache.hadoop.http.lib.StaticUserWebFilter$StaticUserFilter) to context static
2019-10-06 14:47:05,611 [main] INFO  http.HttpServer2 (HttpServer2.java:bindListener(1191)) - Jetty bound to port 42266
2019-10-06 14:47:05,611 [main] INFO  server.Server (Server.java:doStart(351)) - jetty-9.3.25.v20180904, build timestamp: 2018-09-04T21:11:46Z, git hash: 3ce520221d0240229c862b122d2b06c12a625732
2019-10-06 14:47:05,612 [main] INFO  handler.ContextHandler (ContextHandler.java:doStart(781)) - Started o.e.j.s.ServletContextHandler@7c4d1c7b{/logs,file:///workdir/hadoop-ozone/integration-test/target/log,AVAILABLE}
2019-10-06 14:47:05,613 [main] INFO  handler.ContextHandler (ContextHandler.java:doStart(781)) - Started o.e.j.s.ServletContextHandler@36f6d25c{/static,jar:file:/home/user/.m2/repository/org/apache/hadoop/hadoop-hdds-container-service/0.5.0-SNAPSHOT/hadoop-hdds-container-service-0.5.0-SNAPSHOT.jar!/webapps/static,AVAILABLE}
2019-10-06 14:47:05,640 [main] INFO  handler.ContextHandler (ContextHandler.java:doStart(781)) - Started o.e.j.w.WebAppContext@259195fe{/,file:///tmp/jetty-0.0.0.0-42266-hddsDatanode-_-any-5523390948252643404.dir/webapp/,AVAILABLE}{/hddsDatanode}
2019-10-06 14:47:05,641 [main] INFO  server.AbstractConnector (AbstractConnector.java:doStart(278)) - Started ServerConnector@12209826{HTTP/1.1,[http/1.1]}{0.0.0.0:42266}
2019-10-06 14:47:05,642 [main] INFO  server.Server (Server.java:doStart(419)) - Started @601402ms
2019-10-06 14:47:05,642 [main] WARN  impl.MetricsSystemImpl (MetricsSystemImpl.java:register(276)) - Sink prometheus already exists!
2019-10-06 14:47:05,643 [main] INFO  server.BaseHttpServer (BaseHttpServer.java:updateConnectorAddress(215)) - HTTP server of HDDSDATANODE is listening at http://0.0.0.0:42266
2019-10-06 14:47:05,643 [main] INFO  impl.MetricsSystemImpl (MetricsSystemImpl.java:init(158)) - HddsDatanode metrics system started (again)
2019-10-06 14:47:05,649 [org.apache.hadoop.util.JvmPauseMonitor$Monitor@26ae3dd0] INFO  util.JvmPauseMonitor (JvmPauseMonitor.java:run(188)) - Starting JVM pause monitor
2019-10-06 14:47:05,650 [main] INFO  ozone.HddsDatanodeService (HddsDatanodeService.java:start(184)) - HddsDatanodeService host:ozone-build-dev-hxm7v-1976773872 ip:192.168.151.114
2019-10-06 14:47:05,651 [Datanode State Machine Thread - 0] INFO  datanode.InitDatanodeState (InitDatanodeState.java:persistContainerDatanodeDetails(140)) - DatanodeDetails is persisted to /workdir/hadoop-ozone/integration-test/target/test-dir/MiniOzoneClusterImpl-a7993c58-b5b1-413b-983e-895559c32200/datanode-3/meta/datanode.id
2019-10-06 14:47:05,656 [main] INFO  volume.HddsVolume (HddsVolume.java:<init>(176)) - Creating Volume: /workdir/hadoop-ozone/integration-test/target/test-dir/MiniOzoneClusterImpl-a7993c58-b5b1-413b-983e-895559c32200/datanode-4/data/containers/hdds of  storage type : DISK and capacity : 1482555576320
2019-10-06 14:47:05,656 [main] INFO  volume.VolumeSet (VolumeSet.java:initializeVolumeSet(170)) - Added Volume : /workdir/hadoop-ozone/integration-test/target/test-dir/MiniOzoneClusterImpl-a7993c58-b5b1-413b-983e-895559c32200/datanode-4/data/containers/hdds to VolumeSet
2019-10-06 14:47:05,656 [main] INFO  volume.ThrottledAsyncChecker (ThrottledAsyncChecker.java:schedule(139)) - Scheduling a check for org.apache.hadoop.ozone.container.common.volume.HddsVolume@27d98bef
2019-10-06 14:47:05,656 [main] INFO  volume.HddsVolumeChecker (HddsVolumeChecker.java:checkAllVolumes(202)) - Scheduled health check for volume org.apache.hadoop.ozone.container.common.volume.HddsVolume@27d98bef
2019-10-06 14:47:05,668 [main] INFO  impl.RaftServerProxy (ConfUtils.java:logGet(43)) - raft.rpc.type = GRPC (default)
2019-10-06 14:47:05,668 [main] INFO  grpc.GrpcFactory (GrpcFactory.java:checkPooledByteBufAllocatorUseCacheForAllThreads(45)) - PERFORMANCE WARNING: useCacheForAllThreads is true that may cause Netty to create a lot garbage objects and, as a result, trigger GC.
	It is recommended to disable useCacheForAllThreads by setting -Dorg.apache.ratis.thirdparty.io.netty.allocator.useCacheForAllThreads=false in command line.
2019-10-06 14:47:05,669 [main] INFO  grpc.GrpcConfigKeys$Server (ConfUtils.java:logGet(43)) - raft.grpc.server.port = 0 (default)
2019-10-06 14:47:05,669 [main] INFO  server.GrpcService (ConfUtils.java:logGet(43)) - raft.grpc.message.size.max = 33570816 (custom)
2019-10-06 14:47:05,669 [main] INFO  server.RaftServerConfigKeys (ConfUtils.java:logGet(43)) - raft.server.log.appender.buffer.byte-limit = 33554432 (custom)
2019-10-06 14:47:05,669 [main] INFO  server.GrpcService (ConfUtils.java:logGet(43)) - raft.grpc.flow.control.window = 1MB (=1048576) (default)
2019-10-06 14:47:05,669 [main] INFO  server.RaftServerConfigKeys (ConfUtils.java:logGet(43)) - raft.server.rpc.request.timeout = 3000ms (default)
2019-10-06 14:47:05,670 [main] INFO  server.RaftServerConfigKeys (ConfUtils.java:logGet(43)) - raft.server.storage.dir = [/workdir/hadoop-ozone/integration-test/target/test-dir/MiniOzoneClusterImpl-a7993c58-b5b1-413b-983e-895559c32200/datanode-4/data/ratis] (custom)
2019-10-06 14:47:05,671 [main] INFO  hdfs.DFSUtil (DFSUtil.java:httpServerTemplateForNNAndJN(1641)) - Starting Web-server for hddsDatanode at: http://0.0.0.0:0
2019-10-06 14:47:05,672 [main] INFO  server.AuthenticationFilter (AuthenticationFilter.java:constructSecretProvider(240)) - Unable to initialize FileSignerSecretProvider, falling back to use random secrets.
2019-10-06 14:47:05,672 [main] WARN  http.HttpRequestLog (HttpRequestLog.java:getRequestLog(97)) - Jetty request log can only be enabled using Log4j
2019-10-06 14:47:05,673 [main] INFO  http.HttpServer2 (HttpServer2.java:addGlobalFilter(975)) - Added global filter 'safety' (class=org.apache.hadoop.http.HttpServer2$QuotingInputFilter)
2019-10-06 14:47:05,673 [main] INFO  http.HttpServer2 (HttpServer2.java:addFilter(948)) - Added filter static_user_filter (class=org.apache.hadoop.http.lib.StaticUserWebFilter$StaticUserFilter) to context hddsDatanode
2019-10-06 14:47:05,673 [main] INFO  http.HttpServer2 (HttpServer2.java:addFilter(958)) - Added filter static_user_filter (class=org.apache.hadoop.http.lib.StaticUserWebFilter$StaticUserFilter) to context logs
2019-10-06 14:47:05,674 [main] INFO  http.HttpServer2 (HttpServer2.java:addFilter(958)) - Added filter static_user_filter (class=org.apache.hadoop.http.lib.StaticUserWebFilter$StaticUserFilter) to context static
2019-10-06 14:47:05,674 [main] INFO  http.HttpServer2 (HttpServer2.java:bindListener(1191)) - Jetty bound to port 42375
2019-10-06 14:47:05,674 [main] INFO  server.Server (Server.java:doStart(351)) - jetty-9.3.25.v20180904, build timestamp: 2018-09-04T21:11:46Z, git hash: 3ce520221d0240229c862b122d2b06c12a625732
2019-10-06 14:47:05,675 [main] INFO  handler.ContextHandler (ContextHandler.java:doStart(781)) - Started o.e.j.s.ServletContextHandler@5238896f{/logs,file:///workdir/hadoop-ozone/integration-test/target/log,AVAILABLE}
2019-10-06 14:47:05,676 [main] INFO  handler.ContextHandler (ContextHandler.java:doStart(781)) - Started o.e.j.s.ServletContextHandler@4a2e1e52{/static,jar:file:/home/user/.m2/repository/org/apache/hadoop/hadoop-hdds-container-service/0.5.0-SNAPSHOT/hadoop-hdds-container-service-0.5.0-SNAPSHOT.jar!/webapps/static,AVAILABLE}
2019-10-06 14:47:05,701 [main] INFO  handler.ContextHandler (ContextHandler.java:doStart(781)) - Started o.e.j.w.WebAppContext@1d4cc7{/,file:///tmp/jetty-0.0.0.0-42375-hddsDatanode-_-any-698939231899910234.dir/webapp/,AVAILABLE}{/hddsDatanode}
2019-10-06 14:47:05,702 [main] INFO  server.AbstractConnector (AbstractConnector.java:doStart(278)) - Started ServerConnector@7d28cdcd{HTTP/1.1,[http/1.1]}{0.0.0.0:42375}
2019-10-06 14:47:05,704 [main] INFO  server.Server (Server.java:doStart(419)) - Started @601464ms
2019-10-06 14:47:05,704 [main] WARN  impl.MetricsSystemImpl (MetricsSystemImpl.java:register(276)) - Sink prometheus already exists!
2019-10-06 14:47:05,705 [main] INFO  server.BaseHttpServer (BaseHttpServer.java:updateConnectorAddress(215)) - HTTP server of HDDSDATANODE is listening at http://0.0.0.0:42375
2019-10-06 14:47:05,705 [main] INFO  impl.MetricsSystemImpl (MetricsSystemImpl.java:init(158)) - HddsDatanode metrics system started (again)
2019-10-06 14:47:05,711 [org.apache.hadoop.util.JvmPauseMonitor$Monitor@79c5d939] INFO  util.JvmPauseMonitor (JvmPauseMonitor.java:run(188)) - Starting JVM pause monitor
2019-10-06 14:47:05,713 [Datanode State Machine Thread - 0] INFO  datanode.InitDatanodeState (InitDatanodeState.java:persistContainerDatanodeDetails(140)) - DatanodeDetails is persisted to /workdir/hadoop-ozone/integration-test/target/test-dir/MiniOzoneClusterImpl-a7993c58-b5b1-413b-983e-895559c32200/datanode-4/meta/datanode.id
2019-10-06 14:47:05,713 [main] INFO  ozone.HddsDatanodeService (HddsDatanodeService.java:start(184)) - HddsDatanodeService host:ozone-build-dev-hxm7v-1976773872 ip:192.168.151.114
2019-10-06 14:47:05,718 [main] INFO  volume.HddsVolume (HddsVolume.java:<init>(176)) - Creating Volume: /workdir/hadoop-ozone/integration-test/target/test-dir/MiniOzoneClusterImpl-a7993c58-b5b1-413b-983e-895559c32200/datanode-5/data/containers/hdds of  storage type : DISK and capacity : 1482555576320
2019-10-06 14:47:05,718 [main] INFO  volume.VolumeSet (VolumeSet.java:initializeVolumeSet(170)) - Added Volume : /workdir/hadoop-ozone/integration-test/target/test-dir/MiniOzoneClusterImpl-a7993c58-b5b1-413b-983e-895559c32200/datanode-5/data/containers/hdds to VolumeSet
2019-10-06 14:47:05,719 [main] INFO  volume.ThrottledAsyncChecker (ThrottledAsyncChecker.java:schedule(139)) - Scheduling a check for org.apache.hadoop.ozone.container.common.volume.HddsVolume@4def42c3
2019-10-06 14:47:05,719 [main] INFO  volume.HddsVolumeChecker (HddsVolumeChecker.java:checkAllVolumes(202)) - Scheduled health check for volume org.apache.hadoop.ozone.container.common.volume.HddsVolume@4def42c3
2019-10-06 14:47:05,730 [main] INFO  impl.RaftServerProxy (ConfUtils.java:logGet(43)) - raft.rpc.type = GRPC (default)
2019-10-06 14:47:05,730 [main] INFO  grpc.GrpcFactory (GrpcFactory.java:checkPooledByteBufAllocatorUseCacheForAllThreads(45)) - PERFORMANCE WARNING: useCacheForAllThreads is true that may cause Netty to create a lot garbage objects and, as a result, trigger GC.
	It is recommended to disable useCacheForAllThreads by setting -Dorg.apache.ratis.thirdparty.io.netty.allocator.useCacheForAllThreads=false in command line.
2019-10-06 14:47:05,730 [main] INFO  grpc.GrpcConfigKeys$Server (ConfUtils.java:logGet(43)) - raft.grpc.server.port = 0 (default)
2019-10-06 14:47:05,730 [main] INFO  server.GrpcService (ConfUtils.java:logGet(43)) - raft.grpc.message.size.max = 33570816 (custom)
2019-10-06 14:47:05,731 [main] INFO  server.RaftServerConfigKeys (ConfUtils.java:logGet(43)) - raft.server.log.appender.buffer.byte-limit = 33554432 (custom)
2019-10-06 14:47:05,731 [main] INFO  server.GrpcService (ConfUtils.java:logGet(43)) - raft.grpc.flow.control.window = 1MB (=1048576) (default)
2019-10-06 14:47:05,731 [main] INFO  server.RaftServerConfigKeys (ConfUtils.java:logGet(43)) - raft.server.rpc.request.timeout = 3000ms (default)
2019-10-06 14:47:05,731 [main] INFO  server.RaftServerConfigKeys (ConfUtils.java:logGet(43)) - raft.server.storage.dir = [/workdir/hadoop-ozone/integration-test/target/test-dir/MiniOzoneClusterImpl-a7993c58-b5b1-413b-983e-895559c32200/datanode-5/data/ratis] (custom)
2019-10-06 14:47:05,732 [main] INFO  hdfs.DFSUtil (DFSUtil.java:httpServerTemplateForNNAndJN(1641)) - Starting Web-server for hddsDatanode at: http://0.0.0.0:0
2019-10-06 14:47:05,733 [main] INFO  server.AuthenticationFilter (AuthenticationFilter.java:constructSecretProvider(240)) - Unable to initialize FileSignerSecretProvider, falling back to use random secrets.
2019-10-06 14:47:05,734 [main] WARN  http.HttpRequestLog (HttpRequestLog.java:getRequestLog(97)) - Jetty request log can only be enabled using Log4j
2019-10-06 14:47:05,735 [main] INFO  http.HttpServer2 (HttpServer2.java:addGlobalFilter(975)) - Added global filter 'safety' (class=org.apache.hadoop.http.HttpServer2$QuotingInputFilter)
2019-10-06 14:47:05,735 [main] INFO  http.HttpServer2 (HttpServer2.java:addFilter(948)) - Added filter static_user_filter (class=org.apache.hadoop.http.lib.StaticUserWebFilter$StaticUserFilter) to context hddsDatanode
2019-10-06 14:47:05,735 [main] INFO  http.HttpServer2 (HttpServer2.java:addFilter(958)) - Added filter static_user_filter (class=org.apache.hadoop.http.lib.StaticUserWebFilter$StaticUserFilter) to context logs
2019-10-06 14:47:05,736 [main] INFO  http.HttpServer2 (HttpServer2.java:addFilter(958)) - Added filter static_user_filter (class=org.apache.hadoop.http.lib.StaticUserWebFilter$StaticUserFilter) to context static
2019-10-06 14:47:05,736 [main] INFO  http.HttpServer2 (HttpServer2.java:bindListener(1191)) - Jetty bound to port 41560
2019-10-06 14:47:05,736 [main] INFO  server.Server (Server.java:doStart(351)) - jetty-9.3.25.v20180904, build timestamp: 2018-09-04T21:11:46Z, git hash: 3ce520221d0240229c862b122d2b06c12a625732
2019-10-06 14:47:05,737 [main] INFO  handler.ContextHandler (ContextHandler.java:doStart(781)) - Started o.e.j.s.ServletContextHandler@4b691611{/logs,file:///workdir/hadoop-ozone/integration-test/target/log,AVAILABLE}
2019-10-06 14:47:05,738 [main] INFO  handler.ContextHandler (ContextHandler.java:doStart(781)) - Started o.e.j.s.ServletContextHandler@379f9555{/static,jar:file:/home/user/.m2/repository/org/apache/hadoop/hadoop-hdds-container-service/0.5.0-SNAPSHOT/hadoop-hdds-container-service-0.5.0-SNAPSHOT.jar!/webapps/static,AVAILABLE}
2019-10-06 14:47:05,765 [main] INFO  handler.ContextHandler (ContextHandler.java:doStart(781)) - Started o.e.j.w.WebAppContext@d84418a{/,file:///tmp/jetty-0.0.0.0-41560-hddsDatanode-_-any-3470472199841356315.dir/webapp/,AVAILABLE}{/hddsDatanode}
2019-10-06 14:47:05,765 [main] INFO  server.AbstractConnector (AbstractConnector.java:doStart(278)) - Started ServerConnector@45e11627{HTTP/1.1,[http/1.1]}{0.0.0.0:41560}
2019-10-06 14:47:05,767 [main] INFO  server.Server (Server.java:doStart(419)) - Started @601527ms
2019-10-06 14:47:05,767 [main] WARN  impl.MetricsSystemImpl (MetricsSystemImpl.java:register(276)) - Sink prometheus already exists!
2019-10-06 14:47:05,768 [main] INFO  server.BaseHttpServer (BaseHttpServer.java:updateConnectorAddress(215)) - HTTP server of HDDSDATANODE is listening at http://0.0.0.0:41560
2019-10-06 14:47:05,768 [main] INFO  impl.MetricsSystemImpl (MetricsSystemImpl.java:init(158)) - HddsDatanode metrics system started (again)
2019-10-06 14:47:05,775 [org.apache.hadoop.util.JvmPauseMonitor$Monitor@323848c1] INFO  util.JvmPauseMonitor (JvmPauseMonitor.java:run(188)) - Starting JVM pause monitor
2019-10-06 14:47:05,776 [Datanode State Machine Thread - 0] INFO  datanode.InitDatanodeState (InitDatanodeState.java:persistContainerDatanodeDetails(140)) - DatanodeDetails is persisted to /workdir/hadoop-ozone/integration-test/target/test-dir/MiniOzoneClusterImpl-a7993c58-b5b1-413b-983e-895559c32200/datanode-5/meta/datanode.id
2019-10-06 14:47:05,777 [main] INFO  ozone.HddsDatanodeService (HddsDatanodeService.java:start(184)) - HddsDatanodeService host:ozone-build-dev-hxm7v-1976773872 ip:192.168.151.114
2019-10-06 14:47:05,782 [main] INFO  volume.HddsVolume (HddsVolume.java:<init>(176)) - Creating Volume: /workdir/hadoop-ozone/integration-test/target/test-dir/MiniOzoneClusterImpl-a7993c58-b5b1-413b-983e-895559c32200/datanode-6/data/containers/hdds of  storage type : DISK and capacity : 1482555576320
2019-10-06 14:47:05,783 [main] INFO  volume.VolumeSet (VolumeSet.java:initializeVolumeSet(170)) - Added Volume : /workdir/hadoop-ozone/integration-test/target/test-dir/MiniOzoneClusterImpl-a7993c58-b5b1-413b-983e-895559c32200/datanode-6/data/containers/hdds to VolumeSet
2019-10-06 14:47:05,783 [main] INFO  volume.ThrottledAsyncChecker (ThrottledAsyncChecker.java:schedule(139)) - Scheduling a check for org.apache.hadoop.ozone.container.common.volume.HddsVolume@5fd18419
2019-10-06 14:47:05,783 [main] INFO  volume.HddsVolumeChecker (HddsVolumeChecker.java:checkAllVolumes(202)) - Scheduled health check for volume org.apache.hadoop.ozone.container.common.volume.HddsVolume@5fd18419
2019-10-06 14:47:05,795 [main] INFO  impl.RaftServerProxy (ConfUtils.java:logGet(43)) - raft.rpc.type = GRPC (default)
2019-10-06 14:47:05,795 [main] INFO  grpc.GrpcFactory (GrpcFactory.java:checkPooledByteBufAllocatorUseCacheForAllThreads(45)) - PERFORMANCE WARNING: useCacheForAllThreads is true that may cause Netty to create a lot garbage objects and, as a result, trigger GC.
	It is recommended to disable useCacheForAllThreads by setting -Dorg.apache.ratis.thirdparty.io.netty.allocator.useCacheForAllThreads=false in command line.
2019-10-06 14:47:05,796 [main] INFO  grpc.GrpcConfigKeys$Server (ConfUtils.java:logGet(43)) - raft.grpc.server.port = 0 (default)
2019-10-06 14:47:05,796 [main] INFO  server.GrpcService (ConfUtils.java:logGet(43)) - raft.grpc.message.size.max = 33570816 (custom)
2019-10-06 14:47:05,796 [main] INFO  server.RaftServerConfigKeys (ConfUtils.java:logGet(43)) - raft.server.log.appender.buffer.byte-limit = 33554432 (custom)
2019-10-06 14:47:05,796 [main] INFO  server.GrpcService (ConfUtils.java:logGet(43)) - raft.grpc.flow.control.window = 1MB (=1048576) (default)
2019-10-06 14:47:05,796 [main] INFO  server.RaftServerConfigKeys (ConfUtils.java:logGet(43)) - raft.server.rpc.request.timeout = 3000ms (default)
2019-10-06 14:47:05,797 [main] INFO  server.RaftServerConfigKeys (ConfUtils.java:logGet(43)) - raft.server.storage.dir = [/workdir/hadoop-ozone/integration-test/target/test-dir/MiniOzoneClusterImpl-a7993c58-b5b1-413b-983e-895559c32200/datanode-6/data/ratis] (custom)
2019-10-06 14:47:05,798 [main] INFO  hdfs.DFSUtil (DFSUtil.java:httpServerTemplateForNNAndJN(1641)) - Starting Web-server for hddsDatanode at: http://0.0.0.0:0
2019-10-06 14:47:05,799 [main] INFO  server.AuthenticationFilter (AuthenticationFilter.java:constructSecretProvider(240)) - Unable to initialize FileSignerSecretProvider, falling back to use random secrets.
2019-10-06 14:47:05,800 [main] WARN  http.HttpRequestLog (HttpRequestLog.java:getRequestLog(97)) - Jetty request log can only be enabled using Log4j
2019-10-06 14:47:05,801 [main] INFO  http.HttpServer2 (HttpServer2.java:addGlobalFilter(975)) - Added global filter 'safety' (class=org.apache.hadoop.http.HttpServer2$QuotingInputFilter)
2019-10-06 14:47:05,802 [main] INFO  http.HttpServer2 (HttpServer2.java:addFilter(948)) - Added filter static_user_filter (class=org.apache.hadoop.http.lib.StaticUserWebFilter$StaticUserFilter) to context hddsDatanode
2019-10-06 14:47:05,802 [main] INFO  http.HttpServer2 (HttpServer2.java:addFilter(958)) - Added filter static_user_filter (class=org.apache.hadoop.http.lib.StaticUserWebFilter$StaticUserFilter) to context logs
2019-10-06 14:47:05,802 [main] INFO  http.HttpServer2 (HttpServer2.java:addFilter(958)) - Added filter static_user_filter (class=org.apache.hadoop.http.lib.StaticUserWebFilter$StaticUserFilter) to context static
2019-10-06 14:47:05,803 [main] INFO  http.HttpServer2 (HttpServer2.java:bindListener(1191)) - Jetty bound to port 37910
2019-10-06 14:47:05,803 [main] INFO  server.Server (Server.java:doStart(351)) - jetty-9.3.25.v20180904, build timestamp: 2018-09-04T21:11:46Z, git hash: 3ce520221d0240229c862b122d2b06c12a625732
2019-10-06 14:47:05,804 [main] INFO  handler.ContextHandler (ContextHandler.java:doStart(781)) - Started o.e.j.s.ServletContextHandler@709d86a2{/logs,file:///workdir/hadoop-ozone/integration-test/target/log,AVAILABLE}
2019-10-06 14:47:05,804 [main] INFO  handler.ContextHandler (ContextHandler.java:doStart(781)) - Started o.e.j.s.ServletContextHandler@ce655b9{/static,jar:file:/home/user/.m2/repository/org/apache/hadoop/hadoop-hdds-container-service/0.5.0-SNAPSHOT/hadoop-hdds-container-service-0.5.0-SNAPSHOT.jar!/webapps/static,AVAILABLE}
2019-10-06 14:47:05,838 [main] INFO  handler.ContextHandler (ContextHandler.java:doStart(781)) - Started o.e.j.w.WebAppContext@62108cd3{/,file:///tmp/jetty-0.0.0.0-37910-hddsDatanode-_-any-7616936786730717318.dir/webapp/,AVAILABLE}{/hddsDatanode}
2019-10-06 14:47:05,838 [main] INFO  server.AbstractConnector (AbstractConnector.java:doStart(278)) - Started ServerConnector@7cd1ec54{HTTP/1.1,[http/1.1]}{0.0.0.0:37910}
2019-10-06 14:47:05,842 [main] INFO  server.Server (Server.java:doStart(419)) - Started @601602ms
2019-10-06 14:47:05,842 [main] WARN  impl.MetricsSystemImpl (MetricsSystemImpl.java:register(276)) - Sink prometheus already exists!
2019-10-06 14:47:05,843 [main] INFO  server.BaseHttpServer (BaseHttpServer.java:updateConnectorAddress(215)) - HTTP server of HDDSDATANODE is listening at http://0.0.0.0:37910
2019-10-06 14:47:05,843 [main] INFO  ozone.MiniOzoneClusterImpl (MiniOzoneClusterImpl.java:lambda$waitForClusterToBeReady$0(147)) - Waiting for cluster to be ready. Got 0 of 7 DN Heartbeats.
2019-10-06 14:47:05,844 [org.apache.hadoop.util.JvmPauseMonitor$Monitor@156424fb] INFO  util.JvmPauseMonitor (JvmPauseMonitor.java:run(188)) - Starting JVM pause monitor
2019-10-06 14:47:05,845 [Datanode State Machine Thread - 0] INFO  datanode.InitDatanodeState (InitDatanodeState.java:persistContainerDatanodeDetails(140)) - DatanodeDetails is persisted to /workdir/hadoop-ozone/integration-test/target/test-dir/MiniOzoneClusterImpl-a7993c58-b5b1-413b-983e-895559c32200/datanode-6/meta/datanode.id
2019-10-06 14:47:06,843 [main] INFO  ozone.MiniOzoneClusterImpl (MiniOzoneClusterImpl.java:lambda$waitForClusterToBeReady$0(147)) - Waiting for cluster to be ready. Got 0 of 7 DN Heartbeats.
2019-10-06 14:47:07,483 [Datanode State Machine Thread - 0] INFO  ozoneimpl.OzoneContainer (OzoneContainer.java:start(217)) - Attempting to start container services.
2019-10-06 14:47:07,483 [Datanode State Machine Thread - 0] INFO  ozoneimpl.OzoneContainer (OzoneContainer.java:startContainerScrub(179)) - Background container scanner has been disabled.
2019-10-06 14:47:07,483 [Datanode State Machine Thread - 0] INFO  ratis.XceiverServerRatis (XceiverServerRatis.java:start(417)) - Starting XceiverServerRatis bdbf3c7d-7ab8-45d0-a00e-9a90afbb196e at port 0
2019-10-06 14:47:07,488 [Datanode State Machine Thread - 0] INFO  impl.RaftServerProxy (RaftServerProxy.java:lambda$start$3(299)) - bdbf3c7d-7ab8-45d0-a00e-9a90afbb196e: start RPC server
2019-10-06 14:47:07,489 [Datanode State Machine Thread - 0] INFO  server.GrpcService (GrpcService.java:startImpl(158)) - bdbf3c7d-7ab8-45d0-a00e-9a90afbb196e: GrpcService started, listening on 0.0.0.0/0.0.0.0:40384
2019-10-06 14:47:07,489 [Datanode State Machine Thread - 0] INFO  ratis.XceiverServerRatis (XceiverServerRatis.java:start(427)) - XceiverServerRatis bdbf3c7d-7ab8-45d0-a00e-9a90afbb196e is started using port 40384
2019-10-06 14:47:07,489 [Datanode State Machine Thread - 0] INFO  server.XceiverServerGrpc (XceiverServerGrpc.java:start(149)) - XceiverServerGrpc bdbf3c7d-7ab8-45d0-a00e-9a90afbb196e is started using port 37409
2019-10-06 14:47:07,539 [Datanode State Machine Thread - 0] INFO  ozoneimpl.OzoneContainer (OzoneContainer.java:start(217)) - Attempting to start container services.
2019-10-06 14:47:07,539 [Datanode State Machine Thread - 0] INFO  ozoneimpl.OzoneContainer (OzoneContainer.java:startContainerScrub(179)) - Background container scanner has been disabled.
2019-10-06 14:47:07,539 [Datanode State Machine Thread - 0] INFO  ratis.XceiverServerRatis (XceiverServerRatis.java:start(417)) - Starting XceiverServerRatis 1c73777b-379a-4e58-afe3-e36257195a83 at port 0
2019-10-06 14:47:07,543 [Datanode State Machine Thread - 0] INFO  impl.RaftServerProxy (RaftServerProxy.java:lambda$start$3(299)) - 1c73777b-379a-4e58-afe3-e36257195a83: start RPC server
2019-10-06 14:47:07,544 [Datanode State Machine Thread - 0] INFO  server.GrpcService (GrpcService.java:startImpl(158)) - 1c73777b-379a-4e58-afe3-e36257195a83: GrpcService started, listening on 0.0.0.0/0.0.0.0:37595
2019-10-06 14:47:07,544 [Datanode State Machine Thread - 0] INFO  ratis.XceiverServerRatis (XceiverServerRatis.java:start(427)) - XceiverServerRatis 1c73777b-379a-4e58-afe3-e36257195a83 is started using port 37595
2019-10-06 14:47:07,544 [Datanode State Machine Thread - 0] INFO  server.XceiverServerGrpc (XceiverServerGrpc.java:start(149)) - XceiverServerGrpc 1c73777b-379a-4e58-afe3-e36257195a83 is started using port 45364
2019-10-06 14:47:07,601 [Datanode State Machine Thread - 0] INFO  ozoneimpl.OzoneContainer (OzoneContainer.java:start(217)) - Attempting to start container services.
2019-10-06 14:47:07,601 [Datanode State Machine Thread - 0] INFO  ozoneimpl.OzoneContainer (OzoneContainer.java:startContainerScrub(179)) - Background container scanner has been disabled.
2019-10-06 14:47:07,601 [Datanode State Machine Thread - 0] INFO  ratis.XceiverServerRatis (XceiverServerRatis.java:start(417)) - Starting XceiverServerRatis 19150db3-7c2b-4c29-b1cb-de3372b4b7d7 at port 0
2019-10-06 14:47:07,606 [Datanode State Machine Thread - 0] INFO  impl.RaftServerProxy (RaftServerProxy.java:lambda$start$3(299)) - 19150db3-7c2b-4c29-b1cb-de3372b4b7d7: start RPC server
2019-10-06 14:47:07,609 [Datanode State Machine Thread - 0] INFO  server.GrpcService (GrpcService.java:startImpl(158)) - 19150db3-7c2b-4c29-b1cb-de3372b4b7d7: GrpcService started, listening on 0.0.0.0/0.0.0.0:34558
2019-10-06 14:47:07,609 [Datanode State Machine Thread - 0] INFO  ratis.XceiverServerRatis (XceiverServerRatis.java:start(427)) - XceiverServerRatis 19150db3-7c2b-4c29-b1cb-de3372b4b7d7 is started using port 34558
2019-10-06 14:47:07,611 [Datanode State Machine Thread - 0] INFO  server.XceiverServerGrpc (XceiverServerGrpc.java:start(149)) - XceiverServerGrpc 19150db3-7c2b-4c29-b1cb-de3372b4b7d7 is started using port 45670
2019-10-06 14:47:07,663 [Datanode State Machine Thread - 0] INFO  ozoneimpl.OzoneContainer (OzoneContainer.java:start(217)) - Attempting to start container services.
2019-10-06 14:47:07,663 [Datanode State Machine Thread - 0] INFO  ozoneimpl.OzoneContainer (OzoneContainer.java:startContainerScrub(179)) - Background container scanner has been disabled.
2019-10-06 14:47:07,663 [Datanode State Machine Thread - 0] INFO  ratis.XceiverServerRatis (XceiverServerRatis.java:start(417)) - Starting XceiverServerRatis b6b70025-229b-4dd1-ae93-bca2d1b64bcf at port 0
2019-10-06 14:47:07,668 [Datanode State Machine Thread - 0] INFO  impl.RaftServerProxy (RaftServerProxy.java:lambda$start$3(299)) - b6b70025-229b-4dd1-ae93-bca2d1b64bcf: start RPC server
2019-10-06 14:47:07,670 [Datanode State Machine Thread - 0] INFO  server.GrpcService (GrpcService.java:startImpl(158)) - b6b70025-229b-4dd1-ae93-bca2d1b64bcf: GrpcService started, listening on 0.0.0.0/0.0.0.0:34932
2019-10-06 14:47:07,671 [Datanode State Machine Thread - 0] INFO  ratis.XceiverServerRatis (XceiverServerRatis.java:start(427)) - XceiverServerRatis b6b70025-229b-4dd1-ae93-bca2d1b64bcf is started using port 34932
2019-10-06 14:47:07,672 [Datanode State Machine Thread - 0] INFO  server.XceiverServerGrpc (XceiverServerGrpc.java:start(149)) - XceiverServerGrpc b6b70025-229b-4dd1-ae93-bca2d1b64bcf is started using port 37785
2019-10-06 14:47:07,740 [Datanode State Machine Thread - 0] INFO  ozoneimpl.OzoneContainer (OzoneContainer.java:start(217)) - Attempting to start container services.
2019-10-06 14:47:07,741 [Datanode State Machine Thread - 0] INFO  ozoneimpl.OzoneContainer (OzoneContainer.java:startContainerScrub(179)) - Background container scanner has been disabled.
2019-10-06 14:47:07,741 [Datanode State Machine Thread - 0] INFO  ratis.XceiverServerRatis (XceiverServerRatis.java:start(417)) - Starting XceiverServerRatis be7a26d3-2201-432c-a96b-ef86ee840878 at port 0
2019-10-06 14:47:07,746 [Datanode State Machine Thread - 0] INFO  impl.RaftServerProxy (RaftServerProxy.java:lambda$start$3(299)) - be7a26d3-2201-432c-a96b-ef86ee840878: start RPC server
2019-10-06 14:47:07,746 [Datanode State Machine Thread - 0] INFO  server.GrpcService (GrpcService.java:startImpl(158)) - be7a26d3-2201-432c-a96b-ef86ee840878: GrpcService started, listening on 0.0.0.0/0.0.0.0:33108
2019-10-06 14:47:07,747 [Datanode State Machine Thread - 0] INFO  ratis.XceiverServerRatis (XceiverServerRatis.java:start(427)) - XceiverServerRatis be7a26d3-2201-432c-a96b-ef86ee840878 is started using port 33108
2019-10-06 14:47:07,749 [Datanode State Machine Thread - 0] INFO  server.XceiverServerGrpc (XceiverServerGrpc.java:start(149)) - XceiverServerGrpc be7a26d3-2201-432c-a96b-ef86ee840878 is started using port 34323
2019-10-06 14:47:07,790 [Datanode State Machine Thread - 0] INFO  ozoneimpl.OzoneContainer (OzoneContainer.java:start(217)) - Attempting to start container services.
2019-10-06 14:47:07,790 [Datanode State Machine Thread - 0] INFO  ozoneimpl.OzoneContainer (OzoneContainer.java:startContainerScrub(179)) - Background container scanner has been disabled.
2019-10-06 14:47:07,790 [Datanode State Machine Thread - 0] INFO  ratis.XceiverServerRatis (XceiverServerRatis.java:start(417)) - Starting XceiverServerRatis bac7de5e-ce79-4cb5-a11a-f24956f645d5 at port 0
2019-10-06 14:47:07,796 [Datanode State Machine Thread - 0] INFO  impl.RaftServerProxy (RaftServerProxy.java:lambda$start$3(299)) - bac7de5e-ce79-4cb5-a11a-f24956f645d5: start RPC server
2019-10-06 14:47:07,797 [Datanode State Machine Thread - 0] INFO  server.GrpcService (GrpcService.java:startImpl(158)) - bac7de5e-ce79-4cb5-a11a-f24956f645d5: GrpcService started, listening on 0.0.0.0/0.0.0.0:43134
2019-10-06 14:47:07,797 [Datanode State Machine Thread - 0] INFO  ratis.XceiverServerRatis (XceiverServerRatis.java:start(427)) - XceiverServerRatis bac7de5e-ce79-4cb5-a11a-f24956f645d5 is started using port 43134
2019-10-06 14:47:07,797 [Datanode State Machine Thread - 0] INFO  server.XceiverServerGrpc (XceiverServerGrpc.java:start(149)) - XceiverServerGrpc bac7de5e-ce79-4cb5-a11a-f24956f645d5 is started using port 33437
2019-10-06 14:47:07,844 [main] INFO  ozone.MiniOzoneClusterImpl (MiniOzoneClusterImpl.java:lambda$waitForClusterToBeReady$0(147)) - Waiting for cluster to be ready. Got 0 of 7 DN Heartbeats.
2019-10-06 14:47:07,858 [Datanode State Machine Thread - 0] INFO  ozoneimpl.OzoneContainer (OzoneContainer.java:start(217)) - Attempting to start container services.
2019-10-06 14:47:07,859 [Datanode State Machine Thread - 0] INFO  ozoneimpl.OzoneContainer (OzoneContainer.java:startContainerScrub(179)) - Background container scanner has been disabled.
2019-10-06 14:47:07,859 [Datanode State Machine Thread - 0] INFO  ratis.XceiverServerRatis (XceiverServerRatis.java:start(417)) - Starting XceiverServerRatis 549e67df-f22b-4d63-a5ef-7bccc6794b24 at port 0
2019-10-06 14:47:07,883 [Datanode State Machine Thread - 0] INFO  impl.RaftServerProxy (RaftServerProxy.java:lambda$start$3(299)) - 549e67df-f22b-4d63-a5ef-7bccc6794b24: start RPC server
2019-10-06 14:47:07,883 [Datanode State Machine Thread - 0] INFO  server.GrpcService (GrpcService.java:startImpl(158)) - 549e67df-f22b-4d63-a5ef-7bccc6794b24: GrpcService started, listening on 0.0.0.0/0.0.0.0:42458
2019-10-06 14:47:07,883 [Datanode State Machine Thread - 0] INFO  ratis.XceiverServerRatis (XceiverServerRatis.java:start(427)) - XceiverServerRatis 549e67df-f22b-4d63-a5ef-7bccc6794b24 is started using port 42458
2019-10-06 14:47:07,898 [Datanode State Machine Thread - 0] INFO  server.XceiverServerGrpc (XceiverServerGrpc.java:start(149)) - XceiverServerGrpc 549e67df-f22b-4d63-a5ef-7bccc6794b24 is started using port 43248
2019-10-06 14:47:08,844 [main] INFO  ozone.MiniOzoneClusterImpl (MiniOzoneClusterImpl.java:lambda$waitForClusterToBeReady$0(147)) - Waiting for cluster to be ready. Got 0 of 7 DN Heartbeats.
2019-10-06 14:47:09,469 [IPC Server handler 0 on 41906] INFO  net.NetworkTopology (NetworkTopologyImpl.java:add(111)) - Added a new node: /default-rack/bdbf3c7d-7ab8-45d0-a00e-9a90afbb196e
2019-10-06 14:47:09,471 [IPC Server handler 0 on 41906] INFO  node.SCMNodeManager (SCMNodeManager.java:register(268)) - Registered Data node : bdbf3c7d-7ab8-45d0-a00e-9a90afbb196e{ip: 192.168.151.114, host: ozone-build-dev-hxm7v-1976773872, networkLocation: /default-rack, certSerialId: null}
2019-10-06 14:47:09,471 [EventQueue-NodeRegistrationContainerReportForDataNodeSafeModeRule] INFO  safemode.SCMSafeModeManager (DataNodeSafeModeRule.java:process(71)) - SCM in safe mode. 1 DataNodes registered, 1 required.
2019-10-06 14:47:09,473 [EventQueue-NodeRegistrationContainerReportForDataNodeSafeModeRule] INFO  safemode.SCMSafeModeManager (SCMSafeModeManager.java:validateSafeModeExitRules(177)) - ScmSafeModeManager, all rules are successfully validated
2019-10-06 14:47:09,473 [EventQueue-NodeRegistrationContainerReportForDataNodeSafeModeRule] INFO  safemode.SCMSafeModeManager (SCMSafeModeManager.java:exitSafeMode(193)) - SCM exiting safe mode.
2019-10-06 14:47:09,480 [grpc-default-executor-8] INFO  impl.RaftServerProxy (RaftServerProxy.java:addNew(89)) - bdbf3c7d-7ab8-45d0-a00e-9a90afbb196e: addNew group-960807561940:[bdbf3c7d-7ab8-45d0-a00e-9a90afbb196e:192.168.151.114:40384] returns group-960807561940:java.util.concurrent.CompletableFuture@2622a131[Not completed]
2019-10-06 14:47:09,481 [pool-589-thread-1] INFO  impl.RaftServerImpl (RaftServerImpl.java:<init>(95)) - bdbf3c7d-7ab8-45d0-a00e-9a90afbb196e: new RaftServerImpl for group-960807561940:[bdbf3c7d-7ab8-45d0-a00e-9a90afbb196e:192.168.151.114:40384] with ContainerStateMachine:uninitialized
2019-10-06 14:47:09,481 [pool-589-thread-1] INFO  server.RaftServerConfigKeys (ConfUtils.java:logGet(43)) - raft.server.rpc.timeout.min = 5s (custom)
2019-10-06 14:47:09,481 [pool-589-thread-1] INFO  server.RaftServerConfigKeys (ConfUtils.java:logGet(43)) - raft.server.rpc.timeout.max = 5200ms (custom)
2019-10-06 14:47:09,481 [pool-589-thread-1] INFO  server.RaftServerConfigKeys (ConfUtils.java:logGet(43)) - raft.server.rpcslowness.timeout = 120s (custom)
2019-10-06 14:47:09,481 [pool-589-thread-1] INFO  server.RaftServerConfigKeys (ConfUtils.java:logGet(43)) - raft.server.sleep.deviation.threshold = 300 (default)
2019-10-06 14:47:09,481 [pool-589-thread-1] INFO  server.RaftServerConfigKeys (ConfUtils.java:logGet(43)) - raft.server.log.appender.install.snapshot.enabled = false (custom)
2019-10-06 14:47:09,482 [pool-589-thread-1] INFO  impl.RaftServerImpl (ServerState.java:<init>(103)) - bdbf3c7d-7ab8-45d0-a00e-9a90afbb196e@group-960807561940: ConfigurationManager, init=-1: [bdbf3c7d-7ab8-45d0-a00e-9a90afbb196e:192.168.151.114:40384], old=null, confs=<EMPTY_MAP>
2019-10-06 14:47:09,482 [pool-589-thread-1] INFO  server.RaftServerConfigKeys (ConfUtils.java:logGet(43)) - raft.server.storage.dir = [/workdir/hadoop-ozone/integration-test/target/test-dir/MiniOzoneClusterImpl-a7993c58-b5b1-413b-983e-895559c32200/datanode-0/data/ratis] (custom)
2019-10-06 14:47:09,482 [pool-589-thread-1] INFO  server.RaftServerConfigKeys (ConfUtils.java:logGet(43)) - raft.server.log.corruption.policy = EXCEPTION (default)
2019-10-06 14:47:09,482 [pool-589-thread-1] INFO  storage.RaftStorageDirectory (RaftStorageDirectory.java:analyzeStorage(246)) - The storage directory /workdir/hadoop-ozone/integration-test/target/test-dir/MiniOzoneClusterImpl-a7993c58-b5b1-413b-983e-895559c32200/datanode-0/data/ratis/f56ed0d7-6e4d-4d63-ab9c-960807561940 does not exist. Creating ...
2019-10-06 14:47:09,495 [pool-589-thread-1] INFO  storage.RaftStorageDirectory (RaftStorageDirectory.java:tryLock(328)) - Lock on /workdir/hadoop-ozone/integration-test/target/test-dir/MiniOzoneClusterImpl-a7993c58-b5b1-413b-983e-895559c32200/datanode-0/data/ratis/f56ed0d7-6e4d-4d63-ab9c-960807561940/in_use.lock acquired by nodename 23494@ozone-build-dev-hxm7v-1976773872
2019-10-06 14:47:09,508 [pool-589-thread-1] INFO  storage.RaftStorage (RaftStorage.java:format(84)) - Storage directory /workdir/hadoop-ozone/integration-test/target/test-dir/MiniOzoneClusterImpl-a7993c58-b5b1-413b-983e-895559c32200/datanode-0/data/ratis/f56ed0d7-6e4d-4d63-ab9c-960807561940 has been successfully formatted.
2019-10-06 14:47:09,508 [pool-589-thread-1] INFO  ratis.ContainerStateMachine (ContainerStateMachine.java:loadSnapshot(230)) - group-960807561940: The snapshot info is null. Setting the last applied indexto:(t:0, i:~)
2019-10-06 14:47:09,508 [pool-589-thread-1] INFO  server.RaftServerConfigKeys (ConfUtils.java:logGet(43)) - raft.server.notification.no-leader.timeout = 120s (custom)
2019-10-06 14:47:09,508 [pool-589-thread-1] INFO  server.RaftServerConfigKeys (ConfUtils.java:logGet(43)) - raft.server.log.use.memory = false (default)
2019-10-06 14:47:09,508 [pool-589-thread-1] INFO  server.RaftServerConfigKeys (ConfUtils.java:logGet(43)) - raft.server.log.purge.gap = 1000000 (custom)
2019-10-06 14:47:09,509 [pool-589-thread-1] INFO  server.RaftServerConfigKeys (ConfUtils.java:logGet(43)) - raft.server.log.appender.buffer.byte-limit = 33554432 (custom)
2019-10-06 14:47:09,509 [pool-589-thread-1] INFO  server.RaftServerConfigKeys (ConfUtils.java:logGet(43)) - raft.server.log.segment.size.max = 1048576 (custom)
2019-10-06 14:47:09,510 [pool-589-thread-1] INFO  server.RaftServerConfigKeys (ConfUtils.java:logGet(43)) - raft.server.log.segment.cache.num.max = 2 (custom)
2019-10-06 14:47:09,510 [pool-589-thread-1] INFO  segmented.SegmentedRaftLogWorker (SegmentedRaftLogWorker.java:<init>(173)) - new bdbf3c7d-7ab8-45d0-a00e-9a90afbb196e@group-960807561940-SegmentedRaftLogWorker for RaftStorage:Storage Directory /workdir/hadoop-ozone/integration-test/target/test-dir/MiniOzoneClusterImpl-a7993c58-b5b1-413b-983e-895559c32200/datanode-0/data/ratis/f56ed0d7-6e4d-4d63-ab9c-960807561940
2019-10-06 14:47:09,510 [pool-589-thread-1] INFO  server.RaftServerConfigKeys (ConfUtils.java:logGet(43)) - raft.server.log.queue.byte-limit = 2147483647 (custom)
2019-10-06 14:47:09,510 [pool-589-thread-1] INFO  server.RaftServerConfigKeys (ConfUtils.java:logGet(43)) - raft.server.log.queue.element-limit = 1024 (custom)
2019-10-06 14:47:09,510 [pool-589-thread-1] INFO  server.RaftServerConfigKeys (ConfUtils.java:logGet(43)) - raft.server.log.segment.size.max = 1048576 (custom)
2019-10-06 14:47:09,510 [pool-589-thread-1] INFO  server.RaftServerConfigKeys (ConfUtils.java:logGet(43)) - raft.server.log.preallocated.size = 16384 (custom)
2019-10-06 14:47:09,510 [pool-589-thread-1] INFO  server.RaftServerConfigKeys (ConfUtils.java:logGet(43)) - raft.server.log.write.buffer.size = 33554432 (custom)
2019-10-06 14:47:09,511 [pool-589-thread-1] INFO  server.RaftServerConfigKeys (ConfUtils.java:logGet(43)) - raft.server.log.force.sync.num = 128 (default)
2019-10-06 14:47:09,511 [pool-589-thread-1] INFO  server.RaftServerConfigKeys (ConfUtils.java:logGet(43)) - raft.server.log.statemachine.data.sync = true (default)
2019-10-06 14:47:09,511 [pool-589-thread-1] INFO  server.RaftServerConfigKeys (ConfUtils.java:logGet(43)) - raft.server.log.statemachine.data.sync.timeout = 10s (default)
2019-10-06 14:47:09,511 [pool-589-thread-1] INFO  server.RaftServerConfigKeys (ConfUtils.java:logGet(43)) - raft.server.log.statemachine.data.sync.timeout.retry = -1 (default)
2019-10-06 14:47:09,511 [pool-589-thread-1] INFO  server.RaftServerConfigKeys (ConfUtils.java:logGet(43)) - raft.server.log.statemachine.data.caching.enabled = true (custom)
2019-10-06 14:47:09,511 [pool-589-thread-1] INFO  segmented.SegmentedRaftLogWorker (SegmentedRaftLogWorker.java:lambda$new$0(128)) - bdbf3c7d-7ab8-45d0-a00e-9a90afbb196e@group-960807561940-SegmentedRaftLogWorker: flushIndex: setUnconditionally 0 -> -1
2019-10-06 14:47:09,512 [pool-589-thread-1] INFO  server.RaftServerConfigKeys (ConfUtils.java:logGet(43)) - raft.server.snapshot.auto.trigger.enabled = true (custom)
2019-10-06 14:47:09,512 [pool-589-thread-1] INFO  server.RaftServerConfigKeys (ConfUtils.java:logGet(43)) - raft.server.snapshot.auto.trigger.threshold = 10000 (custom)
2019-10-06 14:47:09,512 [pool-589-thread-1] INFO  server.RaftServerConfigKeys (ConfUtils.java:logGet(43)) - raft.server.snapshot.retention.file.num = 5 (custom)
2019-10-06 14:47:09,512 [pool-589-thread-1] INFO  server.RaftServerConfigKeys (ConfUtils.java:logGet(43)) - raft.server.retrycache.expirytime = 600000ms (custom)
2019-10-06 14:47:09,513 [pool-589-thread-1] INFO  impl.RaftServerImpl (RaftServerImpl.java:start(181)) - bdbf3c7d-7ab8-45d0-a00e-9a90afbb196e@group-960807561940: start as a follower, conf=-1: [bdbf3c7d-7ab8-45d0-a00e-9a90afbb196e:192.168.151.114:40384], old=null
2019-10-06 14:47:09,513 [pool-589-thread-1] INFO  impl.RaftServerImpl (RaftServerImpl.java:setRole(170)) - bdbf3c7d-7ab8-45d0-a00e-9a90afbb196e@group-960807561940: changes role from      null to FOLLOWER at term 0 for startAsFollower
2019-10-06 14:47:09,513 [pool-589-thread-1] INFO  impl.RoleInfo (RoleInfo.java:updateAndGet(143)) - bdbf3c7d-7ab8-45d0-a00e-9a90afbb196e: start FollowerState
2019-10-06 14:47:09,513 [pool-589-thread-1] INFO  util.JmxRegister (JmxRegister.java:tryRegister(44)) - Successfully registered JMX Bean with object name Ratis:service=RaftServer,group=group-960807561940,id=bdbf3c7d-7ab8-45d0-a00e-9a90afbb196e
2019-10-06 14:47:09,516 [RatisPipelineUtilsThread] INFO  pipeline.PipelineStateManager (PipelineStateManager.java:addPipeline(56)) - Created pipeline Pipeline[ Id: f56ed0d7-6e4d-4d63-ab9c-960807561940, Nodes: bdbf3c7d-7ab8-45d0-a00e-9a90afbb196e{ip: 192.168.151.114, host: ozone-build-dev-hxm7v-1976773872, networkLocation: /default-rack, certSerialId: null}, Type:RATIS, Factor:ONE, State:OPEN]
2019-10-06 14:47:09,525 [IPC Server handler 2 on 41906] INFO  net.NetworkTopology (NetworkTopologyImpl.java:add(111)) - Added a new node: /default-rack/1c73777b-379a-4e58-afe3-e36257195a83
2019-10-06 14:47:09,525 [IPC Server handler 2 on 41906] INFO  node.SCMNodeManager (SCMNodeManager.java:register(268)) - Registered Data node : 1c73777b-379a-4e58-afe3-e36257195a83{ip: 192.168.151.114, host: ozone-build-dev-hxm7v-1976773872, networkLocation: /default-rack, certSerialId: null}
2019-10-06 14:47:09,544 [grpc-default-executor-8] INFO  impl.RaftServerProxy (RaftServerProxy.java:addNew(89)) - 1c73777b-379a-4e58-afe3-e36257195a83: addNew group-FEDDA15FBC29:[1c73777b-379a-4e58-afe3-e36257195a83:192.168.151.114:37595] returns group-FEDDA15FBC29:java.util.concurrent.CompletableFuture@342cb2a9[Not completed]
2019-10-06 14:47:09,545 [pool-599-thread-1] INFO  impl.RaftServerImpl (RaftServerImpl.java:<init>(95)) - 1c73777b-379a-4e58-afe3-e36257195a83: new RaftServerImpl for group-FEDDA15FBC29:[1c73777b-379a-4e58-afe3-e36257195a83:192.168.151.114:37595] with ContainerStateMachine:uninitialized
2019-10-06 14:47:09,545 [pool-599-thread-1] INFO  server.RaftServerConfigKeys (ConfUtils.java:logGet(43)) - raft.server.rpc.timeout.min = 5s (custom)
2019-10-06 14:47:09,545 [pool-599-thread-1] INFO  server.RaftServerConfigKeys (ConfUtils.java:logGet(43)) - raft.server.rpc.timeout.max = 5200ms (custom)
2019-10-06 14:47:09,545 [pool-599-thread-1] INFO  server.RaftServerConfigKeys (ConfUtils.java:logGet(43)) - raft.server.rpcslowness.timeout = 120s (custom)
2019-10-06 14:47:09,545 [pool-599-thread-1] INFO  server.RaftServerConfigKeys (ConfUtils.java:logGet(43)) - raft.server.sleep.deviation.threshold = 300 (default)
2019-10-06 14:47:09,545 [pool-599-thread-1] INFO  server.RaftServerConfigKeys (ConfUtils.java:logGet(43)) - raft.server.log.appender.install.snapshot.enabled = false (custom)
2019-10-06 14:47:09,545 [pool-599-thread-1] INFO  impl.RaftServerImpl (ServerState.java:<init>(103)) - 1c73777b-379a-4e58-afe3-e36257195a83@group-FEDDA15FBC29: ConfigurationManager, init=-1: [1c73777b-379a-4e58-afe3-e36257195a83:192.168.151.114:37595], old=null, confs=<EMPTY_MAP>
2019-10-06 14:47:09,546 [pool-599-thread-1] INFO  server.RaftServerConfigKeys (ConfUtils.java:logGet(43)) - raft.server.storage.dir = [/workdir/hadoop-ozone/integration-test/target/test-dir/MiniOzoneClusterImpl-a7993c58-b5b1-413b-983e-895559c32200/datanode-1/data/ratis] (custom)
2019-10-06 14:47:09,546 [pool-599-thread-1] INFO  server.RaftServerConfigKeys (ConfUtils.java:logGet(43)) - raft.server.log.corruption.policy = EXCEPTION (default)
2019-10-06 14:47:09,546 [pool-599-thread-1] INFO  storage.RaftStorageDirectory (RaftStorageDirectory.java:analyzeStorage(246)) - The storage directory /workdir/hadoop-ozone/integration-test/target/test-dir/MiniOzoneClusterImpl-a7993c58-b5b1-413b-983e-895559c32200/datanode-1/data/ratis/4aecf71a-c8b6-47d9-a0ab-fedda15fbc29 does not exist. Creating ...
2019-10-06 14:47:09,559 [pool-599-thread-1] INFO  storage.RaftStorageDirectory (RaftStorageDirectory.java:tryLock(328)) - Lock on /workdir/hadoop-ozone/integration-test/target/test-dir/MiniOzoneClusterImpl-a7993c58-b5b1-413b-983e-895559c32200/datanode-1/data/ratis/4aecf71a-c8b6-47d9-a0ab-fedda15fbc29/in_use.lock acquired by nodename 23494@ozone-build-dev-hxm7v-1976773872
2019-10-06 14:47:09,572 [pool-599-thread-1] INFO  storage.RaftStorage (RaftStorage.java:format(84)) - Storage directory /workdir/hadoop-ozone/integration-test/target/test-dir/MiniOzoneClusterImpl-a7993c58-b5b1-413b-983e-895559c32200/datanode-1/data/ratis/4aecf71a-c8b6-47d9-a0ab-fedda15fbc29 has been successfully formatted.
2019-10-06 14:47:09,572 [pool-599-thread-1] INFO  ratis.ContainerStateMachine (ContainerStateMachine.java:loadSnapshot(230)) - group-FEDDA15FBC29: The snapshot info is null. Setting the last applied indexto:(t:0, i:~)
2019-10-06 14:47:09,572 [pool-599-thread-1] INFO  server.RaftServerConfigKeys (ConfUtils.java:logGet(43)) - raft.server.notification.no-leader.timeout = 120s (custom)
2019-10-06 14:47:09,572 [pool-599-thread-1] INFO  server.RaftServerConfigKeys (ConfUtils.java:logGet(43)) - raft.server.log.use.memory = false (default)
2019-10-06 14:47:09,572 [pool-599-thread-1] INFO  server.RaftServerConfigKeys (ConfUtils.java:logGet(43)) - raft.server.log.purge.gap = 1000000 (custom)
2019-10-06 14:47:09,572 [pool-599-thread-1] INFO  server.RaftServerConfigKeys (ConfUtils.java:logGet(43)) - raft.server.log.appender.buffer.byte-limit = 33554432 (custom)
2019-10-06 14:47:09,573 [pool-599-thread-1] INFO  server.RaftServerConfigKeys (ConfUtils.java:logGet(43)) - raft.server.log.segment.size.max = 1048576 (custom)
2019-10-06 14:47:09,574 [pool-599-thread-1] INFO  server.RaftServerConfigKeys (ConfUtils.java:logGet(43)) - raft.server.log.segment.cache.num.max = 2 (custom)
2019-10-06 14:47:09,574 [pool-599-thread-1] INFO  segmented.SegmentedRaftLogWorker (SegmentedRaftLogWorker.java:<init>(173)) - new 1c73777b-379a-4e58-afe3-e36257195a83@group-FEDDA15FBC29-SegmentedRaftLogWorker for RaftStorage:Storage Directory /workdir/hadoop-ozone/integration-test/target/test-dir/MiniOzoneClusterImpl-a7993c58-b5b1-413b-983e-895559c32200/datanode-1/data/ratis/4aecf71a-c8b6-47d9-a0ab-fedda15fbc29
2019-10-06 14:47:09,574 [pool-599-thread-1] INFO  server.RaftServerConfigKeys (ConfUtils.java:logGet(43)) - raft.server.log.queue.byte-limit = 2147483647 (custom)
2019-10-06 14:47:09,574 [pool-599-thread-1] INFO  server.RaftServerConfigKeys (ConfUtils.java:logGet(43)) - raft.server.log.queue.element-limit = 1024 (custom)
2019-10-06 14:47:09,574 [pool-599-thread-1] INFO  server.RaftServerConfigKeys (ConfUtils.java:logGet(43)) - raft.server.log.segment.size.max = 1048576 (custom)
2019-10-06 14:47:09,574 [pool-599-thread-1] INFO  server.RaftServerConfigKeys (ConfUtils.java:logGet(43)) - raft.server.log.preallocated.size = 16384 (custom)
2019-10-06 14:47:09,574 [pool-599-thread-1] INFO  server.RaftServerConfigKeys (ConfUtils.java:logGet(43)) - raft.server.log.write.buffer.size = 33554432 (custom)
2019-10-06 14:47:09,574 [pool-599-thread-1] INFO  server.RaftServerConfigKeys (ConfUtils.java:logGet(43)) - raft.server.log.force.sync.num = 128 (default)
2019-10-06 14:47:09,574 [pool-599-thread-1] INFO  server.RaftServerConfigKeys (ConfUtils.java:logGet(43)) - raft.server.log.statemachine.data.sync = true (default)
2019-10-06 14:47:09,574 [pool-599-thread-1] INFO  server.RaftServerConfigKeys (ConfUtils.java:logGet(43)) - raft.server.log.statemachine.data.sync.timeout = 10s (default)
2019-10-06 14:47:09,574 [pool-599-thread-1] INFO  server.RaftServerConfigKeys (ConfUtils.java:logGet(43)) - raft.server.log.statemachine.data.sync.timeout.retry = -1 (default)
2019-10-06 14:47:09,575 [pool-599-thread-1] INFO  server.RaftServerConfigKeys (ConfUtils.java:logGet(43)) - raft.server.log.statemachine.data.caching.enabled = true (custom)
2019-10-06 14:47:09,575 [pool-599-thread-1] INFO  segmented.SegmentedRaftLogWorker (SegmentedRaftLogWorker.java:lambda$new$0(128)) - 1c73777b-379a-4e58-afe3-e36257195a83@group-FEDDA15FBC29-SegmentedRaftLogWorker: flushIndex: setUnconditionally 0 -> -1
2019-10-06 14:47:09,575 [pool-599-thread-1] INFO  server.RaftServerConfigKeys (ConfUtils.java:logGet(43)) - raft.server.snapshot.auto.trigger.enabled = true (custom)
2019-10-06 14:47:09,575 [pool-599-thread-1] INFO  server.RaftServerConfigKeys (ConfUtils.java:logGet(43)) - raft.server.snapshot.auto.trigger.threshold = 10000 (custom)
2019-10-06 14:47:09,575 [pool-599-thread-1] INFO  server.RaftServerConfigKeys (ConfUtils.java:logGet(43)) - raft.server.snapshot.retention.file.num = 5 (custom)
2019-10-06 14:47:09,575 [pool-599-thread-1] INFO  server.RaftServerConfigKeys (ConfUtils.java:logGet(43)) - raft.server.retrycache.expirytime = 600000ms (custom)
2019-10-06 14:47:09,576 [pool-599-thread-1] INFO  impl.RaftServerImpl (RaftServerImpl.java:start(181)) - 1c73777b-379a-4e58-afe3-e36257195a83@group-FEDDA15FBC29: start as a follower, conf=-1: [1c73777b-379a-4e58-afe3-e36257195a83:192.168.151.114:37595], old=null
2019-10-06 14:47:09,576 [pool-599-thread-1] INFO  impl.RaftServerImpl (RaftServerImpl.java:setRole(170)) - 1c73777b-379a-4e58-afe3-e36257195a83@group-FEDDA15FBC29: changes role from      null to FOLLOWER at term 0 for startAsFollower
2019-10-06 14:47:09,576 [pool-599-thread-1] INFO  impl.RoleInfo (RoleInfo.java:updateAndGet(143)) - 1c73777b-379a-4e58-afe3-e36257195a83: start FollowerState
2019-10-06 14:47:09,577 [pool-599-thread-1] INFO  util.JmxRegister (JmxRegister.java:tryRegister(44)) - Successfully registered JMX Bean with object name Ratis:service=RaftServer,group=group-FEDDA15FBC29,id=1c73777b-379a-4e58-afe3-e36257195a83
2019-10-06 14:47:09,582 [RatisPipelineUtilsThread] INFO  pipeline.PipelineStateManager (PipelineStateManager.java:addPipeline(56)) - Created pipeline Pipeline[ Id: 4aecf71a-c8b6-47d9-a0ab-fedda15fbc29, Nodes: 1c73777b-379a-4e58-afe3-e36257195a83{ip: 192.168.151.114, host: ozone-build-dev-hxm7v-1976773872, networkLocation: /default-rack, certSerialId: null}, Type:RATIS, Factor:ONE, State:OPEN]
2019-10-06 14:47:09,587 [IPC Server handler 3 on 41906] INFO  net.NetworkTopology (NetworkTopologyImpl.java:add(111)) - Added a new node: /default-rack/19150db3-7c2b-4c29-b1cb-de3372b4b7d7
2019-10-06 14:47:09,587 [IPC Server handler 3 on 41906] INFO  node.SCMNodeManager (SCMNodeManager.java:register(268)) - Registered Data node : 19150db3-7c2b-4c29-b1cb-de3372b4b7d7{ip: 192.168.151.114, host: ozone-build-dev-hxm7v-1976773872, networkLocation: /default-rack, certSerialId: null}
2019-10-06 14:47:09,591 [grpc-default-executor-8] INFO  impl.RaftServerProxy (RaftServerProxy.java:addNew(89)) - 19150db3-7c2b-4c29-b1cb-de3372b4b7d7: addNew group-58A4910EAC73:[19150db3-7c2b-4c29-b1cb-de3372b4b7d7:192.168.151.114:34558] returns group-58A4910EAC73:java.util.concurrent.CompletableFuture@2bef752f[Not completed]
2019-10-06 14:47:09,592 [pool-609-thread-1] INFO  impl.RaftServerImpl (RaftServerImpl.java:<init>(95)) - 19150db3-7c2b-4c29-b1cb-de3372b4b7d7: new RaftServerImpl for group-58A4910EAC73:[19150db3-7c2b-4c29-b1cb-de3372b4b7d7:192.168.151.114:34558] with ContainerStateMachine:uninitialized
2019-10-06 14:47:09,592 [pool-609-thread-1] INFO  server.RaftServerConfigKeys (ConfUtils.java:logGet(43)) - raft.server.rpc.timeout.min = 5s (custom)
2019-10-06 14:47:09,592 [pool-609-thread-1] INFO  server.RaftServerConfigKeys (ConfUtils.java:logGet(43)) - raft.server.rpc.timeout.max = 5200ms (custom)
2019-10-06 14:47:09,592 [pool-609-thread-1] INFO  server.RaftServerConfigKeys (ConfUtils.java:logGet(43)) - raft.server.rpcslowness.timeout = 120s (custom)
2019-10-06 14:47:09,593 [pool-609-thread-1] INFO  server.RaftServerConfigKeys (ConfUtils.java:logGet(43)) - raft.server.sleep.deviation.threshold = 300 (default)
2019-10-06 14:47:09,593 [pool-609-thread-1] INFO  server.RaftServerConfigKeys (ConfUtils.java:logGet(43)) - raft.server.log.appender.install.snapshot.enabled = false (custom)
2019-10-06 14:47:09,593 [pool-609-thread-1] INFO  impl.RaftServerImpl (ServerState.java:<init>(103)) - 19150db3-7c2b-4c29-b1cb-de3372b4b7d7@group-58A4910EAC73: ConfigurationManager, init=-1: [19150db3-7c2b-4c29-b1cb-de3372b4b7d7:192.168.151.114:34558], old=null, confs=<EMPTY_MAP>
2019-10-06 14:47:09,593 [pool-609-thread-1] INFO  server.RaftServerConfigKeys (ConfUtils.java:logGet(43)) - raft.server.storage.dir = [/workdir/hadoop-ozone/integration-test/target/test-dir/MiniOzoneClusterImpl-a7993c58-b5b1-413b-983e-895559c32200/datanode-2/data/ratis] (custom)
2019-10-06 14:47:09,593 [pool-609-thread-1] INFO  server.RaftServerConfigKeys (ConfUtils.java:logGet(43)) - raft.server.log.corruption.policy = EXCEPTION (default)
2019-10-06 14:47:09,593 [pool-609-thread-1] INFO  storage.RaftStorageDirectory (RaftStorageDirectory.java:analyzeStorage(246)) - The storage directory /workdir/hadoop-ozone/integration-test/target/test-dir/MiniOzoneClusterImpl-a7993c58-b5b1-413b-983e-895559c32200/datanode-2/data/ratis/22229073-d569-4a74-87e6-58a4910eac73 does not exist. Creating ...
2019-10-06 14:47:09,606 [pool-609-thread-1] INFO  storage.RaftStorageDirectory (RaftStorageDirectory.java:tryLock(328)) - Lock on /workdir/hadoop-ozone/integration-test/target/test-dir/MiniOzoneClusterImpl-a7993c58-b5b1-413b-983e-895559c32200/datanode-2/data/ratis/22229073-d569-4a74-87e6-58a4910eac73/in_use.lock acquired by nodename 23494@ozone-build-dev-hxm7v-1976773872
2019-10-06 14:47:09,608 [pool-609-thread-1] INFO  storage.RaftStorage (RaftStorage.java:format(84)) - Storage directory /workdir/hadoop-ozone/integration-test/target/test-dir/MiniOzoneClusterImpl-a7993c58-b5b1-413b-983e-895559c32200/datanode-2/data/ratis/22229073-d569-4a74-87e6-58a4910eac73 has been successfully formatted.
2019-10-06 14:47:09,608 [pool-609-thread-1] INFO  ratis.ContainerStateMachine (ContainerStateMachine.java:loadSnapshot(230)) - group-58A4910EAC73: The snapshot info is null. Setting the last applied indexto:(t:0, i:~)
2019-10-06 14:47:09,608 [pool-609-thread-1] INFO  server.RaftServerConfigKeys (ConfUtils.java:logGet(43)) - raft.server.notification.no-leader.timeout = 120s (custom)
2019-10-06 14:47:09,609 [pool-609-thread-1] INFO  server.RaftServerConfigKeys (ConfUtils.java:logGet(43)) - raft.server.log.use.memory = false (default)
2019-10-06 14:47:09,609 [pool-609-thread-1] INFO  server.RaftServerConfigKeys (ConfUtils.java:logGet(43)) - raft.server.log.purge.gap = 1000000 (custom)
2019-10-06 14:47:09,609 [pool-609-thread-1] INFO  server.RaftServerConfigKeys (ConfUtils.java:logGet(43)) - raft.server.log.appender.buffer.byte-limit = 33554432 (custom)
2019-10-06 14:47:09,609 [pool-609-thread-1] INFO  server.RaftServerConfigKeys (ConfUtils.java:logGet(43)) - raft.server.log.segment.size.max = 1048576 (custom)
2019-10-06 14:47:09,610 [pool-609-thread-1] INFO  server.RaftServerConfigKeys (ConfUtils.java:logGet(43)) - raft.server.log.segment.cache.num.max = 2 (custom)
2019-10-06 14:47:09,610 [pool-609-thread-1] INFO  segmented.SegmentedRaftLogWorker (SegmentedRaftLogWorker.java:<init>(173)) - new 19150db3-7c2b-4c29-b1cb-de3372b4b7d7@group-58A4910EAC73-SegmentedRaftLogWorker for RaftStorage:Storage Directory /workdir/hadoop-ozone/integration-test/target/test-dir/MiniOzoneClusterImpl-a7993c58-b5b1-413b-983e-895559c32200/datanode-2/data/ratis/22229073-d569-4a74-87e6-58a4910eac73
2019-10-06 14:47:09,610 [pool-609-thread-1] INFO  server.RaftServerConfigKeys (ConfUtils.java:logGet(43)) - raft.server.log.queue.byte-limit = 2147483647 (custom)
2019-10-06 14:47:09,610 [pool-609-thread-1] INFO  server.RaftServerConfigKeys (ConfUtils.java:logGet(43)) - raft.server.log.queue.element-limit = 1024 (custom)
2019-10-06 14:47:09,610 [pool-609-thread-1] INFO  server.RaftServerConfigKeys (ConfUtils.java:logGet(43)) - raft.server.log.segment.size.max = 1048576 (custom)
2019-10-06 14:47:09,610 [pool-609-thread-1] INFO  server.RaftServerConfigKeys (ConfUtils.java:logGet(43)) - raft.server.log.preallocated.size = 16384 (custom)
2019-10-06 14:47:09,610 [pool-609-thread-1] INFO  server.RaftServerConfigKeys (ConfUtils.java:logGet(43)) - raft.server.log.write.buffer.size = 33554432 (custom)
2019-10-06 14:47:09,610 [pool-609-thread-1] INFO  server.RaftServerConfigKeys (ConfUtils.java:logGet(43)) - raft.server.log.force.sync.num = 128 (default)
2019-10-06 14:47:09,611 [pool-609-thread-1] INFO  server.RaftServerConfigKeys (ConfUtils.java:logGet(43)) - raft.server.log.statemachine.data.sync = true (default)
2019-10-06 14:47:09,611 [pool-609-thread-1] INFO  server.RaftServerConfigKeys (ConfUtils.java:logGet(43)) - raft.server.log.statemachine.data.sync.timeout = 10s (default)
2019-10-06 14:47:09,611 [pool-609-thread-1] INFO  server.RaftServerConfigKeys (ConfUtils.java:logGet(43)) - raft.server.log.statemachine.data.sync.timeout.retry = -1 (default)
2019-10-06 14:47:09,611 [pool-609-thread-1] INFO  server.RaftServerConfigKeys (ConfUtils.java:logGet(43)) - raft.server.log.statemachine.data.caching.enabled = true (custom)
2019-10-06 14:47:09,611 [pool-609-thread-1] INFO  segmented.SegmentedRaftLogWorker (SegmentedRaftLogWorker.java:lambda$new$0(128)) - 19150db3-7c2b-4c29-b1cb-de3372b4b7d7@group-58A4910EAC73-SegmentedRaftLogWorker: flushIndex: setUnconditionally 0 -> -1
2019-10-06 14:47:09,611 [pool-609-thread-1] INFO  server.RaftServerConfigKeys (ConfUtils.java:logGet(43)) - raft.server.snapshot.auto.trigger.enabled = true (custom)
2019-10-06 14:47:09,611 [pool-609-thread-1] INFO  server.RaftServerConfigKeys (ConfUtils.java:logGet(43)) - raft.server.snapshot.auto.trigger.threshold = 10000 (custom)
2019-10-06 14:47:09,611 [pool-609-thread-1] INFO  server.RaftServerConfigKeys (ConfUtils.java:logGet(43)) - raft.server.snapshot.retention.file.num = 5 (custom)
2019-10-06 14:47:09,612 [pool-609-thread-1] INFO  server.RaftServerConfigKeys (ConfUtils.java:logGet(43)) - raft.server.retrycache.expirytime = 600000ms (custom)
2019-10-06 14:47:09,613 [pool-609-thread-1] INFO  impl.RaftServerImpl (RaftServerImpl.java:start(181)) - 19150db3-7c2b-4c29-b1cb-de3372b4b7d7@group-58A4910EAC73: start as a follower, conf=-1: [19150db3-7c2b-4c29-b1cb-de3372b4b7d7:192.168.151.114:34558], old=null
2019-10-06 14:47:09,613 [pool-609-thread-1] INFO  impl.RaftServerImpl (RaftServerImpl.java:setRole(170)) - 19150db3-7c2b-4c29-b1cb-de3372b4b7d7@group-58A4910EAC73: changes role from      null to FOLLOWER at term 0 for startAsFollower
2019-10-06 14:47:09,613 [pool-609-thread-1] INFO  impl.RoleInfo (RoleInfo.java:updateAndGet(143)) - 19150db3-7c2b-4c29-b1cb-de3372b4b7d7: start FollowerState
2019-10-06 14:47:09,613 [pool-609-thread-1] INFO  util.JmxRegister (JmxRegister.java:tryRegister(44)) - Successfully registered JMX Bean with object name Ratis:service=RaftServer,group=group-58A4910EAC73,id=19150db3-7c2b-4c29-b1cb-de3372b4b7d7
2019-10-06 14:47:09,615 [RatisPipelineUtilsThread] INFO  pipeline.PipelineStateManager (PipelineStateManager.java:addPipeline(56)) - Created pipeline Pipeline[ Id: 22229073-d569-4a74-87e6-58a4910eac73, Nodes: 19150db3-7c2b-4c29-b1cb-de3372b4b7d7{ip: 192.168.151.114, host: ozone-build-dev-hxm7v-1976773872, networkLocation: /default-rack, certSerialId: null}, Type:RATIS, Factor:ONE, State:OPEN]
2019-10-06 14:47:09,623 [grpc-default-executor-6] INFO  impl.RaftServerProxy (RaftServerProxy.java:addNew(89)) - 1c73777b-379a-4e58-afe3-e36257195a83: addNew group-7304E6CF6906:[1c73777b-379a-4e58-afe3-e36257195a83:192.168.151.114:37595, 19150db3-7c2b-4c29-b1cb-de3372b4b7d7:192.168.151.114:34558, bdbf3c7d-7ab8-45d0-a00e-9a90afbb196e:192.168.151.114:40384] returns group-7304E6CF6906:java.util.concurrent.CompletableFuture@56805fb9[Not completed]
2019-10-06 14:47:09,623 [grpc-default-executor-8] INFO  impl.RaftServerProxy (RaftServerProxy.java:addNew(89)) - bdbf3c7d-7ab8-45d0-a00e-9a90afbb196e: addNew group-7304E6CF6906:[1c73777b-379a-4e58-afe3-e36257195a83:192.168.151.114:37595, 19150db3-7c2b-4c29-b1cb-de3372b4b7d7:192.168.151.114:34558, bdbf3c7d-7ab8-45d0-a00e-9a90afbb196e:192.168.151.114:40384] returns group-7304E6CF6906:java.util.concurrent.CompletableFuture@58a02f63[Not completed]
2019-10-06 14:47:09,624 [grpc-default-executor-8] INFO  impl.RaftServerProxy (RaftServerProxy.java:addNew(89)) - 19150db3-7c2b-4c29-b1cb-de3372b4b7d7: addNew group-7304E6CF6906:[1c73777b-379a-4e58-afe3-e36257195a83:192.168.151.114:37595, 19150db3-7c2b-4c29-b1cb-de3372b4b7d7:192.168.151.114:34558, bdbf3c7d-7ab8-45d0-a00e-9a90afbb196e:192.168.151.114:40384] returns group-7304E6CF6906:java.util.concurrent.CompletableFuture@52efbe91[Not completed]
2019-10-06 14:47:09,624 [pool-599-thread-1] INFO  impl.RaftServerImpl (RaftServerImpl.java:<init>(95)) - 1c73777b-379a-4e58-afe3-e36257195a83: new RaftServerImpl for group-7304E6CF6906:[1c73777b-379a-4e58-afe3-e36257195a83:192.168.151.114:37595, 19150db3-7c2b-4c29-b1cb-de3372b4b7d7:192.168.151.114:34558, bdbf3c7d-7ab8-45d0-a00e-9a90afbb196e:192.168.151.114:40384] with ContainerStateMachine:uninitialized
2019-10-06 14:47:09,624 [pool-599-thread-1] INFO  server.RaftServerConfigKeys (ConfUtils.java:logGet(43)) - raft.server.rpc.timeout.min = 5s (custom)
2019-10-06 14:47:09,624 [pool-599-thread-1] INFO  server.RaftServerConfigKeys (ConfUtils.java:logGet(43)) - raft.server.rpc.timeout.max = 5200ms (custom)
2019-10-06 14:47:09,624 [pool-599-thread-1] INFO  server.RaftServerConfigKeys (ConfUtils.java:logGet(43)) - raft.server.rpcslowness.timeout = 120s (custom)
2019-10-06 14:47:09,624 [pool-599-thread-1] INFO  server.RaftServerConfigKeys (ConfUtils.java:logGet(43)) - raft.server.sleep.deviation.threshold = 300 (default)
2019-10-06 14:47:09,624 [pool-599-thread-1] INFO  server.RaftServerConfigKeys (ConfUtils.java:logGet(43)) - raft.server.log.appender.install.snapshot.enabled = false (custom)
2019-10-06 14:47:09,624 [pool-589-thread-1] INFO  impl.RaftServerImpl (RaftServerImpl.java:<init>(95)) - bdbf3c7d-7ab8-45d0-a00e-9a90afbb196e: new RaftServerImpl for group-7304E6CF6906:[1c73777b-379a-4e58-afe3-e36257195a83:192.168.151.114:37595, 19150db3-7c2b-4c29-b1cb-de3372b4b7d7:192.168.151.114:34558, bdbf3c7d-7ab8-45d0-a00e-9a90afbb196e:192.168.151.114:40384] with ContainerStateMachine:uninitialized
2019-10-06 14:47:09,624 [pool-599-thread-1] INFO  impl.RaftServerImpl (ServerState.java:<init>(103)) - 1c73777b-379a-4e58-afe3-e36257195a83@group-7304E6CF6906: ConfigurationManager, init=-1: [1c73777b-379a-4e58-afe3-e36257195a83:192.168.151.114:37595, 19150db3-7c2b-4c29-b1cb-de3372b4b7d7:192.168.151.114:34558, bdbf3c7d-7ab8-45d0-a00e-9a90afbb196e:192.168.151.114:40384], old=null, confs=<EMPTY_MAP>
2019-10-06 14:47:09,624 [pool-589-thread-1] INFO  server.RaftServerConfigKeys (ConfUtils.java:logGet(43)) - raft.server.rpc.timeout.min = 5s (custom)
2019-10-06 14:47:09,624 [pool-599-thread-1] INFO  server.RaftServerConfigKeys (ConfUtils.java:logGet(43)) - raft.server.storage.dir = [/workdir/hadoop-ozone/integration-test/target/test-dir/MiniOzoneClusterImpl-a7993c58-b5b1-413b-983e-895559c32200/datanode-1/data/ratis] (custom)
2019-10-06 14:47:09,624 [pool-609-thread-1] INFO  impl.RaftServerImpl (RaftServerImpl.java:<init>(95)) - 19150db3-7c2b-4c29-b1cb-de3372b4b7d7: new RaftServerImpl for group-7304E6CF6906:[1c73777b-379a-4e58-afe3-e36257195a83:192.168.151.114:37595, 19150db3-7c2b-4c29-b1cb-de3372b4b7d7:192.168.151.114:34558, bdbf3c7d-7ab8-45d0-a00e-9a90afbb196e:192.168.151.114:40384] with ContainerStateMachine:uninitialized
2019-10-06 14:47:09,624 [pool-589-thread-1] INFO  server.RaftServerConfigKeys (ConfUtils.java:logGet(43)) - raft.server.rpc.timeout.max = 5200ms (custom)
2019-10-06 14:47:09,625 [pool-599-thread-1] INFO  server.RaftServerConfigKeys (ConfUtils.java:logGet(43)) - raft.server.log.corruption.policy = EXCEPTION (default)
2019-10-06 14:47:09,625 [pool-609-thread-1] INFO  server.RaftServerConfigKeys (ConfUtils.java:logGet(43)) - raft.server.rpc.timeout.min = 5s (custom)
2019-10-06 14:47:09,625 [pool-589-thread-1] INFO  server.RaftServerConfigKeys (ConfUtils.java:logGet(43)) - raft.server.rpcslowness.timeout = 120s (custom)
2019-10-06 14:47:09,625 [pool-599-thread-1] INFO  storage.RaftStorageDirectory (RaftStorageDirectory.java:analyzeStorage(246)) - The storage directory /workdir/hadoop-ozone/integration-test/target/test-dir/MiniOzoneClusterImpl-a7993c58-b5b1-413b-983e-895559c32200/datanode-1/data/ratis/25f58045-b707-4894-b185-7304e6cf6906 does not exist. Creating ...
2019-10-06 14:47:09,625 [pool-609-thread-1] INFO  server.RaftServerConfigKeys (ConfUtils.java:logGet(43)) - raft.server.rpc.timeout.max = 5200ms (custom)
2019-10-06 14:47:09,625 [pool-589-thread-1] INFO  server.RaftServerConfigKeys (ConfUtils.java:logGet(43)) - raft.server.sleep.deviation.threshold = 300 (default)
2019-10-06 14:47:09,625 [pool-609-thread-1] INFO  server.RaftServerConfigKeys (ConfUtils.java:logGet(43)) - raft.server.rpcslowness.timeout = 120s (custom)
2019-10-06 14:47:09,625 [pool-589-thread-1] INFO  server.RaftServerConfigKeys (ConfUtils.java:logGet(43)) - raft.server.log.appender.install.snapshot.enabled = false (custom)
2019-10-06 14:47:09,625 [pool-609-thread-1] INFO  server.RaftServerConfigKeys (ConfUtils.java:logGet(43)) - raft.server.sleep.deviation.threshold = 300 (default)
2019-10-06 14:47:09,626 [pool-589-thread-1] INFO  impl.RaftServerImpl (ServerState.java:<init>(103)) - bdbf3c7d-7ab8-45d0-a00e-9a90afbb196e@group-7304E6CF6906: ConfigurationManager, init=-1: [1c73777b-379a-4e58-afe3-e36257195a83:192.168.151.114:37595, 19150db3-7c2b-4c29-b1cb-de3372b4b7d7:192.168.151.114:34558, bdbf3c7d-7ab8-45d0-a00e-9a90afbb196e:192.168.151.114:40384], old=null, confs=<EMPTY_MAP>
2019-10-06 14:47:09,626 [pool-609-thread-1] INFO  server.RaftServerConfigKeys (ConfUtils.java:logGet(43)) - raft.server.log.appender.install.snapshot.enabled = false (custom)
2019-10-06 14:47:09,626 [pool-589-thread-1] INFO  server.RaftServerConfigKeys (ConfUtils.java:logGet(43)) - raft.server.storage.dir = [/workdir/hadoop-ozone/integration-test/target/test-dir/MiniOzoneClusterImpl-a7993c58-b5b1-413b-983e-895559c32200/datanode-0/data/ratis] (custom)
2019-10-06 14:47:09,626 [pool-609-thread-1] INFO  impl.RaftServerImpl (ServerState.java:<init>(103)) - 19150db3-7c2b-4c29-b1cb-de3372b4b7d7@group-7304E6CF6906: ConfigurationManager, init=-1: [1c73777b-379a-4e58-afe3-e36257195a83:192.168.151.114:37595, 19150db3-7c2b-4c29-b1cb-de3372b4b7d7:192.168.151.114:34558, bdbf3c7d-7ab8-45d0-a00e-9a90afbb196e:192.168.151.114:40384], old=null, confs=<EMPTY_MAP>
2019-10-06 14:47:09,626 [pool-609-thread-1] INFO  server.RaftServerConfigKeys (ConfUtils.java:logGet(43)) - raft.server.storage.dir = [/workdir/hadoop-ozone/integration-test/target/test-dir/MiniOzoneClusterImpl-a7993c58-b5b1-413b-983e-895559c32200/datanode-2/data/ratis] (custom)
2019-10-06 14:47:09,626 [pool-589-thread-1] INFO  server.RaftServerConfigKeys (ConfUtils.java:logGet(43)) - raft.server.log.corruption.policy = EXCEPTION (default)
2019-10-06 14:47:09,626 [pool-609-thread-1] INFO  server.RaftServerConfigKeys (ConfUtils.java:logGet(43)) - raft.server.log.corruption.policy = EXCEPTION (default)
2019-10-06 14:47:09,626 [pool-589-thread-1] INFO  storage.RaftStorageDirectory (RaftStorageDirectory.java:analyzeStorage(246)) - The storage directory /workdir/hadoop-ozone/integration-test/target/test-dir/MiniOzoneClusterImpl-a7993c58-b5b1-413b-983e-895559c32200/datanode-0/data/ratis/25f58045-b707-4894-b185-7304e6cf6906 does not exist. Creating ...
2019-10-06 14:47:09,626 [pool-609-thread-1] INFO  storage.RaftStorageDirectory (RaftStorageDirectory.java:analyzeStorage(246)) - The storage directory /workdir/hadoop-ozone/integration-test/target/test-dir/MiniOzoneClusterImpl-a7993c58-b5b1-413b-983e-895559c32200/datanode-2/data/ratis/25f58045-b707-4894-b185-7304e6cf6906 does not exist. Creating ...
2019-10-06 14:47:09,639 [pool-589-thread-1] INFO  storage.RaftStorageDirectory (RaftStorageDirectory.java:tryLock(328)) - Lock on /workdir/hadoop-ozone/integration-test/target/test-dir/MiniOzoneClusterImpl-a7993c58-b5b1-413b-983e-895559c32200/datanode-0/data/ratis/25f58045-b707-4894-b185-7304e6cf6906/in_use.lock acquired by nodename 23494@ozone-build-dev-hxm7v-1976773872
2019-10-06 14:47:09,639 [pool-599-thread-1] INFO  storage.RaftStorageDirectory (RaftStorageDirectory.java:tryLock(328)) - Lock on /workdir/hadoop-ozone/integration-test/target/test-dir/MiniOzoneClusterImpl-a7993c58-b5b1-413b-983e-895559c32200/datanode-1/data/ratis/25f58045-b707-4894-b185-7304e6cf6906/in_use.lock acquired by nodename 23494@ozone-build-dev-hxm7v-1976773872
2019-10-06 14:47:09,639 [pool-609-thread-1] INFO  storage.RaftStorageDirectory (RaftStorageDirectory.java:tryLock(328)) - Lock on /workdir/hadoop-ozone/integration-test/target/test-dir/MiniOzoneClusterImpl-a7993c58-b5b1-413b-983e-895559c32200/datanode-2/data/ratis/25f58045-b707-4894-b185-7304e6cf6906/in_use.lock acquired by nodename 23494@ozone-build-dev-hxm7v-1976773872
2019-10-06 14:47:09,650 [IPC Server handler 5 on 41906] INFO  net.NetworkTopology (NetworkTopologyImpl.java:add(111)) - Added a new node: /default-rack/b6b70025-229b-4dd1-ae93-bca2d1b64bcf
2019-10-06 14:47:09,650 [IPC Server handler 5 on 41906] INFO  node.SCMNodeManager (SCMNodeManager.java:register(268)) - Registered Data node : b6b70025-229b-4dd1-ae93-bca2d1b64bcf{ip: 192.168.151.114, host: ozone-build-dev-hxm7v-1976773872, networkLocation: /default-rack, certSerialId: null}
2019-10-06 14:47:09,652 [pool-589-thread-1] INFO  storage.RaftStorage (RaftStorage.java:format(84)) - Storage directory /workdir/hadoop-ozone/integration-test/target/test-dir/MiniOzoneClusterImpl-a7993c58-b5b1-413b-983e-895559c32200/datanode-0/data/ratis/25f58045-b707-4894-b185-7304e6cf6906 has been successfully formatted.
2019-10-06 14:47:09,652 [pool-599-thread-1] INFO  storage.RaftStorage (RaftStorage.java:format(84)) - Storage directory /workdir/hadoop-ozone/integration-test/target/test-dir/MiniOzoneClusterImpl-a7993c58-b5b1-413b-983e-895559c32200/datanode-1/data/ratis/25f58045-b707-4894-b185-7304e6cf6906 has been successfully formatted.
2019-10-06 14:47:09,652 [pool-609-thread-1] INFO  storage.RaftStorage (RaftStorage.java:format(84)) - Storage directory /workdir/hadoop-ozone/integration-test/target/test-dir/MiniOzoneClusterImpl-a7993c58-b5b1-413b-983e-895559c32200/datanode-2/data/ratis/25f58045-b707-4894-b185-7304e6cf6906 has been successfully formatted.
2019-10-06 14:47:09,652 [pool-589-thread-1] INFO  ratis.ContainerStateMachine (ContainerStateMachine.java:loadSnapshot(230)) - group-7304E6CF6906: The snapshot info is null. Setting the last applied indexto:(t:0, i:~)
2019-10-06 14:47:09,652 [pool-609-thread-1] INFO  ratis.ContainerStateMachine (ContainerStateMachine.java:loadSnapshot(230)) - group-7304E6CF6906: The snapshot info is null. Setting the last applied indexto:(t:0, i:~)
2019-10-06 14:47:09,652 [pool-599-thread-1] INFO  ratis.ContainerStateMachine (ContainerStateMachine.java:loadSnapshot(230)) - group-7304E6CF6906: The snapshot info is null. Setting the last applied indexto:(t:0, i:~)
2019-10-06 14:47:09,653 [pool-609-thread-1] INFO  server.RaftServerConfigKeys (ConfUtils.java:logGet(43)) - raft.server.notification.no-leader.timeout = 120s (custom)
2019-10-06 14:47:09,652 [pool-589-thread-1] INFO  server.RaftServerConfigKeys (ConfUtils.java:logGet(43)) - raft.server.notification.no-leader.timeout = 120s (custom)
2019-10-06 14:47:09,653 [pool-609-thread-1] INFO  server.RaftServerConfigKeys (ConfUtils.java:logGet(43)) - raft.server.log.use.memory = false (default)
2019-10-06 14:47:09,653 [pool-599-thread-1] INFO  server.RaftServerConfigKeys (ConfUtils.java:logGet(43)) - raft.server.notification.no-leader.timeout = 120s (custom)
2019-10-06 14:47:09,653 [pool-609-thread-1] INFO  server.RaftServerConfigKeys (ConfUtils.java:logGet(43)) - raft.server.log.purge.gap = 1000000 (custom)
2019-10-06 14:47:09,653 [pool-589-thread-1] INFO  server.RaftServerConfigKeys (ConfUtils.java:logGet(43)) - raft.server.log.use.memory = false (default)
2019-10-06 14:47:09,653 [pool-609-thread-1] INFO  server.RaftServerConfigKeys (ConfUtils.java:logGet(43)) - raft.server.log.appender.buffer.byte-limit = 33554432 (custom)
2019-10-06 14:47:09,653 [pool-599-thread-1] INFO  server.RaftServerConfigKeys (ConfUtils.java:logGet(43)) - raft.server.log.use.memory = false (default)
2019-10-06 14:47:09,653 [pool-589-thread-1] INFO  server.RaftServerConfigKeys (ConfUtils.java:logGet(43)) - raft.server.log.purge.gap = 1000000 (custom)
2019-10-06 14:47:09,654 [pool-599-thread-1] INFO  server.RaftServerConfigKeys (ConfUtils.java:logGet(43)) - raft.server.log.purge.gap = 1000000 (custom)
2019-10-06 14:47:09,653 [pool-609-thread-1] INFO  server.RaftServerConfigKeys (ConfUtils.java:logGet(43)) - raft.server.log.segment.size.max = 1048576 (custom)
2019-10-06 14:47:09,654 [pool-599-thread-1] INFO  server.RaftServerConfigKeys (ConfUtils.java:logGet(43)) - raft.server.log.appender.buffer.byte-limit = 33554432 (custom)
2019-10-06 14:47:09,654 [pool-589-thread-1] INFO  server.RaftServerConfigKeys (ConfUtils.java:logGet(43)) - raft.server.log.appender.buffer.byte-limit = 33554432 (custom)
2019-10-06 14:47:09,654 [pool-599-thread-1] INFO  server.RaftServerConfigKeys (ConfUtils.java:logGet(43)) - raft.server.log.segment.size.max = 1048576 (custom)
2019-10-06 14:47:09,654 [pool-609-thread-1] INFO  server.RaftServerConfigKeys (ConfUtils.java:logGet(43)) - raft.server.log.segment.cache.num.max = 2 (custom)
2019-10-06 14:47:09,654 [pool-599-thread-1] INFO  server.RaftServerConfigKeys (ConfUtils.java:logGet(43)) - raft.server.log.segment.cache.num.max = 2 (custom)
2019-10-06 14:47:09,654 [pool-589-thread-1] INFO  server.RaftServerConfigKeys (ConfUtils.java:logGet(43)) - raft.server.log.segment.size.max = 1048576 (custom)
2019-10-06 14:47:09,654 [pool-599-thread-1] INFO  segmented.SegmentedRaftLogWorker (SegmentedRaftLogWorker.java:<init>(173)) - new 1c73777b-379a-4e58-afe3-e36257195a83@group-7304E6CF6906-SegmentedRaftLogWorker for RaftStorage:Storage Directory /workdir/hadoop-ozone/integration-test/target/test-dir/MiniOzoneClusterImpl-a7993c58-b5b1-413b-983e-895559c32200/datanode-1/data/ratis/25f58045-b707-4894-b185-7304e6cf6906
2019-10-06 14:47:09,654 [pool-609-thread-1] INFO  segmented.SegmentedRaftLogWorker (SegmentedRaftLogWorker.java:<init>(173)) - new 19150db3-7c2b-4c29-b1cb-de3372b4b7d7@group-7304E6CF6906-SegmentedRaftLogWorker for RaftStorage:Storage Directory /workdir/hadoop-ozone/integration-test/target/test-dir/MiniOzoneClusterImpl-a7993c58-b5b1-413b-983e-895559c32200/datanode-2/data/ratis/25f58045-b707-4894-b185-7304e6cf6906
2019-10-06 14:47:09,655 [pool-599-thread-1] INFO  server.RaftServerConfigKeys (ConfUtils.java:logGet(43)) - raft.server.log.queue.byte-limit = 2147483647 (custom)
2019-10-06 14:47:09,655 [pool-589-thread-1] INFO  server.RaftServerConfigKeys (ConfUtils.java:logGet(43)) - raft.server.log.segment.cache.num.max = 2 (custom)
2019-10-06 14:47:09,655 [pool-599-thread-1] INFO  server.RaftServerConfigKeys (ConfUtils.java:logGet(43)) - raft.server.log.queue.element-limit = 1024 (custom)
2019-10-06 14:47:09,655 [pool-609-thread-1] INFO  server.RaftServerConfigKeys (ConfUtils.java:logGet(43)) - raft.server.log.queue.byte-limit = 2147483647 (custom)
2019-10-06 14:47:09,655 [pool-599-thread-1] INFO  server.RaftServerConfigKeys (ConfUtils.java:logGet(43)) - raft.server.log.segment.size.max = 1048576 (custom)
2019-10-06 14:47:09,655 [pool-589-thread-1] INFO  segmented.SegmentedRaftLogWorker (SegmentedRaftLogWorker.java:<init>(173)) - new bdbf3c7d-7ab8-45d0-a00e-9a90afbb196e@group-7304E6CF6906-SegmentedRaftLogWorker for RaftStorage:Storage Directory /workdir/hadoop-ozone/integration-test/target/test-dir/MiniOzoneClusterImpl-a7993c58-b5b1-413b-983e-895559c32200/datanode-0/data/ratis/25f58045-b707-4894-b185-7304e6cf6906
2019-10-06 14:47:09,655 [pool-599-thread-1] INFO  server.RaftServerConfigKeys (ConfUtils.java:logGet(43)) - raft.server.log.preallocated.size = 16384 (custom)
2019-10-06 14:47:09,655 [pool-609-thread-1] INFO  server.RaftServerConfigKeys (ConfUtils.java:logGet(43)) - raft.server.log.queue.element-limit = 1024 (custom)
2019-10-06 14:47:09,656 [pool-599-thread-1] INFO  server.RaftServerConfigKeys (ConfUtils.java:logGet(43)) - raft.server.log.write.buffer.size = 33554432 (custom)
2019-10-06 14:47:09,655 [pool-589-thread-1] INFO  server.RaftServerConfigKeys (ConfUtils.java:logGet(43)) - raft.server.log.queue.byte-limit = 2147483647 (custom)
2019-10-06 14:47:09,656 [pool-599-thread-1] INFO  server.RaftServerConfigKeys (ConfUtils.java:logGet(43)) - raft.server.log.force.sync.num = 128 (default)
2019-10-06 14:47:09,656 [pool-609-thread-1] INFO  server.RaftServerConfigKeys (ConfUtils.java:logGet(43)) - raft.server.log.segment.size.max = 1048576 (custom)
2019-10-06 14:47:09,656 [pool-599-thread-1] INFO  server.RaftServerConfigKeys (ConfUtils.java:logGet(43)) - raft.server.log.statemachine.data.sync = true (default)
2019-10-06 14:47:09,656 [pool-589-thread-1] INFO  server.RaftServerConfigKeys (ConfUtils.java:logGet(43)) - raft.server.log.queue.element-limit = 1024 (custom)
2019-10-06 14:47:09,656 [pool-599-thread-1] INFO  server.RaftServerConfigKeys (ConfUtils.java:logGet(43)) - raft.server.log.statemachine.data.sync.timeout = 10s (default)
2019-10-06 14:47:09,656 [pool-609-thread-1] INFO  server.RaftServerConfigKeys (ConfUtils.java:logGet(43)) - raft.server.log.preallocated.size = 16384 (custom)
2019-10-06 14:47:09,657 [pool-609-thread-1] INFO  server.RaftServerConfigKeys (ConfUtils.java:logGet(43)) - raft.server.log.write.buffer.size = 33554432 (custom)
2019-10-06 14:47:09,657 [pool-599-thread-1] INFO  server.RaftServerConfigKeys (ConfUtils.java:logGet(43)) - raft.server.log.statemachine.data.sync.timeout.retry = -1 (default)
2019-10-06 14:47:09,656 [pool-589-thread-1] INFO  server.RaftServerConfigKeys (ConfUtils.java:logGet(43)) - raft.server.log.segment.size.max = 1048576 (custom)
2019-10-06 14:47:09,657 [pool-599-thread-1] INFO  server.RaftServerConfigKeys (ConfUtils.java:logGet(43)) - raft.server.log.statemachine.data.caching.enabled = true (custom)
2019-10-06 14:47:09,657 [pool-609-thread-1] INFO  server.RaftServerConfigKeys (ConfUtils.java:logGet(43)) - raft.server.log.force.sync.num = 128 (default)
2019-10-06 14:47:09,657 [pool-589-thread-1] INFO  server.RaftServerConfigKeys (ConfUtils.java:logGet(43)) - raft.server.log.preallocated.size = 16384 (custom)
2019-10-06 14:47:09,657 [pool-599-thread-1] INFO  segmented.SegmentedRaftLogWorker (SegmentedRaftLogWorker.java:lambda$new$0(128)) - 1c73777b-379a-4e58-afe3-e36257195a83@group-7304E6CF6906-SegmentedRaftLogWorker: flushIndex: setUnconditionally 0 -> -1
2019-10-06 14:47:09,657 [pool-609-thread-1] INFO  server.RaftServerConfigKeys (ConfUtils.java:logGet(43)) - raft.server.log.statemachine.data.sync = true (default)
2019-10-06 14:47:09,657 [pool-589-thread-1] INFO  server.RaftServerConfigKeys (ConfUtils.java:logGet(43)) - raft.server.log.write.buffer.size = 33554432 (custom)
2019-10-06 14:47:09,658 [pool-599-thread-1] INFO  server.RaftServerConfigKeys (ConfUtils.java:logGet(43)) - raft.server.snapshot.auto.trigger.enabled = true (custom)
2019-10-06 14:47:09,658 [pool-609-thread-1] INFO  server.RaftServerConfigKeys (ConfUtils.java:logGet(43)) - raft.server.log.statemachine.data.sync.timeout = 10s (default)
2019-10-06 14:47:09,658 [pool-599-thread-1] INFO  server.RaftServerConfigKeys (ConfUtils.java:logGet(43)) - raft.server.snapshot.auto.trigger.threshold = 10000 (custom)
2019-10-06 14:47:09,658 [pool-589-thread-1] INFO  server.RaftServerConfigKeys (ConfUtils.java:logGet(43)) - raft.server.log.force.sync.num = 128 (default)
2019-10-06 14:47:09,658 [pool-599-thread-1] INFO  server.RaftServerConfigKeys (ConfUtils.java:logGet(43)) - raft.server.snapshot.retention.file.num = 5 (custom)
2019-10-06 14:47:09,658 [pool-609-thread-1] INFO  server.RaftServerConfigKeys (ConfUtils.java:logGet(43)) - raft.server.log.statemachine.data.sync.timeout.retry = -1 (default)
2019-10-06 14:47:09,658 [pool-599-thread-1] INFO  server.RaftServerConfigKeys (ConfUtils.java:logGet(43)) - raft.server.retrycache.expirytime = 600000ms (custom)
2019-10-06 14:47:09,658 [pool-589-thread-1] INFO  server.RaftServerConfigKeys (ConfUtils.java:logGet(43)) - raft.server.log.statemachine.data.sync = true (default)
2019-10-06 14:47:09,658 [pool-609-thread-1] INFO  server.RaftServerConfigKeys (ConfUtils.java:logGet(43)) - raft.server.log.statemachine.data.caching.enabled = true (custom)
2019-10-06 14:47:09,659 [pool-589-thread-1] INFO  server.RaftServerConfigKeys (ConfUtils.java:logGet(43)) - raft.server.log.statemachine.data.sync.timeout = 10s (default)
2019-10-06 14:47:09,659 [pool-589-thread-1] INFO  server.RaftServerConfigKeys (ConfUtils.java:logGet(43)) - raft.server.log.statemachine.data.sync.timeout.retry = -1 (default)
2019-10-06 14:47:09,659 [pool-609-thread-1] INFO  segmented.SegmentedRaftLogWorker (SegmentedRaftLogWorker.java:lambda$new$0(128)) - 19150db3-7c2b-4c29-b1cb-de3372b4b7d7@group-7304E6CF6906-SegmentedRaftLogWorker: flushIndex: setUnconditionally 0 -> -1
2019-10-06 14:47:09,659 [pool-609-thread-1] INFO  server.RaftServerConfigKeys (ConfUtils.java:logGet(43)) - raft.server.snapshot.auto.trigger.enabled = true (custom)
2019-10-06 14:47:09,659 [pool-589-thread-1] INFO  server.RaftServerConfigKeys (ConfUtils.java:logGet(43)) - raft.server.log.statemachine.data.caching.enabled = true (custom)
2019-10-06 14:47:09,659 [pool-609-thread-1] INFO  server.RaftServerConfigKeys (ConfUtils.java:logGet(43)) - raft.server.snapshot.auto.trigger.threshold = 10000 (custom)
2019-10-06 14:47:09,659 [pool-589-thread-1] INFO  segmented.SegmentedRaftLogWorker (SegmentedRaftLogWorker.java:lambda$new$0(128)) - bdbf3c7d-7ab8-45d0-a00e-9a90afbb196e@group-7304E6CF6906-SegmentedRaftLogWorker: flushIndex: setUnconditionally 0 -> -1
2019-10-06 14:47:09,659 [pool-609-thread-1] INFO  server.RaftServerConfigKeys (ConfUtils.java:logGet(43)) - raft.server.snapshot.retention.file.num = 5 (custom)
2019-10-06 14:47:09,660 [pool-589-thread-1] INFO  server.RaftServerConfigKeys (ConfUtils.java:logGet(43)) - raft.server.snapshot.auto.trigger.enabled = true (custom)
2019-10-06 14:47:09,660 [pool-609-thread-1] INFO  server.RaftServerConfigKeys (ConfUtils.java:logGet(43)) - raft.server.retrycache.expirytime = 600000ms (custom)
2019-10-06 14:47:09,660 [pool-589-thread-1] INFO  server.RaftServerConfigKeys (ConfUtils.java:logGet(43)) - raft.server.snapshot.auto.trigger.threshold = 10000 (custom)
2019-10-06 14:47:09,660 [pool-589-thread-1] INFO  server.RaftServerConfigKeys (ConfUtils.java:logGet(43)) - raft.server.snapshot.retention.file.num = 5 (custom)
2019-10-06 14:47:09,660 [pool-589-thread-1] INFO  server.RaftServerConfigKeys (ConfUtils.java:logGet(43)) - raft.server.retrycache.expirytime = 600000ms (custom)
2019-10-06 14:47:09,660 [pool-599-thread-1] INFO  impl.RaftServerImpl (RaftServerImpl.java:start(181)) - 1c73777b-379a-4e58-afe3-e36257195a83@group-7304E6CF6906: start as a follower, conf=-1: [1c73777b-379a-4e58-afe3-e36257195a83:192.168.151.114:37595, 19150db3-7c2b-4c29-b1cb-de3372b4b7d7:192.168.151.114:34558, bdbf3c7d-7ab8-45d0-a00e-9a90afbb196e:192.168.151.114:40384], old=null
2019-10-06 14:47:09,660 [pool-599-thread-1] INFO  impl.RaftServerImpl (RaftServerImpl.java:setRole(170)) - 1c73777b-379a-4e58-afe3-e36257195a83@group-7304E6CF6906: changes role from      null to FOLLOWER at term 0 for startAsFollower
2019-10-06 14:47:09,660 [pool-599-thread-1] INFO  impl.RoleInfo (RoleInfo.java:updateAndGet(143)) - 1c73777b-379a-4e58-afe3-e36257195a83: start FollowerState
2019-10-06 14:47:09,661 [pool-599-thread-1] INFO  util.JmxRegister (JmxRegister.java:tryRegister(44)) - Successfully registered JMX Bean with object name Ratis:service=RaftServer,group=group-7304E6CF6906,id=1c73777b-379a-4e58-afe3-e36257195a83
2019-10-06 14:47:09,662 [pool-609-thread-1] INFO  impl.RaftServerImpl (RaftServerImpl.java:start(181)) - 19150db3-7c2b-4c29-b1cb-de3372b4b7d7@group-7304E6CF6906: start as a follower, conf=-1: [1c73777b-379a-4e58-afe3-e36257195a83:192.168.151.114:37595, 19150db3-7c2b-4c29-b1cb-de3372b4b7d7:192.168.151.114:34558, bdbf3c7d-7ab8-45d0-a00e-9a90afbb196e:192.168.151.114:40384], old=null
2019-10-06 14:47:09,663 [pool-609-thread-1] INFO  impl.RaftServerImpl (RaftServerImpl.java:setRole(170)) - 19150db3-7c2b-4c29-b1cb-de3372b4b7d7@group-7304E6CF6906: changes role from      null to FOLLOWER at term 0 for startAsFollower
2019-10-06 14:47:09,663 [pool-609-thread-1] INFO  impl.RoleInfo (RoleInfo.java:updateAndGet(143)) - 19150db3-7c2b-4c29-b1cb-de3372b4b7d7: start FollowerState
2019-10-06 14:47:09,663 [pool-589-thread-1] INFO  impl.RaftServerImpl (RaftServerImpl.java:start(181)) - bdbf3c7d-7ab8-45d0-a00e-9a90afbb196e@group-7304E6CF6906: start as a follower, conf=-1: [1c73777b-379a-4e58-afe3-e36257195a83:192.168.151.114:37595, 19150db3-7c2b-4c29-b1cb-de3372b4b7d7:192.168.151.114:34558, bdbf3c7d-7ab8-45d0-a00e-9a90afbb196e:192.168.151.114:40384], old=null
2019-10-06 14:47:09,663 [pool-589-thread-1] INFO  impl.RaftServerImpl (RaftServerImpl.java:setRole(170)) - bdbf3c7d-7ab8-45d0-a00e-9a90afbb196e@group-7304E6CF6906: changes role from      null to FOLLOWER at term 0 for startAsFollower
2019-10-06 14:47:09,663 [pool-589-thread-1] INFO  impl.RoleInfo (RoleInfo.java:updateAndGet(143)) - bdbf3c7d-7ab8-45d0-a00e-9a90afbb196e: start FollowerState
2019-10-06 14:47:09,663 [pool-609-thread-1] INFO  util.JmxRegister (JmxRegister.java:tryRegister(44)) - Successfully registered JMX Bean with object name Ratis:service=RaftServer,group=group-7304E6CF6906,id=19150db3-7c2b-4c29-b1cb-de3372b4b7d7
2019-10-06 14:47:09,663 [pool-589-thread-1] INFO  util.JmxRegister (JmxRegister.java:tryRegister(44)) - Successfully registered JMX Bean with object name Ratis:service=RaftServer,group=group-7304E6CF6906,id=bdbf3c7d-7ab8-45d0-a00e-9a90afbb196e
2019-10-06 14:47:09,668 [RatisPipelineUtilsThread] INFO  pipeline.PipelineStateManager (PipelineStateManager.java:addPipeline(56)) - Created pipeline Pipeline[ Id: 25f58045-b707-4894-b185-7304e6cf6906, Nodes: bdbf3c7d-7ab8-45d0-a00e-9a90afbb196e{ip: 192.168.151.114, host: ozone-build-dev-hxm7v-1976773872, networkLocation: /default-rack, certSerialId: null}1c73777b-379a-4e58-afe3-e36257195a83{ip: 192.168.151.114, host: ozone-build-dev-hxm7v-1976773872, networkLocation: /default-rack, certSerialId: null}19150db3-7c2b-4c29-b1cb-de3372b4b7d7{ip: 192.168.151.114, host: ozone-build-dev-hxm7v-1976773872, networkLocation: /default-rack, certSerialId: null}, Type:RATIS, Factor:THREE, State:OPEN]
2019-10-06 14:47:09,712 [IPC Server handler 1 on 41906] INFO  net.NetworkTopology (NetworkTopologyImpl.java:add(111)) - Added a new node: /default-rack/be7a26d3-2201-432c-a96b-ef86ee840878
2019-10-06 14:47:09,712 [IPC Server handler 1 on 41906] INFO  node.SCMNodeManager (SCMNodeManager.java:register(268)) - Registered Data node : be7a26d3-2201-432c-a96b-ef86ee840878{ip: 192.168.151.114, host: ozone-build-dev-hxm7v-1976773872, networkLocation: /default-rack, certSerialId: null}
2019-10-06 14:47:09,719 [grpc-default-executor-8] INFO  impl.RaftServerProxy (RaftServerProxy.java:addNew(89)) - b6b70025-229b-4dd1-ae93-bca2d1b64bcf: addNew group-EE02D03F906F:[b6b70025-229b-4dd1-ae93-bca2d1b64bcf:192.168.151.114:34932] returns group-EE02D03F906F:java.util.concurrent.CompletableFuture@1827bfeb[Not completed]
2019-10-06 14:47:09,723 [pool-619-thread-1] INFO  impl.RaftServerImpl (RaftServerImpl.java:<init>(95)) - b6b70025-229b-4dd1-ae93-bca2d1b64bcf: new RaftServerImpl for group-EE02D03F906F:[b6b70025-229b-4dd1-ae93-bca2d1b64bcf:192.168.151.114:34932] with ContainerStateMachine:uninitialized
2019-10-06 14:47:09,723 [pool-619-thread-1] INFO  server.RaftServerConfigKeys (ConfUtils.java:logGet(43)) - raft.server.rpc.timeout.min = 5s (custom)
2019-10-06 14:47:09,723 [pool-619-thread-1] INFO  server.RaftServerConfigKeys (ConfUtils.java:logGet(43)) - raft.server.rpc.timeout.max = 5200ms (custom)
2019-10-06 14:47:09,724 [pool-619-thread-1] INFO  server.RaftServerConfigKeys (ConfUtils.java:logGet(43)) - raft.server.rpcslowness.timeout = 120s (custom)
2019-10-06 14:47:09,724 [pool-619-thread-1] INFO  server.RaftServerConfigKeys (ConfUtils.java:logGet(43)) - raft.server.sleep.deviation.threshold = 300 (default)
2019-10-06 14:47:09,724 [pool-619-thread-1] INFO  server.RaftServerConfigKeys (ConfUtils.java:logGet(43)) - raft.server.log.appender.install.snapshot.enabled = false (custom)
2019-10-06 14:47:09,724 [pool-619-thread-1] INFO  impl.RaftServerImpl (ServerState.java:<init>(103)) - b6b70025-229b-4dd1-ae93-bca2d1b64bcf@group-EE02D03F906F: ConfigurationManager, init=-1: [b6b70025-229b-4dd1-ae93-bca2d1b64bcf:192.168.151.114:34932], old=null, confs=<EMPTY_MAP>
2019-10-06 14:47:09,724 [pool-619-thread-1] INFO  server.RaftServerConfigKeys (ConfUtils.java:logGet(43)) - raft.server.storage.dir = [/workdir/hadoop-ozone/integration-test/target/test-dir/MiniOzoneClusterImpl-a7993c58-b5b1-413b-983e-895559c32200/datanode-3/data/ratis] (custom)
2019-10-06 14:47:09,724 [pool-619-thread-1] INFO  server.RaftServerConfigKeys (ConfUtils.java:logGet(43)) - raft.server.log.corruption.policy = EXCEPTION (default)
2019-10-06 14:47:09,724 [pool-619-thread-1] INFO  storage.RaftStorageDirectory (RaftStorageDirectory.java:analyzeStorage(246)) - The storage directory /workdir/hadoop-ozone/integration-test/target/test-dir/MiniOzoneClusterImpl-a7993c58-b5b1-413b-983e-895559c32200/datanode-3/data/ratis/c0fb0a5b-7e42-4f80-9698-ee02d03f906f does not exist. Creating ...
2019-10-06 14:47:09,737 [pool-619-thread-1] INFO  storage.RaftStorageDirectory (RaftStorageDirectory.java:tryLock(328)) - Lock on /workdir/hadoop-ozone/integration-test/target/test-dir/MiniOzoneClusterImpl-a7993c58-b5b1-413b-983e-895559c32200/datanode-3/data/ratis/c0fb0a5b-7e42-4f80-9698-ee02d03f906f/in_use.lock acquired by nodename 23494@ozone-build-dev-hxm7v-1976773872
2019-10-06 14:47:09,750 [pool-619-thread-1] INFO  storage.RaftStorage (RaftStorage.java:format(84)) - Storage directory /workdir/hadoop-ozone/integration-test/target/test-dir/MiniOzoneClusterImpl-a7993c58-b5b1-413b-983e-895559c32200/datanode-3/data/ratis/c0fb0a5b-7e42-4f80-9698-ee02d03f906f has been successfully formatted.
2019-10-06 14:47:09,750 [pool-619-thread-1] INFO  ratis.ContainerStateMachine (ContainerStateMachine.java:loadSnapshot(230)) - group-EE02D03F906F: The snapshot info is null. Setting the last applied indexto:(t:0, i:~)
2019-10-06 14:47:09,750 [pool-619-thread-1] INFO  server.RaftServerConfigKeys (ConfUtils.java:logGet(43)) - raft.server.notification.no-leader.timeout = 120s (custom)
2019-10-06 14:47:09,750 [pool-619-thread-1] INFO  server.RaftServerConfigKeys (ConfUtils.java:logGet(43)) - raft.server.log.use.memory = false (default)
2019-10-06 14:47:09,750 [pool-619-thread-1] INFO  server.RaftServerConfigKeys (ConfUtils.java:logGet(43)) - raft.server.log.purge.gap = 1000000 (custom)
2019-10-06 14:47:09,751 [pool-619-thread-1] INFO  server.RaftServerConfigKeys (ConfUtils.java:logGet(43)) - raft.server.log.appender.buffer.byte-limit = 33554432 (custom)
2019-10-06 14:47:09,751 [pool-619-thread-1] INFO  server.RaftServerConfigKeys (ConfUtils.java:logGet(43)) - raft.server.log.segment.size.max = 1048576 (custom)
2019-10-06 14:47:09,752 [pool-619-thread-1] INFO  server.RaftServerConfigKeys (ConfUtils.java:logGet(43)) - raft.server.log.segment.cache.num.max = 2 (custom)
2019-10-06 14:47:09,752 [pool-619-thread-1] INFO  segmented.SegmentedRaftLogWorker (SegmentedRaftLogWorker.java:<init>(173)) - new b6b70025-229b-4dd1-ae93-bca2d1b64bcf@group-EE02D03F906F-SegmentedRaftLogWorker for RaftStorage:Storage Directory /workdir/hadoop-ozone/integration-test/target/test-dir/MiniOzoneClusterImpl-a7993c58-b5b1-413b-983e-895559c32200/datanode-3/data/ratis/c0fb0a5b-7e42-4f80-9698-ee02d03f906f
2019-10-06 14:47:09,752 [pool-619-thread-1] INFO  server.RaftServerConfigKeys (ConfUtils.java:logGet(43)) - raft.server.log.queue.byte-limit = 2147483647 (custom)
2019-10-06 14:47:09,752 [pool-619-thread-1] INFO  server.RaftServerConfigKeys (ConfUtils.java:logGet(43)) - raft.server.log.queue.element-limit = 1024 (custom)
2019-10-06 14:47:09,752 [pool-619-thread-1] INFO  server.RaftServerConfigKeys (ConfUtils.java:logGet(43)) - raft.server.log.segment.size.max = 1048576 (custom)
2019-10-06 14:47:09,753 [pool-619-thread-1] INFO  server.RaftServerConfigKeys (ConfUtils.java:logGet(43)) - raft.server.log.preallocated.size = 16384 (custom)
2019-10-06 14:47:09,753 [pool-619-thread-1] INFO  server.RaftServerConfigKeys (ConfUtils.java:logGet(43)) - raft.server.log.write.buffer.size = 33554432 (custom)
2019-10-06 14:47:09,753 [pool-619-thread-1] INFO  server.RaftServerConfigKeys (ConfUtils.java:logGet(43)) - raft.server.log.force.sync.num = 128 (default)
2019-10-06 14:47:09,753 [pool-619-thread-1] INFO  server.RaftServerConfigKeys (ConfUtils.java:logGet(43)) - raft.server.log.statemachine.data.sync = true (default)
2019-10-06 14:47:09,753 [pool-619-thread-1] INFO  server.RaftServerConfigKeys (ConfUtils.java:logGet(43)) - raft.server.log.statemachine.data.sync.timeout = 10s (default)
2019-10-06 14:47:09,753 [pool-619-thread-1] INFO  server.RaftServerConfigKeys (ConfUtils.java:logGet(43)) - raft.server.log.statemachine.data.sync.timeout.retry = -1 (default)
2019-10-06 14:47:09,753 [pool-619-thread-1] INFO  server.RaftServerConfigKeys (ConfUtils.java:logGet(43)) - raft.server.log.statemachine.data.caching.enabled = true (custom)
2019-10-06 14:47:09,754 [pool-619-thread-1] INFO  segmented.SegmentedRaftLogWorker (SegmentedRaftLogWorker.java:lambda$new$0(128)) - b6b70025-229b-4dd1-ae93-bca2d1b64bcf@group-EE02D03F906F-SegmentedRaftLogWorker: flushIndex: setUnconditionally 0 -> -1
2019-10-06 14:47:09,754 [pool-619-thread-1] INFO  server.RaftServerConfigKeys (ConfUtils.java:logGet(43)) - raft.server.snapshot.auto.trigger.enabled = true (custom)
2019-10-06 14:47:09,754 [pool-619-thread-1] INFO  server.RaftServerConfigKeys (ConfUtils.java:logGet(43)) - raft.server.snapshot.auto.trigger.threshold = 10000 (custom)
2019-10-06 14:47:09,754 [pool-619-thread-1] INFO  server.RaftServerConfigKeys (ConfUtils.java:logGet(43)) - raft.server.snapshot.retention.file.num = 5 (custom)
2019-10-06 14:47:09,754 [pool-619-thread-1] INFO  server.RaftServerConfigKeys (ConfUtils.java:logGet(43)) - raft.server.retrycache.expirytime = 600000ms (custom)
2019-10-06 14:47:09,756 [pool-619-thread-1] INFO  impl.RaftServerImpl (RaftServerImpl.java:start(181)) - b6b70025-229b-4dd1-ae93-bca2d1b64bcf@group-EE02D03F906F: start as a follower, conf=-1: [b6b70025-229b-4dd1-ae93-bca2d1b64bcf:192.168.151.114:34932], old=null
2019-10-06 14:47:09,756 [pool-619-thread-1] INFO  impl.RaftServerImpl (RaftServerImpl.java:setRole(170)) - b6b70025-229b-4dd1-ae93-bca2d1b64bcf@group-EE02D03F906F: changes role from      null to FOLLOWER at term 0 for startAsFollower
2019-10-06 14:47:09,756 [pool-619-thread-1] INFO  impl.RoleInfo (RoleInfo.java:updateAndGet(143)) - b6b70025-229b-4dd1-ae93-bca2d1b64bcf: start FollowerState
2019-10-06 14:47:09,769 [pool-619-thread-1] INFO  util.JmxRegister (JmxRegister.java:tryRegister(44)) - Successfully registered JMX Bean with object name Ratis:service=RaftServer,group=group-EE02D03F906F,id=b6b70025-229b-4dd1-ae93-bca2d1b64bcf
2019-10-06 14:47:09,782 [IPC Server handler 7 on 41906] INFO  net.NetworkTopology (NetworkTopologyImpl.java:add(111)) - Added a new node: /default-rack/bac7de5e-ce79-4cb5-a11a-f24956f645d5
2019-10-06 14:47:09,782 [IPC Server handler 7 on 41906] INFO  node.SCMNodeManager (SCMNodeManager.java:register(268)) - Registered Data node : bac7de5e-ce79-4cb5-a11a-f24956f645d5{ip: 192.168.151.114, host: ozone-build-dev-hxm7v-1976773872, networkLocation: /default-rack, certSerialId: null}
2019-10-06 14:47:09,783 [RatisPipelineUtilsThread] INFO  pipeline.PipelineStateManager (PipelineStateManager.java:addPipeline(56)) - Created pipeline Pipeline[ Id: c0fb0a5b-7e42-4f80-9698-ee02d03f906f, Nodes: b6b70025-229b-4dd1-ae93-bca2d1b64bcf{ip: 192.168.151.114, host: ozone-build-dev-hxm7v-1976773872, networkLocation: /default-rack, certSerialId: null}, Type:RATIS, Factor:ONE, State:OPEN]
2019-10-06 14:47:09,791 [grpc-default-executor-4] INFO  impl.RaftServerProxy (RaftServerProxy.java:addNew(89)) - be7a26d3-2201-432c-a96b-ef86ee840878: addNew group-908586D6C8D7:[be7a26d3-2201-432c-a96b-ef86ee840878:192.168.151.114:33108] returns group-908586D6C8D7:java.util.concurrent.CompletableFuture@49f68eeb[Not completed]
2019-10-06 14:47:09,792 [pool-629-thread-1] INFO  impl.RaftServerImpl (RaftServerImpl.java:<init>(95)) - be7a26d3-2201-432c-a96b-ef86ee840878: new RaftServerImpl for group-908586D6C8D7:[be7a26d3-2201-432c-a96b-ef86ee840878:192.168.151.114:33108] with ContainerStateMachine:uninitialized
2019-10-06 14:47:09,792 [pool-629-thread-1] INFO  server.RaftServerConfigKeys (ConfUtils.java:logGet(43)) - raft.server.rpc.timeout.min = 5s (custom)
2019-10-06 14:47:09,792 [pool-629-thread-1] INFO  server.RaftServerConfigKeys (ConfUtils.java:logGet(43)) - raft.server.rpc.timeout.max = 5200ms (custom)
2019-10-06 14:47:09,793 [pool-629-thread-1] INFO  server.RaftServerConfigKeys (ConfUtils.java:logGet(43)) - raft.server.rpcslowness.timeout = 120s (custom)
2019-10-06 14:47:09,793 [pool-629-thread-1] INFO  server.RaftServerConfigKeys (ConfUtils.java:logGet(43)) - raft.server.sleep.deviation.threshold = 300 (default)
2019-10-06 14:47:09,793 [pool-629-thread-1] INFO  server.RaftServerConfigKeys (ConfUtils.java:logGet(43)) - raft.server.log.appender.install.snapshot.enabled = false (custom)
2019-10-06 14:47:09,793 [pool-629-thread-1] INFO  impl.RaftServerImpl (ServerState.java:<init>(103)) - be7a26d3-2201-432c-a96b-ef86ee840878@group-908586D6C8D7: ConfigurationManager, init=-1: [be7a26d3-2201-432c-a96b-ef86ee840878:192.168.151.114:33108], old=null, confs=<EMPTY_MAP>
2019-10-06 14:47:09,793 [pool-629-thread-1] INFO  server.RaftServerConfigKeys (ConfUtils.java:logGet(43)) - raft.server.storage.dir = [/workdir/hadoop-ozone/integration-test/target/test-dir/MiniOzoneClusterImpl-a7993c58-b5b1-413b-983e-895559c32200/datanode-4/data/ratis] (custom)
2019-10-06 14:47:09,793 [pool-629-thread-1] INFO  server.RaftServerConfigKeys (ConfUtils.java:logGet(43)) - raft.server.log.corruption.policy = EXCEPTION (default)
2019-10-06 14:47:09,793 [pool-629-thread-1] INFO  storage.RaftStorageDirectory (RaftStorageDirectory.java:analyzeStorage(246)) - The storage directory /workdir/hadoop-ozone/integration-test/target/test-dir/MiniOzoneClusterImpl-a7993c58-b5b1-413b-983e-895559c32200/datanode-4/data/ratis/c7b9113a-7bbe-4bf8-b886-908586d6c8d7 does not exist. Creating ...
2019-10-06 14:47:09,806 [pool-629-thread-1] INFO  storage.RaftStorageDirectory (RaftStorageDirectory.java:tryLock(328)) - Lock on /workdir/hadoop-ozone/integration-test/target/test-dir/MiniOzoneClusterImpl-a7993c58-b5b1-413b-983e-895559c32200/datanode-4/data/ratis/c7b9113a-7bbe-4bf8-b886-908586d6c8d7/in_use.lock acquired by nodename 23494@ozone-build-dev-hxm7v-1976773872
2019-10-06 14:47:09,819 [pool-629-thread-1] INFO  storage.RaftStorage (RaftStorage.java:format(84)) - Storage directory /workdir/hadoop-ozone/integration-test/target/test-dir/MiniOzoneClusterImpl-a7993c58-b5b1-413b-983e-895559c32200/datanode-4/data/ratis/c7b9113a-7bbe-4bf8-b886-908586d6c8d7 has been successfully formatted.
2019-10-06 14:47:09,820 [pool-629-thread-1] INFO  ratis.ContainerStateMachine (ContainerStateMachine.java:loadSnapshot(230)) - group-908586D6C8D7: The snapshot info is null. Setting the last applied indexto:(t:0, i:~)
2019-10-06 14:47:09,820 [pool-629-thread-1] INFO  server.RaftServerConfigKeys (ConfUtils.java:logGet(43)) - raft.server.notification.no-leader.timeout = 120s (custom)
2019-10-06 14:47:09,820 [pool-629-thread-1] INFO  server.RaftServerConfigKeys (ConfUtils.java:logGet(43)) - raft.server.log.use.memory = false (default)
2019-10-06 14:47:09,820 [pool-629-thread-1] INFO  server.RaftServerConfigKeys (ConfUtils.java:logGet(43)) - raft.server.log.purge.gap = 1000000 (custom)
2019-10-06 14:47:09,820 [pool-629-thread-1] INFO  server.RaftServerConfigKeys (ConfUtils.java:logGet(43)) - raft.server.log.appender.buffer.byte-limit = 33554432 (custom)
2019-10-06 14:47:09,820 [pool-629-thread-1] INFO  server.RaftServerConfigKeys (ConfUtils.java:logGet(43)) - raft.server.log.segment.size.max = 1048576 (custom)
2019-10-06 14:47:09,822 [pool-629-thread-1] INFO  server.RaftServerConfigKeys (ConfUtils.java:logGet(43)) - raft.server.log.segment.cache.num.max = 2 (custom)
2019-10-06 14:47:09,822 [pool-629-thread-1] INFO  segmented.SegmentedRaftLogWorker (SegmentedRaftLogWorker.java:<init>(173)) - new be7a26d3-2201-432c-a96b-ef86ee840878@group-908586D6C8D7-SegmentedRaftLogWorker for RaftStorage:Storage Directory /workdir/hadoop-ozone/integration-test/target/test-dir/MiniOzoneClusterImpl-a7993c58-b5b1-413b-983e-895559c32200/datanode-4/data/ratis/c7b9113a-7bbe-4bf8-b886-908586d6c8d7
2019-10-06 14:47:09,822 [pool-629-thread-1] INFO  server.RaftServerConfigKeys (ConfUtils.java:logGet(43)) - raft.server.log.queue.byte-limit = 2147483647 (custom)
2019-10-06 14:47:09,822 [pool-629-thread-1] INFO  server.RaftServerConfigKeys (ConfUtils.java:logGet(43)) - raft.server.log.queue.element-limit = 1024 (custom)
2019-10-06 14:47:09,822 [pool-629-thread-1] INFO  server.RaftServerConfigKeys (ConfUtils.java:logGet(43)) - raft.server.log.segment.size.max = 1048576 (custom)
2019-10-06 14:47:09,822 [pool-629-thread-1] INFO  server.RaftServerConfigKeys (ConfUtils.java:logGet(43)) - raft.server.log.preallocated.size = 16384 (custom)
2019-10-06 14:47:09,823 [pool-629-thread-1] INFO  server.RaftServerConfigKeys (ConfUtils.java:logGet(43)) - raft.server.log.write.buffer.size = 33554432 (custom)
2019-10-06 14:47:09,823 [pool-629-thread-1] INFO  server.RaftServerConfigKeys (ConfUtils.java:logGet(43)) - raft.server.log.force.sync.num = 128 (default)
2019-10-06 14:47:09,823 [pool-629-thread-1] INFO  server.RaftServerConfigKeys (ConfUtils.java:logGet(43)) - raft.server.log.statemachine.data.sync = true (default)
2019-10-06 14:47:09,823 [pool-629-thread-1] INFO  server.RaftServerConfigKeys (ConfUtils.java:logGet(43)) - raft.server.log.statemachine.data.sync.timeout = 10s (default)
2019-10-06 14:47:09,823 [pool-629-thread-1] INFO  server.RaftServerConfigKeys (ConfUtils.java:logGet(43)) - raft.server.log.statemachine.data.sync.timeout.retry = -1 (default)
2019-10-06 14:47:09,823 [pool-629-thread-1] INFO  server.RaftServerConfigKeys (ConfUtils.java:logGet(43)) - raft.server.log.statemachine.data.caching.enabled = true (custom)
2019-10-06 14:47:09,824 [pool-629-thread-1] INFO  segmented.SegmentedRaftLogWorker (SegmentedRaftLogWorker.java:lambda$new$0(128)) - be7a26d3-2201-432c-a96b-ef86ee840878@group-908586D6C8D7-SegmentedRaftLogWorker: flushIndex: setUnconditionally 0 -> -1
2019-10-06 14:47:09,824 [pool-629-thread-1] INFO  server.RaftServerConfigKeys (ConfUtils.java:logGet(43)) - raft.server.snapshot.auto.trigger.enabled = true (custom)
2019-10-06 14:47:09,824 [pool-629-thread-1] INFO  server.RaftServerConfigKeys (ConfUtils.java:logGet(43)) - raft.server.snapshot.auto.trigger.threshold = 10000 (custom)
2019-10-06 14:47:09,824 [pool-629-thread-1] INFO  server.RaftServerConfigKeys (ConfUtils.java:logGet(43)) - raft.server.snapshot.retention.file.num = 5 (custom)
2019-10-06 14:47:09,824 [pool-629-thread-1] INFO  server.RaftServerConfigKeys (ConfUtils.java:logGet(43)) - raft.server.retrycache.expirytime = 600000ms (custom)
2019-10-06 14:47:09,826 [pool-629-thread-1] INFO  impl.RaftServerImpl (RaftServerImpl.java:start(181)) - be7a26d3-2201-432c-a96b-ef86ee840878@group-908586D6C8D7: start as a follower, conf=-1: [be7a26d3-2201-432c-a96b-ef86ee840878:192.168.151.114:33108], old=null
2019-10-06 14:47:09,826 [pool-629-thread-1] INFO  impl.RaftServerImpl (RaftServerImpl.java:setRole(170)) - be7a26d3-2201-432c-a96b-ef86ee840878@group-908586D6C8D7: changes role from      null to FOLLOWER at term 0 for startAsFollower
2019-10-06 14:47:09,826 [pool-629-thread-1] INFO  impl.RoleInfo (RoleInfo.java:updateAndGet(143)) - be7a26d3-2201-432c-a96b-ef86ee840878: start FollowerState
2019-10-06 14:47:09,826 [pool-629-thread-1] INFO  util.JmxRegister (JmxRegister.java:tryRegister(44)) - Successfully registered JMX Bean with object name Ratis:service=RaftServer,group=group-908586D6C8D7,id=be7a26d3-2201-432c-a96b-ef86ee840878
2019-10-06 14:47:09,829 [RatisPipelineUtilsThread] INFO  pipeline.PipelineStateManager (PipelineStateManager.java:addPipeline(56)) - Created pipeline Pipeline[ Id: c7b9113a-7bbe-4bf8-b886-908586d6c8d7, Nodes: be7a26d3-2201-432c-a96b-ef86ee840878{ip: 192.168.151.114, host: ozone-build-dev-hxm7v-1976773872, networkLocation: /default-rack, certSerialId: null}, Type:RATIS, Factor:ONE, State:OPEN]
2019-10-06 14:47:09,838 [grpc-default-executor-4] INFO  impl.RaftServerProxy (RaftServerProxy.java:addNew(89)) - bac7de5e-ce79-4cb5-a11a-f24956f645d5: addNew group-5A06010D7849:[bac7de5e-ce79-4cb5-a11a-f24956f645d5:192.168.151.114:43134] returns group-5A06010D7849:java.util.concurrent.CompletableFuture@ba51511[Not completed]
2019-10-06 14:47:09,839 [pool-639-thread-1] INFO  impl.RaftServerImpl (RaftServerImpl.java:<init>(95)) - bac7de5e-ce79-4cb5-a11a-f24956f645d5: new RaftServerImpl for group-5A06010D7849:[bac7de5e-ce79-4cb5-a11a-f24956f645d5:192.168.151.114:43134] with ContainerStateMachine:uninitialized
2019-10-06 14:47:09,840 [pool-639-thread-1] INFO  server.RaftServerConfigKeys (ConfUtils.java:logGet(43)) - raft.server.rpc.timeout.min = 5s (custom)
2019-10-06 14:47:09,840 [pool-639-thread-1] INFO  server.RaftServerConfigKeys (ConfUtils.java:logGet(43)) - raft.server.rpc.timeout.max = 5200ms (custom)
2019-10-06 14:47:09,840 [pool-639-thread-1] INFO  server.RaftServerConfigKeys (ConfUtils.java:logGet(43)) - raft.server.rpcslowness.timeout = 120s (custom)
2019-10-06 14:47:09,840 [pool-639-thread-1] INFO  server.RaftServerConfigKeys (ConfUtils.java:logGet(43)) - raft.server.sleep.deviation.threshold = 300 (default)
2019-10-06 14:47:09,840 [pool-639-thread-1] INFO  server.RaftServerConfigKeys (ConfUtils.java:logGet(43)) - raft.server.log.appender.install.snapshot.enabled = false (custom)
2019-10-06 14:47:09,840 [pool-639-thread-1] INFO  impl.RaftServerImpl (ServerState.java:<init>(103)) - bac7de5e-ce79-4cb5-a11a-f24956f645d5@group-5A06010D7849: ConfigurationManager, init=-1: [bac7de5e-ce79-4cb5-a11a-f24956f645d5:192.168.151.114:43134], old=null, confs=<EMPTY_MAP>
2019-10-06 14:47:09,841 [pool-639-thread-1] INFO  server.RaftServerConfigKeys (ConfUtils.java:logGet(43)) - raft.server.storage.dir = [/workdir/hadoop-ozone/integration-test/target/test-dir/MiniOzoneClusterImpl-a7993c58-b5b1-413b-983e-895559c32200/datanode-5/data/ratis] (custom)
2019-10-06 14:47:09,841 [pool-639-thread-1] INFO  server.RaftServerConfigKeys (ConfUtils.java:logGet(43)) - raft.server.log.corruption.policy = EXCEPTION (default)
2019-10-06 14:47:09,841 [pool-639-thread-1] INFO  storage.RaftStorageDirectory (RaftStorageDirectory.java:analyzeStorage(246)) - The storage directory /workdir/hadoop-ozone/integration-test/target/test-dir/MiniOzoneClusterImpl-a7993c58-b5b1-413b-983e-895559c32200/datanode-5/data/ratis/3cffb605-9c90-456a-a0af-5a06010d7849 does not exist. Creating ...
2019-10-06 14:47:09,845 [main] INFO  ozone.MiniOzoneClusterImpl (MiniOzoneClusterImpl.java:lambda$waitForClusterToBeReady$0(147)) - Waiting for cluster to be ready. Got 6 of 7 DN Heartbeats.
2019-10-06 14:47:09,846 [IPC Server handler 8 on 41906] INFO  net.NetworkTopology (NetworkTopologyImpl.java:add(111)) - Added a new node: /default-rack/549e67df-f22b-4d63-a5ef-7bccc6794b24
2019-10-06 14:47:09,846 [IPC Server handler 8 on 41906] INFO  node.SCMNodeManager (SCMNodeManager.java:register(268)) - Registered Data node : 549e67df-f22b-4d63-a5ef-7bccc6794b24{ip: 192.168.151.114, host: ozone-build-dev-hxm7v-1976773872, networkLocation: /default-rack, certSerialId: null}
2019-10-06 14:47:09,856 [pool-639-thread-1] INFO  storage.RaftStorageDirectory (RaftStorageDirectory.java:tryLock(328)) - Lock on /workdir/hadoop-ozone/integration-test/target/test-dir/MiniOzoneClusterImpl-a7993c58-b5b1-413b-983e-895559c32200/datanode-5/data/ratis/3cffb605-9c90-456a-a0af-5a06010d7849/in_use.lock acquired by nodename 23494@ozone-build-dev-hxm7v-1976773872
2019-10-06 14:47:09,870 [pool-639-thread-1] INFO  storage.RaftStorage (RaftStorage.java:format(84)) - Storage directory /workdir/hadoop-ozone/integration-test/target/test-dir/MiniOzoneClusterImpl-a7993c58-b5b1-413b-983e-895559c32200/datanode-5/data/ratis/3cffb605-9c90-456a-a0af-5a06010d7849 has been successfully formatted.
2019-10-06 14:47:09,872 [pool-639-thread-1] INFO  ratis.ContainerStateMachine (ContainerStateMachine.java:loadSnapshot(230)) - group-5A06010D7849: The snapshot info is null. Setting the last applied indexto:(t:0, i:~)
2019-10-06 14:47:09,872 [pool-639-thread-1] INFO  server.RaftServerConfigKeys (ConfUtils.java:logGet(43)) - raft.server.notification.no-leader.timeout = 120s (custom)
2019-10-06 14:47:09,872 [pool-639-thread-1] INFO  server.RaftServerConfigKeys (ConfUtils.java:logGet(43)) - raft.server.log.use.memory = false (default)
2019-10-06 14:47:09,872 [pool-639-thread-1] INFO  server.RaftServerConfigKeys (ConfUtils.java:logGet(43)) - raft.server.log.purge.gap = 1000000 (custom)
2019-10-06 14:47:09,872 [pool-639-thread-1] INFO  server.RaftServerConfigKeys (ConfUtils.java:logGet(43)) - raft.server.log.appender.buffer.byte-limit = 33554432 (custom)
2019-10-06 14:47:09,872 [pool-639-thread-1] INFO  server.RaftServerConfigKeys (ConfUtils.java:logGet(43)) - raft.server.log.segment.size.max = 1048576 (custom)
2019-10-06 14:47:09,874 [pool-639-thread-1] INFO  server.RaftServerConfigKeys (ConfUtils.java:logGet(43)) - raft.server.log.segment.cache.num.max = 2 (custom)
2019-10-06 14:47:09,874 [pool-639-thread-1] INFO  segmented.SegmentedRaftLogWorker (SegmentedRaftLogWorker.java:<init>(173)) - new bac7de5e-ce79-4cb5-a11a-f24956f645d5@group-5A06010D7849-SegmentedRaftLogWorker for RaftStorage:Storage Directory /workdir/hadoop-ozone/integration-test/target/test-dir/MiniOzoneClusterImpl-a7993c58-b5b1-413b-983e-895559c32200/datanode-5/data/ratis/3cffb605-9c90-456a-a0af-5a06010d7849
2019-10-06 14:47:09,874 [pool-639-thread-1] INFO  server.RaftServerConfigKeys (ConfUtils.java:logGet(43)) - raft.server.log.queue.byte-limit = 2147483647 (custom)
2019-10-06 14:47:09,874 [pool-639-thread-1] INFO  server.RaftServerConfigKeys (ConfUtils.java:logGet(43)) - raft.server.log.queue.element-limit = 1024 (custom)
2019-10-06 14:47:09,874 [pool-639-thread-1] INFO  server.RaftServerConfigKeys (ConfUtils.java:logGet(43)) - raft.server.log.segment.size.max = 1048576 (custom)
2019-10-06 14:47:09,874 [pool-639-thread-1] INFO  server.RaftServerConfigKeys (ConfUtils.java:logGet(43)) - raft.server.log.preallocated.size = 16384 (custom)
2019-10-06 14:47:09,874 [pool-639-thread-1] INFO  server.RaftServerConfigKeys (ConfUtils.java:logGet(43)) - raft.server.log.write.buffer.size = 33554432 (custom)
2019-10-06 14:47:09,874 [pool-639-thread-1] INFO  server.RaftServerConfigKeys (ConfUtils.java:logGet(43)) - raft.server.log.force.sync.num = 128 (default)
2019-10-06 14:47:09,875 [pool-639-thread-1] INFO  server.RaftServerConfigKeys (ConfUtils.java:logGet(43)) - raft.server.log.statemachine.data.sync = true (default)
2019-10-06 14:47:09,875 [pool-639-thread-1] INFO  server.RaftServerConfigKeys (ConfUtils.java:logGet(43)) - raft.server.log.statemachine.data.sync.timeout = 10s (default)
2019-10-06 14:47:09,875 [pool-639-thread-1] INFO  server.RaftServerConfigKeys (ConfUtils.java:logGet(43)) - raft.server.log.statemachine.data.sync.timeout.retry = -1 (default)
2019-10-06 14:47:09,875 [pool-639-thread-1] INFO  server.RaftServerConfigKeys (ConfUtils.java:logGet(43)) - raft.server.log.statemachine.data.caching.enabled = true (custom)
2019-10-06 14:47:09,876 [pool-639-thread-1] INFO  segmented.SegmentedRaftLogWorker (SegmentedRaftLogWorker.java:lambda$new$0(128)) - bac7de5e-ce79-4cb5-a11a-f24956f645d5@group-5A06010D7849-SegmentedRaftLogWorker: flushIndex: setUnconditionally 0 -> -1
2019-10-06 14:47:09,876 [pool-639-thread-1] INFO  server.RaftServerConfigKeys (ConfUtils.java:logGet(43)) - raft.server.snapshot.auto.trigger.enabled = true (custom)
2019-10-06 14:47:09,876 [pool-639-thread-1] INFO  server.RaftServerConfigKeys (ConfUtils.java:logGet(43)) - raft.server.snapshot.auto.trigger.threshold = 10000 (custom)
2019-10-06 14:47:09,876 [pool-639-thread-1] INFO  server.RaftServerConfigKeys (ConfUtils.java:logGet(43)) - raft.server.snapshot.retention.file.num = 5 (custom)
2019-10-06 14:47:09,876 [pool-639-thread-1] INFO  server.RaftServerConfigKeys (ConfUtils.java:logGet(43)) - raft.server.retrycache.expirytime = 600000ms (custom)
2019-10-06 14:47:09,878 [pool-639-thread-1] INFO  impl.RaftServerImpl (RaftServerImpl.java:start(181)) - bac7de5e-ce79-4cb5-a11a-f24956f645d5@group-5A06010D7849: start as a follower, conf=-1: [bac7de5e-ce79-4cb5-a11a-f24956f645d5:192.168.151.114:43134], old=null
2019-10-06 14:47:09,878 [pool-639-thread-1] INFO  impl.RaftServerImpl (RaftServerImpl.java:setRole(170)) - bac7de5e-ce79-4cb5-a11a-f24956f645d5@group-5A06010D7849: changes role from      null to FOLLOWER at term 0 for startAsFollower
2019-10-06 14:47:09,878 [pool-639-thread-1] INFO  impl.RoleInfo (RoleInfo.java:updateAndGet(143)) - bac7de5e-ce79-4cb5-a11a-f24956f645d5: start FollowerState
2019-10-06 14:47:09,878 [pool-639-thread-1] INFO  util.JmxRegister (JmxRegister.java:tryRegister(44)) - Successfully registered JMX Bean with object name Ratis:service=RaftServer,group=group-5A06010D7849,id=bac7de5e-ce79-4cb5-a11a-f24956f645d5
2019-10-06 14:47:09,882 [RatisPipelineUtilsThread] INFO  pipeline.PipelineStateManager (PipelineStateManager.java:addPipeline(56)) - Created pipeline Pipeline[ Id: 3cffb605-9c90-456a-a0af-5a06010d7849, Nodes: bac7de5e-ce79-4cb5-a11a-f24956f645d5{ip: 192.168.151.114, host: ozone-build-dev-hxm7v-1976773872, networkLocation: /default-rack, certSerialId: null}, Type:RATIS, Factor:ONE, State:OPEN]
2019-10-06 14:47:09,888 [grpc-default-executor-4] INFO  impl.RaftServerProxy (RaftServerProxy.java:addNew(89)) - 549e67df-f22b-4d63-a5ef-7bccc6794b24: addNew group-60B36C939EB9:[549e67df-f22b-4d63-a5ef-7bccc6794b24:192.168.151.114:42458] returns group-60B36C939EB9:java.util.concurrent.CompletableFuture@4051820f[Not completed]
2019-10-06 14:47:09,889 [pool-649-thread-1] INFO  impl.RaftServerImpl (RaftServerImpl.java:<init>(95)) - 549e67df-f22b-4d63-a5ef-7bccc6794b24: new RaftServerImpl for group-60B36C939EB9:[549e67df-f22b-4d63-a5ef-7bccc6794b24:192.168.151.114:42458] with ContainerStateMachine:uninitialized
2019-10-06 14:47:09,889 [pool-649-thread-1] INFO  server.RaftServerConfigKeys (ConfUtils.java:logGet(43)) - raft.server.rpc.timeout.min = 5s (custom)
2019-10-06 14:47:09,889 [pool-649-thread-1] INFO  server.RaftServerConfigKeys (ConfUtils.java:logGet(43)) - raft.server.rpc.timeout.max = 5200ms (custom)
2019-10-06 14:47:09,889 [pool-649-thread-1] INFO  server.RaftServerConfigKeys (ConfUtils.java:logGet(43)) - raft.server.rpcslowness.timeout = 120s (custom)
2019-10-06 14:47:09,889 [pool-649-thread-1] INFO  server.RaftServerConfigKeys (ConfUtils.java:logGet(43)) - raft.server.sleep.deviation.threshold = 300 (default)
2019-10-06 14:47:09,889 [pool-649-thread-1] INFO  server.RaftServerConfigKeys (ConfUtils.java:logGet(43)) - raft.server.log.appender.install.snapshot.enabled = false (custom)
2019-10-06 14:47:09,889 [pool-649-thread-1] INFO  impl.RaftServerImpl (ServerState.java:<init>(103)) - 549e67df-f22b-4d63-a5ef-7bccc6794b24@group-60B36C939EB9: ConfigurationManager, init=-1: [549e67df-f22b-4d63-a5ef-7bccc6794b24:192.168.151.114:42458], old=null, confs=<EMPTY_MAP>
2019-10-06 14:47:09,889 [pool-649-thread-1] INFO  server.RaftServerConfigKeys (ConfUtils.java:logGet(43)) - raft.server.storage.dir = [/workdir/hadoop-ozone/integration-test/target/test-dir/MiniOzoneClusterImpl-a7993c58-b5b1-413b-983e-895559c32200/datanode-6/data/ratis] (custom)
2019-10-06 14:47:09,889 [pool-649-thread-1] INFO  server.RaftServerConfigKeys (ConfUtils.java:logGet(43)) - raft.server.log.corruption.policy = EXCEPTION (default)
2019-10-06 14:47:09,890 [pool-649-thread-1] INFO  storage.RaftStorageDirectory (RaftStorageDirectory.java:analyzeStorage(246)) - The storage directory /workdir/hadoop-ozone/integration-test/target/test-dir/MiniOzoneClusterImpl-a7993c58-b5b1-413b-983e-895559c32200/datanode-6/data/ratis/4113c1cb-a178-4239-bcd2-60b36c939eb9 does not exist. Creating ...
2019-10-06 14:47:09,902 [pool-649-thread-1] INFO  storage.RaftStorageDirectory (RaftStorageDirectory.java:tryLock(328)) - Lock on /workdir/hadoop-ozone/integration-test/target/test-dir/MiniOzoneClusterImpl-a7993c58-b5b1-413b-983e-895559c32200/datanode-6/data/ratis/4113c1cb-a178-4239-bcd2-60b36c939eb9/in_use.lock acquired by nodename 23494@ozone-build-dev-hxm7v-1976773872
2019-10-06 14:47:09,915 [pool-649-thread-1] INFO  storage.RaftStorage (RaftStorage.java:format(84)) - Storage directory /workdir/hadoop-ozone/integration-test/target/test-dir/MiniOzoneClusterImpl-a7993c58-b5b1-413b-983e-895559c32200/datanode-6/data/ratis/4113c1cb-a178-4239-bcd2-60b36c939eb9 has been successfully formatted.
2019-10-06 14:47:09,915 [pool-649-thread-1] INFO  ratis.ContainerStateMachine (ContainerStateMachine.java:loadSnapshot(230)) - group-60B36C939EB9: The snapshot info is null. Setting the last applied indexto:(t:0, i:~)
2019-10-06 14:47:09,915 [pool-649-thread-1] INFO  server.RaftServerConfigKeys (ConfUtils.java:logGet(43)) - raft.server.notification.no-leader.timeout = 120s (custom)
2019-10-06 14:47:09,915 [pool-649-thread-1] INFO  server.RaftServerConfigKeys (ConfUtils.java:logGet(43)) - raft.server.log.use.memory = false (default)
2019-10-06 14:47:09,915 [pool-649-thread-1] INFO  server.RaftServerConfigKeys (ConfUtils.java:logGet(43)) - raft.server.log.purge.gap = 1000000 (custom)
2019-10-06 14:47:09,915 [pool-649-thread-1] INFO  server.RaftServerConfigKeys (ConfUtils.java:logGet(43)) - raft.server.log.appender.buffer.byte-limit = 33554432 (custom)
2019-10-06 14:47:09,916 [pool-649-thread-1] INFO  server.RaftServerConfigKeys (ConfUtils.java:logGet(43)) - raft.server.log.segment.size.max = 1048576 (custom)
2019-10-06 14:47:09,917 [pool-649-thread-1] INFO  server.RaftServerConfigKeys (ConfUtils.java:logGet(43)) - raft.server.log.segment.cache.num.max = 2 (custom)
2019-10-06 14:47:09,917 [pool-649-thread-1] INFO  segmented.SegmentedRaftLogWorker (SegmentedRaftLogWorker.java:<init>(173)) - new 549e67df-f22b-4d63-a5ef-7bccc6794b24@group-60B36C939EB9-SegmentedRaftLogWorker for RaftStorage:Storage Directory /workdir/hadoop-ozone/integration-test/target/test-dir/MiniOzoneClusterImpl-a7993c58-b5b1-413b-983e-895559c32200/datanode-6/data/ratis/4113c1cb-a178-4239-bcd2-60b36c939eb9
2019-10-06 14:47:09,917 [pool-649-thread-1] INFO  server.RaftServerConfigKeys (ConfUtils.java:logGet(43)) - raft.server.log.queue.byte-limit = 2147483647 (custom)
2019-10-06 14:47:09,917 [pool-649-thread-1] INFO  server.RaftServerConfigKeys (ConfUtils.java:logGet(43)) - raft.server.log.queue.element-limit = 1024 (custom)
2019-10-06 14:47:09,917 [pool-649-thread-1] INFO  server.RaftServerConfigKeys (ConfUtils.java:logGet(43)) - raft.server.log.segment.size.max = 1048576 (custom)
2019-10-06 14:47:09,917 [pool-649-thread-1] INFO  server.RaftServerConfigKeys (ConfUtils.java:logGet(43)) - raft.server.log.preallocated.size = 16384 (custom)
2019-10-06 14:47:09,917 [pool-649-thread-1] INFO  server.RaftServerConfigKeys (ConfUtils.java:logGet(43)) - raft.server.log.write.buffer.size = 33554432 (custom)
2019-10-06 14:47:09,918 [pool-649-thread-1] INFO  server.RaftServerConfigKeys (ConfUtils.java:logGet(43)) - raft.server.log.force.sync.num = 128 (default)
2019-10-06 14:47:09,918 [pool-649-thread-1] INFO  server.RaftServerConfigKeys (ConfUtils.java:logGet(43)) - raft.server.log.statemachine.data.sync = true (default)
2019-10-06 14:47:09,918 [pool-649-thread-1] INFO  server.RaftServerConfigKeys (ConfUtils.java:logGet(43)) - raft.server.log.statemachine.data.sync.timeout = 10s (default)
2019-10-06 14:47:09,918 [pool-649-thread-1] INFO  server.RaftServerConfigKeys (ConfUtils.java:logGet(43)) - raft.server.log.statemachine.data.sync.timeout.retry = -1 (default)
2019-10-06 14:47:09,918 [pool-649-thread-1] INFO  server.RaftServerConfigKeys (ConfUtils.java:logGet(43)) - raft.server.log.statemachine.data.caching.enabled = true (custom)
2019-10-06 14:47:09,918 [pool-649-thread-1] INFO  segmented.SegmentedRaftLogWorker (SegmentedRaftLogWorker.java:lambda$new$0(128)) - 549e67df-f22b-4d63-a5ef-7bccc6794b24@group-60B36C939EB9-SegmentedRaftLogWorker: flushIndex: setUnconditionally 0 -> -1
2019-10-06 14:47:09,918 [pool-649-thread-1] INFO  server.RaftServerConfigKeys (ConfUtils.java:logGet(43)) - raft.server.snapshot.auto.trigger.enabled = true (custom)
2019-10-06 14:47:09,918 [pool-649-thread-1] INFO  server.RaftServerConfigKeys (ConfUtils.java:logGet(43)) - raft.server.snapshot.auto.trigger.threshold = 10000 (custom)
2019-10-06 14:47:09,919 [pool-649-thread-1] INFO  server.RaftServerConfigKeys (ConfUtils.java:logGet(43)) - raft.server.snapshot.retention.file.num = 5 (custom)
2019-10-06 14:47:09,919 [pool-649-thread-1] INFO  server.RaftServerConfigKeys (ConfUtils.java:logGet(43)) - raft.server.retrycache.expirytime = 600000ms (custom)
2019-10-06 14:47:09,920 [pool-649-thread-1] INFO  impl.RaftServerImpl (RaftServerImpl.java:start(181)) - 549e67df-f22b-4d63-a5ef-7bccc6794b24@group-60B36C939EB9: start as a follower, conf=-1: [549e67df-f22b-4d63-a5ef-7bccc6794b24:192.168.151.114:42458], old=null
2019-10-06 14:47:09,920 [pool-649-thread-1] INFO  impl.RaftServerImpl (RaftServerImpl.java:setRole(170)) - 549e67df-f22b-4d63-a5ef-7bccc6794b24@group-60B36C939EB9: changes role from      null to FOLLOWER at term 0 for startAsFollower
2019-10-06 14:47:09,920 [pool-649-thread-1] INFO  impl.RoleInfo (RoleInfo.java:updateAndGet(143)) - 549e67df-f22b-4d63-a5ef-7bccc6794b24: start FollowerState
2019-10-06 14:47:09,920 [pool-649-thread-1] INFO  util.JmxRegister (JmxRegister.java:tryRegister(44)) - Successfully registered JMX Bean with object name Ratis:service=RaftServer,group=group-60B36C939EB9,id=549e67df-f22b-4d63-a5ef-7bccc6794b24
2019-10-06 14:47:09,923 [RatisPipelineUtilsThread] INFO  pipeline.PipelineStateManager (PipelineStateManager.java:addPipeline(56)) - Created pipeline Pipeline[ Id: 4113c1cb-a178-4239-bcd2-60b36c939eb9, Nodes: 549e67df-f22b-4d63-a5ef-7bccc6794b24{ip: 192.168.151.114, host: ozone-build-dev-hxm7v-1976773872, networkLocation: /default-rack, certSerialId: null}, Type:RATIS, Factor:ONE, State:OPEN]
2019-10-06 14:47:09,931 [grpc-default-executor-6] INFO  impl.RaftServerProxy (RaftServerProxy.java:addNew(89)) - be7a26d3-2201-432c-a96b-ef86ee840878: addNew group-A1A94F389251:[bac7de5e-ce79-4cb5-a11a-f24956f645d5:192.168.151.114:43134, b6b70025-229b-4dd1-ae93-bca2d1b64bcf:192.168.151.114:34932, be7a26d3-2201-432c-a96b-ef86ee840878:192.168.151.114:33108] returns group-A1A94F389251:java.util.concurrent.CompletableFuture@71b375a9[Not completed]
2019-10-06 14:47:09,931 [grpc-default-executor-8] INFO  impl.RaftServerProxy (RaftServerProxy.java:addNew(89)) - bac7de5e-ce79-4cb5-a11a-f24956f645d5: addNew group-A1A94F389251:[bac7de5e-ce79-4cb5-a11a-f24956f645d5:192.168.151.114:43134, b6b70025-229b-4dd1-ae93-bca2d1b64bcf:192.168.151.114:34932, be7a26d3-2201-432c-a96b-ef86ee840878:192.168.151.114:33108] returns group-A1A94F389251:java.util.concurrent.CompletableFuture@34b7562d[Not completed]
2019-10-06 14:47:09,931 [grpc-default-executor-4] INFO  impl.RaftServerProxy (RaftServerProxy.java:addNew(89)) - b6b70025-229b-4dd1-ae93-bca2d1b64bcf: addNew group-A1A94F389251:[bac7de5e-ce79-4cb5-a11a-f24956f645d5:192.168.151.114:43134, b6b70025-229b-4dd1-ae93-bca2d1b64bcf:192.168.151.114:34932, be7a26d3-2201-432c-a96b-ef86ee840878:192.168.151.114:33108] returns group-A1A94F389251:java.util.concurrent.CompletableFuture@5f00563d[Not completed]
2019-10-06 14:47:09,932 [pool-639-thread-1] INFO  impl.RaftServerImpl (RaftServerImpl.java:<init>(95)) - bac7de5e-ce79-4cb5-a11a-f24956f645d5: new RaftServerImpl for group-A1A94F389251:[bac7de5e-ce79-4cb5-a11a-f24956f645d5:192.168.151.114:43134, b6b70025-229b-4dd1-ae93-bca2d1b64bcf:192.168.151.114:34932, be7a26d3-2201-432c-a96b-ef86ee840878:192.168.151.114:33108] with ContainerStateMachine:uninitialized
2019-10-06 14:47:09,932 [pool-639-thread-1] INFO  server.RaftServerConfigKeys (ConfUtils.java:logGet(43)) - raft.server.rpc.timeout.min = 5s (custom)
2019-10-06 14:47:09,932 [pool-639-thread-1] INFO  server.RaftServerConfigKeys (ConfUtils.java:logGet(43)) - raft.server.rpc.timeout.max = 5200ms (custom)
2019-10-06 14:47:09,932 [pool-639-thread-1] INFO  server.RaftServerConfigKeys (ConfUtils.java:logGet(43)) - raft.server.rpcslowness.timeout = 120s (custom)
2019-10-06 14:47:09,932 [pool-639-thread-1] INFO  server.RaftServerConfigKeys (ConfUtils.java:logGet(43)) - raft.server.sleep.deviation.threshold = 300 (default)
2019-10-06 14:47:09,932 [pool-639-thread-1] INFO  server.RaftServerConfigKeys (ConfUtils.java:logGet(43)) - raft.server.log.appender.install.snapshot.enabled = false (custom)
2019-10-06 14:47:09,932 [pool-629-thread-1] INFO  impl.RaftServerImpl (RaftServerImpl.java:<init>(95)) - be7a26d3-2201-432c-a96b-ef86ee840878: new RaftServerImpl for group-A1A94F389251:[bac7de5e-ce79-4cb5-a11a-f24956f645d5:192.168.151.114:43134, b6b70025-229b-4dd1-ae93-bca2d1b64bcf:192.168.151.114:34932, be7a26d3-2201-432c-a96b-ef86ee840878:192.168.151.114:33108] with ContainerStateMachine:uninitialized
2019-10-06 14:47:09,932 [pool-639-thread-1] INFO  impl.RaftServerImpl (ServerState.java:<init>(103)) - bac7de5e-ce79-4cb5-a11a-f24956f645d5@group-A1A94F389251: ConfigurationManager, init=-1: [bac7de5e-ce79-4cb5-a11a-f24956f645d5:192.168.151.114:43134, b6b70025-229b-4dd1-ae93-bca2d1b64bcf:192.168.151.114:34932, be7a26d3-2201-432c-a96b-ef86ee840878:192.168.151.114:33108], old=null, confs=<EMPTY_MAP>
2019-10-06 14:47:09,933 [pool-629-thread-1] INFO  server.RaftServerConfigKeys (ConfUtils.java:logGet(43)) - raft.server.rpc.timeout.min = 5s (custom)
2019-10-06 14:47:09,933 [pool-639-thread-1] INFO  server.RaftServerConfigKeys (ConfUtils.java:logGet(43)) - raft.server.storage.dir = [/workdir/hadoop-ozone/integration-test/target/test-dir/MiniOzoneClusterImpl-a7993c58-b5b1-413b-983e-895559c32200/datanode-5/data/ratis] (custom)
2019-10-06 14:47:09,933 [pool-619-thread-1] INFO  impl.RaftServerImpl (RaftServerImpl.java:<init>(95)) - b6b70025-229b-4dd1-ae93-bca2d1b64bcf: new RaftServerImpl for group-A1A94F389251:[bac7de5e-ce79-4cb5-a11a-f24956f645d5:192.168.151.114:43134, b6b70025-229b-4dd1-ae93-bca2d1b64bcf:192.168.151.114:34932, be7a26d3-2201-432c-a96b-ef86ee840878:192.168.151.114:33108] with ContainerStateMachine:uninitialized
2019-10-06 14:47:09,933 [pool-629-thread-1] INFO  server.RaftServerConfigKeys (ConfUtils.java:logGet(43)) - raft.server.rpc.timeout.max = 5200ms (custom)
2019-10-06 14:47:09,933 [pool-639-thread-1] INFO  server.RaftServerConfigKeys (ConfUtils.java:logGet(43)) - raft.server.log.corruption.policy = EXCEPTION (default)
2019-10-06 14:47:09,933 [pool-619-thread-1] INFO  server.RaftServerConfigKeys (ConfUtils.java:logGet(43)) - raft.server.rpc.timeout.min = 5s (custom)
2019-10-06 14:47:09,933 [pool-639-thread-1] INFO  storage.RaftStorageDirectory (RaftStorageDirectory.java:analyzeStorage(246)) - The storage directory /workdir/hadoop-ozone/integration-test/target/test-dir/MiniOzoneClusterImpl-a7993c58-b5b1-413b-983e-895559c32200/datanode-5/data/ratis/c0a03ecd-2ce9-49e6-99f1-a1a94f389251 does not exist. Creating ...
2019-10-06 14:47:09,933 [pool-629-thread-1] INFO  server.RaftServerConfigKeys (ConfUtils.java:logGet(43)) - raft.server.rpcslowness.timeout = 120s (custom)
2019-10-06 14:47:09,933 [pool-619-thread-1] INFO  server.RaftServerConfigKeys (ConfUtils.java:logGet(43)) - raft.server.rpc.timeout.max = 5200ms (custom)
2019-10-06 14:47:09,933 [pool-629-thread-1] INFO  server.RaftServerConfigKeys (ConfUtils.java:logGet(43)) - raft.server.sleep.deviation.threshold = 300 (default)
2019-10-06 14:47:09,933 [pool-619-thread-1] INFO  server.RaftServerConfigKeys (ConfUtils.java:logGet(43)) - raft.server.rpcslowness.timeout = 120s (custom)
2019-10-06 14:47:09,934 [pool-629-thread-1] INFO  server.RaftServerConfigKeys (ConfUtils.java:logGet(43)) - raft.server.log.appender.install.snapshot.enabled = false (custom)
2019-10-06 14:47:09,934 [pool-619-thread-1] INFO  server.RaftServerConfigKeys (ConfUtils.java:logGet(43)) - raft.server.sleep.deviation.threshold = 300 (default)
2019-10-06 14:47:09,934 [pool-629-thread-1] INFO  impl.RaftServerImpl (ServerState.java:<init>(103)) - be7a26d3-2201-432c-a96b-ef86ee840878@group-A1A94F389251: ConfigurationManager, init=-1: [bac7de5e-ce79-4cb5-a11a-f24956f645d5:192.168.151.114:43134, b6b70025-229b-4dd1-ae93-bca2d1b64bcf:192.168.151.114:34932, be7a26d3-2201-432c-a96b-ef86ee840878:192.168.151.114:33108], old=null, confs=<EMPTY_MAP>
2019-10-06 14:47:09,934 [pool-619-thread-1] INFO  server.RaftServerConfigKeys (ConfUtils.java:logGet(43)) - raft.server.log.appender.install.snapshot.enabled = false (custom)
2019-10-06 14:47:09,934 [pool-629-thread-1] INFO  server.RaftServerConfigKeys (ConfUtils.java:logGet(43)) - raft.server.storage.dir = [/workdir/hadoop-ozone/integration-test/target/test-dir/MiniOzoneClusterImpl-a7993c58-b5b1-413b-983e-895559c32200/datanode-4/data/ratis] (custom)
2019-10-06 14:47:09,934 [pool-619-thread-1] INFO  impl.RaftServerImpl (ServerState.java:<init>(103)) - b6b70025-229b-4dd1-ae93-bca2d1b64bcf@group-A1A94F389251: ConfigurationManager, init=-1: [bac7de5e-ce79-4cb5-a11a-f24956f645d5:192.168.151.114:43134, b6b70025-229b-4dd1-ae93-bca2d1b64bcf:192.168.151.114:34932, be7a26d3-2201-432c-a96b-ef86ee840878:192.168.151.114:33108], old=null, confs=<EMPTY_MAP>
2019-10-06 14:47:09,934 [pool-629-thread-1] INFO  server.RaftServerConfigKeys (ConfUtils.java:logGet(43)) - raft.server.log.corruption.policy = EXCEPTION (default)
2019-10-06 14:47:09,934 [pool-619-thread-1] INFO  server.RaftServerConfigKeys (ConfUtils.java:logGet(43)) - raft.server.storage.dir = [/workdir/hadoop-ozone/integration-test/target/test-dir/MiniOzoneClusterImpl-a7993c58-b5b1-413b-983e-895559c32200/datanode-3/data/ratis] (custom)
2019-10-06 14:47:09,934 [pool-629-thread-1] INFO  storage.RaftStorageDirectory (RaftStorageDirectory.java:analyzeStorage(246)) - The storage directory /workdir/hadoop-ozone/integration-test/target/test-dir/MiniOzoneClusterImpl-a7993c58-b5b1-413b-983e-895559c32200/datanode-4/data/ratis/c0a03ecd-2ce9-49e6-99f1-a1a94f389251 does not exist. Creating ...
2019-10-06 14:47:09,935 [pool-619-thread-1] INFO  server.RaftServerConfigKeys (ConfUtils.java:logGet(43)) - raft.server.log.corruption.policy = EXCEPTION (default)
2019-10-06 14:47:09,935 [pool-619-thread-1] INFO  storage.RaftStorageDirectory (RaftStorageDirectory.java:analyzeStorage(246)) - The storage directory /workdir/hadoop-ozone/integration-test/target/test-dir/MiniOzoneClusterImpl-a7993c58-b5b1-413b-983e-895559c32200/datanode-3/data/ratis/c0a03ecd-2ce9-49e6-99f1-a1a94f389251 does not exist. Creating ...
2019-10-06 14:47:09,947 [pool-629-thread-1] INFO  storage.RaftStorageDirectory (RaftStorageDirectory.java:tryLock(328)) - Lock on /workdir/hadoop-ozone/integration-test/target/test-dir/MiniOzoneClusterImpl-a7993c58-b5b1-413b-983e-895559c32200/datanode-4/data/ratis/c0a03ecd-2ce9-49e6-99f1-a1a94f389251/in_use.lock acquired by nodename 23494@ozone-build-dev-hxm7v-1976773872
2019-10-06 14:47:09,947 [pool-639-thread-1] INFO  storage.RaftStorageDirectory (RaftStorageDirectory.java:tryLock(328)) - Lock on /workdir/hadoop-ozone/integration-test/target/test-dir/MiniOzoneClusterImpl-a7993c58-b5b1-413b-983e-895559c32200/datanode-5/data/ratis/c0a03ecd-2ce9-49e6-99f1-a1a94f389251/in_use.lock acquired by nodename 23494@ozone-build-dev-hxm7v-1976773872
2019-10-06 14:47:09,947 [pool-619-thread-1] INFO  storage.RaftStorageDirectory (RaftStorageDirectory.java:tryLock(328)) - Lock on /workdir/hadoop-ozone/integration-test/target/test-dir/MiniOzoneClusterImpl-a7993c58-b5b1-413b-983e-895559c32200/datanode-3/data/ratis/c0a03ecd-2ce9-49e6-99f1-a1a94f389251/in_use.lock acquired by nodename 23494@ozone-build-dev-hxm7v-1976773872
2019-10-06 14:47:09,960 [pool-629-thread-1] INFO  storage.RaftStorage (RaftStorage.java:format(84)) - Storage directory /workdir/hadoop-ozone/integration-test/target/test-dir/MiniOzoneClusterImpl-a7993c58-b5b1-413b-983e-895559c32200/datanode-4/data/ratis/c0a03ecd-2ce9-49e6-99f1-a1a94f389251 has been successfully formatted.
2019-10-06 14:47:09,960 [pool-639-thread-1] INFO  storage.RaftStorage (RaftStorage.java:format(84)) - Storage directory /workdir/hadoop-ozone/integration-test/target/test-dir/MiniOzoneClusterImpl-a7993c58-b5b1-413b-983e-895559c32200/datanode-5/data/ratis/c0a03ecd-2ce9-49e6-99f1-a1a94f389251 has been successfully formatted.
2019-10-06 14:47:09,960 [pool-619-thread-1] INFO  storage.RaftStorage (RaftStorage.java:format(84)) - Storage directory /workdir/hadoop-ozone/integration-test/target/test-dir/MiniOzoneClusterImpl-a7993c58-b5b1-413b-983e-895559c32200/datanode-3/data/ratis/c0a03ecd-2ce9-49e6-99f1-a1a94f389251 has been successfully formatted.
2019-10-06 14:47:09,961 [pool-629-thread-1] INFO  ratis.ContainerStateMachine (ContainerStateMachine.java:loadSnapshot(230)) - group-A1A94F389251: The snapshot info is null. Setting the last applied indexto:(t:0, i:~)
2019-10-06 14:47:09,961 [pool-619-thread-1] INFO  ratis.ContainerStateMachine (ContainerStateMachine.java:loadSnapshot(230)) - group-A1A94F389251: The snapshot info is null. Setting the last applied indexto:(t:0, i:~)
2019-10-06 14:47:09,961 [pool-639-thread-1] INFO  ratis.ContainerStateMachine (ContainerStateMachine.java:loadSnapshot(230)) - group-A1A94F389251: The snapshot info is null. Setting the last applied indexto:(t:0, i:~)
2019-10-06 14:47:09,961 [pool-619-thread-1] INFO  server.RaftServerConfigKeys (ConfUtils.java:logGet(43)) - raft.server.notification.no-leader.timeout = 120s (custom)
2019-10-06 14:47:09,961 [pool-629-thread-1] INFO  server.RaftServerConfigKeys (ConfUtils.java:logGet(43)) - raft.server.notification.no-leader.timeout = 120s (custom)
2019-10-06 14:47:09,961 [pool-619-thread-1] INFO  server.RaftServerConfigKeys (ConfUtils.java:logGet(43)) - raft.server.log.use.memory = false (default)
2019-10-06 14:47:09,961 [pool-639-thread-1] INFO  server.RaftServerConfigKeys (ConfUtils.java:logGet(43)) - raft.server.notification.no-leader.timeout = 120s (custom)
2019-10-06 14:47:09,961 [pool-619-thread-1] INFO  server.RaftServerConfigKeys (ConfUtils.java:logGet(43)) - raft.server.log.purge.gap = 1000000 (custom)
2019-10-06 14:47:09,961 [pool-629-thread-1] INFO  server.RaftServerConfigKeys (ConfUtils.java:logGet(43)) - raft.server.log.use.memory = false (default)
2019-10-06 14:47:09,962 [pool-619-thread-1] INFO  server.RaftServerConfigKeys (ConfUtils.java:logGet(43)) - raft.server.log.appender.buffer.byte-limit = 33554432 (custom)
2019-10-06 14:47:09,961 [pool-639-thread-1] INFO  server.RaftServerConfigKeys (ConfUtils.java:logGet(43)) - raft.server.log.use.memory = false (default)
2019-10-06 14:47:09,962 [pool-619-thread-1] INFO  server.RaftServerConfigKeys (ConfUtils.java:logGet(43)) - raft.server.log.segment.size.max = 1048576 (custom)
2019-10-06 14:47:09,962 [pool-629-thread-1] INFO  server.RaftServerConfigKeys (ConfUtils.java:logGet(43)) - raft.server.log.purge.gap = 1000000 (custom)
2019-10-06 14:47:09,962 [pool-619-thread-1] INFO  server.RaftServerConfigKeys (ConfUtils.java:logGet(43)) - raft.server.log.segment.cache.num.max = 2 (custom)
2019-10-06 14:47:09,962 [pool-639-thread-1] INFO  server.RaftServerConfigKeys (ConfUtils.java:logGet(43)) - raft.server.log.purge.gap = 1000000 (custom)
2019-10-06 14:47:09,962 [pool-619-thread-1] INFO  segmented.SegmentedRaftLogWorker (SegmentedRaftLogWorker.java:<init>(173)) - new b6b70025-229b-4dd1-ae93-bca2d1b64bcf@group-A1A94F389251-SegmentedRaftLogWorker for RaftStorage:Storage Directory /workdir/hadoop-ozone/integration-test/target/test-dir/MiniOzoneClusterImpl-a7993c58-b5b1-413b-983e-895559c32200/datanode-3/data/ratis/c0a03ecd-2ce9-49e6-99f1-a1a94f389251
2019-10-06 14:47:09,962 [pool-629-thread-1] INFO  server.RaftServerConfigKeys (ConfUtils.java:logGet(43)) - raft.server.log.appender.buffer.byte-limit = 33554432 (custom)
2019-10-06 14:47:09,962 [pool-619-thread-1] INFO  server.RaftServerConfigKeys (ConfUtils.java:logGet(43)) - raft.server.log.queue.byte-limit = 2147483647 (custom)
2019-10-06 14:47:09,962 [pool-639-thread-1] INFO  server.RaftServerConfigKeys (ConfUtils.java:logGet(43)) - raft.server.log.appender.buffer.byte-limit = 33554432 (custom)
2019-10-06 14:47:09,963 [pool-619-thread-1] INFO  server.RaftServerConfigKeys (ConfUtils.java:logGet(43)) - raft.server.log.queue.element-limit = 1024 (custom)
2019-10-06 14:47:09,962 [pool-629-thread-1] INFO  server.RaftServerConfigKeys (ConfUtils.java:logGet(43)) - raft.server.log.segment.size.max = 1048576 (custom)
2019-10-06 14:47:09,963 [pool-619-thread-1] INFO  server.RaftServerConfigKeys (ConfUtils.java:logGet(43)) - raft.server.log.segment.size.max = 1048576 (custom)
2019-10-06 14:47:09,963 [pool-639-thread-1] INFO  server.RaftServerConfigKeys (ConfUtils.java:logGet(43)) - raft.server.log.segment.size.max = 1048576 (custom)
2019-10-06 14:47:09,963 [pool-619-thread-1] INFO  server.RaftServerConfigKeys (ConfUtils.java:logGet(43)) - raft.server.log.preallocated.size = 16384 (custom)
2019-10-06 14:47:09,963 [pool-629-thread-1] INFO  server.RaftServerConfigKeys (ConfUtils.java:logGet(43)) - raft.server.log.segment.cache.num.max = 2 (custom)
2019-10-06 14:47:09,963 [pool-619-thread-1] INFO  server.RaftServerConfigKeys (ConfUtils.java:logGet(43)) - raft.server.log.write.buffer.size = 33554432 (custom)
2019-10-06 14:47:09,963 [pool-639-thread-1] INFO  server.RaftServerConfigKeys (ConfUtils.java:logGet(43)) - raft.server.log.segment.cache.num.max = 2 (custom)
2019-10-06 14:47:09,963 [pool-619-thread-1] INFO  server.RaftServerConfigKeys (ConfUtils.java:logGet(43)) - raft.server.log.force.sync.num = 128 (default)
2019-10-06 14:47:09,963 [pool-629-thread-1] INFO  segmented.SegmentedRaftLogWorker (SegmentedRaftLogWorker.java:<init>(173)) - new be7a26d3-2201-432c-a96b-ef86ee840878@group-A1A94F389251-SegmentedRaftLogWorker for RaftStorage:Storage Directory /workdir/hadoop-ozone/integration-test/target/test-dir/MiniOzoneClusterImpl-a7993c58-b5b1-413b-983e-895559c32200/datanode-4/data/ratis/c0a03ecd-2ce9-49e6-99f1-a1a94f389251
2019-10-06 14:47:09,964 [pool-619-thread-1] INFO  server.RaftServerConfigKeys (ConfUtils.java:logGet(43)) - raft.server.log.statemachine.data.sync = true (default)
2019-10-06 14:47:09,964 [pool-639-thread-1] INFO  segmented.SegmentedRaftLogWorker (SegmentedRaftLogWorker.java:<init>(173)) - new bac7de5e-ce79-4cb5-a11a-f24956f645d5@group-A1A94F389251-SegmentedRaftLogWorker for RaftStorage:Storage Directory /workdir/hadoop-ozone/integration-test/target/test-dir/MiniOzoneClusterImpl-a7993c58-b5b1-413b-983e-895559c32200/datanode-5/data/ratis/c0a03ecd-2ce9-49e6-99f1-a1a94f389251
2019-10-06 14:47:09,964 [pool-619-thread-1] INFO  server.RaftServerConfigKeys (ConfUtils.java:logGet(43)) - raft.server.log.statemachine.data.sync.timeout = 10s (default)
2019-10-06 14:47:09,964 [pool-629-thread-1] INFO  server.RaftServerConfigKeys (ConfUtils.java:logGet(43)) - raft.server.log.queue.byte-limit = 2147483647 (custom)
2019-10-06 14:47:09,964 [pool-619-thread-1] INFO  server.RaftServerConfigKeys (ConfUtils.java:logGet(43)) - raft.server.log.statemachine.data.sync.timeout.retry = -1 (default)
2019-10-06 14:47:09,964 [pool-639-thread-1] INFO  server.RaftServerConfigKeys (ConfUtils.java:logGet(43)) - raft.server.log.queue.byte-limit = 2147483647 (custom)
2019-10-06 14:47:09,964 [pool-619-thread-1] INFO  server.RaftServerConfigKeys (ConfUtils.java:logGet(43)) - raft.server.log.statemachine.data.caching.enabled = true (custom)
2019-10-06 14:47:09,964 [pool-629-thread-1] INFO  server.RaftServerConfigKeys (ConfUtils.java:logGet(43)) - raft.server.log.queue.element-limit = 1024 (custom)
2019-10-06 14:47:09,964 [pool-639-thread-1] INFO  server.RaftServerConfigKeys (ConfUtils.java:logGet(43)) - raft.server.log.queue.element-limit = 1024 (custom)
2019-10-06 14:47:09,965 [pool-619-thread-1] INFO  segmented.SegmentedRaftLogWorker (SegmentedRaftLogWorker.java:lambda$new$0(128)) - b6b70025-229b-4dd1-ae93-bca2d1b64bcf@group-A1A94F389251-SegmentedRaftLogWorker: flushIndex: setUnconditionally 0 -> -1
2019-10-06 14:47:09,965 [pool-629-thread-1] INFO  server.RaftServerConfigKeys (ConfUtils.java:logGet(43)) - raft.server.log.segment.size.max = 1048576 (custom)
2019-10-06 14:47:09,965 [pool-639-thread-1] INFO  server.RaftServerConfigKeys (ConfUtils.java:logGet(43)) - raft.server.log.segment.size.max = 1048576 (custom)
2019-10-06 14:47:09,965 [pool-619-thread-1] INFO  server.RaftServerConfigKeys (ConfUtils.java:logGet(43)) - raft.server.snapshot.auto.trigger.enabled = true (custom)
2019-10-06 14:47:09,965 [pool-629-thread-1] INFO  server.RaftServerConfigKeys (ConfUtils.java:logGet(43)) - raft.server.log.preallocated.size = 16384 (custom)
2019-10-06 14:47:09,965 [pool-619-thread-1] INFO  server.RaftServerConfigKeys (ConfUtils.java:logGet(43)) - raft.server.snapshot.auto.trigger.threshold = 10000 (custom)
2019-10-06 14:47:09,965 [pool-639-thread-1] INFO  server.RaftServerConfigKeys (ConfUtils.java:logGet(43)) - raft.server.log.preallocated.size = 16384 (custom)
2019-10-06 14:47:09,965 [pool-619-thread-1] INFO  server.RaftServerConfigKeys (ConfUtils.java:logGet(43)) - raft.server.snapshot.retention.file.num = 5 (custom)
2019-10-06 14:47:09,965 [pool-629-thread-1] INFO  server.RaftServerConfigKeys (ConfUtils.java:logGet(43)) - raft.server.log.write.buffer.size = 33554432 (custom)
2019-10-06 14:47:09,965 [pool-619-thread-1] INFO  server.RaftServerConfigKeys (ConfUtils.java:logGet(43)) - raft.server.retrycache.expirytime = 600000ms (custom)
2019-10-06 14:47:09,965 [pool-639-thread-1] INFO  server.RaftServerConfigKeys (ConfUtils.java:logGet(43)) - raft.server.log.write.buffer.size = 33554432 (custom)
2019-10-06 14:47:09,966 [pool-629-thread-1] INFO  server.RaftServerConfigKeys (ConfUtils.java:logGet(43)) - raft.server.log.force.sync.num = 128 (default)
2019-10-06 14:47:09,966 [pool-639-thread-1] INFO  server.RaftServerConfigKeys (ConfUtils.java:logGet(43)) - raft.server.log.force.sync.num = 128 (default)
2019-10-06 14:47:09,966 [pool-629-thread-1] INFO  server.RaftServerConfigKeys (ConfUtils.java:logGet(43)) - raft.server.log.statemachine.data.sync = true (default)
2019-10-06 14:47:09,966 [pool-639-thread-1] INFO  server.RaftServerConfigKeys (ConfUtils.java:logGet(43)) - raft.server.log.statemachine.data.sync = true (default)
2019-10-06 14:47:09,966 [pool-629-thread-1] INFO  server.RaftServerConfigKeys (ConfUtils.java:logGet(43)) - raft.server.log.statemachine.data.sync.timeout = 10s (default)
2019-10-06 14:47:09,966 [pool-639-thread-1] INFO  server.RaftServerConfigKeys (ConfUtils.java:logGet(43)) - raft.server.log.statemachine.data.sync.timeout = 10s (default)
2019-10-06 14:47:09,966 [pool-629-thread-1] INFO  server.RaftServerConfigKeys (ConfUtils.java:logGet(43)) - raft.server.log.statemachine.data.sync.timeout.retry = -1 (default)
2019-10-06 14:47:09,966 [pool-639-thread-1] INFO  server.RaftServerConfigKeys (ConfUtils.java:logGet(43)) - raft.server.log.statemachine.data.sync.timeout.retry = -1 (default)
2019-10-06 14:47:09,967 [pool-629-thread-1] INFO  server.RaftServerConfigKeys (ConfUtils.java:logGet(43)) - raft.server.log.statemachine.data.caching.enabled = true (custom)
2019-10-06 14:47:09,967 [pool-639-thread-1] INFO  server.RaftServerConfigKeys (ConfUtils.java:logGet(43)) - raft.server.log.statemachine.data.caching.enabled = true (custom)
2019-10-06 14:47:09,967 [pool-629-thread-1] INFO  segmented.SegmentedRaftLogWorker (SegmentedRaftLogWorker.java:lambda$new$0(128)) - be7a26d3-2201-432c-a96b-ef86ee840878@group-A1A94F389251-SegmentedRaftLogWorker: flushIndex: setUnconditionally 0 -> -1
2019-10-06 14:47:09,967 [pool-639-thread-1] INFO  segmented.SegmentedRaftLogWorker (SegmentedRaftLogWorker.java:lambda$new$0(128)) - bac7de5e-ce79-4cb5-a11a-f24956f645d5@group-A1A94F389251-SegmentedRaftLogWorker: flushIndex: setUnconditionally 0 -> -1
2019-10-06 14:47:09,967 [pool-629-thread-1] INFO  server.RaftServerConfigKeys (ConfUtils.java:logGet(43)) - raft.server.snapshot.auto.trigger.enabled = true (custom)
2019-10-06 14:47:09,967 [pool-619-thread-1] INFO  impl.RaftServerImpl (RaftServerImpl.java:start(181)) - b6b70025-229b-4dd1-ae93-bca2d1b64bcf@group-A1A94F389251: start as a follower, conf=-1: [bac7de5e-ce79-4cb5-a11a-f24956f645d5:192.168.151.114:43134, b6b70025-229b-4dd1-ae93-bca2d1b64bcf:192.168.151.114:34932, be7a26d3-2201-432c-a96b-ef86ee840878:192.168.151.114:33108], old=null
2019-10-06 14:47:09,967 [pool-639-thread-1] INFO  server.RaftServerConfigKeys (ConfUtils.java:logGet(43)) - raft.server.snapshot.auto.trigger.enabled = true (custom)
2019-10-06 14:47:09,967 [pool-629-thread-1] INFO  server.RaftServerConfigKeys (ConfUtils.java:logGet(43)) - raft.server.snapshot.auto.trigger.threshold = 10000 (custom)
2019-10-06 14:47:09,967 [pool-639-thread-1] INFO  server.RaftServerConfigKeys (ConfUtils.java:logGet(43)) - raft.server.snapshot.auto.trigger.threshold = 10000 (custom)
2019-10-06 14:47:09,967 [pool-619-thread-1] INFO  impl.RaftServerImpl (RaftServerImpl.java:setRole(170)) - b6b70025-229b-4dd1-ae93-bca2d1b64bcf@group-A1A94F389251: changes role from      null to FOLLOWER at term 0 for startAsFollower
2019-10-06 14:47:09,968 [pool-639-thread-1] INFO  server.RaftServerConfigKeys (ConfUtils.java:logGet(43)) - raft.server.snapshot.retention.file.num = 5 (custom)
2019-10-06 14:47:09,968 [pool-629-thread-1] INFO  server.RaftServerConfigKeys (ConfUtils.java:logGet(43)) - raft.server.snapshot.retention.file.num = 5 (custom)
2019-10-06 14:47:09,968 [pool-639-thread-1] INFO  server.RaftServerConfigKeys (ConfUtils.java:logGet(43)) - raft.server.retrycache.expirytime = 600000ms (custom)
2019-10-06 14:47:09,968 [pool-619-thread-1] INFO  impl.RoleInfo (RoleInfo.java:updateAndGet(143)) - b6b70025-229b-4dd1-ae93-bca2d1b64bcf: start FollowerState
2019-10-06 14:47:09,968 [pool-629-thread-1] INFO  server.RaftServerConfigKeys (ConfUtils.java:logGet(43)) - raft.server.retrycache.expirytime = 600000ms (custom)
2019-10-06 14:47:09,968 [pool-619-thread-1] INFO  util.JmxRegister (JmxRegister.java:tryRegister(44)) - Successfully registered JMX Bean with object name Ratis:service=RaftServer,group=group-A1A94F389251,id=b6b70025-229b-4dd1-ae93-bca2d1b64bcf
2019-10-06 14:47:09,971 [pool-639-thread-1] INFO  impl.RaftServerImpl (RaftServerImpl.java:start(181)) - bac7de5e-ce79-4cb5-a11a-f24956f645d5@group-A1A94F389251: start as a follower, conf=-1: [bac7de5e-ce79-4cb5-a11a-f24956f645d5:192.168.151.114:43134, b6b70025-229b-4dd1-ae93-bca2d1b64bcf:192.168.151.114:34932, be7a26d3-2201-432c-a96b-ef86ee840878:192.168.151.114:33108], old=null
2019-10-06 14:47:09,971 [pool-629-thread-1] INFO  impl.RaftServerImpl (RaftServerImpl.java:start(181)) - be7a26d3-2201-432c-a96b-ef86ee840878@group-A1A94F389251: start as a follower, conf=-1: [bac7de5e-ce79-4cb5-a11a-f24956f645d5:192.168.151.114:43134, b6b70025-229b-4dd1-ae93-bca2d1b64bcf:192.168.151.114:34932, be7a26d3-2201-432c-a96b-ef86ee840878:192.168.151.114:33108], old=null
2019-10-06 14:47:09,971 [pool-629-thread-1] INFO  impl.RaftServerImpl (RaftServerImpl.java:setRole(170)) - be7a26d3-2201-432c-a96b-ef86ee840878@group-A1A94F389251: changes role from      null to FOLLOWER at term 0 for startAsFollower
2019-10-06 14:47:09,971 [pool-639-thread-1] INFO  impl.RaftServerImpl (RaftServerImpl.java:setRole(170)) - bac7de5e-ce79-4cb5-a11a-f24956f645d5@group-A1A94F389251: changes role from      null to FOLLOWER at term 0 for startAsFollower
2019-10-06 14:47:09,971 [pool-629-thread-1] INFO  impl.RoleInfo (RoleInfo.java:updateAndGet(143)) - be7a26d3-2201-432c-a96b-ef86ee840878: start FollowerState
2019-10-06 14:47:09,971 [pool-639-thread-1] INFO  impl.RoleInfo (RoleInfo.java:updateAndGet(143)) - bac7de5e-ce79-4cb5-a11a-f24956f645d5: start FollowerState
2019-10-06 14:47:09,972 [pool-629-thread-1] INFO  util.JmxRegister (JmxRegister.java:tryRegister(44)) - Successfully registered JMX Bean with object name Ratis:service=RaftServer,group=group-A1A94F389251,id=be7a26d3-2201-432c-a96b-ef86ee840878
2019-10-06 14:47:09,972 [pool-639-thread-1] INFO  util.JmxRegister (JmxRegister.java:tryRegister(44)) - Successfully registered JMX Bean with object name Ratis:service=RaftServer,group=group-A1A94F389251,id=bac7de5e-ce79-4cb5-a11a-f24956f645d5
2019-10-06 14:47:09,979 [RatisPipelineUtilsThread] INFO  pipeline.PipelineStateManager (PipelineStateManager.java:addPipeline(56)) - Created pipeline Pipeline[ Id: c0a03ecd-2ce9-49e6-99f1-a1a94f389251, Nodes: b6b70025-229b-4dd1-ae93-bca2d1b64bcf{ip: 192.168.151.114, host: ozone-build-dev-hxm7v-1976773872, networkLocation: /default-rack, certSerialId: null}be7a26d3-2201-432c-a96b-ef86ee840878{ip: 192.168.151.114, host: ozone-build-dev-hxm7v-1976773872, networkLocation: /default-rack, certSerialId: null}bac7de5e-ce79-4cb5-a11a-f24956f645d5{ip: 192.168.151.114, host: ozone-build-dev-hxm7v-1976773872, networkLocation: /default-rack, certSerialId: null}, Type:RATIS, Factor:THREE, State:OPEN]
2019-10-06 14:47:10,845 [main] INFO  ozone.MiniOzoneClusterImpl (MiniOzoneClusterImpl.java:lambda$waitForClusterToBeReady$0(147)) - Cluster is ready. Got 7 of 7 DN Heartbeats.
2019-10-06 14:47:10,875 [main] INFO  rpc.RpcClient (RpcClient.java:createVolume(277)) - Creating Volume: testblockoutputstream, with jenkins1000 as owner.
2019-10-06 14:47:10,878 [IPC Server handler 1 on 37891] INFO  volume.OMVolumeCreateRequest (OMVolumeCreateRequest.java:validateAndUpdateCache(193)) - created volume:testblockoutputstream for user:jenkins1000
2019-10-06 14:47:10,889 [main] INFO  rpc.RpcClient (RpcClient.java:createBucket(416)) - Creating Bucket: testblockoutputstream/testblockoutputstream, with Versioning false and Storage Type set to DISK and Encryption set to false 
2019-10-06 14:47:12,475 [Thread-3869] INFO  container.ReplicationManager (ReplicationManager.java:start(162)) - Starting Replication Monitor Thread.
2019-10-06 14:47:12,479 [ReplicationMonitor] INFO  container.ReplicationManager (ReplicationManager.java:run(225)) - Replication Monitor Thread took 0 milliseconds for processing 1 containers.
2019-10-06 14:47:14,522 [Thread-3871] INFO  impl.FollowerState (FollowerState.java:run(108)) - bdbf3c7d-7ab8-45d0-a00e-9a90afbb196e@group-960807561940-FollowerState: change to CANDIDATE, lastRpcTime:5009ms, electionTimeout:5009ms
2019-10-06 14:47:14,523 [Thread-3871] INFO  impl.RoleInfo (RoleInfo.java:shutdownFollowerState(121)) - bdbf3c7d-7ab8-45d0-a00e-9a90afbb196e: shutdown FollowerState
2019-10-06 14:47:14,523 [Thread-3871] INFO  impl.RaftServerImpl (RaftServerImpl.java:setRole(170)) - bdbf3c7d-7ab8-45d0-a00e-9a90afbb196e@group-960807561940: changes role from  FOLLOWER to CANDIDATE at term 0 for changeToCandidate
2019-10-06 14:47:14,523 [Thread-3871] INFO  impl.RoleInfo (RoleInfo.java:updateAndGet(143)) - bdbf3c7d-7ab8-45d0-a00e-9a90afbb196e: start LeaderElection
2019-10-06 14:47:14,544 [bdbf3c7d-7ab8-45d0-a00e-9a90afbb196e@group-960807561940-LeaderElection87] INFO  impl.LeaderElection (LeaderElection.java:askForVotes(178)) - bdbf3c7d-7ab8-45d0-a00e-9a90afbb196e@group-960807561940-LeaderElection87: begin an election at term 1 for -1: [bdbf3c7d-7ab8-45d0-a00e-9a90afbb196e:192.168.151.114:40384], old=null
2019-10-06 14:47:14,544 [bdbf3c7d-7ab8-45d0-a00e-9a90afbb196e@group-960807561940-LeaderElection87] INFO  impl.RoleInfo (RoleInfo.java:shutdownLeaderElection(134)) - bdbf3c7d-7ab8-45d0-a00e-9a90afbb196e: shutdown LeaderElection
2019-10-06 14:47:14,544 [bdbf3c7d-7ab8-45d0-a00e-9a90afbb196e@group-960807561940-LeaderElection87] INFO  impl.RaftServerImpl (RaftServerImpl.java:setRole(170)) - bdbf3c7d-7ab8-45d0-a00e-9a90afbb196e@group-960807561940: changes role from CANDIDATE to LEADER at term 1 for changeToLeader
2019-10-06 14:47:14,544 [bdbf3c7d-7ab8-45d0-a00e-9a90afbb196e@group-960807561940-LeaderElection87] INFO  impl.RaftServerImpl (ServerState.java:setLeader(255)) - bdbf3c7d-7ab8-45d0-a00e-9a90afbb196e@group-960807561940: change Leader from null to bdbf3c7d-7ab8-45d0-a00e-9a90afbb196e at term 1 for becomeLeader, leader elected after 5036ms
2019-10-06 14:47:14,545 [bdbf3c7d-7ab8-45d0-a00e-9a90afbb196e@group-960807561940-LeaderElection87] INFO  server.RaftServerConfigKeys (ConfUtils.java:logGet(43)) - raft.server.staging.catchup.gap = 1000 (default)
2019-10-06 14:47:14,545 [bdbf3c7d-7ab8-45d0-a00e-9a90afbb196e@group-960807561940-LeaderElection87] INFO  server.RaftServerConfigKeys (ConfUtils.java:logGet(43)) - raft.server.rpc.sleep.time = 25ms (default)
2019-10-06 14:47:14,545 [bdbf3c7d-7ab8-45d0-a00e-9a90afbb196e@group-960807561940-LeaderElection87] INFO  server.RaftServerConfigKeys (ConfUtils.java:logGet(43)) - raft.server.write.element-limit = 4096 (default)
2019-10-06 14:47:14,545 [bdbf3c7d-7ab8-45d0-a00e-9a90afbb196e@group-960807561940-LeaderElection87] INFO  server.RaftServerConfigKeys (ConfUtils.java:logGet(43)) - raft.server.watch.timeout = 10s (default)
2019-10-06 14:47:14,545 [bdbf3c7d-7ab8-45d0-a00e-9a90afbb196e@group-960807561940-LeaderElection87] INFO  server.RaftServerConfigKeys (ConfUtils.java:logGet(43)) - raft.server.watch.timeout.denomination = 1s (default)
2019-10-06 14:47:14,546 [bdbf3c7d-7ab8-45d0-a00e-9a90afbb196e@group-960807561940-LeaderElection87] INFO  server.RaftServerConfigKeys (ConfUtils.java:logGet(43)) - raft.server.watch.element-limit = 65536 (default)
2019-10-06 14:47:14,548 [bdbf3c7d-7ab8-45d0-a00e-9a90afbb196e@group-960807561940-LeaderElection87] INFO  impl.RoleInfo (RoleInfo.java:updateAndGet(143)) - bdbf3c7d-7ab8-45d0-a00e-9a90afbb196e: start LeaderState
2019-10-06 14:47:14,548 [bdbf3c7d-7ab8-45d0-a00e-9a90afbb196e@group-960807561940-LeaderElection87] INFO  segmented.SegmentedRaftLogWorker (SegmentedRaftLogWorker.java:startLogSegment(385)) - bdbf3c7d-7ab8-45d0-a00e-9a90afbb196e@group-960807561940-SegmentedRaftLogWorker: Starting segment from index:0
2019-10-06 14:47:14,549 [bdbf3c7d-7ab8-45d0-a00e-9a90afbb196e@group-960807561940-LeaderElection87] INFO  impl.RaftServerImpl (ServerState.java:setRaftConf(356)) - bdbf3c7d-7ab8-45d0-a00e-9a90afbb196e@group-960807561940: set configuration 0: [bdbf3c7d-7ab8-45d0-a00e-9a90afbb196e:192.168.151.114:40384], old=null at 0
2019-10-06 14:47:14,583 [bdbf3c7d-7ab8-45d0-a00e-9a90afbb196e@group-960807561940-SegmentedRaftLogWorker] INFO  segmented.SegmentedRaftLogWorker (SegmentedRaftLogWorker.java:execute(574)) - bdbf3c7d-7ab8-45d0-a00e-9a90afbb196e@group-960807561940-SegmentedRaftLogWorker: created new log segment /workdir/hadoop-ozone/integration-test/target/test-dir/MiniOzoneClusterImpl-a7993c58-b5b1-413b-983e-895559c32200/datanode-0/data/ratis/f56ed0d7-6e4d-4d63-ab9c-960807561940/current/log_inprogress_0
2019-10-06 14:47:14,667 [Thread-3882] INFO  impl.FollowerState (FollowerState.java:run(108)) - 1c73777b-379a-4e58-afe3-e36257195a83@group-7304E6CF6906-FollowerState: change to CANDIDATE, lastRpcTime:5006ms, electionTimeout:5006ms
2019-10-06 14:47:14,667 [Thread-3882] INFO  impl.RoleInfo (RoleInfo.java:shutdownFollowerState(121)) - 1c73777b-379a-4e58-afe3-e36257195a83: shutdown FollowerState
2019-10-06 14:47:14,667 [Thread-3882] INFO  impl.RaftServerImpl (RaftServerImpl.java:setRole(170)) - 1c73777b-379a-4e58-afe3-e36257195a83@group-7304E6CF6906: changes role from  FOLLOWER to CANDIDATE at term 0 for changeToCandidate
2019-10-06 14:47:14,667 [Thread-3882] INFO  impl.RoleInfo (RoleInfo.java:updateAndGet(143)) - 1c73777b-379a-4e58-afe3-e36257195a83: start LeaderElection
2019-10-06 14:47:14,682 [Thread-3874] INFO  impl.FollowerState (FollowerState.java:run(108)) - 1c73777b-379a-4e58-afe3-e36257195a83@group-FEDDA15FBC29-FollowerState: change to CANDIDATE, lastRpcTime:5105ms, electionTimeout:5105ms
2019-10-06 14:47:14,682 [Thread-3874] INFO  impl.RoleInfo (RoleInfo.java:shutdownFollowerState(121)) - 1c73777b-379a-4e58-afe3-e36257195a83: shutdown FollowerState
2019-10-06 14:47:14,682 [Thread-3874] INFO  impl.RaftServerImpl (RaftServerImpl.java:setRole(170)) - 1c73777b-379a-4e58-afe3-e36257195a83@group-FEDDA15FBC29: changes role from  FOLLOWER to CANDIDATE at term 0 for changeToCandidate
2019-10-06 14:47:14,682 [Thread-3874] INFO  impl.RoleInfo (RoleInfo.java:updateAndGet(143)) - 1c73777b-379a-4e58-afe3-e36257195a83: start LeaderElection
2019-10-06 14:47:14,688 [1c73777b-379a-4e58-afe3-e36257195a83@group-7304E6CF6906-LeaderElection88] INFO  impl.LeaderElection (LeaderElection.java:askForVotes(178)) - 1c73777b-379a-4e58-afe3-e36257195a83@group-7304E6CF6906-LeaderElection88: begin an election at term 1 for -1: [1c73777b-379a-4e58-afe3-e36257195a83:192.168.151.114:37595, 19150db3-7c2b-4c29-b1cb-de3372b4b7d7:192.168.151.114:34558, bdbf3c7d-7ab8-45d0-a00e-9a90afbb196e:192.168.151.114:40384], old=null
2019-10-06 14:47:14,691 [grpc-default-executor-4] INFO  impl.RaftServerImpl (RaftServerImpl.java:setRole(170)) - 19150db3-7c2b-4c29-b1cb-de3372b4b7d7@group-7304E6CF6906: changes role from  FOLLOWER to FOLLOWER at term 1 for recognizeCandidate:1c73777b-379a-4e58-afe3-e36257195a83
2019-10-06 14:47:14,691 [grpc-default-executor-8] INFO  impl.RaftServerImpl (RaftServerImpl.java:setRole(170)) - bdbf3c7d-7ab8-45d0-a00e-9a90afbb196e@group-7304E6CF6906: changes role from  FOLLOWER to FOLLOWER at term 1 for recognizeCandidate:1c73777b-379a-4e58-afe3-e36257195a83
2019-10-06 14:47:14,692 [grpc-default-executor-4] INFO  impl.RoleInfo (RoleInfo.java:shutdownFollowerState(121)) - 19150db3-7c2b-4c29-b1cb-de3372b4b7d7: shutdown FollowerState
2019-10-06 14:47:14,692 [grpc-default-executor-8] INFO  impl.RoleInfo (RoleInfo.java:shutdownFollowerState(121)) - bdbf3c7d-7ab8-45d0-a00e-9a90afbb196e: shutdown FollowerState
2019-10-06 14:47:14,692 [Thread-3883] INFO  impl.FollowerState (FollowerState.java:run(117)) - 19150db3-7c2b-4c29-b1cb-de3372b4b7d7@group-7304E6CF6906-FollowerState was interrupted: java.lang.InterruptedException: sleep interrupted
2019-10-06 14:47:14,692 [grpc-default-executor-4] INFO  impl.RoleInfo (RoleInfo.java:updateAndGet(143)) - 19150db3-7c2b-4c29-b1cb-de3372b4b7d7: start FollowerState
2019-10-06 14:47:14,692 [Thread-3884] INFO  impl.FollowerState (FollowerState.java:run(117)) - bdbf3c7d-7ab8-45d0-a00e-9a90afbb196e@group-7304E6CF6906-FollowerState was interrupted: java.lang.InterruptedException: sleep interrupted
2019-10-06 14:47:14,692 [grpc-default-executor-8] INFO  impl.RoleInfo (RoleInfo.java:updateAndGet(143)) - bdbf3c7d-7ab8-45d0-a00e-9a90afbb196e: start FollowerState
2019-10-06 14:47:14,701 [1c73777b-379a-4e58-afe3-e36257195a83@group-FEDDA15FBC29-LeaderElection89] INFO  impl.LeaderElection (LeaderElection.java:askForVotes(178)) - 1c73777b-379a-4e58-afe3-e36257195a83@group-FEDDA15FBC29-LeaderElection89: begin an election at term 1 for -1: [1c73777b-379a-4e58-afe3-e36257195a83:192.168.151.114:37595], old=null
2019-10-06 14:47:14,701 [1c73777b-379a-4e58-afe3-e36257195a83@group-FEDDA15FBC29-LeaderElection89] INFO  impl.RoleInfo (RoleInfo.java:shutdownLeaderElection(134)) - 1c73777b-379a-4e58-afe3-e36257195a83: shutdown LeaderElection
2019-10-06 14:47:14,702 [1c73777b-379a-4e58-afe3-e36257195a83@group-FEDDA15FBC29-LeaderElection89] INFO  impl.RaftServerImpl (RaftServerImpl.java:setRole(170)) - 1c73777b-379a-4e58-afe3-e36257195a83@group-FEDDA15FBC29: changes role from CANDIDATE to LEADER at term 1 for changeToLeader
2019-10-06 14:47:14,702 [1c73777b-379a-4e58-afe3-e36257195a83@group-FEDDA15FBC29-LeaderElection89] INFO  impl.RaftServerImpl (ServerState.java:setLeader(255)) - 1c73777b-379a-4e58-afe3-e36257195a83@group-FEDDA15FBC29: change Leader from null to 1c73777b-379a-4e58-afe3-e36257195a83 at term 1 for becomeLeader, leader elected after 5129ms
2019-10-06 14:47:14,702 [1c73777b-379a-4e58-afe3-e36257195a83@group-FEDDA15FBC29-LeaderElection89] INFO  server.RaftServerConfigKeys (ConfUtils.java:logGet(43)) - raft.server.staging.catchup.gap = 1000 (default)
2019-10-06 14:47:14,702 [1c73777b-379a-4e58-afe3-e36257195a83@group-FEDDA15FBC29-LeaderElection89] INFO  server.RaftServerConfigKeys (ConfUtils.java:logGet(43)) - raft.server.rpc.sleep.time = 25ms (default)
2019-10-06 14:47:14,702 [1c73777b-379a-4e58-afe3-e36257195a83@group-7304E6CF6906-LeaderElection88] INFO  impl.LeaderElection (LeaderElection.java:logAndReturn(56)) - 1c73777b-379a-4e58-afe3-e36257195a83@group-7304E6CF6906-LeaderElection88: Election PASSED; received 1 response(s) [1c73777b-379a-4e58-afe3-e36257195a83<-bdbf3c7d-7ab8-45d0-a00e-9a90afbb196e#0:OK-t1] and 0 exception(s); 1c73777b-379a-4e58-afe3-e36257195a83@group-7304E6CF6906:t1, leader=null, voted=1c73777b-379a-4e58-afe3-e36257195a83, raftlog=1c73777b-379a-4e58-afe3-e36257195a83@group-7304E6CF6906-SegmentedRaftLog:OPENED:c-1,f-1,i0, conf=-1: [1c73777b-379a-4e58-afe3-e36257195a83:192.168.151.114:37595, 19150db3-7c2b-4c29-b1cb-de3372b4b7d7:192.168.151.114:34558, bdbf3c7d-7ab8-45d0-a00e-9a90afbb196e:192.168.151.114:40384], old=null
2019-10-06 14:47:14,702 [1c73777b-379a-4e58-afe3-e36257195a83@group-FEDDA15FBC29-LeaderElection89] INFO  server.RaftServerConfigKeys (ConfUtils.java:logGet(43)) - raft.server.write.element-limit = 4096 (default)
2019-10-06 14:47:14,702 [1c73777b-379a-4e58-afe3-e36257195a83@group-7304E6CF6906-LeaderElection88] INFO  impl.RoleInfo (RoleInfo.java:shutdownLeaderElection(134)) - 1c73777b-379a-4e58-afe3-e36257195a83: shutdown LeaderElection
2019-10-06 14:47:14,704 [1c73777b-379a-4e58-afe3-e36257195a83@group-FEDDA15FBC29-LeaderElection89] INFO  server.RaftServerConfigKeys (ConfUtils.java:logGet(43)) - raft.server.watch.timeout = 10s (default)
2019-10-06 14:47:14,704 [1c73777b-379a-4e58-afe3-e36257195a83@group-7304E6CF6906-LeaderElection88] INFO  impl.RaftServerImpl (RaftServerImpl.java:setRole(170)) - 1c73777b-379a-4e58-afe3-e36257195a83@group-7304E6CF6906: changes role from CANDIDATE to LEADER at term 1 for changeToLeader
2019-10-06 14:47:14,704 [1c73777b-379a-4e58-afe3-e36257195a83@group-FEDDA15FBC29-LeaderElection89] INFO  server.RaftServerConfigKeys (ConfUtils.java:logGet(43)) - raft.server.watch.timeout.denomination = 1s (default)
2019-10-06 14:47:14,705 [1c73777b-379a-4e58-afe3-e36257195a83@group-7304E6CF6906-LeaderElection88] INFO  impl.RaftServerImpl (ServerState.java:setLeader(255)) - 1c73777b-379a-4e58-afe3-e36257195a83@group-7304E6CF6906: change Leader from null to 1c73777b-379a-4e58-afe3-e36257195a83 at term 1 for becomeLeader, leader elected after 5051ms
2019-10-06 14:47:14,705 [1c73777b-379a-4e58-afe3-e36257195a83@group-FEDDA15FBC29-LeaderElection89] INFO  server.RaftServerConfigKeys (ConfUtils.java:logGet(43)) - raft.server.watch.element-limit = 65536 (default)
2019-10-06 14:47:14,705 [1c73777b-379a-4e58-afe3-e36257195a83@group-7304E6CF6906-LeaderElection88] INFO  server.RaftServerConfigKeys (ConfUtils.java:logGet(43)) - raft.server.staging.catchup.gap = 1000 (default)
2019-10-06 14:47:14,705 [1c73777b-379a-4e58-afe3-e36257195a83@group-7304E6CF6906-LeaderElection88] INFO  server.RaftServerConfigKeys (ConfUtils.java:logGet(43)) - raft.server.rpc.sleep.time = 25ms (default)
2019-10-06 14:47:14,705 [1c73777b-379a-4e58-afe3-e36257195a83@group-7304E6CF6906-LeaderElection88] INFO  server.RaftServerConfigKeys (ConfUtils.java:logGet(43)) - raft.server.write.element-limit = 4096 (default)
2019-10-06 14:47:14,706 [1c73777b-379a-4e58-afe3-e36257195a83@group-7304E6CF6906-LeaderElection88] INFO  server.RaftServerConfigKeys (ConfUtils.java:logGet(43)) - raft.server.watch.timeout = 10s (default)
2019-10-06 14:47:14,706 [1c73777b-379a-4e58-afe3-e36257195a83@group-7304E6CF6906-LeaderElection88] INFO  server.RaftServerConfigKeys (ConfUtils.java:logGet(43)) - raft.server.watch.timeout.denomination = 1s (default)
2019-10-06 14:47:14,706 [1c73777b-379a-4e58-afe3-e36257195a83@group-7304E6CF6906-LeaderElection88] INFO  server.RaftServerConfigKeys (ConfUtils.java:logGet(43)) - raft.server.watch.element-limit = 65536 (default)
2019-10-06 14:47:14,707 [1c73777b-379a-4e58-afe3-e36257195a83@group-FEDDA15FBC29-LeaderElection89] INFO  impl.RoleInfo (RoleInfo.java:updateAndGet(143)) - 1c73777b-379a-4e58-afe3-e36257195a83: start LeaderState
2019-10-06 14:47:14,707 [1c73777b-379a-4e58-afe3-e36257195a83@group-FEDDA15FBC29-LeaderElection89] INFO  segmented.SegmentedRaftLogWorker (SegmentedRaftLogWorker.java:startLogSegment(385)) - 1c73777b-379a-4e58-afe3-e36257195a83@group-FEDDA15FBC29-SegmentedRaftLogWorker: Starting segment from index:0
2019-10-06 14:47:14,708 [1c73777b-379a-4e58-afe3-e36257195a83@group-7304E6CF6906-LeaderElection88] INFO  server.RaftServerConfigKeys (ConfUtils.java:logGet(43)) - raft.server.log.appender.snapshot.chunk.size.max = 16MB (=16777216) (default)
2019-10-06 14:47:14,709 [1c73777b-379a-4e58-afe3-e36257195a83@group-7304E6CF6906-LeaderElection88] INFO  server.RaftServerConfigKeys (ConfUtils.java:logGet(43)) - raft.server.log.appender.buffer.byte-limit = 33554432 (custom)
2019-10-06 14:47:14,709 [1c73777b-379a-4e58-afe3-e36257195a83@group-FEDDA15FBC29-LeaderElection89] INFO  impl.RaftServerImpl (ServerState.java:setRaftConf(356)) - 1c73777b-379a-4e58-afe3-e36257195a83@group-FEDDA15FBC29: set configuration 0: [1c73777b-379a-4e58-afe3-e36257195a83:192.168.151.114:37595], old=null at 0
2019-10-06 14:47:14,709 [1c73777b-379a-4e58-afe3-e36257195a83@group-7304E6CF6906-LeaderElection88] INFO  server.RaftServerConfigKeys (ConfUtils.java:logGet(43)) - raft.server.log.appender.buffer.element-limit = 1 (custom)
2019-10-06 14:47:14,709 [1c73777b-379a-4e58-afe3-e36257195a83@group-7304E6CF6906-LeaderElection88] INFO  grpc.GrpcConfigKeys$Server (ConfUtils.java:logGet(43)) - raft.grpc.server.leader.outstanding.appends.max = 128 (default)
2019-10-06 14:47:14,710 [1c73777b-379a-4e58-afe3-e36257195a83@group-7304E6CF6906-LeaderElection88] INFO  server.RaftServerConfigKeys (ConfUtils.java:logGet(43)) - raft.server.rpc.request.timeout = 3000ms (default)
2019-10-06 14:47:14,710 [1c73777b-379a-4e58-afe3-e36257195a83@group-7304E6CF6906-LeaderElection88] INFO  server.RaftServerConfigKeys (ConfUtils.java:logGet(43)) - raft.server.log.appender.install.snapshot.enabled = false (custom)
2019-10-06 14:47:14,710 [1c73777b-379a-4e58-afe3-e36257195a83@group-7304E6CF6906-LeaderElection88] INFO  server.RaftServerConfigKeys (ConfUtils.java:logGet(43)) - raft.server.log.appender.snapshot.chunk.size.max = 16MB (=16777216) (default)
2019-10-06 14:47:14,710 [1c73777b-379a-4e58-afe3-e36257195a83@group-7304E6CF6906-LeaderElection88] INFO  server.RaftServerConfigKeys (ConfUtils.java:logGet(43)) - raft.server.log.appender.buffer.byte-limit = 33554432 (custom)
2019-10-06 14:47:14,710 [1c73777b-379a-4e58-afe3-e36257195a83@group-7304E6CF6906-LeaderElection88] INFO  server.RaftServerConfigKeys (ConfUtils.java:logGet(43)) - raft.server.log.appender.buffer.element-limit = 1 (custom)
2019-10-06 14:47:14,711 [1c73777b-379a-4e58-afe3-e36257195a83@group-7304E6CF6906-LeaderElection88] INFO  grpc.GrpcConfigKeys$Server (ConfUtils.java:logGet(43)) - raft.grpc.server.leader.outstanding.appends.max = 128 (default)
2019-10-06 14:47:14,711 [1c73777b-379a-4e58-afe3-e36257195a83@group-7304E6CF6906-LeaderElection88] INFO  server.RaftServerConfigKeys (ConfUtils.java:logGet(43)) - raft.server.rpc.request.timeout = 3000ms (default)
2019-10-06 14:47:14,711 [1c73777b-379a-4e58-afe3-e36257195a83@group-7304E6CF6906-LeaderElection88] INFO  server.RaftServerConfigKeys (ConfUtils.java:logGet(43)) - raft.server.log.appender.install.snapshot.enabled = false (custom)
2019-10-06 14:47:14,711 [1c73777b-379a-4e58-afe3-e36257195a83@group-7304E6CF6906-LeaderElection88] INFO  impl.RoleInfo (RoleInfo.java:updateAndGet(143)) - 1c73777b-379a-4e58-afe3-e36257195a83: start LeaderState
2019-10-06 14:47:14,712 [1c73777b-379a-4e58-afe3-e36257195a83@group-7304E6CF6906-LeaderElection88] INFO  segmented.SegmentedRaftLogWorker (SegmentedRaftLogWorker.java:startLogSegment(385)) - 1c73777b-379a-4e58-afe3-e36257195a83@group-7304E6CF6906-SegmentedRaftLogWorker: Starting segment from index:0
2019-10-06 14:47:14,712 [1c73777b-379a-4e58-afe3-e36257195a83@group-7304E6CF6906-LeaderElection88] INFO  impl.RaftServerImpl (ServerState.java:setRaftConf(356)) - 1c73777b-379a-4e58-afe3-e36257195a83@group-7304E6CF6906: set configuration 0: [1c73777b-379a-4e58-afe3-e36257195a83:192.168.151.114:37595, 19150db3-7c2b-4c29-b1cb-de3372b4b7d7:192.168.151.114:34558, bdbf3c7d-7ab8-45d0-a00e-9a90afbb196e:192.168.151.114:40384], old=null at 0
2019-10-06 14:47:14,742 [grpc-default-executor-4] INFO  impl.RaftServerImpl (ServerState.java:setLeader(255)) - bdbf3c7d-7ab8-45d0-a00e-9a90afbb196e@group-7304E6CF6906: change Leader from null to 1c73777b-379a-4e58-afe3-e36257195a83 at term 1 for appendEntries, leader elected after 5089ms
2019-10-06 14:47:14,742 [grpc-default-executor-8] INFO  impl.RaftServerImpl (ServerState.java:setLeader(255)) - 19150db3-7c2b-4c29-b1cb-de3372b4b7d7@group-7304E6CF6906: change Leader from null to 1c73777b-379a-4e58-afe3-e36257195a83 at term 1 for appendEntries, leader elected after 5089ms
2019-10-06 14:47:14,744 [grpc-default-executor-8] INFO  impl.RaftServerImpl (ServerState.java:setRaftConf(356)) - bdbf3c7d-7ab8-45d0-a00e-9a90afbb196e@group-7304E6CF6906: set configuration 0: [1c73777b-379a-4e58-afe3-e36257195a83:192.168.151.114:37595, 19150db3-7c2b-4c29-b1cb-de3372b4b7d7:192.168.151.114:34558, bdbf3c7d-7ab8-45d0-a00e-9a90afbb196e:192.168.151.114:40384], old=null at 0
2019-10-06 14:47:14,744 [grpc-default-executor-8] INFO  segmented.SegmentedRaftLogWorker (SegmentedRaftLogWorker.java:startLogSegment(385)) - bdbf3c7d-7ab8-45d0-a00e-9a90afbb196e@group-7304E6CF6906-SegmentedRaftLogWorker: Starting segment from index:0
2019-10-06 14:47:14,744 [grpc-default-executor-4] INFO  impl.RaftServerImpl (ServerState.java:setRaftConf(356)) - 19150db3-7c2b-4c29-b1cb-de3372b4b7d7@group-7304E6CF6906: set configuration 0: [1c73777b-379a-4e58-afe3-e36257195a83:192.168.151.114:37595, 19150db3-7c2b-4c29-b1cb-de3372b4b7d7:192.168.151.114:34558, bdbf3c7d-7ab8-45d0-a00e-9a90afbb196e:192.168.151.114:40384], old=null at 0
2019-10-06 14:47:14,745 [grpc-default-executor-4] INFO  segmented.SegmentedRaftLogWorker (SegmentedRaftLogWorker.java:startLogSegment(385)) - 19150db3-7c2b-4c29-b1cb-de3372b4b7d7@group-7304E6CF6906-SegmentedRaftLogWorker: Starting segment from index:0
2019-10-06 14:47:14,751 [1c73777b-379a-4e58-afe3-e36257195a83@group-7304E6CF6906-SegmentedRaftLogWorker] INFO  segmented.SegmentedRaftLogWorker (SegmentedRaftLogWorker.java:execute(574)) - 1c73777b-379a-4e58-afe3-e36257195a83@group-7304E6CF6906-SegmentedRaftLogWorker: created new log segment /workdir/hadoop-ozone/integration-test/target/test-dir/MiniOzoneClusterImpl-a7993c58-b5b1-413b-983e-895559c32200/datanode-1/data/ratis/25f58045-b707-4894-b185-7304e6cf6906/current/log_inprogress_0
2019-10-06 14:47:14,751 [1c73777b-379a-4e58-afe3-e36257195a83@group-FEDDA15FBC29-SegmentedRaftLogWorker] INFO  segmented.SegmentedRaftLogWorker (SegmentedRaftLogWorker.java:execute(574)) - 1c73777b-379a-4e58-afe3-e36257195a83@group-FEDDA15FBC29-SegmentedRaftLogWorker: created new log segment /workdir/hadoop-ozone/integration-test/target/test-dir/MiniOzoneClusterImpl-a7993c58-b5b1-413b-983e-895559c32200/datanode-1/data/ratis/4aecf71a-c8b6-47d9-a0ab-fedda15fbc29/current/log_inprogress_0
2019-10-06 14:47:14,784 [bdbf3c7d-7ab8-45d0-a00e-9a90afbb196e@group-7304E6CF6906-SegmentedRaftLogWorker] INFO  segmented.SegmentedRaftLogWorker (SegmentedRaftLogWorker.java:execute(574)) - bdbf3c7d-7ab8-45d0-a00e-9a90afbb196e@group-7304E6CF6906-SegmentedRaftLogWorker: created new log segment /workdir/hadoop-ozone/integration-test/target/test-dir/MiniOzoneClusterImpl-a7993c58-b5b1-413b-983e-895559c32200/datanode-0/data/ratis/25f58045-b707-4894-b185-7304e6cf6906/current/log_inprogress_0
2019-10-06 14:47:14,784 [19150db3-7c2b-4c29-b1cb-de3372b4b7d7@group-7304E6CF6906-SegmentedRaftLogWorker] INFO  segmented.SegmentedRaftLogWorker (SegmentedRaftLogWorker.java:execute(574)) - 19150db3-7c2b-4c29-b1cb-de3372b4b7d7@group-7304E6CF6906-SegmentedRaftLogWorker: created new log segment /workdir/hadoop-ozone/integration-test/target/test-dir/MiniOzoneClusterImpl-a7993c58-b5b1-413b-983e-895559c32200/datanode-2/data/ratis/25f58045-b707-4894-b185-7304e6cf6906/current/log_inprogress_0
2019-10-06 14:47:14,787 [Thread-3877] INFO  impl.FollowerState (FollowerState.java:run(108)) - 19150db3-7c2b-4c29-b1cb-de3372b4b7d7@group-58A4910EAC73-FollowerState: change to CANDIDATE, lastRpcTime:5174ms, electionTimeout:5174ms
2019-10-06 14:47:14,787 [Thread-3877] INFO  impl.RoleInfo (RoleInfo.java:shutdownFollowerState(121)) - 19150db3-7c2b-4c29-b1cb-de3372b4b7d7: shutdown FollowerState
2019-10-06 14:47:14,787 [Thread-3877] INFO  impl.RaftServerImpl (RaftServerImpl.java:setRole(170)) - 19150db3-7c2b-4c29-b1cb-de3372b4b7d7@group-58A4910EAC73: changes role from  FOLLOWER to CANDIDATE at term 0 for changeToCandidate
2019-10-06 14:47:14,787 [Thread-3877] INFO  impl.RoleInfo (RoleInfo.java:updateAndGet(143)) - 19150db3-7c2b-4c29-b1cb-de3372b4b7d7: start LeaderElection
2019-10-06 14:47:14,807 [19150db3-7c2b-4c29-b1cb-de3372b4b7d7@group-58A4910EAC73-LeaderElection90] INFO  impl.LeaderElection (LeaderElection.java:askForVotes(178)) - 19150db3-7c2b-4c29-b1cb-de3372b4b7d7@group-58A4910EAC73-LeaderElection90: begin an election at term 1 for -1: [19150db3-7c2b-4c29-b1cb-de3372b4b7d7:192.168.151.114:34558], old=null
2019-10-06 14:47:14,807 [19150db3-7c2b-4c29-b1cb-de3372b4b7d7@group-58A4910EAC73-LeaderElection90] INFO  impl.RoleInfo (RoleInfo.java:shutdownLeaderElection(134)) - 19150db3-7c2b-4c29-b1cb-de3372b4b7d7: shutdown LeaderElection
2019-10-06 14:47:14,807 [19150db3-7c2b-4c29-b1cb-de3372b4b7d7@group-58A4910EAC73-LeaderElection90] INFO  impl.RaftServerImpl (RaftServerImpl.java:setRole(170)) - 19150db3-7c2b-4c29-b1cb-de3372b4b7d7@group-58A4910EAC73: changes role from CANDIDATE to LEADER at term 1 for changeToLeader
2019-10-06 14:47:14,807 [19150db3-7c2b-4c29-b1cb-de3372b4b7d7@group-58A4910EAC73-LeaderElection90] INFO  impl.RaftServerImpl (ServerState.java:setLeader(255)) - 19150db3-7c2b-4c29-b1cb-de3372b4b7d7@group-58A4910EAC73: change Leader from null to 19150db3-7c2b-4c29-b1cb-de3372b4b7d7 at term 1 for becomeLeader, leader elected after 5198ms
2019-10-06 14:47:14,807 [19150db3-7c2b-4c29-b1cb-de3372b4b7d7@group-58A4910EAC73-LeaderElection90] INFO  server.RaftServerConfigKeys (ConfUtils.java:logGet(43)) - raft.server.staging.catchup.gap = 1000 (default)
2019-10-06 14:47:14,807 [19150db3-7c2b-4c29-b1cb-de3372b4b7d7@group-58A4910EAC73-LeaderElection90] INFO  server.RaftServerConfigKeys (ConfUtils.java:logGet(43)) - raft.server.rpc.sleep.time = 25ms (default)
2019-10-06 14:47:14,807 [19150db3-7c2b-4c29-b1cb-de3372b4b7d7@group-58A4910EAC73-LeaderElection90] INFO  server.RaftServerConfigKeys (ConfUtils.java:logGet(43)) - raft.server.write.element-limit = 4096 (default)
2019-10-06 14:47:14,807 [19150db3-7c2b-4c29-b1cb-de3372b4b7d7@group-58A4910EAC73-LeaderElection90] INFO  server.RaftServerConfigKeys (ConfUtils.java:logGet(43)) - raft.server.watch.timeout = 10s (default)
2019-10-06 14:47:14,807 [19150db3-7c2b-4c29-b1cb-de3372b4b7d7@group-58A4910EAC73-LeaderElection90] INFO  server.RaftServerConfigKeys (ConfUtils.java:logGet(43)) - raft.server.watch.timeout.denomination = 1s (default)
2019-10-06 14:47:14,808 [19150db3-7c2b-4c29-b1cb-de3372b4b7d7@group-58A4910EAC73-LeaderElection90] INFO  server.RaftServerConfigKeys (ConfUtils.java:logGet(43)) - raft.server.watch.element-limit = 65536 (default)
2019-10-06 14:47:14,809 [19150db3-7c2b-4c29-b1cb-de3372b4b7d7@group-58A4910EAC73-LeaderElection90] INFO  impl.RoleInfo (RoleInfo.java:updateAndGet(143)) - 19150db3-7c2b-4c29-b1cb-de3372b4b7d7: start LeaderState
2019-10-06 14:47:14,809 [19150db3-7c2b-4c29-b1cb-de3372b4b7d7@group-58A4910EAC73-LeaderElection90] INFO  segmented.SegmentedRaftLogWorker (SegmentedRaftLogWorker.java:startLogSegment(385)) - 19150db3-7c2b-4c29-b1cb-de3372b4b7d7@group-58A4910EAC73-SegmentedRaftLogWorker: Starting segment from index:0
2019-10-06 14:47:14,810 [19150db3-7c2b-4c29-b1cb-de3372b4b7d7@group-58A4910EAC73-LeaderElection90] INFO  impl.RaftServerImpl (ServerState.java:setRaftConf(356)) - 19150db3-7c2b-4c29-b1cb-de3372b4b7d7@group-58A4910EAC73: set configuration 0: [19150db3-7c2b-4c29-b1cb-de3372b4b7d7:192.168.151.114:34558], old=null at 0
2019-10-06 14:47:14,849 [19150db3-7c2b-4c29-b1cb-de3372b4b7d7@group-58A4910EAC73-SegmentedRaftLogWorker] INFO  segmented.SegmentedRaftLogWorker (SegmentedRaftLogWorker.java:execute(574)) - 19150db3-7c2b-4c29-b1cb-de3372b4b7d7@group-58A4910EAC73-SegmentedRaftLogWorker: created new log segment /workdir/hadoop-ozone/integration-test/target/test-dir/MiniOzoneClusterImpl-a7993c58-b5b1-413b-983e-895559c32200/datanode-2/data/ratis/22229073-d569-4a74-87e6-58a4910eac73/current/log_inprogress_0
2019-10-06 14:47:14,916 [Thread-3889] INFO  impl.FollowerState (FollowerState.java:run(108)) - b6b70025-229b-4dd1-ae93-bca2d1b64bcf@group-EE02D03F906F-FollowerState: change to CANDIDATE, lastRpcTime:5160ms, electionTimeout:5147ms
2019-10-06 14:47:14,916 [Thread-3889] INFO  impl.RoleInfo (RoleInfo.java:shutdownFollowerState(121)) - b6b70025-229b-4dd1-ae93-bca2d1b64bcf: shutdown FollowerState
2019-10-06 14:47:14,916 [Thread-3889] INFO  impl.RaftServerImpl (RaftServerImpl.java:setRole(170)) - b6b70025-229b-4dd1-ae93-bca2d1b64bcf@group-EE02D03F906F: changes role from  FOLLOWER to CANDIDATE at term 0 for changeToCandidate
2019-10-06 14:47:14,916 [Thread-3889] INFO  impl.RoleInfo (RoleInfo.java:updateAndGet(143)) - b6b70025-229b-4dd1-ae93-bca2d1b64bcf: start LeaderElection
2019-10-06 14:47:14,932 [Thread-3897] INFO  impl.FollowerState (FollowerState.java:run(108)) - bac7de5e-ce79-4cb5-a11a-f24956f645d5@group-5A06010D7849-FollowerState: change to CANDIDATE, lastRpcTime:5054ms, electionTimeout:5046ms
2019-10-06 14:47:14,932 [Thread-3897] INFO  impl.RoleInfo (RoleInfo.java:shutdownFollowerState(121)) - bac7de5e-ce79-4cb5-a11a-f24956f645d5: shutdown FollowerState
2019-10-06 14:47:14,932 [Thread-3897] INFO  impl.RaftServerImpl (RaftServerImpl.java:setRole(170)) - bac7de5e-ce79-4cb5-a11a-f24956f645d5@group-5A06010D7849: changes role from  FOLLOWER to CANDIDATE at term 0 for changeToCandidate
2019-10-06 14:47:14,933 [Thread-3897] INFO  impl.RoleInfo (RoleInfo.java:updateAndGet(143)) - bac7de5e-ce79-4cb5-a11a-f24956f645d5: start LeaderElection
2019-10-06 14:47:14,937 [Thread-3894] INFO  impl.FollowerState (FollowerState.java:run(108)) - be7a26d3-2201-432c-a96b-ef86ee840878@group-908586D6C8D7-FollowerState: change to CANDIDATE, lastRpcTime:5111ms, electionTimeout:5111ms
2019-10-06 14:47:14,937 [Thread-3894] INFO  impl.RoleInfo (RoleInfo.java:shutdownFollowerState(121)) - be7a26d3-2201-432c-a96b-ef86ee840878: shutdown FollowerState
2019-10-06 14:47:14,938 [Thread-3894] INFO  impl.RaftServerImpl (RaftServerImpl.java:setRole(170)) - be7a26d3-2201-432c-a96b-ef86ee840878@group-908586D6C8D7: changes role from  FOLLOWER to CANDIDATE at term 0 for changeToCandidate
2019-10-06 14:47:14,938 [Thread-3894] INFO  impl.RoleInfo (RoleInfo.java:updateAndGet(143)) - be7a26d3-2201-432c-a96b-ef86ee840878: start LeaderElection
2019-10-06 14:47:14,946 [be7a26d3-2201-432c-a96b-ef86ee840878@group-908586D6C8D7-LeaderElection93] INFO  impl.LeaderElection (LeaderElection.java:askForVotes(178)) - be7a26d3-2201-432c-a96b-ef86ee840878@group-908586D6C8D7-LeaderElection93: begin an election at term 1 for -1: [be7a26d3-2201-432c-a96b-ef86ee840878:192.168.151.114:33108], old=null
2019-10-06 14:47:14,946 [bac7de5e-ce79-4cb5-a11a-f24956f645d5@group-5A06010D7849-LeaderElection92] INFO  impl.LeaderElection (LeaderElection.java:askForVotes(178)) - bac7de5e-ce79-4cb5-a11a-f24956f645d5@group-5A06010D7849-LeaderElection92: begin an election at term 1 for -1: [bac7de5e-ce79-4cb5-a11a-f24956f645d5:192.168.151.114:43134], old=null
2019-10-06 14:47:14,946 [be7a26d3-2201-432c-a96b-ef86ee840878@group-908586D6C8D7-LeaderElection93] INFO  impl.RoleInfo (RoleInfo.java:shutdownLeaderElection(134)) - be7a26d3-2201-432c-a96b-ef86ee840878: shutdown LeaderElection
2019-10-06 14:47:14,946 [b6b70025-229b-4dd1-ae93-bca2d1b64bcf@group-EE02D03F906F-LeaderElection91] INFO  impl.LeaderElection (LeaderElection.java:askForVotes(178)) - b6b70025-229b-4dd1-ae93-bca2d1b64bcf@group-EE02D03F906F-LeaderElection91: begin an election at term 1 for -1: [b6b70025-229b-4dd1-ae93-bca2d1b64bcf:192.168.151.114:34932], old=null
2019-10-06 14:47:14,946 [be7a26d3-2201-432c-a96b-ef86ee840878@group-908586D6C8D7-LeaderElection93] INFO  impl.RaftServerImpl (RaftServerImpl.java:setRole(170)) - be7a26d3-2201-432c-a96b-ef86ee840878@group-908586D6C8D7: changes role from CANDIDATE to LEADER at term 1 for changeToLeader
2019-10-06 14:47:14,946 [bac7de5e-ce79-4cb5-a11a-f24956f645d5@group-5A06010D7849-LeaderElection92] INFO  impl.RoleInfo (RoleInfo.java:shutdownLeaderElection(134)) - bac7de5e-ce79-4cb5-a11a-f24956f645d5: shutdown LeaderElection
2019-10-06 14:47:14,947 [be7a26d3-2201-432c-a96b-ef86ee840878@group-908586D6C8D7-LeaderElection93] INFO  impl.RaftServerImpl (ServerState.java:setLeader(255)) - be7a26d3-2201-432c-a96b-ef86ee840878@group-908586D6C8D7: change Leader from null to be7a26d3-2201-432c-a96b-ef86ee840878 at term 1 for becomeLeader, leader elected after 5126ms
2019-10-06 14:47:14,947 [b6b70025-229b-4dd1-ae93-bca2d1b64bcf@group-EE02D03F906F-LeaderElection91] INFO  impl.RoleInfo (RoleInfo.java:shutdownLeaderElection(134)) - b6b70025-229b-4dd1-ae93-bca2d1b64bcf: shutdown LeaderElection
2019-10-06 14:47:14,947 [be7a26d3-2201-432c-a96b-ef86ee840878@group-908586D6C8D7-LeaderElection93] INFO  server.RaftServerConfigKeys (ConfUtils.java:logGet(43)) - raft.server.staging.catchup.gap = 1000 (default)
2019-10-06 14:47:14,947 [bac7de5e-ce79-4cb5-a11a-f24956f645d5@group-5A06010D7849-LeaderElection92] INFO  impl.RaftServerImpl (RaftServerImpl.java:setRole(170)) - bac7de5e-ce79-4cb5-a11a-f24956f645d5@group-5A06010D7849: changes role from CANDIDATE to LEADER at term 1 for changeToLeader
2019-10-06 14:47:14,947 [be7a26d3-2201-432c-a96b-ef86ee840878@group-908586D6C8D7-LeaderElection93] INFO  server.RaftServerConfigKeys (ConfUtils.java:logGet(43)) - raft.server.rpc.sleep.time = 25ms (default)
2019-10-06 14:47:14,947 [b6b70025-229b-4dd1-ae93-bca2d1b64bcf@group-EE02D03F906F-LeaderElection91] INFO  impl.RaftServerImpl (RaftServerImpl.java:setRole(170)) - b6b70025-229b-4dd1-ae93-bca2d1b64bcf@group-EE02D03F906F: changes role from CANDIDATE to LEADER at term 1 for changeToLeader
2019-10-06 14:47:14,947 [bac7de5e-ce79-4cb5-a11a-f24956f645d5@group-5A06010D7849-LeaderElection92] INFO  impl.RaftServerImpl (ServerState.java:setLeader(255)) - bac7de5e-ce79-4cb5-a11a-f24956f645d5@group-5A06010D7849: change Leader from null to bac7de5e-ce79-4cb5-a11a-f24956f645d5 at term 1 for becomeLeader, leader elected after 5075ms
2019-10-06 14:47:14,948 [b6b70025-229b-4dd1-ae93-bca2d1b64bcf@group-EE02D03F906F-LeaderElection91] INFO  impl.RaftServerImpl (ServerState.java:setLeader(255)) - b6b70025-229b-4dd1-ae93-bca2d1b64bcf@group-EE02D03F906F: change Leader from null to b6b70025-229b-4dd1-ae93-bca2d1b64bcf at term 1 for becomeLeader, leader elected after 5197ms
2019-10-06 14:47:14,948 [be7a26d3-2201-432c-a96b-ef86ee840878@group-908586D6C8D7-LeaderElection93] INFO  server.RaftServerConfigKeys (ConfUtils.java:logGet(43)) - raft.server.write.element-limit = 4096 (default)
2019-10-06 14:47:14,948 [b6b70025-229b-4dd1-ae93-bca2d1b64bcf@group-EE02D03F906F-LeaderElection91] INFO  server.RaftServerConfigKeys (ConfUtils.java:logGet(43)) - raft.server.staging.catchup.gap = 1000 (default)
2019-10-06 14:47:14,948 [bac7de5e-ce79-4cb5-a11a-f24956f645d5@group-5A06010D7849-LeaderElection92] INFO  server.RaftServerConfigKeys (ConfUtils.java:logGet(43)) - raft.server.staging.catchup.gap = 1000 (default)
2019-10-06 14:47:14,948 [b6b70025-229b-4dd1-ae93-bca2d1b64bcf@group-EE02D03F906F-LeaderElection91] INFO  server.RaftServerConfigKeys (ConfUtils.java:logGet(43)) - raft.server.rpc.sleep.time = 25ms (default)
2019-10-06 14:47:14,948 [be7a26d3-2201-432c-a96b-ef86ee840878@group-908586D6C8D7-LeaderElection93] INFO  server.RaftServerConfigKeys (ConfUtils.java:logGet(43)) - raft.server.watch.timeout = 10s (default)
2019-10-06 14:47:14,949 [b6b70025-229b-4dd1-ae93-bca2d1b64bcf@group-EE02D03F906F-LeaderElection91] INFO  server.RaftServerConfigKeys (ConfUtils.java:logGet(43)) - raft.server.write.element-limit = 4096 (default)
2019-10-06 14:47:14,948 [bac7de5e-ce79-4cb5-a11a-f24956f645d5@group-5A06010D7849-LeaderElection92] INFO  server.RaftServerConfigKeys (ConfUtils.java:logGet(43)) - raft.server.rpc.sleep.time = 25ms (default)
2019-10-06 14:47:14,949 [b6b70025-229b-4dd1-ae93-bca2d1b64bcf@group-EE02D03F906F-LeaderElection91] INFO  server.RaftServerConfigKeys (ConfUtils.java:logGet(43)) - raft.server.watch.timeout = 10s (default)
2019-10-06 14:47:14,949 [be7a26d3-2201-432c-a96b-ef86ee840878@group-908586D6C8D7-LeaderElection93] INFO  server.RaftServerConfigKeys (ConfUtils.java:logGet(43)) - raft.server.watch.timeout.denomination = 1s (default)
2019-10-06 14:47:14,949 [b6b70025-229b-4dd1-ae93-bca2d1b64bcf@group-EE02D03F906F-LeaderElection91] INFO  server.RaftServerConfigKeys (ConfUtils.java:logGet(43)) - raft.server.watch.timeout.denomination = 1s (default)
2019-10-06 14:47:14,949 [bac7de5e-ce79-4cb5-a11a-f24956f645d5@group-5A06010D7849-LeaderElection92] INFO  server.RaftServerConfigKeys (ConfUtils.java:logGet(43)) - raft.server.write.element-limit = 4096 (default)
2019-10-06 14:47:14,950 [b6b70025-229b-4dd1-ae93-bca2d1b64bcf@group-EE02D03F906F-LeaderElection91] INFO  server.RaftServerConfigKeys (ConfUtils.java:logGet(43)) - raft.server.watch.element-limit = 65536 (default)
2019-10-06 14:47:14,949 [be7a26d3-2201-432c-a96b-ef86ee840878@group-908586D6C8D7-LeaderElection93] INFO  server.RaftServerConfigKeys (ConfUtils.java:logGet(43)) - raft.server.watch.element-limit = 65536 (default)
2019-10-06 14:47:14,950 [bac7de5e-ce79-4cb5-a11a-f24956f645d5@group-5A06010D7849-LeaderElection92] INFO  server.RaftServerConfigKeys (ConfUtils.java:logGet(43)) - raft.server.watch.timeout = 10s (default)
2019-10-06 14:47:14,950 [bac7de5e-ce79-4cb5-a11a-f24956f645d5@group-5A06010D7849-LeaderElection92] INFO  server.RaftServerConfigKeys (ConfUtils.java:logGet(43)) - raft.server.watch.timeout.denomination = 1s (default)
2019-10-06 14:47:14,950 [bac7de5e-ce79-4cb5-a11a-f24956f645d5@group-5A06010D7849-LeaderElection92] INFO  server.RaftServerConfigKeys (ConfUtils.java:logGet(43)) - raft.server.watch.element-limit = 65536 (default)
2019-10-06 14:47:14,954 [b6b70025-229b-4dd1-ae93-bca2d1b64bcf@group-EE02D03F906F-LeaderElection91] INFO  impl.RoleInfo (RoleInfo.java:updateAndGet(143)) - b6b70025-229b-4dd1-ae93-bca2d1b64bcf: start LeaderState
2019-10-06 14:47:14,955 [be7a26d3-2201-432c-a96b-ef86ee840878@group-908586D6C8D7-LeaderElection93] INFO  impl.RoleInfo (RoleInfo.java:updateAndGet(143)) - be7a26d3-2201-432c-a96b-ef86ee840878: start LeaderState
2019-10-06 14:47:14,955 [b6b70025-229b-4dd1-ae93-bca2d1b64bcf@group-EE02D03F906F-LeaderElection91] INFO  segmented.SegmentedRaftLogWorker (SegmentedRaftLogWorker.java:startLogSegment(385)) - b6b70025-229b-4dd1-ae93-bca2d1b64bcf@group-EE02D03F906F-SegmentedRaftLogWorker: Starting segment from index:0
2019-10-06 14:47:14,955 [bac7de5e-ce79-4cb5-a11a-f24956f645d5@group-5A06010D7849-LeaderElection92] INFO  impl.RoleInfo (RoleInfo.java:updateAndGet(143)) - bac7de5e-ce79-4cb5-a11a-f24956f645d5: start LeaderState
2019-10-06 14:47:14,955 [be7a26d3-2201-432c-a96b-ef86ee840878@group-908586D6C8D7-LeaderElection93] INFO  segmented.SegmentedRaftLogWorker (SegmentedRaftLogWorker.java:startLogSegment(385)) - be7a26d3-2201-432c-a96b-ef86ee840878@group-908586D6C8D7-SegmentedRaftLogWorker: Starting segment from index:0
2019-10-06 14:47:14,955 [b6b70025-229b-4dd1-ae93-bca2d1b64bcf@group-EE02D03F906F-LeaderElection91] INFO  impl.RaftServerImpl (ServerState.java:setRaftConf(356)) - b6b70025-229b-4dd1-ae93-bca2d1b64bcf@group-EE02D03F906F: set configuration 0: [b6b70025-229b-4dd1-ae93-bca2d1b64bcf:192.168.151.114:34932], old=null at 0
2019-10-06 14:47:14,978 [bac7de5e-ce79-4cb5-a11a-f24956f645d5@group-5A06010D7849-LeaderElection92] INFO  segmented.SegmentedRaftLogWorker (SegmentedRaftLogWorker.java:startLogSegment(385)) - bac7de5e-ce79-4cb5-a11a-f24956f645d5@group-5A06010D7849-SegmentedRaftLogWorker: Starting segment from index:0
2019-10-06 14:47:14,980 [be7a26d3-2201-432c-a96b-ef86ee840878@group-908586D6C8D7-LeaderElection93] INFO  impl.RaftServerImpl (ServerState.java:setRaftConf(356)) - be7a26d3-2201-432c-a96b-ef86ee840878@group-908586D6C8D7: set configuration 0: [be7a26d3-2201-432c-a96b-ef86ee840878:192.168.151.114:33108], old=null at 0
2019-10-06 14:47:14,983 [bac7de5e-ce79-4cb5-a11a-f24956f645d5@group-5A06010D7849-LeaderElection92] INFO  impl.RaftServerImpl (ServerState.java:setRaftConf(356)) - bac7de5e-ce79-4cb5-a11a-f24956f645d5@group-5A06010D7849: set configuration 0: [bac7de5e-ce79-4cb5-a11a-f24956f645d5:192.168.151.114:43134], old=null at 0
2019-10-06 14:47:15,012 [b6b70025-229b-4dd1-ae93-bca2d1b64bcf@group-EE02D03F906F-SegmentedRaftLogWorker] INFO  segmented.SegmentedRaftLogWorker (SegmentedRaftLogWorker.java:execute(574)) - b6b70025-229b-4dd1-ae93-bca2d1b64bcf@group-EE02D03F906F-SegmentedRaftLogWorker: created new log segment /workdir/hadoop-ozone/integration-test/target/test-dir/MiniOzoneClusterImpl-a7993c58-b5b1-413b-983e-895559c32200/datanode-3/data/ratis/c0fb0a5b-7e42-4f80-9698-ee02d03f906f/current/log_inprogress_0
2019-10-06 14:47:15,025 [be7a26d3-2201-432c-a96b-ef86ee840878@group-908586D6C8D7-SegmentedRaftLogWorker] INFO  segmented.SegmentedRaftLogWorker (SegmentedRaftLogWorker.java:execute(574)) - be7a26d3-2201-432c-a96b-ef86ee840878@group-908586D6C8D7-SegmentedRaftLogWorker: created new log segment /workdir/hadoop-ozone/integration-test/target/test-dir/MiniOzoneClusterImpl-a7993c58-b5b1-413b-983e-895559c32200/datanode-4/data/ratis/c7b9113a-7bbe-4bf8-b886-908586d6c8d7/current/log_inprogress_0
2019-10-06 14:47:15,025 [bac7de5e-ce79-4cb5-a11a-f24956f645d5@group-5A06010D7849-SegmentedRaftLogWorker] INFO  segmented.SegmentedRaftLogWorker (SegmentedRaftLogWorker.java:execute(574)) - bac7de5e-ce79-4cb5-a11a-f24956f645d5@group-5A06010D7849-SegmentedRaftLogWorker: created new log segment /workdir/hadoop-ozone/integration-test/target/test-dir/MiniOzoneClusterImpl-a7993c58-b5b1-413b-983e-895559c32200/datanode-5/data/ratis/3cffb605-9c90-456a-a0af-5a06010d7849/current/log_inprogress_0
2019-10-06 14:47:15,066 [Thread-3900] INFO  impl.FollowerState (FollowerState.java:run(108)) - 549e67df-f22b-4d63-a5ef-7bccc6794b24@group-60B36C939EB9-FollowerState: change to CANDIDATE, lastRpcTime:5146ms, electionTimeout:5146ms
2019-10-06 14:47:15,066 [Thread-3900] INFO  impl.RoleInfo (RoleInfo.java:shutdownFollowerState(121)) - 549e67df-f22b-4d63-a5ef-7bccc6794b24: shutdown FollowerState
2019-10-06 14:47:15,066 [Thread-3900] INFO  impl.RaftServerImpl (RaftServerImpl.java:setRole(170)) - 549e67df-f22b-4d63-a5ef-7bccc6794b24@group-60B36C939EB9: changes role from  FOLLOWER to CANDIDATE at term 0 for changeToCandidate
2019-10-06 14:47:15,066 [Thread-3900] INFO  impl.RoleInfo (RoleInfo.java:updateAndGet(143)) - 549e67df-f22b-4d63-a5ef-7bccc6794b24: start LeaderElection
2019-10-06 14:47:15,077 [549e67df-f22b-4d63-a5ef-7bccc6794b24@group-60B36C939EB9-LeaderElection94] INFO  impl.LeaderElection (LeaderElection.java:askForVotes(178)) - 549e67df-f22b-4d63-a5ef-7bccc6794b24@group-60B36C939EB9-LeaderElection94: begin an election at term 1 for -1: [549e67df-f22b-4d63-a5ef-7bccc6794b24:192.168.151.114:42458], old=null
2019-10-06 14:47:15,078 [549e67df-f22b-4d63-a5ef-7bccc6794b24@group-60B36C939EB9-LeaderElection94] INFO  impl.RoleInfo (RoleInfo.java:shutdownLeaderElection(134)) - 549e67df-f22b-4d63-a5ef-7bccc6794b24: shutdown LeaderElection
2019-10-06 14:47:15,078 [549e67df-f22b-4d63-a5ef-7bccc6794b24@group-60B36C939EB9-LeaderElection94] INFO  impl.RaftServerImpl (RaftServerImpl.java:setRole(170)) - 549e67df-f22b-4d63-a5ef-7bccc6794b24@group-60B36C939EB9: changes role from CANDIDATE to LEADER at term 1 for changeToLeader
2019-10-06 14:47:15,078 [549e67df-f22b-4d63-a5ef-7bccc6794b24@group-60B36C939EB9-LeaderElection94] INFO  impl.RaftServerImpl (ServerState.java:setLeader(255)) - 549e67df-f22b-4d63-a5ef-7bccc6794b24@group-60B36C939EB9: change Leader from null to 549e67df-f22b-4d63-a5ef-7bccc6794b24 at term 1 for becomeLeader, leader elected after 5162ms
2019-10-06 14:47:15,078 [549e67df-f22b-4d63-a5ef-7bccc6794b24@group-60B36C939EB9-LeaderElection94] INFO  server.RaftServerConfigKeys (ConfUtils.java:logGet(43)) - raft.server.staging.catchup.gap = 1000 (default)
2019-10-06 14:47:15,078 [549e67df-f22b-4d63-a5ef-7bccc6794b24@group-60B36C939EB9-LeaderElection94] INFO  server.RaftServerConfigKeys (ConfUtils.java:logGet(43)) - raft.server.rpc.sleep.time = 25ms (default)
2019-10-06 14:47:15,078 [549e67df-f22b-4d63-a5ef-7bccc6794b24@group-60B36C939EB9-LeaderElection94] INFO  server.RaftServerConfigKeys (ConfUtils.java:logGet(43)) - raft.server.write.element-limit = 4096 (default)
2019-10-06 14:47:15,078 [549e67df-f22b-4d63-a5ef-7bccc6794b24@group-60B36C939EB9-LeaderElection94] INFO  server.RaftServerConfigKeys (ConfUtils.java:logGet(43)) - raft.server.watch.timeout = 10s (default)
2019-10-06 14:47:15,079 [549e67df-f22b-4d63-a5ef-7bccc6794b24@group-60B36C939EB9-LeaderElection94] INFO  server.RaftServerConfigKeys (ConfUtils.java:logGet(43)) - raft.server.watch.timeout.denomination = 1s (default)
2019-10-06 14:47:15,079 [549e67df-f22b-4d63-a5ef-7bccc6794b24@group-60B36C939EB9-LeaderElection94] INFO  server.RaftServerConfigKeys (ConfUtils.java:logGet(43)) - raft.server.watch.element-limit = 65536 (default)
2019-10-06 14:47:15,079 [Thread-3906] INFO  impl.FollowerState (FollowerState.java:run(108)) - be7a26d3-2201-432c-a96b-ef86ee840878@group-A1A94F389251-FollowerState: change to CANDIDATE, lastRpcTime:5107ms, electionTimeout:5104ms
2019-10-06 14:47:15,079 [Thread-3906] INFO  impl.RoleInfo (RoleInfo.java:shutdownFollowerState(121)) - be7a26d3-2201-432c-a96b-ef86ee840878: shutdown FollowerState
2019-10-06 14:47:15,079 [Thread-3906] INFO  impl.RaftServerImpl (RaftServerImpl.java:setRole(170)) - be7a26d3-2201-432c-a96b-ef86ee840878@group-A1A94F389251: changes role from  FOLLOWER to CANDIDATE at term 0 for changeToCandidate
2019-10-06 14:47:15,079 [Thread-3906] INFO  impl.RoleInfo (RoleInfo.java:updateAndGet(143)) - be7a26d3-2201-432c-a96b-ef86ee840878: start LeaderElection
2019-10-06 14:47:15,084 [549e67df-f22b-4d63-a5ef-7bccc6794b24@group-60B36C939EB9-LeaderElection94] INFO  impl.RoleInfo (RoleInfo.java:updateAndGet(143)) - 549e67df-f22b-4d63-a5ef-7bccc6794b24: start LeaderState
2019-10-06 14:47:15,084 [549e67df-f22b-4d63-a5ef-7bccc6794b24@group-60B36C939EB9-LeaderElection94] INFO  segmented.SegmentedRaftLogWorker (SegmentedRaftLogWorker.java:startLogSegment(385)) - 549e67df-f22b-4d63-a5ef-7bccc6794b24@group-60B36C939EB9-SegmentedRaftLogWorker: Starting segment from index:0
2019-10-06 14:47:15,085 [549e67df-f22b-4d63-a5ef-7bccc6794b24@group-60B36C939EB9-LeaderElection94] INFO  impl.RaftServerImpl (ServerState.java:setRaftConf(356)) - 549e67df-f22b-4d63-a5ef-7bccc6794b24@group-60B36C939EB9: set configuration 0: [549e67df-f22b-4d63-a5ef-7bccc6794b24:192.168.151.114:42458], old=null at 0
2019-10-06 14:47:15,108 [Thread-3907] INFO  impl.FollowerState (FollowerState.java:run(108)) - bac7de5e-ce79-4cb5-a11a-f24956f645d5@group-A1A94F389251-FollowerState: change to CANDIDATE, lastRpcTime:5136ms, electionTimeout:5112ms
2019-10-06 14:47:15,108 [be7a26d3-2201-432c-a96b-ef86ee840878@group-A1A94F389251-LeaderElection95] INFO  impl.LeaderElection (LeaderElection.java:askForVotes(178)) - be7a26d3-2201-432c-a96b-ef86ee840878@group-A1A94F389251-LeaderElection95: begin an election at term 1 for -1: [bac7de5e-ce79-4cb5-a11a-f24956f645d5:192.168.151.114:43134, b6b70025-229b-4dd1-ae93-bca2d1b64bcf:192.168.151.114:34932, be7a26d3-2201-432c-a96b-ef86ee840878:192.168.151.114:33108], old=null
2019-10-06 14:47:15,108 [Thread-3907] INFO  impl.RoleInfo (RoleInfo.java:shutdownFollowerState(121)) - bac7de5e-ce79-4cb5-a11a-f24956f645d5: shutdown FollowerState
2019-10-06 14:47:15,108 [Thread-3907] INFO  impl.RaftServerImpl (RaftServerImpl.java:setRole(170)) - bac7de5e-ce79-4cb5-a11a-f24956f645d5@group-A1A94F389251: changes role from  FOLLOWER to CANDIDATE at term 0 for changeToCandidate
2019-10-06 14:47:15,109 [Thread-3907] INFO  impl.RoleInfo (RoleInfo.java:updateAndGet(143)) - bac7de5e-ce79-4cb5-a11a-f24956f645d5: start LeaderElection
2019-10-06 14:47:15,118 [grpc-default-executor-4] INFO  impl.RaftServerImpl (RaftServerImpl.java:setRole(170)) - b6b70025-229b-4dd1-ae93-bca2d1b64bcf@group-A1A94F389251: changes role from  FOLLOWER to FOLLOWER at term 1 for recognizeCandidate:be7a26d3-2201-432c-a96b-ef86ee840878
2019-10-06 14:47:15,118 [grpc-default-executor-4] INFO  impl.RoleInfo (RoleInfo.java:shutdownFollowerState(121)) - b6b70025-229b-4dd1-ae93-bca2d1b64bcf: shutdown FollowerState
2019-10-06 14:47:15,118 [grpc-default-executor-4] INFO  impl.RoleInfo (RoleInfo.java:updateAndGet(143)) - b6b70025-229b-4dd1-ae93-bca2d1b64bcf: start FollowerState
2019-10-06 14:47:15,118 [Thread-3903] INFO  impl.FollowerState (FollowerState.java:run(117)) - b6b70025-229b-4dd1-ae93-bca2d1b64bcf@group-A1A94F389251-FollowerState was interrupted: java.lang.InterruptedException: sleep interrupted
2019-10-06 14:47:15,121 [549e67df-f22b-4d63-a5ef-7bccc6794b24@group-60B36C939EB9-SegmentedRaftLogWorker] INFO  segmented.SegmentedRaftLogWorker (SegmentedRaftLogWorker.java:execute(574)) - 549e67df-f22b-4d63-a5ef-7bccc6794b24@group-60B36C939EB9-SegmentedRaftLogWorker: created new log segment /workdir/hadoop-ozone/integration-test/target/test-dir/MiniOzoneClusterImpl-a7993c58-b5b1-413b-983e-895559c32200/datanode-6/data/ratis/4113c1cb-a178-4239-bcd2-60b36c939eb9/current/log_inprogress_0
2019-10-06 14:47:15,121 [bac7de5e-ce79-4cb5-a11a-f24956f645d5@group-A1A94F389251-LeaderElection96] INFO  impl.LeaderElection (LeaderElection.java:askForVotes(178)) - bac7de5e-ce79-4cb5-a11a-f24956f645d5@group-A1A94F389251-LeaderElection96: begin an election at term 1 for -1: [bac7de5e-ce79-4cb5-a11a-f24956f645d5:192.168.151.114:43134, b6b70025-229b-4dd1-ae93-bca2d1b64bcf:192.168.151.114:34932, be7a26d3-2201-432c-a96b-ef86ee840878:192.168.151.114:33108], old=null
2019-10-06 14:47:15,142 [be7a26d3-2201-432c-a96b-ef86ee840878@group-A1A94F389251-LeaderElection95] INFO  impl.LeaderElection (LeaderElection.java:logAndReturn(56)) - be7a26d3-2201-432c-a96b-ef86ee840878@group-A1A94F389251-LeaderElection95: Election PASSED; received 2 response(s) [be7a26d3-2201-432c-a96b-ef86ee840878<-bac7de5e-ce79-4cb5-a11a-f24956f645d5#0:FAIL-t1, be7a26d3-2201-432c-a96b-ef86ee840878<-b6b70025-229b-4dd1-ae93-bca2d1b64bcf#0:OK-t1] and 0 exception(s); be7a26d3-2201-432c-a96b-ef86ee840878@group-A1A94F389251:t1, leader=null, voted=be7a26d3-2201-432c-a96b-ef86ee840878, raftlog=be7a26d3-2201-432c-a96b-ef86ee840878@group-A1A94F389251-SegmentedRaftLog:OPENED:c-1,f-1,i0, conf=-1: [bac7de5e-ce79-4cb5-a11a-f24956f645d5:192.168.151.114:43134, b6b70025-229b-4dd1-ae93-bca2d1b64bcf:192.168.151.114:34932, be7a26d3-2201-432c-a96b-ef86ee840878:192.168.151.114:33108], old=null
2019-10-06 14:47:15,143 [be7a26d3-2201-432c-a96b-ef86ee840878@group-A1A94F389251-LeaderElection95] INFO  impl.RoleInfo (RoleInfo.java:shutdownLeaderElection(134)) - be7a26d3-2201-432c-a96b-ef86ee840878: shutdown LeaderElection
2019-10-06 14:47:15,143 [be7a26d3-2201-432c-a96b-ef86ee840878@group-A1A94F389251-LeaderElection95] INFO  impl.RaftServerImpl (RaftServerImpl.java:setRole(170)) - be7a26d3-2201-432c-a96b-ef86ee840878@group-A1A94F389251: changes role from CANDIDATE to LEADER at term 1 for changeToLeader
2019-10-06 14:47:15,143 [bac7de5e-ce79-4cb5-a11a-f24956f645d5@group-A1A94F389251-LeaderElection96] INFO  impl.LeaderElection (LeaderElection.java:logAndReturn(56)) - bac7de5e-ce79-4cb5-a11a-f24956f645d5@group-A1A94F389251-LeaderElection96: Election REJECTED; received 2 response(s) [bac7de5e-ce79-4cb5-a11a-f24956f645d5<-b6b70025-229b-4dd1-ae93-bca2d1b64bcf#0:FAIL-t1, bac7de5e-ce79-4cb5-a11a-f24956f645d5<-be7a26d3-2201-432c-a96b-ef86ee840878#0:FAIL-t1] and 0 exception(s); bac7de5e-ce79-4cb5-a11a-f24956f645d5@group-A1A94F389251:t1, leader=null, voted=bac7de5e-ce79-4cb5-a11a-f24956f645d5, raftlog=bac7de5e-ce79-4cb5-a11a-f24956f645d5@group-A1A94F389251-SegmentedRaftLog:OPENED:c-1,f-1,i0, conf=-1: [bac7de5e-ce79-4cb5-a11a-f24956f645d5:192.168.151.114:43134, b6b70025-229b-4dd1-ae93-bca2d1b64bcf:192.168.151.114:34932, be7a26d3-2201-432c-a96b-ef86ee840878:192.168.151.114:33108], old=null
2019-10-06 14:47:15,143 [be7a26d3-2201-432c-a96b-ef86ee840878@group-A1A94F389251-LeaderElection95] INFO  impl.RaftServerImpl (ServerState.java:setLeader(255)) - be7a26d3-2201-432c-a96b-ef86ee840878@group-A1A94F389251: change Leader from null to be7a26d3-2201-432c-a96b-ef86ee840878 at term 1 for becomeLeader, leader elected after 5182ms
2019-10-06 14:47:15,145 [bac7de5e-ce79-4cb5-a11a-f24956f645d5@group-A1A94F389251-LeaderElection96] INFO  impl.RaftServerImpl (RaftServerImpl.java:setRole(170)) - bac7de5e-ce79-4cb5-a11a-f24956f645d5@group-A1A94F389251: changes role from CANDIDATE to FOLLOWER at term 1 for DISCOVERED_A_NEW_TERM
2019-10-06 14:47:15,145 [be7a26d3-2201-432c-a96b-ef86ee840878@group-A1A94F389251-LeaderElection95] INFO  server.RaftServerConfigKeys (ConfUtils.java:logGet(43)) - raft.server.staging.catchup.gap = 1000 (default)
2019-10-06 14:47:15,148 [bac7de5e-ce79-4cb5-a11a-f24956f645d5@group-A1A94F389251-LeaderElection96] INFO  impl.RoleInfo (RoleInfo.java:shutdownLeaderElection(134)) - bac7de5e-ce79-4cb5-a11a-f24956f645d5: shutdown LeaderElection
2019-10-06 14:47:15,148 [be7a26d3-2201-432c-a96b-ef86ee840878@group-A1A94F389251-LeaderElection95] INFO  server.RaftServerConfigKeys (ConfUtils.java:logGet(43)) - raft.server.rpc.sleep.time = 25ms (default)
2019-10-06 14:47:15,148 [bac7de5e-ce79-4cb5-a11a-f24956f645d5@group-A1A94F389251-LeaderElection96] INFO  impl.RoleInfo (RoleInfo.java:updateAndGet(143)) - bac7de5e-ce79-4cb5-a11a-f24956f645d5: start FollowerState
2019-10-06 14:47:15,148 [be7a26d3-2201-432c-a96b-ef86ee840878@group-A1A94F389251-LeaderElection95] INFO  server.RaftServerConfigKeys (ConfUtils.java:logGet(43)) - raft.server.write.element-limit = 4096 (default)
2019-10-06 14:47:15,148 [be7a26d3-2201-432c-a96b-ef86ee840878@group-A1A94F389251-LeaderElection95] INFO  server.RaftServerConfigKeys (ConfUtils.java:logGet(43)) - raft.server.watch.timeout = 10s (default)
2019-10-06 14:47:15,149 [be7a26d3-2201-432c-a96b-ef86ee840878@group-A1A94F389251-LeaderElection95] INFO  server.RaftServerConfigKeys (ConfUtils.java:logGet(43)) - raft.server.watch.timeout.denomination = 1s (default)
2019-10-06 14:47:15,149 [be7a26d3-2201-432c-a96b-ef86ee840878@group-A1A94F389251-LeaderElection95] INFO  server.RaftServerConfigKeys (ConfUtils.java:logGet(43)) - raft.server.watch.element-limit = 65536 (default)
2019-10-06 14:47:15,154 [be7a26d3-2201-432c-a96b-ef86ee840878@group-A1A94F389251-LeaderElection95] INFO  server.RaftServerConfigKeys (ConfUtils.java:logGet(43)) - raft.server.log.appender.snapshot.chunk.size.max = 16MB (=16777216) (default)
2019-10-06 14:47:15,154 [be7a26d3-2201-432c-a96b-ef86ee840878@group-A1A94F389251-LeaderElection95] INFO  server.RaftServerConfigKeys (ConfUtils.java:logGet(43)) - raft.server.log.appender.buffer.byte-limit = 33554432 (custom)
2019-10-06 14:47:15,154 [be7a26d3-2201-432c-a96b-ef86ee840878@group-A1A94F389251-LeaderElection95] INFO  server.RaftServerConfigKeys (ConfUtils.java:logGet(43)) - raft.server.log.appender.buffer.element-limit = 1 (custom)
2019-10-06 14:47:15,154 [be7a26d3-2201-432c-a96b-ef86ee840878@group-A1A94F389251-LeaderElection95] INFO  grpc.GrpcConfigKeys$Server (ConfUtils.java:logGet(43)) - raft.grpc.server.leader.outstanding.appends.max = 128 (default)
2019-10-06 14:47:15,155 [be7a26d3-2201-432c-a96b-ef86ee840878@group-A1A94F389251-LeaderElection95] INFO  server.RaftServerConfigKeys (ConfUtils.java:logGet(43)) - raft.server.rpc.request.timeout = 3000ms (default)
2019-10-06 14:47:15,155 [be7a26d3-2201-432c-a96b-ef86ee840878@group-A1A94F389251-LeaderElection95] INFO  server.RaftServerConfigKeys (ConfUtils.java:logGet(43)) - raft.server.log.appender.install.snapshot.enabled = false (custom)
2019-10-06 14:47:15,155 [be7a26d3-2201-432c-a96b-ef86ee840878@group-A1A94F389251-LeaderElection95] INFO  server.RaftServerConfigKeys (ConfUtils.java:logGet(43)) - raft.server.log.appender.snapshot.chunk.size.max = 16MB (=16777216) (default)
2019-10-06 14:47:15,155 [be7a26d3-2201-432c-a96b-ef86ee840878@group-A1A94F389251-LeaderElection95] INFO  server.RaftServerConfigKeys (ConfUtils.java:logGet(43)) - raft.server.log.appender.buffer.byte-limit = 33554432 (custom)
2019-10-06 14:47:15,156 [be7a26d3-2201-432c-a96b-ef86ee840878@group-A1A94F389251-LeaderElection95] INFO  server.RaftServerConfigKeys (ConfUtils.java:logGet(43)) - raft.server.log.appender.buffer.element-limit = 1 (custom)
2019-10-06 14:47:15,156 [be7a26d3-2201-432c-a96b-ef86ee840878@group-A1A94F389251-LeaderElection95] INFO  grpc.GrpcConfigKeys$Server (ConfUtils.java:logGet(43)) - raft.grpc.server.leader.outstanding.appends.max = 128 (default)
2019-10-06 14:47:15,156 [be7a26d3-2201-432c-a96b-ef86ee840878@group-A1A94F389251-LeaderElection95] INFO  server.RaftServerConfigKeys (ConfUtils.java:logGet(43)) - raft.server.rpc.request.timeout = 3000ms (default)
2019-10-06 14:47:15,156 [be7a26d3-2201-432c-a96b-ef86ee840878@group-A1A94F389251-LeaderElection95] INFO  server.RaftServerConfigKeys (ConfUtils.java:logGet(43)) - raft.server.log.appender.install.snapshot.enabled = false (custom)
2019-10-06 14:47:15,157 [be7a26d3-2201-432c-a96b-ef86ee840878@group-A1A94F389251-LeaderElection95] INFO  impl.RoleInfo (RoleInfo.java:updateAndGet(143)) - be7a26d3-2201-432c-a96b-ef86ee840878: start LeaderState
2019-10-06 14:47:15,157 [be7a26d3-2201-432c-a96b-ef86ee840878@group-A1A94F389251-LeaderElection95] INFO  segmented.SegmentedRaftLogWorker (SegmentedRaftLogWorker.java:startLogSegment(385)) - be7a26d3-2201-432c-a96b-ef86ee840878@group-A1A94F389251-SegmentedRaftLogWorker: Starting segment from index:0
2019-10-06 14:47:15,157 [be7a26d3-2201-432c-a96b-ef86ee840878@group-A1A94F389251-LeaderElection95] INFO  impl.RaftServerImpl (ServerState.java:setRaftConf(356)) - be7a26d3-2201-432c-a96b-ef86ee840878@group-A1A94F389251: set configuration 0: [bac7de5e-ce79-4cb5-a11a-f24956f645d5:192.168.151.114:43134, b6b70025-229b-4dd1-ae93-bca2d1b64bcf:192.168.151.114:34932, be7a26d3-2201-432c-a96b-ef86ee840878:192.168.151.114:33108], old=null at 0
2019-10-06 14:47:15,158 [grpc-default-executor-4] INFO  impl.RaftServerImpl (ServerState.java:setLeader(255)) - bac7de5e-ce79-4cb5-a11a-f24956f645d5@group-A1A94F389251: change Leader from null to be7a26d3-2201-432c-a96b-ef86ee840878 at term 1 for appendEntries, leader elected after 5197ms
2019-10-06 14:47:15,159 [grpc-default-executor-6] INFO  impl.RaftServerImpl (ServerState.java:setLeader(255)) - b6b70025-229b-4dd1-ae93-bca2d1b64bcf@group-A1A94F389251: change Leader from null to be7a26d3-2201-432c-a96b-ef86ee840878 at term 1 for appendEntries, leader elected after 5197ms
2019-10-06 14:47:15,202 [grpc-default-executor-8] INFO  impl.RaftServerImpl (ServerState.java:setRaftConf(356)) - b6b70025-229b-4dd1-ae93-bca2d1b64bcf@group-A1A94F389251: set configuration 0: [bac7de5e-ce79-4cb5-a11a-f24956f645d5:192.168.151.114:43134, b6b70025-229b-4dd1-ae93-bca2d1b64bcf:192.168.151.114:34932, be7a26d3-2201-432c-a96b-ef86ee840878:192.168.151.114:33108], old=null at 0
2019-10-06 14:47:15,205 [grpc-default-executor-4] INFO  impl.RaftServerImpl (ServerState.java:setRaftConf(356)) - bac7de5e-ce79-4cb5-a11a-f24956f645d5@group-A1A94F389251: set configuration 0: [bac7de5e-ce79-4cb5-a11a-f24956f645d5:192.168.151.114:43134, b6b70025-229b-4dd1-ae93-bca2d1b64bcf:192.168.151.114:34932, be7a26d3-2201-432c-a96b-ef86ee840878:192.168.151.114:33108], old=null at 0
2019-10-06 14:47:15,206 [grpc-default-executor-8] INFO  segmented.SegmentedRaftLogWorker (SegmentedRaftLogWorker.java:startLogSegment(385)) - b6b70025-229b-4dd1-ae93-bca2d1b64bcf@group-A1A94F389251-SegmentedRaftLogWorker: Starting segment from index:0
2019-10-06 14:47:15,206 [grpc-default-executor-4] INFO  segmented.SegmentedRaftLogWorker (SegmentedRaftLogWorker.java:startLogSegment(385)) - bac7de5e-ce79-4cb5-a11a-f24956f645d5@group-A1A94F389251-SegmentedRaftLogWorker: Starting segment from index:0
2019-10-06 14:47:15,212 [be7a26d3-2201-432c-a96b-ef86ee840878@group-A1A94F389251-SegmentedRaftLogWorker] INFO  segmented.SegmentedRaftLogWorker (SegmentedRaftLogWorker.java:execute(574)) - be7a26d3-2201-432c-a96b-ef86ee840878@group-A1A94F389251-SegmentedRaftLogWorker: created new log segment /workdir/hadoop-ozone/integration-test/target/test-dir/MiniOzoneClusterImpl-a7993c58-b5b1-413b-983e-895559c32200/datanode-4/data/ratis/c0a03ecd-2ce9-49e6-99f1-a1a94f389251/current/log_inprogress_0
2019-10-06 14:47:15,258 [b6b70025-229b-4dd1-ae93-bca2d1b64bcf@group-A1A94F389251-SegmentedRaftLogWorker] INFO  segmented.SegmentedRaftLogWorker (SegmentedRaftLogWorker.java:execute(574)) - b6b70025-229b-4dd1-ae93-bca2d1b64bcf@group-A1A94F389251-SegmentedRaftLogWorker: created new log segment /workdir/hadoop-ozone/integration-test/target/test-dir/MiniOzoneClusterImpl-a7993c58-b5b1-413b-983e-895559c32200/datanode-3/data/ratis/c0a03ecd-2ce9-49e6-99f1-a1a94f389251/current/log_inprogress_0
2019-10-06 14:47:15,258 [bac7de5e-ce79-4cb5-a11a-f24956f645d5@group-A1A94F389251-SegmentedRaftLogWorker] INFO  segmented.SegmentedRaftLogWorker (SegmentedRaftLogWorker.java:execute(574)) - bac7de5e-ce79-4cb5-a11a-f24956f645d5@group-A1A94F389251-SegmentedRaftLogWorker: created new log segment /workdir/hadoop-ozone/integration-test/target/test-dir/MiniOzoneClusterImpl-a7993c58-b5b1-413b-983e-895559c32200/datanode-5/data/ratis/c0a03ecd-2ce9-49e6-99f1-a1a94f389251/current/log_inprogress_0
2019-10-06 14:47:15,363 [EventQueue-CloseContainerForCloseContainerEventHandler] INFO  container.CloseContainerEventHandler (CloseContainerEventHandler.java:onMessage(61)) - Close container Event triggered for container : #1
2019-10-06 14:47:15,363 [EventQueue-CloseContainerForCloseContainerEventHandler] INFO  container.CloseContainerEventHandler (CloseContainerEventHandler.java:onMessage(61)) - Close container Event triggered for container : #1
2019-10-06 14:47:15,363 [EventQueue-CloseContainerForCloseContainerEventHandler] INFO  container.CloseContainerEventHandler (CloseContainerEventHandler.java:onMessage(61)) - Close container Event triggered for container : #1
2019-10-06 14:47:16,586 [RatisApplyTransactionExecutor 1] INFO  interfaces.Container (KeyValueContainer.java:flushAndSyncDB(386)) - Container 1 is synced with bcsId 14.
2019-10-06 14:47:16,586 [RatisApplyTransactionExecutor 1] INFO  interfaces.Container (KeyValueContainer.java:flushAndSyncDB(386)) - Container 1 is synced with bcsId 14.
2019-10-06 14:47:16,593 [RatisApplyTransactionExecutor 1] INFO  interfaces.Container (KeyValueContainer.java:flushAndSyncDB(386)) - Container 1 is synced with bcsId 14.
2019-10-06 14:47:16,593 [RatisApplyTransactionExecutor 1] INFO  interfaces.Container (KeyValueContainer.java:flushAndSyncDB(386)) - Container 1 is synced with bcsId 14.
2019-10-06 14:47:16,593 [RatisApplyTransactionExecutor 1] INFO  interfaces.Container (KeyValueContainer.java:close(335)) - Container 1 is closed with bcsId 14.
2019-10-06 14:47:16,593 [RatisApplyTransactionExecutor 1] INFO  interfaces.Container (KeyValueContainer.java:flushAndSyncDB(386)) - Container 1 is synced with bcsId 14.
2019-10-06 14:47:16,593 [RatisApplyTransactionExecutor 1] INFO  interfaces.Container (KeyValueContainer.java:flushAndSyncDB(386)) - Container 1 is synced with bcsId 14.
2019-10-06 14:47:16,594 [EventQueue-IncrementalContainerReportForIncrementalContainerReportHandler] INFO  container.IncrementalContainerReportHandler (AbstractContainerReportHandler.java:updateContainerState(176)) - Moving container #1 to CLOSED state, datanode 1c73777b-379a-4e58-afe3-e36257195a83{ip: 192.168.151.114, host: ozone-build-dev-hxm7v-1976773872, networkLocation: /default-rack, certSerialId: null} reported CLOSED replica.
2019-10-06 14:47:16,601 [RatisApplyTransactionExecutor 1] INFO  interfaces.Container (KeyValueContainer.java:close(335)) - Container 1 is closed with bcsId 14.
2019-10-06 14:47:16,601 [RatisApplyTransactionExecutor 1] INFO  interfaces.Container (KeyValueContainer.java:close(335)) - Container 1 is closed with bcsId 14.
14:47:16.865 [grpc-default-executor-8] ERROR DNAudit - user=null | ip=null | op=WRITE_CHUNK {blockData=conID: 1 locID: 102915980060000275 bcsId: 14} | ret=FAILURE
org.apache.hadoop.hdds.scm.container.common.helpers.ContainerNotOpenException: Container 1 in CLOSED state
	at org.apache.hadoop.ozone.container.common.impl.HddsDispatcher.validateContainerCommand(HddsDispatcher.java:434) ~[hadoop-hdds-container-service-0.5.0-SNAPSHOT.jar:?]
	at org.apache.hadoop.ozone.container.common.transport.server.ratis.ContainerStateMachine.startTransaction(ContainerStateMachine.java:319) ~[hadoop-hdds-container-service-0.5.0-SNAPSHOT.jar:?]
	at org.apache.ratis.server.impl.RaftServerImpl.submitClientRequestAsync(RaftServerImpl.java:569) ~[ratis-server-0.5.0-201fc85-SNAPSHOT.jar:0.5.0-201fc85-SNAPSHOT]
	at org.apache.ratis.server.impl.RaftServerProxy.lambda$submitClientRequestAsync$7(RaftServerProxy.java:333) ~[ratis-server-0.5.0-201fc85-SNAPSHOT.jar:0.5.0-201fc85-SNAPSHOT]
	at org.apache.ratis.server.impl.RaftServerProxy.lambda$null$5(RaftServerProxy.java:328) ~[ratis-server-0.5.0-201fc85-SNAPSHOT.jar:0.5.0-201fc85-SNAPSHOT]
	at org.apache.ratis.util.JavaUtils.callAsUnchecked(JavaUtils.java:109) ~[ratis-common-0.5.0-201fc85-SNAPSHOT.jar:0.5.0-201fc85-SNAPSHOT]
	at org.apache.ratis.server.impl.RaftServerProxy.lambda$submitRequest$6(RaftServerProxy.java:328) ~[ratis-server-0.5.0-201fc85-SNAPSHOT.jar:0.5.0-201fc85-SNAPSHOT]
	at java.util.concurrent.CompletableFuture.uniComposeStage(CompletableFuture.java:981) ~[?:1.8.0_212]
	at java.util.concurrent.CompletableFuture.thenCompose(CompletableFuture.java:2124) ~[?:1.8.0_212]
	at org.apache.ratis.server.impl.RaftServerProxy.submitRequest(RaftServerProxy.java:327) ~[ratis-server-0.5.0-201fc85-SNAPSHOT.jar:0.5.0-201fc85-SNAPSHOT]
	at org.apache.ratis.server.impl.RaftServerProxy.submitClientRequestAsync(RaftServerProxy.java:333) ~[ratis-server-0.5.0-201fc85-SNAPSHOT.jar:0.5.0-201fc85-SNAPSHOT]
	at org.apache.ratis.grpc.client.GrpcClientProtocolService$RequestStreamObserver.processClientRequest(GrpcClientProtocolService.java:220) ~[ratis-grpc-0.5.0-201fc85-SNAPSHOT.jar:0.5.0-201fc85-SNAPSHOT]
	at org.apache.ratis.grpc.client.GrpcClientProtocolService$OrderedRequestStreamObserver.processClientRequest(GrpcClientProtocolService.java:326) ~[ratis-grpc-0.5.0-201fc85-SNAPSHOT.jar:0.5.0-201fc85-SNAPSHOT]
	at org.apache.ratis.util.SlidingWindow$Server.processRequestsFromHead(SlidingWindow.java:429) [ratis-common-0.5.0-201fc85-SNAPSHOT.jar:0.5.0-201fc85-SNAPSHOT]
	at org.apache.ratis.util.SlidingWindow$Server.receivedRequest(SlidingWindow.java:421) [ratis-common-0.5.0-201fc85-SNAPSHOT.jar:0.5.0-201fc85-SNAPSHOT]
	at org.apache.ratis.grpc.client.GrpcClientProtocolService$OrderedRequestStreamObserver.processClientRequest(GrpcClientProtocolService.java:345) [ratis-grpc-0.5.0-201fc85-SNAPSHOT.jar:0.5.0-201fc85-SNAPSHOT]
	at org.apache.ratis.grpc.client.GrpcClientProtocolService$RequestStreamObserver.onNext(GrpcClientProtocolService.java:240) [ratis-grpc-0.5.0-201fc85-SNAPSHOT.jar:0.5.0-201fc85-SNAPSHOT]
	at org.apache.ratis.grpc.client.GrpcClientProtocolService$RequestStreamObserver.onNext(GrpcClientProtocolService.java:168) [ratis-grpc-0.5.0-201fc85-SNAPSHOT.jar:0.5.0-201fc85-SNAPSHOT]
	at org.apache.ratis.thirdparty.io.grpc.stub.ServerCalls$StreamingServerCallHandler$StreamingServerCallListener.onMessage(ServerCalls.java:248) [ratis-thirdparty-misc-0.2.0.jar:0.2.0]
	at org.apache.ratis.thirdparty.io.grpc.internal.ServerCallImpl$ServerStreamListenerImpl.messagesAvailable(ServerCallImpl.java:263) [ratis-thirdparty-misc-0.2.0.jar:0.2.0]
	at org.apache.ratis.thirdparty.io.grpc.internal.ServerImpl$JumpToApplicationThreadServerStreamListener$1MessagesAvailable.runInContext(ServerImpl.java:686) [ratis-thirdparty-misc-0.2.0.jar:0.2.0]
	at org.apache.ratis.thirdparty.io.grpc.internal.ContextRunnable.run(ContextRunnable.java:37) [ratis-thirdparty-misc-0.2.0.jar:0.2.0]
	at org.apache.ratis.thirdparty.io.grpc.internal.SerializingExecutor.run(SerializingExecutor.java:123) [ratis-thirdparty-misc-0.2.0.jar:0.2.0]
	at java.util.concurrent.ThreadPoolExecutor.runWorker(ThreadPoolExecutor.java:1149) [?:1.8.0_212]
	at java.util.concurrent.ThreadPoolExecutor$Worker.run(ThreadPoolExecutor.java:624) [?:1.8.0_212]
	at java.lang.Thread.run(Thread.java:748) [?:1.8.0_212]
14:47:16.876 [grpc-default-executor-8] ERROR DNAudit - user=null | ip=null | op=WRITE_CHUNK {blockData=conID: 1 locID: 102915980060000275 bcsId: 14} | ret=FAILURE
org.apache.hadoop.hdds.scm.container.common.helpers.ContainerNotOpenException: Container 1 in CLOSED state
	at org.apache.hadoop.ozone.container.common.impl.HddsDispatcher.validateContainerCommand(HddsDispatcher.java:434) ~[hadoop-hdds-container-service-0.5.0-SNAPSHOT.jar:?]
	at org.apache.hadoop.ozone.container.common.transport.server.ratis.ContainerStateMachine.startTransaction(ContainerStateMachine.java:319) ~[hadoop-hdds-container-service-0.5.0-SNAPSHOT.jar:?]
	at org.apache.ratis.server.impl.RaftServerImpl.submitClientRequestAsync(RaftServerImpl.java:569) ~[ratis-server-0.5.0-201fc85-SNAPSHOT.jar:0.5.0-201fc85-SNAPSHOT]
	at org.apache.ratis.server.impl.RaftServerProxy.lambda$submitClientRequestAsync$7(RaftServerProxy.java:333) ~[ratis-server-0.5.0-201fc85-SNAPSHOT.jar:0.5.0-201fc85-SNAPSHOT]
	at org.apache.ratis.server.impl.RaftServerProxy.lambda$null$5(RaftServerProxy.java:328) ~[ratis-server-0.5.0-201fc85-SNAPSHOT.jar:0.5.0-201fc85-SNAPSHOT]
	at org.apache.ratis.util.JavaUtils.callAsUnchecked(JavaUtils.java:109) ~[ratis-common-0.5.0-201fc85-SNAPSHOT.jar:0.5.0-201fc85-SNAPSHOT]
	at org.apache.ratis.server.impl.RaftServerProxy.lambda$submitRequest$6(RaftServerProxy.java:328) ~[ratis-server-0.5.0-201fc85-SNAPSHOT.jar:0.5.0-201fc85-SNAPSHOT]
	at java.util.concurrent.CompletableFuture.uniComposeStage(CompletableFuture.java:981) ~[?:1.8.0_212]
	at java.util.concurrent.CompletableFuture.thenCompose(CompletableFuture.java:2124) ~[?:1.8.0_212]
	at org.apache.ratis.server.impl.RaftServerProxy.submitRequest(RaftServerProxy.java:327) ~[ratis-server-0.5.0-201fc85-SNAPSHOT.jar:0.5.0-201fc85-SNAPSHOT]
	at org.apache.ratis.server.impl.RaftServerProxy.submitClientRequestAsync(RaftServerProxy.java:333) ~[ratis-server-0.5.0-201fc85-SNAPSHOT.jar:0.5.0-201fc85-SNAPSHOT]
	at org.apache.ratis.grpc.client.GrpcClientProtocolService$RequestStreamObserver.processClientRequest(GrpcClientProtocolService.java:220) ~[ratis-grpc-0.5.0-201fc85-SNAPSHOT.jar:0.5.0-201fc85-SNAPSHOT]
	at org.apache.ratis.grpc.client.GrpcClientProtocolService$OrderedRequestStreamObserver.processClientRequest(GrpcClientProtocolService.java:326) ~[ratis-grpc-0.5.0-201fc85-SNAPSHOT.jar:0.5.0-201fc85-SNAPSHOT]
	at org.apache.ratis.util.SlidingWindow$Server.processRequestsFromHead(SlidingWindow.java:429) [ratis-common-0.5.0-201fc85-SNAPSHOT.jar:0.5.0-201fc85-SNAPSHOT]
	at org.apache.ratis.util.SlidingWindow$Server.receivedRequest(SlidingWindow.java:421) [ratis-common-0.5.0-201fc85-SNAPSHOT.jar:0.5.0-201fc85-SNAPSHOT]
	at org.apache.ratis.grpc.client.GrpcClientProtocolService$OrderedRequestStreamObserver.processClientRequest(GrpcClientProtocolService.java:345) [ratis-grpc-0.5.0-201fc85-SNAPSHOT.jar:0.5.0-201fc85-SNAPSHOT]
	at org.apache.ratis.grpc.client.GrpcClientProtocolService$RequestStreamObserver.onNext(GrpcClientProtocolService.java:240) [ratis-grpc-0.5.0-201fc85-SNAPSHOT.jar:0.5.0-201fc85-SNAPSHOT]
	at org.apache.ratis.grpc.client.GrpcClientProtocolService$RequestStreamObserver.onNext(GrpcClientProtocolService.java:168) [ratis-grpc-0.5.0-201fc85-SNAPSHOT.jar:0.5.0-201fc85-SNAPSHOT]
	at org.apache.ratis.thirdparty.io.grpc.stub.ServerCalls$StreamingServerCallHandler$StreamingServerCallListener.onMessage(ServerCalls.java:248) [ratis-thirdparty-misc-0.2.0.jar:0.2.0]
	at org.apache.ratis.thirdparty.io.grpc.internal.ServerCallImpl$ServerStreamListenerImpl.messagesAvailable(ServerCallImpl.java:263) [ratis-thirdparty-misc-0.2.0.jar:0.2.0]
	at org.apache.ratis.thirdparty.io.grpc.internal.ServerImpl$JumpToApplicationThreadServerStreamListener$1MessagesAvailable.runInContext(ServerImpl.java:686) [ratis-thirdparty-misc-0.2.0.jar:0.2.0]
	at org.apache.ratis.thirdparty.io.grpc.internal.ContextRunnable.run(ContextRunnable.java:37) [ratis-thirdparty-misc-0.2.0.jar:0.2.0]
	at org.apache.ratis.thirdparty.io.grpc.internal.SerializingExecutor.run(SerializingExecutor.java:123) [ratis-thirdparty-misc-0.2.0.jar:0.2.0]
	at java.util.concurrent.ThreadPoolExecutor.runWorker(ThreadPoolExecutor.java:1149) [?:1.8.0_212]
	at java.util.concurrent.ThreadPoolExecutor$Worker.run(ThreadPoolExecutor.java:624) [?:1.8.0_212]
	at java.lang.Thread.run(Thread.java:748) [?:1.8.0_212]
14:47:16.901 [grpc-default-executor-8] ERROR DNAudit - user=null | ip=null | op=PUT_BLOCK {blockData=[blockId=conID: 1 locID: 102915980060000275 bcsId: 0,size=650]} | ret=FAILURE
org.apache.hadoop.hdds.scm.container.common.helpers.ContainerNotOpenException: Container 1 in CLOSED state
	at org.apache.hadoop.ozone.container.common.impl.HddsDispatcher.validateContainerCommand(HddsDispatcher.java:434) ~[hadoop-hdds-container-service-0.5.0-SNAPSHOT.jar:?]
	at org.apache.hadoop.ozone.container.common.transport.server.ratis.ContainerStateMachine.startTransaction(ContainerStateMachine.java:319) ~[hadoop-hdds-container-service-0.5.0-SNAPSHOT.jar:?]
	at org.apache.ratis.server.impl.RaftServerImpl.submitClientRequestAsync(RaftServerImpl.java:569) ~[ratis-server-0.5.0-201fc85-SNAPSHOT.jar:0.5.0-201fc85-SNAPSHOT]
	at org.apache.ratis.server.impl.RaftServerProxy.lambda$submitClientRequestAsync$7(RaftServerProxy.java:333) ~[ratis-server-0.5.0-201fc85-SNAPSHOT.jar:0.5.0-201fc85-SNAPSHOT]
	at org.apache.ratis.server.impl.RaftServerProxy.lambda$null$5(RaftServerProxy.java:328) ~[ratis-server-0.5.0-201fc85-SNAPSHOT.jar:0.5.0-201fc85-SNAPSHOT]
	at org.apache.ratis.util.JavaUtils.callAsUnchecked(JavaUtils.java:109) ~[ratis-common-0.5.0-201fc85-SNAPSHOT.jar:0.5.0-201fc85-SNAPSHOT]
	at org.apache.ratis.server.impl.RaftServerProxy.lambda$submitRequest$6(RaftServerProxy.java:328) ~[ratis-server-0.5.0-201fc85-SNAPSHOT.jar:0.5.0-201fc85-SNAPSHOT]
	at java.util.concurrent.CompletableFuture.uniComposeStage(CompletableFuture.java:981) ~[?:1.8.0_212]
	at java.util.concurrent.CompletableFuture.thenCompose(CompletableFuture.java:2124) ~[?:1.8.0_212]
	at org.apache.ratis.server.impl.RaftServerProxy.submitRequest(RaftServerProxy.java:327) ~[ratis-server-0.5.0-201fc85-SNAPSHOT.jar:0.5.0-201fc85-SNAPSHOT]
	at org.apache.ratis.server.impl.RaftServerProxy.submitClientRequestAsync(RaftServerProxy.java:333) ~[ratis-server-0.5.0-201fc85-SNAPSHOT.jar:0.5.0-201fc85-SNAPSHOT]
	at org.apache.ratis.grpc.client.GrpcClientProtocolService$RequestStreamObserver.processClientRequest(GrpcClientProtocolService.java:220) ~[ratis-grpc-0.5.0-201fc85-SNAPSHOT.jar:0.5.0-201fc85-SNAPSHOT]
	at org.apache.ratis.grpc.client.GrpcClientProtocolService$OrderedRequestStreamObserver.processClientRequest(GrpcClientProtocolService.java:326) ~[ratis-grpc-0.5.0-201fc85-SNAPSHOT.jar:0.5.0-201fc85-SNAPSHOT]
	at org.apache.ratis.util.SlidingWindow$Server.processRequestsFromHead(SlidingWindow.java:429) [ratis-common-0.5.0-201fc85-SNAPSHOT.jar:0.5.0-201fc85-SNAPSHOT]
	at org.apache.ratis.util.SlidingWindow$Server.receivedRequest(SlidingWindow.java:421) [ratis-common-0.5.0-201fc85-SNAPSHOT.jar:0.5.0-201fc85-SNAPSHOT]
	at org.apache.ratis.grpc.client.GrpcClientProtocolService$OrderedRequestStreamObserver.processClientRequest(GrpcClientProtocolService.java:345) [ratis-grpc-0.5.0-201fc85-SNAPSHOT.jar:0.5.0-201fc85-SNAPSHOT]
	at org.apache.ratis.grpc.client.GrpcClientProtocolService$RequestStreamObserver.onNext(GrpcClientProtocolService.java:240) [ratis-grpc-0.5.0-201fc85-SNAPSHOT.jar:0.5.0-201fc85-SNAPSHOT]
	at org.apache.ratis.grpc.client.GrpcClientProtocolService$RequestStreamObserver.onNext(GrpcClientProtocolService.java:168) [ratis-grpc-0.5.0-201fc85-SNAPSHOT.jar:0.5.0-201fc85-SNAPSHOT]
	at org.apache.ratis.thirdparty.io.grpc.stub.ServerCalls$StreamingServerCallHandler$StreamingServerCallListener.onMessage(ServerCalls.java:248) [ratis-thirdparty-misc-0.2.0.jar:0.2.0]
	at org.apache.ratis.thirdparty.io.grpc.internal.ServerCallImpl$ServerStreamListenerImpl.messagesAvailable(ServerCallImpl.java:263) [ratis-thirdparty-misc-0.2.0.jar:0.2.0]
	at org.apache.ratis.thirdparty.io.grpc.internal.ServerImpl$JumpToApplicationThreadServerStreamListener$1MessagesAvailable.runInContext(ServerImpl.java:686) [ratis-thirdparty-misc-0.2.0.jar:0.2.0]
	at org.apache.ratis.thirdparty.io.grpc.internal.ContextRunnable.run(ContextRunnable.java:37) [ratis-thirdparty-misc-0.2.0.jar:0.2.0]
	at org.apache.ratis.thirdparty.io.grpc.internal.SerializingExecutor.run(SerializingExecutor.java:123) [ratis-thirdparty-misc-0.2.0.jar:0.2.0]
	at java.util.concurrent.ThreadPoolExecutor.runWorker(ThreadPoolExecutor.java:1149) [?:1.8.0_212]
	at java.util.concurrent.ThreadPoolExecutor$Worker.run(ThreadPoolExecutor.java:624) [?:1.8.0_212]
	at java.lang.Thread.run(Thread.java:748) [?:1.8.0_212]
14:47:16.908 [grpc-default-executor-8] ERROR DNAudit - user=null | ip=null | op=WRITE_CHUNK {blockData=conID: 1 locID: 102915980060000275 bcsId: 14} | ret=FAILURE
org.apache.hadoop.hdds.scm.container.common.helpers.ContainerNotOpenException: Container 1 in CLOSED state
	at org.apache.hadoop.ozone.container.common.impl.HddsDispatcher.validateContainerCommand(HddsDispatcher.java:434) ~[hadoop-hdds-container-service-0.5.0-SNAPSHOT.jar:?]
	at org.apache.hadoop.ozone.container.common.transport.server.ratis.ContainerStateMachine.startTransaction(ContainerStateMachine.java:319) ~[hadoop-hdds-container-service-0.5.0-SNAPSHOT.jar:?]
	at org.apache.ratis.server.impl.RaftServerImpl.submitClientRequestAsync(RaftServerImpl.java:569) ~[ratis-server-0.5.0-201fc85-SNAPSHOT.jar:0.5.0-201fc85-SNAPSHOT]
	at org.apache.ratis.server.impl.RaftServerProxy.lambda$submitClientRequestAsync$7(RaftServerProxy.java:333) ~[ratis-server-0.5.0-201fc85-SNAPSHOT.jar:0.5.0-201fc85-SNAPSHOT]
	at org.apache.ratis.server.impl.RaftServerProxy.lambda$null$5(RaftServerProxy.java:328) ~[ratis-server-0.5.0-201fc85-SNAPSHOT.jar:0.5.0-201fc85-SNAPSHOT]
	at org.apache.ratis.util.JavaUtils.callAsUnchecked(JavaUtils.java:109) ~[ratis-common-0.5.0-201fc85-SNAPSHOT.jar:0.5.0-201fc85-SNAPSHOT]
	at org.apache.ratis.server.impl.RaftServerProxy.lambda$submitRequest$6(RaftServerProxy.java:328) ~[ratis-server-0.5.0-201fc85-SNAPSHOT.jar:0.5.0-201fc85-SNAPSHOT]
	at java.util.concurrent.CompletableFuture.uniComposeStage(CompletableFuture.java:981) ~[?:1.8.0_212]
	at java.util.concurrent.CompletableFuture.thenCompose(CompletableFuture.java:2124) ~[?:1.8.0_212]
	at org.apache.ratis.server.impl.RaftServerProxy.submitRequest(RaftServerProxy.java:327) ~[ratis-server-0.5.0-201fc85-SNAPSHOT.jar:0.5.0-201fc85-SNAPSHOT]
	at org.apache.ratis.server.impl.RaftServerProxy.submitClientRequestAsync(RaftServerProxy.java:333) ~[ratis-server-0.5.0-201fc85-SNAPSHOT.jar:0.5.0-201fc85-SNAPSHOT]
	at org.apache.ratis.grpc.client.GrpcClientProtocolService$RequestStreamObserver.processClientRequest(GrpcClientProtocolService.java:220) ~[ratis-grpc-0.5.0-201fc85-SNAPSHOT.jar:0.5.0-201fc85-SNAPSHOT]
	at org.apache.ratis.grpc.client.GrpcClientProtocolService$OrderedRequestStreamObserver.processClientRequest(GrpcClientProtocolService.java:326) ~[ratis-grpc-0.5.0-201fc85-SNAPSHOT.jar:0.5.0-201fc85-SNAPSHOT]
	at org.apache.ratis.util.SlidingWindow$Server.processRequestsFromHead(SlidingWindow.java:429) [ratis-common-0.5.0-201fc85-SNAPSHOT.jar:0.5.0-201fc85-SNAPSHOT]
	at org.apache.ratis.util.SlidingWindow$Server.receivedRequest(SlidingWindow.java:421) [ratis-common-0.5.0-201fc85-SNAPSHOT.jar:0.5.0-201fc85-SNAPSHOT]
	at org.apache.ratis.grpc.client.GrpcClientProtocolService$OrderedRequestStreamObserver.processClientRequest(GrpcClientProtocolService.java:345) [ratis-grpc-0.5.0-201fc85-SNAPSHOT.jar:0.5.0-201fc85-SNAPSHOT]
	at org.apache.ratis.grpc.client.GrpcClientProtocolService$RequestStreamObserver.onNext(GrpcClientProtocolService.java:240) [ratis-grpc-0.5.0-201fc85-SNAPSHOT.jar:0.5.0-201fc85-SNAPSHOT]
	at org.apache.ratis.grpc.client.GrpcClientProtocolService$RequestStreamObserver.onNext(GrpcClientProtocolService.java:168) [ratis-grpc-0.5.0-201fc85-SNAPSHOT.jar:0.5.0-201fc85-SNAPSHOT]
	at org.apache.ratis.thirdparty.io.grpc.stub.ServerCalls$StreamingServerCallHandler$StreamingServerCallListener.onMessage(ServerCalls.java:248) [ratis-thirdparty-misc-0.2.0.jar:0.2.0]
	at org.apache.ratis.thirdparty.io.grpc.internal.ServerCallImpl$ServerStreamListenerImpl.messagesAvailable(ServerCallImpl.java:263) [ratis-thirdparty-misc-0.2.0.jar:0.2.0]
	at org.apache.ratis.thirdparty.io.grpc.internal.ServerImpl$JumpToApplicationThreadServerStreamListener$1MessagesAvailable.runInContext(ServerImpl.java:686) [ratis-thirdparty-misc-0.2.0.jar:0.2.0]
	at org.apache.ratis.thirdparty.io.grpc.internal.ContextRunnable.run(ContextRunnable.java:37) [ratis-thirdparty-misc-0.2.0.jar:0.2.0]
	at org.apache.ratis.thirdparty.io.grpc.internal.SerializingExecutor.run(SerializingExecutor.java:123) [ratis-thirdparty-misc-0.2.0.jar:0.2.0]
	at java.util.concurrent.ThreadPoolExecutor.runWorker(ThreadPoolExecutor.java:1149) [?:1.8.0_212]
	at java.util.concurrent.ThreadPoolExecutor$Worker.run(ThreadPoolExecutor.java:624) [?:1.8.0_212]
	at java.lang.Thread.run(Thread.java:748) [?:1.8.0_212]
14:47:16.914 [grpc-default-executor-8] ERROR DNAudit - user=null | ip=null | op=WRITE_CHUNK {blockData=conID: 1 locID: 102915980060000275 bcsId: 14} | ret=FAILURE
org.apache.hadoop.hdds.scm.container.common.helpers.ContainerNotOpenException: Container 1 in CLOSED state
	at org.apache.hadoop.ozone.container.common.impl.HddsDispatcher.validateContainerCommand(HddsDispatcher.java:434) ~[hadoop-hdds-container-service-0.5.0-SNAPSHOT.jar:?]
	at org.apache.hadoop.ozone.container.common.transport.server.ratis.ContainerStateMachine.startTransaction(ContainerStateMachine.java:319) ~[hadoop-hdds-container-service-0.5.0-SNAPSHOT.jar:?]
	at org.apache.ratis.server.impl.RaftServerImpl.submitClientRequestAsync(RaftServerImpl.java:569) ~[ratis-server-0.5.0-201fc85-SNAPSHOT.jar:0.5.0-201fc85-SNAPSHOT]
	at org.apache.ratis.server.impl.RaftServerProxy.lambda$submitClientRequestAsync$7(RaftServerProxy.java:333) ~[ratis-server-0.5.0-201fc85-SNAPSHOT.jar:0.5.0-201fc85-SNAPSHOT]
	at org.apache.ratis.server.impl.RaftServerProxy.lambda$null$5(RaftServerProxy.java:328) ~[ratis-server-0.5.0-201fc85-SNAPSHOT.jar:0.5.0-201fc85-SNAPSHOT]
	at org.apache.ratis.util.JavaUtils.callAsUnchecked(JavaUtils.java:109) ~[ratis-common-0.5.0-201fc85-SNAPSHOT.jar:0.5.0-201fc85-SNAPSHOT]
	at org.apache.ratis.server.impl.RaftServerProxy.lambda$submitRequest$6(RaftServerProxy.java:328) ~[ratis-server-0.5.0-201fc85-SNAPSHOT.jar:0.5.0-201fc85-SNAPSHOT]
	at java.util.concurrent.CompletableFuture.uniComposeStage(CompletableFuture.java:981) ~[?:1.8.0_212]
	at java.util.concurrent.CompletableFuture.thenCompose(CompletableFuture.java:2124) ~[?:1.8.0_212]
	at org.apache.ratis.server.impl.RaftServerProxy.submitRequest(RaftServerProxy.java:327) ~[ratis-server-0.5.0-201fc85-SNAPSHOT.jar:0.5.0-201fc85-SNAPSHOT]
	at org.apache.ratis.server.impl.RaftServerProxy.submitClientRequestAsync(RaftServerProxy.java:333) ~[ratis-server-0.5.0-201fc85-SNAPSHOT.jar:0.5.0-201fc85-SNAPSHOT]
	at org.apache.ratis.grpc.client.GrpcClientProtocolService$RequestStreamObserver.processClientRequest(GrpcClientProtocolService.java:220) ~[ratis-grpc-0.5.0-201fc85-SNAPSHOT.jar:0.5.0-201fc85-SNAPSHOT]
	at org.apache.ratis.grpc.client.GrpcClientProtocolService$OrderedRequestStreamObserver.processClientRequest(GrpcClientProtocolService.java:326) ~[ratis-grpc-0.5.0-201fc85-SNAPSHOT.jar:0.5.0-201fc85-SNAPSHOT]
	at org.apache.ratis.util.SlidingWindow$Server.processRequestsFromHead(SlidingWindow.java:429) [ratis-common-0.5.0-201fc85-SNAPSHOT.jar:0.5.0-201fc85-SNAPSHOT]
	at org.apache.ratis.util.SlidingWindow$Server.receivedRequest(SlidingWindow.java:421) [ratis-common-0.5.0-201fc85-SNAPSHOT.jar:0.5.0-201fc85-SNAPSHOT]
	at org.apache.ratis.grpc.client.GrpcClientProtocolService$OrderedRequestStreamObserver.processClientRequest(GrpcClientProtocolService.java:345) [ratis-grpc-0.5.0-201fc85-SNAPSHOT.jar:0.5.0-201fc85-SNAPSHOT]
	at org.apache.ratis.grpc.client.GrpcClientProtocolService$RequestStreamObserver.onNext(GrpcClientProtocolService.java:240) [ratis-grpc-0.5.0-201fc85-SNAPSHOT.jar:0.5.0-201fc85-SNAPSHOT]
	at org.apache.ratis.grpc.client.GrpcClientProtocolService$RequestStreamObserver.onNext(GrpcClientProtocolService.java:168) [ratis-grpc-0.5.0-201fc85-SNAPSHOT.jar:0.5.0-201fc85-SNAPSHOT]
	at org.apache.ratis.thirdparty.io.grpc.stub.ServerCalls$StreamingServerCallHandler$StreamingServerCallListener.onMessage(ServerCalls.java:248) [ratis-thirdparty-misc-0.2.0.jar:0.2.0]
	at org.apache.ratis.thirdparty.io.grpc.internal.ServerCallImpl$ServerStreamListenerImpl.messagesAvailable(ServerCallImpl.java:263) [ratis-thirdparty-misc-0.2.0.jar:0.2.0]
	at org.apache.ratis.thirdparty.io.grpc.internal.ServerImpl$JumpToApplicationThreadServerStreamListener$1MessagesAvailable.runInContext(ServerImpl.java:686) [ratis-thirdparty-misc-0.2.0.jar:0.2.0]
	at org.apache.ratis.thirdparty.io.grpc.internal.ContextRunnable.run(ContextRunnable.java:37) [ratis-thirdparty-misc-0.2.0.jar:0.2.0]
	at org.apache.ratis.thirdparty.io.grpc.internal.SerializingExecutor.run(SerializingExecutor.java:123) [ratis-thirdparty-misc-0.2.0.jar:0.2.0]
	at java.util.concurrent.ThreadPoolExecutor.runWorker(ThreadPoolExecutor.java:1149) [?:1.8.0_212]
	at java.util.concurrent.ThreadPoolExecutor$Worker.run(ThreadPoolExecutor.java:624) [?:1.8.0_212]
	at java.lang.Thread.run(Thread.java:748) [?:1.8.0_212]
14:47:16.926 [grpc-default-executor-8] ERROR DNAudit - user=null | ip=null | op=PUT_BLOCK {blockData=[blockId=conID: 1 locID: 102915980060000275 bcsId: 0,size=800]} | ret=FAILURE
org.apache.hadoop.hdds.scm.container.common.helpers.ContainerNotOpenException: Container 1 in CLOSED state
	at org.apache.hadoop.ozone.container.common.impl.HddsDispatcher.validateContainerCommand(HddsDispatcher.java:434) ~[hadoop-hdds-container-service-0.5.0-SNAPSHOT.jar:?]
	at org.apache.hadoop.ozone.container.common.transport.server.ratis.ContainerStateMachine.startTransaction(ContainerStateMachine.java:319) ~[hadoop-hdds-container-service-0.5.0-SNAPSHOT.jar:?]
	at org.apache.ratis.server.impl.RaftServerImpl.submitClientRequestAsync(RaftServerImpl.java:569) ~[ratis-server-0.5.0-201fc85-SNAPSHOT.jar:0.5.0-201fc85-SNAPSHOT]
	at org.apache.ratis.server.impl.RaftServerProxy.lambda$submitClientRequestAsync$7(RaftServerProxy.java:333) ~[ratis-server-0.5.0-201fc85-SNAPSHOT.jar:0.5.0-201fc85-SNAPSHOT]
	at org.apache.ratis.server.impl.RaftServerProxy.lambda$null$5(RaftServerProxy.java:328) ~[ratis-server-0.5.0-201fc85-SNAPSHOT.jar:0.5.0-201fc85-SNAPSHOT]
	at org.apache.ratis.util.JavaUtils.callAsUnchecked(JavaUtils.java:109) ~[ratis-common-0.5.0-201fc85-SNAPSHOT.jar:0.5.0-201fc85-SNAPSHOT]
	at org.apache.ratis.server.impl.RaftServerProxy.lambda$submitRequest$6(RaftServerProxy.java:328) ~[ratis-server-0.5.0-201fc85-SNAPSHOT.jar:0.5.0-201fc85-SNAPSHOT]
	at java.util.concurrent.CompletableFuture.uniComposeStage(CompletableFuture.java:981) ~[?:1.8.0_212]
	at java.util.concurrent.CompletableFuture.thenCompose(CompletableFuture.java:2124) ~[?:1.8.0_212]
	at org.apache.ratis.server.impl.RaftServerProxy.submitRequest(RaftServerProxy.java:327) ~[ratis-server-0.5.0-201fc85-SNAPSHOT.jar:0.5.0-201fc85-SNAPSHOT]
	at org.apache.ratis.server.impl.RaftServerProxy.submitClientRequestAsync(RaftServerProxy.java:333) ~[ratis-server-0.5.0-201fc85-SNAPSHOT.jar:0.5.0-201fc85-SNAPSHOT]
	at org.apache.ratis.grpc.client.GrpcClientProtocolService$RequestStreamObserver.processClientRequest(GrpcClientProtocolService.java:220) ~[ratis-grpc-0.5.0-201fc85-SNAPSHOT.jar:0.5.0-201fc85-SNAPSHOT]
	at org.apache.ratis.grpc.client.GrpcClientProtocolService$OrderedRequestStreamObserver.processClientRequest(GrpcClientProtocolService.java:326) ~[ratis-grpc-0.5.0-201fc85-SNAPSHOT.jar:0.5.0-201fc85-SNAPSHOT]
	at org.apache.ratis.util.SlidingWindow$Server.processRequestsFromHead(SlidingWindow.java:429) [ratis-common-0.5.0-201fc85-SNAPSHOT.jar:0.5.0-201fc85-SNAPSHOT]
	at org.apache.ratis.util.SlidingWindow$Server.receivedRequest(SlidingWindow.java:421) [ratis-common-0.5.0-201fc85-SNAPSHOT.jar:0.5.0-201fc85-SNAPSHOT]
	at org.apache.ratis.grpc.client.GrpcClientProtocolService$OrderedRequestStreamObserver.processClientRequest(GrpcClientProtocolService.java:345) [ratis-grpc-0.5.0-201fc85-SNAPSHOT.jar:0.5.0-201fc85-SNAPSHOT]
	at org.apache.ratis.grpc.client.GrpcClientProtocolService$RequestStreamObserver.onNext(GrpcClientProtocolService.java:240) [ratis-grpc-0.5.0-201fc85-SNAPSHOT.jar:0.5.0-201fc85-SNAPSHOT]
	at org.apache.ratis.grpc.client.GrpcClientProtocolService$RequestStreamObserver.onNext(GrpcClientProtocolService.java:168) [ratis-grpc-0.5.0-201fc85-SNAPSHOT.jar:0.5.0-201fc85-SNAPSHOT]
	at org.apache.ratis.thirdparty.io.grpc.stub.ServerCalls$StreamingServerCallHandler$StreamingServerCallListener.onMessage(ServerCalls.java:248) [ratis-thirdparty-misc-0.2.0.jar:0.2.0]
	at org.apache.ratis.thirdparty.io.grpc.internal.ServerCallImpl$ServerStreamListenerImpl.messagesAvailable(ServerCallImpl.java:263) [ratis-thirdparty-misc-0.2.0.jar:0.2.0]
	at org.apache.ratis.thirdparty.io.grpc.internal.ServerImpl$JumpToApplicationThreadServerStreamListener$1MessagesAvailable.runInContext(ServerImpl.java:686) [ratis-thirdparty-misc-0.2.0.jar:0.2.0]
	at org.apache.ratis.thirdparty.io.grpc.internal.ContextRunnable.run(ContextRunnable.java:37) [ratis-thirdparty-misc-0.2.0.jar:0.2.0]
	at org.apache.ratis.thirdparty.io.grpc.internal.SerializingExecutor.run(SerializingExecutor.java:123) [ratis-thirdparty-misc-0.2.0.jar:0.2.0]
	at java.util.concurrent.ThreadPoolExecutor.runWorker(ThreadPoolExecutor.java:1149) [?:1.8.0_212]
	at java.util.concurrent.ThreadPoolExecutor$Worker.run(ThreadPoolExecutor.java:624) [?:1.8.0_212]
	at java.lang.Thread.run(Thread.java:748) [?:1.8.0_212]
2019-10-06 14:47:18,263 [main] WARN  scm.XceiverClientRatis (XceiverClientRatis.java:watchForCommit(292)) - 3 way commit failed on pipeline Pipeline[ Id: c0a03ecd-2ce9-49e6-99f1-a1a94f389251, Nodes: b6b70025-229b-4dd1-ae93-bca2d1b64bcf{ip: 192.168.151.114, host: ozone-build-dev-hxm7v-1976773872, networkLocation: /default-rack, certSerialId: null}be7a26d3-2201-432c-a96b-ef86ee840878{ip: 192.168.151.114, host: ozone-build-dev-hxm7v-1976773872, networkLocation: /default-rack, certSerialId: null}bac7de5e-ce79-4cb5-a11a-f24956f645d5{ip: 192.168.151.114, host: ozone-build-dev-hxm7v-1976773872, networkLocation: /default-rack, certSerialId: null}, Type:RATIS, Factor:THREE, State:OPEN]
java.util.concurrent.TimeoutException
	at java.util.concurrent.CompletableFuture.timedGet(CompletableFuture.java:1771)
	at java.util.concurrent.CompletableFuture.get(CompletableFuture.java:1915)
	at org.apache.hadoop.hdds.scm.XceiverClientRatis.watchForCommit(XceiverClientRatis.java:289)
	at org.apache.hadoop.hdds.scm.storage.CommitWatcher.watchForCommit(CommitWatcher.java:194)
	at org.apache.hadoop.hdds.scm.storage.CommitWatcher.watchOnLastIndex(CommitWatcher.java:157)
	at org.apache.hadoop.hdds.scm.storage.BlockOutputStream.watchForCommit(BlockOutputStream.java:347)
	at org.apache.hadoop.hdds.scm.storage.BlockOutputStream.handleFlush(BlockOutputStream.java:479)
	at org.apache.hadoop.hdds.scm.storage.BlockOutputStream.flush(BlockOutputStream.java:428)
	at org.apache.hadoop.ozone.client.io.BlockOutputStreamEntry.flush(BlockOutputStreamEntry.java:136)
	at org.apache.hadoop.ozone.client.io.KeyOutputStream.handleFlushOrClose(KeyOutputStream.java:443)
	at org.apache.hadoop.ozone.client.io.KeyOutputStream.flush(KeyOutputStream.java:397)
	at org.apache.hadoop.ozone.client.io.OzoneOutputStream.flush(OzoneOutputStream.java:54)
	at org.apache.hadoop.ozone.client.rpc.TestBlockOutputStreamWithFailures.testWatchForCommitWithCloseContainerException(TestBlockOutputStreamWithFailures.java:232)
	at sun.reflect.NativeMethodAccessorImpl.invoke0(Native Method)
	at sun.reflect.NativeMethodAccessorImpl.invoke(NativeMethodAccessorImpl.java:62)
	at sun.reflect.DelegatingMethodAccessorImpl.invoke(DelegatingMethodAccessorImpl.java:43)
	at java.lang.reflect.Method.invoke(Method.java:498)
	at org.junit.runners.model.FrameworkMethod$1.runReflectiveCall(FrameworkMethod.java:47)
	at org.junit.internal.runners.model.ReflectiveCallable.run(ReflectiveCallable.java:12)
	at org.junit.runners.model.FrameworkMethod.invokeExplosively(FrameworkMethod.java:44)
	at org.junit.internal.runners.statements.InvokeMethod.evaluate(InvokeMethod.java:17)
	at org.junit.internal.runners.statements.RunBefores.evaluate(RunBefores.java:26)
	at org.junit.internal.runners.statements.RunAfters.evaluate(RunAfters.java:27)
	at org.junit.runners.ParentRunner.runLeaf(ParentRunner.java:271)
	at org.junit.runners.BlockJUnit4ClassRunner.runChild(BlockJUnit4ClassRunner.java:70)
	at org.junit.runners.BlockJUnit4ClassRunner.runChild(BlockJUnit4ClassRunner.java:50)
	at org.junit.runners.ParentRunner$3.run(ParentRunner.java:238)
	at org.junit.runners.ParentRunner$1.schedule(ParentRunner.java:63)
	at org.junit.runners.ParentRunner.runChildren(ParentRunner.java:236)
	at org.junit.runners.ParentRunner.access$000(ParentRunner.java:53)
	at org.junit.runners.ParentRunner$2.evaluate(ParentRunner.java:229)
	at org.junit.runners.ParentRunner.run(ParentRunner.java:309)
	at org.apache.maven.surefire.junit4.JUnit4Provider.execute(JUnit4Provider.java:365)
	at org.apache.maven.surefire.junit4.JUnit4Provider.executeWithRerun(JUnit4Provider.java:273)
	at org.apache.maven.surefire.junit4.JUnit4Provider.executeTestSet(JUnit4Provider.java:238)
	at org.apache.maven.surefire.junit4.JUnit4Provider.invoke(JUnit4Provider.java:159)
	at org.apache.maven.surefire.booter.ForkedBooter.invokeProviderInSameClassLoader(ForkedBooter.java:384)
	at org.apache.maven.surefire.booter.ForkedBooter.runSuitesInProcess(ForkedBooter.java:345)
	at org.apache.maven.surefire.booter.ForkedBooter.execute(ForkedBooter.java:126)
	at org.apache.maven.surefire.booter.ForkedBooter.main(ForkedBooter.java:418)
2019-10-06 14:47:19,266 [main] WARN  storage.CommitWatcher (CommitWatcher.java:watchForCommit(203)) - watchForCommit failed for index 14
java.util.concurrent.TimeoutException
	at java.util.concurrent.CompletableFuture.timedGet(CompletableFuture.java:1771)
	at java.util.concurrent.CompletableFuture.get(CompletableFuture.java:1915)
	at org.apache.hadoop.hdds.scm.XceiverClientRatis.watchForCommit(XceiverClientRatis.java:298)
	at org.apache.hadoop.hdds.scm.storage.CommitWatcher.watchForCommit(CommitWatcher.java:194)
	at org.apache.hadoop.hdds.scm.storage.CommitWatcher.watchOnLastIndex(CommitWatcher.java:157)
	at org.apache.hadoop.hdds.scm.storage.BlockOutputStream.watchForCommit(BlockOutputStream.java:347)
	at org.apache.hadoop.hdds.scm.storage.BlockOutputStream.handleFlush(BlockOutputStream.java:479)
	at org.apache.hadoop.hdds.scm.storage.BlockOutputStream.flush(BlockOutputStream.java:428)
	at org.apache.hadoop.ozone.client.io.BlockOutputStreamEntry.flush(BlockOutputStreamEntry.java:136)
	at org.apache.hadoop.ozone.client.io.KeyOutputStream.handleFlushOrClose(KeyOutputStream.java:443)
	at org.apache.hadoop.ozone.client.io.KeyOutputStream.flush(KeyOutputStream.java:397)
	at org.apache.hadoop.ozone.client.io.OzoneOutputStream.flush(OzoneOutputStream.java:54)
	at org.apache.hadoop.ozone.client.rpc.TestBlockOutputStreamWithFailures.testWatchForCommitWithCloseContainerException(TestBlockOutputStreamWithFailures.java:232)
	at sun.reflect.NativeMethodAccessorImpl.invoke0(Native Method)
	at sun.reflect.NativeMethodAccessorImpl.invoke(NativeMethodAccessorImpl.java:62)
	at sun.reflect.DelegatingMethodAccessorImpl.invoke(DelegatingMethodAccessorImpl.java:43)
	at java.lang.reflect.Method.invoke(Method.java:498)
	at org.junit.runners.model.FrameworkMethod$1.runReflectiveCall(FrameworkMethod.java:47)
	at org.junit.internal.runners.model.ReflectiveCallable.run(ReflectiveCallable.java:12)
	at org.junit.runners.model.FrameworkMethod.invokeExplosively(FrameworkMethod.java:44)
	at org.junit.internal.runners.statements.InvokeMethod.evaluate(InvokeMethod.java:17)
	at org.junit.internal.runners.statements.RunBefores.evaluate(RunBefores.java:26)
	at org.junit.internal.runners.statements.RunAfters.evaluate(RunAfters.java:27)
	at org.junit.runners.ParentRunner.runLeaf(ParentRunner.java:271)
	at org.junit.runners.BlockJUnit4ClassRunner.runChild(BlockJUnit4ClassRunner.java:70)
	at org.junit.runners.BlockJUnit4ClassRunner.runChild(BlockJUnit4ClassRunner.java:50)
	at org.junit.runners.ParentRunner$3.run(ParentRunner.java:238)
	at org.junit.runners.ParentRunner$1.schedule(ParentRunner.java:63)
	at org.junit.runners.ParentRunner.runChildren(ParentRunner.java:236)
	at org.junit.runners.ParentRunner.access$000(ParentRunner.java:53)
	at org.junit.runners.ParentRunner$2.evaluate(ParentRunner.java:229)
	at org.junit.runners.ParentRunner.run(ParentRunner.java:309)
	at org.apache.maven.surefire.junit4.JUnit4Provider.execute(JUnit4Provider.java:365)
	at org.apache.maven.surefire.junit4.JUnit4Provider.executeWithRerun(JUnit4Provider.java:273)
	at org.apache.maven.surefire.junit4.JUnit4Provider.executeTestSet(JUnit4Provider.java:238)
	at org.apache.maven.surefire.junit4.JUnit4Provider.invoke(JUnit4Provider.java:159)
	at org.apache.maven.surefire.booter.ForkedBooter.invokeProviderInSameClassLoader(ForkedBooter.java:384)
	at org.apache.maven.surefire.booter.ForkedBooter.runSuitesInProcess(ForkedBooter.java:345)
	at org.apache.maven.surefire.booter.ForkedBooter.execute(ForkedBooter.java:126)
	at org.apache.maven.surefire.booter.ForkedBooter.main(ForkedBooter.java:418)
2019-10-06 14:47:19,268 [main] WARN  io.KeyOutputStream (KeyOutputStream.java:handleException(274)) - Encountered exception java.io.IOException: Unexpected Storage Container Exception: java.io.IOException: Unexpected Storage Container Exception: java.util.concurrent.TimeoutException on the pipeline Pipeline[ Id: c0a03ecd-2ce9-49e6-99f1-a1a94f389251, Nodes: b6b70025-229b-4dd1-ae93-bca2d1b64bcf{ip: 192.168.151.114, host: ozone-build-dev-hxm7v-1976773872, networkLocation: /default-rack, certSerialId: null}be7a26d3-2201-432c-a96b-ef86ee840878{ip: 192.168.151.114, host: ozone-build-dev-hxm7v-1976773872, networkLocation: /default-rack, certSerialId: null}bac7de5e-ce79-4cb5-a11a-f24956f645d5{ip: 192.168.151.114, host: ozone-build-dev-hxm7v-1976773872, networkLocation: /default-rack, certSerialId: null}, Type:RATIS, Factor:THREE, State:OPEN]. The last committed block length is 400, uncommitted data length is 50 retry count 0
2019-10-06 14:47:19,429 [main] INFO  ozone.MiniOzoneClusterImpl (MiniOzoneClusterImpl.java:shutdown(314)) - Shutting down the Mini Ozone Cluster
2019-10-06 14:47:19,429 [main] INFO  ozone.MiniOzoneClusterImpl (MiniOzoneClusterImpl.java:stop(330)) - Stopping the Mini Ozone Cluster
2019-10-06 14:47:19,429 [main] INFO  ozone.MiniOzoneClusterImpl (MiniOzoneClusterImpl.java:stopOM(400)) - Stopping the OzoneManager
2019-10-06 14:47:19,430 [main] INFO  ipc.Server (Server.java:stop(3082)) - Stopping server on 37891
2019-10-06 14:47:19,457 [IPC Server listener on 37891] INFO  ipc.Server (Server.java:run(1185)) - Stopping IPC Server listener on 37891
2019-10-06 14:47:19,457 [main] INFO  ratis.OzoneManagerDoubleBuffer (OzoneManagerDoubleBuffer.java:stop(248)) - Stopping OMDoubleBuffer flush thread
2019-10-06 14:47:19,461 [IPC Server Responder] INFO  ipc.Server (Server.java:run(1319)) - Stopping IPC Server Responder
2019-10-06 14:47:19,463 [OMDoubleBufferFlushThread] INFO  ratis.OzoneManagerDoubleBuffer (OzoneManagerDoubleBuffer.java:flushTransactions(191)) - OMDoubleBuffer flush thread OMDoubleBufferFlushThread is interrupted and will exit. OMDoubleBufferFlushThread
2019-10-06 14:47:19,475 [main] INFO  utils.BackgroundService (BackgroundService.java:shutdown(148)) - Shutting down service KeyDeletingService
2019-10-06 14:47:19,476 [main] INFO  handler.ContextHandler (ContextHandler.java:doStop(910)) - Stopped o.e.j.w.WebAppContext@76a1146d{/,null,UNAVAILABLE}{/ozoneManager}
2019-10-06 14:47:19,477 [main] INFO  server.AbstractConnector (AbstractConnector.java:doStop(318)) - Stopped ServerConnector@6ef1c3f7{HTTP/1.1,[http/1.1]}{0.0.0.0:0}
2019-10-06 14:47:19,478 [main] INFO  handler.ContextHandler (ContextHandler.java:doStop(910)) - Stopped o.e.j.s.ServletContextHandler@2aa6bbad{/static,file:///workdir/hadoop-ozone/integration-test/target/test-classes/webapps/static,UNAVAILABLE}
2019-10-06 14:47:19,478 [main] INFO  handler.ContextHandler (ContextHandler.java:doStop(910)) - Stopped o.e.j.s.ServletContextHandler@3356ff58{/logs,file:///workdir/hadoop-ozone/integration-test/target/log,UNAVAILABLE}
2019-10-06 14:47:19,480 [main] INFO  ozone.MiniOzoneClusterImpl (MiniOzoneClusterImpl.java:stopDatanodes(377)) - Stopping the HddsDatanodes
2019-10-06 14:47:20,054 [Datanode State Machine Thread - 0] INFO  statemachine.DatanodeStateMachine (DatanodeStateMachine.java:lambda$startDaemon$0(350)) - Ozone container server started.
2019-10-06 14:47:20,365 [Datanode State Machine Thread - 0] INFO  statemachine.DatanodeStateMachine (DatanodeStateMachine.java:lambda$startDaemon$0(350)) - Ozone container server started.
2019-10-06 14:47:24,122 [EventQueue-StaleNodeForStaleNodeHandler] INFO  node.StaleNodeHandler (StaleNodeHandler.java:onMessage(58)) - Datanode be7a26d3-2201-432c-a96b-ef86ee840878{ip: 192.168.151.114, host: ozone-build-dev-hxm7v-1976773872, networkLocation: /default-rack, certSerialId: null} moved to stale state. Finalizing its pipelines [PipelineID=c0a03ecd-2ce9-49e6-99f1-a1a94f389251, PipelineID=c7b9113a-7bbe-4bf8-b886-908586d6c8d7]
2019-10-06 14:47:24,123 [EventQueue-StaleNodeForStaleNodeHandler] INFO  pipeline.SCMPipelineManager (SCMPipelineManager.java:finalizeAndDestroyPipeline(315)) - destroying pipeline:Pipeline[ Id: c0a03ecd-2ce9-49e6-99f1-a1a94f389251, Nodes: b6b70025-229b-4dd1-ae93-bca2d1b64bcf{ip: 192.168.151.114, host: ozone-build-dev-hxm7v-1976773872, networkLocation: /default-rack, certSerialId: null}be7a26d3-2201-432c-a96b-ef86ee840878{ip: 192.168.151.114, host: ozone-build-dev-hxm7v-1976773872, networkLocation: /default-rack, certSerialId: null}bac7de5e-ce79-4cb5-a11a-f24956f645d5{ip: 192.168.151.114, host: ozone-build-dev-hxm7v-1976773872, networkLocation: /default-rack, certSerialId: null}, Type:RATIS, Factor:THREE, State:OPEN]
2019-10-06 14:47:24,123 [EventQueue-StaleNodeForStaleNodeHandler] INFO  pipeline.PipelineStateManager (PipelineStateManager.java:finalizePipeline(123)) - Pipeline Pipeline[ Id: c0a03ecd-2ce9-49e6-99f1-a1a94f389251, Nodes: b6b70025-229b-4dd1-ae93-bca2d1b64bcf{ip: 192.168.151.114, host: ozone-build-dev-hxm7v-1976773872, networkLocation: /default-rack, certSerialId: null}be7a26d3-2201-432c-a96b-ef86ee840878{ip: 192.168.151.114, host: ozone-build-dev-hxm7v-1976773872, networkLocation: /default-rack, certSerialId: null}bac7de5e-ce79-4cb5-a11a-f24956f645d5{ip: 192.168.151.114, host: ozone-build-dev-hxm7v-1976773872, networkLocation: /default-rack, certSerialId: null}, Type:RATIS, Factor:THREE, State:CLOSED] moved to CLOSED state
2019-10-06 14:47:24,123 [EventQueue-CloseContainerForCloseContainerEventHandler] INFO  container.CloseContainerEventHandler (CloseContainerEventHandler.java:onMessage(61)) - Close container Event triggered for container : #2
2019-10-06 14:47:24,127 [EventQueue-StaleNodeForStaleNodeHandler] INFO  pipeline.SCMPipelineManager (SCMPipelineManager.java:finalizeAndDestroyPipeline(315)) - destroying pipeline:Pipeline[ Id: c7b9113a-7bbe-4bf8-b886-908586d6c8d7, Nodes: be7a26d3-2201-432c-a96b-ef86ee840878{ip: 192.168.151.114, host: ozone-build-dev-hxm7v-1976773872, networkLocation: /default-rack, certSerialId: null}, Type:RATIS, Factor:ONE, State:OPEN]
2019-10-06 14:47:24,128 [EventQueue-StaleNodeForStaleNodeHandler] INFO  pipeline.PipelineStateManager (PipelineStateManager.java:finalizePipeline(123)) - Pipeline Pipeline[ Id: c7b9113a-7bbe-4bf8-b886-908586d6c8d7, Nodes: be7a26d3-2201-432c-a96b-ef86ee840878{ip: 192.168.151.114, host: ozone-build-dev-hxm7v-1976773872, networkLocation: /default-rack, certSerialId: null}, Type:RATIS, Factor:ONE, State:CLOSED] moved to CLOSED state
2019-10-06 14:47:24,422 [EventQueue-StaleNodeForStaleNodeHandler] INFO  node.StaleNodeHandler (StaleNodeHandler.java:onMessage(58)) - Datanode 1c73777b-379a-4e58-afe3-e36257195a83{ip: 192.168.151.114, host: ozone-build-dev-hxm7v-1976773872, networkLocation: /default-rack, certSerialId: null} moved to stale state. Finalizing its pipelines [PipelineID=4aecf71a-c8b6-47d9-a0ab-fedda15fbc29, PipelineID=25f58045-b707-4894-b185-7304e6cf6906]
2019-10-06 14:47:24,422 [EventQueue-StaleNodeForStaleNodeHandler] INFO  pipeline.SCMPipelineManager (SCMPipelineManager.java:finalizeAndDestroyPipeline(315)) - destroying pipeline:Pipeline[ Id: 4aecf71a-c8b6-47d9-a0ab-fedda15fbc29, Nodes: 1c73777b-379a-4e58-afe3-e36257195a83{ip: 192.168.151.114, host: ozone-build-dev-hxm7v-1976773872, networkLocation: /default-rack, certSerialId: null}, Type:RATIS, Factor:ONE, State:OPEN]
2019-10-06 14:47:24,423 [EventQueue-StaleNodeForStaleNodeHandler] INFO  pipeline.PipelineStateManager (PipelineStateManager.java:finalizePipeline(123)) - Pipeline Pipeline[ Id: 4aecf71a-c8b6-47d9-a0ab-fedda15fbc29, Nodes: 1c73777b-379a-4e58-afe3-e36257195a83{ip: 192.168.151.114, host: ozone-build-dev-hxm7v-1976773872, networkLocation: /default-rack, certSerialId: null}, Type:RATIS, Factor:ONE, State:CLOSED] moved to CLOSED state
2019-10-06 14:47:24,423 [EventQueue-StaleNodeForStaleNodeHandler] INFO  pipeline.SCMPipelineManager (SCMPipelineManager.java:finalizeAndDestroyPipeline(315)) - destroying pipeline:Pipeline[ Id: 25f58045-b707-4894-b185-7304e6cf6906, Nodes: bdbf3c7d-7ab8-45d0-a00e-9a90afbb196e{ip: 192.168.151.114, host: ozone-build-dev-hxm7v-1976773872, networkLocation: /default-rack, certSerialId: null}1c73777b-379a-4e58-afe3-e36257195a83{ip: 192.168.151.114, host: ozone-build-dev-hxm7v-1976773872, networkLocation: /default-rack, certSerialId: null}19150db3-7c2b-4c29-b1cb-de3372b4b7d7{ip: 192.168.151.114, host: ozone-build-dev-hxm7v-1976773872, networkLocation: /default-rack, certSerialId: null}, Type:RATIS, Factor:THREE, State:OPEN]
2019-10-06 14:47:24,423 [EventQueue-StaleNodeForStaleNodeHandler] INFO  pipeline.PipelineStateManager (PipelineStateManager.java:finalizePipeline(123)) - Pipeline Pipeline[ Id: 25f58045-b707-4894-b185-7304e6cf6906, Nodes: bdbf3c7d-7ab8-45d0-a00e-9a90afbb196e{ip: 192.168.151.114, host: ozone-build-dev-hxm7v-1976773872, networkLocation: /default-rack, certSerialId: null}1c73777b-379a-4e58-afe3-e36257195a83{ip: 192.168.151.114, host: ozone-build-dev-hxm7v-1976773872, networkLocation: /default-rack, certSerialId: null}19150db3-7c2b-4c29-b1cb-de3372b4b7d7{ip: 192.168.151.114, host: ozone-build-dev-hxm7v-1976773872, networkLocation: /default-rack, certSerialId: null}, Type:RATIS, Factor:THREE, State:CLOSED] moved to CLOSED state
2019-10-06 14:47:24,423 [EventQueue-CloseContainerForCloseContainerEventHandler] INFO  container.CloseContainerEventHandler (CloseContainerEventHandler.java:onMessage(61)) - Close container Event triggered for container : #3
2019-10-06 14:47:24,481 [main] INFO  ozoneimpl.OzoneContainer (OzoneContainer.java:stop(231)) - Attempting to stop container services.
2019-10-06 14:47:24,481 [ForkJoinPool.commonPool-worker-0] INFO  ozoneimpl.OzoneContainer (OzoneContainer.java:stop(231)) - Attempting to stop container services.
2019-10-06 14:47:24,483 [main] INFO  impl.RaftServerProxy (RaftServerProxy.java:lambda$close$4(314)) - be7a26d3-2201-432c-a96b-ef86ee840878: close
2019-10-06 14:47:24,484 [ForkJoinPool.commonPool-worker-0] INFO  impl.RaftServerProxy (RaftServerProxy.java:lambda$close$4(314)) - 1c73777b-379a-4e58-afe3-e36257195a83: close
2019-10-06 14:47:24,484 [main] INFO  impl.RaftServerImpl (RaftServerImpl.java:lambda$shutdown$3(247)) - be7a26d3-2201-432c-a96b-ef86ee840878@group-A1A94F389251: shutdown
2019-10-06 14:47:24,484 [ForkJoinPool.commonPool-worker-0] INFO  impl.RaftServerImpl (RaftServerImpl.java:lambda$shutdown$3(247)) - 1c73777b-379a-4e58-afe3-e36257195a83@group-FEDDA15FBC29: shutdown
2019-10-06 14:47:24,484 [main] INFO  util.JmxRegister (JmxRegister.java:unregister(73)) - Successfully un-registered JMX Bean with object name Ratis:service=RaftServer,group=group-A1A94F389251,id=be7a26d3-2201-432c-a96b-ef86ee840878
2019-10-06 14:47:24,484 [ForkJoinPool.commonPool-worker-0] INFO  util.JmxRegister (JmxRegister.java:unregister(73)) - Successfully un-registered JMX Bean with object name Ratis:service=RaftServer,group=group-FEDDA15FBC29,id=1c73777b-379a-4e58-afe3-e36257195a83
2019-10-06 14:47:24,485 [main] INFO  impl.RoleInfo (RoleInfo.java:shutdownLeaderState(104)) - be7a26d3-2201-432c-a96b-ef86ee840878: shutdown LeaderState
2019-10-06 14:47:24,485 [ForkJoinPool.commonPool-worker-0] INFO  impl.RoleInfo (RoleInfo.java:shutdownLeaderState(104)) - 1c73777b-379a-4e58-afe3-e36257195a83: shutdown LeaderState
2019-10-06 14:47:24,489 [org.apache.ratis.server.impl.LogAppender$AppenderDaemon$$Lambda$549/1821712221@740cfbbf] WARN  server.GrpcLogAppender (GrpcLogAppender.java:mayWait(143)) - be7a26d3-2201-432c-a96b-ef86ee840878@group-A1A94F389251->bac7de5e-ce79-4cb5-a11a-f24956f645d5-GrpcLogAppender: Wait interrupted by java.lang.InterruptedException
2019-10-06 14:47:24,488 [main] INFO  impl.PendingRequests (PendingRequests.java:sendNotLeaderResponses(202)) - be7a26d3-2201-432c-a96b-ef86ee840878@group-A1A94F389251-PendingRequests: sendNotLeaderResponses
2019-10-06 14:47:24,488 [org.apache.ratis.server.impl.LogAppender$AppenderDaemon$$Lambda$549/1821712221@7f358ffc] WARN  server.GrpcLogAppender (GrpcLogAppender.java:mayWait(143)) - be7a26d3-2201-432c-a96b-ef86ee840878@group-A1A94F389251->b6b70025-229b-4dd1-ae93-bca2d1b64bcf-GrpcLogAppender: Wait interrupted by java.lang.InterruptedException
2019-10-06 14:47:24,489 [ForkJoinPool.commonPool-worker-0] INFO  impl.PendingRequests (PendingRequests.java:sendNotLeaderResponses(202)) - 1c73777b-379a-4e58-afe3-e36257195a83@group-FEDDA15FBC29-PendingRequests: sendNotLeaderResponses
2019-10-06 14:47:24,493 [grpc-default-executor-6] INFO  server.GrpcServerProtocolService (GrpcServerProtocolService.java:onCompleted(113)) - b6b70025-229b-4dd1-ae93-bca2d1b64bcf: Completed APPEND_ENTRIES, lastRequest: be7a26d3-2201-432c-a96b-ef86ee840878->b6b70025-229b-4dd1-ae93-bca2d1b64bcf#19-t1, previous=(t:1, i:16), leaderCommit=16, initializing? false, entries: <empty>
2019-10-06 14:47:24,493 [ForkJoinPool.commonPool-worker-0] INFO  impl.StateMachineUpdater (StateMachineUpdater.java:stopAndJoin(136)) - 1c73777b-379a-4e58-afe3-e36257195a83@group-FEDDA15FBC29-StateMachineUpdater: set stopIndex = 0
2019-10-06 14:47:24,493 [be7a26d3-2201-432c-a96b-ef86ee840878@group-A1A94F389251-StateMachineUpdater] INFO  ratis.ContainerStateMachine (ContainerStateMachine.java:takeSnapshot(293)) - group-A1A94F389251: Taking a snapshot at:(t:1, i:14) file /workdir/hadoop-ozone/integration-test/target/test-dir/MiniOzoneClusterImpl-a7993c58-b5b1-413b-983e-895559c32200/datanode-4/data/ratis/c0a03ecd-2ce9-49e6-99f1-a1a94f389251/sm/snapshot.1_14
2019-10-06 14:47:24,493 [main] INFO  impl.StateMachineUpdater (StateMachineUpdater.java:stopAndJoin(136)) - be7a26d3-2201-432c-a96b-ef86ee840878@group-A1A94F389251-StateMachineUpdater: set stopIndex = 16
2019-10-06 14:47:24,489 [grpc-default-executor-8] INFO  server.GrpcServerProtocolService (GrpcServerProtocolService.java:onCompleted(113)) - bac7de5e-ce79-4cb5-a11a-f24956f645d5: Completed APPEND_ENTRIES, lastRequest: be7a26d3-2201-432c-a96b-ef86ee840878->bac7de5e-ce79-4cb5-a11a-f24956f645d5#19-t1, previous=(t:1, i:16), leaderCommit=16, initializing? false, entries: <empty>
2019-10-06 14:47:24,494 [grpc-default-executor-6] INFO  server.GrpcLogAppender (GrpcLogAppender.java:onCompleted(293)) - be7a26d3-2201-432c-a96b-ef86ee840878@group-A1A94F389251->b6b70025-229b-4dd1-ae93-bca2d1b64bcf-AppendLogResponseHandler: follower responses appendEntries COMPLETED
2019-10-06 14:47:24,494 [ForkJoinPool.commonPool-worker-0] INFO  impl.RaftServerImpl (ServerState.java:close(387)) - 1c73777b-379a-4e58-afe3-e36257195a83@group-FEDDA15FBC29: closes. applyIndex: 0
2019-10-06 14:47:24,495 [grpc-default-executor-8] INFO  server.GrpcLogAppender (GrpcLogAppender.java:onCompleted(293)) - be7a26d3-2201-432c-a96b-ef86ee840878@group-A1A94F389251->bac7de5e-ce79-4cb5-a11a-f24956f645d5-AppendLogResponseHandler: follower responses appendEntries COMPLETED
2019-10-06 14:47:24,495 [1c73777b-379a-4e58-afe3-e36257195a83@group-FEDDA15FBC29-SegmentedRaftLogWorker] INFO  segmented.SegmentedRaftLogWorker (SegmentedRaftLogWorker.java:run(316)) - 1c73777b-379a-4e58-afe3-e36257195a83@group-FEDDA15FBC29-SegmentedRaftLogWorker was interrupted, exiting. There are 0 tasks remaining in the queue.
2019-10-06 14:47:24,497 [grpc-default-executor-6] INFO  impl.FollowerInfo (FollowerInfo.java:lambda$new$0(51)) - be7a26d3-2201-432c-a96b-ef86ee840878@group-A1A94F389251->b6b70025-229b-4dd1-ae93-bca2d1b64bcf: nextIndex: updateUnconditionally 17 -> 16
2019-10-06 14:47:24,497 [ForkJoinPool.commonPool-worker-0] INFO  segmented.SegmentedRaftLogWorker (SegmentedRaftLogWorker.java:close(224)) - 1c73777b-379a-4e58-afe3-e36257195a83@group-FEDDA15FBC29-SegmentedRaftLogWorker close()
2019-10-06 14:47:24,498 [grpc-default-executor-8] INFO  impl.FollowerInfo (FollowerInfo.java:lambda$new$0(51)) - be7a26d3-2201-432c-a96b-ef86ee840878@group-A1A94F389251->bac7de5e-ce79-4cb5-a11a-f24956f645d5: nextIndex: updateUnconditionally 17 -> 16
2019-10-06 14:47:24,513 [ForkJoinPool.commonPool-worker-0] INFO  impl.RaftServerImpl (RaftServerImpl.java:lambda$shutdown$3(247)) - 1c73777b-379a-4e58-afe3-e36257195a83@group-7304E6CF6906: shutdown
2019-10-06 14:47:24,513 [ForkJoinPool.commonPool-worker-0] INFO  util.JmxRegister (JmxRegister.java:unregister(73)) - Successfully un-registered JMX Bean with object name Ratis:service=RaftServer,group=group-7304E6CF6906,id=1c73777b-379a-4e58-afe3-e36257195a83
2019-10-06 14:47:24,513 [ForkJoinPool.commonPool-worker-0] INFO  impl.RoleInfo (RoleInfo.java:shutdownLeaderState(104)) - 1c73777b-379a-4e58-afe3-e36257195a83: shutdown LeaderState
2019-10-06 14:47:24,517 [org.apache.ratis.server.impl.LogAppender$AppenderDaemon$$Lambda$549/1821712221@63cc3664] WARN  server.GrpcLogAppender (GrpcLogAppender.java:mayWait(143)) - 1c73777b-379a-4e58-afe3-e36257195a83@group-7304E6CF6906->bdbf3c7d-7ab8-45d0-a00e-9a90afbb196e-GrpcLogAppender: Wait interrupted by java.lang.InterruptedException
2019-10-06 14:47:24,518 [org.apache.ratis.server.impl.LogAppender$AppenderDaemon$$Lambda$549/1821712221@133f7718] WARN  server.GrpcLogAppender (GrpcLogAppender.java:mayWait(143)) - 1c73777b-379a-4e58-afe3-e36257195a83@group-7304E6CF6906->19150db3-7c2b-4c29-b1cb-de3372b4b7d7-GrpcLogAppender: Wait interrupted by java.lang.InterruptedException
2019-10-06 14:47:24,517 [ForkJoinPool.commonPool-worker-0] INFO  impl.PendingRequests (PendingRequests.java:sendNotLeaderResponses(202)) - 1c73777b-379a-4e58-afe3-e36257195a83@group-7304E6CF6906-PendingRequests: sendNotLeaderResponses
2019-10-06 14:47:24,518 [grpc-default-executor-8] INFO  server.GrpcServerProtocolService (GrpcServerProtocolService.java:onCompleted(113)) - 19150db3-7c2b-4c29-b1cb-de3372b4b7d7: Completed APPEND_ENTRIES, lastRequest: 1c73777b-379a-4e58-afe3-e36257195a83->19150db3-7c2b-4c29-b1cb-de3372b4b7d7#26-t1, previous=(t:1, i:22), leaderCommit=22, initializing? false, entries: <empty>
2019-10-06 14:47:24,518 [grpc-default-executor-6] INFO  server.GrpcServerProtocolService (GrpcServerProtocolService.java:onCompleted(113)) - bdbf3c7d-7ab8-45d0-a00e-9a90afbb196e: Completed APPEND_ENTRIES, lastRequest: 1c73777b-379a-4e58-afe3-e36257195a83->bdbf3c7d-7ab8-45d0-a00e-9a90afbb196e#26-t1, previous=(t:1, i:22), leaderCommit=22, initializing? false, entries: <empty>
2019-10-06 14:47:24,520 [ForkJoinPool.commonPool-worker-0] INFO  impl.StateMachineUpdater (StateMachineUpdater.java:stopAndJoin(136)) - 1c73777b-379a-4e58-afe3-e36257195a83@group-7304E6CF6906-StateMachineUpdater: set stopIndex = 22
2019-10-06 14:47:24,520 [grpc-default-executor-8] INFO  server.GrpcLogAppender (GrpcLogAppender.java:onCompleted(293)) - 1c73777b-379a-4e58-afe3-e36257195a83@group-7304E6CF6906->19150db3-7c2b-4c29-b1cb-de3372b4b7d7-AppendLogResponseHandler: follower responses appendEntries COMPLETED
2019-10-06 14:47:24,520 [1c73777b-379a-4e58-afe3-e36257195a83@group-7304E6CF6906-StateMachineUpdater] INFO  ratis.ContainerStateMachine (ContainerStateMachine.java:takeSnapshot(293)) - group-7304E6CF6906: Taking a snapshot at:(t:1, i:22) file /workdir/hadoop-ozone/integration-test/target/test-dir/MiniOzoneClusterImpl-a7993c58-b5b1-413b-983e-895559c32200/datanode-1/data/ratis/25f58045-b707-4894-b185-7304e6cf6906/sm/snapshot.1_22
2019-10-06 14:47:24,520 [grpc-default-executor-4] INFO  server.GrpcLogAppender (GrpcLogAppender.java:onCompleted(293)) - 1c73777b-379a-4e58-afe3-e36257195a83@group-7304E6CF6906->bdbf3c7d-7ab8-45d0-a00e-9a90afbb196e-AppendLogResponseHandler: follower responses appendEntries COMPLETED
2019-10-06 14:47:24,521 [grpc-default-executor-8] INFO  impl.FollowerInfo (FollowerInfo.java:lambda$new$0(51)) - 1c73777b-379a-4e58-afe3-e36257195a83@group-7304E6CF6906->19150db3-7c2b-4c29-b1cb-de3372b4b7d7: nextIndex: updateUnconditionally 23 -> 22
2019-10-06 14:47:24,521 [grpc-default-executor-4] INFO  impl.FollowerInfo (FollowerInfo.java:lambda$new$0(51)) - 1c73777b-379a-4e58-afe3-e36257195a83@group-7304E6CF6906->bdbf3c7d-7ab8-45d0-a00e-9a90afbb196e: nextIndex: updateUnconditionally 23 -> 22
2019-10-06 14:47:24,563 [be7a26d3-2201-432c-a96b-ef86ee840878@group-A1A94F389251-StateMachineUpdater] INFO  ratis.ContainerStateMachine (ContainerStateMachine.java:takeSnapshot(304)) - group-A1A94F389251: Finished taking a snapshot at:(t:1, i:14) file:/workdir/hadoop-ozone/integration-test/target/test-dir/MiniOzoneClusterImpl-a7993c58-b5b1-413b-983e-895559c32200/datanode-4/data/ratis/c0a03ecd-2ce9-49e6-99f1-a1a94f389251/sm/snapshot.1_14 time:70
2019-10-06 14:47:24,564 [be7a26d3-2201-432c-a96b-ef86ee840878@group-A1A94F389251-StateMachineUpdater] INFO  impl.StateMachineUpdater (StateMachineUpdater.java:takeSnapshot(269)) - be7a26d3-2201-432c-a96b-ef86ee840878@group-A1A94F389251-StateMachineUpdater: Took a snapshot at index 14
2019-10-06 14:47:24,564 [be7a26d3-2201-432c-a96b-ef86ee840878@group-A1A94F389251-StateMachineUpdater] INFO  impl.StateMachineUpdater (StateMachineUpdater.java:lambda$new$0(84)) - be7a26d3-2201-432c-a96b-ef86ee840878@group-A1A94F389251-StateMachineUpdater: snapshotIndex: updateIncreasingly -1 -> 14
2019-10-06 14:47:24,564 [be7a26d3-2201-432c-a96b-ef86ee840878@group-A1A94F389251-StateMachineUpdater] INFO  ratis.ContainerStateMachine (ContainerStateMachine.java:takeSnapshot(293)) - group-A1A94F389251: Taking a snapshot at:(t:1, i:14) file /workdir/hadoop-ozone/integration-test/target/test-dir/MiniOzoneClusterImpl-a7993c58-b5b1-413b-983e-895559c32200/datanode-4/data/ratis/c0a03ecd-2ce9-49e6-99f1-a1a94f389251/sm/snapshot.1_14
2019-10-06 14:47:24,587 [be7a26d3-2201-432c-a96b-ef86ee840878@group-A1A94F389251-StateMachineUpdater] INFO  ratis.ContainerStateMachine (ContainerStateMachine.java:takeSnapshot(304)) - group-A1A94F389251: Finished taking a snapshot at:(t:1, i:14) file:/workdir/hadoop-ozone/integration-test/target/test-dir/MiniOzoneClusterImpl-a7993c58-b5b1-413b-983e-895559c32200/datanode-4/data/ratis/c0a03ecd-2ce9-49e6-99f1-a1a94f389251/sm/snapshot.1_14 time:23
2019-10-06 14:47:24,587 [1c73777b-379a-4e58-afe3-e36257195a83@group-7304E6CF6906-StateMachineUpdater] INFO  ratis.ContainerStateMachine (ContainerStateMachine.java:takeSnapshot(304)) - group-7304E6CF6906: Finished taking a snapshot at:(t:1, i:22) file:/workdir/hadoop-ozone/integration-test/target/test-dir/MiniOzoneClusterImpl-a7993c58-b5b1-413b-983e-895559c32200/datanode-1/data/ratis/25f58045-b707-4894-b185-7304e6cf6906/sm/snapshot.1_22 time:67
2019-10-06 14:47:24,588 [be7a26d3-2201-432c-a96b-ef86ee840878@group-A1A94F389251-StateMachineUpdater] INFO  impl.StateMachineUpdater (StateMachineUpdater.java:takeSnapshot(269)) - be7a26d3-2201-432c-a96b-ef86ee840878@group-A1A94F389251-StateMachineUpdater: Took a snapshot at index 14
2019-10-06 14:47:24,588 [be7a26d3-2201-432c-a96b-ef86ee840878@group-A1A94F389251-StateMachineUpdater] INFO  impl.StateMachineUpdater (StateMachineUpdater.java:lambda$new$0(84)) - be7a26d3-2201-432c-a96b-ef86ee840878@group-A1A94F389251-StateMachineUpdater: snapshotIndex: updateIncreasingly 14 -> 14
2019-10-06 14:47:24,588 [1c73777b-379a-4e58-afe3-e36257195a83@group-7304E6CF6906-StateMachineUpdater] INFO  impl.StateMachineUpdater (StateMachineUpdater.java:takeSnapshot(269)) - 1c73777b-379a-4e58-afe3-e36257195a83@group-7304E6CF6906-StateMachineUpdater: Took a snapshot at index 22
2019-10-06 14:47:24,588 [1c73777b-379a-4e58-afe3-e36257195a83@group-7304E6CF6906-StateMachineUpdater] INFO  impl.StateMachineUpdater (StateMachineUpdater.java:lambda$new$0(84)) - 1c73777b-379a-4e58-afe3-e36257195a83@group-7304E6CF6906-StateMachineUpdater: snapshotIndex: updateIncreasingly -1 -> 22
2019-10-06 14:47:24,588 [main] INFO  impl.RaftServerImpl (ServerState.java:close(387)) - be7a26d3-2201-432c-a96b-ef86ee840878@group-A1A94F389251: closes. applyIndex: 16
2019-10-06 14:47:24,588 [ForkJoinPool.commonPool-worker-0] INFO  impl.RaftServerImpl (ServerState.java:close(387)) - 1c73777b-379a-4e58-afe3-e36257195a83@group-7304E6CF6906: closes. applyIndex: 22
2019-10-06 14:47:24,589 [be7a26d3-2201-432c-a96b-ef86ee840878@group-A1A94F389251-SegmentedRaftLogWorker] INFO  segmented.SegmentedRaftLogWorker (SegmentedRaftLogWorker.java:run(316)) - be7a26d3-2201-432c-a96b-ef86ee840878@group-A1A94F389251-SegmentedRaftLogWorker was interrupted, exiting. There are 0 tasks remaining in the queue.
2019-10-06 14:47:24,589 [main] INFO  segmented.SegmentedRaftLogWorker (SegmentedRaftLogWorker.java:close(224)) - be7a26d3-2201-432c-a96b-ef86ee840878@group-A1A94F389251-SegmentedRaftLogWorker close()
2019-10-06 14:47:24,589 [1c73777b-379a-4e58-afe3-e36257195a83@group-7304E6CF6906-SegmentedRaftLogWorker] INFO  segmented.SegmentedRaftLogWorker (SegmentedRaftLogWorker.java:run(316)) - 1c73777b-379a-4e58-afe3-e36257195a83@group-7304E6CF6906-SegmentedRaftLogWorker was interrupted, exiting. There are 0 tasks remaining in the queue.
2019-10-06 14:47:24,591 [main] INFO  impl.RaftServerImpl (RaftServerImpl.java:lambda$shutdown$3(247)) - be7a26d3-2201-432c-a96b-ef86ee840878@group-908586D6C8D7: shutdown
2019-10-06 14:47:24,592 [main] INFO  util.JmxRegister (JmxRegister.java:unregister(73)) - Successfully un-registered JMX Bean with object name Ratis:service=RaftServer,group=group-908586D6C8D7,id=be7a26d3-2201-432c-a96b-ef86ee840878
2019-10-06 14:47:24,591 [ForkJoinPool.commonPool-worker-0] INFO  segmented.SegmentedRaftLogWorker (SegmentedRaftLogWorker.java:close(224)) - 1c73777b-379a-4e58-afe3-e36257195a83@group-7304E6CF6906-SegmentedRaftLogWorker close()
2019-10-06 14:47:24,592 [main] INFO  impl.RoleInfo (RoleInfo.java:shutdownLeaderState(104)) - be7a26d3-2201-432c-a96b-ef86ee840878: shutdown LeaderState
2019-10-06 14:47:24,594 [ForkJoinPool.commonPool-worker-0] INFO  server.GrpcService (GrpcService.java:closeImpl(164)) - 1c73777b-379a-4e58-afe3-e36257195a83: shutdown server with port 37595 now
2019-10-06 14:47:24,594 [main] INFO  impl.PendingRequests (PendingRequests.java:sendNotLeaderResponses(202)) - be7a26d3-2201-432c-a96b-ef86ee840878@group-908586D6C8D7-PendingRequests: sendNotLeaderResponses
2019-10-06 14:47:24,595 [main] INFO  impl.StateMachineUpdater (StateMachineUpdater.java:stopAndJoin(136)) - be7a26d3-2201-432c-a96b-ef86ee840878@group-908586D6C8D7-StateMachineUpdater: set stopIndex = 0
2019-10-06 14:47:24,595 [main] INFO  impl.RaftServerImpl (ServerState.java:close(387)) - be7a26d3-2201-432c-a96b-ef86ee840878@group-908586D6C8D7: closes. applyIndex: 0
2019-10-06 14:47:24,595 [ForkJoinPool.commonPool-worker-0] INFO  server.GrpcService (GrpcService.java:closeImpl(172)) - 1c73777b-379a-4e58-afe3-e36257195a83: shutdown server with port 37595 successfully
2019-10-06 14:47:24,595 [grpc-default-executor-8] WARN  client.GrpcClientProtocolService (LogUtils.java:warn(134)) - 2-UnorderedRequestStreamObserver2: onError: org.apache.ratis.thirdparty.io.grpc.StatusRuntimeException: CANCELLED: cancelled before receiving half close
2019-10-06 14:47:24,596 [be7a26d3-2201-432c-a96b-ef86ee840878@group-908586D6C8D7-SegmentedRaftLogWorker] INFO  segmented.SegmentedRaftLogWorker (SegmentedRaftLogWorker.java:run(316)) - be7a26d3-2201-432c-a96b-ef86ee840878@group-908586D6C8D7-SegmentedRaftLogWorker was interrupted, exiting. There are 0 tasks remaining in the queue.
2019-10-06 14:47:24,596 [main] INFO  segmented.SegmentedRaftLogWorker (SegmentedRaftLogWorker.java:close(224)) - be7a26d3-2201-432c-a96b-ef86ee840878@group-908586D6C8D7-SegmentedRaftLogWorker close()
2019-10-06 14:47:24,599 [main] INFO  server.GrpcService (GrpcService.java:closeImpl(164)) - be7a26d3-2201-432c-a96b-ef86ee840878: shutdown server with port 33108 now
2019-10-06 14:47:24,599 [grpc-default-executor-6] WARN  client.GrpcClientProtocolService (LogUtils.java:warn(134)) - 1-UnorderedRequestStreamObserver1: onError: org.apache.ratis.thirdparty.io.grpc.StatusRuntimeException: CANCELLED: cancelled before receiving half close
2019-10-06 14:47:24,599 [main] INFO  server.GrpcService (GrpcService.java:closeImpl(172)) - be7a26d3-2201-432c-a96b-ef86ee840878: shutdown server with port 33108 successfully
2019-10-06 14:47:24,601 [refreshUsed-/workdir/hadoop-ozone/integration-test/target/test-dir/MiniOzoneClusterImpl-a7993c58-b5b1-413b-983e-895559c32200/datanode-1/data/containers] WARN  fs.CachingGetSpaceUsed (CachingGetSpaceUsed.java:run(183)) - Thread Interrupted waiting to refresh disk information: sleep interrupted
2019-10-06 14:47:24,607 [refreshUsed-/workdir/hadoop-ozone/integration-test/target/test-dir/MiniOzoneClusterImpl-a7993c58-b5b1-413b-983e-895559c32200/datanode-4/data/containers] WARN  fs.CachingGetSpaceUsed (CachingGetSpaceUsed.java:run(183)) - Thread Interrupted waiting to refresh disk information: sleep interrupted
2019-10-06 14:47:24,618 [main] INFO  utils.BackgroundService (BackgroundService.java:shutdown(148)) - Shutting down service BlockDeletingService
2019-10-06 14:47:24,623 [main] INFO  statemachine.DatanodeStateMachine (DatanodeStateMachine.java:stopDaemon(395)) - Ozone container server stopped.
2019-10-06 14:47:24,624 [main] INFO  handler.ContextHandler (ContextHandler.java:doStop(910)) - Stopped o.e.j.w.WebAppContext@1d4cc7{/,null,UNAVAILABLE}{/hddsDatanode}
2019-10-06 14:47:24,625 [main] INFO  server.AbstractConnector (AbstractConnector.java:doStop(318)) - Stopped ServerConnector@7d28cdcd{HTTP/1.1,[http/1.1]}{0.0.0.0:0}
2019-10-06 14:47:24,625 [main] INFO  handler.ContextHandler (ContextHandler.java:doStop(910)) - Stopped o.e.j.s.ServletContextHandler@4a2e1e52{/static,jar:file:/home/user/.m2/repository/org/apache/hadoop/hadoop-hdds-container-service/0.5.0-SNAPSHOT/hadoop-hdds-container-service-0.5.0-SNAPSHOT.jar!/webapps/static,UNAVAILABLE}
2019-10-06 14:47:24,626 [main] INFO  handler.ContextHandler (ContextHandler.java:doStop(910)) - Stopped o.e.j.s.ServletContextHandler@5238896f{/logs,file:///workdir/hadoop-ozone/integration-test/target/log,UNAVAILABLE}
2019-10-06 14:47:24,628 [ForkJoinPool.commonPool-worker-0] INFO  utils.BackgroundService (BackgroundService.java:shutdown(148)) - Shutting down service BlockDeletingService
2019-10-06 14:47:24,632 [ForkJoinPool.commonPool-worker-0] INFO  statemachine.DatanodeStateMachine (DatanodeStateMachine.java:stopDaemon(395)) - Ozone container server stopped.
2019-10-06 14:47:24,638 [ForkJoinPool.commonPool-worker-0] INFO  handler.ContextHandler (ContextHandler.java:doStop(910)) - Stopped o.e.j.w.WebAppContext@30ffb2a6{/,null,UNAVAILABLE}{/hddsDatanode}
2019-10-06 14:47:24,638 [ForkJoinPool.commonPool-worker-0] INFO  server.AbstractConnector (AbstractConnector.java:doStop(318)) - Stopped ServerConnector@612af486{HTTP/1.1,[http/1.1]}{0.0.0.0:0}
2019-10-06 14:47:24,645 [ForkJoinPool.commonPool-worker-0] INFO  handler.ContextHandler (ContextHandler.java:doStop(910)) - Stopped o.e.j.s.ServletContextHandler@fcf9525{/static,jar:file:/home/user/.m2/repository/org/apache/hadoop/hadoop-hdds-container-service/0.5.0-SNAPSHOT/hadoop-hdds-container-service-0.5.0-SNAPSHOT.jar!/webapps/static,UNAVAILABLE}
2019-10-06 14:47:24,645 [ForkJoinPool.commonPool-worker-0] INFO  handler.ContextHandler (ContextHandler.java:doStop(910)) - Stopped o.e.j.s.ServletContextHandler@6e239337{/logs,file:///workdir/hadoop-ozone/integration-test/target/log,UNAVAILABLE}
2019-10-06 14:47:25,054 [Datanode State Machine Thread - 0] INFO  statemachine.DatanodeStateMachine (DatanodeStateMachine.java:lambda$startDaemon$0(350)) - Ozone container server started.
2019-10-06 14:47:25,379 [Datanode State Machine Thread - 0] INFO  statemachine.DatanodeStateMachine (DatanodeStateMachine.java:lambda$startDaemon$0(350)) - Ozone container server started.
2019-10-06 14:47:29,128 [EventQueue-StaleNodeForStaleNodeHandler] INFO  node.StaleNodeHandler (StaleNodeHandler.java:onMessage(58)) - Datanode b6b70025-229b-4dd1-ae93-bca2d1b64bcf{ip: 192.168.151.114, host: ozone-build-dev-hxm7v-1976773872, networkLocation: /default-rack, certSerialId: null} moved to stale state. Finalizing its pipelines [PipelineID=c0a03ecd-2ce9-49e6-99f1-a1a94f389251, PipelineID=c0fb0a5b-7e42-4f80-9698-ee02d03f906f]
2019-10-06 14:47:29,128 [EventQueue-StaleNodeForStaleNodeHandler] INFO  pipeline.SCMPipelineManager (SCMPipelineManager.java:finalizeAndDestroyPipeline(315)) - destroying pipeline:Pipeline[ Id: c0a03ecd-2ce9-49e6-99f1-a1a94f389251, Nodes: b6b70025-229b-4dd1-ae93-bca2d1b64bcf{ip: 192.168.151.114, host: ozone-build-dev-hxm7v-1976773872, networkLocation: /default-rack, certSerialId: null}be7a26d3-2201-432c-a96b-ef86ee840878{ip: 192.168.151.114, host: ozone-build-dev-hxm7v-1976773872, networkLocation: /default-rack, certSerialId: null}bac7de5e-ce79-4cb5-a11a-f24956f645d5{ip: 192.168.151.114, host: ozone-build-dev-hxm7v-1976773872, networkLocation: /default-rack, certSerialId: null}, Type:RATIS, Factor:THREE, State:CLOSED]
2019-10-06 14:47:29,334 [EventQueue-StaleNodeForStaleNodeHandler] INFO  pipeline.SCMPipelineManager (SCMPipelineManager.java:finalizeAndDestroyPipeline(315)) - destroying pipeline:Pipeline[ Id: c0fb0a5b-7e42-4f80-9698-ee02d03f906f, Nodes: b6b70025-229b-4dd1-ae93-bca2d1b64bcf{ip: 192.168.151.114, host: ozone-build-dev-hxm7v-1976773872, networkLocation: /default-rack, certSerialId: null}, Type:RATIS, Factor:ONE, State:OPEN]
2019-10-06 14:47:29,406 [EventQueue-StaleNodeForStaleNodeHandler] INFO  pipeline.PipelineStateManager (PipelineStateManager.java:finalizePipeline(123)) - Pipeline Pipeline[ Id: c0fb0a5b-7e42-4f80-9698-ee02d03f906f, Nodes: b6b70025-229b-4dd1-ae93-bca2d1b64bcf{ip: 192.168.151.114, host: ozone-build-dev-hxm7v-1976773872, networkLocation: /default-rack, certSerialId: null}, Type:RATIS, Factor:ONE, State:CLOSED] moved to CLOSED state
2019-10-06 14:47:29,421 [EventQueue-StaleNodeForStaleNodeHandler] INFO  node.StaleNodeHandler (StaleNodeHandler.java:onMessage(58)) - Datanode 19150db3-7c2b-4c29-b1cb-de3372b4b7d7{ip: 192.168.151.114, host: ozone-build-dev-hxm7v-1976773872, networkLocation: /default-rack, certSerialId: null} moved to stale state. Finalizing its pipelines [PipelineID=22229073-d569-4a74-87e6-58a4910eac73, PipelineID=25f58045-b707-4894-b185-7304e6cf6906]
2019-10-06 14:47:29,421 [EventQueue-StaleNodeForStaleNodeHandler] INFO  pipeline.SCMPipelineManager (SCMPipelineManager.java:finalizeAndDestroyPipeline(315)) - destroying pipeline:Pipeline[ Id: 22229073-d569-4a74-87e6-58a4910eac73, Nodes: 19150db3-7c2b-4c29-b1cb-de3372b4b7d7{ip: 192.168.151.114, host: ozone-build-dev-hxm7v-1976773872, networkLocation: /default-rack, certSerialId: null}, Type:RATIS, Factor:ONE, State:OPEN]
2019-10-06 14:47:29,422 [EventQueue-StaleNodeForStaleNodeHandler] INFO  pipeline.PipelineStateManager (PipelineStateManager.java:finalizePipeline(123)) - Pipeline Pipeline[ Id: 22229073-d569-4a74-87e6-58a4910eac73, Nodes: 19150db3-7c2b-4c29-b1cb-de3372b4b7d7{ip: 192.168.151.114, host: ozone-build-dev-hxm7v-1976773872, networkLocation: /default-rack, certSerialId: null}, Type:RATIS, Factor:ONE, State:CLOSED] moved to CLOSED state
2019-10-06 14:47:29,422 [EventQueue-StaleNodeForStaleNodeHandler] INFO  pipeline.SCMPipelineManager (SCMPipelineManager.java:finalizeAndDestroyPipeline(315)) - destroying pipeline:Pipeline[ Id: 25f58045-b707-4894-b185-7304e6cf6906, Nodes: bdbf3c7d-7ab8-45d0-a00e-9a90afbb196e{ip: 192.168.151.114, host: ozone-build-dev-hxm7v-1976773872, networkLocation: /default-rack, certSerialId: null}1c73777b-379a-4e58-afe3-e36257195a83{ip: 192.168.151.114, host: ozone-build-dev-hxm7v-1976773872, networkLocation: /default-rack, certSerialId: null}19150db3-7c2b-4c29-b1cb-de3372b4b7d7{ip: 192.168.151.114, host: ozone-build-dev-hxm7v-1976773872, networkLocation: /default-rack, certSerialId: null}, Type:RATIS, Factor:THREE, State:CLOSED]
2019-10-06 14:47:29,627 [main] INFO  ozoneimpl.OzoneContainer (OzoneContainer.java:stop(231)) - Attempting to stop container services.
2019-10-06 14:47:29,634 [main] INFO  impl.RaftServerProxy (RaftServerProxy.java:lambda$close$4(314)) - b6b70025-229b-4dd1-ae93-bca2d1b64bcf: close
2019-10-06 14:47:29,634 [main] INFO  impl.RaftServerImpl (RaftServerImpl.java:lambda$shutdown$3(247)) - b6b70025-229b-4dd1-ae93-bca2d1b64bcf@group-A1A94F389251: shutdown
2019-10-06 14:47:29,634 [main] INFO  util.JmxRegister (JmxRegister.java:unregister(73)) - Successfully un-registered JMX Bean with object name Ratis:service=RaftServer,group=group-A1A94F389251,id=b6b70025-229b-4dd1-ae93-bca2d1b64bcf
2019-10-06 14:47:29,634 [main] INFO  impl.RoleInfo (RoleInfo.java:shutdownFollowerState(121)) - b6b70025-229b-4dd1-ae93-bca2d1b64bcf: shutdown FollowerState
2019-10-06 14:47:29,635 [main] INFO  impl.StateMachineUpdater (StateMachineUpdater.java:stopAndJoin(136)) - b6b70025-229b-4dd1-ae93-bca2d1b64bcf@group-A1A94F389251-StateMachineUpdater: set stopIndex = 16
2019-10-06 14:47:29,635 [b6b70025-229b-4dd1-ae93-bca2d1b64bcf@group-A1A94F389251-StateMachineUpdater] INFO  ratis.ContainerStateMachine (ContainerStateMachine.java:takeSnapshot(293)) - group-A1A94F389251: Taking a snapshot at:(t:1, i:16) file /workdir/hadoop-ozone/integration-test/target/test-dir/MiniOzoneClusterImpl-a7993c58-b5b1-413b-983e-895559c32200/datanode-3/data/ratis/c0a03ecd-2ce9-49e6-99f1-a1a94f389251/sm/snapshot.1_16
2019-10-06 14:47:29,635 [Thread-3966] INFO  impl.FollowerState (FollowerState.java:run(117)) - b6b70025-229b-4dd1-ae93-bca2d1b64bcf@group-A1A94F389251-FollowerState was interrupted: java.lang.InterruptedException: sleep interrupted
2019-10-06 14:47:29,646 [ForkJoinPool.commonPool-worker-0] INFO  ozoneimpl.OzoneContainer (OzoneContainer.java:stop(231)) - Attempting to stop container services.
2019-10-06 14:47:29,646 [ForkJoinPool.commonPool-worker-0] INFO  impl.RaftServerProxy (RaftServerProxy.java:lambda$close$4(314)) - 19150db3-7c2b-4c29-b1cb-de3372b4b7d7: close
2019-10-06 14:47:29,647 [ForkJoinPool.commonPool-worker-0] INFO  impl.RaftServerImpl (RaftServerImpl.java:lambda$shutdown$3(247)) - 19150db3-7c2b-4c29-b1cb-de3372b4b7d7@group-58A4910EAC73: shutdown
2019-10-06 14:47:29,647 [ForkJoinPool.commonPool-worker-0] INFO  util.JmxRegister (JmxRegister.java:unregister(73)) - Successfully un-registered JMX Bean with object name Ratis:service=RaftServer,group=group-58A4910EAC73,id=19150db3-7c2b-4c29-b1cb-de3372b4b7d7
2019-10-06 14:47:29,647 [ForkJoinPool.commonPool-worker-0] INFO  impl.RoleInfo (RoleInfo.java:shutdownLeaderState(104)) - 19150db3-7c2b-4c29-b1cb-de3372b4b7d7: shutdown LeaderState
2019-10-06 14:47:29,647 [ForkJoinPool.commonPool-worker-0] INFO  impl.PendingRequests (PendingRequests.java:sendNotLeaderResponses(202)) - 19150db3-7c2b-4c29-b1cb-de3372b4b7d7@group-58A4910EAC73-PendingRequests: sendNotLeaderResponses
2019-10-06 14:47:29,647 [ForkJoinPool.commonPool-worker-0] INFO  impl.StateMachineUpdater (StateMachineUpdater.java:stopAndJoin(136)) - 19150db3-7c2b-4c29-b1cb-de3372b4b7d7@group-58A4910EAC73-StateMachineUpdater: set stopIndex = 0
2019-10-06 14:47:29,648 [ForkJoinPool.commonPool-worker-0] INFO  impl.RaftServerImpl (ServerState.java:close(387)) - 19150db3-7c2b-4c29-b1cb-de3372b4b7d7@group-58A4910EAC73: closes. applyIndex: 0
2019-10-06 14:47:29,648 [19150db3-7c2b-4c29-b1cb-de3372b4b7d7@group-58A4910EAC73-SegmentedRaftLogWorker] INFO  segmented.SegmentedRaftLogWorker (SegmentedRaftLogWorker.java:run(316)) - 19150db3-7c2b-4c29-b1cb-de3372b4b7d7@group-58A4910EAC73-SegmentedRaftLogWorker was interrupted, exiting. There are 0 tasks remaining in the queue.
2019-10-06 14:47:29,648 [ForkJoinPool.commonPool-worker-0] INFO  segmented.SegmentedRaftLogWorker (SegmentedRaftLogWorker.java:close(224)) - 19150db3-7c2b-4c29-b1cb-de3372b4b7d7@group-58A4910EAC73-SegmentedRaftLogWorker close()
2019-10-06 14:47:29,650 [ForkJoinPool.commonPool-worker-0] INFO  impl.RaftServerImpl (RaftServerImpl.java:lambda$shutdown$3(247)) - 19150db3-7c2b-4c29-b1cb-de3372b4b7d7@group-7304E6CF6906: shutdown
2019-10-06 14:47:29,650 [ForkJoinPool.commonPool-worker-0] INFO  util.JmxRegister (JmxRegister.java:unregister(73)) - Successfully un-registered JMX Bean with object name Ratis:service=RaftServer,group=group-7304E6CF6906,id=19150db3-7c2b-4c29-b1cb-de3372b4b7d7
2019-10-06 14:47:29,650 [ForkJoinPool.commonPool-worker-0] INFO  impl.RoleInfo (RoleInfo.java:shutdownFollowerState(121)) - 19150db3-7c2b-4c29-b1cb-de3372b4b7d7: shutdown FollowerState
2019-10-06 14:47:29,650 [ForkJoinPool.commonPool-worker-0] INFO  impl.StateMachineUpdater (StateMachineUpdater.java:stopAndJoin(136)) - 19150db3-7c2b-4c29-b1cb-de3372b4b7d7@group-7304E6CF6906-StateMachineUpdater: set stopIndex = 22
2019-10-06 14:47:29,650 [19150db3-7c2b-4c29-b1cb-de3372b4b7d7@group-7304E6CF6906-StateMachineUpdater] INFO  ratis.ContainerStateMachine (ContainerStateMachine.java:takeSnapshot(293)) - group-7304E6CF6906: Taking a snapshot at:(t:1, i:20) file /workdir/hadoop-ozone/integration-test/target/test-dir/MiniOzoneClusterImpl-a7993c58-b5b1-413b-983e-895559c32200/datanode-2/data/ratis/25f58045-b707-4894-b185-7304e6cf6906/sm/snapshot.1_20
2019-10-06 14:47:29,650 [Thread-3937] INFO  impl.FollowerState (FollowerState.java:run(117)) - 19150db3-7c2b-4c29-b1cb-de3372b4b7d7@group-7304E6CF6906-FollowerState was interrupted: java.lang.InterruptedException: sleep interrupted
2019-10-06 14:47:29,662 [b6b70025-229b-4dd1-ae93-bca2d1b64bcf@group-A1A94F389251-StateMachineUpdater] INFO  ratis.ContainerStateMachine (ContainerStateMachine.java:takeSnapshot(304)) - group-A1A94F389251: Finished taking a snapshot at:(t:1, i:16) file:/workdir/hadoop-ozone/integration-test/target/test-dir/MiniOzoneClusterImpl-a7993c58-b5b1-413b-983e-895559c32200/datanode-3/data/ratis/c0a03ecd-2ce9-49e6-99f1-a1a94f389251/sm/snapshot.1_16 time:27
2019-10-06 14:47:29,662 [b6b70025-229b-4dd1-ae93-bca2d1b64bcf@group-A1A94F389251-StateMachineUpdater] INFO  impl.StateMachineUpdater (StateMachineUpdater.java:takeSnapshot(269)) - b6b70025-229b-4dd1-ae93-bca2d1b64bcf@group-A1A94F389251-StateMachineUpdater: Took a snapshot at index 16
2019-10-06 14:47:29,662 [b6b70025-229b-4dd1-ae93-bca2d1b64bcf@group-A1A94F389251-StateMachineUpdater] INFO  impl.StateMachineUpdater (StateMachineUpdater.java:lambda$new$0(84)) - b6b70025-229b-4dd1-ae93-bca2d1b64bcf@group-A1A94F389251-StateMachineUpdater: snapshotIndex: updateIncreasingly -1 -> 16
2019-10-06 14:47:29,663 [main] INFO  impl.RaftServerImpl (ServerState.java:close(387)) - b6b70025-229b-4dd1-ae93-bca2d1b64bcf@group-A1A94F389251: closes. applyIndex: 16
2019-10-06 14:47:29,663 [b6b70025-229b-4dd1-ae93-bca2d1b64bcf@group-A1A94F389251-SegmentedRaftLogWorker] INFO  segmented.SegmentedRaftLogWorker (SegmentedRaftLogWorker.java:run(316)) - b6b70025-229b-4dd1-ae93-bca2d1b64bcf@group-A1A94F389251-SegmentedRaftLogWorker was interrupted, exiting. There are 0 tasks remaining in the queue.
2019-10-06 14:47:29,663 [main] INFO  segmented.SegmentedRaftLogWorker (SegmentedRaftLogWorker.java:close(224)) - b6b70025-229b-4dd1-ae93-bca2d1b64bcf@group-A1A94F389251-SegmentedRaftLogWorker close()
2019-10-06 14:47:29,665 [main] INFO  impl.RaftServerImpl (RaftServerImpl.java:lambda$shutdown$3(247)) - b6b70025-229b-4dd1-ae93-bca2d1b64bcf@group-EE02D03F906F: shutdown
2019-10-06 14:47:29,665 [main] INFO  util.JmxRegister (JmxRegister.java:unregister(73)) - Successfully un-registered JMX Bean with object name Ratis:service=RaftServer,group=group-EE02D03F906F,id=b6b70025-229b-4dd1-ae93-bca2d1b64bcf
2019-10-06 14:47:29,665 [main] INFO  impl.RoleInfo (RoleInfo.java:shutdownLeaderState(104)) - b6b70025-229b-4dd1-ae93-bca2d1b64bcf: shutdown LeaderState
2019-10-06 14:47:29,666 [main] INFO  impl.PendingRequests (PendingRequests.java:sendNotLeaderResponses(202)) - b6b70025-229b-4dd1-ae93-bca2d1b64bcf@group-EE02D03F906F-PendingRequests: sendNotLeaderResponses
2019-10-06 14:47:29,666 [main] INFO  impl.StateMachineUpdater (StateMachineUpdater.java:stopAndJoin(136)) - b6b70025-229b-4dd1-ae93-bca2d1b64bcf@group-EE02D03F906F-StateMachineUpdater: set stopIndex = 0
2019-10-06 14:47:29,666 [main] INFO  impl.RaftServerImpl (ServerState.java:close(387)) - b6b70025-229b-4dd1-ae93-bca2d1b64bcf@group-EE02D03F906F: closes. applyIndex: 0
2019-10-06 14:47:29,666 [b6b70025-229b-4dd1-ae93-bca2d1b64bcf@group-EE02D03F906F-SegmentedRaftLogWorker] INFO  segmented.SegmentedRaftLogWorker (SegmentedRaftLogWorker.java:run(316)) - b6b70025-229b-4dd1-ae93-bca2d1b64bcf@group-EE02D03F906F-SegmentedRaftLogWorker was interrupted, exiting. There are 0 tasks remaining in the queue.
2019-10-06 14:47:29,667 [main] INFO  segmented.SegmentedRaftLogWorker (SegmentedRaftLogWorker.java:close(224)) - b6b70025-229b-4dd1-ae93-bca2d1b64bcf@group-EE02D03F906F-SegmentedRaftLogWorker close()
2019-10-06 14:47:29,669 [main] INFO  server.GrpcService (GrpcService.java:closeImpl(164)) - b6b70025-229b-4dd1-ae93-bca2d1b64bcf: shutdown server with port 34932 now
2019-10-06 14:47:29,669 [main] INFO  server.GrpcService (GrpcService.java:closeImpl(172)) - b6b70025-229b-4dd1-ae93-bca2d1b64bcf: shutdown server with port 34932 successfully
2019-10-06 14:47:29,671 [refreshUsed-/workdir/hadoop-ozone/integration-test/target/test-dir/MiniOzoneClusterImpl-a7993c58-b5b1-413b-983e-895559c32200/datanode-3/data/containers] WARN  fs.CachingGetSpaceUsed (CachingGetSpaceUsed.java:run(183)) - Thread Interrupted waiting to refresh disk information: sleep interrupted
2019-10-06 14:47:29,675 [19150db3-7c2b-4c29-b1cb-de3372b4b7d7@group-7304E6CF6906-StateMachineUpdater] INFO  ratis.ContainerStateMachine (ContainerStateMachine.java:takeSnapshot(304)) - group-7304E6CF6906: Finished taking a snapshot at:(t:1, i:20) file:/workdir/hadoop-ozone/integration-test/target/test-dir/MiniOzoneClusterImpl-a7993c58-b5b1-413b-983e-895559c32200/datanode-2/data/ratis/25f58045-b707-4894-b185-7304e6cf6906/sm/snapshot.1_20 time:24
2019-10-06 14:47:29,675 [19150db3-7c2b-4c29-b1cb-de3372b4b7d7@group-7304E6CF6906-StateMachineUpdater] INFO  impl.StateMachineUpdater (StateMachineUpdater.java:takeSnapshot(269)) - 19150db3-7c2b-4c29-b1cb-de3372b4b7d7@group-7304E6CF6906-StateMachineUpdater: Took a snapshot at index 20
2019-10-06 14:47:29,675 [19150db3-7c2b-4c29-b1cb-de3372b4b7d7@group-7304E6CF6906-StateMachineUpdater] INFO  impl.StateMachineUpdater (StateMachineUpdater.java:lambda$new$0(84)) - 19150db3-7c2b-4c29-b1cb-de3372b4b7d7@group-7304E6CF6906-StateMachineUpdater: snapshotIndex: updateIncreasingly -1 -> 20
2019-10-06 14:47:29,675 [19150db3-7c2b-4c29-b1cb-de3372b4b7d7@group-7304E6CF6906-StateMachineUpdater] INFO  ratis.ContainerStateMachine (ContainerStateMachine.java:takeSnapshot(293)) - group-7304E6CF6906: Taking a snapshot at:(t:1, i:20) file /workdir/hadoop-ozone/integration-test/target/test-dir/MiniOzoneClusterImpl-a7993c58-b5b1-413b-983e-895559c32200/datanode-2/data/ratis/25f58045-b707-4894-b185-7304e6cf6906/sm/snapshot.1_20
2019-10-06 14:47:29,684 [main] INFO  utils.BackgroundService (BackgroundService.java:shutdown(148)) - Shutting down service BlockDeletingService
2019-10-06 14:47:29,689 [main] INFO  statemachine.DatanodeStateMachine (DatanodeStateMachine.java:stopDaemon(395)) - Ozone container server stopped.
2019-10-06 14:47:29,689 [19150db3-7c2b-4c29-b1cb-de3372b4b7d7@group-7304E6CF6906-StateMachineUpdater] INFO  ratis.ContainerStateMachine (ContainerStateMachine.java:takeSnapshot(304)) - group-7304E6CF6906: Finished taking a snapshot at:(t:1, i:20) file:/workdir/hadoop-ozone/integration-test/target/test-dir/MiniOzoneClusterImpl-a7993c58-b5b1-413b-983e-895559c32200/datanode-2/data/ratis/25f58045-b707-4894-b185-7304e6cf6906/sm/snapshot.1_20 time:14
2019-10-06 14:47:29,689 [19150db3-7c2b-4c29-b1cb-de3372b4b7d7@group-7304E6CF6906-StateMachineUpdater] INFO  impl.StateMachineUpdater (StateMachineUpdater.java:takeSnapshot(269)) - 19150db3-7c2b-4c29-b1cb-de3372b4b7d7@group-7304E6CF6906-StateMachineUpdater: Took a snapshot at index 20
2019-10-06 14:47:29,689 [19150db3-7c2b-4c29-b1cb-de3372b4b7d7@group-7304E6CF6906-StateMachineUpdater] INFO  impl.StateMachineUpdater (StateMachineUpdater.java:lambda$new$0(84)) - 19150db3-7c2b-4c29-b1cb-de3372b4b7d7@group-7304E6CF6906-StateMachineUpdater: snapshotIndex: updateIncreasingly 20 -> 20
2019-10-06 14:47:29,690 [ForkJoinPool.commonPool-worker-0] INFO  impl.RaftServerImpl (ServerState.java:close(387)) - 19150db3-7c2b-4c29-b1cb-de3372b4b7d7@group-7304E6CF6906: closes. applyIndex: 22
2019-10-06 14:47:29,690 [main] INFO  handler.ContextHandler (ContextHandler.java:doStop(910)) - Stopped o.e.j.w.WebAppContext@259195fe{/,null,UNAVAILABLE}{/hddsDatanode}
2019-10-06 14:47:29,690 [19150db3-7c2b-4c29-b1cb-de3372b4b7d7@group-7304E6CF6906-SegmentedRaftLogWorker] INFO  segmented.SegmentedRaftLogWorker (SegmentedRaftLogWorker.java:run(316)) - 19150db3-7c2b-4c29-b1cb-de3372b4b7d7@group-7304E6CF6906-SegmentedRaftLogWorker was interrupted, exiting. There are 0 tasks remaining in the queue.
2019-10-06 14:47:29,690 [ForkJoinPool.commonPool-worker-0] INFO  segmented.SegmentedRaftLogWorker (SegmentedRaftLogWorker.java:close(224)) - 19150db3-7c2b-4c29-b1cb-de3372b4b7d7@group-7304E6CF6906-SegmentedRaftLogWorker close()
2019-10-06 14:47:29,690 [main] INFO  server.AbstractConnector (AbstractConnector.java:doStop(318)) - Stopped ServerConnector@12209826{HTTP/1.1,[http/1.1]}{0.0.0.0:0}
2019-10-06 14:47:29,692 [ForkJoinPool.commonPool-worker-0] INFO  server.GrpcService (GrpcService.java:closeImpl(164)) - 19150db3-7c2b-4c29-b1cb-de3372b4b7d7: shutdown server with port 34558 now
2019-10-06 14:47:29,692 [main] INFO  handler.ContextHandler (ContextHandler.java:doStop(910)) - Stopped o.e.j.s.ServletContextHandler@36f6d25c{/static,jar:file:/home/user/.m2/repository/org/apache/hadoop/hadoop-hdds-container-service/0.5.0-SNAPSHOT/hadoop-hdds-container-service-0.5.0-SNAPSHOT.jar!/webapps/static,UNAVAILABLE}
2019-10-06 14:47:29,692 [ForkJoinPool.commonPool-worker-0] INFO  server.GrpcService (GrpcService.java:closeImpl(172)) - 19150db3-7c2b-4c29-b1cb-de3372b4b7d7: shutdown server with port 34558 successfully
2019-10-06 14:47:29,693 [main] INFO  handler.ContextHandler (ContextHandler.java:doStop(910)) - Stopped o.e.j.s.ServletContextHandler@7c4d1c7b{/logs,file:///workdir/hadoop-ozone/integration-test/target/log,UNAVAILABLE}
2019-10-06 14:47:29,697 [refreshUsed-/workdir/hadoop-ozone/integration-test/target/test-dir/MiniOzoneClusterImpl-a7993c58-b5b1-413b-983e-895559c32200/datanode-2/data/containers] WARN  fs.CachingGetSpaceUsed (CachingGetSpaceUsed.java:run(183)) - Thread Interrupted waiting to refresh disk information: sleep interrupted
2019-10-06 14:47:29,708 [ForkJoinPool.commonPool-worker-0] INFO  utils.BackgroundService (BackgroundService.java:shutdown(148)) - Shutting down service BlockDeletingService
2019-10-06 14:47:29,712 [ForkJoinPool.commonPool-worker-0] INFO  statemachine.DatanodeStateMachine (DatanodeStateMachine.java:stopDaemon(395)) - Ozone container server stopped.
2019-10-06 14:47:29,715 [ForkJoinPool.commonPool-worker-0] INFO  handler.ContextHandler (ContextHandler.java:doStop(910)) - Stopped o.e.j.w.WebAppContext@2499b971{/,null,UNAVAILABLE}{/hddsDatanode}
2019-10-06 14:47:29,716 [ForkJoinPool.commonPool-worker-0] INFO  server.AbstractConnector (AbstractConnector.java:doStop(318)) - Stopped ServerConnector@36d697ab{HTTP/1.1,[http/1.1]}{0.0.0.0:0}
2019-10-06 14:47:29,716 [ForkJoinPool.commonPool-worker-0] INFO  handler.ContextHandler (ContextHandler.java:doStop(910)) - Stopped o.e.j.s.ServletContextHandler@2fc7fa6e{/static,jar:file:/home/user/.m2/repository/org/apache/hadoop/hadoop-hdds-container-service/0.5.0-SNAPSHOT/hadoop-hdds-container-service-0.5.0-SNAPSHOT.jar!/webapps/static,UNAVAILABLE}
2019-10-06 14:47:29,716 [ForkJoinPool.commonPool-worker-0] INFO  handler.ContextHandler (ContextHandler.java:doStop(910)) - Stopped o.e.j.s.ServletContextHandler@26ffd2c0{/logs,file:///workdir/hadoop-ozone/integration-test/target/log,UNAVAILABLE}
2019-10-06 14:47:29,845 [Datanode State Machine Thread - 0] INFO  statemachine.DatanodeStateMachine (DatanodeStateMachine.java:lambda$startDaemon$0(350)) - Ozone container server started.
2019-10-06 14:47:30,038 [Thread-3938] INFO  impl.FollowerState (FollowerState.java:run(108)) - bdbf3c7d-7ab8-45d0-a00e-9a90afbb196e@group-7304E6CF6906-FollowerState: change to CANDIDATE, lastRpcTime:5622ms, electionTimeout:5132ms
2019-10-06 14:47:30,039 [Thread-3938] INFO  impl.RoleInfo (RoleInfo.java:shutdownFollowerState(121)) - bdbf3c7d-7ab8-45d0-a00e-9a90afbb196e: shutdown FollowerState
2019-10-06 14:47:30,039 [Thread-3938] INFO  impl.RaftServerImpl (RaftServerImpl.java:setRole(170)) - bdbf3c7d-7ab8-45d0-a00e-9a90afbb196e@group-7304E6CF6906: changes role from  FOLLOWER to CANDIDATE at term 1 for changeToCandidate
2019-10-06 14:47:30,039 [Thread-3938] INFO  impl.RoleInfo (RoleInfo.java:updateAndGet(143)) - bdbf3c7d-7ab8-45d0-a00e-9a90afbb196e: start LeaderElection
2019-10-06 14:47:30,040 [bdbf3c7d-7ab8-45d0-a00e-9a90afbb196e@group-7304E6CF6906-LeaderElection97] INFO  impl.RaftServerImpl (ServerState.java:setLeader(255)) - bdbf3c7d-7ab8-45d0-a00e-9a90afbb196e@group-7304E6CF6906: change Leader from 1c73777b-379a-4e58-afe3-e36257195a83 to null at term 1 for initElection
2019-10-06 14:47:30,054 [bdbf3c7d-7ab8-45d0-a00e-9a90afbb196e@group-7304E6CF6906-LeaderElection97] INFO  impl.LeaderElection (LeaderElection.java:askForVotes(178)) - bdbf3c7d-7ab8-45d0-a00e-9a90afbb196e@group-7304E6CF6906-LeaderElection97: begin an election at term 2 for 0: [1c73777b-379a-4e58-afe3-e36257195a83:192.168.151.114:37595, 19150db3-7c2b-4c29-b1cb-de3372b4b7d7:192.168.151.114:34558, bdbf3c7d-7ab8-45d0-a00e-9a90afbb196e:192.168.151.114:40384], old=null
2019-10-06 14:47:30,056 [bdbf3c7d-7ab8-45d0-a00e-9a90afbb196e@group-7304E6CF6906-LeaderElection97] INFO  impl.LeaderElection (LogUtils.java:infoOrTrace(149)) - bdbf3c7d-7ab8-45d0-a00e-9a90afbb196e@group-7304E6CF6906-LeaderElection97 got exception when requesting votes: {}
java.util.concurrent.ExecutionException: org.apache.ratis.thirdparty.io.grpc.StatusRuntimeException: UNAVAILABLE: io exception
	at java.util.concurrent.FutureTask.report(FutureTask.java:122)
	at java.util.concurrent.FutureTask.get(FutureTask.java:192)
	at org.apache.ratis.server.impl.LeaderElection.waitForResults(LeaderElection.java:259)
	at org.apache.ratis.server.impl.LeaderElection.askForVotes(LeaderElection.java:197)
	at org.apache.ratis.server.impl.LeaderElection.run(LeaderElection.java:133)
	at java.lang.Thread.run(Thread.java:748)
Caused by: org.apache.ratis.thirdparty.io.grpc.StatusRuntimeException: UNAVAILABLE: io exception
	at org.apache.ratis.thirdparty.io.grpc.stub.ClientCalls.toStatusRuntimeException(ClientCalls.java:233)
	at org.apache.ratis.thirdparty.io.grpc.stub.ClientCalls.getUnchecked(ClientCalls.java:214)
	at org.apache.ratis.thirdparty.io.grpc.stub.ClientCalls.blockingUnaryCall(ClientCalls.java:139)
	at org.apache.ratis.proto.grpc.RaftServerProtocolServiceGrpc$RaftServerProtocolServiceBlockingStub.requestVote(RaftServerProtocolServiceGrpc.java:265)
	at org.apache.ratis.grpc.server.GrpcServerProtocolClient.requestVote(GrpcServerProtocolClient.java:99)
	at org.apache.ratis.grpc.server.GrpcService.requestVote(GrpcService.java:204)
	at org.apache.ratis.server.impl.LeaderElection.lambda$submitRequests$1(LeaderElection.java:234)
	at java.util.concurrent.FutureTask.run(FutureTask.java:266)
	at java.util.concurrent.Executors$RunnableAdapter.call(Executors.java:511)
	at java.util.concurrent.FutureTask.run(FutureTask.java:266)
	at java.util.concurrent.ThreadPoolExecutor.runWorker(ThreadPoolExecutor.java:1149)
	at java.util.concurrent.ThreadPoolExecutor$Worker.run(ThreadPoolExecutor.java:624)
	... 1 more
Caused by: org.apache.ratis.thirdparty.io.netty.channel.AbstractChannel$AnnotatedConnectException: Connection refused: /192.168.151.114:34558
	at sun.nio.ch.SocketChannelImpl.checkConnect(Native Method)
	at sun.nio.ch.SocketChannelImpl.finishConnect(SocketChannelImpl.java:717)
	at org.apache.ratis.thirdparty.io.netty.channel.socket.nio.NioSocketChannel.doFinishConnect(NioSocketChannel.java:327)
	at org.apache.ratis.thirdparty.io.netty.channel.nio.AbstractNioChannel$AbstractNioUnsafe.finishConnect(AbstractNioChannel.java:340)
	at org.apache.ratis.thirdparty.io.netty.channel.nio.NioEventLoop.processSelectedKey(NioEventLoop.java:632)
	at org.apache.ratis.thirdparty.io.netty.channel.nio.NioEventLoop.processSelectedKeysOptimized(NioEventLoop.java:579)
	at org.apache.ratis.thirdparty.io.netty.channel.nio.NioEventLoop.processSelectedKeys(NioEventLoop.java:496)
	at org.apache.ratis.thirdparty.io.netty.channel.nio.NioEventLoop.run(NioEventLoop.java:458)
	at org.apache.ratis.thirdparty.io.netty.util.concurrent.SingleThreadEventExecutor$5.run(SingleThreadEventExecutor.java:897)
	at org.apache.ratis.thirdparty.io.netty.util.concurrent.FastThreadLocalRunnable.run(FastThreadLocalRunnable.java:30)
	... 1 more
Caused by: java.net.ConnectException: Connection refused
	... 11 more
2019-10-06 14:47:30,064 [bdbf3c7d-7ab8-45d0-a00e-9a90afbb196e@group-7304E6CF6906-LeaderElection97] INFO  impl.LeaderElection (LogUtils.java:infoOrTrace(149)) - bdbf3c7d-7ab8-45d0-a00e-9a90afbb196e@group-7304E6CF6906-LeaderElection97 got exception when requesting votes: {}
java.util.concurrent.ExecutionException: org.apache.ratis.thirdparty.io.grpc.StatusRuntimeException: UNAVAILABLE: io exception
	at java.util.concurrent.FutureTask.report(FutureTask.java:122)
	at java.util.concurrent.FutureTask.get(FutureTask.java:192)
	at org.apache.ratis.server.impl.LeaderElection.waitForResults(LeaderElection.java:259)
	at org.apache.ratis.server.impl.LeaderElection.askForVotes(LeaderElection.java:197)
	at org.apache.ratis.server.impl.LeaderElection.run(LeaderElection.java:133)
	at java.lang.Thread.run(Thread.java:748)
Caused by: org.apache.ratis.thirdparty.io.grpc.StatusRuntimeException: UNAVAILABLE: io exception
	at org.apache.ratis.thirdparty.io.grpc.stub.ClientCalls.toStatusRuntimeException(ClientCalls.java:233)
	at org.apache.ratis.thirdparty.io.grpc.stub.ClientCalls.getUnchecked(ClientCalls.java:214)
	at org.apache.ratis.thirdparty.io.grpc.stub.ClientCalls.blockingUnaryCall(ClientCalls.java:139)
	at org.apache.ratis.proto.grpc.RaftServerProtocolServiceGrpc$RaftServerProtocolServiceBlockingStub.requestVote(RaftServerProtocolServiceGrpc.java:265)
	at org.apache.ratis.grpc.server.GrpcServerProtocolClient.requestVote(GrpcServerProtocolClient.java:99)
	at org.apache.ratis.grpc.server.GrpcService.requestVote(GrpcService.java:204)
	at org.apache.ratis.server.impl.LeaderElection.lambda$submitRequests$1(LeaderElection.java:234)
	at java.util.concurrent.FutureTask.run(FutureTask.java:266)
	at java.util.concurrent.Executors$RunnableAdapter.call(Executors.java:511)
	at java.util.concurrent.FutureTask.run(FutureTask.java:266)
	at java.util.concurrent.ThreadPoolExecutor.runWorker(ThreadPoolExecutor.java:1149)
	at java.util.concurrent.ThreadPoolExecutor$Worker.run(ThreadPoolExecutor.java:624)
	... 1 more
Caused by: org.apache.ratis.thirdparty.io.netty.channel.AbstractChannel$AnnotatedConnectException: Connection refused: /192.168.151.114:37595
	at sun.nio.ch.SocketChannelImpl.checkConnect(Native Method)
	at sun.nio.ch.SocketChannelImpl.finishConnect(SocketChannelImpl.java:717)
	at org.apache.ratis.thirdparty.io.netty.channel.socket.nio.NioSocketChannel.doFinishConnect(NioSocketChannel.java:327)
	at org.apache.ratis.thirdparty.io.netty.channel.nio.AbstractNioChannel$AbstractNioUnsafe.finishConnect(AbstractNioChannel.java:340)
	at org.apache.ratis.thirdparty.io.netty.channel.nio.NioEventLoop.processSelectedKey(NioEventLoop.java:632)
	at org.apache.ratis.thirdparty.io.netty.channel.nio.NioEventLoop.processSelectedKeysOptimized(NioEventLoop.java:579)
	at org.apache.ratis.thirdparty.io.netty.channel.nio.NioEventLoop.processSelectedKeys(NioEventLoop.java:496)
	at org.apache.ratis.thirdparty.io.netty.channel.nio.NioEventLoop.run(NioEventLoop.java:458)
	at org.apache.ratis.thirdparty.io.netty.util.concurrent.SingleThreadEventExecutor$5.run(SingleThreadEventExecutor.java:897)
	at org.apache.ratis.thirdparty.io.netty.util.concurrent.FastThreadLocalRunnable.run(FastThreadLocalRunnable.java:30)
	... 1 more
Caused by: java.net.ConnectException: Connection refused
	... 11 more
2019-10-06 14:47:30,065 [bdbf3c7d-7ab8-45d0-a00e-9a90afbb196e@group-7304E6CF6906-LeaderElection97] INFO  impl.LeaderElection (LeaderElection.java:logAndReturn(56)) - bdbf3c7d-7ab8-45d0-a00e-9a90afbb196e@group-7304E6CF6906-LeaderElection97: Election REJECTED; received 0 response(s) [] and 2 exception(s); bdbf3c7d-7ab8-45d0-a00e-9a90afbb196e@group-7304E6CF6906:t2, leader=null, voted=bdbf3c7d-7ab8-45d0-a00e-9a90afbb196e, raftlog=bdbf3c7d-7ab8-45d0-a00e-9a90afbb196e@group-7304E6CF6906-SegmentedRaftLog:OPENED:c22,f22,i22, conf=0: [1c73777b-379a-4e58-afe3-e36257195a83:192.168.151.114:37595, 19150db3-7c2b-4c29-b1cb-de3372b4b7d7:192.168.151.114:34558, bdbf3c7d-7ab8-45d0-a00e-9a90afbb196e:192.168.151.114:40384], old=null
2019-10-06 14:47:30,065 [bdbf3c7d-7ab8-45d0-a00e-9a90afbb196e@group-7304E6CF6906-LeaderElection97] INFO  impl.LeaderElection (LogUtils.java:infoOrTrace(149)) -   Exception 0: {}
java.util.concurrent.ExecutionException: org.apache.ratis.thirdparty.io.grpc.StatusRuntimeException: UNAVAILABLE: io exception
	at java.util.concurrent.FutureTask.report(FutureTask.java:122)
	at java.util.concurrent.FutureTask.get(FutureTask.java:192)
	at org.apache.ratis.server.impl.LeaderElection.waitForResults(LeaderElection.java:259)
	at org.apache.ratis.server.impl.LeaderElection.askForVotes(LeaderElection.java:197)
	at org.apache.ratis.server.impl.LeaderElection.run(LeaderElection.java:133)
	at java.lang.Thread.run(Thread.java:748)
Caused by: org.apache.ratis.thirdparty.io.grpc.StatusRuntimeException: UNAVAILABLE: io exception
	at org.apache.ratis.thirdparty.io.grpc.stub.ClientCalls.toStatusRuntimeException(ClientCalls.java:233)
	at org.apache.ratis.thirdparty.io.grpc.stub.ClientCalls.getUnchecked(ClientCalls.java:214)
	at org.apache.ratis.thirdparty.io.grpc.stub.ClientCalls.blockingUnaryCall(ClientCalls.java:139)
	at org.apache.ratis.proto.grpc.RaftServerProtocolServiceGrpc$RaftServerProtocolServiceBlockingStub.requestVote(RaftServerProtocolServiceGrpc.java:265)
	at org.apache.ratis.grpc.server.GrpcServerProtocolClient.requestVote(GrpcServerProtocolClient.java:99)
	at org.apache.ratis.grpc.server.GrpcService.requestVote(GrpcService.java:204)
	at org.apache.ratis.server.impl.LeaderElection.lambda$submitRequests$1(LeaderElection.java:234)
	at java.util.concurrent.FutureTask.run(FutureTask.java:266)
	at java.util.concurrent.Executors$RunnableAdapter.call(Executors.java:511)
	at java.util.concurrent.FutureTask.run(FutureTask.java:266)
	at java.util.concurrent.ThreadPoolExecutor.runWorker(ThreadPoolExecutor.java:1149)
	at java.util.concurrent.ThreadPoolExecutor$Worker.run(ThreadPoolExecutor.java:624)
	... 1 more
Caused by: org.apache.ratis.thirdparty.io.netty.channel.AbstractChannel$AnnotatedConnectException: Connection refused: /192.168.151.114:34558
	at sun.nio.ch.SocketChannelImpl.checkConnect(Native Method)
	at sun.nio.ch.SocketChannelImpl.finishConnect(SocketChannelImpl.java:717)
	at org.apache.ratis.thirdparty.io.netty.channel.socket.nio.NioSocketChannel.doFinishConnect(NioSocketChannel.java:327)
	at org.apache.ratis.thirdparty.io.netty.channel.nio.AbstractNioChannel$AbstractNioUnsafe.finishConnect(AbstractNioChannel.java:340)
	at org.apache.ratis.thirdparty.io.netty.channel.nio.NioEventLoop.processSelectedKey(NioEventLoop.java:632)
	at org.apache.ratis.thirdparty.io.netty.channel.nio.NioEventLoop.processSelectedKeysOptimized(NioEventLoop.java:579)
	at org.apache.ratis.thirdparty.io.netty.channel.nio.NioEventLoop.processSelectedKeys(NioEventLoop.java:496)
	at org.apache.ratis.thirdparty.io.netty.channel.nio.NioEventLoop.run(NioEventLoop.java:458)
	at org.apache.ratis.thirdparty.io.netty.util.concurrent.SingleThreadEventExecutor$5.run(SingleThreadEventExecutor.java:897)
	at org.apache.ratis.thirdparty.io.netty.util.concurrent.FastThreadLocalRunnable.run(FastThreadLocalRunnable.java:30)
	... 1 more
Caused by: java.net.ConnectException: Connection refused
	... 11 more
2019-10-06 14:47:30,066 [bdbf3c7d-7ab8-45d0-a00e-9a90afbb196e@group-7304E6CF6906-LeaderElection97] INFO  impl.LeaderElection (LogUtils.java:infoOrTrace(149)) -   Exception 1: {}
java.util.concurrent.ExecutionException: org.apache.ratis.thirdparty.io.grpc.StatusRuntimeException: UNAVAILABLE: io exception
	at java.util.concurrent.FutureTask.report(FutureTask.java:122)
	at java.util.concurrent.FutureTask.get(FutureTask.java:192)
	at org.apache.ratis.server.impl.LeaderElection.waitForResults(LeaderElection.java:259)
	at org.apache.ratis.server.impl.LeaderElection.askForVotes(LeaderElection.java:197)
	at org.apache.ratis.server.impl.LeaderElection.run(LeaderElection.java:133)
	at java.lang.Thread.run(Thread.java:748)
Caused by: org.apache.ratis.thirdparty.io.grpc.StatusRuntimeException: UNAVAILABLE: io exception
	at org.apache.ratis.thirdparty.io.grpc.stub.ClientCalls.toStatusRuntimeException(ClientCalls.java:233)
	at org.apache.ratis.thirdparty.io.grpc.stub.ClientCalls.getUnchecked(ClientCalls.java:214)
	at org.apache.ratis.thirdparty.io.grpc.stub.ClientCalls.blockingUnaryCall(ClientCalls.java:139)
	at org.apache.ratis.proto.grpc.RaftServerProtocolServiceGrpc$RaftServerProtocolServiceBlockingStub.requestVote(RaftServerProtocolServiceGrpc.java:265)
	at org.apache.ratis.grpc.server.GrpcServerProtocolClient.requestVote(GrpcServerProtocolClient.java:99)
	at org.apache.ratis.grpc.server.GrpcService.requestVote(GrpcService.java:204)
	at org.apache.ratis.server.impl.LeaderElection.lambda$submitRequests$1(LeaderElection.java:234)
	at java.util.concurrent.FutureTask.run(FutureTask.java:266)
	at java.util.concurrent.Executors$RunnableAdapter.call(Executors.java:511)
	at java.util.concurrent.FutureTask.run(FutureTask.java:266)
	at java.util.concurrent.ThreadPoolExecutor.runWorker(ThreadPoolExecutor.java:1149)
	at java.util.concurrent.ThreadPoolExecutor$Worker.run(ThreadPoolExecutor.java:624)
	... 1 more
Caused by: org.apache.ratis.thirdparty.io.netty.channel.AbstractChannel$AnnotatedConnectException: Connection refused: /192.168.151.114:37595
	at sun.nio.ch.SocketChannelImpl.checkConnect(Native Method)
	at sun.nio.ch.SocketChannelImpl.finishConnect(SocketChannelImpl.java:717)
	at org.apache.ratis.thirdparty.io.netty.channel.socket.nio.NioSocketChannel.doFinishConnect(NioSocketChannel.java:327)
	at org.apache.ratis.thirdparty.io.netty.channel.nio.AbstractNioChannel$AbstractNioUnsafe.finishConnect(AbstractNioChannel.java:340)
	at org.apache.ratis.thirdparty.io.netty.channel.nio.NioEventLoop.processSelectedKey(NioEventLoop.java:632)
	at org.apache.ratis.thirdparty.io.netty.channel.nio.NioEventLoop.processSelectedKeysOptimized(NioEventLoop.java:579)
	at org.apache.ratis.thirdparty.io.netty.channel.nio.NioEventLoop.processSelectedKeys(NioEventLoop.java:496)
	at org.apache.ratis.thirdparty.io.netty.channel.nio.NioEventLoop.run(NioEventLoop.java:458)
	at org.apache.ratis.thirdparty.io.netty.util.concurrent.SingleThreadEventExecutor$5.run(SingleThreadEventExecutor.java:897)
	at org.apache.ratis.thirdparty.io.netty.util.concurrent.FastThreadLocalRunnable.run(FastThreadLocalRunnable.java:30)
	... 1 more
Caused by: java.net.ConnectException: Connection refused
	... 11 more
2019-10-06 14:47:30,066 [bdbf3c7d-7ab8-45d0-a00e-9a90afbb196e@group-7304E6CF6906-LeaderElection97] INFO  impl.RaftServerImpl (RaftServerImpl.java:setRole(170)) - bdbf3c7d-7ab8-45d0-a00e-9a90afbb196e@group-7304E6CF6906: changes role from CANDIDATE to FOLLOWER at term 2 for DISCOVERED_A_NEW_TERM
2019-10-06 14:47:30,066 [bdbf3c7d-7ab8-45d0-a00e-9a90afbb196e@group-7304E6CF6906-LeaderElection97] INFO  impl.RoleInfo (RoleInfo.java:shutdownLeaderElection(134)) - bdbf3c7d-7ab8-45d0-a00e-9a90afbb196e: shutdown LeaderElection
2019-10-06 14:47:30,066 [bdbf3c7d-7ab8-45d0-a00e-9a90afbb196e@group-7304E6CF6906-LeaderElection97] INFO  impl.RoleInfo (RoleInfo.java:updateAndGet(143)) - bdbf3c7d-7ab8-45d0-a00e-9a90afbb196e: start FollowerState
2019-10-06 14:47:30,394 [Datanode State Machine Thread - 0] INFO  statemachine.DatanodeStateMachine (DatanodeStateMachine.java:lambda$startDaemon$0(350)) - Ozone container server started.
2019-10-06 14:47:30,424 [Thread-3976] INFO  impl.FollowerState (FollowerState.java:run(108)) - bac7de5e-ce79-4cb5-a11a-f24956f645d5@group-A1A94F389251-FollowerState: change to CANDIDATE, lastRpcTime:8157ms, electionTimeout:5115ms
2019-10-06 14:47:30,424 [Thread-3976] INFO  impl.RoleInfo (RoleInfo.java:shutdownFollowerState(121)) - bac7de5e-ce79-4cb5-a11a-f24956f645d5: shutdown FollowerState
2019-10-06 14:47:30,424 [Thread-3976] INFO  impl.RaftServerImpl (RaftServerImpl.java:setRole(170)) - bac7de5e-ce79-4cb5-a11a-f24956f645d5@group-A1A94F389251: changes role from  FOLLOWER to CANDIDATE at term 1 for changeToCandidate
2019-10-06 14:47:30,425 [Thread-3976] INFO  impl.RoleInfo (RoleInfo.java:updateAndGet(143)) - bac7de5e-ce79-4cb5-a11a-f24956f645d5: start LeaderElection
2019-10-06 14:47:30,425 [bac7de5e-ce79-4cb5-a11a-f24956f645d5@group-A1A94F389251-LeaderElection98] INFO  impl.RaftServerImpl (ServerState.java:setLeader(255)) - bac7de5e-ce79-4cb5-a11a-f24956f645d5@group-A1A94F389251: change Leader from be7a26d3-2201-432c-a96b-ef86ee840878 to null at term 1 for initElection
2019-10-06 14:47:30,438 [bac7de5e-ce79-4cb5-a11a-f24956f645d5@group-A1A94F389251-LeaderElection98] INFO  impl.LeaderElection (LeaderElection.java:askForVotes(178)) - bac7de5e-ce79-4cb5-a11a-f24956f645d5@group-A1A94F389251-LeaderElection98: begin an election at term 2 for 0: [bac7de5e-ce79-4cb5-a11a-f24956f645d5:192.168.151.114:43134, b6b70025-229b-4dd1-ae93-bca2d1b64bcf:192.168.151.114:34932, be7a26d3-2201-432c-a96b-ef86ee840878:192.168.151.114:33108], old=null
2019-10-06 14:47:30,440 [bac7de5e-ce79-4cb5-a11a-f24956f645d5@group-A1A94F389251-LeaderElection98] INFO  impl.LeaderElection (LogUtils.java:infoOrTrace(149)) - bac7de5e-ce79-4cb5-a11a-f24956f645d5@group-A1A94F389251-LeaderElection98 got exception when requesting votes: {}
java.util.concurrent.ExecutionException: org.apache.ratis.thirdparty.io.grpc.StatusRuntimeException: UNAVAILABLE: io exception
	at java.util.concurrent.FutureTask.report(FutureTask.java:122)
	at java.util.concurrent.FutureTask.get(FutureTask.java:192)
	at org.apache.ratis.server.impl.LeaderElection.waitForResults(LeaderElection.java:259)
	at org.apache.ratis.server.impl.LeaderElection.askForVotes(LeaderElection.java:197)
	at org.apache.ratis.server.impl.LeaderElection.run(LeaderElection.java:133)
	at java.lang.Thread.run(Thread.java:748)
Caused by: org.apache.ratis.thirdparty.io.grpc.StatusRuntimeException: UNAVAILABLE: io exception
	at org.apache.ratis.thirdparty.io.grpc.stub.ClientCalls.toStatusRuntimeException(ClientCalls.java:233)
	at org.apache.ratis.thirdparty.io.grpc.stub.ClientCalls.getUnchecked(ClientCalls.java:214)
	at org.apache.ratis.thirdparty.io.grpc.stub.ClientCalls.blockingUnaryCall(ClientCalls.java:139)
	at org.apache.ratis.proto.grpc.RaftServerProtocolServiceGrpc$RaftServerProtocolServiceBlockingStub.requestVote(RaftServerProtocolServiceGrpc.java:265)
	at org.apache.ratis.grpc.server.GrpcServerProtocolClient.requestVote(GrpcServerProtocolClient.java:99)
	at org.apache.ratis.grpc.server.GrpcService.requestVote(GrpcService.java:204)
	at org.apache.ratis.server.impl.LeaderElection.lambda$submitRequests$1(LeaderElection.java:234)
	at java.util.concurrent.FutureTask.run(FutureTask.java:266)
	at java.util.concurrent.Executors$RunnableAdapter.call(Executors.java:511)
	at java.util.concurrent.FutureTask.run(FutureTask.java:266)
	at java.util.concurrent.ThreadPoolExecutor.runWorker(ThreadPoolExecutor.java:1149)
	at java.util.concurrent.ThreadPoolExecutor$Worker.run(ThreadPoolExecutor.java:624)
	... 1 more
Caused by: org.apache.ratis.thirdparty.io.netty.channel.AbstractChannel$AnnotatedConnectException: Connection refused: /192.168.151.114:34932
	at sun.nio.ch.SocketChannelImpl.checkConnect(Native Method)
	at sun.nio.ch.SocketChannelImpl.finishConnect(SocketChannelImpl.java:717)
	at org.apache.ratis.thirdparty.io.netty.channel.socket.nio.NioSocketChannel.doFinishConnect(NioSocketChannel.java:327)
	at org.apache.ratis.thirdparty.io.netty.channel.nio.AbstractNioChannel$AbstractNioUnsafe.finishConnect(AbstractNioChannel.java:340)
	at org.apache.ratis.thirdparty.io.netty.channel.nio.NioEventLoop.processSelectedKey(NioEventLoop.java:632)
	at org.apache.ratis.thirdparty.io.netty.channel.nio.NioEventLoop.processSelectedKeysOptimized(NioEventLoop.java:579)
	at org.apache.ratis.thirdparty.io.netty.channel.nio.NioEventLoop.processSelectedKeys(NioEventLoop.java:496)
	at org.apache.ratis.thirdparty.io.netty.channel.nio.NioEventLoop.run(NioEventLoop.java:458)
	at org.apache.ratis.thirdparty.io.netty.util.concurrent.SingleThreadEventExecutor$5.run(SingleThreadEventExecutor.java:897)
	at org.apache.ratis.thirdparty.io.netty.util.concurrent.FastThreadLocalRunnable.run(FastThreadLocalRunnable.java:30)
	... 1 more
Caused by: java.net.ConnectException: Connection refused
	... 11 more
2019-10-06 14:47:30,442 [bac7de5e-ce79-4cb5-a11a-f24956f645d5@group-A1A94F389251-LeaderElection98] INFO  impl.LeaderElection (LogUtils.java:infoOrTrace(149)) - bac7de5e-ce79-4cb5-a11a-f24956f645d5@group-A1A94F389251-LeaderElection98 got exception when requesting votes: {}
java.util.concurrent.ExecutionException: org.apache.ratis.thirdparty.io.grpc.StatusRuntimeException: UNAVAILABLE: io exception
	at java.util.concurrent.FutureTask.report(FutureTask.java:122)
	at java.util.concurrent.FutureTask.get(FutureTask.java:192)
	at org.apache.ratis.server.impl.LeaderElection.waitForResults(LeaderElection.java:259)
	at org.apache.ratis.server.impl.LeaderElection.askForVotes(LeaderElection.java:197)
	at org.apache.ratis.server.impl.LeaderElection.run(LeaderElection.java:133)
	at java.lang.Thread.run(Thread.java:748)
Caused by: org.apache.ratis.thirdparty.io.grpc.StatusRuntimeException: UNAVAILABLE: io exception
	at org.apache.ratis.thirdparty.io.grpc.stub.ClientCalls.toStatusRuntimeException(ClientCalls.java:233)
	at org.apache.ratis.thirdparty.io.grpc.stub.ClientCalls.getUnchecked(ClientCalls.java:214)
	at org.apache.ratis.thirdparty.io.grpc.stub.ClientCalls.blockingUnaryCall(ClientCalls.java:139)
	at org.apache.ratis.proto.grpc.RaftServerProtocolServiceGrpc$RaftServerProtocolServiceBlockingStub.requestVote(RaftServerProtocolServiceGrpc.java:265)
	at org.apache.ratis.grpc.server.GrpcServerProtocolClient.requestVote(GrpcServerProtocolClient.java:99)
	at org.apache.ratis.grpc.server.GrpcService.requestVote(GrpcService.java:204)
	at org.apache.ratis.server.impl.LeaderElection.lambda$submitRequests$1(LeaderElection.java:234)
	at java.util.concurrent.FutureTask.run(FutureTask.java:266)
	at java.util.concurrent.Executors$RunnableAdapter.call(Executors.java:511)
	at java.util.concurrent.FutureTask.run(FutureTask.java:266)
	at java.util.concurrent.ThreadPoolExecutor.runWorker(ThreadPoolExecutor.java:1149)
	at java.util.concurrent.ThreadPoolExecutor$Worker.run(ThreadPoolExecutor.java:624)
	... 1 more
Caused by: org.apache.ratis.thirdparty.io.netty.channel.AbstractChannel$AnnotatedConnectException: Connection refused: /192.168.151.114:33108
	at sun.nio.ch.SocketChannelImpl.checkConnect(Native Method)
	at sun.nio.ch.SocketChannelImpl.finishConnect(SocketChannelImpl.java:717)
	at org.apache.ratis.thirdparty.io.netty.channel.socket.nio.NioSocketChannel.doFinishConnect(NioSocketChannel.java:327)
	at org.apache.ratis.thirdparty.io.netty.channel.nio.AbstractNioChannel$AbstractNioUnsafe.finishConnect(AbstractNioChannel.java:340)
	at org.apache.ratis.thirdparty.io.netty.channel.nio.NioEventLoop.processSelectedKey(NioEventLoop.java:632)
	at org.apache.ratis.thirdparty.io.netty.channel.nio.NioEventLoop.processSelectedKeysOptimized(NioEventLoop.java:579)
	at org.apache.ratis.thirdparty.io.netty.channel.nio.NioEventLoop.processSelectedKeys(NioEventLoop.java:496)
	at org.apache.ratis.thirdparty.io.netty.channel.nio.NioEventLoop.run(NioEventLoop.java:458)
	at org.apache.ratis.thirdparty.io.netty.util.concurrent.SingleThreadEventExecutor$5.run(SingleThreadEventExecutor.java:897)
	at org.apache.ratis.thirdparty.io.netty.util.concurrent.FastThreadLocalRunnable.run(FastThreadLocalRunnable.java:30)
	... 1 more
Caused by: java.net.ConnectException: Connection refused
	... 11 more
2019-10-06 14:47:30,444 [bac7de5e-ce79-4cb5-a11a-f24956f645d5@group-A1A94F389251-LeaderElection98] INFO  impl.LeaderElection (LeaderElection.java:logAndReturn(56)) - bac7de5e-ce79-4cb5-a11a-f24956f645d5@group-A1A94F389251-LeaderElection98: Election REJECTED; received 0 response(s) [] and 2 exception(s); bac7de5e-ce79-4cb5-a11a-f24956f645d5@group-A1A94F389251:t2, leader=null, voted=bac7de5e-ce79-4cb5-a11a-f24956f645d5, raftlog=bac7de5e-ce79-4cb5-a11a-f24956f645d5@group-A1A94F389251-SegmentedRaftLog:OPENED:c16,f16,i16, conf=0: [bac7de5e-ce79-4cb5-a11a-f24956f645d5:192.168.151.114:43134, b6b70025-229b-4dd1-ae93-bca2d1b64bcf:192.168.151.114:34932, be7a26d3-2201-432c-a96b-ef86ee840878:192.168.151.114:33108], old=null
2019-10-06 14:47:30,444 [bac7de5e-ce79-4cb5-a11a-f24956f645d5@group-A1A94F389251-LeaderElection98] INFO  impl.LeaderElection (LogUtils.java:infoOrTrace(149)) -   Exception 0: {}
java.util.concurrent.ExecutionException: org.apache.ratis.thirdparty.io.grpc.StatusRuntimeException: UNAVAILABLE: io exception
	at java.util.concurrent.FutureTask.report(FutureTask.java:122)
	at java.util.concurrent.FutureTask.get(FutureTask.java:192)
	at org.apache.ratis.server.impl.LeaderElection.waitForResults(LeaderElection.java:259)
	at org.apache.ratis.server.impl.LeaderElection.askForVotes(LeaderElection.java:197)
	at org.apache.ratis.server.impl.LeaderElection.run(LeaderElection.java:133)
	at java.lang.Thread.run(Thread.java:748)
Caused by: org.apache.ratis.thirdparty.io.grpc.StatusRuntimeException: UNAVAILABLE: io exception
	at org.apache.ratis.thirdparty.io.grpc.stub.ClientCalls.toStatusRuntimeException(ClientCalls.java:233)
	at org.apache.ratis.thirdparty.io.grpc.stub.ClientCalls.getUnchecked(ClientCalls.java:214)
	at org.apache.ratis.thirdparty.io.grpc.stub.ClientCalls.blockingUnaryCall(ClientCalls.java:139)
	at org.apache.ratis.proto.grpc.RaftServerProtocolServiceGrpc$RaftServerProtocolServiceBlockingStub.requestVote(RaftServerProtocolServiceGrpc.java:265)
	at org.apache.ratis.grpc.server.GrpcServerProtocolClient.requestVote(GrpcServerProtocolClient.java:99)
	at org.apache.ratis.grpc.server.GrpcService.requestVote(GrpcService.java:204)
	at org.apache.ratis.server.impl.LeaderElection.lambda$submitRequests$1(LeaderElection.java:234)
	at java.util.concurrent.FutureTask.run(FutureTask.java:266)
	at java.util.concurrent.Executors$RunnableAdapter.call(Executors.java:511)
	at java.util.concurrent.FutureTask.run(FutureTask.java:266)
	at java.util.concurrent.ThreadPoolExecutor.runWorker(ThreadPoolExecutor.java:1149)
	at java.util.concurrent.ThreadPoolExecutor$Worker.run(ThreadPoolExecutor.java:624)
	... 1 more
Caused by: org.apache.ratis.thirdparty.io.netty.channel.AbstractChannel$AnnotatedConnectException: Connection refused: /192.168.151.114:34932
	at sun.nio.ch.SocketChannelImpl.checkConnect(Native Method)
	at sun.nio.ch.SocketChannelImpl.finishConnect(SocketChannelImpl.java:717)
	at org.apache.ratis.thirdparty.io.netty.channel.socket.nio.NioSocketChannel.doFinishConnect(NioSocketChannel.java:327)
	at org.apache.ratis.thirdparty.io.netty.channel.nio.AbstractNioChannel$AbstractNioUnsafe.finishConnect(AbstractNioChannel.java:340)
	at org.apache.ratis.thirdparty.io.netty.channel.nio.NioEventLoop.processSelectedKey(NioEventLoop.java:632)
	at org.apache.ratis.thirdparty.io.netty.channel.nio.NioEventLoop.processSelectedKeysOptimized(NioEventLoop.java:579)
	at org.apache.ratis.thirdparty.io.netty.channel.nio.NioEventLoop.processSelectedKeys(NioEventLoop.java:496)
	at org.apache.ratis.thirdparty.io.netty.channel.nio.NioEventLoop.run(NioEventLoop.java:458)
	at org.apache.ratis.thirdparty.io.netty.util.concurrent.SingleThreadEventExecutor$5.run(SingleThreadEventExecutor.java:897)
	at org.apache.ratis.thirdparty.io.netty.util.concurrent.FastThreadLocalRunnable.run(FastThreadLocalRunnable.java:30)
	... 1 more
Caused by: java.net.ConnectException: Connection refused
	... 11 more
2019-10-06 14:47:30,444 [bac7de5e-ce79-4cb5-a11a-f24956f645d5@group-A1A94F389251-LeaderElection98] INFO  impl.LeaderElection (LogUtils.java:infoOrTrace(149)) -   Exception 1: {}
java.util.concurrent.ExecutionException: org.apache.ratis.thirdparty.io.grpc.StatusRuntimeException: UNAVAILABLE: io exception
	at java.util.concurrent.FutureTask.report(FutureTask.java:122)
	at java.util.concurrent.FutureTask.get(FutureTask.java:192)
	at org.apache.ratis.server.impl.LeaderElection.waitForResults(LeaderElection.java:259)
	at org.apache.ratis.server.impl.LeaderElection.askForVotes(LeaderElection.java:197)
	at org.apache.ratis.server.impl.LeaderElection.run(LeaderElection.java:133)
	at java.lang.Thread.run(Thread.java:748)
Caused by: org.apache.ratis.thirdparty.io.grpc.StatusRuntimeException: UNAVAILABLE: io exception
	at org.apache.ratis.thirdparty.io.grpc.stub.ClientCalls.toStatusRuntimeException(ClientCalls.java:233)
	at org.apache.ratis.thirdparty.io.grpc.stub.ClientCalls.getUnchecked(ClientCalls.java:214)
	at org.apache.ratis.thirdparty.io.grpc.stub.ClientCalls.blockingUnaryCall(ClientCalls.java:139)
	at org.apache.ratis.proto.grpc.RaftServerProtocolServiceGrpc$RaftServerProtocolServiceBlockingStub.requestVote(RaftServerProtocolServiceGrpc.java:265)
	at org.apache.ratis.grpc.server.GrpcServerProtocolClient.requestVote(GrpcServerProtocolClient.java:99)
	at org.apache.ratis.grpc.server.GrpcService.requestVote(GrpcService.java:204)
	at org.apache.ratis.server.impl.LeaderElection.lambda$submitRequests$1(LeaderElection.java:234)
	at java.util.concurrent.FutureTask.run(FutureTask.java:266)
	at java.util.concurrent.Executors$RunnableAdapter.call(Executors.java:511)
	at java.util.concurrent.FutureTask.run(FutureTask.java:266)
	at java.util.concurrent.ThreadPoolExecutor.runWorker(ThreadPoolExecutor.java:1149)
	at java.util.concurrent.ThreadPoolExecutor$Worker.run(ThreadPoolExecutor.java:624)
	... 1 more
Caused by: org.apache.ratis.thirdparty.io.netty.channel.AbstractChannel$AnnotatedConnectException: Connection refused: /192.168.151.114:33108
	at sun.nio.ch.SocketChannelImpl.checkConnect(Native Method)
	at sun.nio.ch.SocketChannelImpl.finishConnect(SocketChannelImpl.java:717)
	at org.apache.ratis.thirdparty.io.netty.channel.socket.nio.NioSocketChannel.doFinishConnect(NioSocketChannel.java:327)
	at org.apache.ratis.thirdparty.io.netty.channel.nio.AbstractNioChannel$AbstractNioUnsafe.finishConnect(AbstractNioChannel.java:340)
	at org.apache.ratis.thirdparty.io.netty.channel.nio.NioEventLoop.processSelectedKey(NioEventLoop.java:632)
	at org.apache.ratis.thirdparty.io.netty.channel.nio.NioEventLoop.processSelectedKeysOptimized(NioEventLoop.java:579)
	at org.apache.ratis.thirdparty.io.netty.channel.nio.NioEventLoop.processSelectedKeys(NioEventLoop.java:496)
	at org.apache.ratis.thirdparty.io.netty.channel.nio.NioEventLoop.run(NioEventLoop.java:458)
	at org.apache.ratis.thirdparty.io.netty.util.concurrent.SingleThreadEventExecutor$5.run(SingleThreadEventExecutor.java:897)
	at org.apache.ratis.thirdparty.io.netty.util.concurrent.FastThreadLocalRunnable.run(FastThreadLocalRunnable.java:30)
	... 1 more
Caused by: java.net.ConnectException: Connection refused
	... 11 more
2019-10-06 14:47:30,444 [bac7de5e-ce79-4cb5-a11a-f24956f645d5@group-A1A94F389251-LeaderElection98] INFO  impl.RaftServerImpl (RaftServerImpl.java:setRole(170)) - bac7de5e-ce79-4cb5-a11a-f24956f645d5@group-A1A94F389251: changes role from CANDIDATE to FOLLOWER at term 2 for DISCOVERED_A_NEW_TERM
2019-10-06 14:47:30,445 [bac7de5e-ce79-4cb5-a11a-f24956f645d5@group-A1A94F389251-LeaderElection98] INFO  impl.RoleInfo (RoleInfo.java:shutdownLeaderElection(134)) - bac7de5e-ce79-4cb5-a11a-f24956f645d5: shutdown LeaderElection
2019-10-06 14:47:30,445 [bac7de5e-ce79-4cb5-a11a-f24956f645d5@group-A1A94F389251-LeaderElection98] INFO  impl.RoleInfo (RoleInfo.java:updateAndGet(143)) - bac7de5e-ce79-4cb5-a11a-f24956f645d5: start FollowerState
2019-10-06 14:47:33,925 [EventQueue-StaleNodeForStaleNodeHandler] INFO  node.StaleNodeHandler (StaleNodeHandler.java:onMessage(58)) - Datanode 549e67df-f22b-4d63-a5ef-7bccc6794b24{ip: 192.168.151.114, host: ozone-build-dev-hxm7v-1976773872, networkLocation: /default-rack, certSerialId: null} moved to stale state. Finalizing its pipelines [PipelineID=4113c1cb-a178-4239-bcd2-60b36c939eb9]
2019-10-06 14:47:33,929 [EventQueue-StaleNodeForStaleNodeHandler] INFO  pipeline.SCMPipelineManager (SCMPipelineManager.java:finalizeAndDestroyPipeline(315)) - destroying pipeline:Pipeline[ Id: 4113c1cb-a178-4239-bcd2-60b36c939eb9, Nodes: 549e67df-f22b-4d63-a5ef-7bccc6794b24{ip: 192.168.151.114, host: ozone-build-dev-hxm7v-1976773872, networkLocation: /default-rack, certSerialId: null}, Type:RATIS, Factor:ONE, State:OPEN]
2019-10-06 14:47:33,929 [EventQueue-StaleNodeForStaleNodeHandler] INFO  pipeline.PipelineStateManager (PipelineStateManager.java:finalizePipeline(123)) - Pipeline Pipeline[ Id: 4113c1cb-a178-4239-bcd2-60b36c939eb9, Nodes: 549e67df-f22b-4d63-a5ef-7bccc6794b24{ip: 192.168.151.114, host: ozone-build-dev-hxm7v-1976773872, networkLocation: /default-rack, certSerialId: null}, Type:RATIS, Factor:ONE, State:CLOSED] moved to CLOSED state
2019-10-06 14:47:34,426 [EventQueue-StaleNodeForStaleNodeHandler] INFO  node.StaleNodeHandler (StaleNodeHandler.java:onMessage(58)) - Datanode bdbf3c7d-7ab8-45d0-a00e-9a90afbb196e{ip: 192.168.151.114, host: ozone-build-dev-hxm7v-1976773872, networkLocation: /default-rack, certSerialId: null} moved to stale state. Finalizing its pipelines [PipelineID=f56ed0d7-6e4d-4d63-ab9c-960807561940, PipelineID=25f58045-b707-4894-b185-7304e6cf6906]
2019-10-06 14:47:34,426 [EventQueue-StaleNodeForStaleNodeHandler] INFO  pipeline.SCMPipelineManager (SCMPipelineManager.java:finalizeAndDestroyPipeline(315)) - destroying pipeline:Pipeline[ Id: f56ed0d7-6e4d-4d63-ab9c-960807561940, Nodes: bdbf3c7d-7ab8-45d0-a00e-9a90afbb196e{ip: 192.168.151.114, host: ozone-build-dev-hxm7v-1976773872, networkLocation: /default-rack, certSerialId: null}, Type:RATIS, Factor:ONE, State:OPEN]
2019-10-06 14:47:34,426 [EventQueue-StaleNodeForStaleNodeHandler] INFO  pipeline.PipelineStateManager (PipelineStateManager.java:finalizePipeline(123)) - Pipeline Pipeline[ Id: f56ed0d7-6e4d-4d63-ab9c-960807561940, Nodes: bdbf3c7d-7ab8-45d0-a00e-9a90afbb196e{ip: 192.168.151.114, host: ozone-build-dev-hxm7v-1976773872, networkLocation: /default-rack, certSerialId: null}, Type:RATIS, Factor:ONE, State:CLOSED] moved to CLOSED state
2019-10-06 14:47:34,426 [EventQueue-StaleNodeForStaleNodeHandler] INFO  pipeline.SCMPipelineManager (SCMPipelineManager.java:finalizeAndDestroyPipeline(315)) - destroying pipeline:Pipeline[ Id: 25f58045-b707-4894-b185-7304e6cf6906, Nodes: bdbf3c7d-7ab8-45d0-a00e-9a90afbb196e{ip: 192.168.151.114, host: ozone-build-dev-hxm7v-1976773872, networkLocation: /default-rack, certSerialId: null}1c73777b-379a-4e58-afe3-e36257195a83{ip: 192.168.151.114, host: ozone-build-dev-hxm7v-1976773872, networkLocation: /default-rack, certSerialId: null}19150db3-7c2b-4c29-b1cb-de3372b4b7d7{ip: 192.168.151.114, host: ozone-build-dev-hxm7v-1976773872, networkLocation: /default-rack, certSerialId: null}, Type:RATIS, Factor:THREE, State:CLOSED]
2019-10-06 14:47:34,695 [main] INFO  ozoneimpl.OzoneContainer (OzoneContainer.java:stop(231)) - Attempting to stop container services.
2019-10-06 14:47:34,696 [main] INFO  impl.RaftServerProxy (RaftServerProxy.java:lambda$close$4(314)) - 549e67df-f22b-4d63-a5ef-7bccc6794b24: close
2019-10-06 14:47:34,696 [main] INFO  impl.RaftServerImpl (RaftServerImpl.java:lambda$shutdown$3(247)) - 549e67df-f22b-4d63-a5ef-7bccc6794b24@group-60B36C939EB9: shutdown
2019-10-06 14:47:34,697 [main] INFO  util.JmxRegister (JmxRegister.java:unregister(73)) - Successfully un-registered JMX Bean with object name Ratis:service=RaftServer,group=group-60B36C939EB9,id=549e67df-f22b-4d63-a5ef-7bccc6794b24
2019-10-06 14:47:34,697 [main] INFO  impl.RoleInfo (RoleInfo.java:shutdownLeaderState(104)) - 549e67df-f22b-4d63-a5ef-7bccc6794b24: shutdown LeaderState
2019-10-06 14:47:34,697 [main] INFO  impl.PendingRequests (PendingRequests.java:sendNotLeaderResponses(202)) - 549e67df-f22b-4d63-a5ef-7bccc6794b24@group-60B36C939EB9-PendingRequests: sendNotLeaderResponses
2019-10-06 14:47:34,698 [main] INFO  impl.StateMachineUpdater (StateMachineUpdater.java:stopAndJoin(136)) - 549e67df-f22b-4d63-a5ef-7bccc6794b24@group-60B36C939EB9-StateMachineUpdater: set stopIndex = 0
2019-10-06 14:47:34,698 [main] INFO  impl.RaftServerImpl (ServerState.java:close(387)) - 549e67df-f22b-4d63-a5ef-7bccc6794b24@group-60B36C939EB9: closes. applyIndex: 0
2019-10-06 14:47:34,699 [549e67df-f22b-4d63-a5ef-7bccc6794b24@group-60B36C939EB9-SegmentedRaftLogWorker] INFO  segmented.SegmentedRaftLogWorker (SegmentedRaftLogWorker.java:run(316)) - 549e67df-f22b-4d63-a5ef-7bccc6794b24@group-60B36C939EB9-SegmentedRaftLogWorker was interrupted, exiting. There are 0 tasks remaining in the queue.
2019-10-06 14:47:34,703 [main] INFO  segmented.SegmentedRaftLogWorker (SegmentedRaftLogWorker.java:close(224)) - 549e67df-f22b-4d63-a5ef-7bccc6794b24@group-60B36C939EB9-SegmentedRaftLogWorker close()
2019-10-06 14:47:34,705 [main] INFO  server.GrpcService (GrpcService.java:closeImpl(164)) - 549e67df-f22b-4d63-a5ef-7bccc6794b24: shutdown server with port 42458 now
2019-10-06 14:47:34,707 [main] INFO  server.GrpcService (GrpcService.java:closeImpl(172)) - 549e67df-f22b-4d63-a5ef-7bccc6794b24: shutdown server with port 42458 successfully
2019-10-06 14:47:34,710 [refreshUsed-/workdir/hadoop-ozone/integration-test/target/test-dir/MiniOzoneClusterImpl-a7993c58-b5b1-413b-983e-895559c32200/datanode-6/data/containers] WARN  fs.CachingGetSpaceUsed (CachingGetSpaceUsed.java:run(183)) - Thread Interrupted waiting to refresh disk information: sleep interrupted
2019-10-06 14:47:34,717 [ForkJoinPool.commonPool-worker-0] INFO  ozoneimpl.OzoneContainer (OzoneContainer.java:stop(231)) - Attempting to stop container services.
2019-10-06 14:47:34,717 [ForkJoinPool.commonPool-worker-0] INFO  impl.RaftServerProxy (RaftServerProxy.java:lambda$close$4(314)) - bdbf3c7d-7ab8-45d0-a00e-9a90afbb196e: close
2019-10-06 14:47:34,718 [ForkJoinPool.commonPool-worker-0] INFO  impl.RaftServerImpl (RaftServerImpl.java:lambda$shutdown$3(247)) - bdbf3c7d-7ab8-45d0-a00e-9a90afbb196e@group-960807561940: shutdown
2019-10-06 14:47:34,718 [ForkJoinPool.commonPool-worker-0] INFO  util.JmxRegister (JmxRegister.java:unregister(73)) - Successfully un-registered JMX Bean with object name Ratis:service=RaftServer,group=group-960807561940,id=bdbf3c7d-7ab8-45d0-a00e-9a90afbb196e
2019-10-06 14:47:34,718 [ForkJoinPool.commonPool-worker-0] INFO  impl.RoleInfo (RoleInfo.java:shutdownLeaderState(104)) - bdbf3c7d-7ab8-45d0-a00e-9a90afbb196e: shutdown LeaderState
2019-10-06 14:47:34,718 [ForkJoinPool.commonPool-worker-0] INFO  impl.PendingRequests (PendingRequests.java:sendNotLeaderResponses(202)) - bdbf3c7d-7ab8-45d0-a00e-9a90afbb196e@group-960807561940-PendingRequests: sendNotLeaderResponses
2019-10-06 14:47:34,718 [ForkJoinPool.commonPool-worker-0] INFO  impl.StateMachineUpdater (StateMachineUpdater.java:stopAndJoin(136)) - bdbf3c7d-7ab8-45d0-a00e-9a90afbb196e@group-960807561940-StateMachineUpdater: set stopIndex = 0
2019-10-06 14:47:34,719 [ForkJoinPool.commonPool-worker-0] INFO  impl.RaftServerImpl (ServerState.java:close(387)) - bdbf3c7d-7ab8-45d0-a00e-9a90afbb196e@group-960807561940: closes. applyIndex: 0
2019-10-06 14:47:34,719 [bdbf3c7d-7ab8-45d0-a00e-9a90afbb196e@group-960807561940-SegmentedRaftLogWorker] INFO  segmented.SegmentedRaftLogWorker (SegmentedRaftLogWorker.java:run(316)) - bdbf3c7d-7ab8-45d0-a00e-9a90afbb196e@group-960807561940-SegmentedRaftLogWorker was interrupted, exiting. There are 0 tasks remaining in the queue.
2019-10-06 14:47:34,719 [ForkJoinPool.commonPool-worker-0] INFO  segmented.SegmentedRaftLogWorker (SegmentedRaftLogWorker.java:close(224)) - bdbf3c7d-7ab8-45d0-a00e-9a90afbb196e@group-960807561940-SegmentedRaftLogWorker close()
2019-10-06 14:47:34,721 [ForkJoinPool.commonPool-worker-0] INFO  impl.RaftServerImpl (RaftServerImpl.java:lambda$shutdown$3(247)) - bdbf3c7d-7ab8-45d0-a00e-9a90afbb196e@group-7304E6CF6906: shutdown
2019-10-06 14:47:34,721 [ForkJoinPool.commonPool-worker-0] INFO  util.JmxRegister (JmxRegister.java:unregister(73)) - Successfully un-registered JMX Bean with object name Ratis:service=RaftServer,group=group-7304E6CF6906,id=bdbf3c7d-7ab8-45d0-a00e-9a90afbb196e
2019-10-06 14:47:34,721 [ForkJoinPool.commonPool-worker-0] INFO  impl.RoleInfo (RoleInfo.java:shutdownFollowerState(121)) - bdbf3c7d-7ab8-45d0-a00e-9a90afbb196e: shutdown FollowerState
2019-10-06 14:47:34,721 [ForkJoinPool.commonPool-worker-0] INFO  impl.StateMachineUpdater (StateMachineUpdater.java:stopAndJoin(136)) - bdbf3c7d-7ab8-45d0-a00e-9a90afbb196e@group-7304E6CF6906-StateMachineUpdater: set stopIndex = 22
2019-10-06 14:47:34,721 [Thread-4147] INFO  impl.FollowerState (FollowerState.java:run(117)) - bdbf3c7d-7ab8-45d0-a00e-9a90afbb196e@group-7304E6CF6906-FollowerState was interrupted: java.lang.InterruptedException: sleep interrupted
2019-10-06 14:47:34,721 [bdbf3c7d-7ab8-45d0-a00e-9a90afbb196e@group-7304E6CF6906-StateMachineUpdater] INFO  ratis.ContainerStateMachine (ContainerStateMachine.java:takeSnapshot(293)) - group-7304E6CF6906: Taking a snapshot at:(t:1, i:20) file /workdir/hadoop-ozone/integration-test/target/test-dir/MiniOzoneClusterImpl-a7993c58-b5b1-413b-983e-895559c32200/datanode-0/data/ratis/25f58045-b707-4894-b185-7304e6cf6906/sm/snapshot.1_20
2019-10-06 14:47:34,729 [main] INFO  utils.BackgroundService (BackgroundService.java:shutdown(148)) - Shutting down service BlockDeletingService
2019-10-06 14:47:34,734 [main] INFO  statemachine.DatanodeStateMachine (DatanodeStateMachine.java:stopDaemon(395)) - Ozone container server stopped.
2019-10-06 14:47:34,735 [bdbf3c7d-7ab8-45d0-a00e-9a90afbb196e@group-7304E6CF6906-StateMachineUpdater] INFO  ratis.ContainerStateMachine (ContainerStateMachine.java:takeSnapshot(304)) - group-7304E6CF6906: Finished taking a snapshot at:(t:1, i:20) file:/workdir/hadoop-ozone/integration-test/target/test-dir/MiniOzoneClusterImpl-a7993c58-b5b1-413b-983e-895559c32200/datanode-0/data/ratis/25f58045-b707-4894-b185-7304e6cf6906/sm/snapshot.1_20 time:14
2019-10-06 14:47:34,736 [bdbf3c7d-7ab8-45d0-a00e-9a90afbb196e@group-7304E6CF6906-StateMachineUpdater] INFO  impl.StateMachineUpdater (StateMachineUpdater.java:takeSnapshot(269)) - bdbf3c7d-7ab8-45d0-a00e-9a90afbb196e@group-7304E6CF6906-StateMachineUpdater: Took a snapshot at index 20
2019-10-06 14:47:34,736 [bdbf3c7d-7ab8-45d0-a00e-9a90afbb196e@group-7304E6CF6906-StateMachineUpdater] INFO  impl.StateMachineUpdater (StateMachineUpdater.java:lambda$new$0(84)) - bdbf3c7d-7ab8-45d0-a00e-9a90afbb196e@group-7304E6CF6906-StateMachineUpdater: snapshotIndex: updateIncreasingly -1 -> 20
2019-10-06 14:47:34,736 [main] INFO  handler.ContextHandler (ContextHandler.java:doStop(910)) - Stopped o.e.j.w.WebAppContext@62108cd3{/,null,UNAVAILABLE}{/hddsDatanode}
2019-10-06 14:47:34,736 [bdbf3c7d-7ab8-45d0-a00e-9a90afbb196e@group-7304E6CF6906-StateMachineUpdater] INFO  ratis.ContainerStateMachine (ContainerStateMachine.java:takeSnapshot(293)) - group-7304E6CF6906: Taking a snapshot at:(t:1, i:20) file /workdir/hadoop-ozone/integration-test/target/test-dir/MiniOzoneClusterImpl-a7993c58-b5b1-413b-983e-895559c32200/datanode-0/data/ratis/25f58045-b707-4894-b185-7304e6cf6906/sm/snapshot.1_20
2019-10-06 14:47:34,737 [main] INFO  server.AbstractConnector (AbstractConnector.java:doStop(318)) - Stopped ServerConnector@7cd1ec54{HTTP/1.1,[http/1.1]}{0.0.0.0:0}
2019-10-06 14:47:34,737 [main] INFO  handler.ContextHandler (ContextHandler.java:doStop(910)) - Stopped o.e.j.s.ServletContextHandler@ce655b9{/static,jar:file:/home/user/.m2/repository/org/apache/hadoop/hadoop-hdds-container-service/0.5.0-SNAPSHOT/hadoop-hdds-container-service-0.5.0-SNAPSHOT.jar!/webapps/static,UNAVAILABLE}
2019-10-06 14:47:34,738 [main] INFO  handler.ContextHandler (ContextHandler.java:doStop(910)) - Stopped o.e.j.s.ServletContextHandler@709d86a2{/logs,file:///workdir/hadoop-ozone/integration-test/target/log,UNAVAILABLE}
2019-10-06 14:47:34,749 [bdbf3c7d-7ab8-45d0-a00e-9a90afbb196e@group-7304E6CF6906-StateMachineUpdater] INFO  ratis.ContainerStateMachine (ContainerStateMachine.java:takeSnapshot(304)) - group-7304E6CF6906: Finished taking a snapshot at:(t:1, i:20) file:/workdir/hadoop-ozone/integration-test/target/test-dir/MiniOzoneClusterImpl-a7993c58-b5b1-413b-983e-895559c32200/datanode-0/data/ratis/25f58045-b707-4894-b185-7304e6cf6906/sm/snapshot.1_20 time:13
2019-10-06 14:47:34,749 [bdbf3c7d-7ab8-45d0-a00e-9a90afbb196e@group-7304E6CF6906-StateMachineUpdater] INFO  impl.StateMachineUpdater (StateMachineUpdater.java:takeSnapshot(269)) - bdbf3c7d-7ab8-45d0-a00e-9a90afbb196e@group-7304E6CF6906-StateMachineUpdater: Took a snapshot at index 20
2019-10-06 14:47:34,749 [bdbf3c7d-7ab8-45d0-a00e-9a90afbb196e@group-7304E6CF6906-StateMachineUpdater] INFO  impl.StateMachineUpdater (StateMachineUpdater.java:lambda$new$0(84)) - bdbf3c7d-7ab8-45d0-a00e-9a90afbb196e@group-7304E6CF6906-StateMachineUpdater: snapshotIndex: updateIncreasingly 20 -> 20
2019-10-06 14:47:34,749 [ForkJoinPool.commonPool-worker-0] INFO  impl.RaftServerImpl (ServerState.java:close(387)) - bdbf3c7d-7ab8-45d0-a00e-9a90afbb196e@group-7304E6CF6906: closes. applyIndex: 22
2019-10-06 14:47:34,750 [bdbf3c7d-7ab8-45d0-a00e-9a90afbb196e@group-7304E6CF6906-SegmentedRaftLogWorker] INFO  segmented.SegmentedRaftLogWorker (SegmentedRaftLogWorker.java:run(316)) - bdbf3c7d-7ab8-45d0-a00e-9a90afbb196e@group-7304E6CF6906-SegmentedRaftLogWorker was interrupted, exiting. There are 0 tasks remaining in the queue.
2019-10-06 14:47:34,750 [ForkJoinPool.commonPool-worker-0] INFO  segmented.SegmentedRaftLogWorker (SegmentedRaftLogWorker.java:close(224)) - bdbf3c7d-7ab8-45d0-a00e-9a90afbb196e@group-7304E6CF6906-SegmentedRaftLogWorker close()
2019-10-06 14:47:34,752 [ForkJoinPool.commonPool-worker-0] INFO  server.GrpcService (GrpcService.java:closeImpl(164)) - bdbf3c7d-7ab8-45d0-a00e-9a90afbb196e: shutdown server with port 40384 now
2019-10-06 14:47:34,752 [ForkJoinPool.commonPool-worker-0] INFO  server.GrpcService (GrpcService.java:closeImpl(172)) - bdbf3c7d-7ab8-45d0-a00e-9a90afbb196e: shutdown server with port 40384 successfully
2019-10-06 14:47:34,754 [refreshUsed-/workdir/hadoop-ozone/integration-test/target/test-dir/MiniOzoneClusterImpl-a7993c58-b5b1-413b-983e-895559c32200/datanode-0/data/containers] WARN  fs.CachingGetSpaceUsed (CachingGetSpaceUsed.java:run(183)) - Thread Interrupted waiting to refresh disk information: sleep interrupted
2019-10-06 14:47:34,764 [ForkJoinPool.commonPool-worker-0] INFO  utils.BackgroundService (BackgroundService.java:shutdown(148)) - Shutting down service BlockDeletingService
2019-10-06 14:47:34,768 [ForkJoinPool.commonPool-worker-0] INFO  statemachine.DatanodeStateMachine (DatanodeStateMachine.java:stopDaemon(395)) - Ozone container server stopped.
2019-10-06 14:47:34,771 [ForkJoinPool.commonPool-worker-0] INFO  handler.ContextHandler (ContextHandler.java:doStop(910)) - Stopped o.e.j.w.WebAppContext@3303e89e{/,null,UNAVAILABLE}{/hddsDatanode}
2019-10-06 14:47:34,771 [ForkJoinPool.commonPool-worker-0] INFO  server.AbstractConnector (AbstractConnector.java:doStop(318)) - Stopped ServerConnector@cec590c{HTTP/1.1,[http/1.1]}{0.0.0.0:0}
2019-10-06 14:47:34,772 [ForkJoinPool.commonPool-worker-0] INFO  handler.ContextHandler (ContextHandler.java:doStop(910)) - Stopped o.e.j.s.ServletContextHandler@67eeb310{/static,jar:file:/home/user/.m2/repository/org/apache/hadoop/hadoop-hdds-container-service/0.5.0-SNAPSHOT/hadoop-hdds-container-service-0.5.0-SNAPSHOT.jar!/webapps/static,UNAVAILABLE}
2019-10-06 14:47:34,772 [ForkJoinPool.commonPool-worker-0] INFO  handler.ContextHandler (ContextHandler.java:doStop(910)) - Stopped o.e.j.s.ServletContextHandler@19dac2d6{/logs,file:///workdir/hadoop-ozone/integration-test/target/log,UNAVAILABLE}
2019-10-06 14:47:35,100 [Datanode State Machine Thread - 0] INFO  statemachine.DatanodeStateMachine (DatanodeStateMachine.java:lambda$startDaemon$0(350)) - Ozone container server started.
2019-10-06 14:47:35,506 [Thread-4151] INFO  impl.FollowerState (FollowerState.java:run(108)) - bac7de5e-ce79-4cb5-a11a-f24956f645d5@group-A1A94F389251-FollowerState: change to CANDIDATE, lastRpcTime:5061ms, electionTimeout:5061ms
2019-10-06 14:47:35,506 [Thread-4151] INFO  impl.RoleInfo (RoleInfo.java:shutdownFollowerState(121)) - bac7de5e-ce79-4cb5-a11a-f24956f645d5: shutdown FollowerState
2019-10-06 14:47:35,506 [Thread-4151] INFO  impl.RaftServerImpl (RaftServerImpl.java:setRole(170)) - bac7de5e-ce79-4cb5-a11a-f24956f645d5@group-A1A94F389251: changes role from  FOLLOWER to CANDIDATE at term 2 for changeToCandidate
2019-10-06 14:47:35,507 [Thread-4151] INFO  impl.RoleInfo (RoleInfo.java:updateAndGet(143)) - bac7de5e-ce79-4cb5-a11a-f24956f645d5: start LeaderElection
2019-10-06 14:47:35,531 [bac7de5e-ce79-4cb5-a11a-f24956f645d5@group-A1A94F389251-LeaderElection99] INFO  impl.LeaderElection (LeaderElection.java:askForVotes(178)) - bac7de5e-ce79-4cb5-a11a-f24956f645d5@group-A1A94F389251-LeaderElection99: begin an election at term 3 for 0: [bac7de5e-ce79-4cb5-a11a-f24956f645d5:192.168.151.114:43134, b6b70025-229b-4dd1-ae93-bca2d1b64bcf:192.168.151.114:34932, be7a26d3-2201-432c-a96b-ef86ee840878:192.168.151.114:33108], old=null
2019-10-06 14:47:35,533 [bac7de5e-ce79-4cb5-a11a-f24956f645d5@group-A1A94F389251-LeaderElection99] INFO  impl.LeaderElection (LogUtils.java:infoOrTrace(149)) - bac7de5e-ce79-4cb5-a11a-f24956f645d5@group-A1A94F389251-LeaderElection99 got exception when requesting votes: {}
java.util.concurrent.ExecutionException: org.apache.ratis.thirdparty.io.grpc.StatusRuntimeException: UNAVAILABLE: io exception
	at java.util.concurrent.FutureTask.report(FutureTask.java:122)
	at java.util.concurrent.FutureTask.get(FutureTask.java:192)
	at org.apache.ratis.server.impl.LeaderElection.waitForResults(LeaderElection.java:259)
	at org.apache.ratis.server.impl.LeaderElection.askForVotes(LeaderElection.java:197)
	at org.apache.ratis.server.impl.LeaderElection.run(LeaderElection.java:133)
	at java.lang.Thread.run(Thread.java:748)
Caused by: org.apache.ratis.thirdparty.io.grpc.StatusRuntimeException: UNAVAILABLE: io exception
	at org.apache.ratis.thirdparty.io.grpc.stub.ClientCalls.toStatusRuntimeException(ClientCalls.java:233)
	at org.apache.ratis.thirdparty.io.grpc.stub.ClientCalls.getUnchecked(ClientCalls.java:214)
	at org.apache.ratis.thirdparty.io.grpc.stub.ClientCalls.blockingUnaryCall(ClientCalls.java:139)
	at org.apache.ratis.proto.grpc.RaftServerProtocolServiceGrpc$RaftServerProtocolServiceBlockingStub.requestVote(RaftServerProtocolServiceGrpc.java:265)
	at org.apache.ratis.grpc.server.GrpcServerProtocolClient.requestVote(GrpcServerProtocolClient.java:99)
	at org.apache.ratis.grpc.server.GrpcService.requestVote(GrpcService.java:204)
	at org.apache.ratis.server.impl.LeaderElection.lambda$submitRequests$1(LeaderElection.java:234)
	at java.util.concurrent.FutureTask.run(FutureTask.java:266)
	at java.util.concurrent.Executors$RunnableAdapter.call(Executors.java:511)
	at java.util.concurrent.FutureTask.run(FutureTask.java:266)
	at java.util.concurrent.ThreadPoolExecutor.runWorker(ThreadPoolExecutor.java:1149)
	at java.util.concurrent.ThreadPoolExecutor$Worker.run(ThreadPoolExecutor.java:624)
	... 1 more
Caused by: org.apache.ratis.thirdparty.io.netty.channel.AbstractChannel$AnnotatedConnectException: Connection refused: /192.168.151.114:33108
	at sun.nio.ch.SocketChannelImpl.checkConnect(Native Method)
	at sun.nio.ch.SocketChannelImpl.finishConnect(SocketChannelImpl.java:717)
	at org.apache.ratis.thirdparty.io.netty.channel.socket.nio.NioSocketChannel.doFinishConnect(NioSocketChannel.java:327)
	at org.apache.ratis.thirdparty.io.netty.channel.nio.AbstractNioChannel$AbstractNioUnsafe.finishConnect(AbstractNioChannel.java:340)
	at org.apache.ratis.thirdparty.io.netty.channel.nio.NioEventLoop.processSelectedKey(NioEventLoop.java:632)
	at org.apache.ratis.thirdparty.io.netty.channel.nio.NioEventLoop.processSelectedKeysOptimized(NioEventLoop.java:579)
	at org.apache.ratis.thirdparty.io.netty.channel.nio.NioEventLoop.processSelectedKeys(NioEventLoop.java:496)
	at org.apache.ratis.thirdparty.io.netty.channel.nio.NioEventLoop.run(NioEventLoop.java:458)
	at org.apache.ratis.thirdparty.io.netty.util.concurrent.SingleThreadEventExecutor$5.run(SingleThreadEventExecutor.java:897)
	at org.apache.ratis.thirdparty.io.netty.util.concurrent.FastThreadLocalRunnable.run(FastThreadLocalRunnable.java:30)
	... 1 more
Caused by: java.net.ConnectException: Connection refused
	... 11 more
2019-10-06 14:47:35,535 [bac7de5e-ce79-4cb5-a11a-f24956f645d5@group-A1A94F389251-LeaderElection99] INFO  impl.LeaderElection (LogUtils.java:infoOrTrace(149)) - bac7de5e-ce79-4cb5-a11a-f24956f645d5@group-A1A94F389251-LeaderElection99 got exception when requesting votes: {}
java.util.concurrent.ExecutionException: org.apache.ratis.thirdparty.io.grpc.StatusRuntimeException: UNAVAILABLE: io exception
	at java.util.concurrent.FutureTask.report(FutureTask.java:122)
	at java.util.concurrent.FutureTask.get(FutureTask.java:192)
	at org.apache.ratis.server.impl.LeaderElection.waitForResults(LeaderElection.java:259)
	at org.apache.ratis.server.impl.LeaderElection.askForVotes(LeaderElection.java:197)
	at org.apache.ratis.server.impl.LeaderElection.run(LeaderElection.java:133)
	at java.lang.Thread.run(Thread.java:748)
Caused by: org.apache.ratis.thirdparty.io.grpc.StatusRuntimeException: UNAVAILABLE: io exception
	at org.apache.ratis.thirdparty.io.grpc.stub.ClientCalls.toStatusRuntimeException(ClientCalls.java:233)
	at org.apache.ratis.thirdparty.io.grpc.stub.ClientCalls.getUnchecked(ClientCalls.java:214)
	at org.apache.ratis.thirdparty.io.grpc.stub.ClientCalls.blockingUnaryCall(ClientCalls.java:139)
	at org.apache.ratis.proto.grpc.RaftServerProtocolServiceGrpc$RaftServerProtocolServiceBlockingStub.requestVote(RaftServerProtocolServiceGrpc.java:265)
	at org.apache.ratis.grpc.server.GrpcServerProtocolClient.requestVote(GrpcServerProtocolClient.java:99)
	at org.apache.ratis.grpc.server.GrpcService.requestVote(GrpcService.java:204)
	at org.apache.ratis.server.impl.LeaderElection.lambda$submitRequests$1(LeaderElection.java:234)
	at java.util.concurrent.FutureTask.run(FutureTask.java:266)
	at java.util.concurrent.Executors$RunnableAdapter.call(Executors.java:511)
	at java.util.concurrent.FutureTask.run(FutureTask.java:266)
	at java.util.concurrent.ThreadPoolExecutor.runWorker(ThreadPoolExecutor.java:1149)
	at java.util.concurrent.ThreadPoolExecutor$Worker.run(ThreadPoolExecutor.java:624)
	... 1 more
Caused by: org.apache.ratis.thirdparty.io.netty.channel.AbstractChannel$AnnotatedConnectException: Connection refused: /192.168.151.114:34932
	at sun.nio.ch.SocketChannelImpl.checkConnect(Native Method)
	at sun.nio.ch.SocketChannelImpl.finishConnect(SocketChannelImpl.java:717)
	at org.apache.ratis.thirdparty.io.netty.channel.socket.nio.NioSocketChannel.doFinishConnect(NioSocketChannel.java:327)
	at org.apache.ratis.thirdparty.io.netty.channel.nio.AbstractNioChannel$AbstractNioUnsafe.finishConnect(AbstractNioChannel.java:340)
	at org.apache.ratis.thirdparty.io.netty.channel.nio.NioEventLoop.processSelectedKey(NioEventLoop.java:632)
	at org.apache.ratis.thirdparty.io.netty.channel.nio.NioEventLoop.processSelectedKeysOptimized(NioEventLoop.java:579)
	at org.apache.ratis.thirdparty.io.netty.channel.nio.NioEventLoop.processSelectedKeys(NioEventLoop.java:496)
	at org.apache.ratis.thirdparty.io.netty.channel.nio.NioEventLoop.run(NioEventLoop.java:458)
	at org.apache.ratis.thirdparty.io.netty.util.concurrent.SingleThreadEventExecutor$5.run(SingleThreadEventExecutor.java:897)
	at org.apache.ratis.thirdparty.io.netty.util.concurrent.FastThreadLocalRunnable.run(FastThreadLocalRunnable.java:30)
	... 1 more
Caused by: java.net.ConnectException: Connection refused
	... 11 more
2019-10-06 14:47:35,537 [bac7de5e-ce79-4cb5-a11a-f24956f645d5@group-A1A94F389251-LeaderElection99] INFO  impl.LeaderElection (LeaderElection.java:logAndReturn(56)) - bac7de5e-ce79-4cb5-a11a-f24956f645d5@group-A1A94F389251-LeaderElection99: Election REJECTED; received 0 response(s) [] and 2 exception(s); bac7de5e-ce79-4cb5-a11a-f24956f645d5@group-A1A94F389251:t3, leader=null, voted=bac7de5e-ce79-4cb5-a11a-f24956f645d5, raftlog=bac7de5e-ce79-4cb5-a11a-f24956f645d5@group-A1A94F389251-SegmentedRaftLog:OPENED:c16,f16,i16, conf=0: [bac7de5e-ce79-4cb5-a11a-f24956f645d5:192.168.151.114:43134, b6b70025-229b-4dd1-ae93-bca2d1b64bcf:192.168.151.114:34932, be7a26d3-2201-432c-a96b-ef86ee840878:192.168.151.114:33108], old=null
2019-10-06 14:47:35,537 [bac7de5e-ce79-4cb5-a11a-f24956f645d5@group-A1A94F389251-LeaderElection99] INFO  impl.LeaderElection (LogUtils.java:infoOrTrace(149)) -   Exception 0: {}
java.util.concurrent.ExecutionException: org.apache.ratis.thirdparty.io.grpc.StatusRuntimeException: UNAVAILABLE: io exception
	at java.util.concurrent.FutureTask.report(FutureTask.java:122)
	at java.util.concurrent.FutureTask.get(FutureTask.java:192)
	at org.apache.ratis.server.impl.LeaderElection.waitForResults(LeaderElection.java:259)
	at org.apache.ratis.server.impl.LeaderElection.askForVotes(LeaderElection.java:197)
	at org.apache.ratis.server.impl.LeaderElection.run(LeaderElection.java:133)
	at java.lang.Thread.run(Thread.java:748)
Caused by: org.apache.ratis.thirdparty.io.grpc.StatusRuntimeException: UNAVAILABLE: io exception
	at org.apache.ratis.thirdparty.io.grpc.stub.ClientCalls.toStatusRuntimeException(ClientCalls.java:233)
	at org.apache.ratis.thirdparty.io.grpc.stub.ClientCalls.getUnchecked(ClientCalls.java:214)
	at org.apache.ratis.thirdparty.io.grpc.stub.ClientCalls.blockingUnaryCall(ClientCalls.java:139)
	at org.apache.ratis.proto.grpc.RaftServerProtocolServiceGrpc$RaftServerProtocolServiceBlockingStub.requestVote(RaftServerProtocolServiceGrpc.java:265)
	at org.apache.ratis.grpc.server.GrpcServerProtocolClient.requestVote(GrpcServerProtocolClient.java:99)
	at org.apache.ratis.grpc.server.GrpcService.requestVote(GrpcService.java:204)
	at org.apache.ratis.server.impl.LeaderElection.lambda$submitRequests$1(LeaderElection.java:234)
	at java.util.concurrent.FutureTask.run(FutureTask.java:266)
	at java.util.concurrent.Executors$RunnableAdapter.call(Executors.java:511)
	at java.util.concurrent.FutureTask.run(FutureTask.java:266)
	at java.util.concurrent.ThreadPoolExecutor.runWorker(ThreadPoolExecutor.java:1149)
	at java.util.concurrent.ThreadPoolExecutor$Worker.run(ThreadPoolExecutor.java:624)
	... 1 more
Caused by: org.apache.ratis.thirdparty.io.netty.channel.AbstractChannel$AnnotatedConnectException: Connection refused: /192.168.151.114:33108
	at sun.nio.ch.SocketChannelImpl.checkConnect(Native Method)
	at sun.nio.ch.SocketChannelImpl.finishConnect(SocketChannelImpl.java:717)
	at org.apache.ratis.thirdparty.io.netty.channel.socket.nio.NioSocketChannel.doFinishConnect(NioSocketChannel.java:327)
	at org.apache.ratis.thirdparty.io.netty.channel.nio.AbstractNioChannel$AbstractNioUnsafe.finishConnect(AbstractNioChannel.java:340)
	at org.apache.ratis.thirdparty.io.netty.channel.nio.NioEventLoop.processSelectedKey(NioEventLoop.java:632)
	at org.apache.ratis.thirdparty.io.netty.channel.nio.NioEventLoop.processSelectedKeysOptimized(NioEventLoop.java:579)
	at org.apache.ratis.thirdparty.io.netty.channel.nio.NioEventLoop.processSelectedKeys(NioEventLoop.java:496)
	at org.apache.ratis.thirdparty.io.netty.channel.nio.NioEventLoop.run(NioEventLoop.java:458)
	at org.apache.ratis.thirdparty.io.netty.util.concurrent.SingleThreadEventExecutor$5.run(SingleThreadEventExecutor.java:897)
	at org.apache.ratis.thirdparty.io.netty.util.concurrent.FastThreadLocalRunnable.run(FastThreadLocalRunnable.java:30)
	... 1 more
Caused by: java.net.ConnectException: Connection refused
	... 11 more
2019-10-06 14:47:35,538 [bac7de5e-ce79-4cb5-a11a-f24956f645d5@group-A1A94F389251-LeaderElection99] INFO  impl.LeaderElection (LogUtils.java:infoOrTrace(149)) -   Exception 1: {}
java.util.concurrent.ExecutionException: org.apache.ratis.thirdparty.io.grpc.StatusRuntimeException: UNAVAILABLE: io exception
	at java.util.concurrent.FutureTask.report(FutureTask.java:122)
	at java.util.concurrent.FutureTask.get(FutureTask.java:192)
	at org.apache.ratis.server.impl.LeaderElection.waitForResults(LeaderElection.java:259)
	at org.apache.ratis.server.impl.LeaderElection.askForVotes(LeaderElection.java:197)
	at org.apache.ratis.server.impl.LeaderElection.run(LeaderElection.java:133)
	at java.lang.Thread.run(Thread.java:748)
Caused by: org.apache.ratis.thirdparty.io.grpc.StatusRuntimeException: UNAVAILABLE: io exception
	at org.apache.ratis.thirdparty.io.grpc.stub.ClientCalls.toStatusRuntimeException(ClientCalls.java:233)
	at org.apache.ratis.thirdparty.io.grpc.stub.ClientCalls.getUnchecked(ClientCalls.java:214)
	at org.apache.ratis.thirdparty.io.grpc.stub.ClientCalls.blockingUnaryCall(ClientCalls.java:139)
	at org.apache.ratis.proto.grpc.RaftServerProtocolServiceGrpc$RaftServerProtocolServiceBlockingStub.requestVote(RaftServerProtocolServiceGrpc.java:265)
	at org.apache.ratis.grpc.server.GrpcServerProtocolClient.requestVote(GrpcServerProtocolClient.java:99)
	at org.apache.ratis.grpc.server.GrpcService.requestVote(GrpcService.java:204)
	at org.apache.ratis.server.impl.LeaderElection.lambda$submitRequests$1(LeaderElection.java:234)
	at java.util.concurrent.FutureTask.run(FutureTask.java:266)
	at java.util.concurrent.Executors$RunnableAdapter.call(Executors.java:511)
	at java.util.concurrent.FutureTask.run(FutureTask.java:266)
	at java.util.concurrent.ThreadPoolExecutor.runWorker(ThreadPoolExecutor.java:1149)
	at java.util.concurrent.ThreadPoolExecutor$Worker.run(ThreadPoolExecutor.java:624)
	... 1 more
Caused by: org.apache.ratis.thirdparty.io.netty.channel.AbstractChannel$AnnotatedConnectException: Connection refused: /192.168.151.114:34932
	at sun.nio.ch.SocketChannelImpl.checkConnect(Native Method)
	at sun.nio.ch.SocketChannelImpl.finishConnect(SocketChannelImpl.java:717)
	at org.apache.ratis.thirdparty.io.netty.channel.socket.nio.NioSocketChannel.doFinishConnect(NioSocketChannel.java:327)
	at org.apache.ratis.thirdparty.io.netty.channel.nio.AbstractNioChannel$AbstractNioUnsafe.finishConnect(AbstractNioChannel.java:340)
	at org.apache.ratis.thirdparty.io.netty.channel.nio.NioEventLoop.processSelectedKey(NioEventLoop.java:632)
	at org.apache.ratis.thirdparty.io.netty.channel.nio.NioEventLoop.processSelectedKeysOptimized(NioEventLoop.java:579)
	at org.apache.ratis.thirdparty.io.netty.channel.nio.NioEventLoop.processSelectedKeys(NioEventLoop.java:496)
	at org.apache.ratis.thirdparty.io.netty.channel.nio.NioEventLoop.run(NioEventLoop.java:458)
	at org.apache.ratis.thirdparty.io.netty.util.concurrent.SingleThreadEventExecutor$5.run(SingleThreadEventExecutor.java:897)
	at org.apache.ratis.thirdparty.io.netty.util.concurrent.FastThreadLocalRunnable.run(FastThreadLocalRunnable.java:30)
	... 1 more
Caused by: java.net.ConnectException: Connection refused
	... 11 more
2019-10-06 14:47:35,538 [bac7de5e-ce79-4cb5-a11a-f24956f645d5@group-A1A94F389251-LeaderElection99] INFO  impl.RaftServerImpl (RaftServerImpl.java:setRole(170)) - bac7de5e-ce79-4cb5-a11a-f24956f645d5@group-A1A94F389251: changes role from CANDIDATE to FOLLOWER at term 3 for DISCOVERED_A_NEW_TERM
2019-10-06 14:47:35,538 [bac7de5e-ce79-4cb5-a11a-f24956f645d5@group-A1A94F389251-LeaderElection99] INFO  impl.RoleInfo (RoleInfo.java:shutdownLeaderElection(134)) - bac7de5e-ce79-4cb5-a11a-f24956f645d5: shutdown LeaderElection
2019-10-06 14:47:35,538 [bac7de5e-ce79-4cb5-a11a-f24956f645d5@group-A1A94F389251-LeaderElection99] INFO  impl.RoleInfo (RoleInfo.java:updateAndGet(143)) - bac7de5e-ce79-4cb5-a11a-f24956f645d5: start FollowerState
2019-10-06 14:47:39,131 [EventQueue-StaleNodeForStaleNodeHandler] INFO  node.StaleNodeHandler (StaleNodeHandler.java:onMessage(58)) - Datanode bac7de5e-ce79-4cb5-a11a-f24956f645d5{ip: 192.168.151.114, host: ozone-build-dev-hxm7v-1976773872, networkLocation: /default-rack, certSerialId: null} moved to stale state. Finalizing its pipelines [PipelineID=c0a03ecd-2ce9-49e6-99f1-a1a94f389251, PipelineID=3cffb605-9c90-456a-a0af-5a06010d7849]
2019-10-06 14:47:39,133 [EventQueue-StaleNodeForStaleNodeHandler] INFO  pipeline.SCMPipelineManager (SCMPipelineManager.java:finalizeAndDestroyPipeline(315)) - destroying pipeline:Pipeline[ Id: c0a03ecd-2ce9-49e6-99f1-a1a94f389251, Nodes: b6b70025-229b-4dd1-ae93-bca2d1b64bcf{ip: 192.168.151.114, host: ozone-build-dev-hxm7v-1976773872, networkLocation: /default-rack, certSerialId: null}be7a26d3-2201-432c-a96b-ef86ee840878{ip: 192.168.151.114, host: ozone-build-dev-hxm7v-1976773872, networkLocation: /default-rack, certSerialId: null}bac7de5e-ce79-4cb5-a11a-f24956f645d5{ip: 192.168.151.114, host: ozone-build-dev-hxm7v-1976773872, networkLocation: /default-rack, certSerialId: null}, Type:RATIS, Factor:THREE, State:CLOSED]
2019-10-06 14:47:39,134 [EventQueue-StaleNodeForStaleNodeHandler] INFO  pipeline.SCMPipelineManager (SCMPipelineManager.java:finalizeAndDestroyPipeline(315)) - destroying pipeline:Pipeline[ Id: 3cffb605-9c90-456a-a0af-5a06010d7849, Nodes: bac7de5e-ce79-4cb5-a11a-f24956f645d5{ip: 192.168.151.114, host: ozone-build-dev-hxm7v-1976773872, networkLocation: /default-rack, certSerialId: null}, Type:RATIS, Factor:ONE, State:OPEN]
2019-10-06 14:47:39,134 [EventQueue-StaleNodeForStaleNodeHandler] INFO  pipeline.PipelineStateManager (PipelineStateManager.java:finalizePipeline(123)) - Pipeline Pipeline[ Id: 3cffb605-9c90-456a-a0af-5a06010d7849, Nodes: bac7de5e-ce79-4cb5-a11a-f24956f645d5{ip: 192.168.151.114, host: ozone-build-dev-hxm7v-1976773872, networkLocation: /default-rack, certSerialId: null}, Type:RATIS, Factor:ONE, State:CLOSED] moved to CLOSED state
2019-10-06 14:47:39,739 [main] INFO  ozoneimpl.OzoneContainer (OzoneContainer.java:stop(231)) - Attempting to stop container services.
2019-10-06 14:47:39,742 [main] INFO  impl.RaftServerProxy (RaftServerProxy.java:lambda$close$4(314)) - bac7de5e-ce79-4cb5-a11a-f24956f645d5: close
2019-10-06 14:47:39,742 [main] INFO  impl.RaftServerImpl (RaftServerImpl.java:lambda$shutdown$3(247)) - bac7de5e-ce79-4cb5-a11a-f24956f645d5@group-A1A94F389251: shutdown
2019-10-06 14:47:39,742 [ForkJoinPool.commonPool-worker-1] INFO  impl.RaftServerImpl (RaftServerImpl.java:lambda$shutdown$3(247)) - bac7de5e-ce79-4cb5-a11a-f24956f645d5@group-5A06010D7849: shutdown
2019-10-06 14:47:39,743 [main] INFO  util.JmxRegister (JmxRegister.java:unregister(73)) - Successfully un-registered JMX Bean with object name Ratis:service=RaftServer,group=group-A1A94F389251,id=bac7de5e-ce79-4cb5-a11a-f24956f645d5
2019-10-06 14:47:39,743 [ForkJoinPool.commonPool-worker-1] INFO  util.JmxRegister (JmxRegister.java:unregister(73)) - Successfully un-registered JMX Bean with object name Ratis:service=RaftServer,group=group-5A06010D7849,id=bac7de5e-ce79-4cb5-a11a-f24956f645d5
2019-10-06 14:47:39,743 [main] INFO  impl.RoleInfo (RoleInfo.java:shutdownFollowerState(121)) - bac7de5e-ce79-4cb5-a11a-f24956f645d5: shutdown FollowerState
2019-10-06 14:47:39,743 [ForkJoinPool.commonPool-worker-1] INFO  impl.RoleInfo (RoleInfo.java:shutdownLeaderState(104)) - bac7de5e-ce79-4cb5-a11a-f24956f645d5: shutdown LeaderState
2019-10-06 14:47:39,743 [main] INFO  impl.StateMachineUpdater (StateMachineUpdater.java:stopAndJoin(136)) - bac7de5e-ce79-4cb5-a11a-f24956f645d5@group-A1A94F389251-StateMachineUpdater: set stopIndex = 16
2019-10-06 14:47:39,744 [bac7de5e-ce79-4cb5-a11a-f24956f645d5@group-A1A94F389251-StateMachineUpdater] INFO  ratis.ContainerStateMachine (ContainerStateMachine.java:takeSnapshot(293)) - group-A1A94F389251: Taking a snapshot at:(t:1, i:16) file /workdir/hadoop-ozone/integration-test/target/test-dir/MiniOzoneClusterImpl-a7993c58-b5b1-413b-983e-895559c32200/datanode-5/data/ratis/c0a03ecd-2ce9-49e6-99f1-a1a94f389251/sm/snapshot.1_16
2019-10-06 14:47:39,744 [ForkJoinPool.commonPool-worker-1] INFO  impl.PendingRequests (PendingRequests.java:sendNotLeaderResponses(202)) - bac7de5e-ce79-4cb5-a11a-f24956f645d5@group-5A06010D7849-PendingRequests: sendNotLeaderResponses
2019-10-06 14:47:39,743 [Thread-4165] INFO  impl.FollowerState (FollowerState.java:run(117)) - bac7de5e-ce79-4cb5-a11a-f24956f645d5@group-A1A94F389251-FollowerState was interrupted: java.lang.InterruptedException: sleep interrupted
2019-10-06 14:47:39,745 [ForkJoinPool.commonPool-worker-1] INFO  impl.StateMachineUpdater (StateMachineUpdater.java:stopAndJoin(136)) - bac7de5e-ce79-4cb5-a11a-f24956f645d5@group-5A06010D7849-StateMachineUpdater: set stopIndex = 0
2019-10-06 14:47:39,746 [ForkJoinPool.commonPool-worker-1] INFO  impl.RaftServerImpl (ServerState.java:close(387)) - bac7de5e-ce79-4cb5-a11a-f24956f645d5@group-5A06010D7849: closes. applyIndex: 0
2019-10-06 14:47:39,746 [bac7de5e-ce79-4cb5-a11a-f24956f645d5@group-5A06010D7849-SegmentedRaftLogWorker] INFO  segmented.SegmentedRaftLogWorker (SegmentedRaftLogWorker.java:run(316)) - bac7de5e-ce79-4cb5-a11a-f24956f645d5@group-5A06010D7849-SegmentedRaftLogWorker was interrupted, exiting. There are 0 tasks remaining in the queue.
2019-10-06 14:47:39,746 [ForkJoinPool.commonPool-worker-1] INFO  segmented.SegmentedRaftLogWorker (SegmentedRaftLogWorker.java:close(224)) - bac7de5e-ce79-4cb5-a11a-f24956f645d5@group-5A06010D7849-SegmentedRaftLogWorker close()
2019-10-06 14:47:39,801 [bac7de5e-ce79-4cb5-a11a-f24956f645d5@group-A1A94F389251-StateMachineUpdater] INFO  ratis.ContainerStateMachine (ContainerStateMachine.java:takeSnapshot(304)) - group-A1A94F389251: Finished taking a snapshot at:(t:1, i:16) file:/workdir/hadoop-ozone/integration-test/target/test-dir/MiniOzoneClusterImpl-a7993c58-b5b1-413b-983e-895559c32200/datanode-5/data/ratis/c0a03ecd-2ce9-49e6-99f1-a1a94f389251/sm/snapshot.1_16 time:58
2019-10-06 14:47:39,801 [bac7de5e-ce79-4cb5-a11a-f24956f645d5@group-A1A94F389251-StateMachineUpdater] INFO  impl.StateMachineUpdater (StateMachineUpdater.java:takeSnapshot(269)) - bac7de5e-ce79-4cb5-a11a-f24956f645d5@group-A1A94F389251-StateMachineUpdater: Took a snapshot at index 16
2019-10-06 14:47:39,801 [bac7de5e-ce79-4cb5-a11a-f24956f645d5@group-A1A94F389251-StateMachineUpdater] INFO  impl.StateMachineUpdater (StateMachineUpdater.java:lambda$new$0(84)) - bac7de5e-ce79-4cb5-a11a-f24956f645d5@group-A1A94F389251-StateMachineUpdater: snapshotIndex: updateIncreasingly -1 -> 16
2019-10-06 14:47:39,802 [main] INFO  impl.RaftServerImpl (ServerState.java:close(387)) - bac7de5e-ce79-4cb5-a11a-f24956f645d5@group-A1A94F389251: closes. applyIndex: 16
2019-10-06 14:47:39,802 [bac7de5e-ce79-4cb5-a11a-f24956f645d5@group-A1A94F389251-SegmentedRaftLogWorker] INFO  segmented.SegmentedRaftLogWorker (SegmentedRaftLogWorker.java:run(316)) - bac7de5e-ce79-4cb5-a11a-f24956f645d5@group-A1A94F389251-SegmentedRaftLogWorker was interrupted, exiting. There are 0 tasks remaining in the queue.
2019-10-06 14:47:39,802 [main] INFO  segmented.SegmentedRaftLogWorker (SegmentedRaftLogWorker.java:close(224)) - bac7de5e-ce79-4cb5-a11a-f24956f645d5@group-A1A94F389251-SegmentedRaftLogWorker close()
2019-10-06 14:47:39,804 [main] INFO  server.GrpcService (GrpcService.java:closeImpl(164)) - bac7de5e-ce79-4cb5-a11a-f24956f645d5: shutdown server with port 43134 now
2019-10-06 14:47:39,805 [main] INFO  server.GrpcService (GrpcService.java:closeImpl(172)) - bac7de5e-ce79-4cb5-a11a-f24956f645d5: shutdown server with port 43134 successfully
2019-10-06 14:47:39,809 [refreshUsed-/workdir/hadoop-ozone/integration-test/target/test-dir/MiniOzoneClusterImpl-a7993c58-b5b1-413b-983e-895559c32200/datanode-5/data/containers] WARN  fs.CachingGetSpaceUsed (CachingGetSpaceUsed.java:run(183)) - Thread Interrupted waiting to refresh disk information: sleep interrupted
2019-10-06 14:47:39,820 [main] INFO  utils.BackgroundService (BackgroundService.java:shutdown(148)) - Shutting down service BlockDeletingService
2019-10-06 14:47:39,823 [main] INFO  statemachine.DatanodeStateMachine (DatanodeStateMachine.java:stopDaemon(395)) - Ozone container server stopped.
2019-10-06 14:47:39,825 [main] INFO  handler.ContextHandler (ContextHandler.java:doStop(910)) - Stopped o.e.j.w.WebAppContext@d84418a{/,null,UNAVAILABLE}{/hddsDatanode}
2019-10-06 14:47:39,825 [main] INFO  server.AbstractConnector (AbstractConnector.java:doStop(318)) - Stopped ServerConnector@45e11627{HTTP/1.1,[http/1.1]}{0.0.0.0:0}
2019-10-06 14:47:39,825 [main] INFO  handler.ContextHandler (ContextHandler.java:doStop(910)) - Stopped o.e.j.s.ServletContextHandler@379f9555{/static,jar:file:/home/user/.m2/repository/org/apache/hadoop/hadoop-hdds-container-service/0.5.0-SNAPSHOT/hadoop-hdds-container-service-0.5.0-SNAPSHOT.jar!/webapps/static,UNAVAILABLE}
2019-10-06 14:47:39,826 [main] INFO  handler.ContextHandler (ContextHandler.java:doStop(910)) - Stopped o.e.j.s.ServletContextHandler@4b691611{/logs,file:///workdir/hadoop-ozone/integration-test/target/log,UNAVAILABLE}
2019-10-06 14:47:39,826 [main] INFO  ozone.MiniOzoneClusterImpl (MiniOzoneClusterImpl.java:stopSCM(392)) - Stopping the StorageContainerManager
2019-10-06 14:47:39,827 [main] INFO  server.StorageContainerManager (StorageContainerManager.java:stop(808)) - Stopping Replication Manager Service.
2019-10-06 14:47:39,827 [main] INFO  container.ReplicationManager (ReplicationManager.java:stop(203)) - Stopping Replication Monitor Thread.
2019-10-06 14:47:39,827 [main] INFO  server.StorageContainerManager (StorageContainerManager.java:stop(815)) - Stopping Lease Manager of the command watchers
2019-10-06 14:47:39,827 [main] INFO  server.StorageContainerManager (StorageContainerManager.java:stop(822)) - Stopping datanode service RPC server
2019-10-06 14:47:39,827 [main] INFO  server.SCMDatanodeProtocolServer (SCMDatanodeProtocolServer.java:stop(346)) - Stopping the RPC server for DataNodes
2019-10-06 14:47:39,827 [main] INFO  ipc.Server (Server.java:stop(3082)) - Stopping server on 41906
2019-10-06 14:47:39,828 [IPC Server listener on 41906] INFO  ipc.Server (Server.java:run(1185)) - Stopping IPC Server listener on 41906
2019-10-06 14:47:39,831 [IPC Server Responder] INFO  ipc.Server (Server.java:run(1319)) - Stopping IPC Server Responder
2019-10-06 14:47:39,831 [SCM Heartbeat Processing Thread - 0] WARN  node.NodeStateManager (NodeStateManager.java:scheduleNextHealthCheck(646)) - Current Thread is interrupted, shutting down HB processing thread for Node Manager.
2019-10-06 14:47:39,832 [main] INFO  server.StorageContainerManager (StorageContainerManager.java:stop(830)) - Stopping block service RPC server
2019-10-06 14:47:39,832 [main] INFO  server.SCMBlockProtocolServer (SCMBlockProtocolServer.java:stop(155)) - Stopping the RPC server for Block Protocol
2019-10-06 14:47:39,832 [main] INFO  ipc.Server (Server.java:stop(3082)) - Stopping server on 37396
2019-10-06 14:47:39,834 [main] INFO  server.StorageContainerManager (StorageContainerManager.java:stop(837)) - Stopping the StorageContainerLocationProtocol RPC server
2019-10-06 14:47:39,834 [IPC Server Responder] INFO  ipc.Server (Server.java:run(1319)) - Stopping IPC Server Responder
2019-10-06 14:47:39,834 [main] INFO  server.SCMClientProtocolServer (SCMClientProtocolServer.java:stop(168)) - Stopping the RPC server for Client Protocol
2019-10-06 14:47:39,834 [main] INFO  ipc.Server (Server.java:stop(3082)) - Stopping server on 37475
2019-10-06 14:47:39,834 [IPC Server listener on 37396] INFO  ipc.Server (Server.java:run(1185)) - Stopping IPC Server listener on 37396
2019-10-06 14:47:39,837 [main] INFO  server.StorageContainerManager (StorageContainerManager.java:stop(844)) - Stopping Storage Container Manager HTTP server.
2019-10-06 14:47:39,838 [IPC Server Responder] INFO  ipc.Server (Server.java:run(1319)) - Stopping IPC Server Responder
2019-10-06 14:47:39,838 [IPC Server listener on 37475] INFO  ipc.Server (Server.java:run(1185)) - Stopping IPC Server listener on 37475
2019-10-06 14:47:39,838 [main] INFO  handler.ContextHandler (ContextHandler.java:doStop(910)) - Stopped o.e.j.w.WebAppContext@fabef2e{/,null,UNAVAILABLE}{/scm}
2019-10-06 14:47:39,840 [main] INFO  server.AbstractConnector (AbstractConnector.java:doStop(318)) - Stopped ServerConnector@1b4a3a1{HTTP/1.1,[http/1.1]}{0.0.0.0:0}
2019-10-06 14:47:39,840 [main] INFO  handler.ContextHandler (ContextHandler.java:doStop(910)) - Stopped o.e.j.s.ServletContextHandler@16ac4d3d{/static,file:///workdir/hadoop-ozone/integration-test/target/test-classes/webapps/static,UNAVAILABLE}
2019-10-06 14:47:39,840 [main] INFO  handler.ContextHandler (ContextHandler.java:doStop(910)) - Stopped o.e.j.s.ServletContextHandler@68e47e7{/logs,file:///workdir/hadoop-ozone/integration-test/target/log,UNAVAILABLE}
2019-10-06 14:47:39,841 [main] INFO  server.StorageContainerManager (StorageContainerManager.java:stop(855)) - Stopping Block Manager Service.
2019-10-06 14:47:39,841 [main] INFO  utils.BackgroundService (BackgroundService.java:shutdown(148)) - Shutting down service SCMBlockDeletingService
2019-10-06 14:47:39,842 [main] INFO  utils.BackgroundService (BackgroundService.java:shutdown(148)) - Shutting down service SCMBlockDeletingService
2019-10-06 14:47:39,842 [main] INFO  server.StorageContainerManager (StorageContainerManager.java:stop(877)) - Stopping SCM Event Queue.
2019-10-06 14:47:39,846 [main] INFO  impl.MetricsSystemImpl (MetricsSystemImpl.java:stop(210)) - Stopping HddsDatanode metrics system...
2019-10-06 14:47:39,874 [main] INFO  impl.MetricsSystemImpl (MetricsSystemImpl.java:stop(216)) - HddsDatanode metrics system stopped.
]]></system-out>
    <system-err><![CDATA[Oct 06, 2019 2:47:29 PM org.apache.ratis.thirdparty.io.grpc.internal.ManagedChannelOrphanWrapper$ManagedChannelReference cleanQueue
SEVERE: *~*~*~ Channel ManagedChannelImpl{logId=3309, target=192.168.151.114:43079} was not shutdown properly!!! ~*~*~*
    Make sure to call shutdown()/shutdownNow() and wait until awaitTermination() returns true.
java.lang.RuntimeException: ManagedChannel allocation site
	at org.apache.ratis.thirdparty.io.grpc.internal.ManagedChannelOrphanWrapper$ManagedChannelReference.<init>(ManagedChannelOrphanWrapper.java:103)
	at org.apache.ratis.thirdparty.io.grpc.internal.ManagedChannelOrphanWrapper.<init>(ManagedChannelOrphanWrapper.java:53)
	at org.apache.ratis.thirdparty.io.grpc.internal.ManagedChannelOrphanWrapper.<init>(ManagedChannelOrphanWrapper.java:44)
	at org.apache.ratis.thirdparty.io.grpc.internal.AbstractManagedChannelImplBuilder.build(AbstractManagedChannelImplBuilder.java:411)
	at org.apache.ratis.grpc.client.GrpcClientProtocolClient.<init>(GrpcClientProtocolClient.java:128)
	at org.apache.ratis.grpc.client.GrpcClientRpc.lambda$new$0(GrpcClientRpc.java:55)
	at org.apache.ratis.util.PeerProxyMap$PeerAndProxy.lambda$getProxy$0(PeerProxyMap.java:61)
	at org.apache.ratis.util.LifeCycle.startAndTransition(LifeCycle.java:202)
	at org.apache.ratis.util.PeerProxyMap$PeerAndProxy.getProxy(PeerProxyMap.java:60)
	at org.apache.ratis.util.PeerProxyMap.getProxy(PeerProxyMap.java:108)
	at org.apache.ratis.grpc.client.GrpcClientRpc.sendRequestAsync(GrpcClientRpc.java:66)
	at org.apache.ratis.client.impl.OrderedAsync.sendRequest(OrderedAsync.java:208)
	at org.apache.ratis.client.impl.OrderedAsync.sendRequestWithRetry(OrderedAsync.java:169)
	at org.apache.ratis.util.SlidingWindow$Client.sendOrDelayRequest(SlidingWindow.java:278)
	at org.apache.ratis.util.SlidingWindow$Client.retry(SlidingWindow.java:294)
	at org.apache.ratis.client.impl.OrderedAsync.lambda$scheduleWithTimeout$7(OrderedAsync.java:195)
	at org.apache.ratis.util.TimeoutScheduler.lambda$onTimeout$0(TimeoutScheduler.java:113)
	at org.apache.ratis.util.TimeoutScheduler.lambda$onTimeout$1(TimeoutScheduler.java:133)
	at org.apache.ratis.util.LogUtils.runAndLog(LogUtils.java:50)
	at org.apache.ratis.util.LogUtils$1.run(LogUtils.java:91)
	at java.util.concurrent.Executors$RunnableAdapter.call(Executors.java:511)
	at java.util.concurrent.FutureTask.run(FutureTask.java:266)
	at java.util.concurrent.ScheduledThreadPoolExecutor$ScheduledFutureTask.access$201(ScheduledThreadPoolExecutor.java:180)
	at java.util.concurrent.ScheduledThreadPoolExecutor$ScheduledFutureTask.run(ScheduledThreadPoolExecutor.java:293)
	at java.util.concurrent.ThreadPoolExecutor.runWorker(ThreadPoolExecutor.java:1149)
	at java.util.concurrent.ThreadPoolExecutor$Worker.run(ThreadPoolExecutor.java:624)
	at java.lang.Thread.run(Thread.java:748)

Oct 06, 2019 2:47:29 PM org.apache.ratis.thirdparty.io.grpc.internal.ManagedChannelOrphanWrapper$ManagedChannelReference cleanQueue
SEVERE: *~*~*~ Channel ManagedChannelImpl{logId=3319, target=192.168.151.114:34885} was not shutdown properly!!! ~*~*~*
    Make sure to call shutdown()/shutdownNow() and wait until awaitTermination() returns true.
java.lang.RuntimeException: ManagedChannel allocation site
	at org.apache.ratis.thirdparty.io.grpc.internal.ManagedChannelOrphanWrapper$ManagedChannelReference.<init>(ManagedChannelOrphanWrapper.java:103)
	at org.apache.ratis.thirdparty.io.grpc.internal.ManagedChannelOrphanWrapper.<init>(ManagedChannelOrphanWrapper.java:53)
	at org.apache.ratis.thirdparty.io.grpc.internal.ManagedChannelOrphanWrapper.<init>(ManagedChannelOrphanWrapper.java:44)
	at org.apache.ratis.thirdparty.io.grpc.internal.AbstractManagedChannelImplBuilder.build(AbstractManagedChannelImplBuilder.java:411)
	at org.apache.hadoop.hdds.scm.XceiverClientGrpc.connectToDatanode(XceiverClientGrpc.java:181)
	at org.apache.hadoop.hdds.scm.XceiverClientGrpc.reconnect(XceiverClientGrpc.java:429)
	at org.apache.hadoop.hdds.scm.XceiverClientGrpc.sendCommandAsync(XceiverClientGrpc.java:378)
	at org.apache.hadoop.hdds.scm.XceiverClientGrpc.sendCommandWithRetry(XceiverClientGrpc.java:291)
	at org.apache.hadoop.hdds.scm.XceiverClientGrpc.sendCommandWithTraceIDAndRetry(XceiverClientGrpc.java:257)
	at org.apache.hadoop.hdds.scm.XceiverClientGrpc.sendCommand(XceiverClientGrpc.java:240)
	at org.apache.hadoop.hdds.scm.storage.ContainerProtocolCalls.readChunk(ContainerProtocolCalls.java:245)
	at org.apache.hadoop.hdds.scm.storage.ChunkInputStream.readChunk(ChunkInputStream.java:335)
	at org.apache.hadoop.hdds.scm.storage.ChunkInputStream.readChunkFromContainer(ChunkInputStream.java:307)
	at org.apache.hadoop.hdds.scm.storage.ChunkInputStream.prepareRead(ChunkInputStream.java:259)
	at org.apache.hadoop.hdds.scm.storage.ChunkInputStream.read(ChunkInputStream.java:144)
	at org.apache.hadoop.hdds.scm.storage.BlockInputStream.read(BlockInputStream.java:239)
	at org.apache.hadoop.ozone.client.io.KeyInputStream.read(KeyInputStream.java:171)
	at org.apache.hadoop.ozone.client.io.OzoneInputStream.read(OzoneInputStream.java:47)
	at java.io.InputStream.read(InputStream.java:101)
	at org.apache.hadoop.ozone.container.ContainerTestHelper.validateData(ContainerTestHelper.java:714)
	at org.apache.hadoop.ozone.client.rpc.TestBlockOutputStreamWithFailures.validateData(TestBlockOutputStreamWithFailures.java:1216)
	at org.apache.hadoop.ozone.client.rpc.TestBlockOutputStreamWithFailures.testFailureWithPrimeSizedData(TestBlockOutputStreamWithFailures.java:662)
	at sun.reflect.NativeMethodAccessorImpl.invoke0(Native Method)
	at sun.reflect.NativeMethodAccessorImpl.invoke(NativeMethodAccessorImpl.java:62)
	at sun.reflect.DelegatingMethodAccessorImpl.invoke(DelegatingMethodAccessorImpl.java:43)
	at java.lang.reflect.Method.invoke(Method.java:498)
	at org.junit.runners.model.FrameworkMethod$1.runReflectiveCall(FrameworkMethod.java:47)
	at org.junit.internal.runners.model.ReflectiveCallable.run(ReflectiveCallable.java:12)
	at org.junit.runners.model.FrameworkMethod.invokeExplosively(FrameworkMethod.java:44)
	at org.junit.internal.runners.statements.InvokeMethod.evaluate(InvokeMethod.java:17)
	at org.junit.internal.runners.statements.RunBefores.evaluate(RunBefores.java:26)
	at org.junit.internal.runners.statements.RunAfters.evaluate(RunAfters.java:27)
	at org.junit.runners.ParentRunner.runLeaf(ParentRunner.java:271)
	at org.junit.runners.BlockJUnit4ClassRunner.runChild(BlockJUnit4ClassRunner.java:70)
	at org.junit.runners.BlockJUnit4ClassRunner.runChild(BlockJUnit4ClassRunner.java:50)
	at org.junit.runners.ParentRunner$3.run(ParentRunner.java:238)
	at org.junit.runners.ParentRunner$1.schedule(ParentRunner.java:63)
	at org.junit.runners.ParentRunner.runChildren(ParentRunner.java:236)
	at org.junit.runners.ParentRunner.access$000(ParentRunner.java:53)
	at org.junit.runners.ParentRunner$2.evaluate(ParentRunner.java:229)
	at org.junit.runners.ParentRunner.run(ParentRunner.java:309)
	at org.apache.maven.surefire.junit4.JUnit4Provider.execute(JUnit4Provider.java:365)
	at org.apache.maven.surefire.junit4.JUnit4Provider.executeWithRerun(JUnit4Provider.java:273)
	at org.apache.maven.surefire.junit4.JUnit4Provider.executeTestSet(JUnit4Provider.java:238)
	at org.apache.maven.surefire.junit4.JUnit4Provider.invoke(JUnit4Provider.java:159)
	at org.apache.maven.surefire.booter.ForkedBooter.invokeProviderInSameClassLoader(ForkedBooter.java:384)
	at org.apache.maven.surefire.booter.ForkedBooter.runSuitesInProcess(ForkedBooter.java:345)
	at org.apache.maven.surefire.booter.ForkedBooter.execute(ForkedBooter.java:126)
	at org.apache.maven.surefire.booter.ForkedBooter.main(ForkedBooter.java:418)

Oct 06, 2019 2:47:29 PM org.apache.ratis.thirdparty.io.grpc.internal.ManagedChannelOrphanWrapper$ManagedChannelReference cleanQueue
SEVERE: *~*~*~ Channel ManagedChannelImpl{logId=3287, target=192.168.151.114:35741} was not shutdown properly!!! ~*~*~*
    Make sure to call shutdown()/shutdownNow() and wait until awaitTermination() returns true.
java.lang.RuntimeException: ManagedChannel allocation site
	at org.apache.ratis.thirdparty.io.grpc.internal.ManagedChannelOrphanWrapper$ManagedChannelReference.<init>(ManagedChannelOrphanWrapper.java:103)
	at org.apache.ratis.thirdparty.io.grpc.internal.ManagedChannelOrphanWrapper.<init>(ManagedChannelOrphanWrapper.java:53)
	at org.apache.ratis.thirdparty.io.grpc.internal.ManagedChannelOrphanWrapper.<init>(ManagedChannelOrphanWrapper.java:44)
	at org.apache.ratis.thirdparty.io.grpc.internal.AbstractManagedChannelImplBuilder.build(AbstractManagedChannelImplBuilder.java:411)
	at org.apache.ratis.grpc.client.GrpcClientProtocolClient.<init>(GrpcClientProtocolClient.java:128)
	at org.apache.ratis.grpc.client.GrpcClientRpc.lambda$new$0(GrpcClientRpc.java:55)
	at org.apache.ratis.util.PeerProxyMap$PeerAndProxy.lambda$getProxy$0(PeerProxyMap.java:61)
	at org.apache.ratis.util.LifeCycle.startAndTransition(LifeCycle.java:202)
	at org.apache.ratis.util.PeerProxyMap$PeerAndProxy.getProxy(PeerProxyMap.java:60)
	at org.apache.ratis.util.PeerProxyMap.getProxy(PeerProxyMap.java:108)
	at org.apache.ratis.grpc.client.GrpcClientRpc.sendRequestAsync(GrpcClientRpc.java:66)
	at org.apache.ratis.client.impl.OrderedAsync.sendRequest(OrderedAsync.java:208)
	at org.apache.ratis.client.impl.OrderedAsync.sendRequestWithRetry(OrderedAsync.java:169)
	at org.apache.ratis.util.SlidingWindow$Client.sendOrDelayRequest(SlidingWindow.java:278)
	at org.apache.ratis.util.SlidingWindow$Client.retry(SlidingWindow.java:294)
	at org.apache.ratis.client.impl.OrderedAsync.lambda$scheduleWithTimeout$7(OrderedAsync.java:195)
	at org.apache.ratis.util.TimeoutScheduler.lambda$onTimeout$0(TimeoutScheduler.java:113)
	at org.apache.ratis.util.TimeoutScheduler.lambda$onTimeout$1(TimeoutScheduler.java:133)
	at org.apache.ratis.util.LogUtils.runAndLog(LogUtils.java:50)
	at org.apache.ratis.util.LogUtils$1.run(LogUtils.java:91)
	at java.util.concurrent.Executors$RunnableAdapter.call(Executors.java:511)
	at java.util.concurrent.FutureTask.run(FutureTask.java:266)
	at java.util.concurrent.ScheduledThreadPoolExecutor$ScheduledFutureTask.access$201(ScheduledThreadPoolExecutor.java:180)
	at java.util.concurrent.ScheduledThreadPoolExecutor$ScheduledFutureTask.run(ScheduledThreadPoolExecutor.java:293)
	at java.util.concurrent.ThreadPoolExecutor.runWorker(ThreadPoolExecutor.java:1149)
	at java.util.concurrent.ThreadPoolExecutor$Worker.run(ThreadPoolExecutor.java:624)
	at java.lang.Thread.run(Thread.java:748)

Oct 06, 2019 2:47:29 PM org.apache.ratis.thirdparty.io.grpc.internal.ManagedChannelOrphanWrapper$ManagedChannelReference cleanQueue
SEVERE: *~*~*~ Channel ManagedChannelImpl{logId=3314, target=192.168.151.114:37819} was not shutdown properly!!! ~*~*~*
    Make sure to call shutdown()/shutdownNow() and wait until awaitTermination() returns true.
java.lang.RuntimeException: ManagedChannel allocation site
	at org.apache.ratis.thirdparty.io.grpc.internal.ManagedChannelOrphanWrapper$ManagedChannelReference.<init>(ManagedChannelOrphanWrapper.java:103)
	at org.apache.ratis.thirdparty.io.grpc.internal.ManagedChannelOrphanWrapper.<init>(ManagedChannelOrphanWrapper.java:53)
	at org.apache.ratis.thirdparty.io.grpc.internal.ManagedChannelOrphanWrapper.<init>(ManagedChannelOrphanWrapper.java:44)
	at org.apache.ratis.thirdparty.io.grpc.internal.AbstractManagedChannelImplBuilder.build(AbstractManagedChannelImplBuilder.java:411)
	at org.apache.hadoop.hdds.scm.XceiverClientGrpc.connectToDatanode(XceiverClientGrpc.java:181)
	at org.apache.hadoop.hdds.scm.XceiverClientGrpc.reconnect(XceiverClientGrpc.java:429)
	at org.apache.hadoop.hdds.scm.XceiverClientGrpc.sendCommandAsync(XceiverClientGrpc.java:378)
	at org.apache.hadoop.hdds.scm.XceiverClientGrpc.sendCommandWithRetry(XceiverClientGrpc.java:291)
	at org.apache.hadoop.hdds.scm.XceiverClientGrpc.sendCommandWithTraceIDAndRetry(XceiverClientGrpc.java:257)
	at org.apache.hadoop.hdds.scm.XceiverClientGrpc.sendCommand(XceiverClientGrpc.java:240)
	at org.apache.hadoop.hdds.scm.storage.ContainerProtocolCalls.getBlock(ContainerProtocolCalls.java:118)
	at org.apache.hadoop.hdds.scm.storage.BlockInputStream.getChunkInfos(BlockInputStream.java:167)
	at org.apache.hadoop.hdds.scm.storage.BlockInputStream.initialize(BlockInputStream.java:118)
	at org.apache.hadoop.hdds.scm.storage.BlockInputStream.read(BlockInputStream.java:222)
	at org.apache.hadoop.ozone.client.io.KeyInputStream.read(KeyInputStream.java:171)
	at org.apache.hadoop.ozone.client.io.OzoneInputStream.read(OzoneInputStream.java:47)
	at java.io.InputStream.read(InputStream.java:101)
	at org.apache.hadoop.ozone.container.ContainerTestHelper.validateData(ContainerTestHelper.java:714)
	at org.apache.hadoop.ozone.client.rpc.TestBlockOutputStreamWithFailures.validateData(TestBlockOutputStreamWithFailures.java:1216)
	at org.apache.hadoop.ozone.client.rpc.TestBlockOutputStreamWithFailures.testFailureWithPrimeSizedData(TestBlockOutputStreamWithFailures.java:662)
	at sun.reflect.NativeMethodAccessorImpl.invoke0(Native Method)
	at sun.reflect.NativeMethodAccessorImpl.invoke(NativeMethodAccessorImpl.java:62)
	at sun.reflect.DelegatingMethodAccessorImpl.invoke(DelegatingMethodAccessorImpl.java:43)
	at java.lang.reflect.Method.invoke(Method.java:498)
	at org.junit.runners.model.FrameworkMethod$1.runReflectiveCall(FrameworkMethod.java:47)
	at org.junit.internal.runners.model.ReflectiveCallable.run(ReflectiveCallable.java:12)
	at org.junit.runners.model.FrameworkMethod.invokeExplosively(FrameworkMethod.java:44)
	at org.junit.internal.runners.statements.InvokeMethod.evaluate(InvokeMethod.java:17)
	at org.junit.internal.runners.statements.RunBefores.evaluate(RunBefores.java:26)
	at org.junit.internal.runners.statements.RunAfters.evaluate(RunAfters.java:27)
	at org.junit.runners.ParentRunner.runLeaf(ParentRunner.java:271)
	at org.junit.runners.BlockJUnit4ClassRunner.runChild(BlockJUnit4ClassRunner.java:70)
	at org.junit.runners.BlockJUnit4ClassRunner.runChild(BlockJUnit4ClassRunner.java:50)
	at org.junit.runners.ParentRunner$3.run(ParentRunner.java:238)
	at org.junit.runners.ParentRunner$1.schedule(ParentRunner.java:63)
	at org.junit.runners.ParentRunner.runChildren(ParentRunner.java:236)
	at org.junit.runners.ParentRunner.access$000(ParentRunner.java:53)
	at org.junit.runners.ParentRunner$2.evaluate(ParentRunner.java:229)
	at org.junit.runners.ParentRunner.run(ParentRunner.java:309)
	at org.apache.maven.surefire.junit4.JUnit4Provider.execute(JUnit4Provider.java:365)
	at org.apache.maven.surefire.junit4.JUnit4Provider.executeWithRerun(JUnit4Provider.java:273)
	at org.apache.maven.surefire.junit4.JUnit4Provider.executeTestSet(JUnit4Provider.java:238)
	at org.apache.maven.surefire.junit4.JUnit4Provider.invoke(JUnit4Provider.java:159)
	at org.apache.maven.surefire.booter.ForkedBooter.invokeProviderInSameClassLoader(ForkedBooter.java:384)
	at org.apache.maven.surefire.booter.ForkedBooter.runSuitesInProcess(ForkedBooter.java:345)
	at org.apache.maven.surefire.booter.ForkedBooter.execute(ForkedBooter.java:126)
	at org.apache.maven.surefire.booter.ForkedBooter.main(ForkedBooter.java:418)

Oct 06, 2019 2:47:29 PM org.apache.ratis.thirdparty.io.grpc.internal.ManagedChannelOrphanWrapper$ManagedChannelReference cleanQueue
SEVERE: *~*~*~ Channel ManagedChannelImpl{logId=3329, target=192.168.151.114:38609} was not shutdown properly!!! ~*~*~*
    Make sure to call shutdown()/shutdownNow() and wait until awaitTermination() returns true.
java.lang.RuntimeException: ManagedChannel allocation site
	at org.apache.ratis.thirdparty.io.grpc.internal.ManagedChannelOrphanWrapper$ManagedChannelReference.<init>(ManagedChannelOrphanWrapper.java:103)
	at org.apache.ratis.thirdparty.io.grpc.internal.ManagedChannelOrphanWrapper.<init>(ManagedChannelOrphanWrapper.java:53)
	at org.apache.ratis.thirdparty.io.grpc.internal.ManagedChannelOrphanWrapper.<init>(ManagedChannelOrphanWrapper.java:44)
	at org.apache.ratis.thirdparty.io.grpc.internal.AbstractManagedChannelImplBuilder.build(AbstractManagedChannelImplBuilder.java:411)
	at org.apache.hadoop.hdds.scm.XceiverClientGrpc.connectToDatanode(XceiverClientGrpc.java:181)
	at org.apache.hadoop.hdds.scm.XceiverClientGrpc.reconnect(XceiverClientGrpc.java:429)
	at org.apache.hadoop.hdds.scm.XceiverClientGrpc.sendCommandAsync(XceiverClientGrpc.java:378)
	at org.apache.hadoop.hdds.scm.XceiverClientGrpc.sendCommandWithRetry(XceiverClientGrpc.java:291)
	at org.apache.hadoop.hdds.scm.XceiverClientGrpc.sendCommandWithTraceIDAndRetry(XceiverClientGrpc.java:257)
	at org.apache.hadoop.hdds.scm.XceiverClientGrpc.sendCommand(XceiverClientGrpc.java:240)
	at org.apache.hadoop.hdds.scm.storage.ContainerProtocolCalls.readChunk(ContainerProtocolCalls.java:245)
	at org.apache.hadoop.hdds.scm.storage.ChunkInputStream.readChunk(ChunkInputStream.java:335)
	at org.apache.hadoop.hdds.scm.storage.ChunkInputStream.readChunkFromContainer(ChunkInputStream.java:307)
	at org.apache.hadoop.hdds.scm.storage.ChunkInputStream.prepareRead(ChunkInputStream.java:259)
	at org.apache.hadoop.hdds.scm.storage.ChunkInputStream.read(ChunkInputStream.java:144)
	at org.apache.hadoop.hdds.scm.storage.BlockInputStream.read(BlockInputStream.java:239)
	at org.apache.hadoop.ozone.client.io.KeyInputStream.read(KeyInputStream.java:171)
	at org.apache.hadoop.ozone.client.io.OzoneInputStream.read(OzoneInputStream.java:47)
	at java.io.InputStream.read(InputStream.java:101)
	at org.apache.hadoop.ozone.container.ContainerTestHelper.validateData(ContainerTestHelper.java:714)
	at org.apache.hadoop.ozone.client.rpc.TestBlockOutputStreamWithFailures.validateData(TestBlockOutputStreamWithFailures.java:1216)
	at org.apache.hadoop.ozone.client.rpc.TestBlockOutputStreamWithFailures.testFailureWithPrimeSizedData(TestBlockOutputStreamWithFailures.java:662)
	at sun.reflect.NativeMethodAccessorImpl.invoke0(Native Method)
	at sun.reflect.NativeMethodAccessorImpl.invoke(NativeMethodAccessorImpl.java:62)
	at sun.reflect.DelegatingMethodAccessorImpl.invoke(DelegatingMethodAccessorImpl.java:43)
	at java.lang.reflect.Method.invoke(Method.java:498)
	at org.junit.runners.model.FrameworkMethod$1.runReflectiveCall(FrameworkMethod.java:47)
	at org.junit.internal.runners.model.ReflectiveCallable.run(ReflectiveCallable.java:12)
	at org.junit.runners.model.FrameworkMethod.invokeExplosively(FrameworkMethod.java:44)
	at org.junit.internal.runners.statements.InvokeMethod.evaluate(InvokeMethod.java:17)
	at org.junit.internal.runners.statements.RunBefores.evaluate(RunBefores.java:26)
	at org.junit.internal.runners.statements.RunAfters.evaluate(RunAfters.java:27)
	at org.junit.runners.ParentRunner.runLeaf(ParentRunner.java:271)
	at org.junit.runners.BlockJUnit4ClassRunner.runChild(BlockJUnit4ClassRunner.java:70)
	at org.junit.runners.BlockJUnit4ClassRunner.runChild(BlockJUnit4ClassRunner.java:50)
	at org.junit.runners.ParentRunner$3.run(ParentRunner.java:238)
	at org.junit.runners.ParentRunner$1.schedule(ParentRunner.java:63)
	at org.junit.runners.ParentRunner.runChildren(ParentRunner.java:236)
	at org.junit.runners.ParentRunner.access$000(ParentRunner.java:53)
	at org.junit.runners.ParentRunner$2.evaluate(ParentRunner.java:229)
	at org.junit.runners.ParentRunner.run(ParentRunner.java:309)
	at org.apache.maven.surefire.junit4.JUnit4Provider.execute(JUnit4Provider.java:365)
	at org.apache.maven.surefire.junit4.JUnit4Provider.executeWithRerun(JUnit4Provider.java:273)
	at org.apache.maven.surefire.junit4.JUnit4Provider.executeTestSet(JUnit4Provider.java:238)
	at org.apache.maven.surefire.junit4.JUnit4Provider.invoke(JUnit4Provider.java:159)
	at org.apache.maven.surefire.booter.ForkedBooter.invokeProviderInSameClassLoader(ForkedBooter.java:384)
	at org.apache.maven.surefire.booter.ForkedBooter.runSuitesInProcess(ForkedBooter.java:345)
	at org.apache.maven.surefire.booter.ForkedBooter.execute(ForkedBooter.java:126)
	at org.apache.maven.surefire.booter.ForkedBooter.main(ForkedBooter.java:418)

Oct 06, 2019 2:47:29 PM org.apache.ratis.thirdparty.io.grpc.internal.ManagedChannelOrphanWrapper$ManagedChannelReference cleanQueue
SEVERE: *~*~*~ Channel ManagedChannelImpl{logId=3324, target=192.168.151.114:41497} was not shutdown properly!!! ~*~*~*
    Make sure to call shutdown()/shutdownNow() and wait until awaitTermination() returns true.
java.lang.RuntimeException: ManagedChannel allocation site
	at org.apache.ratis.thirdparty.io.grpc.internal.ManagedChannelOrphanWrapper$ManagedChannelReference.<init>(ManagedChannelOrphanWrapper.java:103)
	at org.apache.ratis.thirdparty.io.grpc.internal.ManagedChannelOrphanWrapper.<init>(ManagedChannelOrphanWrapper.java:53)
	at org.apache.ratis.thirdparty.io.grpc.internal.ManagedChannelOrphanWrapper.<init>(ManagedChannelOrphanWrapper.java:44)
	at org.apache.ratis.thirdparty.io.grpc.internal.AbstractManagedChannelImplBuilder.build(AbstractManagedChannelImplBuilder.java:411)
	at org.apache.hadoop.hdds.scm.XceiverClientGrpc.connectToDatanode(XceiverClientGrpc.java:181)
	at org.apache.hadoop.hdds.scm.XceiverClientGrpc.reconnect(XceiverClientGrpc.java:429)
	at org.apache.hadoop.hdds.scm.XceiverClientGrpc.sendCommandAsync(XceiverClientGrpc.java:378)
	at org.apache.hadoop.hdds.scm.XceiverClientGrpc.sendCommandWithRetry(XceiverClientGrpc.java:291)
	at org.apache.hadoop.hdds.scm.XceiverClientGrpc.sendCommandWithTraceIDAndRetry(XceiverClientGrpc.java:257)
	at org.apache.hadoop.hdds.scm.XceiverClientGrpc.sendCommand(XceiverClientGrpc.java:240)
	at org.apache.hadoop.hdds.scm.storage.ContainerProtocolCalls.getBlock(ContainerProtocolCalls.java:118)
	at org.apache.hadoop.hdds.scm.storage.BlockInputStream.getChunkInfos(BlockInputStream.java:167)
	at org.apache.hadoop.hdds.scm.storage.BlockInputStream.initialize(BlockInputStream.java:118)
	at org.apache.hadoop.hdds.scm.storage.BlockInputStream.read(BlockInputStream.java:222)
	at org.apache.hadoop.ozone.client.io.KeyInputStream.read(KeyInputStream.java:171)
	at org.apache.hadoop.ozone.client.io.OzoneInputStream.read(OzoneInputStream.java:47)
	at java.io.InputStream.read(InputStream.java:101)
	at org.apache.hadoop.ozone.container.ContainerTestHelper.validateData(ContainerTestHelper.java:714)
	at org.apache.hadoop.ozone.client.rpc.TestBlockOutputStreamWithFailures.validateData(TestBlockOutputStreamWithFailures.java:1216)
	at org.apache.hadoop.ozone.client.rpc.TestBlockOutputStreamWithFailures.testFailureWithPrimeSizedData(TestBlockOutputStreamWithFailures.java:662)
	at sun.reflect.NativeMethodAccessorImpl.invoke0(Native Method)
	at sun.reflect.NativeMethodAccessorImpl.invoke(NativeMethodAccessorImpl.java:62)
	at sun.reflect.DelegatingMethodAccessorImpl.invoke(DelegatingMethodAccessorImpl.java:43)
	at java.lang.reflect.Method.invoke(Method.java:498)
	at org.junit.runners.model.FrameworkMethod$1.runReflectiveCall(FrameworkMethod.java:47)
	at org.junit.internal.runners.model.ReflectiveCallable.run(ReflectiveCallable.java:12)
	at org.junit.runners.model.FrameworkMethod.invokeExplosively(FrameworkMethod.java:44)
	at org.junit.internal.runners.statements.InvokeMethod.evaluate(InvokeMethod.java:17)
	at org.junit.internal.runners.statements.RunBefores.evaluate(RunBefores.java:26)
	at org.junit.internal.runners.statements.RunAfters.evaluate(RunAfters.java:27)
	at org.junit.runners.ParentRunner.runLeaf(ParentRunner.java:271)
	at org.junit.runners.BlockJUnit4ClassRunner.runChild(BlockJUnit4ClassRunner.java:70)
	at org.junit.runners.BlockJUnit4ClassRunner.runChild(BlockJUnit4ClassRunner.java:50)
	at org.junit.runners.ParentRunner$3.run(ParentRunner.java:238)
	at org.junit.runners.ParentRunner$1.schedule(ParentRunner.java:63)
	at org.junit.runners.ParentRunner.runChildren(ParentRunner.java:236)
	at org.junit.runners.ParentRunner.access$000(ParentRunner.java:53)
	at org.junit.runners.ParentRunner$2.evaluate(ParentRunner.java:229)
	at org.junit.runners.ParentRunner.run(ParentRunner.java:309)
	at org.apache.maven.surefire.junit4.JUnit4Provider.execute(JUnit4Provider.java:365)
	at org.apache.maven.surefire.junit4.JUnit4Provider.executeWithRerun(JUnit4Provider.java:273)
	at org.apache.maven.surefire.junit4.JUnit4Provider.executeTestSet(JUnit4Provider.java:238)
	at org.apache.maven.surefire.junit4.JUnit4Provider.invoke(JUnit4Provider.java:159)
	at org.apache.maven.surefire.booter.ForkedBooter.invokeProviderInSameClassLoader(ForkedBooter.java:384)
	at org.apache.maven.surefire.booter.ForkedBooter.runSuitesInProcess(ForkedBooter.java:345)
	at org.apache.maven.surefire.booter.ForkedBooter.execute(ForkedBooter.java:126)
	at org.apache.maven.surefire.booter.ForkedBooter.main(ForkedBooter.java:418)

Oct 06, 2019 2:47:29 PM org.apache.ratis.thirdparty.io.grpc.internal.ManagedChannelOrphanWrapper$ManagedChannelReference cleanQueue
SEVERE: *~*~*~ Channel ManagedChannelImpl{logId=3334, target=192.168.151.114:33682} was not shutdown properly!!! ~*~*~*
    Make sure to call shutdown()/shutdownNow() and wait until awaitTermination() returns true.
java.lang.RuntimeException: ManagedChannel allocation site
	at org.apache.ratis.thirdparty.io.grpc.internal.ManagedChannelOrphanWrapper$ManagedChannelReference.<init>(ManagedChannelOrphanWrapper.java:103)
	at org.apache.ratis.thirdparty.io.grpc.internal.ManagedChannelOrphanWrapper.<init>(ManagedChannelOrphanWrapper.java:53)
	at org.apache.ratis.thirdparty.io.grpc.internal.ManagedChannelOrphanWrapper.<init>(ManagedChannelOrphanWrapper.java:44)
	at org.apache.ratis.thirdparty.io.grpc.internal.AbstractManagedChannelImplBuilder.build(AbstractManagedChannelImplBuilder.java:411)
	at org.apache.hadoop.hdds.scm.XceiverClientGrpc.connectToDatanode(XceiverClientGrpc.java:181)
	at org.apache.hadoop.hdds.scm.XceiverClientGrpc.reconnect(XceiverClientGrpc.java:429)
	at org.apache.hadoop.hdds.scm.XceiverClientGrpc.sendCommandAsync(XceiverClientGrpc.java:378)
	at org.apache.hadoop.hdds.scm.XceiverClientGrpc.sendCommandWithRetry(XceiverClientGrpc.java:291)
	at org.apache.hadoop.hdds.scm.XceiverClientGrpc.sendCommandWithTraceIDAndRetry(XceiverClientGrpc.java:257)
	at org.apache.hadoop.hdds.scm.XceiverClientGrpc.sendCommand(XceiverClientGrpc.java:240)
	at org.apache.hadoop.hdds.scm.storage.ContainerProtocolCalls.readChunk(ContainerProtocolCalls.java:245)
	at org.apache.hadoop.hdds.scm.storage.ChunkInputStream.readChunk(ChunkInputStream.java:335)
	at org.apache.hadoop.hdds.scm.storage.ChunkInputStream.readChunkFromContainer(ChunkInputStream.java:307)
	at org.apache.hadoop.hdds.scm.storage.ChunkInputStream.prepareRead(ChunkInputStream.java:259)
	at org.apache.hadoop.hdds.scm.storage.ChunkInputStream.read(ChunkInputStream.java:144)
	at org.apache.hadoop.hdds.scm.storage.BlockInputStream.read(BlockInputStream.java:239)
	at org.apache.hadoop.ozone.client.io.KeyInputStream.read(KeyInputStream.java:171)
	at org.apache.hadoop.ozone.client.io.OzoneInputStream.read(OzoneInputStream.java:47)
	at java.io.InputStream.read(InputStream.java:101)
	at org.apache.hadoop.ozone.container.ContainerTestHelper.validateData(ContainerTestHelper.java:714)
	at org.apache.hadoop.ozone.client.rpc.TestBlockOutputStreamWithFailures.validateData(TestBlockOutputStreamWithFailures.java:1216)
	at org.apache.hadoop.ozone.client.rpc.TestBlockOutputStreamWithFailures.testFailureWithPrimeSizedData(TestBlockOutputStreamWithFailures.java:662)
	at sun.reflect.NativeMethodAccessorImpl.invoke0(Native Method)
	at sun.reflect.NativeMethodAccessorImpl.invoke(NativeMethodAccessorImpl.java:62)
	at sun.reflect.DelegatingMethodAccessorImpl.invoke(DelegatingMethodAccessorImpl.java:43)
	at java.lang.reflect.Method.invoke(Method.java:498)
	at org.junit.runners.model.FrameworkMethod$1.runReflectiveCall(FrameworkMethod.java:47)
	at org.junit.internal.runners.model.ReflectiveCallable.run(ReflectiveCallable.java:12)
	at org.junit.runners.model.FrameworkMethod.invokeExplosively(FrameworkMethod.java:44)
	at org.junit.internal.runners.statements.InvokeMethod.evaluate(InvokeMethod.java:17)
	at org.junit.internal.runners.statements.RunBefores.evaluate(RunBefores.java:26)
	at org.junit.internal.runners.statements.RunAfters.evaluate(RunAfters.java:27)
	at org.junit.runners.ParentRunner.runLeaf(ParentRunner.java:271)
	at org.junit.runners.BlockJUnit4ClassRunner.runChild(BlockJUnit4ClassRunner.java:70)
	at org.junit.runners.BlockJUnit4ClassRunner.runChild(BlockJUnit4ClassRunner.java:50)
	at org.junit.runners.ParentRunner$3.run(ParentRunner.java:238)
	at org.junit.runners.ParentRunner$1.schedule(ParentRunner.java:63)
	at org.junit.runners.ParentRunner.runChildren(ParentRunner.java:236)
	at org.junit.runners.ParentRunner.access$000(ParentRunner.java:53)
	at org.junit.runners.ParentRunner$2.evaluate(ParentRunner.java:229)
	at org.junit.runners.ParentRunner.run(ParentRunner.java:309)
	at org.apache.maven.surefire.junit4.JUnit4Provider.execute(JUnit4Provider.java:365)
	at org.apache.maven.surefire.junit4.JUnit4Provider.executeWithRerun(JUnit4Provider.java:273)
	at org.apache.maven.surefire.junit4.JUnit4Provider.executeTestSet(JUnit4Provider.java:238)
	at org.apache.maven.surefire.junit4.JUnit4Provider.invoke(JUnit4Provider.java:159)
	at org.apache.maven.surefire.booter.ForkedBooter.invokeProviderInSameClassLoader(ForkedBooter.java:384)
	at org.apache.maven.surefire.booter.ForkedBooter.runSuitesInProcess(ForkedBooter.java:345)
	at org.apache.maven.surefire.booter.ForkedBooter.execute(ForkedBooter.java:126)
	at org.apache.maven.surefire.booter.ForkedBooter.main(ForkedBooter.java:418)

]]></system-err>
  </testcase>
  <testcase name="testExceptionDuringClose" classname="org.apache.hadoop.ozone.client.rpc.TestBlockOutputStreamWithFailures" time="35.554"/>
</testsuite>