<?xml version="1.0" encoding="UTF-8"?>
<testsuite xmlns:xsi="http://www.w3.org/2001/XMLSchema-instance" xsi:noNamespaceSchemaLocation="https://maven.apache.org/surefire/maven-surefire-plugin/xsd/surefire-test-report.xsd" name="org.apache.hadoop.ozone.scm.TestSCMContainerPlacementPolicyMetrics" time="82.004" tests="1" errors="1" skipped="0" failures="0">
  <properties>
    <property name="awt.toolkit" value="sun.awt.X11.XToolkit"/>
    <property name="file.encoding.pkg" value="sun.io"/>
    <property name="java.specification.version" value="1.8"/>
    <property name="sun.cpu.isalist" value=""/>
    <property name="sun.jnu.encoding" value="UTF-8"/>
    <property name="java.class.path" value="/workdir/hadoop-ozone/integration-test/target/test-classes:/workdir/hadoop-ozone/integration-test/target/classes:/home/user/.m2/repository/org/apache/hadoop/hadoop-ozone-common/0.5.0-SNAPSHOT/hadoop-ozone-common-0.5.0-SNAPSHOT.jar:/home/user/.m2/repository/org/apache/commons/commons-compress/1.4.1/commons-compress-1.4.1.jar:/home/user/.m2/repository/org/tukaani/xz/1.0/xz-1.0.jar:/home/user/.m2/repository/org/apache/hadoop/hadoop-common/3.2.0/hadoop-common-3.2.0.jar:/home/user/.m2/repository/org/apache/hadoop/hadoop-hdfs/3.2.0/hadoop-hdfs-3.2.0.jar:/home/user/.m2/repository/org/apache/hadoop/hadoop-hdfs-client/3.2.0/hadoop-hdfs-client-3.2.0.jar:/home/user/.m2/repository/com/fasterxml/jackson/core/jackson-annotations/2.9.9/jackson-annotations-2.9.9.jar:/home/user/.m2/repository/org/apache/hadoop/hadoop-hdds-common/0.5.0-SNAPSHOT/hadoop-hdds-common-0.5.0-SNAPSHOT.jar:/home/user/.m2/repository/javax/annotation/javax.annotation-api/1.2/javax.annotation-api-1.2.jar:/home/user/.m2/repository/org/apache/ratis/ratis-server/0.5.0-201fc85-SNAPSHOT/ratis-server-0.5.0-201fc85-SNAPSHOT.jar:/home/user/.m2/repository/org/apache/ratis/ratis-thirdparty-misc/0.2.0/ratis-thirdparty-misc-0.2.0.jar:/home/user/.m2/repository/org/apache/ratis/ratis-proto/0.5.0-201fc85-SNAPSHOT/ratis-proto-0.5.0-201fc85-SNAPSHOT.jar:/home/user/.m2/repository/org/apache/ratis/ratis-common/0.5.0-201fc85-SNAPSHOT/ratis-common-0.5.0-201fc85-SNAPSHOT.jar:/home/user/.m2/repository/org/apache/ratis/ratis-client/0.5.0-201fc85-SNAPSHOT/ratis-client-0.5.0-201fc85-SNAPSHOT.jar:/home/user/.m2/repository/org/apache/ratis/ratis-metrics/0.5.0-201fc85-SNAPSHOT/ratis-metrics-0.5.0-201fc85-SNAPSHOT.jar:/home/user/.m2/repository/com/github/joshelser/dropwizard-metrics-hadoop-metrics2-reporter/0.1.2/dropwizard-metrics-hadoop-metrics2-reporter-0.1.2.jar:/home/user/.m2/repository/io/dropwizard/metrics/metrics-jvm/3.2.5/metrics-jvm-3.2.5.jar:/home/user/.m2/repository/io/dropwizard/metrics/metrics-ganglia/3.2.5/metrics-ganglia-3.2.5.jar:/home/user/.m2/repository/info/ganglia/gmetric4j/gmetric4j/1.0.7/gmetric4j-1.0.7.jar:/home/user/.m2/repository/org/apache/ratis/ratis-netty/0.5.0-201fc85-SNAPSHOT/ratis-netty-0.5.0-201fc85-SNAPSHOT.jar:/home/user/.m2/repository/org/apache/ratis/ratis-grpc/0.5.0-201fc85-SNAPSHOT/ratis-grpc-0.5.0-201fc85-SNAPSHOT.jar:/home/user/.m2/repository/org/rocksdb/rocksdbjni/6.0.1/rocksdbjni-6.0.1.jar:/home/user/.m2/repository/org/apache/logging/log4j/log4j-api/2.11.0/log4j-api-2.11.0.jar:/home/user/.m2/repository/org/apache/logging/log4j/log4j-core/2.11.0/log4j-core-2.11.0.jar:/home/user/.m2/repository/com/lmax/disruptor/3.4.2/disruptor-3.4.2.jar:/home/user/.m2/repository/org/apache/commons/commons-pool2/2.6.0/commons-pool2-2.6.0.jar:/home/user/.m2/repository/org/bouncycastle/bcpkix-jdk15on/1.60/bcpkix-jdk15on-1.60.jar:/home/user/.m2/repository/commons-validator/commons-validator/1.6/commons-validator-1.6.jar:/home/user/.m2/repository/commons-digester/commons-digester/1.8.1/commons-digester-1.8.1.jar:/home/user/.m2/repository/io/jaegertracing/jaeger-client/0.34.0/jaeger-client-0.34.0.jar:/home/user/.m2/repository/io/jaegertracing/jaeger-thrift/0.34.0/jaeger-thrift-0.34.0.jar:/home/user/.m2/repository/org/apache/thrift/libthrift/0.12.0/libthrift-0.12.0.jar:/home/user/.m2/repository/com/squareup/okhttp3/okhttp/3.9.0/okhttp-3.9.0.jar:/home/user/.m2/repository/com/squareup/okio/okio/1.13.0/okio-1.13.0.jar:/home/user/.m2/repository/io/jaegertracing/jaeger-core/0.34.0/jaeger-core-0.34.0.jar:/home/user/.m2/repository/io/jaegertracing/jaeger-tracerresolver/0.34.0/jaeger-tracerresolver-0.34.0.jar:/home/user/.m2/repository/io/opentracing/contrib/opentracing-tracerresolver/0.1.5/opentracing-tracerresolver-0.1.5.jar:/home/user/.m2/repository/io/opentracing/opentracing-util/0.31.0/opentracing-util-0.31.0.jar:/home/user/.m2/repository/io/opentracing/opentracing-api/0.31.0/opentracing-api-0.31.0.jar:/home/user/.m2/repository/io/opentracing/opentracing-noop/0.31.0/opentracing-noop-0.31.0.jar:/home/user/.m2/repository/org/apache/hadoop/hadoop-hdds-server-framework/0.5.0-SNAPSHOT/hadoop-hdds-server-framework-0.5.0-SNAPSHOT.jar:/home/user/.m2/repository/org/apache/hadoop/hadoop-hdds-container-service/0.5.0-SNAPSHOT/hadoop-hdds-container-service-0.5.0-SNAPSHOT.jar:/home/user/.m2/repository/org/apache/hadoop/hadoop-hdds-client/0.5.0-SNAPSHOT/hadoop-hdds-client-0.5.0-SNAPSHOT.jar:/home/user/.m2/repository/org/apache/hadoop/hadoop-hdds-tools/0.5.0-SNAPSHOT/hadoop-hdds-tools-0.5.0-SNAPSHOT.jar:/home/user/.m2/repository/org/apache/hadoop/hadoop-hdds-server-scm/0.5.0-SNAPSHOT/hadoop-hdds-server-scm-0.5.0-SNAPSHOT.jar:/home/user/.m2/repository/org/apache/hadoop/hadoop-hdds-docs/0.5.0-SNAPSHOT/hadoop-hdds-docs-0.5.0-SNAPSHOT.jar:/home/user/.m2/repository/io/dropwizard/metrics/metrics-core/3.2.4/metrics-core-3.2.4.jar:/home/user/.m2/repository/org/hamcrest/hamcrest-all/1.3/hamcrest-all-1.3.jar:/home/user/.m2/repository/org/bouncycastle/bcprov-jdk15on/1.60/bcprov-jdk15on-1.60.jar:/home/user/.m2/repository/info/picocli/picocli/3.9.6/picocli-3.9.6.jar:/home/user/.m2/repository/com/google/protobuf/protobuf-java/2.5.0/protobuf-java-2.5.0.jar:/home/user/.m2/repository/com/google/guava/guava/11.0.2/guava-11.0.2.jar:/home/user/.m2/repository/org/apache/hadoop/hadoop-ozone-ozone-manager/0.5.0-SNAPSHOT/hadoop-ozone-ozone-manager-0.5.0-SNAPSHOT.jar:/home/user/.m2/repository/org/apache/hadoop/hadoop-minikdc/3.2.0/hadoop-minikdc-3.2.0.jar:/home/user/.m2/repository/commons-io/commons-io/2.5/commons-io-2.5.jar:/home/user/.m2/repository/org/apache/kerby/kerb-simplekdc/1.0.1/kerb-simplekdc-1.0.1.jar:/home/user/.m2/repository/org/apache/kerby/kerb-client/1.0.1/kerb-client-1.0.1.jar:/home/user/.m2/repository/org/apache/kerby/kerby-config/1.0.1/kerby-config-1.0.1.jar:/home/user/.m2/repository/org/apache/kerby/kerb-core/1.0.1/kerb-core-1.0.1.jar:/home/user/.m2/repository/org/apache/kerby/kerby-pkix/1.0.1/kerby-pkix-1.0.1.jar:/home/user/.m2/repository/org/apache/kerby/kerby-asn1/1.0.1/kerby-asn1-1.0.1.jar:/home/user/.m2/repository/org/apache/kerby/kerby-util/1.0.1/kerby-util-1.0.1.jar:/home/user/.m2/repository/org/apache/kerby/kerb-common/1.0.1/kerb-common-1.0.1.jar:/home/user/.m2/repository/org/apache/kerby/kerb-crypto/1.0.1/kerb-crypto-1.0.1.jar:/home/user/.m2/repository/org/apache/kerby/kerb-util/1.0.1/kerb-util-1.0.1.jar:/home/user/.m2/repository/org/apache/kerby/token-provider/1.0.1/token-provider-1.0.1.jar:/home/user/.m2/repository/org/apache/kerby/kerb-admin/1.0.1/kerb-admin-1.0.1.jar:/home/user/.m2/repository/org/apache/kerby/kerb-server/1.0.1/kerb-server-1.0.1.jar:/home/user/.m2/repository/org/apache/kerby/kerb-identity/1.0.1/kerb-identity-1.0.1.jar:/home/user/.m2/repository/org/apache/kerby/kerby-xdr/1.0.1/kerby-xdr-1.0.1.jar:/home/user/.m2/repository/org/slf4j/slf4j-log4j12/1.7.25/slf4j-log4j12-1.7.25.jar:/home/user/.m2/repository/org/apache/hadoop/hadoop-ozone-s3gateway/0.5.0-SNAPSHOT/hadoop-ozone-s3gateway-0.5.0-SNAPSHOT.jar:/home/user/.m2/repository/org/jboss/weld/servlet/weld-servlet/2.4.7.Final/weld-servlet-2.4.7.Final.jar:/home/user/.m2/repository/org/glassfish/jersey/containers/jersey-container-servlet-core/2.27/jersey-container-servlet-core-2.27.jar:/home/user/.m2/repository/org/glassfish/hk2/external/javax.inject/2.5.0-b42/javax.inject-2.5.0-b42.jar:/home/user/.m2/repository/org/glassfish/jersey/core/jersey-common/2.27/jersey-common-2.27.jar:/home/user/.m2/repository/org/glassfish/hk2/osgi-resource-locator/1.0.1/osgi-resource-locator-1.0.1.jar:/home/user/.m2/repository/javax/ws/rs/javax.ws.rs-api/2.1/javax.ws.rs-api-2.1.jar:/home/user/.m2/repository/org/glassfish/jersey/ext/cdi/jersey-cdi1x/2.27/jersey-cdi1x-2.27.jar:/home/user/.m2/repository/org/glassfish/jersey/inject/jersey-hk2/2.27/jersey-hk2-2.27.jar:/home/user/.m2/repository/org/glassfish/hk2/hk2-locator/2.5.0-b42/hk2-locator-2.5.0-b42.jar:/home/user/.m2/repository/org/javassist/javassist/3.22.0-CR2/javassist-3.22.0-CR2.jar:/home/user/.m2/repository/org/glassfish/hk2/hk2-api/2.5.0/hk2-api-2.5.0.jar:/home/user/.m2/repository/org/glassfish/hk2/external/jakarta.inject/2.5.0/jakarta.inject-2.5.0.jar:/home/user/.m2/repository/org/glassfish/hk2/hk2-utils/2.5.0/hk2-utils-2.5.0.jar:/home/user/.m2/repository/jakarta/annotation/jakarta.annotation-api/1.3.4/jakarta.annotation-api-1.3.4.jar:/home/user/.m2/repository/org/glassfish/hk2/external/aopalliance-repackaged/2.5.0/aopalliance-repackaged-2.5.0.jar:/home/user/.m2/repository/com/fasterxml/jackson/dataformat/jackson-dataformat-xml/2.9.0/jackson-dataformat-xml-2.9.0.jar:/home/user/.m2/repository/com/fasterxml/jackson/core/jackson-core/2.9.9/jackson-core-2.9.9.jar:/home/user/.m2/repository/com/fasterxml/jackson/module/jackson-module-jaxb-annotations/2.9.9/jackson-module-jaxb-annotations-2.9.9.jar:/home/user/.m2/repository/javax/enterprise/cdi-api/1.2/cdi-api-1.2.jar:/home/user/.m2/repository/javax/el/javax.el-api/3.0.0/javax.el-api-3.0.0.jar:/home/user/.m2/repository/javax/interceptor/javax.interceptor-api/1.2/javax.interceptor-api-1.2.jar:/home/user/.m2/repository/javax/inject/javax.inject/1/javax.inject-1.jar:/home/user/.m2/repository/com/sun/xml/bind/jaxb-impl/2.3.0.1/jaxb-impl-2.3.0.1.jar:/home/user/.m2/repository/com/sun/xml/bind/jaxb-core/2.3.0.1/jaxb-core-2.3.0.1.jar:/home/user/.m2/repository/javax/xml/bind/jaxb-api/2.3.0/jaxb-api-2.3.0.jar:/home/user/.m2/repository/javax/activation/activation/1.1.1/activation-1.1.1.jar:/home/user/.m2/repository/org/apache/hadoop/hadoop-ozone-csi/0.5.0-SNAPSHOT/hadoop-ozone-csi-0.5.0-SNAPSHOT.jar:/home/user/.m2/repository/com/google/protobuf/protobuf-java-util/3.5.1/protobuf-java-util-3.5.1.jar:/home/user/.m2/repository/org/apache/hadoop/hadoop-hdds-config/0.5.0-SNAPSHOT/hadoop-hdds-config-0.5.0-SNAPSHOT.jar:/home/user/.m2/repository/io/grpc/grpc-netty/1.17.1/grpc-netty-1.17.1.jar:/home/user/.m2/repository/io/grpc/grpc-core/1.17.1/grpc-core-1.17.1.jar:/home/user/.m2/repository/io/grpc/grpc-context/1.17.1/grpc-context-1.17.1.jar:/home/user/.m2/repository/com/google/errorprone/error_prone_annotations/2.2.0/error_prone_annotations-2.2.0.jar:/home/user/.m2/repository/org/codehaus/mojo/animal-sniffer-annotations/1.17/animal-sniffer-annotations-1.17.jar:/home/user/.m2/repository/io/opencensus/opencensus-api/0.17.0/opencensus-api-0.17.0.jar:/home/user/.m2/repository/io/opencensus/opencensus-contrib-grpc-metrics/0.17.0/opencensus-contrib-grpc-metrics-0.17.0.jar:/home/user/.m2/repository/io/netty/netty-codec-http2/4.1.30.Final/netty-codec-http2-4.1.30.Final.jar:/home/user/.m2/repository/io/netty/netty-codec-http/4.1.30.Final/netty-codec-http-4.1.30.Final.jar:/home/user/.m2/repository/io/netty/netty-codec/4.1.30.Final/netty-codec-4.1.30.Final.jar:/home/user/.m2/repository/io/netty/netty-handler/4.1.30.Final/netty-handler-4.1.30.Final.jar:/home/user/.m2/repository/io/netty/netty-handler-proxy/4.1.30.Final/netty-handler-proxy-4.1.30.Final.jar:/home/user/.m2/repository/io/netty/netty-codec-socks/4.1.30.Final/netty-codec-socks-4.1.30.Final.jar:/home/user/.m2/repository/io/netty/netty-transport-native-epoll/4.1.30.Final/netty-transport-native-epoll-4.1.30.Final.jar:/home/user/.m2/repository/io/netty/netty-common/4.1.30.Final/netty-common-4.1.30.Final.jar:/home/user/.m2/repository/io/netty/netty-buffer/4.1.30.Final/netty-buffer-4.1.30.Final.jar:/home/user/.m2/repository/io/netty/netty-transport/4.1.30.Final/netty-transport-4.1.30.Final.jar:/home/user/.m2/repository/io/netty/netty-resolver/4.1.30.Final/netty-resolver-4.1.30.Final.jar:/home/user/.m2/repository/io/netty/netty-transport-native-unix-common/4.1.30.Final/netty-transport-native-unix-common-4.1.30.Final.jar:/home/user/.m2/repository/io/grpc/grpc-protobuf/1.17.1/grpc-protobuf-1.17.1.jar:/home/user/.m2/repository/com/google/api/grpc/proto-google-common-protos/1.0.0/proto-google-common-protos-1.0.0.jar:/home/user/.m2/repository/io/grpc/grpc-protobuf-lite/1.17.1/grpc-protobuf-lite-1.17.1.jar:/home/user/.m2/repository/io/grpc/grpc-stub/1.17.1/grpc-stub-1.17.1.jar:/home/user/.m2/repository/org/apache/hadoop/hadoop-ozone-recon/0.5.0-SNAPSHOT/hadoop-ozone-recon-0.5.0-SNAPSHOT.jar:/home/user/.m2/repository/org/apache/hadoop/hadoop-ozone-reconcodegen/0.5.0-SNAPSHOT/hadoop-ozone-reconcodegen-0.5.0-SNAPSHOT.jar:/home/user/.m2/repository/com/google/inject/extensions/guice-multibindings/4.0/guice-multibindings-4.0.jar:/home/user/.m2/repository/com/google/inject/guice/4.0/guice-4.0.jar:/home/user/.m2/repository/aopalliance/aopalliance/1.0/aopalliance-1.0.jar:/home/user/.m2/repository/com/google/inject/extensions/guice-servlet/4.0/guice-servlet-4.0.jar:/home/user/.m2/repository/org/glassfish/jersey/containers/jersey-container-servlet/2.27/jersey-container-servlet-2.27.jar:/home/user/.m2/repository/org/glassfish/hk2/guice-bridge/2.5.0/guice-bridge-2.5.0.jar:/home/user/.m2/repository/org/glassfish/jersey/core/jersey-server/2.27/jersey-server-2.27.jar:/home/user/.m2/repository/org/glassfish/jersey/core/jersey-client/2.27/jersey-client-2.27.jar:/home/user/.m2/repository/org/glassfish/jersey/media/jersey-media-jaxb/2.27/jersey-media-jaxb-2.27.jar:/home/user/.m2/repository/javax/validation/validation-api/1.1.0.Final/validation-api-1.1.0.Final.jar:/home/user/.m2/repository/org/glassfish/jersey/media/jersey-media-json-jackson/2.27/jersey-media-json-jackson-2.27.jar:/home/user/.m2/repository/org/glassfish/jersey/ext/jersey-entity-filtering/2.27/jersey-entity-filtering-2.27.jar:/home/user/.m2/repository/com/google/inject/extensions/guice-assistedinject/4.0/guice-assistedinject-4.0.jar:/home/user/.m2/repository/org/jooq/jooq/3.11.10/jooq-3.11.10.jar:/home/user/.m2/repository/org/jooq/jooq-meta/3.11.10/jooq-meta-3.11.10.jar:/home/user/.m2/repository/org/jooq/jooq-codegen/3.11.10/jooq-codegen-3.11.10.jar:/home/user/.m2/repository/com/jolbox/bonecp/0.8.0.RELEASE/bonecp-0.8.0.RELEASE.jar:/home/user/.m2/repository/org/xerial/sqlite-jdbc/3.25.2/sqlite-jdbc-3.25.2.jar:/home/user/.m2/repository/org/springframework/spring-jdbc/5.1.3.RELEASE/spring-jdbc-5.1.3.RELEASE.jar:/home/user/.m2/repository/org/springframework/spring-beans/5.1.3.RELEASE/spring-beans-5.1.3.RELEASE.jar:/home/user/.m2/repository/org/springframework/spring-core/5.1.3.RELEASE/spring-core-5.1.3.RELEASE.jar:/home/user/.m2/repository/org/springframework/spring-jcl/5.1.3.RELEASE/spring-jcl-5.1.3.RELEASE.jar:/home/user/.m2/repository/org/springframework/spring-tx/5.1.3.RELEASE/spring-tx-5.1.3.RELEASE.jar:/home/user/.m2/repository/org/apache/hadoop/hadoop-ozone-client/0.5.0-SNAPSHOT/hadoop-ozone-client-0.5.0-SNAPSHOT.jar:/home/user/.m2/repository/commons-lang/commons-lang/2.6/commons-lang-2.6.jar:/home/user/.m2/repository/org/apache/hadoop/hadoop-ozone-ozone-manager/0.5.0-SNAPSHOT/hadoop-ozone-ozone-manager-0.5.0-SNAPSHOT-tests.jar:/home/user/.m2/repository/junit/junit/4.11/junit-4.11.jar:/home/user/.m2/repository/org/hamcrest/hamcrest-core/1.3/hamcrest-core-1.3.jar:/home/user/.m2/repository/org/openjdk/jmh/jmh-core/1.19/jmh-core-1.19.jar:/home/user/.m2/repository/net/sf/jopt-simple/jopt-simple/4.6/jopt-simple-4.6.jar:/home/user/.m2/repository/org/apache/commons/commons-math3/3.1.1/commons-math3-3.1.1.jar:/home/user/.m2/repository/org/openjdk/jmh/jmh-generator-annprocess/1.19/jmh-generator-annprocess-1.19.jar:/home/user/.m2/repository/org/mockito/mockito-all/1.8.5/mockito-all-1.8.5.jar:/home/user/.m2/repository/org/apache/hadoop/hadoop-kms/3.2.0/hadoop-kms-3.2.0.jar:/home/user/.m2/repository/org/apache/hadoop/hadoop-auth/3.2.0/hadoop-auth-3.2.0.jar:/home/user/.m2/repository/com/nimbusds/nimbus-jose-jwt/4.41.1/nimbus-jose-jwt-4.41.1.jar:/home/user/.m2/repository/com/github/stephenc/jcip/jcip-annotations/1.0-1/jcip-annotations-1.0-1.jar:/home/user/.m2/repository/net/minidev/json-smart/2.3/json-smart-2.3.jar:/home/user/.m2/repository/net/minidev/accessors-smart/1.2/accessors-smart-1.2.jar:/home/user/.m2/repository/org/ow2/asm/asm/5.0.4/asm-5.0.4.jar:/home/user/.m2/repository/org/apache/curator/curator-framework/2.12.0/curator-framework-2.12.0.jar:/home/user/.m2/repository/com/sun/jersey/jersey-core/1.19/jersey-core-1.19.jar:/home/user/.m2/repository/javax/ws/rs/jsr311-api/1.1.1/jsr311-api-1.1.1.jar:/home/user/.m2/repository/com/sun/jersey/jersey-server/1.19/jersey-server-1.19.jar:/home/user/.m2/repository/javax/servlet/javax.servlet-api/3.1.0/javax.servlet-api-3.1.0.jar:/home/user/.m2/repository/org/eclipse/jetty/jetty-server/9.3.25.v20180904/jetty-server-9.3.25.v20180904.jar:/home/user/.m2/repository/org/eclipse/jetty/jetty-http/9.3.25.v20180904/jetty-http-9.3.25.v20180904.jar:/home/user/.m2/repository/org/eclipse/jetty/jetty-io/9.3.25.v20180904/jetty-io-9.3.25.v20180904.jar:/home/user/.m2/repository/org/eclipse/jetty/jetty-webapp/9.3.25.v20180904/jetty-webapp-9.3.25.v20180904.jar:/home/user/.m2/repository/org/eclipse/jetty/jetty-xml/9.3.25.v20180904/jetty-xml-9.3.25.v20180904.jar:/home/user/.m2/repository/log4j/log4j/1.2.17/log4j-1.2.17.jar:/home/user/.m2/repository/org/slf4j/slf4j-api/1.7.25/slf4j-api-1.7.25.jar:/home/user/.m2/repository/org/slf4j/jul-to-slf4j/1.7.25/jul-to-slf4j-1.7.25.jar:/home/user/.m2/repository/org/eclipse/jetty/jetty-util/9.3.25.v20180904/jetty-util-9.3.25.v20180904.jar:/home/user/.m2/repository/com/fasterxml/jackson/core/jackson-databind/2.9.9/jackson-databind-2.9.9.jar:/home/user/.m2/repository/org/apache/hadoop/hadoop-kms/3.2.0/hadoop-kms-3.2.0-tests.jar:/home/user/.m2/repository/org/apache/hadoop/hadoop-hdds-server-scm/0.5.0-SNAPSHOT/hadoop-hdds-server-scm-0.5.0-SNAPSHOT-tests.jar:/home/user/.m2/repository/org/apache/hadoop/hadoop-hdds-container-service/0.5.0-SNAPSHOT/hadoop-hdds-container-service-0.5.0-SNAPSHOT-tests.jar:/home/user/.m2/repository/org/yaml/snakeyaml/1.16/snakeyaml-1.16.jar:/home/user/.m2/repository/org/apache/hadoop/hadoop-common/3.2.0/hadoop-common-3.2.0-tests.jar:/home/user/.m2/repository/org/apache/hadoop/hadoop-annotations/3.2.0/hadoop-annotations-3.2.0.jar:/usr/lib/jvm/java-1.8-openjdk/jre/../lib/tools.jar:/home/user/.m2/repository/commons-cli/commons-cli/1.2/commons-cli-1.2.jar:/home/user/.m2/repository/org/apache/httpcomponents/httpclient/4.5.2/httpclient-4.5.2.jar:/home/user/.m2/repository/org/apache/httpcomponents/httpcore/4.4.4/httpcore-4.4.4.jar:/home/user/.m2/repository/commons-codec/commons-codec/1.11/commons-codec-1.11.jar:/home/user/.m2/repository/commons-net/commons-net/3.6/commons-net-3.6.jar:/home/user/.m2/repository/commons-collections/commons-collections/3.2.2/commons-collections-3.2.2.jar:/home/user/.m2/repository/org/eclipse/jetty/jetty-servlet/9.3.25.v20180904/jetty-servlet-9.3.25.v20180904.jar:/home/user/.m2/repository/org/eclipse/jetty/jetty-security/9.3.25.v20180904/jetty-security-9.3.25.v20180904.jar:/home/user/.m2/repository/javax/servlet/jsp/jsp-api/2.1/jsp-api-2.1.jar:/home/user/.m2/repository/com/sun/jersey/jersey-servlet/1.19/jersey-servlet-1.19.jar:/home/user/.m2/repository/com/sun/jersey/jersey-json/1.19/jersey-json-1.19.jar:/home/user/.m2/repository/org/codehaus/jettison/jettison/1.1/jettison-1.1.jar:/home/user/.m2/repository/org/codehaus/jackson/jackson-core-asl/1.9.13/jackson-core-asl-1.9.13.jar:/home/user/.m2/repository/org/codehaus/jackson/jackson-mapper-asl/1.9.13/jackson-mapper-asl-1.9.13.jar:/home/user/.m2/repository/org/codehaus/jackson/jackson-jaxrs/1.9.13/jackson-jaxrs-1.9.13.jar:/home/user/.m2/repository/org/codehaus/jackson/jackson-xc/1.9.13/jackson-xc-1.9.13.jar:/home/user/.m2/repository/commons-logging/commons-logging/1.1.3/commons-logging-1.1.3.jar:/home/user/.m2/repository/commons-beanutils/commons-beanutils/1.9.4/commons-beanutils-1.9.4.jar:/home/user/.m2/repository/org/apache/commons/commons-configuration2/2.1.1/commons-configuration2-2.1.1.jar:/home/user/.m2/repository/org/apache/commons/commons-lang3/3.7/commons-lang3-3.7.jar:/home/user/.m2/repository/org/apache/commons/commons-text/1.4/commons-text-1.4.jar:/home/user/.m2/repository/org/apache/avro/avro/1.7.7/avro-1.7.7.jar:/home/user/.m2/repository/com/thoughtworks/paranamer/paranamer/2.3/paranamer-2.3.jar:/home/user/.m2/repository/org/xerial/snappy/snappy-java/1.0.5/snappy-java-1.0.5.jar:/home/user/.m2/repository/com/google/re2j/re2j/1.1/re2j-1.1.jar:/home/user/.m2/repository/com/google/code/gson/gson/2.2.4/gson-2.2.4.jar:/home/user/.m2/repository/com/jcraft/jsch/0.1.54/jsch-0.1.54.jar:/home/user/.m2/repository/org/apache/curator/curator-client/2.12.0/curator-client-2.12.0.jar:/home/user/.m2/repository/org/apache/curator/curator-recipes/2.12.0/curator-recipes-2.12.0.jar:/home/user/.m2/repository/com/google/code/findbugs/jsr305/3.0.0/jsr305-3.0.0.jar:/home/user/.m2/repository/org/apache/htrace/htrace-core4/4.1.0-incubating/htrace-core4-4.1.0-incubating.jar:/home/user/.m2/repository/org/apache/zookeeper/zookeeper/3.4.13/zookeeper-3.4.13.jar:/home/user/.m2/repository/jline/jline/0.9.94/jline-0.9.94.jar:/home/user/.m2/repository/org/apache/yetus/audience-annotations/0.5.0/audience-annotations-0.5.0.jar:/home/user/.m2/repository/org/codehaus/woodstox/stax2-api/3.1.4/stax2-api-3.1.4.jar:/home/user/.m2/repository/com/fasterxml/woodstox/woodstox-core/5.0.3/woodstox-core-5.0.3.jar:/home/user/.m2/repository/dnsjava/dnsjava/2.1.7/dnsjava-2.1.7.jar:/home/user/.m2/repository/org/apache/hadoop/hadoop-hdfs/3.2.0/hadoop-hdfs-3.2.0-tests.jar:/home/user/.m2/repository/org/eclipse/jetty/jetty-util-ajax/9.3.25.v20180904/jetty-util-ajax-9.3.25.v20180904.jar:/home/user/.m2/repository/commons-daemon/commons-daemon/1.0.13/commons-daemon-1.0.13.jar:/home/user/.m2/repository/io/netty/netty/3.10.5.Final/netty-3.10.5.Final.jar:/home/user/.m2/repository/io/netty/netty-all/4.0.52.Final/netty-all-4.0.52.Final.jar:/home/user/.m2/repository/org/fusesource/leveldbjni/leveldbjni-all/1.8/leveldbjni-all-1.8.jar:"/>
    <property name="java.vm.vendor" value="IcedTea"/>
    <property name="sun.arch.data.model" value="64"/>
    <property name="test.build.dir" value="/workdir/hadoop-ozone/integration-test/target/test-dir"/>
    <property name="test.cache.data" value=""/>
    <property name="java.vendor.url" value="https://icedtea.classpath.org"/>
    <property name="user.timezone" value=""/>
    <property name="java.vm.specification.version" value="1.8"/>
    <property name="os.name" value="Linux"/>
    <property name="test.build.data" value="/workdir/hadoop-ozone/integration-test/target/test-dir"/>
    <property name="user.country" value="US"/>
    <property name="sun.java.launcher" value="SUN_STANDARD"/>
    <property name="sun.boot.library.path" value="/usr/lib/jvm/java-1.8-openjdk/jre/lib/amd64"/>
    <property name="sun.java.command" value="/workdir/hadoop-ozone/integration-test/target/surefire/surefirebooter241906191225523421.jar /workdir/hadoop-ozone/integration-test/target/surefire 2019-10-06T13-49-48_782-jvmRun1 surefire5220752836878035678tmp surefire_31599432095806339817tmp"/>
    <property name="test" value="!TestMiniChaosOzoneCluster"/>
    <property name="surefire.test.class.path" value="/workdir/hadoop-ozone/integration-test/target/test-classes:/workdir/hadoop-ozone/integration-test/target/classes:/home/user/.m2/repository/org/apache/hadoop/hadoop-ozone-common/0.5.0-SNAPSHOT/hadoop-ozone-common-0.5.0-SNAPSHOT.jar:/home/user/.m2/repository/org/apache/commons/commons-compress/1.4.1/commons-compress-1.4.1.jar:/home/user/.m2/repository/org/tukaani/xz/1.0/xz-1.0.jar:/home/user/.m2/repository/org/apache/hadoop/hadoop-common/3.2.0/hadoop-common-3.2.0.jar:/home/user/.m2/repository/org/apache/hadoop/hadoop-hdfs/3.2.0/hadoop-hdfs-3.2.0.jar:/home/user/.m2/repository/org/apache/hadoop/hadoop-hdfs-client/3.2.0/hadoop-hdfs-client-3.2.0.jar:/home/user/.m2/repository/com/fasterxml/jackson/core/jackson-annotations/2.9.9/jackson-annotations-2.9.9.jar:/home/user/.m2/repository/org/apache/hadoop/hadoop-hdds-common/0.5.0-SNAPSHOT/hadoop-hdds-common-0.5.0-SNAPSHOT.jar:/home/user/.m2/repository/javax/annotation/javax.annotation-api/1.2/javax.annotation-api-1.2.jar:/home/user/.m2/repository/org/apache/ratis/ratis-server/0.5.0-201fc85-SNAPSHOT/ratis-server-0.5.0-201fc85-SNAPSHOT.jar:/home/user/.m2/repository/org/apache/ratis/ratis-thirdparty-misc/0.2.0/ratis-thirdparty-misc-0.2.0.jar:/home/user/.m2/repository/org/apache/ratis/ratis-proto/0.5.0-201fc85-SNAPSHOT/ratis-proto-0.5.0-201fc85-SNAPSHOT.jar:/home/user/.m2/repository/org/apache/ratis/ratis-common/0.5.0-201fc85-SNAPSHOT/ratis-common-0.5.0-201fc85-SNAPSHOT.jar:/home/user/.m2/repository/org/apache/ratis/ratis-client/0.5.0-201fc85-SNAPSHOT/ratis-client-0.5.0-201fc85-SNAPSHOT.jar:/home/user/.m2/repository/org/apache/ratis/ratis-metrics/0.5.0-201fc85-SNAPSHOT/ratis-metrics-0.5.0-201fc85-SNAPSHOT.jar:/home/user/.m2/repository/com/github/joshelser/dropwizard-metrics-hadoop-metrics2-reporter/0.1.2/dropwizard-metrics-hadoop-metrics2-reporter-0.1.2.jar:/home/user/.m2/repository/io/dropwizard/metrics/metrics-jvm/3.2.5/metrics-jvm-3.2.5.jar:/home/user/.m2/repository/io/dropwizard/metrics/metrics-ganglia/3.2.5/metrics-ganglia-3.2.5.jar:/home/user/.m2/repository/info/ganglia/gmetric4j/gmetric4j/1.0.7/gmetric4j-1.0.7.jar:/home/user/.m2/repository/org/apache/ratis/ratis-netty/0.5.0-201fc85-SNAPSHOT/ratis-netty-0.5.0-201fc85-SNAPSHOT.jar:/home/user/.m2/repository/org/apache/ratis/ratis-grpc/0.5.0-201fc85-SNAPSHOT/ratis-grpc-0.5.0-201fc85-SNAPSHOT.jar:/home/user/.m2/repository/org/rocksdb/rocksdbjni/6.0.1/rocksdbjni-6.0.1.jar:/home/user/.m2/repository/org/apache/logging/log4j/log4j-api/2.11.0/log4j-api-2.11.0.jar:/home/user/.m2/repository/org/apache/logging/log4j/log4j-core/2.11.0/log4j-core-2.11.0.jar:/home/user/.m2/repository/com/lmax/disruptor/3.4.2/disruptor-3.4.2.jar:/home/user/.m2/repository/org/apache/commons/commons-pool2/2.6.0/commons-pool2-2.6.0.jar:/home/user/.m2/repository/org/bouncycastle/bcpkix-jdk15on/1.60/bcpkix-jdk15on-1.60.jar:/home/user/.m2/repository/commons-validator/commons-validator/1.6/commons-validator-1.6.jar:/home/user/.m2/repository/commons-digester/commons-digester/1.8.1/commons-digester-1.8.1.jar:/home/user/.m2/repository/io/jaegertracing/jaeger-client/0.34.0/jaeger-client-0.34.0.jar:/home/user/.m2/repository/io/jaegertracing/jaeger-thrift/0.34.0/jaeger-thrift-0.34.0.jar:/home/user/.m2/repository/org/apache/thrift/libthrift/0.12.0/libthrift-0.12.0.jar:/home/user/.m2/repository/com/squareup/okhttp3/okhttp/3.9.0/okhttp-3.9.0.jar:/home/user/.m2/repository/com/squareup/okio/okio/1.13.0/okio-1.13.0.jar:/home/user/.m2/repository/io/jaegertracing/jaeger-core/0.34.0/jaeger-core-0.34.0.jar:/home/user/.m2/repository/io/jaegertracing/jaeger-tracerresolver/0.34.0/jaeger-tracerresolver-0.34.0.jar:/home/user/.m2/repository/io/opentracing/contrib/opentracing-tracerresolver/0.1.5/opentracing-tracerresolver-0.1.5.jar:/home/user/.m2/repository/io/opentracing/opentracing-util/0.31.0/opentracing-util-0.31.0.jar:/home/user/.m2/repository/io/opentracing/opentracing-api/0.31.0/opentracing-api-0.31.0.jar:/home/user/.m2/repository/io/opentracing/opentracing-noop/0.31.0/opentracing-noop-0.31.0.jar:/home/user/.m2/repository/org/apache/hadoop/hadoop-hdds-server-framework/0.5.0-SNAPSHOT/hadoop-hdds-server-framework-0.5.0-SNAPSHOT.jar:/home/user/.m2/repository/org/apache/hadoop/hadoop-hdds-container-service/0.5.0-SNAPSHOT/hadoop-hdds-container-service-0.5.0-SNAPSHOT.jar:/home/user/.m2/repository/org/apache/hadoop/hadoop-hdds-client/0.5.0-SNAPSHOT/hadoop-hdds-client-0.5.0-SNAPSHOT.jar:/home/user/.m2/repository/org/apache/hadoop/hadoop-hdds-tools/0.5.0-SNAPSHOT/hadoop-hdds-tools-0.5.0-SNAPSHOT.jar:/home/user/.m2/repository/org/apache/hadoop/hadoop-hdds-server-scm/0.5.0-SNAPSHOT/hadoop-hdds-server-scm-0.5.0-SNAPSHOT.jar:/home/user/.m2/repository/org/apache/hadoop/hadoop-hdds-docs/0.5.0-SNAPSHOT/hadoop-hdds-docs-0.5.0-SNAPSHOT.jar:/home/user/.m2/repository/io/dropwizard/metrics/metrics-core/3.2.4/metrics-core-3.2.4.jar:/home/user/.m2/repository/org/hamcrest/hamcrest-all/1.3/hamcrest-all-1.3.jar:/home/user/.m2/repository/org/bouncycastle/bcprov-jdk15on/1.60/bcprov-jdk15on-1.60.jar:/home/user/.m2/repository/info/picocli/picocli/3.9.6/picocli-3.9.6.jar:/home/user/.m2/repository/com/google/protobuf/protobuf-java/2.5.0/protobuf-java-2.5.0.jar:/home/user/.m2/repository/com/google/guava/guava/11.0.2/guava-11.0.2.jar:/home/user/.m2/repository/org/apache/hadoop/hadoop-ozone-ozone-manager/0.5.0-SNAPSHOT/hadoop-ozone-ozone-manager-0.5.0-SNAPSHOT.jar:/home/user/.m2/repository/org/apache/hadoop/hadoop-minikdc/3.2.0/hadoop-minikdc-3.2.0.jar:/home/user/.m2/repository/commons-io/commons-io/2.5/commons-io-2.5.jar:/home/user/.m2/repository/org/apache/kerby/kerb-simplekdc/1.0.1/kerb-simplekdc-1.0.1.jar:/home/user/.m2/repository/org/apache/kerby/kerb-client/1.0.1/kerb-client-1.0.1.jar:/home/user/.m2/repository/org/apache/kerby/kerby-config/1.0.1/kerby-config-1.0.1.jar:/home/user/.m2/repository/org/apache/kerby/kerb-core/1.0.1/kerb-core-1.0.1.jar:/home/user/.m2/repository/org/apache/kerby/kerby-pkix/1.0.1/kerby-pkix-1.0.1.jar:/home/user/.m2/repository/org/apache/kerby/kerby-asn1/1.0.1/kerby-asn1-1.0.1.jar:/home/user/.m2/repository/org/apache/kerby/kerby-util/1.0.1/kerby-util-1.0.1.jar:/home/user/.m2/repository/org/apache/kerby/kerb-common/1.0.1/kerb-common-1.0.1.jar:/home/user/.m2/repository/org/apache/kerby/kerb-crypto/1.0.1/kerb-crypto-1.0.1.jar:/home/user/.m2/repository/org/apache/kerby/kerb-util/1.0.1/kerb-util-1.0.1.jar:/home/user/.m2/repository/org/apache/kerby/token-provider/1.0.1/token-provider-1.0.1.jar:/home/user/.m2/repository/org/apache/kerby/kerb-admin/1.0.1/kerb-admin-1.0.1.jar:/home/user/.m2/repository/org/apache/kerby/kerb-server/1.0.1/kerb-server-1.0.1.jar:/home/user/.m2/repository/org/apache/kerby/kerb-identity/1.0.1/kerb-identity-1.0.1.jar:/home/user/.m2/repository/org/apache/kerby/kerby-xdr/1.0.1/kerby-xdr-1.0.1.jar:/home/user/.m2/repository/org/slf4j/slf4j-log4j12/1.7.25/slf4j-log4j12-1.7.25.jar:/home/user/.m2/repository/org/apache/hadoop/hadoop-ozone-s3gateway/0.5.0-SNAPSHOT/hadoop-ozone-s3gateway-0.5.0-SNAPSHOT.jar:/home/user/.m2/repository/org/jboss/weld/servlet/weld-servlet/2.4.7.Final/weld-servlet-2.4.7.Final.jar:/home/user/.m2/repository/org/glassfish/jersey/containers/jersey-container-servlet-core/2.27/jersey-container-servlet-core-2.27.jar:/home/user/.m2/repository/org/glassfish/hk2/external/javax.inject/2.5.0-b42/javax.inject-2.5.0-b42.jar:/home/user/.m2/repository/org/glassfish/jersey/core/jersey-common/2.27/jersey-common-2.27.jar:/home/user/.m2/repository/org/glassfish/hk2/osgi-resource-locator/1.0.1/osgi-resource-locator-1.0.1.jar:/home/user/.m2/repository/javax/ws/rs/javax.ws.rs-api/2.1/javax.ws.rs-api-2.1.jar:/home/user/.m2/repository/org/glassfish/jersey/ext/cdi/jersey-cdi1x/2.27/jersey-cdi1x-2.27.jar:/home/user/.m2/repository/org/glassfish/jersey/inject/jersey-hk2/2.27/jersey-hk2-2.27.jar:/home/user/.m2/repository/org/glassfish/hk2/hk2-locator/2.5.0-b42/hk2-locator-2.5.0-b42.jar:/home/user/.m2/repository/org/javassist/javassist/3.22.0-CR2/javassist-3.22.0-CR2.jar:/home/user/.m2/repository/org/glassfish/hk2/hk2-api/2.5.0/hk2-api-2.5.0.jar:/home/user/.m2/repository/org/glassfish/hk2/external/jakarta.inject/2.5.0/jakarta.inject-2.5.0.jar:/home/user/.m2/repository/org/glassfish/hk2/hk2-utils/2.5.0/hk2-utils-2.5.0.jar:/home/user/.m2/repository/jakarta/annotation/jakarta.annotation-api/1.3.4/jakarta.annotation-api-1.3.4.jar:/home/user/.m2/repository/org/glassfish/hk2/external/aopalliance-repackaged/2.5.0/aopalliance-repackaged-2.5.0.jar:/home/user/.m2/repository/com/fasterxml/jackson/dataformat/jackson-dataformat-xml/2.9.0/jackson-dataformat-xml-2.9.0.jar:/home/user/.m2/repository/com/fasterxml/jackson/core/jackson-core/2.9.9/jackson-core-2.9.9.jar:/home/user/.m2/repository/com/fasterxml/jackson/module/jackson-module-jaxb-annotations/2.9.9/jackson-module-jaxb-annotations-2.9.9.jar:/home/user/.m2/repository/javax/enterprise/cdi-api/1.2/cdi-api-1.2.jar:/home/user/.m2/repository/javax/el/javax.el-api/3.0.0/javax.el-api-3.0.0.jar:/home/user/.m2/repository/javax/interceptor/javax.interceptor-api/1.2/javax.interceptor-api-1.2.jar:/home/user/.m2/repository/javax/inject/javax.inject/1/javax.inject-1.jar:/home/user/.m2/repository/com/sun/xml/bind/jaxb-impl/2.3.0.1/jaxb-impl-2.3.0.1.jar:/home/user/.m2/repository/com/sun/xml/bind/jaxb-core/2.3.0.1/jaxb-core-2.3.0.1.jar:/home/user/.m2/repository/javax/xml/bind/jaxb-api/2.3.0/jaxb-api-2.3.0.jar:/home/user/.m2/repository/javax/activation/activation/1.1.1/activation-1.1.1.jar:/home/user/.m2/repository/org/apache/hadoop/hadoop-ozone-csi/0.5.0-SNAPSHOT/hadoop-ozone-csi-0.5.0-SNAPSHOT.jar:/home/user/.m2/repository/com/google/protobuf/protobuf-java-util/3.5.1/protobuf-java-util-3.5.1.jar:/home/user/.m2/repository/org/apache/hadoop/hadoop-hdds-config/0.5.0-SNAPSHOT/hadoop-hdds-config-0.5.0-SNAPSHOT.jar:/home/user/.m2/repository/io/grpc/grpc-netty/1.17.1/grpc-netty-1.17.1.jar:/home/user/.m2/repository/io/grpc/grpc-core/1.17.1/grpc-core-1.17.1.jar:/home/user/.m2/repository/io/grpc/grpc-context/1.17.1/grpc-context-1.17.1.jar:/home/user/.m2/repository/com/google/errorprone/error_prone_annotations/2.2.0/error_prone_annotations-2.2.0.jar:/home/user/.m2/repository/org/codehaus/mojo/animal-sniffer-annotations/1.17/animal-sniffer-annotations-1.17.jar:/home/user/.m2/repository/io/opencensus/opencensus-api/0.17.0/opencensus-api-0.17.0.jar:/home/user/.m2/repository/io/opencensus/opencensus-contrib-grpc-metrics/0.17.0/opencensus-contrib-grpc-metrics-0.17.0.jar:/home/user/.m2/repository/io/netty/netty-codec-http2/4.1.30.Final/netty-codec-http2-4.1.30.Final.jar:/home/user/.m2/repository/io/netty/netty-codec-http/4.1.30.Final/netty-codec-http-4.1.30.Final.jar:/home/user/.m2/repository/io/netty/netty-codec/4.1.30.Final/netty-codec-4.1.30.Final.jar:/home/user/.m2/repository/io/netty/netty-handler/4.1.30.Final/netty-handler-4.1.30.Final.jar:/home/user/.m2/repository/io/netty/netty-handler-proxy/4.1.30.Final/netty-handler-proxy-4.1.30.Final.jar:/home/user/.m2/repository/io/netty/netty-codec-socks/4.1.30.Final/netty-codec-socks-4.1.30.Final.jar:/home/user/.m2/repository/io/netty/netty-transport-native-epoll/4.1.30.Final/netty-transport-native-epoll-4.1.30.Final.jar:/home/user/.m2/repository/io/netty/netty-common/4.1.30.Final/netty-common-4.1.30.Final.jar:/home/user/.m2/repository/io/netty/netty-buffer/4.1.30.Final/netty-buffer-4.1.30.Final.jar:/home/user/.m2/repository/io/netty/netty-transport/4.1.30.Final/netty-transport-4.1.30.Final.jar:/home/user/.m2/repository/io/netty/netty-resolver/4.1.30.Final/netty-resolver-4.1.30.Final.jar:/home/user/.m2/repository/io/netty/netty-transport-native-unix-common/4.1.30.Final/netty-transport-native-unix-common-4.1.30.Final.jar:/home/user/.m2/repository/io/grpc/grpc-protobuf/1.17.1/grpc-protobuf-1.17.1.jar:/home/user/.m2/repository/com/google/api/grpc/proto-google-common-protos/1.0.0/proto-google-common-protos-1.0.0.jar:/home/user/.m2/repository/io/grpc/grpc-protobuf-lite/1.17.1/grpc-protobuf-lite-1.17.1.jar:/home/user/.m2/repository/io/grpc/grpc-stub/1.17.1/grpc-stub-1.17.1.jar:/home/user/.m2/repository/org/apache/hadoop/hadoop-ozone-recon/0.5.0-SNAPSHOT/hadoop-ozone-recon-0.5.0-SNAPSHOT.jar:/home/user/.m2/repository/org/apache/hadoop/hadoop-ozone-reconcodegen/0.5.0-SNAPSHOT/hadoop-ozone-reconcodegen-0.5.0-SNAPSHOT.jar:/home/user/.m2/repository/com/google/inject/extensions/guice-multibindings/4.0/guice-multibindings-4.0.jar:/home/user/.m2/repository/com/google/inject/guice/4.0/guice-4.0.jar:/home/user/.m2/repository/aopalliance/aopalliance/1.0/aopalliance-1.0.jar:/home/user/.m2/repository/com/google/inject/extensions/guice-servlet/4.0/guice-servlet-4.0.jar:/home/user/.m2/repository/org/glassfish/jersey/containers/jersey-container-servlet/2.27/jersey-container-servlet-2.27.jar:/home/user/.m2/repository/org/glassfish/hk2/guice-bridge/2.5.0/guice-bridge-2.5.0.jar:/home/user/.m2/repository/org/glassfish/jersey/core/jersey-server/2.27/jersey-server-2.27.jar:/home/user/.m2/repository/org/glassfish/jersey/core/jersey-client/2.27/jersey-client-2.27.jar:/home/user/.m2/repository/org/glassfish/jersey/media/jersey-media-jaxb/2.27/jersey-media-jaxb-2.27.jar:/home/user/.m2/repository/javax/validation/validation-api/1.1.0.Final/validation-api-1.1.0.Final.jar:/home/user/.m2/repository/org/glassfish/jersey/media/jersey-media-json-jackson/2.27/jersey-media-json-jackson-2.27.jar:/home/user/.m2/repository/org/glassfish/jersey/ext/jersey-entity-filtering/2.27/jersey-entity-filtering-2.27.jar:/home/user/.m2/repository/com/google/inject/extensions/guice-assistedinject/4.0/guice-assistedinject-4.0.jar:/home/user/.m2/repository/org/jooq/jooq/3.11.10/jooq-3.11.10.jar:/home/user/.m2/repository/org/jooq/jooq-meta/3.11.10/jooq-meta-3.11.10.jar:/home/user/.m2/repository/org/jooq/jooq-codegen/3.11.10/jooq-codegen-3.11.10.jar:/home/user/.m2/repository/com/jolbox/bonecp/0.8.0.RELEASE/bonecp-0.8.0.RELEASE.jar:/home/user/.m2/repository/org/xerial/sqlite-jdbc/3.25.2/sqlite-jdbc-3.25.2.jar:/home/user/.m2/repository/org/springframework/spring-jdbc/5.1.3.RELEASE/spring-jdbc-5.1.3.RELEASE.jar:/home/user/.m2/repository/org/springframework/spring-beans/5.1.3.RELEASE/spring-beans-5.1.3.RELEASE.jar:/home/user/.m2/repository/org/springframework/spring-core/5.1.3.RELEASE/spring-core-5.1.3.RELEASE.jar:/home/user/.m2/repository/org/springframework/spring-jcl/5.1.3.RELEASE/spring-jcl-5.1.3.RELEASE.jar:/home/user/.m2/repository/org/springframework/spring-tx/5.1.3.RELEASE/spring-tx-5.1.3.RELEASE.jar:/home/user/.m2/repository/org/apache/hadoop/hadoop-ozone-client/0.5.0-SNAPSHOT/hadoop-ozone-client-0.5.0-SNAPSHOT.jar:/home/user/.m2/repository/commons-lang/commons-lang/2.6/commons-lang-2.6.jar:/home/user/.m2/repository/org/apache/hadoop/hadoop-ozone-ozone-manager/0.5.0-SNAPSHOT/hadoop-ozone-ozone-manager-0.5.0-SNAPSHOT-tests.jar:/home/user/.m2/repository/junit/junit/4.11/junit-4.11.jar:/home/user/.m2/repository/org/hamcrest/hamcrest-core/1.3/hamcrest-core-1.3.jar:/home/user/.m2/repository/org/openjdk/jmh/jmh-core/1.19/jmh-core-1.19.jar:/home/user/.m2/repository/net/sf/jopt-simple/jopt-simple/4.6/jopt-simple-4.6.jar:/home/user/.m2/repository/org/apache/commons/commons-math3/3.1.1/commons-math3-3.1.1.jar:/home/user/.m2/repository/org/openjdk/jmh/jmh-generator-annprocess/1.19/jmh-generator-annprocess-1.19.jar:/home/user/.m2/repository/org/mockito/mockito-all/1.8.5/mockito-all-1.8.5.jar:/home/user/.m2/repository/org/apache/hadoop/hadoop-kms/3.2.0/hadoop-kms-3.2.0.jar:/home/user/.m2/repository/org/apache/hadoop/hadoop-auth/3.2.0/hadoop-auth-3.2.0.jar:/home/user/.m2/repository/com/nimbusds/nimbus-jose-jwt/4.41.1/nimbus-jose-jwt-4.41.1.jar:/home/user/.m2/repository/com/github/stephenc/jcip/jcip-annotations/1.0-1/jcip-annotations-1.0-1.jar:/home/user/.m2/repository/net/minidev/json-smart/2.3/json-smart-2.3.jar:/home/user/.m2/repository/net/minidev/accessors-smart/1.2/accessors-smart-1.2.jar:/home/user/.m2/repository/org/ow2/asm/asm/5.0.4/asm-5.0.4.jar:/home/user/.m2/repository/org/apache/curator/curator-framework/2.12.0/curator-framework-2.12.0.jar:/home/user/.m2/repository/com/sun/jersey/jersey-core/1.19/jersey-core-1.19.jar:/home/user/.m2/repository/javax/ws/rs/jsr311-api/1.1.1/jsr311-api-1.1.1.jar:/home/user/.m2/repository/com/sun/jersey/jersey-server/1.19/jersey-server-1.19.jar:/home/user/.m2/repository/javax/servlet/javax.servlet-api/3.1.0/javax.servlet-api-3.1.0.jar:/home/user/.m2/repository/org/eclipse/jetty/jetty-server/9.3.25.v20180904/jetty-server-9.3.25.v20180904.jar:/home/user/.m2/repository/org/eclipse/jetty/jetty-http/9.3.25.v20180904/jetty-http-9.3.25.v20180904.jar:/home/user/.m2/repository/org/eclipse/jetty/jetty-io/9.3.25.v20180904/jetty-io-9.3.25.v20180904.jar:/home/user/.m2/repository/org/eclipse/jetty/jetty-webapp/9.3.25.v20180904/jetty-webapp-9.3.25.v20180904.jar:/home/user/.m2/repository/org/eclipse/jetty/jetty-xml/9.3.25.v20180904/jetty-xml-9.3.25.v20180904.jar:/home/user/.m2/repository/log4j/log4j/1.2.17/log4j-1.2.17.jar:/home/user/.m2/repository/org/slf4j/slf4j-api/1.7.25/slf4j-api-1.7.25.jar:/home/user/.m2/repository/org/slf4j/jul-to-slf4j/1.7.25/jul-to-slf4j-1.7.25.jar:/home/user/.m2/repository/org/eclipse/jetty/jetty-util/9.3.25.v20180904/jetty-util-9.3.25.v20180904.jar:/home/user/.m2/repository/com/fasterxml/jackson/core/jackson-databind/2.9.9/jackson-databind-2.9.9.jar:/home/user/.m2/repository/org/apache/hadoop/hadoop-kms/3.2.0/hadoop-kms-3.2.0-tests.jar:/home/user/.m2/repository/org/apache/hadoop/hadoop-hdds-server-scm/0.5.0-SNAPSHOT/hadoop-hdds-server-scm-0.5.0-SNAPSHOT-tests.jar:/home/user/.m2/repository/org/apache/hadoop/hadoop-hdds-container-service/0.5.0-SNAPSHOT/hadoop-hdds-container-service-0.5.0-SNAPSHOT-tests.jar:/home/user/.m2/repository/org/yaml/snakeyaml/1.16/snakeyaml-1.16.jar:/home/user/.m2/repository/org/apache/hadoop/hadoop-common/3.2.0/hadoop-common-3.2.0-tests.jar:/home/user/.m2/repository/org/apache/hadoop/hadoop-annotations/3.2.0/hadoop-annotations-3.2.0.jar:/usr/lib/jvm/java-1.8-openjdk/jre/../lib/tools.jar:/home/user/.m2/repository/commons-cli/commons-cli/1.2/commons-cli-1.2.jar:/home/user/.m2/repository/org/apache/httpcomponents/httpclient/4.5.2/httpclient-4.5.2.jar:/home/user/.m2/repository/org/apache/httpcomponents/httpcore/4.4.4/httpcore-4.4.4.jar:/home/user/.m2/repository/commons-codec/commons-codec/1.11/commons-codec-1.11.jar:/home/user/.m2/repository/commons-net/commons-net/3.6/commons-net-3.6.jar:/home/user/.m2/repository/commons-collections/commons-collections/3.2.2/commons-collections-3.2.2.jar:/home/user/.m2/repository/org/eclipse/jetty/jetty-servlet/9.3.25.v20180904/jetty-servlet-9.3.25.v20180904.jar:/home/user/.m2/repository/org/eclipse/jetty/jetty-security/9.3.25.v20180904/jetty-security-9.3.25.v20180904.jar:/home/user/.m2/repository/javax/servlet/jsp/jsp-api/2.1/jsp-api-2.1.jar:/home/user/.m2/repository/com/sun/jersey/jersey-servlet/1.19/jersey-servlet-1.19.jar:/home/user/.m2/repository/com/sun/jersey/jersey-json/1.19/jersey-json-1.19.jar:/home/user/.m2/repository/org/codehaus/jettison/jettison/1.1/jettison-1.1.jar:/home/user/.m2/repository/org/codehaus/jackson/jackson-core-asl/1.9.13/jackson-core-asl-1.9.13.jar:/home/user/.m2/repository/org/codehaus/jackson/jackson-mapper-asl/1.9.13/jackson-mapper-asl-1.9.13.jar:/home/user/.m2/repository/org/codehaus/jackson/jackson-jaxrs/1.9.13/jackson-jaxrs-1.9.13.jar:/home/user/.m2/repository/org/codehaus/jackson/jackson-xc/1.9.13/jackson-xc-1.9.13.jar:/home/user/.m2/repository/commons-logging/commons-logging/1.1.3/commons-logging-1.1.3.jar:/home/user/.m2/repository/commons-beanutils/commons-beanutils/1.9.4/commons-beanutils-1.9.4.jar:/home/user/.m2/repository/org/apache/commons/commons-configuration2/2.1.1/commons-configuration2-2.1.1.jar:/home/user/.m2/repository/org/apache/commons/commons-lang3/3.7/commons-lang3-3.7.jar:/home/user/.m2/repository/org/apache/commons/commons-text/1.4/commons-text-1.4.jar:/home/user/.m2/repository/org/apache/avro/avro/1.7.7/avro-1.7.7.jar:/home/user/.m2/repository/com/thoughtworks/paranamer/paranamer/2.3/paranamer-2.3.jar:/home/user/.m2/repository/org/xerial/snappy/snappy-java/1.0.5/snappy-java-1.0.5.jar:/home/user/.m2/repository/com/google/re2j/re2j/1.1/re2j-1.1.jar:/home/user/.m2/repository/com/google/code/gson/gson/2.2.4/gson-2.2.4.jar:/home/user/.m2/repository/com/jcraft/jsch/0.1.54/jsch-0.1.54.jar:/home/user/.m2/repository/org/apache/curator/curator-client/2.12.0/curator-client-2.12.0.jar:/home/user/.m2/repository/org/apache/curator/curator-recipes/2.12.0/curator-recipes-2.12.0.jar:/home/user/.m2/repository/com/google/code/findbugs/jsr305/3.0.0/jsr305-3.0.0.jar:/home/user/.m2/repository/org/apache/htrace/htrace-core4/4.1.0-incubating/htrace-core4-4.1.0-incubating.jar:/home/user/.m2/repository/org/apache/zookeeper/zookeeper/3.4.13/zookeeper-3.4.13.jar:/home/user/.m2/repository/jline/jline/0.9.94/jline-0.9.94.jar:/home/user/.m2/repository/org/apache/yetus/audience-annotations/0.5.0/audience-annotations-0.5.0.jar:/home/user/.m2/repository/org/codehaus/woodstox/stax2-api/3.1.4/stax2-api-3.1.4.jar:/home/user/.m2/repository/com/fasterxml/woodstox/woodstox-core/5.0.3/woodstox-core-5.0.3.jar:/home/user/.m2/repository/dnsjava/dnsjava/2.1.7/dnsjava-2.1.7.jar:/home/user/.m2/repository/org/apache/hadoop/hadoop-hdfs/3.2.0/hadoop-hdfs-3.2.0-tests.jar:/home/user/.m2/repository/org/eclipse/jetty/jetty-util-ajax/9.3.25.v20180904/jetty-util-ajax-9.3.25.v20180904.jar:/home/user/.m2/repository/commons-daemon/commons-daemon/1.0.13/commons-daemon-1.0.13.jar:/home/user/.m2/repository/io/netty/netty/3.10.5.Final/netty-3.10.5.Final.jar:/home/user/.m2/repository/io/netty/netty-all/4.0.52.Final/netty-all-4.0.52.Final.jar:/home/user/.m2/repository/org/fusesource/leveldbjni/leveldbjni-all/1.8/leveldbjni-all-1.8.jar:"/>
    <property name="sun.cpu.endian" value="little"/>
    <property name="user.home" value="/home/user"/>
    <property name="user.language" value="en"/>
    <property name="java.specification.vendor" value="Oracle Corporation"/>
    <property name="java.home" value="/usr/lib/jvm/java-1.8-openjdk/jre"/>
    <property name="surefire.excludesFile" value="/tools/ozone-bad-unit-tests"/>
    <property name="java.security.krb5.conf" value="/workdir/hadoop-ozone/integration-test/target/test-classes/krb5.conf"/>
    <property name="basedir" value="/workdir/hadoop-ozone/integration-test"/>
    <property name="file.separator" value="/"/>
    <property name="line.separator" value="&#10;"/>
    <property name="java.vm.specification.vendor" value="Oracle Corporation"/>
    <property name="java.specification.name" value="Java Platform API Specification"/>
    <property name="java.awt.graphicsenv" value="sun.awt.X11GraphicsEnvironment"/>
    <property name="surefire.real.class.path" value="/workdir/hadoop-ozone/integration-test/target/surefire/surefirebooter241906191225523421.jar"/>
    <property name="hadoop.log.dir" value="/workdir/hadoop-ozone/integration-test/target/log"/>
    <property name="sun.boot.class.path" value="/usr/lib/jvm/java-1.8-openjdk/jre/lib/resources.jar:/usr/lib/jvm/java-1.8-openjdk/jre/lib/rt.jar:/usr/lib/jvm/java-1.8-openjdk/jre/lib/sunrsasign.jar:/usr/lib/jvm/java-1.8-openjdk/jre/lib/jsse.jar:/usr/lib/jvm/java-1.8-openjdk/jre/lib/jce.jar:/usr/lib/jvm/java-1.8-openjdk/jre/lib/charsets.jar:/usr/lib/jvm/java-1.8-openjdk/jre/lib/jfr.jar:/usr/lib/jvm/java-1.8-openjdk/jre/classes"/>
    <property name="sun.management.compiler" value="HotSpot 64-Bit Tiered Compilers"/>
    <property name="java.runtime.version" value="1.8.0_212-b04"/>
    <property name="java.net.preferIPv4Stack" value="true"/>
    <property name="user.name" value="jenkins1000"/>
    <property name="path.separator" value=":"/>
    <property name="java.security.egd" value="file:///dev/urandom"/>
    <property name="os.version" value="3.10.0-957.12.2.el7.x86_64"/>
    <property name="java.endorsed.dirs" value="/usr/lib/jvm/java-1.8-openjdk/jre/lib/endorsed"/>
    <property name="java.runtime.name" value="OpenJDK Runtime Environment"/>
    <property name="file.encoding" value="UTF-8"/>
    <property name="java.vm.name" value="OpenJDK 64-Bit Server VM"/>
    <property name="test.build.webapps" value=""/>
    <property name="localRepository" value="/home/user/.m2/repository"/>
    <property name="java.vendor.url.bug" value="https://icedtea.classpath.org/bugzilla"/>
    <property name="java.io.tmpdir" value="/tmp"/>
    <property name="require.test.libhadoop" value=""/>
    <property name="java.version" value="1.8.0_212"/>
    <property name="user.dir" value="/workdir/hadoop-ozone/integration-test"/>
    <property name="os.arch" value="amd64"/>
    <property name="java.vm.specification.name" value="Java Virtual Machine Specification"/>
    <property name="test.build.classes" value="/workdir/hadoop-ozone/integration-test/target/test-classes"/>
    <property name="java.awt.printerjob" value="sun.print.PSPrinterJob"/>
    <property name="sun.os.patch.level" value="unknown"/>
    <property name="hadoop.tmp.dir" value="/workdir/hadoop-ozone/integration-test/target/tmp"/>
    <property name="java.library.path" value="/usr/lib/jvm/java-1.8-openjdk/jre/lib/amd64/server:/usr/lib/jvm/java-1.8-openjdk/jre/lib/amd64:/usr/lib/jvm/java-1.8-openjdk/jre/../lib/amd64:/workdir/hadoop-ozone/integration-test/target/native/target/usr/local/lib:/workdir/hadoop-ozone/integration-test/../../hadoop-common-project/hadoop-common/target/native/target/usr/local/lib:/usr/java/packages/lib/amd64:/usr/lib64:/lib64:/lib:/usr/lib"/>
    <property name="java.vm.info" value="mixed mode"/>
    <property name="java.vendor" value="IcedTea"/>
    <property name="java.vm.version" value="25.212-b04"/>
    <property name="java.ext.dirs" value="/usr/lib/jvm/java-1.8-openjdk/jre/lib/ext:/usr/java/packages/lib/ext"/>
    <property name="sun.io.unicode.encoding" value="UnicodeLittle"/>
    <property name="java.class.version" value="52.0"/>
  </properties>
  <testcase name="test" classname="org.apache.hadoop.ozone.scm.TestSCMContainerPlacementPolicyMetrics" time="81.947">
    <error message="test timed out after 60000 milliseconds" type="java.lang.Exception">java.lang.Exception: test timed out after 60000 milliseconds
	at java.lang.Thread.sleep(Native Method)
	at org.apache.hadoop.ozone.scm.TestSCMContainerPlacementPolicyMetrics.test(TestSCMContainerPlacementPolicyMetrics.java:134)
	at sun.reflect.NativeMethodAccessorImpl.invoke0(Native Method)
	at sun.reflect.NativeMethodAccessorImpl.invoke(NativeMethodAccessorImpl.java:62)
	at sun.reflect.DelegatingMethodAccessorImpl.invoke(DelegatingMethodAccessorImpl.java:43)
	at java.lang.reflect.Method.invoke(Method.java:498)
	at org.junit.runners.model.FrameworkMethod$1.runReflectiveCall(FrameworkMethod.java:47)
	at org.junit.internal.runners.model.ReflectiveCallable.run(ReflectiveCallable.java:12)
	at org.junit.runners.model.FrameworkMethod.invokeExplosively(FrameworkMethod.java:44)
	at org.junit.internal.runners.statements.InvokeMethod.evaluate(InvokeMethod.java:17)
	at org.junit.internal.runners.statements.FailOnTimeout$StatementThread.run(FailOnTimeout.java:74)
</error>
    <system-out><![CDATA[2019-10-06 14:04:04,705 [main] WARN  server.ServerUtils (ServerUtils.java:getScmDbDir(145)) - ozone.scm.db.dirs is not configured. We recommend adding this setting. Falling back to ozone.metadata.dirs instead.
2019-10-06 14:04:04,793 [main] WARN  server.ServerUtils (ServerUtils.java:getScmDbDir(145)) - ozone.scm.db.dirs is not configured. We recommend adding this setting. Falling back to ozone.metadata.dirs instead.
2019-10-06 14:04:04,796 [main] WARN  server.ServerUtils (ServerUtils.java:getScmDbDir(145)) - ozone.scm.db.dirs is not configured. We recommend adding this setting. Falling back to ozone.metadata.dirs instead.
2019-10-06 14:04:04,825 [main] INFO  util.log (Log.java:initialized(192)) - Logging initialized @801ms
2019-10-06 14:04:04,935 [main] INFO  db.DBStoreBuilder (DBStoreBuilder.java:addTable(117)) - using custom profile for table: deletedBlocks
2019-10-06 14:04:04,935 [main] INFO  db.DBStoreBuilder (DBStoreBuilder.java:processTables(168)) - Using default column profile:DBProfile.DISK for Table:deletedBlocks
2019-10-06 14:04:04,936 [main] INFO  db.DBStoreBuilder (DBStoreBuilder.java:addTable(117)) - using custom profile for table: validCerts
2019-10-06 14:04:04,936 [main] INFO  db.DBStoreBuilder (DBStoreBuilder.java:processTables(168)) - Using default column profile:DBProfile.DISK for Table:validCerts
2019-10-06 14:04:04,937 [main] INFO  db.DBStoreBuilder (DBStoreBuilder.java:addTable(117)) - using custom profile for table: revokedCerts
2019-10-06 14:04:04,937 [main] INFO  db.DBStoreBuilder (DBStoreBuilder.java:processTables(168)) - Using default column profile:DBProfile.DISK for Table:revokedCerts
2019-10-06 14:04:04,950 [main] INFO  db.DBStoreBuilder (DBStoreBuilder.java:addTable(117)) - using custom profile for table: default
2019-10-06 14:04:04,950 [main] INFO  db.DBStoreBuilder (DBStoreBuilder.java:processTables(174)) - Using default column profile:DBProfile.DISK for Table:default
2019-10-06 14:04:04,951 [main] INFO  db.DBStoreBuilder (DBStoreBuilder.java:getDbProfile(205)) - Using default options. DBProfile.DISK
2019-10-06 14:04:05,223 [main] INFO  net.NodeSchemaLoader (NodeSchemaLoader.java:loadSchemaFromFile(125)) - Loading file from sun.misc.CompoundEnumeration@557caf28
2019-10-06 14:04:05,225 [main] INFO  net.NodeSchemaLoader (NodeSchemaLoader.java:loadSchema(171)) - Loading network topology layer schema file
2019-10-06 14:04:05,298 [main] WARN  server.ServerUtils (ServerUtils.java:sanitizeUserArgs(70)) - ozone.scm.stale.node.interval value = 300000 is larger than max = 100000 based on the key value of ozone.scm.heartbeat.thread.interval, reset to the max value 100000.
2019-10-06 14:04:05,300 [main] WARN  server.ServerUtils (ServerUtils.java:sanitizeUserArgs(70)) - ozone.scm.stale.node.interval value = 300000 is larger than max = 100000 based on the key value of ozone.scm.heartbeat.thread.interval, reset to the max value 100000.
2019-10-06 14:04:05,303 [main] INFO  node.SCMNodeManager (SCMNodeManager.java:<init>(116)) - Entering startup safe mode.
2019-10-06 14:04:05,373 [main] INFO  Configuration.deprecation (Configuration.java:logDeprecation(1394)) - hadoop.configured.node.mapping is deprecated. Instead, use net.topology.configured.node.mapping
2019-10-06 14:04:05,378 [main] INFO  algorithms.ContainerPlacementPolicyFactory (ContainerPlacementPolicyFactory.java:getPolicy(57)) - Create container placement policy of type org.apache.hadoop.hdds.scm.container.placement.algorithms.SCMContainerPlacementRackAware
2019-10-06 14:04:05,393 [main] WARN  server.ServerUtils (ServerUtils.java:getScmDbDir(145)) - ozone.scm.db.dirs is not configured. We recommend adding this setting. Falling back to ozone.metadata.dirs instead.
2019-10-06 14:04:05,452 [main] INFO  pipeline.SCMPipelineManager (SCMPipelineManager.java:initializePipelineState(132)) - No pipeline exists in current db
2019-10-06 14:04:05,455 [main] WARN  server.ServerUtils (ServerUtils.java:getScmDbDir(145)) - ozone.scm.db.dirs is not configured. We recommend adding this setting. Falling back to ozone.metadata.dirs instead.
2019-10-06 14:04:05,574 [main] WARN  events.EventQueue (EventQueue.java:fireEvent(183)) - No event handler registered for event TypedEvent{payloadType=SafeModeStatus, name='SafeModeStatus'}
2019-10-06 14:04:05,985 [main] INFO  ipc.CallQueueManager (CallQueueManager.java:<init>(84)) - Using callQueue: class java.util.concurrent.LinkedBlockingQueue, queueCapacity: 2000, scheduler: class org.apache.hadoop.ipc.DefaultRpcScheduler, ipcBackoff: false.
2019-10-06 14:04:06,012 [Socket Reader #1 for port 34015] INFO  ipc.Server (Server.java:run(1074)) - Starting Socket Reader #1 for port 34015
2019-10-06 14:04:06,157 [main] INFO  ipc.CallQueueManager (CallQueueManager.java:<init>(84)) - Using callQueue: class java.util.concurrent.LinkedBlockingQueue, queueCapacity: 2000, scheduler: class org.apache.hadoop.ipc.DefaultRpcScheduler, ipcBackoff: false.
2019-10-06 14:04:06,158 [Socket Reader #1 for port 34954] INFO  ipc.Server (Server.java:run(1074)) - Starting Socket Reader #1 for port 34954
2019-10-06 14:04:06,166 [main] INFO  ipc.CallQueueManager (CallQueueManager.java:<init>(84)) - Using callQueue: class java.util.concurrent.LinkedBlockingQueue, queueCapacity: 2000, scheduler: class org.apache.hadoop.ipc.DefaultRpcScheduler, ipcBackoff: false.
2019-10-06 14:04:06,167 [Socket Reader #1 for port 36541] INFO  ipc.Server (Server.java:run(1074)) - Starting Socket Reader #1 for port 36541
2019-10-06 14:04:06,188 [main] INFO  hdfs.DFSUtil (DFSUtil.java:httpServerTemplateForNNAndJN(1641)) - Starting Web-server for scm at: http://0.0.0.0:0
2019-10-06 14:04:06,330 [main] INFO  server.AuthenticationFilter (AuthenticationFilter.java:constructSecretProvider(240)) - Unable to initialize FileSignerSecretProvider, falling back to use random secrets.
2019-10-06 14:04:06,339 [main] WARN  http.HttpRequestLog (HttpRequestLog.java:getRequestLog(97)) - Jetty request log can only be enabled using Log4j
2019-10-06 14:04:06,347 [main] INFO  http.HttpServer2 (HttpServer2.java:addGlobalFilter(975)) - Added global filter 'safety' (class=org.apache.hadoop.http.HttpServer2$QuotingInputFilter)
2019-10-06 14:04:06,349 [main] INFO  http.HttpServer2 (HttpServer2.java:addFilter(948)) - Added filter static_user_filter (class=org.apache.hadoop.http.lib.StaticUserWebFilter$StaticUserFilter) to context scm
2019-10-06 14:04:06,349 [main] INFO  http.HttpServer2 (HttpServer2.java:addFilter(958)) - Added filter static_user_filter (class=org.apache.hadoop.http.lib.StaticUserWebFilter$StaticUserFilter) to context logs
2019-10-06 14:04:06,350 [main] INFO  http.HttpServer2 (HttpServer2.java:addFilter(958)) - Added filter static_user_filter (class=org.apache.hadoop.http.lib.StaticUserWebFilter$StaticUserFilter) to context static
2019-10-06 14:04:06,381 [main] INFO  server.StorageContainerManager (StorageContainerManager.java:start(770)) - StorageContainerLocationProtocol RPC server is listening at /0.0.0.0:36541
2019-10-06 14:04:06,464 [main] WARN  impl.MetricsConfig (MetricsConfig.java:loadFirst(134)) - Cannot locate configuration: tried hadoop-metrics2-storagecontainermanager.properties,hadoop-metrics2.properties
2019-10-06 14:04:06,480 [main] INFO  impl.MetricsSystemImpl (MetricsSystemImpl.java:startTimer(374)) - Scheduled Metric snapshot period at 10 second(s).
2019-10-06 14:04:06,481 [main] INFO  impl.MetricsSystemImpl (MetricsSystemImpl.java:start(191)) - StorageContainerManager metrics system started
2019-10-06 14:04:06,725 [main] INFO  server.SCMClientProtocolServer (SCMClientProtocolServer.java:start(159)) - RPC server for Client  is listening at /0.0.0.0:36541
2019-10-06 14:04:06,725 [IPC Server Responder] INFO  ipc.Server (Server.java:run(1314)) - IPC Server Responder: starting
2019-10-06 14:04:06,726 [IPC Server listener on 36541] INFO  ipc.Server (Server.java:run(1153)) - IPC Server listener on 36541: starting
2019-10-06 14:04:06,728 [main] INFO  server.StorageContainerManager (StorageContainerManager.java:start(780)) - ScmBlockLocationProtocol RPC server is listening at /0.0.0.0:34954
2019-10-06 14:04:06,729 [main] INFO  server.SCMBlockProtocolServer (SCMBlockProtocolServer.java:start(146)) - RPC server for Block Protocol is listening at /0.0.0.0:34954
2019-10-06 14:04:06,730 [IPC Server listener on 34954] INFO  ipc.Server (Server.java:run(1153)) - IPC Server listener on 34954: starting
2019-10-06 14:04:06,730 [IPC Server Responder] INFO  ipc.Server (Server.java:run(1314)) - IPC Server Responder: starting
2019-10-06 14:04:06,732 [main] INFO  server.StorageContainerManager (StorageContainerManager.java:start(784)) - ScmDatanodeProtocl RPC server is listening at /0.0.0.0:34015
2019-10-06 14:04:06,732 [main] INFO  server.SCMDatanodeProtocolServer (SCMDatanodeProtocolServer.java:start(169)) - RPC server for DataNodes is listening at /0.0.0.0:34015
2019-10-06 14:04:06,733 [IPC Server Responder] INFO  ipc.Server (Server.java:run(1314)) - IPC Server Responder: starting
2019-10-06 14:04:06,733 [IPC Server listener on 34015] INFO  ipc.Server (Server.java:run(1153)) - IPC Server listener on 34015: starting
2019-10-06 14:04:06,737 [main] INFO  http.HttpServer2 (HttpServer2.java:bindListener(1191)) - Jetty bound to port 32956
2019-10-06 14:04:06,738 [main] INFO  server.Server (Server.java:doStart(351)) - jetty-9.3.25.v20180904, build timestamp: 2018-09-04T21:11:46Z, git hash: 3ce520221d0240229c862b122d2b06c12a625732
2019-10-06 14:04:06,772 [main] INFO  handler.ContextHandler (ContextHandler.java:doStart(781)) - Started o.e.j.s.ServletContextHandler@340da44c{/logs,file:///workdir/hadoop-ozone/integration-test/target/log,AVAILABLE}
2019-10-06 14:04:06,773 [main] INFO  handler.ContextHandler (ContextHandler.java:doStart(781)) - Started o.e.j.s.ServletContextHandler@37052337{/static,file:///workdir/hadoop-ozone/integration-test/target/test-classes/webapps/static,AVAILABLE}
2019-10-06 14:04:06,807 [main] INFO  handler.ContextHandler (ContextHandler.java:doStart(781)) - Started o.e.j.w.WebAppContext@3b366632{/,file:///workdir/hadoop-ozone/integration-test/target/test-classes/webapps/scm/,AVAILABLE}{/scm}
2019-10-06 14:04:06,813 [main] INFO  server.AbstractConnector (AbstractConnector.java:doStart(278)) - Started ServerConnector@6815c5f2{HTTP/1.1,[http/1.1]}{0.0.0.0:32956}
2019-10-06 14:04:06,814 [main] INFO  server.Server (Server.java:doStart(419)) - Started @2790ms
2019-10-06 14:04:06,816 [main] INFO  impl.MetricsSinkAdapter (MetricsSinkAdapter.java:start(204)) - Sink prometheus started
2019-10-06 14:04:06,816 [main] INFO  impl.MetricsSystemImpl (MetricsSystemImpl.java:registerSink(301)) - Registered sink prometheus
2019-10-06 14:04:06,817 [main] INFO  server.BaseHttpServer (BaseHttpServer.java:updateConnectorAddress(215)) - HTTP server of SCM is listening at http://0.0.0.0:32956
2019-10-06 14:04:06,826 [org.apache.hadoop.util.JvmPauseMonitor$Monitor@4263b080] INFO  util.JvmPauseMonitor (JvmPauseMonitor.java:run(188)) - Starting JVM pause monitor
2019-10-06 14:04:06,832 [main] WARN  server.ServerUtils (ServerUtils.java:getDBPath(222)) - ozone.om.db.dirs is not configured. We recommend adding this setting. Falling back to ozone.metadata.dirs instead.
2019-10-06 14:04:06,967 [main] INFO  ha.OMHANodeDetails (OMHANodeDetails.java:loadOMHAConfig(190)) - Configuration either no ozone.om.address set. Falling back to the default OM address /127.0.0.1:0
2019-10-06 14:04:06,968 [main] INFO  ha.OMHANodeDetails (OMHANodeDetails.java:getOMNodeDetails(220)) - OM Service ID is not set. Setting it to the default ID: omServiceIdDefault
2019-10-06 14:04:06,970 [main] WARN  server.ServerUtils (ServerUtils.java:getDBPath(222)) - ozone.om.db.dirs is not configured. We recommend adding this setting. Falling back to ozone.metadata.dirs instead.
2019-10-06 14:04:06,970 [main] WARN  server.ServerUtils (ServerUtils.java:getDBPath(222)) - ozone.om.db.dirs is not configured. We recommend adding this setting. Falling back to ozone.metadata.dirs instead.
2019-10-06 14:04:07,700 [main] WARN  server.ServerUtils (ServerUtils.java:getDBPath(222)) - ozone.om.db.dirs is not configured. We recommend adding this setting. Falling back to ozone.metadata.dirs instead.
2019-10-06 14:04:07,709 [main] INFO  db.DBStoreBuilder (DBStoreBuilder.java:addTable(117)) - using custom profile for table: userTable
2019-10-06 14:04:07,709 [main] INFO  db.DBStoreBuilder (DBStoreBuilder.java:processTables(168)) - Using default column profile:DBProfile.DISK for Table:userTable
2019-10-06 14:04:07,709 [main] INFO  db.DBStoreBuilder (DBStoreBuilder.java:addTable(117)) - using custom profile for table: volumeTable
2019-10-06 14:04:07,710 [main] INFO  db.DBStoreBuilder (DBStoreBuilder.java:processTables(168)) - Using default column profile:DBProfile.DISK for Table:volumeTable
2019-10-06 14:04:07,710 [main] INFO  db.DBStoreBuilder (DBStoreBuilder.java:addTable(117)) - using custom profile for table: bucketTable
2019-10-06 14:04:07,710 [main] INFO  db.DBStoreBuilder (DBStoreBuilder.java:processTables(168)) - Using default column profile:DBProfile.DISK for Table:bucketTable
2019-10-06 14:04:07,710 [main] INFO  db.DBStoreBuilder (DBStoreBuilder.java:addTable(117)) - using custom profile for table: keyTable
2019-10-06 14:04:07,711 [main] INFO  db.DBStoreBuilder (DBStoreBuilder.java:processTables(168)) - Using default column profile:DBProfile.DISK for Table:keyTable
2019-10-06 14:04:07,711 [main] INFO  db.DBStoreBuilder (DBStoreBuilder.java:addTable(117)) - using custom profile for table: deletedTable
2019-10-06 14:04:07,711 [main] INFO  db.DBStoreBuilder (DBStoreBuilder.java:processTables(168)) - Using default column profile:DBProfile.DISK for Table:deletedTable
2019-10-06 14:04:07,711 [main] INFO  db.DBStoreBuilder (DBStoreBuilder.java:addTable(117)) - using custom profile for table: openKeyTable
2019-10-06 14:04:07,712 [main] INFO  db.DBStoreBuilder (DBStoreBuilder.java:processTables(168)) - Using default column profile:DBProfile.DISK for Table:openKeyTable
2019-10-06 14:04:07,712 [main] INFO  db.DBStoreBuilder (DBStoreBuilder.java:addTable(117)) - using custom profile for table: s3Table
2019-10-06 14:04:07,712 [main] INFO  db.DBStoreBuilder (DBStoreBuilder.java:processTables(168)) - Using default column profile:DBProfile.DISK for Table:s3Table
2019-10-06 14:04:07,713 [main] INFO  db.DBStoreBuilder (DBStoreBuilder.java:addTable(117)) - using custom profile for table: multipartInfoTable
2019-10-06 14:04:07,713 [main] INFO  db.DBStoreBuilder (DBStoreBuilder.java:processTables(168)) - Using default column profile:DBProfile.DISK for Table:multipartInfoTable
2019-10-06 14:04:07,713 [main] INFO  db.DBStoreBuilder (DBStoreBuilder.java:addTable(117)) - using custom profile for table: dTokenTable
2019-10-06 14:04:07,713 [main] INFO  db.DBStoreBuilder (DBStoreBuilder.java:processTables(168)) - Using default column profile:DBProfile.DISK for Table:dTokenTable
2019-10-06 14:04:07,714 [main] INFO  db.DBStoreBuilder (DBStoreBuilder.java:addTable(117)) - using custom profile for table: s3SecretTable
2019-10-06 14:04:07,714 [main] INFO  db.DBStoreBuilder (DBStoreBuilder.java:processTables(168)) - Using default column profile:DBProfile.DISK for Table:s3SecretTable
2019-10-06 14:04:07,714 [main] INFO  db.DBStoreBuilder (DBStoreBuilder.java:addTable(117)) - using custom profile for table: prefixTable
2019-10-06 14:04:07,714 [main] INFO  db.DBStoreBuilder (DBStoreBuilder.java:processTables(168)) - Using default column profile:DBProfile.DISK for Table:prefixTable
2019-10-06 14:04:07,715 [main] INFO  db.DBStoreBuilder (DBStoreBuilder.java:addTable(117)) - using custom profile for table: default
2019-10-06 14:04:07,715 [main] INFO  db.DBStoreBuilder (DBStoreBuilder.java:processTables(174)) - Using default column profile:DBProfile.DISK for Table:default
2019-10-06 14:04:07,715 [main] INFO  db.DBStoreBuilder (DBStoreBuilder.java:getDbProfile(205)) - Using default options. DBProfile.DISK
2019-10-06 14:04:08,155 [main] WARN  scm.HddsServerUtil (HddsServerUtil.java:getDefaultRatisDirectory(354)) - Storage directory for Ratis is not configured. It is a good idea to map this to an SSD disk. Falling back to ozone.metadata.dirs
2019-10-06 14:04:08,180 [main] INFO  ratis.OzoneManagerRatisServer (OzoneManagerRatisServer.java:<init>(241)) - Instantiating OM Ratis server with GroupID: omServiceIdDefault and Raft Peers: localhost:9872
2019-10-06 14:04:08,336 [main] INFO  impl.RaftServerProxy (ConfUtils.java:logGet(43)) - raft.rpc.type = GRPC (default)
2019-10-06 14:04:08,434 [main] INFO  grpc.GrpcFactory (GrpcFactory.java:checkPooledByteBufAllocatorUseCacheForAllThreads(45)) - PERFORMANCE WARNING: useCacheForAllThreads is true that may cause Netty to create a lot garbage objects and, as a result, trigger GC.
	It is recommended to disable useCacheForAllThreads by setting -Dorg.apache.ratis.thirdparty.io.netty.allocator.useCacheForAllThreads=false in command line.
2019-10-06 14:04:08,443 [main] INFO  grpc.GrpcConfigKeys$Server (ConfUtils.java:logGet(43)) - raft.grpc.server.port = 9872 (custom)
2019-10-06 14:04:08,444 [main] INFO  server.GrpcService (ConfUtils.java:logGet(43)) - raft.grpc.message.size.max = 33554432 (custom)
2019-10-06 14:04:08,446 [main] INFO  server.RaftServerConfigKeys (ConfUtils.java:logGet(43)) - raft.server.log.appender.buffer.byte-limit = 33554432 (custom)
2019-10-06 14:04:08,447 [main] INFO  server.GrpcService (ConfUtils.java:logGet(43)) - raft.grpc.flow.control.window = 1MB (=1048576) (default)
2019-10-06 14:04:08,448 [main] INFO  server.RaftServerConfigKeys (ConfUtils.java:logGet(43)) - raft.server.rpc.request.timeout = 3000ms (default)
2019-10-06 14:04:08,611 [main] INFO  server.RaftServerConfigKeys (ConfUtils.java:logGet(43)) - raft.server.storage.dir = [/workdir/hadoop-ozone/integration-test/target/test-dir/MiniOzoneClusterImpl-95cdcd50-9c11-4749-8e4a-58f78bdaccd6/ozone-meta/ratis] (custom)
2019-10-06 14:04:08,617 [main] INFO  impl.RaftServerProxy (RaftServerProxy.java:addNew(89)) - a68a15db-62eb-4ba4-a708-806e5ddf362b: addNew group-C5BA1605619E:[a68a15db-62eb-4ba4-a708-806e5ddf362b:localhost:9872] returns group-C5BA1605619E:java.util.concurrent.CompletableFuture@732c9b5c[Not completed]
2019-10-06 14:04:08,619 [main] INFO  om.OzoneManager (OzoneManager.java:initializeRatisServer(1215)) - OzoneManager Ratis server initialized at port 9872
2019-10-06 14:04:08,622 [main] WARN  scm.HddsServerUtil (HddsServerUtil.java:getDefaultRatisDirectory(354)) - Storage directory for Ratis is not configured. It is a good idea to map this to an SSD disk. Falling back to ozone.metadata.dirs
2019-10-06 14:04:08,623 [main] WARN  scm.HddsServerUtil (HddsServerUtil.java:getDefaultRatisDirectory(354)) - Storage directory for Ratis is not configured. It is a good idea to map this to an SSD disk. Falling back to ozone.metadata.dirs
2019-10-06 14:04:08,636 [pool-22-thread-1] INFO  impl.RaftServerImpl (RaftServerImpl.java:<init>(95)) - a68a15db-62eb-4ba4-a708-806e5ddf362b: new RaftServerImpl for group-C5BA1605619E:[a68a15db-62eb-4ba4-a708-806e5ddf362b:localhost:9872] with OzoneManagerStateMachine:uninitialized
2019-10-06 14:04:08,638 [pool-22-thread-1] INFO  server.RaftServerConfigKeys (ConfUtils.java:logGet(43)) - raft.server.rpc.timeout.min = 1s (custom)
2019-10-06 14:04:08,639 [pool-22-thread-1] INFO  server.RaftServerConfigKeys (ConfUtils.java:logGet(43)) - raft.server.rpc.timeout.max = 1200ms (custom)
2019-10-06 14:04:08,639 [main] INFO  ipc.CallQueueManager (CallQueueManager.java:<init>(84)) - Using callQueue: class java.util.concurrent.LinkedBlockingQueue, queueCapacity: 2000, scheduler: class org.apache.hadoop.ipc.DefaultRpcScheduler, ipcBackoff: false.
2019-10-06 14:04:08,639 [pool-22-thread-1] INFO  server.RaftServerConfigKeys (ConfUtils.java:logGet(43)) - raft.server.rpcslowness.timeout = 120s (custom)
2019-10-06 14:04:08,640 [Socket Reader #1 for port 43987] INFO  ipc.Server (Server.java:run(1074)) - Starting Socket Reader #1 for port 43987
2019-10-06 14:04:08,641 [pool-22-thread-1] INFO  server.RaftServerConfigKeys (ConfUtils.java:logGet(43)) - raft.server.sleep.deviation.threshold = 300 (default)
2019-10-06 14:04:08,642 [pool-22-thread-1] INFO  server.RaftServerConfigKeys (ConfUtils.java:logGet(43)) - raft.server.log.appender.install.snapshot.enabled = false (custom)
2019-10-06 14:04:08,652 [pool-22-thread-1] INFO  impl.RaftServerImpl (ServerState.java:<init>(103)) - a68a15db-62eb-4ba4-a708-806e5ddf362b@group-C5BA1605619E: ConfigurationManager, init=-1: [a68a15db-62eb-4ba4-a708-806e5ddf362b:localhost:9872], old=null, confs=<EMPTY_MAP>
2019-10-06 14:04:08,653 [pool-22-thread-1] INFO  server.RaftServerConfigKeys (ConfUtils.java:logGet(43)) - raft.server.storage.dir = [/workdir/hadoop-ozone/integration-test/target/test-dir/MiniOzoneClusterImpl-95cdcd50-9c11-4749-8e4a-58f78bdaccd6/ozone-meta/ratis] (custom)
2019-10-06 14:04:08,663 [main] INFO  om.OzoneManager (OzoneManager.java:start(1069)) - OzoneManager RPC server is listening at localhost/127.0.0.1:43987
2019-10-06 14:04:08,663 [main] INFO  impl.MetricsSystemImpl (MetricsSystemImpl.java:init(158)) - OzoneManager metrics system started (again)
2019-10-06 14:04:08,663 [main] INFO  ratis.OzoneManagerRatisServer (OzoneManagerRatisServer.java:start(331)) - Starting OzoneManagerRatisServer a68a15db-62eb-4ba4-a708-806e5ddf362b at port 9872
2019-10-06 14:04:08,665 [pool-22-thread-1] INFO  server.RaftServerConfigKeys (ConfUtils.java:logGet(43)) - raft.server.log.corruption.policy = EXCEPTION (default)
2019-10-06 14:04:08,668 [pool-22-thread-1] INFO  storage.RaftStorageDirectory (RaftStorageDirectory.java:analyzeStorage(246)) - The storage directory /workdir/hadoop-ozone/integration-test/target/test-dir/MiniOzoneClusterImpl-95cdcd50-9c11-4749-8e4a-58f78bdaccd6/ozone-meta/ratis/bf265839-605b-3f16-9796-c5ba1605619e does not exist. Creating ...
2019-10-06 14:04:08,685 [pool-22-thread-1] INFO  storage.RaftStorageDirectory (RaftStorageDirectory.java:tryLock(328)) - Lock on /workdir/hadoop-ozone/integration-test/target/test-dir/MiniOzoneClusterImpl-95cdcd50-9c11-4749-8e4a-58f78bdaccd6/ozone-meta/ratis/bf265839-605b-3f16-9796-c5ba1605619e/in_use.lock acquired by nodename 28818@ozone-build-dev-hxm7v-1976773872
2019-10-06 14:04:08,700 [pool-22-thread-1] INFO  storage.RaftStorage (RaftStorage.java:format(84)) - Storage directory /workdir/hadoop-ozone/integration-test/target/test-dir/MiniOzoneClusterImpl-95cdcd50-9c11-4749-8e4a-58f78bdaccd6/ozone-meta/ratis/bf265839-605b-3f16-9796-c5ba1605619e has been successfully formatted.
2019-10-06 14:04:08,704 [pool-22-thread-1] INFO  server.RaftServerConfigKeys (ConfUtils.java:logGet(43)) - raft.server.notification.no-leader.timeout = 120s (custom)
2019-10-06 14:04:08,707 [pool-22-thread-1] INFO  server.RaftServerConfigKeys (ConfUtils.java:logGet(43)) - raft.server.log.use.memory = false (default)
2019-10-06 14:04:08,713 [pool-22-thread-1] INFO  server.RaftServerConfigKeys (ConfUtils.java:logGet(43)) - raft.server.log.purge.gap = 1000000 (custom)
2019-10-06 14:04:08,713 [pool-22-thread-1] INFO  server.RaftServerConfigKeys (ConfUtils.java:logGet(43)) - raft.server.log.appender.buffer.byte-limit = 33554432 (custom)
2019-10-06 14:04:08,715 [pool-22-thread-1] INFO  server.RaftServerConfigKeys (ConfUtils.java:logGet(43)) - raft.server.log.segment.size.max = 16384 (custom)
2019-10-06 14:04:08,716 [pool-22-thread-1] INFO  impl.MetricsSystemImpl (MetricsSystemImpl.java:init(158)) - ratis metrics system started (again)
2019-10-06 14:04:08,720 [pool-22-thread-1] INFO  metrics.MetricRegistries (MetricRegistriesLoader.java:load(64)) - Loaded MetricRegistries class org.apache.ratis.metrics.impl.MetricRegistriesImpl
2019-10-06 14:04:08,751 [pool-22-thread-1] INFO  server.RaftServerConfigKeys (ConfUtils.java:logGet(43)) - raft.server.log.segment.cache.num.max = 2 (custom)
2019-10-06 14:04:08,756 [pool-22-thread-1] INFO  segmented.SegmentedRaftLogWorker (SegmentedRaftLogWorker.java:<init>(173)) - new a68a15db-62eb-4ba4-a708-806e5ddf362b@group-C5BA1605619E-SegmentedRaftLogWorker for RaftStorage:Storage Directory /workdir/hadoop-ozone/integration-test/target/test-dir/MiniOzoneClusterImpl-95cdcd50-9c11-4749-8e4a-58f78bdaccd6/ozone-meta/ratis/bf265839-605b-3f16-9796-c5ba1605619e
2019-10-06 14:04:08,757 [pool-22-thread-1] INFO  server.RaftServerConfigKeys (ConfUtils.java:logGet(43)) - raft.server.log.queue.byte-limit = 64MB (=67108864) (default)
2019-10-06 14:04:08,757 [pool-22-thread-1] INFO  server.RaftServerConfigKeys (ConfUtils.java:logGet(43)) - raft.server.log.queue.element-limit = 4096 (default)
2019-10-06 14:04:08,758 [pool-22-thread-1] INFO  server.RaftServerConfigKeys (ConfUtils.java:logGet(43)) - raft.server.log.segment.size.max = 16384 (custom)
2019-10-06 14:04:08,759 [pool-22-thread-1] INFO  server.RaftServerConfigKeys (ConfUtils.java:logGet(43)) - raft.server.log.preallocated.size = 16384 (custom)
2019-10-06 14:04:08,759 [pool-22-thread-1] INFO  server.RaftServerConfigKeys (ConfUtils.java:logGet(43)) - raft.server.log.write.buffer.size = 64KB (=65536) (default)
2019-10-06 14:04:08,760 [pool-22-thread-1] INFO  server.RaftServerConfigKeys (ConfUtils.java:logGet(43)) - raft.server.log.force.sync.num = 128 (default)
2019-10-06 14:04:08,761 [pool-22-thread-1] INFO  server.RaftServerConfigKeys (ConfUtils.java:logGet(43)) - raft.server.log.statemachine.data.sync = true (default)
2019-10-06 14:04:08,761 [pool-22-thread-1] INFO  server.RaftServerConfigKeys (ConfUtils.java:logGet(43)) - raft.server.log.statemachine.data.sync.timeout = 10s (default)
2019-10-06 14:04:08,762 [pool-22-thread-1] INFO  server.RaftServerConfigKeys (ConfUtils.java:logGet(43)) - raft.server.log.statemachine.data.sync.timeout.retry = -1 (default)
2019-10-06 14:04:08,774 [pool-22-thread-1] INFO  server.RaftServerConfigKeys (ConfUtils.java:logGet(43)) - raft.server.log.statemachine.data.caching.enabled = false (default)
2019-10-06 14:04:08,778 [pool-22-thread-1] INFO  segmented.SegmentedRaftLogWorker (SegmentedRaftLogWorker.java:lambda$new$0(128)) - a68a15db-62eb-4ba4-a708-806e5ddf362b@group-C5BA1605619E-SegmentedRaftLogWorker: flushIndex: setUnconditionally 0 -> -1
2019-10-06 14:04:08,783 [pool-22-thread-1] INFO  server.RaftServerConfigKeys (ConfUtils.java:logGet(43)) - raft.server.snapshot.auto.trigger.enabled = true (custom)
2019-10-06 14:04:08,784 [pool-22-thread-1] INFO  server.RaftServerConfigKeys (ConfUtils.java:logGet(43)) - raft.server.snapshot.auto.trigger.threshold = 400000 (default)
2019-10-06 14:04:08,785 [pool-22-thread-1] INFO  server.RaftServerConfigKeys (ConfUtils.java:logGet(43)) - raft.server.snapshot.retention.file.num = -1 (default)
2019-10-06 14:04:08,786 [pool-22-thread-1] INFO  server.RaftServerConfigKeys (ConfUtils.java:logGet(43)) - raft.server.retrycache.expirytime = 600000ms (custom)
2019-10-06 14:04:08,816 [main] INFO  impl.RaftServerImpl (RaftServerImpl.java:start(181)) - a68a15db-62eb-4ba4-a708-806e5ddf362b@group-C5BA1605619E: start as a follower, conf=-1: [a68a15db-62eb-4ba4-a708-806e5ddf362b:localhost:9872], old=null
2019-10-06 14:04:08,820 [main] INFO  impl.RaftServerImpl (RaftServerImpl.java:setRole(170)) - a68a15db-62eb-4ba4-a708-806e5ddf362b@group-C5BA1605619E: changes role from      null to FOLLOWER at term 0 for startAsFollower
2019-10-06 14:04:08,822 [main] INFO  impl.RoleInfo (RoleInfo.java:updateAndGet(143)) - a68a15db-62eb-4ba4-a708-806e5ddf362b: start FollowerState
2019-10-06 14:04:08,826 [main] INFO  util.JmxRegister (JmxRegister.java:tryRegister(44)) - Successfully registered JMX Bean with object name Ratis:service=RaftServer,group=group-C5BA1605619E,id=a68a15db-62eb-4ba4-a708-806e5ddf362b
2019-10-06 14:04:08,849 [main] INFO  impl.RaftServerProxy (RaftServerProxy.java:lambda$start$3(299)) - a68a15db-62eb-4ba4-a708-806e5ddf362b: start RPC server
2019-10-06 14:04:09,026 [main] INFO  server.GrpcService (GrpcService.java:startImpl(158)) - a68a15db-62eb-4ba4-a708-806e5ddf362b: GrpcService started, listening on 0.0.0.0/0.0.0.0:9872
2019-10-06 14:04:09,049 [IPC Server Responder] INFO  ipc.Server (Server.java:run(1314)) - IPC Server Responder: starting
2019-10-06 14:04:09,050 [IPC Server listener on 43987] INFO  ipc.Server (Server.java:run(1153)) - IPC Server listener on 43987: starting
2019-10-06 14:04:09,060 [main] INFO  hdfs.DFSUtil (DFSUtil.java:httpServerTemplateForNNAndJN(1641)) - Starting Web-server for ozoneManager at: http://0.0.0.0:0
2019-10-06 14:04:09,064 [main] INFO  server.AuthenticationFilter (AuthenticationFilter.java:constructSecretProvider(240)) - Unable to initialize FileSignerSecretProvider, falling back to use random secrets.
2019-10-06 14:04:09,067 [main] WARN  http.HttpRequestLog (HttpRequestLog.java:getRequestLog(97)) - Jetty request log can only be enabled using Log4j
2019-10-06 14:04:09,071 [main] INFO  http.HttpServer2 (HttpServer2.java:addGlobalFilter(975)) - Added global filter 'safety' (class=org.apache.hadoop.http.HttpServer2$QuotingInputFilter)
2019-10-06 14:04:09,073 [main] INFO  http.HttpServer2 (HttpServer2.java:addFilter(948)) - Added filter static_user_filter (class=org.apache.hadoop.http.lib.StaticUserWebFilter$StaticUserFilter) to context ozoneManager
2019-10-06 14:04:09,073 [main] INFO  http.HttpServer2 (HttpServer2.java:addFilter(958)) - Added filter static_user_filter (class=org.apache.hadoop.http.lib.StaticUserWebFilter$StaticUserFilter) to context logs
2019-10-06 14:04:09,074 [main] INFO  http.HttpServer2 (HttpServer2.java:addFilter(958)) - Added filter static_user_filter (class=org.apache.hadoop.http.lib.StaticUserWebFilter$StaticUserFilter) to context static
2019-10-06 14:04:09,078 [main] INFO  http.HttpServer2 (HttpServer2.java:bindListener(1191)) - Jetty bound to port 37273
2019-10-06 14:04:09,079 [main] INFO  server.Server (Server.java:doStart(351)) - jetty-9.3.25.v20180904, build timestamp: 2018-09-04T21:11:46Z, git hash: 3ce520221d0240229c862b122d2b06c12a625732
2019-10-06 14:04:09,083 [main] INFO  handler.ContextHandler (ContextHandler.java:doStart(781)) - Started o.e.j.s.ServletContextHandler@10bea4{/logs,file:///workdir/hadoop-ozone/integration-test/target/log,AVAILABLE}
2019-10-06 14:04:09,083 [main] INFO  handler.ContextHandler (ContextHandler.java:doStart(781)) - Started o.e.j.s.ServletContextHandler@7c1e32c9{/static,file:///workdir/hadoop-ozone/integration-test/target/test-classes/webapps/static,AVAILABLE}
2019-10-06 14:04:09,090 [main] INFO  handler.ContextHandler (ContextHandler.java:doStart(781)) - Started o.e.j.w.WebAppContext@12c60152{/,file:///workdir/hadoop-ozone/integration-test/target/test-classes/webapps/ozoneManager/,AVAILABLE}{/ozoneManager}
2019-10-06 14:04:09,091 [main] INFO  server.AbstractConnector (AbstractConnector.java:doStart(278)) - Started ServerConnector@2e807c54{HTTP/1.1,[http/1.1]}{0.0.0.0:37273}
2019-10-06 14:04:09,093 [main] INFO  server.Server (Server.java:doStart(419)) - Started @5068ms
2019-10-06 14:04:09,093 [main] WARN  impl.MetricsSystemImpl (MetricsSystemImpl.java:register(276)) - Sink prometheus already exists!
2019-10-06 14:04:09,094 [main] INFO  server.BaseHttpServer (BaseHttpServer.java:updateConnectorAddress(215)) - HTTP server of OZONEMANAGER is listening at http://0.0.0.0:37273
2019-10-06 14:04:09,278 [main] INFO  impl.MetricsSystemImpl (MetricsSystemImpl.java:init(158)) - HddsDatanode metrics system started (again)
2019-10-06 14:04:09,330 [main] INFO  ozone.HddsDatanodeService (HddsDatanodeService.java:start(184)) - HddsDatanodeService host:ozone-build-dev-hxm7v-1976773872 ip:192.168.151.114
2019-10-06 14:04:09,367 [main] INFO  volume.HddsVolume (HddsVolume.java:<init>(176)) - Creating Volume: /workdir/hadoop-ozone/integration-test/target/test-dir/MiniOzoneClusterImpl-95cdcd50-9c11-4749-8e4a-58f78bdaccd6/datanode-0/data/containers/hdds of  storage type : DISK and capacity : 1482555576320
2019-10-06 14:04:09,369 [main] INFO  volume.VolumeSet (VolumeSet.java:initializeVolumeSet(170)) - Added Volume : /workdir/hadoop-ozone/integration-test/target/test-dir/MiniOzoneClusterImpl-95cdcd50-9c11-4749-8e4a-58f78bdaccd6/datanode-0/data/containers/hdds to VolumeSet
2019-10-06 14:04:09,372 [main] INFO  volume.ThrottledAsyncChecker (ThrottledAsyncChecker.java:schedule(139)) - Scheduling a check for org.apache.hadoop.ozone.container.common.volume.HddsVolume@5b5e7036
2019-10-06 14:04:09,389 [main] INFO  volume.HddsVolumeChecker (HddsVolumeChecker.java:checkAllVolumes(202)) - Scheduled health check for volume org.apache.hadoop.ozone.container.common.volume.HddsVolume@5b5e7036
2019-10-06 14:04:09,447 [main] INFO  impl.RaftServerProxy (ConfUtils.java:logGet(43)) - raft.rpc.type = GRPC (default)
2019-10-06 14:04:09,448 [main] INFO  grpc.GrpcFactory (GrpcFactory.java:checkPooledByteBufAllocatorUseCacheForAllThreads(45)) - PERFORMANCE WARNING: useCacheForAllThreads is true that may cause Netty to create a lot garbage objects and, as a result, trigger GC.
	It is recommended to disable useCacheForAllThreads by setting -Dorg.apache.ratis.thirdparty.io.netty.allocator.useCacheForAllThreads=false in command line.
2019-10-06 14:04:09,449 [main] INFO  grpc.GrpcConfigKeys$Server (ConfUtils.java:logGet(43)) - raft.grpc.server.port = 0 (default)
2019-10-06 14:04:09,450 [main] INFO  server.GrpcService (ConfUtils.java:logGet(43)) - raft.grpc.message.size.max = 33570816 (custom)
2019-10-06 14:04:09,450 [main] INFO  server.RaftServerConfigKeys (ConfUtils.java:logGet(43)) - raft.server.log.appender.buffer.byte-limit = 33554432 (custom)
2019-10-06 14:04:09,450 [main] INFO  server.GrpcService (ConfUtils.java:logGet(43)) - raft.grpc.flow.control.window = 1MB (=1048576) (default)
2019-10-06 14:04:09,451 [main] INFO  server.RaftServerConfigKeys (ConfUtils.java:logGet(43)) - raft.server.rpc.request.timeout = 3000ms (default)
2019-10-06 14:04:09,452 [main] INFO  server.RaftServerConfigKeys (ConfUtils.java:logGet(43)) - raft.server.storage.dir = [/workdir/hadoop-ozone/integration-test/target/test-dir/MiniOzoneClusterImpl-95cdcd50-9c11-4749-8e4a-58f78bdaccd6/datanode-0/data/ratis] (custom)
2019-10-06 14:04:09,504 [main] INFO  hdfs.DFSUtil (DFSUtil.java:httpServerTemplateForNNAndJN(1641)) - Starting Web-server for hddsDatanode at: http://0.0.0.0:0
2019-10-06 14:04:09,505 [main] INFO  server.AuthenticationFilter (AuthenticationFilter.java:constructSecretProvider(240)) - Unable to initialize FileSignerSecretProvider, falling back to use random secrets.
2019-10-06 14:04:09,506 [main] WARN  http.HttpRequestLog (HttpRequestLog.java:getRequestLog(97)) - Jetty request log can only be enabled using Log4j
2019-10-06 14:04:09,508 [main] INFO  http.HttpServer2 (HttpServer2.java:addGlobalFilter(975)) - Added global filter 'safety' (class=org.apache.hadoop.http.HttpServer2$QuotingInputFilter)
2019-10-06 14:04:09,509 [main] INFO  http.HttpServer2 (HttpServer2.java:addFilter(948)) - Added filter static_user_filter (class=org.apache.hadoop.http.lib.StaticUserWebFilter$StaticUserFilter) to context hddsDatanode
2019-10-06 14:04:09,509 [main] INFO  http.HttpServer2 (HttpServer2.java:addFilter(958)) - Added filter static_user_filter (class=org.apache.hadoop.http.lib.StaticUserWebFilter$StaticUserFilter) to context logs
2019-10-06 14:04:09,510 [main] INFO  http.HttpServer2 (HttpServer2.java:addFilter(958)) - Added filter static_user_filter (class=org.apache.hadoop.http.lib.StaticUserWebFilter$StaticUserFilter) to context static
2019-10-06 14:04:09,511 [main] INFO  http.HttpServer2 (HttpServer2.java:bindListener(1191)) - Jetty bound to port 41035
2019-10-06 14:04:09,511 [main] INFO  server.Server (Server.java:doStart(351)) - jetty-9.3.25.v20180904, build timestamp: 2018-09-04T21:11:46Z, git hash: 3ce520221d0240229c862b122d2b06c12a625732
2019-10-06 14:04:09,514 [main] INFO  handler.ContextHandler (ContextHandler.java:doStart(781)) - Started o.e.j.s.ServletContextHandler@352ed70d{/logs,file:///workdir/hadoop-ozone/integration-test/target/log,AVAILABLE}
2019-10-06 14:04:09,515 [main] INFO  handler.ContextHandler (ContextHandler.java:doStart(781)) - Started o.e.j.s.ServletContextHandler@5793b87{/static,jar:file:/home/user/.m2/repository/org/apache/hadoop/hadoop-hdds-container-service/0.5.0-SNAPSHOT/hadoop-hdds-container-service-0.5.0-SNAPSHOT.jar!/webapps/static,AVAILABLE}
2019-10-06 14:04:09,549 [main] INFO  handler.ContextHandler (ContextHandler.java:doStart(781)) - Started o.e.j.w.WebAppContext@7b676112{/,file:///tmp/jetty-0.0.0.0-41035-hddsDatanode-_-any-6391539664930832968.dir/webapp/,AVAILABLE}{/hddsDatanode}
2019-10-06 14:04:09,550 [main] INFO  server.AbstractConnector (AbstractConnector.java:doStart(278)) - Started ServerConnector@5578be42{HTTP/1.1,[http/1.1]}{0.0.0.0:41035}
2019-10-06 14:04:09,553 [main] INFO  server.Server (Server.java:doStart(419)) - Started @5529ms
2019-10-06 14:04:09,553 [main] WARN  impl.MetricsSystemImpl (MetricsSystemImpl.java:register(276)) - Sink prometheus already exists!
2019-10-06 14:04:09,555 [main] INFO  server.BaseHttpServer (BaseHttpServer.java:updateConnectorAddress(215)) - HTTP server of HDDSDATANODE is listening at http://0.0.0.0:41035
2019-10-06 14:04:09,556 [main] INFO  impl.MetricsSystemImpl (MetricsSystemImpl.java:init(158)) - HddsDatanode metrics system started (again)
2019-10-06 14:04:09,559 [main] INFO  ozone.HddsDatanodeService (HddsDatanodeService.java:start(184)) - HddsDatanodeService host:ozone-build-dev-hxm7v-1976773872 ip:192.168.151.114
2019-10-06 14:04:09,561 [org.apache.hadoop.util.JvmPauseMonitor$Monitor@1fed5ff8] INFO  util.JvmPauseMonitor (JvmPauseMonitor.java:run(188)) - Starting JVM pause monitor
2019-10-06 14:04:09,567 [main] INFO  volume.HddsVolume (HddsVolume.java:<init>(176)) - Creating Volume: /workdir/hadoop-ozone/integration-test/target/test-dir/MiniOzoneClusterImpl-95cdcd50-9c11-4749-8e4a-58f78bdaccd6/datanode-1/data/containers/hdds of  storage type : DISK and capacity : 1482555576320
2019-10-06 14:04:09,567 [main] INFO  volume.VolumeSet (VolumeSet.java:initializeVolumeSet(170)) - Added Volume : /workdir/hadoop-ozone/integration-test/target/test-dir/MiniOzoneClusterImpl-95cdcd50-9c11-4749-8e4a-58f78bdaccd6/datanode-1/data/containers/hdds to VolumeSet
2019-10-06 14:04:09,568 [main] INFO  volume.ThrottledAsyncChecker (ThrottledAsyncChecker.java:schedule(139)) - Scheduling a check for org.apache.hadoop.ozone.container.common.volume.HddsVolume@5d8ab698
2019-10-06 14:04:09,568 [main] INFO  volume.HddsVolumeChecker (HddsVolumeChecker.java:checkAllVolumes(202)) - Scheduled health check for volume org.apache.hadoop.ozone.container.common.volume.HddsVolume@5d8ab698
2019-10-06 14:04:09,583 [main] INFO  impl.RaftServerProxy (ConfUtils.java:logGet(43)) - raft.rpc.type = GRPC (default)
2019-10-06 14:04:09,583 [main] INFO  grpc.GrpcFactory (GrpcFactory.java:checkPooledByteBufAllocatorUseCacheForAllThreads(45)) - PERFORMANCE WARNING: useCacheForAllThreads is true that may cause Netty to create a lot garbage objects and, as a result, trigger GC.
	It is recommended to disable useCacheForAllThreads by setting -Dorg.apache.ratis.thirdparty.io.netty.allocator.useCacheForAllThreads=false in command line.
2019-10-06 14:04:09,583 [main] INFO  grpc.GrpcConfigKeys$Server (ConfUtils.java:logGet(43)) - raft.grpc.server.port = 0 (default)
2019-10-06 14:04:09,583 [main] INFO  server.GrpcService (ConfUtils.java:logGet(43)) - raft.grpc.message.size.max = 33570816 (custom)
2019-10-06 14:04:09,584 [main] INFO  server.RaftServerConfigKeys (ConfUtils.java:logGet(43)) - raft.server.log.appender.buffer.byte-limit = 33554432 (custom)
2019-10-06 14:04:09,584 [main] INFO  server.GrpcService (ConfUtils.java:logGet(43)) - raft.grpc.flow.control.window = 1MB (=1048576) (default)
2019-10-06 14:04:09,584 [main] INFO  server.RaftServerConfigKeys (ConfUtils.java:logGet(43)) - raft.server.rpc.request.timeout = 3000ms (default)
2019-10-06 14:04:09,585 [main] INFO  server.RaftServerConfigKeys (ConfUtils.java:logGet(43)) - raft.server.storage.dir = [/workdir/hadoop-ozone/integration-test/target/test-dir/MiniOzoneClusterImpl-95cdcd50-9c11-4749-8e4a-58f78bdaccd6/datanode-1/data/ratis] (custom)
2019-10-06 14:04:09,586 [main] INFO  hdfs.DFSUtil (DFSUtil.java:httpServerTemplateForNNAndJN(1641)) - Starting Web-server for hddsDatanode at: http://0.0.0.0:0
2019-10-06 14:04:09,587 [main] INFO  server.AuthenticationFilter (AuthenticationFilter.java:constructSecretProvider(240)) - Unable to initialize FileSignerSecretProvider, falling back to use random secrets.
2019-10-06 14:04:09,588 [main] WARN  http.HttpRequestLog (HttpRequestLog.java:getRequestLog(97)) - Jetty request log can only be enabled using Log4j
2019-10-06 14:04:09,589 [main] INFO  http.HttpServer2 (HttpServer2.java:addGlobalFilter(975)) - Added global filter 'safety' (class=org.apache.hadoop.http.HttpServer2$QuotingInputFilter)
2019-10-06 14:04:09,590 [main] INFO  http.HttpServer2 (HttpServer2.java:addFilter(948)) - Added filter static_user_filter (class=org.apache.hadoop.http.lib.StaticUserWebFilter$StaticUserFilter) to context hddsDatanode
2019-10-06 14:04:09,590 [main] INFO  http.HttpServer2 (HttpServer2.java:addFilter(958)) - Added filter static_user_filter (class=org.apache.hadoop.http.lib.StaticUserWebFilter$StaticUserFilter) to context logs
2019-10-06 14:04:09,590 [main] INFO  http.HttpServer2 (HttpServer2.java:addFilter(958)) - Added filter static_user_filter (class=org.apache.hadoop.http.lib.StaticUserWebFilter$StaticUserFilter) to context static
2019-10-06 14:04:09,591 [main] INFO  http.HttpServer2 (HttpServer2.java:bindListener(1191)) - Jetty bound to port 35089
2019-10-06 14:04:09,591 [main] INFO  server.Server (Server.java:doStart(351)) - jetty-9.3.25.v20180904, build timestamp: 2018-09-04T21:11:46Z, git hash: 3ce520221d0240229c862b122d2b06c12a625732
2019-10-06 14:04:09,594 [main] INFO  handler.ContextHandler (ContextHandler.java:doStart(781)) - Started o.e.j.s.ServletContextHandler@80bfa9d{/logs,file:///workdir/hadoop-ozone/integration-test/target/log,AVAILABLE}
2019-10-06 14:04:09,595 [main] INFO  handler.ContextHandler (ContextHandler.java:doStart(781)) - Started o.e.j.s.ServletContextHandler@4b039c6d{/static,jar:file:/home/user/.m2/repository/org/apache/hadoop/hadoop-hdds-container-service/0.5.0-SNAPSHOT/hadoop-hdds-container-service-0.5.0-SNAPSHOT.jar!/webapps/static,AVAILABLE}
2019-10-06 14:04:09,626 [main] INFO  handler.ContextHandler (ContextHandler.java:doStart(781)) - Started o.e.j.w.WebAppContext@7654f833{/,file:///tmp/jetty-0.0.0.0-35089-hddsDatanode-_-any-7712014262812662700.dir/webapp/,AVAILABLE}{/hddsDatanode}
2019-10-06 14:04:09,627 [main] INFO  server.AbstractConnector (AbstractConnector.java:doStart(278)) - Started ServerConnector@571a01f9{HTTP/1.1,[http/1.1]}{0.0.0.0:35089}
2019-10-06 14:04:09,629 [main] INFO  server.Server (Server.java:doStart(419)) - Started @5605ms
2019-10-06 14:04:09,629 [main] WARN  impl.MetricsSystemImpl (MetricsSystemImpl.java:register(276)) - Sink prometheus already exists!
2019-10-06 14:04:09,630 [main] INFO  server.BaseHttpServer (BaseHttpServer.java:updateConnectorAddress(215)) - HTTP server of HDDSDATANODE is listening at http://0.0.0.0:35089
2019-10-06 14:04:09,630 [main] INFO  impl.MetricsSystemImpl (MetricsSystemImpl.java:init(158)) - HddsDatanode metrics system started (again)
2019-10-06 14:04:09,633 [main] INFO  ozone.HddsDatanodeService (HddsDatanodeService.java:start(184)) - HddsDatanodeService host:ozone-build-dev-hxm7v-1976773872 ip:192.168.151.114
2019-10-06 14:04:09,634 [org.apache.hadoop.util.JvmPauseMonitor$Monitor@1ffe3655] INFO  util.JvmPauseMonitor (JvmPauseMonitor.java:run(188)) - Starting JVM pause monitor
2019-10-06 14:04:09,642 [main] INFO  volume.HddsVolume (HddsVolume.java:<init>(176)) - Creating Volume: /workdir/hadoop-ozone/integration-test/target/test-dir/MiniOzoneClusterImpl-95cdcd50-9c11-4749-8e4a-58f78bdaccd6/datanode-2/data/containers/hdds of  storage type : DISK and capacity : 1482555576320
2019-10-06 14:04:09,642 [main] INFO  volume.VolumeSet (VolumeSet.java:initializeVolumeSet(170)) - Added Volume : /workdir/hadoop-ozone/integration-test/target/test-dir/MiniOzoneClusterImpl-95cdcd50-9c11-4749-8e4a-58f78bdaccd6/datanode-2/data/containers/hdds to VolumeSet
2019-10-06 14:04:09,642 [main] INFO  volume.ThrottledAsyncChecker (ThrottledAsyncChecker.java:schedule(139)) - Scheduling a check for org.apache.hadoop.ozone.container.common.volume.HddsVolume@69923ac3
2019-10-06 14:04:09,643 [main] INFO  volume.HddsVolumeChecker (HddsVolumeChecker.java:checkAllVolumes(202)) - Scheduled health check for volume org.apache.hadoop.ozone.container.common.volume.HddsVolume@69923ac3
2019-10-06 14:04:09,658 [main] INFO  impl.RaftServerProxy (ConfUtils.java:logGet(43)) - raft.rpc.type = GRPC (default)
2019-10-06 14:04:09,658 [main] INFO  grpc.GrpcFactory (GrpcFactory.java:checkPooledByteBufAllocatorUseCacheForAllThreads(45)) - PERFORMANCE WARNING: useCacheForAllThreads is true that may cause Netty to create a lot garbage objects and, as a result, trigger GC.
	It is recommended to disable useCacheForAllThreads by setting -Dorg.apache.ratis.thirdparty.io.netty.allocator.useCacheForAllThreads=false in command line.
2019-10-06 14:04:09,658 [main] INFO  grpc.GrpcConfigKeys$Server (ConfUtils.java:logGet(43)) - raft.grpc.server.port = 0 (default)
2019-10-06 14:04:09,659 [main] INFO  server.GrpcService (ConfUtils.java:logGet(43)) - raft.grpc.message.size.max = 33570816 (custom)
2019-10-06 14:04:09,659 [main] INFO  server.RaftServerConfigKeys (ConfUtils.java:logGet(43)) - raft.server.log.appender.buffer.byte-limit = 33554432 (custom)
2019-10-06 14:04:09,659 [main] INFO  server.GrpcService (ConfUtils.java:logGet(43)) - raft.grpc.flow.control.window = 1MB (=1048576) (default)
2019-10-06 14:04:09,659 [main] INFO  server.RaftServerConfigKeys (ConfUtils.java:logGet(43)) - raft.server.rpc.request.timeout = 3000ms (default)
2019-10-06 14:04:09,660 [main] INFO  server.RaftServerConfigKeys (ConfUtils.java:logGet(43)) - raft.server.storage.dir = [/workdir/hadoop-ozone/integration-test/target/test-dir/MiniOzoneClusterImpl-95cdcd50-9c11-4749-8e4a-58f78bdaccd6/datanode-2/data/ratis] (custom)
2019-10-06 14:04:09,662 [main] INFO  hdfs.DFSUtil (DFSUtil.java:httpServerTemplateForNNAndJN(1641)) - Starting Web-server for hddsDatanode at: http://0.0.0.0:0
2019-10-06 14:04:09,663 [main] INFO  server.AuthenticationFilter (AuthenticationFilter.java:constructSecretProvider(240)) - Unable to initialize FileSignerSecretProvider, falling back to use random secrets.
2019-10-06 14:04:09,664 [main] WARN  http.HttpRequestLog (HttpRequestLog.java:getRequestLog(97)) - Jetty request log can only be enabled using Log4j
2019-10-06 14:04:09,665 [main] INFO  http.HttpServer2 (HttpServer2.java:addGlobalFilter(975)) - Added global filter 'safety' (class=org.apache.hadoop.http.HttpServer2$QuotingInputFilter)
2019-10-06 14:04:09,666 [main] INFO  http.HttpServer2 (HttpServer2.java:addFilter(948)) - Added filter static_user_filter (class=org.apache.hadoop.http.lib.StaticUserWebFilter$StaticUserFilter) to context hddsDatanode
2019-10-06 14:04:09,666 [main] INFO  http.HttpServer2 (HttpServer2.java:addFilter(958)) - Added filter static_user_filter (class=org.apache.hadoop.http.lib.StaticUserWebFilter$StaticUserFilter) to context static
2019-10-06 14:04:09,666 [main] INFO  http.HttpServer2 (HttpServer2.java:addFilter(958)) - Added filter static_user_filter (class=org.apache.hadoop.http.lib.StaticUserWebFilter$StaticUserFilter) to context logs
2019-10-06 14:04:09,667 [main] INFO  http.HttpServer2 (HttpServer2.java:bindListener(1191)) - Jetty bound to port 35419
2019-10-06 14:04:09,667 [main] INFO  server.Server (Server.java:doStart(351)) - jetty-9.3.25.v20180904, build timestamp: 2018-09-04T21:11:46Z, git hash: 3ce520221d0240229c862b122d2b06c12a625732
2019-10-06 14:04:09,669 [main] INFO  handler.ContextHandler (ContextHandler.java:doStart(781)) - Started o.e.j.s.ServletContextHandler@32177fa5{/logs,file:///workdir/hadoop-ozone/integration-test/target/log,AVAILABLE}
2019-10-06 14:04:09,670 [main] INFO  handler.ContextHandler (ContextHandler.java:doStart(781)) - Started o.e.j.s.ServletContextHandler@6ab4a5b{/static,jar:file:/home/user/.m2/repository/org/apache/hadoop/hadoop-hdds-container-service/0.5.0-SNAPSHOT/hadoop-hdds-container-service-0.5.0-SNAPSHOT.jar!/webapps/static,AVAILABLE}
2019-10-06 14:04:09,686 [Datanode State Machine Thread - 0] INFO  datanode.InitDatanodeState (InitDatanodeState.java:persistContainerDatanodeDetails(140)) - DatanodeDetails is persisted to /workdir/hadoop-ozone/integration-test/target/test-dir/MiniOzoneClusterImpl-95cdcd50-9c11-4749-8e4a-58f78bdaccd6/datanode-0/meta/datanode.id
2019-10-06 14:04:09,691 [Datanode State Machine Thread - 0] INFO  datanode.InitDatanodeState (InitDatanodeState.java:persistContainerDatanodeDetails(140)) - DatanodeDetails is persisted to /workdir/hadoop-ozone/integration-test/target/test-dir/MiniOzoneClusterImpl-95cdcd50-9c11-4749-8e4a-58f78bdaccd6/datanode-1/meta/datanode.id
2019-10-06 14:04:09,703 [main] INFO  handler.ContextHandler (ContextHandler.java:doStart(781)) - Started o.e.j.w.WebAppContext@54db056b{/,file:///tmp/jetty-0.0.0.0-35419-hddsDatanode-_-any-3581142906480835924.dir/webapp/,AVAILABLE}{/hddsDatanode}
2019-10-06 14:04:09,704 [main] INFO  server.AbstractConnector (AbstractConnector.java:doStart(278)) - Started ServerConnector@d5af0a5{HTTP/1.1,[http/1.1]}{0.0.0.0:35419}
2019-10-06 14:04:09,705 [main] INFO  server.Server (Server.java:doStart(419)) - Started @5681ms
2019-10-06 14:04:09,706 [main] WARN  impl.MetricsSystemImpl (MetricsSystemImpl.java:register(276)) - Sink prometheus already exists!
2019-10-06 14:04:09,707 [main] INFO  server.BaseHttpServer (BaseHttpServer.java:updateConnectorAddress(215)) - HTTP server of HDDSDATANODE is listening at http://0.0.0.0:35419
2019-10-06 14:04:09,707 [main] INFO  impl.MetricsSystemImpl (MetricsSystemImpl.java:init(158)) - HddsDatanode metrics system started (again)
2019-10-06 14:04:09,710 [org.apache.hadoop.util.JvmPauseMonitor$Monitor@5c41e77f] INFO  util.JvmPauseMonitor (JvmPauseMonitor.java:run(188)) - Starting JVM pause monitor
2019-10-06 14:04:09,710 [main] INFO  ozone.HddsDatanodeService (HddsDatanodeService.java:start(184)) - HddsDatanodeService host:ozone-build-dev-hxm7v-1976773872 ip:192.168.151.114
2019-10-06 14:04:09,713 [Datanode State Machine Thread - 0] INFO  datanode.InitDatanodeState (InitDatanodeState.java:persistContainerDatanodeDetails(140)) - DatanodeDetails is persisted to /workdir/hadoop-ozone/integration-test/target/test-dir/MiniOzoneClusterImpl-95cdcd50-9c11-4749-8e4a-58f78bdaccd6/datanode-2/meta/datanode.id
2019-10-06 14:04:09,718 [main] INFO  volume.HddsVolume (HddsVolume.java:<init>(176)) - Creating Volume: /workdir/hadoop-ozone/integration-test/target/test-dir/MiniOzoneClusterImpl-95cdcd50-9c11-4749-8e4a-58f78bdaccd6/datanode-3/data/containers/hdds of  storage type : DISK and capacity : 1482555576320
2019-10-06 14:04:09,719 [main] INFO  volume.VolumeSet (VolumeSet.java:initializeVolumeSet(170)) - Added Volume : /workdir/hadoop-ozone/integration-test/target/test-dir/MiniOzoneClusterImpl-95cdcd50-9c11-4749-8e4a-58f78bdaccd6/datanode-3/data/containers/hdds to VolumeSet
2019-10-06 14:04:09,719 [main] INFO  volume.ThrottledAsyncChecker (ThrottledAsyncChecker.java:schedule(139)) - Scheduling a check for org.apache.hadoop.ozone.container.common.volume.HddsVolume@70211df5
2019-10-06 14:04:09,720 [main] INFO  volume.HddsVolumeChecker (HddsVolumeChecker.java:checkAllVolumes(202)) - Scheduled health check for volume org.apache.hadoop.ozone.container.common.volume.HddsVolume@70211df5
2019-10-06 14:04:09,738 [main] INFO  impl.RaftServerProxy (ConfUtils.java:logGet(43)) - raft.rpc.type = GRPC (default)
2019-10-06 14:04:09,738 [main] INFO  grpc.GrpcFactory (GrpcFactory.java:checkPooledByteBufAllocatorUseCacheForAllThreads(45)) - PERFORMANCE WARNING: useCacheForAllThreads is true that may cause Netty to create a lot garbage objects and, as a result, trigger GC.
	It is recommended to disable useCacheForAllThreads by setting -Dorg.apache.ratis.thirdparty.io.netty.allocator.useCacheForAllThreads=false in command line.
2019-10-06 14:04:09,738 [main] INFO  grpc.GrpcConfigKeys$Server (ConfUtils.java:logGet(43)) - raft.grpc.server.port = 0 (default)
2019-10-06 14:04:09,739 [main] INFO  server.GrpcService (ConfUtils.java:logGet(43)) - raft.grpc.message.size.max = 33570816 (custom)
2019-10-06 14:04:09,739 [main] INFO  server.RaftServerConfigKeys (ConfUtils.java:logGet(43)) - raft.server.log.appender.buffer.byte-limit = 33554432 (custom)
2019-10-06 14:04:09,739 [main] INFO  server.GrpcService (ConfUtils.java:logGet(43)) - raft.grpc.flow.control.window = 1MB (=1048576) (default)
2019-10-06 14:04:09,740 [main] INFO  server.RaftServerConfigKeys (ConfUtils.java:logGet(43)) - raft.server.rpc.request.timeout = 3000ms (default)
2019-10-06 14:04:09,740 [main] INFO  server.RaftServerConfigKeys (ConfUtils.java:logGet(43)) - raft.server.storage.dir = [/workdir/hadoop-ozone/integration-test/target/test-dir/MiniOzoneClusterImpl-95cdcd50-9c11-4749-8e4a-58f78bdaccd6/datanode-3/data/ratis] (custom)
2019-10-06 14:04:09,742 [main] INFO  hdfs.DFSUtil (DFSUtil.java:httpServerTemplateForNNAndJN(1641)) - Starting Web-server for hddsDatanode at: http://0.0.0.0:0
2019-10-06 14:04:09,744 [main] INFO  server.AuthenticationFilter (AuthenticationFilter.java:constructSecretProvider(240)) - Unable to initialize FileSignerSecretProvider, falling back to use random secrets.
2019-10-06 14:04:09,744 [main] WARN  http.HttpRequestLog (HttpRequestLog.java:getRequestLog(97)) - Jetty request log can only be enabled using Log4j
2019-10-06 14:04:09,745 [main] INFO  http.HttpServer2 (HttpServer2.java:addGlobalFilter(975)) - Added global filter 'safety' (class=org.apache.hadoop.http.HttpServer2$QuotingInputFilter)
2019-10-06 14:04:09,746 [main] INFO  http.HttpServer2 (HttpServer2.java:addFilter(948)) - Added filter static_user_filter (class=org.apache.hadoop.http.lib.StaticUserWebFilter$StaticUserFilter) to context hddsDatanode
2019-10-06 14:04:09,746 [main] INFO  http.HttpServer2 (HttpServer2.java:addFilter(958)) - Added filter static_user_filter (class=org.apache.hadoop.http.lib.StaticUserWebFilter$StaticUserFilter) to context logs
2019-10-06 14:04:09,746 [main] INFO  http.HttpServer2 (HttpServer2.java:addFilter(958)) - Added filter static_user_filter (class=org.apache.hadoop.http.lib.StaticUserWebFilter$StaticUserFilter) to context static
2019-10-06 14:04:09,747 [main] INFO  http.HttpServer2 (HttpServer2.java:bindListener(1191)) - Jetty bound to port 33556
2019-10-06 14:04:09,747 [main] INFO  server.Server (Server.java:doStart(351)) - jetty-9.3.25.v20180904, build timestamp: 2018-09-04T21:11:46Z, git hash: 3ce520221d0240229c862b122d2b06c12a625732
2019-10-06 14:04:09,751 [main] INFO  handler.ContextHandler (ContextHandler.java:doStart(781)) - Started o.e.j.s.ServletContextHandler@514de325{/logs,file:///workdir/hadoop-ozone/integration-test/target/log,AVAILABLE}
2019-10-06 14:04:09,752 [main] INFO  handler.ContextHandler (ContextHandler.java:doStart(781)) - Started o.e.j.s.ServletContextHandler@43a65cd8{/static,jar:file:/home/user/.m2/repository/org/apache/hadoop/hadoop-hdds-container-service/0.5.0-SNAPSHOT/hadoop-hdds-container-service-0.5.0-SNAPSHOT.jar!/webapps/static,AVAILABLE}
2019-10-06 14:04:09,781 [main] INFO  handler.ContextHandler (ContextHandler.java:doStart(781)) - Started o.e.j.w.WebAppContext@6e6d4780{/,file:///tmp/jetty-0.0.0.0-33556-hddsDatanode-_-any-1198962211476849391.dir/webapp/,AVAILABLE}{/hddsDatanode}
2019-10-06 14:04:09,782 [main] INFO  server.AbstractConnector (AbstractConnector.java:doStart(278)) - Started ServerConnector@650ae78c{HTTP/1.1,[http/1.1]}{0.0.0.0:33556}
2019-10-06 14:04:09,782 [main] INFO  server.Server (Server.java:doStart(419)) - Started @5759ms
2019-10-06 14:04:09,784 [main] WARN  impl.MetricsSystemImpl (MetricsSystemImpl.java:register(276)) - Sink prometheus already exists!
2019-10-06 14:04:09,784 [main] INFO  server.BaseHttpServer (BaseHttpServer.java:updateConnectorAddress(215)) - HTTP server of HDDSDATANODE is listening at http://0.0.0.0:33556
2019-10-06 14:04:09,786 [main] INFO  ozone.MiniOzoneClusterImpl (MiniOzoneClusterImpl.java:lambda$waitForClusterToBeReady$0(147)) - Waiting for cluster to be ready. Got 0 of 4 DN Heartbeats.
2019-10-06 14:04:09,788 [org.apache.hadoop.util.JvmPauseMonitor$Monitor@422bfbc5] INFO  util.JvmPauseMonitor (JvmPauseMonitor.java:run(188)) - Starting JVM pause monitor
2019-10-06 14:04:09,791 [Datanode State Machine Thread - 0] INFO  datanode.InitDatanodeState (InitDatanodeState.java:persistContainerDatanodeDetails(140)) - DatanodeDetails is persisted to /workdir/hadoop-ozone/integration-test/target/test-dir/MiniOzoneClusterImpl-95cdcd50-9c11-4749-8e4a-58f78bdaccd6/datanode-3/meta/datanode.id
2019-10-06 14:04:09,903 [Thread-93] INFO  impl.FollowerState (FollowerState.java:run(108)) - a68a15db-62eb-4ba4-a708-806e5ddf362b@group-C5BA1605619E-FollowerState: change to CANDIDATE, lastRpcTime:1080ms, electionTimeout:1079ms
2019-10-06 14:04:09,906 [Thread-93] INFO  impl.RoleInfo (RoleInfo.java:shutdownFollowerState(121)) - a68a15db-62eb-4ba4-a708-806e5ddf362b: shutdown FollowerState
2019-10-06 14:04:09,907 [Thread-93] INFO  impl.RaftServerImpl (RaftServerImpl.java:setRole(170)) - a68a15db-62eb-4ba4-a708-806e5ddf362b@group-C5BA1605619E: changes role from  FOLLOWER to CANDIDATE at term 0 for changeToCandidate
2019-10-06 14:04:09,914 [Thread-93] INFO  impl.RoleInfo (RoleInfo.java:updateAndGet(143)) - a68a15db-62eb-4ba4-a708-806e5ddf362b: start LeaderElection
2019-10-06 14:04:09,930 [a68a15db-62eb-4ba4-a708-806e5ddf362b@group-C5BA1605619E-LeaderElection1] INFO  impl.LeaderElection (LeaderElection.java:askForVotes(178)) - a68a15db-62eb-4ba4-a708-806e5ddf362b@group-C5BA1605619E-LeaderElection1: begin an election at term 1 for -1: [a68a15db-62eb-4ba4-a708-806e5ddf362b:localhost:9872], old=null
2019-10-06 14:04:09,932 [a68a15db-62eb-4ba4-a708-806e5ddf362b@group-C5BA1605619E-LeaderElection1] INFO  impl.RoleInfo (RoleInfo.java:shutdownLeaderElection(134)) - a68a15db-62eb-4ba4-a708-806e5ddf362b: shutdown LeaderElection
2019-10-06 14:04:09,933 [a68a15db-62eb-4ba4-a708-806e5ddf362b@group-C5BA1605619E-LeaderElection1] INFO  impl.RaftServerImpl (RaftServerImpl.java:setRole(170)) - a68a15db-62eb-4ba4-a708-806e5ddf362b@group-C5BA1605619E: changes role from CANDIDATE to LEADER at term 1 for changeToLeader
2019-10-06 14:04:09,933 [a68a15db-62eb-4ba4-a708-806e5ddf362b@group-C5BA1605619E-LeaderElection1] INFO  impl.RaftServerImpl (ServerState.java:setLeader(255)) - a68a15db-62eb-4ba4-a708-806e5ddf362b@group-C5BA1605619E: change Leader from null to a68a15db-62eb-4ba4-a708-806e5ddf362b at term 1 for becomeLeader, leader elected after 1228ms
2019-10-06 14:04:09,939 [a68a15db-62eb-4ba4-a708-806e5ddf362b@group-C5BA1605619E-LeaderElection1] INFO  server.RaftServerConfigKeys (ConfUtils.java:logGet(43)) - raft.server.staging.catchup.gap = 1000 (default)
2019-10-06 14:04:09,939 [a68a15db-62eb-4ba4-a708-806e5ddf362b@group-C5BA1605619E-LeaderElection1] INFO  server.RaftServerConfigKeys (ConfUtils.java:logGet(43)) - raft.server.rpc.sleep.time = 25ms (default)
2019-10-06 14:04:09,943 [a68a15db-62eb-4ba4-a708-806e5ddf362b@group-C5BA1605619E-LeaderElection1] INFO  server.RaftServerConfigKeys (ConfUtils.java:logGet(43)) - raft.server.write.element-limit = 4096 (default)
2019-10-06 14:04:09,945 [a68a15db-62eb-4ba4-a708-806e5ddf362b@group-C5BA1605619E-LeaderElection1] INFO  server.RaftServerConfigKeys (ConfUtils.java:logGet(43)) - raft.server.watch.timeout = 10s (default)
2019-10-06 14:04:09,946 [a68a15db-62eb-4ba4-a708-806e5ddf362b@group-C5BA1605619E-LeaderElection1] INFO  server.RaftServerConfigKeys (ConfUtils.java:logGet(43)) - raft.server.watch.timeout.denomination = 1s (default)
2019-10-06 14:04:09,947 [a68a15db-62eb-4ba4-a708-806e5ddf362b@group-C5BA1605619E-LeaderElection1] INFO  server.RaftServerConfigKeys (ConfUtils.java:logGet(43)) - raft.server.watch.element-limit = 65536 (default)
2019-10-06 14:04:09,987 [a68a15db-62eb-4ba4-a708-806e5ddf362b@group-C5BA1605619E-LeaderElection1] INFO  impl.RoleInfo (RoleInfo.java:updateAndGet(143)) - a68a15db-62eb-4ba4-a708-806e5ddf362b: start LeaderState
2019-10-06 14:04:10,009 [a68a15db-62eb-4ba4-a708-806e5ddf362b@group-C5BA1605619E-LeaderElection1] INFO  segmented.SegmentedRaftLogWorker (SegmentedRaftLogWorker.java:startLogSegment(385)) - a68a15db-62eb-4ba4-a708-806e5ddf362b@group-C5BA1605619E-SegmentedRaftLogWorker: Starting segment from index:0
2019-10-06 14:04:10,030 [a68a15db-62eb-4ba4-a708-806e5ddf362b@group-C5BA1605619E-LeaderElection1] INFO  impl.RaftServerImpl (ServerState.java:setRaftConf(356)) - a68a15db-62eb-4ba4-a708-806e5ddf362b@group-C5BA1605619E: set configuration 0: [a68a15db-62eb-4ba4-a708-806e5ddf362b:localhost:9872], old=null at 0
2019-10-06 14:04:10,185 [a68a15db-62eb-4ba4-a708-806e5ddf362b@group-C5BA1605619E-SegmentedRaftLogWorker] INFO  segmented.SegmentedRaftLogWorker (SegmentedRaftLogWorker.java:execute(574)) - a68a15db-62eb-4ba4-a708-806e5ddf362b@group-C5BA1605619E-SegmentedRaftLogWorker: created new log segment /workdir/hadoop-ozone/integration-test/target/test-dir/MiniOzoneClusterImpl-95cdcd50-9c11-4749-8e4a-58f78bdaccd6/ozone-meta/ratis/bf265839-605b-3f16-9796-c5ba1605619e/current/log_inprogress_0
2019-10-06 14:04:10,787 [main] INFO  ozone.MiniOzoneClusterImpl (MiniOzoneClusterImpl.java:lambda$waitForClusterToBeReady$0(147)) - Waiting for cluster to be ready. Got 0 of 4 DN Heartbeats.
2019-10-06 14:04:11,638 [Datanode State Machine Thread - 0] INFO  ozoneimpl.OzoneContainer (OzoneContainer.java:start(217)) - Attempting to start container services.
2019-10-06 14:04:11,641 [Datanode State Machine Thread - 0] INFO  ozoneimpl.OzoneContainer (OzoneContainer.java:startContainerScrub(179)) - Background container scanner has been disabled.
2019-10-06 14:04:11,641 [Datanode State Machine Thread - 0] INFO  ratis.XceiverServerRatis (XceiverServerRatis.java:start(417)) - Starting XceiverServerRatis 2fdc879c-258e-4c4f-9cf3-ad50c77d1104 at port 0
2019-10-06 14:04:11,649 [Datanode State Machine Thread - 0] INFO  impl.RaftServerProxy (RaftServerProxy.java:lambda$start$3(299)) - 2fdc879c-258e-4c4f-9cf3-ad50c77d1104: start RPC server
2019-10-06 14:04:11,653 [Datanode State Machine Thread - 0] INFO  ozoneimpl.OzoneContainer (OzoneContainer.java:start(217)) - Attempting to start container services.
2019-10-06 14:04:11,656 [Datanode State Machine Thread - 0] INFO  ozoneimpl.OzoneContainer (OzoneContainer.java:startContainerScrub(179)) - Background container scanner has been disabled.
2019-10-06 14:04:11,656 [Datanode State Machine Thread - 0] INFO  server.GrpcService (GrpcService.java:startImpl(158)) - 2fdc879c-258e-4c4f-9cf3-ad50c77d1104: GrpcService started, listening on 0.0.0.0/0.0.0.0:35447
2019-10-06 14:04:11,657 [Datanode State Machine Thread - 0] INFO  ratis.XceiverServerRatis (XceiverServerRatis.java:start(417)) - Starting XceiverServerRatis 9d1c37c1-2445-441f-9967-6cc4eb25c3d5 at port 0
2019-10-06 14:04:11,657 [Datanode State Machine Thread - 0] INFO  ratis.XceiverServerRatis (XceiverServerRatis.java:start(427)) - XceiverServerRatis 2fdc879c-258e-4c4f-9cf3-ad50c77d1104 is started using port 35447
2019-10-06 14:04:11,661 [Datanode State Machine Thread - 0] INFO  server.XceiverServerGrpc (XceiverServerGrpc.java:start(149)) - XceiverServerGrpc 2fdc879c-258e-4c4f-9cf3-ad50c77d1104 is started using port 42220
2019-10-06 14:04:11,669 [Datanode State Machine Thread - 0] INFO  impl.RaftServerProxy (RaftServerProxy.java:lambda$start$3(299)) - 9d1c37c1-2445-441f-9967-6cc4eb25c3d5: start RPC server
2019-10-06 14:04:11,672 [Datanode State Machine Thread - 0] INFO  server.GrpcService (GrpcService.java:startImpl(158)) - 9d1c37c1-2445-441f-9967-6cc4eb25c3d5: GrpcService started, listening on 0.0.0.0/0.0.0.0:36211
2019-10-06 14:04:11,672 [Datanode State Machine Thread - 0] INFO  ratis.XceiverServerRatis (XceiverServerRatis.java:start(427)) - XceiverServerRatis 9d1c37c1-2445-441f-9967-6cc4eb25c3d5 is started using port 36211
2019-10-06 14:04:11,675 [Datanode State Machine Thread - 0] INFO  server.XceiverServerGrpc (XceiverServerGrpc.java:start(149)) - XceiverServerGrpc 9d1c37c1-2445-441f-9967-6cc4eb25c3d5 is started using port 46132
2019-10-06 14:04:11,726 [Datanode State Machine Thread - 0] INFO  ozoneimpl.OzoneContainer (OzoneContainer.java:start(217)) - Attempting to start container services.
2019-10-06 14:04:11,728 [Datanode State Machine Thread - 0] INFO  ozoneimpl.OzoneContainer (OzoneContainer.java:startContainerScrub(179)) - Background container scanner has been disabled.
2019-10-06 14:04:11,728 [Datanode State Machine Thread - 0] INFO  ratis.XceiverServerRatis (XceiverServerRatis.java:start(417)) - Starting XceiverServerRatis 01529118-1589-414b-9133-a79ab2a7adb2 at port 0
2019-10-06 14:04:11,739 [Datanode State Machine Thread - 0] INFO  impl.RaftServerProxy (RaftServerProxy.java:lambda$start$3(299)) - 01529118-1589-414b-9133-a79ab2a7adb2: start RPC server
2019-10-06 14:04:11,743 [Datanode State Machine Thread - 0] INFO  server.GrpcService (GrpcService.java:startImpl(158)) - 01529118-1589-414b-9133-a79ab2a7adb2: GrpcService started, listening on 0.0.0.0/0.0.0.0:44397
2019-10-06 14:04:11,744 [Datanode State Machine Thread - 0] INFO  ratis.XceiverServerRatis (XceiverServerRatis.java:start(427)) - XceiverServerRatis 01529118-1589-414b-9133-a79ab2a7adb2 is started using port 44397
2019-10-06 14:04:11,746 [Datanode State Machine Thread - 0] INFO  server.XceiverServerGrpc (XceiverServerGrpc.java:start(149)) - XceiverServerGrpc 01529118-1589-414b-9133-a79ab2a7adb2 is started using port 43420
2019-10-06 14:04:11,788 [main] INFO  ozone.MiniOzoneClusterImpl (MiniOzoneClusterImpl.java:lambda$waitForClusterToBeReady$0(147)) - Waiting for cluster to be ready. Got 0 of 4 DN Heartbeats.
2019-10-06 14:04:11,804 [Datanode State Machine Thread - 0] INFO  ozoneimpl.OzoneContainer (OzoneContainer.java:start(217)) - Attempting to start container services.
2019-10-06 14:04:11,806 [Datanode State Machine Thread - 0] INFO  ozoneimpl.OzoneContainer (OzoneContainer.java:startContainerScrub(179)) - Background container scanner has been disabled.
2019-10-06 14:04:11,806 [Datanode State Machine Thread - 0] INFO  ratis.XceiverServerRatis (XceiverServerRatis.java:start(417)) - Starting XceiverServerRatis e32e034a-a93a-4b30-8a91-807d63ef30c7 at port 0
2019-10-06 14:04:11,815 [Datanode State Machine Thread - 0] INFO  impl.RaftServerProxy (RaftServerProxy.java:lambda$start$3(299)) - e32e034a-a93a-4b30-8a91-807d63ef30c7: start RPC server
2019-10-06 14:04:11,818 [Datanode State Machine Thread - 0] INFO  server.GrpcService (GrpcService.java:startImpl(158)) - e32e034a-a93a-4b30-8a91-807d63ef30c7: GrpcService started, listening on 0.0.0.0/0.0.0.0:34641
2019-10-06 14:04:11,818 [Datanode State Machine Thread - 0] INFO  ratis.XceiverServerRatis (XceiverServerRatis.java:start(427)) - XceiverServerRatis e32e034a-a93a-4b30-8a91-807d63ef30c7 is started using port 34641
2019-10-06 14:04:11,821 [Datanode State Machine Thread - 0] INFO  server.XceiverServerGrpc (XceiverServerGrpc.java:start(149)) - XceiverServerGrpc e32e034a-a93a-4b30-8a91-807d63ef30c7 is started using port 44414
2019-10-06 14:04:12,788 [main] INFO  ozone.MiniOzoneClusterImpl (MiniOzoneClusterImpl.java:lambda$waitForClusterToBeReady$0(147)) - Waiting for cluster to be ready. Got 0 of 4 DN Heartbeats.
2019-10-06 14:04:13,611 [IPC Server handler 0 on 34015] INFO  net.NetworkTopology (NetworkTopologyImpl.java:add(111)) - Added a new node: /rack1/2fdc879c-258e-4c4f-9cf3-ad50c77d1104
2019-10-06 14:04:13,613 [IPC Server handler 0 on 34015] INFO  node.SCMNodeManager (SCMNodeManager.java:register(268)) - Registered Data node : 2fdc879c-258e-4c4f-9cf3-ad50c77d1104{ip: 192.168.151.114, host: ozone-build-dev-hxm7v-1976773872, networkLocation: /rack1, certSerialId: null}
2019-10-06 14:04:13,616 [EventQueue-NodeRegistrationContainerReportForDataNodeSafeModeRule] INFO  safemode.SCMSafeModeManager (DataNodeSafeModeRule.java:process(71)) - SCM in safe mode. 1 DataNodes registered, 1 required.
2019-10-06 14:04:13,616 [EventQueue-NodeRegistrationContainerReportForDataNodeSafeModeRule] INFO  safemode.SCMSafeModeManager (SCMSafeModeManager.java:validateSafeModeExitRules(177)) - ScmSafeModeManager, all rules are successfully validated
2019-10-06 14:04:13,617 [EventQueue-NodeRegistrationContainerReportForDataNodeSafeModeRule] INFO  safemode.SCMSafeModeManager (SCMSafeModeManager.java:exitSafeMode(193)) - SCM exiting safe mode.
2019-10-06 14:04:13,637 [IPC Server handler 2 on 34015] INFO  net.NetworkTopology (NetworkTopologyImpl.java:add(111)) - Added a new node: /rack1/9d1c37c1-2445-441f-9967-6cc4eb25c3d5
2019-10-06 14:04:13,637 [IPC Server handler 2 on 34015] INFO  node.SCMNodeManager (SCMNodeManager.java:register(268)) - Registered Data node : 9d1c37c1-2445-441f-9967-6cc4eb25c3d5{ip: 192.168.151.114, host: ozone-build-dev-hxm7v-1976773872, networkLocation: /rack1, certSerialId: null}
2019-10-06 14:04:13,712 [IPC Server handler 1 on 34015] INFO  net.NetworkTopology (NetworkTopologyImpl.java:add(111)) - Added a new node: /rack1/01529118-1589-414b-9133-a79ab2a7adb2
2019-10-06 14:04:13,713 [IPC Server handler 1 on 34015] INFO  node.SCMNodeManager (SCMNodeManager.java:register(268)) - Registered Data node : 01529118-1589-414b-9133-a79ab2a7adb2{ip: 192.168.151.114, host: ozone-build-dev-hxm7v-1976773872, networkLocation: /rack1, certSerialId: null}
2019-10-06 14:04:13,789 [main] INFO  ozone.MiniOzoneClusterImpl (MiniOzoneClusterImpl.java:lambda$waitForClusterToBeReady$0(147)) - Waiting for cluster to be ready. Got 3 of 4 DN Heartbeats.
2019-10-06 14:04:13,792 [IPC Server handler 0 on 34015] INFO  net.NetworkTopology (NetworkTopologyImpl.java:add(111)) - Added a new node: /rack1/e32e034a-a93a-4b30-8a91-807d63ef30c7
2019-10-06 14:04:13,792 [IPC Server handler 0 on 34015] INFO  node.SCMNodeManager (SCMNodeManager.java:register(268)) - Registered Data node : e32e034a-a93a-4b30-8a91-807d63ef30c7{ip: 192.168.151.114, host: ozone-build-dev-hxm7v-1976773872, networkLocation: /rack1, certSerialId: null}
2019-10-06 14:04:14,128 [grpc-default-executor-0] INFO  impl.RaftServerProxy (RaftServerProxy.java:addNew(89)) - 2fdc879c-258e-4c4f-9cf3-ad50c77d1104: addNew group-8DFC3005FE9F:[2fdc879c-258e-4c4f-9cf3-ad50c77d1104:192.168.151.114:35447] returns group-8DFC3005FE9F:java.util.concurrent.CompletableFuture@7c12bd7c[Not completed]
2019-10-06 14:04:14,136 [pool-32-thread-1] INFO  impl.RaftServerImpl (RaftServerImpl.java:<init>(95)) - 2fdc879c-258e-4c4f-9cf3-ad50c77d1104: new RaftServerImpl for group-8DFC3005FE9F:[2fdc879c-258e-4c4f-9cf3-ad50c77d1104:192.168.151.114:35447] with ContainerStateMachine:uninitialized
2019-10-06 14:04:14,137 [pool-32-thread-1] INFO  server.RaftServerConfigKeys (ConfUtils.java:logGet(43)) - raft.server.rpc.timeout.min = 5s (custom)
2019-10-06 14:04:14,138 [pool-32-thread-1] INFO  server.RaftServerConfigKeys (ConfUtils.java:logGet(43)) - raft.server.rpc.timeout.max = 5200ms (custom)
2019-10-06 14:04:14,138 [pool-32-thread-1] INFO  server.RaftServerConfigKeys (ConfUtils.java:logGet(43)) - raft.server.rpcslowness.timeout = 120s (custom)
2019-10-06 14:04:14,138 [pool-32-thread-1] INFO  server.RaftServerConfigKeys (ConfUtils.java:logGet(43)) - raft.server.sleep.deviation.threshold = 300 (default)
2019-10-06 14:04:14,138 [pool-32-thread-1] INFO  server.RaftServerConfigKeys (ConfUtils.java:logGet(43)) - raft.server.log.appender.install.snapshot.enabled = false (custom)
2019-10-06 14:04:14,138 [pool-32-thread-1] INFO  impl.RaftServerImpl (ServerState.java:<init>(103)) - 2fdc879c-258e-4c4f-9cf3-ad50c77d1104@group-8DFC3005FE9F: ConfigurationManager, init=-1: [2fdc879c-258e-4c4f-9cf3-ad50c77d1104:192.168.151.114:35447], old=null, confs=<EMPTY_MAP>
2019-10-06 14:04:14,139 [pool-32-thread-1] INFO  server.RaftServerConfigKeys (ConfUtils.java:logGet(43)) - raft.server.storage.dir = [/workdir/hadoop-ozone/integration-test/target/test-dir/MiniOzoneClusterImpl-95cdcd50-9c11-4749-8e4a-58f78bdaccd6/datanode-0/data/ratis] (custom)
2019-10-06 14:04:14,139 [pool-32-thread-1] INFO  server.RaftServerConfigKeys (ConfUtils.java:logGet(43)) - raft.server.log.corruption.policy = EXCEPTION (default)
2019-10-06 14:04:14,139 [pool-32-thread-1] INFO  storage.RaftStorageDirectory (RaftStorageDirectory.java:analyzeStorage(246)) - The storage directory /workdir/hadoop-ozone/integration-test/target/test-dir/MiniOzoneClusterImpl-95cdcd50-9c11-4749-8e4a-58f78bdaccd6/datanode-0/data/ratis/e2f6a7c4-51f2-4f39-bd23-8dfc3005fe9f does not exist. Creating ...
2019-10-06 14:04:14,154 [pool-32-thread-1] INFO  storage.RaftStorageDirectory (RaftStorageDirectory.java:tryLock(328)) - Lock on /workdir/hadoop-ozone/integration-test/target/test-dir/MiniOzoneClusterImpl-95cdcd50-9c11-4749-8e4a-58f78bdaccd6/datanode-0/data/ratis/e2f6a7c4-51f2-4f39-bd23-8dfc3005fe9f/in_use.lock acquired by nodename 28818@ozone-build-dev-hxm7v-1976773872
2019-10-06 14:04:14,167 [pool-32-thread-1] INFO  storage.RaftStorage (RaftStorage.java:format(84)) - Storage directory /workdir/hadoop-ozone/integration-test/target/test-dir/MiniOzoneClusterImpl-95cdcd50-9c11-4749-8e4a-58f78bdaccd6/datanode-0/data/ratis/e2f6a7c4-51f2-4f39-bd23-8dfc3005fe9f has been successfully formatted.
2019-10-06 14:04:14,169 [pool-32-thread-1] INFO  ratis.ContainerStateMachine (ContainerStateMachine.java:loadSnapshot(230)) - group-8DFC3005FE9F: The snapshot info is null. Setting the last applied indexto:(t:0, i:~)
2019-10-06 14:04:14,169 [pool-32-thread-1] INFO  server.RaftServerConfigKeys (ConfUtils.java:logGet(43)) - raft.server.notification.no-leader.timeout = 120s (custom)
2019-10-06 14:04:14,169 [pool-32-thread-1] INFO  server.RaftServerConfigKeys (ConfUtils.java:logGet(43)) - raft.server.log.use.memory = false (default)
2019-10-06 14:04:14,169 [pool-32-thread-1] INFO  server.RaftServerConfigKeys (ConfUtils.java:logGet(43)) - raft.server.log.purge.gap = 1000000 (custom)
2019-10-06 14:04:14,169 [pool-32-thread-1] INFO  server.RaftServerConfigKeys (ConfUtils.java:logGet(43)) - raft.server.log.appender.buffer.byte-limit = 33554432 (custom)
2019-10-06 14:04:14,170 [pool-32-thread-1] INFO  server.RaftServerConfigKeys (ConfUtils.java:logGet(43)) - raft.server.log.segment.size.max = 1048576 (custom)
2019-10-06 14:04:14,174 [pool-32-thread-1] INFO  server.RaftServerConfigKeys (ConfUtils.java:logGet(43)) - raft.server.log.segment.cache.num.max = 2 (custom)
2019-10-06 14:04:14,174 [pool-32-thread-1] INFO  segmented.SegmentedRaftLogWorker (SegmentedRaftLogWorker.java:<init>(173)) - new 2fdc879c-258e-4c4f-9cf3-ad50c77d1104@group-8DFC3005FE9F-SegmentedRaftLogWorker for RaftStorage:Storage Directory /workdir/hadoop-ozone/integration-test/target/test-dir/MiniOzoneClusterImpl-95cdcd50-9c11-4749-8e4a-58f78bdaccd6/datanode-0/data/ratis/e2f6a7c4-51f2-4f39-bd23-8dfc3005fe9f
2019-10-06 14:04:14,174 [pool-32-thread-1] INFO  server.RaftServerConfigKeys (ConfUtils.java:logGet(43)) - raft.server.log.queue.byte-limit = 2147483647 (custom)
2019-10-06 14:04:14,174 [pool-32-thread-1] INFO  server.RaftServerConfigKeys (ConfUtils.java:logGet(43)) - raft.server.log.queue.element-limit = 1024 (custom)
2019-10-06 14:04:14,174 [pool-32-thread-1] INFO  server.RaftServerConfigKeys (ConfUtils.java:logGet(43)) - raft.server.log.segment.size.max = 1048576 (custom)
2019-10-06 14:04:14,174 [pool-32-thread-1] INFO  server.RaftServerConfigKeys (ConfUtils.java:logGet(43)) - raft.server.log.preallocated.size = 16384 (custom)
2019-10-06 14:04:14,175 [pool-32-thread-1] INFO  server.RaftServerConfigKeys (ConfUtils.java:logGet(43)) - raft.server.log.write.buffer.size = 33554432 (custom)
2019-10-06 14:04:14,175 [pool-32-thread-1] INFO  server.RaftServerConfigKeys (ConfUtils.java:logGet(43)) - raft.server.log.force.sync.num = 128 (default)
2019-10-06 14:04:14,175 [pool-32-thread-1] INFO  server.RaftServerConfigKeys (ConfUtils.java:logGet(43)) - raft.server.log.statemachine.data.sync = true (default)
2019-10-06 14:04:14,175 [pool-32-thread-1] INFO  server.RaftServerConfigKeys (ConfUtils.java:logGet(43)) - raft.server.log.statemachine.data.sync.timeout = 10s (default)
2019-10-06 14:04:14,175 [pool-32-thread-1] INFO  server.RaftServerConfigKeys (ConfUtils.java:logGet(43)) - raft.server.log.statemachine.data.sync.timeout.retry = -1 (default)
2019-10-06 14:04:14,176 [pool-32-thread-1] INFO  server.RaftServerConfigKeys (ConfUtils.java:logGet(43)) - raft.server.log.statemachine.data.caching.enabled = true (custom)
2019-10-06 14:04:14,176 [pool-32-thread-1] INFO  segmented.SegmentedRaftLogWorker (SegmentedRaftLogWorker.java:lambda$new$0(128)) - 2fdc879c-258e-4c4f-9cf3-ad50c77d1104@group-8DFC3005FE9F-SegmentedRaftLogWorker: flushIndex: setUnconditionally 0 -> -1
2019-10-06 14:04:14,177 [pool-32-thread-1] INFO  server.RaftServerConfigKeys (ConfUtils.java:logGet(43)) - raft.server.snapshot.auto.trigger.enabled = true (custom)
2019-10-06 14:04:14,177 [pool-32-thread-1] INFO  server.RaftServerConfigKeys (ConfUtils.java:logGet(43)) - raft.server.snapshot.auto.trigger.threshold = 10000 (custom)
2019-10-06 14:04:14,177 [pool-32-thread-1] INFO  server.RaftServerConfigKeys (ConfUtils.java:logGet(43)) - raft.server.snapshot.retention.file.num = 5 (custom)
2019-10-06 14:04:14,177 [pool-32-thread-1] INFO  server.RaftServerConfigKeys (ConfUtils.java:logGet(43)) - raft.server.retrycache.expirytime = 600000ms (custom)
2019-10-06 14:04:14,181 [pool-32-thread-1] INFO  impl.RaftServerImpl (RaftServerImpl.java:start(181)) - 2fdc879c-258e-4c4f-9cf3-ad50c77d1104@group-8DFC3005FE9F: start as a follower, conf=-1: [2fdc879c-258e-4c4f-9cf3-ad50c77d1104:192.168.151.114:35447], old=null
2019-10-06 14:04:14,181 [pool-32-thread-1] INFO  impl.RaftServerImpl (RaftServerImpl.java:setRole(170)) - 2fdc879c-258e-4c4f-9cf3-ad50c77d1104@group-8DFC3005FE9F: changes role from      null to FOLLOWER at term 0 for startAsFollower
2019-10-06 14:04:14,181 [pool-32-thread-1] INFO  impl.RoleInfo (RoleInfo.java:updateAndGet(143)) - 2fdc879c-258e-4c4f-9cf3-ad50c77d1104: start FollowerState
2019-10-06 14:04:14,182 [pool-32-thread-1] INFO  util.JmxRegister (JmxRegister.java:tryRegister(44)) - Successfully registered JMX Bean with object name Ratis:service=RaftServer,group=group-8DFC3005FE9F,id=2fdc879c-258e-4c4f-9cf3-ad50c77d1104
2019-10-06 14:04:14,249 [RatisPipelineUtilsThread] INFO  pipeline.PipelineStateManager (PipelineStateManager.java:addPipeline(56)) - Created pipeline Pipeline[ Id: e2f6a7c4-51f2-4f39-bd23-8dfc3005fe9f, Nodes: 2fdc879c-258e-4c4f-9cf3-ad50c77d1104{ip: 192.168.151.114, host: ozone-build-dev-hxm7v-1976773872, networkLocation: /rack1, certSerialId: null}, Type:RATIS, Factor:ONE, State:OPEN]
2019-10-06 14:04:14,270 [grpc-default-executor-0] INFO  impl.RaftServerProxy (RaftServerProxy.java:addNew(89)) - 9d1c37c1-2445-441f-9967-6cc4eb25c3d5: addNew group-78E623AE9A67:[9d1c37c1-2445-441f-9967-6cc4eb25c3d5:192.168.151.114:36211] returns group-78E623AE9A67:java.util.concurrent.CompletableFuture@91d4636[Not completed]
2019-10-06 14:04:14,280 [pool-42-thread-1] INFO  impl.RaftServerImpl (RaftServerImpl.java:<init>(95)) - 9d1c37c1-2445-441f-9967-6cc4eb25c3d5: new RaftServerImpl for group-78E623AE9A67:[9d1c37c1-2445-441f-9967-6cc4eb25c3d5:192.168.151.114:36211] with ContainerStateMachine:uninitialized
2019-10-06 14:04:14,283 [pool-42-thread-1] INFO  server.RaftServerConfigKeys (ConfUtils.java:logGet(43)) - raft.server.rpc.timeout.min = 5s (custom)
2019-10-06 14:04:14,283 [pool-42-thread-1] INFO  server.RaftServerConfigKeys (ConfUtils.java:logGet(43)) - raft.server.rpc.timeout.max = 5200ms (custom)
2019-10-06 14:04:14,283 [pool-42-thread-1] INFO  server.RaftServerConfigKeys (ConfUtils.java:logGet(43)) - raft.server.rpcslowness.timeout = 120s (custom)
2019-10-06 14:04:14,283 [pool-42-thread-1] INFO  server.RaftServerConfigKeys (ConfUtils.java:logGet(43)) - raft.server.sleep.deviation.threshold = 300 (default)
2019-10-06 14:04:14,283 [pool-42-thread-1] INFO  server.RaftServerConfigKeys (ConfUtils.java:logGet(43)) - raft.server.log.appender.install.snapshot.enabled = false (custom)
2019-10-06 14:04:14,284 [pool-42-thread-1] INFO  impl.RaftServerImpl (ServerState.java:<init>(103)) - 9d1c37c1-2445-441f-9967-6cc4eb25c3d5@group-78E623AE9A67: ConfigurationManager, init=-1: [9d1c37c1-2445-441f-9967-6cc4eb25c3d5:192.168.151.114:36211], old=null, confs=<EMPTY_MAP>
2019-10-06 14:04:14,284 [pool-42-thread-1] INFO  server.RaftServerConfigKeys (ConfUtils.java:logGet(43)) - raft.server.storage.dir = [/workdir/hadoop-ozone/integration-test/target/test-dir/MiniOzoneClusterImpl-95cdcd50-9c11-4749-8e4a-58f78bdaccd6/datanode-1/data/ratis] (custom)
2019-10-06 14:04:14,284 [pool-42-thread-1] INFO  server.RaftServerConfigKeys (ConfUtils.java:logGet(43)) - raft.server.log.corruption.policy = EXCEPTION (default)
2019-10-06 14:04:14,284 [pool-42-thread-1] INFO  storage.RaftStorageDirectory (RaftStorageDirectory.java:analyzeStorage(246)) - The storage directory /workdir/hadoop-ozone/integration-test/target/test-dir/MiniOzoneClusterImpl-95cdcd50-9c11-4749-8e4a-58f78bdaccd6/datanode-1/data/ratis/12060c78-3e80-40e6-a50e-78e623ae9a67 does not exist. Creating ...
2019-10-06 14:04:14,297 [pool-42-thread-1] INFO  storage.RaftStorageDirectory (RaftStorageDirectory.java:tryLock(328)) - Lock on /workdir/hadoop-ozone/integration-test/target/test-dir/MiniOzoneClusterImpl-95cdcd50-9c11-4749-8e4a-58f78bdaccd6/datanode-1/data/ratis/12060c78-3e80-40e6-a50e-78e623ae9a67/in_use.lock acquired by nodename 28818@ozone-build-dev-hxm7v-1976773872
2019-10-06 14:04:14,310 [pool-42-thread-1] INFO  storage.RaftStorage (RaftStorage.java:format(84)) - Storage directory /workdir/hadoop-ozone/integration-test/target/test-dir/MiniOzoneClusterImpl-95cdcd50-9c11-4749-8e4a-58f78bdaccd6/datanode-1/data/ratis/12060c78-3e80-40e6-a50e-78e623ae9a67 has been successfully formatted.
2019-10-06 14:04:14,310 [pool-42-thread-1] INFO  ratis.ContainerStateMachine (ContainerStateMachine.java:loadSnapshot(230)) - group-78E623AE9A67: The snapshot info is null. Setting the last applied indexto:(t:0, i:~)
2019-10-06 14:04:14,311 [pool-42-thread-1] INFO  server.RaftServerConfigKeys (ConfUtils.java:logGet(43)) - raft.server.notification.no-leader.timeout = 120s (custom)
2019-10-06 14:04:14,311 [pool-42-thread-1] INFO  server.RaftServerConfigKeys (ConfUtils.java:logGet(43)) - raft.server.log.use.memory = false (default)
2019-10-06 14:04:14,311 [pool-42-thread-1] INFO  server.RaftServerConfigKeys (ConfUtils.java:logGet(43)) - raft.server.log.purge.gap = 1000000 (custom)
2019-10-06 14:04:14,311 [pool-42-thread-1] INFO  server.RaftServerConfigKeys (ConfUtils.java:logGet(43)) - raft.server.log.appender.buffer.byte-limit = 33554432 (custom)
2019-10-06 14:04:14,311 [pool-42-thread-1] INFO  server.RaftServerConfigKeys (ConfUtils.java:logGet(43)) - raft.server.log.segment.size.max = 1048576 (custom)
2019-10-06 14:04:14,315 [pool-42-thread-1] INFO  server.RaftServerConfigKeys (ConfUtils.java:logGet(43)) - raft.server.log.segment.cache.num.max = 2 (custom)
2019-10-06 14:04:14,315 [pool-42-thread-1] INFO  segmented.SegmentedRaftLogWorker (SegmentedRaftLogWorker.java:<init>(173)) - new 9d1c37c1-2445-441f-9967-6cc4eb25c3d5@group-78E623AE9A67-SegmentedRaftLogWorker for RaftStorage:Storage Directory /workdir/hadoop-ozone/integration-test/target/test-dir/MiniOzoneClusterImpl-95cdcd50-9c11-4749-8e4a-58f78bdaccd6/datanode-1/data/ratis/12060c78-3e80-40e6-a50e-78e623ae9a67
2019-10-06 14:04:14,316 [pool-42-thread-1] INFO  server.RaftServerConfigKeys (ConfUtils.java:logGet(43)) - raft.server.log.queue.byte-limit = 2147483647 (custom)
2019-10-06 14:04:14,316 [pool-42-thread-1] INFO  server.RaftServerConfigKeys (ConfUtils.java:logGet(43)) - raft.server.log.queue.element-limit = 1024 (custom)
2019-10-06 14:04:14,316 [pool-42-thread-1] INFO  server.RaftServerConfigKeys (ConfUtils.java:logGet(43)) - raft.server.log.segment.size.max = 1048576 (custom)
2019-10-06 14:04:14,316 [pool-42-thread-1] INFO  server.RaftServerConfigKeys (ConfUtils.java:logGet(43)) - raft.server.log.preallocated.size = 16384 (custom)
2019-10-06 14:04:14,316 [pool-42-thread-1] INFO  server.RaftServerConfigKeys (ConfUtils.java:logGet(43)) - raft.server.log.write.buffer.size = 33554432 (custom)
2019-10-06 14:04:14,316 [pool-42-thread-1] INFO  server.RaftServerConfigKeys (ConfUtils.java:logGet(43)) - raft.server.log.force.sync.num = 128 (default)
2019-10-06 14:04:14,316 [pool-42-thread-1] INFO  server.RaftServerConfigKeys (ConfUtils.java:logGet(43)) - raft.server.log.statemachine.data.sync = true (default)
2019-10-06 14:04:14,317 [pool-42-thread-1] INFO  server.RaftServerConfigKeys (ConfUtils.java:logGet(43)) - raft.server.log.statemachine.data.sync.timeout = 10s (default)
2019-10-06 14:04:14,317 [pool-42-thread-1] INFO  server.RaftServerConfigKeys (ConfUtils.java:logGet(43)) - raft.server.log.statemachine.data.sync.timeout.retry = -1 (default)
2019-10-06 14:04:14,317 [pool-42-thread-1] INFO  server.RaftServerConfigKeys (ConfUtils.java:logGet(43)) - raft.server.log.statemachine.data.caching.enabled = true (custom)
2019-10-06 14:04:14,317 [pool-42-thread-1] INFO  segmented.SegmentedRaftLogWorker (SegmentedRaftLogWorker.java:lambda$new$0(128)) - 9d1c37c1-2445-441f-9967-6cc4eb25c3d5@group-78E623AE9A67-SegmentedRaftLogWorker: flushIndex: setUnconditionally 0 -> -1
2019-10-06 14:04:14,318 [pool-42-thread-1] INFO  server.RaftServerConfigKeys (ConfUtils.java:logGet(43)) - raft.server.snapshot.auto.trigger.enabled = true (custom)
2019-10-06 14:04:14,318 [pool-42-thread-1] INFO  server.RaftServerConfigKeys (ConfUtils.java:logGet(43)) - raft.server.snapshot.auto.trigger.threshold = 10000 (custom)
2019-10-06 14:04:14,318 [pool-42-thread-1] INFO  server.RaftServerConfigKeys (ConfUtils.java:logGet(43)) - raft.server.snapshot.retention.file.num = 5 (custom)
2019-10-06 14:04:14,318 [pool-42-thread-1] INFO  server.RaftServerConfigKeys (ConfUtils.java:logGet(43)) - raft.server.retrycache.expirytime = 600000ms (custom)
2019-10-06 14:04:14,321 [pool-42-thread-1] INFO  impl.RaftServerImpl (RaftServerImpl.java:start(181)) - 9d1c37c1-2445-441f-9967-6cc4eb25c3d5@group-78E623AE9A67: start as a follower, conf=-1: [9d1c37c1-2445-441f-9967-6cc4eb25c3d5:192.168.151.114:36211], old=null
2019-10-06 14:04:14,321 [pool-42-thread-1] INFO  impl.RaftServerImpl (RaftServerImpl.java:setRole(170)) - 9d1c37c1-2445-441f-9967-6cc4eb25c3d5@group-78E623AE9A67: changes role from      null to FOLLOWER at term 0 for startAsFollower
2019-10-06 14:04:14,321 [pool-42-thread-1] INFO  impl.RoleInfo (RoleInfo.java:updateAndGet(143)) - 9d1c37c1-2445-441f-9967-6cc4eb25c3d5: start FollowerState
2019-10-06 14:04:14,322 [pool-42-thread-1] INFO  util.JmxRegister (JmxRegister.java:tryRegister(44)) - Successfully registered JMX Bean with object name Ratis:service=RaftServer,group=group-78E623AE9A67,id=9d1c37c1-2445-441f-9967-6cc4eb25c3d5
2019-10-06 14:04:14,336 [RatisPipelineUtilsThread] INFO  pipeline.PipelineStateManager (PipelineStateManager.java:addPipeline(56)) - Created pipeline Pipeline[ Id: 12060c78-3e80-40e6-a50e-78e623ae9a67, Nodes: 9d1c37c1-2445-441f-9967-6cc4eb25c3d5{ip: 192.168.151.114, host: ozone-build-dev-hxm7v-1976773872, networkLocation: /rack1, certSerialId: null}, Type:RATIS, Factor:ONE, State:OPEN]
2019-10-06 14:04:14,355 [grpc-default-executor-0] INFO  impl.RaftServerProxy (RaftServerProxy.java:addNew(89)) - 01529118-1589-414b-9133-a79ab2a7adb2: addNew group-AE3ECB11A7D3:[01529118-1589-414b-9133-a79ab2a7adb2:192.168.151.114:44397] returns group-AE3ECB11A7D3:java.util.concurrent.CompletableFuture@5d1aab5f[Not completed]
2019-10-06 14:04:14,357 [pool-52-thread-1] INFO  impl.RaftServerImpl (RaftServerImpl.java:<init>(95)) - 01529118-1589-414b-9133-a79ab2a7adb2: new RaftServerImpl for group-AE3ECB11A7D3:[01529118-1589-414b-9133-a79ab2a7adb2:192.168.151.114:44397] with ContainerStateMachine:uninitialized
2019-10-06 14:04:14,358 [pool-52-thread-1] INFO  server.RaftServerConfigKeys (ConfUtils.java:logGet(43)) - raft.server.rpc.timeout.min = 5s (custom)
2019-10-06 14:04:14,358 [pool-52-thread-1] INFO  server.RaftServerConfigKeys (ConfUtils.java:logGet(43)) - raft.server.rpc.timeout.max = 5200ms (custom)
2019-10-06 14:04:14,358 [pool-52-thread-1] INFO  server.RaftServerConfigKeys (ConfUtils.java:logGet(43)) - raft.server.rpcslowness.timeout = 120s (custom)
2019-10-06 14:04:14,358 [pool-52-thread-1] INFO  server.RaftServerConfigKeys (ConfUtils.java:logGet(43)) - raft.server.sleep.deviation.threshold = 300 (default)
2019-10-06 14:04:14,359 [pool-52-thread-1] INFO  server.RaftServerConfigKeys (ConfUtils.java:logGet(43)) - raft.server.log.appender.install.snapshot.enabled = false (custom)
2019-10-06 14:04:14,359 [pool-52-thread-1] INFO  impl.RaftServerImpl (ServerState.java:<init>(103)) - 01529118-1589-414b-9133-a79ab2a7adb2@group-AE3ECB11A7D3: ConfigurationManager, init=-1: [01529118-1589-414b-9133-a79ab2a7adb2:192.168.151.114:44397], old=null, confs=<EMPTY_MAP>
2019-10-06 14:04:14,359 [pool-52-thread-1] INFO  server.RaftServerConfigKeys (ConfUtils.java:logGet(43)) - raft.server.storage.dir = [/workdir/hadoop-ozone/integration-test/target/test-dir/MiniOzoneClusterImpl-95cdcd50-9c11-4749-8e4a-58f78bdaccd6/datanode-2/data/ratis] (custom)
2019-10-06 14:04:14,359 [pool-52-thread-1] INFO  server.RaftServerConfigKeys (ConfUtils.java:logGet(43)) - raft.server.log.corruption.policy = EXCEPTION (default)
2019-10-06 14:04:14,360 [pool-52-thread-1] INFO  storage.RaftStorageDirectory (RaftStorageDirectory.java:analyzeStorage(246)) - The storage directory /workdir/hadoop-ozone/integration-test/target/test-dir/MiniOzoneClusterImpl-95cdcd50-9c11-4749-8e4a-58f78bdaccd6/datanode-2/data/ratis/bd260781-7c92-45ef-9b13-ae3ecb11a7d3 does not exist. Creating ...
2019-10-06 14:04:14,373 [pool-52-thread-1] INFO  storage.RaftStorageDirectory (RaftStorageDirectory.java:tryLock(328)) - Lock on /workdir/hadoop-ozone/integration-test/target/test-dir/MiniOzoneClusterImpl-95cdcd50-9c11-4749-8e4a-58f78bdaccd6/datanode-2/data/ratis/bd260781-7c92-45ef-9b13-ae3ecb11a7d3/in_use.lock acquired by nodename 28818@ozone-build-dev-hxm7v-1976773872
2019-10-06 14:04:14,385 [pool-52-thread-1] INFO  storage.RaftStorage (RaftStorage.java:format(84)) - Storage directory /workdir/hadoop-ozone/integration-test/target/test-dir/MiniOzoneClusterImpl-95cdcd50-9c11-4749-8e4a-58f78bdaccd6/datanode-2/data/ratis/bd260781-7c92-45ef-9b13-ae3ecb11a7d3 has been successfully formatted.
2019-10-06 14:04:14,386 [pool-52-thread-1] INFO  ratis.ContainerStateMachine (ContainerStateMachine.java:loadSnapshot(230)) - group-AE3ECB11A7D3: The snapshot info is null. Setting the last applied indexto:(t:0, i:~)
2019-10-06 14:04:14,386 [pool-52-thread-1] INFO  server.RaftServerConfigKeys (ConfUtils.java:logGet(43)) - raft.server.notification.no-leader.timeout = 120s (custom)
2019-10-06 14:04:14,386 [pool-52-thread-1] INFO  server.RaftServerConfigKeys (ConfUtils.java:logGet(43)) - raft.server.log.use.memory = false (default)
2019-10-06 14:04:14,386 [pool-52-thread-1] INFO  server.RaftServerConfigKeys (ConfUtils.java:logGet(43)) - raft.server.log.purge.gap = 1000000 (custom)
2019-10-06 14:04:14,386 [pool-52-thread-1] INFO  server.RaftServerConfigKeys (ConfUtils.java:logGet(43)) - raft.server.log.appender.buffer.byte-limit = 33554432 (custom)
2019-10-06 14:04:14,387 [pool-52-thread-1] INFO  server.RaftServerConfigKeys (ConfUtils.java:logGet(43)) - raft.server.log.segment.size.max = 1048576 (custom)
2019-10-06 14:04:14,390 [pool-52-thread-1] INFO  server.RaftServerConfigKeys (ConfUtils.java:logGet(43)) - raft.server.log.segment.cache.num.max = 2 (custom)
2019-10-06 14:04:14,390 [pool-52-thread-1] INFO  segmented.SegmentedRaftLogWorker (SegmentedRaftLogWorker.java:<init>(173)) - new 01529118-1589-414b-9133-a79ab2a7adb2@group-AE3ECB11A7D3-SegmentedRaftLogWorker for RaftStorage:Storage Directory /workdir/hadoop-ozone/integration-test/target/test-dir/MiniOzoneClusterImpl-95cdcd50-9c11-4749-8e4a-58f78bdaccd6/datanode-2/data/ratis/bd260781-7c92-45ef-9b13-ae3ecb11a7d3
2019-10-06 14:04:14,390 [pool-52-thread-1] INFO  server.RaftServerConfigKeys (ConfUtils.java:logGet(43)) - raft.server.log.queue.byte-limit = 2147483647 (custom)
2019-10-06 14:04:14,390 [pool-52-thread-1] INFO  server.RaftServerConfigKeys (ConfUtils.java:logGet(43)) - raft.server.log.queue.element-limit = 1024 (custom)
2019-10-06 14:04:14,391 [pool-52-thread-1] INFO  server.RaftServerConfigKeys (ConfUtils.java:logGet(43)) - raft.server.log.segment.size.max = 1048576 (custom)
2019-10-06 14:04:14,391 [pool-52-thread-1] INFO  server.RaftServerConfigKeys (ConfUtils.java:logGet(43)) - raft.server.log.preallocated.size = 16384 (custom)
2019-10-06 14:04:14,391 [pool-52-thread-1] INFO  server.RaftServerConfigKeys (ConfUtils.java:logGet(43)) - raft.server.log.write.buffer.size = 33554432 (custom)
2019-10-06 14:04:14,391 [pool-52-thread-1] INFO  server.RaftServerConfigKeys (ConfUtils.java:logGet(43)) - raft.server.log.force.sync.num = 128 (default)
2019-10-06 14:04:14,391 [pool-52-thread-1] INFO  server.RaftServerConfigKeys (ConfUtils.java:logGet(43)) - raft.server.log.statemachine.data.sync = true (default)
2019-10-06 14:04:14,391 [pool-52-thread-1] INFO  server.RaftServerConfigKeys (ConfUtils.java:logGet(43)) - raft.server.log.statemachine.data.sync.timeout = 10s (default)
2019-10-06 14:04:14,391 [pool-52-thread-1] INFO  server.RaftServerConfigKeys (ConfUtils.java:logGet(43)) - raft.server.log.statemachine.data.sync.timeout.retry = -1 (default)
2019-10-06 14:04:14,392 [pool-52-thread-1] INFO  server.RaftServerConfigKeys (ConfUtils.java:logGet(43)) - raft.server.log.statemachine.data.caching.enabled = true (custom)
2019-10-06 14:04:14,392 [pool-52-thread-1] INFO  segmented.SegmentedRaftLogWorker (SegmentedRaftLogWorker.java:lambda$new$0(128)) - 01529118-1589-414b-9133-a79ab2a7adb2@group-AE3ECB11A7D3-SegmentedRaftLogWorker: flushIndex: setUnconditionally 0 -> -1
2019-10-06 14:04:14,393 [pool-52-thread-1] INFO  server.RaftServerConfigKeys (ConfUtils.java:logGet(43)) - raft.server.snapshot.auto.trigger.enabled = true (custom)
2019-10-06 14:04:14,393 [pool-52-thread-1] INFO  server.RaftServerConfigKeys (ConfUtils.java:logGet(43)) - raft.server.snapshot.auto.trigger.threshold = 10000 (custom)
2019-10-06 14:04:14,393 [pool-52-thread-1] INFO  server.RaftServerConfigKeys (ConfUtils.java:logGet(43)) - raft.server.snapshot.retention.file.num = 5 (custom)
2019-10-06 14:04:14,393 [pool-52-thread-1] INFO  server.RaftServerConfigKeys (ConfUtils.java:logGet(43)) - raft.server.retrycache.expirytime = 600000ms (custom)
2019-10-06 14:04:14,396 [pool-52-thread-1] INFO  impl.RaftServerImpl (RaftServerImpl.java:start(181)) - 01529118-1589-414b-9133-a79ab2a7adb2@group-AE3ECB11A7D3: start as a follower, conf=-1: [01529118-1589-414b-9133-a79ab2a7adb2:192.168.151.114:44397], old=null
2019-10-06 14:04:14,397 [pool-52-thread-1] INFO  impl.RaftServerImpl (RaftServerImpl.java:setRole(170)) - 01529118-1589-414b-9133-a79ab2a7adb2@group-AE3ECB11A7D3: changes role from      null to FOLLOWER at term 0 for startAsFollower
2019-10-06 14:04:14,397 [pool-52-thread-1] INFO  impl.RoleInfo (RoleInfo.java:updateAndGet(143)) - 01529118-1589-414b-9133-a79ab2a7adb2: start FollowerState
2019-10-06 14:04:14,397 [pool-52-thread-1] INFO  util.JmxRegister (JmxRegister.java:tryRegister(44)) - Successfully registered JMX Bean with object name Ratis:service=RaftServer,group=group-AE3ECB11A7D3,id=01529118-1589-414b-9133-a79ab2a7adb2
2019-10-06 14:04:14,413 [RatisPipelineUtilsThread] INFO  pipeline.PipelineStateManager (PipelineStateManager.java:addPipeline(56)) - Created pipeline Pipeline[ Id: bd260781-7c92-45ef-9b13-ae3ecb11a7d3, Nodes: 01529118-1589-414b-9133-a79ab2a7adb2{ip: 192.168.151.114, host: ozone-build-dev-hxm7v-1976773872, networkLocation: /rack1, certSerialId: null}, Type:RATIS, Factor:ONE, State:OPEN]
2019-10-06 14:04:14,432 [grpc-default-executor-0] INFO  impl.RaftServerProxy (RaftServerProxy.java:addNew(89)) - e32e034a-a93a-4b30-8a91-807d63ef30c7: addNew group-11C8ED15AE71:[e32e034a-a93a-4b30-8a91-807d63ef30c7:192.168.151.114:34641] returns group-11C8ED15AE71:java.util.concurrent.CompletableFuture@305600ad[Not completed]
2019-10-06 14:04:14,434 [pool-62-thread-1] INFO  impl.RaftServerImpl (RaftServerImpl.java:<init>(95)) - e32e034a-a93a-4b30-8a91-807d63ef30c7: new RaftServerImpl for group-11C8ED15AE71:[e32e034a-a93a-4b30-8a91-807d63ef30c7:192.168.151.114:34641] with ContainerStateMachine:uninitialized
2019-10-06 14:04:14,435 [pool-62-thread-1] INFO  server.RaftServerConfigKeys (ConfUtils.java:logGet(43)) - raft.server.rpc.timeout.min = 5s (custom)
2019-10-06 14:04:14,435 [pool-62-thread-1] INFO  server.RaftServerConfigKeys (ConfUtils.java:logGet(43)) - raft.server.rpc.timeout.max = 5200ms (custom)
2019-10-06 14:04:14,435 [pool-62-thread-1] INFO  server.RaftServerConfigKeys (ConfUtils.java:logGet(43)) - raft.server.rpcslowness.timeout = 120s (custom)
2019-10-06 14:04:14,435 [pool-62-thread-1] INFO  server.RaftServerConfigKeys (ConfUtils.java:logGet(43)) - raft.server.sleep.deviation.threshold = 300 (default)
2019-10-06 14:04:14,435 [pool-62-thread-1] INFO  server.RaftServerConfigKeys (ConfUtils.java:logGet(43)) - raft.server.log.appender.install.snapshot.enabled = false (custom)
2019-10-06 14:04:14,436 [pool-62-thread-1] INFO  impl.RaftServerImpl (ServerState.java:<init>(103)) - e32e034a-a93a-4b30-8a91-807d63ef30c7@group-11C8ED15AE71: ConfigurationManager, init=-1: [e32e034a-a93a-4b30-8a91-807d63ef30c7:192.168.151.114:34641], old=null, confs=<EMPTY_MAP>
2019-10-06 14:04:14,436 [pool-62-thread-1] INFO  server.RaftServerConfigKeys (ConfUtils.java:logGet(43)) - raft.server.storage.dir = [/workdir/hadoop-ozone/integration-test/target/test-dir/MiniOzoneClusterImpl-95cdcd50-9c11-4749-8e4a-58f78bdaccd6/datanode-3/data/ratis] (custom)
2019-10-06 14:04:14,436 [pool-62-thread-1] INFO  server.RaftServerConfigKeys (ConfUtils.java:logGet(43)) - raft.server.log.corruption.policy = EXCEPTION (default)
2019-10-06 14:04:14,437 [pool-62-thread-1] INFO  storage.RaftStorageDirectory (RaftStorageDirectory.java:analyzeStorage(246)) - The storage directory /workdir/hadoop-ozone/integration-test/target/test-dir/MiniOzoneClusterImpl-95cdcd50-9c11-4749-8e4a-58f78bdaccd6/datanode-3/data/ratis/bda0d6f4-11a8-4950-9e44-11c8ed15ae71 does not exist. Creating ...
2019-10-06 14:04:14,449 [pool-62-thread-1] INFO  storage.RaftStorageDirectory (RaftStorageDirectory.java:tryLock(328)) - Lock on /workdir/hadoop-ozone/integration-test/target/test-dir/MiniOzoneClusterImpl-95cdcd50-9c11-4749-8e4a-58f78bdaccd6/datanode-3/data/ratis/bda0d6f4-11a8-4950-9e44-11c8ed15ae71/in_use.lock acquired by nodename 28818@ozone-build-dev-hxm7v-1976773872
2019-10-06 14:04:14,463 [pool-62-thread-1] INFO  storage.RaftStorage (RaftStorage.java:format(84)) - Storage directory /workdir/hadoop-ozone/integration-test/target/test-dir/MiniOzoneClusterImpl-95cdcd50-9c11-4749-8e4a-58f78bdaccd6/datanode-3/data/ratis/bda0d6f4-11a8-4950-9e44-11c8ed15ae71 has been successfully formatted.
2019-10-06 14:04:14,464 [pool-62-thread-1] INFO  ratis.ContainerStateMachine (ContainerStateMachine.java:loadSnapshot(230)) - group-11C8ED15AE71: The snapshot info is null. Setting the last applied indexto:(t:0, i:~)
2019-10-06 14:04:14,464 [pool-62-thread-1] INFO  server.RaftServerConfigKeys (ConfUtils.java:logGet(43)) - raft.server.notification.no-leader.timeout = 120s (custom)
2019-10-06 14:04:14,464 [pool-62-thread-1] INFO  server.RaftServerConfigKeys (ConfUtils.java:logGet(43)) - raft.server.log.use.memory = false (default)
2019-10-06 14:04:14,464 [pool-62-thread-1] INFO  server.RaftServerConfigKeys (ConfUtils.java:logGet(43)) - raft.server.log.purge.gap = 1000000 (custom)
2019-10-06 14:04:14,465 [pool-62-thread-1] INFO  server.RaftServerConfigKeys (ConfUtils.java:logGet(43)) - raft.server.log.appender.buffer.byte-limit = 33554432 (custom)
2019-10-06 14:04:14,465 [pool-62-thread-1] INFO  server.RaftServerConfigKeys (ConfUtils.java:logGet(43)) - raft.server.log.segment.size.max = 1048576 (custom)
2019-10-06 14:04:14,468 [pool-62-thread-1] INFO  server.RaftServerConfigKeys (ConfUtils.java:logGet(43)) - raft.server.log.segment.cache.num.max = 2 (custom)
2019-10-06 14:04:14,468 [pool-62-thread-1] INFO  segmented.SegmentedRaftLogWorker (SegmentedRaftLogWorker.java:<init>(173)) - new e32e034a-a93a-4b30-8a91-807d63ef30c7@group-11C8ED15AE71-SegmentedRaftLogWorker for RaftStorage:Storage Directory /workdir/hadoop-ozone/integration-test/target/test-dir/MiniOzoneClusterImpl-95cdcd50-9c11-4749-8e4a-58f78bdaccd6/datanode-3/data/ratis/bda0d6f4-11a8-4950-9e44-11c8ed15ae71
2019-10-06 14:04:14,469 [pool-62-thread-1] INFO  server.RaftServerConfigKeys (ConfUtils.java:logGet(43)) - raft.server.log.queue.byte-limit = 2147483647 (custom)
2019-10-06 14:04:14,469 [pool-62-thread-1] INFO  server.RaftServerConfigKeys (ConfUtils.java:logGet(43)) - raft.server.log.queue.element-limit = 1024 (custom)
2019-10-06 14:04:14,469 [pool-62-thread-1] INFO  server.RaftServerConfigKeys (ConfUtils.java:logGet(43)) - raft.server.log.segment.size.max = 1048576 (custom)
2019-10-06 14:04:14,469 [pool-62-thread-1] INFO  server.RaftServerConfigKeys (ConfUtils.java:logGet(43)) - raft.server.log.preallocated.size = 16384 (custom)
2019-10-06 14:04:14,469 [pool-62-thread-1] INFO  server.RaftServerConfigKeys (ConfUtils.java:logGet(43)) - raft.server.log.write.buffer.size = 33554432 (custom)
2019-10-06 14:04:14,470 [pool-62-thread-1] INFO  server.RaftServerConfigKeys (ConfUtils.java:logGet(43)) - raft.server.log.force.sync.num = 128 (default)
2019-10-06 14:04:14,470 [pool-62-thread-1] INFO  server.RaftServerConfigKeys (ConfUtils.java:logGet(43)) - raft.server.log.statemachine.data.sync = true (default)
2019-10-06 14:04:14,470 [pool-62-thread-1] INFO  server.RaftServerConfigKeys (ConfUtils.java:logGet(43)) - raft.server.log.statemachine.data.sync.timeout = 10s (default)
2019-10-06 14:04:14,471 [pool-62-thread-1] INFO  server.RaftServerConfigKeys (ConfUtils.java:logGet(43)) - raft.server.log.statemachine.data.sync.timeout.retry = -1 (default)
2019-10-06 14:04:14,471 [pool-62-thread-1] INFO  server.RaftServerConfigKeys (ConfUtils.java:logGet(43)) - raft.server.log.statemachine.data.caching.enabled = true (custom)
2019-10-06 14:04:14,472 [pool-62-thread-1] INFO  segmented.SegmentedRaftLogWorker (SegmentedRaftLogWorker.java:lambda$new$0(128)) - e32e034a-a93a-4b30-8a91-807d63ef30c7@group-11C8ED15AE71-SegmentedRaftLogWorker: flushIndex: setUnconditionally 0 -> -1
2019-10-06 14:04:14,472 [pool-62-thread-1] INFO  server.RaftServerConfigKeys (ConfUtils.java:logGet(43)) - raft.server.snapshot.auto.trigger.enabled = true (custom)
2019-10-06 14:04:14,472 [pool-62-thread-1] INFO  server.RaftServerConfigKeys (ConfUtils.java:logGet(43)) - raft.server.snapshot.auto.trigger.threshold = 10000 (custom)
2019-10-06 14:04:14,473 [pool-62-thread-1] INFO  server.RaftServerConfigKeys (ConfUtils.java:logGet(43)) - raft.server.snapshot.retention.file.num = 5 (custom)
2019-10-06 14:04:14,473 [pool-62-thread-1] INFO  server.RaftServerConfigKeys (ConfUtils.java:logGet(43)) - raft.server.retrycache.expirytime = 600000ms (custom)
2019-10-06 14:04:14,476 [pool-62-thread-1] INFO  impl.RaftServerImpl (RaftServerImpl.java:start(181)) - e32e034a-a93a-4b30-8a91-807d63ef30c7@group-11C8ED15AE71: start as a follower, conf=-1: [e32e034a-a93a-4b30-8a91-807d63ef30c7:192.168.151.114:34641], old=null
2019-10-06 14:04:14,476 [pool-62-thread-1] INFO  impl.RaftServerImpl (RaftServerImpl.java:setRole(170)) - e32e034a-a93a-4b30-8a91-807d63ef30c7@group-11C8ED15AE71: changes role from      null to FOLLOWER at term 0 for startAsFollower
2019-10-06 14:04:14,476 [pool-62-thread-1] INFO  impl.RoleInfo (RoleInfo.java:updateAndGet(143)) - e32e034a-a93a-4b30-8a91-807d63ef30c7: start FollowerState
2019-10-06 14:04:14,477 [pool-62-thread-1] INFO  util.JmxRegister (JmxRegister.java:tryRegister(44)) - Successfully registered JMX Bean with object name Ratis:service=RaftServer,group=group-11C8ED15AE71,id=e32e034a-a93a-4b30-8a91-807d63ef30c7
2019-10-06 14:04:14,498 [RatisPipelineUtilsThread] INFO  pipeline.PipelineStateManager (PipelineStateManager.java:addPipeline(56)) - Created pipeline Pipeline[ Id: bda0d6f4-11a8-4950-9e44-11c8ed15ae71, Nodes: e32e034a-a93a-4b30-8a91-807d63ef30c7{ip: 192.168.151.114, host: ozone-build-dev-hxm7v-1976773872, networkLocation: /rack1, certSerialId: null}, Type:RATIS, Factor:ONE, State:OPEN]
2019-10-06 14:04:14,553 [grpc-default-executor-2] INFO  impl.RaftServerProxy (RaftServerProxy.java:addNew(89)) - 9d1c37c1-2445-441f-9967-6cc4eb25c3d5: addNew group-16F670C72FC9:[e32e034a-a93a-4b30-8a91-807d63ef30c7:192.168.151.114:34641, 9d1c37c1-2445-441f-9967-6cc4eb25c3d5:192.168.151.114:36211, 01529118-1589-414b-9133-a79ab2a7adb2:192.168.151.114:44397] returns group-16F670C72FC9:java.util.concurrent.CompletableFuture@52006090[Not completed]
2019-10-06 14:04:14,553 [grpc-default-executor-0] INFO  impl.RaftServerProxy (RaftServerProxy.java:addNew(89)) - 01529118-1589-414b-9133-a79ab2a7adb2: addNew group-16F670C72FC9:[e32e034a-a93a-4b30-8a91-807d63ef30c7:192.168.151.114:34641, 9d1c37c1-2445-441f-9967-6cc4eb25c3d5:192.168.151.114:36211, 01529118-1589-414b-9133-a79ab2a7adb2:192.168.151.114:44397] returns group-16F670C72FC9:java.util.concurrent.CompletableFuture@2d0f9c1e[Not completed]
2019-10-06 14:04:14,553 [grpc-default-executor-1] INFO  impl.RaftServerProxy (RaftServerProxy.java:addNew(89)) - e32e034a-a93a-4b30-8a91-807d63ef30c7: addNew group-16F670C72FC9:[e32e034a-a93a-4b30-8a91-807d63ef30c7:192.168.151.114:34641, 9d1c37c1-2445-441f-9967-6cc4eb25c3d5:192.168.151.114:36211, 01529118-1589-414b-9133-a79ab2a7adb2:192.168.151.114:44397] returns group-16F670C72FC9:java.util.concurrent.CompletableFuture@4a587df6[Not completed]
2019-10-06 14:04:14,555 [pool-42-thread-1] INFO  impl.RaftServerImpl (RaftServerImpl.java:<init>(95)) - 9d1c37c1-2445-441f-9967-6cc4eb25c3d5: new RaftServerImpl for group-16F670C72FC9:[e32e034a-a93a-4b30-8a91-807d63ef30c7:192.168.151.114:34641, 9d1c37c1-2445-441f-9967-6cc4eb25c3d5:192.168.151.114:36211, 01529118-1589-414b-9133-a79ab2a7adb2:192.168.151.114:44397] with ContainerStateMachine:uninitialized
2019-10-06 14:04:14,556 [pool-42-thread-1] INFO  server.RaftServerConfigKeys (ConfUtils.java:logGet(43)) - raft.server.rpc.timeout.min = 5s (custom)
2019-10-06 14:04:14,556 [pool-42-thread-1] INFO  server.RaftServerConfigKeys (ConfUtils.java:logGet(43)) - raft.server.rpc.timeout.max = 5200ms (custom)
2019-10-06 14:04:14,556 [pool-42-thread-1] INFO  server.RaftServerConfigKeys (ConfUtils.java:logGet(43)) - raft.server.rpcslowness.timeout = 120s (custom)
2019-10-06 14:04:14,556 [pool-42-thread-1] INFO  server.RaftServerConfigKeys (ConfUtils.java:logGet(43)) - raft.server.sleep.deviation.threshold = 300 (default)
2019-10-06 14:04:14,557 [pool-42-thread-1] INFO  server.RaftServerConfigKeys (ConfUtils.java:logGet(43)) - raft.server.log.appender.install.snapshot.enabled = false (custom)
2019-10-06 14:04:14,557 [pool-62-thread-1] INFO  impl.RaftServerImpl (RaftServerImpl.java:<init>(95)) - e32e034a-a93a-4b30-8a91-807d63ef30c7: new RaftServerImpl for group-16F670C72FC9:[e32e034a-a93a-4b30-8a91-807d63ef30c7:192.168.151.114:34641, 9d1c37c1-2445-441f-9967-6cc4eb25c3d5:192.168.151.114:36211, 01529118-1589-414b-9133-a79ab2a7adb2:192.168.151.114:44397] with ContainerStateMachine:uninitialized
2019-10-06 14:04:14,557 [pool-42-thread-1] INFO  impl.RaftServerImpl (ServerState.java:<init>(103)) - 9d1c37c1-2445-441f-9967-6cc4eb25c3d5@group-16F670C72FC9: ConfigurationManager, init=-1: [e32e034a-a93a-4b30-8a91-807d63ef30c7:192.168.151.114:34641, 9d1c37c1-2445-441f-9967-6cc4eb25c3d5:192.168.151.114:36211, 01529118-1589-414b-9133-a79ab2a7adb2:192.168.151.114:44397], old=null, confs=<EMPTY_MAP>
2019-10-06 14:04:14,557 [pool-62-thread-1] INFO  server.RaftServerConfigKeys (ConfUtils.java:logGet(43)) - raft.server.rpc.timeout.min = 5s (custom)
2019-10-06 14:04:14,557 [pool-42-thread-1] INFO  server.RaftServerConfigKeys (ConfUtils.java:logGet(43)) - raft.server.storage.dir = [/workdir/hadoop-ozone/integration-test/target/test-dir/MiniOzoneClusterImpl-95cdcd50-9c11-4749-8e4a-58f78bdaccd6/datanode-1/data/ratis] (custom)
2019-10-06 14:04:14,557 [pool-62-thread-1] INFO  server.RaftServerConfigKeys (ConfUtils.java:logGet(43)) - raft.server.rpc.timeout.max = 5200ms (custom)
2019-10-06 14:04:14,558 [pool-62-thread-1] INFO  server.RaftServerConfigKeys (ConfUtils.java:logGet(43)) - raft.server.rpcslowness.timeout = 120s (custom)
2019-10-06 14:04:14,558 [pool-42-thread-1] INFO  server.RaftServerConfigKeys (ConfUtils.java:logGet(43)) - raft.server.log.corruption.policy = EXCEPTION (default)
2019-10-06 14:04:14,558 [pool-62-thread-1] INFO  server.RaftServerConfigKeys (ConfUtils.java:logGet(43)) - raft.server.sleep.deviation.threshold = 300 (default)
2019-10-06 14:04:14,558 [pool-42-thread-1] INFO  storage.RaftStorageDirectory (RaftStorageDirectory.java:analyzeStorage(246)) - The storage directory /workdir/hadoop-ozone/integration-test/target/test-dir/MiniOzoneClusterImpl-95cdcd50-9c11-4749-8e4a-58f78bdaccd6/datanode-1/data/ratis/c432860a-ad0d-44c4-b482-16f670c72fc9 does not exist. Creating ...
2019-10-06 14:04:14,558 [pool-52-thread-1] INFO  impl.RaftServerImpl (RaftServerImpl.java:<init>(95)) - 01529118-1589-414b-9133-a79ab2a7adb2: new RaftServerImpl for group-16F670C72FC9:[e32e034a-a93a-4b30-8a91-807d63ef30c7:192.168.151.114:34641, 9d1c37c1-2445-441f-9967-6cc4eb25c3d5:192.168.151.114:36211, 01529118-1589-414b-9133-a79ab2a7adb2:192.168.151.114:44397] with ContainerStateMachine:uninitialized
2019-10-06 14:04:14,558 [pool-62-thread-1] INFO  server.RaftServerConfigKeys (ConfUtils.java:logGet(43)) - raft.server.log.appender.install.snapshot.enabled = false (custom)
2019-10-06 14:04:14,559 [pool-52-thread-1] INFO  server.RaftServerConfigKeys (ConfUtils.java:logGet(43)) - raft.server.rpc.timeout.min = 5s (custom)
2019-10-06 14:04:14,559 [pool-62-thread-1] INFO  impl.RaftServerImpl (ServerState.java:<init>(103)) - e32e034a-a93a-4b30-8a91-807d63ef30c7@group-16F670C72FC9: ConfigurationManager, init=-1: [e32e034a-a93a-4b30-8a91-807d63ef30c7:192.168.151.114:34641, 9d1c37c1-2445-441f-9967-6cc4eb25c3d5:192.168.151.114:36211, 01529118-1589-414b-9133-a79ab2a7adb2:192.168.151.114:44397], old=null, confs=<EMPTY_MAP>
2019-10-06 14:04:14,559 [pool-52-thread-1] INFO  server.RaftServerConfigKeys (ConfUtils.java:logGet(43)) - raft.server.rpc.timeout.max = 5200ms (custom)
2019-10-06 14:04:14,559 [pool-62-thread-1] INFO  server.RaftServerConfigKeys (ConfUtils.java:logGet(43)) - raft.server.storage.dir = [/workdir/hadoop-ozone/integration-test/target/test-dir/MiniOzoneClusterImpl-95cdcd50-9c11-4749-8e4a-58f78bdaccd6/datanode-3/data/ratis] (custom)
2019-10-06 14:04:14,559 [pool-52-thread-1] INFO  server.RaftServerConfigKeys (ConfUtils.java:logGet(43)) - raft.server.rpcslowness.timeout = 120s (custom)
2019-10-06 14:04:14,559 [pool-52-thread-1] INFO  server.RaftServerConfigKeys (ConfUtils.java:logGet(43)) - raft.server.sleep.deviation.threshold = 300 (default)
2019-10-06 14:04:14,559 [pool-62-thread-1] INFO  server.RaftServerConfigKeys (ConfUtils.java:logGet(43)) - raft.server.log.corruption.policy = EXCEPTION (default)
2019-10-06 14:04:14,560 [pool-52-thread-1] INFO  server.RaftServerConfigKeys (ConfUtils.java:logGet(43)) - raft.server.log.appender.install.snapshot.enabled = false (custom)
2019-10-06 14:04:14,560 [pool-62-thread-1] INFO  storage.RaftStorageDirectory (RaftStorageDirectory.java:analyzeStorage(246)) - The storage directory /workdir/hadoop-ozone/integration-test/target/test-dir/MiniOzoneClusterImpl-95cdcd50-9c11-4749-8e4a-58f78bdaccd6/datanode-3/data/ratis/c432860a-ad0d-44c4-b482-16f670c72fc9 does not exist. Creating ...
2019-10-06 14:04:14,560 [pool-52-thread-1] INFO  impl.RaftServerImpl (ServerState.java:<init>(103)) - 01529118-1589-414b-9133-a79ab2a7adb2@group-16F670C72FC9: ConfigurationManager, init=-1: [e32e034a-a93a-4b30-8a91-807d63ef30c7:192.168.151.114:34641, 9d1c37c1-2445-441f-9967-6cc4eb25c3d5:192.168.151.114:36211, 01529118-1589-414b-9133-a79ab2a7adb2:192.168.151.114:44397], old=null, confs=<EMPTY_MAP>
2019-10-06 14:04:14,560 [pool-52-thread-1] INFO  server.RaftServerConfigKeys (ConfUtils.java:logGet(43)) - raft.server.storage.dir = [/workdir/hadoop-ozone/integration-test/target/test-dir/MiniOzoneClusterImpl-95cdcd50-9c11-4749-8e4a-58f78bdaccd6/datanode-2/data/ratis] (custom)
2019-10-06 14:04:14,561 [pool-52-thread-1] INFO  server.RaftServerConfigKeys (ConfUtils.java:logGet(43)) - raft.server.log.corruption.policy = EXCEPTION (default)
2019-10-06 14:04:14,561 [pool-52-thread-1] INFO  storage.RaftStorageDirectory (RaftStorageDirectory.java:analyzeStorage(246)) - The storage directory /workdir/hadoop-ozone/integration-test/target/test-dir/MiniOzoneClusterImpl-95cdcd50-9c11-4749-8e4a-58f78bdaccd6/datanode-2/data/ratis/c432860a-ad0d-44c4-b482-16f670c72fc9 does not exist. Creating ...
2019-10-06 14:04:14,572 [pool-62-thread-1] INFO  storage.RaftStorageDirectory (RaftStorageDirectory.java:tryLock(328)) - Lock on /workdir/hadoop-ozone/integration-test/target/test-dir/MiniOzoneClusterImpl-95cdcd50-9c11-4749-8e4a-58f78bdaccd6/datanode-3/data/ratis/c432860a-ad0d-44c4-b482-16f670c72fc9/in_use.lock acquired by nodename 28818@ozone-build-dev-hxm7v-1976773872
2019-10-06 14:04:14,572 [pool-42-thread-1] INFO  storage.RaftStorageDirectory (RaftStorageDirectory.java:tryLock(328)) - Lock on /workdir/hadoop-ozone/integration-test/target/test-dir/MiniOzoneClusterImpl-95cdcd50-9c11-4749-8e4a-58f78bdaccd6/datanode-1/data/ratis/c432860a-ad0d-44c4-b482-16f670c72fc9/in_use.lock acquired by nodename 28818@ozone-build-dev-hxm7v-1976773872
2019-10-06 14:04:14,572 [pool-52-thread-1] INFO  storage.RaftStorageDirectory (RaftStorageDirectory.java:tryLock(328)) - Lock on /workdir/hadoop-ozone/integration-test/target/test-dir/MiniOzoneClusterImpl-95cdcd50-9c11-4749-8e4a-58f78bdaccd6/datanode-2/data/ratis/c432860a-ad0d-44c4-b482-16f670c72fc9/in_use.lock acquired by nodename 28818@ozone-build-dev-hxm7v-1976773872
2019-10-06 14:04:14,586 [pool-52-thread-1] INFO  storage.RaftStorage (RaftStorage.java:format(84)) - Storage directory /workdir/hadoop-ozone/integration-test/target/test-dir/MiniOzoneClusterImpl-95cdcd50-9c11-4749-8e4a-58f78bdaccd6/datanode-2/data/ratis/c432860a-ad0d-44c4-b482-16f670c72fc9 has been successfully formatted.
2019-10-06 14:04:14,586 [pool-42-thread-1] INFO  storage.RaftStorage (RaftStorage.java:format(84)) - Storage directory /workdir/hadoop-ozone/integration-test/target/test-dir/MiniOzoneClusterImpl-95cdcd50-9c11-4749-8e4a-58f78bdaccd6/datanode-1/data/ratis/c432860a-ad0d-44c4-b482-16f670c72fc9 has been successfully formatted.
2019-10-06 14:04:14,586 [pool-52-thread-1] INFO  ratis.ContainerStateMachine (ContainerStateMachine.java:loadSnapshot(230)) - group-16F670C72FC9: The snapshot info is null. Setting the last applied indexto:(t:0, i:~)
2019-10-06 14:04:14,586 [pool-62-thread-1] INFO  storage.RaftStorage (RaftStorage.java:format(84)) - Storage directory /workdir/hadoop-ozone/integration-test/target/test-dir/MiniOzoneClusterImpl-95cdcd50-9c11-4749-8e4a-58f78bdaccd6/datanode-3/data/ratis/c432860a-ad0d-44c4-b482-16f670c72fc9 has been successfully formatted.
2019-10-06 14:04:14,586 [pool-42-thread-1] INFO  ratis.ContainerStateMachine (ContainerStateMachine.java:loadSnapshot(230)) - group-16F670C72FC9: The snapshot info is null. Setting the last applied indexto:(t:0, i:~)
2019-10-06 14:04:14,586 [pool-52-thread-1] INFO  server.RaftServerConfigKeys (ConfUtils.java:logGet(43)) - raft.server.notification.no-leader.timeout = 120s (custom)
2019-10-06 14:04:14,587 [pool-42-thread-1] INFO  server.RaftServerConfigKeys (ConfUtils.java:logGet(43)) - raft.server.notification.no-leader.timeout = 120s (custom)
2019-10-06 14:04:14,586 [pool-62-thread-1] INFO  ratis.ContainerStateMachine (ContainerStateMachine.java:loadSnapshot(230)) - group-16F670C72FC9: The snapshot info is null. Setting the last applied indexto:(t:0, i:~)
2019-10-06 14:04:14,587 [pool-42-thread-1] INFO  server.RaftServerConfigKeys (ConfUtils.java:logGet(43)) - raft.server.log.use.memory = false (default)
2019-10-06 14:04:14,587 [pool-52-thread-1] INFO  server.RaftServerConfigKeys (ConfUtils.java:logGet(43)) - raft.server.log.use.memory = false (default)
2019-10-06 14:04:14,587 [pool-42-thread-1] INFO  server.RaftServerConfigKeys (ConfUtils.java:logGet(43)) - raft.server.log.purge.gap = 1000000 (custom)
2019-10-06 14:04:14,587 [pool-62-thread-1] INFO  server.RaftServerConfigKeys (ConfUtils.java:logGet(43)) - raft.server.notification.no-leader.timeout = 120s (custom)
2019-10-06 14:04:14,587 [pool-42-thread-1] INFO  server.RaftServerConfigKeys (ConfUtils.java:logGet(43)) - raft.server.log.appender.buffer.byte-limit = 33554432 (custom)
2019-10-06 14:04:14,587 [pool-52-thread-1] INFO  server.RaftServerConfigKeys (ConfUtils.java:logGet(43)) - raft.server.log.purge.gap = 1000000 (custom)
2019-10-06 14:04:14,588 [pool-42-thread-1] INFO  server.RaftServerConfigKeys (ConfUtils.java:logGet(43)) - raft.server.log.segment.size.max = 1048576 (custom)
2019-10-06 14:04:14,588 [pool-62-thread-1] INFO  server.RaftServerConfigKeys (ConfUtils.java:logGet(43)) - raft.server.log.use.memory = false (default)
2019-10-06 14:04:14,588 [pool-42-thread-1] INFO  server.RaftServerConfigKeys (ConfUtils.java:logGet(43)) - raft.server.log.segment.cache.num.max = 2 (custom)
2019-10-06 14:04:14,588 [pool-52-thread-1] INFO  server.RaftServerConfigKeys (ConfUtils.java:logGet(43)) - raft.server.log.appender.buffer.byte-limit = 33554432 (custom)
2019-10-06 14:04:14,588 [pool-42-thread-1] INFO  segmented.SegmentedRaftLogWorker (SegmentedRaftLogWorker.java:<init>(173)) - new 9d1c37c1-2445-441f-9967-6cc4eb25c3d5@group-16F670C72FC9-SegmentedRaftLogWorker for RaftStorage:Storage Directory /workdir/hadoop-ozone/integration-test/target/test-dir/MiniOzoneClusterImpl-95cdcd50-9c11-4749-8e4a-58f78bdaccd6/datanode-1/data/ratis/c432860a-ad0d-44c4-b482-16f670c72fc9
2019-10-06 14:04:14,588 [pool-62-thread-1] INFO  server.RaftServerConfigKeys (ConfUtils.java:logGet(43)) - raft.server.log.purge.gap = 1000000 (custom)
2019-10-06 14:04:14,589 [pool-42-thread-1] INFO  server.RaftServerConfigKeys (ConfUtils.java:logGet(43)) - raft.server.log.queue.byte-limit = 2147483647 (custom)
2019-10-06 14:04:14,589 [pool-52-thread-1] INFO  server.RaftServerConfigKeys (ConfUtils.java:logGet(43)) - raft.server.log.segment.size.max = 1048576 (custom)
2019-10-06 14:04:14,589 [pool-42-thread-1] INFO  server.RaftServerConfigKeys (ConfUtils.java:logGet(43)) - raft.server.log.queue.element-limit = 1024 (custom)
2019-10-06 14:04:14,589 [pool-62-thread-1] INFO  server.RaftServerConfigKeys (ConfUtils.java:logGet(43)) - raft.server.log.appender.buffer.byte-limit = 33554432 (custom)
2019-10-06 14:04:14,589 [pool-42-thread-1] INFO  server.RaftServerConfigKeys (ConfUtils.java:logGet(43)) - raft.server.log.segment.size.max = 1048576 (custom)
2019-10-06 14:04:14,589 [pool-52-thread-1] INFO  server.RaftServerConfigKeys (ConfUtils.java:logGet(43)) - raft.server.log.segment.cache.num.max = 2 (custom)
2019-10-06 14:04:14,590 [pool-42-thread-1] INFO  server.RaftServerConfigKeys (ConfUtils.java:logGet(43)) - raft.server.log.preallocated.size = 16384 (custom)
2019-10-06 14:04:14,590 [pool-62-thread-1] INFO  server.RaftServerConfigKeys (ConfUtils.java:logGet(43)) - raft.server.log.segment.size.max = 1048576 (custom)
2019-10-06 14:04:14,590 [pool-42-thread-1] INFO  server.RaftServerConfigKeys (ConfUtils.java:logGet(43)) - raft.server.log.write.buffer.size = 33554432 (custom)
2019-10-06 14:04:14,590 [pool-52-thread-1] INFO  segmented.SegmentedRaftLogWorker (SegmentedRaftLogWorker.java:<init>(173)) - new 01529118-1589-414b-9133-a79ab2a7adb2@group-16F670C72FC9-SegmentedRaftLogWorker for RaftStorage:Storage Directory /workdir/hadoop-ozone/integration-test/target/test-dir/MiniOzoneClusterImpl-95cdcd50-9c11-4749-8e4a-58f78bdaccd6/datanode-2/data/ratis/c432860a-ad0d-44c4-b482-16f670c72fc9
2019-10-06 14:04:14,590 [pool-42-thread-1] INFO  server.RaftServerConfigKeys (ConfUtils.java:logGet(43)) - raft.server.log.force.sync.num = 128 (default)
2019-10-06 14:04:14,590 [pool-62-thread-1] INFO  server.RaftServerConfigKeys (ConfUtils.java:logGet(43)) - raft.server.log.segment.cache.num.max = 2 (custom)
2019-10-06 14:04:14,591 [pool-42-thread-1] INFO  server.RaftServerConfigKeys (ConfUtils.java:logGet(43)) - raft.server.log.statemachine.data.sync = true (default)
2019-10-06 14:04:14,591 [pool-52-thread-1] INFO  server.RaftServerConfigKeys (ConfUtils.java:logGet(43)) - raft.server.log.queue.byte-limit = 2147483647 (custom)
2019-10-06 14:04:14,591 [pool-42-thread-1] INFO  server.RaftServerConfigKeys (ConfUtils.java:logGet(43)) - raft.server.log.statemachine.data.sync.timeout = 10s (default)
2019-10-06 14:04:14,591 [pool-62-thread-1] INFO  segmented.SegmentedRaftLogWorker (SegmentedRaftLogWorker.java:<init>(173)) - new e32e034a-a93a-4b30-8a91-807d63ef30c7@group-16F670C72FC9-SegmentedRaftLogWorker for RaftStorage:Storage Directory /workdir/hadoop-ozone/integration-test/target/test-dir/MiniOzoneClusterImpl-95cdcd50-9c11-4749-8e4a-58f78bdaccd6/datanode-3/data/ratis/c432860a-ad0d-44c4-b482-16f670c72fc9
2019-10-06 14:04:14,591 [pool-42-thread-1] INFO  server.RaftServerConfigKeys (ConfUtils.java:logGet(43)) - raft.server.log.statemachine.data.sync.timeout.retry = -1 (default)
2019-10-06 14:04:14,591 [pool-52-thread-1] INFO  server.RaftServerConfigKeys (ConfUtils.java:logGet(43)) - raft.server.log.queue.element-limit = 1024 (custom)
2019-10-06 14:04:14,592 [pool-62-thread-1] INFO  server.RaftServerConfigKeys (ConfUtils.java:logGet(43)) - raft.server.log.queue.byte-limit = 2147483647 (custom)
2019-10-06 14:04:14,592 [pool-42-thread-1] INFO  server.RaftServerConfigKeys (ConfUtils.java:logGet(43)) - raft.server.log.statemachine.data.caching.enabled = true (custom)
2019-10-06 14:04:14,592 [pool-52-thread-1] INFO  server.RaftServerConfigKeys (ConfUtils.java:logGet(43)) - raft.server.log.segment.size.max = 1048576 (custom)
2019-10-06 14:04:14,592 [pool-62-thread-1] INFO  server.RaftServerConfigKeys (ConfUtils.java:logGet(43)) - raft.server.log.queue.element-limit = 1024 (custom)
2019-10-06 14:04:14,592 [pool-52-thread-1] INFO  server.RaftServerConfigKeys (ConfUtils.java:logGet(43)) - raft.server.log.preallocated.size = 16384 (custom)
2019-10-06 14:04:14,593 [pool-62-thread-1] INFO  server.RaftServerConfigKeys (ConfUtils.java:logGet(43)) - raft.server.log.segment.size.max = 1048576 (custom)
2019-10-06 14:04:14,593 [pool-42-thread-1] INFO  segmented.SegmentedRaftLogWorker (SegmentedRaftLogWorker.java:lambda$new$0(128)) - 9d1c37c1-2445-441f-9967-6cc4eb25c3d5@group-16F670C72FC9-SegmentedRaftLogWorker: flushIndex: setUnconditionally 0 -> -1
2019-10-06 14:04:14,593 [pool-62-thread-1] INFO  server.RaftServerConfigKeys (ConfUtils.java:logGet(43)) - raft.server.log.preallocated.size = 16384 (custom)
2019-10-06 14:04:14,593 [pool-52-thread-1] INFO  server.RaftServerConfigKeys (ConfUtils.java:logGet(43)) - raft.server.log.write.buffer.size = 33554432 (custom)
2019-10-06 14:04:14,593 [pool-42-thread-1] INFO  server.RaftServerConfigKeys (ConfUtils.java:logGet(43)) - raft.server.snapshot.auto.trigger.enabled = true (custom)
2019-10-06 14:04:14,593 [pool-62-thread-1] INFO  server.RaftServerConfigKeys (ConfUtils.java:logGet(43)) - raft.server.log.write.buffer.size = 33554432 (custom)
2019-10-06 14:04:14,594 [pool-42-thread-1] INFO  server.RaftServerConfigKeys (ConfUtils.java:logGet(43)) - raft.server.snapshot.auto.trigger.threshold = 10000 (custom)
2019-10-06 14:04:14,593 [pool-52-thread-1] INFO  server.RaftServerConfigKeys (ConfUtils.java:logGet(43)) - raft.server.log.force.sync.num = 128 (default)
2019-10-06 14:04:14,594 [pool-42-thread-1] INFO  server.RaftServerConfigKeys (ConfUtils.java:logGet(43)) - raft.server.snapshot.retention.file.num = 5 (custom)
2019-10-06 14:04:14,594 [pool-62-thread-1] INFO  server.RaftServerConfigKeys (ConfUtils.java:logGet(43)) - raft.server.log.force.sync.num = 128 (default)
2019-10-06 14:04:14,594 [pool-42-thread-1] INFO  server.RaftServerConfigKeys (ConfUtils.java:logGet(43)) - raft.server.retrycache.expirytime = 600000ms (custom)
2019-10-06 14:04:14,594 [pool-52-thread-1] INFO  server.RaftServerConfigKeys (ConfUtils.java:logGet(43)) - raft.server.log.statemachine.data.sync = true (default)
2019-10-06 14:04:14,595 [pool-62-thread-1] INFO  server.RaftServerConfigKeys (ConfUtils.java:logGet(43)) - raft.server.log.statemachine.data.sync = true (default)
2019-10-06 14:04:14,595 [pool-52-thread-1] INFO  server.RaftServerConfigKeys (ConfUtils.java:logGet(43)) - raft.server.log.statemachine.data.sync.timeout = 10s (default)
2019-10-06 14:04:14,595 [pool-62-thread-1] INFO  server.RaftServerConfigKeys (ConfUtils.java:logGet(43)) - raft.server.log.statemachine.data.sync.timeout = 10s (default)
2019-10-06 14:04:14,595 [pool-52-thread-1] INFO  server.RaftServerConfigKeys (ConfUtils.java:logGet(43)) - raft.server.log.statemachine.data.sync.timeout.retry = -1 (default)
2019-10-06 14:04:14,595 [pool-62-thread-1] INFO  server.RaftServerConfigKeys (ConfUtils.java:logGet(43)) - raft.server.log.statemachine.data.sync.timeout.retry = -1 (default)
2019-10-06 14:04:14,596 [pool-52-thread-1] INFO  server.RaftServerConfigKeys (ConfUtils.java:logGet(43)) - raft.server.log.statemachine.data.caching.enabled = true (custom)
2019-10-06 14:04:14,596 [pool-62-thread-1] INFO  server.RaftServerConfigKeys (ConfUtils.java:logGet(43)) - raft.server.log.statemachine.data.caching.enabled = true (custom)
2019-10-06 14:04:14,596 [pool-52-thread-1] INFO  segmented.SegmentedRaftLogWorker (SegmentedRaftLogWorker.java:lambda$new$0(128)) - 01529118-1589-414b-9133-a79ab2a7adb2@group-16F670C72FC9-SegmentedRaftLogWorker: flushIndex: setUnconditionally 0 -> -1
2019-10-06 14:04:14,596 [pool-62-thread-1] INFO  segmented.SegmentedRaftLogWorker (SegmentedRaftLogWorker.java:lambda$new$0(128)) - e32e034a-a93a-4b30-8a91-807d63ef30c7@group-16F670C72FC9-SegmentedRaftLogWorker: flushIndex: setUnconditionally 0 -> -1
2019-10-06 14:04:14,596 [pool-52-thread-1] INFO  server.RaftServerConfigKeys (ConfUtils.java:logGet(43)) - raft.server.snapshot.auto.trigger.enabled = true (custom)
2019-10-06 14:04:14,597 [pool-52-thread-1] INFO  server.RaftServerConfigKeys (ConfUtils.java:logGet(43)) - raft.server.snapshot.auto.trigger.threshold = 10000 (custom)
2019-10-06 14:04:14,597 [pool-62-thread-1] INFO  server.RaftServerConfigKeys (ConfUtils.java:logGet(43)) - raft.server.snapshot.auto.trigger.enabled = true (custom)
2019-10-06 14:04:14,597 [pool-52-thread-1] INFO  server.RaftServerConfigKeys (ConfUtils.java:logGet(43)) - raft.server.snapshot.retention.file.num = 5 (custom)
2019-10-06 14:04:14,597 [pool-62-thread-1] INFO  server.RaftServerConfigKeys (ConfUtils.java:logGet(43)) - raft.server.snapshot.auto.trigger.threshold = 10000 (custom)
2019-10-06 14:04:14,597 [pool-52-thread-1] INFO  server.RaftServerConfigKeys (ConfUtils.java:logGet(43)) - raft.server.retrycache.expirytime = 600000ms (custom)
2019-10-06 14:04:14,597 [pool-62-thread-1] INFO  server.RaftServerConfigKeys (ConfUtils.java:logGet(43)) - raft.server.snapshot.retention.file.num = 5 (custom)
2019-10-06 14:04:14,598 [pool-62-thread-1] INFO  server.RaftServerConfigKeys (ConfUtils.java:logGet(43)) - raft.server.retrycache.expirytime = 600000ms (custom)
2019-10-06 14:04:14,598 [pool-42-thread-1] INFO  impl.RaftServerImpl (RaftServerImpl.java:start(181)) - 9d1c37c1-2445-441f-9967-6cc4eb25c3d5@group-16F670C72FC9: start as a follower, conf=-1: [e32e034a-a93a-4b30-8a91-807d63ef30c7:192.168.151.114:34641, 9d1c37c1-2445-441f-9967-6cc4eb25c3d5:192.168.151.114:36211, 01529118-1589-414b-9133-a79ab2a7adb2:192.168.151.114:44397], old=null
2019-10-06 14:04:14,598 [pool-42-thread-1] INFO  impl.RaftServerImpl (RaftServerImpl.java:setRole(170)) - 9d1c37c1-2445-441f-9967-6cc4eb25c3d5@group-16F670C72FC9: changes role from      null to FOLLOWER at term 0 for startAsFollower
2019-10-06 14:04:14,599 [pool-42-thread-1] INFO  impl.RoleInfo (RoleInfo.java:updateAndGet(143)) - 9d1c37c1-2445-441f-9967-6cc4eb25c3d5: start FollowerState
2019-10-06 14:04:14,599 [pool-42-thread-1] INFO  util.JmxRegister (JmxRegister.java:tryRegister(44)) - Successfully registered JMX Bean with object name Ratis:service=RaftServer,group=group-16F670C72FC9,id=9d1c37c1-2445-441f-9967-6cc4eb25c3d5
2019-10-06 14:04:14,601 [pool-52-thread-1] INFO  impl.RaftServerImpl (RaftServerImpl.java:start(181)) - 01529118-1589-414b-9133-a79ab2a7adb2@group-16F670C72FC9: start as a follower, conf=-1: [e32e034a-a93a-4b30-8a91-807d63ef30c7:192.168.151.114:34641, 9d1c37c1-2445-441f-9967-6cc4eb25c3d5:192.168.151.114:36211, 01529118-1589-414b-9133-a79ab2a7adb2:192.168.151.114:44397], old=null
2019-10-06 14:04:14,601 [pool-52-thread-1] INFO  impl.RaftServerImpl (RaftServerImpl.java:setRole(170)) - 01529118-1589-414b-9133-a79ab2a7adb2@group-16F670C72FC9: changes role from      null to FOLLOWER at term 0 for startAsFollower
2019-10-06 14:04:14,601 [pool-52-thread-1] INFO  impl.RoleInfo (RoleInfo.java:updateAndGet(143)) - 01529118-1589-414b-9133-a79ab2a7adb2: start FollowerState
2019-10-06 14:04:14,601 [pool-52-thread-1] INFO  util.JmxRegister (JmxRegister.java:tryRegister(44)) - Successfully registered JMX Bean with object name Ratis:service=RaftServer,group=group-16F670C72FC9,id=01529118-1589-414b-9133-a79ab2a7adb2
2019-10-06 14:04:14,602 [pool-62-thread-1] INFO  impl.RaftServerImpl (RaftServerImpl.java:start(181)) - e32e034a-a93a-4b30-8a91-807d63ef30c7@group-16F670C72FC9: start as a follower, conf=-1: [e32e034a-a93a-4b30-8a91-807d63ef30c7:192.168.151.114:34641, 9d1c37c1-2445-441f-9967-6cc4eb25c3d5:192.168.151.114:36211, 01529118-1589-414b-9133-a79ab2a7adb2:192.168.151.114:44397], old=null
2019-10-06 14:04:14,602 [pool-62-thread-1] INFO  impl.RaftServerImpl (RaftServerImpl.java:setRole(170)) - e32e034a-a93a-4b30-8a91-807d63ef30c7@group-16F670C72FC9: changes role from      null to FOLLOWER at term 0 for startAsFollower
2019-10-06 14:04:14,602 [pool-62-thread-1] INFO  impl.RoleInfo (RoleInfo.java:updateAndGet(143)) - e32e034a-a93a-4b30-8a91-807d63ef30c7: start FollowerState
2019-10-06 14:04:14,603 [pool-62-thread-1] INFO  util.JmxRegister (JmxRegister.java:tryRegister(44)) - Successfully registered JMX Bean with object name Ratis:service=RaftServer,group=group-16F670C72FC9,id=e32e034a-a93a-4b30-8a91-807d63ef30c7
2019-10-06 14:04:14,631 [RatisPipelineUtilsThread] INFO  pipeline.PipelineStateManager (PipelineStateManager.java:addPipeline(56)) - Created pipeline Pipeline[ Id: c432860a-ad0d-44c4-b482-16f670c72fc9, Nodes: 9d1c37c1-2445-441f-9967-6cc4eb25c3d5{ip: 192.168.151.114, host: ozone-build-dev-hxm7v-1976773872, networkLocation: /rack1, certSerialId: null}01529118-1589-414b-9133-a79ab2a7adb2{ip: 192.168.151.114, host: ozone-build-dev-hxm7v-1976773872, networkLocation: /rack1, certSerialId: null}e32e034a-a93a-4b30-8a91-807d63ef30c7{ip: 192.168.151.114, host: ozone-build-dev-hxm7v-1976773872, networkLocation: /rack1, certSerialId: null}, Type:RATIS, Factor:THREE, State:OPEN]
2019-10-06 14:04:14,791 [main] INFO  ozone.MiniOzoneClusterImpl (MiniOzoneClusterImpl.java:lambda$waitForClusterToBeReady$0(147)) - Cluster is ready. Got 4 of 4 DN Heartbeats.
2019-10-06 14:04:16,001 [Thread-224] INFO  rpc.RpcClient (RpcClient.java:createVolume(277)) - Creating Volume: b4e23513-21ab-4d33-876b-61eb4a61b521, with jenkins1000 as owner.
2019-10-06 14:04:16,140 [OM StateMachine ApplyTransaction Thread - 0] INFO  volume.OMVolumeCreateRequest (OMVolumeCreateRequest.java:validateAndUpdateCache(193)) - created volume:b4e23513-21ab-4d33-876b-61eb4a61b521 for user:jenkins1000
2019-10-06 14:04:16,159 [Thread-224] INFO  rpc.RpcClient (RpcClient.java:createBucket(416)) - Creating Bucket: b4e23513-21ab-4d33-876b-61eb4a61b521/6208392d-2781-4a92-a1af-e2d268a3538b, with Versioning false and Storage Type set to DISK and Encryption set to false 
2019-10-06 14:04:16,385 [Thread-224] INFO  impl.MetricsSystemImpl (MetricsSystemImpl.java:init(158)) - XceiverClientMetrics metrics system started (again)
2019-10-06 14:04:16,622 [Thread-199] INFO  container.ReplicationManager (ReplicationManager.java:start(162)) - Starting Replication Monitor Thread.
2019-10-06 14:04:16,626 [ReplicationMonitor] INFO  container.ReplicationManager (ReplicationManager.java:run(225)) - Replication Monitor Thread took 3 milliseconds for processing 1 containers.
2019-10-06 14:04:19,314 [Thread-201] INFO  impl.FollowerState (FollowerState.java:run(108)) - 2fdc879c-258e-4c4f-9cf3-ad50c77d1104@group-8DFC3005FE9F-FollowerState: change to CANDIDATE, lastRpcTime:5132ms, electionTimeout:5132ms
2019-10-06 14:04:19,317 [Thread-201] INFO  impl.RoleInfo (RoleInfo.java:shutdownFollowerState(121)) - 2fdc879c-258e-4c4f-9cf3-ad50c77d1104: shutdown FollowerState
2019-10-06 14:04:19,317 [Thread-201] INFO  impl.RaftServerImpl (RaftServerImpl.java:setRole(170)) - 2fdc879c-258e-4c4f-9cf3-ad50c77d1104@group-8DFC3005FE9F: changes role from  FOLLOWER to CANDIDATE at term 0 for changeToCandidate
2019-10-06 14:04:19,317 [Thread-201] INFO  impl.RoleInfo (RoleInfo.java:updateAndGet(143)) - 2fdc879c-258e-4c4f-9cf3-ad50c77d1104: start LeaderElection
2019-10-06 14:04:19,334 [2fdc879c-258e-4c4f-9cf3-ad50c77d1104@group-8DFC3005FE9F-LeaderElection2] INFO  impl.LeaderElection (LeaderElection.java:askForVotes(178)) - 2fdc879c-258e-4c4f-9cf3-ad50c77d1104@group-8DFC3005FE9F-LeaderElection2: begin an election at term 1 for -1: [2fdc879c-258e-4c4f-9cf3-ad50c77d1104:192.168.151.114:35447], old=null
2019-10-06 14:04:19,335 [2fdc879c-258e-4c4f-9cf3-ad50c77d1104@group-8DFC3005FE9F-LeaderElection2] INFO  impl.RoleInfo (RoleInfo.java:shutdownLeaderElection(134)) - 2fdc879c-258e-4c4f-9cf3-ad50c77d1104: shutdown LeaderElection
2019-10-06 14:04:19,335 [2fdc879c-258e-4c4f-9cf3-ad50c77d1104@group-8DFC3005FE9F-LeaderElection2] INFO  impl.RaftServerImpl (RaftServerImpl.java:setRole(170)) - 2fdc879c-258e-4c4f-9cf3-ad50c77d1104@group-8DFC3005FE9F: changes role from CANDIDATE to LEADER at term 1 for changeToLeader
2019-10-06 14:04:19,335 [2fdc879c-258e-4c4f-9cf3-ad50c77d1104@group-8DFC3005FE9F-LeaderElection2] INFO  impl.RaftServerImpl (ServerState.java:setLeader(255)) - 2fdc879c-258e-4c4f-9cf3-ad50c77d1104@group-8DFC3005FE9F: change Leader from null to 2fdc879c-258e-4c4f-9cf3-ad50c77d1104 at term 1 for becomeLeader, leader elected after 5166ms
2019-10-06 14:04:19,335 [2fdc879c-258e-4c4f-9cf3-ad50c77d1104@group-8DFC3005FE9F-LeaderElection2] INFO  server.RaftServerConfigKeys (ConfUtils.java:logGet(43)) - raft.server.staging.catchup.gap = 1000 (default)
2019-10-06 14:04:19,336 [2fdc879c-258e-4c4f-9cf3-ad50c77d1104@group-8DFC3005FE9F-LeaderElection2] INFO  server.RaftServerConfigKeys (ConfUtils.java:logGet(43)) - raft.server.rpc.sleep.time = 25ms (default)
2019-10-06 14:04:19,336 [2fdc879c-258e-4c4f-9cf3-ad50c77d1104@group-8DFC3005FE9F-LeaderElection2] INFO  server.RaftServerConfigKeys (ConfUtils.java:logGet(43)) - raft.server.write.element-limit = 4096 (default)
2019-10-06 14:04:19,336 [2fdc879c-258e-4c4f-9cf3-ad50c77d1104@group-8DFC3005FE9F-LeaderElection2] INFO  server.RaftServerConfigKeys (ConfUtils.java:logGet(43)) - raft.server.watch.timeout = 10s (default)
2019-10-06 14:04:19,336 [2fdc879c-258e-4c4f-9cf3-ad50c77d1104@group-8DFC3005FE9F-LeaderElection2] INFO  server.RaftServerConfigKeys (ConfUtils.java:logGet(43)) - raft.server.watch.timeout.denomination = 1s (default)
2019-10-06 14:04:19,336 [2fdc879c-258e-4c4f-9cf3-ad50c77d1104@group-8DFC3005FE9F-LeaderElection2] INFO  server.RaftServerConfigKeys (ConfUtils.java:logGet(43)) - raft.server.watch.element-limit = 65536 (default)
2019-10-06 14:04:19,340 [2fdc879c-258e-4c4f-9cf3-ad50c77d1104@group-8DFC3005FE9F-LeaderElection2] INFO  impl.RoleInfo (RoleInfo.java:updateAndGet(143)) - 2fdc879c-258e-4c4f-9cf3-ad50c77d1104: start LeaderState
2019-10-06 14:04:19,340 [2fdc879c-258e-4c4f-9cf3-ad50c77d1104@group-8DFC3005FE9F-LeaderElection2] INFO  segmented.SegmentedRaftLogWorker (SegmentedRaftLogWorker.java:startLogSegment(385)) - 2fdc879c-258e-4c4f-9cf3-ad50c77d1104@group-8DFC3005FE9F-SegmentedRaftLogWorker: Starting segment from index:0
2019-10-06 14:04:19,341 [2fdc879c-258e-4c4f-9cf3-ad50c77d1104@group-8DFC3005FE9F-LeaderElection2] INFO  impl.RaftServerImpl (ServerState.java:setRaftConf(356)) - 2fdc879c-258e-4c4f-9cf3-ad50c77d1104@group-8DFC3005FE9F: set configuration 0: [2fdc879c-258e-4c4f-9cf3-ad50c77d1104:192.168.151.114:35447], old=null at 0
2019-10-06 14:04:19,393 [2fdc879c-258e-4c4f-9cf3-ad50c77d1104@group-8DFC3005FE9F-SegmentedRaftLogWorker] INFO  segmented.SegmentedRaftLogWorker (SegmentedRaftLogWorker.java:execute(574)) - 2fdc879c-258e-4c4f-9cf3-ad50c77d1104@group-8DFC3005FE9F-SegmentedRaftLogWorker: created new log segment /workdir/hadoop-ozone/integration-test/target/test-dir/MiniOzoneClusterImpl-95cdcd50-9c11-4749-8e4a-58f78bdaccd6/datanode-0/data/ratis/e2f6a7c4-51f2-4f39-bd23-8dfc3005fe9f/current/log_inprogress_0
2019-10-06 14:04:19,415 [Thread-204] INFO  impl.FollowerState (FollowerState.java:run(108)) - 9d1c37c1-2445-441f-9967-6cc4eb25c3d5@group-78E623AE9A67-FollowerState: change to CANDIDATE, lastRpcTime:5093ms, electionTimeout:5093ms
2019-10-06 14:04:19,415 [Thread-204] INFO  impl.RoleInfo (RoleInfo.java:shutdownFollowerState(121)) - 9d1c37c1-2445-441f-9967-6cc4eb25c3d5: shutdown FollowerState
2019-10-06 14:04:19,415 [Thread-204] INFO  impl.RaftServerImpl (RaftServerImpl.java:setRole(170)) - 9d1c37c1-2445-441f-9967-6cc4eb25c3d5@group-78E623AE9A67: changes role from  FOLLOWER to CANDIDATE at term 0 for changeToCandidate
2019-10-06 14:04:19,416 [Thread-204] INFO  impl.RoleInfo (RoleInfo.java:updateAndGet(143)) - 9d1c37c1-2445-441f-9967-6cc4eb25c3d5: start LeaderElection
2019-10-06 14:04:19,432 [9d1c37c1-2445-441f-9967-6cc4eb25c3d5@group-78E623AE9A67-LeaderElection3] INFO  impl.LeaderElection (LeaderElection.java:askForVotes(178)) - 9d1c37c1-2445-441f-9967-6cc4eb25c3d5@group-78E623AE9A67-LeaderElection3: begin an election at term 1 for -1: [9d1c37c1-2445-441f-9967-6cc4eb25c3d5:192.168.151.114:36211], old=null
2019-10-06 14:04:19,432 [9d1c37c1-2445-441f-9967-6cc4eb25c3d5@group-78E623AE9A67-LeaderElection3] INFO  impl.RoleInfo (RoleInfo.java:shutdownLeaderElection(134)) - 9d1c37c1-2445-441f-9967-6cc4eb25c3d5: shutdown LeaderElection
2019-10-06 14:04:19,433 [9d1c37c1-2445-441f-9967-6cc4eb25c3d5@group-78E623AE9A67-LeaderElection3] INFO  impl.RaftServerImpl (RaftServerImpl.java:setRole(170)) - 9d1c37c1-2445-441f-9967-6cc4eb25c3d5@group-78E623AE9A67: changes role from CANDIDATE to LEADER at term 1 for changeToLeader
2019-10-06 14:04:19,433 [9d1c37c1-2445-441f-9967-6cc4eb25c3d5@group-78E623AE9A67-LeaderElection3] INFO  impl.RaftServerImpl (ServerState.java:setLeader(255)) - 9d1c37c1-2445-441f-9967-6cc4eb25c3d5@group-78E623AE9A67: change Leader from null to 9d1c37c1-2445-441f-9967-6cc4eb25c3d5 at term 1 for becomeLeader, leader elected after 5122ms
2019-10-06 14:04:19,434 [9d1c37c1-2445-441f-9967-6cc4eb25c3d5@group-78E623AE9A67-LeaderElection3] INFO  server.RaftServerConfigKeys (ConfUtils.java:logGet(43)) - raft.server.staging.catchup.gap = 1000 (default)
2019-10-06 14:04:19,434 [9d1c37c1-2445-441f-9967-6cc4eb25c3d5@group-78E623AE9A67-LeaderElection3] INFO  server.RaftServerConfigKeys (ConfUtils.java:logGet(43)) - raft.server.rpc.sleep.time = 25ms (default)
2019-10-06 14:04:19,434 [9d1c37c1-2445-441f-9967-6cc4eb25c3d5@group-78E623AE9A67-LeaderElection3] INFO  server.RaftServerConfigKeys (ConfUtils.java:logGet(43)) - raft.server.write.element-limit = 4096 (default)
2019-10-06 14:04:19,435 [9d1c37c1-2445-441f-9967-6cc4eb25c3d5@group-78E623AE9A67-LeaderElection3] INFO  server.RaftServerConfigKeys (ConfUtils.java:logGet(43)) - raft.server.watch.timeout = 10s (default)
2019-10-06 14:04:19,435 [9d1c37c1-2445-441f-9967-6cc4eb25c3d5@group-78E623AE9A67-LeaderElection3] INFO  server.RaftServerConfigKeys (ConfUtils.java:logGet(43)) - raft.server.watch.timeout.denomination = 1s (default)
2019-10-06 14:04:19,435 [9d1c37c1-2445-441f-9967-6cc4eb25c3d5@group-78E623AE9A67-LeaderElection3] INFO  server.RaftServerConfigKeys (ConfUtils.java:logGet(43)) - raft.server.watch.element-limit = 65536 (default)
2019-10-06 14:04:19,435 [Thread-207] INFO  impl.FollowerState (FollowerState.java:run(108)) - 01529118-1589-414b-9133-a79ab2a7adb2@group-AE3ECB11A7D3-FollowerState: change to CANDIDATE, lastRpcTime:5038ms, electionTimeout:5038ms
2019-10-06 14:04:19,436 [Thread-207] INFO  impl.RoleInfo (RoleInfo.java:shutdownFollowerState(121)) - 01529118-1589-414b-9133-a79ab2a7adb2: shutdown FollowerState
2019-10-06 14:04:19,436 [Thread-207] INFO  impl.RaftServerImpl (RaftServerImpl.java:setRole(170)) - 01529118-1589-414b-9133-a79ab2a7adb2@group-AE3ECB11A7D3: changes role from  FOLLOWER to CANDIDATE at term 0 for changeToCandidate
2019-10-06 14:04:19,436 [Thread-207] INFO  impl.RoleInfo (RoleInfo.java:updateAndGet(143)) - 01529118-1589-414b-9133-a79ab2a7adb2: start LeaderElection
2019-10-06 14:04:19,440 [9d1c37c1-2445-441f-9967-6cc4eb25c3d5@group-78E623AE9A67-LeaderElection3] INFO  impl.RoleInfo (RoleInfo.java:updateAndGet(143)) - 9d1c37c1-2445-441f-9967-6cc4eb25c3d5: start LeaderState
2019-10-06 14:04:19,441 [9d1c37c1-2445-441f-9967-6cc4eb25c3d5@group-78E623AE9A67-LeaderElection3] INFO  segmented.SegmentedRaftLogWorker (SegmentedRaftLogWorker.java:startLogSegment(385)) - 9d1c37c1-2445-441f-9967-6cc4eb25c3d5@group-78E623AE9A67-SegmentedRaftLogWorker: Starting segment from index:0
2019-10-06 14:04:19,442 [9d1c37c1-2445-441f-9967-6cc4eb25c3d5@group-78E623AE9A67-LeaderElection3] INFO  impl.RaftServerImpl (ServerState.java:setRaftConf(356)) - 9d1c37c1-2445-441f-9967-6cc4eb25c3d5@group-78E623AE9A67: set configuration 0: [9d1c37c1-2445-441f-9967-6cc4eb25c3d5:192.168.151.114:36211], old=null at 0
2019-10-06 14:04:19,468 [01529118-1589-414b-9133-a79ab2a7adb2@group-AE3ECB11A7D3-LeaderElection4] INFO  impl.LeaderElection (LeaderElection.java:askForVotes(178)) - 01529118-1589-414b-9133-a79ab2a7adb2@group-AE3ECB11A7D3-LeaderElection4: begin an election at term 1 for -1: [01529118-1589-414b-9133-a79ab2a7adb2:192.168.151.114:44397], old=null
2019-10-06 14:04:19,468 [01529118-1589-414b-9133-a79ab2a7adb2@group-AE3ECB11A7D3-LeaderElection4] INFO  impl.RoleInfo (RoleInfo.java:shutdownLeaderElection(134)) - 01529118-1589-414b-9133-a79ab2a7adb2: shutdown LeaderElection
2019-10-06 14:04:19,468 [01529118-1589-414b-9133-a79ab2a7adb2@group-AE3ECB11A7D3-LeaderElection4] INFO  impl.RaftServerImpl (RaftServerImpl.java:setRole(170)) - 01529118-1589-414b-9133-a79ab2a7adb2@group-AE3ECB11A7D3: changes role from CANDIDATE to LEADER at term 1 for changeToLeader
2019-10-06 14:04:19,468 [01529118-1589-414b-9133-a79ab2a7adb2@group-AE3ECB11A7D3-LeaderElection4] INFO  impl.RaftServerImpl (ServerState.java:setLeader(255)) - 01529118-1589-414b-9133-a79ab2a7adb2@group-AE3ECB11A7D3: change Leader from null to 01529118-1589-414b-9133-a79ab2a7adb2 at term 1 for becomeLeader, leader elected after 5082ms
2019-10-06 14:04:19,469 [01529118-1589-414b-9133-a79ab2a7adb2@group-AE3ECB11A7D3-LeaderElection4] INFO  server.RaftServerConfigKeys (ConfUtils.java:logGet(43)) - raft.server.staging.catchup.gap = 1000 (default)
2019-10-06 14:04:19,470 [01529118-1589-414b-9133-a79ab2a7adb2@group-AE3ECB11A7D3-LeaderElection4] INFO  server.RaftServerConfigKeys (ConfUtils.java:logGet(43)) - raft.server.rpc.sleep.time = 25ms (default)
2019-10-06 14:04:19,470 [01529118-1589-414b-9133-a79ab2a7adb2@group-AE3ECB11A7D3-LeaderElection4] INFO  server.RaftServerConfigKeys (ConfUtils.java:logGet(43)) - raft.server.write.element-limit = 4096 (default)
2019-10-06 14:04:19,470 [01529118-1589-414b-9133-a79ab2a7adb2@group-AE3ECB11A7D3-LeaderElection4] INFO  server.RaftServerConfigKeys (ConfUtils.java:logGet(43)) - raft.server.watch.timeout = 10s (default)
2019-10-06 14:04:19,470 [01529118-1589-414b-9133-a79ab2a7adb2@group-AE3ECB11A7D3-LeaderElection4] INFO  server.RaftServerConfigKeys (ConfUtils.java:logGet(43)) - raft.server.watch.timeout.denomination = 1s (default)
2019-10-06 14:04:19,470 [01529118-1589-414b-9133-a79ab2a7adb2@group-AE3ECB11A7D3-LeaderElection4] INFO  server.RaftServerConfigKeys (ConfUtils.java:logGet(43)) - raft.server.watch.element-limit = 65536 (default)
2019-10-06 14:04:19,472 [01529118-1589-414b-9133-a79ab2a7adb2@group-AE3ECB11A7D3-LeaderElection4] INFO  impl.RoleInfo (RoleInfo.java:updateAndGet(143)) - 01529118-1589-414b-9133-a79ab2a7adb2: start LeaderState
2019-10-06 14:04:19,473 [01529118-1589-414b-9133-a79ab2a7adb2@group-AE3ECB11A7D3-LeaderElection4] INFO  segmented.SegmentedRaftLogWorker (SegmentedRaftLogWorker.java:startLogSegment(385)) - 01529118-1589-414b-9133-a79ab2a7adb2@group-AE3ECB11A7D3-SegmentedRaftLogWorker: Starting segment from index:0
2019-10-06 14:04:19,473 [01529118-1589-414b-9133-a79ab2a7adb2@group-AE3ECB11A7D3-LeaderElection4] INFO  impl.RaftServerImpl (ServerState.java:setRaftConf(356)) - 01529118-1589-414b-9133-a79ab2a7adb2@group-AE3ECB11A7D3: set configuration 0: [01529118-1589-414b-9133-a79ab2a7adb2:192.168.151.114:44397], old=null at 0
2019-10-06 14:04:19,480 [9d1c37c1-2445-441f-9967-6cc4eb25c3d5@group-78E623AE9A67-SegmentedRaftLogWorker] INFO  segmented.SegmentedRaftLogWorker (SegmentedRaftLogWorker.java:execute(574)) - 9d1c37c1-2445-441f-9967-6cc4eb25c3d5@group-78E623AE9A67-SegmentedRaftLogWorker: created new log segment /workdir/hadoop-ozone/integration-test/target/test-dir/MiniOzoneClusterImpl-95cdcd50-9c11-4749-8e4a-58f78bdaccd6/datanode-1/data/ratis/12060c78-3e80-40e6-a50e-78e623ae9a67/current/log_inprogress_0
2019-10-06 14:04:19,518 [01529118-1589-414b-9133-a79ab2a7adb2@group-AE3ECB11A7D3-SegmentedRaftLogWorker] INFO  segmented.SegmentedRaftLogWorker (SegmentedRaftLogWorker.java:execute(574)) - 01529118-1589-414b-9133-a79ab2a7adb2@group-AE3ECB11A7D3-SegmentedRaftLogWorker: created new log segment /workdir/hadoop-ozone/integration-test/target/test-dir/MiniOzoneClusterImpl-95cdcd50-9c11-4749-8e4a-58f78bdaccd6/datanode-2/data/ratis/bd260781-7c92-45ef-9b13-ae3ecb11a7d3/current/log_inprogress_0
2019-10-06 14:04:19,539 [Thread-210] INFO  impl.FollowerState (FollowerState.java:run(108)) - e32e034a-a93a-4b30-8a91-807d63ef30c7@group-11C8ED15AE71-FollowerState: change to CANDIDATE, lastRpcTime:5062ms, electionTimeout:5062ms
2019-10-06 14:04:19,539 [Thread-210] INFO  impl.RoleInfo (RoleInfo.java:shutdownFollowerState(121)) - e32e034a-a93a-4b30-8a91-807d63ef30c7: shutdown FollowerState
2019-10-06 14:04:19,539 [Thread-210] INFO  impl.RaftServerImpl (RaftServerImpl.java:setRole(170)) - e32e034a-a93a-4b30-8a91-807d63ef30c7@group-11C8ED15AE71: changes role from  FOLLOWER to CANDIDATE at term 0 for changeToCandidate
2019-10-06 14:04:19,540 [Thread-210] INFO  impl.RoleInfo (RoleInfo.java:updateAndGet(143)) - e32e034a-a93a-4b30-8a91-807d63ef30c7: start LeaderElection
2019-10-06 14:04:19,556 [e32e034a-a93a-4b30-8a91-807d63ef30c7@group-11C8ED15AE71-LeaderElection5] INFO  impl.LeaderElection (LeaderElection.java:askForVotes(178)) - e32e034a-a93a-4b30-8a91-807d63ef30c7@group-11C8ED15AE71-LeaderElection5: begin an election at term 1 for -1: [e32e034a-a93a-4b30-8a91-807d63ef30c7:192.168.151.114:34641], old=null
2019-10-06 14:04:19,557 [e32e034a-a93a-4b30-8a91-807d63ef30c7@group-11C8ED15AE71-LeaderElection5] INFO  impl.RoleInfo (RoleInfo.java:shutdownLeaderElection(134)) - e32e034a-a93a-4b30-8a91-807d63ef30c7: shutdown LeaderElection
2019-10-06 14:04:19,557 [e32e034a-a93a-4b30-8a91-807d63ef30c7@group-11C8ED15AE71-LeaderElection5] INFO  impl.RaftServerImpl (RaftServerImpl.java:setRole(170)) - e32e034a-a93a-4b30-8a91-807d63ef30c7@group-11C8ED15AE71: changes role from CANDIDATE to LEADER at term 1 for changeToLeader
2019-10-06 14:04:19,557 [e32e034a-a93a-4b30-8a91-807d63ef30c7@group-11C8ED15AE71-LeaderElection5] INFO  impl.RaftServerImpl (ServerState.java:setLeader(255)) - e32e034a-a93a-4b30-8a91-807d63ef30c7@group-11C8ED15AE71: change Leader from null to e32e034a-a93a-4b30-8a91-807d63ef30c7 at term 1 for becomeLeader, leader elected after 5092ms
2019-10-06 14:04:19,558 [e32e034a-a93a-4b30-8a91-807d63ef30c7@group-11C8ED15AE71-LeaderElection5] INFO  server.RaftServerConfigKeys (ConfUtils.java:logGet(43)) - raft.server.staging.catchup.gap = 1000 (default)
2019-10-06 14:04:19,559 [e32e034a-a93a-4b30-8a91-807d63ef30c7@group-11C8ED15AE71-LeaderElection5] INFO  server.RaftServerConfigKeys (ConfUtils.java:logGet(43)) - raft.server.rpc.sleep.time = 25ms (default)
2019-10-06 14:04:19,559 [e32e034a-a93a-4b30-8a91-807d63ef30c7@group-11C8ED15AE71-LeaderElection5] INFO  server.RaftServerConfigKeys (ConfUtils.java:logGet(43)) - raft.server.write.element-limit = 4096 (default)
2019-10-06 14:04:19,559 [e32e034a-a93a-4b30-8a91-807d63ef30c7@group-11C8ED15AE71-LeaderElection5] INFO  server.RaftServerConfigKeys (ConfUtils.java:logGet(43)) - raft.server.watch.timeout = 10s (default)
2019-10-06 14:04:19,559 [e32e034a-a93a-4b30-8a91-807d63ef30c7@group-11C8ED15AE71-LeaderElection5] INFO  server.RaftServerConfigKeys (ConfUtils.java:logGet(43)) - raft.server.watch.timeout.denomination = 1s (default)
2019-10-06 14:04:19,559 [e32e034a-a93a-4b30-8a91-807d63ef30c7@group-11C8ED15AE71-LeaderElection5] INFO  server.RaftServerConfigKeys (ConfUtils.java:logGet(43)) - raft.server.watch.element-limit = 65536 (default)
2019-10-06 14:04:19,563 [e32e034a-a93a-4b30-8a91-807d63ef30c7@group-11C8ED15AE71-LeaderElection5] INFO  impl.RoleInfo (RoleInfo.java:updateAndGet(143)) - e32e034a-a93a-4b30-8a91-807d63ef30c7: start LeaderState
2019-10-06 14:04:19,564 [e32e034a-a93a-4b30-8a91-807d63ef30c7@group-11C8ED15AE71-LeaderElection5] INFO  segmented.SegmentedRaftLogWorker (SegmentedRaftLogWorker.java:startLogSegment(385)) - e32e034a-a93a-4b30-8a91-807d63ef30c7@group-11C8ED15AE71-SegmentedRaftLogWorker: Starting segment from index:0
2019-10-06 14:04:19,564 [e32e034a-a93a-4b30-8a91-807d63ef30c7@group-11C8ED15AE71-LeaderElection5] INFO  impl.RaftServerImpl (ServerState.java:setRaftConf(356)) - e32e034a-a93a-4b30-8a91-807d63ef30c7@group-11C8ED15AE71: set configuration 0: [e32e034a-a93a-4b30-8a91-807d63ef30c7:192.168.151.114:34641], old=null at 0
2019-10-06 14:04:19,614 [e32e034a-a93a-4b30-8a91-807d63ef30c7@group-11C8ED15AE71-SegmentedRaftLogWorker] INFO  segmented.SegmentedRaftLogWorker (SegmentedRaftLogWorker.java:execute(574)) - e32e034a-a93a-4b30-8a91-807d63ef30c7@group-11C8ED15AE71-SegmentedRaftLogWorker: created new log segment /workdir/hadoop-ozone/integration-test/target/test-dir/MiniOzoneClusterImpl-95cdcd50-9c11-4749-8e4a-58f78bdaccd6/datanode-3/data/ratis/bda0d6f4-11a8-4950-9e44-11c8ed15ae71/current/log_inprogress_0
2019-10-06 14:04:19,629 [Thread-215] INFO  impl.FollowerState (FollowerState.java:run(108)) - 9d1c37c1-2445-441f-9967-6cc4eb25c3d5@group-16F670C72FC9-FollowerState: change to CANDIDATE, lastRpcTime:5030ms, electionTimeout:5030ms
2019-10-06 14:04:19,629 [Thread-215] INFO  impl.RoleInfo (RoleInfo.java:shutdownFollowerState(121)) - 9d1c37c1-2445-441f-9967-6cc4eb25c3d5: shutdown FollowerState
2019-10-06 14:04:19,630 [Thread-215] INFO  impl.RaftServerImpl (RaftServerImpl.java:setRole(170)) - 9d1c37c1-2445-441f-9967-6cc4eb25c3d5@group-16F670C72FC9: changes role from  FOLLOWER to CANDIDATE at term 0 for changeToCandidate
2019-10-06 14:04:19,631 [Thread-215] INFO  impl.RoleInfo (RoleInfo.java:updateAndGet(143)) - 9d1c37c1-2445-441f-9967-6cc4eb25c3d5: start LeaderElection
2019-10-06 14:04:19,649 [Thread-217] INFO  impl.FollowerState (FollowerState.java:run(108)) - e32e034a-a93a-4b30-8a91-807d63ef30c7@group-16F670C72FC9-FollowerState: change to CANDIDATE, lastRpcTime:5046ms, electionTimeout:5046ms
2019-10-06 14:04:19,649 [9d1c37c1-2445-441f-9967-6cc4eb25c3d5@group-16F670C72FC9-LeaderElection6] INFO  impl.LeaderElection (LeaderElection.java:askForVotes(178)) - 9d1c37c1-2445-441f-9967-6cc4eb25c3d5@group-16F670C72FC9-LeaderElection6: begin an election at term 1 for -1: [e32e034a-a93a-4b30-8a91-807d63ef30c7:192.168.151.114:34641, 9d1c37c1-2445-441f-9967-6cc4eb25c3d5:192.168.151.114:36211, 01529118-1589-414b-9133-a79ab2a7adb2:192.168.151.114:44397], old=null
2019-10-06 14:04:19,649 [Thread-217] INFO  impl.RoleInfo (RoleInfo.java:shutdownFollowerState(121)) - e32e034a-a93a-4b30-8a91-807d63ef30c7: shutdown FollowerState
2019-10-06 14:04:19,649 [Thread-217] INFO  impl.RaftServerImpl (RaftServerImpl.java:setRole(170)) - e32e034a-a93a-4b30-8a91-807d63ef30c7@group-16F670C72FC9: changes role from  FOLLOWER to CANDIDATE at term 0 for changeToCandidate
2019-10-06 14:04:19,650 [Thread-217] INFO  impl.RoleInfo (RoleInfo.java:updateAndGet(143)) - e32e034a-a93a-4b30-8a91-807d63ef30c7: start LeaderElection
2019-10-06 14:04:19,661 [Thread-216] INFO  impl.FollowerState (FollowerState.java:run(108)) - 01529118-1589-414b-9133-a79ab2a7adb2@group-16F670C72FC9-FollowerState: change to CANDIDATE, lastRpcTime:5060ms, electionTimeout:5060ms
2019-10-06 14:04:19,662 [Thread-216] INFO  impl.RoleInfo (RoleInfo.java:shutdownFollowerState(121)) - 01529118-1589-414b-9133-a79ab2a7adb2: shutdown FollowerState
2019-10-06 14:04:19,664 [Thread-216] INFO  impl.RaftServerImpl (RaftServerImpl.java:setRole(170)) - 01529118-1589-414b-9133-a79ab2a7adb2@group-16F670C72FC9: changes role from  FOLLOWER to CANDIDATE at term 0 for changeToCandidate
2019-10-06 14:04:19,664 [e32e034a-a93a-4b30-8a91-807d63ef30c7@group-16F670C72FC9-LeaderElection7] INFO  impl.LeaderElection (LeaderElection.java:askForVotes(178)) - e32e034a-a93a-4b30-8a91-807d63ef30c7@group-16F670C72FC9-LeaderElection7: begin an election at term 1 for -1: [e32e034a-a93a-4b30-8a91-807d63ef30c7:192.168.151.114:34641, 9d1c37c1-2445-441f-9967-6cc4eb25c3d5:192.168.151.114:36211, 01529118-1589-414b-9133-a79ab2a7adb2:192.168.151.114:44397], old=null
2019-10-06 14:04:19,664 [Thread-216] INFO  impl.RoleInfo (RoleInfo.java:updateAndGet(143)) - 01529118-1589-414b-9133-a79ab2a7adb2: start LeaderElection
2019-10-06 14:04:19,685 [01529118-1589-414b-9133-a79ab2a7adb2@group-16F670C72FC9-LeaderElection8] INFO  impl.LeaderElection (LeaderElection.java:askForVotes(178)) - 01529118-1589-414b-9133-a79ab2a7adb2@group-16F670C72FC9-LeaderElection8: begin an election at term 1 for -1: [e32e034a-a93a-4b30-8a91-807d63ef30c7:192.168.151.114:34641, 9d1c37c1-2445-441f-9967-6cc4eb25c3d5:192.168.151.114:36211, 01529118-1589-414b-9133-a79ab2a7adb2:192.168.151.114:44397], old=null
2019-10-06 14:04:19,723 [e32e034a-a93a-4b30-8a91-807d63ef30c7@group-16F670C72FC9-LeaderElection7] INFO  impl.LeaderElection (LeaderElection.java:logAndReturn(56)) - e32e034a-a93a-4b30-8a91-807d63ef30c7@group-16F670C72FC9-LeaderElection7: Election REJECTED; received 2 response(s) [e32e034a-a93a-4b30-8a91-807d63ef30c7<-9d1c37c1-2445-441f-9967-6cc4eb25c3d5#0:FAIL-t1, e32e034a-a93a-4b30-8a91-807d63ef30c7<-01529118-1589-414b-9133-a79ab2a7adb2#0:FAIL-t1] and 0 exception(s); e32e034a-a93a-4b30-8a91-807d63ef30c7@group-16F670C72FC9:t1, leader=null, voted=e32e034a-a93a-4b30-8a91-807d63ef30c7, raftlog=e32e034a-a93a-4b30-8a91-807d63ef30c7@group-16F670C72FC9-SegmentedRaftLog:OPENED:c-1,f-1,i0, conf=-1: [e32e034a-a93a-4b30-8a91-807d63ef30c7:192.168.151.114:34641, 9d1c37c1-2445-441f-9967-6cc4eb25c3d5:192.168.151.114:36211, 01529118-1589-414b-9133-a79ab2a7adb2:192.168.151.114:44397], old=null
2019-10-06 14:04:19,723 [9d1c37c1-2445-441f-9967-6cc4eb25c3d5@group-16F670C72FC9-LeaderElection6] INFO  impl.LeaderElection (LeaderElection.java:logAndReturn(56)) - 9d1c37c1-2445-441f-9967-6cc4eb25c3d5@group-16F670C72FC9-LeaderElection6: Election REJECTED; received 2 response(s) [9d1c37c1-2445-441f-9967-6cc4eb25c3d5<-e32e034a-a93a-4b30-8a91-807d63ef30c7#0:FAIL-t1, 9d1c37c1-2445-441f-9967-6cc4eb25c3d5<-01529118-1589-414b-9133-a79ab2a7adb2#0:FAIL-t1] and 0 exception(s); 9d1c37c1-2445-441f-9967-6cc4eb25c3d5@group-16F670C72FC9:t1, leader=null, voted=9d1c37c1-2445-441f-9967-6cc4eb25c3d5, raftlog=9d1c37c1-2445-441f-9967-6cc4eb25c3d5@group-16F670C72FC9-SegmentedRaftLog:OPENED:c-1,f-1,i0, conf=-1: [e32e034a-a93a-4b30-8a91-807d63ef30c7:192.168.151.114:34641, 9d1c37c1-2445-441f-9967-6cc4eb25c3d5:192.168.151.114:36211, 01529118-1589-414b-9133-a79ab2a7adb2:192.168.151.114:44397], old=null
2019-10-06 14:04:19,729 [e32e034a-a93a-4b30-8a91-807d63ef30c7@group-16F670C72FC9-LeaderElection7] INFO  impl.RaftServerImpl (RaftServerImpl.java:setRole(170)) - e32e034a-a93a-4b30-8a91-807d63ef30c7@group-16F670C72FC9: changes role from CANDIDATE to FOLLOWER at term 1 for DISCOVERED_A_NEW_TERM
2019-10-06 14:04:19,732 [9d1c37c1-2445-441f-9967-6cc4eb25c3d5@group-16F670C72FC9-LeaderElection6] INFO  impl.RaftServerImpl (RaftServerImpl.java:setRole(170)) - 9d1c37c1-2445-441f-9967-6cc4eb25c3d5@group-16F670C72FC9: changes role from CANDIDATE to FOLLOWER at term 1 for DISCOVERED_A_NEW_TERM
2019-10-06 14:04:19,733 [e32e034a-a93a-4b30-8a91-807d63ef30c7@group-16F670C72FC9-LeaderElection7] INFO  impl.RoleInfo (RoleInfo.java:shutdownLeaderElection(134)) - e32e034a-a93a-4b30-8a91-807d63ef30c7: shutdown LeaderElection
2019-10-06 14:04:19,733 [9d1c37c1-2445-441f-9967-6cc4eb25c3d5@group-16F670C72FC9-LeaderElection6] INFO  impl.RoleInfo (RoleInfo.java:shutdownLeaderElection(134)) - 9d1c37c1-2445-441f-9967-6cc4eb25c3d5: shutdown LeaderElection
2019-10-06 14:04:19,733 [e32e034a-a93a-4b30-8a91-807d63ef30c7@group-16F670C72FC9-LeaderElection7] INFO  impl.RoleInfo (RoleInfo.java:updateAndGet(143)) - e32e034a-a93a-4b30-8a91-807d63ef30c7: start FollowerState
2019-10-06 14:04:19,733 [9d1c37c1-2445-441f-9967-6cc4eb25c3d5@group-16F670C72FC9-LeaderElection6] INFO  impl.RoleInfo (RoleInfo.java:updateAndGet(143)) - 9d1c37c1-2445-441f-9967-6cc4eb25c3d5: start FollowerState
2019-10-06 14:04:19,745 [01529118-1589-414b-9133-a79ab2a7adb2@group-16F670C72FC9-LeaderElection8] INFO  impl.LeaderElection (LeaderElection.java:logAndReturn(56)) - 01529118-1589-414b-9133-a79ab2a7adb2@group-16F670C72FC9-LeaderElection8: Election REJECTED; received 2 response(s) [01529118-1589-414b-9133-a79ab2a7adb2<-e32e034a-a93a-4b30-8a91-807d63ef30c7#0:FAIL-t1, 01529118-1589-414b-9133-a79ab2a7adb2<-9d1c37c1-2445-441f-9967-6cc4eb25c3d5#0:FAIL-t1] and 0 exception(s); 01529118-1589-414b-9133-a79ab2a7adb2@group-16F670C72FC9:t1, leader=null, voted=01529118-1589-414b-9133-a79ab2a7adb2, raftlog=01529118-1589-414b-9133-a79ab2a7adb2@group-16F670C72FC9-SegmentedRaftLog:OPENED:c-1,f-1,i0, conf=-1: [e32e034a-a93a-4b30-8a91-807d63ef30c7:192.168.151.114:34641, 9d1c37c1-2445-441f-9967-6cc4eb25c3d5:192.168.151.114:36211, 01529118-1589-414b-9133-a79ab2a7adb2:192.168.151.114:44397], old=null
2019-10-06 14:04:19,745 [01529118-1589-414b-9133-a79ab2a7adb2@group-16F670C72FC9-LeaderElection8] INFO  impl.RaftServerImpl (RaftServerImpl.java:setRole(170)) - 01529118-1589-414b-9133-a79ab2a7adb2@group-16F670C72FC9: changes role from CANDIDATE to FOLLOWER at term 1 for DISCOVERED_A_NEW_TERM
2019-10-06 14:04:19,748 [01529118-1589-414b-9133-a79ab2a7adb2@group-16F670C72FC9-LeaderElection8] INFO  impl.RoleInfo (RoleInfo.java:shutdownLeaderElection(134)) - 01529118-1589-414b-9133-a79ab2a7adb2: shutdown LeaderElection
2019-10-06 14:04:19,748 [01529118-1589-414b-9133-a79ab2a7adb2@group-16F670C72FC9-LeaderElection8] INFO  impl.RoleInfo (RoleInfo.java:updateAndGet(143)) - 01529118-1589-414b-9133-a79ab2a7adb2: start FollowerState
2019-10-06 14:04:24,818 [Thread-255] INFO  impl.FollowerState (FollowerState.java:run(108)) - 01529118-1589-414b-9133-a79ab2a7adb2@group-16F670C72FC9-FollowerState: change to CANDIDATE, lastRpcTime:5069ms, electionTimeout:5068ms
2019-10-06 14:04:24,819 [Thread-255] INFO  impl.RoleInfo (RoleInfo.java:shutdownFollowerState(121)) - 01529118-1589-414b-9133-a79ab2a7adb2: shutdown FollowerState
2019-10-06 14:04:24,819 [Thread-255] INFO  impl.RaftServerImpl (RaftServerImpl.java:setRole(170)) - 01529118-1589-414b-9133-a79ab2a7adb2@group-16F670C72FC9: changes role from  FOLLOWER to CANDIDATE at term 1 for changeToCandidate
2019-10-06 14:04:24,820 [Thread-255] INFO  impl.RoleInfo (RoleInfo.java:updateAndGet(143)) - 01529118-1589-414b-9133-a79ab2a7adb2: start LeaderElection
2019-10-06 14:04:24,822 [Thread-254] INFO  impl.FollowerState (FollowerState.java:run(108)) - 9d1c37c1-2445-441f-9967-6cc4eb25c3d5@group-16F670C72FC9-FollowerState: change to CANDIDATE, lastRpcTime:5088ms, electionTimeout:5085ms
2019-10-06 14:04:24,822 [Thread-254] INFO  impl.RoleInfo (RoleInfo.java:shutdownFollowerState(121)) - 9d1c37c1-2445-441f-9967-6cc4eb25c3d5: shutdown FollowerState
2019-10-06 14:04:24,822 [Thread-254] INFO  impl.RaftServerImpl (RaftServerImpl.java:setRole(170)) - 9d1c37c1-2445-441f-9967-6cc4eb25c3d5@group-16F670C72FC9: changes role from  FOLLOWER to CANDIDATE at term 1 for changeToCandidate
2019-10-06 14:04:24,822 [Thread-253] INFO  impl.FollowerState (FollowerState.java:run(108)) - e32e034a-a93a-4b30-8a91-807d63ef30c7@group-16F670C72FC9-FollowerState: change to CANDIDATE, lastRpcTime:5088ms, electionTimeout:5087ms
2019-10-06 14:04:24,822 [Thread-254] INFO  impl.RoleInfo (RoleInfo.java:updateAndGet(143)) - 9d1c37c1-2445-441f-9967-6cc4eb25c3d5: start LeaderElection
2019-10-06 14:04:24,822 [Thread-253] INFO  impl.RoleInfo (RoleInfo.java:shutdownFollowerState(121)) - e32e034a-a93a-4b30-8a91-807d63ef30c7: shutdown FollowerState
2019-10-06 14:04:24,823 [Thread-253] INFO  impl.RaftServerImpl (RaftServerImpl.java:setRole(170)) - e32e034a-a93a-4b30-8a91-807d63ef30c7@group-16F670C72FC9: changes role from  FOLLOWER to CANDIDATE at term 1 for changeToCandidate
2019-10-06 14:04:24,824 [Thread-253] INFO  impl.RoleInfo (RoleInfo.java:updateAndGet(143)) - e32e034a-a93a-4b30-8a91-807d63ef30c7: start LeaderElection
2019-10-06 14:04:24,840 [9d1c37c1-2445-441f-9967-6cc4eb25c3d5@group-16F670C72FC9-LeaderElection10] INFO  impl.LeaderElection (LeaderElection.java:askForVotes(178)) - 9d1c37c1-2445-441f-9967-6cc4eb25c3d5@group-16F670C72FC9-LeaderElection10: begin an election at term 2 for -1: [e32e034a-a93a-4b30-8a91-807d63ef30c7:192.168.151.114:34641, 9d1c37c1-2445-441f-9967-6cc4eb25c3d5:192.168.151.114:36211, 01529118-1589-414b-9133-a79ab2a7adb2:192.168.151.114:44397], old=null
2019-10-06 14:04:24,840 [e32e034a-a93a-4b30-8a91-807d63ef30c7@group-16F670C72FC9-LeaderElection11] INFO  impl.LeaderElection (LeaderElection.java:askForVotes(178)) - e32e034a-a93a-4b30-8a91-807d63ef30c7@group-16F670C72FC9-LeaderElection11: begin an election at term 2 for -1: [e32e034a-a93a-4b30-8a91-807d63ef30c7:192.168.151.114:34641, 9d1c37c1-2445-441f-9967-6cc4eb25c3d5:192.168.151.114:36211, 01529118-1589-414b-9133-a79ab2a7adb2:192.168.151.114:44397], old=null
2019-10-06 14:04:24,840 [01529118-1589-414b-9133-a79ab2a7adb2@group-16F670C72FC9-LeaderElection9] INFO  impl.LeaderElection (LeaderElection.java:askForVotes(178)) - 01529118-1589-414b-9133-a79ab2a7adb2@group-16F670C72FC9-LeaderElection9: begin an election at term 2 for -1: [e32e034a-a93a-4b30-8a91-807d63ef30c7:192.168.151.114:34641, 9d1c37c1-2445-441f-9967-6cc4eb25c3d5:192.168.151.114:36211, 01529118-1589-414b-9133-a79ab2a7adb2:192.168.151.114:44397], old=null
2019-10-06 14:04:24,859 [01529118-1589-414b-9133-a79ab2a7adb2@group-16F670C72FC9-LeaderElection9] INFO  impl.LeaderElection (LeaderElection.java:logAndReturn(56)) - 01529118-1589-414b-9133-a79ab2a7adb2@group-16F670C72FC9-LeaderElection9: Election REJECTED; received 2 response(s) [01529118-1589-414b-9133-a79ab2a7adb2<-e32e034a-a93a-4b30-8a91-807d63ef30c7#0:FAIL-t2, 01529118-1589-414b-9133-a79ab2a7adb2<-9d1c37c1-2445-441f-9967-6cc4eb25c3d5#0:FAIL-t2] and 0 exception(s); 01529118-1589-414b-9133-a79ab2a7adb2@group-16F670C72FC9:t2, leader=null, voted=01529118-1589-414b-9133-a79ab2a7adb2, raftlog=01529118-1589-414b-9133-a79ab2a7adb2@group-16F670C72FC9-SegmentedRaftLog:OPENED:c-1,f-1,i0, conf=-1: [e32e034a-a93a-4b30-8a91-807d63ef30c7:192.168.151.114:34641, 9d1c37c1-2445-441f-9967-6cc4eb25c3d5:192.168.151.114:36211, 01529118-1589-414b-9133-a79ab2a7adb2:192.168.151.114:44397], old=null
2019-10-06 14:04:24,860 [01529118-1589-414b-9133-a79ab2a7adb2@group-16F670C72FC9-LeaderElection9] INFO  impl.RaftServerImpl (RaftServerImpl.java:setRole(170)) - 01529118-1589-414b-9133-a79ab2a7adb2@group-16F670C72FC9: changes role from CANDIDATE to FOLLOWER at term 2 for DISCOVERED_A_NEW_TERM
2019-10-06 14:04:24,861 [01529118-1589-414b-9133-a79ab2a7adb2@group-16F670C72FC9-LeaderElection9] INFO  impl.RoleInfo (RoleInfo.java:shutdownLeaderElection(134)) - 01529118-1589-414b-9133-a79ab2a7adb2: shutdown LeaderElection
2019-10-06 14:04:24,863 [01529118-1589-414b-9133-a79ab2a7adb2@group-16F670C72FC9-LeaderElection9] INFO  impl.RoleInfo (RoleInfo.java:updateAndGet(143)) - 01529118-1589-414b-9133-a79ab2a7adb2: start FollowerState
2019-10-06 14:04:24,863 [9d1c37c1-2445-441f-9967-6cc4eb25c3d5@group-16F670C72FC9-LeaderElection10] INFO  impl.LeaderElection (LeaderElection.java:logAndReturn(56)) - 9d1c37c1-2445-441f-9967-6cc4eb25c3d5@group-16F670C72FC9-LeaderElection10: Election REJECTED; received 2 response(s) [9d1c37c1-2445-441f-9967-6cc4eb25c3d5<-e32e034a-a93a-4b30-8a91-807d63ef30c7#0:FAIL-t2, 9d1c37c1-2445-441f-9967-6cc4eb25c3d5<-01529118-1589-414b-9133-a79ab2a7adb2#0:FAIL-t2] and 0 exception(s); 9d1c37c1-2445-441f-9967-6cc4eb25c3d5@group-16F670C72FC9:t2, leader=null, voted=9d1c37c1-2445-441f-9967-6cc4eb25c3d5, raftlog=9d1c37c1-2445-441f-9967-6cc4eb25c3d5@group-16F670C72FC9-SegmentedRaftLog:OPENED:c-1,f-1,i0, conf=-1: [e32e034a-a93a-4b30-8a91-807d63ef30c7:192.168.151.114:34641, 9d1c37c1-2445-441f-9967-6cc4eb25c3d5:192.168.151.114:36211, 01529118-1589-414b-9133-a79ab2a7adb2:192.168.151.114:44397], old=null
2019-10-06 14:04:24,866 [9d1c37c1-2445-441f-9967-6cc4eb25c3d5@group-16F670C72FC9-LeaderElection10] INFO  impl.RaftServerImpl (RaftServerImpl.java:setRole(170)) - 9d1c37c1-2445-441f-9967-6cc4eb25c3d5@group-16F670C72FC9: changes role from CANDIDATE to FOLLOWER at term 2 for DISCOVERED_A_NEW_TERM
2019-10-06 14:04:24,866 [e32e034a-a93a-4b30-8a91-807d63ef30c7@group-16F670C72FC9-LeaderElection11] INFO  impl.LeaderElection (LeaderElection.java:logAndReturn(56)) - e32e034a-a93a-4b30-8a91-807d63ef30c7@group-16F670C72FC9-LeaderElection11: Election REJECTED; received 2 response(s) [e32e034a-a93a-4b30-8a91-807d63ef30c7<-9d1c37c1-2445-441f-9967-6cc4eb25c3d5#0:FAIL-t2, e32e034a-a93a-4b30-8a91-807d63ef30c7<-01529118-1589-414b-9133-a79ab2a7adb2#0:FAIL-t2] and 0 exception(s); e32e034a-a93a-4b30-8a91-807d63ef30c7@group-16F670C72FC9:t2, leader=null, voted=e32e034a-a93a-4b30-8a91-807d63ef30c7, raftlog=e32e034a-a93a-4b30-8a91-807d63ef30c7@group-16F670C72FC9-SegmentedRaftLog:OPENED:c-1,f-1,i0, conf=-1: [e32e034a-a93a-4b30-8a91-807d63ef30c7:192.168.151.114:34641, 9d1c37c1-2445-441f-9967-6cc4eb25c3d5:192.168.151.114:36211, 01529118-1589-414b-9133-a79ab2a7adb2:192.168.151.114:44397], old=null
2019-10-06 14:04:24,867 [9d1c37c1-2445-441f-9967-6cc4eb25c3d5@group-16F670C72FC9-LeaderElection10] INFO  impl.RoleInfo (RoleInfo.java:shutdownLeaderElection(134)) - 9d1c37c1-2445-441f-9967-6cc4eb25c3d5: shutdown LeaderElection
2019-10-06 14:04:24,868 [e32e034a-a93a-4b30-8a91-807d63ef30c7@group-16F670C72FC9-LeaderElection11] INFO  impl.RaftServerImpl (RaftServerImpl.java:setRole(170)) - e32e034a-a93a-4b30-8a91-807d63ef30c7@group-16F670C72FC9: changes role from CANDIDATE to FOLLOWER at term 2 for DISCOVERED_A_NEW_TERM
2019-10-06 14:04:24,871 [9d1c37c1-2445-441f-9967-6cc4eb25c3d5@group-16F670C72FC9-LeaderElection10] INFO  impl.RoleInfo (RoleInfo.java:updateAndGet(143)) - 9d1c37c1-2445-441f-9967-6cc4eb25c3d5: start FollowerState
2019-10-06 14:04:24,871 [e32e034a-a93a-4b30-8a91-807d63ef30c7@group-16F670C72FC9-LeaderElection11] INFO  impl.RoleInfo (RoleInfo.java:shutdownLeaderElection(134)) - e32e034a-a93a-4b30-8a91-807d63ef30c7: shutdown LeaderElection
2019-10-06 14:04:24,872 [e32e034a-a93a-4b30-8a91-807d63ef30c7@group-16F670C72FC9-LeaderElection11] INFO  impl.RoleInfo (RoleInfo.java:updateAndGet(143)) - e32e034a-a93a-4b30-8a91-807d63ef30c7: start FollowerState
2019-10-06 14:04:29,938 [Thread-277] INFO  impl.FollowerState (FollowerState.java:run(108)) - 9d1c37c1-2445-441f-9967-6cc4eb25c3d5@group-16F670C72FC9-FollowerState: change to CANDIDATE, lastRpcTime:5067ms, electionTimeout:5063ms
2019-10-06 14:04:29,940 [Thread-276] INFO  impl.FollowerState (FollowerState.java:run(108)) - 01529118-1589-414b-9133-a79ab2a7adb2@group-16F670C72FC9-FollowerState: change to CANDIDATE, lastRpcTime:5077ms, electionTimeout:5075ms
2019-10-06 14:04:29,943 [Thread-277] INFO  impl.RoleInfo (RoleInfo.java:shutdownFollowerState(121)) - 9d1c37c1-2445-441f-9967-6cc4eb25c3d5: shutdown FollowerState
2019-10-06 14:04:29,943 [Thread-276] INFO  impl.RoleInfo (RoleInfo.java:shutdownFollowerState(121)) - 01529118-1589-414b-9133-a79ab2a7adb2: shutdown FollowerState
2019-10-06 14:04:29,943 [Thread-277] INFO  impl.RaftServerImpl (RaftServerImpl.java:setRole(170)) - 9d1c37c1-2445-441f-9967-6cc4eb25c3d5@group-16F670C72FC9: changes role from  FOLLOWER to CANDIDATE at term 2 for changeToCandidate
2019-10-06 14:04:29,944 [Thread-276] INFO  impl.RaftServerImpl (RaftServerImpl.java:setRole(170)) - 01529118-1589-414b-9133-a79ab2a7adb2@group-16F670C72FC9: changes role from  FOLLOWER to CANDIDATE at term 2 for changeToCandidate
2019-10-06 14:04:29,945 [Thread-277] INFO  impl.RoleInfo (RoleInfo.java:updateAndGet(143)) - 9d1c37c1-2445-441f-9967-6cc4eb25c3d5: start LeaderElection
2019-10-06 14:04:29,945 [Thread-276] INFO  impl.RoleInfo (RoleInfo.java:updateAndGet(143)) - 01529118-1589-414b-9133-a79ab2a7adb2: start LeaderElection
2019-10-06 14:04:29,954 [Thread-278] INFO  impl.FollowerState (FollowerState.java:run(108)) - e32e034a-a93a-4b30-8a91-807d63ef30c7@group-16F670C72FC9-FollowerState: change to CANDIDATE, lastRpcTime:5081ms, electionTimeout:5080ms
2019-10-06 14:04:29,954 [Thread-278] INFO  impl.RoleInfo (RoleInfo.java:shutdownFollowerState(121)) - e32e034a-a93a-4b30-8a91-807d63ef30c7: shutdown FollowerState
2019-10-06 14:04:29,954 [Thread-278] INFO  impl.RaftServerImpl (RaftServerImpl.java:setRole(170)) - e32e034a-a93a-4b30-8a91-807d63ef30c7@group-16F670C72FC9: changes role from  FOLLOWER to CANDIDATE at term 2 for changeToCandidate
2019-10-06 14:04:29,954 [Thread-278] INFO  impl.RoleInfo (RoleInfo.java:updateAndGet(143)) - e32e034a-a93a-4b30-8a91-807d63ef30c7: start LeaderElection
2019-10-06 14:04:29,976 [e32e034a-a93a-4b30-8a91-807d63ef30c7@group-16F670C72FC9-LeaderElection14] INFO  impl.LeaderElection (LeaderElection.java:askForVotes(178)) - e32e034a-a93a-4b30-8a91-807d63ef30c7@group-16F670C72FC9-LeaderElection14: begin an election at term 3 for -1: [e32e034a-a93a-4b30-8a91-807d63ef30c7:192.168.151.114:34641, 9d1c37c1-2445-441f-9967-6cc4eb25c3d5:192.168.151.114:36211, 01529118-1589-414b-9133-a79ab2a7adb2:192.168.151.114:44397], old=null
2019-10-06 14:04:29,976 [9d1c37c1-2445-441f-9967-6cc4eb25c3d5@group-16F670C72FC9-LeaderElection12] INFO  impl.LeaderElection (LeaderElection.java:askForVotes(178)) - 9d1c37c1-2445-441f-9967-6cc4eb25c3d5@group-16F670C72FC9-LeaderElection12: begin an election at term 3 for -1: [e32e034a-a93a-4b30-8a91-807d63ef30c7:192.168.151.114:34641, 9d1c37c1-2445-441f-9967-6cc4eb25c3d5:192.168.151.114:36211, 01529118-1589-414b-9133-a79ab2a7adb2:192.168.151.114:44397], old=null
2019-10-06 14:04:29,976 [01529118-1589-414b-9133-a79ab2a7adb2@group-16F670C72FC9-LeaderElection13] INFO  impl.LeaderElection (LeaderElection.java:askForVotes(178)) - 01529118-1589-414b-9133-a79ab2a7adb2@group-16F670C72FC9-LeaderElection13: begin an election at term 3 for -1: [e32e034a-a93a-4b30-8a91-807d63ef30c7:192.168.151.114:34641, 9d1c37c1-2445-441f-9967-6cc4eb25c3d5:192.168.151.114:36211, 01529118-1589-414b-9133-a79ab2a7adb2:192.168.151.114:44397], old=null
2019-10-06 14:04:29,992 [e32e034a-a93a-4b30-8a91-807d63ef30c7@group-16F670C72FC9-LeaderElection14] INFO  impl.LeaderElection (LeaderElection.java:logAndReturn(56)) - e32e034a-a93a-4b30-8a91-807d63ef30c7@group-16F670C72FC9-LeaderElection14: Election REJECTED; received 2 response(s) [e32e034a-a93a-4b30-8a91-807d63ef30c7<-9d1c37c1-2445-441f-9967-6cc4eb25c3d5#0:FAIL-t3, e32e034a-a93a-4b30-8a91-807d63ef30c7<-01529118-1589-414b-9133-a79ab2a7adb2#0:FAIL-t3] and 0 exception(s); e32e034a-a93a-4b30-8a91-807d63ef30c7@group-16F670C72FC9:t3, leader=null, voted=e32e034a-a93a-4b30-8a91-807d63ef30c7, raftlog=e32e034a-a93a-4b30-8a91-807d63ef30c7@group-16F670C72FC9-SegmentedRaftLog:OPENED:c-1,f-1,i0, conf=-1: [e32e034a-a93a-4b30-8a91-807d63ef30c7:192.168.151.114:34641, 9d1c37c1-2445-441f-9967-6cc4eb25c3d5:192.168.151.114:36211, 01529118-1589-414b-9133-a79ab2a7adb2:192.168.151.114:44397], old=null
2019-10-06 14:04:29,992 [e32e034a-a93a-4b30-8a91-807d63ef30c7@group-16F670C72FC9-LeaderElection14] INFO  impl.RaftServerImpl (RaftServerImpl.java:setRole(170)) - e32e034a-a93a-4b30-8a91-807d63ef30c7@group-16F670C72FC9: changes role from CANDIDATE to FOLLOWER at term 3 for DISCOVERED_A_NEW_TERM
2019-10-06 14:04:30,010 [e32e034a-a93a-4b30-8a91-807d63ef30c7@group-16F670C72FC9-LeaderElection14] INFO  impl.RoleInfo (RoleInfo.java:shutdownLeaderElection(134)) - e32e034a-a93a-4b30-8a91-807d63ef30c7: shutdown LeaderElection
2019-10-06 14:04:30,012 [e32e034a-a93a-4b30-8a91-807d63ef30c7@group-16F670C72FC9-LeaderElection14] INFO  impl.RoleInfo (RoleInfo.java:updateAndGet(143)) - e32e034a-a93a-4b30-8a91-807d63ef30c7: start FollowerState
2019-10-06 14:04:30,013 [01529118-1589-414b-9133-a79ab2a7adb2@group-16F670C72FC9-LeaderElection13] INFO  impl.LeaderElection (LeaderElection.java:logAndReturn(56)) - 01529118-1589-414b-9133-a79ab2a7adb2@group-16F670C72FC9-LeaderElection13: Election REJECTED; received 2 response(s) [01529118-1589-414b-9133-a79ab2a7adb2<-e32e034a-a93a-4b30-8a91-807d63ef30c7#0:FAIL-t3, 01529118-1589-414b-9133-a79ab2a7adb2<-9d1c37c1-2445-441f-9967-6cc4eb25c3d5#0:FAIL-t3] and 0 exception(s); 01529118-1589-414b-9133-a79ab2a7adb2@group-16F670C72FC9:t3, leader=null, voted=01529118-1589-414b-9133-a79ab2a7adb2, raftlog=01529118-1589-414b-9133-a79ab2a7adb2@group-16F670C72FC9-SegmentedRaftLog:OPENED:c-1,f-1,i0, conf=-1: [e32e034a-a93a-4b30-8a91-807d63ef30c7:192.168.151.114:34641, 9d1c37c1-2445-441f-9967-6cc4eb25c3d5:192.168.151.114:36211, 01529118-1589-414b-9133-a79ab2a7adb2:192.168.151.114:44397], old=null
2019-10-06 14:04:30,015 [9d1c37c1-2445-441f-9967-6cc4eb25c3d5@group-16F670C72FC9-LeaderElection12] INFO  impl.LeaderElection (LeaderElection.java:logAndReturn(56)) - 9d1c37c1-2445-441f-9967-6cc4eb25c3d5@group-16F670C72FC9-LeaderElection12: Election REJECTED; received 2 response(s) [9d1c37c1-2445-441f-9967-6cc4eb25c3d5<-e32e034a-a93a-4b30-8a91-807d63ef30c7#0:FAIL-t3, 9d1c37c1-2445-441f-9967-6cc4eb25c3d5<-01529118-1589-414b-9133-a79ab2a7adb2#0:FAIL-t3] and 0 exception(s); 9d1c37c1-2445-441f-9967-6cc4eb25c3d5@group-16F670C72FC9:t3, leader=null, voted=9d1c37c1-2445-441f-9967-6cc4eb25c3d5, raftlog=9d1c37c1-2445-441f-9967-6cc4eb25c3d5@group-16F670C72FC9-SegmentedRaftLog:OPENED:c-1,f-1,i0, conf=-1: [e32e034a-a93a-4b30-8a91-807d63ef30c7:192.168.151.114:34641, 9d1c37c1-2445-441f-9967-6cc4eb25c3d5:192.168.151.114:36211, 01529118-1589-414b-9133-a79ab2a7adb2:192.168.151.114:44397], old=null
2019-10-06 14:04:30,015 [01529118-1589-414b-9133-a79ab2a7adb2@group-16F670C72FC9-LeaderElection13] INFO  impl.RaftServerImpl (RaftServerImpl.java:setRole(170)) - 01529118-1589-414b-9133-a79ab2a7adb2@group-16F670C72FC9: changes role from CANDIDATE to FOLLOWER at term 3 for DISCOVERED_A_NEW_TERM
2019-10-06 14:04:30,016 [01529118-1589-414b-9133-a79ab2a7adb2@group-16F670C72FC9-LeaderElection13] INFO  impl.RoleInfo (RoleInfo.java:shutdownLeaderElection(134)) - 01529118-1589-414b-9133-a79ab2a7adb2: shutdown LeaderElection
2019-10-06 14:04:30,016 [9d1c37c1-2445-441f-9967-6cc4eb25c3d5@group-16F670C72FC9-LeaderElection12] INFO  impl.RaftServerImpl (RaftServerImpl.java:setRole(170)) - 9d1c37c1-2445-441f-9967-6cc4eb25c3d5@group-16F670C72FC9: changes role from CANDIDATE to FOLLOWER at term 3 for DISCOVERED_A_NEW_TERM
2019-10-06 14:04:30,018 [01529118-1589-414b-9133-a79ab2a7adb2@group-16F670C72FC9-LeaderElection13] INFO  impl.RoleInfo (RoleInfo.java:updateAndGet(143)) - 01529118-1589-414b-9133-a79ab2a7adb2: start FollowerState
2019-10-06 14:04:30,018 [9d1c37c1-2445-441f-9967-6cc4eb25c3d5@group-16F670C72FC9-LeaderElection12] INFO  impl.RoleInfo (RoleInfo.java:shutdownLeaderElection(134)) - 9d1c37c1-2445-441f-9967-6cc4eb25c3d5: shutdown LeaderElection
2019-10-06 14:04:30,018 [9d1c37c1-2445-441f-9967-6cc4eb25c3d5@group-16F670C72FC9-LeaderElection12] INFO  impl.RoleInfo (RoleInfo.java:updateAndGet(143)) - 9d1c37c1-2445-441f-9967-6cc4eb25c3d5: start FollowerState
2019-10-06 14:04:35,020 [Thread-298] INFO  impl.FollowerState (FollowerState.java:run(108)) - e32e034a-a93a-4b30-8a91-807d63ef30c7@group-16F670C72FC9-FollowerState: change to CANDIDATE, lastRpcTime:5007ms, electionTimeout:5007ms
2019-10-06 14:04:35,021 [Thread-298] INFO  impl.RoleInfo (RoleInfo.java:shutdownFollowerState(121)) - e32e034a-a93a-4b30-8a91-807d63ef30c7: shutdown FollowerState
2019-10-06 14:04:35,021 [Thread-298] INFO  impl.RaftServerImpl (RaftServerImpl.java:setRole(170)) - e32e034a-a93a-4b30-8a91-807d63ef30c7@group-16F670C72FC9: changes role from  FOLLOWER to CANDIDATE at term 3 for changeToCandidate
2019-10-06 14:04:35,022 [Thread-298] INFO  impl.RoleInfo (RoleInfo.java:updateAndGet(143)) - e32e034a-a93a-4b30-8a91-807d63ef30c7: start LeaderElection
2019-10-06 14:04:35,042 [e32e034a-a93a-4b30-8a91-807d63ef30c7@group-16F670C72FC9-LeaderElection15] INFO  impl.LeaderElection (LeaderElection.java:askForVotes(178)) - e32e034a-a93a-4b30-8a91-807d63ef30c7@group-16F670C72FC9-LeaderElection15: begin an election at term 4 for -1: [e32e034a-a93a-4b30-8a91-807d63ef30c7:192.168.151.114:34641, 9d1c37c1-2445-441f-9967-6cc4eb25c3d5:192.168.151.114:36211, 01529118-1589-414b-9133-a79ab2a7adb2:192.168.151.114:44397], old=null
2019-10-06 14:04:35,049 [grpc-default-executor-0] INFO  impl.RaftServerImpl (RaftServerImpl.java:setRole(170)) - 01529118-1589-414b-9133-a79ab2a7adb2@group-16F670C72FC9: changes role from  FOLLOWER to FOLLOWER at term 4 for recognizeCandidate:e32e034a-a93a-4b30-8a91-807d63ef30c7
2019-10-06 14:04:35,049 [grpc-default-executor-1] INFO  impl.RaftServerImpl (RaftServerImpl.java:setRole(170)) - 9d1c37c1-2445-441f-9967-6cc4eb25c3d5@group-16F670C72FC9: changes role from  FOLLOWER to FOLLOWER at term 4 for recognizeCandidate:e32e034a-a93a-4b30-8a91-807d63ef30c7
2019-10-06 14:04:35,049 [grpc-default-executor-0] INFO  impl.RoleInfo (RoleInfo.java:shutdownFollowerState(121)) - 01529118-1589-414b-9133-a79ab2a7adb2: shutdown FollowerState
2019-10-06 14:04:35,049 [grpc-default-executor-1] INFO  impl.RoleInfo (RoleInfo.java:shutdownFollowerState(121)) - 9d1c37c1-2445-441f-9967-6cc4eb25c3d5: shutdown FollowerState
2019-10-06 14:04:35,050 [grpc-default-executor-0] INFO  impl.RoleInfo (RoleInfo.java:updateAndGet(143)) - 01529118-1589-414b-9133-a79ab2a7adb2: start FollowerState
2019-10-06 14:04:35,050 [grpc-default-executor-1] INFO  impl.RoleInfo (RoleInfo.java:updateAndGet(143)) - 9d1c37c1-2445-441f-9967-6cc4eb25c3d5: start FollowerState
2019-10-06 14:04:35,050 [Thread-299] INFO  impl.FollowerState (FollowerState.java:run(117)) - 01529118-1589-414b-9133-a79ab2a7adb2@group-16F670C72FC9-FollowerState was interrupted: java.lang.InterruptedException: sleep interrupted
2019-10-06 14:04:35,052 [Thread-300] INFO  impl.FollowerState (FollowerState.java:run(117)) - 9d1c37c1-2445-441f-9967-6cc4eb25c3d5@group-16F670C72FC9-FollowerState was interrupted: java.lang.InterruptedException: sleep interrupted
2019-10-06 14:04:35,088 [e32e034a-a93a-4b30-8a91-807d63ef30c7@group-16F670C72FC9-LeaderElection15] INFO  impl.LeaderElection (LeaderElection.java:logAndReturn(56)) - e32e034a-a93a-4b30-8a91-807d63ef30c7@group-16F670C72FC9-LeaderElection15: Election PASSED; received 1 response(s) [e32e034a-a93a-4b30-8a91-807d63ef30c7<-9d1c37c1-2445-441f-9967-6cc4eb25c3d5#0:OK-t4] and 0 exception(s); e32e034a-a93a-4b30-8a91-807d63ef30c7@group-16F670C72FC9:t4, leader=null, voted=e32e034a-a93a-4b30-8a91-807d63ef30c7, raftlog=e32e034a-a93a-4b30-8a91-807d63ef30c7@group-16F670C72FC9-SegmentedRaftLog:OPENED:c-1,f-1,i0, conf=-1: [e32e034a-a93a-4b30-8a91-807d63ef30c7:192.168.151.114:34641, 9d1c37c1-2445-441f-9967-6cc4eb25c3d5:192.168.151.114:36211, 01529118-1589-414b-9133-a79ab2a7adb2:192.168.151.114:44397], old=null
2019-10-06 14:04:35,088 [e32e034a-a93a-4b30-8a91-807d63ef30c7@group-16F670C72FC9-LeaderElection15] INFO  impl.RoleInfo (RoleInfo.java:shutdownLeaderElection(134)) - e32e034a-a93a-4b30-8a91-807d63ef30c7: shutdown LeaderElection
2019-10-06 14:04:35,089 [e32e034a-a93a-4b30-8a91-807d63ef30c7@group-16F670C72FC9-LeaderElection15] INFO  impl.RaftServerImpl (RaftServerImpl.java:setRole(170)) - e32e034a-a93a-4b30-8a91-807d63ef30c7@group-16F670C72FC9: changes role from CANDIDATE to LEADER at term 4 for changeToLeader
2019-10-06 14:04:35,089 [e32e034a-a93a-4b30-8a91-807d63ef30c7@group-16F670C72FC9-LeaderElection15] INFO  impl.RaftServerImpl (ServerState.java:setLeader(255)) - e32e034a-a93a-4b30-8a91-807d63ef30c7@group-16F670C72FC9: change Leader from null to e32e034a-a93a-4b30-8a91-807d63ef30c7 at term 4 for becomeLeader, leader elected after 20501ms
2019-10-06 14:04:35,089 [e32e034a-a93a-4b30-8a91-807d63ef30c7@group-16F670C72FC9-LeaderElection15] INFO  server.RaftServerConfigKeys (ConfUtils.java:logGet(43)) - raft.server.staging.catchup.gap = 1000 (default)
2019-10-06 14:04:35,090 [e32e034a-a93a-4b30-8a91-807d63ef30c7@group-16F670C72FC9-LeaderElection15] INFO  server.RaftServerConfigKeys (ConfUtils.java:logGet(43)) - raft.server.rpc.sleep.time = 25ms (default)
2019-10-06 14:04:35,090 [e32e034a-a93a-4b30-8a91-807d63ef30c7@group-16F670C72FC9-LeaderElection15] INFO  server.RaftServerConfigKeys (ConfUtils.java:logGet(43)) - raft.server.write.element-limit = 4096 (default)
2019-10-06 14:04:35,090 [e32e034a-a93a-4b30-8a91-807d63ef30c7@group-16F670C72FC9-LeaderElection15] INFO  server.RaftServerConfigKeys (ConfUtils.java:logGet(43)) - raft.server.watch.timeout = 10s (default)
2019-10-06 14:04:35,091 [e32e034a-a93a-4b30-8a91-807d63ef30c7@group-16F670C72FC9-LeaderElection15] INFO  server.RaftServerConfigKeys (ConfUtils.java:logGet(43)) - raft.server.watch.timeout.denomination = 1s (default)
2019-10-06 14:04:35,091 [e32e034a-a93a-4b30-8a91-807d63ef30c7@group-16F670C72FC9-LeaderElection15] INFO  server.RaftServerConfigKeys (ConfUtils.java:logGet(43)) - raft.server.watch.element-limit = 65536 (default)
2019-10-06 14:04:35,102 [e32e034a-a93a-4b30-8a91-807d63ef30c7@group-16F670C72FC9-LeaderElection15] INFO  server.RaftServerConfigKeys (ConfUtils.java:logGet(43)) - raft.server.log.appender.snapshot.chunk.size.max = 16MB (=16777216) (default)
2019-10-06 14:04:35,102 [e32e034a-a93a-4b30-8a91-807d63ef30c7@group-16F670C72FC9-LeaderElection15] INFO  server.RaftServerConfigKeys (ConfUtils.java:logGet(43)) - raft.server.log.appender.buffer.byte-limit = 33554432 (custom)
2019-10-06 14:04:35,103 [e32e034a-a93a-4b30-8a91-807d63ef30c7@group-16F670C72FC9-LeaderElection15] INFO  server.RaftServerConfigKeys (ConfUtils.java:logGet(43)) - raft.server.log.appender.buffer.element-limit = 1 (custom)
2019-10-06 14:04:35,109 [e32e034a-a93a-4b30-8a91-807d63ef30c7@group-16F670C72FC9-LeaderElection15] INFO  grpc.GrpcConfigKeys$Server (ConfUtils.java:logGet(43)) - raft.grpc.server.leader.outstanding.appends.max = 128 (default)
2019-10-06 14:04:35,111 [e32e034a-a93a-4b30-8a91-807d63ef30c7@group-16F670C72FC9-LeaderElection15] INFO  server.RaftServerConfigKeys (ConfUtils.java:logGet(43)) - raft.server.rpc.request.timeout = 3000ms (default)
2019-10-06 14:04:35,111 [e32e034a-a93a-4b30-8a91-807d63ef30c7@group-16F670C72FC9-LeaderElection15] INFO  server.RaftServerConfigKeys (ConfUtils.java:logGet(43)) - raft.server.log.appender.install.snapshot.enabled = false (custom)
2019-10-06 14:04:35,112 [e32e034a-a93a-4b30-8a91-807d63ef30c7@group-16F670C72FC9-LeaderElection15] INFO  server.RaftServerConfigKeys (ConfUtils.java:logGet(43)) - raft.server.log.appender.snapshot.chunk.size.max = 16MB (=16777216) (default)
2019-10-06 14:04:35,112 [e32e034a-a93a-4b30-8a91-807d63ef30c7@group-16F670C72FC9-LeaderElection15] INFO  server.RaftServerConfigKeys (ConfUtils.java:logGet(43)) - raft.server.log.appender.buffer.byte-limit = 33554432 (custom)
2019-10-06 14:04:35,113 [e32e034a-a93a-4b30-8a91-807d63ef30c7@group-16F670C72FC9-LeaderElection15] INFO  server.RaftServerConfigKeys (ConfUtils.java:logGet(43)) - raft.server.log.appender.buffer.element-limit = 1 (custom)
2019-10-06 14:04:35,113 [e32e034a-a93a-4b30-8a91-807d63ef30c7@group-16F670C72FC9-LeaderElection15] INFO  grpc.GrpcConfigKeys$Server (ConfUtils.java:logGet(43)) - raft.grpc.server.leader.outstanding.appends.max = 128 (default)
2019-10-06 14:04:35,113 [e32e034a-a93a-4b30-8a91-807d63ef30c7@group-16F670C72FC9-LeaderElection15] INFO  server.RaftServerConfigKeys (ConfUtils.java:logGet(43)) - raft.server.rpc.request.timeout = 3000ms (default)
2019-10-06 14:04:35,113 [e32e034a-a93a-4b30-8a91-807d63ef30c7@group-16F670C72FC9-LeaderElection15] INFO  server.RaftServerConfigKeys (ConfUtils.java:logGet(43)) - raft.server.log.appender.install.snapshot.enabled = false (custom)
2019-10-06 14:04:35,115 [e32e034a-a93a-4b30-8a91-807d63ef30c7@group-16F670C72FC9-LeaderElection15] INFO  impl.RoleInfo (RoleInfo.java:updateAndGet(143)) - e32e034a-a93a-4b30-8a91-807d63ef30c7: start LeaderState
2019-10-06 14:04:35,116 [e32e034a-a93a-4b30-8a91-807d63ef30c7@group-16F670C72FC9-LeaderElection15] INFO  segmented.SegmentedRaftLogWorker (SegmentedRaftLogWorker.java:startLogSegment(385)) - e32e034a-a93a-4b30-8a91-807d63ef30c7@group-16F670C72FC9-SegmentedRaftLogWorker: Starting segment from index:0
2019-10-06 14:04:35,117 [e32e034a-a93a-4b30-8a91-807d63ef30c7@group-16F670C72FC9-LeaderElection15] INFO  impl.RaftServerImpl (ServerState.java:setRaftConf(356)) - e32e034a-a93a-4b30-8a91-807d63ef30c7@group-16F670C72FC9: set configuration 0: [e32e034a-a93a-4b30-8a91-807d63ef30c7:192.168.151.114:34641, 9d1c37c1-2445-441f-9967-6cc4eb25c3d5:192.168.151.114:36211, 01529118-1589-414b-9133-a79ab2a7adb2:192.168.151.114:44397], old=null at 0
2019-10-06 14:04:35,165 [e32e034a-a93a-4b30-8a91-807d63ef30c7@group-16F670C72FC9-SegmentedRaftLogWorker] INFO  segmented.SegmentedRaftLogWorker (SegmentedRaftLogWorker.java:execute(574)) - e32e034a-a93a-4b30-8a91-807d63ef30c7@group-16F670C72FC9-SegmentedRaftLogWorker: created new log segment /workdir/hadoop-ozone/integration-test/target/test-dir/MiniOzoneClusterImpl-95cdcd50-9c11-4749-8e4a-58f78bdaccd6/datanode-3/data/ratis/c432860a-ad0d-44c4-b482-16f670c72fc9/current/log_inprogress_0
2019-10-06 14:04:35,180 [grpc-default-executor-0] INFO  impl.RaftServerImpl (ServerState.java:setLeader(255)) - 01529118-1589-414b-9133-a79ab2a7adb2@group-16F670C72FC9: change Leader from null to e32e034a-a93a-4b30-8a91-807d63ef30c7 at term 4 for appendEntries, leader elected after 20594ms
2019-10-06 14:04:35,180 [grpc-default-executor-5] INFO  impl.RaftServerImpl (ServerState.java:setLeader(255)) - 9d1c37c1-2445-441f-9967-6cc4eb25c3d5@group-16F670C72FC9: change Leader from null to e32e034a-a93a-4b30-8a91-807d63ef30c7 at term 4 for appendEntries, leader elected after 20593ms
2019-10-06 14:04:35,215 [grpc-default-executor-0] INFO  impl.RaftServerImpl (ServerState.java:setRaftConf(356)) - 9d1c37c1-2445-441f-9967-6cc4eb25c3d5@group-16F670C72FC9: set configuration 0: [e32e034a-a93a-4b30-8a91-807d63ef30c7:192.168.151.114:34641, 9d1c37c1-2445-441f-9967-6cc4eb25c3d5:192.168.151.114:36211, 01529118-1589-414b-9133-a79ab2a7adb2:192.168.151.114:44397], old=null at 0
2019-10-06 14:04:35,215 [grpc-default-executor-5] INFO  impl.RaftServerImpl (ServerState.java:setRaftConf(356)) - 01529118-1589-414b-9133-a79ab2a7adb2@group-16F670C72FC9: set configuration 0: [e32e034a-a93a-4b30-8a91-807d63ef30c7:192.168.151.114:34641, 9d1c37c1-2445-441f-9967-6cc4eb25c3d5:192.168.151.114:36211, 01529118-1589-414b-9133-a79ab2a7adb2:192.168.151.114:44397], old=null at 0
2019-10-06 14:04:35,215 [grpc-default-executor-0] INFO  segmented.SegmentedRaftLogWorker (SegmentedRaftLogWorker.java:startLogSegment(385)) - 9d1c37c1-2445-441f-9967-6cc4eb25c3d5@group-16F670C72FC9-SegmentedRaftLogWorker: Starting segment from index:0
2019-10-06 14:04:35,215 [grpc-default-executor-5] INFO  segmented.SegmentedRaftLogWorker (SegmentedRaftLogWorker.java:startLogSegment(385)) - 01529118-1589-414b-9133-a79ab2a7adb2@group-16F670C72FC9-SegmentedRaftLogWorker: Starting segment from index:0
2019-10-06 14:04:35,265 [01529118-1589-414b-9133-a79ab2a7adb2@group-16F670C72FC9-SegmentedRaftLogWorker] INFO  segmented.SegmentedRaftLogWorker (SegmentedRaftLogWorker.java:execute(574)) - 01529118-1589-414b-9133-a79ab2a7adb2@group-16F670C72FC9-SegmentedRaftLogWorker: created new log segment /workdir/hadoop-ozone/integration-test/target/test-dir/MiniOzoneClusterImpl-95cdcd50-9c11-4749-8e4a-58f78bdaccd6/datanode-2/data/ratis/c432860a-ad0d-44c4-b482-16f670c72fc9/current/log_inprogress_0
2019-10-06 14:04:35,265 [9d1c37c1-2445-441f-9967-6cc4eb25c3d5@group-16F670C72FC9-SegmentedRaftLogWorker] INFO  segmented.SegmentedRaftLogWorker (SegmentedRaftLogWorker.java:execute(574)) - 9d1c37c1-2445-441f-9967-6cc4eb25c3d5@group-16F670C72FC9-SegmentedRaftLogWorker: created new log segment /workdir/hadoop-ozone/integration-test/target/test-dir/MiniOzoneClusterImpl-95cdcd50-9c11-4749-8e4a-58f78bdaccd6/datanode-1/data/ratis/c432860a-ad0d-44c4-b482-16f670c72fc9/current/log_inprogress_0
2019-10-06 14:04:36,518 [Thread-224] INFO  pipeline.SCMPipelineManager (SCMPipelineManager.java:finalizeAndDestroyPipeline(315)) - destroying pipeline:Pipeline[ Id: c432860a-ad0d-44c4-b482-16f670c72fc9, Nodes: 9d1c37c1-2445-441f-9967-6cc4eb25c3d5{ip: 192.168.151.114, host: ozone-build-dev-hxm7v-1976773872, networkLocation: /rack1, certSerialId: null}01529118-1589-414b-9133-a79ab2a7adb2{ip: 192.168.151.114, host: ozone-build-dev-hxm7v-1976773872, networkLocation: /rack1, certSerialId: null}e32e034a-a93a-4b30-8a91-807d63ef30c7{ip: 192.168.151.114, host: ozone-build-dev-hxm7v-1976773872, networkLocation: /rack1, certSerialId: null}, Type:RATIS, Factor:THREE, State:OPEN]
2019-10-06 14:04:36,519 [Thread-224] INFO  pipeline.PipelineStateManager (PipelineStateManager.java:finalizePipeline(123)) - Pipeline Pipeline[ Id: c432860a-ad0d-44c4-b482-16f670c72fc9, Nodes: 9d1c37c1-2445-441f-9967-6cc4eb25c3d5{ip: 192.168.151.114, host: ozone-build-dev-hxm7v-1976773872, networkLocation: /rack1, certSerialId: null}01529118-1589-414b-9133-a79ab2a7adb2{ip: 192.168.151.114, host: ozone-build-dev-hxm7v-1976773872, networkLocation: /rack1, certSerialId: null}e32e034a-a93a-4b30-8a91-807d63ef30c7{ip: 192.168.151.114, host: ozone-build-dev-hxm7v-1976773872, networkLocation: /rack1, certSerialId: null}, Type:RATIS, Factor:THREE, State:CLOSED] moved to CLOSED state
2019-10-06 14:04:36,520 [EventQueue-CloseContainerForCloseContainerEventHandler] INFO  container.CloseContainerEventHandler (CloseContainerEventHandler.java:onMessage(61)) - Close container Event triggered for container : #1
2019-10-06 14:04:37,319 [Datanode State Machine Thread - 0] INFO  statemachine.DatanodeStateMachine (DatanodeStateMachine.java:lambda$startDaemon$0(350)) - Ozone container server started.
2019-10-06 14:04:38,297 [RatisApplyTransactionExecutor 1] INFO  interfaces.Container (KeyValueContainer.java:flushAndSyncDB(386)) - Container 1 is synced with bcsId 3.
2019-10-06 14:04:38,298 [RatisApplyTransactionExecutor 1] INFO  interfaces.Container (KeyValueContainer.java:flushAndSyncDB(386)) - Container 1 is synced with bcsId 3.
2019-10-06 14:04:38,314 [RatisApplyTransactionExecutor 1] INFO  interfaces.Container (KeyValueContainer.java:close(335)) - Container 1 is closed with bcsId 3.
2019-10-06 14:04:38,321 [EventQueue-IncrementalContainerReportForIncrementalContainerReportHandler] INFO  container.IncrementalContainerReportHandler (AbstractContainerReportHandler.java:updateContainerState(176)) - Moving container #1 to CLOSED state, datanode e32e034a-a93a-4b30-8a91-807d63ef30c7{ip: 192.168.151.114, host: ozone-build-dev-hxm7v-1976773872, networkLocation: /rack1, certSerialId: null} reported CLOSED replica.
2019-10-06 14:04:38,328 [RatisApplyTransactionExecutor 1] INFO  interfaces.Container (KeyValueContainer.java:flushAndSyncDB(386)) - Container 1 is synced with bcsId 3.
2019-10-06 14:04:38,328 [RatisApplyTransactionExecutor 1] INFO  interfaces.Container (KeyValueContainer.java:flushAndSyncDB(386)) - Container 1 is synced with bcsId 3.
2019-10-06 14:04:38,330 [RatisApplyTransactionExecutor 1] INFO  interfaces.Container (KeyValueContainer.java:flushAndSyncDB(386)) - Container 1 is synced with bcsId 3.
2019-10-06 14:04:38,330 [RatisApplyTransactionExecutor 1] INFO  interfaces.Container (KeyValueContainer.java:flushAndSyncDB(386)) - Container 1 is synced with bcsId 3.
2019-10-06 14:04:38,346 [RatisApplyTransactionExecutor 1] INFO  interfaces.Container (KeyValueContainer.java:close(335)) - Container 1 is closed with bcsId 3.
2019-10-06 14:04:38,346 [RatisApplyTransactionExecutor 1] INFO  interfaces.Container (KeyValueContainer.java:close(335)) - Container 1 is closed with bcsId 3.
2019-10-06 14:04:41,525 [Thread-224] INFO  ozoneimpl.OzoneContainer (OzoneContainer.java:stop(231)) - Attempting to stop container services.
2019-10-06 14:04:41,526 [Thread-224] INFO  impl.RaftServerProxy (RaftServerProxy.java:lambda$close$4(314)) - 9d1c37c1-2445-441f-9967-6cc4eb25c3d5: close
2019-10-06 14:04:41,528 [Thread-224] INFO  impl.RaftServerImpl (RaftServerImpl.java:lambda$shutdown$3(247)) - 9d1c37c1-2445-441f-9967-6cc4eb25c3d5@group-78E623AE9A67: shutdown
2019-10-06 14:04:41,529 [Thread-224] INFO  util.JmxRegister (JmxRegister.java:unregister(73)) - Successfully un-registered JMX Bean with object name Ratis:service=RaftServer,group=group-78E623AE9A67,id=9d1c37c1-2445-441f-9967-6cc4eb25c3d5
2019-10-06 14:04:41,529 [Thread-224] INFO  impl.RoleInfo (RoleInfo.java:shutdownLeaderState(104)) - 9d1c37c1-2445-441f-9967-6cc4eb25c3d5: shutdown LeaderState
2019-10-06 14:04:41,530 [Thread-224] INFO  impl.PendingRequests (PendingRequests.java:sendNotLeaderResponses(202)) - 9d1c37c1-2445-441f-9967-6cc4eb25c3d5@group-78E623AE9A67-PendingRequests: sendNotLeaderResponses
2019-10-06 14:04:41,532 [Thread-224] INFO  impl.StateMachineUpdater (StateMachineUpdater.java:stopAndJoin(136)) - 9d1c37c1-2445-441f-9967-6cc4eb25c3d5@group-78E623AE9A67-StateMachineUpdater: set stopIndex = 0
2019-10-06 14:04:41,533 [Thread-224] INFO  impl.RaftServerImpl (ServerState.java:close(387)) - 9d1c37c1-2445-441f-9967-6cc4eb25c3d5@group-78E623AE9A67: closes. applyIndex: 0
2019-10-06 14:04:41,536 [9d1c37c1-2445-441f-9967-6cc4eb25c3d5@group-78E623AE9A67-SegmentedRaftLogWorker] INFO  segmented.SegmentedRaftLogWorker (SegmentedRaftLogWorker.java:run(316)) - 9d1c37c1-2445-441f-9967-6cc4eb25c3d5@group-78E623AE9A67-SegmentedRaftLogWorker was interrupted, exiting. There are 0 tasks remaining in the queue.
2019-10-06 14:04:41,538 [Thread-224] INFO  segmented.SegmentedRaftLogWorker (SegmentedRaftLogWorker.java:close(224)) - 9d1c37c1-2445-441f-9967-6cc4eb25c3d5@group-78E623AE9A67-SegmentedRaftLogWorker close()
2019-10-06 14:04:41,541 [Thread-224] INFO  impl.RaftServerImpl (RaftServerImpl.java:lambda$shutdown$3(247)) - 9d1c37c1-2445-441f-9967-6cc4eb25c3d5@group-16F670C72FC9: shutdown
2019-10-06 14:04:41,542 [Thread-224] INFO  util.JmxRegister (JmxRegister.java:unregister(73)) - Successfully un-registered JMX Bean with object name Ratis:service=RaftServer,group=group-16F670C72FC9,id=9d1c37c1-2445-441f-9967-6cc4eb25c3d5
2019-10-06 14:04:41,542 [Thread-224] INFO  impl.RoleInfo (RoleInfo.java:shutdownFollowerState(121)) - 9d1c37c1-2445-441f-9967-6cc4eb25c3d5: shutdown FollowerState
2019-10-06 14:04:41,542 [Thread-224] INFO  impl.StateMachineUpdater (StateMachineUpdater.java:stopAndJoin(136)) - 9d1c37c1-2445-441f-9967-6cc4eb25c3d5@group-16F670C72FC9-StateMachineUpdater: set stopIndex = 6
2019-10-06 14:04:41,542 [9d1c37c1-2445-441f-9967-6cc4eb25c3d5@group-16F670C72FC9-StateMachineUpdater] INFO  ratis.ContainerStateMachine (ContainerStateMachine.java:takeSnapshot(293)) - group-16F670C72FC9: Taking a snapshot at:(t:4, i:5) file /workdir/hadoop-ozone/integration-test/target/test-dir/MiniOzoneClusterImpl-95cdcd50-9c11-4749-8e4a-58f78bdaccd6/datanode-1/data/ratis/c432860a-ad0d-44c4-b482-16f670c72fc9/sm/snapshot.4_5
2019-10-06 14:04:41,542 [Thread-313] INFO  impl.FollowerState (FollowerState.java:run(117)) - 9d1c37c1-2445-441f-9967-6cc4eb25c3d5@group-16F670C72FC9-FollowerState was interrupted: java.lang.InterruptedException: sleep interrupted
2019-10-06 14:04:41,590 [9d1c37c1-2445-441f-9967-6cc4eb25c3d5@group-16F670C72FC9-StateMachineUpdater] INFO  ratis.ContainerStateMachine (ContainerStateMachine.java:takeSnapshot(304)) - group-16F670C72FC9: Finished taking a snapshot at:(t:4, i:5) file:/workdir/hadoop-ozone/integration-test/target/test-dir/MiniOzoneClusterImpl-95cdcd50-9c11-4749-8e4a-58f78bdaccd6/datanode-1/data/ratis/c432860a-ad0d-44c4-b482-16f670c72fc9/sm/snapshot.4_5 time:48
2019-10-06 14:04:41,592 [9d1c37c1-2445-441f-9967-6cc4eb25c3d5@group-16F670C72FC9-StateMachineUpdater] INFO  impl.StateMachineUpdater (StateMachineUpdater.java:takeSnapshot(269)) - 9d1c37c1-2445-441f-9967-6cc4eb25c3d5@group-16F670C72FC9-StateMachineUpdater: Took a snapshot at index 5
2019-10-06 14:04:41,598 [9d1c37c1-2445-441f-9967-6cc4eb25c3d5@group-16F670C72FC9-StateMachineUpdater] INFO  impl.StateMachineUpdater (StateMachineUpdater.java:lambda$new$0(84)) - 9d1c37c1-2445-441f-9967-6cc4eb25c3d5@group-16F670C72FC9-StateMachineUpdater: snapshotIndex: updateIncreasingly -1 -> 5
2019-10-06 14:04:41,602 [9d1c37c1-2445-441f-9967-6cc4eb25c3d5@group-16F670C72FC9-StateMachineUpdater] INFO  ratis.ContainerStateMachine (ContainerStateMachine.java:takeSnapshot(293)) - group-16F670C72FC9: Taking a snapshot at:(t:4, i:5) file /workdir/hadoop-ozone/integration-test/target/test-dir/MiniOzoneClusterImpl-95cdcd50-9c11-4749-8e4a-58f78bdaccd6/datanode-1/data/ratis/c432860a-ad0d-44c4-b482-16f670c72fc9/sm/snapshot.4_5
2019-10-06 14:04:41,615 [9d1c37c1-2445-441f-9967-6cc4eb25c3d5@group-16F670C72FC9-StateMachineUpdater] INFO  ratis.ContainerStateMachine (ContainerStateMachine.java:takeSnapshot(304)) - group-16F670C72FC9: Finished taking a snapshot at:(t:4, i:5) file:/workdir/hadoop-ozone/integration-test/target/test-dir/MiniOzoneClusterImpl-95cdcd50-9c11-4749-8e4a-58f78bdaccd6/datanode-1/data/ratis/c432860a-ad0d-44c4-b482-16f670c72fc9/sm/snapshot.4_5 time:13
2019-10-06 14:04:41,615 [9d1c37c1-2445-441f-9967-6cc4eb25c3d5@group-16F670C72FC9-StateMachineUpdater] INFO  impl.StateMachineUpdater (StateMachineUpdater.java:takeSnapshot(269)) - 9d1c37c1-2445-441f-9967-6cc4eb25c3d5@group-16F670C72FC9-StateMachineUpdater: Took a snapshot at index 5
2019-10-06 14:04:41,616 [9d1c37c1-2445-441f-9967-6cc4eb25c3d5@group-16F670C72FC9-StateMachineUpdater] INFO  impl.StateMachineUpdater (StateMachineUpdater.java:lambda$new$0(84)) - 9d1c37c1-2445-441f-9967-6cc4eb25c3d5@group-16F670C72FC9-StateMachineUpdater: snapshotIndex: updateIncreasingly 5 -> 5
2019-10-06 14:04:41,616 [Thread-224] INFO  impl.RaftServerImpl (ServerState.java:close(387)) - 9d1c37c1-2445-441f-9967-6cc4eb25c3d5@group-16F670C72FC9: closes. applyIndex: 6
2019-10-06 14:04:41,617 [9d1c37c1-2445-441f-9967-6cc4eb25c3d5@group-16F670C72FC9-SegmentedRaftLogWorker] INFO  segmented.SegmentedRaftLogWorker (SegmentedRaftLogWorker.java:run(316)) - 9d1c37c1-2445-441f-9967-6cc4eb25c3d5@group-16F670C72FC9-SegmentedRaftLogWorker was interrupted, exiting. There are 0 tasks remaining in the queue.
2019-10-06 14:04:41,618 [Thread-224] INFO  segmented.SegmentedRaftLogWorker (SegmentedRaftLogWorker.java:close(224)) - 9d1c37c1-2445-441f-9967-6cc4eb25c3d5@group-16F670C72FC9-SegmentedRaftLogWorker close()
2019-10-06 14:04:41,622 [Thread-224] INFO  server.GrpcService (GrpcService.java:closeImpl(164)) - 9d1c37c1-2445-441f-9967-6cc4eb25c3d5: shutdown server with port 36211 now
2019-10-06 14:04:41,634 [Thread-224] INFO  server.GrpcService (GrpcService.java:closeImpl(172)) - 9d1c37c1-2445-441f-9967-6cc4eb25c3d5: shutdown server with port 36211 successfully
2019-10-06 14:04:41,634 [grpc-default-executor-5] WARN  server.GrpcServerProtocolService (LogUtils.java:warn(134)) - 9d1c37c1-2445-441f-9967-6cc4eb25c3d5: installSnapshot onError, lastRequest: e32e034a-a93a-4b30-8a91-807d63ef30c7->9d1c37c1-2445-441f-9967-6cc4eb25c3d5#8-t4, previous=(t:4, i:6), leaderCommit=6, initializing? false, entries: <empty>: org.apache.ratis.thirdparty.io.grpc.StatusRuntimeException: CANCELLED: cancelled before receiving half close
2019-10-06 14:04:41,636 [grpc-default-executor-1] WARN  server.GrpcLogAppender (LogUtils.java:warn(134)) - e32e034a-a93a-4b30-8a91-807d63ef30c7@group-16F670C72FC9->9d1c37c1-2445-441f-9967-6cc4eb25c3d5-AppendLogResponseHandler: Failed appendEntries: org.apache.ratis.thirdparty.io.grpc.StatusRuntimeException: CANCELLED: HTTP/2 error code: CANCEL
Received Rst Stream
2019-10-06 14:04:41,639 [grpc-default-executor-1] INFO  impl.FollowerInfo (FollowerInfo.java:lambda$new$0(51)) - e32e034a-a93a-4b30-8a91-807d63ef30c7@group-16F670C72FC9->9d1c37c1-2445-441f-9967-6cc4eb25c3d5: nextIndex: updateUnconditionally 7 -> 6
2019-10-06 14:04:41,639 [refreshUsed-/workdir/hadoop-ozone/integration-test/target/test-dir/MiniOzoneClusterImpl-95cdcd50-9c11-4749-8e4a-58f78bdaccd6/datanode-1/data/containers] WARN  fs.CachingGetSpaceUsed (CachingGetSpaceUsed.java:run(183)) - Thread Interrupted waiting to refresh disk information: sleep interrupted
2019-10-06 14:04:41,663 [Thread-224] INFO  utils.BackgroundService (BackgroundService.java:shutdown(148)) - Shutting down service BlockDeletingService
2019-10-06 14:04:41,669 [Thread-224] INFO  statemachine.DatanodeStateMachine (DatanodeStateMachine.java:stopDaemon(395)) - Ozone container server stopped.
2019-10-06 14:04:41,677 [Thread-224] INFO  handler.ContextHandler (ContextHandler.java:doStop(910)) - Stopped o.e.j.w.WebAppContext@7654f833{/,null,UNAVAILABLE}{/hddsDatanode}
2019-10-06 14:04:41,684 [Thread-224] INFO  server.AbstractConnector (AbstractConnector.java:doStop(318)) - Stopped ServerConnector@571a01f9{HTTP/1.1,[http/1.1]}{0.0.0.0:0}
2019-10-06 14:04:41,686 [Thread-224] INFO  handler.ContextHandler (ContextHandler.java:doStop(910)) - Stopped o.e.j.s.ServletContextHandler@4b039c6d{/static,jar:file:/home/user/.m2/repository/org/apache/hadoop/hadoop-hdds-container-service/0.5.0-SNAPSHOT/hadoop-hdds-container-service-0.5.0-SNAPSHOT.jar!/webapps/static,UNAVAILABLE}
2019-10-06 14:04:41,687 [Thread-224] INFO  handler.ContextHandler (ContextHandler.java:doStop(910)) - Stopped o.e.j.s.ServletContextHandler@80bfa9d{/logs,file:///workdir/hadoop-ozone/integration-test/target/log,UNAVAILABLE}
2019-10-06 14:04:43,315 [grpc-default-executor-1] WARN  server.GrpcLogAppender (LogUtils.java:warn(134)) - e32e034a-a93a-4b30-8a91-807d63ef30c7@group-16F670C72FC9->9d1c37c1-2445-441f-9967-6cc4eb25c3d5-AppendLogResponseHandler: Failed appendEntries: org.apache.ratis.thirdparty.io.grpc.StatusRuntimeException: UNAVAILABLE: io exception
2019-10-06 14:04:43,317 [grpc-default-executor-1] INFO  impl.FollowerInfo (FollowerInfo.java:lambda$new$0(51)) - e32e034a-a93a-4b30-8a91-807d63ef30c7@group-16F670C72FC9->9d1c37c1-2445-441f-9967-6cc4eb25c3d5: nextIndex: updateUnconditionally 6 -> 5
2019-10-06 14:04:45,816 [grpc-default-executor-1] WARN  server.GrpcLogAppender (LogUtils.java:warn(134)) - e32e034a-a93a-4b30-8a91-807d63ef30c7@group-16F670C72FC9->9d1c37c1-2445-441f-9967-6cc4eb25c3d5-AppendLogResponseHandler: Failed appendEntries: org.apache.ratis.thirdparty.io.grpc.StatusRuntimeException: UNAVAILABLE: io exception
2019-10-06 14:04:45,819 [grpc-default-executor-1] INFO  impl.FollowerInfo (FollowerInfo.java:lambda$new$0(51)) - e32e034a-a93a-4b30-8a91-807d63ef30c7@group-16F670C72FC9->9d1c37c1-2445-441f-9967-6cc4eb25c3d5: nextIndex: updateUnconditionally 5 -> 4
2019-10-06 14:04:46,702 [ReplicationMonitor] INFO  container.ReplicationManager (ReplicationManager.java:sendCloseCommand(659)) - Sending close container command for container #1 to datanode 9d1c37c1-2445-441f-9967-6cc4eb25c3d5{ip: 192.168.151.114, host: ozone-build-dev-hxm7v-1976773872, networkLocation: /rack1, certSerialId: null}.
2019-10-06 14:04:46,707 [ReplicationMonitor] INFO  container.ReplicationManager (ReplicationManager.java:run(225)) - Replication Monitor Thread took 16 milliseconds for processing 1 containers.
2019-10-06 14:04:48,317 [grpc-default-executor-2] WARN  server.GrpcLogAppender (LogUtils.java:warn(134)) - e32e034a-a93a-4b30-8a91-807d63ef30c7@group-16F670C72FC9->9d1c37c1-2445-441f-9967-6cc4eb25c3d5-AppendLogResponseHandler: Failed appendEntries: org.apache.ratis.thirdparty.io.grpc.StatusRuntimeException: UNAVAILABLE: io exception
2019-10-06 14:04:48,320 [grpc-default-executor-2] INFO  impl.FollowerInfo (FollowerInfo.java:lambda$new$0(51)) - e32e034a-a93a-4b30-8a91-807d63ef30c7@group-16F670C72FC9->9d1c37c1-2445-441f-9967-6cc4eb25c3d5: nextIndex: updateUnconditionally 4 -> 3
2019-10-06 14:04:50,830 [grpc-default-executor-0] WARN  server.GrpcLogAppender (LogUtils.java:warn(134)) - e32e034a-a93a-4b30-8a91-807d63ef30c7@group-16F670C72FC9->9d1c37c1-2445-441f-9967-6cc4eb25c3d5-AppendLogResponseHandler: Failed appendEntries: org.apache.ratis.thirdparty.io.grpc.StatusRuntimeException: UNAVAILABLE: io exception
2019-10-06 14:04:50,833 [grpc-default-executor-0] INFO  impl.FollowerInfo (FollowerInfo.java:lambda$new$0(51)) - e32e034a-a93a-4b30-8a91-807d63ef30c7@group-16F670C72FC9->9d1c37c1-2445-441f-9967-6cc4eb25c3d5: nextIndex: updateUnconditionally 3 -> 2
2019-10-06 14:04:53,334 [grpc-default-executor-5] WARN  server.GrpcLogAppender (LogUtils.java:warn(134)) - e32e034a-a93a-4b30-8a91-807d63ef30c7@group-16F670C72FC9->9d1c37c1-2445-441f-9967-6cc4eb25c3d5-AppendLogResponseHandler: Failed appendEntries: org.apache.ratis.thirdparty.io.grpc.StatusRuntimeException: UNAVAILABLE: io exception
2019-10-06 14:04:53,337 [grpc-default-executor-5] INFO  impl.FollowerInfo (FollowerInfo.java:lambda$new$0(51)) - e32e034a-a93a-4b30-8a91-807d63ef30c7@group-16F670C72FC9->9d1c37c1-2445-441f-9967-6cc4eb25c3d5: nextIndex: updateUnconditionally 2 -> 1
2019-10-06 14:04:55,841 [grpc-default-executor-2] WARN  server.GrpcLogAppender (LogUtils.java:warn(134)) - e32e034a-a93a-4b30-8a91-807d63ef30c7@group-16F670C72FC9->9d1c37c1-2445-441f-9967-6cc4eb25c3d5-AppendLogResponseHandler: Failed appendEntries: org.apache.ratis.thirdparty.io.grpc.StatusRuntimeException: UNAVAILABLE: io exception
2019-10-06 14:04:55,845 [grpc-default-executor-2] INFO  impl.FollowerInfo (FollowerInfo.java:lambda$new$0(51)) - e32e034a-a93a-4b30-8a91-807d63ef30c7@group-16F670C72FC9->9d1c37c1-2445-441f-9967-6cc4eb25c3d5: nextIndex: updateUnconditionally 1 -> 0
2019-10-06 14:04:58,347 [grpc-default-executor-5] WARN  server.GrpcLogAppender (LogUtils.java:warn(134)) - e32e034a-a93a-4b30-8a91-807d63ef30c7@group-16F670C72FC9->9d1c37c1-2445-441f-9967-6cc4eb25c3d5-AppendLogResponseHandler: Failed appendEntries: org.apache.ratis.thirdparty.io.grpc.StatusRuntimeException: UNAVAILABLE: io exception
2019-10-06 14:04:58,351 [grpc-default-executor-5] INFO  impl.FollowerInfo (FollowerInfo.java:lambda$new$0(51)) - e32e034a-a93a-4b30-8a91-807d63ef30c7@group-16F670C72FC9->9d1c37c1-2445-441f-9967-6cc4eb25c3d5: nextIndex: updateUnconditionally 0 -> 0
2019-10-06 14:05:00,854 [grpc-default-executor-0] WARN  server.GrpcLogAppender (LogUtils.java:warn(134)) - e32e034a-a93a-4b30-8a91-807d63ef30c7@group-16F670C72FC9->9d1c37c1-2445-441f-9967-6cc4eb25c3d5-AppendLogResponseHandler: Failed appendEntries: org.apache.ratis.thirdparty.io.grpc.StatusRuntimeException: UNAVAILABLE: io exception
2019-10-06 14:05:00,856 [grpc-default-executor-0] INFO  impl.FollowerInfo (FollowerInfo.java:lambda$new$0(51)) - e32e034a-a93a-4b30-8a91-807d63ef30c7@group-16F670C72FC9->9d1c37c1-2445-441f-9967-6cc4eb25c3d5: nextIndex: updateUnconditionally 0 -> 0
2019-10-06 14:05:03,360 [grpc-default-executor-0] WARN  server.GrpcLogAppender (LogUtils.java:warn(134)) - e32e034a-a93a-4b30-8a91-807d63ef30c7@group-16F670C72FC9->9d1c37c1-2445-441f-9967-6cc4eb25c3d5-AppendLogResponseHandler: Failed appendEntries: org.apache.ratis.thirdparty.io.grpc.StatusRuntimeException: UNAVAILABLE: io exception
2019-10-06 14:05:03,362 [grpc-default-executor-0] INFO  impl.FollowerInfo (FollowerInfo.java:lambda$new$0(51)) - e32e034a-a93a-4b30-8a91-807d63ef30c7@group-16F670C72FC9->9d1c37c1-2445-441f-9967-6cc4eb25c3d5: nextIndex: updateUnconditionally 0 -> 0
2019-10-06 14:05:05,871 [grpc-default-executor-0] WARN  server.GrpcLogAppender (LogUtils.java:warn(134)) - e32e034a-a93a-4b30-8a91-807d63ef30c7@group-16F670C72FC9->9d1c37c1-2445-441f-9967-6cc4eb25c3d5-AppendLogResponseHandler: Failed appendEntries: org.apache.ratis.thirdparty.io.grpc.StatusRuntimeException: UNAVAILABLE: io exception
2019-10-06 14:05:05,884 [grpc-default-executor-0] INFO  impl.FollowerInfo (FollowerInfo.java:lambda$new$0(51)) - e32e034a-a93a-4b30-8a91-807d63ef30c7@group-16F670C72FC9->9d1c37c1-2445-441f-9967-6cc4eb25c3d5: nextIndex: updateUnconditionally 0 -> 0
2019-10-06 14:05:08,374 [grpc-default-executor-2] WARN  server.GrpcLogAppender (LogUtils.java:warn(134)) - e32e034a-a93a-4b30-8a91-807d63ef30c7@group-16F670C72FC9->9d1c37c1-2445-441f-9967-6cc4eb25c3d5-AppendLogResponseHandler: Failed appendEntries: org.apache.ratis.thirdparty.io.grpc.StatusRuntimeException: UNAVAILABLE: io exception
2019-10-06 14:05:08,376 [grpc-default-executor-2] INFO  impl.FollowerInfo (FollowerInfo.java:lambda$new$0(51)) - e32e034a-a93a-4b30-8a91-807d63ef30c7@group-16F670C72FC9->9d1c37c1-2445-441f-9967-6cc4eb25c3d5: nextIndex: updateUnconditionally 0 -> 0
2019-10-06 14:05:10,876 [grpc-default-executor-5] WARN  server.GrpcLogAppender (LogUtils.java:warn(134)) - e32e034a-a93a-4b30-8a91-807d63ef30c7@group-16F670C72FC9->9d1c37c1-2445-441f-9967-6cc4eb25c3d5-AppendLogResponseHandler: Failed appendEntries: org.apache.ratis.thirdparty.io.grpc.StatusRuntimeException: UNAVAILABLE: io exception
2019-10-06 14:05:10,879 [grpc-default-executor-5] INFO  impl.FollowerInfo (FollowerInfo.java:lambda$new$0(51)) - e32e034a-a93a-4b30-8a91-807d63ef30c7@group-16F670C72FC9->9d1c37c1-2445-441f-9967-6cc4eb25c3d5: nextIndex: updateUnconditionally 0 -> 0
2019-10-06 14:05:13,379 [grpc-default-executor-0] WARN  server.GrpcLogAppender (LogUtils.java:warn(134)) - e32e034a-a93a-4b30-8a91-807d63ef30c7@group-16F670C72FC9->9d1c37c1-2445-441f-9967-6cc4eb25c3d5-AppendLogResponseHandler: Failed appendEntries: org.apache.ratis.thirdparty.io.grpc.StatusRuntimeException: UNAVAILABLE: io exception
2019-10-06 14:05:13,381 [grpc-default-executor-0] INFO  impl.FollowerInfo (FollowerInfo.java:lambda$new$0(51)) - e32e034a-a93a-4b30-8a91-807d63ef30c7@group-16F670C72FC9->9d1c37c1-2445-441f-9967-6cc4eb25c3d5: nextIndex: updateUnconditionally 0 -> 0
2019-10-06 14:05:15,887 [grpc-default-executor-2] WARN  server.GrpcLogAppender (LogUtils.java:warn(134)) - e32e034a-a93a-4b30-8a91-807d63ef30c7@group-16F670C72FC9->9d1c37c1-2445-441f-9967-6cc4eb25c3d5-AppendLogResponseHandler: Failed appendEntries: org.apache.ratis.thirdparty.io.grpc.StatusRuntimeException: UNAVAILABLE: io exception
2019-10-06 14:05:15,890 [grpc-default-executor-2] INFO  impl.FollowerInfo (FollowerInfo.java:lambda$new$0(51)) - e32e034a-a93a-4b30-8a91-807d63ef30c7@group-16F670C72FC9->9d1c37c1-2445-441f-9967-6cc4eb25c3d5: nextIndex: updateUnconditionally 0 -> 0
2019-10-06 14:05:15,969 [main] INFO  ozone.MiniOzoneClusterImpl (MiniOzoneClusterImpl.java:shutdown(314)) - Shutting down the Mini Ozone Cluster
2019-10-06 14:05:15,971 [main] INFO  ozone.MiniOzoneClusterImpl (MiniOzoneClusterImpl.java:stop(330)) - Stopping the Mini Ozone Cluster
2019-10-06 14:05:15,971 [main] INFO  ozone.MiniOzoneClusterImpl (MiniOzoneClusterImpl.java:stopOM(400)) - Stopping the OzoneManager
2019-10-06 14:05:15,971 [main] INFO  ipc.Server (Server.java:stop(3082)) - Stopping server on 43987
2019-10-06 14:05:15,984 [IPC Server listener on 43987] INFO  ipc.Server (Server.java:run(1185)) - Stopping IPC Server listener on 43987
2019-10-06 14:05:15,988 [IPC Server Responder] INFO  ipc.Server (Server.java:run(1319)) - Stopping IPC Server Responder
2019-10-06 14:05:15,992 [main] INFO  impl.RaftServerProxy (RaftServerProxy.java:lambda$close$4(314)) - a68a15db-62eb-4ba4-a708-806e5ddf362b: close
2019-10-06 14:05:15,998 [main] INFO  impl.RaftServerImpl (RaftServerImpl.java:lambda$shutdown$3(247)) - a68a15db-62eb-4ba4-a708-806e5ddf362b@group-C5BA1605619E: shutdown
2019-10-06 14:05:16,010 [main] INFO  util.JmxRegister (JmxRegister.java:unregister(73)) - Successfully un-registered JMX Bean with object name Ratis:service=RaftServer,group=group-C5BA1605619E,id=a68a15db-62eb-4ba4-a708-806e5ddf362b
2019-10-06 14:05:16,010 [main] INFO  impl.RoleInfo (RoleInfo.java:shutdownLeaderState(104)) - a68a15db-62eb-4ba4-a708-806e5ddf362b: shutdown LeaderState
2019-10-06 14:05:16,011 [main] INFO  impl.PendingRequests (PendingRequests.java:sendNotLeaderResponses(202)) - a68a15db-62eb-4ba4-a708-806e5ddf362b@group-C5BA1605619E-PendingRequests: sendNotLeaderResponses
2019-10-06 14:05:16,016 [main] INFO  impl.StateMachineUpdater (StateMachineUpdater.java:stopAndJoin(136)) - a68a15db-62eb-4ba4-a708-806e5ddf362b@group-C5BA1605619E-StateMachineUpdater: set stopIndex = 8
2019-10-06 14:05:16,018 [a68a15db-62eb-4ba4-a708-806e5ddf362b@group-C5BA1605619E-StateMachineUpdater] INFO  ratis.OzoneManagerStateMachine (OzoneManagerStateMachine.java:takeSnapshot(254)) - Saving Ratis snapshot on the OM.
2019-10-06 14:05:16,027 [a68a15db-62eb-4ba4-a708-806e5ddf362b@group-C5BA1605619E-StateMachineUpdater] INFO  ratis.OMRatisSnapshotInfo (OMRatisSnapshotInfo.java:saveRatisSnapshotToDisk(107)) - Saved Ratis Snapshot on the OM with snapshotIndex 7
2019-10-06 14:05:16,028 [a68a15db-62eb-4ba4-a708-806e5ddf362b@group-C5BA1605619E-StateMachineUpdater] INFO  impl.StateMachineUpdater (StateMachineUpdater.java:takeSnapshot(269)) - a68a15db-62eb-4ba4-a708-806e5ddf362b@group-C5BA1605619E-StateMachineUpdater: Took a snapshot at index 7
2019-10-06 14:05:16,028 [a68a15db-62eb-4ba4-a708-806e5ddf362b@group-C5BA1605619E-StateMachineUpdater] INFO  impl.StateMachineUpdater (StateMachineUpdater.java:lambda$new$0(84)) - a68a15db-62eb-4ba4-a708-806e5ddf362b@group-C5BA1605619E-StateMachineUpdater: snapshotIndex: updateIncreasingly -1 -> 7
2019-10-06 14:05:16,028 [a68a15db-62eb-4ba4-a708-806e5ddf362b@group-C5BA1605619E-StateMachineUpdater] INFO  ratis.OzoneManagerStateMachine (OzoneManagerStateMachine.java:takeSnapshot(254)) - Saving Ratis snapshot on the OM.
2019-10-06 14:05:16,030 [a68a15db-62eb-4ba4-a708-806e5ddf362b@group-C5BA1605619E-StateMachineUpdater] INFO  ratis.OMRatisSnapshotInfo (OMRatisSnapshotInfo.java:saveRatisSnapshotToDisk(107)) - Saved Ratis Snapshot on the OM with snapshotIndex 7
2019-10-06 14:05:16,031 [a68a15db-62eb-4ba4-a708-806e5ddf362b@group-C5BA1605619E-StateMachineUpdater] INFO  impl.StateMachineUpdater (StateMachineUpdater.java:takeSnapshot(269)) - a68a15db-62eb-4ba4-a708-806e5ddf362b@group-C5BA1605619E-StateMachineUpdater: Took a snapshot at index 7
2019-10-06 14:05:16,031 [a68a15db-62eb-4ba4-a708-806e5ddf362b@group-C5BA1605619E-StateMachineUpdater] INFO  impl.StateMachineUpdater (StateMachineUpdater.java:lambda$new$0(84)) - a68a15db-62eb-4ba4-a708-806e5ddf362b@group-C5BA1605619E-StateMachineUpdater: snapshotIndex: updateIncreasingly 7 -> 7
2019-10-06 14:05:16,031 [main] INFO  impl.RaftServerImpl (ServerState.java:close(387)) - a68a15db-62eb-4ba4-a708-806e5ddf362b@group-C5BA1605619E: closes. applyIndex: 8
2019-10-06 14:05:16,032 [a68a15db-62eb-4ba4-a708-806e5ddf362b@group-C5BA1605619E-SegmentedRaftLogWorker] INFO  segmented.SegmentedRaftLogWorker (SegmentedRaftLogWorker.java:run(316)) - a68a15db-62eb-4ba4-a708-806e5ddf362b@group-C5BA1605619E-SegmentedRaftLogWorker was interrupted, exiting. There are 0 tasks remaining in the queue.
2019-10-06 14:05:16,033 [main] INFO  segmented.SegmentedRaftLogWorker (SegmentedRaftLogWorker.java:close(224)) - a68a15db-62eb-4ba4-a708-806e5ddf362b@group-C5BA1605619E-SegmentedRaftLogWorker close()
2019-10-06 14:05:16,036 [main] INFO  server.GrpcService (GrpcService.java:closeImpl(164)) - a68a15db-62eb-4ba4-a708-806e5ddf362b: shutdown server with port 9872 now
2019-10-06 14:05:16,037 [main] INFO  server.GrpcService (GrpcService.java:closeImpl(172)) - a68a15db-62eb-4ba4-a708-806e5ddf362b: shutdown server with port 9872 successfully
2019-10-06 14:05:16,037 [main] INFO  ratis.OzoneManagerDoubleBuffer (OzoneManagerDoubleBuffer.java:stop(248)) - Stopping OMDoubleBuffer flush thread
2019-10-06 14:05:16,038 [OMDoubleBufferFlushThread] INFO  ratis.OzoneManagerDoubleBuffer (OzoneManagerDoubleBuffer.java:flushTransactions(191)) - OMDoubleBuffer flush thread OMDoubleBufferFlushThread is interrupted and will exit. OMDoubleBufferFlushThread
2019-10-06 14:05:16,040 [main] INFO  utils.BackgroundService (BackgroundService.java:shutdown(148)) - Shutting down service KeyDeletingService
2019-10-06 14:05:16,042 [main] INFO  handler.ContextHandler (ContextHandler.java:doStop(910)) - Stopped o.e.j.w.WebAppContext@12c60152{/,null,UNAVAILABLE}{/ozoneManager}
2019-10-06 14:05:16,043 [main] INFO  server.AbstractConnector (AbstractConnector.java:doStop(318)) - Stopped ServerConnector@2e807c54{HTTP/1.1,[http/1.1]}{0.0.0.0:0}
2019-10-06 14:05:16,043 [main] INFO  handler.ContextHandler (ContextHandler.java:doStop(910)) - Stopped o.e.j.s.ServletContextHandler@7c1e32c9{/static,file:///workdir/hadoop-ozone/integration-test/target/test-classes/webapps/static,UNAVAILABLE}
2019-10-06 14:05:16,044 [main] INFO  handler.ContextHandler (ContextHandler.java:doStop(910)) - Stopped o.e.j.s.ServletContextHandler@10bea4{/logs,file:///workdir/hadoop-ozone/integration-test/target/log,UNAVAILABLE}
2019-10-06 14:05:16,047 [main] INFO  ozone.MiniOzoneClusterImpl (MiniOzoneClusterImpl.java:stopDatanodes(377)) - Stopping the HddsDatanodes
2019-10-06 14:05:16,352 [Datanode State Machine Thread - 0] INFO  statemachine.DatanodeStateMachine (DatanodeStateMachine.java:lambda$startDaemon$0(350)) - Ozone container server started.
2019-10-06 14:05:16,827 [Datanode State Machine Thread - 0] INFO  statemachine.DatanodeStateMachine (DatanodeStateMachine.java:lambda$startDaemon$0(350)) - Ozone container server started.
2019-10-06 14:05:18,390 [grpc-default-executor-2] WARN  server.GrpcLogAppender (LogUtils.java:warn(134)) - e32e034a-a93a-4b30-8a91-807d63ef30c7@group-16F670C72FC9->9d1c37c1-2445-441f-9967-6cc4eb25c3d5-AppendLogResponseHandler: Failed appendEntries: org.apache.ratis.thirdparty.io.grpc.StatusRuntimeException: UNAVAILABLE: io exception
2019-10-06 14:05:18,392 [grpc-default-executor-2] INFO  impl.FollowerInfo (FollowerInfo.java:lambda$new$0(51)) - e32e034a-a93a-4b30-8a91-807d63ef30c7@group-16F670C72FC9->9d1c37c1-2445-441f-9967-6cc4eb25c3d5: nextIndex: updateUnconditionally 0 -> 0
2019-10-06 14:05:20,897 [grpc-default-executor-2] WARN  server.GrpcLogAppender (LogUtils.java:warn(134)) - e32e034a-a93a-4b30-8a91-807d63ef30c7@group-16F670C72FC9->9d1c37c1-2445-441f-9967-6cc4eb25c3d5-AppendLogResponseHandler: Failed appendEntries: org.apache.ratis.thirdparty.io.grpc.StatusRuntimeException: UNAVAILABLE: io exception
2019-10-06 14:05:20,900 [grpc-default-executor-2] INFO  impl.FollowerInfo (FollowerInfo.java:lambda$new$0(51)) - e32e034a-a93a-4b30-8a91-807d63ef30c7@group-16F670C72FC9->9d1c37c1-2445-441f-9967-6cc4eb25c3d5: nextIndex: updateUnconditionally 0 -> 0
2019-10-06 14:05:21,052 [ForkJoinPool.commonPool-worker-0] INFO  ozoneimpl.OzoneContainer (OzoneContainer.java:stop(231)) - Attempting to stop container services.
2019-10-06 14:05:21,052 [main] INFO  ozoneimpl.OzoneContainer (OzoneContainer.java:stop(231)) - Attempting to stop container services.
2019-10-06 14:05:21,053 [ForkJoinPool.commonPool-worker-0] INFO  impl.RaftServerProxy (RaftServerProxy.java:lambda$close$4(314)) - 2fdc879c-258e-4c4f-9cf3-ad50c77d1104: close
2019-10-06 14:05:21,054 [main] INFO  impl.RaftServerProxy (RaftServerProxy.java:lambda$close$4(314)) - 01529118-1589-414b-9133-a79ab2a7adb2: close
2019-10-06 14:05:21,054 [ForkJoinPool.commonPool-worker-0] INFO  impl.RaftServerImpl (RaftServerImpl.java:lambda$shutdown$3(247)) - 2fdc879c-258e-4c4f-9cf3-ad50c77d1104@group-8DFC3005FE9F: shutdown
2019-10-06 14:05:21,054 [main] INFO  impl.RaftServerImpl (RaftServerImpl.java:lambda$shutdown$3(247)) - 01529118-1589-414b-9133-a79ab2a7adb2@group-AE3ECB11A7D3: shutdown
2019-10-06 14:05:21,054 [ForkJoinPool.commonPool-worker-0] INFO  util.JmxRegister (JmxRegister.java:unregister(73)) - Successfully un-registered JMX Bean with object name Ratis:service=RaftServer,group=group-8DFC3005FE9F,id=2fdc879c-258e-4c4f-9cf3-ad50c77d1104
2019-10-06 14:05:21,055 [main] INFO  util.JmxRegister (JmxRegister.java:unregister(73)) - Successfully un-registered JMX Bean with object name Ratis:service=RaftServer,group=group-AE3ECB11A7D3,id=01529118-1589-414b-9133-a79ab2a7adb2
2019-10-06 14:05:21,055 [ForkJoinPool.commonPool-worker-0] INFO  impl.RoleInfo (RoleInfo.java:shutdownLeaderState(104)) - 2fdc879c-258e-4c4f-9cf3-ad50c77d1104: shutdown LeaderState
2019-10-06 14:05:21,055 [main] INFO  impl.RoleInfo (RoleInfo.java:shutdownLeaderState(104)) - 01529118-1589-414b-9133-a79ab2a7adb2: shutdown LeaderState
2019-10-06 14:05:21,056 [ForkJoinPool.commonPool-worker-0] INFO  impl.PendingRequests (PendingRequests.java:sendNotLeaderResponses(202)) - 2fdc879c-258e-4c4f-9cf3-ad50c77d1104@group-8DFC3005FE9F-PendingRequests: sendNotLeaderResponses
2019-10-06 14:05:21,058 [main] INFO  impl.PendingRequests (PendingRequests.java:sendNotLeaderResponses(202)) - 01529118-1589-414b-9133-a79ab2a7adb2@group-AE3ECB11A7D3-PendingRequests: sendNotLeaderResponses
2019-10-06 14:05:21,058 [ForkJoinPool.commonPool-worker-0] INFO  impl.StateMachineUpdater (StateMachineUpdater.java:stopAndJoin(136)) - 2fdc879c-258e-4c4f-9cf3-ad50c77d1104@group-8DFC3005FE9F-StateMachineUpdater: set stopIndex = 0
2019-10-06 14:05:21,058 [main] INFO  impl.StateMachineUpdater (StateMachineUpdater.java:stopAndJoin(136)) - 01529118-1589-414b-9133-a79ab2a7adb2@group-AE3ECB11A7D3-StateMachineUpdater: set stopIndex = 0
2019-10-06 14:05:21,059 [ForkJoinPool.commonPool-worker-0] INFO  impl.RaftServerImpl (ServerState.java:close(387)) - 2fdc879c-258e-4c4f-9cf3-ad50c77d1104@group-8DFC3005FE9F: closes. applyIndex: 0
2019-10-06 14:05:21,059 [main] INFO  impl.RaftServerImpl (ServerState.java:close(387)) - 01529118-1589-414b-9133-a79ab2a7adb2@group-AE3ECB11A7D3: closes. applyIndex: 0
2019-10-06 14:05:21,060 [2fdc879c-258e-4c4f-9cf3-ad50c77d1104@group-8DFC3005FE9F-SegmentedRaftLogWorker] INFO  segmented.SegmentedRaftLogWorker (SegmentedRaftLogWorker.java:run(316)) - 2fdc879c-258e-4c4f-9cf3-ad50c77d1104@group-8DFC3005FE9F-SegmentedRaftLogWorker was interrupted, exiting. There are 0 tasks remaining in the queue.
2019-10-06 14:05:21,061 [01529118-1589-414b-9133-a79ab2a7adb2@group-AE3ECB11A7D3-SegmentedRaftLogWorker] INFO  segmented.SegmentedRaftLogWorker (SegmentedRaftLogWorker.java:run(316)) - 01529118-1589-414b-9133-a79ab2a7adb2@group-AE3ECB11A7D3-SegmentedRaftLogWorker was interrupted, exiting. There are 0 tasks remaining in the queue.
2019-10-06 14:05:21,062 [ForkJoinPool.commonPool-worker-0] INFO  segmented.SegmentedRaftLogWorker (SegmentedRaftLogWorker.java:close(224)) - 2fdc879c-258e-4c4f-9cf3-ad50c77d1104@group-8DFC3005FE9F-SegmentedRaftLogWorker close()
2019-10-06 14:05:21,063 [main] INFO  segmented.SegmentedRaftLogWorker (SegmentedRaftLogWorker.java:close(224)) - 01529118-1589-414b-9133-a79ab2a7adb2@group-AE3ECB11A7D3-SegmentedRaftLogWorker close()
2019-10-06 14:05:21,065 [ForkJoinPool.commonPool-worker-0] INFO  server.GrpcService (GrpcService.java:closeImpl(164)) - 2fdc879c-258e-4c4f-9cf3-ad50c77d1104: shutdown server with port 35447 now
2019-10-06 14:05:21,068 [main] INFO  impl.RaftServerImpl (RaftServerImpl.java:lambda$shutdown$3(247)) - 01529118-1589-414b-9133-a79ab2a7adb2@group-16F670C72FC9: shutdown
2019-10-06 14:05:21,070 [ForkJoinPool.commonPool-worker-0] INFO  server.GrpcService (GrpcService.java:closeImpl(172)) - 2fdc879c-258e-4c4f-9cf3-ad50c77d1104: shutdown server with port 35447 successfully
2019-10-06 14:05:21,070 [main] INFO  util.JmxRegister (JmxRegister.java:unregister(73)) - Successfully un-registered JMX Bean with object name Ratis:service=RaftServer,group=group-16F670C72FC9,id=01529118-1589-414b-9133-a79ab2a7adb2
2019-10-06 14:05:21,071 [main] INFO  impl.RoleInfo (RoleInfo.java:shutdownFollowerState(121)) - 01529118-1589-414b-9133-a79ab2a7adb2: shutdown FollowerState
2019-10-06 14:05:21,072 [main] INFO  impl.StateMachineUpdater (StateMachineUpdater.java:stopAndJoin(136)) - 01529118-1589-414b-9133-a79ab2a7adb2@group-16F670C72FC9-StateMachineUpdater: set stopIndex = 6
2019-10-06 14:05:21,072 [refreshUsed-/workdir/hadoop-ozone/integration-test/target/test-dir/MiniOzoneClusterImpl-95cdcd50-9c11-4749-8e4a-58f78bdaccd6/datanode-0/data/containers] WARN  fs.CachingGetSpaceUsed (CachingGetSpaceUsed.java:run(183)) - Thread Interrupted waiting to refresh disk information: sleep interrupted
2019-10-06 14:05:21,072 [Thread-312] INFO  impl.FollowerState (FollowerState.java:run(117)) - 01529118-1589-414b-9133-a79ab2a7adb2@group-16F670C72FC9-FollowerState was interrupted: java.lang.InterruptedException: sleep interrupted
2019-10-06 14:05:21,074 [01529118-1589-414b-9133-a79ab2a7adb2@group-16F670C72FC9-StateMachineUpdater] INFO  ratis.ContainerStateMachine (ContainerStateMachine.java:takeSnapshot(293)) - group-16F670C72FC9: Taking a snapshot at:(t:4, i:5) file /workdir/hadoop-ozone/integration-test/target/test-dir/MiniOzoneClusterImpl-95cdcd50-9c11-4749-8e4a-58f78bdaccd6/datanode-2/data/ratis/c432860a-ad0d-44c4-b482-16f670c72fc9/sm/snapshot.4_5
2019-10-06 14:05:21,101 [01529118-1589-414b-9133-a79ab2a7adb2@group-16F670C72FC9-StateMachineUpdater] INFO  ratis.ContainerStateMachine (ContainerStateMachine.java:takeSnapshot(304)) - group-16F670C72FC9: Finished taking a snapshot at:(t:4, i:5) file:/workdir/hadoop-ozone/integration-test/target/test-dir/MiniOzoneClusterImpl-95cdcd50-9c11-4749-8e4a-58f78bdaccd6/datanode-2/data/ratis/c432860a-ad0d-44c4-b482-16f670c72fc9/sm/snapshot.4_5 time:29
2019-10-06 14:05:21,101 [ForkJoinPool.commonPool-worker-0] INFO  utils.BackgroundService (BackgroundService.java:shutdown(148)) - Shutting down service BlockDeletingService
2019-10-06 14:05:21,101 [01529118-1589-414b-9133-a79ab2a7adb2@group-16F670C72FC9-StateMachineUpdater] INFO  impl.StateMachineUpdater (StateMachineUpdater.java:takeSnapshot(269)) - 01529118-1589-414b-9133-a79ab2a7adb2@group-16F670C72FC9-StateMachineUpdater: Took a snapshot at index 5
2019-10-06 14:05:21,101 [01529118-1589-414b-9133-a79ab2a7adb2@group-16F670C72FC9-StateMachineUpdater] INFO  impl.StateMachineUpdater (StateMachineUpdater.java:lambda$new$0(84)) - 01529118-1589-414b-9133-a79ab2a7adb2@group-16F670C72FC9-StateMachineUpdater: snapshotIndex: updateIncreasingly -1 -> 5
2019-10-06 14:05:21,102 [01529118-1589-414b-9133-a79ab2a7adb2@group-16F670C72FC9-StateMachineUpdater] INFO  ratis.ContainerStateMachine (ContainerStateMachine.java:takeSnapshot(293)) - group-16F670C72FC9: Taking a snapshot at:(t:4, i:5) file /workdir/hadoop-ozone/integration-test/target/test-dir/MiniOzoneClusterImpl-95cdcd50-9c11-4749-8e4a-58f78bdaccd6/datanode-2/data/ratis/c432860a-ad0d-44c4-b482-16f670c72fc9/sm/snapshot.4_5
2019-10-06 14:05:21,105 [ForkJoinPool.commonPool-worker-0] INFO  statemachine.DatanodeStateMachine (DatanodeStateMachine.java:stopDaemon(395)) - Ozone container server stopped.
2019-10-06 14:05:21,110 [ForkJoinPool.commonPool-worker-0] INFO  handler.ContextHandler (ContextHandler.java:doStop(910)) - Stopped o.e.j.w.WebAppContext@7b676112{/,null,UNAVAILABLE}{/hddsDatanode}
2019-10-06 14:05:21,111 [ForkJoinPool.commonPool-worker-0] INFO  server.AbstractConnector (AbstractConnector.java:doStop(318)) - Stopped ServerConnector@5578be42{HTTP/1.1,[http/1.1]}{0.0.0.0:0}
2019-10-06 14:05:21,112 [ForkJoinPool.commonPool-worker-0] INFO  handler.ContextHandler (ContextHandler.java:doStop(910)) - Stopped o.e.j.s.ServletContextHandler@5793b87{/static,jar:file:/home/user/.m2/repository/org/apache/hadoop/hadoop-hdds-container-service/0.5.0-SNAPSHOT/hadoop-hdds-container-service-0.5.0-SNAPSHOT.jar!/webapps/static,UNAVAILABLE}
2019-10-06 14:05:21,114 [ForkJoinPool.commonPool-worker-0] INFO  handler.ContextHandler (ContextHandler.java:doStop(910)) - Stopped o.e.j.s.ServletContextHandler@352ed70d{/logs,file:///workdir/hadoop-ozone/integration-test/target/log,UNAVAILABLE}
2019-10-06 14:05:21,116 [01529118-1589-414b-9133-a79ab2a7adb2@group-16F670C72FC9-StateMachineUpdater] INFO  ratis.ContainerStateMachine (ContainerStateMachine.java:takeSnapshot(304)) - group-16F670C72FC9: Finished taking a snapshot at:(t:4, i:5) file:/workdir/hadoop-ozone/integration-test/target/test-dir/MiniOzoneClusterImpl-95cdcd50-9c11-4749-8e4a-58f78bdaccd6/datanode-2/data/ratis/c432860a-ad0d-44c4-b482-16f670c72fc9/sm/snapshot.4_5 time:14
2019-10-06 14:05:21,116 [01529118-1589-414b-9133-a79ab2a7adb2@group-16F670C72FC9-StateMachineUpdater] INFO  impl.StateMachineUpdater (StateMachineUpdater.java:takeSnapshot(269)) - 01529118-1589-414b-9133-a79ab2a7adb2@group-16F670C72FC9-StateMachineUpdater: Took a snapshot at index 5
2019-10-06 14:05:21,116 [01529118-1589-414b-9133-a79ab2a7adb2@group-16F670C72FC9-StateMachineUpdater] INFO  impl.StateMachineUpdater (StateMachineUpdater.java:lambda$new$0(84)) - 01529118-1589-414b-9133-a79ab2a7adb2@group-16F670C72FC9-StateMachineUpdater: snapshotIndex: updateIncreasingly 5 -> 5
2019-10-06 14:05:21,117 [main] INFO  impl.RaftServerImpl (ServerState.java:close(387)) - 01529118-1589-414b-9133-a79ab2a7adb2@group-16F670C72FC9: closes. applyIndex: 6
2019-10-06 14:05:21,117 [01529118-1589-414b-9133-a79ab2a7adb2@group-16F670C72FC9-SegmentedRaftLogWorker] INFO  segmented.SegmentedRaftLogWorker (SegmentedRaftLogWorker.java:run(316)) - 01529118-1589-414b-9133-a79ab2a7adb2@group-16F670C72FC9-SegmentedRaftLogWorker was interrupted, exiting. There are 0 tasks remaining in the queue.
2019-10-06 14:05:21,119 [main] INFO  segmented.SegmentedRaftLogWorker (SegmentedRaftLogWorker.java:close(224)) - 01529118-1589-414b-9133-a79ab2a7adb2@group-16F670C72FC9-SegmentedRaftLogWorker close()
2019-10-06 14:05:21,121 [main] INFO  server.GrpcService (GrpcService.java:closeImpl(164)) - 01529118-1589-414b-9133-a79ab2a7adb2: shutdown server with port 44397 now
2019-10-06 14:05:21,122 [grpc-default-executor-0] WARN  server.GrpcServerProtocolService (LogUtils.java:warn(134)) - 01529118-1589-414b-9133-a79ab2a7adb2: installSnapshot onError, lastRequest: e32e034a-a93a-4b30-8a91-807d63ef30c7->01529118-1589-414b-9133-a79ab2a7adb2#24-t4, previous=(t:4, i:6), leaderCommit=6, initializing? false, entries: <empty>: org.apache.ratis.thirdparty.io.grpc.StatusRuntimeException: CANCELLED: cancelled before receiving half close
2019-10-06 14:05:21,124 [main] INFO  server.GrpcService (GrpcService.java:closeImpl(172)) - 01529118-1589-414b-9133-a79ab2a7adb2: shutdown server with port 44397 successfully
2019-10-06 14:05:21,126 [grpc-default-executor-5] WARN  server.GrpcLogAppender (LogUtils.java:warn(134)) - e32e034a-a93a-4b30-8a91-807d63ef30c7@group-16F670C72FC9->01529118-1589-414b-9133-a79ab2a7adb2-AppendLogResponseHandler: Failed appendEntries: org.apache.ratis.thirdparty.io.grpc.StatusRuntimeException: CANCELLED: HTTP/2 error code: CANCEL
Received Rst Stream
2019-10-06 14:05:21,127 [grpc-default-executor-5] INFO  impl.FollowerInfo (FollowerInfo.java:lambda$new$0(51)) - e32e034a-a93a-4b30-8a91-807d63ef30c7@group-16F670C72FC9->01529118-1589-414b-9133-a79ab2a7adb2: nextIndex: updateUnconditionally 7 -> 6
2019-10-06 14:05:21,132 [refreshUsed-/workdir/hadoop-ozone/integration-test/target/test-dir/MiniOzoneClusterImpl-95cdcd50-9c11-4749-8e4a-58f78bdaccd6/datanode-2/data/containers] WARN  fs.CachingGetSpaceUsed (CachingGetSpaceUsed.java:run(183)) - Thread Interrupted waiting to refresh disk information: sleep interrupted
2019-10-06 14:05:21,150 [main] INFO  utils.BackgroundService (BackgroundService.java:shutdown(148)) - Shutting down service BlockDeletingService
2019-10-06 14:05:21,153 [main] INFO  statemachine.DatanodeStateMachine (DatanodeStateMachine.java:stopDaemon(395)) - Ozone container server stopped.
2019-10-06 14:05:21,154 [main] INFO  handler.ContextHandler (ContextHandler.java:doStop(910)) - Stopped o.e.j.w.WebAppContext@54db056b{/,null,UNAVAILABLE}{/hddsDatanode}
2019-10-06 14:05:21,155 [main] INFO  server.AbstractConnector (AbstractConnector.java:doStop(318)) - Stopped ServerConnector@d5af0a5{HTTP/1.1,[http/1.1]}{0.0.0.0:0}
2019-10-06 14:05:21,155 [main] INFO  handler.ContextHandler (ContextHandler.java:doStop(910)) - Stopped o.e.j.s.ServletContextHandler@6ab4a5b{/static,jar:file:/home/user/.m2/repository/org/apache/hadoop/hadoop-hdds-container-service/0.5.0-SNAPSHOT/hadoop-hdds-container-service-0.5.0-SNAPSHOT.jar!/webapps/static,UNAVAILABLE}
2019-10-06 14:05:21,156 [main] INFO  handler.ContextHandler (ContextHandler.java:doStop(910)) - Stopped o.e.j.s.ServletContextHandler@32177fa5{/logs,file:///workdir/hadoop-ozone/integration-test/target/log,UNAVAILABLE}
2019-10-06 14:05:21,319 [Datanode State Machine Thread - 0] INFO  statemachine.DatanodeStateMachine (DatanodeStateMachine.java:lambda$startDaemon$0(350)) - Ozone container server started.
2019-10-06 14:05:23,397 [grpc-default-executor-2] WARN  server.GrpcLogAppender (LogUtils.java:warn(134)) - e32e034a-a93a-4b30-8a91-807d63ef30c7@group-16F670C72FC9->9d1c37c1-2445-441f-9967-6cc4eb25c3d5-AppendLogResponseHandler: Failed appendEntries: org.apache.ratis.thirdparty.io.grpc.StatusRuntimeException: UNAVAILABLE: io exception
2019-10-06 14:05:23,399 [grpc-default-executor-2] INFO  impl.FollowerInfo (FollowerInfo.java:lambda$new$0(51)) - e32e034a-a93a-4b30-8a91-807d63ef30c7@group-16F670C72FC9->9d1c37c1-2445-441f-9967-6cc4eb25c3d5: nextIndex: updateUnconditionally 0 -> 0
2019-10-06 14:05:23,423 [grpc-default-executor-0] WARN  server.GrpcLogAppender (LogUtils.java:warn(134)) - e32e034a-a93a-4b30-8a91-807d63ef30c7@group-16F670C72FC9->01529118-1589-414b-9133-a79ab2a7adb2-AppendLogResponseHandler: Failed appendEntries: org.apache.ratis.thirdparty.io.grpc.StatusRuntimeException: UNAVAILABLE: io exception
2019-10-06 14:05:23,425 [grpc-default-executor-0] INFO  impl.FollowerInfo (FollowerInfo.java:lambda$new$0(51)) - e32e034a-a93a-4b30-8a91-807d63ef30c7@group-16F670C72FC9->01529118-1589-414b-9133-a79ab2a7adb2: nextIndex: updateUnconditionally 6 -> 5
2019-10-06 14:05:25,905 [grpc-default-executor-5] WARN  server.GrpcLogAppender (LogUtils.java:warn(134)) - e32e034a-a93a-4b30-8a91-807d63ef30c7@group-16F670C72FC9->9d1c37c1-2445-441f-9967-6cc4eb25c3d5-AppendLogResponseHandler: Failed appendEntries: org.apache.ratis.thirdparty.io.grpc.StatusRuntimeException: UNAVAILABLE: io exception
2019-10-06 14:05:25,907 [grpc-default-executor-5] INFO  impl.FollowerInfo (FollowerInfo.java:lambda$new$0(51)) - e32e034a-a93a-4b30-8a91-807d63ef30c7@group-16F670C72FC9->9d1c37c1-2445-441f-9967-6cc4eb25c3d5: nextIndex: updateUnconditionally 0 -> 0
2019-10-06 14:05:25,930 [grpc-default-executor-0] WARN  server.GrpcLogAppender (LogUtils.java:warn(134)) - e32e034a-a93a-4b30-8a91-807d63ef30c7@group-16F670C72FC9->01529118-1589-414b-9133-a79ab2a7adb2-AppendLogResponseHandler: Failed appendEntries: org.apache.ratis.thirdparty.io.grpc.StatusRuntimeException: UNAVAILABLE: io exception
2019-10-06 14:05:25,931 [grpc-default-executor-0] INFO  impl.FollowerInfo (FollowerInfo.java:lambda$new$0(51)) - e32e034a-a93a-4b30-8a91-807d63ef30c7@group-16F670C72FC9->01529118-1589-414b-9133-a79ab2a7adb2: nextIndex: updateUnconditionally 5 -> 4
2019-10-06 14:05:26,117 [ForkJoinPool.commonPool-worker-0] INFO  ozoneimpl.OzoneContainer (OzoneContainer.java:stop(231)) - Attempting to stop container services.
2019-10-06 14:05:26,119 [ForkJoinPool.commonPool-worker-0] INFO  impl.RaftServerProxy (RaftServerProxy.java:lambda$close$4(314)) - e32e034a-a93a-4b30-8a91-807d63ef30c7: close
2019-10-06 14:05:26,119 [ForkJoinPool.commonPool-worker-0] INFO  impl.RaftServerImpl (RaftServerImpl.java:lambda$shutdown$3(247)) - e32e034a-a93a-4b30-8a91-807d63ef30c7@group-11C8ED15AE71: shutdown
2019-10-06 14:05:26,120 [ForkJoinPool.commonPool-worker-0] INFO  util.JmxRegister (JmxRegister.java:unregister(73)) - Successfully un-registered JMX Bean with object name Ratis:service=RaftServer,group=group-11C8ED15AE71,id=e32e034a-a93a-4b30-8a91-807d63ef30c7
2019-10-06 14:05:26,120 [ForkJoinPool.commonPool-worker-0] INFO  impl.RoleInfo (RoleInfo.java:shutdownLeaderState(104)) - e32e034a-a93a-4b30-8a91-807d63ef30c7: shutdown LeaderState
2019-10-06 14:05:26,121 [ForkJoinPool.commonPool-worker-0] INFO  impl.PendingRequests (PendingRequests.java:sendNotLeaderResponses(202)) - e32e034a-a93a-4b30-8a91-807d63ef30c7@group-11C8ED15AE71-PendingRequests: sendNotLeaderResponses
2019-10-06 14:05:26,122 [ForkJoinPool.commonPool-worker-0] INFO  impl.StateMachineUpdater (StateMachineUpdater.java:stopAndJoin(136)) - e32e034a-a93a-4b30-8a91-807d63ef30c7@group-11C8ED15AE71-StateMachineUpdater: set stopIndex = 0
2019-10-06 14:05:26,123 [ForkJoinPool.commonPool-worker-0] INFO  impl.RaftServerImpl (ServerState.java:close(387)) - e32e034a-a93a-4b30-8a91-807d63ef30c7@group-11C8ED15AE71: closes. applyIndex: 0
2019-10-06 14:05:26,124 [e32e034a-a93a-4b30-8a91-807d63ef30c7@group-11C8ED15AE71-SegmentedRaftLogWorker] INFO  segmented.SegmentedRaftLogWorker (SegmentedRaftLogWorker.java:run(316)) - e32e034a-a93a-4b30-8a91-807d63ef30c7@group-11C8ED15AE71-SegmentedRaftLogWorker was interrupted, exiting. There are 0 tasks remaining in the queue.
2019-10-06 14:05:26,126 [ForkJoinPool.commonPool-worker-0] INFO  segmented.SegmentedRaftLogWorker (SegmentedRaftLogWorker.java:close(224)) - e32e034a-a93a-4b30-8a91-807d63ef30c7@group-11C8ED15AE71-SegmentedRaftLogWorker close()
2019-10-06 14:05:26,129 [ForkJoinPool.commonPool-worker-0] INFO  impl.RaftServerImpl (RaftServerImpl.java:lambda$shutdown$3(247)) - e32e034a-a93a-4b30-8a91-807d63ef30c7@group-16F670C72FC9: shutdown
2019-10-06 14:05:26,129 [ForkJoinPool.commonPool-worker-0] INFO  util.JmxRegister (JmxRegister.java:unregister(73)) - Successfully un-registered JMX Bean with object name Ratis:service=RaftServer,group=group-16F670C72FC9,id=e32e034a-a93a-4b30-8a91-807d63ef30c7
2019-10-06 14:05:26,129 [ForkJoinPool.commonPool-worker-0] INFO  impl.RoleInfo (RoleInfo.java:shutdownLeaderState(104)) - e32e034a-a93a-4b30-8a91-807d63ef30c7: shutdown LeaderState
2019-10-06 14:05:26,131 [ForkJoinPool.commonPool-worker-0] INFO  impl.PendingRequests (PendingRequests.java:sendNotLeaderResponses(202)) - e32e034a-a93a-4b30-8a91-807d63ef30c7@group-16F670C72FC9-PendingRequests: sendNotLeaderResponses
2019-10-06 14:05:26,131 [org.apache.ratis.server.impl.LogAppender$AppenderDaemon$$Lambda$524/5016786@60a587e5] WARN  server.GrpcLogAppender (GrpcLogAppender.java:mayWait(143)) - e32e034a-a93a-4b30-8a91-807d63ef30c7@group-16F670C72FC9->9d1c37c1-2445-441f-9967-6cc4eb25c3d5-GrpcLogAppender: Wait interrupted by java.lang.InterruptedException
2019-10-06 14:05:26,131 [org.apache.ratis.server.impl.LogAppender$AppenderDaemon$$Lambda$524/5016786@7858892d] WARN  server.GrpcLogAppender (GrpcLogAppender.java:mayWait(143)) - e32e034a-a93a-4b30-8a91-807d63ef30c7@group-16F670C72FC9->01529118-1589-414b-9133-a79ab2a7adb2-GrpcLogAppender: Wait interrupted by java.lang.InterruptedException
2019-10-06 14:05:26,139 [ForkJoinPool.commonPool-worker-0] INFO  impl.StateMachineUpdater (StateMachineUpdater.java:stopAndJoin(136)) - e32e034a-a93a-4b30-8a91-807d63ef30c7@group-16F670C72FC9-StateMachineUpdater: set stopIndex = 6
2019-10-06 14:05:26,140 [e32e034a-a93a-4b30-8a91-807d63ef30c7@group-16F670C72FC9-StateMachineUpdater] INFO  ratis.ContainerStateMachine (ContainerStateMachine.java:takeSnapshot(293)) - group-16F670C72FC9: Taking a snapshot at:(t:4, i:6) file /workdir/hadoop-ozone/integration-test/target/test-dir/MiniOzoneClusterImpl-95cdcd50-9c11-4749-8e4a-58f78bdaccd6/datanode-3/data/ratis/c432860a-ad0d-44c4-b482-16f670c72fc9/sm/snapshot.4_6
2019-10-06 14:05:26,143 [e32e034a-a93a-4b30-8a91-807d63ef30c7@group-16F670C72FC9-StateMachineUpdater] INFO  ratis.ContainerStateMachine (ContainerStateMachine.java:takeSnapshot(304)) - group-16F670C72FC9: Finished taking a snapshot at:(t:4, i:6) file:/workdir/hadoop-ozone/integration-test/target/test-dir/MiniOzoneClusterImpl-95cdcd50-9c11-4749-8e4a-58f78bdaccd6/datanode-3/data/ratis/c432860a-ad0d-44c4-b482-16f670c72fc9/sm/snapshot.4_6 time:4
2019-10-06 14:05:26,144 [e32e034a-a93a-4b30-8a91-807d63ef30c7@group-16F670C72FC9-StateMachineUpdater] INFO  impl.StateMachineUpdater (StateMachineUpdater.java:takeSnapshot(269)) - e32e034a-a93a-4b30-8a91-807d63ef30c7@group-16F670C72FC9-StateMachineUpdater: Took a snapshot at index 6
2019-10-06 14:05:26,144 [e32e034a-a93a-4b30-8a91-807d63ef30c7@group-16F670C72FC9-StateMachineUpdater] INFO  impl.StateMachineUpdater (StateMachineUpdater.java:lambda$new$0(84)) - e32e034a-a93a-4b30-8a91-807d63ef30c7@group-16F670C72FC9-StateMachineUpdater: snapshotIndex: updateIncreasingly -1 -> 6
2019-10-06 14:05:26,144 [ForkJoinPool.commonPool-worker-0] INFO  impl.RaftServerImpl (ServerState.java:close(387)) - e32e034a-a93a-4b30-8a91-807d63ef30c7@group-16F670C72FC9: closes. applyIndex: 6
2019-10-06 14:05:26,145 [e32e034a-a93a-4b30-8a91-807d63ef30c7@group-16F670C72FC9-SegmentedRaftLogWorker] INFO  segmented.SegmentedRaftLogWorker (SegmentedRaftLogWorker.java:run(316)) - e32e034a-a93a-4b30-8a91-807d63ef30c7@group-16F670C72FC9-SegmentedRaftLogWorker was interrupted, exiting. There are 0 tasks remaining in the queue.
2019-10-06 14:05:26,146 [ForkJoinPool.commonPool-worker-0] INFO  segmented.SegmentedRaftLogWorker (SegmentedRaftLogWorker.java:close(224)) - e32e034a-a93a-4b30-8a91-807d63ef30c7@group-16F670C72FC9-SegmentedRaftLogWorker close()
2019-10-06 14:05:26,147 [ForkJoinPool.commonPool-worker-0] INFO  server.GrpcService (GrpcService.java:closeImpl(164)) - e32e034a-a93a-4b30-8a91-807d63ef30c7: shutdown server with port 34641 now
2019-10-06 14:05:26,149 [ForkJoinPool.commonPool-worker-0] INFO  server.GrpcService (GrpcService.java:closeImpl(172)) - e32e034a-a93a-4b30-8a91-807d63ef30c7: shutdown server with port 34641 successfully
2019-10-06 14:05:26,161 [refreshUsed-/workdir/hadoop-ozone/integration-test/target/test-dir/MiniOzoneClusterImpl-95cdcd50-9c11-4749-8e4a-58f78bdaccd6/datanode-3/data/containers] WARN  fs.CachingGetSpaceUsed (CachingGetSpaceUsed.java:run(183)) - Thread Interrupted waiting to refresh disk information: sleep interrupted
2019-10-06 14:05:26,182 [ForkJoinPool.commonPool-worker-0] INFO  utils.BackgroundService (BackgroundService.java:shutdown(148)) - Shutting down service BlockDeletingService
2019-10-06 14:05:26,185 [ForkJoinPool.commonPool-worker-0] INFO  statemachine.DatanodeStateMachine (DatanodeStateMachine.java:stopDaemon(395)) - Ozone container server stopped.
2019-10-06 14:05:26,188 [ForkJoinPool.commonPool-worker-0] INFO  handler.ContextHandler (ContextHandler.java:doStop(910)) - Stopped o.e.j.w.WebAppContext@6e6d4780{/,null,UNAVAILABLE}{/hddsDatanode}
2019-10-06 14:05:26,189 [ForkJoinPool.commonPool-worker-0] INFO  server.AbstractConnector (AbstractConnector.java:doStop(318)) - Stopped ServerConnector@650ae78c{HTTP/1.1,[http/1.1]}{0.0.0.0:0}
2019-10-06 14:05:26,190 [ForkJoinPool.commonPool-worker-0] INFO  handler.ContextHandler (ContextHandler.java:doStop(910)) - Stopped o.e.j.s.ServletContextHandler@43a65cd8{/static,jar:file:/home/user/.m2/repository/org/apache/hadoop/hadoop-hdds-container-service/0.5.0-SNAPSHOT/hadoop-hdds-container-service-0.5.0-SNAPSHOT.jar!/webapps/static,UNAVAILABLE}
2019-10-06 14:05:26,191 [ForkJoinPool.commonPool-worker-0] INFO  handler.ContextHandler (ContextHandler.java:doStop(910)) - Stopped o.e.j.s.ServletContextHandler@514de325{/logs,file:///workdir/hadoop-ozone/integration-test/target/log,UNAVAILABLE}
2019-10-06 14:05:26,192 [main] INFO  ozone.MiniOzoneClusterImpl (MiniOzoneClusterImpl.java:stopSCM(392)) - Stopping the StorageContainerManager
2019-10-06 14:05:26,192 [main] INFO  server.StorageContainerManager (StorageContainerManager.java:stop(808)) - Stopping Replication Manager Service.
2019-10-06 14:05:26,192 [main] INFO  container.ReplicationManager (ReplicationManager.java:stop(203)) - Stopping Replication Monitor Thread.
2019-10-06 14:05:26,193 [main] INFO  server.StorageContainerManager (StorageContainerManager.java:stop(815)) - Stopping Lease Manager of the command watchers
2019-10-06 14:05:26,194 [main] INFO  server.StorageContainerManager (StorageContainerManager.java:stop(822)) - Stopping datanode service RPC server
2019-10-06 14:05:26,194 [main] INFO  server.SCMDatanodeProtocolServer (SCMDatanodeProtocolServer.java:stop(346)) - Stopping the RPC server for DataNodes
2019-10-06 14:05:26,194 [main] INFO  ipc.Server (Server.java:stop(3082)) - Stopping server on 34015
2019-10-06 14:05:26,195 [IPC Server listener on 34015] INFO  ipc.Server (Server.java:run(1185)) - Stopping IPC Server listener on 34015
2019-10-06 14:05:26,195 [IPC Server Responder] INFO  ipc.Server (Server.java:run(1319)) - Stopping IPC Server Responder
2019-10-06 14:05:26,247 [SCM Heartbeat Processing Thread - 0] WARN  node.NodeStateManager (NodeStateManager.java:scheduleNextHealthCheck(646)) - Current Thread is interrupted, shutting down HB processing thread for Node Manager.
2019-10-06 14:05:26,248 [main] INFO  server.StorageContainerManager (StorageContainerManager.java:stop(830)) - Stopping block service RPC server
2019-10-06 14:05:26,248 [main] INFO  server.SCMBlockProtocolServer (SCMBlockProtocolServer.java:stop(155)) - Stopping the RPC server for Block Protocol
2019-10-06 14:05:26,249 [main] INFO  ipc.Server (Server.java:stop(3082)) - Stopping server on 34954
2019-10-06 14:05:26,249 [IPC Server listener on 34954] INFO  ipc.Server (Server.java:run(1185)) - Stopping IPC Server listener on 34954
2019-10-06 14:05:26,250 [main] INFO  server.StorageContainerManager (StorageContainerManager.java:stop(837)) - Stopping the StorageContainerLocationProtocol RPC server
2019-10-06 14:05:26,251 [IPC Server Responder] INFO  ipc.Server (Server.java:run(1319)) - Stopping IPC Server Responder
2019-10-06 14:05:26,251 [main] INFO  server.SCMClientProtocolServer (SCMClientProtocolServer.java:stop(168)) - Stopping the RPC server for Client Protocol
2019-10-06 14:05:26,251 [main] INFO  ipc.Server (Server.java:stop(3082)) - Stopping server on 36541
2019-10-06 14:05:26,252 [IPC Server listener on 36541] INFO  ipc.Server (Server.java:run(1185)) - Stopping IPC Server listener on 36541
2019-10-06 14:05:26,252 [main] INFO  server.StorageContainerManager (StorageContainerManager.java:stop(844)) - Stopping Storage Container Manager HTTP server.
2019-10-06 14:05:26,253 [IPC Server Responder] INFO  ipc.Server (Server.java:run(1319)) - Stopping IPC Server Responder
2019-10-06 14:05:26,255 [main] INFO  handler.ContextHandler (ContextHandler.java:doStop(910)) - Stopped o.e.j.w.WebAppContext@3b366632{/,null,UNAVAILABLE}{/scm}
2019-10-06 14:05:26,256 [main] INFO  server.AbstractConnector (AbstractConnector.java:doStop(318)) - Stopped ServerConnector@6815c5f2{HTTP/1.1,[http/1.1]}{0.0.0.0:0}
2019-10-06 14:05:26,257 [main] INFO  handler.ContextHandler (ContextHandler.java:doStop(910)) - Stopped o.e.j.s.ServletContextHandler@37052337{/static,file:///workdir/hadoop-ozone/integration-test/target/test-classes/webapps/static,UNAVAILABLE}
2019-10-06 14:05:26,257 [main] INFO  handler.ContextHandler (ContextHandler.java:doStop(910)) - Stopped o.e.j.s.ServletContextHandler@340da44c{/logs,file:///workdir/hadoop-ozone/integration-test/target/log,UNAVAILABLE}
2019-10-06 14:05:26,259 [main] INFO  server.StorageContainerManager (StorageContainerManager.java:stop(855)) - Stopping Block Manager Service.
2019-10-06 14:05:26,259 [main] INFO  utils.BackgroundService (BackgroundService.java:shutdown(148)) - Shutting down service SCMBlockDeletingService
2019-10-06 14:05:26,260 [main] INFO  utils.BackgroundService (BackgroundService.java:shutdown(148)) - Shutting down service SCMBlockDeletingService
2019-10-06 14:05:26,260 [main] INFO  server.StorageContainerManager (StorageContainerManager.java:stop(877)) - Stopping SCM Event Queue.
2019-10-06 14:05:26,270 [main] INFO  impl.MetricsSystemImpl (MetricsSystemImpl.java:stop(210)) - Stopping XceiverClientMetrics metrics system...
2019-10-06 14:05:26,281 [prometheus] INFO  impl.MetricsSinkAdapter (MetricsSinkAdapter.java:publishMetricsFromQueue(141)) - prometheus thread interrupted.
2019-10-06 14:05:26,281 [main] INFO  impl.MetricsSystemImpl (MetricsSystemImpl.java:stop(216)) - XceiverClientMetrics metrics system stopped.
]]></system-out>
    <system-err><![CDATA[ERROR StatusLogger No Log4j 2 configuration file found. Using default configuration (logging only errors to the console), or user programmatically provided configurations. Set system property 'log4j2.debug' to show Log4j 2 internal initialization logging. See https://logging.apache.org/log4j/2.x/manual/configuration.html for instructions on how to configure Log4j 2
Oct 06, 2019 2:04:41 PM org.apache.ratis.thirdparty.io.grpc.internal.SerializingExecutor run
SEVERE: Exception while executing runnable org.apache.ratis.thirdparty.io.grpc.internal.ServerImpl$JumpToApplicationThreadServerStreamListener$1Closed@64d96ef5
org.apache.ratis.thirdparty.io.grpc.StatusRuntimeException: CANCELLED: call already cancelled
	at org.apache.ratis.thirdparty.io.grpc.Status.asRuntimeException(Status.java:517)
	at org.apache.ratis.thirdparty.io.grpc.stub.ServerCalls$ServerCallStreamObserverImpl.onCompleted(ServerCalls.java:356)
	at org.apache.ratis.grpc.server.GrpcServerProtocolService$ServerRequestStreamObserver.onError(GrpcServerProtocolService.java:121)
	at org.apache.ratis.thirdparty.io.grpc.stub.ServerCalls$StreamingServerCallHandler$StreamingServerCallListener.onCancel(ServerCalls.java:269)
	at org.apache.ratis.thirdparty.io.grpc.internal.ServerCallImpl$ServerStreamListenerImpl.closed(ServerCallImpl.java:293)
	at org.apache.ratis.thirdparty.io.grpc.internal.ServerImpl$JumpToApplicationThreadServerStreamListener$1Closed.runInContext(ServerImpl.java:741)
	at org.apache.ratis.thirdparty.io.grpc.internal.ContextRunnable.run(ContextRunnable.java:37)
	at org.apache.ratis.thirdparty.io.grpc.internal.SerializingExecutor.run(SerializingExecutor.java:123)
	at java.util.concurrent.ThreadPoolExecutor.runWorker(ThreadPoolExecutor.java:1149)
	at java.util.concurrent.ThreadPoolExecutor$Worker.run(ThreadPoolExecutor.java:624)
	at java.lang.Thread.run(Thread.java:748)

Oct 06, 2019 2:05:21 PM org.apache.ratis.thirdparty.io.grpc.internal.SerializingExecutor run
SEVERE: Exception while executing runnable org.apache.ratis.thirdparty.io.grpc.internal.ServerImpl$JumpToApplicationThreadServerStreamListener$1Closed@282c84a
org.apache.ratis.thirdparty.io.grpc.StatusRuntimeException: CANCELLED: call already cancelled
	at org.apache.ratis.thirdparty.io.grpc.Status.asRuntimeException(Status.java:517)
	at org.apache.ratis.thirdparty.io.grpc.stub.ServerCalls$ServerCallStreamObserverImpl.onCompleted(ServerCalls.java:356)
	at org.apache.ratis.grpc.server.GrpcServerProtocolService$ServerRequestStreamObserver.onError(GrpcServerProtocolService.java:121)
	at org.apache.ratis.thirdparty.io.grpc.stub.ServerCalls$StreamingServerCallHandler$StreamingServerCallListener.onCancel(ServerCalls.java:269)
	at org.apache.ratis.thirdparty.io.grpc.internal.ServerCallImpl$ServerStreamListenerImpl.closed(ServerCallImpl.java:293)
	at org.apache.ratis.thirdparty.io.grpc.internal.ServerImpl$JumpToApplicationThreadServerStreamListener$1Closed.runInContext(ServerImpl.java:741)
	at org.apache.ratis.thirdparty.io.grpc.internal.ContextRunnable.run(ContextRunnable.java:37)
	at org.apache.ratis.thirdparty.io.grpc.internal.SerializingExecutor.run(SerializingExecutor.java:123)
	at java.util.concurrent.ThreadPoolExecutor.runWorker(ThreadPoolExecutor.java:1149)
	at java.util.concurrent.ThreadPoolExecutor$Worker.run(ThreadPoolExecutor.java:624)
	at java.lang.Thread.run(Thread.java:748)

]]></system-err>
  </testcase>
</testsuite>