<?xml version="1.0" encoding="UTF-8"?>
<testsuite xmlns:xsi="http://www.w3.org/2001/XMLSchema-instance" xsi:noNamespaceSchemaLocation="https://maven.apache.org/surefire/maven-surefire-plugin/xsd/surefire-test-report.xsd" name="org.apache.hadoop.ozone.client.rpc.TestWatchForCommit" time="233.18" tests="5" errors="1" skipped="0" failures="0">
  <properties>
    <property name="awt.toolkit" value="sun.awt.X11.XToolkit"/>
    <property name="file.encoding.pkg" value="sun.io"/>
    <property name="java.specification.version" value="1.8"/>
    <property name="sun.cpu.isalist" value=""/>
    <property name="sun.jnu.encoding" value="UTF-8"/>
    <property name="java.class.path" value="/workdir/hadoop-ozone/integration-test/target/test-classes:/workdir/hadoop-ozone/integration-test/target/classes:/home/user/.m2/repository/org/apache/hadoop/hadoop-ozone-common/0.5.0-SNAPSHOT/hadoop-ozone-common-0.5.0-SNAPSHOT.jar:/home/user/.m2/repository/org/apache/commons/commons-compress/1.4.1/commons-compress-1.4.1.jar:/home/user/.m2/repository/org/tukaani/xz/1.0/xz-1.0.jar:/home/user/.m2/repository/org/apache/hadoop/hadoop-common/3.2.0/hadoop-common-3.2.0.jar:/home/user/.m2/repository/org/apache/hadoop/hadoop-hdfs/3.2.0/hadoop-hdfs-3.2.0.jar:/home/user/.m2/repository/org/apache/hadoop/hadoop-hdfs-client/3.2.0/hadoop-hdfs-client-3.2.0.jar:/home/user/.m2/repository/com/fasterxml/jackson/core/jackson-annotations/2.9.9/jackson-annotations-2.9.9.jar:/home/user/.m2/repository/org/apache/hadoop/hadoop-hdds-common/0.5.0-SNAPSHOT/hadoop-hdds-common-0.5.0-SNAPSHOT.jar:/home/user/.m2/repository/javax/annotation/javax.annotation-api/1.2/javax.annotation-api-1.2.jar:/home/user/.m2/repository/org/apache/ratis/ratis-server/0.4.0/ratis-server-0.4.0.jar:/home/user/.m2/repository/org/apache/ratis/ratis-thirdparty-misc/0.2.0/ratis-thirdparty-misc-0.2.0.jar:/home/user/.m2/repository/org/apache/ratis/ratis-proto/0.4.0/ratis-proto-0.4.0.jar:/home/user/.m2/repository/org/apache/ratis/ratis-common/0.4.0/ratis-common-0.4.0.jar:/home/user/.m2/repository/org/apache/ratis/ratis-client/0.4.0/ratis-client-0.4.0.jar:/home/user/.m2/repository/org/apache/ratis/ratis-metrics/0.4.0/ratis-metrics-0.4.0.jar:/home/user/.m2/repository/com/github/joshelser/dropwizard-metrics-hadoop-metrics2-reporter/0.1.2/dropwizard-metrics-hadoop-metrics2-reporter-0.1.2.jar:/home/user/.m2/repository/io/dropwizard/metrics/metrics-jvm/3.2.5/metrics-jvm-3.2.5.jar:/home/user/.m2/repository/io/dropwizard/metrics/metrics-ganglia/3.2.5/metrics-ganglia-3.2.5.jar:/home/user/.m2/repository/info/ganglia/gmetric4j/gmetric4j/1.0.7/gmetric4j-1.0.7.jar:/home/user/.m2/repository/org/apache/ratis/ratis-netty/0.4.0/ratis-netty-0.4.0.jar:/home/user/.m2/repository/org/apache/ratis/ratis-grpc/0.4.0/ratis-grpc-0.4.0.jar:/home/user/.m2/repository/org/rocksdb/rocksdbjni/6.0.1/rocksdbjni-6.0.1.jar:/home/user/.m2/repository/org/apache/logging/log4j/log4j-api/2.11.0/log4j-api-2.11.0.jar:/home/user/.m2/repository/org/apache/logging/log4j/log4j-core/2.11.0/log4j-core-2.11.0.jar:/home/user/.m2/repository/com/lmax/disruptor/3.4.2/disruptor-3.4.2.jar:/home/user/.m2/repository/org/apache/commons/commons-pool2/2.6.0/commons-pool2-2.6.0.jar:/home/user/.m2/repository/org/bouncycastle/bcpkix-jdk15on/1.60/bcpkix-jdk15on-1.60.jar:/home/user/.m2/repository/commons-validator/commons-validator/1.6/commons-validator-1.6.jar:/home/user/.m2/repository/commons-digester/commons-digester/1.8.1/commons-digester-1.8.1.jar:/home/user/.m2/repository/io/jaegertracing/jaeger-client/0.34.0/jaeger-client-0.34.0.jar:/home/user/.m2/repository/io/jaegertracing/jaeger-thrift/0.34.0/jaeger-thrift-0.34.0.jar:/home/user/.m2/repository/org/apache/thrift/libthrift/0.12.0/libthrift-0.12.0.jar:/home/user/.m2/repository/com/squareup/okhttp3/okhttp/3.9.0/okhttp-3.9.0.jar:/home/user/.m2/repository/com/squareup/okio/okio/1.13.0/okio-1.13.0.jar:/home/user/.m2/repository/io/jaegertracing/jaeger-core/0.34.0/jaeger-core-0.34.0.jar:/home/user/.m2/repository/io/jaegertracing/jaeger-tracerresolver/0.34.0/jaeger-tracerresolver-0.34.0.jar:/home/user/.m2/repository/io/opentracing/contrib/opentracing-tracerresolver/0.1.5/opentracing-tracerresolver-0.1.5.jar:/home/user/.m2/repository/io/opentracing/opentracing-util/0.31.0/opentracing-util-0.31.0.jar:/home/user/.m2/repository/io/opentracing/opentracing-api/0.31.0/opentracing-api-0.31.0.jar:/home/user/.m2/repository/io/opentracing/opentracing-noop/0.31.0/opentracing-noop-0.31.0.jar:/home/user/.m2/repository/org/apache/hadoop/hadoop-hdds-server-framework/0.5.0-SNAPSHOT/hadoop-hdds-server-framework-0.5.0-SNAPSHOT.jar:/home/user/.m2/repository/org/apache/hadoop/hadoop-hdds-container-service/0.5.0-SNAPSHOT/hadoop-hdds-container-service-0.5.0-SNAPSHOT.jar:/home/user/.m2/repository/org/apache/hadoop/hadoop-hdds-client/0.5.0-SNAPSHOT/hadoop-hdds-client-0.5.0-SNAPSHOT.jar:/home/user/.m2/repository/org/apache/hadoop/hadoop-hdds-tools/0.5.0-SNAPSHOT/hadoop-hdds-tools-0.5.0-SNAPSHOT.jar:/home/user/.m2/repository/org/apache/hadoop/hadoop-hdds-server-scm/0.5.0-SNAPSHOT/hadoop-hdds-server-scm-0.5.0-SNAPSHOT.jar:/home/user/.m2/repository/org/apache/hadoop/hadoop-hdds-docs/0.5.0-SNAPSHOT/hadoop-hdds-docs-0.5.0-SNAPSHOT.jar:/home/user/.m2/repository/io/dropwizard/metrics/metrics-core/3.2.4/metrics-core-3.2.4.jar:/home/user/.m2/repository/org/hamcrest/hamcrest-all/1.3/hamcrest-all-1.3.jar:/home/user/.m2/repository/org/bouncycastle/bcprov-jdk15on/1.60/bcprov-jdk15on-1.60.jar:/home/user/.m2/repository/info/picocli/picocli/3.9.6/picocli-3.9.6.jar:/home/user/.m2/repository/com/google/protobuf/protobuf-java/2.5.0/protobuf-java-2.5.0.jar:/home/user/.m2/repository/com/google/guava/guava/11.0.2/guava-11.0.2.jar:/home/user/.m2/repository/org/apache/hadoop/hadoop-ozone-ozone-manager/0.5.0-SNAPSHOT/hadoop-ozone-ozone-manager-0.5.0-SNAPSHOT.jar:/home/user/.m2/repository/org/apache/hadoop/hadoop-minikdc/3.2.0/hadoop-minikdc-3.2.0.jar:/home/user/.m2/repository/commons-io/commons-io/2.5/commons-io-2.5.jar:/home/user/.m2/repository/org/apache/kerby/kerb-simplekdc/1.0.1/kerb-simplekdc-1.0.1.jar:/home/user/.m2/repository/org/apache/kerby/kerb-client/1.0.1/kerb-client-1.0.1.jar:/home/user/.m2/repository/org/apache/kerby/kerby-config/1.0.1/kerby-config-1.0.1.jar:/home/user/.m2/repository/org/apache/kerby/kerb-core/1.0.1/kerb-core-1.0.1.jar:/home/user/.m2/repository/org/apache/kerby/kerby-pkix/1.0.1/kerby-pkix-1.0.1.jar:/home/user/.m2/repository/org/apache/kerby/kerby-asn1/1.0.1/kerby-asn1-1.0.1.jar:/home/user/.m2/repository/org/apache/kerby/kerby-util/1.0.1/kerby-util-1.0.1.jar:/home/user/.m2/repository/org/apache/kerby/kerb-common/1.0.1/kerb-common-1.0.1.jar:/home/user/.m2/repository/org/apache/kerby/kerb-crypto/1.0.1/kerb-crypto-1.0.1.jar:/home/user/.m2/repository/org/apache/kerby/kerb-util/1.0.1/kerb-util-1.0.1.jar:/home/user/.m2/repository/org/apache/kerby/token-provider/1.0.1/token-provider-1.0.1.jar:/home/user/.m2/repository/org/apache/kerby/kerb-admin/1.0.1/kerb-admin-1.0.1.jar:/home/user/.m2/repository/org/apache/kerby/kerb-server/1.0.1/kerb-server-1.0.1.jar:/home/user/.m2/repository/org/apache/kerby/kerb-identity/1.0.1/kerb-identity-1.0.1.jar:/home/user/.m2/repository/org/apache/kerby/kerby-xdr/1.0.1/kerby-xdr-1.0.1.jar:/home/user/.m2/repository/org/slf4j/slf4j-log4j12/1.7.25/slf4j-log4j12-1.7.25.jar:/home/user/.m2/repository/org/apache/hadoop/hadoop-ozone-s3gateway/0.5.0-SNAPSHOT/hadoop-ozone-s3gateway-0.5.0-SNAPSHOT.jar:/home/user/.m2/repository/org/jboss/weld/servlet/weld-servlet/2.4.7.Final/weld-servlet-2.4.7.Final.jar:/home/user/.m2/repository/org/glassfish/jersey/containers/jersey-container-servlet-core/2.27/jersey-container-servlet-core-2.27.jar:/home/user/.m2/repository/org/glassfish/hk2/external/javax.inject/2.5.0-b42/javax.inject-2.5.0-b42.jar:/home/user/.m2/repository/org/glassfish/jersey/core/jersey-common/2.27/jersey-common-2.27.jar:/home/user/.m2/repository/org/glassfish/hk2/osgi-resource-locator/1.0.1/osgi-resource-locator-1.0.1.jar:/home/user/.m2/repository/javax/ws/rs/javax.ws.rs-api/2.1/javax.ws.rs-api-2.1.jar:/home/user/.m2/repository/org/glassfish/jersey/ext/cdi/jersey-cdi1x/2.27/jersey-cdi1x-2.27.jar:/home/user/.m2/repository/org/glassfish/jersey/inject/jersey-hk2/2.27/jersey-hk2-2.27.jar:/home/user/.m2/repository/org/glassfish/hk2/hk2-locator/2.5.0-b42/hk2-locator-2.5.0-b42.jar:/home/user/.m2/repository/org/javassist/javassist/3.22.0-CR2/javassist-3.22.0-CR2.jar:/home/user/.m2/repository/org/glassfish/hk2/hk2-api/2.5.0/hk2-api-2.5.0.jar:/home/user/.m2/repository/org/glassfish/hk2/external/jakarta.inject/2.5.0/jakarta.inject-2.5.0.jar:/home/user/.m2/repository/org/glassfish/hk2/hk2-utils/2.5.0/hk2-utils-2.5.0.jar:/home/user/.m2/repository/jakarta/annotation/jakarta.annotation-api/1.3.4/jakarta.annotation-api-1.3.4.jar:/home/user/.m2/repository/org/glassfish/hk2/external/aopalliance-repackaged/2.5.0/aopalliance-repackaged-2.5.0.jar:/home/user/.m2/repository/com/fasterxml/jackson/dataformat/jackson-dataformat-xml/2.9.0/jackson-dataformat-xml-2.9.0.jar:/home/user/.m2/repository/com/fasterxml/jackson/core/jackson-core/2.9.9/jackson-core-2.9.9.jar:/home/user/.m2/repository/com/fasterxml/jackson/module/jackson-module-jaxb-annotations/2.9.9/jackson-module-jaxb-annotations-2.9.9.jar:/home/user/.m2/repository/javax/enterprise/cdi-api/1.2/cdi-api-1.2.jar:/home/user/.m2/repository/javax/el/javax.el-api/3.0.0/javax.el-api-3.0.0.jar:/home/user/.m2/repository/javax/interceptor/javax.interceptor-api/1.2/javax.interceptor-api-1.2.jar:/home/user/.m2/repository/javax/inject/javax.inject/1/javax.inject-1.jar:/home/user/.m2/repository/com/sun/xml/bind/jaxb-impl/2.3.0.1/jaxb-impl-2.3.0.1.jar:/home/user/.m2/repository/com/sun/xml/bind/jaxb-core/2.3.0.1/jaxb-core-2.3.0.1.jar:/home/user/.m2/repository/javax/xml/bind/jaxb-api/2.3.0/jaxb-api-2.3.0.jar:/home/user/.m2/repository/javax/activation/activation/1.1.1/activation-1.1.1.jar:/home/user/.m2/repository/org/apache/hadoop/hadoop-ozone-csi/0.5.0-SNAPSHOT/hadoop-ozone-csi-0.5.0-SNAPSHOT.jar:/home/user/.m2/repository/com/google/protobuf/protobuf-java-util/3.5.1/protobuf-java-util-3.5.1.jar:/home/user/.m2/repository/org/apache/hadoop/hadoop-hdds-config/0.5.0-SNAPSHOT/hadoop-hdds-config-0.5.0-SNAPSHOT.jar:/home/user/.m2/repository/io/grpc/grpc-netty/1.17.1/grpc-netty-1.17.1.jar:/home/user/.m2/repository/io/grpc/grpc-core/1.17.1/grpc-core-1.17.1.jar:/home/user/.m2/repository/io/grpc/grpc-context/1.17.1/grpc-context-1.17.1.jar:/home/user/.m2/repository/com/google/errorprone/error_prone_annotations/2.2.0/error_prone_annotations-2.2.0.jar:/home/user/.m2/repository/org/codehaus/mojo/animal-sniffer-annotations/1.17/animal-sniffer-annotations-1.17.jar:/home/user/.m2/repository/io/opencensus/opencensus-api/0.17.0/opencensus-api-0.17.0.jar:/home/user/.m2/repository/io/opencensus/opencensus-contrib-grpc-metrics/0.17.0/opencensus-contrib-grpc-metrics-0.17.0.jar:/home/user/.m2/repository/io/netty/netty-codec-http2/4.1.30.Final/netty-codec-http2-4.1.30.Final.jar:/home/user/.m2/repository/io/netty/netty-codec-http/4.1.30.Final/netty-codec-http-4.1.30.Final.jar:/home/user/.m2/repository/io/netty/netty-codec/4.1.30.Final/netty-codec-4.1.30.Final.jar:/home/user/.m2/repository/io/netty/netty-handler/4.1.30.Final/netty-handler-4.1.30.Final.jar:/home/user/.m2/repository/io/netty/netty-handler-proxy/4.1.30.Final/netty-handler-proxy-4.1.30.Final.jar:/home/user/.m2/repository/io/netty/netty-codec-socks/4.1.30.Final/netty-codec-socks-4.1.30.Final.jar:/home/user/.m2/repository/io/netty/netty-transport-native-epoll/4.1.30.Final/netty-transport-native-epoll-4.1.30.Final.jar:/home/user/.m2/repository/io/netty/netty-common/4.1.30.Final/netty-common-4.1.30.Final.jar:/home/user/.m2/repository/io/netty/netty-buffer/4.1.30.Final/netty-buffer-4.1.30.Final.jar:/home/user/.m2/repository/io/netty/netty-transport/4.1.30.Final/netty-transport-4.1.30.Final.jar:/home/user/.m2/repository/io/netty/netty-resolver/4.1.30.Final/netty-resolver-4.1.30.Final.jar:/home/user/.m2/repository/io/netty/netty-transport-native-unix-common/4.1.30.Final/netty-transport-native-unix-common-4.1.30.Final.jar:/home/user/.m2/repository/io/grpc/grpc-protobuf/1.17.1/grpc-protobuf-1.17.1.jar:/home/user/.m2/repository/com/google/api/grpc/proto-google-common-protos/1.0.0/proto-google-common-protos-1.0.0.jar:/home/user/.m2/repository/io/grpc/grpc-protobuf-lite/1.17.1/grpc-protobuf-lite-1.17.1.jar:/home/user/.m2/repository/io/grpc/grpc-stub/1.17.1/grpc-stub-1.17.1.jar:/home/user/.m2/repository/org/apache/hadoop/hadoop-ozone-recon/0.5.0-SNAPSHOT/hadoop-ozone-recon-0.5.0-SNAPSHOT.jar:/home/user/.m2/repository/org/apache/hadoop/hadoop-ozone-reconcodegen/0.5.0-SNAPSHOT/hadoop-ozone-reconcodegen-0.5.0-SNAPSHOT.jar:/home/user/.m2/repository/com/google/inject/extensions/guice-multibindings/4.0/guice-multibindings-4.0.jar:/home/user/.m2/repository/com/google/inject/guice/4.0/guice-4.0.jar:/home/user/.m2/repository/aopalliance/aopalliance/1.0/aopalliance-1.0.jar:/home/user/.m2/repository/com/google/inject/extensions/guice-servlet/4.0/guice-servlet-4.0.jar:/home/user/.m2/repository/org/glassfish/jersey/containers/jersey-container-servlet/2.27/jersey-container-servlet-2.27.jar:/home/user/.m2/repository/org/glassfish/hk2/guice-bridge/2.5.0/guice-bridge-2.5.0.jar:/home/user/.m2/repository/org/glassfish/jersey/core/jersey-server/2.27/jersey-server-2.27.jar:/home/user/.m2/repository/org/glassfish/jersey/core/jersey-client/2.27/jersey-client-2.27.jar:/home/user/.m2/repository/org/glassfish/jersey/media/jersey-media-jaxb/2.27/jersey-media-jaxb-2.27.jar:/home/user/.m2/repository/javax/validation/validation-api/1.1.0.Final/validation-api-1.1.0.Final.jar:/home/user/.m2/repository/org/glassfish/jersey/media/jersey-media-json-jackson/2.27/jersey-media-json-jackson-2.27.jar:/home/user/.m2/repository/org/glassfish/jersey/ext/jersey-entity-filtering/2.27/jersey-entity-filtering-2.27.jar:/home/user/.m2/repository/com/google/inject/extensions/guice-assistedinject/4.0/guice-assistedinject-4.0.jar:/home/user/.m2/repository/org/jooq/jooq/3.11.10/jooq-3.11.10.jar:/home/user/.m2/repository/org/jooq/jooq-meta/3.11.10/jooq-meta-3.11.10.jar:/home/user/.m2/repository/org/jooq/jooq-codegen/3.11.10/jooq-codegen-3.11.10.jar:/home/user/.m2/repository/com/jolbox/bonecp/0.8.0.RELEASE/bonecp-0.8.0.RELEASE.jar:/home/user/.m2/repository/org/xerial/sqlite-jdbc/3.25.2/sqlite-jdbc-3.25.2.jar:/home/user/.m2/repository/org/springframework/spring-jdbc/5.1.3.RELEASE/spring-jdbc-5.1.3.RELEASE.jar:/home/user/.m2/repository/org/springframework/spring-beans/5.1.3.RELEASE/spring-beans-5.1.3.RELEASE.jar:/home/user/.m2/repository/org/springframework/spring-core/5.1.3.RELEASE/spring-core-5.1.3.RELEASE.jar:/home/user/.m2/repository/org/springframework/spring-jcl/5.1.3.RELEASE/spring-jcl-5.1.3.RELEASE.jar:/home/user/.m2/repository/org/springframework/spring-tx/5.1.3.RELEASE/spring-tx-5.1.3.RELEASE.jar:/home/user/.m2/repository/org/apache/hadoop/hadoop-ozone-client/0.5.0-SNAPSHOT/hadoop-ozone-client-0.5.0-SNAPSHOT.jar:/home/user/.m2/repository/commons-lang/commons-lang/2.6/commons-lang-2.6.jar:/home/user/.m2/repository/org/apache/hadoop/hadoop-ozone-ozone-manager/0.5.0-SNAPSHOT/hadoop-ozone-ozone-manager-0.5.0-SNAPSHOT-tests.jar:/home/user/.m2/repository/junit/junit/4.11/junit-4.11.jar:/home/user/.m2/repository/org/hamcrest/hamcrest-core/1.3/hamcrest-core-1.3.jar:/home/user/.m2/repository/org/openjdk/jmh/jmh-core/1.19/jmh-core-1.19.jar:/home/user/.m2/repository/net/sf/jopt-simple/jopt-simple/4.6/jopt-simple-4.6.jar:/home/user/.m2/repository/org/apache/commons/commons-math3/3.1.1/commons-math3-3.1.1.jar:/home/user/.m2/repository/org/openjdk/jmh/jmh-generator-annprocess/1.19/jmh-generator-annprocess-1.19.jar:/home/user/.m2/repository/org/mockito/mockito-all/1.8.5/mockito-all-1.8.5.jar:/home/user/.m2/repository/org/apache/hadoop/hadoop-kms/3.2.0/hadoop-kms-3.2.0.jar:/home/user/.m2/repository/org/apache/hadoop/hadoop-auth/3.2.0/hadoop-auth-3.2.0.jar:/home/user/.m2/repository/com/nimbusds/nimbus-jose-jwt/4.41.1/nimbus-jose-jwt-4.41.1.jar:/home/user/.m2/repository/com/github/stephenc/jcip/jcip-annotations/1.0-1/jcip-annotations-1.0-1.jar:/home/user/.m2/repository/net/minidev/json-smart/2.3/json-smart-2.3.jar:/home/user/.m2/repository/net/minidev/accessors-smart/1.2/accessors-smart-1.2.jar:/home/user/.m2/repository/org/ow2/asm/asm/5.0.4/asm-5.0.4.jar:/home/user/.m2/repository/org/apache/curator/curator-framework/2.12.0/curator-framework-2.12.0.jar:/home/user/.m2/repository/com/sun/jersey/jersey-core/1.19/jersey-core-1.19.jar:/home/user/.m2/repository/javax/ws/rs/jsr311-api/1.1.1/jsr311-api-1.1.1.jar:/home/user/.m2/repository/com/sun/jersey/jersey-server/1.19/jersey-server-1.19.jar:/home/user/.m2/repository/javax/servlet/javax.servlet-api/3.1.0/javax.servlet-api-3.1.0.jar:/home/user/.m2/repository/org/eclipse/jetty/jetty-server/9.3.25.v20180904/jetty-server-9.3.25.v20180904.jar:/home/user/.m2/repository/org/eclipse/jetty/jetty-http/9.3.25.v20180904/jetty-http-9.3.25.v20180904.jar:/home/user/.m2/repository/org/eclipse/jetty/jetty-io/9.3.25.v20180904/jetty-io-9.3.25.v20180904.jar:/home/user/.m2/repository/org/eclipse/jetty/jetty-webapp/9.3.25.v20180904/jetty-webapp-9.3.25.v20180904.jar:/home/user/.m2/repository/org/eclipse/jetty/jetty-xml/9.3.25.v20180904/jetty-xml-9.3.25.v20180904.jar:/home/user/.m2/repository/log4j/log4j/1.2.17/log4j-1.2.17.jar:/home/user/.m2/repository/org/slf4j/slf4j-api/1.7.25/slf4j-api-1.7.25.jar:/home/user/.m2/repository/org/slf4j/jul-to-slf4j/1.7.25/jul-to-slf4j-1.7.25.jar:/home/user/.m2/repository/org/eclipse/jetty/jetty-util/9.3.25.v20180904/jetty-util-9.3.25.v20180904.jar:/home/user/.m2/repository/com/fasterxml/jackson/core/jackson-databind/2.9.9/jackson-databind-2.9.9.jar:/home/user/.m2/repository/org/apache/hadoop/hadoop-kms/3.2.0/hadoop-kms-3.2.0-tests.jar:/home/user/.m2/repository/org/apache/hadoop/hadoop-hdds-server-scm/0.5.0-SNAPSHOT/hadoop-hdds-server-scm-0.5.0-SNAPSHOT-tests.jar:/home/user/.m2/repository/org/apache/hadoop/hadoop-hdds-container-service/0.5.0-SNAPSHOT/hadoop-hdds-container-service-0.5.0-SNAPSHOT-tests.jar:/home/user/.m2/repository/org/yaml/snakeyaml/1.16/snakeyaml-1.16.jar:/home/user/.m2/repository/org/apache/hadoop/hadoop-common/3.2.0/hadoop-common-3.2.0-tests.jar:/home/user/.m2/repository/org/apache/hadoop/hadoop-annotations/3.2.0/hadoop-annotations-3.2.0.jar:/usr/lib/jvm/java-1.8-openjdk/jre/../lib/tools.jar:/home/user/.m2/repository/commons-cli/commons-cli/1.2/commons-cli-1.2.jar:/home/user/.m2/repository/org/apache/httpcomponents/httpclient/4.5.2/httpclient-4.5.2.jar:/home/user/.m2/repository/org/apache/httpcomponents/httpcore/4.4.4/httpcore-4.4.4.jar:/home/user/.m2/repository/commons-codec/commons-codec/1.11/commons-codec-1.11.jar:/home/user/.m2/repository/commons-net/commons-net/3.6/commons-net-3.6.jar:/home/user/.m2/repository/commons-collections/commons-collections/3.2.2/commons-collections-3.2.2.jar:/home/user/.m2/repository/org/eclipse/jetty/jetty-servlet/9.3.25.v20180904/jetty-servlet-9.3.25.v20180904.jar:/home/user/.m2/repository/org/eclipse/jetty/jetty-security/9.3.25.v20180904/jetty-security-9.3.25.v20180904.jar:/home/user/.m2/repository/javax/servlet/jsp/jsp-api/2.1/jsp-api-2.1.jar:/home/user/.m2/repository/com/sun/jersey/jersey-servlet/1.19/jersey-servlet-1.19.jar:/home/user/.m2/repository/com/sun/jersey/jersey-json/1.19/jersey-json-1.19.jar:/home/user/.m2/repository/org/codehaus/jettison/jettison/1.1/jettison-1.1.jar:/home/user/.m2/repository/org/codehaus/jackson/jackson-core-asl/1.9.13/jackson-core-asl-1.9.13.jar:/home/user/.m2/repository/org/codehaus/jackson/jackson-mapper-asl/1.9.13/jackson-mapper-asl-1.9.13.jar:/home/user/.m2/repository/org/codehaus/jackson/jackson-jaxrs/1.9.13/jackson-jaxrs-1.9.13.jar:/home/user/.m2/repository/org/codehaus/jackson/jackson-xc/1.9.13/jackson-xc-1.9.13.jar:/home/user/.m2/repository/commons-logging/commons-logging/1.1.3/commons-logging-1.1.3.jar:/home/user/.m2/repository/commons-beanutils/commons-beanutils/1.9.4/commons-beanutils-1.9.4.jar:/home/user/.m2/repository/org/apache/commons/commons-configuration2/2.1.1/commons-configuration2-2.1.1.jar:/home/user/.m2/repository/org/apache/commons/commons-lang3/3.7/commons-lang3-3.7.jar:/home/user/.m2/repository/org/apache/commons/commons-text/1.4/commons-text-1.4.jar:/home/user/.m2/repository/org/apache/avro/avro/1.7.7/avro-1.7.7.jar:/home/user/.m2/repository/com/thoughtworks/paranamer/paranamer/2.3/paranamer-2.3.jar:/home/user/.m2/repository/org/xerial/snappy/snappy-java/1.0.5/snappy-java-1.0.5.jar:/home/user/.m2/repository/com/google/re2j/re2j/1.1/re2j-1.1.jar:/home/user/.m2/repository/com/google/code/gson/gson/2.2.4/gson-2.2.4.jar:/home/user/.m2/repository/com/jcraft/jsch/0.1.54/jsch-0.1.54.jar:/home/user/.m2/repository/org/apache/curator/curator-client/2.12.0/curator-client-2.12.0.jar:/home/user/.m2/repository/org/apache/curator/curator-recipes/2.12.0/curator-recipes-2.12.0.jar:/home/user/.m2/repository/com/google/code/findbugs/jsr305/3.0.0/jsr305-3.0.0.jar:/home/user/.m2/repository/org/apache/htrace/htrace-core4/4.1.0-incubating/htrace-core4-4.1.0-incubating.jar:/home/user/.m2/repository/org/apache/zookeeper/zookeeper/3.4.13/zookeeper-3.4.13.jar:/home/user/.m2/repository/jline/jline/0.9.94/jline-0.9.94.jar:/home/user/.m2/repository/org/apache/yetus/audience-annotations/0.5.0/audience-annotations-0.5.0.jar:/home/user/.m2/repository/org/codehaus/woodstox/stax2-api/3.1.4/stax2-api-3.1.4.jar:/home/user/.m2/repository/com/fasterxml/woodstox/woodstox-core/5.0.3/woodstox-core-5.0.3.jar:/home/user/.m2/repository/dnsjava/dnsjava/2.1.7/dnsjava-2.1.7.jar:/home/user/.m2/repository/org/apache/hadoop/hadoop-hdfs/3.2.0/hadoop-hdfs-3.2.0-tests.jar:/home/user/.m2/repository/org/eclipse/jetty/jetty-util-ajax/9.3.25.v20180904/jetty-util-ajax-9.3.25.v20180904.jar:/home/user/.m2/repository/commons-daemon/commons-daemon/1.0.13/commons-daemon-1.0.13.jar:/home/user/.m2/repository/io/netty/netty/3.10.5.Final/netty-3.10.5.Final.jar:/home/user/.m2/repository/io/netty/netty-all/4.0.52.Final/netty-all-4.0.52.Final.jar:/home/user/.m2/repository/org/fusesource/leveldbjni/leveldbjni-all/1.8/leveldbjni-all-1.8.jar:"/>
    <property name="java.vm.vendor" value="IcedTea"/>
    <property name="sun.arch.data.model" value="64"/>
    <property name="test.build.dir" value="/workdir/hadoop-ozone/integration-test/target/test-dir"/>
    <property name="test.cache.data" value=""/>
    <property name="java.vendor.url" value="https://icedtea.classpath.org"/>
    <property name="user.timezone" value=""/>
    <property name="java.vm.specification.version" value="1.8"/>
    <property name="os.name" value="Linux"/>
    <property name="test.build.data" value="/workdir/hadoop-ozone/integration-test/target/test-dir"/>
    <property name="user.country" value="US"/>
    <property name="sun.java.launcher" value="SUN_STANDARD"/>
    <property name="sun.boot.library.path" value="/usr/lib/jvm/java-1.8-openjdk/jre/lib/amd64"/>
    <property name="sun.java.command" value="/workdir/hadoop-ozone/integration-test/target/surefire/surefirebooter6421369416161056644.jar /workdir/hadoop-ozone/integration-test/target/surefire 2019-10-14T08-33-45_578-jvmRun1 surefire6308967493873734104tmp surefire_543342255707334733293tmp"/>
    <property name="test" value="!TestMiniChaosOzoneCluster"/>
    <property name="surefire.test.class.path" value="/workdir/hadoop-ozone/integration-test/target/test-classes:/workdir/hadoop-ozone/integration-test/target/classes:/home/user/.m2/repository/org/apache/hadoop/hadoop-ozone-common/0.5.0-SNAPSHOT/hadoop-ozone-common-0.5.0-SNAPSHOT.jar:/home/user/.m2/repository/org/apache/commons/commons-compress/1.4.1/commons-compress-1.4.1.jar:/home/user/.m2/repository/org/tukaani/xz/1.0/xz-1.0.jar:/home/user/.m2/repository/org/apache/hadoop/hadoop-common/3.2.0/hadoop-common-3.2.0.jar:/home/user/.m2/repository/org/apache/hadoop/hadoop-hdfs/3.2.0/hadoop-hdfs-3.2.0.jar:/home/user/.m2/repository/org/apache/hadoop/hadoop-hdfs-client/3.2.0/hadoop-hdfs-client-3.2.0.jar:/home/user/.m2/repository/com/fasterxml/jackson/core/jackson-annotations/2.9.9/jackson-annotations-2.9.9.jar:/home/user/.m2/repository/org/apache/hadoop/hadoop-hdds-common/0.5.0-SNAPSHOT/hadoop-hdds-common-0.5.0-SNAPSHOT.jar:/home/user/.m2/repository/javax/annotation/javax.annotation-api/1.2/javax.annotation-api-1.2.jar:/home/user/.m2/repository/org/apache/ratis/ratis-server/0.4.0/ratis-server-0.4.0.jar:/home/user/.m2/repository/org/apache/ratis/ratis-thirdparty-misc/0.2.0/ratis-thirdparty-misc-0.2.0.jar:/home/user/.m2/repository/org/apache/ratis/ratis-proto/0.4.0/ratis-proto-0.4.0.jar:/home/user/.m2/repository/org/apache/ratis/ratis-common/0.4.0/ratis-common-0.4.0.jar:/home/user/.m2/repository/org/apache/ratis/ratis-client/0.4.0/ratis-client-0.4.0.jar:/home/user/.m2/repository/org/apache/ratis/ratis-metrics/0.4.0/ratis-metrics-0.4.0.jar:/home/user/.m2/repository/com/github/joshelser/dropwizard-metrics-hadoop-metrics2-reporter/0.1.2/dropwizard-metrics-hadoop-metrics2-reporter-0.1.2.jar:/home/user/.m2/repository/io/dropwizard/metrics/metrics-jvm/3.2.5/metrics-jvm-3.2.5.jar:/home/user/.m2/repository/io/dropwizard/metrics/metrics-ganglia/3.2.5/metrics-ganglia-3.2.5.jar:/home/user/.m2/repository/info/ganglia/gmetric4j/gmetric4j/1.0.7/gmetric4j-1.0.7.jar:/home/user/.m2/repository/org/apache/ratis/ratis-netty/0.4.0/ratis-netty-0.4.0.jar:/home/user/.m2/repository/org/apache/ratis/ratis-grpc/0.4.0/ratis-grpc-0.4.0.jar:/home/user/.m2/repository/org/rocksdb/rocksdbjni/6.0.1/rocksdbjni-6.0.1.jar:/home/user/.m2/repository/org/apache/logging/log4j/log4j-api/2.11.0/log4j-api-2.11.0.jar:/home/user/.m2/repository/org/apache/logging/log4j/log4j-core/2.11.0/log4j-core-2.11.0.jar:/home/user/.m2/repository/com/lmax/disruptor/3.4.2/disruptor-3.4.2.jar:/home/user/.m2/repository/org/apache/commons/commons-pool2/2.6.0/commons-pool2-2.6.0.jar:/home/user/.m2/repository/org/bouncycastle/bcpkix-jdk15on/1.60/bcpkix-jdk15on-1.60.jar:/home/user/.m2/repository/commons-validator/commons-validator/1.6/commons-validator-1.6.jar:/home/user/.m2/repository/commons-digester/commons-digester/1.8.1/commons-digester-1.8.1.jar:/home/user/.m2/repository/io/jaegertracing/jaeger-client/0.34.0/jaeger-client-0.34.0.jar:/home/user/.m2/repository/io/jaegertracing/jaeger-thrift/0.34.0/jaeger-thrift-0.34.0.jar:/home/user/.m2/repository/org/apache/thrift/libthrift/0.12.0/libthrift-0.12.0.jar:/home/user/.m2/repository/com/squareup/okhttp3/okhttp/3.9.0/okhttp-3.9.0.jar:/home/user/.m2/repository/com/squareup/okio/okio/1.13.0/okio-1.13.0.jar:/home/user/.m2/repository/io/jaegertracing/jaeger-core/0.34.0/jaeger-core-0.34.0.jar:/home/user/.m2/repository/io/jaegertracing/jaeger-tracerresolver/0.34.0/jaeger-tracerresolver-0.34.0.jar:/home/user/.m2/repository/io/opentracing/contrib/opentracing-tracerresolver/0.1.5/opentracing-tracerresolver-0.1.5.jar:/home/user/.m2/repository/io/opentracing/opentracing-util/0.31.0/opentracing-util-0.31.0.jar:/home/user/.m2/repository/io/opentracing/opentracing-api/0.31.0/opentracing-api-0.31.0.jar:/home/user/.m2/repository/io/opentracing/opentracing-noop/0.31.0/opentracing-noop-0.31.0.jar:/home/user/.m2/repository/org/apache/hadoop/hadoop-hdds-server-framework/0.5.0-SNAPSHOT/hadoop-hdds-server-framework-0.5.0-SNAPSHOT.jar:/home/user/.m2/repository/org/apache/hadoop/hadoop-hdds-container-service/0.5.0-SNAPSHOT/hadoop-hdds-container-service-0.5.0-SNAPSHOT.jar:/home/user/.m2/repository/org/apache/hadoop/hadoop-hdds-client/0.5.0-SNAPSHOT/hadoop-hdds-client-0.5.0-SNAPSHOT.jar:/home/user/.m2/repository/org/apache/hadoop/hadoop-hdds-tools/0.5.0-SNAPSHOT/hadoop-hdds-tools-0.5.0-SNAPSHOT.jar:/home/user/.m2/repository/org/apache/hadoop/hadoop-hdds-server-scm/0.5.0-SNAPSHOT/hadoop-hdds-server-scm-0.5.0-SNAPSHOT.jar:/home/user/.m2/repository/org/apache/hadoop/hadoop-hdds-docs/0.5.0-SNAPSHOT/hadoop-hdds-docs-0.5.0-SNAPSHOT.jar:/home/user/.m2/repository/io/dropwizard/metrics/metrics-core/3.2.4/metrics-core-3.2.4.jar:/home/user/.m2/repository/org/hamcrest/hamcrest-all/1.3/hamcrest-all-1.3.jar:/home/user/.m2/repository/org/bouncycastle/bcprov-jdk15on/1.60/bcprov-jdk15on-1.60.jar:/home/user/.m2/repository/info/picocli/picocli/3.9.6/picocli-3.9.6.jar:/home/user/.m2/repository/com/google/protobuf/protobuf-java/2.5.0/protobuf-java-2.5.0.jar:/home/user/.m2/repository/com/google/guava/guava/11.0.2/guava-11.0.2.jar:/home/user/.m2/repository/org/apache/hadoop/hadoop-ozone-ozone-manager/0.5.0-SNAPSHOT/hadoop-ozone-ozone-manager-0.5.0-SNAPSHOT.jar:/home/user/.m2/repository/org/apache/hadoop/hadoop-minikdc/3.2.0/hadoop-minikdc-3.2.0.jar:/home/user/.m2/repository/commons-io/commons-io/2.5/commons-io-2.5.jar:/home/user/.m2/repository/org/apache/kerby/kerb-simplekdc/1.0.1/kerb-simplekdc-1.0.1.jar:/home/user/.m2/repository/org/apache/kerby/kerb-client/1.0.1/kerb-client-1.0.1.jar:/home/user/.m2/repository/org/apache/kerby/kerby-config/1.0.1/kerby-config-1.0.1.jar:/home/user/.m2/repository/org/apache/kerby/kerb-core/1.0.1/kerb-core-1.0.1.jar:/home/user/.m2/repository/org/apache/kerby/kerby-pkix/1.0.1/kerby-pkix-1.0.1.jar:/home/user/.m2/repository/org/apache/kerby/kerby-asn1/1.0.1/kerby-asn1-1.0.1.jar:/home/user/.m2/repository/org/apache/kerby/kerby-util/1.0.1/kerby-util-1.0.1.jar:/home/user/.m2/repository/org/apache/kerby/kerb-common/1.0.1/kerb-common-1.0.1.jar:/home/user/.m2/repository/org/apache/kerby/kerb-crypto/1.0.1/kerb-crypto-1.0.1.jar:/home/user/.m2/repository/org/apache/kerby/kerb-util/1.0.1/kerb-util-1.0.1.jar:/home/user/.m2/repository/org/apache/kerby/token-provider/1.0.1/token-provider-1.0.1.jar:/home/user/.m2/repository/org/apache/kerby/kerb-admin/1.0.1/kerb-admin-1.0.1.jar:/home/user/.m2/repository/org/apache/kerby/kerb-server/1.0.1/kerb-server-1.0.1.jar:/home/user/.m2/repository/org/apache/kerby/kerb-identity/1.0.1/kerb-identity-1.0.1.jar:/home/user/.m2/repository/org/apache/kerby/kerby-xdr/1.0.1/kerby-xdr-1.0.1.jar:/home/user/.m2/repository/org/slf4j/slf4j-log4j12/1.7.25/slf4j-log4j12-1.7.25.jar:/home/user/.m2/repository/org/apache/hadoop/hadoop-ozone-s3gateway/0.5.0-SNAPSHOT/hadoop-ozone-s3gateway-0.5.0-SNAPSHOT.jar:/home/user/.m2/repository/org/jboss/weld/servlet/weld-servlet/2.4.7.Final/weld-servlet-2.4.7.Final.jar:/home/user/.m2/repository/org/glassfish/jersey/containers/jersey-container-servlet-core/2.27/jersey-container-servlet-core-2.27.jar:/home/user/.m2/repository/org/glassfish/hk2/external/javax.inject/2.5.0-b42/javax.inject-2.5.0-b42.jar:/home/user/.m2/repository/org/glassfish/jersey/core/jersey-common/2.27/jersey-common-2.27.jar:/home/user/.m2/repository/org/glassfish/hk2/osgi-resource-locator/1.0.1/osgi-resource-locator-1.0.1.jar:/home/user/.m2/repository/javax/ws/rs/javax.ws.rs-api/2.1/javax.ws.rs-api-2.1.jar:/home/user/.m2/repository/org/glassfish/jersey/ext/cdi/jersey-cdi1x/2.27/jersey-cdi1x-2.27.jar:/home/user/.m2/repository/org/glassfish/jersey/inject/jersey-hk2/2.27/jersey-hk2-2.27.jar:/home/user/.m2/repository/org/glassfish/hk2/hk2-locator/2.5.0-b42/hk2-locator-2.5.0-b42.jar:/home/user/.m2/repository/org/javassist/javassist/3.22.0-CR2/javassist-3.22.0-CR2.jar:/home/user/.m2/repository/org/glassfish/hk2/hk2-api/2.5.0/hk2-api-2.5.0.jar:/home/user/.m2/repository/org/glassfish/hk2/external/jakarta.inject/2.5.0/jakarta.inject-2.5.0.jar:/home/user/.m2/repository/org/glassfish/hk2/hk2-utils/2.5.0/hk2-utils-2.5.0.jar:/home/user/.m2/repository/jakarta/annotation/jakarta.annotation-api/1.3.4/jakarta.annotation-api-1.3.4.jar:/home/user/.m2/repository/org/glassfish/hk2/external/aopalliance-repackaged/2.5.0/aopalliance-repackaged-2.5.0.jar:/home/user/.m2/repository/com/fasterxml/jackson/dataformat/jackson-dataformat-xml/2.9.0/jackson-dataformat-xml-2.9.0.jar:/home/user/.m2/repository/com/fasterxml/jackson/core/jackson-core/2.9.9/jackson-core-2.9.9.jar:/home/user/.m2/repository/com/fasterxml/jackson/module/jackson-module-jaxb-annotations/2.9.9/jackson-module-jaxb-annotations-2.9.9.jar:/home/user/.m2/repository/javax/enterprise/cdi-api/1.2/cdi-api-1.2.jar:/home/user/.m2/repository/javax/el/javax.el-api/3.0.0/javax.el-api-3.0.0.jar:/home/user/.m2/repository/javax/interceptor/javax.interceptor-api/1.2/javax.interceptor-api-1.2.jar:/home/user/.m2/repository/javax/inject/javax.inject/1/javax.inject-1.jar:/home/user/.m2/repository/com/sun/xml/bind/jaxb-impl/2.3.0.1/jaxb-impl-2.3.0.1.jar:/home/user/.m2/repository/com/sun/xml/bind/jaxb-core/2.3.0.1/jaxb-core-2.3.0.1.jar:/home/user/.m2/repository/javax/xml/bind/jaxb-api/2.3.0/jaxb-api-2.3.0.jar:/home/user/.m2/repository/javax/activation/activation/1.1.1/activation-1.1.1.jar:/home/user/.m2/repository/org/apache/hadoop/hadoop-ozone-csi/0.5.0-SNAPSHOT/hadoop-ozone-csi-0.5.0-SNAPSHOT.jar:/home/user/.m2/repository/com/google/protobuf/protobuf-java-util/3.5.1/protobuf-java-util-3.5.1.jar:/home/user/.m2/repository/org/apache/hadoop/hadoop-hdds-config/0.5.0-SNAPSHOT/hadoop-hdds-config-0.5.0-SNAPSHOT.jar:/home/user/.m2/repository/io/grpc/grpc-netty/1.17.1/grpc-netty-1.17.1.jar:/home/user/.m2/repository/io/grpc/grpc-core/1.17.1/grpc-core-1.17.1.jar:/home/user/.m2/repository/io/grpc/grpc-context/1.17.1/grpc-context-1.17.1.jar:/home/user/.m2/repository/com/google/errorprone/error_prone_annotations/2.2.0/error_prone_annotations-2.2.0.jar:/home/user/.m2/repository/org/codehaus/mojo/animal-sniffer-annotations/1.17/animal-sniffer-annotations-1.17.jar:/home/user/.m2/repository/io/opencensus/opencensus-api/0.17.0/opencensus-api-0.17.0.jar:/home/user/.m2/repository/io/opencensus/opencensus-contrib-grpc-metrics/0.17.0/opencensus-contrib-grpc-metrics-0.17.0.jar:/home/user/.m2/repository/io/netty/netty-codec-http2/4.1.30.Final/netty-codec-http2-4.1.30.Final.jar:/home/user/.m2/repository/io/netty/netty-codec-http/4.1.30.Final/netty-codec-http-4.1.30.Final.jar:/home/user/.m2/repository/io/netty/netty-codec/4.1.30.Final/netty-codec-4.1.30.Final.jar:/home/user/.m2/repository/io/netty/netty-handler/4.1.30.Final/netty-handler-4.1.30.Final.jar:/home/user/.m2/repository/io/netty/netty-handler-proxy/4.1.30.Final/netty-handler-proxy-4.1.30.Final.jar:/home/user/.m2/repository/io/netty/netty-codec-socks/4.1.30.Final/netty-codec-socks-4.1.30.Final.jar:/home/user/.m2/repository/io/netty/netty-transport-native-epoll/4.1.30.Final/netty-transport-native-epoll-4.1.30.Final.jar:/home/user/.m2/repository/io/netty/netty-common/4.1.30.Final/netty-common-4.1.30.Final.jar:/home/user/.m2/repository/io/netty/netty-buffer/4.1.30.Final/netty-buffer-4.1.30.Final.jar:/home/user/.m2/repository/io/netty/netty-transport/4.1.30.Final/netty-transport-4.1.30.Final.jar:/home/user/.m2/repository/io/netty/netty-resolver/4.1.30.Final/netty-resolver-4.1.30.Final.jar:/home/user/.m2/repository/io/netty/netty-transport-native-unix-common/4.1.30.Final/netty-transport-native-unix-common-4.1.30.Final.jar:/home/user/.m2/repository/io/grpc/grpc-protobuf/1.17.1/grpc-protobuf-1.17.1.jar:/home/user/.m2/repository/com/google/api/grpc/proto-google-common-protos/1.0.0/proto-google-common-protos-1.0.0.jar:/home/user/.m2/repository/io/grpc/grpc-protobuf-lite/1.17.1/grpc-protobuf-lite-1.17.1.jar:/home/user/.m2/repository/io/grpc/grpc-stub/1.17.1/grpc-stub-1.17.1.jar:/home/user/.m2/repository/org/apache/hadoop/hadoop-ozone-recon/0.5.0-SNAPSHOT/hadoop-ozone-recon-0.5.0-SNAPSHOT.jar:/home/user/.m2/repository/org/apache/hadoop/hadoop-ozone-reconcodegen/0.5.0-SNAPSHOT/hadoop-ozone-reconcodegen-0.5.0-SNAPSHOT.jar:/home/user/.m2/repository/com/google/inject/extensions/guice-multibindings/4.0/guice-multibindings-4.0.jar:/home/user/.m2/repository/com/google/inject/guice/4.0/guice-4.0.jar:/home/user/.m2/repository/aopalliance/aopalliance/1.0/aopalliance-1.0.jar:/home/user/.m2/repository/com/google/inject/extensions/guice-servlet/4.0/guice-servlet-4.0.jar:/home/user/.m2/repository/org/glassfish/jersey/containers/jersey-container-servlet/2.27/jersey-container-servlet-2.27.jar:/home/user/.m2/repository/org/glassfish/hk2/guice-bridge/2.5.0/guice-bridge-2.5.0.jar:/home/user/.m2/repository/org/glassfish/jersey/core/jersey-server/2.27/jersey-server-2.27.jar:/home/user/.m2/repository/org/glassfish/jersey/core/jersey-client/2.27/jersey-client-2.27.jar:/home/user/.m2/repository/org/glassfish/jersey/media/jersey-media-jaxb/2.27/jersey-media-jaxb-2.27.jar:/home/user/.m2/repository/javax/validation/validation-api/1.1.0.Final/validation-api-1.1.0.Final.jar:/home/user/.m2/repository/org/glassfish/jersey/media/jersey-media-json-jackson/2.27/jersey-media-json-jackson-2.27.jar:/home/user/.m2/repository/org/glassfish/jersey/ext/jersey-entity-filtering/2.27/jersey-entity-filtering-2.27.jar:/home/user/.m2/repository/com/google/inject/extensions/guice-assistedinject/4.0/guice-assistedinject-4.0.jar:/home/user/.m2/repository/org/jooq/jooq/3.11.10/jooq-3.11.10.jar:/home/user/.m2/repository/org/jooq/jooq-meta/3.11.10/jooq-meta-3.11.10.jar:/home/user/.m2/repository/org/jooq/jooq-codegen/3.11.10/jooq-codegen-3.11.10.jar:/home/user/.m2/repository/com/jolbox/bonecp/0.8.0.RELEASE/bonecp-0.8.0.RELEASE.jar:/home/user/.m2/repository/org/xerial/sqlite-jdbc/3.25.2/sqlite-jdbc-3.25.2.jar:/home/user/.m2/repository/org/springframework/spring-jdbc/5.1.3.RELEASE/spring-jdbc-5.1.3.RELEASE.jar:/home/user/.m2/repository/org/springframework/spring-beans/5.1.3.RELEASE/spring-beans-5.1.3.RELEASE.jar:/home/user/.m2/repository/org/springframework/spring-core/5.1.3.RELEASE/spring-core-5.1.3.RELEASE.jar:/home/user/.m2/repository/org/springframework/spring-jcl/5.1.3.RELEASE/spring-jcl-5.1.3.RELEASE.jar:/home/user/.m2/repository/org/springframework/spring-tx/5.1.3.RELEASE/spring-tx-5.1.3.RELEASE.jar:/home/user/.m2/repository/org/apache/hadoop/hadoop-ozone-client/0.5.0-SNAPSHOT/hadoop-ozone-client-0.5.0-SNAPSHOT.jar:/home/user/.m2/repository/commons-lang/commons-lang/2.6/commons-lang-2.6.jar:/home/user/.m2/repository/org/apache/hadoop/hadoop-ozone-ozone-manager/0.5.0-SNAPSHOT/hadoop-ozone-ozone-manager-0.5.0-SNAPSHOT-tests.jar:/home/user/.m2/repository/junit/junit/4.11/junit-4.11.jar:/home/user/.m2/repository/org/hamcrest/hamcrest-core/1.3/hamcrest-core-1.3.jar:/home/user/.m2/repository/org/openjdk/jmh/jmh-core/1.19/jmh-core-1.19.jar:/home/user/.m2/repository/net/sf/jopt-simple/jopt-simple/4.6/jopt-simple-4.6.jar:/home/user/.m2/repository/org/apache/commons/commons-math3/3.1.1/commons-math3-3.1.1.jar:/home/user/.m2/repository/org/openjdk/jmh/jmh-generator-annprocess/1.19/jmh-generator-annprocess-1.19.jar:/home/user/.m2/repository/org/mockito/mockito-all/1.8.5/mockito-all-1.8.5.jar:/home/user/.m2/repository/org/apache/hadoop/hadoop-kms/3.2.0/hadoop-kms-3.2.0.jar:/home/user/.m2/repository/org/apache/hadoop/hadoop-auth/3.2.0/hadoop-auth-3.2.0.jar:/home/user/.m2/repository/com/nimbusds/nimbus-jose-jwt/4.41.1/nimbus-jose-jwt-4.41.1.jar:/home/user/.m2/repository/com/github/stephenc/jcip/jcip-annotations/1.0-1/jcip-annotations-1.0-1.jar:/home/user/.m2/repository/net/minidev/json-smart/2.3/json-smart-2.3.jar:/home/user/.m2/repository/net/minidev/accessors-smart/1.2/accessors-smart-1.2.jar:/home/user/.m2/repository/org/ow2/asm/asm/5.0.4/asm-5.0.4.jar:/home/user/.m2/repository/org/apache/curator/curator-framework/2.12.0/curator-framework-2.12.0.jar:/home/user/.m2/repository/com/sun/jersey/jersey-core/1.19/jersey-core-1.19.jar:/home/user/.m2/repository/javax/ws/rs/jsr311-api/1.1.1/jsr311-api-1.1.1.jar:/home/user/.m2/repository/com/sun/jersey/jersey-server/1.19/jersey-server-1.19.jar:/home/user/.m2/repository/javax/servlet/javax.servlet-api/3.1.0/javax.servlet-api-3.1.0.jar:/home/user/.m2/repository/org/eclipse/jetty/jetty-server/9.3.25.v20180904/jetty-server-9.3.25.v20180904.jar:/home/user/.m2/repository/org/eclipse/jetty/jetty-http/9.3.25.v20180904/jetty-http-9.3.25.v20180904.jar:/home/user/.m2/repository/org/eclipse/jetty/jetty-io/9.3.25.v20180904/jetty-io-9.3.25.v20180904.jar:/home/user/.m2/repository/org/eclipse/jetty/jetty-webapp/9.3.25.v20180904/jetty-webapp-9.3.25.v20180904.jar:/home/user/.m2/repository/org/eclipse/jetty/jetty-xml/9.3.25.v20180904/jetty-xml-9.3.25.v20180904.jar:/home/user/.m2/repository/log4j/log4j/1.2.17/log4j-1.2.17.jar:/home/user/.m2/repository/org/slf4j/slf4j-api/1.7.25/slf4j-api-1.7.25.jar:/home/user/.m2/repository/org/slf4j/jul-to-slf4j/1.7.25/jul-to-slf4j-1.7.25.jar:/home/user/.m2/repository/org/eclipse/jetty/jetty-util/9.3.25.v20180904/jetty-util-9.3.25.v20180904.jar:/home/user/.m2/repository/com/fasterxml/jackson/core/jackson-databind/2.9.9/jackson-databind-2.9.9.jar:/home/user/.m2/repository/org/apache/hadoop/hadoop-kms/3.2.0/hadoop-kms-3.2.0-tests.jar:/home/user/.m2/repository/org/apache/hadoop/hadoop-hdds-server-scm/0.5.0-SNAPSHOT/hadoop-hdds-server-scm-0.5.0-SNAPSHOT-tests.jar:/home/user/.m2/repository/org/apache/hadoop/hadoop-hdds-container-service/0.5.0-SNAPSHOT/hadoop-hdds-container-service-0.5.0-SNAPSHOT-tests.jar:/home/user/.m2/repository/org/yaml/snakeyaml/1.16/snakeyaml-1.16.jar:/home/user/.m2/repository/org/apache/hadoop/hadoop-common/3.2.0/hadoop-common-3.2.0-tests.jar:/home/user/.m2/repository/org/apache/hadoop/hadoop-annotations/3.2.0/hadoop-annotations-3.2.0.jar:/usr/lib/jvm/java-1.8-openjdk/jre/../lib/tools.jar:/home/user/.m2/repository/commons-cli/commons-cli/1.2/commons-cli-1.2.jar:/home/user/.m2/repository/org/apache/httpcomponents/httpclient/4.5.2/httpclient-4.5.2.jar:/home/user/.m2/repository/org/apache/httpcomponents/httpcore/4.4.4/httpcore-4.4.4.jar:/home/user/.m2/repository/commons-codec/commons-codec/1.11/commons-codec-1.11.jar:/home/user/.m2/repository/commons-net/commons-net/3.6/commons-net-3.6.jar:/home/user/.m2/repository/commons-collections/commons-collections/3.2.2/commons-collections-3.2.2.jar:/home/user/.m2/repository/org/eclipse/jetty/jetty-servlet/9.3.25.v20180904/jetty-servlet-9.3.25.v20180904.jar:/home/user/.m2/repository/org/eclipse/jetty/jetty-security/9.3.25.v20180904/jetty-security-9.3.25.v20180904.jar:/home/user/.m2/repository/javax/servlet/jsp/jsp-api/2.1/jsp-api-2.1.jar:/home/user/.m2/repository/com/sun/jersey/jersey-servlet/1.19/jersey-servlet-1.19.jar:/home/user/.m2/repository/com/sun/jersey/jersey-json/1.19/jersey-json-1.19.jar:/home/user/.m2/repository/org/codehaus/jettison/jettison/1.1/jettison-1.1.jar:/home/user/.m2/repository/org/codehaus/jackson/jackson-core-asl/1.9.13/jackson-core-asl-1.9.13.jar:/home/user/.m2/repository/org/codehaus/jackson/jackson-mapper-asl/1.9.13/jackson-mapper-asl-1.9.13.jar:/home/user/.m2/repository/org/codehaus/jackson/jackson-jaxrs/1.9.13/jackson-jaxrs-1.9.13.jar:/home/user/.m2/repository/org/codehaus/jackson/jackson-xc/1.9.13/jackson-xc-1.9.13.jar:/home/user/.m2/repository/commons-logging/commons-logging/1.1.3/commons-logging-1.1.3.jar:/home/user/.m2/repository/commons-beanutils/commons-beanutils/1.9.4/commons-beanutils-1.9.4.jar:/home/user/.m2/repository/org/apache/commons/commons-configuration2/2.1.1/commons-configuration2-2.1.1.jar:/home/user/.m2/repository/org/apache/commons/commons-lang3/3.7/commons-lang3-3.7.jar:/home/user/.m2/repository/org/apache/commons/commons-text/1.4/commons-text-1.4.jar:/home/user/.m2/repository/org/apache/avro/avro/1.7.7/avro-1.7.7.jar:/home/user/.m2/repository/com/thoughtworks/paranamer/paranamer/2.3/paranamer-2.3.jar:/home/user/.m2/repository/org/xerial/snappy/snappy-java/1.0.5/snappy-java-1.0.5.jar:/home/user/.m2/repository/com/google/re2j/re2j/1.1/re2j-1.1.jar:/home/user/.m2/repository/com/google/code/gson/gson/2.2.4/gson-2.2.4.jar:/home/user/.m2/repository/com/jcraft/jsch/0.1.54/jsch-0.1.54.jar:/home/user/.m2/repository/org/apache/curator/curator-client/2.12.0/curator-client-2.12.0.jar:/home/user/.m2/repository/org/apache/curator/curator-recipes/2.12.0/curator-recipes-2.12.0.jar:/home/user/.m2/repository/com/google/code/findbugs/jsr305/3.0.0/jsr305-3.0.0.jar:/home/user/.m2/repository/org/apache/htrace/htrace-core4/4.1.0-incubating/htrace-core4-4.1.0-incubating.jar:/home/user/.m2/repository/org/apache/zookeeper/zookeeper/3.4.13/zookeeper-3.4.13.jar:/home/user/.m2/repository/jline/jline/0.9.94/jline-0.9.94.jar:/home/user/.m2/repository/org/apache/yetus/audience-annotations/0.5.0/audience-annotations-0.5.0.jar:/home/user/.m2/repository/org/codehaus/woodstox/stax2-api/3.1.4/stax2-api-3.1.4.jar:/home/user/.m2/repository/com/fasterxml/woodstox/woodstox-core/5.0.3/woodstox-core-5.0.3.jar:/home/user/.m2/repository/dnsjava/dnsjava/2.1.7/dnsjava-2.1.7.jar:/home/user/.m2/repository/org/apache/hadoop/hadoop-hdfs/3.2.0/hadoop-hdfs-3.2.0-tests.jar:/home/user/.m2/repository/org/eclipse/jetty/jetty-util-ajax/9.3.25.v20180904/jetty-util-ajax-9.3.25.v20180904.jar:/home/user/.m2/repository/commons-daemon/commons-daemon/1.0.13/commons-daemon-1.0.13.jar:/home/user/.m2/repository/io/netty/netty/3.10.5.Final/netty-3.10.5.Final.jar:/home/user/.m2/repository/io/netty/netty-all/4.0.52.Final/netty-all-4.0.52.Final.jar:/home/user/.m2/repository/org/fusesource/leveldbjni/leveldbjni-all/1.8/leveldbjni-all-1.8.jar:"/>
    <property name="sun.cpu.endian" value="little"/>
    <property name="user.home" value="/home/user"/>
    <property name="user.language" value="en"/>
    <property name="java.specification.vendor" value="Oracle Corporation"/>
    <property name="java.home" value="/usr/lib/jvm/java-1.8-openjdk/jre"/>
    <property name="java.security.krb5.conf" value="/workdir/hadoop-ozone/integration-test/target/test-classes/krb5.conf"/>
    <property name="basedir" value="/workdir/hadoop-ozone/integration-test"/>
    <property name="file.separator" value="/"/>
    <property name="line.separator" value="&#10;"/>
    <property name="java.vm.specification.vendor" value="Oracle Corporation"/>
    <property name="java.specification.name" value="Java Platform API Specification"/>
    <property name="java.awt.graphicsenv" value="sun.awt.X11GraphicsEnvironment"/>
    <property name="surefire.real.class.path" value="/workdir/hadoop-ozone/integration-test/target/surefire/surefirebooter6421369416161056644.jar"/>
    <property name="hadoop.log.dir" value="/workdir/hadoop-ozone/integration-test/target/log"/>
    <property name="sun.boot.class.path" value="/usr/lib/jvm/java-1.8-openjdk/jre/lib/resources.jar:/usr/lib/jvm/java-1.8-openjdk/jre/lib/rt.jar:/usr/lib/jvm/java-1.8-openjdk/jre/lib/sunrsasign.jar:/usr/lib/jvm/java-1.8-openjdk/jre/lib/jsse.jar:/usr/lib/jvm/java-1.8-openjdk/jre/lib/jce.jar:/usr/lib/jvm/java-1.8-openjdk/jre/lib/charsets.jar:/usr/lib/jvm/java-1.8-openjdk/jre/lib/jfr.jar:/usr/lib/jvm/java-1.8-openjdk/jre/classes"/>
    <property name="sun.management.compiler" value="HotSpot 64-Bit Tiered Compilers"/>
    <property name="java.runtime.version" value="1.8.0_212-b04"/>
    <property name="java.net.preferIPv4Stack" value="true"/>
    <property name="user.name" value="jenkins1000"/>
    <property name="path.separator" value=":"/>
    <property name="java.security.egd" value="file:///dev/urandom"/>
    <property name="os.version" value="3.10.0-957.12.2.el7.x86_64"/>
    <property name="java.endorsed.dirs" value="/usr/lib/jvm/java-1.8-openjdk/jre/lib/endorsed"/>
    <property name="java.runtime.name" value="OpenJDK Runtime Environment"/>
    <property name="file.encoding" value="UTF-8"/>
    <property name="java.vm.name" value="OpenJDK 64-Bit Server VM"/>
    <property name="test.build.webapps" value=""/>
    <property name="localRepository" value="/home/user/.m2/repository"/>
    <property name="java.vendor.url.bug" value="https://icedtea.classpath.org/bugzilla"/>
    <property name="java.io.tmpdir" value="/tmp"/>
    <property name="require.test.libhadoop" value=""/>
    <property name="java.version" value="1.8.0_212"/>
    <property name="user.dir" value="/workdir/hadoop-ozone/integration-test"/>
    <property name="os.arch" value="amd64"/>
    <property name="java.vm.specification.name" value="Java Virtual Machine Specification"/>
    <property name="test.build.classes" value="/workdir/hadoop-ozone/integration-test/target/test-classes"/>
    <property name="java.awt.printerjob" value="sun.print.PSPrinterJob"/>
    <property name="sun.os.patch.level" value="unknown"/>
    <property name="hadoop.tmp.dir" value="/workdir/hadoop-ozone/integration-test/target/tmp"/>
    <property name="java.library.path" value="/usr/lib/jvm/java-1.8-openjdk/jre/lib/amd64/server:/usr/lib/jvm/java-1.8-openjdk/jre/lib/amd64:/usr/lib/jvm/java-1.8-openjdk/jre/../lib/amd64:/workdir/hadoop-ozone/integration-test/target/native/target/usr/local/lib:/workdir/hadoop-ozone/integration-test/../../hadoop-common-project/hadoop-common/target/native/target/usr/local/lib:/usr/java/packages/lib/amd64:/usr/lib64:/lib64:/lib:/usr/lib"/>
    <property name="java.vm.info" value="mixed mode"/>
    <property name="java.vendor" value="IcedTea"/>
    <property name="java.vm.version" value="25.212-b04"/>
    <property name="java.ext.dirs" value="/usr/lib/jvm/java-1.8-openjdk/jre/lib/ext:/usr/java/packages/lib/ext"/>
    <property name="sun.io.unicode.encoding" value="UnicodeLittle"/>
    <property name="java.class.version" value="52.0"/>
  </properties>
  <testcase name="testWatchForCommitWithKeyWrite" classname="org.apache.hadoop.ozone.client.rpc.TestWatchForCommit" time="62.701"/>
  <testcase name="testWatchForCommitWithSmallerTimeoutValue" classname="org.apache.hadoop.ozone.client.rpc.TestWatchForCommit" time="49.043"/>
  <testcase name="testWatchForCommitForRetryfailure" classname="org.apache.hadoop.ozone.client.rpc.TestWatchForCommit" time="60.32"/>
  <testcase name="testWatchForCommitForGroupMismatchException" classname="org.apache.hadoop.ozone.client.rpc.TestWatchForCommit" time="33.223"/>
  <testcase name="test2WayCommitForTimeoutException" classname="org.apache.hadoop.ozone.client.rpc.TestWatchForCommit" time="27.836">
    <error message="org.apache.ratis.protocol.RaftRetryFailureException: Failed RaftClientRequest:client-24C18B69E8A9-&gt;cf77b951-1220-4844-8605-1ea68060b59b@group-D2D7F11C67B7, cid=190, seq=2*, RW, org.apache.hadoop.hdds.scm.XceiverClientRatis$$Lambda$686/2093613480@72f1d370 for 20 attempts with RetryLimited(maxAttempts=20, sleepTime=1000ms)" type="java.util.concurrent.ExecutionException">java.util.concurrent.ExecutionException: org.apache.ratis.protocol.RaftRetryFailureException: Failed RaftClientRequest:client-24C18B69E8A9->cf77b951-1220-4844-8605-1ea68060b59b@group-D2D7F11C67B7, cid=190, seq=2*, RW, org.apache.hadoop.hdds.scm.XceiverClientRatis$$Lambda$686/2093613480@72f1d370 for 20 attempts with RetryLimited(maxAttempts=20, sleepTime=1000ms)
	at java.util.concurrent.CompletableFuture.reportGet(CompletableFuture.java:357)
	at java.util.concurrent.CompletableFuture.get(CompletableFuture.java:1895)
	at org.apache.hadoop.ozone.client.rpc.TestWatchForCommit.test2WayCommitForTimeoutException(TestWatchForCommit.java:391)
	at sun.reflect.NativeMethodAccessorImpl.invoke0(Native Method)
	at sun.reflect.NativeMethodAccessorImpl.invoke(NativeMethodAccessorImpl.java:62)
	at sun.reflect.DelegatingMethodAccessorImpl.invoke(DelegatingMethodAccessorImpl.java:43)
	at java.lang.reflect.Method.invoke(Method.java:498)
	at org.junit.runners.model.FrameworkMethod$1.runReflectiveCall(FrameworkMethod.java:47)
	at org.junit.internal.runners.model.ReflectiveCallable.run(ReflectiveCallable.java:12)
	at org.junit.runners.model.FrameworkMethod.invokeExplosively(FrameworkMethod.java:44)
	at org.junit.internal.runners.statements.InvokeMethod.evaluate(InvokeMethod.java:17)
	at org.junit.runners.ParentRunner.runLeaf(ParentRunner.java:271)
	at org.junit.runners.BlockJUnit4ClassRunner.runChild(BlockJUnit4ClassRunner.java:70)
	at org.junit.runners.BlockJUnit4ClassRunner.runChild(BlockJUnit4ClassRunner.java:50)
	at org.junit.runners.ParentRunner$3.run(ParentRunner.java:238)
	at org.junit.runners.ParentRunner$1.schedule(ParentRunner.java:63)
	at org.junit.runners.ParentRunner.runChildren(ParentRunner.java:236)
	at org.junit.runners.ParentRunner.access$000(ParentRunner.java:53)
	at org.junit.runners.ParentRunner$2.evaluate(ParentRunner.java:229)
	at org.junit.runners.ParentRunner.run(ParentRunner.java:309)
	at org.apache.maven.surefire.junit4.JUnit4Provider.execute(JUnit4Provider.java:365)
	at org.apache.maven.surefire.junit4.JUnit4Provider.executeWithRerun(JUnit4Provider.java:273)
	at org.apache.maven.surefire.junit4.JUnit4Provider.executeTestSet(JUnit4Provider.java:238)
	at org.apache.maven.surefire.junit4.JUnit4Provider.invoke(JUnit4Provider.java:159)
	at org.apache.maven.surefire.booter.ForkedBooter.invokeProviderInSameClassLoader(ForkedBooter.java:384)
	at org.apache.maven.surefire.booter.ForkedBooter.runSuitesInProcess(ForkedBooter.java:345)
	at org.apache.maven.surefire.booter.ForkedBooter.execute(ForkedBooter.java:126)
	at org.apache.maven.surefire.booter.ForkedBooter.main(ForkedBooter.java:418)
Caused by: org.apache.ratis.protocol.RaftRetryFailureException: Failed RaftClientRequest:client-24C18B69E8A9->cf77b951-1220-4844-8605-1ea68060b59b@group-D2D7F11C67B7, cid=190, seq=2*, RW, org.apache.hadoop.hdds.scm.XceiverClientRatis$$Lambda$686/2093613480@72f1d370 for 20 attempts with RetryLimited(maxAttempts=20, sleepTime=1000ms)
	at org.apache.ratis.client.impl.RaftClientImpl.noMoreRetries(RaftClientImpl.java:271)
	at org.apache.ratis.client.impl.OrderedAsync.handleAsyncRetryFailure(OrderedAsync.java:138)
	at org.apache.ratis.client.impl.OrderedAsync.lambda$sendRequest$10(OrderedAsync.java:230)
	at java.util.concurrent.CompletableFuture.uniExceptionally(CompletableFuture.java:870)
	at java.util.concurrent.CompletableFuture$UniExceptionally.tryFire(CompletableFuture.java:852)
	at java.util.concurrent.CompletableFuture.postComplete(CompletableFuture.java:474)
	at java.util.concurrent.CompletableFuture.completeExceptionally(CompletableFuture.java:1977)
	at org.apache.ratis.grpc.client.GrpcClientProtocolClient$AsyncStreamObservers.completeReplyExceptionally(GrpcClientProtocolClient.java:339)
	at org.apache.ratis.grpc.client.GrpcClientProtocolClient$AsyncStreamObservers.access$000(GrpcClientProtocolClient.java:255)
	at org.apache.ratis.grpc.client.GrpcClientProtocolClient$AsyncStreamObservers$1.onError(GrpcClientProtocolClient.java:284)
	at org.apache.ratis.thirdparty.io.grpc.stub.ClientCalls$StreamObserverToCallListenerAdapter.onClose(ClientCalls.java:434)
	at org.apache.ratis.thirdparty.io.grpc.PartialForwardingClientCallListener.onClose(PartialForwardingClientCallListener.java:39)
	at org.apache.ratis.thirdparty.io.grpc.ForwardingClientCallListener.onClose(ForwardingClientCallListener.java:23)
	at org.apache.ratis.thirdparty.io.grpc.ForwardingClientCallListener$SimpleForwardingClientCallListener.onClose(ForwardingClientCallListener.java:40)
	at org.apache.ratis.thirdparty.io.grpc.internal.CensusStatsModule$StatsClientInterceptor$1$1.onClose(CensusStatsModule.java:678)
	at org.apache.ratis.thirdparty.io.grpc.PartialForwardingClientCallListener.onClose(PartialForwardingClientCallListener.java:39)
	at org.apache.ratis.thirdparty.io.grpc.ForwardingClientCallListener.onClose(ForwardingClientCallListener.java:23)
	at org.apache.ratis.thirdparty.io.grpc.ForwardingClientCallListener$SimpleForwardingClientCallListener.onClose(ForwardingClientCallListener.java:40)
	at org.apache.ratis.thirdparty.io.grpc.internal.CensusTracingModule$TracingClientInterceptor$1$1.onClose(CensusTracingModule.java:397)
	at org.apache.ratis.thirdparty.io.grpc.internal.ClientCallImpl.closeObserver(ClientCallImpl.java:459)
	at org.apache.ratis.thirdparty.io.grpc.internal.ClientCallImpl.access$300(ClientCallImpl.java:63)
	at org.apache.ratis.thirdparty.io.grpc.internal.ClientCallImpl$ClientStreamListenerImpl.close(ClientCallImpl.java:546)
	at org.apache.ratis.thirdparty.io.grpc.internal.ClientCallImpl$ClientStreamListenerImpl.access$600(ClientCallImpl.java:467)
	at org.apache.ratis.thirdparty.io.grpc.internal.ClientCallImpl$ClientStreamListenerImpl$1StreamClosed.runInContext(ClientCallImpl.java:584)
	at org.apache.ratis.thirdparty.io.grpc.internal.ContextRunnable.run(ContextRunnable.java:37)
	at org.apache.ratis.thirdparty.io.grpc.internal.SerializingExecutor.run(SerializingExecutor.java:123)
	at java.util.concurrent.ThreadPoolExecutor.runWorker(ThreadPoolExecutor.java:1149)
	at java.util.concurrent.ThreadPoolExecutor$Worker.run(ThreadPoolExecutor.java:624)
	at java.lang.Thread.run(Thread.java:748)
Caused by: java.io.IOException: org.apache.ratis.thirdparty.io.grpc.StatusRuntimeException: UNAVAILABLE: io exception
	at org.apache.ratis.grpc.GrpcUtil.unwrapException(GrpcUtil.java:76)
	at org.apache.ratis.grpc.GrpcUtil.unwrapIOException(GrpcUtil.java:128)
	at org.apache.ratis.grpc.client.GrpcClientProtocolClient$AsyncStreamObservers$1.onError(GrpcClientProtocolClient.java:283)
	... 19 more
Caused by: org.apache.ratis.thirdparty.io.grpc.StatusRuntimeException: UNAVAILABLE: io exception
	at org.apache.ratis.thirdparty.io.grpc.Status.asRuntimeException(Status.java:526)
	... 19 more
Caused by: org.apache.ratis.thirdparty.io.netty.channel.AbstractChannel$AnnotatedConnectException: Connection refused: /192.168.164.214:39644
	at sun.nio.ch.SocketChannelImpl.checkConnect(Native Method)
	at sun.nio.ch.SocketChannelImpl.finishConnect(SocketChannelImpl.java:717)
	at org.apache.ratis.thirdparty.io.netty.channel.socket.nio.NioSocketChannel.doFinishConnect(NioSocketChannel.java:327)
	at org.apache.ratis.thirdparty.io.netty.channel.nio.AbstractNioChannel$AbstractNioUnsafe.finishConnect(AbstractNioChannel.java:340)
	at org.apache.ratis.thirdparty.io.netty.channel.nio.NioEventLoop.processSelectedKey(NioEventLoop.java:632)
	at org.apache.ratis.thirdparty.io.netty.channel.nio.NioEventLoop.processSelectedKeysOptimized(NioEventLoop.java:579)
	at org.apache.ratis.thirdparty.io.netty.channel.nio.NioEventLoop.processSelectedKeys(NioEventLoop.java:496)
	at org.apache.ratis.thirdparty.io.netty.channel.nio.NioEventLoop.run(NioEventLoop.java:458)
	at org.apache.ratis.thirdparty.io.netty.util.concurrent.SingleThreadEventExecutor$5.run(SingleThreadEventExecutor.java:897)
	at org.apache.ratis.thirdparty.io.netty.util.concurrent.FastThreadLocalRunnable.run(FastThreadLocalRunnable.java:30)
	... 1 more
Caused by: java.net.ConnectException: Connection refused
	... 11 more
</error>
    <system-out><![CDATA[2019-10-14 09:23:23,465 [main] WARN  server.ServerUtils (ServerUtils.java:getScmDbDir(145)) - ozone.scm.db.dirs is not configured. We recommend adding this setting. Falling back to ozone.metadata.dirs instead.
2019-10-14 09:23:23,489 [main] WARN  server.ServerUtils (ServerUtils.java:getScmDbDir(145)) - ozone.scm.db.dirs is not configured. We recommend adding this setting. Falling back to ozone.metadata.dirs instead.
2019-10-14 09:23:23,489 [main] WARN  server.ServerUtils (ServerUtils.java:getScmDbDir(145)) - ozone.scm.db.dirs is not configured. We recommend adding this setting. Falling back to ozone.metadata.dirs instead.
2019-10-14 09:23:23,489 [main] INFO  db.DBStoreBuilder (DBStoreBuilder.java:addTable(110)) - using custom profile for table: deletedBlocks
2019-10-14 09:23:23,490 [main] INFO  db.DBStoreBuilder (DBStoreBuilder.java:processTables(161)) - Using default column profile:DBProfile.DISK for Table:deletedBlocks
2019-10-14 09:23:23,490 [main] INFO  db.DBStoreBuilder (DBStoreBuilder.java:addTable(110)) - using custom profile for table: validCerts
2019-10-14 09:23:23,490 [main] INFO  db.DBStoreBuilder (DBStoreBuilder.java:processTables(161)) - Using default column profile:DBProfile.DISK for Table:validCerts
2019-10-14 09:23:23,490 [main] INFO  db.DBStoreBuilder (DBStoreBuilder.java:addTable(110)) - using custom profile for table: revokedCerts
2019-10-14 09:23:23,490 [main] INFO  db.DBStoreBuilder (DBStoreBuilder.java:processTables(161)) - Using default column profile:DBProfile.DISK for Table:revokedCerts
2019-10-14 09:23:23,491 [main] INFO  db.DBStoreBuilder (DBStoreBuilder.java:addTable(110)) - using custom profile for table: default
2019-10-14 09:23:23,491 [main] INFO  db.DBStoreBuilder (DBStoreBuilder.java:processTables(167)) - Using default column profile:DBProfile.DISK for Table:default
2019-10-14 09:23:23,491 [main] INFO  db.DBStoreBuilder (DBStoreBuilder.java:getDbProfile(198)) - Using default options. DBProfile.DISK
2019-10-14 09:23:23,772 [main] INFO  net.NodeSchemaLoader (NodeSchemaLoader.java:loadSchemaFromFile(125)) - Loading file from sun.misc.CompoundEnumeration@6af609ea
2019-10-14 09:23:23,772 [main] INFO  net.NodeSchemaLoader (NodeSchemaLoader.java:loadSchema(171)) - Loading network topology layer schema file
2019-10-14 09:23:23,777 [main] WARN  server.ServerUtils (ServerUtils.java:sanitizeUserArgs(70)) - ozone.scm.stale.node.interval value = 300000 is larger than max = 100000 based on the key value of ozone.scm.heartbeat.thread.interval, reset to the max value 100000.
2019-10-14 09:23:23,777 [main] WARN  server.ServerUtils (ServerUtils.java:sanitizeUserArgs(70)) - ozone.scm.stale.node.interval value = 300000 is larger than max = 100000 based on the key value of ozone.scm.heartbeat.thread.interval, reset to the max value 100000.
2019-10-14 09:23:23,778 [main] INFO  node.SCMNodeManager (SCMNodeManager.java:<init>(114)) - Entering startup safe mode.
2019-10-14 09:23:23,778 [main] INFO  algorithms.ContainerPlacementPolicyFactory (ContainerPlacementPolicyFactory.java:getPolicy(59)) - Create container placement policy of type org.apache.hadoop.hdds.scm.container.placement.algorithms.SCMContainerPlacementRandom
2019-10-14 09:23:23,779 [main] WARN  server.ServerUtils (ServerUtils.java:getScmDbDir(145)) - ozone.scm.db.dirs is not configured. We recommend adding this setting. Falling back to ozone.metadata.dirs instead.
2019-10-14 09:23:23,877 [main] INFO  pipeline.SCMPipelineManager (SCMPipelineManager.java:initializePipelineState(137)) - No pipeline exists in current db
2019-10-14 09:23:23,877 [main] WARN  server.ServerUtils (ServerUtils.java:getScmDbDir(145)) - ozone.scm.db.dirs is not configured. We recommend adding this setting. Falling back to ozone.metadata.dirs instead.
2019-10-14 09:23:24,002 [main] WARN  events.EventQueue (EventQueue.java:fireEvent(183)) - No event handler registered for event TypedEvent{payloadType=SafeModeStatus, name='SafeModeStatus'}
2019-10-14 09:23:24,003 [main] INFO  ipc.CallQueueManager (CallQueueManager.java:<init>(84)) - Using callQueue: class java.util.concurrent.LinkedBlockingQueue, queueCapacity: 2000, scheduler: class org.apache.hadoop.ipc.DefaultRpcScheduler, ipcBackoff: false.
2019-10-14 09:23:24,004 [Socket Reader #1 for port 46696] INFO  ipc.Server (Server.java:run(1074)) - Starting Socket Reader #1 for port 46696
2019-10-14 09:23:24,007 [main] INFO  ipc.CallQueueManager (CallQueueManager.java:<init>(84)) - Using callQueue: class java.util.concurrent.LinkedBlockingQueue, queueCapacity: 2000, scheduler: class org.apache.hadoop.ipc.DefaultRpcScheduler, ipcBackoff: false.
2019-10-14 09:23:24,008 [Socket Reader #1 for port 43093] INFO  ipc.Server (Server.java:run(1074)) - Starting Socket Reader #1 for port 43093
2019-10-14 09:23:24,010 [main] INFO  ipc.CallQueueManager (CallQueueManager.java:<init>(84)) - Using callQueue: class java.util.concurrent.LinkedBlockingQueue, queueCapacity: 2000, scheduler: class org.apache.hadoop.ipc.DefaultRpcScheduler, ipcBackoff: false.
2019-10-14 09:23:24,011 [Socket Reader #1 for port 41417] INFO  ipc.Server (Server.java:run(1074)) - Starting Socket Reader #1 for port 41417
2019-10-14 09:23:24,013 [main] INFO  hdfs.DFSUtil (DFSUtil.java:httpServerTemplateForNNAndJN(1641)) - Starting Web-server for scm at: http://0.0.0.0:0
2019-10-14 09:23:24,015 [main] INFO  server.AuthenticationFilter (AuthenticationFilter.java:constructSecretProvider(240)) - Unable to initialize FileSignerSecretProvider, falling back to use random secrets.
2019-10-14 09:23:24,016 [main] WARN  http.HttpRequestLog (HttpRequestLog.java:getRequestLog(97)) - Jetty request log can only be enabled using Log4j
2019-10-14 09:23:24,018 [main] INFO  http.HttpServer2 (HttpServer2.java:addGlobalFilter(975)) - Added global filter 'safety' (class=org.apache.hadoop.http.HttpServer2$QuotingInputFilter)
2019-10-14 09:23:24,019 [main] INFO  http.HttpServer2 (HttpServer2.java:addFilter(948)) - Added filter static_user_filter (class=org.apache.hadoop.http.lib.StaticUserWebFilter$StaticUserFilter) to context scm
2019-10-14 09:23:24,019 [main] INFO  http.HttpServer2 (HttpServer2.java:addFilter(958)) - Added filter static_user_filter (class=org.apache.hadoop.http.lib.StaticUserWebFilter$StaticUserFilter) to context static
2019-10-14 09:23:24,019 [main] INFO  http.HttpServer2 (HttpServer2.java:addFilter(958)) - Added filter static_user_filter (class=org.apache.hadoop.http.lib.StaticUserWebFilter$StaticUserFilter) to context logs
2019-10-14 09:23:24,021 [main] INFO  server.StorageContainerManager (StorageContainerManager.java:start(770)) - StorageContainerLocationProtocol RPC server is listening at /0.0.0.0:41417
2019-10-14 09:23:24,023 [main] WARN  impl.MetricsConfig (MetricsConfig.java:loadFirst(134)) - Cannot locate configuration: tried hadoop-metrics2-storagecontainermanager.properties,hadoop-metrics2.properties
2019-10-14 09:23:24,024 [main] INFO  impl.MetricsSystemImpl (MetricsSystemImpl.java:startTimer(374)) - Scheduled Metric snapshot period at 10 second(s).
2019-10-14 09:23:24,024 [main] INFO  impl.MetricsSystemImpl (MetricsSystemImpl.java:start(191)) - StorageContainerManager metrics system started
2019-10-14 09:23:24,140 [main] INFO  lib.Interns (Interns.java:removeEldestEntry(50)) - Metrics intern cache overflow at 2011 for MetricsSystem={MetricsSystem=MetricsInfoImpl{name=MetricsSystem, description=MetricsSystem}, MetricsSystem record=MetricsInfoImpl{name=MetricsSystem, description=MetricsSystem record}}
2019-10-14 09:23:24,148 [main] WARN  impl.MetricsSystemImpl (MetricsSystemImpl.java:register(276)) - Sink prometheus already exists!
2019-10-14 09:23:24,204 [main] INFO  server.SCMClientProtocolServer (SCMClientProtocolServer.java:start(151)) - RPC server for Client  is listening at /0.0.0.0:41417
2019-10-14 09:23:24,204 [IPC Server Responder] INFO  ipc.Server (Server.java:run(1314)) - IPC Server Responder: starting
2019-10-14 09:23:24,204 [IPC Server listener on 41417] INFO  ipc.Server (Server.java:run(1153)) - IPC Server listener on 41417: starting
2019-10-14 09:23:24,209 [main] INFO  server.StorageContainerManager (StorageContainerManager.java:start(780)) - ScmBlockLocationProtocol RPC server is listening at /0.0.0.0:43093
2019-10-14 09:23:24,209 [main] INFO  server.SCMBlockProtocolServer (SCMBlockProtocolServer.java:start(146)) - RPC server for Block Protocol is listening at /0.0.0.0:43093
2019-10-14 09:23:24,209 [IPC Server Responder] INFO  ipc.Server (Server.java:run(1314)) - IPC Server Responder: starting
2019-10-14 09:23:24,209 [IPC Server listener on 43093] INFO  ipc.Server (Server.java:run(1153)) - IPC Server listener on 43093: starting
2019-10-14 09:23:24,215 [main] INFO  server.StorageContainerManager (StorageContainerManager.java:start(784)) - ScmDatanodeProtocl RPC server is listening at /0.0.0.0:46696
2019-10-14 09:23:24,215 [main] INFO  server.SCMDatanodeProtocolServer (SCMDatanodeProtocolServer.java:start(191)) - RPC server for DataNodes is listening at /0.0.0.0:46696
2019-10-14 09:23:24,215 [IPC Server Responder] INFO  ipc.Server (Server.java:run(1314)) - IPC Server Responder: starting
2019-10-14 09:23:24,215 [IPC Server listener on 46696] INFO  ipc.Server (Server.java:run(1153)) - IPC Server listener on 46696: starting
2019-10-14 09:23:24,218 [main] INFO  http.HttpServer2 (HttpServer2.java:bindListener(1191)) - Jetty bound to port 43067
2019-10-14 09:23:24,218 [main] INFO  server.Server (Server.java:doStart(351)) - jetty-9.3.25.v20180904, build timestamp: 2018-09-04T21:11:46Z, git hash: 3ce520221d0240229c862b122d2b06c12a625732
2019-10-14 09:23:24,220 [main] INFO  handler.ContextHandler (ContextHandler.java:doStart(781)) - Started o.e.j.s.ServletContextHandler@1653b84e{/logs,file:///workdir/hadoop-ozone/integration-test/target/log,AVAILABLE}
2019-10-14 09:23:24,221 [main] INFO  handler.ContextHandler (ContextHandler.java:doStart(781)) - Started o.e.j.s.ServletContextHandler@6f85ee02{/static,file:///workdir/hadoop-ozone/integration-test/target/test-classes/webapps/static,AVAILABLE}
2019-10-14 09:23:24,226 [main] INFO  handler.ContextHandler (ContextHandler.java:doStart(781)) - Started o.e.j.w.WebAppContext@15d114ce{/,file:///workdir/hadoop-ozone/integration-test/target/test-classes/webapps/scm/,AVAILABLE}{/scm}
2019-10-14 09:23:24,226 [main] INFO  server.AbstractConnector (AbstractConnector.java:doStart(278)) - Started ServerConnector@3312f4f4{HTTP/1.1,[http/1.1]}{0.0.0.0:43067}
2019-10-14 09:23:24,227 [main] INFO  server.Server (Server.java:doStart(419)) - Started @206458ms
2019-10-14 09:23:24,227 [main] WARN  impl.MetricsSystemImpl (MetricsSystemImpl.java:register(276)) - Sink prometheus already exists!
2019-10-14 09:23:24,228 [main] INFO  server.BaseHttpServer (BaseHttpServer.java:updateConnectorAddress(215)) - HTTP server of SCM is listening at http://0.0.0.0:43067
2019-10-14 09:23:24,229 [main] WARN  server.ServerUtils (ServerUtils.java:getDBPath(222)) - ozone.om.db.dirs is not configured. We recommend adding this setting. Falling back to ozone.metadata.dirs instead.
2019-10-14 09:23:24,230 [org.apache.hadoop.util.JvmPauseMonitor$Monitor@76cdafa3] INFO  util.JvmPauseMonitor (JvmPauseMonitor.java:run(188)) - Starting JVM pause monitor
2019-10-14 09:23:24,253 [main] WARN  server.ServerUtils (ServerUtils.java:getDBPath(222)) - ozone.om.db.dirs is not configured. We recommend adding this setting. Falling back to ozone.metadata.dirs instead.
2019-10-14 09:23:24,254 [main] WARN  server.ServerUtils (ServerUtils.java:getDBPath(222)) - ozone.om.db.dirs is not configured. We recommend adding this setting. Falling back to ozone.metadata.dirs instead.
2019-10-14 09:23:24,254 [main] INFO  om.OzoneManager (OzoneManager.java:setOMNodeDetails(652)) - OM Service ID is not set. Setting it to the default ID: omServiceIdDefault
2019-10-14 09:23:24,255 [main] INFO  om.OzoneManager (OzoneManager.java:setOMNodeDetails(658)) - OM Node ID is not set. Setting it to the OmStorage's OmID: 31fb80e1-c212-4757-8447-130836253701
2019-10-14 09:23:24,255 [main] INFO  om.OzoneManager (OzoneManager.java:loadOMHAConfigs(609)) - Found matching OM address with OMServiceId: null, OMNodeId: null, RPC Address: localhost:0 and Ratis port: 9872
2019-10-14 09:23:24,262 [main] WARN  server.ServerUtils (ServerUtils.java:getDBPath(222)) - ozone.om.db.dirs is not configured. We recommend adding this setting. Falling back to ozone.metadata.dirs instead.
2019-10-14 09:23:24,262 [main] INFO  db.DBStoreBuilder (DBStoreBuilder.java:addTable(110)) - using custom profile for table: userTable
2019-10-14 09:23:24,262 [main] INFO  db.DBStoreBuilder (DBStoreBuilder.java:processTables(161)) - Using default column profile:DBProfile.DISK for Table:userTable
2019-10-14 09:23:24,263 [main] INFO  db.DBStoreBuilder (DBStoreBuilder.java:addTable(110)) - using custom profile for table: volumeTable
2019-10-14 09:23:24,263 [main] INFO  db.DBStoreBuilder (DBStoreBuilder.java:processTables(161)) - Using default column profile:DBProfile.DISK for Table:volumeTable
2019-10-14 09:23:24,263 [main] INFO  db.DBStoreBuilder (DBStoreBuilder.java:addTable(110)) - using custom profile for table: bucketTable
2019-10-14 09:23:24,263 [main] INFO  db.DBStoreBuilder (DBStoreBuilder.java:processTables(161)) - Using default column profile:DBProfile.DISK for Table:bucketTable
2019-10-14 09:23:24,264 [main] INFO  db.DBStoreBuilder (DBStoreBuilder.java:addTable(110)) - using custom profile for table: keyTable
2019-10-14 09:23:24,264 [main] INFO  db.DBStoreBuilder (DBStoreBuilder.java:processTables(161)) - Using default column profile:DBProfile.DISK for Table:keyTable
2019-10-14 09:23:24,264 [main] INFO  db.DBStoreBuilder (DBStoreBuilder.java:addTable(110)) - using custom profile for table: deletedTable
2019-10-14 09:23:24,265 [main] INFO  db.DBStoreBuilder (DBStoreBuilder.java:processTables(161)) - Using default column profile:DBProfile.DISK for Table:deletedTable
2019-10-14 09:23:24,265 [main] INFO  db.DBStoreBuilder (DBStoreBuilder.java:addTable(110)) - using custom profile for table: openKeyTable
2019-10-14 09:23:24,265 [main] INFO  db.DBStoreBuilder (DBStoreBuilder.java:processTables(161)) - Using default column profile:DBProfile.DISK for Table:openKeyTable
2019-10-14 09:23:24,265 [main] INFO  db.DBStoreBuilder (DBStoreBuilder.java:addTable(110)) - using custom profile for table: s3Table
2019-10-14 09:23:24,266 [main] INFO  db.DBStoreBuilder (DBStoreBuilder.java:processTables(161)) - Using default column profile:DBProfile.DISK for Table:s3Table
2019-10-14 09:23:24,266 [main] INFO  db.DBStoreBuilder (DBStoreBuilder.java:addTable(110)) - using custom profile for table: multipartInfoTable
2019-10-14 09:23:24,266 [main] INFO  db.DBStoreBuilder (DBStoreBuilder.java:processTables(161)) - Using default column profile:DBProfile.DISK for Table:multipartInfoTable
2019-10-14 09:23:24,266 [main] INFO  db.DBStoreBuilder (DBStoreBuilder.java:addTable(110)) - using custom profile for table: dTokenTable
2019-10-14 09:23:24,267 [main] INFO  db.DBStoreBuilder (DBStoreBuilder.java:processTables(161)) - Using default column profile:DBProfile.DISK for Table:dTokenTable
2019-10-14 09:23:24,267 [main] INFO  db.DBStoreBuilder (DBStoreBuilder.java:addTable(110)) - using custom profile for table: s3SecretTable
2019-10-14 09:23:24,267 [main] INFO  db.DBStoreBuilder (DBStoreBuilder.java:processTables(161)) - Using default column profile:DBProfile.DISK for Table:s3SecretTable
2019-10-14 09:23:24,267 [main] INFO  db.DBStoreBuilder (DBStoreBuilder.java:addTable(110)) - using custom profile for table: prefixTable
2019-10-14 09:23:24,268 [main] INFO  db.DBStoreBuilder (DBStoreBuilder.java:processTables(161)) - Using default column profile:DBProfile.DISK for Table:prefixTable
2019-10-14 09:23:24,268 [main] INFO  db.DBStoreBuilder (DBStoreBuilder.java:addTable(110)) - using custom profile for table: default
2019-10-14 09:23:24,268 [main] INFO  db.DBStoreBuilder (DBStoreBuilder.java:processTables(167)) - Using default column profile:DBProfile.DISK for Table:default
2019-10-14 09:23:24,268 [main] INFO  db.DBStoreBuilder (DBStoreBuilder.java:getDbProfile(198)) - Using default options. DBProfile.DISK
2019-10-14 09:23:24,944 [main] INFO  ipc.CallQueueManager (CallQueueManager.java:<init>(84)) - Using callQueue: class java.util.concurrent.LinkedBlockingQueue, queueCapacity: 2000, scheduler: class org.apache.hadoop.ipc.DefaultRpcScheduler, ipcBackoff: false.
2019-10-14 09:23:24,945 [Socket Reader #1 for port 43876] INFO  ipc.Server (Server.java:run(1074)) - Starting Socket Reader #1 for port 43876
2019-10-14 09:23:24,957 [main] INFO  om.OzoneManager (OzoneManager.java:start(1243)) - OzoneManager RPC server is listening at localhost/127.0.0.1:43876
2019-10-14 09:23:24,957 [main] INFO  impl.MetricsSystemImpl (MetricsSystemImpl.java:init(158)) - OzoneManager metrics system started (again)
2019-10-14 09:23:24,958 [IPC Server Responder] INFO  ipc.Server (Server.java:run(1314)) - IPC Server Responder: starting
2019-10-14 09:23:24,958 [IPC Server listener on 43876] INFO  ipc.Server (Server.java:run(1153)) - IPC Server listener on 43876: starting
2019-10-14 09:23:24,963 [main] INFO  hdfs.DFSUtil (DFSUtil.java:httpServerTemplateForNNAndJN(1641)) - Starting Web-server for ozoneManager at: http://0.0.0.0:0
2019-10-14 09:23:24,964 [main] INFO  server.AuthenticationFilter (AuthenticationFilter.java:constructSecretProvider(240)) - Unable to initialize FileSignerSecretProvider, falling back to use random secrets.
2019-10-14 09:23:24,965 [main] WARN  http.HttpRequestLog (HttpRequestLog.java:getRequestLog(97)) - Jetty request log can only be enabled using Log4j
2019-10-14 09:23:24,966 [main] INFO  http.HttpServer2 (HttpServer2.java:addGlobalFilter(975)) - Added global filter 'safety' (class=org.apache.hadoop.http.HttpServer2$QuotingInputFilter)
2019-10-14 09:23:24,966 [main] INFO  http.HttpServer2 (HttpServer2.java:addFilter(948)) - Added filter static_user_filter (class=org.apache.hadoop.http.lib.StaticUserWebFilter$StaticUserFilter) to context ozoneManager
2019-10-14 09:23:24,967 [main] INFO  http.HttpServer2 (HttpServer2.java:addFilter(958)) - Added filter static_user_filter (class=org.apache.hadoop.http.lib.StaticUserWebFilter$StaticUserFilter) to context static
2019-10-14 09:23:24,967 [main] INFO  http.HttpServer2 (HttpServer2.java:addFilter(958)) - Added filter static_user_filter (class=org.apache.hadoop.http.lib.StaticUserWebFilter$StaticUserFilter) to context logs
2019-10-14 09:23:24,967 [main] INFO  http.HttpServer2 (HttpServer2.java:bindListener(1191)) - Jetty bound to port 38528
2019-10-14 09:23:24,967 [main] INFO  server.Server (Server.java:doStart(351)) - jetty-9.3.25.v20180904, build timestamp: 2018-09-04T21:11:46Z, git hash: 3ce520221d0240229c862b122d2b06c12a625732
2019-10-14 09:23:24,969 [main] INFO  handler.ContextHandler (ContextHandler.java:doStart(781)) - Started o.e.j.s.ServletContextHandler@a0c5be{/logs,file:///workdir/hadoop-ozone/integration-test/target/log,AVAILABLE}
2019-10-14 09:23:24,969 [main] INFO  handler.ContextHandler (ContextHandler.java:doStart(781)) - Started o.e.j.s.ServletContextHandler@14efa279{/static,file:///workdir/hadoop-ozone/integration-test/target/test-classes/webapps/static,AVAILABLE}
2019-10-14 09:23:24,972 [main] INFO  handler.ContextHandler (ContextHandler.java:doStart(781)) - Started o.e.j.w.WebAppContext@6c9b44bf{/,file:///workdir/hadoop-ozone/integration-test/target/test-classes/webapps/ozoneManager/,AVAILABLE}{/ozoneManager}
2019-10-14 09:23:24,973 [main] INFO  server.AbstractConnector (AbstractConnector.java:doStart(278)) - Started ServerConnector@299b9851{HTTP/1.1,[http/1.1]}{0.0.0.0:38528}
2019-10-14 09:23:24,974 [main] INFO  server.Server (Server.java:doStart(419)) - Started @207205ms
2019-10-14 09:23:24,974 [main] WARN  impl.MetricsSystemImpl (MetricsSystemImpl.java:register(276)) - Sink prometheus already exists!
2019-10-14 09:23:24,975 [main] INFO  server.BaseHttpServer (BaseHttpServer.java:updateConnectorAddress(215)) - HTTP server of OZONEMANAGER is listening at http://0.0.0.0:38528
2019-10-14 09:23:24,996 [main] INFO  impl.MetricsSystemImpl (MetricsSystemImpl.java:init(158)) - HddsDatanode metrics system started (again)
2019-10-14 09:23:25,003 [main] INFO  ozone.HddsDatanodeService (HddsDatanodeService.java:start(184)) - HddsDatanodeService host:pr-hdds-1569-vp9xg-4248047660 ip:192.168.164.214
2019-10-14 09:23:25,010 [main] INFO  volume.HddsVolume (HddsVolume.java:<init>(176)) - Creating Volume: /workdir/hadoop-ozone/integration-test/target/test-dir/MiniOzoneClusterImpl-404eb741-03bf-48e0-a9fb-0e06e39ca081/datanode-0/data/containers/hdds of  storage type : DISK and capacity : 1482555576320
2019-10-14 09:23:25,011 [main] INFO  volume.VolumeSet (VolumeSet.java:initializeVolumeSet(170)) - Added Volume : /workdir/hadoop-ozone/integration-test/target/test-dir/MiniOzoneClusterImpl-404eb741-03bf-48e0-a9fb-0e06e39ca081/datanode-0/data/containers/hdds to VolumeSet
2019-10-14 09:23:25,011 [main] INFO  volume.ThrottledAsyncChecker (ThrottledAsyncChecker.java:schedule(139)) - Scheduling a check for org.apache.hadoop.ozone.container.common.volume.HddsVolume@492be039
2019-10-14 09:23:25,012 [main] INFO  volume.HddsVolumeChecker (HddsVolumeChecker.java:checkAllVolumes(202)) - Scheduled health check for volume org.apache.hadoop.ozone.container.common.volume.HddsVolume@492be039
2019-10-14 09:23:25,030 [main] INFO  impl.RaftServerProxy (ConfUtils.java:logGet(43)) - raft.rpc.type = GRPC (default)
2019-10-14 09:23:25,031 [main] INFO  grpc.GrpcFactory (GrpcFactory.java:checkPooledByteBufAllocatorUseCacheForAllThreads(45)) - PERFORMANCE WARNING: useCacheForAllThreads is true that may cause Netty to create a lot garbage objects and, as a result, trigger GC.
	It is recommended to disable useCacheForAllThreads by setting -Dorg.apache.ratis.thirdparty.io.netty.allocator.useCacheForAllThreads=false in command line.
2019-10-14 09:23:25,031 [main] INFO  grpc.GrpcConfigKeys$Server (ConfUtils.java:logGet(43)) - raft.grpc.server.port = 0 (default)
2019-10-14 09:23:25,031 [main] INFO  server.GrpcService (ConfUtils.java:logGet(43)) - raft.grpc.message.size.max = 33570816 (custom)
2019-10-14 09:23:25,032 [main] INFO  server.RaftServerConfigKeys (ConfUtils.java:logGet(43)) - raft.server.log.appender.buffer.byte-limit = 33554432 (custom)
2019-10-14 09:23:25,032 [main] INFO  server.GrpcService (ConfUtils.java:logGet(43)) - raft.grpc.flow.control.window = 1MB (=1048576) (default)
2019-10-14 09:23:25,032 [main] INFO  server.RaftServerConfigKeys (ConfUtils.java:logGet(43)) - raft.server.rpc.request.timeout = 3000ms (default)
2019-10-14 09:23:25,033 [main] INFO  server.RaftServerConfigKeys (ConfUtils.java:logGet(43)) - raft.server.storage.dir = [/workdir/hadoop-ozone/integration-test/target/test-dir/MiniOzoneClusterImpl-404eb741-03bf-48e0-a9fb-0e06e39ca081/datanode-0/data/ratis] (custom)
2019-10-14 09:23:25,034 [main] INFO  hdfs.DFSUtil (DFSUtil.java:httpServerTemplateForNNAndJN(1641)) - Starting Web-server for hddsDatanode at: http://0.0.0.0:0
2019-10-14 09:23:25,036 [main] INFO  server.AuthenticationFilter (AuthenticationFilter.java:constructSecretProvider(240)) - Unable to initialize FileSignerSecretProvider, falling back to use random secrets.
2019-10-14 09:23:25,037 [main] WARN  http.HttpRequestLog (HttpRequestLog.java:getRequestLog(97)) - Jetty request log can only be enabled using Log4j
2019-10-14 09:23:25,038 [main] INFO  http.HttpServer2 (HttpServer2.java:addGlobalFilter(975)) - Added global filter 'safety' (class=org.apache.hadoop.http.HttpServer2$QuotingInputFilter)
2019-10-14 09:23:25,039 [main] INFO  http.HttpServer2 (HttpServer2.java:addFilter(948)) - Added filter static_user_filter (class=org.apache.hadoop.http.lib.StaticUserWebFilter$StaticUserFilter) to context hddsDatanode
2019-10-14 09:23:25,039 [main] INFO  http.HttpServer2 (HttpServer2.java:addFilter(958)) - Added filter static_user_filter (class=org.apache.hadoop.http.lib.StaticUserWebFilter$StaticUserFilter) to context logs
2019-10-14 09:23:25,039 [main] INFO  http.HttpServer2 (HttpServer2.java:addFilter(958)) - Added filter static_user_filter (class=org.apache.hadoop.http.lib.StaticUserWebFilter$StaticUserFilter) to context static
2019-10-14 09:23:25,040 [main] INFO  http.HttpServer2 (HttpServer2.java:bindListener(1191)) - Jetty bound to port 36208
2019-10-14 09:23:25,040 [main] INFO  server.Server (Server.java:doStart(351)) - jetty-9.3.25.v20180904, build timestamp: 2018-09-04T21:11:46Z, git hash: 3ce520221d0240229c862b122d2b06c12a625732
2019-10-14 09:23:25,042 [main] INFO  handler.ContextHandler (ContextHandler.java:doStart(781)) - Started o.e.j.s.ServletContextHandler@3b088163{/logs,file:///workdir/hadoop-ozone/integration-test/target/log,AVAILABLE}
2019-10-14 09:23:25,042 [main] INFO  handler.ContextHandler (ContextHandler.java:doStart(781)) - Started o.e.j.s.ServletContextHandler@611d0763{/static,jar:file:/home/user/.m2/repository/org/apache/hadoop/hadoop-hdds-container-service/0.5.0-SNAPSHOT/hadoop-hdds-container-service-0.5.0-SNAPSHOT.jar!/webapps/static,AVAILABLE}
2019-10-14 09:23:25,075 [main] INFO  handler.ContextHandler (ContextHandler.java:doStart(781)) - Started o.e.j.w.WebAppContext@6544899b{/,file:///tmp/jetty-0.0.0.0-36208-hddsDatanode-_-any-4874085122791122018.dir/webapp/,AVAILABLE}{/hddsDatanode}
2019-10-14 09:23:25,076 [main] INFO  server.AbstractConnector (AbstractConnector.java:doStart(278)) - Started ServerConnector@6da54910{HTTP/1.1,[http/1.1]}{0.0.0.0:36208}
2019-10-14 09:23:25,077 [main] INFO  server.Server (Server.java:doStart(419)) - Started @207308ms
2019-10-14 09:23:25,077 [main] WARN  impl.MetricsSystemImpl (MetricsSystemImpl.java:register(276)) - Sink prometheus already exists!
2019-10-14 09:23:25,078 [main] INFO  server.BaseHttpServer (BaseHttpServer.java:updateConnectorAddress(215)) - HTTP server of HDDSDATANODE is listening at http://0.0.0.0:36208
2019-10-14 09:23:25,078 [main] INFO  impl.MetricsSystemImpl (MetricsSystemImpl.java:init(158)) - HddsDatanode metrics system started (again)
2019-10-14 09:23:25,083 [org.apache.hadoop.util.JvmPauseMonitor$Monitor@53d7dcc7] INFO  util.JvmPauseMonitor (JvmPauseMonitor.java:run(188)) - Starting JVM pause monitor
2019-10-14 09:23:25,084 [main] INFO  ozone.HddsDatanodeService (HddsDatanodeService.java:start(184)) - HddsDatanodeService host:pr-hdds-1569-vp9xg-4248047660 ip:192.168.164.214
2019-10-14 09:23:25,084 [Datanode State Machine Thread - 0] INFO  datanode.InitDatanodeState (InitDatanodeState.java:persistContainerDatanodeDetails(140)) - DatanodeDetails is persisted to /workdir/hadoop-ozone/integration-test/target/test-dir/MiniOzoneClusterImpl-404eb741-03bf-48e0-a9fb-0e06e39ca081/datanode-0/meta/datanode.id
2019-10-14 09:23:25,089 [main] INFO  volume.HddsVolume (HddsVolume.java:<init>(176)) - Creating Volume: /workdir/hadoop-ozone/integration-test/target/test-dir/MiniOzoneClusterImpl-404eb741-03bf-48e0-a9fb-0e06e39ca081/datanode-1/data/containers/hdds of  storage type : DISK and capacity : 1482555576320
2019-10-14 09:23:25,089 [main] INFO  volume.VolumeSet (VolumeSet.java:initializeVolumeSet(170)) - Added Volume : /workdir/hadoop-ozone/integration-test/target/test-dir/MiniOzoneClusterImpl-404eb741-03bf-48e0-a9fb-0e06e39ca081/datanode-1/data/containers/hdds to VolumeSet
2019-10-14 09:23:25,089 [main] INFO  volume.ThrottledAsyncChecker (ThrottledAsyncChecker.java:schedule(139)) - Scheduling a check for org.apache.hadoop.ozone.container.common.volume.HddsVolume@463afa6e
2019-10-14 09:23:25,090 [main] INFO  volume.HddsVolumeChecker (HddsVolumeChecker.java:checkAllVolumes(202)) - Scheduled health check for volume org.apache.hadoop.ozone.container.common.volume.HddsVolume@463afa6e
2019-10-14 09:23:25,103 [main] INFO  impl.RaftServerProxy (ConfUtils.java:logGet(43)) - raft.rpc.type = GRPC (default)
2019-10-14 09:23:25,103 [main] INFO  grpc.GrpcFactory (GrpcFactory.java:checkPooledByteBufAllocatorUseCacheForAllThreads(45)) - PERFORMANCE WARNING: useCacheForAllThreads is true that may cause Netty to create a lot garbage objects and, as a result, trigger GC.
	It is recommended to disable useCacheForAllThreads by setting -Dorg.apache.ratis.thirdparty.io.netty.allocator.useCacheForAllThreads=false in command line.
2019-10-14 09:23:25,103 [main] INFO  grpc.GrpcConfigKeys$Server (ConfUtils.java:logGet(43)) - raft.grpc.server.port = 0 (default)
2019-10-14 09:23:25,103 [main] INFO  server.GrpcService (ConfUtils.java:logGet(43)) - raft.grpc.message.size.max = 33570816 (custom)
2019-10-14 09:23:25,104 [main] INFO  server.RaftServerConfigKeys (ConfUtils.java:logGet(43)) - raft.server.log.appender.buffer.byte-limit = 33554432 (custom)
2019-10-14 09:23:25,104 [main] INFO  server.GrpcService (ConfUtils.java:logGet(43)) - raft.grpc.flow.control.window = 1MB (=1048576) (default)
2019-10-14 09:23:25,104 [main] INFO  server.RaftServerConfigKeys (ConfUtils.java:logGet(43)) - raft.server.rpc.request.timeout = 3000ms (default)
2019-10-14 09:23:25,104 [main] INFO  server.RaftServerConfigKeys (ConfUtils.java:logGet(43)) - raft.server.storage.dir = [/workdir/hadoop-ozone/integration-test/target/test-dir/MiniOzoneClusterImpl-404eb741-03bf-48e0-a9fb-0e06e39ca081/datanode-1/data/ratis] (custom)
2019-10-14 09:23:25,105 [main] INFO  hdfs.DFSUtil (DFSUtil.java:httpServerTemplateForNNAndJN(1641)) - Starting Web-server for hddsDatanode at: http://0.0.0.0:0
2019-10-14 09:23:25,107 [main] INFO  server.AuthenticationFilter (AuthenticationFilter.java:constructSecretProvider(240)) - Unable to initialize FileSignerSecretProvider, falling back to use random secrets.
2019-10-14 09:23:25,107 [main] WARN  http.HttpRequestLog (HttpRequestLog.java:getRequestLog(97)) - Jetty request log can only be enabled using Log4j
2019-10-14 09:23:25,108 [main] INFO  http.HttpServer2 (HttpServer2.java:addGlobalFilter(975)) - Added global filter 'safety' (class=org.apache.hadoop.http.HttpServer2$QuotingInputFilter)
2019-10-14 09:23:25,109 [main] INFO  http.HttpServer2 (HttpServer2.java:addFilter(948)) - Added filter static_user_filter (class=org.apache.hadoop.http.lib.StaticUserWebFilter$StaticUserFilter) to context hddsDatanode
2019-10-14 09:23:25,109 [main] INFO  http.HttpServer2 (HttpServer2.java:addFilter(958)) - Added filter static_user_filter (class=org.apache.hadoop.http.lib.StaticUserWebFilter$StaticUserFilter) to context static
2019-10-14 09:23:25,109 [main] INFO  http.HttpServer2 (HttpServer2.java:addFilter(958)) - Added filter static_user_filter (class=org.apache.hadoop.http.lib.StaticUserWebFilter$StaticUserFilter) to context logs
2019-10-14 09:23:25,110 [main] INFO  http.HttpServer2 (HttpServer2.java:bindListener(1191)) - Jetty bound to port 33745
2019-10-14 09:23:25,110 [main] INFO  server.Server (Server.java:doStart(351)) - jetty-9.3.25.v20180904, build timestamp: 2018-09-04T21:11:46Z, git hash: 3ce520221d0240229c862b122d2b06c12a625732
2019-10-14 09:23:25,112 [main] INFO  handler.ContextHandler (ContextHandler.java:doStart(781)) - Started o.e.j.s.ServletContextHandler@5a9840f3{/logs,file:///workdir/hadoop-ozone/integration-test/target/log,AVAILABLE}
2019-10-14 09:23:25,112 [main] INFO  handler.ContextHandler (ContextHandler.java:doStart(781)) - Started o.e.j.s.ServletContextHandler@382d71c7{/static,jar:file:/home/user/.m2/repository/org/apache/hadoop/hadoop-hdds-container-service/0.5.0-SNAPSHOT/hadoop-hdds-container-service-0.5.0-SNAPSHOT.jar!/webapps/static,AVAILABLE}
2019-10-14 09:23:25,140 [main] INFO  handler.ContextHandler (ContextHandler.java:doStart(781)) - Started o.e.j.w.WebAppContext@50ec4bfc{/,file:///tmp/jetty-0.0.0.0-33745-hddsDatanode-_-any-7397517580625736929.dir/webapp/,AVAILABLE}{/hddsDatanode}
2019-10-14 09:23:25,140 [main] INFO  server.AbstractConnector (AbstractConnector.java:doStart(278)) - Started ServerConnector@8b13d91{HTTP/1.1,[http/1.1]}{0.0.0.0:33745}
2019-10-14 09:23:25,142 [main] INFO  server.Server (Server.java:doStart(419)) - Started @207373ms
2019-10-14 09:23:25,142 [main] WARN  impl.MetricsSystemImpl (MetricsSystemImpl.java:register(276)) - Sink prometheus already exists!
2019-10-14 09:23:25,142 [main] INFO  server.BaseHttpServer (BaseHttpServer.java:updateConnectorAddress(215)) - HTTP server of HDDSDATANODE is listening at http://0.0.0.0:33745
2019-10-14 09:23:25,143 [main] INFO  impl.MetricsSystemImpl (MetricsSystemImpl.java:init(158)) - HddsDatanode metrics system started (again)
2019-10-14 09:23:25,147 [org.apache.hadoop.util.JvmPauseMonitor$Monitor@69a1a40e] INFO  util.JvmPauseMonitor (JvmPauseMonitor.java:run(188)) - Starting JVM pause monitor
2019-10-14 09:23:25,148 [main] INFO  ozone.HddsDatanodeService (HddsDatanodeService.java:start(184)) - HddsDatanodeService host:pr-hdds-1569-vp9xg-4248047660 ip:192.168.164.214
2019-10-14 09:23:25,148 [Datanode State Machine Thread - 0] INFO  datanode.InitDatanodeState (InitDatanodeState.java:persistContainerDatanodeDetails(140)) - DatanodeDetails is persisted to /workdir/hadoop-ozone/integration-test/target/test-dir/MiniOzoneClusterImpl-404eb741-03bf-48e0-a9fb-0e06e39ca081/datanode-1/meta/datanode.id
2019-10-14 09:23:25,154 [main] INFO  volume.HddsVolume (HddsVolume.java:<init>(176)) - Creating Volume: /workdir/hadoop-ozone/integration-test/target/test-dir/MiniOzoneClusterImpl-404eb741-03bf-48e0-a9fb-0e06e39ca081/datanode-2/data/containers/hdds of  storage type : DISK and capacity : 1482555576320
2019-10-14 09:23:25,154 [main] INFO  volume.VolumeSet (VolumeSet.java:initializeVolumeSet(170)) - Added Volume : /workdir/hadoop-ozone/integration-test/target/test-dir/MiniOzoneClusterImpl-404eb741-03bf-48e0-a9fb-0e06e39ca081/datanode-2/data/containers/hdds to VolumeSet
2019-10-14 09:23:25,154 [main] INFO  volume.ThrottledAsyncChecker (ThrottledAsyncChecker.java:schedule(139)) - Scheduling a check for org.apache.hadoop.ozone.container.common.volume.HddsVolume@71936a92
2019-10-14 09:23:25,155 [main] INFO  volume.HddsVolumeChecker (HddsVolumeChecker.java:checkAllVolumes(202)) - Scheduled health check for volume org.apache.hadoop.ozone.container.common.volume.HddsVolume@71936a92
2019-10-14 09:23:25,168 [main] INFO  impl.RaftServerProxy (ConfUtils.java:logGet(43)) - raft.rpc.type = GRPC (default)
2019-10-14 09:23:25,168 [main] INFO  grpc.GrpcFactory (GrpcFactory.java:checkPooledByteBufAllocatorUseCacheForAllThreads(45)) - PERFORMANCE WARNING: useCacheForAllThreads is true that may cause Netty to create a lot garbage objects and, as a result, trigger GC.
	It is recommended to disable useCacheForAllThreads by setting -Dorg.apache.ratis.thirdparty.io.netty.allocator.useCacheForAllThreads=false in command line.
2019-10-14 09:23:25,168 [main] INFO  grpc.GrpcConfigKeys$Server (ConfUtils.java:logGet(43)) - raft.grpc.server.port = 0 (default)
2019-10-14 09:23:25,168 [main] INFO  server.GrpcService (ConfUtils.java:logGet(43)) - raft.grpc.message.size.max = 33570816 (custom)
2019-10-14 09:23:25,169 [main] INFO  server.RaftServerConfigKeys (ConfUtils.java:logGet(43)) - raft.server.log.appender.buffer.byte-limit = 33554432 (custom)
2019-10-14 09:23:25,169 [main] INFO  server.GrpcService (ConfUtils.java:logGet(43)) - raft.grpc.flow.control.window = 1MB (=1048576) (default)
2019-10-14 09:23:25,169 [main] INFO  server.RaftServerConfigKeys (ConfUtils.java:logGet(43)) - raft.server.rpc.request.timeout = 3000ms (default)
2019-10-14 09:23:25,169 [main] INFO  server.RaftServerConfigKeys (ConfUtils.java:logGet(43)) - raft.server.storage.dir = [/workdir/hadoop-ozone/integration-test/target/test-dir/MiniOzoneClusterImpl-404eb741-03bf-48e0-a9fb-0e06e39ca081/datanode-2/data/ratis] (custom)
2019-10-14 09:23:25,171 [main] INFO  hdfs.DFSUtil (DFSUtil.java:httpServerTemplateForNNAndJN(1641)) - Starting Web-server for hddsDatanode at: http://0.0.0.0:0
2019-10-14 09:23:25,172 [main] INFO  server.AuthenticationFilter (AuthenticationFilter.java:constructSecretProvider(240)) - Unable to initialize FileSignerSecretProvider, falling back to use random secrets.
2019-10-14 09:23:25,173 [main] WARN  http.HttpRequestLog (HttpRequestLog.java:getRequestLog(97)) - Jetty request log can only be enabled using Log4j
2019-10-14 09:23:25,174 [main] INFO  http.HttpServer2 (HttpServer2.java:addGlobalFilter(975)) - Added global filter 'safety' (class=org.apache.hadoop.http.HttpServer2$QuotingInputFilter)
2019-10-14 09:23:25,175 [main] INFO  http.HttpServer2 (HttpServer2.java:addFilter(948)) - Added filter static_user_filter (class=org.apache.hadoop.http.lib.StaticUserWebFilter$StaticUserFilter) to context hddsDatanode
2019-10-14 09:23:25,175 [main] INFO  http.HttpServer2 (HttpServer2.java:addFilter(958)) - Added filter static_user_filter (class=org.apache.hadoop.http.lib.StaticUserWebFilter$StaticUserFilter) to context logs
2019-10-14 09:23:25,175 [main] INFO  http.HttpServer2 (HttpServer2.java:addFilter(958)) - Added filter static_user_filter (class=org.apache.hadoop.http.lib.StaticUserWebFilter$StaticUserFilter) to context static
2019-10-14 09:23:25,176 [main] INFO  http.HttpServer2 (HttpServer2.java:bindListener(1191)) - Jetty bound to port 42359
2019-10-14 09:23:25,176 [main] INFO  server.Server (Server.java:doStart(351)) - jetty-9.3.25.v20180904, build timestamp: 2018-09-04T21:11:46Z, git hash: 3ce520221d0240229c862b122d2b06c12a625732
2019-10-14 09:23:25,177 [main] INFO  handler.ContextHandler (ContextHandler.java:doStart(781)) - Started o.e.j.s.ServletContextHandler@48d739f{/logs,file:///workdir/hadoop-ozone/integration-test/target/log,AVAILABLE}
2019-10-14 09:23:25,178 [main] INFO  handler.ContextHandler (ContextHandler.java:doStart(781)) - Started o.e.j.s.ServletContextHandler@65cc5252{/static,jar:file:/home/user/.m2/repository/org/apache/hadoop/hadoop-hdds-container-service/0.5.0-SNAPSHOT/hadoop-hdds-container-service-0.5.0-SNAPSHOT.jar!/webapps/static,AVAILABLE}
2019-10-14 09:23:25,207 [main] INFO  handler.ContextHandler (ContextHandler.java:doStart(781)) - Started o.e.j.w.WebAppContext@3caee3a8{/,file:///tmp/jetty-0.0.0.0-42359-hddsDatanode-_-any-8944315438607269648.dir/webapp/,AVAILABLE}{/hddsDatanode}
2019-10-14 09:23:25,207 [main] INFO  server.AbstractConnector (AbstractConnector.java:doStart(278)) - Started ServerConnector@69a40b3c{HTTP/1.1,[http/1.1]}{0.0.0.0:42359}
2019-10-14 09:23:25,209 [main] INFO  server.Server (Server.java:doStart(419)) - Started @207440ms
2019-10-14 09:23:25,209 [main] WARN  impl.MetricsSystemImpl (MetricsSystemImpl.java:register(276)) - Sink prometheus already exists!
2019-10-14 09:23:25,209 [main] INFO  server.BaseHttpServer (BaseHttpServer.java:updateConnectorAddress(215)) - HTTP server of HDDSDATANODE is listening at http://0.0.0.0:42359
2019-10-14 09:23:25,210 [main] INFO  impl.MetricsSystemImpl (MetricsSystemImpl.java:init(158)) - HddsDatanode metrics system started (again)
2019-10-14 09:23:25,215 [org.apache.hadoop.util.JvmPauseMonitor$Monitor@192d1b22] INFO  util.JvmPauseMonitor (JvmPauseMonitor.java:run(188)) - Starting JVM pause monitor
2019-10-14 09:23:25,216 [Datanode State Machine Thread - 0] INFO  datanode.InitDatanodeState (InitDatanodeState.java:persistContainerDatanodeDetails(140)) - DatanodeDetails is persisted to /workdir/hadoop-ozone/integration-test/target/test-dir/MiniOzoneClusterImpl-404eb741-03bf-48e0-a9fb-0e06e39ca081/datanode-2/meta/datanode.id
2019-10-14 09:23:25,217 [main] INFO  ozone.HddsDatanodeService (HddsDatanodeService.java:start(184)) - HddsDatanodeService host:pr-hdds-1569-vp9xg-4248047660 ip:192.168.164.214
2019-10-14 09:23:25,222 [main] INFO  volume.HddsVolume (HddsVolume.java:<init>(176)) - Creating Volume: /workdir/hadoop-ozone/integration-test/target/test-dir/MiniOzoneClusterImpl-404eb741-03bf-48e0-a9fb-0e06e39ca081/datanode-3/data/containers/hdds of  storage type : DISK and capacity : 1482555576320
2019-10-14 09:23:25,223 [main] INFO  volume.VolumeSet (VolumeSet.java:initializeVolumeSet(170)) - Added Volume : /workdir/hadoop-ozone/integration-test/target/test-dir/MiniOzoneClusterImpl-404eb741-03bf-48e0-a9fb-0e06e39ca081/datanode-3/data/containers/hdds to VolumeSet
2019-10-14 09:23:25,223 [main] INFO  volume.ThrottledAsyncChecker (ThrottledAsyncChecker.java:schedule(139)) - Scheduling a check for org.apache.hadoop.ozone.container.common.volume.HddsVolume@50bc3219
2019-10-14 09:23:25,223 [main] INFO  volume.HddsVolumeChecker (HddsVolumeChecker.java:checkAllVolumes(202)) - Scheduled health check for volume org.apache.hadoop.ozone.container.common.volume.HddsVolume@50bc3219
2019-10-14 09:23:25,238 [main] INFO  impl.RaftServerProxy (ConfUtils.java:logGet(43)) - raft.rpc.type = GRPC (default)
2019-10-14 09:23:25,239 [main] INFO  grpc.GrpcFactory (GrpcFactory.java:checkPooledByteBufAllocatorUseCacheForAllThreads(45)) - PERFORMANCE WARNING: useCacheForAllThreads is true that may cause Netty to create a lot garbage objects and, as a result, trigger GC.
	It is recommended to disable useCacheForAllThreads by setting -Dorg.apache.ratis.thirdparty.io.netty.allocator.useCacheForAllThreads=false in command line.
2019-10-14 09:23:25,239 [main] INFO  grpc.GrpcConfigKeys$Server (ConfUtils.java:logGet(43)) - raft.grpc.server.port = 0 (default)
2019-10-14 09:23:25,239 [main] INFO  server.GrpcService (ConfUtils.java:logGet(43)) - raft.grpc.message.size.max = 33570816 (custom)
2019-10-14 09:23:25,239 [main] INFO  server.RaftServerConfigKeys (ConfUtils.java:logGet(43)) - raft.server.log.appender.buffer.byte-limit = 33554432 (custom)
2019-10-14 09:23:25,239 [main] INFO  server.GrpcService (ConfUtils.java:logGet(43)) - raft.grpc.flow.control.window = 1MB (=1048576) (default)
2019-10-14 09:23:25,240 [main] INFO  server.RaftServerConfigKeys (ConfUtils.java:logGet(43)) - raft.server.rpc.request.timeout = 3000ms (default)
2019-10-14 09:23:25,240 [main] INFO  server.RaftServerConfigKeys (ConfUtils.java:logGet(43)) - raft.server.storage.dir = [/workdir/hadoop-ozone/integration-test/target/test-dir/MiniOzoneClusterImpl-404eb741-03bf-48e0-a9fb-0e06e39ca081/datanode-3/data/ratis] (custom)
2019-10-14 09:23:25,241 [main] INFO  hdfs.DFSUtil (DFSUtil.java:httpServerTemplateForNNAndJN(1641)) - Starting Web-server for hddsDatanode at: http://0.0.0.0:0
2019-10-14 09:23:25,243 [main] INFO  server.AuthenticationFilter (AuthenticationFilter.java:constructSecretProvider(240)) - Unable to initialize FileSignerSecretProvider, falling back to use random secrets.
2019-10-14 09:23:25,243 [main] WARN  http.HttpRequestLog (HttpRequestLog.java:getRequestLog(97)) - Jetty request log can only be enabled using Log4j
2019-10-14 09:23:25,245 [main] INFO  http.HttpServer2 (HttpServer2.java:addGlobalFilter(975)) - Added global filter 'safety' (class=org.apache.hadoop.http.HttpServer2$QuotingInputFilter)
2019-10-14 09:23:25,246 [main] INFO  http.HttpServer2 (HttpServer2.java:addFilter(948)) - Added filter static_user_filter (class=org.apache.hadoop.http.lib.StaticUserWebFilter$StaticUserFilter) to context hddsDatanode
2019-10-14 09:23:25,246 [main] INFO  http.HttpServer2 (HttpServer2.java:addFilter(958)) - Added filter static_user_filter (class=org.apache.hadoop.http.lib.StaticUserWebFilter$StaticUserFilter) to context logs
2019-10-14 09:23:25,246 [main] INFO  http.HttpServer2 (HttpServer2.java:addFilter(958)) - Added filter static_user_filter (class=org.apache.hadoop.http.lib.StaticUserWebFilter$StaticUserFilter) to context static
2019-10-14 09:23:25,247 [main] INFO  http.HttpServer2 (HttpServer2.java:bindListener(1191)) - Jetty bound to port 34052
2019-10-14 09:23:25,247 [main] INFO  server.Server (Server.java:doStart(351)) - jetty-9.3.25.v20180904, build timestamp: 2018-09-04T21:11:46Z, git hash: 3ce520221d0240229c862b122d2b06c12a625732
2019-10-14 09:23:25,249 [main] INFO  handler.ContextHandler (ContextHandler.java:doStart(781)) - Started o.e.j.s.ServletContextHandler@4a2bf50f{/logs,file:///workdir/hadoop-ozone/integration-test/target/log,AVAILABLE}
2019-10-14 09:23:25,249 [main] INFO  handler.ContextHandler (ContextHandler.java:doStart(781)) - Started o.e.j.s.ServletContextHandler@2506b881{/static,jar:file:/home/user/.m2/repository/org/apache/hadoop/hadoop-hdds-container-service/0.5.0-SNAPSHOT/hadoop-hdds-container-service-0.5.0-SNAPSHOT.jar!/webapps/static,AVAILABLE}
2019-10-14 09:23:25,278 [main] INFO  handler.ContextHandler (ContextHandler.java:doStart(781)) - Started o.e.j.w.WebAppContext@2bec068b{/,file:///tmp/jetty-0.0.0.0-34052-hddsDatanode-_-any-8045530136405598066.dir/webapp/,AVAILABLE}{/hddsDatanode}
2019-10-14 09:23:25,278 [main] INFO  server.AbstractConnector (AbstractConnector.java:doStart(278)) - Started ServerConnector@7d59e968{HTTP/1.1,[http/1.1]}{0.0.0.0:34052}
2019-10-14 09:23:25,280 [main] INFO  server.Server (Server.java:doStart(419)) - Started @207511ms
2019-10-14 09:23:25,280 [main] WARN  impl.MetricsSystemImpl (MetricsSystemImpl.java:register(276)) - Sink prometheus already exists!
2019-10-14 09:23:25,281 [main] INFO  server.BaseHttpServer (BaseHttpServer.java:updateConnectorAddress(215)) - HTTP server of HDDSDATANODE is listening at http://0.0.0.0:34052
2019-10-14 09:23:25,281 [main] INFO  impl.MetricsSystemImpl (MetricsSystemImpl.java:init(158)) - HddsDatanode metrics system started (again)
2019-10-14 09:23:25,287 [org.apache.hadoop.util.JvmPauseMonitor$Monitor@16884079] INFO  util.JvmPauseMonitor (JvmPauseMonitor.java:run(188)) - Starting JVM pause monitor
2019-10-14 09:23:25,288 [Datanode State Machine Thread - 0] INFO  datanode.InitDatanodeState (InitDatanodeState.java:persistContainerDatanodeDetails(140)) - DatanodeDetails is persisted to /workdir/hadoop-ozone/integration-test/target/test-dir/MiniOzoneClusterImpl-404eb741-03bf-48e0-a9fb-0e06e39ca081/datanode-3/meta/datanode.id
2019-10-14 09:23:25,289 [main] INFO  ozone.HddsDatanodeService (HddsDatanodeService.java:start(184)) - HddsDatanodeService host:pr-hdds-1569-vp9xg-4248047660 ip:192.168.164.214
2019-10-14 09:23:25,295 [main] INFO  volume.HddsVolume (HddsVolume.java:<init>(176)) - Creating Volume: /workdir/hadoop-ozone/integration-test/target/test-dir/MiniOzoneClusterImpl-404eb741-03bf-48e0-a9fb-0e06e39ca081/datanode-4/data/containers/hdds of  storage type : DISK and capacity : 1482555576320
2019-10-14 09:23:25,295 [main] INFO  volume.VolumeSet (VolumeSet.java:initializeVolumeSet(170)) - Added Volume : /workdir/hadoop-ozone/integration-test/target/test-dir/MiniOzoneClusterImpl-404eb741-03bf-48e0-a9fb-0e06e39ca081/datanode-4/data/containers/hdds to VolumeSet
2019-10-14 09:23:25,295 [main] INFO  volume.ThrottledAsyncChecker (ThrottledAsyncChecker.java:schedule(139)) - Scheduling a check for org.apache.hadoop.ozone.container.common.volume.HddsVolume@6c835217
2019-10-14 09:23:25,296 [main] INFO  volume.HddsVolumeChecker (HddsVolumeChecker.java:checkAllVolumes(202)) - Scheduled health check for volume org.apache.hadoop.ozone.container.common.volume.HddsVolume@6c835217
2019-10-14 09:23:25,313 [main] INFO  impl.RaftServerProxy (ConfUtils.java:logGet(43)) - raft.rpc.type = GRPC (default)
2019-10-14 09:23:25,313 [main] INFO  grpc.GrpcFactory (GrpcFactory.java:checkPooledByteBufAllocatorUseCacheForAllThreads(45)) - PERFORMANCE WARNING: useCacheForAllThreads is true that may cause Netty to create a lot garbage objects and, as a result, trigger GC.
	It is recommended to disable useCacheForAllThreads by setting -Dorg.apache.ratis.thirdparty.io.netty.allocator.useCacheForAllThreads=false in command line.
2019-10-14 09:23:25,313 [main] INFO  grpc.GrpcConfigKeys$Server (ConfUtils.java:logGet(43)) - raft.grpc.server.port = 0 (default)
2019-10-14 09:23:25,313 [main] INFO  server.GrpcService (ConfUtils.java:logGet(43)) - raft.grpc.message.size.max = 33570816 (custom)
2019-10-14 09:23:25,313 [main] INFO  server.RaftServerConfigKeys (ConfUtils.java:logGet(43)) - raft.server.log.appender.buffer.byte-limit = 33554432 (custom)
2019-10-14 09:23:25,314 [main] INFO  server.GrpcService (ConfUtils.java:logGet(43)) - raft.grpc.flow.control.window = 1MB (=1048576) (default)
2019-10-14 09:23:25,314 [main] INFO  server.RaftServerConfigKeys (ConfUtils.java:logGet(43)) - raft.server.rpc.request.timeout = 3000ms (default)
2019-10-14 09:23:25,314 [main] INFO  server.RaftServerConfigKeys (ConfUtils.java:logGet(43)) - raft.server.storage.dir = [/workdir/hadoop-ozone/integration-test/target/test-dir/MiniOzoneClusterImpl-404eb741-03bf-48e0-a9fb-0e06e39ca081/datanode-4/data/ratis] (custom)
2019-10-14 09:23:25,316 [main] INFO  hdfs.DFSUtil (DFSUtil.java:httpServerTemplateForNNAndJN(1641)) - Starting Web-server for hddsDatanode at: http://0.0.0.0:0
2019-10-14 09:23:25,317 [main] INFO  server.AuthenticationFilter (AuthenticationFilter.java:constructSecretProvider(240)) - Unable to initialize FileSignerSecretProvider, falling back to use random secrets.
2019-10-14 09:23:25,318 [main] WARN  http.HttpRequestLog (HttpRequestLog.java:getRequestLog(97)) - Jetty request log can only be enabled using Log4j
2019-10-14 09:23:25,319 [main] INFO  http.HttpServer2 (HttpServer2.java:addGlobalFilter(975)) - Added global filter 'safety' (class=org.apache.hadoop.http.HttpServer2$QuotingInputFilter)
2019-10-14 09:23:25,320 [main] INFO  http.HttpServer2 (HttpServer2.java:addFilter(948)) - Added filter static_user_filter (class=org.apache.hadoop.http.lib.StaticUserWebFilter$StaticUserFilter) to context hddsDatanode
2019-10-14 09:23:25,320 [main] INFO  http.HttpServer2 (HttpServer2.java:addFilter(958)) - Added filter static_user_filter (class=org.apache.hadoop.http.lib.StaticUserWebFilter$StaticUserFilter) to context logs
2019-10-14 09:23:25,320 [main] INFO  http.HttpServer2 (HttpServer2.java:addFilter(958)) - Added filter static_user_filter (class=org.apache.hadoop.http.lib.StaticUserWebFilter$StaticUserFilter) to context static
2019-10-14 09:23:25,321 [main] INFO  http.HttpServer2 (HttpServer2.java:bindListener(1191)) - Jetty bound to port 32856
2019-10-14 09:23:25,321 [main] INFO  server.Server (Server.java:doStart(351)) - jetty-9.3.25.v20180904, build timestamp: 2018-09-04T21:11:46Z, git hash: 3ce520221d0240229c862b122d2b06c12a625732
2019-10-14 09:23:25,323 [main] INFO  handler.ContextHandler (ContextHandler.java:doStart(781)) - Started o.e.j.s.ServletContextHandler@5cff729b{/logs,file:///workdir/hadoop-ozone/integration-test/target/log,AVAILABLE}
2019-10-14 09:23:25,323 [main] INFO  handler.ContextHandler (ContextHandler.java:doStart(781)) - Started o.e.j.s.ServletContextHandler@6b8b5020{/static,jar:file:/home/user/.m2/repository/org/apache/hadoop/hadoop-hdds-container-service/0.5.0-SNAPSHOT/hadoop-hdds-container-service-0.5.0-SNAPSHOT.jar!/webapps/static,AVAILABLE}
2019-10-14 09:23:25,352 [main] INFO  handler.ContextHandler (ContextHandler.java:doStart(781)) - Started o.e.j.w.WebAppContext@75e80a97{/,file:///tmp/jetty-0.0.0.0-32856-hddsDatanode-_-any-3935474903197783705.dir/webapp/,AVAILABLE}{/hddsDatanode}
2019-10-14 09:23:25,352 [main] INFO  server.AbstractConnector (AbstractConnector.java:doStart(278)) - Started ServerConnector@5b8853{HTTP/1.1,[http/1.1]}{0.0.0.0:32856}
2019-10-14 09:23:25,353 [main] INFO  server.Server (Server.java:doStart(419)) - Started @207585ms
2019-10-14 09:23:25,354 [main] WARN  impl.MetricsSystemImpl (MetricsSystemImpl.java:register(276)) - Sink prometheus already exists!
2019-10-14 09:23:25,354 [main] INFO  server.BaseHttpServer (BaseHttpServer.java:updateConnectorAddress(215)) - HTTP server of HDDSDATANODE is listening at http://0.0.0.0:32856
2019-10-14 09:23:25,355 [main] INFO  impl.MetricsSystemImpl (MetricsSystemImpl.java:init(158)) - HddsDatanode metrics system started (again)
2019-10-14 09:23:25,364 [org.apache.hadoop.util.JvmPauseMonitor$Monitor@fcbc049] INFO  util.JvmPauseMonitor (JvmPauseMonitor.java:run(188)) - Starting JVM pause monitor
2019-10-14 09:23:25,365 [Datanode State Machine Thread - 0] INFO  datanode.InitDatanodeState (InitDatanodeState.java:persistContainerDatanodeDetails(140)) - DatanodeDetails is persisted to /workdir/hadoop-ozone/integration-test/target/test-dir/MiniOzoneClusterImpl-404eb741-03bf-48e0-a9fb-0e06e39ca081/datanode-4/meta/datanode.id
2019-10-14 09:23:25,367 [main] INFO  ozone.HddsDatanodeService (HddsDatanodeService.java:start(184)) - HddsDatanodeService host:pr-hdds-1569-vp9xg-4248047660 ip:192.168.164.214
2019-10-14 09:23:25,374 [main] INFO  volume.HddsVolume (HddsVolume.java:<init>(176)) - Creating Volume: /workdir/hadoop-ozone/integration-test/target/test-dir/MiniOzoneClusterImpl-404eb741-03bf-48e0-a9fb-0e06e39ca081/datanode-5/data/containers/hdds of  storage type : DISK and capacity : 1482555576320
2019-10-14 09:23:25,374 [main] INFO  volume.VolumeSet (VolumeSet.java:initializeVolumeSet(170)) - Added Volume : /workdir/hadoop-ozone/integration-test/target/test-dir/MiniOzoneClusterImpl-404eb741-03bf-48e0-a9fb-0e06e39ca081/datanode-5/data/containers/hdds to VolumeSet
2019-10-14 09:23:25,374 [main] INFO  volume.ThrottledAsyncChecker (ThrottledAsyncChecker.java:schedule(139)) - Scheduling a check for org.apache.hadoop.ozone.container.common.volume.HddsVolume@747f6c5a
2019-10-14 09:23:25,375 [main] INFO  volume.HddsVolumeChecker (HddsVolumeChecker.java:checkAllVolumes(202)) - Scheduled health check for volume org.apache.hadoop.ozone.container.common.volume.HddsVolume@747f6c5a
2019-10-14 09:23:25,398 [main] INFO  impl.RaftServerProxy (ConfUtils.java:logGet(43)) - raft.rpc.type = GRPC (default)
2019-10-14 09:23:25,399 [main] INFO  grpc.GrpcFactory (GrpcFactory.java:checkPooledByteBufAllocatorUseCacheForAllThreads(45)) - PERFORMANCE WARNING: useCacheForAllThreads is true that may cause Netty to create a lot garbage objects and, as a result, trigger GC.
	It is recommended to disable useCacheForAllThreads by setting -Dorg.apache.ratis.thirdparty.io.netty.allocator.useCacheForAllThreads=false in command line.
2019-10-14 09:23:25,399 [main] INFO  grpc.GrpcConfigKeys$Server (ConfUtils.java:logGet(43)) - raft.grpc.server.port = 0 (default)
2019-10-14 09:23:25,400 [main] INFO  server.GrpcService (ConfUtils.java:logGet(43)) - raft.grpc.message.size.max = 33570816 (custom)
2019-10-14 09:23:25,400 [main] INFO  server.RaftServerConfigKeys (ConfUtils.java:logGet(43)) - raft.server.log.appender.buffer.byte-limit = 33554432 (custom)
2019-10-14 09:23:25,400 [main] INFO  server.GrpcService (ConfUtils.java:logGet(43)) - raft.grpc.flow.control.window = 1MB (=1048576) (default)
2019-10-14 09:23:25,400 [main] INFO  server.RaftServerConfigKeys (ConfUtils.java:logGet(43)) - raft.server.rpc.request.timeout = 3000ms (default)
2019-10-14 09:23:25,401 [main] INFO  server.RaftServerConfigKeys (ConfUtils.java:logGet(43)) - raft.server.storage.dir = [/workdir/hadoop-ozone/integration-test/target/test-dir/MiniOzoneClusterImpl-404eb741-03bf-48e0-a9fb-0e06e39ca081/datanode-5/data/ratis] (custom)
2019-10-14 09:23:25,403 [main] INFO  hdfs.DFSUtil (DFSUtil.java:httpServerTemplateForNNAndJN(1641)) - Starting Web-server for hddsDatanode at: http://0.0.0.0:0
2019-10-14 09:23:25,405 [main] INFO  server.AuthenticationFilter (AuthenticationFilter.java:constructSecretProvider(240)) - Unable to initialize FileSignerSecretProvider, falling back to use random secrets.
2019-10-14 09:23:25,409 [main] WARN  http.HttpRequestLog (HttpRequestLog.java:getRequestLog(97)) - Jetty request log can only be enabled using Log4j
2019-10-14 09:23:25,411 [main] INFO  http.HttpServer2 (HttpServer2.java:addGlobalFilter(975)) - Added global filter 'safety' (class=org.apache.hadoop.http.HttpServer2$QuotingInputFilter)
2019-10-14 09:23:25,412 [main] INFO  http.HttpServer2 (HttpServer2.java:addFilter(948)) - Added filter static_user_filter (class=org.apache.hadoop.http.lib.StaticUserWebFilter$StaticUserFilter) to context hddsDatanode
2019-10-14 09:23:25,412 [main] INFO  http.HttpServer2 (HttpServer2.java:addFilter(958)) - Added filter static_user_filter (class=org.apache.hadoop.http.lib.StaticUserWebFilter$StaticUserFilter) to context logs
2019-10-14 09:23:25,412 [main] INFO  http.HttpServer2 (HttpServer2.java:addFilter(958)) - Added filter static_user_filter (class=org.apache.hadoop.http.lib.StaticUserWebFilter$StaticUserFilter) to context static
2019-10-14 09:23:25,413 [main] INFO  http.HttpServer2 (HttpServer2.java:bindListener(1191)) - Jetty bound to port 36568
2019-10-14 09:23:25,413 [main] INFO  server.Server (Server.java:doStart(351)) - jetty-9.3.25.v20180904, build timestamp: 2018-09-04T21:11:46Z, git hash: 3ce520221d0240229c862b122d2b06c12a625732
2019-10-14 09:23:25,415 [main] INFO  handler.ContextHandler (ContextHandler.java:doStart(781)) - Started o.e.j.s.ServletContextHandler@2055833f{/logs,file:///workdir/hadoop-ozone/integration-test/target/log,AVAILABLE}
2019-10-14 09:23:25,416 [main] INFO  handler.ContextHandler (ContextHandler.java:doStart(781)) - Started o.e.j.s.ServletContextHandler@310d57b1{/static,jar:file:/home/user/.m2/repository/org/apache/hadoop/hadoop-hdds-container-service/0.5.0-SNAPSHOT/hadoop-hdds-container-service-0.5.0-SNAPSHOT.jar!/webapps/static,AVAILABLE}
2019-10-14 09:23:25,441 [main] INFO  handler.ContextHandler (ContextHandler.java:doStart(781)) - Started o.e.j.w.WebAppContext@72a8361b{/,file:///tmp/jetty-0.0.0.0-36568-hddsDatanode-_-any-7402449300148370907.dir/webapp/,AVAILABLE}{/hddsDatanode}
2019-10-14 09:23:25,441 [main] INFO  server.AbstractConnector (AbstractConnector.java:doStart(278)) - Started ServerConnector@36478bce{HTTP/1.1,[http/1.1]}{0.0.0.0:36568}
2019-10-14 09:23:25,443 [main] INFO  server.Server (Server.java:doStart(419)) - Started @207674ms
2019-10-14 09:23:25,443 [main] WARN  impl.MetricsSystemImpl (MetricsSystemImpl.java:register(276)) - Sink prometheus already exists!
2019-10-14 09:23:25,444 [main] INFO  server.BaseHttpServer (BaseHttpServer.java:updateConnectorAddress(215)) - HTTP server of HDDSDATANODE is listening at http://0.0.0.0:36568
2019-10-14 09:23:25,444 [main] INFO  impl.MetricsSystemImpl (MetricsSystemImpl.java:init(158)) - HddsDatanode metrics system started (again)
2019-10-14 09:23:25,451 [org.apache.hadoop.util.JvmPauseMonitor$Monitor@4c46d0b1] INFO  util.JvmPauseMonitor (JvmPauseMonitor.java:run(188)) - Starting JVM pause monitor
2019-10-14 09:23:25,452 [Datanode State Machine Thread - 0] INFO  datanode.InitDatanodeState (InitDatanodeState.java:persistContainerDatanodeDetails(140)) - DatanodeDetails is persisted to /workdir/hadoop-ozone/integration-test/target/test-dir/MiniOzoneClusterImpl-404eb741-03bf-48e0-a9fb-0e06e39ca081/datanode-5/meta/datanode.id
2019-10-14 09:23:25,453 [main] INFO  ozone.HddsDatanodeService (HddsDatanodeService.java:start(184)) - HddsDatanodeService host:pr-hdds-1569-vp9xg-4248047660 ip:192.168.164.214
2019-10-14 09:23:25,459 [main] INFO  volume.HddsVolume (HddsVolume.java:<init>(176)) - Creating Volume: /workdir/hadoop-ozone/integration-test/target/test-dir/MiniOzoneClusterImpl-404eb741-03bf-48e0-a9fb-0e06e39ca081/datanode-6/data/containers/hdds of  storage type : DISK and capacity : 1482555576320
2019-10-14 09:23:25,460 [main] INFO  volume.VolumeSet (VolumeSet.java:initializeVolumeSet(170)) - Added Volume : /workdir/hadoop-ozone/integration-test/target/test-dir/MiniOzoneClusterImpl-404eb741-03bf-48e0-a9fb-0e06e39ca081/datanode-6/data/containers/hdds to VolumeSet
2019-10-14 09:23:25,460 [main] INFO  volume.ThrottledAsyncChecker (ThrottledAsyncChecker.java:schedule(139)) - Scheduling a check for org.apache.hadoop.ozone.container.common.volume.HddsVolume@3c18942
2019-10-14 09:23:25,460 [main] INFO  volume.HddsVolumeChecker (HddsVolumeChecker.java:checkAllVolumes(202)) - Scheduled health check for volume org.apache.hadoop.ozone.container.common.volume.HddsVolume@3c18942
2019-10-14 09:23:25,485 [main] INFO  impl.RaftServerProxy (ConfUtils.java:logGet(43)) - raft.rpc.type = GRPC (default)
2019-10-14 09:23:25,486 [main] INFO  grpc.GrpcFactory (GrpcFactory.java:checkPooledByteBufAllocatorUseCacheForAllThreads(45)) - PERFORMANCE WARNING: useCacheForAllThreads is true that may cause Netty to create a lot garbage objects and, as a result, trigger GC.
	It is recommended to disable useCacheForAllThreads by setting -Dorg.apache.ratis.thirdparty.io.netty.allocator.useCacheForAllThreads=false in command line.
2019-10-14 09:23:25,486 [main] INFO  grpc.GrpcConfigKeys$Server (ConfUtils.java:logGet(43)) - raft.grpc.server.port = 0 (default)
2019-10-14 09:23:25,486 [main] INFO  server.GrpcService (ConfUtils.java:logGet(43)) - raft.grpc.message.size.max = 33570816 (custom)
2019-10-14 09:23:25,486 [main] INFO  server.RaftServerConfigKeys (ConfUtils.java:logGet(43)) - raft.server.log.appender.buffer.byte-limit = 33554432 (custom)
2019-10-14 09:23:25,487 [main] INFO  server.GrpcService (ConfUtils.java:logGet(43)) - raft.grpc.flow.control.window = 1MB (=1048576) (default)
2019-10-14 09:23:25,487 [main] INFO  server.RaftServerConfigKeys (ConfUtils.java:logGet(43)) - raft.server.rpc.request.timeout = 3000ms (default)
2019-10-14 09:23:25,487 [main] INFO  server.RaftServerConfigKeys (ConfUtils.java:logGet(43)) - raft.server.storage.dir = [/workdir/hadoop-ozone/integration-test/target/test-dir/MiniOzoneClusterImpl-404eb741-03bf-48e0-a9fb-0e06e39ca081/datanode-6/data/ratis] (custom)
2019-10-14 09:23:25,489 [main] INFO  hdfs.DFSUtil (DFSUtil.java:httpServerTemplateForNNAndJN(1641)) - Starting Web-server for hddsDatanode at: http://0.0.0.0:0
2019-10-14 09:23:25,491 [main] INFO  server.AuthenticationFilter (AuthenticationFilter.java:constructSecretProvider(240)) - Unable to initialize FileSignerSecretProvider, falling back to use random secrets.
2019-10-14 09:23:25,492 [main] WARN  http.HttpRequestLog (HttpRequestLog.java:getRequestLog(97)) - Jetty request log can only be enabled using Log4j
2019-10-14 09:23:25,494 [main] INFO  http.HttpServer2 (HttpServer2.java:addGlobalFilter(975)) - Added global filter 'safety' (class=org.apache.hadoop.http.HttpServer2$QuotingInputFilter)
2019-10-14 09:23:25,495 [main] INFO  http.HttpServer2 (HttpServer2.java:addFilter(948)) - Added filter static_user_filter (class=org.apache.hadoop.http.lib.StaticUserWebFilter$StaticUserFilter) to context hddsDatanode
2019-10-14 09:23:25,495 [main] INFO  http.HttpServer2 (HttpServer2.java:addFilter(958)) - Added filter static_user_filter (class=org.apache.hadoop.http.lib.StaticUserWebFilter$StaticUserFilter) to context logs
2019-10-14 09:23:25,495 [main] INFO  http.HttpServer2 (HttpServer2.java:addFilter(958)) - Added filter static_user_filter (class=org.apache.hadoop.http.lib.StaticUserWebFilter$StaticUserFilter) to context static
2019-10-14 09:23:25,496 [main] INFO  http.HttpServer2 (HttpServer2.java:bindListener(1191)) - Jetty bound to port 43903
2019-10-14 09:23:25,496 [main] INFO  server.Server (Server.java:doStart(351)) - jetty-9.3.25.v20180904, build timestamp: 2018-09-04T21:11:46Z, git hash: 3ce520221d0240229c862b122d2b06c12a625732
2019-10-14 09:23:25,498 [main] INFO  handler.ContextHandler (ContextHandler.java:doStart(781)) - Started o.e.j.s.ServletContextHandler@451e2fa9{/logs,file:///workdir/hadoop-ozone/integration-test/target/log,AVAILABLE}
2019-10-14 09:23:25,498 [main] INFO  handler.ContextHandler (ContextHandler.java:doStart(781)) - Started o.e.j.s.ServletContextHandler@3cb6e0ee{/static,jar:file:/home/user/.m2/repository/org/apache/hadoop/hadoop-hdds-container-service/0.5.0-SNAPSHOT/hadoop-hdds-container-service-0.5.0-SNAPSHOT.jar!/webapps/static,AVAILABLE}
2019-10-14 09:23:25,534 [main] INFO  handler.ContextHandler (ContextHandler.java:doStart(781)) - Started o.e.j.w.WebAppContext@14d8e132{/,file:///tmp/jetty-0.0.0.0-43903-hddsDatanode-_-any-2633990816687867269.dir/webapp/,AVAILABLE}{/hddsDatanode}
2019-10-14 09:23:25,535 [main] INFO  server.AbstractConnector (AbstractConnector.java:doStart(278)) - Started ServerConnector@7f4a1cac{HTTP/1.1,[http/1.1]}{0.0.0.0:43903}
2019-10-14 09:23:25,537 [main] INFO  server.Server (Server.java:doStart(419)) - Started @207768ms
2019-10-14 09:23:25,537 [main] WARN  impl.MetricsSystemImpl (MetricsSystemImpl.java:register(276)) - Sink prometheus already exists!
2019-10-14 09:23:25,538 [main] INFO  server.BaseHttpServer (BaseHttpServer.java:updateConnectorAddress(215)) - HTTP server of HDDSDATANODE is listening at http://0.0.0.0:43903
2019-10-14 09:23:25,538 [main] INFO  ozone.MiniOzoneClusterImpl (MiniOzoneClusterImpl.java:lambda$waitForClusterToBeReady$0(147)) - Waiting for cluster to be ready. Got 0 of 7 DN Heartbeats.
2019-10-14 09:23:25,539 [org.apache.hadoop.util.JvmPauseMonitor$Monitor@39bc5274] INFO  util.JvmPauseMonitor (JvmPauseMonitor.java:run(188)) - Starting JVM pause monitor
2019-10-14 09:23:25,541 [Datanode State Machine Thread - 0] INFO  datanode.InitDatanodeState (InitDatanodeState.java:persistContainerDatanodeDetails(140)) - DatanodeDetails is persisted to /workdir/hadoop-ozone/integration-test/target/test-dir/MiniOzoneClusterImpl-404eb741-03bf-48e0-a9fb-0e06e39ca081/datanode-6/meta/datanode.id
2019-10-14 09:23:26,539 [main] INFO  ozone.MiniOzoneClusterImpl (MiniOzoneClusterImpl.java:lambda$waitForClusterToBeReady$0(147)) - Waiting for cluster to be ready. Got 0 of 7 DN Heartbeats.
2019-10-14 09:23:27,150 [Datanode State Machine Thread - 0] INFO  ozoneimpl.OzoneContainer (OzoneContainer.java:start(217)) - Attempting to start container services.
2019-10-14 09:23:27,150 [Datanode State Machine Thread - 0] INFO  ozoneimpl.OzoneContainer (OzoneContainer.java:startContainerScrub(179)) - Background container scanner has been disabled.
2019-10-14 09:23:27,151 [Datanode State Machine Thread - 0] INFO  ratis.XceiverServerRatis (XceiverServerRatis.java:start(411)) - Starting XceiverServerRatis 866eb045-3bfb-47dc-a4c6-3505e598a7c3 at port 0
2019-10-14 09:23:27,155 [Datanode State Machine Thread - 0] INFO  impl.RaftServerProxy (RaftServerProxy.java:lambda$start$3(299)) - 866eb045-3bfb-47dc-a4c6-3505e598a7c3: start RPC server
2019-10-14 09:23:27,158 [Datanode State Machine Thread - 0] INFO  server.GrpcService (GrpcService.java:startImpl(158)) - 866eb045-3bfb-47dc-a4c6-3505e598a7c3: GrpcService started, listening on 0.0.0.0/0.0.0.0:38008
2019-10-14 09:23:27,158 [Datanode State Machine Thread - 0] INFO  ratis.XceiverServerRatis (XceiverServerRatis.java:start(421)) - XceiverServerRatis 866eb045-3bfb-47dc-a4c6-3505e598a7c3 is started using port 38008
2019-10-14 09:23:27,158 [Datanode State Machine Thread - 0] INFO  server.XceiverServerGrpc (XceiverServerGrpc.java:start(149)) - XceiverServerGrpc 866eb045-3bfb-47dc-a4c6-3505e598a7c3 is started using port 35643
2019-10-14 09:23:27,172 [Datanode State Machine Thread - 0] INFO  ozoneimpl.OzoneContainer (OzoneContainer.java:start(217)) - Attempting to start container services.
2019-10-14 09:23:27,173 [Datanode State Machine Thread - 0] INFO  ozoneimpl.OzoneContainer (OzoneContainer.java:startContainerScrub(179)) - Background container scanner has been disabled.
2019-10-14 09:23:27,173 [Datanode State Machine Thread - 0] INFO  ratis.XceiverServerRatis (XceiverServerRatis.java:start(411)) - Starting XceiverServerRatis cf77b951-1220-4844-8605-1ea68060b59b at port 0
2019-10-14 09:23:27,178 [Datanode State Machine Thread - 0] INFO  impl.RaftServerProxy (RaftServerProxy.java:lambda$start$3(299)) - cf77b951-1220-4844-8605-1ea68060b59b: start RPC server
2019-10-14 09:23:27,178 [Datanode State Machine Thread - 0] INFO  server.GrpcService (GrpcService.java:startImpl(158)) - cf77b951-1220-4844-8605-1ea68060b59b: GrpcService started, listening on 0.0.0.0/0.0.0.0:39644
2019-10-14 09:23:27,178 [Datanode State Machine Thread - 0] INFO  ratis.XceiverServerRatis (XceiverServerRatis.java:start(421)) - XceiverServerRatis cf77b951-1220-4844-8605-1ea68060b59b is started using port 39644
2019-10-14 09:23:27,179 [Datanode State Machine Thread - 0] INFO  server.XceiverServerGrpc (XceiverServerGrpc.java:start(149)) - XceiverServerGrpc cf77b951-1220-4844-8605-1ea68060b59b is started using port 44212
2019-10-14 09:23:27,239 [Datanode State Machine Thread - 0] INFO  ozoneimpl.OzoneContainer (OzoneContainer.java:start(217)) - Attempting to start container services.
2019-10-14 09:23:27,239 [Datanode State Machine Thread - 0] INFO  ozoneimpl.OzoneContainer (OzoneContainer.java:startContainerScrub(179)) - Background container scanner has been disabled.
2019-10-14 09:23:27,239 [Datanode State Machine Thread - 0] INFO  ratis.XceiverServerRatis (XceiverServerRatis.java:start(411)) - Starting XceiverServerRatis 65e356af-3b1f-43b6-88fa-b0df542a6460 at port 0
2019-10-14 09:23:27,244 [Datanode State Machine Thread - 0] INFO  impl.RaftServerProxy (RaftServerProxy.java:lambda$start$3(299)) - 65e356af-3b1f-43b6-88fa-b0df542a6460: start RPC server
2019-10-14 09:23:27,245 [Datanode State Machine Thread - 0] INFO  server.GrpcService (GrpcService.java:startImpl(158)) - 65e356af-3b1f-43b6-88fa-b0df542a6460: GrpcService started, listening on 0.0.0.0/0.0.0.0:38206
2019-10-14 09:23:27,246 [Datanode State Machine Thread - 0] INFO  ratis.XceiverServerRatis (XceiverServerRatis.java:start(421)) - XceiverServerRatis 65e356af-3b1f-43b6-88fa-b0df542a6460 is started using port 38206
2019-10-14 09:23:27,246 [Datanode State Machine Thread - 0] INFO  server.XceiverServerGrpc (XceiverServerGrpc.java:start(149)) - XceiverServerGrpc 65e356af-3b1f-43b6-88fa-b0df542a6460 is started using port 37507
2019-10-14 09:23:27,310 [Datanode State Machine Thread - 0] INFO  ozoneimpl.OzoneContainer (OzoneContainer.java:start(217)) - Attempting to start container services.
2019-10-14 09:23:27,310 [Datanode State Machine Thread - 0] INFO  ozoneimpl.OzoneContainer (OzoneContainer.java:startContainerScrub(179)) - Background container scanner has been disabled.
2019-10-14 09:23:27,310 [Datanode State Machine Thread - 0] INFO  ratis.XceiverServerRatis (XceiverServerRatis.java:start(411)) - Starting XceiverServerRatis 03fab2fb-e7d4-4e78-a4c4-f6863ac12e1f at port 0
2019-10-14 09:23:27,315 [Datanode State Machine Thread - 0] INFO  impl.RaftServerProxy (RaftServerProxy.java:lambda$start$3(299)) - 03fab2fb-e7d4-4e78-a4c4-f6863ac12e1f: start RPC server
2019-10-14 09:23:27,316 [Datanode State Machine Thread - 0] INFO  server.GrpcService (GrpcService.java:startImpl(158)) - 03fab2fb-e7d4-4e78-a4c4-f6863ac12e1f: GrpcService started, listening on 0.0.0.0/0.0.0.0:33299
2019-10-14 09:23:27,316 [Datanode State Machine Thread - 0] INFO  ratis.XceiverServerRatis (XceiverServerRatis.java:start(421)) - XceiverServerRatis 03fab2fb-e7d4-4e78-a4c4-f6863ac12e1f is started using port 33299
2019-10-14 09:23:27,318 [Datanode State Machine Thread - 0] INFO  server.XceiverServerGrpc (XceiverServerGrpc.java:start(149)) - XceiverServerGrpc 03fab2fb-e7d4-4e78-a4c4-f6863ac12e1f is started using port 37265
2019-10-14 09:23:27,387 [Datanode State Machine Thread - 0] INFO  ozoneimpl.OzoneContainer (OzoneContainer.java:start(217)) - Attempting to start container services.
2019-10-14 09:23:27,388 [Datanode State Machine Thread - 0] INFO  ozoneimpl.OzoneContainer (OzoneContainer.java:startContainerScrub(179)) - Background container scanner has been disabled.
2019-10-14 09:23:27,388 [Datanode State Machine Thread - 0] INFO  ratis.XceiverServerRatis (XceiverServerRatis.java:start(411)) - Starting XceiverServerRatis f21c5b87-272d-4473-86ef-15bafd2985f9 at port 0
2019-10-14 09:23:27,392 [Datanode State Machine Thread - 0] INFO  impl.RaftServerProxy (RaftServerProxy.java:lambda$start$3(299)) - f21c5b87-272d-4473-86ef-15bafd2985f9: start RPC server
2019-10-14 09:23:27,394 [Datanode State Machine Thread - 0] INFO  server.GrpcService (GrpcService.java:startImpl(158)) - f21c5b87-272d-4473-86ef-15bafd2985f9: GrpcService started, listening on 0.0.0.0/0.0.0.0:40223
2019-10-14 09:23:27,394 [Datanode State Machine Thread - 0] INFO  ratis.XceiverServerRatis (XceiverServerRatis.java:start(421)) - XceiverServerRatis f21c5b87-272d-4473-86ef-15bafd2985f9 is started using port 40223
2019-10-14 09:23:27,396 [Datanode State Machine Thread - 0] INFO  server.XceiverServerGrpc (XceiverServerGrpc.java:start(149)) - XceiverServerGrpc f21c5b87-272d-4473-86ef-15bafd2985f9 is started using port 34218
2019-10-14 09:23:27,473 [Datanode State Machine Thread - 0] INFO  ozoneimpl.OzoneContainer (OzoneContainer.java:start(217)) - Attempting to start container services.
2019-10-14 09:23:27,474 [Datanode State Machine Thread - 0] INFO  ozoneimpl.OzoneContainer (OzoneContainer.java:startContainerScrub(179)) - Background container scanner has been disabled.
2019-10-14 09:23:27,474 [Datanode State Machine Thread - 0] INFO  ratis.XceiverServerRatis (XceiverServerRatis.java:start(411)) - Starting XceiverServerRatis ff8cf76f-81bb-40fb-9266-fb490038af97 at port 0
2019-10-14 09:23:27,479 [Datanode State Machine Thread - 0] INFO  impl.RaftServerProxy (RaftServerProxy.java:lambda$start$3(299)) - ff8cf76f-81bb-40fb-9266-fb490038af97: start RPC server
2019-10-14 09:23:27,482 [Datanode State Machine Thread - 0] INFO  server.GrpcService (GrpcService.java:startImpl(158)) - ff8cf76f-81bb-40fb-9266-fb490038af97: GrpcService started, listening on 0.0.0.0/0.0.0.0:45617
2019-10-14 09:23:27,483 [Datanode State Machine Thread - 0] INFO  ratis.XceiverServerRatis (XceiverServerRatis.java:start(421)) - XceiverServerRatis ff8cf76f-81bb-40fb-9266-fb490038af97 is started using port 45617
2019-10-14 09:23:27,483 [Datanode State Machine Thread - 0] INFO  server.XceiverServerGrpc (XceiverServerGrpc.java:start(149)) - XceiverServerGrpc ff8cf76f-81bb-40fb-9266-fb490038af97 is started using port 34699
2019-10-14 09:23:27,540 [main] INFO  ozone.MiniOzoneClusterImpl (MiniOzoneClusterImpl.java:lambda$waitForClusterToBeReady$0(147)) - Waiting for cluster to be ready. Got 0 of 7 DN Heartbeats.
2019-10-14 09:23:27,564 [Datanode State Machine Thread - 0] INFO  ozoneimpl.OzoneContainer (OzoneContainer.java:start(217)) - Attempting to start container services.
2019-10-14 09:23:27,564 [Datanode State Machine Thread - 0] INFO  ozoneimpl.OzoneContainer (OzoneContainer.java:startContainerScrub(179)) - Background container scanner has been disabled.
2019-10-14 09:23:27,565 [Datanode State Machine Thread - 0] INFO  ratis.XceiverServerRatis (XceiverServerRatis.java:start(411)) - Starting XceiverServerRatis c6f466fb-6021-469a-9685-fe99611c8ad0 at port 0
2019-10-14 09:23:27,572 [Datanode State Machine Thread - 0] INFO  impl.RaftServerProxy (RaftServerProxy.java:lambda$start$3(299)) - c6f466fb-6021-469a-9685-fe99611c8ad0: start RPC server
2019-10-14 09:23:27,588 [Datanode State Machine Thread - 0] INFO  server.GrpcService (GrpcService.java:startImpl(158)) - c6f466fb-6021-469a-9685-fe99611c8ad0: GrpcService started, listening on 0.0.0.0/0.0.0.0:41555
2019-10-14 09:23:27,588 [Datanode State Machine Thread - 0] INFO  ratis.XceiverServerRatis (XceiverServerRatis.java:start(421)) - XceiverServerRatis c6f466fb-6021-469a-9685-fe99611c8ad0 is started using port 41555
2019-10-14 09:23:27,589 [Datanode State Machine Thread - 0] INFO  server.XceiverServerGrpc (XceiverServerGrpc.java:start(149)) - XceiverServerGrpc c6f466fb-6021-469a-9685-fe99611c8ad0 is started using port 46859
2019-10-14 09:23:28,540 [main] INFO  ozone.MiniOzoneClusterImpl (MiniOzoneClusterImpl.java:lambda$waitForClusterToBeReady$0(147)) - Waiting for cluster to be ready. Got 0 of 7 DN Heartbeats.
2019-10-14 09:23:29,089 [IPC Server handler 5 on 46696] INFO  net.NetworkTopology (NetworkTopologyImpl.java:add(111)) - Added a new node: /default-rack/866eb045-3bfb-47dc-a4c6-3505e598a7c3
2019-10-14 09:23:29,092 [IPC Server handler 5 on 46696] INFO  node.SCMNodeManager (SCMNodeManager.java:register(266)) - Registered Data node : 866eb045-3bfb-47dc-a4c6-3505e598a7c3{ip: 192.168.164.214, host: pr-hdds-1569-vp9xg-4248047660, networkLocation: /default-rack, certSerialId: null}
2019-10-14 09:23:29,093 [EventQueue-NodeRegistrationContainerReportForDataNodeSafeModeRule] INFO  safemode.SCMSafeModeManager (DataNodeSafeModeRule.java:process(71)) - SCM in safe mode. 1 DataNodes registered, 1 required.
2019-10-14 09:23:29,097 [EventQueue-NodeRegistrationContainerReportForDataNodeSafeModeRule] INFO  safemode.SCMSafeModeManager (SCMSafeModeManager.java:validateSafeModeExitRules(177)) - ScmSafeModeManager, all rules are successfully validated
2019-10-14 09:23:29,097 [EventQueue-NodeRegistrationContainerReportForDataNodeSafeModeRule] INFO  safemode.SCMSafeModeManager (SCMSafeModeManager.java:exitSafeMode(193)) - SCM exiting safe mode.
2019-10-14 09:23:29,107 [grpc-default-executor-15] INFO  impl.RaftServerProxy (RaftServerProxy.java:addNew(89)) - 866eb045-3bfb-47dc-a4c6-3505e598a7c3: addNew group-9B2205769DA1:[866eb045-3bfb-47dc-a4c6-3505e598a7c3:192.168.164.214:38008] returns group-9B2205769DA1:java.util.concurrent.CompletableFuture@14e765e9[Not completed]
2019-10-14 09:23:29,109 [pool-383-thread-1] INFO  impl.RaftServerImpl (RaftServerImpl.java:<init>(95)) - 866eb045-3bfb-47dc-a4c6-3505e598a7c3: new RaftServerImpl for group-9B2205769DA1:[866eb045-3bfb-47dc-a4c6-3505e598a7c3:192.168.164.214:38008] with ContainerStateMachine:uninitialized
2019-10-14 09:23:29,109 [pool-383-thread-1] INFO  server.RaftServerConfigKeys (ConfUtils.java:logGet(43)) - raft.server.rpc.timeout.min = 5s (custom)
2019-10-14 09:23:29,110 [pool-383-thread-1] INFO  server.RaftServerConfigKeys (ConfUtils.java:logGet(43)) - raft.server.rpc.timeout.max = 5200ms (custom)
2019-10-14 09:23:29,110 [pool-383-thread-1] INFO  server.RaftServerConfigKeys (ConfUtils.java:logGet(43)) - raft.server.rpcslowness.timeout = 120s (custom)
2019-10-14 09:23:29,110 [pool-383-thread-1] INFO  server.RaftServerConfigKeys (ConfUtils.java:logGet(43)) - raft.server.sleep.deviation.threshold = 300 (default)
2019-10-14 09:23:29,110 [pool-383-thread-1] INFO  server.RaftServerConfigKeys (ConfUtils.java:logGet(43)) - raft.server.log.appender.install.snapshot.enabled = false (custom)
2019-10-14 09:23:29,110 [pool-383-thread-1] INFO  impl.RaftServerImpl (ServerState.java:<init>(103)) - 866eb045-3bfb-47dc-a4c6-3505e598a7c3@group-9B2205769DA1: ConfigurationManager, init=-1: [866eb045-3bfb-47dc-a4c6-3505e598a7c3:192.168.164.214:38008], old=null, confs=<EMPTY_MAP>
2019-10-14 09:23:29,111 [pool-383-thread-1] INFO  server.RaftServerConfigKeys (ConfUtils.java:logGet(43)) - raft.server.storage.dir = [/workdir/hadoop-ozone/integration-test/target/test-dir/MiniOzoneClusterImpl-404eb741-03bf-48e0-a9fb-0e06e39ca081/datanode-0/data/ratis] (custom)
2019-10-14 09:23:29,111 [pool-383-thread-1] INFO  storage.RaftStorageDirectory (RaftStorageDirectory.java:analyzeStorage(246)) - The storage directory /workdir/hadoop-ozone/integration-test/target/test-dir/MiniOzoneClusterImpl-404eb741-03bf-48e0-a9fb-0e06e39ca081/datanode-0/data/ratis/111d924b-e155-4586-93b8-9b2205769da1 does not exist. Creating ...
2019-10-14 09:23:29,130 [pool-383-thread-1] INFO  storage.RaftStorageDirectory (RaftStorageDirectory.java:tryLock(328)) - Lock on /workdir/hadoop-ozone/integration-test/target/test-dir/MiniOzoneClusterImpl-404eb741-03bf-48e0-a9fb-0e06e39ca081/datanode-0/data/ratis/111d924b-e155-4586-93b8-9b2205769da1/in_use.lock acquired by nodename 17906@pr-hdds-1569-vp9xg-4248047660
2019-10-14 09:23:29,145 [pool-383-thread-1] INFO  storage.RaftStorage (RaftStorage.java:format(72)) - Storage directory /workdir/hadoop-ozone/integration-test/target/test-dir/MiniOzoneClusterImpl-404eb741-03bf-48e0-a9fb-0e06e39ca081/datanode-0/data/ratis/111d924b-e155-4586-93b8-9b2205769da1 has been successfully formatted.
2019-10-14 09:23:29,145 [pool-383-thread-1] INFO  ratis.ContainerStateMachine (ContainerStateMachine.java:loadSnapshot(230)) - group-9B2205769DA1: The snapshot info is null. Setting the last applied indexto:(t:0, i:~)
2019-10-14 09:23:29,145 [pool-383-thread-1] INFO  server.RaftServerConfigKeys (ConfUtils.java:logGet(43)) - raft.server.notification.no-leader.timeout = 120s (custom)
2019-10-14 09:23:29,145 [pool-383-thread-1] INFO  server.RaftServerConfigKeys (ConfUtils.java:logGet(43)) - raft.server.log.use.memory = false (default)
2019-10-14 09:23:29,145 [pool-383-thread-1] INFO  server.RaftServerConfigKeys (ConfUtils.java:logGet(43)) - raft.server.log.purge.gap = 1000000 (custom)
2019-10-14 09:23:29,145 [pool-383-thread-1] INFO  server.RaftServerConfigKeys (ConfUtils.java:logGet(43)) - raft.server.log.appender.buffer.byte-limit = 33554432 (custom)
2019-10-14 09:23:29,146 [pool-383-thread-1] INFO  server.RaftServerConfigKeys (ConfUtils.java:logGet(43)) - raft.server.log.segment.size.max = 1048576 (custom)
2019-10-14 09:23:29,146 [pool-383-thread-1] INFO  server.RaftServerConfigKeys (ConfUtils.java:logGet(43)) - raft.server.log.segment.cache.num.max = 2 (custom)
2019-10-14 09:23:29,146 [pool-383-thread-1] INFO  segmented.SegmentedRaftLogWorker (SegmentedRaftLogWorker.java:<init>(172)) - new 866eb045-3bfb-47dc-a4c6-3505e598a7c3@group-9B2205769DA1-SegmentedRaftLogWorker for RaftStorage:Storage Directory /workdir/hadoop-ozone/integration-test/target/test-dir/MiniOzoneClusterImpl-404eb741-03bf-48e0-a9fb-0e06e39ca081/datanode-0/data/ratis/111d924b-e155-4586-93b8-9b2205769da1
2019-10-14 09:23:29,148 [pool-383-thread-1] INFO  server.RaftServerConfigKeys (ConfUtils.java:logGet(43)) - raft.server.log.queue.byte-limit = 2147483647 (custom)
2019-10-14 09:23:29,148 [pool-383-thread-1] INFO  server.RaftServerConfigKeys (ConfUtils.java:logGet(43)) - raft.server.log.queue.element-limit = 1024 (custom)
2019-10-14 09:23:29,148 [pool-383-thread-1] INFO  server.RaftServerConfigKeys (ConfUtils.java:logGet(43)) - raft.server.log.segment.size.max = 1048576 (custom)
2019-10-14 09:23:29,148 [IPC Server handler 6 on 46696] INFO  net.NetworkTopology (NetworkTopologyImpl.java:add(111)) - Added a new node: /default-rack/cf77b951-1220-4844-8605-1ea68060b59b
2019-10-14 09:23:29,148 [pool-383-thread-1] INFO  server.RaftServerConfigKeys (ConfUtils.java:logGet(43)) - raft.server.log.preallocated.size = 16384 (custom)
2019-10-14 09:23:29,148 [IPC Server handler 6 on 46696] INFO  node.SCMNodeManager (SCMNodeManager.java:register(266)) - Registered Data node : cf77b951-1220-4844-8605-1ea68060b59b{ip: 192.168.164.214, host: pr-hdds-1569-vp9xg-4248047660, networkLocation: /default-rack, certSerialId: null}
2019-10-14 09:23:29,149 [pool-383-thread-1] INFO  server.RaftServerConfigKeys (ConfUtils.java:logGet(43)) - raft.server.log.write.buffer.size = 33554432 (custom)
2019-10-14 09:23:29,149 [pool-383-thread-1] INFO  server.RaftServerConfigKeys (ConfUtils.java:logGet(43)) - raft.server.log.force.sync.num = 128 (default)
2019-10-14 09:23:29,149 [pool-383-thread-1] INFO  server.RaftServerConfigKeys (ConfUtils.java:logGet(43)) - raft.server.log.statemachine.data.sync = true (default)
2019-10-14 09:23:29,149 [pool-383-thread-1] INFO  server.RaftServerConfigKeys (ConfUtils.java:logGet(43)) - raft.server.log.statemachine.data.sync.timeout = 10s (default)
2019-10-14 09:23:29,149 [pool-383-thread-1] INFO  server.RaftServerConfigKeys (ConfUtils.java:logGet(43)) - raft.server.log.statemachine.data.sync.timeout.retry = -1 (default)
2019-10-14 09:23:29,150 [pool-383-thread-1] INFO  server.RaftServerConfigKeys (ConfUtils.java:logGet(43)) - raft.server.log.statemachine.data.caching.enabled = true (custom)
2019-10-14 09:23:29,150 [pool-383-thread-1] INFO  segmented.SegmentedRaftLogWorker (SegmentedRaftLogWorker.java:lambda$new$0(132)) - 866eb045-3bfb-47dc-a4c6-3505e598a7c3@group-9B2205769DA1-SegmentedRaftLogWorker: flushIndex: setUnconditionally 0 -> -1
2019-10-14 09:23:29,150 [pool-383-thread-1] INFO  server.RaftServerConfigKeys (ConfUtils.java:logGet(43)) - raft.server.snapshot.auto.trigger.enabled = true (custom)
2019-10-14 09:23:29,150 [pool-383-thread-1] INFO  server.RaftServerConfigKeys (ConfUtils.java:logGet(43)) - raft.server.snapshot.auto.trigger.threshold = 10000 (custom)
2019-10-14 09:23:29,150 [pool-383-thread-1] INFO  server.RaftServerConfigKeys (ConfUtils.java:logGet(43)) - raft.server.snapshot.retention.num.files = 5 (custom)
2019-10-14 09:23:29,150 [pool-383-thread-1] INFO  server.RaftServerConfigKeys (ConfUtils.java:logGet(43)) - raft.server.retrycache.expirytime = 600000ms (custom)
2019-10-14 09:23:29,152 [pool-383-thread-1] INFO  impl.RaftServerImpl (RaftServerImpl.java:start(185)) - 866eb045-3bfb-47dc-a4c6-3505e598a7c3@group-9B2205769DA1: start as a follower, conf=-1: [866eb045-3bfb-47dc-a4c6-3505e598a7c3:192.168.164.214:38008], old=null
2019-10-14 09:23:29,152 [pool-383-thread-1] INFO  impl.RaftServerImpl (RaftServerImpl.java:setRole(174)) - 866eb045-3bfb-47dc-a4c6-3505e598a7c3@group-9B2205769DA1: changes role from      null to FOLLOWER at term 0 for startAsFollower
2019-10-14 09:23:29,152 [pool-383-thread-1] INFO  impl.RoleInfo (RoleInfo.java:updateAndGet(143)) - 866eb045-3bfb-47dc-a4c6-3505e598a7c3: start FollowerState
2019-10-14 09:23:29,153 [pool-383-thread-1] INFO  util.JmxRegister (JmxRegister.java:tryRegister(44)) - Successfully registered JMX Bean with object name Ratis:service=RaftServer,group=group-9B2205769DA1,id=866eb045-3bfb-47dc-a4c6-3505e598a7c3
2019-10-14 09:23:29,155 [RatisPipelineUtilsThread] INFO  pipeline.PipelineStateManager (PipelineStateManager.java:addPipeline(56)) - Created pipeline Pipeline[ Id: 111d924b-e155-4586-93b8-9b2205769da1, Nodes: 866eb045-3bfb-47dc-a4c6-3505e598a7c3{ip: 192.168.164.214, host: pr-hdds-1569-vp9xg-4248047660, networkLocation: /default-rack, certSerialId: null}, Type:RATIS, Factor:ONE, State:OPEN]
2019-10-14 09:23:29,160 [grpc-default-executor-15] INFO  impl.RaftServerProxy (RaftServerProxy.java:addNew(89)) - cf77b951-1220-4844-8605-1ea68060b59b: addNew group-0EFBC4FA48CD:[cf77b951-1220-4844-8605-1ea68060b59b:192.168.164.214:39644] returns group-0EFBC4FA48CD:java.util.concurrent.CompletableFuture@29c0be2[Not completed]
2019-10-14 09:23:29,162 [pool-393-thread-1] INFO  impl.RaftServerImpl (RaftServerImpl.java:<init>(95)) - cf77b951-1220-4844-8605-1ea68060b59b: new RaftServerImpl for group-0EFBC4FA48CD:[cf77b951-1220-4844-8605-1ea68060b59b:192.168.164.214:39644] with ContainerStateMachine:uninitialized
2019-10-14 09:23:29,162 [pool-393-thread-1] INFO  server.RaftServerConfigKeys (ConfUtils.java:logGet(43)) - raft.server.rpc.timeout.min = 5s (custom)
2019-10-14 09:23:29,162 [pool-393-thread-1] INFO  server.RaftServerConfigKeys (ConfUtils.java:logGet(43)) - raft.server.rpc.timeout.max = 5200ms (custom)
2019-10-14 09:23:29,162 [pool-393-thread-1] INFO  server.RaftServerConfigKeys (ConfUtils.java:logGet(43)) - raft.server.rpcslowness.timeout = 120s (custom)
2019-10-14 09:23:29,162 [pool-393-thread-1] INFO  server.RaftServerConfigKeys (ConfUtils.java:logGet(43)) - raft.server.sleep.deviation.threshold = 300 (default)
2019-10-14 09:23:29,162 [pool-393-thread-1] INFO  server.RaftServerConfigKeys (ConfUtils.java:logGet(43)) - raft.server.log.appender.install.snapshot.enabled = false (custom)
2019-10-14 09:23:29,162 [pool-393-thread-1] INFO  impl.RaftServerImpl (ServerState.java:<init>(103)) - cf77b951-1220-4844-8605-1ea68060b59b@group-0EFBC4FA48CD: ConfigurationManager, init=-1: [cf77b951-1220-4844-8605-1ea68060b59b:192.168.164.214:39644], old=null, confs=<EMPTY_MAP>
2019-10-14 09:23:29,163 [pool-393-thread-1] INFO  server.RaftServerConfigKeys (ConfUtils.java:logGet(43)) - raft.server.storage.dir = [/workdir/hadoop-ozone/integration-test/target/test-dir/MiniOzoneClusterImpl-404eb741-03bf-48e0-a9fb-0e06e39ca081/datanode-1/data/ratis] (custom)
2019-10-14 09:23:29,163 [pool-393-thread-1] INFO  storage.RaftStorageDirectory (RaftStorageDirectory.java:analyzeStorage(246)) - The storage directory /workdir/hadoop-ozone/integration-test/target/test-dir/MiniOzoneClusterImpl-404eb741-03bf-48e0-a9fb-0e06e39ca081/datanode-1/data/ratis/3ffd63d3-40e7-41e1-a94c-0efbc4fa48cd does not exist. Creating ...
2019-10-14 09:23:29,186 [pool-393-thread-1] INFO  storage.RaftStorageDirectory (RaftStorageDirectory.java:tryLock(328)) - Lock on /workdir/hadoop-ozone/integration-test/target/test-dir/MiniOzoneClusterImpl-404eb741-03bf-48e0-a9fb-0e06e39ca081/datanode-1/data/ratis/3ffd63d3-40e7-41e1-a94c-0efbc4fa48cd/in_use.lock acquired by nodename 17906@pr-hdds-1569-vp9xg-4248047660
2019-10-14 09:23:29,206 [pool-393-thread-1] INFO  storage.RaftStorage (RaftStorage.java:format(72)) - Storage directory /workdir/hadoop-ozone/integration-test/target/test-dir/MiniOzoneClusterImpl-404eb741-03bf-48e0-a9fb-0e06e39ca081/datanode-1/data/ratis/3ffd63d3-40e7-41e1-a94c-0efbc4fa48cd has been successfully formatted.
2019-10-14 09:23:29,206 [pool-393-thread-1] INFO  ratis.ContainerStateMachine (ContainerStateMachine.java:loadSnapshot(230)) - group-0EFBC4FA48CD: The snapshot info is null. Setting the last applied indexto:(t:0, i:~)
2019-10-14 09:23:29,206 [pool-393-thread-1] INFO  server.RaftServerConfigKeys (ConfUtils.java:logGet(43)) - raft.server.notification.no-leader.timeout = 120s (custom)
2019-10-14 09:23:29,206 [pool-393-thread-1] INFO  server.RaftServerConfigKeys (ConfUtils.java:logGet(43)) - raft.server.log.use.memory = false (default)
2019-10-14 09:23:29,206 [pool-393-thread-1] INFO  server.RaftServerConfigKeys (ConfUtils.java:logGet(43)) - raft.server.log.purge.gap = 1000000 (custom)
2019-10-14 09:23:29,206 [pool-393-thread-1] INFO  server.RaftServerConfigKeys (ConfUtils.java:logGet(43)) - raft.server.log.appender.buffer.byte-limit = 33554432 (custom)
2019-10-14 09:23:29,206 [pool-393-thread-1] INFO  server.RaftServerConfigKeys (ConfUtils.java:logGet(43)) - raft.server.log.segment.size.max = 1048576 (custom)
2019-10-14 09:23:29,207 [pool-393-thread-1] INFO  server.RaftServerConfigKeys (ConfUtils.java:logGet(43)) - raft.server.log.segment.cache.num.max = 2 (custom)
2019-10-14 09:23:29,207 [pool-393-thread-1] INFO  segmented.SegmentedRaftLogWorker (SegmentedRaftLogWorker.java:<init>(172)) - new cf77b951-1220-4844-8605-1ea68060b59b@group-0EFBC4FA48CD-SegmentedRaftLogWorker for RaftStorage:Storage Directory /workdir/hadoop-ozone/integration-test/target/test-dir/MiniOzoneClusterImpl-404eb741-03bf-48e0-a9fb-0e06e39ca081/datanode-1/data/ratis/3ffd63d3-40e7-41e1-a94c-0efbc4fa48cd
2019-10-14 09:23:29,208 [pool-393-thread-1] INFO  server.RaftServerConfigKeys (ConfUtils.java:logGet(43)) - raft.server.log.queue.byte-limit = 2147483647 (custom)
2019-10-14 09:23:29,208 [pool-393-thread-1] INFO  server.RaftServerConfigKeys (ConfUtils.java:logGet(43)) - raft.server.log.queue.element-limit = 1024 (custom)
2019-10-14 09:23:29,208 [pool-393-thread-1] INFO  server.RaftServerConfigKeys (ConfUtils.java:logGet(43)) - raft.server.log.segment.size.max = 1048576 (custom)
2019-10-14 09:23:29,208 [pool-393-thread-1] INFO  server.RaftServerConfigKeys (ConfUtils.java:logGet(43)) - raft.server.log.preallocated.size = 16384 (custom)
2019-10-14 09:23:29,208 [pool-393-thread-1] INFO  server.RaftServerConfigKeys (ConfUtils.java:logGet(43)) - raft.server.log.write.buffer.size = 33554432 (custom)
2019-10-14 09:23:29,208 [pool-393-thread-1] INFO  server.RaftServerConfigKeys (ConfUtils.java:logGet(43)) - raft.server.log.force.sync.num = 128 (default)
2019-10-14 09:23:29,208 [pool-393-thread-1] INFO  server.RaftServerConfigKeys (ConfUtils.java:logGet(43)) - raft.server.log.statemachine.data.sync = true (default)
2019-10-14 09:23:29,208 [pool-393-thread-1] INFO  server.RaftServerConfigKeys (ConfUtils.java:logGet(43)) - raft.server.log.statemachine.data.sync.timeout = 10s (default)
2019-10-14 09:23:29,209 [pool-393-thread-1] INFO  server.RaftServerConfigKeys (ConfUtils.java:logGet(43)) - raft.server.log.statemachine.data.sync.timeout.retry = -1 (default)
2019-10-14 09:23:29,209 [pool-393-thread-1] INFO  server.RaftServerConfigKeys (ConfUtils.java:logGet(43)) - raft.server.log.statemachine.data.caching.enabled = true (custom)
2019-10-14 09:23:29,209 [pool-393-thread-1] INFO  segmented.SegmentedRaftLogWorker (SegmentedRaftLogWorker.java:lambda$new$0(132)) - cf77b951-1220-4844-8605-1ea68060b59b@group-0EFBC4FA48CD-SegmentedRaftLogWorker: flushIndex: setUnconditionally 0 -> -1
2019-10-14 09:23:29,209 [pool-393-thread-1] INFO  server.RaftServerConfigKeys (ConfUtils.java:logGet(43)) - raft.server.snapshot.auto.trigger.enabled = true (custom)
2019-10-14 09:23:29,209 [pool-393-thread-1] INFO  server.RaftServerConfigKeys (ConfUtils.java:logGet(43)) - raft.server.snapshot.auto.trigger.threshold = 10000 (custom)
2019-10-14 09:23:29,209 [pool-393-thread-1] INFO  server.RaftServerConfigKeys (ConfUtils.java:logGet(43)) - raft.server.snapshot.retention.num.files = 5 (custom)
2019-10-14 09:23:29,210 [pool-393-thread-1] INFO  server.RaftServerConfigKeys (ConfUtils.java:logGet(43)) - raft.server.retrycache.expirytime = 600000ms (custom)
2019-10-14 09:23:29,211 [pool-393-thread-1] INFO  impl.RaftServerImpl (RaftServerImpl.java:start(185)) - cf77b951-1220-4844-8605-1ea68060b59b@group-0EFBC4FA48CD: start as a follower, conf=-1: [cf77b951-1220-4844-8605-1ea68060b59b:192.168.164.214:39644], old=null
2019-10-14 09:23:29,211 [pool-393-thread-1] INFO  impl.RaftServerImpl (RaftServerImpl.java:setRole(174)) - cf77b951-1220-4844-8605-1ea68060b59b@group-0EFBC4FA48CD: changes role from      null to FOLLOWER at term 0 for startAsFollower
2019-10-14 09:23:29,211 [pool-393-thread-1] INFO  impl.RoleInfo (RoleInfo.java:updateAndGet(143)) - cf77b951-1220-4844-8605-1ea68060b59b: start FollowerState
2019-10-14 09:23:29,211 [pool-393-thread-1] INFO  util.JmxRegister (JmxRegister.java:tryRegister(44)) - Successfully registered JMX Bean with object name Ratis:service=RaftServer,group=group-0EFBC4FA48CD,id=cf77b951-1220-4844-8605-1ea68060b59b
2019-10-14 09:23:29,213 [RatisPipelineUtilsThread] INFO  pipeline.PipelineStateManager (PipelineStateManager.java:addPipeline(56)) - Created pipeline Pipeline[ Id: 3ffd63d3-40e7-41e1-a94c-0efbc4fa48cd, Nodes: cf77b951-1220-4844-8605-1ea68060b59b{ip: 192.168.164.214, host: pr-hdds-1569-vp9xg-4248047660, networkLocation: /default-rack, certSerialId: null}, Type:RATIS, Factor:ONE, State:OPEN]
2019-10-14 09:23:29,213 [RatisPipelineUtilsThread] ERROR pipeline.SCMPipelineManager (SCMPipelineManager.java:createPipeline(193)) - Pipeline creation failed.
org.apache.hadoop.hdds.scm.exceptions.SCMException: Cannot create pipeline of factor 1 using 0 nodes. Used 2 nodes. Healthy nodes 2
	at org.apache.hadoop.hdds.scm.pipeline.RatisPipelineProvider.pickNodesNeverUsed(RatisPipelineProvider.java:116)
	at org.apache.hadoop.hdds.scm.pipeline.RatisPipelineProvider.create(RatisPipelineProvider.java:128)
	at org.apache.hadoop.hdds.scm.pipeline.PipelineFactory.create(PipelineFactory.java:58)
	at org.apache.hadoop.hdds.scm.pipeline.SCMPipelineManager.createPipeline(SCMPipelineManager.java:183)
	at org.apache.hadoop.hdds.scm.pipeline.BackgroundPipelineCreator.createPipelines(BackgroundPipelineCreator.java:100)
	at java.util.concurrent.Executors$RunnableAdapter.call(Executors.java:511)
	at java.util.concurrent.FutureTask.run(FutureTask.java:266)
	at java.util.concurrent.ScheduledThreadPoolExecutor$ScheduledFutureTask.access$201(ScheduledThreadPoolExecutor.java:180)
	at java.util.concurrent.ScheduledThreadPoolExecutor$ScheduledFutureTask.run(ScheduledThreadPoolExecutor.java:293)
	at java.util.concurrent.ThreadPoolExecutor.runWorker(ThreadPoolExecutor.java:1149)
	at java.util.concurrent.ThreadPoolExecutor$Worker.run(ThreadPoolExecutor.java:624)
	at java.lang.Thread.run(Thread.java:748)
2019-10-14 09:23:29,213 [RatisPipelineUtilsThread] ERROR pipeline.PipelinePlacementPolicy (PipelinePlacementPolicy.java:filterViableNodes(144)) - Not enough healthy nodes to allocate pipeline. 3  datanodes required. Found 2
2019-10-14 09:23:29,213 [RatisPipelineUtilsThread] ERROR pipeline.SCMPipelineManager (SCMPipelineManager.java:createPipeline(193)) - Pipeline creation failed.
org.apache.hadoop.hdds.scm.exceptions.SCMException: Not enough healthy nodes to allocate pipeline. 3  datanodes required. Found 2
	at org.apache.hadoop.hdds.scm.pipeline.PipelinePlacementPolicy.filterViableNodes(PipelinePlacementPolicy.java:145)
	at org.apache.hadoop.hdds.scm.pipeline.PipelinePlacementPolicy.chooseDatanodes(PipelinePlacementPolicy.java:186)
	at org.apache.hadoop.hdds.scm.pipeline.RatisPipelineProvider.create(RatisPipelineProvider.java:131)
	at org.apache.hadoop.hdds.scm.pipeline.PipelineFactory.create(PipelineFactory.java:58)
	at org.apache.hadoop.hdds.scm.pipeline.SCMPipelineManager.createPipeline(SCMPipelineManager.java:183)
	at org.apache.hadoop.hdds.scm.pipeline.BackgroundPipelineCreator.createPipelines(BackgroundPipelineCreator.java:100)
	at java.util.concurrent.Executors$RunnableAdapter.call(Executors.java:511)
	at java.util.concurrent.FutureTask.run(FutureTask.java:266)
	at java.util.concurrent.ScheduledThreadPoolExecutor$ScheduledFutureTask.access$201(ScheduledThreadPoolExecutor.java:180)
	at java.util.concurrent.ScheduledThreadPoolExecutor$ScheduledFutureTask.run(ScheduledThreadPoolExecutor.java:293)
	at java.util.concurrent.ThreadPoolExecutor.runWorker(ThreadPoolExecutor.java:1149)
	at java.util.concurrent.ThreadPoolExecutor$Worker.run(ThreadPoolExecutor.java:624)
	at java.lang.Thread.run(Thread.java:748)
2019-10-14 09:23:29,216 [RatisPipelineUtilsThread] ERROR pipeline.SCMPipelineManager (SCMPipelineManager.java:createPipeline(193)) - Pipeline creation failed.
org.apache.hadoop.hdds.scm.exceptions.SCMException: Cannot create pipeline of factor 1 using 0 nodes. Used 2 nodes. Healthy nodes 2
	at org.apache.hadoop.hdds.scm.pipeline.RatisPipelineProvider.pickNodesNeverUsed(RatisPipelineProvider.java:116)
	at org.apache.hadoop.hdds.scm.pipeline.RatisPipelineProvider.create(RatisPipelineProvider.java:128)
	at org.apache.hadoop.hdds.scm.pipeline.PipelineFactory.create(PipelineFactory.java:58)
	at org.apache.hadoop.hdds.scm.pipeline.SCMPipelineManager.createPipeline(SCMPipelineManager.java:183)
	at org.apache.hadoop.hdds.scm.pipeline.BackgroundPipelineCreator.createPipelines(BackgroundPipelineCreator.java:100)
	at org.apache.hadoop.hdds.scm.pipeline.BackgroundPipelineCreator.lambda$startFixedIntervalPipelineCreator$0(BackgroundPipelineCreator.java:70)
	at java.util.concurrent.Executors$RunnableAdapter.call(Executors.java:511)
	at java.util.concurrent.FutureTask.runAndReset(FutureTask.java:308)
	at java.util.concurrent.ScheduledThreadPoolExecutor$ScheduledFutureTask.access$301(ScheduledThreadPoolExecutor.java:180)
	at java.util.concurrent.ScheduledThreadPoolExecutor$ScheduledFutureTask.run(ScheduledThreadPoolExecutor.java:294)
	at java.util.concurrent.ThreadPoolExecutor.runWorker(ThreadPoolExecutor.java:1149)
	at java.util.concurrent.ThreadPoolExecutor$Worker.run(ThreadPoolExecutor.java:624)
	at java.lang.Thread.run(Thread.java:748)
2019-10-14 09:23:29,227 [RatisPipelineUtilsThread] ERROR pipeline.PipelinePlacementPolicy (PipelinePlacementPolicy.java:filterViableNodes(144)) - Not enough healthy nodes to allocate pipeline. 3  datanodes required. Found 2
2019-10-14 09:23:29,228 [RatisPipelineUtilsThread] ERROR pipeline.SCMPipelineManager (SCMPipelineManager.java:createPipeline(193)) - Pipeline creation failed.
org.apache.hadoop.hdds.scm.exceptions.SCMException: Not enough healthy nodes to allocate pipeline. 3  datanodes required. Found 2
	at org.apache.hadoop.hdds.scm.pipeline.PipelinePlacementPolicy.filterViableNodes(PipelinePlacementPolicy.java:145)
	at org.apache.hadoop.hdds.scm.pipeline.PipelinePlacementPolicy.chooseDatanodes(PipelinePlacementPolicy.java:186)
	at org.apache.hadoop.hdds.scm.pipeline.RatisPipelineProvider.create(RatisPipelineProvider.java:131)
	at org.apache.hadoop.hdds.scm.pipeline.PipelineFactory.create(PipelineFactory.java:58)
	at org.apache.hadoop.hdds.scm.pipeline.SCMPipelineManager.createPipeline(SCMPipelineManager.java:183)
	at org.apache.hadoop.hdds.scm.pipeline.BackgroundPipelineCreator.createPipelines(BackgroundPipelineCreator.java:100)
	at org.apache.hadoop.hdds.scm.pipeline.BackgroundPipelineCreator.lambda$startFixedIntervalPipelineCreator$0(BackgroundPipelineCreator.java:70)
	at java.util.concurrent.Executors$RunnableAdapter.call(Executors.java:511)
	at java.util.concurrent.FutureTask.runAndReset(FutureTask.java:308)
	at java.util.concurrent.ScheduledThreadPoolExecutor$ScheduledFutureTask.access$301(ScheduledThreadPoolExecutor.java:180)
	at java.util.concurrent.ScheduledThreadPoolExecutor$ScheduledFutureTask.run(ScheduledThreadPoolExecutor.java:294)
	at java.util.concurrent.ThreadPoolExecutor.runWorker(ThreadPoolExecutor.java:1149)
	at java.util.concurrent.ThreadPoolExecutor$Worker.run(ThreadPoolExecutor.java:624)
	at java.lang.Thread.run(Thread.java:748)
2019-10-14 09:23:29,228 [IPC Server handler 0 on 46696] INFO  net.NetworkTopology (NetworkTopologyImpl.java:add(111)) - Added a new node: /default-rack/65e356af-3b1f-43b6-88fa-b0df542a6460
2019-10-14 09:23:29,228 [IPC Server handler 0 on 46696] INFO  node.SCMNodeManager (SCMNodeManager.java:register(266)) - Registered Data node : 65e356af-3b1f-43b6-88fa-b0df542a6460{ip: 192.168.164.214, host: pr-hdds-1569-vp9xg-4248047660, networkLocation: /default-rack, certSerialId: null}
2019-10-14 09:23:29,233 [grpc-default-executor-15] INFO  impl.RaftServerProxy (RaftServerProxy.java:addNew(89)) - 65e356af-3b1f-43b6-88fa-b0df542a6460: addNew group-52B0A9DD14E9:[65e356af-3b1f-43b6-88fa-b0df542a6460:192.168.164.214:38206] returns group-52B0A9DD14E9:java.util.concurrent.CompletableFuture@40a22b4e[Not completed]
2019-10-14 09:23:29,234 [pool-403-thread-1] INFO  impl.RaftServerImpl (RaftServerImpl.java:<init>(95)) - 65e356af-3b1f-43b6-88fa-b0df542a6460: new RaftServerImpl for group-52B0A9DD14E9:[65e356af-3b1f-43b6-88fa-b0df542a6460:192.168.164.214:38206] with ContainerStateMachine:uninitialized
2019-10-14 09:23:29,234 [pool-403-thread-1] INFO  server.RaftServerConfigKeys (ConfUtils.java:logGet(43)) - raft.server.rpc.timeout.min = 5s (custom)
2019-10-14 09:23:29,234 [pool-403-thread-1] INFO  server.RaftServerConfigKeys (ConfUtils.java:logGet(43)) - raft.server.rpc.timeout.max = 5200ms (custom)
2019-10-14 09:23:29,234 [pool-403-thread-1] INFO  server.RaftServerConfigKeys (ConfUtils.java:logGet(43)) - raft.server.rpcslowness.timeout = 120s (custom)
2019-10-14 09:23:29,234 [pool-403-thread-1] INFO  server.RaftServerConfigKeys (ConfUtils.java:logGet(43)) - raft.server.sleep.deviation.threshold = 300 (default)
2019-10-14 09:23:29,234 [pool-403-thread-1] INFO  server.RaftServerConfigKeys (ConfUtils.java:logGet(43)) - raft.server.log.appender.install.snapshot.enabled = false (custom)
2019-10-14 09:23:29,235 [pool-403-thread-1] INFO  impl.RaftServerImpl (ServerState.java:<init>(103)) - 65e356af-3b1f-43b6-88fa-b0df542a6460@group-52B0A9DD14E9: ConfigurationManager, init=-1: [65e356af-3b1f-43b6-88fa-b0df542a6460:192.168.164.214:38206], old=null, confs=<EMPTY_MAP>
2019-10-14 09:23:29,235 [pool-403-thread-1] INFO  server.RaftServerConfigKeys (ConfUtils.java:logGet(43)) - raft.server.storage.dir = [/workdir/hadoop-ozone/integration-test/target/test-dir/MiniOzoneClusterImpl-404eb741-03bf-48e0-a9fb-0e06e39ca081/datanode-2/data/ratis] (custom)
2019-10-14 09:23:29,235 [pool-403-thread-1] INFO  storage.RaftStorageDirectory (RaftStorageDirectory.java:analyzeStorage(246)) - The storage directory /workdir/hadoop-ozone/integration-test/target/test-dir/MiniOzoneClusterImpl-404eb741-03bf-48e0-a9fb-0e06e39ca081/datanode-2/data/ratis/f084cc1f-c6d3-44c4-8f58-52b0a9dd14e9 does not exist. Creating ...
2019-10-14 09:23:29,249 [pool-403-thread-1] INFO  storage.RaftStorageDirectory (RaftStorageDirectory.java:tryLock(328)) - Lock on /workdir/hadoop-ozone/integration-test/target/test-dir/MiniOzoneClusterImpl-404eb741-03bf-48e0-a9fb-0e06e39ca081/datanode-2/data/ratis/f084cc1f-c6d3-44c4-8f58-52b0a9dd14e9/in_use.lock acquired by nodename 17906@pr-hdds-1569-vp9xg-4248047660
2019-10-14 09:23:29,268 [pool-403-thread-1] INFO  storage.RaftStorage (RaftStorage.java:format(72)) - Storage directory /workdir/hadoop-ozone/integration-test/target/test-dir/MiniOzoneClusterImpl-404eb741-03bf-48e0-a9fb-0e06e39ca081/datanode-2/data/ratis/f084cc1f-c6d3-44c4-8f58-52b0a9dd14e9 has been successfully formatted.
2019-10-14 09:23:29,269 [pool-403-thread-1] INFO  ratis.ContainerStateMachine (ContainerStateMachine.java:loadSnapshot(230)) - group-52B0A9DD14E9: The snapshot info is null. Setting the last applied indexto:(t:0, i:~)
2019-10-14 09:23:29,269 [pool-403-thread-1] INFO  server.RaftServerConfigKeys (ConfUtils.java:logGet(43)) - raft.server.notification.no-leader.timeout = 120s (custom)
2019-10-14 09:23:29,269 [pool-403-thread-1] INFO  server.RaftServerConfigKeys (ConfUtils.java:logGet(43)) - raft.server.log.use.memory = false (default)
2019-10-14 09:23:29,269 [pool-403-thread-1] INFO  server.RaftServerConfigKeys (ConfUtils.java:logGet(43)) - raft.server.log.purge.gap = 1000000 (custom)
2019-10-14 09:23:29,269 [pool-403-thread-1] INFO  server.RaftServerConfigKeys (ConfUtils.java:logGet(43)) - raft.server.log.appender.buffer.byte-limit = 33554432 (custom)
2019-10-14 09:23:29,269 [pool-403-thread-1] INFO  server.RaftServerConfigKeys (ConfUtils.java:logGet(43)) - raft.server.log.segment.size.max = 1048576 (custom)
2019-10-14 09:23:29,269 [pool-403-thread-1] INFO  server.RaftServerConfigKeys (ConfUtils.java:logGet(43)) - raft.server.log.segment.cache.num.max = 2 (custom)
2019-10-14 09:23:29,269 [pool-403-thread-1] INFO  segmented.SegmentedRaftLogWorker (SegmentedRaftLogWorker.java:<init>(172)) - new 65e356af-3b1f-43b6-88fa-b0df542a6460@group-52B0A9DD14E9-SegmentedRaftLogWorker for RaftStorage:Storage Directory /workdir/hadoop-ozone/integration-test/target/test-dir/MiniOzoneClusterImpl-404eb741-03bf-48e0-a9fb-0e06e39ca081/datanode-2/data/ratis/f084cc1f-c6d3-44c4-8f58-52b0a9dd14e9
2019-10-14 09:23:29,271 [pool-403-thread-1] INFO  server.RaftServerConfigKeys (ConfUtils.java:logGet(43)) - raft.server.log.queue.byte-limit = 2147483647 (custom)
2019-10-14 09:23:29,271 [pool-403-thread-1] INFO  server.RaftServerConfigKeys (ConfUtils.java:logGet(43)) - raft.server.log.queue.element-limit = 1024 (custom)
2019-10-14 09:23:29,271 [pool-403-thread-1] INFO  server.RaftServerConfigKeys (ConfUtils.java:logGet(43)) - raft.server.log.segment.size.max = 1048576 (custom)
2019-10-14 09:23:29,271 [pool-403-thread-1] INFO  server.RaftServerConfigKeys (ConfUtils.java:logGet(43)) - raft.server.log.preallocated.size = 16384 (custom)
2019-10-14 09:23:29,272 [pool-403-thread-1] INFO  server.RaftServerConfigKeys (ConfUtils.java:logGet(43)) - raft.server.log.write.buffer.size = 33554432 (custom)
2019-10-14 09:23:29,272 [pool-403-thread-1] INFO  server.RaftServerConfigKeys (ConfUtils.java:logGet(43)) - raft.server.log.force.sync.num = 128 (default)
2019-10-14 09:23:29,272 [pool-403-thread-1] INFO  server.RaftServerConfigKeys (ConfUtils.java:logGet(43)) - raft.server.log.statemachine.data.sync = true (default)
2019-10-14 09:23:29,272 [pool-403-thread-1] INFO  server.RaftServerConfigKeys (ConfUtils.java:logGet(43)) - raft.server.log.statemachine.data.sync.timeout = 10s (default)
2019-10-14 09:23:29,272 [pool-403-thread-1] INFO  server.RaftServerConfigKeys (ConfUtils.java:logGet(43)) - raft.server.log.statemachine.data.sync.timeout.retry = -1 (default)
2019-10-14 09:23:29,272 [pool-403-thread-1] INFO  server.RaftServerConfigKeys (ConfUtils.java:logGet(43)) - raft.server.log.statemachine.data.caching.enabled = true (custom)
2019-10-14 09:23:29,272 [pool-403-thread-1] INFO  segmented.SegmentedRaftLogWorker (SegmentedRaftLogWorker.java:lambda$new$0(132)) - 65e356af-3b1f-43b6-88fa-b0df542a6460@group-52B0A9DD14E9-SegmentedRaftLogWorker: flushIndex: setUnconditionally 0 -> -1
2019-10-14 09:23:29,273 [pool-403-thread-1] INFO  server.RaftServerConfigKeys (ConfUtils.java:logGet(43)) - raft.server.snapshot.auto.trigger.enabled = true (custom)
2019-10-14 09:23:29,273 [pool-403-thread-1] INFO  server.RaftServerConfigKeys (ConfUtils.java:logGet(43)) - raft.server.snapshot.auto.trigger.threshold = 10000 (custom)
2019-10-14 09:23:29,273 [pool-403-thread-1] INFO  server.RaftServerConfigKeys (ConfUtils.java:logGet(43)) - raft.server.snapshot.retention.num.files = 5 (custom)
2019-10-14 09:23:29,273 [pool-403-thread-1] INFO  server.RaftServerConfigKeys (ConfUtils.java:logGet(43)) - raft.server.retrycache.expirytime = 600000ms (custom)
2019-10-14 09:23:29,274 [pool-403-thread-1] INFO  impl.RaftServerImpl (RaftServerImpl.java:start(185)) - 65e356af-3b1f-43b6-88fa-b0df542a6460@group-52B0A9DD14E9: start as a follower, conf=-1: [65e356af-3b1f-43b6-88fa-b0df542a6460:192.168.164.214:38206], old=null
2019-10-14 09:23:29,274 [pool-403-thread-1] INFO  impl.RaftServerImpl (RaftServerImpl.java:setRole(174)) - 65e356af-3b1f-43b6-88fa-b0df542a6460@group-52B0A9DD14E9: changes role from      null to FOLLOWER at term 0 for startAsFollower
2019-10-14 09:23:29,274 [pool-403-thread-1] INFO  impl.RoleInfo (RoleInfo.java:updateAndGet(143)) - 65e356af-3b1f-43b6-88fa-b0df542a6460: start FollowerState
2019-10-14 09:23:29,275 [pool-403-thread-1] INFO  util.JmxRegister (JmxRegister.java:tryRegister(44)) - Successfully registered JMX Bean with object name Ratis:service=RaftServer,group=group-52B0A9DD14E9,id=65e356af-3b1f-43b6-88fa-b0df542a6460
2019-10-14 09:23:29,276 [RatisPipelineUtilsThread] INFO  pipeline.PipelineStateManager (PipelineStateManager.java:addPipeline(56)) - Created pipeline Pipeline[ Id: f084cc1f-c6d3-44c4-8f58-52b0a9dd14e9, Nodes: 65e356af-3b1f-43b6-88fa-b0df542a6460{ip: 192.168.164.214, host: pr-hdds-1569-vp9xg-4248047660, networkLocation: /default-rack, certSerialId: null}, Type:RATIS, Factor:ONE, State:OPEN]
2019-10-14 09:23:29,277 [RatisPipelineUtilsThread] ERROR pipeline.SCMPipelineManager (SCMPipelineManager.java:createPipeline(193)) - Pipeline creation failed.
org.apache.hadoop.hdds.scm.exceptions.SCMException: Cannot create pipeline of factor 1 using 0 nodes. Used 3 nodes. Healthy nodes 3
	at org.apache.hadoop.hdds.scm.pipeline.RatisPipelineProvider.pickNodesNeverUsed(RatisPipelineProvider.java:116)
	at org.apache.hadoop.hdds.scm.pipeline.RatisPipelineProvider.create(RatisPipelineProvider.java:128)
	at org.apache.hadoop.hdds.scm.pipeline.PipelineFactory.create(PipelineFactory.java:58)
	at org.apache.hadoop.hdds.scm.pipeline.SCMPipelineManager.createPipeline(SCMPipelineManager.java:183)
	at org.apache.hadoop.hdds.scm.pipeline.BackgroundPipelineCreator.createPipelines(BackgroundPipelineCreator.java:100)
	at java.util.concurrent.Executors$RunnableAdapter.call(Executors.java:511)
	at java.util.concurrent.FutureTask.run(FutureTask.java:266)
	at java.util.concurrent.ScheduledThreadPoolExecutor$ScheduledFutureTask.access$201(ScheduledThreadPoolExecutor.java:180)
	at java.util.concurrent.ScheduledThreadPoolExecutor$ScheduledFutureTask.run(ScheduledThreadPoolExecutor.java:293)
	at java.util.concurrent.ThreadPoolExecutor.runWorker(ThreadPoolExecutor.java:1149)
	at java.util.concurrent.ThreadPoolExecutor$Worker.run(ThreadPoolExecutor.java:624)
	at java.lang.Thread.run(Thread.java:748)
2019-10-14 09:23:29,283 [grpc-default-executor-10] INFO  impl.RaftServerProxy (RaftServerProxy.java:addNew(89)) - 866eb045-3bfb-47dc-a4c6-3505e598a7c3: addNew group-D2D7F11C67B7:[65e356af-3b1f-43b6-88fa-b0df542a6460:192.168.164.214:38206, 866eb045-3bfb-47dc-a4c6-3505e598a7c3:192.168.164.214:38008, cf77b951-1220-4844-8605-1ea68060b59b:192.168.164.214:39644] returns group-D2D7F11C67B7:java.util.concurrent.CompletableFuture@1401b4b2[Not completed]
2019-10-14 09:23:29,284 [grpc-default-executor-10] INFO  impl.RaftServerProxy (RaftServerProxy.java:addNew(89)) - 65e356af-3b1f-43b6-88fa-b0df542a6460: addNew group-D2D7F11C67B7:[65e356af-3b1f-43b6-88fa-b0df542a6460:192.168.164.214:38206, 866eb045-3bfb-47dc-a4c6-3505e598a7c3:192.168.164.214:38008, cf77b951-1220-4844-8605-1ea68060b59b:192.168.164.214:39644] returns group-D2D7F11C67B7:java.util.concurrent.CompletableFuture@3c5feb12[Not completed]
2019-10-14 09:23:29,284 [pool-383-thread-1] INFO  impl.RaftServerImpl (RaftServerImpl.java:<init>(95)) - 866eb045-3bfb-47dc-a4c6-3505e598a7c3: new RaftServerImpl for group-D2D7F11C67B7:[65e356af-3b1f-43b6-88fa-b0df542a6460:192.168.164.214:38206, 866eb045-3bfb-47dc-a4c6-3505e598a7c3:192.168.164.214:38008, cf77b951-1220-4844-8605-1ea68060b59b:192.168.164.214:39644] with ContainerStateMachine:uninitialized
2019-10-14 09:23:29,285 [grpc-default-executor-10] INFO  impl.RaftServerProxy (RaftServerProxy.java:addNew(89)) - cf77b951-1220-4844-8605-1ea68060b59b: addNew group-D2D7F11C67B7:[65e356af-3b1f-43b6-88fa-b0df542a6460:192.168.164.214:38206, 866eb045-3bfb-47dc-a4c6-3505e598a7c3:192.168.164.214:38008, cf77b951-1220-4844-8605-1ea68060b59b:192.168.164.214:39644] returns group-D2D7F11C67B7:java.util.concurrent.CompletableFuture@2e48af6d[Not completed]
2019-10-14 09:23:29,285 [pool-383-thread-1] INFO  server.RaftServerConfigKeys (ConfUtils.java:logGet(43)) - raft.server.rpc.timeout.min = 5s (custom)
2019-10-14 09:23:29,285 [pool-403-thread-1] INFO  impl.RaftServerImpl (RaftServerImpl.java:<init>(95)) - 65e356af-3b1f-43b6-88fa-b0df542a6460: new RaftServerImpl for group-D2D7F11C67B7:[65e356af-3b1f-43b6-88fa-b0df542a6460:192.168.164.214:38206, 866eb045-3bfb-47dc-a4c6-3505e598a7c3:192.168.164.214:38008, cf77b951-1220-4844-8605-1ea68060b59b:192.168.164.214:39644] with ContainerStateMachine:uninitialized
2019-10-14 09:23:29,285 [pool-383-thread-1] INFO  server.RaftServerConfigKeys (ConfUtils.java:logGet(43)) - raft.server.rpc.timeout.max = 5200ms (custom)
2019-10-14 09:23:29,285 [pool-403-thread-1] INFO  server.RaftServerConfigKeys (ConfUtils.java:logGet(43)) - raft.server.rpc.timeout.min = 5s (custom)
2019-10-14 09:23:29,285 [pool-383-thread-1] INFO  server.RaftServerConfigKeys (ConfUtils.java:logGet(43)) - raft.server.rpcslowness.timeout = 120s (custom)
2019-10-14 09:23:29,285 [pool-403-thread-1] INFO  server.RaftServerConfigKeys (ConfUtils.java:logGet(43)) - raft.server.rpc.timeout.max = 5200ms (custom)
2019-10-14 09:23:29,285 [pool-383-thread-1] INFO  server.RaftServerConfigKeys (ConfUtils.java:logGet(43)) - raft.server.sleep.deviation.threshold = 300 (default)
2019-10-14 09:23:29,285 [pool-393-thread-1] INFO  impl.RaftServerImpl (RaftServerImpl.java:<init>(95)) - cf77b951-1220-4844-8605-1ea68060b59b: new RaftServerImpl for group-D2D7F11C67B7:[65e356af-3b1f-43b6-88fa-b0df542a6460:192.168.164.214:38206, 866eb045-3bfb-47dc-a4c6-3505e598a7c3:192.168.164.214:38008, cf77b951-1220-4844-8605-1ea68060b59b:192.168.164.214:39644] with ContainerStateMachine:uninitialized
2019-10-14 09:23:29,285 [pool-403-thread-1] INFO  server.RaftServerConfigKeys (ConfUtils.java:logGet(43)) - raft.server.rpcslowness.timeout = 120s (custom)
2019-10-14 09:23:29,286 [pool-393-thread-1] INFO  server.RaftServerConfigKeys (ConfUtils.java:logGet(43)) - raft.server.rpc.timeout.min = 5s (custom)
2019-10-14 09:23:29,285 [pool-383-thread-1] INFO  server.RaftServerConfigKeys (ConfUtils.java:logGet(43)) - raft.server.log.appender.install.snapshot.enabled = false (custom)
2019-10-14 09:23:29,286 [pool-393-thread-1] INFO  server.RaftServerConfigKeys (ConfUtils.java:logGet(43)) - raft.server.rpc.timeout.max = 5200ms (custom)
2019-10-14 09:23:29,286 [pool-403-thread-1] INFO  server.RaftServerConfigKeys (ConfUtils.java:logGet(43)) - raft.server.sleep.deviation.threshold = 300 (default)
2019-10-14 09:23:29,286 [pool-393-thread-1] INFO  server.RaftServerConfigKeys (ConfUtils.java:logGet(43)) - raft.server.rpcslowness.timeout = 120s (custom)
2019-10-14 09:23:29,286 [pool-383-thread-1] INFO  impl.RaftServerImpl (ServerState.java:<init>(103)) - 866eb045-3bfb-47dc-a4c6-3505e598a7c3@group-D2D7F11C67B7: ConfigurationManager, init=-1: [65e356af-3b1f-43b6-88fa-b0df542a6460:192.168.164.214:38206, 866eb045-3bfb-47dc-a4c6-3505e598a7c3:192.168.164.214:38008, cf77b951-1220-4844-8605-1ea68060b59b:192.168.164.214:39644], old=null, confs=<EMPTY_MAP>
2019-10-14 09:23:29,286 [pool-393-thread-1] INFO  server.RaftServerConfigKeys (ConfUtils.java:logGet(43)) - raft.server.sleep.deviation.threshold = 300 (default)
2019-10-14 09:23:29,286 [pool-403-thread-1] INFO  server.RaftServerConfigKeys (ConfUtils.java:logGet(43)) - raft.server.log.appender.install.snapshot.enabled = false (custom)
2019-10-14 09:23:29,286 [pool-393-thread-1] INFO  server.RaftServerConfigKeys (ConfUtils.java:logGet(43)) - raft.server.log.appender.install.snapshot.enabled = false (custom)
2019-10-14 09:23:29,286 [pool-383-thread-1] INFO  server.RaftServerConfigKeys (ConfUtils.java:logGet(43)) - raft.server.storage.dir = [/workdir/hadoop-ozone/integration-test/target/test-dir/MiniOzoneClusterImpl-404eb741-03bf-48e0-a9fb-0e06e39ca081/datanode-0/data/ratis] (custom)
2019-10-14 09:23:29,287 [pool-393-thread-1] INFO  impl.RaftServerImpl (ServerState.java:<init>(103)) - cf77b951-1220-4844-8605-1ea68060b59b@group-D2D7F11C67B7: ConfigurationManager, init=-1: [65e356af-3b1f-43b6-88fa-b0df542a6460:192.168.164.214:38206, 866eb045-3bfb-47dc-a4c6-3505e598a7c3:192.168.164.214:38008, cf77b951-1220-4844-8605-1ea68060b59b:192.168.164.214:39644], old=null, confs=<EMPTY_MAP>
2019-10-14 09:23:29,287 [pool-403-thread-1] INFO  impl.RaftServerImpl (ServerState.java:<init>(103)) - 65e356af-3b1f-43b6-88fa-b0df542a6460@group-D2D7F11C67B7: ConfigurationManager, init=-1: [65e356af-3b1f-43b6-88fa-b0df542a6460:192.168.164.214:38206, 866eb045-3bfb-47dc-a4c6-3505e598a7c3:192.168.164.214:38008, cf77b951-1220-4844-8605-1ea68060b59b:192.168.164.214:39644], old=null, confs=<EMPTY_MAP>
2019-10-14 09:23:29,287 [pool-393-thread-1] INFO  server.RaftServerConfigKeys (ConfUtils.java:logGet(43)) - raft.server.storage.dir = [/workdir/hadoop-ozone/integration-test/target/test-dir/MiniOzoneClusterImpl-404eb741-03bf-48e0-a9fb-0e06e39ca081/datanode-1/data/ratis] (custom)
2019-10-14 09:23:29,287 [pool-403-thread-1] INFO  server.RaftServerConfigKeys (ConfUtils.java:logGet(43)) - raft.server.storage.dir = [/workdir/hadoop-ozone/integration-test/target/test-dir/MiniOzoneClusterImpl-404eb741-03bf-48e0-a9fb-0e06e39ca081/datanode-2/data/ratis] (custom)
2019-10-14 09:23:29,287 [pool-383-thread-1] INFO  storage.RaftStorageDirectory (RaftStorageDirectory.java:analyzeStorage(246)) - The storage directory /workdir/hadoop-ozone/integration-test/target/test-dir/MiniOzoneClusterImpl-404eb741-03bf-48e0-a9fb-0e06e39ca081/datanode-0/data/ratis/68f97dd9-6dab-4a77-87e7-d2d7f11c67b7 does not exist. Creating ...
2019-10-14 09:23:29,287 [pool-403-thread-1] INFO  storage.RaftStorageDirectory (RaftStorageDirectory.java:analyzeStorage(246)) - The storage directory /workdir/hadoop-ozone/integration-test/target/test-dir/MiniOzoneClusterImpl-404eb741-03bf-48e0-a9fb-0e06e39ca081/datanode-2/data/ratis/68f97dd9-6dab-4a77-87e7-d2d7f11c67b7 does not exist. Creating ...
2019-10-14 09:23:29,287 [pool-393-thread-1] INFO  storage.RaftStorageDirectory (RaftStorageDirectory.java:analyzeStorage(246)) - The storage directory /workdir/hadoop-ozone/integration-test/target/test-dir/MiniOzoneClusterImpl-404eb741-03bf-48e0-a9fb-0e06e39ca081/datanode-1/data/ratis/68f97dd9-6dab-4a77-87e7-d2d7f11c67b7 does not exist. Creating ...
2019-10-14 09:23:29,288 [IPC Server handler 2 on 46696] INFO  net.NetworkTopology (NetworkTopologyImpl.java:add(111)) - Added a new node: /default-rack/03fab2fb-e7d4-4e78-a4c4-f6863ac12e1f
2019-10-14 09:23:29,288 [IPC Server handler 2 on 46696] INFO  node.SCMNodeManager (SCMNodeManager.java:register(266)) - Registered Data node : 03fab2fb-e7d4-4e78-a4c4-f6863ac12e1f{ip: 192.168.164.214, host: pr-hdds-1569-vp9xg-4248047660, networkLocation: /default-rack, certSerialId: null}
2019-10-14 09:23:29,309 [pool-383-thread-1] INFO  storage.RaftStorageDirectory (RaftStorageDirectory.java:tryLock(328)) - Lock on /workdir/hadoop-ozone/integration-test/target/test-dir/MiniOzoneClusterImpl-404eb741-03bf-48e0-a9fb-0e06e39ca081/datanode-0/data/ratis/68f97dd9-6dab-4a77-87e7-d2d7f11c67b7/in_use.lock acquired by nodename 17906@pr-hdds-1569-vp9xg-4248047660
2019-10-14 09:23:29,309 [pool-393-thread-1] INFO  storage.RaftStorageDirectory (RaftStorageDirectory.java:tryLock(328)) - Lock on /workdir/hadoop-ozone/integration-test/target/test-dir/MiniOzoneClusterImpl-404eb741-03bf-48e0-a9fb-0e06e39ca081/datanode-1/data/ratis/68f97dd9-6dab-4a77-87e7-d2d7f11c67b7/in_use.lock acquired by nodename 17906@pr-hdds-1569-vp9xg-4248047660
2019-10-14 09:23:29,309 [pool-403-thread-1] INFO  storage.RaftStorageDirectory (RaftStorageDirectory.java:tryLock(328)) - Lock on /workdir/hadoop-ozone/integration-test/target/test-dir/MiniOzoneClusterImpl-404eb741-03bf-48e0-a9fb-0e06e39ca081/datanode-2/data/ratis/68f97dd9-6dab-4a77-87e7-d2d7f11c67b7/in_use.lock acquired by nodename 17906@pr-hdds-1569-vp9xg-4248047660
2019-10-14 09:23:29,341 [pool-393-thread-1] INFO  storage.RaftStorage (RaftStorage.java:format(72)) - Storage directory /workdir/hadoop-ozone/integration-test/target/test-dir/MiniOzoneClusterImpl-404eb741-03bf-48e0-a9fb-0e06e39ca081/datanode-1/data/ratis/68f97dd9-6dab-4a77-87e7-d2d7f11c67b7 has been successfully formatted.
2019-10-14 09:23:29,341 [pool-403-thread-1] INFO  storage.RaftStorage (RaftStorage.java:format(72)) - Storage directory /workdir/hadoop-ozone/integration-test/target/test-dir/MiniOzoneClusterImpl-404eb741-03bf-48e0-a9fb-0e06e39ca081/datanode-2/data/ratis/68f97dd9-6dab-4a77-87e7-d2d7f11c67b7 has been successfully formatted.
2019-10-14 09:23:29,341 [pool-383-thread-1] INFO  storage.RaftStorage (RaftStorage.java:format(72)) - Storage directory /workdir/hadoop-ozone/integration-test/target/test-dir/MiniOzoneClusterImpl-404eb741-03bf-48e0-a9fb-0e06e39ca081/datanode-0/data/ratis/68f97dd9-6dab-4a77-87e7-d2d7f11c67b7 has been successfully formatted.
2019-10-14 09:23:29,342 [pool-403-thread-1] INFO  ratis.ContainerStateMachine (ContainerStateMachine.java:loadSnapshot(230)) - group-D2D7F11C67B7: The snapshot info is null. Setting the last applied indexto:(t:0, i:~)
2019-10-14 09:23:29,341 [pool-393-thread-1] INFO  ratis.ContainerStateMachine (ContainerStateMachine.java:loadSnapshot(230)) - group-D2D7F11C67B7: The snapshot info is null. Setting the last applied indexto:(t:0, i:~)
2019-10-14 09:23:29,342 [pool-403-thread-1] INFO  server.RaftServerConfigKeys (ConfUtils.java:logGet(43)) - raft.server.notification.no-leader.timeout = 120s (custom)
2019-10-14 09:23:29,342 [pool-383-thread-1] INFO  ratis.ContainerStateMachine (ContainerStateMachine.java:loadSnapshot(230)) - group-D2D7F11C67B7: The snapshot info is null. Setting the last applied indexto:(t:0, i:~)
2019-10-14 09:23:29,342 [pool-403-thread-1] INFO  server.RaftServerConfigKeys (ConfUtils.java:logGet(43)) - raft.server.log.use.memory = false (default)
2019-10-14 09:23:29,342 [pool-393-thread-1] INFO  server.RaftServerConfigKeys (ConfUtils.java:logGet(43)) - raft.server.notification.no-leader.timeout = 120s (custom)
2019-10-14 09:23:29,342 [pool-403-thread-1] INFO  server.RaftServerConfigKeys (ConfUtils.java:logGet(43)) - raft.server.log.purge.gap = 1000000 (custom)
2019-10-14 09:23:29,342 [pool-383-thread-1] INFO  server.RaftServerConfigKeys (ConfUtils.java:logGet(43)) - raft.server.notification.no-leader.timeout = 120s (custom)
2019-10-14 09:23:29,343 [pool-383-thread-1] INFO  server.RaftServerConfigKeys (ConfUtils.java:logGet(43)) - raft.server.log.use.memory = false (default)
2019-10-14 09:23:29,343 [pool-403-thread-1] INFO  server.RaftServerConfigKeys (ConfUtils.java:logGet(43)) - raft.server.log.appender.buffer.byte-limit = 33554432 (custom)
2019-10-14 09:23:29,342 [pool-393-thread-1] INFO  server.RaftServerConfigKeys (ConfUtils.java:logGet(43)) - raft.server.log.use.memory = false (default)
2019-10-14 09:23:29,343 [pool-403-thread-1] INFO  server.RaftServerConfigKeys (ConfUtils.java:logGet(43)) - raft.server.log.segment.size.max = 1048576 (custom)
2019-10-14 09:23:29,343 [pool-383-thread-1] INFO  server.RaftServerConfigKeys (ConfUtils.java:logGet(43)) - raft.server.log.purge.gap = 1000000 (custom)
2019-10-14 09:23:29,343 [pool-403-thread-1] INFO  server.RaftServerConfigKeys (ConfUtils.java:logGet(43)) - raft.server.log.segment.cache.num.max = 2 (custom)
2019-10-14 09:23:29,343 [pool-393-thread-1] INFO  server.RaftServerConfigKeys (ConfUtils.java:logGet(43)) - raft.server.log.purge.gap = 1000000 (custom)
2019-10-14 09:23:29,343 [pool-403-thread-1] INFO  segmented.SegmentedRaftLogWorker (SegmentedRaftLogWorker.java:<init>(172)) - new 65e356af-3b1f-43b6-88fa-b0df542a6460@group-D2D7F11C67B7-SegmentedRaftLogWorker for RaftStorage:Storage Directory /workdir/hadoop-ozone/integration-test/target/test-dir/MiniOzoneClusterImpl-404eb741-03bf-48e0-a9fb-0e06e39ca081/datanode-2/data/ratis/68f97dd9-6dab-4a77-87e7-d2d7f11c67b7
2019-10-14 09:23:29,343 [pool-383-thread-1] INFO  server.RaftServerConfigKeys (ConfUtils.java:logGet(43)) - raft.server.log.appender.buffer.byte-limit = 33554432 (custom)
2019-10-14 09:23:29,344 [pool-403-thread-1] INFO  server.RaftServerConfigKeys (ConfUtils.java:logGet(43)) - raft.server.log.queue.byte-limit = 2147483647 (custom)
2019-10-14 09:23:29,343 [pool-393-thread-1] INFO  server.RaftServerConfigKeys (ConfUtils.java:logGet(43)) - raft.server.log.appender.buffer.byte-limit = 33554432 (custom)
2019-10-14 09:23:29,344 [pool-403-thread-1] INFO  server.RaftServerConfigKeys (ConfUtils.java:logGet(43)) - raft.server.log.queue.element-limit = 1024 (custom)
2019-10-14 09:23:29,344 [pool-383-thread-1] INFO  server.RaftServerConfigKeys (ConfUtils.java:logGet(43)) - raft.server.log.segment.size.max = 1048576 (custom)
2019-10-14 09:23:29,344 [pool-403-thread-1] INFO  server.RaftServerConfigKeys (ConfUtils.java:logGet(43)) - raft.server.log.segment.size.max = 1048576 (custom)
2019-10-14 09:23:29,344 [pool-393-thread-1] INFO  server.RaftServerConfigKeys (ConfUtils.java:logGet(43)) - raft.server.log.segment.size.max = 1048576 (custom)
2019-10-14 09:23:29,344 [pool-403-thread-1] INFO  server.RaftServerConfigKeys (ConfUtils.java:logGet(43)) - raft.server.log.preallocated.size = 16384 (custom)
2019-10-14 09:23:29,344 [pool-383-thread-1] INFO  server.RaftServerConfigKeys (ConfUtils.java:logGet(43)) - raft.server.log.segment.cache.num.max = 2 (custom)
2019-10-14 09:23:29,345 [pool-403-thread-1] INFO  server.RaftServerConfigKeys (ConfUtils.java:logGet(43)) - raft.server.log.write.buffer.size = 33554432 (custom)
2019-10-14 09:23:29,345 [pool-393-thread-1] INFO  server.RaftServerConfigKeys (ConfUtils.java:logGet(43)) - raft.server.log.segment.cache.num.max = 2 (custom)
2019-10-14 09:23:29,345 [pool-403-thread-1] INFO  server.RaftServerConfigKeys (ConfUtils.java:logGet(43)) - raft.server.log.force.sync.num = 128 (default)
2019-10-14 09:23:29,345 [pool-383-thread-1] INFO  segmented.SegmentedRaftLogWorker (SegmentedRaftLogWorker.java:<init>(172)) - new 866eb045-3bfb-47dc-a4c6-3505e598a7c3@group-D2D7F11C67B7-SegmentedRaftLogWorker for RaftStorage:Storage Directory /workdir/hadoop-ozone/integration-test/target/test-dir/MiniOzoneClusterImpl-404eb741-03bf-48e0-a9fb-0e06e39ca081/datanode-0/data/ratis/68f97dd9-6dab-4a77-87e7-d2d7f11c67b7
2019-10-14 09:23:29,345 [pool-403-thread-1] INFO  server.RaftServerConfigKeys (ConfUtils.java:logGet(43)) - raft.server.log.statemachine.data.sync = true (default)
2019-10-14 09:23:29,345 [pool-393-thread-1] INFO  segmented.SegmentedRaftLogWorker (SegmentedRaftLogWorker.java:<init>(172)) - new cf77b951-1220-4844-8605-1ea68060b59b@group-D2D7F11C67B7-SegmentedRaftLogWorker for RaftStorage:Storage Directory /workdir/hadoop-ozone/integration-test/target/test-dir/MiniOzoneClusterImpl-404eb741-03bf-48e0-a9fb-0e06e39ca081/datanode-1/data/ratis/68f97dd9-6dab-4a77-87e7-d2d7f11c67b7
2019-10-14 09:23:29,346 [pool-393-thread-1] INFO  server.RaftServerConfigKeys (ConfUtils.java:logGet(43)) - raft.server.log.queue.byte-limit = 2147483647 (custom)
2019-10-14 09:23:29,346 [pool-393-thread-1] INFO  server.RaftServerConfigKeys (ConfUtils.java:logGet(43)) - raft.server.log.queue.element-limit = 1024 (custom)
2019-10-14 09:23:29,346 [pool-403-thread-1] INFO  server.RaftServerConfigKeys (ConfUtils.java:logGet(43)) - raft.server.log.statemachine.data.sync.timeout = 10s (default)
2019-10-14 09:23:29,345 [pool-383-thread-1] INFO  server.RaftServerConfigKeys (ConfUtils.java:logGet(43)) - raft.server.log.queue.byte-limit = 2147483647 (custom)
2019-10-14 09:23:29,346 [pool-403-thread-1] INFO  server.RaftServerConfigKeys (ConfUtils.java:logGet(43)) - raft.server.log.statemachine.data.sync.timeout.retry = -1 (default)
2019-10-14 09:23:29,346 [pool-393-thread-1] INFO  server.RaftServerConfigKeys (ConfUtils.java:logGet(43)) - raft.server.log.segment.size.max = 1048576 (custom)
2019-10-14 09:23:29,346 [pool-403-thread-1] INFO  server.RaftServerConfigKeys (ConfUtils.java:logGet(43)) - raft.server.log.statemachine.data.caching.enabled = true (custom)
2019-10-14 09:23:29,346 [pool-383-thread-1] INFO  server.RaftServerConfigKeys (ConfUtils.java:logGet(43)) - raft.server.log.queue.element-limit = 1024 (custom)
2019-10-14 09:23:29,346 [pool-393-thread-1] INFO  server.RaftServerConfigKeys (ConfUtils.java:logGet(43)) - raft.server.log.preallocated.size = 16384 (custom)
2019-10-14 09:23:29,347 [pool-403-thread-1] INFO  segmented.SegmentedRaftLogWorker (SegmentedRaftLogWorker.java:lambda$new$0(132)) - 65e356af-3b1f-43b6-88fa-b0df542a6460@group-D2D7F11C67B7-SegmentedRaftLogWorker: flushIndex: setUnconditionally 0 -> -1
2019-10-14 09:23:29,347 [pool-383-thread-1] INFO  server.RaftServerConfigKeys (ConfUtils.java:logGet(43)) - raft.server.log.segment.size.max = 1048576 (custom)
2019-10-14 09:23:29,347 [pool-393-thread-1] INFO  server.RaftServerConfigKeys (ConfUtils.java:logGet(43)) - raft.server.log.write.buffer.size = 33554432 (custom)
2019-10-14 09:23:29,347 [pool-403-thread-1] INFO  server.RaftServerConfigKeys (ConfUtils.java:logGet(43)) - raft.server.snapshot.auto.trigger.enabled = true (custom)
2019-10-14 09:23:29,347 [pool-383-thread-1] INFO  server.RaftServerConfigKeys (ConfUtils.java:logGet(43)) - raft.server.log.preallocated.size = 16384 (custom)
2019-10-14 09:23:29,347 [pool-403-thread-1] INFO  server.RaftServerConfigKeys (ConfUtils.java:logGet(43)) - raft.server.snapshot.auto.trigger.threshold = 10000 (custom)
2019-10-14 09:23:29,347 [pool-393-thread-1] INFO  server.RaftServerConfigKeys (ConfUtils.java:logGet(43)) - raft.server.log.force.sync.num = 128 (default)
2019-10-14 09:23:29,348 [pool-403-thread-1] INFO  server.RaftServerConfigKeys (ConfUtils.java:logGet(43)) - raft.server.snapshot.retention.num.files = 5 (custom)
2019-10-14 09:23:29,347 [pool-383-thread-1] INFO  server.RaftServerConfigKeys (ConfUtils.java:logGet(43)) - raft.server.log.write.buffer.size = 33554432 (custom)
2019-10-14 09:23:29,348 [pool-403-thread-1] INFO  server.RaftServerConfigKeys (ConfUtils.java:logGet(43)) - raft.server.retrycache.expirytime = 600000ms (custom)
2019-10-14 09:23:29,348 [pool-393-thread-1] INFO  server.RaftServerConfigKeys (ConfUtils.java:logGet(43)) - raft.server.log.statemachine.data.sync = true (default)
2019-10-14 09:23:29,348 [pool-383-thread-1] INFO  server.RaftServerConfigKeys (ConfUtils.java:logGet(43)) - raft.server.log.force.sync.num = 128 (default)
2019-10-14 09:23:29,348 [pool-383-thread-1] INFO  server.RaftServerConfigKeys (ConfUtils.java:logGet(43)) - raft.server.log.statemachine.data.sync = true (default)
2019-10-14 09:23:29,349 [pool-383-thread-1] INFO  server.RaftServerConfigKeys (ConfUtils.java:logGet(43)) - raft.server.log.statemachine.data.sync.timeout = 10s (default)
2019-10-14 09:23:29,349 [pool-383-thread-1] INFO  server.RaftServerConfigKeys (ConfUtils.java:logGet(43)) - raft.server.log.statemachine.data.sync.timeout.retry = -1 (default)
2019-10-14 09:23:29,349 [pool-383-thread-1] INFO  server.RaftServerConfigKeys (ConfUtils.java:logGet(43)) - raft.server.log.statemachine.data.caching.enabled = true (custom)
2019-10-14 09:23:29,349 [pool-383-thread-1] INFO  segmented.SegmentedRaftLogWorker (SegmentedRaftLogWorker.java:lambda$new$0(132)) - 866eb045-3bfb-47dc-a4c6-3505e598a7c3@group-D2D7F11C67B7-SegmentedRaftLogWorker: flushIndex: setUnconditionally 0 -> -1
2019-10-14 09:23:29,349 [pool-393-thread-1] INFO  server.RaftServerConfigKeys (ConfUtils.java:logGet(43)) - raft.server.log.statemachine.data.sync.timeout = 10s (default)
2019-10-14 09:23:29,350 [pool-383-thread-1] INFO  server.RaftServerConfigKeys (ConfUtils.java:logGet(43)) - raft.server.snapshot.auto.trigger.enabled = true (custom)
2019-10-14 09:23:29,350 [pool-393-thread-1] INFO  server.RaftServerConfigKeys (ConfUtils.java:logGet(43)) - raft.server.log.statemachine.data.sync.timeout.retry = -1 (default)
2019-10-14 09:23:29,350 [pool-383-thread-1] INFO  server.RaftServerConfigKeys (ConfUtils.java:logGet(43)) - raft.server.snapshot.auto.trigger.threshold = 10000 (custom)
2019-10-14 09:23:29,350 [pool-393-thread-1] INFO  server.RaftServerConfigKeys (ConfUtils.java:logGet(43)) - raft.server.log.statemachine.data.caching.enabled = true (custom)
2019-10-14 09:23:29,350 [pool-383-thread-1] INFO  server.RaftServerConfigKeys (ConfUtils.java:logGet(43)) - raft.server.snapshot.retention.num.files = 5 (custom)
2019-10-14 09:23:29,350 [pool-383-thread-1] INFO  server.RaftServerConfigKeys (ConfUtils.java:logGet(43)) - raft.server.retrycache.expirytime = 600000ms (custom)
2019-10-14 09:23:29,350 [pool-403-thread-1] INFO  impl.RaftServerImpl (RaftServerImpl.java:start(185)) - 65e356af-3b1f-43b6-88fa-b0df542a6460@group-D2D7F11C67B7: start as a follower, conf=-1: [65e356af-3b1f-43b6-88fa-b0df542a6460:192.168.164.214:38206, 866eb045-3bfb-47dc-a4c6-3505e598a7c3:192.168.164.214:38008, cf77b951-1220-4844-8605-1ea68060b59b:192.168.164.214:39644], old=null
2019-10-14 09:23:29,350 [pool-393-thread-1] INFO  segmented.SegmentedRaftLogWorker (SegmentedRaftLogWorker.java:lambda$new$0(132)) - cf77b951-1220-4844-8605-1ea68060b59b@group-D2D7F11C67B7-SegmentedRaftLogWorker: flushIndex: setUnconditionally 0 -> -1
2019-10-14 09:23:29,351 [pool-403-thread-1] INFO  impl.RaftServerImpl (RaftServerImpl.java:setRole(174)) - 65e356af-3b1f-43b6-88fa-b0df542a6460@group-D2D7F11C67B7: changes role from      null to FOLLOWER at term 0 for startAsFollower
2019-10-14 09:23:29,351 [pool-403-thread-1] INFO  impl.RoleInfo (RoleInfo.java:updateAndGet(143)) - 65e356af-3b1f-43b6-88fa-b0df542a6460: start FollowerState
2019-10-14 09:23:29,351 [pool-393-thread-1] INFO  server.RaftServerConfigKeys (ConfUtils.java:logGet(43)) - raft.server.snapshot.auto.trigger.enabled = true (custom)
2019-10-14 09:23:29,351 [pool-393-thread-1] INFO  server.RaftServerConfigKeys (ConfUtils.java:logGet(43)) - raft.server.snapshot.auto.trigger.threshold = 10000 (custom)
2019-10-14 09:23:29,351 [pool-393-thread-1] INFO  server.RaftServerConfigKeys (ConfUtils.java:logGet(43)) - raft.server.snapshot.retention.num.files = 5 (custom)
2019-10-14 09:23:29,351 [pool-403-thread-1] INFO  util.JmxRegister (JmxRegister.java:tryRegister(44)) - Successfully registered JMX Bean with object name Ratis:service=RaftServer,group=group-D2D7F11C67B7,id=65e356af-3b1f-43b6-88fa-b0df542a6460
2019-10-14 09:23:29,352 [pool-393-thread-1] INFO  server.RaftServerConfigKeys (ConfUtils.java:logGet(43)) - raft.server.retrycache.expirytime = 600000ms (custom)
2019-10-14 09:23:29,352 [pool-383-thread-1] INFO  impl.RaftServerImpl (RaftServerImpl.java:start(185)) - 866eb045-3bfb-47dc-a4c6-3505e598a7c3@group-D2D7F11C67B7: start as a follower, conf=-1: [65e356af-3b1f-43b6-88fa-b0df542a6460:192.168.164.214:38206, 866eb045-3bfb-47dc-a4c6-3505e598a7c3:192.168.164.214:38008, cf77b951-1220-4844-8605-1ea68060b59b:192.168.164.214:39644], old=null
2019-10-14 09:23:29,352 [pool-383-thread-1] INFO  impl.RaftServerImpl (RaftServerImpl.java:setRole(174)) - 866eb045-3bfb-47dc-a4c6-3505e598a7c3@group-D2D7F11C67B7: changes role from      null to FOLLOWER at term 0 for startAsFollower
2019-10-14 09:23:29,352 [pool-383-thread-1] INFO  impl.RoleInfo (RoleInfo.java:updateAndGet(143)) - 866eb045-3bfb-47dc-a4c6-3505e598a7c3: start FollowerState
2019-10-14 09:23:29,353 [pool-383-thread-1] INFO  util.JmxRegister (JmxRegister.java:tryRegister(44)) - Successfully registered JMX Bean with object name Ratis:service=RaftServer,group=group-D2D7F11C67B7,id=866eb045-3bfb-47dc-a4c6-3505e598a7c3
2019-10-14 09:23:29,354 [pool-393-thread-1] INFO  impl.RaftServerImpl (RaftServerImpl.java:start(185)) - cf77b951-1220-4844-8605-1ea68060b59b@group-D2D7F11C67B7: start as a follower, conf=-1: [65e356af-3b1f-43b6-88fa-b0df542a6460:192.168.164.214:38206, 866eb045-3bfb-47dc-a4c6-3505e598a7c3:192.168.164.214:38008, cf77b951-1220-4844-8605-1ea68060b59b:192.168.164.214:39644], old=null
2019-10-14 09:23:29,354 [pool-393-thread-1] INFO  impl.RaftServerImpl (RaftServerImpl.java:setRole(174)) - cf77b951-1220-4844-8605-1ea68060b59b@group-D2D7F11C67B7: changes role from      null to FOLLOWER at term 0 for startAsFollower
2019-10-14 09:23:29,354 [pool-393-thread-1] INFO  impl.RoleInfo (RoleInfo.java:updateAndGet(143)) - cf77b951-1220-4844-8605-1ea68060b59b: start FollowerState
2019-10-14 09:23:29,355 [pool-393-thread-1] INFO  util.JmxRegister (JmxRegister.java:tryRegister(44)) - Successfully registered JMX Bean with object name Ratis:service=RaftServer,group=group-D2D7F11C67B7,id=cf77b951-1220-4844-8605-1ea68060b59b
2019-10-14 09:23:29,356 [RatisPipelineUtilsThread] INFO  pipeline.PipelineStateManager (PipelineStateManager.java:addPipeline(56)) - Created pipeline Pipeline[ Id: 68f97dd9-6dab-4a77-87e7-d2d7f11c67b7, Nodes: cf77b951-1220-4844-8605-1ea68060b59b{ip: 192.168.164.214, host: pr-hdds-1569-vp9xg-4248047660, networkLocation: /default-rack, certSerialId: null}866eb045-3bfb-47dc-a4c6-3505e598a7c3{ip: 192.168.164.214, host: pr-hdds-1569-vp9xg-4248047660, networkLocation: /default-rack, certSerialId: null}65e356af-3b1f-43b6-88fa-b0df542a6460{ip: 192.168.164.214, host: pr-hdds-1569-vp9xg-4248047660, networkLocation: /default-rack, certSerialId: null}, Type:RATIS, Factor:THREE, State:OPEN]
2019-10-14 09:23:29,362 [grpc-default-executor-3] INFO  impl.RaftServerProxy (RaftServerProxy.java:addNew(89)) - 866eb045-3bfb-47dc-a4c6-3505e598a7c3: addNew group-744AA81B7672:[03fab2fb-e7d4-4e78-a4c4-f6863ac12e1f:192.168.164.214:33299, 866eb045-3bfb-47dc-a4c6-3505e598a7c3:192.168.164.214:38008, cf77b951-1220-4844-8605-1ea68060b59b:192.168.164.214:39644] returns group-744AA81B7672:java.util.concurrent.CompletableFuture@60e02db5[Not completed]
2019-10-14 09:23:29,362 [grpc-default-executor-15] INFO  impl.RaftServerProxy (RaftServerProxy.java:addNew(89)) - cf77b951-1220-4844-8605-1ea68060b59b: addNew group-744AA81B7672:[03fab2fb-e7d4-4e78-a4c4-f6863ac12e1f:192.168.164.214:33299, 866eb045-3bfb-47dc-a4c6-3505e598a7c3:192.168.164.214:38008, cf77b951-1220-4844-8605-1ea68060b59b:192.168.164.214:39644] returns group-744AA81B7672:java.util.concurrent.CompletableFuture@71d2c879[Not completed]
2019-10-14 09:23:29,364 [grpc-default-executor-10] INFO  impl.RaftServerProxy (RaftServerProxy.java:addNew(89)) - 03fab2fb-e7d4-4e78-a4c4-f6863ac12e1f: addNew group-744AA81B7672:[03fab2fb-e7d4-4e78-a4c4-f6863ac12e1f:192.168.164.214:33299, 866eb045-3bfb-47dc-a4c6-3505e598a7c3:192.168.164.214:38008, cf77b951-1220-4844-8605-1ea68060b59b:192.168.164.214:39644] returns group-744AA81B7672:java.util.concurrent.CompletableFuture@7e8b7668[Not completed]
2019-10-14 09:23:29,365 [pool-383-thread-1] INFO  impl.RaftServerImpl (RaftServerImpl.java:<init>(95)) - 866eb045-3bfb-47dc-a4c6-3505e598a7c3: new RaftServerImpl for group-744AA81B7672:[03fab2fb-e7d4-4e78-a4c4-f6863ac12e1f:192.168.164.214:33299, 866eb045-3bfb-47dc-a4c6-3505e598a7c3:192.168.164.214:38008, cf77b951-1220-4844-8605-1ea68060b59b:192.168.164.214:39644] with ContainerStateMachine:uninitialized
2019-10-14 09:23:29,365 [IPC Server handler 3 on 46696] INFO  net.NetworkTopology (NetworkTopologyImpl.java:add(111)) - Added a new node: /default-rack/f21c5b87-272d-4473-86ef-15bafd2985f9
2019-10-14 09:23:29,365 [pool-383-thread-1] INFO  server.RaftServerConfigKeys (ConfUtils.java:logGet(43)) - raft.server.rpc.timeout.min = 5s (custom)
2019-10-14 09:23:29,365 [IPC Server handler 3 on 46696] INFO  node.SCMNodeManager (SCMNodeManager.java:register(266)) - Registered Data node : f21c5b87-272d-4473-86ef-15bafd2985f9{ip: 192.168.164.214, host: pr-hdds-1569-vp9xg-4248047660, networkLocation: /default-rack, certSerialId: null}
2019-10-14 09:23:29,365 [pool-383-thread-1] INFO  server.RaftServerConfigKeys (ConfUtils.java:logGet(43)) - raft.server.rpc.timeout.max = 5200ms (custom)
2019-10-14 09:23:29,366 [pool-383-thread-1] INFO  server.RaftServerConfigKeys (ConfUtils.java:logGet(43)) - raft.server.rpcslowness.timeout = 120s (custom)
2019-10-14 09:23:29,366 [pool-383-thread-1] INFO  server.RaftServerConfigKeys (ConfUtils.java:logGet(43)) - raft.server.sleep.deviation.threshold = 300 (default)
2019-10-14 09:23:29,366 [pool-393-thread-1] INFO  impl.RaftServerImpl (RaftServerImpl.java:<init>(95)) - cf77b951-1220-4844-8605-1ea68060b59b: new RaftServerImpl for group-744AA81B7672:[03fab2fb-e7d4-4e78-a4c4-f6863ac12e1f:192.168.164.214:33299, 866eb045-3bfb-47dc-a4c6-3505e598a7c3:192.168.164.214:38008, cf77b951-1220-4844-8605-1ea68060b59b:192.168.164.214:39644] with ContainerStateMachine:uninitialized
2019-10-14 09:23:29,366 [pool-383-thread-1] INFO  server.RaftServerConfigKeys (ConfUtils.java:logGet(43)) - raft.server.log.appender.install.snapshot.enabled = false (custom)
2019-10-14 09:23:29,366 [pool-393-thread-1] INFO  server.RaftServerConfigKeys (ConfUtils.java:logGet(43)) - raft.server.rpc.timeout.min = 5s (custom)
2019-10-14 09:23:29,366 [pool-383-thread-1] INFO  impl.RaftServerImpl (ServerState.java:<init>(103)) - 866eb045-3bfb-47dc-a4c6-3505e598a7c3@group-744AA81B7672: ConfigurationManager, init=-1: [03fab2fb-e7d4-4e78-a4c4-f6863ac12e1f:192.168.164.214:33299, 866eb045-3bfb-47dc-a4c6-3505e598a7c3:192.168.164.214:38008, cf77b951-1220-4844-8605-1ea68060b59b:192.168.164.214:39644], old=null, confs=<EMPTY_MAP>
2019-10-14 09:23:29,366 [pool-393-thread-1] INFO  server.RaftServerConfigKeys (ConfUtils.java:logGet(43)) - raft.server.rpc.timeout.max = 5200ms (custom)
2019-10-14 09:23:29,366 [pool-413-thread-1] INFO  impl.RaftServerImpl (RaftServerImpl.java:<init>(95)) - 03fab2fb-e7d4-4e78-a4c4-f6863ac12e1f: new RaftServerImpl for group-744AA81B7672:[03fab2fb-e7d4-4e78-a4c4-f6863ac12e1f:192.168.164.214:33299, 866eb045-3bfb-47dc-a4c6-3505e598a7c3:192.168.164.214:38008, cf77b951-1220-4844-8605-1ea68060b59b:192.168.164.214:39644] with ContainerStateMachine:uninitialized
2019-10-14 09:23:29,366 [pool-383-thread-1] INFO  server.RaftServerConfigKeys (ConfUtils.java:logGet(43)) - raft.server.storage.dir = [/workdir/hadoop-ozone/integration-test/target/test-dir/MiniOzoneClusterImpl-404eb741-03bf-48e0-a9fb-0e06e39ca081/datanode-0/data/ratis] (custom)
2019-10-14 09:23:29,367 [pool-413-thread-1] INFO  server.RaftServerConfigKeys (ConfUtils.java:logGet(43)) - raft.server.rpc.timeout.min = 5s (custom)
2019-10-14 09:23:29,366 [pool-393-thread-1] INFO  server.RaftServerConfigKeys (ConfUtils.java:logGet(43)) - raft.server.rpcslowness.timeout = 120s (custom)
2019-10-14 09:23:29,367 [pool-383-thread-1] INFO  storage.RaftStorageDirectory (RaftStorageDirectory.java:analyzeStorage(246)) - The storage directory /workdir/hadoop-ozone/integration-test/target/test-dir/MiniOzoneClusterImpl-404eb741-03bf-48e0-a9fb-0e06e39ca081/datanode-0/data/ratis/32f3ad96-541f-4211-9621-744aa81b7672 does not exist. Creating ...
2019-10-14 09:23:29,367 [pool-413-thread-1] INFO  server.RaftServerConfigKeys (ConfUtils.java:logGet(43)) - raft.server.rpc.timeout.max = 5200ms (custom)
2019-10-14 09:23:29,367 [pool-393-thread-1] INFO  server.RaftServerConfigKeys (ConfUtils.java:logGet(43)) - raft.server.sleep.deviation.threshold = 300 (default)
2019-10-14 09:23:29,367 [pool-413-thread-1] INFO  server.RaftServerConfigKeys (ConfUtils.java:logGet(43)) - raft.server.rpcslowness.timeout = 120s (custom)
2019-10-14 09:23:29,367 [pool-393-thread-1] INFO  server.RaftServerConfigKeys (ConfUtils.java:logGet(43)) - raft.server.log.appender.install.snapshot.enabled = false (custom)
2019-10-14 09:23:29,367 [pool-413-thread-1] INFO  server.RaftServerConfigKeys (ConfUtils.java:logGet(43)) - raft.server.sleep.deviation.threshold = 300 (default)
2019-10-14 09:23:29,367 [pool-393-thread-1] INFO  impl.RaftServerImpl (ServerState.java:<init>(103)) - cf77b951-1220-4844-8605-1ea68060b59b@group-744AA81B7672: ConfigurationManager, init=-1: [03fab2fb-e7d4-4e78-a4c4-f6863ac12e1f:192.168.164.214:33299, 866eb045-3bfb-47dc-a4c6-3505e598a7c3:192.168.164.214:38008, cf77b951-1220-4844-8605-1ea68060b59b:192.168.164.214:39644], old=null, confs=<EMPTY_MAP>
2019-10-14 09:23:29,368 [pool-413-thread-1] INFO  server.RaftServerConfigKeys (ConfUtils.java:logGet(43)) - raft.server.log.appender.install.snapshot.enabled = false (custom)
2019-10-14 09:23:29,368 [pool-393-thread-1] INFO  server.RaftServerConfigKeys (ConfUtils.java:logGet(43)) - raft.server.storage.dir = [/workdir/hadoop-ozone/integration-test/target/test-dir/MiniOzoneClusterImpl-404eb741-03bf-48e0-a9fb-0e06e39ca081/datanode-1/data/ratis] (custom)
2019-10-14 09:23:29,368 [pool-413-thread-1] INFO  impl.RaftServerImpl (ServerState.java:<init>(103)) - 03fab2fb-e7d4-4e78-a4c4-f6863ac12e1f@group-744AA81B7672: ConfigurationManager, init=-1: [03fab2fb-e7d4-4e78-a4c4-f6863ac12e1f:192.168.164.214:33299, 866eb045-3bfb-47dc-a4c6-3505e598a7c3:192.168.164.214:38008, cf77b951-1220-4844-8605-1ea68060b59b:192.168.164.214:39644], old=null, confs=<EMPTY_MAP>
2019-10-14 09:23:29,368 [pool-413-thread-1] INFO  server.RaftServerConfigKeys (ConfUtils.java:logGet(43)) - raft.server.storage.dir = [/workdir/hadoop-ozone/integration-test/target/test-dir/MiniOzoneClusterImpl-404eb741-03bf-48e0-a9fb-0e06e39ca081/datanode-3/data/ratis] (custom)
2019-10-14 09:23:29,368 [pool-393-thread-1] INFO  storage.RaftStorageDirectory (RaftStorageDirectory.java:analyzeStorage(246)) - The storage directory /workdir/hadoop-ozone/integration-test/target/test-dir/MiniOzoneClusterImpl-404eb741-03bf-48e0-a9fb-0e06e39ca081/datanode-1/data/ratis/32f3ad96-541f-4211-9621-744aa81b7672 does not exist. Creating ...
2019-10-14 09:23:29,368 [pool-413-thread-1] INFO  storage.RaftStorageDirectory (RaftStorageDirectory.java:analyzeStorage(246)) - The storage directory /workdir/hadoop-ozone/integration-test/target/test-dir/MiniOzoneClusterImpl-404eb741-03bf-48e0-a9fb-0e06e39ca081/datanode-3/data/ratis/32f3ad96-541f-4211-9621-744aa81b7672 does not exist. Creating ...
2019-10-14 09:23:29,400 [pool-383-thread-1] INFO  storage.RaftStorageDirectory (RaftStorageDirectory.java:tryLock(328)) - Lock on /workdir/hadoop-ozone/integration-test/target/test-dir/MiniOzoneClusterImpl-404eb741-03bf-48e0-a9fb-0e06e39ca081/datanode-0/data/ratis/32f3ad96-541f-4211-9621-744aa81b7672/in_use.lock acquired by nodename 17906@pr-hdds-1569-vp9xg-4248047660
2019-10-14 09:23:29,400 [pool-393-thread-1] INFO  storage.RaftStorageDirectory (RaftStorageDirectory.java:tryLock(328)) - Lock on /workdir/hadoop-ozone/integration-test/target/test-dir/MiniOzoneClusterImpl-404eb741-03bf-48e0-a9fb-0e06e39ca081/datanode-1/data/ratis/32f3ad96-541f-4211-9621-744aa81b7672/in_use.lock acquired by nodename 17906@pr-hdds-1569-vp9xg-4248047660
2019-10-14 09:23:29,400 [pool-413-thread-1] INFO  storage.RaftStorageDirectory (RaftStorageDirectory.java:tryLock(328)) - Lock on /workdir/hadoop-ozone/integration-test/target/test-dir/MiniOzoneClusterImpl-404eb741-03bf-48e0-a9fb-0e06e39ca081/datanode-3/data/ratis/32f3ad96-541f-4211-9621-744aa81b7672/in_use.lock acquired by nodename 17906@pr-hdds-1569-vp9xg-4248047660
2019-10-14 09:23:29,426 [pool-383-thread-1] INFO  storage.RaftStorage (RaftStorage.java:format(72)) - Storage directory /workdir/hadoop-ozone/integration-test/target/test-dir/MiniOzoneClusterImpl-404eb741-03bf-48e0-a9fb-0e06e39ca081/datanode-0/data/ratis/32f3ad96-541f-4211-9621-744aa81b7672 has been successfully formatted.
2019-10-14 09:23:29,426 [pool-413-thread-1] INFO  storage.RaftStorage (RaftStorage.java:format(72)) - Storage directory /workdir/hadoop-ozone/integration-test/target/test-dir/MiniOzoneClusterImpl-404eb741-03bf-48e0-a9fb-0e06e39ca081/datanode-3/data/ratis/32f3ad96-541f-4211-9621-744aa81b7672 has been successfully formatted.
2019-10-14 09:23:29,426 [pool-393-thread-1] INFO  storage.RaftStorage (RaftStorage.java:format(72)) - Storage directory /workdir/hadoop-ozone/integration-test/target/test-dir/MiniOzoneClusterImpl-404eb741-03bf-48e0-a9fb-0e06e39ca081/datanode-1/data/ratis/32f3ad96-541f-4211-9621-744aa81b7672 has been successfully formatted.
2019-10-14 09:23:29,426 [pool-383-thread-1] INFO  ratis.ContainerStateMachine (ContainerStateMachine.java:loadSnapshot(230)) - group-744AA81B7672: The snapshot info is null. Setting the last applied indexto:(t:0, i:~)
2019-10-14 09:23:29,427 [pool-413-thread-1] INFO  ratis.ContainerStateMachine (ContainerStateMachine.java:loadSnapshot(230)) - group-744AA81B7672: The snapshot info is null. Setting the last applied indexto:(t:0, i:~)
2019-10-14 09:23:29,427 [pool-393-thread-1] INFO  ratis.ContainerStateMachine (ContainerStateMachine.java:loadSnapshot(230)) - group-744AA81B7672: The snapshot info is null. Setting the last applied indexto:(t:0, i:~)
2019-10-14 09:23:29,427 [pool-413-thread-1] INFO  server.RaftServerConfigKeys (ConfUtils.java:logGet(43)) - raft.server.notification.no-leader.timeout = 120s (custom)
2019-10-14 09:23:29,427 [pool-383-thread-1] INFO  server.RaftServerConfigKeys (ConfUtils.java:logGet(43)) - raft.server.notification.no-leader.timeout = 120s (custom)
2019-10-14 09:23:29,427 [pool-413-thread-1] INFO  server.RaftServerConfigKeys (ConfUtils.java:logGet(43)) - raft.server.log.use.memory = false (default)
2019-10-14 09:23:29,427 [pool-393-thread-1] INFO  server.RaftServerConfigKeys (ConfUtils.java:logGet(43)) - raft.server.notification.no-leader.timeout = 120s (custom)
2019-10-14 09:23:29,427 [pool-413-thread-1] INFO  server.RaftServerConfigKeys (ConfUtils.java:logGet(43)) - raft.server.log.purge.gap = 1000000 (custom)
2019-10-14 09:23:29,427 [pool-383-thread-1] INFO  server.RaftServerConfigKeys (ConfUtils.java:logGet(43)) - raft.server.log.use.memory = false (default)
2019-10-14 09:23:29,428 [pool-413-thread-1] INFO  server.RaftServerConfigKeys (ConfUtils.java:logGet(43)) - raft.server.log.appender.buffer.byte-limit = 33554432 (custom)
2019-10-14 09:23:29,428 [pool-393-thread-1] INFO  server.RaftServerConfigKeys (ConfUtils.java:logGet(43)) - raft.server.log.use.memory = false (default)
2019-10-14 09:23:29,428 [pool-413-thread-1] INFO  server.RaftServerConfigKeys (ConfUtils.java:logGet(43)) - raft.server.log.segment.size.max = 1048576 (custom)
2019-10-14 09:23:29,428 [pool-383-thread-1] INFO  server.RaftServerConfigKeys (ConfUtils.java:logGet(43)) - raft.server.log.purge.gap = 1000000 (custom)
2019-10-14 09:23:29,428 [pool-413-thread-1] INFO  server.RaftServerConfigKeys (ConfUtils.java:logGet(43)) - raft.server.log.segment.cache.num.max = 2 (custom)
2019-10-14 09:23:29,428 [pool-393-thread-1] INFO  server.RaftServerConfigKeys (ConfUtils.java:logGet(43)) - raft.server.log.purge.gap = 1000000 (custom)
2019-10-14 09:23:29,429 [pool-413-thread-1] INFO  segmented.SegmentedRaftLogWorker (SegmentedRaftLogWorker.java:<init>(172)) - new 03fab2fb-e7d4-4e78-a4c4-f6863ac12e1f@group-744AA81B7672-SegmentedRaftLogWorker for RaftStorage:Storage Directory /workdir/hadoop-ozone/integration-test/target/test-dir/MiniOzoneClusterImpl-404eb741-03bf-48e0-a9fb-0e06e39ca081/datanode-3/data/ratis/32f3ad96-541f-4211-9621-744aa81b7672
2019-10-14 09:23:29,429 [pool-383-thread-1] INFO  server.RaftServerConfigKeys (ConfUtils.java:logGet(43)) - raft.server.log.appender.buffer.byte-limit = 33554432 (custom)
2019-10-14 09:23:29,429 [pool-393-thread-1] INFO  server.RaftServerConfigKeys (ConfUtils.java:logGet(43)) - raft.server.log.appender.buffer.byte-limit = 33554432 (custom)
2019-10-14 09:23:29,429 [pool-383-thread-1] INFO  server.RaftServerConfigKeys (ConfUtils.java:logGet(43)) - raft.server.log.segment.size.max = 1048576 (custom)
2019-10-14 09:23:29,429 [pool-393-thread-1] INFO  server.RaftServerConfigKeys (ConfUtils.java:logGet(43)) - raft.server.log.segment.size.max = 1048576 (custom)
2019-10-14 09:23:29,429 [pool-383-thread-1] INFO  server.RaftServerConfigKeys (ConfUtils.java:logGet(43)) - raft.server.log.segment.cache.num.max = 2 (custom)
2019-10-14 09:23:29,429 [pool-393-thread-1] INFO  server.RaftServerConfigKeys (ConfUtils.java:logGet(43)) - raft.server.log.segment.cache.num.max = 2 (custom)
2019-10-14 09:23:29,430 [pool-383-thread-1] INFO  segmented.SegmentedRaftLogWorker (SegmentedRaftLogWorker.java:<init>(172)) - new 866eb045-3bfb-47dc-a4c6-3505e598a7c3@group-744AA81B7672-SegmentedRaftLogWorker for RaftStorage:Storage Directory /workdir/hadoop-ozone/integration-test/target/test-dir/MiniOzoneClusterImpl-404eb741-03bf-48e0-a9fb-0e06e39ca081/datanode-0/data/ratis/32f3ad96-541f-4211-9621-744aa81b7672
2019-10-14 09:23:29,430 [pool-393-thread-1] INFO  segmented.SegmentedRaftLogWorker (SegmentedRaftLogWorker.java:<init>(172)) - new cf77b951-1220-4844-8605-1ea68060b59b@group-744AA81B7672-SegmentedRaftLogWorker for RaftStorage:Storage Directory /workdir/hadoop-ozone/integration-test/target/test-dir/MiniOzoneClusterImpl-404eb741-03bf-48e0-a9fb-0e06e39ca081/datanode-1/data/ratis/32f3ad96-541f-4211-9621-744aa81b7672
2019-10-14 09:23:29,430 [pool-383-thread-1] INFO  server.RaftServerConfigKeys (ConfUtils.java:logGet(43)) - raft.server.log.queue.byte-limit = 2147483647 (custom)
2019-10-14 09:23:29,430 [pool-393-thread-1] INFO  server.RaftServerConfigKeys (ConfUtils.java:logGet(43)) - raft.server.log.queue.byte-limit = 2147483647 (custom)
2019-10-14 09:23:29,430 [pool-383-thread-1] INFO  server.RaftServerConfigKeys (ConfUtils.java:logGet(43)) - raft.server.log.queue.element-limit = 1024 (custom)
2019-10-14 09:23:29,430 [pool-393-thread-1] INFO  server.RaftServerConfigKeys (ConfUtils.java:logGet(43)) - raft.server.log.queue.element-limit = 1024 (custom)
2019-10-14 09:23:29,430 [pool-383-thread-1] INFO  server.RaftServerConfigKeys (ConfUtils.java:logGet(43)) - raft.server.log.segment.size.max = 1048576 (custom)
2019-10-14 09:23:29,431 [pool-393-thread-1] INFO  server.RaftServerConfigKeys (ConfUtils.java:logGet(43)) - raft.server.log.segment.size.max = 1048576 (custom)
2019-10-14 09:23:29,431 [pool-383-thread-1] INFO  server.RaftServerConfigKeys (ConfUtils.java:logGet(43)) - raft.server.log.preallocated.size = 16384 (custom)
2019-10-14 09:23:29,431 [pool-393-thread-1] INFO  server.RaftServerConfigKeys (ConfUtils.java:logGet(43)) - raft.server.log.preallocated.size = 16384 (custom)
2019-10-14 09:23:29,431 [pool-383-thread-1] INFO  server.RaftServerConfigKeys (ConfUtils.java:logGet(43)) - raft.server.log.write.buffer.size = 33554432 (custom)
2019-10-14 09:23:29,431 [pool-393-thread-1] INFO  server.RaftServerConfigKeys (ConfUtils.java:logGet(43)) - raft.server.log.write.buffer.size = 33554432 (custom)
2019-10-14 09:23:29,431 [pool-413-thread-1] INFO  server.RaftServerConfigKeys (ConfUtils.java:logGet(43)) - raft.server.log.queue.byte-limit = 2147483647 (custom)
2019-10-14 09:23:29,431 [pool-383-thread-1] INFO  server.RaftServerConfigKeys (ConfUtils.java:logGet(43)) - raft.server.log.force.sync.num = 128 (default)
2019-10-14 09:23:29,431 [pool-413-thread-1] INFO  server.RaftServerConfigKeys (ConfUtils.java:logGet(43)) - raft.server.log.queue.element-limit = 1024 (custom)
2019-10-14 09:23:29,431 [pool-393-thread-1] INFO  server.RaftServerConfigKeys (ConfUtils.java:logGet(43)) - raft.server.log.force.sync.num = 128 (default)
2019-10-14 09:23:29,432 [pool-413-thread-1] INFO  server.RaftServerConfigKeys (ConfUtils.java:logGet(43)) - raft.server.log.segment.size.max = 1048576 (custom)
2019-10-14 09:23:29,432 [pool-383-thread-1] INFO  server.RaftServerConfigKeys (ConfUtils.java:logGet(43)) - raft.server.log.statemachine.data.sync = true (default)
2019-10-14 09:23:29,432 [pool-413-thread-1] INFO  server.RaftServerConfigKeys (ConfUtils.java:logGet(43)) - raft.server.log.preallocated.size = 16384 (custom)
2019-10-14 09:23:29,432 [pool-393-thread-1] INFO  server.RaftServerConfigKeys (ConfUtils.java:logGet(43)) - raft.server.log.statemachine.data.sync = true (default)
2019-10-14 09:23:29,432 [pool-413-thread-1] INFO  server.RaftServerConfigKeys (ConfUtils.java:logGet(43)) - raft.server.log.write.buffer.size = 33554432 (custom)
2019-10-14 09:23:29,432 [pool-383-thread-1] INFO  server.RaftServerConfigKeys (ConfUtils.java:logGet(43)) - raft.server.log.statemachine.data.sync.timeout = 10s (default)
2019-10-14 09:23:29,433 [pool-413-thread-1] INFO  server.RaftServerConfigKeys (ConfUtils.java:logGet(43)) - raft.server.log.force.sync.num = 128 (default)
2019-10-14 09:23:29,432 [pool-393-thread-1] INFO  server.RaftServerConfigKeys (ConfUtils.java:logGet(43)) - raft.server.log.statemachine.data.sync.timeout = 10s (default)
2019-10-14 09:23:29,433 [pool-413-thread-1] INFO  server.RaftServerConfigKeys (ConfUtils.java:logGet(43)) - raft.server.log.statemachine.data.sync = true (default)
2019-10-14 09:23:29,433 [pool-383-thread-1] INFO  server.RaftServerConfigKeys (ConfUtils.java:logGet(43)) - raft.server.log.statemachine.data.sync.timeout.retry = -1 (default)
2019-10-14 09:23:29,433 [pool-413-thread-1] INFO  server.RaftServerConfigKeys (ConfUtils.java:logGet(43)) - raft.server.log.statemachine.data.sync.timeout = 10s (default)
2019-10-14 09:23:29,433 [pool-393-thread-1] INFO  server.RaftServerConfigKeys (ConfUtils.java:logGet(43)) - raft.server.log.statemachine.data.sync.timeout.retry = -1 (default)
2019-10-14 09:23:29,434 [pool-413-thread-1] INFO  server.RaftServerConfigKeys (ConfUtils.java:logGet(43)) - raft.server.log.statemachine.data.sync.timeout.retry = -1 (default)
2019-10-14 09:23:29,434 [pool-383-thread-1] INFO  server.RaftServerConfigKeys (ConfUtils.java:logGet(43)) - raft.server.log.statemachine.data.caching.enabled = true (custom)
2019-10-14 09:23:29,434 [pool-413-thread-1] INFO  server.RaftServerConfigKeys (ConfUtils.java:logGet(43)) - raft.server.log.statemachine.data.caching.enabled = true (custom)
2019-10-14 09:23:29,434 [pool-393-thread-1] INFO  server.RaftServerConfigKeys (ConfUtils.java:logGet(43)) - raft.server.log.statemachine.data.caching.enabled = true (custom)
2019-10-14 09:23:29,434 [pool-383-thread-1] INFO  segmented.SegmentedRaftLogWorker (SegmentedRaftLogWorker.java:lambda$new$0(132)) - 866eb045-3bfb-47dc-a4c6-3505e598a7c3@group-744AA81B7672-SegmentedRaftLogWorker: flushIndex: setUnconditionally 0 -> -1
2019-10-14 09:23:29,434 [pool-393-thread-1] INFO  segmented.SegmentedRaftLogWorker (SegmentedRaftLogWorker.java:lambda$new$0(132)) - cf77b951-1220-4844-8605-1ea68060b59b@group-744AA81B7672-SegmentedRaftLogWorker: flushIndex: setUnconditionally 0 -> -1
2019-10-14 09:23:29,434 [pool-413-thread-1] INFO  segmented.SegmentedRaftLogWorker (SegmentedRaftLogWorker.java:lambda$new$0(132)) - 03fab2fb-e7d4-4e78-a4c4-f6863ac12e1f@group-744AA81B7672-SegmentedRaftLogWorker: flushIndex: setUnconditionally 0 -> -1
2019-10-14 09:23:29,435 [pool-383-thread-1] INFO  server.RaftServerConfigKeys (ConfUtils.java:logGet(43)) - raft.server.snapshot.auto.trigger.enabled = true (custom)
2019-10-14 09:23:29,435 [pool-393-thread-1] INFO  server.RaftServerConfigKeys (ConfUtils.java:logGet(43)) - raft.server.snapshot.auto.trigger.enabled = true (custom)
2019-10-14 09:23:29,435 [pool-413-thread-1] INFO  server.RaftServerConfigKeys (ConfUtils.java:logGet(43)) - raft.server.snapshot.auto.trigger.enabled = true (custom)
2019-10-14 09:23:29,435 [pool-383-thread-1] INFO  server.RaftServerConfigKeys (ConfUtils.java:logGet(43)) - raft.server.snapshot.auto.trigger.threshold = 10000 (custom)
2019-10-14 09:23:29,435 [pool-413-thread-1] INFO  server.RaftServerConfigKeys (ConfUtils.java:logGet(43)) - raft.server.snapshot.auto.trigger.threshold = 10000 (custom)
2019-10-14 09:23:29,435 [pool-393-thread-1] INFO  server.RaftServerConfigKeys (ConfUtils.java:logGet(43)) - raft.server.snapshot.auto.trigger.threshold = 10000 (custom)
2019-10-14 09:23:29,435 [pool-413-thread-1] INFO  server.RaftServerConfigKeys (ConfUtils.java:logGet(43)) - raft.server.snapshot.retention.num.files = 5 (custom)
2019-10-14 09:23:29,435 [pool-383-thread-1] INFO  server.RaftServerConfigKeys (ConfUtils.java:logGet(43)) - raft.server.snapshot.retention.num.files = 5 (custom)
2019-10-14 09:23:29,436 [pool-413-thread-1] INFO  server.RaftServerConfigKeys (ConfUtils.java:logGet(43)) - raft.server.retrycache.expirytime = 600000ms (custom)
2019-10-14 09:23:29,436 [pool-393-thread-1] INFO  server.RaftServerConfigKeys (ConfUtils.java:logGet(43)) - raft.server.snapshot.retention.num.files = 5 (custom)
2019-10-14 09:23:29,436 [pool-383-thread-1] INFO  server.RaftServerConfigKeys (ConfUtils.java:logGet(43)) - raft.server.retrycache.expirytime = 600000ms (custom)
2019-10-14 09:23:29,436 [pool-393-thread-1] INFO  server.RaftServerConfigKeys (ConfUtils.java:logGet(43)) - raft.server.retrycache.expirytime = 600000ms (custom)
2019-10-14 09:23:29,439 [pool-413-thread-1] INFO  impl.RaftServerImpl (RaftServerImpl.java:start(185)) - 03fab2fb-e7d4-4e78-a4c4-f6863ac12e1f@group-744AA81B7672: start as a follower, conf=-1: [03fab2fb-e7d4-4e78-a4c4-f6863ac12e1f:192.168.164.214:33299, 866eb045-3bfb-47dc-a4c6-3505e598a7c3:192.168.164.214:38008, cf77b951-1220-4844-8605-1ea68060b59b:192.168.164.214:39644], old=null
2019-10-14 09:23:29,440 [pool-413-thread-1] INFO  impl.RaftServerImpl (RaftServerImpl.java:setRole(174)) - 03fab2fb-e7d4-4e78-a4c4-f6863ac12e1f@group-744AA81B7672: changes role from      null to FOLLOWER at term 0 for startAsFollower
2019-10-14 09:23:29,440 [pool-413-thread-1] INFO  impl.RoleInfo (RoleInfo.java:updateAndGet(143)) - 03fab2fb-e7d4-4e78-a4c4-f6863ac12e1f: start FollowerState
2019-10-14 09:23:29,440 [pool-383-thread-1] INFO  impl.RaftServerImpl (RaftServerImpl.java:start(185)) - 866eb045-3bfb-47dc-a4c6-3505e598a7c3@group-744AA81B7672: start as a follower, conf=-1: [03fab2fb-e7d4-4e78-a4c4-f6863ac12e1f:192.168.164.214:33299, 866eb045-3bfb-47dc-a4c6-3505e598a7c3:192.168.164.214:38008, cf77b951-1220-4844-8605-1ea68060b59b:192.168.164.214:39644], old=null
2019-10-14 09:23:29,440 [pool-393-thread-1] INFO  impl.RaftServerImpl (RaftServerImpl.java:start(185)) - cf77b951-1220-4844-8605-1ea68060b59b@group-744AA81B7672: start as a follower, conf=-1: [03fab2fb-e7d4-4e78-a4c4-f6863ac12e1f:192.168.164.214:33299, 866eb045-3bfb-47dc-a4c6-3505e598a7c3:192.168.164.214:38008, cf77b951-1220-4844-8605-1ea68060b59b:192.168.164.214:39644], old=null
2019-10-14 09:23:29,440 [pool-413-thread-1] INFO  util.JmxRegister (JmxRegister.java:tryRegister(44)) - Successfully registered JMX Bean with object name Ratis:service=RaftServer,group=group-744AA81B7672,id=03fab2fb-e7d4-4e78-a4c4-f6863ac12e1f
2019-10-14 09:23:29,440 [pool-383-thread-1] INFO  impl.RaftServerImpl (RaftServerImpl.java:setRole(174)) - 866eb045-3bfb-47dc-a4c6-3505e598a7c3@group-744AA81B7672: changes role from      null to FOLLOWER at term 0 for startAsFollower
2019-10-14 09:23:29,440 [pool-393-thread-1] INFO  impl.RaftServerImpl (RaftServerImpl.java:setRole(174)) - cf77b951-1220-4844-8605-1ea68060b59b@group-744AA81B7672: changes role from      null to FOLLOWER at term 0 for startAsFollower
2019-10-14 09:23:29,440 [pool-383-thread-1] INFO  impl.RoleInfo (RoleInfo.java:updateAndGet(143)) - 866eb045-3bfb-47dc-a4c6-3505e598a7c3: start FollowerState
2019-10-14 09:23:29,441 [pool-393-thread-1] INFO  impl.RoleInfo (RoleInfo.java:updateAndGet(143)) - cf77b951-1220-4844-8605-1ea68060b59b: start FollowerState
2019-10-14 09:23:29,441 [pool-383-thread-1] INFO  util.JmxRegister (JmxRegister.java:tryRegister(44)) - Successfully registered JMX Bean with object name Ratis:service=RaftServer,group=group-744AA81B7672,id=866eb045-3bfb-47dc-a4c6-3505e598a7c3
2019-10-14 09:23:29,441 [pool-393-thread-1] INFO  util.JmxRegister (JmxRegister.java:tryRegister(44)) - Successfully registered JMX Bean with object name Ratis:service=RaftServer,group=group-744AA81B7672,id=cf77b951-1220-4844-8605-1ea68060b59b
2019-10-14 09:23:29,447 [RatisPipelineUtilsThread] INFO  pipeline.PipelineStateManager (PipelineStateManager.java:addPipeline(56)) - Created pipeline Pipeline[ Id: 32f3ad96-541f-4211-9621-744aa81b7672, Nodes: cf77b951-1220-4844-8605-1ea68060b59b{ip: 192.168.164.214, host: pr-hdds-1569-vp9xg-4248047660, networkLocation: /default-rack, certSerialId: null}866eb045-3bfb-47dc-a4c6-3505e598a7c3{ip: 192.168.164.214, host: pr-hdds-1569-vp9xg-4248047660, networkLocation: /default-rack, certSerialId: null}03fab2fb-e7d4-4e78-a4c4-f6863ac12e1f{ip: 192.168.164.214, host: pr-hdds-1569-vp9xg-4248047660, networkLocation: /default-rack, certSerialId: null}, Type:RATIS, Factor:THREE, State:OPEN]
2019-10-14 09:23:29,454 [IPC Server handler 1 on 46696] INFO  net.NetworkTopology (NetworkTopologyImpl.java:add(111)) - Added a new node: /default-rack/ff8cf76f-81bb-40fb-9266-fb490038af97
2019-10-14 09:23:29,454 [IPC Server handler 1 on 46696] INFO  node.SCMNodeManager (SCMNodeManager.java:register(266)) - Registered Data node : ff8cf76f-81bb-40fb-9266-fb490038af97{ip: 192.168.164.214, host: pr-hdds-1569-vp9xg-4248047660, networkLocation: /default-rack, certSerialId: null}
2019-10-14 09:23:29,457 [grpc-default-executor-10] INFO  impl.RaftServerProxy (RaftServerProxy.java:addNew(89)) - 866eb045-3bfb-47dc-a4c6-3505e598a7c3: addNew group-188B962A718D:[03fab2fb-e7d4-4e78-a4c4-f6863ac12e1f:192.168.164.214:33299, f21c5b87-272d-4473-86ef-15bafd2985f9:192.168.164.214:40223, 866eb045-3bfb-47dc-a4c6-3505e598a7c3:192.168.164.214:38008] returns group-188B962A718D:java.util.concurrent.CompletableFuture@25dca990[Not completed]
2019-10-14 09:23:29,457 [grpc-default-executor-4] INFO  impl.RaftServerProxy (RaftServerProxy.java:addNew(89)) - 03fab2fb-e7d4-4e78-a4c4-f6863ac12e1f: addNew group-188B962A718D:[03fab2fb-e7d4-4e78-a4c4-f6863ac12e1f:192.168.164.214:33299, f21c5b87-272d-4473-86ef-15bafd2985f9:192.168.164.214:40223, 866eb045-3bfb-47dc-a4c6-3505e598a7c3:192.168.164.214:38008] returns group-188B962A718D:java.util.concurrent.CompletableFuture@2897fff8[Not completed]
2019-10-14 09:23:29,457 [grpc-default-executor-3] INFO  impl.RaftServerProxy (RaftServerProxy.java:addNew(89)) - f21c5b87-272d-4473-86ef-15bafd2985f9: addNew group-188B962A718D:[03fab2fb-e7d4-4e78-a4c4-f6863ac12e1f:192.168.164.214:33299, f21c5b87-272d-4473-86ef-15bafd2985f9:192.168.164.214:40223, 866eb045-3bfb-47dc-a4c6-3505e598a7c3:192.168.164.214:38008] returns group-188B962A718D:java.util.concurrent.CompletableFuture@3985977a[Not completed]
2019-10-14 09:23:29,458 [pool-383-thread-1] INFO  impl.RaftServerImpl (RaftServerImpl.java:<init>(95)) - 866eb045-3bfb-47dc-a4c6-3505e598a7c3: new RaftServerImpl for group-188B962A718D:[03fab2fb-e7d4-4e78-a4c4-f6863ac12e1f:192.168.164.214:33299, f21c5b87-272d-4473-86ef-15bafd2985f9:192.168.164.214:40223, 866eb045-3bfb-47dc-a4c6-3505e598a7c3:192.168.164.214:38008] with ContainerStateMachine:uninitialized
2019-10-14 09:23:29,458 [pool-383-thread-1] INFO  server.RaftServerConfigKeys (ConfUtils.java:logGet(43)) - raft.server.rpc.timeout.min = 5s (custom)
2019-10-14 09:23:29,458 [pool-383-thread-1] INFO  server.RaftServerConfigKeys (ConfUtils.java:logGet(43)) - raft.server.rpc.timeout.max = 5200ms (custom)
2019-10-14 09:23:29,459 [pool-383-thread-1] INFO  server.RaftServerConfigKeys (ConfUtils.java:logGet(43)) - raft.server.rpcslowness.timeout = 120s (custom)
2019-10-14 09:23:29,459 [pool-383-thread-1] INFO  server.RaftServerConfigKeys (ConfUtils.java:logGet(43)) - raft.server.sleep.deviation.threshold = 300 (default)
2019-10-14 09:23:29,459 [pool-383-thread-1] INFO  server.RaftServerConfigKeys (ConfUtils.java:logGet(43)) - raft.server.log.appender.install.snapshot.enabled = false (custom)
2019-10-14 09:23:29,459 [pool-383-thread-1] INFO  impl.RaftServerImpl (ServerState.java:<init>(103)) - 866eb045-3bfb-47dc-a4c6-3505e598a7c3@group-188B962A718D: ConfigurationManager, init=-1: [03fab2fb-e7d4-4e78-a4c4-f6863ac12e1f:192.168.164.214:33299, f21c5b87-272d-4473-86ef-15bafd2985f9:192.168.164.214:40223, 866eb045-3bfb-47dc-a4c6-3505e598a7c3:192.168.164.214:38008], old=null, confs=<EMPTY_MAP>
2019-10-14 09:23:29,459 [pool-383-thread-1] INFO  server.RaftServerConfigKeys (ConfUtils.java:logGet(43)) - raft.server.storage.dir = [/workdir/hadoop-ozone/integration-test/target/test-dir/MiniOzoneClusterImpl-404eb741-03bf-48e0-a9fb-0e06e39ca081/datanode-0/data/ratis] (custom)
2019-10-14 09:23:29,459 [pool-413-thread-1] INFO  impl.RaftServerImpl (RaftServerImpl.java:<init>(95)) - 03fab2fb-e7d4-4e78-a4c4-f6863ac12e1f: new RaftServerImpl for group-188B962A718D:[03fab2fb-e7d4-4e78-a4c4-f6863ac12e1f:192.168.164.214:33299, f21c5b87-272d-4473-86ef-15bafd2985f9:192.168.164.214:40223, 866eb045-3bfb-47dc-a4c6-3505e598a7c3:192.168.164.214:38008] with ContainerStateMachine:uninitialized
2019-10-14 09:23:29,459 [pool-413-thread-1] INFO  server.RaftServerConfigKeys (ConfUtils.java:logGet(43)) - raft.server.rpc.timeout.min = 5s (custom)
2019-10-14 09:23:29,459 [pool-383-thread-1] INFO  storage.RaftStorageDirectory (RaftStorageDirectory.java:analyzeStorage(246)) - The storage directory /workdir/hadoop-ozone/integration-test/target/test-dir/MiniOzoneClusterImpl-404eb741-03bf-48e0-a9fb-0e06e39ca081/datanode-0/data/ratis/ec462d9a-1326-41c1-9d58-188b962a718d does not exist. Creating ...
2019-10-14 09:23:29,459 [pool-413-thread-1] INFO  server.RaftServerConfigKeys (ConfUtils.java:logGet(43)) - raft.server.rpc.timeout.max = 5200ms (custom)
2019-10-14 09:23:29,459 [pool-423-thread-1] INFO  impl.RaftServerImpl (RaftServerImpl.java:<init>(95)) - f21c5b87-272d-4473-86ef-15bafd2985f9: new RaftServerImpl for group-188B962A718D:[03fab2fb-e7d4-4e78-a4c4-f6863ac12e1f:192.168.164.214:33299, f21c5b87-272d-4473-86ef-15bafd2985f9:192.168.164.214:40223, 866eb045-3bfb-47dc-a4c6-3505e598a7c3:192.168.164.214:38008] with ContainerStateMachine:uninitialized
2019-10-14 09:23:29,460 [pool-413-thread-1] INFO  server.RaftServerConfigKeys (ConfUtils.java:logGet(43)) - raft.server.rpcslowness.timeout = 120s (custom)
2019-10-14 09:23:29,460 [pool-423-thread-1] INFO  server.RaftServerConfigKeys (ConfUtils.java:logGet(43)) - raft.server.rpc.timeout.min = 5s (custom)
2019-10-14 09:23:29,460 [pool-413-thread-1] INFO  server.RaftServerConfigKeys (ConfUtils.java:logGet(43)) - raft.server.sleep.deviation.threshold = 300 (default)
2019-10-14 09:23:29,460 [pool-423-thread-1] INFO  server.RaftServerConfigKeys (ConfUtils.java:logGet(43)) - raft.server.rpc.timeout.max = 5200ms (custom)
2019-10-14 09:23:29,460 [pool-413-thread-1] INFO  server.RaftServerConfigKeys (ConfUtils.java:logGet(43)) - raft.server.log.appender.install.snapshot.enabled = false (custom)
2019-10-14 09:23:29,460 [pool-423-thread-1] INFO  server.RaftServerConfigKeys (ConfUtils.java:logGet(43)) - raft.server.rpcslowness.timeout = 120s (custom)
2019-10-14 09:23:29,460 [pool-413-thread-1] INFO  impl.RaftServerImpl (ServerState.java:<init>(103)) - 03fab2fb-e7d4-4e78-a4c4-f6863ac12e1f@group-188B962A718D: ConfigurationManager, init=-1: [03fab2fb-e7d4-4e78-a4c4-f6863ac12e1f:192.168.164.214:33299, f21c5b87-272d-4473-86ef-15bafd2985f9:192.168.164.214:40223, 866eb045-3bfb-47dc-a4c6-3505e598a7c3:192.168.164.214:38008], old=null, confs=<EMPTY_MAP>
2019-10-14 09:23:29,460 [pool-423-thread-1] INFO  server.RaftServerConfigKeys (ConfUtils.java:logGet(43)) - raft.server.sleep.deviation.threshold = 300 (default)
2019-10-14 09:23:29,461 [pool-423-thread-1] INFO  server.RaftServerConfigKeys (ConfUtils.java:logGet(43)) - raft.server.log.appender.install.snapshot.enabled = false (custom)
2019-10-14 09:23:29,461 [pool-413-thread-1] INFO  server.RaftServerConfigKeys (ConfUtils.java:logGet(43)) - raft.server.storage.dir = [/workdir/hadoop-ozone/integration-test/target/test-dir/MiniOzoneClusterImpl-404eb741-03bf-48e0-a9fb-0e06e39ca081/datanode-3/data/ratis] (custom)
2019-10-14 09:23:29,461 [pool-423-thread-1] INFO  impl.RaftServerImpl (ServerState.java:<init>(103)) - f21c5b87-272d-4473-86ef-15bafd2985f9@group-188B962A718D: ConfigurationManager, init=-1: [03fab2fb-e7d4-4e78-a4c4-f6863ac12e1f:192.168.164.214:33299, f21c5b87-272d-4473-86ef-15bafd2985f9:192.168.164.214:40223, 866eb045-3bfb-47dc-a4c6-3505e598a7c3:192.168.164.214:38008], old=null, confs=<EMPTY_MAP>
2019-10-14 09:23:29,461 [pool-423-thread-1] INFO  server.RaftServerConfigKeys (ConfUtils.java:logGet(43)) - raft.server.storage.dir = [/workdir/hadoop-ozone/integration-test/target/test-dir/MiniOzoneClusterImpl-404eb741-03bf-48e0-a9fb-0e06e39ca081/datanode-4/data/ratis] (custom)
2019-10-14 09:23:29,461 [pool-413-thread-1] INFO  storage.RaftStorageDirectory (RaftStorageDirectory.java:analyzeStorage(246)) - The storage directory /workdir/hadoop-ozone/integration-test/target/test-dir/MiniOzoneClusterImpl-404eb741-03bf-48e0-a9fb-0e06e39ca081/datanode-3/data/ratis/ec462d9a-1326-41c1-9d58-188b962a718d does not exist. Creating ...
2019-10-14 09:23:29,461 [pool-423-thread-1] INFO  storage.RaftStorageDirectory (RaftStorageDirectory.java:analyzeStorage(246)) - The storage directory /workdir/hadoop-ozone/integration-test/target/test-dir/MiniOzoneClusterImpl-404eb741-03bf-48e0-a9fb-0e06e39ca081/datanode-4/data/ratis/ec462d9a-1326-41c1-9d58-188b962a718d does not exist. Creating ...
2019-10-14 09:23:29,481 [pool-383-thread-1] INFO  storage.RaftStorageDirectory (RaftStorageDirectory.java:tryLock(328)) - Lock on /workdir/hadoop-ozone/integration-test/target/test-dir/MiniOzoneClusterImpl-404eb741-03bf-48e0-a9fb-0e06e39ca081/datanode-0/data/ratis/ec462d9a-1326-41c1-9d58-188b962a718d/in_use.lock acquired by nodename 17906@pr-hdds-1569-vp9xg-4248047660
2019-10-14 09:23:29,481 [pool-413-thread-1] INFO  storage.RaftStorageDirectory (RaftStorageDirectory.java:tryLock(328)) - Lock on /workdir/hadoop-ozone/integration-test/target/test-dir/MiniOzoneClusterImpl-404eb741-03bf-48e0-a9fb-0e06e39ca081/datanode-3/data/ratis/ec462d9a-1326-41c1-9d58-188b962a718d/in_use.lock acquired by nodename 17906@pr-hdds-1569-vp9xg-4248047660
2019-10-14 09:23:29,481 [pool-423-thread-1] INFO  storage.RaftStorageDirectory (RaftStorageDirectory.java:tryLock(328)) - Lock on /workdir/hadoop-ozone/integration-test/target/test-dir/MiniOzoneClusterImpl-404eb741-03bf-48e0-a9fb-0e06e39ca081/datanode-4/data/ratis/ec462d9a-1326-41c1-9d58-188b962a718d/in_use.lock acquired by nodename 17906@pr-hdds-1569-vp9xg-4248047660
2019-10-14 09:23:29,505 [pool-383-thread-1] INFO  storage.RaftStorage (RaftStorage.java:format(72)) - Storage directory /workdir/hadoop-ozone/integration-test/target/test-dir/MiniOzoneClusterImpl-404eb741-03bf-48e0-a9fb-0e06e39ca081/datanode-0/data/ratis/ec462d9a-1326-41c1-9d58-188b962a718d has been successfully formatted.
2019-10-14 09:23:29,505 [pool-423-thread-1] INFO  storage.RaftStorage (RaftStorage.java:format(72)) - Storage directory /workdir/hadoop-ozone/integration-test/target/test-dir/MiniOzoneClusterImpl-404eb741-03bf-48e0-a9fb-0e06e39ca081/datanode-4/data/ratis/ec462d9a-1326-41c1-9d58-188b962a718d has been successfully formatted.
2019-10-14 09:23:29,505 [pool-413-thread-1] INFO  storage.RaftStorage (RaftStorage.java:format(72)) - Storage directory /workdir/hadoop-ozone/integration-test/target/test-dir/MiniOzoneClusterImpl-404eb741-03bf-48e0-a9fb-0e06e39ca081/datanode-3/data/ratis/ec462d9a-1326-41c1-9d58-188b962a718d has been successfully formatted.
2019-10-14 09:23:29,506 [pool-383-thread-1] INFO  ratis.ContainerStateMachine (ContainerStateMachine.java:loadSnapshot(230)) - group-188B962A718D: The snapshot info is null. Setting the last applied indexto:(t:0, i:~)
2019-10-14 09:23:29,506 [pool-413-thread-1] INFO  ratis.ContainerStateMachine (ContainerStateMachine.java:loadSnapshot(230)) - group-188B962A718D: The snapshot info is null. Setting the last applied indexto:(t:0, i:~)
2019-10-14 09:23:29,506 [pool-423-thread-1] INFO  ratis.ContainerStateMachine (ContainerStateMachine.java:loadSnapshot(230)) - group-188B962A718D: The snapshot info is null. Setting the last applied indexto:(t:0, i:~)
2019-10-14 09:23:29,506 [pool-413-thread-1] INFO  server.RaftServerConfigKeys (ConfUtils.java:logGet(43)) - raft.server.notification.no-leader.timeout = 120s (custom)
2019-10-14 09:23:29,506 [pool-383-thread-1] INFO  server.RaftServerConfigKeys (ConfUtils.java:logGet(43)) - raft.server.notification.no-leader.timeout = 120s (custom)
2019-10-14 09:23:29,506 [pool-413-thread-1] INFO  server.RaftServerConfigKeys (ConfUtils.java:logGet(43)) - raft.server.log.use.memory = false (default)
2019-10-14 09:23:29,506 [pool-423-thread-1] INFO  server.RaftServerConfigKeys (ConfUtils.java:logGet(43)) - raft.server.notification.no-leader.timeout = 120s (custom)
2019-10-14 09:23:29,507 [pool-413-thread-1] INFO  server.RaftServerConfigKeys (ConfUtils.java:logGet(43)) - raft.server.log.purge.gap = 1000000 (custom)
2019-10-14 09:23:29,506 [pool-383-thread-1] INFO  server.RaftServerConfigKeys (ConfUtils.java:logGet(43)) - raft.server.log.use.memory = false (default)
2019-10-14 09:23:29,507 [pool-413-thread-1] INFO  server.RaftServerConfigKeys (ConfUtils.java:logGet(43)) - raft.server.log.appender.buffer.byte-limit = 33554432 (custom)
2019-10-14 09:23:29,507 [pool-423-thread-1] INFO  server.RaftServerConfigKeys (ConfUtils.java:logGet(43)) - raft.server.log.use.memory = false (default)
2019-10-14 09:23:29,507 [pool-413-thread-1] INFO  server.RaftServerConfigKeys (ConfUtils.java:logGet(43)) - raft.server.log.segment.size.max = 1048576 (custom)
2019-10-14 09:23:29,507 [pool-383-thread-1] INFO  server.RaftServerConfigKeys (ConfUtils.java:logGet(43)) - raft.server.log.purge.gap = 1000000 (custom)
2019-10-14 09:23:29,507 [pool-413-thread-1] INFO  server.RaftServerConfigKeys (ConfUtils.java:logGet(43)) - raft.server.log.segment.cache.num.max = 2 (custom)
2019-10-14 09:23:29,507 [pool-423-thread-1] INFO  server.RaftServerConfigKeys (ConfUtils.java:logGet(43)) - raft.server.log.purge.gap = 1000000 (custom)
2019-10-14 09:23:29,508 [pool-413-thread-1] INFO  segmented.SegmentedRaftLogWorker (SegmentedRaftLogWorker.java:<init>(172)) - new 03fab2fb-e7d4-4e78-a4c4-f6863ac12e1f@group-188B962A718D-SegmentedRaftLogWorker for RaftStorage:Storage Directory /workdir/hadoop-ozone/integration-test/target/test-dir/MiniOzoneClusterImpl-404eb741-03bf-48e0-a9fb-0e06e39ca081/datanode-3/data/ratis/ec462d9a-1326-41c1-9d58-188b962a718d
2019-10-14 09:23:29,507 [pool-383-thread-1] INFO  server.RaftServerConfigKeys (ConfUtils.java:logGet(43)) - raft.server.log.appender.buffer.byte-limit = 33554432 (custom)
2019-10-14 09:23:29,508 [pool-413-thread-1] INFO  server.RaftServerConfigKeys (ConfUtils.java:logGet(43)) - raft.server.log.queue.byte-limit = 2147483647 (custom)
2019-10-14 09:23:29,508 [pool-423-thread-1] INFO  server.RaftServerConfigKeys (ConfUtils.java:logGet(43)) - raft.server.log.appender.buffer.byte-limit = 33554432 (custom)
2019-10-14 09:23:29,508 [pool-413-thread-1] INFO  server.RaftServerConfigKeys (ConfUtils.java:logGet(43)) - raft.server.log.queue.element-limit = 1024 (custom)
2019-10-14 09:23:29,508 [pool-383-thread-1] INFO  server.RaftServerConfigKeys (ConfUtils.java:logGet(43)) - raft.server.log.segment.size.max = 1048576 (custom)
2019-10-14 09:23:29,508 [pool-413-thread-1] INFO  server.RaftServerConfigKeys (ConfUtils.java:logGet(43)) - raft.server.log.segment.size.max = 1048576 (custom)
2019-10-14 09:23:29,508 [pool-423-thread-1] INFO  server.RaftServerConfigKeys (ConfUtils.java:logGet(43)) - raft.server.log.segment.size.max = 1048576 (custom)
2019-10-14 09:23:29,509 [pool-413-thread-1] INFO  server.RaftServerConfigKeys (ConfUtils.java:logGet(43)) - raft.server.log.preallocated.size = 16384 (custom)
2019-10-14 09:23:29,508 [pool-383-thread-1] INFO  server.RaftServerConfigKeys (ConfUtils.java:logGet(43)) - raft.server.log.segment.cache.num.max = 2 (custom)
2019-10-14 09:23:29,509 [pool-413-thread-1] INFO  server.RaftServerConfigKeys (ConfUtils.java:logGet(43)) - raft.server.log.write.buffer.size = 33554432 (custom)
2019-10-14 09:23:29,509 [pool-423-thread-1] INFO  server.RaftServerConfigKeys (ConfUtils.java:logGet(43)) - raft.server.log.segment.cache.num.max = 2 (custom)
2019-10-14 09:23:29,509 [pool-413-thread-1] INFO  server.RaftServerConfigKeys (ConfUtils.java:logGet(43)) - raft.server.log.force.sync.num = 128 (default)
2019-10-14 09:23:29,509 [pool-383-thread-1] INFO  segmented.SegmentedRaftLogWorker (SegmentedRaftLogWorker.java:<init>(172)) - new 866eb045-3bfb-47dc-a4c6-3505e598a7c3@group-188B962A718D-SegmentedRaftLogWorker for RaftStorage:Storage Directory /workdir/hadoop-ozone/integration-test/target/test-dir/MiniOzoneClusterImpl-404eb741-03bf-48e0-a9fb-0e06e39ca081/datanode-0/data/ratis/ec462d9a-1326-41c1-9d58-188b962a718d
2019-10-14 09:23:29,509 [pool-413-thread-1] INFO  server.RaftServerConfigKeys (ConfUtils.java:logGet(43)) - raft.server.log.statemachine.data.sync = true (default)
2019-10-14 09:23:29,509 [pool-423-thread-1] INFO  segmented.SegmentedRaftLogWorker (SegmentedRaftLogWorker.java:<init>(172)) - new f21c5b87-272d-4473-86ef-15bafd2985f9@group-188B962A718D-SegmentedRaftLogWorker for RaftStorage:Storage Directory /workdir/hadoop-ozone/integration-test/target/test-dir/MiniOzoneClusterImpl-404eb741-03bf-48e0-a9fb-0e06e39ca081/datanode-4/data/ratis/ec462d9a-1326-41c1-9d58-188b962a718d
2019-10-14 09:23:29,510 [pool-413-thread-1] INFO  server.RaftServerConfigKeys (ConfUtils.java:logGet(43)) - raft.server.log.statemachine.data.sync.timeout = 10s (default)
2019-10-14 09:23:29,509 [pool-383-thread-1] INFO  server.RaftServerConfigKeys (ConfUtils.java:logGet(43)) - raft.server.log.queue.byte-limit = 2147483647 (custom)
2019-10-14 09:23:29,510 [pool-413-thread-1] INFO  server.RaftServerConfigKeys (ConfUtils.java:logGet(43)) - raft.server.log.statemachine.data.sync.timeout.retry = -1 (default)
2019-10-14 09:23:29,510 [pool-383-thread-1] INFO  server.RaftServerConfigKeys (ConfUtils.java:logGet(43)) - raft.server.log.queue.element-limit = 1024 (custom)
2019-10-14 09:23:29,510 [pool-413-thread-1] INFO  server.RaftServerConfigKeys (ConfUtils.java:logGet(43)) - raft.server.log.statemachine.data.caching.enabled = true (custom)
2019-10-14 09:23:29,510 [pool-383-thread-1] INFO  server.RaftServerConfigKeys (ConfUtils.java:logGet(43)) - raft.server.log.segment.size.max = 1048576 (custom)
2019-10-14 09:23:29,511 [pool-383-thread-1] INFO  server.RaftServerConfigKeys (ConfUtils.java:logGet(43)) - raft.server.log.preallocated.size = 16384 (custom)
2019-10-14 09:23:29,511 [pool-383-thread-1] INFO  server.RaftServerConfigKeys (ConfUtils.java:logGet(43)) - raft.server.log.write.buffer.size = 33554432 (custom)
2019-10-14 09:23:29,511 [pool-413-thread-1] INFO  segmented.SegmentedRaftLogWorker (SegmentedRaftLogWorker.java:lambda$new$0(132)) - 03fab2fb-e7d4-4e78-a4c4-f6863ac12e1f@group-188B962A718D-SegmentedRaftLogWorker: flushIndex: setUnconditionally 0 -> -1
2019-10-14 09:23:29,511 [pool-383-thread-1] INFO  server.RaftServerConfigKeys (ConfUtils.java:logGet(43)) - raft.server.log.force.sync.num = 128 (default)
2019-10-14 09:23:29,511 [pool-383-thread-1] INFO  server.RaftServerConfigKeys (ConfUtils.java:logGet(43)) - raft.server.log.statemachine.data.sync = true (default)
2019-10-14 09:23:29,511 [pool-383-thread-1] INFO  server.RaftServerConfigKeys (ConfUtils.java:logGet(43)) - raft.server.log.statemachine.data.sync.timeout = 10s (default)
2019-10-14 09:23:29,511 [pool-413-thread-1] INFO  server.RaftServerConfigKeys (ConfUtils.java:logGet(43)) - raft.server.snapshot.auto.trigger.enabled = true (custom)
2019-10-14 09:23:29,511 [pool-383-thread-1] INFO  server.RaftServerConfigKeys (ConfUtils.java:logGet(43)) - raft.server.log.statemachine.data.sync.timeout.retry = -1 (default)
2019-10-14 09:23:29,512 [pool-413-thread-1] INFO  server.RaftServerConfigKeys (ConfUtils.java:logGet(43)) - raft.server.snapshot.auto.trigger.threshold = 10000 (custom)
2019-10-14 09:23:29,512 [pool-383-thread-1] INFO  server.RaftServerConfigKeys (ConfUtils.java:logGet(43)) - raft.server.log.statemachine.data.caching.enabled = true (custom)
2019-10-14 09:23:29,512 [pool-413-thread-1] INFO  server.RaftServerConfigKeys (ConfUtils.java:logGet(43)) - raft.server.snapshot.retention.num.files = 5 (custom)
2019-10-14 09:23:29,512 [pool-383-thread-1] INFO  segmented.SegmentedRaftLogWorker (SegmentedRaftLogWorker.java:lambda$new$0(132)) - 866eb045-3bfb-47dc-a4c6-3505e598a7c3@group-188B962A718D-SegmentedRaftLogWorker: flushIndex: setUnconditionally 0 -> -1
2019-10-14 09:23:29,512 [pool-413-thread-1] INFO  server.RaftServerConfigKeys (ConfUtils.java:logGet(43)) - raft.server.retrycache.expirytime = 600000ms (custom)
2019-10-14 09:23:29,512 [pool-423-thread-1] INFO  server.RaftServerConfigKeys (ConfUtils.java:logGet(43)) - raft.server.log.queue.byte-limit = 2147483647 (custom)
2019-10-14 09:23:29,512 [pool-383-thread-1] INFO  server.RaftServerConfigKeys (ConfUtils.java:logGet(43)) - raft.server.snapshot.auto.trigger.enabled = true (custom)
2019-10-14 09:23:29,512 [pool-423-thread-1] INFO  server.RaftServerConfigKeys (ConfUtils.java:logGet(43)) - raft.server.log.queue.element-limit = 1024 (custom)
2019-10-14 09:23:29,513 [pool-383-thread-1] INFO  server.RaftServerConfigKeys (ConfUtils.java:logGet(43)) - raft.server.snapshot.auto.trigger.threshold = 10000 (custom)
2019-10-14 09:23:29,513 [pool-423-thread-1] INFO  server.RaftServerConfigKeys (ConfUtils.java:logGet(43)) - raft.server.log.segment.size.max = 1048576 (custom)
2019-10-14 09:23:29,513 [pool-383-thread-1] INFO  server.RaftServerConfigKeys (ConfUtils.java:logGet(43)) - raft.server.snapshot.retention.num.files = 5 (custom)
2019-10-14 09:23:29,513 [pool-423-thread-1] INFO  server.RaftServerConfigKeys (ConfUtils.java:logGet(43)) - raft.server.log.preallocated.size = 16384 (custom)
2019-10-14 09:23:29,513 [pool-383-thread-1] INFO  server.RaftServerConfigKeys (ConfUtils.java:logGet(43)) - raft.server.retrycache.expirytime = 600000ms (custom)
2019-10-14 09:23:29,513 [pool-423-thread-1] INFO  server.RaftServerConfigKeys (ConfUtils.java:logGet(43)) - raft.server.log.write.buffer.size = 33554432 (custom)
2019-10-14 09:23:29,514 [pool-423-thread-1] INFO  server.RaftServerConfigKeys (ConfUtils.java:logGet(43)) - raft.server.log.force.sync.num = 128 (default)
2019-10-14 09:23:29,514 [pool-423-thread-1] INFO  server.RaftServerConfigKeys (ConfUtils.java:logGet(43)) - raft.server.log.statemachine.data.sync = true (default)
2019-10-14 09:23:29,514 [pool-423-thread-1] INFO  server.RaftServerConfigKeys (ConfUtils.java:logGet(43)) - raft.server.log.statemachine.data.sync.timeout = 10s (default)
2019-10-14 09:23:29,514 [pool-423-thread-1] INFO  server.RaftServerConfigKeys (ConfUtils.java:logGet(43)) - raft.server.log.statemachine.data.sync.timeout.retry = -1 (default)
2019-10-14 09:23:29,515 [pool-413-thread-1] INFO  impl.RaftServerImpl (RaftServerImpl.java:start(185)) - 03fab2fb-e7d4-4e78-a4c4-f6863ac12e1f@group-188B962A718D: start as a follower, conf=-1: [03fab2fb-e7d4-4e78-a4c4-f6863ac12e1f:192.168.164.214:33299, f21c5b87-272d-4473-86ef-15bafd2985f9:192.168.164.214:40223, 866eb045-3bfb-47dc-a4c6-3505e598a7c3:192.168.164.214:38008], old=null
2019-10-14 09:23:29,515 [pool-423-thread-1] INFO  server.RaftServerConfigKeys (ConfUtils.java:logGet(43)) - raft.server.log.statemachine.data.caching.enabled = true (custom)
2019-10-14 09:23:29,515 [pool-413-thread-1] INFO  impl.RaftServerImpl (RaftServerImpl.java:setRole(174)) - 03fab2fb-e7d4-4e78-a4c4-f6863ac12e1f@group-188B962A718D: changes role from      null to FOLLOWER at term 0 for startAsFollower
2019-10-14 09:23:29,515 [pool-423-thread-1] INFO  segmented.SegmentedRaftLogWorker (SegmentedRaftLogWorker.java:lambda$new$0(132)) - f21c5b87-272d-4473-86ef-15bafd2985f9@group-188B962A718D-SegmentedRaftLogWorker: flushIndex: setUnconditionally 0 -> -1
2019-10-14 09:23:29,515 [pool-383-thread-1] INFO  impl.RaftServerImpl (RaftServerImpl.java:start(185)) - 866eb045-3bfb-47dc-a4c6-3505e598a7c3@group-188B962A718D: start as a follower, conf=-1: [03fab2fb-e7d4-4e78-a4c4-f6863ac12e1f:192.168.164.214:33299, f21c5b87-272d-4473-86ef-15bafd2985f9:192.168.164.214:40223, 866eb045-3bfb-47dc-a4c6-3505e598a7c3:192.168.164.214:38008], old=null
2019-10-14 09:23:29,515 [pool-413-thread-1] INFO  impl.RoleInfo (RoleInfo.java:updateAndGet(143)) - 03fab2fb-e7d4-4e78-a4c4-f6863ac12e1f: start FollowerState
2019-10-14 09:23:29,515 [pool-423-thread-1] INFO  server.RaftServerConfigKeys (ConfUtils.java:logGet(43)) - raft.server.snapshot.auto.trigger.enabled = true (custom)
2019-10-14 09:23:29,515 [pool-383-thread-1] INFO  impl.RaftServerImpl (RaftServerImpl.java:setRole(174)) - 866eb045-3bfb-47dc-a4c6-3505e598a7c3@group-188B962A718D: changes role from      null to FOLLOWER at term 0 for startAsFollower
2019-10-14 09:23:29,516 [pool-413-thread-1] INFO  util.JmxRegister (JmxRegister.java:tryRegister(44)) - Successfully registered JMX Bean with object name Ratis:service=RaftServer,group=group-188B962A718D,id=03fab2fb-e7d4-4e78-a4c4-f6863ac12e1f
2019-10-14 09:23:29,516 [pool-423-thread-1] INFO  server.RaftServerConfigKeys (ConfUtils.java:logGet(43)) - raft.server.snapshot.auto.trigger.threshold = 10000 (custom)
2019-10-14 09:23:29,516 [pool-383-thread-1] INFO  impl.RoleInfo (RoleInfo.java:updateAndGet(143)) - 866eb045-3bfb-47dc-a4c6-3505e598a7c3: start FollowerState
2019-10-14 09:23:29,516 [pool-423-thread-1] INFO  server.RaftServerConfigKeys (ConfUtils.java:logGet(43)) - raft.server.snapshot.retention.num.files = 5 (custom)
2019-10-14 09:23:29,516 [pool-423-thread-1] INFO  server.RaftServerConfigKeys (ConfUtils.java:logGet(43)) - raft.server.retrycache.expirytime = 600000ms (custom)
2019-10-14 09:23:29,516 [pool-383-thread-1] INFO  util.JmxRegister (JmxRegister.java:tryRegister(44)) - Successfully registered JMX Bean with object name Ratis:service=RaftServer,group=group-188B962A718D,id=866eb045-3bfb-47dc-a4c6-3505e598a7c3
2019-10-14 09:23:29,518 [pool-423-thread-1] INFO  impl.RaftServerImpl (RaftServerImpl.java:start(185)) - f21c5b87-272d-4473-86ef-15bafd2985f9@group-188B962A718D: start as a follower, conf=-1: [03fab2fb-e7d4-4e78-a4c4-f6863ac12e1f:192.168.164.214:33299, f21c5b87-272d-4473-86ef-15bafd2985f9:192.168.164.214:40223, 866eb045-3bfb-47dc-a4c6-3505e598a7c3:192.168.164.214:38008], old=null
2019-10-14 09:23:29,518 [pool-423-thread-1] INFO  impl.RaftServerImpl (RaftServerImpl.java:setRole(174)) - f21c5b87-272d-4473-86ef-15bafd2985f9@group-188B962A718D: changes role from      null to FOLLOWER at term 0 for startAsFollower
2019-10-14 09:23:29,518 [pool-423-thread-1] INFO  impl.RoleInfo (RoleInfo.java:updateAndGet(143)) - f21c5b87-272d-4473-86ef-15bafd2985f9: start FollowerState
2019-10-14 09:23:29,519 [pool-423-thread-1] INFO  util.JmxRegister (JmxRegister.java:tryRegister(44)) - Successfully registered JMX Bean with object name Ratis:service=RaftServer,group=group-188B962A718D,id=f21c5b87-272d-4473-86ef-15bafd2985f9
2019-10-14 09:23:29,520 [RatisPipelineUtilsThread] INFO  pipeline.PipelineStateManager (PipelineStateManager.java:addPipeline(56)) - Created pipeline Pipeline[ Id: ec462d9a-1326-41c1-9d58-188b962a718d, Nodes: 03fab2fb-e7d4-4e78-a4c4-f6863ac12e1f{ip: 192.168.164.214, host: pr-hdds-1569-vp9xg-4248047660, networkLocation: /default-rack, certSerialId: null}f21c5b87-272d-4473-86ef-15bafd2985f9{ip: 192.168.164.214, host: pr-hdds-1569-vp9xg-4248047660, networkLocation: /default-rack, certSerialId: null}866eb045-3bfb-47dc-a4c6-3505e598a7c3{ip: 192.168.164.214, host: pr-hdds-1569-vp9xg-4248047660, networkLocation: /default-rack, certSerialId: null}, Type:RATIS, Factor:THREE, State:OPEN]
2019-10-14 09:23:29,529 [grpc-default-executor-3] INFO  impl.RaftServerProxy (RaftServerProxy.java:addNew(89)) - ff8cf76f-81bb-40fb-9266-fb490038af97: addNew group-622DFE13D9CD:[03fab2fb-e7d4-4e78-a4c4-f6863ac12e1f:192.168.164.214:33299, ff8cf76f-81bb-40fb-9266-fb490038af97:192.168.164.214:45617, f21c5b87-272d-4473-86ef-15bafd2985f9:192.168.164.214:40223] returns group-622DFE13D9CD:java.util.concurrent.CompletableFuture@684abac4[Not completed]
2019-10-14 09:23:29,529 [grpc-default-executor-4] INFO  impl.RaftServerProxy (RaftServerProxy.java:addNew(89)) - f21c5b87-272d-4473-86ef-15bafd2985f9: addNew group-622DFE13D9CD:[03fab2fb-e7d4-4e78-a4c4-f6863ac12e1f:192.168.164.214:33299, ff8cf76f-81bb-40fb-9266-fb490038af97:192.168.164.214:45617, f21c5b87-272d-4473-86ef-15bafd2985f9:192.168.164.214:40223] returns group-622DFE13D9CD:java.util.concurrent.CompletableFuture@65cce4d0[Not completed]
2019-10-14 09:23:29,530 [grpc-default-executor-3] INFO  impl.RaftServerProxy (RaftServerProxy.java:addNew(89)) - 03fab2fb-e7d4-4e78-a4c4-f6863ac12e1f: addNew group-622DFE13D9CD:[03fab2fb-e7d4-4e78-a4c4-f6863ac12e1f:192.168.164.214:33299, ff8cf76f-81bb-40fb-9266-fb490038af97:192.168.164.214:45617, f21c5b87-272d-4473-86ef-15bafd2985f9:192.168.164.214:40223] returns group-622DFE13D9CD:java.util.concurrent.CompletableFuture@7de1cef0[Not completed]
2019-10-14 09:23:29,530 [pool-423-thread-1] INFO  impl.RaftServerImpl (RaftServerImpl.java:<init>(95)) - f21c5b87-272d-4473-86ef-15bafd2985f9: new RaftServerImpl for group-622DFE13D9CD:[03fab2fb-e7d4-4e78-a4c4-f6863ac12e1f:192.168.164.214:33299, ff8cf76f-81bb-40fb-9266-fb490038af97:192.168.164.214:45617, f21c5b87-272d-4473-86ef-15bafd2985f9:192.168.164.214:40223] with ContainerStateMachine:uninitialized
2019-10-14 09:23:29,531 [pool-423-thread-1] INFO  server.RaftServerConfigKeys (ConfUtils.java:logGet(43)) - raft.server.rpc.timeout.min = 5s (custom)
2019-10-14 09:23:29,531 [pool-423-thread-1] INFO  server.RaftServerConfigKeys (ConfUtils.java:logGet(43)) - raft.server.rpc.timeout.max = 5200ms (custom)
2019-10-14 09:23:29,531 [pool-423-thread-1] INFO  server.RaftServerConfigKeys (ConfUtils.java:logGet(43)) - raft.server.rpcslowness.timeout = 120s (custom)
2019-10-14 09:23:29,531 [pool-413-thread-1] INFO  impl.RaftServerImpl (RaftServerImpl.java:<init>(95)) - 03fab2fb-e7d4-4e78-a4c4-f6863ac12e1f: new RaftServerImpl for group-622DFE13D9CD:[03fab2fb-e7d4-4e78-a4c4-f6863ac12e1f:192.168.164.214:33299, ff8cf76f-81bb-40fb-9266-fb490038af97:192.168.164.214:45617, f21c5b87-272d-4473-86ef-15bafd2985f9:192.168.164.214:40223] with ContainerStateMachine:uninitialized
2019-10-14 09:23:29,531 [pool-423-thread-1] INFO  server.RaftServerConfigKeys (ConfUtils.java:logGet(43)) - raft.server.sleep.deviation.threshold = 300 (default)
2019-10-14 09:23:29,531 [pool-413-thread-1] INFO  server.RaftServerConfigKeys (ConfUtils.java:logGet(43)) - raft.server.rpc.timeout.min = 5s (custom)
2019-10-14 09:23:29,531 [pool-423-thread-1] INFO  server.RaftServerConfigKeys (ConfUtils.java:logGet(43)) - raft.server.log.appender.install.snapshot.enabled = false (custom)
2019-10-14 09:23:29,531 [pool-433-thread-1] INFO  impl.RaftServerImpl (RaftServerImpl.java:<init>(95)) - ff8cf76f-81bb-40fb-9266-fb490038af97: new RaftServerImpl for group-622DFE13D9CD:[03fab2fb-e7d4-4e78-a4c4-f6863ac12e1f:192.168.164.214:33299, ff8cf76f-81bb-40fb-9266-fb490038af97:192.168.164.214:45617, f21c5b87-272d-4473-86ef-15bafd2985f9:192.168.164.214:40223] with ContainerStateMachine:uninitialized
2019-10-14 09:23:29,531 [pool-413-thread-1] INFO  server.RaftServerConfigKeys (ConfUtils.java:logGet(43)) - raft.server.rpc.timeout.max = 5200ms (custom)
2019-10-14 09:23:29,532 [pool-433-thread-1] INFO  server.RaftServerConfigKeys (ConfUtils.java:logGet(43)) - raft.server.rpc.timeout.min = 5s (custom)
2019-10-14 09:23:29,532 [pool-423-thread-1] INFO  impl.RaftServerImpl (ServerState.java:<init>(103)) - f21c5b87-272d-4473-86ef-15bafd2985f9@group-622DFE13D9CD: ConfigurationManager, init=-1: [03fab2fb-e7d4-4e78-a4c4-f6863ac12e1f:192.168.164.214:33299, ff8cf76f-81bb-40fb-9266-fb490038af97:192.168.164.214:45617, f21c5b87-272d-4473-86ef-15bafd2985f9:192.168.164.214:40223], old=null, confs=<EMPTY_MAP>
2019-10-14 09:23:29,532 [pool-433-thread-1] INFO  server.RaftServerConfigKeys (ConfUtils.java:logGet(43)) - raft.server.rpc.timeout.max = 5200ms (custom)
2019-10-14 09:23:29,532 [pool-413-thread-1] INFO  server.RaftServerConfigKeys (ConfUtils.java:logGet(43)) - raft.server.rpcslowness.timeout = 120s (custom)
2019-10-14 09:23:29,532 [pool-433-thread-1] INFO  server.RaftServerConfigKeys (ConfUtils.java:logGet(43)) - raft.server.rpcslowness.timeout = 120s (custom)
2019-10-14 09:23:29,532 [pool-423-thread-1] INFO  server.RaftServerConfigKeys (ConfUtils.java:logGet(43)) - raft.server.storage.dir = [/workdir/hadoop-ozone/integration-test/target/test-dir/MiniOzoneClusterImpl-404eb741-03bf-48e0-a9fb-0e06e39ca081/datanode-4/data/ratis] (custom)
2019-10-14 09:23:29,532 [pool-433-thread-1] INFO  server.RaftServerConfigKeys (ConfUtils.java:logGet(43)) - raft.server.sleep.deviation.threshold = 300 (default)
2019-10-14 09:23:29,532 [pool-413-thread-1] INFO  server.RaftServerConfigKeys (ConfUtils.java:logGet(43)) - raft.server.sleep.deviation.threshold = 300 (default)
2019-10-14 09:23:29,533 [pool-423-thread-1] INFO  storage.RaftStorageDirectory (RaftStorageDirectory.java:analyzeStorage(246)) - The storage directory /workdir/hadoop-ozone/integration-test/target/test-dir/MiniOzoneClusterImpl-404eb741-03bf-48e0-a9fb-0e06e39ca081/datanode-4/data/ratis/d0ae19a5-be20-4217-855f-622dfe13d9cd does not exist. Creating ...
2019-10-14 09:23:29,532 [pool-433-thread-1] INFO  server.RaftServerConfigKeys (ConfUtils.java:logGet(43)) - raft.server.log.appender.install.snapshot.enabled = false (custom)
2019-10-14 09:23:29,533 [pool-413-thread-1] INFO  server.RaftServerConfigKeys (ConfUtils.java:logGet(43)) - raft.server.log.appender.install.snapshot.enabled = false (custom)
2019-10-14 09:23:29,533 [pool-433-thread-1] INFO  impl.RaftServerImpl (ServerState.java:<init>(103)) - ff8cf76f-81bb-40fb-9266-fb490038af97@group-622DFE13D9CD: ConfigurationManager, init=-1: [03fab2fb-e7d4-4e78-a4c4-f6863ac12e1f:192.168.164.214:33299, ff8cf76f-81bb-40fb-9266-fb490038af97:192.168.164.214:45617, f21c5b87-272d-4473-86ef-15bafd2985f9:192.168.164.214:40223], old=null, confs=<EMPTY_MAP>
2019-10-14 09:23:29,533 [pool-413-thread-1] INFO  impl.RaftServerImpl (ServerState.java:<init>(103)) - 03fab2fb-e7d4-4e78-a4c4-f6863ac12e1f@group-622DFE13D9CD: ConfigurationManager, init=-1: [03fab2fb-e7d4-4e78-a4c4-f6863ac12e1f:192.168.164.214:33299, ff8cf76f-81bb-40fb-9266-fb490038af97:192.168.164.214:45617, f21c5b87-272d-4473-86ef-15bafd2985f9:192.168.164.214:40223], old=null, confs=<EMPTY_MAP>
2019-10-14 09:23:29,533 [pool-433-thread-1] INFO  server.RaftServerConfigKeys (ConfUtils.java:logGet(43)) - raft.server.storage.dir = [/workdir/hadoop-ozone/integration-test/target/test-dir/MiniOzoneClusterImpl-404eb741-03bf-48e0-a9fb-0e06e39ca081/datanode-5/data/ratis] (custom)
2019-10-14 09:23:29,533 [pool-413-thread-1] INFO  server.RaftServerConfigKeys (ConfUtils.java:logGet(43)) - raft.server.storage.dir = [/workdir/hadoop-ozone/integration-test/target/test-dir/MiniOzoneClusterImpl-404eb741-03bf-48e0-a9fb-0e06e39ca081/datanode-3/data/ratis] (custom)
2019-10-14 09:23:29,533 [pool-433-thread-1] INFO  storage.RaftStorageDirectory (RaftStorageDirectory.java:analyzeStorage(246)) - The storage directory /workdir/hadoop-ozone/integration-test/target/test-dir/MiniOzoneClusterImpl-404eb741-03bf-48e0-a9fb-0e06e39ca081/datanode-5/data/ratis/d0ae19a5-be20-4217-855f-622dfe13d9cd does not exist. Creating ...
2019-10-14 09:23:29,533 [pool-413-thread-1] INFO  storage.RaftStorageDirectory (RaftStorageDirectory.java:analyzeStorage(246)) - The storage directory /workdir/hadoop-ozone/integration-test/target/test-dir/MiniOzoneClusterImpl-404eb741-03bf-48e0-a9fb-0e06e39ca081/datanode-3/data/ratis/d0ae19a5-be20-4217-855f-622dfe13d9cd does not exist. Creating ...
2019-10-14 09:23:29,541 [main] INFO  ozone.MiniOzoneClusterImpl (MiniOzoneClusterImpl.java:lambda$waitForClusterToBeReady$0(147)) - Waiting for cluster to be ready. Got 6 of 7 DN Heartbeats.
2019-10-14 09:23:29,541 [IPC Server handler 5 on 46696] INFO  net.NetworkTopology (NetworkTopologyImpl.java:add(111)) - Added a new node: /default-rack/c6f466fb-6021-469a-9685-fe99611c8ad0
2019-10-14 09:23:29,541 [IPC Server handler 5 on 46696] INFO  node.SCMNodeManager (SCMNodeManager.java:register(266)) - Registered Data node : c6f466fb-6021-469a-9685-fe99611c8ad0{ip: 192.168.164.214, host: pr-hdds-1569-vp9xg-4248047660, networkLocation: /default-rack, certSerialId: null}
2019-10-14 09:23:29,565 [pool-433-thread-1] INFO  storage.RaftStorageDirectory (RaftStorageDirectory.java:tryLock(328)) - Lock on /workdir/hadoop-ozone/integration-test/target/test-dir/MiniOzoneClusterImpl-404eb741-03bf-48e0-a9fb-0e06e39ca081/datanode-5/data/ratis/d0ae19a5-be20-4217-855f-622dfe13d9cd/in_use.lock acquired by nodename 17906@pr-hdds-1569-vp9xg-4248047660
2019-10-14 09:23:29,565 [pool-413-thread-1] INFO  storage.RaftStorageDirectory (RaftStorageDirectory.java:tryLock(328)) - Lock on /workdir/hadoop-ozone/integration-test/target/test-dir/MiniOzoneClusterImpl-404eb741-03bf-48e0-a9fb-0e06e39ca081/datanode-3/data/ratis/d0ae19a5-be20-4217-855f-622dfe13d9cd/in_use.lock acquired by nodename 17906@pr-hdds-1569-vp9xg-4248047660
2019-10-14 09:23:29,565 [pool-423-thread-1] INFO  storage.RaftStorageDirectory (RaftStorageDirectory.java:tryLock(328)) - Lock on /workdir/hadoop-ozone/integration-test/target/test-dir/MiniOzoneClusterImpl-404eb741-03bf-48e0-a9fb-0e06e39ca081/datanode-4/data/ratis/d0ae19a5-be20-4217-855f-622dfe13d9cd/in_use.lock acquired by nodename 17906@pr-hdds-1569-vp9xg-4248047660
2019-10-14 09:23:29,588 [pool-433-thread-1] INFO  storage.RaftStorage (RaftStorage.java:format(72)) - Storage directory /workdir/hadoop-ozone/integration-test/target/test-dir/MiniOzoneClusterImpl-404eb741-03bf-48e0-a9fb-0e06e39ca081/datanode-5/data/ratis/d0ae19a5-be20-4217-855f-622dfe13d9cd has been successfully formatted.
2019-10-14 09:23:29,589 [pool-423-thread-1] INFO  storage.RaftStorage (RaftStorage.java:format(72)) - Storage directory /workdir/hadoop-ozone/integration-test/target/test-dir/MiniOzoneClusterImpl-404eb741-03bf-48e0-a9fb-0e06e39ca081/datanode-4/data/ratis/d0ae19a5-be20-4217-855f-622dfe13d9cd has been successfully formatted.
2019-10-14 09:23:29,588 [pool-413-thread-1] INFO  storage.RaftStorage (RaftStorage.java:format(72)) - Storage directory /workdir/hadoop-ozone/integration-test/target/test-dir/MiniOzoneClusterImpl-404eb741-03bf-48e0-a9fb-0e06e39ca081/datanode-3/data/ratis/d0ae19a5-be20-4217-855f-622dfe13d9cd has been successfully formatted.
2019-10-14 09:23:29,589 [pool-423-thread-1] INFO  ratis.ContainerStateMachine (ContainerStateMachine.java:loadSnapshot(230)) - group-622DFE13D9CD: The snapshot info is null. Setting the last applied indexto:(t:0, i:~)
2019-10-14 09:23:29,589 [pool-433-thread-1] INFO  ratis.ContainerStateMachine (ContainerStateMachine.java:loadSnapshot(230)) - group-622DFE13D9CD: The snapshot info is null. Setting the last applied indexto:(t:0, i:~)
2019-10-14 09:23:29,589 [pool-423-thread-1] INFO  server.RaftServerConfigKeys (ConfUtils.java:logGet(43)) - raft.server.notification.no-leader.timeout = 120s (custom)
2019-10-14 09:23:29,589 [pool-413-thread-1] INFO  ratis.ContainerStateMachine (ContainerStateMachine.java:loadSnapshot(230)) - group-622DFE13D9CD: The snapshot info is null. Setting the last applied indexto:(t:0, i:~)
2019-10-14 09:23:29,589 [pool-423-thread-1] INFO  server.RaftServerConfigKeys (ConfUtils.java:logGet(43)) - raft.server.log.use.memory = false (default)
2019-10-14 09:23:29,589 [pool-433-thread-1] INFO  server.RaftServerConfigKeys (ConfUtils.java:logGet(43)) - raft.server.notification.no-leader.timeout = 120s (custom)
2019-10-14 09:23:29,590 [pool-423-thread-1] INFO  server.RaftServerConfigKeys (ConfUtils.java:logGet(43)) - raft.server.log.purge.gap = 1000000 (custom)
2019-10-14 09:23:29,589 [pool-413-thread-1] INFO  server.RaftServerConfigKeys (ConfUtils.java:logGet(43)) - raft.server.notification.no-leader.timeout = 120s (custom)
2019-10-14 09:23:29,590 [pool-423-thread-1] INFO  server.RaftServerConfigKeys (ConfUtils.java:logGet(43)) - raft.server.log.appender.buffer.byte-limit = 33554432 (custom)
2019-10-14 09:23:29,590 [pool-433-thread-1] INFO  server.RaftServerConfigKeys (ConfUtils.java:logGet(43)) - raft.server.log.use.memory = false (default)
2019-10-14 09:23:29,590 [pool-423-thread-1] INFO  server.RaftServerConfigKeys (ConfUtils.java:logGet(43)) - raft.server.log.segment.size.max = 1048576 (custom)
2019-10-14 09:23:29,590 [pool-413-thread-1] INFO  server.RaftServerConfigKeys (ConfUtils.java:logGet(43)) - raft.server.log.use.memory = false (default)
2019-10-14 09:23:29,590 [pool-423-thread-1] INFO  server.RaftServerConfigKeys (ConfUtils.java:logGet(43)) - raft.server.log.segment.cache.num.max = 2 (custom)
2019-10-14 09:23:29,590 [pool-433-thread-1] INFO  server.RaftServerConfigKeys (ConfUtils.java:logGet(43)) - raft.server.log.purge.gap = 1000000 (custom)
2019-10-14 09:23:29,591 [pool-423-thread-1] INFO  segmented.SegmentedRaftLogWorker (SegmentedRaftLogWorker.java:<init>(172)) - new f21c5b87-272d-4473-86ef-15bafd2985f9@group-622DFE13D9CD-SegmentedRaftLogWorker for RaftStorage:Storage Directory /workdir/hadoop-ozone/integration-test/target/test-dir/MiniOzoneClusterImpl-404eb741-03bf-48e0-a9fb-0e06e39ca081/datanode-4/data/ratis/d0ae19a5-be20-4217-855f-622dfe13d9cd
2019-10-14 09:23:29,591 [pool-413-thread-1] INFO  server.RaftServerConfigKeys (ConfUtils.java:logGet(43)) - raft.server.log.purge.gap = 1000000 (custom)
2019-10-14 09:23:29,591 [pool-423-thread-1] INFO  server.RaftServerConfigKeys (ConfUtils.java:logGet(43)) - raft.server.log.queue.byte-limit = 2147483647 (custom)
2019-10-14 09:23:29,591 [pool-433-thread-1] INFO  server.RaftServerConfigKeys (ConfUtils.java:logGet(43)) - raft.server.log.appender.buffer.byte-limit = 33554432 (custom)
2019-10-14 09:23:29,591 [pool-423-thread-1] INFO  server.RaftServerConfigKeys (ConfUtils.java:logGet(43)) - raft.server.log.queue.element-limit = 1024 (custom)
2019-10-14 09:23:29,591 [pool-413-thread-1] INFO  server.RaftServerConfigKeys (ConfUtils.java:logGet(43)) - raft.server.log.appender.buffer.byte-limit = 33554432 (custom)
2019-10-14 09:23:29,591 [pool-423-thread-1] INFO  server.RaftServerConfigKeys (ConfUtils.java:logGet(43)) - raft.server.log.segment.size.max = 1048576 (custom)
2019-10-14 09:23:29,591 [pool-433-thread-1] INFO  server.RaftServerConfigKeys (ConfUtils.java:logGet(43)) - raft.server.log.segment.size.max = 1048576 (custom)
2019-10-14 09:23:29,592 [pool-423-thread-1] INFO  server.RaftServerConfigKeys (ConfUtils.java:logGet(43)) - raft.server.log.preallocated.size = 16384 (custom)
2019-10-14 09:23:29,592 [pool-413-thread-1] INFO  server.RaftServerConfigKeys (ConfUtils.java:logGet(43)) - raft.server.log.segment.size.max = 1048576 (custom)
2019-10-14 09:23:29,592 [pool-423-thread-1] INFO  server.RaftServerConfigKeys (ConfUtils.java:logGet(43)) - raft.server.log.write.buffer.size = 33554432 (custom)
2019-10-14 09:23:29,592 [pool-433-thread-1] INFO  server.RaftServerConfigKeys (ConfUtils.java:logGet(43)) - raft.server.log.segment.cache.num.max = 2 (custom)
2019-10-14 09:23:29,592 [pool-423-thread-1] INFO  server.RaftServerConfigKeys (ConfUtils.java:logGet(43)) - raft.server.log.force.sync.num = 128 (default)
2019-10-14 09:23:29,592 [pool-413-thread-1] INFO  server.RaftServerConfigKeys (ConfUtils.java:logGet(43)) - raft.server.log.segment.cache.num.max = 2 (custom)
2019-10-14 09:23:29,593 [pool-423-thread-1] INFO  server.RaftServerConfigKeys (ConfUtils.java:logGet(43)) - raft.server.log.statemachine.data.sync = true (default)
2019-10-14 09:23:29,592 [pool-433-thread-1] INFO  segmented.SegmentedRaftLogWorker (SegmentedRaftLogWorker.java:<init>(172)) - new ff8cf76f-81bb-40fb-9266-fb490038af97@group-622DFE13D9CD-SegmentedRaftLogWorker for RaftStorage:Storage Directory /workdir/hadoop-ozone/integration-test/target/test-dir/MiniOzoneClusterImpl-404eb741-03bf-48e0-a9fb-0e06e39ca081/datanode-5/data/ratis/d0ae19a5-be20-4217-855f-622dfe13d9cd
2019-10-14 09:23:29,593 [pool-423-thread-1] INFO  server.RaftServerConfigKeys (ConfUtils.java:logGet(43)) - raft.server.log.statemachine.data.sync.timeout = 10s (default)
2019-10-14 09:23:29,593 [pool-413-thread-1] INFO  segmented.SegmentedRaftLogWorker (SegmentedRaftLogWorker.java:<init>(172)) - new 03fab2fb-e7d4-4e78-a4c4-f6863ac12e1f@group-622DFE13D9CD-SegmentedRaftLogWorker for RaftStorage:Storage Directory /workdir/hadoop-ozone/integration-test/target/test-dir/MiniOzoneClusterImpl-404eb741-03bf-48e0-a9fb-0e06e39ca081/datanode-3/data/ratis/d0ae19a5-be20-4217-855f-622dfe13d9cd
2019-10-14 09:23:29,593 [pool-423-thread-1] INFO  server.RaftServerConfigKeys (ConfUtils.java:logGet(43)) - raft.server.log.statemachine.data.sync.timeout.retry = -1 (default)
2019-10-14 09:23:29,593 [pool-413-thread-1] INFO  server.RaftServerConfigKeys (ConfUtils.java:logGet(43)) - raft.server.log.queue.byte-limit = 2147483647 (custom)
2019-10-14 09:23:29,594 [pool-423-thread-1] INFO  server.RaftServerConfigKeys (ConfUtils.java:logGet(43)) - raft.server.log.statemachine.data.caching.enabled = true (custom)
2019-10-14 09:23:29,594 [pool-413-thread-1] INFO  server.RaftServerConfigKeys (ConfUtils.java:logGet(43)) - raft.server.log.queue.element-limit = 1024 (custom)
2019-10-14 09:23:29,594 [pool-413-thread-1] INFO  server.RaftServerConfigKeys (ConfUtils.java:logGet(43)) - raft.server.log.segment.size.max = 1048576 (custom)
2019-10-14 09:23:29,594 [pool-423-thread-1] INFO  segmented.SegmentedRaftLogWorker (SegmentedRaftLogWorker.java:lambda$new$0(132)) - f21c5b87-272d-4473-86ef-15bafd2985f9@group-622DFE13D9CD-SegmentedRaftLogWorker: flushIndex: setUnconditionally 0 -> -1
2019-10-14 09:23:29,594 [pool-413-thread-1] INFO  server.RaftServerConfigKeys (ConfUtils.java:logGet(43)) - raft.server.log.preallocated.size = 16384 (custom)
2019-10-14 09:23:29,595 [pool-413-thread-1] INFO  server.RaftServerConfigKeys (ConfUtils.java:logGet(43)) - raft.server.log.write.buffer.size = 33554432 (custom)
2019-10-14 09:23:29,595 [pool-423-thread-1] INFO  server.RaftServerConfigKeys (ConfUtils.java:logGet(43)) - raft.server.snapshot.auto.trigger.enabled = true (custom)
2019-10-14 09:23:29,595 [pool-433-thread-1] INFO  server.RaftServerConfigKeys (ConfUtils.java:logGet(43)) - raft.server.log.queue.byte-limit = 2147483647 (custom)
2019-10-14 09:23:29,595 [pool-413-thread-1] INFO  server.RaftServerConfigKeys (ConfUtils.java:logGet(43)) - raft.server.log.force.sync.num = 128 (default)
2019-10-14 09:23:29,595 [pool-433-thread-1] INFO  server.RaftServerConfigKeys (ConfUtils.java:logGet(43)) - raft.server.log.queue.element-limit = 1024 (custom)
2019-10-14 09:23:29,595 [pool-423-thread-1] INFO  server.RaftServerConfigKeys (ConfUtils.java:logGet(43)) - raft.server.snapshot.auto.trigger.threshold = 10000 (custom)
2019-10-14 09:23:29,595 [pool-433-thread-1] INFO  server.RaftServerConfigKeys (ConfUtils.java:logGet(43)) - raft.server.log.segment.size.max = 1048576 (custom)
2019-10-14 09:23:29,596 [pool-433-thread-1] INFO  server.RaftServerConfigKeys (ConfUtils.java:logGet(43)) - raft.server.log.preallocated.size = 16384 (custom)
2019-10-14 09:23:29,595 [pool-413-thread-1] INFO  server.RaftServerConfigKeys (ConfUtils.java:logGet(43)) - raft.server.log.statemachine.data.sync = true (default)
2019-10-14 09:23:29,596 [pool-433-thread-1] INFO  server.RaftServerConfigKeys (ConfUtils.java:logGet(43)) - raft.server.log.write.buffer.size = 33554432 (custom)
2019-10-14 09:23:29,595 [pool-423-thread-1] INFO  server.RaftServerConfigKeys (ConfUtils.java:logGet(43)) - raft.server.snapshot.retention.num.files = 5 (custom)
2019-10-14 09:23:29,596 [pool-433-thread-1] INFO  server.RaftServerConfigKeys (ConfUtils.java:logGet(43)) - raft.server.log.force.sync.num = 128 (default)
2019-10-14 09:23:29,596 [pool-433-thread-1] INFO  server.RaftServerConfigKeys (ConfUtils.java:logGet(43)) - raft.server.log.statemachine.data.sync = true (default)
2019-10-14 09:23:29,596 [pool-413-thread-1] INFO  server.RaftServerConfigKeys (ConfUtils.java:logGet(43)) - raft.server.log.statemachine.data.sync.timeout = 10s (default)
2019-10-14 09:23:29,596 [pool-433-thread-1] INFO  server.RaftServerConfigKeys (ConfUtils.java:logGet(43)) - raft.server.log.statemachine.data.sync.timeout = 10s (default)
2019-10-14 09:23:29,596 [pool-423-thread-1] INFO  server.RaftServerConfigKeys (ConfUtils.java:logGet(43)) - raft.server.retrycache.expirytime = 600000ms (custom)
2019-10-14 09:23:29,597 [pool-433-thread-1] INFO  server.RaftServerConfigKeys (ConfUtils.java:logGet(43)) - raft.server.log.statemachine.data.sync.timeout.retry = -1 (default)
2019-10-14 09:23:29,596 [pool-413-thread-1] INFO  server.RaftServerConfigKeys (ConfUtils.java:logGet(43)) - raft.server.log.statemachine.data.sync.timeout.retry = -1 (default)
2019-10-14 09:23:29,597 [pool-433-thread-1] INFO  server.RaftServerConfigKeys (ConfUtils.java:logGet(43)) - raft.server.log.statemachine.data.caching.enabled = true (custom)
2019-10-14 09:23:29,597 [pool-413-thread-1] INFO  server.RaftServerConfigKeys (ConfUtils.java:logGet(43)) - raft.server.log.statemachine.data.caching.enabled = true (custom)
2019-10-14 09:23:29,597 [pool-433-thread-1] INFO  segmented.SegmentedRaftLogWorker (SegmentedRaftLogWorker.java:lambda$new$0(132)) - ff8cf76f-81bb-40fb-9266-fb490038af97@group-622DFE13D9CD-SegmentedRaftLogWorker: flushIndex: setUnconditionally 0 -> -1
2019-10-14 09:23:29,598 [pool-413-thread-1] INFO  segmented.SegmentedRaftLogWorker (SegmentedRaftLogWorker.java:lambda$new$0(132)) - 03fab2fb-e7d4-4e78-a4c4-f6863ac12e1f@group-622DFE13D9CD-SegmentedRaftLogWorker: flushIndex: setUnconditionally 0 -> -1
2019-10-14 09:23:29,598 [pool-433-thread-1] INFO  server.RaftServerConfigKeys (ConfUtils.java:logGet(43)) - raft.server.snapshot.auto.trigger.enabled = true (custom)
2019-10-14 09:23:29,598 [pool-433-thread-1] INFO  server.RaftServerConfigKeys (ConfUtils.java:logGet(43)) - raft.server.snapshot.auto.trigger.threshold = 10000 (custom)
2019-10-14 09:23:29,598 [pool-413-thread-1] INFO  server.RaftServerConfigKeys (ConfUtils.java:logGet(43)) - raft.server.snapshot.auto.trigger.enabled = true (custom)
2019-10-14 09:23:29,598 [pool-433-thread-1] INFO  server.RaftServerConfigKeys (ConfUtils.java:logGet(43)) - raft.server.snapshot.retention.num.files = 5 (custom)
2019-10-14 09:23:29,598 [pool-413-thread-1] INFO  server.RaftServerConfigKeys (ConfUtils.java:logGet(43)) - raft.server.snapshot.auto.trigger.threshold = 10000 (custom)
2019-10-14 09:23:29,598 [pool-433-thread-1] INFO  server.RaftServerConfigKeys (ConfUtils.java:logGet(43)) - raft.server.retrycache.expirytime = 600000ms (custom)
2019-10-14 09:23:29,598 [pool-413-thread-1] INFO  server.RaftServerConfigKeys (ConfUtils.java:logGet(43)) - raft.server.snapshot.retention.num.files = 5 (custom)
2019-10-14 09:23:29,598 [pool-413-thread-1] INFO  server.RaftServerConfigKeys (ConfUtils.java:logGet(43)) - raft.server.retrycache.expirytime = 600000ms (custom)
2019-10-14 09:23:29,599 [pool-423-thread-1] INFO  impl.RaftServerImpl (RaftServerImpl.java:start(185)) - f21c5b87-272d-4473-86ef-15bafd2985f9@group-622DFE13D9CD: start as a follower, conf=-1: [03fab2fb-e7d4-4e78-a4c4-f6863ac12e1f:192.168.164.214:33299, ff8cf76f-81bb-40fb-9266-fb490038af97:192.168.164.214:45617, f21c5b87-272d-4473-86ef-15bafd2985f9:192.168.164.214:40223], old=null
2019-10-14 09:23:29,599 [pool-423-thread-1] INFO  impl.RaftServerImpl (RaftServerImpl.java:setRole(174)) - f21c5b87-272d-4473-86ef-15bafd2985f9@group-622DFE13D9CD: changes role from      null to FOLLOWER at term 0 for startAsFollower
2019-10-14 09:23:29,599 [pool-423-thread-1] INFO  impl.RoleInfo (RoleInfo.java:updateAndGet(143)) - f21c5b87-272d-4473-86ef-15bafd2985f9: start FollowerState
2019-10-14 09:23:29,599 [pool-423-thread-1] INFO  util.JmxRegister (JmxRegister.java:tryRegister(44)) - Successfully registered JMX Bean with object name Ratis:service=RaftServer,group=group-622DFE13D9CD,id=f21c5b87-272d-4473-86ef-15bafd2985f9
2019-10-14 09:23:29,601 [pool-433-thread-1] INFO  impl.RaftServerImpl (RaftServerImpl.java:start(185)) - ff8cf76f-81bb-40fb-9266-fb490038af97@group-622DFE13D9CD: start as a follower, conf=-1: [03fab2fb-e7d4-4e78-a4c4-f6863ac12e1f:192.168.164.214:33299, ff8cf76f-81bb-40fb-9266-fb490038af97:192.168.164.214:45617, f21c5b87-272d-4473-86ef-15bafd2985f9:192.168.164.214:40223], old=null
2019-10-14 09:23:29,601 [pool-433-thread-1] INFO  impl.RaftServerImpl (RaftServerImpl.java:setRole(174)) - ff8cf76f-81bb-40fb-9266-fb490038af97@group-622DFE13D9CD: changes role from      null to FOLLOWER at term 0 for startAsFollower
2019-10-14 09:23:29,601 [pool-413-thread-1] INFO  impl.RaftServerImpl (RaftServerImpl.java:start(185)) - 03fab2fb-e7d4-4e78-a4c4-f6863ac12e1f@group-622DFE13D9CD: start as a follower, conf=-1: [03fab2fb-e7d4-4e78-a4c4-f6863ac12e1f:192.168.164.214:33299, ff8cf76f-81bb-40fb-9266-fb490038af97:192.168.164.214:45617, f21c5b87-272d-4473-86ef-15bafd2985f9:192.168.164.214:40223], old=null
2019-10-14 09:23:29,601 [pool-433-thread-1] INFO  impl.RoleInfo (RoleInfo.java:updateAndGet(143)) - ff8cf76f-81bb-40fb-9266-fb490038af97: start FollowerState
2019-10-14 09:23:29,601 [pool-413-thread-1] INFO  impl.RaftServerImpl (RaftServerImpl.java:setRole(174)) - 03fab2fb-e7d4-4e78-a4c4-f6863ac12e1f@group-622DFE13D9CD: changes role from      null to FOLLOWER at term 0 for startAsFollower
2019-10-14 09:23:29,601 [pool-413-thread-1] INFO  impl.RoleInfo (RoleInfo.java:updateAndGet(143)) - 03fab2fb-e7d4-4e78-a4c4-f6863ac12e1f: start FollowerState
2019-10-14 09:23:29,601 [pool-433-thread-1] INFO  util.JmxRegister (JmxRegister.java:tryRegister(44)) - Successfully registered JMX Bean with object name Ratis:service=RaftServer,group=group-622DFE13D9CD,id=ff8cf76f-81bb-40fb-9266-fb490038af97
2019-10-14 09:23:29,602 [pool-413-thread-1] INFO  util.JmxRegister (JmxRegister.java:tryRegister(44)) - Successfully registered JMX Bean with object name Ratis:service=RaftServer,group=group-622DFE13D9CD,id=03fab2fb-e7d4-4e78-a4c4-f6863ac12e1f
2019-10-14 09:23:29,604 [RatisPipelineUtilsThread] INFO  pipeline.PipelineStateManager (PipelineStateManager.java:addPipeline(56)) - Created pipeline Pipeline[ Id: d0ae19a5-be20-4217-855f-622dfe13d9cd, Nodes: f21c5b87-272d-4473-86ef-15bafd2985f9{ip: 192.168.164.214, host: pr-hdds-1569-vp9xg-4248047660, networkLocation: /default-rack, certSerialId: null}ff8cf76f-81bb-40fb-9266-fb490038af97{ip: 192.168.164.214, host: pr-hdds-1569-vp9xg-4248047660, networkLocation: /default-rack, certSerialId: null}03fab2fb-e7d4-4e78-a4c4-f6863ac12e1f{ip: 192.168.164.214, host: pr-hdds-1569-vp9xg-4248047660, networkLocation: /default-rack, certSerialId: null}, Type:RATIS, Factor:THREE, State:OPEN]
2019-10-14 09:23:29,617 [grpc-default-executor-10] INFO  impl.RaftServerProxy (RaftServerProxy.java:addNew(89)) - 03fab2fb-e7d4-4e78-a4c4-f6863ac12e1f: addNew group-005C3F463849:[03fab2fb-e7d4-4e78-a4c4-f6863ac12e1f:192.168.164.214:33299, ff8cf76f-81bb-40fb-9266-fb490038af97:192.168.164.214:45617, f21c5b87-272d-4473-86ef-15bafd2985f9:192.168.164.214:40223] returns group-005C3F463849:java.util.concurrent.CompletableFuture@45a64097[Not completed]
2019-10-14 09:23:29,617 [grpc-default-executor-3] INFO  impl.RaftServerProxy (RaftServerProxy.java:addNew(89)) - ff8cf76f-81bb-40fb-9266-fb490038af97: addNew group-005C3F463849:[03fab2fb-e7d4-4e78-a4c4-f6863ac12e1f:192.168.164.214:33299, ff8cf76f-81bb-40fb-9266-fb490038af97:192.168.164.214:45617, f21c5b87-272d-4473-86ef-15bafd2985f9:192.168.164.214:40223] returns group-005C3F463849:java.util.concurrent.CompletableFuture@2ee407bb[Not completed]
2019-10-14 09:23:29,617 [grpc-default-executor-4] INFO  impl.RaftServerProxy (RaftServerProxy.java:addNew(89)) - f21c5b87-272d-4473-86ef-15bafd2985f9: addNew group-005C3F463849:[03fab2fb-e7d4-4e78-a4c4-f6863ac12e1f:192.168.164.214:33299, ff8cf76f-81bb-40fb-9266-fb490038af97:192.168.164.214:45617, f21c5b87-272d-4473-86ef-15bafd2985f9:192.168.164.214:40223] returns group-005C3F463849:java.util.concurrent.CompletableFuture@4e5fb916[Not completed]
2019-10-14 09:23:29,619 [pool-413-thread-1] INFO  impl.RaftServerImpl (RaftServerImpl.java:<init>(95)) - 03fab2fb-e7d4-4e78-a4c4-f6863ac12e1f: new RaftServerImpl for group-005C3F463849:[03fab2fb-e7d4-4e78-a4c4-f6863ac12e1f:192.168.164.214:33299, ff8cf76f-81bb-40fb-9266-fb490038af97:192.168.164.214:45617, f21c5b87-272d-4473-86ef-15bafd2985f9:192.168.164.214:40223] with ContainerStateMachine:uninitialized
2019-10-14 09:23:29,619 [pool-413-thread-1] INFO  server.RaftServerConfigKeys (ConfUtils.java:logGet(43)) - raft.server.rpc.timeout.min = 5s (custom)
2019-10-14 09:23:29,619 [pool-413-thread-1] INFO  server.RaftServerConfigKeys (ConfUtils.java:logGet(43)) - raft.server.rpc.timeout.max = 5200ms (custom)
2019-10-14 09:23:29,619 [pool-413-thread-1] INFO  server.RaftServerConfigKeys (ConfUtils.java:logGet(43)) - raft.server.rpcslowness.timeout = 120s (custom)
2019-10-14 09:23:29,619 [pool-433-thread-1] INFO  impl.RaftServerImpl (RaftServerImpl.java:<init>(95)) - ff8cf76f-81bb-40fb-9266-fb490038af97: new RaftServerImpl for group-005C3F463849:[03fab2fb-e7d4-4e78-a4c4-f6863ac12e1f:192.168.164.214:33299, ff8cf76f-81bb-40fb-9266-fb490038af97:192.168.164.214:45617, f21c5b87-272d-4473-86ef-15bafd2985f9:192.168.164.214:40223] with ContainerStateMachine:uninitialized
2019-10-14 09:23:29,619 [pool-413-thread-1] INFO  server.RaftServerConfigKeys (ConfUtils.java:logGet(43)) - raft.server.sleep.deviation.threshold = 300 (default)
2019-10-14 09:23:29,619 [pool-433-thread-1] INFO  server.RaftServerConfigKeys (ConfUtils.java:logGet(43)) - raft.server.rpc.timeout.min = 5s (custom)
2019-10-14 09:23:29,619 [pool-423-thread-1] INFO  impl.RaftServerImpl (RaftServerImpl.java:<init>(95)) - f21c5b87-272d-4473-86ef-15bafd2985f9: new RaftServerImpl for group-005C3F463849:[03fab2fb-e7d4-4e78-a4c4-f6863ac12e1f:192.168.164.214:33299, ff8cf76f-81bb-40fb-9266-fb490038af97:192.168.164.214:45617, f21c5b87-272d-4473-86ef-15bafd2985f9:192.168.164.214:40223] with ContainerStateMachine:uninitialized
2019-10-14 09:23:29,619 [pool-413-thread-1] INFO  server.RaftServerConfigKeys (ConfUtils.java:logGet(43)) - raft.server.log.appender.install.snapshot.enabled = false (custom)
2019-10-14 09:23:29,619 [pool-423-thread-1] INFO  server.RaftServerConfigKeys (ConfUtils.java:logGet(43)) - raft.server.rpc.timeout.min = 5s (custom)
2019-10-14 09:23:29,619 [pool-433-thread-1] INFO  server.RaftServerConfigKeys (ConfUtils.java:logGet(43)) - raft.server.rpc.timeout.max = 5200ms (custom)
2019-10-14 09:23:29,620 [pool-423-thread-1] INFO  server.RaftServerConfigKeys (ConfUtils.java:logGet(43)) - raft.server.rpc.timeout.max = 5200ms (custom)
2019-10-14 09:23:29,620 [pool-413-thread-1] INFO  impl.RaftServerImpl (ServerState.java:<init>(103)) - 03fab2fb-e7d4-4e78-a4c4-f6863ac12e1f@group-005C3F463849: ConfigurationManager, init=-1: [03fab2fb-e7d4-4e78-a4c4-f6863ac12e1f:192.168.164.214:33299, ff8cf76f-81bb-40fb-9266-fb490038af97:192.168.164.214:45617, f21c5b87-272d-4473-86ef-15bafd2985f9:192.168.164.214:40223], old=null, confs=<EMPTY_MAP>
2019-10-14 09:23:29,620 [pool-423-thread-1] INFO  server.RaftServerConfigKeys (ConfUtils.java:logGet(43)) - raft.server.rpcslowness.timeout = 120s (custom)
2019-10-14 09:23:29,620 [pool-413-thread-1] INFO  server.RaftServerConfigKeys (ConfUtils.java:logGet(43)) - raft.server.storage.dir = [/workdir/hadoop-ozone/integration-test/target/test-dir/MiniOzoneClusterImpl-404eb741-03bf-48e0-a9fb-0e06e39ca081/datanode-3/data/ratis] (custom)
2019-10-14 09:23:29,620 [pool-433-thread-1] INFO  server.RaftServerConfigKeys (ConfUtils.java:logGet(43)) - raft.server.rpcslowness.timeout = 120s (custom)
2019-10-14 09:23:29,620 [pool-423-thread-1] INFO  server.RaftServerConfigKeys (ConfUtils.java:logGet(43)) - raft.server.sleep.deviation.threshold = 300 (default)
2019-10-14 09:23:29,620 [pool-433-thread-1] INFO  server.RaftServerConfigKeys (ConfUtils.java:logGet(43)) - raft.server.sleep.deviation.threshold = 300 (default)
2019-10-14 09:23:29,620 [pool-423-thread-1] INFO  server.RaftServerConfigKeys (ConfUtils.java:logGet(43)) - raft.server.log.appender.install.snapshot.enabled = false (custom)
2019-10-14 09:23:29,620 [pool-413-thread-1] INFO  storage.RaftStorageDirectory (RaftStorageDirectory.java:analyzeStorage(246)) - The storage directory /workdir/hadoop-ozone/integration-test/target/test-dir/MiniOzoneClusterImpl-404eb741-03bf-48e0-a9fb-0e06e39ca081/datanode-3/data/ratis/ab544538-64b3-43a6-9365-005c3f463849 does not exist. Creating ...
2019-10-14 09:23:29,620 [pool-433-thread-1] INFO  server.RaftServerConfigKeys (ConfUtils.java:logGet(43)) - raft.server.log.appender.install.snapshot.enabled = false (custom)
2019-10-14 09:23:29,620 [pool-423-thread-1] INFO  impl.RaftServerImpl (ServerState.java:<init>(103)) - f21c5b87-272d-4473-86ef-15bafd2985f9@group-005C3F463849: ConfigurationManager, init=-1: [03fab2fb-e7d4-4e78-a4c4-f6863ac12e1f:192.168.164.214:33299, ff8cf76f-81bb-40fb-9266-fb490038af97:192.168.164.214:45617, f21c5b87-272d-4473-86ef-15bafd2985f9:192.168.164.214:40223], old=null, confs=<EMPTY_MAP>
2019-10-14 09:23:29,621 [pool-433-thread-1] INFO  impl.RaftServerImpl (ServerState.java:<init>(103)) - ff8cf76f-81bb-40fb-9266-fb490038af97@group-005C3F463849: ConfigurationManager, init=-1: [03fab2fb-e7d4-4e78-a4c4-f6863ac12e1f:192.168.164.214:33299, ff8cf76f-81bb-40fb-9266-fb490038af97:192.168.164.214:45617, f21c5b87-272d-4473-86ef-15bafd2985f9:192.168.164.214:40223], old=null, confs=<EMPTY_MAP>
2019-10-14 09:23:29,621 [pool-423-thread-1] INFO  server.RaftServerConfigKeys (ConfUtils.java:logGet(43)) - raft.server.storage.dir = [/workdir/hadoop-ozone/integration-test/target/test-dir/MiniOzoneClusterImpl-404eb741-03bf-48e0-a9fb-0e06e39ca081/datanode-4/data/ratis] (custom)
2019-10-14 09:23:29,621 [pool-433-thread-1] INFO  server.RaftServerConfigKeys (ConfUtils.java:logGet(43)) - raft.server.storage.dir = [/workdir/hadoop-ozone/integration-test/target/test-dir/MiniOzoneClusterImpl-404eb741-03bf-48e0-a9fb-0e06e39ca081/datanode-5/data/ratis] (custom)
2019-10-14 09:23:29,621 [pool-423-thread-1] INFO  storage.RaftStorageDirectory (RaftStorageDirectory.java:analyzeStorage(246)) - The storage directory /workdir/hadoop-ozone/integration-test/target/test-dir/MiniOzoneClusterImpl-404eb741-03bf-48e0-a9fb-0e06e39ca081/datanode-4/data/ratis/ab544538-64b3-43a6-9365-005c3f463849 does not exist. Creating ...
2019-10-14 09:23:29,621 [pool-433-thread-1] INFO  storage.RaftStorageDirectory (RaftStorageDirectory.java:analyzeStorage(246)) - The storage directory /workdir/hadoop-ozone/integration-test/target/test-dir/MiniOzoneClusterImpl-404eb741-03bf-48e0-a9fb-0e06e39ca081/datanode-5/data/ratis/ab544538-64b3-43a6-9365-005c3f463849 does not exist. Creating ...
2019-10-14 09:23:29,638 [pool-413-thread-1] INFO  storage.RaftStorageDirectory (RaftStorageDirectory.java:tryLock(328)) - Lock on /workdir/hadoop-ozone/integration-test/target/test-dir/MiniOzoneClusterImpl-404eb741-03bf-48e0-a9fb-0e06e39ca081/datanode-3/data/ratis/ab544538-64b3-43a6-9365-005c3f463849/in_use.lock acquired by nodename 17906@pr-hdds-1569-vp9xg-4248047660
2019-10-14 09:23:29,638 [pool-433-thread-1] INFO  storage.RaftStorageDirectory (RaftStorageDirectory.java:tryLock(328)) - Lock on /workdir/hadoop-ozone/integration-test/target/test-dir/MiniOzoneClusterImpl-404eb741-03bf-48e0-a9fb-0e06e39ca081/datanode-5/data/ratis/ab544538-64b3-43a6-9365-005c3f463849/in_use.lock acquired by nodename 17906@pr-hdds-1569-vp9xg-4248047660
2019-10-14 09:23:29,638 [pool-423-thread-1] INFO  storage.RaftStorageDirectory (RaftStorageDirectory.java:tryLock(328)) - Lock on /workdir/hadoop-ozone/integration-test/target/test-dir/MiniOzoneClusterImpl-404eb741-03bf-48e0-a9fb-0e06e39ca081/datanode-4/data/ratis/ab544538-64b3-43a6-9365-005c3f463849/in_use.lock acquired by nodename 17906@pr-hdds-1569-vp9xg-4248047660
2019-10-14 09:23:29,661 [pool-433-thread-1] INFO  storage.RaftStorage (RaftStorage.java:format(72)) - Storage directory /workdir/hadoop-ozone/integration-test/target/test-dir/MiniOzoneClusterImpl-404eb741-03bf-48e0-a9fb-0e06e39ca081/datanode-5/data/ratis/ab544538-64b3-43a6-9365-005c3f463849 has been successfully formatted.
2019-10-14 09:23:29,661 [pool-423-thread-1] INFO  storage.RaftStorage (RaftStorage.java:format(72)) - Storage directory /workdir/hadoop-ozone/integration-test/target/test-dir/MiniOzoneClusterImpl-404eb741-03bf-48e0-a9fb-0e06e39ca081/datanode-4/data/ratis/ab544538-64b3-43a6-9365-005c3f463849 has been successfully formatted.
2019-10-14 09:23:29,661 [pool-413-thread-1] INFO  storage.RaftStorage (RaftStorage.java:format(72)) - Storage directory /workdir/hadoop-ozone/integration-test/target/test-dir/MiniOzoneClusterImpl-404eb741-03bf-48e0-a9fb-0e06e39ca081/datanode-3/data/ratis/ab544538-64b3-43a6-9365-005c3f463849 has been successfully formatted.
2019-10-14 09:23:29,661 [pool-423-thread-1] INFO  ratis.ContainerStateMachine (ContainerStateMachine.java:loadSnapshot(230)) - group-005C3F463849: The snapshot info is null. Setting the last applied indexto:(t:0, i:~)
2019-10-14 09:23:29,661 [pool-433-thread-1] INFO  ratis.ContainerStateMachine (ContainerStateMachine.java:loadSnapshot(230)) - group-005C3F463849: The snapshot info is null. Setting the last applied indexto:(t:0, i:~)
2019-10-14 09:23:29,662 [pool-423-thread-1] INFO  server.RaftServerConfigKeys (ConfUtils.java:logGet(43)) - raft.server.notification.no-leader.timeout = 120s (custom)
2019-10-14 09:23:29,662 [pool-413-thread-1] INFO  ratis.ContainerStateMachine (ContainerStateMachine.java:loadSnapshot(230)) - group-005C3F463849: The snapshot info is null. Setting the last applied indexto:(t:0, i:~)
2019-10-14 09:23:29,662 [pool-423-thread-1] INFO  server.RaftServerConfigKeys (ConfUtils.java:logGet(43)) - raft.server.log.use.memory = false (default)
2019-10-14 09:23:29,662 [pool-433-thread-1] INFO  server.RaftServerConfigKeys (ConfUtils.java:logGet(43)) - raft.server.notification.no-leader.timeout = 120s (custom)
2019-10-14 09:23:29,662 [pool-423-thread-1] INFO  server.RaftServerConfigKeys (ConfUtils.java:logGet(43)) - raft.server.log.purge.gap = 1000000 (custom)
2019-10-14 09:23:29,662 [pool-413-thread-1] INFO  server.RaftServerConfigKeys (ConfUtils.java:logGet(43)) - raft.server.notification.no-leader.timeout = 120s (custom)
2019-10-14 09:23:29,662 [pool-423-thread-1] INFO  server.RaftServerConfigKeys (ConfUtils.java:logGet(43)) - raft.server.log.appender.buffer.byte-limit = 33554432 (custom)
2019-10-14 09:23:29,662 [pool-433-thread-1] INFO  server.RaftServerConfigKeys (ConfUtils.java:logGet(43)) - raft.server.log.use.memory = false (default)
2019-10-14 09:23:29,663 [pool-423-thread-1] INFO  server.RaftServerConfigKeys (ConfUtils.java:logGet(43)) - raft.server.log.segment.size.max = 1048576 (custom)
2019-10-14 09:23:29,663 [pool-413-thread-1] INFO  server.RaftServerConfigKeys (ConfUtils.java:logGet(43)) - raft.server.log.use.memory = false (default)
2019-10-14 09:23:29,663 [pool-423-thread-1] INFO  server.RaftServerConfigKeys (ConfUtils.java:logGet(43)) - raft.server.log.segment.cache.num.max = 2 (custom)
2019-10-14 09:23:29,663 [pool-433-thread-1] INFO  server.RaftServerConfigKeys (ConfUtils.java:logGet(43)) - raft.server.log.purge.gap = 1000000 (custom)
2019-10-14 09:23:29,663 [pool-423-thread-1] INFO  segmented.SegmentedRaftLogWorker (SegmentedRaftLogWorker.java:<init>(172)) - new f21c5b87-272d-4473-86ef-15bafd2985f9@group-005C3F463849-SegmentedRaftLogWorker for RaftStorage:Storage Directory /workdir/hadoop-ozone/integration-test/target/test-dir/MiniOzoneClusterImpl-404eb741-03bf-48e0-a9fb-0e06e39ca081/datanode-4/data/ratis/ab544538-64b3-43a6-9365-005c3f463849
2019-10-14 09:23:29,663 [pool-413-thread-1] INFO  server.RaftServerConfigKeys (ConfUtils.java:logGet(43)) - raft.server.log.purge.gap = 1000000 (custom)
2019-10-14 09:23:29,664 [pool-423-thread-1] INFO  server.RaftServerConfigKeys (ConfUtils.java:logGet(43)) - raft.server.log.queue.byte-limit = 2147483647 (custom)
2019-10-14 09:23:29,663 [pool-433-thread-1] INFO  server.RaftServerConfigKeys (ConfUtils.java:logGet(43)) - raft.server.log.appender.buffer.byte-limit = 33554432 (custom)
2019-10-14 09:23:29,664 [pool-423-thread-1] INFO  server.RaftServerConfigKeys (ConfUtils.java:logGet(43)) - raft.server.log.queue.element-limit = 1024 (custom)
2019-10-14 09:23:29,664 [pool-413-thread-1] INFO  server.RaftServerConfigKeys (ConfUtils.java:logGet(43)) - raft.server.log.appender.buffer.byte-limit = 33554432 (custom)
2019-10-14 09:23:29,664 [pool-423-thread-1] INFO  server.RaftServerConfigKeys (ConfUtils.java:logGet(43)) - raft.server.log.segment.size.max = 1048576 (custom)
2019-10-14 09:23:29,664 [pool-433-thread-1] INFO  server.RaftServerConfigKeys (ConfUtils.java:logGet(43)) - raft.server.log.segment.size.max = 1048576 (custom)
2019-10-14 09:23:29,664 [pool-423-thread-1] INFO  server.RaftServerConfigKeys (ConfUtils.java:logGet(43)) - raft.server.log.preallocated.size = 16384 (custom)
2019-10-14 09:23:29,664 [pool-413-thread-1] INFO  server.RaftServerConfigKeys (ConfUtils.java:logGet(43)) - raft.server.log.segment.size.max = 1048576 (custom)
2019-10-14 09:23:29,665 [pool-423-thread-1] INFO  server.RaftServerConfigKeys (ConfUtils.java:logGet(43)) - raft.server.log.write.buffer.size = 33554432 (custom)
2019-10-14 09:23:29,664 [pool-433-thread-1] INFO  server.RaftServerConfigKeys (ConfUtils.java:logGet(43)) - raft.server.log.segment.cache.num.max = 2 (custom)
2019-10-14 09:23:29,665 [pool-423-thread-1] INFO  server.RaftServerConfigKeys (ConfUtils.java:logGet(43)) - raft.server.log.force.sync.num = 128 (default)
2019-10-14 09:23:29,665 [pool-413-thread-1] INFO  server.RaftServerConfigKeys (ConfUtils.java:logGet(43)) - raft.server.log.segment.cache.num.max = 2 (custom)
2019-10-14 09:23:29,665 [pool-423-thread-1] INFO  server.RaftServerConfigKeys (ConfUtils.java:logGet(43)) - raft.server.log.statemachine.data.sync = true (default)
2019-10-14 09:23:29,665 [pool-433-thread-1] INFO  segmented.SegmentedRaftLogWorker (SegmentedRaftLogWorker.java:<init>(172)) - new ff8cf76f-81bb-40fb-9266-fb490038af97@group-005C3F463849-SegmentedRaftLogWorker for RaftStorage:Storage Directory /workdir/hadoop-ozone/integration-test/target/test-dir/MiniOzoneClusterImpl-404eb741-03bf-48e0-a9fb-0e06e39ca081/datanode-5/data/ratis/ab544538-64b3-43a6-9365-005c3f463849
2019-10-14 09:23:29,665 [pool-423-thread-1] INFO  server.RaftServerConfigKeys (ConfUtils.java:logGet(43)) - raft.server.log.statemachine.data.sync.timeout = 10s (default)
2019-10-14 09:23:29,665 [pool-413-thread-1] INFO  segmented.SegmentedRaftLogWorker (SegmentedRaftLogWorker.java:<init>(172)) - new 03fab2fb-e7d4-4e78-a4c4-f6863ac12e1f@group-005C3F463849-SegmentedRaftLogWorker for RaftStorage:Storage Directory /workdir/hadoop-ozone/integration-test/target/test-dir/MiniOzoneClusterImpl-404eb741-03bf-48e0-a9fb-0e06e39ca081/datanode-3/data/ratis/ab544538-64b3-43a6-9365-005c3f463849
2019-10-14 09:23:29,666 [pool-423-thread-1] INFO  server.RaftServerConfigKeys (ConfUtils.java:logGet(43)) - raft.server.log.statemachine.data.sync.timeout.retry = -1 (default)
2019-10-14 09:23:29,665 [pool-433-thread-1] INFO  server.RaftServerConfigKeys (ConfUtils.java:logGet(43)) - raft.server.log.queue.byte-limit = 2147483647 (custom)
2019-10-14 09:23:29,666 [pool-423-thread-1] INFO  server.RaftServerConfigKeys (ConfUtils.java:logGet(43)) - raft.server.log.statemachine.data.caching.enabled = true (custom)
2019-10-14 09:23:29,666 [pool-413-thread-1] INFO  server.RaftServerConfigKeys (ConfUtils.java:logGet(43)) - raft.server.log.queue.byte-limit = 2147483647 (custom)
2019-10-14 09:23:29,666 [pool-433-thread-1] INFO  server.RaftServerConfigKeys (ConfUtils.java:logGet(43)) - raft.server.log.queue.element-limit = 1024 (custom)
2019-10-14 09:23:29,666 [pool-413-thread-1] INFO  server.RaftServerConfigKeys (ConfUtils.java:logGet(43)) - raft.server.log.queue.element-limit = 1024 (custom)
2019-10-14 09:23:29,666 [pool-433-thread-1] INFO  server.RaftServerConfigKeys (ConfUtils.java:logGet(43)) - raft.server.log.segment.size.max = 1048576 (custom)
2019-10-14 09:23:29,666 [pool-413-thread-1] INFO  server.RaftServerConfigKeys (ConfUtils.java:logGet(43)) - raft.server.log.segment.size.max = 1048576 (custom)
2019-10-14 09:23:29,667 [pool-433-thread-1] INFO  server.RaftServerConfigKeys (ConfUtils.java:logGet(43)) - raft.server.log.preallocated.size = 16384 (custom)
2019-10-14 09:23:29,667 [pool-413-thread-1] INFO  server.RaftServerConfigKeys (ConfUtils.java:logGet(43)) - raft.server.log.preallocated.size = 16384 (custom)
2019-10-14 09:23:29,667 [pool-433-thread-1] INFO  server.RaftServerConfigKeys (ConfUtils.java:logGet(43)) - raft.server.log.write.buffer.size = 33554432 (custom)
2019-10-14 09:23:29,667 [pool-413-thread-1] INFO  server.RaftServerConfigKeys (ConfUtils.java:logGet(43)) - raft.server.log.write.buffer.size = 33554432 (custom)
2019-10-14 09:23:29,667 [pool-433-thread-1] INFO  server.RaftServerConfigKeys (ConfUtils.java:logGet(43)) - raft.server.log.force.sync.num = 128 (default)
2019-10-14 09:23:29,667 [pool-413-thread-1] INFO  server.RaftServerConfigKeys (ConfUtils.java:logGet(43)) - raft.server.log.force.sync.num = 128 (default)
2019-10-14 09:23:29,667 [pool-433-thread-1] INFO  server.RaftServerConfigKeys (ConfUtils.java:logGet(43)) - raft.server.log.statemachine.data.sync = true (default)
2019-10-14 09:23:29,667 [pool-413-thread-1] INFO  server.RaftServerConfigKeys (ConfUtils.java:logGet(43)) - raft.server.log.statemachine.data.sync = true (default)
2019-10-14 09:23:29,667 [pool-433-thread-1] INFO  server.RaftServerConfigKeys (ConfUtils.java:logGet(43)) - raft.server.log.statemachine.data.sync.timeout = 10s (default)
2019-10-14 09:23:29,667 [pool-413-thread-1] INFO  server.RaftServerConfigKeys (ConfUtils.java:logGet(43)) - raft.server.log.statemachine.data.sync.timeout = 10s (default)
2019-10-14 09:23:29,668 [pool-433-thread-1] INFO  server.RaftServerConfigKeys (ConfUtils.java:logGet(43)) - raft.server.log.statemachine.data.sync.timeout.retry = -1 (default)
2019-10-14 09:23:29,668 [pool-413-thread-1] INFO  server.RaftServerConfigKeys (ConfUtils.java:logGet(43)) - raft.server.log.statemachine.data.sync.timeout.retry = -1 (default)
2019-10-14 09:23:29,668 [pool-433-thread-1] INFO  server.RaftServerConfigKeys (ConfUtils.java:logGet(43)) - raft.server.log.statemachine.data.caching.enabled = true (custom)
2019-10-14 09:23:29,668 [pool-413-thread-1] INFO  server.RaftServerConfigKeys (ConfUtils.java:logGet(43)) - raft.server.log.statemachine.data.caching.enabled = true (custom)
2019-10-14 09:23:29,674 [pool-433-thread-1] INFO  segmented.SegmentedRaftLogWorker (SegmentedRaftLogWorker.java:lambda$new$0(132)) - ff8cf76f-81bb-40fb-9266-fb490038af97@group-005C3F463849-SegmentedRaftLogWorker: flushIndex: setUnconditionally 0 -> -1
2019-10-14 09:23:29,674 [pool-423-thread-1] INFO  segmented.SegmentedRaftLogWorker (SegmentedRaftLogWorker.java:lambda$new$0(132)) - f21c5b87-272d-4473-86ef-15bafd2985f9@group-005C3F463849-SegmentedRaftLogWorker: flushIndex: setUnconditionally 0 -> -1
2019-10-14 09:23:29,674 [pool-413-thread-1] INFO  segmented.SegmentedRaftLogWorker (SegmentedRaftLogWorker.java:lambda$new$0(132)) - 03fab2fb-e7d4-4e78-a4c4-f6863ac12e1f@group-005C3F463849-SegmentedRaftLogWorker: flushIndex: setUnconditionally 0 -> -1
2019-10-14 09:23:29,674 [pool-433-thread-1] INFO  server.RaftServerConfigKeys (ConfUtils.java:logGet(43)) - raft.server.snapshot.auto.trigger.enabled = true (custom)
2019-10-14 09:23:29,674 [pool-433-thread-1] INFO  server.RaftServerConfigKeys (ConfUtils.java:logGet(43)) - raft.server.snapshot.auto.trigger.threshold = 10000 (custom)
2019-10-14 09:23:29,674 [pool-423-thread-1] INFO  server.RaftServerConfigKeys (ConfUtils.java:logGet(43)) - raft.server.snapshot.auto.trigger.enabled = true (custom)
2019-10-14 09:23:29,674 [pool-413-thread-1] INFO  server.RaftServerConfigKeys (ConfUtils.java:logGet(43)) - raft.server.snapshot.auto.trigger.enabled = true (custom)
2019-10-14 09:23:29,674 [pool-433-thread-1] INFO  server.RaftServerConfigKeys (ConfUtils.java:logGet(43)) - raft.server.snapshot.retention.num.files = 5 (custom)
2019-10-14 09:23:29,675 [pool-413-thread-1] INFO  server.RaftServerConfigKeys (ConfUtils.java:logGet(43)) - raft.server.snapshot.auto.trigger.threshold = 10000 (custom)
2019-10-14 09:23:29,675 [pool-423-thread-1] INFO  server.RaftServerConfigKeys (ConfUtils.java:logGet(43)) - raft.server.snapshot.auto.trigger.threshold = 10000 (custom)
2019-10-14 09:23:29,675 [pool-413-thread-1] INFO  server.RaftServerConfigKeys (ConfUtils.java:logGet(43)) - raft.server.snapshot.retention.num.files = 5 (custom)
2019-10-14 09:23:29,675 [pool-433-thread-1] INFO  server.RaftServerConfigKeys (ConfUtils.java:logGet(43)) - raft.server.retrycache.expirytime = 600000ms (custom)
2019-10-14 09:23:29,675 [pool-413-thread-1] INFO  server.RaftServerConfigKeys (ConfUtils.java:logGet(43)) - raft.server.retrycache.expirytime = 600000ms (custom)
2019-10-14 09:23:29,675 [pool-423-thread-1] INFO  server.RaftServerConfigKeys (ConfUtils.java:logGet(43)) - raft.server.snapshot.retention.num.files = 5 (custom)
2019-10-14 09:23:29,676 [pool-423-thread-1] INFO  server.RaftServerConfigKeys (ConfUtils.java:logGet(43)) - raft.server.retrycache.expirytime = 600000ms (custom)
2019-10-14 09:23:29,678 [pool-433-thread-1] INFO  impl.RaftServerImpl (RaftServerImpl.java:start(185)) - ff8cf76f-81bb-40fb-9266-fb490038af97@group-005C3F463849: start as a follower, conf=-1: [03fab2fb-e7d4-4e78-a4c4-f6863ac12e1f:192.168.164.214:33299, ff8cf76f-81bb-40fb-9266-fb490038af97:192.168.164.214:45617, f21c5b87-272d-4473-86ef-15bafd2985f9:192.168.164.214:40223], old=null
2019-10-14 09:23:29,678 [pool-433-thread-1] INFO  impl.RaftServerImpl (RaftServerImpl.java:setRole(174)) - ff8cf76f-81bb-40fb-9266-fb490038af97@group-005C3F463849: changes role from      null to FOLLOWER at term 0 for startAsFollower
2019-10-14 09:23:29,678 [pool-433-thread-1] INFO  impl.RoleInfo (RoleInfo.java:updateAndGet(143)) - ff8cf76f-81bb-40fb-9266-fb490038af97: start FollowerState
2019-10-14 09:23:29,679 [pool-433-thread-1] INFO  util.JmxRegister (JmxRegister.java:tryRegister(44)) - Successfully registered JMX Bean with object name Ratis:service=RaftServer,group=group-005C3F463849,id=ff8cf76f-81bb-40fb-9266-fb490038af97
2019-10-14 09:23:29,679 [pool-413-thread-1] INFO  impl.RaftServerImpl (RaftServerImpl.java:start(185)) - 03fab2fb-e7d4-4e78-a4c4-f6863ac12e1f@group-005C3F463849: start as a follower, conf=-1: [03fab2fb-e7d4-4e78-a4c4-f6863ac12e1f:192.168.164.214:33299, ff8cf76f-81bb-40fb-9266-fb490038af97:192.168.164.214:45617, f21c5b87-272d-4473-86ef-15bafd2985f9:192.168.164.214:40223], old=null
2019-10-14 09:23:29,679 [pool-413-thread-1] INFO  impl.RaftServerImpl (RaftServerImpl.java:setRole(174)) - 03fab2fb-e7d4-4e78-a4c4-f6863ac12e1f@group-005C3F463849: changes role from      null to FOLLOWER at term 0 for startAsFollower
2019-10-14 09:23:29,679 [pool-423-thread-1] INFO  impl.RaftServerImpl (RaftServerImpl.java:start(185)) - f21c5b87-272d-4473-86ef-15bafd2985f9@group-005C3F463849: start as a follower, conf=-1: [03fab2fb-e7d4-4e78-a4c4-f6863ac12e1f:192.168.164.214:33299, ff8cf76f-81bb-40fb-9266-fb490038af97:192.168.164.214:45617, f21c5b87-272d-4473-86ef-15bafd2985f9:192.168.164.214:40223], old=null
2019-10-14 09:23:29,679 [pool-413-thread-1] INFO  impl.RoleInfo (RoleInfo.java:updateAndGet(143)) - 03fab2fb-e7d4-4e78-a4c4-f6863ac12e1f: start FollowerState
2019-10-14 09:23:29,679 [pool-423-thread-1] INFO  impl.RaftServerImpl (RaftServerImpl.java:setRole(174)) - f21c5b87-272d-4473-86ef-15bafd2985f9@group-005C3F463849: changes role from      null to FOLLOWER at term 0 for startAsFollower
2019-10-14 09:23:29,679 [pool-413-thread-1] INFO  util.JmxRegister (JmxRegister.java:tryRegister(44)) - Successfully registered JMX Bean with object name Ratis:service=RaftServer,group=group-005C3F463849,id=03fab2fb-e7d4-4e78-a4c4-f6863ac12e1f
2019-10-14 09:23:29,679 [pool-423-thread-1] INFO  impl.RoleInfo (RoleInfo.java:updateAndGet(143)) - f21c5b87-272d-4473-86ef-15bafd2985f9: start FollowerState
2019-10-14 09:23:29,680 [pool-423-thread-1] INFO  util.JmxRegister (JmxRegister.java:tryRegister(44)) - Successfully registered JMX Bean with object name Ratis:service=RaftServer,group=group-005C3F463849,id=f21c5b87-272d-4473-86ef-15bafd2985f9
2019-10-14 09:23:29,682 [RatisPipelineUtilsThread] INFO  pipeline.PipelineStateManager (PipelineStateManager.java:addPipeline(56)) - Created pipeline Pipeline[ Id: ab544538-64b3-43a6-9365-005c3f463849, Nodes: f21c5b87-272d-4473-86ef-15bafd2985f9{ip: 192.168.164.214, host: pr-hdds-1569-vp9xg-4248047660, networkLocation: /default-rack, certSerialId: null}03fab2fb-e7d4-4e78-a4c4-f6863ac12e1f{ip: 192.168.164.214, host: pr-hdds-1569-vp9xg-4248047660, networkLocation: /default-rack, certSerialId: null}ff8cf76f-81bb-40fb-9266-fb490038af97{ip: 192.168.164.214, host: pr-hdds-1569-vp9xg-4248047660, networkLocation: /default-rack, certSerialId: null}, Type:RATIS, Factor:THREE, State:OPEN]
2019-10-14 09:23:29,685 [grpc-default-executor-10] INFO  impl.RaftServerProxy (RaftServerProxy.java:addNew(89)) - ff8cf76f-81bb-40fb-9266-fb490038af97: addNew group-B4F666F35DD2:[03fab2fb-e7d4-4e78-a4c4-f6863ac12e1f:192.168.164.214:33299, ff8cf76f-81bb-40fb-9266-fb490038af97:192.168.164.214:45617, f21c5b87-272d-4473-86ef-15bafd2985f9:192.168.164.214:40223] returns group-B4F666F35DD2:java.util.concurrent.CompletableFuture@c44d60e[Not completed]
2019-10-14 09:23:29,685 [grpc-default-executor-4] INFO  impl.RaftServerProxy (RaftServerProxy.java:addNew(89)) - 03fab2fb-e7d4-4e78-a4c4-f6863ac12e1f: addNew group-B4F666F35DD2:[03fab2fb-e7d4-4e78-a4c4-f6863ac12e1f:192.168.164.214:33299, ff8cf76f-81bb-40fb-9266-fb490038af97:192.168.164.214:45617, f21c5b87-272d-4473-86ef-15bafd2985f9:192.168.164.214:40223] returns group-B4F666F35DD2:java.util.concurrent.CompletableFuture@4df2e672[Not completed]
2019-10-14 09:23:29,685 [grpc-default-executor-3] INFO  impl.RaftServerProxy (RaftServerProxy.java:addNew(89)) - f21c5b87-272d-4473-86ef-15bafd2985f9: addNew group-B4F666F35DD2:[03fab2fb-e7d4-4e78-a4c4-f6863ac12e1f:192.168.164.214:33299, ff8cf76f-81bb-40fb-9266-fb490038af97:192.168.164.214:45617, f21c5b87-272d-4473-86ef-15bafd2985f9:192.168.164.214:40223] returns group-B4F666F35DD2:java.util.concurrent.CompletableFuture@6020deef[Not completed]
2019-10-14 09:23:29,686 [pool-433-thread-1] INFO  impl.RaftServerImpl (RaftServerImpl.java:<init>(95)) - ff8cf76f-81bb-40fb-9266-fb490038af97: new RaftServerImpl for group-B4F666F35DD2:[03fab2fb-e7d4-4e78-a4c4-f6863ac12e1f:192.168.164.214:33299, ff8cf76f-81bb-40fb-9266-fb490038af97:192.168.164.214:45617, f21c5b87-272d-4473-86ef-15bafd2985f9:192.168.164.214:40223] with ContainerStateMachine:uninitialized
2019-10-14 09:23:29,686 [pool-433-thread-1] INFO  server.RaftServerConfigKeys (ConfUtils.java:logGet(43)) - raft.server.rpc.timeout.min = 5s (custom)
2019-10-14 09:23:29,686 [pool-433-thread-1] INFO  server.RaftServerConfigKeys (ConfUtils.java:logGet(43)) - raft.server.rpc.timeout.max = 5200ms (custom)
2019-10-14 09:23:29,686 [pool-433-thread-1] INFO  server.RaftServerConfigKeys (ConfUtils.java:logGet(43)) - raft.server.rpcslowness.timeout = 120s (custom)
2019-10-14 09:23:29,686 [pool-433-thread-1] INFO  server.RaftServerConfigKeys (ConfUtils.java:logGet(43)) - raft.server.sleep.deviation.threshold = 300 (default)
2019-10-14 09:23:29,686 [pool-433-thread-1] INFO  server.RaftServerConfigKeys (ConfUtils.java:logGet(43)) - raft.server.log.appender.install.snapshot.enabled = false (custom)
2019-10-14 09:23:29,686 [pool-433-thread-1] INFO  impl.RaftServerImpl (ServerState.java:<init>(103)) - ff8cf76f-81bb-40fb-9266-fb490038af97@group-B4F666F35DD2: ConfigurationManager, init=-1: [03fab2fb-e7d4-4e78-a4c4-f6863ac12e1f:192.168.164.214:33299, ff8cf76f-81bb-40fb-9266-fb490038af97:192.168.164.214:45617, f21c5b87-272d-4473-86ef-15bafd2985f9:192.168.164.214:40223], old=null, confs=<EMPTY_MAP>
2019-10-14 09:23:29,686 [pool-423-thread-1] INFO  impl.RaftServerImpl (RaftServerImpl.java:<init>(95)) - f21c5b87-272d-4473-86ef-15bafd2985f9: new RaftServerImpl for group-B4F666F35DD2:[03fab2fb-e7d4-4e78-a4c4-f6863ac12e1f:192.168.164.214:33299, ff8cf76f-81bb-40fb-9266-fb490038af97:192.168.164.214:45617, f21c5b87-272d-4473-86ef-15bafd2985f9:192.168.164.214:40223] with ContainerStateMachine:uninitialized
2019-10-14 09:23:29,686 [pool-433-thread-1] INFO  server.RaftServerConfigKeys (ConfUtils.java:logGet(43)) - raft.server.storage.dir = [/workdir/hadoop-ozone/integration-test/target/test-dir/MiniOzoneClusterImpl-404eb741-03bf-48e0-a9fb-0e06e39ca081/datanode-5/data/ratis] (custom)
2019-10-14 09:23:29,686 [pool-423-thread-1] INFO  server.RaftServerConfigKeys (ConfUtils.java:logGet(43)) - raft.server.rpc.timeout.min = 5s (custom)
2019-10-14 09:23:29,686 [pool-433-thread-1] INFO  storage.RaftStorageDirectory (RaftStorageDirectory.java:analyzeStorage(246)) - The storage directory /workdir/hadoop-ozone/integration-test/target/test-dir/MiniOzoneClusterImpl-404eb741-03bf-48e0-a9fb-0e06e39ca081/datanode-5/data/ratis/117ca33b-a563-48c3-984a-b4f666f35dd2 does not exist. Creating ...
2019-10-14 09:23:29,687 [pool-423-thread-1] INFO  server.RaftServerConfigKeys (ConfUtils.java:logGet(43)) - raft.server.rpc.timeout.max = 5200ms (custom)
2019-10-14 09:23:29,687 [pool-413-thread-1] INFO  impl.RaftServerImpl (RaftServerImpl.java:<init>(95)) - 03fab2fb-e7d4-4e78-a4c4-f6863ac12e1f: new RaftServerImpl for group-B4F666F35DD2:[03fab2fb-e7d4-4e78-a4c4-f6863ac12e1f:192.168.164.214:33299, ff8cf76f-81bb-40fb-9266-fb490038af97:192.168.164.214:45617, f21c5b87-272d-4473-86ef-15bafd2985f9:192.168.164.214:40223] with ContainerStateMachine:uninitialized
2019-10-14 09:23:29,687 [pool-423-thread-1] INFO  server.RaftServerConfigKeys (ConfUtils.java:logGet(43)) - raft.server.rpcslowness.timeout = 120s (custom)
2019-10-14 09:23:29,687 [pool-413-thread-1] INFO  server.RaftServerConfigKeys (ConfUtils.java:logGet(43)) - raft.server.rpc.timeout.min = 5s (custom)
2019-10-14 09:23:29,687 [pool-423-thread-1] INFO  server.RaftServerConfigKeys (ConfUtils.java:logGet(43)) - raft.server.sleep.deviation.threshold = 300 (default)
2019-10-14 09:23:29,687 [pool-413-thread-1] INFO  server.RaftServerConfigKeys (ConfUtils.java:logGet(43)) - raft.server.rpc.timeout.max = 5200ms (custom)
2019-10-14 09:23:29,687 [pool-423-thread-1] INFO  server.RaftServerConfigKeys (ConfUtils.java:logGet(43)) - raft.server.log.appender.install.snapshot.enabled = false (custom)
2019-10-14 09:23:29,687 [pool-413-thread-1] INFO  server.RaftServerConfigKeys (ConfUtils.java:logGet(43)) - raft.server.rpcslowness.timeout = 120s (custom)
2019-10-14 09:23:29,688 [pool-423-thread-1] INFO  impl.RaftServerImpl (ServerState.java:<init>(103)) - f21c5b87-272d-4473-86ef-15bafd2985f9@group-B4F666F35DD2: ConfigurationManager, init=-1: [03fab2fb-e7d4-4e78-a4c4-f6863ac12e1f:192.168.164.214:33299, ff8cf76f-81bb-40fb-9266-fb490038af97:192.168.164.214:45617, f21c5b87-272d-4473-86ef-15bafd2985f9:192.168.164.214:40223], old=null, confs=<EMPTY_MAP>
2019-10-14 09:23:29,688 [pool-413-thread-1] INFO  server.RaftServerConfigKeys (ConfUtils.java:logGet(43)) - raft.server.sleep.deviation.threshold = 300 (default)
2019-10-14 09:23:29,688 [pool-423-thread-1] INFO  server.RaftServerConfigKeys (ConfUtils.java:logGet(43)) - raft.server.storage.dir = [/workdir/hadoop-ozone/integration-test/target/test-dir/MiniOzoneClusterImpl-404eb741-03bf-48e0-a9fb-0e06e39ca081/datanode-4/data/ratis] (custom)
2019-10-14 09:23:29,688 [pool-413-thread-1] INFO  server.RaftServerConfigKeys (ConfUtils.java:logGet(43)) - raft.server.log.appender.install.snapshot.enabled = false (custom)
2019-10-14 09:23:29,688 [pool-413-thread-1] INFO  impl.RaftServerImpl (ServerState.java:<init>(103)) - 03fab2fb-e7d4-4e78-a4c4-f6863ac12e1f@group-B4F666F35DD2: ConfigurationManager, init=-1: [03fab2fb-e7d4-4e78-a4c4-f6863ac12e1f:192.168.164.214:33299, ff8cf76f-81bb-40fb-9266-fb490038af97:192.168.164.214:45617, f21c5b87-272d-4473-86ef-15bafd2985f9:192.168.164.214:40223], old=null, confs=<EMPTY_MAP>
2019-10-14 09:23:29,688 [pool-423-thread-1] INFO  storage.RaftStorageDirectory (RaftStorageDirectory.java:analyzeStorage(246)) - The storage directory /workdir/hadoop-ozone/integration-test/target/test-dir/MiniOzoneClusterImpl-404eb741-03bf-48e0-a9fb-0e06e39ca081/datanode-4/data/ratis/117ca33b-a563-48c3-984a-b4f666f35dd2 does not exist. Creating ...
2019-10-14 09:23:29,689 [pool-413-thread-1] INFO  server.RaftServerConfigKeys (ConfUtils.java:logGet(43)) - raft.server.storage.dir = [/workdir/hadoop-ozone/integration-test/target/test-dir/MiniOzoneClusterImpl-404eb741-03bf-48e0-a9fb-0e06e39ca081/datanode-3/data/ratis] (custom)
2019-10-14 09:23:29,700 [pool-413-thread-1] INFO  storage.RaftStorageDirectory (RaftStorageDirectory.java:analyzeStorage(246)) - The storage directory /workdir/hadoop-ozone/integration-test/target/test-dir/MiniOzoneClusterImpl-404eb741-03bf-48e0-a9fb-0e06e39ca081/datanode-3/data/ratis/117ca33b-a563-48c3-984a-b4f666f35dd2 does not exist. Creating ...
2019-10-14 09:23:29,700 [pool-433-thread-1] INFO  storage.RaftStorageDirectory (RaftStorageDirectory.java:tryLock(328)) - Lock on /workdir/hadoop-ozone/integration-test/target/test-dir/MiniOzoneClusterImpl-404eb741-03bf-48e0-a9fb-0e06e39ca081/datanode-5/data/ratis/117ca33b-a563-48c3-984a-b4f666f35dd2/in_use.lock acquired by nodename 17906@pr-hdds-1569-vp9xg-4248047660
2019-10-14 09:23:29,722 [pool-423-thread-1] INFO  storage.RaftStorageDirectory (RaftStorageDirectory.java:tryLock(328)) - Lock on /workdir/hadoop-ozone/integration-test/target/test-dir/MiniOzoneClusterImpl-404eb741-03bf-48e0-a9fb-0e06e39ca081/datanode-4/data/ratis/117ca33b-a563-48c3-984a-b4f666f35dd2/in_use.lock acquired by nodename 17906@pr-hdds-1569-vp9xg-4248047660
2019-10-14 09:23:29,722 [pool-433-thread-1] INFO  storage.RaftStorage (RaftStorage.java:format(72)) - Storage directory /workdir/hadoop-ozone/integration-test/target/test-dir/MiniOzoneClusterImpl-404eb741-03bf-48e0-a9fb-0e06e39ca081/datanode-5/data/ratis/117ca33b-a563-48c3-984a-b4f666f35dd2 has been successfully formatted.
2019-10-14 09:23:29,722 [pool-413-thread-1] INFO  storage.RaftStorageDirectory (RaftStorageDirectory.java:tryLock(328)) - Lock on /workdir/hadoop-ozone/integration-test/target/test-dir/MiniOzoneClusterImpl-404eb741-03bf-48e0-a9fb-0e06e39ca081/datanode-3/data/ratis/117ca33b-a563-48c3-984a-b4f666f35dd2/in_use.lock acquired by nodename 17906@pr-hdds-1569-vp9xg-4248047660
2019-10-14 09:23:29,723 [pool-433-thread-1] INFO  ratis.ContainerStateMachine (ContainerStateMachine.java:loadSnapshot(230)) - group-B4F666F35DD2: The snapshot info is null. Setting the last applied indexto:(t:0, i:~)
2019-10-14 09:23:29,723 [pool-433-thread-1] INFO  server.RaftServerConfigKeys (ConfUtils.java:logGet(43)) - raft.server.notification.no-leader.timeout = 120s (custom)
2019-10-14 09:23:29,723 [pool-433-thread-1] INFO  server.RaftServerConfigKeys (ConfUtils.java:logGet(43)) - raft.server.log.use.memory = false (default)
2019-10-14 09:23:29,723 [pool-433-thread-1] INFO  server.RaftServerConfigKeys (ConfUtils.java:logGet(43)) - raft.server.log.purge.gap = 1000000 (custom)
2019-10-14 09:23:29,723 [pool-433-thread-1] INFO  server.RaftServerConfigKeys (ConfUtils.java:logGet(43)) - raft.server.log.appender.buffer.byte-limit = 33554432 (custom)
2019-10-14 09:23:29,723 [pool-433-thread-1] INFO  server.RaftServerConfigKeys (ConfUtils.java:logGet(43)) - raft.server.log.segment.size.max = 1048576 (custom)
2019-10-14 09:23:29,723 [pool-433-thread-1] INFO  server.RaftServerConfigKeys (ConfUtils.java:logGet(43)) - raft.server.log.segment.cache.num.max = 2 (custom)
2019-10-14 09:23:29,723 [pool-433-thread-1] INFO  segmented.SegmentedRaftLogWorker (SegmentedRaftLogWorker.java:<init>(172)) - new ff8cf76f-81bb-40fb-9266-fb490038af97@group-B4F666F35DD2-SegmentedRaftLogWorker for RaftStorage:Storage Directory /workdir/hadoop-ozone/integration-test/target/test-dir/MiniOzoneClusterImpl-404eb741-03bf-48e0-a9fb-0e06e39ca081/datanode-5/data/ratis/117ca33b-a563-48c3-984a-b4f666f35dd2
2019-10-14 09:23:29,723 [pool-433-thread-1] INFO  server.RaftServerConfigKeys (ConfUtils.java:logGet(43)) - raft.server.log.queue.byte-limit = 2147483647 (custom)
2019-10-14 09:23:29,724 [pool-433-thread-1] INFO  server.RaftServerConfigKeys (ConfUtils.java:logGet(43)) - raft.server.log.queue.element-limit = 1024 (custom)
2019-10-14 09:23:29,724 [pool-433-thread-1] INFO  server.RaftServerConfigKeys (ConfUtils.java:logGet(43)) - raft.server.log.segment.size.max = 1048576 (custom)
2019-10-14 09:23:29,724 [pool-433-thread-1] INFO  server.RaftServerConfigKeys (ConfUtils.java:logGet(43)) - raft.server.log.preallocated.size = 16384 (custom)
2019-10-14 09:23:29,724 [pool-433-thread-1] INFO  server.RaftServerConfigKeys (ConfUtils.java:logGet(43)) - raft.server.log.write.buffer.size = 33554432 (custom)
2019-10-14 09:23:29,724 [pool-433-thread-1] INFO  server.RaftServerConfigKeys (ConfUtils.java:logGet(43)) - raft.server.log.force.sync.num = 128 (default)
2019-10-14 09:23:29,724 [pool-433-thread-1] INFO  server.RaftServerConfigKeys (ConfUtils.java:logGet(43)) - raft.server.log.statemachine.data.sync = true (default)
2019-10-14 09:23:29,724 [pool-433-thread-1] INFO  server.RaftServerConfigKeys (ConfUtils.java:logGet(43)) - raft.server.log.statemachine.data.sync.timeout = 10s (default)
2019-10-14 09:23:29,724 [pool-433-thread-1] INFO  server.RaftServerConfigKeys (ConfUtils.java:logGet(43)) - raft.server.log.statemachine.data.sync.timeout.retry = -1 (default)
2019-10-14 09:23:29,724 [pool-433-thread-1] INFO  server.RaftServerConfigKeys (ConfUtils.java:logGet(43)) - raft.server.log.statemachine.data.caching.enabled = true (custom)
2019-10-14 09:23:29,724 [pool-433-thread-1] INFO  segmented.SegmentedRaftLogWorker (SegmentedRaftLogWorker.java:lambda$new$0(132)) - ff8cf76f-81bb-40fb-9266-fb490038af97@group-B4F666F35DD2-SegmentedRaftLogWorker: flushIndex: setUnconditionally 0 -> -1
2019-10-14 09:23:29,725 [pool-433-thread-1] INFO  server.RaftServerConfigKeys (ConfUtils.java:logGet(43)) - raft.server.snapshot.auto.trigger.enabled = true (custom)
2019-10-14 09:23:29,725 [pool-433-thread-1] INFO  server.RaftServerConfigKeys (ConfUtils.java:logGet(43)) - raft.server.snapshot.auto.trigger.threshold = 10000 (custom)
2019-10-14 09:23:29,725 [pool-433-thread-1] INFO  server.RaftServerConfigKeys (ConfUtils.java:logGet(43)) - raft.server.snapshot.retention.num.files = 5 (custom)
2019-10-14 09:23:29,725 [pool-433-thread-1] INFO  server.RaftServerConfigKeys (ConfUtils.java:logGet(43)) - raft.server.retrycache.expirytime = 600000ms (custom)
2019-10-14 09:23:29,726 [pool-433-thread-1] INFO  impl.RaftServerImpl (RaftServerImpl.java:start(185)) - ff8cf76f-81bb-40fb-9266-fb490038af97@group-B4F666F35DD2: start as a follower, conf=-1: [03fab2fb-e7d4-4e78-a4c4-f6863ac12e1f:192.168.164.214:33299, ff8cf76f-81bb-40fb-9266-fb490038af97:192.168.164.214:45617, f21c5b87-272d-4473-86ef-15bafd2985f9:192.168.164.214:40223], old=null
2019-10-14 09:23:29,726 [pool-433-thread-1] INFO  impl.RaftServerImpl (RaftServerImpl.java:setRole(174)) - ff8cf76f-81bb-40fb-9266-fb490038af97@group-B4F666F35DD2: changes role from      null to FOLLOWER at term 0 for startAsFollower
2019-10-14 09:23:29,726 [pool-433-thread-1] INFO  impl.RoleInfo (RoleInfo.java:updateAndGet(143)) - ff8cf76f-81bb-40fb-9266-fb490038af97: start FollowerState
2019-10-14 09:23:29,727 [pool-433-thread-1] INFO  util.JmxRegister (JmxRegister.java:tryRegister(44)) - Successfully registered JMX Bean with object name Ratis:service=RaftServer,group=group-B4F666F35DD2,id=ff8cf76f-81bb-40fb-9266-fb490038af97
2019-10-14 09:23:29,746 [pool-413-thread-1] INFO  storage.RaftStorage (RaftStorage.java:format(72)) - Storage directory /workdir/hadoop-ozone/integration-test/target/test-dir/MiniOzoneClusterImpl-404eb741-03bf-48e0-a9fb-0e06e39ca081/datanode-3/data/ratis/117ca33b-a563-48c3-984a-b4f666f35dd2 has been successfully formatted.
2019-10-14 09:23:29,746 [pool-423-thread-1] INFO  storage.RaftStorage (RaftStorage.java:format(72)) - Storage directory /workdir/hadoop-ozone/integration-test/target/test-dir/MiniOzoneClusterImpl-404eb741-03bf-48e0-a9fb-0e06e39ca081/datanode-4/data/ratis/117ca33b-a563-48c3-984a-b4f666f35dd2 has been successfully formatted.
2019-10-14 09:23:29,746 [pool-413-thread-1] INFO  ratis.ContainerStateMachine (ContainerStateMachine.java:loadSnapshot(230)) - group-B4F666F35DD2: The snapshot info is null. Setting the last applied indexto:(t:0, i:~)
2019-10-14 09:23:29,746 [pool-423-thread-1] INFO  ratis.ContainerStateMachine (ContainerStateMachine.java:loadSnapshot(230)) - group-B4F666F35DD2: The snapshot info is null. Setting the last applied indexto:(t:0, i:~)
2019-10-14 09:23:29,746 [pool-413-thread-1] INFO  server.RaftServerConfigKeys (ConfUtils.java:logGet(43)) - raft.server.notification.no-leader.timeout = 120s (custom)
2019-10-14 09:23:29,746 [pool-423-thread-1] INFO  server.RaftServerConfigKeys (ConfUtils.java:logGet(43)) - raft.server.notification.no-leader.timeout = 120s (custom)
2019-10-14 09:23:29,746 [pool-413-thread-1] INFO  server.RaftServerConfigKeys (ConfUtils.java:logGet(43)) - raft.server.log.use.memory = false (default)
2019-10-14 09:23:29,746 [pool-423-thread-1] INFO  server.RaftServerConfigKeys (ConfUtils.java:logGet(43)) - raft.server.log.use.memory = false (default)
2019-10-14 09:23:29,746 [pool-413-thread-1] INFO  server.RaftServerConfigKeys (ConfUtils.java:logGet(43)) - raft.server.log.purge.gap = 1000000 (custom)
2019-10-14 09:23:29,747 [pool-423-thread-1] INFO  server.RaftServerConfigKeys (ConfUtils.java:logGet(43)) - raft.server.log.purge.gap = 1000000 (custom)
2019-10-14 09:23:29,747 [pool-413-thread-1] INFO  server.RaftServerConfigKeys (ConfUtils.java:logGet(43)) - raft.server.log.appender.buffer.byte-limit = 33554432 (custom)
2019-10-14 09:23:29,747 [pool-423-thread-1] INFO  server.RaftServerConfigKeys (ConfUtils.java:logGet(43)) - raft.server.log.appender.buffer.byte-limit = 33554432 (custom)
2019-10-14 09:23:29,747 [pool-413-thread-1] INFO  server.RaftServerConfigKeys (ConfUtils.java:logGet(43)) - raft.server.log.segment.size.max = 1048576 (custom)
2019-10-14 09:23:29,747 [pool-423-thread-1] INFO  server.RaftServerConfigKeys (ConfUtils.java:logGet(43)) - raft.server.log.segment.size.max = 1048576 (custom)
2019-10-14 09:23:29,747 [pool-413-thread-1] INFO  server.RaftServerConfigKeys (ConfUtils.java:logGet(43)) - raft.server.log.segment.cache.num.max = 2 (custom)
2019-10-14 09:23:29,747 [pool-423-thread-1] INFO  server.RaftServerConfigKeys (ConfUtils.java:logGet(43)) - raft.server.log.segment.cache.num.max = 2 (custom)
2019-10-14 09:23:29,747 [pool-413-thread-1] INFO  segmented.SegmentedRaftLogWorker (SegmentedRaftLogWorker.java:<init>(172)) - new 03fab2fb-e7d4-4e78-a4c4-f6863ac12e1f@group-B4F666F35DD2-SegmentedRaftLogWorker for RaftStorage:Storage Directory /workdir/hadoop-ozone/integration-test/target/test-dir/MiniOzoneClusterImpl-404eb741-03bf-48e0-a9fb-0e06e39ca081/datanode-3/data/ratis/117ca33b-a563-48c3-984a-b4f666f35dd2
2019-10-14 09:23:29,747 [pool-423-thread-1] INFO  segmented.SegmentedRaftLogWorker (SegmentedRaftLogWorker.java:<init>(172)) - new f21c5b87-272d-4473-86ef-15bafd2985f9@group-B4F666F35DD2-SegmentedRaftLogWorker for RaftStorage:Storage Directory /workdir/hadoop-ozone/integration-test/target/test-dir/MiniOzoneClusterImpl-404eb741-03bf-48e0-a9fb-0e06e39ca081/datanode-4/data/ratis/117ca33b-a563-48c3-984a-b4f666f35dd2
2019-10-14 09:23:29,747 [pool-413-thread-1] INFO  server.RaftServerConfigKeys (ConfUtils.java:logGet(43)) - raft.server.log.queue.byte-limit = 2147483647 (custom)
2019-10-14 09:23:29,747 [pool-423-thread-1] INFO  server.RaftServerConfigKeys (ConfUtils.java:logGet(43)) - raft.server.log.queue.byte-limit = 2147483647 (custom)
2019-10-14 09:23:29,748 [pool-413-thread-1] INFO  server.RaftServerConfigKeys (ConfUtils.java:logGet(43)) - raft.server.log.queue.element-limit = 1024 (custom)
2019-10-14 09:23:29,748 [pool-423-thread-1] INFO  server.RaftServerConfigKeys (ConfUtils.java:logGet(43)) - raft.server.log.queue.element-limit = 1024 (custom)
2019-10-14 09:23:29,748 [pool-413-thread-1] INFO  server.RaftServerConfigKeys (ConfUtils.java:logGet(43)) - raft.server.log.segment.size.max = 1048576 (custom)
2019-10-14 09:23:29,748 [pool-423-thread-1] INFO  server.RaftServerConfigKeys (ConfUtils.java:logGet(43)) - raft.server.log.segment.size.max = 1048576 (custom)
2019-10-14 09:23:29,748 [pool-413-thread-1] INFO  server.RaftServerConfigKeys (ConfUtils.java:logGet(43)) - raft.server.log.preallocated.size = 16384 (custom)
2019-10-14 09:23:29,748 [pool-423-thread-1] INFO  server.RaftServerConfigKeys (ConfUtils.java:logGet(43)) - raft.server.log.preallocated.size = 16384 (custom)
2019-10-14 09:23:29,748 [pool-413-thread-1] INFO  server.RaftServerConfigKeys (ConfUtils.java:logGet(43)) - raft.server.log.write.buffer.size = 33554432 (custom)
2019-10-14 09:23:29,748 [pool-423-thread-1] INFO  server.RaftServerConfigKeys (ConfUtils.java:logGet(43)) - raft.server.log.write.buffer.size = 33554432 (custom)
2019-10-14 09:23:29,748 [pool-413-thread-1] INFO  server.RaftServerConfigKeys (ConfUtils.java:logGet(43)) - raft.server.log.force.sync.num = 128 (default)
2019-10-14 09:23:29,748 [pool-423-thread-1] INFO  server.RaftServerConfigKeys (ConfUtils.java:logGet(43)) - raft.server.log.force.sync.num = 128 (default)
2019-10-14 09:23:29,749 [pool-413-thread-1] INFO  server.RaftServerConfigKeys (ConfUtils.java:logGet(43)) - raft.server.log.statemachine.data.sync = true (default)
2019-10-14 09:23:29,749 [pool-423-thread-1] INFO  server.RaftServerConfigKeys (ConfUtils.java:logGet(43)) - raft.server.log.statemachine.data.sync = true (default)
2019-10-14 09:23:29,749 [pool-413-thread-1] INFO  server.RaftServerConfigKeys (ConfUtils.java:logGet(43)) - raft.server.log.statemachine.data.sync.timeout = 10s (default)
2019-10-14 09:23:29,749 [pool-423-thread-1] INFO  server.RaftServerConfigKeys (ConfUtils.java:logGet(43)) - raft.server.log.statemachine.data.sync.timeout = 10s (default)
2019-10-14 09:23:29,749 [pool-413-thread-1] INFO  server.RaftServerConfigKeys (ConfUtils.java:logGet(43)) - raft.server.log.statemachine.data.sync.timeout.retry = -1 (default)
2019-10-14 09:23:29,749 [pool-423-thread-1] INFO  server.RaftServerConfigKeys (ConfUtils.java:logGet(43)) - raft.server.log.statemachine.data.sync.timeout.retry = -1 (default)
2019-10-14 09:23:29,749 [pool-413-thread-1] INFO  server.RaftServerConfigKeys (ConfUtils.java:logGet(43)) - raft.server.log.statemachine.data.caching.enabled = true (custom)
2019-10-14 09:23:29,749 [pool-423-thread-1] INFO  server.RaftServerConfigKeys (ConfUtils.java:logGet(43)) - raft.server.log.statemachine.data.caching.enabled = true (custom)
2019-10-14 09:23:29,749 [pool-413-thread-1] INFO  segmented.SegmentedRaftLogWorker (SegmentedRaftLogWorker.java:lambda$new$0(132)) - 03fab2fb-e7d4-4e78-a4c4-f6863ac12e1f@group-B4F666F35DD2-SegmentedRaftLogWorker: flushIndex: setUnconditionally 0 -> -1
2019-10-14 09:23:29,750 [pool-423-thread-1] INFO  segmented.SegmentedRaftLogWorker (SegmentedRaftLogWorker.java:lambda$new$0(132)) - f21c5b87-272d-4473-86ef-15bafd2985f9@group-B4F666F35DD2-SegmentedRaftLogWorker: flushIndex: setUnconditionally 0 -> -1
2019-10-14 09:23:29,750 [pool-413-thread-1] INFO  server.RaftServerConfigKeys (ConfUtils.java:logGet(43)) - raft.server.snapshot.auto.trigger.enabled = true (custom)
2019-10-14 09:23:29,750 [pool-423-thread-1] INFO  server.RaftServerConfigKeys (ConfUtils.java:logGet(43)) - raft.server.snapshot.auto.trigger.enabled = true (custom)
2019-10-14 09:23:29,750 [pool-413-thread-1] INFO  server.RaftServerConfigKeys (ConfUtils.java:logGet(43)) - raft.server.snapshot.auto.trigger.threshold = 10000 (custom)
2019-10-14 09:23:29,750 [pool-423-thread-1] INFO  server.RaftServerConfigKeys (ConfUtils.java:logGet(43)) - raft.server.snapshot.auto.trigger.threshold = 10000 (custom)
2019-10-14 09:23:29,750 [pool-413-thread-1] INFO  server.RaftServerConfigKeys (ConfUtils.java:logGet(43)) - raft.server.snapshot.retention.num.files = 5 (custom)
2019-10-14 09:23:29,750 [pool-423-thread-1] INFO  server.RaftServerConfigKeys (ConfUtils.java:logGet(43)) - raft.server.snapshot.retention.num.files = 5 (custom)
2019-10-14 09:23:29,750 [pool-413-thread-1] INFO  server.RaftServerConfigKeys (ConfUtils.java:logGet(43)) - raft.server.retrycache.expirytime = 600000ms (custom)
2019-10-14 09:23:29,750 [pool-423-thread-1] INFO  server.RaftServerConfigKeys (ConfUtils.java:logGet(43)) - raft.server.retrycache.expirytime = 600000ms (custom)
2019-10-14 09:23:29,752 [pool-413-thread-1] INFO  impl.RaftServerImpl (RaftServerImpl.java:start(185)) - 03fab2fb-e7d4-4e78-a4c4-f6863ac12e1f@group-B4F666F35DD2: start as a follower, conf=-1: [03fab2fb-e7d4-4e78-a4c4-f6863ac12e1f:192.168.164.214:33299, ff8cf76f-81bb-40fb-9266-fb490038af97:192.168.164.214:45617, f21c5b87-272d-4473-86ef-15bafd2985f9:192.168.164.214:40223], old=null
2019-10-14 09:23:29,752 [pool-413-thread-1] INFO  impl.RaftServerImpl (RaftServerImpl.java:setRole(174)) - 03fab2fb-e7d4-4e78-a4c4-f6863ac12e1f@group-B4F666F35DD2: changes role from      null to FOLLOWER at term 0 for startAsFollower
2019-10-14 09:23:29,752 [pool-413-thread-1] INFO  impl.RoleInfo (RoleInfo.java:updateAndGet(143)) - 03fab2fb-e7d4-4e78-a4c4-f6863ac12e1f: start FollowerState
2019-10-14 09:23:29,752 [pool-423-thread-1] INFO  impl.RaftServerImpl (RaftServerImpl.java:start(185)) - f21c5b87-272d-4473-86ef-15bafd2985f9@group-B4F666F35DD2: start as a follower, conf=-1: [03fab2fb-e7d4-4e78-a4c4-f6863ac12e1f:192.168.164.214:33299, ff8cf76f-81bb-40fb-9266-fb490038af97:192.168.164.214:45617, f21c5b87-272d-4473-86ef-15bafd2985f9:192.168.164.214:40223], old=null
2019-10-14 09:23:29,752 [pool-423-thread-1] INFO  impl.RaftServerImpl (RaftServerImpl.java:setRole(174)) - f21c5b87-272d-4473-86ef-15bafd2985f9@group-B4F666F35DD2: changes role from      null to FOLLOWER at term 0 for startAsFollower
2019-10-14 09:23:29,763 [pool-413-thread-1] INFO  util.JmxRegister (JmxRegister.java:tryRegister(44)) - Successfully registered JMX Bean with object name Ratis:service=RaftServer,group=group-B4F666F35DD2,id=03fab2fb-e7d4-4e78-a4c4-f6863ac12e1f
2019-10-14 09:23:29,763 [pool-423-thread-1] INFO  impl.RoleInfo (RoleInfo.java:updateAndGet(143)) - f21c5b87-272d-4473-86ef-15bafd2985f9: start FollowerState
2019-10-14 09:23:29,763 [pool-423-thread-1] INFO  util.JmxRegister (JmxRegister.java:tryRegister(44)) - Successfully registered JMX Bean with object name Ratis:service=RaftServer,group=group-B4F666F35DD2,id=f21c5b87-272d-4473-86ef-15bafd2985f9
2019-10-14 09:23:29,774 [RatisPipelineUtilsThread] INFO  pipeline.PipelineStateManager (PipelineStateManager.java:addPipeline(56)) - Created pipeline Pipeline[ Id: 117ca33b-a563-48c3-984a-b4f666f35dd2, Nodes: ff8cf76f-81bb-40fb-9266-fb490038af97{ip: 192.168.164.214, host: pr-hdds-1569-vp9xg-4248047660, networkLocation: /default-rack, certSerialId: null}03fab2fb-e7d4-4e78-a4c4-f6863ac12e1f{ip: 192.168.164.214, host: pr-hdds-1569-vp9xg-4248047660, networkLocation: /default-rack, certSerialId: null}f21c5b87-272d-4473-86ef-15bafd2985f9{ip: 192.168.164.214, host: pr-hdds-1569-vp9xg-4248047660, networkLocation: /default-rack, certSerialId: null}, Type:RATIS, Factor:THREE, State:OPEN]
2019-10-14 09:23:29,774 [RatisPipelineUtilsThread] INFO  pipeline.PipelinePlacementPolicy (PipelinePlacementPolicy.java:meetCriteria(104)) - Pipeline Placement: can't place more pipeline on heavy datanode： 03fab2fb-e7d4-4e78-a4c4-f6863ac12e1f Heaviness: 5 limit: 5
2019-10-14 09:23:29,779 [grpc-default-executor-4] INFO  impl.RaftServerProxy (RaftServerProxy.java:addNew(89)) - ff8cf76f-81bb-40fb-9266-fb490038af97: addNew group-055E57217CE7:[ff8cf76f-81bb-40fb-9266-fb490038af97:192.168.164.214:45617, f21c5b87-272d-4473-86ef-15bafd2985f9:192.168.164.214:40223, 866eb045-3bfb-47dc-a4c6-3505e598a7c3:192.168.164.214:38008] returns group-055E57217CE7:java.util.concurrent.CompletableFuture@11f774f8[Not completed]
2019-10-14 09:23:29,779 [grpc-default-executor-10] INFO  impl.RaftServerProxy (RaftServerProxy.java:addNew(89)) - 866eb045-3bfb-47dc-a4c6-3505e598a7c3: addNew group-055E57217CE7:[ff8cf76f-81bb-40fb-9266-fb490038af97:192.168.164.214:45617, f21c5b87-272d-4473-86ef-15bafd2985f9:192.168.164.214:40223, 866eb045-3bfb-47dc-a4c6-3505e598a7c3:192.168.164.214:38008] returns group-055E57217CE7:java.util.concurrent.CompletableFuture@3653c8ea[Not completed]
2019-10-14 09:23:29,779 [grpc-default-executor-3] INFO  impl.RaftServerProxy (RaftServerProxy.java:addNew(89)) - f21c5b87-272d-4473-86ef-15bafd2985f9: addNew group-055E57217CE7:[ff8cf76f-81bb-40fb-9266-fb490038af97:192.168.164.214:45617, f21c5b87-272d-4473-86ef-15bafd2985f9:192.168.164.214:40223, 866eb045-3bfb-47dc-a4c6-3505e598a7c3:192.168.164.214:38008] returns group-055E57217CE7:java.util.concurrent.CompletableFuture@41f86a1d[Not completed]
2019-10-14 09:23:29,781 [pool-433-thread-1] INFO  impl.RaftServerImpl (RaftServerImpl.java:<init>(95)) - ff8cf76f-81bb-40fb-9266-fb490038af97: new RaftServerImpl for group-055E57217CE7:[ff8cf76f-81bb-40fb-9266-fb490038af97:192.168.164.214:45617, f21c5b87-272d-4473-86ef-15bafd2985f9:192.168.164.214:40223, 866eb045-3bfb-47dc-a4c6-3505e598a7c3:192.168.164.214:38008] with ContainerStateMachine:uninitialized
2019-10-14 09:23:29,781 [pool-433-thread-1] INFO  server.RaftServerConfigKeys (ConfUtils.java:logGet(43)) - raft.server.rpc.timeout.min = 5s (custom)
2019-10-14 09:23:29,781 [pool-433-thread-1] INFO  server.RaftServerConfigKeys (ConfUtils.java:logGet(43)) - raft.server.rpc.timeout.max = 5200ms (custom)
2019-10-14 09:23:29,781 [pool-433-thread-1] INFO  server.RaftServerConfigKeys (ConfUtils.java:logGet(43)) - raft.server.rpcslowness.timeout = 120s (custom)
2019-10-14 09:23:29,781 [pool-433-thread-1] INFO  server.RaftServerConfigKeys (ConfUtils.java:logGet(43)) - raft.server.sleep.deviation.threshold = 300 (default)
2019-10-14 09:23:29,781 [pool-433-thread-1] INFO  server.RaftServerConfigKeys (ConfUtils.java:logGet(43)) - raft.server.log.appender.install.snapshot.enabled = false (custom)
2019-10-14 09:23:29,781 [pool-433-thread-1] INFO  impl.RaftServerImpl (ServerState.java:<init>(103)) - ff8cf76f-81bb-40fb-9266-fb490038af97@group-055E57217CE7: ConfigurationManager, init=-1: [ff8cf76f-81bb-40fb-9266-fb490038af97:192.168.164.214:45617, f21c5b87-272d-4473-86ef-15bafd2985f9:192.168.164.214:40223, 866eb045-3bfb-47dc-a4c6-3505e598a7c3:192.168.164.214:38008], old=null, confs=<EMPTY_MAP>
2019-10-14 09:23:29,781 [pool-433-thread-1] INFO  server.RaftServerConfigKeys (ConfUtils.java:logGet(43)) - raft.server.storage.dir = [/workdir/hadoop-ozone/integration-test/target/test-dir/MiniOzoneClusterImpl-404eb741-03bf-48e0-a9fb-0e06e39ca081/datanode-5/data/ratis] (custom)
2019-10-14 09:23:29,781 [pool-423-thread-1] INFO  impl.RaftServerImpl (RaftServerImpl.java:<init>(95)) - f21c5b87-272d-4473-86ef-15bafd2985f9: new RaftServerImpl for group-055E57217CE7:[ff8cf76f-81bb-40fb-9266-fb490038af97:192.168.164.214:45617, f21c5b87-272d-4473-86ef-15bafd2985f9:192.168.164.214:40223, 866eb045-3bfb-47dc-a4c6-3505e598a7c3:192.168.164.214:38008] with ContainerStateMachine:uninitialized
2019-10-14 09:23:29,781 [pool-433-thread-1] INFO  storage.RaftStorageDirectory (RaftStorageDirectory.java:analyzeStorage(246)) - The storage directory /workdir/hadoop-ozone/integration-test/target/test-dir/MiniOzoneClusterImpl-404eb741-03bf-48e0-a9fb-0e06e39ca081/datanode-5/data/ratis/4a80bb27-4b40-45e6-a766-055e57217ce7 does not exist. Creating ...
2019-10-14 09:23:29,782 [pool-423-thread-1] INFO  server.RaftServerConfigKeys (ConfUtils.java:logGet(43)) - raft.server.rpc.timeout.min = 5s (custom)
2019-10-14 09:23:29,782 [pool-423-thread-1] INFO  server.RaftServerConfigKeys (ConfUtils.java:logGet(43)) - raft.server.rpc.timeout.max = 5200ms (custom)
2019-10-14 09:23:29,782 [pool-423-thread-1] INFO  server.RaftServerConfigKeys (ConfUtils.java:logGet(43)) - raft.server.rpcslowness.timeout = 120s (custom)
2019-10-14 09:23:29,782 [pool-383-thread-1] INFO  impl.RaftServerImpl (RaftServerImpl.java:<init>(95)) - 866eb045-3bfb-47dc-a4c6-3505e598a7c3: new RaftServerImpl for group-055E57217CE7:[ff8cf76f-81bb-40fb-9266-fb490038af97:192.168.164.214:45617, f21c5b87-272d-4473-86ef-15bafd2985f9:192.168.164.214:40223, 866eb045-3bfb-47dc-a4c6-3505e598a7c3:192.168.164.214:38008] with ContainerStateMachine:uninitialized
2019-10-14 09:23:29,782 [pool-423-thread-1] INFO  server.RaftServerConfigKeys (ConfUtils.java:logGet(43)) - raft.server.sleep.deviation.threshold = 300 (default)
2019-10-14 09:23:29,782 [pool-383-thread-1] INFO  server.RaftServerConfigKeys (ConfUtils.java:logGet(43)) - raft.server.rpc.timeout.min = 5s (custom)
2019-10-14 09:23:29,782 [pool-423-thread-1] INFO  server.RaftServerConfigKeys (ConfUtils.java:logGet(43)) - raft.server.log.appender.install.snapshot.enabled = false (custom)
2019-10-14 09:23:29,782 [pool-383-thread-1] INFO  server.RaftServerConfigKeys (ConfUtils.java:logGet(43)) - raft.server.rpc.timeout.max = 5200ms (custom)
2019-10-14 09:23:29,783 [pool-423-thread-1] INFO  impl.RaftServerImpl (ServerState.java:<init>(103)) - f21c5b87-272d-4473-86ef-15bafd2985f9@group-055E57217CE7: ConfigurationManager, init=-1: [ff8cf76f-81bb-40fb-9266-fb490038af97:192.168.164.214:45617, f21c5b87-272d-4473-86ef-15bafd2985f9:192.168.164.214:40223, 866eb045-3bfb-47dc-a4c6-3505e598a7c3:192.168.164.214:38008], old=null, confs=<EMPTY_MAP>
2019-10-14 09:23:29,783 [pool-383-thread-1] INFO  server.RaftServerConfigKeys (ConfUtils.java:logGet(43)) - raft.server.rpcslowness.timeout = 120s (custom)
2019-10-14 09:23:29,783 [pool-423-thread-1] INFO  server.RaftServerConfigKeys (ConfUtils.java:logGet(43)) - raft.server.storage.dir = [/workdir/hadoop-ozone/integration-test/target/test-dir/MiniOzoneClusterImpl-404eb741-03bf-48e0-a9fb-0e06e39ca081/datanode-4/data/ratis] (custom)
2019-10-14 09:23:29,783 [pool-383-thread-1] INFO  server.RaftServerConfigKeys (ConfUtils.java:logGet(43)) - raft.server.sleep.deviation.threshold = 300 (default)
2019-10-14 09:23:29,783 [pool-383-thread-1] INFO  server.RaftServerConfigKeys (ConfUtils.java:logGet(43)) - raft.server.log.appender.install.snapshot.enabled = false (custom)
2019-10-14 09:23:29,783 [pool-423-thread-1] INFO  storage.RaftStorageDirectory (RaftStorageDirectory.java:analyzeStorage(246)) - The storage directory /workdir/hadoop-ozone/integration-test/target/test-dir/MiniOzoneClusterImpl-404eb741-03bf-48e0-a9fb-0e06e39ca081/datanode-4/data/ratis/4a80bb27-4b40-45e6-a766-055e57217ce7 does not exist. Creating ...
2019-10-14 09:23:29,783 [pool-383-thread-1] INFO  impl.RaftServerImpl (ServerState.java:<init>(103)) - 866eb045-3bfb-47dc-a4c6-3505e598a7c3@group-055E57217CE7: ConfigurationManager, init=-1: [ff8cf76f-81bb-40fb-9266-fb490038af97:192.168.164.214:45617, f21c5b87-272d-4473-86ef-15bafd2985f9:192.168.164.214:40223, 866eb045-3bfb-47dc-a4c6-3505e598a7c3:192.168.164.214:38008], old=null, confs=<EMPTY_MAP>
2019-10-14 09:23:29,784 [pool-383-thread-1] INFO  server.RaftServerConfigKeys (ConfUtils.java:logGet(43)) - raft.server.storage.dir = [/workdir/hadoop-ozone/integration-test/target/test-dir/MiniOzoneClusterImpl-404eb741-03bf-48e0-a9fb-0e06e39ca081/datanode-0/data/ratis] (custom)
2019-10-14 09:23:29,784 [pool-383-thread-1] INFO  storage.RaftStorageDirectory (RaftStorageDirectory.java:analyzeStorage(246)) - The storage directory /workdir/hadoop-ozone/integration-test/target/test-dir/MiniOzoneClusterImpl-404eb741-03bf-48e0-a9fb-0e06e39ca081/datanode-0/data/ratis/4a80bb27-4b40-45e6-a766-055e57217ce7 does not exist. Creating ...
2019-10-14 09:23:29,819 [pool-433-thread-1] INFO  storage.RaftStorageDirectory (RaftStorageDirectory.java:tryLock(328)) - Lock on /workdir/hadoop-ozone/integration-test/target/test-dir/MiniOzoneClusterImpl-404eb741-03bf-48e0-a9fb-0e06e39ca081/datanode-5/data/ratis/4a80bb27-4b40-45e6-a766-055e57217ce7/in_use.lock acquired by nodename 17906@pr-hdds-1569-vp9xg-4248047660
2019-10-14 09:23:29,819 [pool-423-thread-1] INFO  storage.RaftStorageDirectory (RaftStorageDirectory.java:tryLock(328)) - Lock on /workdir/hadoop-ozone/integration-test/target/test-dir/MiniOzoneClusterImpl-404eb741-03bf-48e0-a9fb-0e06e39ca081/datanode-4/data/ratis/4a80bb27-4b40-45e6-a766-055e57217ce7/in_use.lock acquired by nodename 17906@pr-hdds-1569-vp9xg-4248047660
2019-10-14 09:23:29,819 [pool-383-thread-1] INFO  storage.RaftStorageDirectory (RaftStorageDirectory.java:tryLock(328)) - Lock on /workdir/hadoop-ozone/integration-test/target/test-dir/MiniOzoneClusterImpl-404eb741-03bf-48e0-a9fb-0e06e39ca081/datanode-0/data/ratis/4a80bb27-4b40-45e6-a766-055e57217ce7/in_use.lock acquired by nodename 17906@pr-hdds-1569-vp9xg-4248047660
2019-10-14 09:23:29,845 [pool-433-thread-1] INFO  storage.RaftStorage (RaftStorage.java:format(72)) - Storage directory /workdir/hadoop-ozone/integration-test/target/test-dir/MiniOzoneClusterImpl-404eb741-03bf-48e0-a9fb-0e06e39ca081/datanode-5/data/ratis/4a80bb27-4b40-45e6-a766-055e57217ce7 has been successfully formatted.
2019-10-14 09:23:29,845 [pool-423-thread-1] INFO  storage.RaftStorage (RaftStorage.java:format(72)) - Storage directory /workdir/hadoop-ozone/integration-test/target/test-dir/MiniOzoneClusterImpl-404eb741-03bf-48e0-a9fb-0e06e39ca081/datanode-4/data/ratis/4a80bb27-4b40-45e6-a766-055e57217ce7 has been successfully formatted.
2019-10-14 09:23:29,845 [pool-383-thread-1] INFO  storage.RaftStorage (RaftStorage.java:format(72)) - Storage directory /workdir/hadoop-ozone/integration-test/target/test-dir/MiniOzoneClusterImpl-404eb741-03bf-48e0-a9fb-0e06e39ca081/datanode-0/data/ratis/4a80bb27-4b40-45e6-a766-055e57217ce7 has been successfully formatted.
2019-10-14 09:23:29,845 [pool-433-thread-1] INFO  ratis.ContainerStateMachine (ContainerStateMachine.java:loadSnapshot(230)) - group-055E57217CE7: The snapshot info is null. Setting the last applied indexto:(t:0, i:~)
2019-10-14 09:23:29,845 [pool-383-thread-1] INFO  ratis.ContainerStateMachine (ContainerStateMachine.java:loadSnapshot(230)) - group-055E57217CE7: The snapshot info is null. Setting the last applied indexto:(t:0, i:~)
2019-10-14 09:23:29,845 [pool-423-thread-1] INFO  ratis.ContainerStateMachine (ContainerStateMachine.java:loadSnapshot(230)) - group-055E57217CE7: The snapshot info is null. Setting the last applied indexto:(t:0, i:~)
2019-10-14 09:23:29,845 [pool-383-thread-1] INFO  server.RaftServerConfigKeys (ConfUtils.java:logGet(43)) - raft.server.notification.no-leader.timeout = 120s (custom)
2019-10-14 09:23:29,845 [pool-433-thread-1] INFO  server.RaftServerConfigKeys (ConfUtils.java:logGet(43)) - raft.server.notification.no-leader.timeout = 120s (custom)
2019-10-14 09:23:29,846 [pool-383-thread-1] INFO  server.RaftServerConfigKeys (ConfUtils.java:logGet(43)) - raft.server.log.use.memory = false (default)
2019-10-14 09:23:29,846 [pool-423-thread-1] INFO  server.RaftServerConfigKeys (ConfUtils.java:logGet(43)) - raft.server.notification.no-leader.timeout = 120s (custom)
2019-10-14 09:23:29,846 [pool-383-thread-1] INFO  server.RaftServerConfigKeys (ConfUtils.java:logGet(43)) - raft.server.log.purge.gap = 1000000 (custom)
2019-10-14 09:23:29,846 [pool-433-thread-1] INFO  server.RaftServerConfigKeys (ConfUtils.java:logGet(43)) - raft.server.log.use.memory = false (default)
2019-10-14 09:23:29,846 [pool-383-thread-1] INFO  server.RaftServerConfigKeys (ConfUtils.java:logGet(43)) - raft.server.log.appender.buffer.byte-limit = 33554432 (custom)
2019-10-14 09:23:29,846 [pool-423-thread-1] INFO  server.RaftServerConfigKeys (ConfUtils.java:logGet(43)) - raft.server.log.use.memory = false (default)
2019-10-14 09:23:29,846 [pool-383-thread-1] INFO  server.RaftServerConfigKeys (ConfUtils.java:logGet(43)) - raft.server.log.segment.size.max = 1048576 (custom)
2019-10-14 09:23:29,846 [pool-433-thread-1] INFO  server.RaftServerConfigKeys (ConfUtils.java:logGet(43)) - raft.server.log.purge.gap = 1000000 (custom)
2019-10-14 09:23:29,846 [pool-383-thread-1] INFO  server.RaftServerConfigKeys (ConfUtils.java:logGet(43)) - raft.server.log.segment.cache.num.max = 2 (custom)
2019-10-14 09:23:29,846 [pool-423-thread-1] INFO  server.RaftServerConfigKeys (ConfUtils.java:logGet(43)) - raft.server.log.purge.gap = 1000000 (custom)
2019-10-14 09:23:29,847 [pool-383-thread-1] INFO  segmented.SegmentedRaftLogWorker (SegmentedRaftLogWorker.java:<init>(172)) - new 866eb045-3bfb-47dc-a4c6-3505e598a7c3@group-055E57217CE7-SegmentedRaftLogWorker for RaftStorage:Storage Directory /workdir/hadoop-ozone/integration-test/target/test-dir/MiniOzoneClusterImpl-404eb741-03bf-48e0-a9fb-0e06e39ca081/datanode-0/data/ratis/4a80bb27-4b40-45e6-a766-055e57217ce7
2019-10-14 09:23:29,847 [pool-433-thread-1] INFO  server.RaftServerConfigKeys (ConfUtils.java:logGet(43)) - raft.server.log.appender.buffer.byte-limit = 33554432 (custom)
2019-10-14 09:23:29,847 [pool-383-thread-1] INFO  server.RaftServerConfigKeys (ConfUtils.java:logGet(43)) - raft.server.log.queue.byte-limit = 2147483647 (custom)
2019-10-14 09:23:29,847 [pool-423-thread-1] INFO  server.RaftServerConfigKeys (ConfUtils.java:logGet(43)) - raft.server.log.appender.buffer.byte-limit = 33554432 (custom)
2019-10-14 09:23:29,847 [pool-383-thread-1] INFO  server.RaftServerConfigKeys (ConfUtils.java:logGet(43)) - raft.server.log.queue.element-limit = 1024 (custom)
2019-10-14 09:23:29,847 [pool-433-thread-1] INFO  server.RaftServerConfigKeys (ConfUtils.java:logGet(43)) - raft.server.log.segment.size.max = 1048576 (custom)
2019-10-14 09:23:29,847 [pool-383-thread-1] INFO  server.RaftServerConfigKeys (ConfUtils.java:logGet(43)) - raft.server.log.segment.size.max = 1048576 (custom)
2019-10-14 09:23:29,847 [pool-423-thread-1] INFO  server.RaftServerConfigKeys (ConfUtils.java:logGet(43)) - raft.server.log.segment.size.max = 1048576 (custom)
2019-10-14 09:23:29,848 [pool-383-thread-1] INFO  server.RaftServerConfigKeys (ConfUtils.java:logGet(43)) - raft.server.log.preallocated.size = 16384 (custom)
2019-10-14 09:23:29,847 [pool-433-thread-1] INFO  server.RaftServerConfigKeys (ConfUtils.java:logGet(43)) - raft.server.log.segment.cache.num.max = 2 (custom)
2019-10-14 09:23:29,848 [pool-383-thread-1] INFO  server.RaftServerConfigKeys (ConfUtils.java:logGet(43)) - raft.server.log.write.buffer.size = 33554432 (custom)
2019-10-14 09:23:29,848 [pool-423-thread-1] INFO  server.RaftServerConfigKeys (ConfUtils.java:logGet(43)) - raft.server.log.segment.cache.num.max = 2 (custom)
2019-10-14 09:23:29,848 [pool-383-thread-1] INFO  server.RaftServerConfigKeys (ConfUtils.java:logGet(43)) - raft.server.log.force.sync.num = 128 (default)
2019-10-14 09:23:29,848 [pool-433-thread-1] INFO  segmented.SegmentedRaftLogWorker (SegmentedRaftLogWorker.java:<init>(172)) - new ff8cf76f-81bb-40fb-9266-fb490038af97@group-055E57217CE7-SegmentedRaftLogWorker for RaftStorage:Storage Directory /workdir/hadoop-ozone/integration-test/target/test-dir/MiniOzoneClusterImpl-404eb741-03bf-48e0-a9fb-0e06e39ca081/datanode-5/data/ratis/4a80bb27-4b40-45e6-a766-055e57217ce7
2019-10-14 09:23:29,848 [pool-383-thread-1] INFO  server.RaftServerConfigKeys (ConfUtils.java:logGet(43)) - raft.server.log.statemachine.data.sync = true (default)
2019-10-14 09:23:29,848 [pool-423-thread-1] INFO  segmented.SegmentedRaftLogWorker (SegmentedRaftLogWorker.java:<init>(172)) - new f21c5b87-272d-4473-86ef-15bafd2985f9@group-055E57217CE7-SegmentedRaftLogWorker for RaftStorage:Storage Directory /workdir/hadoop-ozone/integration-test/target/test-dir/MiniOzoneClusterImpl-404eb741-03bf-48e0-a9fb-0e06e39ca081/datanode-4/data/ratis/4a80bb27-4b40-45e6-a766-055e57217ce7
2019-10-14 09:23:29,848 [pool-383-thread-1] INFO  server.RaftServerConfigKeys (ConfUtils.java:logGet(43)) - raft.server.log.statemachine.data.sync.timeout = 10s (default)
2019-10-14 09:23:29,848 [pool-433-thread-1] INFO  server.RaftServerConfigKeys (ConfUtils.java:logGet(43)) - raft.server.log.queue.byte-limit = 2147483647 (custom)
2019-10-14 09:23:29,849 [pool-383-thread-1] INFO  server.RaftServerConfigKeys (ConfUtils.java:logGet(43)) - raft.server.log.statemachine.data.sync.timeout.retry = -1 (default)
2019-10-14 09:23:29,849 [pool-423-thread-1] INFO  server.RaftServerConfigKeys (ConfUtils.java:logGet(43)) - raft.server.log.queue.byte-limit = 2147483647 (custom)
2019-10-14 09:23:29,849 [pool-383-thread-1] INFO  server.RaftServerConfigKeys (ConfUtils.java:logGet(43)) - raft.server.log.statemachine.data.caching.enabled = true (custom)
2019-10-14 09:23:29,849 [pool-433-thread-1] INFO  server.RaftServerConfigKeys (ConfUtils.java:logGet(43)) - raft.server.log.queue.element-limit = 1024 (custom)
2019-10-14 09:23:29,849 [pool-433-thread-1] INFO  server.RaftServerConfigKeys (ConfUtils.java:logGet(43)) - raft.server.log.segment.size.max = 1048576 (custom)
2019-10-14 09:23:29,849 [pool-423-thread-1] INFO  server.RaftServerConfigKeys (ConfUtils.java:logGet(43)) - raft.server.log.queue.element-limit = 1024 (custom)
2019-10-14 09:23:29,849 [pool-433-thread-1] INFO  server.RaftServerConfigKeys (ConfUtils.java:logGet(43)) - raft.server.log.preallocated.size = 16384 (custom)
2019-10-14 09:23:29,849 [pool-383-thread-1] INFO  segmented.SegmentedRaftLogWorker (SegmentedRaftLogWorker.java:lambda$new$0(132)) - 866eb045-3bfb-47dc-a4c6-3505e598a7c3@group-055E57217CE7-SegmentedRaftLogWorker: flushIndex: setUnconditionally 0 -> -1
2019-10-14 09:23:29,850 [pool-433-thread-1] INFO  server.RaftServerConfigKeys (ConfUtils.java:logGet(43)) - raft.server.log.write.buffer.size = 33554432 (custom)
2019-10-14 09:23:29,850 [pool-433-thread-1] INFO  server.RaftServerConfigKeys (ConfUtils.java:logGet(43)) - raft.server.log.force.sync.num = 128 (default)
2019-10-14 09:23:29,850 [pool-423-thread-1] INFO  server.RaftServerConfigKeys (ConfUtils.java:logGet(43)) - raft.server.log.segment.size.max = 1048576 (custom)
2019-10-14 09:23:29,850 [pool-433-thread-1] INFO  server.RaftServerConfigKeys (ConfUtils.java:logGet(43)) - raft.server.log.statemachine.data.sync = true (default)
2019-10-14 09:23:29,850 [pool-383-thread-1] INFO  server.RaftServerConfigKeys (ConfUtils.java:logGet(43)) - raft.server.snapshot.auto.trigger.enabled = true (custom)
2019-10-14 09:23:29,850 [pool-433-thread-1] INFO  server.RaftServerConfigKeys (ConfUtils.java:logGet(43)) - raft.server.log.statemachine.data.sync.timeout = 10s (default)
2019-10-14 09:23:29,850 [pool-423-thread-1] INFO  server.RaftServerConfigKeys (ConfUtils.java:logGet(43)) - raft.server.log.preallocated.size = 16384 (custom)
2019-10-14 09:23:29,850 [pool-433-thread-1] INFO  server.RaftServerConfigKeys (ConfUtils.java:logGet(43)) - raft.server.log.statemachine.data.sync.timeout.retry = -1 (default)
2019-10-14 09:23:29,850 [pool-383-thread-1] INFO  server.RaftServerConfigKeys (ConfUtils.java:logGet(43)) - raft.server.snapshot.auto.trigger.threshold = 10000 (custom)
2019-10-14 09:23:29,851 [pool-433-thread-1] INFO  server.RaftServerConfigKeys (ConfUtils.java:logGet(43)) - raft.server.log.statemachine.data.caching.enabled = true (custom)
2019-10-14 09:23:29,851 [pool-423-thread-1] INFO  server.RaftServerConfigKeys (ConfUtils.java:logGet(43)) - raft.server.log.write.buffer.size = 33554432 (custom)
2019-10-14 09:23:29,851 [pool-383-thread-1] INFO  server.RaftServerConfigKeys (ConfUtils.java:logGet(43)) - raft.server.snapshot.retention.num.files = 5 (custom)
2019-10-14 09:23:29,851 [pool-433-thread-1] INFO  segmented.SegmentedRaftLogWorker (SegmentedRaftLogWorker.java:lambda$new$0(132)) - ff8cf76f-81bb-40fb-9266-fb490038af97@group-055E57217CE7-SegmentedRaftLogWorker: flushIndex: setUnconditionally 0 -> -1
2019-10-14 09:23:29,851 [pool-423-thread-1] INFO  server.RaftServerConfigKeys (ConfUtils.java:logGet(43)) - raft.server.log.force.sync.num = 128 (default)
2019-10-14 09:23:29,851 [pool-383-thread-1] INFO  server.RaftServerConfigKeys (ConfUtils.java:logGet(43)) - raft.server.retrycache.expirytime = 600000ms (custom)
2019-10-14 09:23:29,851 [pool-423-thread-1] INFO  server.RaftServerConfigKeys (ConfUtils.java:logGet(43)) - raft.server.log.statemachine.data.sync = true (default)
2019-10-14 09:23:29,851 [pool-433-thread-1] INFO  server.RaftServerConfigKeys (ConfUtils.java:logGet(43)) - raft.server.snapshot.auto.trigger.enabled = true (custom)
2019-10-14 09:23:29,851 [pool-423-thread-1] INFO  server.RaftServerConfigKeys (ConfUtils.java:logGet(43)) - raft.server.log.statemachine.data.sync.timeout = 10s (default)
2019-10-14 09:23:29,852 [pool-433-thread-1] INFO  server.RaftServerConfigKeys (ConfUtils.java:logGet(43)) - raft.server.snapshot.auto.trigger.threshold = 10000 (custom)
2019-10-14 09:23:29,852 [pool-423-thread-1] INFO  server.RaftServerConfigKeys (ConfUtils.java:logGet(43)) - raft.server.log.statemachine.data.sync.timeout.retry = -1 (default)
2019-10-14 09:23:29,852 [pool-433-thread-1] INFO  server.RaftServerConfigKeys (ConfUtils.java:logGet(43)) - raft.server.snapshot.retention.num.files = 5 (custom)
2019-10-14 09:23:29,852 [pool-423-thread-1] INFO  server.RaftServerConfigKeys (ConfUtils.java:logGet(43)) - raft.server.log.statemachine.data.caching.enabled = true (custom)
2019-10-14 09:23:29,852 [pool-433-thread-1] INFO  server.RaftServerConfigKeys (ConfUtils.java:logGet(43)) - raft.server.retrycache.expirytime = 600000ms (custom)
2019-10-14 09:23:29,852 [pool-423-thread-1] INFO  segmented.SegmentedRaftLogWorker (SegmentedRaftLogWorker.java:lambda$new$0(132)) - f21c5b87-272d-4473-86ef-15bafd2985f9@group-055E57217CE7-SegmentedRaftLogWorker: flushIndex: setUnconditionally 0 -> -1
2019-10-14 09:23:29,852 [pool-423-thread-1] INFO  server.RaftServerConfigKeys (ConfUtils.java:logGet(43)) - raft.server.snapshot.auto.trigger.enabled = true (custom)
2019-10-14 09:23:29,853 [pool-423-thread-1] INFO  server.RaftServerConfigKeys (ConfUtils.java:logGet(43)) - raft.server.snapshot.auto.trigger.threshold = 10000 (custom)
2019-10-14 09:23:29,853 [pool-423-thread-1] INFO  server.RaftServerConfigKeys (ConfUtils.java:logGet(43)) - raft.server.snapshot.retention.num.files = 5 (custom)
2019-10-14 09:23:29,853 [pool-423-thread-1] INFO  server.RaftServerConfigKeys (ConfUtils.java:logGet(43)) - raft.server.retrycache.expirytime = 600000ms (custom)
2019-10-14 09:23:29,853 [pool-383-thread-1] INFO  impl.RaftServerImpl (RaftServerImpl.java:start(185)) - 866eb045-3bfb-47dc-a4c6-3505e598a7c3@group-055E57217CE7: start as a follower, conf=-1: [ff8cf76f-81bb-40fb-9266-fb490038af97:192.168.164.214:45617, f21c5b87-272d-4473-86ef-15bafd2985f9:192.168.164.214:40223, 866eb045-3bfb-47dc-a4c6-3505e598a7c3:192.168.164.214:38008], old=null
2019-10-14 09:23:29,853 [pool-383-thread-1] INFO  impl.RaftServerImpl (RaftServerImpl.java:setRole(174)) - 866eb045-3bfb-47dc-a4c6-3505e598a7c3@group-055E57217CE7: changes role from      null to FOLLOWER at term 0 for startAsFollower
2019-10-14 09:23:29,853 [pool-383-thread-1] INFO  impl.RoleInfo (RoleInfo.java:updateAndGet(143)) - 866eb045-3bfb-47dc-a4c6-3505e598a7c3: start FollowerState
2019-10-14 09:23:29,853 [pool-383-thread-1] INFO  util.JmxRegister (JmxRegister.java:tryRegister(44)) - Successfully registered JMX Bean with object name Ratis:service=RaftServer,group=group-055E57217CE7,id=866eb045-3bfb-47dc-a4c6-3505e598a7c3
2019-10-14 09:23:29,854 [pool-433-thread-1] INFO  impl.RaftServerImpl (RaftServerImpl.java:start(185)) - ff8cf76f-81bb-40fb-9266-fb490038af97@group-055E57217CE7: start as a follower, conf=-1: [ff8cf76f-81bb-40fb-9266-fb490038af97:192.168.164.214:45617, f21c5b87-272d-4473-86ef-15bafd2985f9:192.168.164.214:40223, 866eb045-3bfb-47dc-a4c6-3505e598a7c3:192.168.164.214:38008], old=null
2019-10-14 09:23:29,854 [pool-433-thread-1] INFO  impl.RaftServerImpl (RaftServerImpl.java:setRole(174)) - ff8cf76f-81bb-40fb-9266-fb490038af97@group-055E57217CE7: changes role from      null to FOLLOWER at term 0 for startAsFollower
2019-10-14 09:23:29,854 [pool-433-thread-1] INFO  impl.RoleInfo (RoleInfo.java:updateAndGet(143)) - ff8cf76f-81bb-40fb-9266-fb490038af97: start FollowerState
2019-10-14 09:23:29,854 [pool-433-thread-1] INFO  util.JmxRegister (JmxRegister.java:tryRegister(44)) - Successfully registered JMX Bean with object name Ratis:service=RaftServer,group=group-055E57217CE7,id=ff8cf76f-81bb-40fb-9266-fb490038af97
2019-10-14 09:23:29,854 [pool-423-thread-1] INFO  impl.RaftServerImpl (RaftServerImpl.java:start(185)) - f21c5b87-272d-4473-86ef-15bafd2985f9@group-055E57217CE7: start as a follower, conf=-1: [ff8cf76f-81bb-40fb-9266-fb490038af97:192.168.164.214:45617, f21c5b87-272d-4473-86ef-15bafd2985f9:192.168.164.214:40223, 866eb045-3bfb-47dc-a4c6-3505e598a7c3:192.168.164.214:38008], old=null
2019-10-14 09:23:29,855 [pool-423-thread-1] INFO  impl.RaftServerImpl (RaftServerImpl.java:setRole(174)) - f21c5b87-272d-4473-86ef-15bafd2985f9@group-055E57217CE7: changes role from      null to FOLLOWER at term 0 for startAsFollower
2019-10-14 09:23:29,855 [pool-423-thread-1] INFO  impl.RoleInfo (RoleInfo.java:updateAndGet(143)) - f21c5b87-272d-4473-86ef-15bafd2985f9: start FollowerState
2019-10-14 09:23:29,855 [pool-423-thread-1] INFO  util.JmxRegister (JmxRegister.java:tryRegister(44)) - Successfully registered JMX Bean with object name Ratis:service=RaftServer,group=group-055E57217CE7,id=f21c5b87-272d-4473-86ef-15bafd2985f9
2019-10-14 09:23:29,857 [RatisPipelineUtilsThread] INFO  pipeline.PipelineStateManager (PipelineStateManager.java:addPipeline(56)) - Created pipeline Pipeline[ Id: 4a80bb27-4b40-45e6-a766-055e57217ce7, Nodes: 866eb045-3bfb-47dc-a4c6-3505e598a7c3{ip: 192.168.164.214, host: pr-hdds-1569-vp9xg-4248047660, networkLocation: /default-rack, certSerialId: null}f21c5b87-272d-4473-86ef-15bafd2985f9{ip: 192.168.164.214, host: pr-hdds-1569-vp9xg-4248047660, networkLocation: /default-rack, certSerialId: null}ff8cf76f-81bb-40fb-9266-fb490038af97{ip: 192.168.164.214, host: pr-hdds-1569-vp9xg-4248047660, networkLocation: /default-rack, certSerialId: null}, Type:RATIS, Factor:THREE, State:OPEN]
2019-10-14 09:23:29,857 [RatisPipelineUtilsThread] INFO  pipeline.PipelinePlacementPolicy (PipelinePlacementPolicy.java:meetCriteria(104)) - Pipeline Placement: can't place more pipeline on heavy datanode： f21c5b87-272d-4473-86ef-15bafd2985f9 Heaviness: 5 limit: 5
2019-10-14 09:23:29,857 [RatisPipelineUtilsThread] INFO  pipeline.PipelinePlacementPolicy (PipelinePlacementPolicy.java:meetCriteria(104)) - Pipeline Placement: can't place more pipeline on heavy datanode： 03fab2fb-e7d4-4e78-a4c4-f6863ac12e1f Heaviness: 5 limit: 5
2019-10-14 09:23:29,857 [RatisPipelineUtilsThread] INFO  pipeline.PipelinePlacementPolicy (PipelinePlacementPolicy.java:meetCriteria(104)) - Pipeline Placement: can't place more pipeline on heavy datanode： 866eb045-3bfb-47dc-a4c6-3505e598a7c3 Heaviness: 5 limit: 5
2019-10-14 09:23:29,866 [grpc-default-executor-3] INFO  impl.RaftServerProxy (RaftServerProxy.java:addNew(89)) - c6f466fb-6021-469a-9685-fe99611c8ad0: addNew group-1311D66F9C25:[ff8cf76f-81bb-40fb-9266-fb490038af97:192.168.164.214:45617, c6f466fb-6021-469a-9685-fe99611c8ad0:192.168.164.214:41555, cf77b951-1220-4844-8605-1ea68060b59b:192.168.164.214:39644] returns group-1311D66F9C25:java.util.concurrent.CompletableFuture@11ef558c[Not completed]
2019-10-14 09:23:29,866 [grpc-default-executor-4] INFO  impl.RaftServerProxy (RaftServerProxy.java:addNew(89)) - ff8cf76f-81bb-40fb-9266-fb490038af97: addNew group-1311D66F9C25:[ff8cf76f-81bb-40fb-9266-fb490038af97:192.168.164.214:45617, c6f466fb-6021-469a-9685-fe99611c8ad0:192.168.164.214:41555, cf77b951-1220-4844-8605-1ea68060b59b:192.168.164.214:39644] returns group-1311D66F9C25:java.util.concurrent.CompletableFuture@57638a01[Not completed]
2019-10-14 09:23:29,867 [grpc-default-executor-10] INFO  impl.RaftServerProxy (RaftServerProxy.java:addNew(89)) - cf77b951-1220-4844-8605-1ea68060b59b: addNew group-1311D66F9C25:[ff8cf76f-81bb-40fb-9266-fb490038af97:192.168.164.214:45617, c6f466fb-6021-469a-9685-fe99611c8ad0:192.168.164.214:41555, cf77b951-1220-4844-8605-1ea68060b59b:192.168.164.214:39644] returns group-1311D66F9C25:java.util.concurrent.CompletableFuture@2ecc7714[Not completed]
2019-10-14 09:23:29,867 [pool-433-thread-1] INFO  impl.RaftServerImpl (RaftServerImpl.java:<init>(95)) - ff8cf76f-81bb-40fb-9266-fb490038af97: new RaftServerImpl for group-1311D66F9C25:[ff8cf76f-81bb-40fb-9266-fb490038af97:192.168.164.214:45617, c6f466fb-6021-469a-9685-fe99611c8ad0:192.168.164.214:41555, cf77b951-1220-4844-8605-1ea68060b59b:192.168.164.214:39644] with ContainerStateMachine:uninitialized
2019-10-14 09:23:29,867 [pool-433-thread-1] INFO  server.RaftServerConfigKeys (ConfUtils.java:logGet(43)) - raft.server.rpc.timeout.min = 5s (custom)
2019-10-14 09:23:29,867 [pool-433-thread-1] INFO  server.RaftServerConfigKeys (ConfUtils.java:logGet(43)) - raft.server.rpc.timeout.max = 5200ms (custom)
2019-10-14 09:23:29,868 [pool-433-thread-1] INFO  server.RaftServerConfigKeys (ConfUtils.java:logGet(43)) - raft.server.rpcslowness.timeout = 120s (custom)
2019-10-14 09:23:29,868 [pool-433-thread-1] INFO  server.RaftServerConfigKeys (ConfUtils.java:logGet(43)) - raft.server.sleep.deviation.threshold = 300 (default)
2019-10-14 09:23:29,868 [pool-433-thread-1] INFO  server.RaftServerConfigKeys (ConfUtils.java:logGet(43)) - raft.server.log.appender.install.snapshot.enabled = false (custom)
2019-10-14 09:23:29,868 [pool-393-thread-1] INFO  impl.RaftServerImpl (RaftServerImpl.java:<init>(95)) - cf77b951-1220-4844-8605-1ea68060b59b: new RaftServerImpl for group-1311D66F9C25:[ff8cf76f-81bb-40fb-9266-fb490038af97:192.168.164.214:45617, c6f466fb-6021-469a-9685-fe99611c8ad0:192.168.164.214:41555, cf77b951-1220-4844-8605-1ea68060b59b:192.168.164.214:39644] with ContainerStateMachine:uninitialized
2019-10-14 09:23:29,868 [pool-433-thread-1] INFO  impl.RaftServerImpl (ServerState.java:<init>(103)) - ff8cf76f-81bb-40fb-9266-fb490038af97@group-1311D66F9C25: ConfigurationManager, init=-1: [ff8cf76f-81bb-40fb-9266-fb490038af97:192.168.164.214:45617, c6f466fb-6021-469a-9685-fe99611c8ad0:192.168.164.214:41555, cf77b951-1220-4844-8605-1ea68060b59b:192.168.164.214:39644], old=null, confs=<EMPTY_MAP>
2019-10-14 09:23:29,868 [pool-393-thread-1] INFO  server.RaftServerConfigKeys (ConfUtils.java:logGet(43)) - raft.server.rpc.timeout.min = 5s (custom)
2019-10-14 09:23:29,868 [pool-433-thread-1] INFO  server.RaftServerConfigKeys (ConfUtils.java:logGet(43)) - raft.server.storage.dir = [/workdir/hadoop-ozone/integration-test/target/test-dir/MiniOzoneClusterImpl-404eb741-03bf-48e0-a9fb-0e06e39ca081/datanode-5/data/ratis] (custom)
2019-10-14 09:23:29,868 [pool-393-thread-1] INFO  server.RaftServerConfigKeys (ConfUtils.java:logGet(43)) - raft.server.rpc.timeout.max = 5200ms (custom)
2019-10-14 09:23:29,868 [pool-443-thread-1] INFO  impl.RaftServerImpl (RaftServerImpl.java:<init>(95)) - c6f466fb-6021-469a-9685-fe99611c8ad0: new RaftServerImpl for group-1311D66F9C25:[ff8cf76f-81bb-40fb-9266-fb490038af97:192.168.164.214:45617, c6f466fb-6021-469a-9685-fe99611c8ad0:192.168.164.214:41555, cf77b951-1220-4844-8605-1ea68060b59b:192.168.164.214:39644] with ContainerStateMachine:uninitialized
2019-10-14 09:23:29,868 [pool-433-thread-1] INFO  storage.RaftStorageDirectory (RaftStorageDirectory.java:analyzeStorage(246)) - The storage directory /workdir/hadoop-ozone/integration-test/target/test-dir/MiniOzoneClusterImpl-404eb741-03bf-48e0-a9fb-0e06e39ca081/datanode-5/data/ratis/5a5528a3-98fc-4355-85c3-1311d66f9c25 does not exist. Creating ...
2019-10-14 09:23:29,868 [pool-393-thread-1] INFO  server.RaftServerConfigKeys (ConfUtils.java:logGet(43)) - raft.server.rpcslowness.timeout = 120s (custom)
2019-10-14 09:23:29,868 [pool-443-thread-1] INFO  server.RaftServerConfigKeys (ConfUtils.java:logGet(43)) - raft.server.rpc.timeout.min = 5s (custom)
2019-10-14 09:23:29,869 [pool-393-thread-1] INFO  server.RaftServerConfigKeys (ConfUtils.java:logGet(43)) - raft.server.sleep.deviation.threshold = 300 (default)
2019-10-14 09:23:29,869 [pool-443-thread-1] INFO  server.RaftServerConfigKeys (ConfUtils.java:logGet(43)) - raft.server.rpc.timeout.max = 5200ms (custom)
2019-10-14 09:23:29,869 [pool-393-thread-1] INFO  server.RaftServerConfigKeys (ConfUtils.java:logGet(43)) - raft.server.log.appender.install.snapshot.enabled = false (custom)
2019-10-14 09:23:29,869 [pool-443-thread-1] INFO  server.RaftServerConfigKeys (ConfUtils.java:logGet(43)) - raft.server.rpcslowness.timeout = 120s (custom)
2019-10-14 09:23:29,869 [pool-393-thread-1] INFO  impl.RaftServerImpl (ServerState.java:<init>(103)) - cf77b951-1220-4844-8605-1ea68060b59b@group-1311D66F9C25: ConfigurationManager, init=-1: [ff8cf76f-81bb-40fb-9266-fb490038af97:192.168.164.214:45617, c6f466fb-6021-469a-9685-fe99611c8ad0:192.168.164.214:41555, cf77b951-1220-4844-8605-1ea68060b59b:192.168.164.214:39644], old=null, confs=<EMPTY_MAP>
2019-10-14 09:23:29,869 [pool-443-thread-1] INFO  server.RaftServerConfigKeys (ConfUtils.java:logGet(43)) - raft.server.sleep.deviation.threshold = 300 (default)
2019-10-14 09:23:29,869 [pool-393-thread-1] INFO  server.RaftServerConfigKeys (ConfUtils.java:logGet(43)) - raft.server.storage.dir = [/workdir/hadoop-ozone/integration-test/target/test-dir/MiniOzoneClusterImpl-404eb741-03bf-48e0-a9fb-0e06e39ca081/datanode-1/data/ratis] (custom)
2019-10-14 09:23:29,869 [pool-443-thread-1] INFO  server.RaftServerConfigKeys (ConfUtils.java:logGet(43)) - raft.server.log.appender.install.snapshot.enabled = false (custom)
2019-10-14 09:23:29,869 [pool-443-thread-1] INFO  impl.RaftServerImpl (ServerState.java:<init>(103)) - c6f466fb-6021-469a-9685-fe99611c8ad0@group-1311D66F9C25: ConfigurationManager, init=-1: [ff8cf76f-81bb-40fb-9266-fb490038af97:192.168.164.214:45617, c6f466fb-6021-469a-9685-fe99611c8ad0:192.168.164.214:41555, cf77b951-1220-4844-8605-1ea68060b59b:192.168.164.214:39644], old=null, confs=<EMPTY_MAP>
2019-10-14 09:23:29,869 [pool-393-thread-1] INFO  storage.RaftStorageDirectory (RaftStorageDirectory.java:analyzeStorage(246)) - The storage directory /workdir/hadoop-ozone/integration-test/target/test-dir/MiniOzoneClusterImpl-404eb741-03bf-48e0-a9fb-0e06e39ca081/datanode-1/data/ratis/5a5528a3-98fc-4355-85c3-1311d66f9c25 does not exist. Creating ...
2019-10-14 09:23:29,870 [pool-443-thread-1] INFO  server.RaftServerConfigKeys (ConfUtils.java:logGet(43)) - raft.server.storage.dir = [/workdir/hadoop-ozone/integration-test/target/test-dir/MiniOzoneClusterImpl-404eb741-03bf-48e0-a9fb-0e06e39ca081/datanode-6/data/ratis] (custom)
2019-10-14 09:23:29,870 [pool-443-thread-1] INFO  storage.RaftStorageDirectory (RaftStorageDirectory.java:analyzeStorage(246)) - The storage directory /workdir/hadoop-ozone/integration-test/target/test-dir/MiniOzoneClusterImpl-404eb741-03bf-48e0-a9fb-0e06e39ca081/datanode-6/data/ratis/5a5528a3-98fc-4355-85c3-1311d66f9c25 does not exist. Creating ...
2019-10-14 09:23:29,895 [pool-433-thread-1] INFO  storage.RaftStorageDirectory (RaftStorageDirectory.java:tryLock(328)) - Lock on /workdir/hadoop-ozone/integration-test/target/test-dir/MiniOzoneClusterImpl-404eb741-03bf-48e0-a9fb-0e06e39ca081/datanode-5/data/ratis/5a5528a3-98fc-4355-85c3-1311d66f9c25/in_use.lock acquired by nodename 17906@pr-hdds-1569-vp9xg-4248047660
2019-10-14 09:23:29,895 [pool-443-thread-1] INFO  storage.RaftStorageDirectory (RaftStorageDirectory.java:tryLock(328)) - Lock on /workdir/hadoop-ozone/integration-test/target/test-dir/MiniOzoneClusterImpl-404eb741-03bf-48e0-a9fb-0e06e39ca081/datanode-6/data/ratis/5a5528a3-98fc-4355-85c3-1311d66f9c25/in_use.lock acquired by nodename 17906@pr-hdds-1569-vp9xg-4248047660
2019-10-14 09:23:29,895 [pool-393-thread-1] INFO  storage.RaftStorageDirectory (RaftStorageDirectory.java:tryLock(328)) - Lock on /workdir/hadoop-ozone/integration-test/target/test-dir/MiniOzoneClusterImpl-404eb741-03bf-48e0-a9fb-0e06e39ca081/datanode-1/data/ratis/5a5528a3-98fc-4355-85c3-1311d66f9c25/in_use.lock acquired by nodename 17906@pr-hdds-1569-vp9xg-4248047660
2019-10-14 09:23:29,921 [pool-393-thread-1] INFO  storage.RaftStorage (RaftStorage.java:format(72)) - Storage directory /workdir/hadoop-ozone/integration-test/target/test-dir/MiniOzoneClusterImpl-404eb741-03bf-48e0-a9fb-0e06e39ca081/datanode-1/data/ratis/5a5528a3-98fc-4355-85c3-1311d66f9c25 has been successfully formatted.
2019-10-14 09:23:29,921 [pool-433-thread-1] INFO  storage.RaftStorage (RaftStorage.java:format(72)) - Storage directory /workdir/hadoop-ozone/integration-test/target/test-dir/MiniOzoneClusterImpl-404eb741-03bf-48e0-a9fb-0e06e39ca081/datanode-5/data/ratis/5a5528a3-98fc-4355-85c3-1311d66f9c25 has been successfully formatted.
2019-10-14 09:23:29,921 [pool-443-thread-1] INFO  storage.RaftStorage (RaftStorage.java:format(72)) - Storage directory /workdir/hadoop-ozone/integration-test/target/test-dir/MiniOzoneClusterImpl-404eb741-03bf-48e0-a9fb-0e06e39ca081/datanode-6/data/ratis/5a5528a3-98fc-4355-85c3-1311d66f9c25 has been successfully formatted.
2019-10-14 09:23:29,921 [pool-433-thread-1] INFO  ratis.ContainerStateMachine (ContainerStateMachine.java:loadSnapshot(230)) - group-1311D66F9C25: The snapshot info is null. Setting the last applied indexto:(t:0, i:~)
2019-10-14 09:23:29,921 [pool-393-thread-1] INFO  ratis.ContainerStateMachine (ContainerStateMachine.java:loadSnapshot(230)) - group-1311D66F9C25: The snapshot info is null. Setting the last applied indexto:(t:0, i:~)
2019-10-14 09:23:29,921 [pool-433-thread-1] INFO  server.RaftServerConfigKeys (ConfUtils.java:logGet(43)) - raft.server.notification.no-leader.timeout = 120s (custom)
2019-10-14 09:23:29,921 [pool-443-thread-1] INFO  ratis.ContainerStateMachine (ContainerStateMachine.java:loadSnapshot(230)) - group-1311D66F9C25: The snapshot info is null. Setting the last applied indexto:(t:0, i:~)
2019-10-14 09:23:29,922 [pool-433-thread-1] INFO  server.RaftServerConfigKeys (ConfUtils.java:logGet(43)) - raft.server.log.use.memory = false (default)
2019-10-14 09:23:29,922 [pool-393-thread-1] INFO  server.RaftServerConfigKeys (ConfUtils.java:logGet(43)) - raft.server.notification.no-leader.timeout = 120s (custom)
2019-10-14 09:23:29,922 [pool-433-thread-1] INFO  server.RaftServerConfigKeys (ConfUtils.java:logGet(43)) - raft.server.log.purge.gap = 1000000 (custom)
2019-10-14 09:23:29,922 [pool-443-thread-1] INFO  server.RaftServerConfigKeys (ConfUtils.java:logGet(43)) - raft.server.notification.no-leader.timeout = 120s (custom)
2019-10-14 09:23:29,922 [pool-433-thread-1] INFO  server.RaftServerConfigKeys (ConfUtils.java:logGet(43)) - raft.server.log.appender.buffer.byte-limit = 33554432 (custom)
2019-10-14 09:23:29,922 [pool-393-thread-1] INFO  server.RaftServerConfigKeys (ConfUtils.java:logGet(43)) - raft.server.log.use.memory = false (default)
2019-10-14 09:23:29,922 [pool-433-thread-1] INFO  server.RaftServerConfigKeys (ConfUtils.java:logGet(43)) - raft.server.log.segment.size.max = 1048576 (custom)
2019-10-14 09:23:29,922 [pool-443-thread-1] INFO  server.RaftServerConfigKeys (ConfUtils.java:logGet(43)) - raft.server.log.use.memory = false (default)
2019-10-14 09:23:29,922 [pool-433-thread-1] INFO  server.RaftServerConfigKeys (ConfUtils.java:logGet(43)) - raft.server.log.segment.cache.num.max = 2 (custom)
2019-10-14 09:23:29,922 [pool-393-thread-1] INFO  server.RaftServerConfigKeys (ConfUtils.java:logGet(43)) - raft.server.log.purge.gap = 1000000 (custom)
2019-10-14 09:23:29,923 [pool-433-thread-1] INFO  segmented.SegmentedRaftLogWorker (SegmentedRaftLogWorker.java:<init>(172)) - new ff8cf76f-81bb-40fb-9266-fb490038af97@group-1311D66F9C25-SegmentedRaftLogWorker for RaftStorage:Storage Directory /workdir/hadoop-ozone/integration-test/target/test-dir/MiniOzoneClusterImpl-404eb741-03bf-48e0-a9fb-0e06e39ca081/datanode-5/data/ratis/5a5528a3-98fc-4355-85c3-1311d66f9c25
2019-10-14 09:23:29,923 [pool-443-thread-1] INFO  server.RaftServerConfigKeys (ConfUtils.java:logGet(43)) - raft.server.log.purge.gap = 1000000 (custom)
2019-10-14 09:23:29,923 [pool-433-thread-1] INFO  server.RaftServerConfigKeys (ConfUtils.java:logGet(43)) - raft.server.log.queue.byte-limit = 2147483647 (custom)
2019-10-14 09:23:29,923 [pool-393-thread-1] INFO  server.RaftServerConfigKeys (ConfUtils.java:logGet(43)) - raft.server.log.appender.buffer.byte-limit = 33554432 (custom)
2019-10-14 09:23:29,923 [pool-433-thread-1] INFO  server.RaftServerConfigKeys (ConfUtils.java:logGet(43)) - raft.server.log.queue.element-limit = 1024 (custom)
2019-10-14 09:23:29,923 [pool-443-thread-1] INFO  server.RaftServerConfigKeys (ConfUtils.java:logGet(43)) - raft.server.log.appender.buffer.byte-limit = 33554432 (custom)
2019-10-14 09:23:29,923 [pool-433-thread-1] INFO  server.RaftServerConfigKeys (ConfUtils.java:logGet(43)) - raft.server.log.segment.size.max = 1048576 (custom)
2019-10-14 09:23:29,923 [pool-393-thread-1] INFO  server.RaftServerConfigKeys (ConfUtils.java:logGet(43)) - raft.server.log.segment.size.max = 1048576 (custom)
2019-10-14 09:23:29,923 [pool-433-thread-1] INFO  server.RaftServerConfigKeys (ConfUtils.java:logGet(43)) - raft.server.log.preallocated.size = 16384 (custom)
2019-10-14 09:23:29,923 [pool-443-thread-1] INFO  server.RaftServerConfigKeys (ConfUtils.java:logGet(43)) - raft.server.log.segment.size.max = 1048576 (custom)
2019-10-14 09:23:29,924 [pool-433-thread-1] INFO  server.RaftServerConfigKeys (ConfUtils.java:logGet(43)) - raft.server.log.write.buffer.size = 33554432 (custom)
2019-10-14 09:23:29,924 [pool-393-thread-1] INFO  server.RaftServerConfigKeys (ConfUtils.java:logGet(43)) - raft.server.log.segment.cache.num.max = 2 (custom)
2019-10-14 09:23:29,924 [pool-433-thread-1] INFO  server.RaftServerConfigKeys (ConfUtils.java:logGet(43)) - raft.server.log.force.sync.num = 128 (default)
2019-10-14 09:23:29,924 [pool-443-thread-1] INFO  server.RaftServerConfigKeys (ConfUtils.java:logGet(43)) - raft.server.log.segment.cache.num.max = 2 (custom)
2019-10-14 09:23:29,924 [pool-433-thread-1] INFO  server.RaftServerConfigKeys (ConfUtils.java:logGet(43)) - raft.server.log.statemachine.data.sync = true (default)
2019-10-14 09:23:29,924 [pool-393-thread-1] INFO  segmented.SegmentedRaftLogWorker (SegmentedRaftLogWorker.java:<init>(172)) - new cf77b951-1220-4844-8605-1ea68060b59b@group-1311D66F9C25-SegmentedRaftLogWorker for RaftStorage:Storage Directory /workdir/hadoop-ozone/integration-test/target/test-dir/MiniOzoneClusterImpl-404eb741-03bf-48e0-a9fb-0e06e39ca081/datanode-1/data/ratis/5a5528a3-98fc-4355-85c3-1311d66f9c25
2019-10-14 09:23:29,924 [pool-433-thread-1] INFO  server.RaftServerConfigKeys (ConfUtils.java:logGet(43)) - raft.server.log.statemachine.data.sync.timeout = 10s (default)
2019-10-14 09:23:29,924 [pool-443-thread-1] INFO  segmented.SegmentedRaftLogWorker (SegmentedRaftLogWorker.java:<init>(172)) - new c6f466fb-6021-469a-9685-fe99611c8ad0@group-1311D66F9C25-SegmentedRaftLogWorker for RaftStorage:Storage Directory /workdir/hadoop-ozone/integration-test/target/test-dir/MiniOzoneClusterImpl-404eb741-03bf-48e0-a9fb-0e06e39ca081/datanode-6/data/ratis/5a5528a3-98fc-4355-85c3-1311d66f9c25
2019-10-14 09:23:29,924 [pool-433-thread-1] INFO  server.RaftServerConfigKeys (ConfUtils.java:logGet(43)) - raft.server.log.statemachine.data.sync.timeout.retry = -1 (default)
2019-10-14 09:23:29,924 [pool-393-thread-1] INFO  server.RaftServerConfigKeys (ConfUtils.java:logGet(43)) - raft.server.log.queue.byte-limit = 2147483647 (custom)
2019-10-14 09:23:29,925 [pool-433-thread-1] INFO  server.RaftServerConfigKeys (ConfUtils.java:logGet(43)) - raft.server.log.statemachine.data.caching.enabled = true (custom)
2019-10-14 09:23:29,925 [pool-393-thread-1] INFO  server.RaftServerConfigKeys (ConfUtils.java:logGet(43)) - raft.server.log.queue.element-limit = 1024 (custom)
2019-10-14 09:23:29,925 [pool-393-thread-1] INFO  server.RaftServerConfigKeys (ConfUtils.java:logGet(43)) - raft.server.log.segment.size.max = 1048576 (custom)
2019-10-14 09:23:29,925 [pool-433-thread-1] INFO  segmented.SegmentedRaftLogWorker (SegmentedRaftLogWorker.java:lambda$new$0(132)) - ff8cf76f-81bb-40fb-9266-fb490038af97@group-1311D66F9C25-SegmentedRaftLogWorker: flushIndex: setUnconditionally 0 -> -1
2019-10-14 09:23:29,925 [pool-393-thread-1] INFO  server.RaftServerConfigKeys (ConfUtils.java:logGet(43)) - raft.server.log.preallocated.size = 16384 (custom)
2019-10-14 09:23:29,925 [pool-393-thread-1] INFO  server.RaftServerConfigKeys (ConfUtils.java:logGet(43)) - raft.server.log.write.buffer.size = 33554432 (custom)
2019-10-14 09:23:29,925 [pool-433-thread-1] INFO  server.RaftServerConfigKeys (ConfUtils.java:logGet(43)) - raft.server.snapshot.auto.trigger.enabled = true (custom)
2019-10-14 09:23:29,925 [pool-393-thread-1] INFO  server.RaftServerConfigKeys (ConfUtils.java:logGet(43)) - raft.server.log.force.sync.num = 128 (default)
2019-10-14 09:23:29,926 [pool-433-thread-1] INFO  server.RaftServerConfigKeys (ConfUtils.java:logGet(43)) - raft.server.snapshot.auto.trigger.threshold = 10000 (custom)
2019-10-14 09:23:29,926 [pool-393-thread-1] INFO  server.RaftServerConfigKeys (ConfUtils.java:logGet(43)) - raft.server.log.statemachine.data.sync = true (default)
2019-10-14 09:23:29,926 [pool-433-thread-1] INFO  server.RaftServerConfigKeys (ConfUtils.java:logGet(43)) - raft.server.snapshot.retention.num.files = 5 (custom)
2019-10-14 09:23:29,926 [pool-393-thread-1] INFO  server.RaftServerConfigKeys (ConfUtils.java:logGet(43)) - raft.server.log.statemachine.data.sync.timeout = 10s (default)
2019-10-14 09:23:29,926 [pool-433-thread-1] INFO  server.RaftServerConfigKeys (ConfUtils.java:logGet(43)) - raft.server.retrycache.expirytime = 600000ms (custom)
2019-10-14 09:23:29,926 [pool-443-thread-1] INFO  server.RaftServerConfigKeys (ConfUtils.java:logGet(43)) - raft.server.log.queue.byte-limit = 2147483647 (custom)
2019-10-14 09:23:29,926 [pool-393-thread-1] INFO  server.RaftServerConfigKeys (ConfUtils.java:logGet(43)) - raft.server.log.statemachine.data.sync.timeout.retry = -1 (default)
2019-10-14 09:23:29,926 [pool-443-thread-1] INFO  server.RaftServerConfigKeys (ConfUtils.java:logGet(43)) - raft.server.log.queue.element-limit = 1024 (custom)
2019-10-14 09:23:29,926 [pool-393-thread-1] INFO  server.RaftServerConfigKeys (ConfUtils.java:logGet(43)) - raft.server.log.statemachine.data.caching.enabled = true (custom)
2019-10-14 09:23:29,926 [pool-443-thread-1] INFO  server.RaftServerConfigKeys (ConfUtils.java:logGet(43)) - raft.server.log.segment.size.max = 1048576 (custom)
2019-10-14 09:23:29,927 [pool-393-thread-1] INFO  segmented.SegmentedRaftLogWorker (SegmentedRaftLogWorker.java:lambda$new$0(132)) - cf77b951-1220-4844-8605-1ea68060b59b@group-1311D66F9C25-SegmentedRaftLogWorker: flushIndex: setUnconditionally 0 -> -1
2019-10-14 09:23:29,927 [pool-443-thread-1] INFO  server.RaftServerConfigKeys (ConfUtils.java:logGet(43)) - raft.server.log.preallocated.size = 16384 (custom)
2019-10-14 09:23:29,927 [pool-443-thread-1] INFO  server.RaftServerConfigKeys (ConfUtils.java:logGet(43)) - raft.server.log.write.buffer.size = 33554432 (custom)
2019-10-14 09:23:29,927 [pool-393-thread-1] INFO  server.RaftServerConfigKeys (ConfUtils.java:logGet(43)) - raft.server.snapshot.auto.trigger.enabled = true (custom)
2019-10-14 09:23:29,927 [pool-443-thread-1] INFO  server.RaftServerConfigKeys (ConfUtils.java:logGet(43)) - raft.server.log.force.sync.num = 128 (default)
2019-10-14 09:23:29,927 [pool-393-thread-1] INFO  server.RaftServerConfigKeys (ConfUtils.java:logGet(43)) - raft.server.snapshot.auto.trigger.threshold = 10000 (custom)
2019-10-14 09:23:29,927 [pool-443-thread-1] INFO  server.RaftServerConfigKeys (ConfUtils.java:logGet(43)) - raft.server.log.statemachine.data.sync = true (default)
2019-10-14 09:23:29,927 [pool-393-thread-1] INFO  server.RaftServerConfigKeys (ConfUtils.java:logGet(43)) - raft.server.snapshot.retention.num.files = 5 (custom)
2019-10-14 09:23:29,927 [pool-443-thread-1] INFO  server.RaftServerConfigKeys (ConfUtils.java:logGet(43)) - raft.server.log.statemachine.data.sync.timeout = 10s (default)
2019-10-14 09:23:29,927 [pool-393-thread-1] INFO  server.RaftServerConfigKeys (ConfUtils.java:logGet(43)) - raft.server.retrycache.expirytime = 600000ms (custom)
2019-10-14 09:23:29,927 [pool-433-thread-1] INFO  impl.RaftServerImpl (RaftServerImpl.java:start(185)) - ff8cf76f-81bb-40fb-9266-fb490038af97@group-1311D66F9C25: start as a follower, conf=-1: [ff8cf76f-81bb-40fb-9266-fb490038af97:192.168.164.214:45617, c6f466fb-6021-469a-9685-fe99611c8ad0:192.168.164.214:41555, cf77b951-1220-4844-8605-1ea68060b59b:192.168.164.214:39644], old=null
2019-10-14 09:23:29,927 [pool-443-thread-1] INFO  server.RaftServerConfigKeys (ConfUtils.java:logGet(43)) - raft.server.log.statemachine.data.sync.timeout.retry = -1 (default)
2019-10-14 09:23:29,928 [pool-433-thread-1] INFO  impl.RaftServerImpl (RaftServerImpl.java:setRole(174)) - ff8cf76f-81bb-40fb-9266-fb490038af97@group-1311D66F9C25: changes role from      null to FOLLOWER at term 0 for startAsFollower
2019-10-14 09:23:29,928 [pool-433-thread-1] INFO  impl.RoleInfo (RoleInfo.java:updateAndGet(143)) - ff8cf76f-81bb-40fb-9266-fb490038af97: start FollowerState
2019-10-14 09:23:29,928 [pool-443-thread-1] INFO  server.RaftServerConfigKeys (ConfUtils.java:logGet(43)) - raft.server.log.statemachine.data.caching.enabled = true (custom)
2019-10-14 09:23:29,928 [pool-443-thread-1] INFO  segmented.SegmentedRaftLogWorker (SegmentedRaftLogWorker.java:lambda$new$0(132)) - c6f466fb-6021-469a-9685-fe99611c8ad0@group-1311D66F9C25-SegmentedRaftLogWorker: flushIndex: setUnconditionally 0 -> -1
2019-10-14 09:23:29,928 [pool-433-thread-1] INFO  util.JmxRegister (JmxRegister.java:tryRegister(44)) - Successfully registered JMX Bean with object name Ratis:service=RaftServer,group=group-1311D66F9C25,id=ff8cf76f-81bb-40fb-9266-fb490038af97
2019-10-14 09:23:29,928 [pool-443-thread-1] INFO  server.RaftServerConfigKeys (ConfUtils.java:logGet(43)) - raft.server.snapshot.auto.trigger.enabled = true (custom)
2019-10-14 09:23:29,928 [pool-443-thread-1] INFO  server.RaftServerConfigKeys (ConfUtils.java:logGet(43)) - raft.server.snapshot.auto.trigger.threshold = 10000 (custom)
2019-10-14 09:23:29,928 [pool-393-thread-1] INFO  impl.RaftServerImpl (RaftServerImpl.java:start(185)) - cf77b951-1220-4844-8605-1ea68060b59b@group-1311D66F9C25: start as a follower, conf=-1: [ff8cf76f-81bb-40fb-9266-fb490038af97:192.168.164.214:45617, c6f466fb-6021-469a-9685-fe99611c8ad0:192.168.164.214:41555, cf77b951-1220-4844-8605-1ea68060b59b:192.168.164.214:39644], old=null
2019-10-14 09:23:29,929 [pool-393-thread-1] INFO  impl.RaftServerImpl (RaftServerImpl.java:setRole(174)) - cf77b951-1220-4844-8605-1ea68060b59b@group-1311D66F9C25: changes role from      null to FOLLOWER at term 0 for startAsFollower
2019-10-14 09:23:29,929 [pool-443-thread-1] INFO  server.RaftServerConfigKeys (ConfUtils.java:logGet(43)) - raft.server.snapshot.retention.num.files = 5 (custom)
2019-10-14 09:23:29,929 [pool-393-thread-1] INFO  impl.RoleInfo (RoleInfo.java:updateAndGet(143)) - cf77b951-1220-4844-8605-1ea68060b59b: start FollowerState
2019-10-14 09:23:29,929 [pool-443-thread-1] INFO  server.RaftServerConfigKeys (ConfUtils.java:logGet(43)) - raft.server.retrycache.expirytime = 600000ms (custom)
2019-10-14 09:23:29,929 [pool-393-thread-1] INFO  util.JmxRegister (JmxRegister.java:tryRegister(44)) - Successfully registered JMX Bean with object name Ratis:service=RaftServer,group=group-1311D66F9C25,id=cf77b951-1220-4844-8605-1ea68060b59b
2019-10-14 09:23:29,931 [pool-443-thread-1] INFO  impl.RaftServerImpl (RaftServerImpl.java:start(185)) - c6f466fb-6021-469a-9685-fe99611c8ad0@group-1311D66F9C25: start as a follower, conf=-1: [ff8cf76f-81bb-40fb-9266-fb490038af97:192.168.164.214:45617, c6f466fb-6021-469a-9685-fe99611c8ad0:192.168.164.214:41555, cf77b951-1220-4844-8605-1ea68060b59b:192.168.164.214:39644], old=null
2019-10-14 09:23:29,931 [pool-443-thread-1] INFO  impl.RaftServerImpl (RaftServerImpl.java:setRole(174)) - c6f466fb-6021-469a-9685-fe99611c8ad0@group-1311D66F9C25: changes role from      null to FOLLOWER at term 0 for startAsFollower
2019-10-14 09:23:29,931 [pool-443-thread-1] INFO  impl.RoleInfo (RoleInfo.java:updateAndGet(143)) - c6f466fb-6021-469a-9685-fe99611c8ad0: start FollowerState
2019-10-14 09:23:29,931 [pool-443-thread-1] INFO  util.JmxRegister (JmxRegister.java:tryRegister(44)) - Successfully registered JMX Bean with object name Ratis:service=RaftServer,group=group-1311D66F9C25,id=c6f466fb-6021-469a-9685-fe99611c8ad0
2019-10-14 09:23:29,933 [RatisPipelineUtilsThread] INFO  pipeline.PipelineStateManager (PipelineStateManager.java:addPipeline(56)) - Created pipeline Pipeline[ Id: 5a5528a3-98fc-4355-85c3-1311d66f9c25, Nodes: cf77b951-1220-4844-8605-1ea68060b59b{ip: 192.168.164.214, host: pr-hdds-1569-vp9xg-4248047660, networkLocation: /default-rack, certSerialId: null}ff8cf76f-81bb-40fb-9266-fb490038af97{ip: 192.168.164.214, host: pr-hdds-1569-vp9xg-4248047660, networkLocation: /default-rack, certSerialId: null}c6f466fb-6021-469a-9685-fe99611c8ad0{ip: 192.168.164.214, host: pr-hdds-1569-vp9xg-4248047660, networkLocation: /default-rack, certSerialId: null}, Type:RATIS, Factor:THREE, State:OPEN]
2019-10-14 09:23:29,933 [RatisPipelineUtilsThread] INFO  pipeline.PipelinePlacementPolicy (PipelinePlacementPolicy.java:meetCriteria(104)) - Pipeline Placement: can't place more pipeline on heavy datanode： f21c5b87-272d-4473-86ef-15bafd2985f9 Heaviness: 5 limit: 5
2019-10-14 09:23:29,933 [RatisPipelineUtilsThread] INFO  pipeline.PipelinePlacementPolicy (PipelinePlacementPolicy.java:meetCriteria(104)) - Pipeline Placement: can't place more pipeline on heavy datanode： 03fab2fb-e7d4-4e78-a4c4-f6863ac12e1f Heaviness: 5 limit: 5
2019-10-14 09:23:29,934 [RatisPipelineUtilsThread] INFO  pipeline.PipelinePlacementPolicy (PipelinePlacementPolicy.java:meetCriteria(104)) - Pipeline Placement: can't place more pipeline on heavy datanode： ff8cf76f-81bb-40fb-9266-fb490038af97 Heaviness: 5 limit: 5
2019-10-14 09:23:29,934 [RatisPipelineUtilsThread] INFO  pipeline.PipelinePlacementPolicy (PipelinePlacementPolicy.java:meetCriteria(104)) - Pipeline Placement: can't place more pipeline on heavy datanode： 866eb045-3bfb-47dc-a4c6-3505e598a7c3 Heaviness: 5 limit: 5
2019-10-14 09:23:29,943 [grpc-default-executor-4] INFO  impl.RaftServerProxy (RaftServerProxy.java:addNew(89)) - 65e356af-3b1f-43b6-88fa-b0df542a6460: addNew group-A18E834CDE80:[c6f466fb-6021-469a-9685-fe99611c8ad0:192.168.164.214:41555, 65e356af-3b1f-43b6-88fa-b0df542a6460:192.168.164.214:38206, cf77b951-1220-4844-8605-1ea68060b59b:192.168.164.214:39644] returns group-A18E834CDE80:java.util.concurrent.CompletableFuture@c53b003[Not completed]
2019-10-14 09:23:29,943 [grpc-default-executor-3] INFO  impl.RaftServerProxy (RaftServerProxy.java:addNew(89)) - c6f466fb-6021-469a-9685-fe99611c8ad0: addNew group-A18E834CDE80:[c6f466fb-6021-469a-9685-fe99611c8ad0:192.168.164.214:41555, 65e356af-3b1f-43b6-88fa-b0df542a6460:192.168.164.214:38206, cf77b951-1220-4844-8605-1ea68060b59b:192.168.164.214:39644] returns group-A18E834CDE80:java.util.concurrent.CompletableFuture@13456d2e[Not completed]
2019-10-14 09:23:29,943 [grpc-default-executor-10] INFO  impl.RaftServerProxy (RaftServerProxy.java:addNew(89)) - cf77b951-1220-4844-8605-1ea68060b59b: addNew group-A18E834CDE80:[c6f466fb-6021-469a-9685-fe99611c8ad0:192.168.164.214:41555, 65e356af-3b1f-43b6-88fa-b0df542a6460:192.168.164.214:38206, cf77b951-1220-4844-8605-1ea68060b59b:192.168.164.214:39644] returns group-A18E834CDE80:java.util.concurrent.CompletableFuture@2c2eac95[Not completed]
2019-10-14 09:23:29,944 [pool-403-thread-1] INFO  impl.RaftServerImpl (RaftServerImpl.java:<init>(95)) - 65e356af-3b1f-43b6-88fa-b0df542a6460: new RaftServerImpl for group-A18E834CDE80:[c6f466fb-6021-469a-9685-fe99611c8ad0:192.168.164.214:41555, 65e356af-3b1f-43b6-88fa-b0df542a6460:192.168.164.214:38206, cf77b951-1220-4844-8605-1ea68060b59b:192.168.164.214:39644] with ContainerStateMachine:uninitialized
2019-10-14 09:23:29,944 [pool-403-thread-1] INFO  server.RaftServerConfigKeys (ConfUtils.java:logGet(43)) - raft.server.rpc.timeout.min = 5s (custom)
2019-10-14 09:23:29,944 [pool-403-thread-1] INFO  server.RaftServerConfigKeys (ConfUtils.java:logGet(43)) - raft.server.rpc.timeout.max = 5200ms (custom)
2019-10-14 09:23:29,944 [pool-403-thread-1] INFO  server.RaftServerConfigKeys (ConfUtils.java:logGet(43)) - raft.server.rpcslowness.timeout = 120s (custom)
2019-10-14 09:23:29,944 [pool-403-thread-1] INFO  server.RaftServerConfigKeys (ConfUtils.java:logGet(43)) - raft.server.sleep.deviation.threshold = 300 (default)
2019-10-14 09:23:29,944 [pool-403-thread-1] INFO  server.RaftServerConfigKeys (ConfUtils.java:logGet(43)) - raft.server.log.appender.install.snapshot.enabled = false (custom)
2019-10-14 09:23:29,944 [pool-403-thread-1] INFO  impl.RaftServerImpl (ServerState.java:<init>(103)) - 65e356af-3b1f-43b6-88fa-b0df542a6460@group-A18E834CDE80: ConfigurationManager, init=-1: [c6f466fb-6021-469a-9685-fe99611c8ad0:192.168.164.214:41555, 65e356af-3b1f-43b6-88fa-b0df542a6460:192.168.164.214:38206, cf77b951-1220-4844-8605-1ea68060b59b:192.168.164.214:39644], old=null, confs=<EMPTY_MAP>
2019-10-14 09:23:29,944 [pool-393-thread-1] INFO  impl.RaftServerImpl (RaftServerImpl.java:<init>(95)) - cf77b951-1220-4844-8605-1ea68060b59b: new RaftServerImpl for group-A18E834CDE80:[c6f466fb-6021-469a-9685-fe99611c8ad0:192.168.164.214:41555, 65e356af-3b1f-43b6-88fa-b0df542a6460:192.168.164.214:38206, cf77b951-1220-4844-8605-1ea68060b59b:192.168.164.214:39644] with ContainerStateMachine:uninitialized
2019-10-14 09:23:29,945 [pool-403-thread-1] INFO  server.RaftServerConfigKeys (ConfUtils.java:logGet(43)) - raft.server.storage.dir = [/workdir/hadoop-ozone/integration-test/target/test-dir/MiniOzoneClusterImpl-404eb741-03bf-48e0-a9fb-0e06e39ca081/datanode-2/data/ratis] (custom)
2019-10-14 09:23:29,945 [pool-393-thread-1] INFO  server.RaftServerConfigKeys (ConfUtils.java:logGet(43)) - raft.server.rpc.timeout.min = 5s (custom)
2019-10-14 09:23:29,945 [pool-393-thread-1] INFO  server.RaftServerConfigKeys (ConfUtils.java:logGet(43)) - raft.server.rpc.timeout.max = 5200ms (custom)
2019-10-14 09:23:29,945 [pool-443-thread-1] INFO  impl.RaftServerImpl (RaftServerImpl.java:<init>(95)) - c6f466fb-6021-469a-9685-fe99611c8ad0: new RaftServerImpl for group-A18E834CDE80:[c6f466fb-6021-469a-9685-fe99611c8ad0:192.168.164.214:41555, 65e356af-3b1f-43b6-88fa-b0df542a6460:192.168.164.214:38206, cf77b951-1220-4844-8605-1ea68060b59b:192.168.164.214:39644] with ContainerStateMachine:uninitialized
2019-10-14 09:23:29,945 [pool-403-thread-1] INFO  storage.RaftStorageDirectory (RaftStorageDirectory.java:analyzeStorage(246)) - The storage directory /workdir/hadoop-ozone/integration-test/target/test-dir/MiniOzoneClusterImpl-404eb741-03bf-48e0-a9fb-0e06e39ca081/datanode-2/data/ratis/0baa0584-ed41-4499-980e-a18e834cde80 does not exist. Creating ...
2019-10-14 09:23:29,945 [pool-443-thread-1] INFO  server.RaftServerConfigKeys (ConfUtils.java:logGet(43)) - raft.server.rpc.timeout.min = 5s (custom)
2019-10-14 09:23:29,945 [pool-393-thread-1] INFO  server.RaftServerConfigKeys (ConfUtils.java:logGet(43)) - raft.server.rpcslowness.timeout = 120s (custom)
2019-10-14 09:23:29,945 [pool-443-thread-1] INFO  server.RaftServerConfigKeys (ConfUtils.java:logGet(43)) - raft.server.rpc.timeout.max = 5200ms (custom)
2019-10-14 09:23:29,946 [pool-393-thread-1] INFO  server.RaftServerConfigKeys (ConfUtils.java:logGet(43)) - raft.server.sleep.deviation.threshold = 300 (default)
2019-10-14 09:23:29,946 [pool-443-thread-1] INFO  server.RaftServerConfigKeys (ConfUtils.java:logGet(43)) - raft.server.rpcslowness.timeout = 120s (custom)
2019-10-14 09:23:29,946 [pool-393-thread-1] INFO  server.RaftServerConfigKeys (ConfUtils.java:logGet(43)) - raft.server.log.appender.install.snapshot.enabled = false (custom)
2019-10-14 09:23:29,946 [pool-443-thread-1] INFO  server.RaftServerConfigKeys (ConfUtils.java:logGet(43)) - raft.server.sleep.deviation.threshold = 300 (default)
2019-10-14 09:23:29,946 [pool-393-thread-1] INFO  impl.RaftServerImpl (ServerState.java:<init>(103)) - cf77b951-1220-4844-8605-1ea68060b59b@group-A18E834CDE80: ConfigurationManager, init=-1: [c6f466fb-6021-469a-9685-fe99611c8ad0:192.168.164.214:41555, 65e356af-3b1f-43b6-88fa-b0df542a6460:192.168.164.214:38206, cf77b951-1220-4844-8605-1ea68060b59b:192.168.164.214:39644], old=null, confs=<EMPTY_MAP>
2019-10-14 09:23:29,946 [pool-443-thread-1] INFO  server.RaftServerConfigKeys (ConfUtils.java:logGet(43)) - raft.server.log.appender.install.snapshot.enabled = false (custom)
2019-10-14 09:23:29,947 [pool-393-thread-1] INFO  server.RaftServerConfigKeys (ConfUtils.java:logGet(43)) - raft.server.storage.dir = [/workdir/hadoop-ozone/integration-test/target/test-dir/MiniOzoneClusterImpl-404eb741-03bf-48e0-a9fb-0e06e39ca081/datanode-1/data/ratis] (custom)
2019-10-14 09:23:29,947 [pool-443-thread-1] INFO  impl.RaftServerImpl (ServerState.java:<init>(103)) - c6f466fb-6021-469a-9685-fe99611c8ad0@group-A18E834CDE80: ConfigurationManager, init=-1: [c6f466fb-6021-469a-9685-fe99611c8ad0:192.168.164.214:41555, 65e356af-3b1f-43b6-88fa-b0df542a6460:192.168.164.214:38206, cf77b951-1220-4844-8605-1ea68060b59b:192.168.164.214:39644], old=null, confs=<EMPTY_MAP>
2019-10-14 09:23:29,947 [pool-443-thread-1] INFO  server.RaftServerConfigKeys (ConfUtils.java:logGet(43)) - raft.server.storage.dir = [/workdir/hadoop-ozone/integration-test/target/test-dir/MiniOzoneClusterImpl-404eb741-03bf-48e0-a9fb-0e06e39ca081/datanode-6/data/ratis] (custom)
2019-10-14 09:23:29,947 [pool-393-thread-1] INFO  storage.RaftStorageDirectory (RaftStorageDirectory.java:analyzeStorage(246)) - The storage directory /workdir/hadoop-ozone/integration-test/target/test-dir/MiniOzoneClusterImpl-404eb741-03bf-48e0-a9fb-0e06e39ca081/datanode-1/data/ratis/0baa0584-ed41-4499-980e-a18e834cde80 does not exist. Creating ...
2019-10-14 09:23:29,947 [pool-443-thread-1] INFO  storage.RaftStorageDirectory (RaftStorageDirectory.java:analyzeStorage(246)) - The storage directory /workdir/hadoop-ozone/integration-test/target/test-dir/MiniOzoneClusterImpl-404eb741-03bf-48e0-a9fb-0e06e39ca081/datanode-6/data/ratis/0baa0584-ed41-4499-980e-a18e834cde80 does not exist. Creating ...
2019-10-14 09:23:29,973 [pool-393-thread-1] INFO  storage.RaftStorageDirectory (RaftStorageDirectory.java:tryLock(328)) - Lock on /workdir/hadoop-ozone/integration-test/target/test-dir/MiniOzoneClusterImpl-404eb741-03bf-48e0-a9fb-0e06e39ca081/datanode-1/data/ratis/0baa0584-ed41-4499-980e-a18e834cde80/in_use.lock acquired by nodename 17906@pr-hdds-1569-vp9xg-4248047660
2019-10-14 09:23:29,973 [pool-443-thread-1] INFO  storage.RaftStorageDirectory (RaftStorageDirectory.java:tryLock(328)) - Lock on /workdir/hadoop-ozone/integration-test/target/test-dir/MiniOzoneClusterImpl-404eb741-03bf-48e0-a9fb-0e06e39ca081/datanode-6/data/ratis/0baa0584-ed41-4499-980e-a18e834cde80/in_use.lock acquired by nodename 17906@pr-hdds-1569-vp9xg-4248047660
2019-10-14 09:23:29,973 [pool-403-thread-1] INFO  storage.RaftStorageDirectory (RaftStorageDirectory.java:tryLock(328)) - Lock on /workdir/hadoop-ozone/integration-test/target/test-dir/MiniOzoneClusterImpl-404eb741-03bf-48e0-a9fb-0e06e39ca081/datanode-2/data/ratis/0baa0584-ed41-4499-980e-a18e834cde80/in_use.lock acquired by nodename 17906@pr-hdds-1569-vp9xg-4248047660
2019-10-14 09:23:29,998 [pool-403-thread-1] INFO  storage.RaftStorage (RaftStorage.java:format(72)) - Storage directory /workdir/hadoop-ozone/integration-test/target/test-dir/MiniOzoneClusterImpl-404eb741-03bf-48e0-a9fb-0e06e39ca081/datanode-2/data/ratis/0baa0584-ed41-4499-980e-a18e834cde80 has been successfully formatted.
2019-10-14 09:23:29,999 [pool-393-thread-1] INFO  storage.RaftStorage (RaftStorage.java:format(72)) - Storage directory /workdir/hadoop-ozone/integration-test/target/test-dir/MiniOzoneClusterImpl-404eb741-03bf-48e0-a9fb-0e06e39ca081/datanode-1/data/ratis/0baa0584-ed41-4499-980e-a18e834cde80 has been successfully formatted.
2019-10-14 09:23:29,999 [pool-443-thread-1] INFO  storage.RaftStorage (RaftStorage.java:format(72)) - Storage directory /workdir/hadoop-ozone/integration-test/target/test-dir/MiniOzoneClusterImpl-404eb741-03bf-48e0-a9fb-0e06e39ca081/datanode-6/data/ratis/0baa0584-ed41-4499-980e-a18e834cde80 has been successfully formatted.
2019-10-14 09:23:29,999 [pool-403-thread-1] INFO  ratis.ContainerStateMachine (ContainerStateMachine.java:loadSnapshot(230)) - group-A18E834CDE80: The snapshot info is null. Setting the last applied indexto:(t:0, i:~)
2019-10-14 09:23:29,999 [pool-443-thread-1] INFO  ratis.ContainerStateMachine (ContainerStateMachine.java:loadSnapshot(230)) - group-A18E834CDE80: The snapshot info is null. Setting the last applied indexto:(t:0, i:~)
2019-10-14 09:23:29,999 [pool-393-thread-1] INFO  ratis.ContainerStateMachine (ContainerStateMachine.java:loadSnapshot(230)) - group-A18E834CDE80: The snapshot info is null. Setting the last applied indexto:(t:0, i:~)
2019-10-14 09:23:29,999 [pool-443-thread-1] INFO  server.RaftServerConfigKeys (ConfUtils.java:logGet(43)) - raft.server.notification.no-leader.timeout = 120s (custom)
2019-10-14 09:23:29,999 [pool-403-thread-1] INFO  server.RaftServerConfigKeys (ConfUtils.java:logGet(43)) - raft.server.notification.no-leader.timeout = 120s (custom)
2019-10-14 09:23:29,999 [pool-443-thread-1] INFO  server.RaftServerConfigKeys (ConfUtils.java:logGet(43)) - raft.server.log.use.memory = false (default)
2019-10-14 09:23:29,999 [pool-393-thread-1] INFO  server.RaftServerConfigKeys (ConfUtils.java:logGet(43)) - raft.server.notification.no-leader.timeout = 120s (custom)
2019-10-14 09:23:30,000 [pool-443-thread-1] INFO  server.RaftServerConfigKeys (ConfUtils.java:logGet(43)) - raft.server.log.purge.gap = 1000000 (custom)
2019-10-14 09:23:30,000 [pool-403-thread-1] INFO  server.RaftServerConfigKeys (ConfUtils.java:logGet(43)) - raft.server.log.use.memory = false (default)
2019-10-14 09:23:30,000 [pool-443-thread-1] INFO  server.RaftServerConfigKeys (ConfUtils.java:logGet(43)) - raft.server.log.appender.buffer.byte-limit = 33554432 (custom)
2019-10-14 09:23:30,000 [pool-393-thread-1] INFO  server.RaftServerConfigKeys (ConfUtils.java:logGet(43)) - raft.server.log.use.memory = false (default)
2019-10-14 09:23:30,000 [pool-443-thread-1] INFO  server.RaftServerConfigKeys (ConfUtils.java:logGet(43)) - raft.server.log.segment.size.max = 1048576 (custom)
2019-10-14 09:23:30,000 [pool-403-thread-1] INFO  server.RaftServerConfigKeys (ConfUtils.java:logGet(43)) - raft.server.log.purge.gap = 1000000 (custom)
2019-10-14 09:23:30,000 [pool-443-thread-1] INFO  server.RaftServerConfigKeys (ConfUtils.java:logGet(43)) - raft.server.log.segment.cache.num.max = 2 (custom)
2019-10-14 09:23:30,000 [pool-393-thread-1] INFO  server.RaftServerConfigKeys (ConfUtils.java:logGet(43)) - raft.server.log.purge.gap = 1000000 (custom)
2019-10-14 09:23:30,001 [pool-443-thread-1] INFO  segmented.SegmentedRaftLogWorker (SegmentedRaftLogWorker.java:<init>(172)) - new c6f466fb-6021-469a-9685-fe99611c8ad0@group-A18E834CDE80-SegmentedRaftLogWorker for RaftStorage:Storage Directory /workdir/hadoop-ozone/integration-test/target/test-dir/MiniOzoneClusterImpl-404eb741-03bf-48e0-a9fb-0e06e39ca081/datanode-6/data/ratis/0baa0584-ed41-4499-980e-a18e834cde80
2019-10-14 09:23:30,000 [pool-403-thread-1] INFO  server.RaftServerConfigKeys (ConfUtils.java:logGet(43)) - raft.server.log.appender.buffer.byte-limit = 33554432 (custom)
2019-10-14 09:23:30,001 [pool-443-thread-1] INFO  server.RaftServerConfigKeys (ConfUtils.java:logGet(43)) - raft.server.log.queue.byte-limit = 2147483647 (custom)
2019-10-14 09:23:30,001 [pool-393-thread-1] INFO  server.RaftServerConfigKeys (ConfUtils.java:logGet(43)) - raft.server.log.appender.buffer.byte-limit = 33554432 (custom)
2019-10-14 09:23:30,001 [pool-443-thread-1] INFO  server.RaftServerConfigKeys (ConfUtils.java:logGet(43)) - raft.server.log.queue.element-limit = 1024 (custom)
2019-10-14 09:23:30,001 [pool-403-thread-1] INFO  server.RaftServerConfigKeys (ConfUtils.java:logGet(43)) - raft.server.log.segment.size.max = 1048576 (custom)
2019-10-14 09:23:30,001 [pool-443-thread-1] INFO  server.RaftServerConfigKeys (ConfUtils.java:logGet(43)) - raft.server.log.segment.size.max = 1048576 (custom)
2019-10-14 09:23:30,001 [pool-443-thread-1] INFO  server.RaftServerConfigKeys (ConfUtils.java:logGet(43)) - raft.server.log.preallocated.size = 16384 (custom)
2019-10-14 09:23:30,001 [pool-393-thread-1] INFO  server.RaftServerConfigKeys (ConfUtils.java:logGet(43)) - raft.server.log.segment.size.max = 1048576 (custom)
2019-10-14 09:23:30,002 [pool-443-thread-1] INFO  server.RaftServerConfigKeys (ConfUtils.java:logGet(43)) - raft.server.log.write.buffer.size = 33554432 (custom)
2019-10-14 09:23:30,001 [pool-403-thread-1] INFO  server.RaftServerConfigKeys (ConfUtils.java:logGet(43)) - raft.server.log.segment.cache.num.max = 2 (custom)
2019-10-14 09:23:30,002 [pool-443-thread-1] INFO  server.RaftServerConfigKeys (ConfUtils.java:logGet(43)) - raft.server.log.force.sync.num = 128 (default)
2019-10-14 09:23:30,002 [pool-393-thread-1] INFO  server.RaftServerConfigKeys (ConfUtils.java:logGet(43)) - raft.server.log.segment.cache.num.max = 2 (custom)
2019-10-14 09:23:30,002 [pool-443-thread-1] INFO  server.RaftServerConfigKeys (ConfUtils.java:logGet(43)) - raft.server.log.statemachine.data.sync = true (default)
2019-10-14 09:23:30,002 [pool-403-thread-1] INFO  segmented.SegmentedRaftLogWorker (SegmentedRaftLogWorker.java:<init>(172)) - new 65e356af-3b1f-43b6-88fa-b0df542a6460@group-A18E834CDE80-SegmentedRaftLogWorker for RaftStorage:Storage Directory /workdir/hadoop-ozone/integration-test/target/test-dir/MiniOzoneClusterImpl-404eb741-03bf-48e0-a9fb-0e06e39ca081/datanode-2/data/ratis/0baa0584-ed41-4499-980e-a18e834cde80
2019-10-14 09:23:30,002 [pool-443-thread-1] INFO  server.RaftServerConfigKeys (ConfUtils.java:logGet(43)) - raft.server.log.statemachine.data.sync.timeout = 10s (default)
2019-10-14 09:23:30,003 [pool-443-thread-1] INFO  server.RaftServerConfigKeys (ConfUtils.java:logGet(43)) - raft.server.log.statemachine.data.sync.timeout.retry = -1 (default)
2019-10-14 09:23:30,002 [pool-393-thread-1] INFO  segmented.SegmentedRaftLogWorker (SegmentedRaftLogWorker.java:<init>(172)) - new cf77b951-1220-4844-8605-1ea68060b59b@group-A18E834CDE80-SegmentedRaftLogWorker for RaftStorage:Storage Directory /workdir/hadoop-ozone/integration-test/target/test-dir/MiniOzoneClusterImpl-404eb741-03bf-48e0-a9fb-0e06e39ca081/datanode-1/data/ratis/0baa0584-ed41-4499-980e-a18e834cde80
2019-10-14 09:23:30,003 [pool-443-thread-1] INFO  server.RaftServerConfigKeys (ConfUtils.java:logGet(43)) - raft.server.log.statemachine.data.caching.enabled = true (custom)
2019-10-14 09:23:30,002 [pool-403-thread-1] INFO  server.RaftServerConfigKeys (ConfUtils.java:logGet(43)) - raft.server.log.queue.byte-limit = 2147483647 (custom)
2019-10-14 09:23:30,003 [pool-393-thread-1] INFO  server.RaftServerConfigKeys (ConfUtils.java:logGet(43)) - raft.server.log.queue.byte-limit = 2147483647 (custom)
2019-10-14 09:23:30,003 [pool-443-thread-1] INFO  segmented.SegmentedRaftLogWorker (SegmentedRaftLogWorker.java:lambda$new$0(132)) - c6f466fb-6021-469a-9685-fe99611c8ad0@group-A18E834CDE80-SegmentedRaftLogWorker: flushIndex: setUnconditionally 0 -> -1
2019-10-14 09:23:30,003 [pool-403-thread-1] INFO  server.RaftServerConfigKeys (ConfUtils.java:logGet(43)) - raft.server.log.queue.element-limit = 1024 (custom)
2019-10-14 09:23:30,003 [pool-393-thread-1] INFO  server.RaftServerConfigKeys (ConfUtils.java:logGet(43)) - raft.server.log.queue.element-limit = 1024 (custom)
2019-10-14 09:23:30,003 [pool-443-thread-1] INFO  server.RaftServerConfigKeys (ConfUtils.java:logGet(43)) - raft.server.snapshot.auto.trigger.enabled = true (custom)
2019-10-14 09:23:30,003 [pool-403-thread-1] INFO  server.RaftServerConfigKeys (ConfUtils.java:logGet(43)) - raft.server.log.segment.size.max = 1048576 (custom)
2019-10-14 09:23:30,004 [pool-443-thread-1] INFO  server.RaftServerConfigKeys (ConfUtils.java:logGet(43)) - raft.server.snapshot.auto.trigger.threshold = 10000 (custom)
2019-10-14 09:23:30,004 [pool-393-thread-1] INFO  server.RaftServerConfigKeys (ConfUtils.java:logGet(43)) - raft.server.log.segment.size.max = 1048576 (custom)
2019-10-14 09:23:30,004 [pool-443-thread-1] INFO  server.RaftServerConfigKeys (ConfUtils.java:logGet(43)) - raft.server.snapshot.retention.num.files = 5 (custom)
2019-10-14 09:23:30,004 [pool-403-thread-1] INFO  server.RaftServerConfigKeys (ConfUtils.java:logGet(43)) - raft.server.log.preallocated.size = 16384 (custom)
2019-10-14 09:23:30,004 [pool-443-thread-1] INFO  server.RaftServerConfigKeys (ConfUtils.java:logGet(43)) - raft.server.retrycache.expirytime = 600000ms (custom)
2019-10-14 09:23:30,004 [pool-393-thread-1] INFO  server.RaftServerConfigKeys (ConfUtils.java:logGet(43)) - raft.server.log.preallocated.size = 16384 (custom)
2019-10-14 09:23:30,004 [pool-403-thread-1] INFO  server.RaftServerConfigKeys (ConfUtils.java:logGet(43)) - raft.server.log.write.buffer.size = 33554432 (custom)
2019-10-14 09:23:30,005 [pool-393-thread-1] INFO  server.RaftServerConfigKeys (ConfUtils.java:logGet(43)) - raft.server.log.write.buffer.size = 33554432 (custom)
2019-10-14 09:23:30,005 [pool-403-thread-1] INFO  server.RaftServerConfigKeys (ConfUtils.java:logGet(43)) - raft.server.log.force.sync.num = 128 (default)
2019-10-14 09:23:30,005 [pool-393-thread-1] INFO  server.RaftServerConfigKeys (ConfUtils.java:logGet(43)) - raft.server.log.force.sync.num = 128 (default)
2019-10-14 09:23:30,005 [pool-403-thread-1] INFO  server.RaftServerConfigKeys (ConfUtils.java:logGet(43)) - raft.server.log.statemachine.data.sync = true (default)
2019-10-14 09:23:30,005 [pool-393-thread-1] INFO  server.RaftServerConfigKeys (ConfUtils.java:logGet(43)) - raft.server.log.statemachine.data.sync = true (default)
2019-10-14 09:23:30,005 [pool-403-thread-1] INFO  server.RaftServerConfigKeys (ConfUtils.java:logGet(43)) - raft.server.log.statemachine.data.sync.timeout = 10s (default)
2019-10-14 09:23:30,005 [pool-393-thread-1] INFO  server.RaftServerConfigKeys (ConfUtils.java:logGet(43)) - raft.server.log.statemachine.data.sync.timeout = 10s (default)
2019-10-14 09:23:30,005 [pool-403-thread-1] INFO  server.RaftServerConfigKeys (ConfUtils.java:logGet(43)) - raft.server.log.statemachine.data.sync.timeout.retry = -1 (default)
2019-10-14 09:23:30,006 [pool-393-thread-1] INFO  server.RaftServerConfigKeys (ConfUtils.java:logGet(43)) - raft.server.log.statemachine.data.sync.timeout.retry = -1 (default)
2019-10-14 09:23:30,006 [pool-443-thread-1] INFO  impl.RaftServerImpl (RaftServerImpl.java:start(185)) - c6f466fb-6021-469a-9685-fe99611c8ad0@group-A18E834CDE80: start as a follower, conf=-1: [c6f466fb-6021-469a-9685-fe99611c8ad0:192.168.164.214:41555, 65e356af-3b1f-43b6-88fa-b0df542a6460:192.168.164.214:38206, cf77b951-1220-4844-8605-1ea68060b59b:192.168.164.214:39644], old=null
2019-10-14 09:23:30,006 [pool-403-thread-1] INFO  server.RaftServerConfigKeys (ConfUtils.java:logGet(43)) - raft.server.log.statemachine.data.caching.enabled = true (custom)
2019-10-14 09:23:30,006 [pool-443-thread-1] INFO  impl.RaftServerImpl (RaftServerImpl.java:setRole(174)) - c6f466fb-6021-469a-9685-fe99611c8ad0@group-A18E834CDE80: changes role from      null to FOLLOWER at term 0 for startAsFollower
2019-10-14 09:23:30,006 [pool-393-thread-1] INFO  server.RaftServerConfigKeys (ConfUtils.java:logGet(43)) - raft.server.log.statemachine.data.caching.enabled = true (custom)
2019-10-14 09:23:30,006 [pool-403-thread-1] INFO  segmented.SegmentedRaftLogWorker (SegmentedRaftLogWorker.java:lambda$new$0(132)) - 65e356af-3b1f-43b6-88fa-b0df542a6460@group-A18E834CDE80-SegmentedRaftLogWorker: flushIndex: setUnconditionally 0 -> -1
2019-10-14 09:23:30,006 [pool-443-thread-1] INFO  impl.RoleInfo (RoleInfo.java:updateAndGet(143)) - c6f466fb-6021-469a-9685-fe99611c8ad0: start FollowerState
2019-10-14 09:23:30,006 [pool-393-thread-1] INFO  segmented.SegmentedRaftLogWorker (SegmentedRaftLogWorker.java:lambda$new$0(132)) - cf77b951-1220-4844-8605-1ea68060b59b@group-A18E834CDE80-SegmentedRaftLogWorker: flushIndex: setUnconditionally 0 -> -1
2019-10-14 09:23:30,007 [pool-403-thread-1] INFO  server.RaftServerConfigKeys (ConfUtils.java:logGet(43)) - raft.server.snapshot.auto.trigger.enabled = true (custom)
2019-10-14 09:23:30,007 [pool-403-thread-1] INFO  server.RaftServerConfigKeys (ConfUtils.java:logGet(43)) - raft.server.snapshot.auto.trigger.threshold = 10000 (custom)
2019-10-14 09:23:30,007 [pool-443-thread-1] INFO  util.JmxRegister (JmxRegister.java:tryRegister(44)) - Successfully registered JMX Bean with object name Ratis:service=RaftServer,group=group-A18E834CDE80,id=c6f466fb-6021-469a-9685-fe99611c8ad0
2019-10-14 09:23:30,007 [pool-393-thread-1] INFO  server.RaftServerConfigKeys (ConfUtils.java:logGet(43)) - raft.server.snapshot.auto.trigger.enabled = true (custom)
2019-10-14 09:23:30,007 [pool-403-thread-1] INFO  server.RaftServerConfigKeys (ConfUtils.java:logGet(43)) - raft.server.snapshot.retention.num.files = 5 (custom)
2019-10-14 09:23:30,007 [pool-393-thread-1] INFO  server.RaftServerConfigKeys (ConfUtils.java:logGet(43)) - raft.server.snapshot.auto.trigger.threshold = 10000 (custom)
2019-10-14 09:23:30,007 [pool-403-thread-1] INFO  server.RaftServerConfigKeys (ConfUtils.java:logGet(43)) - raft.server.retrycache.expirytime = 600000ms (custom)
2019-10-14 09:23:30,007 [pool-393-thread-1] INFO  server.RaftServerConfigKeys (ConfUtils.java:logGet(43)) - raft.server.snapshot.retention.num.files = 5 (custom)
2019-10-14 09:23:30,008 [pool-393-thread-1] INFO  server.RaftServerConfigKeys (ConfUtils.java:logGet(43)) - raft.server.retrycache.expirytime = 600000ms (custom)
2019-10-14 09:23:30,009 [pool-403-thread-1] INFO  impl.RaftServerImpl (RaftServerImpl.java:start(185)) - 65e356af-3b1f-43b6-88fa-b0df542a6460@group-A18E834CDE80: start as a follower, conf=-1: [c6f466fb-6021-469a-9685-fe99611c8ad0:192.168.164.214:41555, 65e356af-3b1f-43b6-88fa-b0df542a6460:192.168.164.214:38206, cf77b951-1220-4844-8605-1ea68060b59b:192.168.164.214:39644], old=null
2019-10-14 09:23:30,009 [pool-403-thread-1] INFO  impl.RaftServerImpl (RaftServerImpl.java:setRole(174)) - 65e356af-3b1f-43b6-88fa-b0df542a6460@group-A18E834CDE80: changes role from      null to FOLLOWER at term 0 for startAsFollower
2019-10-14 09:23:30,009 [pool-403-thread-1] INFO  impl.RoleInfo (RoleInfo.java:updateAndGet(143)) - 65e356af-3b1f-43b6-88fa-b0df542a6460: start FollowerState
2019-10-14 09:23:30,009 [pool-403-thread-1] INFO  util.JmxRegister (JmxRegister.java:tryRegister(44)) - Successfully registered JMX Bean with object name Ratis:service=RaftServer,group=group-A18E834CDE80,id=65e356af-3b1f-43b6-88fa-b0df542a6460
2019-10-14 09:23:30,010 [pool-393-thread-1] INFO  impl.RaftServerImpl (RaftServerImpl.java:start(185)) - cf77b951-1220-4844-8605-1ea68060b59b@group-A18E834CDE80: start as a follower, conf=-1: [c6f466fb-6021-469a-9685-fe99611c8ad0:192.168.164.214:41555, 65e356af-3b1f-43b6-88fa-b0df542a6460:192.168.164.214:38206, cf77b951-1220-4844-8605-1ea68060b59b:192.168.164.214:39644], old=null
2019-10-14 09:23:30,010 [pool-393-thread-1] INFO  impl.RaftServerImpl (RaftServerImpl.java:setRole(174)) - cf77b951-1220-4844-8605-1ea68060b59b@group-A18E834CDE80: changes role from      null to FOLLOWER at term 0 for startAsFollower
2019-10-14 09:23:30,010 [pool-393-thread-1] INFO  impl.RoleInfo (RoleInfo.java:updateAndGet(143)) - cf77b951-1220-4844-8605-1ea68060b59b: start FollowerState
2019-10-14 09:23:30,011 [pool-393-thread-1] INFO  util.JmxRegister (JmxRegister.java:tryRegister(44)) - Successfully registered JMX Bean with object name Ratis:service=RaftServer,group=group-A18E834CDE80,id=cf77b951-1220-4844-8605-1ea68060b59b
2019-10-14 09:23:30,012 [RatisPipelineUtilsThread] INFO  pipeline.PipelineStateManager (PipelineStateManager.java:addPipeline(56)) - Created pipeline Pipeline[ Id: 0baa0584-ed41-4499-980e-a18e834cde80, Nodes: cf77b951-1220-4844-8605-1ea68060b59b{ip: 192.168.164.214, host: pr-hdds-1569-vp9xg-4248047660, networkLocation: /default-rack, certSerialId: null}65e356af-3b1f-43b6-88fa-b0df542a6460{ip: 192.168.164.214, host: pr-hdds-1569-vp9xg-4248047660, networkLocation: /default-rack, certSerialId: null}c6f466fb-6021-469a-9685-fe99611c8ad0{ip: 192.168.164.214, host: pr-hdds-1569-vp9xg-4248047660, networkLocation: /default-rack, certSerialId: null}, Type:RATIS, Factor:THREE, State:OPEN]
2019-10-14 09:23:30,012 [RatisPipelineUtilsThread] INFO  pipeline.PipelinePlacementPolicy (PipelinePlacementPolicy.java:meetCriteria(104)) - Pipeline Placement: can't place more pipeline on heavy datanode： f21c5b87-272d-4473-86ef-15bafd2985f9 Heaviness: 5 limit: 5
2019-10-14 09:23:30,012 [RatisPipelineUtilsThread] INFO  pipeline.PipelinePlacementPolicy (PipelinePlacementPolicy.java:meetCriteria(104)) - Pipeline Placement: can't place more pipeline on heavy datanode： 03fab2fb-e7d4-4e78-a4c4-f6863ac12e1f Heaviness: 5 limit: 5
2019-10-14 09:23:30,012 [RatisPipelineUtilsThread] INFO  pipeline.PipelinePlacementPolicy (PipelinePlacementPolicy.java:meetCriteria(104)) - Pipeline Placement: can't place more pipeline on heavy datanode： ff8cf76f-81bb-40fb-9266-fb490038af97 Heaviness: 5 limit: 5
2019-10-14 09:23:30,013 [RatisPipelineUtilsThread] INFO  pipeline.PipelinePlacementPolicy (PipelinePlacementPolicy.java:meetCriteria(104)) - Pipeline Placement: can't place more pipeline on heavy datanode： 866eb045-3bfb-47dc-a4c6-3505e598a7c3 Heaviness: 5 limit: 5
2019-10-14 09:23:30,013 [RatisPipelineUtilsThread] INFO  pipeline.PipelinePlacementPolicy (PipelinePlacementPolicy.java:meetCriteria(104)) - Pipeline Placement: can't place more pipeline on heavy datanode： cf77b951-1220-4844-8605-1ea68060b59b Heaviness: 5 limit: 5
2019-10-14 09:23:30,013 [RatisPipelineUtilsThread] ERROR pipeline.PipelinePlacementPolicy (PipelinePlacementPolicy.java:filterViableNodes(162)) - Unable to find enough nodes that meet the criteria that cannot engage in more than 5 pipelines. Nodes required: 3 Found: 2, healthy nodes count in NodeManager: 7.
2019-10-14 09:23:30,013 [RatisPipelineUtilsThread] ERROR pipeline.SCMPipelineManager (SCMPipelineManager.java:createPipeline(193)) - Pipeline creation failed.
org.apache.hadoop.hdds.scm.exceptions.SCMException: Unable to find enough nodes that meet the criteria that cannot engage in more than 5 pipelines. Nodes required: 3 Found: 2, healthy nodes count in NodeManager: 7.
	at org.apache.hadoop.hdds.scm.pipeline.PipelinePlacementPolicy.filterViableNodes(PipelinePlacementPolicy.java:163)
	at org.apache.hadoop.hdds.scm.pipeline.PipelinePlacementPolicy.chooseDatanodes(PipelinePlacementPolicy.java:186)
	at org.apache.hadoop.hdds.scm.pipeline.RatisPipelineProvider.create(RatisPipelineProvider.java:131)
	at org.apache.hadoop.hdds.scm.pipeline.PipelineFactory.create(PipelineFactory.java:58)
	at org.apache.hadoop.hdds.scm.pipeline.SCMPipelineManager.createPipeline(SCMPipelineManager.java:183)
	at org.apache.hadoop.hdds.scm.pipeline.BackgroundPipelineCreator.createPipelines(BackgroundPipelineCreator.java:100)
	at java.util.concurrent.Executors$RunnableAdapter.call(Executors.java:511)
	at java.util.concurrent.FutureTask.run(FutureTask.java:266)
	at java.util.concurrent.ScheduledThreadPoolExecutor$ScheduledFutureTask.access$201(ScheduledThreadPoolExecutor.java:180)
	at java.util.concurrent.ScheduledThreadPoolExecutor$ScheduledFutureTask.run(ScheduledThreadPoolExecutor.java:293)
	at java.util.concurrent.ThreadPoolExecutor.runWorker(ThreadPoolExecutor.java:1149)
	at java.util.concurrent.ThreadPoolExecutor$Worker.run(ThreadPoolExecutor.java:624)
	at java.lang.Thread.run(Thread.java:748)
2019-10-14 09:23:30,541 [main] INFO  ozone.MiniOzoneClusterImpl (MiniOzoneClusterImpl.java:lambda$waitForClusterToBeReady$0(147)) - Cluster is ready. Got 7 of 7 DN Heartbeats.
2019-10-14 09:23:30,585 [main] INFO  rpc.RpcClient (RpcClient.java:createVolume(276)) - Creating Volume: watchforcommithandlingtest, with jenkins1000 as owner.
2019-10-14 09:23:30,588 [IPC Server handler 0 on 43876] INFO  volume.OMVolumeCreateRequest (OMVolumeCreateRequest.java:validateAndUpdateCache(189)) - created volume:watchforcommithandlingtest for user:jenkins1000
2019-10-14 09:23:30,604 [main] INFO  rpc.RpcClient (RpcClient.java:createBucket(415)) - Creating Bucket: watchforcommithandlingtest/watchforcommithandlingtest, with Versioning false and Storage Type set to DISK and Encryption set to false 
2019-10-14 09:23:30,609 [main] INFO  ozone.MiniOzoneClusterImpl (MiniOzoneClusterImpl.java:getStorageContainerLocationClient(234)) - Creating StorageContainerLocationProtocol RPC client with address /0.0.0.0:41417
2019-10-14 09:23:30,611 [IPC Server handler 10 on 41417] INFO  pipeline.PipelinePlacementPolicy (PipelinePlacementPolicy.java:meetCriteria(104)) - Pipeline Placement: can't place more pipeline on heavy datanode： f21c5b87-272d-4473-86ef-15bafd2985f9 Heaviness: 5 limit: 5
2019-10-14 09:23:30,611 [IPC Server handler 10 on 41417] INFO  pipeline.PipelinePlacementPolicy (PipelinePlacementPolicy.java:meetCriteria(104)) - Pipeline Placement: can't place more pipeline on heavy datanode： 03fab2fb-e7d4-4e78-a4c4-f6863ac12e1f Heaviness: 5 limit: 5
2019-10-14 09:23:30,611 [IPC Server handler 10 on 41417] INFO  pipeline.PipelinePlacementPolicy (PipelinePlacementPolicy.java:meetCriteria(104)) - Pipeline Placement: can't place more pipeline on heavy datanode： ff8cf76f-81bb-40fb-9266-fb490038af97 Heaviness: 5 limit: 5
2019-10-14 09:23:30,611 [IPC Server handler 10 on 41417] INFO  pipeline.PipelinePlacementPolicy (PipelinePlacementPolicy.java:meetCriteria(104)) - Pipeline Placement: can't place more pipeline on heavy datanode： 866eb045-3bfb-47dc-a4c6-3505e598a7c3 Heaviness: 5 limit: 5
2019-10-14 09:23:30,612 [IPC Server handler 10 on 41417] INFO  pipeline.PipelinePlacementPolicy (PipelinePlacementPolicy.java:meetCriteria(104)) - Pipeline Placement: can't place more pipeline on heavy datanode： cf77b951-1220-4844-8605-1ea68060b59b Heaviness: 5 limit: 5
2019-10-14 09:23:30,612 [IPC Server handler 10 on 41417] ERROR pipeline.PipelinePlacementPolicy (PipelinePlacementPolicy.java:filterViableNodes(162)) - Unable to find enough nodes that meet the criteria that cannot engage in more than 5 pipelines. Nodes required: 3 Found: 2, healthy nodes count in NodeManager: 7.
2019-10-14 09:23:30,612 [IPC Server handler 10 on 41417] ERROR pipeline.SCMPipelineManager (SCMPipelineManager.java:createPipeline(193)) - Pipeline creation failed.
org.apache.hadoop.hdds.scm.exceptions.SCMException: Unable to find enough nodes that meet the criteria that cannot engage in more than 5 pipelines. Nodes required: 3 Found: 2, healthy nodes count in NodeManager: 7.
	at org.apache.hadoop.hdds.scm.pipeline.PipelinePlacementPolicy.filterViableNodes(PipelinePlacementPolicy.java:163)
	at org.apache.hadoop.hdds.scm.pipeline.PipelinePlacementPolicy.chooseDatanodes(PipelinePlacementPolicy.java:186)
	at org.apache.hadoop.hdds.scm.pipeline.RatisPipelineProvider.create(RatisPipelineProvider.java:131)
	at org.apache.hadoop.hdds.scm.pipeline.PipelineFactory.create(PipelineFactory.java:58)
	at org.apache.hadoop.hdds.scm.pipeline.SCMPipelineManager.createPipeline(SCMPipelineManager.java:183)
	at org.apache.hadoop.hdds.scm.container.ContainerStateManager.allocateContainer(ContainerStateManager.java:255)
	at org.apache.hadoop.hdds.scm.container.SCMContainerManager.allocateContainer(SCMContainerManager.java:247)
	at org.apache.hadoop.hdds.scm.server.SCMClientProtocolServer.allocateContainer(SCMClientProtocolServer.java:186)
	at org.apache.hadoop.ozone.protocolPB.StorageContainerLocationProtocolServerSideTranslatorPB.allocateContainer(StorageContainerLocationProtocolServerSideTranslatorPB.java:123)
	at org.apache.hadoop.hdds.protocol.proto.StorageContainerLocationProtocolProtos$StorageContainerLocationProtocolService$2.callBlockingMethod(StorageContainerLocationProtocolProtos.java:21239)
	at org.apache.hadoop.ipc.ProtobufRpcEngine$Server$ProtoBufRpcInvoker.call(ProtobufRpcEngine.java:524)
	at org.apache.hadoop.ipc.RPC$Server.call(RPC.java:1025)
	at org.apache.hadoop.ipc.Server$RpcCall.run(Server.java:876)
	at org.apache.hadoop.ipc.Server$RpcCall.run(Server.java:822)
	at java.security.AccessController.doPrivileged(Native Method)
	at javax.security.auth.Subject.doAs(Subject.java:422)
	at org.apache.hadoop.security.UserGroupInformation.doAs(UserGroupInformation.java:1730)
	at org.apache.hadoop.ipc.Server$Handler.run(Server.java:2682)
2019-10-14 09:23:32,098 [Thread-4250] INFO  container.ReplicationManager (ReplicationManager.java:start(163)) - Starting Replication Monitor Thread.
2019-10-14 09:23:32,104 [ReplicationMonitor] INFO  container.ReplicationManager (ReplicationManager.java:run(226)) - Replication Monitor Thread took 0 milliseconds for processing 1 containers.
2019-10-14 09:23:34,165 [Thread-4252] INFO  impl.FollowerState (FollowerState.java:run(106)) - 866eb045-3bfb-47dc-a4c6-3505e598a7c3:group-9B2205769DA1 changes to CANDIDATE, lastRpcTime:5012, electionTimeout:5012ms
2019-10-14 09:23:34,165 [Thread-4252] INFO  impl.RoleInfo (RoleInfo.java:shutdownFollowerState(121)) - 866eb045-3bfb-47dc-a4c6-3505e598a7c3: shutdown FollowerState
2019-10-14 09:23:34,166 [Thread-4252] INFO  impl.RaftServerImpl (RaftServerImpl.java:setRole(174)) - 866eb045-3bfb-47dc-a4c6-3505e598a7c3@group-9B2205769DA1: changes role from  FOLLOWER to CANDIDATE at term 0 for changeToCandidate
2019-10-14 09:23:34,166 [Thread-4252] INFO  impl.RoleInfo (RoleInfo.java:updateAndGet(143)) - 866eb045-3bfb-47dc-a4c6-3505e598a7c3: start LeaderElection
2019-10-14 09:23:34,198 [866eb045-3bfb-47dc-a4c6-3505e598a7c3@group-9B2205769DA1:LeaderElection230] INFO  impl.LeaderElection (LeaderElection.java:askForVotes(182)) - 866eb045-3bfb-47dc-a4c6-3505e598a7c3@group-9B2205769DA1:LeaderElection230: begin an election at term 1 for -1: [866eb045-3bfb-47dc-a4c6-3505e598a7c3:192.168.164.214:38008], old=null
2019-10-14 09:23:34,198 [866eb045-3bfb-47dc-a4c6-3505e598a7c3@group-9B2205769DA1:LeaderElection230] INFO  impl.RoleInfo (RoleInfo.java:shutdownLeaderElection(134)) - 866eb045-3bfb-47dc-a4c6-3505e598a7c3: shutdown LeaderElection
2019-10-14 09:23:34,199 [866eb045-3bfb-47dc-a4c6-3505e598a7c3@group-9B2205769DA1:LeaderElection230] INFO  impl.RaftServerImpl (RaftServerImpl.java:setRole(174)) - 866eb045-3bfb-47dc-a4c6-3505e598a7c3@group-9B2205769DA1: changes role from CANDIDATE to LEADER at term 1 for changeToLeader
2019-10-14 09:23:34,199 [866eb045-3bfb-47dc-a4c6-3505e598a7c3@group-9B2205769DA1:LeaderElection230] INFO  impl.RaftServerImpl (ServerState.java:setLeader(253)) - 866eb045-3bfb-47dc-a4c6-3505e598a7c3@group-9B2205769DA1: change Leader from null to 866eb045-3bfb-47dc-a4c6-3505e598a7c3 at term 1 for becomeLeader, leader elected after 5053ms
2019-10-14 09:23:34,199 [866eb045-3bfb-47dc-a4c6-3505e598a7c3@group-9B2205769DA1:LeaderElection230] INFO  server.RaftServerConfigKeys (ConfUtils.java:logGet(43)) - raft.server.staging.catchup.gap = 1000 (default)
2019-10-14 09:23:34,199 [866eb045-3bfb-47dc-a4c6-3505e598a7c3@group-9B2205769DA1:LeaderElection230] INFO  server.RaftServerConfigKeys (ConfUtils.java:logGet(43)) - raft.server.rpc.sleep.time = 25ms (default)
2019-10-14 09:23:34,199 [866eb045-3bfb-47dc-a4c6-3505e598a7c3@group-9B2205769DA1:LeaderElection230] INFO  server.RaftServerConfigKeys (ConfUtils.java:logGet(43)) - raft.server.write.element-limit = 4096 (default)
2019-10-14 09:23:34,199 [866eb045-3bfb-47dc-a4c6-3505e598a7c3@group-9B2205769DA1:LeaderElection230] INFO  server.RaftServerConfigKeys (ConfUtils.java:logGet(43)) - raft.server.watch.timeout = 10s (default)
2019-10-14 09:23:34,200 [866eb045-3bfb-47dc-a4c6-3505e598a7c3@group-9B2205769DA1:LeaderElection230] INFO  server.RaftServerConfigKeys (ConfUtils.java:logGet(43)) - raft.server.watch.timeout.denomination = 1s (default)
2019-10-14 09:23:34,200 [866eb045-3bfb-47dc-a4c6-3505e598a7c3@group-9B2205769DA1:LeaderElection230] INFO  server.RaftServerConfigKeys (ConfUtils.java:logGet(43)) - raft.server.watch.element-limit = 65536 (default)
2019-10-14 09:23:34,202 [866eb045-3bfb-47dc-a4c6-3505e598a7c3@group-9B2205769DA1:LeaderElection230] INFO  impl.RoleInfo (RoleInfo.java:updateAndGet(143)) - 866eb045-3bfb-47dc-a4c6-3505e598a7c3: start LeaderState
2019-10-14 09:23:34,203 [866eb045-3bfb-47dc-a4c6-3505e598a7c3@group-9B2205769DA1:LeaderElection230] INFO  segmented.SegmentedRaftLogWorker (SegmentedRaftLogWorker.java:startLogSegment(380)) - 866eb045-3bfb-47dc-a4c6-3505e598a7c3@group-9B2205769DA1-SegmentedRaftLogWorker: Starting segment from index:0
2019-10-14 09:23:34,203 [866eb045-3bfb-47dc-a4c6-3505e598a7c3@group-9B2205769DA1:LeaderElection230] INFO  impl.RaftServerImpl (ServerState.java:setRaftConf(354)) - 866eb045-3bfb-47dc-a4c6-3505e598a7c3@group-9B2205769DA1: set configuration 0: [866eb045-3bfb-47dc-a4c6-3505e598a7c3:192.168.164.214:38008], old=null at 0
2019-10-14 09:23:34,255 [866eb045-3bfb-47dc-a4c6-3505e598a7c3@group-9B2205769DA1-SegmentedRaftLogWorker] INFO  segmented.SegmentedRaftLogWorker (SegmentedRaftLogWorker.java:execute(569)) - 866eb045-3bfb-47dc-a4c6-3505e598a7c3@group-9B2205769DA1-SegmentedRaftLogWorker: created new log segment /workdir/hadoop-ozone/integration-test/target/test-dir/MiniOzoneClusterImpl-404eb741-03bf-48e0-a9fb-0e06e39ca081/datanode-0/data/ratis/111d924b-e155-4586-93b8-9b2205769da1/current/log_inprogress_0
2019-10-14 09:23:34,305 [Thread-4255] INFO  impl.FollowerState (FollowerState.java:run(106)) - cf77b951-1220-4844-8605-1ea68060b59b:group-0EFBC4FA48CD changes to CANDIDATE, lastRpcTime:5094, electionTimeout:5094ms
2019-10-14 09:23:34,305 [Thread-4255] INFO  impl.RoleInfo (RoleInfo.java:shutdownFollowerState(121)) - cf77b951-1220-4844-8605-1ea68060b59b: shutdown FollowerState
2019-10-14 09:23:34,306 [Thread-4255] INFO  impl.RaftServerImpl (RaftServerImpl.java:setRole(174)) - cf77b951-1220-4844-8605-1ea68060b59b@group-0EFBC4FA48CD: changes role from  FOLLOWER to CANDIDATE at term 0 for changeToCandidate
2019-10-14 09:23:34,306 [Thread-4255] INFO  impl.RoleInfo (RoleInfo.java:updateAndGet(143)) - cf77b951-1220-4844-8605-1ea68060b59b: start LeaderElection
2019-10-14 09:23:34,334 [cf77b951-1220-4844-8605-1ea68060b59b@group-0EFBC4FA48CD:LeaderElection231] INFO  impl.LeaderElection (LeaderElection.java:askForVotes(182)) - cf77b951-1220-4844-8605-1ea68060b59b@group-0EFBC4FA48CD:LeaderElection231: begin an election at term 1 for -1: [cf77b951-1220-4844-8605-1ea68060b59b:192.168.164.214:39644], old=null
2019-10-14 09:23:34,334 [cf77b951-1220-4844-8605-1ea68060b59b@group-0EFBC4FA48CD:LeaderElection231] INFO  impl.RoleInfo (RoleInfo.java:shutdownLeaderElection(134)) - cf77b951-1220-4844-8605-1ea68060b59b: shutdown LeaderElection
2019-10-14 09:23:34,334 [cf77b951-1220-4844-8605-1ea68060b59b@group-0EFBC4FA48CD:LeaderElection231] INFO  impl.RaftServerImpl (RaftServerImpl.java:setRole(174)) - cf77b951-1220-4844-8605-1ea68060b59b@group-0EFBC4FA48CD: changes role from CANDIDATE to LEADER at term 1 for changeToLeader
2019-10-14 09:23:34,334 [cf77b951-1220-4844-8605-1ea68060b59b@group-0EFBC4FA48CD:LeaderElection231] INFO  impl.RaftServerImpl (ServerState.java:setLeader(253)) - cf77b951-1220-4844-8605-1ea68060b59b@group-0EFBC4FA48CD: change Leader from null to cf77b951-1220-4844-8605-1ea68060b59b at term 1 for becomeLeader, leader elected after 5128ms
2019-10-14 09:23:34,335 [cf77b951-1220-4844-8605-1ea68060b59b@group-0EFBC4FA48CD:LeaderElection231] INFO  server.RaftServerConfigKeys (ConfUtils.java:logGet(43)) - raft.server.staging.catchup.gap = 1000 (default)
2019-10-14 09:23:34,335 [cf77b951-1220-4844-8605-1ea68060b59b@group-0EFBC4FA48CD:LeaderElection231] INFO  server.RaftServerConfigKeys (ConfUtils.java:logGet(43)) - raft.server.rpc.sleep.time = 25ms (default)
2019-10-14 09:23:34,335 [cf77b951-1220-4844-8605-1ea68060b59b@group-0EFBC4FA48CD:LeaderElection231] INFO  server.RaftServerConfigKeys (ConfUtils.java:logGet(43)) - raft.server.write.element-limit = 4096 (default)
2019-10-14 09:23:34,335 [cf77b951-1220-4844-8605-1ea68060b59b@group-0EFBC4FA48CD:LeaderElection231] INFO  server.RaftServerConfigKeys (ConfUtils.java:logGet(43)) - raft.server.watch.timeout = 10s (default)
2019-10-14 09:23:34,335 [cf77b951-1220-4844-8605-1ea68060b59b@group-0EFBC4FA48CD:LeaderElection231] INFO  server.RaftServerConfigKeys (ConfUtils.java:logGet(43)) - raft.server.watch.timeout.denomination = 1s (default)
2019-10-14 09:23:34,335 [cf77b951-1220-4844-8605-1ea68060b59b@group-0EFBC4FA48CD:LeaderElection231] INFO  server.RaftServerConfigKeys (ConfUtils.java:logGet(43)) - raft.server.watch.element-limit = 65536 (default)
2019-10-14 09:23:34,337 [cf77b951-1220-4844-8605-1ea68060b59b@group-0EFBC4FA48CD:LeaderElection231] INFO  impl.RoleInfo (RoleInfo.java:updateAndGet(143)) - cf77b951-1220-4844-8605-1ea68060b59b: start LeaderState
2019-10-14 09:23:34,337 [cf77b951-1220-4844-8605-1ea68060b59b@group-0EFBC4FA48CD:LeaderElection231] INFO  segmented.SegmentedRaftLogWorker (SegmentedRaftLogWorker.java:startLogSegment(380)) - cf77b951-1220-4844-8605-1ea68060b59b@group-0EFBC4FA48CD-SegmentedRaftLogWorker: Starting segment from index:0
2019-10-14 09:23:34,337 [cf77b951-1220-4844-8605-1ea68060b59b@group-0EFBC4FA48CD:LeaderElection231] INFO  impl.RaftServerImpl (ServerState.java:setRaftConf(354)) - cf77b951-1220-4844-8605-1ea68060b59b@group-0EFBC4FA48CD: set configuration 0: [cf77b951-1220-4844-8605-1ea68060b59b:192.168.164.214:39644], old=null at 0
2019-10-14 09:23:34,355 [Thread-4258] INFO  impl.FollowerState (FollowerState.java:run(106)) - 65e356af-3b1f-43b6-88fa-b0df542a6460:group-52B0A9DD14E9 changes to CANDIDATE, lastRpcTime:5080, electionTimeout:5080ms
2019-10-14 09:23:34,355 [Thread-4258] INFO  impl.RoleInfo (RoleInfo.java:shutdownFollowerState(121)) - 65e356af-3b1f-43b6-88fa-b0df542a6460: shutdown FollowerState
2019-10-14 09:23:34,355 [Thread-4258] INFO  impl.RaftServerImpl (RaftServerImpl.java:setRole(174)) - 65e356af-3b1f-43b6-88fa-b0df542a6460@group-52B0A9DD14E9: changes role from  FOLLOWER to CANDIDATE at term 0 for changeToCandidate
2019-10-14 09:23:34,355 [Thread-4258] INFO  impl.RoleInfo (RoleInfo.java:updateAndGet(143)) - 65e356af-3b1f-43b6-88fa-b0df542a6460: start LeaderElection
2019-10-14 09:23:34,387 [cf77b951-1220-4844-8605-1ea68060b59b@group-0EFBC4FA48CD-SegmentedRaftLogWorker] INFO  segmented.SegmentedRaftLogWorker (SegmentedRaftLogWorker.java:execute(569)) - cf77b951-1220-4844-8605-1ea68060b59b@group-0EFBC4FA48CD-SegmentedRaftLogWorker: created new log segment /workdir/hadoop-ozone/integration-test/target/test-dir/MiniOzoneClusterImpl-404eb741-03bf-48e0-a9fb-0e06e39ca081/datanode-1/data/ratis/3ffd63d3-40e7-41e1-a94c-0efbc4fa48cd/current/log_inprogress_0
2019-10-14 09:23:34,387 [65e356af-3b1f-43b6-88fa-b0df542a6460@group-52B0A9DD14E9:LeaderElection232] INFO  impl.LeaderElection (LeaderElection.java:askForVotes(182)) - 65e356af-3b1f-43b6-88fa-b0df542a6460@group-52B0A9DD14E9:LeaderElection232: begin an election at term 1 for -1: [65e356af-3b1f-43b6-88fa-b0df542a6460:192.168.164.214:38206], old=null
2019-10-14 09:23:34,388 [65e356af-3b1f-43b6-88fa-b0df542a6460@group-52B0A9DD14E9:LeaderElection232] INFO  impl.RoleInfo (RoleInfo.java:shutdownLeaderElection(134)) - 65e356af-3b1f-43b6-88fa-b0df542a6460: shutdown LeaderElection
2019-10-14 09:23:34,388 [65e356af-3b1f-43b6-88fa-b0df542a6460@group-52B0A9DD14E9:LeaderElection232] INFO  impl.RaftServerImpl (RaftServerImpl.java:setRole(174)) - 65e356af-3b1f-43b6-88fa-b0df542a6460@group-52B0A9DD14E9: changes role from CANDIDATE to LEADER at term 1 for changeToLeader
2019-10-14 09:23:34,388 [65e356af-3b1f-43b6-88fa-b0df542a6460@group-52B0A9DD14E9:LeaderElection232] INFO  impl.RaftServerImpl (ServerState.java:setLeader(253)) - 65e356af-3b1f-43b6-88fa-b0df542a6460@group-52B0A9DD14E9: change Leader from null to 65e356af-3b1f-43b6-88fa-b0df542a6460 at term 1 for becomeLeader, leader elected after 5119ms
2019-10-14 09:23:34,388 [65e356af-3b1f-43b6-88fa-b0df542a6460@group-52B0A9DD14E9:LeaderElection232] INFO  server.RaftServerConfigKeys (ConfUtils.java:logGet(43)) - raft.server.staging.catchup.gap = 1000 (default)
2019-10-14 09:23:34,388 [65e356af-3b1f-43b6-88fa-b0df542a6460@group-52B0A9DD14E9:LeaderElection232] INFO  server.RaftServerConfigKeys (ConfUtils.java:logGet(43)) - raft.server.rpc.sleep.time = 25ms (default)
2019-10-14 09:23:34,388 [65e356af-3b1f-43b6-88fa-b0df542a6460@group-52B0A9DD14E9:LeaderElection232] INFO  server.RaftServerConfigKeys (ConfUtils.java:logGet(43)) - raft.server.write.element-limit = 4096 (default)
2019-10-14 09:23:34,388 [65e356af-3b1f-43b6-88fa-b0df542a6460@group-52B0A9DD14E9:LeaderElection232] INFO  server.RaftServerConfigKeys (ConfUtils.java:logGet(43)) - raft.server.watch.timeout = 10s (default)
2019-10-14 09:23:34,388 [65e356af-3b1f-43b6-88fa-b0df542a6460@group-52B0A9DD14E9:LeaderElection232] INFO  server.RaftServerConfigKeys (ConfUtils.java:logGet(43)) - raft.server.watch.timeout.denomination = 1s (default)
2019-10-14 09:23:34,388 [65e356af-3b1f-43b6-88fa-b0df542a6460@group-52B0A9DD14E9:LeaderElection232] INFO  server.RaftServerConfigKeys (ConfUtils.java:logGet(43)) - raft.server.watch.element-limit = 65536 (default)
2019-10-14 09:23:34,389 [65e356af-3b1f-43b6-88fa-b0df542a6460@group-52B0A9DD14E9:LeaderElection232] INFO  impl.RoleInfo (RoleInfo.java:updateAndGet(143)) - 65e356af-3b1f-43b6-88fa-b0df542a6460: start LeaderState
2019-10-14 09:23:34,389 [65e356af-3b1f-43b6-88fa-b0df542a6460@group-52B0A9DD14E9:LeaderElection232] INFO  segmented.SegmentedRaftLogWorker (SegmentedRaftLogWorker.java:startLogSegment(380)) - 65e356af-3b1f-43b6-88fa-b0df542a6460@group-52B0A9DD14E9-SegmentedRaftLogWorker: Starting segment from index:0
2019-10-14 09:23:34,390 [65e356af-3b1f-43b6-88fa-b0df542a6460@group-52B0A9DD14E9:LeaderElection232] INFO  impl.RaftServerImpl (ServerState.java:setRaftConf(354)) - 65e356af-3b1f-43b6-88fa-b0df542a6460@group-52B0A9DD14E9: set configuration 0: [65e356af-3b1f-43b6-88fa-b0df542a6460:192.168.164.214:38206], old=null at 0
2019-10-14 09:23:34,413 [Thread-4267] INFO  impl.FollowerState (FollowerState.java:run(106)) - cf77b951-1220-4844-8605-1ea68060b59b:group-D2D7F11C67B7 changes to CANDIDATE, lastRpcTime:5058, electionTimeout:5058ms
2019-10-14 09:23:34,413 [Thread-4267] INFO  impl.RoleInfo (RoleInfo.java:shutdownFollowerState(121)) - cf77b951-1220-4844-8605-1ea68060b59b: shutdown FollowerState
2019-10-14 09:23:34,413 [Thread-4267] INFO  impl.RaftServerImpl (RaftServerImpl.java:setRole(174)) - cf77b951-1220-4844-8605-1ea68060b59b@group-D2D7F11C67B7: changes role from  FOLLOWER to CANDIDATE at term 0 for changeToCandidate
2019-10-14 09:23:34,413 [Thread-4267] INFO  impl.RoleInfo (RoleInfo.java:updateAndGet(143)) - cf77b951-1220-4844-8605-1ea68060b59b: start LeaderElection
2019-10-14 09:23:34,432 [65e356af-3b1f-43b6-88fa-b0df542a6460@group-52B0A9DD14E9-SegmentedRaftLogWorker] INFO  segmented.SegmentedRaftLogWorker (SegmentedRaftLogWorker.java:execute(569)) - 65e356af-3b1f-43b6-88fa-b0df542a6460@group-52B0A9DD14E9-SegmentedRaftLogWorker: created new log segment /workdir/hadoop-ozone/integration-test/target/test-dir/MiniOzoneClusterImpl-404eb741-03bf-48e0-a9fb-0e06e39ca081/datanode-2/data/ratis/f084cc1f-c6d3-44c4-8f58-52b0a9dd14e9/current/log_inprogress_0
2019-10-14 09:23:34,432 [cf77b951-1220-4844-8605-1ea68060b59b@group-D2D7F11C67B7:LeaderElection233] INFO  impl.LeaderElection (LeaderElection.java:askForVotes(182)) - cf77b951-1220-4844-8605-1ea68060b59b@group-D2D7F11C67B7:LeaderElection233: begin an election at term 1 for -1: [65e356af-3b1f-43b6-88fa-b0df542a6460:192.168.164.214:38206, 866eb045-3bfb-47dc-a4c6-3505e598a7c3:192.168.164.214:38008, cf77b951-1220-4844-8605-1ea68060b59b:192.168.164.214:39644], old=null
2019-10-14 09:23:34,439 [grpc-default-executor-3] INFO  impl.RaftServerImpl (RaftServerImpl.java:setRole(174)) - 866eb045-3bfb-47dc-a4c6-3505e598a7c3@group-D2D7F11C67B7: changes role from  FOLLOWER to FOLLOWER at term 1 for recognizeCandidate:cf77b951-1220-4844-8605-1ea68060b59b
2019-10-14 09:23:34,439 [grpc-default-executor-3] INFO  impl.RoleInfo (RoleInfo.java:shutdownFollowerState(121)) - 866eb045-3bfb-47dc-a4c6-3505e598a7c3: shutdown FollowerState
2019-10-14 09:23:34,439 [grpc-default-executor-10] INFO  impl.RaftServerImpl (RaftServerImpl.java:setRole(174)) - 65e356af-3b1f-43b6-88fa-b0df542a6460@group-D2D7F11C67B7: changes role from  FOLLOWER to FOLLOWER at term 1 for recognizeCandidate:cf77b951-1220-4844-8605-1ea68060b59b
2019-10-14 09:23:34,440 [grpc-default-executor-3] INFO  impl.RoleInfo (RoleInfo.java:updateAndGet(143)) - 866eb045-3bfb-47dc-a4c6-3505e598a7c3: start FollowerState
2019-10-14 09:23:34,440 [Thread-4265] INFO  impl.FollowerState (FollowerState.java:run(115)) - 866eb045-3bfb-47dc-a4c6-3505e598a7c3: FollowerState was interrupted: java.lang.InterruptedException: sleep interrupted
2019-10-14 09:23:34,440 [grpc-default-executor-10] INFO  impl.RoleInfo (RoleInfo.java:shutdownFollowerState(121)) - 65e356af-3b1f-43b6-88fa-b0df542a6460: shutdown FollowerState
2019-10-14 09:23:34,440 [grpc-default-executor-10] INFO  impl.RoleInfo (RoleInfo.java:updateAndGet(143)) - 65e356af-3b1f-43b6-88fa-b0df542a6460: start FollowerState
2019-10-14 09:23:34,440 [Thread-4262] INFO  impl.FollowerState (FollowerState.java:run(115)) - 65e356af-3b1f-43b6-88fa-b0df542a6460: FollowerState was interrupted: java.lang.InterruptedException: sleep interrupted
2019-10-14 09:23:34,452 [cf77b951-1220-4844-8605-1ea68060b59b@group-D2D7F11C67B7:LeaderElection233] INFO  impl.LeaderElection (LeaderElection.java:logAndReturn(56)) - cf77b951-1220-4844-8605-1ea68060b59b@group-D2D7F11C67B7:LeaderElection233: Election PASSED; received 1 response(s) [cf77b951-1220-4844-8605-1ea68060b59b<-866eb045-3bfb-47dc-a4c6-3505e598a7c3#0:OK-t1] and 0 exception(s); cf77b951-1220-4844-8605-1ea68060b59b@group-D2D7F11C67B7:t1, leader=null, voted=cf77b951-1220-4844-8605-1ea68060b59b, raftlog=cf77b951-1220-4844-8605-1ea68060b59b@group-D2D7F11C67B7-SegmentedRaftLog:OPENED:c-1,f-1,i0, conf=-1: [65e356af-3b1f-43b6-88fa-b0df542a6460:192.168.164.214:38206, 866eb045-3bfb-47dc-a4c6-3505e598a7c3:192.168.164.214:38008, cf77b951-1220-4844-8605-1ea68060b59b:192.168.164.214:39644], old=null
2019-10-14 09:23:34,453 [cf77b951-1220-4844-8605-1ea68060b59b@group-D2D7F11C67B7:LeaderElection233] INFO  impl.RoleInfo (RoleInfo.java:shutdownLeaderElection(134)) - cf77b951-1220-4844-8605-1ea68060b59b: shutdown LeaderElection
2019-10-14 09:23:34,453 [cf77b951-1220-4844-8605-1ea68060b59b@group-D2D7F11C67B7:LeaderElection233] INFO  impl.RaftServerImpl (RaftServerImpl.java:setRole(174)) - cf77b951-1220-4844-8605-1ea68060b59b@group-D2D7F11C67B7: changes role from CANDIDATE to LEADER at term 1 for changeToLeader
2019-10-14 09:23:34,453 [cf77b951-1220-4844-8605-1ea68060b59b@group-D2D7F11C67B7:LeaderElection233] INFO  impl.RaftServerImpl (ServerState.java:setLeader(253)) - cf77b951-1220-4844-8605-1ea68060b59b@group-D2D7F11C67B7: change Leader from null to cf77b951-1220-4844-8605-1ea68060b59b at term 1 for becomeLeader, leader elected after 5111ms
2019-10-14 09:23:34,453 [cf77b951-1220-4844-8605-1ea68060b59b@group-D2D7F11C67B7:LeaderElection233] INFO  server.RaftServerConfigKeys (ConfUtils.java:logGet(43)) - raft.server.staging.catchup.gap = 1000 (default)
2019-10-14 09:23:34,453 [cf77b951-1220-4844-8605-1ea68060b59b@group-D2D7F11C67B7:LeaderElection233] INFO  server.RaftServerConfigKeys (ConfUtils.java:logGet(43)) - raft.server.rpc.sleep.time = 25ms (default)
2019-10-14 09:23:34,453 [cf77b951-1220-4844-8605-1ea68060b59b@group-D2D7F11C67B7:LeaderElection233] INFO  server.RaftServerConfigKeys (ConfUtils.java:logGet(43)) - raft.server.write.element-limit = 4096 (default)
2019-10-14 09:23:34,454 [cf77b951-1220-4844-8605-1ea68060b59b@group-D2D7F11C67B7:LeaderElection233] INFO  server.RaftServerConfigKeys (ConfUtils.java:logGet(43)) - raft.server.watch.timeout = 10s (default)
2019-10-14 09:23:34,454 [cf77b951-1220-4844-8605-1ea68060b59b@group-D2D7F11C67B7:LeaderElection233] INFO  server.RaftServerConfigKeys (ConfUtils.java:logGet(43)) - raft.server.watch.timeout.denomination = 1s (default)
2019-10-14 09:23:34,454 [cf77b951-1220-4844-8605-1ea68060b59b@group-D2D7F11C67B7:LeaderElection233] INFO  server.RaftServerConfigKeys (ConfUtils.java:logGet(43)) - raft.server.watch.element-limit = 65536 (default)
2019-10-14 09:23:34,456 [cf77b951-1220-4844-8605-1ea68060b59b@group-D2D7F11C67B7:LeaderElection233] INFO  server.RaftServerConfigKeys (ConfUtils.java:logGet(43)) - raft.server.log.appender.snapshot.chunk.size.max = 16MB (=16777216) (default)
2019-10-14 09:23:34,456 [cf77b951-1220-4844-8605-1ea68060b59b@group-D2D7F11C67B7:LeaderElection233] INFO  server.RaftServerConfigKeys (ConfUtils.java:logGet(43)) - raft.server.log.appender.buffer.byte-limit = 33554432 (custom)
2019-10-14 09:23:34,456 [cf77b951-1220-4844-8605-1ea68060b59b@group-D2D7F11C67B7:LeaderElection233] INFO  server.RaftServerConfigKeys (ConfUtils.java:logGet(43)) - raft.server.log.appender.buffer.element-limit = 1 (custom)
2019-10-14 09:23:34,457 [cf77b951-1220-4844-8605-1ea68060b59b@group-D2D7F11C67B7:LeaderElection233] INFO  grpc.GrpcConfigKeys$Server (ConfUtils.java:logGet(43)) - raft.grpc.server.leader.outstanding.appends.max = 128 (default)
2019-10-14 09:23:34,457 [cf77b951-1220-4844-8605-1ea68060b59b@group-D2D7F11C67B7:LeaderElection233] INFO  server.RaftServerConfigKeys (ConfUtils.java:logGet(43)) - raft.server.rpc.request.timeout = 3000ms (default)
2019-10-14 09:23:34,457 [cf77b951-1220-4844-8605-1ea68060b59b@group-D2D7F11C67B7:LeaderElection233] INFO  server.RaftServerConfigKeys (ConfUtils.java:logGet(43)) - raft.server.log.appender.install.snapshot.enabled = false (custom)
2019-10-14 09:23:34,457 [cf77b951-1220-4844-8605-1ea68060b59b@group-D2D7F11C67B7:LeaderElection233] INFO  server.RaftServerConfigKeys (ConfUtils.java:logGet(43)) - raft.server.log.appender.snapshot.chunk.size.max = 16MB (=16777216) (default)
2019-10-14 09:23:34,458 [cf77b951-1220-4844-8605-1ea68060b59b@group-D2D7F11C67B7:LeaderElection233] INFO  server.RaftServerConfigKeys (ConfUtils.java:logGet(43)) - raft.server.log.appender.buffer.byte-limit = 33554432 (custom)
2019-10-14 09:23:34,458 [cf77b951-1220-4844-8605-1ea68060b59b@group-D2D7F11C67B7:LeaderElection233] INFO  server.RaftServerConfigKeys (ConfUtils.java:logGet(43)) - raft.server.log.appender.buffer.element-limit = 1 (custom)
2019-10-14 09:23:34,458 [cf77b951-1220-4844-8605-1ea68060b59b@group-D2D7F11C67B7:LeaderElection233] INFO  grpc.GrpcConfigKeys$Server (ConfUtils.java:logGet(43)) - raft.grpc.server.leader.outstanding.appends.max = 128 (default)
2019-10-14 09:23:34,458 [cf77b951-1220-4844-8605-1ea68060b59b@group-D2D7F11C67B7:LeaderElection233] INFO  server.RaftServerConfigKeys (ConfUtils.java:logGet(43)) - raft.server.rpc.request.timeout = 3000ms (default)
2019-10-14 09:23:34,458 [cf77b951-1220-4844-8605-1ea68060b59b@group-D2D7F11C67B7:LeaderElection233] INFO  server.RaftServerConfigKeys (ConfUtils.java:logGet(43)) - raft.server.log.appender.install.snapshot.enabled = false (custom)
2019-10-14 09:23:34,459 [cf77b951-1220-4844-8605-1ea68060b59b@group-D2D7F11C67B7:LeaderElection233] INFO  impl.RoleInfo (RoleInfo.java:updateAndGet(143)) - cf77b951-1220-4844-8605-1ea68060b59b: start LeaderState
2019-10-14 09:23:34,459 [cf77b951-1220-4844-8605-1ea68060b59b@group-D2D7F11C67B7:LeaderElection233] INFO  segmented.SegmentedRaftLogWorker (SegmentedRaftLogWorker.java:startLogSegment(380)) - cf77b951-1220-4844-8605-1ea68060b59b@group-D2D7F11C67B7-SegmentedRaftLogWorker: Starting segment from index:0
2019-10-14 09:23:34,460 [cf77b951-1220-4844-8605-1ea68060b59b@group-D2D7F11C67B7:LeaderElection233] INFO  impl.RaftServerImpl (ServerState.java:setRaftConf(354)) - cf77b951-1220-4844-8605-1ea68060b59b@group-D2D7F11C67B7: set configuration 0: [65e356af-3b1f-43b6-88fa-b0df542a6460:192.168.164.214:38206, 866eb045-3bfb-47dc-a4c6-3505e598a7c3:192.168.164.214:38008, cf77b951-1220-4844-8605-1ea68060b59b:192.168.164.214:39644], old=null at 0
2019-10-14 09:23:34,460 [grpc-default-executor-10] INFO  impl.RaftServerImpl (ServerState.java:setLeader(253)) - 65e356af-3b1f-43b6-88fa-b0df542a6460@group-D2D7F11C67B7: change Leader from null to cf77b951-1220-4844-8605-1ea68060b59b at term 1 for appendEntries, leader elected after 5118ms
2019-10-14 09:23:34,461 [grpc-default-executor-3] INFO  impl.RaftServerImpl (ServerState.java:setLeader(253)) - 866eb045-3bfb-47dc-a4c6-3505e598a7c3@group-D2D7F11C67B7: change Leader from null to cf77b951-1220-4844-8605-1ea68060b59b at term 1 for appendEntries, leader elected after 5118ms
2019-10-14 09:23:34,486 [Thread-4275] INFO  impl.FollowerState (FollowerState.java:run(106)) - cf77b951-1220-4844-8605-1ea68060b59b:group-744AA81B7672 changes to CANDIDATE, lastRpcTime:5045, electionTimeout:5033ms
2019-10-14 09:23:34,488 [Thread-4275] INFO  impl.RoleInfo (RoleInfo.java:shutdownFollowerState(121)) - cf77b951-1220-4844-8605-1ea68060b59b: shutdown FollowerState
2019-10-14 09:23:34,489 [Thread-4275] INFO  impl.RaftServerImpl (RaftServerImpl.java:setRole(174)) - cf77b951-1220-4844-8605-1ea68060b59b@group-744AA81B7672: changes role from  FOLLOWER to CANDIDATE at term 0 for changeToCandidate
2019-10-14 09:23:34,489 [Thread-4275] INFO  impl.RoleInfo (RoleInfo.java:updateAndGet(143)) - cf77b951-1220-4844-8605-1ea68060b59b: start LeaderElection
2019-10-14 09:23:34,493 [grpc-default-executor-3] INFO  impl.RaftServerImpl (ServerState.java:setRaftConf(354)) - 65e356af-3b1f-43b6-88fa-b0df542a6460@group-D2D7F11C67B7: set configuration 0: [65e356af-3b1f-43b6-88fa-b0df542a6460:192.168.164.214:38206, 866eb045-3bfb-47dc-a4c6-3505e598a7c3:192.168.164.214:38008, cf77b951-1220-4844-8605-1ea68060b59b:192.168.164.214:39644], old=null at 0
2019-10-14 09:23:34,493 [grpc-default-executor-10] INFO  impl.RaftServerImpl (ServerState.java:setRaftConf(354)) - 866eb045-3bfb-47dc-a4c6-3505e598a7c3@group-D2D7F11C67B7: set configuration 0: [65e356af-3b1f-43b6-88fa-b0df542a6460:192.168.164.214:38206, 866eb045-3bfb-47dc-a4c6-3505e598a7c3:192.168.164.214:38008, cf77b951-1220-4844-8605-1ea68060b59b:192.168.164.214:39644], old=null at 0
2019-10-14 09:23:34,494 [grpc-default-executor-3] INFO  segmented.SegmentedRaftLogWorker (SegmentedRaftLogWorker.java:startLogSegment(380)) - 65e356af-3b1f-43b6-88fa-b0df542a6460@group-D2D7F11C67B7-SegmentedRaftLogWorker: Starting segment from index:0
2019-10-14 09:23:34,494 [grpc-default-executor-10] INFO  segmented.SegmentedRaftLogWorker (SegmentedRaftLogWorker.java:startLogSegment(380)) - 866eb045-3bfb-47dc-a4c6-3505e598a7c3@group-D2D7F11C67B7-SegmentedRaftLogWorker: Starting segment from index:0
2019-10-14 09:23:34,504 [Thread-4273] INFO  impl.FollowerState (FollowerState.java:run(106)) - 866eb045-3bfb-47dc-a4c6-3505e598a7c3:group-744AA81B7672 changes to CANDIDATE, lastRpcTime:5063, electionTimeout:5063ms
2019-10-14 09:23:34,504 [Thread-4273] INFO  impl.RoleInfo (RoleInfo.java:shutdownFollowerState(121)) - 866eb045-3bfb-47dc-a4c6-3505e598a7c3: shutdown FollowerState
2019-10-14 09:23:34,504 [Thread-4273] INFO  impl.RaftServerImpl (RaftServerImpl.java:setRole(174)) - 866eb045-3bfb-47dc-a4c6-3505e598a7c3@group-744AA81B7672: changes role from  FOLLOWER to CANDIDATE at term 0 for changeToCandidate
2019-10-14 09:23:34,504 [Thread-4273] INFO  impl.RoleInfo (RoleInfo.java:updateAndGet(143)) - 866eb045-3bfb-47dc-a4c6-3505e598a7c3: start LeaderElection
2019-10-14 09:23:34,521 [Thread-4272] INFO  impl.FollowerState (FollowerState.java:run(106)) - 03fab2fb-e7d4-4e78-a4c4-f6863ac12e1f:group-744AA81B7672 changes to CANDIDATE, lastRpcTime:5080, electionTimeout:5079ms
2019-10-14 09:23:34,523 [cf77b951-1220-4844-8605-1ea68060b59b@group-744AA81B7672:LeaderElection234] INFO  impl.LeaderElection (LeaderElection.java:askForVotes(182)) - cf77b951-1220-4844-8605-1ea68060b59b@group-744AA81B7672:LeaderElection234: begin an election at term 1 for -1: [03fab2fb-e7d4-4e78-a4c4-f6863ac12e1f:192.168.164.214:33299, 866eb045-3bfb-47dc-a4c6-3505e598a7c3:192.168.164.214:38008, cf77b951-1220-4844-8605-1ea68060b59b:192.168.164.214:39644], old=null
2019-10-14 09:23:34,523 [Thread-4272] INFO  impl.RoleInfo (RoleInfo.java:shutdownFollowerState(121)) - 03fab2fb-e7d4-4e78-a4c4-f6863ac12e1f: shutdown FollowerState
2019-10-14 09:23:34,523 [cf77b951-1220-4844-8605-1ea68060b59b@group-D2D7F11C67B7-SegmentedRaftLogWorker] INFO  segmented.SegmentedRaftLogWorker (SegmentedRaftLogWorker.java:execute(569)) - cf77b951-1220-4844-8605-1ea68060b59b@group-D2D7F11C67B7-SegmentedRaftLogWorker: created new log segment /workdir/hadoop-ozone/integration-test/target/test-dir/MiniOzoneClusterImpl-404eb741-03bf-48e0-a9fb-0e06e39ca081/datanode-1/data/ratis/68f97dd9-6dab-4a77-87e7-d2d7f11c67b7/current/log_inprogress_0
2019-10-14 09:23:34,523 [Thread-4272] INFO  impl.RaftServerImpl (RaftServerImpl.java:setRole(174)) - 03fab2fb-e7d4-4e78-a4c4-f6863ac12e1f@group-744AA81B7672: changes role from  FOLLOWER to CANDIDATE at term 0 for changeToCandidate
2019-10-14 09:23:34,524 [Thread-4272] INFO  impl.RoleInfo (RoleInfo.java:updateAndGet(143)) - 03fab2fb-e7d4-4e78-a4c4-f6863ac12e1f: start LeaderElection
2019-10-14 09:23:34,524 [Thread-4285] INFO  impl.FollowerState (FollowerState.java:run(106)) - f21c5b87-272d-4473-86ef-15bafd2985f9:group-188B962A718D changes to CANDIDATE, lastRpcTime:5005, electionTimeout:5005ms
2019-10-14 09:23:34,524 [Thread-4285] INFO  impl.RoleInfo (RoleInfo.java:shutdownFollowerState(121)) - f21c5b87-272d-4473-86ef-15bafd2985f9: shutdown FollowerState
2019-10-14 09:23:34,524 [Thread-4285] INFO  impl.RaftServerImpl (RaftServerImpl.java:setRole(174)) - f21c5b87-272d-4473-86ef-15bafd2985f9@group-188B962A718D: changes role from  FOLLOWER to CANDIDATE at term 0 for changeToCandidate
2019-10-14 09:23:34,528 [Thread-4285] INFO  impl.RoleInfo (RoleInfo.java:updateAndGet(143)) - f21c5b87-272d-4473-86ef-15bafd2985f9: start LeaderElection
2019-10-14 09:23:34,554 [65e356af-3b1f-43b6-88fa-b0df542a6460@group-D2D7F11C67B7-SegmentedRaftLogWorker] INFO  segmented.SegmentedRaftLogWorker (SegmentedRaftLogWorker.java:execute(569)) - 65e356af-3b1f-43b6-88fa-b0df542a6460@group-D2D7F11C67B7-SegmentedRaftLogWorker: created new log segment /workdir/hadoop-ozone/integration-test/target/test-dir/MiniOzoneClusterImpl-404eb741-03bf-48e0-a9fb-0e06e39ca081/datanode-2/data/ratis/68f97dd9-6dab-4a77-87e7-d2d7f11c67b7/current/log_inprogress_0
2019-10-14 09:23:34,554 [866eb045-3bfb-47dc-a4c6-3505e598a7c3@group-D2D7F11C67B7-SegmentedRaftLogWorker] INFO  segmented.SegmentedRaftLogWorker (SegmentedRaftLogWorker.java:execute(569)) - 866eb045-3bfb-47dc-a4c6-3505e598a7c3@group-D2D7F11C67B7-SegmentedRaftLogWorker: created new log segment /workdir/hadoop-ozone/integration-test/target/test-dir/MiniOzoneClusterImpl-404eb741-03bf-48e0-a9fb-0e06e39ca081/datanode-0/data/ratis/68f97dd9-6dab-4a77-87e7-d2d7f11c67b7/current/log_inprogress_0
2019-10-14 09:23:34,554 [03fab2fb-e7d4-4e78-a4c4-f6863ac12e1f@group-744AA81B7672:LeaderElection236] INFO  impl.LeaderElection (LeaderElection.java:askForVotes(182)) - 03fab2fb-e7d4-4e78-a4c4-f6863ac12e1f@group-744AA81B7672:LeaderElection236: begin an election at term 1 for -1: [03fab2fb-e7d4-4e78-a4c4-f6863ac12e1f:192.168.164.214:33299, 866eb045-3bfb-47dc-a4c6-3505e598a7c3:192.168.164.214:38008, cf77b951-1220-4844-8605-1ea68060b59b:192.168.164.214:39644], old=null
2019-10-14 09:23:34,554 [866eb045-3bfb-47dc-a4c6-3505e598a7c3@group-744AA81B7672:LeaderElection235] INFO  impl.LeaderElection (LeaderElection.java:askForVotes(182)) - 866eb045-3bfb-47dc-a4c6-3505e598a7c3@group-744AA81B7672:LeaderElection235: begin an election at term 1 for -1: [03fab2fb-e7d4-4e78-a4c4-f6863ac12e1f:192.168.164.214:33299, 866eb045-3bfb-47dc-a4c6-3505e598a7c3:192.168.164.214:38008, cf77b951-1220-4844-8605-1ea68060b59b:192.168.164.214:39644], old=null
2019-10-14 09:23:34,554 [f21c5b87-272d-4473-86ef-15bafd2985f9@group-188B962A718D:LeaderElection237] INFO  impl.LeaderElection (LeaderElection.java:askForVotes(182)) - f21c5b87-272d-4473-86ef-15bafd2985f9@group-188B962A718D:LeaderElection237: begin an election at term 1 for -1: [03fab2fb-e7d4-4e78-a4c4-f6863ac12e1f:192.168.164.214:33299, f21c5b87-272d-4473-86ef-15bafd2985f9:192.168.164.214:40223, 866eb045-3bfb-47dc-a4c6-3505e598a7c3:192.168.164.214:38008], old=null
2019-10-14 09:23:34,554 [cf77b951-1220-4844-8605-1ea68060b59b@group-744AA81B7672:LeaderElection234] INFO  impl.LeaderElection (LeaderElection.java:logAndReturn(56)) - cf77b951-1220-4844-8605-1ea68060b59b@group-744AA81B7672:LeaderElection234: Election REJECTED; received 2 response(s) [cf77b951-1220-4844-8605-1ea68060b59b<-03fab2fb-e7d4-4e78-a4c4-f6863ac12e1f#0:FAIL-t1, cf77b951-1220-4844-8605-1ea68060b59b<-866eb045-3bfb-47dc-a4c6-3505e598a7c3#0:FAIL-t1] and 0 exception(s); cf77b951-1220-4844-8605-1ea68060b59b@group-744AA81B7672:t1, leader=null, voted=cf77b951-1220-4844-8605-1ea68060b59b, raftlog=cf77b951-1220-4844-8605-1ea68060b59b@group-744AA81B7672-SegmentedRaftLog:OPENED:c-1,f-1,i0, conf=-1: [03fab2fb-e7d4-4e78-a4c4-f6863ac12e1f:192.168.164.214:33299, 866eb045-3bfb-47dc-a4c6-3505e598a7c3:192.168.164.214:38008, cf77b951-1220-4844-8605-1ea68060b59b:192.168.164.214:39644], old=null
2019-10-14 09:23:34,555 [cf77b951-1220-4844-8605-1ea68060b59b@group-744AA81B7672:LeaderElection234] INFO  impl.RaftServerImpl (RaftServerImpl.java:setRole(174)) - cf77b951-1220-4844-8605-1ea68060b59b@group-744AA81B7672: changes role from CANDIDATE to FOLLOWER at term 1 for DISCOVERED_A_NEW_TERM
2019-10-14 09:23:34,555 [cf77b951-1220-4844-8605-1ea68060b59b@group-744AA81B7672:LeaderElection234] INFO  impl.RoleInfo (RoleInfo.java:shutdownLeaderElection(134)) - cf77b951-1220-4844-8605-1ea68060b59b: shutdown LeaderElection
2019-10-14 09:23:34,555 [cf77b951-1220-4844-8605-1ea68060b59b@group-744AA81B7672:LeaderElection234] INFO  impl.RoleInfo (RoleInfo.java:updateAndGet(143)) - cf77b951-1220-4844-8605-1ea68060b59b: start FollowerState
2019-10-14 09:23:34,560 [grpc-default-executor-15] INFO  impl.RaftServerImpl (RaftServerImpl.java:setRole(174)) - 03fab2fb-e7d4-4e78-a4c4-f6863ac12e1f@group-188B962A718D: changes role from  FOLLOWER to FOLLOWER at term 1 for recognizeCandidate:f21c5b87-272d-4473-86ef-15bafd2985f9
2019-10-14 09:23:34,561 [grpc-default-executor-15] INFO  impl.RoleInfo (RoleInfo.java:shutdownFollowerState(121)) - 03fab2fb-e7d4-4e78-a4c4-f6863ac12e1f: shutdown FollowerState
2019-10-14 09:23:34,561 [grpc-default-executor-15] INFO  impl.RoleInfo (RoleInfo.java:updateAndGet(143)) - 03fab2fb-e7d4-4e78-a4c4-f6863ac12e1f: start FollowerState
2019-10-14 09:23:34,561 [Thread-4280] INFO  impl.FollowerState (FollowerState.java:run(115)) - 03fab2fb-e7d4-4e78-a4c4-f6863ac12e1f: FollowerState was interrupted: java.lang.InterruptedException: sleep interrupted
2019-10-14 09:23:34,564 [grpc-default-executor-4] INFO  impl.RaftServerImpl (RaftServerImpl.java:setRole(174)) - 866eb045-3bfb-47dc-a4c6-3505e598a7c3@group-188B962A718D: changes role from  FOLLOWER to FOLLOWER at term 1 for recognizeCandidate:f21c5b87-272d-4473-86ef-15bafd2985f9
2019-10-14 09:23:34,564 [grpc-default-executor-4] INFO  impl.RoleInfo (RoleInfo.java:shutdownFollowerState(121)) - 866eb045-3bfb-47dc-a4c6-3505e598a7c3: shutdown FollowerState
2019-10-14 09:23:34,564 [03fab2fb-e7d4-4e78-a4c4-f6863ac12e1f@group-744AA81B7672:LeaderElection236] INFO  impl.LeaderElection (LeaderElection.java:logAndReturn(56)) - 03fab2fb-e7d4-4e78-a4c4-f6863ac12e1f@group-744AA81B7672:LeaderElection236: Election REJECTED; received 2 response(s) [03fab2fb-e7d4-4e78-a4c4-f6863ac12e1f<-866eb045-3bfb-47dc-a4c6-3505e598a7c3#0:FAIL-t1, 03fab2fb-e7d4-4e78-a4c4-f6863ac12e1f<-cf77b951-1220-4844-8605-1ea68060b59b#0:FAIL-t1] and 0 exception(s); 03fab2fb-e7d4-4e78-a4c4-f6863ac12e1f@group-744AA81B7672:t1, leader=null, voted=03fab2fb-e7d4-4e78-a4c4-f6863ac12e1f, raftlog=03fab2fb-e7d4-4e78-a4c4-f6863ac12e1f@group-744AA81B7672-SegmentedRaftLog:OPENED:c-1,f-1,i0, conf=-1: [03fab2fb-e7d4-4e78-a4c4-f6863ac12e1f:192.168.164.214:33299, 866eb045-3bfb-47dc-a4c6-3505e598a7c3:192.168.164.214:38008, cf77b951-1220-4844-8605-1ea68060b59b:192.168.164.214:39644], old=null
2019-10-14 09:23:34,564 [866eb045-3bfb-47dc-a4c6-3505e598a7c3@group-744AA81B7672:LeaderElection235] INFO  impl.LeaderElection (LeaderElection.java:logAndReturn(56)) - 866eb045-3bfb-47dc-a4c6-3505e598a7c3@group-744AA81B7672:LeaderElection235: Election REJECTED; received 2 response(s) [866eb045-3bfb-47dc-a4c6-3505e598a7c3<-03fab2fb-e7d4-4e78-a4c4-f6863ac12e1f#0:FAIL-t1, 866eb045-3bfb-47dc-a4c6-3505e598a7c3<-cf77b951-1220-4844-8605-1ea68060b59b#0:FAIL-t1] and 0 exception(s); 866eb045-3bfb-47dc-a4c6-3505e598a7c3@group-744AA81B7672:t1, leader=null, voted=866eb045-3bfb-47dc-a4c6-3505e598a7c3, raftlog=866eb045-3bfb-47dc-a4c6-3505e598a7c3@group-744AA81B7672-SegmentedRaftLog:OPENED:c-1,f-1,i0, conf=-1: [03fab2fb-e7d4-4e78-a4c4-f6863ac12e1f:192.168.164.214:33299, 866eb045-3bfb-47dc-a4c6-3505e598a7c3:192.168.164.214:38008, cf77b951-1220-4844-8605-1ea68060b59b:192.168.164.214:39644], old=null
2019-10-14 09:23:34,564 [grpc-default-executor-4] INFO  impl.RoleInfo (RoleInfo.java:updateAndGet(143)) - 866eb045-3bfb-47dc-a4c6-3505e598a7c3: start FollowerState
2019-10-14 09:23:34,564 [866eb045-3bfb-47dc-a4c6-3505e598a7c3@group-744AA81B7672:LeaderElection235] INFO  impl.RaftServerImpl (RaftServerImpl.java:setRole(174)) - 866eb045-3bfb-47dc-a4c6-3505e598a7c3@group-744AA81B7672: changes role from CANDIDATE to FOLLOWER at term 1 for DISCOVERED_A_NEW_TERM
2019-10-14 09:23:34,564 [03fab2fb-e7d4-4e78-a4c4-f6863ac12e1f@group-744AA81B7672:LeaderElection236] INFO  impl.RaftServerImpl (RaftServerImpl.java:setRole(174)) - 03fab2fb-e7d4-4e78-a4c4-f6863ac12e1f@group-744AA81B7672: changes role from CANDIDATE to FOLLOWER at term 1 for DISCOVERED_A_NEW_TERM
2019-10-14 09:23:34,564 [03fab2fb-e7d4-4e78-a4c4-f6863ac12e1f@group-744AA81B7672:LeaderElection236] INFO  impl.RoleInfo (RoleInfo.java:shutdownLeaderElection(134)) - 03fab2fb-e7d4-4e78-a4c4-f6863ac12e1f: shutdown LeaderElection
2019-10-14 09:23:34,564 [Thread-4281] INFO  impl.FollowerState (FollowerState.java:run(115)) - 866eb045-3bfb-47dc-a4c6-3505e598a7c3: FollowerState was interrupted: java.lang.InterruptedException: sleep interrupted
2019-10-14 09:23:34,565 [03fab2fb-e7d4-4e78-a4c4-f6863ac12e1f@group-744AA81B7672:LeaderElection236] INFO  impl.RoleInfo (RoleInfo.java:updateAndGet(143)) - 03fab2fb-e7d4-4e78-a4c4-f6863ac12e1f: start FollowerState
2019-10-14 09:23:34,564 [866eb045-3bfb-47dc-a4c6-3505e598a7c3@group-744AA81B7672:LeaderElection235] INFO  impl.RoleInfo (RoleInfo.java:shutdownLeaderElection(134)) - 866eb045-3bfb-47dc-a4c6-3505e598a7c3: shutdown LeaderElection
2019-10-14 09:23:34,565 [866eb045-3bfb-47dc-a4c6-3505e598a7c3@group-744AA81B7672:LeaderElection235] INFO  impl.RoleInfo (RoleInfo.java:updateAndGet(143)) - 866eb045-3bfb-47dc-a4c6-3505e598a7c3: start FollowerState
2019-10-14 09:23:34,580 [f21c5b87-272d-4473-86ef-15bafd2985f9@group-188B962A718D:LeaderElection237] INFO  impl.LeaderElection (LeaderElection.java:logAndReturn(56)) - f21c5b87-272d-4473-86ef-15bafd2985f9@group-188B962A718D:LeaderElection237: Election PASSED; received 1 response(s) [f21c5b87-272d-4473-86ef-15bafd2985f9<-866eb045-3bfb-47dc-a4c6-3505e598a7c3#0:OK-t1] and 0 exception(s); f21c5b87-272d-4473-86ef-15bafd2985f9@group-188B962A718D:t1, leader=null, voted=f21c5b87-272d-4473-86ef-15bafd2985f9, raftlog=f21c5b87-272d-4473-86ef-15bafd2985f9@group-188B962A718D-SegmentedRaftLog:OPENED:c-1,f-1,i0, conf=-1: [03fab2fb-e7d4-4e78-a4c4-f6863ac12e1f:192.168.164.214:33299, f21c5b87-272d-4473-86ef-15bafd2985f9:192.168.164.214:40223, 866eb045-3bfb-47dc-a4c6-3505e598a7c3:192.168.164.214:38008], old=null
2019-10-14 09:23:34,580 [f21c5b87-272d-4473-86ef-15bafd2985f9@group-188B962A718D:LeaderElection237] INFO  impl.RoleInfo (RoleInfo.java:shutdownLeaderElection(134)) - f21c5b87-272d-4473-86ef-15bafd2985f9: shutdown LeaderElection
2019-10-14 09:23:34,580 [f21c5b87-272d-4473-86ef-15bafd2985f9@group-188B962A718D:LeaderElection237] INFO  impl.RaftServerImpl (RaftServerImpl.java:setRole(174)) - f21c5b87-272d-4473-86ef-15bafd2985f9@group-188B962A718D: changes role from CANDIDATE to LEADER at term 1 for changeToLeader
2019-10-14 09:23:34,580 [f21c5b87-272d-4473-86ef-15bafd2985f9@group-188B962A718D:LeaderElection237] INFO  impl.RaftServerImpl (ServerState.java:setLeader(253)) - f21c5b87-272d-4473-86ef-15bafd2985f9@group-188B962A718D: change Leader from null to f21c5b87-272d-4473-86ef-15bafd2985f9 at term 1 for becomeLeader, leader elected after 5073ms
2019-10-14 09:23:34,580 [f21c5b87-272d-4473-86ef-15bafd2985f9@group-188B962A718D:LeaderElection237] INFO  server.RaftServerConfigKeys (ConfUtils.java:logGet(43)) - raft.server.staging.catchup.gap = 1000 (default)
2019-10-14 09:23:34,580 [f21c5b87-272d-4473-86ef-15bafd2985f9@group-188B962A718D:LeaderElection237] INFO  server.RaftServerConfigKeys (ConfUtils.java:logGet(43)) - raft.server.rpc.sleep.time = 25ms (default)
2019-10-14 09:23:34,580 [f21c5b87-272d-4473-86ef-15bafd2985f9@group-188B962A718D:LeaderElection237] INFO  server.RaftServerConfigKeys (ConfUtils.java:logGet(43)) - raft.server.write.element-limit = 4096 (default)
2019-10-14 09:23:34,580 [f21c5b87-272d-4473-86ef-15bafd2985f9@group-188B962A718D:LeaderElection237] INFO  server.RaftServerConfigKeys (ConfUtils.java:logGet(43)) - raft.server.watch.timeout = 10s (default)
2019-10-14 09:23:34,581 [f21c5b87-272d-4473-86ef-15bafd2985f9@group-188B962A718D:LeaderElection237] INFO  server.RaftServerConfigKeys (ConfUtils.java:logGet(43)) - raft.server.watch.timeout.denomination = 1s (default)
2019-10-14 09:23:34,581 [f21c5b87-272d-4473-86ef-15bafd2985f9@group-188B962A718D:LeaderElection237] INFO  server.RaftServerConfigKeys (ConfUtils.java:logGet(43)) - raft.server.watch.element-limit = 65536 (default)
2019-10-14 09:23:34,582 [f21c5b87-272d-4473-86ef-15bafd2985f9@group-188B962A718D:LeaderElection237] INFO  server.RaftServerConfigKeys (ConfUtils.java:logGet(43)) - raft.server.log.appender.snapshot.chunk.size.max = 16MB (=16777216) (default)
2019-10-14 09:23:34,582 [f21c5b87-272d-4473-86ef-15bafd2985f9@group-188B962A718D:LeaderElection237] INFO  server.RaftServerConfigKeys (ConfUtils.java:logGet(43)) - raft.server.log.appender.buffer.byte-limit = 33554432 (custom)
2019-10-14 09:23:34,582 [f21c5b87-272d-4473-86ef-15bafd2985f9@group-188B962A718D:LeaderElection237] INFO  server.RaftServerConfigKeys (ConfUtils.java:logGet(43)) - raft.server.log.appender.buffer.element-limit = 1 (custom)
2019-10-14 09:23:34,582 [f21c5b87-272d-4473-86ef-15bafd2985f9@group-188B962A718D:LeaderElection237] INFO  grpc.GrpcConfigKeys$Server (ConfUtils.java:logGet(43)) - raft.grpc.server.leader.outstanding.appends.max = 128 (default)
2019-10-14 09:23:34,582 [f21c5b87-272d-4473-86ef-15bafd2985f9@group-188B962A718D:LeaderElection237] INFO  server.RaftServerConfigKeys (ConfUtils.java:logGet(43)) - raft.server.rpc.request.timeout = 3000ms (default)
2019-10-14 09:23:34,582 [f21c5b87-272d-4473-86ef-15bafd2985f9@group-188B962A718D:LeaderElection237] INFO  server.RaftServerConfigKeys (ConfUtils.java:logGet(43)) - raft.server.log.appender.install.snapshot.enabled = false (custom)
2019-10-14 09:23:34,583 [f21c5b87-272d-4473-86ef-15bafd2985f9@group-188B962A718D:LeaderElection237] INFO  server.RaftServerConfigKeys (ConfUtils.java:logGet(43)) - raft.server.log.appender.snapshot.chunk.size.max = 16MB (=16777216) (default)
2019-10-14 09:23:34,583 [f21c5b87-272d-4473-86ef-15bafd2985f9@group-188B962A718D:LeaderElection237] INFO  server.RaftServerConfigKeys (ConfUtils.java:logGet(43)) - raft.server.log.appender.buffer.byte-limit = 33554432 (custom)
2019-10-14 09:23:34,583 [f21c5b87-272d-4473-86ef-15bafd2985f9@group-188B962A718D:LeaderElection237] INFO  server.RaftServerConfigKeys (ConfUtils.java:logGet(43)) - raft.server.log.appender.buffer.element-limit = 1 (custom)
2019-10-14 09:23:34,583 [f21c5b87-272d-4473-86ef-15bafd2985f9@group-188B962A718D:LeaderElection237] INFO  grpc.GrpcConfigKeys$Server (ConfUtils.java:logGet(43)) - raft.grpc.server.leader.outstanding.appends.max = 128 (default)
2019-10-14 09:23:34,583 [f21c5b87-272d-4473-86ef-15bafd2985f9@group-188B962A718D:LeaderElection237] INFO  server.RaftServerConfigKeys (ConfUtils.java:logGet(43)) - raft.server.rpc.request.timeout = 3000ms (default)
2019-10-14 09:23:34,583 [f21c5b87-272d-4473-86ef-15bafd2985f9@group-188B962A718D:LeaderElection237] INFO  server.RaftServerConfigKeys (ConfUtils.java:logGet(43)) - raft.server.log.appender.install.snapshot.enabled = false (custom)
2019-10-14 09:23:34,583 [f21c5b87-272d-4473-86ef-15bafd2985f9@group-188B962A718D:LeaderElection237] INFO  impl.RoleInfo (RoleInfo.java:updateAndGet(143)) - f21c5b87-272d-4473-86ef-15bafd2985f9: start LeaderState
2019-10-14 09:23:34,583 [f21c5b87-272d-4473-86ef-15bafd2985f9@group-188B962A718D:LeaderElection237] INFO  segmented.SegmentedRaftLogWorker (SegmentedRaftLogWorker.java:startLogSegment(380)) - f21c5b87-272d-4473-86ef-15bafd2985f9@group-188B962A718D-SegmentedRaftLogWorker: Starting segment from index:0
2019-10-14 09:23:34,584 [f21c5b87-272d-4473-86ef-15bafd2985f9@group-188B962A718D:LeaderElection237] INFO  impl.RaftServerImpl (ServerState.java:setRaftConf(354)) - f21c5b87-272d-4473-86ef-15bafd2985f9@group-188B962A718D: set configuration 0: [03fab2fb-e7d4-4e78-a4c4-f6863ac12e1f:192.168.164.214:33299, f21c5b87-272d-4473-86ef-15bafd2985f9:192.168.164.214:40223, 866eb045-3bfb-47dc-a4c6-3505e598a7c3:192.168.164.214:38008], old=null at 0
2019-10-14 09:23:34,610 [grpc-default-executor-4] INFO  impl.RaftServerImpl (ServerState.java:setLeader(253)) - 03fab2fb-e7d4-4e78-a4c4-f6863ac12e1f@group-188B962A718D: change Leader from null to f21c5b87-272d-4473-86ef-15bafd2985f9 at term 1 for appendEntries, leader elected after 5104ms
2019-10-14 09:23:34,613 [grpc-default-executor-15] INFO  impl.RaftServerImpl (ServerState.java:setLeader(253)) - 866eb045-3bfb-47dc-a4c6-3505e598a7c3@group-188B962A718D: change Leader from null to f21c5b87-272d-4473-86ef-15bafd2985f9 at term 1 for appendEntries, leader elected after 5107ms
2019-10-14 09:23:34,613 [Thread-4292] INFO  impl.FollowerState (FollowerState.java:run(106)) - ff8cf76f-81bb-40fb-9266-fb490038af97:group-622DFE13D9CD changes to CANDIDATE, lastRpcTime:5012, electionTimeout:5011ms
2019-10-14 09:23:34,613 [Thread-4292] INFO  impl.RoleInfo (RoleInfo.java:shutdownFollowerState(121)) - ff8cf76f-81bb-40fb-9266-fb490038af97: shutdown FollowerState
2019-10-14 09:23:34,613 [Thread-4292] INFO  impl.RaftServerImpl (RaftServerImpl.java:setRole(174)) - ff8cf76f-81bb-40fb-9266-fb490038af97@group-622DFE13D9CD: changes role from  FOLLOWER to CANDIDATE at term 0 for changeToCandidate
2019-10-14 09:23:34,614 [Thread-4292] INFO  impl.RoleInfo (RoleInfo.java:updateAndGet(143)) - ff8cf76f-81bb-40fb-9266-fb490038af97: start LeaderElection
2019-10-14 09:23:34,618 [grpc-default-executor-15] INFO  impl.RaftServerImpl (ServerState.java:setRaftConf(354)) - 03fab2fb-e7d4-4e78-a4c4-f6863ac12e1f@group-188B962A718D: set configuration 0: [03fab2fb-e7d4-4e78-a4c4-f6863ac12e1f:192.168.164.214:33299, f21c5b87-272d-4473-86ef-15bafd2985f9:192.168.164.214:40223, 866eb045-3bfb-47dc-a4c6-3505e598a7c3:192.168.164.214:38008], old=null at 0
2019-10-14 09:23:34,618 [grpc-default-executor-15] INFO  segmented.SegmentedRaftLogWorker (SegmentedRaftLogWorker.java:startLogSegment(380)) - 03fab2fb-e7d4-4e78-a4c4-f6863ac12e1f@group-188B962A718D-SegmentedRaftLogWorker: Starting segment from index:0
2019-10-14 09:23:34,618 [grpc-default-executor-4] INFO  impl.RaftServerImpl (ServerState.java:setRaftConf(354)) - 866eb045-3bfb-47dc-a4c6-3505e598a7c3@group-188B962A718D: set configuration 0: [03fab2fb-e7d4-4e78-a4c4-f6863ac12e1f:192.168.164.214:33299, f21c5b87-272d-4473-86ef-15bafd2985f9:192.168.164.214:40223, 866eb045-3bfb-47dc-a4c6-3505e598a7c3:192.168.164.214:38008], old=null at 0
2019-10-14 09:23:34,619 [grpc-default-executor-4] INFO  segmented.SegmentedRaftLogWorker (SegmentedRaftLogWorker.java:startLogSegment(380)) - 866eb045-3bfb-47dc-a4c6-3505e598a7c3@group-188B962A718D-SegmentedRaftLogWorker: Starting segment from index:0
2019-10-14 09:23:34,638 [f21c5b87-272d-4473-86ef-15bafd2985f9@group-188B962A718D-SegmentedRaftLogWorker] INFO  segmented.SegmentedRaftLogWorker (SegmentedRaftLogWorker.java:execute(569)) - f21c5b87-272d-4473-86ef-15bafd2985f9@group-188B962A718D-SegmentedRaftLogWorker: created new log segment /workdir/hadoop-ozone/integration-test/target/test-dir/MiniOzoneClusterImpl-404eb741-03bf-48e0-a9fb-0e06e39ca081/datanode-4/data/ratis/ec462d9a-1326-41c1-9d58-188b962a718d/current/log_inprogress_0
2019-10-14 09:23:34,638 [ff8cf76f-81bb-40fb-9266-fb490038af97@group-622DFE13D9CD:LeaderElection238] INFO  impl.LeaderElection (LeaderElection.java:askForVotes(182)) - ff8cf76f-81bb-40fb-9266-fb490038af97@group-622DFE13D9CD:LeaderElection238: begin an election at term 1 for -1: [03fab2fb-e7d4-4e78-a4c4-f6863ac12e1f:192.168.164.214:33299, ff8cf76f-81bb-40fb-9266-fb490038af97:192.168.164.214:45617, f21c5b87-272d-4473-86ef-15bafd2985f9:192.168.164.214:40223], old=null
2019-10-14 09:23:34,651 [grpc-default-executor-4] INFO  impl.RaftServerImpl (RaftServerImpl.java:setRole(174)) - f21c5b87-272d-4473-86ef-15bafd2985f9@group-622DFE13D9CD: changes role from  FOLLOWER to FOLLOWER at term 1 for recognizeCandidate:ff8cf76f-81bb-40fb-9266-fb490038af97
2019-10-14 09:23:34,651 [grpc-default-executor-4] INFO  impl.RoleInfo (RoleInfo.java:shutdownFollowerState(121)) - f21c5b87-272d-4473-86ef-15bafd2985f9: shutdown FollowerState
2019-10-14 09:23:34,651 [grpc-default-executor-4] INFO  impl.RoleInfo (RoleInfo.java:updateAndGet(143)) - f21c5b87-272d-4473-86ef-15bafd2985f9: start FollowerState
2019-10-14 09:23:34,653 [grpc-default-executor-15] INFO  impl.RaftServerImpl (RaftServerImpl.java:setRole(174)) - 03fab2fb-e7d4-4e78-a4c4-f6863ac12e1f@group-622DFE13D9CD: changes role from  FOLLOWER to FOLLOWER at term 1 for recognizeCandidate:ff8cf76f-81bb-40fb-9266-fb490038af97
2019-10-14 09:23:34,653 [Thread-4290] INFO  impl.FollowerState (FollowerState.java:run(115)) - f21c5b87-272d-4473-86ef-15bafd2985f9: FollowerState was interrupted: java.lang.InterruptedException: sleep interrupted
2019-10-14 09:23:34,653 [grpc-default-executor-15] INFO  impl.RoleInfo (RoleInfo.java:shutdownFollowerState(121)) - 03fab2fb-e7d4-4e78-a4c4-f6863ac12e1f: shutdown FollowerState
2019-10-14 09:23:34,653 [grpc-default-executor-15] INFO  impl.RoleInfo (RoleInfo.java:updateAndGet(143)) - 03fab2fb-e7d4-4e78-a4c4-f6863ac12e1f: start FollowerState
2019-10-14 09:23:34,654 [Thread-4293] INFO  impl.FollowerState (FollowerState.java:run(115)) - 03fab2fb-e7d4-4e78-a4c4-f6863ac12e1f: FollowerState was interrupted: java.lang.InterruptedException: sleep interrupted
2019-10-14 09:23:34,672 [866eb045-3bfb-47dc-a4c6-3505e598a7c3@group-188B962A718D-SegmentedRaftLogWorker] INFO  segmented.SegmentedRaftLogWorker (SegmentedRaftLogWorker.java:execute(569)) - 866eb045-3bfb-47dc-a4c6-3505e598a7c3@group-188B962A718D-SegmentedRaftLogWorker: created new log segment /workdir/hadoop-ozone/integration-test/target/test-dir/MiniOzoneClusterImpl-404eb741-03bf-48e0-a9fb-0e06e39ca081/datanode-0/data/ratis/ec462d9a-1326-41c1-9d58-188b962a718d/current/log_inprogress_0
2019-10-14 09:23:34,672 [03fab2fb-e7d4-4e78-a4c4-f6863ac12e1f@group-188B962A718D-SegmentedRaftLogWorker] INFO  segmented.SegmentedRaftLogWorker (SegmentedRaftLogWorker.java:execute(569)) - 03fab2fb-e7d4-4e78-a4c4-f6863ac12e1f@group-188B962A718D-SegmentedRaftLogWorker: created new log segment /workdir/hadoop-ozone/integration-test/target/test-dir/MiniOzoneClusterImpl-404eb741-03bf-48e0-a9fb-0e06e39ca081/datanode-3/data/ratis/ec462d9a-1326-41c1-9d58-188b962a718d/current/log_inprogress_0
2019-10-14 09:23:34,672 [ff8cf76f-81bb-40fb-9266-fb490038af97@group-622DFE13D9CD:LeaderElection238] INFO  impl.LeaderElection (LeaderElection.java:logAndReturn(56)) - ff8cf76f-81bb-40fb-9266-fb490038af97@group-622DFE13D9CD:LeaderElection238: Election PASSED; received 1 response(s) [ff8cf76f-81bb-40fb-9266-fb490038af97<-f21c5b87-272d-4473-86ef-15bafd2985f9#0:OK-t1] and 0 exception(s); ff8cf76f-81bb-40fb-9266-fb490038af97@group-622DFE13D9CD:t1, leader=null, voted=ff8cf76f-81bb-40fb-9266-fb490038af97, raftlog=ff8cf76f-81bb-40fb-9266-fb490038af97@group-622DFE13D9CD-SegmentedRaftLog:OPENED:c-1,f-1,i0, conf=-1: [03fab2fb-e7d4-4e78-a4c4-f6863ac12e1f:192.168.164.214:33299, ff8cf76f-81bb-40fb-9266-fb490038af97:192.168.164.214:45617, f21c5b87-272d-4473-86ef-15bafd2985f9:192.168.164.214:40223], old=null
2019-10-14 09:23:34,673 [ff8cf76f-81bb-40fb-9266-fb490038af97@group-622DFE13D9CD:LeaderElection238] INFO  impl.RoleInfo (RoleInfo.java:shutdownLeaderElection(134)) - ff8cf76f-81bb-40fb-9266-fb490038af97: shutdown LeaderElection
2019-10-14 09:23:34,673 [ff8cf76f-81bb-40fb-9266-fb490038af97@group-622DFE13D9CD:LeaderElection238] INFO  impl.RaftServerImpl (RaftServerImpl.java:setRole(174)) - ff8cf76f-81bb-40fb-9266-fb490038af97@group-622DFE13D9CD: changes role from CANDIDATE to LEADER at term 1 for changeToLeader
2019-10-14 09:23:34,676 [ff8cf76f-81bb-40fb-9266-fb490038af97@group-622DFE13D9CD:LeaderElection238] INFO  impl.RaftServerImpl (ServerState.java:setLeader(253)) - ff8cf76f-81bb-40fb-9266-fb490038af97@group-622DFE13D9CD: change Leader from null to ff8cf76f-81bb-40fb-9266-fb490038af97 at term 1 for becomeLeader, leader elected after 5086ms
2019-10-14 09:23:34,676 [ff8cf76f-81bb-40fb-9266-fb490038af97@group-622DFE13D9CD:LeaderElection238] INFO  server.RaftServerConfigKeys (ConfUtils.java:logGet(43)) - raft.server.staging.catchup.gap = 1000 (default)
2019-10-14 09:23:34,676 [ff8cf76f-81bb-40fb-9266-fb490038af97@group-622DFE13D9CD:LeaderElection238] INFO  server.RaftServerConfigKeys (ConfUtils.java:logGet(43)) - raft.server.rpc.sleep.time = 25ms (default)
2019-10-14 09:23:34,676 [ff8cf76f-81bb-40fb-9266-fb490038af97@group-622DFE13D9CD:LeaderElection238] INFO  server.RaftServerConfigKeys (ConfUtils.java:logGet(43)) - raft.server.write.element-limit = 4096 (default)
2019-10-14 09:23:34,676 [ff8cf76f-81bb-40fb-9266-fb490038af97@group-622DFE13D9CD:LeaderElection238] INFO  server.RaftServerConfigKeys (ConfUtils.java:logGet(43)) - raft.server.watch.timeout = 10s (default)
2019-10-14 09:23:34,676 [ff8cf76f-81bb-40fb-9266-fb490038af97@group-622DFE13D9CD:LeaderElection238] INFO  server.RaftServerConfigKeys (ConfUtils.java:logGet(43)) - raft.server.watch.timeout.denomination = 1s (default)
2019-10-14 09:23:34,676 [ff8cf76f-81bb-40fb-9266-fb490038af97@group-622DFE13D9CD:LeaderElection238] INFO  server.RaftServerConfigKeys (ConfUtils.java:logGet(43)) - raft.server.watch.element-limit = 65536 (default)
2019-10-14 09:23:34,680 [ff8cf76f-81bb-40fb-9266-fb490038af97@group-622DFE13D9CD:LeaderElection238] INFO  server.RaftServerConfigKeys (ConfUtils.java:logGet(43)) - raft.server.log.appender.snapshot.chunk.size.max = 16MB (=16777216) (default)
2019-10-14 09:23:34,680 [ff8cf76f-81bb-40fb-9266-fb490038af97@group-622DFE13D9CD:LeaderElection238] INFO  server.RaftServerConfigKeys (ConfUtils.java:logGet(43)) - raft.server.log.appender.buffer.byte-limit = 33554432 (custom)
2019-10-14 09:23:34,680 [ff8cf76f-81bb-40fb-9266-fb490038af97@group-622DFE13D9CD:LeaderElection238] INFO  server.RaftServerConfigKeys (ConfUtils.java:logGet(43)) - raft.server.log.appender.buffer.element-limit = 1 (custom)
2019-10-14 09:23:34,680 [ff8cf76f-81bb-40fb-9266-fb490038af97@group-622DFE13D9CD:LeaderElection238] INFO  grpc.GrpcConfigKeys$Server (ConfUtils.java:logGet(43)) - raft.grpc.server.leader.outstanding.appends.max = 128 (default)
2019-10-14 09:23:34,680 [ff8cf76f-81bb-40fb-9266-fb490038af97@group-622DFE13D9CD:LeaderElection238] INFO  server.RaftServerConfigKeys (ConfUtils.java:logGet(43)) - raft.server.rpc.request.timeout = 3000ms (default)
2019-10-14 09:23:34,680 [ff8cf76f-81bb-40fb-9266-fb490038af97@group-622DFE13D9CD:LeaderElection238] INFO  server.RaftServerConfigKeys (ConfUtils.java:logGet(43)) - raft.server.log.appender.install.snapshot.enabled = false (custom)
2019-10-14 09:23:34,680 [ff8cf76f-81bb-40fb-9266-fb490038af97@group-622DFE13D9CD:LeaderElection238] INFO  server.RaftServerConfigKeys (ConfUtils.java:logGet(43)) - raft.server.log.appender.snapshot.chunk.size.max = 16MB (=16777216) (default)
2019-10-14 09:23:34,680 [ff8cf76f-81bb-40fb-9266-fb490038af97@group-622DFE13D9CD:LeaderElection238] INFO  server.RaftServerConfigKeys (ConfUtils.java:logGet(43)) - raft.server.log.appender.buffer.byte-limit = 33554432 (custom)
2019-10-14 09:23:34,680 [ff8cf76f-81bb-40fb-9266-fb490038af97@group-622DFE13D9CD:LeaderElection238] INFO  server.RaftServerConfigKeys (ConfUtils.java:logGet(43)) - raft.server.log.appender.buffer.element-limit = 1 (custom)
2019-10-14 09:23:34,681 [ff8cf76f-81bb-40fb-9266-fb490038af97@group-622DFE13D9CD:LeaderElection238] INFO  grpc.GrpcConfigKeys$Server (ConfUtils.java:logGet(43)) - raft.grpc.server.leader.outstanding.appends.max = 128 (default)
2019-10-14 09:23:34,681 [ff8cf76f-81bb-40fb-9266-fb490038af97@group-622DFE13D9CD:LeaderElection238] INFO  server.RaftServerConfigKeys (ConfUtils.java:logGet(43)) - raft.server.rpc.request.timeout = 3000ms (default)
2019-10-14 09:23:34,681 [ff8cf76f-81bb-40fb-9266-fb490038af97@group-622DFE13D9CD:LeaderElection238] INFO  server.RaftServerConfigKeys (ConfUtils.java:logGet(43)) - raft.server.log.appender.install.snapshot.enabled = false (custom)
2019-10-14 09:23:34,681 [ff8cf76f-81bb-40fb-9266-fb490038af97@group-622DFE13D9CD:LeaderElection238] INFO  impl.RoleInfo (RoleInfo.java:updateAndGet(143)) - ff8cf76f-81bb-40fb-9266-fb490038af97: start LeaderState
2019-10-14 09:23:34,681 [ff8cf76f-81bb-40fb-9266-fb490038af97@group-622DFE13D9CD:LeaderElection238] INFO  segmented.SegmentedRaftLogWorker (SegmentedRaftLogWorker.java:startLogSegment(380)) - ff8cf76f-81bb-40fb-9266-fb490038af97@group-622DFE13D9CD-SegmentedRaftLogWorker: Starting segment from index:0
2019-10-14 09:23:34,681 [ff8cf76f-81bb-40fb-9266-fb490038af97@group-622DFE13D9CD:LeaderElection238] INFO  impl.RaftServerImpl (ServerState.java:setRaftConf(354)) - ff8cf76f-81bb-40fb-9266-fb490038af97@group-622DFE13D9CD: set configuration 0: [03fab2fb-e7d4-4e78-a4c4-f6863ac12e1f:192.168.164.214:33299, ff8cf76f-81bb-40fb-9266-fb490038af97:192.168.164.214:45617, f21c5b87-272d-4473-86ef-15bafd2985f9:192.168.164.214:40223], old=null at 0
2019-10-14 09:23:34,705 [grpc-default-executor-4] INFO  impl.RaftServerImpl (ServerState.java:setLeader(253)) - 03fab2fb-e7d4-4e78-a4c4-f6863ac12e1f@group-622DFE13D9CD: change Leader from null to ff8cf76f-81bb-40fb-9266-fb490038af97 at term 1 for appendEntries, leader elected after 5115ms
2019-10-14 09:23:34,707 [grpc-default-executor-4] INFO  impl.RaftServerImpl (ServerState.java:setLeader(253)) - f21c5b87-272d-4473-86ef-15bafd2985f9@group-622DFE13D9CD: change Leader from null to ff8cf76f-81bb-40fb-9266-fb490038af97 at term 1 for appendEntries, leader elected after 5117ms
2019-10-14 09:23:34,713 [grpc-default-executor-3] INFO  impl.RaftServerImpl (ServerState.java:setRaftConf(354)) - 03fab2fb-e7d4-4e78-a4c4-f6863ac12e1f@group-622DFE13D9CD: set configuration 0: [03fab2fb-e7d4-4e78-a4c4-f6863ac12e1f:192.168.164.214:33299, ff8cf76f-81bb-40fb-9266-fb490038af97:192.168.164.214:45617, f21c5b87-272d-4473-86ef-15bafd2985f9:192.168.164.214:40223], old=null at 0
2019-10-14 09:23:34,713 [grpc-default-executor-3] INFO  segmented.SegmentedRaftLogWorker (SegmentedRaftLogWorker.java:startLogSegment(380)) - 03fab2fb-e7d4-4e78-a4c4-f6863ac12e1f@group-622DFE13D9CD-SegmentedRaftLogWorker: Starting segment from index:0
2019-10-14 09:23:34,713 [grpc-default-executor-4] INFO  impl.RaftServerImpl (ServerState.java:setRaftConf(354)) - f21c5b87-272d-4473-86ef-15bafd2985f9@group-622DFE13D9CD: set configuration 0: [03fab2fb-e7d4-4e78-a4c4-f6863ac12e1f:192.168.164.214:33299, ff8cf76f-81bb-40fb-9266-fb490038af97:192.168.164.214:45617, f21c5b87-272d-4473-86ef-15bafd2985f9:192.168.164.214:40223], old=null at 0
2019-10-14 09:23:34,714 [grpc-default-executor-4] INFO  segmented.SegmentedRaftLogWorker (SegmentedRaftLogWorker.java:startLogSegment(380)) - f21c5b87-272d-4473-86ef-15bafd2985f9@group-622DFE13D9CD-SegmentedRaftLogWorker: Starting segment from index:0
2019-10-14 09:23:34,728 [ff8cf76f-81bb-40fb-9266-fb490038af97@group-622DFE13D9CD-SegmentedRaftLogWorker] INFO  segmented.SegmentedRaftLogWorker (SegmentedRaftLogWorker.java:execute(569)) - ff8cf76f-81bb-40fb-9266-fb490038af97@group-622DFE13D9CD-SegmentedRaftLogWorker: created new log segment /workdir/hadoop-ozone/integration-test/target/test-dir/MiniOzoneClusterImpl-404eb741-03bf-48e0-a9fb-0e06e39ca081/datanode-5/data/ratis/d0ae19a5-be20-4217-855f-622dfe13d9cd/current/log_inprogress_0
2019-10-14 09:23:34,749 [Thread-4301] INFO  impl.FollowerState (FollowerState.java:run(106)) - 03fab2fb-e7d4-4e78-a4c4-f6863ac12e1f:group-005C3F463849 changes to CANDIDATE, lastRpcTime:5069, electionTimeout:5069ms
2019-10-14 09:23:34,749 [Thread-4301] INFO  impl.RoleInfo (RoleInfo.java:shutdownFollowerState(121)) - 03fab2fb-e7d4-4e78-a4c4-f6863ac12e1f: shutdown FollowerState
2019-10-14 09:23:34,749 [Thread-4301] INFO  impl.RaftServerImpl (RaftServerImpl.java:setRole(174)) - 03fab2fb-e7d4-4e78-a4c4-f6863ac12e1f@group-005C3F463849: changes role from  FOLLOWER to CANDIDATE at term 0 for changeToCandidate
2019-10-14 09:23:34,749 [Thread-4301] INFO  impl.RoleInfo (RoleInfo.java:updateAndGet(143)) - 03fab2fb-e7d4-4e78-a4c4-f6863ac12e1f: start LeaderElection
2019-10-14 09:23:34,759 [f21c5b87-272d-4473-86ef-15bafd2985f9@group-622DFE13D9CD-SegmentedRaftLogWorker] INFO  segmented.SegmentedRaftLogWorker (SegmentedRaftLogWorker.java:execute(569)) - f21c5b87-272d-4473-86ef-15bafd2985f9@group-622DFE13D9CD-SegmentedRaftLogWorker: created new log segment /workdir/hadoop-ozone/integration-test/target/test-dir/MiniOzoneClusterImpl-404eb741-03bf-48e0-a9fb-0e06e39ca081/datanode-4/data/ratis/d0ae19a5-be20-4217-855f-622dfe13d9cd/current/log_inprogress_0
2019-10-14 09:23:34,759 [03fab2fb-e7d4-4e78-a4c4-f6863ac12e1f@group-622DFE13D9CD-SegmentedRaftLogWorker] INFO  segmented.SegmentedRaftLogWorker (SegmentedRaftLogWorker.java:execute(569)) - 03fab2fb-e7d4-4e78-a4c4-f6863ac12e1f@group-622DFE13D9CD-SegmentedRaftLogWorker: created new log segment /workdir/hadoop-ozone/integration-test/target/test-dir/MiniOzoneClusterImpl-404eb741-03bf-48e0-a9fb-0e06e39ca081/datanode-3/data/ratis/d0ae19a5-be20-4217-855f-622dfe13d9cd/current/log_inprogress_0
2019-10-14 09:23:34,774 [Thread-4310] INFO  impl.FollowerState (FollowerState.java:run(106)) - 03fab2fb-e7d4-4e78-a4c4-f6863ac12e1f:group-B4F666F35DD2 changes to CANDIDATE, lastRpcTime:5021, electionTimeout:5021ms
2019-10-14 09:23:34,774 [Thread-4310] INFO  impl.RoleInfo (RoleInfo.java:shutdownFollowerState(121)) - 03fab2fb-e7d4-4e78-a4c4-f6863ac12e1f: shutdown FollowerState
2019-10-14 09:23:34,774 [Thread-4310] INFO  impl.RaftServerImpl (RaftServerImpl.java:setRole(174)) - 03fab2fb-e7d4-4e78-a4c4-f6863ac12e1f@group-B4F666F35DD2: changes role from  FOLLOWER to CANDIDATE at term 0 for changeToCandidate
2019-10-14 09:23:34,774 [Thread-4310] INFO  impl.RoleInfo (RoleInfo.java:updateAndGet(143)) - 03fab2fb-e7d4-4e78-a4c4-f6863ac12e1f: start LeaderElection
2019-10-14 09:23:34,781 [03fab2fb-e7d4-4e78-a4c4-f6863ac12e1f@group-005C3F463849:LeaderElection239] INFO  impl.LeaderElection (LeaderElection.java:askForVotes(182)) - 03fab2fb-e7d4-4e78-a4c4-f6863ac12e1f@group-005C3F463849:LeaderElection239: begin an election at term 1 for -1: [03fab2fb-e7d4-4e78-a4c4-f6863ac12e1f:192.168.164.214:33299, ff8cf76f-81bb-40fb-9266-fb490038af97:192.168.164.214:45617, f21c5b87-272d-4473-86ef-15bafd2985f9:192.168.164.214:40223], old=null
2019-10-14 09:23:34,787 [grpc-default-executor-4] INFO  impl.RaftServerImpl (RaftServerImpl.java:setRole(174)) - f21c5b87-272d-4473-86ef-15bafd2985f9@group-005C3F463849: changes role from  FOLLOWER to FOLLOWER at term 1 for recognizeCandidate:03fab2fb-e7d4-4e78-a4c4-f6863ac12e1f
2019-10-14 09:23:34,787 [grpc-default-executor-4] INFO  impl.RoleInfo (RoleInfo.java:shutdownFollowerState(121)) - f21c5b87-272d-4473-86ef-15bafd2985f9: shutdown FollowerState
2019-10-14 09:23:34,787 [grpc-default-executor-4] INFO  impl.RoleInfo (RoleInfo.java:updateAndGet(143)) - f21c5b87-272d-4473-86ef-15bafd2985f9: start FollowerState
2019-10-14 09:23:34,787 [Thread-4302] INFO  impl.FollowerState (FollowerState.java:run(115)) - f21c5b87-272d-4473-86ef-15bafd2985f9: FollowerState was interrupted: java.lang.InterruptedException: sleep interrupted
2019-10-14 09:23:34,790 [grpc-default-executor-15] INFO  impl.RaftServerImpl (RaftServerImpl.java:setRole(174)) - ff8cf76f-81bb-40fb-9266-fb490038af97@group-005C3F463849: changes role from  FOLLOWER to FOLLOWER at term 1 for recognizeCandidate:03fab2fb-e7d4-4e78-a4c4-f6863ac12e1f
2019-10-14 09:23:34,790 [grpc-default-executor-15] INFO  impl.RoleInfo (RoleInfo.java:shutdownFollowerState(121)) - ff8cf76f-81bb-40fb-9266-fb490038af97: shutdown FollowerState
2019-10-14 09:23:34,791 [grpc-default-executor-15] INFO  impl.RoleInfo (RoleInfo.java:updateAndGet(143)) - ff8cf76f-81bb-40fb-9266-fb490038af97: start FollowerState
2019-10-14 09:23:34,791 [Thread-4299] INFO  impl.FollowerState (FollowerState.java:run(115)) - ff8cf76f-81bb-40fb-9266-fb490038af97: FollowerState was interrupted: java.lang.InterruptedException: sleep interrupted
2019-10-14 09:23:34,802 [03fab2fb-e7d4-4e78-a4c4-f6863ac12e1f@group-B4F666F35DD2:LeaderElection240] INFO  impl.LeaderElection (LeaderElection.java:askForVotes(182)) - 03fab2fb-e7d4-4e78-a4c4-f6863ac12e1f@group-B4F666F35DD2:LeaderElection240: begin an election at term 1 for -1: [03fab2fb-e7d4-4e78-a4c4-f6863ac12e1f:192.168.164.214:33299, ff8cf76f-81bb-40fb-9266-fb490038af97:192.168.164.214:45617, f21c5b87-272d-4473-86ef-15bafd2985f9:192.168.164.214:40223], old=null
2019-10-14 09:23:34,824 [grpc-default-executor-3] INFO  impl.RaftServerImpl (RaftServerImpl.java:setRole(174)) - ff8cf76f-81bb-40fb-9266-fb490038af97@group-B4F666F35DD2: changes role from  FOLLOWER to FOLLOWER at term 1 for recognizeCandidate:03fab2fb-e7d4-4e78-a4c4-f6863ac12e1f
2019-10-14 09:23:34,824 [grpc-default-executor-3] INFO  impl.RoleInfo (RoleInfo.java:shutdownFollowerState(121)) - ff8cf76f-81bb-40fb-9266-fb490038af97: shutdown FollowerState
2019-10-14 09:23:34,824 [grpc-default-executor-3] INFO  impl.RoleInfo (RoleInfo.java:updateAndGet(143)) - ff8cf76f-81bb-40fb-9266-fb490038af97: start FollowerState
2019-10-14 09:23:34,824 [Thread-4306] INFO  impl.FollowerState (FollowerState.java:run(115)) - ff8cf76f-81bb-40fb-9266-fb490038af97: FollowerState was interrupted: java.lang.InterruptedException: sleep interrupted
2019-10-14 09:23:34,825 [grpc-default-executor-15] INFO  impl.RaftServerImpl (RaftServerImpl.java:setRole(174)) - f21c5b87-272d-4473-86ef-15bafd2985f9@group-B4F666F35DD2: changes role from  FOLLOWER to FOLLOWER at term 1 for recognizeCandidate:03fab2fb-e7d4-4e78-a4c4-f6863ac12e1f
2019-10-14 09:23:34,825 [03fab2fb-e7d4-4e78-a4c4-f6863ac12e1f@group-005C3F463849:LeaderElection239] INFO  impl.LeaderElection (LeaderElection.java:logAndReturn(56)) - 03fab2fb-e7d4-4e78-a4c4-f6863ac12e1f@group-005C3F463849:LeaderElection239: Election PASSED; received 1 response(s) [03fab2fb-e7d4-4e78-a4c4-f6863ac12e1f<-f21c5b87-272d-4473-86ef-15bafd2985f9#0:OK-t1] and 0 exception(s); 03fab2fb-e7d4-4e78-a4c4-f6863ac12e1f@group-005C3F463849:t1, leader=null, voted=03fab2fb-e7d4-4e78-a4c4-f6863ac12e1f, raftlog=03fab2fb-e7d4-4e78-a4c4-f6863ac12e1f@group-005C3F463849-SegmentedRaftLog:OPENED:c-1,f-1,i0, conf=-1: [03fab2fb-e7d4-4e78-a4c4-f6863ac12e1f:192.168.164.214:33299, ff8cf76f-81bb-40fb-9266-fb490038af97:192.168.164.214:45617, f21c5b87-272d-4473-86ef-15bafd2985f9:192.168.164.214:40223], old=null
2019-10-14 09:23:34,825 [grpc-default-executor-15] INFO  impl.RoleInfo (RoleInfo.java:shutdownFollowerState(121)) - f21c5b87-272d-4473-86ef-15bafd2985f9: shutdown FollowerState
2019-10-14 09:23:34,825 [03fab2fb-e7d4-4e78-a4c4-f6863ac12e1f@group-005C3F463849:LeaderElection239] INFO  impl.RoleInfo (RoleInfo.java:shutdownLeaderElection(134)) - 03fab2fb-e7d4-4e78-a4c4-f6863ac12e1f: shutdown LeaderElection
2019-10-14 09:23:34,825 [grpc-default-executor-15] INFO  impl.RoleInfo (RoleInfo.java:updateAndGet(143)) - f21c5b87-272d-4473-86ef-15bafd2985f9: start FollowerState
2019-10-14 09:23:34,825 [Thread-4311] INFO  impl.FollowerState (FollowerState.java:run(115)) - f21c5b87-272d-4473-86ef-15bafd2985f9: FollowerState was interrupted: java.lang.InterruptedException: sleep interrupted
2019-10-14 09:23:34,825 [03fab2fb-e7d4-4e78-a4c4-f6863ac12e1f@group-005C3F463849:LeaderElection239] INFO  impl.RaftServerImpl (RaftServerImpl.java:setRole(174)) - 03fab2fb-e7d4-4e78-a4c4-f6863ac12e1f@group-005C3F463849: changes role from CANDIDATE to LEADER at term 1 for changeToLeader
2019-10-14 09:23:34,825 [03fab2fb-e7d4-4e78-a4c4-f6863ac12e1f@group-005C3F463849:LeaderElection239] INFO  impl.RaftServerImpl (ServerState.java:setLeader(253)) - 03fab2fb-e7d4-4e78-a4c4-f6863ac12e1f@group-005C3F463849: change Leader from null to 03fab2fb-e7d4-4e78-a4c4-f6863ac12e1f at term 1 for becomeLeader, leader elected after 5163ms
2019-10-14 09:23:34,826 [03fab2fb-e7d4-4e78-a4c4-f6863ac12e1f@group-005C3F463849:LeaderElection239] INFO  server.RaftServerConfigKeys (ConfUtils.java:logGet(43)) - raft.server.staging.catchup.gap = 1000 (default)
2019-10-14 09:23:34,826 [03fab2fb-e7d4-4e78-a4c4-f6863ac12e1f@group-005C3F463849:LeaderElection239] INFO  server.RaftServerConfigKeys (ConfUtils.java:logGet(43)) - raft.server.rpc.sleep.time = 25ms (default)
2019-10-14 09:23:34,826 [03fab2fb-e7d4-4e78-a4c4-f6863ac12e1f@group-005C3F463849:LeaderElection239] INFO  server.RaftServerConfigKeys (ConfUtils.java:logGet(43)) - raft.server.write.element-limit = 4096 (default)
2019-10-14 09:23:34,826 [03fab2fb-e7d4-4e78-a4c4-f6863ac12e1f@group-005C3F463849:LeaderElection239] INFO  server.RaftServerConfigKeys (ConfUtils.java:logGet(43)) - raft.server.watch.timeout = 10s (default)
2019-10-14 09:23:34,826 [03fab2fb-e7d4-4e78-a4c4-f6863ac12e1f@group-005C3F463849:LeaderElection239] INFO  server.RaftServerConfigKeys (ConfUtils.java:logGet(43)) - raft.server.watch.timeout.denomination = 1s (default)
2019-10-14 09:23:34,826 [03fab2fb-e7d4-4e78-a4c4-f6863ac12e1f@group-005C3F463849:LeaderElection239] INFO  server.RaftServerConfigKeys (ConfUtils.java:logGet(43)) - raft.server.watch.element-limit = 65536 (default)
2019-10-14 09:23:34,828 [03fab2fb-e7d4-4e78-a4c4-f6863ac12e1f@group-005C3F463849:LeaderElection239] INFO  server.RaftServerConfigKeys (ConfUtils.java:logGet(43)) - raft.server.log.appender.snapshot.chunk.size.max = 16MB (=16777216) (default)
2019-10-14 09:23:34,828 [03fab2fb-e7d4-4e78-a4c4-f6863ac12e1f@group-005C3F463849:LeaderElection239] INFO  server.RaftServerConfigKeys (ConfUtils.java:logGet(43)) - raft.server.log.appender.buffer.byte-limit = 33554432 (custom)
2019-10-14 09:23:34,828 [03fab2fb-e7d4-4e78-a4c4-f6863ac12e1f@group-005C3F463849:LeaderElection239] INFO  server.RaftServerConfigKeys (ConfUtils.java:logGet(43)) - raft.server.log.appender.buffer.element-limit = 1 (custom)
2019-10-14 09:23:34,829 [03fab2fb-e7d4-4e78-a4c4-f6863ac12e1f@group-005C3F463849:LeaderElection239] INFO  grpc.GrpcConfigKeys$Server (ConfUtils.java:logGet(43)) - raft.grpc.server.leader.outstanding.appends.max = 128 (default)
2019-10-14 09:23:34,829 [03fab2fb-e7d4-4e78-a4c4-f6863ac12e1f@group-005C3F463849:LeaderElection239] INFO  server.RaftServerConfigKeys (ConfUtils.java:logGet(43)) - raft.server.rpc.request.timeout = 3000ms (default)
2019-10-14 09:23:34,829 [03fab2fb-e7d4-4e78-a4c4-f6863ac12e1f@group-005C3F463849:LeaderElection239] INFO  server.RaftServerConfigKeys (ConfUtils.java:logGet(43)) - raft.server.log.appender.install.snapshot.enabled = false (custom)
2019-10-14 09:23:34,829 [03fab2fb-e7d4-4e78-a4c4-f6863ac12e1f@group-005C3F463849:LeaderElection239] INFO  server.RaftServerConfigKeys (ConfUtils.java:logGet(43)) - raft.server.log.appender.snapshot.chunk.size.max = 16MB (=16777216) (default)
2019-10-14 09:23:34,829 [03fab2fb-e7d4-4e78-a4c4-f6863ac12e1f@group-005C3F463849:LeaderElection239] INFO  server.RaftServerConfigKeys (ConfUtils.java:logGet(43)) - raft.server.log.appender.buffer.byte-limit = 33554432 (custom)
2019-10-14 09:23:34,829 [03fab2fb-e7d4-4e78-a4c4-f6863ac12e1f@group-005C3F463849:LeaderElection239] INFO  server.RaftServerConfigKeys (ConfUtils.java:logGet(43)) - raft.server.log.appender.buffer.element-limit = 1 (custom)
2019-10-14 09:23:34,829 [03fab2fb-e7d4-4e78-a4c4-f6863ac12e1f@group-005C3F463849:LeaderElection239] INFO  grpc.GrpcConfigKeys$Server (ConfUtils.java:logGet(43)) - raft.grpc.server.leader.outstanding.appends.max = 128 (default)
2019-10-14 09:23:34,830 [03fab2fb-e7d4-4e78-a4c4-f6863ac12e1f@group-005C3F463849:LeaderElection239] INFO  server.RaftServerConfigKeys (ConfUtils.java:logGet(43)) - raft.server.rpc.request.timeout = 3000ms (default)
2019-10-14 09:23:34,830 [03fab2fb-e7d4-4e78-a4c4-f6863ac12e1f@group-005C3F463849:LeaderElection239] INFO  server.RaftServerConfigKeys (ConfUtils.java:logGet(43)) - raft.server.log.appender.install.snapshot.enabled = false (custom)
2019-10-14 09:23:34,830 [03fab2fb-e7d4-4e78-a4c4-f6863ac12e1f@group-005C3F463849:LeaderElection239] INFO  impl.RoleInfo (RoleInfo.java:updateAndGet(143)) - 03fab2fb-e7d4-4e78-a4c4-f6863ac12e1f: start LeaderState
2019-10-14 09:23:34,830 [03fab2fb-e7d4-4e78-a4c4-f6863ac12e1f@group-005C3F463849:LeaderElection239] INFO  segmented.SegmentedRaftLogWorker (SegmentedRaftLogWorker.java:startLogSegment(380)) - 03fab2fb-e7d4-4e78-a4c4-f6863ac12e1f@group-005C3F463849-SegmentedRaftLogWorker: Starting segment from index:0
2019-10-14 09:23:34,831 [03fab2fb-e7d4-4e78-a4c4-f6863ac12e1f@group-005C3F463849:LeaderElection239] INFO  impl.RaftServerImpl (ServerState.java:setRaftConf(354)) - 03fab2fb-e7d4-4e78-a4c4-f6863ac12e1f@group-005C3F463849: set configuration 0: [03fab2fb-e7d4-4e78-a4c4-f6863ac12e1f:192.168.164.214:33299, ff8cf76f-81bb-40fb-9266-fb490038af97:192.168.164.214:45617, f21c5b87-272d-4473-86ef-15bafd2985f9:192.168.164.214:40223], old=null at 0
2019-10-14 09:23:34,835 [grpc-default-executor-4] INFO  impl.RaftServerImpl (ServerState.java:setLeader(253)) - ff8cf76f-81bb-40fb-9266-fb490038af97@group-005C3F463849: change Leader from null to 03fab2fb-e7d4-4e78-a4c4-f6863ac12e1f at term 1 for appendEntries, leader elected after 5173ms
2019-10-14 09:23:34,837 [grpc-default-executor-10] INFO  impl.RaftServerImpl (ServerState.java:setLeader(253)) - f21c5b87-272d-4473-86ef-15bafd2985f9@group-005C3F463849: change Leader from null to 03fab2fb-e7d4-4e78-a4c4-f6863ac12e1f at term 1 for appendEntries, leader elected after 5175ms
2019-10-14 09:23:34,838 [03fab2fb-e7d4-4e78-a4c4-f6863ac12e1f@group-B4F666F35DD2:LeaderElection240] INFO  impl.LeaderElection (LeaderElection.java:logAndReturn(56)) - 03fab2fb-e7d4-4e78-a4c4-f6863ac12e1f@group-B4F666F35DD2:LeaderElection240: Election PASSED; received 1 response(s) [03fab2fb-e7d4-4e78-a4c4-f6863ac12e1f<-ff8cf76f-81bb-40fb-9266-fb490038af97#0:OK-t1] and 0 exception(s); 03fab2fb-e7d4-4e78-a4c4-f6863ac12e1f@group-B4F666F35DD2:t1, leader=null, voted=03fab2fb-e7d4-4e78-a4c4-f6863ac12e1f, raftlog=03fab2fb-e7d4-4e78-a4c4-f6863ac12e1f@group-B4F666F35DD2-SegmentedRaftLog:OPENED:c-1,f-1,i0, conf=-1: [03fab2fb-e7d4-4e78-a4c4-f6863ac12e1f:192.168.164.214:33299, ff8cf76f-81bb-40fb-9266-fb490038af97:192.168.164.214:45617, f21c5b87-272d-4473-86ef-15bafd2985f9:192.168.164.214:40223], old=null
2019-10-14 09:23:34,838 [03fab2fb-e7d4-4e78-a4c4-f6863ac12e1f@group-B4F666F35DD2:LeaderElection240] INFO  impl.RoleInfo (RoleInfo.java:shutdownLeaderElection(134)) - 03fab2fb-e7d4-4e78-a4c4-f6863ac12e1f: shutdown LeaderElection
2019-10-14 09:23:34,838 [03fab2fb-e7d4-4e78-a4c4-f6863ac12e1f@group-B4F666F35DD2:LeaderElection240] INFO  impl.RaftServerImpl (RaftServerImpl.java:setRole(174)) - 03fab2fb-e7d4-4e78-a4c4-f6863ac12e1f@group-B4F666F35DD2: changes role from CANDIDATE to LEADER at term 1 for changeToLeader
2019-10-14 09:23:34,838 [03fab2fb-e7d4-4e78-a4c4-f6863ac12e1f@group-B4F666F35DD2:LeaderElection240] INFO  impl.RaftServerImpl (ServerState.java:setLeader(253)) - 03fab2fb-e7d4-4e78-a4c4-f6863ac12e1f@group-B4F666F35DD2: change Leader from null to 03fab2fb-e7d4-4e78-a4c4-f6863ac12e1f at term 1 for becomeLeader, leader elected after 5091ms
2019-10-14 09:23:34,838 [03fab2fb-e7d4-4e78-a4c4-f6863ac12e1f@group-B4F666F35DD2:LeaderElection240] INFO  server.RaftServerConfigKeys (ConfUtils.java:logGet(43)) - raft.server.staging.catchup.gap = 1000 (default)
2019-10-14 09:23:34,838 [03fab2fb-e7d4-4e78-a4c4-f6863ac12e1f@group-B4F666F35DD2:LeaderElection240] INFO  server.RaftServerConfigKeys (ConfUtils.java:logGet(43)) - raft.server.rpc.sleep.time = 25ms (default)
2019-10-14 09:23:34,838 [03fab2fb-e7d4-4e78-a4c4-f6863ac12e1f@group-B4F666F35DD2:LeaderElection240] INFO  server.RaftServerConfigKeys (ConfUtils.java:logGet(43)) - raft.server.write.element-limit = 4096 (default)
2019-10-14 09:23:34,838 [03fab2fb-e7d4-4e78-a4c4-f6863ac12e1f@group-B4F666F35DD2:LeaderElection240] INFO  server.RaftServerConfigKeys (ConfUtils.java:logGet(43)) - raft.server.watch.timeout = 10s (default)
2019-10-14 09:23:34,838 [03fab2fb-e7d4-4e78-a4c4-f6863ac12e1f@group-B4F666F35DD2:LeaderElection240] INFO  server.RaftServerConfigKeys (ConfUtils.java:logGet(43)) - raft.server.watch.timeout.denomination = 1s (default)
2019-10-14 09:23:34,838 [grpc-default-executor-4] INFO  impl.RaftServerImpl (ServerState.java:setRaftConf(354)) - ff8cf76f-81bb-40fb-9266-fb490038af97@group-005C3F463849: set configuration 0: [03fab2fb-e7d4-4e78-a4c4-f6863ac12e1f:192.168.164.214:33299, ff8cf76f-81bb-40fb-9266-fb490038af97:192.168.164.214:45617, f21c5b87-272d-4473-86ef-15bafd2985f9:192.168.164.214:40223], old=null at 0
2019-10-14 09:23:34,838 [03fab2fb-e7d4-4e78-a4c4-f6863ac12e1f@group-B4F666F35DD2:LeaderElection240] INFO  server.RaftServerConfigKeys (ConfUtils.java:logGet(43)) - raft.server.watch.element-limit = 65536 (default)
2019-10-14 09:23:34,839 [grpc-default-executor-4] INFO  segmented.SegmentedRaftLogWorker (SegmentedRaftLogWorker.java:startLogSegment(380)) - ff8cf76f-81bb-40fb-9266-fb490038af97@group-005C3F463849-SegmentedRaftLogWorker: Starting segment from index:0
2019-10-14 09:23:34,839 [grpc-default-executor-10] INFO  impl.RaftServerImpl (ServerState.java:setRaftConf(354)) - f21c5b87-272d-4473-86ef-15bafd2985f9@group-005C3F463849: set configuration 0: [03fab2fb-e7d4-4e78-a4c4-f6863ac12e1f:192.168.164.214:33299, ff8cf76f-81bb-40fb-9266-fb490038af97:192.168.164.214:45617, f21c5b87-272d-4473-86ef-15bafd2985f9:192.168.164.214:40223], old=null at 0
2019-10-14 09:23:34,839 [grpc-default-executor-10] INFO  segmented.SegmentedRaftLogWorker (SegmentedRaftLogWorker.java:startLogSegment(380)) - f21c5b87-272d-4473-86ef-15bafd2985f9@group-005C3F463849-SegmentedRaftLogWorker: Starting segment from index:0
2019-10-14 09:23:34,841 [03fab2fb-e7d4-4e78-a4c4-f6863ac12e1f@group-B4F666F35DD2:LeaderElection240] INFO  server.RaftServerConfigKeys (ConfUtils.java:logGet(43)) - raft.server.log.appender.snapshot.chunk.size.max = 16MB (=16777216) (default)
2019-10-14 09:23:34,841 [03fab2fb-e7d4-4e78-a4c4-f6863ac12e1f@group-B4F666F35DD2:LeaderElection240] INFO  server.RaftServerConfigKeys (ConfUtils.java:logGet(43)) - raft.server.log.appender.buffer.byte-limit = 33554432 (custom)
2019-10-14 09:23:34,841 [03fab2fb-e7d4-4e78-a4c4-f6863ac12e1f@group-B4F666F35DD2:LeaderElection240] INFO  server.RaftServerConfigKeys (ConfUtils.java:logGet(43)) - raft.server.log.appender.buffer.element-limit = 1 (custom)
2019-10-14 09:23:34,841 [03fab2fb-e7d4-4e78-a4c4-f6863ac12e1f@group-B4F666F35DD2:LeaderElection240] INFO  grpc.GrpcConfigKeys$Server (ConfUtils.java:logGet(43)) - raft.grpc.server.leader.outstanding.appends.max = 128 (default)
2019-10-14 09:23:34,841 [03fab2fb-e7d4-4e78-a4c4-f6863ac12e1f@group-B4F666F35DD2:LeaderElection240] INFO  server.RaftServerConfigKeys (ConfUtils.java:logGet(43)) - raft.server.rpc.request.timeout = 3000ms (default)
2019-10-14 09:23:34,841 [03fab2fb-e7d4-4e78-a4c4-f6863ac12e1f@group-B4F666F35DD2:LeaderElection240] INFO  server.RaftServerConfigKeys (ConfUtils.java:logGet(43)) - raft.server.log.appender.install.snapshot.enabled = false (custom)
2019-10-14 09:23:34,841 [03fab2fb-e7d4-4e78-a4c4-f6863ac12e1f@group-B4F666F35DD2:LeaderElection240] INFO  server.RaftServerConfigKeys (ConfUtils.java:logGet(43)) - raft.server.log.appender.snapshot.chunk.size.max = 16MB (=16777216) (default)
2019-10-14 09:23:34,842 [03fab2fb-e7d4-4e78-a4c4-f6863ac12e1f@group-B4F666F35DD2:LeaderElection240] INFO  server.RaftServerConfigKeys (ConfUtils.java:logGet(43)) - raft.server.log.appender.buffer.byte-limit = 33554432 (custom)
2019-10-14 09:23:34,842 [03fab2fb-e7d4-4e78-a4c4-f6863ac12e1f@group-B4F666F35DD2:LeaderElection240] INFO  server.RaftServerConfigKeys (ConfUtils.java:logGet(43)) - raft.server.log.appender.buffer.element-limit = 1 (custom)
2019-10-14 09:23:34,842 [03fab2fb-e7d4-4e78-a4c4-f6863ac12e1f@group-B4F666F35DD2:LeaderElection240] INFO  grpc.GrpcConfigKeys$Server (ConfUtils.java:logGet(43)) - raft.grpc.server.leader.outstanding.appends.max = 128 (default)
2019-10-14 09:23:34,842 [03fab2fb-e7d4-4e78-a4c4-f6863ac12e1f@group-B4F666F35DD2:LeaderElection240] INFO  server.RaftServerConfigKeys (ConfUtils.java:logGet(43)) - raft.server.rpc.request.timeout = 3000ms (default)
2019-10-14 09:23:34,842 [03fab2fb-e7d4-4e78-a4c4-f6863ac12e1f@group-B4F666F35DD2:LeaderElection240] INFO  server.RaftServerConfigKeys (ConfUtils.java:logGet(43)) - raft.server.log.appender.install.snapshot.enabled = false (custom)
2019-10-14 09:23:34,842 [03fab2fb-e7d4-4e78-a4c4-f6863ac12e1f@group-B4F666F35DD2:LeaderElection240] INFO  impl.RoleInfo (RoleInfo.java:updateAndGet(143)) - 03fab2fb-e7d4-4e78-a4c4-f6863ac12e1f: start LeaderState
2019-10-14 09:23:34,842 [03fab2fb-e7d4-4e78-a4c4-f6863ac12e1f@group-B4F666F35DD2:LeaderElection240] INFO  segmented.SegmentedRaftLogWorker (SegmentedRaftLogWorker.java:startLogSegment(380)) - 03fab2fb-e7d4-4e78-a4c4-f6863ac12e1f@group-B4F666F35DD2-SegmentedRaftLogWorker: Starting segment from index:0
2019-10-14 09:23:34,843 [03fab2fb-e7d4-4e78-a4c4-f6863ac12e1f@group-B4F666F35DD2:LeaderElection240] INFO  impl.RaftServerImpl (ServerState.java:setRaftConf(354)) - 03fab2fb-e7d4-4e78-a4c4-f6863ac12e1f@group-B4F666F35DD2: set configuration 0: [03fab2fb-e7d4-4e78-a4c4-f6863ac12e1f:192.168.164.214:33299, ff8cf76f-81bb-40fb-9266-fb490038af97:192.168.164.214:45617, f21c5b87-272d-4473-86ef-15bafd2985f9:192.168.164.214:40223], old=null at 0
2019-10-14 09:23:34,882 [grpc-default-executor-10] INFO  impl.RaftServerImpl (ServerState.java:setLeader(253)) - ff8cf76f-81bb-40fb-9266-fb490038af97@group-B4F666F35DD2: change Leader from null to 03fab2fb-e7d4-4e78-a4c4-f6863ac12e1f at term 1 for appendEntries, leader elected after 5159ms
2019-10-14 09:23:34,882 [Thread-4319] INFO  impl.FollowerState (FollowerState.java:run(106)) - ff8cf76f-81bb-40fb-9266-fb490038af97:group-055E57217CE7 changes to CANDIDATE, lastRpcTime:5028, electionTimeout:5016ms
2019-10-14 09:23:34,883 [Thread-4319] INFO  impl.RoleInfo (RoleInfo.java:shutdownFollowerState(121)) - ff8cf76f-81bb-40fb-9266-fb490038af97: shutdown FollowerState
2019-10-14 09:23:34,883 [Thread-4319] INFO  impl.RaftServerImpl (RaftServerImpl.java:setRole(174)) - ff8cf76f-81bb-40fb-9266-fb490038af97@group-055E57217CE7: changes role from  FOLLOWER to CANDIDATE at term 0 for changeToCandidate
2019-10-14 09:23:34,911 [Thread-4319] INFO  impl.RoleInfo (RoleInfo.java:updateAndGet(143)) - ff8cf76f-81bb-40fb-9266-fb490038af97: start LeaderElection
2019-10-14 09:23:34,912 [grpc-default-executor-4] INFO  impl.RaftServerImpl (ServerState.java:setLeader(253)) - f21c5b87-272d-4473-86ef-15bafd2985f9@group-B4F666F35DD2: change Leader from null to 03fab2fb-e7d4-4e78-a4c4-f6863ac12e1f at term 1 for appendEntries, leader elected after 5165ms
2019-10-14 09:23:34,914 [ff8cf76f-81bb-40fb-9266-fb490038af97@group-005C3F463849-SegmentedRaftLogWorker] INFO  segmented.SegmentedRaftLogWorker (SegmentedRaftLogWorker.java:execute(569)) - ff8cf76f-81bb-40fb-9266-fb490038af97@group-005C3F463849-SegmentedRaftLogWorker: created new log segment /workdir/hadoop-ozone/integration-test/target/test-dir/MiniOzoneClusterImpl-404eb741-03bf-48e0-a9fb-0e06e39ca081/datanode-5/data/ratis/ab544538-64b3-43a6-9365-005c3f463849/current/log_inprogress_0
2019-10-14 09:23:34,917 [grpc-default-executor-10] INFO  impl.RaftServerImpl (ServerState.java:setRaftConf(354)) - ff8cf76f-81bb-40fb-9266-fb490038af97@group-B4F666F35DD2: set configuration 0: [03fab2fb-e7d4-4e78-a4c4-f6863ac12e1f:192.168.164.214:33299, ff8cf76f-81bb-40fb-9266-fb490038af97:192.168.164.214:45617, f21c5b87-272d-4473-86ef-15bafd2985f9:192.168.164.214:40223], old=null at 0
2019-10-14 09:23:34,917 [grpc-default-executor-10] INFO  segmented.SegmentedRaftLogWorker (SegmentedRaftLogWorker.java:startLogSegment(380)) - ff8cf76f-81bb-40fb-9266-fb490038af97@group-B4F666F35DD2-SegmentedRaftLogWorker: Starting segment from index:0
2019-10-14 09:23:34,943 [grpc-default-executor-10] INFO  impl.RaftServerImpl (ServerState.java:setRaftConf(354)) - f21c5b87-272d-4473-86ef-15bafd2985f9@group-B4F666F35DD2: set configuration 0: [03fab2fb-e7d4-4e78-a4c4-f6863ac12e1f:192.168.164.214:33299, ff8cf76f-81bb-40fb-9266-fb490038af97:192.168.164.214:45617, f21c5b87-272d-4473-86ef-15bafd2985f9:192.168.164.214:40223], old=null at 0
2019-10-14 09:23:34,943 [ff8cf76f-81bb-40fb-9266-fb490038af97@group-055E57217CE7:LeaderElection241] INFO  impl.LeaderElection (LeaderElection.java:askForVotes(182)) - ff8cf76f-81bb-40fb-9266-fb490038af97@group-055E57217CE7:LeaderElection241: begin an election at term 1 for -1: [ff8cf76f-81bb-40fb-9266-fb490038af97:192.168.164.214:45617, f21c5b87-272d-4473-86ef-15bafd2985f9:192.168.164.214:40223, 866eb045-3bfb-47dc-a4c6-3505e598a7c3:192.168.164.214:38008], old=null
2019-10-14 09:23:34,944 [grpc-default-executor-10] INFO  segmented.SegmentedRaftLogWorker (SegmentedRaftLogWorker.java:startLogSegment(380)) - f21c5b87-272d-4473-86ef-15bafd2985f9@group-B4F666F35DD2-SegmentedRaftLogWorker: Starting segment from index:0
2019-10-14 09:23:34,943 [03fab2fb-e7d4-4e78-a4c4-f6863ac12e1f@group-005C3F463849-SegmentedRaftLogWorker] INFO  segmented.SegmentedRaftLogWorker (SegmentedRaftLogWorker.java:execute(569)) - 03fab2fb-e7d4-4e78-a4c4-f6863ac12e1f@group-005C3F463849-SegmentedRaftLogWorker: created new log segment /workdir/hadoop-ozone/integration-test/target/test-dir/MiniOzoneClusterImpl-404eb741-03bf-48e0-a9fb-0e06e39ca081/datanode-3/data/ratis/ab544538-64b3-43a6-9365-005c3f463849/current/log_inprogress_0
2019-10-14 09:23:34,943 [03fab2fb-e7d4-4e78-a4c4-f6863ac12e1f@group-B4F666F35DD2-SegmentedRaftLogWorker] INFO  segmented.SegmentedRaftLogWorker (SegmentedRaftLogWorker.java:execute(569)) - 03fab2fb-e7d4-4e78-a4c4-f6863ac12e1f@group-B4F666F35DD2-SegmentedRaftLogWorker: created new log segment /workdir/hadoop-ozone/integration-test/target/test-dir/MiniOzoneClusterImpl-404eb741-03bf-48e0-a9fb-0e06e39ca081/datanode-3/data/ratis/117ca33b-a563-48c3-984a-b4f666f35dd2/current/log_inprogress_0
2019-10-14 09:23:34,943 [f21c5b87-272d-4473-86ef-15bafd2985f9@group-005C3F463849-SegmentedRaftLogWorker] INFO  segmented.SegmentedRaftLogWorker (SegmentedRaftLogWorker.java:execute(569)) - f21c5b87-272d-4473-86ef-15bafd2985f9@group-005C3F463849-SegmentedRaftLogWorker: created new log segment /workdir/hadoop-ozone/integration-test/target/test-dir/MiniOzoneClusterImpl-404eb741-03bf-48e0-a9fb-0e06e39ca081/datanode-4/data/ratis/ab544538-64b3-43a6-9365-005c3f463849/current/log_inprogress_0
2019-10-14 09:23:34,946 [grpc-default-executor-10] INFO  impl.RaftServerImpl (RaftServerImpl.java:setRole(174)) - f21c5b87-272d-4473-86ef-15bafd2985f9@group-055E57217CE7: changes role from  FOLLOWER to FOLLOWER at term 1 for recognizeCandidate:ff8cf76f-81bb-40fb-9266-fb490038af97
2019-10-14 09:23:34,946 [grpc-default-executor-10] INFO  impl.RoleInfo (RoleInfo.java:shutdownFollowerState(121)) - f21c5b87-272d-4473-86ef-15bafd2985f9: shutdown FollowerState
2019-10-14 09:23:34,946 [grpc-default-executor-10] INFO  impl.RoleInfo (RoleInfo.java:updateAndGet(143)) - f21c5b87-272d-4473-86ef-15bafd2985f9: start FollowerState
2019-10-14 09:23:34,946 [Thread-4321] INFO  impl.FollowerState (FollowerState.java:run(115)) - f21c5b87-272d-4473-86ef-15bafd2985f9: FollowerState was interrupted: java.lang.InterruptedException: sleep interrupted
2019-10-14 09:23:34,947 [grpc-default-executor-4] INFO  impl.RaftServerImpl (RaftServerImpl.java:setRole(174)) - 866eb045-3bfb-47dc-a4c6-3505e598a7c3@group-055E57217CE7: changes role from  FOLLOWER to FOLLOWER at term 1 for recognizeCandidate:ff8cf76f-81bb-40fb-9266-fb490038af97
2019-10-14 09:23:34,947 [grpc-default-executor-4] INFO  impl.RoleInfo (RoleInfo.java:shutdownFollowerState(121)) - 866eb045-3bfb-47dc-a4c6-3505e598a7c3: shutdown FollowerState
2019-10-14 09:23:34,947 [grpc-default-executor-4] INFO  impl.RoleInfo (RoleInfo.java:updateAndGet(143)) - 866eb045-3bfb-47dc-a4c6-3505e598a7c3: start FollowerState
2019-10-14 09:23:34,947 [Thread-4317] INFO  impl.FollowerState (FollowerState.java:run(115)) - 866eb045-3bfb-47dc-a4c6-3505e598a7c3: FollowerState was interrupted: java.lang.InterruptedException: sleep interrupted
2019-10-14 09:23:34,955 [Thread-4325] INFO  impl.FollowerState (FollowerState.java:run(106)) - ff8cf76f-81bb-40fb-9266-fb490038af97:group-1311D66F9C25 changes to CANDIDATE, lastRpcTime:5027, electionTimeout:5027ms
2019-10-14 09:23:34,956 [Thread-4325] INFO  impl.RoleInfo (RoleInfo.java:shutdownFollowerState(121)) - ff8cf76f-81bb-40fb-9266-fb490038af97: shutdown FollowerState
2019-10-14 09:23:34,956 [Thread-4325] INFO  impl.RaftServerImpl (RaftServerImpl.java:setRole(174)) - ff8cf76f-81bb-40fb-9266-fb490038af97@group-1311D66F9C25: changes role from  FOLLOWER to CANDIDATE at term 0 for changeToCandidate
2019-10-14 09:23:34,956 [Thread-4325] INFO  impl.RoleInfo (RoleInfo.java:updateAndGet(143)) - ff8cf76f-81bb-40fb-9266-fb490038af97: start LeaderElection
2019-10-14 09:23:34,979 [Thread-4330] INFO  impl.FollowerState (FollowerState.java:run(106)) - c6f466fb-6021-469a-9685-fe99611c8ad0:group-1311D66F9C25 changes to CANDIDATE, lastRpcTime:5047, electionTimeout:5031ms
2019-10-14 09:23:34,979 [Thread-4330] INFO  impl.RoleInfo (RoleInfo.java:shutdownFollowerState(121)) - c6f466fb-6021-469a-9685-fe99611c8ad0: shutdown FollowerState
2019-10-14 09:23:34,979 [Thread-4330] INFO  impl.RaftServerImpl (RaftServerImpl.java:setRole(174)) - c6f466fb-6021-469a-9685-fe99611c8ad0@group-1311D66F9C25: changes role from  FOLLOWER to CANDIDATE at term 0 for changeToCandidate
2019-10-14 09:23:34,979 [Thread-4330] INFO  impl.RoleInfo (RoleInfo.java:updateAndGet(143)) - c6f466fb-6021-469a-9685-fe99611c8ad0: start LeaderElection
2019-10-14 09:23:34,982 [ff8cf76f-81bb-40fb-9266-fb490038af97@group-B4F666F35DD2-SegmentedRaftLogWorker] INFO  segmented.SegmentedRaftLogWorker (SegmentedRaftLogWorker.java:execute(569)) - ff8cf76f-81bb-40fb-9266-fb490038af97@group-B4F666F35DD2-SegmentedRaftLogWorker: created new log segment /workdir/hadoop-ozone/integration-test/target/test-dir/MiniOzoneClusterImpl-404eb741-03bf-48e0-a9fb-0e06e39ca081/datanode-5/data/ratis/117ca33b-a563-48c3-984a-b4f666f35dd2/current/log_inprogress_0
2019-10-14 09:23:34,982 [Thread-4327] INFO  impl.FollowerState (FollowerState.java:run(106)) - cf77b951-1220-4844-8605-1ea68060b59b:group-1311D66F9C25 changes to CANDIDATE, lastRpcTime:5053, electionTimeout:5050ms
2019-10-14 09:23:34,985 [Thread-4327] INFO  impl.RoleInfo (RoleInfo.java:shutdownFollowerState(121)) - cf77b951-1220-4844-8605-1ea68060b59b: shutdown FollowerState
2019-10-14 09:23:34,985 [Thread-4327] INFO  impl.RaftServerImpl (RaftServerImpl.java:setRole(174)) - cf77b951-1220-4844-8605-1ea68060b59b@group-1311D66F9C25: changes role from  FOLLOWER to CANDIDATE at term 0 for changeToCandidate
2019-10-14 09:23:34,986 [Thread-4327] INFO  impl.RoleInfo (RoleInfo.java:updateAndGet(143)) - cf77b951-1220-4844-8605-1ea68060b59b: start LeaderElection
2019-10-14 09:23:34,986 [ff8cf76f-81bb-40fb-9266-fb490038af97@group-055E57217CE7:LeaderElection241] INFO  impl.LeaderElection (LeaderElection.java:logAndReturn(56)) - ff8cf76f-81bb-40fb-9266-fb490038af97@group-055E57217CE7:LeaderElection241: Election PASSED; received 1 response(s) [ff8cf76f-81bb-40fb-9266-fb490038af97<-f21c5b87-272d-4473-86ef-15bafd2985f9#0:OK-t1] and 0 exception(s); ff8cf76f-81bb-40fb-9266-fb490038af97@group-055E57217CE7:t1, leader=null, voted=ff8cf76f-81bb-40fb-9266-fb490038af97, raftlog=ff8cf76f-81bb-40fb-9266-fb490038af97@group-055E57217CE7-SegmentedRaftLog:OPENED:c-1,f-1,i0, conf=-1: [ff8cf76f-81bb-40fb-9266-fb490038af97:192.168.164.214:45617, f21c5b87-272d-4473-86ef-15bafd2985f9:192.168.164.214:40223, 866eb045-3bfb-47dc-a4c6-3505e598a7c3:192.168.164.214:38008], old=null
2019-10-14 09:23:34,986 [ff8cf76f-81bb-40fb-9266-fb490038af97@group-055E57217CE7:LeaderElection241] INFO  impl.RoleInfo (RoleInfo.java:shutdownLeaderElection(134)) - ff8cf76f-81bb-40fb-9266-fb490038af97: shutdown LeaderElection
2019-10-14 09:23:34,991 [ff8cf76f-81bb-40fb-9266-fb490038af97@group-055E57217CE7:LeaderElection241] INFO  impl.RaftServerImpl (RaftServerImpl.java:setRole(174)) - ff8cf76f-81bb-40fb-9266-fb490038af97@group-055E57217CE7: changes role from CANDIDATE to LEADER at term 1 for changeToLeader
2019-10-14 09:23:34,992 [ff8cf76f-81bb-40fb-9266-fb490038af97@group-055E57217CE7:LeaderElection241] INFO  impl.RaftServerImpl (ServerState.java:setLeader(253)) - ff8cf76f-81bb-40fb-9266-fb490038af97@group-055E57217CE7: change Leader from null to ff8cf76f-81bb-40fb-9266-fb490038af97 at term 1 for becomeLeader, leader elected after 5146ms
2019-10-14 09:23:34,992 [ff8cf76f-81bb-40fb-9266-fb490038af97@group-055E57217CE7:LeaderElection241] INFO  server.RaftServerConfigKeys (ConfUtils.java:logGet(43)) - raft.server.staging.catchup.gap = 1000 (default)
2019-10-14 09:23:34,992 [ff8cf76f-81bb-40fb-9266-fb490038af97@group-055E57217CE7:LeaderElection241] INFO  server.RaftServerConfigKeys (ConfUtils.java:logGet(43)) - raft.server.rpc.sleep.time = 25ms (default)
2019-10-14 09:23:34,992 [ff8cf76f-81bb-40fb-9266-fb490038af97@group-055E57217CE7:LeaderElection241] INFO  server.RaftServerConfigKeys (ConfUtils.java:logGet(43)) - raft.server.write.element-limit = 4096 (default)
2019-10-14 09:23:34,992 [ff8cf76f-81bb-40fb-9266-fb490038af97@group-055E57217CE7:LeaderElection241] INFO  server.RaftServerConfigKeys (ConfUtils.java:logGet(43)) - raft.server.watch.timeout = 10s (default)
2019-10-14 09:23:34,993 [ff8cf76f-81bb-40fb-9266-fb490038af97@group-055E57217CE7:LeaderElection241] INFO  server.RaftServerConfigKeys (ConfUtils.java:logGet(43)) - raft.server.watch.timeout.denomination = 1s (default)
2019-10-14 09:23:34,993 [ff8cf76f-81bb-40fb-9266-fb490038af97@group-055E57217CE7:LeaderElection241] INFO  server.RaftServerConfigKeys (ConfUtils.java:logGet(43)) - raft.server.watch.element-limit = 65536 (default)
2019-10-14 09:23:34,995 [ff8cf76f-81bb-40fb-9266-fb490038af97@group-055E57217CE7:LeaderElection241] INFO  server.RaftServerConfigKeys (ConfUtils.java:logGet(43)) - raft.server.log.appender.snapshot.chunk.size.max = 16MB (=16777216) (default)
2019-10-14 09:23:34,995 [ff8cf76f-81bb-40fb-9266-fb490038af97@group-055E57217CE7:LeaderElection241] INFO  server.RaftServerConfigKeys (ConfUtils.java:logGet(43)) - raft.server.log.appender.buffer.byte-limit = 33554432 (custom)
2019-10-14 09:23:34,995 [ff8cf76f-81bb-40fb-9266-fb490038af97@group-055E57217CE7:LeaderElection241] INFO  server.RaftServerConfigKeys (ConfUtils.java:logGet(43)) - raft.server.log.appender.buffer.element-limit = 1 (custom)
2019-10-14 09:23:34,995 [ff8cf76f-81bb-40fb-9266-fb490038af97@group-055E57217CE7:LeaderElection241] INFO  grpc.GrpcConfigKeys$Server (ConfUtils.java:logGet(43)) - raft.grpc.server.leader.outstanding.appends.max = 128 (default)
2019-10-14 09:23:34,996 [ff8cf76f-81bb-40fb-9266-fb490038af97@group-055E57217CE7:LeaderElection241] INFO  server.RaftServerConfigKeys (ConfUtils.java:logGet(43)) - raft.server.rpc.request.timeout = 3000ms (default)
2019-10-14 09:23:34,996 [ff8cf76f-81bb-40fb-9266-fb490038af97@group-055E57217CE7:LeaderElection241] INFO  server.RaftServerConfigKeys (ConfUtils.java:logGet(43)) - raft.server.log.appender.install.snapshot.enabled = false (custom)
2019-10-14 09:23:34,996 [ff8cf76f-81bb-40fb-9266-fb490038af97@group-055E57217CE7:LeaderElection241] INFO  server.RaftServerConfigKeys (ConfUtils.java:logGet(43)) - raft.server.log.appender.snapshot.chunk.size.max = 16MB (=16777216) (default)
2019-10-14 09:23:34,996 [ff8cf76f-81bb-40fb-9266-fb490038af97@group-055E57217CE7:LeaderElection241] INFO  server.RaftServerConfigKeys (ConfUtils.java:logGet(43)) - raft.server.log.appender.buffer.byte-limit = 33554432 (custom)
2019-10-14 09:23:34,997 [ff8cf76f-81bb-40fb-9266-fb490038af97@group-055E57217CE7:LeaderElection241] INFO  server.RaftServerConfigKeys (ConfUtils.java:logGet(43)) - raft.server.log.appender.buffer.element-limit = 1 (custom)
2019-10-14 09:23:34,997 [ff8cf76f-81bb-40fb-9266-fb490038af97@group-055E57217CE7:LeaderElection241] INFO  grpc.GrpcConfigKeys$Server (ConfUtils.java:logGet(43)) - raft.grpc.server.leader.outstanding.appends.max = 128 (default)
2019-10-14 09:23:34,997 [ff8cf76f-81bb-40fb-9266-fb490038af97@group-055E57217CE7:LeaderElection241] INFO  server.RaftServerConfigKeys (ConfUtils.java:logGet(43)) - raft.server.rpc.request.timeout = 3000ms (default)
2019-10-14 09:23:34,997 [ff8cf76f-81bb-40fb-9266-fb490038af97@group-055E57217CE7:LeaderElection241] INFO  server.RaftServerConfigKeys (ConfUtils.java:logGet(43)) - raft.server.log.appender.install.snapshot.enabled = false (custom)
2019-10-14 09:23:34,997 [ff8cf76f-81bb-40fb-9266-fb490038af97@group-055E57217CE7:LeaderElection241] INFO  impl.RoleInfo (RoleInfo.java:updateAndGet(143)) - ff8cf76f-81bb-40fb-9266-fb490038af97: start LeaderState
2019-10-14 09:23:34,998 [ff8cf76f-81bb-40fb-9266-fb490038af97@group-055E57217CE7:LeaderElection241] INFO  segmented.SegmentedRaftLogWorker (SegmentedRaftLogWorker.java:startLogSegment(380)) - ff8cf76f-81bb-40fb-9266-fb490038af97@group-055E57217CE7-SegmentedRaftLogWorker: Starting segment from index:0
2019-10-14 09:23:34,998 [ff8cf76f-81bb-40fb-9266-fb490038af97@group-055E57217CE7:LeaderElection241] INFO  impl.RaftServerImpl (ServerState.java:setRaftConf(354)) - ff8cf76f-81bb-40fb-9266-fb490038af97@group-055E57217CE7: set configuration 0: [ff8cf76f-81bb-40fb-9266-fb490038af97:192.168.164.214:45617, f21c5b87-272d-4473-86ef-15bafd2985f9:192.168.164.214:40223, 866eb045-3bfb-47dc-a4c6-3505e598a7c3:192.168.164.214:38008], old=null at 0
2019-10-14 09:23:35,034 [f21c5b87-272d-4473-86ef-15bafd2985f9@group-B4F666F35DD2-SegmentedRaftLogWorker] INFO  segmented.SegmentedRaftLogWorker (SegmentedRaftLogWorker.java:execute(569)) - f21c5b87-272d-4473-86ef-15bafd2985f9@group-B4F666F35DD2-SegmentedRaftLogWorker: created new log segment /workdir/hadoop-ozone/integration-test/target/test-dir/MiniOzoneClusterImpl-404eb741-03bf-48e0-a9fb-0e06e39ca081/datanode-4/data/ratis/117ca33b-a563-48c3-984a-b4f666f35dd2/current/log_inprogress_0
2019-10-14 09:23:35,034 [cf77b951-1220-4844-8605-1ea68060b59b@group-1311D66F9C25:LeaderElection244] INFO  impl.LeaderElection (LeaderElection.java:askForVotes(182)) - cf77b951-1220-4844-8605-1ea68060b59b@group-1311D66F9C25:LeaderElection244: begin an election at term 1 for -1: [ff8cf76f-81bb-40fb-9266-fb490038af97:192.168.164.214:45617, c6f466fb-6021-469a-9685-fe99611c8ad0:192.168.164.214:41555, cf77b951-1220-4844-8605-1ea68060b59b:192.168.164.214:39644], old=null
2019-10-14 09:23:35,034 [c6f466fb-6021-469a-9685-fe99611c8ad0@group-1311D66F9C25:LeaderElection243] INFO  impl.LeaderElection (LeaderElection.java:askForVotes(182)) - c6f466fb-6021-469a-9685-fe99611c8ad0@group-1311D66F9C25:LeaderElection243: begin an election at term 1 for -1: [ff8cf76f-81bb-40fb-9266-fb490038af97:192.168.164.214:45617, c6f466fb-6021-469a-9685-fe99611c8ad0:192.168.164.214:41555, cf77b951-1220-4844-8605-1ea68060b59b:192.168.164.214:39644], old=null
2019-10-14 09:23:35,034 [ff8cf76f-81bb-40fb-9266-fb490038af97@group-1311D66F9C25:LeaderElection242] INFO  impl.LeaderElection (LeaderElection.java:askForVotes(182)) - ff8cf76f-81bb-40fb-9266-fb490038af97@group-1311D66F9C25:LeaderElection242: begin an election at term 1 for -1: [ff8cf76f-81bb-40fb-9266-fb490038af97:192.168.164.214:45617, c6f466fb-6021-469a-9685-fe99611c8ad0:192.168.164.214:41555, cf77b951-1220-4844-8605-1ea68060b59b:192.168.164.214:39644], old=null
2019-10-14 09:23:35,035 [grpc-default-executor-10] INFO  impl.RaftServerImpl (ServerState.java:setLeader(253)) - f21c5b87-272d-4473-86ef-15bafd2985f9@group-055E57217CE7: change Leader from null to ff8cf76f-81bb-40fb-9266-fb490038af97 at term 1 for appendEntries, leader elected after 5189ms
2019-10-14 09:23:35,038 [grpc-default-executor-3] INFO  impl.RaftServerImpl (ServerState.java:setLeader(253)) - 866eb045-3bfb-47dc-a4c6-3505e598a7c3@group-055E57217CE7: change Leader from null to ff8cf76f-81bb-40fb-9266-fb490038af97 at term 1 for appendEntries, leader elected after 5193ms
2019-10-14 09:23:35,049 [grpc-default-executor-3] INFO  impl.RaftServerImpl (ServerState.java:setRaftConf(354)) - 866eb045-3bfb-47dc-a4c6-3505e598a7c3@group-055E57217CE7: set configuration 0: [ff8cf76f-81bb-40fb-9266-fb490038af97:192.168.164.214:45617, f21c5b87-272d-4473-86ef-15bafd2985f9:192.168.164.214:40223, 866eb045-3bfb-47dc-a4c6-3505e598a7c3:192.168.164.214:38008], old=null at 0
2019-10-14 09:23:35,049 [grpc-default-executor-3] INFO  segmented.SegmentedRaftLogWorker (SegmentedRaftLogWorker.java:startLogSegment(380)) - 866eb045-3bfb-47dc-a4c6-3505e598a7c3@group-055E57217CE7-SegmentedRaftLogWorker: Starting segment from index:0
2019-10-14 09:23:35,057 [grpc-default-executor-3] INFO  impl.RaftServerImpl (ServerState.java:setRaftConf(354)) - f21c5b87-272d-4473-86ef-15bafd2985f9@group-055E57217CE7: set configuration 0: [ff8cf76f-81bb-40fb-9266-fb490038af97:192.168.164.214:45617, f21c5b87-272d-4473-86ef-15bafd2985f9:192.168.164.214:40223, 866eb045-3bfb-47dc-a4c6-3505e598a7c3:192.168.164.214:38008], old=null at 0
2019-10-14 09:23:35,057 [grpc-default-executor-3] INFO  segmented.SegmentedRaftLogWorker (SegmentedRaftLogWorker.java:startLogSegment(380)) - f21c5b87-272d-4473-86ef-15bafd2985f9@group-055E57217CE7-SegmentedRaftLogWorker: Starting segment from index:0
2019-10-14 09:23:35,058 [ff8cf76f-81bb-40fb-9266-fb490038af97@group-1311D66F9C25:LeaderElection242] INFO  impl.LeaderElection (LeaderElection.java:logAndReturn(56)) - ff8cf76f-81bb-40fb-9266-fb490038af97@group-1311D66F9C25:LeaderElection242: Election REJECTED; received 2 response(s) [ff8cf76f-81bb-40fb-9266-fb490038af97<-c6f466fb-6021-469a-9685-fe99611c8ad0#0:FAIL-t1, ff8cf76f-81bb-40fb-9266-fb490038af97<-cf77b951-1220-4844-8605-1ea68060b59b#0:FAIL-t1] and 0 exception(s); ff8cf76f-81bb-40fb-9266-fb490038af97@group-1311D66F9C25:t1, leader=null, voted=ff8cf76f-81bb-40fb-9266-fb490038af97, raftlog=ff8cf76f-81bb-40fb-9266-fb490038af97@group-1311D66F9C25-SegmentedRaftLog:OPENED:c-1,f-1,i0, conf=-1: [ff8cf76f-81bb-40fb-9266-fb490038af97:192.168.164.214:45617, c6f466fb-6021-469a-9685-fe99611c8ad0:192.168.164.214:41555, cf77b951-1220-4844-8605-1ea68060b59b:192.168.164.214:39644], old=null
2019-10-14 09:23:35,058 [ff8cf76f-81bb-40fb-9266-fb490038af97@group-1311D66F9C25:LeaderElection242] INFO  impl.RaftServerImpl (RaftServerImpl.java:setRole(174)) - ff8cf76f-81bb-40fb-9266-fb490038af97@group-1311D66F9C25: changes role from CANDIDATE to FOLLOWER at term 1 for DISCOVERED_A_NEW_TERM
2019-10-14 09:23:35,058 [ff8cf76f-81bb-40fb-9266-fb490038af97@group-1311D66F9C25:LeaderElection242] INFO  impl.RoleInfo (RoleInfo.java:shutdownLeaderElection(134)) - ff8cf76f-81bb-40fb-9266-fb490038af97: shutdown LeaderElection
2019-10-14 09:23:35,058 [ff8cf76f-81bb-40fb-9266-fb490038af97@group-1311D66F9C25:LeaderElection242] INFO  impl.RoleInfo (RoleInfo.java:updateAndGet(143)) - ff8cf76f-81bb-40fb-9266-fb490038af97: start FollowerState
2019-10-14 09:23:35,059 [c6f466fb-6021-469a-9685-fe99611c8ad0@group-1311D66F9C25:LeaderElection243] INFO  impl.LeaderElection (LeaderElection.java:logAndReturn(56)) - c6f466fb-6021-469a-9685-fe99611c8ad0@group-1311D66F9C25:LeaderElection243: Election REJECTED; received 2 response(s) [c6f466fb-6021-469a-9685-fe99611c8ad0<-ff8cf76f-81bb-40fb-9266-fb490038af97#0:FAIL-t1, c6f466fb-6021-469a-9685-fe99611c8ad0<-cf77b951-1220-4844-8605-1ea68060b59b#0:FAIL-t1] and 0 exception(s); c6f466fb-6021-469a-9685-fe99611c8ad0@group-1311D66F9C25:t1, leader=null, voted=c6f466fb-6021-469a-9685-fe99611c8ad0, raftlog=c6f466fb-6021-469a-9685-fe99611c8ad0@group-1311D66F9C25-SegmentedRaftLog:OPENED:c-1,f-1,i0, conf=-1: [ff8cf76f-81bb-40fb-9266-fb490038af97:192.168.164.214:45617, c6f466fb-6021-469a-9685-fe99611c8ad0:192.168.164.214:41555, cf77b951-1220-4844-8605-1ea68060b59b:192.168.164.214:39644], old=null
2019-10-14 09:23:35,059 [cf77b951-1220-4844-8605-1ea68060b59b@group-1311D66F9C25:LeaderElection244] INFO  impl.LeaderElection (LeaderElection.java:logAndReturn(56)) - cf77b951-1220-4844-8605-1ea68060b59b@group-1311D66F9C25:LeaderElection244: Election REJECTED; received 2 response(s) [cf77b951-1220-4844-8605-1ea68060b59b<-ff8cf76f-81bb-40fb-9266-fb490038af97#0:FAIL-t1, cf77b951-1220-4844-8605-1ea68060b59b<-c6f466fb-6021-469a-9685-fe99611c8ad0#0:FAIL-t1] and 0 exception(s); cf77b951-1220-4844-8605-1ea68060b59b@group-1311D66F9C25:t1, leader=null, voted=cf77b951-1220-4844-8605-1ea68060b59b, raftlog=cf77b951-1220-4844-8605-1ea68060b59b@group-1311D66F9C25-SegmentedRaftLog:OPENED:c-1,f-1,i0, conf=-1: [ff8cf76f-81bb-40fb-9266-fb490038af97:192.168.164.214:45617, c6f466fb-6021-469a-9685-fe99611c8ad0:192.168.164.214:41555, cf77b951-1220-4844-8605-1ea68060b59b:192.168.164.214:39644], old=null
2019-10-14 09:23:35,059 [c6f466fb-6021-469a-9685-fe99611c8ad0@group-1311D66F9C25:LeaderElection243] INFO  impl.RaftServerImpl (RaftServerImpl.java:setRole(174)) - c6f466fb-6021-469a-9685-fe99611c8ad0@group-1311D66F9C25: changes role from CANDIDATE to FOLLOWER at term 1 for DISCOVERED_A_NEW_TERM
2019-10-14 09:23:35,059 [cf77b951-1220-4844-8605-1ea68060b59b@group-1311D66F9C25:LeaderElection244] INFO  impl.RaftServerImpl (RaftServerImpl.java:setRole(174)) - cf77b951-1220-4844-8605-1ea68060b59b@group-1311D66F9C25: changes role from CANDIDATE to FOLLOWER at term 1 for DISCOVERED_A_NEW_TERM
2019-10-14 09:23:35,059 [c6f466fb-6021-469a-9685-fe99611c8ad0@group-1311D66F9C25:LeaderElection243] INFO  impl.RoleInfo (RoleInfo.java:shutdownLeaderElection(134)) - c6f466fb-6021-469a-9685-fe99611c8ad0: shutdown LeaderElection
2019-10-14 09:23:35,059 [cf77b951-1220-4844-8605-1ea68060b59b@group-1311D66F9C25:LeaderElection244] INFO  impl.RoleInfo (RoleInfo.java:shutdownLeaderElection(134)) - cf77b951-1220-4844-8605-1ea68060b59b: shutdown LeaderElection
2019-10-14 09:23:35,059 [c6f466fb-6021-469a-9685-fe99611c8ad0@group-1311D66F9C25:LeaderElection243] INFO  impl.RoleInfo (RoleInfo.java:updateAndGet(143)) - c6f466fb-6021-469a-9685-fe99611c8ad0: start FollowerState
2019-10-14 09:23:35,060 [cf77b951-1220-4844-8605-1ea68060b59b@group-1311D66F9C25:LeaderElection244] INFO  impl.RoleInfo (RoleInfo.java:updateAndGet(143)) - cf77b951-1220-4844-8605-1ea68060b59b: start FollowerState
2019-10-14 09:23:35,065 [ff8cf76f-81bb-40fb-9266-fb490038af97@group-055E57217CE7-SegmentedRaftLogWorker] INFO  segmented.SegmentedRaftLogWorker (SegmentedRaftLogWorker.java:execute(569)) - ff8cf76f-81bb-40fb-9266-fb490038af97@group-055E57217CE7-SegmentedRaftLogWorker: created new log segment /workdir/hadoop-ozone/integration-test/target/test-dir/MiniOzoneClusterImpl-404eb741-03bf-48e0-a9fb-0e06e39ca081/datanode-5/data/ratis/4a80bb27-4b40-45e6-a766-055e57217ce7/current/log_inprogress_0
2019-10-14 09:23:35,092 [Thread-4333] INFO  impl.FollowerState (FollowerState.java:run(106)) - c6f466fb-6021-469a-9685-fe99611c8ad0:group-A18E834CDE80 changes to CANDIDATE, lastRpcTime:5085, electionTimeout:5085ms
2019-10-14 09:23:35,092 [Thread-4333] INFO  impl.RoleInfo (RoleInfo.java:shutdownFollowerState(121)) - c6f466fb-6021-469a-9685-fe99611c8ad0: shutdown FollowerState
2019-10-14 09:23:35,092 [Thread-4333] INFO  impl.RaftServerImpl (RaftServerImpl.java:setRole(174)) - c6f466fb-6021-469a-9685-fe99611c8ad0@group-A18E834CDE80: changes role from  FOLLOWER to CANDIDATE at term 0 for changeToCandidate
2019-10-14 09:23:35,092 [Thread-4333] INFO  impl.RoleInfo (RoleInfo.java:updateAndGet(143)) - c6f466fb-6021-469a-9685-fe99611c8ad0: start LeaderElection
2019-10-14 09:23:35,106 [Thread-4337] INFO  impl.FollowerState (FollowerState.java:run(106)) - 65e356af-3b1f-43b6-88fa-b0df542a6460:group-A18E834CDE80 changes to CANDIDATE, lastRpcTime:5097, electionTimeout:5097ms
2019-10-14 09:23:35,107 [Thread-4337] INFO  impl.RoleInfo (RoleInfo.java:shutdownFollowerState(121)) - 65e356af-3b1f-43b6-88fa-b0df542a6460: shutdown FollowerState
2019-10-14 09:23:35,107 [Thread-4337] INFO  impl.RaftServerImpl (RaftServerImpl.java:setRole(174)) - 65e356af-3b1f-43b6-88fa-b0df542a6460@group-A18E834CDE80: changes role from  FOLLOWER to CANDIDATE at term 0 for changeToCandidate
2019-10-14 09:23:35,107 [Thread-4337] INFO  impl.RoleInfo (RoleInfo.java:updateAndGet(143)) - 65e356af-3b1f-43b6-88fa-b0df542a6460: start LeaderElection
2019-10-14 09:23:35,109 [866eb045-3bfb-47dc-a4c6-3505e598a7c3@group-055E57217CE7-SegmentedRaftLogWorker] INFO  segmented.SegmentedRaftLogWorker (SegmentedRaftLogWorker.java:execute(569)) - 866eb045-3bfb-47dc-a4c6-3505e598a7c3@group-055E57217CE7-SegmentedRaftLogWorker: created new log segment /workdir/hadoop-ozone/integration-test/target/test-dir/MiniOzoneClusterImpl-404eb741-03bf-48e0-a9fb-0e06e39ca081/datanode-0/data/ratis/4a80bb27-4b40-45e6-a766-055e57217ce7/current/log_inprogress_0
2019-10-14 09:23:35,109 [c6f466fb-6021-469a-9685-fe99611c8ad0@group-A18E834CDE80:LeaderElection245] INFO  impl.LeaderElection (LeaderElection.java:askForVotes(182)) - c6f466fb-6021-469a-9685-fe99611c8ad0@group-A18E834CDE80:LeaderElection245: begin an election at term 1 for -1: [c6f466fb-6021-469a-9685-fe99611c8ad0:192.168.164.214:41555, 65e356af-3b1f-43b6-88fa-b0df542a6460:192.168.164.214:38206, cf77b951-1220-4844-8605-1ea68060b59b:192.168.164.214:39644], old=null
2019-10-14 09:23:35,109 [f21c5b87-272d-4473-86ef-15bafd2985f9@group-055E57217CE7-SegmentedRaftLogWorker] INFO  segmented.SegmentedRaftLogWorker (SegmentedRaftLogWorker.java:execute(569)) - f21c5b87-272d-4473-86ef-15bafd2985f9@group-055E57217CE7-SegmentedRaftLogWorker: created new log segment /workdir/hadoop-ozone/integration-test/target/test-dir/MiniOzoneClusterImpl-404eb741-03bf-48e0-a9fb-0e06e39ca081/datanode-4/data/ratis/4a80bb27-4b40-45e6-a766-055e57217ce7/current/log_inprogress_0
2019-10-14 09:23:35,112 [grpc-default-executor-12] INFO  impl.RaftServerImpl (RaftServerImpl.java:setRole(174)) - cf77b951-1220-4844-8605-1ea68060b59b@group-A18E834CDE80: changes role from  FOLLOWER to FOLLOWER at term 1 for recognizeCandidate:c6f466fb-6021-469a-9685-fe99611c8ad0
2019-10-14 09:23:35,112 [grpc-default-executor-12] INFO  impl.RoleInfo (RoleInfo.java:shutdownFollowerState(121)) - cf77b951-1220-4844-8605-1ea68060b59b: shutdown FollowerState
2019-10-14 09:23:35,112 [grpc-default-executor-12] INFO  impl.RoleInfo (RoleInfo.java:updateAndGet(143)) - cf77b951-1220-4844-8605-1ea68060b59b: start FollowerState
2019-10-14 09:23:35,112 [Thread-4339] INFO  impl.FollowerState (FollowerState.java:run(115)) - cf77b951-1220-4844-8605-1ea68060b59b: FollowerState was interrupted: java.lang.InterruptedException: sleep interrupted
2019-10-14 09:23:35,134 [65e356af-3b1f-43b6-88fa-b0df542a6460@group-A18E834CDE80:LeaderElection246] INFO  impl.LeaderElection (LeaderElection.java:askForVotes(182)) - 65e356af-3b1f-43b6-88fa-b0df542a6460@group-A18E834CDE80:LeaderElection246: begin an election at term 1 for -1: [c6f466fb-6021-469a-9685-fe99611c8ad0:192.168.164.214:41555, 65e356af-3b1f-43b6-88fa-b0df542a6460:192.168.164.214:38206, cf77b951-1220-4844-8605-1ea68060b59b:192.168.164.214:39644], old=null
2019-10-14 09:23:35,138 [c6f466fb-6021-469a-9685-fe99611c8ad0@group-A18E834CDE80:LeaderElection245] INFO  impl.LeaderElection (LeaderElection.java:logAndReturn(56)) - c6f466fb-6021-469a-9685-fe99611c8ad0@group-A18E834CDE80:LeaderElection245: Election PASSED; received 1 response(s) [c6f466fb-6021-469a-9685-fe99611c8ad0<-cf77b951-1220-4844-8605-1ea68060b59b#0:OK-t1] and 0 exception(s); c6f466fb-6021-469a-9685-fe99611c8ad0@group-A18E834CDE80:t1, leader=null, voted=c6f466fb-6021-469a-9685-fe99611c8ad0, raftlog=c6f466fb-6021-469a-9685-fe99611c8ad0@group-A18E834CDE80-SegmentedRaftLog:OPENED:c-1,f-1,i0, conf=-1: [c6f466fb-6021-469a-9685-fe99611c8ad0:192.168.164.214:41555, 65e356af-3b1f-43b6-88fa-b0df542a6460:192.168.164.214:38206, cf77b951-1220-4844-8605-1ea68060b59b:192.168.164.214:39644], old=null
2019-10-14 09:23:35,138 [c6f466fb-6021-469a-9685-fe99611c8ad0@group-A18E834CDE80:LeaderElection245] INFO  impl.RoleInfo (RoleInfo.java:shutdownLeaderElection(134)) - c6f466fb-6021-469a-9685-fe99611c8ad0: shutdown LeaderElection
2019-10-14 09:23:35,138 [c6f466fb-6021-469a-9685-fe99611c8ad0@group-A18E834CDE80:LeaderElection245] INFO  impl.RaftServerImpl (RaftServerImpl.java:setRole(174)) - c6f466fb-6021-469a-9685-fe99611c8ad0@group-A18E834CDE80: changes role from CANDIDATE to LEADER at term 1 for changeToLeader
2019-10-14 09:23:35,138 [c6f466fb-6021-469a-9685-fe99611c8ad0@group-A18E834CDE80:LeaderElection245] INFO  impl.RaftServerImpl (ServerState.java:setLeader(253)) - c6f466fb-6021-469a-9685-fe99611c8ad0@group-A18E834CDE80: change Leader from null to c6f466fb-6021-469a-9685-fe99611c8ad0 at term 1 for becomeLeader, leader elected after 5138ms
2019-10-14 09:23:35,138 [c6f466fb-6021-469a-9685-fe99611c8ad0@group-A18E834CDE80:LeaderElection245] INFO  server.RaftServerConfigKeys (ConfUtils.java:logGet(43)) - raft.server.staging.catchup.gap = 1000 (default)
2019-10-14 09:23:35,138 [c6f466fb-6021-469a-9685-fe99611c8ad0@group-A18E834CDE80:LeaderElection245] INFO  server.RaftServerConfigKeys (ConfUtils.java:logGet(43)) - raft.server.rpc.sleep.time = 25ms (default)
2019-10-14 09:23:35,138 [c6f466fb-6021-469a-9685-fe99611c8ad0@group-A18E834CDE80:LeaderElection245] INFO  server.RaftServerConfigKeys (ConfUtils.java:logGet(43)) - raft.server.write.element-limit = 4096 (default)
2019-10-14 09:23:35,138 [c6f466fb-6021-469a-9685-fe99611c8ad0@group-A18E834CDE80:LeaderElection245] INFO  server.RaftServerConfigKeys (ConfUtils.java:logGet(43)) - raft.server.watch.timeout = 10s (default)
2019-10-14 09:23:35,139 [c6f466fb-6021-469a-9685-fe99611c8ad0@group-A18E834CDE80:LeaderElection245] INFO  server.RaftServerConfigKeys (ConfUtils.java:logGet(43)) - raft.server.watch.timeout.denomination = 1s (default)
2019-10-14 09:23:35,139 [c6f466fb-6021-469a-9685-fe99611c8ad0@group-A18E834CDE80:LeaderElection245] INFO  server.RaftServerConfigKeys (ConfUtils.java:logGet(43)) - raft.server.watch.element-limit = 65536 (default)
2019-10-14 09:23:35,140 [c6f466fb-6021-469a-9685-fe99611c8ad0@group-A18E834CDE80:LeaderElection245] INFO  server.RaftServerConfigKeys (ConfUtils.java:logGet(43)) - raft.server.log.appender.snapshot.chunk.size.max = 16MB (=16777216) (default)
2019-10-14 09:23:35,140 [c6f466fb-6021-469a-9685-fe99611c8ad0@group-A18E834CDE80:LeaderElection245] INFO  server.RaftServerConfigKeys (ConfUtils.java:logGet(43)) - raft.server.log.appender.buffer.byte-limit = 33554432 (custom)
2019-10-14 09:23:35,140 [c6f466fb-6021-469a-9685-fe99611c8ad0@group-A18E834CDE80:LeaderElection245] INFO  server.RaftServerConfigKeys (ConfUtils.java:logGet(43)) - raft.server.log.appender.buffer.element-limit = 1 (custom)
2019-10-14 09:23:35,140 [c6f466fb-6021-469a-9685-fe99611c8ad0@group-A18E834CDE80:LeaderElection245] INFO  grpc.GrpcConfigKeys$Server (ConfUtils.java:logGet(43)) - raft.grpc.server.leader.outstanding.appends.max = 128 (default)
2019-10-14 09:23:35,140 [c6f466fb-6021-469a-9685-fe99611c8ad0@group-A18E834CDE80:LeaderElection245] INFO  server.RaftServerConfigKeys (ConfUtils.java:logGet(43)) - raft.server.rpc.request.timeout = 3000ms (default)
2019-10-14 09:23:35,140 [c6f466fb-6021-469a-9685-fe99611c8ad0@group-A18E834CDE80:LeaderElection245] INFO  server.RaftServerConfigKeys (ConfUtils.java:logGet(43)) - raft.server.log.appender.install.snapshot.enabled = false (custom)
2019-10-14 09:23:35,141 [c6f466fb-6021-469a-9685-fe99611c8ad0@group-A18E834CDE80:LeaderElection245] INFO  server.RaftServerConfigKeys (ConfUtils.java:logGet(43)) - raft.server.log.appender.snapshot.chunk.size.max = 16MB (=16777216) (default)
2019-10-14 09:23:35,141 [c6f466fb-6021-469a-9685-fe99611c8ad0@group-A18E834CDE80:LeaderElection245] INFO  server.RaftServerConfigKeys (ConfUtils.java:logGet(43)) - raft.server.log.appender.buffer.byte-limit = 33554432 (custom)
2019-10-14 09:23:35,141 [c6f466fb-6021-469a-9685-fe99611c8ad0@group-A18E834CDE80:LeaderElection245] INFO  server.RaftServerConfigKeys (ConfUtils.java:logGet(43)) - raft.server.log.appender.buffer.element-limit = 1 (custom)
2019-10-14 09:23:35,141 [c6f466fb-6021-469a-9685-fe99611c8ad0@group-A18E834CDE80:LeaderElection245] INFO  grpc.GrpcConfigKeys$Server (ConfUtils.java:logGet(43)) - raft.grpc.server.leader.outstanding.appends.max = 128 (default)
2019-10-14 09:23:35,141 [c6f466fb-6021-469a-9685-fe99611c8ad0@group-A18E834CDE80:LeaderElection245] INFO  server.RaftServerConfigKeys (ConfUtils.java:logGet(43)) - raft.server.rpc.request.timeout = 3000ms (default)
2019-10-14 09:23:35,141 [c6f466fb-6021-469a-9685-fe99611c8ad0@group-A18E834CDE80:LeaderElection245] INFO  server.RaftServerConfigKeys (ConfUtils.java:logGet(43)) - raft.server.log.appender.install.snapshot.enabled = false (custom)
2019-10-14 09:23:35,142 [c6f466fb-6021-469a-9685-fe99611c8ad0@group-A18E834CDE80:LeaderElection245] INFO  impl.RoleInfo (RoleInfo.java:updateAndGet(143)) - c6f466fb-6021-469a-9685-fe99611c8ad0: start LeaderState
2019-10-14 09:23:35,142 [c6f466fb-6021-469a-9685-fe99611c8ad0@group-A18E834CDE80:LeaderElection245] INFO  segmented.SegmentedRaftLogWorker (SegmentedRaftLogWorker.java:startLogSegment(380)) - c6f466fb-6021-469a-9685-fe99611c8ad0@group-A18E834CDE80-SegmentedRaftLogWorker: Starting segment from index:0
2019-10-14 09:23:35,142 [c6f466fb-6021-469a-9685-fe99611c8ad0@group-A18E834CDE80:LeaderElection245] INFO  impl.RaftServerImpl (ServerState.java:setRaftConf(354)) - c6f466fb-6021-469a-9685-fe99611c8ad0@group-A18E834CDE80: set configuration 0: [c6f466fb-6021-469a-9685-fe99611c8ad0:192.168.164.214:41555, 65e356af-3b1f-43b6-88fa-b0df542a6460:192.168.164.214:38206, cf77b951-1220-4844-8605-1ea68060b59b:192.168.164.214:39644], old=null at 0
2019-10-14 09:23:35,172 [grpc-default-executor-3] INFO  impl.RaftServerImpl (RaftServerImpl.java:requestVote(758)) - c6f466fb-6021-469a-9685-fe99611c8ad0@group-A18E834CDE80-   LEADER: Withhold vote from candidate 65e356af-3b1f-43b6-88fa-b0df542a6460 with term 1. State: leader=c6f466fb-6021-469a-9685-fe99611c8ad0, term=1, lastRpcElapsed=null
2019-10-14 09:23:35,173 [65e356af-3b1f-43b6-88fa-b0df542a6460@group-A18E834CDE80:LeaderElection246] INFO  impl.LeaderElection (LeaderElection.java:logAndReturn(56)) - 65e356af-3b1f-43b6-88fa-b0df542a6460@group-A18E834CDE80:LeaderElection246: Election REJECTED; received 2 response(s) [65e356af-3b1f-43b6-88fa-b0df542a6460<-c6f466fb-6021-469a-9685-fe99611c8ad0#0:FAIL-t1, 65e356af-3b1f-43b6-88fa-b0df542a6460<-cf77b951-1220-4844-8605-1ea68060b59b#0:FAIL-t1] and 0 exception(s); 65e356af-3b1f-43b6-88fa-b0df542a6460@group-A18E834CDE80:t1, leader=null, voted=65e356af-3b1f-43b6-88fa-b0df542a6460, raftlog=65e356af-3b1f-43b6-88fa-b0df542a6460@group-A18E834CDE80-SegmentedRaftLog:OPENED:c-1,f-1,i0, conf=-1: [c6f466fb-6021-469a-9685-fe99611c8ad0:192.168.164.214:41555, 65e356af-3b1f-43b6-88fa-b0df542a6460:192.168.164.214:38206, cf77b951-1220-4844-8605-1ea68060b59b:192.168.164.214:39644], old=null
2019-10-14 09:23:35,174 [grpc-default-executor-12] INFO  impl.RaftServerImpl (ServerState.java:setLeader(253)) - cf77b951-1220-4844-8605-1ea68060b59b@group-A18E834CDE80: change Leader from null to c6f466fb-6021-469a-9685-fe99611c8ad0 at term 1 for appendEntries, leader elected after 5174ms
2019-10-14 09:23:35,174 [65e356af-3b1f-43b6-88fa-b0df542a6460@group-A18E834CDE80:LeaderElection246] INFO  impl.RaftServerImpl (RaftServerImpl.java:setRole(174)) - 65e356af-3b1f-43b6-88fa-b0df542a6460@group-A18E834CDE80: changes role from CANDIDATE to FOLLOWER at term 1 for DISCOVERED_A_NEW_TERM
2019-10-14 09:23:35,174 [65e356af-3b1f-43b6-88fa-b0df542a6460@group-A18E834CDE80:LeaderElection246] INFO  impl.RoleInfo (RoleInfo.java:shutdownLeaderElection(134)) - 65e356af-3b1f-43b6-88fa-b0df542a6460: shutdown LeaderElection
2019-10-14 09:23:35,176 [65e356af-3b1f-43b6-88fa-b0df542a6460@group-A18E834CDE80:LeaderElection246] INFO  impl.RoleInfo (RoleInfo.java:updateAndGet(143)) - 65e356af-3b1f-43b6-88fa-b0df542a6460: start FollowerState
2019-10-14 09:23:35,177 [grpc-default-executor-3] INFO  impl.RaftServerImpl (ServerState.java:setLeader(253)) - 65e356af-3b1f-43b6-88fa-b0df542a6460@group-A18E834CDE80: change Leader from null to c6f466fb-6021-469a-9685-fe99611c8ad0 at term 1 for appendEntries, leader elected after 5177ms
2019-10-14 09:23:35,179 [grpc-default-executor-3] INFO  impl.RaftServerImpl (ServerState.java:setRaftConf(354)) - cf77b951-1220-4844-8605-1ea68060b59b@group-A18E834CDE80: set configuration 0: [c6f466fb-6021-469a-9685-fe99611c8ad0:192.168.164.214:41555, 65e356af-3b1f-43b6-88fa-b0df542a6460:192.168.164.214:38206, cf77b951-1220-4844-8605-1ea68060b59b:192.168.164.214:39644], old=null at 0
2019-10-14 09:23:35,180 [grpc-default-executor-3] INFO  segmented.SegmentedRaftLogWorker (SegmentedRaftLogWorker.java:startLogSegment(380)) - cf77b951-1220-4844-8605-1ea68060b59b@group-A18E834CDE80-SegmentedRaftLogWorker: Starting segment from index:0
2019-10-14 09:23:35,180 [grpc-default-executor-3] INFO  impl.RaftServerImpl (ServerState.java:setRaftConf(354)) - 65e356af-3b1f-43b6-88fa-b0df542a6460@group-A18E834CDE80: set configuration 0: [c6f466fb-6021-469a-9685-fe99611c8ad0:192.168.164.214:41555, 65e356af-3b1f-43b6-88fa-b0df542a6460:192.168.164.214:38206, cf77b951-1220-4844-8605-1ea68060b59b:192.168.164.214:39644], old=null at 0
2019-10-14 09:23:35,180 [grpc-default-executor-3] INFO  segmented.SegmentedRaftLogWorker (SegmentedRaftLogWorker.java:startLogSegment(380)) - 65e356af-3b1f-43b6-88fa-b0df542a6460@group-A18E834CDE80-SegmentedRaftLogWorker: Starting segment from index:0
2019-10-14 09:23:35,201 [c6f466fb-6021-469a-9685-fe99611c8ad0@group-A18E834CDE80-SegmentedRaftLogWorker] INFO  segmented.SegmentedRaftLogWorker (SegmentedRaftLogWorker.java:execute(569)) - c6f466fb-6021-469a-9685-fe99611c8ad0@group-A18E834CDE80-SegmentedRaftLogWorker: created new log segment /workdir/hadoop-ozone/integration-test/target/test-dir/MiniOzoneClusterImpl-404eb741-03bf-48e0-a9fb-0e06e39ca081/datanode-6/data/ratis/0baa0584-ed41-4499-980e-a18e834cde80/current/log_inprogress_0
2019-10-14 09:23:35,235 [65e356af-3b1f-43b6-88fa-b0df542a6460@group-A18E834CDE80-SegmentedRaftLogWorker] INFO  segmented.SegmentedRaftLogWorker (SegmentedRaftLogWorker.java:execute(569)) - 65e356af-3b1f-43b6-88fa-b0df542a6460@group-A18E834CDE80-SegmentedRaftLogWorker: created new log segment /workdir/hadoop-ozone/integration-test/target/test-dir/MiniOzoneClusterImpl-404eb741-03bf-48e0-a9fb-0e06e39ca081/datanode-2/data/ratis/0baa0584-ed41-4499-980e-a18e834cde80/current/log_inprogress_0
2019-10-14 09:23:35,235 [cf77b951-1220-4844-8605-1ea68060b59b@group-A18E834CDE80-SegmentedRaftLogWorker] INFO  segmented.SegmentedRaftLogWorker (SegmentedRaftLogWorker.java:execute(569)) - cf77b951-1220-4844-8605-1ea68060b59b@group-A18E834CDE80-SegmentedRaftLogWorker: created new log segment /workdir/hadoop-ozone/integration-test/target/test-dir/MiniOzoneClusterImpl-404eb741-03bf-48e0-a9fb-0e06e39ca081/datanode-1/data/ratis/0baa0584-ed41-4499-980e-a18e834cde80/current/log_inprogress_0
2019-10-14 09:23:35,986 [Datanode State Machine Thread - 0] INFO  statemachine.DatanodeStateMachine (DatanodeStateMachine.java:lambda$startDaemon$0(350)) - Ozone container server started.
2019-10-14 09:23:39,589 [Thread-4386] INFO  impl.FollowerState (FollowerState.java:run(106)) - 03fab2fb-e7d4-4e78-a4c4-f6863ac12e1f:group-744AA81B7672 changes to CANDIDATE, lastRpcTime:5024, electionTimeout:5024ms
2019-10-14 09:23:39,590 [Thread-4386] INFO  impl.RoleInfo (RoleInfo.java:shutdownFollowerState(121)) - 03fab2fb-e7d4-4e78-a4c4-f6863ac12e1f: shutdown FollowerState
2019-10-14 09:23:39,590 [Thread-4386] INFO  impl.RaftServerImpl (RaftServerImpl.java:setRole(174)) - 03fab2fb-e7d4-4e78-a4c4-f6863ac12e1f@group-744AA81B7672: changes role from  FOLLOWER to CANDIDATE at term 1 for changeToCandidate
2019-10-14 09:23:39,590 [Thread-4386] INFO  impl.RoleInfo (RoleInfo.java:updateAndGet(143)) - 03fab2fb-e7d4-4e78-a4c4-f6863ac12e1f: start LeaderElection
2019-10-14 09:23:39,615 [03fab2fb-e7d4-4e78-a4c4-f6863ac12e1f@group-744AA81B7672:LeaderElection247] INFO  impl.LeaderElection (LeaderElection.java:askForVotes(182)) - 03fab2fb-e7d4-4e78-a4c4-f6863ac12e1f@group-744AA81B7672:LeaderElection247: begin an election at term 2 for -1: [03fab2fb-e7d4-4e78-a4c4-f6863ac12e1f:192.168.164.214:33299, 866eb045-3bfb-47dc-a4c6-3505e598a7c3:192.168.164.214:38008, cf77b951-1220-4844-8605-1ea68060b59b:192.168.164.214:39644], old=null
2019-10-14 09:23:39,618 [grpc-default-executor-3] INFO  impl.RaftServerImpl (RaftServerImpl.java:setRole(174)) - cf77b951-1220-4844-8605-1ea68060b59b@group-744AA81B7672: changes role from  FOLLOWER to FOLLOWER at term 2 for recognizeCandidate:03fab2fb-e7d4-4e78-a4c4-f6863ac12e1f
2019-10-14 09:23:39,618 [grpc-default-executor-12] INFO  impl.RaftServerImpl (RaftServerImpl.java:setRole(174)) - 866eb045-3bfb-47dc-a4c6-3505e598a7c3@group-744AA81B7672: changes role from  FOLLOWER to FOLLOWER at term 2 for recognizeCandidate:03fab2fb-e7d4-4e78-a4c4-f6863ac12e1f
2019-10-14 09:23:39,619 [grpc-default-executor-3] INFO  impl.RoleInfo (RoleInfo.java:shutdownFollowerState(121)) - cf77b951-1220-4844-8605-1ea68060b59b: shutdown FollowerState
2019-10-14 09:23:39,619 [grpc-default-executor-12] INFO  impl.RoleInfo (RoleInfo.java:shutdownFollowerState(121)) - 866eb045-3bfb-47dc-a4c6-3505e598a7c3: shutdown FollowerState
2019-10-14 09:23:39,619 [Thread-4383] INFO  impl.FollowerState (FollowerState.java:run(115)) - cf77b951-1220-4844-8605-1ea68060b59b: FollowerState was interrupted: java.lang.InterruptedException: sleep interrupted
2019-10-14 09:23:39,619 [grpc-default-executor-3] INFO  impl.RoleInfo (RoleInfo.java:updateAndGet(143)) - cf77b951-1220-4844-8605-1ea68060b59b: start FollowerState
2019-10-14 09:23:39,620 [Thread-4388] INFO  impl.FollowerState (FollowerState.java:run(115)) - 866eb045-3bfb-47dc-a4c6-3505e598a7c3: FollowerState was interrupted: java.lang.InterruptedException: sleep interrupted
2019-10-14 09:23:39,620 [grpc-default-executor-12] INFO  impl.RoleInfo (RoleInfo.java:updateAndGet(143)) - 866eb045-3bfb-47dc-a4c6-3505e598a7c3: start FollowerState
2019-10-14 09:23:39,646 [03fab2fb-e7d4-4e78-a4c4-f6863ac12e1f@group-744AA81B7672:LeaderElection247] INFO  impl.LeaderElection (LeaderElection.java:logAndReturn(56)) - 03fab2fb-e7d4-4e78-a4c4-f6863ac12e1f@group-744AA81B7672:LeaderElection247: Election PASSED; received 1 response(s) [03fab2fb-e7d4-4e78-a4c4-f6863ac12e1f<-cf77b951-1220-4844-8605-1ea68060b59b#0:OK-t2] and 0 exception(s); 03fab2fb-e7d4-4e78-a4c4-f6863ac12e1f@group-744AA81B7672:t2, leader=null, voted=03fab2fb-e7d4-4e78-a4c4-f6863ac12e1f, raftlog=03fab2fb-e7d4-4e78-a4c4-f6863ac12e1f@group-744AA81B7672-SegmentedRaftLog:OPENED:c-1,f-1,i0, conf=-1: [03fab2fb-e7d4-4e78-a4c4-f6863ac12e1f:192.168.164.214:33299, 866eb045-3bfb-47dc-a4c6-3505e598a7c3:192.168.164.214:38008, cf77b951-1220-4844-8605-1ea68060b59b:192.168.164.214:39644], old=null
2019-10-14 09:23:39,646 [03fab2fb-e7d4-4e78-a4c4-f6863ac12e1f@group-744AA81B7672:LeaderElection247] INFO  impl.RoleInfo (RoleInfo.java:shutdownLeaderElection(134)) - 03fab2fb-e7d4-4e78-a4c4-f6863ac12e1f: shutdown LeaderElection
2019-10-14 09:23:39,646 [03fab2fb-e7d4-4e78-a4c4-f6863ac12e1f@group-744AA81B7672:LeaderElection247] INFO  impl.RaftServerImpl (RaftServerImpl.java:setRole(174)) - 03fab2fb-e7d4-4e78-a4c4-f6863ac12e1f@group-744AA81B7672: changes role from CANDIDATE to LEADER at term 2 for changeToLeader
2019-10-14 09:23:39,646 [03fab2fb-e7d4-4e78-a4c4-f6863ac12e1f@group-744AA81B7672:LeaderElection247] INFO  impl.RaftServerImpl (ServerState.java:setLeader(253)) - 03fab2fb-e7d4-4e78-a4c4-f6863ac12e1f@group-744AA81B7672: change Leader from null to 03fab2fb-e7d4-4e78-a4c4-f6863ac12e1f at term 2 for becomeLeader, leader elected after 10219ms
2019-10-14 09:23:39,646 [03fab2fb-e7d4-4e78-a4c4-f6863ac12e1f@group-744AA81B7672:LeaderElection247] INFO  server.RaftServerConfigKeys (ConfUtils.java:logGet(43)) - raft.server.staging.catchup.gap = 1000 (default)
2019-10-14 09:23:39,647 [03fab2fb-e7d4-4e78-a4c4-f6863ac12e1f@group-744AA81B7672:LeaderElection247] INFO  server.RaftServerConfigKeys (ConfUtils.java:logGet(43)) - raft.server.rpc.sleep.time = 25ms (default)
2019-10-14 09:23:39,647 [03fab2fb-e7d4-4e78-a4c4-f6863ac12e1f@group-744AA81B7672:LeaderElection247] INFO  server.RaftServerConfigKeys (ConfUtils.java:logGet(43)) - raft.server.write.element-limit = 4096 (default)
2019-10-14 09:23:39,647 [03fab2fb-e7d4-4e78-a4c4-f6863ac12e1f@group-744AA81B7672:LeaderElection247] INFO  server.RaftServerConfigKeys (ConfUtils.java:logGet(43)) - raft.server.watch.timeout = 10s (default)
2019-10-14 09:23:39,647 [03fab2fb-e7d4-4e78-a4c4-f6863ac12e1f@group-744AA81B7672:LeaderElection247] INFO  server.RaftServerConfigKeys (ConfUtils.java:logGet(43)) - raft.server.watch.timeout.denomination = 1s (default)
2019-10-14 09:23:39,647 [03fab2fb-e7d4-4e78-a4c4-f6863ac12e1f@group-744AA81B7672:LeaderElection247] INFO  server.RaftServerConfigKeys (ConfUtils.java:logGet(43)) - raft.server.watch.element-limit = 65536 (default)
2019-10-14 09:23:39,650 [03fab2fb-e7d4-4e78-a4c4-f6863ac12e1f@group-744AA81B7672:LeaderElection247] INFO  server.RaftServerConfigKeys (ConfUtils.java:logGet(43)) - raft.server.log.appender.snapshot.chunk.size.max = 16MB (=16777216) (default)
2019-10-14 09:23:39,650 [03fab2fb-e7d4-4e78-a4c4-f6863ac12e1f@group-744AA81B7672:LeaderElection247] INFO  server.RaftServerConfigKeys (ConfUtils.java:logGet(43)) - raft.server.log.appender.buffer.byte-limit = 33554432 (custom)
2019-10-14 09:23:39,650 [03fab2fb-e7d4-4e78-a4c4-f6863ac12e1f@group-744AA81B7672:LeaderElection247] INFO  server.RaftServerConfigKeys (ConfUtils.java:logGet(43)) - raft.server.log.appender.buffer.element-limit = 1 (custom)
2019-10-14 09:23:39,651 [03fab2fb-e7d4-4e78-a4c4-f6863ac12e1f@group-744AA81B7672:LeaderElection247] INFO  grpc.GrpcConfigKeys$Server (ConfUtils.java:logGet(43)) - raft.grpc.server.leader.outstanding.appends.max = 128 (default)
2019-10-14 09:23:39,651 [03fab2fb-e7d4-4e78-a4c4-f6863ac12e1f@group-744AA81B7672:LeaderElection247] INFO  server.RaftServerConfigKeys (ConfUtils.java:logGet(43)) - raft.server.rpc.request.timeout = 3000ms (default)
2019-10-14 09:23:39,651 [03fab2fb-e7d4-4e78-a4c4-f6863ac12e1f@group-744AA81B7672:LeaderElection247] INFO  server.RaftServerConfigKeys (ConfUtils.java:logGet(43)) - raft.server.log.appender.install.snapshot.enabled = false (custom)
2019-10-14 09:23:39,651 [03fab2fb-e7d4-4e78-a4c4-f6863ac12e1f@group-744AA81B7672:LeaderElection247] INFO  server.RaftServerConfigKeys (ConfUtils.java:logGet(43)) - raft.server.log.appender.snapshot.chunk.size.max = 16MB (=16777216) (default)
2019-10-14 09:23:39,651 [03fab2fb-e7d4-4e78-a4c4-f6863ac12e1f@group-744AA81B7672:LeaderElection247] INFO  server.RaftServerConfigKeys (ConfUtils.java:logGet(43)) - raft.server.log.appender.buffer.byte-limit = 33554432 (custom)
2019-10-14 09:23:39,652 [03fab2fb-e7d4-4e78-a4c4-f6863ac12e1f@group-744AA81B7672:LeaderElection247] INFO  server.RaftServerConfigKeys (ConfUtils.java:logGet(43)) - raft.server.log.appender.buffer.element-limit = 1 (custom)
2019-10-14 09:23:39,652 [03fab2fb-e7d4-4e78-a4c4-f6863ac12e1f@group-744AA81B7672:LeaderElection247] INFO  grpc.GrpcConfigKeys$Server (ConfUtils.java:logGet(43)) - raft.grpc.server.leader.outstanding.appends.max = 128 (default)
2019-10-14 09:23:39,652 [03fab2fb-e7d4-4e78-a4c4-f6863ac12e1f@group-744AA81B7672:LeaderElection247] INFO  server.RaftServerConfigKeys (ConfUtils.java:logGet(43)) - raft.server.rpc.request.timeout = 3000ms (default)
2019-10-14 09:23:39,652 [03fab2fb-e7d4-4e78-a4c4-f6863ac12e1f@group-744AA81B7672:LeaderElection247] INFO  server.RaftServerConfigKeys (ConfUtils.java:logGet(43)) - raft.server.log.appender.install.snapshot.enabled = false (custom)
2019-10-14 09:23:39,652 [03fab2fb-e7d4-4e78-a4c4-f6863ac12e1f@group-744AA81B7672:LeaderElection247] INFO  impl.RoleInfo (RoleInfo.java:updateAndGet(143)) - 03fab2fb-e7d4-4e78-a4c4-f6863ac12e1f: start LeaderState
2019-10-14 09:23:39,652 [03fab2fb-e7d4-4e78-a4c4-f6863ac12e1f@group-744AA81B7672:LeaderElection247] INFO  segmented.SegmentedRaftLogWorker (SegmentedRaftLogWorker.java:startLogSegment(380)) - 03fab2fb-e7d4-4e78-a4c4-f6863ac12e1f@group-744AA81B7672-SegmentedRaftLogWorker: Starting segment from index:0
2019-10-14 09:23:39,653 [03fab2fb-e7d4-4e78-a4c4-f6863ac12e1f@group-744AA81B7672:LeaderElection247] INFO  impl.RaftServerImpl (ServerState.java:setRaftConf(354)) - 03fab2fb-e7d4-4e78-a4c4-f6863ac12e1f@group-744AA81B7672: set configuration 0: [03fab2fb-e7d4-4e78-a4c4-f6863ac12e1f:192.168.164.214:33299, 866eb045-3bfb-47dc-a4c6-3505e598a7c3:192.168.164.214:38008, cf77b951-1220-4844-8605-1ea68060b59b:192.168.164.214:39644], old=null at 0
2019-10-14 09:23:39,654 [grpc-default-executor-3] INFO  impl.RaftServerImpl (ServerState.java:setLeader(253)) - 866eb045-3bfb-47dc-a4c6-3505e598a7c3@group-744AA81B7672: change Leader from null to 03fab2fb-e7d4-4e78-a4c4-f6863ac12e1f at term 2 for appendEntries, leader elected after 10227ms
2019-10-14 09:23:39,654 [grpc-default-executor-12] INFO  impl.RaftServerImpl (ServerState.java:setLeader(253)) - cf77b951-1220-4844-8605-1ea68060b59b@group-744AA81B7672: change Leader from null to 03fab2fb-e7d4-4e78-a4c4-f6863ac12e1f at term 2 for appendEntries, leader elected after 10227ms
2019-10-14 09:23:39,656 [grpc-default-executor-12] INFO  impl.RaftServerImpl (ServerState.java:setRaftConf(354)) - 866eb045-3bfb-47dc-a4c6-3505e598a7c3@group-744AA81B7672: set configuration 0: [03fab2fb-e7d4-4e78-a4c4-f6863ac12e1f:192.168.164.214:33299, 866eb045-3bfb-47dc-a4c6-3505e598a7c3:192.168.164.214:38008, cf77b951-1220-4844-8605-1ea68060b59b:192.168.164.214:39644], old=null at 0
2019-10-14 09:23:39,656 [grpc-default-executor-3] INFO  impl.RaftServerImpl (ServerState.java:setRaftConf(354)) - cf77b951-1220-4844-8605-1ea68060b59b@group-744AA81B7672: set configuration 0: [03fab2fb-e7d4-4e78-a4c4-f6863ac12e1f:192.168.164.214:33299, 866eb045-3bfb-47dc-a4c6-3505e598a7c3:192.168.164.214:38008, cf77b951-1220-4844-8605-1ea68060b59b:192.168.164.214:39644], old=null at 0
2019-10-14 09:23:39,656 [grpc-default-executor-12] INFO  segmented.SegmentedRaftLogWorker (SegmentedRaftLogWorker.java:startLogSegment(380)) - 866eb045-3bfb-47dc-a4c6-3505e598a7c3@group-744AA81B7672-SegmentedRaftLogWorker: Starting segment from index:0
2019-10-14 09:23:39,657 [grpc-default-executor-3] INFO  segmented.SegmentedRaftLogWorker (SegmentedRaftLogWorker.java:startLogSegment(380)) - cf77b951-1220-4844-8605-1ea68060b59b@group-744AA81B7672-SegmentedRaftLogWorker: Starting segment from index:0
2019-10-14 09:23:39,708 [03fab2fb-e7d4-4e78-a4c4-f6863ac12e1f@group-744AA81B7672-SegmentedRaftLogWorker] INFO  segmented.SegmentedRaftLogWorker (SegmentedRaftLogWorker.java:execute(569)) - 03fab2fb-e7d4-4e78-a4c4-f6863ac12e1f@group-744AA81B7672-SegmentedRaftLogWorker: created new log segment /workdir/hadoop-ozone/integration-test/target/test-dir/MiniOzoneClusterImpl-404eb741-03bf-48e0-a9fb-0e06e39ca081/datanode-3/data/ratis/32f3ad96-541f-4211-9621-744aa81b7672/current/log_inprogress_0
2019-10-14 09:23:39,708 [866eb045-3bfb-47dc-a4c6-3505e598a7c3@group-744AA81B7672-SegmentedRaftLogWorker] INFO  segmented.SegmentedRaftLogWorker (SegmentedRaftLogWorker.java:execute(569)) - 866eb045-3bfb-47dc-a4c6-3505e598a7c3@group-744AA81B7672-SegmentedRaftLogWorker: created new log segment /workdir/hadoop-ozone/integration-test/target/test-dir/MiniOzoneClusterImpl-404eb741-03bf-48e0-a9fb-0e06e39ca081/datanode-0/data/ratis/32f3ad96-541f-4211-9621-744aa81b7672/current/log_inprogress_0
2019-10-14 09:23:39,730 [cf77b951-1220-4844-8605-1ea68060b59b@group-744AA81B7672-SegmentedRaftLogWorker] INFO  segmented.SegmentedRaftLogWorker (SegmentedRaftLogWorker.java:execute(569)) - cf77b951-1220-4844-8605-1ea68060b59b@group-744AA81B7672-SegmentedRaftLogWorker: created new log segment /workdir/hadoop-ozone/integration-test/target/test-dir/MiniOzoneClusterImpl-404eb741-03bf-48e0-a9fb-0e06e39ca081/datanode-1/data/ratis/32f3ad96-541f-4211-9621-744aa81b7672/current/log_inprogress_0
2019-10-14 09:23:39,998 [main] INFO  ozoneimpl.OzoneContainer (OzoneContainer.java:stop(231)) - Attempting to stop container services.
2019-10-14 09:23:39,998 [main] INFO  impl.RaftServerProxy (RaftServerProxy.java:lambda$close$4(314)) - cf77b951-1220-4844-8605-1ea68060b59b: close
2019-10-14 09:23:39,999 [main] INFO  impl.RaftServerImpl (RaftServerImpl.java:lambda$shutdown$3(251)) - cf77b951-1220-4844-8605-1ea68060b59b@group-D2D7F11C67B7: shutdown
2019-10-14 09:23:39,999 [ForkJoinPool.commonPool-worker-0] INFO  impl.RaftServerImpl (RaftServerImpl.java:lambda$shutdown$3(251)) - cf77b951-1220-4844-8605-1ea68060b59b@group-0EFBC4FA48CD: shutdown
2019-10-14 09:23:39,999 [main] INFO  util.JmxRegister (JmxRegister.java:unregister(73)) - Successfully un-registered JMX Bean with object name Ratis:service=RaftServer,group=group-D2D7F11C67B7,id=cf77b951-1220-4844-8605-1ea68060b59b
2019-10-14 09:23:39,999 [ForkJoinPool.commonPool-worker-0] INFO  util.JmxRegister (JmxRegister.java:unregister(73)) - Successfully un-registered JMX Bean with object name Ratis:service=RaftServer,group=group-0EFBC4FA48CD,id=cf77b951-1220-4844-8605-1ea68060b59b
2019-10-14 09:23:40,000 [main] INFO  impl.RoleInfo (RoleInfo.java:shutdownLeaderState(104)) - cf77b951-1220-4844-8605-1ea68060b59b: shutdown LeaderState
2019-10-14 09:23:40,000 [ForkJoinPool.commonPool-worker-0] INFO  impl.RoleInfo (RoleInfo.java:shutdownLeaderState(104)) - cf77b951-1220-4844-8605-1ea68060b59b: shutdown LeaderState
2019-10-14 09:23:40,007 [main] INFO  impl.PendingRequests (PendingRequests.java:sendNotLeaderResponses(202)) - cf77b951-1220-4844-8605-1ea68060b59b-PendingRequests: sendNotLeaderResponses
2019-10-14 09:23:40,007 [org.apache.ratis.server.impl.LogAppender$AppenderDaemon$$Lambda$530/1361587228@14649958] WARN  server.GrpcLogAppender (GrpcLogAppender.java:mayWait(143)) - cf77b951-1220-4844-8605-1ea68060b59b@group-D2D7F11C67B7->65e356af-3b1f-43b6-88fa-b0df542a6460-GrpcLogAppender: Wait interrupted by java.lang.InterruptedException
2019-10-14 09:23:40,019 [cf77b951-1220-4844-8605-1ea68060b59b@group-D2D7F11C67B7-StateMachineUpdater] INFO  ratis.ContainerStateMachine (ContainerStateMachine.java:takeSnapshot(289)) - group-D2D7F11C67B7: Taking a snapshot at:(t:1, i:2) file /workdir/hadoop-ozone/integration-test/target/test-dir/MiniOzoneClusterImpl-404eb741-03bf-48e0-a9fb-0e06e39ca081/datanode-1/data/ratis/68f97dd9-6dab-4a77-87e7-d2d7f11c67b7/sm/snapshot.1_2
2019-10-14 09:23:40,019 [main] INFO  impl.StateMachineUpdater (StateMachineUpdater.java:stopAndJoin(125)) - cf77b951-1220-4844-8605-1ea68060b59b@group-D2D7F11C67B7-StateMachineUpdater: set stopIndex = 2
2019-10-14 09:23:40,007 [org.apache.ratis.server.impl.LogAppender$AppenderDaemon$$Lambda$530/1361587228@3c6140d2] WARN  server.GrpcLogAppender (GrpcLogAppender.java:mayWait(143)) - cf77b951-1220-4844-8605-1ea68060b59b@group-D2D7F11C67B7->866eb045-3bfb-47dc-a4c6-3505e598a7c3-GrpcLogAppender: Wait interrupted by java.lang.InterruptedException
2019-10-14 09:23:40,007 [ForkJoinPool.commonPool-worker-0] INFO  impl.PendingRequests (PendingRequests.java:sendNotLeaderResponses(202)) - cf77b951-1220-4844-8605-1ea68060b59b-PendingRequests: sendNotLeaderResponses
2019-10-14 09:23:40,019 [grpc-default-executor-3] INFO  server.GrpcServerProtocolService (GrpcServerProtocolService.java:onCompleted(113)) - 65e356af-3b1f-43b6-88fa-b0df542a6460: Completed APPEND_ENTRIES, lastRequest: cf77b951-1220-4844-8605-1ea68060b59b->65e356af-3b1f-43b6-88fa-b0df542a6460#5-t1, previous=(t:1, i:2), leaderCommit=2, initializing? false, entries: <empty>
2019-10-14 09:23:40,020 [ForkJoinPool.commonPool-worker-0] INFO  impl.StateMachineUpdater (StateMachineUpdater.java:stopAndJoin(125)) - cf77b951-1220-4844-8605-1ea68060b59b@group-0EFBC4FA48CD-StateMachineUpdater: set stopIndex = 0
2019-10-14 09:23:40,020 [grpc-default-executor-12] INFO  server.GrpcServerProtocolService (GrpcServerProtocolService.java:onCompleted(113)) - 866eb045-3bfb-47dc-a4c6-3505e598a7c3: Completed APPEND_ENTRIES, lastRequest: cf77b951-1220-4844-8605-1ea68060b59b->866eb045-3bfb-47dc-a4c6-3505e598a7c3#5-t1, previous=(t:1, i:2), leaderCommit=2, initializing? false, entries: <empty>
2019-10-14 09:23:40,020 [ForkJoinPool.commonPool-worker-0] INFO  impl.RaftServerImpl (ServerState.java:close(385)) - cf77b951-1220-4844-8605-1ea68060b59b@group-0EFBC4FA48CD: closes. applyIndex: 0
2019-10-14 09:23:40,020 [grpc-default-executor-3] INFO  server.GrpcLogAppender (GrpcLogAppender.java:onCompleted(293)) - cf77b951-1220-4844-8605-1ea68060b59b@group-D2D7F11C67B7->65e356af-3b1f-43b6-88fa-b0df542a6460-AppendLogResponseHandler: follower responses appendEntries COMPLETED
2019-10-14 09:23:40,020 [grpc-default-executor-12] INFO  server.GrpcLogAppender (GrpcLogAppender.java:onCompleted(293)) - cf77b951-1220-4844-8605-1ea68060b59b@group-D2D7F11C67B7->866eb045-3bfb-47dc-a4c6-3505e598a7c3-AppendLogResponseHandler: follower responses appendEntries COMPLETED
2019-10-14 09:23:40,020 [cf77b951-1220-4844-8605-1ea68060b59b@group-0EFBC4FA48CD-SegmentedRaftLogWorker] INFO  segmented.SegmentedRaftLogWorker (SegmentedRaftLogWorker.java:run(313)) - cf77b951-1220-4844-8605-1ea68060b59b@group-0EFBC4FA48CD-SegmentedRaftLogWorker was interrupted, exiting. There are 0 tasks remaining in the queue.
2019-10-14 09:23:40,021 [grpc-default-executor-3] INFO  impl.FollowerInfo (FollowerInfo.java:lambda$new$0(51)) - cf77b951-1220-4844-8605-1ea68060b59b@group-D2D7F11C67B7->65e356af-3b1f-43b6-88fa-b0df542a6460: nextIndex: updateUnconditionally 3 -> 2
2019-10-14 09:23:40,021 [grpc-default-executor-12] INFO  impl.FollowerInfo (FollowerInfo.java:lambda$new$0(51)) - cf77b951-1220-4844-8605-1ea68060b59b@group-D2D7F11C67B7->866eb045-3bfb-47dc-a4c6-3505e598a7c3: nextIndex: updateUnconditionally 3 -> 2
2019-10-14 09:23:40,032 [ForkJoinPool.commonPool-worker-0] INFO  segmented.SegmentedRaftLogWorker (SegmentedRaftLogWorker.java:close(228)) - cf77b951-1220-4844-8605-1ea68060b59b@group-0EFBC4FA48CD-SegmentedRaftLogWorker close()
2019-10-14 09:23:40,038 [cf77b951-1220-4844-8605-1ea68060b59b@group-D2D7F11C67B7-StateMachineUpdater] INFO  ratis.ContainerStateMachine (ContainerStateMachine.java:takeSnapshot(300)) - group-D2D7F11C67B7: Finished taking a snapshot at:(t:1, i:2) file:/workdir/hadoop-ozone/integration-test/target/test-dir/MiniOzoneClusterImpl-404eb741-03bf-48e0-a9fb-0e06e39ca081/datanode-1/data/ratis/68f97dd9-6dab-4a77-87e7-d2d7f11c67b7/sm/snapshot.1_2 time:19
2019-10-14 09:23:40,038 [ForkJoinPool.commonPool-worker-0] INFO  impl.RaftServerImpl (RaftServerImpl.java:lambda$shutdown$3(251)) - cf77b951-1220-4844-8605-1ea68060b59b@group-744AA81B7672: shutdown
2019-10-14 09:23:40,038 [cf77b951-1220-4844-8605-1ea68060b59b@group-D2D7F11C67B7-StateMachineUpdater] INFO  impl.StateMachineUpdater (StateMachineUpdater.java:takeSnapshot(258)) - cf77b951-1220-4844-8605-1ea68060b59b@group-D2D7F11C67B7-StateMachineUpdater: Took a snapshot at index 2
2019-10-14 09:23:40,038 [ForkJoinPool.commonPool-worker-0] INFO  util.JmxRegister (JmxRegister.java:unregister(73)) - Successfully un-registered JMX Bean with object name Ratis:service=RaftServer,group=group-744AA81B7672,id=cf77b951-1220-4844-8605-1ea68060b59b
2019-10-14 09:23:40,038 [cf77b951-1220-4844-8605-1ea68060b59b@group-D2D7F11C67B7-StateMachineUpdater] INFO  impl.StateMachineUpdater (StateMachineUpdater.java:lambda$new$0(83)) - cf77b951-1220-4844-8605-1ea68060b59b@group-D2D7F11C67B7-StateMachineUpdater: snapshotIndex: updateIncreasingly -1 -> 2
2019-10-14 09:23:40,038 [ForkJoinPool.commonPool-worker-0] INFO  impl.RoleInfo (RoleInfo.java:shutdownFollowerState(121)) - cf77b951-1220-4844-8605-1ea68060b59b: shutdown FollowerState
2019-10-14 09:23:40,039 [ForkJoinPool.commonPool-worker-0] INFO  impl.StateMachineUpdater (StateMachineUpdater.java:stopAndJoin(125)) - cf77b951-1220-4844-8605-1ea68060b59b@group-744AA81B7672-StateMachineUpdater: set stopIndex = -1
2019-10-14 09:23:40,039 [main] INFO  impl.RaftServerImpl (ServerState.java:close(385)) - cf77b951-1220-4844-8605-1ea68060b59b@group-D2D7F11C67B7: closes. applyIndex: 2
2019-10-14 09:23:40,039 [Thread-4513] INFO  impl.FollowerState (FollowerState.java:run(115)) - cf77b951-1220-4844-8605-1ea68060b59b: FollowerState was interrupted: java.lang.InterruptedException: sleep interrupted
2019-10-14 09:23:40,039 [ForkJoinPool.commonPool-worker-0] INFO  impl.RaftServerImpl (ServerState.java:close(385)) - cf77b951-1220-4844-8605-1ea68060b59b@group-744AA81B7672: closes. applyIndex: -1
2019-10-14 09:23:40,040 [cf77b951-1220-4844-8605-1ea68060b59b@group-744AA81B7672-SegmentedRaftLogWorker] INFO  segmented.SegmentedRaftLogWorker (SegmentedRaftLogWorker.java:run(313)) - cf77b951-1220-4844-8605-1ea68060b59b@group-744AA81B7672-SegmentedRaftLogWorker was interrupted, exiting. There are 0 tasks remaining in the queue.
2019-10-14 09:23:40,040 [cf77b951-1220-4844-8605-1ea68060b59b@group-D2D7F11C67B7-SegmentedRaftLogWorker] INFO  segmented.SegmentedRaftLogWorker (SegmentedRaftLogWorker.java:run(313)) - cf77b951-1220-4844-8605-1ea68060b59b@group-D2D7F11C67B7-SegmentedRaftLogWorker was interrupted, exiting. There are 0 tasks remaining in the queue.
2019-10-14 09:23:40,046 [main] INFO  segmented.SegmentedRaftLogWorker (SegmentedRaftLogWorker.java:close(228)) - cf77b951-1220-4844-8605-1ea68060b59b@group-D2D7F11C67B7-SegmentedRaftLogWorker close()
2019-10-14 09:23:40,046 [ForkJoinPool.commonPool-worker-0] INFO  segmented.SegmentedRaftLogWorker (SegmentedRaftLogWorker.java:close(228)) - cf77b951-1220-4844-8605-1ea68060b59b@group-744AA81B7672-SegmentedRaftLogWorker close()
2019-10-14 09:23:40,051 [main] INFO  impl.RaftServerImpl (RaftServerImpl.java:lambda$shutdown$3(251)) - cf77b951-1220-4844-8605-1ea68060b59b@group-1311D66F9C25: shutdown
2019-10-14 09:23:40,056 [ForkJoinPool.commonPool-worker-0] INFO  impl.RaftServerImpl (RaftServerImpl.java:lambda$shutdown$3(251)) - cf77b951-1220-4844-8605-1ea68060b59b@group-A18E834CDE80: shutdown
2019-10-14 09:23:40,056 [main] INFO  util.JmxRegister (JmxRegister.java:unregister(73)) - Successfully un-registered JMX Bean with object name Ratis:service=RaftServer,group=group-1311D66F9C25,id=cf77b951-1220-4844-8605-1ea68060b59b
2019-10-14 09:23:40,056 [ForkJoinPool.commonPool-worker-0] INFO  util.JmxRegister (JmxRegister.java:unregister(73)) - Successfully un-registered JMX Bean with object name Ratis:service=RaftServer,group=group-A18E834CDE80,id=cf77b951-1220-4844-8605-1ea68060b59b
2019-10-14 09:23:40,057 [main] INFO  impl.RoleInfo (RoleInfo.java:shutdownFollowerState(121)) - cf77b951-1220-4844-8605-1ea68060b59b: shutdown FollowerState
2019-10-14 09:23:40,057 [ForkJoinPool.commonPool-worker-0] INFO  impl.RoleInfo (RoleInfo.java:shutdownFollowerState(121)) - cf77b951-1220-4844-8605-1ea68060b59b: shutdown FollowerState
2019-10-14 09:23:40,057 [main] INFO  impl.StateMachineUpdater (StateMachineUpdater.java:stopAndJoin(125)) - cf77b951-1220-4844-8605-1ea68060b59b@group-1311D66F9C25-StateMachineUpdater: set stopIndex = -1
2019-10-14 09:23:40,057 [Thread-4481] INFO  impl.FollowerState (FollowerState.java:run(115)) - cf77b951-1220-4844-8605-1ea68060b59b: FollowerState was interrupted: java.lang.InterruptedException: sleep interrupted
2019-10-14 09:23:40,057 [ForkJoinPool.commonPool-worker-0] INFO  impl.StateMachineUpdater (StateMachineUpdater.java:stopAndJoin(125)) - cf77b951-1220-4844-8605-1ea68060b59b@group-A18E834CDE80-StateMachineUpdater: set stopIndex = 0
2019-10-14 09:23:40,057 [Thread-4476] INFO  impl.FollowerState (FollowerState.java:run(115)) - cf77b951-1220-4844-8605-1ea68060b59b: FollowerState was interrupted: java.lang.InterruptedException: sleep interrupted
2019-10-14 09:23:40,058 [ForkJoinPool.commonPool-worker-0] INFO  impl.RaftServerImpl (ServerState.java:close(385)) - cf77b951-1220-4844-8605-1ea68060b59b@group-A18E834CDE80: closes. applyIndex: 0
2019-10-14 09:23:40,057 [main] INFO  impl.RaftServerImpl (ServerState.java:close(385)) - cf77b951-1220-4844-8605-1ea68060b59b@group-1311D66F9C25: closes. applyIndex: -1
2019-10-14 09:23:40,058 [cf77b951-1220-4844-8605-1ea68060b59b@group-A18E834CDE80-SegmentedRaftLogWorker] INFO  segmented.SegmentedRaftLogWorker (SegmentedRaftLogWorker.java:run(313)) - cf77b951-1220-4844-8605-1ea68060b59b@group-A18E834CDE80-SegmentedRaftLogWorker was interrupted, exiting. There are 0 tasks remaining in the queue.
2019-10-14 09:23:40,058 [cf77b951-1220-4844-8605-1ea68060b59b@group-1311D66F9C25-SegmentedRaftLogWorker] INFO  segmented.SegmentedRaftLogWorker (SegmentedRaftLogWorker.java:run(313)) - cf77b951-1220-4844-8605-1ea68060b59b@group-1311D66F9C25-SegmentedRaftLogWorker was interrupted, exiting. There are 0 tasks remaining in the queue.
2019-10-14 09:23:40,060 [main] INFO  segmented.SegmentedRaftLogWorker (SegmentedRaftLogWorker.java:close(228)) - cf77b951-1220-4844-8605-1ea68060b59b@group-1311D66F9C25-SegmentedRaftLogWorker close()
2019-10-14 09:23:40,071 [ForkJoinPool.commonPool-worker-0] INFO  segmented.SegmentedRaftLogWorker (SegmentedRaftLogWorker.java:close(228)) - cf77b951-1220-4844-8605-1ea68060b59b@group-A18E834CDE80-SegmentedRaftLogWorker close()
2019-10-14 09:23:40,079 [main] INFO  server.GrpcService (GrpcService.java:closeImpl(164)) - cf77b951-1220-4844-8605-1ea68060b59b: shutdown server with port 39644 now
2019-10-14 09:23:40,080 [grpc-default-executor-3] WARN  server.GrpcServerProtocolService (LogUtils.java:warn(134)) - cf77b951-1220-4844-8605-1ea68060b59b: installSnapshot onError, lastRequest: 03fab2fb-e7d4-4e78-a4c4-f6863ac12e1f->cf77b951-1220-4844-8605-1ea68060b59b#1-t2, previous=(t:0, i:0), leaderCommit=-1, initializing? false, entries: size=1, first=(t:2, i:0), CONFIGURATIONENTRY: org.apache.ratis.thirdparty.io.grpc.StatusRuntimeException: CANCELLED: cancelled before receiving half close
2019-10-14 09:23:40,081 [main] INFO  server.GrpcService (GrpcService.java:closeImpl(172)) - cf77b951-1220-4844-8605-1ea68060b59b: shutdown server with port 39644 successfully
2019-10-14 09:23:40,081 [grpc-default-executor-14] WARN  server.GrpcLogAppender (LogUtils.java:warn(134)) - c6f466fb-6021-469a-9685-fe99611c8ad0@group-A18E834CDE80->cf77b951-1220-4844-8605-1ea68060b59b-AppendLogResponseHandler: Failed appendEntries: org.apache.ratis.thirdparty.io.grpc.StatusRuntimeException: CANCELLED: HTTP/2 error code: CANCEL
Received Rst Stream
2019-10-14 09:23:40,081 [grpc-default-executor-4] WARN  server.GrpcLogAppender (LogUtils.java:warn(134)) - 03fab2fb-e7d4-4e78-a4c4-f6863ac12e1f@group-744AA81B7672->cf77b951-1220-4844-8605-1ea68060b59b-AppendLogResponseHandler: Failed appendEntries: org.apache.ratis.thirdparty.io.grpc.StatusRuntimeException: CANCELLED: HTTP/2 error code: CANCEL
Received Rst Stream
2019-10-14 09:23:40,081 [grpc-default-executor-14] INFO  impl.FollowerInfo (FollowerInfo.java:lambda$new$0(51)) - c6f466fb-6021-469a-9685-fe99611c8ad0@group-A18E834CDE80->cf77b951-1220-4844-8605-1ea68060b59b: nextIndex: updateUnconditionally 1 -> 0
2019-10-14 09:23:40,081 [grpc-default-executor-5] WARN  server.GrpcServerProtocolService (LogUtils.java:warn(134)) - cf77b951-1220-4844-8605-1ea68060b59b: installSnapshot onError, lastRequest: c6f466fb-6021-469a-9685-fe99611c8ad0->cf77b951-1220-4844-8605-1ea68060b59b#2-t1, previous=(t:1, i:0), leaderCommit=0, initializing? false, entries: <empty>: org.apache.ratis.thirdparty.io.grpc.StatusRuntimeException: CANCELLED: cancelled before receiving half close
2019-10-14 09:23:40,082 [grpc-default-executor-4] INFO  impl.FollowerInfo (FollowerInfo.java:lambda$new$0(51)) - 03fab2fb-e7d4-4e78-a4c4-f6863ac12e1f@group-744AA81B7672->cf77b951-1220-4844-8605-1ea68060b59b: nextIndex: updateUnconditionally 1 -> 0
2019-10-14 09:23:40,086 [refreshUsed-/workdir/hadoop-ozone/integration-test/target/test-dir/MiniOzoneClusterImpl-404eb741-03bf-48e0-a9fb-0e06e39ca081/datanode-1/data/containers] WARN  fs.CachingGetSpaceUsed (CachingGetSpaceUsed.java:run(183)) - Thread Interrupted waiting to refresh disk information: sleep interrupted
2019-10-14 09:23:40,101 [main] INFO  utils.BackgroundService (BackgroundService.java:shutdown(148)) - Shutting down service BlockDeletingService
2019-10-14 09:23:40,108 [main] INFO  statemachine.DatanodeStateMachine (DatanodeStateMachine.java:stopDaemon(395)) - Ozone container server stopped.
2019-10-14 09:23:40,110 [main] INFO  handler.ContextHandler (ContextHandler.java:doStop(910)) - Stopped o.e.j.w.WebAppContext@50ec4bfc{/,null,UNAVAILABLE}{/hddsDatanode}
2019-10-14 09:23:40,111 [main] INFO  server.AbstractConnector (AbstractConnector.java:doStop(318)) - Stopped ServerConnector@8b13d91{HTTP/1.1,[http/1.1]}{0.0.0.0:0}
2019-10-14 09:23:40,111 [main] INFO  handler.ContextHandler (ContextHandler.java:doStop(910)) - Stopped o.e.j.s.ServletContextHandler@382d71c7{/static,jar:file:/home/user/.m2/repository/org/apache/hadoop/hadoop-hdds-container-service/0.5.0-SNAPSHOT/hadoop-hdds-container-service-0.5.0-SNAPSHOT.jar!/webapps/static,UNAVAILABLE}
2019-10-14 09:23:40,112 [main] INFO  handler.ContextHandler (ContextHandler.java:doStop(910)) - Stopped o.e.j.s.ServletContextHandler@5a9840f3{/logs,file:///workdir/hadoop-ozone/integration-test/target/log,UNAVAILABLE}
2019-10-14 09:23:40,167 [Thread-4475] INFO  impl.FollowerState (FollowerState.java:run(106)) - c6f466fb-6021-469a-9685-fe99611c8ad0:group-1311D66F9C25 changes to CANDIDATE, lastRpcTime:5107, electionTimeout:5107ms
2019-10-14 09:23:40,167 [Thread-4475] INFO  impl.RoleInfo (RoleInfo.java:shutdownFollowerState(121)) - c6f466fb-6021-469a-9685-fe99611c8ad0: shutdown FollowerState
2019-10-14 09:23:40,167 [Thread-4475] INFO  impl.RaftServerImpl (RaftServerImpl.java:setRole(174)) - c6f466fb-6021-469a-9685-fe99611c8ad0@group-1311D66F9C25: changes role from  FOLLOWER to CANDIDATE at term 1 for changeToCandidate
2019-10-14 09:23:40,167 [Thread-4475] INFO  impl.RoleInfo (RoleInfo.java:updateAndGet(143)) - c6f466fb-6021-469a-9685-fe99611c8ad0: start LeaderElection
2019-10-14 09:23:40,169 [Thread-4474] INFO  impl.FollowerState (FollowerState.java:run(106)) - ff8cf76f-81bb-40fb-9266-fb490038af97:group-1311D66F9C25 changes to CANDIDATE, lastRpcTime:5110, electionTimeout:5110ms
2019-10-14 09:23:40,169 [Thread-4474] INFO  impl.RoleInfo (RoleInfo.java:shutdownFollowerState(121)) - ff8cf76f-81bb-40fb-9266-fb490038af97: shutdown FollowerState
2019-10-14 09:23:40,169 [Thread-4474] INFO  impl.RaftServerImpl (RaftServerImpl.java:setRole(174)) - ff8cf76f-81bb-40fb-9266-fb490038af97@group-1311D66F9C25: changes role from  FOLLOWER to CANDIDATE at term 1 for changeToCandidate
2019-10-14 09:23:40,169 [Thread-4474] INFO  impl.RoleInfo (RoleInfo.java:updateAndGet(143)) - ff8cf76f-81bb-40fb-9266-fb490038af97: start LeaderElection
2019-10-14 09:23:40,191 [ff8cf76f-81bb-40fb-9266-fb490038af97@group-1311D66F9C25:LeaderElection249] INFO  impl.LeaderElection (LeaderElection.java:askForVotes(182)) - ff8cf76f-81bb-40fb-9266-fb490038af97@group-1311D66F9C25:LeaderElection249: begin an election at term 2 for -1: [ff8cf76f-81bb-40fb-9266-fb490038af97:192.168.164.214:45617, c6f466fb-6021-469a-9685-fe99611c8ad0:192.168.164.214:41555, cf77b951-1220-4844-8605-1ea68060b59b:192.168.164.214:39644], old=null
2019-10-14 09:23:40,191 [c6f466fb-6021-469a-9685-fe99611c8ad0@group-1311D66F9C25:LeaderElection248] INFO  impl.LeaderElection (LeaderElection.java:askForVotes(182)) - c6f466fb-6021-469a-9685-fe99611c8ad0@group-1311D66F9C25:LeaderElection248: begin an election at term 2 for -1: [ff8cf76f-81bb-40fb-9266-fb490038af97:192.168.164.214:45617, c6f466fb-6021-469a-9685-fe99611c8ad0:192.168.164.214:41555, cf77b951-1220-4844-8605-1ea68060b59b:192.168.164.214:39644], old=null
2019-10-14 09:23:40,194 [c6f466fb-6021-469a-9685-fe99611c8ad0@group-1311D66F9C25:LeaderElection248] INFO  impl.LeaderElection (LogUtils.java:infoOrTrace(149)) - c6f466fb-6021-469a-9685-fe99611c8ad0@group-1311D66F9C25:LeaderElection248 got exception when requesting votes: {}
java.util.concurrent.ExecutionException: org.apache.ratis.thirdparty.io.grpc.StatusRuntimeException: UNAVAILABLE: io exception
	at java.util.concurrent.FutureTask.report(FutureTask.java:122)
	at java.util.concurrent.FutureTask.get(FutureTask.java:192)
	at org.apache.ratis.server.impl.LeaderElection.waitForResults(LeaderElection.java:263)
	at org.apache.ratis.server.impl.LeaderElection.askForVotes(LeaderElection.java:201)
	at org.apache.ratis.server.impl.LeaderElection.run(LeaderElection.java:133)
	at java.lang.Thread.run(Thread.java:748)
Caused by: org.apache.ratis.thirdparty.io.grpc.StatusRuntimeException: UNAVAILABLE: io exception
	at org.apache.ratis.thirdparty.io.grpc.stub.ClientCalls.toStatusRuntimeException(ClientCalls.java:233)
	at org.apache.ratis.thirdparty.io.grpc.stub.ClientCalls.getUnchecked(ClientCalls.java:214)
	at org.apache.ratis.thirdparty.io.grpc.stub.ClientCalls.blockingUnaryCall(ClientCalls.java:139)
	at org.apache.ratis.proto.grpc.RaftServerProtocolServiceGrpc$RaftServerProtocolServiceBlockingStub.requestVote(RaftServerProtocolServiceGrpc.java:265)
	at org.apache.ratis.grpc.server.GrpcServerProtocolClient.requestVote(GrpcServerProtocolClient.java:90)
	at org.apache.ratis.grpc.server.GrpcService.requestVote(GrpcService.java:204)
	at org.apache.ratis.server.impl.LeaderElection.lambda$submitRequests$1(LeaderElection.java:238)
	at java.util.concurrent.FutureTask.run(FutureTask.java:266)
	at java.util.concurrent.Executors$RunnableAdapter.call(Executors.java:511)
	at java.util.concurrent.FutureTask.run(FutureTask.java:266)
	at java.util.concurrent.ThreadPoolExecutor.runWorker(ThreadPoolExecutor.java:1149)
	at java.util.concurrent.ThreadPoolExecutor$Worker.run(ThreadPoolExecutor.java:624)
	... 1 more
Caused by: org.apache.ratis.thirdparty.io.netty.channel.AbstractChannel$AnnotatedConnectException: Connection refused: /192.168.164.214:39644
	at sun.nio.ch.SocketChannelImpl.checkConnect(Native Method)
	at sun.nio.ch.SocketChannelImpl.finishConnect(SocketChannelImpl.java:717)
	at org.apache.ratis.thirdparty.io.netty.channel.socket.nio.NioSocketChannel.doFinishConnect(NioSocketChannel.java:327)
	at org.apache.ratis.thirdparty.io.netty.channel.nio.AbstractNioChannel$AbstractNioUnsafe.finishConnect(AbstractNioChannel.java:340)
	at org.apache.ratis.thirdparty.io.netty.channel.nio.NioEventLoop.processSelectedKey(NioEventLoop.java:632)
	at org.apache.ratis.thirdparty.io.netty.channel.nio.NioEventLoop.processSelectedKeysOptimized(NioEventLoop.java:579)
	at org.apache.ratis.thirdparty.io.netty.channel.nio.NioEventLoop.processSelectedKeys(NioEventLoop.java:496)
	at org.apache.ratis.thirdparty.io.netty.channel.nio.NioEventLoop.run(NioEventLoop.java:458)
	at org.apache.ratis.thirdparty.io.netty.util.concurrent.SingleThreadEventExecutor$5.run(SingleThreadEventExecutor.java:897)
	at org.apache.ratis.thirdparty.io.netty.util.concurrent.FastThreadLocalRunnable.run(FastThreadLocalRunnable.java:30)
	... 1 more
Caused by: java.net.ConnectException: Connection refused
	... 11 more
2019-10-14 09:23:40,194 [ff8cf76f-81bb-40fb-9266-fb490038af97@group-1311D66F9C25:LeaderElection249] INFO  impl.LeaderElection (LogUtils.java:infoOrTrace(149)) - ff8cf76f-81bb-40fb-9266-fb490038af97@group-1311D66F9C25:LeaderElection249 got exception when requesting votes: {}
java.util.concurrent.ExecutionException: org.apache.ratis.thirdparty.io.grpc.StatusRuntimeException: UNAVAILABLE: io exception
	at java.util.concurrent.FutureTask.report(FutureTask.java:122)
	at java.util.concurrent.FutureTask.get(FutureTask.java:192)
	at org.apache.ratis.server.impl.LeaderElection.waitForResults(LeaderElection.java:263)
	at org.apache.ratis.server.impl.LeaderElection.askForVotes(LeaderElection.java:201)
	at org.apache.ratis.server.impl.LeaderElection.run(LeaderElection.java:133)
	at java.lang.Thread.run(Thread.java:748)
Caused by: org.apache.ratis.thirdparty.io.grpc.StatusRuntimeException: UNAVAILABLE: io exception
	at org.apache.ratis.thirdparty.io.grpc.stub.ClientCalls.toStatusRuntimeException(ClientCalls.java:233)
	at org.apache.ratis.thirdparty.io.grpc.stub.ClientCalls.getUnchecked(ClientCalls.java:214)
	at org.apache.ratis.thirdparty.io.grpc.stub.ClientCalls.blockingUnaryCall(ClientCalls.java:139)
	at org.apache.ratis.proto.grpc.RaftServerProtocolServiceGrpc$RaftServerProtocolServiceBlockingStub.requestVote(RaftServerProtocolServiceGrpc.java:265)
	at org.apache.ratis.grpc.server.GrpcServerProtocolClient.requestVote(GrpcServerProtocolClient.java:90)
	at org.apache.ratis.grpc.server.GrpcService.requestVote(GrpcService.java:204)
	at org.apache.ratis.server.impl.LeaderElection.lambda$submitRequests$1(LeaderElection.java:238)
	at java.util.concurrent.FutureTask.run(FutureTask.java:266)
	at java.util.concurrent.Executors$RunnableAdapter.call(Executors.java:511)
	at java.util.concurrent.FutureTask.run(FutureTask.java:266)
	at java.util.concurrent.ThreadPoolExecutor.runWorker(ThreadPoolExecutor.java:1149)
	at java.util.concurrent.ThreadPoolExecutor$Worker.run(ThreadPoolExecutor.java:624)
	... 1 more
Caused by: org.apache.ratis.thirdparty.io.netty.channel.AbstractChannel$AnnotatedConnectException: Connection refused: /192.168.164.214:39644
	at sun.nio.ch.SocketChannelImpl.checkConnect(Native Method)
	at sun.nio.ch.SocketChannelImpl.finishConnect(SocketChannelImpl.java:717)
	at org.apache.ratis.thirdparty.io.netty.channel.socket.nio.NioSocketChannel.doFinishConnect(NioSocketChannel.java:327)
	at org.apache.ratis.thirdparty.io.netty.channel.nio.AbstractNioChannel$AbstractNioUnsafe.finishConnect(AbstractNioChannel.java:340)
	at org.apache.ratis.thirdparty.io.netty.channel.nio.NioEventLoop.processSelectedKey(NioEventLoop.java:632)
	at org.apache.ratis.thirdparty.io.netty.channel.nio.NioEventLoop.processSelectedKeysOptimized(NioEventLoop.java:579)
	at org.apache.ratis.thirdparty.io.netty.channel.nio.NioEventLoop.processSelectedKeys(NioEventLoop.java:496)
	at org.apache.ratis.thirdparty.io.netty.channel.nio.NioEventLoop.run(NioEventLoop.java:458)
	at org.apache.ratis.thirdparty.io.netty.util.concurrent.SingleThreadEventExecutor$5.run(SingleThreadEventExecutor.java:897)
	at org.apache.ratis.thirdparty.io.netty.util.concurrent.FastThreadLocalRunnable.run(FastThreadLocalRunnable.java:30)
	... 1 more
Caused by: java.net.ConnectException: Connection refused
	... 11 more
2019-10-14 09:23:40,194 [c6f466fb-6021-469a-9685-fe99611c8ad0@group-1311D66F9C25:LeaderElection248] INFO  impl.LeaderElection (LeaderElection.java:logAndReturn(56)) - c6f466fb-6021-469a-9685-fe99611c8ad0@group-1311D66F9C25:LeaderElection248: Election REJECTED; received 1 response(s) [c6f466fb-6021-469a-9685-fe99611c8ad0<-ff8cf76f-81bb-40fb-9266-fb490038af97#0:FAIL-t2] and 1 exception(s); c6f466fb-6021-469a-9685-fe99611c8ad0@group-1311D66F9C25:t2, leader=null, voted=c6f466fb-6021-469a-9685-fe99611c8ad0, raftlog=c6f466fb-6021-469a-9685-fe99611c8ad0@group-1311D66F9C25-SegmentedRaftLog:OPENED:c-1,f-1,i0, conf=-1: [ff8cf76f-81bb-40fb-9266-fb490038af97:192.168.164.214:45617, c6f466fb-6021-469a-9685-fe99611c8ad0:192.168.164.214:41555, cf77b951-1220-4844-8605-1ea68060b59b:192.168.164.214:39644], old=null
2019-10-14 09:23:40,195 [ff8cf76f-81bb-40fb-9266-fb490038af97@group-1311D66F9C25:LeaderElection249] INFO  impl.LeaderElection (LeaderElection.java:logAndReturn(56)) - ff8cf76f-81bb-40fb-9266-fb490038af97@group-1311D66F9C25:LeaderElection249: Election REJECTED; received 1 response(s) [ff8cf76f-81bb-40fb-9266-fb490038af97<-c6f466fb-6021-469a-9685-fe99611c8ad0#0:FAIL-t2] and 1 exception(s); ff8cf76f-81bb-40fb-9266-fb490038af97@group-1311D66F9C25:t2, leader=null, voted=ff8cf76f-81bb-40fb-9266-fb490038af97, raftlog=ff8cf76f-81bb-40fb-9266-fb490038af97@group-1311D66F9C25-SegmentedRaftLog:OPENED:c-1,f-1,i0, conf=-1: [ff8cf76f-81bb-40fb-9266-fb490038af97:192.168.164.214:45617, c6f466fb-6021-469a-9685-fe99611c8ad0:192.168.164.214:41555, cf77b951-1220-4844-8605-1ea68060b59b:192.168.164.214:39644], old=null
2019-10-14 09:23:40,195 [c6f466fb-6021-469a-9685-fe99611c8ad0@group-1311D66F9C25:LeaderElection248] INFO  impl.LeaderElection (LogUtils.java:infoOrTrace(149)) -   Exception 0: {}
java.util.concurrent.ExecutionException: org.apache.ratis.thirdparty.io.grpc.StatusRuntimeException: UNAVAILABLE: io exception
	at java.util.concurrent.FutureTask.report(FutureTask.java:122)
	at java.util.concurrent.FutureTask.get(FutureTask.java:192)
	at org.apache.ratis.server.impl.LeaderElection.waitForResults(LeaderElection.java:263)
	at org.apache.ratis.server.impl.LeaderElection.askForVotes(LeaderElection.java:201)
	at org.apache.ratis.server.impl.LeaderElection.run(LeaderElection.java:133)
	at java.lang.Thread.run(Thread.java:748)
Caused by: org.apache.ratis.thirdparty.io.grpc.StatusRuntimeException: UNAVAILABLE: io exception
	at org.apache.ratis.thirdparty.io.grpc.stub.ClientCalls.toStatusRuntimeException(ClientCalls.java:233)
	at org.apache.ratis.thirdparty.io.grpc.stub.ClientCalls.getUnchecked(ClientCalls.java:214)
	at org.apache.ratis.thirdparty.io.grpc.stub.ClientCalls.blockingUnaryCall(ClientCalls.java:139)
	at org.apache.ratis.proto.grpc.RaftServerProtocolServiceGrpc$RaftServerProtocolServiceBlockingStub.requestVote(RaftServerProtocolServiceGrpc.java:265)
	at org.apache.ratis.grpc.server.GrpcServerProtocolClient.requestVote(GrpcServerProtocolClient.java:90)
	at org.apache.ratis.grpc.server.GrpcService.requestVote(GrpcService.java:204)
	at org.apache.ratis.server.impl.LeaderElection.lambda$submitRequests$1(LeaderElection.java:238)
	at java.util.concurrent.FutureTask.run(FutureTask.java:266)
	at java.util.concurrent.Executors$RunnableAdapter.call(Executors.java:511)
	at java.util.concurrent.FutureTask.run(FutureTask.java:266)
	at java.util.concurrent.ThreadPoolExecutor.runWorker(ThreadPoolExecutor.java:1149)
	at java.util.concurrent.ThreadPoolExecutor$Worker.run(ThreadPoolExecutor.java:624)
	... 1 more
Caused by: org.apache.ratis.thirdparty.io.netty.channel.AbstractChannel$AnnotatedConnectException: Connection refused: /192.168.164.214:39644
	at sun.nio.ch.SocketChannelImpl.checkConnect(Native Method)
	at sun.nio.ch.SocketChannelImpl.finishConnect(SocketChannelImpl.java:717)
	at org.apache.ratis.thirdparty.io.netty.channel.socket.nio.NioSocketChannel.doFinishConnect(NioSocketChannel.java:327)
	at org.apache.ratis.thirdparty.io.netty.channel.nio.AbstractNioChannel$AbstractNioUnsafe.finishConnect(AbstractNioChannel.java:340)
	at org.apache.ratis.thirdparty.io.netty.channel.nio.NioEventLoop.processSelectedKey(NioEventLoop.java:632)
	at org.apache.ratis.thirdparty.io.netty.channel.nio.NioEventLoop.processSelectedKeysOptimized(NioEventLoop.java:579)
	at org.apache.ratis.thirdparty.io.netty.channel.nio.NioEventLoop.processSelectedKeys(NioEventLoop.java:496)
	at org.apache.ratis.thirdparty.io.netty.channel.nio.NioEventLoop.run(NioEventLoop.java:458)
	at org.apache.ratis.thirdparty.io.netty.util.concurrent.SingleThreadEventExecutor$5.run(SingleThreadEventExecutor.java:897)
	at org.apache.ratis.thirdparty.io.netty.util.concurrent.FastThreadLocalRunnable.run(FastThreadLocalRunnable.java:30)
	... 1 more
Caused by: java.net.ConnectException: Connection refused
	... 11 more
2019-10-14 09:23:40,195 [ff8cf76f-81bb-40fb-9266-fb490038af97@group-1311D66F9C25:LeaderElection249] INFO  impl.LeaderElection (LogUtils.java:infoOrTrace(149)) -   Exception 0: {}
java.util.concurrent.ExecutionException: org.apache.ratis.thirdparty.io.grpc.StatusRuntimeException: UNAVAILABLE: io exception
	at java.util.concurrent.FutureTask.report(FutureTask.java:122)
	at java.util.concurrent.FutureTask.get(FutureTask.java:192)
	at org.apache.ratis.server.impl.LeaderElection.waitForResults(LeaderElection.java:263)
	at org.apache.ratis.server.impl.LeaderElection.askForVotes(LeaderElection.java:201)
	at org.apache.ratis.server.impl.LeaderElection.run(LeaderElection.java:133)
	at java.lang.Thread.run(Thread.java:748)
Caused by: org.apache.ratis.thirdparty.io.grpc.StatusRuntimeException: UNAVAILABLE: io exception
	at org.apache.ratis.thirdparty.io.grpc.stub.ClientCalls.toStatusRuntimeException(ClientCalls.java:233)
	at org.apache.ratis.thirdparty.io.grpc.stub.ClientCalls.getUnchecked(ClientCalls.java:214)
	at org.apache.ratis.thirdparty.io.grpc.stub.ClientCalls.blockingUnaryCall(ClientCalls.java:139)
	at org.apache.ratis.proto.grpc.RaftServerProtocolServiceGrpc$RaftServerProtocolServiceBlockingStub.requestVote(RaftServerProtocolServiceGrpc.java:265)
	at org.apache.ratis.grpc.server.GrpcServerProtocolClient.requestVote(GrpcServerProtocolClient.java:90)
	at org.apache.ratis.grpc.server.GrpcService.requestVote(GrpcService.java:204)
	at org.apache.ratis.server.impl.LeaderElection.lambda$submitRequests$1(LeaderElection.java:238)
	at java.util.concurrent.FutureTask.run(FutureTask.java:266)
	at java.util.concurrent.Executors$RunnableAdapter.call(Executors.java:511)
	at java.util.concurrent.FutureTask.run(FutureTask.java:266)
	at java.util.concurrent.ThreadPoolExecutor.runWorker(ThreadPoolExecutor.java:1149)
	at java.util.concurrent.ThreadPoolExecutor$Worker.run(ThreadPoolExecutor.java:624)
	... 1 more
Caused by: org.apache.ratis.thirdparty.io.netty.channel.AbstractChannel$AnnotatedConnectException: Connection refused: /192.168.164.214:39644
	at sun.nio.ch.SocketChannelImpl.checkConnect(Native Method)
	at sun.nio.ch.SocketChannelImpl.finishConnect(SocketChannelImpl.java:717)
	at org.apache.ratis.thirdparty.io.netty.channel.socket.nio.NioSocketChannel.doFinishConnect(NioSocketChannel.java:327)
	at org.apache.ratis.thirdparty.io.netty.channel.nio.AbstractNioChannel$AbstractNioUnsafe.finishConnect(AbstractNioChannel.java:340)
	at org.apache.ratis.thirdparty.io.netty.channel.nio.NioEventLoop.processSelectedKey(NioEventLoop.java:632)
	at org.apache.ratis.thirdparty.io.netty.channel.nio.NioEventLoop.processSelectedKeysOptimized(NioEventLoop.java:579)
	at org.apache.ratis.thirdparty.io.netty.channel.nio.NioEventLoop.processSelectedKeys(NioEventLoop.java:496)
	at org.apache.ratis.thirdparty.io.netty.channel.nio.NioEventLoop.run(NioEventLoop.java:458)
	at org.apache.ratis.thirdparty.io.netty.util.concurrent.SingleThreadEventExecutor$5.run(SingleThreadEventExecutor.java:897)
	at org.apache.ratis.thirdparty.io.netty.util.concurrent.FastThreadLocalRunnable.run(FastThreadLocalRunnable.java:30)
	... 1 more
Caused by: java.net.ConnectException: Connection refused
	... 11 more
2019-10-14 09:23:40,195 [c6f466fb-6021-469a-9685-fe99611c8ad0@group-1311D66F9C25:LeaderElection248] INFO  impl.RaftServerImpl (RaftServerImpl.java:setRole(174)) - c6f466fb-6021-469a-9685-fe99611c8ad0@group-1311D66F9C25: changes role from CANDIDATE to FOLLOWER at term 2 for DISCOVERED_A_NEW_TERM
2019-10-14 09:23:40,196 [ff8cf76f-81bb-40fb-9266-fb490038af97@group-1311D66F9C25:LeaderElection249] INFO  impl.RaftServerImpl (RaftServerImpl.java:setRole(174)) - ff8cf76f-81bb-40fb-9266-fb490038af97@group-1311D66F9C25: changes role from CANDIDATE to FOLLOWER at term 2 for DISCOVERED_A_NEW_TERM
2019-10-14 09:23:40,196 [c6f466fb-6021-469a-9685-fe99611c8ad0@group-1311D66F9C25:LeaderElection248] INFO  impl.RoleInfo (RoleInfo.java:shutdownLeaderElection(134)) - c6f466fb-6021-469a-9685-fe99611c8ad0: shutdown LeaderElection
2019-10-14 09:23:40,196 [ff8cf76f-81bb-40fb-9266-fb490038af97@group-1311D66F9C25:LeaderElection249] INFO  impl.RoleInfo (RoleInfo.java:shutdownLeaderElection(134)) - ff8cf76f-81bb-40fb-9266-fb490038af97: shutdown LeaderElection
2019-10-14 09:23:40,196 [c6f466fb-6021-469a-9685-fe99611c8ad0@group-1311D66F9C25:LeaderElection248] INFO  impl.RoleInfo (RoleInfo.java:updateAndGet(143)) - c6f466fb-6021-469a-9685-fe99611c8ad0: start FollowerState
2019-10-14 09:23:40,196 [ff8cf76f-81bb-40fb-9266-fb490038af97@group-1311D66F9C25:LeaderElection249] INFO  impl.RoleInfo (RoleInfo.java:updateAndGet(143)) - ff8cf76f-81bb-40fb-9266-fb490038af97: start FollowerState
2019-10-14 09:23:40,250 [grpc-default-executor-5] WARN  server.GrpcLogAppender (LogUtils.java:warn(134)) - c6f466fb-6021-469a-9685-fe99611c8ad0@group-A18E834CDE80->cf77b951-1220-4844-8605-1ea68060b59b-AppendLogResponseHandler: Failed appendEntries: org.apache.ratis.thirdparty.io.grpc.StatusRuntimeException: UNAVAILABLE: io exception
2019-10-14 09:23:40,250 [grpc-default-executor-5] INFO  impl.FollowerInfo (FollowerInfo.java:lambda$new$0(51)) - c6f466fb-6021-469a-9685-fe99611c8ad0@group-A18E834CDE80->cf77b951-1220-4844-8605-1ea68060b59b: nextIndex: updateUnconditionally 0 -> 0
2019-10-14 09:23:42,242 [grpc-default-executor-4] WARN  server.GrpcLogAppender (LogUtils.java:warn(134)) - 03fab2fb-e7d4-4e78-a4c4-f6863ac12e1f@group-744AA81B7672->cf77b951-1220-4844-8605-1ea68060b59b-AppendLogResponseHandler: Failed appendEntries: org.apache.ratis.thirdparty.io.grpc.StatusRuntimeException: UNAVAILABLE: io exception
2019-10-14 09:23:42,243 [grpc-default-executor-4] INFO  impl.FollowerInfo (FollowerInfo.java:lambda$new$0(51)) - 03fab2fb-e7d4-4e78-a4c4-f6863ac12e1f@group-744AA81B7672->cf77b951-1220-4844-8605-1ea68060b59b: nextIndex: updateUnconditionally 0 -> 0
2019-10-14 09:23:42,751 [grpc-default-executor-14] WARN  server.GrpcLogAppender (LogUtils.java:warn(134)) - c6f466fb-6021-469a-9685-fe99611c8ad0@group-A18E834CDE80->cf77b951-1220-4844-8605-1ea68060b59b-AppendLogResponseHandler: Failed appendEntries: org.apache.ratis.thirdparty.io.grpc.StatusRuntimeException: UNAVAILABLE: io exception
2019-10-14 09:23:42,751 [grpc-default-executor-14] INFO  impl.FollowerInfo (FollowerInfo.java:lambda$new$0(51)) - c6f466fb-6021-469a-9685-fe99611c8ad0@group-A18E834CDE80->cf77b951-1220-4844-8605-1ea68060b59b: nextIndex: updateUnconditionally 0 -> 0
2019-10-14 09:23:44,186 [grpc-default-worker-ELG-3-4] WARN  nio.NioEventLoop (NioEventLoop.java:select(786)) - Selector.select() returned prematurely {} times in a row; rebuilding Selector {}.
2019-10-14 09:23:44,187 [grpc-default-worker-ELG-3-4] INFO  nio.NioEventLoop (NioEventLoop.java:rebuildSelector0(396)) - Migrated 5 channel(s) to the new Selector.
2019-10-14 09:23:44,743 [grpc-default-executor-5] WARN  server.GrpcLogAppender (LogUtils.java:warn(134)) - 03fab2fb-e7d4-4e78-a4c4-f6863ac12e1f@group-744AA81B7672->cf77b951-1220-4844-8605-1ea68060b59b-AppendLogResponseHandler: Failed appendEntries: org.apache.ratis.thirdparty.io.grpc.StatusRuntimeException: UNAVAILABLE: io exception
2019-10-14 09:23:44,743 [grpc-default-executor-5] INFO  impl.FollowerInfo (FollowerInfo.java:lambda$new$0(51)) - 03fab2fb-e7d4-4e78-a4c4-f6863ac12e1f@group-744AA81B7672->cf77b951-1220-4844-8605-1ea68060b59b: nextIndex: updateUnconditionally 0 -> 0
2019-10-14 09:23:45,251 [grpc-default-executor-5] WARN  server.GrpcLogAppender (LogUtils.java:warn(134)) - c6f466fb-6021-469a-9685-fe99611c8ad0@group-A18E834CDE80->cf77b951-1220-4844-8605-1ea68060b59b-AppendLogResponseHandler: Failed appendEntries: org.apache.ratis.thirdparty.io.grpc.StatusRuntimeException: UNAVAILABLE: io exception
2019-10-14 09:23:45,251 [grpc-default-executor-5] INFO  impl.FollowerInfo (FollowerInfo.java:lambda$new$0(51)) - c6f466fb-6021-469a-9685-fe99611c8ad0@group-A18E834CDE80->cf77b951-1220-4844-8605-1ea68060b59b: nextIndex: updateUnconditionally 0 -> 0
2019-10-14 09:23:45,313 [Thread-4542] INFO  impl.FollowerState (FollowerState.java:run(106)) - c6f466fb-6021-469a-9685-fe99611c8ad0:group-1311D66F9C25 changes to CANDIDATE, lastRpcTime:5117, electionTimeout:5117ms
2019-10-14 09:23:45,314 [Thread-4542] INFO  impl.RoleInfo (RoleInfo.java:shutdownFollowerState(121)) - c6f466fb-6021-469a-9685-fe99611c8ad0: shutdown FollowerState
2019-10-14 09:23:45,314 [Thread-4542] INFO  impl.RaftServerImpl (RaftServerImpl.java:setRole(174)) - c6f466fb-6021-469a-9685-fe99611c8ad0@group-1311D66F9C25: changes role from  FOLLOWER to CANDIDATE at term 2 for changeToCandidate
2019-10-14 09:23:45,314 [Thread-4542] INFO  impl.RoleInfo (RoleInfo.java:updateAndGet(143)) - c6f466fb-6021-469a-9685-fe99611c8ad0: start LeaderElection
2019-10-14 09:23:45,340 [c6f466fb-6021-469a-9685-fe99611c8ad0@group-1311D66F9C25:LeaderElection250] INFO  impl.LeaderElection (LeaderElection.java:askForVotes(182)) - c6f466fb-6021-469a-9685-fe99611c8ad0@group-1311D66F9C25:LeaderElection250: begin an election at term 3 for -1: [ff8cf76f-81bb-40fb-9266-fb490038af97:192.168.164.214:45617, c6f466fb-6021-469a-9685-fe99611c8ad0:192.168.164.214:41555, cf77b951-1220-4844-8605-1ea68060b59b:192.168.164.214:39644], old=null
2019-10-14 09:23:45,342 [grpc-default-executor-5] INFO  impl.RaftServerImpl (RaftServerImpl.java:setRole(174)) - ff8cf76f-81bb-40fb-9266-fb490038af97@group-1311D66F9C25: changes role from  FOLLOWER to FOLLOWER at term 3 for recognizeCandidate:c6f466fb-6021-469a-9685-fe99611c8ad0
2019-10-14 09:23:45,342 [grpc-default-executor-5] INFO  impl.RoleInfo (RoleInfo.java:shutdownFollowerState(121)) - ff8cf76f-81bb-40fb-9266-fb490038af97: shutdown FollowerState
2019-10-14 09:23:45,343 [c6f466fb-6021-469a-9685-fe99611c8ad0@group-1311D66F9C25:LeaderElection250] INFO  impl.LeaderElection (LogUtils.java:infoOrTrace(149)) - c6f466fb-6021-469a-9685-fe99611c8ad0@group-1311D66F9C25:LeaderElection250 got exception when requesting votes: {}
java.util.concurrent.ExecutionException: org.apache.ratis.thirdparty.io.grpc.StatusRuntimeException: UNAVAILABLE: io exception
	at java.util.concurrent.FutureTask.report(FutureTask.java:122)
	at java.util.concurrent.FutureTask.get(FutureTask.java:192)
	at org.apache.ratis.server.impl.LeaderElection.waitForResults(LeaderElection.java:263)
	at org.apache.ratis.server.impl.LeaderElection.askForVotes(LeaderElection.java:201)
	at org.apache.ratis.server.impl.LeaderElection.run(LeaderElection.java:133)
	at java.lang.Thread.run(Thread.java:748)
Caused by: org.apache.ratis.thirdparty.io.grpc.StatusRuntimeException: UNAVAILABLE: io exception
	at org.apache.ratis.thirdparty.io.grpc.stub.ClientCalls.toStatusRuntimeException(ClientCalls.java:233)
	at org.apache.ratis.thirdparty.io.grpc.stub.ClientCalls.getUnchecked(ClientCalls.java:214)
	at org.apache.ratis.thirdparty.io.grpc.stub.ClientCalls.blockingUnaryCall(ClientCalls.java:139)
	at org.apache.ratis.proto.grpc.RaftServerProtocolServiceGrpc$RaftServerProtocolServiceBlockingStub.requestVote(RaftServerProtocolServiceGrpc.java:265)
	at org.apache.ratis.grpc.server.GrpcServerProtocolClient.requestVote(GrpcServerProtocolClient.java:90)
	at org.apache.ratis.grpc.server.GrpcService.requestVote(GrpcService.java:204)
	at org.apache.ratis.server.impl.LeaderElection.lambda$submitRequests$1(LeaderElection.java:238)
	at java.util.concurrent.FutureTask.run(FutureTask.java:266)
	at java.util.concurrent.Executors$RunnableAdapter.call(Executors.java:511)
	at java.util.concurrent.FutureTask.run(FutureTask.java:266)
	at java.util.concurrent.ThreadPoolExecutor.runWorker(ThreadPoolExecutor.java:1149)
	at java.util.concurrent.ThreadPoolExecutor$Worker.run(ThreadPoolExecutor.java:624)
	... 1 more
Caused by: org.apache.ratis.thirdparty.io.netty.channel.AbstractChannel$AnnotatedConnectException: Connection refused: /192.168.164.214:39644
	at sun.nio.ch.SocketChannelImpl.checkConnect(Native Method)
	at sun.nio.ch.SocketChannelImpl.finishConnect(SocketChannelImpl.java:717)
	at org.apache.ratis.thirdparty.io.netty.channel.socket.nio.NioSocketChannel.doFinishConnect(NioSocketChannel.java:327)
	at org.apache.ratis.thirdparty.io.netty.channel.nio.AbstractNioChannel$AbstractNioUnsafe.finishConnect(AbstractNioChannel.java:340)
	at org.apache.ratis.thirdparty.io.netty.channel.nio.NioEventLoop.processSelectedKey(NioEventLoop.java:632)
	at org.apache.ratis.thirdparty.io.netty.channel.nio.NioEventLoop.processSelectedKeysOptimized(NioEventLoop.java:579)
	at org.apache.ratis.thirdparty.io.netty.channel.nio.NioEventLoop.processSelectedKeys(NioEventLoop.java:496)
	at org.apache.ratis.thirdparty.io.netty.channel.nio.NioEventLoop.run(NioEventLoop.java:458)
	at org.apache.ratis.thirdparty.io.netty.util.concurrent.SingleThreadEventExecutor$5.run(SingleThreadEventExecutor.java:897)
	at org.apache.ratis.thirdparty.io.netty.util.concurrent.FastThreadLocalRunnable.run(FastThreadLocalRunnable.java:30)
	... 1 more
Caused by: java.net.ConnectException: Connection refused
	... 11 more
2019-10-14 09:23:45,343 [Thread-4543] INFO  impl.FollowerState (FollowerState.java:run(115)) - ff8cf76f-81bb-40fb-9266-fb490038af97: FollowerState was interrupted: java.lang.InterruptedException: sleep interrupted
2019-10-14 09:23:45,343 [grpc-default-executor-5] INFO  impl.RoleInfo (RoleInfo.java:updateAndGet(143)) - ff8cf76f-81bb-40fb-9266-fb490038af97: start FollowerState
2019-10-14 09:23:45,367 [c6f466fb-6021-469a-9685-fe99611c8ad0@group-1311D66F9C25:LeaderElection250] INFO  impl.LeaderElection (LeaderElection.java:logAndReturn(56)) - c6f466fb-6021-469a-9685-fe99611c8ad0@group-1311D66F9C25:LeaderElection250: Election PASSED; received 1 response(s) [c6f466fb-6021-469a-9685-fe99611c8ad0<-ff8cf76f-81bb-40fb-9266-fb490038af97#0:OK-t3] and 1 exception(s); c6f466fb-6021-469a-9685-fe99611c8ad0@group-1311D66F9C25:t3, leader=null, voted=c6f466fb-6021-469a-9685-fe99611c8ad0, raftlog=c6f466fb-6021-469a-9685-fe99611c8ad0@group-1311D66F9C25-SegmentedRaftLog:OPENED:c-1,f-1,i0, conf=-1: [ff8cf76f-81bb-40fb-9266-fb490038af97:192.168.164.214:45617, c6f466fb-6021-469a-9685-fe99611c8ad0:192.168.164.214:41555, cf77b951-1220-4844-8605-1ea68060b59b:192.168.164.214:39644], old=null
2019-10-14 09:23:45,367 [c6f466fb-6021-469a-9685-fe99611c8ad0@group-1311D66F9C25:LeaderElection250] INFO  impl.LeaderElection (LogUtils.java:infoOrTrace(149)) -   Exception 0: {}
java.util.concurrent.ExecutionException: org.apache.ratis.thirdparty.io.grpc.StatusRuntimeException: UNAVAILABLE: io exception
	at java.util.concurrent.FutureTask.report(FutureTask.java:122)
	at java.util.concurrent.FutureTask.get(FutureTask.java:192)
	at org.apache.ratis.server.impl.LeaderElection.waitForResults(LeaderElection.java:263)
	at org.apache.ratis.server.impl.LeaderElection.askForVotes(LeaderElection.java:201)
	at org.apache.ratis.server.impl.LeaderElection.run(LeaderElection.java:133)
	at java.lang.Thread.run(Thread.java:748)
Caused by: org.apache.ratis.thirdparty.io.grpc.StatusRuntimeException: UNAVAILABLE: io exception
	at org.apache.ratis.thirdparty.io.grpc.stub.ClientCalls.toStatusRuntimeException(ClientCalls.java:233)
	at org.apache.ratis.thirdparty.io.grpc.stub.ClientCalls.getUnchecked(ClientCalls.java:214)
	at org.apache.ratis.thirdparty.io.grpc.stub.ClientCalls.blockingUnaryCall(ClientCalls.java:139)
	at org.apache.ratis.proto.grpc.RaftServerProtocolServiceGrpc$RaftServerProtocolServiceBlockingStub.requestVote(RaftServerProtocolServiceGrpc.java:265)
	at org.apache.ratis.grpc.server.GrpcServerProtocolClient.requestVote(GrpcServerProtocolClient.java:90)
	at org.apache.ratis.grpc.server.GrpcService.requestVote(GrpcService.java:204)
	at org.apache.ratis.server.impl.LeaderElection.lambda$submitRequests$1(LeaderElection.java:238)
	at java.util.concurrent.FutureTask.run(FutureTask.java:266)
	at java.util.concurrent.Executors$RunnableAdapter.call(Executors.java:511)
	at java.util.concurrent.FutureTask.run(FutureTask.java:266)
	at java.util.concurrent.ThreadPoolExecutor.runWorker(ThreadPoolExecutor.java:1149)
	at java.util.concurrent.ThreadPoolExecutor$Worker.run(ThreadPoolExecutor.java:624)
	... 1 more
Caused by: org.apache.ratis.thirdparty.io.netty.channel.AbstractChannel$AnnotatedConnectException: Connection refused: /192.168.164.214:39644
	at sun.nio.ch.SocketChannelImpl.checkConnect(Native Method)
	at sun.nio.ch.SocketChannelImpl.finishConnect(SocketChannelImpl.java:717)
	at org.apache.ratis.thirdparty.io.netty.channel.socket.nio.NioSocketChannel.doFinishConnect(NioSocketChannel.java:327)
	at org.apache.ratis.thirdparty.io.netty.channel.nio.AbstractNioChannel$AbstractNioUnsafe.finishConnect(AbstractNioChannel.java:340)
	at org.apache.ratis.thirdparty.io.netty.channel.nio.NioEventLoop.processSelectedKey(NioEventLoop.java:632)
	at org.apache.ratis.thirdparty.io.netty.channel.nio.NioEventLoop.processSelectedKeysOptimized(NioEventLoop.java:579)
	at org.apache.ratis.thirdparty.io.netty.channel.nio.NioEventLoop.processSelectedKeys(NioEventLoop.java:496)
	at org.apache.ratis.thirdparty.io.netty.channel.nio.NioEventLoop.run(NioEventLoop.java:458)
	at org.apache.ratis.thirdparty.io.netty.util.concurrent.SingleThreadEventExecutor$5.run(SingleThreadEventExecutor.java:897)
	at org.apache.ratis.thirdparty.io.netty.util.concurrent.FastThreadLocalRunnable.run(FastThreadLocalRunnable.java:30)
	... 1 more
Caused by: java.net.ConnectException: Connection refused
	... 11 more
2019-10-14 09:23:45,367 [c6f466fb-6021-469a-9685-fe99611c8ad0@group-1311D66F9C25:LeaderElection250] INFO  impl.RoleInfo (RoleInfo.java:shutdownLeaderElection(134)) - c6f466fb-6021-469a-9685-fe99611c8ad0: shutdown LeaderElection
2019-10-14 09:23:45,367 [c6f466fb-6021-469a-9685-fe99611c8ad0@group-1311D66F9C25:LeaderElection250] INFO  impl.RaftServerImpl (RaftServerImpl.java:setRole(174)) - c6f466fb-6021-469a-9685-fe99611c8ad0@group-1311D66F9C25: changes role from CANDIDATE to LEADER at term 3 for changeToLeader
2019-10-14 09:23:45,367 [c6f466fb-6021-469a-9685-fe99611c8ad0@group-1311D66F9C25:LeaderElection250] INFO  impl.RaftServerImpl (ServerState.java:setLeader(253)) - c6f466fb-6021-469a-9685-fe99611c8ad0@group-1311D66F9C25: change Leader from null to c6f466fb-6021-469a-9685-fe99611c8ad0 at term 3 for becomeLeader, leader elected after 15445ms
2019-10-14 09:23:45,367 [c6f466fb-6021-469a-9685-fe99611c8ad0@group-1311D66F9C25:LeaderElection250] INFO  server.RaftServerConfigKeys (ConfUtils.java:logGet(43)) - raft.server.staging.catchup.gap = 1000 (default)
2019-10-14 09:23:45,367 [c6f466fb-6021-469a-9685-fe99611c8ad0@group-1311D66F9C25:LeaderElection250] INFO  server.RaftServerConfigKeys (ConfUtils.java:logGet(43)) - raft.server.rpc.sleep.time = 25ms (default)
2019-10-14 09:23:45,368 [c6f466fb-6021-469a-9685-fe99611c8ad0@group-1311D66F9C25:LeaderElection250] INFO  server.RaftServerConfigKeys (ConfUtils.java:logGet(43)) - raft.server.write.element-limit = 4096 (default)
2019-10-14 09:23:45,368 [c6f466fb-6021-469a-9685-fe99611c8ad0@group-1311D66F9C25:LeaderElection250] INFO  server.RaftServerConfigKeys (ConfUtils.java:logGet(43)) - raft.server.watch.timeout = 10s (default)
2019-10-14 09:23:45,368 [c6f466fb-6021-469a-9685-fe99611c8ad0@group-1311D66F9C25:LeaderElection250] INFO  server.RaftServerConfigKeys (ConfUtils.java:logGet(43)) - raft.server.watch.timeout.denomination = 1s (default)
2019-10-14 09:23:45,368 [c6f466fb-6021-469a-9685-fe99611c8ad0@group-1311D66F9C25:LeaderElection250] INFO  server.RaftServerConfigKeys (ConfUtils.java:logGet(43)) - raft.server.watch.element-limit = 65536 (default)
2019-10-14 09:23:45,369 [c6f466fb-6021-469a-9685-fe99611c8ad0@group-1311D66F9C25:LeaderElection250] INFO  server.RaftServerConfigKeys (ConfUtils.java:logGet(43)) - raft.server.log.appender.snapshot.chunk.size.max = 16MB (=16777216) (default)
2019-10-14 09:23:45,369 [c6f466fb-6021-469a-9685-fe99611c8ad0@group-1311D66F9C25:LeaderElection250] INFO  server.RaftServerConfigKeys (ConfUtils.java:logGet(43)) - raft.server.log.appender.buffer.byte-limit = 33554432 (custom)
2019-10-14 09:23:45,370 [c6f466fb-6021-469a-9685-fe99611c8ad0@group-1311D66F9C25:LeaderElection250] INFO  server.RaftServerConfigKeys (ConfUtils.java:logGet(43)) - raft.server.log.appender.buffer.element-limit = 1 (custom)
2019-10-14 09:23:45,370 [c6f466fb-6021-469a-9685-fe99611c8ad0@group-1311D66F9C25:LeaderElection250] INFO  grpc.GrpcConfigKeys$Server (ConfUtils.java:logGet(43)) - raft.grpc.server.leader.outstanding.appends.max = 128 (default)
2019-10-14 09:23:45,370 [c6f466fb-6021-469a-9685-fe99611c8ad0@group-1311D66F9C25:LeaderElection250] INFO  server.RaftServerConfigKeys (ConfUtils.java:logGet(43)) - raft.server.rpc.request.timeout = 3000ms (default)
2019-10-14 09:23:45,370 [c6f466fb-6021-469a-9685-fe99611c8ad0@group-1311D66F9C25:LeaderElection250] INFO  server.RaftServerConfigKeys (ConfUtils.java:logGet(43)) - raft.server.log.appender.install.snapshot.enabled = false (custom)
2019-10-14 09:23:45,370 [c6f466fb-6021-469a-9685-fe99611c8ad0@group-1311D66F9C25:LeaderElection250] INFO  server.RaftServerConfigKeys (ConfUtils.java:logGet(43)) - raft.server.log.appender.snapshot.chunk.size.max = 16MB (=16777216) (default)
2019-10-14 09:23:45,370 [c6f466fb-6021-469a-9685-fe99611c8ad0@group-1311D66F9C25:LeaderElection250] INFO  server.RaftServerConfigKeys (ConfUtils.java:logGet(43)) - raft.server.log.appender.buffer.byte-limit = 33554432 (custom)
2019-10-14 09:23:45,370 [c6f466fb-6021-469a-9685-fe99611c8ad0@group-1311D66F9C25:LeaderElection250] INFO  server.RaftServerConfigKeys (ConfUtils.java:logGet(43)) - raft.server.log.appender.buffer.element-limit = 1 (custom)
2019-10-14 09:23:45,370 [c6f466fb-6021-469a-9685-fe99611c8ad0@group-1311D66F9C25:LeaderElection250] INFO  grpc.GrpcConfigKeys$Server (ConfUtils.java:logGet(43)) - raft.grpc.server.leader.outstanding.appends.max = 128 (default)
2019-10-14 09:23:45,371 [c6f466fb-6021-469a-9685-fe99611c8ad0@group-1311D66F9C25:LeaderElection250] INFO  server.RaftServerConfigKeys (ConfUtils.java:logGet(43)) - raft.server.rpc.request.timeout = 3000ms (default)
2019-10-14 09:23:45,371 [c6f466fb-6021-469a-9685-fe99611c8ad0@group-1311D66F9C25:LeaderElection250] INFO  server.RaftServerConfigKeys (ConfUtils.java:logGet(43)) - raft.server.log.appender.install.snapshot.enabled = false (custom)
2019-10-14 09:23:45,371 [c6f466fb-6021-469a-9685-fe99611c8ad0@group-1311D66F9C25:LeaderElection250] INFO  impl.RoleInfo (RoleInfo.java:updateAndGet(143)) - c6f466fb-6021-469a-9685-fe99611c8ad0: start LeaderState
2019-10-14 09:23:45,371 [c6f466fb-6021-469a-9685-fe99611c8ad0@group-1311D66F9C25:LeaderElection250] INFO  segmented.SegmentedRaftLogWorker (SegmentedRaftLogWorker.java:startLogSegment(380)) - c6f466fb-6021-469a-9685-fe99611c8ad0@group-1311D66F9C25-SegmentedRaftLogWorker: Starting segment from index:0
2019-10-14 09:23:45,372 [c6f466fb-6021-469a-9685-fe99611c8ad0@group-1311D66F9C25:LeaderElection250] INFO  impl.RaftServerImpl (ServerState.java:setRaftConf(354)) - c6f466fb-6021-469a-9685-fe99611c8ad0@group-1311D66F9C25: set configuration 0: [ff8cf76f-81bb-40fb-9266-fb490038af97:192.168.164.214:45617, c6f466fb-6021-469a-9685-fe99611c8ad0:192.168.164.214:41555, cf77b951-1220-4844-8605-1ea68060b59b:192.168.164.214:39644], old=null at 0
2019-10-14 09:23:45,372 [grpc-default-executor-5] WARN  server.GrpcLogAppender (LogUtils.java:warn(134)) - c6f466fb-6021-469a-9685-fe99611c8ad0@group-1311D66F9C25->cf77b951-1220-4844-8605-1ea68060b59b-AppendLogResponseHandler: Failed appendEntries: org.apache.ratis.thirdparty.io.grpc.StatusRuntimeException: UNAVAILABLE: io exception
2019-10-14 09:23:45,372 [grpc-default-executor-5] INFO  impl.FollowerInfo (FollowerInfo.java:lambda$new$0(51)) - c6f466fb-6021-469a-9685-fe99611c8ad0@group-1311D66F9C25->cf77b951-1220-4844-8605-1ea68060b59b: nextIndex: updateUnconditionally 0 -> 0
2019-10-14 09:23:45,372 [grpc-default-executor-5] INFO  impl.RaftServerImpl (ServerState.java:setLeader(253)) - ff8cf76f-81bb-40fb-9266-fb490038af97@group-1311D66F9C25: change Leader from null to c6f466fb-6021-469a-9685-fe99611c8ad0 at term 3 for appendEntries, leader elected after 15451ms
2019-10-14 09:23:45,374 [grpc-default-executor-5] INFO  impl.RaftServerImpl (ServerState.java:setRaftConf(354)) - ff8cf76f-81bb-40fb-9266-fb490038af97@group-1311D66F9C25: set configuration 0: [ff8cf76f-81bb-40fb-9266-fb490038af97:192.168.164.214:45617, c6f466fb-6021-469a-9685-fe99611c8ad0:192.168.164.214:41555, cf77b951-1220-4844-8605-1ea68060b59b:192.168.164.214:39644], old=null at 0
2019-10-14 09:23:45,374 [grpc-default-executor-5] INFO  segmented.SegmentedRaftLogWorker (SegmentedRaftLogWorker.java:startLogSegment(380)) - ff8cf76f-81bb-40fb-9266-fb490038af97@group-1311D66F9C25-SegmentedRaftLogWorker: Starting segment from index:0
2019-10-14 09:23:45,421 [ff8cf76f-81bb-40fb-9266-fb490038af97@group-1311D66F9C25-SegmentedRaftLogWorker] INFO  segmented.SegmentedRaftLogWorker (SegmentedRaftLogWorker.java:execute(569)) - ff8cf76f-81bb-40fb-9266-fb490038af97@group-1311D66F9C25-SegmentedRaftLogWorker: created new log segment /workdir/hadoop-ozone/integration-test/target/test-dir/MiniOzoneClusterImpl-404eb741-03bf-48e0-a9fb-0e06e39ca081/datanode-5/data/ratis/5a5528a3-98fc-4355-85c3-1311d66f9c25/current/log_inprogress_0
2019-10-14 09:23:45,421 [c6f466fb-6021-469a-9685-fe99611c8ad0@group-1311D66F9C25-SegmentedRaftLogWorker] INFO  segmented.SegmentedRaftLogWorker (SegmentedRaftLogWorker.java:execute(569)) - c6f466fb-6021-469a-9685-fe99611c8ad0@group-1311D66F9C25-SegmentedRaftLogWorker: created new log segment /workdir/hadoop-ozone/integration-test/target/test-dir/MiniOzoneClusterImpl-404eb741-03bf-48e0-a9fb-0e06e39ca081/datanode-6/data/ratis/5a5528a3-98fc-4355-85c3-1311d66f9c25/current/log_inprogress_0
2019-10-14 09:23:45,434 [grpc-default-executor-14] WARN  server.GrpcLogAppender (LogUtils.java:warn(134)) - c6f466fb-6021-469a-9685-fe99611c8ad0@group-1311D66F9C25->cf77b951-1220-4844-8605-1ea68060b59b-AppendLogResponseHandler: Failed appendEntries: org.apache.ratis.thirdparty.io.grpc.StatusRuntimeException: UNAVAILABLE: io exception
2019-10-14 09:23:45,434 [grpc-default-executor-14] INFO  impl.FollowerInfo (FollowerInfo.java:lambda$new$0(51)) - c6f466fb-6021-469a-9685-fe99611c8ad0@group-1311D66F9C25->cf77b951-1220-4844-8605-1ea68060b59b: nextIndex: updateUnconditionally 1 -> 0
2019-10-14 09:23:46,624 [Socket Reader #1 for port 46696] WARN  ipc.Server (Server.java:readAndProcess(2076)) - Incorrect header or version mismatch from 192.168.164.214:53348 got version 42 expected version 9
2019-10-14 09:23:47,243 [grpc-default-executor-14] WARN  server.GrpcLogAppender (LogUtils.java:warn(134)) - 03fab2fb-e7d4-4e78-a4c4-f6863ac12e1f@group-744AA81B7672->cf77b951-1220-4844-8605-1ea68060b59b-AppendLogResponseHandler: Failed appendEntries: org.apache.ratis.thirdparty.io.grpc.StatusRuntimeException: UNAVAILABLE: io exception
2019-10-14 09:23:47,243 [grpc-default-executor-14] INFO  impl.FollowerInfo (FollowerInfo.java:lambda$new$0(51)) - 03fab2fb-e7d4-4e78-a4c4-f6863ac12e1f@group-744AA81B7672->cf77b951-1220-4844-8605-1ea68060b59b: nextIndex: updateUnconditionally 0 -> 0
2019-10-14 09:23:47,752 [grpc-default-executor-14] WARN  server.GrpcLogAppender (LogUtils.java:warn(134)) - c6f466fb-6021-469a-9685-fe99611c8ad0@group-A18E834CDE80->cf77b951-1220-4844-8605-1ea68060b59b-AppendLogResponseHandler: Failed appendEntries: org.apache.ratis.thirdparty.io.grpc.StatusRuntimeException: UNAVAILABLE: io exception
2019-10-14 09:23:47,752 [grpc-default-executor-14] INFO  impl.FollowerInfo (FollowerInfo.java:lambda$new$0(51)) - c6f466fb-6021-469a-9685-fe99611c8ad0@group-A18E834CDE80->cf77b951-1220-4844-8605-1ea68060b59b: nextIndex: updateUnconditionally 0 -> 0
2019-10-14 09:23:47,935 [grpc-default-executor-14] WARN  server.GrpcLogAppender (LogUtils.java:warn(134)) - c6f466fb-6021-469a-9685-fe99611c8ad0@group-1311D66F9C25->cf77b951-1220-4844-8605-1ea68060b59b-AppendLogResponseHandler: Failed appendEntries: org.apache.ratis.thirdparty.io.grpc.StatusRuntimeException: UNAVAILABLE: io exception
2019-10-14 09:23:47,935 [grpc-default-executor-14] INFO  impl.FollowerInfo (FollowerInfo.java:lambda$new$0(51)) - c6f466fb-6021-469a-9685-fe99611c8ad0@group-1311D66F9C25->cf77b951-1220-4844-8605-1ea68060b59b: nextIndex: updateUnconditionally 0 -> 0
2019-10-14 09:23:49,735 [Thread-4362] INFO  impl.FollowerState (FollowerState.java:run(106)) - 866eb045-3bfb-47dc-a4c6-3505e598a7c3:group-D2D7F11C67B7 changes to CANDIDATE, lastRpcTime:10014, electionTimeout:5090ms
2019-10-14 09:23:49,736 [Thread-4362] INFO  impl.RoleInfo (RoleInfo.java:shutdownFollowerState(121)) - 866eb045-3bfb-47dc-a4c6-3505e598a7c3: shutdown FollowerState
2019-10-14 09:23:49,736 [Thread-4362] INFO  impl.RaftServerImpl (RaftServerImpl.java:setRole(174)) - 866eb045-3bfb-47dc-a4c6-3505e598a7c3@group-D2D7F11C67B7: changes role from  FOLLOWER to CANDIDATE at term 1 for changeToCandidate
2019-10-14 09:23:49,736 [Thread-4362] INFO  impl.RoleInfo (RoleInfo.java:updateAndGet(143)) - 866eb045-3bfb-47dc-a4c6-3505e598a7c3: start LeaderElection
2019-10-14 09:23:49,737 [866eb045-3bfb-47dc-a4c6-3505e598a7c3@group-D2D7F11C67B7:LeaderElection251] INFO  impl.RaftServerImpl (ServerState.java:setLeader(253)) - 866eb045-3bfb-47dc-a4c6-3505e598a7c3@group-D2D7F11C67B7: change Leader from cf77b951-1220-4844-8605-1ea68060b59b to null at term 1 for initElection
2019-10-14 09:23:49,743 [grpc-default-executor-14] WARN  server.GrpcLogAppender (LogUtils.java:warn(134)) - 03fab2fb-e7d4-4e78-a4c4-f6863ac12e1f@group-744AA81B7672->cf77b951-1220-4844-8605-1ea68060b59b-AppendLogResponseHandler: Failed appendEntries: org.apache.ratis.thirdparty.io.grpc.StatusRuntimeException: UNAVAILABLE: io exception
2019-10-14 09:23:49,744 [grpc-default-executor-14] INFO  impl.FollowerInfo (FollowerInfo.java:lambda$new$0(51)) - 03fab2fb-e7d4-4e78-a4c4-f6863ac12e1f@group-744AA81B7672->cf77b951-1220-4844-8605-1ea68060b59b: nextIndex: updateUnconditionally 0 -> 0
2019-10-14 09:23:49,788 [Thread-4363] INFO  impl.FollowerState (FollowerState.java:run(106)) - 65e356af-3b1f-43b6-88fa-b0df542a6460:group-D2D7F11C67B7 changes to CANDIDATE, lastRpcTime:10063, electionTimeout:5028ms
2019-10-14 09:23:49,788 [Thread-4363] INFO  impl.RoleInfo (RoleInfo.java:shutdownFollowerState(121)) - 65e356af-3b1f-43b6-88fa-b0df542a6460: shutdown FollowerState
2019-10-14 09:23:49,788 [Thread-4363] INFO  impl.RaftServerImpl (RaftServerImpl.java:setRole(174)) - 65e356af-3b1f-43b6-88fa-b0df542a6460@group-D2D7F11C67B7: changes role from  FOLLOWER to CANDIDATE at term 1 for changeToCandidate
2019-10-14 09:23:49,788 [Thread-4363] INFO  impl.RoleInfo (RoleInfo.java:updateAndGet(143)) - 65e356af-3b1f-43b6-88fa-b0df542a6460: start LeaderElection
2019-10-14 09:23:49,789 [65e356af-3b1f-43b6-88fa-b0df542a6460@group-D2D7F11C67B7:LeaderElection252] INFO  impl.RaftServerImpl (ServerState.java:setLeader(253)) - 65e356af-3b1f-43b6-88fa-b0df542a6460@group-D2D7F11C67B7: change Leader from cf77b951-1220-4844-8605-1ea68060b59b to null at term 1 for initElection
2019-10-14 09:23:49,883 [866eb045-3bfb-47dc-a4c6-3505e598a7c3@group-D2D7F11C67B7:LeaderElection251] INFO  impl.LeaderElection (LeaderElection.java:askForVotes(182)) - 866eb045-3bfb-47dc-a4c6-3505e598a7c3@group-D2D7F11C67B7:LeaderElection251: begin an election at term 2 for 0: [65e356af-3b1f-43b6-88fa-b0df542a6460:192.168.164.214:38206, 866eb045-3bfb-47dc-a4c6-3505e598a7c3:192.168.164.214:38008, cf77b951-1220-4844-8605-1ea68060b59b:192.168.164.214:39644], old=null
2019-10-14 09:23:49,887 [866eb045-3bfb-47dc-a4c6-3505e598a7c3@group-D2D7F11C67B7:LeaderElection251] INFO  impl.LeaderElection (LogUtils.java:infoOrTrace(149)) - 866eb045-3bfb-47dc-a4c6-3505e598a7c3@group-D2D7F11C67B7:LeaderElection251 got exception when requesting votes: {}
java.util.concurrent.ExecutionException: org.apache.ratis.thirdparty.io.grpc.StatusRuntimeException: UNAVAILABLE: io exception
	at java.util.concurrent.FutureTask.report(FutureTask.java:122)
	at java.util.concurrent.FutureTask.get(FutureTask.java:192)
	at org.apache.ratis.server.impl.LeaderElection.waitForResults(LeaderElection.java:263)
	at org.apache.ratis.server.impl.LeaderElection.askForVotes(LeaderElection.java:201)
	at org.apache.ratis.server.impl.LeaderElection.run(LeaderElection.java:133)
	at java.lang.Thread.run(Thread.java:748)
Caused by: org.apache.ratis.thirdparty.io.grpc.StatusRuntimeException: UNAVAILABLE: io exception
	at org.apache.ratis.thirdparty.io.grpc.stub.ClientCalls.toStatusRuntimeException(ClientCalls.java:233)
	at org.apache.ratis.thirdparty.io.grpc.stub.ClientCalls.getUnchecked(ClientCalls.java:214)
	at org.apache.ratis.thirdparty.io.grpc.stub.ClientCalls.blockingUnaryCall(ClientCalls.java:139)
	at org.apache.ratis.proto.grpc.RaftServerProtocolServiceGrpc$RaftServerProtocolServiceBlockingStub.requestVote(RaftServerProtocolServiceGrpc.java:265)
	at org.apache.ratis.grpc.server.GrpcServerProtocolClient.requestVote(GrpcServerProtocolClient.java:90)
	at org.apache.ratis.grpc.server.GrpcService.requestVote(GrpcService.java:204)
	at org.apache.ratis.server.impl.LeaderElection.lambda$submitRequests$1(LeaderElection.java:238)
	at java.util.concurrent.FutureTask.run(FutureTask.java:266)
	at java.util.concurrent.Executors$RunnableAdapter.call(Executors.java:511)
	at java.util.concurrent.FutureTask.run(FutureTask.java:266)
	at java.util.concurrent.ThreadPoolExecutor.runWorker(ThreadPoolExecutor.java:1149)
	at java.util.concurrent.ThreadPoolExecutor$Worker.run(ThreadPoolExecutor.java:624)
	... 1 more
Caused by: org.apache.ratis.thirdparty.io.netty.channel.AbstractChannel$AnnotatedConnectException: Connection refused: /192.168.164.214:39644
	at sun.nio.ch.SocketChannelImpl.checkConnect(Native Method)
	at sun.nio.ch.SocketChannelImpl.finishConnect(SocketChannelImpl.java:717)
	at org.apache.ratis.thirdparty.io.netty.channel.socket.nio.NioSocketChannel.doFinishConnect(NioSocketChannel.java:327)
	at org.apache.ratis.thirdparty.io.netty.channel.nio.AbstractNioChannel$AbstractNioUnsafe.finishConnect(AbstractNioChannel.java:340)
	at org.apache.ratis.thirdparty.io.netty.channel.nio.NioEventLoop.processSelectedKey(NioEventLoop.java:632)
	at org.apache.ratis.thirdparty.io.netty.channel.nio.NioEventLoop.processSelectedKeysOptimized(NioEventLoop.java:579)
	at org.apache.ratis.thirdparty.io.netty.channel.nio.NioEventLoop.processSelectedKeys(NioEventLoop.java:496)
	at org.apache.ratis.thirdparty.io.netty.channel.nio.NioEventLoop.run(NioEventLoop.java:458)
	at org.apache.ratis.thirdparty.io.netty.util.concurrent.SingleThreadEventExecutor$5.run(SingleThreadEventExecutor.java:897)
	at org.apache.ratis.thirdparty.io.netty.util.concurrent.FastThreadLocalRunnable.run(FastThreadLocalRunnable.java:30)
	... 1 more
Caused by: java.net.ConnectException: Connection refused
	... 11 more
2019-10-14 09:23:49,899 [65e356af-3b1f-43b6-88fa-b0df542a6460@group-D2D7F11C67B7:LeaderElection252] INFO  impl.LeaderElection (LeaderElection.java:askForVotes(182)) - 65e356af-3b1f-43b6-88fa-b0df542a6460@group-D2D7F11C67B7:LeaderElection252: begin an election at term 2 for 0: [65e356af-3b1f-43b6-88fa-b0df542a6460:192.168.164.214:38206, 866eb045-3bfb-47dc-a4c6-3505e598a7c3:192.168.164.214:38008, cf77b951-1220-4844-8605-1ea68060b59b:192.168.164.214:39644], old=null
2019-10-14 09:23:49,900 [866eb045-3bfb-47dc-a4c6-3505e598a7c3@group-D2D7F11C67B7:LeaderElection251] INFO  impl.LeaderElection (LeaderElection.java:logAndReturn(56)) - 866eb045-3bfb-47dc-a4c6-3505e598a7c3@group-D2D7F11C67B7:LeaderElection251: Election REJECTED; received 1 response(s) [866eb045-3bfb-47dc-a4c6-3505e598a7c3<-65e356af-3b1f-43b6-88fa-b0df542a6460#0:FAIL-t2] and 1 exception(s); 866eb045-3bfb-47dc-a4c6-3505e598a7c3@group-D2D7F11C67B7:t2, leader=null, voted=866eb045-3bfb-47dc-a4c6-3505e598a7c3, raftlog=866eb045-3bfb-47dc-a4c6-3505e598a7c3@group-D2D7F11C67B7-SegmentedRaftLog:OPENED:c2,f2,i2, conf=0: [65e356af-3b1f-43b6-88fa-b0df542a6460:192.168.164.214:38206, 866eb045-3bfb-47dc-a4c6-3505e598a7c3:192.168.164.214:38008, cf77b951-1220-4844-8605-1ea68060b59b:192.168.164.214:39644], old=null
2019-10-14 09:23:49,900 [866eb045-3bfb-47dc-a4c6-3505e598a7c3@group-D2D7F11C67B7:LeaderElection251] INFO  impl.LeaderElection (LogUtils.java:infoOrTrace(149)) -   Exception 0: {}
java.util.concurrent.ExecutionException: org.apache.ratis.thirdparty.io.grpc.StatusRuntimeException: UNAVAILABLE: io exception
	at java.util.concurrent.FutureTask.report(FutureTask.java:122)
	at java.util.concurrent.FutureTask.get(FutureTask.java:192)
	at org.apache.ratis.server.impl.LeaderElection.waitForResults(LeaderElection.java:263)
	at org.apache.ratis.server.impl.LeaderElection.askForVotes(LeaderElection.java:201)
	at org.apache.ratis.server.impl.LeaderElection.run(LeaderElection.java:133)
	at java.lang.Thread.run(Thread.java:748)
Caused by: org.apache.ratis.thirdparty.io.grpc.StatusRuntimeException: UNAVAILABLE: io exception
	at org.apache.ratis.thirdparty.io.grpc.stub.ClientCalls.toStatusRuntimeException(ClientCalls.java:233)
	at org.apache.ratis.thirdparty.io.grpc.stub.ClientCalls.getUnchecked(ClientCalls.java:214)
	at org.apache.ratis.thirdparty.io.grpc.stub.ClientCalls.blockingUnaryCall(ClientCalls.java:139)
	at org.apache.ratis.proto.grpc.RaftServerProtocolServiceGrpc$RaftServerProtocolServiceBlockingStub.requestVote(RaftServerProtocolServiceGrpc.java:265)
	at org.apache.ratis.grpc.server.GrpcServerProtocolClient.requestVote(GrpcServerProtocolClient.java:90)
	at org.apache.ratis.grpc.server.GrpcService.requestVote(GrpcService.java:204)
	at org.apache.ratis.server.impl.LeaderElection.lambda$submitRequests$1(LeaderElection.java:238)
	at java.util.concurrent.FutureTask.run(FutureTask.java:266)
	at java.util.concurrent.Executors$RunnableAdapter.call(Executors.java:511)
	at java.util.concurrent.FutureTask.run(FutureTask.java:266)
	at java.util.concurrent.ThreadPoolExecutor.runWorker(ThreadPoolExecutor.java:1149)
	at java.util.concurrent.ThreadPoolExecutor$Worker.run(ThreadPoolExecutor.java:624)
	... 1 more
Caused by: org.apache.ratis.thirdparty.io.netty.channel.AbstractChannel$AnnotatedConnectException: Connection refused: /192.168.164.214:39644
	at sun.nio.ch.SocketChannelImpl.checkConnect(Native Method)
	at sun.nio.ch.SocketChannelImpl.finishConnect(SocketChannelImpl.java:717)
	at org.apache.ratis.thirdparty.io.netty.channel.socket.nio.NioSocketChannel.doFinishConnect(NioSocketChannel.java:327)
	at org.apache.ratis.thirdparty.io.netty.channel.nio.AbstractNioChannel$AbstractNioUnsafe.finishConnect(AbstractNioChannel.java:340)
	at org.apache.ratis.thirdparty.io.netty.channel.nio.NioEventLoop.processSelectedKey(NioEventLoop.java:632)
	at org.apache.ratis.thirdparty.io.netty.channel.nio.NioEventLoop.processSelectedKeysOptimized(NioEventLoop.java:579)
	at org.apache.ratis.thirdparty.io.netty.channel.nio.NioEventLoop.processSelectedKeys(NioEventLoop.java:496)
	at org.apache.ratis.thirdparty.io.netty.channel.nio.NioEventLoop.run(NioEventLoop.java:458)
	at org.apache.ratis.thirdparty.io.netty.util.concurrent.SingleThreadEventExecutor$5.run(SingleThreadEventExecutor.java:897)
	at org.apache.ratis.thirdparty.io.netty.util.concurrent.FastThreadLocalRunnable.run(FastThreadLocalRunnable.java:30)
	... 1 more
Caused by: java.net.ConnectException: Connection refused
	... 11 more
2019-10-14 09:23:49,901 [866eb045-3bfb-47dc-a4c6-3505e598a7c3@group-D2D7F11C67B7:LeaderElection251] INFO  impl.RaftServerImpl (RaftServerImpl.java:setRole(174)) - 866eb045-3bfb-47dc-a4c6-3505e598a7c3@group-D2D7F11C67B7: changes role from CANDIDATE to FOLLOWER at term 2 for DISCOVERED_A_NEW_TERM
2019-10-14 09:23:49,901 [65e356af-3b1f-43b6-88fa-b0df542a6460@group-D2D7F11C67B7:LeaderElection252] INFO  impl.LeaderElection (LogUtils.java:infoOrTrace(149)) - 65e356af-3b1f-43b6-88fa-b0df542a6460@group-D2D7F11C67B7:LeaderElection252 got exception when requesting votes: {}
java.util.concurrent.ExecutionException: org.apache.ratis.thirdparty.io.grpc.StatusRuntimeException: UNAVAILABLE: io exception
	at java.util.concurrent.FutureTask.report(FutureTask.java:122)
	at java.util.concurrent.FutureTask.get(FutureTask.java:192)
	at org.apache.ratis.server.impl.LeaderElection.waitForResults(LeaderElection.java:263)
	at org.apache.ratis.server.impl.LeaderElection.askForVotes(LeaderElection.java:201)
	at org.apache.ratis.server.impl.LeaderElection.run(LeaderElection.java:133)
	at java.lang.Thread.run(Thread.java:748)
Caused by: org.apache.ratis.thirdparty.io.grpc.StatusRuntimeException: UNAVAILABLE: io exception
	at org.apache.ratis.thirdparty.io.grpc.stub.ClientCalls.toStatusRuntimeException(ClientCalls.java:233)
	at org.apache.ratis.thirdparty.io.grpc.stub.ClientCalls.getUnchecked(ClientCalls.java:214)
	at org.apache.ratis.thirdparty.io.grpc.stub.ClientCalls.blockingUnaryCall(ClientCalls.java:139)
	at org.apache.ratis.proto.grpc.RaftServerProtocolServiceGrpc$RaftServerProtocolServiceBlockingStub.requestVote(RaftServerProtocolServiceGrpc.java:265)
	at org.apache.ratis.grpc.server.GrpcServerProtocolClient.requestVote(GrpcServerProtocolClient.java:90)
	at org.apache.ratis.grpc.server.GrpcService.requestVote(GrpcService.java:204)
	at org.apache.ratis.server.impl.LeaderElection.lambda$submitRequests$1(LeaderElection.java:238)
	at java.util.concurrent.FutureTask.run(FutureTask.java:266)
	at java.util.concurrent.Executors$RunnableAdapter.call(Executors.java:511)
	at java.util.concurrent.FutureTask.run(FutureTask.java:266)
	at java.util.concurrent.ThreadPoolExecutor.runWorker(ThreadPoolExecutor.java:1149)
	at java.util.concurrent.ThreadPoolExecutor$Worker.run(ThreadPoolExecutor.java:624)
	... 1 more
Caused by: org.apache.ratis.thirdparty.io.netty.channel.AbstractChannel$AnnotatedConnectException: Connection refused: /192.168.164.214:39644
	at sun.nio.ch.SocketChannelImpl.checkConnect(Native Method)
	at sun.nio.ch.SocketChannelImpl.finishConnect(SocketChannelImpl.java:717)
	at org.apache.ratis.thirdparty.io.netty.channel.socket.nio.NioSocketChannel.doFinishConnect(NioSocketChannel.java:327)
	at org.apache.ratis.thirdparty.io.netty.channel.nio.AbstractNioChannel$AbstractNioUnsafe.finishConnect(AbstractNioChannel.java:340)
	at org.apache.ratis.thirdparty.io.netty.channel.nio.NioEventLoop.processSelectedKey(NioEventLoop.java:632)
	at org.apache.ratis.thirdparty.io.netty.channel.nio.NioEventLoop.processSelectedKeysOptimized(NioEventLoop.java:579)
	at org.apache.ratis.thirdparty.io.netty.channel.nio.NioEventLoop.processSelectedKeys(NioEventLoop.java:496)
	at org.apache.ratis.thirdparty.io.netty.channel.nio.NioEventLoop.run(NioEventLoop.java:458)
	at org.apache.ratis.thirdparty.io.netty.util.concurrent.SingleThreadEventExecutor$5.run(SingleThreadEventExecutor.java:897)
	at org.apache.ratis.thirdparty.io.netty.util.concurrent.FastThreadLocalRunnable.run(FastThreadLocalRunnable.java:30)
	... 1 more
Caused by: java.net.ConnectException: Connection refused
	... 11 more
2019-10-14 09:23:49,901 [866eb045-3bfb-47dc-a4c6-3505e598a7c3@group-D2D7F11C67B7:LeaderElection251] INFO  impl.RoleInfo (RoleInfo.java:shutdownLeaderElection(134)) - 866eb045-3bfb-47dc-a4c6-3505e598a7c3: shutdown LeaderElection
2019-10-14 09:23:49,902 [866eb045-3bfb-47dc-a4c6-3505e598a7c3@group-D2D7F11C67B7:LeaderElection251] INFO  impl.RoleInfo (RoleInfo.java:updateAndGet(143)) - 866eb045-3bfb-47dc-a4c6-3505e598a7c3: start FollowerState
2019-10-14 09:23:49,903 [65e356af-3b1f-43b6-88fa-b0df542a6460@group-D2D7F11C67B7:LeaderElection252] INFO  impl.LeaderElection (LeaderElection.java:logAndReturn(56)) - 65e356af-3b1f-43b6-88fa-b0df542a6460@group-D2D7F11C67B7:LeaderElection252: Election REJECTED; received 1 response(s) [65e356af-3b1f-43b6-88fa-b0df542a6460<-866eb045-3bfb-47dc-a4c6-3505e598a7c3#0:FAIL-t2] and 1 exception(s); 65e356af-3b1f-43b6-88fa-b0df542a6460@group-D2D7F11C67B7:t2, leader=null, voted=65e356af-3b1f-43b6-88fa-b0df542a6460, raftlog=65e356af-3b1f-43b6-88fa-b0df542a6460@group-D2D7F11C67B7-SegmentedRaftLog:OPENED:c2,f2,i2, conf=0: [65e356af-3b1f-43b6-88fa-b0df542a6460:192.168.164.214:38206, 866eb045-3bfb-47dc-a4c6-3505e598a7c3:192.168.164.214:38008, cf77b951-1220-4844-8605-1ea68060b59b:192.168.164.214:39644], old=null
2019-10-14 09:23:49,903 [65e356af-3b1f-43b6-88fa-b0df542a6460@group-D2D7F11C67B7:LeaderElection252] INFO  impl.LeaderElection (LogUtils.java:infoOrTrace(149)) -   Exception 0: {}
java.util.concurrent.ExecutionException: org.apache.ratis.thirdparty.io.grpc.StatusRuntimeException: UNAVAILABLE: io exception
	at java.util.concurrent.FutureTask.report(FutureTask.java:122)
	at java.util.concurrent.FutureTask.get(FutureTask.java:192)
	at org.apache.ratis.server.impl.LeaderElection.waitForResults(LeaderElection.java:263)
	at org.apache.ratis.server.impl.LeaderElection.askForVotes(LeaderElection.java:201)
	at org.apache.ratis.server.impl.LeaderElection.run(LeaderElection.java:133)
	at java.lang.Thread.run(Thread.java:748)
Caused by: org.apache.ratis.thirdparty.io.grpc.StatusRuntimeException: UNAVAILABLE: io exception
	at org.apache.ratis.thirdparty.io.grpc.stub.ClientCalls.toStatusRuntimeException(ClientCalls.java:233)
	at org.apache.ratis.thirdparty.io.grpc.stub.ClientCalls.getUnchecked(ClientCalls.java:214)
	at org.apache.ratis.thirdparty.io.grpc.stub.ClientCalls.blockingUnaryCall(ClientCalls.java:139)
	at org.apache.ratis.proto.grpc.RaftServerProtocolServiceGrpc$RaftServerProtocolServiceBlockingStub.requestVote(RaftServerProtocolServiceGrpc.java:265)
	at org.apache.ratis.grpc.server.GrpcServerProtocolClient.requestVote(GrpcServerProtocolClient.java:90)
	at org.apache.ratis.grpc.server.GrpcService.requestVote(GrpcService.java:204)
	at org.apache.ratis.server.impl.LeaderElection.lambda$submitRequests$1(LeaderElection.java:238)
	at java.util.concurrent.FutureTask.run(FutureTask.java:266)
	at java.util.concurrent.Executors$RunnableAdapter.call(Executors.java:511)
	at java.util.concurrent.FutureTask.run(FutureTask.java:266)
	at java.util.concurrent.ThreadPoolExecutor.runWorker(ThreadPoolExecutor.java:1149)
	at java.util.concurrent.ThreadPoolExecutor$Worker.run(ThreadPoolExecutor.java:624)
	... 1 more
Caused by: org.apache.ratis.thirdparty.io.netty.channel.AbstractChannel$AnnotatedConnectException: Connection refused: /192.168.164.214:39644
	at sun.nio.ch.SocketChannelImpl.checkConnect(Native Method)
	at sun.nio.ch.SocketChannelImpl.finishConnect(SocketChannelImpl.java:717)
	at org.apache.ratis.thirdparty.io.netty.channel.socket.nio.NioSocketChannel.doFinishConnect(NioSocketChannel.java:327)
	at org.apache.ratis.thirdparty.io.netty.channel.nio.AbstractNioChannel$AbstractNioUnsafe.finishConnect(AbstractNioChannel.java:340)
	at org.apache.ratis.thirdparty.io.netty.channel.nio.NioEventLoop.processSelectedKey(NioEventLoop.java:632)
	at org.apache.ratis.thirdparty.io.netty.channel.nio.NioEventLoop.processSelectedKeysOptimized(NioEventLoop.java:579)
	at org.apache.ratis.thirdparty.io.netty.channel.nio.NioEventLoop.processSelectedKeys(NioEventLoop.java:496)
	at org.apache.ratis.thirdparty.io.netty.channel.nio.NioEventLoop.run(NioEventLoop.java:458)
	at org.apache.ratis.thirdparty.io.netty.util.concurrent.SingleThreadEventExecutor$5.run(SingleThreadEventExecutor.java:897)
	at org.apache.ratis.thirdparty.io.netty.util.concurrent.FastThreadLocalRunnable.run(FastThreadLocalRunnable.java:30)
	... 1 more
Caused by: java.net.ConnectException: Connection refused
	... 11 more
2019-10-14 09:23:49,903 [65e356af-3b1f-43b6-88fa-b0df542a6460@group-D2D7F11C67B7:LeaderElection252] INFO  impl.RaftServerImpl (RaftServerImpl.java:setRole(174)) - 65e356af-3b1f-43b6-88fa-b0df542a6460@group-D2D7F11C67B7: changes role from CANDIDATE to FOLLOWER at term 2 for DISCOVERED_A_NEW_TERM
2019-10-14 09:23:49,903 [65e356af-3b1f-43b6-88fa-b0df542a6460@group-D2D7F11C67B7:LeaderElection252] INFO  impl.RoleInfo (RoleInfo.java:shutdownLeaderElection(134)) - 65e356af-3b1f-43b6-88fa-b0df542a6460: shutdown LeaderElection
2019-10-14 09:23:49,903 [65e356af-3b1f-43b6-88fa-b0df542a6460@group-D2D7F11C67B7:LeaderElection252] INFO  impl.RoleInfo (RoleInfo.java:updateAndGet(143)) - 65e356af-3b1f-43b6-88fa-b0df542a6460: start FollowerState
2019-10-14 09:23:50,258 [grpc-default-executor-4] WARN  server.GrpcLogAppender (LogUtils.java:warn(134)) - c6f466fb-6021-469a-9685-fe99611c8ad0@group-A18E834CDE80->cf77b951-1220-4844-8605-1ea68060b59b-AppendLogResponseHandler: Failed appendEntries: org.apache.ratis.thirdparty.io.grpc.StatusRuntimeException: UNAVAILABLE: io exception
2019-10-14 09:23:50,259 [grpc-default-executor-4] INFO  impl.FollowerInfo (FollowerInfo.java:lambda$new$0(51)) - c6f466fb-6021-469a-9685-fe99611c8ad0@group-A18E834CDE80->cf77b951-1220-4844-8605-1ea68060b59b: nextIndex: updateUnconditionally 0 -> 0
2019-10-14 09:23:50,435 [grpc-default-executor-5] WARN  server.GrpcLogAppender (LogUtils.java:warn(134)) - c6f466fb-6021-469a-9685-fe99611c8ad0@group-1311D66F9C25->cf77b951-1220-4844-8605-1ea68060b59b-AppendLogResponseHandler: Failed appendEntries: org.apache.ratis.thirdparty.io.grpc.StatusRuntimeException: UNAVAILABLE: io exception
2019-10-14 09:23:50,436 [grpc-default-executor-5] INFO  impl.FollowerInfo (FollowerInfo.java:lambda$new$0(51)) - c6f466fb-6021-469a-9685-fe99611c8ad0@group-1311D66F9C25->cf77b951-1220-4844-8605-1ea68060b59b: nextIndex: updateUnconditionally 0 -> 0
]]></system-out>
    <system-err><![CDATA[Oct 14, 2019 9:23:40 AM org.apache.ratis.thirdparty.io.grpc.internal.SerializingExecutor run
SEVERE: Exception while executing runnable org.apache.ratis.thirdparty.io.grpc.internal.ServerImpl$JumpToApplicationThreadServerStreamListener$1Closed@68eca054
org.apache.ratis.thirdparty.io.grpc.StatusRuntimeException: CANCELLED: call already cancelled
	at org.apache.ratis.thirdparty.io.grpc.Status.asRuntimeException(Status.java:517)
	at org.apache.ratis.thirdparty.io.grpc.stub.ServerCalls$ServerCallStreamObserverImpl.onCompleted(ServerCalls.java:356)
	at org.apache.ratis.grpc.server.GrpcServerProtocolService$ServerRequestStreamObserver.onError(GrpcServerProtocolService.java:121)
	at org.apache.ratis.thirdparty.io.grpc.stub.ServerCalls$StreamingServerCallHandler$StreamingServerCallListener.onCancel(ServerCalls.java:269)
	at org.apache.ratis.thirdparty.io.grpc.internal.ServerCallImpl$ServerStreamListenerImpl.closed(ServerCallImpl.java:293)
	at org.apache.ratis.thirdparty.io.grpc.internal.ServerImpl$JumpToApplicationThreadServerStreamListener$1Closed.runInContext(ServerImpl.java:741)
	at org.apache.ratis.thirdparty.io.grpc.internal.ContextRunnable.run(ContextRunnable.java:37)
	at org.apache.ratis.thirdparty.io.grpc.internal.SerializingExecutor.run(SerializingExecutor.java:123)
	at java.util.concurrent.ThreadPoolExecutor.runWorker(ThreadPoolExecutor.java:1149)
	at java.util.concurrent.ThreadPoolExecutor$Worker.run(ThreadPoolExecutor.java:624)
	at java.lang.Thread.run(Thread.java:748)

Oct 14, 2019 9:23:40 AM org.apache.ratis.thirdparty.io.grpc.internal.SerializingExecutor run
SEVERE: Exception while executing runnable org.apache.ratis.thirdparty.io.grpc.internal.ServerImpl$JumpToApplicationThreadServerStreamListener$1Closed@239d9428
org.apache.ratis.thirdparty.io.grpc.StatusRuntimeException: CANCELLED: call already cancelled
	at org.apache.ratis.thirdparty.io.grpc.Status.asRuntimeException(Status.java:517)
	at org.apache.ratis.thirdparty.io.grpc.stub.ServerCalls$ServerCallStreamObserverImpl.onCompleted(ServerCalls.java:356)
	at org.apache.ratis.grpc.server.GrpcServerProtocolService$ServerRequestStreamObserver.onError(GrpcServerProtocolService.java:121)
	at org.apache.ratis.thirdparty.io.grpc.stub.ServerCalls$StreamingServerCallHandler$StreamingServerCallListener.onCancel(ServerCalls.java:269)
	at org.apache.ratis.thirdparty.io.grpc.internal.ServerCallImpl$ServerStreamListenerImpl.closed(ServerCallImpl.java:293)
	at org.apache.ratis.thirdparty.io.grpc.internal.ServerImpl$JumpToApplicationThreadServerStreamListener$1Closed.runInContext(ServerImpl.java:741)
	at org.apache.ratis.thirdparty.io.grpc.internal.ContextRunnable.run(ContextRunnable.java:37)
	at org.apache.ratis.thirdparty.io.grpc.internal.SerializingExecutor.run(SerializingExecutor.java:123)
	at java.util.concurrent.ThreadPoolExecutor.runWorker(ThreadPoolExecutor.java:1149)
	at java.util.concurrent.ThreadPoolExecutor$Worker.run(ThreadPoolExecutor.java:624)
	at java.lang.Thread.run(Thread.java:748)

]]></system-err>
  </testcase>
</testsuite>