<?xml version="1.0" encoding="UTF-8"?>
<testsuite xmlns:xsi="http://www.w3.org/2001/XMLSchema-instance" xsi:noNamespaceSchemaLocation="https://maven.apache.org/surefire/maven-surefire-plugin/xsd/surefire-test-report.xsd" name="org.apache.hadoop.ozone.client.rpc.TestBlockOutputStreamWithFailures" time="760.922" tests="8" errors="0" skipped="0" failures="1">
  <properties>
    <property name="awt.toolkit" value="sun.awt.X11.XToolkit"/>
    <property name="file.encoding.pkg" value="sun.io"/>
    <property name="java.specification.version" value="1.8"/>
    <property name="sun.cpu.isalist" value=""/>
    <property name="sun.jnu.encoding" value="UTF-8"/>
    <property name="java.class.path" value="/workdir/hadoop-ozone/integration-test/target/test-classes:/workdir/hadoop-ozone/integration-test/target/classes:/home/user/.m2/repository/org/apache/hadoop/hadoop-ozone-common/0.5.0-SNAPSHOT/hadoop-ozone-common-0.5.0-SNAPSHOT.jar:/home/user/.m2/repository/org/apache/commons/commons-compress/1.4.1/commons-compress-1.4.1.jar:/home/user/.m2/repository/org/tukaani/xz/1.0/xz-1.0.jar:/home/user/.m2/repository/org/apache/hadoop/hadoop-common/3.2.0/hadoop-common-3.2.0.jar:/home/user/.m2/repository/org/apache/hadoop/hadoop-hdfs/3.2.0/hadoop-hdfs-3.2.0.jar:/home/user/.m2/repository/org/apache/hadoop/hadoop-hdfs-client/3.2.0/hadoop-hdfs-client-3.2.0.jar:/home/user/.m2/repository/com/fasterxml/jackson/core/jackson-annotations/2.9.9/jackson-annotations-2.9.9.jar:/home/user/.m2/repository/org/apache/hadoop/hadoop-hdds-common/0.5.0-SNAPSHOT/hadoop-hdds-common-0.5.0-SNAPSHOT.jar:/home/user/.m2/repository/javax/annotation/javax.annotation-api/1.2/javax.annotation-api-1.2.jar:/home/user/.m2/repository/org/apache/ratis/ratis-server/0.4.0/ratis-server-0.4.0.jar:/home/user/.m2/repository/org/apache/ratis/ratis-thirdparty-misc/0.2.0/ratis-thirdparty-misc-0.2.0.jar:/home/user/.m2/repository/org/apache/ratis/ratis-proto/0.4.0/ratis-proto-0.4.0.jar:/home/user/.m2/repository/org/apache/ratis/ratis-common/0.4.0/ratis-common-0.4.0.jar:/home/user/.m2/repository/org/apache/ratis/ratis-client/0.4.0/ratis-client-0.4.0.jar:/home/user/.m2/repository/org/apache/ratis/ratis-metrics/0.4.0/ratis-metrics-0.4.0.jar:/home/user/.m2/repository/com/github/joshelser/dropwizard-metrics-hadoop-metrics2-reporter/0.1.2/dropwizard-metrics-hadoop-metrics2-reporter-0.1.2.jar:/home/user/.m2/repository/io/dropwizard/metrics/metrics-jvm/3.2.5/metrics-jvm-3.2.5.jar:/home/user/.m2/repository/io/dropwizard/metrics/metrics-ganglia/3.2.5/metrics-ganglia-3.2.5.jar:/home/user/.m2/repository/info/ganglia/gmetric4j/gmetric4j/1.0.7/gmetric4j-1.0.7.jar:/home/user/.m2/repository/org/apache/ratis/ratis-netty/0.4.0/ratis-netty-0.4.0.jar:/home/user/.m2/repository/org/apache/ratis/ratis-grpc/0.4.0/ratis-grpc-0.4.0.jar:/home/user/.m2/repository/org/rocksdb/rocksdbjni/6.0.1/rocksdbjni-6.0.1.jar:/home/user/.m2/repository/org/apache/logging/log4j/log4j-api/2.11.0/log4j-api-2.11.0.jar:/home/user/.m2/repository/org/apache/logging/log4j/log4j-core/2.11.0/log4j-core-2.11.0.jar:/home/user/.m2/repository/com/lmax/disruptor/3.4.2/disruptor-3.4.2.jar:/home/user/.m2/repository/org/apache/commons/commons-pool2/2.6.0/commons-pool2-2.6.0.jar:/home/user/.m2/repository/org/bouncycastle/bcpkix-jdk15on/1.60/bcpkix-jdk15on-1.60.jar:/home/user/.m2/repository/commons-validator/commons-validator/1.6/commons-validator-1.6.jar:/home/user/.m2/repository/commons-digester/commons-digester/1.8.1/commons-digester-1.8.1.jar:/home/user/.m2/repository/io/jaegertracing/jaeger-client/0.34.0/jaeger-client-0.34.0.jar:/home/user/.m2/repository/io/jaegertracing/jaeger-thrift/0.34.0/jaeger-thrift-0.34.0.jar:/home/user/.m2/repository/org/apache/thrift/libthrift/0.12.0/libthrift-0.12.0.jar:/home/user/.m2/repository/com/squareup/okhttp3/okhttp/3.9.0/okhttp-3.9.0.jar:/home/user/.m2/repository/com/squareup/okio/okio/1.13.0/okio-1.13.0.jar:/home/user/.m2/repository/io/jaegertracing/jaeger-core/0.34.0/jaeger-core-0.34.0.jar:/home/user/.m2/repository/io/jaegertracing/jaeger-tracerresolver/0.34.0/jaeger-tracerresolver-0.34.0.jar:/home/user/.m2/repository/io/opentracing/contrib/opentracing-tracerresolver/0.1.5/opentracing-tracerresolver-0.1.5.jar:/home/user/.m2/repository/io/opentracing/opentracing-util/0.31.0/opentracing-util-0.31.0.jar:/home/user/.m2/repository/io/opentracing/opentracing-api/0.31.0/opentracing-api-0.31.0.jar:/home/user/.m2/repository/io/opentracing/opentracing-noop/0.31.0/opentracing-noop-0.31.0.jar:/home/user/.m2/repository/org/apache/hadoop/hadoop-hdds-server-framework/0.5.0-SNAPSHOT/hadoop-hdds-server-framework-0.5.0-SNAPSHOT.jar:/home/user/.m2/repository/org/apache/hadoop/hadoop-hdds-container-service/0.5.0-SNAPSHOT/hadoop-hdds-container-service-0.5.0-SNAPSHOT.jar:/home/user/.m2/repository/org/apache/hadoop/hadoop-hdds-client/0.5.0-SNAPSHOT/hadoop-hdds-client-0.5.0-SNAPSHOT.jar:/home/user/.m2/repository/org/apache/hadoop/hadoop-hdds-tools/0.5.0-SNAPSHOT/hadoop-hdds-tools-0.5.0-SNAPSHOT.jar:/home/user/.m2/repository/org/apache/hadoop/hadoop-hdds-server-scm/0.5.0-SNAPSHOT/hadoop-hdds-server-scm-0.5.0-SNAPSHOT.jar:/home/user/.m2/repository/org/apache/hadoop/hadoop-hdds-docs/0.5.0-SNAPSHOT/hadoop-hdds-docs-0.5.0-SNAPSHOT.jar:/home/user/.m2/repository/io/dropwizard/metrics/metrics-core/3.2.4/metrics-core-3.2.4.jar:/home/user/.m2/repository/org/hamcrest/hamcrest-all/1.3/hamcrest-all-1.3.jar:/home/user/.m2/repository/org/bouncycastle/bcprov-jdk15on/1.60/bcprov-jdk15on-1.60.jar:/home/user/.m2/repository/info/picocli/picocli/3.9.6/picocli-3.9.6.jar:/home/user/.m2/repository/com/google/protobuf/protobuf-java/2.5.0/protobuf-java-2.5.0.jar:/home/user/.m2/repository/com/google/guava/guava/11.0.2/guava-11.0.2.jar:/home/user/.m2/repository/org/apache/hadoop/hadoop-ozone-ozone-manager/0.5.0-SNAPSHOT/hadoop-ozone-ozone-manager-0.5.0-SNAPSHOT.jar:/home/user/.m2/repository/org/apache/hadoop/hadoop-minikdc/3.2.0/hadoop-minikdc-3.2.0.jar:/home/user/.m2/repository/commons-io/commons-io/2.5/commons-io-2.5.jar:/home/user/.m2/repository/org/apache/kerby/kerb-simplekdc/1.0.1/kerb-simplekdc-1.0.1.jar:/home/user/.m2/repository/org/apache/kerby/kerb-client/1.0.1/kerb-client-1.0.1.jar:/home/user/.m2/repository/org/apache/kerby/kerby-config/1.0.1/kerby-config-1.0.1.jar:/home/user/.m2/repository/org/apache/kerby/kerb-core/1.0.1/kerb-core-1.0.1.jar:/home/user/.m2/repository/org/apache/kerby/kerby-pkix/1.0.1/kerby-pkix-1.0.1.jar:/home/user/.m2/repository/org/apache/kerby/kerby-asn1/1.0.1/kerby-asn1-1.0.1.jar:/home/user/.m2/repository/org/apache/kerby/kerby-util/1.0.1/kerby-util-1.0.1.jar:/home/user/.m2/repository/org/apache/kerby/kerb-common/1.0.1/kerb-common-1.0.1.jar:/home/user/.m2/repository/org/apache/kerby/kerb-crypto/1.0.1/kerb-crypto-1.0.1.jar:/home/user/.m2/repository/org/apache/kerby/kerb-util/1.0.1/kerb-util-1.0.1.jar:/home/user/.m2/repository/org/apache/kerby/token-provider/1.0.1/token-provider-1.0.1.jar:/home/user/.m2/repository/org/apache/kerby/kerb-admin/1.0.1/kerb-admin-1.0.1.jar:/home/user/.m2/repository/org/apache/kerby/kerb-server/1.0.1/kerb-server-1.0.1.jar:/home/user/.m2/repository/org/apache/kerby/kerb-identity/1.0.1/kerb-identity-1.0.1.jar:/home/user/.m2/repository/org/apache/kerby/kerby-xdr/1.0.1/kerby-xdr-1.0.1.jar:/home/user/.m2/repository/org/slf4j/slf4j-log4j12/1.7.25/slf4j-log4j12-1.7.25.jar:/home/user/.m2/repository/org/apache/hadoop/hadoop-ozone-s3gateway/0.5.0-SNAPSHOT/hadoop-ozone-s3gateway-0.5.0-SNAPSHOT.jar:/home/user/.m2/repository/org/jboss/weld/servlet/weld-servlet/2.4.7.Final/weld-servlet-2.4.7.Final.jar:/home/user/.m2/repository/org/glassfish/jersey/containers/jersey-container-servlet-core/2.27/jersey-container-servlet-core-2.27.jar:/home/user/.m2/repository/org/glassfish/hk2/external/javax.inject/2.5.0-b42/javax.inject-2.5.0-b42.jar:/home/user/.m2/repository/org/glassfish/jersey/core/jersey-common/2.27/jersey-common-2.27.jar:/home/user/.m2/repository/org/glassfish/hk2/osgi-resource-locator/1.0.1/osgi-resource-locator-1.0.1.jar:/home/user/.m2/repository/javax/ws/rs/javax.ws.rs-api/2.1/javax.ws.rs-api-2.1.jar:/home/user/.m2/repository/org/glassfish/jersey/ext/cdi/jersey-cdi1x/2.27/jersey-cdi1x-2.27.jar:/home/user/.m2/repository/org/glassfish/jersey/inject/jersey-hk2/2.27/jersey-hk2-2.27.jar:/home/user/.m2/repository/org/glassfish/hk2/hk2-locator/2.5.0-b42/hk2-locator-2.5.0-b42.jar:/home/user/.m2/repository/org/javassist/javassist/3.22.0-CR2/javassist-3.22.0-CR2.jar:/home/user/.m2/repository/org/glassfish/hk2/hk2-api/2.5.0/hk2-api-2.5.0.jar:/home/user/.m2/repository/org/glassfish/hk2/external/jakarta.inject/2.5.0/jakarta.inject-2.5.0.jar:/home/user/.m2/repository/org/glassfish/hk2/hk2-utils/2.5.0/hk2-utils-2.5.0.jar:/home/user/.m2/repository/jakarta/annotation/jakarta.annotation-api/1.3.4/jakarta.annotation-api-1.3.4.jar:/home/user/.m2/repository/org/glassfish/hk2/external/aopalliance-repackaged/2.5.0/aopalliance-repackaged-2.5.0.jar:/home/user/.m2/repository/com/fasterxml/jackson/dataformat/jackson-dataformat-xml/2.9.0/jackson-dataformat-xml-2.9.0.jar:/home/user/.m2/repository/com/fasterxml/jackson/core/jackson-core/2.9.9/jackson-core-2.9.9.jar:/home/user/.m2/repository/com/fasterxml/jackson/module/jackson-module-jaxb-annotations/2.9.9/jackson-module-jaxb-annotations-2.9.9.jar:/home/user/.m2/repository/javax/enterprise/cdi-api/1.2/cdi-api-1.2.jar:/home/user/.m2/repository/javax/el/javax.el-api/3.0.0/javax.el-api-3.0.0.jar:/home/user/.m2/repository/javax/interceptor/javax.interceptor-api/1.2/javax.interceptor-api-1.2.jar:/home/user/.m2/repository/javax/inject/javax.inject/1/javax.inject-1.jar:/home/user/.m2/repository/com/sun/xml/bind/jaxb-impl/2.3.0.1/jaxb-impl-2.3.0.1.jar:/home/user/.m2/repository/com/sun/xml/bind/jaxb-core/2.3.0.1/jaxb-core-2.3.0.1.jar:/home/user/.m2/repository/javax/xml/bind/jaxb-api/2.3.0/jaxb-api-2.3.0.jar:/home/user/.m2/repository/javax/activation/activation/1.1.1/activation-1.1.1.jar:/home/user/.m2/repository/org/apache/hadoop/hadoop-ozone-csi/0.5.0-SNAPSHOT/hadoop-ozone-csi-0.5.0-SNAPSHOT.jar:/home/user/.m2/repository/com/google/protobuf/protobuf-java-util/3.5.1/protobuf-java-util-3.5.1.jar:/home/user/.m2/repository/org/apache/hadoop/hadoop-hdds-config/0.5.0-SNAPSHOT/hadoop-hdds-config-0.5.0-SNAPSHOT.jar:/home/user/.m2/repository/io/grpc/grpc-netty/1.17.1/grpc-netty-1.17.1.jar:/home/user/.m2/repository/io/grpc/grpc-core/1.17.1/grpc-core-1.17.1.jar:/home/user/.m2/repository/io/grpc/grpc-context/1.17.1/grpc-context-1.17.1.jar:/home/user/.m2/repository/com/google/errorprone/error_prone_annotations/2.2.0/error_prone_annotations-2.2.0.jar:/home/user/.m2/repository/org/codehaus/mojo/animal-sniffer-annotations/1.17/animal-sniffer-annotations-1.17.jar:/home/user/.m2/repository/io/opencensus/opencensus-api/0.17.0/opencensus-api-0.17.0.jar:/home/user/.m2/repository/io/opencensus/opencensus-contrib-grpc-metrics/0.17.0/opencensus-contrib-grpc-metrics-0.17.0.jar:/home/user/.m2/repository/io/netty/netty-codec-http2/4.1.30.Final/netty-codec-http2-4.1.30.Final.jar:/home/user/.m2/repository/io/netty/netty-codec-http/4.1.30.Final/netty-codec-http-4.1.30.Final.jar:/home/user/.m2/repository/io/netty/netty-codec/4.1.30.Final/netty-codec-4.1.30.Final.jar:/home/user/.m2/repository/io/netty/netty-handler/4.1.30.Final/netty-handler-4.1.30.Final.jar:/home/user/.m2/repository/io/netty/netty-handler-proxy/4.1.30.Final/netty-handler-proxy-4.1.30.Final.jar:/home/user/.m2/repository/io/netty/netty-codec-socks/4.1.30.Final/netty-codec-socks-4.1.30.Final.jar:/home/user/.m2/repository/io/netty/netty-transport-native-epoll/4.1.30.Final/netty-transport-native-epoll-4.1.30.Final.jar:/home/user/.m2/repository/io/netty/netty-common/4.1.30.Final/netty-common-4.1.30.Final.jar:/home/user/.m2/repository/io/netty/netty-buffer/4.1.30.Final/netty-buffer-4.1.30.Final.jar:/home/user/.m2/repository/io/netty/netty-transport/4.1.30.Final/netty-transport-4.1.30.Final.jar:/home/user/.m2/repository/io/netty/netty-resolver/4.1.30.Final/netty-resolver-4.1.30.Final.jar:/home/user/.m2/repository/io/netty/netty-transport-native-unix-common/4.1.30.Final/netty-transport-native-unix-common-4.1.30.Final.jar:/home/user/.m2/repository/io/grpc/grpc-protobuf/1.17.1/grpc-protobuf-1.17.1.jar:/home/user/.m2/repository/com/google/api/grpc/proto-google-common-protos/1.0.0/proto-google-common-protos-1.0.0.jar:/home/user/.m2/repository/io/grpc/grpc-protobuf-lite/1.17.1/grpc-protobuf-lite-1.17.1.jar:/home/user/.m2/repository/io/grpc/grpc-stub/1.17.1/grpc-stub-1.17.1.jar:/home/user/.m2/repository/org/apache/hadoop/hadoop-ozone-recon/0.5.0-SNAPSHOT/hadoop-ozone-recon-0.5.0-SNAPSHOT.jar:/home/user/.m2/repository/org/apache/hadoop/hadoop-ozone-reconcodegen/0.5.0-SNAPSHOT/hadoop-ozone-reconcodegen-0.5.0-SNAPSHOT.jar:/home/user/.m2/repository/com/google/inject/extensions/guice-multibindings/4.0/guice-multibindings-4.0.jar:/home/user/.m2/repository/com/google/inject/guice/4.0/guice-4.0.jar:/home/user/.m2/repository/aopalliance/aopalliance/1.0/aopalliance-1.0.jar:/home/user/.m2/repository/com/google/inject/extensions/guice-servlet/4.0/guice-servlet-4.0.jar:/home/user/.m2/repository/org/glassfish/jersey/containers/jersey-container-servlet/2.27/jersey-container-servlet-2.27.jar:/home/user/.m2/repository/org/glassfish/hk2/guice-bridge/2.5.0/guice-bridge-2.5.0.jar:/home/user/.m2/repository/org/glassfish/jersey/core/jersey-server/2.27/jersey-server-2.27.jar:/home/user/.m2/repository/org/glassfish/jersey/core/jersey-client/2.27/jersey-client-2.27.jar:/home/user/.m2/repository/org/glassfish/jersey/media/jersey-media-jaxb/2.27/jersey-media-jaxb-2.27.jar:/home/user/.m2/repository/javax/validation/validation-api/1.1.0.Final/validation-api-1.1.0.Final.jar:/home/user/.m2/repository/org/glassfish/jersey/media/jersey-media-json-jackson/2.27/jersey-media-json-jackson-2.27.jar:/home/user/.m2/repository/org/glassfish/jersey/ext/jersey-entity-filtering/2.27/jersey-entity-filtering-2.27.jar:/home/user/.m2/repository/com/google/inject/extensions/guice-assistedinject/4.0/guice-assistedinject-4.0.jar:/home/user/.m2/repository/org/jooq/jooq/3.11.10/jooq-3.11.10.jar:/home/user/.m2/repository/org/jooq/jooq-meta/3.11.10/jooq-meta-3.11.10.jar:/home/user/.m2/repository/org/jooq/jooq-codegen/3.11.10/jooq-codegen-3.11.10.jar:/home/user/.m2/repository/com/jolbox/bonecp/0.8.0.RELEASE/bonecp-0.8.0.RELEASE.jar:/home/user/.m2/repository/org/xerial/sqlite-jdbc/3.25.2/sqlite-jdbc-3.25.2.jar:/home/user/.m2/repository/org/springframework/spring-jdbc/5.1.3.RELEASE/spring-jdbc-5.1.3.RELEASE.jar:/home/user/.m2/repository/org/springframework/spring-beans/5.1.3.RELEASE/spring-beans-5.1.3.RELEASE.jar:/home/user/.m2/repository/org/springframework/spring-core/5.1.3.RELEASE/spring-core-5.1.3.RELEASE.jar:/home/user/.m2/repository/org/springframework/spring-jcl/5.1.3.RELEASE/spring-jcl-5.1.3.RELEASE.jar:/home/user/.m2/repository/org/springframework/spring-tx/5.1.3.RELEASE/spring-tx-5.1.3.RELEASE.jar:/home/user/.m2/repository/org/apache/hadoop/hadoop-ozone-client/0.5.0-SNAPSHOT/hadoop-ozone-client-0.5.0-SNAPSHOT.jar:/home/user/.m2/repository/commons-lang/commons-lang/2.6/commons-lang-2.6.jar:/home/user/.m2/repository/org/apache/hadoop/hadoop-ozone-ozone-manager/0.5.0-SNAPSHOT/hadoop-ozone-ozone-manager-0.5.0-SNAPSHOT-tests.jar:/home/user/.m2/repository/junit/junit/4.11/junit-4.11.jar:/home/user/.m2/repository/org/hamcrest/hamcrest-core/1.3/hamcrest-core-1.3.jar:/home/user/.m2/repository/org/openjdk/jmh/jmh-core/1.19/jmh-core-1.19.jar:/home/user/.m2/repository/net/sf/jopt-simple/jopt-simple/4.6/jopt-simple-4.6.jar:/home/user/.m2/repository/org/apache/commons/commons-math3/3.1.1/commons-math3-3.1.1.jar:/home/user/.m2/repository/org/openjdk/jmh/jmh-generator-annprocess/1.19/jmh-generator-annprocess-1.19.jar:/home/user/.m2/repository/org/mockito/mockito-all/1.8.5/mockito-all-1.8.5.jar:/home/user/.m2/repository/org/apache/hadoop/hadoop-kms/3.2.0/hadoop-kms-3.2.0.jar:/home/user/.m2/repository/org/apache/hadoop/hadoop-auth/3.2.0/hadoop-auth-3.2.0.jar:/home/user/.m2/repository/com/nimbusds/nimbus-jose-jwt/4.41.1/nimbus-jose-jwt-4.41.1.jar:/home/user/.m2/repository/com/github/stephenc/jcip/jcip-annotations/1.0-1/jcip-annotations-1.0-1.jar:/home/user/.m2/repository/net/minidev/json-smart/2.3/json-smart-2.3.jar:/home/user/.m2/repository/net/minidev/accessors-smart/1.2/accessors-smart-1.2.jar:/home/user/.m2/repository/org/ow2/asm/asm/5.0.4/asm-5.0.4.jar:/home/user/.m2/repository/org/apache/curator/curator-framework/2.12.0/curator-framework-2.12.0.jar:/home/user/.m2/repository/com/sun/jersey/jersey-core/1.19/jersey-core-1.19.jar:/home/user/.m2/repository/javax/ws/rs/jsr311-api/1.1.1/jsr311-api-1.1.1.jar:/home/user/.m2/repository/com/sun/jersey/jersey-server/1.19/jersey-server-1.19.jar:/home/user/.m2/repository/javax/servlet/javax.servlet-api/3.1.0/javax.servlet-api-3.1.0.jar:/home/user/.m2/repository/org/eclipse/jetty/jetty-server/9.3.25.v20180904/jetty-server-9.3.25.v20180904.jar:/home/user/.m2/repository/org/eclipse/jetty/jetty-http/9.3.25.v20180904/jetty-http-9.3.25.v20180904.jar:/home/user/.m2/repository/org/eclipse/jetty/jetty-io/9.3.25.v20180904/jetty-io-9.3.25.v20180904.jar:/home/user/.m2/repository/org/eclipse/jetty/jetty-webapp/9.3.25.v20180904/jetty-webapp-9.3.25.v20180904.jar:/home/user/.m2/repository/org/eclipse/jetty/jetty-xml/9.3.25.v20180904/jetty-xml-9.3.25.v20180904.jar:/home/user/.m2/repository/log4j/log4j/1.2.17/log4j-1.2.17.jar:/home/user/.m2/repository/org/slf4j/slf4j-api/1.7.25/slf4j-api-1.7.25.jar:/home/user/.m2/repository/org/slf4j/jul-to-slf4j/1.7.25/jul-to-slf4j-1.7.25.jar:/home/user/.m2/repository/org/eclipse/jetty/jetty-util/9.3.25.v20180904/jetty-util-9.3.25.v20180904.jar:/home/user/.m2/repository/com/fasterxml/jackson/core/jackson-databind/2.9.9/jackson-databind-2.9.9.jar:/home/user/.m2/repository/org/apache/hadoop/hadoop-kms/3.2.0/hadoop-kms-3.2.0-tests.jar:/home/user/.m2/repository/org/apache/hadoop/hadoop-hdds-server-scm/0.5.0-SNAPSHOT/hadoop-hdds-server-scm-0.5.0-SNAPSHOT-tests.jar:/home/user/.m2/repository/org/apache/hadoop/hadoop-hdds-container-service/0.5.0-SNAPSHOT/hadoop-hdds-container-service-0.5.0-SNAPSHOT-tests.jar:/home/user/.m2/repository/org/yaml/snakeyaml/1.16/snakeyaml-1.16.jar:/home/user/.m2/repository/org/apache/hadoop/hadoop-common/3.2.0/hadoop-common-3.2.0-tests.jar:/home/user/.m2/repository/org/apache/hadoop/hadoop-annotations/3.2.0/hadoop-annotations-3.2.0.jar:/usr/lib/jvm/java-1.8-openjdk/jre/../lib/tools.jar:/home/user/.m2/repository/commons-cli/commons-cli/1.2/commons-cli-1.2.jar:/home/user/.m2/repository/org/apache/httpcomponents/httpclient/4.5.2/httpclient-4.5.2.jar:/home/user/.m2/repository/org/apache/httpcomponents/httpcore/4.4.4/httpcore-4.4.4.jar:/home/user/.m2/repository/commons-codec/commons-codec/1.11/commons-codec-1.11.jar:/home/user/.m2/repository/commons-net/commons-net/3.6/commons-net-3.6.jar:/home/user/.m2/repository/commons-collections/commons-collections/3.2.2/commons-collections-3.2.2.jar:/home/user/.m2/repository/org/eclipse/jetty/jetty-servlet/9.3.25.v20180904/jetty-servlet-9.3.25.v20180904.jar:/home/user/.m2/repository/org/eclipse/jetty/jetty-security/9.3.25.v20180904/jetty-security-9.3.25.v20180904.jar:/home/user/.m2/repository/javax/servlet/jsp/jsp-api/2.1/jsp-api-2.1.jar:/home/user/.m2/repository/com/sun/jersey/jersey-servlet/1.19/jersey-servlet-1.19.jar:/home/user/.m2/repository/com/sun/jersey/jersey-json/1.19/jersey-json-1.19.jar:/home/user/.m2/repository/org/codehaus/jettison/jettison/1.1/jettison-1.1.jar:/home/user/.m2/repository/org/codehaus/jackson/jackson-core-asl/1.9.13/jackson-core-asl-1.9.13.jar:/home/user/.m2/repository/org/codehaus/jackson/jackson-mapper-asl/1.9.13/jackson-mapper-asl-1.9.13.jar:/home/user/.m2/repository/org/codehaus/jackson/jackson-jaxrs/1.9.13/jackson-jaxrs-1.9.13.jar:/home/user/.m2/repository/org/codehaus/jackson/jackson-xc/1.9.13/jackson-xc-1.9.13.jar:/home/user/.m2/repository/commons-logging/commons-logging/1.1.3/commons-logging-1.1.3.jar:/home/user/.m2/repository/commons-beanutils/commons-beanutils/1.9.4/commons-beanutils-1.9.4.jar:/home/user/.m2/repository/org/apache/commons/commons-configuration2/2.1.1/commons-configuration2-2.1.1.jar:/home/user/.m2/repository/org/apache/commons/commons-lang3/3.7/commons-lang3-3.7.jar:/home/user/.m2/repository/org/apache/commons/commons-text/1.4/commons-text-1.4.jar:/home/user/.m2/repository/org/apache/avro/avro/1.7.7/avro-1.7.7.jar:/home/user/.m2/repository/com/thoughtworks/paranamer/paranamer/2.3/paranamer-2.3.jar:/home/user/.m2/repository/org/xerial/snappy/snappy-java/1.0.5/snappy-java-1.0.5.jar:/home/user/.m2/repository/com/google/re2j/re2j/1.1/re2j-1.1.jar:/home/user/.m2/repository/com/google/code/gson/gson/2.2.4/gson-2.2.4.jar:/home/user/.m2/repository/com/jcraft/jsch/0.1.54/jsch-0.1.54.jar:/home/user/.m2/repository/org/apache/curator/curator-client/2.12.0/curator-client-2.12.0.jar:/home/user/.m2/repository/org/apache/curator/curator-recipes/2.12.0/curator-recipes-2.12.0.jar:/home/user/.m2/repository/com/google/code/findbugs/jsr305/3.0.0/jsr305-3.0.0.jar:/home/user/.m2/repository/org/apache/htrace/htrace-core4/4.1.0-incubating/htrace-core4-4.1.0-incubating.jar:/home/user/.m2/repository/org/apache/zookeeper/zookeeper/3.4.13/zookeeper-3.4.13.jar:/home/user/.m2/repository/jline/jline/0.9.94/jline-0.9.94.jar:/home/user/.m2/repository/org/apache/yetus/audience-annotations/0.5.0/audience-annotations-0.5.0.jar:/home/user/.m2/repository/org/codehaus/woodstox/stax2-api/3.1.4/stax2-api-3.1.4.jar:/home/user/.m2/repository/com/fasterxml/woodstox/woodstox-core/5.0.3/woodstox-core-5.0.3.jar:/home/user/.m2/repository/dnsjava/dnsjava/2.1.7/dnsjava-2.1.7.jar:/home/user/.m2/repository/org/apache/hadoop/hadoop-hdfs/3.2.0/hadoop-hdfs-3.2.0-tests.jar:/home/user/.m2/repository/org/eclipse/jetty/jetty-util-ajax/9.3.25.v20180904/jetty-util-ajax-9.3.25.v20180904.jar:/home/user/.m2/repository/commons-daemon/commons-daemon/1.0.13/commons-daemon-1.0.13.jar:/home/user/.m2/repository/io/netty/netty/3.10.5.Final/netty-3.10.5.Final.jar:/home/user/.m2/repository/io/netty/netty-all/4.0.52.Final/netty-all-4.0.52.Final.jar:/home/user/.m2/repository/org/fusesource/leveldbjni/leveldbjni-all/1.8/leveldbjni-all-1.8.jar:"/>
    <property name="java.vm.vendor" value="IcedTea"/>
    <property name="sun.arch.data.model" value="64"/>
    <property name="test.build.dir" value="/workdir/hadoop-ozone/integration-test/target/test-dir"/>
    <property name="test.cache.data" value=""/>
    <property name="java.vendor.url" value="https://icedtea.classpath.org"/>
    <property name="user.timezone" value=""/>
    <property name="java.vm.specification.version" value="1.8"/>
    <property name="os.name" value="Linux"/>
    <property name="test.build.data" value="/workdir/hadoop-ozone/integration-test/target/test-dir"/>
    <property name="user.country" value="US"/>
    <property name="sun.java.launcher" value="SUN_STANDARD"/>
    <property name="sun.boot.library.path" value="/usr/lib/jvm/java-1.8-openjdk/jre/lib/amd64"/>
    <property name="sun.java.command" value="/workdir/hadoop-ozone/integration-test/target/surefire/surefirebooter5975459788820756255.jar /workdir/hadoop-ozone/integration-test/target/surefire 2019-10-14T08-33-45_578-jvmRun1 surefire714233927641441528tmp surefire_65956513005225870483tmp"/>
    <property name="test" value="!TestMiniChaosOzoneCluster"/>
    <property name="surefire.test.class.path" value="/workdir/hadoop-ozone/integration-test/target/test-classes:/workdir/hadoop-ozone/integration-test/target/classes:/home/user/.m2/repository/org/apache/hadoop/hadoop-ozone-common/0.5.0-SNAPSHOT/hadoop-ozone-common-0.5.0-SNAPSHOT.jar:/home/user/.m2/repository/org/apache/commons/commons-compress/1.4.1/commons-compress-1.4.1.jar:/home/user/.m2/repository/org/tukaani/xz/1.0/xz-1.0.jar:/home/user/.m2/repository/org/apache/hadoop/hadoop-common/3.2.0/hadoop-common-3.2.0.jar:/home/user/.m2/repository/org/apache/hadoop/hadoop-hdfs/3.2.0/hadoop-hdfs-3.2.0.jar:/home/user/.m2/repository/org/apache/hadoop/hadoop-hdfs-client/3.2.0/hadoop-hdfs-client-3.2.0.jar:/home/user/.m2/repository/com/fasterxml/jackson/core/jackson-annotations/2.9.9/jackson-annotations-2.9.9.jar:/home/user/.m2/repository/org/apache/hadoop/hadoop-hdds-common/0.5.0-SNAPSHOT/hadoop-hdds-common-0.5.0-SNAPSHOT.jar:/home/user/.m2/repository/javax/annotation/javax.annotation-api/1.2/javax.annotation-api-1.2.jar:/home/user/.m2/repository/org/apache/ratis/ratis-server/0.4.0/ratis-server-0.4.0.jar:/home/user/.m2/repository/org/apache/ratis/ratis-thirdparty-misc/0.2.0/ratis-thirdparty-misc-0.2.0.jar:/home/user/.m2/repository/org/apache/ratis/ratis-proto/0.4.0/ratis-proto-0.4.0.jar:/home/user/.m2/repository/org/apache/ratis/ratis-common/0.4.0/ratis-common-0.4.0.jar:/home/user/.m2/repository/org/apache/ratis/ratis-client/0.4.0/ratis-client-0.4.0.jar:/home/user/.m2/repository/org/apache/ratis/ratis-metrics/0.4.0/ratis-metrics-0.4.0.jar:/home/user/.m2/repository/com/github/joshelser/dropwizard-metrics-hadoop-metrics2-reporter/0.1.2/dropwizard-metrics-hadoop-metrics2-reporter-0.1.2.jar:/home/user/.m2/repository/io/dropwizard/metrics/metrics-jvm/3.2.5/metrics-jvm-3.2.5.jar:/home/user/.m2/repository/io/dropwizard/metrics/metrics-ganglia/3.2.5/metrics-ganglia-3.2.5.jar:/home/user/.m2/repository/info/ganglia/gmetric4j/gmetric4j/1.0.7/gmetric4j-1.0.7.jar:/home/user/.m2/repository/org/apache/ratis/ratis-netty/0.4.0/ratis-netty-0.4.0.jar:/home/user/.m2/repository/org/apache/ratis/ratis-grpc/0.4.0/ratis-grpc-0.4.0.jar:/home/user/.m2/repository/org/rocksdb/rocksdbjni/6.0.1/rocksdbjni-6.0.1.jar:/home/user/.m2/repository/org/apache/logging/log4j/log4j-api/2.11.0/log4j-api-2.11.0.jar:/home/user/.m2/repository/org/apache/logging/log4j/log4j-core/2.11.0/log4j-core-2.11.0.jar:/home/user/.m2/repository/com/lmax/disruptor/3.4.2/disruptor-3.4.2.jar:/home/user/.m2/repository/org/apache/commons/commons-pool2/2.6.0/commons-pool2-2.6.0.jar:/home/user/.m2/repository/org/bouncycastle/bcpkix-jdk15on/1.60/bcpkix-jdk15on-1.60.jar:/home/user/.m2/repository/commons-validator/commons-validator/1.6/commons-validator-1.6.jar:/home/user/.m2/repository/commons-digester/commons-digester/1.8.1/commons-digester-1.8.1.jar:/home/user/.m2/repository/io/jaegertracing/jaeger-client/0.34.0/jaeger-client-0.34.0.jar:/home/user/.m2/repository/io/jaegertracing/jaeger-thrift/0.34.0/jaeger-thrift-0.34.0.jar:/home/user/.m2/repository/org/apache/thrift/libthrift/0.12.0/libthrift-0.12.0.jar:/home/user/.m2/repository/com/squareup/okhttp3/okhttp/3.9.0/okhttp-3.9.0.jar:/home/user/.m2/repository/com/squareup/okio/okio/1.13.0/okio-1.13.0.jar:/home/user/.m2/repository/io/jaegertracing/jaeger-core/0.34.0/jaeger-core-0.34.0.jar:/home/user/.m2/repository/io/jaegertracing/jaeger-tracerresolver/0.34.0/jaeger-tracerresolver-0.34.0.jar:/home/user/.m2/repository/io/opentracing/contrib/opentracing-tracerresolver/0.1.5/opentracing-tracerresolver-0.1.5.jar:/home/user/.m2/repository/io/opentracing/opentracing-util/0.31.0/opentracing-util-0.31.0.jar:/home/user/.m2/repository/io/opentracing/opentracing-api/0.31.0/opentracing-api-0.31.0.jar:/home/user/.m2/repository/io/opentracing/opentracing-noop/0.31.0/opentracing-noop-0.31.0.jar:/home/user/.m2/repository/org/apache/hadoop/hadoop-hdds-server-framework/0.5.0-SNAPSHOT/hadoop-hdds-server-framework-0.5.0-SNAPSHOT.jar:/home/user/.m2/repository/org/apache/hadoop/hadoop-hdds-container-service/0.5.0-SNAPSHOT/hadoop-hdds-container-service-0.5.0-SNAPSHOT.jar:/home/user/.m2/repository/org/apache/hadoop/hadoop-hdds-client/0.5.0-SNAPSHOT/hadoop-hdds-client-0.5.0-SNAPSHOT.jar:/home/user/.m2/repository/org/apache/hadoop/hadoop-hdds-tools/0.5.0-SNAPSHOT/hadoop-hdds-tools-0.5.0-SNAPSHOT.jar:/home/user/.m2/repository/org/apache/hadoop/hadoop-hdds-server-scm/0.5.0-SNAPSHOT/hadoop-hdds-server-scm-0.5.0-SNAPSHOT.jar:/home/user/.m2/repository/org/apache/hadoop/hadoop-hdds-docs/0.5.0-SNAPSHOT/hadoop-hdds-docs-0.5.0-SNAPSHOT.jar:/home/user/.m2/repository/io/dropwizard/metrics/metrics-core/3.2.4/metrics-core-3.2.4.jar:/home/user/.m2/repository/org/hamcrest/hamcrest-all/1.3/hamcrest-all-1.3.jar:/home/user/.m2/repository/org/bouncycastle/bcprov-jdk15on/1.60/bcprov-jdk15on-1.60.jar:/home/user/.m2/repository/info/picocli/picocli/3.9.6/picocli-3.9.6.jar:/home/user/.m2/repository/com/google/protobuf/protobuf-java/2.5.0/protobuf-java-2.5.0.jar:/home/user/.m2/repository/com/google/guava/guava/11.0.2/guava-11.0.2.jar:/home/user/.m2/repository/org/apache/hadoop/hadoop-ozone-ozone-manager/0.5.0-SNAPSHOT/hadoop-ozone-ozone-manager-0.5.0-SNAPSHOT.jar:/home/user/.m2/repository/org/apache/hadoop/hadoop-minikdc/3.2.0/hadoop-minikdc-3.2.0.jar:/home/user/.m2/repository/commons-io/commons-io/2.5/commons-io-2.5.jar:/home/user/.m2/repository/org/apache/kerby/kerb-simplekdc/1.0.1/kerb-simplekdc-1.0.1.jar:/home/user/.m2/repository/org/apache/kerby/kerb-client/1.0.1/kerb-client-1.0.1.jar:/home/user/.m2/repository/org/apache/kerby/kerby-config/1.0.1/kerby-config-1.0.1.jar:/home/user/.m2/repository/org/apache/kerby/kerb-core/1.0.1/kerb-core-1.0.1.jar:/home/user/.m2/repository/org/apache/kerby/kerby-pkix/1.0.1/kerby-pkix-1.0.1.jar:/home/user/.m2/repository/org/apache/kerby/kerby-asn1/1.0.1/kerby-asn1-1.0.1.jar:/home/user/.m2/repository/org/apache/kerby/kerby-util/1.0.1/kerby-util-1.0.1.jar:/home/user/.m2/repository/org/apache/kerby/kerb-common/1.0.1/kerb-common-1.0.1.jar:/home/user/.m2/repository/org/apache/kerby/kerb-crypto/1.0.1/kerb-crypto-1.0.1.jar:/home/user/.m2/repository/org/apache/kerby/kerb-util/1.0.1/kerb-util-1.0.1.jar:/home/user/.m2/repository/org/apache/kerby/token-provider/1.0.1/token-provider-1.0.1.jar:/home/user/.m2/repository/org/apache/kerby/kerb-admin/1.0.1/kerb-admin-1.0.1.jar:/home/user/.m2/repository/org/apache/kerby/kerb-server/1.0.1/kerb-server-1.0.1.jar:/home/user/.m2/repository/org/apache/kerby/kerb-identity/1.0.1/kerb-identity-1.0.1.jar:/home/user/.m2/repository/org/apache/kerby/kerby-xdr/1.0.1/kerby-xdr-1.0.1.jar:/home/user/.m2/repository/org/slf4j/slf4j-log4j12/1.7.25/slf4j-log4j12-1.7.25.jar:/home/user/.m2/repository/org/apache/hadoop/hadoop-ozone-s3gateway/0.5.0-SNAPSHOT/hadoop-ozone-s3gateway-0.5.0-SNAPSHOT.jar:/home/user/.m2/repository/org/jboss/weld/servlet/weld-servlet/2.4.7.Final/weld-servlet-2.4.7.Final.jar:/home/user/.m2/repository/org/glassfish/jersey/containers/jersey-container-servlet-core/2.27/jersey-container-servlet-core-2.27.jar:/home/user/.m2/repository/org/glassfish/hk2/external/javax.inject/2.5.0-b42/javax.inject-2.5.0-b42.jar:/home/user/.m2/repository/org/glassfish/jersey/core/jersey-common/2.27/jersey-common-2.27.jar:/home/user/.m2/repository/org/glassfish/hk2/osgi-resource-locator/1.0.1/osgi-resource-locator-1.0.1.jar:/home/user/.m2/repository/javax/ws/rs/javax.ws.rs-api/2.1/javax.ws.rs-api-2.1.jar:/home/user/.m2/repository/org/glassfish/jersey/ext/cdi/jersey-cdi1x/2.27/jersey-cdi1x-2.27.jar:/home/user/.m2/repository/org/glassfish/jersey/inject/jersey-hk2/2.27/jersey-hk2-2.27.jar:/home/user/.m2/repository/org/glassfish/hk2/hk2-locator/2.5.0-b42/hk2-locator-2.5.0-b42.jar:/home/user/.m2/repository/org/javassist/javassist/3.22.0-CR2/javassist-3.22.0-CR2.jar:/home/user/.m2/repository/org/glassfish/hk2/hk2-api/2.5.0/hk2-api-2.5.0.jar:/home/user/.m2/repository/org/glassfish/hk2/external/jakarta.inject/2.5.0/jakarta.inject-2.5.0.jar:/home/user/.m2/repository/org/glassfish/hk2/hk2-utils/2.5.0/hk2-utils-2.5.0.jar:/home/user/.m2/repository/jakarta/annotation/jakarta.annotation-api/1.3.4/jakarta.annotation-api-1.3.4.jar:/home/user/.m2/repository/org/glassfish/hk2/external/aopalliance-repackaged/2.5.0/aopalliance-repackaged-2.5.0.jar:/home/user/.m2/repository/com/fasterxml/jackson/dataformat/jackson-dataformat-xml/2.9.0/jackson-dataformat-xml-2.9.0.jar:/home/user/.m2/repository/com/fasterxml/jackson/core/jackson-core/2.9.9/jackson-core-2.9.9.jar:/home/user/.m2/repository/com/fasterxml/jackson/module/jackson-module-jaxb-annotations/2.9.9/jackson-module-jaxb-annotations-2.9.9.jar:/home/user/.m2/repository/javax/enterprise/cdi-api/1.2/cdi-api-1.2.jar:/home/user/.m2/repository/javax/el/javax.el-api/3.0.0/javax.el-api-3.0.0.jar:/home/user/.m2/repository/javax/interceptor/javax.interceptor-api/1.2/javax.interceptor-api-1.2.jar:/home/user/.m2/repository/javax/inject/javax.inject/1/javax.inject-1.jar:/home/user/.m2/repository/com/sun/xml/bind/jaxb-impl/2.3.0.1/jaxb-impl-2.3.0.1.jar:/home/user/.m2/repository/com/sun/xml/bind/jaxb-core/2.3.0.1/jaxb-core-2.3.0.1.jar:/home/user/.m2/repository/javax/xml/bind/jaxb-api/2.3.0/jaxb-api-2.3.0.jar:/home/user/.m2/repository/javax/activation/activation/1.1.1/activation-1.1.1.jar:/home/user/.m2/repository/org/apache/hadoop/hadoop-ozone-csi/0.5.0-SNAPSHOT/hadoop-ozone-csi-0.5.0-SNAPSHOT.jar:/home/user/.m2/repository/com/google/protobuf/protobuf-java-util/3.5.1/protobuf-java-util-3.5.1.jar:/home/user/.m2/repository/org/apache/hadoop/hadoop-hdds-config/0.5.0-SNAPSHOT/hadoop-hdds-config-0.5.0-SNAPSHOT.jar:/home/user/.m2/repository/io/grpc/grpc-netty/1.17.1/grpc-netty-1.17.1.jar:/home/user/.m2/repository/io/grpc/grpc-core/1.17.1/grpc-core-1.17.1.jar:/home/user/.m2/repository/io/grpc/grpc-context/1.17.1/grpc-context-1.17.1.jar:/home/user/.m2/repository/com/google/errorprone/error_prone_annotations/2.2.0/error_prone_annotations-2.2.0.jar:/home/user/.m2/repository/org/codehaus/mojo/animal-sniffer-annotations/1.17/animal-sniffer-annotations-1.17.jar:/home/user/.m2/repository/io/opencensus/opencensus-api/0.17.0/opencensus-api-0.17.0.jar:/home/user/.m2/repository/io/opencensus/opencensus-contrib-grpc-metrics/0.17.0/opencensus-contrib-grpc-metrics-0.17.0.jar:/home/user/.m2/repository/io/netty/netty-codec-http2/4.1.30.Final/netty-codec-http2-4.1.30.Final.jar:/home/user/.m2/repository/io/netty/netty-codec-http/4.1.30.Final/netty-codec-http-4.1.30.Final.jar:/home/user/.m2/repository/io/netty/netty-codec/4.1.30.Final/netty-codec-4.1.30.Final.jar:/home/user/.m2/repository/io/netty/netty-handler/4.1.30.Final/netty-handler-4.1.30.Final.jar:/home/user/.m2/repository/io/netty/netty-handler-proxy/4.1.30.Final/netty-handler-proxy-4.1.30.Final.jar:/home/user/.m2/repository/io/netty/netty-codec-socks/4.1.30.Final/netty-codec-socks-4.1.30.Final.jar:/home/user/.m2/repository/io/netty/netty-transport-native-epoll/4.1.30.Final/netty-transport-native-epoll-4.1.30.Final.jar:/home/user/.m2/repository/io/netty/netty-common/4.1.30.Final/netty-common-4.1.30.Final.jar:/home/user/.m2/repository/io/netty/netty-buffer/4.1.30.Final/netty-buffer-4.1.30.Final.jar:/home/user/.m2/repository/io/netty/netty-transport/4.1.30.Final/netty-transport-4.1.30.Final.jar:/home/user/.m2/repository/io/netty/netty-resolver/4.1.30.Final/netty-resolver-4.1.30.Final.jar:/home/user/.m2/repository/io/netty/netty-transport-native-unix-common/4.1.30.Final/netty-transport-native-unix-common-4.1.30.Final.jar:/home/user/.m2/repository/io/grpc/grpc-protobuf/1.17.1/grpc-protobuf-1.17.1.jar:/home/user/.m2/repository/com/google/api/grpc/proto-google-common-protos/1.0.0/proto-google-common-protos-1.0.0.jar:/home/user/.m2/repository/io/grpc/grpc-protobuf-lite/1.17.1/grpc-protobuf-lite-1.17.1.jar:/home/user/.m2/repository/io/grpc/grpc-stub/1.17.1/grpc-stub-1.17.1.jar:/home/user/.m2/repository/org/apache/hadoop/hadoop-ozone-recon/0.5.0-SNAPSHOT/hadoop-ozone-recon-0.5.0-SNAPSHOT.jar:/home/user/.m2/repository/org/apache/hadoop/hadoop-ozone-reconcodegen/0.5.0-SNAPSHOT/hadoop-ozone-reconcodegen-0.5.0-SNAPSHOT.jar:/home/user/.m2/repository/com/google/inject/extensions/guice-multibindings/4.0/guice-multibindings-4.0.jar:/home/user/.m2/repository/com/google/inject/guice/4.0/guice-4.0.jar:/home/user/.m2/repository/aopalliance/aopalliance/1.0/aopalliance-1.0.jar:/home/user/.m2/repository/com/google/inject/extensions/guice-servlet/4.0/guice-servlet-4.0.jar:/home/user/.m2/repository/org/glassfish/jersey/containers/jersey-container-servlet/2.27/jersey-container-servlet-2.27.jar:/home/user/.m2/repository/org/glassfish/hk2/guice-bridge/2.5.0/guice-bridge-2.5.0.jar:/home/user/.m2/repository/org/glassfish/jersey/core/jersey-server/2.27/jersey-server-2.27.jar:/home/user/.m2/repository/org/glassfish/jersey/core/jersey-client/2.27/jersey-client-2.27.jar:/home/user/.m2/repository/org/glassfish/jersey/media/jersey-media-jaxb/2.27/jersey-media-jaxb-2.27.jar:/home/user/.m2/repository/javax/validation/validation-api/1.1.0.Final/validation-api-1.1.0.Final.jar:/home/user/.m2/repository/org/glassfish/jersey/media/jersey-media-json-jackson/2.27/jersey-media-json-jackson-2.27.jar:/home/user/.m2/repository/org/glassfish/jersey/ext/jersey-entity-filtering/2.27/jersey-entity-filtering-2.27.jar:/home/user/.m2/repository/com/google/inject/extensions/guice-assistedinject/4.0/guice-assistedinject-4.0.jar:/home/user/.m2/repository/org/jooq/jooq/3.11.10/jooq-3.11.10.jar:/home/user/.m2/repository/org/jooq/jooq-meta/3.11.10/jooq-meta-3.11.10.jar:/home/user/.m2/repository/org/jooq/jooq-codegen/3.11.10/jooq-codegen-3.11.10.jar:/home/user/.m2/repository/com/jolbox/bonecp/0.8.0.RELEASE/bonecp-0.8.0.RELEASE.jar:/home/user/.m2/repository/org/xerial/sqlite-jdbc/3.25.2/sqlite-jdbc-3.25.2.jar:/home/user/.m2/repository/org/springframework/spring-jdbc/5.1.3.RELEASE/spring-jdbc-5.1.3.RELEASE.jar:/home/user/.m2/repository/org/springframework/spring-beans/5.1.3.RELEASE/spring-beans-5.1.3.RELEASE.jar:/home/user/.m2/repository/org/springframework/spring-core/5.1.3.RELEASE/spring-core-5.1.3.RELEASE.jar:/home/user/.m2/repository/org/springframework/spring-jcl/5.1.3.RELEASE/spring-jcl-5.1.3.RELEASE.jar:/home/user/.m2/repository/org/springframework/spring-tx/5.1.3.RELEASE/spring-tx-5.1.3.RELEASE.jar:/home/user/.m2/repository/org/apache/hadoop/hadoop-ozone-client/0.5.0-SNAPSHOT/hadoop-ozone-client-0.5.0-SNAPSHOT.jar:/home/user/.m2/repository/commons-lang/commons-lang/2.6/commons-lang-2.6.jar:/home/user/.m2/repository/org/apache/hadoop/hadoop-ozone-ozone-manager/0.5.0-SNAPSHOT/hadoop-ozone-ozone-manager-0.5.0-SNAPSHOT-tests.jar:/home/user/.m2/repository/junit/junit/4.11/junit-4.11.jar:/home/user/.m2/repository/org/hamcrest/hamcrest-core/1.3/hamcrest-core-1.3.jar:/home/user/.m2/repository/org/openjdk/jmh/jmh-core/1.19/jmh-core-1.19.jar:/home/user/.m2/repository/net/sf/jopt-simple/jopt-simple/4.6/jopt-simple-4.6.jar:/home/user/.m2/repository/org/apache/commons/commons-math3/3.1.1/commons-math3-3.1.1.jar:/home/user/.m2/repository/org/openjdk/jmh/jmh-generator-annprocess/1.19/jmh-generator-annprocess-1.19.jar:/home/user/.m2/repository/org/mockito/mockito-all/1.8.5/mockito-all-1.8.5.jar:/home/user/.m2/repository/org/apache/hadoop/hadoop-kms/3.2.0/hadoop-kms-3.2.0.jar:/home/user/.m2/repository/org/apache/hadoop/hadoop-auth/3.2.0/hadoop-auth-3.2.0.jar:/home/user/.m2/repository/com/nimbusds/nimbus-jose-jwt/4.41.1/nimbus-jose-jwt-4.41.1.jar:/home/user/.m2/repository/com/github/stephenc/jcip/jcip-annotations/1.0-1/jcip-annotations-1.0-1.jar:/home/user/.m2/repository/net/minidev/json-smart/2.3/json-smart-2.3.jar:/home/user/.m2/repository/net/minidev/accessors-smart/1.2/accessors-smart-1.2.jar:/home/user/.m2/repository/org/ow2/asm/asm/5.0.4/asm-5.0.4.jar:/home/user/.m2/repository/org/apache/curator/curator-framework/2.12.0/curator-framework-2.12.0.jar:/home/user/.m2/repository/com/sun/jersey/jersey-core/1.19/jersey-core-1.19.jar:/home/user/.m2/repository/javax/ws/rs/jsr311-api/1.1.1/jsr311-api-1.1.1.jar:/home/user/.m2/repository/com/sun/jersey/jersey-server/1.19/jersey-server-1.19.jar:/home/user/.m2/repository/javax/servlet/javax.servlet-api/3.1.0/javax.servlet-api-3.1.0.jar:/home/user/.m2/repository/org/eclipse/jetty/jetty-server/9.3.25.v20180904/jetty-server-9.3.25.v20180904.jar:/home/user/.m2/repository/org/eclipse/jetty/jetty-http/9.3.25.v20180904/jetty-http-9.3.25.v20180904.jar:/home/user/.m2/repository/org/eclipse/jetty/jetty-io/9.3.25.v20180904/jetty-io-9.3.25.v20180904.jar:/home/user/.m2/repository/org/eclipse/jetty/jetty-webapp/9.3.25.v20180904/jetty-webapp-9.3.25.v20180904.jar:/home/user/.m2/repository/org/eclipse/jetty/jetty-xml/9.3.25.v20180904/jetty-xml-9.3.25.v20180904.jar:/home/user/.m2/repository/log4j/log4j/1.2.17/log4j-1.2.17.jar:/home/user/.m2/repository/org/slf4j/slf4j-api/1.7.25/slf4j-api-1.7.25.jar:/home/user/.m2/repository/org/slf4j/jul-to-slf4j/1.7.25/jul-to-slf4j-1.7.25.jar:/home/user/.m2/repository/org/eclipse/jetty/jetty-util/9.3.25.v20180904/jetty-util-9.3.25.v20180904.jar:/home/user/.m2/repository/com/fasterxml/jackson/core/jackson-databind/2.9.9/jackson-databind-2.9.9.jar:/home/user/.m2/repository/org/apache/hadoop/hadoop-kms/3.2.0/hadoop-kms-3.2.0-tests.jar:/home/user/.m2/repository/org/apache/hadoop/hadoop-hdds-server-scm/0.5.0-SNAPSHOT/hadoop-hdds-server-scm-0.5.0-SNAPSHOT-tests.jar:/home/user/.m2/repository/org/apache/hadoop/hadoop-hdds-container-service/0.5.0-SNAPSHOT/hadoop-hdds-container-service-0.5.0-SNAPSHOT-tests.jar:/home/user/.m2/repository/org/yaml/snakeyaml/1.16/snakeyaml-1.16.jar:/home/user/.m2/repository/org/apache/hadoop/hadoop-common/3.2.0/hadoop-common-3.2.0-tests.jar:/home/user/.m2/repository/org/apache/hadoop/hadoop-annotations/3.2.0/hadoop-annotations-3.2.0.jar:/usr/lib/jvm/java-1.8-openjdk/jre/../lib/tools.jar:/home/user/.m2/repository/commons-cli/commons-cli/1.2/commons-cli-1.2.jar:/home/user/.m2/repository/org/apache/httpcomponents/httpclient/4.5.2/httpclient-4.5.2.jar:/home/user/.m2/repository/org/apache/httpcomponents/httpcore/4.4.4/httpcore-4.4.4.jar:/home/user/.m2/repository/commons-codec/commons-codec/1.11/commons-codec-1.11.jar:/home/user/.m2/repository/commons-net/commons-net/3.6/commons-net-3.6.jar:/home/user/.m2/repository/commons-collections/commons-collections/3.2.2/commons-collections-3.2.2.jar:/home/user/.m2/repository/org/eclipse/jetty/jetty-servlet/9.3.25.v20180904/jetty-servlet-9.3.25.v20180904.jar:/home/user/.m2/repository/org/eclipse/jetty/jetty-security/9.3.25.v20180904/jetty-security-9.3.25.v20180904.jar:/home/user/.m2/repository/javax/servlet/jsp/jsp-api/2.1/jsp-api-2.1.jar:/home/user/.m2/repository/com/sun/jersey/jersey-servlet/1.19/jersey-servlet-1.19.jar:/home/user/.m2/repository/com/sun/jersey/jersey-json/1.19/jersey-json-1.19.jar:/home/user/.m2/repository/org/codehaus/jettison/jettison/1.1/jettison-1.1.jar:/home/user/.m2/repository/org/codehaus/jackson/jackson-core-asl/1.9.13/jackson-core-asl-1.9.13.jar:/home/user/.m2/repository/org/codehaus/jackson/jackson-mapper-asl/1.9.13/jackson-mapper-asl-1.9.13.jar:/home/user/.m2/repository/org/codehaus/jackson/jackson-jaxrs/1.9.13/jackson-jaxrs-1.9.13.jar:/home/user/.m2/repository/org/codehaus/jackson/jackson-xc/1.9.13/jackson-xc-1.9.13.jar:/home/user/.m2/repository/commons-logging/commons-logging/1.1.3/commons-logging-1.1.3.jar:/home/user/.m2/repository/commons-beanutils/commons-beanutils/1.9.4/commons-beanutils-1.9.4.jar:/home/user/.m2/repository/org/apache/commons/commons-configuration2/2.1.1/commons-configuration2-2.1.1.jar:/home/user/.m2/repository/org/apache/commons/commons-lang3/3.7/commons-lang3-3.7.jar:/home/user/.m2/repository/org/apache/commons/commons-text/1.4/commons-text-1.4.jar:/home/user/.m2/repository/org/apache/avro/avro/1.7.7/avro-1.7.7.jar:/home/user/.m2/repository/com/thoughtworks/paranamer/paranamer/2.3/paranamer-2.3.jar:/home/user/.m2/repository/org/xerial/snappy/snappy-java/1.0.5/snappy-java-1.0.5.jar:/home/user/.m2/repository/com/google/re2j/re2j/1.1/re2j-1.1.jar:/home/user/.m2/repository/com/google/code/gson/gson/2.2.4/gson-2.2.4.jar:/home/user/.m2/repository/com/jcraft/jsch/0.1.54/jsch-0.1.54.jar:/home/user/.m2/repository/org/apache/curator/curator-client/2.12.0/curator-client-2.12.0.jar:/home/user/.m2/repository/org/apache/curator/curator-recipes/2.12.0/curator-recipes-2.12.0.jar:/home/user/.m2/repository/com/google/code/findbugs/jsr305/3.0.0/jsr305-3.0.0.jar:/home/user/.m2/repository/org/apache/htrace/htrace-core4/4.1.0-incubating/htrace-core4-4.1.0-incubating.jar:/home/user/.m2/repository/org/apache/zookeeper/zookeeper/3.4.13/zookeeper-3.4.13.jar:/home/user/.m2/repository/jline/jline/0.9.94/jline-0.9.94.jar:/home/user/.m2/repository/org/apache/yetus/audience-annotations/0.5.0/audience-annotations-0.5.0.jar:/home/user/.m2/repository/org/codehaus/woodstox/stax2-api/3.1.4/stax2-api-3.1.4.jar:/home/user/.m2/repository/com/fasterxml/woodstox/woodstox-core/5.0.3/woodstox-core-5.0.3.jar:/home/user/.m2/repository/dnsjava/dnsjava/2.1.7/dnsjava-2.1.7.jar:/home/user/.m2/repository/org/apache/hadoop/hadoop-hdfs/3.2.0/hadoop-hdfs-3.2.0-tests.jar:/home/user/.m2/repository/org/eclipse/jetty/jetty-util-ajax/9.3.25.v20180904/jetty-util-ajax-9.3.25.v20180904.jar:/home/user/.m2/repository/commons-daemon/commons-daemon/1.0.13/commons-daemon-1.0.13.jar:/home/user/.m2/repository/io/netty/netty/3.10.5.Final/netty-3.10.5.Final.jar:/home/user/.m2/repository/io/netty/netty-all/4.0.52.Final/netty-all-4.0.52.Final.jar:/home/user/.m2/repository/org/fusesource/leveldbjni/leveldbjni-all/1.8/leveldbjni-all-1.8.jar:"/>
    <property name="sun.cpu.endian" value="little"/>
    <property name="user.home" value="/home/user"/>
    <property name="user.language" value="en"/>
    <property name="java.specification.vendor" value="Oracle Corporation"/>
    <property name="java.home" value="/usr/lib/jvm/java-1.8-openjdk/jre"/>
    <property name="java.security.krb5.conf" value="/workdir/hadoop-ozone/integration-test/target/test-classes/krb5.conf"/>
    <property name="basedir" value="/workdir/hadoop-ozone/integration-test"/>
    <property name="file.separator" value="/"/>
    <property name="line.separator" value="&#10;"/>
    <property name="java.vm.specification.vendor" value="Oracle Corporation"/>
    <property name="java.specification.name" value="Java Platform API Specification"/>
    <property name="java.awt.graphicsenv" value="sun.awt.X11GraphicsEnvironment"/>
    <property name="surefire.real.class.path" value="/workdir/hadoop-ozone/integration-test/target/surefire/surefirebooter5975459788820756255.jar"/>
    <property name="hadoop.log.dir" value="/workdir/hadoop-ozone/integration-test/target/log"/>
    <property name="sun.boot.class.path" value="/usr/lib/jvm/java-1.8-openjdk/jre/lib/resources.jar:/usr/lib/jvm/java-1.8-openjdk/jre/lib/rt.jar:/usr/lib/jvm/java-1.8-openjdk/jre/lib/sunrsasign.jar:/usr/lib/jvm/java-1.8-openjdk/jre/lib/jsse.jar:/usr/lib/jvm/java-1.8-openjdk/jre/lib/jce.jar:/usr/lib/jvm/java-1.8-openjdk/jre/lib/charsets.jar:/usr/lib/jvm/java-1.8-openjdk/jre/lib/jfr.jar:/usr/lib/jvm/java-1.8-openjdk/jre/classes"/>
    <property name="sun.management.compiler" value="HotSpot 64-Bit Tiered Compilers"/>
    <property name="java.runtime.version" value="1.8.0_212-b04"/>
    <property name="java.net.preferIPv4Stack" value="true"/>
    <property name="user.name" value="jenkins1000"/>
    <property name="path.separator" value=":"/>
    <property name="java.security.egd" value="file:///dev/urandom"/>
    <property name="os.version" value="3.10.0-957.12.2.el7.x86_64"/>
    <property name="java.endorsed.dirs" value="/usr/lib/jvm/java-1.8-openjdk/jre/lib/endorsed"/>
    <property name="java.runtime.name" value="OpenJDK Runtime Environment"/>
    <property name="file.encoding" value="UTF-8"/>
    <property name="java.vm.name" value="OpenJDK 64-Bit Server VM"/>
    <property name="test.build.webapps" value=""/>
    <property name="localRepository" value="/home/user/.m2/repository"/>
    <property name="java.vendor.url.bug" value="https://icedtea.classpath.org/bugzilla"/>
    <property name="java.io.tmpdir" value="/tmp"/>
    <property name="require.test.libhadoop" value=""/>
    <property name="java.version" value="1.8.0_212"/>
    <property name="user.dir" value="/workdir/hadoop-ozone/integration-test"/>
    <property name="os.arch" value="amd64"/>
    <property name="java.vm.specification.name" value="Java Virtual Machine Specification"/>
    <property name="test.build.classes" value="/workdir/hadoop-ozone/integration-test/target/test-classes"/>
    <property name="java.awt.printerjob" value="sun.print.PSPrinterJob"/>
    <property name="sun.os.patch.level" value="unknown"/>
    <property name="hadoop.tmp.dir" value="/workdir/hadoop-ozone/integration-test/target/tmp"/>
    <property name="java.library.path" value="/usr/lib/jvm/java-1.8-openjdk/jre/lib/amd64/server:/usr/lib/jvm/java-1.8-openjdk/jre/lib/amd64:/usr/lib/jvm/java-1.8-openjdk/jre/../lib/amd64:/workdir/hadoop-ozone/integration-test/target/native/target/usr/local/lib:/workdir/hadoop-ozone/integration-test/../../hadoop-common-project/hadoop-common/target/native/target/usr/local/lib:/usr/java/packages/lib/amd64:/usr/lib64:/lib64:/lib:/usr/lib"/>
    <property name="java.vm.info" value="mixed mode"/>
    <property name="java.vendor" value="IcedTea"/>
    <property name="java.vm.version" value="25.212-b04"/>
    <property name="java.ext.dirs" value="/usr/lib/jvm/java-1.8-openjdk/jre/lib/ext:/usr/java/packages/lib/ext"/>
    <property name="sun.io.unicode.encoding" value="UnicodeLittle"/>
    <property name="java.class.version" value="52.0"/>
  </properties>
  <testcase name="test2DatanodesFailure" classname="org.apache.hadoop.ozone.client.rpc.TestBlockOutputStreamWithFailures" time="110.909"/>
  <testcase name="testDatanodeFailureWithPreAllocation" classname="org.apache.hadoop.ozone.client.rpc.TestBlockOutputStreamWithFailures" time="230.188"/>
  <testcase name="testDatanodeFailureWithSingleNodeRatis" classname="org.apache.hadoop.ozone.client.rpc.TestBlockOutputStreamWithFailures" time="223.717"/>
  <testcase name="testWatchForCommitWithSingleNodeRatis" classname="org.apache.hadoop.ozone.client.rpc.TestBlockOutputStreamWithFailures" time="37.114"/>
  <testcase name="testWatchForCommitDatanodeFailure" classname="org.apache.hadoop.ozone.client.rpc.TestBlockOutputStreamWithFailures" time="43.555">
    <failure message="expected:&lt;2&gt; but was:&lt;3&gt;" type="java.lang.AssertionError"><![CDATA[java.lang.AssertionError: expected:<2> but was:<3>
	at org.junit.Assert.fail(Assert.java:88)
	at org.junit.Assert.failNotEquals(Assert.java:743)
	at org.junit.Assert.assertEquals(Assert.java:118)
	at org.junit.Assert.assertEquals(Assert.java:555)
	at org.junit.Assert.assertEquals(Assert.java:542)
	at org.apache.hadoop.ozone.client.rpc.TestBlockOutputStreamWithFailures.testWatchForCommitDatanodeFailure(TestBlockOutputStreamWithFailures.java:369)
	at sun.reflect.NativeMethodAccessorImpl.invoke0(Native Method)
	at sun.reflect.NativeMethodAccessorImpl.invoke(NativeMethodAccessorImpl.java:62)
	at sun.reflect.DelegatingMethodAccessorImpl.invoke(DelegatingMethodAccessorImpl.java:43)
	at java.lang.reflect.Method.invoke(Method.java:498)
	at org.junit.runners.model.FrameworkMethod$1.runReflectiveCall(FrameworkMethod.java:47)
	at org.junit.internal.runners.model.ReflectiveCallable.run(ReflectiveCallable.java:12)
	at org.junit.runners.model.FrameworkMethod.invokeExplosively(FrameworkMethod.java:44)
	at org.junit.internal.runners.statements.InvokeMethod.evaluate(InvokeMethod.java:17)
	at org.junit.internal.runners.statements.RunBefores.evaluate(RunBefores.java:26)
	at org.junit.internal.runners.statements.RunAfters.evaluate(RunAfters.java:27)
	at org.junit.runners.ParentRunner.runLeaf(ParentRunner.java:271)
	at org.junit.runners.BlockJUnit4ClassRunner.runChild(BlockJUnit4ClassRunner.java:70)
	at org.junit.runners.BlockJUnit4ClassRunner.runChild(BlockJUnit4ClassRunner.java:50)
	at org.junit.runners.ParentRunner$3.run(ParentRunner.java:238)
	at org.junit.runners.ParentRunner$1.schedule(ParentRunner.java:63)
	at org.junit.runners.ParentRunner.runChildren(ParentRunner.java:236)
	at org.junit.runners.ParentRunner.access$000(ParentRunner.java:53)
	at org.junit.runners.ParentRunner$2.evaluate(ParentRunner.java:229)
	at org.junit.runners.ParentRunner.run(ParentRunner.java:309)
	at org.apache.maven.surefire.junit4.JUnit4Provider.execute(JUnit4Provider.java:365)
	at org.apache.maven.surefire.junit4.JUnit4Provider.executeWithRerun(JUnit4Provider.java:273)
	at org.apache.maven.surefire.junit4.JUnit4Provider.executeTestSet(JUnit4Provider.java:238)
	at org.apache.maven.surefire.junit4.JUnit4Provider.invoke(JUnit4Provider.java:159)
	at org.apache.maven.surefire.booter.ForkedBooter.invokeProviderInSameClassLoader(ForkedBooter.java:384)
	at org.apache.maven.surefire.booter.ForkedBooter.runSuitesInProcess(ForkedBooter.java:345)
	at org.apache.maven.surefire.booter.ForkedBooter.execute(ForkedBooter.java:126)
	at org.apache.maven.surefire.booter.ForkedBooter.main(ForkedBooter.java:418)
]]></failure>
    <system-out><![CDATA[2019-10-14 09:44:59,208 [main] WARN  server.ServerUtils (ServerUtils.java:getScmDbDir(145)) - ozone.scm.db.dirs is not configured. We recommend adding this setting. Falling back to ozone.metadata.dirs instead.
2019-10-14 09:44:59,233 [main] WARN  server.ServerUtils (ServerUtils.java:getScmDbDir(145)) - ozone.scm.db.dirs is not configured. We recommend adding this setting. Falling back to ozone.metadata.dirs instead.
2019-10-14 09:44:59,234 [main] WARN  server.ServerUtils (ServerUtils.java:getScmDbDir(145)) - ozone.scm.db.dirs is not configured. We recommend adding this setting. Falling back to ozone.metadata.dirs instead.
2019-10-14 09:44:59,234 [main] INFO  db.DBStoreBuilder (DBStoreBuilder.java:addTable(110)) - using custom profile for table: deletedBlocks
2019-10-14 09:44:59,234 [main] INFO  db.DBStoreBuilder (DBStoreBuilder.java:processTables(161)) - Using default column profile:DBProfile.DISK for Table:deletedBlocks
2019-10-14 09:44:59,235 [main] INFO  db.DBStoreBuilder (DBStoreBuilder.java:addTable(110)) - using custom profile for table: validCerts
2019-10-14 09:44:59,235 [main] INFO  db.DBStoreBuilder (DBStoreBuilder.java:processTables(161)) - Using default column profile:DBProfile.DISK for Table:validCerts
2019-10-14 09:44:59,235 [main] INFO  db.DBStoreBuilder (DBStoreBuilder.java:addTable(110)) - using custom profile for table: revokedCerts
2019-10-14 09:44:59,235 [main] INFO  db.DBStoreBuilder (DBStoreBuilder.java:processTables(161)) - Using default column profile:DBProfile.DISK for Table:revokedCerts
2019-10-14 09:44:59,235 [main] INFO  db.DBStoreBuilder (DBStoreBuilder.java:addTable(110)) - using custom profile for table: default
2019-10-14 09:44:59,235 [main] INFO  db.DBStoreBuilder (DBStoreBuilder.java:processTables(167)) - Using default column profile:DBProfile.DISK for Table:default
2019-10-14 09:44:59,235 [main] INFO  db.DBStoreBuilder (DBStoreBuilder.java:getDbProfile(198)) - Using default options. DBProfile.DISK
2019-10-14 09:44:59,498 [main] INFO  net.NodeSchemaLoader (NodeSchemaLoader.java:loadSchemaFromFile(125)) - Loading file from sun.misc.CompoundEnumeration@34c7232c
2019-10-14 09:44:59,499 [main] INFO  net.NodeSchemaLoader (NodeSchemaLoader.java:loadSchema(171)) - Loading network topology layer schema file
2019-10-14 09:44:59,506 [main] INFO  node.SCMNodeManager (SCMNodeManager.java:<init>(114)) - Entering startup safe mode.
2019-10-14 09:44:59,507 [main] INFO  algorithms.ContainerPlacementPolicyFactory (ContainerPlacementPolicyFactory.java:getPolicy(59)) - Create container placement policy of type org.apache.hadoop.hdds.scm.container.placement.algorithms.SCMContainerPlacementRandom
2019-10-14 09:44:59,507 [main] WARN  server.ServerUtils (ServerUtils.java:getScmDbDir(145)) - ozone.scm.db.dirs is not configured. We recommend adding this setting. Falling back to ozone.metadata.dirs instead.
2019-10-14 09:44:59,606 [main] INFO  pipeline.SCMPipelineManager (SCMPipelineManager.java:initializePipelineState(137)) - No pipeline exists in current db
2019-10-14 09:44:59,607 [main] WARN  server.ServerUtils (ServerUtils.java:getScmDbDir(145)) - ozone.scm.db.dirs is not configured. We recommend adding this setting. Falling back to ozone.metadata.dirs instead.
2019-10-14 09:44:59,706 [main] WARN  events.EventQueue (EventQueue.java:fireEvent(183)) - No event handler registered for event TypedEvent{payloadType=SafeModeStatus, name='SafeModeStatus'}
2019-10-14 09:44:59,707 [main] INFO  ipc.CallQueueManager (CallQueueManager.java:<init>(84)) - Using callQueue: class java.util.concurrent.LinkedBlockingQueue, queueCapacity: 2000, scheduler: class org.apache.hadoop.ipc.DefaultRpcScheduler, ipcBackoff: false.
2019-10-14 09:44:59,708 [Socket Reader #1 for port 42991] INFO  ipc.Server (Server.java:run(1074)) - Starting Socket Reader #1 for port 42991
2019-10-14 09:44:59,710 [main] INFO  ipc.CallQueueManager (CallQueueManager.java:<init>(84)) - Using callQueue: class java.util.concurrent.LinkedBlockingQueue, queueCapacity: 2000, scheduler: class org.apache.hadoop.ipc.DefaultRpcScheduler, ipcBackoff: false.
2019-10-14 09:44:59,711 [Socket Reader #1 for port 44298] INFO  ipc.Server (Server.java:run(1074)) - Starting Socket Reader #1 for port 44298
2019-10-14 09:44:59,713 [main] INFO  ipc.CallQueueManager (CallQueueManager.java:<init>(84)) - Using callQueue: class java.util.concurrent.LinkedBlockingQueue, queueCapacity: 2000, scheduler: class org.apache.hadoop.ipc.DefaultRpcScheduler, ipcBackoff: false.
2019-10-14 09:44:59,713 [Socket Reader #1 for port 37864] INFO  ipc.Server (Server.java:run(1074)) - Starting Socket Reader #1 for port 37864
2019-10-14 09:44:59,716 [main] INFO  hdfs.DFSUtil (DFSUtil.java:httpServerTemplateForNNAndJN(1641)) - Starting Web-server for scm at: http://0.0.0.0:0
2019-10-14 09:44:59,719 [main] INFO  server.AuthenticationFilter (AuthenticationFilter.java:constructSecretProvider(240)) - Unable to initialize FileSignerSecretProvider, falling back to use random secrets.
2019-10-14 09:44:59,720 [main] WARN  http.HttpRequestLog (HttpRequestLog.java:getRequestLog(97)) - Jetty request log can only be enabled using Log4j
2019-10-14 09:44:59,723 [main] INFO  http.HttpServer2 (HttpServer2.java:addGlobalFilter(975)) - Added global filter 'safety' (class=org.apache.hadoop.http.HttpServer2$QuotingInputFilter)
2019-10-14 09:44:59,724 [main] INFO  http.HttpServer2 (HttpServer2.java:addFilter(948)) - Added filter static_user_filter (class=org.apache.hadoop.http.lib.StaticUserWebFilter$StaticUserFilter) to context scm
2019-10-14 09:44:59,724 [main] INFO  http.HttpServer2 (HttpServer2.java:addFilter(958)) - Added filter static_user_filter (class=org.apache.hadoop.http.lib.StaticUserWebFilter$StaticUserFilter) to context logs
2019-10-14 09:44:59,724 [main] INFO  http.HttpServer2 (HttpServer2.java:addFilter(958)) - Added filter static_user_filter (class=org.apache.hadoop.http.lib.StaticUserWebFilter$StaticUserFilter) to context static
2019-10-14 09:44:59,727 [main] INFO  server.StorageContainerManager (StorageContainerManager.java:start(770)) - StorageContainerLocationProtocol RPC server is listening at /0.0.0.0:37864
2019-10-14 09:44:59,730 [main] WARN  impl.MetricsConfig (MetricsConfig.java:loadFirst(134)) - Cannot locate configuration: tried hadoop-metrics2-storagecontainermanager.properties,hadoop-metrics2.properties
2019-10-14 09:44:59,731 [main] INFO  impl.MetricsSystemImpl (MetricsSystemImpl.java:startTimer(374)) - Scheduled Metric snapshot period at 10 second(s).
2019-10-14 09:44:59,731 [main] INFO  impl.MetricsSystemImpl (MetricsSystemImpl.java:start(191)) - StorageContainerManager metrics system started
2019-10-14 09:44:59,866 [main] WARN  impl.MetricsSystemImpl (MetricsSystemImpl.java:register(276)) - Sink prometheus already exists!
2019-10-14 09:44:59,920 [main] INFO  server.SCMClientProtocolServer (SCMClientProtocolServer.java:start(151)) - RPC server for Client  is listening at /0.0.0.0:37864
2019-10-14 09:44:59,921 [IPC Server Responder] INFO  ipc.Server (Server.java:run(1314)) - IPC Server Responder: starting
2019-10-14 09:44:59,921 [IPC Server listener on 37864] INFO  ipc.Server (Server.java:run(1153)) - IPC Server listener on 37864: starting
2019-10-14 09:44:59,926 [main] INFO  server.StorageContainerManager (StorageContainerManager.java:start(780)) - ScmBlockLocationProtocol RPC server is listening at /0.0.0.0:44298
2019-10-14 09:44:59,926 [main] INFO  server.SCMBlockProtocolServer (SCMBlockProtocolServer.java:start(146)) - RPC server for Block Protocol is listening at /0.0.0.0:44298
2019-10-14 09:44:59,927 [IPC Server Responder] INFO  ipc.Server (Server.java:run(1314)) - IPC Server Responder: starting
2019-10-14 09:44:59,927 [IPC Server listener on 44298] INFO  ipc.Server (Server.java:run(1153)) - IPC Server listener on 44298: starting
2019-10-14 09:44:59,932 [main] INFO  server.StorageContainerManager (StorageContainerManager.java:start(784)) - ScmDatanodeProtocl RPC server is listening at /0.0.0.0:42991
2019-10-14 09:44:59,932 [main] INFO  server.SCMDatanodeProtocolServer (SCMDatanodeProtocolServer.java:start(191)) - RPC server for DataNodes is listening at /0.0.0.0:42991
2019-10-14 09:44:59,933 [IPC Server Responder] INFO  ipc.Server (Server.java:run(1314)) - IPC Server Responder: starting
2019-10-14 09:44:59,934 [IPC Server listener on 42991] INFO  ipc.Server (Server.java:run(1153)) - IPC Server listener on 42991: starting
2019-10-14 09:44:59,938 [main] INFO  http.HttpServer2 (HttpServer2.java:bindListener(1191)) - Jetty bound to port 39258
2019-10-14 09:44:59,939 [main] INFO  server.Server (Server.java:doStart(351)) - jetty-9.3.25.v20180904, build timestamp: 2018-09-04T21:11:46Z, git hash: 3ce520221d0240229c862b122d2b06c12a625732
2019-10-14 09:44:59,941 [main] INFO  handler.ContextHandler (ContextHandler.java:doStart(781)) - Started o.e.j.s.ServletContextHandler@2dc39b53{/logs,file:///workdir/hadoop-ozone/integration-test/target/log,AVAILABLE}
2019-10-14 09:44:59,942 [main] INFO  handler.ContextHandler (ContextHandler.java:doStart(781)) - Started o.e.j.s.ServletContextHandler@2f2e4bde{/static,file:///workdir/hadoop-ozone/integration-test/target/test-classes/webapps/static,AVAILABLE}
2019-10-14 09:44:59,949 [main] INFO  handler.ContextHandler (ContextHandler.java:doStart(781)) - Started o.e.j.w.WebAppContext@130cfc47{/,file:///workdir/hadoop-ozone/integration-test/target/test-classes/webapps/scm/,AVAILABLE}{/scm}
2019-10-14 09:44:59,950 [main] INFO  server.AbstractConnector (AbstractConnector.java:doStart(278)) - Started ServerConnector@4eeab3e{HTTP/1.1,[http/1.1]}{0.0.0.0:39258}
2019-10-14 09:44:59,951 [main] INFO  server.Server (Server.java:doStart(419)) - Started @603216ms
2019-10-14 09:44:59,952 [main] WARN  impl.MetricsSystemImpl (MetricsSystemImpl.java:register(276)) - Sink prometheus already exists!
2019-10-14 09:44:59,952 [main] INFO  server.BaseHttpServer (BaseHttpServer.java:updateConnectorAddress(215)) - HTTP server of SCM is listening at http://0.0.0.0:39258
2019-10-14 09:44:59,953 [main] WARN  server.ServerUtils (ServerUtils.java:getDBPath(222)) - ozone.om.db.dirs is not configured. We recommend adding this setting. Falling back to ozone.metadata.dirs instead.
2019-10-14 09:44:59,953 [org.apache.hadoop.util.JvmPauseMonitor$Monitor@2eb0cefe] INFO  util.JvmPauseMonitor (JvmPauseMonitor.java:run(188)) - Starting JVM pause monitor
2019-10-14 09:44:59,978 [main] WARN  server.ServerUtils (ServerUtils.java:getDBPath(222)) - ozone.om.db.dirs is not configured. We recommend adding this setting. Falling back to ozone.metadata.dirs instead.
2019-10-14 09:44:59,978 [main] WARN  server.ServerUtils (ServerUtils.java:getDBPath(222)) - ozone.om.db.dirs is not configured. We recommend adding this setting. Falling back to ozone.metadata.dirs instead.
2019-10-14 09:44:59,979 [main] INFO  om.OzoneManager (OzoneManager.java:setOMNodeDetails(652)) - OM Service ID is not set. Setting it to the default ID: omServiceIdDefault
2019-10-14 09:44:59,979 [main] INFO  om.OzoneManager (OzoneManager.java:setOMNodeDetails(658)) - OM Node ID is not set. Setting it to the OmStorage's OmID: ed000b05-f03d-4e75-be93-2022433dfc06
2019-10-14 09:44:59,979 [main] INFO  om.OzoneManager (OzoneManager.java:loadOMHAConfigs(609)) - Found matching OM address with OMServiceId: null, OMNodeId: null, RPC Address: localhost:0 and Ratis port: 9872
2019-10-14 09:44:59,986 [main] WARN  server.ServerUtils (ServerUtils.java:getDBPath(222)) - ozone.om.db.dirs is not configured. We recommend adding this setting. Falling back to ozone.metadata.dirs instead.
2019-10-14 09:44:59,987 [main] INFO  db.DBStoreBuilder (DBStoreBuilder.java:addTable(110)) - using custom profile for table: userTable
2019-10-14 09:44:59,987 [main] INFO  db.DBStoreBuilder (DBStoreBuilder.java:processTables(161)) - Using default column profile:DBProfile.DISK for Table:userTable
2019-10-14 09:44:59,987 [main] INFO  db.DBStoreBuilder (DBStoreBuilder.java:addTable(110)) - using custom profile for table: volumeTable
2019-10-14 09:44:59,987 [main] INFO  db.DBStoreBuilder (DBStoreBuilder.java:processTables(161)) - Using default column profile:DBProfile.DISK for Table:volumeTable
2019-10-14 09:44:59,987 [main] INFO  db.DBStoreBuilder (DBStoreBuilder.java:addTable(110)) - using custom profile for table: bucketTable
2019-10-14 09:44:59,987 [main] INFO  db.DBStoreBuilder (DBStoreBuilder.java:processTables(161)) - Using default column profile:DBProfile.DISK for Table:bucketTable
2019-10-14 09:44:59,988 [main] INFO  db.DBStoreBuilder (DBStoreBuilder.java:addTable(110)) - using custom profile for table: keyTable
2019-10-14 09:44:59,988 [main] INFO  db.DBStoreBuilder (DBStoreBuilder.java:processTables(161)) - Using default column profile:DBProfile.DISK for Table:keyTable
2019-10-14 09:44:59,988 [main] INFO  db.DBStoreBuilder (DBStoreBuilder.java:addTable(110)) - using custom profile for table: deletedTable
2019-10-14 09:44:59,988 [main] INFO  db.DBStoreBuilder (DBStoreBuilder.java:processTables(161)) - Using default column profile:DBProfile.DISK for Table:deletedTable
2019-10-14 09:44:59,988 [main] INFO  db.DBStoreBuilder (DBStoreBuilder.java:addTable(110)) - using custom profile for table: openKeyTable
2019-10-14 09:44:59,988 [main] INFO  db.DBStoreBuilder (DBStoreBuilder.java:processTables(161)) - Using default column profile:DBProfile.DISK for Table:openKeyTable
2019-10-14 09:44:59,989 [main] INFO  db.DBStoreBuilder (DBStoreBuilder.java:addTable(110)) - using custom profile for table: s3Table
2019-10-14 09:44:59,989 [main] INFO  db.DBStoreBuilder (DBStoreBuilder.java:processTables(161)) - Using default column profile:DBProfile.DISK for Table:s3Table
2019-10-14 09:44:59,989 [main] INFO  db.DBStoreBuilder (DBStoreBuilder.java:addTable(110)) - using custom profile for table: multipartInfoTable
2019-10-14 09:44:59,989 [main] INFO  db.DBStoreBuilder (DBStoreBuilder.java:processTables(161)) - Using default column profile:DBProfile.DISK for Table:multipartInfoTable
2019-10-14 09:44:59,989 [main] INFO  db.DBStoreBuilder (DBStoreBuilder.java:addTable(110)) - using custom profile for table: dTokenTable
2019-10-14 09:44:59,989 [main] INFO  db.DBStoreBuilder (DBStoreBuilder.java:processTables(161)) - Using default column profile:DBProfile.DISK for Table:dTokenTable
2019-10-14 09:44:59,990 [main] INFO  db.DBStoreBuilder (DBStoreBuilder.java:addTable(110)) - using custom profile for table: s3SecretTable
2019-10-14 09:44:59,990 [main] INFO  db.DBStoreBuilder (DBStoreBuilder.java:processTables(161)) - Using default column profile:DBProfile.DISK for Table:s3SecretTable
2019-10-14 09:44:59,990 [main] INFO  db.DBStoreBuilder (DBStoreBuilder.java:addTable(110)) - using custom profile for table: prefixTable
2019-10-14 09:44:59,990 [main] INFO  db.DBStoreBuilder (DBStoreBuilder.java:processTables(161)) - Using default column profile:DBProfile.DISK for Table:prefixTable
2019-10-14 09:44:59,990 [main] INFO  db.DBStoreBuilder (DBStoreBuilder.java:addTable(110)) - using custom profile for table: default
2019-10-14 09:44:59,990 [main] INFO  db.DBStoreBuilder (DBStoreBuilder.java:processTables(167)) - Using default column profile:DBProfile.DISK for Table:default
2019-10-14 09:44:59,991 [main] INFO  db.DBStoreBuilder (DBStoreBuilder.java:getDbProfile(198)) - Using default options. DBProfile.DISK
2019-10-14 09:45:00,719 [main] INFO  ipc.CallQueueManager (CallQueueManager.java:<init>(84)) - Using callQueue: class java.util.concurrent.LinkedBlockingQueue, queueCapacity: 2000, scheduler: class org.apache.hadoop.ipc.DefaultRpcScheduler, ipcBackoff: false.
2019-10-14 09:45:00,719 [Socket Reader #1 for port 46044] INFO  ipc.Server (Server.java:run(1074)) - Starting Socket Reader #1 for port 46044
2019-10-14 09:45:00,736 [main] INFO  om.OzoneManager (OzoneManager.java:start(1243)) - OzoneManager RPC server is listening at localhost/127.0.0.1:46044
2019-10-14 09:45:00,736 [main] INFO  impl.MetricsSystemImpl (MetricsSystemImpl.java:init(158)) - OzoneManager metrics system started (again)
2019-10-14 09:45:00,737 [IPC Server Responder] INFO  ipc.Server (Server.java:run(1314)) - IPC Server Responder: starting
2019-10-14 09:45:00,737 [IPC Server listener on 46044] INFO  ipc.Server (Server.java:run(1153)) - IPC Server listener on 46044: starting
2019-10-14 09:45:00,744 [main] INFO  hdfs.DFSUtil (DFSUtil.java:httpServerTemplateForNNAndJN(1641)) - Starting Web-server for ozoneManager at: http://0.0.0.0:0
2019-10-14 09:45:00,746 [main] INFO  server.AuthenticationFilter (AuthenticationFilter.java:constructSecretProvider(240)) - Unable to initialize FileSignerSecretProvider, falling back to use random secrets.
2019-10-14 09:45:00,746 [main] WARN  http.HttpRequestLog (HttpRequestLog.java:getRequestLog(97)) - Jetty request log can only be enabled using Log4j
2019-10-14 09:45:00,749 [main] INFO  http.HttpServer2 (HttpServer2.java:addGlobalFilter(975)) - Added global filter 'safety' (class=org.apache.hadoop.http.HttpServer2$QuotingInputFilter)
2019-10-14 09:45:00,749 [main] INFO  http.HttpServer2 (HttpServer2.java:addFilter(948)) - Added filter static_user_filter (class=org.apache.hadoop.http.lib.StaticUserWebFilter$StaticUserFilter) to context ozoneManager
2019-10-14 09:45:00,750 [main] INFO  http.HttpServer2 (HttpServer2.java:addFilter(958)) - Added filter static_user_filter (class=org.apache.hadoop.http.lib.StaticUserWebFilter$StaticUserFilter) to context static
2019-10-14 09:45:00,750 [main] INFO  http.HttpServer2 (HttpServer2.java:addFilter(958)) - Added filter static_user_filter (class=org.apache.hadoop.http.lib.StaticUserWebFilter$StaticUserFilter) to context logs
2019-10-14 09:45:00,751 [main] INFO  http.HttpServer2 (HttpServer2.java:bindListener(1191)) - Jetty bound to port 35866
2019-10-14 09:45:00,751 [main] INFO  server.Server (Server.java:doStart(351)) - jetty-9.3.25.v20180904, build timestamp: 2018-09-04T21:11:46Z, git hash: 3ce520221d0240229c862b122d2b06c12a625732
2019-10-14 09:45:00,753 [main] INFO  handler.ContextHandler (ContextHandler.java:doStart(781)) - Started o.e.j.s.ServletContextHandler@46a8c2b4{/logs,file:///workdir/hadoop-ozone/integration-test/target/log,AVAILABLE}
2019-10-14 09:45:00,753 [main] INFO  handler.ContextHandler (ContextHandler.java:doStart(781)) - Started o.e.j.s.ServletContextHandler@76563ae7{/static,file:///workdir/hadoop-ozone/integration-test/target/test-classes/webapps/static,AVAILABLE}
2019-10-14 09:45:00,758 [main] INFO  handler.ContextHandler (ContextHandler.java:doStart(781)) - Started o.e.j.w.WebAppContext@93bf0e0{/,file:///workdir/hadoop-ozone/integration-test/target/test-classes/webapps/ozoneManager/,AVAILABLE}{/ozoneManager}
2019-10-14 09:45:00,759 [main] INFO  server.AbstractConnector (AbstractConnector.java:doStart(278)) - Started ServerConnector@4981d95b{HTTP/1.1,[http/1.1]}{0.0.0.0:35866}
2019-10-14 09:45:00,760 [main] INFO  server.Server (Server.java:doStart(419)) - Started @604025ms
2019-10-14 09:45:00,760 [main] WARN  impl.MetricsSystemImpl (MetricsSystemImpl.java:register(276)) - Sink prometheus already exists!
2019-10-14 09:45:00,761 [main] INFO  server.BaseHttpServer (BaseHttpServer.java:updateConnectorAddress(215)) - HTTP server of OZONEMANAGER is listening at http://0.0.0.0:35866
2019-10-14 09:45:00,779 [main] INFO  impl.MetricsSystemImpl (MetricsSystemImpl.java:init(158)) - HddsDatanode metrics system started (again)
2019-10-14 09:45:00,783 [main] INFO  ozone.HddsDatanodeService (HddsDatanodeService.java:start(184)) - HddsDatanodeService host:pr-hdds-1569-vp9xg-4248047660 ip:192.168.164.214
2019-10-14 09:45:00,790 [main] INFO  volume.HddsVolume (HddsVolume.java:<init>(176)) - Creating Volume: /workdir/hadoop-ozone/integration-test/target/test-dir/MiniOzoneClusterImpl-65bd215d-14c9-4112-ac30-b7a247fd80ea/datanode-0/data/containers/hdds of  storage type : DISK and capacity : 1482555576320
2019-10-14 09:45:00,790 [main] INFO  volume.VolumeSet (VolumeSet.java:initializeVolumeSet(170)) - Added Volume : /workdir/hadoop-ozone/integration-test/target/test-dir/MiniOzoneClusterImpl-65bd215d-14c9-4112-ac30-b7a247fd80ea/datanode-0/data/containers/hdds to VolumeSet
2019-10-14 09:45:00,790 [main] INFO  volume.ThrottledAsyncChecker (ThrottledAsyncChecker.java:schedule(139)) - Scheduling a check for org.apache.hadoop.ozone.container.common.volume.HddsVolume@238291d4
2019-10-14 09:45:00,791 [main] INFO  volume.HddsVolumeChecker (HddsVolumeChecker.java:checkAllVolumes(202)) - Scheduled health check for volume org.apache.hadoop.ozone.container.common.volume.HddsVolume@238291d4
2019-10-14 09:45:00,807 [main] INFO  impl.RaftServerProxy (ConfUtils.java:logGet(43)) - raft.rpc.type = GRPC (default)
2019-10-14 09:45:00,808 [main] INFO  grpc.GrpcFactory (GrpcFactory.java:checkPooledByteBufAllocatorUseCacheForAllThreads(45)) - PERFORMANCE WARNING: useCacheForAllThreads is true that may cause Netty to create a lot garbage objects and, as a result, trigger GC.
	It is recommended to disable useCacheForAllThreads by setting -Dorg.apache.ratis.thirdparty.io.netty.allocator.useCacheForAllThreads=false in command line.
2019-10-14 09:45:00,808 [main] INFO  grpc.GrpcConfigKeys$Server (ConfUtils.java:logGet(43)) - raft.grpc.server.port = 0 (default)
2019-10-14 09:45:00,808 [main] INFO  server.GrpcService (ConfUtils.java:logGet(43)) - raft.grpc.message.size.max = 33570816 (custom)
2019-10-14 09:45:00,809 [main] INFO  server.RaftServerConfigKeys (ConfUtils.java:logGet(43)) - raft.server.log.appender.buffer.byte-limit = 33554432 (custom)
2019-10-14 09:45:00,809 [main] INFO  server.GrpcService (ConfUtils.java:logGet(43)) - raft.grpc.flow.control.window = 1MB (=1048576) (default)
2019-10-14 09:45:00,809 [main] INFO  server.RaftServerConfigKeys (ConfUtils.java:logGet(43)) - raft.server.rpc.request.timeout = 3000ms (default)
2019-10-14 09:45:00,810 [main] INFO  server.RaftServerConfigKeys (ConfUtils.java:logGet(43)) - raft.server.storage.dir = [/workdir/hadoop-ozone/integration-test/target/test-dir/MiniOzoneClusterImpl-65bd215d-14c9-4112-ac30-b7a247fd80ea/datanode-0/data/ratis] (custom)
2019-10-14 09:45:00,812 [main] INFO  hdfs.DFSUtil (DFSUtil.java:httpServerTemplateForNNAndJN(1641)) - Starting Web-server for hddsDatanode at: http://0.0.0.0:0
2019-10-14 09:45:00,813 [main] INFO  server.AuthenticationFilter (AuthenticationFilter.java:constructSecretProvider(240)) - Unable to initialize FileSignerSecretProvider, falling back to use random secrets.
2019-10-14 09:45:00,814 [main] WARN  http.HttpRequestLog (HttpRequestLog.java:getRequestLog(97)) - Jetty request log can only be enabled using Log4j
2019-10-14 09:45:00,815 [main] INFO  http.HttpServer2 (HttpServer2.java:addGlobalFilter(975)) - Added global filter 'safety' (class=org.apache.hadoop.http.HttpServer2$QuotingInputFilter)
2019-10-14 09:45:00,816 [main] INFO  http.HttpServer2 (HttpServer2.java:addFilter(948)) - Added filter static_user_filter (class=org.apache.hadoop.http.lib.StaticUserWebFilter$StaticUserFilter) to context hddsDatanode
2019-10-14 09:45:00,816 [main] INFO  http.HttpServer2 (HttpServer2.java:addFilter(958)) - Added filter static_user_filter (class=org.apache.hadoop.http.lib.StaticUserWebFilter$StaticUserFilter) to context static
2019-10-14 09:45:00,816 [main] INFO  http.HttpServer2 (HttpServer2.java:addFilter(958)) - Added filter static_user_filter (class=org.apache.hadoop.http.lib.StaticUserWebFilter$StaticUserFilter) to context logs
2019-10-14 09:45:00,816 [main] INFO  http.HttpServer2 (HttpServer2.java:bindListener(1191)) - Jetty bound to port 35317
2019-10-14 09:45:00,817 [main] INFO  server.Server (Server.java:doStart(351)) - jetty-9.3.25.v20180904, build timestamp: 2018-09-04T21:11:46Z, git hash: 3ce520221d0240229c862b122d2b06c12a625732
2019-10-14 09:45:00,818 [main] INFO  handler.ContextHandler (ContextHandler.java:doStart(781)) - Started o.e.j.s.ServletContextHandler@755b5f30{/logs,file:///workdir/hadoop-ozone/integration-test/target/log,AVAILABLE}
2019-10-14 09:45:00,818 [main] INFO  handler.ContextHandler (ContextHandler.java:doStart(781)) - Started o.e.j.s.ServletContextHandler@272778ae{/static,jar:file:/home/user/.m2/repository/org/apache/hadoop/hadoop-hdds-container-service/0.5.0-SNAPSHOT/hadoop-hdds-container-service-0.5.0-SNAPSHOT.jar!/webapps/static,AVAILABLE}
2019-10-14 09:45:00,848 [main] INFO  handler.ContextHandler (ContextHandler.java:doStart(781)) - Started o.e.j.w.WebAppContext@77083e41{/,file:///tmp/jetty-0.0.0.0-35317-hddsDatanode-_-any-7185488333005413334.dir/webapp/,AVAILABLE}{/hddsDatanode}
2019-10-14 09:45:00,849 [main] INFO  server.AbstractConnector (AbstractConnector.java:doStart(278)) - Started ServerConnector@231df705{HTTP/1.1,[http/1.1]}{0.0.0.0:35317}
2019-10-14 09:45:00,850 [main] INFO  server.Server (Server.java:doStart(419)) - Started @604115ms
2019-10-14 09:45:00,850 [main] WARN  impl.MetricsSystemImpl (MetricsSystemImpl.java:register(276)) - Sink prometheus already exists!
2019-10-14 09:45:00,851 [main] INFO  server.BaseHttpServer (BaseHttpServer.java:updateConnectorAddress(215)) - HTTP server of HDDSDATANODE is listening at http://0.0.0.0:35317
2019-10-14 09:45:00,851 [main] INFO  impl.MetricsSystemImpl (MetricsSystemImpl.java:init(158)) - HddsDatanode metrics system started (again)
2019-10-14 09:45:00,855 [org.apache.hadoop.util.JvmPauseMonitor$Monitor@621e8448] INFO  util.JvmPauseMonitor (JvmPauseMonitor.java:run(188)) - Starting JVM pause monitor
2019-10-14 09:45:00,855 [main] INFO  ozone.HddsDatanodeService (HddsDatanodeService.java:start(184)) - HddsDatanodeService host:pr-hdds-1569-vp9xg-4248047660 ip:192.168.164.214
2019-10-14 09:45:00,857 [Datanode State Machine Thread - 0] INFO  datanode.InitDatanodeState (InitDatanodeState.java:persistContainerDatanodeDetails(140)) - DatanodeDetails is persisted to /workdir/hadoop-ozone/integration-test/target/test-dir/MiniOzoneClusterImpl-65bd215d-14c9-4112-ac30-b7a247fd80ea/datanode-0/meta/datanode.id
2019-10-14 09:45:00,861 [main] INFO  volume.HddsVolume (HddsVolume.java:<init>(176)) - Creating Volume: /workdir/hadoop-ozone/integration-test/target/test-dir/MiniOzoneClusterImpl-65bd215d-14c9-4112-ac30-b7a247fd80ea/datanode-1/data/containers/hdds of  storage type : DISK and capacity : 1482555576320
2019-10-14 09:45:00,861 [main] INFO  volume.VolumeSet (VolumeSet.java:initializeVolumeSet(170)) - Added Volume : /workdir/hadoop-ozone/integration-test/target/test-dir/MiniOzoneClusterImpl-65bd215d-14c9-4112-ac30-b7a247fd80ea/datanode-1/data/containers/hdds to VolumeSet
2019-10-14 09:45:00,861 [main] INFO  volume.ThrottledAsyncChecker (ThrottledAsyncChecker.java:schedule(139)) - Scheduling a check for org.apache.hadoop.ozone.container.common.volume.HddsVolume@2484dbb7
2019-10-14 09:45:00,862 [main] INFO  volume.HddsVolumeChecker (HddsVolumeChecker.java:checkAllVolumes(202)) - Scheduled health check for volume org.apache.hadoop.ozone.container.common.volume.HddsVolume@2484dbb7
2019-10-14 09:45:00,875 [main] INFO  impl.RaftServerProxy (ConfUtils.java:logGet(43)) - raft.rpc.type = GRPC (default)
2019-10-14 09:45:00,875 [main] INFO  grpc.GrpcFactory (GrpcFactory.java:checkPooledByteBufAllocatorUseCacheForAllThreads(45)) - PERFORMANCE WARNING: useCacheForAllThreads is true that may cause Netty to create a lot garbage objects and, as a result, trigger GC.
	It is recommended to disable useCacheForAllThreads by setting -Dorg.apache.ratis.thirdparty.io.netty.allocator.useCacheForAllThreads=false in command line.
2019-10-14 09:45:00,875 [main] INFO  grpc.GrpcConfigKeys$Server (ConfUtils.java:logGet(43)) - raft.grpc.server.port = 0 (default)
2019-10-14 09:45:00,876 [main] INFO  server.GrpcService (ConfUtils.java:logGet(43)) - raft.grpc.message.size.max = 33570816 (custom)
2019-10-14 09:45:00,876 [main] INFO  server.RaftServerConfigKeys (ConfUtils.java:logGet(43)) - raft.server.log.appender.buffer.byte-limit = 33554432 (custom)
2019-10-14 09:45:00,876 [main] INFO  server.GrpcService (ConfUtils.java:logGet(43)) - raft.grpc.flow.control.window = 1MB (=1048576) (default)
2019-10-14 09:45:00,876 [main] INFO  server.RaftServerConfigKeys (ConfUtils.java:logGet(43)) - raft.server.rpc.request.timeout = 3000ms (default)
2019-10-14 09:45:00,877 [main] INFO  server.RaftServerConfigKeys (ConfUtils.java:logGet(43)) - raft.server.storage.dir = [/workdir/hadoop-ozone/integration-test/target/test-dir/MiniOzoneClusterImpl-65bd215d-14c9-4112-ac30-b7a247fd80ea/datanode-1/data/ratis] (custom)
2019-10-14 09:45:00,878 [main] INFO  hdfs.DFSUtil (DFSUtil.java:httpServerTemplateForNNAndJN(1641)) - Starting Web-server for hddsDatanode at: http://0.0.0.0:0
2019-10-14 09:45:00,879 [main] INFO  server.AuthenticationFilter (AuthenticationFilter.java:constructSecretProvider(240)) - Unable to initialize FileSignerSecretProvider, falling back to use random secrets.
2019-10-14 09:45:00,879 [main] WARN  http.HttpRequestLog (HttpRequestLog.java:getRequestLog(97)) - Jetty request log can only be enabled using Log4j
2019-10-14 09:45:00,880 [main] INFO  http.HttpServer2 (HttpServer2.java:addGlobalFilter(975)) - Added global filter 'safety' (class=org.apache.hadoop.http.HttpServer2$QuotingInputFilter)
2019-10-14 09:45:00,881 [main] INFO  http.HttpServer2 (HttpServer2.java:addFilter(948)) - Added filter static_user_filter (class=org.apache.hadoop.http.lib.StaticUserWebFilter$StaticUserFilter) to context hddsDatanode
2019-10-14 09:45:00,881 [main] INFO  http.HttpServer2 (HttpServer2.java:addFilter(958)) - Added filter static_user_filter (class=org.apache.hadoop.http.lib.StaticUserWebFilter$StaticUserFilter) to context static
2019-10-14 09:45:00,881 [main] INFO  http.HttpServer2 (HttpServer2.java:addFilter(958)) - Added filter static_user_filter (class=org.apache.hadoop.http.lib.StaticUserWebFilter$StaticUserFilter) to context logs
2019-10-14 09:45:00,882 [main] INFO  http.HttpServer2 (HttpServer2.java:bindListener(1191)) - Jetty bound to port 37256
2019-10-14 09:45:00,882 [main] INFO  server.Server (Server.java:doStart(351)) - jetty-9.3.25.v20180904, build timestamp: 2018-09-04T21:11:46Z, git hash: 3ce520221d0240229c862b122d2b06c12a625732
2019-10-14 09:45:00,883 [main] INFO  handler.ContextHandler (ContextHandler.java:doStart(781)) - Started o.e.j.s.ServletContextHandler@57cabdc3{/logs,file:///workdir/hadoop-ozone/integration-test/target/log,AVAILABLE}
2019-10-14 09:45:00,884 [main] INFO  handler.ContextHandler (ContextHandler.java:doStart(781)) - Started o.e.j.s.ServletContextHandler@129c4d19{/static,jar:file:/home/user/.m2/repository/org/apache/hadoop/hadoop-hdds-container-service/0.5.0-SNAPSHOT/hadoop-hdds-container-service-0.5.0-SNAPSHOT.jar!/webapps/static,AVAILABLE}
2019-10-14 09:45:00,916 [main] INFO  handler.ContextHandler (ContextHandler.java:doStart(781)) - Started o.e.j.w.WebAppContext@5e3db14{/,file:///tmp/jetty-0.0.0.0-37256-hddsDatanode-_-any-3845507842650958355.dir/webapp/,AVAILABLE}{/hddsDatanode}
2019-10-14 09:45:00,916 [main] INFO  server.AbstractConnector (AbstractConnector.java:doStart(278)) - Started ServerConnector@5fb54740{HTTP/1.1,[http/1.1]}{0.0.0.0:37256}
2019-10-14 09:45:00,918 [main] INFO  server.Server (Server.java:doStart(419)) - Started @604183ms
2019-10-14 09:45:00,919 [main] WARN  impl.MetricsSystemImpl (MetricsSystemImpl.java:register(276)) - Sink prometheus already exists!
2019-10-14 09:45:00,919 [main] INFO  server.BaseHttpServer (BaseHttpServer.java:updateConnectorAddress(215)) - HTTP server of HDDSDATANODE is listening at http://0.0.0.0:37256
2019-10-14 09:45:00,920 [main] INFO  impl.MetricsSystemImpl (MetricsSystemImpl.java:init(158)) - HddsDatanode metrics system started (again)
2019-10-14 09:45:00,923 [org.apache.hadoop.util.JvmPauseMonitor$Monitor@71d882e5] INFO  util.JvmPauseMonitor (JvmPauseMonitor.java:run(188)) - Starting JVM pause monitor
2019-10-14 09:45:00,924 [main] INFO  ozone.HddsDatanodeService (HddsDatanodeService.java:start(184)) - HddsDatanodeService host:pr-hdds-1569-vp9xg-4248047660 ip:192.168.164.214
2019-10-14 09:45:00,924 [Datanode State Machine Thread - 0] INFO  datanode.InitDatanodeState (InitDatanodeState.java:persistContainerDatanodeDetails(140)) - DatanodeDetails is persisted to /workdir/hadoop-ozone/integration-test/target/test-dir/MiniOzoneClusterImpl-65bd215d-14c9-4112-ac30-b7a247fd80ea/datanode-1/meta/datanode.id
2019-10-14 09:45:00,930 [main] INFO  volume.HddsVolume (HddsVolume.java:<init>(176)) - Creating Volume: /workdir/hadoop-ozone/integration-test/target/test-dir/MiniOzoneClusterImpl-65bd215d-14c9-4112-ac30-b7a247fd80ea/datanode-2/data/containers/hdds of  storage type : DISK and capacity : 1482555576320
2019-10-14 09:45:00,930 [main] INFO  volume.VolumeSet (VolumeSet.java:initializeVolumeSet(170)) - Added Volume : /workdir/hadoop-ozone/integration-test/target/test-dir/MiniOzoneClusterImpl-65bd215d-14c9-4112-ac30-b7a247fd80ea/datanode-2/data/containers/hdds to VolumeSet
2019-10-14 09:45:00,930 [main] INFO  volume.ThrottledAsyncChecker (ThrottledAsyncChecker.java:schedule(139)) - Scheduling a check for org.apache.hadoop.ozone.container.common.volume.HddsVolume@6aae0e6f
2019-10-14 09:45:00,931 [main] INFO  volume.HddsVolumeChecker (HddsVolumeChecker.java:checkAllVolumes(202)) - Scheduled health check for volume org.apache.hadoop.ozone.container.common.volume.HddsVolume@6aae0e6f
2019-10-14 09:45:00,945 [main] INFO  impl.RaftServerProxy (ConfUtils.java:logGet(43)) - raft.rpc.type = GRPC (default)
2019-10-14 09:45:00,945 [main] INFO  grpc.GrpcFactory (GrpcFactory.java:checkPooledByteBufAllocatorUseCacheForAllThreads(45)) - PERFORMANCE WARNING: useCacheForAllThreads is true that may cause Netty to create a lot garbage objects and, as a result, trigger GC.
	It is recommended to disable useCacheForAllThreads by setting -Dorg.apache.ratis.thirdparty.io.netty.allocator.useCacheForAllThreads=false in command line.
2019-10-14 09:45:00,945 [main] INFO  grpc.GrpcConfigKeys$Server (ConfUtils.java:logGet(43)) - raft.grpc.server.port = 0 (default)
2019-10-14 09:45:00,945 [main] INFO  server.GrpcService (ConfUtils.java:logGet(43)) - raft.grpc.message.size.max = 33570816 (custom)
2019-10-14 09:45:00,945 [main] INFO  server.RaftServerConfigKeys (ConfUtils.java:logGet(43)) - raft.server.log.appender.buffer.byte-limit = 33554432 (custom)
2019-10-14 09:45:00,946 [main] INFO  server.GrpcService (ConfUtils.java:logGet(43)) - raft.grpc.flow.control.window = 1MB (=1048576) (default)
2019-10-14 09:45:00,946 [main] INFO  server.RaftServerConfigKeys (ConfUtils.java:logGet(43)) - raft.server.rpc.request.timeout = 3000ms (default)
2019-10-14 09:45:00,946 [main] INFO  server.RaftServerConfigKeys (ConfUtils.java:logGet(43)) - raft.server.storage.dir = [/workdir/hadoop-ozone/integration-test/target/test-dir/MiniOzoneClusterImpl-65bd215d-14c9-4112-ac30-b7a247fd80ea/datanode-2/data/ratis] (custom)
2019-10-14 09:45:00,947 [main] INFO  hdfs.DFSUtil (DFSUtil.java:httpServerTemplateForNNAndJN(1641)) - Starting Web-server for hddsDatanode at: http://0.0.0.0:0
2019-10-14 09:45:00,948 [main] INFO  server.AuthenticationFilter (AuthenticationFilter.java:constructSecretProvider(240)) - Unable to initialize FileSignerSecretProvider, falling back to use random secrets.
2019-10-14 09:45:00,949 [main] WARN  http.HttpRequestLog (HttpRequestLog.java:getRequestLog(97)) - Jetty request log can only be enabled using Log4j
2019-10-14 09:45:00,950 [main] INFO  http.HttpServer2 (HttpServer2.java:addGlobalFilter(975)) - Added global filter 'safety' (class=org.apache.hadoop.http.HttpServer2$QuotingInputFilter)
2019-10-14 09:45:00,951 [main] INFO  http.HttpServer2 (HttpServer2.java:addFilter(948)) - Added filter static_user_filter (class=org.apache.hadoop.http.lib.StaticUserWebFilter$StaticUserFilter) to context hddsDatanode
2019-10-14 09:45:00,951 [main] INFO  http.HttpServer2 (HttpServer2.java:addFilter(958)) - Added filter static_user_filter (class=org.apache.hadoop.http.lib.StaticUserWebFilter$StaticUserFilter) to context logs
2019-10-14 09:45:00,951 [main] INFO  http.HttpServer2 (HttpServer2.java:addFilter(958)) - Added filter static_user_filter (class=org.apache.hadoop.http.lib.StaticUserWebFilter$StaticUserFilter) to context static
2019-10-14 09:45:00,951 [main] INFO  http.HttpServer2 (HttpServer2.java:bindListener(1191)) - Jetty bound to port 40001
2019-10-14 09:45:00,952 [main] INFO  server.Server (Server.java:doStart(351)) - jetty-9.3.25.v20180904, build timestamp: 2018-09-04T21:11:46Z, git hash: 3ce520221d0240229c862b122d2b06c12a625732
2019-10-14 09:45:00,953 [main] INFO  handler.ContextHandler (ContextHandler.java:doStart(781)) - Started o.e.j.s.ServletContextHandler@78c74647{/logs,file:///workdir/hadoop-ozone/integration-test/target/log,AVAILABLE}
2019-10-14 09:45:00,953 [main] INFO  handler.ContextHandler (ContextHandler.java:doStart(781)) - Started o.e.j.s.ServletContextHandler@5763a655{/static,jar:file:/home/user/.m2/repository/org/apache/hadoop/hadoop-hdds-container-service/0.5.0-SNAPSHOT/hadoop-hdds-container-service-0.5.0-SNAPSHOT.jar!/webapps/static,AVAILABLE}
2019-10-14 09:45:00,981 [main] INFO  handler.ContextHandler (ContextHandler.java:doStart(781)) - Started o.e.j.w.WebAppContext@21274afe{/,file:///tmp/jetty-0.0.0.0-40001-hddsDatanode-_-any-3741838287308050811.dir/webapp/,AVAILABLE}{/hddsDatanode}
2019-10-14 09:45:00,981 [main] INFO  server.AbstractConnector (AbstractConnector.java:doStart(278)) - Started ServerConnector@76a362a4{HTTP/1.1,[http/1.1]}{0.0.0.0:40001}
2019-10-14 09:45:00,983 [main] INFO  server.Server (Server.java:doStart(419)) - Started @604248ms
2019-10-14 09:45:00,983 [main] WARN  impl.MetricsSystemImpl (MetricsSystemImpl.java:register(276)) - Sink prometheus already exists!
2019-10-14 09:45:00,984 [main] INFO  server.BaseHttpServer (BaseHttpServer.java:updateConnectorAddress(215)) - HTTP server of HDDSDATANODE is listening at http://0.0.0.0:40001
2019-10-14 09:45:00,984 [main] INFO  impl.MetricsSystemImpl (MetricsSystemImpl.java:init(158)) - HddsDatanode metrics system started (again)
2019-10-14 09:45:00,988 [org.apache.hadoop.util.JvmPauseMonitor$Monitor@7d4b1480] INFO  util.JvmPauseMonitor (JvmPauseMonitor.java:run(188)) - Starting JVM pause monitor
2019-10-14 09:45:00,989 [main] INFO  ozone.HddsDatanodeService (HddsDatanodeService.java:start(184)) - HddsDatanodeService host:pr-hdds-1569-vp9xg-4248047660 ip:192.168.164.214
2019-10-14 09:45:00,990 [Datanode State Machine Thread - 0] INFO  datanode.InitDatanodeState (InitDatanodeState.java:persistContainerDatanodeDetails(140)) - DatanodeDetails is persisted to /workdir/hadoop-ozone/integration-test/target/test-dir/MiniOzoneClusterImpl-65bd215d-14c9-4112-ac30-b7a247fd80ea/datanode-2/meta/datanode.id
2019-10-14 09:45:00,995 [main] INFO  volume.HddsVolume (HddsVolume.java:<init>(176)) - Creating Volume: /workdir/hadoop-ozone/integration-test/target/test-dir/MiniOzoneClusterImpl-65bd215d-14c9-4112-ac30-b7a247fd80ea/datanode-3/data/containers/hdds of  storage type : DISK and capacity : 1482555576320
2019-10-14 09:45:00,995 [main] INFO  volume.VolumeSet (VolumeSet.java:initializeVolumeSet(170)) - Added Volume : /workdir/hadoop-ozone/integration-test/target/test-dir/MiniOzoneClusterImpl-65bd215d-14c9-4112-ac30-b7a247fd80ea/datanode-3/data/containers/hdds to VolumeSet
2019-10-14 09:45:00,996 [main] INFO  volume.ThrottledAsyncChecker (ThrottledAsyncChecker.java:schedule(139)) - Scheduling a check for org.apache.hadoop.ozone.container.common.volume.HddsVolume@61b60600
2019-10-14 09:45:00,996 [main] INFO  volume.HddsVolumeChecker (HddsVolumeChecker.java:checkAllVolumes(202)) - Scheduled health check for volume org.apache.hadoop.ozone.container.common.volume.HddsVolume@61b60600
2019-10-14 09:45:01,010 [main] INFO  impl.RaftServerProxy (ConfUtils.java:logGet(43)) - raft.rpc.type = GRPC (default)
2019-10-14 09:45:01,010 [main] INFO  grpc.GrpcFactory (GrpcFactory.java:checkPooledByteBufAllocatorUseCacheForAllThreads(45)) - PERFORMANCE WARNING: useCacheForAllThreads is true that may cause Netty to create a lot garbage objects and, as a result, trigger GC.
	It is recommended to disable useCacheForAllThreads by setting -Dorg.apache.ratis.thirdparty.io.netty.allocator.useCacheForAllThreads=false in command line.
2019-10-14 09:45:01,010 [main] INFO  grpc.GrpcConfigKeys$Server (ConfUtils.java:logGet(43)) - raft.grpc.server.port = 0 (default)
2019-10-14 09:45:01,010 [main] INFO  server.GrpcService (ConfUtils.java:logGet(43)) - raft.grpc.message.size.max = 33570816 (custom)
2019-10-14 09:45:01,010 [main] INFO  server.RaftServerConfigKeys (ConfUtils.java:logGet(43)) - raft.server.log.appender.buffer.byte-limit = 33554432 (custom)
2019-10-14 09:45:01,011 [main] INFO  server.GrpcService (ConfUtils.java:logGet(43)) - raft.grpc.flow.control.window = 1MB (=1048576) (default)
2019-10-14 09:45:01,011 [main] INFO  server.RaftServerConfigKeys (ConfUtils.java:logGet(43)) - raft.server.rpc.request.timeout = 3000ms (default)
2019-10-14 09:45:01,011 [main] INFO  server.RaftServerConfigKeys (ConfUtils.java:logGet(43)) - raft.server.storage.dir = [/workdir/hadoop-ozone/integration-test/target/test-dir/MiniOzoneClusterImpl-65bd215d-14c9-4112-ac30-b7a247fd80ea/datanode-3/data/ratis] (custom)
2019-10-14 09:45:01,012 [main] INFO  hdfs.DFSUtil (DFSUtil.java:httpServerTemplateForNNAndJN(1641)) - Starting Web-server for hddsDatanode at: http://0.0.0.0:0
2019-10-14 09:45:01,014 [main] INFO  server.AuthenticationFilter (AuthenticationFilter.java:constructSecretProvider(240)) - Unable to initialize FileSignerSecretProvider, falling back to use random secrets.
2019-10-14 09:45:01,014 [main] WARN  http.HttpRequestLog (HttpRequestLog.java:getRequestLog(97)) - Jetty request log can only be enabled using Log4j
2019-10-14 09:45:01,015 [main] INFO  http.HttpServer2 (HttpServer2.java:addGlobalFilter(975)) - Added global filter 'safety' (class=org.apache.hadoop.http.HttpServer2$QuotingInputFilter)
2019-10-14 09:45:01,016 [main] INFO  http.HttpServer2 (HttpServer2.java:addFilter(948)) - Added filter static_user_filter (class=org.apache.hadoop.http.lib.StaticUserWebFilter$StaticUserFilter) to context hddsDatanode
2019-10-14 09:45:01,016 [main] INFO  http.HttpServer2 (HttpServer2.java:addFilter(958)) - Added filter static_user_filter (class=org.apache.hadoop.http.lib.StaticUserWebFilter$StaticUserFilter) to context logs
2019-10-14 09:45:01,016 [main] INFO  http.HttpServer2 (HttpServer2.java:addFilter(958)) - Added filter static_user_filter (class=org.apache.hadoop.http.lib.StaticUserWebFilter$StaticUserFilter) to context static
2019-10-14 09:45:01,017 [main] INFO  http.HttpServer2 (HttpServer2.java:bindListener(1191)) - Jetty bound to port 40345
2019-10-14 09:45:01,017 [main] INFO  server.Server (Server.java:doStart(351)) - jetty-9.3.25.v20180904, build timestamp: 2018-09-04T21:11:46Z, git hash: 3ce520221d0240229c862b122d2b06c12a625732
2019-10-14 09:45:01,018 [main] INFO  handler.ContextHandler (ContextHandler.java:doStart(781)) - Started o.e.j.s.ServletContextHandler@e3899fd{/logs,file:///workdir/hadoop-ozone/integration-test/target/log,AVAILABLE}
2019-10-14 09:45:01,018 [main] INFO  handler.ContextHandler (ContextHandler.java:doStart(781)) - Started o.e.j.s.ServletContextHandler@788e3702{/static,jar:file:/home/user/.m2/repository/org/apache/hadoop/hadoop-hdds-container-service/0.5.0-SNAPSHOT/hadoop-hdds-container-service-0.5.0-SNAPSHOT.jar!/webapps/static,AVAILABLE}
2019-10-14 09:45:01,046 [main] INFO  handler.ContextHandler (ContextHandler.java:doStart(781)) - Started o.e.j.w.WebAppContext@87f501f{/,file:///tmp/jetty-0.0.0.0-40345-hddsDatanode-_-any-1222120858708637808.dir/webapp/,AVAILABLE}{/hddsDatanode}
2019-10-14 09:45:01,046 [main] INFO  server.AbstractConnector (AbstractConnector.java:doStart(278)) - Started ServerConnector@54495935{HTTP/1.1,[http/1.1]}{0.0.0.0:40345}
2019-10-14 09:45:01,048 [main] INFO  server.Server (Server.java:doStart(419)) - Started @604312ms
2019-10-14 09:45:01,048 [main] WARN  impl.MetricsSystemImpl (MetricsSystemImpl.java:register(276)) - Sink prometheus already exists!
2019-10-14 09:45:01,049 [main] INFO  server.BaseHttpServer (BaseHttpServer.java:updateConnectorAddress(215)) - HTTP server of HDDSDATANODE is listening at http://0.0.0.0:40345
2019-10-14 09:45:01,049 [main] INFO  impl.MetricsSystemImpl (MetricsSystemImpl.java:init(158)) - HddsDatanode metrics system started (again)
2019-10-14 09:45:01,054 [org.apache.hadoop.util.JvmPauseMonitor$Monitor@67a2b591] INFO  util.JvmPauseMonitor (JvmPauseMonitor.java:run(188)) - Starting JVM pause monitor
2019-10-14 09:45:01,054 [main] INFO  ozone.HddsDatanodeService (HddsDatanodeService.java:start(184)) - HddsDatanodeService host:pr-hdds-1569-vp9xg-4248047660 ip:192.168.164.214
2019-10-14 09:45:01,055 [Datanode State Machine Thread - 0] INFO  datanode.InitDatanodeState (InitDatanodeState.java:persistContainerDatanodeDetails(140)) - DatanodeDetails is persisted to /workdir/hadoop-ozone/integration-test/target/test-dir/MiniOzoneClusterImpl-65bd215d-14c9-4112-ac30-b7a247fd80ea/datanode-3/meta/datanode.id
2019-10-14 09:45:01,061 [main] INFO  volume.HddsVolume (HddsVolume.java:<init>(176)) - Creating Volume: /workdir/hadoop-ozone/integration-test/target/test-dir/MiniOzoneClusterImpl-65bd215d-14c9-4112-ac30-b7a247fd80ea/datanode-4/data/containers/hdds of  storage type : DISK and capacity : 1482555576320
2019-10-14 09:45:01,061 [main] INFO  volume.VolumeSet (VolumeSet.java:initializeVolumeSet(170)) - Added Volume : /workdir/hadoop-ozone/integration-test/target/test-dir/MiniOzoneClusterImpl-65bd215d-14c9-4112-ac30-b7a247fd80ea/datanode-4/data/containers/hdds to VolumeSet
2019-10-14 09:45:01,062 [main] INFO  volume.ThrottledAsyncChecker (ThrottledAsyncChecker.java:schedule(139)) - Scheduling a check for org.apache.hadoop.ozone.container.common.volume.HddsVolume@1ecf0ac6
2019-10-14 09:45:01,062 [main] INFO  volume.HddsVolumeChecker (HddsVolumeChecker.java:checkAllVolumes(202)) - Scheduled health check for volume org.apache.hadoop.ozone.container.common.volume.HddsVolume@1ecf0ac6
2019-10-14 09:45:01,078 [main] INFO  impl.RaftServerProxy (ConfUtils.java:logGet(43)) - raft.rpc.type = GRPC (default)
2019-10-14 09:45:01,078 [main] INFO  grpc.GrpcFactory (GrpcFactory.java:checkPooledByteBufAllocatorUseCacheForAllThreads(45)) - PERFORMANCE WARNING: useCacheForAllThreads is true that may cause Netty to create a lot garbage objects and, as a result, trigger GC.
	It is recommended to disable useCacheForAllThreads by setting -Dorg.apache.ratis.thirdparty.io.netty.allocator.useCacheForAllThreads=false in command line.
2019-10-14 09:45:01,078 [main] INFO  grpc.GrpcConfigKeys$Server (ConfUtils.java:logGet(43)) - raft.grpc.server.port = 0 (default)
2019-10-14 09:45:01,078 [main] INFO  server.GrpcService (ConfUtils.java:logGet(43)) - raft.grpc.message.size.max = 33570816 (custom)
2019-10-14 09:45:01,078 [main] INFO  server.RaftServerConfigKeys (ConfUtils.java:logGet(43)) - raft.server.log.appender.buffer.byte-limit = 33554432 (custom)
2019-10-14 09:45:01,079 [main] INFO  server.GrpcService (ConfUtils.java:logGet(43)) - raft.grpc.flow.control.window = 1MB (=1048576) (default)
2019-10-14 09:45:01,079 [main] INFO  server.RaftServerConfigKeys (ConfUtils.java:logGet(43)) - raft.server.rpc.request.timeout = 3000ms (default)
2019-10-14 09:45:01,079 [main] INFO  server.RaftServerConfigKeys (ConfUtils.java:logGet(43)) - raft.server.storage.dir = [/workdir/hadoop-ozone/integration-test/target/test-dir/MiniOzoneClusterImpl-65bd215d-14c9-4112-ac30-b7a247fd80ea/datanode-4/data/ratis] (custom)
2019-10-14 09:45:01,080 [main] INFO  hdfs.DFSUtil (DFSUtil.java:httpServerTemplateForNNAndJN(1641)) - Starting Web-server for hddsDatanode at: http://0.0.0.0:0
2019-10-14 09:45:01,081 [main] INFO  server.AuthenticationFilter (AuthenticationFilter.java:constructSecretProvider(240)) - Unable to initialize FileSignerSecretProvider, falling back to use random secrets.
2019-10-14 09:45:01,082 [main] WARN  http.HttpRequestLog (HttpRequestLog.java:getRequestLog(97)) - Jetty request log can only be enabled using Log4j
2019-10-14 09:45:01,083 [main] INFO  http.HttpServer2 (HttpServer2.java:addGlobalFilter(975)) - Added global filter 'safety' (class=org.apache.hadoop.http.HttpServer2$QuotingInputFilter)
2019-10-14 09:45:01,083 [main] INFO  http.HttpServer2 (HttpServer2.java:addFilter(948)) - Added filter static_user_filter (class=org.apache.hadoop.http.lib.StaticUserWebFilter$StaticUserFilter) to context hddsDatanode
2019-10-14 09:45:01,084 [main] INFO  http.HttpServer2 (HttpServer2.java:addFilter(958)) - Added filter static_user_filter (class=org.apache.hadoop.http.lib.StaticUserWebFilter$StaticUserFilter) to context logs
2019-10-14 09:45:01,084 [main] INFO  http.HttpServer2 (HttpServer2.java:addFilter(958)) - Added filter static_user_filter (class=org.apache.hadoop.http.lib.StaticUserWebFilter$StaticUserFilter) to context static
2019-10-14 09:45:01,084 [main] INFO  http.HttpServer2 (HttpServer2.java:bindListener(1191)) - Jetty bound to port 36806
2019-10-14 09:45:01,084 [main] INFO  server.Server (Server.java:doStart(351)) - jetty-9.3.25.v20180904, build timestamp: 2018-09-04T21:11:46Z, git hash: 3ce520221d0240229c862b122d2b06c12a625732
2019-10-14 09:45:01,086 [main] INFO  handler.ContextHandler (ContextHandler.java:doStart(781)) - Started o.e.j.s.ServletContextHandler@2f09e6b2{/logs,file:///workdir/hadoop-ozone/integration-test/target/log,AVAILABLE}
2019-10-14 09:45:01,086 [main] INFO  handler.ContextHandler (ContextHandler.java:doStart(781)) - Started o.e.j.s.ServletContextHandler@16e1219f{/static,jar:file:/home/user/.m2/repository/org/apache/hadoop/hadoop-hdds-container-service/0.5.0-SNAPSHOT/hadoop-hdds-container-service-0.5.0-SNAPSHOT.jar!/webapps/static,AVAILABLE}
2019-10-14 09:45:01,119 [main] INFO  handler.ContextHandler (ContextHandler.java:doStart(781)) - Started o.e.j.w.WebAppContext@154b8cb6{/,file:///tmp/jetty-0.0.0.0-36806-hddsDatanode-_-any-6265015488942026319.dir/webapp/,AVAILABLE}{/hddsDatanode}
2019-10-14 09:45:01,119 [main] INFO  server.AbstractConnector (AbstractConnector.java:doStart(278)) - Started ServerConnector@7b297740{HTTP/1.1,[http/1.1]}{0.0.0.0:36806}
2019-10-14 09:45:01,121 [main] INFO  server.Server (Server.java:doStart(419)) - Started @604386ms
2019-10-14 09:45:01,121 [main] WARN  impl.MetricsSystemImpl (MetricsSystemImpl.java:register(276)) - Sink prometheus already exists!
2019-10-14 09:45:01,122 [main] INFO  server.BaseHttpServer (BaseHttpServer.java:updateConnectorAddress(215)) - HTTP server of HDDSDATANODE is listening at http://0.0.0.0:36806
2019-10-14 09:45:01,122 [main] INFO  impl.MetricsSystemImpl (MetricsSystemImpl.java:init(158)) - HddsDatanode metrics system started (again)
2019-10-14 09:45:01,127 [org.apache.hadoop.util.JvmPauseMonitor$Monitor@3150a5f4] INFO  util.JvmPauseMonitor (JvmPauseMonitor.java:run(188)) - Starting JVM pause monitor
2019-10-14 09:45:01,128 [main] INFO  ozone.HddsDatanodeService (HddsDatanodeService.java:start(184)) - HddsDatanodeService host:pr-hdds-1569-vp9xg-4248047660 ip:192.168.164.214
2019-10-14 09:45:01,129 [Datanode State Machine Thread - 0] INFO  datanode.InitDatanodeState (InitDatanodeState.java:persistContainerDatanodeDetails(140)) - DatanodeDetails is persisted to /workdir/hadoop-ozone/integration-test/target/test-dir/MiniOzoneClusterImpl-65bd215d-14c9-4112-ac30-b7a247fd80ea/datanode-4/meta/datanode.id
2019-10-14 09:45:01,134 [main] INFO  volume.HddsVolume (HddsVolume.java:<init>(176)) - Creating Volume: /workdir/hadoop-ozone/integration-test/target/test-dir/MiniOzoneClusterImpl-65bd215d-14c9-4112-ac30-b7a247fd80ea/datanode-5/data/containers/hdds of  storage type : DISK and capacity : 1482555576320
2019-10-14 09:45:01,135 [main] INFO  volume.VolumeSet (VolumeSet.java:initializeVolumeSet(170)) - Added Volume : /workdir/hadoop-ozone/integration-test/target/test-dir/MiniOzoneClusterImpl-65bd215d-14c9-4112-ac30-b7a247fd80ea/datanode-5/data/containers/hdds to VolumeSet
2019-10-14 09:45:01,135 [main] INFO  volume.ThrottledAsyncChecker (ThrottledAsyncChecker.java:schedule(139)) - Scheduling a check for org.apache.hadoop.ozone.container.common.volume.HddsVolume@ef86c72
2019-10-14 09:45:01,135 [main] INFO  volume.HddsVolumeChecker (HddsVolumeChecker.java:checkAllVolumes(202)) - Scheduled health check for volume org.apache.hadoop.ozone.container.common.volume.HddsVolume@ef86c72
2019-10-14 09:45:01,150 [main] INFO  impl.RaftServerProxy (ConfUtils.java:logGet(43)) - raft.rpc.type = GRPC (default)
2019-10-14 09:45:01,150 [main] INFO  grpc.GrpcFactory (GrpcFactory.java:checkPooledByteBufAllocatorUseCacheForAllThreads(45)) - PERFORMANCE WARNING: useCacheForAllThreads is true that may cause Netty to create a lot garbage objects and, as a result, trigger GC.
	It is recommended to disable useCacheForAllThreads by setting -Dorg.apache.ratis.thirdparty.io.netty.allocator.useCacheForAllThreads=false in command line.
2019-10-14 09:45:01,150 [main] INFO  grpc.GrpcConfigKeys$Server (ConfUtils.java:logGet(43)) - raft.grpc.server.port = 0 (default)
2019-10-14 09:45:01,151 [main] INFO  server.GrpcService (ConfUtils.java:logGet(43)) - raft.grpc.message.size.max = 33570816 (custom)
2019-10-14 09:45:01,151 [main] INFO  server.RaftServerConfigKeys (ConfUtils.java:logGet(43)) - raft.server.log.appender.buffer.byte-limit = 33554432 (custom)
2019-10-14 09:45:01,151 [main] INFO  server.GrpcService (ConfUtils.java:logGet(43)) - raft.grpc.flow.control.window = 1MB (=1048576) (default)
2019-10-14 09:45:01,151 [main] INFO  server.RaftServerConfigKeys (ConfUtils.java:logGet(43)) - raft.server.rpc.request.timeout = 3000ms (default)
2019-10-14 09:45:01,152 [main] INFO  server.RaftServerConfigKeys (ConfUtils.java:logGet(43)) - raft.server.storage.dir = [/workdir/hadoop-ozone/integration-test/target/test-dir/MiniOzoneClusterImpl-65bd215d-14c9-4112-ac30-b7a247fd80ea/datanode-5/data/ratis] (custom)
2019-10-14 09:45:01,153 [main] INFO  hdfs.DFSUtil (DFSUtil.java:httpServerTemplateForNNAndJN(1641)) - Starting Web-server for hddsDatanode at: http://0.0.0.0:0
2019-10-14 09:45:01,154 [main] INFO  server.AuthenticationFilter (AuthenticationFilter.java:constructSecretProvider(240)) - Unable to initialize FileSignerSecretProvider, falling back to use random secrets.
2019-10-14 09:45:01,154 [main] WARN  http.HttpRequestLog (HttpRequestLog.java:getRequestLog(97)) - Jetty request log can only be enabled using Log4j
2019-10-14 09:45:01,155 [main] INFO  http.HttpServer2 (HttpServer2.java:addGlobalFilter(975)) - Added global filter 'safety' (class=org.apache.hadoop.http.HttpServer2$QuotingInputFilter)
2019-10-14 09:45:01,156 [main] INFO  http.HttpServer2 (HttpServer2.java:addFilter(948)) - Added filter static_user_filter (class=org.apache.hadoop.http.lib.StaticUserWebFilter$StaticUserFilter) to context hddsDatanode
2019-10-14 09:45:01,156 [main] INFO  http.HttpServer2 (HttpServer2.java:addFilter(958)) - Added filter static_user_filter (class=org.apache.hadoop.http.lib.StaticUserWebFilter$StaticUserFilter) to context static
2019-10-14 09:45:01,156 [main] INFO  http.HttpServer2 (HttpServer2.java:addFilter(958)) - Added filter static_user_filter (class=org.apache.hadoop.http.lib.StaticUserWebFilter$StaticUserFilter) to context logs
2019-10-14 09:45:01,157 [main] INFO  http.HttpServer2 (HttpServer2.java:bindListener(1191)) - Jetty bound to port 34618
2019-10-14 09:45:01,157 [main] INFO  server.Server (Server.java:doStart(351)) - jetty-9.3.25.v20180904, build timestamp: 2018-09-04T21:11:46Z, git hash: 3ce520221d0240229c862b122d2b06c12a625732
2019-10-14 09:45:01,158 [main] INFO  handler.ContextHandler (ContextHandler.java:doStart(781)) - Started o.e.j.s.ServletContextHandler@6d6cd1e0{/logs,file:///workdir/hadoop-ozone/integration-test/target/log,AVAILABLE}
2019-10-14 09:45:01,159 [main] INFO  handler.ContextHandler (ContextHandler.java:doStart(781)) - Started o.e.j.s.ServletContextHandler@9785903{/static,jar:file:/home/user/.m2/repository/org/apache/hadoop/hadoop-hdds-container-service/0.5.0-SNAPSHOT/hadoop-hdds-container-service-0.5.0-SNAPSHOT.jar!/webapps/static,AVAILABLE}
2019-10-14 09:45:01,185 [main] INFO  handler.ContextHandler (ContextHandler.java:doStart(781)) - Started o.e.j.w.WebAppContext@5f5297e3{/,file:///tmp/jetty-0.0.0.0-34618-hddsDatanode-_-any-1675346543396314999.dir/webapp/,AVAILABLE}{/hddsDatanode}
2019-10-14 09:45:01,186 [main] INFO  server.AbstractConnector (AbstractConnector.java:doStart(278)) - Started ServerConnector@2d22d3b1{HTTP/1.1,[http/1.1]}{0.0.0.0:34618}
2019-10-14 09:45:01,188 [main] INFO  server.Server (Server.java:doStart(419)) - Started @604452ms
2019-10-14 09:45:01,188 [main] WARN  impl.MetricsSystemImpl (MetricsSystemImpl.java:register(276)) - Sink prometheus already exists!
2019-10-14 09:45:01,188 [main] INFO  server.BaseHttpServer (BaseHttpServer.java:updateConnectorAddress(215)) - HTTP server of HDDSDATANODE is listening at http://0.0.0.0:34618
2019-10-14 09:45:01,189 [main] INFO  impl.MetricsSystemImpl (MetricsSystemImpl.java:init(158)) - HddsDatanode metrics system started (again)
2019-10-14 09:45:01,194 [org.apache.hadoop.util.JvmPauseMonitor$Monitor@4cdbf647] INFO  util.JvmPauseMonitor (JvmPauseMonitor.java:run(188)) - Starting JVM pause monitor
2019-10-14 09:45:01,194 [main] INFO  ozone.HddsDatanodeService (HddsDatanodeService.java:start(184)) - HddsDatanodeService host:pr-hdds-1569-vp9xg-4248047660 ip:192.168.164.214
2019-10-14 09:45:01,195 [Datanode State Machine Thread - 0] INFO  datanode.InitDatanodeState (InitDatanodeState.java:persistContainerDatanodeDetails(140)) - DatanodeDetails is persisted to /workdir/hadoop-ozone/integration-test/target/test-dir/MiniOzoneClusterImpl-65bd215d-14c9-4112-ac30-b7a247fd80ea/datanode-5/meta/datanode.id
2019-10-14 09:45:01,201 [main] INFO  volume.HddsVolume (HddsVolume.java:<init>(176)) - Creating Volume: /workdir/hadoop-ozone/integration-test/target/test-dir/MiniOzoneClusterImpl-65bd215d-14c9-4112-ac30-b7a247fd80ea/datanode-6/data/containers/hdds of  storage type : DISK and capacity : 1482555576320
2019-10-14 09:45:01,202 [main] INFO  volume.VolumeSet (VolumeSet.java:initializeVolumeSet(170)) - Added Volume : /workdir/hadoop-ozone/integration-test/target/test-dir/MiniOzoneClusterImpl-65bd215d-14c9-4112-ac30-b7a247fd80ea/datanode-6/data/containers/hdds to VolumeSet
2019-10-14 09:45:01,202 [main] INFO  volume.ThrottledAsyncChecker (ThrottledAsyncChecker.java:schedule(139)) - Scheduling a check for org.apache.hadoop.ozone.container.common.volume.HddsVolume@6c07ad6b
2019-10-14 09:45:01,202 [main] INFO  volume.HddsVolumeChecker (HddsVolumeChecker.java:checkAllVolumes(202)) - Scheduled health check for volume org.apache.hadoop.ozone.container.common.volume.HddsVolume@6c07ad6b
2019-10-14 09:45:01,220 [main] INFO  impl.RaftServerProxy (ConfUtils.java:logGet(43)) - raft.rpc.type = GRPC (default)
2019-10-14 09:45:01,220 [main] INFO  grpc.GrpcFactory (GrpcFactory.java:checkPooledByteBufAllocatorUseCacheForAllThreads(45)) - PERFORMANCE WARNING: useCacheForAllThreads is true that may cause Netty to create a lot garbage objects and, as a result, trigger GC.
	It is recommended to disable useCacheForAllThreads by setting -Dorg.apache.ratis.thirdparty.io.netty.allocator.useCacheForAllThreads=false in command line.
2019-10-14 09:45:01,221 [main] INFO  grpc.GrpcConfigKeys$Server (ConfUtils.java:logGet(43)) - raft.grpc.server.port = 0 (default)
2019-10-14 09:45:01,221 [main] INFO  server.GrpcService (ConfUtils.java:logGet(43)) - raft.grpc.message.size.max = 33570816 (custom)
2019-10-14 09:45:01,221 [main] INFO  server.RaftServerConfigKeys (ConfUtils.java:logGet(43)) - raft.server.log.appender.buffer.byte-limit = 33554432 (custom)
2019-10-14 09:45:01,221 [main] INFO  server.GrpcService (ConfUtils.java:logGet(43)) - raft.grpc.flow.control.window = 1MB (=1048576) (default)
2019-10-14 09:45:01,222 [main] INFO  server.RaftServerConfigKeys (ConfUtils.java:logGet(43)) - raft.server.rpc.request.timeout = 3000ms (default)
2019-10-14 09:45:01,222 [main] INFO  server.RaftServerConfigKeys (ConfUtils.java:logGet(43)) - raft.server.storage.dir = [/workdir/hadoop-ozone/integration-test/target/test-dir/MiniOzoneClusterImpl-65bd215d-14c9-4112-ac30-b7a247fd80ea/datanode-6/data/ratis] (custom)
2019-10-14 09:45:01,223 [main] INFO  hdfs.DFSUtil (DFSUtil.java:httpServerTemplateForNNAndJN(1641)) - Starting Web-server for hddsDatanode at: http://0.0.0.0:0
2019-10-14 09:45:01,225 [main] INFO  server.AuthenticationFilter (AuthenticationFilter.java:constructSecretProvider(240)) - Unable to initialize FileSignerSecretProvider, falling back to use random secrets.
2019-10-14 09:45:01,225 [main] WARN  http.HttpRequestLog (HttpRequestLog.java:getRequestLog(97)) - Jetty request log can only be enabled using Log4j
2019-10-14 09:45:01,227 [main] INFO  http.HttpServer2 (HttpServer2.java:addGlobalFilter(975)) - Added global filter 'safety' (class=org.apache.hadoop.http.HttpServer2$QuotingInputFilter)
2019-10-14 09:45:01,227 [main] INFO  http.HttpServer2 (HttpServer2.java:addFilter(948)) - Added filter static_user_filter (class=org.apache.hadoop.http.lib.StaticUserWebFilter$StaticUserFilter) to context hddsDatanode
2019-10-14 09:45:01,227 [main] INFO  http.HttpServer2 (HttpServer2.java:addFilter(958)) - Added filter static_user_filter (class=org.apache.hadoop.http.lib.StaticUserWebFilter$StaticUserFilter) to context logs
2019-10-14 09:45:01,228 [main] INFO  http.HttpServer2 (HttpServer2.java:addFilter(958)) - Added filter static_user_filter (class=org.apache.hadoop.http.lib.StaticUserWebFilter$StaticUserFilter) to context static
2019-10-14 09:45:01,228 [main] INFO  http.HttpServer2 (HttpServer2.java:bindListener(1191)) - Jetty bound to port 40086
2019-10-14 09:45:01,228 [main] INFO  server.Server (Server.java:doStart(351)) - jetty-9.3.25.v20180904, build timestamp: 2018-09-04T21:11:46Z, git hash: 3ce520221d0240229c862b122d2b06c12a625732
2019-10-14 09:45:01,230 [main] INFO  handler.ContextHandler (ContextHandler.java:doStart(781)) - Started o.e.j.s.ServletContextHandler@77c66a4f{/logs,file:///workdir/hadoop-ozone/integration-test/target/log,AVAILABLE}
2019-10-14 09:45:01,230 [main] INFO  handler.ContextHandler (ContextHandler.java:doStart(781)) - Started o.e.j.s.ServletContextHandler@7a3f08b6{/static,jar:file:/home/user/.m2/repository/org/apache/hadoop/hadoop-hdds-container-service/0.5.0-SNAPSHOT/hadoop-hdds-container-service-0.5.0-SNAPSHOT.jar!/webapps/static,AVAILABLE}
2019-10-14 09:45:01,263 [main] INFO  handler.ContextHandler (ContextHandler.java:doStart(781)) - Started o.e.j.w.WebAppContext@73bb573d{/,file:///tmp/jetty-0.0.0.0-40086-hddsDatanode-_-any-6783101568827022136.dir/webapp/,AVAILABLE}{/hddsDatanode}
2019-10-14 09:45:01,264 [main] INFO  server.AbstractConnector (AbstractConnector.java:doStart(278)) - Started ServerConnector@7ac058a0{HTTP/1.1,[http/1.1]}{0.0.0.0:40086}
2019-10-14 09:45:01,268 [main] INFO  server.Server (Server.java:doStart(419)) - Started @604533ms
2019-10-14 09:45:01,268 [main] WARN  impl.MetricsSystemImpl (MetricsSystemImpl.java:register(276)) - Sink prometheus already exists!
2019-10-14 09:45:01,269 [main] INFO  server.BaseHttpServer (BaseHttpServer.java:updateConnectorAddress(215)) - HTTP server of HDDSDATANODE is listening at http://0.0.0.0:40086
2019-10-14 09:45:01,269 [main] INFO  ozone.MiniOzoneClusterImpl (MiniOzoneClusterImpl.java:lambda$waitForClusterToBeReady$0(147)) - Waiting for cluster to be ready. Got 0 of 7 DN Heartbeats.
2019-10-14 09:45:01,270 [org.apache.hadoop.util.JvmPauseMonitor$Monitor@6fcf1660] INFO  util.JvmPauseMonitor (JvmPauseMonitor.java:run(188)) - Starting JVM pause monitor
2019-10-14 09:45:01,272 [Datanode State Machine Thread - 0] INFO  datanode.InitDatanodeState (InitDatanodeState.java:persistContainerDatanodeDetails(140)) - DatanodeDetails is persisted to /workdir/hadoop-ozone/integration-test/target/test-dir/MiniOzoneClusterImpl-65bd215d-14c9-4112-ac30-b7a247fd80ea/datanode-6/meta/datanode.id
2019-10-14 09:45:02,270 [main] INFO  ozone.MiniOzoneClusterImpl (MiniOzoneClusterImpl.java:lambda$waitForClusterToBeReady$0(147)) - Waiting for cluster to be ready. Got 0 of 7 DN Heartbeats.
2019-10-14 09:45:02,927 [Datanode State Machine Thread - 0] INFO  ozoneimpl.OzoneContainer (OzoneContainer.java:start(217)) - Attempting to start container services.
2019-10-14 09:45:02,928 [Datanode State Machine Thread - 0] INFO  ozoneimpl.OzoneContainer (OzoneContainer.java:startContainerScrub(179)) - Background container scanner has been disabled.
2019-10-14 09:45:02,929 [Datanode State Machine Thread - 0] INFO  ratis.XceiverServerRatis (XceiverServerRatis.java:start(411)) - Starting XceiverServerRatis 56712796-c63c-4f78-b712-8f3b1217dedc at port 0
2019-10-14 09:45:02,936 [Datanode State Machine Thread - 0] INFO  impl.RaftServerProxy (RaftServerProxy.java:lambda$start$3(299)) - 56712796-c63c-4f78-b712-8f3b1217dedc: start RPC server
2019-10-14 09:45:02,953 [Datanode State Machine Thread - 0] INFO  ozoneimpl.OzoneContainer (OzoneContainer.java:start(217)) - Attempting to start container services.
2019-10-14 09:45:02,954 [Datanode State Machine Thread - 0] INFO  server.GrpcService (GrpcService.java:startImpl(158)) - 56712796-c63c-4f78-b712-8f3b1217dedc: GrpcService started, listening on 0.0.0.0/0.0.0.0:33493
2019-10-14 09:45:02,954 [Datanode State Machine Thread - 0] INFO  ozoneimpl.OzoneContainer (OzoneContainer.java:startContainerScrub(179)) - Background container scanner has been disabled.
2019-10-14 09:45:02,954 [Datanode State Machine Thread - 0] INFO  ratis.XceiverServerRatis (XceiverServerRatis.java:start(421)) - XceiverServerRatis 56712796-c63c-4f78-b712-8f3b1217dedc is started using port 33493
2019-10-14 09:45:02,954 [Datanode State Machine Thread - 0] INFO  ratis.XceiverServerRatis (XceiverServerRatis.java:start(411)) - Starting XceiverServerRatis 2be2fac0-04ab-46f3-bf55-9c63f02fedac at port 0
2019-10-14 09:45:02,954 [Datanode State Machine Thread - 0] INFO  server.XceiverServerGrpc (XceiverServerGrpc.java:start(149)) - XceiverServerGrpc 56712796-c63c-4f78-b712-8f3b1217dedc is started using port 35387
2019-10-14 09:45:02,963 [Datanode State Machine Thread - 0] INFO  impl.RaftServerProxy (RaftServerProxy.java:lambda$start$3(299)) - 2be2fac0-04ab-46f3-bf55-9c63f02fedac: start RPC server
2019-10-14 09:45:02,964 [Datanode State Machine Thread - 0] INFO  server.GrpcService (GrpcService.java:startImpl(158)) - 2be2fac0-04ab-46f3-bf55-9c63f02fedac: GrpcService started, listening on 0.0.0.0/0.0.0.0:39062
2019-10-14 09:45:02,964 [Datanode State Machine Thread - 0] INFO  ratis.XceiverServerRatis (XceiverServerRatis.java:start(421)) - XceiverServerRatis 2be2fac0-04ab-46f3-bf55-9c63f02fedac is started using port 39062
2019-10-14 09:45:02,964 [Datanode State Machine Thread - 0] INFO  server.XceiverServerGrpc (XceiverServerGrpc.java:start(149)) - XceiverServerGrpc 2be2fac0-04ab-46f3-bf55-9c63f02fedac is started using port 42208
2019-10-14 09:45:03,023 [Datanode State Machine Thread - 0] INFO  ozoneimpl.OzoneContainer (OzoneContainer.java:start(217)) - Attempting to start container services.
2019-10-14 09:45:03,023 [Datanode State Machine Thread - 0] INFO  ozoneimpl.OzoneContainer (OzoneContainer.java:startContainerScrub(179)) - Background container scanner has been disabled.
2019-10-14 09:45:03,024 [Datanode State Machine Thread - 0] INFO  ratis.XceiverServerRatis (XceiverServerRatis.java:start(411)) - Starting XceiverServerRatis 47d48411-1f17-4b0d-846b-025c3a4b0b86 at port 0
2019-10-14 09:45:03,031 [Datanode State Machine Thread - 0] INFO  impl.RaftServerProxy (RaftServerProxy.java:lambda$start$3(299)) - 47d48411-1f17-4b0d-846b-025c3a4b0b86: start RPC server
2019-10-14 09:45:03,034 [Datanode State Machine Thread - 0] INFO  server.GrpcService (GrpcService.java:startImpl(158)) - 47d48411-1f17-4b0d-846b-025c3a4b0b86: GrpcService started, listening on 0.0.0.0/0.0.0.0:36914
2019-10-14 09:45:03,034 [Datanode State Machine Thread - 0] INFO  ratis.XceiverServerRatis (XceiverServerRatis.java:start(421)) - XceiverServerRatis 47d48411-1f17-4b0d-846b-025c3a4b0b86 is started using port 36914
2019-10-14 09:45:03,034 [Datanode State Machine Thread - 0] INFO  server.XceiverServerGrpc (XceiverServerGrpc.java:start(149)) - XceiverServerGrpc 47d48411-1f17-4b0d-846b-025c3a4b0b86 is started using port 36481
2019-10-14 09:45:03,082 [Datanode State Machine Thread - 0] INFO  ozoneimpl.OzoneContainer (OzoneContainer.java:start(217)) - Attempting to start container services.
2019-10-14 09:45:03,082 [Datanode State Machine Thread - 0] INFO  ozoneimpl.OzoneContainer (OzoneContainer.java:startContainerScrub(179)) - Background container scanner has been disabled.
2019-10-14 09:45:03,082 [Datanode State Machine Thread - 0] INFO  ratis.XceiverServerRatis (XceiverServerRatis.java:start(411)) - Starting XceiverServerRatis d13983dc-b0b6-41ad-b475-2b910e2f36de at port 0
2019-10-14 09:45:03,089 [Datanode State Machine Thread - 0] INFO  impl.RaftServerProxy (RaftServerProxy.java:lambda$start$3(299)) - d13983dc-b0b6-41ad-b475-2b910e2f36de: start RPC server
2019-10-14 09:45:03,090 [Datanode State Machine Thread - 0] INFO  server.GrpcService (GrpcService.java:startImpl(158)) - d13983dc-b0b6-41ad-b475-2b910e2f36de: GrpcService started, listening on 0.0.0.0/0.0.0.0:42581
2019-10-14 09:45:03,090 [Datanode State Machine Thread - 0] INFO  ratis.XceiverServerRatis (XceiverServerRatis.java:start(421)) - XceiverServerRatis d13983dc-b0b6-41ad-b475-2b910e2f36de is started using port 42581
2019-10-14 09:45:03,090 [Datanode State Machine Thread - 0] INFO  server.XceiverServerGrpc (XceiverServerGrpc.java:start(149)) - XceiverServerGrpc d13983dc-b0b6-41ad-b475-2b910e2f36de is started using port 39811
2019-10-14 09:45:03,157 [Datanode State Machine Thread - 0] INFO  ozoneimpl.OzoneContainer (OzoneContainer.java:start(217)) - Attempting to start container services.
2019-10-14 09:45:03,157 [Datanode State Machine Thread - 0] INFO  ozoneimpl.OzoneContainer (OzoneContainer.java:startContainerScrub(179)) - Background container scanner has been disabled.
2019-10-14 09:45:03,157 [Datanode State Machine Thread - 0] INFO  ratis.XceiverServerRatis (XceiverServerRatis.java:start(411)) - Starting XceiverServerRatis 5b2bdeb4-7ea1-4df6-a88d-afaaea11e92e at port 0
2019-10-14 09:45:03,166 [Datanode State Machine Thread - 0] INFO  impl.RaftServerProxy (RaftServerProxy.java:lambda$start$3(299)) - 5b2bdeb4-7ea1-4df6-a88d-afaaea11e92e: start RPC server
2019-10-14 09:45:03,167 [Datanode State Machine Thread - 0] INFO  server.GrpcService (GrpcService.java:startImpl(158)) - 5b2bdeb4-7ea1-4df6-a88d-afaaea11e92e: GrpcService started, listening on 0.0.0.0/0.0.0.0:43516
2019-10-14 09:45:03,167 [Datanode State Machine Thread - 0] INFO  ratis.XceiverServerRatis (XceiverServerRatis.java:start(421)) - XceiverServerRatis 5b2bdeb4-7ea1-4df6-a88d-afaaea11e92e is started using port 43516
2019-10-14 09:45:03,168 [Datanode State Machine Thread - 0] INFO  server.XceiverServerGrpc (XceiverServerGrpc.java:start(149)) - XceiverServerGrpc 5b2bdeb4-7ea1-4df6-a88d-afaaea11e92e is started using port 41034
2019-10-14 09:45:03,224 [Datanode State Machine Thread - 0] INFO  ozoneimpl.OzoneContainer (OzoneContainer.java:start(217)) - Attempting to start container services.
2019-10-14 09:45:03,224 [Datanode State Machine Thread - 0] INFO  ozoneimpl.OzoneContainer (OzoneContainer.java:startContainerScrub(179)) - Background container scanner has been disabled.
2019-10-14 09:45:03,224 [Datanode State Machine Thread - 0] INFO  ratis.XceiverServerRatis (XceiverServerRatis.java:start(411)) - Starting XceiverServerRatis ffc72186-1b59-4838-b97a-28de7241d76d at port 0
2019-10-14 09:45:03,231 [Datanode State Machine Thread - 0] INFO  impl.RaftServerProxy (RaftServerProxy.java:lambda$start$3(299)) - ffc72186-1b59-4838-b97a-28de7241d76d: start RPC server
2019-10-14 09:45:03,234 [Datanode State Machine Thread - 0] INFO  server.GrpcService (GrpcService.java:startImpl(158)) - ffc72186-1b59-4838-b97a-28de7241d76d: GrpcService started, listening on 0.0.0.0/0.0.0.0:33403
2019-10-14 09:45:03,234 [Datanode State Machine Thread - 0] INFO  ratis.XceiverServerRatis (XceiverServerRatis.java:start(421)) - XceiverServerRatis ffc72186-1b59-4838-b97a-28de7241d76d is started using port 33403
2019-10-14 09:45:03,235 [Datanode State Machine Thread - 0] INFO  server.XceiverServerGrpc (XceiverServerGrpc.java:start(149)) - XceiverServerGrpc ffc72186-1b59-4838-b97a-28de7241d76d is started using port 40004
2019-10-14 09:45:03,271 [main] INFO  ozone.MiniOzoneClusterImpl (MiniOzoneClusterImpl.java:lambda$waitForClusterToBeReady$0(147)) - Waiting for cluster to be ready. Got 0 of 7 DN Heartbeats.
2019-10-14 09:45:03,299 [Datanode State Machine Thread - 0] INFO  ozoneimpl.OzoneContainer (OzoneContainer.java:start(217)) - Attempting to start container services.
2019-10-14 09:45:03,299 [Datanode State Machine Thread - 0] INFO  ozoneimpl.OzoneContainer (OzoneContainer.java:startContainerScrub(179)) - Background container scanner has been disabled.
2019-10-14 09:45:03,300 [Datanode State Machine Thread - 0] INFO  ratis.XceiverServerRatis (XceiverServerRatis.java:start(411)) - Starting XceiverServerRatis 5cb57bc8-4f11-4646-be43-d873705a5003 at port 0
2019-10-14 09:45:03,304 [Datanode State Machine Thread - 0] INFO  impl.RaftServerProxy (RaftServerProxy.java:lambda$start$3(299)) - 5cb57bc8-4f11-4646-be43-d873705a5003: start RPC server
2019-10-14 09:45:03,305 [Datanode State Machine Thread - 0] INFO  server.GrpcService (GrpcService.java:startImpl(158)) - 5cb57bc8-4f11-4646-be43-d873705a5003: GrpcService started, listening on 0.0.0.0/0.0.0.0:33921
2019-10-14 09:45:03,305 [Datanode State Machine Thread - 0] INFO  ratis.XceiverServerRatis (XceiverServerRatis.java:start(421)) - XceiverServerRatis 5cb57bc8-4f11-4646-be43-d873705a5003 is started using port 33921
2019-10-14 09:45:03,305 [Datanode State Machine Thread - 0] INFO  server.XceiverServerGrpc (XceiverServerGrpc.java:start(149)) - XceiverServerGrpc 5cb57bc8-4f11-4646-be43-d873705a5003 is started using port 40609
2019-10-14 09:45:04,271 [main] INFO  ozone.MiniOzoneClusterImpl (MiniOzoneClusterImpl.java:lambda$waitForClusterToBeReady$0(147)) - Waiting for cluster to be ready. Got 0 of 7 DN Heartbeats.
2019-10-14 09:45:04,865 [IPC Server handler 0 on 42991] INFO  net.NetworkTopology (NetworkTopologyImpl.java:add(111)) - Added a new node: /default-rack/56712796-c63c-4f78-b712-8f3b1217dedc
2019-10-14 09:45:04,868 [IPC Server handler 0 on 42991] INFO  node.SCMNodeManager (SCMNodeManager.java:register(266)) - Registered Data node : 56712796-c63c-4f78-b712-8f3b1217dedc{ip: 192.168.164.214, host: pr-hdds-1569-vp9xg-4248047660, networkLocation: /default-rack, certSerialId: null}
2019-10-14 09:45:04,869 [EventQueue-NodeRegistrationContainerReportForDataNodeSafeModeRule] INFO  safemode.SCMSafeModeManager (DataNodeSafeModeRule.java:process(71)) - SCM in safe mode. 1 DataNodes registered, 1 required.
2019-10-14 09:45:04,872 [EventQueue-NodeRegistrationContainerReportForDataNodeSafeModeRule] INFO  safemode.SCMSafeModeManager (SCMSafeModeManager.java:validateSafeModeExitRules(177)) - ScmSafeModeManager, all rules are successfully validated
2019-10-14 09:45:04,872 [EventQueue-NodeRegistrationContainerReportForDataNodeSafeModeRule] INFO  safemode.SCMSafeModeManager (SCMSafeModeManager.java:exitSafeMode(193)) - SCM exiting safe mode.
2019-10-14 09:45:04,885 [grpc-default-executor-16] INFO  impl.RaftServerProxy (RaftServerProxy.java:addNew(89)) - 56712796-c63c-4f78-b712-8f3b1217dedc: addNew group-7941F1D03CF1:[56712796-c63c-4f78-b712-8f3b1217dedc:192.168.164.214:33493] returns group-7941F1D03CF1:java.util.concurrent.CompletableFuture@133481fd[Not completed]
2019-10-14 09:45:04,889 [pool-409-thread-1] INFO  impl.RaftServerImpl (RaftServerImpl.java:<init>(95)) - 56712796-c63c-4f78-b712-8f3b1217dedc: new RaftServerImpl for group-7941F1D03CF1:[56712796-c63c-4f78-b712-8f3b1217dedc:192.168.164.214:33493] with ContainerStateMachine:uninitialized
2019-10-14 09:45:04,889 [pool-409-thread-1] INFO  server.RaftServerConfigKeys (ConfUtils.java:logGet(43)) - raft.server.rpc.timeout.min = 5s (custom)
2019-10-14 09:45:04,889 [pool-409-thread-1] INFO  server.RaftServerConfigKeys (ConfUtils.java:logGet(43)) - raft.server.rpc.timeout.max = 5200ms (custom)
2019-10-14 09:45:04,889 [pool-409-thread-1] INFO  server.RaftServerConfigKeys (ConfUtils.java:logGet(43)) - raft.server.rpcslowness.timeout = 120s (custom)
2019-10-14 09:45:04,890 [pool-409-thread-1] INFO  server.RaftServerConfigKeys (ConfUtils.java:logGet(43)) - raft.server.sleep.deviation.threshold = 300 (default)
2019-10-14 09:45:04,890 [pool-409-thread-1] INFO  server.RaftServerConfigKeys (ConfUtils.java:logGet(43)) - raft.server.log.appender.install.snapshot.enabled = false (custom)
2019-10-14 09:45:04,890 [pool-409-thread-1] INFO  impl.RaftServerImpl (ServerState.java:<init>(103)) - 56712796-c63c-4f78-b712-8f3b1217dedc@group-7941F1D03CF1: ConfigurationManager, init=-1: [56712796-c63c-4f78-b712-8f3b1217dedc:192.168.164.214:33493], old=null, confs=<EMPTY_MAP>
2019-10-14 09:45:04,890 [pool-409-thread-1] INFO  server.RaftServerConfigKeys (ConfUtils.java:logGet(43)) - raft.server.storage.dir = [/workdir/hadoop-ozone/integration-test/target/test-dir/MiniOzoneClusterImpl-65bd215d-14c9-4112-ac30-b7a247fd80ea/datanode-0/data/ratis] (custom)
2019-10-14 09:45:04,891 [pool-409-thread-1] INFO  storage.RaftStorageDirectory (RaftStorageDirectory.java:analyzeStorage(246)) - The storage directory /workdir/hadoop-ozone/integration-test/target/test-dir/MiniOzoneClusterImpl-65bd215d-14c9-4112-ac30-b7a247fd80ea/datanode-0/data/ratis/8c901a75-9ba0-4ef4-a371-7941f1d03cf1 does not exist. Creating ...
2019-10-14 09:45:04,916 [pool-409-thread-1] INFO  storage.RaftStorageDirectory (RaftStorageDirectory.java:tryLock(328)) - Lock on /workdir/hadoop-ozone/integration-test/target/test-dir/MiniOzoneClusterImpl-65bd215d-14c9-4112-ac30-b7a247fd80ea/datanode-0/data/ratis/8c901a75-9ba0-4ef4-a371-7941f1d03cf1/in_use.lock acquired by nodename 21114@pr-hdds-1569-vp9xg-4248047660
2019-10-14 09:45:04,925 [IPC Server handler 8 on 42991] INFO  net.NetworkTopology (NetworkTopologyImpl.java:add(111)) - Added a new node: /default-rack/2be2fac0-04ab-46f3-bf55-9c63f02fedac
2019-10-14 09:45:04,925 [IPC Server handler 8 on 42991] INFO  node.SCMNodeManager (SCMNodeManager.java:register(266)) - Registered Data node : 2be2fac0-04ab-46f3-bf55-9c63f02fedac{ip: 192.168.164.214, host: pr-hdds-1569-vp9xg-4248047660, networkLocation: /default-rack, certSerialId: null}
2019-10-14 09:45:04,933 [pool-409-thread-1] INFO  storage.RaftStorage (RaftStorage.java:format(72)) - Storage directory /workdir/hadoop-ozone/integration-test/target/test-dir/MiniOzoneClusterImpl-65bd215d-14c9-4112-ac30-b7a247fd80ea/datanode-0/data/ratis/8c901a75-9ba0-4ef4-a371-7941f1d03cf1 has been successfully formatted.
2019-10-14 09:45:04,934 [pool-409-thread-1] INFO  ratis.ContainerStateMachine (ContainerStateMachine.java:loadSnapshot(230)) - group-7941F1D03CF1: The snapshot info is null. Setting the last applied indexto:(t:0, i:~)
2019-10-14 09:45:04,934 [pool-409-thread-1] INFO  server.RaftServerConfigKeys (ConfUtils.java:logGet(43)) - raft.server.notification.no-leader.timeout = 120s (custom)
2019-10-14 09:45:04,934 [pool-409-thread-1] INFO  server.RaftServerConfigKeys (ConfUtils.java:logGet(43)) - raft.server.log.use.memory = false (default)
2019-10-14 09:45:04,934 [pool-409-thread-1] INFO  server.RaftServerConfigKeys (ConfUtils.java:logGet(43)) - raft.server.log.purge.gap = 1000000 (custom)
2019-10-14 09:45:04,935 [pool-409-thread-1] INFO  server.RaftServerConfigKeys (ConfUtils.java:logGet(43)) - raft.server.log.appender.buffer.byte-limit = 33554432 (custom)
2019-10-14 09:45:04,935 [pool-409-thread-1] INFO  server.RaftServerConfigKeys (ConfUtils.java:logGet(43)) - raft.server.log.segment.size.max = 1048576 (custom)
2019-10-14 09:45:04,935 [pool-409-thread-1] INFO  server.RaftServerConfigKeys (ConfUtils.java:logGet(43)) - raft.server.log.segment.cache.num.max = 2 (custom)
2019-10-14 09:45:04,935 [pool-409-thread-1] INFO  segmented.SegmentedRaftLogWorker (SegmentedRaftLogWorker.java:<init>(172)) - new 56712796-c63c-4f78-b712-8f3b1217dedc@group-7941F1D03CF1-SegmentedRaftLogWorker for RaftStorage:Storage Directory /workdir/hadoop-ozone/integration-test/target/test-dir/MiniOzoneClusterImpl-65bd215d-14c9-4112-ac30-b7a247fd80ea/datanode-0/data/ratis/8c901a75-9ba0-4ef4-a371-7941f1d03cf1
2019-10-14 09:45:04,938 [pool-409-thread-1] INFO  server.RaftServerConfigKeys (ConfUtils.java:logGet(43)) - raft.server.log.queue.byte-limit = 2147483647 (custom)
2019-10-14 09:45:04,938 [pool-409-thread-1] INFO  server.RaftServerConfigKeys (ConfUtils.java:logGet(43)) - raft.server.log.queue.element-limit = 1024 (custom)
2019-10-14 09:45:04,938 [pool-409-thread-1] INFO  server.RaftServerConfigKeys (ConfUtils.java:logGet(43)) - raft.server.log.segment.size.max = 1048576 (custom)
2019-10-14 09:45:04,938 [pool-409-thread-1] INFO  server.RaftServerConfigKeys (ConfUtils.java:logGet(43)) - raft.server.log.preallocated.size = 16384 (custom)
2019-10-14 09:45:04,938 [pool-409-thread-1] INFO  server.RaftServerConfigKeys (ConfUtils.java:logGet(43)) - raft.server.log.write.buffer.size = 33554432 (custom)
2019-10-14 09:45:04,938 [pool-409-thread-1] INFO  server.RaftServerConfigKeys (ConfUtils.java:logGet(43)) - raft.server.log.force.sync.num = 128 (default)
2019-10-14 09:45:04,939 [pool-409-thread-1] INFO  server.RaftServerConfigKeys (ConfUtils.java:logGet(43)) - raft.server.log.statemachine.data.sync = true (default)
2019-10-14 09:45:04,939 [pool-409-thread-1] INFO  server.RaftServerConfigKeys (ConfUtils.java:logGet(43)) - raft.server.log.statemachine.data.sync.timeout = 10s (default)
2019-10-14 09:45:04,939 [pool-409-thread-1] INFO  server.RaftServerConfigKeys (ConfUtils.java:logGet(43)) - raft.server.log.statemachine.data.sync.timeout.retry = -1 (default)
2019-10-14 09:45:04,939 [pool-409-thread-1] INFO  server.RaftServerConfigKeys (ConfUtils.java:logGet(43)) - raft.server.log.statemachine.data.caching.enabled = true (custom)
2019-10-14 09:45:04,940 [pool-409-thread-1] INFO  segmented.SegmentedRaftLogWorker (SegmentedRaftLogWorker.java:lambda$new$0(132)) - 56712796-c63c-4f78-b712-8f3b1217dedc@group-7941F1D03CF1-SegmentedRaftLogWorker: flushIndex: setUnconditionally 0 -> -1
2019-10-14 09:45:04,940 [pool-409-thread-1] INFO  server.RaftServerConfigKeys (ConfUtils.java:logGet(43)) - raft.server.snapshot.auto.trigger.enabled = true (custom)
2019-10-14 09:45:04,940 [pool-409-thread-1] INFO  server.RaftServerConfigKeys (ConfUtils.java:logGet(43)) - raft.server.snapshot.auto.trigger.threshold = 10000 (custom)
2019-10-14 09:45:04,940 [pool-409-thread-1] INFO  server.RaftServerConfigKeys (ConfUtils.java:logGet(43)) - raft.server.snapshot.retention.num.files = 5 (custom)
2019-10-14 09:45:04,940 [pool-409-thread-1] INFO  server.RaftServerConfigKeys (ConfUtils.java:logGet(43)) - raft.server.retrycache.expirytime = 600000ms (custom)
2019-10-14 09:45:04,942 [pool-409-thread-1] INFO  impl.RaftServerImpl (RaftServerImpl.java:start(185)) - 56712796-c63c-4f78-b712-8f3b1217dedc@group-7941F1D03CF1: start as a follower, conf=-1: [56712796-c63c-4f78-b712-8f3b1217dedc:192.168.164.214:33493], old=null
2019-10-14 09:45:04,942 [pool-409-thread-1] INFO  impl.RaftServerImpl (RaftServerImpl.java:setRole(174)) - 56712796-c63c-4f78-b712-8f3b1217dedc@group-7941F1D03CF1: changes role from      null to FOLLOWER at term 0 for startAsFollower
2019-10-14 09:45:04,943 [pool-409-thread-1] INFO  impl.RoleInfo (RoleInfo.java:updateAndGet(143)) - 56712796-c63c-4f78-b712-8f3b1217dedc: start FollowerState
2019-10-14 09:45:04,943 [pool-409-thread-1] INFO  util.JmxRegister (JmxRegister.java:tryRegister(44)) - Successfully registered JMX Bean with object name Ratis:service=RaftServer,group=group-7941F1D03CF1,id=56712796-c63c-4f78-b712-8f3b1217dedc
2019-10-14 09:45:04,947 [RatisPipelineUtilsThread] INFO  pipeline.PipelineStateManager (PipelineStateManager.java:addPipeline(56)) - Created pipeline Pipeline[ Id: 8c901a75-9ba0-4ef4-a371-7941f1d03cf1, Nodes: 56712796-c63c-4f78-b712-8f3b1217dedc{ip: 192.168.164.214, host: pr-hdds-1569-vp9xg-4248047660, networkLocation: /default-rack, certSerialId: null}, Type:RATIS, Factor:ONE, State:OPEN]
2019-10-14 09:45:04,954 [grpc-default-executor-16] INFO  impl.RaftServerProxy (RaftServerProxy.java:addNew(89)) - 2be2fac0-04ab-46f3-bf55-9c63f02fedac: addNew group-8941BF63D0F5:[2be2fac0-04ab-46f3-bf55-9c63f02fedac:192.168.164.214:39062] returns group-8941BF63D0F5:java.util.concurrent.CompletableFuture@29e228a5[Not completed]
2019-10-14 09:45:04,956 [pool-419-thread-1] INFO  impl.RaftServerImpl (RaftServerImpl.java:<init>(95)) - 2be2fac0-04ab-46f3-bf55-9c63f02fedac: new RaftServerImpl for group-8941BF63D0F5:[2be2fac0-04ab-46f3-bf55-9c63f02fedac:192.168.164.214:39062] with ContainerStateMachine:uninitialized
2019-10-14 09:45:04,956 [pool-419-thread-1] INFO  server.RaftServerConfigKeys (ConfUtils.java:logGet(43)) - raft.server.rpc.timeout.min = 5s (custom)
2019-10-14 09:45:04,956 [pool-419-thread-1] INFO  server.RaftServerConfigKeys (ConfUtils.java:logGet(43)) - raft.server.rpc.timeout.max = 5200ms (custom)
2019-10-14 09:45:04,957 [pool-419-thread-1] INFO  server.RaftServerConfigKeys (ConfUtils.java:logGet(43)) - raft.server.rpcslowness.timeout = 120s (custom)
2019-10-14 09:45:04,957 [pool-419-thread-1] INFO  server.RaftServerConfigKeys (ConfUtils.java:logGet(43)) - raft.server.sleep.deviation.threshold = 300 (default)
2019-10-14 09:45:04,957 [pool-419-thread-1] INFO  server.RaftServerConfigKeys (ConfUtils.java:logGet(43)) - raft.server.log.appender.install.snapshot.enabled = false (custom)
2019-10-14 09:45:04,957 [pool-419-thread-1] INFO  impl.RaftServerImpl (ServerState.java:<init>(103)) - 2be2fac0-04ab-46f3-bf55-9c63f02fedac@group-8941BF63D0F5: ConfigurationManager, init=-1: [2be2fac0-04ab-46f3-bf55-9c63f02fedac:192.168.164.214:39062], old=null, confs=<EMPTY_MAP>
2019-10-14 09:45:04,957 [pool-419-thread-1] INFO  server.RaftServerConfigKeys (ConfUtils.java:logGet(43)) - raft.server.storage.dir = [/workdir/hadoop-ozone/integration-test/target/test-dir/MiniOzoneClusterImpl-65bd215d-14c9-4112-ac30-b7a247fd80ea/datanode-1/data/ratis] (custom)
2019-10-14 09:45:04,958 [pool-419-thread-1] INFO  storage.RaftStorageDirectory (RaftStorageDirectory.java:analyzeStorage(246)) - The storage directory /workdir/hadoop-ozone/integration-test/target/test-dir/MiniOzoneClusterImpl-65bd215d-14c9-4112-ac30-b7a247fd80ea/datanode-1/data/ratis/c7a304b2-f7e2-4041-8b7b-8941bf63d0f5 does not exist. Creating ...
2019-10-14 09:45:04,975 [pool-419-thread-1] INFO  storage.RaftStorageDirectory (RaftStorageDirectory.java:tryLock(328)) - Lock on /workdir/hadoop-ozone/integration-test/target/test-dir/MiniOzoneClusterImpl-65bd215d-14c9-4112-ac30-b7a247fd80ea/datanode-1/data/ratis/c7a304b2-f7e2-4041-8b7b-8941bf63d0f5/in_use.lock acquired by nodename 21114@pr-hdds-1569-vp9xg-4248047660
2019-10-14 09:45:04,989 [IPC Server handler 1 on 42991] INFO  net.NetworkTopology (NetworkTopologyImpl.java:add(111)) - Added a new node: /default-rack/47d48411-1f17-4b0d-846b-025c3a4b0b86
2019-10-14 09:45:04,989 [IPC Server handler 1 on 42991] INFO  node.SCMNodeManager (SCMNodeManager.java:register(266)) - Registered Data node : 47d48411-1f17-4b0d-846b-025c3a4b0b86{ip: 192.168.164.214, host: pr-hdds-1569-vp9xg-4248047660, networkLocation: /default-rack, certSerialId: null}
2019-10-14 09:45:04,993 [pool-419-thread-1] INFO  storage.RaftStorage (RaftStorage.java:format(72)) - Storage directory /workdir/hadoop-ozone/integration-test/target/test-dir/MiniOzoneClusterImpl-65bd215d-14c9-4112-ac30-b7a247fd80ea/datanode-1/data/ratis/c7a304b2-f7e2-4041-8b7b-8941bf63d0f5 has been successfully formatted.
2019-10-14 09:45:04,993 [pool-419-thread-1] INFO  ratis.ContainerStateMachine (ContainerStateMachine.java:loadSnapshot(230)) - group-8941BF63D0F5: The snapshot info is null. Setting the last applied indexto:(t:0, i:~)
2019-10-14 09:45:04,993 [pool-419-thread-1] INFO  server.RaftServerConfigKeys (ConfUtils.java:logGet(43)) - raft.server.notification.no-leader.timeout = 120s (custom)
2019-10-14 09:45:04,993 [pool-419-thread-1] INFO  server.RaftServerConfigKeys (ConfUtils.java:logGet(43)) - raft.server.log.use.memory = false (default)
2019-10-14 09:45:04,993 [pool-419-thread-1] INFO  server.RaftServerConfigKeys (ConfUtils.java:logGet(43)) - raft.server.log.purge.gap = 1000000 (custom)
2019-10-14 09:45:04,993 [pool-419-thread-1] INFO  server.RaftServerConfigKeys (ConfUtils.java:logGet(43)) - raft.server.log.appender.buffer.byte-limit = 33554432 (custom)
2019-10-14 09:45:04,994 [pool-419-thread-1] INFO  server.RaftServerConfigKeys (ConfUtils.java:logGet(43)) - raft.server.log.segment.size.max = 1048576 (custom)
2019-10-14 09:45:04,994 [pool-419-thread-1] INFO  server.RaftServerConfigKeys (ConfUtils.java:logGet(43)) - raft.server.log.segment.cache.num.max = 2 (custom)
2019-10-14 09:45:04,994 [pool-419-thread-1] INFO  segmented.SegmentedRaftLogWorker (SegmentedRaftLogWorker.java:<init>(172)) - new 2be2fac0-04ab-46f3-bf55-9c63f02fedac@group-8941BF63D0F5-SegmentedRaftLogWorker for RaftStorage:Storage Directory /workdir/hadoop-ozone/integration-test/target/test-dir/MiniOzoneClusterImpl-65bd215d-14c9-4112-ac30-b7a247fd80ea/datanode-1/data/ratis/c7a304b2-f7e2-4041-8b7b-8941bf63d0f5
2019-10-14 09:45:04,996 [pool-419-thread-1] INFO  server.RaftServerConfigKeys (ConfUtils.java:logGet(43)) - raft.server.log.queue.byte-limit = 2147483647 (custom)
2019-10-14 09:45:04,996 [pool-419-thread-1] INFO  server.RaftServerConfigKeys (ConfUtils.java:logGet(43)) - raft.server.log.queue.element-limit = 1024 (custom)
2019-10-14 09:45:04,996 [pool-419-thread-1] INFO  server.RaftServerConfigKeys (ConfUtils.java:logGet(43)) - raft.server.log.segment.size.max = 1048576 (custom)
2019-10-14 09:45:04,996 [pool-419-thread-1] INFO  server.RaftServerConfigKeys (ConfUtils.java:logGet(43)) - raft.server.log.preallocated.size = 16384 (custom)
2019-10-14 09:45:04,997 [pool-419-thread-1] INFO  server.RaftServerConfigKeys (ConfUtils.java:logGet(43)) - raft.server.log.write.buffer.size = 33554432 (custom)
2019-10-14 09:45:04,997 [pool-419-thread-1] INFO  server.RaftServerConfigKeys (ConfUtils.java:logGet(43)) - raft.server.log.force.sync.num = 128 (default)
2019-10-14 09:45:04,997 [pool-419-thread-1] INFO  server.RaftServerConfigKeys (ConfUtils.java:logGet(43)) - raft.server.log.statemachine.data.sync = true (default)
2019-10-14 09:45:04,997 [pool-419-thread-1] INFO  server.RaftServerConfigKeys (ConfUtils.java:logGet(43)) - raft.server.log.statemachine.data.sync.timeout = 10s (default)
2019-10-14 09:45:04,997 [pool-419-thread-1] INFO  server.RaftServerConfigKeys (ConfUtils.java:logGet(43)) - raft.server.log.statemachine.data.sync.timeout.retry = -1 (default)
2019-10-14 09:45:04,997 [pool-419-thread-1] INFO  server.RaftServerConfigKeys (ConfUtils.java:logGet(43)) - raft.server.log.statemachine.data.caching.enabled = true (custom)
2019-10-14 09:45:04,998 [pool-419-thread-1] INFO  segmented.SegmentedRaftLogWorker (SegmentedRaftLogWorker.java:lambda$new$0(132)) - 2be2fac0-04ab-46f3-bf55-9c63f02fedac@group-8941BF63D0F5-SegmentedRaftLogWorker: flushIndex: setUnconditionally 0 -> -1
2019-10-14 09:45:04,998 [pool-419-thread-1] INFO  server.RaftServerConfigKeys (ConfUtils.java:logGet(43)) - raft.server.snapshot.auto.trigger.enabled = true (custom)
2019-10-14 09:45:04,998 [pool-419-thread-1] INFO  server.RaftServerConfigKeys (ConfUtils.java:logGet(43)) - raft.server.snapshot.auto.trigger.threshold = 10000 (custom)
2019-10-14 09:45:04,998 [pool-419-thread-1] INFO  server.RaftServerConfigKeys (ConfUtils.java:logGet(43)) - raft.server.snapshot.retention.num.files = 5 (custom)
2019-10-14 09:45:04,998 [pool-419-thread-1] INFO  server.RaftServerConfigKeys (ConfUtils.java:logGet(43)) - raft.server.retrycache.expirytime = 600000ms (custom)
2019-10-14 09:45:05,000 [pool-419-thread-1] INFO  impl.RaftServerImpl (RaftServerImpl.java:start(185)) - 2be2fac0-04ab-46f3-bf55-9c63f02fedac@group-8941BF63D0F5: start as a follower, conf=-1: [2be2fac0-04ab-46f3-bf55-9c63f02fedac:192.168.164.214:39062], old=null
2019-10-14 09:45:05,000 [pool-419-thread-1] INFO  impl.RaftServerImpl (RaftServerImpl.java:setRole(174)) - 2be2fac0-04ab-46f3-bf55-9c63f02fedac@group-8941BF63D0F5: changes role from      null to FOLLOWER at term 0 for startAsFollower
2019-10-14 09:45:05,000 [pool-419-thread-1] INFO  impl.RoleInfo (RoleInfo.java:updateAndGet(143)) - 2be2fac0-04ab-46f3-bf55-9c63f02fedac: start FollowerState
2019-10-14 09:45:05,001 [pool-419-thread-1] INFO  util.JmxRegister (JmxRegister.java:tryRegister(44)) - Successfully registered JMX Bean with object name Ratis:service=RaftServer,group=group-8941BF63D0F5,id=2be2fac0-04ab-46f3-bf55-9c63f02fedac
2019-10-14 09:45:05,002 [RatisPipelineUtilsThread] INFO  pipeline.PipelineStateManager (PipelineStateManager.java:addPipeline(56)) - Created pipeline Pipeline[ Id: c7a304b2-f7e2-4041-8b7b-8941bf63d0f5, Nodes: 2be2fac0-04ab-46f3-bf55-9c63f02fedac{ip: 192.168.164.214, host: pr-hdds-1569-vp9xg-4248047660, networkLocation: /default-rack, certSerialId: null}, Type:RATIS, Factor:ONE, State:OPEN]
2019-10-14 09:45:05,009 [grpc-default-executor-16] INFO  impl.RaftServerProxy (RaftServerProxy.java:addNew(89)) - 47d48411-1f17-4b0d-846b-025c3a4b0b86: addNew group-DD45106406A3:[47d48411-1f17-4b0d-846b-025c3a4b0b86:192.168.164.214:36914] returns group-DD45106406A3:java.util.concurrent.CompletableFuture@6a7ed1e3[Not completed]
2019-10-14 09:45:05,010 [pool-429-thread-1] INFO  impl.RaftServerImpl (RaftServerImpl.java:<init>(95)) - 47d48411-1f17-4b0d-846b-025c3a4b0b86: new RaftServerImpl for group-DD45106406A3:[47d48411-1f17-4b0d-846b-025c3a4b0b86:192.168.164.214:36914] with ContainerStateMachine:uninitialized
2019-10-14 09:45:05,010 [pool-429-thread-1] INFO  server.RaftServerConfigKeys (ConfUtils.java:logGet(43)) - raft.server.rpc.timeout.min = 5s (custom)
2019-10-14 09:45:05,010 [pool-429-thread-1] INFO  server.RaftServerConfigKeys (ConfUtils.java:logGet(43)) - raft.server.rpc.timeout.max = 5200ms (custom)
2019-10-14 09:45:05,010 [pool-429-thread-1] INFO  server.RaftServerConfigKeys (ConfUtils.java:logGet(43)) - raft.server.rpcslowness.timeout = 120s (custom)
2019-10-14 09:45:05,010 [pool-429-thread-1] INFO  server.RaftServerConfigKeys (ConfUtils.java:logGet(43)) - raft.server.sleep.deviation.threshold = 300 (default)
2019-10-14 09:45:05,011 [pool-429-thread-1] INFO  server.RaftServerConfigKeys (ConfUtils.java:logGet(43)) - raft.server.log.appender.install.snapshot.enabled = false (custom)
2019-10-14 09:45:05,011 [pool-429-thread-1] INFO  impl.RaftServerImpl (ServerState.java:<init>(103)) - 47d48411-1f17-4b0d-846b-025c3a4b0b86@group-DD45106406A3: ConfigurationManager, init=-1: [47d48411-1f17-4b0d-846b-025c3a4b0b86:192.168.164.214:36914], old=null, confs=<EMPTY_MAP>
2019-10-14 09:45:05,011 [pool-429-thread-1] INFO  server.RaftServerConfigKeys (ConfUtils.java:logGet(43)) - raft.server.storage.dir = [/workdir/hadoop-ozone/integration-test/target/test-dir/MiniOzoneClusterImpl-65bd215d-14c9-4112-ac30-b7a247fd80ea/datanode-2/data/ratis] (custom)
2019-10-14 09:45:05,011 [pool-429-thread-1] INFO  storage.RaftStorageDirectory (RaftStorageDirectory.java:analyzeStorage(246)) - The storage directory /workdir/hadoop-ozone/integration-test/target/test-dir/MiniOzoneClusterImpl-65bd215d-14c9-4112-ac30-b7a247fd80ea/datanode-2/data/ratis/8fac6712-21c3-48d7-bf4f-dd45106406a3 does not exist. Creating ...
2019-10-14 09:45:05,026 [pool-429-thread-1] INFO  storage.RaftStorageDirectory (RaftStorageDirectory.java:tryLock(328)) - Lock on /workdir/hadoop-ozone/integration-test/target/test-dir/MiniOzoneClusterImpl-65bd215d-14c9-4112-ac30-b7a247fd80ea/datanode-2/data/ratis/8fac6712-21c3-48d7-bf4f-dd45106406a3/in_use.lock acquired by nodename 21114@pr-hdds-1569-vp9xg-4248047660
2019-10-14 09:45:05,043 [pool-429-thread-1] INFO  storage.RaftStorage (RaftStorage.java:format(72)) - Storage directory /workdir/hadoop-ozone/integration-test/target/test-dir/MiniOzoneClusterImpl-65bd215d-14c9-4112-ac30-b7a247fd80ea/datanode-2/data/ratis/8fac6712-21c3-48d7-bf4f-dd45106406a3 has been successfully formatted.
2019-10-14 09:45:05,043 [pool-429-thread-1] INFO  ratis.ContainerStateMachine (ContainerStateMachine.java:loadSnapshot(230)) - group-DD45106406A3: The snapshot info is null. Setting the last applied indexto:(t:0, i:~)
2019-10-14 09:45:05,044 [pool-429-thread-1] INFO  server.RaftServerConfigKeys (ConfUtils.java:logGet(43)) - raft.server.notification.no-leader.timeout = 120s (custom)
2019-10-14 09:45:05,044 [pool-429-thread-1] INFO  server.RaftServerConfigKeys (ConfUtils.java:logGet(43)) - raft.server.log.use.memory = false (default)
2019-10-14 09:45:05,044 [pool-429-thread-1] INFO  server.RaftServerConfigKeys (ConfUtils.java:logGet(43)) - raft.server.log.purge.gap = 1000000 (custom)
2019-10-14 09:45:05,044 [pool-429-thread-1] INFO  server.RaftServerConfigKeys (ConfUtils.java:logGet(43)) - raft.server.log.appender.buffer.byte-limit = 33554432 (custom)
2019-10-14 09:45:05,044 [pool-429-thread-1] INFO  server.RaftServerConfigKeys (ConfUtils.java:logGet(43)) - raft.server.log.segment.size.max = 1048576 (custom)
2019-10-14 09:45:05,044 [pool-429-thread-1] INFO  server.RaftServerConfigKeys (ConfUtils.java:logGet(43)) - raft.server.log.segment.cache.num.max = 2 (custom)
2019-10-14 09:45:05,044 [pool-429-thread-1] INFO  segmented.SegmentedRaftLogWorker (SegmentedRaftLogWorker.java:<init>(172)) - new 47d48411-1f17-4b0d-846b-025c3a4b0b86@group-DD45106406A3-SegmentedRaftLogWorker for RaftStorage:Storage Directory /workdir/hadoop-ozone/integration-test/target/test-dir/MiniOzoneClusterImpl-65bd215d-14c9-4112-ac30-b7a247fd80ea/datanode-2/data/ratis/8fac6712-21c3-48d7-bf4f-dd45106406a3
2019-10-14 09:45:05,046 [pool-429-thread-1] INFO  server.RaftServerConfigKeys (ConfUtils.java:logGet(43)) - raft.server.log.queue.byte-limit = 2147483647 (custom)
2019-10-14 09:45:05,046 [pool-429-thread-1] INFO  server.RaftServerConfigKeys (ConfUtils.java:logGet(43)) - raft.server.log.queue.element-limit = 1024 (custom)
2019-10-14 09:45:05,046 [pool-429-thread-1] INFO  server.RaftServerConfigKeys (ConfUtils.java:logGet(43)) - raft.server.log.segment.size.max = 1048576 (custom)
2019-10-14 09:45:05,046 [pool-429-thread-1] INFO  server.RaftServerConfigKeys (ConfUtils.java:logGet(43)) - raft.server.log.preallocated.size = 16384 (custom)
2019-10-14 09:45:05,046 [pool-429-thread-1] INFO  server.RaftServerConfigKeys (ConfUtils.java:logGet(43)) - raft.server.log.write.buffer.size = 33554432 (custom)
2019-10-14 09:45:05,046 [pool-429-thread-1] INFO  server.RaftServerConfigKeys (ConfUtils.java:logGet(43)) - raft.server.log.force.sync.num = 128 (default)
2019-10-14 09:45:05,046 [pool-429-thread-1] INFO  server.RaftServerConfigKeys (ConfUtils.java:logGet(43)) - raft.server.log.statemachine.data.sync = true (default)
2019-10-14 09:45:05,046 [pool-429-thread-1] INFO  server.RaftServerConfigKeys (ConfUtils.java:logGet(43)) - raft.server.log.statemachine.data.sync.timeout = 10s (default)
2019-10-14 09:45:05,047 [pool-429-thread-1] INFO  server.RaftServerConfigKeys (ConfUtils.java:logGet(43)) - raft.server.log.statemachine.data.sync.timeout.retry = -1 (default)
2019-10-14 09:45:05,047 [pool-429-thread-1] INFO  server.RaftServerConfigKeys (ConfUtils.java:logGet(43)) - raft.server.log.statemachine.data.caching.enabled = true (custom)
2019-10-14 09:45:05,047 [pool-429-thread-1] INFO  segmented.SegmentedRaftLogWorker (SegmentedRaftLogWorker.java:lambda$new$0(132)) - 47d48411-1f17-4b0d-846b-025c3a4b0b86@group-DD45106406A3-SegmentedRaftLogWorker: flushIndex: setUnconditionally 0 -> -1
2019-10-14 09:45:05,047 [pool-429-thread-1] INFO  server.RaftServerConfigKeys (ConfUtils.java:logGet(43)) - raft.server.snapshot.auto.trigger.enabled = true (custom)
2019-10-14 09:45:05,047 [pool-429-thread-1] INFO  server.RaftServerConfigKeys (ConfUtils.java:logGet(43)) - raft.server.snapshot.auto.trigger.threshold = 10000 (custom)
2019-10-14 09:45:05,048 [pool-429-thread-1] INFO  server.RaftServerConfigKeys (ConfUtils.java:logGet(43)) - raft.server.snapshot.retention.num.files = 5 (custom)
2019-10-14 09:45:05,048 [pool-429-thread-1] INFO  server.RaftServerConfigKeys (ConfUtils.java:logGet(43)) - raft.server.retrycache.expirytime = 600000ms (custom)
2019-10-14 09:45:05,049 [pool-429-thread-1] INFO  impl.RaftServerImpl (RaftServerImpl.java:start(185)) - 47d48411-1f17-4b0d-846b-025c3a4b0b86@group-DD45106406A3: start as a follower, conf=-1: [47d48411-1f17-4b0d-846b-025c3a4b0b86:192.168.164.214:36914], old=null
2019-10-14 09:45:05,049 [pool-429-thread-1] INFO  impl.RaftServerImpl (RaftServerImpl.java:setRole(174)) - 47d48411-1f17-4b0d-846b-025c3a4b0b86@group-DD45106406A3: changes role from      null to FOLLOWER at term 0 for startAsFollower
2019-10-14 09:45:05,049 [pool-429-thread-1] INFO  impl.RoleInfo (RoleInfo.java:updateAndGet(143)) - 47d48411-1f17-4b0d-846b-025c3a4b0b86: start FollowerState
2019-10-14 09:45:05,050 [pool-429-thread-1] INFO  util.JmxRegister (JmxRegister.java:tryRegister(44)) - Successfully registered JMX Bean with object name Ratis:service=RaftServer,group=group-DD45106406A3,id=47d48411-1f17-4b0d-846b-025c3a4b0b86
2019-10-14 09:45:05,051 [RatisPipelineUtilsThread] INFO  pipeline.PipelineStateManager (PipelineStateManager.java:addPipeline(56)) - Created pipeline Pipeline[ Id: 8fac6712-21c3-48d7-bf4f-dd45106406a3, Nodes: 47d48411-1f17-4b0d-846b-025c3a4b0b86{ip: 192.168.164.214, host: pr-hdds-1569-vp9xg-4248047660, networkLocation: /default-rack, certSerialId: null}, Type:RATIS, Factor:ONE, State:OPEN]
2019-10-14 09:45:05,052 [RatisPipelineUtilsThread] ERROR pipeline.SCMPipelineManager (SCMPipelineManager.java:createPipeline(193)) - Pipeline creation failed.
org.apache.hadoop.hdds.scm.exceptions.SCMException: Cannot create pipeline of factor 1 using 0 nodes. Used 3 nodes. Healthy nodes 3
	at org.apache.hadoop.hdds.scm.pipeline.RatisPipelineProvider.pickNodesNeverUsed(RatisPipelineProvider.java:116)
	at org.apache.hadoop.hdds.scm.pipeline.RatisPipelineProvider.create(RatisPipelineProvider.java:128)
	at org.apache.hadoop.hdds.scm.pipeline.PipelineFactory.create(PipelineFactory.java:58)
	at org.apache.hadoop.hdds.scm.pipeline.SCMPipelineManager.createPipeline(SCMPipelineManager.java:183)
	at org.apache.hadoop.hdds.scm.pipeline.BackgroundPipelineCreator.createPipelines(BackgroundPipelineCreator.java:100)
	at java.util.concurrent.Executors$RunnableAdapter.call(Executors.java:511)
	at java.util.concurrent.FutureTask.run(FutureTask.java:266)
	at java.util.concurrent.ScheduledThreadPoolExecutor$ScheduledFutureTask.access$201(ScheduledThreadPoolExecutor.java:180)
	at java.util.concurrent.ScheduledThreadPoolExecutor$ScheduledFutureTask.run(ScheduledThreadPoolExecutor.java:293)
	at java.util.concurrent.ThreadPoolExecutor.runWorker(ThreadPoolExecutor.java:1149)
	at java.util.concurrent.ThreadPoolExecutor$Worker.run(ThreadPoolExecutor.java:624)
	at java.lang.Thread.run(Thread.java:748)
2019-10-14 09:45:05,060 [IPC Server handler 4 on 42991] INFO  net.NetworkTopology (NetworkTopologyImpl.java:add(111)) - Added a new node: /default-rack/d13983dc-b0b6-41ad-b475-2b910e2f36de
2019-10-14 09:45:05,060 [IPC Server handler 4 on 42991] INFO  node.SCMNodeManager (SCMNodeManager.java:register(266)) - Registered Data node : d13983dc-b0b6-41ad-b475-2b910e2f36de{ip: 192.168.164.214, host: pr-hdds-1569-vp9xg-4248047660, networkLocation: /default-rack, certSerialId: null}
2019-10-14 09:45:05,061 [grpc-default-executor-15] INFO  impl.RaftServerProxy (RaftServerProxy.java:addNew(89)) - 2be2fac0-04ab-46f3-bf55-9c63f02fedac: addNew group-1FAAE3BCC180:[56712796-c63c-4f78-b712-8f3b1217dedc:192.168.164.214:33493, 2be2fac0-04ab-46f3-bf55-9c63f02fedac:192.168.164.214:39062, 47d48411-1f17-4b0d-846b-025c3a4b0b86:192.168.164.214:36914] returns group-1FAAE3BCC180:java.util.concurrent.CompletableFuture@2e900161[Not completed]
2019-10-14 09:45:05,061 [grpc-default-executor-16] INFO  impl.RaftServerProxy (RaftServerProxy.java:addNew(89)) - 56712796-c63c-4f78-b712-8f3b1217dedc: addNew group-1FAAE3BCC180:[56712796-c63c-4f78-b712-8f3b1217dedc:192.168.164.214:33493, 2be2fac0-04ab-46f3-bf55-9c63f02fedac:192.168.164.214:39062, 47d48411-1f17-4b0d-846b-025c3a4b0b86:192.168.164.214:36914] returns group-1FAAE3BCC180:java.util.concurrent.CompletableFuture@79d8eb0[Not completed]
2019-10-14 09:45:05,061 [grpc-default-executor-15] INFO  impl.RaftServerProxy (RaftServerProxy.java:addNew(89)) - 47d48411-1f17-4b0d-846b-025c3a4b0b86: addNew group-1FAAE3BCC180:[56712796-c63c-4f78-b712-8f3b1217dedc:192.168.164.214:33493, 2be2fac0-04ab-46f3-bf55-9c63f02fedac:192.168.164.214:39062, 47d48411-1f17-4b0d-846b-025c3a4b0b86:192.168.164.214:36914] returns group-1FAAE3BCC180:java.util.concurrent.CompletableFuture@23ea8f69[Not completed]
2019-10-14 09:45:05,062 [pool-419-thread-1] INFO  impl.RaftServerImpl (RaftServerImpl.java:<init>(95)) - 2be2fac0-04ab-46f3-bf55-9c63f02fedac: new RaftServerImpl for group-1FAAE3BCC180:[56712796-c63c-4f78-b712-8f3b1217dedc:192.168.164.214:33493, 2be2fac0-04ab-46f3-bf55-9c63f02fedac:192.168.164.214:39062, 47d48411-1f17-4b0d-846b-025c3a4b0b86:192.168.164.214:36914] with ContainerStateMachine:uninitialized
2019-10-14 09:45:05,063 [pool-419-thread-1] INFO  server.RaftServerConfigKeys (ConfUtils.java:logGet(43)) - raft.server.rpc.timeout.min = 5s (custom)
2019-10-14 09:45:05,063 [pool-419-thread-1] INFO  server.RaftServerConfigKeys (ConfUtils.java:logGet(43)) - raft.server.rpc.timeout.max = 5200ms (custom)
2019-10-14 09:45:05,063 [pool-419-thread-1] INFO  server.RaftServerConfigKeys (ConfUtils.java:logGet(43)) - raft.server.rpcslowness.timeout = 120s (custom)
2019-10-14 09:45:05,063 [pool-429-thread-1] INFO  impl.RaftServerImpl (RaftServerImpl.java:<init>(95)) - 47d48411-1f17-4b0d-846b-025c3a4b0b86: new RaftServerImpl for group-1FAAE3BCC180:[56712796-c63c-4f78-b712-8f3b1217dedc:192.168.164.214:33493, 2be2fac0-04ab-46f3-bf55-9c63f02fedac:192.168.164.214:39062, 47d48411-1f17-4b0d-846b-025c3a4b0b86:192.168.164.214:36914] with ContainerStateMachine:uninitialized
2019-10-14 09:45:05,063 [pool-419-thread-1] INFO  server.RaftServerConfigKeys (ConfUtils.java:logGet(43)) - raft.server.sleep.deviation.threshold = 300 (default)
2019-10-14 09:45:05,063 [pool-429-thread-1] INFO  server.RaftServerConfigKeys (ConfUtils.java:logGet(43)) - raft.server.rpc.timeout.min = 5s (custom)
2019-10-14 09:45:05,063 [pool-419-thread-1] INFO  server.RaftServerConfigKeys (ConfUtils.java:logGet(43)) - raft.server.log.appender.install.snapshot.enabled = false (custom)
2019-10-14 09:45:05,063 [pool-429-thread-1] INFO  server.RaftServerConfigKeys (ConfUtils.java:logGet(43)) - raft.server.rpc.timeout.max = 5200ms (custom)
2019-10-14 09:45:05,063 [pool-419-thread-1] INFO  impl.RaftServerImpl (ServerState.java:<init>(103)) - 2be2fac0-04ab-46f3-bf55-9c63f02fedac@group-1FAAE3BCC180: ConfigurationManager, init=-1: [56712796-c63c-4f78-b712-8f3b1217dedc:192.168.164.214:33493, 2be2fac0-04ab-46f3-bf55-9c63f02fedac:192.168.164.214:39062, 47d48411-1f17-4b0d-846b-025c3a4b0b86:192.168.164.214:36914], old=null, confs=<EMPTY_MAP>
2019-10-14 09:45:05,064 [pool-409-thread-1] INFO  impl.RaftServerImpl (RaftServerImpl.java:<init>(95)) - 56712796-c63c-4f78-b712-8f3b1217dedc: new RaftServerImpl for group-1FAAE3BCC180:[56712796-c63c-4f78-b712-8f3b1217dedc:192.168.164.214:33493, 2be2fac0-04ab-46f3-bf55-9c63f02fedac:192.168.164.214:39062, 47d48411-1f17-4b0d-846b-025c3a4b0b86:192.168.164.214:36914] with ContainerStateMachine:uninitialized
2019-10-14 09:45:05,063 [pool-429-thread-1] INFO  server.RaftServerConfigKeys (ConfUtils.java:logGet(43)) - raft.server.rpcslowness.timeout = 120s (custom)
2019-10-14 09:45:05,064 [pool-409-thread-1] INFO  server.RaftServerConfigKeys (ConfUtils.java:logGet(43)) - raft.server.rpc.timeout.min = 5s (custom)
2019-10-14 09:45:05,064 [pool-419-thread-1] INFO  server.RaftServerConfigKeys (ConfUtils.java:logGet(43)) - raft.server.storage.dir = [/workdir/hadoop-ozone/integration-test/target/test-dir/MiniOzoneClusterImpl-65bd215d-14c9-4112-ac30-b7a247fd80ea/datanode-1/data/ratis] (custom)
2019-10-14 09:45:05,064 [pool-409-thread-1] INFO  server.RaftServerConfigKeys (ConfUtils.java:logGet(43)) - raft.server.rpc.timeout.max = 5200ms (custom)
2019-10-14 09:45:05,064 [pool-429-thread-1] INFO  server.RaftServerConfigKeys (ConfUtils.java:logGet(43)) - raft.server.sleep.deviation.threshold = 300 (default)
2019-10-14 09:45:05,064 [pool-409-thread-1] INFO  server.RaftServerConfigKeys (ConfUtils.java:logGet(43)) - raft.server.rpcslowness.timeout = 120s (custom)
2019-10-14 09:45:05,064 [pool-419-thread-1] INFO  storage.RaftStorageDirectory (RaftStorageDirectory.java:analyzeStorage(246)) - The storage directory /workdir/hadoop-ozone/integration-test/target/test-dir/MiniOzoneClusterImpl-65bd215d-14c9-4112-ac30-b7a247fd80ea/datanode-1/data/ratis/9a9973fe-e5fc-4f77-8389-1faae3bcc180 does not exist. Creating ...
2019-10-14 09:45:05,064 [pool-429-thread-1] INFO  server.RaftServerConfigKeys (ConfUtils.java:logGet(43)) - raft.server.log.appender.install.snapshot.enabled = false (custom)
2019-10-14 09:45:05,064 [pool-409-thread-1] INFO  server.RaftServerConfigKeys (ConfUtils.java:logGet(43)) - raft.server.sleep.deviation.threshold = 300 (default)
2019-10-14 09:45:05,064 [pool-429-thread-1] INFO  impl.RaftServerImpl (ServerState.java:<init>(103)) - 47d48411-1f17-4b0d-846b-025c3a4b0b86@group-1FAAE3BCC180: ConfigurationManager, init=-1: [56712796-c63c-4f78-b712-8f3b1217dedc:192.168.164.214:33493, 2be2fac0-04ab-46f3-bf55-9c63f02fedac:192.168.164.214:39062, 47d48411-1f17-4b0d-846b-025c3a4b0b86:192.168.164.214:36914], old=null, confs=<EMPTY_MAP>
2019-10-14 09:45:05,065 [pool-409-thread-1] INFO  server.RaftServerConfigKeys (ConfUtils.java:logGet(43)) - raft.server.log.appender.install.snapshot.enabled = false (custom)
2019-10-14 09:45:05,065 [pool-429-thread-1] INFO  server.RaftServerConfigKeys (ConfUtils.java:logGet(43)) - raft.server.storage.dir = [/workdir/hadoop-ozone/integration-test/target/test-dir/MiniOzoneClusterImpl-65bd215d-14c9-4112-ac30-b7a247fd80ea/datanode-2/data/ratis] (custom)
2019-10-14 09:45:05,065 [pool-409-thread-1] INFO  impl.RaftServerImpl (ServerState.java:<init>(103)) - 56712796-c63c-4f78-b712-8f3b1217dedc@group-1FAAE3BCC180: ConfigurationManager, init=-1: [56712796-c63c-4f78-b712-8f3b1217dedc:192.168.164.214:33493, 2be2fac0-04ab-46f3-bf55-9c63f02fedac:192.168.164.214:39062, 47d48411-1f17-4b0d-846b-025c3a4b0b86:192.168.164.214:36914], old=null, confs=<EMPTY_MAP>
2019-10-14 09:45:05,065 [pool-409-thread-1] INFO  server.RaftServerConfigKeys (ConfUtils.java:logGet(43)) - raft.server.storage.dir = [/workdir/hadoop-ozone/integration-test/target/test-dir/MiniOzoneClusterImpl-65bd215d-14c9-4112-ac30-b7a247fd80ea/datanode-0/data/ratis] (custom)
2019-10-14 09:45:05,065 [pool-429-thread-1] INFO  storage.RaftStorageDirectory (RaftStorageDirectory.java:analyzeStorage(246)) - The storage directory /workdir/hadoop-ozone/integration-test/target/test-dir/MiniOzoneClusterImpl-65bd215d-14c9-4112-ac30-b7a247fd80ea/datanode-2/data/ratis/9a9973fe-e5fc-4f77-8389-1faae3bcc180 does not exist. Creating ...
2019-10-14 09:45:05,065 [pool-409-thread-1] INFO  storage.RaftStorageDirectory (RaftStorageDirectory.java:analyzeStorage(246)) - The storage directory /workdir/hadoop-ozone/integration-test/target/test-dir/MiniOzoneClusterImpl-65bd215d-14c9-4112-ac30-b7a247fd80ea/datanode-0/data/ratis/9a9973fe-e5fc-4f77-8389-1faae3bcc180 does not exist. Creating ...
2019-10-14 09:45:05,077 [pool-409-thread-1] INFO  storage.RaftStorageDirectory (RaftStorageDirectory.java:tryLock(328)) - Lock on /workdir/hadoop-ozone/integration-test/target/test-dir/MiniOzoneClusterImpl-65bd215d-14c9-4112-ac30-b7a247fd80ea/datanode-0/data/ratis/9a9973fe-e5fc-4f77-8389-1faae3bcc180/in_use.lock acquired by nodename 21114@pr-hdds-1569-vp9xg-4248047660
2019-10-14 09:45:05,077 [pool-419-thread-1] INFO  storage.RaftStorageDirectory (RaftStorageDirectory.java:tryLock(328)) - Lock on /workdir/hadoop-ozone/integration-test/target/test-dir/MiniOzoneClusterImpl-65bd215d-14c9-4112-ac30-b7a247fd80ea/datanode-1/data/ratis/9a9973fe-e5fc-4f77-8389-1faae3bcc180/in_use.lock acquired by nodename 21114@pr-hdds-1569-vp9xg-4248047660
2019-10-14 09:45:05,077 [pool-429-thread-1] INFO  storage.RaftStorageDirectory (RaftStorageDirectory.java:tryLock(328)) - Lock on /workdir/hadoop-ozone/integration-test/target/test-dir/MiniOzoneClusterImpl-65bd215d-14c9-4112-ac30-b7a247fd80ea/datanode-2/data/ratis/9a9973fe-e5fc-4f77-8389-1faae3bcc180/in_use.lock acquired by nodename 21114@pr-hdds-1569-vp9xg-4248047660
2019-10-14 09:45:05,094 [pool-409-thread-1] INFO  storage.RaftStorage (RaftStorage.java:format(72)) - Storage directory /workdir/hadoop-ozone/integration-test/target/test-dir/MiniOzoneClusterImpl-65bd215d-14c9-4112-ac30-b7a247fd80ea/datanode-0/data/ratis/9a9973fe-e5fc-4f77-8389-1faae3bcc180 has been successfully formatted.
2019-10-14 09:45:05,095 [pool-419-thread-1] INFO  storage.RaftStorage (RaftStorage.java:format(72)) - Storage directory /workdir/hadoop-ozone/integration-test/target/test-dir/MiniOzoneClusterImpl-65bd215d-14c9-4112-ac30-b7a247fd80ea/datanode-1/data/ratis/9a9973fe-e5fc-4f77-8389-1faae3bcc180 has been successfully formatted.
2019-10-14 09:45:05,094 [pool-429-thread-1] INFO  storage.RaftStorage (RaftStorage.java:format(72)) - Storage directory /workdir/hadoop-ozone/integration-test/target/test-dir/MiniOzoneClusterImpl-65bd215d-14c9-4112-ac30-b7a247fd80ea/datanode-2/data/ratis/9a9973fe-e5fc-4f77-8389-1faae3bcc180 has been successfully formatted.
2019-10-14 09:45:05,095 [pool-419-thread-1] INFO  ratis.ContainerStateMachine (ContainerStateMachine.java:loadSnapshot(230)) - group-1FAAE3BCC180: The snapshot info is null. Setting the last applied indexto:(t:0, i:~)
2019-10-14 09:45:05,095 [pool-429-thread-1] INFO  ratis.ContainerStateMachine (ContainerStateMachine.java:loadSnapshot(230)) - group-1FAAE3BCC180: The snapshot info is null. Setting the last applied indexto:(t:0, i:~)
2019-10-14 09:45:05,095 [pool-409-thread-1] INFO  ratis.ContainerStateMachine (ContainerStateMachine.java:loadSnapshot(230)) - group-1FAAE3BCC180: The snapshot info is null. Setting the last applied indexto:(t:0, i:~)
2019-10-14 09:45:05,095 [pool-429-thread-1] INFO  server.RaftServerConfigKeys (ConfUtils.java:logGet(43)) - raft.server.notification.no-leader.timeout = 120s (custom)
2019-10-14 09:45:05,095 [pool-419-thread-1] INFO  server.RaftServerConfigKeys (ConfUtils.java:logGet(43)) - raft.server.notification.no-leader.timeout = 120s (custom)
2019-10-14 09:45:05,095 [pool-429-thread-1] INFO  server.RaftServerConfigKeys (ConfUtils.java:logGet(43)) - raft.server.log.use.memory = false (default)
2019-10-14 09:45:05,095 [pool-409-thread-1] INFO  server.RaftServerConfigKeys (ConfUtils.java:logGet(43)) - raft.server.notification.no-leader.timeout = 120s (custom)
2019-10-14 09:45:05,096 [pool-429-thread-1] INFO  server.RaftServerConfigKeys (ConfUtils.java:logGet(43)) - raft.server.log.purge.gap = 1000000 (custom)
2019-10-14 09:45:05,096 [pool-419-thread-1] INFO  server.RaftServerConfigKeys (ConfUtils.java:logGet(43)) - raft.server.log.use.memory = false (default)
2019-10-14 09:45:05,096 [pool-429-thread-1] INFO  server.RaftServerConfigKeys (ConfUtils.java:logGet(43)) - raft.server.log.appender.buffer.byte-limit = 33554432 (custom)
2019-10-14 09:45:05,096 [pool-409-thread-1] INFO  server.RaftServerConfigKeys (ConfUtils.java:logGet(43)) - raft.server.log.use.memory = false (default)
2019-10-14 09:45:05,096 [pool-429-thread-1] INFO  server.RaftServerConfigKeys (ConfUtils.java:logGet(43)) - raft.server.log.segment.size.max = 1048576 (custom)
2019-10-14 09:45:05,096 [pool-419-thread-1] INFO  server.RaftServerConfigKeys (ConfUtils.java:logGet(43)) - raft.server.log.purge.gap = 1000000 (custom)
2019-10-14 09:45:05,096 [pool-429-thread-1] INFO  server.RaftServerConfigKeys (ConfUtils.java:logGet(43)) - raft.server.log.segment.cache.num.max = 2 (custom)
2019-10-14 09:45:05,096 [pool-409-thread-1] INFO  server.RaftServerConfigKeys (ConfUtils.java:logGet(43)) - raft.server.log.purge.gap = 1000000 (custom)
2019-10-14 09:45:05,097 [pool-429-thread-1] INFO  segmented.SegmentedRaftLogWorker (SegmentedRaftLogWorker.java:<init>(172)) - new 47d48411-1f17-4b0d-846b-025c3a4b0b86@group-1FAAE3BCC180-SegmentedRaftLogWorker for RaftStorage:Storage Directory /workdir/hadoop-ozone/integration-test/target/test-dir/MiniOzoneClusterImpl-65bd215d-14c9-4112-ac30-b7a247fd80ea/datanode-2/data/ratis/9a9973fe-e5fc-4f77-8389-1faae3bcc180
2019-10-14 09:45:05,096 [pool-419-thread-1] INFO  server.RaftServerConfigKeys (ConfUtils.java:logGet(43)) - raft.server.log.appender.buffer.byte-limit = 33554432 (custom)
2019-10-14 09:45:05,097 [pool-429-thread-1] INFO  server.RaftServerConfigKeys (ConfUtils.java:logGet(43)) - raft.server.log.queue.byte-limit = 2147483647 (custom)
2019-10-14 09:45:05,097 [pool-409-thread-1] INFO  server.RaftServerConfigKeys (ConfUtils.java:logGet(43)) - raft.server.log.appender.buffer.byte-limit = 33554432 (custom)
2019-10-14 09:45:05,097 [pool-429-thread-1] INFO  server.RaftServerConfigKeys (ConfUtils.java:logGet(43)) - raft.server.log.queue.element-limit = 1024 (custom)
2019-10-14 09:45:05,097 [pool-419-thread-1] INFO  server.RaftServerConfigKeys (ConfUtils.java:logGet(43)) - raft.server.log.segment.size.max = 1048576 (custom)
2019-10-14 09:45:05,097 [pool-429-thread-1] INFO  server.RaftServerConfigKeys (ConfUtils.java:logGet(43)) - raft.server.log.segment.size.max = 1048576 (custom)
2019-10-14 09:45:05,097 [pool-409-thread-1] INFO  server.RaftServerConfigKeys (ConfUtils.java:logGet(43)) - raft.server.log.segment.size.max = 1048576 (custom)
2019-10-14 09:45:05,098 [pool-429-thread-1] INFO  server.RaftServerConfigKeys (ConfUtils.java:logGet(43)) - raft.server.log.preallocated.size = 16384 (custom)
2019-10-14 09:45:05,097 [pool-419-thread-1] INFO  server.RaftServerConfigKeys (ConfUtils.java:logGet(43)) - raft.server.log.segment.cache.num.max = 2 (custom)
2019-10-14 09:45:05,098 [pool-429-thread-1] INFO  server.RaftServerConfigKeys (ConfUtils.java:logGet(43)) - raft.server.log.write.buffer.size = 33554432 (custom)
2019-10-14 09:45:05,098 [pool-409-thread-1] INFO  server.RaftServerConfigKeys (ConfUtils.java:logGet(43)) - raft.server.log.segment.cache.num.max = 2 (custom)
2019-10-14 09:45:05,098 [pool-429-thread-1] INFO  server.RaftServerConfigKeys (ConfUtils.java:logGet(43)) - raft.server.log.force.sync.num = 128 (default)
2019-10-14 09:45:05,098 [pool-419-thread-1] INFO  segmented.SegmentedRaftLogWorker (SegmentedRaftLogWorker.java:<init>(172)) - new 2be2fac0-04ab-46f3-bf55-9c63f02fedac@group-1FAAE3BCC180-SegmentedRaftLogWorker for RaftStorage:Storage Directory /workdir/hadoop-ozone/integration-test/target/test-dir/MiniOzoneClusterImpl-65bd215d-14c9-4112-ac30-b7a247fd80ea/datanode-1/data/ratis/9a9973fe-e5fc-4f77-8389-1faae3bcc180
2019-10-14 09:45:05,098 [pool-429-thread-1] INFO  server.RaftServerConfigKeys (ConfUtils.java:logGet(43)) - raft.server.log.statemachine.data.sync = true (default)
2019-10-14 09:45:05,098 [pool-409-thread-1] INFO  segmented.SegmentedRaftLogWorker (SegmentedRaftLogWorker.java:<init>(172)) - new 56712796-c63c-4f78-b712-8f3b1217dedc@group-1FAAE3BCC180-SegmentedRaftLogWorker for RaftStorage:Storage Directory /workdir/hadoop-ozone/integration-test/target/test-dir/MiniOzoneClusterImpl-65bd215d-14c9-4112-ac30-b7a247fd80ea/datanode-0/data/ratis/9a9973fe-e5fc-4f77-8389-1faae3bcc180
2019-10-14 09:45:05,098 [pool-429-thread-1] INFO  server.RaftServerConfigKeys (ConfUtils.java:logGet(43)) - raft.server.log.statemachine.data.sync.timeout = 10s (default)
2019-10-14 09:45:05,098 [pool-419-thread-1] INFO  server.RaftServerConfigKeys (ConfUtils.java:logGet(43)) - raft.server.log.queue.byte-limit = 2147483647 (custom)
2019-10-14 09:45:05,099 [pool-429-thread-1] INFO  server.RaftServerConfigKeys (ConfUtils.java:logGet(43)) - raft.server.log.statemachine.data.sync.timeout.retry = -1 (default)
2019-10-14 09:45:05,098 [pool-409-thread-1] INFO  server.RaftServerConfigKeys (ConfUtils.java:logGet(43)) - raft.server.log.queue.byte-limit = 2147483647 (custom)
2019-10-14 09:45:05,099 [pool-429-thread-1] INFO  server.RaftServerConfigKeys (ConfUtils.java:logGet(43)) - raft.server.log.statemachine.data.caching.enabled = true (custom)
2019-10-14 09:45:05,099 [pool-419-thread-1] INFO  server.RaftServerConfigKeys (ConfUtils.java:logGet(43)) - raft.server.log.queue.element-limit = 1024 (custom)
2019-10-14 09:45:05,099 [pool-419-thread-1] INFO  server.RaftServerConfigKeys (ConfUtils.java:logGet(43)) - raft.server.log.segment.size.max = 1048576 (custom)
2019-10-14 09:45:05,099 [pool-409-thread-1] INFO  server.RaftServerConfigKeys (ConfUtils.java:logGet(43)) - raft.server.log.queue.element-limit = 1024 (custom)
2019-10-14 09:45:05,099 [pool-419-thread-1] INFO  server.RaftServerConfigKeys (ConfUtils.java:logGet(43)) - raft.server.log.preallocated.size = 16384 (custom)
2019-10-14 09:45:05,099 [pool-419-thread-1] INFO  server.RaftServerConfigKeys (ConfUtils.java:logGet(43)) - raft.server.log.write.buffer.size = 33554432 (custom)
2019-10-14 09:45:05,099 [pool-429-thread-1] INFO  segmented.SegmentedRaftLogWorker (SegmentedRaftLogWorker.java:lambda$new$0(132)) - 47d48411-1f17-4b0d-846b-025c3a4b0b86@group-1FAAE3BCC180-SegmentedRaftLogWorker: flushIndex: setUnconditionally 0 -> -1
2019-10-14 09:45:05,100 [pool-419-thread-1] INFO  server.RaftServerConfigKeys (ConfUtils.java:logGet(43)) - raft.server.log.force.sync.num = 128 (default)
2019-10-14 09:45:05,099 [pool-409-thread-1] INFO  server.RaftServerConfigKeys (ConfUtils.java:logGet(43)) - raft.server.log.segment.size.max = 1048576 (custom)
2019-10-14 09:45:05,100 [pool-429-thread-1] INFO  server.RaftServerConfigKeys (ConfUtils.java:logGet(43)) - raft.server.snapshot.auto.trigger.enabled = true (custom)
2019-10-14 09:45:05,100 [pool-419-thread-1] INFO  server.RaftServerConfigKeys (ConfUtils.java:logGet(43)) - raft.server.log.statemachine.data.sync = true (default)
2019-10-14 09:45:05,100 [pool-429-thread-1] INFO  server.RaftServerConfigKeys (ConfUtils.java:logGet(43)) - raft.server.snapshot.auto.trigger.threshold = 10000 (custom)
2019-10-14 09:45:05,100 [pool-409-thread-1] INFO  server.RaftServerConfigKeys (ConfUtils.java:logGet(43)) - raft.server.log.preallocated.size = 16384 (custom)
2019-10-14 09:45:05,101 [pool-429-thread-1] INFO  server.RaftServerConfigKeys (ConfUtils.java:logGet(43)) - raft.server.snapshot.retention.num.files = 5 (custom)
2019-10-14 09:45:05,100 [pool-419-thread-1] INFO  server.RaftServerConfigKeys (ConfUtils.java:logGet(43)) - raft.server.log.statemachine.data.sync.timeout = 10s (default)
2019-10-14 09:45:05,101 [pool-429-thread-1] INFO  server.RaftServerConfigKeys (ConfUtils.java:logGet(43)) - raft.server.retrycache.expirytime = 600000ms (custom)
2019-10-14 09:45:05,101 [pool-409-thread-1] INFO  server.RaftServerConfigKeys (ConfUtils.java:logGet(43)) - raft.server.log.write.buffer.size = 33554432 (custom)
2019-10-14 09:45:05,101 [pool-419-thread-1] INFO  server.RaftServerConfigKeys (ConfUtils.java:logGet(43)) - raft.server.log.statemachine.data.sync.timeout.retry = -1 (default)
2019-10-14 09:45:05,101 [pool-409-thread-1] INFO  server.RaftServerConfigKeys (ConfUtils.java:logGet(43)) - raft.server.log.force.sync.num = 128 (default)
2019-10-14 09:45:05,102 [pool-419-thread-1] INFO  server.RaftServerConfigKeys (ConfUtils.java:logGet(43)) - raft.server.log.statemachine.data.caching.enabled = true (custom)
2019-10-14 09:45:05,102 [pool-409-thread-1] INFO  server.RaftServerConfigKeys (ConfUtils.java:logGet(43)) - raft.server.log.statemachine.data.sync = true (default)
2019-10-14 09:45:05,102 [pool-409-thread-1] INFO  server.RaftServerConfigKeys (ConfUtils.java:logGet(43)) - raft.server.log.statemachine.data.sync.timeout = 10s (default)
2019-10-14 09:45:05,102 [pool-409-thread-1] INFO  server.RaftServerConfigKeys (ConfUtils.java:logGet(43)) - raft.server.log.statemachine.data.sync.timeout.retry = -1 (default)
2019-10-14 09:45:05,102 [pool-419-thread-1] INFO  segmented.SegmentedRaftLogWorker (SegmentedRaftLogWorker.java:lambda$new$0(132)) - 2be2fac0-04ab-46f3-bf55-9c63f02fedac@group-1FAAE3BCC180-SegmentedRaftLogWorker: flushIndex: setUnconditionally 0 -> -1
2019-10-14 09:45:05,102 [pool-409-thread-1] INFO  server.RaftServerConfigKeys (ConfUtils.java:logGet(43)) - raft.server.log.statemachine.data.caching.enabled = true (custom)
2019-10-14 09:45:05,102 [pool-409-thread-1] INFO  segmented.SegmentedRaftLogWorker (SegmentedRaftLogWorker.java:lambda$new$0(132)) - 56712796-c63c-4f78-b712-8f3b1217dedc@group-1FAAE3BCC180-SegmentedRaftLogWorker: flushIndex: setUnconditionally 0 -> -1
2019-10-14 09:45:05,103 [pool-419-thread-1] INFO  server.RaftServerConfigKeys (ConfUtils.java:logGet(43)) - raft.server.snapshot.auto.trigger.enabled = true (custom)
2019-10-14 09:45:05,103 [pool-409-thread-1] INFO  server.RaftServerConfigKeys (ConfUtils.java:logGet(43)) - raft.server.snapshot.auto.trigger.enabled = true (custom)
2019-10-14 09:45:05,103 [pool-419-thread-1] INFO  server.RaftServerConfigKeys (ConfUtils.java:logGet(43)) - raft.server.snapshot.auto.trigger.threshold = 10000 (custom)
2019-10-14 09:45:05,103 [pool-409-thread-1] INFO  server.RaftServerConfigKeys (ConfUtils.java:logGet(43)) - raft.server.snapshot.auto.trigger.threshold = 10000 (custom)
2019-10-14 09:45:05,103 [pool-419-thread-1] INFO  server.RaftServerConfigKeys (ConfUtils.java:logGet(43)) - raft.server.snapshot.retention.num.files = 5 (custom)
2019-10-14 09:45:05,103 [pool-409-thread-1] INFO  server.RaftServerConfigKeys (ConfUtils.java:logGet(43)) - raft.server.snapshot.retention.num.files = 5 (custom)
2019-10-14 09:45:05,103 [pool-419-thread-1] INFO  server.RaftServerConfigKeys (ConfUtils.java:logGet(43)) - raft.server.retrycache.expirytime = 600000ms (custom)
2019-10-14 09:45:05,103 [pool-429-thread-1] INFO  impl.RaftServerImpl (RaftServerImpl.java:start(185)) - 47d48411-1f17-4b0d-846b-025c3a4b0b86@group-1FAAE3BCC180: start as a follower, conf=-1: [56712796-c63c-4f78-b712-8f3b1217dedc:192.168.164.214:33493, 2be2fac0-04ab-46f3-bf55-9c63f02fedac:192.168.164.214:39062, 47d48411-1f17-4b0d-846b-025c3a4b0b86:192.168.164.214:36914], old=null
2019-10-14 09:45:05,103 [pool-409-thread-1] INFO  server.RaftServerConfigKeys (ConfUtils.java:logGet(43)) - raft.server.retrycache.expirytime = 600000ms (custom)
2019-10-14 09:45:05,104 [pool-429-thread-1] INFO  impl.RaftServerImpl (RaftServerImpl.java:setRole(174)) - 47d48411-1f17-4b0d-846b-025c3a4b0b86@group-1FAAE3BCC180: changes role from      null to FOLLOWER at term 0 for startAsFollower
2019-10-14 09:45:05,104 [pool-429-thread-1] INFO  impl.RoleInfo (RoleInfo.java:updateAndGet(143)) - 47d48411-1f17-4b0d-846b-025c3a4b0b86: start FollowerState
2019-10-14 09:45:05,104 [pool-429-thread-1] INFO  util.JmxRegister (JmxRegister.java:tryRegister(44)) - Successfully registered JMX Bean with object name Ratis:service=RaftServer,group=group-1FAAE3BCC180,id=47d48411-1f17-4b0d-846b-025c3a4b0b86
2019-10-14 09:45:05,106 [pool-409-thread-1] INFO  impl.RaftServerImpl (RaftServerImpl.java:start(185)) - 56712796-c63c-4f78-b712-8f3b1217dedc@group-1FAAE3BCC180: start as a follower, conf=-1: [56712796-c63c-4f78-b712-8f3b1217dedc:192.168.164.214:33493, 2be2fac0-04ab-46f3-bf55-9c63f02fedac:192.168.164.214:39062, 47d48411-1f17-4b0d-846b-025c3a4b0b86:192.168.164.214:36914], old=null
2019-10-14 09:45:05,106 [pool-409-thread-1] INFO  impl.RaftServerImpl (RaftServerImpl.java:setRole(174)) - 56712796-c63c-4f78-b712-8f3b1217dedc@group-1FAAE3BCC180: changes role from      null to FOLLOWER at term 0 for startAsFollower
2019-10-14 09:45:05,106 [pool-409-thread-1] INFO  impl.RoleInfo (RoleInfo.java:updateAndGet(143)) - 56712796-c63c-4f78-b712-8f3b1217dedc: start FollowerState
2019-10-14 09:45:05,106 [pool-419-thread-1] INFO  impl.RaftServerImpl (RaftServerImpl.java:start(185)) - 2be2fac0-04ab-46f3-bf55-9c63f02fedac@group-1FAAE3BCC180: start as a follower, conf=-1: [56712796-c63c-4f78-b712-8f3b1217dedc:192.168.164.214:33493, 2be2fac0-04ab-46f3-bf55-9c63f02fedac:192.168.164.214:39062, 47d48411-1f17-4b0d-846b-025c3a4b0b86:192.168.164.214:36914], old=null
2019-10-14 09:45:05,106 [pool-409-thread-1] INFO  util.JmxRegister (JmxRegister.java:tryRegister(44)) - Successfully registered JMX Bean with object name Ratis:service=RaftServer,group=group-1FAAE3BCC180,id=56712796-c63c-4f78-b712-8f3b1217dedc
2019-10-14 09:45:05,106 [pool-419-thread-1] INFO  impl.RaftServerImpl (RaftServerImpl.java:setRole(174)) - 2be2fac0-04ab-46f3-bf55-9c63f02fedac@group-1FAAE3BCC180: changes role from      null to FOLLOWER at term 0 for startAsFollower
2019-10-14 09:45:05,106 [pool-419-thread-1] INFO  impl.RoleInfo (RoleInfo.java:updateAndGet(143)) - 2be2fac0-04ab-46f3-bf55-9c63f02fedac: start FollowerState
2019-10-14 09:45:05,107 [pool-419-thread-1] INFO  util.JmxRegister (JmxRegister.java:tryRegister(44)) - Successfully registered JMX Bean with object name Ratis:service=RaftServer,group=group-1FAAE3BCC180,id=2be2fac0-04ab-46f3-bf55-9c63f02fedac
2019-10-14 09:45:05,108 [RatisPipelineUtilsThread] INFO  pipeline.PipelineStateManager (PipelineStateManager.java:addPipeline(56)) - Created pipeline Pipeline[ Id: 9a9973fe-e5fc-4f77-8389-1faae3bcc180, Nodes: 56712796-c63c-4f78-b712-8f3b1217dedc{ip: 192.168.164.214, host: pr-hdds-1569-vp9xg-4248047660, networkLocation: /default-rack, certSerialId: null}2be2fac0-04ab-46f3-bf55-9c63f02fedac{ip: 192.168.164.214, host: pr-hdds-1569-vp9xg-4248047660, networkLocation: /default-rack, certSerialId: null}47d48411-1f17-4b0d-846b-025c3a4b0b86{ip: 192.168.164.214, host: pr-hdds-1569-vp9xg-4248047660, networkLocation: /default-rack, certSerialId: null}, Type:RATIS, Factor:THREE, State:OPEN]
2019-10-14 09:45:05,118 [grpc-default-executor-16] INFO  impl.RaftServerProxy (RaftServerProxy.java:addNew(89)) - 47d48411-1f17-4b0d-846b-025c3a4b0b86: addNew group-98ABAD1F0126:[56712796-c63c-4f78-b712-8f3b1217dedc:192.168.164.214:33493, 47d48411-1f17-4b0d-846b-025c3a4b0b86:192.168.164.214:36914, d13983dc-b0b6-41ad-b475-2b910e2f36de:192.168.164.214:42581] returns group-98ABAD1F0126:java.util.concurrent.CompletableFuture@4290af2d[Not completed]
2019-10-14 09:45:05,120 [grpc-default-executor-15] INFO  impl.RaftServerProxy (RaftServerProxy.java:addNew(89)) - d13983dc-b0b6-41ad-b475-2b910e2f36de: addNew group-98ABAD1F0126:[56712796-c63c-4f78-b712-8f3b1217dedc:192.168.164.214:33493, 47d48411-1f17-4b0d-846b-025c3a4b0b86:192.168.164.214:36914, d13983dc-b0b6-41ad-b475-2b910e2f36de:192.168.164.214:42581] returns group-98ABAD1F0126:java.util.concurrent.CompletableFuture@5b170f52[Not completed]
2019-10-14 09:45:05,120 [grpc-default-executor-8] INFO  impl.RaftServerProxy (RaftServerProxy.java:addNew(89)) - 56712796-c63c-4f78-b712-8f3b1217dedc: addNew group-98ABAD1F0126:[56712796-c63c-4f78-b712-8f3b1217dedc:192.168.164.214:33493, 47d48411-1f17-4b0d-846b-025c3a4b0b86:192.168.164.214:36914, d13983dc-b0b6-41ad-b475-2b910e2f36de:192.168.164.214:42581] returns group-98ABAD1F0126:java.util.concurrent.CompletableFuture@26f043c7[Not completed]
2019-10-14 09:45:05,123 [pool-429-thread-1] INFO  impl.RaftServerImpl (RaftServerImpl.java:<init>(95)) - 47d48411-1f17-4b0d-846b-025c3a4b0b86: new RaftServerImpl for group-98ABAD1F0126:[56712796-c63c-4f78-b712-8f3b1217dedc:192.168.164.214:33493, 47d48411-1f17-4b0d-846b-025c3a4b0b86:192.168.164.214:36914, d13983dc-b0b6-41ad-b475-2b910e2f36de:192.168.164.214:42581] with ContainerStateMachine:uninitialized
2019-10-14 09:45:05,123 [pool-429-thread-1] INFO  server.RaftServerConfigKeys (ConfUtils.java:logGet(43)) - raft.server.rpc.timeout.min = 5s (custom)
2019-10-14 09:45:05,123 [pool-429-thread-1] INFO  server.RaftServerConfigKeys (ConfUtils.java:logGet(43)) - raft.server.rpc.timeout.max = 5200ms (custom)
2019-10-14 09:45:05,123 [pool-429-thread-1] INFO  server.RaftServerConfigKeys (ConfUtils.java:logGet(43)) - raft.server.rpcslowness.timeout = 120s (custom)
2019-10-14 09:45:05,123 [pool-429-thread-1] INFO  server.RaftServerConfigKeys (ConfUtils.java:logGet(43)) - raft.server.sleep.deviation.threshold = 300 (default)
2019-10-14 09:45:05,123 [pool-429-thread-1] INFO  server.RaftServerConfigKeys (ConfUtils.java:logGet(43)) - raft.server.log.appender.install.snapshot.enabled = false (custom)
2019-10-14 09:45:05,123 [pool-429-thread-1] INFO  impl.RaftServerImpl (ServerState.java:<init>(103)) - 47d48411-1f17-4b0d-846b-025c3a4b0b86@group-98ABAD1F0126: ConfigurationManager, init=-1: [56712796-c63c-4f78-b712-8f3b1217dedc:192.168.164.214:33493, 47d48411-1f17-4b0d-846b-025c3a4b0b86:192.168.164.214:36914, d13983dc-b0b6-41ad-b475-2b910e2f36de:192.168.164.214:42581], old=null, confs=<EMPTY_MAP>
2019-10-14 09:45:05,124 [pool-429-thread-1] INFO  server.RaftServerConfigKeys (ConfUtils.java:logGet(43)) - raft.server.storage.dir = [/workdir/hadoop-ozone/integration-test/target/test-dir/MiniOzoneClusterImpl-65bd215d-14c9-4112-ac30-b7a247fd80ea/datanode-2/data/ratis] (custom)
2019-10-14 09:45:05,124 [pool-439-thread-1] INFO  impl.RaftServerImpl (RaftServerImpl.java:<init>(95)) - d13983dc-b0b6-41ad-b475-2b910e2f36de: new RaftServerImpl for group-98ABAD1F0126:[56712796-c63c-4f78-b712-8f3b1217dedc:192.168.164.214:33493, 47d48411-1f17-4b0d-846b-025c3a4b0b86:192.168.164.214:36914, d13983dc-b0b6-41ad-b475-2b910e2f36de:192.168.164.214:42581] with ContainerStateMachine:uninitialized
2019-10-14 09:45:05,124 [pool-429-thread-1] INFO  storage.RaftStorageDirectory (RaftStorageDirectory.java:analyzeStorage(246)) - The storage directory /workdir/hadoop-ozone/integration-test/target/test-dir/MiniOzoneClusterImpl-65bd215d-14c9-4112-ac30-b7a247fd80ea/datanode-2/data/ratis/93fb5659-34aa-443b-8645-98abad1f0126 does not exist. Creating ...
2019-10-14 09:45:05,124 [pool-439-thread-1] INFO  server.RaftServerConfigKeys (ConfUtils.java:logGet(43)) - raft.server.rpc.timeout.min = 5s (custom)
2019-10-14 09:45:05,124 [pool-409-thread-1] INFO  impl.RaftServerImpl (RaftServerImpl.java:<init>(95)) - 56712796-c63c-4f78-b712-8f3b1217dedc: new RaftServerImpl for group-98ABAD1F0126:[56712796-c63c-4f78-b712-8f3b1217dedc:192.168.164.214:33493, 47d48411-1f17-4b0d-846b-025c3a4b0b86:192.168.164.214:36914, d13983dc-b0b6-41ad-b475-2b910e2f36de:192.168.164.214:42581] with ContainerStateMachine:uninitialized
2019-10-14 09:45:05,124 [pool-439-thread-1] INFO  server.RaftServerConfigKeys (ConfUtils.java:logGet(43)) - raft.server.rpc.timeout.max = 5200ms (custom)
2019-10-14 09:45:05,124 [pool-409-thread-1] INFO  server.RaftServerConfigKeys (ConfUtils.java:logGet(43)) - raft.server.rpc.timeout.min = 5s (custom)
2019-10-14 09:45:05,124 [pool-439-thread-1] INFO  server.RaftServerConfigKeys (ConfUtils.java:logGet(43)) - raft.server.rpcslowness.timeout = 120s (custom)
2019-10-14 09:45:05,124 [pool-409-thread-1] INFO  server.RaftServerConfigKeys (ConfUtils.java:logGet(43)) - raft.server.rpc.timeout.max = 5200ms (custom)
2019-10-14 09:45:05,125 [pool-439-thread-1] INFO  server.RaftServerConfigKeys (ConfUtils.java:logGet(43)) - raft.server.sleep.deviation.threshold = 300 (default)
2019-10-14 09:45:05,125 [pool-409-thread-1] INFO  server.RaftServerConfigKeys (ConfUtils.java:logGet(43)) - raft.server.rpcslowness.timeout = 120s (custom)
2019-10-14 09:45:05,125 [pool-439-thread-1] INFO  server.RaftServerConfigKeys (ConfUtils.java:logGet(43)) - raft.server.log.appender.install.snapshot.enabled = false (custom)
2019-10-14 09:45:05,125 [pool-409-thread-1] INFO  server.RaftServerConfigKeys (ConfUtils.java:logGet(43)) - raft.server.sleep.deviation.threshold = 300 (default)
2019-10-14 09:45:05,125 [pool-439-thread-1] INFO  impl.RaftServerImpl (ServerState.java:<init>(103)) - d13983dc-b0b6-41ad-b475-2b910e2f36de@group-98ABAD1F0126: ConfigurationManager, init=-1: [56712796-c63c-4f78-b712-8f3b1217dedc:192.168.164.214:33493, 47d48411-1f17-4b0d-846b-025c3a4b0b86:192.168.164.214:36914, d13983dc-b0b6-41ad-b475-2b910e2f36de:192.168.164.214:42581], old=null, confs=<EMPTY_MAP>
2019-10-14 09:45:05,125 [pool-409-thread-1] INFO  server.RaftServerConfigKeys (ConfUtils.java:logGet(43)) - raft.server.log.appender.install.snapshot.enabled = false (custom)
2019-10-14 09:45:05,125 [pool-439-thread-1] INFO  server.RaftServerConfigKeys (ConfUtils.java:logGet(43)) - raft.server.storage.dir = [/workdir/hadoop-ozone/integration-test/target/test-dir/MiniOzoneClusterImpl-65bd215d-14c9-4112-ac30-b7a247fd80ea/datanode-3/data/ratis] (custom)
2019-10-14 09:45:05,125 [pool-409-thread-1] INFO  impl.RaftServerImpl (ServerState.java:<init>(103)) - 56712796-c63c-4f78-b712-8f3b1217dedc@group-98ABAD1F0126: ConfigurationManager, init=-1: [56712796-c63c-4f78-b712-8f3b1217dedc:192.168.164.214:33493, 47d48411-1f17-4b0d-846b-025c3a4b0b86:192.168.164.214:36914, d13983dc-b0b6-41ad-b475-2b910e2f36de:192.168.164.214:42581], old=null, confs=<EMPTY_MAP>
2019-10-14 09:45:05,126 [pool-409-thread-1] INFO  server.RaftServerConfigKeys (ConfUtils.java:logGet(43)) - raft.server.storage.dir = [/workdir/hadoop-ozone/integration-test/target/test-dir/MiniOzoneClusterImpl-65bd215d-14c9-4112-ac30-b7a247fd80ea/datanode-0/data/ratis] (custom)
2019-10-14 09:45:05,126 [pool-439-thread-1] INFO  storage.RaftStorageDirectory (RaftStorageDirectory.java:analyzeStorage(246)) - The storage directory /workdir/hadoop-ozone/integration-test/target/test-dir/MiniOzoneClusterImpl-65bd215d-14c9-4112-ac30-b7a247fd80ea/datanode-3/data/ratis/93fb5659-34aa-443b-8645-98abad1f0126 does not exist. Creating ...
2019-10-14 09:45:05,126 [pool-409-thread-1] INFO  storage.RaftStorageDirectory (RaftStorageDirectory.java:analyzeStorage(246)) - The storage directory /workdir/hadoop-ozone/integration-test/target/test-dir/MiniOzoneClusterImpl-65bd215d-14c9-4112-ac30-b7a247fd80ea/datanode-0/data/ratis/93fb5659-34aa-443b-8645-98abad1f0126 does not exist. Creating ...
2019-10-14 09:45:05,128 [IPC Server handler 5 on 42991] INFO  net.NetworkTopology (NetworkTopologyImpl.java:add(111)) - Added a new node: /default-rack/5b2bdeb4-7ea1-4df6-a88d-afaaea11e92e
2019-10-14 09:45:05,128 [IPC Server handler 5 on 42991] INFO  node.SCMNodeManager (SCMNodeManager.java:register(266)) - Registered Data node : 5b2bdeb4-7ea1-4df6-a88d-afaaea11e92e{ip: 192.168.164.214, host: pr-hdds-1569-vp9xg-4248047660, networkLocation: /default-rack, certSerialId: null}
2019-10-14 09:45:05,145 [pool-409-thread-1] INFO  storage.RaftStorageDirectory (RaftStorageDirectory.java:tryLock(328)) - Lock on /workdir/hadoop-ozone/integration-test/target/test-dir/MiniOzoneClusterImpl-65bd215d-14c9-4112-ac30-b7a247fd80ea/datanode-0/data/ratis/93fb5659-34aa-443b-8645-98abad1f0126/in_use.lock acquired by nodename 21114@pr-hdds-1569-vp9xg-4248047660
2019-10-14 09:45:05,145 [pool-439-thread-1] INFO  storage.RaftStorageDirectory (RaftStorageDirectory.java:tryLock(328)) - Lock on /workdir/hadoop-ozone/integration-test/target/test-dir/MiniOzoneClusterImpl-65bd215d-14c9-4112-ac30-b7a247fd80ea/datanode-3/data/ratis/93fb5659-34aa-443b-8645-98abad1f0126/in_use.lock acquired by nodename 21114@pr-hdds-1569-vp9xg-4248047660
2019-10-14 09:45:05,145 [pool-429-thread-1] INFO  storage.RaftStorageDirectory (RaftStorageDirectory.java:tryLock(328)) - Lock on /workdir/hadoop-ozone/integration-test/target/test-dir/MiniOzoneClusterImpl-65bd215d-14c9-4112-ac30-b7a247fd80ea/datanode-2/data/ratis/93fb5659-34aa-443b-8645-98abad1f0126/in_use.lock acquired by nodename 21114@pr-hdds-1569-vp9xg-4248047660
2019-10-14 09:45:05,163 [pool-429-thread-1] INFO  storage.RaftStorage (RaftStorage.java:format(72)) - Storage directory /workdir/hadoop-ozone/integration-test/target/test-dir/MiniOzoneClusterImpl-65bd215d-14c9-4112-ac30-b7a247fd80ea/datanode-2/data/ratis/93fb5659-34aa-443b-8645-98abad1f0126 has been successfully formatted.
2019-10-14 09:45:05,163 [pool-439-thread-1] INFO  storage.RaftStorage (RaftStorage.java:format(72)) - Storage directory /workdir/hadoop-ozone/integration-test/target/test-dir/MiniOzoneClusterImpl-65bd215d-14c9-4112-ac30-b7a247fd80ea/datanode-3/data/ratis/93fb5659-34aa-443b-8645-98abad1f0126 has been successfully formatted.
2019-10-14 09:45:05,163 [pool-409-thread-1] INFO  storage.RaftStorage (RaftStorage.java:format(72)) - Storage directory /workdir/hadoop-ozone/integration-test/target/test-dir/MiniOzoneClusterImpl-65bd215d-14c9-4112-ac30-b7a247fd80ea/datanode-0/data/ratis/93fb5659-34aa-443b-8645-98abad1f0126 has been successfully formatted.
2019-10-14 09:45:05,163 [pool-429-thread-1] INFO  ratis.ContainerStateMachine (ContainerStateMachine.java:loadSnapshot(230)) - group-98ABAD1F0126: The snapshot info is null. Setting the last applied indexto:(t:0, i:~)
2019-10-14 09:45:05,163 [pool-409-thread-1] INFO  ratis.ContainerStateMachine (ContainerStateMachine.java:loadSnapshot(230)) - group-98ABAD1F0126: The snapshot info is null. Setting the last applied indexto:(t:0, i:~)
2019-10-14 09:45:05,163 [pool-439-thread-1] INFO  ratis.ContainerStateMachine (ContainerStateMachine.java:loadSnapshot(230)) - group-98ABAD1F0126: The snapshot info is null. Setting the last applied indexto:(t:0, i:~)
2019-10-14 09:45:05,163 [pool-429-thread-1] INFO  server.RaftServerConfigKeys (ConfUtils.java:logGet(43)) - raft.server.notification.no-leader.timeout = 120s (custom)
2019-10-14 09:45:05,163 [pool-439-thread-1] INFO  server.RaftServerConfigKeys (ConfUtils.java:logGet(43)) - raft.server.notification.no-leader.timeout = 120s (custom)
2019-10-14 09:45:05,163 [pool-409-thread-1] INFO  server.RaftServerConfigKeys (ConfUtils.java:logGet(43)) - raft.server.notification.no-leader.timeout = 120s (custom)
2019-10-14 09:45:05,164 [pool-439-thread-1] INFO  server.RaftServerConfigKeys (ConfUtils.java:logGet(43)) - raft.server.log.use.memory = false (default)
2019-10-14 09:45:05,163 [pool-429-thread-1] INFO  server.RaftServerConfigKeys (ConfUtils.java:logGet(43)) - raft.server.log.use.memory = false (default)
2019-10-14 09:45:05,164 [pool-439-thread-1] INFO  server.RaftServerConfigKeys (ConfUtils.java:logGet(43)) - raft.server.log.purge.gap = 1000000 (custom)
2019-10-14 09:45:05,164 [pool-409-thread-1] INFO  server.RaftServerConfigKeys (ConfUtils.java:logGet(43)) - raft.server.log.use.memory = false (default)
2019-10-14 09:45:05,164 [pool-439-thread-1] INFO  server.RaftServerConfigKeys (ConfUtils.java:logGet(43)) - raft.server.log.appender.buffer.byte-limit = 33554432 (custom)
2019-10-14 09:45:05,164 [pool-429-thread-1] INFO  server.RaftServerConfigKeys (ConfUtils.java:logGet(43)) - raft.server.log.purge.gap = 1000000 (custom)
2019-10-14 09:45:05,164 [pool-439-thread-1] INFO  server.RaftServerConfigKeys (ConfUtils.java:logGet(43)) - raft.server.log.segment.size.max = 1048576 (custom)
2019-10-14 09:45:05,164 [pool-409-thread-1] INFO  server.RaftServerConfigKeys (ConfUtils.java:logGet(43)) - raft.server.log.purge.gap = 1000000 (custom)
2019-10-14 09:45:05,164 [pool-439-thread-1] INFO  server.RaftServerConfigKeys (ConfUtils.java:logGet(43)) - raft.server.log.segment.cache.num.max = 2 (custom)
2019-10-14 09:45:05,164 [pool-429-thread-1] INFO  server.RaftServerConfigKeys (ConfUtils.java:logGet(43)) - raft.server.log.appender.buffer.byte-limit = 33554432 (custom)
2019-10-14 09:45:05,165 [pool-439-thread-1] INFO  segmented.SegmentedRaftLogWorker (SegmentedRaftLogWorker.java:<init>(172)) - new d13983dc-b0b6-41ad-b475-2b910e2f36de@group-98ABAD1F0126-SegmentedRaftLogWorker for RaftStorage:Storage Directory /workdir/hadoop-ozone/integration-test/target/test-dir/MiniOzoneClusterImpl-65bd215d-14c9-4112-ac30-b7a247fd80ea/datanode-3/data/ratis/93fb5659-34aa-443b-8645-98abad1f0126
2019-10-14 09:45:05,164 [pool-409-thread-1] INFO  server.RaftServerConfigKeys (ConfUtils.java:logGet(43)) - raft.server.log.appender.buffer.byte-limit = 33554432 (custom)
2019-10-14 09:45:05,165 [pool-429-thread-1] INFO  server.RaftServerConfigKeys (ConfUtils.java:logGet(43)) - raft.server.log.segment.size.max = 1048576 (custom)
2019-10-14 09:45:05,165 [pool-409-thread-1] INFO  server.RaftServerConfigKeys (ConfUtils.java:logGet(43)) - raft.server.log.segment.size.max = 1048576 (custom)
2019-10-14 09:45:05,165 [pool-429-thread-1] INFO  server.RaftServerConfigKeys (ConfUtils.java:logGet(43)) - raft.server.log.segment.cache.num.max = 2 (custom)
2019-10-14 09:45:05,165 [pool-409-thread-1] INFO  server.RaftServerConfigKeys (ConfUtils.java:logGet(43)) - raft.server.log.segment.cache.num.max = 2 (custom)
2019-10-14 09:45:05,165 [pool-429-thread-1] INFO  segmented.SegmentedRaftLogWorker (SegmentedRaftLogWorker.java:<init>(172)) - new 47d48411-1f17-4b0d-846b-025c3a4b0b86@group-98ABAD1F0126-SegmentedRaftLogWorker for RaftStorage:Storage Directory /workdir/hadoop-ozone/integration-test/target/test-dir/MiniOzoneClusterImpl-65bd215d-14c9-4112-ac30-b7a247fd80ea/datanode-2/data/ratis/93fb5659-34aa-443b-8645-98abad1f0126
2019-10-14 09:45:05,165 [pool-409-thread-1] INFO  segmented.SegmentedRaftLogWorker (SegmentedRaftLogWorker.java:<init>(172)) - new 56712796-c63c-4f78-b712-8f3b1217dedc@group-98ABAD1F0126-SegmentedRaftLogWorker for RaftStorage:Storage Directory /workdir/hadoop-ozone/integration-test/target/test-dir/MiniOzoneClusterImpl-65bd215d-14c9-4112-ac30-b7a247fd80ea/datanode-0/data/ratis/93fb5659-34aa-443b-8645-98abad1f0126
2019-10-14 09:45:05,166 [pool-429-thread-1] INFO  server.RaftServerConfigKeys (ConfUtils.java:logGet(43)) - raft.server.log.queue.byte-limit = 2147483647 (custom)
2019-10-14 09:45:05,166 [pool-409-thread-1] INFO  server.RaftServerConfigKeys (ConfUtils.java:logGet(43)) - raft.server.log.queue.byte-limit = 2147483647 (custom)
2019-10-14 09:45:05,166 [pool-429-thread-1] INFO  server.RaftServerConfigKeys (ConfUtils.java:logGet(43)) - raft.server.log.queue.element-limit = 1024 (custom)
2019-10-14 09:45:05,166 [pool-409-thread-1] INFO  server.RaftServerConfigKeys (ConfUtils.java:logGet(43)) - raft.server.log.queue.element-limit = 1024 (custom)
2019-10-14 09:45:05,166 [pool-429-thread-1] INFO  server.RaftServerConfigKeys (ConfUtils.java:logGet(43)) - raft.server.log.segment.size.max = 1048576 (custom)
2019-10-14 09:45:05,166 [pool-409-thread-1] INFO  server.RaftServerConfigKeys (ConfUtils.java:logGet(43)) - raft.server.log.segment.size.max = 1048576 (custom)
2019-10-14 09:45:05,166 [pool-429-thread-1] INFO  server.RaftServerConfigKeys (ConfUtils.java:logGet(43)) - raft.server.log.preallocated.size = 16384 (custom)
2019-10-14 09:45:05,166 [pool-429-thread-1] INFO  server.RaftServerConfigKeys (ConfUtils.java:logGet(43)) - raft.server.log.write.buffer.size = 33554432 (custom)
2019-10-14 09:45:05,166 [pool-409-thread-1] INFO  server.RaftServerConfigKeys (ConfUtils.java:logGet(43)) - raft.server.log.preallocated.size = 16384 (custom)
2019-10-14 09:45:05,166 [pool-429-thread-1] INFO  server.RaftServerConfigKeys (ConfUtils.java:logGet(43)) - raft.server.log.force.sync.num = 128 (default)
2019-10-14 09:45:05,166 [pool-409-thread-1] INFO  server.RaftServerConfigKeys (ConfUtils.java:logGet(43)) - raft.server.log.write.buffer.size = 33554432 (custom)
2019-10-14 09:45:05,167 [pool-439-thread-1] INFO  server.RaftServerConfigKeys (ConfUtils.java:logGet(43)) - raft.server.log.queue.byte-limit = 2147483647 (custom)
2019-10-14 09:45:05,167 [pool-429-thread-1] INFO  server.RaftServerConfigKeys (ConfUtils.java:logGet(43)) - raft.server.log.statemachine.data.sync = true (default)
2019-10-14 09:45:05,167 [pool-439-thread-1] INFO  server.RaftServerConfigKeys (ConfUtils.java:logGet(43)) - raft.server.log.queue.element-limit = 1024 (custom)
2019-10-14 09:45:05,167 [pool-409-thread-1] INFO  server.RaftServerConfigKeys (ConfUtils.java:logGet(43)) - raft.server.log.force.sync.num = 128 (default)
2019-10-14 09:45:05,167 [pool-439-thread-1] INFO  server.RaftServerConfigKeys (ConfUtils.java:logGet(43)) - raft.server.log.segment.size.max = 1048576 (custom)
2019-10-14 09:45:05,167 [pool-429-thread-1] INFO  server.RaftServerConfigKeys (ConfUtils.java:logGet(43)) - raft.server.log.statemachine.data.sync.timeout = 10s (default)
2019-10-14 09:45:05,167 [pool-439-thread-1] INFO  server.RaftServerConfigKeys (ConfUtils.java:logGet(43)) - raft.server.log.preallocated.size = 16384 (custom)
2019-10-14 09:45:05,167 [pool-409-thread-1] INFO  server.RaftServerConfigKeys (ConfUtils.java:logGet(43)) - raft.server.log.statemachine.data.sync = true (default)
2019-10-14 09:45:05,167 [pool-429-thread-1] INFO  server.RaftServerConfigKeys (ConfUtils.java:logGet(43)) - raft.server.log.statemachine.data.sync.timeout.retry = -1 (default)
2019-10-14 09:45:05,168 [pool-439-thread-1] INFO  server.RaftServerConfigKeys (ConfUtils.java:logGet(43)) - raft.server.log.write.buffer.size = 33554432 (custom)
2019-10-14 09:45:05,168 [pool-409-thread-1] INFO  server.RaftServerConfigKeys (ConfUtils.java:logGet(43)) - raft.server.log.statemachine.data.sync.timeout = 10s (default)
2019-10-14 09:45:05,168 [pool-439-thread-1] INFO  server.RaftServerConfigKeys (ConfUtils.java:logGet(43)) - raft.server.log.force.sync.num = 128 (default)
2019-10-14 09:45:05,168 [pool-429-thread-1] INFO  server.RaftServerConfigKeys (ConfUtils.java:logGet(43)) - raft.server.log.statemachine.data.caching.enabled = true (custom)
2019-10-14 09:45:05,168 [pool-439-thread-1] INFO  server.RaftServerConfigKeys (ConfUtils.java:logGet(43)) - raft.server.log.statemachine.data.sync = true (default)
2019-10-14 09:45:05,168 [pool-429-thread-1] INFO  segmented.SegmentedRaftLogWorker (SegmentedRaftLogWorker.java:lambda$new$0(132)) - 47d48411-1f17-4b0d-846b-025c3a4b0b86@group-98ABAD1F0126-SegmentedRaftLogWorker: flushIndex: setUnconditionally 0 -> -1
2019-10-14 09:45:05,168 [pool-409-thread-1] INFO  server.RaftServerConfigKeys (ConfUtils.java:logGet(43)) - raft.server.log.statemachine.data.sync.timeout.retry = -1 (default)
2019-10-14 09:45:05,168 [pool-439-thread-1] INFO  server.RaftServerConfigKeys (ConfUtils.java:logGet(43)) - raft.server.log.statemachine.data.sync.timeout = 10s (default)
2019-10-14 09:45:05,169 [pool-429-thread-1] INFO  server.RaftServerConfigKeys (ConfUtils.java:logGet(43)) - raft.server.snapshot.auto.trigger.enabled = true (custom)
2019-10-14 09:45:05,169 [pool-409-thread-1] INFO  server.RaftServerConfigKeys (ConfUtils.java:logGet(43)) - raft.server.log.statemachine.data.caching.enabled = true (custom)
2019-10-14 09:45:05,169 [pool-429-thread-1] INFO  server.RaftServerConfigKeys (ConfUtils.java:logGet(43)) - raft.server.snapshot.auto.trigger.threshold = 10000 (custom)
2019-10-14 09:45:05,169 [pool-409-thread-1] INFO  segmented.SegmentedRaftLogWorker (SegmentedRaftLogWorker.java:lambda$new$0(132)) - 56712796-c63c-4f78-b712-8f3b1217dedc@group-98ABAD1F0126-SegmentedRaftLogWorker: flushIndex: setUnconditionally 0 -> -1
2019-10-14 09:45:05,169 [pool-439-thread-1] INFO  server.RaftServerConfigKeys (ConfUtils.java:logGet(43)) - raft.server.log.statemachine.data.sync.timeout.retry = -1 (default)
2019-10-14 09:45:05,169 [pool-409-thread-1] INFO  server.RaftServerConfigKeys (ConfUtils.java:logGet(43)) - raft.server.snapshot.auto.trigger.enabled = true (custom)
2019-10-14 09:45:05,169 [pool-429-thread-1] INFO  server.RaftServerConfigKeys (ConfUtils.java:logGet(43)) - raft.server.snapshot.retention.num.files = 5 (custom)
2019-10-14 09:45:05,169 [pool-409-thread-1] INFO  server.RaftServerConfigKeys (ConfUtils.java:logGet(43)) - raft.server.snapshot.auto.trigger.threshold = 10000 (custom)
2019-10-14 09:45:05,169 [pool-439-thread-1] INFO  server.RaftServerConfigKeys (ConfUtils.java:logGet(43)) - raft.server.log.statemachine.data.caching.enabled = true (custom)
2019-10-14 09:45:05,170 [pool-409-thread-1] INFO  server.RaftServerConfigKeys (ConfUtils.java:logGet(43)) - raft.server.snapshot.retention.num.files = 5 (custom)
2019-10-14 09:45:05,169 [pool-429-thread-1] INFO  server.RaftServerConfigKeys (ConfUtils.java:logGet(43)) - raft.server.retrycache.expirytime = 600000ms (custom)
2019-10-14 09:45:05,170 [pool-439-thread-1] INFO  segmented.SegmentedRaftLogWorker (SegmentedRaftLogWorker.java:lambda$new$0(132)) - d13983dc-b0b6-41ad-b475-2b910e2f36de@group-98ABAD1F0126-SegmentedRaftLogWorker: flushIndex: setUnconditionally 0 -> -1
2019-10-14 09:45:05,170 [pool-409-thread-1] INFO  server.RaftServerConfigKeys (ConfUtils.java:logGet(43)) - raft.server.retrycache.expirytime = 600000ms (custom)
2019-10-14 09:45:05,170 [pool-439-thread-1] INFO  server.RaftServerConfigKeys (ConfUtils.java:logGet(43)) - raft.server.snapshot.auto.trigger.enabled = true (custom)
2019-10-14 09:45:05,170 [pool-439-thread-1] INFO  server.RaftServerConfigKeys (ConfUtils.java:logGet(43)) - raft.server.snapshot.auto.trigger.threshold = 10000 (custom)
2019-10-14 09:45:05,170 [pool-439-thread-1] INFO  server.RaftServerConfigKeys (ConfUtils.java:logGet(43)) - raft.server.snapshot.retention.num.files = 5 (custom)
2019-10-14 09:45:05,171 [pool-439-thread-1] INFO  server.RaftServerConfigKeys (ConfUtils.java:logGet(43)) - raft.server.retrycache.expirytime = 600000ms (custom)
2019-10-14 09:45:05,172 [pool-429-thread-1] INFO  impl.RaftServerImpl (RaftServerImpl.java:start(185)) - 47d48411-1f17-4b0d-846b-025c3a4b0b86@group-98ABAD1F0126: start as a follower, conf=-1: [56712796-c63c-4f78-b712-8f3b1217dedc:192.168.164.214:33493, 47d48411-1f17-4b0d-846b-025c3a4b0b86:192.168.164.214:36914, d13983dc-b0b6-41ad-b475-2b910e2f36de:192.168.164.214:42581], old=null
2019-10-14 09:45:05,172 [pool-429-thread-1] INFO  impl.RaftServerImpl (RaftServerImpl.java:setRole(174)) - 47d48411-1f17-4b0d-846b-025c3a4b0b86@group-98ABAD1F0126: changes role from      null to FOLLOWER at term 0 for startAsFollower
2019-10-14 09:45:05,172 [pool-429-thread-1] INFO  impl.RoleInfo (RoleInfo.java:updateAndGet(143)) - 47d48411-1f17-4b0d-846b-025c3a4b0b86: start FollowerState
2019-10-14 09:45:05,174 [pool-429-thread-1] INFO  util.JmxRegister (JmxRegister.java:tryRegister(44)) - Successfully registered JMX Bean with object name Ratis:service=RaftServer,group=group-98ABAD1F0126,id=47d48411-1f17-4b0d-846b-025c3a4b0b86
2019-10-14 09:45:05,175 [pool-409-thread-1] INFO  impl.RaftServerImpl (RaftServerImpl.java:start(185)) - 56712796-c63c-4f78-b712-8f3b1217dedc@group-98ABAD1F0126: start as a follower, conf=-1: [56712796-c63c-4f78-b712-8f3b1217dedc:192.168.164.214:33493, 47d48411-1f17-4b0d-846b-025c3a4b0b86:192.168.164.214:36914, d13983dc-b0b6-41ad-b475-2b910e2f36de:192.168.164.214:42581], old=null
2019-10-14 09:45:05,175 [pool-409-thread-1] INFO  impl.RaftServerImpl (RaftServerImpl.java:setRole(174)) - 56712796-c63c-4f78-b712-8f3b1217dedc@group-98ABAD1F0126: changes role from      null to FOLLOWER at term 0 for startAsFollower
2019-10-14 09:45:05,175 [pool-409-thread-1] INFO  impl.RoleInfo (RoleInfo.java:updateAndGet(143)) - 56712796-c63c-4f78-b712-8f3b1217dedc: start FollowerState
2019-10-14 09:45:05,175 [pool-409-thread-1] INFO  util.JmxRegister (JmxRegister.java:tryRegister(44)) - Successfully registered JMX Bean with object name Ratis:service=RaftServer,group=group-98ABAD1F0126,id=56712796-c63c-4f78-b712-8f3b1217dedc
2019-10-14 09:45:05,176 [pool-439-thread-1] INFO  impl.RaftServerImpl (RaftServerImpl.java:start(185)) - d13983dc-b0b6-41ad-b475-2b910e2f36de@group-98ABAD1F0126: start as a follower, conf=-1: [56712796-c63c-4f78-b712-8f3b1217dedc:192.168.164.214:33493, 47d48411-1f17-4b0d-846b-025c3a4b0b86:192.168.164.214:36914, d13983dc-b0b6-41ad-b475-2b910e2f36de:192.168.164.214:42581], old=null
2019-10-14 09:45:05,176 [pool-439-thread-1] INFO  impl.RaftServerImpl (RaftServerImpl.java:setRole(174)) - d13983dc-b0b6-41ad-b475-2b910e2f36de@group-98ABAD1F0126: changes role from      null to FOLLOWER at term 0 for startAsFollower
2019-10-14 09:45:05,176 [pool-439-thread-1] INFO  impl.RoleInfo (RoleInfo.java:updateAndGet(143)) - d13983dc-b0b6-41ad-b475-2b910e2f36de: start FollowerState
2019-10-14 09:45:05,177 [pool-439-thread-1] INFO  util.JmxRegister (JmxRegister.java:tryRegister(44)) - Successfully registered JMX Bean with object name Ratis:service=RaftServer,group=group-98ABAD1F0126,id=d13983dc-b0b6-41ad-b475-2b910e2f36de
2019-10-14 09:45:05,178 [RatisPipelineUtilsThread] INFO  pipeline.PipelineStateManager (PipelineStateManager.java:addPipeline(56)) - Created pipeline Pipeline[ Id: 93fb5659-34aa-443b-8645-98abad1f0126, Nodes: 56712796-c63c-4f78-b712-8f3b1217dedc{ip: 192.168.164.214, host: pr-hdds-1569-vp9xg-4248047660, networkLocation: /default-rack, certSerialId: null}47d48411-1f17-4b0d-846b-025c3a4b0b86{ip: 192.168.164.214, host: pr-hdds-1569-vp9xg-4248047660, networkLocation: /default-rack, certSerialId: null}d13983dc-b0b6-41ad-b475-2b910e2f36de{ip: 192.168.164.214, host: pr-hdds-1569-vp9xg-4248047660, networkLocation: /default-rack, certSerialId: null}, Type:RATIS, Factor:THREE, State:OPEN]
2019-10-14 09:45:05,179 [RatisPipelineUtilsThread] INFO  pipeline.PipelinePlacementPolicy (PipelinePlacementPolicy.java:meetCriteria(104)) - Pipeline Placement: can't place more pipeline on heavy datanode： 56712796-c63c-4f78-b712-8f3b1217dedc Heaviness: 3 limit: 3
2019-10-14 09:45:05,179 [RatisPipelineUtilsThread] INFO  pipeline.PipelinePlacementPolicy (PipelinePlacementPolicy.java:meetCriteria(104)) - Pipeline Placement: can't place more pipeline on heavy datanode： 47d48411-1f17-4b0d-846b-025c3a4b0b86 Heaviness: 3 limit: 3
2019-10-14 09:45:05,187 [grpc-default-executor-8] INFO  impl.RaftServerProxy (RaftServerProxy.java:addNew(89)) - 5b2bdeb4-7ea1-4df6-a88d-afaaea11e92e: addNew group-AC596D94C915:[2be2fac0-04ab-46f3-bf55-9c63f02fedac:192.168.164.214:39062, 5b2bdeb4-7ea1-4df6-a88d-afaaea11e92e:192.168.164.214:43516, d13983dc-b0b6-41ad-b475-2b910e2f36de:192.168.164.214:42581] returns group-AC596D94C915:java.util.concurrent.CompletableFuture@2015c57b[Not completed]
2019-10-14 09:45:05,189 [grpc-default-executor-15] INFO  impl.RaftServerProxy (RaftServerProxy.java:addNew(89)) - d13983dc-b0b6-41ad-b475-2b910e2f36de: addNew group-AC596D94C915:[2be2fac0-04ab-46f3-bf55-9c63f02fedac:192.168.164.214:39062, 5b2bdeb4-7ea1-4df6-a88d-afaaea11e92e:192.168.164.214:43516, d13983dc-b0b6-41ad-b475-2b910e2f36de:192.168.164.214:42581] returns group-AC596D94C915:java.util.concurrent.CompletableFuture@2a41c83b[Not completed]
2019-10-14 09:45:05,190 [grpc-default-executor-16] INFO  impl.RaftServerProxy (RaftServerProxy.java:addNew(89)) - 2be2fac0-04ab-46f3-bf55-9c63f02fedac: addNew group-AC596D94C915:[2be2fac0-04ab-46f3-bf55-9c63f02fedac:192.168.164.214:39062, 5b2bdeb4-7ea1-4df6-a88d-afaaea11e92e:192.168.164.214:43516, d13983dc-b0b6-41ad-b475-2b910e2f36de:192.168.164.214:42581] returns group-AC596D94C915:java.util.concurrent.CompletableFuture@2e64b738[Not completed]
2019-10-14 09:45:05,191 [pool-449-thread-1] INFO  impl.RaftServerImpl (RaftServerImpl.java:<init>(95)) - 5b2bdeb4-7ea1-4df6-a88d-afaaea11e92e: new RaftServerImpl for group-AC596D94C915:[2be2fac0-04ab-46f3-bf55-9c63f02fedac:192.168.164.214:39062, 5b2bdeb4-7ea1-4df6-a88d-afaaea11e92e:192.168.164.214:43516, d13983dc-b0b6-41ad-b475-2b910e2f36de:192.168.164.214:42581] with ContainerStateMachine:uninitialized
2019-10-14 09:45:05,191 [pool-449-thread-1] INFO  server.RaftServerConfigKeys (ConfUtils.java:logGet(43)) - raft.server.rpc.timeout.min = 5s (custom)
2019-10-14 09:45:05,191 [pool-449-thread-1] INFO  server.RaftServerConfigKeys (ConfUtils.java:logGet(43)) - raft.server.rpc.timeout.max = 5200ms (custom)
2019-10-14 09:45:05,191 [pool-449-thread-1] INFO  server.RaftServerConfigKeys (ConfUtils.java:logGet(43)) - raft.server.rpcslowness.timeout = 120s (custom)
2019-10-14 09:45:05,191 [pool-449-thread-1] INFO  server.RaftServerConfigKeys (ConfUtils.java:logGet(43)) - raft.server.sleep.deviation.threshold = 300 (default)
2019-10-14 09:45:05,191 [pool-449-thread-1] INFO  server.RaftServerConfigKeys (ConfUtils.java:logGet(43)) - raft.server.log.appender.install.snapshot.enabled = false (custom)
2019-10-14 09:45:05,192 [pool-449-thread-1] INFO  impl.RaftServerImpl (ServerState.java:<init>(103)) - 5b2bdeb4-7ea1-4df6-a88d-afaaea11e92e@group-AC596D94C915: ConfigurationManager, init=-1: [2be2fac0-04ab-46f3-bf55-9c63f02fedac:192.168.164.214:39062, 5b2bdeb4-7ea1-4df6-a88d-afaaea11e92e:192.168.164.214:43516, d13983dc-b0b6-41ad-b475-2b910e2f36de:192.168.164.214:42581], old=null, confs=<EMPTY_MAP>
2019-10-14 09:45:05,192 [pool-419-thread-1] INFO  impl.RaftServerImpl (RaftServerImpl.java:<init>(95)) - 2be2fac0-04ab-46f3-bf55-9c63f02fedac: new RaftServerImpl for group-AC596D94C915:[2be2fac0-04ab-46f3-bf55-9c63f02fedac:192.168.164.214:39062, 5b2bdeb4-7ea1-4df6-a88d-afaaea11e92e:192.168.164.214:43516, d13983dc-b0b6-41ad-b475-2b910e2f36de:192.168.164.214:42581] with ContainerStateMachine:uninitialized
2019-10-14 09:45:05,192 [pool-449-thread-1] INFO  server.RaftServerConfigKeys (ConfUtils.java:logGet(43)) - raft.server.storage.dir = [/workdir/hadoop-ozone/integration-test/target/test-dir/MiniOzoneClusterImpl-65bd215d-14c9-4112-ac30-b7a247fd80ea/datanode-4/data/ratis] (custom)
2019-10-14 09:45:05,192 [pool-419-thread-1] INFO  server.RaftServerConfigKeys (ConfUtils.java:logGet(43)) - raft.server.rpc.timeout.min = 5s (custom)
2019-10-14 09:45:05,192 [pool-419-thread-1] INFO  server.RaftServerConfigKeys (ConfUtils.java:logGet(43)) - raft.server.rpc.timeout.max = 5200ms (custom)
2019-10-14 09:45:05,192 [pool-439-thread-1] INFO  impl.RaftServerImpl (RaftServerImpl.java:<init>(95)) - d13983dc-b0b6-41ad-b475-2b910e2f36de: new RaftServerImpl for group-AC596D94C915:[2be2fac0-04ab-46f3-bf55-9c63f02fedac:192.168.164.214:39062, 5b2bdeb4-7ea1-4df6-a88d-afaaea11e92e:192.168.164.214:43516, d13983dc-b0b6-41ad-b475-2b910e2f36de:192.168.164.214:42581] with ContainerStateMachine:uninitialized
2019-10-14 09:45:05,192 [pool-419-thread-1] INFO  server.RaftServerConfigKeys (ConfUtils.java:logGet(43)) - raft.server.rpcslowness.timeout = 120s (custom)
2019-10-14 09:45:05,192 [pool-449-thread-1] INFO  storage.RaftStorageDirectory (RaftStorageDirectory.java:analyzeStorage(246)) - The storage directory /workdir/hadoop-ozone/integration-test/target/test-dir/MiniOzoneClusterImpl-65bd215d-14c9-4112-ac30-b7a247fd80ea/datanode-4/data/ratis/504c6ea9-7239-48ad-ba91-ac596d94c915 does not exist. Creating ...
2019-10-14 09:45:05,192 [pool-419-thread-1] INFO  server.RaftServerConfigKeys (ConfUtils.java:logGet(43)) - raft.server.sleep.deviation.threshold = 300 (default)
2019-10-14 09:45:05,192 [pool-439-thread-1] INFO  server.RaftServerConfigKeys (ConfUtils.java:logGet(43)) - raft.server.rpc.timeout.min = 5s (custom)
2019-10-14 09:45:05,193 [pool-419-thread-1] INFO  server.RaftServerConfigKeys (ConfUtils.java:logGet(43)) - raft.server.log.appender.install.snapshot.enabled = false (custom)
2019-10-14 09:45:05,193 [pool-439-thread-1] INFO  server.RaftServerConfigKeys (ConfUtils.java:logGet(43)) - raft.server.rpc.timeout.max = 5200ms (custom)
2019-10-14 09:45:05,193 [pool-419-thread-1] INFO  impl.RaftServerImpl (ServerState.java:<init>(103)) - 2be2fac0-04ab-46f3-bf55-9c63f02fedac@group-AC596D94C915: ConfigurationManager, init=-1: [2be2fac0-04ab-46f3-bf55-9c63f02fedac:192.168.164.214:39062, 5b2bdeb4-7ea1-4df6-a88d-afaaea11e92e:192.168.164.214:43516, d13983dc-b0b6-41ad-b475-2b910e2f36de:192.168.164.214:42581], old=null, confs=<EMPTY_MAP>
2019-10-14 09:45:05,193 [pool-439-thread-1] INFO  server.RaftServerConfigKeys (ConfUtils.java:logGet(43)) - raft.server.rpcslowness.timeout = 120s (custom)
2019-10-14 09:45:05,193 [pool-419-thread-1] INFO  server.RaftServerConfigKeys (ConfUtils.java:logGet(43)) - raft.server.storage.dir = [/workdir/hadoop-ozone/integration-test/target/test-dir/MiniOzoneClusterImpl-65bd215d-14c9-4112-ac30-b7a247fd80ea/datanode-1/data/ratis] (custom)
2019-10-14 09:45:05,193 [pool-439-thread-1] INFO  server.RaftServerConfigKeys (ConfUtils.java:logGet(43)) - raft.server.sleep.deviation.threshold = 300 (default)
2019-10-14 09:45:05,193 [pool-439-thread-1] INFO  server.RaftServerConfigKeys (ConfUtils.java:logGet(43)) - raft.server.log.appender.install.snapshot.enabled = false (custom)
2019-10-14 09:45:05,193 [pool-419-thread-1] INFO  storage.RaftStorageDirectory (RaftStorageDirectory.java:analyzeStorage(246)) - The storage directory /workdir/hadoop-ozone/integration-test/target/test-dir/MiniOzoneClusterImpl-65bd215d-14c9-4112-ac30-b7a247fd80ea/datanode-1/data/ratis/504c6ea9-7239-48ad-ba91-ac596d94c915 does not exist. Creating ...
2019-10-14 09:45:05,193 [pool-439-thread-1] INFO  impl.RaftServerImpl (ServerState.java:<init>(103)) - d13983dc-b0b6-41ad-b475-2b910e2f36de@group-AC596D94C915: ConfigurationManager, init=-1: [2be2fac0-04ab-46f3-bf55-9c63f02fedac:192.168.164.214:39062, 5b2bdeb4-7ea1-4df6-a88d-afaaea11e92e:192.168.164.214:43516, d13983dc-b0b6-41ad-b475-2b910e2f36de:192.168.164.214:42581], old=null, confs=<EMPTY_MAP>
2019-10-14 09:45:05,194 [pool-439-thread-1] INFO  server.RaftServerConfigKeys (ConfUtils.java:logGet(43)) - raft.server.storage.dir = [/workdir/hadoop-ozone/integration-test/target/test-dir/MiniOzoneClusterImpl-65bd215d-14c9-4112-ac30-b7a247fd80ea/datanode-3/data/ratis] (custom)
2019-10-14 09:45:05,194 [pool-439-thread-1] INFO  storage.RaftStorageDirectory (RaftStorageDirectory.java:analyzeStorage(246)) - The storage directory /workdir/hadoop-ozone/integration-test/target/test-dir/MiniOzoneClusterImpl-65bd215d-14c9-4112-ac30-b7a247fd80ea/datanode-3/data/ratis/504c6ea9-7239-48ad-ba91-ac596d94c915 does not exist. Creating ...
2019-10-14 09:45:05,196 [IPC Server handler 3 on 42991] INFO  net.NetworkTopology (NetworkTopologyImpl.java:add(111)) - Added a new node: /default-rack/ffc72186-1b59-4838-b97a-28de7241d76d
2019-10-14 09:45:05,196 [IPC Server handler 3 on 42991] INFO  node.SCMNodeManager (SCMNodeManager.java:register(266)) - Registered Data node : ffc72186-1b59-4838-b97a-28de7241d76d{ip: 192.168.164.214, host: pr-hdds-1569-vp9xg-4248047660, networkLocation: /default-rack, certSerialId: null}
2019-10-14 09:45:05,214 [pool-419-thread-1] INFO  storage.RaftStorageDirectory (RaftStorageDirectory.java:tryLock(328)) - Lock on /workdir/hadoop-ozone/integration-test/target/test-dir/MiniOzoneClusterImpl-65bd215d-14c9-4112-ac30-b7a247fd80ea/datanode-1/data/ratis/504c6ea9-7239-48ad-ba91-ac596d94c915/in_use.lock acquired by nodename 21114@pr-hdds-1569-vp9xg-4248047660
2019-10-14 09:45:05,214 [pool-439-thread-1] INFO  storage.RaftStorageDirectory (RaftStorageDirectory.java:tryLock(328)) - Lock on /workdir/hadoop-ozone/integration-test/target/test-dir/MiniOzoneClusterImpl-65bd215d-14c9-4112-ac30-b7a247fd80ea/datanode-3/data/ratis/504c6ea9-7239-48ad-ba91-ac596d94c915/in_use.lock acquired by nodename 21114@pr-hdds-1569-vp9xg-4248047660
2019-10-14 09:45:05,214 [pool-449-thread-1] INFO  storage.RaftStorageDirectory (RaftStorageDirectory.java:tryLock(328)) - Lock on /workdir/hadoop-ozone/integration-test/target/test-dir/MiniOzoneClusterImpl-65bd215d-14c9-4112-ac30-b7a247fd80ea/datanode-4/data/ratis/504c6ea9-7239-48ad-ba91-ac596d94c915/in_use.lock acquired by nodename 21114@pr-hdds-1569-vp9xg-4248047660
2019-10-14 09:45:05,240 [pool-419-thread-1] INFO  storage.RaftStorage (RaftStorage.java:format(72)) - Storage directory /workdir/hadoop-ozone/integration-test/target/test-dir/MiniOzoneClusterImpl-65bd215d-14c9-4112-ac30-b7a247fd80ea/datanode-1/data/ratis/504c6ea9-7239-48ad-ba91-ac596d94c915 has been successfully formatted.
2019-10-14 09:45:05,240 [pool-419-thread-1] INFO  ratis.ContainerStateMachine (ContainerStateMachine.java:loadSnapshot(230)) - group-AC596D94C915: The snapshot info is null. Setting the last applied indexto:(t:0, i:~)
2019-10-14 09:45:05,240 [pool-419-thread-1] INFO  server.RaftServerConfigKeys (ConfUtils.java:logGet(43)) - raft.server.notification.no-leader.timeout = 120s (custom)
2019-10-14 09:45:05,240 [pool-449-thread-1] INFO  storage.RaftStorage (RaftStorage.java:format(72)) - Storage directory /workdir/hadoop-ozone/integration-test/target/test-dir/MiniOzoneClusterImpl-65bd215d-14c9-4112-ac30-b7a247fd80ea/datanode-4/data/ratis/504c6ea9-7239-48ad-ba91-ac596d94c915 has been successfully formatted.
2019-10-14 09:45:05,241 [pool-439-thread-1] INFO  storage.RaftStorage (RaftStorage.java:format(72)) - Storage directory /workdir/hadoop-ozone/integration-test/target/test-dir/MiniOzoneClusterImpl-65bd215d-14c9-4112-ac30-b7a247fd80ea/datanode-3/data/ratis/504c6ea9-7239-48ad-ba91-ac596d94c915 has been successfully formatted.
2019-10-14 09:45:05,241 [pool-419-thread-1] INFO  server.RaftServerConfigKeys (ConfUtils.java:logGet(43)) - raft.server.log.use.memory = false (default)
2019-10-14 09:45:05,241 [pool-439-thread-1] INFO  ratis.ContainerStateMachine (ContainerStateMachine.java:loadSnapshot(230)) - group-AC596D94C915: The snapshot info is null. Setting the last applied indexto:(t:0, i:~)
2019-10-14 09:45:05,241 [pool-449-thread-1] INFO  ratis.ContainerStateMachine (ContainerStateMachine.java:loadSnapshot(230)) - group-AC596D94C915: The snapshot info is null. Setting the last applied indexto:(t:0, i:~)
2019-10-14 09:45:05,241 [pool-439-thread-1] INFO  server.RaftServerConfigKeys (ConfUtils.java:logGet(43)) - raft.server.notification.no-leader.timeout = 120s (custom)
2019-10-14 09:45:05,241 [pool-419-thread-1] INFO  server.RaftServerConfigKeys (ConfUtils.java:logGet(43)) - raft.server.log.purge.gap = 1000000 (custom)
2019-10-14 09:45:05,241 [pool-439-thread-1] INFO  server.RaftServerConfigKeys (ConfUtils.java:logGet(43)) - raft.server.log.use.memory = false (default)
2019-10-14 09:45:05,241 [pool-449-thread-1] INFO  server.RaftServerConfigKeys (ConfUtils.java:logGet(43)) - raft.server.notification.no-leader.timeout = 120s (custom)
2019-10-14 09:45:05,241 [pool-439-thread-1] INFO  server.RaftServerConfigKeys (ConfUtils.java:logGet(43)) - raft.server.log.purge.gap = 1000000 (custom)
2019-10-14 09:45:05,241 [pool-419-thread-1] INFO  server.RaftServerConfigKeys (ConfUtils.java:logGet(43)) - raft.server.log.appender.buffer.byte-limit = 33554432 (custom)
2019-10-14 09:45:05,242 [pool-439-thread-1] INFO  server.RaftServerConfigKeys (ConfUtils.java:logGet(43)) - raft.server.log.appender.buffer.byte-limit = 33554432 (custom)
2019-10-14 09:45:05,241 [pool-449-thread-1] INFO  server.RaftServerConfigKeys (ConfUtils.java:logGet(43)) - raft.server.log.use.memory = false (default)
2019-10-14 09:45:05,242 [pool-439-thread-1] INFO  server.RaftServerConfigKeys (ConfUtils.java:logGet(43)) - raft.server.log.segment.size.max = 1048576 (custom)
2019-10-14 09:45:05,242 [pool-419-thread-1] INFO  server.RaftServerConfigKeys (ConfUtils.java:logGet(43)) - raft.server.log.segment.size.max = 1048576 (custom)
2019-10-14 09:45:05,242 [pool-439-thread-1] INFO  server.RaftServerConfigKeys (ConfUtils.java:logGet(43)) - raft.server.log.segment.cache.num.max = 2 (custom)
2019-10-14 09:45:05,242 [pool-449-thread-1] INFO  server.RaftServerConfigKeys (ConfUtils.java:logGet(43)) - raft.server.log.purge.gap = 1000000 (custom)
2019-10-14 09:45:05,242 [pool-439-thread-1] INFO  segmented.SegmentedRaftLogWorker (SegmentedRaftLogWorker.java:<init>(172)) - new d13983dc-b0b6-41ad-b475-2b910e2f36de@group-AC596D94C915-SegmentedRaftLogWorker for RaftStorage:Storage Directory /workdir/hadoop-ozone/integration-test/target/test-dir/MiniOzoneClusterImpl-65bd215d-14c9-4112-ac30-b7a247fd80ea/datanode-3/data/ratis/504c6ea9-7239-48ad-ba91-ac596d94c915
2019-10-14 09:45:05,242 [pool-419-thread-1] INFO  server.RaftServerConfigKeys (ConfUtils.java:logGet(43)) - raft.server.log.segment.cache.num.max = 2 (custom)
2019-10-14 09:45:05,243 [pool-439-thread-1] INFO  server.RaftServerConfigKeys (ConfUtils.java:logGet(43)) - raft.server.log.queue.byte-limit = 2147483647 (custom)
2019-10-14 09:45:05,242 [pool-449-thread-1] INFO  server.RaftServerConfigKeys (ConfUtils.java:logGet(43)) - raft.server.log.appender.buffer.byte-limit = 33554432 (custom)
2019-10-14 09:45:05,243 [pool-439-thread-1] INFO  server.RaftServerConfigKeys (ConfUtils.java:logGet(43)) - raft.server.log.queue.element-limit = 1024 (custom)
2019-10-14 09:45:05,243 [pool-419-thread-1] INFO  segmented.SegmentedRaftLogWorker (SegmentedRaftLogWorker.java:<init>(172)) - new 2be2fac0-04ab-46f3-bf55-9c63f02fedac@group-AC596D94C915-SegmentedRaftLogWorker for RaftStorage:Storage Directory /workdir/hadoop-ozone/integration-test/target/test-dir/MiniOzoneClusterImpl-65bd215d-14c9-4112-ac30-b7a247fd80ea/datanode-1/data/ratis/504c6ea9-7239-48ad-ba91-ac596d94c915
2019-10-14 09:45:05,243 [pool-439-thread-1] INFO  server.RaftServerConfigKeys (ConfUtils.java:logGet(43)) - raft.server.log.segment.size.max = 1048576 (custom)
2019-10-14 09:45:05,243 [pool-449-thread-1] INFO  server.RaftServerConfigKeys (ConfUtils.java:logGet(43)) - raft.server.log.segment.size.max = 1048576 (custom)
2019-10-14 09:45:05,243 [pool-439-thread-1] INFO  server.RaftServerConfigKeys (ConfUtils.java:logGet(43)) - raft.server.log.preallocated.size = 16384 (custom)
2019-10-14 09:45:05,243 [pool-419-thread-1] INFO  server.RaftServerConfigKeys (ConfUtils.java:logGet(43)) - raft.server.log.queue.byte-limit = 2147483647 (custom)
2019-10-14 09:45:05,243 [pool-439-thread-1] INFO  server.RaftServerConfigKeys (ConfUtils.java:logGet(43)) - raft.server.log.write.buffer.size = 33554432 (custom)
2019-10-14 09:45:05,243 [pool-449-thread-1] INFO  server.RaftServerConfigKeys (ConfUtils.java:logGet(43)) - raft.server.log.segment.cache.num.max = 2 (custom)
2019-10-14 09:45:05,244 [pool-439-thread-1] INFO  server.RaftServerConfigKeys (ConfUtils.java:logGet(43)) - raft.server.log.force.sync.num = 128 (default)
2019-10-14 09:45:05,243 [pool-419-thread-1] INFO  server.RaftServerConfigKeys (ConfUtils.java:logGet(43)) - raft.server.log.queue.element-limit = 1024 (custom)
2019-10-14 09:45:05,244 [pool-439-thread-1] INFO  server.RaftServerConfigKeys (ConfUtils.java:logGet(43)) - raft.server.log.statemachine.data.sync = true (default)
2019-10-14 09:45:05,244 [pool-449-thread-1] INFO  segmented.SegmentedRaftLogWorker (SegmentedRaftLogWorker.java:<init>(172)) - new 5b2bdeb4-7ea1-4df6-a88d-afaaea11e92e@group-AC596D94C915-SegmentedRaftLogWorker for RaftStorage:Storage Directory /workdir/hadoop-ozone/integration-test/target/test-dir/MiniOzoneClusterImpl-65bd215d-14c9-4112-ac30-b7a247fd80ea/datanode-4/data/ratis/504c6ea9-7239-48ad-ba91-ac596d94c915
2019-10-14 09:45:05,244 [pool-439-thread-1] INFO  server.RaftServerConfigKeys (ConfUtils.java:logGet(43)) - raft.server.log.statemachine.data.sync.timeout = 10s (default)
2019-10-14 09:45:05,244 [pool-419-thread-1] INFO  server.RaftServerConfigKeys (ConfUtils.java:logGet(43)) - raft.server.log.segment.size.max = 1048576 (custom)
2019-10-14 09:45:05,244 [pool-439-thread-1] INFO  server.RaftServerConfigKeys (ConfUtils.java:logGet(43)) - raft.server.log.statemachine.data.sync.timeout.retry = -1 (default)
2019-10-14 09:45:05,244 [pool-419-thread-1] INFO  server.RaftServerConfigKeys (ConfUtils.java:logGet(43)) - raft.server.log.preallocated.size = 16384 (custom)
2019-10-14 09:45:05,245 [pool-439-thread-1] INFO  server.RaftServerConfigKeys (ConfUtils.java:logGet(43)) - raft.server.log.statemachine.data.caching.enabled = true (custom)
2019-10-14 09:45:05,245 [pool-419-thread-1] INFO  server.RaftServerConfigKeys (ConfUtils.java:logGet(43)) - raft.server.log.write.buffer.size = 33554432 (custom)
2019-10-14 09:45:05,245 [pool-439-thread-1] INFO  segmented.SegmentedRaftLogWorker (SegmentedRaftLogWorker.java:lambda$new$0(132)) - d13983dc-b0b6-41ad-b475-2b910e2f36de@group-AC596D94C915-SegmentedRaftLogWorker: flushIndex: setUnconditionally 0 -> -1
2019-10-14 09:45:05,245 [pool-419-thread-1] INFO  server.RaftServerConfigKeys (ConfUtils.java:logGet(43)) - raft.server.log.force.sync.num = 128 (default)
2019-10-14 09:45:05,245 [pool-439-thread-1] INFO  server.RaftServerConfigKeys (ConfUtils.java:logGet(43)) - raft.server.snapshot.auto.trigger.enabled = true (custom)
2019-10-14 09:45:05,245 [pool-419-thread-1] INFO  server.RaftServerConfigKeys (ConfUtils.java:logGet(43)) - raft.server.log.statemachine.data.sync = true (default)
2019-10-14 09:45:05,245 [pool-439-thread-1] INFO  server.RaftServerConfigKeys (ConfUtils.java:logGet(43)) - raft.server.snapshot.auto.trigger.threshold = 10000 (custom)
2019-10-14 09:45:05,246 [pool-419-thread-1] INFO  server.RaftServerConfigKeys (ConfUtils.java:logGet(43)) - raft.server.log.statemachine.data.sync.timeout = 10s (default)
2019-10-14 09:45:05,246 [pool-449-thread-1] INFO  server.RaftServerConfigKeys (ConfUtils.java:logGet(43)) - raft.server.log.queue.byte-limit = 2147483647 (custom)
2019-10-14 09:45:05,246 [pool-419-thread-1] INFO  server.RaftServerConfigKeys (ConfUtils.java:logGet(43)) - raft.server.log.statemachine.data.sync.timeout.retry = -1 (default)
2019-10-14 09:45:05,246 [pool-439-thread-1] INFO  server.RaftServerConfigKeys (ConfUtils.java:logGet(43)) - raft.server.snapshot.retention.num.files = 5 (custom)
2019-10-14 09:45:05,246 [pool-419-thread-1] INFO  server.RaftServerConfigKeys (ConfUtils.java:logGet(43)) - raft.server.log.statemachine.data.caching.enabled = true (custom)
2019-10-14 09:45:05,246 [pool-449-thread-1] INFO  server.RaftServerConfigKeys (ConfUtils.java:logGet(43)) - raft.server.log.queue.element-limit = 1024 (custom)
2019-10-14 09:45:05,246 [pool-439-thread-1] INFO  server.RaftServerConfigKeys (ConfUtils.java:logGet(43)) - raft.server.retrycache.expirytime = 600000ms (custom)
2019-10-14 09:45:05,246 [pool-449-thread-1] INFO  server.RaftServerConfigKeys (ConfUtils.java:logGet(43)) - raft.server.log.segment.size.max = 1048576 (custom)
2019-10-14 09:45:05,246 [pool-419-thread-1] INFO  segmented.SegmentedRaftLogWorker (SegmentedRaftLogWorker.java:lambda$new$0(132)) - 2be2fac0-04ab-46f3-bf55-9c63f02fedac@group-AC596D94C915-SegmentedRaftLogWorker: flushIndex: setUnconditionally 0 -> -1
2019-10-14 09:45:05,247 [pool-449-thread-1] INFO  server.RaftServerConfigKeys (ConfUtils.java:logGet(43)) - raft.server.log.preallocated.size = 16384 (custom)
2019-10-14 09:45:05,247 [pool-449-thread-1] INFO  server.RaftServerConfigKeys (ConfUtils.java:logGet(43)) - raft.server.log.write.buffer.size = 33554432 (custom)
2019-10-14 09:45:05,247 [pool-449-thread-1] INFO  server.RaftServerConfigKeys (ConfUtils.java:logGet(43)) - raft.server.log.force.sync.num = 128 (default)
2019-10-14 09:45:05,247 [pool-419-thread-1] INFO  server.RaftServerConfigKeys (ConfUtils.java:logGet(43)) - raft.server.snapshot.auto.trigger.enabled = true (custom)
2019-10-14 09:45:05,247 [pool-449-thread-1] INFO  server.RaftServerConfigKeys (ConfUtils.java:logGet(43)) - raft.server.log.statemachine.data.sync = true (default)
2019-10-14 09:45:05,247 [pool-419-thread-1] INFO  server.RaftServerConfigKeys (ConfUtils.java:logGet(43)) - raft.server.snapshot.auto.trigger.threshold = 10000 (custom)
2019-10-14 09:45:05,247 [pool-449-thread-1] INFO  server.RaftServerConfigKeys (ConfUtils.java:logGet(43)) - raft.server.log.statemachine.data.sync.timeout = 10s (default)
2019-10-14 09:45:05,247 [pool-419-thread-1] INFO  server.RaftServerConfigKeys (ConfUtils.java:logGet(43)) - raft.server.snapshot.retention.num.files = 5 (custom)
2019-10-14 09:45:05,248 [pool-439-thread-1] INFO  impl.RaftServerImpl (RaftServerImpl.java:start(185)) - d13983dc-b0b6-41ad-b475-2b910e2f36de@group-AC596D94C915: start as a follower, conf=-1: [2be2fac0-04ab-46f3-bf55-9c63f02fedac:192.168.164.214:39062, 5b2bdeb4-7ea1-4df6-a88d-afaaea11e92e:192.168.164.214:43516, d13983dc-b0b6-41ad-b475-2b910e2f36de:192.168.164.214:42581], old=null
2019-10-14 09:45:05,248 [pool-449-thread-1] INFO  server.RaftServerConfigKeys (ConfUtils.java:logGet(43)) - raft.server.log.statemachine.data.sync.timeout.retry = -1 (default)
2019-10-14 09:45:05,248 [pool-439-thread-1] INFO  impl.RaftServerImpl (RaftServerImpl.java:setRole(174)) - d13983dc-b0b6-41ad-b475-2b910e2f36de@group-AC596D94C915: changes role from      null to FOLLOWER at term 0 for startAsFollower
2019-10-14 09:45:05,248 [pool-449-thread-1] INFO  server.RaftServerConfigKeys (ConfUtils.java:logGet(43)) - raft.server.log.statemachine.data.caching.enabled = true (custom)
2019-10-14 09:45:05,248 [pool-419-thread-1] INFO  server.RaftServerConfigKeys (ConfUtils.java:logGet(43)) - raft.server.retrycache.expirytime = 600000ms (custom)
2019-10-14 09:45:05,248 [pool-439-thread-1] INFO  impl.RoleInfo (RoleInfo.java:updateAndGet(143)) - d13983dc-b0b6-41ad-b475-2b910e2f36de: start FollowerState
2019-10-14 09:45:05,248 [pool-449-thread-1] INFO  segmented.SegmentedRaftLogWorker (SegmentedRaftLogWorker.java:lambda$new$0(132)) - 5b2bdeb4-7ea1-4df6-a88d-afaaea11e92e@group-AC596D94C915-SegmentedRaftLogWorker: flushIndex: setUnconditionally 0 -> -1
2019-10-14 09:45:05,248 [pool-439-thread-1] INFO  util.JmxRegister (JmxRegister.java:tryRegister(44)) - Successfully registered JMX Bean with object name Ratis:service=RaftServer,group=group-AC596D94C915,id=d13983dc-b0b6-41ad-b475-2b910e2f36de
2019-10-14 09:45:05,248 [pool-449-thread-1] INFO  server.RaftServerConfigKeys (ConfUtils.java:logGet(43)) - raft.server.snapshot.auto.trigger.enabled = true (custom)
2019-10-14 09:45:05,249 [pool-449-thread-1] INFO  server.RaftServerConfigKeys (ConfUtils.java:logGet(43)) - raft.server.snapshot.auto.trigger.threshold = 10000 (custom)
2019-10-14 09:45:05,249 [pool-449-thread-1] INFO  server.RaftServerConfigKeys (ConfUtils.java:logGet(43)) - raft.server.snapshot.retention.num.files = 5 (custom)
2019-10-14 09:45:05,249 [pool-449-thread-1] INFO  server.RaftServerConfigKeys (ConfUtils.java:logGet(43)) - raft.server.retrycache.expirytime = 600000ms (custom)
2019-10-14 09:45:05,250 [pool-419-thread-1] INFO  impl.RaftServerImpl (RaftServerImpl.java:start(185)) - 2be2fac0-04ab-46f3-bf55-9c63f02fedac@group-AC596D94C915: start as a follower, conf=-1: [2be2fac0-04ab-46f3-bf55-9c63f02fedac:192.168.164.214:39062, 5b2bdeb4-7ea1-4df6-a88d-afaaea11e92e:192.168.164.214:43516, d13983dc-b0b6-41ad-b475-2b910e2f36de:192.168.164.214:42581], old=null
2019-10-14 09:45:05,250 [pool-419-thread-1] INFO  impl.RaftServerImpl (RaftServerImpl.java:setRole(174)) - 2be2fac0-04ab-46f3-bf55-9c63f02fedac@group-AC596D94C915: changes role from      null to FOLLOWER at term 0 for startAsFollower
2019-10-14 09:45:05,267 [pool-419-thread-1] INFO  impl.RoleInfo (RoleInfo.java:updateAndGet(143)) - 2be2fac0-04ab-46f3-bf55-9c63f02fedac: start FollowerState
2019-10-14 09:45:05,268 [pool-449-thread-1] INFO  impl.RaftServerImpl (RaftServerImpl.java:start(185)) - 5b2bdeb4-7ea1-4df6-a88d-afaaea11e92e@group-AC596D94C915: start as a follower, conf=-1: [2be2fac0-04ab-46f3-bf55-9c63f02fedac:192.168.164.214:39062, 5b2bdeb4-7ea1-4df6-a88d-afaaea11e92e:192.168.164.214:43516, d13983dc-b0b6-41ad-b475-2b910e2f36de:192.168.164.214:42581], old=null
2019-10-14 09:45:05,268 [pool-419-thread-1] INFO  util.JmxRegister (JmxRegister.java:tryRegister(44)) - Successfully registered JMX Bean with object name Ratis:service=RaftServer,group=group-AC596D94C915,id=2be2fac0-04ab-46f3-bf55-9c63f02fedac
2019-10-14 09:45:05,268 [pool-449-thread-1] INFO  impl.RaftServerImpl (RaftServerImpl.java:setRole(174)) - 5b2bdeb4-7ea1-4df6-a88d-afaaea11e92e@group-AC596D94C915: changes role from      null to FOLLOWER at term 0 for startAsFollower
2019-10-14 09:45:05,268 [pool-449-thread-1] INFO  impl.RoleInfo (RoleInfo.java:updateAndGet(143)) - 5b2bdeb4-7ea1-4df6-a88d-afaaea11e92e: start FollowerState
2019-10-14 09:45:05,269 [pool-449-thread-1] INFO  util.JmxRegister (JmxRegister.java:tryRegister(44)) - Successfully registered JMX Bean with object name Ratis:service=RaftServer,group=group-AC596D94C915,id=5b2bdeb4-7ea1-4df6-a88d-afaaea11e92e
2019-10-14 09:45:05,271 [IPC Server handler 0 on 42991] INFO  net.NetworkTopology (NetworkTopologyImpl.java:add(111)) - Added a new node: /default-rack/5cb57bc8-4f11-4646-be43-d873705a5003
2019-10-14 09:45:05,271 [IPC Server handler 0 on 42991] INFO  node.SCMNodeManager (SCMNodeManager.java:register(266)) - Registered Data node : 5cb57bc8-4f11-4646-be43-d873705a5003{ip: 192.168.164.214, host: pr-hdds-1569-vp9xg-4248047660, networkLocation: /default-rack, certSerialId: null}
2019-10-14 09:45:05,271 [RatisPipelineUtilsThread] INFO  pipeline.PipelineStateManager (PipelineStateManager.java:addPipeline(56)) - Created pipeline Pipeline[ Id: 504c6ea9-7239-48ad-ba91-ac596d94c915, Nodes: 2be2fac0-04ab-46f3-bf55-9c63f02fedac{ip: 192.168.164.214, host: pr-hdds-1569-vp9xg-4248047660, networkLocation: /default-rack, certSerialId: null}d13983dc-b0b6-41ad-b475-2b910e2f36de{ip: 192.168.164.214, host: pr-hdds-1569-vp9xg-4248047660, networkLocation: /default-rack, certSerialId: null}5b2bdeb4-7ea1-4df6-a88d-afaaea11e92e{ip: 192.168.164.214, host: pr-hdds-1569-vp9xg-4248047660, networkLocation: /default-rack, certSerialId: null}, Type:RATIS, Factor:THREE, State:OPEN]
2019-10-14 09:45:05,271 [main] INFO  ozone.MiniOzoneClusterImpl (MiniOzoneClusterImpl.java:lambda$waitForClusterToBeReady$0(147)) - Cluster is ready. Got 7 of 7 DN Heartbeats.
2019-10-14 09:45:05,272 [RatisPipelineUtilsThread] INFO  pipeline.PipelinePlacementPolicy (PipelinePlacementPolicy.java:meetCriteria(104)) - Pipeline Placement: can't place more pipeline on heavy datanode： 56712796-c63c-4f78-b712-8f3b1217dedc Heaviness: 3 limit: 3
2019-10-14 09:45:05,275 [RatisPipelineUtilsThread] INFO  pipeline.PipelinePlacementPolicy (PipelinePlacementPolicy.java:meetCriteria(104)) - Pipeline Placement: can't place more pipeline on heavy datanode： 47d48411-1f17-4b0d-846b-025c3a4b0b86 Heaviness: 3 limit: 3
2019-10-14 09:45:05,293 [grpc-default-executor-15] INFO  impl.RaftServerProxy (RaftServerProxy.java:addNew(89)) - 5b2bdeb4-7ea1-4df6-a88d-afaaea11e92e: addNew group-9C1991127D58:[5cb57bc8-4f11-4646-be43-d873705a5003:192.168.164.214:33921, 5b2bdeb4-7ea1-4df6-a88d-afaaea11e92e:192.168.164.214:43516, ffc72186-1b59-4838-b97a-28de7241d76d:192.168.164.214:33403] returns group-9C1991127D58:java.util.concurrent.CompletableFuture@e53b99e[Not completed]
2019-10-14 09:45:05,295 [grpc-default-executor-16] INFO  impl.RaftServerProxy (RaftServerProxy.java:addNew(89)) - ffc72186-1b59-4838-b97a-28de7241d76d: addNew group-9C1991127D58:[5cb57bc8-4f11-4646-be43-d873705a5003:192.168.164.214:33921, 5b2bdeb4-7ea1-4df6-a88d-afaaea11e92e:192.168.164.214:43516, ffc72186-1b59-4838-b97a-28de7241d76d:192.168.164.214:33403] returns group-9C1991127D58:java.util.concurrent.CompletableFuture@1c9454ec[Not completed]
2019-10-14 09:45:05,297 [grpc-default-executor-8] INFO  impl.RaftServerProxy (RaftServerProxy.java:addNew(89)) - 5cb57bc8-4f11-4646-be43-d873705a5003: addNew group-9C1991127D58:[5cb57bc8-4f11-4646-be43-d873705a5003:192.168.164.214:33921, 5b2bdeb4-7ea1-4df6-a88d-afaaea11e92e:192.168.164.214:43516, ffc72186-1b59-4838-b97a-28de7241d76d:192.168.164.214:33403] returns group-9C1991127D58:java.util.concurrent.CompletableFuture@5dc859f1[Not completed]
2019-10-14 09:45:05,299 [pool-449-thread-1] INFO  impl.RaftServerImpl (RaftServerImpl.java:<init>(95)) - 5b2bdeb4-7ea1-4df6-a88d-afaaea11e92e: new RaftServerImpl for group-9C1991127D58:[5cb57bc8-4f11-4646-be43-d873705a5003:192.168.164.214:33921, 5b2bdeb4-7ea1-4df6-a88d-afaaea11e92e:192.168.164.214:43516, ffc72186-1b59-4838-b97a-28de7241d76d:192.168.164.214:33403] with ContainerStateMachine:uninitialized
2019-10-14 09:45:05,300 [pool-449-thread-1] INFO  server.RaftServerConfigKeys (ConfUtils.java:logGet(43)) - raft.server.rpc.timeout.min = 5s (custom)
2019-10-14 09:45:05,300 [pool-449-thread-1] INFO  server.RaftServerConfigKeys (ConfUtils.java:logGet(43)) - raft.server.rpc.timeout.max = 5200ms (custom)
2019-10-14 09:45:05,300 [pool-449-thread-1] INFO  server.RaftServerConfigKeys (ConfUtils.java:logGet(43)) - raft.server.rpcslowness.timeout = 120s (custom)
2019-10-14 09:45:05,310 [pool-449-thread-1] INFO  server.RaftServerConfigKeys (ConfUtils.java:logGet(43)) - raft.server.sleep.deviation.threshold = 300 (default)
2019-10-14 09:45:05,310 [pool-459-thread-1] INFO  impl.RaftServerImpl (RaftServerImpl.java:<init>(95)) - ffc72186-1b59-4838-b97a-28de7241d76d: new RaftServerImpl for group-9C1991127D58:[5cb57bc8-4f11-4646-be43-d873705a5003:192.168.164.214:33921, 5b2bdeb4-7ea1-4df6-a88d-afaaea11e92e:192.168.164.214:43516, ffc72186-1b59-4838-b97a-28de7241d76d:192.168.164.214:33403] with ContainerStateMachine:uninitialized
2019-10-14 09:45:05,310 [pool-449-thread-1] INFO  server.RaftServerConfigKeys (ConfUtils.java:logGet(43)) - raft.server.log.appender.install.snapshot.enabled = false (custom)
2019-10-14 09:45:05,310 [pool-459-thread-1] INFO  server.RaftServerConfigKeys (ConfUtils.java:logGet(43)) - raft.server.rpc.timeout.min = 5s (custom)
2019-10-14 09:45:05,311 [pool-449-thread-1] INFO  impl.RaftServerImpl (ServerState.java:<init>(103)) - 5b2bdeb4-7ea1-4df6-a88d-afaaea11e92e@group-9C1991127D58: ConfigurationManager, init=-1: [5cb57bc8-4f11-4646-be43-d873705a5003:192.168.164.214:33921, 5b2bdeb4-7ea1-4df6-a88d-afaaea11e92e:192.168.164.214:43516, ffc72186-1b59-4838-b97a-28de7241d76d:192.168.164.214:33403], old=null, confs=<EMPTY_MAP>
2019-10-14 09:45:05,311 [pool-459-thread-1] INFO  server.RaftServerConfigKeys (ConfUtils.java:logGet(43)) - raft.server.rpc.timeout.max = 5200ms (custom)
2019-10-14 09:45:05,311 [pool-449-thread-1] INFO  server.RaftServerConfigKeys (ConfUtils.java:logGet(43)) - raft.server.storage.dir = [/workdir/hadoop-ozone/integration-test/target/test-dir/MiniOzoneClusterImpl-65bd215d-14c9-4112-ac30-b7a247fd80ea/datanode-4/data/ratis] (custom)
2019-10-14 09:45:05,311 [pool-459-thread-1] INFO  server.RaftServerConfigKeys (ConfUtils.java:logGet(43)) - raft.server.rpcslowness.timeout = 120s (custom)
2019-10-14 09:45:05,311 [pool-459-thread-1] INFO  server.RaftServerConfigKeys (ConfUtils.java:logGet(43)) - raft.server.sleep.deviation.threshold = 300 (default)
2019-10-14 09:45:05,311 [pool-459-thread-1] INFO  server.RaftServerConfigKeys (ConfUtils.java:logGet(43)) - raft.server.log.appender.install.snapshot.enabled = false (custom)
2019-10-14 09:45:05,311 [pool-449-thread-1] INFO  storage.RaftStorageDirectory (RaftStorageDirectory.java:analyzeStorage(246)) - The storage directory /workdir/hadoop-ozone/integration-test/target/test-dir/MiniOzoneClusterImpl-65bd215d-14c9-4112-ac30-b7a247fd80ea/datanode-4/data/ratis/18bdd093-60c4-4616-9146-9c1991127d58 does not exist. Creating ...
2019-10-14 09:45:05,311 [pool-469-thread-1] INFO  impl.RaftServerImpl (RaftServerImpl.java:<init>(95)) - 5cb57bc8-4f11-4646-be43-d873705a5003: new RaftServerImpl for group-9C1991127D58:[5cb57bc8-4f11-4646-be43-d873705a5003:192.168.164.214:33921, 5b2bdeb4-7ea1-4df6-a88d-afaaea11e92e:192.168.164.214:43516, ffc72186-1b59-4838-b97a-28de7241d76d:192.168.164.214:33403] with ContainerStateMachine:uninitialized
2019-10-14 09:45:05,311 [pool-459-thread-1] INFO  impl.RaftServerImpl (ServerState.java:<init>(103)) - ffc72186-1b59-4838-b97a-28de7241d76d@group-9C1991127D58: ConfigurationManager, init=-1: [5cb57bc8-4f11-4646-be43-d873705a5003:192.168.164.214:33921, 5b2bdeb4-7ea1-4df6-a88d-afaaea11e92e:192.168.164.214:43516, ffc72186-1b59-4838-b97a-28de7241d76d:192.168.164.214:33403], old=null, confs=<EMPTY_MAP>
2019-10-14 09:45:05,311 [pool-469-thread-1] INFO  server.RaftServerConfigKeys (ConfUtils.java:logGet(43)) - raft.server.rpc.timeout.min = 5s (custom)
2019-10-14 09:45:05,312 [pool-459-thread-1] INFO  server.RaftServerConfigKeys (ConfUtils.java:logGet(43)) - raft.server.storage.dir = [/workdir/hadoop-ozone/integration-test/target/test-dir/MiniOzoneClusterImpl-65bd215d-14c9-4112-ac30-b7a247fd80ea/datanode-5/data/ratis] (custom)
2019-10-14 09:45:05,312 [pool-469-thread-1] INFO  server.RaftServerConfigKeys (ConfUtils.java:logGet(43)) - raft.server.rpc.timeout.max = 5200ms (custom)
2019-10-14 09:45:05,312 [pool-469-thread-1] INFO  server.RaftServerConfigKeys (ConfUtils.java:logGet(43)) - raft.server.rpcslowness.timeout = 120s (custom)
2019-10-14 09:45:05,312 [pool-459-thread-1] INFO  storage.RaftStorageDirectory (RaftStorageDirectory.java:analyzeStorage(246)) - The storage directory /workdir/hadoop-ozone/integration-test/target/test-dir/MiniOzoneClusterImpl-65bd215d-14c9-4112-ac30-b7a247fd80ea/datanode-5/data/ratis/18bdd093-60c4-4616-9146-9c1991127d58 does not exist. Creating ...
2019-10-14 09:45:05,312 [pool-469-thread-1] INFO  server.RaftServerConfigKeys (ConfUtils.java:logGet(43)) - raft.server.sleep.deviation.threshold = 300 (default)
2019-10-14 09:45:05,312 [pool-469-thread-1] INFO  server.RaftServerConfigKeys (ConfUtils.java:logGet(43)) - raft.server.log.appender.install.snapshot.enabled = false (custom)
2019-10-14 09:45:05,312 [pool-469-thread-1] INFO  impl.RaftServerImpl (ServerState.java:<init>(103)) - 5cb57bc8-4f11-4646-be43-d873705a5003@group-9C1991127D58: ConfigurationManager, init=-1: [5cb57bc8-4f11-4646-be43-d873705a5003:192.168.164.214:33921, 5b2bdeb4-7ea1-4df6-a88d-afaaea11e92e:192.168.164.214:43516, ffc72186-1b59-4838-b97a-28de7241d76d:192.168.164.214:33403], old=null, confs=<EMPTY_MAP>
2019-10-14 09:45:05,313 [pool-469-thread-1] INFO  server.RaftServerConfigKeys (ConfUtils.java:logGet(43)) - raft.server.storage.dir = [/workdir/hadoop-ozone/integration-test/target/test-dir/MiniOzoneClusterImpl-65bd215d-14c9-4112-ac30-b7a247fd80ea/datanode-6/data/ratis] (custom)
2019-10-14 09:45:05,314 [pool-469-thread-1] INFO  storage.RaftStorageDirectory (RaftStorageDirectory.java:analyzeStorage(246)) - The storage directory /workdir/hadoop-ozone/integration-test/target/test-dir/MiniOzoneClusterImpl-65bd215d-14c9-4112-ac30-b7a247fd80ea/datanode-6/data/ratis/18bdd093-60c4-4616-9146-9c1991127d58 does not exist. Creating ...
2019-10-14 09:45:05,315 [main] INFO  rpc.RpcClient (RpcClient.java:createVolume(276)) - Creating Volume: testblockoutputstream, with jenkins1000 as owner.
2019-10-14 09:45:05,318 [IPC Server handler 2 on 46044] INFO  volume.OMVolumeCreateRequest (OMVolumeCreateRequest.java:validateAndUpdateCache(189)) - created volume:testblockoutputstream for user:jenkins1000
2019-10-14 09:45:05,329 [main] INFO  rpc.RpcClient (RpcClient.java:createBucket(415)) - Creating Bucket: testblockoutputstream/testblockoutputstream, with Versioning false and Storage Type set to DISK and Encryption set to false 
2019-10-14 09:45:05,366 [pool-449-thread-1] INFO  storage.RaftStorageDirectory (RaftStorageDirectory.java:tryLock(328)) - Lock on /workdir/hadoop-ozone/integration-test/target/test-dir/MiniOzoneClusterImpl-65bd215d-14c9-4112-ac30-b7a247fd80ea/datanode-4/data/ratis/18bdd093-60c4-4616-9146-9c1991127d58/in_use.lock acquired by nodename 21114@pr-hdds-1569-vp9xg-4248047660
2019-10-14 09:45:05,366 [pool-469-thread-1] INFO  storage.RaftStorageDirectory (RaftStorageDirectory.java:tryLock(328)) - Lock on /workdir/hadoop-ozone/integration-test/target/test-dir/MiniOzoneClusterImpl-65bd215d-14c9-4112-ac30-b7a247fd80ea/datanode-6/data/ratis/18bdd093-60c4-4616-9146-9c1991127d58/in_use.lock acquired by nodename 21114@pr-hdds-1569-vp9xg-4248047660
2019-10-14 09:45:05,366 [pool-459-thread-1] INFO  storage.RaftStorageDirectory (RaftStorageDirectory.java:tryLock(328)) - Lock on /workdir/hadoop-ozone/integration-test/target/test-dir/MiniOzoneClusterImpl-65bd215d-14c9-4112-ac30-b7a247fd80ea/datanode-5/data/ratis/18bdd093-60c4-4616-9146-9c1991127d58/in_use.lock acquired by nodename 21114@pr-hdds-1569-vp9xg-4248047660
2019-10-14 09:45:05,392 [pool-459-thread-1] INFO  storage.RaftStorage (RaftStorage.java:format(72)) - Storage directory /workdir/hadoop-ozone/integration-test/target/test-dir/MiniOzoneClusterImpl-65bd215d-14c9-4112-ac30-b7a247fd80ea/datanode-5/data/ratis/18bdd093-60c4-4616-9146-9c1991127d58 has been successfully formatted.
2019-10-14 09:45:05,392 [pool-469-thread-1] INFO  storage.RaftStorage (RaftStorage.java:format(72)) - Storage directory /workdir/hadoop-ozone/integration-test/target/test-dir/MiniOzoneClusterImpl-65bd215d-14c9-4112-ac30-b7a247fd80ea/datanode-6/data/ratis/18bdd093-60c4-4616-9146-9c1991127d58 has been successfully formatted.
2019-10-14 09:45:05,392 [pool-449-thread-1] INFO  storage.RaftStorage (RaftStorage.java:format(72)) - Storage directory /workdir/hadoop-ozone/integration-test/target/test-dir/MiniOzoneClusterImpl-65bd215d-14c9-4112-ac30-b7a247fd80ea/datanode-4/data/ratis/18bdd093-60c4-4616-9146-9c1991127d58 has been successfully formatted.
2019-10-14 09:45:05,392 [pool-469-thread-1] INFO  ratis.ContainerStateMachine (ContainerStateMachine.java:loadSnapshot(230)) - group-9C1991127D58: The snapshot info is null. Setting the last applied indexto:(t:0, i:~)
2019-10-14 09:45:05,392 [pool-459-thread-1] INFO  ratis.ContainerStateMachine (ContainerStateMachine.java:loadSnapshot(230)) - group-9C1991127D58: The snapshot info is null. Setting the last applied indexto:(t:0, i:~)
2019-10-14 09:45:05,392 [pool-469-thread-1] INFO  server.RaftServerConfigKeys (ConfUtils.java:logGet(43)) - raft.server.notification.no-leader.timeout = 120s (custom)
2019-10-14 09:45:05,392 [pool-449-thread-1] INFO  ratis.ContainerStateMachine (ContainerStateMachine.java:loadSnapshot(230)) - group-9C1991127D58: The snapshot info is null. Setting the last applied indexto:(t:0, i:~)
2019-10-14 09:45:05,392 [pool-469-thread-1] INFO  server.RaftServerConfigKeys (ConfUtils.java:logGet(43)) - raft.server.log.use.memory = false (default)
2019-10-14 09:45:05,392 [pool-459-thread-1] INFO  server.RaftServerConfigKeys (ConfUtils.java:logGet(43)) - raft.server.notification.no-leader.timeout = 120s (custom)
2019-10-14 09:45:05,393 [pool-469-thread-1] INFO  server.RaftServerConfigKeys (ConfUtils.java:logGet(43)) - raft.server.log.purge.gap = 1000000 (custom)
2019-10-14 09:45:05,393 [pool-449-thread-1] INFO  server.RaftServerConfigKeys (ConfUtils.java:logGet(43)) - raft.server.notification.no-leader.timeout = 120s (custom)
2019-10-14 09:45:05,393 [pool-469-thread-1] INFO  server.RaftServerConfigKeys (ConfUtils.java:logGet(43)) - raft.server.log.appender.buffer.byte-limit = 33554432 (custom)
2019-10-14 09:45:05,393 [pool-459-thread-1] INFO  server.RaftServerConfigKeys (ConfUtils.java:logGet(43)) - raft.server.log.use.memory = false (default)
2019-10-14 09:45:05,393 [pool-469-thread-1] INFO  server.RaftServerConfigKeys (ConfUtils.java:logGet(43)) - raft.server.log.segment.size.max = 1048576 (custom)
2019-10-14 09:45:05,393 [pool-449-thread-1] INFO  server.RaftServerConfigKeys (ConfUtils.java:logGet(43)) - raft.server.log.use.memory = false (default)
2019-10-14 09:45:05,393 [pool-469-thread-1] INFO  server.RaftServerConfigKeys (ConfUtils.java:logGet(43)) - raft.server.log.segment.cache.num.max = 2 (custom)
2019-10-14 09:45:05,393 [pool-459-thread-1] INFO  server.RaftServerConfigKeys (ConfUtils.java:logGet(43)) - raft.server.log.purge.gap = 1000000 (custom)
2019-10-14 09:45:05,393 [pool-469-thread-1] INFO  segmented.SegmentedRaftLogWorker (SegmentedRaftLogWorker.java:<init>(172)) - new 5cb57bc8-4f11-4646-be43-d873705a5003@group-9C1991127D58-SegmentedRaftLogWorker for RaftStorage:Storage Directory /workdir/hadoop-ozone/integration-test/target/test-dir/MiniOzoneClusterImpl-65bd215d-14c9-4112-ac30-b7a247fd80ea/datanode-6/data/ratis/18bdd093-60c4-4616-9146-9c1991127d58
2019-10-14 09:45:05,393 [pool-449-thread-1] INFO  server.RaftServerConfigKeys (ConfUtils.java:logGet(43)) - raft.server.log.purge.gap = 1000000 (custom)
2019-10-14 09:45:05,394 [pool-459-thread-1] INFO  server.RaftServerConfigKeys (ConfUtils.java:logGet(43)) - raft.server.log.appender.buffer.byte-limit = 33554432 (custom)
2019-10-14 09:45:05,394 [pool-449-thread-1] INFO  server.RaftServerConfigKeys (ConfUtils.java:logGet(43)) - raft.server.log.appender.buffer.byte-limit = 33554432 (custom)
2019-10-14 09:45:05,394 [pool-459-thread-1] INFO  server.RaftServerConfigKeys (ConfUtils.java:logGet(43)) - raft.server.log.segment.size.max = 1048576 (custom)
2019-10-14 09:45:05,394 [pool-449-thread-1] INFO  server.RaftServerConfigKeys (ConfUtils.java:logGet(43)) - raft.server.log.segment.size.max = 1048576 (custom)
2019-10-14 09:45:05,394 [pool-459-thread-1] INFO  server.RaftServerConfigKeys (ConfUtils.java:logGet(43)) - raft.server.log.segment.cache.num.max = 2 (custom)
2019-10-14 09:45:05,394 [pool-449-thread-1] INFO  server.RaftServerConfigKeys (ConfUtils.java:logGet(43)) - raft.server.log.segment.cache.num.max = 2 (custom)
2019-10-14 09:45:05,394 [pool-459-thread-1] INFO  segmented.SegmentedRaftLogWorker (SegmentedRaftLogWorker.java:<init>(172)) - new ffc72186-1b59-4838-b97a-28de7241d76d@group-9C1991127D58-SegmentedRaftLogWorker for RaftStorage:Storage Directory /workdir/hadoop-ozone/integration-test/target/test-dir/MiniOzoneClusterImpl-65bd215d-14c9-4112-ac30-b7a247fd80ea/datanode-5/data/ratis/18bdd093-60c4-4616-9146-9c1991127d58
2019-10-14 09:45:05,395 [pool-449-thread-1] INFO  segmented.SegmentedRaftLogWorker (SegmentedRaftLogWorker.java:<init>(172)) - new 5b2bdeb4-7ea1-4df6-a88d-afaaea11e92e@group-9C1991127D58-SegmentedRaftLogWorker for RaftStorage:Storage Directory /workdir/hadoop-ozone/integration-test/target/test-dir/MiniOzoneClusterImpl-65bd215d-14c9-4112-ac30-b7a247fd80ea/datanode-4/data/ratis/18bdd093-60c4-4616-9146-9c1991127d58
2019-10-14 09:45:05,395 [pool-449-thread-1] INFO  server.RaftServerConfigKeys (ConfUtils.java:logGet(43)) - raft.server.log.queue.byte-limit = 2147483647 (custom)
2019-10-14 09:45:05,395 [pool-449-thread-1] INFO  server.RaftServerConfigKeys (ConfUtils.java:logGet(43)) - raft.server.log.queue.element-limit = 1024 (custom)
2019-10-14 09:45:05,395 [pool-449-thread-1] INFO  server.RaftServerConfigKeys (ConfUtils.java:logGet(43)) - raft.server.log.segment.size.max = 1048576 (custom)
2019-10-14 09:45:05,395 [pool-449-thread-1] INFO  server.RaftServerConfigKeys (ConfUtils.java:logGet(43)) - raft.server.log.preallocated.size = 16384 (custom)
2019-10-14 09:45:05,396 [pool-469-thread-1] INFO  server.RaftServerConfigKeys (ConfUtils.java:logGet(43)) - raft.server.log.queue.byte-limit = 2147483647 (custom)
2019-10-14 09:45:05,396 [pool-449-thread-1] INFO  server.RaftServerConfigKeys (ConfUtils.java:logGet(43)) - raft.server.log.write.buffer.size = 33554432 (custom)
2019-10-14 09:45:05,396 [pool-469-thread-1] INFO  server.RaftServerConfigKeys (ConfUtils.java:logGet(43)) - raft.server.log.queue.element-limit = 1024 (custom)
2019-10-14 09:45:05,396 [pool-449-thread-1] INFO  server.RaftServerConfigKeys (ConfUtils.java:logGet(43)) - raft.server.log.force.sync.num = 128 (default)
2019-10-14 09:45:05,396 [pool-469-thread-1] INFO  server.RaftServerConfigKeys (ConfUtils.java:logGet(43)) - raft.server.log.segment.size.max = 1048576 (custom)
2019-10-14 09:45:05,396 [pool-449-thread-1] INFO  server.RaftServerConfigKeys (ConfUtils.java:logGet(43)) - raft.server.log.statemachine.data.sync = true (default)
2019-10-14 09:45:05,396 [pool-469-thread-1] INFO  server.RaftServerConfigKeys (ConfUtils.java:logGet(43)) - raft.server.log.preallocated.size = 16384 (custom)
2019-10-14 09:45:05,396 [pool-449-thread-1] INFO  server.RaftServerConfigKeys (ConfUtils.java:logGet(43)) - raft.server.log.statemachine.data.sync.timeout = 10s (default)
2019-10-14 09:45:05,396 [pool-459-thread-1] INFO  server.RaftServerConfigKeys (ConfUtils.java:logGet(43)) - raft.server.log.queue.byte-limit = 2147483647 (custom)
2019-10-14 09:45:05,396 [pool-449-thread-1] INFO  server.RaftServerConfigKeys (ConfUtils.java:logGet(43)) - raft.server.log.statemachine.data.sync.timeout.retry = -1 (default)
2019-10-14 09:45:05,396 [pool-469-thread-1] INFO  server.RaftServerConfigKeys (ConfUtils.java:logGet(43)) - raft.server.log.write.buffer.size = 33554432 (custom)
2019-10-14 09:45:05,397 [pool-449-thread-1] INFO  server.RaftServerConfigKeys (ConfUtils.java:logGet(43)) - raft.server.log.statemachine.data.caching.enabled = true (custom)
2019-10-14 09:45:05,397 [pool-459-thread-1] INFO  server.RaftServerConfigKeys (ConfUtils.java:logGet(43)) - raft.server.log.queue.element-limit = 1024 (custom)
2019-10-14 09:45:05,397 [pool-469-thread-1] INFO  server.RaftServerConfigKeys (ConfUtils.java:logGet(43)) - raft.server.log.force.sync.num = 128 (default)
2019-10-14 09:45:05,397 [pool-449-thread-1] INFO  segmented.SegmentedRaftLogWorker (SegmentedRaftLogWorker.java:lambda$new$0(132)) - 5b2bdeb4-7ea1-4df6-a88d-afaaea11e92e@group-9C1991127D58-SegmentedRaftLogWorker: flushIndex: setUnconditionally 0 -> -1
2019-10-14 09:45:05,397 [pool-459-thread-1] INFO  server.RaftServerConfigKeys (ConfUtils.java:logGet(43)) - raft.server.log.segment.size.max = 1048576 (custom)
2019-10-14 09:45:05,397 [pool-469-thread-1] INFO  server.RaftServerConfigKeys (ConfUtils.java:logGet(43)) - raft.server.log.statemachine.data.sync = true (default)
2019-10-14 09:45:05,397 [pool-449-thread-1] INFO  server.RaftServerConfigKeys (ConfUtils.java:logGet(43)) - raft.server.snapshot.auto.trigger.enabled = true (custom)
2019-10-14 09:45:05,397 [pool-459-thread-1] INFO  server.RaftServerConfigKeys (ConfUtils.java:logGet(43)) - raft.server.log.preallocated.size = 16384 (custom)
2019-10-14 09:45:05,398 [pool-449-thread-1] INFO  server.RaftServerConfigKeys (ConfUtils.java:logGet(43)) - raft.server.snapshot.auto.trigger.threshold = 10000 (custom)
2019-10-14 09:45:05,397 [pool-469-thread-1] INFO  server.RaftServerConfigKeys (ConfUtils.java:logGet(43)) - raft.server.log.statemachine.data.sync.timeout = 10s (default)
2019-10-14 09:45:05,398 [pool-449-thread-1] INFO  server.RaftServerConfigKeys (ConfUtils.java:logGet(43)) - raft.server.snapshot.retention.num.files = 5 (custom)
2019-10-14 09:45:05,398 [pool-459-thread-1] INFO  server.RaftServerConfigKeys (ConfUtils.java:logGet(43)) - raft.server.log.write.buffer.size = 33554432 (custom)
2019-10-14 09:45:05,398 [pool-449-thread-1] INFO  server.RaftServerConfigKeys (ConfUtils.java:logGet(43)) - raft.server.retrycache.expirytime = 600000ms (custom)
2019-10-14 09:45:05,398 [pool-469-thread-1] INFO  server.RaftServerConfigKeys (ConfUtils.java:logGet(43)) - raft.server.log.statemachine.data.sync.timeout.retry = -1 (default)
2019-10-14 09:45:05,398 [pool-459-thread-1] INFO  server.RaftServerConfigKeys (ConfUtils.java:logGet(43)) - raft.server.log.force.sync.num = 128 (default)
2019-10-14 09:45:05,398 [pool-469-thread-1] INFO  server.RaftServerConfigKeys (ConfUtils.java:logGet(43)) - raft.server.log.statemachine.data.caching.enabled = true (custom)
2019-10-14 09:45:05,398 [pool-459-thread-1] INFO  server.RaftServerConfigKeys (ConfUtils.java:logGet(43)) - raft.server.log.statemachine.data.sync = true (default)
2019-10-14 09:45:05,399 [pool-469-thread-1] INFO  segmented.SegmentedRaftLogWorker (SegmentedRaftLogWorker.java:lambda$new$0(132)) - 5cb57bc8-4f11-4646-be43-d873705a5003@group-9C1991127D58-SegmentedRaftLogWorker: flushIndex: setUnconditionally 0 -> -1
2019-10-14 09:45:05,399 [pool-459-thread-1] INFO  server.RaftServerConfigKeys (ConfUtils.java:logGet(43)) - raft.server.log.statemachine.data.sync.timeout = 10s (default)
2019-10-14 09:45:05,399 [pool-469-thread-1] INFO  server.RaftServerConfigKeys (ConfUtils.java:logGet(43)) - raft.server.snapshot.auto.trigger.enabled = true (custom)
2019-10-14 09:45:05,399 [pool-459-thread-1] INFO  server.RaftServerConfigKeys (ConfUtils.java:logGet(43)) - raft.server.log.statemachine.data.sync.timeout.retry = -1 (default)
2019-10-14 09:45:05,399 [pool-469-thread-1] INFO  server.RaftServerConfigKeys (ConfUtils.java:logGet(43)) - raft.server.snapshot.auto.trigger.threshold = 10000 (custom)
2019-10-14 09:45:05,399 [pool-459-thread-1] INFO  server.RaftServerConfigKeys (ConfUtils.java:logGet(43)) - raft.server.log.statemachine.data.caching.enabled = true (custom)
2019-10-14 09:45:05,399 [pool-469-thread-1] INFO  server.RaftServerConfigKeys (ConfUtils.java:logGet(43)) - raft.server.snapshot.retention.num.files = 5 (custom)
2019-10-14 09:45:05,399 [pool-469-thread-1] INFO  server.RaftServerConfigKeys (ConfUtils.java:logGet(43)) - raft.server.retrycache.expirytime = 600000ms (custom)
2019-10-14 09:45:05,399 [pool-459-thread-1] INFO  segmented.SegmentedRaftLogWorker (SegmentedRaftLogWorker.java:lambda$new$0(132)) - ffc72186-1b59-4838-b97a-28de7241d76d@group-9C1991127D58-SegmentedRaftLogWorker: flushIndex: setUnconditionally 0 -> -1
2019-10-14 09:45:05,399 [pool-459-thread-1] INFO  server.RaftServerConfigKeys (ConfUtils.java:logGet(43)) - raft.server.snapshot.auto.trigger.enabled = true (custom)
2019-10-14 09:45:05,400 [pool-459-thread-1] INFO  server.RaftServerConfigKeys (ConfUtils.java:logGet(43)) - raft.server.snapshot.auto.trigger.threshold = 10000 (custom)
2019-10-14 09:45:05,400 [pool-449-thread-1] INFO  impl.RaftServerImpl (RaftServerImpl.java:start(185)) - 5b2bdeb4-7ea1-4df6-a88d-afaaea11e92e@group-9C1991127D58: start as a follower, conf=-1: [5cb57bc8-4f11-4646-be43-d873705a5003:192.168.164.214:33921, 5b2bdeb4-7ea1-4df6-a88d-afaaea11e92e:192.168.164.214:43516, ffc72186-1b59-4838-b97a-28de7241d76d:192.168.164.214:33403], old=null
2019-10-14 09:45:05,400 [pool-459-thread-1] INFO  server.RaftServerConfigKeys (ConfUtils.java:logGet(43)) - raft.server.snapshot.retention.num.files = 5 (custom)
2019-10-14 09:45:05,400 [pool-449-thread-1] INFO  impl.RaftServerImpl (RaftServerImpl.java:setRole(174)) - 5b2bdeb4-7ea1-4df6-a88d-afaaea11e92e@group-9C1991127D58: changes role from      null to FOLLOWER at term 0 for startAsFollower
2019-10-14 09:45:05,400 [pool-459-thread-1] INFO  server.RaftServerConfigKeys (ConfUtils.java:logGet(43)) - raft.server.retrycache.expirytime = 600000ms (custom)
2019-10-14 09:45:05,400 [pool-449-thread-1] INFO  impl.RoleInfo (RoleInfo.java:updateAndGet(143)) - 5b2bdeb4-7ea1-4df6-a88d-afaaea11e92e: start FollowerState
2019-10-14 09:45:05,400 [pool-469-thread-1] INFO  impl.RaftServerImpl (RaftServerImpl.java:start(185)) - 5cb57bc8-4f11-4646-be43-d873705a5003@group-9C1991127D58: start as a follower, conf=-1: [5cb57bc8-4f11-4646-be43-d873705a5003:192.168.164.214:33921, 5b2bdeb4-7ea1-4df6-a88d-afaaea11e92e:192.168.164.214:43516, ffc72186-1b59-4838-b97a-28de7241d76d:192.168.164.214:33403], old=null
2019-10-14 09:45:05,400 [pool-469-thread-1] INFO  impl.RaftServerImpl (RaftServerImpl.java:setRole(174)) - 5cb57bc8-4f11-4646-be43-d873705a5003@group-9C1991127D58: changes role from      null to FOLLOWER at term 0 for startAsFollower
2019-10-14 09:45:05,400 [pool-469-thread-1] INFO  impl.RoleInfo (RoleInfo.java:updateAndGet(143)) - 5cb57bc8-4f11-4646-be43-d873705a5003: start FollowerState
2019-10-14 09:45:05,400 [pool-449-thread-1] INFO  util.JmxRegister (JmxRegister.java:tryRegister(44)) - Successfully registered JMX Bean with object name Ratis:service=RaftServer,group=group-9C1991127D58,id=5b2bdeb4-7ea1-4df6-a88d-afaaea11e92e
2019-10-14 09:45:05,401 [pool-469-thread-1] INFO  util.JmxRegister (JmxRegister.java:tryRegister(44)) - Successfully registered JMX Bean with object name Ratis:service=RaftServer,group=group-9C1991127D58,id=5cb57bc8-4f11-4646-be43-d873705a5003
2019-10-14 09:45:05,401 [pool-459-thread-1] INFO  impl.RaftServerImpl (RaftServerImpl.java:start(185)) - ffc72186-1b59-4838-b97a-28de7241d76d@group-9C1991127D58: start as a follower, conf=-1: [5cb57bc8-4f11-4646-be43-d873705a5003:192.168.164.214:33921, 5b2bdeb4-7ea1-4df6-a88d-afaaea11e92e:192.168.164.214:43516, ffc72186-1b59-4838-b97a-28de7241d76d:192.168.164.214:33403], old=null
2019-10-14 09:45:05,402 [pool-459-thread-1] INFO  impl.RaftServerImpl (RaftServerImpl.java:setRole(174)) - ffc72186-1b59-4838-b97a-28de7241d76d@group-9C1991127D58: changes role from      null to FOLLOWER at term 0 for startAsFollower
2019-10-14 09:45:05,402 [pool-459-thread-1] INFO  impl.RoleInfo (RoleInfo.java:updateAndGet(143)) - ffc72186-1b59-4838-b97a-28de7241d76d: start FollowerState
2019-10-14 09:45:05,402 [pool-459-thread-1] INFO  util.JmxRegister (JmxRegister.java:tryRegister(44)) - Successfully registered JMX Bean with object name Ratis:service=RaftServer,group=group-9C1991127D58,id=ffc72186-1b59-4838-b97a-28de7241d76d
2019-10-14 09:45:05,404 [RatisPipelineUtilsThread] INFO  pipeline.PipelineStateManager (PipelineStateManager.java:addPipeline(56)) - Created pipeline Pipeline[ Id: 18bdd093-60c4-4616-9146-9c1991127d58, Nodes: ffc72186-1b59-4838-b97a-28de7241d76d{ip: 192.168.164.214, host: pr-hdds-1569-vp9xg-4248047660, networkLocation: /default-rack, certSerialId: null}5b2bdeb4-7ea1-4df6-a88d-afaaea11e92e{ip: 192.168.164.214, host: pr-hdds-1569-vp9xg-4248047660, networkLocation: /default-rack, certSerialId: null}5cb57bc8-4f11-4646-be43-d873705a5003{ip: 192.168.164.214, host: pr-hdds-1569-vp9xg-4248047660, networkLocation: /default-rack, certSerialId: null}, Type:RATIS, Factor:THREE, State:OPEN]
2019-10-14 09:45:05,404 [RatisPipelineUtilsThread] INFO  pipeline.PipelinePlacementPolicy (PipelinePlacementPolicy.java:meetCriteria(104)) - Pipeline Placement: can't place more pipeline on heavy datanode： 56712796-c63c-4f78-b712-8f3b1217dedc Heaviness: 3 limit: 3
2019-10-14 09:45:05,405 [RatisPipelineUtilsThread] INFO  pipeline.PipelinePlacementPolicy (PipelinePlacementPolicy.java:meetCriteria(104)) - Pipeline Placement: can't place more pipeline on heavy datanode： 47d48411-1f17-4b0d-846b-025c3a4b0b86 Heaviness: 3 limit: 3
2019-10-14 09:45:05,411 [grpc-default-executor-15] INFO  impl.RaftServerProxy (RaftServerProxy.java:addNew(89)) - 5cb57bc8-4f11-4646-be43-d873705a5003: addNew group-A3C2AC2AC23E:[5cb57bc8-4f11-4646-be43-d873705a5003:192.168.164.214:33921, 5b2bdeb4-7ea1-4df6-a88d-afaaea11e92e:192.168.164.214:43516, ffc72186-1b59-4838-b97a-28de7241d76d:192.168.164.214:33403] returns group-A3C2AC2AC23E:java.util.concurrent.CompletableFuture@1152d3cf[Not completed]
2019-10-14 09:45:05,414 [grpc-default-executor-8] INFO  impl.RaftServerProxy (RaftServerProxy.java:addNew(89)) - ffc72186-1b59-4838-b97a-28de7241d76d: addNew group-A3C2AC2AC23E:[5cb57bc8-4f11-4646-be43-d873705a5003:192.168.164.214:33921, 5b2bdeb4-7ea1-4df6-a88d-afaaea11e92e:192.168.164.214:43516, ffc72186-1b59-4838-b97a-28de7241d76d:192.168.164.214:33403] returns group-A3C2AC2AC23E:java.util.concurrent.CompletableFuture@79ab37da[Not completed]
2019-10-14 09:45:05,414 [grpc-default-executor-16] INFO  impl.RaftServerProxy (RaftServerProxy.java:addNew(89)) - 5b2bdeb4-7ea1-4df6-a88d-afaaea11e92e: addNew group-A3C2AC2AC23E:[5cb57bc8-4f11-4646-be43-d873705a5003:192.168.164.214:33921, 5b2bdeb4-7ea1-4df6-a88d-afaaea11e92e:192.168.164.214:43516, ffc72186-1b59-4838-b97a-28de7241d76d:192.168.164.214:33403] returns group-A3C2AC2AC23E:java.util.concurrent.CompletableFuture@68f83e97[Not completed]
2019-10-14 09:45:05,414 [pool-469-thread-1] INFO  impl.RaftServerImpl (RaftServerImpl.java:<init>(95)) - 5cb57bc8-4f11-4646-be43-d873705a5003: new RaftServerImpl for group-A3C2AC2AC23E:[5cb57bc8-4f11-4646-be43-d873705a5003:192.168.164.214:33921, 5b2bdeb4-7ea1-4df6-a88d-afaaea11e92e:192.168.164.214:43516, ffc72186-1b59-4838-b97a-28de7241d76d:192.168.164.214:33403] with ContainerStateMachine:uninitialized
2019-10-14 09:45:05,415 [pool-469-thread-1] INFO  server.RaftServerConfigKeys (ConfUtils.java:logGet(43)) - raft.server.rpc.timeout.min = 5s (custom)
2019-10-14 09:45:05,415 [pool-469-thread-1] INFO  server.RaftServerConfigKeys (ConfUtils.java:logGet(43)) - raft.server.rpc.timeout.max = 5200ms (custom)
2019-10-14 09:45:05,415 [pool-469-thread-1] INFO  server.RaftServerConfigKeys (ConfUtils.java:logGet(43)) - raft.server.rpcslowness.timeout = 120s (custom)
2019-10-14 09:45:05,415 [pool-469-thread-1] INFO  server.RaftServerConfigKeys (ConfUtils.java:logGet(43)) - raft.server.sleep.deviation.threshold = 300 (default)
2019-10-14 09:45:05,415 [pool-469-thread-1] INFO  server.RaftServerConfigKeys (ConfUtils.java:logGet(43)) - raft.server.log.appender.install.snapshot.enabled = false (custom)
2019-10-14 09:45:05,415 [pool-449-thread-1] INFO  impl.RaftServerImpl (RaftServerImpl.java:<init>(95)) - 5b2bdeb4-7ea1-4df6-a88d-afaaea11e92e: new RaftServerImpl for group-A3C2AC2AC23E:[5cb57bc8-4f11-4646-be43-d873705a5003:192.168.164.214:33921, 5b2bdeb4-7ea1-4df6-a88d-afaaea11e92e:192.168.164.214:43516, ffc72186-1b59-4838-b97a-28de7241d76d:192.168.164.214:33403] with ContainerStateMachine:uninitialized
2019-10-14 09:45:05,415 [pool-469-thread-1] INFO  impl.RaftServerImpl (ServerState.java:<init>(103)) - 5cb57bc8-4f11-4646-be43-d873705a5003@group-A3C2AC2AC23E: ConfigurationManager, init=-1: [5cb57bc8-4f11-4646-be43-d873705a5003:192.168.164.214:33921, 5b2bdeb4-7ea1-4df6-a88d-afaaea11e92e:192.168.164.214:43516, ffc72186-1b59-4838-b97a-28de7241d76d:192.168.164.214:33403], old=null, confs=<EMPTY_MAP>
2019-10-14 09:45:05,415 [pool-449-thread-1] INFO  server.RaftServerConfigKeys (ConfUtils.java:logGet(43)) - raft.server.rpc.timeout.min = 5s (custom)
2019-10-14 09:45:05,415 [pool-459-thread-1] INFO  impl.RaftServerImpl (RaftServerImpl.java:<init>(95)) - ffc72186-1b59-4838-b97a-28de7241d76d: new RaftServerImpl for group-A3C2AC2AC23E:[5cb57bc8-4f11-4646-be43-d873705a5003:192.168.164.214:33921, 5b2bdeb4-7ea1-4df6-a88d-afaaea11e92e:192.168.164.214:43516, ffc72186-1b59-4838-b97a-28de7241d76d:192.168.164.214:33403] with ContainerStateMachine:uninitialized
2019-10-14 09:45:05,415 [pool-469-thread-1] INFO  server.RaftServerConfigKeys (ConfUtils.java:logGet(43)) - raft.server.storage.dir = [/workdir/hadoop-ozone/integration-test/target/test-dir/MiniOzoneClusterImpl-65bd215d-14c9-4112-ac30-b7a247fd80ea/datanode-6/data/ratis] (custom)
2019-10-14 09:45:05,415 [pool-459-thread-1] INFO  server.RaftServerConfigKeys (ConfUtils.java:logGet(43)) - raft.server.rpc.timeout.min = 5s (custom)
2019-10-14 09:45:05,415 [pool-449-thread-1] INFO  server.RaftServerConfigKeys (ConfUtils.java:logGet(43)) - raft.server.rpc.timeout.max = 5200ms (custom)
2019-10-14 09:45:05,416 [pool-459-thread-1] INFO  server.RaftServerConfigKeys (ConfUtils.java:logGet(43)) - raft.server.rpc.timeout.max = 5200ms (custom)
2019-10-14 09:45:05,416 [pool-469-thread-1] INFO  storage.RaftStorageDirectory (RaftStorageDirectory.java:analyzeStorage(246)) - The storage directory /workdir/hadoop-ozone/integration-test/target/test-dir/MiniOzoneClusterImpl-65bd215d-14c9-4112-ac30-b7a247fd80ea/datanode-6/data/ratis/5a07b73a-a694-4344-9f8c-a3c2ac2ac23e does not exist. Creating ...
2019-10-14 09:45:05,416 [pool-449-thread-1] INFO  server.RaftServerConfigKeys (ConfUtils.java:logGet(43)) - raft.server.rpcslowness.timeout = 120s (custom)
2019-10-14 09:45:05,416 [pool-459-thread-1] INFO  server.RaftServerConfigKeys (ConfUtils.java:logGet(43)) - raft.server.rpcslowness.timeout = 120s (custom)
2019-10-14 09:45:05,416 [pool-449-thread-1] INFO  server.RaftServerConfigKeys (ConfUtils.java:logGet(43)) - raft.server.sleep.deviation.threshold = 300 (default)
2019-10-14 09:45:05,416 [pool-459-thread-1] INFO  server.RaftServerConfigKeys (ConfUtils.java:logGet(43)) - raft.server.sleep.deviation.threshold = 300 (default)
2019-10-14 09:45:05,416 [pool-449-thread-1] INFO  server.RaftServerConfigKeys (ConfUtils.java:logGet(43)) - raft.server.log.appender.install.snapshot.enabled = false (custom)
2019-10-14 09:45:05,416 [pool-459-thread-1] INFO  server.RaftServerConfigKeys (ConfUtils.java:logGet(43)) - raft.server.log.appender.install.snapshot.enabled = false (custom)
2019-10-14 09:45:05,416 [pool-449-thread-1] INFO  impl.RaftServerImpl (ServerState.java:<init>(103)) - 5b2bdeb4-7ea1-4df6-a88d-afaaea11e92e@group-A3C2AC2AC23E: ConfigurationManager, init=-1: [5cb57bc8-4f11-4646-be43-d873705a5003:192.168.164.214:33921, 5b2bdeb4-7ea1-4df6-a88d-afaaea11e92e:192.168.164.214:43516, ffc72186-1b59-4838-b97a-28de7241d76d:192.168.164.214:33403], old=null, confs=<EMPTY_MAP>
2019-10-14 09:45:05,416 [pool-459-thread-1] INFO  impl.RaftServerImpl (ServerState.java:<init>(103)) - ffc72186-1b59-4838-b97a-28de7241d76d@group-A3C2AC2AC23E: ConfigurationManager, init=-1: [5cb57bc8-4f11-4646-be43-d873705a5003:192.168.164.214:33921, 5b2bdeb4-7ea1-4df6-a88d-afaaea11e92e:192.168.164.214:43516, ffc72186-1b59-4838-b97a-28de7241d76d:192.168.164.214:33403], old=null, confs=<EMPTY_MAP>
2019-10-14 09:45:05,416 [pool-449-thread-1] INFO  server.RaftServerConfigKeys (ConfUtils.java:logGet(43)) - raft.server.storage.dir = [/workdir/hadoop-ozone/integration-test/target/test-dir/MiniOzoneClusterImpl-65bd215d-14c9-4112-ac30-b7a247fd80ea/datanode-4/data/ratis] (custom)
2019-10-14 09:45:05,417 [pool-459-thread-1] INFO  server.RaftServerConfigKeys (ConfUtils.java:logGet(43)) - raft.server.storage.dir = [/workdir/hadoop-ozone/integration-test/target/test-dir/MiniOzoneClusterImpl-65bd215d-14c9-4112-ac30-b7a247fd80ea/datanode-5/data/ratis] (custom)
2019-10-14 09:45:05,417 [pool-449-thread-1] INFO  storage.RaftStorageDirectory (RaftStorageDirectory.java:analyzeStorage(246)) - The storage directory /workdir/hadoop-ozone/integration-test/target/test-dir/MiniOzoneClusterImpl-65bd215d-14c9-4112-ac30-b7a247fd80ea/datanode-4/data/ratis/5a07b73a-a694-4344-9f8c-a3c2ac2ac23e does not exist. Creating ...
2019-10-14 09:45:05,417 [pool-459-thread-1] INFO  storage.RaftStorageDirectory (RaftStorageDirectory.java:analyzeStorage(246)) - The storage directory /workdir/hadoop-ozone/integration-test/target/test-dir/MiniOzoneClusterImpl-65bd215d-14c9-4112-ac30-b7a247fd80ea/datanode-5/data/ratis/5a07b73a-a694-4344-9f8c-a3c2ac2ac23e does not exist. Creating ...
2019-10-14 09:45:05,442 [pool-449-thread-1] INFO  storage.RaftStorageDirectory (RaftStorageDirectory.java:tryLock(328)) - Lock on /workdir/hadoop-ozone/integration-test/target/test-dir/MiniOzoneClusterImpl-65bd215d-14c9-4112-ac30-b7a247fd80ea/datanode-4/data/ratis/5a07b73a-a694-4344-9f8c-a3c2ac2ac23e/in_use.lock acquired by nodename 21114@pr-hdds-1569-vp9xg-4248047660
2019-10-14 09:45:05,442 [pool-459-thread-1] INFO  storage.RaftStorageDirectory (RaftStorageDirectory.java:tryLock(328)) - Lock on /workdir/hadoop-ozone/integration-test/target/test-dir/MiniOzoneClusterImpl-65bd215d-14c9-4112-ac30-b7a247fd80ea/datanode-5/data/ratis/5a07b73a-a694-4344-9f8c-a3c2ac2ac23e/in_use.lock acquired by nodename 21114@pr-hdds-1569-vp9xg-4248047660
2019-10-14 09:45:05,442 [pool-469-thread-1] INFO  storage.RaftStorageDirectory (RaftStorageDirectory.java:tryLock(328)) - Lock on /workdir/hadoop-ozone/integration-test/target/test-dir/MiniOzoneClusterImpl-65bd215d-14c9-4112-ac30-b7a247fd80ea/datanode-6/data/ratis/5a07b73a-a694-4344-9f8c-a3c2ac2ac23e/in_use.lock acquired by nodename 21114@pr-hdds-1569-vp9xg-4248047660
2019-10-14 09:45:05,460 [pool-469-thread-1] INFO  storage.RaftStorage (RaftStorage.java:format(72)) - Storage directory /workdir/hadoop-ozone/integration-test/target/test-dir/MiniOzoneClusterImpl-65bd215d-14c9-4112-ac30-b7a247fd80ea/datanode-6/data/ratis/5a07b73a-a694-4344-9f8c-a3c2ac2ac23e has been successfully formatted.
2019-10-14 09:45:05,460 [pool-449-thread-1] INFO  storage.RaftStorage (RaftStorage.java:format(72)) - Storage directory /workdir/hadoop-ozone/integration-test/target/test-dir/MiniOzoneClusterImpl-65bd215d-14c9-4112-ac30-b7a247fd80ea/datanode-4/data/ratis/5a07b73a-a694-4344-9f8c-a3c2ac2ac23e has been successfully formatted.
2019-10-14 09:45:05,460 [pool-459-thread-1] INFO  storage.RaftStorage (RaftStorage.java:format(72)) - Storage directory /workdir/hadoop-ozone/integration-test/target/test-dir/MiniOzoneClusterImpl-65bd215d-14c9-4112-ac30-b7a247fd80ea/datanode-5/data/ratis/5a07b73a-a694-4344-9f8c-a3c2ac2ac23e has been successfully formatted.
2019-10-14 09:45:05,460 [pool-449-thread-1] INFO  ratis.ContainerStateMachine (ContainerStateMachine.java:loadSnapshot(230)) - group-A3C2AC2AC23E: The snapshot info is null. Setting the last applied indexto:(t:0, i:~)
2019-10-14 09:45:05,460 [pool-469-thread-1] INFO  ratis.ContainerStateMachine (ContainerStateMachine.java:loadSnapshot(230)) - group-A3C2AC2AC23E: The snapshot info is null. Setting the last applied indexto:(t:0, i:~)
2019-10-14 09:45:05,460 [pool-459-thread-1] INFO  ratis.ContainerStateMachine (ContainerStateMachine.java:loadSnapshot(230)) - group-A3C2AC2AC23E: The snapshot info is null. Setting the last applied indexto:(t:0, i:~)
2019-10-14 09:45:05,460 [pool-449-thread-1] INFO  server.RaftServerConfigKeys (ConfUtils.java:logGet(43)) - raft.server.notification.no-leader.timeout = 120s (custom)
2019-10-14 09:45:05,460 [pool-459-thread-1] INFO  server.RaftServerConfigKeys (ConfUtils.java:logGet(43)) - raft.server.notification.no-leader.timeout = 120s (custom)
2019-10-14 09:45:05,460 [pool-469-thread-1] INFO  server.RaftServerConfigKeys (ConfUtils.java:logGet(43)) - raft.server.notification.no-leader.timeout = 120s (custom)
2019-10-14 09:45:05,461 [pool-459-thread-1] INFO  server.RaftServerConfigKeys (ConfUtils.java:logGet(43)) - raft.server.log.use.memory = false (default)
2019-10-14 09:45:05,461 [pool-449-thread-1] INFO  server.RaftServerConfigKeys (ConfUtils.java:logGet(43)) - raft.server.log.use.memory = false (default)
2019-10-14 09:45:05,461 [pool-459-thread-1] INFO  server.RaftServerConfigKeys (ConfUtils.java:logGet(43)) - raft.server.log.purge.gap = 1000000 (custom)
2019-10-14 09:45:05,461 [pool-469-thread-1] INFO  server.RaftServerConfigKeys (ConfUtils.java:logGet(43)) - raft.server.log.use.memory = false (default)
2019-10-14 09:45:05,461 [pool-459-thread-1] INFO  server.RaftServerConfigKeys (ConfUtils.java:logGet(43)) - raft.server.log.appender.buffer.byte-limit = 33554432 (custom)
2019-10-14 09:45:05,461 [pool-449-thread-1] INFO  server.RaftServerConfigKeys (ConfUtils.java:logGet(43)) - raft.server.log.purge.gap = 1000000 (custom)
2019-10-14 09:45:05,461 [pool-459-thread-1] INFO  server.RaftServerConfigKeys (ConfUtils.java:logGet(43)) - raft.server.log.segment.size.max = 1048576 (custom)
2019-10-14 09:45:05,461 [pool-469-thread-1] INFO  server.RaftServerConfigKeys (ConfUtils.java:logGet(43)) - raft.server.log.purge.gap = 1000000 (custom)
2019-10-14 09:45:05,462 [pool-459-thread-1] INFO  server.RaftServerConfigKeys (ConfUtils.java:logGet(43)) - raft.server.log.segment.cache.num.max = 2 (custom)
2019-10-14 09:45:05,461 [pool-449-thread-1] INFO  server.RaftServerConfigKeys (ConfUtils.java:logGet(43)) - raft.server.log.appender.buffer.byte-limit = 33554432 (custom)
2019-10-14 09:45:05,462 [pool-459-thread-1] INFO  segmented.SegmentedRaftLogWorker (SegmentedRaftLogWorker.java:<init>(172)) - new ffc72186-1b59-4838-b97a-28de7241d76d@group-A3C2AC2AC23E-SegmentedRaftLogWorker for RaftStorage:Storage Directory /workdir/hadoop-ozone/integration-test/target/test-dir/MiniOzoneClusterImpl-65bd215d-14c9-4112-ac30-b7a247fd80ea/datanode-5/data/ratis/5a07b73a-a694-4344-9f8c-a3c2ac2ac23e
2019-10-14 09:45:05,462 [pool-469-thread-1] INFO  server.RaftServerConfigKeys (ConfUtils.java:logGet(43)) - raft.server.log.appender.buffer.byte-limit = 33554432 (custom)
2019-10-14 09:45:05,462 [pool-459-thread-1] INFO  server.RaftServerConfigKeys (ConfUtils.java:logGet(43)) - raft.server.log.queue.byte-limit = 2147483647 (custom)
2019-10-14 09:45:05,462 [pool-449-thread-1] INFO  server.RaftServerConfigKeys (ConfUtils.java:logGet(43)) - raft.server.log.segment.size.max = 1048576 (custom)
2019-10-14 09:45:05,462 [pool-459-thread-1] INFO  server.RaftServerConfigKeys (ConfUtils.java:logGet(43)) - raft.server.log.queue.element-limit = 1024 (custom)
2019-10-14 09:45:05,462 [pool-469-thread-1] INFO  server.RaftServerConfigKeys (ConfUtils.java:logGet(43)) - raft.server.log.segment.size.max = 1048576 (custom)
2019-10-14 09:45:05,463 [pool-459-thread-1] INFO  server.RaftServerConfigKeys (ConfUtils.java:logGet(43)) - raft.server.log.segment.size.max = 1048576 (custom)
2019-10-14 09:45:05,462 [pool-449-thread-1] INFO  server.RaftServerConfigKeys (ConfUtils.java:logGet(43)) - raft.server.log.segment.cache.num.max = 2 (custom)
2019-10-14 09:45:05,463 [pool-459-thread-1] INFO  server.RaftServerConfigKeys (ConfUtils.java:logGet(43)) - raft.server.log.preallocated.size = 16384 (custom)
2019-10-14 09:45:05,463 [pool-469-thread-1] INFO  server.RaftServerConfigKeys (ConfUtils.java:logGet(43)) - raft.server.log.segment.cache.num.max = 2 (custom)
2019-10-14 09:45:05,463 [pool-459-thread-1] INFO  server.RaftServerConfigKeys (ConfUtils.java:logGet(43)) - raft.server.log.write.buffer.size = 33554432 (custom)
2019-10-14 09:45:05,463 [pool-449-thread-1] INFO  segmented.SegmentedRaftLogWorker (SegmentedRaftLogWorker.java:<init>(172)) - new 5b2bdeb4-7ea1-4df6-a88d-afaaea11e92e@group-A3C2AC2AC23E-SegmentedRaftLogWorker for RaftStorage:Storage Directory /workdir/hadoop-ozone/integration-test/target/test-dir/MiniOzoneClusterImpl-65bd215d-14c9-4112-ac30-b7a247fd80ea/datanode-4/data/ratis/5a07b73a-a694-4344-9f8c-a3c2ac2ac23e
2019-10-14 09:45:05,463 [pool-459-thread-1] INFO  server.RaftServerConfigKeys (ConfUtils.java:logGet(43)) - raft.server.log.force.sync.num = 128 (default)
2019-10-14 09:45:05,463 [pool-469-thread-1] INFO  segmented.SegmentedRaftLogWorker (SegmentedRaftLogWorker.java:<init>(172)) - new 5cb57bc8-4f11-4646-be43-d873705a5003@group-A3C2AC2AC23E-SegmentedRaftLogWorker for RaftStorage:Storage Directory /workdir/hadoop-ozone/integration-test/target/test-dir/MiniOzoneClusterImpl-65bd215d-14c9-4112-ac30-b7a247fd80ea/datanode-6/data/ratis/5a07b73a-a694-4344-9f8c-a3c2ac2ac23e
2019-10-14 09:45:05,464 [pool-459-thread-1] INFO  server.RaftServerConfigKeys (ConfUtils.java:logGet(43)) - raft.server.log.statemachine.data.sync = true (default)
2019-10-14 09:45:05,464 [pool-459-thread-1] INFO  server.RaftServerConfigKeys (ConfUtils.java:logGet(43)) - raft.server.log.statemachine.data.sync.timeout = 10s (default)
2019-10-14 09:45:05,463 [pool-449-thread-1] INFO  server.RaftServerConfigKeys (ConfUtils.java:logGet(43)) - raft.server.log.queue.byte-limit = 2147483647 (custom)
2019-10-14 09:45:05,464 [pool-459-thread-1] INFO  server.RaftServerConfigKeys (ConfUtils.java:logGet(43)) - raft.server.log.statemachine.data.sync.timeout.retry = -1 (default)
2019-10-14 09:45:05,464 [pool-469-thread-1] INFO  server.RaftServerConfigKeys (ConfUtils.java:logGet(43)) - raft.server.log.queue.byte-limit = 2147483647 (custom)
2019-10-14 09:45:05,464 [pool-459-thread-1] INFO  server.RaftServerConfigKeys (ConfUtils.java:logGet(43)) - raft.server.log.statemachine.data.caching.enabled = true (custom)
2019-10-14 09:45:05,464 [pool-449-thread-1] INFO  server.RaftServerConfigKeys (ConfUtils.java:logGet(43)) - raft.server.log.queue.element-limit = 1024 (custom)
2019-10-14 09:45:05,465 [pool-459-thread-1] INFO  segmented.SegmentedRaftLogWorker (SegmentedRaftLogWorker.java:lambda$new$0(132)) - ffc72186-1b59-4838-b97a-28de7241d76d@group-A3C2AC2AC23E-SegmentedRaftLogWorker: flushIndex: setUnconditionally 0 -> -1
2019-10-14 09:45:05,464 [pool-469-thread-1] INFO  server.RaftServerConfigKeys (ConfUtils.java:logGet(43)) - raft.server.log.queue.element-limit = 1024 (custom)
2019-10-14 09:45:05,465 [pool-449-thread-1] INFO  server.RaftServerConfigKeys (ConfUtils.java:logGet(43)) - raft.server.log.segment.size.max = 1048576 (custom)
2019-10-14 09:45:05,465 [pool-459-thread-1] INFO  server.RaftServerConfigKeys (ConfUtils.java:logGet(43)) - raft.server.snapshot.auto.trigger.enabled = true (custom)
2019-10-14 09:45:05,465 [pool-469-thread-1] INFO  server.RaftServerConfigKeys (ConfUtils.java:logGet(43)) - raft.server.log.segment.size.max = 1048576 (custom)
2019-10-14 09:45:05,465 [pool-459-thread-1] INFO  server.RaftServerConfigKeys (ConfUtils.java:logGet(43)) - raft.server.snapshot.auto.trigger.threshold = 10000 (custom)
2019-10-14 09:45:05,465 [pool-449-thread-1] INFO  server.RaftServerConfigKeys (ConfUtils.java:logGet(43)) - raft.server.log.preallocated.size = 16384 (custom)
2019-10-14 09:45:05,466 [pool-459-thread-1] INFO  server.RaftServerConfigKeys (ConfUtils.java:logGet(43)) - raft.server.snapshot.retention.num.files = 5 (custom)
2019-10-14 09:45:05,465 [pool-469-thread-1] INFO  server.RaftServerConfigKeys (ConfUtils.java:logGet(43)) - raft.server.log.preallocated.size = 16384 (custom)
2019-10-14 09:45:05,466 [pool-459-thread-1] INFO  server.RaftServerConfigKeys (ConfUtils.java:logGet(43)) - raft.server.retrycache.expirytime = 600000ms (custom)
2019-10-14 09:45:05,466 [pool-449-thread-1] INFO  server.RaftServerConfigKeys (ConfUtils.java:logGet(43)) - raft.server.log.write.buffer.size = 33554432 (custom)
2019-10-14 09:45:05,466 [pool-469-thread-1] INFO  server.RaftServerConfigKeys (ConfUtils.java:logGet(43)) - raft.server.log.write.buffer.size = 33554432 (custom)
2019-10-14 09:45:05,466 [pool-449-thread-1] INFO  server.RaftServerConfigKeys (ConfUtils.java:logGet(43)) - raft.server.log.force.sync.num = 128 (default)
2019-10-14 09:45:05,466 [pool-469-thread-1] INFO  server.RaftServerConfigKeys (ConfUtils.java:logGet(43)) - raft.server.log.force.sync.num = 128 (default)
2019-10-14 09:45:05,467 [pool-449-thread-1] INFO  server.RaftServerConfigKeys (ConfUtils.java:logGet(43)) - raft.server.log.statemachine.data.sync = true (default)
2019-10-14 09:45:05,467 [pool-469-thread-1] INFO  server.RaftServerConfigKeys (ConfUtils.java:logGet(43)) - raft.server.log.statemachine.data.sync = true (default)
2019-10-14 09:45:05,467 [pool-449-thread-1] INFO  server.RaftServerConfigKeys (ConfUtils.java:logGet(43)) - raft.server.log.statemachine.data.sync.timeout = 10s (default)
2019-10-14 09:45:05,467 [pool-469-thread-1] INFO  server.RaftServerConfigKeys (ConfUtils.java:logGet(43)) - raft.server.log.statemachine.data.sync.timeout = 10s (default)
2019-10-14 09:45:05,467 [pool-449-thread-1] INFO  server.RaftServerConfigKeys (ConfUtils.java:logGet(43)) - raft.server.log.statemachine.data.sync.timeout.retry = -1 (default)
2019-10-14 09:45:05,467 [pool-469-thread-1] INFO  server.RaftServerConfigKeys (ConfUtils.java:logGet(43)) - raft.server.log.statemachine.data.sync.timeout.retry = -1 (default)
2019-10-14 09:45:05,467 [pool-449-thread-1] INFO  server.RaftServerConfigKeys (ConfUtils.java:logGet(43)) - raft.server.log.statemachine.data.caching.enabled = true (custom)
2019-10-14 09:45:05,468 [pool-469-thread-1] INFO  server.RaftServerConfigKeys (ConfUtils.java:logGet(43)) - raft.server.log.statemachine.data.caching.enabled = true (custom)
2019-10-14 09:45:05,468 [pool-459-thread-1] INFO  impl.RaftServerImpl (RaftServerImpl.java:start(185)) - ffc72186-1b59-4838-b97a-28de7241d76d@group-A3C2AC2AC23E: start as a follower, conf=-1: [5cb57bc8-4f11-4646-be43-d873705a5003:192.168.164.214:33921, 5b2bdeb4-7ea1-4df6-a88d-afaaea11e92e:192.168.164.214:43516, ffc72186-1b59-4838-b97a-28de7241d76d:192.168.164.214:33403], old=null
2019-10-14 09:45:05,468 [pool-469-thread-1] INFO  segmented.SegmentedRaftLogWorker (SegmentedRaftLogWorker.java:lambda$new$0(132)) - 5cb57bc8-4f11-4646-be43-d873705a5003@group-A3C2AC2AC23E-SegmentedRaftLogWorker: flushIndex: setUnconditionally 0 -> -1
2019-10-14 09:45:05,468 [pool-449-thread-1] INFO  segmented.SegmentedRaftLogWorker (SegmentedRaftLogWorker.java:lambda$new$0(132)) - 5b2bdeb4-7ea1-4df6-a88d-afaaea11e92e@group-A3C2AC2AC23E-SegmentedRaftLogWorker: flushIndex: setUnconditionally 0 -> -1
2019-10-14 09:45:05,468 [pool-469-thread-1] INFO  server.RaftServerConfigKeys (ConfUtils.java:logGet(43)) - raft.server.snapshot.auto.trigger.enabled = true (custom)
2019-10-14 09:45:05,468 [pool-459-thread-1] INFO  impl.RaftServerImpl (RaftServerImpl.java:setRole(174)) - ffc72186-1b59-4838-b97a-28de7241d76d@group-A3C2AC2AC23E: changes role from      null to FOLLOWER at term 0 for startAsFollower
2019-10-14 09:45:05,468 [pool-449-thread-1] INFO  server.RaftServerConfigKeys (ConfUtils.java:logGet(43)) - raft.server.snapshot.auto.trigger.enabled = true (custom)
2019-10-14 09:45:05,468 [pool-469-thread-1] INFO  server.RaftServerConfigKeys (ConfUtils.java:logGet(43)) - raft.server.snapshot.auto.trigger.threshold = 10000 (custom)
2019-10-14 09:45:05,469 [pool-449-thread-1] INFO  server.RaftServerConfigKeys (ConfUtils.java:logGet(43)) - raft.server.snapshot.auto.trigger.threshold = 10000 (custom)
2019-10-14 09:45:05,469 [pool-459-thread-1] INFO  impl.RoleInfo (RoleInfo.java:updateAndGet(143)) - ffc72186-1b59-4838-b97a-28de7241d76d: start FollowerState
2019-10-14 09:45:05,469 [pool-449-thread-1] INFO  server.RaftServerConfigKeys (ConfUtils.java:logGet(43)) - raft.server.snapshot.retention.num.files = 5 (custom)
2019-10-14 09:45:05,469 [pool-469-thread-1] INFO  server.RaftServerConfigKeys (ConfUtils.java:logGet(43)) - raft.server.snapshot.retention.num.files = 5 (custom)
2019-10-14 09:45:05,469 [pool-459-thread-1] INFO  util.JmxRegister (JmxRegister.java:tryRegister(44)) - Successfully registered JMX Bean with object name Ratis:service=RaftServer,group=group-A3C2AC2AC23E,id=ffc72186-1b59-4838-b97a-28de7241d76d
2019-10-14 09:45:05,469 [pool-449-thread-1] INFO  server.RaftServerConfigKeys (ConfUtils.java:logGet(43)) - raft.server.retrycache.expirytime = 600000ms (custom)
2019-10-14 09:45:05,469 [pool-469-thread-1] INFO  server.RaftServerConfigKeys (ConfUtils.java:logGet(43)) - raft.server.retrycache.expirytime = 600000ms (custom)
2019-10-14 09:45:05,472 [pool-449-thread-1] INFO  impl.RaftServerImpl (RaftServerImpl.java:start(185)) - 5b2bdeb4-7ea1-4df6-a88d-afaaea11e92e@group-A3C2AC2AC23E: start as a follower, conf=-1: [5cb57bc8-4f11-4646-be43-d873705a5003:192.168.164.214:33921, 5b2bdeb4-7ea1-4df6-a88d-afaaea11e92e:192.168.164.214:43516, ffc72186-1b59-4838-b97a-28de7241d76d:192.168.164.214:33403], old=null
2019-10-14 09:45:05,472 [pool-449-thread-1] INFO  impl.RaftServerImpl (RaftServerImpl.java:setRole(174)) - 5b2bdeb4-7ea1-4df6-a88d-afaaea11e92e@group-A3C2AC2AC23E: changes role from      null to FOLLOWER at term 0 for startAsFollower
2019-10-14 09:45:05,472 [pool-469-thread-1] INFO  impl.RaftServerImpl (RaftServerImpl.java:start(185)) - 5cb57bc8-4f11-4646-be43-d873705a5003@group-A3C2AC2AC23E: start as a follower, conf=-1: [5cb57bc8-4f11-4646-be43-d873705a5003:192.168.164.214:33921, 5b2bdeb4-7ea1-4df6-a88d-afaaea11e92e:192.168.164.214:43516, ffc72186-1b59-4838-b97a-28de7241d76d:192.168.164.214:33403], old=null
2019-10-14 09:45:05,472 [pool-449-thread-1] INFO  impl.RoleInfo (RoleInfo.java:updateAndGet(143)) - 5b2bdeb4-7ea1-4df6-a88d-afaaea11e92e: start FollowerState
2019-10-14 09:45:05,472 [pool-469-thread-1] INFO  impl.RaftServerImpl (RaftServerImpl.java:setRole(174)) - 5cb57bc8-4f11-4646-be43-d873705a5003@group-A3C2AC2AC23E: changes role from      null to FOLLOWER at term 0 for startAsFollower
2019-10-14 09:45:05,472 [pool-469-thread-1] INFO  impl.RoleInfo (RoleInfo.java:updateAndGet(143)) - 5cb57bc8-4f11-4646-be43-d873705a5003: start FollowerState
2019-10-14 09:45:05,472 [pool-449-thread-1] INFO  util.JmxRegister (JmxRegister.java:tryRegister(44)) - Successfully registered JMX Bean with object name Ratis:service=RaftServer,group=group-A3C2AC2AC23E,id=5b2bdeb4-7ea1-4df6-a88d-afaaea11e92e
2019-10-14 09:45:05,473 [pool-469-thread-1] INFO  util.JmxRegister (JmxRegister.java:tryRegister(44)) - Successfully registered JMX Bean with object name Ratis:service=RaftServer,group=group-A3C2AC2AC23E,id=5cb57bc8-4f11-4646-be43-d873705a5003
2019-10-14 09:45:05,474 [RatisPipelineUtilsThread] INFO  pipeline.PipelineStateManager (PipelineStateManager.java:addPipeline(56)) - Created pipeline Pipeline[ Id: 5a07b73a-a694-4344-9f8c-a3c2ac2ac23e, Nodes: 5b2bdeb4-7ea1-4df6-a88d-afaaea11e92e{ip: 192.168.164.214, host: pr-hdds-1569-vp9xg-4248047660, networkLocation: /default-rack, certSerialId: null}ffc72186-1b59-4838-b97a-28de7241d76d{ip: 192.168.164.214, host: pr-hdds-1569-vp9xg-4248047660, networkLocation: /default-rack, certSerialId: null}5cb57bc8-4f11-4646-be43-d873705a5003{ip: 192.168.164.214, host: pr-hdds-1569-vp9xg-4248047660, networkLocation: /default-rack, certSerialId: null}, Type:RATIS, Factor:THREE, State:OPEN]
2019-10-14 09:45:05,475 [RatisPipelineUtilsThread] INFO  pipeline.PipelinePlacementPolicy (PipelinePlacementPolicy.java:meetCriteria(104)) - Pipeline Placement: can't place more pipeline on heavy datanode： 5b2bdeb4-7ea1-4df6-a88d-afaaea11e92e Heaviness: 3 limit: 3
2019-10-14 09:45:05,475 [RatisPipelineUtilsThread] INFO  pipeline.PipelinePlacementPolicy (PipelinePlacementPolicy.java:meetCriteria(104)) - Pipeline Placement: can't place more pipeline on heavy datanode： 56712796-c63c-4f78-b712-8f3b1217dedc Heaviness: 3 limit: 3
2019-10-14 09:45:05,475 [RatisPipelineUtilsThread] INFO  pipeline.PipelinePlacementPolicy (PipelinePlacementPolicy.java:meetCriteria(104)) - Pipeline Placement: can't place more pipeline on heavy datanode： 47d48411-1f17-4b0d-846b-025c3a4b0b86 Heaviness: 3 limit: 3
2019-10-14 09:45:05,485 [grpc-default-executor-8] INFO  impl.RaftServerProxy (RaftServerProxy.java:addNew(89)) - d13983dc-b0b6-41ad-b475-2b910e2f36de: addNew group-2D6C0FC78493:[5cb57bc8-4f11-4646-be43-d873705a5003:192.168.164.214:33921, d13983dc-b0b6-41ad-b475-2b910e2f36de:192.168.164.214:42581, ffc72186-1b59-4838-b97a-28de7241d76d:192.168.164.214:33403] returns group-2D6C0FC78493:java.util.concurrent.CompletableFuture@1834fb93[Not completed]
2019-10-14 09:45:05,488 [grpc-default-executor-15] INFO  impl.RaftServerProxy (RaftServerProxy.java:addNew(89)) - 5cb57bc8-4f11-4646-be43-d873705a5003: addNew group-2D6C0FC78493:[5cb57bc8-4f11-4646-be43-d873705a5003:192.168.164.214:33921, d13983dc-b0b6-41ad-b475-2b910e2f36de:192.168.164.214:42581, ffc72186-1b59-4838-b97a-28de7241d76d:192.168.164.214:33403] returns group-2D6C0FC78493:java.util.concurrent.CompletableFuture@3eb0773e[Not completed]
2019-10-14 09:45:05,488 [grpc-default-executor-16] INFO  impl.RaftServerProxy (RaftServerProxy.java:addNew(89)) - ffc72186-1b59-4838-b97a-28de7241d76d: addNew group-2D6C0FC78493:[5cb57bc8-4f11-4646-be43-d873705a5003:192.168.164.214:33921, d13983dc-b0b6-41ad-b475-2b910e2f36de:192.168.164.214:42581, ffc72186-1b59-4838-b97a-28de7241d76d:192.168.164.214:33403] returns group-2D6C0FC78493:java.util.concurrent.CompletableFuture@5ee7254d[Not completed]
2019-10-14 09:45:05,489 [pool-439-thread-1] INFO  impl.RaftServerImpl (RaftServerImpl.java:<init>(95)) - d13983dc-b0b6-41ad-b475-2b910e2f36de: new RaftServerImpl for group-2D6C0FC78493:[5cb57bc8-4f11-4646-be43-d873705a5003:192.168.164.214:33921, d13983dc-b0b6-41ad-b475-2b910e2f36de:192.168.164.214:42581, ffc72186-1b59-4838-b97a-28de7241d76d:192.168.164.214:33403] with ContainerStateMachine:uninitialized
2019-10-14 09:45:05,489 [pool-439-thread-1] INFO  server.RaftServerConfigKeys (ConfUtils.java:logGet(43)) - raft.server.rpc.timeout.min = 5s (custom)
2019-10-14 09:45:05,489 [pool-439-thread-1] INFO  server.RaftServerConfigKeys (ConfUtils.java:logGet(43)) - raft.server.rpc.timeout.max = 5200ms (custom)
2019-10-14 09:45:05,489 [pool-439-thread-1] INFO  server.RaftServerConfigKeys (ConfUtils.java:logGet(43)) - raft.server.rpcslowness.timeout = 120s (custom)
2019-10-14 09:45:05,489 [pool-439-thread-1] INFO  server.RaftServerConfigKeys (ConfUtils.java:logGet(43)) - raft.server.sleep.deviation.threshold = 300 (default)
2019-10-14 09:45:05,489 [pool-469-thread-1] INFO  impl.RaftServerImpl (RaftServerImpl.java:<init>(95)) - 5cb57bc8-4f11-4646-be43-d873705a5003: new RaftServerImpl for group-2D6C0FC78493:[5cb57bc8-4f11-4646-be43-d873705a5003:192.168.164.214:33921, d13983dc-b0b6-41ad-b475-2b910e2f36de:192.168.164.214:42581, ffc72186-1b59-4838-b97a-28de7241d76d:192.168.164.214:33403] with ContainerStateMachine:uninitialized
2019-10-14 09:45:05,489 [pool-439-thread-1] INFO  server.RaftServerConfigKeys (ConfUtils.java:logGet(43)) - raft.server.log.appender.install.snapshot.enabled = false (custom)
2019-10-14 09:45:05,489 [pool-469-thread-1] INFO  server.RaftServerConfigKeys (ConfUtils.java:logGet(43)) - raft.server.rpc.timeout.min = 5s (custom)
2019-10-14 09:45:05,489 [pool-439-thread-1] INFO  impl.RaftServerImpl (ServerState.java:<init>(103)) - d13983dc-b0b6-41ad-b475-2b910e2f36de@group-2D6C0FC78493: ConfigurationManager, init=-1: [5cb57bc8-4f11-4646-be43-d873705a5003:192.168.164.214:33921, d13983dc-b0b6-41ad-b475-2b910e2f36de:192.168.164.214:42581, ffc72186-1b59-4838-b97a-28de7241d76d:192.168.164.214:33403], old=null, confs=<EMPTY_MAP>
2019-10-14 09:45:05,489 [pool-469-thread-1] INFO  server.RaftServerConfigKeys (ConfUtils.java:logGet(43)) - raft.server.rpc.timeout.max = 5200ms (custom)
2019-10-14 09:45:05,489 [pool-459-thread-1] INFO  impl.RaftServerImpl (RaftServerImpl.java:<init>(95)) - ffc72186-1b59-4838-b97a-28de7241d76d: new RaftServerImpl for group-2D6C0FC78493:[5cb57bc8-4f11-4646-be43-d873705a5003:192.168.164.214:33921, d13983dc-b0b6-41ad-b475-2b910e2f36de:192.168.164.214:42581, ffc72186-1b59-4838-b97a-28de7241d76d:192.168.164.214:33403] with ContainerStateMachine:uninitialized
2019-10-14 09:45:05,490 [pool-469-thread-1] INFO  server.RaftServerConfigKeys (ConfUtils.java:logGet(43)) - raft.server.rpcslowness.timeout = 120s (custom)
2019-10-14 09:45:05,489 [pool-439-thread-1] INFO  server.RaftServerConfigKeys (ConfUtils.java:logGet(43)) - raft.server.storage.dir = [/workdir/hadoop-ozone/integration-test/target/test-dir/MiniOzoneClusterImpl-65bd215d-14c9-4112-ac30-b7a247fd80ea/datanode-3/data/ratis] (custom)
2019-10-14 09:45:05,490 [pool-469-thread-1] INFO  server.RaftServerConfigKeys (ConfUtils.java:logGet(43)) - raft.server.sleep.deviation.threshold = 300 (default)
2019-10-14 09:45:05,490 [pool-459-thread-1] INFO  server.RaftServerConfigKeys (ConfUtils.java:logGet(43)) - raft.server.rpc.timeout.min = 5s (custom)
2019-10-14 09:45:05,490 [pool-469-thread-1] INFO  server.RaftServerConfigKeys (ConfUtils.java:logGet(43)) - raft.server.log.appender.install.snapshot.enabled = false (custom)
2019-10-14 09:45:05,490 [pool-459-thread-1] INFO  server.RaftServerConfigKeys (ConfUtils.java:logGet(43)) - raft.server.rpc.timeout.max = 5200ms (custom)
2019-10-14 09:45:05,490 [pool-439-thread-1] INFO  storage.RaftStorageDirectory (RaftStorageDirectory.java:analyzeStorage(246)) - The storage directory /workdir/hadoop-ozone/integration-test/target/test-dir/MiniOzoneClusterImpl-65bd215d-14c9-4112-ac30-b7a247fd80ea/datanode-3/data/ratis/8e2f8d88-ef50-4601-a33f-2d6c0fc78493 does not exist. Creating ...
2019-10-14 09:45:05,490 [pool-459-thread-1] INFO  server.RaftServerConfigKeys (ConfUtils.java:logGet(43)) - raft.server.rpcslowness.timeout = 120s (custom)
2019-10-14 09:45:05,490 [pool-469-thread-1] INFO  impl.RaftServerImpl (ServerState.java:<init>(103)) - 5cb57bc8-4f11-4646-be43-d873705a5003@group-2D6C0FC78493: ConfigurationManager, init=-1: [5cb57bc8-4f11-4646-be43-d873705a5003:192.168.164.214:33921, d13983dc-b0b6-41ad-b475-2b910e2f36de:192.168.164.214:42581, ffc72186-1b59-4838-b97a-28de7241d76d:192.168.164.214:33403], old=null, confs=<EMPTY_MAP>
2019-10-14 09:45:05,490 [pool-459-thread-1] INFO  server.RaftServerConfigKeys (ConfUtils.java:logGet(43)) - raft.server.sleep.deviation.threshold = 300 (default)
2019-10-14 09:45:05,491 [pool-469-thread-1] INFO  server.RaftServerConfigKeys (ConfUtils.java:logGet(43)) - raft.server.storage.dir = [/workdir/hadoop-ozone/integration-test/target/test-dir/MiniOzoneClusterImpl-65bd215d-14c9-4112-ac30-b7a247fd80ea/datanode-6/data/ratis] (custom)
2019-10-14 09:45:05,491 [pool-459-thread-1] INFO  server.RaftServerConfigKeys (ConfUtils.java:logGet(43)) - raft.server.log.appender.install.snapshot.enabled = false (custom)
2019-10-14 09:45:05,491 [pool-459-thread-1] INFO  impl.RaftServerImpl (ServerState.java:<init>(103)) - ffc72186-1b59-4838-b97a-28de7241d76d@group-2D6C0FC78493: ConfigurationManager, init=-1: [5cb57bc8-4f11-4646-be43-d873705a5003:192.168.164.214:33921, d13983dc-b0b6-41ad-b475-2b910e2f36de:192.168.164.214:42581, ffc72186-1b59-4838-b97a-28de7241d76d:192.168.164.214:33403], old=null, confs=<EMPTY_MAP>
2019-10-14 09:45:05,491 [pool-469-thread-1] INFO  storage.RaftStorageDirectory (RaftStorageDirectory.java:analyzeStorage(246)) - The storage directory /workdir/hadoop-ozone/integration-test/target/test-dir/MiniOzoneClusterImpl-65bd215d-14c9-4112-ac30-b7a247fd80ea/datanode-6/data/ratis/8e2f8d88-ef50-4601-a33f-2d6c0fc78493 does not exist. Creating ...
2019-10-14 09:45:05,491 [pool-459-thread-1] INFO  server.RaftServerConfigKeys (ConfUtils.java:logGet(43)) - raft.server.storage.dir = [/workdir/hadoop-ozone/integration-test/target/test-dir/MiniOzoneClusterImpl-65bd215d-14c9-4112-ac30-b7a247fd80ea/datanode-5/data/ratis] (custom)
2019-10-14 09:45:05,491 [pool-459-thread-1] INFO  storage.RaftStorageDirectory (RaftStorageDirectory.java:analyzeStorage(246)) - The storage directory /workdir/hadoop-ozone/integration-test/target/test-dir/MiniOzoneClusterImpl-65bd215d-14c9-4112-ac30-b7a247fd80ea/datanode-5/data/ratis/8e2f8d88-ef50-4601-a33f-2d6c0fc78493 does not exist. Creating ...
2019-10-14 09:45:05,519 [pool-469-thread-1] INFO  storage.RaftStorageDirectory (RaftStorageDirectory.java:tryLock(328)) - Lock on /workdir/hadoop-ozone/integration-test/target/test-dir/MiniOzoneClusterImpl-65bd215d-14c9-4112-ac30-b7a247fd80ea/datanode-6/data/ratis/8e2f8d88-ef50-4601-a33f-2d6c0fc78493/in_use.lock acquired by nodename 21114@pr-hdds-1569-vp9xg-4248047660
2019-10-14 09:45:05,519 [pool-439-thread-1] INFO  storage.RaftStorageDirectory (RaftStorageDirectory.java:tryLock(328)) - Lock on /workdir/hadoop-ozone/integration-test/target/test-dir/MiniOzoneClusterImpl-65bd215d-14c9-4112-ac30-b7a247fd80ea/datanode-3/data/ratis/8e2f8d88-ef50-4601-a33f-2d6c0fc78493/in_use.lock acquired by nodename 21114@pr-hdds-1569-vp9xg-4248047660
2019-10-14 09:45:05,519 [pool-459-thread-1] INFO  storage.RaftStorageDirectory (RaftStorageDirectory.java:tryLock(328)) - Lock on /workdir/hadoop-ozone/integration-test/target/test-dir/MiniOzoneClusterImpl-65bd215d-14c9-4112-ac30-b7a247fd80ea/datanode-5/data/ratis/8e2f8d88-ef50-4601-a33f-2d6c0fc78493/in_use.lock acquired by nodename 21114@pr-hdds-1569-vp9xg-4248047660
2019-10-14 09:45:05,544 [pool-439-thread-1] INFO  storage.RaftStorage (RaftStorage.java:format(72)) - Storage directory /workdir/hadoop-ozone/integration-test/target/test-dir/MiniOzoneClusterImpl-65bd215d-14c9-4112-ac30-b7a247fd80ea/datanode-3/data/ratis/8e2f8d88-ef50-4601-a33f-2d6c0fc78493 has been successfully formatted.
2019-10-14 09:45:05,544 [pool-459-thread-1] INFO  storage.RaftStorage (RaftStorage.java:format(72)) - Storage directory /workdir/hadoop-ozone/integration-test/target/test-dir/MiniOzoneClusterImpl-65bd215d-14c9-4112-ac30-b7a247fd80ea/datanode-5/data/ratis/8e2f8d88-ef50-4601-a33f-2d6c0fc78493 has been successfully formatted.
2019-10-14 09:45:05,544 [pool-469-thread-1] INFO  storage.RaftStorage (RaftStorage.java:format(72)) - Storage directory /workdir/hadoop-ozone/integration-test/target/test-dir/MiniOzoneClusterImpl-65bd215d-14c9-4112-ac30-b7a247fd80ea/datanode-6/data/ratis/8e2f8d88-ef50-4601-a33f-2d6c0fc78493 has been successfully formatted.
2019-10-14 09:45:05,545 [pool-459-thread-1] INFO  ratis.ContainerStateMachine (ContainerStateMachine.java:loadSnapshot(230)) - group-2D6C0FC78493: The snapshot info is null. Setting the last applied indexto:(t:0, i:~)
2019-10-14 09:45:05,544 [pool-439-thread-1] INFO  ratis.ContainerStateMachine (ContainerStateMachine.java:loadSnapshot(230)) - group-2D6C0FC78493: The snapshot info is null. Setting the last applied indexto:(t:0, i:~)
2019-10-14 09:45:05,545 [pool-459-thread-1] INFO  server.RaftServerConfigKeys (ConfUtils.java:logGet(43)) - raft.server.notification.no-leader.timeout = 120s (custom)
2019-10-14 09:45:05,545 [pool-469-thread-1] INFO  ratis.ContainerStateMachine (ContainerStateMachine.java:loadSnapshot(230)) - group-2D6C0FC78493: The snapshot info is null. Setting the last applied indexto:(t:0, i:~)
2019-10-14 09:45:05,545 [pool-459-thread-1] INFO  server.RaftServerConfigKeys (ConfUtils.java:logGet(43)) - raft.server.log.use.memory = false (default)
2019-10-14 09:45:05,545 [pool-439-thread-1] INFO  server.RaftServerConfigKeys (ConfUtils.java:logGet(43)) - raft.server.notification.no-leader.timeout = 120s (custom)
2019-10-14 09:45:05,545 [pool-459-thread-1] INFO  server.RaftServerConfigKeys (ConfUtils.java:logGet(43)) - raft.server.log.purge.gap = 1000000 (custom)
2019-10-14 09:45:05,545 [pool-469-thread-1] INFO  server.RaftServerConfigKeys (ConfUtils.java:logGet(43)) - raft.server.notification.no-leader.timeout = 120s (custom)
2019-10-14 09:45:05,546 [pool-459-thread-1] INFO  server.RaftServerConfigKeys (ConfUtils.java:logGet(43)) - raft.server.log.appender.buffer.byte-limit = 33554432 (custom)
2019-10-14 09:45:05,545 [pool-439-thread-1] INFO  server.RaftServerConfigKeys (ConfUtils.java:logGet(43)) - raft.server.log.use.memory = false (default)
2019-10-14 09:45:05,546 [pool-459-thread-1] INFO  server.RaftServerConfigKeys (ConfUtils.java:logGet(43)) - raft.server.log.segment.size.max = 1048576 (custom)
2019-10-14 09:45:05,546 [pool-469-thread-1] INFO  server.RaftServerConfigKeys (ConfUtils.java:logGet(43)) - raft.server.log.use.memory = false (default)
2019-10-14 09:45:05,546 [pool-459-thread-1] INFO  server.RaftServerConfigKeys (ConfUtils.java:logGet(43)) - raft.server.log.segment.cache.num.max = 2 (custom)
2019-10-14 09:45:05,546 [pool-439-thread-1] INFO  server.RaftServerConfigKeys (ConfUtils.java:logGet(43)) - raft.server.log.purge.gap = 1000000 (custom)
2019-10-14 09:45:05,546 [pool-459-thread-1] INFO  segmented.SegmentedRaftLogWorker (SegmentedRaftLogWorker.java:<init>(172)) - new ffc72186-1b59-4838-b97a-28de7241d76d@group-2D6C0FC78493-SegmentedRaftLogWorker for RaftStorage:Storage Directory /workdir/hadoop-ozone/integration-test/target/test-dir/MiniOzoneClusterImpl-65bd215d-14c9-4112-ac30-b7a247fd80ea/datanode-5/data/ratis/8e2f8d88-ef50-4601-a33f-2d6c0fc78493
2019-10-14 09:45:05,546 [pool-469-thread-1] INFO  server.RaftServerConfigKeys (ConfUtils.java:logGet(43)) - raft.server.log.purge.gap = 1000000 (custom)
2019-10-14 09:45:05,547 [pool-459-thread-1] INFO  server.RaftServerConfigKeys (ConfUtils.java:logGet(43)) - raft.server.log.queue.byte-limit = 2147483647 (custom)
2019-10-14 09:45:05,547 [pool-439-thread-1] INFO  server.RaftServerConfigKeys (ConfUtils.java:logGet(43)) - raft.server.log.appender.buffer.byte-limit = 33554432 (custom)
2019-10-14 09:45:05,547 [pool-459-thread-1] INFO  server.RaftServerConfigKeys (ConfUtils.java:logGet(43)) - raft.server.log.queue.element-limit = 1024 (custom)
2019-10-14 09:45:05,547 [pool-469-thread-1] INFO  server.RaftServerConfigKeys (ConfUtils.java:logGet(43)) - raft.server.log.appender.buffer.byte-limit = 33554432 (custom)
2019-10-14 09:45:05,547 [pool-459-thread-1] INFO  server.RaftServerConfigKeys (ConfUtils.java:logGet(43)) - raft.server.log.segment.size.max = 1048576 (custom)
2019-10-14 09:45:05,548 [pool-459-thread-1] INFO  server.RaftServerConfigKeys (ConfUtils.java:logGet(43)) - raft.server.log.preallocated.size = 16384 (custom)
2019-10-14 09:45:05,547 [pool-439-thread-1] INFO  server.RaftServerConfigKeys (ConfUtils.java:logGet(43)) - raft.server.log.segment.size.max = 1048576 (custom)
2019-10-14 09:45:05,548 [pool-459-thread-1] INFO  server.RaftServerConfigKeys (ConfUtils.java:logGet(43)) - raft.server.log.write.buffer.size = 33554432 (custom)
2019-10-14 09:45:05,547 [pool-469-thread-1] INFO  server.RaftServerConfigKeys (ConfUtils.java:logGet(43)) - raft.server.log.segment.size.max = 1048576 (custom)
2019-10-14 09:45:05,548 [pool-459-thread-1] INFO  server.RaftServerConfigKeys (ConfUtils.java:logGet(43)) - raft.server.log.force.sync.num = 128 (default)
2019-10-14 09:45:05,548 [pool-439-thread-1] INFO  server.RaftServerConfigKeys (ConfUtils.java:logGet(43)) - raft.server.log.segment.cache.num.max = 2 (custom)
2019-10-14 09:45:05,548 [pool-459-thread-1] INFO  server.RaftServerConfigKeys (ConfUtils.java:logGet(43)) - raft.server.log.statemachine.data.sync = true (default)
2019-10-14 09:45:05,548 [pool-459-thread-1] INFO  server.RaftServerConfigKeys (ConfUtils.java:logGet(43)) - raft.server.log.statemachine.data.sync.timeout = 10s (default)
2019-10-14 09:45:05,548 [pool-469-thread-1] INFO  server.RaftServerConfigKeys (ConfUtils.java:logGet(43)) - raft.server.log.segment.cache.num.max = 2 (custom)
2019-10-14 09:45:05,549 [pool-459-thread-1] INFO  server.RaftServerConfigKeys (ConfUtils.java:logGet(43)) - raft.server.log.statemachine.data.sync.timeout.retry = -1 (default)
2019-10-14 09:45:05,548 [pool-439-thread-1] INFO  segmented.SegmentedRaftLogWorker (SegmentedRaftLogWorker.java:<init>(172)) - new d13983dc-b0b6-41ad-b475-2b910e2f36de@group-2D6C0FC78493-SegmentedRaftLogWorker for RaftStorage:Storage Directory /workdir/hadoop-ozone/integration-test/target/test-dir/MiniOzoneClusterImpl-65bd215d-14c9-4112-ac30-b7a247fd80ea/datanode-3/data/ratis/8e2f8d88-ef50-4601-a33f-2d6c0fc78493
2019-10-14 09:45:05,549 [pool-459-thread-1] INFO  server.RaftServerConfigKeys (ConfUtils.java:logGet(43)) - raft.server.log.statemachine.data.caching.enabled = true (custom)
2019-10-14 09:45:05,549 [pool-469-thread-1] INFO  segmented.SegmentedRaftLogWorker (SegmentedRaftLogWorker.java:<init>(172)) - new 5cb57bc8-4f11-4646-be43-d873705a5003@group-2D6C0FC78493-SegmentedRaftLogWorker for RaftStorage:Storage Directory /workdir/hadoop-ozone/integration-test/target/test-dir/MiniOzoneClusterImpl-65bd215d-14c9-4112-ac30-b7a247fd80ea/datanode-6/data/ratis/8e2f8d88-ef50-4601-a33f-2d6c0fc78493
2019-10-14 09:45:05,549 [pool-439-thread-1] INFO  server.RaftServerConfigKeys (ConfUtils.java:logGet(43)) - raft.server.log.queue.byte-limit = 2147483647 (custom)
2019-10-14 09:45:05,549 [pool-469-thread-1] INFO  server.RaftServerConfigKeys (ConfUtils.java:logGet(43)) - raft.server.log.queue.byte-limit = 2147483647 (custom)
2019-10-14 09:45:05,549 [pool-459-thread-1] INFO  segmented.SegmentedRaftLogWorker (SegmentedRaftLogWorker.java:lambda$new$0(132)) - ffc72186-1b59-4838-b97a-28de7241d76d@group-2D6C0FC78493-SegmentedRaftLogWorker: flushIndex: setUnconditionally 0 -> -1
2019-10-14 09:45:05,550 [pool-469-thread-1] INFO  server.RaftServerConfigKeys (ConfUtils.java:logGet(43)) - raft.server.log.queue.element-limit = 1024 (custom)
2019-10-14 09:45:05,550 [pool-459-thread-1] INFO  server.RaftServerConfigKeys (ConfUtils.java:logGet(43)) - raft.server.snapshot.auto.trigger.enabled = true (custom)
2019-10-14 09:45:05,549 [pool-439-thread-1] INFO  server.RaftServerConfigKeys (ConfUtils.java:logGet(43)) - raft.server.log.queue.element-limit = 1024 (custom)
2019-10-14 09:45:05,550 [pool-459-thread-1] INFO  server.RaftServerConfigKeys (ConfUtils.java:logGet(43)) - raft.server.snapshot.auto.trigger.threshold = 10000 (custom)
2019-10-14 09:45:05,550 [pool-469-thread-1] INFO  server.RaftServerConfigKeys (ConfUtils.java:logGet(43)) - raft.server.log.segment.size.max = 1048576 (custom)
2019-10-14 09:45:05,550 [pool-459-thread-1] INFO  server.RaftServerConfigKeys (ConfUtils.java:logGet(43)) - raft.server.snapshot.retention.num.files = 5 (custom)
2019-10-14 09:45:05,550 [pool-439-thread-1] INFO  server.RaftServerConfigKeys (ConfUtils.java:logGet(43)) - raft.server.log.segment.size.max = 1048576 (custom)
2019-10-14 09:45:05,551 [pool-459-thread-1] INFO  server.RaftServerConfigKeys (ConfUtils.java:logGet(43)) - raft.server.retrycache.expirytime = 600000ms (custom)
2019-10-14 09:45:05,550 [pool-469-thread-1] INFO  server.RaftServerConfigKeys (ConfUtils.java:logGet(43)) - raft.server.log.preallocated.size = 16384 (custom)
2019-10-14 09:45:05,551 [pool-439-thread-1] INFO  server.RaftServerConfigKeys (ConfUtils.java:logGet(43)) - raft.server.log.preallocated.size = 16384 (custom)
2019-10-14 09:45:05,551 [pool-469-thread-1] INFO  server.RaftServerConfigKeys (ConfUtils.java:logGet(43)) - raft.server.log.write.buffer.size = 33554432 (custom)
2019-10-14 09:45:05,551 [pool-439-thread-1] INFO  server.RaftServerConfigKeys (ConfUtils.java:logGet(43)) - raft.server.log.write.buffer.size = 33554432 (custom)
2019-10-14 09:45:05,551 [pool-469-thread-1] INFO  server.RaftServerConfigKeys (ConfUtils.java:logGet(43)) - raft.server.log.force.sync.num = 128 (default)
2019-10-14 09:45:05,551 [pool-439-thread-1] INFO  server.RaftServerConfigKeys (ConfUtils.java:logGet(43)) - raft.server.log.force.sync.num = 128 (default)
2019-10-14 09:45:05,551 [pool-469-thread-1] INFO  server.RaftServerConfigKeys (ConfUtils.java:logGet(43)) - raft.server.log.statemachine.data.sync = true (default)
2019-10-14 09:45:05,551 [pool-439-thread-1] INFO  server.RaftServerConfigKeys (ConfUtils.java:logGet(43)) - raft.server.log.statemachine.data.sync = true (default)
2019-10-14 09:45:05,552 [pool-469-thread-1] INFO  server.RaftServerConfigKeys (ConfUtils.java:logGet(43)) - raft.server.log.statemachine.data.sync.timeout = 10s (default)
2019-10-14 09:45:05,552 [pool-439-thread-1] INFO  server.RaftServerConfigKeys (ConfUtils.java:logGet(43)) - raft.server.log.statemachine.data.sync.timeout = 10s (default)
2019-10-14 09:45:05,552 [pool-469-thread-1] INFO  server.RaftServerConfigKeys (ConfUtils.java:logGet(43)) - raft.server.log.statemachine.data.sync.timeout.retry = -1 (default)
2019-10-14 09:45:05,552 [pool-439-thread-1] INFO  server.RaftServerConfigKeys (ConfUtils.java:logGet(43)) - raft.server.log.statemachine.data.sync.timeout.retry = -1 (default)
2019-10-14 09:45:05,552 [pool-469-thread-1] INFO  server.RaftServerConfigKeys (ConfUtils.java:logGet(43)) - raft.server.log.statemachine.data.caching.enabled = true (custom)
2019-10-14 09:45:05,552 [pool-439-thread-1] INFO  server.RaftServerConfigKeys (ConfUtils.java:logGet(43)) - raft.server.log.statemachine.data.caching.enabled = true (custom)
2019-10-14 09:45:05,552 [pool-439-thread-1] INFO  segmented.SegmentedRaftLogWorker (SegmentedRaftLogWorker.java:lambda$new$0(132)) - d13983dc-b0b6-41ad-b475-2b910e2f36de@group-2D6C0FC78493-SegmentedRaftLogWorker: flushIndex: setUnconditionally 0 -> -1
2019-10-14 09:45:05,553 [pool-459-thread-1] INFO  impl.RaftServerImpl (RaftServerImpl.java:start(185)) - ffc72186-1b59-4838-b97a-28de7241d76d@group-2D6C0FC78493: start as a follower, conf=-1: [5cb57bc8-4f11-4646-be43-d873705a5003:192.168.164.214:33921, d13983dc-b0b6-41ad-b475-2b910e2f36de:192.168.164.214:42581, ffc72186-1b59-4838-b97a-28de7241d76d:192.168.164.214:33403], old=null
2019-10-14 09:45:05,553 [pool-459-thread-1] INFO  impl.RaftServerImpl (RaftServerImpl.java:setRole(174)) - ffc72186-1b59-4838-b97a-28de7241d76d@group-2D6C0FC78493: changes role from      null to FOLLOWER at term 0 for startAsFollower
2019-10-14 09:45:05,552 [pool-469-thread-1] INFO  segmented.SegmentedRaftLogWorker (SegmentedRaftLogWorker.java:lambda$new$0(132)) - 5cb57bc8-4f11-4646-be43-d873705a5003@group-2D6C0FC78493-SegmentedRaftLogWorker: flushIndex: setUnconditionally 0 -> -1
2019-10-14 09:45:05,553 [pool-459-thread-1] INFO  impl.RoleInfo (RoleInfo.java:updateAndGet(143)) - ffc72186-1b59-4838-b97a-28de7241d76d: start FollowerState
2019-10-14 09:45:05,553 [pool-439-thread-1] INFO  server.RaftServerConfigKeys (ConfUtils.java:logGet(43)) - raft.server.snapshot.auto.trigger.enabled = true (custom)
2019-10-14 09:45:05,553 [pool-469-thread-1] INFO  server.RaftServerConfigKeys (ConfUtils.java:logGet(43)) - raft.server.snapshot.auto.trigger.enabled = true (custom)
2019-10-14 09:45:05,553 [pool-439-thread-1] INFO  server.RaftServerConfigKeys (ConfUtils.java:logGet(43)) - raft.server.snapshot.auto.trigger.threshold = 10000 (custom)
2019-10-14 09:45:05,554 [pool-459-thread-1] INFO  util.JmxRegister (JmxRegister.java:tryRegister(44)) - Successfully registered JMX Bean with object name Ratis:service=RaftServer,group=group-2D6C0FC78493,id=ffc72186-1b59-4838-b97a-28de7241d76d
2019-10-14 09:45:05,554 [pool-469-thread-1] INFO  server.RaftServerConfigKeys (ConfUtils.java:logGet(43)) - raft.server.snapshot.auto.trigger.threshold = 10000 (custom)
2019-10-14 09:45:05,554 [pool-439-thread-1] INFO  server.RaftServerConfigKeys (ConfUtils.java:logGet(43)) - raft.server.snapshot.retention.num.files = 5 (custom)
2019-10-14 09:45:05,554 [pool-469-thread-1] INFO  server.RaftServerConfigKeys (ConfUtils.java:logGet(43)) - raft.server.snapshot.retention.num.files = 5 (custom)
2019-10-14 09:45:05,554 [pool-439-thread-1] INFO  server.RaftServerConfigKeys (ConfUtils.java:logGet(43)) - raft.server.retrycache.expirytime = 600000ms (custom)
2019-10-14 09:45:05,554 [pool-469-thread-1] INFO  server.RaftServerConfigKeys (ConfUtils.java:logGet(43)) - raft.server.retrycache.expirytime = 600000ms (custom)
2019-10-14 09:45:05,556 [pool-439-thread-1] INFO  impl.RaftServerImpl (RaftServerImpl.java:start(185)) - d13983dc-b0b6-41ad-b475-2b910e2f36de@group-2D6C0FC78493: start as a follower, conf=-1: [5cb57bc8-4f11-4646-be43-d873705a5003:192.168.164.214:33921, d13983dc-b0b6-41ad-b475-2b910e2f36de:192.168.164.214:42581, ffc72186-1b59-4838-b97a-28de7241d76d:192.168.164.214:33403], old=null
2019-10-14 09:45:05,556 [pool-439-thread-1] INFO  impl.RaftServerImpl (RaftServerImpl.java:setRole(174)) - d13983dc-b0b6-41ad-b475-2b910e2f36de@group-2D6C0FC78493: changes role from      null to FOLLOWER at term 0 for startAsFollower
2019-10-14 09:45:05,556 [pool-439-thread-1] INFO  impl.RoleInfo (RoleInfo.java:updateAndGet(143)) - d13983dc-b0b6-41ad-b475-2b910e2f36de: start FollowerState
2019-10-14 09:45:05,567 [pool-439-thread-1] INFO  util.JmxRegister (JmxRegister.java:tryRegister(44)) - Successfully registered JMX Bean with object name Ratis:service=RaftServer,group=group-2D6C0FC78493,id=d13983dc-b0b6-41ad-b475-2b910e2f36de
2019-10-14 09:45:05,576 [pool-469-thread-1] INFO  impl.RaftServerImpl (RaftServerImpl.java:start(185)) - 5cb57bc8-4f11-4646-be43-d873705a5003@group-2D6C0FC78493: start as a follower, conf=-1: [5cb57bc8-4f11-4646-be43-d873705a5003:192.168.164.214:33921, d13983dc-b0b6-41ad-b475-2b910e2f36de:192.168.164.214:42581, ffc72186-1b59-4838-b97a-28de7241d76d:192.168.164.214:33403], old=null
2019-10-14 09:45:05,576 [pool-469-thread-1] INFO  impl.RaftServerImpl (RaftServerImpl.java:setRole(174)) - 5cb57bc8-4f11-4646-be43-d873705a5003@group-2D6C0FC78493: changes role from      null to FOLLOWER at term 0 for startAsFollower
2019-10-14 09:45:05,576 [pool-469-thread-1] INFO  impl.RoleInfo (RoleInfo.java:updateAndGet(143)) - 5cb57bc8-4f11-4646-be43-d873705a5003: start FollowerState
2019-10-14 09:45:05,576 [pool-469-thread-1] INFO  util.JmxRegister (JmxRegister.java:tryRegister(44)) - Successfully registered JMX Bean with object name Ratis:service=RaftServer,group=group-2D6C0FC78493,id=5cb57bc8-4f11-4646-be43-d873705a5003
2019-10-14 09:45:05,578 [RatisPipelineUtilsThread] INFO  pipeline.PipelineStateManager (PipelineStateManager.java:addPipeline(56)) - Created pipeline Pipeline[ Id: 8e2f8d88-ef50-4601-a33f-2d6c0fc78493, Nodes: d13983dc-b0b6-41ad-b475-2b910e2f36de{ip: 192.168.164.214, host: pr-hdds-1569-vp9xg-4248047660, networkLocation: /default-rack, certSerialId: null}ffc72186-1b59-4838-b97a-28de7241d76d{ip: 192.168.164.214, host: pr-hdds-1569-vp9xg-4248047660, networkLocation: /default-rack, certSerialId: null}5cb57bc8-4f11-4646-be43-d873705a5003{ip: 192.168.164.214, host: pr-hdds-1569-vp9xg-4248047660, networkLocation: /default-rack, certSerialId: null}, Type:RATIS, Factor:THREE, State:OPEN]
2019-10-14 09:45:05,578 [RatisPipelineUtilsThread] INFO  pipeline.PipelinePlacementPolicy (PipelinePlacementPolicy.java:meetCriteria(104)) - Pipeline Placement: can't place more pipeline on heavy datanode： 5b2bdeb4-7ea1-4df6-a88d-afaaea11e92e Heaviness: 3 limit: 3
2019-10-14 09:45:05,578 [RatisPipelineUtilsThread] INFO  pipeline.PipelinePlacementPolicy (PipelinePlacementPolicy.java:meetCriteria(104)) - Pipeline Placement: can't place more pipeline on heavy datanode： 56712796-c63c-4f78-b712-8f3b1217dedc Heaviness: 3 limit: 3
2019-10-14 09:45:05,578 [RatisPipelineUtilsThread] INFO  pipeline.PipelinePlacementPolicy (PipelinePlacementPolicy.java:meetCriteria(104)) - Pipeline Placement: can't place more pipeline on heavy datanode： 5cb57bc8-4f11-4646-be43-d873705a5003 Heaviness: 3 limit: 3
2019-10-14 09:45:05,578 [RatisPipelineUtilsThread] INFO  pipeline.PipelinePlacementPolicy (PipelinePlacementPolicy.java:meetCriteria(104)) - Pipeline Placement: can't place more pipeline on heavy datanode： 47d48411-1f17-4b0d-846b-025c3a4b0b86 Heaviness: 3 limit: 3
2019-10-14 09:45:05,579 [RatisPipelineUtilsThread] INFO  pipeline.PipelinePlacementPolicy (PipelinePlacementPolicy.java:meetCriteria(104)) - Pipeline Placement: can't place more pipeline on heavy datanode： ffc72186-1b59-4838-b97a-28de7241d76d Heaviness: 3 limit: 3
2019-10-14 09:45:05,579 [RatisPipelineUtilsThread] INFO  pipeline.PipelinePlacementPolicy (PipelinePlacementPolicy.java:meetCriteria(104)) - Pipeline Placement: can't place more pipeline on heavy datanode： d13983dc-b0b6-41ad-b475-2b910e2f36de Heaviness: 3 limit: 3
2019-10-14 09:45:05,579 [RatisPipelineUtilsThread] INFO  pipeline.PipelinePlacementPolicy (PipelinePlacementPolicy.java:meetCriteria(104)) - Pipeline Placement: can't place more pipeline on heavy datanode： 2be2fac0-04ab-46f3-bf55-9c63f02fedac Heaviness: 3 limit: 3
2019-10-14 09:45:05,579 [RatisPipelineUtilsThread] ERROR pipeline.PipelinePlacementPolicy (PipelinePlacementPolicy.java:filterViableNodes(162)) - Unable to find enough nodes that meet the criteria that cannot engage in more than 3 pipelines. Nodes required: 3 Found: 0, healthy nodes count in NodeManager: 7.
2019-10-14 09:45:05,579 [RatisPipelineUtilsThread] ERROR pipeline.SCMPipelineManager (SCMPipelineManager.java:createPipeline(193)) - Pipeline creation failed.
org.apache.hadoop.hdds.scm.exceptions.SCMException: Unable to find enough nodes that meet the criteria that cannot engage in more than 3 pipelines. Nodes required: 3 Found: 0, healthy nodes count in NodeManager: 7.
	at org.apache.hadoop.hdds.scm.pipeline.PipelinePlacementPolicy.filterViableNodes(PipelinePlacementPolicy.java:163)
	at org.apache.hadoop.hdds.scm.pipeline.PipelinePlacementPolicy.chooseDatanodes(PipelinePlacementPolicy.java:186)
	at org.apache.hadoop.hdds.scm.pipeline.RatisPipelineProvider.create(RatisPipelineProvider.java:131)
	at org.apache.hadoop.hdds.scm.pipeline.PipelineFactory.create(PipelineFactory.java:58)
	at org.apache.hadoop.hdds.scm.pipeline.SCMPipelineManager.createPipeline(SCMPipelineManager.java:183)
	at org.apache.hadoop.hdds.scm.pipeline.BackgroundPipelineCreator.createPipelines(BackgroundPipelineCreator.java:100)
	at java.util.concurrent.Executors$RunnableAdapter.call(Executors.java:511)
	at java.util.concurrent.FutureTask.run(FutureTask.java:266)
	at java.util.concurrent.ScheduledThreadPoolExecutor$ScheduledFutureTask.access$201(ScheduledThreadPoolExecutor.java:180)
	at java.util.concurrent.ScheduledThreadPoolExecutor$ScheduledFutureTask.run(ScheduledThreadPoolExecutor.java:293)
	at java.util.concurrent.ThreadPoolExecutor.runWorker(ThreadPoolExecutor.java:1149)
	at java.util.concurrent.ThreadPoolExecutor$Worker.run(ThreadPoolExecutor.java:624)
	at java.lang.Thread.run(Thread.java:748)
2019-10-14 09:45:05,583 [grpc-default-executor-16] INFO  impl.RaftServerProxy (RaftServerProxy.java:addNew(89)) - 5b2bdeb4-7ea1-4df6-a88d-afaaea11e92e: addNew group-7C8B209EF9AB:[5b2bdeb4-7ea1-4df6-a88d-afaaea11e92e:192.168.164.214:43516] returns group-7C8B209EF9AB:java.util.concurrent.CompletableFuture@18b45893[Not completed]
2019-10-14 09:45:05,586 [pool-449-thread-1] INFO  impl.RaftServerImpl (RaftServerImpl.java:<init>(95)) - 5b2bdeb4-7ea1-4df6-a88d-afaaea11e92e: new RaftServerImpl for group-7C8B209EF9AB:[5b2bdeb4-7ea1-4df6-a88d-afaaea11e92e:192.168.164.214:43516] with ContainerStateMachine:uninitialized
2019-10-14 09:45:05,586 [pool-449-thread-1] INFO  server.RaftServerConfigKeys (ConfUtils.java:logGet(43)) - raft.server.rpc.timeout.min = 5s (custom)
2019-10-14 09:45:05,586 [pool-449-thread-1] INFO  server.RaftServerConfigKeys (ConfUtils.java:logGet(43)) - raft.server.rpc.timeout.max = 5200ms (custom)
2019-10-14 09:45:05,586 [pool-449-thread-1] INFO  server.RaftServerConfigKeys (ConfUtils.java:logGet(43)) - raft.server.rpcslowness.timeout = 120s (custom)
2019-10-14 09:45:05,586 [pool-449-thread-1] INFO  server.RaftServerConfigKeys (ConfUtils.java:logGet(43)) - raft.server.sleep.deviation.threshold = 300 (default)
2019-10-14 09:45:05,586 [pool-449-thread-1] INFO  server.RaftServerConfigKeys (ConfUtils.java:logGet(43)) - raft.server.log.appender.install.snapshot.enabled = false (custom)
2019-10-14 09:45:05,586 [pool-449-thread-1] INFO  impl.RaftServerImpl (ServerState.java:<init>(103)) - 5b2bdeb4-7ea1-4df6-a88d-afaaea11e92e@group-7C8B209EF9AB: ConfigurationManager, init=-1: [5b2bdeb4-7ea1-4df6-a88d-afaaea11e92e:192.168.164.214:43516], old=null, confs=<EMPTY_MAP>
2019-10-14 09:45:05,586 [pool-449-thread-1] INFO  server.RaftServerConfigKeys (ConfUtils.java:logGet(43)) - raft.server.storage.dir = [/workdir/hadoop-ozone/integration-test/target/test-dir/MiniOzoneClusterImpl-65bd215d-14c9-4112-ac30-b7a247fd80ea/datanode-4/data/ratis] (custom)
2019-10-14 09:45:05,586 [pool-449-thread-1] INFO  storage.RaftStorageDirectory (RaftStorageDirectory.java:analyzeStorage(246)) - The storage directory /workdir/hadoop-ozone/integration-test/target/test-dir/MiniOzoneClusterImpl-65bd215d-14c9-4112-ac30-b7a247fd80ea/datanode-4/data/ratis/0f6ea2be-5b03-42c4-babc-7c8b209ef9ab does not exist. Creating ...
2019-10-14 09:45:05,611 [pool-449-thread-1] INFO  storage.RaftStorageDirectory (RaftStorageDirectory.java:tryLock(328)) - Lock on /workdir/hadoop-ozone/integration-test/target/test-dir/MiniOzoneClusterImpl-65bd215d-14c9-4112-ac30-b7a247fd80ea/datanode-4/data/ratis/0f6ea2be-5b03-42c4-babc-7c8b209ef9ab/in_use.lock acquired by nodename 21114@pr-hdds-1569-vp9xg-4248047660
2019-10-14 09:45:05,637 [pool-449-thread-1] INFO  storage.RaftStorage (RaftStorage.java:format(72)) - Storage directory /workdir/hadoop-ozone/integration-test/target/test-dir/MiniOzoneClusterImpl-65bd215d-14c9-4112-ac30-b7a247fd80ea/datanode-4/data/ratis/0f6ea2be-5b03-42c4-babc-7c8b209ef9ab has been successfully formatted.
2019-10-14 09:45:05,637 [pool-449-thread-1] INFO  ratis.ContainerStateMachine (ContainerStateMachine.java:loadSnapshot(230)) - group-7C8B209EF9AB: The snapshot info is null. Setting the last applied indexto:(t:0, i:~)
2019-10-14 09:45:05,637 [pool-449-thread-1] INFO  server.RaftServerConfigKeys (ConfUtils.java:logGet(43)) - raft.server.notification.no-leader.timeout = 120s (custom)
2019-10-14 09:45:05,637 [pool-449-thread-1] INFO  server.RaftServerConfigKeys (ConfUtils.java:logGet(43)) - raft.server.log.use.memory = false (default)
2019-10-14 09:45:05,638 [pool-449-thread-1] INFO  server.RaftServerConfigKeys (ConfUtils.java:logGet(43)) - raft.server.log.purge.gap = 1000000 (custom)
2019-10-14 09:45:05,638 [pool-449-thread-1] INFO  server.RaftServerConfigKeys (ConfUtils.java:logGet(43)) - raft.server.log.appender.buffer.byte-limit = 33554432 (custom)
2019-10-14 09:45:05,638 [pool-449-thread-1] INFO  server.RaftServerConfigKeys (ConfUtils.java:logGet(43)) - raft.server.log.segment.size.max = 1048576 (custom)
2019-10-14 09:45:05,638 [pool-449-thread-1] INFO  server.RaftServerConfigKeys (ConfUtils.java:logGet(43)) - raft.server.log.segment.cache.num.max = 2 (custom)
2019-10-14 09:45:05,638 [pool-449-thread-1] INFO  segmented.SegmentedRaftLogWorker (SegmentedRaftLogWorker.java:<init>(172)) - new 5b2bdeb4-7ea1-4df6-a88d-afaaea11e92e@group-7C8B209EF9AB-SegmentedRaftLogWorker for RaftStorage:Storage Directory /workdir/hadoop-ozone/integration-test/target/test-dir/MiniOzoneClusterImpl-65bd215d-14c9-4112-ac30-b7a247fd80ea/datanode-4/data/ratis/0f6ea2be-5b03-42c4-babc-7c8b209ef9ab
2019-10-14 09:45:05,638 [pool-449-thread-1] INFO  server.RaftServerConfigKeys (ConfUtils.java:logGet(43)) - raft.server.log.queue.byte-limit = 2147483647 (custom)
2019-10-14 09:45:05,638 [pool-449-thread-1] INFO  server.RaftServerConfigKeys (ConfUtils.java:logGet(43)) - raft.server.log.queue.element-limit = 1024 (custom)
2019-10-14 09:45:05,638 [pool-449-thread-1] INFO  server.RaftServerConfigKeys (ConfUtils.java:logGet(43)) - raft.server.log.segment.size.max = 1048576 (custom)
2019-10-14 09:45:05,639 [pool-449-thread-1] INFO  server.RaftServerConfigKeys (ConfUtils.java:logGet(43)) - raft.server.log.preallocated.size = 16384 (custom)
2019-10-14 09:45:05,639 [pool-449-thread-1] INFO  server.RaftServerConfigKeys (ConfUtils.java:logGet(43)) - raft.server.log.write.buffer.size = 33554432 (custom)
2019-10-14 09:45:05,639 [pool-449-thread-1] INFO  server.RaftServerConfigKeys (ConfUtils.java:logGet(43)) - raft.server.log.force.sync.num = 128 (default)
2019-10-14 09:45:05,639 [pool-449-thread-1] INFO  server.RaftServerConfigKeys (ConfUtils.java:logGet(43)) - raft.server.log.statemachine.data.sync = true (default)
2019-10-14 09:45:05,639 [pool-449-thread-1] INFO  server.RaftServerConfigKeys (ConfUtils.java:logGet(43)) - raft.server.log.statemachine.data.sync.timeout = 10s (default)
2019-10-14 09:45:05,639 [pool-449-thread-1] INFO  server.RaftServerConfigKeys (ConfUtils.java:logGet(43)) - raft.server.log.statemachine.data.sync.timeout.retry = -1 (default)
2019-10-14 09:45:05,639 [pool-449-thread-1] INFO  server.RaftServerConfigKeys (ConfUtils.java:logGet(43)) - raft.server.log.statemachine.data.caching.enabled = true (custom)
2019-10-14 09:45:05,640 [pool-449-thread-1] INFO  segmented.SegmentedRaftLogWorker (SegmentedRaftLogWorker.java:lambda$new$0(132)) - 5b2bdeb4-7ea1-4df6-a88d-afaaea11e92e@group-7C8B209EF9AB-SegmentedRaftLogWorker: flushIndex: setUnconditionally 0 -> -1
2019-10-14 09:45:05,640 [pool-449-thread-1] INFO  server.RaftServerConfigKeys (ConfUtils.java:logGet(43)) - raft.server.snapshot.auto.trigger.enabled = true (custom)
2019-10-14 09:45:05,640 [pool-449-thread-1] INFO  server.RaftServerConfigKeys (ConfUtils.java:logGet(43)) - raft.server.snapshot.auto.trigger.threshold = 10000 (custom)
2019-10-14 09:45:05,640 [pool-449-thread-1] INFO  server.RaftServerConfigKeys (ConfUtils.java:logGet(43)) - raft.server.snapshot.retention.num.files = 5 (custom)
2019-10-14 09:45:05,640 [pool-449-thread-1] INFO  server.RaftServerConfigKeys (ConfUtils.java:logGet(43)) - raft.server.retrycache.expirytime = 600000ms (custom)
2019-10-14 09:45:05,642 [pool-449-thread-1] INFO  impl.RaftServerImpl (RaftServerImpl.java:start(185)) - 5b2bdeb4-7ea1-4df6-a88d-afaaea11e92e@group-7C8B209EF9AB: start as a follower, conf=-1: [5b2bdeb4-7ea1-4df6-a88d-afaaea11e92e:192.168.164.214:43516], old=null
2019-10-14 09:45:05,642 [pool-449-thread-1] INFO  impl.RaftServerImpl (RaftServerImpl.java:setRole(174)) - 5b2bdeb4-7ea1-4df6-a88d-afaaea11e92e@group-7C8B209EF9AB: changes role from      null to FOLLOWER at term 0 for startAsFollower
2019-10-14 09:45:05,642 [pool-449-thread-1] INFO  impl.RoleInfo (RoleInfo.java:updateAndGet(143)) - 5b2bdeb4-7ea1-4df6-a88d-afaaea11e92e: start FollowerState
2019-10-14 09:45:05,642 [pool-449-thread-1] INFO  util.JmxRegister (JmxRegister.java:tryRegister(44)) - Successfully registered JMX Bean with object name Ratis:service=RaftServer,group=group-7C8B209EF9AB,id=5b2bdeb4-7ea1-4df6-a88d-afaaea11e92e
2019-10-14 09:45:05,644 [RatisPipelineUtilsThread] INFO  pipeline.PipelineStateManager (PipelineStateManager.java:addPipeline(56)) - Created pipeline Pipeline[ Id: 0f6ea2be-5b03-42c4-babc-7c8b209ef9ab, Nodes: 5b2bdeb4-7ea1-4df6-a88d-afaaea11e92e{ip: 192.168.164.214, host: pr-hdds-1569-vp9xg-4248047660, networkLocation: /default-rack, certSerialId: null}, Type:RATIS, Factor:ONE, State:OPEN]
2019-10-14 09:45:05,645 [RatisPipelineUtilsThread] INFO  pipeline.PipelinePlacementPolicy (PipelinePlacementPolicy.java:meetCriteria(104)) - Pipeline Placement: can't place more pipeline on heavy datanode： 5b2bdeb4-7ea1-4df6-a88d-afaaea11e92e Heaviness: 4 limit: 3
2019-10-14 09:45:05,645 [RatisPipelineUtilsThread] INFO  pipeline.PipelinePlacementPolicy (PipelinePlacementPolicy.java:meetCriteria(104)) - Pipeline Placement: can't place more pipeline on heavy datanode： 56712796-c63c-4f78-b712-8f3b1217dedc Heaviness: 3 limit: 3
2019-10-14 09:45:05,645 [RatisPipelineUtilsThread] INFO  pipeline.PipelinePlacementPolicy (PipelinePlacementPolicy.java:meetCriteria(104)) - Pipeline Placement: can't place more pipeline on heavy datanode： 5cb57bc8-4f11-4646-be43-d873705a5003 Heaviness: 3 limit: 3
2019-10-14 09:45:05,645 [RatisPipelineUtilsThread] INFO  pipeline.PipelinePlacementPolicy (PipelinePlacementPolicy.java:meetCriteria(104)) - Pipeline Placement: can't place more pipeline on heavy datanode： 47d48411-1f17-4b0d-846b-025c3a4b0b86 Heaviness: 3 limit: 3
2019-10-14 09:45:05,645 [RatisPipelineUtilsThread] INFO  pipeline.PipelinePlacementPolicy (PipelinePlacementPolicy.java:meetCriteria(104)) - Pipeline Placement: can't place more pipeline on heavy datanode： ffc72186-1b59-4838-b97a-28de7241d76d Heaviness: 3 limit: 3
2019-10-14 09:45:05,646 [RatisPipelineUtilsThread] INFO  pipeline.PipelinePlacementPolicy (PipelinePlacementPolicy.java:meetCriteria(104)) - Pipeline Placement: can't place more pipeline on heavy datanode： d13983dc-b0b6-41ad-b475-2b910e2f36de Heaviness: 3 limit: 3
2019-10-14 09:45:05,646 [RatisPipelineUtilsThread] INFO  pipeline.PipelinePlacementPolicy (PipelinePlacementPolicy.java:meetCriteria(104)) - Pipeline Placement: can't place more pipeline on heavy datanode： 2be2fac0-04ab-46f3-bf55-9c63f02fedac Heaviness: 3 limit: 3
2019-10-14 09:45:05,646 [RatisPipelineUtilsThread] ERROR pipeline.PipelinePlacementPolicy (PipelinePlacementPolicy.java:filterViableNodes(162)) - Unable to find enough nodes that meet the criteria that cannot engage in more than 3 pipelines. Nodes required: 3 Found: 0, healthy nodes count in NodeManager: 7.
2019-10-14 09:45:05,646 [RatisPipelineUtilsThread] ERROR pipeline.SCMPipelineManager (SCMPipelineManager.java:createPipeline(193)) - Pipeline creation failed.
org.apache.hadoop.hdds.scm.exceptions.SCMException: Unable to find enough nodes that meet the criteria that cannot engage in more than 3 pipelines. Nodes required: 3 Found: 0, healthy nodes count in NodeManager: 7.
	at org.apache.hadoop.hdds.scm.pipeline.PipelinePlacementPolicy.filterViableNodes(PipelinePlacementPolicy.java:163)
	at org.apache.hadoop.hdds.scm.pipeline.PipelinePlacementPolicy.chooseDatanodes(PipelinePlacementPolicy.java:186)
	at org.apache.hadoop.hdds.scm.pipeline.RatisPipelineProvider.create(RatisPipelineProvider.java:131)
	at org.apache.hadoop.hdds.scm.pipeline.PipelineFactory.create(PipelineFactory.java:58)
	at org.apache.hadoop.hdds.scm.pipeline.SCMPipelineManager.createPipeline(SCMPipelineManager.java:183)
	at org.apache.hadoop.hdds.scm.pipeline.BackgroundPipelineCreator.createPipelines(BackgroundPipelineCreator.java:100)
	at org.apache.hadoop.hdds.scm.pipeline.BackgroundPipelineCreator.lambda$startFixedIntervalPipelineCreator$0(BackgroundPipelineCreator.java:70)
	at java.util.concurrent.Executors$RunnableAdapter.call(Executors.java:511)
	at java.util.concurrent.FutureTask.runAndReset(FutureTask.java:308)
	at java.util.concurrent.ScheduledThreadPoolExecutor$ScheduledFutureTask.access$301(ScheduledThreadPoolExecutor.java:180)
	at java.util.concurrent.ScheduledThreadPoolExecutor$ScheduledFutureTask.run(ScheduledThreadPoolExecutor.java:294)
	at java.util.concurrent.ThreadPoolExecutor.runWorker(ThreadPoolExecutor.java:1149)
	at java.util.concurrent.ThreadPoolExecutor$Worker.run(ThreadPoolExecutor.java:624)
	at java.lang.Thread.run(Thread.java:748)
2019-10-14 09:45:07,875 [Thread-4104] INFO  container.ReplicationManager (ReplicationManager.java:start(163)) - Starting Replication Monitor Thread.
2019-10-14 09:45:07,879 [ReplicationMonitor] INFO  container.ReplicationManager (ReplicationManager.java:run(226)) - Replication Monitor Thread took 0 milliseconds for processing 1 containers.
2019-10-14 09:45:10,075 [Thread-4112] INFO  impl.FollowerState (FollowerState.java:run(106)) - 47d48411-1f17-4b0d-846b-025c3a4b0b86:group-DD45106406A3 changes to CANDIDATE, lastRpcTime:5025, electionTimeout:5025ms
2019-10-14 09:45:10,075 [Thread-4112] INFO  impl.RoleInfo (RoleInfo.java:shutdownFollowerState(121)) - 47d48411-1f17-4b0d-846b-025c3a4b0b86: shutdown FollowerState
2019-10-14 09:45:10,075 [Thread-4112] INFO  impl.RaftServerImpl (RaftServerImpl.java:setRole(174)) - 47d48411-1f17-4b0d-846b-025c3a4b0b86@group-DD45106406A3: changes role from  FOLLOWER to CANDIDATE at term 0 for changeToCandidate
2019-10-14 09:45:10,076 [Thread-4112] INFO  impl.RoleInfo (RoleInfo.java:updateAndGet(143)) - 47d48411-1f17-4b0d-846b-025c3a4b0b86: start LeaderElection
2019-10-14 09:45:10,082 [Thread-4109] INFO  impl.FollowerState (FollowerState.java:run(106)) - 2be2fac0-04ab-46f3-bf55-9c63f02fedac:group-8941BF63D0F5 changes to CANDIDATE, lastRpcTime:5081, electionTimeout:5080ms
2019-10-14 09:45:10,082 [Thread-4109] INFO  impl.RoleInfo (RoleInfo.java:shutdownFollowerState(121)) - 2be2fac0-04ab-46f3-bf55-9c63f02fedac: shutdown FollowerState
2019-10-14 09:45:10,082 [Thread-4109] INFO  impl.RaftServerImpl (RaftServerImpl.java:setRole(174)) - 2be2fac0-04ab-46f3-bf55-9c63f02fedac@group-8941BF63D0F5: changes role from  FOLLOWER to CANDIDATE at term 0 for changeToCandidate
2019-10-14 09:45:10,082 [Thread-4109] INFO  impl.RoleInfo (RoleInfo.java:updateAndGet(143)) - 2be2fac0-04ab-46f3-bf55-9c63f02fedac: start LeaderElection
2019-10-14 09:45:10,106 [2be2fac0-04ab-46f3-bf55-9c63f02fedac@group-8941BF63D0F5:LeaderElection104] INFO  impl.LeaderElection (LeaderElection.java:askForVotes(182)) - 2be2fac0-04ab-46f3-bf55-9c63f02fedac@group-8941BF63D0F5:LeaderElection104: begin an election at term 1 for -1: [2be2fac0-04ab-46f3-bf55-9c63f02fedac:192.168.164.214:39062], old=null
2019-10-14 09:45:10,106 [47d48411-1f17-4b0d-846b-025c3a4b0b86@group-DD45106406A3:LeaderElection103] INFO  impl.LeaderElection (LeaderElection.java:askForVotes(182)) - 47d48411-1f17-4b0d-846b-025c3a4b0b86@group-DD45106406A3:LeaderElection103: begin an election at term 1 for -1: [47d48411-1f17-4b0d-846b-025c3a4b0b86:192.168.164.214:36914], old=null
2019-10-14 09:45:10,106 [2be2fac0-04ab-46f3-bf55-9c63f02fedac@group-8941BF63D0F5:LeaderElection104] INFO  impl.RoleInfo (RoleInfo.java:shutdownLeaderElection(134)) - 2be2fac0-04ab-46f3-bf55-9c63f02fedac: shutdown LeaderElection
2019-10-14 09:45:10,106 [47d48411-1f17-4b0d-846b-025c3a4b0b86@group-DD45106406A3:LeaderElection103] INFO  impl.RoleInfo (RoleInfo.java:shutdownLeaderElection(134)) - 47d48411-1f17-4b0d-846b-025c3a4b0b86: shutdown LeaderElection
2019-10-14 09:45:10,106 [2be2fac0-04ab-46f3-bf55-9c63f02fedac@group-8941BF63D0F5:LeaderElection104] INFO  impl.RaftServerImpl (RaftServerImpl.java:setRole(174)) - 2be2fac0-04ab-46f3-bf55-9c63f02fedac@group-8941BF63D0F5: changes role from CANDIDATE to LEADER at term 1 for changeToLeader
2019-10-14 09:45:10,106 [47d48411-1f17-4b0d-846b-025c3a4b0b86@group-DD45106406A3:LeaderElection103] INFO  impl.RaftServerImpl (RaftServerImpl.java:setRole(174)) - 47d48411-1f17-4b0d-846b-025c3a4b0b86@group-DD45106406A3: changes role from CANDIDATE to LEADER at term 1 for changeToLeader
2019-10-14 09:45:10,106 [2be2fac0-04ab-46f3-bf55-9c63f02fedac@group-8941BF63D0F5:LeaderElection104] INFO  impl.RaftServerImpl (ServerState.java:setLeader(253)) - 2be2fac0-04ab-46f3-bf55-9c63f02fedac@group-8941BF63D0F5: change Leader from null to 2be2fac0-04ab-46f3-bf55-9c63f02fedac at term 1 for becomeLeader, leader elected after 5113ms
2019-10-14 09:45:10,106 [47d48411-1f17-4b0d-846b-025c3a4b0b86@group-DD45106406A3:LeaderElection103] INFO  impl.RaftServerImpl (ServerState.java:setLeader(253)) - 47d48411-1f17-4b0d-846b-025c3a4b0b86@group-DD45106406A3: change Leader from null to 47d48411-1f17-4b0d-846b-025c3a4b0b86 at term 1 for becomeLeader, leader elected after 5062ms
2019-10-14 09:45:10,106 [47d48411-1f17-4b0d-846b-025c3a4b0b86@group-DD45106406A3:LeaderElection103] INFO  server.RaftServerConfigKeys (ConfUtils.java:logGet(43)) - raft.server.staging.catchup.gap = 1000 (default)
2019-10-14 09:45:10,106 [2be2fac0-04ab-46f3-bf55-9c63f02fedac@group-8941BF63D0F5:LeaderElection104] INFO  server.RaftServerConfigKeys (ConfUtils.java:logGet(43)) - raft.server.staging.catchup.gap = 1000 (default)
2019-10-14 09:45:10,107 [47d48411-1f17-4b0d-846b-025c3a4b0b86@group-DD45106406A3:LeaderElection103] INFO  server.RaftServerConfigKeys (ConfUtils.java:logGet(43)) - raft.server.rpc.sleep.time = 25ms (default)
2019-10-14 09:45:10,107 [2be2fac0-04ab-46f3-bf55-9c63f02fedac@group-8941BF63D0F5:LeaderElection104] INFO  server.RaftServerConfigKeys (ConfUtils.java:logGet(43)) - raft.server.rpc.sleep.time = 25ms (default)
2019-10-14 09:45:10,107 [2be2fac0-04ab-46f3-bf55-9c63f02fedac@group-8941BF63D0F5:LeaderElection104] INFO  server.RaftServerConfigKeys (ConfUtils.java:logGet(43)) - raft.server.write.element-limit = 4096 (default)
2019-10-14 09:45:10,107 [47d48411-1f17-4b0d-846b-025c3a4b0b86@group-DD45106406A3:LeaderElection103] INFO  server.RaftServerConfigKeys (ConfUtils.java:logGet(43)) - raft.server.write.element-limit = 4096 (default)
2019-10-14 09:45:10,107 [2be2fac0-04ab-46f3-bf55-9c63f02fedac@group-8941BF63D0F5:LeaderElection104] INFO  server.RaftServerConfigKeys (ConfUtils.java:logGet(43)) - raft.server.watch.timeout = 10s (default)
2019-10-14 09:45:10,107 [47d48411-1f17-4b0d-846b-025c3a4b0b86@group-DD45106406A3:LeaderElection103] INFO  server.RaftServerConfigKeys (ConfUtils.java:logGet(43)) - raft.server.watch.timeout = 10s (default)
2019-10-14 09:45:10,107 [2be2fac0-04ab-46f3-bf55-9c63f02fedac@group-8941BF63D0F5:LeaderElection104] INFO  server.RaftServerConfigKeys (ConfUtils.java:logGet(43)) - raft.server.watch.timeout.denomination = 1s (default)
2019-10-14 09:45:10,107 [47d48411-1f17-4b0d-846b-025c3a4b0b86@group-DD45106406A3:LeaderElection103] INFO  server.RaftServerConfigKeys (ConfUtils.java:logGet(43)) - raft.server.watch.timeout.denomination = 1s (default)
2019-10-14 09:45:10,107 [2be2fac0-04ab-46f3-bf55-9c63f02fedac@group-8941BF63D0F5:LeaderElection104] INFO  server.RaftServerConfigKeys (ConfUtils.java:logGet(43)) - raft.server.watch.element-limit = 65536 (default)
2019-10-14 09:45:10,107 [47d48411-1f17-4b0d-846b-025c3a4b0b86@group-DD45106406A3:LeaderElection103] INFO  server.RaftServerConfigKeys (ConfUtils.java:logGet(43)) - raft.server.watch.element-limit = 65536 (default)
2019-10-14 09:45:10,110 [2be2fac0-04ab-46f3-bf55-9c63f02fedac@group-8941BF63D0F5:LeaderElection104] INFO  impl.RoleInfo (RoleInfo.java:updateAndGet(143)) - 2be2fac0-04ab-46f3-bf55-9c63f02fedac: start LeaderState
2019-10-14 09:45:10,110 [47d48411-1f17-4b0d-846b-025c3a4b0b86@group-DD45106406A3:LeaderElection103] INFO  impl.RoleInfo (RoleInfo.java:updateAndGet(143)) - 47d48411-1f17-4b0d-846b-025c3a4b0b86: start LeaderState
2019-10-14 09:45:10,110 [47d48411-1f17-4b0d-846b-025c3a4b0b86@group-DD45106406A3:LeaderElection103] INFO  segmented.SegmentedRaftLogWorker (SegmentedRaftLogWorker.java:startLogSegment(380)) - 47d48411-1f17-4b0d-846b-025c3a4b0b86@group-DD45106406A3-SegmentedRaftLogWorker: Starting segment from index:0
2019-10-14 09:45:10,110 [2be2fac0-04ab-46f3-bf55-9c63f02fedac@group-8941BF63D0F5:LeaderElection104] INFO  segmented.SegmentedRaftLogWorker (SegmentedRaftLogWorker.java:startLogSegment(380)) - 2be2fac0-04ab-46f3-bf55-9c63f02fedac@group-8941BF63D0F5-SegmentedRaftLogWorker: Starting segment from index:0
2019-10-14 09:45:10,110 [47d48411-1f17-4b0d-846b-025c3a4b0b86@group-DD45106406A3:LeaderElection103] INFO  impl.RaftServerImpl (ServerState.java:setRaftConf(354)) - 47d48411-1f17-4b0d-846b-025c3a4b0b86@group-DD45106406A3: set configuration 0: [47d48411-1f17-4b0d-846b-025c3a4b0b86:192.168.164.214:36914], old=null at 0
2019-10-14 09:45:10,111 [2be2fac0-04ab-46f3-bf55-9c63f02fedac@group-8941BF63D0F5:LeaderElection104] INFO  impl.RaftServerImpl (ServerState.java:setRaftConf(354)) - 2be2fac0-04ab-46f3-bf55-9c63f02fedac@group-8941BF63D0F5: set configuration 0: [2be2fac0-04ab-46f3-bf55-9c63f02fedac:192.168.164.214:39062], old=null at 0
2019-10-14 09:45:10,112 [Thread-4106] INFO  impl.FollowerState (FollowerState.java:run(106)) - 56712796-c63c-4f78-b712-8f3b1217dedc:group-7941F1D03CF1 changes to CANDIDATE, lastRpcTime:5169, electionTimeout:5169ms
2019-10-14 09:45:10,112 [Thread-4106] INFO  impl.RoleInfo (RoleInfo.java:shutdownFollowerState(121)) - 56712796-c63c-4f78-b712-8f3b1217dedc: shutdown FollowerState
2019-10-14 09:45:10,112 [Thread-4106] INFO  impl.RaftServerImpl (RaftServerImpl.java:setRole(174)) - 56712796-c63c-4f78-b712-8f3b1217dedc@group-7941F1D03CF1: changes role from  FOLLOWER to CANDIDATE at term 0 for changeToCandidate
2019-10-14 09:45:10,113 [Thread-4106] INFO  impl.RoleInfo (RoleInfo.java:updateAndGet(143)) - 56712796-c63c-4f78-b712-8f3b1217dedc: start LeaderElection
2019-10-14 09:45:10,150 [Thread-4117] INFO  impl.FollowerState (FollowerState.java:run(106)) - 47d48411-1f17-4b0d-846b-025c3a4b0b86:group-1FAAE3BCC180 changes to CANDIDATE, lastRpcTime:5046, electionTimeout:5014ms
2019-10-14 09:45:10,151 [Thread-4117] INFO  impl.RoleInfo (RoleInfo.java:shutdownFollowerState(121)) - 47d48411-1f17-4b0d-846b-025c3a4b0b86: shutdown FollowerState
2019-10-14 09:45:10,151 [Thread-4117] INFO  impl.RaftServerImpl (RaftServerImpl.java:setRole(174)) - 47d48411-1f17-4b0d-846b-025c3a4b0b86@group-1FAAE3BCC180: changes role from  FOLLOWER to CANDIDATE at term 0 for changeToCandidate
2019-10-14 09:45:10,151 [Thread-4117] INFO  impl.RoleInfo (RoleInfo.java:updateAndGet(143)) - 47d48411-1f17-4b0d-846b-025c3a4b0b86: start LeaderElection
2019-10-14 09:45:10,173 [2be2fac0-04ab-46f3-bf55-9c63f02fedac@group-8941BF63D0F5-SegmentedRaftLogWorker] INFO  segmented.SegmentedRaftLogWorker (SegmentedRaftLogWorker.java:execute(569)) - 2be2fac0-04ab-46f3-bf55-9c63f02fedac@group-8941BF63D0F5-SegmentedRaftLogWorker: created new log segment /workdir/hadoop-ozone/integration-test/target/test-dir/MiniOzoneClusterImpl-65bd215d-14c9-4112-ac30-b7a247fd80ea/datanode-1/data/ratis/c7a304b2-f7e2-4041-8b7b-8941bf63d0f5/current/log_inprogress_0
2019-10-14 09:45:10,173 [47d48411-1f17-4b0d-846b-025c3a4b0b86@group-DD45106406A3-SegmentedRaftLogWorker] INFO  segmented.SegmentedRaftLogWorker (SegmentedRaftLogWorker.java:execute(569)) - 47d48411-1f17-4b0d-846b-025c3a4b0b86@group-DD45106406A3-SegmentedRaftLogWorker: created new log segment /workdir/hadoop-ozone/integration-test/target/test-dir/MiniOzoneClusterImpl-65bd215d-14c9-4112-ac30-b7a247fd80ea/datanode-2/data/ratis/8fac6712-21c3-48d7-bf4f-dd45106406a3/current/log_inprogress_0
2019-10-14 09:45:10,173 [47d48411-1f17-4b0d-846b-025c3a4b0b86@group-1FAAE3BCC180:LeaderElection106] INFO  impl.LeaderElection (LeaderElection.java:askForVotes(182)) - 47d48411-1f17-4b0d-846b-025c3a4b0b86@group-1FAAE3BCC180:LeaderElection106: begin an election at term 1 for -1: [56712796-c63c-4f78-b712-8f3b1217dedc:192.168.164.214:33493, 2be2fac0-04ab-46f3-bf55-9c63f02fedac:192.168.164.214:39062, 47d48411-1f17-4b0d-846b-025c3a4b0b86:192.168.164.214:36914], old=null
2019-10-14 09:45:10,173 [56712796-c63c-4f78-b712-8f3b1217dedc@group-7941F1D03CF1:LeaderElection105] INFO  impl.LeaderElection (LeaderElection.java:askForVotes(182)) - 56712796-c63c-4f78-b712-8f3b1217dedc@group-7941F1D03CF1:LeaderElection105: begin an election at term 1 for -1: [56712796-c63c-4f78-b712-8f3b1217dedc:192.168.164.214:33493], old=null
2019-10-14 09:45:10,174 [56712796-c63c-4f78-b712-8f3b1217dedc@group-7941F1D03CF1:LeaderElection105] INFO  impl.RoleInfo (RoleInfo.java:shutdownLeaderElection(134)) - 56712796-c63c-4f78-b712-8f3b1217dedc: shutdown LeaderElection
2019-10-14 09:45:10,174 [56712796-c63c-4f78-b712-8f3b1217dedc@group-7941F1D03CF1:LeaderElection105] INFO  impl.RaftServerImpl (RaftServerImpl.java:setRole(174)) - 56712796-c63c-4f78-b712-8f3b1217dedc@group-7941F1D03CF1: changes role from CANDIDATE to LEADER at term 1 for changeToLeader
2019-10-14 09:45:10,174 [56712796-c63c-4f78-b712-8f3b1217dedc@group-7941F1D03CF1:LeaderElection105] INFO  impl.RaftServerImpl (ServerState.java:setLeader(253)) - 56712796-c63c-4f78-b712-8f3b1217dedc@group-7941F1D03CF1: change Leader from null to 56712796-c63c-4f78-b712-8f3b1217dedc at term 1 for becomeLeader, leader elected after 5240ms
2019-10-14 09:45:10,174 [56712796-c63c-4f78-b712-8f3b1217dedc@group-7941F1D03CF1:LeaderElection105] INFO  server.RaftServerConfigKeys (ConfUtils.java:logGet(43)) - raft.server.staging.catchup.gap = 1000 (default)
2019-10-14 09:45:10,175 [56712796-c63c-4f78-b712-8f3b1217dedc@group-7941F1D03CF1:LeaderElection105] INFO  server.RaftServerConfigKeys (ConfUtils.java:logGet(43)) - raft.server.rpc.sleep.time = 25ms (default)
2019-10-14 09:45:10,175 [56712796-c63c-4f78-b712-8f3b1217dedc@group-7941F1D03CF1:LeaderElection105] INFO  server.RaftServerConfigKeys (ConfUtils.java:logGet(43)) - raft.server.write.element-limit = 4096 (default)
2019-10-14 09:45:10,175 [56712796-c63c-4f78-b712-8f3b1217dedc@group-7941F1D03CF1:LeaderElection105] INFO  server.RaftServerConfigKeys (ConfUtils.java:logGet(43)) - raft.server.watch.timeout = 10s (default)
2019-10-14 09:45:10,175 [56712796-c63c-4f78-b712-8f3b1217dedc@group-7941F1D03CF1:LeaderElection105] INFO  server.RaftServerConfigKeys (ConfUtils.java:logGet(43)) - raft.server.watch.timeout.denomination = 1s (default)
2019-10-14 09:45:10,175 [56712796-c63c-4f78-b712-8f3b1217dedc@group-7941F1D03CF1:LeaderElection105] INFO  server.RaftServerConfigKeys (ConfUtils.java:logGet(43)) - raft.server.watch.element-limit = 65536 (default)
2019-10-14 09:45:10,176 [Thread-4126] INFO  impl.FollowerState (FollowerState.java:run(106)) - 47d48411-1f17-4b0d-846b-025c3a4b0b86:group-98ABAD1F0126 changes to CANDIDATE, lastRpcTime:5003, electionTimeout:5003ms
2019-10-14 09:45:10,176 [Thread-4126] INFO  impl.RoleInfo (RoleInfo.java:shutdownFollowerState(121)) - 47d48411-1f17-4b0d-846b-025c3a4b0b86: shutdown FollowerState
2019-10-14 09:45:10,176 [Thread-4126] INFO  impl.RaftServerImpl (RaftServerImpl.java:setRole(174)) - 47d48411-1f17-4b0d-846b-025c3a4b0b86@group-98ABAD1F0126: changes role from  FOLLOWER to CANDIDATE at term 0 for changeToCandidate
2019-10-14 09:45:10,176 [Thread-4126] INFO  impl.RoleInfo (RoleInfo.java:updateAndGet(143)) - 47d48411-1f17-4b0d-846b-025c3a4b0b86: start LeaderElection
2019-10-14 09:45:10,182 [grpc-default-executor-16] INFO  impl.RaftServerImpl (RaftServerImpl.java:setRole(174)) - 56712796-c63c-4f78-b712-8f3b1217dedc@group-1FAAE3BCC180: changes role from  FOLLOWER to FOLLOWER at term 1 for recognizeCandidate:47d48411-1f17-4b0d-846b-025c3a4b0b86
2019-10-14 09:45:10,184 [grpc-default-executor-15] INFO  impl.RaftServerImpl (RaftServerImpl.java:setRole(174)) - 2be2fac0-04ab-46f3-bf55-9c63f02fedac@group-1FAAE3BCC180: changes role from  FOLLOWER to FOLLOWER at term 1 for recognizeCandidate:47d48411-1f17-4b0d-846b-025c3a4b0b86
2019-10-14 09:45:10,184 [grpc-default-executor-16] INFO  impl.RoleInfo (RoleInfo.java:shutdownFollowerState(121)) - 56712796-c63c-4f78-b712-8f3b1217dedc: shutdown FollowerState
2019-10-14 09:45:10,184 [grpc-default-executor-15] INFO  impl.RoleInfo (RoleInfo.java:shutdownFollowerState(121)) - 2be2fac0-04ab-46f3-bf55-9c63f02fedac: shutdown FollowerState
2019-10-14 09:45:10,184 [grpc-default-executor-16] INFO  impl.RoleInfo (RoleInfo.java:updateAndGet(143)) - 56712796-c63c-4f78-b712-8f3b1217dedc: start FollowerState
2019-10-14 09:45:10,184 [Thread-4120] INFO  impl.FollowerState (FollowerState.java:run(115)) - 2be2fac0-04ab-46f3-bf55-9c63f02fedac: FollowerState was interrupted: java.lang.InterruptedException: sleep interrupted
2019-10-14 09:45:10,184 [Thread-4119] INFO  impl.FollowerState (FollowerState.java:run(115)) - 56712796-c63c-4f78-b712-8f3b1217dedc: FollowerState was interrupted: java.lang.InterruptedException: sleep interrupted
2019-10-14 09:45:10,185 [56712796-c63c-4f78-b712-8f3b1217dedc@group-7941F1D03CF1:LeaderElection105] INFO  impl.RoleInfo (RoleInfo.java:updateAndGet(143)) - 56712796-c63c-4f78-b712-8f3b1217dedc: start LeaderState
2019-10-14 09:45:10,184 [grpc-default-executor-15] INFO  impl.RoleInfo (RoleInfo.java:updateAndGet(143)) - 2be2fac0-04ab-46f3-bf55-9c63f02fedac: start FollowerState
2019-10-14 09:45:10,185 [56712796-c63c-4f78-b712-8f3b1217dedc@group-7941F1D03CF1:LeaderElection105] INFO  segmented.SegmentedRaftLogWorker (SegmentedRaftLogWorker.java:startLogSegment(380)) - 56712796-c63c-4f78-b712-8f3b1217dedc@group-7941F1D03CF1-SegmentedRaftLogWorker: Starting segment from index:0
2019-10-14 09:45:10,185 [56712796-c63c-4f78-b712-8f3b1217dedc@group-7941F1D03CF1:LeaderElection105] INFO  impl.RaftServerImpl (ServerState.java:setRaftConf(354)) - 56712796-c63c-4f78-b712-8f3b1217dedc@group-7941F1D03CF1: set configuration 0: [56712796-c63c-4f78-b712-8f3b1217dedc:192.168.164.214:33493], old=null at 0
2019-10-14 09:45:10,197 [47d48411-1f17-4b0d-846b-025c3a4b0b86@group-98ABAD1F0126:LeaderElection107] INFO  impl.LeaderElection (LeaderElection.java:askForVotes(182)) - 47d48411-1f17-4b0d-846b-025c3a4b0b86@group-98ABAD1F0126:LeaderElection107: begin an election at term 1 for -1: [56712796-c63c-4f78-b712-8f3b1217dedc:192.168.164.214:33493, 47d48411-1f17-4b0d-846b-025c3a4b0b86:192.168.164.214:36914, d13983dc-b0b6-41ad-b475-2b910e2f36de:192.168.164.214:42581], old=null
2019-10-14 09:45:10,224 [grpc-default-executor-8] INFO  impl.RaftServerImpl (RaftServerImpl.java:setRole(174)) - 56712796-c63c-4f78-b712-8f3b1217dedc@group-98ABAD1F0126: changes role from  FOLLOWER to FOLLOWER at term 1 for recognizeCandidate:47d48411-1f17-4b0d-846b-025c3a4b0b86
2019-10-14 09:45:10,224 [grpc-default-executor-8] INFO  impl.RoleInfo (RoleInfo.java:shutdownFollowerState(121)) - 56712796-c63c-4f78-b712-8f3b1217dedc: shutdown FollowerState
2019-10-14 09:45:10,224 [grpc-default-executor-8] INFO  impl.RoleInfo (RoleInfo.java:updateAndGet(143)) - 56712796-c63c-4f78-b712-8f3b1217dedc: start FollowerState
2019-10-14 09:45:10,225 [Thread-4128] INFO  impl.FollowerState (FollowerState.java:run(115)) - 56712796-c63c-4f78-b712-8f3b1217dedc: FollowerState was interrupted: java.lang.InterruptedException: sleep interrupted
2019-10-14 09:45:10,225 [47d48411-1f17-4b0d-846b-025c3a4b0b86@group-1FAAE3BCC180:LeaderElection106] INFO  impl.LeaderElection (LeaderElection.java:logAndReturn(56)) - 47d48411-1f17-4b0d-846b-025c3a4b0b86@group-1FAAE3BCC180:LeaderElection106: Election PASSED; received 1 response(s) [47d48411-1f17-4b0d-846b-025c3a4b0b86<-56712796-c63c-4f78-b712-8f3b1217dedc#0:OK-t1] and 0 exception(s); 47d48411-1f17-4b0d-846b-025c3a4b0b86@group-1FAAE3BCC180:t1, leader=null, voted=47d48411-1f17-4b0d-846b-025c3a4b0b86, raftlog=47d48411-1f17-4b0d-846b-025c3a4b0b86@group-1FAAE3BCC180-SegmentedRaftLog:OPENED:c-1,f-1,i0, conf=-1: [56712796-c63c-4f78-b712-8f3b1217dedc:192.168.164.214:33493, 2be2fac0-04ab-46f3-bf55-9c63f02fedac:192.168.164.214:39062, 47d48411-1f17-4b0d-846b-025c3a4b0b86:192.168.164.214:36914], old=null
2019-10-14 09:45:10,225 [47d48411-1f17-4b0d-846b-025c3a4b0b86@group-1FAAE3BCC180:LeaderElection106] INFO  impl.RoleInfo (RoleInfo.java:shutdownLeaderElection(134)) - 47d48411-1f17-4b0d-846b-025c3a4b0b86: shutdown LeaderElection
2019-10-14 09:45:10,227 [grpc-default-executor-15] INFO  impl.RaftServerImpl (RaftServerImpl.java:setRole(174)) - d13983dc-b0b6-41ad-b475-2b910e2f36de@group-98ABAD1F0126: changes role from  FOLLOWER to FOLLOWER at term 1 for recognizeCandidate:47d48411-1f17-4b0d-846b-025c3a4b0b86
2019-10-14 09:45:10,229 [grpc-default-executor-15] INFO  impl.RoleInfo (RoleInfo.java:shutdownFollowerState(121)) - d13983dc-b0b6-41ad-b475-2b910e2f36de: shutdown FollowerState
2019-10-14 09:45:10,229 [47d48411-1f17-4b0d-846b-025c3a4b0b86@group-1FAAE3BCC180:LeaderElection106] INFO  impl.RaftServerImpl (RaftServerImpl.java:setRole(174)) - 47d48411-1f17-4b0d-846b-025c3a4b0b86@group-1FAAE3BCC180: changes role from CANDIDATE to LEADER at term 1 for changeToLeader
2019-10-14 09:45:10,229 [Thread-4130] INFO  impl.FollowerState (FollowerState.java:run(115)) - d13983dc-b0b6-41ad-b475-2b910e2f36de: FollowerState was interrupted: java.lang.InterruptedException: sleep interrupted
2019-10-14 09:45:10,229 [grpc-default-executor-15] INFO  impl.RoleInfo (RoleInfo.java:updateAndGet(143)) - d13983dc-b0b6-41ad-b475-2b910e2f36de: start FollowerState
2019-10-14 09:45:10,229 [47d48411-1f17-4b0d-846b-025c3a4b0b86@group-1FAAE3BCC180:LeaderElection106] INFO  impl.RaftServerImpl (ServerState.java:setLeader(253)) - 47d48411-1f17-4b0d-846b-025c3a4b0b86@group-1FAAE3BCC180: change Leader from null to 47d48411-1f17-4b0d-846b-025c3a4b0b86 at term 1 for becomeLeader, leader elected after 5134ms
2019-10-14 09:45:10,230 [47d48411-1f17-4b0d-846b-025c3a4b0b86@group-1FAAE3BCC180:LeaderElection106] INFO  server.RaftServerConfigKeys (ConfUtils.java:logGet(43)) - raft.server.staging.catchup.gap = 1000 (default)
2019-10-14 09:45:10,230 [47d48411-1f17-4b0d-846b-025c3a4b0b86@group-1FAAE3BCC180:LeaderElection106] INFO  server.RaftServerConfigKeys (ConfUtils.java:logGet(43)) - raft.server.rpc.sleep.time = 25ms (default)
2019-10-14 09:45:10,230 [47d48411-1f17-4b0d-846b-025c3a4b0b86@group-1FAAE3BCC180:LeaderElection106] INFO  server.RaftServerConfigKeys (ConfUtils.java:logGet(43)) - raft.server.write.element-limit = 4096 (default)
2019-10-14 09:45:10,230 [47d48411-1f17-4b0d-846b-025c3a4b0b86@group-1FAAE3BCC180:LeaderElection106] INFO  server.RaftServerConfigKeys (ConfUtils.java:logGet(43)) - raft.server.watch.timeout = 10s (default)
2019-10-14 09:45:10,230 [47d48411-1f17-4b0d-846b-025c3a4b0b86@group-1FAAE3BCC180:LeaderElection106] INFO  server.RaftServerConfigKeys (ConfUtils.java:logGet(43)) - raft.server.watch.timeout.denomination = 1s (default)
2019-10-14 09:45:10,230 [47d48411-1f17-4b0d-846b-025c3a4b0b86@group-1FAAE3BCC180:LeaderElection106] INFO  server.RaftServerConfigKeys (ConfUtils.java:logGet(43)) - raft.server.watch.element-limit = 65536 (default)
2019-10-14 09:45:10,232 [47d48411-1f17-4b0d-846b-025c3a4b0b86@group-1FAAE3BCC180:LeaderElection106] INFO  server.RaftServerConfigKeys (ConfUtils.java:logGet(43)) - raft.server.log.appender.snapshot.chunk.size.max = 16MB (=16777216) (default)
2019-10-14 09:45:10,232 [47d48411-1f17-4b0d-846b-025c3a4b0b86@group-1FAAE3BCC180:LeaderElection106] INFO  server.RaftServerConfigKeys (ConfUtils.java:logGet(43)) - raft.server.log.appender.buffer.byte-limit = 33554432 (custom)
2019-10-14 09:45:10,232 [47d48411-1f17-4b0d-846b-025c3a4b0b86@group-1FAAE3BCC180:LeaderElection106] INFO  server.RaftServerConfigKeys (ConfUtils.java:logGet(43)) - raft.server.log.appender.buffer.element-limit = 1 (custom)
2019-10-14 09:45:10,233 [47d48411-1f17-4b0d-846b-025c3a4b0b86@group-1FAAE3BCC180:LeaderElection106] INFO  grpc.GrpcConfigKeys$Server (ConfUtils.java:logGet(43)) - raft.grpc.server.leader.outstanding.appends.max = 128 (default)
2019-10-14 09:45:10,233 [47d48411-1f17-4b0d-846b-025c3a4b0b86@group-1FAAE3BCC180:LeaderElection106] INFO  server.RaftServerConfigKeys (ConfUtils.java:logGet(43)) - raft.server.rpc.request.timeout = 3000ms (default)
2019-10-14 09:45:10,233 [47d48411-1f17-4b0d-846b-025c3a4b0b86@group-1FAAE3BCC180:LeaderElection106] INFO  server.RaftServerConfigKeys (ConfUtils.java:logGet(43)) - raft.server.log.appender.install.snapshot.enabled = false (custom)
2019-10-14 09:45:10,233 [47d48411-1f17-4b0d-846b-025c3a4b0b86@group-1FAAE3BCC180:LeaderElection106] INFO  server.RaftServerConfigKeys (ConfUtils.java:logGet(43)) - raft.server.log.appender.snapshot.chunk.size.max = 16MB (=16777216) (default)
2019-10-14 09:45:10,233 [47d48411-1f17-4b0d-846b-025c3a4b0b86@group-1FAAE3BCC180:LeaderElection106] INFO  server.RaftServerConfigKeys (ConfUtils.java:logGet(43)) - raft.server.log.appender.buffer.byte-limit = 33554432 (custom)
2019-10-14 09:45:10,233 [47d48411-1f17-4b0d-846b-025c3a4b0b86@group-1FAAE3BCC180:LeaderElection106] INFO  server.RaftServerConfigKeys (ConfUtils.java:logGet(43)) - raft.server.log.appender.buffer.element-limit = 1 (custom)
2019-10-14 09:45:10,234 [47d48411-1f17-4b0d-846b-025c3a4b0b86@group-1FAAE3BCC180:LeaderElection106] INFO  grpc.GrpcConfigKeys$Server (ConfUtils.java:logGet(43)) - raft.grpc.server.leader.outstanding.appends.max = 128 (default)
2019-10-14 09:45:10,234 [47d48411-1f17-4b0d-846b-025c3a4b0b86@group-1FAAE3BCC180:LeaderElection106] INFO  server.RaftServerConfigKeys (ConfUtils.java:logGet(43)) - raft.server.rpc.request.timeout = 3000ms (default)
2019-10-14 09:45:10,234 [47d48411-1f17-4b0d-846b-025c3a4b0b86@group-1FAAE3BCC180:LeaderElection106] INFO  server.RaftServerConfigKeys (ConfUtils.java:logGet(43)) - raft.server.log.appender.install.snapshot.enabled = false (custom)
2019-10-14 09:45:10,234 [47d48411-1f17-4b0d-846b-025c3a4b0b86@group-1FAAE3BCC180:LeaderElection106] INFO  impl.RoleInfo (RoleInfo.java:updateAndGet(143)) - 47d48411-1f17-4b0d-846b-025c3a4b0b86: start LeaderState
2019-10-14 09:45:10,234 [47d48411-1f17-4b0d-846b-025c3a4b0b86@group-1FAAE3BCC180:LeaderElection106] INFO  segmented.SegmentedRaftLogWorker (SegmentedRaftLogWorker.java:startLogSegment(380)) - 47d48411-1f17-4b0d-846b-025c3a4b0b86@group-1FAAE3BCC180-SegmentedRaftLogWorker: Starting segment from index:0
2019-10-14 09:45:10,235 [47d48411-1f17-4b0d-846b-025c3a4b0b86@group-1FAAE3BCC180:LeaderElection106] INFO  impl.RaftServerImpl (ServerState.java:setRaftConf(354)) - 47d48411-1f17-4b0d-846b-025c3a4b0b86@group-1FAAE3BCC180: set configuration 0: [56712796-c63c-4f78-b712-8f3b1217dedc:192.168.164.214:33493, 2be2fac0-04ab-46f3-bf55-9c63f02fedac:192.168.164.214:39062, 47d48411-1f17-4b0d-846b-025c3a4b0b86:192.168.164.214:36914], old=null at 0
2019-10-14 09:45:10,260 [56712796-c63c-4f78-b712-8f3b1217dedc@group-7941F1D03CF1-SegmentedRaftLogWorker] INFO  segmented.SegmentedRaftLogWorker (SegmentedRaftLogWorker.java:execute(569)) - 56712796-c63c-4f78-b712-8f3b1217dedc@group-7941F1D03CF1-SegmentedRaftLogWorker: created new log segment /workdir/hadoop-ozone/integration-test/target/test-dir/MiniOzoneClusterImpl-65bd215d-14c9-4112-ac30-b7a247fd80ea/datanode-0/data/ratis/8c901a75-9ba0-4ef4-a371-7941f1d03cf1/current/log_inprogress_0
2019-10-14 09:45:10,264 [47d48411-1f17-4b0d-846b-025c3a4b0b86@group-98ABAD1F0126:LeaderElection107] INFO  impl.LeaderElection (LeaderElection.java:logAndReturn(56)) - 47d48411-1f17-4b0d-846b-025c3a4b0b86@group-98ABAD1F0126:LeaderElection107: Election PASSED; received 1 response(s) [47d48411-1f17-4b0d-846b-025c3a4b0b86<-d13983dc-b0b6-41ad-b475-2b910e2f36de#0:OK-t1] and 0 exception(s); 47d48411-1f17-4b0d-846b-025c3a4b0b86@group-98ABAD1F0126:t1, leader=null, voted=47d48411-1f17-4b0d-846b-025c3a4b0b86, raftlog=47d48411-1f17-4b0d-846b-025c3a4b0b86@group-98ABAD1F0126-SegmentedRaftLog:OPENED:c-1,f-1,i0, conf=-1: [56712796-c63c-4f78-b712-8f3b1217dedc:192.168.164.214:33493, 47d48411-1f17-4b0d-846b-025c3a4b0b86:192.168.164.214:36914, d13983dc-b0b6-41ad-b475-2b910e2f36de:192.168.164.214:42581], old=null
2019-10-14 09:45:10,264 [grpc-default-executor-16] INFO  impl.RaftServerImpl (ServerState.java:setLeader(253)) - 2be2fac0-04ab-46f3-bf55-9c63f02fedac@group-1FAAE3BCC180: change Leader from null to 47d48411-1f17-4b0d-846b-025c3a4b0b86 at term 1 for appendEntries, leader elected after 5168ms
2019-10-14 09:45:10,266 [grpc-default-executor-8] INFO  impl.RaftServerImpl (ServerState.java:setLeader(253)) - 56712796-c63c-4f78-b712-8f3b1217dedc@group-1FAAE3BCC180: change Leader from null to 47d48411-1f17-4b0d-846b-025c3a4b0b86 at term 1 for appendEntries, leader elected after 5170ms
2019-10-14 09:45:10,264 [47d48411-1f17-4b0d-846b-025c3a4b0b86@group-98ABAD1F0126:LeaderElection107] INFO  impl.RoleInfo (RoleInfo.java:shutdownLeaderElection(134)) - 47d48411-1f17-4b0d-846b-025c3a4b0b86: shutdown LeaderElection
2019-10-14 09:45:10,268 [47d48411-1f17-4b0d-846b-025c3a4b0b86@group-98ABAD1F0126:LeaderElection107] INFO  impl.RaftServerImpl (RaftServerImpl.java:setRole(174)) - 47d48411-1f17-4b0d-846b-025c3a4b0b86@group-98ABAD1F0126: changes role from CANDIDATE to LEADER at term 1 for changeToLeader
2019-10-14 09:45:10,268 [47d48411-1f17-4b0d-846b-025c3a4b0b86@group-98ABAD1F0126:LeaderElection107] INFO  impl.RaftServerImpl (ServerState.java:setLeader(253)) - 47d48411-1f17-4b0d-846b-025c3a4b0b86@group-98ABAD1F0126: change Leader from null to 47d48411-1f17-4b0d-846b-025c3a4b0b86 at term 1 for becomeLeader, leader elected after 5105ms
2019-10-14 09:45:10,269 [47d48411-1f17-4b0d-846b-025c3a4b0b86@group-98ABAD1F0126:LeaderElection107] INFO  server.RaftServerConfigKeys (ConfUtils.java:logGet(43)) - raft.server.staging.catchup.gap = 1000 (default)
2019-10-14 09:45:10,269 [47d48411-1f17-4b0d-846b-025c3a4b0b86@group-98ABAD1F0126:LeaderElection107] INFO  server.RaftServerConfigKeys (ConfUtils.java:logGet(43)) - raft.server.rpc.sleep.time = 25ms (default)
2019-10-14 09:45:10,269 [47d48411-1f17-4b0d-846b-025c3a4b0b86@group-98ABAD1F0126:LeaderElection107] INFO  server.RaftServerConfigKeys (ConfUtils.java:logGet(43)) - raft.server.write.element-limit = 4096 (default)
2019-10-14 09:45:10,269 [47d48411-1f17-4b0d-846b-025c3a4b0b86@group-98ABAD1F0126:LeaderElection107] INFO  server.RaftServerConfigKeys (ConfUtils.java:logGet(43)) - raft.server.watch.timeout = 10s (default)
2019-10-14 09:45:10,269 [47d48411-1f17-4b0d-846b-025c3a4b0b86@group-98ABAD1F0126:LeaderElection107] INFO  server.RaftServerConfigKeys (ConfUtils.java:logGet(43)) - raft.server.watch.timeout.denomination = 1s (default)
2019-10-14 09:45:10,269 [47d48411-1f17-4b0d-846b-025c3a4b0b86@group-98ABAD1F0126:LeaderElection107] INFO  server.RaftServerConfigKeys (ConfUtils.java:logGet(43)) - raft.server.watch.element-limit = 65536 (default)
2019-10-14 09:45:10,270 [grpc-default-executor-8] INFO  impl.RaftServerImpl (ServerState.java:setRaftConf(354)) - 2be2fac0-04ab-46f3-bf55-9c63f02fedac@group-1FAAE3BCC180: set configuration 0: [56712796-c63c-4f78-b712-8f3b1217dedc:192.168.164.214:33493, 2be2fac0-04ab-46f3-bf55-9c63f02fedac:192.168.164.214:39062, 47d48411-1f17-4b0d-846b-025c3a4b0b86:192.168.164.214:36914], old=null at 0
2019-10-14 09:45:10,270 [grpc-default-executor-8] INFO  segmented.SegmentedRaftLogWorker (SegmentedRaftLogWorker.java:startLogSegment(380)) - 2be2fac0-04ab-46f3-bf55-9c63f02fedac@group-1FAAE3BCC180-SegmentedRaftLogWorker: Starting segment from index:0
2019-10-14 09:45:10,270 [grpc-default-executor-16] INFO  impl.RaftServerImpl (ServerState.java:setRaftConf(354)) - 56712796-c63c-4f78-b712-8f3b1217dedc@group-1FAAE3BCC180: set configuration 0: [56712796-c63c-4f78-b712-8f3b1217dedc:192.168.164.214:33493, 2be2fac0-04ab-46f3-bf55-9c63f02fedac:192.168.164.214:39062, 47d48411-1f17-4b0d-846b-025c3a4b0b86:192.168.164.214:36914], old=null at 0
2019-10-14 09:45:10,271 [grpc-default-executor-16] INFO  segmented.SegmentedRaftLogWorker (SegmentedRaftLogWorker.java:startLogSegment(380)) - 56712796-c63c-4f78-b712-8f3b1217dedc@group-1FAAE3BCC180-SegmentedRaftLogWorker: Starting segment from index:0
2019-10-14 09:45:10,272 [47d48411-1f17-4b0d-846b-025c3a4b0b86@group-98ABAD1F0126:LeaderElection107] INFO  server.RaftServerConfigKeys (ConfUtils.java:logGet(43)) - raft.server.log.appender.snapshot.chunk.size.max = 16MB (=16777216) (default)
2019-10-14 09:45:10,272 [47d48411-1f17-4b0d-846b-025c3a4b0b86@group-98ABAD1F0126:LeaderElection107] INFO  server.RaftServerConfigKeys (ConfUtils.java:logGet(43)) - raft.server.log.appender.buffer.byte-limit = 33554432 (custom)
2019-10-14 09:45:10,272 [47d48411-1f17-4b0d-846b-025c3a4b0b86@group-98ABAD1F0126:LeaderElection107] INFO  server.RaftServerConfigKeys (ConfUtils.java:logGet(43)) - raft.server.log.appender.buffer.element-limit = 1 (custom)
2019-10-14 09:45:10,273 [47d48411-1f17-4b0d-846b-025c3a4b0b86@group-98ABAD1F0126:LeaderElection107] INFO  grpc.GrpcConfigKeys$Server (ConfUtils.java:logGet(43)) - raft.grpc.server.leader.outstanding.appends.max = 128 (default)
2019-10-14 09:45:10,273 [47d48411-1f17-4b0d-846b-025c3a4b0b86@group-98ABAD1F0126:LeaderElection107] INFO  server.RaftServerConfigKeys (ConfUtils.java:logGet(43)) - raft.server.rpc.request.timeout = 3000ms (default)
2019-10-14 09:45:10,273 [47d48411-1f17-4b0d-846b-025c3a4b0b86@group-1FAAE3BCC180-SegmentedRaftLogWorker] INFO  segmented.SegmentedRaftLogWorker (SegmentedRaftLogWorker.java:execute(569)) - 47d48411-1f17-4b0d-846b-025c3a4b0b86@group-1FAAE3BCC180-SegmentedRaftLogWorker: created new log segment /workdir/hadoop-ozone/integration-test/target/test-dir/MiniOzoneClusterImpl-65bd215d-14c9-4112-ac30-b7a247fd80ea/datanode-2/data/ratis/9a9973fe-e5fc-4f77-8389-1faae3bcc180/current/log_inprogress_0
2019-10-14 09:45:10,273 [47d48411-1f17-4b0d-846b-025c3a4b0b86@group-98ABAD1F0126:LeaderElection107] INFO  server.RaftServerConfigKeys (ConfUtils.java:logGet(43)) - raft.server.log.appender.install.snapshot.enabled = false (custom)
2019-10-14 09:45:10,273 [47d48411-1f17-4b0d-846b-025c3a4b0b86@group-98ABAD1F0126:LeaderElection107] INFO  server.RaftServerConfigKeys (ConfUtils.java:logGet(43)) - raft.server.log.appender.snapshot.chunk.size.max = 16MB (=16777216) (default)
2019-10-14 09:45:10,274 [47d48411-1f17-4b0d-846b-025c3a4b0b86@group-98ABAD1F0126:LeaderElection107] INFO  server.RaftServerConfigKeys (ConfUtils.java:logGet(43)) - raft.server.log.appender.buffer.byte-limit = 33554432 (custom)
2019-10-14 09:45:10,274 [47d48411-1f17-4b0d-846b-025c3a4b0b86@group-98ABAD1F0126:LeaderElection107] INFO  server.RaftServerConfigKeys (ConfUtils.java:logGet(43)) - raft.server.log.appender.buffer.element-limit = 1 (custom)
2019-10-14 09:45:10,274 [47d48411-1f17-4b0d-846b-025c3a4b0b86@group-98ABAD1F0126:LeaderElection107] INFO  grpc.GrpcConfigKeys$Server (ConfUtils.java:logGet(43)) - raft.grpc.server.leader.outstanding.appends.max = 128 (default)
2019-10-14 09:45:10,274 [47d48411-1f17-4b0d-846b-025c3a4b0b86@group-98ABAD1F0126:LeaderElection107] INFO  server.RaftServerConfigKeys (ConfUtils.java:logGet(43)) - raft.server.rpc.request.timeout = 3000ms (default)
2019-10-14 09:45:10,274 [47d48411-1f17-4b0d-846b-025c3a4b0b86@group-98ABAD1F0126:LeaderElection107] INFO  server.RaftServerConfigKeys (ConfUtils.java:logGet(43)) - raft.server.log.appender.install.snapshot.enabled = false (custom)
2019-10-14 09:45:10,275 [47d48411-1f17-4b0d-846b-025c3a4b0b86@group-98ABAD1F0126:LeaderElection107] INFO  impl.RoleInfo (RoleInfo.java:updateAndGet(143)) - 47d48411-1f17-4b0d-846b-025c3a4b0b86: start LeaderState
2019-10-14 09:45:10,275 [47d48411-1f17-4b0d-846b-025c3a4b0b86@group-98ABAD1F0126:LeaderElection107] INFO  segmented.SegmentedRaftLogWorker (SegmentedRaftLogWorker.java:startLogSegment(380)) - 47d48411-1f17-4b0d-846b-025c3a4b0b86@group-98ABAD1F0126-SegmentedRaftLogWorker: Starting segment from index:0
2019-10-14 09:45:10,276 [47d48411-1f17-4b0d-846b-025c3a4b0b86@group-98ABAD1F0126:LeaderElection107] INFO  impl.RaftServerImpl (ServerState.java:setRaftConf(354)) - 47d48411-1f17-4b0d-846b-025c3a4b0b86@group-98ABAD1F0126: set configuration 0: [56712796-c63c-4f78-b712-8f3b1217dedc:192.168.164.214:33493, 47d48411-1f17-4b0d-846b-025c3a4b0b86:192.168.164.214:36914, d13983dc-b0b6-41ad-b475-2b910e2f36de:192.168.164.214:42581], old=null at 0
2019-10-14 09:45:10,316 [grpc-default-executor-16] INFO  impl.RaftServerImpl (ServerState.java:setLeader(253)) - 56712796-c63c-4f78-b712-8f3b1217dedc@group-98ABAD1F0126: change Leader from null to 47d48411-1f17-4b0d-846b-025c3a4b0b86 at term 1 for appendEntries, leader elected after 5152ms
2019-10-14 09:45:10,319 [grpc-default-executor-16] INFO  impl.RaftServerImpl (ServerState.java:setLeader(253)) - d13983dc-b0b6-41ad-b475-2b910e2f36de@group-98ABAD1F0126: change Leader from null to 47d48411-1f17-4b0d-846b-025c3a4b0b86 at term 1 for appendEntries, leader elected after 5155ms
2019-10-14 09:45:10,320 [grpc-default-executor-8] INFO  impl.RaftServerImpl (ServerState.java:setRaftConf(354)) - 56712796-c63c-4f78-b712-8f3b1217dedc@group-98ABAD1F0126: set configuration 0: [56712796-c63c-4f78-b712-8f3b1217dedc:192.168.164.214:33493, 47d48411-1f17-4b0d-846b-025c3a4b0b86:192.168.164.214:36914, d13983dc-b0b6-41ad-b475-2b910e2f36de:192.168.164.214:42581], old=null at 0
2019-10-14 09:45:10,320 [grpc-default-executor-8] INFO  segmented.SegmentedRaftLogWorker (SegmentedRaftLogWorker.java:startLogSegment(380)) - 56712796-c63c-4f78-b712-8f3b1217dedc@group-98ABAD1F0126-SegmentedRaftLogWorker: Starting segment from index:0
2019-10-14 09:45:10,320 [grpc-default-executor-16] INFO  impl.RaftServerImpl (ServerState.java:setRaftConf(354)) - d13983dc-b0b6-41ad-b475-2b910e2f36de@group-98ABAD1F0126: set configuration 0: [56712796-c63c-4f78-b712-8f3b1217dedc:192.168.164.214:33493, 47d48411-1f17-4b0d-846b-025c3a4b0b86:192.168.164.214:36914, d13983dc-b0b6-41ad-b475-2b910e2f36de:192.168.164.214:42581], old=null at 0
2019-10-14 09:45:10,320 [grpc-default-executor-16] INFO  segmented.SegmentedRaftLogWorker (SegmentedRaftLogWorker.java:startLogSegment(380)) - d13983dc-b0b6-41ad-b475-2b910e2f36de@group-98ABAD1F0126-SegmentedRaftLogWorker: Starting segment from index:0
2019-10-14 09:45:10,346 [2be2fac0-04ab-46f3-bf55-9c63f02fedac@group-1FAAE3BCC180-SegmentedRaftLogWorker] INFO  segmented.SegmentedRaftLogWorker (SegmentedRaftLogWorker.java:execute(569)) - 2be2fac0-04ab-46f3-bf55-9c63f02fedac@group-1FAAE3BCC180-SegmentedRaftLogWorker: created new log segment /workdir/hadoop-ozone/integration-test/target/test-dir/MiniOzoneClusterImpl-65bd215d-14c9-4112-ac30-b7a247fd80ea/datanode-1/data/ratis/9a9973fe-e5fc-4f77-8389-1faae3bcc180/current/log_inprogress_0
2019-10-14 09:45:10,346 [47d48411-1f17-4b0d-846b-025c3a4b0b86@group-98ABAD1F0126-SegmentedRaftLogWorker] INFO  segmented.SegmentedRaftLogWorker (SegmentedRaftLogWorker.java:execute(569)) - 47d48411-1f17-4b0d-846b-025c3a4b0b86@group-98ABAD1F0126-SegmentedRaftLogWorker: created new log segment /workdir/hadoop-ozone/integration-test/target/test-dir/MiniOzoneClusterImpl-65bd215d-14c9-4112-ac30-b7a247fd80ea/datanode-2/data/ratis/93fb5659-34aa-443b-8645-98abad1f0126/current/log_inprogress_0
2019-10-14 09:45:10,346 [56712796-c63c-4f78-b712-8f3b1217dedc@group-1FAAE3BCC180-SegmentedRaftLogWorker] INFO  segmented.SegmentedRaftLogWorker (SegmentedRaftLogWorker.java:execute(569)) - 56712796-c63c-4f78-b712-8f3b1217dedc@group-1FAAE3BCC180-SegmentedRaftLogWorker: created new log segment /workdir/hadoop-ozone/integration-test/target/test-dir/MiniOzoneClusterImpl-65bd215d-14c9-4112-ac30-b7a247fd80ea/datanode-0/data/ratis/9a9973fe-e5fc-4f77-8389-1faae3bcc180/current/log_inprogress_0
2019-10-14 09:45:10,376 [56712796-c63c-4f78-b712-8f3b1217dedc@group-98ABAD1F0126-SegmentedRaftLogWorker] INFO  segmented.SegmentedRaftLogWorker (SegmentedRaftLogWorker.java:execute(569)) - 56712796-c63c-4f78-b712-8f3b1217dedc@group-98ABAD1F0126-SegmentedRaftLogWorker: created new log segment /workdir/hadoop-ozone/integration-test/target/test-dir/MiniOzoneClusterImpl-65bd215d-14c9-4112-ac30-b7a247fd80ea/datanode-0/data/ratis/93fb5659-34aa-443b-8645-98abad1f0126/current/log_inprogress_0
2019-10-14 09:45:10,376 [d13983dc-b0b6-41ad-b475-2b910e2f36de@group-98ABAD1F0126-SegmentedRaftLogWorker] INFO  segmented.SegmentedRaftLogWorker (SegmentedRaftLogWorker.java:execute(569)) - d13983dc-b0b6-41ad-b475-2b910e2f36de@group-98ABAD1F0126-SegmentedRaftLogWorker: created new log segment /workdir/hadoop-ozone/integration-test/target/test-dir/MiniOzoneClusterImpl-65bd215d-14c9-4112-ac30-b7a247fd80ea/datanode-3/data/ratis/93fb5659-34aa-443b-8645-98abad1f0126/current/log_inprogress_0
2019-10-14 09:45:10,385 [Thread-4134] INFO  impl.FollowerState (FollowerState.java:run(106)) - d13983dc-b0b6-41ad-b475-2b910e2f36de:group-AC596D94C915 changes to CANDIDATE, lastRpcTime:5136, electionTimeout:5136ms
2019-10-14 09:45:10,385 [Thread-4134] INFO  impl.RoleInfo (RoleInfo.java:shutdownFollowerState(121)) - d13983dc-b0b6-41ad-b475-2b910e2f36de: shutdown FollowerState
2019-10-14 09:45:10,385 [Thread-4134] INFO  impl.RaftServerImpl (RaftServerImpl.java:setRole(174)) - d13983dc-b0b6-41ad-b475-2b910e2f36de@group-AC596D94C915: changes role from  FOLLOWER to CANDIDATE at term 0 for changeToCandidate
2019-10-14 09:45:10,385 [Thread-4134] INFO  impl.RoleInfo (RoleInfo.java:updateAndGet(143)) - d13983dc-b0b6-41ad-b475-2b910e2f36de: start LeaderElection
2019-10-14 09:45:10,404 [Thread-4137] INFO  impl.FollowerState (FollowerState.java:run(106)) - 2be2fac0-04ab-46f3-bf55-9c63f02fedac:group-AC596D94C915 changes to CANDIDATE, lastRpcTime:5136, electionTimeout:5136ms
2019-10-14 09:45:10,404 [Thread-4137] INFO  impl.RoleInfo (RoleInfo.java:shutdownFollowerState(121)) - 2be2fac0-04ab-46f3-bf55-9c63f02fedac: shutdown FollowerState
2019-10-14 09:45:10,404 [Thread-4137] INFO  impl.RaftServerImpl (RaftServerImpl.java:setRole(174)) - 2be2fac0-04ab-46f3-bf55-9c63f02fedac@group-AC596D94C915: changes role from  FOLLOWER to CANDIDATE at term 0 for changeToCandidate
2019-10-14 09:45:10,404 [Thread-4137] INFO  impl.RoleInfo (RoleInfo.java:updateAndGet(143)) - 2be2fac0-04ab-46f3-bf55-9c63f02fedac: start LeaderElection
2019-10-14 09:45:10,418 [d13983dc-b0b6-41ad-b475-2b910e2f36de@group-AC596D94C915:LeaderElection108] INFO  impl.LeaderElection (LeaderElection.java:askForVotes(182)) - d13983dc-b0b6-41ad-b475-2b910e2f36de@group-AC596D94C915:LeaderElection108: begin an election at term 1 for -1: [2be2fac0-04ab-46f3-bf55-9c63f02fedac:192.168.164.214:39062, 5b2bdeb4-7ea1-4df6-a88d-afaaea11e92e:192.168.164.214:43516, d13983dc-b0b6-41ad-b475-2b910e2f36de:192.168.164.214:42581], old=null
2019-10-14 09:45:10,424 [grpc-default-executor-16] INFO  impl.RaftServerImpl (RaftServerImpl.java:setRole(174)) - 5b2bdeb4-7ea1-4df6-a88d-afaaea11e92e@group-AC596D94C915: changes role from  FOLLOWER to FOLLOWER at term 1 for recognizeCandidate:d13983dc-b0b6-41ad-b475-2b910e2f36de
2019-10-14 09:45:10,424 [grpc-default-executor-16] INFO  impl.RoleInfo (RoleInfo.java:shutdownFollowerState(121)) - 5b2bdeb4-7ea1-4df6-a88d-afaaea11e92e: shutdown FollowerState
2019-10-14 09:45:10,424 [grpc-default-executor-16] INFO  impl.RoleInfo (RoleInfo.java:updateAndGet(143)) - 5b2bdeb4-7ea1-4df6-a88d-afaaea11e92e: start FollowerState
2019-10-14 09:45:10,424 [Thread-4138] INFO  impl.FollowerState (FollowerState.java:run(115)) - 5b2bdeb4-7ea1-4df6-a88d-afaaea11e92e: FollowerState was interrupted: java.lang.InterruptedException: sleep interrupted
2019-10-14 09:45:10,435 [2be2fac0-04ab-46f3-bf55-9c63f02fedac@group-AC596D94C915:LeaderElection109] INFO  impl.LeaderElection (LeaderElection.java:askForVotes(182)) - 2be2fac0-04ab-46f3-bf55-9c63f02fedac@group-AC596D94C915:LeaderElection109: begin an election at term 1 for -1: [2be2fac0-04ab-46f3-bf55-9c63f02fedac:192.168.164.214:39062, 5b2bdeb4-7ea1-4df6-a88d-afaaea11e92e:192.168.164.214:43516, d13983dc-b0b6-41ad-b475-2b910e2f36de:192.168.164.214:42581], old=null
2019-10-14 09:45:10,453 [d13983dc-b0b6-41ad-b475-2b910e2f36de@group-AC596D94C915:LeaderElection108] INFO  impl.LeaderElection (LeaderElection.java:logAndReturn(56)) - d13983dc-b0b6-41ad-b475-2b910e2f36de@group-AC596D94C915:LeaderElection108: Election PASSED; received 2 response(s) [d13983dc-b0b6-41ad-b475-2b910e2f36de<-2be2fac0-04ab-46f3-bf55-9c63f02fedac#0:FAIL-t1, d13983dc-b0b6-41ad-b475-2b910e2f36de<-5b2bdeb4-7ea1-4df6-a88d-afaaea11e92e#0:OK-t1] and 0 exception(s); d13983dc-b0b6-41ad-b475-2b910e2f36de@group-AC596D94C915:t1, leader=null, voted=d13983dc-b0b6-41ad-b475-2b910e2f36de, raftlog=d13983dc-b0b6-41ad-b475-2b910e2f36de@group-AC596D94C915-SegmentedRaftLog:OPENED:c-1,f-1,i0, conf=-1: [2be2fac0-04ab-46f3-bf55-9c63f02fedac:192.168.164.214:39062, 5b2bdeb4-7ea1-4df6-a88d-afaaea11e92e:192.168.164.214:43516, d13983dc-b0b6-41ad-b475-2b910e2f36de:192.168.164.214:42581], old=null
2019-10-14 09:45:10,453 [d13983dc-b0b6-41ad-b475-2b910e2f36de@group-AC596D94C915:LeaderElection108] INFO  impl.RoleInfo (RoleInfo.java:shutdownLeaderElection(134)) - d13983dc-b0b6-41ad-b475-2b910e2f36de: shutdown LeaderElection
2019-10-14 09:45:10,453 [d13983dc-b0b6-41ad-b475-2b910e2f36de@group-AC596D94C915:LeaderElection108] INFO  impl.RaftServerImpl (RaftServerImpl.java:setRole(174)) - d13983dc-b0b6-41ad-b475-2b910e2f36de@group-AC596D94C915: changes role from CANDIDATE to LEADER at term 1 for changeToLeader
2019-10-14 09:45:10,453 [d13983dc-b0b6-41ad-b475-2b910e2f36de@group-AC596D94C915:LeaderElection108] INFO  impl.RaftServerImpl (ServerState.java:setLeader(253)) - d13983dc-b0b6-41ad-b475-2b910e2f36de@group-AC596D94C915: change Leader from null to d13983dc-b0b6-41ad-b475-2b910e2f36de at term 1 for becomeLeader, leader elected after 5212ms
2019-10-14 09:45:10,454 [2be2fac0-04ab-46f3-bf55-9c63f02fedac@group-AC596D94C915:LeaderElection109] INFO  impl.LeaderElection (LeaderElection.java:logAndReturn(56)) - 2be2fac0-04ab-46f3-bf55-9c63f02fedac@group-AC596D94C915:LeaderElection109: Election REJECTED; received 2 response(s) [2be2fac0-04ab-46f3-bf55-9c63f02fedac<-5b2bdeb4-7ea1-4df6-a88d-afaaea11e92e#0:FAIL-t1, 2be2fac0-04ab-46f3-bf55-9c63f02fedac<-d13983dc-b0b6-41ad-b475-2b910e2f36de#0:FAIL-t1] and 0 exception(s); 2be2fac0-04ab-46f3-bf55-9c63f02fedac@group-AC596D94C915:t1, leader=null, voted=2be2fac0-04ab-46f3-bf55-9c63f02fedac, raftlog=2be2fac0-04ab-46f3-bf55-9c63f02fedac@group-AC596D94C915-SegmentedRaftLog:OPENED:c-1,f-1,i0, conf=-1: [2be2fac0-04ab-46f3-bf55-9c63f02fedac:192.168.164.214:39062, 5b2bdeb4-7ea1-4df6-a88d-afaaea11e92e:192.168.164.214:43516, d13983dc-b0b6-41ad-b475-2b910e2f36de:192.168.164.214:42581], old=null
2019-10-14 09:45:10,454 [d13983dc-b0b6-41ad-b475-2b910e2f36de@group-AC596D94C915:LeaderElection108] INFO  server.RaftServerConfigKeys (ConfUtils.java:logGet(43)) - raft.server.staging.catchup.gap = 1000 (default)
2019-10-14 09:45:10,457 [2be2fac0-04ab-46f3-bf55-9c63f02fedac@group-AC596D94C915:LeaderElection109] INFO  impl.RaftServerImpl (RaftServerImpl.java:setRole(174)) - 2be2fac0-04ab-46f3-bf55-9c63f02fedac@group-AC596D94C915: changes role from CANDIDATE to FOLLOWER at term 1 for DISCOVERED_A_NEW_TERM
2019-10-14 09:45:10,460 [2be2fac0-04ab-46f3-bf55-9c63f02fedac@group-AC596D94C915:LeaderElection109] INFO  impl.RoleInfo (RoleInfo.java:shutdownLeaderElection(134)) - 2be2fac0-04ab-46f3-bf55-9c63f02fedac: shutdown LeaderElection
2019-10-14 09:45:10,457 [d13983dc-b0b6-41ad-b475-2b910e2f36de@group-AC596D94C915:LeaderElection108] INFO  server.RaftServerConfigKeys (ConfUtils.java:logGet(43)) - raft.server.rpc.sleep.time = 25ms (default)
2019-10-14 09:45:10,460 [2be2fac0-04ab-46f3-bf55-9c63f02fedac@group-AC596D94C915:LeaderElection109] INFO  impl.RoleInfo (RoleInfo.java:updateAndGet(143)) - 2be2fac0-04ab-46f3-bf55-9c63f02fedac: start FollowerState
2019-10-14 09:45:10,460 [d13983dc-b0b6-41ad-b475-2b910e2f36de@group-AC596D94C915:LeaderElection108] INFO  server.RaftServerConfigKeys (ConfUtils.java:logGet(43)) - raft.server.write.element-limit = 4096 (default)
2019-10-14 09:45:10,460 [d13983dc-b0b6-41ad-b475-2b910e2f36de@group-AC596D94C915:LeaderElection108] INFO  server.RaftServerConfigKeys (ConfUtils.java:logGet(43)) - raft.server.watch.timeout = 10s (default)
2019-10-14 09:45:10,461 [d13983dc-b0b6-41ad-b475-2b910e2f36de@group-AC596D94C915:LeaderElection108] INFO  server.RaftServerConfigKeys (ConfUtils.java:logGet(43)) - raft.server.watch.timeout.denomination = 1s (default)
2019-10-14 09:45:10,461 [d13983dc-b0b6-41ad-b475-2b910e2f36de@group-AC596D94C915:LeaderElection108] INFO  server.RaftServerConfigKeys (ConfUtils.java:logGet(43)) - raft.server.watch.element-limit = 65536 (default)
2019-10-14 09:45:10,463 [d13983dc-b0b6-41ad-b475-2b910e2f36de@group-AC596D94C915:LeaderElection108] INFO  server.RaftServerConfigKeys (ConfUtils.java:logGet(43)) - raft.server.log.appender.snapshot.chunk.size.max = 16MB (=16777216) (default)
2019-10-14 09:45:10,463 [d13983dc-b0b6-41ad-b475-2b910e2f36de@group-AC596D94C915:LeaderElection108] INFO  server.RaftServerConfigKeys (ConfUtils.java:logGet(43)) - raft.server.log.appender.buffer.byte-limit = 33554432 (custom)
2019-10-14 09:45:10,463 [d13983dc-b0b6-41ad-b475-2b910e2f36de@group-AC596D94C915:LeaderElection108] INFO  server.RaftServerConfigKeys (ConfUtils.java:logGet(43)) - raft.server.log.appender.buffer.element-limit = 1 (custom)
2019-10-14 09:45:10,463 [d13983dc-b0b6-41ad-b475-2b910e2f36de@group-AC596D94C915:LeaderElection108] INFO  grpc.GrpcConfigKeys$Server (ConfUtils.java:logGet(43)) - raft.grpc.server.leader.outstanding.appends.max = 128 (default)
2019-10-14 09:45:10,463 [d13983dc-b0b6-41ad-b475-2b910e2f36de@group-AC596D94C915:LeaderElection108] INFO  server.RaftServerConfigKeys (ConfUtils.java:logGet(43)) - raft.server.rpc.request.timeout = 3000ms (default)
2019-10-14 09:45:10,464 [d13983dc-b0b6-41ad-b475-2b910e2f36de@group-AC596D94C915:LeaderElection108] INFO  server.RaftServerConfigKeys (ConfUtils.java:logGet(43)) - raft.server.log.appender.install.snapshot.enabled = false (custom)
2019-10-14 09:45:10,464 [d13983dc-b0b6-41ad-b475-2b910e2f36de@group-AC596D94C915:LeaderElection108] INFO  server.RaftServerConfigKeys (ConfUtils.java:logGet(43)) - raft.server.log.appender.snapshot.chunk.size.max = 16MB (=16777216) (default)
2019-10-14 09:45:10,464 [d13983dc-b0b6-41ad-b475-2b910e2f36de@group-AC596D94C915:LeaderElection108] INFO  server.RaftServerConfigKeys (ConfUtils.java:logGet(43)) - raft.server.log.appender.buffer.byte-limit = 33554432 (custom)
2019-10-14 09:45:10,464 [d13983dc-b0b6-41ad-b475-2b910e2f36de@group-AC596D94C915:LeaderElection108] INFO  server.RaftServerConfigKeys (ConfUtils.java:logGet(43)) - raft.server.log.appender.buffer.element-limit = 1 (custom)
2019-10-14 09:45:10,464 [d13983dc-b0b6-41ad-b475-2b910e2f36de@group-AC596D94C915:LeaderElection108] INFO  grpc.GrpcConfigKeys$Server (ConfUtils.java:logGet(43)) - raft.grpc.server.leader.outstanding.appends.max = 128 (default)
2019-10-14 09:45:10,464 [d13983dc-b0b6-41ad-b475-2b910e2f36de@group-AC596D94C915:LeaderElection108] INFO  server.RaftServerConfigKeys (ConfUtils.java:logGet(43)) - raft.server.rpc.request.timeout = 3000ms (default)
2019-10-14 09:45:10,465 [d13983dc-b0b6-41ad-b475-2b910e2f36de@group-AC596D94C915:LeaderElection108] INFO  server.RaftServerConfigKeys (ConfUtils.java:logGet(43)) - raft.server.log.appender.install.snapshot.enabled = false (custom)
2019-10-14 09:45:10,465 [d13983dc-b0b6-41ad-b475-2b910e2f36de@group-AC596D94C915:LeaderElection108] INFO  impl.RoleInfo (RoleInfo.java:updateAndGet(143)) - d13983dc-b0b6-41ad-b475-2b910e2f36de: start LeaderState
2019-10-14 09:45:10,465 [d13983dc-b0b6-41ad-b475-2b910e2f36de@group-AC596D94C915:LeaderElection108] INFO  segmented.SegmentedRaftLogWorker (SegmentedRaftLogWorker.java:startLogSegment(380)) - d13983dc-b0b6-41ad-b475-2b910e2f36de@group-AC596D94C915-SegmentedRaftLogWorker: Starting segment from index:0
2019-10-14 09:45:10,466 [d13983dc-b0b6-41ad-b475-2b910e2f36de@group-AC596D94C915:LeaderElection108] INFO  impl.RaftServerImpl (ServerState.java:setRaftConf(354)) - d13983dc-b0b6-41ad-b475-2b910e2f36de@group-AC596D94C915: set configuration 0: [2be2fac0-04ab-46f3-bf55-9c63f02fedac:192.168.164.214:39062, 5b2bdeb4-7ea1-4df6-a88d-afaaea11e92e:192.168.164.214:43516, d13983dc-b0b6-41ad-b475-2b910e2f36de:192.168.164.214:42581], old=null at 0
2019-10-14 09:45:10,467 [grpc-default-executor-16] INFO  impl.RaftServerImpl (ServerState.java:setLeader(253)) - 2be2fac0-04ab-46f3-bf55-9c63f02fedac@group-AC596D94C915: change Leader from null to d13983dc-b0b6-41ad-b475-2b910e2f36de at term 1 for appendEntries, leader elected after 5226ms
2019-10-14 09:45:10,493 [grpc-default-executor-15] INFO  impl.RaftServerImpl (ServerState.java:setLeader(253)) - 5b2bdeb4-7ea1-4df6-a88d-afaaea11e92e@group-AC596D94C915: change Leader from null to d13983dc-b0b6-41ad-b475-2b910e2f36de at term 1 for appendEntries, leader elected after 5251ms
2019-10-14 09:45:10,493 [Thread-4147] INFO  impl.FollowerState (FollowerState.java:run(106)) - 5cb57bc8-4f11-4646-be43-d873705a5003:group-9C1991127D58 changes to CANDIDATE, lastRpcTime:5092, electionTimeout:5087ms
2019-10-14 09:45:10,493 [Thread-4150] INFO  impl.FollowerState (FollowerState.java:run(106)) - ffc72186-1b59-4838-b97a-28de7241d76d:group-9C1991127D58 changes to CANDIDATE, lastRpcTime:5090, electionTimeout:5086ms
2019-10-14 09:45:10,493 [Thread-4147] INFO  impl.RoleInfo (RoleInfo.java:shutdownFollowerState(121)) - 5cb57bc8-4f11-4646-be43-d873705a5003: shutdown FollowerState
2019-10-14 09:45:10,493 [Thread-4150] INFO  impl.RoleInfo (RoleInfo.java:shutdownFollowerState(121)) - ffc72186-1b59-4838-b97a-28de7241d76d: shutdown FollowerState
2019-10-14 09:45:10,493 [Thread-4147] INFO  impl.RaftServerImpl (RaftServerImpl.java:setRole(174)) - 5cb57bc8-4f11-4646-be43-d873705a5003@group-9C1991127D58: changes role from  FOLLOWER to CANDIDATE at term 0 for changeToCandidate
2019-10-14 09:45:10,494 [Thread-4150] INFO  impl.RaftServerImpl (RaftServerImpl.java:setRole(174)) - ffc72186-1b59-4838-b97a-28de7241d76d@group-9C1991127D58: changes role from  FOLLOWER to CANDIDATE at term 0 for changeToCandidate
2019-10-14 09:45:10,494 [Thread-4147] INFO  impl.RoleInfo (RoleInfo.java:updateAndGet(143)) - 5cb57bc8-4f11-4646-be43-d873705a5003: start LeaderElection
2019-10-14 09:45:10,494 [Thread-4150] INFO  impl.RoleInfo (RoleInfo.java:updateAndGet(143)) - ffc72186-1b59-4838-b97a-28de7241d76d: start LeaderElection
2019-10-14 09:45:10,501 [grpc-default-executor-15] INFO  impl.RaftServerImpl (ServerState.java:setRaftConf(354)) - 5b2bdeb4-7ea1-4df6-a88d-afaaea11e92e@group-AC596D94C915: set configuration 0: [2be2fac0-04ab-46f3-bf55-9c63f02fedac:192.168.164.214:39062, 5b2bdeb4-7ea1-4df6-a88d-afaaea11e92e:192.168.164.214:43516, d13983dc-b0b6-41ad-b475-2b910e2f36de:192.168.164.214:42581], old=null at 0
2019-10-14 09:45:10,501 [grpc-default-executor-15] INFO  segmented.SegmentedRaftLogWorker (SegmentedRaftLogWorker.java:startLogSegment(380)) - 5b2bdeb4-7ea1-4df6-a88d-afaaea11e92e@group-AC596D94C915-SegmentedRaftLogWorker: Starting segment from index:0
2019-10-14 09:45:10,501 [grpc-default-executor-15] INFO  impl.RaftServerImpl (ServerState.java:setRaftConf(354)) - 2be2fac0-04ab-46f3-bf55-9c63f02fedac@group-AC596D94C915: set configuration 0: [2be2fac0-04ab-46f3-bf55-9c63f02fedac:192.168.164.214:39062, 5b2bdeb4-7ea1-4df6-a88d-afaaea11e92e:192.168.164.214:43516, d13983dc-b0b6-41ad-b475-2b910e2f36de:192.168.164.214:42581], old=null at 0
2019-10-14 09:45:10,502 [grpc-default-executor-15] INFO  segmented.SegmentedRaftLogWorker (SegmentedRaftLogWorker.java:startLogSegment(380)) - 2be2fac0-04ab-46f3-bf55-9c63f02fedac@group-AC596D94C915-SegmentedRaftLogWorker: Starting segment from index:0
2019-10-14 09:45:10,508 [Thread-4157] INFO  impl.FollowerState (FollowerState.java:run(106)) - 5b2bdeb4-7ea1-4df6-a88d-afaaea11e92e:group-A3C2AC2AC23E changes to CANDIDATE, lastRpcTime:5035, electionTimeout:5035ms
2019-10-14 09:45:10,508 [Thread-4157] INFO  impl.RoleInfo (RoleInfo.java:shutdownFollowerState(121)) - 5b2bdeb4-7ea1-4df6-a88d-afaaea11e92e: shutdown FollowerState
2019-10-14 09:45:10,508 [Thread-4157] INFO  impl.RaftServerImpl (RaftServerImpl.java:setRole(174)) - 5b2bdeb4-7ea1-4df6-a88d-afaaea11e92e@group-A3C2AC2AC23E: changes role from  FOLLOWER to CANDIDATE at term 0 for changeToCandidate
2019-10-14 09:45:10,508 [Thread-4157] INFO  impl.RoleInfo (RoleInfo.java:updateAndGet(143)) - 5b2bdeb4-7ea1-4df6-a88d-afaaea11e92e: start LeaderElection
2019-10-14 09:45:10,542 [d13983dc-b0b6-41ad-b475-2b910e2f36de@group-AC596D94C915-SegmentedRaftLogWorker] INFO  segmented.SegmentedRaftLogWorker (SegmentedRaftLogWorker.java:execute(569)) - d13983dc-b0b6-41ad-b475-2b910e2f36de@group-AC596D94C915-SegmentedRaftLogWorker: created new log segment /workdir/hadoop-ozone/integration-test/target/test-dir/MiniOzoneClusterImpl-65bd215d-14c9-4112-ac30-b7a247fd80ea/datanode-3/data/ratis/504c6ea9-7239-48ad-ba91-ac596d94c915/current/log_inprogress_0
2019-10-14 09:45:10,543 [ffc72186-1b59-4838-b97a-28de7241d76d@group-9C1991127D58:LeaderElection111] INFO  impl.LeaderElection (LeaderElection.java:askForVotes(182)) - ffc72186-1b59-4838-b97a-28de7241d76d@group-9C1991127D58:LeaderElection111: begin an election at term 1 for -1: [5cb57bc8-4f11-4646-be43-d873705a5003:192.168.164.214:33921, 5b2bdeb4-7ea1-4df6-a88d-afaaea11e92e:192.168.164.214:43516, ffc72186-1b59-4838-b97a-28de7241d76d:192.168.164.214:33403], old=null
2019-10-14 09:45:10,543 [5cb57bc8-4f11-4646-be43-d873705a5003@group-9C1991127D58:LeaderElection110] INFO  impl.LeaderElection (LeaderElection.java:askForVotes(182)) - 5cb57bc8-4f11-4646-be43-d873705a5003@group-9C1991127D58:LeaderElection110: begin an election at term 1 for -1: [5cb57bc8-4f11-4646-be43-d873705a5003:192.168.164.214:33921, 5b2bdeb4-7ea1-4df6-a88d-afaaea11e92e:192.168.164.214:43516, ffc72186-1b59-4838-b97a-28de7241d76d:192.168.164.214:33403], old=null
2019-10-14 09:45:10,696 [Thread-4168] INFO  impl.FollowerState (FollowerState.java:run(106)) - 5cb57bc8-4f11-4646-be43-d873705a5003:group-2D6C0FC78493 changes to CANDIDATE, lastRpcTime:5120, electionTimeout:5109ms
2019-10-14 09:45:10,697 [Thread-4168] INFO  impl.RoleInfo (RoleInfo.java:shutdownFollowerState(121)) - 5cb57bc8-4f11-4646-be43-d873705a5003: shutdown FollowerState
2019-10-14 09:45:10,704 [Thread-4162] INFO  impl.FollowerState (FollowerState.java:run(106)) - ffc72186-1b59-4838-b97a-28de7241d76d:group-2D6C0FC78493 changes to CANDIDATE, lastRpcTime:5150, electionTimeout:5129ms
2019-10-14 09:45:10,704 [Thread-4168] INFO  impl.RaftServerImpl (RaftServerImpl.java:setRole(174)) - 5cb57bc8-4f11-4646-be43-d873705a5003@group-2D6C0FC78493: changes role from  FOLLOWER to CANDIDATE at term 0 for changeToCandidate
2019-10-14 09:45:10,704 [5b2bdeb4-7ea1-4df6-a88d-afaaea11e92e@group-AC596D94C915-SegmentedRaftLogWorker] INFO  segmented.SegmentedRaftLogWorker (SegmentedRaftLogWorker.java:execute(569)) - 5b2bdeb4-7ea1-4df6-a88d-afaaea11e92e@group-AC596D94C915-SegmentedRaftLogWorker: created new log segment /workdir/hadoop-ozone/integration-test/target/test-dir/MiniOzoneClusterImpl-65bd215d-14c9-4112-ac30-b7a247fd80ea/datanode-4/data/ratis/504c6ea9-7239-48ad-ba91-ac596d94c915/current/log_inprogress_0
2019-10-14 09:45:10,704 [Thread-4158] INFO  impl.FollowerState (FollowerState.java:run(106)) - 5cb57bc8-4f11-4646-be43-d873705a5003:group-A3C2AC2AC23E changes to CANDIDATE, lastRpcTime:5231, electionTimeout:5110ms
2019-10-14 09:45:10,710 [Thread-4166] INFO  impl.FollowerState (FollowerState.java:run(106)) - d13983dc-b0b6-41ad-b475-2b910e2f36de:group-2D6C0FC78493 changes to CANDIDATE, lastRpcTime:5148, electionTimeout:5009ms
2019-10-14 09:45:10,710 [Thread-4162] INFO  impl.RoleInfo (RoleInfo.java:shutdownFollowerState(121)) - ffc72186-1b59-4838-b97a-28de7241d76d: shutdown FollowerState
2019-10-14 09:45:10,710 [Thread-4153] INFO  impl.FollowerState (FollowerState.java:run(106)) - ffc72186-1b59-4838-b97a-28de7241d76d:group-A3C2AC2AC23E changes to CANDIDATE, lastRpcTime:5235, electionTimeout:5083ms
2019-10-14 09:45:10,710 [2be2fac0-04ab-46f3-bf55-9c63f02fedac@group-AC596D94C915-SegmentedRaftLogWorker] INFO  segmented.SegmentedRaftLogWorker (SegmentedRaftLogWorker.java:execute(569)) - 2be2fac0-04ab-46f3-bf55-9c63f02fedac@group-AC596D94C915-SegmentedRaftLogWorker: created new log segment /workdir/hadoop-ozone/integration-test/target/test-dir/MiniOzoneClusterImpl-65bd215d-14c9-4112-ac30-b7a247fd80ea/datanode-1/data/ratis/504c6ea9-7239-48ad-ba91-ac596d94c915/current/log_inprogress_0
2019-10-14 09:45:10,710 [Thread-4146] INFO  impl.FollowerState (FollowerState.java:run(106)) - 5b2bdeb4-7ea1-4df6-a88d-afaaea11e92e:group-9C1991127D58 changes to CANDIDATE, lastRpcTime:5304, electionTimeout:5200ms
2019-10-14 09:45:10,710 [Thread-4168] INFO  impl.RoleInfo (RoleInfo.java:updateAndGet(143)) - 5cb57bc8-4f11-4646-be43-d873705a5003: start LeaderElection
2019-10-14 09:45:10,728 [Thread-4146] INFO  impl.RoleInfo (RoleInfo.java:shutdownFollowerState(121)) - 5b2bdeb4-7ea1-4df6-a88d-afaaea11e92e: shutdown FollowerState
2019-10-14 09:45:10,718 [Thread-4153] INFO  impl.RoleInfo (RoleInfo.java:shutdownFollowerState(121)) - ffc72186-1b59-4838-b97a-28de7241d76d: shutdown FollowerState
2019-10-14 09:45:10,717 [Thread-4158] INFO  impl.RoleInfo (RoleInfo.java:shutdownFollowerState(121)) - 5cb57bc8-4f11-4646-be43-d873705a5003: shutdown FollowerState
2019-10-14 09:45:10,717 [Thread-4162] INFO  impl.RaftServerImpl (RaftServerImpl.java:setRole(174)) - ffc72186-1b59-4838-b97a-28de7241d76d@group-2D6C0FC78493: changes role from  FOLLOWER to CANDIDATE at term 0 for changeToCandidate
2019-10-14 09:45:10,717 [Thread-4166] INFO  impl.RoleInfo (RoleInfo.java:shutdownFollowerState(121)) - d13983dc-b0b6-41ad-b475-2b910e2f36de: shutdown FollowerState
2019-10-14 09:45:10,717 [5b2bdeb4-7ea1-4df6-a88d-afaaea11e92e@group-A3C2AC2AC23E:LeaderElection112] INFO  impl.LeaderElection (LeaderElection.java:askForVotes(182)) - 5b2bdeb4-7ea1-4df6-a88d-afaaea11e92e@group-A3C2AC2AC23E:LeaderElection112: begin an election at term 1 for -1: [5cb57bc8-4f11-4646-be43-d873705a5003:192.168.164.214:33921, 5b2bdeb4-7ea1-4df6-a88d-afaaea11e92e:192.168.164.214:43516, ffc72186-1b59-4838-b97a-28de7241d76d:192.168.164.214:33403], old=null
2019-10-14 09:45:10,734 [Thread-4166] INFO  impl.RaftServerImpl (RaftServerImpl.java:setRole(174)) - d13983dc-b0b6-41ad-b475-2b910e2f36de@group-2D6C0FC78493: changes role from  FOLLOWER to CANDIDATE at term 0 for changeToCandidate
2019-10-14 09:45:10,734 [Thread-4158] INFO  impl.RaftServerImpl (RaftServerImpl.java:setRole(174)) - 5cb57bc8-4f11-4646-be43-d873705a5003@group-A3C2AC2AC23E: changes role from  FOLLOWER to CANDIDATE at term 0 for changeToCandidate
2019-10-14 09:45:10,733 [Thread-4153] INFO  impl.RaftServerImpl (RaftServerImpl.java:setRole(174)) - ffc72186-1b59-4838-b97a-28de7241d76d@group-A3C2AC2AC23E: changes role from  FOLLOWER to CANDIDATE at term 0 for changeToCandidate
2019-10-14 09:45:10,733 [Thread-4146] INFO  impl.RaftServerImpl (RaftServerImpl.java:setRole(174)) - 5b2bdeb4-7ea1-4df6-a88d-afaaea11e92e@group-9C1991127D58: changes role from  FOLLOWER to CANDIDATE at term 0 for changeToCandidate
2019-10-14 09:45:10,740 [Thread-4162] INFO  impl.RoleInfo (RoleInfo.java:updateAndGet(143)) - ffc72186-1b59-4838-b97a-28de7241d76d: start LeaderElection
2019-10-14 09:45:10,745 [Thread-4171] INFO  impl.FollowerState (FollowerState.java:run(106)) - 5b2bdeb4-7ea1-4df6-a88d-afaaea11e92e:group-7C8B209EF9AB changes to CANDIDATE, lastRpcTime:5097, electionTimeout:5082ms
2019-10-14 09:45:10,750 [Thread-4171] INFO  impl.RoleInfo (RoleInfo.java:shutdownFollowerState(121)) - 5b2bdeb4-7ea1-4df6-a88d-afaaea11e92e: shutdown FollowerState
2019-10-14 09:45:10,762 [Thread-4171] INFO  impl.RaftServerImpl (RaftServerImpl.java:setRole(174)) - 5b2bdeb4-7ea1-4df6-a88d-afaaea11e92e@group-7C8B209EF9AB: changes role from  FOLLOWER to CANDIDATE at term 0 for changeToCandidate
2019-10-14 09:45:10,767 [Thread-4146] INFO  impl.RoleInfo (RoleInfo.java:updateAndGet(143)) - 5b2bdeb4-7ea1-4df6-a88d-afaaea11e92e: start LeaderElection
2019-10-14 09:45:10,783 [Thread-4153] INFO  impl.RoleInfo (RoleInfo.java:updateAndGet(143)) - ffc72186-1b59-4838-b97a-28de7241d76d: start LeaderElection
2019-10-14 09:45:10,789 [Thread-4171] INFO  impl.RoleInfo (RoleInfo.java:updateAndGet(143)) - 5b2bdeb4-7ea1-4df6-a88d-afaaea11e92e: start LeaderElection
2019-10-14 09:45:10,783 [grpc-default-executor-11] INFO  impl.RaftServerImpl (RaftServerImpl.java:setRole(174)) - 5b2bdeb4-7ea1-4df6-a88d-afaaea11e92e@group-9C1991127D58: changes role from CANDIDATE to FOLLOWER at term 1 for recognizeCandidate:5cb57bc8-4f11-4646-be43-d873705a5003
2019-10-14 09:45:10,783 [Thread-4158] INFO  impl.RoleInfo (RoleInfo.java:updateAndGet(143)) - 5cb57bc8-4f11-4646-be43-d873705a5003: start LeaderElection
2019-10-14 09:45:10,783 [Thread-4166] INFO  impl.RoleInfo (RoleInfo.java:updateAndGet(143)) - d13983dc-b0b6-41ad-b475-2b910e2f36de: start LeaderElection
2019-10-14 09:45:10,807 [grpc-default-executor-11] INFO  impl.RoleInfo (RoleInfo.java:shutdownLeaderElection(134)) - 5b2bdeb4-7ea1-4df6-a88d-afaaea11e92e: shutdown LeaderElection
2019-10-14 09:45:10,842 [grpc-default-executor-11] INFO  impl.RoleInfo (RoleInfo.java:updateAndGet(143)) - 5b2bdeb4-7ea1-4df6-a88d-afaaea11e92e: start FollowerState
2019-10-14 09:45:10,845 [ffc72186-1b59-4838-b97a-28de7241d76d@group-2D6C0FC78493:LeaderElection114] INFO  impl.LeaderElection (LeaderElection.java:askForVotes(182)) - ffc72186-1b59-4838-b97a-28de7241d76d@group-2D6C0FC78493:LeaderElection114: begin an election at term 1 for -1: [5cb57bc8-4f11-4646-be43-d873705a5003:192.168.164.214:33921, d13983dc-b0b6-41ad-b475-2b910e2f36de:192.168.164.214:42581, ffc72186-1b59-4838-b97a-28de7241d76d:192.168.164.214:33403], old=null
2019-10-14 09:45:10,845 [ffc72186-1b59-4838-b97a-28de7241d76d@group-A3C2AC2AC23E:LeaderElection117] INFO  impl.LeaderElection (LeaderElection.java:askForVotes(182)) - ffc72186-1b59-4838-b97a-28de7241d76d@group-A3C2AC2AC23E:LeaderElection117: begin an election at term 1 for -1: [5cb57bc8-4f11-4646-be43-d873705a5003:192.168.164.214:33921, 5b2bdeb4-7ea1-4df6-a88d-afaaea11e92e:192.168.164.214:43516, ffc72186-1b59-4838-b97a-28de7241d76d:192.168.164.214:33403], old=null
2019-10-14 09:45:10,901 [grpc-default-executor-15] INFO  impl.RaftServerImpl (RaftServerImpl.java:setRole(174)) - 5b2bdeb4-7ea1-4df6-a88d-afaaea11e92e@group-9C1991127D58: changes role from  FOLLOWER to FOLLOWER at term 1 for recognizeCandidate:ffc72186-1b59-4838-b97a-28de7241d76d
2019-10-14 09:45:10,901 [5cb57bc8-4f11-4646-be43-d873705a5003@group-2D6C0FC78493:LeaderElection113] INFO  impl.LeaderElection (LeaderElection.java:askForVotes(182)) - 5cb57bc8-4f11-4646-be43-d873705a5003@group-2D6C0FC78493:LeaderElection113: begin an election at term 1 for -1: [5cb57bc8-4f11-4646-be43-d873705a5003:192.168.164.214:33921, d13983dc-b0b6-41ad-b475-2b910e2f36de:192.168.164.214:42581, ffc72186-1b59-4838-b97a-28de7241d76d:192.168.164.214:33403], old=null
2019-10-14 09:45:10,901 [grpc-default-executor-15] INFO  impl.RoleInfo (RoleInfo.java:shutdownFollowerState(121)) - 5b2bdeb4-7ea1-4df6-a88d-afaaea11e92e: shutdown FollowerState
2019-10-14 09:45:10,901 [5b2bdeb4-7ea1-4df6-a88d-afaaea11e92e@group-7C8B209EF9AB:LeaderElection119] INFO  impl.LeaderElection (LeaderElection.java:askForVotes(182)) - 5b2bdeb4-7ea1-4df6-a88d-afaaea11e92e@group-7C8B209EF9AB:LeaderElection119: begin an election at term 1 for -1: [5b2bdeb4-7ea1-4df6-a88d-afaaea11e92e:192.168.164.214:43516], old=null
2019-10-14 09:45:10,901 [5cb57bc8-4f11-4646-be43-d873705a5003@group-A3C2AC2AC23E:LeaderElection116] INFO  impl.LeaderElection (LeaderElection.java:askForVotes(182)) - 5cb57bc8-4f11-4646-be43-d873705a5003@group-A3C2AC2AC23E:LeaderElection116: begin an election at term 1 for -1: [5cb57bc8-4f11-4646-be43-d873705a5003:192.168.164.214:33921, 5b2bdeb4-7ea1-4df6-a88d-afaaea11e92e:192.168.164.214:43516, ffc72186-1b59-4838-b97a-28de7241d76d:192.168.164.214:33403], old=null
2019-10-14 09:45:10,901 [d13983dc-b0b6-41ad-b475-2b910e2f36de@group-2D6C0FC78493:LeaderElection115] INFO  impl.LeaderElection (LeaderElection.java:askForVotes(182)) - d13983dc-b0b6-41ad-b475-2b910e2f36de@group-2D6C0FC78493:LeaderElection115: begin an election at term 1 for -1: [5cb57bc8-4f11-4646-be43-d873705a5003:192.168.164.214:33921, d13983dc-b0b6-41ad-b475-2b910e2f36de:192.168.164.214:42581, ffc72186-1b59-4838-b97a-28de7241d76d:192.168.164.214:33403], old=null
2019-10-14 09:45:10,901 [5b2bdeb4-7ea1-4df6-a88d-afaaea11e92e@group-7C8B209EF9AB:LeaderElection119] INFO  impl.RoleInfo (RoleInfo.java:shutdownLeaderElection(134)) - 5b2bdeb4-7ea1-4df6-a88d-afaaea11e92e: shutdown LeaderElection
2019-10-14 09:45:10,901 [Thread-4253] INFO  impl.FollowerState (FollowerState.java:run(115)) - 5b2bdeb4-7ea1-4df6-a88d-afaaea11e92e: FollowerState was interrupted: java.lang.InterruptedException: sleep interrupted
2019-10-14 09:45:10,901 [grpc-default-executor-15] INFO  impl.RoleInfo (RoleInfo.java:updateAndGet(143)) - 5b2bdeb4-7ea1-4df6-a88d-afaaea11e92e: start FollowerState
2019-10-14 09:45:10,915 [5b2bdeb4-7ea1-4df6-a88d-afaaea11e92e@group-7C8B209EF9AB:LeaderElection119] INFO  impl.RaftServerImpl (RaftServerImpl.java:setRole(174)) - 5b2bdeb4-7ea1-4df6-a88d-afaaea11e92e@group-7C8B209EF9AB: changes role from CANDIDATE to LEADER at term 1 for changeToLeader
2019-10-14 09:45:10,915 [5b2bdeb4-7ea1-4df6-a88d-afaaea11e92e@group-7C8B209EF9AB:LeaderElection119] INFO  impl.RaftServerImpl (ServerState.java:setLeader(253)) - 5b2bdeb4-7ea1-4df6-a88d-afaaea11e92e@group-7C8B209EF9AB: change Leader from null to 5b2bdeb4-7ea1-4df6-a88d-afaaea11e92e at term 1 for becomeLeader, leader elected after 5277ms
2019-10-14 09:45:10,915 [5b2bdeb4-7ea1-4df6-a88d-afaaea11e92e@group-7C8B209EF9AB:LeaderElection119] INFO  server.RaftServerConfigKeys (ConfUtils.java:logGet(43)) - raft.server.staging.catchup.gap = 1000 (default)
2019-10-14 09:45:10,915 [5b2bdeb4-7ea1-4df6-a88d-afaaea11e92e@group-7C8B209EF9AB:LeaderElection119] INFO  server.RaftServerConfigKeys (ConfUtils.java:logGet(43)) - raft.server.rpc.sleep.time = 25ms (default)
2019-10-14 09:45:10,916 [5cb57bc8-4f11-4646-be43-d873705a5003@group-9C1991127D58:LeaderElection110] INFO  impl.LeaderElection (LeaderElection.java:logAndReturn(56)) - 5cb57bc8-4f11-4646-be43-d873705a5003@group-9C1991127D58:LeaderElection110: Election REJECTED; received 2 response(s) [5cb57bc8-4f11-4646-be43-d873705a5003<-5b2bdeb4-7ea1-4df6-a88d-afaaea11e92e#0:FAIL-t1, 5cb57bc8-4f11-4646-be43-d873705a5003<-ffc72186-1b59-4838-b97a-28de7241d76d#0:FAIL-t1] and 0 exception(s); 5cb57bc8-4f11-4646-be43-d873705a5003@group-9C1991127D58:t1, leader=null, voted=5cb57bc8-4f11-4646-be43-d873705a5003, raftlog=5cb57bc8-4f11-4646-be43-d873705a5003@group-9C1991127D58-SegmentedRaftLog:OPENED:c-1,f-1,i0, conf=-1: [5cb57bc8-4f11-4646-be43-d873705a5003:192.168.164.214:33921, 5b2bdeb4-7ea1-4df6-a88d-afaaea11e92e:192.168.164.214:43516, ffc72186-1b59-4838-b97a-28de7241d76d:192.168.164.214:33403], old=null
2019-10-14 09:45:10,916 [5b2bdeb4-7ea1-4df6-a88d-afaaea11e92e@group-7C8B209EF9AB:LeaderElection119] INFO  server.RaftServerConfigKeys (ConfUtils.java:logGet(43)) - raft.server.write.element-limit = 4096 (default)
2019-10-14 09:45:10,916 [5cb57bc8-4f11-4646-be43-d873705a5003@group-9C1991127D58:LeaderElection110] INFO  impl.RaftServerImpl (RaftServerImpl.java:setRole(174)) - 5cb57bc8-4f11-4646-be43-d873705a5003@group-9C1991127D58: changes role from CANDIDATE to FOLLOWER at term 1 for DISCOVERED_A_NEW_TERM
2019-10-14 09:45:10,916 [5b2bdeb4-7ea1-4df6-a88d-afaaea11e92e@group-7C8B209EF9AB:LeaderElection119] INFO  server.RaftServerConfigKeys (ConfUtils.java:logGet(43)) - raft.server.watch.timeout = 10s (default)
2019-10-14 09:45:10,919 [5cb57bc8-4f11-4646-be43-d873705a5003@group-9C1991127D58:LeaderElection110] INFO  impl.RoleInfo (RoleInfo.java:shutdownLeaderElection(134)) - 5cb57bc8-4f11-4646-be43-d873705a5003: shutdown LeaderElection
2019-10-14 09:45:10,920 [5b2bdeb4-7ea1-4df6-a88d-afaaea11e92e@group-7C8B209EF9AB:LeaderElection119] INFO  server.RaftServerConfigKeys (ConfUtils.java:logGet(43)) - raft.server.watch.timeout.denomination = 1s (default)
2019-10-14 09:45:10,922 [5cb57bc8-4f11-4646-be43-d873705a5003@group-9C1991127D58:LeaderElection110] INFO  impl.RoleInfo (RoleInfo.java:updateAndGet(143)) - 5cb57bc8-4f11-4646-be43-d873705a5003: start FollowerState
2019-10-14 09:45:10,922 [5b2bdeb4-7ea1-4df6-a88d-afaaea11e92e@group-7C8B209EF9AB:LeaderElection119] INFO  server.RaftServerConfigKeys (ConfUtils.java:logGet(43)) - raft.server.watch.element-limit = 65536 (default)
2019-10-14 09:45:10,931 [5b2bdeb4-7ea1-4df6-a88d-afaaea11e92e@group-A3C2AC2AC23E:LeaderElection112] INFO  impl.LeaderElection (LeaderElection.java:logAndReturn(56)) - 5b2bdeb4-7ea1-4df6-a88d-afaaea11e92e@group-A3C2AC2AC23E:LeaderElection112: Election REJECTED; received 2 response(s) [5b2bdeb4-7ea1-4df6-a88d-afaaea11e92e<-5cb57bc8-4f11-4646-be43-d873705a5003#0:FAIL-t1, 5b2bdeb4-7ea1-4df6-a88d-afaaea11e92e<-ffc72186-1b59-4838-b97a-28de7241d76d#0:FAIL-t1] and 0 exception(s); 5b2bdeb4-7ea1-4df6-a88d-afaaea11e92e@group-A3C2AC2AC23E:t1, leader=null, voted=5b2bdeb4-7ea1-4df6-a88d-afaaea11e92e, raftlog=5b2bdeb4-7ea1-4df6-a88d-afaaea11e92e@group-A3C2AC2AC23E-SegmentedRaftLog:OPENED:c-1,f-1,i0, conf=-1: [5cb57bc8-4f11-4646-be43-d873705a5003:192.168.164.214:33921, 5b2bdeb4-7ea1-4df6-a88d-afaaea11e92e:192.168.164.214:43516, ffc72186-1b59-4838-b97a-28de7241d76d:192.168.164.214:33403], old=null
2019-10-14 09:45:10,931 [5b2bdeb4-7ea1-4df6-a88d-afaaea11e92e@group-A3C2AC2AC23E:LeaderElection112] INFO  impl.RaftServerImpl (RaftServerImpl.java:setRole(174)) - 5b2bdeb4-7ea1-4df6-a88d-afaaea11e92e@group-A3C2AC2AC23E: changes role from CANDIDATE to FOLLOWER at term 1 for DISCOVERED_A_NEW_TERM
2019-10-14 09:45:10,931 [5b2bdeb4-7ea1-4df6-a88d-afaaea11e92e@group-A3C2AC2AC23E:LeaderElection112] INFO  impl.RoleInfo (RoleInfo.java:shutdownLeaderElection(134)) - 5b2bdeb4-7ea1-4df6-a88d-afaaea11e92e: shutdown LeaderElection
2019-10-14 09:45:10,931 [5b2bdeb4-7ea1-4df6-a88d-afaaea11e92e@group-A3C2AC2AC23E:LeaderElection112] INFO  impl.RoleInfo (RoleInfo.java:updateAndGet(143)) - 5b2bdeb4-7ea1-4df6-a88d-afaaea11e92e: start FollowerState
2019-10-14 09:45:10,931 [ffc72186-1b59-4838-b97a-28de7241d76d@group-A3C2AC2AC23E:LeaderElection117] INFO  impl.LeaderElection (LeaderElection.java:logAndReturn(56)) - ffc72186-1b59-4838-b97a-28de7241d76d@group-A3C2AC2AC23E:LeaderElection117: Election REJECTED; received 2 response(s) [ffc72186-1b59-4838-b97a-28de7241d76d<-5cb57bc8-4f11-4646-be43-d873705a5003#0:FAIL-t1, ffc72186-1b59-4838-b97a-28de7241d76d<-5b2bdeb4-7ea1-4df6-a88d-afaaea11e92e#0:FAIL-t1] and 0 exception(s); ffc72186-1b59-4838-b97a-28de7241d76d@group-A3C2AC2AC23E:t1, leader=null, voted=ffc72186-1b59-4838-b97a-28de7241d76d, raftlog=ffc72186-1b59-4838-b97a-28de7241d76d@group-A3C2AC2AC23E-SegmentedRaftLog:OPENED:c-1,f-1,i0, conf=-1: [5cb57bc8-4f11-4646-be43-d873705a5003:192.168.164.214:33921, 5b2bdeb4-7ea1-4df6-a88d-afaaea11e92e:192.168.164.214:43516, ffc72186-1b59-4838-b97a-28de7241d76d:192.168.164.214:33403], old=null
2019-10-14 09:45:10,935 [ffc72186-1b59-4838-b97a-28de7241d76d@group-A3C2AC2AC23E:LeaderElection117] INFO  impl.RaftServerImpl (RaftServerImpl.java:setRole(174)) - ffc72186-1b59-4838-b97a-28de7241d76d@group-A3C2AC2AC23E: changes role from CANDIDATE to FOLLOWER at term 1 for DISCOVERED_A_NEW_TERM
2019-10-14 09:45:10,935 [ffc72186-1b59-4838-b97a-28de7241d76d@group-A3C2AC2AC23E:LeaderElection117] INFO  impl.RoleInfo (RoleInfo.java:shutdownLeaderElection(134)) - ffc72186-1b59-4838-b97a-28de7241d76d: shutdown LeaderElection
2019-10-14 09:45:10,931 [5cb57bc8-4f11-4646-be43-d873705a5003@group-A3C2AC2AC23E:LeaderElection116] INFO  impl.LeaderElection (LeaderElection.java:logAndReturn(56)) - 5cb57bc8-4f11-4646-be43-d873705a5003@group-A3C2AC2AC23E:LeaderElection116: Election REJECTED; received 2 response(s) [5cb57bc8-4f11-4646-be43-d873705a5003<-5b2bdeb4-7ea1-4df6-a88d-afaaea11e92e#0:FAIL-t1, 5cb57bc8-4f11-4646-be43-d873705a5003<-ffc72186-1b59-4838-b97a-28de7241d76d#0:FAIL-t1] and 0 exception(s); 5cb57bc8-4f11-4646-be43-d873705a5003@group-A3C2AC2AC23E:t1, leader=null, voted=5cb57bc8-4f11-4646-be43-d873705a5003, raftlog=5cb57bc8-4f11-4646-be43-d873705a5003@group-A3C2AC2AC23E-SegmentedRaftLog:OPENED:c-1,f-1,i0, conf=-1: [5cb57bc8-4f11-4646-be43-d873705a5003:192.168.164.214:33921, 5b2bdeb4-7ea1-4df6-a88d-afaaea11e92e:192.168.164.214:43516, ffc72186-1b59-4838-b97a-28de7241d76d:192.168.164.214:33403], old=null
2019-10-14 09:45:10,938 [5cb57bc8-4f11-4646-be43-d873705a5003@group-A3C2AC2AC23E:LeaderElection116] INFO  impl.RaftServerImpl (RaftServerImpl.java:setRole(174)) - 5cb57bc8-4f11-4646-be43-d873705a5003@group-A3C2AC2AC23E: changes role from CANDIDATE to FOLLOWER at term 1 for DISCOVERED_A_NEW_TERM
2019-10-14 09:45:10,938 [5cb57bc8-4f11-4646-be43-d873705a5003@group-A3C2AC2AC23E:LeaderElection116] INFO  impl.RoleInfo (RoleInfo.java:shutdownLeaderElection(134)) - 5cb57bc8-4f11-4646-be43-d873705a5003: shutdown LeaderElection
2019-10-14 09:45:10,938 [ffc72186-1b59-4838-b97a-28de7241d76d@group-A3C2AC2AC23E:LeaderElection117] INFO  impl.RoleInfo (RoleInfo.java:updateAndGet(143)) - ffc72186-1b59-4838-b97a-28de7241d76d: start FollowerState
2019-10-14 09:45:10,941 [5cb57bc8-4f11-4646-be43-d873705a5003@group-A3C2AC2AC23E:LeaderElection116] INFO  impl.RoleInfo (RoleInfo.java:updateAndGet(143)) - 5cb57bc8-4f11-4646-be43-d873705a5003: start FollowerState
2019-10-14 09:45:10,943 [ffc72186-1b59-4838-b97a-28de7241d76d@group-9C1991127D58:LeaderElection111] INFO  impl.LeaderElection (LeaderElection.java:logAndReturn(56)) - ffc72186-1b59-4838-b97a-28de7241d76d@group-9C1991127D58:LeaderElection111: Election PASSED; received 2 response(s) [ffc72186-1b59-4838-b97a-28de7241d76d<-5cb57bc8-4f11-4646-be43-d873705a5003#0:FAIL-t1, ffc72186-1b59-4838-b97a-28de7241d76d<-5b2bdeb4-7ea1-4df6-a88d-afaaea11e92e#0:OK-t1] and 0 exception(s); ffc72186-1b59-4838-b97a-28de7241d76d@group-9C1991127D58:t1, leader=null, voted=ffc72186-1b59-4838-b97a-28de7241d76d, raftlog=ffc72186-1b59-4838-b97a-28de7241d76d@group-9C1991127D58-SegmentedRaftLog:OPENED:c-1,f-1,i0, conf=-1: [5cb57bc8-4f11-4646-be43-d873705a5003:192.168.164.214:33921, 5b2bdeb4-7ea1-4df6-a88d-afaaea11e92e:192.168.164.214:43516, ffc72186-1b59-4838-b97a-28de7241d76d:192.168.164.214:33403], old=null
2019-10-14 09:45:10,943 [ffc72186-1b59-4838-b97a-28de7241d76d@group-9C1991127D58:LeaderElection111] INFO  impl.RoleInfo (RoleInfo.java:shutdownLeaderElection(134)) - ffc72186-1b59-4838-b97a-28de7241d76d: shutdown LeaderElection
2019-10-14 09:45:10,945 [ffc72186-1b59-4838-b97a-28de7241d76d@group-9C1991127D58:LeaderElection111] INFO  impl.RaftServerImpl (RaftServerImpl.java:setRole(174)) - ffc72186-1b59-4838-b97a-28de7241d76d@group-9C1991127D58: changes role from CANDIDATE to LEADER at term 1 for changeToLeader
2019-10-14 09:45:10,945 [ffc72186-1b59-4838-b97a-28de7241d76d@group-9C1991127D58:LeaderElection111] INFO  impl.RaftServerImpl (ServerState.java:setLeader(253)) - ffc72186-1b59-4838-b97a-28de7241d76d@group-9C1991127D58: change Leader from null to ffc72186-1b59-4838-b97a-28de7241d76d at term 1 for becomeLeader, leader elected after 5553ms
2019-10-14 09:45:10,946 [ffc72186-1b59-4838-b97a-28de7241d76d@group-2D6C0FC78493:LeaderElection114] INFO  impl.LeaderElection (LeaderElection.java:logAndReturn(56)) - ffc72186-1b59-4838-b97a-28de7241d76d@group-2D6C0FC78493:LeaderElection114: Election REJECTED; received 2 response(s) [ffc72186-1b59-4838-b97a-28de7241d76d<-5cb57bc8-4f11-4646-be43-d873705a5003#0:FAIL-t1, ffc72186-1b59-4838-b97a-28de7241d76d<-d13983dc-b0b6-41ad-b475-2b910e2f36de#0:FAIL-t1] and 0 exception(s); ffc72186-1b59-4838-b97a-28de7241d76d@group-2D6C0FC78493:t1, leader=null, voted=ffc72186-1b59-4838-b97a-28de7241d76d, raftlog=ffc72186-1b59-4838-b97a-28de7241d76d@group-2D6C0FC78493-SegmentedRaftLog:OPENED:c-1,f-1,i0, conf=-1: [5cb57bc8-4f11-4646-be43-d873705a5003:192.168.164.214:33921, d13983dc-b0b6-41ad-b475-2b910e2f36de:192.168.164.214:42581, ffc72186-1b59-4838-b97a-28de7241d76d:192.168.164.214:33403], old=null
2019-10-14 09:45:10,948 [ffc72186-1b59-4838-b97a-28de7241d76d@group-9C1991127D58:LeaderElection111] INFO  server.RaftServerConfigKeys (ConfUtils.java:logGet(43)) - raft.server.staging.catchup.gap = 1000 (default)
2019-10-14 09:45:10,948 [ffc72186-1b59-4838-b97a-28de7241d76d@group-2D6C0FC78493:LeaderElection114] INFO  impl.RaftServerImpl (RaftServerImpl.java:setRole(174)) - ffc72186-1b59-4838-b97a-28de7241d76d@group-2D6C0FC78493: changes role from CANDIDATE to FOLLOWER at term 1 for DISCOVERED_A_NEW_TERM
2019-10-14 09:45:10,951 [ffc72186-1b59-4838-b97a-28de7241d76d@group-2D6C0FC78493:LeaderElection114] INFO  impl.RoleInfo (RoleInfo.java:shutdownLeaderElection(134)) - ffc72186-1b59-4838-b97a-28de7241d76d: shutdown LeaderElection
2019-10-14 09:45:10,948 [5b2bdeb4-7ea1-4df6-a88d-afaaea11e92e@group-7C8B209EF9AB:LeaderElection119] INFO  impl.RoleInfo (RoleInfo.java:updateAndGet(143)) - 5b2bdeb4-7ea1-4df6-a88d-afaaea11e92e: start LeaderState
2019-10-14 09:45:10,951 [ffc72186-1b59-4838-b97a-28de7241d76d@group-2D6C0FC78493:LeaderElection114] INFO  impl.RoleInfo (RoleInfo.java:updateAndGet(143)) - ffc72186-1b59-4838-b97a-28de7241d76d: start FollowerState
2019-10-14 09:45:10,949 [ffc72186-1b59-4838-b97a-28de7241d76d@group-9C1991127D58:LeaderElection111] INFO  server.RaftServerConfigKeys (ConfUtils.java:logGet(43)) - raft.server.rpc.sleep.time = 25ms (default)
2019-10-14 09:45:10,951 [5b2bdeb4-7ea1-4df6-a88d-afaaea11e92e@group-7C8B209EF9AB:LeaderElection119] INFO  segmented.SegmentedRaftLogWorker (SegmentedRaftLogWorker.java:startLogSegment(380)) - 5b2bdeb4-7ea1-4df6-a88d-afaaea11e92e@group-7C8B209EF9AB-SegmentedRaftLogWorker: Starting segment from index:0
2019-10-14 09:45:10,952 [ffc72186-1b59-4838-b97a-28de7241d76d@group-9C1991127D58:LeaderElection111] INFO  server.RaftServerConfigKeys (ConfUtils.java:logGet(43)) - raft.server.write.element-limit = 4096 (default)
2019-10-14 09:45:10,952 [ffc72186-1b59-4838-b97a-28de7241d76d@group-9C1991127D58:LeaderElection111] INFO  server.RaftServerConfigKeys (ConfUtils.java:logGet(43)) - raft.server.watch.timeout = 10s (default)
2019-10-14 09:45:10,952 [ffc72186-1b59-4838-b97a-28de7241d76d@group-9C1991127D58:LeaderElection111] INFO  server.RaftServerConfigKeys (ConfUtils.java:logGet(43)) - raft.server.watch.timeout.denomination = 1s (default)
2019-10-14 09:45:10,952 [5b2bdeb4-7ea1-4df6-a88d-afaaea11e92e@group-7C8B209EF9AB:LeaderElection119] INFO  impl.RaftServerImpl (ServerState.java:setRaftConf(354)) - 5b2bdeb4-7ea1-4df6-a88d-afaaea11e92e@group-7C8B209EF9AB: set configuration 0: [5b2bdeb4-7ea1-4df6-a88d-afaaea11e92e:192.168.164.214:43516], old=null at 0
2019-10-14 09:45:10,952 [ffc72186-1b59-4838-b97a-28de7241d76d@group-9C1991127D58:LeaderElection111] INFO  server.RaftServerConfigKeys (ConfUtils.java:logGet(43)) - raft.server.watch.element-limit = 65536 (default)
2019-10-14 09:45:10,987 [d13983dc-b0b6-41ad-b475-2b910e2f36de@group-2D6C0FC78493:LeaderElection115] INFO  impl.LeaderElection (LeaderElection.java:logAndReturn(56)) - d13983dc-b0b6-41ad-b475-2b910e2f36de@group-2D6C0FC78493:LeaderElection115: Election REJECTED; received 2 response(s) [d13983dc-b0b6-41ad-b475-2b910e2f36de<-5cb57bc8-4f11-4646-be43-d873705a5003#0:FAIL-t1, d13983dc-b0b6-41ad-b475-2b910e2f36de<-ffc72186-1b59-4838-b97a-28de7241d76d#0:FAIL-t1] and 0 exception(s); d13983dc-b0b6-41ad-b475-2b910e2f36de@group-2D6C0FC78493:t1, leader=null, voted=d13983dc-b0b6-41ad-b475-2b910e2f36de, raftlog=d13983dc-b0b6-41ad-b475-2b910e2f36de@group-2D6C0FC78493-SegmentedRaftLog:OPENED:c-1,f-1,i0, conf=-1: [5cb57bc8-4f11-4646-be43-d873705a5003:192.168.164.214:33921, d13983dc-b0b6-41ad-b475-2b910e2f36de:192.168.164.214:42581, ffc72186-1b59-4838-b97a-28de7241d76d:192.168.164.214:33403], old=null
2019-10-14 09:45:10,987 [d13983dc-b0b6-41ad-b475-2b910e2f36de@group-2D6C0FC78493:LeaderElection115] INFO  impl.RaftServerImpl (RaftServerImpl.java:setRole(174)) - d13983dc-b0b6-41ad-b475-2b910e2f36de@group-2D6C0FC78493: changes role from CANDIDATE to FOLLOWER at term 1 for DISCOVERED_A_NEW_TERM
2019-10-14 09:45:10,987 [d13983dc-b0b6-41ad-b475-2b910e2f36de@group-2D6C0FC78493:LeaderElection115] INFO  impl.RoleInfo (RoleInfo.java:shutdownLeaderElection(134)) - d13983dc-b0b6-41ad-b475-2b910e2f36de: shutdown LeaderElection
2019-10-14 09:45:10,987 [d13983dc-b0b6-41ad-b475-2b910e2f36de@group-2D6C0FC78493:LeaderElection115] INFO  impl.RoleInfo (RoleInfo.java:updateAndGet(143)) - d13983dc-b0b6-41ad-b475-2b910e2f36de: start FollowerState
2019-10-14 09:45:10,988 [ffc72186-1b59-4838-b97a-28de7241d76d@group-9C1991127D58:LeaderElection111] INFO  server.RaftServerConfigKeys (ConfUtils.java:logGet(43)) - raft.server.log.appender.snapshot.chunk.size.max = 16MB (=16777216) (default)
2019-10-14 09:45:10,990 [ffc72186-1b59-4838-b97a-28de7241d76d@group-9C1991127D58:LeaderElection111] INFO  server.RaftServerConfigKeys (ConfUtils.java:logGet(43)) - raft.server.log.appender.buffer.byte-limit = 33554432 (custom)
2019-10-14 09:45:10,990 [5cb57bc8-4f11-4646-be43-d873705a5003@group-2D6C0FC78493:LeaderElection113] INFO  impl.LeaderElection (LeaderElection.java:logAndReturn(56)) - 5cb57bc8-4f11-4646-be43-d873705a5003@group-2D6C0FC78493:LeaderElection113: Election REJECTED; received 2 response(s) [5cb57bc8-4f11-4646-be43-d873705a5003<-d13983dc-b0b6-41ad-b475-2b910e2f36de#0:FAIL-t1, 5cb57bc8-4f11-4646-be43-d873705a5003<-ffc72186-1b59-4838-b97a-28de7241d76d#0:FAIL-t1] and 0 exception(s); 5cb57bc8-4f11-4646-be43-d873705a5003@group-2D6C0FC78493:t1, leader=null, voted=5cb57bc8-4f11-4646-be43-d873705a5003, raftlog=5cb57bc8-4f11-4646-be43-d873705a5003@group-2D6C0FC78493-SegmentedRaftLog:OPENED:c-1,f-1,i0, conf=-1: [5cb57bc8-4f11-4646-be43-d873705a5003:192.168.164.214:33921, d13983dc-b0b6-41ad-b475-2b910e2f36de:192.168.164.214:42581, ffc72186-1b59-4838-b97a-28de7241d76d:192.168.164.214:33403], old=null
2019-10-14 09:45:10,991 [ffc72186-1b59-4838-b97a-28de7241d76d@group-9C1991127D58:LeaderElection111] INFO  server.RaftServerConfigKeys (ConfUtils.java:logGet(43)) - raft.server.log.appender.buffer.element-limit = 1 (custom)
2019-10-14 09:45:10,991 [5cb57bc8-4f11-4646-be43-d873705a5003@group-2D6C0FC78493:LeaderElection113] INFO  impl.RaftServerImpl (RaftServerImpl.java:setRole(174)) - 5cb57bc8-4f11-4646-be43-d873705a5003@group-2D6C0FC78493: changes role from CANDIDATE to FOLLOWER at term 1 for DISCOVERED_A_NEW_TERM
2019-10-14 09:45:10,994 [5cb57bc8-4f11-4646-be43-d873705a5003@group-2D6C0FC78493:LeaderElection113] INFO  impl.RoleInfo (RoleInfo.java:shutdownLeaderElection(134)) - 5cb57bc8-4f11-4646-be43-d873705a5003: shutdown LeaderElection
2019-10-14 09:45:10,994 [ffc72186-1b59-4838-b97a-28de7241d76d@group-9C1991127D58:LeaderElection111] INFO  grpc.GrpcConfigKeys$Server (ConfUtils.java:logGet(43)) - raft.grpc.server.leader.outstanding.appends.max = 128 (default)
2019-10-14 09:45:10,994 [5cb57bc8-4f11-4646-be43-d873705a5003@group-2D6C0FC78493:LeaderElection113] INFO  impl.RoleInfo (RoleInfo.java:updateAndGet(143)) - 5cb57bc8-4f11-4646-be43-d873705a5003: start FollowerState
2019-10-14 09:45:10,994 [ffc72186-1b59-4838-b97a-28de7241d76d@group-9C1991127D58:LeaderElection111] INFO  server.RaftServerConfigKeys (ConfUtils.java:logGet(43)) - raft.server.rpc.request.timeout = 3000ms (default)
2019-10-14 09:45:10,995 [ffc72186-1b59-4838-b97a-28de7241d76d@group-9C1991127D58:LeaderElection111] INFO  server.RaftServerConfigKeys (ConfUtils.java:logGet(43)) - raft.server.log.appender.install.snapshot.enabled = false (custom)
2019-10-14 09:45:10,995 [ffc72186-1b59-4838-b97a-28de7241d76d@group-9C1991127D58:LeaderElection111] INFO  server.RaftServerConfigKeys (ConfUtils.java:logGet(43)) - raft.server.log.appender.snapshot.chunk.size.max = 16MB (=16777216) (default)
2019-10-14 09:45:10,995 [ffc72186-1b59-4838-b97a-28de7241d76d@group-9C1991127D58:LeaderElection111] INFO  server.RaftServerConfigKeys (ConfUtils.java:logGet(43)) - raft.server.log.appender.buffer.byte-limit = 33554432 (custom)
2019-10-14 09:45:10,995 [ffc72186-1b59-4838-b97a-28de7241d76d@group-9C1991127D58:LeaderElection111] INFO  server.RaftServerConfigKeys (ConfUtils.java:logGet(43)) - raft.server.log.appender.buffer.element-limit = 1 (custom)
2019-10-14 09:45:10,995 [ffc72186-1b59-4838-b97a-28de7241d76d@group-9C1991127D58:LeaderElection111] INFO  grpc.GrpcConfigKeys$Server (ConfUtils.java:logGet(43)) - raft.grpc.server.leader.outstanding.appends.max = 128 (default)
2019-10-14 09:45:10,995 [ffc72186-1b59-4838-b97a-28de7241d76d@group-9C1991127D58:LeaderElection111] INFO  server.RaftServerConfigKeys (ConfUtils.java:logGet(43)) - raft.server.rpc.request.timeout = 3000ms (default)
2019-10-14 09:45:10,995 [ffc72186-1b59-4838-b97a-28de7241d76d@group-9C1991127D58:LeaderElection111] INFO  server.RaftServerConfigKeys (ConfUtils.java:logGet(43)) - raft.server.log.appender.install.snapshot.enabled = false (custom)
2019-10-14 09:45:10,995 [ffc72186-1b59-4838-b97a-28de7241d76d@group-9C1991127D58:LeaderElection111] INFO  impl.RoleInfo (RoleInfo.java:updateAndGet(143)) - ffc72186-1b59-4838-b97a-28de7241d76d: start LeaderState
2019-10-14 09:45:10,996 [ffc72186-1b59-4838-b97a-28de7241d76d@group-9C1991127D58:LeaderElection111] INFO  segmented.SegmentedRaftLogWorker (SegmentedRaftLogWorker.java:startLogSegment(380)) - ffc72186-1b59-4838-b97a-28de7241d76d@group-9C1991127D58-SegmentedRaftLogWorker: Starting segment from index:0
2019-10-14 09:45:10,996 [ffc72186-1b59-4838-b97a-28de7241d76d@group-9C1991127D58:LeaderElection111] INFO  impl.RaftServerImpl (ServerState.java:setRaftConf(354)) - ffc72186-1b59-4838-b97a-28de7241d76d@group-9C1991127D58: set configuration 0: [5cb57bc8-4f11-4646-be43-d873705a5003:192.168.164.214:33921, 5b2bdeb4-7ea1-4df6-a88d-afaaea11e92e:192.168.164.214:43516, ffc72186-1b59-4838-b97a-28de7241d76d:192.168.164.214:33403], old=null at 0
2019-10-14 09:45:10,997 [grpc-default-executor-14] INFO  impl.RaftServerImpl (ServerState.java:setLeader(253)) - 5cb57bc8-4f11-4646-be43-d873705a5003@group-9C1991127D58: change Leader from null to ffc72186-1b59-4838-b97a-28de7241d76d at term 1 for appendEntries, leader elected after 5604ms
2019-10-14 09:45:10,997 [grpc-default-executor-15] INFO  impl.RaftServerImpl (ServerState.java:setLeader(253)) - 5b2bdeb4-7ea1-4df6-a88d-afaaea11e92e@group-9C1991127D58: change Leader from null to ffc72186-1b59-4838-b97a-28de7241d76d at term 1 for appendEntries, leader elected after 5604ms
2019-10-14 09:45:10,998 [grpc-default-executor-14] INFO  impl.RaftServerImpl (ServerState.java:setRaftConf(354)) - 5cb57bc8-4f11-4646-be43-d873705a5003@group-9C1991127D58: set configuration 0: [5cb57bc8-4f11-4646-be43-d873705a5003:192.168.164.214:33921, 5b2bdeb4-7ea1-4df6-a88d-afaaea11e92e:192.168.164.214:43516, ffc72186-1b59-4838-b97a-28de7241d76d:192.168.164.214:33403], old=null at 0
2019-10-14 09:45:10,998 [grpc-default-executor-14] INFO  segmented.SegmentedRaftLogWorker (SegmentedRaftLogWorker.java:startLogSegment(380)) - 5cb57bc8-4f11-4646-be43-d873705a5003@group-9C1991127D58-SegmentedRaftLogWorker: Starting segment from index:0
2019-10-14 09:45:10,999 [grpc-default-executor-15] INFO  impl.RaftServerImpl (ServerState.java:setRaftConf(354)) - 5b2bdeb4-7ea1-4df6-a88d-afaaea11e92e@group-9C1991127D58: set configuration 0: [5cb57bc8-4f11-4646-be43-d873705a5003:192.168.164.214:33921, 5b2bdeb4-7ea1-4df6-a88d-afaaea11e92e:192.168.164.214:43516, ffc72186-1b59-4838-b97a-28de7241d76d:192.168.164.214:33403], old=null at 0
2019-10-14 09:45:10,999 [grpc-default-executor-15] INFO  segmented.SegmentedRaftLogWorker (SegmentedRaftLogWorker.java:startLogSegment(380)) - 5b2bdeb4-7ea1-4df6-a88d-afaaea11e92e@group-9C1991127D58-SegmentedRaftLogWorker: Starting segment from index:0
2019-10-14 09:45:11,014 [5b2bdeb4-7ea1-4df6-a88d-afaaea11e92e@group-7C8B209EF9AB-SegmentedRaftLogWorker] INFO  segmented.SegmentedRaftLogWorker (SegmentedRaftLogWorker.java:execute(569)) - 5b2bdeb4-7ea1-4df6-a88d-afaaea11e92e@group-7C8B209EF9AB-SegmentedRaftLogWorker: created new log segment /workdir/hadoop-ozone/integration-test/target/test-dir/MiniOzoneClusterImpl-65bd215d-14c9-4112-ac30-b7a247fd80ea/datanode-4/data/ratis/0f6ea2be-5b03-42c4-babc-7c8b209ef9ab/current/log_inprogress_0
2019-10-14 09:45:11,056 [ffc72186-1b59-4838-b97a-28de7241d76d@group-9C1991127D58-SegmentedRaftLogWorker] INFO  segmented.SegmentedRaftLogWorker (SegmentedRaftLogWorker.java:execute(569)) - ffc72186-1b59-4838-b97a-28de7241d76d@group-9C1991127D58-SegmentedRaftLogWorker: created new log segment /workdir/hadoop-ozone/integration-test/target/test-dir/MiniOzoneClusterImpl-65bd215d-14c9-4112-ac30-b7a247fd80ea/datanode-5/data/ratis/18bdd093-60c4-4616-9146-9c1991127d58/current/log_inprogress_0
2019-10-14 09:45:11,056 [5b2bdeb4-7ea1-4df6-a88d-afaaea11e92e@group-9C1991127D58-SegmentedRaftLogWorker] INFO  segmented.SegmentedRaftLogWorker (SegmentedRaftLogWorker.java:execute(569)) - 5b2bdeb4-7ea1-4df6-a88d-afaaea11e92e@group-9C1991127D58-SegmentedRaftLogWorker: created new log segment /workdir/hadoop-ozone/integration-test/target/test-dir/MiniOzoneClusterImpl-65bd215d-14c9-4112-ac30-b7a247fd80ea/datanode-4/data/ratis/18bdd093-60c4-4616-9146-9c1991127d58/current/log_inprogress_0
2019-10-14 09:45:11,056 [5cb57bc8-4f11-4646-be43-d873705a5003@group-9C1991127D58-SegmentedRaftLogWorker] INFO  segmented.SegmentedRaftLogWorker (SegmentedRaftLogWorker.java:execute(569)) - 5cb57bc8-4f11-4646-be43-d873705a5003@group-9C1991127D58-SegmentedRaftLogWorker: created new log segment /workdir/hadoop-ozone/integration-test/target/test-dir/MiniOzoneClusterImpl-65bd215d-14c9-4112-ac30-b7a247fd80ea/datanode-6/data/ratis/18bdd093-60c4-4616-9146-9c1991127d58/current/log_inprogress_0
2019-10-14 09:45:13,122 [Datanode State Machine Thread - 0] INFO  statemachine.DatanodeStateMachine (DatanodeStateMachine.java:lambda$startDaemon$0(350)) - Ozone container server started.
2019-10-14 09:45:15,983 [Thread-4269] INFO  impl.FollowerState (FollowerState.java:run(106)) - ffc72186-1b59-4838-b97a-28de7241d76d:group-A3C2AC2AC23E changes to CANDIDATE, lastRpcTime:5047, electionTimeout:5041ms
2019-10-14 09:45:15,983 [Thread-4269] INFO  impl.RoleInfo (RoleInfo.java:shutdownFollowerState(121)) - ffc72186-1b59-4838-b97a-28de7241d76d: shutdown FollowerState
2019-10-14 09:45:15,983 [Thread-4269] INFO  impl.RaftServerImpl (RaftServerImpl.java:setRole(174)) - ffc72186-1b59-4838-b97a-28de7241d76d@group-A3C2AC2AC23E: changes role from  FOLLOWER to CANDIDATE at term 1 for changeToCandidate
2019-10-14 09:45:15,984 [Thread-4269] INFO  impl.RoleInfo (RoleInfo.java:updateAndGet(143)) - ffc72186-1b59-4838-b97a-28de7241d76d: start LeaderElection
2019-10-14 09:45:15,993 [Thread-4271] INFO  impl.FollowerState (FollowerState.java:run(106)) - ffc72186-1b59-4838-b97a-28de7241d76d:group-2D6C0FC78493 changes to CANDIDATE, lastRpcTime:5041, electionTimeout:5041ms
2019-10-14 09:45:15,993 [Thread-4271] INFO  impl.RoleInfo (RoleInfo.java:shutdownFollowerState(121)) - ffc72186-1b59-4838-b97a-28de7241d76d: shutdown FollowerState
2019-10-14 09:45:15,993 [Thread-4271] INFO  impl.RaftServerImpl (RaftServerImpl.java:setRole(174)) - ffc72186-1b59-4838-b97a-28de7241d76d@group-2D6C0FC78493: changes role from  FOLLOWER to CANDIDATE at term 1 for changeToCandidate
2019-10-14 09:45:15,993 [Thread-4271] INFO  impl.RoleInfo (RoleInfo.java:updateAndGet(143)) - ffc72186-1b59-4838-b97a-28de7241d76d: start LeaderElection
2019-10-14 09:45:15,999 [Thread-4270] INFO  impl.FollowerState (FollowerState.java:run(106)) - 5cb57bc8-4f11-4646-be43-d873705a5003:group-A3C2AC2AC23E changes to CANDIDATE, lastRpcTime:5057, electionTimeout:5055ms
2019-10-14 09:45:15,999 [Thread-4270] INFO  impl.RoleInfo (RoleInfo.java:shutdownFollowerState(121)) - 5cb57bc8-4f11-4646-be43-d873705a5003: shutdown FollowerState
2019-10-14 09:45:15,999 [Thread-4270] INFO  impl.RaftServerImpl (RaftServerImpl.java:setRole(174)) - 5cb57bc8-4f11-4646-be43-d873705a5003@group-A3C2AC2AC23E: changes role from  FOLLOWER to CANDIDATE at term 1 for changeToCandidate
2019-10-14 09:45:15,999 [Thread-4270] INFO  impl.RoleInfo (RoleInfo.java:updateAndGet(143)) - 5cb57bc8-4f11-4646-be43-d873705a5003: start LeaderElection
2019-10-14 09:45:16,096 [Thread-4273] INFO  impl.FollowerState (FollowerState.java:run(106)) - d13983dc-b0b6-41ad-b475-2b910e2f36de:group-2D6C0FC78493 changes to CANDIDATE, lastRpcTime:5108, electionTimeout:5108ms
2019-10-14 09:45:16,096 [Thread-4273] INFO  impl.RoleInfo (RoleInfo.java:shutdownFollowerState(121)) - d13983dc-b0b6-41ad-b475-2b910e2f36de: shutdown FollowerState
2019-10-14 09:45:16,096 [Thread-4273] INFO  impl.RaftServerImpl (RaftServerImpl.java:setRole(174)) - d13983dc-b0b6-41ad-b475-2b910e2f36de@group-2D6C0FC78493: changes role from  FOLLOWER to CANDIDATE at term 1 for changeToCandidate
2019-10-14 09:45:16,096 [Thread-4273] INFO  impl.RoleInfo (RoleInfo.java:updateAndGet(143)) - d13983dc-b0b6-41ad-b475-2b910e2f36de: start LeaderElection
2019-10-14 09:45:16,106 [Thread-4268] INFO  impl.FollowerState (FollowerState.java:run(106)) - 5b2bdeb4-7ea1-4df6-a88d-afaaea11e92e:group-A3C2AC2AC23E changes to CANDIDATE, lastRpcTime:5175, electionTimeout:5165ms
2019-10-14 09:45:16,107 [Thread-4268] INFO  impl.RoleInfo (RoleInfo.java:shutdownFollowerState(121)) - 5b2bdeb4-7ea1-4df6-a88d-afaaea11e92e: shutdown FollowerState
2019-10-14 09:45:16,107 [Thread-4268] INFO  impl.RaftServerImpl (RaftServerImpl.java:setRole(174)) - 5b2bdeb4-7ea1-4df6-a88d-afaaea11e92e@group-A3C2AC2AC23E: changes role from  FOLLOWER to CANDIDATE at term 1 for changeToCandidate
2019-10-14 09:45:16,107 [Thread-4268] INFO  impl.RoleInfo (RoleInfo.java:updateAndGet(143)) - 5b2bdeb4-7ea1-4df6-a88d-afaaea11e92e: start LeaderElection
2019-10-14 09:45:16,139 [Thread-4275] INFO  impl.FollowerState (FollowerState.java:run(106)) - 5cb57bc8-4f11-4646-be43-d873705a5003:group-2D6C0FC78493 changes to CANDIDATE, lastRpcTime:5144, electionTimeout:5144ms
2019-10-14 09:45:16,139 [Thread-4275] INFO  impl.RoleInfo (RoleInfo.java:shutdownFollowerState(121)) - 5cb57bc8-4f11-4646-be43-d873705a5003: shutdown FollowerState
2019-10-14 09:45:16,139 [Thread-4275] INFO  impl.RaftServerImpl (RaftServerImpl.java:setRole(174)) - 5cb57bc8-4f11-4646-be43-d873705a5003@group-2D6C0FC78493: changes role from  FOLLOWER to CANDIDATE at term 1 for changeToCandidate
2019-10-14 09:45:16,139 [Thread-4275] INFO  impl.RoleInfo (RoleInfo.java:updateAndGet(143)) - 5cb57bc8-4f11-4646-be43-d873705a5003: start LeaderElection
2019-10-14 09:45:16,757 [ffc72186-1b59-4838-b97a-28de7241d76d@group-2D6C0FC78493:LeaderElection121] INFO  impl.LeaderElection (LeaderElection.java:askForVotes(182)) - ffc72186-1b59-4838-b97a-28de7241d76d@group-2D6C0FC78493:LeaderElection121: begin an election at term 2 for -1: [5cb57bc8-4f11-4646-be43-d873705a5003:192.168.164.214:33921, d13983dc-b0b6-41ad-b475-2b910e2f36de:192.168.164.214:42581, ffc72186-1b59-4838-b97a-28de7241d76d:192.168.164.214:33403], old=null
2019-10-14 09:45:16,757 [ffc72186-1b59-4838-b97a-28de7241d76d@group-A3C2AC2AC23E:LeaderElection120] INFO  impl.LeaderElection (LeaderElection.java:askForVotes(182)) - ffc72186-1b59-4838-b97a-28de7241d76d@group-A3C2AC2AC23E:LeaderElection120: begin an election at term 2 for -1: [5cb57bc8-4f11-4646-be43-d873705a5003:192.168.164.214:33921, 5b2bdeb4-7ea1-4df6-a88d-afaaea11e92e:192.168.164.214:43516, ffc72186-1b59-4838-b97a-28de7241d76d:192.168.164.214:33403], old=null
2019-10-14 09:45:16,757 [d13983dc-b0b6-41ad-b475-2b910e2f36de@group-2D6C0FC78493:LeaderElection123] INFO  impl.LeaderElection (LeaderElection.java:askForVotes(182)) - d13983dc-b0b6-41ad-b475-2b910e2f36de@group-2D6C0FC78493:LeaderElection123: begin an election at term 2 for -1: [5cb57bc8-4f11-4646-be43-d873705a5003:192.168.164.214:33921, d13983dc-b0b6-41ad-b475-2b910e2f36de:192.168.164.214:42581, ffc72186-1b59-4838-b97a-28de7241d76d:192.168.164.214:33403], old=null
2019-10-14 09:45:16,757 [5b2bdeb4-7ea1-4df6-a88d-afaaea11e92e@group-A3C2AC2AC23E:LeaderElection124] INFO  impl.LeaderElection (LeaderElection.java:askForVotes(182)) - 5b2bdeb4-7ea1-4df6-a88d-afaaea11e92e@group-A3C2AC2AC23E:LeaderElection124: begin an election at term 2 for -1: [5cb57bc8-4f11-4646-be43-d873705a5003:192.168.164.214:33921, 5b2bdeb4-7ea1-4df6-a88d-afaaea11e92e:192.168.164.214:43516, ffc72186-1b59-4838-b97a-28de7241d76d:192.168.164.214:33403], old=null
2019-10-14 09:45:16,757 [5cb57bc8-4f11-4646-be43-d873705a5003@group-A3C2AC2AC23E:LeaderElection122] INFO  impl.LeaderElection (LeaderElection.java:askForVotes(182)) - 5cb57bc8-4f11-4646-be43-d873705a5003@group-A3C2AC2AC23E:LeaderElection122: begin an election at term 2 for -1: [5cb57bc8-4f11-4646-be43-d873705a5003:192.168.164.214:33921, 5b2bdeb4-7ea1-4df6-a88d-afaaea11e92e:192.168.164.214:43516, ffc72186-1b59-4838-b97a-28de7241d76d:192.168.164.214:33403], old=null
2019-10-14 09:45:16,757 [5cb57bc8-4f11-4646-be43-d873705a5003@group-2D6C0FC78493:LeaderElection125] INFO  impl.LeaderElection (LeaderElection.java:askForVotes(182)) - 5cb57bc8-4f11-4646-be43-d873705a5003@group-2D6C0FC78493:LeaderElection125: begin an election at term 2 for -1: [5cb57bc8-4f11-4646-be43-d873705a5003:192.168.164.214:33921, d13983dc-b0b6-41ad-b475-2b910e2f36de:192.168.164.214:42581, ffc72186-1b59-4838-b97a-28de7241d76d:192.168.164.214:33403], old=null
2019-10-14 09:45:16,766 [5cb57bc8-4f11-4646-be43-d873705a5003@group-A3C2AC2AC23E:LeaderElection122] INFO  impl.LeaderElection (LeaderElection.java:logAndReturn(56)) - 5cb57bc8-4f11-4646-be43-d873705a5003@group-A3C2AC2AC23E:LeaderElection122: Election REJECTED; received 2 response(s) [5cb57bc8-4f11-4646-be43-d873705a5003<-5b2bdeb4-7ea1-4df6-a88d-afaaea11e92e#0:FAIL-t2, 5cb57bc8-4f11-4646-be43-d873705a5003<-ffc72186-1b59-4838-b97a-28de7241d76d#0:FAIL-t2] and 0 exception(s); 5cb57bc8-4f11-4646-be43-d873705a5003@group-A3C2AC2AC23E:t2, leader=null, voted=5cb57bc8-4f11-4646-be43-d873705a5003, raftlog=5cb57bc8-4f11-4646-be43-d873705a5003@group-A3C2AC2AC23E-SegmentedRaftLog:OPENED:c-1,f-1,i0, conf=-1: [5cb57bc8-4f11-4646-be43-d873705a5003:192.168.164.214:33921, 5b2bdeb4-7ea1-4df6-a88d-afaaea11e92e:192.168.164.214:43516, ffc72186-1b59-4838-b97a-28de7241d76d:192.168.164.214:33403], old=null
2019-10-14 09:45:16,766 [5b2bdeb4-7ea1-4df6-a88d-afaaea11e92e@group-A3C2AC2AC23E:LeaderElection124] INFO  impl.LeaderElection (LeaderElection.java:logAndReturn(56)) - 5b2bdeb4-7ea1-4df6-a88d-afaaea11e92e@group-A3C2AC2AC23E:LeaderElection124: Election REJECTED; received 2 response(s) [5b2bdeb4-7ea1-4df6-a88d-afaaea11e92e<-5cb57bc8-4f11-4646-be43-d873705a5003#0:FAIL-t2, 5b2bdeb4-7ea1-4df6-a88d-afaaea11e92e<-ffc72186-1b59-4838-b97a-28de7241d76d#0:FAIL-t2] and 0 exception(s); 5b2bdeb4-7ea1-4df6-a88d-afaaea11e92e@group-A3C2AC2AC23E:t2, leader=null, voted=5b2bdeb4-7ea1-4df6-a88d-afaaea11e92e, raftlog=5b2bdeb4-7ea1-4df6-a88d-afaaea11e92e@group-A3C2AC2AC23E-SegmentedRaftLog:OPENED:c-1,f-1,i0, conf=-1: [5cb57bc8-4f11-4646-be43-d873705a5003:192.168.164.214:33921, 5b2bdeb4-7ea1-4df6-a88d-afaaea11e92e:192.168.164.214:43516, ffc72186-1b59-4838-b97a-28de7241d76d:192.168.164.214:33403], old=null
2019-10-14 09:45:16,766 [5cb57bc8-4f11-4646-be43-d873705a5003@group-A3C2AC2AC23E:LeaderElection122] INFO  impl.RaftServerImpl (RaftServerImpl.java:setRole(174)) - 5cb57bc8-4f11-4646-be43-d873705a5003@group-A3C2AC2AC23E: changes role from CANDIDATE to FOLLOWER at term 2 for DISCOVERED_A_NEW_TERM
2019-10-14 09:45:16,771 [5cb57bc8-4f11-4646-be43-d873705a5003@group-A3C2AC2AC23E:LeaderElection122] INFO  impl.RoleInfo (RoleInfo.java:shutdownLeaderElection(134)) - 5cb57bc8-4f11-4646-be43-d873705a5003: shutdown LeaderElection
2019-10-14 09:45:16,766 [5b2bdeb4-7ea1-4df6-a88d-afaaea11e92e@group-A3C2AC2AC23E:LeaderElection124] INFO  impl.RaftServerImpl (RaftServerImpl.java:setRole(174)) - 5b2bdeb4-7ea1-4df6-a88d-afaaea11e92e@group-A3C2AC2AC23E: changes role from CANDIDATE to FOLLOWER at term 2 for DISCOVERED_A_NEW_TERM
2019-10-14 09:45:16,797 [5b2bdeb4-7ea1-4df6-a88d-afaaea11e92e@group-A3C2AC2AC23E:LeaderElection124] INFO  impl.RoleInfo (RoleInfo.java:shutdownLeaderElection(134)) - 5b2bdeb4-7ea1-4df6-a88d-afaaea11e92e: shutdown LeaderElection
2019-10-14 09:45:16,797 [5b2bdeb4-7ea1-4df6-a88d-afaaea11e92e@group-A3C2AC2AC23E:LeaderElection124] INFO  impl.RoleInfo (RoleInfo.java:updateAndGet(143)) - 5b2bdeb4-7ea1-4df6-a88d-afaaea11e92e: start FollowerState
2019-10-14 09:45:16,797 [5cb57bc8-4f11-4646-be43-d873705a5003@group-A3C2AC2AC23E:LeaderElection122] INFO  impl.RoleInfo (RoleInfo.java:updateAndGet(143)) - 5cb57bc8-4f11-4646-be43-d873705a5003: start FollowerState
2019-10-14 09:45:16,805 [ffc72186-1b59-4838-b97a-28de7241d76d@group-2D6C0FC78493:LeaderElection121] INFO  impl.LeaderElection (LeaderElection.java:logAndReturn(56)) - ffc72186-1b59-4838-b97a-28de7241d76d@group-2D6C0FC78493:LeaderElection121: Election REJECTED; received 2 response(s) [ffc72186-1b59-4838-b97a-28de7241d76d<-5cb57bc8-4f11-4646-be43-d873705a5003#0:FAIL-t2, ffc72186-1b59-4838-b97a-28de7241d76d<-d13983dc-b0b6-41ad-b475-2b910e2f36de#0:FAIL-t2] and 0 exception(s); ffc72186-1b59-4838-b97a-28de7241d76d@group-2D6C0FC78493:t2, leader=null, voted=ffc72186-1b59-4838-b97a-28de7241d76d, raftlog=ffc72186-1b59-4838-b97a-28de7241d76d@group-2D6C0FC78493-SegmentedRaftLog:OPENED:c-1,f-1,i0, conf=-1: [5cb57bc8-4f11-4646-be43-d873705a5003:192.168.164.214:33921, d13983dc-b0b6-41ad-b475-2b910e2f36de:192.168.164.214:42581, ffc72186-1b59-4838-b97a-28de7241d76d:192.168.164.214:33403], old=null
2019-10-14 09:45:16,805 [5cb57bc8-4f11-4646-be43-d873705a5003@group-2D6C0FC78493:LeaderElection125] INFO  impl.LeaderElection (LeaderElection.java:logAndReturn(56)) - 5cb57bc8-4f11-4646-be43-d873705a5003@group-2D6C0FC78493:LeaderElection125: Election REJECTED; received 2 response(s) [5cb57bc8-4f11-4646-be43-d873705a5003<-d13983dc-b0b6-41ad-b475-2b910e2f36de#0:FAIL-t2, 5cb57bc8-4f11-4646-be43-d873705a5003<-ffc72186-1b59-4838-b97a-28de7241d76d#0:FAIL-t2] and 0 exception(s); 5cb57bc8-4f11-4646-be43-d873705a5003@group-2D6C0FC78493:t2, leader=null, voted=5cb57bc8-4f11-4646-be43-d873705a5003, raftlog=5cb57bc8-4f11-4646-be43-d873705a5003@group-2D6C0FC78493-SegmentedRaftLog:OPENED:c-1,f-1,i0, conf=-1: [5cb57bc8-4f11-4646-be43-d873705a5003:192.168.164.214:33921, d13983dc-b0b6-41ad-b475-2b910e2f36de:192.168.164.214:42581, ffc72186-1b59-4838-b97a-28de7241d76d:192.168.164.214:33403], old=null
2019-10-14 09:45:16,805 [d13983dc-b0b6-41ad-b475-2b910e2f36de@group-2D6C0FC78493:LeaderElection123] INFO  impl.LeaderElection (LeaderElection.java:logAndReturn(56)) - d13983dc-b0b6-41ad-b475-2b910e2f36de@group-2D6C0FC78493:LeaderElection123: Election REJECTED; received 2 response(s) [d13983dc-b0b6-41ad-b475-2b910e2f36de<-5cb57bc8-4f11-4646-be43-d873705a5003#0:FAIL-t2, d13983dc-b0b6-41ad-b475-2b910e2f36de<-ffc72186-1b59-4838-b97a-28de7241d76d#0:FAIL-t2] and 0 exception(s); d13983dc-b0b6-41ad-b475-2b910e2f36de@group-2D6C0FC78493:t2, leader=null, voted=d13983dc-b0b6-41ad-b475-2b910e2f36de, raftlog=d13983dc-b0b6-41ad-b475-2b910e2f36de@group-2D6C0FC78493-SegmentedRaftLog:OPENED:c-1,f-1,i0, conf=-1: [5cb57bc8-4f11-4646-be43-d873705a5003:192.168.164.214:33921, d13983dc-b0b6-41ad-b475-2b910e2f36de:192.168.164.214:42581, ffc72186-1b59-4838-b97a-28de7241d76d:192.168.164.214:33403], old=null
2019-10-14 09:45:16,810 [ffc72186-1b59-4838-b97a-28de7241d76d@group-A3C2AC2AC23E:LeaderElection120] INFO  impl.LeaderElection (LeaderElection.java:logAndReturn(56)) - ffc72186-1b59-4838-b97a-28de7241d76d@group-A3C2AC2AC23E:LeaderElection120: Election REJECTED; received 2 response(s) [ffc72186-1b59-4838-b97a-28de7241d76d<-5cb57bc8-4f11-4646-be43-d873705a5003#0:FAIL-t2, ffc72186-1b59-4838-b97a-28de7241d76d<-5b2bdeb4-7ea1-4df6-a88d-afaaea11e92e#0:FAIL-t2] and 0 exception(s); ffc72186-1b59-4838-b97a-28de7241d76d@group-A3C2AC2AC23E:t2, leader=null, voted=ffc72186-1b59-4838-b97a-28de7241d76d, raftlog=ffc72186-1b59-4838-b97a-28de7241d76d@group-A3C2AC2AC23E-SegmentedRaftLog:OPENED:c-1,f-1,i0, conf=-1: [5cb57bc8-4f11-4646-be43-d873705a5003:192.168.164.214:33921, 5b2bdeb4-7ea1-4df6-a88d-afaaea11e92e:192.168.164.214:43516, ffc72186-1b59-4838-b97a-28de7241d76d:192.168.164.214:33403], old=null
2019-10-14 09:45:16,805 [5cb57bc8-4f11-4646-be43-d873705a5003@group-2D6C0FC78493:LeaderElection125] INFO  impl.RaftServerImpl (RaftServerImpl.java:setRole(174)) - 5cb57bc8-4f11-4646-be43-d873705a5003@group-2D6C0FC78493: changes role from CANDIDATE to FOLLOWER at term 2 for DISCOVERED_A_NEW_TERM
2019-10-14 09:45:16,816 [5cb57bc8-4f11-4646-be43-d873705a5003@group-2D6C0FC78493:LeaderElection125] INFO  impl.RoleInfo (RoleInfo.java:shutdownLeaderElection(134)) - 5cb57bc8-4f11-4646-be43-d873705a5003: shutdown LeaderElection
2019-10-14 09:45:16,805 [ffc72186-1b59-4838-b97a-28de7241d76d@group-2D6C0FC78493:LeaderElection121] INFO  impl.RaftServerImpl (RaftServerImpl.java:setRole(174)) - ffc72186-1b59-4838-b97a-28de7241d76d@group-2D6C0FC78493: changes role from CANDIDATE to FOLLOWER at term 2 for DISCOVERED_A_NEW_TERM
2019-10-14 09:45:16,819 [d13983dc-b0b6-41ad-b475-2b910e2f36de@group-2D6C0FC78493:LeaderElection123] INFO  impl.RaftServerImpl (RaftServerImpl.java:setRole(174)) - d13983dc-b0b6-41ad-b475-2b910e2f36de@group-2D6C0FC78493: changes role from CANDIDATE to FOLLOWER at term 2 for DISCOVERED_A_NEW_TERM
2019-10-14 09:45:16,816 [ffc72186-1b59-4838-b97a-28de7241d76d@group-A3C2AC2AC23E:LeaderElection120] INFO  impl.RaftServerImpl (RaftServerImpl.java:setRole(174)) - ffc72186-1b59-4838-b97a-28de7241d76d@group-A3C2AC2AC23E: changes role from CANDIDATE to FOLLOWER at term 2 for DISCOVERED_A_NEW_TERM
2019-10-14 09:45:16,819 [d13983dc-b0b6-41ad-b475-2b910e2f36de@group-2D6C0FC78493:LeaderElection123] INFO  impl.RoleInfo (RoleInfo.java:shutdownLeaderElection(134)) - d13983dc-b0b6-41ad-b475-2b910e2f36de: shutdown LeaderElection
2019-10-14 09:45:16,819 [5cb57bc8-4f11-4646-be43-d873705a5003@group-2D6C0FC78493:LeaderElection125] INFO  impl.RoleInfo (RoleInfo.java:updateAndGet(143)) - 5cb57bc8-4f11-4646-be43-d873705a5003: start FollowerState
2019-10-14 09:45:16,819 [ffc72186-1b59-4838-b97a-28de7241d76d@group-2D6C0FC78493:LeaderElection121] INFO  impl.RoleInfo (RoleInfo.java:shutdownLeaderElection(134)) - ffc72186-1b59-4838-b97a-28de7241d76d: shutdown LeaderElection
2019-10-14 09:45:16,819 [d13983dc-b0b6-41ad-b475-2b910e2f36de@group-2D6C0FC78493:LeaderElection123] INFO  impl.RoleInfo (RoleInfo.java:updateAndGet(143)) - d13983dc-b0b6-41ad-b475-2b910e2f36de: start FollowerState
2019-10-14 09:45:16,819 [ffc72186-1b59-4838-b97a-28de7241d76d@group-A3C2AC2AC23E:LeaderElection120] INFO  impl.RoleInfo (RoleInfo.java:shutdownLeaderElection(134)) - ffc72186-1b59-4838-b97a-28de7241d76d: shutdown LeaderElection
2019-10-14 09:45:16,819 [ffc72186-1b59-4838-b97a-28de7241d76d@group-2D6C0FC78493:LeaderElection121] INFO  impl.RoleInfo (RoleInfo.java:updateAndGet(143)) - ffc72186-1b59-4838-b97a-28de7241d76d: start FollowerState
2019-10-14 09:45:16,819 [ffc72186-1b59-4838-b97a-28de7241d76d@group-A3C2AC2AC23E:LeaderElection120] INFO  impl.RoleInfo (RoleInfo.java:updateAndGet(143)) - ffc72186-1b59-4838-b97a-28de7241d76d: start FollowerState
2019-10-14 09:45:17,133 [EventQueue-StaleNodeForStaleNodeHandler] INFO  node.StaleNodeHandler (StaleNodeHandler.java:onMessage(58)) - Datanode ffc72186-1b59-4838-b97a-28de7241d76d{ip: 192.168.164.214, host: pr-hdds-1569-vp9xg-4248047660, networkLocation: /default-rack, certSerialId: null} moved to stale state. Finalizing its pipelines [PipelineID=8e2f8d88-ef50-4601-a33f-2d6c0fc78493, PipelineID=5a07b73a-a694-4344-9f8c-a3c2ac2ac23e, PipelineID=18bdd093-60c4-4616-9146-9c1991127d58]
2019-10-14 09:45:17,134 [EventQueue-StaleNodeForStaleNodeHandler] INFO  pipeline.SCMPipelineManager (SCMPipelineManager.java:finalizeAndDestroyPipeline(342)) - destroying pipeline:Pipeline[ Id: 8e2f8d88-ef50-4601-a33f-2d6c0fc78493, Nodes: d13983dc-b0b6-41ad-b475-2b910e2f36de{ip: 192.168.164.214, host: pr-hdds-1569-vp9xg-4248047660, networkLocation: /default-rack, certSerialId: null}ffc72186-1b59-4838-b97a-28de7241d76d{ip: 192.168.164.214, host: pr-hdds-1569-vp9xg-4248047660, networkLocation: /default-rack, certSerialId: null}5cb57bc8-4f11-4646-be43-d873705a5003{ip: 192.168.164.214, host: pr-hdds-1569-vp9xg-4248047660, networkLocation: /default-rack, certSerialId: null}, Type:RATIS, Factor:THREE, State:OPEN]
2019-10-14 09:45:17,134 [EventQueue-StaleNodeForStaleNodeHandler] INFO  pipeline.PipelineStateManager (PipelineStateManager.java:finalizePipeline(123)) - Pipeline Pipeline[ Id: 8e2f8d88-ef50-4601-a33f-2d6c0fc78493, Nodes: d13983dc-b0b6-41ad-b475-2b910e2f36de{ip: 192.168.164.214, host: pr-hdds-1569-vp9xg-4248047660, networkLocation: /default-rack, certSerialId: null}ffc72186-1b59-4838-b97a-28de7241d76d{ip: 192.168.164.214, host: pr-hdds-1569-vp9xg-4248047660, networkLocation: /default-rack, certSerialId: null}5cb57bc8-4f11-4646-be43-d873705a5003{ip: 192.168.164.214, host: pr-hdds-1569-vp9xg-4248047660, networkLocation: /default-rack, certSerialId: null}, Type:RATIS, Factor:THREE, State:CLOSED] moved to CLOSED state
2019-10-14 09:45:17,135 [EventQueue-StaleNodeForStaleNodeHandler] INFO  pipeline.SCMPipelineManager (SCMPipelineManager.java:finalizeAndDestroyPipeline(342)) - destroying pipeline:Pipeline[ Id: 5a07b73a-a694-4344-9f8c-a3c2ac2ac23e, Nodes: 5b2bdeb4-7ea1-4df6-a88d-afaaea11e92e{ip: 192.168.164.214, host: pr-hdds-1569-vp9xg-4248047660, networkLocation: /default-rack, certSerialId: null}ffc72186-1b59-4838-b97a-28de7241d76d{ip: 192.168.164.214, host: pr-hdds-1569-vp9xg-4248047660, networkLocation: /default-rack, certSerialId: null}5cb57bc8-4f11-4646-be43-d873705a5003{ip: 192.168.164.214, host: pr-hdds-1569-vp9xg-4248047660, networkLocation: /default-rack, certSerialId: null}, Type:RATIS, Factor:THREE, State:OPEN]
2019-10-14 09:45:17,135 [EventQueue-StaleNodeForStaleNodeHandler] INFO  pipeline.PipelineStateManager (PipelineStateManager.java:finalizePipeline(123)) - Pipeline Pipeline[ Id: 5a07b73a-a694-4344-9f8c-a3c2ac2ac23e, Nodes: 5b2bdeb4-7ea1-4df6-a88d-afaaea11e92e{ip: 192.168.164.214, host: pr-hdds-1569-vp9xg-4248047660, networkLocation: /default-rack, certSerialId: null}ffc72186-1b59-4838-b97a-28de7241d76d{ip: 192.168.164.214, host: pr-hdds-1569-vp9xg-4248047660, networkLocation: /default-rack, certSerialId: null}5cb57bc8-4f11-4646-be43-d873705a5003{ip: 192.168.164.214, host: pr-hdds-1569-vp9xg-4248047660, networkLocation: /default-rack, certSerialId: null}, Type:RATIS, Factor:THREE, State:CLOSED] moved to CLOSED state
2019-10-14 09:45:17,135 [EventQueue-StaleNodeForStaleNodeHandler] INFO  pipeline.SCMPipelineManager (SCMPipelineManager.java:finalizeAndDestroyPipeline(342)) - destroying pipeline:Pipeline[ Id: 18bdd093-60c4-4616-9146-9c1991127d58, Nodes: ffc72186-1b59-4838-b97a-28de7241d76d{ip: 192.168.164.214, host: pr-hdds-1569-vp9xg-4248047660, networkLocation: /default-rack, certSerialId: null}5b2bdeb4-7ea1-4df6-a88d-afaaea11e92e{ip: 192.168.164.214, host: pr-hdds-1569-vp9xg-4248047660, networkLocation: /default-rack, certSerialId: null}5cb57bc8-4f11-4646-be43-d873705a5003{ip: 192.168.164.214, host: pr-hdds-1569-vp9xg-4248047660, networkLocation: /default-rack, certSerialId: null}, Type:RATIS, Factor:THREE, State:OPEN]
2019-10-14 09:45:17,136 [EventQueue-StaleNodeForStaleNodeHandler] INFO  pipeline.PipelineStateManager (PipelineStateManager.java:finalizePipeline(123)) - Pipeline Pipeline[ Id: 18bdd093-60c4-4616-9146-9c1991127d58, Nodes: ffc72186-1b59-4838-b97a-28de7241d76d{ip: 192.168.164.214, host: pr-hdds-1569-vp9xg-4248047660, networkLocation: /default-rack, certSerialId: null}5b2bdeb4-7ea1-4df6-a88d-afaaea11e92e{ip: 192.168.164.214, host: pr-hdds-1569-vp9xg-4248047660, networkLocation: /default-rack, certSerialId: null}5cb57bc8-4f11-4646-be43-d873705a5003{ip: 192.168.164.214, host: pr-hdds-1569-vp9xg-4248047660, networkLocation: /default-rack, certSerialId: null}, Type:RATIS, Factor:THREE, State:CLOSED] moved to CLOSED state
2019-10-14 09:45:17,136 [EventQueue-CloseContainerForCloseContainerEventHandler] INFO  container.CloseContainerEventHandler (CloseContainerEventHandler.java:onMessage(61)) - Close container Event triggered for container : #1
2019-10-14 09:45:17,422 [main] INFO  ozoneimpl.OzoneContainer (OzoneContainer.java:stop(231)) - Attempting to stop container services.
2019-10-14 09:45:17,426 [main] INFO  impl.RaftServerProxy (RaftServerProxy.java:lambda$close$4(314)) - ffc72186-1b59-4838-b97a-28de7241d76d: close
2019-10-14 09:45:17,427 [main] INFO  impl.RaftServerImpl (RaftServerImpl.java:lambda$shutdown$3(251)) - ffc72186-1b59-4838-b97a-28de7241d76d@group-2D6C0FC78493: shutdown
2019-10-14 09:45:17,427 [ForkJoinPool.commonPool-worker-0] INFO  impl.RaftServerImpl (RaftServerImpl.java:lambda$shutdown$3(251)) - ffc72186-1b59-4838-b97a-28de7241d76d@group-9C1991127D58: shutdown
2019-10-14 09:45:17,427 [main] INFO  util.JmxRegister (JmxRegister.java:unregister(73)) - Successfully un-registered JMX Bean with object name Ratis:service=RaftServer,group=group-2D6C0FC78493,id=ffc72186-1b59-4838-b97a-28de7241d76d
2019-10-14 09:45:17,428 [main] INFO  impl.RoleInfo (RoleInfo.java:shutdownFollowerState(121)) - ffc72186-1b59-4838-b97a-28de7241d76d: shutdown FollowerState
2019-10-14 09:45:17,428 [main] INFO  impl.StateMachineUpdater (StateMachineUpdater.java:stopAndJoin(125)) - ffc72186-1b59-4838-b97a-28de7241d76d@group-2D6C0FC78493-StateMachineUpdater: set stopIndex = -1
2019-10-14 09:45:17,428 [main] INFO  impl.RaftServerImpl (ServerState.java:close(385)) - ffc72186-1b59-4838-b97a-28de7241d76d@group-2D6C0FC78493: closes. applyIndex: -1
2019-10-14 09:45:17,428 [ForkJoinPool.commonPool-worker-0] INFO  util.JmxRegister (JmxRegister.java:unregister(73)) - Successfully un-registered JMX Bean with object name Ratis:service=RaftServer,group=group-9C1991127D58,id=ffc72186-1b59-4838-b97a-28de7241d76d
2019-10-14 09:45:17,429 [ffc72186-1b59-4838-b97a-28de7241d76d@group-2D6C0FC78493-SegmentedRaftLogWorker] INFO  segmented.SegmentedRaftLogWorker (SegmentedRaftLogWorker.java:run(313)) - ffc72186-1b59-4838-b97a-28de7241d76d@group-2D6C0FC78493-SegmentedRaftLogWorker was interrupted, exiting. There are 0 tasks remaining in the queue.
2019-10-14 09:45:17,428 [Thread-4369] INFO  impl.FollowerState (FollowerState.java:run(115)) - ffc72186-1b59-4838-b97a-28de7241d76d: FollowerState was interrupted: java.lang.InterruptedException: sleep interrupted
2019-10-14 09:45:17,429 [main] INFO  segmented.SegmentedRaftLogWorker (SegmentedRaftLogWorker.java:close(228)) - ffc72186-1b59-4838-b97a-28de7241d76d@group-2D6C0FC78493-SegmentedRaftLogWorker close()
2019-10-14 09:45:17,429 [ForkJoinPool.commonPool-worker-0] INFO  impl.RoleInfo (RoleInfo.java:shutdownLeaderState(104)) - ffc72186-1b59-4838-b97a-28de7241d76d: shutdown LeaderState
2019-10-14 09:45:17,439 [main] INFO  impl.RaftServerImpl (RaftServerImpl.java:lambda$shutdown$3(251)) - ffc72186-1b59-4838-b97a-28de7241d76d@group-A3C2AC2AC23E: shutdown
2019-10-14 09:45:17,443 [ForkJoinPool.commonPool-worker-0] INFO  impl.PendingRequests (PendingRequests.java:sendNotLeaderResponses(202)) - ffc72186-1b59-4838-b97a-28de7241d76d-PendingRequests: sendNotLeaderResponses
2019-10-14 09:45:17,443 [org.apache.ratis.server.impl.LogAppender$AppenderDaemon$$Lambda$514/293845175@63cb7f15] WARN  server.GrpcLogAppender (GrpcLogAppender.java:mayWait(143)) - ffc72186-1b59-4838-b97a-28de7241d76d@group-9C1991127D58->5b2bdeb4-7ea1-4df6-a88d-afaaea11e92e-GrpcLogAppender: Wait interrupted by java.lang.InterruptedException
2019-10-14 09:45:17,443 [org.apache.ratis.server.impl.LogAppender$AppenderDaemon$$Lambda$514/293845175@1d9f77e0] WARN  server.GrpcLogAppender (GrpcLogAppender.java:mayWait(143)) - ffc72186-1b59-4838-b97a-28de7241d76d@group-9C1991127D58->5cb57bc8-4f11-4646-be43-d873705a5003-GrpcLogAppender: Wait interrupted by java.lang.InterruptedException
2019-10-14 09:45:17,443 [main] INFO  util.JmxRegister (JmxRegister.java:unregister(73)) - Successfully un-registered JMX Bean with object name Ratis:service=RaftServer,group=group-A3C2AC2AC23E,id=ffc72186-1b59-4838-b97a-28de7241d76d
2019-10-14 09:45:17,450 [main] INFO  impl.RoleInfo (RoleInfo.java:shutdownFollowerState(121)) - ffc72186-1b59-4838-b97a-28de7241d76d: shutdown FollowerState
2019-10-14 09:45:17,451 [main] INFO  impl.StateMachineUpdater (StateMachineUpdater.java:stopAndJoin(125)) - ffc72186-1b59-4838-b97a-28de7241d76d@group-A3C2AC2AC23E-StateMachineUpdater: set stopIndex = -1
2019-10-14 09:45:17,451 [main] INFO  impl.RaftServerImpl (ServerState.java:close(385)) - ffc72186-1b59-4838-b97a-28de7241d76d@group-A3C2AC2AC23E: closes. applyIndex: -1
2019-10-14 09:45:17,451 [ForkJoinPool.commonPool-worker-0] INFO  impl.StateMachineUpdater (StateMachineUpdater.java:stopAndJoin(125)) - ffc72186-1b59-4838-b97a-28de7241d76d@group-9C1991127D58-StateMachineUpdater: set stopIndex = 16
2019-10-14 09:45:17,451 [Thread-4370] INFO  impl.FollowerState (FollowerState.java:run(115)) - ffc72186-1b59-4838-b97a-28de7241d76d: FollowerState was interrupted: java.lang.InterruptedException: sleep interrupted
2019-10-14 09:45:17,451 [grpc-default-executor-14] INFO  server.GrpcServerProtocolService (GrpcServerProtocolService.java:onCompleted(113)) - 5b2bdeb4-7ea1-4df6-a88d-afaaea11e92e: Completed APPEND_ENTRIES, lastRequest: ffc72186-1b59-4838-b97a-28de7241d76d->5b2bdeb4-7ea1-4df6-a88d-afaaea11e92e#19-t1, previous=(t:1, i:16), leaderCommit=16, initializing? false, entries: <empty>
2019-10-14 09:45:17,452 [ffc72186-1b59-4838-b97a-28de7241d76d@group-9C1991127D58-StateMachineUpdater] INFO  ratis.ContainerStateMachine (ContainerStateMachine.java:takeSnapshot(289)) - group-9C1991127D58: Taking a snapshot at:(t:1, i:14) file /workdir/hadoop-ozone/integration-test/target/test-dir/MiniOzoneClusterImpl-65bd215d-14c9-4112-ac30-b7a247fd80ea/datanode-5/data/ratis/18bdd093-60c4-4616-9146-9c1991127d58/sm/snapshot.1_14
2019-10-14 09:45:17,451 [ffc72186-1b59-4838-b97a-28de7241d76d@group-A3C2AC2AC23E-SegmentedRaftLogWorker] INFO  segmented.SegmentedRaftLogWorker (SegmentedRaftLogWorker.java:run(313)) - ffc72186-1b59-4838-b97a-28de7241d76d@group-A3C2AC2AC23E-SegmentedRaftLogWorker was interrupted, exiting. There are 0 tasks remaining in the queue.
2019-10-14 09:45:17,451 [grpc-default-executor-11] INFO  server.GrpcServerProtocolService (GrpcServerProtocolService.java:onCompleted(113)) - 5cb57bc8-4f11-4646-be43-d873705a5003: Completed APPEND_ENTRIES, lastRequest: ffc72186-1b59-4838-b97a-28de7241d76d->5cb57bc8-4f11-4646-be43-d873705a5003#19-t1, previous=(t:1, i:16), leaderCommit=16, initializing? false, entries: <empty>
2019-10-14 09:45:17,452 [main] INFO  segmented.SegmentedRaftLogWorker (SegmentedRaftLogWorker.java:close(228)) - ffc72186-1b59-4838-b97a-28de7241d76d@group-A3C2AC2AC23E-SegmentedRaftLogWorker close()
2019-10-14 09:45:17,452 [grpc-default-executor-14] INFO  server.GrpcLogAppender (GrpcLogAppender.java:onCompleted(293)) - ffc72186-1b59-4838-b97a-28de7241d76d@group-9C1991127D58->5b2bdeb4-7ea1-4df6-a88d-afaaea11e92e-AppendLogResponseHandler: follower responses appendEntries COMPLETED
2019-10-14 09:45:17,453 [grpc-default-executor-11] INFO  server.GrpcLogAppender (GrpcLogAppender.java:onCompleted(293)) - ffc72186-1b59-4838-b97a-28de7241d76d@group-9C1991127D58->5cb57bc8-4f11-4646-be43-d873705a5003-AppendLogResponseHandler: follower responses appendEntries COMPLETED
2019-10-14 09:45:17,455 [grpc-default-executor-14] INFO  impl.FollowerInfo (FollowerInfo.java:lambda$new$0(51)) - ffc72186-1b59-4838-b97a-28de7241d76d@group-9C1991127D58->5b2bdeb4-7ea1-4df6-a88d-afaaea11e92e: nextIndex: updateUnconditionally 17 -> 16
2019-10-14 09:45:17,455 [grpc-default-executor-11] INFO  impl.FollowerInfo (FollowerInfo.java:lambda$new$0(51)) - ffc72186-1b59-4838-b97a-28de7241d76d@group-9C1991127D58->5cb57bc8-4f11-4646-be43-d873705a5003: nextIndex: updateUnconditionally 17 -> 16
2019-10-14 09:45:17,482 [ffc72186-1b59-4838-b97a-28de7241d76d@group-9C1991127D58-StateMachineUpdater] INFO  ratis.ContainerStateMachine (ContainerStateMachine.java:takeSnapshot(300)) - group-9C1991127D58: Finished taking a snapshot at:(t:1, i:14) file:/workdir/hadoop-ozone/integration-test/target/test-dir/MiniOzoneClusterImpl-65bd215d-14c9-4112-ac30-b7a247fd80ea/datanode-5/data/ratis/18bdd093-60c4-4616-9146-9c1991127d58/sm/snapshot.1_14 time:30
2019-10-14 09:45:17,483 [ffc72186-1b59-4838-b97a-28de7241d76d@group-9C1991127D58-StateMachineUpdater] INFO  impl.StateMachineUpdater (StateMachineUpdater.java:takeSnapshot(258)) - ffc72186-1b59-4838-b97a-28de7241d76d@group-9C1991127D58-StateMachineUpdater: Took a snapshot at index 14
2019-10-14 09:45:17,483 [ffc72186-1b59-4838-b97a-28de7241d76d@group-9C1991127D58-StateMachineUpdater] INFO  impl.StateMachineUpdater (StateMachineUpdater.java:lambda$new$0(83)) - ffc72186-1b59-4838-b97a-28de7241d76d@group-9C1991127D58-StateMachineUpdater: snapshotIndex: updateIncreasingly -1 -> 14
2019-10-14 09:45:17,483 [ffc72186-1b59-4838-b97a-28de7241d76d@group-9C1991127D58-StateMachineUpdater] INFO  ratis.ContainerStateMachine (ContainerStateMachine.java:takeSnapshot(289)) - group-9C1991127D58: Taking a snapshot at:(t:1, i:14) file /workdir/hadoop-ozone/integration-test/target/test-dir/MiniOzoneClusterImpl-65bd215d-14c9-4112-ac30-b7a247fd80ea/datanode-5/data/ratis/18bdd093-60c4-4616-9146-9c1991127d58/sm/snapshot.1_14
2019-10-14 09:45:17,506 [ffc72186-1b59-4838-b97a-28de7241d76d@group-9C1991127D58-StateMachineUpdater] INFO  ratis.ContainerStateMachine (ContainerStateMachine.java:takeSnapshot(300)) - group-9C1991127D58: Finished taking a snapshot at:(t:1, i:14) file:/workdir/hadoop-ozone/integration-test/target/test-dir/MiniOzoneClusterImpl-65bd215d-14c9-4112-ac30-b7a247fd80ea/datanode-5/data/ratis/18bdd093-60c4-4616-9146-9c1991127d58/sm/snapshot.1_14 time:22
2019-10-14 09:45:17,506 [ffc72186-1b59-4838-b97a-28de7241d76d@group-9C1991127D58-StateMachineUpdater] INFO  impl.StateMachineUpdater (StateMachineUpdater.java:takeSnapshot(258)) - ffc72186-1b59-4838-b97a-28de7241d76d@group-9C1991127D58-StateMachineUpdater: Took a snapshot at index 14
2019-10-14 09:45:17,506 [ffc72186-1b59-4838-b97a-28de7241d76d@group-9C1991127D58-StateMachineUpdater] INFO  impl.StateMachineUpdater (StateMachineUpdater.java:lambda$new$0(83)) - ffc72186-1b59-4838-b97a-28de7241d76d@group-9C1991127D58-StateMachineUpdater: snapshotIndex: updateIncreasingly 14 -> 14
2019-10-14 09:45:17,507 [ForkJoinPool.commonPool-worker-0] INFO  impl.RaftServerImpl (ServerState.java:close(385)) - ffc72186-1b59-4838-b97a-28de7241d76d@group-9C1991127D58: closes. applyIndex: 16
2019-10-14 09:45:17,507 [ffc72186-1b59-4838-b97a-28de7241d76d@group-9C1991127D58-SegmentedRaftLogWorker] INFO  segmented.SegmentedRaftLogWorker (SegmentedRaftLogWorker.java:run(313)) - ffc72186-1b59-4838-b97a-28de7241d76d@group-9C1991127D58-SegmentedRaftLogWorker was interrupted, exiting. There are 0 tasks remaining in the queue.
2019-10-14 09:45:17,511 [ForkJoinPool.commonPool-worker-0] INFO  segmented.SegmentedRaftLogWorker (SegmentedRaftLogWorker.java:close(228)) - ffc72186-1b59-4838-b97a-28de7241d76d@group-9C1991127D58-SegmentedRaftLogWorker close()
2019-10-14 09:45:17,513 [main] INFO  server.GrpcService (GrpcService.java:closeImpl(164)) - ffc72186-1b59-4838-b97a-28de7241d76d: shutdown server with port 33403 now
2019-10-14 09:45:17,513 [grpc-default-executor-14] WARN  client.GrpcClientProtocolService (LogUtils.java:warn(134)) - 3-UnorderedRequestStreamObserver3: onError: org.apache.ratis.thirdparty.io.grpc.StatusRuntimeException: CANCELLED: cancelled before receiving half close
2019-10-14 09:45:17,514 [main] INFO  server.GrpcService (GrpcService.java:closeImpl(172)) - ffc72186-1b59-4838-b97a-28de7241d76d: shutdown server with port 33403 successfully
2019-10-14 09:45:17,516 [refreshUsed-/workdir/hadoop-ozone/integration-test/target/test-dir/MiniOzoneClusterImpl-65bd215d-14c9-4112-ac30-b7a247fd80ea/datanode-5/data/containers] WARN  fs.CachingGetSpaceUsed (CachingGetSpaceUsed.java:run(183)) - Thread Interrupted waiting to refresh disk information: sleep interrupted
2019-10-14 09:45:17,538 [main] INFO  utils.BackgroundService (BackgroundService.java:shutdown(148)) - Shutting down service BlockDeletingService
2019-10-14 09:45:17,545 [main] INFO  statemachine.DatanodeStateMachine (DatanodeStateMachine.java:stopDaemon(395)) - Ozone container server stopped.
2019-10-14 09:45:17,547 [main] INFO  handler.ContextHandler (ContextHandler.java:doStop(910)) - Stopped o.e.j.w.WebAppContext@5f5297e3{/,null,UNAVAILABLE}{/hddsDatanode}
2019-10-14 09:45:17,548 [main] INFO  server.AbstractConnector (AbstractConnector.java:doStop(318)) - Stopped ServerConnector@2d22d3b1{HTTP/1.1,[http/1.1]}{0.0.0.0:0}
2019-10-14 09:45:17,548 [main] INFO  handler.ContextHandler (ContextHandler.java:doStop(910)) - Stopped o.e.j.s.ServletContextHandler@9785903{/static,jar:file:/home/user/.m2/repository/org/apache/hadoop/hadoop-hdds-container-service/0.5.0-SNAPSHOT/hadoop-hdds-container-service-0.5.0-SNAPSHOT.jar!/webapps/static,UNAVAILABLE}
2019-10-14 09:45:17,549 [main] INFO  handler.ContextHandler (ContextHandler.java:doStop(910)) - Stopped o.e.j.s.ServletContextHandler@6d6cd1e0{/logs,file:///workdir/hadoop-ozone/integration-test/target/log,UNAVAILABLE}
2019-10-14 09:45:21,809 [Thread-4365] INFO  impl.FollowerState (FollowerState.java:run(106)) - 5cb57bc8-4f11-4646-be43-d873705a5003:group-A3C2AC2AC23E changes to CANDIDATE, lastRpcTime:5012, electionTimeout:5004ms
2019-10-14 09:45:21,810 [Thread-4365] INFO  impl.RoleInfo (RoleInfo.java:shutdownFollowerState(121)) - 5cb57bc8-4f11-4646-be43-d873705a5003: shutdown FollowerState
2019-10-14 09:45:21,810 [Thread-4365] INFO  impl.RaftServerImpl (RaftServerImpl.java:setRole(174)) - 5cb57bc8-4f11-4646-be43-d873705a5003@group-A3C2AC2AC23E: changes role from  FOLLOWER to CANDIDATE at term 2 for changeToCandidate
2019-10-14 09:45:21,810 [Thread-4365] INFO  impl.RoleInfo (RoleInfo.java:updateAndGet(143)) - 5cb57bc8-4f11-4646-be43-d873705a5003: start LeaderElection
2019-10-14 09:45:21,843 [Thread-4368] INFO  impl.FollowerState (FollowerState.java:run(106)) - d13983dc-b0b6-41ad-b475-2b910e2f36de:group-2D6C0FC78493 changes to CANDIDATE, lastRpcTime:5023, electionTimeout:5023ms
2019-10-14 09:45:21,843 [Thread-4368] INFO  impl.RoleInfo (RoleInfo.java:shutdownFollowerState(121)) - d13983dc-b0b6-41ad-b475-2b910e2f36de: shutdown FollowerState
2019-10-14 09:45:21,843 [Thread-4368] INFO  impl.RaftServerImpl (RaftServerImpl.java:setRole(174)) - d13983dc-b0b6-41ad-b475-2b910e2f36de@group-2D6C0FC78493: changes role from  FOLLOWER to CANDIDATE at term 2 for changeToCandidate
2019-10-14 09:45:21,843 [Thread-4368] INFO  impl.RoleInfo (RoleInfo.java:updateAndGet(143)) - d13983dc-b0b6-41ad-b475-2b910e2f36de: start LeaderElection
2019-10-14 09:45:21,973 [Thread-4367] INFO  impl.FollowerState (FollowerState.java:run(106)) - 5cb57bc8-4f11-4646-be43-d873705a5003:group-2D6C0FC78493 changes to CANDIDATE, lastRpcTime:5156, electionTimeout:5153ms
2019-10-14 09:45:21,973 [Thread-4367] INFO  impl.RoleInfo (RoleInfo.java:shutdownFollowerState(121)) - 5cb57bc8-4f11-4646-be43-d873705a5003: shutdown FollowerState
2019-10-14 09:45:21,973 [Thread-4367] INFO  impl.RaftServerImpl (RaftServerImpl.java:setRole(174)) - 5cb57bc8-4f11-4646-be43-d873705a5003@group-2D6C0FC78493: changes role from  FOLLOWER to CANDIDATE at term 2 for changeToCandidate
2019-10-14 09:45:21,973 [Thread-4367] INFO  impl.RoleInfo (RoleInfo.java:updateAndGet(143)) - 5cb57bc8-4f11-4646-be43-d873705a5003: start LeaderElection
2019-10-14 09:45:21,992 [Thread-4366] INFO  impl.FollowerState (FollowerState.java:run(106)) - 5b2bdeb4-7ea1-4df6-a88d-afaaea11e92e:group-A3C2AC2AC23E changes to CANDIDATE, lastRpcTime:5195, electionTimeout:5182ms
2019-10-14 09:45:21,993 [Thread-4366] INFO  impl.RoleInfo (RoleInfo.java:shutdownFollowerState(121)) - 5b2bdeb4-7ea1-4df6-a88d-afaaea11e92e: shutdown FollowerState
2019-10-14 09:45:21,993 [Thread-4366] INFO  impl.RaftServerImpl (RaftServerImpl.java:setRole(174)) - 5b2bdeb4-7ea1-4df6-a88d-afaaea11e92e@group-A3C2AC2AC23E: changes role from  FOLLOWER to CANDIDATE at term 2 for changeToCandidate
2019-10-14 09:45:21,993 [Thread-4366] INFO  impl.RoleInfo (RoleInfo.java:updateAndGet(143)) - 5b2bdeb4-7ea1-4df6-a88d-afaaea11e92e: start LeaderElection
2019-10-14 09:45:22,227 [d13983dc-b0b6-41ad-b475-2b910e2f36de@group-2D6C0FC78493:LeaderElection127] INFO  impl.LeaderElection (LeaderElection.java:askForVotes(182)) - d13983dc-b0b6-41ad-b475-2b910e2f36de@group-2D6C0FC78493:LeaderElection127: begin an election at term 3 for -1: [5cb57bc8-4f11-4646-be43-d873705a5003:192.168.164.214:33921, d13983dc-b0b6-41ad-b475-2b910e2f36de:192.168.164.214:42581, ffc72186-1b59-4838-b97a-28de7241d76d:192.168.164.214:33403], old=null
2019-10-14 09:45:22,227 [5cb57bc8-4f11-4646-be43-d873705a5003@group-A3C2AC2AC23E:LeaderElection126] INFO  impl.LeaderElection (LeaderElection.java:askForVotes(182)) - 5cb57bc8-4f11-4646-be43-d873705a5003@group-A3C2AC2AC23E:LeaderElection126: begin an election at term 3 for -1: [5cb57bc8-4f11-4646-be43-d873705a5003:192.168.164.214:33921, 5b2bdeb4-7ea1-4df6-a88d-afaaea11e92e:192.168.164.214:43516, ffc72186-1b59-4838-b97a-28de7241d76d:192.168.164.214:33403], old=null
2019-10-14 09:45:22,227 [5cb57bc8-4f11-4646-be43-d873705a5003@group-2D6C0FC78493:LeaderElection128] INFO  impl.LeaderElection (LeaderElection.java:askForVotes(182)) - 5cb57bc8-4f11-4646-be43-d873705a5003@group-2D6C0FC78493:LeaderElection128: begin an election at term 3 for -1: [5cb57bc8-4f11-4646-be43-d873705a5003:192.168.164.214:33921, d13983dc-b0b6-41ad-b475-2b910e2f36de:192.168.164.214:42581, ffc72186-1b59-4838-b97a-28de7241d76d:192.168.164.214:33403], old=null
2019-10-14 09:45:22,227 [5b2bdeb4-7ea1-4df6-a88d-afaaea11e92e@group-A3C2AC2AC23E:LeaderElection129] INFO  impl.LeaderElection (LeaderElection.java:askForVotes(182)) - 5b2bdeb4-7ea1-4df6-a88d-afaaea11e92e@group-A3C2AC2AC23E:LeaderElection129: begin an election at term 3 for -1: [5cb57bc8-4f11-4646-be43-d873705a5003:192.168.164.214:33921, 5b2bdeb4-7ea1-4df6-a88d-afaaea11e92e:192.168.164.214:43516, ffc72186-1b59-4838-b97a-28de7241d76d:192.168.164.214:33403], old=null
2019-10-14 09:45:22,230 [5b2bdeb4-7ea1-4df6-a88d-afaaea11e92e@group-A3C2AC2AC23E:LeaderElection129] INFO  impl.LeaderElection (LogUtils.java:infoOrTrace(149)) - 5b2bdeb4-7ea1-4df6-a88d-afaaea11e92e@group-A3C2AC2AC23E:LeaderElection129 got exception when requesting votes: {}
java.util.concurrent.ExecutionException: org.apache.ratis.thirdparty.io.grpc.StatusRuntimeException: UNAVAILABLE: io exception
	at java.util.concurrent.FutureTask.report(FutureTask.java:122)
	at java.util.concurrent.FutureTask.get(FutureTask.java:192)
	at org.apache.ratis.server.impl.LeaderElection.waitForResults(LeaderElection.java:263)
	at org.apache.ratis.server.impl.LeaderElection.askForVotes(LeaderElection.java:201)
	at org.apache.ratis.server.impl.LeaderElection.run(LeaderElection.java:133)
	at java.lang.Thread.run(Thread.java:748)
Caused by: org.apache.ratis.thirdparty.io.grpc.StatusRuntimeException: UNAVAILABLE: io exception
	at org.apache.ratis.thirdparty.io.grpc.stub.ClientCalls.toStatusRuntimeException(ClientCalls.java:233)
	at org.apache.ratis.thirdparty.io.grpc.stub.ClientCalls.getUnchecked(ClientCalls.java:214)
	at org.apache.ratis.thirdparty.io.grpc.stub.ClientCalls.blockingUnaryCall(ClientCalls.java:139)
	at org.apache.ratis.proto.grpc.RaftServerProtocolServiceGrpc$RaftServerProtocolServiceBlockingStub.requestVote(RaftServerProtocolServiceGrpc.java:265)
	at org.apache.ratis.grpc.server.GrpcServerProtocolClient.requestVote(GrpcServerProtocolClient.java:90)
	at org.apache.ratis.grpc.server.GrpcService.requestVote(GrpcService.java:204)
	at org.apache.ratis.server.impl.LeaderElection.lambda$submitRequests$1(LeaderElection.java:238)
	at java.util.concurrent.FutureTask.run(FutureTask.java:266)
	at java.util.concurrent.Executors$RunnableAdapter.call(Executors.java:511)
	at java.util.concurrent.FutureTask.run(FutureTask.java:266)
	at java.util.concurrent.ThreadPoolExecutor.runWorker(ThreadPoolExecutor.java:1149)
	at java.util.concurrent.ThreadPoolExecutor$Worker.run(ThreadPoolExecutor.java:624)
	... 1 more
Caused by: org.apache.ratis.thirdparty.io.netty.channel.AbstractChannel$AnnotatedConnectException: Connection refused: /192.168.164.214:33403
	at sun.nio.ch.SocketChannelImpl.checkConnect(Native Method)
	at sun.nio.ch.SocketChannelImpl.finishConnect(SocketChannelImpl.java:717)
	at org.apache.ratis.thirdparty.io.netty.channel.socket.nio.NioSocketChannel.doFinishConnect(NioSocketChannel.java:327)
	at org.apache.ratis.thirdparty.io.netty.channel.nio.AbstractNioChannel$AbstractNioUnsafe.finishConnect(AbstractNioChannel.java:340)
	at org.apache.ratis.thirdparty.io.netty.channel.nio.NioEventLoop.processSelectedKey(NioEventLoop.java:632)
	at org.apache.ratis.thirdparty.io.netty.channel.nio.NioEventLoop.processSelectedKeysOptimized(NioEventLoop.java:579)
	at org.apache.ratis.thirdparty.io.netty.channel.nio.NioEventLoop.processSelectedKeys(NioEventLoop.java:496)
	at org.apache.ratis.thirdparty.io.netty.channel.nio.NioEventLoop.run(NioEventLoop.java:458)
	at org.apache.ratis.thirdparty.io.netty.util.concurrent.SingleThreadEventExecutor$5.run(SingleThreadEventExecutor.java:897)
	at org.apache.ratis.thirdparty.io.netty.util.concurrent.FastThreadLocalRunnable.run(FastThreadLocalRunnable.java:30)
	... 1 more
Caused by: java.net.ConnectException: Connection refused
	... 11 more
2019-10-14 09:45:22,237 [5b2bdeb4-7ea1-4df6-a88d-afaaea11e92e@group-A3C2AC2AC23E:LeaderElection129] INFO  impl.LeaderElection (LeaderElection.java:logAndReturn(56)) - 5b2bdeb4-7ea1-4df6-a88d-afaaea11e92e@group-A3C2AC2AC23E:LeaderElection129: Election REJECTED; received 1 response(s) [5b2bdeb4-7ea1-4df6-a88d-afaaea11e92e<-5cb57bc8-4f11-4646-be43-d873705a5003#0:FAIL-t3] and 1 exception(s); 5b2bdeb4-7ea1-4df6-a88d-afaaea11e92e@group-A3C2AC2AC23E:t3, leader=null, voted=5b2bdeb4-7ea1-4df6-a88d-afaaea11e92e, raftlog=5b2bdeb4-7ea1-4df6-a88d-afaaea11e92e@group-A3C2AC2AC23E-SegmentedRaftLog:OPENED:c-1,f-1,i0, conf=-1: [5cb57bc8-4f11-4646-be43-d873705a5003:192.168.164.214:33921, 5b2bdeb4-7ea1-4df6-a88d-afaaea11e92e:192.168.164.214:43516, ffc72186-1b59-4838-b97a-28de7241d76d:192.168.164.214:33403], old=null
2019-10-14 09:45:22,237 [5b2bdeb4-7ea1-4df6-a88d-afaaea11e92e@group-A3C2AC2AC23E:LeaderElection129] INFO  impl.LeaderElection (LogUtils.java:infoOrTrace(149)) -   Exception 0: {}
java.util.concurrent.ExecutionException: org.apache.ratis.thirdparty.io.grpc.StatusRuntimeException: UNAVAILABLE: io exception
	at java.util.concurrent.FutureTask.report(FutureTask.java:122)
	at java.util.concurrent.FutureTask.get(FutureTask.java:192)
	at org.apache.ratis.server.impl.LeaderElection.waitForResults(LeaderElection.java:263)
	at org.apache.ratis.server.impl.LeaderElection.askForVotes(LeaderElection.java:201)
	at org.apache.ratis.server.impl.LeaderElection.run(LeaderElection.java:133)
	at java.lang.Thread.run(Thread.java:748)
Caused by: org.apache.ratis.thirdparty.io.grpc.StatusRuntimeException: UNAVAILABLE: io exception
	at org.apache.ratis.thirdparty.io.grpc.stub.ClientCalls.toStatusRuntimeException(ClientCalls.java:233)
	at org.apache.ratis.thirdparty.io.grpc.stub.ClientCalls.getUnchecked(ClientCalls.java:214)
	at org.apache.ratis.thirdparty.io.grpc.stub.ClientCalls.blockingUnaryCall(ClientCalls.java:139)
	at org.apache.ratis.proto.grpc.RaftServerProtocolServiceGrpc$RaftServerProtocolServiceBlockingStub.requestVote(RaftServerProtocolServiceGrpc.java:265)
	at org.apache.ratis.grpc.server.GrpcServerProtocolClient.requestVote(GrpcServerProtocolClient.java:90)
	at org.apache.ratis.grpc.server.GrpcService.requestVote(GrpcService.java:204)
	at org.apache.ratis.server.impl.LeaderElection.lambda$submitRequests$1(LeaderElection.java:238)
	at java.util.concurrent.FutureTask.run(FutureTask.java:266)
	at java.util.concurrent.Executors$RunnableAdapter.call(Executors.java:511)
	at java.util.concurrent.FutureTask.run(FutureTask.java:266)
	at java.util.concurrent.ThreadPoolExecutor.runWorker(ThreadPoolExecutor.java:1149)
	at java.util.concurrent.ThreadPoolExecutor$Worker.run(ThreadPoolExecutor.java:624)
	... 1 more
Caused by: org.apache.ratis.thirdparty.io.netty.channel.AbstractChannel$AnnotatedConnectException: Connection refused: /192.168.164.214:33403
	at sun.nio.ch.SocketChannelImpl.checkConnect(Native Method)
	at sun.nio.ch.SocketChannelImpl.finishConnect(SocketChannelImpl.java:717)
	at org.apache.ratis.thirdparty.io.netty.channel.socket.nio.NioSocketChannel.doFinishConnect(NioSocketChannel.java:327)
	at org.apache.ratis.thirdparty.io.netty.channel.nio.AbstractNioChannel$AbstractNioUnsafe.finishConnect(AbstractNioChannel.java:340)
	at org.apache.ratis.thirdparty.io.netty.channel.nio.NioEventLoop.processSelectedKey(NioEventLoop.java:632)
	at org.apache.ratis.thirdparty.io.netty.channel.nio.NioEventLoop.processSelectedKeysOptimized(NioEventLoop.java:579)
	at org.apache.ratis.thirdparty.io.netty.channel.nio.NioEventLoop.processSelectedKeys(NioEventLoop.java:496)
	at org.apache.ratis.thirdparty.io.netty.channel.nio.NioEventLoop.run(NioEventLoop.java:458)
	at org.apache.ratis.thirdparty.io.netty.util.concurrent.SingleThreadEventExecutor$5.run(SingleThreadEventExecutor.java:897)
	at org.apache.ratis.thirdparty.io.netty.util.concurrent.FastThreadLocalRunnable.run(FastThreadLocalRunnable.java:30)
	... 1 more
Caused by: java.net.ConnectException: Connection refused
	... 11 more
2019-10-14 09:45:22,237 [5cb57bc8-4f11-4646-be43-d873705a5003@group-A3C2AC2AC23E:LeaderElection126] INFO  impl.LeaderElection (LogUtils.java:infoOrTrace(149)) - 5cb57bc8-4f11-4646-be43-d873705a5003@group-A3C2AC2AC23E:LeaderElection126 got exception when requesting votes: {}
java.util.concurrent.ExecutionException: org.apache.ratis.thirdparty.io.grpc.StatusRuntimeException: UNAVAILABLE: io exception
	at java.util.concurrent.FutureTask.report(FutureTask.java:122)
	at java.util.concurrent.FutureTask.get(FutureTask.java:192)
	at org.apache.ratis.server.impl.LeaderElection.waitForResults(LeaderElection.java:263)
	at org.apache.ratis.server.impl.LeaderElection.askForVotes(LeaderElection.java:201)
	at org.apache.ratis.server.impl.LeaderElection.run(LeaderElection.java:133)
	at java.lang.Thread.run(Thread.java:748)
Caused by: org.apache.ratis.thirdparty.io.grpc.StatusRuntimeException: UNAVAILABLE: io exception
	at org.apache.ratis.thirdparty.io.grpc.stub.ClientCalls.toStatusRuntimeException(ClientCalls.java:233)
	at org.apache.ratis.thirdparty.io.grpc.stub.ClientCalls.getUnchecked(ClientCalls.java:214)
	at org.apache.ratis.thirdparty.io.grpc.stub.ClientCalls.blockingUnaryCall(ClientCalls.java:139)
	at org.apache.ratis.proto.grpc.RaftServerProtocolServiceGrpc$RaftServerProtocolServiceBlockingStub.requestVote(RaftServerProtocolServiceGrpc.java:265)
	at org.apache.ratis.grpc.server.GrpcServerProtocolClient.requestVote(GrpcServerProtocolClient.java:90)
	at org.apache.ratis.grpc.server.GrpcService.requestVote(GrpcService.java:204)
	at org.apache.ratis.server.impl.LeaderElection.lambda$submitRequests$1(LeaderElection.java:238)
	at java.util.concurrent.FutureTask.run(FutureTask.java:266)
	at java.util.concurrent.Executors$RunnableAdapter.call(Executors.java:511)
	at java.util.concurrent.FutureTask.run(FutureTask.java:266)
	at java.util.concurrent.ThreadPoolExecutor.runWorker(ThreadPoolExecutor.java:1149)
	at java.util.concurrent.ThreadPoolExecutor$Worker.run(ThreadPoolExecutor.java:624)
	... 1 more
Caused by: org.apache.ratis.thirdparty.io.netty.channel.AbstractChannel$AnnotatedConnectException: Connection refused: /192.168.164.214:33403
	at sun.nio.ch.SocketChannelImpl.checkConnect(Native Method)
	at sun.nio.ch.SocketChannelImpl.finishConnect(SocketChannelImpl.java:717)
	at org.apache.ratis.thirdparty.io.netty.channel.socket.nio.NioSocketChannel.doFinishConnect(NioSocketChannel.java:327)
	at org.apache.ratis.thirdparty.io.netty.channel.nio.AbstractNioChannel$AbstractNioUnsafe.finishConnect(AbstractNioChannel.java:340)
	at org.apache.ratis.thirdparty.io.netty.channel.nio.NioEventLoop.processSelectedKey(NioEventLoop.java:632)
	at org.apache.ratis.thirdparty.io.netty.channel.nio.NioEventLoop.processSelectedKeysOptimized(NioEventLoop.java:579)
	at org.apache.ratis.thirdparty.io.netty.channel.nio.NioEventLoop.processSelectedKeys(NioEventLoop.java:496)
	at org.apache.ratis.thirdparty.io.netty.channel.nio.NioEventLoop.run(NioEventLoop.java:458)
	at org.apache.ratis.thirdparty.io.netty.util.concurrent.SingleThreadEventExecutor$5.run(SingleThreadEventExecutor.java:897)
	at org.apache.ratis.thirdparty.io.netty.util.concurrent.FastThreadLocalRunnable.run(FastThreadLocalRunnable.java:30)
	... 1 more
Caused by: java.net.ConnectException: Connection refused
	... 11 more
2019-10-14 09:45:22,247 [5b2bdeb4-7ea1-4df6-a88d-afaaea11e92e@group-A3C2AC2AC23E:LeaderElection129] INFO  impl.RaftServerImpl (RaftServerImpl.java:setRole(174)) - 5b2bdeb4-7ea1-4df6-a88d-afaaea11e92e@group-A3C2AC2AC23E: changes role from CANDIDATE to FOLLOWER at term 3 for DISCOVERED_A_NEW_TERM
2019-10-14 09:45:22,253 [5cb57bc8-4f11-4646-be43-d873705a5003@group-2D6C0FC78493:LeaderElection128] INFO  impl.LeaderElection (LogUtils.java:infoOrTrace(149)) - 5cb57bc8-4f11-4646-be43-d873705a5003@group-2D6C0FC78493:LeaderElection128 got exception when requesting votes: {}
java.util.concurrent.ExecutionException: org.apache.ratis.thirdparty.io.grpc.StatusRuntimeException: UNAVAILABLE: io exception
	at java.util.concurrent.FutureTask.report(FutureTask.java:122)
	at java.util.concurrent.FutureTask.get(FutureTask.java:192)
	at org.apache.ratis.server.impl.LeaderElection.waitForResults(LeaderElection.java:263)
	at org.apache.ratis.server.impl.LeaderElection.askForVotes(LeaderElection.java:201)
	at org.apache.ratis.server.impl.LeaderElection.run(LeaderElection.java:133)
	at java.lang.Thread.run(Thread.java:748)
Caused by: org.apache.ratis.thirdparty.io.grpc.StatusRuntimeException: UNAVAILABLE: io exception
	at org.apache.ratis.thirdparty.io.grpc.stub.ClientCalls.toStatusRuntimeException(ClientCalls.java:233)
	at org.apache.ratis.thirdparty.io.grpc.stub.ClientCalls.getUnchecked(ClientCalls.java:214)
	at org.apache.ratis.thirdparty.io.grpc.stub.ClientCalls.blockingUnaryCall(ClientCalls.java:139)
	at org.apache.ratis.proto.grpc.RaftServerProtocolServiceGrpc$RaftServerProtocolServiceBlockingStub.requestVote(RaftServerProtocolServiceGrpc.java:265)
	at org.apache.ratis.grpc.server.GrpcServerProtocolClient.requestVote(GrpcServerProtocolClient.java:90)
	at org.apache.ratis.grpc.server.GrpcService.requestVote(GrpcService.java:204)
	at org.apache.ratis.server.impl.LeaderElection.lambda$submitRequests$1(LeaderElection.java:238)
	at java.util.concurrent.FutureTask.run(FutureTask.java:266)
	at java.util.concurrent.Executors$RunnableAdapter.call(Executors.java:511)
	at java.util.concurrent.FutureTask.run(FutureTask.java:266)
	at java.util.concurrent.ThreadPoolExecutor.runWorker(ThreadPoolExecutor.java:1149)
	at java.util.concurrent.ThreadPoolExecutor$Worker.run(ThreadPoolExecutor.java:624)
	... 1 more
Caused by: org.apache.ratis.thirdparty.io.netty.channel.AbstractChannel$AnnotatedConnectException: Connection refused: /192.168.164.214:33403
	at sun.nio.ch.SocketChannelImpl.checkConnect(Native Method)
	at sun.nio.ch.SocketChannelImpl.finishConnect(SocketChannelImpl.java:717)
	at org.apache.ratis.thirdparty.io.netty.channel.socket.nio.NioSocketChannel.doFinishConnect(NioSocketChannel.java:327)
	at org.apache.ratis.thirdparty.io.netty.channel.nio.AbstractNioChannel$AbstractNioUnsafe.finishConnect(AbstractNioChannel.java:340)
	at org.apache.ratis.thirdparty.io.netty.channel.nio.NioEventLoop.processSelectedKey(NioEventLoop.java:632)
	at org.apache.ratis.thirdparty.io.netty.channel.nio.NioEventLoop.processSelectedKeysOptimized(NioEventLoop.java:579)
	at org.apache.ratis.thirdparty.io.netty.channel.nio.NioEventLoop.processSelectedKeys(NioEventLoop.java:496)
	at org.apache.ratis.thirdparty.io.netty.channel.nio.NioEventLoop.run(NioEventLoop.java:458)
	at org.apache.ratis.thirdparty.io.netty.util.concurrent.SingleThreadEventExecutor$5.run(SingleThreadEventExecutor.java:897)
	at org.apache.ratis.thirdparty.io.netty.util.concurrent.FastThreadLocalRunnable.run(FastThreadLocalRunnable.java:30)
	... 1 more
Caused by: java.net.ConnectException: Connection refused
	... 11 more
2019-10-14 09:45:22,253 [5b2bdeb4-7ea1-4df6-a88d-afaaea11e92e@group-A3C2AC2AC23E:LeaderElection129] INFO  impl.RoleInfo (RoleInfo.java:shutdownLeaderElection(134)) - 5b2bdeb4-7ea1-4df6-a88d-afaaea11e92e: shutdown LeaderElection
2019-10-14 09:45:22,256 [5b2bdeb4-7ea1-4df6-a88d-afaaea11e92e@group-A3C2AC2AC23E:LeaderElection129] INFO  impl.RoleInfo (RoleInfo.java:updateAndGet(143)) - 5b2bdeb4-7ea1-4df6-a88d-afaaea11e92e: start FollowerState
2019-10-14 09:45:22,257 [d13983dc-b0b6-41ad-b475-2b910e2f36de@group-2D6C0FC78493:LeaderElection127] INFO  impl.LeaderElection (LogUtils.java:infoOrTrace(149)) - d13983dc-b0b6-41ad-b475-2b910e2f36de@group-2D6C0FC78493:LeaderElection127 got exception when requesting votes: {}
java.util.concurrent.ExecutionException: org.apache.ratis.thirdparty.io.grpc.StatusRuntimeException: UNAVAILABLE: io exception
	at java.util.concurrent.FutureTask.report(FutureTask.java:122)
	at java.util.concurrent.FutureTask.get(FutureTask.java:192)
	at org.apache.ratis.server.impl.LeaderElection.waitForResults(LeaderElection.java:263)
	at org.apache.ratis.server.impl.LeaderElection.askForVotes(LeaderElection.java:201)
	at org.apache.ratis.server.impl.LeaderElection.run(LeaderElection.java:133)
	at java.lang.Thread.run(Thread.java:748)
Caused by: org.apache.ratis.thirdparty.io.grpc.StatusRuntimeException: UNAVAILABLE: io exception
	at org.apache.ratis.thirdparty.io.grpc.stub.ClientCalls.toStatusRuntimeException(ClientCalls.java:233)
	at org.apache.ratis.thirdparty.io.grpc.stub.ClientCalls.getUnchecked(ClientCalls.java:214)
	at org.apache.ratis.thirdparty.io.grpc.stub.ClientCalls.blockingUnaryCall(ClientCalls.java:139)
	at org.apache.ratis.proto.grpc.RaftServerProtocolServiceGrpc$RaftServerProtocolServiceBlockingStub.requestVote(RaftServerProtocolServiceGrpc.java:265)
	at org.apache.ratis.grpc.server.GrpcServerProtocolClient.requestVote(GrpcServerProtocolClient.java:90)
	at org.apache.ratis.grpc.server.GrpcService.requestVote(GrpcService.java:204)
	at org.apache.ratis.server.impl.LeaderElection.lambda$submitRequests$1(LeaderElection.java:238)
	at java.util.concurrent.FutureTask.run(FutureTask.java:266)
	at java.util.concurrent.Executors$RunnableAdapter.call(Executors.java:511)
	at java.util.concurrent.FutureTask.run(FutureTask.java:266)
	at java.util.concurrent.ThreadPoolExecutor.runWorker(ThreadPoolExecutor.java:1149)
	at java.util.concurrent.ThreadPoolExecutor$Worker.run(ThreadPoolExecutor.java:624)
	... 1 more
Caused by: org.apache.ratis.thirdparty.io.netty.channel.AbstractChannel$AnnotatedConnectException: Connection refused: /192.168.164.214:33403
	at sun.nio.ch.SocketChannelImpl.checkConnect(Native Method)
	at sun.nio.ch.SocketChannelImpl.finishConnect(SocketChannelImpl.java:717)
	at org.apache.ratis.thirdparty.io.netty.channel.socket.nio.NioSocketChannel.doFinishConnect(NioSocketChannel.java:327)
	at org.apache.ratis.thirdparty.io.netty.channel.nio.AbstractNioChannel$AbstractNioUnsafe.finishConnect(AbstractNioChannel.java:340)
	at org.apache.ratis.thirdparty.io.netty.channel.nio.NioEventLoop.processSelectedKey(NioEventLoop.java:632)
	at org.apache.ratis.thirdparty.io.netty.channel.nio.NioEventLoop.processSelectedKeysOptimized(NioEventLoop.java:579)
	at org.apache.ratis.thirdparty.io.netty.channel.nio.NioEventLoop.processSelectedKeys(NioEventLoop.java:496)
	at org.apache.ratis.thirdparty.io.netty.channel.nio.NioEventLoop.run(NioEventLoop.java:458)
	at org.apache.ratis.thirdparty.io.netty.util.concurrent.SingleThreadEventExecutor$5.run(SingleThreadEventExecutor.java:897)
	at org.apache.ratis.thirdparty.io.netty.util.concurrent.FastThreadLocalRunnable.run(FastThreadLocalRunnable.java:30)
	... 1 more
Caused by: java.net.ConnectException: Connection refused
	... 11 more
2019-10-14 09:45:22,260 [5cb57bc8-4f11-4646-be43-d873705a5003@group-2D6C0FC78493:LeaderElection128] INFO  impl.LeaderElection (LeaderElection.java:logAndReturn(56)) - 5cb57bc8-4f11-4646-be43-d873705a5003@group-2D6C0FC78493:LeaderElection128: Election REJECTED; received 1 response(s) [5cb57bc8-4f11-4646-be43-d873705a5003<-d13983dc-b0b6-41ad-b475-2b910e2f36de#0:FAIL-t3] and 1 exception(s); 5cb57bc8-4f11-4646-be43-d873705a5003@group-2D6C0FC78493:t3, leader=null, voted=5cb57bc8-4f11-4646-be43-d873705a5003, raftlog=5cb57bc8-4f11-4646-be43-d873705a5003@group-2D6C0FC78493-SegmentedRaftLog:OPENED:c-1,f-1,i0, conf=-1: [5cb57bc8-4f11-4646-be43-d873705a5003:192.168.164.214:33921, d13983dc-b0b6-41ad-b475-2b910e2f36de:192.168.164.214:42581, ffc72186-1b59-4838-b97a-28de7241d76d:192.168.164.214:33403], old=null
2019-10-14 09:45:22,260 [d13983dc-b0b6-41ad-b475-2b910e2f36de@group-2D6C0FC78493:LeaderElection127] INFO  impl.LeaderElection (LeaderElection.java:logAndReturn(56)) - d13983dc-b0b6-41ad-b475-2b910e2f36de@group-2D6C0FC78493:LeaderElection127: Election REJECTED; received 1 response(s) [d13983dc-b0b6-41ad-b475-2b910e2f36de<-5cb57bc8-4f11-4646-be43-d873705a5003#0:FAIL-t3] and 1 exception(s); d13983dc-b0b6-41ad-b475-2b910e2f36de@group-2D6C0FC78493:t3, leader=null, voted=d13983dc-b0b6-41ad-b475-2b910e2f36de, raftlog=d13983dc-b0b6-41ad-b475-2b910e2f36de@group-2D6C0FC78493-SegmentedRaftLog:OPENED:c-1,f-1,i0, conf=-1: [5cb57bc8-4f11-4646-be43-d873705a5003:192.168.164.214:33921, d13983dc-b0b6-41ad-b475-2b910e2f36de:192.168.164.214:42581, ffc72186-1b59-4838-b97a-28de7241d76d:192.168.164.214:33403], old=null
2019-10-14 09:45:22,260 [5cb57bc8-4f11-4646-be43-d873705a5003@group-A3C2AC2AC23E:LeaderElection126] INFO  impl.LeaderElection (LeaderElection.java:logAndReturn(56)) - 5cb57bc8-4f11-4646-be43-d873705a5003@group-A3C2AC2AC23E:LeaderElection126: Election REJECTED; received 1 response(s) [5cb57bc8-4f11-4646-be43-d873705a5003<-5b2bdeb4-7ea1-4df6-a88d-afaaea11e92e#0:FAIL-t3] and 1 exception(s); 5cb57bc8-4f11-4646-be43-d873705a5003@group-A3C2AC2AC23E:t3, leader=null, voted=5cb57bc8-4f11-4646-be43-d873705a5003, raftlog=5cb57bc8-4f11-4646-be43-d873705a5003@group-A3C2AC2AC23E-SegmentedRaftLog:OPENED:c-1,f-1,i0, conf=-1: [5cb57bc8-4f11-4646-be43-d873705a5003:192.168.164.214:33921, 5b2bdeb4-7ea1-4df6-a88d-afaaea11e92e:192.168.164.214:43516, ffc72186-1b59-4838-b97a-28de7241d76d:192.168.164.214:33403], old=null
2019-10-14 09:45:22,260 [5cb57bc8-4f11-4646-be43-d873705a5003@group-2D6C0FC78493:LeaderElection128] INFO  impl.LeaderElection (LogUtils.java:infoOrTrace(149)) -   Exception 0: {}
java.util.concurrent.ExecutionException: org.apache.ratis.thirdparty.io.grpc.StatusRuntimeException: UNAVAILABLE: io exception
	at java.util.concurrent.FutureTask.report(FutureTask.java:122)
	at java.util.concurrent.FutureTask.get(FutureTask.java:192)
	at org.apache.ratis.server.impl.LeaderElection.waitForResults(LeaderElection.java:263)
	at org.apache.ratis.server.impl.LeaderElection.askForVotes(LeaderElection.java:201)
	at org.apache.ratis.server.impl.LeaderElection.run(LeaderElection.java:133)
	at java.lang.Thread.run(Thread.java:748)
Caused by: org.apache.ratis.thirdparty.io.grpc.StatusRuntimeException: UNAVAILABLE: io exception
	at org.apache.ratis.thirdparty.io.grpc.stub.ClientCalls.toStatusRuntimeException(ClientCalls.java:233)
	at org.apache.ratis.thirdparty.io.grpc.stub.ClientCalls.getUnchecked(ClientCalls.java:214)
	at org.apache.ratis.thirdparty.io.grpc.stub.ClientCalls.blockingUnaryCall(ClientCalls.java:139)
	at org.apache.ratis.proto.grpc.RaftServerProtocolServiceGrpc$RaftServerProtocolServiceBlockingStub.requestVote(RaftServerProtocolServiceGrpc.java:265)
	at org.apache.ratis.grpc.server.GrpcServerProtocolClient.requestVote(GrpcServerProtocolClient.java:90)
	at org.apache.ratis.grpc.server.GrpcService.requestVote(GrpcService.java:204)
	at org.apache.ratis.server.impl.LeaderElection.lambda$submitRequests$1(LeaderElection.java:238)
	at java.util.concurrent.FutureTask.run(FutureTask.java:266)
	at java.util.concurrent.Executors$RunnableAdapter.call(Executors.java:511)
	at java.util.concurrent.FutureTask.run(FutureTask.java:266)
	at java.util.concurrent.ThreadPoolExecutor.runWorker(ThreadPoolExecutor.java:1149)
	at java.util.concurrent.ThreadPoolExecutor$Worker.run(ThreadPoolExecutor.java:624)
	... 1 more
Caused by: org.apache.ratis.thirdparty.io.netty.channel.AbstractChannel$AnnotatedConnectException: Connection refused: /192.168.164.214:33403
	at sun.nio.ch.SocketChannelImpl.checkConnect(Native Method)
	at sun.nio.ch.SocketChannelImpl.finishConnect(SocketChannelImpl.java:717)
	at org.apache.ratis.thirdparty.io.netty.channel.socket.nio.NioSocketChannel.doFinishConnect(NioSocketChannel.java:327)
	at org.apache.ratis.thirdparty.io.netty.channel.nio.AbstractNioChannel$AbstractNioUnsafe.finishConnect(AbstractNioChannel.java:340)
	at org.apache.ratis.thirdparty.io.netty.channel.nio.NioEventLoop.processSelectedKey(NioEventLoop.java:632)
	at org.apache.ratis.thirdparty.io.netty.channel.nio.NioEventLoop.processSelectedKeysOptimized(NioEventLoop.java:579)
	at org.apache.ratis.thirdparty.io.netty.channel.nio.NioEventLoop.processSelectedKeys(NioEventLoop.java:496)
	at org.apache.ratis.thirdparty.io.netty.channel.nio.NioEventLoop.run(NioEventLoop.java:458)
	at org.apache.ratis.thirdparty.io.netty.util.concurrent.SingleThreadEventExecutor$5.run(SingleThreadEventExecutor.java:897)
	at org.apache.ratis.thirdparty.io.netty.util.concurrent.FastThreadLocalRunnable.run(FastThreadLocalRunnable.java:30)
	... 1 more
Caused by: java.net.ConnectException: Connection refused
	... 11 more
2019-10-14 09:45:22,262 [5cb57bc8-4f11-4646-be43-d873705a5003@group-A3C2AC2AC23E:LeaderElection126] INFO  impl.LeaderElection (LogUtils.java:infoOrTrace(149)) -   Exception 0: {}
java.util.concurrent.ExecutionException: org.apache.ratis.thirdparty.io.grpc.StatusRuntimeException: UNAVAILABLE: io exception
	at java.util.concurrent.FutureTask.report(FutureTask.java:122)
	at java.util.concurrent.FutureTask.get(FutureTask.java:192)
	at org.apache.ratis.server.impl.LeaderElection.waitForResults(LeaderElection.java:263)
	at org.apache.ratis.server.impl.LeaderElection.askForVotes(LeaderElection.java:201)
	at org.apache.ratis.server.impl.LeaderElection.run(LeaderElection.java:133)
	at java.lang.Thread.run(Thread.java:748)
Caused by: org.apache.ratis.thirdparty.io.grpc.StatusRuntimeException: UNAVAILABLE: io exception
	at org.apache.ratis.thirdparty.io.grpc.stub.ClientCalls.toStatusRuntimeException(ClientCalls.java:233)
	at org.apache.ratis.thirdparty.io.grpc.stub.ClientCalls.getUnchecked(ClientCalls.java:214)
	at org.apache.ratis.thirdparty.io.grpc.stub.ClientCalls.blockingUnaryCall(ClientCalls.java:139)
	at org.apache.ratis.proto.grpc.RaftServerProtocolServiceGrpc$RaftServerProtocolServiceBlockingStub.requestVote(RaftServerProtocolServiceGrpc.java:265)
	at org.apache.ratis.grpc.server.GrpcServerProtocolClient.requestVote(GrpcServerProtocolClient.java:90)
	at org.apache.ratis.grpc.server.GrpcService.requestVote(GrpcService.java:204)
	at org.apache.ratis.server.impl.LeaderElection.lambda$submitRequests$1(LeaderElection.java:238)
	at java.util.concurrent.FutureTask.run(FutureTask.java:266)
	at java.util.concurrent.Executors$RunnableAdapter.call(Executors.java:511)
	at java.util.concurrent.FutureTask.run(FutureTask.java:266)
	at java.util.concurrent.ThreadPoolExecutor.runWorker(ThreadPoolExecutor.java:1149)
	at java.util.concurrent.ThreadPoolExecutor$Worker.run(ThreadPoolExecutor.java:624)
	... 1 more
Caused by: org.apache.ratis.thirdparty.io.netty.channel.AbstractChannel$AnnotatedConnectException: Connection refused: /192.168.164.214:33403
	at sun.nio.ch.SocketChannelImpl.checkConnect(Native Method)
	at sun.nio.ch.SocketChannelImpl.finishConnect(SocketChannelImpl.java:717)
	at org.apache.ratis.thirdparty.io.netty.channel.socket.nio.NioSocketChannel.doFinishConnect(NioSocketChannel.java:327)
	at org.apache.ratis.thirdparty.io.netty.channel.nio.AbstractNioChannel$AbstractNioUnsafe.finishConnect(AbstractNioChannel.java:340)
	at org.apache.ratis.thirdparty.io.netty.channel.nio.NioEventLoop.processSelectedKey(NioEventLoop.java:632)
	at org.apache.ratis.thirdparty.io.netty.channel.nio.NioEventLoop.processSelectedKeysOptimized(NioEventLoop.java:579)
	at org.apache.ratis.thirdparty.io.netty.channel.nio.NioEventLoop.processSelectedKeys(NioEventLoop.java:496)
	at org.apache.ratis.thirdparty.io.netty.channel.nio.NioEventLoop.run(NioEventLoop.java:458)
	at org.apache.ratis.thirdparty.io.netty.util.concurrent.SingleThreadEventExecutor$5.run(SingleThreadEventExecutor.java:897)
	at org.apache.ratis.thirdparty.io.netty.util.concurrent.FastThreadLocalRunnable.run(FastThreadLocalRunnable.java:30)
	... 1 more
Caused by: java.net.ConnectException: Connection refused
	... 11 more
2019-10-14 09:45:22,260 [d13983dc-b0b6-41ad-b475-2b910e2f36de@group-2D6C0FC78493:LeaderElection127] INFO  impl.LeaderElection (LogUtils.java:infoOrTrace(149)) -   Exception 0: {}
java.util.concurrent.ExecutionException: org.apache.ratis.thirdparty.io.grpc.StatusRuntimeException: UNAVAILABLE: io exception
	at java.util.concurrent.FutureTask.report(FutureTask.java:122)
	at java.util.concurrent.FutureTask.get(FutureTask.java:192)
	at org.apache.ratis.server.impl.LeaderElection.waitForResults(LeaderElection.java:263)
	at org.apache.ratis.server.impl.LeaderElection.askForVotes(LeaderElection.java:201)
	at org.apache.ratis.server.impl.LeaderElection.run(LeaderElection.java:133)
	at java.lang.Thread.run(Thread.java:748)
Caused by: org.apache.ratis.thirdparty.io.grpc.StatusRuntimeException: UNAVAILABLE: io exception
	at org.apache.ratis.thirdparty.io.grpc.stub.ClientCalls.toStatusRuntimeException(ClientCalls.java:233)
	at org.apache.ratis.thirdparty.io.grpc.stub.ClientCalls.getUnchecked(ClientCalls.java:214)
	at org.apache.ratis.thirdparty.io.grpc.stub.ClientCalls.blockingUnaryCall(ClientCalls.java:139)
	at org.apache.ratis.proto.grpc.RaftServerProtocolServiceGrpc$RaftServerProtocolServiceBlockingStub.requestVote(RaftServerProtocolServiceGrpc.java:265)
	at org.apache.ratis.grpc.server.GrpcServerProtocolClient.requestVote(GrpcServerProtocolClient.java:90)
	at org.apache.ratis.grpc.server.GrpcService.requestVote(GrpcService.java:204)
	at org.apache.ratis.server.impl.LeaderElection.lambda$submitRequests$1(LeaderElection.java:238)
	at java.util.concurrent.FutureTask.run(FutureTask.java:266)
	at java.util.concurrent.Executors$RunnableAdapter.call(Executors.java:511)
	at java.util.concurrent.FutureTask.run(FutureTask.java:266)
	at java.util.concurrent.ThreadPoolExecutor.runWorker(ThreadPoolExecutor.java:1149)
	at java.util.concurrent.ThreadPoolExecutor$Worker.run(ThreadPoolExecutor.java:624)
	... 1 more
Caused by: org.apache.ratis.thirdparty.io.netty.channel.AbstractChannel$AnnotatedConnectException: Connection refused: /192.168.164.214:33403
	at sun.nio.ch.SocketChannelImpl.checkConnect(Native Method)
	at sun.nio.ch.SocketChannelImpl.finishConnect(SocketChannelImpl.java:717)
	at org.apache.ratis.thirdparty.io.netty.channel.socket.nio.NioSocketChannel.doFinishConnect(NioSocketChannel.java:327)
	at org.apache.ratis.thirdparty.io.netty.channel.nio.AbstractNioChannel$AbstractNioUnsafe.finishConnect(AbstractNioChannel.java:340)
	at org.apache.ratis.thirdparty.io.netty.channel.nio.NioEventLoop.processSelectedKey(NioEventLoop.java:632)
	at org.apache.ratis.thirdparty.io.netty.channel.nio.NioEventLoop.processSelectedKeysOptimized(NioEventLoop.java:579)
	at org.apache.ratis.thirdparty.io.netty.channel.nio.NioEventLoop.processSelectedKeys(NioEventLoop.java:496)
	at org.apache.ratis.thirdparty.io.netty.channel.nio.NioEventLoop.run(NioEventLoop.java:458)
	at org.apache.ratis.thirdparty.io.netty.util.concurrent.SingleThreadEventExecutor$5.run(SingleThreadEventExecutor.java:897)
	at org.apache.ratis.thirdparty.io.netty.util.concurrent.FastThreadLocalRunnable.run(FastThreadLocalRunnable.java:30)
	... 1 more
Caused by: java.net.ConnectException: Connection refused
	... 11 more
2019-10-14 09:45:22,267 [5cb57bc8-4f11-4646-be43-d873705a5003@group-A3C2AC2AC23E:LeaderElection126] INFO  impl.RaftServerImpl (RaftServerImpl.java:setRole(174)) - 5cb57bc8-4f11-4646-be43-d873705a5003@group-A3C2AC2AC23E: changes role from CANDIDATE to FOLLOWER at term 3 for DISCOVERED_A_NEW_TERM
2019-10-14 09:45:22,265 [5cb57bc8-4f11-4646-be43-d873705a5003@group-2D6C0FC78493:LeaderElection128] INFO  impl.RaftServerImpl (RaftServerImpl.java:setRole(174)) - 5cb57bc8-4f11-4646-be43-d873705a5003@group-2D6C0FC78493: changes role from CANDIDATE to FOLLOWER at term 3 for DISCOVERED_A_NEW_TERM
2019-10-14 09:45:22,268 [5cb57bc8-4f11-4646-be43-d873705a5003@group-A3C2AC2AC23E:LeaderElection126] INFO  impl.RoleInfo (RoleInfo.java:shutdownLeaderElection(134)) - 5cb57bc8-4f11-4646-be43-d873705a5003: shutdown LeaderElection
2019-10-14 09:45:22,268 [d13983dc-b0b6-41ad-b475-2b910e2f36de@group-2D6C0FC78493:LeaderElection127] INFO  impl.RaftServerImpl (RaftServerImpl.java:setRole(174)) - d13983dc-b0b6-41ad-b475-2b910e2f36de@group-2D6C0FC78493: changes role from CANDIDATE to FOLLOWER at term 3 for DISCOVERED_A_NEW_TERM
2019-10-14 09:45:22,268 [5cb57bc8-4f11-4646-be43-d873705a5003@group-A3C2AC2AC23E:LeaderElection126] INFO  impl.RoleInfo (RoleInfo.java:updateAndGet(143)) - 5cb57bc8-4f11-4646-be43-d873705a5003: start FollowerState
2019-10-14 09:45:22,268 [5cb57bc8-4f11-4646-be43-d873705a5003@group-2D6C0FC78493:LeaderElection128] INFO  impl.RoleInfo (RoleInfo.java:shutdownLeaderElection(134)) - 5cb57bc8-4f11-4646-be43-d873705a5003: shutdown LeaderElection
2019-10-14 09:45:22,268 [d13983dc-b0b6-41ad-b475-2b910e2f36de@group-2D6C0FC78493:LeaderElection127] INFO  impl.RoleInfo (RoleInfo.java:shutdownLeaderElection(134)) - d13983dc-b0b6-41ad-b475-2b910e2f36de: shutdown LeaderElection
2019-10-14 09:45:22,268 [5cb57bc8-4f11-4646-be43-d873705a5003@group-2D6C0FC78493:LeaderElection128] INFO  impl.RoleInfo (RoleInfo.java:updateAndGet(143)) - 5cb57bc8-4f11-4646-be43-d873705a5003: start FollowerState
2019-10-14 09:45:22,269 [d13983dc-b0b6-41ad-b475-2b910e2f36de@group-2D6C0FC78493:LeaderElection127] INFO  impl.RoleInfo (RoleInfo.java:updateAndGet(143)) - d13983dc-b0b6-41ad-b475-2b910e2f36de: start FollowerState
2019-10-14 09:45:26,270 [Thread-4267] INFO  impl.FollowerState (FollowerState.java:run(106)) - 5cb57bc8-4f11-4646-be43-d873705a5003:group-9C1991127D58 changes to CANDIDATE, lastRpcTime:8843, electionTimeout:5134ms
2019-10-14 09:45:26,272 [Thread-4267] INFO  impl.RoleInfo (RoleInfo.java:shutdownFollowerState(121)) - 5cb57bc8-4f11-4646-be43-d873705a5003: shutdown FollowerState
2019-10-14 09:45:26,272 [Thread-4267] INFO  impl.RaftServerImpl (RaftServerImpl.java:setRole(174)) - 5cb57bc8-4f11-4646-be43-d873705a5003@group-9C1991127D58: changes role from  FOLLOWER to CANDIDATE at term 1 for changeToCandidate
2019-10-14 09:45:26,273 [Thread-4267] INFO  impl.RoleInfo (RoleInfo.java:updateAndGet(143)) - 5cb57bc8-4f11-4646-be43-d873705a5003: start LeaderElection
2019-10-14 09:45:26,273 [5cb57bc8-4f11-4646-be43-d873705a5003@group-9C1991127D58:LeaderElection130] INFO  impl.RaftServerImpl (ServerState.java:setLeader(253)) - 5cb57bc8-4f11-4646-be43-d873705a5003@group-9C1991127D58: change Leader from ffc72186-1b59-4838-b97a-28de7241d76d to null at term 1 for initElection
2019-10-14 09:45:26,337 [5cb57bc8-4f11-4646-be43-d873705a5003@group-9C1991127D58:LeaderElection130] INFO  impl.LeaderElection (LeaderElection.java:askForVotes(182)) - 5cb57bc8-4f11-4646-be43-d873705a5003@group-9C1991127D58:LeaderElection130: begin an election at term 2 for 0: [5cb57bc8-4f11-4646-be43-d873705a5003:192.168.164.214:33921, 5b2bdeb4-7ea1-4df6-a88d-afaaea11e92e:192.168.164.214:43516, ffc72186-1b59-4838-b97a-28de7241d76d:192.168.164.214:33403], old=null
2019-10-14 09:45:26,338 [5cb57bc8-4f11-4646-be43-d873705a5003@group-9C1991127D58:LeaderElection130] INFO  impl.LeaderElection (LogUtils.java:infoOrTrace(149)) - 5cb57bc8-4f11-4646-be43-d873705a5003@group-9C1991127D58:LeaderElection130 got exception when requesting votes: {}
java.util.concurrent.ExecutionException: org.apache.ratis.thirdparty.io.grpc.StatusRuntimeException: UNAVAILABLE: io exception
	at java.util.concurrent.FutureTask.report(FutureTask.java:122)
	at java.util.concurrent.FutureTask.get(FutureTask.java:192)
	at org.apache.ratis.server.impl.LeaderElection.waitForResults(LeaderElection.java:263)
	at org.apache.ratis.server.impl.LeaderElection.askForVotes(LeaderElection.java:201)
	at org.apache.ratis.server.impl.LeaderElection.run(LeaderElection.java:133)
	at java.lang.Thread.run(Thread.java:748)
Caused by: org.apache.ratis.thirdparty.io.grpc.StatusRuntimeException: UNAVAILABLE: io exception
	at org.apache.ratis.thirdparty.io.grpc.stub.ClientCalls.toStatusRuntimeException(ClientCalls.java:233)
	at org.apache.ratis.thirdparty.io.grpc.stub.ClientCalls.getUnchecked(ClientCalls.java:214)
	at org.apache.ratis.thirdparty.io.grpc.stub.ClientCalls.blockingUnaryCall(ClientCalls.java:139)
	at org.apache.ratis.proto.grpc.RaftServerProtocolServiceGrpc$RaftServerProtocolServiceBlockingStub.requestVote(RaftServerProtocolServiceGrpc.java:265)
	at org.apache.ratis.grpc.server.GrpcServerProtocolClient.requestVote(GrpcServerProtocolClient.java:90)
	at org.apache.ratis.grpc.server.GrpcService.requestVote(GrpcService.java:204)
	at org.apache.ratis.server.impl.LeaderElection.lambda$submitRequests$1(LeaderElection.java:238)
	at java.util.concurrent.FutureTask.run(FutureTask.java:266)
	at java.util.concurrent.Executors$RunnableAdapter.call(Executors.java:511)
	at java.util.concurrent.FutureTask.run(FutureTask.java:266)
	at java.util.concurrent.ThreadPoolExecutor.runWorker(ThreadPoolExecutor.java:1149)
	at java.util.concurrent.ThreadPoolExecutor$Worker.run(ThreadPoolExecutor.java:624)
	... 1 more
Caused by: org.apache.ratis.thirdparty.io.netty.channel.AbstractChannel$AnnotatedConnectException: Connection refused: /192.168.164.214:33403
	at sun.nio.ch.SocketChannelImpl.checkConnect(Native Method)
	at sun.nio.ch.SocketChannelImpl.finishConnect(SocketChannelImpl.java:717)
	at org.apache.ratis.thirdparty.io.netty.channel.socket.nio.NioSocketChannel.doFinishConnect(NioSocketChannel.java:327)
	at org.apache.ratis.thirdparty.io.netty.channel.nio.AbstractNioChannel$AbstractNioUnsafe.finishConnect(AbstractNioChannel.java:340)
	at org.apache.ratis.thirdparty.io.netty.channel.nio.NioEventLoop.processSelectedKey(NioEventLoop.java:632)
	at org.apache.ratis.thirdparty.io.netty.channel.nio.NioEventLoop.processSelectedKeysOptimized(NioEventLoop.java:579)
	at org.apache.ratis.thirdparty.io.netty.channel.nio.NioEventLoop.processSelectedKeys(NioEventLoop.java:496)
	at org.apache.ratis.thirdparty.io.netty.channel.nio.NioEventLoop.run(NioEventLoop.java:458)
	at org.apache.ratis.thirdparty.io.netty.util.concurrent.SingleThreadEventExecutor$5.run(SingleThreadEventExecutor.java:897)
	at org.apache.ratis.thirdparty.io.netty.util.concurrent.FastThreadLocalRunnable.run(FastThreadLocalRunnable.java:30)
	... 1 more
Caused by: java.net.ConnectException: Connection refused
	... 11 more
2019-10-14 09:45:26,343 [grpc-default-executor-17] INFO  impl.RaftServerImpl (ServerState.java:setLeader(253)) - 5b2bdeb4-7ea1-4df6-a88d-afaaea11e92e@group-9C1991127D58: change Leader from ffc72186-1b59-4838-b97a-28de7241d76d to null at term 2 for updateCurrentTerm
2019-10-14 09:45:26,344 [grpc-default-executor-17] INFO  impl.RaftServerImpl (RaftServerImpl.java:setRole(174)) - 5b2bdeb4-7ea1-4df6-a88d-afaaea11e92e@group-9C1991127D58: changes role from  FOLLOWER to FOLLOWER at term 2 for recognizeCandidate:5cb57bc8-4f11-4646-be43-d873705a5003
2019-10-14 09:45:26,344 [grpc-default-executor-17] INFO  impl.RoleInfo (RoleInfo.java:shutdownFollowerState(121)) - 5b2bdeb4-7ea1-4df6-a88d-afaaea11e92e: shutdown FollowerState
2019-10-14 09:45:26,344 [grpc-default-executor-17] INFO  impl.RoleInfo (RoleInfo.java:updateAndGet(143)) - 5b2bdeb4-7ea1-4df6-a88d-afaaea11e92e: start FollowerState
2019-10-14 09:45:26,344 [Thread-4259] INFO  impl.FollowerState (FollowerState.java:run(115)) - 5b2bdeb4-7ea1-4df6-a88d-afaaea11e92e: FollowerState was interrupted: java.lang.InterruptedException: sleep interrupted
2019-10-14 09:45:26,371 [5cb57bc8-4f11-4646-be43-d873705a5003@group-9C1991127D58:LeaderElection130] INFO  impl.LeaderElection (LeaderElection.java:logAndReturn(56)) - 5cb57bc8-4f11-4646-be43-d873705a5003@group-9C1991127D58:LeaderElection130: Election PASSED; received 1 response(s) [5cb57bc8-4f11-4646-be43-d873705a5003<-5b2bdeb4-7ea1-4df6-a88d-afaaea11e92e#0:OK-t2] and 1 exception(s); 5cb57bc8-4f11-4646-be43-d873705a5003@group-9C1991127D58:t2, leader=null, voted=5cb57bc8-4f11-4646-be43-d873705a5003, raftlog=5cb57bc8-4f11-4646-be43-d873705a5003@group-9C1991127D58-SegmentedRaftLog:OPENED:c16,f16,i16, conf=0: [5cb57bc8-4f11-4646-be43-d873705a5003:192.168.164.214:33921, 5b2bdeb4-7ea1-4df6-a88d-afaaea11e92e:192.168.164.214:43516, ffc72186-1b59-4838-b97a-28de7241d76d:192.168.164.214:33403], old=null
2019-10-14 09:45:26,371 [5cb57bc8-4f11-4646-be43-d873705a5003@group-9C1991127D58:LeaderElection130] INFO  impl.LeaderElection (LogUtils.java:infoOrTrace(149)) -   Exception 0: {}
java.util.concurrent.ExecutionException: org.apache.ratis.thirdparty.io.grpc.StatusRuntimeException: UNAVAILABLE: io exception
	at java.util.concurrent.FutureTask.report(FutureTask.java:122)
	at java.util.concurrent.FutureTask.get(FutureTask.java:192)
	at org.apache.ratis.server.impl.LeaderElection.waitForResults(LeaderElection.java:263)
	at org.apache.ratis.server.impl.LeaderElection.askForVotes(LeaderElection.java:201)
	at org.apache.ratis.server.impl.LeaderElection.run(LeaderElection.java:133)
	at java.lang.Thread.run(Thread.java:748)
Caused by: org.apache.ratis.thirdparty.io.grpc.StatusRuntimeException: UNAVAILABLE: io exception
	at org.apache.ratis.thirdparty.io.grpc.stub.ClientCalls.toStatusRuntimeException(ClientCalls.java:233)
	at org.apache.ratis.thirdparty.io.grpc.stub.ClientCalls.getUnchecked(ClientCalls.java:214)
	at org.apache.ratis.thirdparty.io.grpc.stub.ClientCalls.blockingUnaryCall(ClientCalls.java:139)
	at org.apache.ratis.proto.grpc.RaftServerProtocolServiceGrpc$RaftServerProtocolServiceBlockingStub.requestVote(RaftServerProtocolServiceGrpc.java:265)
	at org.apache.ratis.grpc.server.GrpcServerProtocolClient.requestVote(GrpcServerProtocolClient.java:90)
	at org.apache.ratis.grpc.server.GrpcService.requestVote(GrpcService.java:204)
	at org.apache.ratis.server.impl.LeaderElection.lambda$submitRequests$1(LeaderElection.java:238)
	at java.util.concurrent.FutureTask.run(FutureTask.java:266)
	at java.util.concurrent.Executors$RunnableAdapter.call(Executors.java:511)
	at java.util.concurrent.FutureTask.run(FutureTask.java:266)
	at java.util.concurrent.ThreadPoolExecutor.runWorker(ThreadPoolExecutor.java:1149)
	at java.util.concurrent.ThreadPoolExecutor$Worker.run(ThreadPoolExecutor.java:624)
	... 1 more
Caused by: org.apache.ratis.thirdparty.io.netty.channel.AbstractChannel$AnnotatedConnectException: Connection refused: /192.168.164.214:33403
	at sun.nio.ch.SocketChannelImpl.checkConnect(Native Method)
	at sun.nio.ch.SocketChannelImpl.finishConnect(SocketChannelImpl.java:717)
	at org.apache.ratis.thirdparty.io.netty.channel.socket.nio.NioSocketChannel.doFinishConnect(NioSocketChannel.java:327)
	at org.apache.ratis.thirdparty.io.netty.channel.nio.AbstractNioChannel$AbstractNioUnsafe.finishConnect(AbstractNioChannel.java:340)
	at org.apache.ratis.thirdparty.io.netty.channel.nio.NioEventLoop.processSelectedKey(NioEventLoop.java:632)
	at org.apache.ratis.thirdparty.io.netty.channel.nio.NioEventLoop.processSelectedKeysOptimized(NioEventLoop.java:579)
	at org.apache.ratis.thirdparty.io.netty.channel.nio.NioEventLoop.processSelectedKeys(NioEventLoop.java:496)
	at org.apache.ratis.thirdparty.io.netty.channel.nio.NioEventLoop.run(NioEventLoop.java:458)
	at org.apache.ratis.thirdparty.io.netty.util.concurrent.SingleThreadEventExecutor$5.run(SingleThreadEventExecutor.java:897)
	at org.apache.ratis.thirdparty.io.netty.util.concurrent.FastThreadLocalRunnable.run(FastThreadLocalRunnable.java:30)
	... 1 more
Caused by: java.net.ConnectException: Connection refused
	... 11 more
2019-10-14 09:45:26,372 [5cb57bc8-4f11-4646-be43-d873705a5003@group-9C1991127D58:LeaderElection130] INFO  impl.RoleInfo (RoleInfo.java:shutdownLeaderElection(134)) - 5cb57bc8-4f11-4646-be43-d873705a5003: shutdown LeaderElection
2019-10-14 09:45:26,372 [5cb57bc8-4f11-4646-be43-d873705a5003@group-9C1991127D58:LeaderElection130] INFO  impl.RaftServerImpl (RaftServerImpl.java:setRole(174)) - 5cb57bc8-4f11-4646-be43-d873705a5003@group-9C1991127D58: changes role from CANDIDATE to LEADER at term 2 for changeToLeader
2019-10-14 09:45:26,372 [5cb57bc8-4f11-4646-be43-d873705a5003@group-9C1991127D58:LeaderElection130] INFO  impl.RaftServerImpl (ServerState.java:setLeader(253)) - 5cb57bc8-4f11-4646-be43-d873705a5003@group-9C1991127D58: change Leader from null to 5cb57bc8-4f11-4646-be43-d873705a5003 at term 2 for becomeLeader, leader elected after 98ms
2019-10-14 09:45:26,372 [5cb57bc8-4f11-4646-be43-d873705a5003@group-9C1991127D58:LeaderElection130] INFO  server.RaftServerConfigKeys (ConfUtils.java:logGet(43)) - raft.server.staging.catchup.gap = 1000 (default)
2019-10-14 09:45:26,373 [5cb57bc8-4f11-4646-be43-d873705a5003@group-9C1991127D58:LeaderElection130] INFO  server.RaftServerConfigKeys (ConfUtils.java:logGet(43)) - raft.server.rpc.sleep.time = 25ms (default)
2019-10-14 09:45:26,373 [5cb57bc8-4f11-4646-be43-d873705a5003@group-9C1991127D58:LeaderElection130] INFO  server.RaftServerConfigKeys (ConfUtils.java:logGet(43)) - raft.server.write.element-limit = 4096 (default)
2019-10-14 09:45:26,373 [5cb57bc8-4f11-4646-be43-d873705a5003@group-9C1991127D58:LeaderElection130] INFO  server.RaftServerConfigKeys (ConfUtils.java:logGet(43)) - raft.server.watch.timeout = 10s (default)
2019-10-14 09:45:26,373 [5cb57bc8-4f11-4646-be43-d873705a5003@group-9C1991127D58:LeaderElection130] INFO  server.RaftServerConfigKeys (ConfUtils.java:logGet(43)) - raft.server.watch.timeout.denomination = 1s (default)
2019-10-14 09:45:26,373 [5cb57bc8-4f11-4646-be43-d873705a5003@group-9C1991127D58:LeaderElection130] INFO  server.RaftServerConfigKeys (ConfUtils.java:logGet(43)) - raft.server.watch.element-limit = 65536 (default)
2019-10-14 09:45:26,375 [5cb57bc8-4f11-4646-be43-d873705a5003@group-9C1991127D58:LeaderElection130] INFO  server.RaftServerConfigKeys (ConfUtils.java:logGet(43)) - raft.server.log.appender.snapshot.chunk.size.max = 16MB (=16777216) (default)
2019-10-14 09:45:26,376 [5cb57bc8-4f11-4646-be43-d873705a5003@group-9C1991127D58:LeaderElection130] INFO  server.RaftServerConfigKeys (ConfUtils.java:logGet(43)) - raft.server.log.appender.buffer.byte-limit = 33554432 (custom)
2019-10-14 09:45:26,376 [5cb57bc8-4f11-4646-be43-d873705a5003@group-9C1991127D58:LeaderElection130] INFO  server.RaftServerConfigKeys (ConfUtils.java:logGet(43)) - raft.server.log.appender.buffer.element-limit = 1 (custom)
2019-10-14 09:45:26,376 [5cb57bc8-4f11-4646-be43-d873705a5003@group-9C1991127D58:LeaderElection130] INFO  grpc.GrpcConfigKeys$Server (ConfUtils.java:logGet(43)) - raft.grpc.server.leader.outstanding.appends.max = 128 (default)
2019-10-14 09:45:26,376 [5cb57bc8-4f11-4646-be43-d873705a5003@group-9C1991127D58:LeaderElection130] INFO  server.RaftServerConfigKeys (ConfUtils.java:logGet(43)) - raft.server.rpc.request.timeout = 3000ms (default)
2019-10-14 09:45:26,376 [5cb57bc8-4f11-4646-be43-d873705a5003@group-9C1991127D58:LeaderElection130] INFO  server.RaftServerConfigKeys (ConfUtils.java:logGet(43)) - raft.server.log.appender.install.snapshot.enabled = false (custom)
2019-10-14 09:45:26,376 [5cb57bc8-4f11-4646-be43-d873705a5003@group-9C1991127D58:LeaderElection130] INFO  server.RaftServerConfigKeys (ConfUtils.java:logGet(43)) - raft.server.log.appender.snapshot.chunk.size.max = 16MB (=16777216) (default)
2019-10-14 09:45:26,376 [5cb57bc8-4f11-4646-be43-d873705a5003@group-9C1991127D58:LeaderElection130] INFO  server.RaftServerConfigKeys (ConfUtils.java:logGet(43)) - raft.server.log.appender.buffer.byte-limit = 33554432 (custom)
2019-10-14 09:45:26,376 [5cb57bc8-4f11-4646-be43-d873705a5003@group-9C1991127D58:LeaderElection130] INFO  server.RaftServerConfigKeys (ConfUtils.java:logGet(43)) - raft.server.log.appender.buffer.element-limit = 1 (custom)
2019-10-14 09:45:26,377 [5cb57bc8-4f11-4646-be43-d873705a5003@group-9C1991127D58:LeaderElection130] INFO  grpc.GrpcConfigKeys$Server (ConfUtils.java:logGet(43)) - raft.grpc.server.leader.outstanding.appends.max = 128 (default)
2019-10-14 09:45:26,377 [5cb57bc8-4f11-4646-be43-d873705a5003@group-9C1991127D58:LeaderElection130] INFO  server.RaftServerConfigKeys (ConfUtils.java:logGet(43)) - raft.server.rpc.request.timeout = 3000ms (default)
2019-10-14 09:45:26,377 [5cb57bc8-4f11-4646-be43-d873705a5003@group-9C1991127D58:LeaderElection130] INFO  server.RaftServerConfigKeys (ConfUtils.java:logGet(43)) - raft.server.log.appender.install.snapshot.enabled = false (custom)
2019-10-14 09:45:26,377 [5cb57bc8-4f11-4646-be43-d873705a5003@group-9C1991127D58:LeaderElection130] INFO  impl.RoleInfo (RoleInfo.java:updateAndGet(143)) - 5cb57bc8-4f11-4646-be43-d873705a5003: start LeaderState
2019-10-14 09:45:26,377 [5cb57bc8-4f11-4646-be43-d873705a5003@group-9C1991127D58:LeaderElection130] INFO  segmented.SegmentedRaftLogWorker (SegmentedRaftLogWorker.java:rollLogSegment(385)) - 5cb57bc8-4f11-4646-be43-d873705a5003@group-9C1991127D58-SegmentedRaftLogWorker: Rolling segment log-0_16 to index:16
2019-10-14 09:45:26,378 [5cb57bc8-4f11-4646-be43-d873705a5003@group-9C1991127D58:LeaderElection130] INFO  impl.RaftServerImpl (ServerState.java:setRaftConf(354)) - 5cb57bc8-4f11-4646-be43-d873705a5003@group-9C1991127D58: set configuration 17: [5cb57bc8-4f11-4646-be43-d873705a5003:192.168.164.214:33921, 5b2bdeb4-7ea1-4df6-a88d-afaaea11e92e:192.168.164.214:43516, ffc72186-1b59-4838-b97a-28de7241d76d:192.168.164.214:33403], old=null at 17
2019-10-14 09:45:26,378 [grpc-default-executor-17] WARN  server.GrpcLogAppender (LogUtils.java:warn(134)) - 5cb57bc8-4f11-4646-be43-d873705a5003@group-9C1991127D58->ffc72186-1b59-4838-b97a-28de7241d76d-AppendLogResponseHandler: Failed appendEntries: org.apache.ratis.thirdparty.io.grpc.StatusRuntimeException: UNAVAILABLE: io exception
2019-10-14 09:45:26,381 [5cb57bc8-4f11-4646-be43-d873705a5003@group-9C1991127D58-SegmentedRaftLogWorker] INFO  segmented.SegmentedRaftLogWorker (SegmentedRaftLogWorker.java:execute(526)) - 5cb57bc8-4f11-4646-be43-d873705a5003@group-9C1991127D58-SegmentedRaftLogWorker: Rolled log segment from /workdir/hadoop-ozone/integration-test/target/test-dir/MiniOzoneClusterImpl-65bd215d-14c9-4112-ac30-b7a247fd80ea/datanode-6/data/ratis/18bdd093-60c4-4616-9146-9c1991127d58/current/log_inprogress_0 to /workdir/hadoop-ozone/integration-test/target/test-dir/MiniOzoneClusterImpl-65bd215d-14c9-4112-ac30-b7a247fd80ea/datanode-6/data/ratis/18bdd093-60c4-4616-9146-9c1991127d58/current/log_0-16
2019-10-14 09:45:26,381 [grpc-default-executor-11] INFO  impl.RaftServerImpl (ServerState.java:setLeader(253)) - 5b2bdeb4-7ea1-4df6-a88d-afaaea11e92e@group-9C1991127D58: change Leader from null to 5cb57bc8-4f11-4646-be43-d873705a5003 at term 2 for appendEntries, leader elected after 37ms
2019-10-14 09:45:26,381 [grpc-default-executor-17] INFO  impl.FollowerInfo (FollowerInfo.java:lambda$new$0(51)) - 5cb57bc8-4f11-4646-be43-d873705a5003@group-9C1991127D58->ffc72186-1b59-4838-b97a-28de7241d76d: nextIndex: updateUnconditionally 17 -> 1
2019-10-14 09:45:26,386 [grpc-default-executor-17] INFO  impl.RaftServerImpl (ServerState.java:setRaftConf(354)) - 5b2bdeb4-7ea1-4df6-a88d-afaaea11e92e@group-9C1991127D58: set configuration 17: [5cb57bc8-4f11-4646-be43-d873705a5003:192.168.164.214:33921, 5b2bdeb4-7ea1-4df6-a88d-afaaea11e92e:192.168.164.214:43516, ffc72186-1b59-4838-b97a-28de7241d76d:192.168.164.214:33403], old=null at 17
2019-10-14 09:45:26,386 [grpc-default-executor-17] INFO  segmented.SegmentedRaftLogWorker (SegmentedRaftLogWorker.java:rollLogSegment(385)) - 5b2bdeb4-7ea1-4df6-a88d-afaaea11e92e@group-9C1991127D58-SegmentedRaftLogWorker: Rolling segment log-0_16 to index:16
2019-10-14 09:45:26,387 [5b2bdeb4-7ea1-4df6-a88d-afaaea11e92e@group-9C1991127D58-SegmentedRaftLogWorker] INFO  segmented.SegmentedRaftLogWorker (SegmentedRaftLogWorker.java:execute(526)) - 5b2bdeb4-7ea1-4df6-a88d-afaaea11e92e@group-9C1991127D58-SegmentedRaftLogWorker: Rolled log segment from /workdir/hadoop-ozone/integration-test/target/test-dir/MiniOzoneClusterImpl-65bd215d-14c9-4112-ac30-b7a247fd80ea/datanode-4/data/ratis/18bdd093-60c4-4616-9146-9c1991127d58/current/log_inprogress_0 to /workdir/hadoop-ozone/integration-test/target/test-dir/MiniOzoneClusterImpl-65bd215d-14c9-4112-ac30-b7a247fd80ea/datanode-4/data/ratis/18bdd093-60c4-4616-9146-9c1991127d58/current/log_0-16
2019-10-14 09:45:26,437 [5b2bdeb4-7ea1-4df6-a88d-afaaea11e92e@group-9C1991127D58-SegmentedRaftLogWorker] INFO  segmented.SegmentedRaftLogWorker (SegmentedRaftLogWorker.java:execute(569)) - 5b2bdeb4-7ea1-4df6-a88d-afaaea11e92e@group-9C1991127D58-SegmentedRaftLogWorker: created new log segment /workdir/hadoop-ozone/integration-test/target/test-dir/MiniOzoneClusterImpl-65bd215d-14c9-4112-ac30-b7a247fd80ea/datanode-4/data/ratis/18bdd093-60c4-4616-9146-9c1991127d58/current/log_inprogress_17
2019-10-14 09:45:26,437 [5cb57bc8-4f11-4646-be43-d873705a5003@group-9C1991127D58-SegmentedRaftLogWorker] INFO  segmented.SegmentedRaftLogWorker (SegmentedRaftLogWorker.java:execute(569)) - 5cb57bc8-4f11-4646-be43-d873705a5003@group-9C1991127D58-SegmentedRaftLogWorker: created new log segment /workdir/hadoop-ozone/integration-test/target/test-dir/MiniOzoneClusterImpl-65bd215d-14c9-4112-ac30-b7a247fd80ea/datanode-6/data/ratis/18bdd093-60c4-4616-9146-9c1991127d58/current/log_inprogress_17
2019-10-14 09:45:26,462 [grpc-default-executor-14] WARN  server.GrpcLogAppender (LogUtils.java:warn(134)) - 5cb57bc8-4f11-4646-be43-d873705a5003@group-9C1991127D58->ffc72186-1b59-4838-b97a-28de7241d76d-AppendLogResponseHandler: Failed appendEntries: org.apache.ratis.thirdparty.io.grpc.StatusRuntimeException: UNAVAILABLE: io exception
2019-10-14 09:45:26,462 [grpc-default-executor-14] INFO  impl.FollowerInfo (FollowerInfo.java:lambda$new$0(51)) - 5cb57bc8-4f11-4646-be43-d873705a5003@group-9C1991127D58->ffc72186-1b59-4838-b97a-28de7241d76d: nextIndex: updateUnconditionally 2 -> 1
2019-10-14 09:45:26,472 [grpc-default-executor-11] WARN  server.GrpcLogAppender (LogUtils.java:warn(134)) - 5cb57bc8-4f11-4646-be43-d873705a5003@group-9C1991127D58->ffc72186-1b59-4838-b97a-28de7241d76d-AppendLogResponseHandler: Failed appendEntries: org.apache.ratis.thirdparty.io.grpc.StatusRuntimeException: UNAVAILABLE: io exception
2019-10-14 09:45:26,472 [grpc-default-executor-11] INFO  impl.FollowerInfo (FollowerInfo.java:lambda$new$0(51)) - 5cb57bc8-4f11-4646-be43-d873705a5003@group-9C1991127D58->ffc72186-1b59-4838-b97a-28de7241d76d: nextIndex: updateUnconditionally 2 -> 1
09:45:26.690 [grpc-default-executor-17] ERROR DNAudit - user=null | ip=null | op=WRITE_CHUNK {blockData=conID: 1 locID: 102960090686881805 bcsId: 14} | ret=FAILURE
org.apache.hadoop.hdds.scm.container.common.helpers.ContainerNotOpenException: Container 1 in CLOSING state
	at org.apache.hadoop.ozone.container.common.impl.HddsDispatcher.validateContainerCommand(HddsDispatcher.java:434) ~[hadoop-hdds-container-service-0.5.0-SNAPSHOT.jar:?]
	at org.apache.hadoop.ozone.container.common.transport.server.ratis.ContainerStateMachine.startTransaction(ContainerStateMachine.java:315) ~[hadoop-hdds-container-service-0.5.0-SNAPSHOT.jar:?]
	at org.apache.ratis.server.impl.RaftServerImpl.submitClientRequestAsync(RaftServerImpl.java:573) ~[ratis-server-0.4.0.jar:0.4.0]
	at org.apache.ratis.server.impl.RaftServerProxy.lambda$submitClientRequestAsync$7(RaftServerProxy.java:333) ~[ratis-server-0.4.0.jar:0.4.0]
	at org.apache.ratis.server.impl.RaftServerProxy.lambda$null$5(RaftServerProxy.java:328) ~[ratis-server-0.4.0.jar:0.4.0]
	at org.apache.ratis.util.JavaUtils.callAsUnchecked(JavaUtils.java:109) ~[ratis-common-0.4.0.jar:0.4.0]
	at org.apache.ratis.server.impl.RaftServerProxy.lambda$submitRequest$6(RaftServerProxy.java:328) ~[ratis-server-0.4.0.jar:0.4.0]
	at java.util.concurrent.CompletableFuture.uniComposeStage(CompletableFuture.java:981) ~[?:1.8.0_212]
	at java.util.concurrent.CompletableFuture.thenCompose(CompletableFuture.java:2124) ~[?:1.8.0_212]
	at org.apache.ratis.server.impl.RaftServerProxy.submitRequest(RaftServerProxy.java:327) ~[ratis-server-0.4.0.jar:0.4.0]
	at org.apache.ratis.server.impl.RaftServerProxy.submitClientRequestAsync(RaftServerProxy.java:333) ~[ratis-server-0.4.0.jar:0.4.0]
	at org.apache.ratis.grpc.client.GrpcClientProtocolService$RequestStreamObserver.processClientRequest(GrpcClientProtocolService.java:220) ~[ratis-grpc-0.4.0.jar:0.4.0]
	at org.apache.ratis.grpc.client.GrpcClientProtocolService$OrderedRequestStreamObserver.processClientRequest(GrpcClientProtocolService.java:326) ~[ratis-grpc-0.4.0.jar:0.4.0]
	at org.apache.ratis.util.SlidingWindow$Server.processRequestsFromHead(SlidingWindow.java:429) [ratis-common-0.4.0.jar:0.4.0]
	at org.apache.ratis.util.SlidingWindow$Server.receivedRequest(SlidingWindow.java:421) [ratis-common-0.4.0.jar:0.4.0]
	at org.apache.ratis.grpc.client.GrpcClientProtocolService$OrderedRequestStreamObserver.processClientRequest(GrpcClientProtocolService.java:345) [ratis-grpc-0.4.0.jar:0.4.0]
	at org.apache.ratis.grpc.client.GrpcClientProtocolService$RequestStreamObserver.onNext(GrpcClientProtocolService.java:240) [ratis-grpc-0.4.0.jar:0.4.0]
	at org.apache.ratis.grpc.client.GrpcClientProtocolService$RequestStreamObserver.onNext(GrpcClientProtocolService.java:168) [ratis-grpc-0.4.0.jar:0.4.0]
	at org.apache.ratis.thirdparty.io.grpc.stub.ServerCalls$StreamingServerCallHandler$StreamingServerCallListener.onMessage(ServerCalls.java:248) [ratis-thirdparty-misc-0.2.0.jar:0.2.0]
	at org.apache.ratis.thirdparty.io.grpc.internal.ServerCallImpl$ServerStreamListenerImpl.messagesAvailable(ServerCallImpl.java:263) [ratis-thirdparty-misc-0.2.0.jar:0.2.0]
	at org.apache.ratis.thirdparty.io.grpc.internal.ServerImpl$JumpToApplicationThreadServerStreamListener$1MessagesAvailable.runInContext(ServerImpl.java:686) [ratis-thirdparty-misc-0.2.0.jar:0.2.0]
	at org.apache.ratis.thirdparty.io.grpc.internal.ContextRunnable.run(ContextRunnable.java:37) [ratis-thirdparty-misc-0.2.0.jar:0.2.0]
	at org.apache.ratis.thirdparty.io.grpc.internal.SerializingExecutor.run(SerializingExecutor.java:123) [ratis-thirdparty-misc-0.2.0.jar:0.2.0]
	at java.util.concurrent.ThreadPoolExecutor.runWorker(ThreadPoolExecutor.java:1149) [?:1.8.0_212]
	at java.util.concurrent.ThreadPoolExecutor$Worker.run(ThreadPoolExecutor.java:624) [?:1.8.0_212]
	at java.lang.Thread.run(Thread.java:748) [?:1.8.0_212]
09:45:26.704 [grpc-default-executor-11] ERROR DNAudit - user=null | ip=null | op=WRITE_CHUNK {blockData=conID: 1 locID: 102960090686881805 bcsId: 14} | ret=FAILURE
org.apache.hadoop.hdds.scm.container.common.helpers.ContainerNotOpenException: Container 1 in CLOSING state
	at org.apache.hadoop.ozone.container.common.impl.HddsDispatcher.validateContainerCommand(HddsDispatcher.java:434) ~[hadoop-hdds-container-service-0.5.0-SNAPSHOT.jar:?]
	at org.apache.hadoop.ozone.container.common.transport.server.ratis.ContainerStateMachine.startTransaction(ContainerStateMachine.java:315) ~[hadoop-hdds-container-service-0.5.0-SNAPSHOT.jar:?]
	at org.apache.ratis.server.impl.RaftServerImpl.submitClientRequestAsync(RaftServerImpl.java:573) ~[ratis-server-0.4.0.jar:0.4.0]
	at org.apache.ratis.server.impl.RaftServerProxy.lambda$submitClientRequestAsync$7(RaftServerProxy.java:333) ~[ratis-server-0.4.0.jar:0.4.0]
	at org.apache.ratis.server.impl.RaftServerProxy.lambda$null$5(RaftServerProxy.java:328) ~[ratis-server-0.4.0.jar:0.4.0]
	at org.apache.ratis.util.JavaUtils.callAsUnchecked(JavaUtils.java:109) ~[ratis-common-0.4.0.jar:0.4.0]
	at org.apache.ratis.server.impl.RaftServerProxy.lambda$submitRequest$6(RaftServerProxy.java:328) ~[ratis-server-0.4.0.jar:0.4.0]
	at java.util.concurrent.CompletableFuture.uniComposeStage(CompletableFuture.java:981) ~[?:1.8.0_212]
	at java.util.concurrent.CompletableFuture.thenCompose(CompletableFuture.java:2124) ~[?:1.8.0_212]
	at org.apache.ratis.server.impl.RaftServerProxy.submitRequest(RaftServerProxy.java:327) ~[ratis-server-0.4.0.jar:0.4.0]
	at org.apache.ratis.server.impl.RaftServerProxy.submitClientRequestAsync(RaftServerProxy.java:333) ~[ratis-server-0.4.0.jar:0.4.0]
	at org.apache.ratis.grpc.client.GrpcClientProtocolService$RequestStreamObserver.processClientRequest(GrpcClientProtocolService.java:220) ~[ratis-grpc-0.4.0.jar:0.4.0]
	at org.apache.ratis.grpc.client.GrpcClientProtocolService$OrderedRequestStreamObserver.processClientRequest(GrpcClientProtocolService.java:326) ~[ratis-grpc-0.4.0.jar:0.4.0]
	at org.apache.ratis.util.SlidingWindow$Server.processRequestsFromHead(SlidingWindow.java:429) [ratis-common-0.4.0.jar:0.4.0]
	at org.apache.ratis.util.SlidingWindow$Server.receivedRequest(SlidingWindow.java:421) [ratis-common-0.4.0.jar:0.4.0]
	at org.apache.ratis.grpc.client.GrpcClientProtocolService$OrderedRequestStreamObserver.processClientRequest(GrpcClientProtocolService.java:345) [ratis-grpc-0.4.0.jar:0.4.0]
	at org.apache.ratis.grpc.client.GrpcClientProtocolService$RequestStreamObserver.onNext(GrpcClientProtocolService.java:240) [ratis-grpc-0.4.0.jar:0.4.0]
	at org.apache.ratis.grpc.client.GrpcClientProtocolService$RequestStreamObserver.onNext(GrpcClientProtocolService.java:168) [ratis-grpc-0.4.0.jar:0.4.0]
	at org.apache.ratis.thirdparty.io.grpc.stub.ServerCalls$StreamingServerCallHandler$StreamingServerCallListener.onMessage(ServerCalls.java:248) [ratis-thirdparty-misc-0.2.0.jar:0.2.0]
	at org.apache.ratis.thirdparty.io.grpc.internal.ServerCallImpl$ServerStreamListenerImpl.messagesAvailable(ServerCallImpl.java:263) [ratis-thirdparty-misc-0.2.0.jar:0.2.0]
	at org.apache.ratis.thirdparty.io.grpc.internal.ServerImpl$JumpToApplicationThreadServerStreamListener$1MessagesAvailable.runInContext(ServerImpl.java:686) [ratis-thirdparty-misc-0.2.0.jar:0.2.0]
	at org.apache.ratis.thirdparty.io.grpc.internal.ContextRunnable.run(ContextRunnable.java:37) [ratis-thirdparty-misc-0.2.0.jar:0.2.0]
	at org.apache.ratis.thirdparty.io.grpc.internal.SerializingExecutor.run(SerializingExecutor.java:123) [ratis-thirdparty-misc-0.2.0.jar:0.2.0]
	at java.util.concurrent.ThreadPoolExecutor.runWorker(ThreadPoolExecutor.java:1149) [?:1.8.0_212]
	at java.util.concurrent.ThreadPoolExecutor$Worker.run(ThreadPoolExecutor.java:624) [?:1.8.0_212]
	at java.lang.Thread.run(Thread.java:748) [?:1.8.0_212]
09:45:26.706 [grpc-default-executor-11] ERROR DNAudit - user=null | ip=null | op=PUT_BLOCK {blockData=[blockId=conID: 1 locID: 102960090686881805 bcsId: 0,size=650]} | ret=FAILURE
org.apache.hadoop.hdds.scm.container.common.helpers.ContainerNotOpenException: Container 1 in CLOSING state
	at org.apache.hadoop.ozone.container.common.impl.HddsDispatcher.validateContainerCommand(HddsDispatcher.java:434) ~[hadoop-hdds-container-service-0.5.0-SNAPSHOT.jar:?]
	at org.apache.hadoop.ozone.container.common.transport.server.ratis.ContainerStateMachine.startTransaction(ContainerStateMachine.java:315) ~[hadoop-hdds-container-service-0.5.0-SNAPSHOT.jar:?]
	at org.apache.ratis.server.impl.RaftServerImpl.submitClientRequestAsync(RaftServerImpl.java:573) ~[ratis-server-0.4.0.jar:0.4.0]
	at org.apache.ratis.server.impl.RaftServerProxy.lambda$submitClientRequestAsync$7(RaftServerProxy.java:333) ~[ratis-server-0.4.0.jar:0.4.0]
	at org.apache.ratis.server.impl.RaftServerProxy.lambda$null$5(RaftServerProxy.java:328) ~[ratis-server-0.4.0.jar:0.4.0]
	at org.apache.ratis.util.JavaUtils.callAsUnchecked(JavaUtils.java:109) ~[ratis-common-0.4.0.jar:0.4.0]
	at org.apache.ratis.server.impl.RaftServerProxy.lambda$submitRequest$6(RaftServerProxy.java:328) ~[ratis-server-0.4.0.jar:0.4.0]
	at java.util.concurrent.CompletableFuture.uniComposeStage(CompletableFuture.java:981) ~[?:1.8.0_212]
	at java.util.concurrent.CompletableFuture.thenCompose(CompletableFuture.java:2124) ~[?:1.8.0_212]
	at org.apache.ratis.server.impl.RaftServerProxy.submitRequest(RaftServerProxy.java:327) ~[ratis-server-0.4.0.jar:0.4.0]
	at org.apache.ratis.server.impl.RaftServerProxy.submitClientRequestAsync(RaftServerProxy.java:333) ~[ratis-server-0.4.0.jar:0.4.0]
	at org.apache.ratis.grpc.client.GrpcClientProtocolService$RequestStreamObserver.processClientRequest(GrpcClientProtocolService.java:220) ~[ratis-grpc-0.4.0.jar:0.4.0]
	at org.apache.ratis.grpc.client.GrpcClientProtocolService$OrderedRequestStreamObserver.processClientRequest(GrpcClientProtocolService.java:326) ~[ratis-grpc-0.4.0.jar:0.4.0]
	at org.apache.ratis.util.SlidingWindow$Server.processRequestsFromHead(SlidingWindow.java:429) [ratis-common-0.4.0.jar:0.4.0]
	at org.apache.ratis.util.SlidingWindow$Server.receivedRequest(SlidingWindow.java:421) [ratis-common-0.4.0.jar:0.4.0]
	at org.apache.ratis.grpc.client.GrpcClientProtocolService$OrderedRequestStreamObserver.processClientRequest(GrpcClientProtocolService.java:345) [ratis-grpc-0.4.0.jar:0.4.0]
	at org.apache.ratis.grpc.client.GrpcClientProtocolService$RequestStreamObserver.onNext(GrpcClientProtocolService.java:240) [ratis-grpc-0.4.0.jar:0.4.0]
	at org.apache.ratis.grpc.client.GrpcClientProtocolService$RequestStreamObserver.onNext(GrpcClientProtocolService.java:168) [ratis-grpc-0.4.0.jar:0.4.0]
	at org.apache.ratis.thirdparty.io.grpc.stub.ServerCalls$StreamingServerCallHandler$StreamingServerCallListener.onMessage(ServerCalls.java:248) [ratis-thirdparty-misc-0.2.0.jar:0.2.0]
	at org.apache.ratis.thirdparty.io.grpc.internal.ServerCallImpl$ServerStreamListenerImpl.messagesAvailable(ServerCallImpl.java:263) [ratis-thirdparty-misc-0.2.0.jar:0.2.0]
	at org.apache.ratis.thirdparty.io.grpc.internal.ServerImpl$JumpToApplicationThreadServerStreamListener$1MessagesAvailable.runInContext(ServerImpl.java:686) [ratis-thirdparty-misc-0.2.0.jar:0.2.0]
	at org.apache.ratis.thirdparty.io.grpc.internal.ContextRunnable.run(ContextRunnable.java:37) [ratis-thirdparty-misc-0.2.0.jar:0.2.0]
	at org.apache.ratis.thirdparty.io.grpc.internal.SerializingExecutor.run(SerializingExecutor.java:123) [ratis-thirdparty-misc-0.2.0.jar:0.2.0]
	at java.util.concurrent.ThreadPoolExecutor.runWorker(ThreadPoolExecutor.java:1149) [?:1.8.0_212]
	at java.util.concurrent.ThreadPoolExecutor$Worker.run(ThreadPoolExecutor.java:624) [?:1.8.0_212]
	at java.lang.Thread.run(Thread.java:748) [?:1.8.0_212]
09:45:26.719 [grpc-default-executor-11] ERROR DNAudit - user=null | ip=null | op=WRITE_CHUNK {blockData=conID: 1 locID: 102960090686881805 bcsId: 14} | ret=FAILURE
org.apache.hadoop.hdds.scm.container.common.helpers.ContainerNotOpenException: Container 1 in CLOSING state
	at org.apache.hadoop.ozone.container.common.impl.HddsDispatcher.validateContainerCommand(HddsDispatcher.java:434) ~[hadoop-hdds-container-service-0.5.0-SNAPSHOT.jar:?]
	at org.apache.hadoop.ozone.container.common.transport.server.ratis.ContainerStateMachine.startTransaction(ContainerStateMachine.java:315) ~[hadoop-hdds-container-service-0.5.0-SNAPSHOT.jar:?]
	at org.apache.ratis.server.impl.RaftServerImpl.submitClientRequestAsync(RaftServerImpl.java:573) ~[ratis-server-0.4.0.jar:0.4.0]
	at org.apache.ratis.server.impl.RaftServerProxy.lambda$submitClientRequestAsync$7(RaftServerProxy.java:333) ~[ratis-server-0.4.0.jar:0.4.0]
	at org.apache.ratis.server.impl.RaftServerProxy.lambda$null$5(RaftServerProxy.java:328) ~[ratis-server-0.4.0.jar:0.4.0]
	at org.apache.ratis.util.JavaUtils.callAsUnchecked(JavaUtils.java:109) ~[ratis-common-0.4.0.jar:0.4.0]
	at org.apache.ratis.server.impl.RaftServerProxy.lambda$submitRequest$6(RaftServerProxy.java:328) ~[ratis-server-0.4.0.jar:0.4.0]
	at java.util.concurrent.CompletableFuture.uniComposeStage(CompletableFuture.java:981) ~[?:1.8.0_212]
	at java.util.concurrent.CompletableFuture.thenCompose(CompletableFuture.java:2124) ~[?:1.8.0_212]
	at org.apache.ratis.server.impl.RaftServerProxy.submitRequest(RaftServerProxy.java:327) ~[ratis-server-0.4.0.jar:0.4.0]
	at org.apache.ratis.server.impl.RaftServerProxy.submitClientRequestAsync(RaftServerProxy.java:333) ~[ratis-server-0.4.0.jar:0.4.0]
	at org.apache.ratis.grpc.client.GrpcClientProtocolService$RequestStreamObserver.processClientRequest(GrpcClientProtocolService.java:220) ~[ratis-grpc-0.4.0.jar:0.4.0]
	at org.apache.ratis.grpc.client.GrpcClientProtocolService$OrderedRequestStreamObserver.processClientRequest(GrpcClientProtocolService.java:326) ~[ratis-grpc-0.4.0.jar:0.4.0]
	at org.apache.ratis.util.SlidingWindow$Server.processRequestsFromHead(SlidingWindow.java:429) [ratis-common-0.4.0.jar:0.4.0]
	at org.apache.ratis.util.SlidingWindow$Server.receivedRequest(SlidingWindow.java:421) [ratis-common-0.4.0.jar:0.4.0]
	at org.apache.ratis.grpc.client.GrpcClientProtocolService$OrderedRequestStreamObserver.processClientRequest(GrpcClientProtocolService.java:345) [ratis-grpc-0.4.0.jar:0.4.0]
	at org.apache.ratis.grpc.client.GrpcClientProtocolService$RequestStreamObserver.onNext(GrpcClientProtocolService.java:240) [ratis-grpc-0.4.0.jar:0.4.0]
	at org.apache.ratis.grpc.client.GrpcClientProtocolService$RequestStreamObserver.onNext(GrpcClientProtocolService.java:168) [ratis-grpc-0.4.0.jar:0.4.0]
	at org.apache.ratis.thirdparty.io.grpc.stub.ServerCalls$StreamingServerCallHandler$StreamingServerCallListener.onMessage(ServerCalls.java:248) [ratis-thirdparty-misc-0.2.0.jar:0.2.0]
	at org.apache.ratis.thirdparty.io.grpc.internal.ServerCallImpl$ServerStreamListenerImpl.messagesAvailable(ServerCallImpl.java:263) [ratis-thirdparty-misc-0.2.0.jar:0.2.0]
	at org.apache.ratis.thirdparty.io.grpc.internal.ServerImpl$JumpToApplicationThreadServerStreamListener$1MessagesAvailable.runInContext(ServerImpl.java:686) [ratis-thirdparty-misc-0.2.0.jar:0.2.0]
	at org.apache.ratis.thirdparty.io.grpc.internal.ContextRunnable.run(ContextRunnable.java:37) [ratis-thirdparty-misc-0.2.0.jar:0.2.0]
	at org.apache.ratis.thirdparty.io.grpc.internal.SerializingExecutor.run(SerializingExecutor.java:123) [ratis-thirdparty-misc-0.2.0.jar:0.2.0]
	at java.util.concurrent.ThreadPoolExecutor.runWorker(ThreadPoolExecutor.java:1149) [?:1.8.0_212]
	at java.util.concurrent.ThreadPoolExecutor$Worker.run(ThreadPoolExecutor.java:624) [?:1.8.0_212]
	at java.lang.Thread.run(Thread.java:748) [?:1.8.0_212]
09:45:26.725 [grpc-default-executor-11] ERROR DNAudit - user=null | ip=null | op=WRITE_CHUNK {blockData=conID: 1 locID: 102960090686881805 bcsId: 14} | ret=FAILURE
org.apache.hadoop.hdds.scm.container.common.helpers.ContainerNotOpenException: Container 1 in CLOSING state
	at org.apache.hadoop.ozone.container.common.impl.HddsDispatcher.validateContainerCommand(HddsDispatcher.java:434) ~[hadoop-hdds-container-service-0.5.0-SNAPSHOT.jar:?]
	at org.apache.hadoop.ozone.container.common.transport.server.ratis.ContainerStateMachine.startTransaction(ContainerStateMachine.java:315) ~[hadoop-hdds-container-service-0.5.0-SNAPSHOT.jar:?]
	at org.apache.ratis.server.impl.RaftServerImpl.submitClientRequestAsync(RaftServerImpl.java:573) ~[ratis-server-0.4.0.jar:0.4.0]
	at org.apache.ratis.server.impl.RaftServerProxy.lambda$submitClientRequestAsync$7(RaftServerProxy.java:333) ~[ratis-server-0.4.0.jar:0.4.0]
	at org.apache.ratis.server.impl.RaftServerProxy.lambda$null$5(RaftServerProxy.java:328) ~[ratis-server-0.4.0.jar:0.4.0]
	at org.apache.ratis.util.JavaUtils.callAsUnchecked(JavaUtils.java:109) ~[ratis-common-0.4.0.jar:0.4.0]
	at org.apache.ratis.server.impl.RaftServerProxy.lambda$submitRequest$6(RaftServerProxy.java:328) ~[ratis-server-0.4.0.jar:0.4.0]
	at java.util.concurrent.CompletableFuture.uniComposeStage(CompletableFuture.java:981) ~[?:1.8.0_212]
	at java.util.concurrent.CompletableFuture.thenCompose(CompletableFuture.java:2124) ~[?:1.8.0_212]
	at org.apache.ratis.server.impl.RaftServerProxy.submitRequest(RaftServerProxy.java:327) ~[ratis-server-0.4.0.jar:0.4.0]
	at org.apache.ratis.server.impl.RaftServerProxy.submitClientRequestAsync(RaftServerProxy.java:333) ~[ratis-server-0.4.0.jar:0.4.0]
	at org.apache.ratis.grpc.client.GrpcClientProtocolService$RequestStreamObserver.processClientRequest(GrpcClientProtocolService.java:220) ~[ratis-grpc-0.4.0.jar:0.4.0]
	at org.apache.ratis.grpc.client.GrpcClientProtocolService$OrderedRequestStreamObserver.processClientRequest(GrpcClientProtocolService.java:326) ~[ratis-grpc-0.4.0.jar:0.4.0]
	at org.apache.ratis.util.SlidingWindow$Server.processRequestsFromHead(SlidingWindow.java:429) [ratis-common-0.4.0.jar:0.4.0]
	at org.apache.ratis.util.SlidingWindow$Server.receivedRequest(SlidingWindow.java:421) [ratis-common-0.4.0.jar:0.4.0]
	at org.apache.ratis.grpc.client.GrpcClientProtocolService$OrderedRequestStreamObserver.processClientRequest(GrpcClientProtocolService.java:345) [ratis-grpc-0.4.0.jar:0.4.0]
	at org.apache.ratis.grpc.client.GrpcClientProtocolService$RequestStreamObserver.onNext(GrpcClientProtocolService.java:240) [ratis-grpc-0.4.0.jar:0.4.0]
	at org.apache.ratis.grpc.client.GrpcClientProtocolService$RequestStreamObserver.onNext(GrpcClientProtocolService.java:168) [ratis-grpc-0.4.0.jar:0.4.0]
	at org.apache.ratis.thirdparty.io.grpc.stub.ServerCalls$StreamingServerCallHandler$StreamingServerCallListener.onMessage(ServerCalls.java:248) [ratis-thirdparty-misc-0.2.0.jar:0.2.0]
	at org.apache.ratis.thirdparty.io.grpc.internal.ServerCallImpl$ServerStreamListenerImpl.messagesAvailable(ServerCallImpl.java:263) [ratis-thirdparty-misc-0.2.0.jar:0.2.0]
	at org.apache.ratis.thirdparty.io.grpc.internal.ServerImpl$JumpToApplicationThreadServerStreamListener$1MessagesAvailable.runInContext(ServerImpl.java:686) [ratis-thirdparty-misc-0.2.0.jar:0.2.0]
	at org.apache.ratis.thirdparty.io.grpc.internal.ContextRunnable.run(ContextRunnable.java:37) [ratis-thirdparty-misc-0.2.0.jar:0.2.0]
	at org.apache.ratis.thirdparty.io.grpc.internal.SerializingExecutor.run(SerializingExecutor.java:123) [ratis-thirdparty-misc-0.2.0.jar:0.2.0]
	at java.util.concurrent.ThreadPoolExecutor.runWorker(ThreadPoolExecutor.java:1149) [?:1.8.0_212]
	at java.util.concurrent.ThreadPoolExecutor$Worker.run(ThreadPoolExecutor.java:624) [?:1.8.0_212]
	at java.lang.Thread.run(Thread.java:748) [?:1.8.0_212]
09:45:26.727 [grpc-default-executor-11] ERROR DNAudit - user=null | ip=null | op=PUT_BLOCK {blockData=[blockId=conID: 1 locID: 102960090686881805 bcsId: 0,size=800]} | ret=FAILURE
org.apache.hadoop.hdds.scm.container.common.helpers.ContainerNotOpenException: Container 1 in CLOSING state
	at org.apache.hadoop.ozone.container.common.impl.HddsDispatcher.validateContainerCommand(HddsDispatcher.java:434) ~[hadoop-hdds-container-service-0.5.0-SNAPSHOT.jar:?]
	at org.apache.hadoop.ozone.container.common.transport.server.ratis.ContainerStateMachine.startTransaction(ContainerStateMachine.java:315) ~[hadoop-hdds-container-service-0.5.0-SNAPSHOT.jar:?]
	at org.apache.ratis.server.impl.RaftServerImpl.submitClientRequestAsync(RaftServerImpl.java:573) ~[ratis-server-0.4.0.jar:0.4.0]
	at org.apache.ratis.server.impl.RaftServerProxy.lambda$submitClientRequestAsync$7(RaftServerProxy.java:333) ~[ratis-server-0.4.0.jar:0.4.0]
	at org.apache.ratis.server.impl.RaftServerProxy.lambda$null$5(RaftServerProxy.java:328) ~[ratis-server-0.4.0.jar:0.4.0]
	at org.apache.ratis.util.JavaUtils.callAsUnchecked(JavaUtils.java:109) ~[ratis-common-0.4.0.jar:0.4.0]
	at org.apache.ratis.server.impl.RaftServerProxy.lambda$submitRequest$6(RaftServerProxy.java:328) ~[ratis-server-0.4.0.jar:0.4.0]
	at java.util.concurrent.CompletableFuture.uniComposeStage(CompletableFuture.java:981) ~[?:1.8.0_212]
	at java.util.concurrent.CompletableFuture.thenCompose(CompletableFuture.java:2124) ~[?:1.8.0_212]
	at org.apache.ratis.server.impl.RaftServerProxy.submitRequest(RaftServerProxy.java:327) ~[ratis-server-0.4.0.jar:0.4.0]
	at org.apache.ratis.server.impl.RaftServerProxy.submitClientRequestAsync(RaftServerProxy.java:333) ~[ratis-server-0.4.0.jar:0.4.0]
	at org.apache.ratis.grpc.client.GrpcClientProtocolService$RequestStreamObserver.processClientRequest(GrpcClientProtocolService.java:220) ~[ratis-grpc-0.4.0.jar:0.4.0]
	at org.apache.ratis.grpc.client.GrpcClientProtocolService$OrderedRequestStreamObserver.processClientRequest(GrpcClientProtocolService.java:326) ~[ratis-grpc-0.4.0.jar:0.4.0]
	at org.apache.ratis.util.SlidingWindow$Server.processRequestsFromHead(SlidingWindow.java:429) [ratis-common-0.4.0.jar:0.4.0]
	at org.apache.ratis.util.SlidingWindow$Server.receivedRequest(SlidingWindow.java:421) [ratis-common-0.4.0.jar:0.4.0]
	at org.apache.ratis.grpc.client.GrpcClientProtocolService$OrderedRequestStreamObserver.processClientRequest(GrpcClientProtocolService.java:345) [ratis-grpc-0.4.0.jar:0.4.0]
	at org.apache.ratis.grpc.client.GrpcClientProtocolService$RequestStreamObserver.onNext(GrpcClientProtocolService.java:240) [ratis-grpc-0.4.0.jar:0.4.0]
	at org.apache.ratis.grpc.client.GrpcClientProtocolService$RequestStreamObserver.onNext(GrpcClientProtocolService.java:168) [ratis-grpc-0.4.0.jar:0.4.0]
	at org.apache.ratis.thirdparty.io.grpc.stub.ServerCalls$StreamingServerCallHandler$StreamingServerCallListener.onMessage(ServerCalls.java:248) [ratis-thirdparty-misc-0.2.0.jar:0.2.0]
	at org.apache.ratis.thirdparty.io.grpc.internal.ServerCallImpl$ServerStreamListenerImpl.messagesAvailable(ServerCallImpl.java:263) [ratis-thirdparty-misc-0.2.0.jar:0.2.0]
	at org.apache.ratis.thirdparty.io.grpc.internal.ServerImpl$JumpToApplicationThreadServerStreamListener$1MessagesAvailable.runInContext(ServerImpl.java:686) [ratis-thirdparty-misc-0.2.0.jar:0.2.0]
	at org.apache.ratis.thirdparty.io.grpc.internal.ContextRunnable.run(ContextRunnable.java:37) [ratis-thirdparty-misc-0.2.0.jar:0.2.0]
	at org.apache.ratis.thirdparty.io.grpc.internal.SerializingExecutor.run(SerializingExecutor.java:123) [ratis-thirdparty-misc-0.2.0.jar:0.2.0]
	at java.util.concurrent.ThreadPoolExecutor.runWorker(ThreadPoolExecutor.java:1149) [?:1.8.0_212]
	at java.util.concurrent.ThreadPoolExecutor$Worker.run(ThreadPoolExecutor.java:624) [?:1.8.0_212]
	at java.lang.Thread.run(Thread.java:748) [?:1.8.0_212]
2019-10-14 09:45:27,268 [main] INFO  ozone.MiniOzoneClusterImpl (MiniOzoneClusterImpl.java:shutdown(314)) - Shutting down the Mini Ozone Cluster
2019-10-14 09:45:27,268 [main] INFO  ozone.MiniOzoneClusterImpl (MiniOzoneClusterImpl.java:stop(330)) - Stopping the Mini Ozone Cluster
2019-10-14 09:45:27,269 [main] INFO  ozone.MiniOzoneClusterImpl (MiniOzoneClusterImpl.java:stopOM(400)) - Stopping the OzoneManager
2019-10-14 09:45:27,269 [main] INFO  ipc.Server (Server.java:stop(3082)) - Stopping server on 46044
2019-10-14 09:45:27,278 [IPC Server listener on 46044] INFO  ipc.Server (Server.java:run(1185)) - Stopping IPC Server listener on 46044
2019-10-14 09:45:27,285 [main] INFO  ratis.OzoneManagerDoubleBuffer (OzoneManagerDoubleBuffer.java:stop(248)) - Stopping OMDoubleBuffer flush thread
2019-10-14 09:45:27,285 [IPC Server Responder] INFO  ipc.Server (Server.java:run(1319)) - Stopping IPC Server Responder
2019-10-14 09:45:27,287 [OMDoubleBufferFlushThread] INFO  ratis.OzoneManagerDoubleBuffer (OzoneManagerDoubleBuffer.java:flushTransactions(191)) - OMDoubleBuffer flush thread OMDoubleBufferFlushThread is interrupted and will exit. OMDoubleBufferFlushThread
2019-10-14 09:45:27,288 [main] INFO  utils.BackgroundService (BackgroundService.java:shutdown(148)) - Shutting down service KeyDeletingService
2019-10-14 09:45:27,290 [main] INFO  handler.ContextHandler (ContextHandler.java:doStop(910)) - Stopped o.e.j.w.WebAppContext@93bf0e0{/,null,UNAVAILABLE}{/ozoneManager}
2019-10-14 09:45:27,291 [main] INFO  server.AbstractConnector (AbstractConnector.java:doStop(318)) - Stopped ServerConnector@4981d95b{HTTP/1.1,[http/1.1]}{0.0.0.0:0}
2019-10-14 09:45:27,292 [main] INFO  handler.ContextHandler (ContextHandler.java:doStop(910)) - Stopped o.e.j.s.ServletContextHandler@76563ae7{/static,file:///workdir/hadoop-ozone/integration-test/target/test-classes/webapps/static,UNAVAILABLE}
2019-10-14 09:45:27,292 [main] INFO  handler.ContextHandler (ContextHandler.java:doStop(910)) - Stopped o.e.j.s.ServletContextHandler@46a8c2b4{/logs,file:///workdir/hadoop-ozone/integration-test/target/log,UNAVAILABLE}
2019-10-14 09:45:27,296 [main] INFO  ozone.MiniOzoneClusterImpl (MiniOzoneClusterImpl.java:stopDatanodes(377)) - Stopping the HddsDatanodes
2019-10-14 09:45:27,319 [Thread-4412] INFO  impl.FollowerState (FollowerState.java:run(106)) - 5cb57bc8-4f11-4646-be43-d873705a5003:group-2D6C0FC78493 changes to CANDIDATE, lastRpcTime:5050, electionTimeout:5050ms
2019-10-14 09:45:27,319 [Thread-4412] INFO  impl.RoleInfo (RoleInfo.java:shutdownFollowerState(121)) - 5cb57bc8-4f11-4646-be43-d873705a5003: shutdown FollowerState
2019-10-14 09:45:27,319 [Thread-4412] INFO  impl.RaftServerImpl (RaftServerImpl.java:setRole(174)) - 5cb57bc8-4f11-4646-be43-d873705a5003@group-2D6C0FC78493: changes role from  FOLLOWER to CANDIDATE at term 3 for changeToCandidate
2019-10-14 09:45:27,319 [Thread-4412] INFO  impl.RoleInfo (RoleInfo.java:updateAndGet(143)) - 5cb57bc8-4f11-4646-be43-d873705a5003: start LeaderElection
2019-10-14 09:45:27,350 [5cb57bc8-4f11-4646-be43-d873705a5003@group-2D6C0FC78493:LeaderElection131] INFO  impl.LeaderElection (LeaderElection.java:askForVotes(182)) - 5cb57bc8-4f11-4646-be43-d873705a5003@group-2D6C0FC78493:LeaderElection131: begin an election at term 4 for -1: [5cb57bc8-4f11-4646-be43-d873705a5003:192.168.164.214:33921, d13983dc-b0b6-41ad-b475-2b910e2f36de:192.168.164.214:42581, ffc72186-1b59-4838-b97a-28de7241d76d:192.168.164.214:33403], old=null
2019-10-14 09:45:27,351 [5cb57bc8-4f11-4646-be43-d873705a5003@group-2D6C0FC78493:LeaderElection131] INFO  impl.LeaderElection (LogUtils.java:infoOrTrace(149)) - 5cb57bc8-4f11-4646-be43-d873705a5003@group-2D6C0FC78493:LeaderElection131 got exception when requesting votes: {}
java.util.concurrent.ExecutionException: org.apache.ratis.thirdparty.io.grpc.StatusRuntimeException: UNAVAILABLE: io exception
	at java.util.concurrent.FutureTask.report(FutureTask.java:122)
	at java.util.concurrent.FutureTask.get(FutureTask.java:192)
	at org.apache.ratis.server.impl.LeaderElection.waitForResults(LeaderElection.java:263)
	at org.apache.ratis.server.impl.LeaderElection.askForVotes(LeaderElection.java:201)
	at org.apache.ratis.server.impl.LeaderElection.run(LeaderElection.java:133)
	at java.lang.Thread.run(Thread.java:748)
Caused by: org.apache.ratis.thirdparty.io.grpc.StatusRuntimeException: UNAVAILABLE: io exception
	at org.apache.ratis.thirdparty.io.grpc.stub.ClientCalls.toStatusRuntimeException(ClientCalls.java:233)
	at org.apache.ratis.thirdparty.io.grpc.stub.ClientCalls.getUnchecked(ClientCalls.java:214)
	at org.apache.ratis.thirdparty.io.grpc.stub.ClientCalls.blockingUnaryCall(ClientCalls.java:139)
	at org.apache.ratis.proto.grpc.RaftServerProtocolServiceGrpc$RaftServerProtocolServiceBlockingStub.requestVote(RaftServerProtocolServiceGrpc.java:265)
	at org.apache.ratis.grpc.server.GrpcServerProtocolClient.requestVote(GrpcServerProtocolClient.java:90)
	at org.apache.ratis.grpc.server.GrpcService.requestVote(GrpcService.java:204)
	at org.apache.ratis.server.impl.LeaderElection.lambda$submitRequests$1(LeaderElection.java:238)
	at java.util.concurrent.FutureTask.run(FutureTask.java:266)
	at java.util.concurrent.Executors$RunnableAdapter.call(Executors.java:511)
	at java.util.concurrent.FutureTask.run(FutureTask.java:266)
	at java.util.concurrent.ThreadPoolExecutor.runWorker(ThreadPoolExecutor.java:1149)
	at java.util.concurrent.ThreadPoolExecutor$Worker.run(ThreadPoolExecutor.java:624)
	... 1 more
Caused by: org.apache.ratis.thirdparty.io.netty.channel.AbstractChannel$AnnotatedConnectException: Connection refused: /192.168.164.214:33403
	at sun.nio.ch.SocketChannelImpl.checkConnect(Native Method)
	at sun.nio.ch.SocketChannelImpl.finishConnect(SocketChannelImpl.java:717)
	at org.apache.ratis.thirdparty.io.netty.channel.socket.nio.NioSocketChannel.doFinishConnect(NioSocketChannel.java:327)
	at org.apache.ratis.thirdparty.io.netty.channel.nio.AbstractNioChannel$AbstractNioUnsafe.finishConnect(AbstractNioChannel.java:340)
	at org.apache.ratis.thirdparty.io.netty.channel.nio.NioEventLoop.processSelectedKey(NioEventLoop.java:632)
	at org.apache.ratis.thirdparty.io.netty.channel.nio.NioEventLoop.processSelectedKeysOptimized(NioEventLoop.java:579)
	at org.apache.ratis.thirdparty.io.netty.channel.nio.NioEventLoop.processSelectedKeys(NioEventLoop.java:496)
	at org.apache.ratis.thirdparty.io.netty.channel.nio.NioEventLoop.run(NioEventLoop.java:458)
	at org.apache.ratis.thirdparty.io.netty.util.concurrent.SingleThreadEventExecutor$5.run(SingleThreadEventExecutor.java:897)
	at org.apache.ratis.thirdparty.io.netty.util.concurrent.FastThreadLocalRunnable.run(FastThreadLocalRunnable.java:30)
	... 1 more
Caused by: java.net.ConnectException: Connection refused
	... 11 more
2019-10-14 09:45:27,354 [Thread-4413] INFO  impl.FollowerState (FollowerState.java:run(106)) - d13983dc-b0b6-41ad-b475-2b910e2f36de:group-2D6C0FC78493 changes to CANDIDATE, lastRpcTime:5084, electionTimeout:5083ms
2019-10-14 09:45:27,354 [Thread-4413] INFO  impl.RoleInfo (RoleInfo.java:shutdownFollowerState(121)) - d13983dc-b0b6-41ad-b475-2b910e2f36de: shutdown FollowerState
2019-10-14 09:45:27,354 [Thread-4413] INFO  impl.RaftServerImpl (RaftServerImpl.java:setRole(174)) - d13983dc-b0b6-41ad-b475-2b910e2f36de@group-2D6C0FC78493: changes role from  FOLLOWER to CANDIDATE at term 3 for changeToCandidate
2019-10-14 09:45:27,354 [Thread-4413] INFO  impl.RoleInfo (RoleInfo.java:updateAndGet(143)) - d13983dc-b0b6-41ad-b475-2b910e2f36de: start LeaderElection
2019-10-14 09:45:27,354 [grpc-default-executor-11] INFO  impl.RaftServerImpl (RaftServerImpl.java:setRole(174)) - d13983dc-b0b6-41ad-b475-2b910e2f36de@group-2D6C0FC78493: changes role from CANDIDATE to FOLLOWER at term 4 for recognizeCandidate:5cb57bc8-4f11-4646-be43-d873705a5003
2019-10-14 09:45:27,354 [grpc-default-executor-11] INFO  impl.RoleInfo (RoleInfo.java:shutdownLeaderElection(134)) - d13983dc-b0b6-41ad-b475-2b910e2f36de: shutdown LeaderElection
2019-10-14 09:45:27,354 [grpc-default-executor-11] INFO  impl.RoleInfo (RoleInfo.java:updateAndGet(143)) - d13983dc-b0b6-41ad-b475-2b910e2f36de: start FollowerState
2019-10-14 09:45:27,378 [5cb57bc8-4f11-4646-be43-d873705a5003@group-2D6C0FC78493:LeaderElection131] INFO  impl.LeaderElection (LeaderElection.java:logAndReturn(56)) - 5cb57bc8-4f11-4646-be43-d873705a5003@group-2D6C0FC78493:LeaderElection131: Election REJECTED; received 1 response(s) [5cb57bc8-4f11-4646-be43-d873705a5003<-d13983dc-b0b6-41ad-b475-2b910e2f36de#0:FAIL-t4] and 1 exception(s); 5cb57bc8-4f11-4646-be43-d873705a5003@group-2D6C0FC78493:t4, leader=null, voted=5cb57bc8-4f11-4646-be43-d873705a5003, raftlog=5cb57bc8-4f11-4646-be43-d873705a5003@group-2D6C0FC78493-SegmentedRaftLog:OPENED:c-1,f-1,i0, conf=-1: [5cb57bc8-4f11-4646-be43-d873705a5003:192.168.164.214:33921, d13983dc-b0b6-41ad-b475-2b910e2f36de:192.168.164.214:42581, ffc72186-1b59-4838-b97a-28de7241d76d:192.168.164.214:33403], old=null
2019-10-14 09:45:27,378 [5cb57bc8-4f11-4646-be43-d873705a5003@group-2D6C0FC78493:LeaderElection131] INFO  impl.LeaderElection (LogUtils.java:infoOrTrace(149)) -   Exception 0: {}
java.util.concurrent.ExecutionException: org.apache.ratis.thirdparty.io.grpc.StatusRuntimeException: UNAVAILABLE: io exception
	at java.util.concurrent.FutureTask.report(FutureTask.java:122)
	at java.util.concurrent.FutureTask.get(FutureTask.java:192)
	at org.apache.ratis.server.impl.LeaderElection.waitForResults(LeaderElection.java:263)
	at org.apache.ratis.server.impl.LeaderElection.askForVotes(LeaderElection.java:201)
	at org.apache.ratis.server.impl.LeaderElection.run(LeaderElection.java:133)
	at java.lang.Thread.run(Thread.java:748)
Caused by: org.apache.ratis.thirdparty.io.grpc.StatusRuntimeException: UNAVAILABLE: io exception
	at org.apache.ratis.thirdparty.io.grpc.stub.ClientCalls.toStatusRuntimeException(ClientCalls.java:233)
	at org.apache.ratis.thirdparty.io.grpc.stub.ClientCalls.getUnchecked(ClientCalls.java:214)
	at org.apache.ratis.thirdparty.io.grpc.stub.ClientCalls.blockingUnaryCall(ClientCalls.java:139)
	at org.apache.ratis.proto.grpc.RaftServerProtocolServiceGrpc$RaftServerProtocolServiceBlockingStub.requestVote(RaftServerProtocolServiceGrpc.java:265)
	at org.apache.ratis.grpc.server.GrpcServerProtocolClient.requestVote(GrpcServerProtocolClient.java:90)
	at org.apache.ratis.grpc.server.GrpcService.requestVote(GrpcService.java:204)
	at org.apache.ratis.server.impl.LeaderElection.lambda$submitRequests$1(LeaderElection.java:238)
	at java.util.concurrent.FutureTask.run(FutureTask.java:266)
	at java.util.concurrent.Executors$RunnableAdapter.call(Executors.java:511)
	at java.util.concurrent.FutureTask.run(FutureTask.java:266)
	at java.util.concurrent.ThreadPoolExecutor.runWorker(ThreadPoolExecutor.java:1149)
	at java.util.concurrent.ThreadPoolExecutor$Worker.run(ThreadPoolExecutor.java:624)
	... 1 more
Caused by: org.apache.ratis.thirdparty.io.netty.channel.AbstractChannel$AnnotatedConnectException: Connection refused: /192.168.164.214:33403
	at sun.nio.ch.SocketChannelImpl.checkConnect(Native Method)
	at sun.nio.ch.SocketChannelImpl.finishConnect(SocketChannelImpl.java:717)
	at org.apache.ratis.thirdparty.io.netty.channel.socket.nio.NioSocketChannel.doFinishConnect(NioSocketChannel.java:327)
	at org.apache.ratis.thirdparty.io.netty.channel.nio.AbstractNioChannel$AbstractNioUnsafe.finishConnect(AbstractNioChannel.java:340)
	at org.apache.ratis.thirdparty.io.netty.channel.nio.NioEventLoop.processSelectedKey(NioEventLoop.java:632)
	at org.apache.ratis.thirdparty.io.netty.channel.nio.NioEventLoop.processSelectedKeysOptimized(NioEventLoop.java:579)
	at org.apache.ratis.thirdparty.io.netty.channel.nio.NioEventLoop.processSelectedKeys(NioEventLoop.java:496)
	at org.apache.ratis.thirdparty.io.netty.channel.nio.NioEventLoop.run(NioEventLoop.java:458)
	at org.apache.ratis.thirdparty.io.netty.util.concurrent.SingleThreadEventExecutor$5.run(SingleThreadEventExecutor.java:897)
	at org.apache.ratis.thirdparty.io.netty.util.concurrent.FastThreadLocalRunnable.run(FastThreadLocalRunnable.java:30)
	... 1 more
Caused by: java.net.ConnectException: Connection refused
	... 11 more
2019-10-14 09:45:27,378 [5cb57bc8-4f11-4646-be43-d873705a5003@group-2D6C0FC78493:LeaderElection131] INFO  impl.RaftServerImpl (RaftServerImpl.java:setRole(174)) - 5cb57bc8-4f11-4646-be43-d873705a5003@group-2D6C0FC78493: changes role from CANDIDATE to FOLLOWER at term 4 for DISCOVERED_A_NEW_TERM
2019-10-14 09:45:27,379 [5cb57bc8-4f11-4646-be43-d873705a5003@group-2D6C0FC78493:LeaderElection131] INFO  impl.RoleInfo (RoleInfo.java:shutdownLeaderElection(134)) - 5cb57bc8-4f11-4646-be43-d873705a5003: shutdown LeaderElection
2019-10-14 09:45:27,379 [5cb57bc8-4f11-4646-be43-d873705a5003@group-2D6C0FC78493:LeaderElection131] INFO  impl.RoleInfo (RoleInfo.java:updateAndGet(143)) - 5cb57bc8-4f11-4646-be43-d873705a5003: start FollowerState
2019-10-14 09:45:27,402 [d13983dc-b0b6-41ad-b475-2b910e2f36de@group-2D6C0FC78493:LeaderElection132] INFO  impl.LeaderElection (LeaderElection.java:askForVotes(182)) - d13983dc-b0b6-41ad-b475-2b910e2f36de@group-2D6C0FC78493:LeaderElection132: begin an election at term 5 for -1: [5cb57bc8-4f11-4646-be43-d873705a5003:192.168.164.214:33921, d13983dc-b0b6-41ad-b475-2b910e2f36de:192.168.164.214:42581, ffc72186-1b59-4838-b97a-28de7241d76d:192.168.164.214:33403], old=null
2019-10-14 09:45:27,404 [d13983dc-b0b6-41ad-b475-2b910e2f36de@group-2D6C0FC78493:LeaderElection132] INFO  impl.LeaderElection (LeaderElection.java:logAndReturn(56)) - d13983dc-b0b6-41ad-b475-2b910e2f36de@group-2D6C0FC78493:LeaderElection132: Election REJECTED; received 0 response(s) [] and 0 exception(s); d13983dc-b0b6-41ad-b475-2b910e2f36de@group-2D6C0FC78493:t5, leader=null, voted=d13983dc-b0b6-41ad-b475-2b910e2f36de, raftlog=d13983dc-b0b6-41ad-b475-2b910e2f36de@group-2D6C0FC78493-SegmentedRaftLog:OPENED:c-1,f-1,i0, conf=-1: [5cb57bc8-4f11-4646-be43-d873705a5003:192.168.164.214:33921, d13983dc-b0b6-41ad-b475-2b910e2f36de:192.168.164.214:42581, ffc72186-1b59-4838-b97a-28de7241d76d:192.168.164.214:33403], old=null
2019-10-14 09:45:27,406 [grpc-default-executor-11] INFO  impl.RaftServerImpl (RaftServerImpl.java:setRole(174)) - 5cb57bc8-4f11-4646-be43-d873705a5003@group-2D6C0FC78493: changes role from  FOLLOWER to FOLLOWER at term 5 for recognizeCandidate:d13983dc-b0b6-41ad-b475-2b910e2f36de
2019-10-14 09:45:27,406 [grpc-default-executor-11] INFO  impl.RoleInfo (RoleInfo.java:shutdownFollowerState(121)) - 5cb57bc8-4f11-4646-be43-d873705a5003: shutdown FollowerState
2019-10-14 09:45:27,406 [grpc-default-executor-11] INFO  impl.RoleInfo (RoleInfo.java:updateAndGet(143)) - 5cb57bc8-4f11-4646-be43-d873705a5003: start FollowerState
2019-10-14 09:45:27,406 [Thread-4516] INFO  impl.FollowerState (FollowerState.java:run(115)) - 5cb57bc8-4f11-4646-be43-d873705a5003: FollowerState was interrupted: java.lang.InterruptedException: sleep interrupted
2019-10-14 09:45:27,440 [Thread-4411] INFO  impl.FollowerState (FollowerState.java:run(106)) - 5cb57bc8-4f11-4646-be43-d873705a5003:group-A3C2AC2AC23E changes to CANDIDATE, lastRpcTime:5171, electionTimeout:5171ms
2019-10-14 09:45:27,440 [Thread-4411] INFO  impl.RoleInfo (RoleInfo.java:shutdownFollowerState(121)) - 5cb57bc8-4f11-4646-be43-d873705a5003: shutdown FollowerState
2019-10-14 09:45:27,440 [Thread-4411] INFO  impl.RaftServerImpl (RaftServerImpl.java:setRole(174)) - 5cb57bc8-4f11-4646-be43-d873705a5003@group-A3C2AC2AC23E: changes role from  FOLLOWER to CANDIDATE at term 3 for changeToCandidate
2019-10-14 09:45:27,440 [Thread-4411] INFO  impl.RoleInfo (RoleInfo.java:updateAndGet(143)) - 5cb57bc8-4f11-4646-be43-d873705a5003: start LeaderElection
2019-10-14 09:45:27,443 [Thread-4410] INFO  impl.FollowerState (FollowerState.java:run(106)) - 5b2bdeb4-7ea1-4df6-a88d-afaaea11e92e:group-A3C2AC2AC23E changes to CANDIDATE, lastRpcTime:5186, electionTimeout:5186ms
2019-10-14 09:45:27,443 [Thread-4410] INFO  impl.RoleInfo (RoleInfo.java:shutdownFollowerState(121)) - 5b2bdeb4-7ea1-4df6-a88d-afaaea11e92e: shutdown FollowerState
2019-10-14 09:45:27,443 [Thread-4410] INFO  impl.RaftServerImpl (RaftServerImpl.java:setRole(174)) - 5b2bdeb4-7ea1-4df6-a88d-afaaea11e92e@group-A3C2AC2AC23E: changes role from  FOLLOWER to CANDIDATE at term 3 for changeToCandidate
2019-10-14 09:45:27,443 [Thread-4410] INFO  impl.RoleInfo (RoleInfo.java:updateAndGet(143)) - 5b2bdeb4-7ea1-4df6-a88d-afaaea11e92e: start LeaderElection
2019-10-14 09:45:27,464 [5b2bdeb4-7ea1-4df6-a88d-afaaea11e92e@group-A3C2AC2AC23E:LeaderElection134] INFO  impl.LeaderElection (LeaderElection.java:askForVotes(182)) - 5b2bdeb4-7ea1-4df6-a88d-afaaea11e92e@group-A3C2AC2AC23E:LeaderElection134: begin an election at term 4 for -1: [5cb57bc8-4f11-4646-be43-d873705a5003:192.168.164.214:33921, 5b2bdeb4-7ea1-4df6-a88d-afaaea11e92e:192.168.164.214:43516, ffc72186-1b59-4838-b97a-28de7241d76d:192.168.164.214:33403], old=null
2019-10-14 09:45:27,464 [5cb57bc8-4f11-4646-be43-d873705a5003@group-A3C2AC2AC23E:LeaderElection133] INFO  impl.LeaderElection (LeaderElection.java:askForVotes(182)) - 5cb57bc8-4f11-4646-be43-d873705a5003@group-A3C2AC2AC23E:LeaderElection133: begin an election at term 4 for -1: [5cb57bc8-4f11-4646-be43-d873705a5003:192.168.164.214:33921, 5b2bdeb4-7ea1-4df6-a88d-afaaea11e92e:192.168.164.214:43516, ffc72186-1b59-4838-b97a-28de7241d76d:192.168.164.214:33403], old=null
2019-10-14 09:45:27,465 [5b2bdeb4-7ea1-4df6-a88d-afaaea11e92e@group-A3C2AC2AC23E:LeaderElection134] INFO  impl.LeaderElection (LogUtils.java:infoOrTrace(149)) - 5b2bdeb4-7ea1-4df6-a88d-afaaea11e92e@group-A3C2AC2AC23E:LeaderElection134 got exception when requesting votes: {}
java.util.concurrent.ExecutionException: org.apache.ratis.thirdparty.io.grpc.StatusRuntimeException: UNAVAILABLE: io exception
	at java.util.concurrent.FutureTask.report(FutureTask.java:122)
	at java.util.concurrent.FutureTask.get(FutureTask.java:192)
	at org.apache.ratis.server.impl.LeaderElection.waitForResults(LeaderElection.java:263)
	at org.apache.ratis.server.impl.LeaderElection.askForVotes(LeaderElection.java:201)
	at org.apache.ratis.server.impl.LeaderElection.run(LeaderElection.java:133)
	at java.lang.Thread.run(Thread.java:748)
Caused by: org.apache.ratis.thirdparty.io.grpc.StatusRuntimeException: UNAVAILABLE: io exception
	at org.apache.ratis.thirdparty.io.grpc.stub.ClientCalls.toStatusRuntimeException(ClientCalls.java:233)
	at org.apache.ratis.thirdparty.io.grpc.stub.ClientCalls.getUnchecked(ClientCalls.java:214)
	at org.apache.ratis.thirdparty.io.grpc.stub.ClientCalls.blockingUnaryCall(ClientCalls.java:139)
	at org.apache.ratis.proto.grpc.RaftServerProtocolServiceGrpc$RaftServerProtocolServiceBlockingStub.requestVote(RaftServerProtocolServiceGrpc.java:265)
	at org.apache.ratis.grpc.server.GrpcServerProtocolClient.requestVote(GrpcServerProtocolClient.java:90)
	at org.apache.ratis.grpc.server.GrpcService.requestVote(GrpcService.java:204)
	at org.apache.ratis.server.impl.LeaderElection.lambda$submitRequests$1(LeaderElection.java:238)
	at java.util.concurrent.FutureTask.run(FutureTask.java:266)
	at java.util.concurrent.Executors$RunnableAdapter.call(Executors.java:511)
	at java.util.concurrent.FutureTask.run(FutureTask.java:266)
	at java.util.concurrent.ThreadPoolExecutor.runWorker(ThreadPoolExecutor.java:1149)
	at java.util.concurrent.ThreadPoolExecutor$Worker.run(ThreadPoolExecutor.java:624)
	... 1 more
Caused by: org.apache.ratis.thirdparty.io.netty.channel.AbstractChannel$AnnotatedConnectException: Connection refused: /192.168.164.214:33403
	at sun.nio.ch.SocketChannelImpl.checkConnect(Native Method)
	at sun.nio.ch.SocketChannelImpl.finishConnect(SocketChannelImpl.java:717)
	at org.apache.ratis.thirdparty.io.netty.channel.socket.nio.NioSocketChannel.doFinishConnect(NioSocketChannel.java:327)
	at org.apache.ratis.thirdparty.io.netty.channel.nio.AbstractNioChannel$AbstractNioUnsafe.finishConnect(AbstractNioChannel.java:340)
	at org.apache.ratis.thirdparty.io.netty.channel.nio.NioEventLoop.processSelectedKey(NioEventLoop.java:632)
	at org.apache.ratis.thirdparty.io.netty.channel.nio.NioEventLoop.processSelectedKeysOptimized(NioEventLoop.java:579)
	at org.apache.ratis.thirdparty.io.netty.channel.nio.NioEventLoop.processSelectedKeys(NioEventLoop.java:496)
	at org.apache.ratis.thirdparty.io.netty.channel.nio.NioEventLoop.run(NioEventLoop.java:458)
	at org.apache.ratis.thirdparty.io.netty.util.concurrent.SingleThreadEventExecutor$5.run(SingleThreadEventExecutor.java:897)
	at org.apache.ratis.thirdparty.io.netty.util.concurrent.FastThreadLocalRunnable.run(FastThreadLocalRunnable.java:30)
	... 1 more
Caused by: java.net.ConnectException: Connection refused
	... 11 more
2019-10-14 09:45:27,468 [5cb57bc8-4f11-4646-be43-d873705a5003@group-A3C2AC2AC23E:LeaderElection133] INFO  impl.LeaderElection (LogUtils.java:infoOrTrace(149)) - 5cb57bc8-4f11-4646-be43-d873705a5003@group-A3C2AC2AC23E:LeaderElection133 got exception when requesting votes: {}
java.util.concurrent.ExecutionException: org.apache.ratis.thirdparty.io.grpc.StatusRuntimeException: UNAVAILABLE: io exception
	at java.util.concurrent.FutureTask.report(FutureTask.java:122)
	at java.util.concurrent.FutureTask.get(FutureTask.java:192)
	at org.apache.ratis.server.impl.LeaderElection.waitForResults(LeaderElection.java:263)
	at org.apache.ratis.server.impl.LeaderElection.askForVotes(LeaderElection.java:201)
	at org.apache.ratis.server.impl.LeaderElection.run(LeaderElection.java:133)
	at java.lang.Thread.run(Thread.java:748)
Caused by: org.apache.ratis.thirdparty.io.grpc.StatusRuntimeException: UNAVAILABLE: io exception
	at org.apache.ratis.thirdparty.io.grpc.stub.ClientCalls.toStatusRuntimeException(ClientCalls.java:233)
	at org.apache.ratis.thirdparty.io.grpc.stub.ClientCalls.getUnchecked(ClientCalls.java:214)
	at org.apache.ratis.thirdparty.io.grpc.stub.ClientCalls.blockingUnaryCall(ClientCalls.java:139)
	at org.apache.ratis.proto.grpc.RaftServerProtocolServiceGrpc$RaftServerProtocolServiceBlockingStub.requestVote(RaftServerProtocolServiceGrpc.java:265)
	at org.apache.ratis.grpc.server.GrpcServerProtocolClient.requestVote(GrpcServerProtocolClient.java:90)
	at org.apache.ratis.grpc.server.GrpcService.requestVote(GrpcService.java:204)
	at org.apache.ratis.server.impl.LeaderElection.lambda$submitRequests$1(LeaderElection.java:238)
	at java.util.concurrent.FutureTask.run(FutureTask.java:266)
	at java.util.concurrent.Executors$RunnableAdapter.call(Executors.java:511)
	at java.util.concurrent.FutureTask.run(FutureTask.java:266)
	at java.util.concurrent.ThreadPoolExecutor.runWorker(ThreadPoolExecutor.java:1149)
	at java.util.concurrent.ThreadPoolExecutor$Worker.run(ThreadPoolExecutor.java:624)
	... 1 more
Caused by: org.apache.ratis.thirdparty.io.netty.channel.AbstractChannel$AnnotatedConnectException: Connection refused: /192.168.164.214:33403
	at sun.nio.ch.SocketChannelImpl.checkConnect(Native Method)
	at sun.nio.ch.SocketChannelImpl.finishConnect(SocketChannelImpl.java:717)
	at org.apache.ratis.thirdparty.io.netty.channel.socket.nio.NioSocketChannel.doFinishConnect(NioSocketChannel.java:327)
	at org.apache.ratis.thirdparty.io.netty.channel.nio.AbstractNioChannel$AbstractNioUnsafe.finishConnect(AbstractNioChannel.java:340)
	at org.apache.ratis.thirdparty.io.netty.channel.nio.NioEventLoop.processSelectedKey(NioEventLoop.java:632)
	at org.apache.ratis.thirdparty.io.netty.channel.nio.NioEventLoop.processSelectedKeysOptimized(NioEventLoop.java:579)
	at org.apache.ratis.thirdparty.io.netty.channel.nio.NioEventLoop.processSelectedKeys(NioEventLoop.java:496)
	at org.apache.ratis.thirdparty.io.netty.channel.nio.NioEventLoop.run(NioEventLoop.java:458)
	at org.apache.ratis.thirdparty.io.netty.util.concurrent.SingleThreadEventExecutor$5.run(SingleThreadEventExecutor.java:897)
	at org.apache.ratis.thirdparty.io.netty.util.concurrent.FastThreadLocalRunnable.run(FastThreadLocalRunnable.java:30)
	... 1 more
Caused by: java.net.ConnectException: Connection refused
	... 11 more
2019-10-14 09:45:27,472 [5cb57bc8-4f11-4646-be43-d873705a5003@group-A3C2AC2AC23E:LeaderElection133] INFO  impl.LeaderElection (LeaderElection.java:logAndReturn(56)) - 5cb57bc8-4f11-4646-be43-d873705a5003@group-A3C2AC2AC23E:LeaderElection133: Election REJECTED; received 1 response(s) [5cb57bc8-4f11-4646-be43-d873705a5003<-5b2bdeb4-7ea1-4df6-a88d-afaaea11e92e#0:FAIL-t4] and 1 exception(s); 5cb57bc8-4f11-4646-be43-d873705a5003@group-A3C2AC2AC23E:t4, leader=null, voted=5cb57bc8-4f11-4646-be43-d873705a5003, raftlog=5cb57bc8-4f11-4646-be43-d873705a5003@group-A3C2AC2AC23E-SegmentedRaftLog:OPENED:c-1,f-1,i0, conf=-1: [5cb57bc8-4f11-4646-be43-d873705a5003:192.168.164.214:33921, 5b2bdeb4-7ea1-4df6-a88d-afaaea11e92e:192.168.164.214:43516, ffc72186-1b59-4838-b97a-28de7241d76d:192.168.164.214:33403], old=null
2019-10-14 09:45:27,472 [5b2bdeb4-7ea1-4df6-a88d-afaaea11e92e@group-A3C2AC2AC23E:LeaderElection134] INFO  impl.LeaderElection (LeaderElection.java:logAndReturn(56)) - 5b2bdeb4-7ea1-4df6-a88d-afaaea11e92e@group-A3C2AC2AC23E:LeaderElection134: Election REJECTED; received 1 response(s) [5b2bdeb4-7ea1-4df6-a88d-afaaea11e92e<-5cb57bc8-4f11-4646-be43-d873705a5003#0:FAIL-t4] and 1 exception(s); 5b2bdeb4-7ea1-4df6-a88d-afaaea11e92e@group-A3C2AC2AC23E:t4, leader=null, voted=5b2bdeb4-7ea1-4df6-a88d-afaaea11e92e, raftlog=5b2bdeb4-7ea1-4df6-a88d-afaaea11e92e@group-A3C2AC2AC23E-SegmentedRaftLog:OPENED:c-1,f-1,i0, conf=-1: [5cb57bc8-4f11-4646-be43-d873705a5003:192.168.164.214:33921, 5b2bdeb4-7ea1-4df6-a88d-afaaea11e92e:192.168.164.214:43516, ffc72186-1b59-4838-b97a-28de7241d76d:192.168.164.214:33403], old=null
2019-10-14 09:45:27,472 [5cb57bc8-4f11-4646-be43-d873705a5003@group-A3C2AC2AC23E:LeaderElection133] INFO  impl.LeaderElection (LogUtils.java:infoOrTrace(149)) -   Exception 0: {}
java.util.concurrent.ExecutionException: org.apache.ratis.thirdparty.io.grpc.StatusRuntimeException: UNAVAILABLE: io exception
	at java.util.concurrent.FutureTask.report(FutureTask.java:122)
	at java.util.concurrent.FutureTask.get(FutureTask.java:192)
	at org.apache.ratis.server.impl.LeaderElection.waitForResults(LeaderElection.java:263)
	at org.apache.ratis.server.impl.LeaderElection.askForVotes(LeaderElection.java:201)
	at org.apache.ratis.server.impl.LeaderElection.run(LeaderElection.java:133)
	at java.lang.Thread.run(Thread.java:748)
Caused by: org.apache.ratis.thirdparty.io.grpc.StatusRuntimeException: UNAVAILABLE: io exception
	at org.apache.ratis.thirdparty.io.grpc.stub.ClientCalls.toStatusRuntimeException(ClientCalls.java:233)
	at org.apache.ratis.thirdparty.io.grpc.stub.ClientCalls.getUnchecked(ClientCalls.java:214)
	at org.apache.ratis.thirdparty.io.grpc.stub.ClientCalls.blockingUnaryCall(ClientCalls.java:139)
	at org.apache.ratis.proto.grpc.RaftServerProtocolServiceGrpc$RaftServerProtocolServiceBlockingStub.requestVote(RaftServerProtocolServiceGrpc.java:265)
	at org.apache.ratis.grpc.server.GrpcServerProtocolClient.requestVote(GrpcServerProtocolClient.java:90)
	at org.apache.ratis.grpc.server.GrpcService.requestVote(GrpcService.java:204)
	at org.apache.ratis.server.impl.LeaderElection.lambda$submitRequests$1(LeaderElection.java:238)
	at java.util.concurrent.FutureTask.run(FutureTask.java:266)
	at java.util.concurrent.Executors$RunnableAdapter.call(Executors.java:511)
	at java.util.concurrent.FutureTask.run(FutureTask.java:266)
	at java.util.concurrent.ThreadPoolExecutor.runWorker(ThreadPoolExecutor.java:1149)
	at java.util.concurrent.ThreadPoolExecutor$Worker.run(ThreadPoolExecutor.java:624)
	... 1 more
Caused by: org.apache.ratis.thirdparty.io.netty.channel.AbstractChannel$AnnotatedConnectException: Connection refused: /192.168.164.214:33403
	at sun.nio.ch.SocketChannelImpl.checkConnect(Native Method)
	at sun.nio.ch.SocketChannelImpl.finishConnect(SocketChannelImpl.java:717)
	at org.apache.ratis.thirdparty.io.netty.channel.socket.nio.NioSocketChannel.doFinishConnect(NioSocketChannel.java:327)
	at org.apache.ratis.thirdparty.io.netty.channel.nio.AbstractNioChannel$AbstractNioUnsafe.finishConnect(AbstractNioChannel.java:340)
	at org.apache.ratis.thirdparty.io.netty.channel.nio.NioEventLoop.processSelectedKey(NioEventLoop.java:632)
	at org.apache.ratis.thirdparty.io.netty.channel.nio.NioEventLoop.processSelectedKeysOptimized(NioEventLoop.java:579)
	at org.apache.ratis.thirdparty.io.netty.channel.nio.NioEventLoop.processSelectedKeys(NioEventLoop.java:496)
	at org.apache.ratis.thirdparty.io.netty.channel.nio.NioEventLoop.run(NioEventLoop.java:458)
	at org.apache.ratis.thirdparty.io.netty.util.concurrent.SingleThreadEventExecutor$5.run(SingleThreadEventExecutor.java:897)
	at org.apache.ratis.thirdparty.io.netty.util.concurrent.FastThreadLocalRunnable.run(FastThreadLocalRunnable.java:30)
	... 1 more
Caused by: java.net.ConnectException: Connection refused
	... 11 more
2019-10-14 09:45:27,472 [5b2bdeb4-7ea1-4df6-a88d-afaaea11e92e@group-A3C2AC2AC23E:LeaderElection134] INFO  impl.LeaderElection (LogUtils.java:infoOrTrace(149)) -   Exception 0: {}
java.util.concurrent.ExecutionException: org.apache.ratis.thirdparty.io.grpc.StatusRuntimeException: UNAVAILABLE: io exception
	at java.util.concurrent.FutureTask.report(FutureTask.java:122)
	at java.util.concurrent.FutureTask.get(FutureTask.java:192)
	at org.apache.ratis.server.impl.LeaderElection.waitForResults(LeaderElection.java:263)
	at org.apache.ratis.server.impl.LeaderElection.askForVotes(LeaderElection.java:201)
	at org.apache.ratis.server.impl.LeaderElection.run(LeaderElection.java:133)
	at java.lang.Thread.run(Thread.java:748)
Caused by: org.apache.ratis.thirdparty.io.grpc.StatusRuntimeException: UNAVAILABLE: io exception
	at org.apache.ratis.thirdparty.io.grpc.stub.ClientCalls.toStatusRuntimeException(ClientCalls.java:233)
	at org.apache.ratis.thirdparty.io.grpc.stub.ClientCalls.getUnchecked(ClientCalls.java:214)
	at org.apache.ratis.thirdparty.io.grpc.stub.ClientCalls.blockingUnaryCall(ClientCalls.java:139)
	at org.apache.ratis.proto.grpc.RaftServerProtocolServiceGrpc$RaftServerProtocolServiceBlockingStub.requestVote(RaftServerProtocolServiceGrpc.java:265)
	at org.apache.ratis.grpc.server.GrpcServerProtocolClient.requestVote(GrpcServerProtocolClient.java:90)
	at org.apache.ratis.grpc.server.GrpcService.requestVote(GrpcService.java:204)
	at org.apache.ratis.server.impl.LeaderElection.lambda$submitRequests$1(LeaderElection.java:238)
	at java.util.concurrent.FutureTask.run(FutureTask.java:266)
	at java.util.concurrent.Executors$RunnableAdapter.call(Executors.java:511)
	at java.util.concurrent.FutureTask.run(FutureTask.java:266)
	at java.util.concurrent.ThreadPoolExecutor.runWorker(ThreadPoolExecutor.java:1149)
	at java.util.concurrent.ThreadPoolExecutor$Worker.run(ThreadPoolExecutor.java:624)
	... 1 more
Caused by: org.apache.ratis.thirdparty.io.netty.channel.AbstractChannel$AnnotatedConnectException: Connection refused: /192.168.164.214:33403
	at sun.nio.ch.SocketChannelImpl.checkConnect(Native Method)
	at sun.nio.ch.SocketChannelImpl.finishConnect(SocketChannelImpl.java:717)
	at org.apache.ratis.thirdparty.io.netty.channel.socket.nio.NioSocketChannel.doFinishConnect(NioSocketChannel.java:327)
	at org.apache.ratis.thirdparty.io.netty.channel.nio.AbstractNioChannel$AbstractNioUnsafe.finishConnect(AbstractNioChannel.java:340)
	at org.apache.ratis.thirdparty.io.netty.channel.nio.NioEventLoop.processSelectedKey(NioEventLoop.java:632)
	at org.apache.ratis.thirdparty.io.netty.channel.nio.NioEventLoop.processSelectedKeysOptimized(NioEventLoop.java:579)
	at org.apache.ratis.thirdparty.io.netty.channel.nio.NioEventLoop.processSelectedKeys(NioEventLoop.java:496)
	at org.apache.ratis.thirdparty.io.netty.channel.nio.NioEventLoop.run(NioEventLoop.java:458)
	at org.apache.ratis.thirdparty.io.netty.util.concurrent.SingleThreadEventExecutor$5.run(SingleThreadEventExecutor.java:897)
	at org.apache.ratis.thirdparty.io.netty.util.concurrent.FastThreadLocalRunnable.run(FastThreadLocalRunnable.java:30)
	... 1 more
Caused by: java.net.ConnectException: Connection refused
	... 11 more
2019-10-14 09:45:27,475 [5cb57bc8-4f11-4646-be43-d873705a5003@group-A3C2AC2AC23E:LeaderElection133] INFO  impl.RaftServerImpl (RaftServerImpl.java:setRole(174)) - 5cb57bc8-4f11-4646-be43-d873705a5003@group-A3C2AC2AC23E: changes role from CANDIDATE to FOLLOWER at term 4 for DISCOVERED_A_NEW_TERM
2019-10-14 09:45:27,478 [5b2bdeb4-7ea1-4df6-a88d-afaaea11e92e@group-A3C2AC2AC23E:LeaderElection134] INFO  impl.RaftServerImpl (RaftServerImpl.java:setRole(174)) - 5b2bdeb4-7ea1-4df6-a88d-afaaea11e92e@group-A3C2AC2AC23E: changes role from CANDIDATE to FOLLOWER at term 4 for DISCOVERED_A_NEW_TERM
2019-10-14 09:45:27,478 [5cb57bc8-4f11-4646-be43-d873705a5003@group-A3C2AC2AC23E:LeaderElection133] INFO  impl.RoleInfo (RoleInfo.java:shutdownLeaderElection(134)) - 5cb57bc8-4f11-4646-be43-d873705a5003: shutdown LeaderElection
2019-10-14 09:45:27,479 [5b2bdeb4-7ea1-4df6-a88d-afaaea11e92e@group-A3C2AC2AC23E:LeaderElection134] INFO  impl.RoleInfo (RoleInfo.java:shutdownLeaderElection(134)) - 5b2bdeb4-7ea1-4df6-a88d-afaaea11e92e: shutdown LeaderElection
2019-10-14 09:45:27,479 [5cb57bc8-4f11-4646-be43-d873705a5003@group-A3C2AC2AC23E:LeaderElection133] INFO  impl.RoleInfo (RoleInfo.java:updateAndGet(143)) - 5cb57bc8-4f11-4646-be43-d873705a5003: start FollowerState
2019-10-14 09:45:27,479 [5b2bdeb4-7ea1-4df6-a88d-afaaea11e92e@group-A3C2AC2AC23E:LeaderElection134] INFO  impl.RoleInfo (RoleInfo.java:updateAndGet(143)) - 5b2bdeb4-7ea1-4df6-a88d-afaaea11e92e: start FollowerState
2019-10-14 09:45:27,927 [Datanode State Machine Thread - 0] INFO  statemachine.DatanodeStateMachine (DatanodeStateMachine.java:lambda$startDaemon$0(350)) - Ozone container server started.
2019-10-14 09:45:28,140 [Datanode State Machine Thread - 0] INFO  statemachine.DatanodeStateMachine (DatanodeStateMachine.java:lambda$startDaemon$0(350)) - Ozone container server started.
2019-10-14 09:45:28,972 [grpc-default-executor-17] WARN  server.GrpcLogAppender (LogUtils.java:warn(134)) - 5cb57bc8-4f11-4646-be43-d873705a5003@group-9C1991127D58->ffc72186-1b59-4838-b97a-28de7241d76d-AppendLogResponseHandler: Failed appendEntries: org.apache.ratis.thirdparty.io.grpc.StatusRuntimeException: UNAVAILABLE: io exception
2019-10-14 09:45:28,972 [grpc-default-executor-17] INFO  impl.FollowerInfo (FollowerInfo.java:lambda$new$0(51)) - 5cb57bc8-4f11-4646-be43-d873705a5003@group-9C1991127D58->ffc72186-1b59-4838-b97a-28de7241d76d: nextIndex: updateUnconditionally 1 -> 0
2019-10-14 09:45:31,474 [grpc-default-executor-14] WARN  server.GrpcLogAppender (LogUtils.java:warn(134)) - 5cb57bc8-4f11-4646-be43-d873705a5003@group-9C1991127D58->ffc72186-1b59-4838-b97a-28de7241d76d-AppendLogResponseHandler: Failed appendEntries: org.apache.ratis.thirdparty.io.grpc.StatusRuntimeException: UNAVAILABLE: io exception
2019-10-14 09:45:31,474 [grpc-default-executor-14] INFO  impl.FollowerInfo (FollowerInfo.java:lambda$new$0(51)) - 5cb57bc8-4f11-4646-be43-d873705a5003@group-9C1991127D58->ffc72186-1b59-4838-b97a-28de7241d76d: nextIndex: updateUnconditionally 0 -> 0
2019-10-14 09:45:31,966 [EventQueue-StaleNodeForStaleNodeHandler] INFO  node.StaleNodeHandler (StaleNodeHandler.java:onMessage(58)) - Datanode 2be2fac0-04ab-46f3-bf55-9c63f02fedac{ip: 192.168.164.214, host: pr-hdds-1569-vp9xg-4248047660, networkLocation: /default-rack, certSerialId: null} moved to stale state. Finalizing its pipelines [PipelineID=9a9973fe-e5fc-4f77-8389-1faae3bcc180, PipelineID=504c6ea9-7239-48ad-ba91-ac596d94c915, PipelineID=c7a304b2-f7e2-4041-8b7b-8941bf63d0f5]
2019-10-14 09:45:31,966 [EventQueue-StaleNodeForStaleNodeHandler] INFO  pipeline.SCMPipelineManager (SCMPipelineManager.java:finalizeAndDestroyPipeline(342)) - destroying pipeline:Pipeline[ Id: 9a9973fe-e5fc-4f77-8389-1faae3bcc180, Nodes: 56712796-c63c-4f78-b712-8f3b1217dedc{ip: 192.168.164.214, host: pr-hdds-1569-vp9xg-4248047660, networkLocation: /default-rack, certSerialId: null}2be2fac0-04ab-46f3-bf55-9c63f02fedac{ip: 192.168.164.214, host: pr-hdds-1569-vp9xg-4248047660, networkLocation: /default-rack, certSerialId: null}47d48411-1f17-4b0d-846b-025c3a4b0b86{ip: 192.168.164.214, host: pr-hdds-1569-vp9xg-4248047660, networkLocation: /default-rack, certSerialId: null}, Type:RATIS, Factor:THREE, State:OPEN]
2019-10-14 09:45:31,966 [EventQueue-StaleNodeForStaleNodeHandler] INFO  pipeline.PipelineStateManager (PipelineStateManager.java:finalizePipeline(123)) - Pipeline Pipeline[ Id: 9a9973fe-e5fc-4f77-8389-1faae3bcc180, Nodes: 56712796-c63c-4f78-b712-8f3b1217dedc{ip: 192.168.164.214, host: pr-hdds-1569-vp9xg-4248047660, networkLocation: /default-rack, certSerialId: null}2be2fac0-04ab-46f3-bf55-9c63f02fedac{ip: 192.168.164.214, host: pr-hdds-1569-vp9xg-4248047660, networkLocation: /default-rack, certSerialId: null}47d48411-1f17-4b0d-846b-025c3a4b0b86{ip: 192.168.164.214, host: pr-hdds-1569-vp9xg-4248047660, networkLocation: /default-rack, certSerialId: null}, Type:RATIS, Factor:THREE, State:CLOSED] moved to CLOSED state
2019-10-14 09:45:31,967 [EventQueue-StaleNodeForStaleNodeHandler] INFO  pipeline.SCMPipelineManager (SCMPipelineManager.java:finalizeAndDestroyPipeline(342)) - destroying pipeline:Pipeline[ Id: 504c6ea9-7239-48ad-ba91-ac596d94c915, Nodes: 2be2fac0-04ab-46f3-bf55-9c63f02fedac{ip: 192.168.164.214, host: pr-hdds-1569-vp9xg-4248047660, networkLocation: /default-rack, certSerialId: null}d13983dc-b0b6-41ad-b475-2b910e2f36de{ip: 192.168.164.214, host: pr-hdds-1569-vp9xg-4248047660, networkLocation: /default-rack, certSerialId: null}5b2bdeb4-7ea1-4df6-a88d-afaaea11e92e{ip: 192.168.164.214, host: pr-hdds-1569-vp9xg-4248047660, networkLocation: /default-rack, certSerialId: null}, Type:RATIS, Factor:THREE, State:OPEN]
2019-10-14 09:45:31,967 [EventQueue-StaleNodeForStaleNodeHandler] INFO  pipeline.PipelineStateManager (PipelineStateManager.java:finalizePipeline(123)) - Pipeline Pipeline[ Id: 504c6ea9-7239-48ad-ba91-ac596d94c915, Nodes: 2be2fac0-04ab-46f3-bf55-9c63f02fedac{ip: 192.168.164.214, host: pr-hdds-1569-vp9xg-4248047660, networkLocation: /default-rack, certSerialId: null}d13983dc-b0b6-41ad-b475-2b910e2f36de{ip: 192.168.164.214, host: pr-hdds-1569-vp9xg-4248047660, networkLocation: /default-rack, certSerialId: null}5b2bdeb4-7ea1-4df6-a88d-afaaea11e92e{ip: 192.168.164.214, host: pr-hdds-1569-vp9xg-4248047660, networkLocation: /default-rack, certSerialId: null}, Type:RATIS, Factor:THREE, State:CLOSED] moved to CLOSED state
2019-10-14 09:45:31,967 [EventQueue-StaleNodeForStaleNodeHandler] INFO  pipeline.SCMPipelineManager (SCMPipelineManager.java:finalizeAndDestroyPipeline(342)) - destroying pipeline:Pipeline[ Id: c7a304b2-f7e2-4041-8b7b-8941bf63d0f5, Nodes: 2be2fac0-04ab-46f3-bf55-9c63f02fedac{ip: 192.168.164.214, host: pr-hdds-1569-vp9xg-4248047660, networkLocation: /default-rack, certSerialId: null}, Type:RATIS, Factor:ONE, State:OPEN]
2019-10-14 09:45:31,967 [EventQueue-StaleNodeForStaleNodeHandler] INFO  pipeline.PipelineStateManager (PipelineStateManager.java:finalizePipeline(123)) - Pipeline Pipeline[ Id: c7a304b2-f7e2-4041-8b7b-8941bf63d0f5, Nodes: 2be2fac0-04ab-46f3-bf55-9c63f02fedac{ip: 192.168.164.214, host: pr-hdds-1569-vp9xg-4248047660, networkLocation: /default-rack, certSerialId: null}, Type:RATIS, Factor:ONE, State:CLOSED] moved to CLOSED state
2019-10-14 09:45:32,166 [EventQueue-StaleNodeForStaleNodeHandler] INFO  node.StaleNodeHandler (StaleNodeHandler.java:onMessage(58)) - Datanode 5b2bdeb4-7ea1-4df6-a88d-afaaea11e92e{ip: 192.168.164.214, host: pr-hdds-1569-vp9xg-4248047660, networkLocation: /default-rack, certSerialId: null} moved to stale state. Finalizing its pipelines [PipelineID=0f6ea2be-5b03-42c4-babc-7c8b209ef9ab, PipelineID=5a07b73a-a694-4344-9f8c-a3c2ac2ac23e, PipelineID=504c6ea9-7239-48ad-ba91-ac596d94c915, PipelineID=18bdd093-60c4-4616-9146-9c1991127d58]
2019-10-14 09:45:32,166 [EventQueue-StaleNodeForStaleNodeHandler] INFO  pipeline.SCMPipelineManager (SCMPipelineManager.java:finalizeAndDestroyPipeline(342)) - destroying pipeline:Pipeline[ Id: 0f6ea2be-5b03-42c4-babc-7c8b209ef9ab, Nodes: 5b2bdeb4-7ea1-4df6-a88d-afaaea11e92e{ip: 192.168.164.214, host: pr-hdds-1569-vp9xg-4248047660, networkLocation: /default-rack, certSerialId: null}, Type:RATIS, Factor:ONE, State:OPEN]
2019-10-14 09:45:32,167 [EventQueue-StaleNodeForStaleNodeHandler] INFO  pipeline.PipelineStateManager (PipelineStateManager.java:finalizePipeline(123)) - Pipeline Pipeline[ Id: 0f6ea2be-5b03-42c4-babc-7c8b209ef9ab, Nodes: 5b2bdeb4-7ea1-4df6-a88d-afaaea11e92e{ip: 192.168.164.214, host: pr-hdds-1569-vp9xg-4248047660, networkLocation: /default-rack, certSerialId: null}, Type:RATIS, Factor:ONE, State:CLOSED] moved to CLOSED state
2019-10-14 09:45:32,167 [EventQueue-StaleNodeForStaleNodeHandler] INFO  pipeline.SCMPipelineManager (SCMPipelineManager.java:finalizeAndDestroyPipeline(342)) - destroying pipeline:Pipeline[ Id: 5a07b73a-a694-4344-9f8c-a3c2ac2ac23e, Nodes: 5b2bdeb4-7ea1-4df6-a88d-afaaea11e92e{ip: 192.168.164.214, host: pr-hdds-1569-vp9xg-4248047660, networkLocation: /default-rack, certSerialId: null}ffc72186-1b59-4838-b97a-28de7241d76d{ip: 192.168.164.214, host: pr-hdds-1569-vp9xg-4248047660, networkLocation: /default-rack, certSerialId: null}5cb57bc8-4f11-4646-be43-d873705a5003{ip: 192.168.164.214, host: pr-hdds-1569-vp9xg-4248047660, networkLocation: /default-rack, certSerialId: null}, Type:RATIS, Factor:THREE, State:CLOSED]
2019-10-14 09:45:32,167 [EventQueue-StaleNodeForStaleNodeHandler] INFO  pipeline.SCMPipelineManager (SCMPipelineManager.java:finalizeAndDestroyPipeline(342)) - destroying pipeline:Pipeline[ Id: 504c6ea9-7239-48ad-ba91-ac596d94c915, Nodes: 2be2fac0-04ab-46f3-bf55-9c63f02fedac{ip: 192.168.164.214, host: pr-hdds-1569-vp9xg-4248047660, networkLocation: /default-rack, certSerialId: null}d13983dc-b0b6-41ad-b475-2b910e2f36de{ip: 192.168.164.214, host: pr-hdds-1569-vp9xg-4248047660, networkLocation: /default-rack, certSerialId: null}5b2bdeb4-7ea1-4df6-a88d-afaaea11e92e{ip: 192.168.164.214, host: pr-hdds-1569-vp9xg-4248047660, networkLocation: /default-rack, certSerialId: null}, Type:RATIS, Factor:THREE, State:CLOSED]
2019-10-14 09:45:32,167 [EventQueue-StaleNodeForStaleNodeHandler] INFO  pipeline.SCMPipelineManager (SCMPipelineManager.java:finalizeAndDestroyPipeline(342)) - destroying pipeline:Pipeline[ Id: 18bdd093-60c4-4616-9146-9c1991127d58, Nodes: ffc72186-1b59-4838-b97a-28de7241d76d{ip: 192.168.164.214, host: pr-hdds-1569-vp9xg-4248047660, networkLocation: /default-rack, certSerialId: null}5b2bdeb4-7ea1-4df6-a88d-afaaea11e92e{ip: 192.168.164.214, host: pr-hdds-1569-vp9xg-4248047660, networkLocation: /default-rack, certSerialId: null}5cb57bc8-4f11-4646-be43-d873705a5003{ip: 192.168.164.214, host: pr-hdds-1569-vp9xg-4248047660, networkLocation: /default-rack, certSerialId: null}, Type:RATIS, Factor:THREE, State:CLOSED]
2019-10-14 09:45:32,297 [ForkJoinPool.commonPool-worker-1] INFO  ozoneimpl.OzoneContainer (OzoneContainer.java:stop(231)) - Attempting to stop container services.
2019-10-14 09:45:32,301 [ForkJoinPool.commonPool-worker-1] INFO  impl.RaftServerProxy (RaftServerProxy.java:lambda$close$4(314)) - 2be2fac0-04ab-46f3-bf55-9c63f02fedac: close
2019-10-14 09:45:32,301 [ForkJoinPool.commonPool-worker-1] INFO  impl.RaftServerImpl (RaftServerImpl.java:lambda$shutdown$3(251)) - 2be2fac0-04ab-46f3-bf55-9c63f02fedac@group-1FAAE3BCC180: shutdown
2019-10-14 09:45:32,301 [ForkJoinPool.commonPool-worker-1] INFO  util.JmxRegister (JmxRegister.java:unregister(73)) - Successfully un-registered JMX Bean with object name Ratis:service=RaftServer,group=group-1FAAE3BCC180,id=2be2fac0-04ab-46f3-bf55-9c63f02fedac
2019-10-14 09:45:32,302 [ForkJoinPool.commonPool-worker-1] INFO  impl.RoleInfo (RoleInfo.java:shutdownFollowerState(121)) - 2be2fac0-04ab-46f3-bf55-9c63f02fedac: shutdown FollowerState
2019-10-14 09:45:32,302 [ForkJoinPool.commonPool-worker-1] INFO  impl.StateMachineUpdater (StateMachineUpdater.java:stopAndJoin(125)) - 2be2fac0-04ab-46f3-bf55-9c63f02fedac@group-1FAAE3BCC180-StateMachineUpdater: set stopIndex = 0
2019-10-14 09:45:32,302 [Thread-4196] INFO  impl.FollowerState (FollowerState.java:run(115)) - 2be2fac0-04ab-46f3-bf55-9c63f02fedac: FollowerState was interrupted: java.lang.InterruptedException: sleep interrupted
2019-10-14 09:45:32,302 [ForkJoinPool.commonPool-worker-1] INFO  impl.RaftServerImpl (ServerState.java:close(385)) - 2be2fac0-04ab-46f3-bf55-9c63f02fedac@group-1FAAE3BCC180: closes. applyIndex: 0
2019-10-14 09:45:32,315 [main] INFO  ozoneimpl.OzoneContainer (OzoneContainer.java:stop(231)) - Attempting to stop container services.
2019-10-14 09:45:32,316 [2be2fac0-04ab-46f3-bf55-9c63f02fedac@group-1FAAE3BCC180-SegmentedRaftLogWorker] INFO  segmented.SegmentedRaftLogWorker (SegmentedRaftLogWorker.java:run(313)) - 2be2fac0-04ab-46f3-bf55-9c63f02fedac@group-1FAAE3BCC180-SegmentedRaftLogWorker was interrupted, exiting. There are 0 tasks remaining in the queue.
2019-10-14 09:45:32,316 [main] INFO  impl.RaftServerProxy (RaftServerProxy.java:lambda$close$4(314)) - 5b2bdeb4-7ea1-4df6-a88d-afaaea11e92e: close
2019-10-14 09:45:32,318 [ForkJoinPool.commonPool-worker-1] INFO  segmented.SegmentedRaftLogWorker (SegmentedRaftLogWorker.java:close(228)) - 2be2fac0-04ab-46f3-bf55-9c63f02fedac@group-1FAAE3BCC180-SegmentedRaftLogWorker close()
2019-10-14 09:45:32,318 [main] INFO  impl.RaftServerImpl (RaftServerImpl.java:lambda$shutdown$3(251)) - 5b2bdeb4-7ea1-4df6-a88d-afaaea11e92e@group-7C8B209EF9AB: shutdown
2019-10-14 09:45:32,321 [ForkJoinPool.commonPool-worker-1] INFO  impl.RaftServerImpl (RaftServerImpl.java:lambda$shutdown$3(251)) - 2be2fac0-04ab-46f3-bf55-9c63f02fedac@group-AC596D94C915: shutdown
2019-10-14 09:45:32,321 [main] INFO  util.JmxRegister (JmxRegister.java:unregister(73)) - Successfully un-registered JMX Bean with object name Ratis:service=RaftServer,group=group-7C8B209EF9AB,id=5b2bdeb4-7ea1-4df6-a88d-afaaea11e92e
2019-10-14 09:45:32,321 [ForkJoinPool.commonPool-worker-1] INFO  util.JmxRegister (JmxRegister.java:unregister(73)) - Successfully un-registered JMX Bean with object name Ratis:service=RaftServer,group=group-AC596D94C915,id=2be2fac0-04ab-46f3-bf55-9c63f02fedac
2019-10-14 09:45:32,321 [main] INFO  impl.RoleInfo (RoleInfo.java:shutdownLeaderState(104)) - 5b2bdeb4-7ea1-4df6-a88d-afaaea11e92e: shutdown LeaderState
2019-10-14 09:45:32,322 [ForkJoinPool.commonPool-worker-1] INFO  impl.RoleInfo (RoleInfo.java:shutdownFollowerState(121)) - 2be2fac0-04ab-46f3-bf55-9c63f02fedac: shutdown FollowerState
2019-10-14 09:45:32,322 [main] INFO  impl.PendingRequests (PendingRequests.java:sendNotLeaderResponses(202)) - 5b2bdeb4-7ea1-4df6-a88d-afaaea11e92e-PendingRequests: sendNotLeaderResponses
2019-10-14 09:45:32,322 [Thread-4226] INFO  impl.FollowerState (FollowerState.java:run(115)) - 2be2fac0-04ab-46f3-bf55-9c63f02fedac: FollowerState was interrupted: java.lang.InterruptedException: sleep interrupted
2019-10-14 09:45:32,322 [ForkJoinPool.commonPool-worker-1] INFO  impl.StateMachineUpdater (StateMachineUpdater.java:stopAndJoin(125)) - 2be2fac0-04ab-46f3-bf55-9c63f02fedac@group-AC596D94C915-StateMachineUpdater: set stopIndex = 0
2019-10-14 09:45:32,323 [main] INFO  impl.StateMachineUpdater (StateMachineUpdater.java:stopAndJoin(125)) - 5b2bdeb4-7ea1-4df6-a88d-afaaea11e92e@group-7C8B209EF9AB-StateMachineUpdater: set stopIndex = 0
2019-10-14 09:45:32,323 [ForkJoinPool.commonPool-worker-1] INFO  impl.RaftServerImpl (ServerState.java:close(385)) - 2be2fac0-04ab-46f3-bf55-9c63f02fedac@group-AC596D94C915: closes. applyIndex: 0
2019-10-14 09:45:32,323 [main] INFO  impl.RaftServerImpl (ServerState.java:close(385)) - 5b2bdeb4-7ea1-4df6-a88d-afaaea11e92e@group-7C8B209EF9AB: closes. applyIndex: 0
2019-10-14 09:45:32,323 [2be2fac0-04ab-46f3-bf55-9c63f02fedac@group-AC596D94C915-SegmentedRaftLogWorker] INFO  segmented.SegmentedRaftLogWorker (SegmentedRaftLogWorker.java:run(313)) - 2be2fac0-04ab-46f3-bf55-9c63f02fedac@group-AC596D94C915-SegmentedRaftLogWorker was interrupted, exiting. There are 0 tasks remaining in the queue.
2019-10-14 09:45:32,324 [5b2bdeb4-7ea1-4df6-a88d-afaaea11e92e@group-7C8B209EF9AB-SegmentedRaftLogWorker] INFO  segmented.SegmentedRaftLogWorker (SegmentedRaftLogWorker.java:run(313)) - 5b2bdeb4-7ea1-4df6-a88d-afaaea11e92e@group-7C8B209EF9AB-SegmentedRaftLogWorker was interrupted, exiting. There are 0 tasks remaining in the queue.
2019-10-14 09:45:32,326 [ForkJoinPool.commonPool-worker-1] INFO  segmented.SegmentedRaftLogWorker (SegmentedRaftLogWorker.java:close(228)) - 2be2fac0-04ab-46f3-bf55-9c63f02fedac@group-AC596D94C915-SegmentedRaftLogWorker close()
2019-10-14 09:45:32,327 [main] INFO  segmented.SegmentedRaftLogWorker (SegmentedRaftLogWorker.java:close(228)) - 5b2bdeb4-7ea1-4df6-a88d-afaaea11e92e@group-7C8B209EF9AB-SegmentedRaftLogWorker close()
2019-10-14 09:45:32,329 [ForkJoinPool.commonPool-worker-1] INFO  impl.RaftServerImpl (RaftServerImpl.java:lambda$shutdown$3(251)) - 2be2fac0-04ab-46f3-bf55-9c63f02fedac@group-8941BF63D0F5: shutdown
2019-10-14 09:45:32,331 [main] INFO  impl.RaftServerImpl (RaftServerImpl.java:lambda$shutdown$3(251)) - 5b2bdeb4-7ea1-4df6-a88d-afaaea11e92e@group-A3C2AC2AC23E: shutdown
2019-10-14 09:45:32,331 [ForkJoinPool.commonPool-worker-1] INFO  util.JmxRegister (JmxRegister.java:unregister(73)) - Successfully un-registered JMX Bean with object name Ratis:service=RaftServer,group=group-8941BF63D0F5,id=2be2fac0-04ab-46f3-bf55-9c63f02fedac
2019-10-14 09:45:32,331 [main] INFO  util.JmxRegister (JmxRegister.java:unregister(73)) - Successfully un-registered JMX Bean with object name Ratis:service=RaftServer,group=group-A3C2AC2AC23E,id=5b2bdeb4-7ea1-4df6-a88d-afaaea11e92e
2019-10-14 09:45:32,331 [ForkJoinPool.commonPool-worker-1] INFO  impl.RoleInfo (RoleInfo.java:shutdownLeaderState(104)) - 2be2fac0-04ab-46f3-bf55-9c63f02fedac: shutdown LeaderState
2019-10-14 09:45:32,332 [main] INFO  impl.RoleInfo (RoleInfo.java:shutdownFollowerState(121)) - 5b2bdeb4-7ea1-4df6-a88d-afaaea11e92e: shutdown FollowerState
2019-10-14 09:45:32,332 [ForkJoinPool.commonPool-worker-1] INFO  impl.PendingRequests (PendingRequests.java:sendNotLeaderResponses(202)) - 2be2fac0-04ab-46f3-bf55-9c63f02fedac-PendingRequests: sendNotLeaderResponses
2019-10-14 09:45:32,332 [Thread-4527] INFO  impl.FollowerState (FollowerState.java:run(115)) - 5b2bdeb4-7ea1-4df6-a88d-afaaea11e92e: FollowerState was interrupted: java.lang.InterruptedException: sleep interrupted
2019-10-14 09:45:32,332 [main] INFO  impl.StateMachineUpdater (StateMachineUpdater.java:stopAndJoin(125)) - 5b2bdeb4-7ea1-4df6-a88d-afaaea11e92e@group-A3C2AC2AC23E-StateMachineUpdater: set stopIndex = -1
2019-10-14 09:45:32,332 [ForkJoinPool.commonPool-worker-1] INFO  impl.StateMachineUpdater (StateMachineUpdater.java:stopAndJoin(125)) - 2be2fac0-04ab-46f3-bf55-9c63f02fedac@group-8941BF63D0F5-StateMachineUpdater: set stopIndex = 0
2019-10-14 09:45:32,333 [main] INFO  impl.RaftServerImpl (ServerState.java:close(385)) - 5b2bdeb4-7ea1-4df6-a88d-afaaea11e92e@group-A3C2AC2AC23E: closes. applyIndex: -1
2019-10-14 09:45:32,333 [ForkJoinPool.commonPool-worker-1] INFO  impl.RaftServerImpl (ServerState.java:close(385)) - 2be2fac0-04ab-46f3-bf55-9c63f02fedac@group-8941BF63D0F5: closes. applyIndex: 0
2019-10-14 09:45:32,333 [5b2bdeb4-7ea1-4df6-a88d-afaaea11e92e@group-A3C2AC2AC23E-SegmentedRaftLogWorker] INFO  segmented.SegmentedRaftLogWorker (SegmentedRaftLogWorker.java:run(313)) - 5b2bdeb4-7ea1-4df6-a88d-afaaea11e92e@group-A3C2AC2AC23E-SegmentedRaftLogWorker was interrupted, exiting. There are 0 tasks remaining in the queue.
2019-10-14 09:45:32,334 [2be2fac0-04ab-46f3-bf55-9c63f02fedac@group-8941BF63D0F5-SegmentedRaftLogWorker] INFO  segmented.SegmentedRaftLogWorker (SegmentedRaftLogWorker.java:run(313)) - 2be2fac0-04ab-46f3-bf55-9c63f02fedac@group-8941BF63D0F5-SegmentedRaftLogWorker was interrupted, exiting. There are 0 tasks remaining in the queue.
2019-10-14 09:45:32,334 [main] INFO  segmented.SegmentedRaftLogWorker (SegmentedRaftLogWorker.java:close(228)) - 5b2bdeb4-7ea1-4df6-a88d-afaaea11e92e@group-A3C2AC2AC23E-SegmentedRaftLogWorker close()
2019-10-14 09:45:32,336 [main] INFO  impl.RaftServerImpl (RaftServerImpl.java:lambda$shutdown$3(251)) - 5b2bdeb4-7ea1-4df6-a88d-afaaea11e92e@group-AC596D94C915: shutdown
2019-10-14 09:45:32,336 [ForkJoinPool.commonPool-worker-1] INFO  segmented.SegmentedRaftLogWorker (SegmentedRaftLogWorker.java:close(228)) - 2be2fac0-04ab-46f3-bf55-9c63f02fedac@group-8941BF63D0F5-SegmentedRaftLogWorker close()
2019-10-14 09:45:32,336 [main] INFO  util.JmxRegister (JmxRegister.java:unregister(73)) - Successfully un-registered JMX Bean with object name Ratis:service=RaftServer,group=group-AC596D94C915,id=5b2bdeb4-7ea1-4df6-a88d-afaaea11e92e
2019-10-14 09:45:32,338 [ForkJoinPool.commonPool-worker-1] INFO  server.GrpcService (GrpcService.java:closeImpl(164)) - 2be2fac0-04ab-46f3-bf55-9c63f02fedac: shutdown server with port 39062 now
2019-10-14 09:45:32,338 [main] INFO  impl.RoleInfo (RoleInfo.java:shutdownFollowerState(121)) - 5b2bdeb4-7ea1-4df6-a88d-afaaea11e92e: shutdown FollowerState
2019-10-14 09:45:32,339 [main] INFO  impl.StateMachineUpdater (StateMachineUpdater.java:stopAndJoin(125)) - 5b2bdeb4-7ea1-4df6-a88d-afaaea11e92e@group-AC596D94C915-StateMachineUpdater: set stopIndex = 0
2019-10-14 09:45:32,339 [grpc-default-executor-17] WARN  server.GrpcServerProtocolService (LogUtils.java:warn(134)) - 2be2fac0-04ab-46f3-bf55-9c63f02fedac: installSnapshot onError, lastRequest: d13983dc-b0b6-41ad-b475-2b910e2f36de->2be2fac0-04ab-46f3-bf55-9c63f02fedac#9-t1, previous=(t:1, i:0), leaderCommit=0, initializing? false, entries: <empty>: org.apache.ratis.thirdparty.io.grpc.StatusRuntimeException: CANCELLED: cancelled before receiving half close
2019-10-14 09:45:32,339 [main] INFO  impl.RaftServerImpl (ServerState.java:close(385)) - 5b2bdeb4-7ea1-4df6-a88d-afaaea11e92e@group-AC596D94C915: closes. applyIndex: 0
2019-10-14 09:45:32,339 [grpc-default-executor-15] WARN  server.GrpcServerProtocolService (LogUtils.java:warn(134)) - 2be2fac0-04ab-46f3-bf55-9c63f02fedac: installSnapshot onError, lastRequest: 47d48411-1f17-4b0d-846b-025c3a4b0b86->2be2fac0-04ab-46f3-bf55-9c63f02fedac#9-t1, previous=(t:1, i:0), leaderCommit=0, initializing? false, entries: <empty>: org.apache.ratis.thirdparty.io.grpc.StatusRuntimeException: CANCELLED: cancelled before receiving half close
2019-10-14 09:45:32,339 [ForkJoinPool.commonPool-worker-1] INFO  server.GrpcService (GrpcService.java:closeImpl(172)) - 2be2fac0-04ab-46f3-bf55-9c63f02fedac: shutdown server with port 39062 successfully
2019-10-14 09:45:32,339 [Thread-4223] INFO  impl.FollowerState (FollowerState.java:run(115)) - 5b2bdeb4-7ea1-4df6-a88d-afaaea11e92e: FollowerState was interrupted: java.lang.InterruptedException: sleep interrupted
2019-10-14 09:45:32,340 [5b2bdeb4-7ea1-4df6-a88d-afaaea11e92e@group-AC596D94C915-SegmentedRaftLogWorker] INFO  segmented.SegmentedRaftLogWorker (SegmentedRaftLogWorker.java:run(313)) - 5b2bdeb4-7ea1-4df6-a88d-afaaea11e92e@group-AC596D94C915-SegmentedRaftLogWorker was interrupted, exiting. There are 0 tasks remaining in the queue.
2019-10-14 09:45:32,340 [grpc-default-executor-16] WARN  server.GrpcLogAppender (LogUtils.java:warn(134)) - d13983dc-b0b6-41ad-b475-2b910e2f36de@group-AC596D94C915->2be2fac0-04ab-46f3-bf55-9c63f02fedac-AppendLogResponseHandler: Failed appendEntries: org.apache.ratis.thirdparty.io.grpc.StatusRuntimeException: CANCELLED: HTTP/2 error code: CANCEL
Received Rst Stream
2019-10-14 09:45:32,339 [grpc-default-executor-11] WARN  server.GrpcLogAppender (LogUtils.java:warn(134)) - 47d48411-1f17-4b0d-846b-025c3a4b0b86@group-1FAAE3BCC180->2be2fac0-04ab-46f3-bf55-9c63f02fedac-AppendLogResponseHandler: Failed appendEntries: org.apache.ratis.thirdparty.io.grpc.StatusRuntimeException: CANCELLED: HTTP/2 error code: CANCEL
Received Rst Stream
2019-10-14 09:45:32,341 [grpc-default-executor-16] INFO  impl.FollowerInfo (FollowerInfo.java:lambda$new$0(51)) - d13983dc-b0b6-41ad-b475-2b910e2f36de@group-AC596D94C915->2be2fac0-04ab-46f3-bf55-9c63f02fedac: nextIndex: updateUnconditionally 1 -> 0
2019-10-14 09:45:32,343 [grpc-default-executor-11] INFO  impl.FollowerInfo (FollowerInfo.java:lambda$new$0(51)) - 47d48411-1f17-4b0d-846b-025c3a4b0b86@group-1FAAE3BCC180->2be2fac0-04ab-46f3-bf55-9c63f02fedac: nextIndex: updateUnconditionally 1 -> 0
2019-10-14 09:45:32,343 [main] INFO  segmented.SegmentedRaftLogWorker (SegmentedRaftLogWorker.java:close(228)) - 5b2bdeb4-7ea1-4df6-a88d-afaaea11e92e@group-AC596D94C915-SegmentedRaftLogWorker close()
2019-10-14 09:45:32,344 [refreshUsed-/workdir/hadoop-ozone/integration-test/target/test-dir/MiniOzoneClusterImpl-65bd215d-14c9-4112-ac30-b7a247fd80ea/datanode-1/data/containers] WARN  fs.CachingGetSpaceUsed (CachingGetSpaceUsed.java:run(183)) - Thread Interrupted waiting to refresh disk information: sleep interrupted
2019-10-14 09:45:32,346 [main] INFO  impl.RaftServerImpl (RaftServerImpl.java:lambda$shutdown$3(251)) - 5b2bdeb4-7ea1-4df6-a88d-afaaea11e92e@group-9C1991127D58: shutdown
2019-10-14 09:45:32,346 [main] INFO  util.JmxRegister (JmxRegister.java:unregister(73)) - Successfully un-registered JMX Bean with object name Ratis:service=RaftServer,group=group-9C1991127D58,id=5b2bdeb4-7ea1-4df6-a88d-afaaea11e92e
2019-10-14 09:45:32,347 [main] INFO  impl.RoleInfo (RoleInfo.java:shutdownFollowerState(121)) - 5b2bdeb4-7ea1-4df6-a88d-afaaea11e92e: shutdown FollowerState
2019-10-14 09:45:32,347 [main] INFO  impl.StateMachineUpdater (StateMachineUpdater.java:stopAndJoin(125)) - 5b2bdeb4-7ea1-4df6-a88d-afaaea11e92e@group-9C1991127D58-StateMachineUpdater: set stopIndex = 18
2019-10-14 09:45:32,347 [Thread-4441] INFO  impl.FollowerState (FollowerState.java:run(115)) - 5b2bdeb4-7ea1-4df6-a88d-afaaea11e92e: FollowerState was interrupted: java.lang.InterruptedException: sleep interrupted
2019-10-14 09:45:32,347 [5b2bdeb4-7ea1-4df6-a88d-afaaea11e92e@group-9C1991127D58-StateMachineUpdater] INFO  ratis.ContainerStateMachine (ContainerStateMachine.java:takeSnapshot(289)) - group-9C1991127D58: Taking a snapshot at:(t:1, i:14) file /workdir/hadoop-ozone/integration-test/target/test-dir/MiniOzoneClusterImpl-65bd215d-14c9-4112-ac30-b7a247fd80ea/datanode-4/data/ratis/18bdd093-60c4-4616-9146-9c1991127d58/sm/snapshot.1_14
2019-10-14 09:45:32,368 [ForkJoinPool.commonPool-worker-1] INFO  utils.BackgroundService (BackgroundService.java:shutdown(148)) - Shutting down service BlockDeletingService
2019-10-14 09:45:32,374 [ForkJoinPool.commonPool-worker-1] INFO  statemachine.DatanodeStateMachine (DatanodeStateMachine.java:stopDaemon(395)) - Ozone container server stopped.
2019-10-14 09:45:32,378 [ForkJoinPool.commonPool-worker-1] INFO  handler.ContextHandler (ContextHandler.java:doStop(910)) - Stopped o.e.j.w.WebAppContext@5e3db14{/,null,UNAVAILABLE}{/hddsDatanode}
2019-10-14 09:45:32,379 [ForkJoinPool.commonPool-worker-1] INFO  server.AbstractConnector (AbstractConnector.java:doStop(318)) - Stopped ServerConnector@5fb54740{HTTP/1.1,[http/1.1]}{0.0.0.0:0}
2019-10-14 09:45:32,380 [ForkJoinPool.commonPool-worker-1] INFO  handler.ContextHandler (ContextHandler.java:doStop(910)) - Stopped o.e.j.s.ServletContextHandler@129c4d19{/static,jar:file:/home/user/.m2/repository/org/apache/hadoop/hadoop-hdds-container-service/0.5.0-SNAPSHOT/hadoop-hdds-container-service-0.5.0-SNAPSHOT.jar!/webapps/static,UNAVAILABLE}
2019-10-14 09:45:32,382 [ForkJoinPool.commonPool-worker-1] INFO  handler.ContextHandler (ContextHandler.java:doStop(910)) - Stopped o.e.j.s.ServletContextHandler@57cabdc3{/logs,file:///workdir/hadoop-ozone/integration-test/target/log,UNAVAILABLE}
2019-10-14 09:45:32,391 [5b2bdeb4-7ea1-4df6-a88d-afaaea11e92e@group-9C1991127D58-StateMachineUpdater] INFO  ratis.ContainerStateMachine (ContainerStateMachine.java:takeSnapshot(300)) - group-9C1991127D58: Finished taking a snapshot at:(t:1, i:14) file:/workdir/hadoop-ozone/integration-test/target/test-dir/MiniOzoneClusterImpl-65bd215d-14c9-4112-ac30-b7a247fd80ea/datanode-4/data/ratis/18bdd093-60c4-4616-9146-9c1991127d58/sm/snapshot.1_14 time:45
2019-10-14 09:45:32,392 [5b2bdeb4-7ea1-4df6-a88d-afaaea11e92e@group-9C1991127D58-StateMachineUpdater] INFO  impl.StateMachineUpdater (StateMachineUpdater.java:takeSnapshot(258)) - 5b2bdeb4-7ea1-4df6-a88d-afaaea11e92e@group-9C1991127D58-StateMachineUpdater: Took a snapshot at index 14
2019-10-14 09:45:32,392 [5b2bdeb4-7ea1-4df6-a88d-afaaea11e92e@group-9C1991127D58-StateMachineUpdater] INFO  impl.StateMachineUpdater (StateMachineUpdater.java:lambda$new$0(83)) - 5b2bdeb4-7ea1-4df6-a88d-afaaea11e92e@group-9C1991127D58-StateMachineUpdater: snapshotIndex: updateIncreasingly -1 -> 14
2019-10-14 09:45:32,392 [5b2bdeb4-7ea1-4df6-a88d-afaaea11e92e@group-9C1991127D58-StateMachineUpdater] INFO  ratis.ContainerStateMachine (ContainerStateMachine.java:takeSnapshot(289)) - group-9C1991127D58: Taking a snapshot at:(t:1, i:14) file /workdir/hadoop-ozone/integration-test/target/test-dir/MiniOzoneClusterImpl-65bd215d-14c9-4112-ac30-b7a247fd80ea/datanode-4/data/ratis/18bdd093-60c4-4616-9146-9c1991127d58/sm/snapshot.1_14
2019-10-14 09:45:32,414 [5b2bdeb4-7ea1-4df6-a88d-afaaea11e92e@group-9C1991127D58-StateMachineUpdater] INFO  ratis.ContainerStateMachine (ContainerStateMachine.java:takeSnapshot(300)) - group-9C1991127D58: Finished taking a snapshot at:(t:1, i:14) file:/workdir/hadoop-ozone/integration-test/target/test-dir/MiniOzoneClusterImpl-65bd215d-14c9-4112-ac30-b7a247fd80ea/datanode-4/data/ratis/18bdd093-60c4-4616-9146-9c1991127d58/sm/snapshot.1_14 time:22
2019-10-14 09:45:32,414 [5b2bdeb4-7ea1-4df6-a88d-afaaea11e92e@group-9C1991127D58-StateMachineUpdater] INFO  impl.StateMachineUpdater (StateMachineUpdater.java:takeSnapshot(258)) - 5b2bdeb4-7ea1-4df6-a88d-afaaea11e92e@group-9C1991127D58-StateMachineUpdater: Took a snapshot at index 14
2019-10-14 09:45:32,414 [5b2bdeb4-7ea1-4df6-a88d-afaaea11e92e@group-9C1991127D58-StateMachineUpdater] INFO  impl.StateMachineUpdater (StateMachineUpdater.java:lambda$new$0(83)) - 5b2bdeb4-7ea1-4df6-a88d-afaaea11e92e@group-9C1991127D58-StateMachineUpdater: snapshotIndex: updateIncreasingly 14 -> 14
2019-10-14 09:45:32,414 [main] INFO  impl.RaftServerImpl (ServerState.java:close(385)) - 5b2bdeb4-7ea1-4df6-a88d-afaaea11e92e@group-9C1991127D58: closes. applyIndex: 18
2019-10-14 09:45:32,415 [5b2bdeb4-7ea1-4df6-a88d-afaaea11e92e@group-9C1991127D58-SegmentedRaftLogWorker] INFO  segmented.SegmentedRaftLogWorker (SegmentedRaftLogWorker.java:run(313)) - 5b2bdeb4-7ea1-4df6-a88d-afaaea11e92e@group-9C1991127D58-SegmentedRaftLogWorker was interrupted, exiting. There are 0 tasks remaining in the queue.
2019-10-14 09:45:32,417 [main] INFO  segmented.SegmentedRaftLogWorker (SegmentedRaftLogWorker.java:close(228)) - 5b2bdeb4-7ea1-4df6-a88d-afaaea11e92e@group-9C1991127D58-SegmentedRaftLogWorker close()
2019-10-14 09:45:32,419 [main] INFO  server.GrpcService (GrpcService.java:closeImpl(164)) - 5b2bdeb4-7ea1-4df6-a88d-afaaea11e92e: shutdown server with port 43516 now
2019-10-14 09:45:32,420 [grpc-default-executor-17] WARN  server.GrpcServerProtocolService (LogUtils.java:warn(134)) - 5b2bdeb4-7ea1-4df6-a88d-afaaea11e92e: installSnapshot onError, lastRequest: d13983dc-b0b6-41ad-b475-2b910e2f36de->5b2bdeb4-7ea1-4df6-a88d-afaaea11e92e#9-t1, previous=(t:1, i:0), leaderCommit=0, initializing? false, entries: <empty>: org.apache.ratis.thirdparty.io.grpc.StatusRuntimeException: CANCELLED: cancelled before receiving half close
2019-10-14 09:45:32,420 [main] INFO  server.GrpcService (GrpcService.java:closeImpl(172)) - 5b2bdeb4-7ea1-4df6-a88d-afaaea11e92e: shutdown server with port 43516 successfully
2019-10-14 09:45:32,420 [grpc-default-executor-14] WARN  server.GrpcLogAppender (LogUtils.java:warn(134)) - 5cb57bc8-4f11-4646-be43-d873705a5003@group-9C1991127D58->5b2bdeb4-7ea1-4df6-a88d-afaaea11e92e-AppendLogResponseHandler: Failed appendEntries: org.apache.ratis.thirdparty.io.grpc.StatusRuntimeException: CANCELLED: HTTP/2 error code: CANCEL
Received Rst Stream
2019-10-14 09:45:32,420 [grpc-default-executor-11] WARN  server.GrpcLogAppender (LogUtils.java:warn(134)) - d13983dc-b0b6-41ad-b475-2b910e2f36de@group-AC596D94C915->5b2bdeb4-7ea1-4df6-a88d-afaaea11e92e-AppendLogResponseHandler: Failed appendEntries: org.apache.ratis.thirdparty.io.grpc.StatusRuntimeException: CANCELLED: HTTP/2 error code: CANCEL
Received Rst Stream
2019-10-14 09:45:32,420 [grpc-default-executor-15] WARN  server.GrpcServerProtocolService (LogUtils.java:warn(134)) - 5b2bdeb4-7ea1-4df6-a88d-afaaea11e92e: installSnapshot onError, lastRequest: 5cb57bc8-4f11-4646-be43-d873705a5003->5b2bdeb4-7ea1-4df6-a88d-afaaea11e92e#4-t2, previous=(t:2, i:18), leaderCommit=18, initializing? false, entries: <empty>: org.apache.ratis.thirdparty.io.grpc.StatusRuntimeException: CANCELLED: cancelled before receiving half close
2019-10-14 09:45:32,421 [grpc-default-executor-11] INFO  impl.FollowerInfo (FollowerInfo.java:lambda$new$0(51)) - d13983dc-b0b6-41ad-b475-2b910e2f36de@group-AC596D94C915->5b2bdeb4-7ea1-4df6-a88d-afaaea11e92e: nextIndex: updateUnconditionally 1 -> 0
2019-10-14 09:45:32,421 [grpc-default-executor-14] INFO  impl.FollowerInfo (FollowerInfo.java:lambda$new$0(51)) - 5cb57bc8-4f11-4646-be43-d873705a5003@group-9C1991127D58->5b2bdeb4-7ea1-4df6-a88d-afaaea11e92e: nextIndex: updateUnconditionally 19 -> 18
2019-10-14 09:45:32,423 [refreshUsed-/workdir/hadoop-ozone/integration-test/target/test-dir/MiniOzoneClusterImpl-65bd215d-14c9-4112-ac30-b7a247fd80ea/datanode-4/data/containers] WARN  fs.CachingGetSpaceUsed (CachingGetSpaceUsed.java:run(183)) - Thread Interrupted waiting to refresh disk information: sleep interrupted
2019-10-14 09:45:32,438 [main] INFO  utils.BackgroundService (BackgroundService.java:shutdown(148)) - Shutting down service BlockDeletingService
2019-10-14 09:45:32,443 [main] INFO  statemachine.DatanodeStateMachine (DatanodeStateMachine.java:stopDaemon(395)) - Ozone container server stopped.
2019-10-14 09:45:32,444 [main] INFO  handler.ContextHandler (ContextHandler.java:doStop(910)) - Stopped o.e.j.w.WebAppContext@154b8cb6{/,null,UNAVAILABLE}{/hddsDatanode}
2019-10-14 09:45:32,445 [main] INFO  server.AbstractConnector (AbstractConnector.java:doStop(318)) - Stopped ServerConnector@7b297740{HTTP/1.1,[http/1.1]}{0.0.0.0:0}
2019-10-14 09:45:32,445 [main] INFO  handler.ContextHandler (ContextHandler.java:doStop(910)) - Stopped o.e.j.s.ServletContextHandler@16e1219f{/static,jar:file:/home/user/.m2/repository/org/apache/hadoop/hadoop-hdds-container-service/0.5.0-SNAPSHOT/hadoop-hdds-container-service-0.5.0-SNAPSHOT.jar!/webapps/static,UNAVAILABLE}
2019-10-14 09:45:32,446 [main] INFO  handler.ContextHandler (ContextHandler.java:doStop(910)) - Stopped o.e.j.s.ServletContextHandler@2f09e6b2{/logs,file:///workdir/hadoop-ozone/integration-test/target/log,UNAVAILABLE}
2019-10-14 09:45:32,458 [Thread-4515] INFO  impl.FollowerState (FollowerState.java:run(106)) - d13983dc-b0b6-41ad-b475-2b910e2f36de:group-2D6C0FC78493 changes to CANDIDATE, lastRpcTime:5103, electionTimeout:5103ms
2019-10-14 09:45:32,458 [Thread-4515] INFO  impl.RoleInfo (RoleInfo.java:shutdownFollowerState(121)) - d13983dc-b0b6-41ad-b475-2b910e2f36de: shutdown FollowerState
2019-10-14 09:45:32,458 [Thread-4515] INFO  impl.RaftServerImpl (RaftServerImpl.java:setRole(174)) - d13983dc-b0b6-41ad-b475-2b910e2f36de@group-2D6C0FC78493: changes role from  FOLLOWER to CANDIDATE at term 5 for changeToCandidate
2019-10-14 09:45:32,458 [Thread-4515] INFO  impl.RoleInfo (RoleInfo.java:updateAndGet(143)) - d13983dc-b0b6-41ad-b475-2b910e2f36de: start LeaderElection
2019-10-14 09:45:32,498 [d13983dc-b0b6-41ad-b475-2b910e2f36de@group-2D6C0FC78493:LeaderElection135] INFO  impl.LeaderElection (LeaderElection.java:askForVotes(182)) - d13983dc-b0b6-41ad-b475-2b910e2f36de@group-2D6C0FC78493:LeaderElection135: begin an election at term 6 for -1: [5cb57bc8-4f11-4646-be43-d873705a5003:192.168.164.214:33921, d13983dc-b0b6-41ad-b475-2b910e2f36de:192.168.164.214:42581, ffc72186-1b59-4838-b97a-28de7241d76d:192.168.164.214:33403], old=null
2019-10-14 09:45:32,499 [d13983dc-b0b6-41ad-b475-2b910e2f36de@group-2D6C0FC78493:LeaderElection135] INFO  impl.LeaderElection (LogUtils.java:infoOrTrace(149)) - d13983dc-b0b6-41ad-b475-2b910e2f36de@group-2D6C0FC78493:LeaderElection135 got exception when requesting votes: {}
java.util.concurrent.ExecutionException: org.apache.ratis.thirdparty.io.grpc.StatusRuntimeException: UNAVAILABLE: io exception
	at java.util.concurrent.FutureTask.report(FutureTask.java:122)
	at java.util.concurrent.FutureTask.get(FutureTask.java:192)
	at org.apache.ratis.server.impl.LeaderElection.waitForResults(LeaderElection.java:263)
	at org.apache.ratis.server.impl.LeaderElection.askForVotes(LeaderElection.java:201)
	at org.apache.ratis.server.impl.LeaderElection.run(LeaderElection.java:133)
	at java.lang.Thread.run(Thread.java:748)
Caused by: org.apache.ratis.thirdparty.io.grpc.StatusRuntimeException: UNAVAILABLE: io exception
	at org.apache.ratis.thirdparty.io.grpc.stub.ClientCalls.toStatusRuntimeException(ClientCalls.java:233)
	at org.apache.ratis.thirdparty.io.grpc.stub.ClientCalls.getUnchecked(ClientCalls.java:214)
	at org.apache.ratis.thirdparty.io.grpc.stub.ClientCalls.blockingUnaryCall(ClientCalls.java:139)
	at org.apache.ratis.proto.grpc.RaftServerProtocolServiceGrpc$RaftServerProtocolServiceBlockingStub.requestVote(RaftServerProtocolServiceGrpc.java:265)
	at org.apache.ratis.grpc.server.GrpcServerProtocolClient.requestVote(GrpcServerProtocolClient.java:90)
	at org.apache.ratis.grpc.server.GrpcService.requestVote(GrpcService.java:204)
	at org.apache.ratis.server.impl.LeaderElection.lambda$submitRequests$1(LeaderElection.java:238)
	at java.util.concurrent.FutureTask.run(FutureTask.java:266)
	at java.util.concurrent.Executors$RunnableAdapter.call(Executors.java:511)
	at java.util.concurrent.FutureTask.run(FutureTask.java:266)
	at java.util.concurrent.ThreadPoolExecutor.runWorker(ThreadPoolExecutor.java:1149)
	at java.util.concurrent.ThreadPoolExecutor$Worker.run(ThreadPoolExecutor.java:624)
	... 1 more
Caused by: org.apache.ratis.thirdparty.io.netty.channel.AbstractChannel$AnnotatedConnectException: Connection refused: /192.168.164.214:33403
	at sun.nio.ch.SocketChannelImpl.checkConnect(Native Method)
	at sun.nio.ch.SocketChannelImpl.finishConnect(SocketChannelImpl.java:717)
	at org.apache.ratis.thirdparty.io.netty.channel.socket.nio.NioSocketChannel.doFinishConnect(NioSocketChannel.java:327)
	at org.apache.ratis.thirdparty.io.netty.channel.nio.AbstractNioChannel$AbstractNioUnsafe.finishConnect(AbstractNioChannel.java:340)
	at org.apache.ratis.thirdparty.io.netty.channel.nio.NioEventLoop.processSelectedKey(NioEventLoop.java:632)
	at org.apache.ratis.thirdparty.io.netty.channel.nio.NioEventLoop.processSelectedKeysOptimized(NioEventLoop.java:579)
	at org.apache.ratis.thirdparty.io.netty.channel.nio.NioEventLoop.processSelectedKeys(NioEventLoop.java:496)
	at org.apache.ratis.thirdparty.io.netty.channel.nio.NioEventLoop.run(NioEventLoop.java:458)
	at org.apache.ratis.thirdparty.io.netty.util.concurrent.SingleThreadEventExecutor$5.run(SingleThreadEventExecutor.java:897)
	at org.apache.ratis.thirdparty.io.netty.util.concurrent.FastThreadLocalRunnable.run(FastThreadLocalRunnable.java:30)
	... 1 more
Caused by: java.net.ConnectException: Connection refused
	... 11 more
2019-10-14 09:45:32,502 [grpc-default-executor-15] INFO  impl.RaftServerImpl (RaftServerImpl.java:setRole(174)) - 5cb57bc8-4f11-4646-be43-d873705a5003@group-2D6C0FC78493: changes role from  FOLLOWER to FOLLOWER at term 6 for recognizeCandidate:d13983dc-b0b6-41ad-b475-2b910e2f36de
2019-10-14 09:45:32,502 [grpc-default-executor-15] INFO  impl.RoleInfo (RoleInfo.java:shutdownFollowerState(121)) - 5cb57bc8-4f11-4646-be43-d873705a5003: shutdown FollowerState
2019-10-14 09:45:32,502 [grpc-default-executor-15] INFO  impl.RoleInfo (RoleInfo.java:updateAndGet(143)) - 5cb57bc8-4f11-4646-be43-d873705a5003: start FollowerState
2019-10-14 09:45:32,502 [Thread-4519] INFO  impl.FollowerState (FollowerState.java:run(115)) - 5cb57bc8-4f11-4646-be43-d873705a5003: FollowerState was interrupted: java.lang.InterruptedException: sleep interrupted
2019-10-14 09:45:32,524 [d13983dc-b0b6-41ad-b475-2b910e2f36de@group-2D6C0FC78493:LeaderElection135] INFO  impl.LeaderElection (LeaderElection.java:logAndReturn(56)) - d13983dc-b0b6-41ad-b475-2b910e2f36de@group-2D6C0FC78493:LeaderElection135: Election PASSED; received 1 response(s) [d13983dc-b0b6-41ad-b475-2b910e2f36de<-5cb57bc8-4f11-4646-be43-d873705a5003#0:OK-t6] and 1 exception(s); d13983dc-b0b6-41ad-b475-2b910e2f36de@group-2D6C0FC78493:t6, leader=null, voted=d13983dc-b0b6-41ad-b475-2b910e2f36de, raftlog=d13983dc-b0b6-41ad-b475-2b910e2f36de@group-2D6C0FC78493-SegmentedRaftLog:OPENED:c-1,f-1,i0, conf=-1: [5cb57bc8-4f11-4646-be43-d873705a5003:192.168.164.214:33921, d13983dc-b0b6-41ad-b475-2b910e2f36de:192.168.164.214:42581, ffc72186-1b59-4838-b97a-28de7241d76d:192.168.164.214:33403], old=null
2019-10-14 09:45:32,524 [d13983dc-b0b6-41ad-b475-2b910e2f36de@group-2D6C0FC78493:LeaderElection135] INFO  impl.LeaderElection (LogUtils.java:infoOrTrace(149)) -   Exception 0: {}
java.util.concurrent.ExecutionException: org.apache.ratis.thirdparty.io.grpc.StatusRuntimeException: UNAVAILABLE: io exception
	at java.util.concurrent.FutureTask.report(FutureTask.java:122)
	at java.util.concurrent.FutureTask.get(FutureTask.java:192)
	at org.apache.ratis.server.impl.LeaderElection.waitForResults(LeaderElection.java:263)
	at org.apache.ratis.server.impl.LeaderElection.askForVotes(LeaderElection.java:201)
	at org.apache.ratis.server.impl.LeaderElection.run(LeaderElection.java:133)
	at java.lang.Thread.run(Thread.java:748)
Caused by: org.apache.ratis.thirdparty.io.grpc.StatusRuntimeException: UNAVAILABLE: io exception
	at org.apache.ratis.thirdparty.io.grpc.stub.ClientCalls.toStatusRuntimeException(ClientCalls.java:233)
	at org.apache.ratis.thirdparty.io.grpc.stub.ClientCalls.getUnchecked(ClientCalls.java:214)
	at org.apache.ratis.thirdparty.io.grpc.stub.ClientCalls.blockingUnaryCall(ClientCalls.java:139)
	at org.apache.ratis.proto.grpc.RaftServerProtocolServiceGrpc$RaftServerProtocolServiceBlockingStub.requestVote(RaftServerProtocolServiceGrpc.java:265)
	at org.apache.ratis.grpc.server.GrpcServerProtocolClient.requestVote(GrpcServerProtocolClient.java:90)
	at org.apache.ratis.grpc.server.GrpcService.requestVote(GrpcService.java:204)
	at org.apache.ratis.server.impl.LeaderElection.lambda$submitRequests$1(LeaderElection.java:238)
	at java.util.concurrent.FutureTask.run(FutureTask.java:266)
	at java.util.concurrent.Executors$RunnableAdapter.call(Executors.java:511)
	at java.util.concurrent.FutureTask.run(FutureTask.java:266)
	at java.util.concurrent.ThreadPoolExecutor.runWorker(ThreadPoolExecutor.java:1149)
	at java.util.concurrent.ThreadPoolExecutor$Worker.run(ThreadPoolExecutor.java:624)
	... 1 more
Caused by: org.apache.ratis.thirdparty.io.netty.channel.AbstractChannel$AnnotatedConnectException: Connection refused: /192.168.164.214:33403
	at sun.nio.ch.SocketChannelImpl.checkConnect(Native Method)
	at sun.nio.ch.SocketChannelImpl.finishConnect(SocketChannelImpl.java:717)
	at org.apache.ratis.thirdparty.io.netty.channel.socket.nio.NioSocketChannel.doFinishConnect(NioSocketChannel.java:327)
	at org.apache.ratis.thirdparty.io.netty.channel.nio.AbstractNioChannel$AbstractNioUnsafe.finishConnect(AbstractNioChannel.java:340)
	at org.apache.ratis.thirdparty.io.netty.channel.nio.NioEventLoop.processSelectedKey(NioEventLoop.java:632)
	at org.apache.ratis.thirdparty.io.netty.channel.nio.NioEventLoop.processSelectedKeysOptimized(NioEventLoop.java:579)
	at org.apache.ratis.thirdparty.io.netty.channel.nio.NioEventLoop.processSelectedKeys(NioEventLoop.java:496)
	at org.apache.ratis.thirdparty.io.netty.channel.nio.NioEventLoop.run(NioEventLoop.java:458)
	at org.apache.ratis.thirdparty.io.netty.util.concurrent.SingleThreadEventExecutor$5.run(SingleThreadEventExecutor.java:897)
	at org.apache.ratis.thirdparty.io.netty.util.concurrent.FastThreadLocalRunnable.run(FastThreadLocalRunnable.java:30)
	... 1 more
Caused by: java.net.ConnectException: Connection refused
	... 11 more
2019-10-14 09:45:32,525 [d13983dc-b0b6-41ad-b475-2b910e2f36de@group-2D6C0FC78493:LeaderElection135] INFO  impl.RoleInfo (RoleInfo.java:shutdownLeaderElection(134)) - d13983dc-b0b6-41ad-b475-2b910e2f36de: shutdown LeaderElection
2019-10-14 09:45:32,525 [d13983dc-b0b6-41ad-b475-2b910e2f36de@group-2D6C0FC78493:LeaderElection135] INFO  impl.RaftServerImpl (RaftServerImpl.java:setRole(174)) - d13983dc-b0b6-41ad-b475-2b910e2f36de@group-2D6C0FC78493: changes role from CANDIDATE to LEADER at term 6 for changeToLeader
2019-10-14 09:45:32,525 [d13983dc-b0b6-41ad-b475-2b910e2f36de@group-2D6C0FC78493:LeaderElection135] INFO  impl.RaftServerImpl (ServerState.java:setLeader(253)) - d13983dc-b0b6-41ad-b475-2b910e2f36de@group-2D6C0FC78493: change Leader from null to d13983dc-b0b6-41ad-b475-2b910e2f36de at term 6 for becomeLeader, leader elected after 26979ms
2019-10-14 09:45:32,525 [d13983dc-b0b6-41ad-b475-2b910e2f36de@group-2D6C0FC78493:LeaderElection135] INFO  server.RaftServerConfigKeys (ConfUtils.java:logGet(43)) - raft.server.staging.catchup.gap = 1000 (default)
2019-10-14 09:45:32,525 [d13983dc-b0b6-41ad-b475-2b910e2f36de@group-2D6C0FC78493:LeaderElection135] INFO  server.RaftServerConfigKeys (ConfUtils.java:logGet(43)) - raft.server.rpc.sleep.time = 25ms (default)
2019-10-14 09:45:32,525 [d13983dc-b0b6-41ad-b475-2b910e2f36de@group-2D6C0FC78493:LeaderElection135] INFO  server.RaftServerConfigKeys (ConfUtils.java:logGet(43)) - raft.server.write.element-limit = 4096 (default)
2019-10-14 09:45:32,525 [d13983dc-b0b6-41ad-b475-2b910e2f36de@group-2D6C0FC78493:LeaderElection135] INFO  server.RaftServerConfigKeys (ConfUtils.java:logGet(43)) - raft.server.watch.timeout = 10s (default)
2019-10-14 09:45:32,525 [d13983dc-b0b6-41ad-b475-2b910e2f36de@group-2D6C0FC78493:LeaderElection135] INFO  server.RaftServerConfigKeys (ConfUtils.java:logGet(43)) - raft.server.watch.timeout.denomination = 1s (default)
2019-10-14 09:45:32,526 [d13983dc-b0b6-41ad-b475-2b910e2f36de@group-2D6C0FC78493:LeaderElection135] INFO  server.RaftServerConfigKeys (ConfUtils.java:logGet(43)) - raft.server.watch.element-limit = 65536 (default)
2019-10-14 09:45:32,527 [d13983dc-b0b6-41ad-b475-2b910e2f36de@group-2D6C0FC78493:LeaderElection135] INFO  server.RaftServerConfigKeys (ConfUtils.java:logGet(43)) - raft.server.log.appender.snapshot.chunk.size.max = 16MB (=16777216) (default)
2019-10-14 09:45:32,527 [d13983dc-b0b6-41ad-b475-2b910e2f36de@group-2D6C0FC78493:LeaderElection135] INFO  server.RaftServerConfigKeys (ConfUtils.java:logGet(43)) - raft.server.log.appender.buffer.byte-limit = 33554432 (custom)
2019-10-14 09:45:32,527 [d13983dc-b0b6-41ad-b475-2b910e2f36de@group-2D6C0FC78493:LeaderElection135] INFO  server.RaftServerConfigKeys (ConfUtils.java:logGet(43)) - raft.server.log.appender.buffer.element-limit = 1 (custom)
2019-10-14 09:45:32,528 [d13983dc-b0b6-41ad-b475-2b910e2f36de@group-2D6C0FC78493:LeaderElection135] INFO  grpc.GrpcConfigKeys$Server (ConfUtils.java:logGet(43)) - raft.grpc.server.leader.outstanding.appends.max = 128 (default)
2019-10-14 09:45:32,528 [d13983dc-b0b6-41ad-b475-2b910e2f36de@group-2D6C0FC78493:LeaderElection135] INFO  server.RaftServerConfigKeys (ConfUtils.java:logGet(43)) - raft.server.rpc.request.timeout = 3000ms (default)
2019-10-14 09:45:32,528 [d13983dc-b0b6-41ad-b475-2b910e2f36de@group-2D6C0FC78493:LeaderElection135] INFO  server.RaftServerConfigKeys (ConfUtils.java:logGet(43)) - raft.server.log.appender.install.snapshot.enabled = false (custom)
2019-10-14 09:45:32,528 [d13983dc-b0b6-41ad-b475-2b910e2f36de@group-2D6C0FC78493:LeaderElection135] INFO  server.RaftServerConfigKeys (ConfUtils.java:logGet(43)) - raft.server.log.appender.snapshot.chunk.size.max = 16MB (=16777216) (default)
2019-10-14 09:45:32,528 [d13983dc-b0b6-41ad-b475-2b910e2f36de@group-2D6C0FC78493:LeaderElection135] INFO  server.RaftServerConfigKeys (ConfUtils.java:logGet(43)) - raft.server.log.appender.buffer.byte-limit = 33554432 (custom)
2019-10-14 09:45:32,528 [d13983dc-b0b6-41ad-b475-2b910e2f36de@group-2D6C0FC78493:LeaderElection135] INFO  server.RaftServerConfigKeys (ConfUtils.java:logGet(43)) - raft.server.log.appender.buffer.element-limit = 1 (custom)
2019-10-14 09:45:32,528 [d13983dc-b0b6-41ad-b475-2b910e2f36de@group-2D6C0FC78493:LeaderElection135] INFO  grpc.GrpcConfigKeys$Server (ConfUtils.java:logGet(43)) - raft.grpc.server.leader.outstanding.appends.max = 128 (default)
2019-10-14 09:45:32,528 [d13983dc-b0b6-41ad-b475-2b910e2f36de@group-2D6C0FC78493:LeaderElection135] INFO  server.RaftServerConfigKeys (ConfUtils.java:logGet(43)) - raft.server.rpc.request.timeout = 3000ms (default)
2019-10-14 09:45:32,529 [d13983dc-b0b6-41ad-b475-2b910e2f36de@group-2D6C0FC78493:LeaderElection135] INFO  server.RaftServerConfigKeys (ConfUtils.java:logGet(43)) - raft.server.log.appender.install.snapshot.enabled = false (custom)
2019-10-14 09:45:32,529 [d13983dc-b0b6-41ad-b475-2b910e2f36de@group-2D6C0FC78493:LeaderElection135] INFO  impl.RoleInfo (RoleInfo.java:updateAndGet(143)) - d13983dc-b0b6-41ad-b475-2b910e2f36de: start LeaderState
2019-10-14 09:45:32,529 [d13983dc-b0b6-41ad-b475-2b910e2f36de@group-2D6C0FC78493:LeaderElection135] INFO  segmented.SegmentedRaftLogWorker (SegmentedRaftLogWorker.java:startLogSegment(380)) - d13983dc-b0b6-41ad-b475-2b910e2f36de@group-2D6C0FC78493-SegmentedRaftLogWorker: Starting segment from index:0
2019-10-14 09:45:32,530 [d13983dc-b0b6-41ad-b475-2b910e2f36de@group-2D6C0FC78493:LeaderElection135] INFO  impl.RaftServerImpl (ServerState.java:setRaftConf(354)) - d13983dc-b0b6-41ad-b475-2b910e2f36de@group-2D6C0FC78493: set configuration 0: [5cb57bc8-4f11-4646-be43-d873705a5003:192.168.164.214:33921, d13983dc-b0b6-41ad-b475-2b910e2f36de:192.168.164.214:42581, ffc72186-1b59-4838-b97a-28de7241d76d:192.168.164.214:33403], old=null at 0
2019-10-14 09:45:32,531 [grpc-default-executor-15] INFO  impl.RaftServerImpl (ServerState.java:setLeader(253)) - 5cb57bc8-4f11-4646-be43-d873705a5003@group-2D6C0FC78493: change Leader from null to d13983dc-b0b6-41ad-b475-2b910e2f36de at term 6 for appendEntries, leader elected after 26985ms
2019-10-14 09:45:32,531 [grpc-default-executor-14] WARN  server.GrpcLogAppender (LogUtils.java:warn(134)) - d13983dc-b0b6-41ad-b475-2b910e2f36de@group-2D6C0FC78493->ffc72186-1b59-4838-b97a-28de7241d76d-AppendLogResponseHandler: Failed appendEntries: org.apache.ratis.thirdparty.io.grpc.StatusRuntimeException: UNAVAILABLE: io exception
2019-10-14 09:45:32,531 [grpc-default-executor-14] INFO  impl.FollowerInfo (FollowerInfo.java:lambda$new$0(51)) - d13983dc-b0b6-41ad-b475-2b910e2f36de@group-2D6C0FC78493->ffc72186-1b59-4838-b97a-28de7241d76d: nextIndex: updateUnconditionally 0 -> 0
2019-10-14 09:45:32,532 [grpc-default-executor-14] INFO  impl.RaftServerImpl (ServerState.java:setRaftConf(354)) - 5cb57bc8-4f11-4646-be43-d873705a5003@group-2D6C0FC78493: set configuration 0: [5cb57bc8-4f11-4646-be43-d873705a5003:192.168.164.214:33921, d13983dc-b0b6-41ad-b475-2b910e2f36de:192.168.164.214:42581, ffc72186-1b59-4838-b97a-28de7241d76d:192.168.164.214:33403], old=null at 0
2019-10-14 09:45:32,533 [grpc-default-executor-14] INFO  segmented.SegmentedRaftLogWorker (SegmentedRaftLogWorker.java:startLogSegment(380)) - 5cb57bc8-4f11-4646-be43-d873705a5003@group-2D6C0FC78493-SegmentedRaftLogWorker: Starting segment from index:0
2019-10-14 09:45:32,563 [Thread-4526] INFO  impl.FollowerState (FollowerState.java:run(106)) - 5cb57bc8-4f11-4646-be43-d873705a5003:group-A3C2AC2AC23E changes to CANDIDATE, lastRpcTime:5084, electionTimeout:5084ms
2019-10-14 09:45:32,563 [Thread-4526] INFO  impl.RoleInfo (RoleInfo.java:shutdownFollowerState(121)) - 5cb57bc8-4f11-4646-be43-d873705a5003: shutdown FollowerState
2019-10-14 09:45:32,564 [Thread-4526] INFO  impl.RaftServerImpl (RaftServerImpl.java:setRole(174)) - 5cb57bc8-4f11-4646-be43-d873705a5003@group-A3C2AC2AC23E: changes role from  FOLLOWER to CANDIDATE at term 4 for changeToCandidate
2019-10-14 09:45:32,564 [Thread-4526] INFO  impl.RoleInfo (RoleInfo.java:updateAndGet(143)) - 5cb57bc8-4f11-4646-be43-d873705a5003: start LeaderElection
2019-10-14 09:45:32,582 [d13983dc-b0b6-41ad-b475-2b910e2f36de@group-2D6C0FC78493-SegmentedRaftLogWorker] INFO  segmented.SegmentedRaftLogWorker (SegmentedRaftLogWorker.java:execute(569)) - d13983dc-b0b6-41ad-b475-2b910e2f36de@group-2D6C0FC78493-SegmentedRaftLogWorker: created new log segment /workdir/hadoop-ozone/integration-test/target/test-dir/MiniOzoneClusterImpl-65bd215d-14c9-4112-ac30-b7a247fd80ea/datanode-3/data/ratis/8e2f8d88-ef50-4601-a33f-2d6c0fc78493/current/log_inprogress_0
2019-10-14 09:45:32,582 [5cb57bc8-4f11-4646-be43-d873705a5003@group-A3C2AC2AC23E:LeaderElection136] INFO  impl.LeaderElection (LeaderElection.java:askForVotes(182)) - 5cb57bc8-4f11-4646-be43-d873705a5003@group-A3C2AC2AC23E:LeaderElection136: begin an election at term 5 for -1: [5cb57bc8-4f11-4646-be43-d873705a5003:192.168.164.214:33921, 5b2bdeb4-7ea1-4df6-a88d-afaaea11e92e:192.168.164.214:43516, ffc72186-1b59-4838-b97a-28de7241d76d:192.168.164.214:33403], old=null
2019-10-14 09:45:32,582 [5cb57bc8-4f11-4646-be43-d873705a5003@group-2D6C0FC78493-SegmentedRaftLogWorker] INFO  segmented.SegmentedRaftLogWorker (SegmentedRaftLogWorker.java:execute(569)) - 5cb57bc8-4f11-4646-be43-d873705a5003@group-2D6C0FC78493-SegmentedRaftLogWorker: created new log segment /workdir/hadoop-ozone/integration-test/target/test-dir/MiniOzoneClusterImpl-65bd215d-14c9-4112-ac30-b7a247fd80ea/datanode-6/data/ratis/8e2f8d88-ef50-4601-a33f-2d6c0fc78493/current/log_inprogress_0
2019-10-14 09:45:32,584 [5cb57bc8-4f11-4646-be43-d873705a5003@group-A3C2AC2AC23E:LeaderElection136] INFO  impl.LeaderElection (LogUtils.java:infoOrTrace(149)) - 5cb57bc8-4f11-4646-be43-d873705a5003@group-A3C2AC2AC23E:LeaderElection136 got exception when requesting votes: {}
java.util.concurrent.ExecutionException: org.apache.ratis.thirdparty.io.grpc.StatusRuntimeException: UNAVAILABLE: io exception
	at java.util.concurrent.FutureTask.report(FutureTask.java:122)
	at java.util.concurrent.FutureTask.get(FutureTask.java:192)
	at org.apache.ratis.server.impl.LeaderElection.waitForResults(LeaderElection.java:263)
	at org.apache.ratis.server.impl.LeaderElection.askForVotes(LeaderElection.java:201)
	at org.apache.ratis.server.impl.LeaderElection.run(LeaderElection.java:133)
	at java.lang.Thread.run(Thread.java:748)
Caused by: org.apache.ratis.thirdparty.io.grpc.StatusRuntimeException: UNAVAILABLE: io exception
	at org.apache.ratis.thirdparty.io.grpc.stub.ClientCalls.toStatusRuntimeException(ClientCalls.java:233)
	at org.apache.ratis.thirdparty.io.grpc.stub.ClientCalls.getUnchecked(ClientCalls.java:214)
	at org.apache.ratis.thirdparty.io.grpc.stub.ClientCalls.blockingUnaryCall(ClientCalls.java:139)
	at org.apache.ratis.proto.grpc.RaftServerProtocolServiceGrpc$RaftServerProtocolServiceBlockingStub.requestVote(RaftServerProtocolServiceGrpc.java:265)
	at org.apache.ratis.grpc.server.GrpcServerProtocolClient.requestVote(GrpcServerProtocolClient.java:90)
	at org.apache.ratis.grpc.server.GrpcService.requestVote(GrpcService.java:204)
	at org.apache.ratis.server.impl.LeaderElection.lambda$submitRequests$1(LeaderElection.java:238)
	at java.util.concurrent.FutureTask.run(FutureTask.java:266)
	at java.util.concurrent.Executors$RunnableAdapter.call(Executors.java:511)
	at java.util.concurrent.FutureTask.run(FutureTask.java:266)
	at java.util.concurrent.ThreadPoolExecutor.runWorker(ThreadPoolExecutor.java:1149)
	at java.util.concurrent.ThreadPoolExecutor$Worker.run(ThreadPoolExecutor.java:624)
	... 1 more
Caused by: org.apache.ratis.thirdparty.io.netty.channel.AbstractChannel$AnnotatedConnectException: Connection refused: /192.168.164.214:43516
	at sun.nio.ch.SocketChannelImpl.checkConnect(Native Method)
	at sun.nio.ch.SocketChannelImpl.finishConnect(SocketChannelImpl.java:717)
	at org.apache.ratis.thirdparty.io.netty.channel.socket.nio.NioSocketChannel.doFinishConnect(NioSocketChannel.java:327)
	at org.apache.ratis.thirdparty.io.netty.channel.nio.AbstractNioChannel$AbstractNioUnsafe.finishConnect(AbstractNioChannel.java:340)
	at org.apache.ratis.thirdparty.io.netty.channel.nio.NioEventLoop.processSelectedKey(NioEventLoop.java:632)
	at org.apache.ratis.thirdparty.io.netty.channel.nio.NioEventLoop.processSelectedKeysOptimized(NioEventLoop.java:579)
	at org.apache.ratis.thirdparty.io.netty.channel.nio.NioEventLoop.processSelectedKeys(NioEventLoop.java:496)
	at org.apache.ratis.thirdparty.io.netty.channel.nio.NioEventLoop.run(NioEventLoop.java:458)
	at org.apache.ratis.thirdparty.io.netty.util.concurrent.SingleThreadEventExecutor$5.run(SingleThreadEventExecutor.java:897)
	at org.apache.ratis.thirdparty.io.netty.util.concurrent.FastThreadLocalRunnable.run(FastThreadLocalRunnable.java:30)
	... 1 more
Caused by: java.net.ConnectException: Connection refused
	... 11 more
2019-10-14 09:45:32,586 [5cb57bc8-4f11-4646-be43-d873705a5003@group-A3C2AC2AC23E:LeaderElection136] INFO  impl.LeaderElection (LogUtils.java:infoOrTrace(149)) - 5cb57bc8-4f11-4646-be43-d873705a5003@group-A3C2AC2AC23E:LeaderElection136 got exception when requesting votes: {}
java.util.concurrent.ExecutionException: org.apache.ratis.thirdparty.io.grpc.StatusRuntimeException: UNAVAILABLE: io exception
	at java.util.concurrent.FutureTask.report(FutureTask.java:122)
	at java.util.concurrent.FutureTask.get(FutureTask.java:192)
	at org.apache.ratis.server.impl.LeaderElection.waitForResults(LeaderElection.java:263)
	at org.apache.ratis.server.impl.LeaderElection.askForVotes(LeaderElection.java:201)
	at org.apache.ratis.server.impl.LeaderElection.run(LeaderElection.java:133)
	at java.lang.Thread.run(Thread.java:748)
Caused by: org.apache.ratis.thirdparty.io.grpc.StatusRuntimeException: UNAVAILABLE: io exception
	at org.apache.ratis.thirdparty.io.grpc.stub.ClientCalls.toStatusRuntimeException(ClientCalls.java:233)
	at org.apache.ratis.thirdparty.io.grpc.stub.ClientCalls.getUnchecked(ClientCalls.java:214)
	at org.apache.ratis.thirdparty.io.grpc.stub.ClientCalls.blockingUnaryCall(ClientCalls.java:139)
	at org.apache.ratis.proto.grpc.RaftServerProtocolServiceGrpc$RaftServerProtocolServiceBlockingStub.requestVote(RaftServerProtocolServiceGrpc.java:265)
	at org.apache.ratis.grpc.server.GrpcServerProtocolClient.requestVote(GrpcServerProtocolClient.java:90)
	at org.apache.ratis.grpc.server.GrpcService.requestVote(GrpcService.java:204)
	at org.apache.ratis.server.impl.LeaderElection.lambda$submitRequests$1(LeaderElection.java:238)
	at java.util.concurrent.FutureTask.run(FutureTask.java:266)
	at java.util.concurrent.Executors$RunnableAdapter.call(Executors.java:511)
	at java.util.concurrent.FutureTask.run(FutureTask.java:266)
	at java.util.concurrent.ThreadPoolExecutor.runWorker(ThreadPoolExecutor.java:1149)
	at java.util.concurrent.ThreadPoolExecutor$Worker.run(ThreadPoolExecutor.java:624)
	... 1 more
Caused by: org.apache.ratis.thirdparty.io.netty.channel.AbstractChannel$AnnotatedConnectException: Connection refused: /192.168.164.214:33403
	at sun.nio.ch.SocketChannelImpl.checkConnect(Native Method)
	at sun.nio.ch.SocketChannelImpl.finishConnect(SocketChannelImpl.java:717)
	at org.apache.ratis.thirdparty.io.netty.channel.socket.nio.NioSocketChannel.doFinishConnect(NioSocketChannel.java:327)
	at org.apache.ratis.thirdparty.io.netty.channel.nio.AbstractNioChannel$AbstractNioUnsafe.finishConnect(AbstractNioChannel.java:340)
	at org.apache.ratis.thirdparty.io.netty.channel.nio.NioEventLoop.processSelectedKey(NioEventLoop.java:632)
	at org.apache.ratis.thirdparty.io.netty.channel.nio.NioEventLoop.processSelectedKeysOptimized(NioEventLoop.java:579)
	at org.apache.ratis.thirdparty.io.netty.channel.nio.NioEventLoop.processSelectedKeys(NioEventLoop.java:496)
	at org.apache.ratis.thirdparty.io.netty.channel.nio.NioEventLoop.run(NioEventLoop.java:458)
	at org.apache.ratis.thirdparty.io.netty.util.concurrent.SingleThreadEventExecutor$5.run(SingleThreadEventExecutor.java:897)
	at org.apache.ratis.thirdparty.io.netty.util.concurrent.FastThreadLocalRunnable.run(FastThreadLocalRunnable.java:30)
	... 1 more
Caused by: java.net.ConnectException: Connection refused
	... 11 more
2019-10-14 09:45:32,588 [5cb57bc8-4f11-4646-be43-d873705a5003@group-A3C2AC2AC23E:LeaderElection136] INFO  impl.LeaderElection (LeaderElection.java:logAndReturn(56)) - 5cb57bc8-4f11-4646-be43-d873705a5003@group-A3C2AC2AC23E:LeaderElection136: Election REJECTED; received 0 response(s) [] and 2 exception(s); 5cb57bc8-4f11-4646-be43-d873705a5003@group-A3C2AC2AC23E:t5, leader=null, voted=5cb57bc8-4f11-4646-be43-d873705a5003, raftlog=5cb57bc8-4f11-4646-be43-d873705a5003@group-A3C2AC2AC23E-SegmentedRaftLog:OPENED:c-1,f-1,i0, conf=-1: [5cb57bc8-4f11-4646-be43-d873705a5003:192.168.164.214:33921, 5b2bdeb4-7ea1-4df6-a88d-afaaea11e92e:192.168.164.214:43516, ffc72186-1b59-4838-b97a-28de7241d76d:192.168.164.214:33403], old=null
2019-10-14 09:45:32,588 [5cb57bc8-4f11-4646-be43-d873705a5003@group-A3C2AC2AC23E:LeaderElection136] INFO  impl.LeaderElection (LogUtils.java:infoOrTrace(149)) -   Exception 0: {}
java.util.concurrent.ExecutionException: org.apache.ratis.thirdparty.io.grpc.StatusRuntimeException: UNAVAILABLE: io exception
	at java.util.concurrent.FutureTask.report(FutureTask.java:122)
	at java.util.concurrent.FutureTask.get(FutureTask.java:192)
	at org.apache.ratis.server.impl.LeaderElection.waitForResults(LeaderElection.java:263)
	at org.apache.ratis.server.impl.LeaderElection.askForVotes(LeaderElection.java:201)
	at org.apache.ratis.server.impl.LeaderElection.run(LeaderElection.java:133)
	at java.lang.Thread.run(Thread.java:748)
Caused by: org.apache.ratis.thirdparty.io.grpc.StatusRuntimeException: UNAVAILABLE: io exception
	at org.apache.ratis.thirdparty.io.grpc.stub.ClientCalls.toStatusRuntimeException(ClientCalls.java:233)
	at org.apache.ratis.thirdparty.io.grpc.stub.ClientCalls.getUnchecked(ClientCalls.java:214)
	at org.apache.ratis.thirdparty.io.grpc.stub.ClientCalls.blockingUnaryCall(ClientCalls.java:139)
	at org.apache.ratis.proto.grpc.RaftServerProtocolServiceGrpc$RaftServerProtocolServiceBlockingStub.requestVote(RaftServerProtocolServiceGrpc.java:265)
	at org.apache.ratis.grpc.server.GrpcServerProtocolClient.requestVote(GrpcServerProtocolClient.java:90)
	at org.apache.ratis.grpc.server.GrpcService.requestVote(GrpcService.java:204)
	at org.apache.ratis.server.impl.LeaderElection.lambda$submitRequests$1(LeaderElection.java:238)
	at java.util.concurrent.FutureTask.run(FutureTask.java:266)
	at java.util.concurrent.Executors$RunnableAdapter.call(Executors.java:511)
	at java.util.concurrent.FutureTask.run(FutureTask.java:266)
	at java.util.concurrent.ThreadPoolExecutor.runWorker(ThreadPoolExecutor.java:1149)
	at java.util.concurrent.ThreadPoolExecutor$Worker.run(ThreadPoolExecutor.java:624)
	... 1 more
Caused by: org.apache.ratis.thirdparty.io.netty.channel.AbstractChannel$AnnotatedConnectException: Connection refused: /192.168.164.214:43516
	at sun.nio.ch.SocketChannelImpl.checkConnect(Native Method)
	at sun.nio.ch.SocketChannelImpl.finishConnect(SocketChannelImpl.java:717)
	at org.apache.ratis.thirdparty.io.netty.channel.socket.nio.NioSocketChannel.doFinishConnect(NioSocketChannel.java:327)
	at org.apache.ratis.thirdparty.io.netty.channel.nio.AbstractNioChannel$AbstractNioUnsafe.finishConnect(AbstractNioChannel.java:340)
	at org.apache.ratis.thirdparty.io.netty.channel.nio.NioEventLoop.processSelectedKey(NioEventLoop.java:632)
	at org.apache.ratis.thirdparty.io.netty.channel.nio.NioEventLoop.processSelectedKeysOptimized(NioEventLoop.java:579)
	at org.apache.ratis.thirdparty.io.netty.channel.nio.NioEventLoop.processSelectedKeys(NioEventLoop.java:496)
	at org.apache.ratis.thirdparty.io.netty.channel.nio.NioEventLoop.run(NioEventLoop.java:458)
	at org.apache.ratis.thirdparty.io.netty.util.concurrent.SingleThreadEventExecutor$5.run(SingleThreadEventExecutor.java:897)
	at org.apache.ratis.thirdparty.io.netty.util.concurrent.FastThreadLocalRunnable.run(FastThreadLocalRunnable.java:30)
	... 1 more
Caused by: java.net.ConnectException: Connection refused
	... 11 more
2019-10-14 09:45:32,588 [5cb57bc8-4f11-4646-be43-d873705a5003@group-A3C2AC2AC23E:LeaderElection136] INFO  impl.LeaderElection (LogUtils.java:infoOrTrace(149)) -   Exception 1: {}
java.util.concurrent.ExecutionException: org.apache.ratis.thirdparty.io.grpc.StatusRuntimeException: UNAVAILABLE: io exception
	at java.util.concurrent.FutureTask.report(FutureTask.java:122)
	at java.util.concurrent.FutureTask.get(FutureTask.java:192)
	at org.apache.ratis.server.impl.LeaderElection.waitForResults(LeaderElection.java:263)
	at org.apache.ratis.server.impl.LeaderElection.askForVotes(LeaderElection.java:201)
	at org.apache.ratis.server.impl.LeaderElection.run(LeaderElection.java:133)
	at java.lang.Thread.run(Thread.java:748)
Caused by: org.apache.ratis.thirdparty.io.grpc.StatusRuntimeException: UNAVAILABLE: io exception
	at org.apache.ratis.thirdparty.io.grpc.stub.ClientCalls.toStatusRuntimeException(ClientCalls.java:233)
	at org.apache.ratis.thirdparty.io.grpc.stub.ClientCalls.getUnchecked(ClientCalls.java:214)
	at org.apache.ratis.thirdparty.io.grpc.stub.ClientCalls.blockingUnaryCall(ClientCalls.java:139)
	at org.apache.ratis.proto.grpc.RaftServerProtocolServiceGrpc$RaftServerProtocolServiceBlockingStub.requestVote(RaftServerProtocolServiceGrpc.java:265)
	at org.apache.ratis.grpc.server.GrpcServerProtocolClient.requestVote(GrpcServerProtocolClient.java:90)
	at org.apache.ratis.grpc.server.GrpcService.requestVote(GrpcService.java:204)
	at org.apache.ratis.server.impl.LeaderElection.lambda$submitRequests$1(LeaderElection.java:238)
	at java.util.concurrent.FutureTask.run(FutureTask.java:266)
	at java.util.concurrent.Executors$RunnableAdapter.call(Executors.java:511)
	at java.util.concurrent.FutureTask.run(FutureTask.java:266)
	at java.util.concurrent.ThreadPoolExecutor.runWorker(ThreadPoolExecutor.java:1149)
	at java.util.concurrent.ThreadPoolExecutor$Worker.run(ThreadPoolExecutor.java:624)
	... 1 more
Caused by: org.apache.ratis.thirdparty.io.netty.channel.AbstractChannel$AnnotatedConnectException: Connection refused: /192.168.164.214:33403
	at sun.nio.ch.SocketChannelImpl.checkConnect(Native Method)
	at sun.nio.ch.SocketChannelImpl.finishConnect(SocketChannelImpl.java:717)
	at org.apache.ratis.thirdparty.io.netty.channel.socket.nio.NioSocketChannel.doFinishConnect(NioSocketChannel.java:327)
	at org.apache.ratis.thirdparty.io.netty.channel.nio.AbstractNioChannel$AbstractNioUnsafe.finishConnect(AbstractNioChannel.java:340)
	at org.apache.ratis.thirdparty.io.netty.channel.nio.NioEventLoop.processSelectedKey(NioEventLoop.java:632)
	at org.apache.ratis.thirdparty.io.netty.channel.nio.NioEventLoop.processSelectedKeysOptimized(NioEventLoop.java:579)
	at org.apache.ratis.thirdparty.io.netty.channel.nio.NioEventLoop.processSelectedKeys(NioEventLoop.java:496)
	at org.apache.ratis.thirdparty.io.netty.channel.nio.NioEventLoop.run(NioEventLoop.java:458)
	at org.apache.ratis.thirdparty.io.netty.util.concurrent.SingleThreadEventExecutor$5.run(SingleThreadEventExecutor.java:897)
	at org.apache.ratis.thirdparty.io.netty.util.concurrent.FastThreadLocalRunnable.run(FastThreadLocalRunnable.java:30)
	... 1 more
Caused by: java.net.ConnectException: Connection refused
	... 11 more
2019-10-14 09:45:32,589 [5cb57bc8-4f11-4646-be43-d873705a5003@group-A3C2AC2AC23E:LeaderElection136] INFO  impl.RaftServerImpl (RaftServerImpl.java:setRole(174)) - 5cb57bc8-4f11-4646-be43-d873705a5003@group-A3C2AC2AC23E: changes role from CANDIDATE to FOLLOWER at term 5 for DISCOVERED_A_NEW_TERM
2019-10-14 09:45:32,589 [5cb57bc8-4f11-4646-be43-d873705a5003@group-A3C2AC2AC23E:LeaderElection136] INFO  impl.RoleInfo (RoleInfo.java:shutdownLeaderElection(134)) - 5cb57bc8-4f11-4646-be43-d873705a5003: shutdown LeaderElection
2019-10-14 09:45:32,589 [5cb57bc8-4f11-4646-be43-d873705a5003@group-A3C2AC2AC23E:LeaderElection136] INFO  impl.RoleInfo (RoleInfo.java:updateAndGet(143)) - 5cb57bc8-4f11-4646-be43-d873705a5003: start FollowerState
2019-10-14 09:45:32,594 [grpc-default-executor-11] WARN  server.GrpcLogAppender (LogUtils.java:warn(134)) - d13983dc-b0b6-41ad-b475-2b910e2f36de@group-2D6C0FC78493->ffc72186-1b59-4838-b97a-28de7241d76d-AppendLogResponseHandler: Failed appendEntries: org.apache.ratis.thirdparty.io.grpc.StatusRuntimeException: UNAVAILABLE: io exception
2019-10-14 09:45:32,595 [grpc-default-executor-11] INFO  impl.FollowerInfo (FollowerInfo.java:lambda$new$0(51)) - d13983dc-b0b6-41ad-b475-2b910e2f36de@group-2D6C0FC78493->ffc72186-1b59-4838-b97a-28de7241d76d: nextIndex: updateUnconditionally 1 -> 0
2019-10-14 09:45:32,871 [grpc-default-executor-15] WARN  server.GrpcLogAppender (LogUtils.java:warn(134)) - 47d48411-1f17-4b0d-846b-025c3a4b0b86@group-1FAAE3BCC180->2be2fac0-04ab-46f3-bf55-9c63f02fedac-AppendLogResponseHandler: Failed appendEntries: org.apache.ratis.thirdparty.io.grpc.StatusRuntimeException: UNAVAILABLE: io exception
2019-10-14 09:45:32,872 [grpc-default-executor-15] INFO  impl.FollowerInfo (FollowerInfo.java:lambda$new$0(51)) - 47d48411-1f17-4b0d-846b-025c3a4b0b86@group-1FAAE3BCC180->2be2fac0-04ab-46f3-bf55-9c63f02fedac: nextIndex: updateUnconditionally 0 -> 0
2019-10-14 09:45:32,961 [Datanode State Machine Thread - 0] INFO  statemachine.DatanodeStateMachine (DatanodeStateMachine.java:lambda$startDaemon$0(350)) - Ozone container server started.
2019-10-14 09:45:32,965 [Datanode State Machine Thread - 0] INFO  statemachine.DatanodeStateMachine (DatanodeStateMachine.java:lambda$startDaemon$0(350)) - Ozone container server started.
2019-10-14 09:45:33,361 [grpc-default-executor-14] WARN  server.GrpcLogAppender (LogUtils.java:warn(134)) - d13983dc-b0b6-41ad-b475-2b910e2f36de@group-AC596D94C915->2be2fac0-04ab-46f3-bf55-9c63f02fedac-AppendLogResponseHandler: Failed appendEntries: org.apache.ratis.thirdparty.io.grpc.StatusRuntimeException: UNAVAILABLE: io exception
2019-10-14 09:45:33,361 [grpc-default-executor-16] WARN  server.GrpcLogAppender (LogUtils.java:warn(134)) - d13983dc-b0b6-41ad-b475-2b910e2f36de@group-AC596D94C915->5b2bdeb4-7ea1-4df6-a88d-afaaea11e92e-AppendLogResponseHandler: Failed appendEntries: org.apache.ratis.thirdparty.io.grpc.StatusRuntimeException: UNAVAILABLE: io exception
2019-10-14 09:45:33,361 [grpc-default-executor-14] INFO  impl.FollowerInfo (FollowerInfo.java:lambda$new$0(51)) - d13983dc-b0b6-41ad-b475-2b910e2f36de@group-AC596D94C915->2be2fac0-04ab-46f3-bf55-9c63f02fedac: nextIndex: updateUnconditionally 0 -> 0
2019-10-14 09:45:33,362 [grpc-default-executor-16] INFO  impl.FollowerInfo (FollowerInfo.java:lambda$new$0(51)) - d13983dc-b0b6-41ad-b475-2b910e2f36de@group-AC596D94C915->5b2bdeb4-7ea1-4df6-a88d-afaaea11e92e: nextIndex: updateUnconditionally 0 -> 0
2019-10-14 09:45:33,973 [grpc-default-executor-16] WARN  server.GrpcLogAppender (LogUtils.java:warn(134)) - 5cb57bc8-4f11-4646-be43-d873705a5003@group-9C1991127D58->ffc72186-1b59-4838-b97a-28de7241d76d-AppendLogResponseHandler: Failed appendEntries: org.apache.ratis.thirdparty.io.grpc.StatusRuntimeException: UNAVAILABLE: io exception
2019-10-14 09:45:33,973 [grpc-default-executor-16] INFO  impl.FollowerInfo (FollowerInfo.java:lambda$new$0(51)) - 5cb57bc8-4f11-4646-be43-d873705a5003@group-9C1991127D58->ffc72186-1b59-4838-b97a-28de7241d76d: nextIndex: updateUnconditionally 0 -> 0
2019-10-14 09:45:33,974 [grpc-default-executor-16] WARN  server.GrpcLogAppender (LogUtils.java:warn(134)) - 5cb57bc8-4f11-4646-be43-d873705a5003@group-9C1991127D58->5b2bdeb4-7ea1-4df6-a88d-afaaea11e92e-AppendLogResponseHandler: Failed appendEntries: org.apache.ratis.thirdparty.io.grpc.StatusRuntimeException: UNAVAILABLE: io exception
2019-10-14 09:45:33,974 [grpc-default-executor-16] INFO  impl.FollowerInfo (FollowerInfo.java:lambda$new$0(51)) - 5cb57bc8-4f11-4646-be43-d873705a5003@group-9C1991127D58->5b2bdeb4-7ea1-4df6-a88d-afaaea11e92e: nextIndex: updateUnconditionally 18 -> 17
2019-10-14 09:45:35,095 [grpc-default-executor-14] WARN  server.GrpcLogAppender (LogUtils.java:warn(134)) - d13983dc-b0b6-41ad-b475-2b910e2f36de@group-2D6C0FC78493->ffc72186-1b59-4838-b97a-28de7241d76d-AppendLogResponseHandler: Failed appendEntries: org.apache.ratis.thirdparty.io.grpc.StatusRuntimeException: UNAVAILABLE: io exception
2019-10-14 09:45:35,096 [grpc-default-executor-14] INFO  impl.FollowerInfo (FollowerInfo.java:lambda$new$0(51)) - d13983dc-b0b6-41ad-b475-2b910e2f36de@group-2D6C0FC78493->ffc72186-1b59-4838-b97a-28de7241d76d: nextIndex: updateUnconditionally 0 -> 0
2019-10-14 09:45:35,372 [grpc-default-executor-14] WARN  server.GrpcLogAppender (LogUtils.java:warn(134)) - 47d48411-1f17-4b0d-846b-025c3a4b0b86@group-1FAAE3BCC180->2be2fac0-04ab-46f3-bf55-9c63f02fedac-AppendLogResponseHandler: Failed appendEntries: org.apache.ratis.thirdparty.io.grpc.StatusRuntimeException: UNAVAILABLE: io exception
2019-10-14 09:45:35,372 [grpc-default-executor-14] INFO  impl.FollowerInfo (FollowerInfo.java:lambda$new$0(51)) - 47d48411-1f17-4b0d-846b-025c3a4b0b86@group-1FAAE3BCC180->2be2fac0-04ab-46f3-bf55-9c63f02fedac: nextIndex: updateUnconditionally 0 -> 0
2019-10-14 09:45:35,862 [grpc-default-executor-14] WARN  server.GrpcLogAppender (LogUtils.java:warn(134)) - d13983dc-b0b6-41ad-b475-2b910e2f36de@group-AC596D94C915->5b2bdeb4-7ea1-4df6-a88d-afaaea11e92e-AppendLogResponseHandler: Failed appendEntries: org.apache.ratis.thirdparty.io.grpc.StatusRuntimeException: UNAVAILABLE: io exception
2019-10-14 09:45:35,862 [grpc-default-executor-15] WARN  server.GrpcLogAppender (LogUtils.java:warn(134)) - d13983dc-b0b6-41ad-b475-2b910e2f36de@group-AC596D94C915->2be2fac0-04ab-46f3-bf55-9c63f02fedac-AppendLogResponseHandler: Failed appendEntries: org.apache.ratis.thirdparty.io.grpc.StatusRuntimeException: UNAVAILABLE: io exception
2019-10-14 09:45:35,862 [grpc-default-executor-14] INFO  impl.FollowerInfo (FollowerInfo.java:lambda$new$0(51)) - d13983dc-b0b6-41ad-b475-2b910e2f36de@group-AC596D94C915->5b2bdeb4-7ea1-4df6-a88d-afaaea11e92e: nextIndex: updateUnconditionally 0 -> 0
2019-10-14 09:45:35,862 [grpc-default-executor-15] INFO  impl.FollowerInfo (FollowerInfo.java:lambda$new$0(51)) - d13983dc-b0b6-41ad-b475-2b910e2f36de@group-AC596D94C915->2be2fac0-04ab-46f3-bf55-9c63f02fedac: nextIndex: updateUnconditionally 0 -> 0
2019-10-14 09:45:36,474 [grpc-default-executor-16] WARN  server.GrpcLogAppender (LogUtils.java:warn(134)) - 5cb57bc8-4f11-4646-be43-d873705a5003@group-9C1991127D58->ffc72186-1b59-4838-b97a-28de7241d76d-AppendLogResponseHandler: Failed appendEntries: org.apache.ratis.thirdparty.io.grpc.StatusRuntimeException: UNAVAILABLE: io exception
2019-10-14 09:45:36,475 [grpc-default-executor-16] INFO  impl.FollowerInfo (FollowerInfo.java:lambda$new$0(51)) - 5cb57bc8-4f11-4646-be43-d873705a5003@group-9C1991127D58->ffc72186-1b59-4838-b97a-28de7241d76d: nextIndex: updateUnconditionally 0 -> 0
2019-10-14 09:45:36,475 [grpc-default-executor-14] WARN  server.GrpcLogAppender (LogUtils.java:warn(134)) - 5cb57bc8-4f11-4646-be43-d873705a5003@group-9C1991127D58->5b2bdeb4-7ea1-4df6-a88d-afaaea11e92e-AppendLogResponseHandler: Failed appendEntries: org.apache.ratis.thirdparty.io.grpc.StatusRuntimeException: UNAVAILABLE: io exception
2019-10-14 09:45:36,476 [grpc-default-executor-14] INFO  impl.FollowerInfo (FollowerInfo.java:lambda$new$0(51)) - 5cb57bc8-4f11-4646-be43-d873705a5003@group-9C1991127D58->5b2bdeb4-7ea1-4df6-a88d-afaaea11e92e: nextIndex: updateUnconditionally 17 -> 16
2019-10-14 09:45:36,971 [EventQueue-StaleNodeForStaleNodeHandler] INFO  node.StaleNodeHandler (StaleNodeHandler.java:onMessage(58)) - Datanode 47d48411-1f17-4b0d-846b-025c3a4b0b86{ip: 192.168.164.214, host: pr-hdds-1569-vp9xg-4248047660, networkLocation: /default-rack, certSerialId: null} moved to stale state. Finalizing its pipelines [PipelineID=9a9973fe-e5fc-4f77-8389-1faae3bcc180, PipelineID=93fb5659-34aa-443b-8645-98abad1f0126, PipelineID=8fac6712-21c3-48d7-bf4f-dd45106406a3]
2019-10-14 09:45:36,972 [EventQueue-StaleNodeForStaleNodeHandler] INFO  pipeline.SCMPipelineManager (SCMPipelineManager.java:finalizeAndDestroyPipeline(342)) - destroying pipeline:Pipeline[ Id: 9a9973fe-e5fc-4f77-8389-1faae3bcc180, Nodes: 56712796-c63c-4f78-b712-8f3b1217dedc{ip: 192.168.164.214, host: pr-hdds-1569-vp9xg-4248047660, networkLocation: /default-rack, certSerialId: null}2be2fac0-04ab-46f3-bf55-9c63f02fedac{ip: 192.168.164.214, host: pr-hdds-1569-vp9xg-4248047660, networkLocation: /default-rack, certSerialId: null}47d48411-1f17-4b0d-846b-025c3a4b0b86{ip: 192.168.164.214, host: pr-hdds-1569-vp9xg-4248047660, networkLocation: /default-rack, certSerialId: null}, Type:RATIS, Factor:THREE, State:CLOSED]
2019-10-14 09:45:36,972 [EventQueue-StaleNodeForStaleNodeHandler] INFO  pipeline.SCMPipelineManager (SCMPipelineManager.java:finalizeAndDestroyPipeline(342)) - destroying pipeline:Pipeline[ Id: 93fb5659-34aa-443b-8645-98abad1f0126, Nodes: 56712796-c63c-4f78-b712-8f3b1217dedc{ip: 192.168.164.214, host: pr-hdds-1569-vp9xg-4248047660, networkLocation: /default-rack, certSerialId: null}47d48411-1f17-4b0d-846b-025c3a4b0b86{ip: 192.168.164.214, host: pr-hdds-1569-vp9xg-4248047660, networkLocation: /default-rack, certSerialId: null}d13983dc-b0b6-41ad-b475-2b910e2f36de{ip: 192.168.164.214, host: pr-hdds-1569-vp9xg-4248047660, networkLocation: /default-rack, certSerialId: null}, Type:RATIS, Factor:THREE, State:OPEN]
2019-10-14 09:45:36,972 [EventQueue-StaleNodeForStaleNodeHandler] INFO  pipeline.PipelineStateManager (PipelineStateManager.java:finalizePipeline(123)) - Pipeline Pipeline[ Id: 93fb5659-34aa-443b-8645-98abad1f0126, Nodes: 56712796-c63c-4f78-b712-8f3b1217dedc{ip: 192.168.164.214, host: pr-hdds-1569-vp9xg-4248047660, networkLocation: /default-rack, certSerialId: null}47d48411-1f17-4b0d-846b-025c3a4b0b86{ip: 192.168.164.214, host: pr-hdds-1569-vp9xg-4248047660, networkLocation: /default-rack, certSerialId: null}d13983dc-b0b6-41ad-b475-2b910e2f36de{ip: 192.168.164.214, host: pr-hdds-1569-vp9xg-4248047660, networkLocation: /default-rack, certSerialId: null}, Type:RATIS, Factor:THREE, State:CLOSED] moved to CLOSED state
2019-10-14 09:45:36,973 [EventQueue-StaleNodeForStaleNodeHandler] INFO  pipeline.SCMPipelineManager (SCMPipelineManager.java:finalizeAndDestroyPipeline(342)) - destroying pipeline:Pipeline[ Id: 8fac6712-21c3-48d7-bf4f-dd45106406a3, Nodes: 47d48411-1f17-4b0d-846b-025c3a4b0b86{ip: 192.168.164.214, host: pr-hdds-1569-vp9xg-4248047660, networkLocation: /default-rack, certSerialId: null}, Type:RATIS, Factor:ONE, State:OPEN]
2019-10-14 09:45:36,973 [EventQueue-CloseContainerForCloseContainerEventHandler] INFO  container.CloseContainerEventHandler (CloseContainerEventHandler.java:onMessage(61)) - Close container Event triggered for container : #2
2019-10-14 09:45:36,973 [EventQueue-StaleNodeForStaleNodeHandler] INFO  pipeline.PipelineStateManager (PipelineStateManager.java:finalizePipeline(123)) - Pipeline Pipeline[ Id: 8fac6712-21c3-48d7-bf4f-dd45106406a3, Nodes: 47d48411-1f17-4b0d-846b-025c3a4b0b86{ip: 192.168.164.214, host: pr-hdds-1569-vp9xg-4248047660, networkLocation: /default-rack, certSerialId: null}, Type:RATIS, Factor:ONE, State:CLOSED] moved to CLOSED state
2019-10-14 09:45:36,973 [EventQueue-StaleNodeForStaleNodeHandler] INFO  node.StaleNodeHandler (StaleNodeHandler.java:onMessage(58)) - Datanode d13983dc-b0b6-41ad-b475-2b910e2f36de{ip: 192.168.164.214, host: pr-hdds-1569-vp9xg-4248047660, networkLocation: /default-rack, certSerialId: null} moved to stale state. Finalizing its pipelines [PipelineID=8e2f8d88-ef50-4601-a33f-2d6c0fc78493, PipelineID=93fb5659-34aa-443b-8645-98abad1f0126, PipelineID=504c6ea9-7239-48ad-ba91-ac596d94c915]
2019-10-14 09:45:36,973 [EventQueue-StaleNodeForStaleNodeHandler] INFO  pipeline.SCMPipelineManager (SCMPipelineManager.java:finalizeAndDestroyPipeline(342)) - destroying pipeline:Pipeline[ Id: 8e2f8d88-ef50-4601-a33f-2d6c0fc78493, Nodes: d13983dc-b0b6-41ad-b475-2b910e2f36de{ip: 192.168.164.214, host: pr-hdds-1569-vp9xg-4248047660, networkLocation: /default-rack, certSerialId: null}ffc72186-1b59-4838-b97a-28de7241d76d{ip: 192.168.164.214, host: pr-hdds-1569-vp9xg-4248047660, networkLocation: /default-rack, certSerialId: null}5cb57bc8-4f11-4646-be43-d873705a5003{ip: 192.168.164.214, host: pr-hdds-1569-vp9xg-4248047660, networkLocation: /default-rack, certSerialId: null}, Type:RATIS, Factor:THREE, State:CLOSED]
2019-10-14 09:45:36,974 [EventQueue-StaleNodeForStaleNodeHandler] INFO  pipeline.SCMPipelineManager (SCMPipelineManager.java:finalizeAndDestroyPipeline(342)) - destroying pipeline:Pipeline[ Id: 93fb5659-34aa-443b-8645-98abad1f0126, Nodes: 56712796-c63c-4f78-b712-8f3b1217dedc{ip: 192.168.164.214, host: pr-hdds-1569-vp9xg-4248047660, networkLocation: /default-rack, certSerialId: null}47d48411-1f17-4b0d-846b-025c3a4b0b86{ip: 192.168.164.214, host: pr-hdds-1569-vp9xg-4248047660, networkLocation: /default-rack, certSerialId: null}d13983dc-b0b6-41ad-b475-2b910e2f36de{ip: 192.168.164.214, host: pr-hdds-1569-vp9xg-4248047660, networkLocation: /default-rack, certSerialId: null}, Type:RATIS, Factor:THREE, State:CLOSED]
2019-10-14 09:45:36,974 [EventQueue-StaleNodeForStaleNodeHandler] INFO  pipeline.SCMPipelineManager (SCMPipelineManager.java:finalizeAndDestroyPipeline(342)) - destroying pipeline:Pipeline[ Id: 504c6ea9-7239-48ad-ba91-ac596d94c915, Nodes: 2be2fac0-04ab-46f3-bf55-9c63f02fedac{ip: 192.168.164.214, host: pr-hdds-1569-vp9xg-4248047660, networkLocation: /default-rack, certSerialId: null}d13983dc-b0b6-41ad-b475-2b910e2f36de{ip: 192.168.164.214, host: pr-hdds-1569-vp9xg-4248047660, networkLocation: /default-rack, certSerialId: null}5b2bdeb4-7ea1-4df6-a88d-afaaea11e92e{ip: 192.168.164.214, host: pr-hdds-1569-vp9xg-4248047660, networkLocation: /default-rack, certSerialId: null}, Type:RATIS, Factor:THREE, State:CLOSED]
2019-10-14 09:45:37,383 [ForkJoinPool.commonPool-worker-1] INFO  ozoneimpl.OzoneContainer (OzoneContainer.java:stop(231)) - Attempting to stop container services.
2019-10-14 09:45:37,384 [ForkJoinPool.commonPool-worker-1] INFO  impl.RaftServerProxy (RaftServerProxy.java:lambda$close$4(314)) - 47d48411-1f17-4b0d-846b-025c3a4b0b86: close
2019-10-14 09:45:37,384 [ForkJoinPool.commonPool-worker-1] INFO  impl.RaftServerImpl (RaftServerImpl.java:lambda$shutdown$3(251)) - 47d48411-1f17-4b0d-846b-025c3a4b0b86@group-1FAAE3BCC180: shutdown
2019-10-14 09:45:37,385 [ForkJoinPool.commonPool-worker-1] INFO  util.JmxRegister (JmxRegister.java:unregister(73)) - Successfully un-registered JMX Bean with object name Ratis:service=RaftServer,group=group-1FAAE3BCC180,id=47d48411-1f17-4b0d-846b-025c3a4b0b86
2019-10-14 09:45:37,385 [ForkJoinPool.commonPool-worker-1] INFO  impl.RoleInfo (RoleInfo.java:shutdownLeaderState(104)) - 47d48411-1f17-4b0d-846b-025c3a4b0b86: shutdown LeaderState
2019-10-14 09:45:37,389 [ForkJoinPool.commonPool-worker-1] INFO  impl.PendingRequests (PendingRequests.java:sendNotLeaderResponses(202)) - 47d48411-1f17-4b0d-846b-025c3a4b0b86-PendingRequests: sendNotLeaderResponses
2019-10-14 09:45:37,389 [org.apache.ratis.server.impl.LogAppender$AppenderDaemon$$Lambda$514/293845175@4cb8d15d] WARN  server.GrpcLogAppender (GrpcLogAppender.java:mayWait(143)) - 47d48411-1f17-4b0d-846b-025c3a4b0b86@group-1FAAE3BCC180->56712796-c63c-4f78-b712-8f3b1217dedc-GrpcLogAppender: Wait interrupted by java.lang.InterruptedException
2019-10-14 09:45:37,389 [ForkJoinPool.commonPool-worker-1] INFO  impl.StateMachineUpdater (StateMachineUpdater.java:stopAndJoin(125)) - 47d48411-1f17-4b0d-846b-025c3a4b0b86@group-1FAAE3BCC180-StateMachineUpdater: set stopIndex = 0
2019-10-14 09:45:37,389 [ForkJoinPool.commonPool-worker-1] INFO  impl.RaftServerImpl (ServerState.java:close(385)) - 47d48411-1f17-4b0d-846b-025c3a4b0b86@group-1FAAE3BCC180: closes. applyIndex: 0
2019-10-14 09:45:37,389 [org.apache.ratis.server.impl.LogAppender$AppenderDaemon$$Lambda$514/293845175@5ec3f471] WARN  server.GrpcLogAppender (GrpcLogAppender.java:mayWait(143)) - 47d48411-1f17-4b0d-846b-025c3a4b0b86@group-1FAAE3BCC180->2be2fac0-04ab-46f3-bf55-9c63f02fedac-GrpcLogAppender: Wait interrupted by java.lang.InterruptedException
2019-10-14 09:45:37,390 [grpc-default-executor-14] INFO  server.GrpcServerProtocolService (GrpcServerProtocolService.java:onCompleted(113)) - 56712796-c63c-4f78-b712-8f3b1217dedc: Completed APPEND_ENTRIES, lastRequest: 47d48411-1f17-4b0d-846b-025c3a4b0b86->56712796-c63c-4f78-b712-8f3b1217dedc#11-t1, previous=(t:1, i:0), leaderCommit=0, initializing? false, entries: <empty>
2019-10-14 09:45:37,390 [47d48411-1f17-4b0d-846b-025c3a4b0b86@group-1FAAE3BCC180-SegmentedRaftLogWorker] INFO  segmented.SegmentedRaftLogWorker (SegmentedRaftLogWorker.java:run(313)) - 47d48411-1f17-4b0d-846b-025c3a4b0b86@group-1FAAE3BCC180-SegmentedRaftLogWorker was interrupted, exiting. There are 0 tasks remaining in the queue.
2019-10-14 09:45:37,392 [ForkJoinPool.commonPool-worker-1] INFO  segmented.SegmentedRaftLogWorker (SegmentedRaftLogWorker.java:close(228)) - 47d48411-1f17-4b0d-846b-025c3a4b0b86@group-1FAAE3BCC180-SegmentedRaftLogWorker close()
2019-10-14 09:45:37,392 [grpc-default-executor-14] INFO  server.GrpcLogAppender (GrpcLogAppender.java:onCompleted(293)) - 47d48411-1f17-4b0d-846b-025c3a4b0b86@group-1FAAE3BCC180->56712796-c63c-4f78-b712-8f3b1217dedc-AppendLogResponseHandler: follower responses appendEntries COMPLETED
2019-10-14 09:45:37,393 [ForkJoinPool.commonPool-worker-1] INFO  impl.RaftServerImpl (RaftServerImpl.java:lambda$shutdown$3(251)) - 47d48411-1f17-4b0d-846b-025c3a4b0b86@group-98ABAD1F0126: shutdown
2019-10-14 09:45:37,394 [grpc-default-executor-14] INFO  impl.FollowerInfo (FollowerInfo.java:lambda$new$0(51)) - 47d48411-1f17-4b0d-846b-025c3a4b0b86@group-1FAAE3BCC180->56712796-c63c-4f78-b712-8f3b1217dedc: nextIndex: updateUnconditionally 1 -> 0
2019-10-14 09:45:37,394 [grpc-default-executor-16] WARN  server.GrpcLogAppender (LogUtils.java:warn(134)) - 47d48411-1f17-4b0d-846b-025c3a4b0b86@group-98ABAD1F0126->56712796-c63c-4f78-b712-8f3b1217dedc-AppendLogResponseHandler: Failed appendEntries: org.apache.ratis.thirdparty.io.grpc.StatusRuntimeException: UNAVAILABLE: Channel shutdownNow invoked
2019-10-14 09:45:37,394 [ForkJoinPool.commonPool-worker-1] INFO  util.JmxRegister (JmxRegister.java:unregister(73)) - Successfully un-registered JMX Bean with object name Ratis:service=RaftServer,group=group-98ABAD1F0126,id=47d48411-1f17-4b0d-846b-025c3a4b0b86
2019-10-14 09:45:37,394 [grpc-default-executor-15] WARN  server.GrpcServerProtocolService (LogUtils.java:warn(134)) - 56712796-c63c-4f78-b712-8f3b1217dedc: installSnapshot onError, lastRequest: 47d48411-1f17-4b0d-846b-025c3a4b0b86->56712796-c63c-4f78-b712-8f3b1217dedc#27-t1, previous=(t:1, i:16), leaderCommit=16, initializing? false, entries: <empty>: org.apache.ratis.thirdparty.io.grpc.StatusRuntimeException: CANCELLED: cancelled before receiving half close
2019-10-14 09:45:37,394 [grpc-default-executor-16] INFO  impl.FollowerInfo (FollowerInfo.java:lambda$new$0(51)) - 47d48411-1f17-4b0d-846b-025c3a4b0b86@group-98ABAD1F0126->56712796-c63c-4f78-b712-8f3b1217dedc: nextIndex: updateUnconditionally 17 -> 16
2019-10-14 09:45:37,394 [ForkJoinPool.commonPool-worker-1] INFO  impl.RoleInfo (RoleInfo.java:shutdownLeaderState(104)) - 47d48411-1f17-4b0d-846b-025c3a4b0b86: shutdown LeaderState
2019-10-14 09:45:37,398 [org.apache.ratis.server.impl.LogAppender$AppenderDaemon$$Lambda$514/293845175@35f61ecc] WARN  server.GrpcLogAppender (GrpcLogAppender.java:mayWait(143)) - 47d48411-1f17-4b0d-846b-025c3a4b0b86@group-98ABAD1F0126->56712796-c63c-4f78-b712-8f3b1217dedc-GrpcLogAppender: Wait interrupted by java.lang.InterruptedException
2019-10-14 09:45:37,398 [org.apache.ratis.server.impl.LogAppender$AppenderDaemon$$Lambda$514/293845175@28c97f71] WARN  server.GrpcLogAppender (GrpcLogAppender.java:mayWait(143)) - 47d48411-1f17-4b0d-846b-025c3a4b0b86@group-98ABAD1F0126->d13983dc-b0b6-41ad-b475-2b910e2f36de-GrpcLogAppender: Wait interrupted by java.lang.InterruptedException
2019-10-14 09:45:37,398 [ForkJoinPool.commonPool-worker-1] INFO  impl.PendingRequests (PendingRequests.java:sendNotLeaderResponses(202)) - 47d48411-1f17-4b0d-846b-025c3a4b0b86-PendingRequests: sendNotLeaderResponses
2019-10-14 09:45:37,398 [grpc-default-executor-15] INFO  server.GrpcServerProtocolService (GrpcServerProtocolService.java:onCompleted(113)) - d13983dc-b0b6-41ad-b475-2b910e2f36de: Completed APPEND_ENTRIES, lastRequest: 47d48411-1f17-4b0d-846b-025c3a4b0b86->d13983dc-b0b6-41ad-b475-2b910e2f36de#27-t1, previous=(t:1, i:16), leaderCommit=16, initializing? false, entries: <empty>
2019-10-14 09:45:37,400 [ForkJoinPool.commonPool-worker-1] INFO  impl.StateMachineUpdater (StateMachineUpdater.java:stopAndJoin(125)) - 47d48411-1f17-4b0d-846b-025c3a4b0b86@group-98ABAD1F0126-StateMachineUpdater: set stopIndex = 16
2019-10-14 09:45:37,401 [grpc-default-executor-15] INFO  server.GrpcLogAppender (GrpcLogAppender.java:onCompleted(293)) - 47d48411-1f17-4b0d-846b-025c3a4b0b86@group-98ABAD1F0126->d13983dc-b0b6-41ad-b475-2b910e2f36de-AppendLogResponseHandler: follower responses appendEntries COMPLETED
2019-10-14 09:45:37,401 [47d48411-1f17-4b0d-846b-025c3a4b0b86@group-98ABAD1F0126-StateMachineUpdater] INFO  ratis.ContainerStateMachine (ContainerStateMachine.java:takeSnapshot(289)) - group-98ABAD1F0126: Taking a snapshot at:(t:1, i:14) file /workdir/hadoop-ozone/integration-test/target/test-dir/MiniOzoneClusterImpl-65bd215d-14c9-4112-ac30-b7a247fd80ea/datanode-2/data/ratis/93fb5659-34aa-443b-8645-98abad1f0126/sm/snapshot.1_14
2019-10-14 09:45:37,401 [grpc-default-executor-15] INFO  impl.FollowerInfo (FollowerInfo.java:lambda$new$0(51)) - 47d48411-1f17-4b0d-846b-025c3a4b0b86@group-98ABAD1F0126->d13983dc-b0b6-41ad-b475-2b910e2f36de: nextIndex: updateUnconditionally 17 -> 16
2019-10-14 09:45:37,438 [47d48411-1f17-4b0d-846b-025c3a4b0b86@group-98ABAD1F0126-StateMachineUpdater] INFO  ratis.ContainerStateMachine (ContainerStateMachine.java:takeSnapshot(300)) - group-98ABAD1F0126: Finished taking a snapshot at:(t:1, i:14) file:/workdir/hadoop-ozone/integration-test/target/test-dir/MiniOzoneClusterImpl-65bd215d-14c9-4112-ac30-b7a247fd80ea/datanode-2/data/ratis/93fb5659-34aa-443b-8645-98abad1f0126/sm/snapshot.1_14 time:38
2019-10-14 09:45:37,439 [47d48411-1f17-4b0d-846b-025c3a4b0b86@group-98ABAD1F0126-StateMachineUpdater] INFO  impl.StateMachineUpdater (StateMachineUpdater.java:takeSnapshot(258)) - 47d48411-1f17-4b0d-846b-025c3a4b0b86@group-98ABAD1F0126-StateMachineUpdater: Took a snapshot at index 14
2019-10-14 09:45:37,439 [47d48411-1f17-4b0d-846b-025c3a4b0b86@group-98ABAD1F0126-StateMachineUpdater] INFO  impl.StateMachineUpdater (StateMachineUpdater.java:lambda$new$0(83)) - 47d48411-1f17-4b0d-846b-025c3a4b0b86@group-98ABAD1F0126-StateMachineUpdater: snapshotIndex: updateIncreasingly -1 -> 14
2019-10-14 09:45:37,439 [47d48411-1f17-4b0d-846b-025c3a4b0b86@group-98ABAD1F0126-StateMachineUpdater] INFO  ratis.ContainerStateMachine (ContainerStateMachine.java:takeSnapshot(289)) - group-98ABAD1F0126: Taking a snapshot at:(t:1, i:14) file /workdir/hadoop-ozone/integration-test/target/test-dir/MiniOzoneClusterImpl-65bd215d-14c9-4112-ac30-b7a247fd80ea/datanode-2/data/ratis/93fb5659-34aa-443b-8645-98abad1f0126/sm/snapshot.1_14
2019-10-14 09:45:37,447 [main] INFO  ozoneimpl.OzoneContainer (OzoneContainer.java:stop(231)) - Attempting to stop container services.
2019-10-14 09:45:37,448 [main] INFO  impl.RaftServerProxy (RaftServerProxy.java:lambda$close$4(314)) - d13983dc-b0b6-41ad-b475-2b910e2f36de: close
2019-10-14 09:45:37,448 [main] INFO  impl.RaftServerImpl (RaftServerImpl.java:lambda$shutdown$3(251)) - d13983dc-b0b6-41ad-b475-2b910e2f36de@group-2D6C0FC78493: shutdown
2019-10-14 09:45:37,449 [main] INFO  util.JmxRegister (JmxRegister.java:unregister(73)) - Successfully un-registered JMX Bean with object name Ratis:service=RaftServer,group=group-2D6C0FC78493,id=d13983dc-b0b6-41ad-b475-2b910e2f36de
2019-10-14 09:45:37,449 [main] INFO  impl.RoleInfo (RoleInfo.java:shutdownLeaderState(104)) - d13983dc-b0b6-41ad-b475-2b910e2f36de: shutdown LeaderState
2019-10-14 09:45:37,453 [org.apache.ratis.server.impl.LogAppender$AppenderDaemon$$Lambda$514/293845175@7a89eaa2] WARN  server.GrpcLogAppender (GrpcLogAppender.java:mayWait(143)) - d13983dc-b0b6-41ad-b475-2b910e2f36de@group-2D6C0FC78493->5cb57bc8-4f11-4646-be43-d873705a5003-GrpcLogAppender: Wait interrupted by java.lang.InterruptedException
2019-10-14 09:45:37,453 [org.apache.ratis.server.impl.LogAppender$AppenderDaemon$$Lambda$514/293845175@229134bb] WARN  server.GrpcLogAppender (GrpcLogAppender.java:mayWait(143)) - d13983dc-b0b6-41ad-b475-2b910e2f36de@group-2D6C0FC78493->ffc72186-1b59-4838-b97a-28de7241d76d-GrpcLogAppender: Wait interrupted by java.lang.InterruptedException
2019-10-14 09:45:37,453 [main] INFO  impl.PendingRequests (PendingRequests.java:sendNotLeaderResponses(202)) - d13983dc-b0b6-41ad-b475-2b910e2f36de-PendingRequests: sendNotLeaderResponses
2019-10-14 09:45:37,453 [grpc-default-executor-15] INFO  server.GrpcServerProtocolService (GrpcServerProtocolService.java:onCompleted(113)) - 5cb57bc8-4f11-4646-be43-d873705a5003: Completed APPEND_ENTRIES, lastRequest: d13983dc-b0b6-41ad-b475-2b910e2f36de->5cb57bc8-4f11-4646-be43-d873705a5003#2-t6, previous=(t:6, i:0), leaderCommit=0, initializing? false, entries: <empty>
2019-10-14 09:45:37,453 [47d48411-1f17-4b0d-846b-025c3a4b0b86@group-98ABAD1F0126-StateMachineUpdater] INFO  ratis.ContainerStateMachine (ContainerStateMachine.java:takeSnapshot(300)) - group-98ABAD1F0126: Finished taking a snapshot at:(t:1, i:14) file:/workdir/hadoop-ozone/integration-test/target/test-dir/MiniOzoneClusterImpl-65bd215d-14c9-4112-ac30-b7a247fd80ea/datanode-2/data/ratis/93fb5659-34aa-443b-8645-98abad1f0126/sm/snapshot.1_14 time:14
2019-10-14 09:45:37,453 [main] INFO  impl.StateMachineUpdater (StateMachineUpdater.java:stopAndJoin(125)) - d13983dc-b0b6-41ad-b475-2b910e2f36de@group-2D6C0FC78493-StateMachineUpdater: set stopIndex = 0
2019-10-14 09:45:37,454 [main] INFO  impl.RaftServerImpl (ServerState.java:close(385)) - d13983dc-b0b6-41ad-b475-2b910e2f36de@group-2D6C0FC78493: closes. applyIndex: 0
2019-10-14 09:45:37,454 [47d48411-1f17-4b0d-846b-025c3a4b0b86@group-98ABAD1F0126-StateMachineUpdater] INFO  impl.StateMachineUpdater (StateMachineUpdater.java:takeSnapshot(258)) - 47d48411-1f17-4b0d-846b-025c3a4b0b86@group-98ABAD1F0126-StateMachineUpdater: Took a snapshot at index 14
2019-10-14 09:45:37,454 [d13983dc-b0b6-41ad-b475-2b910e2f36de@group-2D6C0FC78493-SegmentedRaftLogWorker] INFO  segmented.SegmentedRaftLogWorker (SegmentedRaftLogWorker.java:run(313)) - d13983dc-b0b6-41ad-b475-2b910e2f36de@group-2D6C0FC78493-SegmentedRaftLogWorker was interrupted, exiting. There are 0 tasks remaining in the queue.
2019-10-14 09:45:37,454 [grpc-default-executor-15] INFO  server.GrpcLogAppender (GrpcLogAppender.java:onCompleted(293)) - d13983dc-b0b6-41ad-b475-2b910e2f36de@group-2D6C0FC78493->5cb57bc8-4f11-4646-be43-d873705a5003-AppendLogResponseHandler: follower responses appendEntries COMPLETED
2019-10-14 09:45:37,464 [main] INFO  segmented.SegmentedRaftLogWorker (SegmentedRaftLogWorker.java:close(228)) - d13983dc-b0b6-41ad-b475-2b910e2f36de@group-2D6C0FC78493-SegmentedRaftLogWorker close()
2019-10-14 09:45:37,454 [47d48411-1f17-4b0d-846b-025c3a4b0b86@group-98ABAD1F0126-StateMachineUpdater] INFO  impl.StateMachineUpdater (StateMachineUpdater.java:lambda$new$0(83)) - 47d48411-1f17-4b0d-846b-025c3a4b0b86@group-98ABAD1F0126-StateMachineUpdater: snapshotIndex: updateIncreasingly 14 -> 14
2019-10-14 09:45:37,464 [main] INFO  impl.RaftServerImpl (RaftServerImpl.java:lambda$shutdown$3(251)) - d13983dc-b0b6-41ad-b475-2b910e2f36de@group-98ABAD1F0126: shutdown
2019-10-14 09:45:37,464 [grpc-default-executor-15] INFO  impl.FollowerInfo (FollowerInfo.java:lambda$new$0(51)) - d13983dc-b0b6-41ad-b475-2b910e2f36de@group-2D6C0FC78493->5cb57bc8-4f11-4646-be43-d873705a5003: nextIndex: updateUnconditionally 1 -> 0
2019-10-14 09:45:37,465 [main] INFO  util.JmxRegister (JmxRegister.java:unregister(73)) - Successfully un-registered JMX Bean with object name Ratis:service=RaftServer,group=group-98ABAD1F0126,id=d13983dc-b0b6-41ad-b475-2b910e2f36de
2019-10-14 09:45:37,465 [main] INFO  impl.RoleInfo (RoleInfo.java:shutdownFollowerState(121)) - d13983dc-b0b6-41ad-b475-2b910e2f36de: shutdown FollowerState
2019-10-14 09:45:37,464 [ForkJoinPool.commonPool-worker-1] INFO  impl.RaftServerImpl (ServerState.java:close(385)) - 47d48411-1f17-4b0d-846b-025c3a4b0b86@group-98ABAD1F0126: closes. applyIndex: 16
2019-10-14 09:45:37,465 [Thread-4200] INFO  impl.FollowerState (FollowerState.java:run(115)) - d13983dc-b0b6-41ad-b475-2b910e2f36de: FollowerState was interrupted: java.lang.InterruptedException: sleep interrupted
2019-10-14 09:45:37,465 [main] INFO  impl.StateMachineUpdater (StateMachineUpdater.java:stopAndJoin(125)) - d13983dc-b0b6-41ad-b475-2b910e2f36de@group-98ABAD1F0126-StateMachineUpdater: set stopIndex = 16
2019-10-14 09:45:37,466 [47d48411-1f17-4b0d-846b-025c3a4b0b86@group-98ABAD1F0126-SegmentedRaftLogWorker] INFO  segmented.SegmentedRaftLogWorker (SegmentedRaftLogWorker.java:run(313)) - 47d48411-1f17-4b0d-846b-025c3a4b0b86@group-98ABAD1F0126-SegmentedRaftLogWorker was interrupted, exiting. There are 0 tasks remaining in the queue.
2019-10-14 09:45:37,466 [d13983dc-b0b6-41ad-b475-2b910e2f36de@group-98ABAD1F0126-StateMachineUpdater] INFO  ratis.ContainerStateMachine (ContainerStateMachine.java:takeSnapshot(289)) - group-98ABAD1F0126: Taking a snapshot at:(t:1, i:14) file /workdir/hadoop-ozone/integration-test/target/test-dir/MiniOzoneClusterImpl-65bd215d-14c9-4112-ac30-b7a247fd80ea/datanode-3/data/ratis/93fb5659-34aa-443b-8645-98abad1f0126/sm/snapshot.1_14
2019-10-14 09:45:37,466 [ForkJoinPool.commonPool-worker-1] INFO  segmented.SegmentedRaftLogWorker (SegmentedRaftLogWorker.java:close(228)) - 47d48411-1f17-4b0d-846b-025c3a4b0b86@group-98ABAD1F0126-SegmentedRaftLogWorker close()
2019-10-14 09:45:37,466 [ForkJoinPool.commonPool-worker-1] INFO  impl.RaftServerImpl (RaftServerImpl.java:lambda$shutdown$3(251)) - 47d48411-1f17-4b0d-846b-025c3a4b0b86@group-DD45106406A3: shutdown
2019-10-14 09:45:37,467 [ForkJoinPool.commonPool-worker-1] INFO  util.JmxRegister (JmxRegister.java:unregister(73)) - Successfully un-registered JMX Bean with object name Ratis:service=RaftServer,group=group-DD45106406A3,id=47d48411-1f17-4b0d-846b-025c3a4b0b86
2019-10-14 09:45:37,467 [ForkJoinPool.commonPool-worker-1] INFO  impl.RoleInfo (RoleInfo.java:shutdownLeaderState(104)) - 47d48411-1f17-4b0d-846b-025c3a4b0b86: shutdown LeaderState
2019-10-14 09:45:37,467 [ForkJoinPool.commonPool-worker-1] INFO  impl.PendingRequests (PendingRequests.java:sendNotLeaderResponses(202)) - 47d48411-1f17-4b0d-846b-025c3a4b0b86-PendingRequests: sendNotLeaderResponses
2019-10-14 09:45:37,468 [ForkJoinPool.commonPool-worker-1] INFO  impl.StateMachineUpdater (StateMachineUpdater.java:stopAndJoin(125)) - 47d48411-1f17-4b0d-846b-025c3a4b0b86@group-DD45106406A3-StateMachineUpdater: set stopIndex = 0
2019-10-14 09:45:37,468 [ForkJoinPool.commonPool-worker-1] INFO  impl.RaftServerImpl (ServerState.java:close(385)) - 47d48411-1f17-4b0d-846b-025c3a4b0b86@group-DD45106406A3: closes. applyIndex: 0
2019-10-14 09:45:37,468 [47d48411-1f17-4b0d-846b-025c3a4b0b86@group-DD45106406A3-SegmentedRaftLogWorker] INFO  segmented.SegmentedRaftLogWorker (SegmentedRaftLogWorker.java:run(313)) - 47d48411-1f17-4b0d-846b-025c3a4b0b86@group-DD45106406A3-SegmentedRaftLogWorker was interrupted, exiting. There are 0 tasks remaining in the queue.
2019-10-14 09:45:37,478 [ForkJoinPool.commonPool-worker-1] INFO  segmented.SegmentedRaftLogWorker (SegmentedRaftLogWorker.java:close(228)) - 47d48411-1f17-4b0d-846b-025c3a4b0b86@group-DD45106406A3-SegmentedRaftLogWorker close()
2019-10-14 09:45:37,479 [ForkJoinPool.commonPool-worker-1] INFO  server.GrpcService (GrpcService.java:closeImpl(164)) - 47d48411-1f17-4b0d-846b-025c3a4b0b86: shutdown server with port 36914 now
2019-10-14 09:45:37,479 [d13983dc-b0b6-41ad-b475-2b910e2f36de@group-98ABAD1F0126-StateMachineUpdater] INFO  ratis.ContainerStateMachine (ContainerStateMachine.java:takeSnapshot(300)) - group-98ABAD1F0126: Finished taking a snapshot at:(t:1, i:14) file:/workdir/hadoop-ozone/integration-test/target/test-dir/MiniOzoneClusterImpl-65bd215d-14c9-4112-ac30-b7a247fd80ea/datanode-3/data/ratis/93fb5659-34aa-443b-8645-98abad1f0126/sm/snapshot.1_14 time:13
2019-10-14 09:45:37,479 [d13983dc-b0b6-41ad-b475-2b910e2f36de@group-98ABAD1F0126-StateMachineUpdater] INFO  impl.StateMachineUpdater (StateMachineUpdater.java:takeSnapshot(258)) - d13983dc-b0b6-41ad-b475-2b910e2f36de@group-98ABAD1F0126-StateMachineUpdater: Took a snapshot at index 14
2019-10-14 09:45:37,479 [d13983dc-b0b6-41ad-b475-2b910e2f36de@group-98ABAD1F0126-StateMachineUpdater] INFO  impl.StateMachineUpdater (StateMachineUpdater.java:lambda$new$0(83)) - d13983dc-b0b6-41ad-b475-2b910e2f36de@group-98ABAD1F0126-StateMachineUpdater: snapshotIndex: updateIncreasingly -1 -> 14
2019-10-14 09:45:37,479 [grpc-default-executor-16] WARN  client.GrpcClientProtocolService (LogUtils.java:warn(134)) - 1-UnorderedRequestStreamObserver1: onError: org.apache.ratis.thirdparty.io.grpc.StatusRuntimeException: CANCELLED: cancelled before receiving half close
2019-10-14 09:45:37,479 [d13983dc-b0b6-41ad-b475-2b910e2f36de@group-98ABAD1F0126-StateMachineUpdater] INFO  ratis.ContainerStateMachine (ContainerStateMachine.java:takeSnapshot(289)) - group-98ABAD1F0126: Taking a snapshot at:(t:1, i:14) file /workdir/hadoop-ozone/integration-test/target/test-dir/MiniOzoneClusterImpl-65bd215d-14c9-4112-ac30-b7a247fd80ea/datanode-3/data/ratis/93fb5659-34aa-443b-8645-98abad1f0126/sm/snapshot.1_14
2019-10-14 09:45:37,479 [ForkJoinPool.commonPool-worker-1] INFO  server.GrpcService (GrpcService.java:closeImpl(172)) - 47d48411-1f17-4b0d-846b-025c3a4b0b86: shutdown server with port 36914 successfully
2019-10-14 09:45:37,481 [refreshUsed-/workdir/hadoop-ozone/integration-test/target/test-dir/MiniOzoneClusterImpl-65bd215d-14c9-4112-ac30-b7a247fd80ea/datanode-2/data/containers] WARN  fs.CachingGetSpaceUsed (CachingGetSpaceUsed.java:run(183)) - Thread Interrupted waiting to refresh disk information: sleep interrupted
2019-10-14 09:45:37,492 [d13983dc-b0b6-41ad-b475-2b910e2f36de@group-98ABAD1F0126-StateMachineUpdater] INFO  ratis.ContainerStateMachine (ContainerStateMachine.java:takeSnapshot(300)) - group-98ABAD1F0126: Finished taking a snapshot at:(t:1, i:14) file:/workdir/hadoop-ozone/integration-test/target/test-dir/MiniOzoneClusterImpl-65bd215d-14c9-4112-ac30-b7a247fd80ea/datanode-3/data/ratis/93fb5659-34aa-443b-8645-98abad1f0126/sm/snapshot.1_14 time:13
2019-10-14 09:45:37,492 [d13983dc-b0b6-41ad-b475-2b910e2f36de@group-98ABAD1F0126-StateMachineUpdater] INFO  impl.StateMachineUpdater (StateMachineUpdater.java:takeSnapshot(258)) - d13983dc-b0b6-41ad-b475-2b910e2f36de@group-98ABAD1F0126-StateMachineUpdater: Took a snapshot at index 14
2019-10-14 09:45:37,493 [d13983dc-b0b6-41ad-b475-2b910e2f36de@group-98ABAD1F0126-StateMachineUpdater] INFO  impl.StateMachineUpdater (StateMachineUpdater.java:lambda$new$0(83)) - d13983dc-b0b6-41ad-b475-2b910e2f36de@group-98ABAD1F0126-StateMachineUpdater: snapshotIndex: updateIncreasingly 14 -> 14
2019-10-14 09:45:37,493 [main] INFO  impl.RaftServerImpl (ServerState.java:close(385)) - d13983dc-b0b6-41ad-b475-2b910e2f36de@group-98ABAD1F0126: closes. applyIndex: 16
2019-10-14 09:45:37,493 [d13983dc-b0b6-41ad-b475-2b910e2f36de@group-98ABAD1F0126-SegmentedRaftLogWorker] INFO  segmented.SegmentedRaftLogWorker (SegmentedRaftLogWorker.java:run(313)) - d13983dc-b0b6-41ad-b475-2b910e2f36de@group-98ABAD1F0126-SegmentedRaftLogWorker was interrupted, exiting. There are 0 tasks remaining in the queue.
2019-10-14 09:45:37,493 [main] INFO  segmented.SegmentedRaftLogWorker (SegmentedRaftLogWorker.java:close(228)) - d13983dc-b0b6-41ad-b475-2b910e2f36de@group-98ABAD1F0126-SegmentedRaftLogWorker close()
2019-10-14 09:45:37,494 [main] INFO  impl.RaftServerImpl (RaftServerImpl.java:lambda$shutdown$3(251)) - d13983dc-b0b6-41ad-b475-2b910e2f36de@group-AC596D94C915: shutdown
2019-10-14 09:45:37,494 [main] INFO  util.JmxRegister (JmxRegister.java:unregister(73)) - Successfully un-registered JMX Bean with object name Ratis:service=RaftServer,group=group-AC596D94C915,id=d13983dc-b0b6-41ad-b475-2b910e2f36de
2019-10-14 09:45:37,494 [main] INFO  impl.RoleInfo (RoleInfo.java:shutdownLeaderState(104)) - d13983dc-b0b6-41ad-b475-2b910e2f36de: shutdown LeaderState
2019-10-14 09:45:37,497 [main] INFO  impl.PendingRequests (PendingRequests.java:sendNotLeaderResponses(202)) - d13983dc-b0b6-41ad-b475-2b910e2f36de-PendingRequests: sendNotLeaderResponses
2019-10-14 09:45:37,498 [org.apache.ratis.server.impl.LogAppender$AppenderDaemon$$Lambda$514/293845175@6aef0593] WARN  server.GrpcLogAppender (GrpcLogAppender.java:mayWait(143)) - d13983dc-b0b6-41ad-b475-2b910e2f36de@group-AC596D94C915->2be2fac0-04ab-46f3-bf55-9c63f02fedac-GrpcLogAppender: Wait interrupted by java.lang.InterruptedException
2019-10-14 09:45:37,498 [main] INFO  impl.StateMachineUpdater (StateMachineUpdater.java:stopAndJoin(125)) - d13983dc-b0b6-41ad-b475-2b910e2f36de@group-AC596D94C915-StateMachineUpdater: set stopIndex = 0
2019-10-14 09:45:37,497 [org.apache.ratis.server.impl.LogAppender$AppenderDaemon$$Lambda$514/293845175@60db8391] WARN  server.GrpcLogAppender (GrpcLogAppender.java:mayWait(143)) - d13983dc-b0b6-41ad-b475-2b910e2f36de@group-AC596D94C915->5b2bdeb4-7ea1-4df6-a88d-afaaea11e92e-GrpcLogAppender: Wait interrupted by java.lang.InterruptedException
2019-10-14 09:45:37,498 [main] INFO  impl.RaftServerImpl (ServerState.java:close(385)) - d13983dc-b0b6-41ad-b475-2b910e2f36de@group-AC596D94C915: closes. applyIndex: 0
2019-10-14 09:45:37,498 [d13983dc-b0b6-41ad-b475-2b910e2f36de@group-AC596D94C915-SegmentedRaftLogWorker] INFO  segmented.SegmentedRaftLogWorker (SegmentedRaftLogWorker.java:run(313)) - d13983dc-b0b6-41ad-b475-2b910e2f36de@group-AC596D94C915-SegmentedRaftLogWorker was interrupted, exiting. There are 0 tasks remaining in the queue.
2019-10-14 09:45:37,499 [main] INFO  segmented.SegmentedRaftLogWorker (SegmentedRaftLogWorker.java:close(228)) - d13983dc-b0b6-41ad-b475-2b910e2f36de@group-AC596D94C915-SegmentedRaftLogWorker close()
2019-10-14 09:45:37,499 [main] INFO  server.GrpcService (GrpcService.java:closeImpl(164)) - d13983dc-b0b6-41ad-b475-2b910e2f36de: shutdown server with port 42581 now
2019-10-14 09:45:37,499 [main] INFO  server.GrpcService (GrpcService.java:closeImpl(172)) - d13983dc-b0b6-41ad-b475-2b910e2f36de: shutdown server with port 42581 successfully
2019-10-14 09:45:37,501 [refreshUsed-/workdir/hadoop-ozone/integration-test/target/test-dir/MiniOzoneClusterImpl-65bd215d-14c9-4112-ac30-b7a247fd80ea/datanode-3/data/containers] WARN  fs.CachingGetSpaceUsed (CachingGetSpaceUsed.java:run(183)) - Thread Interrupted waiting to refresh disk information: sleep interrupted
2019-10-14 09:45:37,504 [ForkJoinPool.commonPool-worker-1] INFO  utils.BackgroundService (BackgroundService.java:shutdown(148)) - Shutting down service BlockDeletingService
2019-10-14 09:45:37,509 [ForkJoinPool.commonPool-worker-1] INFO  statemachine.DatanodeStateMachine (DatanodeStateMachine.java:stopDaemon(395)) - Ozone container server stopped.
2019-10-14 09:45:37,513 [ForkJoinPool.commonPool-worker-1] INFO  handler.ContextHandler (ContextHandler.java:doStop(910)) - Stopped o.e.j.w.WebAppContext@21274afe{/,null,UNAVAILABLE}{/hddsDatanode}
2019-10-14 09:45:37,514 [ForkJoinPool.commonPool-worker-1] INFO  server.AbstractConnector (AbstractConnector.java:doStop(318)) - Stopped ServerConnector@76a362a4{HTTP/1.1,[http/1.1]}{0.0.0.0:0}
2019-10-14 09:45:37,515 [ForkJoinPool.commonPool-worker-1] INFO  handler.ContextHandler (ContextHandler.java:doStop(910)) - Stopped o.e.j.s.ServletContextHandler@5763a655{/static,jar:file:/home/user/.m2/repository/org/apache/hadoop/hadoop-hdds-container-service/0.5.0-SNAPSHOT/hadoop-hdds-container-service-0.5.0-SNAPSHOT.jar!/webapps/static,UNAVAILABLE}
2019-10-14 09:45:37,516 [ForkJoinPool.commonPool-worker-1] INFO  handler.ContextHandler (ContextHandler.java:doStop(910)) - Stopped o.e.j.s.ServletContextHandler@78c74647{/logs,file:///workdir/hadoop-ozone/integration-test/target/log,UNAVAILABLE}
2019-10-14 09:45:37,530 [main] INFO  utils.BackgroundService (BackgroundService.java:shutdown(148)) - Shutting down service BlockDeletingService
2019-10-14 09:45:37,534 [main] INFO  statemachine.DatanodeStateMachine (DatanodeStateMachine.java:stopDaemon(395)) - Ozone container server stopped.
2019-10-14 09:45:37,535 [main] INFO  handler.ContextHandler (ContextHandler.java:doStop(910)) - Stopped o.e.j.w.WebAppContext@87f501f{/,null,UNAVAILABLE}{/hddsDatanode}
2019-10-14 09:45:37,536 [main] INFO  server.AbstractConnector (AbstractConnector.java:doStop(318)) - Stopped ServerConnector@54495935{HTTP/1.1,[http/1.1]}{0.0.0.0:0}
2019-10-14 09:45:37,537 [main] INFO  handler.ContextHandler (ContextHandler.java:doStop(910)) - Stopped o.e.j.s.ServletContextHandler@788e3702{/static,jar:file:/home/user/.m2/repository/org/apache/hadoop/hadoop-hdds-container-service/0.5.0-SNAPSHOT/hadoop-hdds-container-service-0.5.0-SNAPSHOT.jar!/webapps/static,UNAVAILABLE}
2019-10-14 09:45:37,537 [main] INFO  handler.ContextHandler (ContextHandler.java:doStop(910)) - Stopped o.e.j.s.ServletContextHandler@e3899fd{/logs,file:///workdir/hadoop-ozone/integration-test/target/log,UNAVAILABLE}
2019-10-14 09:45:37,602 [Thread-4555] INFO  impl.FollowerState (FollowerState.java:run(106)) - 5cb57bc8-4f11-4646-be43-d873705a5003:group-A3C2AC2AC23E changes to CANDIDATE, lastRpcTime:5012, electionTimeout:5012ms
2019-10-14 09:45:37,602 [Thread-4555] INFO  impl.RoleInfo (RoleInfo.java:shutdownFollowerState(121)) - 5cb57bc8-4f11-4646-be43-d873705a5003: shutdown FollowerState
2019-10-14 09:45:37,602 [Thread-4555] INFO  impl.RaftServerImpl (RaftServerImpl.java:setRole(174)) - 5cb57bc8-4f11-4646-be43-d873705a5003@group-A3C2AC2AC23E: changes role from  FOLLOWER to CANDIDATE at term 5 for changeToCandidate
2019-10-14 09:45:37,602 [Thread-4555] INFO  impl.RoleInfo (RoleInfo.java:updateAndGet(143)) - 5cb57bc8-4f11-4646-be43-d873705a5003: start LeaderElection
2019-10-14 09:45:37,625 [5cb57bc8-4f11-4646-be43-d873705a5003@group-A3C2AC2AC23E:LeaderElection137] INFO  impl.LeaderElection (LeaderElection.java:askForVotes(182)) - 5cb57bc8-4f11-4646-be43-d873705a5003@group-A3C2AC2AC23E:LeaderElection137: begin an election at term 6 for -1: [5cb57bc8-4f11-4646-be43-d873705a5003:192.168.164.214:33921, 5b2bdeb4-7ea1-4df6-a88d-afaaea11e92e:192.168.164.214:43516, ffc72186-1b59-4838-b97a-28de7241d76d:192.168.164.214:33403], old=null
2019-10-14 09:45:37,627 [5cb57bc8-4f11-4646-be43-d873705a5003@group-A3C2AC2AC23E:LeaderElection137] INFO  impl.LeaderElection (LogUtils.java:infoOrTrace(149)) - 5cb57bc8-4f11-4646-be43-d873705a5003@group-A3C2AC2AC23E:LeaderElection137 got exception when requesting votes: {}
java.util.concurrent.ExecutionException: org.apache.ratis.thirdparty.io.grpc.StatusRuntimeException: UNAVAILABLE: io exception
	at java.util.concurrent.FutureTask.report(FutureTask.java:122)
	at java.util.concurrent.FutureTask.get(FutureTask.java:192)
	at org.apache.ratis.server.impl.LeaderElection.waitForResults(LeaderElection.java:263)
	at org.apache.ratis.server.impl.LeaderElection.askForVotes(LeaderElection.java:201)
	at org.apache.ratis.server.impl.LeaderElection.run(LeaderElection.java:133)
	at java.lang.Thread.run(Thread.java:748)
Caused by: org.apache.ratis.thirdparty.io.grpc.StatusRuntimeException: UNAVAILABLE: io exception
	at org.apache.ratis.thirdparty.io.grpc.stub.ClientCalls.toStatusRuntimeException(ClientCalls.java:233)
	at org.apache.ratis.thirdparty.io.grpc.stub.ClientCalls.getUnchecked(ClientCalls.java:214)
	at org.apache.ratis.thirdparty.io.grpc.stub.ClientCalls.blockingUnaryCall(ClientCalls.java:139)
	at org.apache.ratis.proto.grpc.RaftServerProtocolServiceGrpc$RaftServerProtocolServiceBlockingStub.requestVote(RaftServerProtocolServiceGrpc.java:265)
	at org.apache.ratis.grpc.server.GrpcServerProtocolClient.requestVote(GrpcServerProtocolClient.java:90)
	at org.apache.ratis.grpc.server.GrpcService.requestVote(GrpcService.java:204)
	at org.apache.ratis.server.impl.LeaderElection.lambda$submitRequests$1(LeaderElection.java:238)
	at java.util.concurrent.FutureTask.run(FutureTask.java:266)
	at java.util.concurrent.Executors$RunnableAdapter.call(Executors.java:511)
	at java.util.concurrent.FutureTask.run(FutureTask.java:266)
	at java.util.concurrent.ThreadPoolExecutor.runWorker(ThreadPoolExecutor.java:1149)
	at java.util.concurrent.ThreadPoolExecutor$Worker.run(ThreadPoolExecutor.java:624)
	... 1 more
Caused by: org.apache.ratis.thirdparty.io.netty.channel.AbstractChannel$AnnotatedConnectException: Connection refused: /192.168.164.214:33403
	at sun.nio.ch.SocketChannelImpl.checkConnect(Native Method)
	at sun.nio.ch.SocketChannelImpl.finishConnect(SocketChannelImpl.java:717)
	at org.apache.ratis.thirdparty.io.netty.channel.socket.nio.NioSocketChannel.doFinishConnect(NioSocketChannel.java:327)
	at org.apache.ratis.thirdparty.io.netty.channel.nio.AbstractNioChannel$AbstractNioUnsafe.finishConnect(AbstractNioChannel.java:340)
	at org.apache.ratis.thirdparty.io.netty.channel.nio.NioEventLoop.processSelectedKey(NioEventLoop.java:632)
	at org.apache.ratis.thirdparty.io.netty.channel.nio.NioEventLoop.processSelectedKeysOptimized(NioEventLoop.java:579)
	at org.apache.ratis.thirdparty.io.netty.channel.nio.NioEventLoop.processSelectedKeys(NioEventLoop.java:496)
	at org.apache.ratis.thirdparty.io.netty.channel.nio.NioEventLoop.run(NioEventLoop.java:458)
	at org.apache.ratis.thirdparty.io.netty.util.concurrent.SingleThreadEventExecutor$5.run(SingleThreadEventExecutor.java:897)
	at org.apache.ratis.thirdparty.io.netty.util.concurrent.FastThreadLocalRunnable.run(FastThreadLocalRunnable.java:30)
	... 1 more
Caused by: java.net.ConnectException: Connection refused
	... 11 more
2019-10-14 09:45:37,630 [5cb57bc8-4f11-4646-be43-d873705a5003@group-A3C2AC2AC23E:LeaderElection137] INFO  impl.LeaderElection (LogUtils.java:infoOrTrace(149)) - 5cb57bc8-4f11-4646-be43-d873705a5003@group-A3C2AC2AC23E:LeaderElection137 got exception when requesting votes: {}
java.util.concurrent.ExecutionException: org.apache.ratis.thirdparty.io.grpc.StatusRuntimeException: UNAVAILABLE: io exception
	at java.util.concurrent.FutureTask.report(FutureTask.java:122)
	at java.util.concurrent.FutureTask.get(FutureTask.java:192)
	at org.apache.ratis.server.impl.LeaderElection.waitForResults(LeaderElection.java:263)
	at org.apache.ratis.server.impl.LeaderElection.askForVotes(LeaderElection.java:201)
	at org.apache.ratis.server.impl.LeaderElection.run(LeaderElection.java:133)
	at java.lang.Thread.run(Thread.java:748)
Caused by: org.apache.ratis.thirdparty.io.grpc.StatusRuntimeException: UNAVAILABLE: io exception
	at org.apache.ratis.thirdparty.io.grpc.stub.ClientCalls.toStatusRuntimeException(ClientCalls.java:233)
	at org.apache.ratis.thirdparty.io.grpc.stub.ClientCalls.getUnchecked(ClientCalls.java:214)
	at org.apache.ratis.thirdparty.io.grpc.stub.ClientCalls.blockingUnaryCall(ClientCalls.java:139)
	at org.apache.ratis.proto.grpc.RaftServerProtocolServiceGrpc$RaftServerProtocolServiceBlockingStub.requestVote(RaftServerProtocolServiceGrpc.java:265)
	at org.apache.ratis.grpc.server.GrpcServerProtocolClient.requestVote(GrpcServerProtocolClient.java:90)
	at org.apache.ratis.grpc.server.GrpcService.requestVote(GrpcService.java:204)
	at org.apache.ratis.server.impl.LeaderElection.lambda$submitRequests$1(LeaderElection.java:238)
	at java.util.concurrent.FutureTask.run(FutureTask.java:266)
	at java.util.concurrent.Executors$RunnableAdapter.call(Executors.java:511)
	at java.util.concurrent.FutureTask.run(FutureTask.java:266)
	at java.util.concurrent.ThreadPoolExecutor.runWorker(ThreadPoolExecutor.java:1149)
	at java.util.concurrent.ThreadPoolExecutor$Worker.run(ThreadPoolExecutor.java:624)
	... 1 more
Caused by: org.apache.ratis.thirdparty.io.netty.channel.AbstractChannel$AnnotatedConnectException: Connection refused: /192.168.164.214:43516
	at sun.nio.ch.SocketChannelImpl.checkConnect(Native Method)
	at sun.nio.ch.SocketChannelImpl.finishConnect(SocketChannelImpl.java:717)
	at org.apache.ratis.thirdparty.io.netty.channel.socket.nio.NioSocketChannel.doFinishConnect(NioSocketChannel.java:327)
	at org.apache.ratis.thirdparty.io.netty.channel.nio.AbstractNioChannel$AbstractNioUnsafe.finishConnect(AbstractNioChannel.java:340)
	at org.apache.ratis.thirdparty.io.netty.channel.nio.NioEventLoop.processSelectedKey(NioEventLoop.java:632)
	at org.apache.ratis.thirdparty.io.netty.channel.nio.NioEventLoop.processSelectedKeysOptimized(NioEventLoop.java:579)
	at org.apache.ratis.thirdparty.io.netty.channel.nio.NioEventLoop.processSelectedKeys(NioEventLoop.java:496)
	at org.apache.ratis.thirdparty.io.netty.channel.nio.NioEventLoop.run(NioEventLoop.java:458)
	at org.apache.ratis.thirdparty.io.netty.util.concurrent.SingleThreadEventExecutor$5.run(SingleThreadEventExecutor.java:897)
	at org.apache.ratis.thirdparty.io.netty.util.concurrent.FastThreadLocalRunnable.run(FastThreadLocalRunnable.java:30)
	... 1 more
Caused by: java.net.ConnectException: Connection refused
	... 11 more
2019-10-14 09:45:37,631 [5cb57bc8-4f11-4646-be43-d873705a5003@group-A3C2AC2AC23E:LeaderElection137] INFO  impl.LeaderElection (LeaderElection.java:logAndReturn(56)) - 5cb57bc8-4f11-4646-be43-d873705a5003@group-A3C2AC2AC23E:LeaderElection137: Election REJECTED; received 0 response(s) [] and 2 exception(s); 5cb57bc8-4f11-4646-be43-d873705a5003@group-A3C2AC2AC23E:t6, leader=null, voted=5cb57bc8-4f11-4646-be43-d873705a5003, raftlog=5cb57bc8-4f11-4646-be43-d873705a5003@group-A3C2AC2AC23E-SegmentedRaftLog:OPENED:c-1,f-1,i0, conf=-1: [5cb57bc8-4f11-4646-be43-d873705a5003:192.168.164.214:33921, 5b2bdeb4-7ea1-4df6-a88d-afaaea11e92e:192.168.164.214:43516, ffc72186-1b59-4838-b97a-28de7241d76d:192.168.164.214:33403], old=null
2019-10-14 09:45:37,631 [5cb57bc8-4f11-4646-be43-d873705a5003@group-A3C2AC2AC23E:LeaderElection137] INFO  impl.LeaderElection (LogUtils.java:infoOrTrace(149)) -   Exception 0: {}
java.util.concurrent.ExecutionException: org.apache.ratis.thirdparty.io.grpc.StatusRuntimeException: UNAVAILABLE: io exception
	at java.util.concurrent.FutureTask.report(FutureTask.java:122)
	at java.util.concurrent.FutureTask.get(FutureTask.java:192)
	at org.apache.ratis.server.impl.LeaderElection.waitForResults(LeaderElection.java:263)
	at org.apache.ratis.server.impl.LeaderElection.askForVotes(LeaderElection.java:201)
	at org.apache.ratis.server.impl.LeaderElection.run(LeaderElection.java:133)
	at java.lang.Thread.run(Thread.java:748)
Caused by: org.apache.ratis.thirdparty.io.grpc.StatusRuntimeException: UNAVAILABLE: io exception
	at org.apache.ratis.thirdparty.io.grpc.stub.ClientCalls.toStatusRuntimeException(ClientCalls.java:233)
	at org.apache.ratis.thirdparty.io.grpc.stub.ClientCalls.getUnchecked(ClientCalls.java:214)
	at org.apache.ratis.thirdparty.io.grpc.stub.ClientCalls.blockingUnaryCall(ClientCalls.java:139)
	at org.apache.ratis.proto.grpc.RaftServerProtocolServiceGrpc$RaftServerProtocolServiceBlockingStub.requestVote(RaftServerProtocolServiceGrpc.java:265)
	at org.apache.ratis.grpc.server.GrpcServerProtocolClient.requestVote(GrpcServerProtocolClient.java:90)
	at org.apache.ratis.grpc.server.GrpcService.requestVote(GrpcService.java:204)
	at org.apache.ratis.server.impl.LeaderElection.lambda$submitRequests$1(LeaderElection.java:238)
	at java.util.concurrent.FutureTask.run(FutureTask.java:266)
	at java.util.concurrent.Executors$RunnableAdapter.call(Executors.java:511)
	at java.util.concurrent.FutureTask.run(FutureTask.java:266)
	at java.util.concurrent.ThreadPoolExecutor.runWorker(ThreadPoolExecutor.java:1149)
	at java.util.concurrent.ThreadPoolExecutor$Worker.run(ThreadPoolExecutor.java:624)
	... 1 more
Caused by: org.apache.ratis.thirdparty.io.netty.channel.AbstractChannel$AnnotatedConnectException: Connection refused: /192.168.164.214:33403
	at sun.nio.ch.SocketChannelImpl.checkConnect(Native Method)
	at sun.nio.ch.SocketChannelImpl.finishConnect(SocketChannelImpl.java:717)
	at org.apache.ratis.thirdparty.io.netty.channel.socket.nio.NioSocketChannel.doFinishConnect(NioSocketChannel.java:327)
	at org.apache.ratis.thirdparty.io.netty.channel.nio.AbstractNioChannel$AbstractNioUnsafe.finishConnect(AbstractNioChannel.java:340)
	at org.apache.ratis.thirdparty.io.netty.channel.nio.NioEventLoop.processSelectedKey(NioEventLoop.java:632)
	at org.apache.ratis.thirdparty.io.netty.channel.nio.NioEventLoop.processSelectedKeysOptimized(NioEventLoop.java:579)
	at org.apache.ratis.thirdparty.io.netty.channel.nio.NioEventLoop.processSelectedKeys(NioEventLoop.java:496)
	at org.apache.ratis.thirdparty.io.netty.channel.nio.NioEventLoop.run(NioEventLoop.java:458)
	at org.apache.ratis.thirdparty.io.netty.util.concurrent.SingleThreadEventExecutor$5.run(SingleThreadEventExecutor.java:897)
	at org.apache.ratis.thirdparty.io.netty.util.concurrent.FastThreadLocalRunnable.run(FastThreadLocalRunnable.java:30)
	... 1 more
Caused by: java.net.ConnectException: Connection refused
	... 11 more
2019-10-14 09:45:37,632 [5cb57bc8-4f11-4646-be43-d873705a5003@group-A3C2AC2AC23E:LeaderElection137] INFO  impl.LeaderElection (LogUtils.java:infoOrTrace(149)) -   Exception 1: {}
java.util.concurrent.ExecutionException: org.apache.ratis.thirdparty.io.grpc.StatusRuntimeException: UNAVAILABLE: io exception
	at java.util.concurrent.FutureTask.report(FutureTask.java:122)
	at java.util.concurrent.FutureTask.get(FutureTask.java:192)
	at org.apache.ratis.server.impl.LeaderElection.waitForResults(LeaderElection.java:263)
	at org.apache.ratis.server.impl.LeaderElection.askForVotes(LeaderElection.java:201)
	at org.apache.ratis.server.impl.LeaderElection.run(LeaderElection.java:133)
	at java.lang.Thread.run(Thread.java:748)
Caused by: org.apache.ratis.thirdparty.io.grpc.StatusRuntimeException: UNAVAILABLE: io exception
	at org.apache.ratis.thirdparty.io.grpc.stub.ClientCalls.toStatusRuntimeException(ClientCalls.java:233)
	at org.apache.ratis.thirdparty.io.grpc.stub.ClientCalls.getUnchecked(ClientCalls.java:214)
	at org.apache.ratis.thirdparty.io.grpc.stub.ClientCalls.blockingUnaryCall(ClientCalls.java:139)
	at org.apache.ratis.proto.grpc.RaftServerProtocolServiceGrpc$RaftServerProtocolServiceBlockingStub.requestVote(RaftServerProtocolServiceGrpc.java:265)
	at org.apache.ratis.grpc.server.GrpcServerProtocolClient.requestVote(GrpcServerProtocolClient.java:90)
	at org.apache.ratis.grpc.server.GrpcService.requestVote(GrpcService.java:204)
	at org.apache.ratis.server.impl.LeaderElection.lambda$submitRequests$1(LeaderElection.java:238)
	at java.util.concurrent.FutureTask.run(FutureTask.java:266)
	at java.util.concurrent.Executors$RunnableAdapter.call(Executors.java:511)
	at java.util.concurrent.FutureTask.run(FutureTask.java:266)
	at java.util.concurrent.ThreadPoolExecutor.runWorker(ThreadPoolExecutor.java:1149)
	at java.util.concurrent.ThreadPoolExecutor$Worker.run(ThreadPoolExecutor.java:624)
	... 1 more
Caused by: org.apache.ratis.thirdparty.io.netty.channel.AbstractChannel$AnnotatedConnectException: Connection refused: /192.168.164.214:43516
	at sun.nio.ch.SocketChannelImpl.checkConnect(Native Method)
	at sun.nio.ch.SocketChannelImpl.finishConnect(SocketChannelImpl.java:717)
	at org.apache.ratis.thirdparty.io.netty.channel.socket.nio.NioSocketChannel.doFinishConnect(NioSocketChannel.java:327)
	at org.apache.ratis.thirdparty.io.netty.channel.nio.AbstractNioChannel$AbstractNioUnsafe.finishConnect(AbstractNioChannel.java:340)
	at org.apache.ratis.thirdparty.io.netty.channel.nio.NioEventLoop.processSelectedKey(NioEventLoop.java:632)
	at org.apache.ratis.thirdparty.io.netty.channel.nio.NioEventLoop.processSelectedKeysOptimized(NioEventLoop.java:579)
	at org.apache.ratis.thirdparty.io.netty.channel.nio.NioEventLoop.processSelectedKeys(NioEventLoop.java:496)
	at org.apache.ratis.thirdparty.io.netty.channel.nio.NioEventLoop.run(NioEventLoop.java:458)
	at org.apache.ratis.thirdparty.io.netty.util.concurrent.SingleThreadEventExecutor$5.run(SingleThreadEventExecutor.java:897)
	at org.apache.ratis.thirdparty.io.netty.util.concurrent.FastThreadLocalRunnable.run(FastThreadLocalRunnable.java:30)
	... 1 more
Caused by: java.net.ConnectException: Connection refused
	... 11 more
2019-10-14 09:45:37,632 [5cb57bc8-4f11-4646-be43-d873705a5003@group-A3C2AC2AC23E:LeaderElection137] INFO  impl.RaftServerImpl (RaftServerImpl.java:setRole(174)) - 5cb57bc8-4f11-4646-be43-d873705a5003@group-A3C2AC2AC23E: changes role from CANDIDATE to FOLLOWER at term 6 for DISCOVERED_A_NEW_TERM
2019-10-14 09:45:37,632 [5cb57bc8-4f11-4646-be43-d873705a5003@group-A3C2AC2AC23E:LeaderElection137] INFO  impl.RoleInfo (RoleInfo.java:shutdownLeaderElection(134)) - 5cb57bc8-4f11-4646-be43-d873705a5003: shutdown LeaderElection
2019-10-14 09:45:37,632 [5cb57bc8-4f11-4646-be43-d873705a5003@group-A3C2AC2AC23E:LeaderElection137] INFO  impl.RoleInfo (RoleInfo.java:updateAndGet(143)) - 5cb57bc8-4f11-4646-be43-d873705a5003: start FollowerState
2019-10-14 09:45:37,961 [Datanode State Machine Thread - 0] INFO  statemachine.DatanodeStateMachine (DatanodeStateMachine.java:lambda$startDaemon$0(350)) - Ozone container server started.
2019-10-14 09:45:38,120 [Datanode State Machine Thread - 0] INFO  statemachine.DatanodeStateMachine (DatanodeStateMachine.java:lambda$startDaemon$0(350)) - Ozone container server started.
2019-10-14 09:45:38,974 [grpc-default-executor-14] WARN  server.GrpcLogAppender (LogUtils.java:warn(134)) - 5cb57bc8-4f11-4646-be43-d873705a5003@group-9C1991127D58->ffc72186-1b59-4838-b97a-28de7241d76d-AppendLogResponseHandler: Failed appendEntries: org.apache.ratis.thirdparty.io.grpc.StatusRuntimeException: UNAVAILABLE: io exception
2019-10-14 09:45:38,974 [grpc-default-executor-14] INFO  impl.FollowerInfo (FollowerInfo.java:lambda$new$0(51)) - 5cb57bc8-4f11-4646-be43-d873705a5003@group-9C1991127D58->ffc72186-1b59-4838-b97a-28de7241d76d: nextIndex: updateUnconditionally 0 -> 0
2019-10-14 09:45:38,975 [grpc-default-executor-14] WARN  server.GrpcLogAppender (LogUtils.java:warn(134)) - 5cb57bc8-4f11-4646-be43-d873705a5003@group-9C1991127D58->5b2bdeb4-7ea1-4df6-a88d-afaaea11e92e-AppendLogResponseHandler: Failed appendEntries: org.apache.ratis.thirdparty.io.grpc.StatusRuntimeException: UNAVAILABLE: io exception
2019-10-14 09:45:38,975 [grpc-default-executor-14] INFO  impl.FollowerInfo (FollowerInfo.java:lambda$new$0(51)) - 5cb57bc8-4f11-4646-be43-d873705a5003@group-9C1991127D58->5b2bdeb4-7ea1-4df6-a88d-afaaea11e92e: nextIndex: updateUnconditionally 16 -> 15
2019-10-14 09:45:40,960 [Thread-4195] INFO  impl.FollowerState (FollowerState.java:run(106)) - 56712796-c63c-4f78-b712-8f3b1217dedc:group-1FAAE3BCC180 changes to CANDIDATE, lastRpcTime:5587, electionTimeout:5116ms
2019-10-14 09:45:40,961 [Thread-4195] INFO  impl.RoleInfo (RoleInfo.java:shutdownFollowerState(121)) - 56712796-c63c-4f78-b712-8f3b1217dedc: shutdown FollowerState
2019-10-14 09:45:40,961 [Thread-4195] INFO  impl.RaftServerImpl (RaftServerImpl.java:setRole(174)) - 56712796-c63c-4f78-b712-8f3b1217dedc@group-1FAAE3BCC180: changes role from  FOLLOWER to CANDIDATE at term 1 for changeToCandidate
2019-10-14 09:45:40,961 [Thread-4195] INFO  impl.RoleInfo (RoleInfo.java:updateAndGet(143)) - 56712796-c63c-4f78-b712-8f3b1217dedc: start LeaderElection
2019-10-14 09:45:40,962 [56712796-c63c-4f78-b712-8f3b1217dedc@group-1FAAE3BCC180:LeaderElection138] INFO  impl.RaftServerImpl (ServerState.java:setLeader(253)) - 56712796-c63c-4f78-b712-8f3b1217dedc@group-1FAAE3BCC180: change Leader from 47d48411-1f17-4b0d-846b-025c3a4b0b86 to null at term 1 for initElection
2019-10-14 09:45:41,035 [56712796-c63c-4f78-b712-8f3b1217dedc@group-1FAAE3BCC180:LeaderElection138] INFO  impl.LeaderElection (LeaderElection.java:askForVotes(182)) - 56712796-c63c-4f78-b712-8f3b1217dedc@group-1FAAE3BCC180:LeaderElection138: begin an election at term 2 for 0: [56712796-c63c-4f78-b712-8f3b1217dedc:192.168.164.214:33493, 2be2fac0-04ab-46f3-bf55-9c63f02fedac:192.168.164.214:39062, 47d48411-1f17-4b0d-846b-025c3a4b0b86:192.168.164.214:36914], old=null
2019-10-14 09:45:41,042 [56712796-c63c-4f78-b712-8f3b1217dedc@group-1FAAE3BCC180:LeaderElection138] INFO  impl.LeaderElection (LogUtils.java:infoOrTrace(149)) - 56712796-c63c-4f78-b712-8f3b1217dedc@group-1FAAE3BCC180:LeaderElection138 got exception when requesting votes: {}
java.util.concurrent.ExecutionException: org.apache.ratis.thirdparty.io.grpc.StatusRuntimeException: UNAVAILABLE: io exception
	at java.util.concurrent.FutureTask.report(FutureTask.java:122)
	at java.util.concurrent.FutureTask.get(FutureTask.java:192)
	at org.apache.ratis.server.impl.LeaderElection.waitForResults(LeaderElection.java:263)
	at org.apache.ratis.server.impl.LeaderElection.askForVotes(LeaderElection.java:201)
	at org.apache.ratis.server.impl.LeaderElection.run(LeaderElection.java:133)
	at java.lang.Thread.run(Thread.java:748)
Caused by: org.apache.ratis.thirdparty.io.grpc.StatusRuntimeException: UNAVAILABLE: io exception
	at org.apache.ratis.thirdparty.io.grpc.stub.ClientCalls.toStatusRuntimeException(ClientCalls.java:233)
	at org.apache.ratis.thirdparty.io.grpc.stub.ClientCalls.getUnchecked(ClientCalls.java:214)
	at org.apache.ratis.thirdparty.io.grpc.stub.ClientCalls.blockingUnaryCall(ClientCalls.java:139)
	at org.apache.ratis.proto.grpc.RaftServerProtocolServiceGrpc$RaftServerProtocolServiceBlockingStub.requestVote(RaftServerProtocolServiceGrpc.java:265)
	at org.apache.ratis.grpc.server.GrpcServerProtocolClient.requestVote(GrpcServerProtocolClient.java:90)
	at org.apache.ratis.grpc.server.GrpcService.requestVote(GrpcService.java:204)
	at org.apache.ratis.server.impl.LeaderElection.lambda$submitRequests$1(LeaderElection.java:238)
	at java.util.concurrent.FutureTask.run(FutureTask.java:266)
	at java.util.concurrent.Executors$RunnableAdapter.call(Executors.java:511)
	at java.util.concurrent.FutureTask.run(FutureTask.java:266)
	at java.util.concurrent.ThreadPoolExecutor.runWorker(ThreadPoolExecutor.java:1149)
	at java.util.concurrent.ThreadPoolExecutor$Worker.run(ThreadPoolExecutor.java:624)
	... 1 more
Caused by: org.apache.ratis.thirdparty.io.netty.channel.AbstractChannel$AnnotatedConnectException: Connection refused: /192.168.164.214:39062
	at sun.nio.ch.SocketChannelImpl.checkConnect(Native Method)
	at sun.nio.ch.SocketChannelImpl.finishConnect(SocketChannelImpl.java:717)
	at org.apache.ratis.thirdparty.io.netty.channel.socket.nio.NioSocketChannel.doFinishConnect(NioSocketChannel.java:327)
	at org.apache.ratis.thirdparty.io.netty.channel.nio.AbstractNioChannel$AbstractNioUnsafe.finishConnect(AbstractNioChannel.java:340)
	at org.apache.ratis.thirdparty.io.netty.channel.nio.NioEventLoop.processSelectedKey(NioEventLoop.java:632)
	at org.apache.ratis.thirdparty.io.netty.channel.nio.NioEventLoop.processSelectedKeysOptimized(NioEventLoop.java:579)
	at org.apache.ratis.thirdparty.io.netty.channel.nio.NioEventLoop.processSelectedKeys(NioEventLoop.java:496)
	at org.apache.ratis.thirdparty.io.netty.channel.nio.NioEventLoop.run(NioEventLoop.java:458)
	at org.apache.ratis.thirdparty.io.netty.util.concurrent.SingleThreadEventExecutor$5.run(SingleThreadEventExecutor.java:897)
	at org.apache.ratis.thirdparty.io.netty.util.concurrent.FastThreadLocalRunnable.run(FastThreadLocalRunnable.java:30)
	... 1 more
Caused by: java.net.ConnectException: Connection refused
	... 11 more
2019-10-14 09:45:41,048 [56712796-c63c-4f78-b712-8f3b1217dedc@group-1FAAE3BCC180:LeaderElection138] INFO  impl.LeaderElection (LogUtils.java:infoOrTrace(149)) - 56712796-c63c-4f78-b712-8f3b1217dedc@group-1FAAE3BCC180:LeaderElection138 got exception when requesting votes: {}
java.util.concurrent.ExecutionException: org.apache.ratis.thirdparty.io.grpc.StatusRuntimeException: UNAVAILABLE: io exception
	at java.util.concurrent.FutureTask.report(FutureTask.java:122)
	at java.util.concurrent.FutureTask.get(FutureTask.java:192)
	at org.apache.ratis.server.impl.LeaderElection.waitForResults(LeaderElection.java:263)
	at org.apache.ratis.server.impl.LeaderElection.askForVotes(LeaderElection.java:201)
	at org.apache.ratis.server.impl.LeaderElection.run(LeaderElection.java:133)
	at java.lang.Thread.run(Thread.java:748)
Caused by: org.apache.ratis.thirdparty.io.grpc.StatusRuntimeException: UNAVAILABLE: io exception
	at org.apache.ratis.thirdparty.io.grpc.stub.ClientCalls.toStatusRuntimeException(ClientCalls.java:233)
	at org.apache.ratis.thirdparty.io.grpc.stub.ClientCalls.getUnchecked(ClientCalls.java:214)
	at org.apache.ratis.thirdparty.io.grpc.stub.ClientCalls.blockingUnaryCall(ClientCalls.java:139)
	at org.apache.ratis.proto.grpc.RaftServerProtocolServiceGrpc$RaftServerProtocolServiceBlockingStub.requestVote(RaftServerProtocolServiceGrpc.java:265)
	at org.apache.ratis.grpc.server.GrpcServerProtocolClient.requestVote(GrpcServerProtocolClient.java:90)
	at org.apache.ratis.grpc.server.GrpcService.requestVote(GrpcService.java:204)
	at org.apache.ratis.server.impl.LeaderElection.lambda$submitRequests$1(LeaderElection.java:238)
	at java.util.concurrent.FutureTask.run(FutureTask.java:266)
	at java.util.concurrent.Executors$RunnableAdapter.call(Executors.java:511)
	at java.util.concurrent.FutureTask.run(FutureTask.java:266)
	at java.util.concurrent.ThreadPoolExecutor.runWorker(ThreadPoolExecutor.java:1149)
	at java.util.concurrent.ThreadPoolExecutor$Worker.run(ThreadPoolExecutor.java:624)
	... 1 more
Caused by: org.apache.ratis.thirdparty.io.netty.channel.AbstractChannel$AnnotatedConnectException: Connection refused: /192.168.164.214:36914
	at sun.nio.ch.SocketChannelImpl.checkConnect(Native Method)
	at sun.nio.ch.SocketChannelImpl.finishConnect(SocketChannelImpl.java:717)
	at org.apache.ratis.thirdparty.io.netty.channel.socket.nio.NioSocketChannel.doFinishConnect(NioSocketChannel.java:327)
	at org.apache.ratis.thirdparty.io.netty.channel.nio.AbstractNioChannel$AbstractNioUnsafe.finishConnect(AbstractNioChannel.java:340)
	at org.apache.ratis.thirdparty.io.netty.channel.nio.NioEventLoop.processSelectedKey(NioEventLoop.java:632)
	at org.apache.ratis.thirdparty.io.netty.channel.nio.NioEventLoop.processSelectedKeysOptimized(NioEventLoop.java:579)
	at org.apache.ratis.thirdparty.io.netty.channel.nio.NioEventLoop.processSelectedKeys(NioEventLoop.java:496)
	at org.apache.ratis.thirdparty.io.netty.channel.nio.NioEventLoop.run(NioEventLoop.java:458)
	at org.apache.ratis.thirdparty.io.netty.util.concurrent.SingleThreadEventExecutor$5.run(SingleThreadEventExecutor.java:897)
	at org.apache.ratis.thirdparty.io.netty.util.concurrent.FastThreadLocalRunnable.run(FastThreadLocalRunnable.java:30)
	... 1 more
Caused by: java.net.ConnectException: Connection refused
	... 11 more
2019-10-14 09:45:41,056 [56712796-c63c-4f78-b712-8f3b1217dedc@group-1FAAE3BCC180:LeaderElection138] INFO  impl.LeaderElection (LeaderElection.java:logAndReturn(56)) - 56712796-c63c-4f78-b712-8f3b1217dedc@group-1FAAE3BCC180:LeaderElection138: Election REJECTED; received 0 response(s) [] and 2 exception(s); 56712796-c63c-4f78-b712-8f3b1217dedc@group-1FAAE3BCC180:t2, leader=null, voted=56712796-c63c-4f78-b712-8f3b1217dedc, raftlog=56712796-c63c-4f78-b712-8f3b1217dedc@group-1FAAE3BCC180-SegmentedRaftLog:OPENED:c0,f0,i0, conf=0: [56712796-c63c-4f78-b712-8f3b1217dedc:192.168.164.214:33493, 2be2fac0-04ab-46f3-bf55-9c63f02fedac:192.168.164.214:39062, 47d48411-1f17-4b0d-846b-025c3a4b0b86:192.168.164.214:36914], old=null
2019-10-14 09:45:41,056 [56712796-c63c-4f78-b712-8f3b1217dedc@group-1FAAE3BCC180:LeaderElection138] INFO  impl.LeaderElection (LogUtils.java:infoOrTrace(149)) -   Exception 0: {}
java.util.concurrent.ExecutionException: org.apache.ratis.thirdparty.io.grpc.StatusRuntimeException: UNAVAILABLE: io exception
	at java.util.concurrent.FutureTask.report(FutureTask.java:122)
	at java.util.concurrent.FutureTask.get(FutureTask.java:192)
	at org.apache.ratis.server.impl.LeaderElection.waitForResults(LeaderElection.java:263)
	at org.apache.ratis.server.impl.LeaderElection.askForVotes(LeaderElection.java:201)
	at org.apache.ratis.server.impl.LeaderElection.run(LeaderElection.java:133)
	at java.lang.Thread.run(Thread.java:748)
Caused by: org.apache.ratis.thirdparty.io.grpc.StatusRuntimeException: UNAVAILABLE: io exception
	at org.apache.ratis.thirdparty.io.grpc.stub.ClientCalls.toStatusRuntimeException(ClientCalls.java:233)
	at org.apache.ratis.thirdparty.io.grpc.stub.ClientCalls.getUnchecked(ClientCalls.java:214)
	at org.apache.ratis.thirdparty.io.grpc.stub.ClientCalls.blockingUnaryCall(ClientCalls.java:139)
	at org.apache.ratis.proto.grpc.RaftServerProtocolServiceGrpc$RaftServerProtocolServiceBlockingStub.requestVote(RaftServerProtocolServiceGrpc.java:265)
	at org.apache.ratis.grpc.server.GrpcServerProtocolClient.requestVote(GrpcServerProtocolClient.java:90)
	at org.apache.ratis.grpc.server.GrpcService.requestVote(GrpcService.java:204)
	at org.apache.ratis.server.impl.LeaderElection.lambda$submitRequests$1(LeaderElection.java:238)
	at java.util.concurrent.FutureTask.run(FutureTask.java:266)
	at java.util.concurrent.Executors$RunnableAdapter.call(Executors.java:511)
	at java.util.concurrent.FutureTask.run(FutureTask.java:266)
	at java.util.concurrent.ThreadPoolExecutor.runWorker(ThreadPoolExecutor.java:1149)
	at java.util.concurrent.ThreadPoolExecutor$Worker.run(ThreadPoolExecutor.java:624)
	... 1 more
Caused by: org.apache.ratis.thirdparty.io.netty.channel.AbstractChannel$AnnotatedConnectException: Connection refused: /192.168.164.214:39062
	at sun.nio.ch.SocketChannelImpl.checkConnect(Native Method)
	at sun.nio.ch.SocketChannelImpl.finishConnect(SocketChannelImpl.java:717)
	at org.apache.ratis.thirdparty.io.netty.channel.socket.nio.NioSocketChannel.doFinishConnect(NioSocketChannel.java:327)
	at org.apache.ratis.thirdparty.io.netty.channel.nio.AbstractNioChannel$AbstractNioUnsafe.finishConnect(AbstractNioChannel.java:340)
	at org.apache.ratis.thirdparty.io.netty.channel.nio.NioEventLoop.processSelectedKey(NioEventLoop.java:632)
	at org.apache.ratis.thirdparty.io.netty.channel.nio.NioEventLoop.processSelectedKeysOptimized(NioEventLoop.java:579)
	at org.apache.ratis.thirdparty.io.netty.channel.nio.NioEventLoop.processSelectedKeys(NioEventLoop.java:496)
	at org.apache.ratis.thirdparty.io.netty.channel.nio.NioEventLoop.run(NioEventLoop.java:458)
	at org.apache.ratis.thirdparty.io.netty.util.concurrent.SingleThreadEventExecutor$5.run(SingleThreadEventExecutor.java:897)
	at org.apache.ratis.thirdparty.io.netty.util.concurrent.FastThreadLocalRunnable.run(FastThreadLocalRunnable.java:30)
	... 1 more
Caused by: java.net.ConnectException: Connection refused
	... 11 more
2019-10-14 09:45:41,057 [56712796-c63c-4f78-b712-8f3b1217dedc@group-1FAAE3BCC180:LeaderElection138] INFO  impl.LeaderElection (LogUtils.java:infoOrTrace(149)) -   Exception 1: {}
java.util.concurrent.ExecutionException: org.apache.ratis.thirdparty.io.grpc.StatusRuntimeException: UNAVAILABLE: io exception
	at java.util.concurrent.FutureTask.report(FutureTask.java:122)
	at java.util.concurrent.FutureTask.get(FutureTask.java:192)
	at org.apache.ratis.server.impl.LeaderElection.waitForResults(LeaderElection.java:263)
	at org.apache.ratis.server.impl.LeaderElection.askForVotes(LeaderElection.java:201)
	at org.apache.ratis.server.impl.LeaderElection.run(LeaderElection.java:133)
	at java.lang.Thread.run(Thread.java:748)
Caused by: org.apache.ratis.thirdparty.io.grpc.StatusRuntimeException: UNAVAILABLE: io exception
	at org.apache.ratis.thirdparty.io.grpc.stub.ClientCalls.toStatusRuntimeException(ClientCalls.java:233)
	at org.apache.ratis.thirdparty.io.grpc.stub.ClientCalls.getUnchecked(ClientCalls.java:214)
	at org.apache.ratis.thirdparty.io.grpc.stub.ClientCalls.blockingUnaryCall(ClientCalls.java:139)
	at org.apache.ratis.proto.grpc.RaftServerProtocolServiceGrpc$RaftServerProtocolServiceBlockingStub.requestVote(RaftServerProtocolServiceGrpc.java:265)
	at org.apache.ratis.grpc.server.GrpcServerProtocolClient.requestVote(GrpcServerProtocolClient.java:90)
	at org.apache.ratis.grpc.server.GrpcService.requestVote(GrpcService.java:204)
	at org.apache.ratis.server.impl.LeaderElection.lambda$submitRequests$1(LeaderElection.java:238)
	at java.util.concurrent.FutureTask.run(FutureTask.java:266)
	at java.util.concurrent.Executors$RunnableAdapter.call(Executors.java:511)
	at java.util.concurrent.FutureTask.run(FutureTask.java:266)
	at java.util.concurrent.ThreadPoolExecutor.runWorker(ThreadPoolExecutor.java:1149)
	at java.util.concurrent.ThreadPoolExecutor$Worker.run(ThreadPoolExecutor.java:624)
	... 1 more
Caused by: org.apache.ratis.thirdparty.io.netty.channel.AbstractChannel$AnnotatedConnectException: Connection refused: /192.168.164.214:36914
	at sun.nio.ch.SocketChannelImpl.checkConnect(Native Method)
	at sun.nio.ch.SocketChannelImpl.finishConnect(SocketChannelImpl.java:717)
	at org.apache.ratis.thirdparty.io.netty.channel.socket.nio.NioSocketChannel.doFinishConnect(NioSocketChannel.java:327)
	at org.apache.ratis.thirdparty.io.netty.channel.nio.AbstractNioChannel$AbstractNioUnsafe.finishConnect(AbstractNioChannel.java:340)
	at org.apache.ratis.thirdparty.io.netty.channel.nio.NioEventLoop.processSelectedKey(NioEventLoop.java:632)
	at org.apache.ratis.thirdparty.io.netty.channel.nio.NioEventLoop.processSelectedKeysOptimized(NioEventLoop.java:579)
	at org.apache.ratis.thirdparty.io.netty.channel.nio.NioEventLoop.processSelectedKeys(NioEventLoop.java:496)
	at org.apache.ratis.thirdparty.io.netty.channel.nio.NioEventLoop.run(NioEventLoop.java:458)
	at org.apache.ratis.thirdparty.io.netty.util.concurrent.SingleThreadEventExecutor$5.run(SingleThreadEventExecutor.java:897)
	at org.apache.ratis.thirdparty.io.netty.util.concurrent.FastThreadLocalRunnable.run(FastThreadLocalRunnable.java:30)
	... 1 more
Caused by: java.net.ConnectException: Connection refused
	... 11 more
2019-10-14 09:45:41,057 [56712796-c63c-4f78-b712-8f3b1217dedc@group-1FAAE3BCC180:LeaderElection138] INFO  impl.RaftServerImpl (RaftServerImpl.java:setRole(174)) - 56712796-c63c-4f78-b712-8f3b1217dedc@group-1FAAE3BCC180: changes role from CANDIDATE to FOLLOWER at term 2 for DISCOVERED_A_NEW_TERM
2019-10-14 09:45:41,057 [56712796-c63c-4f78-b712-8f3b1217dedc@group-1FAAE3BCC180:LeaderElection138] INFO  impl.RoleInfo (RoleInfo.java:shutdownLeaderElection(134)) - 56712796-c63c-4f78-b712-8f3b1217dedc: shutdown LeaderElection
2019-10-14 09:45:41,058 [56712796-c63c-4f78-b712-8f3b1217dedc@group-1FAAE3BCC180:LeaderElection138] INFO  impl.RoleInfo (RoleInfo.java:updateAndGet(143)) - 56712796-c63c-4f78-b712-8f3b1217dedc: start FollowerState
2019-10-14 09:45:41,479 [grpc-default-executor-14] WARN  server.GrpcLogAppender (LogUtils.java:warn(134)) - 5cb57bc8-4f11-4646-be43-d873705a5003@group-9C1991127D58->ffc72186-1b59-4838-b97a-28de7241d76d-AppendLogResponseHandler: Failed appendEntries: org.apache.ratis.thirdparty.io.grpc.StatusRuntimeException: UNAVAILABLE: io exception
2019-10-14 09:45:41,480 [grpc-default-executor-16] WARN  server.GrpcLogAppender (LogUtils.java:warn(134)) - 5cb57bc8-4f11-4646-be43-d873705a5003@group-9C1991127D58->5b2bdeb4-7ea1-4df6-a88d-afaaea11e92e-AppendLogResponseHandler: Failed appendEntries: org.apache.ratis.thirdparty.io.grpc.StatusRuntimeException: UNAVAILABLE: io exception
2019-10-14 09:45:41,480 [grpc-default-executor-14] INFO  impl.FollowerInfo (FollowerInfo.java:lambda$new$0(51)) - 5cb57bc8-4f11-4646-be43-d873705a5003@group-9C1991127D58->ffc72186-1b59-4838-b97a-28de7241d76d: nextIndex: updateUnconditionally 0 -> 0
2019-10-14 09:45:41,480 [grpc-default-executor-16] INFO  impl.FollowerInfo (FollowerInfo.java:lambda$new$0(51)) - 5cb57bc8-4f11-4646-be43-d873705a5003@group-9C1991127D58->5b2bdeb4-7ea1-4df6-a88d-afaaea11e92e: nextIndex: updateUnconditionally 15 -> 14
2019-10-14 09:45:41,980 [EventQueue-StaleNodeForStaleNodeHandler] INFO  node.StaleNodeHandler (StaleNodeHandler.java:onMessage(58)) - Datanode 56712796-c63c-4f78-b712-8f3b1217dedc{ip: 192.168.164.214, host: pr-hdds-1569-vp9xg-4248047660, networkLocation: /default-rack, certSerialId: null} moved to stale state. Finalizing its pipelines [PipelineID=8c901a75-9ba0-4ef4-a371-7941f1d03cf1, PipelineID=9a9973fe-e5fc-4f77-8389-1faae3bcc180, PipelineID=93fb5659-34aa-443b-8645-98abad1f0126]
2019-10-14 09:45:41,980 [EventQueue-StaleNodeForStaleNodeHandler] INFO  pipeline.SCMPipelineManager (SCMPipelineManager.java:finalizeAndDestroyPipeline(342)) - destroying pipeline:Pipeline[ Id: 8c901a75-9ba0-4ef4-a371-7941f1d03cf1, Nodes: 56712796-c63c-4f78-b712-8f3b1217dedc{ip: 192.168.164.214, host: pr-hdds-1569-vp9xg-4248047660, networkLocation: /default-rack, certSerialId: null}, Type:RATIS, Factor:ONE, State:OPEN]
2019-10-14 09:45:41,981 [EventQueue-StaleNodeForStaleNodeHandler] INFO  pipeline.PipelineStateManager (PipelineStateManager.java:finalizePipeline(123)) - Pipeline Pipeline[ Id: 8c901a75-9ba0-4ef4-a371-7941f1d03cf1, Nodes: 56712796-c63c-4f78-b712-8f3b1217dedc{ip: 192.168.164.214, host: pr-hdds-1569-vp9xg-4248047660, networkLocation: /default-rack, certSerialId: null}, Type:RATIS, Factor:ONE, State:CLOSED] moved to CLOSED state
2019-10-14 09:45:41,981 [EventQueue-StaleNodeForStaleNodeHandler] INFO  pipeline.SCMPipelineManager (SCMPipelineManager.java:finalizeAndDestroyPipeline(342)) - destroying pipeline:Pipeline[ Id: 9a9973fe-e5fc-4f77-8389-1faae3bcc180, Nodes: 56712796-c63c-4f78-b712-8f3b1217dedc{ip: 192.168.164.214, host: pr-hdds-1569-vp9xg-4248047660, networkLocation: /default-rack, certSerialId: null}2be2fac0-04ab-46f3-bf55-9c63f02fedac{ip: 192.168.164.214, host: pr-hdds-1569-vp9xg-4248047660, networkLocation: /default-rack, certSerialId: null}47d48411-1f17-4b0d-846b-025c3a4b0b86{ip: 192.168.164.214, host: pr-hdds-1569-vp9xg-4248047660, networkLocation: /default-rack, certSerialId: null}, Type:RATIS, Factor:THREE, State:CLOSED]
2019-10-14 09:45:41,981 [EventQueue-StaleNodeForStaleNodeHandler] INFO  pipeline.SCMPipelineManager (SCMPipelineManager.java:finalizeAndDestroyPipeline(342)) - destroying pipeline:Pipeline[ Id: 93fb5659-34aa-443b-8645-98abad1f0126, Nodes: 56712796-c63c-4f78-b712-8f3b1217dedc{ip: 192.168.164.214, host: pr-hdds-1569-vp9xg-4248047660, networkLocation: /default-rack, certSerialId: null}47d48411-1f17-4b0d-846b-025c3a4b0b86{ip: 192.168.164.214, host: pr-hdds-1569-vp9xg-4248047660, networkLocation: /default-rack, certSerialId: null}d13983dc-b0b6-41ad-b475-2b910e2f36de{ip: 192.168.164.214, host: pr-hdds-1569-vp9xg-4248047660, networkLocation: /default-rack, certSerialId: null}, Type:RATIS, Factor:THREE, State:CLOSED]
2019-10-14 09:45:42,180 [EventQueue-StaleNodeForStaleNodeHandler] INFO  node.StaleNodeHandler (StaleNodeHandler.java:onMessage(58)) - Datanode 5cb57bc8-4f11-4646-be43-d873705a5003{ip: 192.168.164.214, host: pr-hdds-1569-vp9xg-4248047660, networkLocation: /default-rack, certSerialId: null} moved to stale state. Finalizing its pipelines [PipelineID=8e2f8d88-ef50-4601-a33f-2d6c0fc78493, PipelineID=5a07b73a-a694-4344-9f8c-a3c2ac2ac23e, PipelineID=18bdd093-60c4-4616-9146-9c1991127d58]
2019-10-14 09:45:42,180 [EventQueue-StaleNodeForStaleNodeHandler] INFO  pipeline.SCMPipelineManager (SCMPipelineManager.java:finalizeAndDestroyPipeline(342)) - destroying pipeline:Pipeline[ Id: 8e2f8d88-ef50-4601-a33f-2d6c0fc78493, Nodes: d13983dc-b0b6-41ad-b475-2b910e2f36de{ip: 192.168.164.214, host: pr-hdds-1569-vp9xg-4248047660, networkLocation: /default-rack, certSerialId: null}ffc72186-1b59-4838-b97a-28de7241d76d{ip: 192.168.164.214, host: pr-hdds-1569-vp9xg-4248047660, networkLocation: /default-rack, certSerialId: null}5cb57bc8-4f11-4646-be43-d873705a5003{ip: 192.168.164.214, host: pr-hdds-1569-vp9xg-4248047660, networkLocation: /default-rack, certSerialId: null}, Type:RATIS, Factor:THREE, State:CLOSED]
2019-10-14 09:45:42,181 [EventQueue-StaleNodeForStaleNodeHandler] INFO  pipeline.SCMPipelineManager (SCMPipelineManager.java:finalizeAndDestroyPipeline(342)) - destroying pipeline:Pipeline[ Id: 5a07b73a-a694-4344-9f8c-a3c2ac2ac23e, Nodes: 5b2bdeb4-7ea1-4df6-a88d-afaaea11e92e{ip: 192.168.164.214, host: pr-hdds-1569-vp9xg-4248047660, networkLocation: /default-rack, certSerialId: null}ffc72186-1b59-4838-b97a-28de7241d76d{ip: 192.168.164.214, host: pr-hdds-1569-vp9xg-4248047660, networkLocation: /default-rack, certSerialId: null}5cb57bc8-4f11-4646-be43-d873705a5003{ip: 192.168.164.214, host: pr-hdds-1569-vp9xg-4248047660, networkLocation: /default-rack, certSerialId: null}, Type:RATIS, Factor:THREE, State:CLOSED]
2019-10-14 09:45:42,181 [EventQueue-StaleNodeForStaleNodeHandler] INFO  pipeline.SCMPipelineManager (SCMPipelineManager.java:finalizeAndDestroyPipeline(342)) - destroying pipeline:Pipeline[ Id: 18bdd093-60c4-4616-9146-9c1991127d58, Nodes: ffc72186-1b59-4838-b97a-28de7241d76d{ip: 192.168.164.214, host: pr-hdds-1569-vp9xg-4248047660, networkLocation: /default-rack, certSerialId: null}5b2bdeb4-7ea1-4df6-a88d-afaaea11e92e{ip: 192.168.164.214, host: pr-hdds-1569-vp9xg-4248047660, networkLocation: /default-rack, certSerialId: null}5cb57bc8-4f11-4646-be43-d873705a5003{ip: 192.168.164.214, host: pr-hdds-1569-vp9xg-4248047660, networkLocation: /default-rack, certSerialId: null}, Type:RATIS, Factor:THREE, State:CLOSED]
2019-10-14 09:45:42,518 [ForkJoinPool.commonPool-worker-1] INFO  ozoneimpl.OzoneContainer (OzoneContainer.java:stop(231)) - Attempting to stop container services.
2019-10-14 09:45:42,519 [ForkJoinPool.commonPool-worker-1] INFO  impl.RaftServerProxy (RaftServerProxy.java:lambda$close$4(314)) - 56712796-c63c-4f78-b712-8f3b1217dedc: close
2019-10-14 09:45:42,520 [ForkJoinPool.commonPool-worker-1] INFO  impl.RaftServerImpl (RaftServerImpl.java:lambda$shutdown$3(251)) - 56712796-c63c-4f78-b712-8f3b1217dedc@group-7941F1D03CF1: shutdown
2019-10-14 09:45:42,520 [ForkJoinPool.commonPool-worker-1] INFO  util.JmxRegister (JmxRegister.java:unregister(73)) - Successfully un-registered JMX Bean with object name Ratis:service=RaftServer,group=group-7941F1D03CF1,id=56712796-c63c-4f78-b712-8f3b1217dedc
2019-10-14 09:45:42,520 [ForkJoinPool.commonPool-worker-1] INFO  impl.RoleInfo (RoleInfo.java:shutdownLeaderState(104)) - 56712796-c63c-4f78-b712-8f3b1217dedc: shutdown LeaderState
2019-10-14 09:45:42,521 [ForkJoinPool.commonPool-worker-1] INFO  impl.PendingRequests (PendingRequests.java:sendNotLeaderResponses(202)) - 56712796-c63c-4f78-b712-8f3b1217dedc-PendingRequests: sendNotLeaderResponses
2019-10-14 09:45:42,521 [ForkJoinPool.commonPool-worker-1] INFO  impl.StateMachineUpdater (StateMachineUpdater.java:stopAndJoin(125)) - 56712796-c63c-4f78-b712-8f3b1217dedc@group-7941F1D03CF1-StateMachineUpdater: set stopIndex = 0
2019-10-14 09:45:42,522 [ForkJoinPool.commonPool-worker-1] INFO  impl.RaftServerImpl (ServerState.java:close(385)) - 56712796-c63c-4f78-b712-8f3b1217dedc@group-7941F1D03CF1: closes. applyIndex: 0
2019-10-14 09:45:42,522 [56712796-c63c-4f78-b712-8f3b1217dedc@group-7941F1D03CF1-SegmentedRaftLogWorker] INFO  segmented.SegmentedRaftLogWorker (SegmentedRaftLogWorker.java:run(313)) - 56712796-c63c-4f78-b712-8f3b1217dedc@group-7941F1D03CF1-SegmentedRaftLogWorker was interrupted, exiting. There are 0 tasks remaining in the queue.
2019-10-14 09:45:42,523 [ForkJoinPool.commonPool-worker-1] INFO  segmented.SegmentedRaftLogWorker (SegmentedRaftLogWorker.java:close(228)) - 56712796-c63c-4f78-b712-8f3b1217dedc@group-7941F1D03CF1-SegmentedRaftLogWorker close()
2019-10-14 09:45:42,523 [ForkJoinPool.commonPool-worker-1] INFO  impl.RaftServerImpl (RaftServerImpl.java:lambda$shutdown$3(251)) - 56712796-c63c-4f78-b712-8f3b1217dedc@group-1FAAE3BCC180: shutdown
2019-10-14 09:45:42,523 [ForkJoinPool.commonPool-worker-1] INFO  util.JmxRegister (JmxRegister.java:unregister(73)) - Successfully un-registered JMX Bean with object name Ratis:service=RaftServer,group=group-1FAAE3BCC180,id=56712796-c63c-4f78-b712-8f3b1217dedc
2019-10-14 09:45:42,524 [ForkJoinPool.commonPool-worker-1] INFO  impl.RoleInfo (RoleInfo.java:shutdownFollowerState(121)) - 56712796-c63c-4f78-b712-8f3b1217dedc: shutdown FollowerState
2019-10-14 09:45:42,524 [ForkJoinPool.commonPool-worker-1] INFO  impl.StateMachineUpdater (StateMachineUpdater.java:stopAndJoin(125)) - 56712796-c63c-4f78-b712-8f3b1217dedc@group-1FAAE3BCC180-StateMachineUpdater: set stopIndex = 0
2019-10-14 09:45:42,524 [Thread-4571] INFO  impl.FollowerState (FollowerState.java:run(115)) - 56712796-c63c-4f78-b712-8f3b1217dedc: FollowerState was interrupted: java.lang.InterruptedException: sleep interrupted
2019-10-14 09:45:42,524 [ForkJoinPool.commonPool-worker-1] INFO  impl.RaftServerImpl (ServerState.java:close(385)) - 56712796-c63c-4f78-b712-8f3b1217dedc@group-1FAAE3BCC180: closes. applyIndex: 0
2019-10-14 09:45:42,525 [56712796-c63c-4f78-b712-8f3b1217dedc@group-1FAAE3BCC180-SegmentedRaftLogWorker] INFO  segmented.SegmentedRaftLogWorker (SegmentedRaftLogWorker.java:run(313)) - 56712796-c63c-4f78-b712-8f3b1217dedc@group-1FAAE3BCC180-SegmentedRaftLogWorker was interrupted, exiting. There are 0 tasks remaining in the queue.
2019-10-14 09:45:42,525 [ForkJoinPool.commonPool-worker-1] INFO  segmented.SegmentedRaftLogWorker (SegmentedRaftLogWorker.java:close(228)) - 56712796-c63c-4f78-b712-8f3b1217dedc@group-1FAAE3BCC180-SegmentedRaftLogWorker close()
2019-10-14 09:45:42,525 [ForkJoinPool.commonPool-worker-1] INFO  impl.RaftServerImpl (RaftServerImpl.java:lambda$shutdown$3(251)) - 56712796-c63c-4f78-b712-8f3b1217dedc@group-98ABAD1F0126: shutdown
2019-10-14 09:45:42,526 [ForkJoinPool.commonPool-worker-1] INFO  util.JmxRegister (JmxRegister.java:unregister(73)) - Successfully un-registered JMX Bean with object name Ratis:service=RaftServer,group=group-98ABAD1F0126,id=56712796-c63c-4f78-b712-8f3b1217dedc
2019-10-14 09:45:42,526 [ForkJoinPool.commonPool-worker-1] INFO  impl.RoleInfo (RoleInfo.java:shutdownFollowerState(121)) - 56712796-c63c-4f78-b712-8f3b1217dedc: shutdown FollowerState
2019-10-14 09:45:42,526 [ForkJoinPool.commonPool-worker-1] INFO  impl.StateMachineUpdater (StateMachineUpdater.java:stopAndJoin(125)) - 56712796-c63c-4f78-b712-8f3b1217dedc@group-98ABAD1F0126-StateMachineUpdater: set stopIndex = 16
2019-10-14 09:45:42,526 [56712796-c63c-4f78-b712-8f3b1217dedc@group-98ABAD1F0126-StateMachineUpdater] INFO  ratis.ContainerStateMachine (ContainerStateMachine.java:takeSnapshot(289)) - group-98ABAD1F0126: Taking a snapshot at:(t:1, i:14) file /workdir/hadoop-ozone/integration-test/target/test-dir/MiniOzoneClusterImpl-65bd215d-14c9-4112-ac30-b7a247fd80ea/datanode-0/data/ratis/93fb5659-34aa-443b-8645-98abad1f0126/sm/snapshot.1_14
2019-10-14 09:45:42,526 [Thread-4199] INFO  impl.FollowerState (FollowerState.java:run(115)) - 56712796-c63c-4f78-b712-8f3b1217dedc: FollowerState was interrupted: java.lang.InterruptedException: sleep interrupted
2019-10-14 09:45:42,538 [main] INFO  ozoneimpl.OzoneContainer (OzoneContainer.java:stop(231)) - Attempting to stop container services.
2019-10-14 09:45:42,539 [main] INFO  impl.RaftServerProxy (RaftServerProxy.java:lambda$close$4(314)) - 5cb57bc8-4f11-4646-be43-d873705a5003: close
2019-10-14 09:45:42,539 [main] INFO  impl.RaftServerImpl (RaftServerImpl.java:lambda$shutdown$3(251)) - 5cb57bc8-4f11-4646-be43-d873705a5003@group-2D6C0FC78493: shutdown
2019-10-14 09:45:42,540 [main] INFO  util.JmxRegister (JmxRegister.java:unregister(73)) - Successfully un-registered JMX Bean with object name Ratis:service=RaftServer,group=group-2D6C0FC78493,id=5cb57bc8-4f11-4646-be43-d873705a5003
2019-10-14 09:45:42,540 [main] INFO  impl.RoleInfo (RoleInfo.java:shutdownFollowerState(121)) - 5cb57bc8-4f11-4646-be43-d873705a5003: shutdown FollowerState
2019-10-14 09:45:42,540 [main] INFO  impl.StateMachineUpdater (StateMachineUpdater.java:stopAndJoin(125)) - 5cb57bc8-4f11-4646-be43-d873705a5003@group-2D6C0FC78493-StateMachineUpdater: set stopIndex = 0
2019-10-14 09:45:42,541 [main] INFO  impl.RaftServerImpl (ServerState.java:close(385)) - 5cb57bc8-4f11-4646-be43-d873705a5003@group-2D6C0FC78493: closes. applyIndex: 0
2019-10-14 09:45:42,541 [Thread-4545] INFO  impl.FollowerState (FollowerState.java:run(115)) - 5cb57bc8-4f11-4646-be43-d873705a5003: FollowerState was interrupted: java.lang.InterruptedException: sleep interrupted
2019-10-14 09:45:42,541 [5cb57bc8-4f11-4646-be43-d873705a5003@group-2D6C0FC78493-SegmentedRaftLogWorker] INFO  segmented.SegmentedRaftLogWorker (SegmentedRaftLogWorker.java:run(313)) - 5cb57bc8-4f11-4646-be43-d873705a5003@group-2D6C0FC78493-SegmentedRaftLogWorker was interrupted, exiting. There are 0 tasks remaining in the queue.
2019-10-14 09:45:42,544 [main] INFO  segmented.SegmentedRaftLogWorker (SegmentedRaftLogWorker.java:close(228)) - 5cb57bc8-4f11-4646-be43-d873705a5003@group-2D6C0FC78493-SegmentedRaftLogWorker close()
2019-10-14 09:45:42,544 [main] INFO  impl.RaftServerImpl (RaftServerImpl.java:lambda$shutdown$3(251)) - 5cb57bc8-4f11-4646-be43-d873705a5003@group-A3C2AC2AC23E: shutdown
2019-10-14 09:45:42,545 [main] INFO  util.JmxRegister (JmxRegister.java:unregister(73)) - Successfully un-registered JMX Bean with object name Ratis:service=RaftServer,group=group-A3C2AC2AC23E,id=5cb57bc8-4f11-4646-be43-d873705a5003
2019-10-14 09:45:42,545 [main] INFO  impl.RoleInfo (RoleInfo.java:shutdownFollowerState(121)) - 5cb57bc8-4f11-4646-be43-d873705a5003: shutdown FollowerState
2019-10-14 09:45:42,545 [main] INFO  impl.StateMachineUpdater (StateMachineUpdater.java:stopAndJoin(125)) - 5cb57bc8-4f11-4646-be43-d873705a5003@group-A3C2AC2AC23E-StateMachineUpdater: set stopIndex = -1
2019-10-14 09:45:42,546 [Thread-4567] INFO  impl.FollowerState (FollowerState.java:run(115)) - 5cb57bc8-4f11-4646-be43-d873705a5003: FollowerState was interrupted: java.lang.InterruptedException: sleep interrupted
2019-10-14 09:45:42,546 [main] INFO  impl.RaftServerImpl (ServerState.java:close(385)) - 5cb57bc8-4f11-4646-be43-d873705a5003@group-A3C2AC2AC23E: closes. applyIndex: -1
2019-10-14 09:45:42,546 [5cb57bc8-4f11-4646-be43-d873705a5003@group-A3C2AC2AC23E-SegmentedRaftLogWorker] INFO  segmented.SegmentedRaftLogWorker (SegmentedRaftLogWorker.java:run(313)) - 5cb57bc8-4f11-4646-be43-d873705a5003@group-A3C2AC2AC23E-SegmentedRaftLogWorker was interrupted, exiting. There are 0 tasks remaining in the queue.
2019-10-14 09:45:42,547 [main] INFO  segmented.SegmentedRaftLogWorker (SegmentedRaftLogWorker.java:close(228)) - 5cb57bc8-4f11-4646-be43-d873705a5003@group-A3C2AC2AC23E-SegmentedRaftLogWorker close()
2019-10-14 09:45:42,547 [main] INFO  impl.RaftServerImpl (RaftServerImpl.java:lambda$shutdown$3(251)) - 5cb57bc8-4f11-4646-be43-d873705a5003@group-9C1991127D58: shutdown
2019-10-14 09:45:42,547 [main] INFO  util.JmxRegister (JmxRegister.java:unregister(73)) - Successfully un-registered JMX Bean with object name Ratis:service=RaftServer,group=group-9C1991127D58,id=5cb57bc8-4f11-4646-be43-d873705a5003
2019-10-14 09:45:42,547 [main] INFO  impl.RoleInfo (RoleInfo.java:shutdownLeaderState(104)) - 5cb57bc8-4f11-4646-be43-d873705a5003: shutdown LeaderState
2019-10-14 09:45:42,550 [main] INFO  impl.PendingRequests (PendingRequests.java:sendNotLeaderResponses(202)) - 5cb57bc8-4f11-4646-be43-d873705a5003-PendingRequests: sendNotLeaderResponses
2019-10-14 09:45:42,550 [org.apache.ratis.server.impl.LogAppender$AppenderDaemon$$Lambda$514/293845175@57450b85] WARN  server.GrpcLogAppender (GrpcLogAppender.java:mayWait(143)) - 5cb57bc8-4f11-4646-be43-d873705a5003@group-9C1991127D58->5b2bdeb4-7ea1-4df6-a88d-afaaea11e92e-GrpcLogAppender: Wait interrupted by java.lang.InterruptedException
2019-10-14 09:45:42,550 [org.apache.ratis.server.impl.LogAppender$AppenderDaemon$$Lambda$514/293845175@2bdacbcf] WARN  server.GrpcLogAppender (GrpcLogAppender.java:mayWait(143)) - 5cb57bc8-4f11-4646-be43-d873705a5003@group-9C1991127D58->ffc72186-1b59-4838-b97a-28de7241d76d-GrpcLogAppender: Wait interrupted by java.lang.InterruptedException
2019-10-14 09:45:42,551 [main] INFO  impl.StateMachineUpdater (StateMachineUpdater.java:stopAndJoin(125)) - 5cb57bc8-4f11-4646-be43-d873705a5003@group-9C1991127D58-StateMachineUpdater: set stopIndex = 18
2019-10-14 09:45:42,551 [5cb57bc8-4f11-4646-be43-d873705a5003@group-9C1991127D58-StateMachineUpdater] INFO  ratis.ContainerStateMachine (ContainerStateMachine.java:takeSnapshot(289)) - group-9C1991127D58: Taking a snapshot at:(t:1, i:14) file /workdir/hadoop-ozone/integration-test/target/test-dir/MiniOzoneClusterImpl-65bd215d-14c9-4112-ac30-b7a247fd80ea/datanode-6/data/ratis/18bdd093-60c4-4616-9146-9c1991127d58/sm/snapshot.1_14
2019-10-14 09:45:42,565 [56712796-c63c-4f78-b712-8f3b1217dedc@group-98ABAD1F0126-StateMachineUpdater] INFO  ratis.ContainerStateMachine (ContainerStateMachine.java:takeSnapshot(300)) - group-98ABAD1F0126: Finished taking a snapshot at:(t:1, i:14) file:/workdir/hadoop-ozone/integration-test/target/test-dir/MiniOzoneClusterImpl-65bd215d-14c9-4112-ac30-b7a247fd80ea/datanode-0/data/ratis/93fb5659-34aa-443b-8645-98abad1f0126/sm/snapshot.1_14 time:38
2019-10-14 09:45:42,565 [56712796-c63c-4f78-b712-8f3b1217dedc@group-98ABAD1F0126-StateMachineUpdater] INFO  impl.StateMachineUpdater (StateMachineUpdater.java:takeSnapshot(258)) - 56712796-c63c-4f78-b712-8f3b1217dedc@group-98ABAD1F0126-StateMachineUpdater: Took a snapshot at index 14
2019-10-14 09:45:42,565 [56712796-c63c-4f78-b712-8f3b1217dedc@group-98ABAD1F0126-StateMachineUpdater] INFO  impl.StateMachineUpdater (StateMachineUpdater.java:lambda$new$0(83)) - 56712796-c63c-4f78-b712-8f3b1217dedc@group-98ABAD1F0126-StateMachineUpdater: snapshotIndex: updateIncreasingly -1 -> 14
2019-10-14 09:45:42,565 [56712796-c63c-4f78-b712-8f3b1217dedc@group-98ABAD1F0126-StateMachineUpdater] INFO  ratis.ContainerStateMachine (ContainerStateMachine.java:takeSnapshot(289)) - group-98ABAD1F0126: Taking a snapshot at:(t:1, i:14) file /workdir/hadoop-ozone/integration-test/target/test-dir/MiniOzoneClusterImpl-65bd215d-14c9-4112-ac30-b7a247fd80ea/datanode-0/data/ratis/93fb5659-34aa-443b-8645-98abad1f0126/sm/snapshot.1_14
2019-10-14 09:45:42,582 [5cb57bc8-4f11-4646-be43-d873705a5003@group-9C1991127D58-StateMachineUpdater] INFO  ratis.ContainerStateMachine (ContainerStateMachine.java:takeSnapshot(300)) - group-9C1991127D58: Finished taking a snapshot at:(t:1, i:14) file:/workdir/hadoop-ozone/integration-test/target/test-dir/MiniOzoneClusterImpl-65bd215d-14c9-4112-ac30-b7a247fd80ea/datanode-6/data/ratis/18bdd093-60c4-4616-9146-9c1991127d58/sm/snapshot.1_14 time:31
2019-10-14 09:45:42,582 [5cb57bc8-4f11-4646-be43-d873705a5003@group-9C1991127D58-StateMachineUpdater] INFO  impl.StateMachineUpdater (StateMachineUpdater.java:takeSnapshot(258)) - 5cb57bc8-4f11-4646-be43-d873705a5003@group-9C1991127D58-StateMachineUpdater: Took a snapshot at index 14
2019-10-14 09:45:42,582 [5cb57bc8-4f11-4646-be43-d873705a5003@group-9C1991127D58-StateMachineUpdater] INFO  impl.StateMachineUpdater (StateMachineUpdater.java:lambda$new$0(83)) - 5cb57bc8-4f11-4646-be43-d873705a5003@group-9C1991127D58-StateMachineUpdater: snapshotIndex: updateIncreasingly -1 -> 14
2019-10-14 09:45:42,582 [5cb57bc8-4f11-4646-be43-d873705a5003@group-9C1991127D58-StateMachineUpdater] INFO  ratis.ContainerStateMachine (ContainerStateMachine.java:takeSnapshot(289)) - group-9C1991127D58: Taking a snapshot at:(t:1, i:14) file /workdir/hadoop-ozone/integration-test/target/test-dir/MiniOzoneClusterImpl-65bd215d-14c9-4112-ac30-b7a247fd80ea/datanode-6/data/ratis/18bdd093-60c4-4616-9146-9c1991127d58/sm/snapshot.1_14
2019-10-14 09:45:42,599 [56712796-c63c-4f78-b712-8f3b1217dedc@group-98ABAD1F0126-StateMachineUpdater] INFO  ratis.ContainerStateMachine (ContainerStateMachine.java:takeSnapshot(300)) - group-98ABAD1F0126: Finished taking a snapshot at:(t:1, i:14) file:/workdir/hadoop-ozone/integration-test/target/test-dir/MiniOzoneClusterImpl-65bd215d-14c9-4112-ac30-b7a247fd80ea/datanode-0/data/ratis/93fb5659-34aa-443b-8645-98abad1f0126/sm/snapshot.1_14 time:33
2019-10-14 09:45:42,599 [56712796-c63c-4f78-b712-8f3b1217dedc@group-98ABAD1F0126-StateMachineUpdater] INFO  impl.StateMachineUpdater (StateMachineUpdater.java:takeSnapshot(258)) - 56712796-c63c-4f78-b712-8f3b1217dedc@group-98ABAD1F0126-StateMachineUpdater: Took a snapshot at index 14
2019-10-14 09:45:42,600 [56712796-c63c-4f78-b712-8f3b1217dedc@group-98ABAD1F0126-StateMachineUpdater] INFO  impl.StateMachineUpdater (StateMachineUpdater.java:lambda$new$0(83)) - 56712796-c63c-4f78-b712-8f3b1217dedc@group-98ABAD1F0126-StateMachineUpdater: snapshotIndex: updateIncreasingly 14 -> 14
2019-10-14 09:45:42,600 [ForkJoinPool.commonPool-worker-1] INFO  impl.RaftServerImpl (ServerState.java:close(385)) - 56712796-c63c-4f78-b712-8f3b1217dedc@group-98ABAD1F0126: closes. applyIndex: 16
2019-10-14 09:45:42,600 [56712796-c63c-4f78-b712-8f3b1217dedc@group-98ABAD1F0126-SegmentedRaftLogWorker] INFO  segmented.SegmentedRaftLogWorker (SegmentedRaftLogWorker.java:run(313)) - 56712796-c63c-4f78-b712-8f3b1217dedc@group-98ABAD1F0126-SegmentedRaftLogWorker was interrupted, exiting. There are 0 tasks remaining in the queue.
2019-10-14 09:45:42,601 [ForkJoinPool.commonPool-worker-1] INFO  segmented.SegmentedRaftLogWorker (SegmentedRaftLogWorker.java:close(228)) - 56712796-c63c-4f78-b712-8f3b1217dedc@group-98ABAD1F0126-SegmentedRaftLogWorker close()
2019-10-14 09:45:42,601 [ForkJoinPool.commonPool-worker-1] INFO  server.GrpcService (GrpcService.java:closeImpl(164)) - 56712796-c63c-4f78-b712-8f3b1217dedc: shutdown server with port 33493 now
2019-10-14 09:45:42,601 [ForkJoinPool.commonPool-worker-1] INFO  server.GrpcService (GrpcService.java:closeImpl(172)) - 56712796-c63c-4f78-b712-8f3b1217dedc: shutdown server with port 33493 successfully
2019-10-14 09:45:42,608 [refreshUsed-/workdir/hadoop-ozone/integration-test/target/test-dir/MiniOzoneClusterImpl-65bd215d-14c9-4112-ac30-b7a247fd80ea/datanode-0/data/containers] WARN  fs.CachingGetSpaceUsed (CachingGetSpaceUsed.java:run(183)) - Thread Interrupted waiting to refresh disk information: sleep interrupted
2019-10-14 09:45:42,616 [5cb57bc8-4f11-4646-be43-d873705a5003@group-9C1991127D58-StateMachineUpdater] INFO  ratis.ContainerStateMachine (ContainerStateMachine.java:takeSnapshot(300)) - group-9C1991127D58: Finished taking a snapshot at:(t:1, i:14) file:/workdir/hadoop-ozone/integration-test/target/test-dir/MiniOzoneClusterImpl-65bd215d-14c9-4112-ac30-b7a247fd80ea/datanode-6/data/ratis/18bdd093-60c4-4616-9146-9c1991127d58/sm/snapshot.1_14 time:33
2019-10-14 09:45:42,617 [5cb57bc8-4f11-4646-be43-d873705a5003@group-9C1991127D58-StateMachineUpdater] INFO  impl.StateMachineUpdater (StateMachineUpdater.java:takeSnapshot(258)) - 5cb57bc8-4f11-4646-be43-d873705a5003@group-9C1991127D58-StateMachineUpdater: Took a snapshot at index 14
2019-10-14 09:45:42,617 [5cb57bc8-4f11-4646-be43-d873705a5003@group-9C1991127D58-StateMachineUpdater] INFO  impl.StateMachineUpdater (StateMachineUpdater.java:lambda$new$0(83)) - 5cb57bc8-4f11-4646-be43-d873705a5003@group-9C1991127D58-StateMachineUpdater: snapshotIndex: updateIncreasingly 14 -> 14
2019-10-14 09:45:42,617 [main] INFO  impl.RaftServerImpl (ServerState.java:close(385)) - 5cb57bc8-4f11-4646-be43-d873705a5003@group-9C1991127D58: closes. applyIndex: 18
2019-10-14 09:45:42,617 [5cb57bc8-4f11-4646-be43-d873705a5003@group-9C1991127D58-SegmentedRaftLogWorker] INFO  segmented.SegmentedRaftLogWorker (SegmentedRaftLogWorker.java:run(313)) - 5cb57bc8-4f11-4646-be43-d873705a5003@group-9C1991127D58-SegmentedRaftLogWorker was interrupted, exiting. There are 0 tasks remaining in the queue.
2019-10-14 09:45:42,618 [main] INFO  segmented.SegmentedRaftLogWorker (SegmentedRaftLogWorker.java:close(228)) - 5cb57bc8-4f11-4646-be43-d873705a5003@group-9C1991127D58-SegmentedRaftLogWorker close()
2019-10-14 09:45:42,618 [main] INFO  server.GrpcService (GrpcService.java:closeImpl(164)) - 5cb57bc8-4f11-4646-be43-d873705a5003: shutdown server with port 33921 now
2019-10-14 09:45:42,618 [main] INFO  server.GrpcService (GrpcService.java:closeImpl(172)) - 5cb57bc8-4f11-4646-be43-d873705a5003: shutdown server with port 33921 successfully
2019-10-14 09:45:42,620 [refreshUsed-/workdir/hadoop-ozone/integration-test/target/test-dir/MiniOzoneClusterImpl-65bd215d-14c9-4112-ac30-b7a247fd80ea/datanode-6/data/containers] WARN  fs.CachingGetSpaceUsed (CachingGetSpaceUsed.java:run(183)) - Thread Interrupted waiting to refresh disk information: sleep interrupted
2019-10-14 09:45:42,620 [ForkJoinPool.commonPool-worker-1] INFO  utils.BackgroundService (BackgroundService.java:shutdown(148)) - Shutting down service BlockDeletingService
2019-10-14 09:45:42,626 [ForkJoinPool.commonPool-worker-1] INFO  statemachine.DatanodeStateMachine (DatanodeStateMachine.java:stopDaemon(395)) - Ozone container server stopped.
2019-10-14 09:45:42,632 [ForkJoinPool.commonPool-worker-1] INFO  handler.ContextHandler (ContextHandler.java:doStop(910)) - Stopped o.e.j.w.WebAppContext@77083e41{/,null,UNAVAILABLE}{/hddsDatanode}
2019-10-14 09:45:42,634 [ForkJoinPool.commonPool-worker-1] INFO  server.AbstractConnector (AbstractConnector.java:doStop(318)) - Stopped ServerConnector@231df705{HTTP/1.1,[http/1.1]}{0.0.0.0:0}
2019-10-14 09:45:42,635 [ForkJoinPool.commonPool-worker-1] INFO  handler.ContextHandler (ContextHandler.java:doStop(910)) - Stopped o.e.j.s.ServletContextHandler@272778ae{/static,jar:file:/home/user/.m2/repository/org/apache/hadoop/hadoop-hdds-container-service/0.5.0-SNAPSHOT/hadoop-hdds-container-service-0.5.0-SNAPSHOT.jar!/webapps/static,UNAVAILABLE}
2019-10-14 09:45:42,636 [ForkJoinPool.commonPool-worker-1] INFO  handler.ContextHandler (ContextHandler.java:doStop(910)) - Stopped o.e.j.s.ServletContextHandler@755b5f30{/logs,file:///workdir/hadoop-ozone/integration-test/target/log,UNAVAILABLE}
2019-10-14 09:45:42,645 [main] INFO  utils.BackgroundService (BackgroundService.java:shutdown(148)) - Shutting down service BlockDeletingService
2019-10-14 09:45:42,649 [main] INFO  statemachine.DatanodeStateMachine (DatanodeStateMachine.java:stopDaemon(395)) - Ozone container server stopped.
2019-10-14 09:45:42,649 [main] INFO  handler.ContextHandler (ContextHandler.java:doStop(910)) - Stopped o.e.j.w.WebAppContext@73bb573d{/,null,UNAVAILABLE}{/hddsDatanode}
2019-10-14 09:45:42,651 [main] INFO  server.AbstractConnector (AbstractConnector.java:doStop(318)) - Stopped ServerConnector@7ac058a0{HTTP/1.1,[http/1.1]}{0.0.0.0:0}
2019-10-14 09:45:42,651 [main] INFO  handler.ContextHandler (ContextHandler.java:doStop(910)) - Stopped o.e.j.s.ServletContextHandler@7a3f08b6{/static,jar:file:/home/user/.m2/repository/org/apache/hadoop/hadoop-hdds-container-service/0.5.0-SNAPSHOT/hadoop-hdds-container-service-0.5.0-SNAPSHOT.jar!/webapps/static,UNAVAILABLE}
2019-10-14 09:45:42,651 [main] INFO  handler.ContextHandler (ContextHandler.java:doStop(910)) - Stopped o.e.j.s.ServletContextHandler@77c66a4f{/logs,file:///workdir/hadoop-ozone/integration-test/target/log,UNAVAILABLE}
2019-10-14 09:45:42,652 [main] INFO  ozone.MiniOzoneClusterImpl (MiniOzoneClusterImpl.java:stopSCM(392)) - Stopping the StorageContainerManager
2019-10-14 09:45:42,652 [main] INFO  server.StorageContainerManager (StorageContainerManager.java:stop(808)) - Stopping Replication Manager Service.
2019-10-14 09:45:42,652 [main] INFO  container.ReplicationManager (ReplicationManager.java:stop(204)) - Stopping Replication Monitor Thread.
2019-10-14 09:45:42,653 [main] INFO  server.StorageContainerManager (StorageContainerManager.java:stop(815)) - Stopping Lease Manager of the command watchers
2019-10-14 09:45:42,653 [main] INFO  server.StorageContainerManager (StorageContainerManager.java:stop(822)) - Stopping datanode service RPC server
2019-10-14 09:45:42,653 [main] INFO  server.SCMDatanodeProtocolServer (SCMDatanodeProtocolServer.java:stop(367)) - Stopping the RPC server for DataNodes
2019-10-14 09:45:42,653 [main] INFO  ipc.Server (Server.java:stop(3082)) - Stopping server on 42991
2019-10-14 09:45:42,655 [IPC Server listener on 42991] INFO  ipc.Server (Server.java:run(1185)) - Stopping IPC Server listener on 42991
2019-10-14 09:45:42,656 [IPC Server Responder] INFO  ipc.Server (Server.java:run(1319)) - Stopping IPC Server Responder
2019-10-14 09:45:42,681 [SCM Heartbeat Processing Thread - 0] WARN  node.NodeStateManager (NodeStateManager.java:scheduleNextHealthCheck(655)) - Current Thread is interrupted, shutting down HB processing thread for Node Manager.
2019-10-14 09:45:42,681 [main] INFO  server.StorageContainerManager (StorageContainerManager.java:stop(830)) - Stopping block service RPC server
2019-10-14 09:45:42,681 [main] INFO  server.SCMBlockProtocolServer (SCMBlockProtocolServer.java:stop(155)) - Stopping the RPC server for Block Protocol
2019-10-14 09:45:42,682 [main] INFO  ipc.Server (Server.java:stop(3082)) - Stopping server on 44298
2019-10-14 09:45:42,684 [IPC Server listener on 44298] INFO  ipc.Server (Server.java:run(1185)) - Stopping IPC Server listener on 44298
2019-10-14 09:45:42,685 [main] INFO  server.StorageContainerManager (StorageContainerManager.java:stop(837)) - Stopping the StorageContainerLocationProtocol RPC server
2019-10-14 09:45:42,685 [IPC Server Responder] INFO  ipc.Server (Server.java:run(1319)) - Stopping IPC Server Responder
2019-10-14 09:45:42,686 [main] INFO  server.SCMClientProtocolServer (SCMClientProtocolServer.java:stop(159)) - Stopping the RPC server for Client Protocol
2019-10-14 09:45:42,686 [main] INFO  ipc.Server (Server.java:stop(3082)) - Stopping server on 37864
2019-10-14 09:45:42,688 [IPC Server listener on 37864] INFO  ipc.Server (Server.java:run(1185)) - Stopping IPC Server listener on 37864
2019-10-14 09:45:42,688 [main] INFO  server.StorageContainerManager (StorageContainerManager.java:stop(844)) - Stopping Storage Container Manager HTTP server.
2019-10-14 09:45:42,688 [IPC Server Responder] INFO  ipc.Server (Server.java:run(1319)) - Stopping IPC Server Responder
2019-10-14 09:45:42,690 [main] INFO  handler.ContextHandler (ContextHandler.java:doStop(910)) - Stopped o.e.j.w.WebAppContext@130cfc47{/,null,UNAVAILABLE}{/scm}
2019-10-14 09:45:42,690 [main] INFO  server.AbstractConnector (AbstractConnector.java:doStop(318)) - Stopped ServerConnector@4eeab3e{HTTP/1.1,[http/1.1]}{0.0.0.0:0}
2019-10-14 09:45:42,691 [main] INFO  handler.ContextHandler (ContextHandler.java:doStop(910)) - Stopped o.e.j.s.ServletContextHandler@2f2e4bde{/static,file:///workdir/hadoop-ozone/integration-test/target/test-classes/webapps/static,UNAVAILABLE}
2019-10-14 09:45:42,691 [main] INFO  handler.ContextHandler (ContextHandler.java:doStop(910)) - Stopped o.e.j.s.ServletContextHandler@2dc39b53{/logs,file:///workdir/hadoop-ozone/integration-test/target/log,UNAVAILABLE}
2019-10-14 09:45:42,692 [main] INFO  server.StorageContainerManager (StorageContainerManager.java:stop(855)) - Stopping Block Manager Service.
2019-10-14 09:45:42,692 [main] INFO  utils.BackgroundService (BackgroundService.java:shutdown(148)) - Shutting down service SCMBlockDeletingService
2019-10-14 09:45:42,693 [main] INFO  utils.BackgroundService (BackgroundService.java:shutdown(148)) - Shutting down service SCMBlockDeletingService
2019-10-14 09:45:42,693 [main] INFO  server.StorageContainerManager (StorageContainerManager.java:stop(877)) - Stopping SCM Event Queue.
2019-10-14 09:45:42,697 [main] INFO  impl.MetricsSystemImpl (MetricsSystemImpl.java:stop(210)) - Stopping HddsDatanode metrics system...
2019-10-14 09:45:42,718 [main] INFO  impl.MetricsSystemImpl (MetricsSystemImpl.java:stop(216)) - HddsDatanode metrics system stopped.
]]></system-out>
    <system-err><![CDATA[Exception in thread "5b2bdeb4-7ea1-4df6-a88d-afaaea11e92e@group-9C1991127D58:LeaderElection118" java.lang.IllegalStateException: ILLEGAL TRANSITION: In 5b2bdeb4-7ea1-4df6-a88d-afaaea11e92e@group-9C1991127D58:LeaderElection118, RUNNING -> CLOSED
	at org.apache.ratis.util.Preconditions.assertTrue(Preconditions.java:63)
	at org.apache.ratis.util.LifeCycle$State.validate(LifeCycle.java:123)
	at org.apache.ratis.util.LifeCycle.transition(LifeCycle.java:143)
	at org.apache.ratis.server.impl.LeaderElection.run(LeaderElection.java:155)
	at java.lang.Thread.run(Thread.java:748)
Oct 14, 2019 9:45:10 AM org.apache.ratis.thirdparty.io.grpc.internal.ManagedChannelOrphanWrapper$ManagedChannelReference cleanQueue
SEVERE: *~*~*~ Channel ManagedChannelImpl{logId=3481, target=192.168.164.214:41246} was not shutdown properly!!! ~*~*~*
    Make sure to call shutdown()/shutdownNow() and wait until awaitTermination() returns true.
java.lang.RuntimeException: ManagedChannel allocation site
	at org.apache.ratis.thirdparty.io.grpc.internal.ManagedChannelOrphanWrapper$ManagedChannelReference.<init>(ManagedChannelOrphanWrapper.java:103)
	at org.apache.ratis.thirdparty.io.grpc.internal.ManagedChannelOrphanWrapper.<init>(ManagedChannelOrphanWrapper.java:53)
	at org.apache.ratis.thirdparty.io.grpc.internal.ManagedChannelOrphanWrapper.<init>(ManagedChannelOrphanWrapper.java:44)
	at org.apache.ratis.thirdparty.io.grpc.internal.AbstractManagedChannelImplBuilder.build(AbstractManagedChannelImplBuilder.java:411)
	at org.apache.hadoop.hdds.scm.XceiverClientGrpc.connectToDatanode(XceiverClientGrpc.java:181)
	at org.apache.hadoop.hdds.scm.XceiverClientGrpc.reconnect(XceiverClientGrpc.java:429)
	at org.apache.hadoop.hdds.scm.XceiverClientGrpc.sendCommandAsync(XceiverClientGrpc.java:378)
	at org.apache.hadoop.hdds.scm.XceiverClientGrpc.sendCommandWithRetry(XceiverClientGrpc.java:291)
	at org.apache.hadoop.hdds.scm.XceiverClientGrpc.sendCommandWithTraceIDAndRetry(XceiverClientGrpc.java:257)
	at org.apache.hadoop.hdds.scm.XceiverClientGrpc.sendCommand(XceiverClientGrpc.java:240)
	at org.apache.hadoop.hdds.scm.storage.ContainerProtocolCalls.getBlock(ContainerProtocolCalls.java:118)
	at org.apache.hadoop.hdds.scm.storage.BlockInputStream.getChunkInfos(BlockInputStream.java:167)
	at org.apache.hadoop.hdds.scm.storage.BlockInputStream.initialize(BlockInputStream.java:118)
	at org.apache.hadoop.hdds.scm.storage.BlockInputStream.read(BlockInputStream.java:222)
	at org.apache.hadoop.ozone.client.io.KeyInputStream.read(KeyInputStream.java:171)
	at org.apache.hadoop.ozone.client.io.OzoneInputStream.read(OzoneInputStream.java:47)
	at java.io.InputStream.read(InputStream.java:101)
	at org.apache.hadoop.ozone.container.ContainerTestHelper.validateData(ContainerTestHelper.java:714)
	at org.apache.hadoop.ozone.client.rpc.TestBlockOutputStreamWithFailures.validateData(TestBlockOutputStreamWithFailures.java:1219)
	at org.apache.hadoop.ozone.client.rpc.TestBlockOutputStreamWithFailures.testWatchForCommitWithSingleNodeRatis(TestBlockOutputStreamWithFailures.java:921)
	at sun.reflect.NativeMethodAccessorImpl.invoke0(Native Method)
	at sun.reflect.NativeMethodAccessorImpl.invoke(NativeMethodAccessorImpl.java:62)
	at sun.reflect.DelegatingMethodAccessorImpl.invoke(DelegatingMethodAccessorImpl.java:43)
	at java.lang.reflect.Method.invoke(Method.java:498)
	at org.junit.runners.model.FrameworkMethod$1.runReflectiveCall(FrameworkMethod.java:47)
	at org.junit.internal.runners.model.ReflectiveCallable.run(ReflectiveCallable.java:12)
	at org.junit.runners.model.FrameworkMethod.invokeExplosively(FrameworkMethod.java:44)
	at org.junit.internal.runners.statements.InvokeMethod.evaluate(InvokeMethod.java:17)
	at org.junit.internal.runners.statements.RunBefores.evaluate(RunBefores.java:26)
	at org.junit.internal.runners.statements.RunAfters.evaluate(RunAfters.java:27)
	at org.junit.runners.ParentRunner.runLeaf(ParentRunner.java:271)
	at org.junit.runners.BlockJUnit4ClassRunner.runChild(BlockJUnit4ClassRunner.java:70)
	at org.junit.runners.BlockJUnit4ClassRunner.runChild(BlockJUnit4ClassRunner.java:50)
	at org.junit.runners.ParentRunner$3.run(ParentRunner.java:238)
	at org.junit.runners.ParentRunner$1.schedule(ParentRunner.java:63)
	at org.junit.runners.ParentRunner.runChildren(ParentRunner.java:236)
	at org.junit.runners.ParentRunner.access$000(ParentRunner.java:53)
	at org.junit.runners.ParentRunner$2.evaluate(ParentRunner.java:229)
	at org.junit.runners.ParentRunner.run(ParentRunner.java:309)
	at org.apache.maven.surefire.junit4.JUnit4Provider.execute(JUnit4Provider.java:365)
	at org.apache.maven.surefire.junit4.JUnit4Provider.executeWithRerun(JUnit4Provider.java:273)
	at org.apache.maven.surefire.junit4.JUnit4Provider.executeTestSet(JUnit4Provider.java:238)
	at org.apache.maven.surefire.junit4.JUnit4Provider.invoke(JUnit4Provider.java:159)
	at org.apache.maven.surefire.booter.ForkedBooter.invokeProviderInSameClassLoader(ForkedBooter.java:384)
	at org.apache.maven.surefire.booter.ForkedBooter.runSuitesInProcess(ForkedBooter.java:345)
	at org.apache.maven.surefire.booter.ForkedBooter.execute(ForkedBooter.java:126)
	at org.apache.maven.surefire.booter.ForkedBooter.main(ForkedBooter.java:418)

Oct 14, 2019 9:45:10 AM org.apache.ratis.thirdparty.io.grpc.internal.ManagedChannelOrphanWrapper$ManagedChannelReference cleanQueue
SEVERE: *~*~*~ Channel ManagedChannelImpl{logId=3486, target=192.168.164.214:45448} was not shutdown properly!!! ~*~*~*
    Make sure to call shutdown()/shutdownNow() and wait until awaitTermination() returns true.
java.lang.RuntimeException: ManagedChannel allocation site
	at org.apache.ratis.thirdparty.io.grpc.internal.ManagedChannelOrphanWrapper$ManagedChannelReference.<init>(ManagedChannelOrphanWrapper.java:103)
	at org.apache.ratis.thirdparty.io.grpc.internal.ManagedChannelOrphanWrapper.<init>(ManagedChannelOrphanWrapper.java:53)
	at org.apache.ratis.thirdparty.io.grpc.internal.ManagedChannelOrphanWrapper.<init>(ManagedChannelOrphanWrapper.java:44)
	at org.apache.ratis.thirdparty.io.grpc.internal.AbstractManagedChannelImplBuilder.build(AbstractManagedChannelImplBuilder.java:411)
	at org.apache.hadoop.hdds.scm.XceiverClientGrpc.connectToDatanode(XceiverClientGrpc.java:181)
	at org.apache.hadoop.hdds.scm.XceiverClientGrpc.reconnect(XceiverClientGrpc.java:429)
	at org.apache.hadoop.hdds.scm.XceiverClientGrpc.sendCommandAsync(XceiverClientGrpc.java:378)
	at org.apache.hadoop.hdds.scm.XceiverClientGrpc.sendCommandWithRetry(XceiverClientGrpc.java:291)
	at org.apache.hadoop.hdds.scm.XceiverClientGrpc.sendCommandWithTraceIDAndRetry(XceiverClientGrpc.java:257)
	at org.apache.hadoop.hdds.scm.XceiverClientGrpc.sendCommand(XceiverClientGrpc.java:240)
	at org.apache.hadoop.hdds.scm.storage.ContainerProtocolCalls.getBlock(ContainerProtocolCalls.java:118)
	at org.apache.hadoop.hdds.scm.storage.BlockInputStream.getChunkInfos(BlockInputStream.java:167)
	at org.apache.hadoop.hdds.scm.storage.BlockInputStream.initialize(BlockInputStream.java:118)
	at org.apache.hadoop.hdds.scm.storage.BlockInputStream.read(BlockInputStream.java:222)
	at org.apache.hadoop.ozone.client.io.KeyInputStream.read(KeyInputStream.java:171)
	at org.apache.hadoop.ozone.client.io.OzoneInputStream.read(OzoneInputStream.java:47)
	at java.io.InputStream.read(InputStream.java:101)
	at org.apache.hadoop.ozone.container.ContainerTestHelper.validateData(ContainerTestHelper.java:714)
	at org.apache.hadoop.ozone.client.rpc.TestBlockOutputStreamWithFailures.validateData(TestBlockOutputStreamWithFailures.java:1219)
	at org.apache.hadoop.ozone.client.rpc.TestBlockOutputStreamWithFailures.testWatchForCommitWithSingleNodeRatis(TestBlockOutputStreamWithFailures.java:921)
	at sun.reflect.NativeMethodAccessorImpl.invoke0(Native Method)
	at sun.reflect.NativeMethodAccessorImpl.invoke(NativeMethodAccessorImpl.java:62)
	at sun.reflect.DelegatingMethodAccessorImpl.invoke(DelegatingMethodAccessorImpl.java:43)
	at java.lang.reflect.Method.invoke(Method.java:498)
	at org.junit.runners.model.FrameworkMethod$1.runReflectiveCall(FrameworkMethod.java:47)
	at org.junit.internal.runners.model.ReflectiveCallable.run(ReflectiveCallable.java:12)
	at org.junit.runners.model.FrameworkMethod.invokeExplosively(FrameworkMethod.java:44)
	at org.junit.internal.runners.statements.InvokeMethod.evaluate(InvokeMethod.java:17)
	at org.junit.internal.runners.statements.RunBefores.evaluate(RunBefores.java:26)
	at org.junit.internal.runners.statements.RunAfters.evaluate(RunAfters.java:27)
	at org.junit.runners.ParentRunner.runLeaf(ParentRunner.java:271)
	at org.junit.runners.BlockJUnit4ClassRunner.runChild(BlockJUnit4ClassRunner.java:70)
	at org.junit.runners.BlockJUnit4ClassRunner.runChild(BlockJUnit4ClassRunner.java:50)
	at org.junit.runners.ParentRunner$3.run(ParentRunner.java:238)
	at org.junit.runners.ParentRunner$1.schedule(ParentRunner.java:63)
	at org.junit.runners.ParentRunner.runChildren(ParentRunner.java:236)
	at org.junit.runners.ParentRunner.access$000(ParentRunner.java:53)
	at org.junit.runners.ParentRunner$2.evaluate(ParentRunner.java:229)
	at org.junit.runners.ParentRunner.run(ParentRunner.java:309)
	at org.apache.maven.surefire.junit4.JUnit4Provider.execute(JUnit4Provider.java:365)
	at org.apache.maven.surefire.junit4.JUnit4Provider.executeWithRerun(JUnit4Provider.java:273)
	at org.apache.maven.surefire.junit4.JUnit4Provider.executeTestSet(JUnit4Provider.java:238)
	at org.apache.maven.surefire.junit4.JUnit4Provider.invoke(JUnit4Provider.java:159)
	at org.apache.maven.surefire.booter.ForkedBooter.invokeProviderInSameClassLoader(ForkedBooter.java:384)
	at org.apache.maven.surefire.booter.ForkedBooter.runSuitesInProcess(ForkedBooter.java:345)
	at org.apache.maven.surefire.booter.ForkedBooter.execute(ForkedBooter.java:126)
	at org.apache.maven.surefire.booter.ForkedBooter.main(ForkedBooter.java:418)

Oct 14, 2019 9:45:10 AM org.apache.ratis.thirdparty.io.grpc.internal.ManagedChannelOrphanWrapper$ManagedChannelReference cleanQueue
SEVERE: *~*~*~ Channel ManagedChannelImpl{logId=3476, target=192.168.164.214:40226} was not shutdown properly!!! ~*~*~*
    Make sure to call shutdown()/shutdownNow() and wait until awaitTermination() returns true.
java.lang.RuntimeException: ManagedChannel allocation site
	at org.apache.ratis.thirdparty.io.grpc.internal.ManagedChannelOrphanWrapper$ManagedChannelReference.<init>(ManagedChannelOrphanWrapper.java:103)
	at org.apache.ratis.thirdparty.io.grpc.internal.ManagedChannelOrphanWrapper.<init>(ManagedChannelOrphanWrapper.java:53)
	at org.apache.ratis.thirdparty.io.grpc.internal.ManagedChannelOrphanWrapper.<init>(ManagedChannelOrphanWrapper.java:44)
	at org.apache.ratis.thirdparty.io.grpc.internal.AbstractManagedChannelImplBuilder.build(AbstractManagedChannelImplBuilder.java:411)
	at org.apache.ratis.grpc.client.GrpcClientProtocolClient.<init>(GrpcClientProtocolClient.java:127)
	at org.apache.ratis.grpc.client.GrpcClientRpc.lambda$new$0(GrpcClientRpc.java:55)
	at org.apache.ratis.util.PeerProxyMap$PeerAndProxy.lambda$getProxy$0(PeerProxyMap.java:61)
	at org.apache.ratis.util.LifeCycle.startAndTransition(LifeCycle.java:202)
	at org.apache.ratis.util.PeerProxyMap$PeerAndProxy.getProxy(PeerProxyMap.java:60)
	at org.apache.ratis.util.PeerProxyMap.getProxy(PeerProxyMap.java:108)
	at org.apache.ratis.grpc.client.GrpcClientRpc.sendRequestAsync(GrpcClientRpc.java:66)
	at org.apache.ratis.client.impl.OrderedAsync.sendRequest(OrderedAsync.java:208)
	at org.apache.ratis.client.impl.OrderedAsync.sendRequestWithRetry(OrderedAsync.java:169)
	at org.apache.ratis.util.SlidingWindow$Client.sendOrDelayRequest(SlidingWindow.java:278)
	at org.apache.ratis.util.SlidingWindow$Client.submitNewRequest(SlidingWindow.java:257)
	at org.apache.ratis.client.impl.OrderedAsync.send(OrderedAsync.java:155)
	at org.apache.ratis.client.impl.RaftClientImpl.sendAsync(RaftClientImpl.java:144)
	at org.apache.ratis.client.impl.RaftClientImpl.sendAsync(RaftClientImpl.java:124)
	at org.apache.hadoop.hdds.scm.XceiverClientRatis.sendRequestAsync(XceiverClientRatis.java:234)
	at org.apache.hadoop.hdds.scm.XceiverClientRatis.sendCommandAsync(XceiverClientRatis.java:332)
	at org.apache.hadoop.hdds.scm.storage.ContainerProtocolCalls.writeChunkAsync(ContainerProtocolCalls.java:310)
	at org.apache.hadoop.hdds.scm.storage.BlockOutputStream.writeChunkToContainer(BlockOutputStream.java:601)
	at org.apache.hadoop.hdds.scm.storage.BlockOutputStream.writeChunk(BlockOutputStream.java:459)
	at org.apache.hadoop.hdds.scm.storage.BlockOutputStream.writeOnRetry(BlockOutputStream.java:285)
	at org.apache.hadoop.ozone.client.io.BlockOutputStreamEntry.writeOnRetry(BlockOutputStreamEntry.java:200)
	at org.apache.hadoop.ozone.client.io.KeyOutputStream.handleWrite(KeyOutputStream.java:206)
	at org.apache.hadoop.ozone.client.io.KeyOutputStream.handleRetry(KeyOutputStream.java:375)
	at org.apache.hadoop.ozone.client.io.KeyOutputStream.handleException(KeyOutputStream.java:324)
	at org.apache.hadoop.ozone.client.io.KeyOutputStream.handleFlushOrClose(KeyOutputStream.java:449)
	at org.apache.hadoop.ozone.client.io.KeyOutputStream.handleWrite(KeyOutputStream.java:232)
	at org.apache.hadoop.ozone.client.io.KeyOutputStream.write(KeyOutputStream.java:190)
	at org.apache.hadoop.ozone.client.io.OzoneOutputStream.write(OzoneOutputStream.java:49)
	at java.io.OutputStream.write(OutputStream.java:75)
	at org.apache.hadoop.ozone.client.rpc.TestBlockOutputStreamWithFailures.testWatchForCommitWithSingleNodeRatis(TestBlockOutputStreamWithFailures.java:888)
	at sun.reflect.NativeMethodAccessorImpl.invoke0(Native Method)
	at sun.reflect.NativeMethodAccessorImpl.invoke(NativeMethodAccessorImpl.java:62)
	at sun.reflect.DelegatingMethodAccessorImpl.invoke(DelegatingMethodAccessorImpl.java:43)
	at java.lang.reflect.Method.invoke(Method.java:498)
	at org.junit.runners.model.FrameworkMethod$1.runReflectiveCall(FrameworkMethod.java:47)
	at org.junit.internal.runners.model.ReflectiveCallable.run(ReflectiveCallable.java:12)
	at org.junit.runners.model.FrameworkMethod.invokeExplosively(FrameworkMethod.java:44)
	at org.junit.internal.runners.statements.InvokeMethod.evaluate(InvokeMethod.java:17)
	at org.junit.internal.runners.statements.RunBefores.evaluate(RunBefores.java:26)
	at org.junit.internal.runners.statements.RunAfters.evaluate(RunAfters.java:27)
	at org.junit.runners.ParentRunner.runLeaf(ParentRunner.java:271)
	at org.junit.runners.BlockJUnit4ClassRunner.runChild(BlockJUnit4ClassRunner.java:70)
	at org.junit.runners.BlockJUnit4ClassRunner.runChild(BlockJUnit4ClassRunner.java:50)
	at org.junit.runners.ParentRunner$3.run(ParentRunner.java:238)
	at org.junit.runners.ParentRunner$1.schedule(ParentRunner.java:63)
	at org.junit.runners.ParentRunner.runChildren(ParentRunner.java:236)
	at org.junit.runners.ParentRunner.access$000(ParentRunner.java:53)
	at org.junit.runners.ParentRunner$2.evaluate(ParentRunner.java:229)
	at org.junit.runners.ParentRunner.run(ParentRunner.java:309)
	at org.apache.maven.surefire.junit4.JUnit4Provider.execute(JUnit4Provider.java:365)
	at org.apache.maven.surefire.junit4.JUnit4Provider.executeWithRerun(JUnit4Provider.java:273)
	at org.apache.maven.surefire.junit4.JUnit4Provider.executeTestSet(JUnit4Provider.java:238)
	at org.apache.maven.surefire.junit4.JUnit4Provider.invoke(JUnit4Provider.java:159)
	at org.apache.maven.surefire.booter.ForkedBooter.invokeProviderInSameClassLoader(ForkedBooter.java:384)
	at org.apache.maven.surefire.booter.ForkedBooter.runSuitesInProcess(ForkedBooter.java:345)
	at org.apache.maven.surefire.booter.ForkedBooter.execute(ForkedBooter.java:126)
	at org.apache.maven.surefire.booter.ForkedBooter.main(ForkedBooter.java:418)

Oct 14, 2019 9:45:10 AM org.apache.ratis.thirdparty.io.grpc.internal.ManagedChannelOrphanWrapper$ManagedChannelReference cleanQueue
SEVERE: *~*~*~ Channel ManagedChannelImpl{logId=3471, target=192.168.164.214:35793} was not shutdown properly!!! ~*~*~*
    Make sure to call shutdown()/shutdownNow() and wait until awaitTermination() returns true.
java.lang.RuntimeException: ManagedChannel allocation site
	at org.apache.ratis.thirdparty.io.grpc.internal.ManagedChannelOrphanWrapper$ManagedChannelReference.<init>(ManagedChannelOrphanWrapper.java:103)
	at org.apache.ratis.thirdparty.io.grpc.internal.ManagedChannelOrphanWrapper.<init>(ManagedChannelOrphanWrapper.java:53)
	at org.apache.ratis.thirdparty.io.grpc.internal.ManagedChannelOrphanWrapper.<init>(ManagedChannelOrphanWrapper.java:44)
	at org.apache.ratis.thirdparty.io.grpc.internal.AbstractManagedChannelImplBuilder.build(AbstractManagedChannelImplBuilder.java:411)
	at org.apache.ratis.grpc.client.GrpcClientProtocolClient.<init>(GrpcClientProtocolClient.java:127)
	at org.apache.ratis.grpc.client.GrpcClientRpc.lambda$new$0(GrpcClientRpc.java:55)
	at org.apache.ratis.util.PeerProxyMap$PeerAndProxy.lambda$getProxy$0(PeerProxyMap.java:61)
	at org.apache.ratis.util.LifeCycle.startAndTransition(LifeCycle.java:202)
	at org.apache.ratis.util.PeerProxyMap$PeerAndProxy.getProxy(PeerProxyMap.java:60)
	at org.apache.ratis.util.PeerProxyMap.getProxy(PeerProxyMap.java:108)
	at org.apache.ratis.grpc.client.GrpcClientRpc.sendRequestAsync(GrpcClientRpc.java:66)
	at org.apache.ratis.client.impl.OrderedAsync.sendRequest(OrderedAsync.java:208)
	at org.apache.ratis.client.impl.OrderedAsync.sendRequestWithRetry(OrderedAsync.java:169)
	at org.apache.ratis.util.SlidingWindow$Client.sendOrDelayRequest(SlidingWindow.java:278)
	at org.apache.ratis.util.SlidingWindow$Client.retry(SlidingWindow.java:294)
	at org.apache.ratis.client.impl.OrderedAsync.lambda$scheduleWithTimeout$7(OrderedAsync.java:195)
	at org.apache.ratis.util.TimeoutScheduler.lambda$onTimeout$0(TimeoutScheduler.java:113)
	at org.apache.ratis.util.TimeoutScheduler.lambda$onTimeout$1(TimeoutScheduler.java:133)
	at org.apache.ratis.util.LogUtils.runAndLog(LogUtils.java:50)
	at org.apache.ratis.util.LogUtils$1.run(LogUtils.java:91)
	at java.util.concurrent.Executors$RunnableAdapter.call(Executors.java:511)
	at java.util.concurrent.FutureTask.run(FutureTask.java:266)
	at java.util.concurrent.ScheduledThreadPoolExecutor$ScheduledFutureTask.access$201(ScheduledThreadPoolExecutor.java:180)
	at java.util.concurrent.ScheduledThreadPoolExecutor$ScheduledFutureTask.run(ScheduledThreadPoolExecutor.java:293)
	at java.util.concurrent.ThreadPoolExecutor.runWorker(ThreadPoolExecutor.java:1149)
	at java.util.concurrent.ThreadPoolExecutor$Worker.run(ThreadPoolExecutor.java:624)
	at java.lang.Thread.run(Thread.java:748)

Oct 14, 2019 9:45:32 AM org.apache.ratis.thirdparty.io.grpc.internal.SerializingExecutor run
SEVERE: Exception while executing runnable org.apache.ratis.thirdparty.io.grpc.internal.ServerImpl$JumpToApplicationThreadServerStreamListener$1Closed@a42c1cc
org.apache.ratis.thirdparty.io.grpc.StatusRuntimeException: CANCELLED: call already cancelled
	at org.apache.ratis.thirdparty.io.grpc.Status.asRuntimeException(Status.java:517)
	at org.apache.ratis.thirdparty.io.grpc.stub.ServerCalls$ServerCallStreamObserverImpl.onCompleted(ServerCalls.java:356)
	at org.apache.ratis.grpc.server.GrpcServerProtocolService$ServerRequestStreamObserver.onError(GrpcServerProtocolService.java:121)
	at org.apache.ratis.thirdparty.io.grpc.stub.ServerCalls$StreamingServerCallHandler$StreamingServerCallListener.onCancel(ServerCalls.java:269)
	at org.apache.ratis.thirdparty.io.grpc.internal.ServerCallImpl$ServerStreamListenerImpl.closed(ServerCallImpl.java:293)
	at org.apache.ratis.thirdparty.io.grpc.internal.ServerImpl$JumpToApplicationThreadServerStreamListener$1Closed.runInContext(ServerImpl.java:741)
	at org.apache.ratis.thirdparty.io.grpc.internal.ContextRunnable.run(ContextRunnable.java:37)
	at org.apache.ratis.thirdparty.io.grpc.internal.SerializingExecutor.run(SerializingExecutor.java:123)
	at java.util.concurrent.ThreadPoolExecutor.runWorker(ThreadPoolExecutor.java:1149)
	at java.util.concurrent.ThreadPoolExecutor$Worker.run(ThreadPoolExecutor.java:624)
	at java.lang.Thread.run(Thread.java:748)

Oct 14, 2019 9:45:32 AM org.apache.ratis.thirdparty.io.grpc.internal.SerializingExecutor run
SEVERE: Exception while executing runnable org.apache.ratis.thirdparty.io.grpc.internal.ServerImpl$JumpToApplicationThreadServerStreamListener$1Closed@43b4bbb3
org.apache.ratis.thirdparty.io.grpc.StatusRuntimeException: CANCELLED: call already cancelled
	at org.apache.ratis.thirdparty.io.grpc.Status.asRuntimeException(Status.java:517)
	at org.apache.ratis.thirdparty.io.grpc.stub.ServerCalls$ServerCallStreamObserverImpl.onCompleted(ServerCalls.java:356)
	at org.apache.ratis.grpc.server.GrpcServerProtocolService$ServerRequestStreamObserver.onError(GrpcServerProtocolService.java:121)
	at org.apache.ratis.thirdparty.io.grpc.stub.ServerCalls$StreamingServerCallHandler$StreamingServerCallListener.onCancel(ServerCalls.java:269)
	at org.apache.ratis.thirdparty.io.grpc.internal.ServerCallImpl$ServerStreamListenerImpl.closed(ServerCallImpl.java:293)
	at org.apache.ratis.thirdparty.io.grpc.internal.ServerImpl$JumpToApplicationThreadServerStreamListener$1Closed.runInContext(ServerImpl.java:741)
	at org.apache.ratis.thirdparty.io.grpc.internal.ContextRunnable.run(ContextRunnable.java:37)
	at org.apache.ratis.thirdparty.io.grpc.internal.SerializingExecutor.run(SerializingExecutor.java:123)
	at java.util.concurrent.ThreadPoolExecutor.runWorker(ThreadPoolExecutor.java:1149)
	at java.util.concurrent.ThreadPoolExecutor$Worker.run(ThreadPoolExecutor.java:624)
	at java.lang.Thread.run(Thread.java:748)

Oct 14, 2019 9:45:32 AM org.apache.ratis.thirdparty.io.grpc.internal.SerializingExecutor run
SEVERE: Exception while executing runnable org.apache.ratis.thirdparty.io.grpc.internal.ServerImpl$JumpToApplicationThreadServerStreamListener$1Closed@540a64a1
org.apache.ratis.thirdparty.io.grpc.StatusRuntimeException: CANCELLED: call already cancelled
	at org.apache.ratis.thirdparty.io.grpc.Status.asRuntimeException(Status.java:517)
	at org.apache.ratis.thirdparty.io.grpc.stub.ServerCalls$ServerCallStreamObserverImpl.onCompleted(ServerCalls.java:356)
	at org.apache.ratis.grpc.server.GrpcServerProtocolService$ServerRequestStreamObserver.onError(GrpcServerProtocolService.java:121)
	at org.apache.ratis.thirdparty.io.grpc.stub.ServerCalls$StreamingServerCallHandler$StreamingServerCallListener.onCancel(ServerCalls.java:269)
	at org.apache.ratis.thirdparty.io.grpc.internal.ServerCallImpl$ServerStreamListenerImpl.closed(ServerCallImpl.java:293)
	at org.apache.ratis.thirdparty.io.grpc.internal.ServerImpl$JumpToApplicationThreadServerStreamListener$1Closed.runInContext(ServerImpl.java:741)
	at org.apache.ratis.thirdparty.io.grpc.internal.ContextRunnable.run(ContextRunnable.java:37)
	at org.apache.ratis.thirdparty.io.grpc.internal.SerializingExecutor.run(SerializingExecutor.java:123)
	at java.util.concurrent.ThreadPoolExecutor.runWorker(ThreadPoolExecutor.java:1149)
	at java.util.concurrent.ThreadPoolExecutor$Worker.run(ThreadPoolExecutor.java:624)
	at java.lang.Thread.run(Thread.java:748)

Oct 14, 2019 9:45:32 AM org.apache.ratis.thirdparty.io.grpc.internal.SerializingExecutor run
SEVERE: Exception while executing runnable org.apache.ratis.thirdparty.io.grpc.internal.ServerImpl$JumpToApplicationThreadServerStreamListener$1Closed@4f288248
org.apache.ratis.thirdparty.io.grpc.StatusRuntimeException: CANCELLED: call already cancelled
	at org.apache.ratis.thirdparty.io.grpc.Status.asRuntimeException(Status.java:517)
	at org.apache.ratis.thirdparty.io.grpc.stub.ServerCalls$ServerCallStreamObserverImpl.onCompleted(ServerCalls.java:356)
	at org.apache.ratis.grpc.server.GrpcServerProtocolService$ServerRequestStreamObserver.onError(GrpcServerProtocolService.java:121)
	at org.apache.ratis.thirdparty.io.grpc.stub.ServerCalls$StreamingServerCallHandler$StreamingServerCallListener.onCancel(ServerCalls.java:269)
	at org.apache.ratis.thirdparty.io.grpc.internal.ServerCallImpl$ServerStreamListenerImpl.closed(ServerCallImpl.java:293)
	at org.apache.ratis.thirdparty.io.grpc.internal.ServerImpl$JumpToApplicationThreadServerStreamListener$1Closed.runInContext(ServerImpl.java:741)
	at org.apache.ratis.thirdparty.io.grpc.internal.ContextRunnable.run(ContextRunnable.java:37)
	at org.apache.ratis.thirdparty.io.grpc.internal.SerializingExecutor.run(SerializingExecutor.java:123)
	at java.util.concurrent.ThreadPoolExecutor.runWorker(ThreadPoolExecutor.java:1149)
	at java.util.concurrent.ThreadPoolExecutor$Worker.run(ThreadPoolExecutor.java:624)
	at java.lang.Thread.run(Thread.java:748)

Oct 14, 2019 9:45:37 AM org.apache.ratis.thirdparty.io.grpc.internal.SerializingExecutor run
SEVERE: Exception while executing runnable org.apache.ratis.thirdparty.io.grpc.internal.ServerImpl$JumpToApplicationThreadServerStreamListener$1Closed@7dc58df6
org.apache.ratis.thirdparty.io.grpc.StatusRuntimeException: CANCELLED: call already cancelled
	at org.apache.ratis.thirdparty.io.grpc.Status.asRuntimeException(Status.java:517)
	at org.apache.ratis.thirdparty.io.grpc.stub.ServerCalls$ServerCallStreamObserverImpl.onCompleted(ServerCalls.java:356)
	at org.apache.ratis.grpc.server.GrpcServerProtocolService$ServerRequestStreamObserver.onError(GrpcServerProtocolService.java:121)
	at org.apache.ratis.thirdparty.io.grpc.stub.ServerCalls$StreamingServerCallHandler$StreamingServerCallListener.onCancel(ServerCalls.java:269)
	at org.apache.ratis.thirdparty.io.grpc.internal.ServerCallImpl$ServerStreamListenerImpl.closed(ServerCallImpl.java:293)
	at org.apache.ratis.thirdparty.io.grpc.internal.ServerImpl$JumpToApplicationThreadServerStreamListener$1Closed.runInContext(ServerImpl.java:741)
	at org.apache.ratis.thirdparty.io.grpc.internal.ContextRunnable.run(ContextRunnable.java:37)
	at org.apache.ratis.thirdparty.io.grpc.internal.SerializingExecutor.run(SerializingExecutor.java:123)
	at java.util.concurrent.ThreadPoolExecutor.runWorker(ThreadPoolExecutor.java:1149)
	at java.util.concurrent.ThreadPoolExecutor$Worker.run(ThreadPoolExecutor.java:624)
	at java.lang.Thread.run(Thread.java:748)

]]></system-err>
  </testcase>
  <testcase name="testFailureWithPrimeSizedData" classname="org.apache.hadoop.ozone.client.rpc.TestBlockOutputStreamWithFailures" time="41.345"/>
  <testcase name="testWatchForCommitWithCloseContainerException" classname="org.apache.hadoop.ozone.client.rpc.TestBlockOutputStreamWithFailures" time="35.869"/>
  <testcase name="testExceptionDuringClose" classname="org.apache.hadoop.ozone.client.rpc.TestBlockOutputStreamWithFailures" time="38.016"/>
</testsuite>